		Time			Cycle	PC		Insn	Decoded instruction	Register and memory contents
         65.000 ns	         5	80000000	f14022f3	csrrs	x5,mhartid,x0	  x0:0x00000000  x5=0xffffff14
         75.000 ns	         6	80000004	00000313	addi	x6,x0,0	  x0:0x00000000  x6=0x00000000
         85.000 ns	         7	80000008	00628263	beq	x5,x6,8000000c	  x5:0x00000000  x6:0x00000000
         95.000 ns	         8	8000000c	00000d97	auipc	x27,0x0	 x27=0x8000000c
        105.000 ns	         9	80000010	00cd8d93	addi	x27,x27,12	 x27:0x00000000 x27=0x80000018
        115.000 ns	        10	80000014	000d8067	jalr	x0,x27,0	 x27:0x00000000
        165.000 ns	        15	80000018	40001c37	lui	x24,0x40001	 x24=0x40001000
        175.000 ns	        16	8000001c	120c0c13	addi	x24,x24,288	 x24:0x00000000 x24=0x40001120
        185.000 ns	        17	80000020	301c1073	csrrw	x0,misa,x24	 x24:0x00000000
        195.000 ns	        18	80000024	00041e17	auipc	x28,0x41	 x28=0x80041024
        205.000 ns	        19	80000028	000e0e13	addi	x28,x28,0	 x28:0x00000000 x28=0x80041024
        215.000 ns	        20	8000002c	0000bc17	auipc	x24,0xb	 x24=0x8000b02c
        225.000 ns	        21	80000030	8b4c0c13	addi	x24,x24,-1868	 x24:0x40001120 x24=0x8000a8e0
        235.000 ns	        22	80000034	001c6c13	ori	x24,x24,1	 x24:0x40001120 x24=0x8000a8e1
        245.000 ns	        23	80000038	305c1073	csrrw	x0,mtvec,x24	 x24:0x8000b02c
        255.000 ns	        24	8000003c	00000c17	auipc	x24,0x0	 x24=0x8000003c
        265.000 ns	        25	80000040	028c0c13	addi	x24,x24,40	 x24:0x8000a8e1 x24=0x80000064
        275.000 ns	        26	80000044	341c1073	csrrw	x0,mepc,x24	 x24:0x8000a8e1
        285.000 ns	        27	80000048	00000013	addi	x0,x0,0	  x0:0x00000000
        295.000 ns	        28	8000004c	00004c37	lui	x24,0x4	 x24=0x00004000
        305.000 ns	        29	80000050	800c0c13	addi	x24,x24,-2048	 x24:0x80000064 x24=0x00003800
        315.000 ns	        30	80000054	300c1073	csrrw	x0,mstatus,x24	 x24:0x80000064
        325.000 ns	        31	80000058	00000c13	addi	x24,x0,0	  x0:0x00000000 x24=0x00000000
        335.000 ns	        32	8000005c	304c1073	csrrw	x0,mie,x24	 x24:0x00003800
        345.000 ns	        33	80000060	30200073	mret	
        355.000 ns	        34	80000064	0054cc37	lui	x24,0x54c	 x24=0x0054c000
        365.000 ns	        35	80000068	5c3c0c13	addi	x24,x24,1475	 x24:0x00000000 x24=0x0054c5c3
        385.000 ns	        37	8000006c	f00c0053	fmv.w.x	f0,x24	 x24:0x00000000  f0=0x0054c5c3
        405.000 ns	        39	80000070	7f800c37	lui	x24,0x7f800	 x24=0x7f800000
        425.000 ns	        41	80000074	f00c00d3	fmv.w.x	f1,x24	 x24:0x0054c5c3  f1=0x7f800000
        445.000 ns	        43	80000078	ff800c37	lui	x24,0xff800	 x24=0xff800000
        465.000 ns	        45	8000007c	f00c0153	fmv.w.x	f2,x24	 x24:0x7f800000  f2=0xff800000
        485.000 ns	        47	80000080	0031fc37	lui	x24,0x31f	 x24=0x0031f000
        495.000 ns	        48	80000084	4ffc0c13	addi	x24,x24,1279	 x24:0xff800000 x24=0x0031f4ff
        515.000 ns	        50	80000088	f00c01d3	fmv.w.x	f3,x24	 x24:0xff800000  f3=0x0031f4ff
        535.000 ns	        52	8000008c	8b687c37	lui	x24,0x8b687	 x24=0x8b687000
        545.000 ns	        53	80000090	bd7c0c13	addi	x24,x24,-1065	 x24:0x0031f4ff x24=0x8b686bd7
        565.000 ns	        55	80000094	f00c0253	fmv.w.x	f4,x24	 x24:0x0031f4ff  f4=0x8b686bd7
        585.000 ns	        57	80000098	ff800c37	lui	x24,0xff800	 x24=0xff800000
        595.000 ns	        58	8000009c	fffc0c13	addi	x24,x24,-1	 x24:0x8b686bd7 x24=0xff7fffff
        615.000 ns	        60	800000a0	f00c02d3	fmv.w.x	f5,x24	 x24:0x8b686bd7  f5=0xff7fffff
        635.000 ns	        62	800000a4	80000c37	lui	x24,0x80000	 x24=0x80000000
        655.000 ns	        64	800000a8	f00c0353	fmv.w.x	f6,x24	 x24:0xff7fffff  f6=0x80000000
        675.000 ns	        66	800000ac	7f800c37	lui	x24,0x7f800	 x24=0x7f800000
        685.000 ns	        67	800000b0	001c0c13	addi	x24,x24,1	 x24:0x80000000 x24=0x7f800001
        705.000 ns	        69	800000b4	f00c03d3	fmv.w.x	f7,x24	 x24:0x80000000  f7=0x7f800001
        725.000 ns	        71	800000b8	9ab1fc37	lui	x24,0x9ab1f	 x24=0x9ab1f000
        735.000 ns	        72	800000bc	47fc0c13	addi	x24,x24,1151	 x24:0x7f800001 x24=0x9ab1f47f
        755.000 ns	        74	800000c0	f00c0453	fmv.w.x	f8,x24	 x24:0x7f800001  f8=0x9ab1f47f
        775.000 ns	        76	800000c4	7f800c37	lui	x24,0x7f800	 x24=0x7f800000
        785.000 ns	        77	800000c8	fffc0c13	addi	x24,x24,-1	 x24:0x9ab1f47f x24=0x7f7fffff
        805.000 ns	        79	800000cc	f00c04d3	fmv.w.x	f9,x24	 x24:0x9ab1f47f  f9=0x7f7fffff
        825.000 ns	        81	800000d0	7f800c37	lui	x24,0x7f800	 x24=0x7f800000
        845.000 ns	        83	800000d4	f00c0553	fmv.w.x	f10,x24	 x24:0x7f7fffff f10=0x7f800000
        865.000 ns	        85	800000d8	00000c13	addi	x24,x0,0	  x0:0x00000000 x24=0x00000000
        885.000 ns	        87	800000dc	f00c05d3	fmv.w.x	f11,x24	 x24:0x7f800000 f11=0x00000000
        905.000 ns	        89	800000e0	e35b0c37	lui	x24,0xe35b0	 x24=0xe35b0000
        915.000 ns	        90	800000e4	8e4c0c13	addi	x24,x24,-1820	 x24:0x00000000 x24=0xe35af8e4
        935.000 ns	        92	800000e8	f00c0653	fmv.w.x	f12,x24	 x24:0x00000000 f12=0xe35af8e4
        955.000 ns	        94	800000ec	aaba9c37	lui	x24,0xaaba9	 x24=0xaaba9000
        965.000 ns	        95	800000f0	2b5c0c13	addi	x24,x24,693	 x24:0xe35af8e4 x24=0xaaba92b5
        985.000 ns	        97	800000f4	f00c06d3	fmv.w.x	f13,x24	 x24:0xe35af8e4 f13=0xaaba92b5
       1005.000 ns	        99	800000f8	7fc00c37	lui	x24,0x7fc00	 x24=0x7fc00000
       1025.000 ns	       101	800000fc	f00c0753	fmv.w.x	f14,x24	 x24:0xaaba92b5 f14=0x7fc00000
       1045.000 ns	       103	80000100	ff800c37	lui	x24,0xff800	 x24=0xff800000
       1055.000 ns	       104	80000104	fffc0c13	addi	x24,x24,-1	 x24:0x7fc00000 x24=0xff7fffff
       1075.000 ns	       106	80000108	f00c07d3	fmv.w.x	f15,x24	 x24:0x7fc00000 f15=0xff7fffff
       1095.000 ns	       108	8000010c	4f260c37	lui	x24,0x4f260	 x24=0x4f260000
       1105.000 ns	       109	80000110	783c0c13	addi	x24,x24,1923	 x24:0xff7fffff x24=0x4f260783
       1125.000 ns	       111	80000114	f00c0853	fmv.w.x	f16,x24	 x24:0xff7fffff f16=0x4f260783
       1145.000 ns	       113	80000118	7f800c37	lui	x24,0x7f800	 x24=0x7f800000
       1155.000 ns	       114	8000011c	fffc0c13	addi	x24,x24,-1	 x24:0x4f260783 x24=0x7f7fffff
       1175.000 ns	       116	80000120	f00c08d3	fmv.w.x	f17,x24	 x24:0x4f260783 f17=0x7f7fffff
       1195.000 ns	       118	80000124	ff800c37	lui	x24,0xff800	 x24=0xff800000
       1215.000 ns	       120	80000128	f00c0953	fmv.w.x	f18,x24	 x24:0x7f7fffff f18=0xff800000
       1235.000 ns	       122	8000012c	97ab7c37	lui	x24,0x97ab7	 x24=0x97ab7000
       1245.000 ns	       123	80000130	3aac0c13	addi	x24,x24,938	 x24:0xff800000 x24=0x97ab73aa
       1265.000 ns	       125	80000134	f00c09d3	fmv.w.x	f19,x24	 x24:0xff800000 f19=0x97ab73aa
       1285.000 ns	       127	80000138	ff800c37	lui	x24,0xff800	 x24=0xff800000
       1305.000 ns	       129	8000013c	f00c0a53	fmv.w.x	f20,x24	 x24:0x97ab73aa f20=0xff800000
       1325.000 ns	       131	80000140	7f800c37	lui	x24,0x7f800	 x24=0x7f800000
       1335.000 ns	       132	80000144	fffc0c13	addi	x24,x24,-1	 x24:0xff800000 x24=0x7f7fffff
       1355.000 ns	       134	80000148	f00c0ad3	fmv.w.x	f21,x24	 x24:0xff800000 f21=0x7f7fffff
       1375.000 ns	       136	8000014c	ff800c37	lui	x24,0xff800	 x24=0xff800000
       1385.000 ns	       137	80000150	fffc0c13	addi	x24,x24,-1	 x24:0x7f7fffff x24=0xff7fffff
       1405.000 ns	       139	80000154	f00c0b53	fmv.w.x	f22,x24	 x24:0x7f7fffff f22=0xff7fffff
       1425.000 ns	       141	80000158	7f800c37	lui	x24,0x7f800	 x24=0x7f800000
       1445.000 ns	       143	8000015c	f00c0bd3	fmv.w.x	f23,x24	 x24:0xff7fffff f23=0x7f800000
       1465.000 ns	       145	80000160	c1b60c37	lui	x24,0xc1b60	 x24=0xc1b60000
       1475.000 ns	       146	80000164	f11c0c13	addi	x24,x24,-239	 x24:0x7f800000 x24=0xc1b5ff11
       1495.000 ns	       148	80000168	f00c0c53	fmv.w.x	f24,x24	 x24:0x7f800000 f24=0xc1b5ff11
       1515.000 ns	       150	8000016c	7f800c37	lui	x24,0x7f800	 x24=0x7f800000
       1525.000 ns	       151	80000170	fffc0c13	addi	x24,x24,-1	 x24:0xc1b5ff11 x24=0x7f7fffff
       1545.000 ns	       153	80000174	f00c0cd3	fmv.w.x	f25,x24	 x24:0xc1b5ff11 f25=0x7f7fffff
       1565.000 ns	       155	80000178	7f800c37	lui	x24,0x7f800	 x24=0x7f800000
       1585.000 ns	       157	8000017c	f00c0d53	fmv.w.x	f26,x24	 x24:0x7f7fffff f26=0x7f800000
       1605.000 ns	       159	80000180	52bd5c37	lui	x24,0x52bd5	 x24=0x52bd5000
       1615.000 ns	       160	80000184	ccfc0c13	addi	x24,x24,-817	 x24:0x7f800000 x24=0x52bd4ccf
       1635.000 ns	       162	80000188	f00c0dd3	fmv.w.x	f27,x24	 x24:0x7f800000 f27=0x52bd4ccf
       1655.000 ns	       164	8000018c	f3afcc37	lui	x24,0xf3afc	 x24=0xf3afc000
       1665.000 ns	       165	80000190	0b1c0c13	addi	x24,x24,177	 x24:0x52bd4ccf x24=0xf3afc0b1
       1685.000 ns	       167	80000194	f00c0e53	fmv.w.x	f28,x24	 x24:0x52bd4ccf f28=0xf3afc0b1
       1705.000 ns	       169	80000198	80000c37	lui	x24,0x80000	 x24=0x80000000
       1725.000 ns	       171	8000019c	f00c0ed3	fmv.w.x	f29,x24	 x24:0xf3afc0b1 f29=0x80000000
       1745.000 ns	       173	800001a0	ff800c37	lui	x24,0xff800	 x24=0xff800000
       1755.000 ns	       174	800001a4	fffc0c13	addi	x24,x24,-1	 x24:0x80000000 x24=0xff7fffff
       1775.000 ns	       176	800001a8	f00c0f53	fmv.w.x	f30,x24	 x24:0x80000000 f30=0xff7fffff
       1795.000 ns	       178	800001ac	7f800c37	lui	x24,0x7f800	 x24=0x7f800000
       1815.000 ns	       180	800001b0	f00c0fd3	fmv.w.x	f31,x24	 x24:0xff7fffff f31=0x7f800000
       1835.000 ns	       182	800001b4	0021d073	csrrwi	x0,frm,3	
       1845.000 ns	       183	800001b8	f3fcd037	lui	x0,0xf3fcd	
       1855.000 ns	       184	800001bc	de100013	addi	x0,x0,-543	  x0:0x00000000
       1865.000 ns	       185	800001c0	00700093	addi	x1,x0,7	  x0:0x00000000  x1=0x00000007
       1875.000 ns	       186	800001c4	00a00113	addi	x2,x0,10	  x0:0x00000000  x2=0x0000000a
       1885.000 ns	       187	800001c8	00000193	addi	x3,x0,0	  x0:0x00000000  x3=0x00000000
       1895.000 ns	       188	800001cc	00600213	addi	x4,x0,6	  x0:0x00000000  x4=0x00000006
       1905.000 ns	       189	800001d0	00d00293	addi	x5,x0,13	  x0:0x00000000  x5=0x0000000d
       1915.000 ns	       190	800001d4	80000337	lui	x6,0x80000	  x6=0x80000000
       1925.000 ns	       191	800001d8	800003b7	lui	x7,0x80000	  x7=0x80000000
       1935.000 ns	       192	800001dc	00000413	addi	x8,x0,0	  x0:0x00000000  x8=0x00000000
       1945.000 ns	       193	800001e0	ff6eb4b7	lui	x9,0xff6eb	  x9=0xff6eb000
       1955.000 ns	       194	800001e4	65048493	addi	x9,x9,1616	  x9:0x00000000  x9=0xff6eb650
       1965.000 ns	       195	800001e8	54da0537	lui	x10,0x54da0	 x10=0x54da0000
       1975.000 ns	       196	800001ec	0bd50513	addi	x10,x10,189	 x10:0x00000000 x10=0x54da00bd
       1985.000 ns	       197	800001f0	961e55b7	lui	x11,0x961e5	 x11=0x961e5000
       1995.000 ns	       198	800001f4	11458593	addi	x11,x11,276	 x11:0x00000000 x11=0x961e5114
       2005.000 ns	       199	800001f8	0e93a637	lui	x12,0xe93a	 x12=0x0e93a000
       2015.000 ns	       200	800001fc	d0760613	addi	x12,x12,-761	 x12:0x00000000 x12=0x0e939d07
       2025.000 ns	       201	80000200	66b666b7	lui	x13,0x66b66	 x13=0x66b66000
       2035.000 ns	       202	80000204	23968693	addi	x13,x13,569	 x13:0x00000000 x13=0x66b66239
       2045.000 ns	       203	80000208	fd0d4737	lui	x14,0xfd0d4	 x14=0xfd0d4000
       2055.000 ns	       204	8000020c	09170713	addi	x14,x14,145	 x14:0x00000000 x14=0xfd0d4091
       2065.000 ns	       205	80000210	00400793	addi	x15,x0,4	  x0:0x00000000 x15=0x00000004
       2075.000 ns	       206	80000214	fbe34837	lui	x16,0xfbe34	 x16=0xfbe34000
       2085.000 ns	       207	80000218	d4980813	addi	x16,x16,-695	 x16:0x00000000 x16=0xfbe33d49
       2095.000 ns	       208	8000021c	00700893	addi	x17,x0,7	  x0:0x00000000 x17=0x00000007
       2105.000 ns	       209	80000220	00100913	addi	x18,x0,1	  x0:0x00000000 x18=0x00000001
       2115.000 ns	       210	80000224	fea6a9b7	lui	x19,0xfea6a	 x19=0xfea6a000
       2125.000 ns	       211	80000228	14b98993	addi	x19,x19,331	 x19:0x00000000 x19=0xfea6a14b
       2135.000 ns	       212	8000022c	00400a13	addi	x20,x0,4	  x0:0x00000000 x20=0x00000004
       2145.000 ns	       213	80000230	00500a93	addi	x21,x0,5	  x0:0x00000000 x21=0x00000005
       2155.000 ns	       214	80000234	00600b13	addi	x22,x0,6	  x0:0x00000000 x22=0x00000006
       2165.000 ns	       215	80000238	80000c37	lui	x24,0x80000	 x24=0x80000000
       2175.000 ns	       216	8000023c	eeb00cb7	lui	x25,0xeeb00	 x25=0xeeb00000
       2185.000 ns	       217	80000240	390c8c93	addi	x25,x25,912	 x25:0x00000000 x25=0xeeb00390
       2195.000 ns	       218	80000244	80000d37	lui	x26,0x80000	 x26=0x80000000
       2205.000 ns	       219	80000248	f1937db7	lui	x27,0xf1937	 x27=0xf1937000
       2215.000 ns	       220	8000024c	e1bd8d93	addi	x27,x27,-485	 x27:0x80000018 x27=0xf1936e1b
       2225.000 ns	       221	80000250	00100e93	addi	x29,x0,1	  x0:0x00000000 x29=0x00000001
       2235.000 ns	       222	80000254	00000f13	addi	x30,x0,0	  x0:0x00000000 x30=0x00000000
       2245.000 ns	       223	80000258	80000fb7	lui	x31,0x80000	 x31=0x80000000
       2255.000 ns	       224	8000025c	00041b97	auipc	x23,0x41	 x23=0x8004125c
       2265.000 ns	       225	80000260	d88b8b93	addi	x23,x23,-632	 x23:0x00000000 x23=0x80040fe4
       2275.000 ns	       226	80000264	0169f133	and	x2,x19,x22	 x19:0xfea6a14b x22:0x00000006  x2=0x00000002
       2295.000 ns	       228	80000268	02b18b33	mul	x22,x3,x11	  x3:0x00000000 x11:0x961e5114 x22=0x00000000
       2325.000 ns	       231	8000026c	c0190053	fcvt.wu.s	x0,f18	 f18:0xff800000
       2345.000 ns	       233	80000270	3727f6b7	lui	x13,0x3727f	 x13=0x3727f000
       2355.000 ns	       234	80000274	00b6f633	and	x12,x13,x11	 x13:0x66b66239 x11:0x961e5114 x12=0x16065000
       2365.000 ns	       235	80000278	75efe113	ori	x2,x31,1886	 x31:0x80000000  x2=0x8000075e
       2725.000 ns	       271	8000027c	0254dab3	divu	x21,x9,x5	  x9:0xff6eb650  x5:0x0000000d x21=0x13a60e06
       2755.000 ns	       274	80000280	a0f59553	flt.s	x10,f11,f15	 f11:0x00000000 f15:0xff7fffff x10=0x00000000
       2785.000 ns	       277	80000284	29999253	fmax.s	f4,f19,f25	 f19:0x97ab73aa f25:0x7f7fffff  f4=0x7f7fffff
       2815.000 ns	       280	80000288	a17b2c53	feq.s	x24,f22,f23	 f22:0xff7fffff f23:0x7f800000 x24=0x00000000
       2835.000 ns	       282	8000028c	01aa0033	add	x0,x20,x26	 x20:0x00000004 x26:0x80000000
       2855.000 ns	       284	80000290	21a2aa53	fsgnjx.s	f20,f5,f26	  f5:0xff7fffff f26:0x7f800000 f20=0xff7fffff
       2885.000 ns	       287	80000294	21a41f53	fsgnjn.s	f30,f8,f26	  f8:0x9ab1f47f f26:0x7f800000 f30=0x9ab1f47f
       2905.000 ns	       289	80000298	00000013	addi	x0,x0,0	  x0:0x00000000
       2915.000 ns	       290	8000029c	1e1a2013	slti	x0,x20,481	 x20:0x00000004
       2935.000 ns	       292	800002a0	29931ed3	fmax.s	f29,f6,f25	  f6:0x80000000 f25:0x7f7fffff f29=0x7f7fffff
       2955.000 ns	       294	800002a4	0046dfb3	srl	x31,x13,x4	 x13:0x3727f000  x4:0x00000006 x31=0x00dc9fc0
       3315.000 ns	       330	800002a8	02be73b3	remu	x7,x28,x11	 x28:0x80041024 x11:0x961e5114  x7=0x80041024
       3345.000 ns	       333	800002ac	02d702b3	mul	x5,x14,x13	 x14:0xfd0d4091 x13:0x3727f000  x5=0x699ef000
       3365.000 ns	       335	800002b0	40b85013	srai	x0,x16,0xb	 x16:0xfbe33d49
       3405.000 ns	       339	800002b4	01fec753	fadd.s	f14,f29,f31	 f29:0x7f7fffff f31:0x7f800000 f14=0x7f800000
       3425.000 ns	       341	800002b8	01991493	slli	x9,x18,0x19	 x18:0x00000001  x9=0x02000000
       3755.000 ns	       374	800002bc	191473d3	fdiv.s	f7,f8,f17	  f8:0x9ab1f47f f17:0x7f7fffff  f7=0xff800000
       3785.000 ns	       377	800002c0	0203a133	mulhsu	x2,x7,x0	  x7:0x80041024  x0:0x00000000  x2=0x00000000
       3815.000 ns	       380	800002c4	e0079ad3	fclass.s	x21,f15	 f15:0xff7fffff x21=0x00000002
       3845.000 ns	       383	800002c8	d0099353	fcvt.s.w	f6,x19	 x19:0xfea6a14b  f6=0xcbacaf5a
       3865.000 ns	       385	800002cc	007fbc13	sltiu	x24,x31,7	 x31:0x00dc9fc0 x24=0x00000000
       3875.000 ns	       386	800002d0	a2e1a793	slti	x15,x3,-1490	  x3:0x00000000 x15=0x00000000
       3905.000 ns	       389	800002d4	5809fcd3	fsqrt.s	f25,f19	 f19:0x97ab73aa f25=0x7fc00000
       3955.000 ns	       394	800002d8	09d6cad3	fsub.s	f21,f13,f29	 f13:0xaaba92b5 f29:0x7f7fffff f21=0xff7fffff
       4325.000 ns	       431	800002dc	030a4c33	div	x24,x20,x16	 x20:0x00000004 x16:0xfbe33d49 x24=0x00000000
       4345.000 ns	       433	800002e0	00000013	addi	x0,x0,0	  x0:0x00000000
       4365.000 ns	       435	800002e4	a01826d3	feq.s	x13,f16,f1	 f16:0x4f260783  f1:0x7f800000 x13=0x00000000
       4385.000 ns	       437	800002e8	00f75513	srli	x10,x14,0xf	 x14:0xfd0d4091 x10=0x0001fa1a
       4395.000 ns	       438	800002ec	4102deb3	sra	x29,x5,x16	  x5:0x699ef000 x16:0xfbe33d49 x29=0x0034cf78
       4405.000 ns	       439	800002f0	ea9dac13	slti	x24,x27,-343	 x27:0xf1936e1b x24=0x00000001
       4445.000 ns	       443	800002f4	008991d3	fadd.s	f3,f19,f8	 f19:0x97ab73aa  f8:0x9ab1f47f  f3=0x9ab4a24d
       4485.000 ns	       447	800002f8	1103f953	fmul.s	f18,f7,f16	  f7:0xff800000 f16:0x4f260783 f18=0xff800000
       4515.000 ns	       450	800002fc	21379653	fsgnjn.s	f12,f15,f19	 f15:0xff7fffff f19:0x97ab73aa f12=0x7f7fffff
       4535.000 ns	       452	80000300	019819b3	sll	x19,x16,x25	 x16:0xfbe33d49 x25:0xeeb00390 x19=0x3d490000
       4555.000 ns	       454	80000304	03e83233	mulhu	x4,x16,x30	 x16:0xfbe33d49 x30:0x00000000  x4=0x00000000
       4575.000 ns	       456	80000308	11970413	addi	x8,x14,281	 x14:0xfd0d4091  x8=0xfd0d41aa
       4585.000 ns	       457	8000030c	00d47733	and	x14,x8,x13	  x8:0x00000000 x13:0x00000000 x14=0x00000000
       4605.000 ns	       459	80000310	e0060b53	fmv.x.w	x22,f12	 f12:0x7f7fffff x22=0x7f7fffff
       4645.000 ns	       463	80000314	1097c053	fmul.s	f0,f15,f9	 f15:0xff7fffff  f9:0x7f7fffff  f0=0xff800000
       4665.000 ns	       465	80000318	4b05ba93	sltiu	x21,x11,1200	 x11:0x961e5114 x21=0x00000000
       5025.000 ns	       501	8000031c	034a4233	div	x4,x20,x20	 x20:0x00000004 x20:0x00000004  x4=0x00000001
       5065.000 ns	       505	80000320	580fced3	fsqrt.s	f29,f31	 f31:0x7f800000 f29=0x7f800000
       5085.000 ns	       507	80000324	3c570113	addi	x2,x14,965	 x14:0x00000000  x2=0x000003c5
       5095.000 ns	       508	80000328	b5412d13	slti	x26,x2,-1196	  x2:0x00000000 x26=0x00000000
       5105.000 ns	       509	8000032c	00293f33	sltu	x30,x18,x2	 x18:0x00000001  x2:0x00000000 x30=0x00000001
       5115.000 ns	       510	80000330	00401693	slli	x13,x0,0x4	  x0:0x00000000 x13=0x00000000
       5125.000 ns	       511	80000334	012059b3	srl	x19,x0,x18	  x0:0x00000000 x18:0x00000001 x19=0x00000000
       5145.000 ns	       513	80000338	d00d72d3	fcvt.s.w	f5,x26	 x26:0x00000000  f5=0x00000000
       5165.000 ns	       515	8000033c	00a7d6b3	srl	x13,x15,x10	 x15:0x00000000 x10:0x0001fa1a x13=0x00000000
       5185.000 ns	       517	80000340	28b102d3	fmin.s	f5,f2,f11	  f2:0xff800000 f11:0x00000000  f5=0xff800000
       5215.000 ns	       520	80000344	020aaf33	mulhsu	x30,x21,x0	 x21:0x00000000  x0:0x00000000 x30=0x00000000
       5235.000 ns	       522	80000348	01490b33	add	x22,x18,x20	 x18:0x00000001 x20:0x00000004 x22=0x00000005
       5255.000 ns	       524	8000034c	02a89633	mulh	x12,x17,x10	 x17:0x00000007 x10:0x0001fa1a x12=0x00000000
       5275.000 ns	       526	80000350	9ad98917	auipc	x18,0x9ad98	 x18=0x1ad98350
       5285.000 ns	       527	80000354	40ae5813	srai	x16,x28,0xa	 x28:0x80041024 x16=0xffe00104
       5295.000 ns	       528	80000358	41dd5993	srai	x19,x26,0x1d	 x26:0x00000000 x19=0x00000000
       5305.000 ns	       529	8000035c	01db9413	slli	x8,x23,0x1d	 x23:0x80040fe4  x8=0x80000000
       5315.000 ns	       530	80000360	eb964913	xori	x18,x12,-327	 x12:0x00000000 x18=0xfffffeb9
       5345.000 ns	       533	80000364	1062f253	fmul.s	f4,f5,f6	  f5:0xff800000  f6:0xcbacaf5a  f4=0x7f800000
       5375.000 ns	       536	80000368	035d34b3	mulhu	x9,x26,x21	 x26:0x00000000 x21:0x00000000  x9=0x00000000
       5405.000 ns	       539	8000036c	03a0df33	divu	x30,x1,x26	  x1:0x00000007 x26:0x00000000 x30=0xffffffff
       5425.000 ns	       541	80000370	d86ebd13	sltiu	x26,x29,-634	 x29:0x0034cf78 x26=0x00000001
       5435.000 ns	       542	80000374	018b2333	slt	x6,x22,x24	 x22:0x00000005 x24:0x00000001  x6=0x00000000
       5445.000 ns	       543	80000378	01451613	slli	x12,x10,0x14	 x10:0x0001fa1a x12=0xa1a00000
       5455.000 ns	       544	8000037c	00000013	addi	x0,x0,0	  x0:0x00000000
       5465.000 ns	       545	80000380	01c110b3	sll	x1,x2,x28	  x2:0x000003c5 x28:0x80041024  x1=0x00003c50
       5475.000 ns	       546	80000384	00000013	addi	x0,x0,0	  x0:0x00000000
       5485.000 ns	       547	80000388	003f7233	and	x4,x30,x3	 x30:0xffffffff  x3:0x00000000  x4=0x00000000
       5505.000 ns	       549	8000038c	219b14d3	fsgnjn.s	f9,f22,f25	 f22:0xff7fffff f25:0x7fc00000  f9=0xff7fffff
       5535.000 ns	       552	80000390	a14e1553	flt.s	x10,f28,f20	 f28:0xf3afc0b1 f20:0xff7fffff x10=0x00000000
       5565.000 ns	       555	80000394	202e2753	fsgnjx.s	f14,f28,f2	 f28:0xf3afc0b1  f2:0xff800000 f14=0x73afc0b1
       5585.000 ns	       557	80000398	8d053c93	sltiu	x25,x10,-1840	 x10:0x00000000 x25=0x00000001
       5605.000 ns	       559	8000039c	a07e18d3	flt.s	x17,f28,f7	 f28:0xf3afc0b1  f7:0xff800000 x17=0x00000000
       5635.000 ns	       562	800003a0	02e592b3	mulh	x5,x11,x14	 x11:0x961e5114 x14:0x00000000  x5=0x00000000
       5665.000 ns	       565	800003a4	205e09d3	fsgnj.s	f19,f28,f5	 f28:0xf3afc0b1  f5:0xff800000 f19=0xf3afc0b1
       5685.000 ns	       567	800003a8	311a4293	xori	x5,x20,785	 x20:0x00000004  x5=0x00000315
       5695.000 ns	       568	800003ac	ad127ab7	lui	x21,0xad127	 x21=0xad127000
       6055.000 ns	       604	800003b0	03e56133	rem	x2,x10,x30	 x10:0x00000000 x30:0xffffffff  x2=0x00000000
       6085.000 ns	       607	800003b4	e00499d3	fclass.s	x19,f9	  f9:0xff7fffff x19=0x00000002
       6115.000 ns	       610	800003b8	a0f01253	flt.s	x4,f0,f15	  f0:0xff800000 f15:0xff7fffff  x4=0x00000001
       6145.000 ns	       613	800003bc	032c1633	mulh	x12,x24,x18	 x24:0x00000001 x18:0xfffffeb9 x12=0xffffffff
       6165.000 ns	       615	800003c0	635f7713	andi	x14,x30,1589	 x30:0xffffffff x14=0x00000635
       6195.000 ns	       618	800003c4	1090fb53	fmul.s	f22,f1,f9	  f1:0x7f800000  f9:0xff7fffff f22=0xff800000
       6215.000 ns	       620	800003c8	01d25b33	srl	x22,x4,x29	  x4:0x00000001 x29:0x0034cf78 x22=0x00000000
       6225.000 ns	       621	800003cc	6bb37913	andi	x18,x6,1723	  x6:0x00000000 x18=0x00000000
       6235.000 ns	       622	800003d0	01b163b3	or	x7,x2,x27	  x2:0x00000000 x27:0xf1936e1b  x7=0xf1936e1b
       6245.000 ns	       623	800003d4	01e35c13	srli	x24,x6,0x1e	  x6:0x00000000 x24=0x00000000
       6265.000 ns	       625	800003d8	213da4d3	fsgnjx.s	f9,f27,f19	 f27:0x52bd4ccf f19:0xf3afc0b1  f9=0xd2bd4ccf
       6285.000 ns	       627	800003dc	c16c6b13	ori	x22,x24,-1002	 x24:0x00000001 x22=0xfffffc16
       6305.000 ns	       629	800003e0	20fa0953	fsgnj.s	f18,f20,f15	 f20:0xff7fffff f15:0xff7fffff f18=0xff7fffff
       6325.000 ns	       631	800003e4	40690a33	sub	x20,x18,x6	 x18:0x00000000  x6:0x00000000 x20=0x00000000
       6365.000 ns	       635	800003e8	01fdb353	fadd.s	f6,f27,f31	 f27:0x52bd4ccf f31:0x7f800000  f6=0x7f800000
       6395.000 ns	       638	800003ec	29bb8ad3	fmin.s	f21,f23,f27	 f23:0x7f800000 f27:0x52bd4ccf f21=0x52bd4ccf
       6415.000 ns	       640	800003f0	017c8d33	add	x26,x25,x23	 x25:0x00000001 x23:0x80040fe4 x26=0x80040fe5
       6435.000 ns	       642	800003f4	02a3b633	mulhu	x12,x7,x10	  x7:0xf1936e1b x10:0x00000000 x12=0x00000000
       6455.000 ns	       644	800003f8	66ad9a97	auipc	x21,0x66ad9	 x21=0xe6ad93f8
       6465.000 ns	       645	800003fc	01ad9a13	slli	x20,x27,0x1a	 x27:0xf1936e1b x20=0x6c000000
       6485.000 ns	       647	80000400	205d94d3	fsgnjn.s	f9,f27,f5	 f27:0x52bd4ccf  f5:0xff800000  f9=0x52bd4ccf
       6515.000 ns	       650	80000404	20631ad3	fsgnjn.s	f21,f6,f6	  f6:0x7f800000  f6:0x7f800000 f21=0xff800000
       6535.000 ns	       652	80000408	5c8fb917	auipc	x18,0x5c8fb	 x18=0xdc8fb408
       6555.000 ns	       654	8000040c	a0d59253	flt.s	x4,f11,f13	 f11:0x00000000 f13:0xaaba92b5  x4=0x00000000
       6575.000 ns	       656	80000410	012c85b3	add	x11,x25,x18	 x25:0x00000001 x18:0x00000000 x11=0xdc8fb409
       6595.000 ns	       658	80000414	03c228b3	mulhsu	x17,x4,x28	  x4:0x00000000 x28:0x80041024 x17=0x00000000
       6965.000 ns	       695	80000418	03ab4133	div	x2,x22,x26	 x22:0xfffffc16 x26:0x80040fe5  x2=0x00000000
       6985.000 ns	       697	8000041c	534e3a93	sltiu	x21,x28,1332	 x28:0x80041024 x21=0x00000000
       7005.000 ns	       699	80000420	a1fd0953	fle.s	x18,f26,f31	 f26:0x7f800000 f31:0x7f800000 x18=0x00000001
       7025.000 ns	       701	80000424	4107da93	srai	x21,x15,0x10	 x15:0x00000000 x21=0x00000000
       7035.000 ns	       702	80000428	01434633	xor	x12,x6,x20	  x6:0x00000000 x20:0x6c000000 x12=0x6c000000
       7055.000 ns	       704	8000042c	29ec0c53	fmin.s	f24,f24,f30	 f24:0xc1b5ff11 f30:0x9ab1f47f f24=0xc1b5ff11
       7075.000 ns	       706	80000430	0095b233	sltu	x4,x11,x9	 x11:0xdc8fb409  x9:0x00000000  x4=0x00000000
       7095.000 ns	       708	80000434	d0127053	fcvt.s.wu	f0,x4	  x4:0x00000000  f0=0x00000000
       7465.000 ns	       745	80000438	033ed533	divu	x10,x29,x19	 x29:0x0034cf78 x19:0x00000002 x10=0x001a67bc
       7485.000 ns	       747	8000043c	00000013	addi	x0,x0,0	  x0:0x00000000
       7495.000 ns	       748	80000440	223ef097	auipc	x1,0x223ef	  x1=0xa23ef440
       7505.000 ns	       749	80000444	0f837e97	auipc	x29,0xf837	 x29=0x8f837444
       7525.000 ns	       751	80000448	29d90fd3	fmin.s	f31,f18,f29	 f18:0xff7fffff f29:0x7f800000 f31=0xff7fffff
       7545.000 ns	       753	8000044c	018cd933	srl	x18,x25,x24	 x25:0x00000001 x24:0x00000000 x18=0x00000001
       7555.000 ns	       754	80000450	00abffb3	and	x31,x23,x10	 x23:0x80040fe4 x10:0x001a67bc x31=0x000007a4
       7565.000 ns	       755	80000454	e9db2013	slti	x0,x22,-355	 x22:0xfffffc16
       7575.000 ns	       756	80000458	00fa5f33	srl	x30,x20,x15	 x20:0x6c000000 x15:0x00000000 x30=0x6c000000
       7585.000 ns	       757	8000045c	01fb5593	srli	x11,x22,0x1f	 x22:0xfffffc16 x11=0x00000001
       7595.000 ns	       758	80000460	00c75493	srli	x9,x14,0xc	 x14:0x00000635  x9=0x00000000
       7605.000 ns	       759	80000464	5dc8cd13	xori	x26,x17,1500	 x17:0x00000000 x26=0x000005dc
       7615.000 ns	       760	80000468	00e5ff33	and	x30,x11,x14	 x11:0x00000001 x14:0x00000635 x30=0x00000001
       7645.000 ns	       763	8000046c	10b2f3d3	fmul.s	f7,f5,f11	  f5:0xff800000 f11:0x00000000  f7=0x7fc00000
       7675.000 ns	       766	80000470	20faa353	fsgnjx.s	f6,f21,f15	 f21:0xff800000 f15:0xff7fffff  f6=0x7f800000
       7705.000 ns	       769	80000474	e00b0753	fmv.x.w	x14,f22	 f22:0xff800000 x14=0xff800000
       8075.000 ns	       806	80000478	03a062b3	rem	x5,x0,x26	  x0:0x00000000 x26:0x000005dc  x5=0x00000000
       8445.000 ns	       843	8000047c	027943b3	div	x7,x18,x7	 x18:0x00000001  x7:0xf1936e1b  x7=0x00000000
       8475.000 ns	       846	80000480	a0e0ad53	feq.s	x26,f1,f14	  f1:0x7f800000 f14:0x73afc0b1 x26=0x00000000
       8505.000 ns	       849	80000484	d0094dd3	fcvt.s.w	f27,x18	 x18:0x00000001 f27=0x3f800000
       8525.000 ns	       851	80000488	01c25d13	srli	x26,x4,0x1c	  x4:0x00000000 x26=0x00000000
       8565.000 ns	       855	8000048c	09a74e53	fsub.s	f28,f14,f26	 f14:0x73afc0b1 f26:0x7f800000 f28=0xff800000
       8585.000 ns	       857	80000490	0fb1bf93	sltiu	x31,x3,251	  x3:0x00000000 x31=0x00000001
       8605.000 ns	       859	80000494	d00d8153	fcvt.s.w	f2,x27	 x27:0xf1936e1b  f2=0xcd66c91e
       8635.000 ns	       862	80000498	031142b3	div	x5,x2,x17	  x2:0x00000000 x17:0x00000000  x5=0xffffffff
       8665.000 ns	       865	8000049c	21da0753	fsgnj.s	f14,f20,f29	 f20:0xff7fffff f29:0x7f800000 f14=0x7f7fffff
       9035.000 ns	       902	800004a0	03474eb3	div	x29,x14,x20	 x14:0xff800000 x20:0x6c000000 x29=0x00000000
       9065.000 ns	       905	800004a4	e00d1353	fclass.s	x6,f26	 f26:0x7f800000  x6=0x00000080
       9085.000 ns	       907	800004a8	012f1413	slli	x8,x30,0x12	 x30:0x00000001  x8=0x00040000
       9095.000 ns	       908	800004ac	005f5f93	srli	x31,x30,0x5	 x30:0x00000001 x31=0x00000000
       9105.000 ns	       909	800004b0	00a9d7b3	srl	x15,x19,x10	 x19:0x00000002 x10:0x001a67bc x15=0x00000000
       9125.000 ns	       911	800004b4	c01b4453	fcvt.wu.s	x8,f22	 f22:0xff800000  x8=0x00000000
       9165.000 ns	       915	800004b8	100ef4d3	fmul.s	f9,f29,f0	 f29:0x7f800000  f0:0x00000000  f9=0x7fc00000
       9185.000 ns	       917	800004bc	01929613	slli	x12,x5,0x19	  x5:0xffffffff x12=0xfe000000
       9195.000 ns	       918	800004c0	00f63eb3	sltu	x29,x12,x15	 x12:0x6c000000 x15:0x00000000 x29=0x00000000
       9555.000 ns	       954	800004c4	02b371b3	remu	x3,x6,x11	  x6:0x00000080 x11:0x00000001  x3=0x00000000
       9595.000 ns	       958	800004c8	184c11d3	fdiv.s	f3,f24,f4	 f24:0xc1b5ff11  f4:0x7f800000  f3=0x80000000
       9625.000 ns	       961	800004cc	d00a12d3	fcvt.s.w	f5,x20	 x20:0x6c000000  f5=0x4ed80000
       9655.000 ns	       964	800004d0	02dc06b3	mul	x13,x24,x13	 x24:0x00000000 x13:0x00000000 x13=0x00000000
       9675.000 ns	       966	800004d4	016ad313	srli	x6,x21,0x16	 x21:0x00000000  x6=0x00000000
       9695.000 ns	       968	800004d8	e0080d53	fmv.x.w	x26,f16	 f16:0x4f260783 x26=0x4f260783
       9725.000 ns	       971	800004dc	03793f33	mulhu	x30,x18,x23	 x18:0x00000001 x23:0x80040fe4 x30=0x00000000
      10095.000 ns	      1008	800004e0	036143b3	div	x7,x2,x22	  x2:0x00000000 x22:0xfffffc16  x7=0x00000000
      10125.000 ns	      1011	800004e4	29cf8e53	fmin.s	f28,f31,f28	 f31:0xff7fffff f28:0xff800000 f28=0xff800000
      10165.000 ns	      1015	800004e8	5803f0d3	fsqrt.s	f1,f7	  f7:0x7fc00000  f1=0x7fc00000
      10185.000 ns	      1017	800004ec	019d7833	and	x16,x26,x25	 x26:0x4f260783 x25:0x00000001 x16=0x00000001
      10205.000 ns	      1019	800004f0	d009fdd3	fcvt.s.w	f27,x19	 x19:0x00000002 f27=0x40000000
      10235.000 ns	      1022	800004f4	208024d3	fsgnjx.s	f9,f0,f8	  f0:0x00000000  f8:0x9ab1f47f  f9=0x80000000
      10255.000 ns	      1024	800004f8	40a880b3	sub	x1,x17,x10	 x17:0x00000000 x10:0x001a67bc  x1=0xffe59844
      10275.000 ns	      1026	800004fc	028e96b3	mulh	x13,x29,x8	 x29:0x00000000  x8:0x00000000 x13=0x00000000
      10305.000 ns	      1029	80000500	215a07d3	fsgnj.s	f15,f20,f21	 f20:0xff7fffff f21:0xff800000 f15=0xff7fffff
      10325.000 ns	      1031	80000504	008e3b33	sltu	x22,x28,x8	 x28:0x80041024  x8:0x00000000 x22=0x00000000
      10335.000 ns	      1032	80000508	00000013	addi	x0,x0,0	  x0:0x00000000
      10355.000 ns	      1034	8000050c	021313b3	mulh	x7,x6,x1	  x6:0x00000000  x1:0xffe59844  x7=0x00000000
      10725.000 ns	      1071	80000510	025848b3	div	x17,x16,x5	 x16:0x00000001  x5:0xffffffff x17=0xffffffff
      10755.000 ns	      1074	80000514	02150133	mul	x2,x10,x1	 x10:0x001a67bc  x1:0xffe59844  x2=0xc3c72df0
      10785.000 ns	      1077	80000518	21c321d3	fsgnjx.s	f3,f6,f28	  f6:0x7f800000 f28:0xff800000  f3=0xff800000
      10835.000 ns	      1082	8000051c	08e482d3	fsub.s	f5,f9,f14	  f9:0x80000000 f14:0x7f7fffff  f5=0xff7fffff
      10855.000 ns	      1084	80000520	dec74613	xori	x12,x14,-532	 x14:0xff800000 x12=0x007ffdec
      10875.000 ns	      1086	80000524	29ab0a53	fmin.s	f20,f22,f26	 f22:0xff800000 f26:0x7f800000 f20=0xff800000
      10895.000 ns	      1088	80000528	0015d8b3	srl	x17,x11,x1	 x11:0x00000001  x1:0xffe59844 x17=0x00000000
      10905.000 ns	      1089	8000052c	936f2293	slti	x5,x30,-1738	 x30:0x00000000  x5=0x00000000
      10925.000 ns	      1091	80000530	02a32533	mulhsu	x10,x6,x10	  x6:0x00000000 x10:0x001a67bc x10=0x00000000
      10955.000 ns	      1094	80000534	028dc9b3	div	x19,x27,x8	 x27:0xf1936e1b  x8:0x00000000 x19=0xffffffff
      10985.000 ns	      1097	80000538	290d1253	fmax.s	f4,f26,f16	 f26:0x7f800000 f16:0x4f260783  f4=0x7f800000
      11025.000 ns	      1101	8000053c	188a02d3	fdiv.s	f5,f20,f8	 f20:0xff800000  f8:0x9ab1f47f  f5=0x7f800000
      11045.000 ns	      1103	80000540	017ca533	slt	x10,x25,x23	 x25:0x00000001 x23:0x80040fe4 x10=0x00000000
      11055.000 ns	      1104	80000544	00000013	addi	x0,x0,0	  x0:0x00000000
      11065.000 ns	      1105	80000548	015e68b3	or	x17,x28,x21	 x28:0x80041024 x21:0x00000000 x17=0x80041024
      11075.000 ns	      1106	8000054c	005478b3	and	x17,x8,x5	  x8:0x00000000  x5:0x00000000 x17=0x00000000
      11085.000 ns	      1107	80000550	a5b38193	addi	x3,x7,-1445	  x7:0x00000000  x3=0xfffffa5b
      11105.000 ns	      1109	80000554	e00b0353	fmv.x.w	x6,f22	 f22:0xff800000  x6=0xff800000
      11125.000 ns	      1111	80000558	fc47ac13	slti	x24,x15,-60	 x15:0x00000000 x24=0x00000000
      11485.000 ns	      1147	8000055c	03befc33	remu	x24,x29,x27	 x29:0x00000000 x27:0xf1936e1b x24=0x00000000
      11515.000 ns	      1150	80000560	207917d3	fsgnjn.s	f15,f18,f7	 f18:0xff7fffff  f7:0x7fc00000 f15=0xff7fffff
      11545.000 ns	      1153	80000564	29eb0753	fmin.s	f14,f22,f30	 f22:0xff800000 f30:0x9ab1f47f f14=0xff800000
      11565.000 ns	      1155	80000568	0066b9b3	sltu	x19,x13,x6	 x13:0x00000000  x6:0xff800000 x19=0x00000001
      11575.000 ns	      1156	8000056c	0084cd33	xor	x26,x9,x8	  x9:0x00000000  x8:0x00000000 x26=0x00000000
      11595.000 ns	      1158	80000570	f0000a53	fmv.w.x	f20,x0	  x0:0x00000000 f20=0x00000000
      11625.000 ns	      1161	80000574	211e1a53	fsgnjn.s	f20,f28,f17	 f28:0xff800000 f17:0x7f7fffff f20=0xff800000
      11645.000 ns	      1163	80000578	c5148493	addi	x9,x9,-943	  x9:0x00000000  x9=0xfffffc51
      11665.000 ns	      1165	8000057c	02929eb3	mulh	x29,x5,x9	  x5:0x00000000  x9:0x00000000 x29=0x00000000
      11695.000 ns	      1168	80000580	a08d0b53	fle.s	x22,f26,f8	 f26:0x7f800000  f8:0x9ab1f47f x22=0x00000000
      11715.000 ns	      1170	80000584	41305633	sra	x12,x0,x19	  x0:0x00000000 x19:0x00000001 x12=0x00000000
      11725.000 ns	      1171	80000588	00c4bf33	sltu	x30,x9,x12	  x9:0xfffffc51 x12:0x007ffdec x30=0x00000000
      11735.000 ns	      1172	8000058c	2896f493	andi	x9,x13,649	 x13:0x00000000  x9=0x00000000
      11745.000 ns	      1173	80000590	005fb033	sltu	x0,x31,x5	 x31:0x00000000  x5:0x00000000
      11765.000 ns	      1175	80000594	211b81d3	fsgnj.s	f3,f23,f17	 f23:0x7f800000 f17:0x7f7fffff  f3=0x7f800000
      11795.000 ns	      1178	80000598	034889b3	mul	x19,x17,x20	 x17:0x00000000 x20:0x6c000000 x19=0x00000000
      11825.000 ns	      1181	8000059c	a1a5a353	feq.s	x6,f11,f26	 f11:0x00000000 f26:0x7f800000  x6=0x00000000
      11845.000 ns	      1183	800005a0	9aaa6693	ori	x13,x20,-1622	 x20:0x6c000000 x13=0xfffff9aa
      11875.000 ns	      1186	800005a4	580fb4d3	fsqrt.s	f9,f31	 f31:0xff7fffff  f9=0x7fc00000
      11905.000 ns	      1189	800005a8	28c09f53	fmax.s	f30,f1,f12	  f1:0x7fc00000 f12:0x7f7fffff f30=0x7f7fffff
      11935.000 ns	      1192	800005ac	f00a09d3	fmv.w.x	f19,x20	 x20:0x6c000000 f19=0x6c000000
      11955.000 ns	      1194	800005b0	016d6333	or	x6,x26,x22	 x26:0x00000000 x22:0x00000000  x6=0x00000000
      11965.000 ns	      1195	800005b4	6f170913	addi	x18,x14,1777	 x14:0xff800000 x18=0xff8006f1
      11975.000 ns	      1196	800005b8	00131613	slli	x12,x6,0x1	  x6:0x00000000 x12=0x00000000
      11985.000 ns	      1197	800005bc	0169d233	srl	x4,x19,x22	 x19:0x00000000 x22:0x00000000  x4=0x00000000
      11995.000 ns	      1198	800005c0	0086d0b3	srl	x1,x13,x8	 x13:0xfffff9aa  x8:0x00000000  x1=0xfffff9aa
      12005.000 ns	      1199	800005c4	00b493b3	sll	x7,x9,x11	  x9:0x00000000 x11:0x00000001  x7=0x00000000
      12015.000 ns	      1200	800005c8	488c4c13	xori	x24,x24,1160	 x24:0x00000000 x24=0x00000488
      12035.000 ns	      1202	800005cc	0290f633	remu	x12,x1,x9	  x1:0xfffff9aa  x9:0x00000000 x12=0xfffff9aa
      12055.000 ns	      1204	800005d0	01f95613	srli	x12,x18,0x1f	 x18:0xff8006f1 x12=0x00000001
      12085.000 ns	      1207	800005d4	112e7ad3	fmul.s	f21,f28,f18	 f28:0xff800000 f18:0xff7fffff f21=0x7f800000
      12105.000 ns	      1209	800005d8	02ac4613	xori	x12,x24,42	 x24:0x00000488 x12=0x000004a2
      12115.000 ns	      1210	800005dc	006ea733	slt	x14,x29,x6	 x29:0x00000000  x6:0x00000000 x14=0x00000000
      12125.000 ns	      1211	800005e0	006ff533	and	x10,x31,x6	 x31:0x00000000  x6:0x00000000 x10=0x00000000
      12135.000 ns	      1212	800005e4	96ae7a13	andi	x20,x28,-1686	 x28:0x80041024 x20=0x80041020
      12155.000 ns	      1214	800005e8	298e0453	fmin.s	f8,f28,f24	 f28:0xff800000 f24:0xc1b5ff11  f8=0xff800000
      12175.000 ns	      1216	800005ec	19f90113	addi	x2,x18,415	 x18:0xff8006f1  x2=0xff800890
      12195.000 ns	      1218	800005f0	c009f553	fcvt.w.s	x10,f19	 f19:0x6c000000 x10=0x7fffffff
      12215.000 ns	      1220	800005f4	221a2213	slti	x4,x20,545	 x20:0x80041020  x4=0x00000001
      12235.000 ns	      1222	800005f8	026d0c33	mul	x24,x26,x6	 x26:0x00000000  x6:0x00000000 x24=0x00000000
      12265.000 ns	      1225	800005fc	029e0eb3	mul	x29,x28,x9	 x28:0x80041024  x9:0x00000000 x29=0x00000000
      12285.000 ns	      1227	80000600	01a59093	slli	x1,x11,0x1a	 x11:0x00000001  x1=0x04000000
      12295.000 ns	      1228	80000604	00000013	addi	x0,x0,0	  x0:0x00000000
      12315.000 ns	      1230	80000608	e00b97d3	fclass.s	x15,f23	 f23:0x7f800000 x15=0x00000080
      12345.000 ns	      1233	8000060c	21c420d3	fsgnjx.s	f1,f8,f28	  f8:0xff800000 f28:0xff800000  f1=0x7f800000
      12365.000 ns	      1235	80000610	14823093	sltiu	x1,x4,328	  x4:0x00000001  x1=0x00000001
      12375.000 ns	      1236	80000614	0095d813	srli	x16,x11,0x9	 x11:0x00000001 x16=0x00000000
      12415.000 ns	      1240	80000618	08bcc953	fsub.s	f18,f25,f11	 f25:0x7fc00000 f11:0x00000000 f18=0x7fc00000
      12445.000 ns	      1243	8000061c	e00e1153	fclass.s	x2,f28	 f28:0xff800000  x2=0x00000001
      12465.000 ns	      1245	80000620	0185db13	srli	x22,x11,0x18	 x11:0x00000001 x22=0x00000000
      12485.000 ns	      1247	80000624	c0172a53	fcvt.wu.s	x20,f14	 f14:0xff800000 x20=0x00000000
      12505.000 ns	      1249	80000628	41d45633	sra	x12,x8,x29	  x8:0x00000000 x29:0x00000000 x12=0x00000000
      12525.000 ns	      1251	8000062c	030782b3	mul	x5,x15,x16	 x15:0x00000080 x16:0x00000000  x5=0x00000000
      12545.000 ns	      1253	80000630	41755633	sra	x12,x10,x23	 x10:0x7fffffff x23:0x80040fe4 x12=0x07ffffff
      12555.000 ns	      1254	80000634	073cf093	andi	x1,x25,115	 x25:0x00000001  x1=0x00000001
      12595.000 ns	      1258	80000638	019c81d3	fadd.s	f3,f25,f25	 f25:0x7fc00000 f25:0x7fc00000  f3=0x7fc00000
      12615.000 ns	      1260	8000063c	00000013	addi	x0,x0,0	  x0:0x00000000
      12635.000 ns	      1262	80000640	a0d98553	fle.s	x10,f19,f13	 f19:0x6c000000 f13:0xaaba92b5 x10=0x00000000
      12665.000 ns	      1265	80000644	e0091d53	fclass.s	x26,f18	 f18:0x7fc00000 x26=0x00000200
      12695.000 ns	      1268	80000648	0350c5b3	div	x11,x1,x21	  x1:0x00000001 x21:0x00000000 x11=0xffffffff
      12725.000 ns	      1271	8000064c	03c30f33	mul	x30,x6,x28	  x6:0x00000000 x28:0x80041024 x30=0x00000000
      12755.000 ns	      1274	80000650	d00193d3	fcvt.s.w	f7,x3	  x3:0xfffffa5b  f7=0xc4b4a000
      12805.000 ns	      1279	80000654	01147853	fadd.s	f16,f8,f17	  f8:0xff800000 f17:0x7f7fffff f16=0xff800000
      12825.000 ns	      1281	80000658	41525d13	srai	x26,x4,0x15	  x4:0x00000001 x26=0x00000000
      12835.000 ns	      1282	8000065c	97db4193	xori	x3,x22,-1667	 x22:0x00000000  x3=0xfffff97d
      12845.000 ns	      1283	80000660	00000013	addi	x0,x0,0	  x0:0x00000000
      12875.000 ns	      1286	80000664	10bcf753	fmul.s	f14,f25,f11	 f25:0x7fc00000 f11:0x00000000 f14=0x7fc00000
      12895.000 ns	      1288	80000668	0003b2b3	sltu	x5,x7,x0	  x7:0x00000000  x0:0x00000000  x5=0x00000000
      12915.000 ns	      1290	8000066c	d0099253	fcvt.s.w	f4,x19	 x19:0x00000000  f4=0x00000000
      12935.000 ns	      1292	80000670	a85fe213	ori	x4,x31,-1403	 x31:0x00000000  x4=0xfffffa85
      12945.000 ns	      1293	80000674	00000013	addi	x0,x0,0	  x0:0x00000000
      12955.000 ns	      1294	80000678	00dbd7b3	srl	x15,x23,x13	 x23:0x80040fe4 x13:0xfffff9aa x15=0x00200103
      12965.000 ns	      1295	8000067c	65439837	lui	x16,0x65439	 x16=0x65439000
      12985.000 ns	      1297	80000680	03709333	mulh	x6,x1,x23	  x1:0x00000001 x23:0x80040fe4  x6=0xffffffff
      13015.000 ns	      1300	80000684	c00f7b53	fcvt.w.s	x22,f30	 f30:0x7f7fffff x22=0x7fffffff
      13045.000 ns	      1303	80000688	028048b3	div	x17,x0,x8	  x0:0x00000000  x8:0x00000000 x17=0xffffffff
      13075.000 ns	      1306	8000068c	c00526d3	fcvt.w.s	x13,f10	 f10:0x7f800000 x13=0x7fffffff
      13095.000 ns	      1308	80000690	60bcd7b7	lui	x15,0x60bcd	 x15=0x60bcd000
      13135.000 ns	      1312	80000694	0899b953	fsub.s	f18,f19,f9	 f19:0x6c000000  f9:0x7fc00000 f18=0x7fc00000
      13165.000 ns	      1315	80000698	f00b0753	fmv.w.x	f14,x22	 x22:0x7fffffff f14=0x7fffffff
      13185.000 ns	      1317	8000069c	367b6e93	ori	x29,x22,871	 x22:0x7fffffff x29=0x7fffffff
      13195.000 ns	      1318	800006a0	feb8c113	xori	x2,x17,-21	 x17:0xffffffff  x2=0x00000014
      13205.000 ns	      1319	800006a4	00000013	addi	x0,x0,0	  x0:0x00000000
      13215.000 ns	      1320	800006a8	c546ec93	ori	x25,x13,-940	 x13:0x7fffffff x25=0xffffffff
      13225.000 ns	      1321	800006ac	00000013	addi	x0,x0,0	  x0:0x00000000
      13235.000 ns	      1322	800006b0	014c5593	srli	x11,x24,0x14	 x24:0x00000000 x11=0x00000000
      13245.000 ns	      1323	800006b4	41378133	sub	x2,x15,x19	 x15:0x60bcd000 x19:0x00000000  x2=0x60bcd000
      13255.000 ns	      1324	800006b8	00461c93	slli	x25,x12,0x4	 x12:0x07ffffff x25=0x7ffffff0
      13265.000 ns	      1325	800006bc	016190b3	sll	x1,x3,x22	  x3:0xfffff97d x22:0x7fffffff  x1=0x80000000
      13275.000 ns	      1326	800006c0	0537e237	lui	x4,0x537e	  x4=0x0537e000
      13285.000 ns	      1327	800006c4	00000013	addi	x0,x0,0	  x0:0x00000000
      13295.000 ns	      1328	800006c8	85107e93	andi	x29,x0,-1967	  x0:0x00000000 x29=0x00000000
      13305.000 ns	      1329	800006cc	02eb0a93	addi	x21,x22,46	 x22:0x7fffffff x21=0x8000002d
      13335.000 ns	      1332	800006d0	18ce7e53	fdiv.s	f28,f28,f12	 f28:0xff800000 f12:0x7f7fffff f28=0xff800000
      13355.000 ns	      1334	800006d4	01588ab3	add	x21,x17,x21	 x17:0xffffffff x21:0x00000000 x21=0x8000002c
      13375.000 ns	      1336	800006d8	21ea2e53	fsgnjx.s	f28,f20,f30	 f20:0xff800000 f30:0x7f7fffff f28=0xff800000
      13395.000 ns	      1338	800006dc	3dc43893	sltiu	x17,x8,988	  x8:0x00000000 x17=0x00000001
      13755.000 ns	      1374	800006e0	0268db33	divu	x22,x17,x6	 x17:0xffffffff  x6:0xffffffff x22=0x00000000
      13775.000 ns	      1376	800006e4	005e9fb3	sll	x31,x29,x5	 x29:0x00000000  x5:0x00000000 x31=0x00000000
      13785.000 ns	      1377	800006e8	816f7f93	andi	x31,x30,-2026	 x30:0x00000000 x31=0x00000000
      13795.000 ns	      1378	800006ec	00c120b3	slt	x1,x2,x12	  x2:0x60bcd000 x12:0x07ffffff  x1=0x00000000
      13805.000 ns	      1379	800006f0	1eb2b013	sltiu	x0,x5,491	  x5:0x00000000
      13845.000 ns	      1383	800006f4	091c7dd3	fsub.s	f27,f24,f17	 f24:0xc1b5ff11 f17:0x7f7fffff f27=0xff7fffff
      13895.000 ns	      1388	800006f8	089d4653	fsub.s	f12,f26,f9	 f26:0x7f800000  f9:0x7fc00000 f12=0x7fc00000
      13925.000 ns	      1391	800006fc	02452d33	mulhsu	x26,x10,x4	 x10:0x00000000  x4:0x0537e000 x26=0x00000000
      13955.000 ns	      1394	80000700	e00e01d3	fmv.x.w	x3,f28	 f28:0xff800000  x3=0xff800000
      13975.000 ns	      1396	80000704	01775913	srli	x18,x14,0x17	 x14:0x00000000 x18=0x00000000
      14335.000 ns	      1432	80000708	035f5733	divu	x14,x30,x21	 x30:0x00000000 x21:0x8000002c x14=0x00000000
      14365.000 ns	      1435	8000070c	20bd8553	fsgnj.s	f10,f27,f11	 f27:0xff7fffff f11:0x00000000 f10=0x7f7fffff
      14385.000 ns	      1437	80000710	a16ee513	ori	x10,x29,-1514	 x29:0x00000000 x10=0xfffffa16
      14745.000 ns	      1473	80000714	03bcc7b3	div	x15,x25,x27	 x25:0x7ffffff0 x27:0xf1936e1b x15=0xfffffff8
      14765.000 ns	      1475	80000718	01527f33	and	x30,x4,x21	  x4:0x0537e000 x21:0x8000002c x30=0x00000000
      14775.000 ns	      1476	8000071c	00da5133	srl	x2,x20,x13	 x20:0x00000000 x13:0x7fffffff  x2=0x00000000
      14815.000 ns	      1480	80000720	099ec7d3	fsub.s	f15,f29,f25	 f29:0x7f800000 f25:0x7fc00000 f15=0x7fc00000
      14845.000 ns	      1483	80000724	28ad92d3	fmax.s	f5,f27,f10	 f27:0xff7fffff f10:0x7f7fffff  f5=0x7f7fffff
      15215.000 ns	      1520	80000728	02c2f4b3	remu	x9,x5,x12	  x5:0x00000000 x12:0x07ffffff  x9=0x00000000
      15235.000 ns	      1522	8000072c	00b31fb3	sll	x31,x6,x11	  x6:0xffffffff x11:0x00000000 x31=0xffffffff
      15245.000 ns	      1523	80000730	ae223513	sltiu	x10,x4,-1310	  x4:0x0537e000 x10=0x00000001
      15255.000 ns	      1524	80000734	00e12c33	slt	x24,x2,x14	  x2:0x00000000 x14:0x00000000 x24=0x00000000
      15265.000 ns	      1525	80000738	01efd213	srli	x4,x31,0x1e	 x31:0xffffffff  x4=0x00000003
      15285.000 ns	      1527	8000073c	c0102ed3	fcvt.wu.s	x29,f0	  f0:0x00000000 x29=0x00000000
      15325.000 ns	      1531	80000740	580631d3	fsqrt.s	f3,f12	 f12:0x7fc00000  f3=0x7fc00000
      15345.000 ns	      1533	80000744	2e0d2613	slti	x12,x26,736	 x26:0x00000000 x12=0x00000001
      15385.000 ns	      1537	80000748	0837ced3	fsub.s	f29,f15,f3	 f15:0x7fc00000  f3:0x7fc00000 f29=0x7fc00000
      15415.000 ns	      1540	8000074c	03d383b3	mul	x7,x7,x29	  x7:0x00000000 x29:0x00000000  x7=0x00000000
      15445.000 ns	      1543	80000750	03c90433	mul	x8,x18,x28	 x18:0x00000000 x28:0x80041024  x8=0x00000000
      15475.000 ns	      1546	80000754	21c92f53	fsgnjx.s	f30,f18,f28	 f18:0x7fc00000 f28:0xff800000 f30=0xffc00000
      15525.000 ns	      1551	80000758	00167353	fadd.s	f6,f12,f1	 f12:0x7fc00000  f1:0x7f800000  f6=0x7fc00000
      15545.000 ns	      1553	8000075c	b36a4593	xori	x11,x20,-1226	 x20:0x00000000 x11=0xfffffb36
      15565.000 ns	      1555	80000760	a0be2fd3	feq.s	x31,f28,f11	 f28:0xff800000 f11:0x00000000 x31=0x00000000
      15585.000 ns	      1557	80000764	40fa87b3	sub	x15,x21,x15	 x21:0x8000002c x15:0xfffffff8 x15=0x80000034
      15605.000 ns	      1559	80000768	203c8ad3	fsgnj.s	f21,f25,f3	 f25:0x7fc00000  f3:0x7fc00000 f21=0x7fc00000
      15625.000 ns	      1561	8000076c	38c0d417	auipc	x8,0x38c0d	  x8=0xb8c0d76c
      15645.000 ns	      1563	80000770	21e29253	fsgnjn.s	f4,f5,f30	  f5:0x7f7fffff f30:0xffc00000  f4=0x7f7fffff
      15695.000 ns	      1568	80000774	09271fd3	fsub.s	f31,f14,f18	 f14:0x7fffffff f18:0x7fc00000 f31=0x7fc00000
      15715.000 ns	      1570	80000778	41200333	sub	x6,x0,x18	  x0:0x00000000 x18:0x00000000  x6=0x00000000
      15725.000 ns	      1571	8000077c	c6ca8997	auipc	x19,0xc6ca8	 x19=0x46ca877c
      16085.000 ns	      1607	80000780	023245b3	div	x11,x4,x3	  x4:0x00000003  x3:0xff800000 x11=0x00000000
      16115.000 ns	      1610	80000784	a12b2253	feq.s	x4,f22,f18	 f22:0xff800000 f18:0x7fc00000  x4=0x00000000
      16485.000 ns	      1647	80000788	02fbecb3	rem	x25,x23,x15	 x23:0x80040fe4 x15:0x80000034 x25=0x80040fe4
      16505.000 ns	      1649	8000078c	0e4f33b7	lui	x7,0xe4f3	  x7=0x0e4f3000
      16515.000 ns	      1650	80000790	01c6c3b3	xor	x7,x13,x28	 x13:0x7fffffff x28:0x80041024  x7=0xfffbefdb
      16535.000 ns	      1652	80000794	c01dc253	fcvt.wu.s	x4,f27	 f27:0xff7fffff  x4=0x00000000
      16565.000 ns	      1655	80000798	023688b3	mul	x17,x13,x3	 x13:0x7fffffff  x3:0xff800000 x17=0x00800000
      16585.000 ns	      1657	8000079c	0069a633	slt	x12,x19,x6	 x19:0x46ca877c  x6:0x00000000 x12=0x00000000
      16605.000 ns	      1659	800007a0	024fc1b3	div	x3,x31,x4	 x31:0x00000000  x4:0x00000000  x3=0xffffffff
      16625.000 ns	      1661	800007a4	29712b13	slti	x22,x2,663	  x2:0x00000000 x22=0x00000001
      16645.000 ns	      1663	800007a8	030809b3	mul	x19,x16,x16	 x16:0x65439000 x16:0x65439000 x19=0xb1000000
      16675.000 ns	      1666	800007ac	e0000953	fmv.x.w	x18,f0	  f0:0x00000000 x18=0x00000000
      16695.000 ns	      1668	800007b0	01fb5a33	srl	x20,x22,x31	 x22:0x00000001 x31:0x00000000 x20=0x00000001
      16715.000 ns	      1670	800007b4	a105a6d3	feq.s	x13,f11,f16	 f11:0x00000000 f16:0xff800000 x13=0x00000000
      16745.000 ns	      1673	800007b8	20d72ad3	fsgnjx.s	f21,f14,f13	 f14:0x7fffffff f13:0xaaba92b5 f21=0xffffffff
      16775.000 ns	      1676	800007bc	c017b5d3	fcvt.wu.s	x11,f15	 f15:0x7fc00000 x11=0xffffffff
      16795.000 ns	      1678	800007c0	407edc93	srai	x25,x29,0x7	 x29:0x00000000 x25=0x00000000
      16815.000 ns	      1680	800007c4	020bb933	mulhu	x18,x23,x0	 x23:0x80040fe4  x0:0x00000000 x18=0x00000000
      16845.000 ns	      1683	800007c8	a16486d3	fle.s	x13,f9,f22	  f9:0x7fc00000 f22:0xff800000 x13=0x00000000
      16875.000 ns	      1686	800007cc	28570cd3	fmin.s	f25,f14,f5	 f14:0x7fffffff  f5:0x7f7fffff f25=0x7f7fffff
      16905.000 ns	      1689	800007d0	a1139853	flt.s	x16,f7,f17	  f7:0xc4b4a000 f17:0x7f7fffff x16=0x00000001
      16925.000 ns	      1691	800007d4	00000013	addi	x0,x0,0	  x0:0x00000000
      16945.000 ns	      1693	800007d8	d0017453	fcvt.s.w	f8,x2	  x2:0x00000000  f8=0x00000000
      16965.000 ns	      1695	800007dc	130a8013	addi	x0,x21,304	 x21:0x8000002c
      16985.000 ns	      1697	800007e0	211d9353	fsgnjn.s	f6,f27,f17	 f27:0xff7fffff f17:0x7f7fffff  f6=0xff7fffff
      17015.000 ns	      1700	800007e4	e00a0cd3	fmv.x.w	x25,f20	 f20:0xff800000 x25=0xff800000
      17045.000 ns	      1703	800007e8	a0ad1cd3	flt.s	x25,f26,f10	 f26:0x7f800000 f10:0x7f7fffff x25=0x00000000
      17075.000 ns	      1706	800007ec	023b3933	mulhu	x18,x22,x3	 x22:0x00000001  x3:0xffffffff x18=0x00000000
      17095.000 ns	      1708	800007f0	0004fa33	and	x20,x9,x0	  x9:0x00000000  x0:0x00000000 x20=0x00000000
      17115.000 ns	      1710	800007f4	033d29b3	mulhsu	x19,x26,x19	 x26:0x00000000 x19:0xb1000000 x19=0x00000000
      17145.000 ns	      1713	800007f8	e0041453	fclass.s	x8,f8	  f8:0x00000000  x8=0x00000010
      17165.000 ns	      1715	800007fc	00000013	addi	x0,x0,0	  x0:0x00000000
      17185.000 ns	      1717	80000800	03128f33	mul	x30,x5,x17	  x5:0x00000000 x17:0x00800000 x30=0x00000000
      17215.000 ns	      1720	80000804	e0019d53	fclass.s	x26,f3	  f3:0x7fc00000 x26=0x00000200
      17245.000 ns	      1723	80000808	f00a0f53	fmv.w.x	f30,x20	 x20:0x00000000 f30=0x00000000
      17275.000 ns	      1726	8000080c	c01ffa53	fcvt.wu.s	x20,f31	 f31:0x7fc00000 x20=0xffffffff
      17305.000 ns	      1729	80000810	c008f9d3	fcvt.w.s	x19,f17	 f17:0x7f7fffff x19=0x7fffffff
      17355.000 ns	      1734	80000814	0908f1d3	fsub.s	f3,f17,f16	 f17:0x7f7fffff f16:0xff800000  f3=0x7f800000
      17385.000 ns	      1737	80000818	d00cfad3	fcvt.s.w	f21,x25	 x25:0x00000000 f21=0x00000000
      17415.000 ns	      1740	8000081c	28ef8853	fmin.s	f16,f31,f14	 f31:0x7fc00000 f14:0x7fffffff f16=0x7fc00000
      17785.000 ns	      1777	80000820	03b6f333	remu	x6,x13,x27	 x13:0x00000000 x27:0xf1936e1b  x6=0x00000000
      17805.000 ns	      1779	80000824	403c5cb3	sra	x25,x24,x3	 x24:0x00000000  x3:0xffffffff x25=0x00000000
      17815.000 ns	      1780	80000828	41b08933	sub	x18,x1,x27	  x1:0x00000000 x27:0xf1936e1b x18=0x0e6c91e5
      17835.000 ns	      1782	8000082c	c00f3953	fcvt.w.s	x18,f30	 f30:0x00000000 x18=0x00000000
      17865.000 ns	      1785	80000830	287308d3	fmin.s	f17,f6,f7	  f6:0xff7fffff  f7:0xc4b4a000 f17=0xff7fffff
      17895.000 ns	      1788	80000834	20af2a53	fsgnjx.s	f20,f30,f10	 f30:0x00000000 f10:0x7f7fffff f20=0x00000000
      17915.000 ns	      1790	80000838	00c95b13	srli	x22,x18,0xc	 x18:0x00000000 x22=0x00000000
      17935.000 ns	      1792	8000083c	20caad53	fsgnjx.s	f26,f21,f12	 f21:0x00000000 f12:0x7fc00000 f26=0x00000000
      18305.000 ns	      1829	80000840	0270eb33	rem	x22,x1,x7	  x1:0x00000000  x7:0xfffbefdb x22=0x00000000
      18335.000 ns	      1832	80000844	a1928753	fle.s	x14,f5,f25	  f5:0x7f7fffff f25:0x7f7fffff x14=0x00000001
      18355.000 ns	      1834	80000848	00000013	addi	x0,x0,0	  x0:0x00000000
      18715.000 ns	      1870	8000084c	0333cf33	div	x30,x7,x19	  x7:0xfffbefdb x19:0x7fffffff x30=0x00000000
      18735.000 ns	      1872	80000850	c3c90297	auipc	x5,0xc3c90	  x5=0x43c90850
      18745.000 ns	      1873	80000854	74d6c593	xori	x11,x13,1869	 x13:0x00000000 x11=0x0000074d
      18765.000 ns	      1875	80000858	03e8b2b3	mulhu	x5,x17,x30	 x17:0x00800000 x30:0x00000000  x5=0x00000000
      18815.000 ns	      1880	8000085c	0866f153	fsub.s	f2,f13,f6	 f13:0xaaba92b5  f6:0xff7fffff  f2=0x7f7fffff
      18845.000 ns	      1883	80000860	21aa0753	fsgnj.s	f14,f20,f26	 f20:0x00000000 f26:0x00000000 f14=0x00000000
      18875.000 ns	      1886	80000864	02b11b33	mulh	x22,x2,x11	  x2:0x00000000 x11:0x0000074d x22=0x00000000
      18915.000 ns	      1890	80000868	1012a453	fmul.s	f8,f5,f1	  f5:0x7f7fffff  f1:0x7f800000  f8=0x7f800000
      18945.000 ns	      1893	8000086c	21488153	fsgnj.s	f2,f17,f20	 f17:0xff7fffff f20:0x00000000  f2=0x7f7fffff
      18965.000 ns	      1895	80000870	002232b3	sltu	x5,x4,x2	  x4:0x00000000  x2:0x00000000  x5=0x00000000
      18975.000 ns	      1896	80000874	f0b2c693	xori	x13,x5,-245	  x5:0x00000000 x13=0xffffff0b
      18995.000 ns	      1898	80000878	03f164b3	rem	x9,x2,x31	  x2:0x00000000 x31:0x00000000  x9=0x00000000
      19015.000 ns	      1900	8000087c	011c3133	sltu	x2,x24,x17	 x24:0x00000000 x17:0x00800000  x2=0x00000001
      19035.000 ns	      1902	80000880	e0021cd3	fclass.s	x25,f4	  f4:0x7f7fffff x25=0x00000040
      19065.000 ns	      1905	80000884	28cd85d3	fmin.s	f11,f27,f12	 f27:0xff7fffff f12:0x7fc00000 f11=0xff7fffff
      19095.000 ns	      1908	80000888	296487d3	fmin.s	f15,f9,f22	  f9:0x7fc00000 f22:0xff800000 f15=0xff800000
      19125.000 ns	      1911	8000088c	d01109d3	fcvt.s.wu	f19,x2	  x2:0x00000001 f19=0x3f800000
      19145.000 ns	      1913	80000890	00000013	addi	x0,x0,0	  x0:0x00000000
      19155.000 ns	      1914	80000894	5c216213	ori	x4,x2,1474	  x2:0x00000001  x4=0x000005c3
      19175.000 ns	      1916	80000898	032401b3	mul	x3,x8,x18	  x8:0x00000010 x18:0x00000000  x3=0x00000000
      19215.000 ns	      1920	8000089c	194430d3	fdiv.s	f1,f8,f20	  f8:0x7f800000 f20:0x00000000  f1=0x7f800000
      19245.000 ns	      1923	800008a0	033b3c33	mulhu	x24,x22,x19	 x22:0x00000000 x19:0x7fffffff x24=0x00000000
      19275.000 ns	      1926	800008a4	a1220fd3	fle.s	x31,f4,f18	  f4:0x7f7fffff f18:0x7fc00000 x31=0x00000000
      19305.000 ns	      1929	800008a8	0215f333	remu	x6,x11,x1	 x11:0x0000074d  x1:0x00000000  x6=0x0000074d
      19325.000 ns	      1931	800008ac	01070533	add	x10,x14,x16	 x14:0x00000001 x16:0x00000001 x10=0x00000002
      19335.000 ns	      1932	800008b0	931feb13	ori	x22,x31,-1743	 x31:0x00000000 x22=0xfffff931
      19345.000 ns	      1933	800008b4	00c71713	slli	x14,x14,0xc	 x14:0x00000001 x14=0x00001000
      19365.000 ns	      1935	800008b8	03ee2533	mulhsu	x10,x28,x30	 x28:0x80041024 x30:0x00000000 x10=0x00000000
      19395.000 ns	      1938	800008bc	20ec2553	fsgnjx.s	f10,f24,f14	 f24:0xc1b5ff11 f14:0x00000000 f10=0xc1b5ff11
      19415.000 ns	      1940	800008c0	00c01293	slli	x5,x0,0xc	  x0:0x00000000  x5=0x00000000
      19425.000 ns	      1941	800008c4	b3419397	auipc	x7,0xb3419	  x7=0x334198c4
      19435.000 ns	      1942	800008c8	0037fa33	and	x20,x15,x3	 x15:0x80000034  x3:0x00000000 x20=0x00000000
      19455.000 ns	      1944	800008cc	c009f053	fcvt.w.s	x0,f19	 f19:0x3f800000
      19475.000 ns	      1946	800008d0	41cd4c13	xori	x24,x26,1052	 x26:0x00000200 x24=0x0000061c
      19495.000 ns	      1948	800008d4	02d4a0b3	mulhsu	x1,x9,x13	  x9:0x00000000 x13:0xffffff0b  x1=0x00000000
      19525.000 ns	      1951	800008d8	e00496d3	fclass.s	x13,f9	  f9:0x7fc00000 x13=0x00000200
      19545.000 ns	      1953	800008dc	a4774d37	lui	x26,0xa4774	 x26=0xa4774000
      19565.000 ns	      1955	800008e0	c012b2d3	fcvt.wu.s	x5,f5	  f5:0x7f7fffff  x5=0xffffffff
      19935.000 ns	      1992	800008e4	0288f4b3	remu	x9,x17,x8	 x17:0x00800000  x8:0x00000010  x9=0x00000000
      19985.000 ns	      1997	800008e8	0125f753	fadd.s	f14,f11,f18	 f11:0xff7fffff f18:0x7fc00000 f14=0x7fc00000
      20005.000 ns	      1999	800008ec	fa3d4293	xori	x5,x26,-93	 x26:0xa4774000  x5=0x5b88bfa3
      20045.000 ns	      2003	800008f0	003f7753	fadd.s	f14,f30,f3	 f30:0x00000000  f3:0x7f800000 f14=0x7f800000
      20075.000 ns	      2006	800008f4	a1c50153	fle.s	x2,f10,f28	 f10:0xc1b5ff11 f28:0xff800000  x2=0x00000000
      20105.000 ns	      2009	800008f8	21c18cd3	fsgnj.s	f25,f3,f28	  f3:0x7f800000 f28:0xff800000 f25=0xff800000
      20475.000 ns	      2046	800008fc	0313f1b3	remu	x3,x7,x17	  x7:0x334198c4 x17:0x00800000  x3=0x004198c4
      20845.000 ns	      2083	80000900	0267ef33	rem	x30,x15,x6	 x15:0x80000034  x6:0x0000074d x30=0xfffffd29
      21215.000 ns	      2120	80000904	03c05a33	divu	x20,x0,x28	  x0:0x00000000 x28:0x80041024 x20=0x00000000
      21245.000 ns	      2123	80000908	03620033	mul	x0,x4,x22	  x4:0x000005c3 x22:0xfffff931
      21285.000 ns	      2127	8000090c	18997e53	fdiv.s	f28,f18,f9	 f18:0x7fc00000  f9:0x7fc00000 f28=0x7fc00000
      21305.000 ns	      2129	80000910	e7acbd13	sltiu	x26,x25,-390	 x25:0x00000040 x26=0x00000001
      21315.000 ns	      2130	80000914	97164493	xori	x9,x12,-1679	 x12:0x00000000  x9=0xfffff971
      21335.000 ns	      2132	80000918	e0031ad3	fclass.s	x21,f6	  f6:0xff7fffff x21=0x00000002
      21355.000 ns	      2134	8000091c	0083e1b3	or	x3,x7,x8	  x7:0x334198c4  x8:0x00000010  x3=0x334198d4
      21375.000 ns	      2136	80000920	e00490d3	fclass.s	x1,f9	  f9:0x7fc00000  x1=0x00000200
      21395.000 ns	      2138	80000924	015c9333	sll	x6,x25,x21	 x25:0x00000040 x21:0x00000002  x6=0x00000100
      21405.000 ns	      2139	80000928	ac32efb7	lui	x31,0xac32e	 x31=0xac32e000
      21415.000 ns	      2140	8000092c	403e5733	sra	x14,x28,x3	 x28:0x80041024  x3:0x334198d4 x14=0xfffff800
      21445.000 ns	      2143	80000930	580f71d3	fsqrt.s	f3,f30	 f30:0x00000000  f3=0x00000000
      21815.000 ns	      2180	80000934	02735433	divu	x8,x6,x7	  x6:0x00000100  x7:0x334198c4  x8=0x00000000
      21835.000 ns	      2182	80000938	40bfde93	srai	x29,x31,0xb	 x31:0xac32e000 x29=0xfff5865c
      21855.000 ns	      2184	8000093c	21f484d3	fsgnj.s	f9,f9,f31	  f9:0x7fc00000 f31:0x7fc00000  f9=0x7fc00000
      21875.000 ns	      2186	80000940	00000013	addi	x0,x0,0	  x0:0x00000000
      21885.000 ns	      2187	80000944	418c5a93	srai	x21,x24,0x18	 x24:0x0000061c x21=0x00000000
      21905.000 ns	      2189	80000948	285208d3	fmin.s	f17,f4,f5	  f4:0x7f7fffff  f5:0x7f7fffff f17=0x7f7fffff
      21925.000 ns	      2191	8000094c	67bbb893	sltiu	x17,x23,1659	 x23:0x80040fe4 x17=0x00000000
      21945.000 ns	      2193	80000950	28f29f53	fmax.s	f30,f5,f15	  f5:0x7f7fffff f15:0xff800000 f30=0x7f7fffff
      21975.000 ns	      2196	80000954	030298b3	mulh	x17,x5,x16	  x5:0x5b88bfa3 x16:0x00000001 x17=0x00000000
      22025.000 ns	      2201	80000958	08fe2853	fsub.s	f16,f28,f15	 f28:0x7fc00000 f15:0xff800000 f16=0x7fc00000
      22045.000 ns	      2203	8000095c	41af5893	srai	x17,x30,0x1a	 x30:0xfffffd29 x17=0xffffffff
      22065.000 ns	      2205	80000960	a0dea053	feq.s	x0,f29,f13	 f29:0x7fc00000 f13:0xaaba92b5
      22095.000 ns	      2208	80000964	a1d984d3	fle.s	x9,f19,f29	 f19:0x3f800000 f29:0x7fc00000  x9=0x00000000
      22465.000 ns	      2245	80000968	0361ffb3	remu	x31,x3,x22	  x3:0x334198d4 x22:0xfffff931 x31=0x334198d4
      22495.000 ns	      2248	8000096c	025309b3	mul	x19,x6,x5	  x6:0x00000100  x5:0x5b88bfa3 x19=0x88bfa300
      22515.000 ns	      2250	80000970	00fe9a93	slli	x21,x29,0xf	 x29:0xfff5865c x21=0xc32e0000
      22525.000 ns	      2251	80000974	d9308297	auipc	x5,0xd9308	  x5=0x59308974
      22545.000 ns	      2253	80000978	28b196d3	fmax.s	f13,f3,f11	  f3:0x00000000 f11:0xff7fffff f13=0x00000000
      22565.000 ns	      2255	8000097c	00000013	addi	x0,x0,0	  x0:0x00000000
      22585.000 ns	      2257	80000980	f00c05d3	fmv.w.x	f11,x24	 x24:0x0000061c f11=0x0000061c
      22615.000 ns	      2260	80000984	216689d3	fsgnj.s	f19,f13,f22	 f13:0x00000000 f22:0xff800000 f19=0x80000000
      22645.000 ns	      2263	80000988	200f0e53	fsgnj.s	f28,f30,f0	 f30:0x7f7fffff  f0:0x00000000 f28=0x7f7fffff
      22665.000 ns	      2265	8000098c	00661c13	slli	x24,x12,0x6	 x12:0x00000000 x24=0x00000000
      22675.000 ns	      2266	80000990	0074d1b3	srl	x3,x9,x7	  x9:0x00000000  x7:0x334198c4  x3=0x00000000
      22685.000 ns	      2267	80000994	41bf5713	srai	x14,x30,0x1b	 x30:0xfffffd29 x14=0xffffffff
      22695.000 ns	      2268	80000998	9a51ca97	auipc	x21,0x9a51c	 x21=0x1a51c998
      22715.000 ns	      2270	8000099c	e00d86d3	fmv.x.w	x13,f27	 f27:0xff7fffff x13=0xff7fffff
      22735.000 ns	      2272	800009a0	00835fb3	srl	x31,x6,x8	  x6:0x00000100  x8:0x00000000 x31=0x00000100
      22755.000 ns	      2274	800009a4	a0162a53	feq.s	x20,f12,f1	 f12:0x7fc00000  f1:0x7f800000 x20=0x00000000
      22795.000 ns	      2278	800009a8	10df7d53	fmul.s	f26,f30,f13	 f30:0x7f7fffff f13:0x00000000 f26=0x00000000
      23165.000 ns	      2315	800009ac	03bb6b33	rem	x22,x22,x27	 x22:0xfffff931 x27:0xf1936e1b x22=0xfffff931
      23185.000 ns	      2317	800009b0	0185d533	srl	x10,x11,x24	 x11:0x0000074d x24:0x00000000 x10=0x0000074d
      23205.000 ns	      2319	800009b4	a1160253	fle.s	x4,f12,f17	 f12:0x7fc00000 f17:0x7f7fffff  x4=0x00000000
      23235.000 ns	      2322	800009b8	021faab3	mulhsu	x21,x31,x1	 x31:0x00000100  x1:0x00000200 x21=0x00000000
      23255.000 ns	      2324	800009bc	016ca7b3	slt	x15,x25,x22	 x25:0x00000040 x22:0xfffff931 x15=0x00000000
      23265.000 ns	      2325	800009c0	3e83b713	sltiu	x14,x7,1000	  x7:0x334198c4 x14=0x00000000
      23275.000 ns	      2326	800009c4	00da9893	slli	x17,x21,0xd	 x21:0x00000000 x17=0x00000000
      23295.000 ns	      2328	800009c8	217327d3	fsgnjx.s	f15,f6,f23	  f6:0xff7fffff f23:0x7f800000 f15=0xff7fffff
      23325.000 ns	      2331	800009cc	a066a3d3	feq.s	x7,f13,f6	 f13:0x00000000  f6:0xff7fffff  x7=0x00000000
      23355.000 ns	      2334	800009d0	02207d33	remu	x26,x0,x2	  x0:0x00000000  x2:0x00000000 x26=0x00000000
      23725.000 ns	      2371	800009d4	0398f1b3	remu	x3,x17,x25	 x17:0x00000000 x25:0x00000040  x3=0x00000000
      23745.000 ns	      2373	800009d8	4001d213	srai	x4,x3,0x0	  x3:0x00000000  x4=0x00000000
      23755.000 ns	      2374	800009dc	01ff14b3	sll	x9,x30,x31	 x30:0xfffffd29 x31:0x00000100  x9=0xfffffd29
      23765.000 ns	      2375	800009e0	0153f333	and	x6,x7,x21	  x7:0x00000000 x21:0x00000000  x6=0x00000000
      23785.000 ns	      2377	800009e4	a184a553	feq.s	x10,f9,f24	  f9:0x7fc00000 f24:0xc1b5ff11 x10=0x00000000
      23805.000 ns	      2379	800009e8	27fefd13	andi	x26,x29,639	 x29:0xfff5865c x26=0x0000025c
      23815.000 ns	      2380	800009ec	0056c4b3	xor	x9,x13,x5	 x13:0xff7fffff  x5:0x59308974  x9=0xa64f768b
      23835.000 ns	      2382	800009f0	02853b33	mulhu	x22,x10,x8	 x10:0x00000000  x8:0x00000000 x22=0x00000000
      23865.000 ns	      2385	800009f4	c0068053	fcvt.w.s	x0,f13	 f13:0x00000000
      23905.000 ns	      2389	800009f8	19dc7f53	fdiv.s	f30,f24,f29	 f24:0xc1b5ff11 f29:0x7fc00000 f30=0x7fc00000
      23935.000 ns	      2392	800009fc	d00f86d3	fcvt.s.w	f13,x31	 x31:0x00000100 f13=0x43800000
      23965.000 ns	      2395	80000a00	f00c0a53	fmv.w.x	f20,x24	 x24:0x00000000 f20=0x00000000
      23985.000 ns	      2397	80000a04	e0d5c713	xori	x14,x11,-499	 x11:0x0000074d x14=0xfffff940
      24005.000 ns	      2399	80000a08	02365433	divu	x8,x12,x3	 x12:0x00000000  x3:0x00000000  x8=0xffffffff
      24045.000 ns	      2403	80000a0c	1906a9d3	fdiv.s	f19,f13,f16	 f13:0x43800000 f16:0x7fc00000 f19=0x7fc00000
      24065.000 ns	      2405	80000a10	484b2c93	slti	x25,x22,1156	 x22:0x00000000 x25=0x00000001
      24075.000 ns	      2406	80000a14	0b116613	ori	x12,x2,177	  x2:0x00000000 x12=0x000000b1
      24085.000 ns	      2407	80000a18	0b22e293	ori	x5,x5,178	  x5:0x59308974  x5=0x593089f6
      24105.000 ns	      2409	80000a1c	28541953	fmax.s	f18,f8,f5	  f8:0x7f800000  f5:0x7f7fffff f18=0x7f800000
      24125.000 ns	      2411	80000a20	01b65093	srli	x1,x12,0x1b	 x12:0x000000b1  x1=0x00000000
      24145.000 ns	      2413	80000a24	d00bf153	fcvt.s.w	f2,x23	 x23:0x80040fe4  f2=0xcefff7e0
      24165.000 ns	      2415	80000a28	40a35a93	srai	x21,x6,0xa	  x6:0x00000000 x21=0x00000000
      24195.000 ns	      2418	80000a2c	19207653	fdiv.s	f12,f0,f18	  f0:0x00000000 f18:0x7f800000 f12=0x00000000
      24225.000 ns	      2421	80000a30	02dc0b33	mul	x22,x24,x13	 x24:0x00000000 x13:0xff7fffff x22=0x00000000
      24255.000 ns	      2424	80000a34	a187afd3	feq.s	x31,f15,f24	 f15:0xff7fffff f24:0xc1b5ff11 x31=0x00000000
      24275.000 ns	      2426	80000a38	419dd7b3	sra	x15,x27,x25	 x27:0xf1936e1b x25:0x00000001 x15=0xf8c9b70d
      24285.000 ns	      2427	80000a3c	00728a33	add	x20,x5,x7	  x5:0x593089f6  x7:0x00000000 x20=0x593089f6
      24295.000 ns	      2428	80000a40	001630b3	sltu	x1,x12,x1	 x12:0x000000b1  x1:0x00000000  x1=0x00000000
      24305.000 ns	      2429	80000a44	00d59c33	sll	x24,x11,x13	 x11:0x0000074d x13:0xff7fffff x24=0x80000000
      24315.000 ns	      2430	80000a48	00ce3633	sltu	x12,x28,x12	 x28:0x80041024 x12:0x000000b1 x12=0x00000000
      24335.000 ns	      2432	80000a4c	c00cf0d3	fcvt.w.s	x1,f25	 f25:0xff800000  x1=0x80000000
      24355.000 ns	      2434	80000a50	015bd233	srl	x4,x23,x21	 x23:0x80040fe4 x21:0x00000000  x4=0x80040fe4
      24365.000 ns	      2435	80000a54	0010f033	and	x0,x1,x1	  x1:0x80000000  x1:0x80000000
      24385.000 ns	      2437	80000a58	021213b3	mulh	x7,x4,x1	  x4:0x00000000  x1:0x80000000  x7=0x3ffdf80e
      24405.000 ns	      2439	80000a5c	9b6ab113	sltiu	x2,x21,-1610	 x21:0x00000000  x2=0x00000001
      24415.000 ns	      2440	80000a60	0111e9b3	or	x19,x3,x17	  x3:0x00000000 x17:0x00000000 x19=0x00000000
      24425.000 ns	      2441	80000a64	9e462317	auipc	x6,0x9e462	  x6=0x1e462a64
      24445.000 ns	      2443	80000a68	202ca353	fsgnjx.s	f6,f25,f2	 f25:0xff800000  f2:0xcefff7e0  f6=0x7f800000
      24475.000 ns	      2446	80000a6c	027f0233	mul	x4,x30,x7	 x30:0xfffffd29  x7:0x3ffdf80e  x4=0x45c4903e
      24525.000 ns	      2451	80000a70	00347fd3	fadd.s	f31,f8,f3	  f8:0x7f800000  f3:0x00000000 f31=0x7f800000
      24555.000 ns	      2454	80000a74	c015ff53	fcvt.wu.s	x30,f11	 f11:0x0000061c x30=0x00000000
      24575.000 ns	      2456	80000a78	0147a933	slt	x18,x15,x20	 x15:0xf8c9b70d x20:0x593089f6 x18=0x00000001
      24585.000 ns	      2457	80000a7c	f212ae93	slti	x29,x5,-223	  x5:0x593089f6 x29=0x00000000
      24595.000 ns	      2458	80000a80	018021b3	slt	x3,x0,x24	  x0:0x00000000 x24:0x80000000  x3=0x00000000
      24605.000 ns	      2459	80000a84	00105533	srl	x10,x0,x1	  x0:0x00000000  x1:0x80000000 x10=0x00000000
      24615.000 ns	      2460	80000a88	017b4333	xor	x6,x22,x23	 x22:0x00000000 x23:0x80040fe4  x6=0x80040fe4
      24635.000 ns	      2462	80000a8c	f00689d3	fmv.w.x	f19,x13	 x13:0xff7fffff f19=0xff7fffff
      24655.000 ns	      2464	80000a90	9f646793	ori	x15,x8,-1546	  x8:0xffffffff x15=0xffffffff
      24665.000 ns	      2465	80000a94	40460433	sub	x8,x12,x4	 x12:0x00000000  x4:0x45c4903e  x8=0xba3b6fc2
      24685.000 ns	      2467	80000a98	03e5e7b3	rem	x15,x11,x30	 x11:0x0000074d x30:0x00000000 x15=0x0000074d
      24705.000 ns	      2469	80000a9c	013a22b3	slt	x5,x20,x19	 x20:0x593089f6 x19:0x00000000  x5=0x00000000
      24715.000 ns	      2470	80000aa0	402c5393	srai	x7,x24,0x2	 x24:0x80000000  x7=0xe0000000
      24725.000 ns	      2471	80000aa4	01952fb3	slt	x31,x10,x25	 x10:0x00000000 x25:0x00000001 x31=0x00000001
      25085.000 ns	      2507	80000aa8	032fdf33	divu	x30,x31,x18	 x31:0x00000000 x18:0x00000001 x30=0x00000001
      25105.000 ns	      2509	80000aac	40ca8633	sub	x12,x21,x12	 x21:0x00000000 x12:0x00000000 x12=0x00000000
      26275.000 ns	      2626	80000ab0	58027253	fsqrt.s	f4,f4	  f4:0x7f7fffff  f4=0x5f350461
      26295.000 ns	      2628	80000ab4	8ac08637	lui	x12,0x8ac08	 x12=0x8ac08000
      26305.000 ns	      2629	80000ab8	0b85c493	xori	x9,x11,184	 x11:0x0000074d  x9=0x000007f5
      26315.000 ns	      2630	80000abc	013c1733	sll	x14,x24,x19	 x24:0x80000000 x19:0x00000000 x14=0x80000000
      26335.000 ns	      2632	80000ac0	f0038353	fmv.w.x	f6,x7	  x7:0xe0000000  f6=0xe0000000
      26365.000 ns	      2635	80000ac4	e00f0453	fmv.x.w	x8,f30	 f30:0x7fc00000  x8=0x7fc00000
      26385.000 ns	      2637	80000ac8	374b9517	auipc	x10,0x374b9	 x10=0xb74b9ac8
      26405.000 ns	      2639	80000acc	c014fa53	fcvt.wu.s	x20,f9	  f9:0x7fc00000 x20=0xffffffff
      26425.000 ns	      2641	80000ad0	57b9b613	sltiu	x12,x19,1403	 x19:0x00000000 x12=0x00000001
      26445.000 ns	      2643	80000ad4	a0772253	feq.s	x4,f14,f7	 f14:0x7f800000  f7:0xc4b4a000  x4=0x00000000
      26465.000 ns	      2645	80000ad8	f62c4593	xori	x11,x24,-158	 x24:0x80000000 x11=0x7fffff62
      26475.000 ns	      2646	80000adc	00000013	addi	x0,x0,0	  x0:0x00000000
      26485.000 ns	      2647	80000ae0	26c87c13	andi	x24,x16,620	 x16:0x00000001 x24=0x00000000
      26495.000 ns	      2648	80000ae4	01e38a33	add	x20,x7,x30	  x7:0xe0000000 x30:0x00000001 x20=0xe0000001
      26515.000 ns	      2650	80000ae8	289f8ed3	fmin.s	f29,f31,f9	 f31:0x7f800000  f9:0x7fc00000 f29=0x7f800000
      26535.000 ns	      2652	80000aec	0153e6b3	or	x13,x7,x21	  x7:0xe0000000 x21:0x00000000 x13=0xe0000000
      26895.000 ns	      2688	80000af0	03c1f833	remu	x16,x3,x28	  x3:0x00000000 x28:0x80041024 x16=0x00000000
      27265.000 ns	      2725	80000af4	037a6133	rem	x2,x20,x23	 x20:0xe0000001 x23:0x80040fe4  x2=0xe0000001
      27285.000 ns	      2727	80000af8	f24dc993	xori	x19,x27,-220	 x27:0xf1936e1b x19=0x0e6c913f
      27295.000 ns	      2728	80000afc	423f93b7	lui	x7,0x423f9	  x7=0x423f9000
      27305.000 ns	      2729	80000b00	419b5413	srai	x8,x22,0x19	 x22:0x00000000  x8=0x00000000
      27325.000 ns	      2731	80000b04	a1dc20d3	feq.s	x1,f24,f29	 f24:0xc1b5ff11 f29:0x7f800000  x1=0x00000000
      27345.000 ns	      2733	80000b08	006c5393	srli	x7,x24,0x6	 x24:0x00000000  x7=0x00000000
      27355.000 ns	      2734	80000b0c	3f454613	xori	x12,x10,1012	 x10:0xb74b9ac8 x12=0xb74b993c
      27365.000 ns	      2735	80000b10	00318f33	add	x30,x3,x3	  x3:0x00000000  x3:0x00000000 x30=0x00000000
      27385.000 ns	      2737	80000b14	f00b8dd3	fmv.w.x	f27,x23	 x23:0x80040fe4 f27=0x80040fe4
      27405.000 ns	      2739	80000b18	41920a33	sub	x20,x4,x25	  x4:0x00000000 x25:0x00000001 x20=0xffffffff
      27425.000 ns	      2741	80000b1c	f0078dd3	fmv.w.x	f27,x15	 x15:0x0000074d f27=0x0000074d
      27455.000 ns	      2744	80000b20	03cca533	mulhsu	x10,x25,x28	 x25:0x00000001 x28:0x80041024 x10=0x00000000
      27475.000 ns	      2746	80000b24	bbeb4513	xori	x10,x22,-1090	 x22:0x00000000 x10=0xfffffbbe
      27835.000 ns	      2782	80000b28	02b2e533	rem	x10,x5,x11	  x5:0x00000000 x11:0x7fffff62 x10=0x00000000
      27865.000 ns	      2785	80000b2c	a12795d3	flt.s	x11,f15,f18	 f15:0xff7fffff f18:0x7f800000 x11=0x00000001
      27905.000 ns	      2789	80000b30	104877d3	fmul.s	f15,f16,f4	 f16:0x7fc00000  f4:0x5f350461 f15=0x7fc00000
      27935.000 ns	      2792	80000b34	c0117153	fcvt.wu.s	x2,f2	  f2:0xcefff7e0  x2=0x7ffbf000
      27955.000 ns	      2794	80000b38	e3146593	ori	x11,x8,-463	  x8:0x00000000 x11=0xfffffe31
      27975.000 ns	      2796	80000b3c	d00771d3	fcvt.s.w	f3,x14	 x14:0x80000000  f3=0xcf000000
      27995.000 ns	      2798	80000b40	24864c93	xori	x25,x12,584	 x12:0xb74b993c x25=0xb74b9b74
      28015.000 ns	      2800	80000b44	c00bf653	fcvt.w.s	x12,f23	 f23:0x7f800000 x12=0x7fffffff
      29195.000 ns	      2918	80000b48	580df053	fsqrt.s	f0,f27	 f27:0x0000074d  f0=0x1f350ed6
      29235.000 ns	      2922	80000b4c	580c8153	fsqrt.s	f2,f25	 f25:0xff800000  f2=0x7fc00000
      29265.000 ns	      2925	80000b50	e00f03d3	fmv.x.w	x7,f30	 f30:0x7fc00000  x7=0x7fc00000
      29295.000 ns	      2928	80000b54	a1fe9153	flt.s	x2,f29,f31	 f29:0x7f800000 f31:0x7f800000  x2=0x00000000
      29335.000 ns	      2932	80000b58	580fb7d3	fsqrt.s	f15,f31	 f31:0x7f800000 f15=0x7f800000
      29365.000 ns	      2935	80000b5c	203283d3	fsgnj.s	f7,f5,f3	  f5:0x7f7fffff  f3:0xcf000000  f7=0xff7fffff
      29395.000 ns	      2938	80000b60	02ac6cb3	rem	x25,x24,x10	 x24:0x00000000 x10:0x00000000 x25=0x00000000
      29425.000 ns	      2941	80000b64	a0b122d3	feq.s	x5,f2,f11	  f2:0x7fc00000 f11:0x0000061c  x5=0x00000000
      29445.000 ns	      2943	80000b68	e2939237	lui	x4,0xe2939	  x4=0xe2939000
      29455.000 ns	      2944	80000b6c	410583b3	sub	x7,x11,x16	 x11:0xfffffe31 x16:0x00000000  x7=0xfffffe31
      29465.000 ns	      2945	80000b70	03eae313	ori	x6,x21,62	 x21:0x00000000  x6=0x0000003e
      29495.000 ns	      2948	80000b74	18ab3fd3	fdiv.s	f31,f22,f10	 f22:0xff800000 f10:0xc1b5ff11 f31=0x7f800000
      29525.000 ns	      2951	80000b78	a14a95d3	flt.s	x11,f21,f20	 f21:0x00000000 f20:0x00000000 x11=0x00000000
      29545.000 ns	      2953	80000b7c	01ed1ab3	sll	x21,x26,x30	 x26:0x0000025c x30:0x00000000 x21=0x0000025c
      29575.000 ns	      2956	80000b80	18564053	fdiv.s	f0,f12,f5	 f12:0x00000000  f5:0x7f7fffff  f0=0x00000000
      29595.000 ns	      2958	80000b84	00b351b3	srl	x3,x6,x11	  x6:0x0000003e x11:0x00000000  x3=0x0000003e
      29625.000 ns	      2961	80000b88	580a9ad3	fsqrt.s	f21,f21	 f21:0x00000000 f21=0x00000000
      29655.000 ns	      2964	80000b8c	28180753	fmin.s	f14,f16,f1	 f16:0x7fc00000  f1:0x7f800000 f14=0x7f800000
      29675.000 ns	      2966	80000b90	01f27ab3	and	x21,x4,x31	  x4:0xe2939000 x31:0x00000001 x21=0x00000000
      29695.000 ns	      2968	80000b94	c01930d3	fcvt.wu.s	x1,f18	 f18:0x7f800000  x1=0xffffffff
      29715.000 ns	      2970	80000b98	00d2ff33	and	x30,x5,x13	  x5:0x00000000 x13:0xe0000000 x30=0x00000000
      29735.000 ns	      2972	80000b9c	d017ffd3	fcvt.s.wu	f31,x15	 x15:0x0000074d f31=0x44e9a000
      29765.000 ns	      2975	80000ba0	03529833	mulh	x16,x5,x21	  x5:0x00000000 x21:0x00000000 x16=0x00000000
      29795.000 ns	      2978	80000ba4	02522d33	mulhsu	x26,x4,x5	  x4:0xe2939000  x5:0x00000000 x26=0x00000000
      30165.000 ns	      3015	80000ba8	03c6f933	remu	x18,x13,x28	 x13:0xe0000000 x28:0x80041024 x18=0x5ffbefdc
      30195.000 ns	      3018	80000bac	a09804d3	fle.s	x9,f16,f9	 f16:0x7fc00000  f9:0x7fc00000  x9=0x00000000
      30215.000 ns	      3020	80000bb0	00276d33	or	x26,x14,x2	 x14:0x80000000  x2:0x00000000 x26=0x80000000
      30225.000 ns	      3021	80000bb4	41ef8cb3	sub	x25,x31,x30	 x31:0x00000001 x30:0x00000000 x25=0x00000001
      30245.000 ns	      3023	80000bb8	02e79f33	mulh	x30,x15,x14	 x15:0x0000074d x14:0x80000000 x30=0xfffffc59
      30275.000 ns	      3026	80000bbc	a0e22653	feq.s	x12,f4,f14	  f4:0x5f350461 f14:0x7f800000 x12=0x00000000
      30295.000 ns	      3028	80000bc0	9221ef93	ori	x31,x3,-1758	  x3:0x0000003e x31=0xfffff93e
      30305.000 ns	      3029	80000bc4	a952b913	sltiu	x18,x5,-1387	  x5:0x00000000 x18=0x00000001
      30325.000 ns	      3031	80000bc8	216f9c53	fsgnjn.s	f24,f31,f22	 f31:0x44e9a000 f22:0xff800000 f24=0x44e9a000
      30345.000 ns	      3033	80000bcc	ccfd4193	xori	x3,x26,-817	 x26:0x80000000  x3=0x7ffffccf
      30365.000 ns	      3035	80000bd0	f0060c53	fmv.w.x	f24,x12	 x12:0x00000000 f24=0x00000000
      30735.000 ns	      3072	80000bd4	03e563b3	rem	x7,x10,x30	 x10:0x00000000 x30:0xfffffc59  x7=0x00000000
      30755.000 ns	      3074	80000bd8	a1a960b7	lui	x1,0xa1a96	  x1=0xa1a96000
      30775.000 ns	      3076	80000bdc	a0791453	flt.s	x8,f18,f7	 f18:0x7f800000  f7:0xff7fffff  x8=0x00000000
      30795.000 ns	      3078	80000be0	00471eb3	sll	x29,x14,x4	 x14:0x80000000  x4:0xe2939000 x29=0x80000000
      30825.000 ns	      3081	80000be4	198c8053	fdiv.s	f0,f25,f24	 f25:0xff800000 f24:0x00000000  f0=0xff800000
      31195.000 ns	      3118	80000be8	0377d4b3	divu	x9,x15,x23	 x15:0x0000074d x23:0x80040fe4  x9=0x00000000
      31215.000 ns	      3120	80000bec	41df5b33	sra	x22,x30,x29	 x30:0xfffffc59 x29:0x80000000 x22=0xfffffc59
      31235.000 ns	      3122	80000bf0	d00645d3	fcvt.s.w	f11,x12	 x12:0x00000000 f11=0x00000000
      31255.000 ns	      3124	80000bf4	407b50b3	sra	x1,x22,x7	 x22:0x00000000  x7:0x00000000  x1=0xfffffc59
      31265.000 ns	      3125	80000bf8	00000013	addi	x0,x0,0	  x0:0x00000000
      31275.000 ns	      3126	80000bfc	a1a43493	sltiu	x9,x8,-1510	  x8:0x00000000  x9=0x00000001
      31295.000 ns	      3128	80000c00	e00e81d3	fmv.x.w	x3,f29	 f29:0x7f800000  x3=0x7f800000
      31325.000 ns	      3131	80000c04	02adeb33	rem	x22,x27,x10	 x27:0xf1936e1b x10:0x00000000 x22=0xf1936e1b
      31355.000 ns	      3134	80000c08	200b0b53	fsgnj.s	f22,f22,f0	 f22:0xff800000  f0:0xff800000 f22=0xff800000
      31385.000 ns	      3137	80000c0c	f00a0d53	fmv.w.x	f26,x20	 x20:0xffffffff f26=0xffffffff
      31405.000 ns	      3139	80000c10	ab4be913	ori	x18,x23,-1356	 x23:0x80040fe4 x18=0xfffffff4
      31425.000 ns	      3141	80000c14	03071ab3	mulh	x21,x14,x16	 x14:0x80000000 x16:0x00000000 x21=0x00000000
      31445.000 ns	      3143	80000c18	4072d913	srai	x18,x5,0x7	  x5:0x00000000 x18=0x00000000
      31465.000 ns	      3145	80000c1c	e00686d3	fmv.x.w	x13,f13	 f13:0x43800000 x13=0x43800000
      31485.000 ns	      3147	80000c20	bdf73a17	auipc	x20,0xbdf73	 x20=0x3df73c20
      31505.000 ns	      3149	80000c24	a13a9753	flt.s	x14,f21,f19	 f21:0x00000000 f19:0xff7fffff x14=0x00000000
      31535.000 ns	      3152	80000c28	f00c8153	fmv.w.x	f2,x25	 x25:0x00000001  f2=0x00000001
      31575.000 ns	      3156	80000c2c	18767ad3	fdiv.s	f21,f12,f7	 f12:0x00000000  f7:0xff7fffff f21=0x80000000
      31625.000 ns	      3161	80000c30	09a29b53	fsub.s	f22,f5,f26	  f5:0x7f7fffff f26:0xffffffff f22=0x7fc00000
      31645.000 ns	      3163	80000c34	010ff9b3	and	x19,x31,x16	 x31:0xfffff93e x16:0x00000000 x19=0x00000000
      31655.000 ns	      3164	80000c38	01640733	add	x14,x8,x22	  x8:0x00000000 x22:0xf1936e1b x14=0xf1936e1b
      31685.000 ns	      3167	80000c3c	1954f3d3	fdiv.s	f7,f9,f21	  f9:0x7fc00000 f21:0x80000000  f7=0x7fc00000
      31715.000 ns	      3170	80000c40	a0930253	fle.s	x4,f6,f9	  f6:0xe0000000  f9:0x7fc00000  x4=0x00000000
      31735.000 ns	      3172	80000c44	01b129b3	slt	x19,x2,x27	  x2:0x00000000 x27:0xf1936e1b x19=0x00000000
      31745.000 ns	      3173	80000c48	405c5893	srai	x17,x24,0x5	 x24:0x00000000 x17=0x00000000
      31755.000 ns	      3174	80000c4c	01a6eab3	or	x21,x13,x26	 x13:0x43800000 x26:0x80000000 x21=0xc3800000
      31775.000 ns	      3176	80000c50	c00a7753	fcvt.w.s	x14,f20	 f20:0x00000000 x14=0x00000000
      31795.000 ns	      3178	80000c54	00aef133	and	x2,x29,x10	 x29:0x80000000 x10:0x00000000  x2=0x00000000
      31815.000 ns	      3180	80000c58	036d8133	mul	x2,x27,x22	 x27:0xf1936e1b x22:0xf1936e1b  x2=0x785d36d9
      31835.000 ns	      3182	80000c5c	739be013	ori	x0,x23,1849	 x23:0x80040fe4
      31855.000 ns	      3184	80000c60	c0092853	fcvt.w.s	x16,f18	 f18:0x7f800000 x16=0x7fffffff
      31875.000 ns	      3186	80000c64	01085f13	srli	x30,x16,0x10	 x16:0x00000000 x30=0x00007fff
      31895.000 ns	      3188	80000c68	e0088d53	fmv.x.w	x26,f17	 f17:0x7f7fffff x26=0x7f7fffff
      31925.000 ns	      3191	80000c6c	d0019653	fcvt.s.w	f12,x3	  x3:0x7f800000 f12=0x4eff0000
      31955.000 ns	      3194	80000c70	02cbef33	rem	x30,x23,x12	 x23:0x80040fe4 x12:0x00000000 x30=0x80040fe4
      31985.000 ns	      3197	80000c74	03b72933	mulhsu	x18,x14,x27	 x14:0x00000000 x27:0xf1936e1b x18=0x00000000
      32005.000 ns	      3199	80000c78	55600093	addi	x1,x0,1366	  x0:0x00000000  x1=0x00000556
      32015.000 ns	      3200	80000c7c	007aeeb3	or	x29,x21,x7	 x21:0xc3800000  x7:0x00000000 x29=0xc3800000
      32055.000 ns	      3204	80000c80	09eb7f53	fsub.s	f30,f22,f30	 f22:0x7fc00000 f30:0x7fc00000 f30=0x7fc00000
      32425.000 ns	      3241	80000c84	02f2d1b3	divu	x3,x5,x15	  x5:0x00000000 x15:0x0000074d  x3=0x00000000
      32445.000 ns	      3243	80000c88	33e1c0b7	lui	x1,0x33e1c	  x1=0x33e1c000
      32455.000 ns	      3244	80000c8c	00dd8f33	add	x30,x27,x13	 x27:0xf1936e1b x13:0x43800000 x30=0x35136e1b
      32465.000 ns	      3245	80000c90	00f25a93	srli	x21,x4,0xf	  x4:0x00000000 x21=0x00000000
      32825.000 ns	      3281	80000c94	03aa5cb3	divu	x25,x20,x26	 x20:0x3df73c20 x26:0x7f7fffff x25=0x00000000
      32865.000 ns	      3285	80000c98	5803f453	fsqrt.s	f8,f7	  f7:0x7fc00000  f8=0x7fc00000
      32895.000 ns	      3288	80000c9c	039a11b3	mulh	x3,x20,x25	 x20:0x3df73c20 x25:0x00000000  x3=0x00000000
      32915.000 ns	      3290	80000ca0	008243b3	xor	x7,x4,x8	  x4:0x00000000  x8:0x00000000  x7=0x00000000
      32925.000 ns	      3291	80000ca4	51817e93	andi	x29,x2,1304	  x2:0x785d36d9 x29=0x00000418
      32935.000 ns	      3292	80000ca8	01fabfb3	sltu	x31,x21,x31	 x21:0x00000000 x31:0xfffff93e x31=0x00000001
      32945.000 ns	      3293	80000cac	00ebcb33	xor	x22,x23,x14	 x23:0x80040fe4 x14:0x00000000 x22=0x80040fe4
      32965.000 ns	      3295	80000cb0	a10b2953	feq.s	x18,f22,f16	 f22:0x7fc00000 f16:0x7fc00000 x18=0x00000000
      32995.000 ns	      3298	80000cb4	e00e0753	fmv.x.w	x14,f28	 f28:0x7f7fffff x14=0x7f7fffff
      33025.000 ns	      3301	80000cb8	03e212b3	mulh	x5,x4,x30	  x4:0x00000000 x30:0x35136e1b  x5=0x00000000
      33055.000 ns	      3304	80000cbc	022db133	mulhu	x2,x27,x2	 x27:0xf1936e1b  x2:0x785d36d9  x2=0x719511ed
      33085.000 ns	      3307	80000cc0	022e8a33	mul	x20,x29,x2	 x29:0x00000418  x2:0x785d36d9 x20=0xfa416238
      33115.000 ns	      3310	80000cc4	28841d53	fmax.s	f26,f8,f8	  f8:0x7fc00000  f8:0x7fc00000 f26=0x7fc00000
      33145.000 ns	      3313	80000cc8	20150ed3	fsgnj.s	f29,f10,f1	 f10:0xc1b5ff11  f1:0x7f800000 f29=0x41b5ff11
      33175.000 ns	      3316	80000ccc	e0088953	fmv.x.w	x18,f17	 f17:0x7f7fffff x18=0x7f7fffff
      33205.000 ns	      3319	80000cd0	c018b9d3	fcvt.wu.s	x19,f17	 f17:0x7f7fffff x19=0xffffffff
      33225.000 ns	      3321	80000cd4	0152a033	slt	x0,x5,x21	  x5:0x00000000 x21:0x00000000
      33585.000 ns	      3357	80000cd8	02f3d6b3	divu	x13,x7,x15	  x7:0x00000000 x15:0x0000074d x13=0x00000000
      33615.000 ns	      3360	80000cdc	0247c2b3	div	x5,x15,x4	 x15:0x0000074d  x4:0x00000000  x5=0xffffffff
      33635.000 ns	      3362	80000ce0	00341093	slli	x1,x8,0x3	  x8:0x00000000  x1=0x00000000
      33655.000 ns	      3364	80000ce4	c0048653	fcvt.w.s	x12,f9	  f9:0x7fc00000 x12=0x7fffffff
      33695.000 ns	      3368	80000ce8	199a95d3	fdiv.s	f11,f21,f25	 f21:0x80000000 f25:0xff800000 f11=0x00000000
      33715.000 ns	      3370	80000cec	60409d17	auipc	x26,0x60409	 x26=0xe0409cec
      33725.000 ns	      3371	80000cf0	01a22b33	slt	x22,x4,x26	  x4:0x00000000 x26:0x7f7fffff x22=0x00000000
      33745.000 ns	      3373	80000cf4	293c8053	fmin.s	f0,f25,f19	 f25:0xff800000 f19:0xff7fffff  f0=0xff800000
      33775.000 ns	      3376	80000cf8	20f900d3	fsgnj.s	f1,f18,f15	 f18:0x7f800000 f15:0x7f800000  f1=0x7f800000
      33795.000 ns	      3378	80000cfc	fdbf2493	slti	x9,x30,-37	 x30:0x35136e1b  x9=0x00000000
      33815.000 ns	      3380	80000d00	a1621553	flt.s	x10,f4,f22	  f4:0x5f350461 f22:0x7fc00000 x10=0x00000000
      33835.000 ns	      3382	80000d04	40b00033	sub	x0,x0,x11	  x0:0x00000000 x11:0x00000000
      33865.000 ns	      3385	80000d08	11687bd3	fmul.s	f23,f16,f22	 f16:0x7fc00000 f22:0x7fc00000 f23=0x7fc00000
      33895.000 ns	      3388	80000d0c	035d95b3	mulh	x11,x27,x21	 x27:0xf1936e1b x21:0x00000000 x11=0x00000000
      33915.000 ns	      3390	80000d10	4170dc33	sra	x24,x1,x23	  x1:0x00000000 x23:0x80040fe4 x24=0x00000000
      33935.000 ns	      3392	80000d14	03c389b3	mul	x19,x7,x28	  x7:0x00000000 x28:0x80041024 x19=0x00000000
      33965.000 ns	      3395	80000d18	20078053	fsgnj.s	f0,f15,f0	 f15:0x7f800000  f0:0xff800000  f0=0xff800000
      33995.000 ns	      3398	80000d1c	c01cf8d3	fcvt.wu.s	x17,f25	 f25:0xff800000 x17=0x00000000
      34025.000 ns	      3401	80000d20	c01ff1d3	fcvt.wu.s	x3,f31	 f31:0x44e9a000  x3=0x0000074d
      34075.000 ns	      3406	80000d24	009d1ad3	fadd.s	f21,f26,f9	 f26:0x7fc00000  f9:0x7fc00000 f21=0x7fc00000
      34105.000 ns	      3409	80000d28	02781533	mulh	x10,x16,x7	 x16:0x7fffffff  x7:0x00000000 x10=0x00000000
      34155.000 ns	      3414	80000d2c	09e2bad3	fsub.s	f21,f5,f30	  f5:0x7f7fffff f30:0x7fc00000 f21=0x7fc00000
      34185.000 ns	      3417	80000d30	20c2ab53	fsgnjx.s	f22,f5,f12	  f5:0x7f7fffff f12:0x4eff0000 f22=0x7f7fffff
      34215.000 ns	      3420	80000d34	03ec3eb3	mulhu	x29,x24,x30	 x24:0x00000000 x30:0x35136e1b x29=0x00000000
      34245.000 ns	      3423	80000d38	28f113d3	fmax.s	f7,f2,f15	  f2:0x00000001 f15:0x7f800000  f7=0x7f800000
      34265.000 ns	      3425	80000d3c	0135b9b3	sltu	x19,x11,x19	 x11:0x00000000 x19:0x00000000 x19=0x00000000
      34275.000 ns	      3426	80000d40	40ed5113	srai	x2,x26,0xe	 x26:0xe0409cec  x2=0xffff8102
      34305.000 ns	      3429	80000d44	5805bed3	fsqrt.s	f29,f11	 f11:0x00000000 f29=0x00000000
      34345.000 ns	      3433	80000d48	5805a453	fsqrt.s	f8,f11	 f11:0x00000000  f8=0x00000000
      34395.000 ns	      3438	80000d4c	09ecc7d3	fsub.s	f15,f25,f30	 f25:0xff800000 f30:0x7fc00000 f15=0x7fc00000
      34415.000 ns	      3440	80000d50	01e6a033	slt	x0,x13,x30	 x13:0x00000000 x30:0x35136e1b
      34425.000 ns	      3441	80000d54	14d9c293	xori	x5,x19,333	 x19:0x00000000  x5=0x0000014d
      34445.000 ns	      3443	80000d58	a1d5a153	feq.s	x2,f11,f29	 f11:0x00000000 f29:0x00000000  x2=0x00000001
      34465.000 ns	      3445	80000d5c	00a37633	and	x12,x6,x10	  x6:0x0000003e x10:0x00000000 x12=0x00000000
      34485.000 ns	      3447	80000d60	a1f62f53	feq.s	x30,f12,f31	 f12:0x4eff0000 f31:0x44e9a000 x30=0x00000000
      34515.000 ns	      3450	80000d64	2121acd3	fsgnjx.s	f25,f3,f18	  f3:0xcf000000 f18:0x7f800000 f25=0xcf000000
      34535.000 ns	      3452	80000d68	ca13bd13	sltiu	x26,x7,-863	  x7:0x00000000 x26=0x00000001
      34555.000 ns	      3454	80000d6c	e0048c53	fmv.x.w	x24,f9	  f9:0x7fc00000 x24=0x7fc00000
      34585.000 ns	      3457	80000d70	03468233	mul	x4,x13,x20	 x13:0x00000000 x20:0xfa416238  x4=0x00000000
      34615.000 ns	      3460	80000d74	e0021953	fclass.s	x18,f4	  f4:0x5f350461 x18=0x00000040
      34645.000 ns	      3463	80000d78	21f229d3	fsgnjx.s	f19,f4,f31	  f4:0x5f350461 f31:0x44e9a000 f19=0x5f350461
      34665.000 ns	      3465	80000d7c	00a91c33	sll	x24,x18,x10	 x18:0x00000040 x10:0x00000000 x24=0x00000040
      34675.000 ns	      3466	80000d80	00548533	add	x10,x9,x5	  x9:0x00000000  x5:0x0000014d x10=0x0000014d
      34695.000 ns	      3468	80000d84	03b3b6b3	mulhu	x13,x7,x27	  x7:0x00000000 x27:0xf1936e1b x13=0x00000000
      34715.000 ns	      3470	80000d88	40ab07b3	sub	x15,x22,x10	 x22:0x00000000 x10:0x00000000 x15=0xfffffeb3
      34735.000 ns	      3472	80000d8c	f0090f53	fmv.w.x	f30,x18	 x18:0x00000040 f30=0x00000040
      34765.000 ns	      3475	80000d90	c00f23d3	fcvt.w.s	x7,f30	 f30:0x7fc00000  x7=0x00000000
      34795.000 ns	      3478	80000d94	a1b40153	fle.s	x2,f8,f27	  f8:0x00000000 f27:0x0000074d  x2=0x00000001
      34815.000 ns	      3480	80000d98	005968b3	or	x17,x18,x5	 x18:0x00000040  x5:0x0000014d x17=0x0000014d
      34825.000 ns	      3481	80000d9c	009f25b3	slt	x11,x30,x9	 x30:0x00000000  x9:0x00000000 x11=0x00000000
      34845.000 ns	      3483	80000da0	028d7033	remu	x0,x26,x8	 x26:0x00000001  x8:0x00000000
      34875.000 ns	      3486	80000da4	21a9ae53	fsgnjx.s	f28,f19,f26	 f19:0x5f350461 f26:0x7fc00000 f28=0x5f350461
      34905.000 ns	      3489	80000da8	0236a5b3	mulhsu	x11,x13,x3	 x13:0x00000000  x3:0x0000074d x11=0x00000000
      34925.000 ns	      3491	80000dac	00b22833	slt	x16,x4,x11	  x4:0x00000000 x11:0x00000000 x16=0x00000000
      34945.000 ns	      3493	80000db0	a1d71353	flt.s	x6,f14,f29	 f14:0x7f800000 f29:0x00000000  x6=0x00000000
      34975.000 ns	      3496	80000db4	210e2c53	fsgnjx.s	f24,f28,f16	 f28:0x5f350461 f16:0x7fc00000 f24=0x5f350461
      35345.000 ns	      3533	80000db8	023af3b3	remu	x7,x21,x3	 x21:0x00000000  x3:0x0000074d  x7=0x00000000
      35385.000 ns	      3537	80000dbc	19acc653	fdiv.s	f12,f25,f26	 f25:0xcf000000 f26:0x7fc00000 f12=0x7fc00000
      36565.000 ns	      3655	80000dc0	580e1253	fsqrt.s	f4,f28	 f28:0x5f350461  f4=0x4efffef4
      36585.000 ns	      3657	80000dc4	00000013	addi	x0,x0,0	  x0:0x00000000
      36605.000 ns	      3659	80000dc8	f00900d3	fmv.w.x	f1,x18	 x18:0x00000040  f1=0x00000040
      36625.000 ns	      3661	80000dcc	00000013	addi	x0,x0,0	  x0:0x00000000
      36635.000 ns	      3662	80000dd0	01fb5d13	srli	x26,x22,0x1f	 x22:0x00000000 x26=0x00000000
      36645.000 ns	      3663	80000dd4	009f1fb3	sll	x31,x30,x9	 x30:0x00000000  x9:0x00000000 x31=0x00000000
      36655.000 ns	      3664	80000dd8	8640b797	auipc	x15,0x8640b	 x15=0x0640bdd8
      36695.000 ns	      3668	80000ddc	00ddfb53	fadd.s	f22,f27,f13	 f27:0x0000074d f13:0x43800000 f22=0x43800000
      36715.000 ns	      3670	80000de0	0e16a413	slti	x8,x13,225	 x13:0x00000000  x8=0x00000001
      37075.000 ns	      3706	80000de4	034df8b3	remu	x17,x27,x20	 x27:0xf1936e1b x20:0xfa416238 x17=0xf1936e1b
      37105.000 ns	      3709	80000de8	e00b01d3	fmv.x.w	x3,f22	 f22:0x43800000  x3=0x43800000
      37125.000 ns	      3711	80000dec	01892833	slt	x16,x18,x24	 x18:0x00000040 x24:0x00000040 x16=0x00000000
      37135.000 ns	      3712	80000df0	406dda13	srai	x20,x27,0x6	 x27:0xf1936e1b x20=0xffc64db8
      37155.000 ns	      3714	80000df4	f0028ad3	fmv.w.x	f21,x5	  x5:0x0000014d f21=0x0000014d
      37175.000 ns	      3716	80000df8	00000013	addi	x0,x0,0	  x0:0x00000000
      37195.000 ns	      3718	80000dfc	e0059a53	fclass.s	x20,f11	 f11:0x00000000 x20=0x00000010
      37215.000 ns	      3720	80000e00	42694c93	xori	x25,x18,1062	 x18:0x00000040 x25=0x00000466
      37235.000 ns	      3722	80000e04	d00aaed3	fcvt.s.w	f29,x21	 x21:0x00000000 f29=0x00000000
      37255.000 ns	      3724	80000e08	0025e8b3	or	x17,x11,x2	 x11:0x00000000  x2:0x00000001 x17=0x00000001
      37275.000 ns	      3726	80000e0c	d0064a53	fcvt.s.w	f20,x12	 x12:0x00000000 f20=0x00000000
      37305.000 ns	      3729	80000e10	0285b8b3	mulhu	x17,x11,x8	 x11:0x00000000  x8:0x00000001 x17=0x00000000
      37355.000 ns	      3734	80000e14	08e419d3	fsub.s	f19,f8,f14	  f8:0x00000000 f14:0x7f800000 f19=0xff800000
      37375.000 ns	      3736	80000e18	01ad17b3	sll	x15,x26,x26	 x26:0x00000000 x26:0x00000000 x15=0x00000000
      37415.000 ns	      3740	80000e1c	01a13e53	fadd.s	f28,f2,f26	  f2:0x00000001 f26:0x7fc00000 f28=0x7fc00000
      37465.000 ns	      3745	80000e20	007ff9d3	fadd.s	f19,f31,f7	 f31:0x44e9a000  f7:0x7f800000 f19=0x7f800000
      37485.000 ns	      3747	80000e24	0056a533	slt	x10,x13,x5	 x13:0x00000000  x5:0x0000014d x10=0x00000001
      37495.000 ns	      3748	80000e28	00000013	addi	x0,x0,0	  x0:0x00000000
      37505.000 ns	      3749	80000e2c	00000013	addi	x0,x0,0	  x0:0x00000000
      37515.000 ns	      3750	80000e30	01b6ed33	or	x26,x13,x27	 x13:0x00000000 x27:0xf1936e1b x26=0xf1936e1b
      37535.000 ns	      3752	80000e34	a0cd12d3	flt.s	x5,f26,f12	 f26:0x7fc00000 f12:0x7fc00000  x5=0x00000000
      37565.000 ns	      3755	80000e38	210eafd3	fsgnjx.s	f31,f29,f16	 f29:0x00000000 f16:0x7fc00000 f31=0x00000000
      37935.000 ns	      3792	80000e3c	0383e733	rem	x14,x7,x24	  x7:0x00000000 x24:0x00000040 x14=0x00000000
      37975.000 ns	      3796	80000e40	103c7353	fmul.s	f6,f24,f3	 f24:0x5f350461  f3:0xcf000000  f6=0xeeb50462
      37995.000 ns	      3798	80000e44	007df333	and	x6,x27,x7	 x27:0xf1936e1b  x7:0x00000000  x6=0x00000000
      38015.000 ns	      3800	80000e48	a06597d3	flt.s	x15,f11,f6	 f11:0x00000000  f6:0xeeb50462 x15=0x00000000
      38045.000 ns	      3803	80000e4c	d00dbbd3	fcvt.s.w	f23,x27	 x27:0xf1936e1b f23=0xcd66c91f
      38085.000 ns	      3807	80000e50	1104a1d3	fmul.s	f3,f9,f16	  f9:0x7fc00000 f16:0x7fc00000  f3=0x7fc00000
      38135.000 ns	      3812	80000e54	006e7353	fadd.s	f6,f28,f6	 f28:0x7fc00000  f6:0xeeb50462  f6=0x7fc00000
      38155.000 ns	      3814	80000e58	00aa9b33	sll	x22,x21,x10	 x21:0x00000000 x10:0x00000001 x22=0x00000000
      38165.000 ns	      3815	80000e5c	00d27eb3	and	x29,x4,x13	  x4:0x00000000 x13:0x00000000 x29=0x00000000
      38175.000 ns	      3816	80000e60	08305237	lui	x4,0x8305	  x4=0x08305000
      38195.000 ns	      3818	80000e64	20d4a053	fsgnjx.s	f0,f9,f13	  f9:0x7fc00000 f13:0x43800000  f0=0x7fc00000
      38215.000 ns	      3820	80000e68	013677b3	and	x15,x12,x19	 x12:0x00000000 x19:0x00000000 x15=0x00000000
      38575.000 ns	      3856	80000e6c	03994ab3	div	x21,x18,x25	 x18:0x00000040 x25:0x00000466 x21=0x00000000
      38605.000 ns	      3859	80000e70	f0050fd3	fmv.w.x	f31,x10	 x10:0x00000001 f31=0x00000001
      38635.000 ns	      3862	80000e74	20198153	fsgnj.s	f2,f19,f1	 f19:0x7f800000  f1:0x00000040  f2=0x7f800000
      38655.000 ns	      3864	80000e78	47198f93	addi	x31,x19,1137	 x19:0x00000000 x31=0x00000471
      38675.000 ns	      3866	80000e7c	030f5c33	divu	x24,x30,x16	 x30:0x00000000 x16:0x00000000 x24=0xffffffff
      38705.000 ns	      3869	80000e80	d00c7753	fcvt.s.w	f14,x24	 x24:0x00000040 f14=0xbf800000
      38755.000 ns	      3874	80000e84	087078d3	fsub.s	f17,f0,f7	  f0:0x7fc00000  f7:0x7f800000 f17=0x7fc00000
      38785.000 ns	      3877	80000e88	a1288553	fle.s	x10,f17,f18	 f17:0x7f7fffff f18:0x7f800000 x10=0x00000000
      38815.000 ns	      3880	80000e8c	02cff3b3	remu	x7,x31,x12	 x31:0x00000471 x12:0x00000000  x7=0x00000471
      38835.000 ns	      3882	80000e90	d963e113	ori	x2,x7,-618	  x7:0x00000000  x2=0xfffffdf7
      38845.000 ns	      3883	80000e94	c3fb67b7	lui	x15,0xc3fb6	 x15=0xc3fb6000
      38865.000 ns	      3885	80000e98	d0124cd3	fcvt.s.wu	f25,x4	  x4:0x08305000 f25=0x4d030500
      38895.000 ns	      3888	80000e9c	29151853	fmax.s	f16,f10,f17	 f10:0xc1b5ff11 f17:0x7fc00000 f16=0xc1b5ff11
      38915.000 ns	      3890	80000ea0	00fc6eb3	or	x29,x24,x15	 x24:0xffffffff x15:0xc3fb6000 x29=0xffffffff
      38925.000 ns	      3891	80000ea4	011a60b3	or	x1,x20,x17	 x20:0x00000010 x17:0x00000000  x1=0x00000010
      38955.000 ns	      3894	80000ea8	11d77cd3	fmul.s	f25,f14,f29	 f14:0xbf800000 f29:0x00000000 f25=0x80000000
      38975.000 ns	      3896	80000eac	00000013	addi	x0,x0,0	  x0:0x00000000
      38995.000 ns	      3898	80000eb0	210ea7d3	fsgnjx.s	f15,f29,f16	 f29:0x00000000 f16:0xc1b5ff11 f15=0x80000000
      39025.000 ns	      3901	80000eb4	c01cf853	fcvt.wu.s	x16,f25	 f25:0x80000000 x16=0x00000000
      39055.000 ns	      3904	80000eb8	207d98d3	fsgnjn.s	f17,f27,f7	 f27:0x0000074d  f7:0x7f800000 f17=0x8000074d
      39095.000 ns	      3908	80000ebc	102e9453	fmul.s	f8,f29,f2	 f29:0x00000000  f2:0x7f800000  f8=0x7fc00000
      39125.000 ns	      3911	80000ec0	d01143d3	fcvt.s.wu	f7,x2	  x2:0xfffffdf7  f7=0x4f7ffffe
      39145.000 ns	      3913	80000ec4	0143cc33	xor	x24,x7,x20	  x7:0x00000471 x20:0x00000010 x24=0x00000461
      39155.000 ns	      3914	80000ec8	6c21cd37	lui	x26,0x6c21c	 x26=0x6c21c000
      39175.000 ns	      3916	80000ecc	03c70733	mul	x14,x14,x28	 x14:0x00000000 x28:0x80041024 x14=0x00000000
      39195.000 ns	      3918	80000ed0	017006b3	add	x13,x0,x23	  x0:0x00000000 x23:0x80040fe4 x13=0x80040fe4
      39215.000 ns	      3920	80000ed4	03851b33	mulh	x22,x10,x24	 x10:0x00000000 x24:0x00000461 x22=0x00000000
      39235.000 ns	      3922	80000ed8	ba80e293	ori	x5,x1,-1112	  x1:0x00000010  x5=0xfffffbb8
      39255.000 ns	      3924	80000edc	a1378d53	fle.s	x26,f15,f19	 f15:0x80000000 f19:0x7f800000 x26=0x00000001
      39275.000 ns	      3926	80000ee0	004ce9b3	or	x19,x25,x4	 x25:0x00000466  x4:0x08305000 x19=0x08305466
      39295.000 ns	      3928	80000ee4	037da9b3	mulhsu	x19,x27,x23	 x27:0xf1936e1b x23:0x80040fe4 x19=0xf8c97c76
      39315.000 ns	      3930	80000ee8	0e433837	lui	x16,0xe433	 x16=0x0e433000
      39335.000 ns	      3932	80000eec	0295d933	divu	x18,x11,x9	 x11:0x00000000  x9:0x00000000 x18=0xffffffff
      39355.000 ns	      3934	80000ef0	00685813	srli	x16,x16,0x6	 x16:0x00000000 x16=0x00390cc0
      39375.000 ns	      3936	80000ef4	29710a53	fmin.s	f20,f2,f23	  f2:0x7f800000 f23:0xcd66c91f f20=0xcd66c91f
      39395.000 ns	      3938	80000ef8	001032b3	sltu	x5,x0,x1	  x0:0x00000000  x1:0x00000010  x5=0x00000001
      39425.000 ns	      3941	80000efc	183670d3	fdiv.s	f1,f12,f3	 f12:0x7fc00000  f3:0x7fc00000  f1=0x7fc00000
      39455.000 ns	      3944	80000f00	e0090353	fmv.x.w	x6,f18	 f18:0x7f800000  x6=0x7f800000
      39485.000 ns	      3947	80000f04	218f1d53	fsgnjn.s	f26,f30,f24	 f30:0x00000040 f24:0x5f350461 f26=0x80000040
      39515.000 ns	      3950	80000f08	201e96d3	fsgnjn.s	f13,f29,f1	 f29:0x00000000  f1:0x7fc00000 f13=0x80000000
      39535.000 ns	      3952	80000f0c	004b0933	add	x18,x22,x4	 x22:0x00000000  x4:0x08305000 x18=0x08305000
      39555.000 ns	      3954	80000f10	d0143b53	fcvt.s.wu	f22,x8	  x8:0x00000001 f22=0x3f800000
      39585.000 ns	      3957	80000f14	03a202b3	mul	x5,x4,x26	  x4:0x08305000 x26:0x00000001  x5=0x08305000
      39605.000 ns	      3959	80000f18	6c293213	sltiu	x4,x18,1730	 x18:0x08305000  x4=0x00000000
      39625.000 ns	      3961	80000f1c	e0098953	fmv.x.w	x18,f19	 f19:0x7f800000 x18=0x7f800000
      39645.000 ns	      3963	80000f20	29f58313	addi	x6,x11,671	 x11:0x00000000  x6=0x0000029f
      39655.000 ns	      3964	80000f24	0171e533	or	x10,x3,x23	  x3:0x43800000 x23:0x80040fe4 x10=0xc3840fe4
      40015.000 ns	      4000	80000f28	039242b3	div	x5,x4,x25	  x4:0x00000000 x25:0x00000466  x5=0x00000000
      40045.000 ns	      4003	80000f2c	a0d486d3	fle.s	x13,f9,f13	  f9:0x7fc00000 f13:0x80000000 x13=0x00000000
      40075.000 ns	      4006	80000f30	03e887b3	mul	x15,x17,x30	 x17:0x00000000 x30:0x00000000 x15=0x00000000
      40445.000 ns	      4043	80000f34	034b6cb3	rem	x25,x22,x20	 x22:0x00000000 x20:0x00000010 x25=0x00000000
      40475.000 ns	      4046	80000f38	f00281d3	fmv.w.x	f3,x5	  x5:0x00000000  f3=0x00000000
      40495.000 ns	      4048	80000f3c	f5e8d3b7	lui	x7,0xf5e8d	  x7=0xf5e8d000
      40515.000 ns	      4050	80000f40	03028b33	mul	x22,x5,x16	  x5:0x00000000 x16:0x00390cc0 x22=0x00000000
      40535.000 ns	      4052	80000f44	01b53233	sltu	x4,x10,x27	 x10:0xc3840fe4 x27:0xf1936e1b  x4=0x00000001
      40555.000 ns	      4054	80000f48	020f17b3	mulh	x15,x30,x0	 x30:0x00000000  x0:0x00000000 x15=0x00000000
      40585.000 ns	      4057	80000f4c	21739153	fsgnjn.s	f2,f7,f23	  f7:0x4f7ffffe f23:0xcd66c91f  f2=0x4f7ffffe
      40605.000 ns	      4059	80000f50	0016c533	xor	x10,x13,x1	 x13:0x00000000  x1:0x00000010 x10=0x00000010
      40645.000 ns	      4063	80000f54	00212553	fadd.s	f10,f2,f2	  f2:0x4f7ffffe  f2:0x4f7ffffe f10=0x4ffffffe
      40665.000 ns	      4065	80000f58	00000013	addi	x0,x0,0	  x0:0x00000000
      40675.000 ns	      4066	80000f5c	00844f33	xor	x30,x8,x8	  x8:0x00000001  x8:0x00000001 x30=0x00000000
      40705.000 ns	      4069	80000f60	18e61fd3	fdiv.s	f31,f12,f14	 f12:0x7fc00000 f14:0xbf800000 f31=0x7fc00000
      41075.000 ns	      4106	80000f64	038159b3	divu	x19,x2,x24	  x2:0xfffffdf7 x24:0x00000461 x19=0x003a764a
      41095.000 ns	      4108	80000f68	41120733	sub	x14,x4,x17	  x4:0x00000001 x17:0x00000000 x14=0x00000001
      41105.000 ns	      4109	80000f6c	acf2b413	sltiu	x8,x5,-1329	  x5:0x00000000  x8=0x00000001
      41465.000 ns	      4145	80000f70	021dd333	divu	x6,x27,x1	 x27:0xf1936e1b  x1:0x00000010  x6=0x0f1936e1
      41505.000 ns	      4149	80000f74	115431d3	fmul.s	f3,f8,f21	  f8:0x7fc00000 f21:0x0000014d  f3=0x7fc00000
      41525.000 ns	      4151	80000f78	a72a7193	andi	x3,x20,-1422	 x20:0x00000010  x3=0x00000010
      41535.000 ns	      4152	80000f7c	0106a0b3	slt	x1,x13,x16	 x13:0x00000000 x16:0x00390cc0  x1=0x00000001
      41555.000 ns	      4154	80000f80	a095a153	feq.s	x2,f11,f9	 f11:0x00000000  f9:0x7fc00000  x2=0x00000000
      41585.000 ns	      4157	80000f84	a1b82a53	feq.s	x20,f16,f27	 f16:0xc1b5ff11 f27:0x0000074d x20=0x00000000
      41615.000 ns	      4160	80000f88	c0131b53	fcvt.wu.s	x22,f6	  f6:0x7fc00000 x22=0xffffffff
      41655.000 ns	      4164	80000f8c	10ccfb53	fmul.s	f22,f25,f12	 f25:0x80000000 f12:0x7fc00000 f22=0x7fc00000
      41675.000 ns	      4166	80000f90	01160fb3	add	x31,x12,x17	 x12:0x00000000 x17:0x00000000 x31=0x00000000
      41685.000 ns	      4167	80000f94	008881b3	add	x3,x17,x8	 x17:0x00000000  x8:0x00000001  x3=0x00000001
      41695.000 ns	      4168	80000f98	acf03013	sltiu	x0,x0,-1329	  x0:0x00000000
      41705.000 ns	      4169	80000f9c	40d402b3	sub	x5,x8,x13	  x8:0x00000001 x13:0x00000000  x5=0x00000001
      41745.000 ns	      4173	80000fa0	09b97853	fsub.s	f16,f18,f27	 f18:0x7f800000 f27:0x0000074d f16=0x7f800000
      41775.000 ns	      4176	80000fa4	c00fff53	fcvt.w.s	x30,f31	 f31:0x7fc00000 x30=0x7fffffff
      41805.000 ns	      4179	80000fa8	a19796d3	flt.s	x13,f15,f25	 f15:0x80000000 f25:0x80000000 x13=0x00000000
      41825.000 ns	      4181	80000fac	41038cb3	sub	x25,x7,x16	  x7:0xf5e8d000 x16:0x00390cc0 x25=0xf5afc340
      41855.000 ns	      4184	80000fb0	18b2f853	fdiv.s	f16,f5,f11	  f5:0x7f7fffff f11:0x00000000 f16=0x7f800000
      41885.000 ns	      4187	80000fb4	02f34933	div	x18,x6,x15	  x6:0x0f1936e1 x15:0x00000000 x18=0xffffffff
      41905.000 ns	      4189	80000fb8	66104237	lui	x4,0x66104	  x4=0x66104000
      41925.000 ns	      4191	80000fbc	2090ac53	fsgnjx.s	f24,f1,f9	  f1:0x7fc00000  f9:0x7fc00000 f24=0x7fc00000
      41955.000 ns	      4194	80000fc0	a040aad3	feq.s	x21,f1,f4	  f1:0x7fc00000  f4:0x4efffef4 x21=0x00000000
      41985.000 ns	      4197	80000fc4	e00a95d3	fclass.s	x11,f21	 f21:0x0000014d x11=0x00000020
      42015.000 ns	      4200	80000fc8	219f8ad3	fsgnj.s	f21,f31,f25	 f31:0x7fc00000 f25:0x80000000 f21=0xffc00000
      42035.000 ns	      4202	80000fcc	41a65313	srai	x6,x12,0x1a	 x12:0x00000000  x6=0x00000000
      42045.000 ns	      4203	80000fd0	415fde93	srai	x29,x31,0x15	 x31:0x00000000 x29=0x00000000
      42065.000 ns	      4205	80000fd4	d009c753	fcvt.s.w	f14,x19	 x19:0x003a764a f14=0x4a69d928
      42085.000 ns	      4207	80000fd8	0a5ae393	ori	x7,x21,165	 x21:0x00000000  x7=0x000000a5
      42095.000 ns	      4208	80000fdc	00507633	and	x12,x0,x5	  x0:0x00000000  x5:0x00000001 x12=0x00000000
      42115.000 ns	      4210	80000fe0	28a28ed3	fmin.s	f29,f5,f10	  f5:0x7f7fffff f10:0x4ffffffe f29=0x4ffffffe
      42145.000 ns	      4213	80000fe4	02bc32b3	mulhu	x5,x24,x11	 x24:0x00000461 x11:0x00000020  x5=0x00000000
      42165.000 ns	      4215	80000fe8	e44f8513	addi	x10,x31,-444	 x31:0x00000000 x10=0xfffffe44
      42175.000 ns	      4216	80000fec	40b9d7b3	sra	x15,x19,x11	 x19:0x003a764a x11:0x00000020 x15=0x003a764a
      42195.000 ns	      4218	80000ff0	037d32b3	mulhu	x5,x26,x23	 x26:0x00000001 x23:0x80040fe4  x5=0x00000000
      42245.000 ns	      4223	80000ff4	09abf653	fsub.s	f12,f23,f26	 f23:0xcd66c91f f26:0x80000040 f12=0xcd66c91f
      42265.000 ns	      4225	80000ff8	db094f17	auipc	x30,0xdb094	 x30=0x5b094ff8
      42285.000 ns	      4227	80000ffc	28a50353	fmin.s	f6,f10,f10	 f10:0x4ffffffe f10:0x4ffffffe  f6=0x4ffffffe
      42305.000 ns	      4229	80001000	018f33b3	sltu	x7,x30,x24	 x30:0x7fffffff x24:0x00000461  x7=0x00000000
      42325.000 ns	      4231	80001004	f00c8153	fmv.w.x	f2,x25	 x25:0xf5afc340  f2=0xf5afc340
      42345.000 ns	      4233	80001008	fca84493	xori	x9,x16,-54	 x16:0x00390cc0  x9=0xffc6f30a
      42355.000 ns	      4234	8000100c	67381137	lui	x2,0x67381	  x2=0x67381000
      42365.000 ns	      4235	80001010	41a884b3	sub	x9,x17,x26	 x17:0x00000000 x26:0x00000001  x9=0xffffffff
      42385.000 ns	      4237	80001014	28898cd3	fmin.s	f25,f19,f8	 f19:0x7f800000  f8:0x7fc00000 f25=0x7f800000
      42415.000 ns	      4240	80001018	a0a88a53	fle.s	x20,f17,f10	 f17:0x8000074d f10:0x4ffffffe x20=0x00000001
      42435.000 ns	      4242	8000101c	409ed413	srai	x8,x29,0x9	 x29:0x00000000  x8=0x00000000
      42455.000 ns	      4244	80001020	03830333	mul	x6,x6,x24	  x6:0x00000000 x24:0x00000461  x6=0x00000000
      42485.000 ns	      4247	80001024	e0060ad3	fmv.x.w	x21,f12	 f12:0xcd66c91f x21=0xcd66c91f
      42505.000 ns	      4249	80001028	00177c33	and	x24,x14,x1	 x14:0x00000001  x1:0x00000001 x24=0x00000001
      42535.000 ns	      4252	8000102c	580c0b53	fsqrt.s	f22,f24	 f24:0x7fc00000 f22=0x7fc00000
      42905.000 ns	      4289	80001030	0346d333	divu	x6,x13,x20	 x13:0x00000000 x20:0x00000001  x6=0x00000000
      42935.000 ns	      4292	80001034	f0028853	fmv.w.x	f16,x5	  x5:0x00000000 f16=0x00000000
      42955.000 ns	      4294	80001038	00105713	srli	x14,x0,0x1	  x0:0x00000000 x14=0x00000000
      42965.000 ns	      4295	8000103c	1b84a213	slti	x4,x9,440	  x9:0xffffffff  x4=0x00000001
      42975.000 ns	      4296	80001040	8815b493	sltiu	x9,x11,-1919	 x11:0x00000020  x9=0x00000001
      42985.000 ns	      4297	80001044	c9243713	sltiu	x14,x8,-878	  x8:0x00000000 x14=0x00000001
      42995.000 ns	      4298	80001048	407457b3	sra	x15,x8,x7	  x8:0x00000000  x7:0x00000000 x15=0x00000000
      43005.000 ns	      4299	8000104c	7ce0f213	andi	x4,x1,1998	  x1:0x00000001  x4=0x00000000
      43025.000 ns	      4301	80001050	21cc0953	fsgnj.s	f18,f24,f28	 f24:0x7fc00000 f28:0x7fc00000 f18=0x7fc00000
      43045.000 ns	      4303	80001054	71e43f13	sltiu	x30,x8,1822	  x8:0x00000000 x30=0x00000001
      43065.000 ns	      4305	80001058	20682ed3	fsgnjx.s	f29,f16,f6	 f16:0x00000000  f6:0x4ffffffe f29=0x00000000
      43095.000 ns	      4308	8000105c	03c709b3	mul	x19,x14,x28	 x14:0x00000001 x28:0x80041024 x19=0x80041024
      43115.000 ns	      4310	80001060	00b85093	srli	x1,x16,0xb	 x16:0x00390cc0  x1=0x00000721
      43155.000 ns	      4314	80001064	00f57353	fadd.s	f6,f10,f15	 f10:0x4ffffffe f15:0x80000000  f6=0x4ffffffe
      43175.000 ns	      4316	80001068	cea5f693	andi	x13,x11,-790	 x11:0x00000020 x13=0x00000020
      43195.000 ns	      4318	8000106c	0366a7b3	mulhsu	x15,x13,x22	 x13:0x00000000 x22:0xffffffff x15=0x0000001f
      43245.000 ns	      4323	80001070	01acfd53	fadd.s	f26,f25,f26	 f25:0x7f800000 f26:0x80000040 f26=0x7f800000
      43285.000 ns	      4327	80001074	1161f653	fmul.s	f12,f3,f22	  f3:0x7fc00000 f22:0x7fc00000 f12=0x7fc00000
      43305.000 ns	      4329	80001078	0caec693	xori	x13,x29,202	 x29:0x00000000 x13=0x000000ca
      43315.000 ns	      4330	8000107c	01fc63b3	or	x7,x24,x31	 x24:0x00000001 x31:0x00000000  x7=0x00000001
      43675.000 ns	      4366	80001080	02d45ab3	divu	x21,x8,x13	  x8:0x00000000 x13:0x00000020 x21=0x00000000
      43705.000 ns	      4369	80001084	a0c40353	fle.s	x6,f8,f12	  f8:0x7fc00000 f12:0x7fc00000  x6=0x00000000
      43735.000 ns	      4372	80001088	28929453	fmax.s	f8,f5,f9	  f5:0x7f7fffff  f9:0x7fc00000  f8=0x7f7fffff
      43755.000 ns	      4374	8000108c	01cd10b3	sll	x1,x26,x28	 x26:0x00000001 x28:0x80041024  x1=0x00000010
      43765.000 ns	      4375	80001090	b24e2f93	slti	x31,x28,-1244	 x28:0x80041024 x31=0x00000001
      43775.000 ns	      4376	80001094	000df2b3	and	x5,x27,x0	 x27:0xf1936e1b  x0:0x00000000  x5=0x00000000
      43795.000 ns	      4378	80001098	0203c6b3	div	x13,x7,x0	  x7:0x00000001  x0:0x00000000 x13=0xffffffff
      44165.000 ns	      4415	8000109c	03254933	div	x18,x10,x18	 x10:0xfffffe44 x18:0xffffffff x18=0x000001bc
      44195.000 ns	      4418	800010a0	d00a7d53	fcvt.s.w	f26,x20	 x20:0x00000001 f26=0x3f800000
      44225.000 ns	      4421	800010a4	a07b8253	fle.s	x4,f23,f7	 f23:0xcd66c91f  f7:0x4f7ffffe  x4=0x00000001
      44255.000 ns	      4424	800010a8	a0d89a53	flt.s	x20,f17,f13	 f17:0x8000074d f13:0x80000000 x20=0x00000001
      44285.000 ns	      4427	800010ac	d00d8353	fcvt.s.w	f6,x27	 x27:0xf1936e1b  f6=0xcd66c91e
      44305.000 ns	      4429	800010b0	c3aa4eb7	lui	x29,0xc3aa4	 x29=0xc3aa4000
      44325.000 ns	      4431	800010b4	a061aad3	feq.s	x21,f3,f6	  f3:0x7fc00000  f6:0xcd66c91e x21=0x00000000
      44695.000 ns	      4468	800010b8	03ec5533	divu	x10,x24,x30	 x24:0x00000001 x30:0x00000001 x10=0x00000001
      44735.000 ns	      4472	800010bc	580ef6d3	fsqrt.s	f13,f29	 f29:0x00000000 f13=0x00000000
      44765.000 ns	      4475	800010c0	02b485b3	mul	x11,x9,x11	  x9:0x00000001 x11:0x00000020 x11=0x00000020
      44785.000 ns	      4477	800010c4	018e3533	sltu	x10,x28,x24	 x28:0x80041024 x24:0x00000001 x10=0x00000000
      44805.000 ns	      4479	800010c8	a0ab0ed3	fle.s	x29,f22,f10	 f22:0x7fc00000 f10:0x4ffffffe x29=0x00000000
      44825.000 ns	      4481	800010cc	0095c7b3	xor	x15,x11,x9	 x11:0x00000020  x9:0x00000001 x15=0x00000021
      44845.000 ns	      4483	800010d0	209f8e53	fsgnj.s	f28,f31,f9	 f31:0x7fc00000  f9:0x7fc00000 f28=0x7fc00000
      44865.000 ns	      4485	800010d4	007b89b3	add	x19,x23,x7	 x23:0x80040fe4  x7:0x00000001 x19=0x80040fe5
      44885.000 ns	      4487	800010d8	28440dd3	fmin.s	f27,f8,f4	  f8:0x7f7fffff  f4:0x4efffef4 f27=0x4efffef4
      44915.000 ns	      4490	800010dc	d000bed3	fcvt.s.w	f29,x1	  x1:0x00000010 f29=0x41800000
      44945.000 ns	      4493	800010e0	c00c78d3	fcvt.w.s	x17,f24	 f24:0x7fc00000 x17=0x7fffffff
      44995.000 ns	      4498	800010e4	015f4cd3	fadd.s	f25,f30,f21	 f30:0x00000040 f21:0xffc00000 f25=0x7fc00000
      45015.000 ns	      4500	800010e8	41e75513	srai	x10,x14,0x1e	 x14:0x00000001 x10=0x00000000
      45025.000 ns	      4501	800010ec	00f1d593	srli	x11,x3,0xf	  x3:0x00000001 x11=0x00000000
      45045.000 ns	      4503	800010f0	a1431ad3	flt.s	x21,f6,f20	  f6:0xcd66c91e f20:0xcd66c91f x21=0x00000000
      45065.000 ns	      4505	800010f4	01692ab3	slt	x21,x18,x22	 x18:0x000001bc x22:0xffffffff x21=0x00000000
      45085.000 ns	      4507	800010f8	d01772d3	fcvt.s.wu	f5,x14	 x14:0x00000001  f5=0x3f800000
      45115.000 ns	      4510	800010fc	a1031753	flt.s	x14,f6,f16	  f6:0xcd66c91e f16:0x00000000 x14=0x00000001
      45135.000 ns	      4512	80001100	00000013	addi	x0,x0,0	  x0:0x00000000
      45175.000 ns	      4516	80001104	09c02dd3	fsub.s	f27,f0,f28	  f0:0x7fc00000 f28:0x7fc00000 f27=0x7fc00000
      45545.000 ns	      4553	80001108	03204933	div	x18,x0,x18	  x0:0x00000000 x18:0x000001bc x18=0x00000000
      45575.000 ns	      4556	8000110c	026b3933	mulhu	x18,x22,x6	 x22:0xffffffff  x6:0x00000000 x18=0x00000000
      45605.000 ns	      4559	80001110	c00280d3	fcvt.w.s	x1,f5	  f5:0x3f800000  x1=0x00000001
      45635.000 ns	      4562	80001114	026fcc33	div	x24,x31,x6	 x31:0x00000001  x6:0x00000000 x24=0xffffffff
      45655.000 ns	      4564	80001118	54c1e837	lui	x16,0x54c1e	 x16=0x54c1e000
      45675.000 ns	      4566	8000111c	c014b6d3	fcvt.wu.s	x13,f9	  f9:0x7fc00000 x13=0xffffffff
      45695.000 ns	      4568	80001120	414907b3	sub	x15,x18,x20	 x18:0x00000000 x20:0x00000001 x15=0xffffffff
      45715.000 ns	      4570	80001124	c012fed3	fcvt.wu.s	x29,f5	  f5:0x3f800000 x29=0x00000001
      45735.000 ns	      4572	80001128	01491c93	slli	x25,x18,0x14	 x18:0x00000000 x25=0x00000000
      45745.000 ns	      4573	8000112c	00bfd4b3	srl	x9,x31,x11	 x31:0x00000001 x11:0x00000000  x9=0x00000001
      45755.000 ns	      4574	80001130	00000013	addi	x0,x0,0	  x0:0x00000000
      45765.000 ns	      4575	80001134	00fb3633	sltu	x12,x22,x15	 x22:0xffffffff x15:0xffffffff x12=0x00000000
      45785.000 ns	      4577	80001138	c0197d53	fcvt.wu.s	x26,f18	 f18:0x7fc00000 x26=0xffffffff
      45815.000 ns	      4580	8000113c	a06c0453	fle.s	x8,f24,f6	 f24:0x7fc00000  f6:0xcd66c91e  x8=0x00000000
      45835.000 ns	      4582	80001140	00918d33	add	x26,x3,x9	  x3:0x00000001  x9:0x00000001 x26=0x00000002
      45845.000 ns	      4583	80001144	004d5213	srli	x4,x26,0x4	 x26:0xffffffff  x4=0x00000000
      45855.000 ns	      4584	80001148	00f9c733	xor	x14,x19,x15	 x19:0x80040fe5 x15:0xffffffff x14=0x7ffbf01a
      45875.000 ns	      4586	8000114c	d000f6d3	fcvt.s.w	f13,x1	  x1:0x00000001 f13=0x3f800000
      45905.000 ns	      4589	80001150	2087aed3	fsgnjx.s	f29,f15,f8	 f15:0x80000000  f8:0x7f7fffff f29=0x80000000
      45925.000 ns	      4591	80001154	fec0f713	andi	x14,x1,-20	  x1:0x00000001 x14=0x00000000
      45935.000 ns	      4592	80001158	f4d44093	xori	x1,x8,-179	  x8:0x00000000  x1=0xffffff4d
      45955.000 ns	      4594	8000115c	f00687d3	fmv.w.x	f15,x13	 x13:0xffffffff f15=0xffffffff
      45975.000 ns	      4596	80001160	43352993	slti	x19,x10,1075	 x10:0x00000000 x19=0x00000001
      45995.000 ns	      4598	80001164	29a919d3	fmax.s	f19,f18,f26	 f18:0x7fc00000 f26:0x3f800000 f19=0x3f800000
      46025.000 ns	      4601	80001168	d017fd53	fcvt.s.wu	f26,x15	 x15:0xffffffff f26=0x4f7fffff
      46055.000 ns	      4604	8000116c	032b3633	mulhu	x12,x22,x18	 x22:0xffffffff x18:0x00000000 x12=0x00000000
      46085.000 ns	      4607	80001170	d01ef8d3	fcvt.s.wu	f17,x29	 x29:0x00000001 f17=0x3f800000
      46115.000 ns	      4610	80001174	a07887d3	fle.s	x15,f17,f7	 f17:0x8000074d  f7:0x4f7ffffe x15=0x00000001
      46485.000 ns	      4647	80001178	03edd833	divu	x16,x27,x30	 x27:0xf1936e1b x30:0x00000001 x16=0xf1936e1b
      46515.000 ns	      4650	8000117c	a01f86d3	fle.s	x13,f31,f1	 f31:0x7fc00000  f1:0x7fc00000 x13=0x00000000
      46535.000 ns	      4652	80001180	40f85813	srai	x16,x16,0xf	 x16:0xf1936e1b x16=0xffffe326
      46565.000 ns	      4655	80001184	580c8253	fsqrt.s	f4,f25	 f25:0x7fc00000  f4=0x7fc00000
      46595.000 ns	      4658	80001188	039073b3	remu	x7,x0,x25	  x0:0x00000000 x25:0x00000000  x7=0x00000000
      46615.000 ns	      4660	8000118c	67864a93	xori	x21,x12,1656	 x12:0x00000000 x21=0x00000678
      46655.000 ns	      4664	80001190	013ff953	fadd.s	f18,f31,f19	 f31:0x7fc00000 f19:0x3f800000 f18=0x7fc00000
      47025.000 ns	      4701	80001194	034ce8b3	rem	x17,x25,x20	 x25:0x00000000 x20:0x00000001 x17=0x00000000
      47055.000 ns	      4704	80001198	28cd1ed3	fmax.s	f29,f26,f12	 f26:0x4f7fffff f12:0x7fc00000 f29=0x4f7fffff
      47425.000 ns	      4741	8000119c	0369d3b3	divu	x7,x19,x22	 x19:0x00000001 x22:0xffffffff  x7=0x00000000
      47455.000 ns	      4744	800011a0	03a60833	mul	x16,x12,x26	 x12:0x00000000 x26:0x00000002 x16=0x00000000
      47485.000 ns	      4747	800011a4	028c9f33	mulh	x30,x25,x8	 x25:0x00000000  x8:0x00000000 x30=0x00000000
      47515.000 ns	      4750	800011a8	a0bb07d3	fle.s	x15,f22,f11	 f22:0x7fc00000 f11:0x00000000 x15=0x00000000
      47545.000 ns	      4753	800011ac	213da053	fsgnjx.s	f0,f27,f19	 f27:0x7fc00000 f19:0x3f800000  f0=0x7fc00000
      47575.000 ns	      4756	800011b0	20828b53	fsgnj.s	f22,f5,f8	  f5:0x3f800000  f8:0x7f7fffff f22=0x3f800000
      47595.000 ns	      4758	800011b4	01408b33	add	x22,x1,x20	  x1:0xffffff4d x20:0x00000001 x22=0xffffff4e
      47605.000 ns	      4759	800011b8	eb153313	sltiu	x6,x10,-335	 x10:0x00000000  x6=0x00000001
      47615.000 ns	      4760	800011bc	00af3d33	sltu	x26,x30,x10	 x30:0x00000000 x10:0x00000000 x26=0x00000000
      47625.000 ns	      4761	800011c0	a369cc93	xori	x25,x19,-1482	 x19:0x00000001 x25=0xfffffa37
      47645.000 ns	      4763	800011c4	e0061153	fclass.s	x2,f12	 f12:0x7fc00000  x2=0x00000200
      47665.000 ns	      4765	800011c8	01606eb3	or	x29,x0,x22	  x0:0x00000000 x22:0xffffff4e x29=0xffffff4e
      47685.000 ns	      4767	800011cc	e00f80d3	fmv.x.w	x1,f31	 f31:0x7fc00000  x1=0x7fc00000
      47705.000 ns	      4769	800011d0	00eed713	srli	x14,x29,0xe	 x29:0x00000001 x14=0x0003ffff
      47715.000 ns	      4770	800011d4	01a95813	srli	x16,x18,0x1a	 x18:0x00000000 x16=0x00000000
      47745.000 ns	      4773	800011d8	10343cd3	fmul.s	f25,f8,f3	  f8:0x7f7fffff  f3:0x7fc00000 f25=0x7fc00000
      47775.000 ns	      4776	800011dc	03aebab3	mulhu	x21,x29,x26	 x29:0xffffff4e x26:0x00000000 x21=0x00000000
      47805.000 ns	      4779	800011e0	02a8d1b3	divu	x3,x17,x10	 x17:0x00000000 x10:0x00000000  x3=0xffffffff
      47825.000 ns	      4781	800011e4	00a45a33	srl	x20,x8,x10	  x8:0x00000000 x10:0x00000000 x20=0x00000000
      47835.000 ns	      4782	800011e8	411982b3	sub	x5,x19,x17	 x19:0x00000001 x17:0x00000000  x5=0x00000001
      47845.000 ns	      4783	800011ec	422ceb13	ori	x22,x25,1058	 x25:0xfffffa37 x22=0xfffffe37
      47885.000 ns	      4787	800011f0	08327cd3	fsub.s	f25,f4,f3	  f4:0x7fc00000  f3:0x7fc00000 f25=0x7fc00000
      47915.000 ns	      4790	800011f4	038c8333	mul	x6,x25,x24	 x25:0xfffffa37 x24:0xffffffff  x6=0x000005c9
      47955.000 ns	      4794	800011f8	11119ed3	fmul.s	f29,f3,f17	  f3:0x7fc00000 f17:0x3f800000 f29=0x7fc00000
      47985.000 ns	      4797	800011fc	f00008d3	fmv.w.x	f17,x0	  x0:0x00000000 f17=0x00000000
      48015.000 ns	      4800	80001200	039597b3	mulh	x15,x11,x25	 x11:0x00000000 x25:0xfffffa37 x15=0x00000000
      48045.000 ns	      4803	80001204	03efbd33	mulhu	x26,x31,x30	 x31:0x00000001 x30:0x00000000 x26=0x00000000
      48065.000 ns	      4805	80001208	400f5893	srai	x17,x30,0x0	 x30:0x00000000 x17=0x00000000
      48085.000 ns	      4807	8000120c	e0001353	fclass.s	x6,f0	  f0:0x7fc00000  x6=0x00000200
      48105.000 ns	      4809	80001210	01b7f633	and	x12,x15,x27	 x15:0x00000000 x27:0xf1936e1b x12=0x00000000
      48145.000 ns	      4813	80001214	09f2f053	fsub.s	f0,f5,f31	  f5:0x3f800000 f31:0x7fc00000  f0=0x7fc00000
      48165.000 ns	      4815	80001218	01463033	sltu	x0,x12,x20	 x12:0x00000000 x20:0x00000000
      48185.000 ns	      4817	8000121c	02d711b3	mulh	x3,x14,x13	 x14:0x0003ffff x13:0x00000000  x3=0x00000000
      48205.000 ns	      4819	80001220	003f1033	sll	x0,x30,x3	 x30:0x00000000  x3:0xffffffff
      48245.000 ns	      4823	80001224	09d97053	fsub.s	f0,f18,f29	 f18:0x7fc00000 f29:0x7fc00000  f0=0x7fc00000
      48265.000 ns	      4825	80001228	0196d513	srli	x10,x13,0x19	 x13:0x00000000 x10=0x00000000
      48275.000 ns	      4826	8000122c	00000013	addi	x0,x0,0	  x0:0x00000000
      48295.000 ns	      4828	80001230	a1fb2053	feq.s	x0,f22,f31	 f22:0x3f800000 f31:0x7fc00000
      48315.000 ns	      4830	80001234	2d88ab13	slti	x22,x17,728	 x17:0x00000000 x22=0x00000001
      48335.000 ns	      4832	80001238	03003733	mulhu	x14,x0,x16	  x0:0x00000000 x16:0x00000000 x14=0x00000000
      48355.000 ns	      4834	8000123c	00000013	addi	x0,x0,0	  x0:0x00000000
      48365.000 ns	      4835	80001240	0123cf33	xor	x30,x7,x18	  x7:0x00000000 x18:0x00000000 x30=0x00000000
      48385.000 ns	      4837	80001244	0239f533	remu	x10,x19,x3	 x19:0x00000001  x3:0x00000000 x10=0x00000001
      48405.000 ns	      4839	80001248	415556b3	sra	x13,x10,x21	 x10:0x00000000 x21:0x00000000 x13=0x00000001
      48415.000 ns	      4840	8000124c	407b50b3	sra	x1,x22,x7	 x22:0x00000001  x7:0x00000000  x1=0x00000001
      48435.000 ns	      4842	80001250	20958ed3	fsgnj.s	f29,f11,f9	 f11:0x00000000  f9:0x7fc00000 f29=0x00000000
      48455.000 ns	      4844	80001254	00f40133	add	x2,x8,x15	  x8:0x00000000 x15:0x00000000  x2=0x00000000
      48465.000 ns	      4845	80001258	0041d033	srl	x0,x3,x4	  x3:0x00000000  x4:0x00000000
      48485.000 ns	      4847	8000125c	0314b633	mulhu	x12,x9,x17	  x9:0x00000001 x17:0x00000000 x12=0x00000000
      48505.000 ns	      4849	80001260	9e6cca13	xori	x20,x25,-1562	 x25:0xfffffa37 x20=0x000003d1
      48515.000 ns	      4850	80001264	b08f7e93	andi	x29,x30,-1272	 x30:0x00000000 x29=0x00000000
      48535.000 ns	      4852	80001268	d0010ed3	fcvt.s.w	f29,x2	  x2:0x00000000 f29=0x00000000
      48565.000 ns	      4855	8000126c	022f9233	mulh	x4,x31,x2	 x31:0x00000001  x2:0x00000000  x4=0x00000000
      48585.000 ns	      4857	80001270	01f3e033	or	x0,x7,x31	  x7:0x00000000 x31:0x00000001
      48945.000 ns	      4893	80001274	02554933	div	x18,x10,x5	 x10:0x00000001  x5:0x00000001 x18=0x00000001
      48965.000 ns	      4895	80001278	bbb86197	auipc	x3,0xbbb86	  x3=0x3bb87278
      48985.000 ns	      4897	8000127c	c014f153	fcvt.wu.s	x2,f9	  f9:0x7fc00000  x2=0xffffffff
      49355.000 ns	      4934	80001280	02aa7533	remu	x10,x20,x10	 x20:0x000003d1 x10:0x00000001 x10=0x00000000
      49375.000 ns	      4936	80001284	003d76b3	and	x13,x26,x3	 x26:0x00000000  x3:0x3bb87278 x13=0x00000000
      49385.000 ns	      4937	80001288	56422a93	slti	x21,x4,1380	  x4:0x00000000 x21=0x00000001
      49395.000 ns	      4938	8000128c	1f354397	auipc	x7,0x1f354	  x7=0x9f35528c
      49405.000 ns	      4939	80001290	01ea6533	or	x10,x20,x30	 x20:0x000003d1 x30:0x00000000 x10=0x000003d1
      49425.000 ns	      4941	80001294	286a9053	fmax.s	f0,f21,f6	 f21:0xffc00000  f6:0xcd66c91e  f0=0xcd66c91e
      49455.000 ns	      4944	80001298	21621fd3	fsgnjn.s	f31,f4,f22	  f4:0x7fc00000 f22:0x3f800000 f31=0xffc00000
      49475.000 ns	      4946	8000129c	0058d333	srl	x6,x17,x5	 x17:0x00000000  x5:0x00000001  x6=0x00000000
      49495.000 ns	      4948	800012a0	a13f1753	flt.s	x14,f30,f19	 f30:0x00000040 f19:0x3f800000 x14=0x00000001
      49525.000 ns	      4951	800012a4	02942ab3	mulhsu	x21,x8,x9	  x8:0x00000000  x9:0x00000001 x21=0x00000000
      49545.000 ns	      4953	800012a8	a1e1d897	auipc	x17,0xa1e1d	 x17=0x21e1e2a8
      49555.000 ns	      4954	800012ac	00d1e733	or	x14,x3,x13	  x3:0x3bb87278 x13:0x00000000 x14=0x3bb87278
      49575.000 ns	      4956	800012b0	216b2f53	fsgnjx.s	f30,f22,f22	 f22:0x3f800000 f22:0x3f800000 f30=0x3f800000
      49605.000 ns	      4959	800012b4	f0078cd3	fmv.w.x	f25,x15	 x15:0x00000000 f25=0x00000000
      49635.000 ns	      4962	800012b8	03aeeab3	rem	x21,x29,x26	 x29:0x00000000 x26:0x00000000 x21=0x00000000
      49665.000 ns	      4965	800012bc	03ab9433	mulh	x8,x23,x26	 x23:0x80040fe4 x26:0x00000000  x8=0x00000000
      49685.000 ns	      4967	800012c0	010c9b33	sll	x22,x25,x16	 x25:0xfffffa37 x16:0x00000000 x22=0xfffffa37
      49705.000 ns	      4969	800012c4	f0048b53	fmv.w.x	f22,x9	  x9:0x00000001 f22=0x00000001
      49735.000 ns	      4972	800012c8	d010f7d3	fcvt.s.wu	f15,x1	  x1:0x00000001 f15=0x3f800000
      49765.000 ns	      4975	800012cc	28838053	fmin.s	f0,f7,f8	  f7:0x4f7ffffe  f8:0x7f7fffff  f0=0x4f7ffffe
      49815.000 ns	      4980	800012d0	00f8fdd3	fadd.s	f27,f17,f15	 f17:0x00000000 f15:0x3f800000 f27=0x3f800000
      49845.000 ns	      4983	800012d4	c006c353	fcvt.w.s	x6,f13	 f13:0x3f800000  x6=0x00000001
      49875.000 ns	      4986	800012d8	a1769753	flt.s	x14,f13,f23	 f13:0x3f800000 f23:0xcd66c91f x14=0x00000000
      49905.000 ns	      4989	800012dc	21fe9253	fsgnjn.s	f4,f29,f31	 f29:0x00000000 f31:0xffc00000  f4=0x00000000
      49945.000 ns	      4993	800012e0	18300053	fdiv.s	f0,f0,f3	  f0:0x4f7ffffe  f3:0x7fc00000  f0=0x7fc00000
      49965.000 ns	      4995	800012e4	41ef5593	srai	x11,x30,0x1e	 x30:0x00000000 x11=0x00000000
      50325.000 ns	      5031	800012e8	021d5d33	divu	x26,x26,x1	 x26:0x00000000  x1:0x00000001 x26=0x00000000
      50345.000 ns	      5033	800012ec	049f0a37	lui	x20,0x49f0	 x20=0x049f0000
      50365.000 ns	      5035	800012f0	02883fb3	mulhu	x31,x16,x8	 x16:0x00000000  x8:0x00000000 x31=0x00000000
      50385.000 ns	      5037	800012f4	00000013	addi	x0,x0,0	  x0:0x00000000
      50745.000 ns	      5073	800012f8	02374633	div	x12,x14,x3	 x14:0x00000000  x3:0x3bb87278 x12=0x00000000
      50765.000 ns	      5075	800012fc	75deaf13	slti	x30,x29,1885	 x29:0x00000000 x30=0x00000001
      50775.000 ns	      5076	80001300	0010d613	srli	x12,x1,0x1	  x1:0x00000001 x12=0x00000000
      50795.000 ns	      5078	80001304	e0049a53	fclass.s	x20,f9	  f9:0x7fc00000 x20=0x00000200
      50845.000 ns	      5083	80001308	081535d3	fsub.s	f11,f10,f1	 f10:0x4ffffffe  f1:0x7fc00000 f11=0x7fc00000
      50865.000 ns	      5085	8000130c	40c35493	srai	x9,x6,0xc	  x6:0x00000001  x9=0x00000000
      50875.000 ns	      5086	80001310	c76b4613	xori	x12,x22,-906	 x22:0xfffffa37 x12=0x00000641
      50895.000 ns	      5088	80001314	03c939b3	mulhu	x19,x18,x28	 x18:0x00000001 x28:0x80041024 x19=0x00000000
      50915.000 ns	      5090	80001318	00000013	addi	x0,x0,0	  x0:0x00000000
      50935.000 ns	      5092	8000131c	21ab8853	fsgnj.s	f16,f23,f26	 f23:0xcd66c91f f26:0x4f7fffff f16=0x4d66c91f
      50955.000 ns	      5094	80001320	01156a33	or	x20,x10,x17	 x10:0x000003d1 x17:0x21e1e2a8 x20=0x21e1e3f9
      50965.000 ns	      5095	80001324	00209713	slli	x14,x1,0x2	  x1:0x00000001 x14=0x00000004
      50975.000 ns	      5096	80001328	b0442293	slti	x5,x8,-1276	  x8:0x00000000  x5=0x00000000
      50995.000 ns	      5098	8000132c	e0019f53	fclass.s	x30,f3	  f3:0x7fc00000 x30=0x00000200
      51025.000 ns	      5101	80001330	c003fb53	fcvt.w.s	x22,f7	  f7:0x4f7ffffe x22=0x7fffffff
      51055.000 ns	      5104	80001334	0223aab3	mulhsu	x21,x7,x2	  x7:0x9f35528c  x2:0xffffffff x21=0x9f35528c
      51085.000 ns	      5107	80001338	02faf233	remu	x4,x21,x15	 x21:0x00000000 x15:0x00000000  x4=0x9f35528c
      51115.000 ns	      5110	8000133c	c01518d3	fcvt.wu.s	x17,f10	 f10:0x4ffffffe x17=0xffffffff
      51135.000 ns	      5112	80001340	01a7d413	srli	x8,x15,0x1a	 x15:0x00000000  x8=0x00000000
      51155.000 ns	      5114	80001344	a0e1a0d3	feq.s	x1,f3,f14	  f3:0x7fc00000 f14:0x4a69d928  x1=0x00000000
      51185.000 ns	      5117	80001348	021149b3	div	x19,x2,x1	  x2:0xffffffff  x1:0x00000001 x19=0xffffffff
      51205.000 ns	      5119	8000134c	01375a33	srl	x20,x14,x19	 x14:0x00000004 x19:0x00000000 x20=0x00000000
      51215.000 ns	      5120	80001350	00f869b3	or	x19,x16,x15	 x16:0x00000000 x15:0x00000000 x19=0x00000000
      51225.000 ns	      5121	80001354	009ed393	srli	x7,x29,0x9	 x29:0x00000000  x7=0x00000000
      51235.000 ns	      5122	80001358	41865913	srai	x18,x12,0x18	 x12:0x00000641 x18=0x00000000
      51255.000 ns	      5124	8000135c	025e3633	mulhu	x12,x28,x5	 x28:0x80041024  x5:0x00000000 x12=0x00000000
      51275.000 ns	      5126	80001360	40f85c33	sra	x24,x16,x15	 x16:0x00000000 x15:0x00000000 x24=0x00000000
      51285.000 ns	      5127	80001364	015812b3	sll	x5,x16,x21	 x16:0x00000000 x21:0x9f35528c  x5=0x00000000
      51305.000 ns	      5129	80001368	a192a7d3	feq.s	x15,f5,f25	  f5:0x3f800000 f25:0x00000000 x15=0x00000000
      51325.000 ns	      5131	8000136c	0176d833	srl	x16,x13,x23	 x13:0x00000000 x23:0x80040fe4 x16=0x00000000
      51335.000 ns	      5132	80001370	01ada1b3	slt	x3,x27,x26	 x27:0xf1936e1b x26:0x00000000  x3=0x00000001
      51345.000 ns	      5133	80001374	408ddc93	srai	x25,x27,0x8	 x27:0xf1936e1b x25=0xfff1936e
      51365.000 ns	      5135	80001378	20951153	fsgnjn.s	f2,f10,f9	 f10:0x4ffffffe  f9:0x7fc00000  f2=0xcffffffe
      51395.000 ns	      5138	8000137c	03495133	divu	x2,x18,x20	 x18:0x00000000 x20:0x00000000  x2=0xffffffff
      51425.000 ns	      5141	80001380	204f2e53	fsgnjx.s	f28,f30,f4	 f30:0x3f800000  f4:0x00000000 f28=0x3f800000
      51455.000 ns	      5144	80001384	e00e07d3	fmv.x.w	x15,f28	 f28:0x7fc00000 x15=0x3f800000
      51485.000 ns	      5147	80001388	d001f053	fcvt.s.w	f0,x3	  x3:0x00000001  f0=0x3f800000
      51515.000 ns	      5150	8000138c	03376933	rem	x18,x14,x19	 x14:0x00000004 x19:0x00000000 x18=0x00000004
      51535.000 ns	      5152	80001390	0139cf33	xor	x30,x19,x19	 x19:0x00000000 x19:0x00000000 x30=0x00000000
      51555.000 ns	      5154	80001394	d017a5d3	fcvt.s.wu	f11,x15	 x15:0x3f800000 f11=0x4e7e0000
      51575.000 ns	      5156	80001398	ec32c513	xori	x10,x5,-317	  x5:0x00000000 x10=0xfffffec3
      51595.000 ns	      5158	8000139c	03b70533	mul	x10,x14,x27	 x14:0x00000004 x27:0xf1936e1b x10=0xc64db86c
      51615.000 ns	      5160	800013a0	7e66b893	sltiu	x17,x13,2022	 x13:0x00000000 x17=0x00000001
      51635.000 ns	      5162	800013a4	03fd7033	remu	x0,x26,x31	 x26:0x00000000 x31:0x00000000
      51675.000 ns	      5166	800013a8	11407ed3	fmul.s	f29,f0,f20	  f0:0x3f800000 f20:0xcd66c91f f29=0xcd66c920
      51705.000 ns	      5169	800013ac	c00277d3	fcvt.w.s	x15,f4	  f4:0x00000000 x15=0x00000000
      51725.000 ns	      5171	800013b0	85c7e693	ori	x13,x15,-1956	 x15:0x3f800000 x13=0xfffff85c
      51745.000 ns	      5173	800013b4	0274efb3	rem	x31,x9,x7	  x9:0x00000000  x7:0x00000000 x31=0x00000000
      51765.000 ns	      5175	800013b8	009f06b3	add	x13,x30,x9	 x30:0x00000000  x9:0x00000000 x13=0x00000000
      51775.000 ns	      5176	800013bc	0174a7b3	slt	x15,x9,x23	  x9:0x00000000 x23:0x80040fe4 x15=0x00000000
      51795.000 ns	      5178	800013c0	a06a91d3	flt.s	x3,f21,f6	 f21:0xffc00000  f6:0xcd66c91e  x3=0x00000000
      51825.000 ns	      5181	800013c4	212098d3	fsgnjn.s	f17,f1,f18	  f1:0x7fc00000 f18:0x7fc00000 f17=0xffc00000
      51845.000 ns	      5183	800013c8	03850613	addi	x12,x10,56	 x10:0xc64db86c x12=0xc64db8a4
      51855.000 ns	      5184	800013cc	00aa9eb3	sll	x29,x21,x10	 x21:0x9f35528c x10:0xc64db86c x29=0x5528c000
      52215.000 ns	      5220	800013d0	02ebf633	remu	x12,x23,x14	 x23:0x80040fe4 x14:0x00000004 x12=0x00000000
      52585.000 ns	      5257	800013d4	0320f133	remu	x2,x1,x18	  x1:0x00000000 x18:0x00000004  x2=0x00000000
      52925.000 ns	      5291	800013d8	188735d3	fdiv.s	f11,f14,f8	 f14:0x4a69d928  f8:0x7f7fffff f11=0x7f800000
      52945.000 ns	      5293	800013dc	013ad9b3	srl	x19,x21,x19	 x21:0x9f35528c x19:0x00000000 x19=0x9f35528c
      52985.000 ns	      5297	800013e0	00757e53	fadd.s	f28,f10,f7	 f10:0x4ffffffe  f7:0x4f7ffffe f28=0x503ffffe
      53005.000 ns	      5299	800013e4	0001efb3	or	x31,x3,x0	  x3:0x00000000  x0:0x00000000 x31=0x00000000
      53015.000 ns	      5300	800013e8	01d124b3	slt	x9,x2,x29	  x2:0x00000000 x29:0x5528c000  x9=0x00000001
      53375.000 ns	      5336	800013ec	0320ea33	rem	x20,x1,x18	  x1:0x00000000 x18:0x00000004 x20=0x00000000
      53395.000 ns	      5338	800013f0	5cbe0213	addi	x4,x28,1483	 x28:0x80041024  x4=0x800415ef
      53415.000 ns	      5340	800013f4	0271b433	mulhu	x8,x3,x7	  x3:0x00000000  x7:0x00000000  x8=0x00000000
      53445.000 ns	      5343	800013f8	a1c7aa53	feq.s	x20,f15,f28	 f15:0x3f800000 f28:0x503ffffe x20=0x00000000
      53465.000 ns	      5345	800013fc	0164d893	srli	x17,x9,0x16	  x9:0x00000001 x17=0x00000000
      53475.000 ns	      5346	80001400	0060aeb3	slt	x29,x1,x6	  x1:0x00000000  x6:0x00000001 x29=0x00000001
      53495.000 ns	      5348	80001404	216cabd3	fsgnjx.s	f23,f25,f22	 f25:0x00000000 f22:0x00000001 f23=0x00000000
      53525.000 ns	      5351	80001408	20d61f53	fsgnjn.s	f30,f12,f13	 f12:0x7fc00000 f13:0x3f800000 f30=0xffc00000
      53555.000 ns	      5354	8000140c	c004f6d3	fcvt.w.s	x13,f9	  f9:0x7fc00000 x13=0x7fffffff
      53585.000 ns	      5357	80001410	d01bcc53	fcvt.s.wu	f24,x23	 x23:0x80040fe4 f24=0x4f000410
      53615.000 ns	      5360	80001414	02d2a7b3	mulhsu	x15,x5,x13	  x5:0x00000000 x13:0x7fffffff x15=0x00000000
      53645.000 ns	      5363	80001418	d01f9753	fcvt.s.wu	f14,x31	 x31:0x00000000 f14=0x00000000
      53675.000 ns	      5366	8000141c	027908b3	mul	x17,x18,x7	 x18:0x00000004  x7:0x00000000 x17=0x00000000
      53695.000 ns	      5368	80001420	eb0431b7	lui	x3,0xeb043	  x3=0xeb043000
      53705.000 ns	      5369	80001424	41ed8333	sub	x6,x27,x30	 x27:0xf1936e1b x30:0x00000000  x6=0xf1936e1b
      54065.000 ns	      5405	80001428	036ad0b3	divu	x1,x21,x22	 x21:0x9f35528c x22:0x7fffffff  x1=0x00000001
      54095.000 ns	      5408	8000142c	204984d3	fsgnj.s	f9,f19,f4	 f19:0x3f800000  f4:0x00000000  f9=0x3f800000
      54465.000 ns	      5445	80001430	03c85533	divu	x10,x16,x28	 x16:0x00000000 x28:0x80041024 x10=0x00000000
      54495.000 ns	      5448	80001434	28241053	fmax.s	f0,f8,f2	  f8:0x7f7fffff  f2:0xcffffffe  f0=0x7f7fffff
      54525.000 ns	      5451	80001438	a0f7aed3	feq.s	x29,f15,f15	 f15:0x3f800000 f15:0x3f800000 x29=0x00000001
      54555.000 ns	      5454	8000143c	f0048053	fmv.w.x	f0,x9	  x9:0x00000001  f0=0x00000001
      54585.000 ns	      5457	80001440	d0107853	fcvt.s.wu	f16,x0	  x0:0x00000000 f16=0x00000000
      54615.000 ns	      5460	80001444	a0b70ed3	fle.s	x29,f14,f11	 f14:0x00000000 f11:0x7f800000 x29=0x00000001
      54635.000 ns	      5462	80001448	6498ab13	slti	x22,x17,1609	 x17:0x00000000 x22=0x00000001
      54645.000 ns	      5463	8000144c	01b7b1b3	sltu	x3,x15,x27	 x15:0x00000000 x27:0xf1936e1b  x3=0x00000001
      54655.000 ns	      5464	80001450	d1b31617	auipc	x12,0xd1b31	 x12=0x51b32450
      54675.000 ns	      5466	80001454	f00a8d53	fmv.w.x	f26,x21	 x21:0x9f35528c f26=0x9f35528c
      55015.000 ns	      5500	80001458	1987f853	fdiv.s	f16,f15,f24	 f15:0x3f800000 f24:0x4f000410 f16=0x2f800000
      55035.000 ns	      5502	8000145c	5c4ae493	ori	x9,x21,1476	 x21:0x9f35528c  x9=0x9f3557cc
      55055.000 ns	      5504	80001460	f0058953	fmv.w.x	f18,x11	 x11:0x00000000 f18=0x00000000
      55075.000 ns	      5506	80001464	001c4433	xor	x8,x24,x1	 x24:0x00000000  x1:0x00000001  x8=0x00000001
      56245.000 ns	      5623	80001468	580077d3	fsqrt.s	f15,f0	  f0:0x00000001 f15=0x1f350483
      56275.000 ns	      5626	8000146c	02c2a3b3	mulhsu	x7,x5,x12	  x5:0x00000000 x12:0x51b32450  x7=0x00000000
      56295.000 ns	      5628	80001470	1e25e813	ori	x16,x11,482	 x11:0x00000000 x16=0x000001e2
      56305.000 ns	      5629	80001474	ad143213	sltiu	x4,x8,-1327	  x8:0x00000001  x4=0x00000001
      56315.000 ns	      5630	80001478	00000013	addi	x0,x0,0	  x0:0x00000000
      56345.000 ns	      5633	8000147c	1018a7d3	fmul.s	f15,f17,f1	 f17:0xffc00000  f1:0x7fc00000 f15=0x7fc00000
      56365.000 ns	      5635	80001480	7ff62793	slti	x15,x12,2047	 x12:0x51b32450 x15=0x00000000
      56395.000 ns	      5638	80001484	580a1453	fsqrt.s	f8,f20	 f20:0xcd66c91f  f8=0x7fc00000
      56415.000 ns	      5640	80001488	0022d633	srl	x12,x5,x2	  x5:0x00000000  x2:0x00000000 x12=0x00000000
      56425.000 ns	      5641	8000148c	30c014b7	lui	x9,0x30c01	  x9=0x30c01000
      56435.000 ns	      5642	80001490	01e045b3	xor	x11,x0,x30	  x0:0x00000000 x30:0x00000000 x11=0x00000000
      56455.000 ns	      5644	80001494	03e8d3b3	divu	x7,x17,x30	 x17:0x00000000 x30:0x00000000  x7=0xffffffff
      56475.000 ns	      5646	80001498	00cfb0b3	sltu	x1,x31,x12	 x31:0x00000000 x12:0x00000000  x1=0x00000000
      56495.000 ns	      5648	8000149c	e00184d3	fmv.x.w	x9,f3	  f3:0x7fc00000  x9=0x7fc00000
      56525.000 ns	      5651	800014a0	a0482553	feq.s	x10,f16,f4	 f16:0x2f800000  f4:0x00000000 x10=0x00000000
      56575.000 ns	      5656	800014a4	08499153	fsub.s	f2,f19,f4	 f19:0x3f800000  f4:0x00000000  f2=0x3f800000
      56605.000 ns	      5659	800014a8	022cf933	remu	x18,x25,x2	 x25:0xfff1936e  x2:0x00000000 x18=0xfff1936e
      56625.000 ns	      5661	800014ac	b8ffe193	ori	x3,x31,-1137	 x31:0x00000000  x3=0xfffffb8f
      56985.000 ns	      5697	800014b0	03bb76b3	remu	x13,x22,x27	 x22:0x00000001 x27:0xf1936e1b x13=0x00000001
      57015.000 ns	      5700	800014b4	02883433	mulhu	x8,x16,x8	 x16:0x000001e2  x8:0x00000001  x8=0x00000000
      57045.000 ns	      5703	800014b8	c01df5d3	fcvt.wu.s	x11,f27	 f27:0x3f800000 x11=0x00000001
      57075.000 ns	      5706	800014bc	f0090d53	fmv.w.x	f26,x18	 x18:0xfff1936e f26=0xfff1936e
      57415.000 ns	      5740	800014c0	198b32d3	fdiv.s	f5,f22,f24	 f22:0x00000001 f24:0x4f000410  f5=0x00000000
      57435.000 ns	      5742	800014c4	00000013	addi	x0,x0,0	  x0:0x00000000
      57455.000 ns	      5744	800014c8	a1a714d3	flt.s	x9,f14,f26	 f14:0x00000000 f26:0xfff1936e  x9=0x00000000
      57485.000 ns	      5747	800014cc	e0020153	fmv.x.w	x2,f4	  f4:0x00000000  x2=0x00000000
      57515.000 ns	      5750	800014d0	20fe2dd3	fsgnjx.s	f27,f28,f15	 f28:0x503ffffe f15:0x7fc00000 f27=0x503ffffe
      57535.000 ns	      5752	800014d4	00cf9c93	slli	x25,x31,0xc	 x31:0x00000000 x25=0x00000000
      57545.000 ns	      5753	800014d8	00c013b3	sll	x7,x0,x12	  x0:0x00000000 x12:0x00000000  x7=0x00000000
      57555.000 ns	      5754	800014dc	00a01f13	slli	x30,x0,0xa	  x0:0x00000000 x30=0x00000000
      57565.000 ns	      5755	800014e0	58db8a93	addi	x21,x23,1421	 x23:0x80040fe4 x21=0x80041571
      57575.000 ns	      5756	800014e4	2c3b4637	lui	x12,0x2c3b4	 x12=0x2c3b4000
      57585.000 ns	      5757	800014e8	00cb1313	slli	x6,x22,0xc	 x22:0x00000001  x6=0x00001000
      57945.000 ns	      5793	800014ec	024be033	rem	x0,x23,x4	 x23:0x80040fe4  x4:0x00000001
      57965.000 ns	      5795	800014f0	00e9e533	or	x10,x19,x14	 x19:0x9f35528c x14:0x00000004 x10=0x9f35528c
      58005.000 ns	      5799	800014f4	088b8f53	fsub.s	f30,f23,f8	 f23:0x00000000  f8:0x7fc00000 f30=0x7fc00000
      58025.000 ns	      5801	800014f8	011e7733	and	x14,x28,x17	 x28:0x80041024 x17:0x00000000 x14=0x00000000
      58045.000 ns	      5803	800014fc	e00b98d3	fclass.s	x17,f23	 f23:0x00000000 x17=0x00000010
      58095.000 ns	      5808	80001500	09e7c053	fsub.s	f0,f15,f30	 f15:0x7fc00000 f30:0x7fc00000  f0=0x7fc00000
      58115.000 ns	      5810	80001504	01eac733	xor	x14,x21,x30	 x21:0x80041571 x30:0x00000000 x14=0x80041571
      58135.000 ns	      5812	80001508	203f89d3	fsgnj.s	f19,f31,f3	 f31:0xffc00000  f3:0x7fc00000 f19=0x7fc00000
      58155.000 ns	      5814	8000150c	01f436b3	sltu	x13,x8,x31	  x8:0x00000000 x31:0x00000000 x13=0x00000000
      58165.000 ns	      5815	80001510	0019a333	slt	x6,x19,x1	 x19:0x9f35528c  x1:0x00000000  x6=0x00000001
      58175.000 ns	      5816	80001514	01fe63b3	or	x7,x28,x31	 x28:0x80041024 x31:0x00000000  x7=0x80041024
      58195.000 ns	      5818	80001518	0252bfb3	mulhu	x31,x5,x5	  x5:0x00000000  x5:0x00000000 x31=0x00000000
      58215.000 ns	      5820	8000151c	43a5f413	andi	x8,x11,1082	 x11:0x00000001  x8=0x00000000
      58225.000 ns	      5821	80001520	349e6d13	ori	x26,x28,841	 x28:0x80041024 x26=0x8004136d
      58235.000 ns	      5822	80001524	b0da0f93	addi	x31,x20,-1267	 x20:0x00000000 x31=0xfffffb0d
      58255.000 ns	      5824	80001528	f0040cd3	fmv.w.x	f25,x8	  x8:0x00000000 f25=0x00000000
      58275.000 ns	      5826	8000152c	411e54b3	sra	x9,x28,x17	 x28:0x80041024 x17:0x00000010  x9=0xffff8004
      58295.000 ns	      5828	80001530	e00e9953	fclass.s	x18,f29	 f29:0xcd66c920 x18=0x00000002
      58325.000 ns	      5831	80001534	0251b733	mulhu	x14,x3,x5	  x3:0xfffffb8f  x5:0x00000000 x14=0x00000000
      58355.000 ns	      5834	80001538	20ba95d3	fsgnjn.s	f11,f21,f11	 f21:0xffc00000 f11:0x7f800000 f11=0xffc00000
      58385.000 ns	      5837	8000153c	d012be53	fcvt.s.wu	f28,x5	  x5:0x00000000 f28=0x00000000
      58415.000 ns	      5840	80001540	e0048a53	fmv.x.w	x20,f9	  f9:0x3f800000 x20=0x3f800000
      58435.000 ns	      5842	80001544	014a5833	srl	x16,x20,x20	 x20:0x00000000 x20:0x00000000 x16=0x3f800000
      58795.000 ns	      5878	80001548	0371c933	div	x18,x3,x23	  x3:0xfffffb8f x23:0x80040fe4 x18=0x00000000
      58815.000 ns	      5880	8000154c	0087ed33	or	x26,x15,x8	 x15:0x00000000  x8:0x00000000 x26=0x00000000
      58835.000 ns	      5882	80001550	a1eca153	feq.s	x2,f25,f30	 f25:0x00000000 f30:0x7fc00000  x2=0x00000000
      58855.000 ns	      5884	80001554	00000013	addi	x0,x0,0	  x0:0x00000000
      58865.000 ns	      5885	80001558	0035d193	srli	x3,x11,0x3	 x11:0x00000001  x3=0x00000000
      58885.000 ns	      5887	8000155c	e0030853	fmv.x.w	x16,f6	  f6:0xcd66c91e x16=0xcd66c91e
      58905.000 ns	      5889	80001560	33170c13	addi	x24,x14,817	 x14:0x00000000 x24=0x00000331
      58915.000 ns	      5890	80001564	87317697	auipc	x13,0x87317	 x13=0x07318564
      58955.000 ns	      5894	80001568	090df053	fsub.s	f0,f27,f16	 f27:0x503ffffe f16:0x2f800000  f0=0x503ffffe
      58985.000 ns	      5897	8000156c	f0068853	fmv.w.x	f16,x13	 x13:0x00000000 f16=0x07318564
      59035.000 ns	      5902	80001570	097673d3	fsub.s	f7,f12,f23	 f12:0x7fc00000 f23:0x00000000  f7=0x7fc00000
      59055.000 ns	      5904	80001574	231a8637	lui	x12,0x231a8	 x12=0x231a8000
      59085.000 ns	      5907	80001578	11e7f553	fmul.s	f10,f15,f30	 f15:0x7fc00000 f30:0x7fc00000 f10=0x7fc00000
      59105.000 ns	      5909	8000157c	01745333	srl	x6,x8,x23	  x8:0x00000000 x23:0x80040fe4  x6=0x00000000
      59125.000 ns	      5911	80001580	29f69d53	fmax.s	f26,f13,f31	 f13:0x3f800000 f31:0xffc00000 f26=0x3f800000
      59155.000 ns	      5914	80001584	28258c53	fmin.s	f24,f11,f2	 f11:0xffc00000  f2:0x3f800000 f24=0x3f800000
      59185.000 ns	      5917	80001588	e0048a53	fmv.x.w	x20,f9	  f9:0x3f800000 x20=0x3f800000
      59205.000 ns	      5919	8000158c	40c65213	srai	x4,x12,0xc	 x12:0x231a8000  x4=0x000231a8
      59225.000 ns	      5921	80001590	20152f53	fsgnjx.s	f30,f10,f1	 f10:0x7fc00000  f1:0x7fc00000 f30=0x7fc00000
      59245.000 ns	      5923	80001594	4655c637	lui	x12,0x4655c	 x12=0x4655c000
      59265.000 ns	      5925	80001598	d009f953	fcvt.s.w	f18,x19	 x19:0x9f35528c f18=0xcec1955a
      59285.000 ns	      5927	8000159c	01bfc233	xor	x4,x31,x27	 x31:0xfffffb0d x27:0xf1936e1b  x4=0x0e6c9516
      59305.000 ns	      5929	800015a0	a068a453	feq.s	x8,f17,f6	 f17:0xffc00000  f6:0xcd66c91e  x8=0x00000000
      59325.000 ns	      5931	800015a4	00006833	or	x16,x0,x0	  x0:0x00000000  x0:0x00000000 x16=0x00000000
      59345.000 ns	      5933	800015a8	216b05d3	fsgnj.s	f11,f22,f22	 f22:0x00000001 f22:0x00000001 f11=0x00000001
      59365.000 ns	      5935	800015ac	41305b33	sra	x22,x0,x19	  x0:0x00000000 x19:0x9f35528c x22=0x00000000
      59385.000 ns	      5937	800015b0	e00f8f53	fmv.x.w	x30,f31	 f31:0xffc00000 x30=0xffc00000
      59405.000 ns	      5939	800015b4	41c55693	srai	x13,x10,0x1c	 x10:0x9f35528c x13=0xfffffff9
      59415.000 ns	      5940	800015b8	4f7b4a17	auipc	x20,0x4f7b4	 x20=0xcf7b55b8
      59435.000 ns	      5942	800015bc	28b68853	fmin.s	f16,f13,f11	 f13:0x3f800000 f11:0x00000001 f16=0x00000001
      59455.000 ns	      5944	800015c0	4125dd33	sra	x26,x11,x18	 x11:0x00000001 x18:0x00000000 x26=0x00000001
      59475.000 ns	      5946	800015c4	03fa8333	mul	x6,x21,x31	 x21:0x80041571 x31:0xfffffb0d  x6=0x6bc9e1bd
      59515.000 ns	      5950	800015c8	10e9fcd3	fmul.s	f25,f19,f14	 f19:0x7fc00000 f14:0x00000000 f25=0x7fc00000
      59555.000 ns	      5954	800015cc	580b93d3	fsqrt.s	f7,f23	 f23:0x00000000  f7=0x00000000
      59605.000 ns	      5959	800015d0	01502753	fadd.s	f14,f0,f21	  f0:0x503ffffe f21:0xffc00000 f14=0x7fc00000
      59635.000 ns	      5962	800015d4	025bc833	div	x16,x23,x5	 x23:0x80040fe4  x5:0x00000000 x16=0xffffffff
      59665.000 ns	      5965	800015d8	d00fab53	fcvt.s.w	f22,x31	 x31:0xfffffb0d f22=0xc49e6000
      59705.000 ns	      5969	800015dc	11a084d3	fmul.s	f9,f1,f26	  f1:0x7fc00000 f26:0x3f800000  f9=0x7fc00000
      59735.000 ns	      5972	800015e0	02fe70b3	remu	x1,x28,x15	 x28:0x80041024 x15:0x00000000  x1=0x80041024
      59755.000 ns	      5974	800015e4	011f5a13	srli	x20,x30,0x11	 x30:0xffc00000 x20=0x00007fe0
      59775.000 ns	      5976	800015e8	e0048cd3	fmv.x.w	x25,f9	  f9:0x7fc00000 x25=0x7fc00000
      59795.000 ns	      5978	800015ec	003fdf33	srl	x30,x31,x3	 x31:0xfffffb0d  x3:0x00000000 x30=0xfffffb0d
      60155.000 ns	      6014	800015f0	033675b3	remu	x11,x12,x19	 x12:0x4655c000 x19:0x9f35528c x11=0x4655c000
      60175.000 ns	      6016	800015f4	011916b3	sll	x13,x18,x17	 x18:0x00000000 x17:0x00000010 x13=0x00000000
      60185.000 ns	      6017	800015f8	400f8133	sub	x2,x31,x0	 x31:0xfffffb0d  x0:0x00000000  x2=0xfffffb0d
      60195.000 ns	      6018	800015fc	5b783813	sltiu	x16,x16,1463	 x16:0xffffffff x16=0x00000000
      60215.000 ns	      6020	80001600	f00a8b53	fmv.w.x	f22,x21	 x21:0x80041571 f22=0x80041571
      60255.000 ns	      6024	80001604	10aeab53	fmul.s	f22,f29,f10	 f29:0xcd66c920 f10:0x7fc00000 f22=0x7fc00000
      60625.000 ns	      6061	80001608	0340f933	remu	x18,x1,x20	  x1:0x80041024 x20:0x00007fe0 x18=0x00001924
      60645.000 ns	      6063	8000160c	976a0c13	addi	x24,x20,-1674	 x20:0x00007fe0 x24=0x00007956
      60655.000 ns	      6064	80001610	5e174093	xori	x1,x14,1505	 x14:0x00000000  x1=0x000005e1
      61015.000 ns	      6100	80001614	03aa6a33	rem	x20,x20,x26	 x20:0x00007fe0 x26:0x00000001 x20=0x00000000
      61045.000 ns	      6103	80001618	e00b95d3	fclass.s	x11,f23	 f23:0x00000000 x11=0x00000010
      61065.000 ns	      6105	8000161c	01276433	or	x8,x14,x18	 x14:0x00000000 x18:0x00001924  x8=0x00001924
      61075.000 ns	      6106	80001620	6d99a113	slti	x2,x19,1753	 x19:0x9f35528c  x2=0x00000001
      61095.000 ns	      6108	80001624	d013fcd3	fcvt.s.wu	f25,x7	  x7:0x80041024 f25=0x4f000410
      61115.000 ns	      6110	80001628	41bad893	srai	x17,x21,0x1b	 x21:0x80041571 x17=0xfffffff0
      61125.000 ns	      6111	8000162c	00289a93	slli	x21,x17,0x2	 x17:0x00000010 x21=0xffffffc0
      61135.000 ns	      6112	80001630	b3ed7493	andi	x9,x26,-1218	 x26:0x00000001  x9=0x00000000
      61155.000 ns	      6114	80001634	a1e283d3	fle.s	x7,f5,f30	  f5:0x00000000 f30:0x7fc00000  x7=0x00000000
      61525.000 ns	      6151	80001638	0227deb3	divu	x29,x15,x2	 x15:0x00000000  x2:0x00000001 x29=0x00000000
      61545.000 ns	      6153	8000163c	00890733	add	x14,x18,x8	 x18:0x00001924  x8:0x00001924 x14=0x00003248
      61555.000 ns	      6154	80001640	a2bc2493	slti	x9,x24,-1493	 x24:0x00007956  x9=0x00000000
      61575.000 ns	      6156	80001644	a09a0653	fle.s	x12,f20,f9	 f20:0xcd66c91f  f9:0x7fc00000 x12=0x00000000
      61605.000 ns	      6159	80001648	293e06d3	fmin.s	f13,f28,f19	 f28:0x00000000 f19:0x7fc00000 f13=0x00000000
      61635.000 ns	      6162	8000164c	20d490d3	fsgnjn.s	f1,f9,f13	  f9:0x7fc00000 f13:0x3f800000  f1=0xffc00000
      61655.000 ns	      6164	80001650	017174b3	and	x9,x2,x23	  x2:0x00000001 x23:0x80040fe4  x9=0x00000000
      61675.000 ns	      6166	80001654	c0037d53	fcvt.w.s	x26,f6	  f6:0xcd66c91e x26=0x0e6c91e0
      61695.000 ns	      6168	80001658	d0b22513	slti	x10,x4,-757	  x4:0x0e6c9516 x10=0x00000000
      61705.000 ns	      6169	8000165c	006012b3	sll	x5,x0,x6	  x0:0x00000000  x6:0x6bc9e1bd  x5=0x00000000
      61715.000 ns	      6170	80001660	009a13b3	sll	x7,x20,x9	 x20:0x00000000  x9:0x00000000  x7=0x00000000
      61735.000 ns	      6172	80001664	c0021853	fcvt.w.s	x16,f4	  f4:0x00000000 x16=0x00000000
      61765.000 ns	      6175	80001668	e0039153	fclass.s	x2,f7	  f7:0x00000000  x2=0x00000010
      61795.000 ns	      6178	8000166c	a0370d53	fle.s	x26,f14,f3	 f14:0x7fc00000  f3:0x7fc00000 x26=0x00000000
      61815.000 ns	      6180	80001670	01de33b3	sltu	x7,x28,x29	 x28:0x80041024 x29:0x00000000  x7=0x00000000
      61825.000 ns	      6181	80001674	014f5c93	srli	x25,x30,0x14	 x30:0xfffffb0d x25=0x00000fff
      61835.000 ns	      6182	80001678	f6c54293	xori	x5,x10,-148	 x10:0x00000000  x5=0xffffff6c
      61855.000 ns	      6184	8000167c	d01afe53	fcvt.s.wu	f28,x21	 x21:0xffffffc0 f28=0x4f7fffff
      61885.000 ns	      6187	80001680	28f89253	fmax.s	f4,f17,f15	 f17:0xffc00000 f15:0x7fc00000  f4=0x7fc00000
      61905.000 ns	      6189	80001684	43beb413	sltiu	x8,x29,1083	 x29:0x00000000  x8=0x00000001
      61925.000 ns	      6191	80001688	28da0bd3	fmin.s	f23,f20,f13	 f20:0xcd66c91f f13:0x00000000 f23=0xcd66c91f
      61955.000 ns	      6194	8000168c	209d1cd3	fsgnjn.s	f25,f26,f9	 f26:0x3f800000  f9:0x7fc00000 f25=0xbf800000
      61985.000 ns	      6197	80001690	02353933	mulhu	x18,x10,x3	 x10:0x00000000  x3:0x00000000 x18=0x00000000
      62015.000 ns	      6200	80001694	a0ea8453	fle.s	x8,f21,f14	 f21:0xffc00000 f14:0x7fc00000  x8=0x00000000
      62035.000 ns	      6202	80001698	00000013	addi	x0,x0,0	  x0:0x00000000
      62045.000 ns	      6203	8000169c	d2434d13	xori	x26,x6,-732	  x6:0x6bc9e1bd x26=0x94361c99
      62085.000 ns	      6207	800016a0	08ecbfd3	fsub.s	f31,f25,f14	 f25:0xbf800000 f14:0x7fc00000 f31=0x7fc00000
      62115.000 ns	      6210	800016a4	29821d53	fmax.s	f26,f4,f24	  f4:0x7fc00000 f24:0x3f800000 f26=0x3f800000
      62135.000 ns	      6212	800016a8	0184bc33	sltu	x24,x9,x24	  x9:0x00000000 x24:0x00007956 x24=0x00000001
      62155.000 ns	      6214	800016ac	29e989d3	fmin.s	f19,f19,f30	 f19:0x7fc00000 f30:0x7fc00000 f19=0x7fc00000
      62175.000 ns	      6216	800016b0	01acb1b3	sltu	x3,x25,x26	 x25:0x00000fff x26:0x94361c99  x3=0x00000001
      62185.000 ns	      6217	800016b4	1730c6b7	lui	x13,0x1730c	 x13=0x1730c000
      62195.000 ns	      6218	800016b8	00c61713	slli	x14,x12,0xc	 x12:0x00000000 x14=0x00000000
      62215.000 ns	      6220	800016bc	28f98453	fmin.s	f8,f19,f15	 f19:0x7fc00000 f15:0x7fc00000  f8=0x7fc00000
      62245.000 ns	      6223	800016c0	a0d584d3	fle.s	x9,f11,f13	 f11:0x00000001 f13:0x00000000  x9=0x00000000
      62295.000 ns	      6228	800016c4	0107f253	fadd.s	f4,f15,f16	 f15:0x7fc00000 f16:0x00000001  f4=0x7fc00000
      62325.000 ns	      6231	800016c8	030ae733	rem	x14,x21,x16	 x21:0xffffffc0 x16:0x00000000 x14=0xffffffc0
      62345.000 ns	      6233	800016cc	7824c993	xori	x19,x9,1922	  x9:0x00000000 x19=0x00000782
      62365.000 ns	      6235	800016d0	c017fa53	fcvt.wu.s	x20,f15	 f15:0x7fc00000 x20=0xffffffff
      62385.000 ns	      6237	800016d4	7aed0f93	addi	x31,x26,1966	 x26:0x94361c99 x31=0x94362447
      62405.000 ns	      6239	800016d8	28001953	fmax.s	f18,f0,f0	  f0:0x503ffffe  f0:0x503ffffe f18=0x503ffffe
      62425.000 ns	      6241	800016dc	df6e6013	ori	x0,x28,-522	 x28:0x80041024
      62445.000 ns	      6243	800016e0	28c887d3	fmin.s	f15,f17,f12	 f17:0xffc00000 f12:0x7fc00000 f15=0x7fc00000
      62465.000 ns	      6245	800016e4	00c7c433	xor	x8,x15,x12	 x15:0x00000000 x12:0x00000000  x8=0x00000000
      62485.000 ns	      6247	800016e8	e00c9553	fclass.s	x10,f25	 f25:0xbf800000 x10=0x00000002
      62505.000 ns	      6249	800016ec	00fb9393	slli	x7,x23,0xf	 x23:0x80040fe4  x7=0x07f20000
      62515.000 ns	      6250	800016f0	407258b3	sra	x17,x4,x7	  x4:0x0e6c9516  x7:0x00000000 x17=0x0e6c9516
      62545.000 ns	      6253	800016f4	101c7053	fmul.s	f0,f24,f1	 f24:0x3f800000  f1:0xffc00000  f0=0x7fc00000
      62575.000 ns	      6256	800016f8	c011f7d3	fcvt.wu.s	x15,f3	  f3:0x7fc00000 x15=0xffffffff
      62595.000 ns	      6258	800016fc	0078f8b3	and	x17,x17,x7	 x17:0x0e6c9516  x7:0x07f20000 x17=0x06600000
      62605.000 ns	      6259	80001700	14da0c13	addi	x24,x20,333	 x20:0xffffffff x24=0x0000014c
      62615.000 ns	      6260	80001704	01d0fb33	and	x22,x1,x29	  x1:0x000005e1 x29:0x00000000 x22=0x00000000
      62625.000 ns	      6261	80001708	f3baba93	sltiu	x21,x21,-197	 x21:0xffffffc0 x21=0x00000000
      62665.000 ns	      6265	8000170c	08b5fad3	fsub.s	f21,f11,f11	 f11:0x00000001 f11:0x00000001 f21=0x80000000
      62705.000 ns	      6269	80001710	106a73d3	fmul.s	f7,f20,f6	 f20:0xcd66c91f  f6:0xcd66c91e  f7=0x5b500e01
      62735.000 ns	      6272	80001714	28440753	fmin.s	f14,f8,f4	  f8:0x7fc00000  f4:0x7fc00000 f14=0x7fc00000
      63915.000 ns	      6390	80001718	58092453	fsqrt.s	f8,f18	 f18:0x503ffffe  f8=0x4787c3aa
      63935.000 ns	      6392	8000171c	23277413	andi	x8,x14,562	 x14:0xffffffc0  x8=0x00000200
      63945.000 ns	      6393	80001720	4074b613	sltiu	x12,x9,1031	  x9:0x00000000 x12=0x00000001
      63965.000 ns	      6395	80001724	03b5a333	mulhsu	x6,x11,x27	 x11:0x00000010 x27:0xf1936e1b  x6=0x0000000f
      63995.000 ns	      6398	80001728	a1ed8153	fle.s	x2,f27,f30	 f27:0x503ffffe f30:0x7fc00000  x2=0x00000000
      64015.000 ns	      6400	8000172c	0047f2b3	and	x5,x15,x4	 x15:0xffffffff  x4:0x0e6c9516  x5=0x0e6c9516
      64035.000 ns	      6402	80001730	03be80b3	mul	x1,x29,x27	 x29:0x00000000 x27:0xf1936e1b  x1=0x00000000
      64065.000 ns	      6405	80001734	c00f81d3	fcvt.w.s	x3,f31	 f31:0x7fc00000  x3=0x7fffffff
      64085.000 ns	      6407	80001738	f2cb1497	auipc	x9,0xf2cb1	  x9=0x72cb2738
      64105.000 ns	      6409	8000173c	a1eca0d3	feq.s	x1,f25,f30	 f25:0xbf800000 f30:0x7fc00000  x1=0x00000000
      64125.000 ns	      6411	80001740	00000013	addi	x0,x0,0	  x0:0x00000000
      64485.000 ns	      6447	80001744	031af133	remu	x2,x21,x17	 x21:0x00000000 x17:0x06600000  x2=0x00000000
      64505.000 ns	      6449	80001748	b8b33913	sltiu	x18,x6,-1141	  x6:0x0000000f x18=0x00000001
      64865.000 ns	      6485	8000174c	0241ed33	rem	x26,x3,x4	  x3:0x7fffffff  x4:0x0e6c9516 x26=0x0c9b574f
      64885.000 ns	      6487	80001750	00d91213	slli	x4,x18,0xd	 x18:0x00000000  x4=0x00002000
      64895.000 ns	      6488	80001754	00aab133	sltu	x2,x21,x10	 x21:0x00000000 x10:0x00000002  x2=0x00000001
      64915.000 ns	      6490	80001758	204929d3	fsgnjx.s	f19,f18,f4	 f18:0x503ffffe  f4:0x7fc00000 f19=0x503ffffe
      64945.000 ns	      6493	8000175c	d008c6d3	fcvt.s.w	f13,x17	 x17:0x06600000 f13=0x4ccc0000
      64975.000 ns	      6496	80001760	20e1a3d3	fsgnjx.s	f7,f3,f14	  f3:0x7fc00000 f14:0x7fc00000  f7=0x7fc00000
      64995.000 ns	      6498	80001764	01c9ed33	or	x26,x19,x28	 x19:0x00000782 x28:0x80041024 x26=0x800417a6
      65005.000 ns	      6499	80001768	01cc5813	srli	x16,x24,0x1c	 x24:0x0000014c x16=0x00000000
      65015.000 ns	      6500	8000176c	00c040b3	xor	x1,x0,x12	  x0:0x00000000 x12:0x00000001  x1=0x00000001
      65025.000 ns	      6501	80001770	ab45b613	sltiu	x12,x11,-1356	 x11:0x00000010 x12=0x00000001
      65035.000 ns	      6502	80001774	00ba79b3	and	x19,x20,x11	 x20:0xffffffff x11:0x00000010 x19=0x00000010
      65055.000 ns	      6504	80001778	03171533	mulh	x10,x14,x17	 x14:0xffffffc0 x17:0x06600000 x10=0xfffffffe
      65075.000 ns	      6506	8000177c	416b8f33	sub	x30,x23,x22	 x23:0x80040fe4 x22:0x00000000 x30=0x80040fe4
      65085.000 ns	      6507	80001780	40b05013	srai	x0,x0,0xb	  x0:0x00000000
      65115.000 ns	      6510	80001784	18e5ad53	fdiv.s	f26,f11,f14	 f11:0x00000001 f14:0x7fc00000 f26=0x7fc00000
      65145.000 ns	      6513	80001788	03059733	mulh	x14,x11,x16	 x11:0x00000010 x16:0x00000000 x14=0x00000000
      65175.000 ns	      6516	8000178c	a0d59f53	flt.s	x30,f11,f13	 f11:0x00000001 f13:0x4ccc0000 x30=0x00000001
      65195.000 ns	      6518	80001790	00770033	add	x0,x14,x7	 x14:0x00000000  x7:0x07f20000
      65215.000 ns	      6520	80001794	e0020953	fmv.x.w	x18,f4	  f4:0x7fc00000 x18=0x7fc00000
      65235.000 ns	      6522	80001798	004785b3	add	x11,x15,x4	 x15:0xffffffff  x4:0x00002000 x11=0x00001fff
      65245.000 ns	      6523	8000179c	41cd83b3	sub	x7,x27,x28	 x27:0xf1936e1b x28:0x80041024  x7=0x718f5df7
      65255.000 ns	      6524	800017a0	00b823b3	slt	x7,x16,x11	 x16:0x00000000 x11:0x00000010  x7=0x00000001
      65275.000 ns	      6526	800017a4	21f21453	fsgnjn.s	f8,f4,f31	  f4:0x7fc00000 f31:0x7fc00000  f8=0xffc00000
      65305.000 ns	      6529	800017a8	292c0753	fmin.s	f14,f24,f18	 f24:0x3f800000 f18:0x503ffffe f14=0x3f800000
      65335.000 ns	      6532	800017ac	c000f6d3	fcvt.w.s	x13,f1	  f1:0xffc00000 x13=0x7fffffff
      65355.000 ns	      6534	800017b0	40a9d1b3	sra	x3,x19,x10	 x19:0x00000010 x10:0xfffffffe  x3=0x00000000
      65365.000 ns	      6535	800017b4	0158d793	srli	x15,x17,0x15	 x17:0x06600000 x15=0x00000033
      65385.000 ns	      6537	800017b8	0361bfb3	mulhu	x31,x3,x22	  x3:0x7fffffff x22:0x00000000 x31=0x00000000
      65435.000 ns	      6542	800017bc	085c75d3	fsub.s	f11,f24,f5	 f24:0x3f800000  f5:0x00000000 f11=0x3f800000
      65475.000 ns	      6546	800017c0	100ca153	fmul.s	f2,f25,f0	 f25:0xbf800000  f0:0x7fc00000  f2=0x7fc00000
      65495.000 ns	      6548	800017c4	004ed333	srl	x6,x29,x4	 x29:0x00000000  x4:0x00002000  x6=0x00000000
      65505.000 ns	      6549	800017c8	1471af37	lui	x30,0x1471a	 x30=0x1471a000
      65525.000 ns	      6551	800017cc	03712033	mulhsu	x0,x2,x23	  x2:0x00000001 x23:0x80040fe4
      65545.000 ns	      6553	800017d0	00000013	addi	x0,x0,0	  x0:0x00000000
      65905.000 ns	      6589	800017d4	02284433	div	x8,x16,x2	 x16:0x00000000  x2:0x00000001  x8=0x00000000
      65935.000 ns	      6592	800017d8	022088b3	mul	x17,x1,x2	  x1:0x00000001  x2:0x00000001 x17=0x00000001
      65955.000 ns	      6594	800017dc	58a1aa93	slti	x21,x3,1418	  x3:0x00000000 x21=0x00000001
      65975.000 ns	      6596	800017e0	e0061d53	fclass.s	x26,f12	 f12:0x7fc00000 x26=0x00000200
      66005.000 ns	      6599	800017e4	a03a0cd3	fle.s	x25,f20,f3	 f20:0xcd66c91f  f3:0x7fc00000 x25=0x00000000
      66025.000 ns	      6601	800017e8	849ee713	ori	x14,x29,-1975	 x29:0x00000000 x14=0xfffff849
      66385.000 ns	      6637	800017ec	037057b3	divu	x15,x0,x23	  x0:0x00000000 x23:0x80040fe4 x15=0x00000000
      66405.000 ns	      6639	800017f0	00000013	addi	x0,x0,0	  x0:0x00000000
      66425.000 ns	      6641	800017f4	f00107d3	fmv.w.x	f15,x2	  x2:0x00000001 f15=0x00000001
      66445.000 ns	      6643	800017f8	6ce1cf97	auipc	x31,0x6ce1c	 x31=0xece1d7f8
      66455.000 ns	      6644	800017fc	c12e2193	slti	x3,x28,-1006	 x28:0x80041024  x3=0x00000001
      66465.000 ns	      6645	80001800	0014a733	slt	x14,x9,x1	  x9:0x72cb2738  x1:0x00000001 x14=0x00000000
      66485.000 ns	      6647	80001804	d01a7553	fcvt.s.wu	f10,x20	 x20:0xffffffff f10=0x4f7fffff
      66505.000 ns	      6649	80001808	421deb13	ori	x22,x27,1057	 x27:0xf1936e1b x22=0xf1936e3b
      66515.000 ns	      6650	8000180c	f78c3793	sltiu	x15,x24,-136	 x24:0x0000014c x15=0x00000001
      66535.000 ns	      6652	80001810	a12ba553	feq.s	x10,f23,f18	 f23:0xcd66c91f f18:0x503ffffe x10=0x00000000
      66565.000 ns	      6655	80001814	d0092753	fcvt.s.w	f14,x18	 x18:0x7fc00000 f14=0x4eff8000
      66585.000 ns	      6657	80001818	000e2033	slt	x0,x28,x0	 x28:0x80041024  x0:0x00000000
      66605.000 ns	      6659	8000181c	03d16cb3	rem	x25,x2,x29	  x2:0x00000001 x29:0x00000000 x25=0x00000001
      66625.000 ns	      6661	80001820	001a8833	add	x16,x21,x1	 x21:0x00000001  x1:0x00000001 x16=0x00000002
      66645.000 ns	      6663	80001824	f00f0053	fmv.w.x	f0,x30	 x30:0x1471a000  f0=0x1471a000
      66695.000 ns	      6668	80001828	0879f353	fsub.s	f6,f19,f7	 f19:0x503ffffe  f7:0x7fc00000  f6=0x7fc00000
      67875.000 ns	      6786	8000182c	58083453	fsqrt.s	f8,f16	 f16:0x00000001  f8=0x1f350483
      67895.000 ns	      6788	80001830	008c5893	srli	x17,x24,0x8	 x24:0x0000014c x17=0x00000001
      68255.000 ns	      6824	80001834	03afd2b3	divu	x5,x31,x26	 x31:0xece1d7f8 x26:0x00000200  x5=0x007670eb
      68285.000 ns	      6827	80001838	e00a15d3	fclass.s	x11,f20	 f20:0xcd66c91f x11=0x00000002
      68305.000 ns	      6829	8000183c	8f553713	sltiu	x14,x10,-1803	 x10:0x00000000 x14=0x00000001
      68315.000 ns	      6830	80001840	410e5893	srai	x17,x28,0x10	 x28:0x80041024 x17=0xffff8004
      68325.000 ns	      6831	80001844	00db47b3	xor	x15,x22,x13	 x22:0xf1936e3b x13:0x7fffffff x15=0x8e6c91c4
      68345.000 ns	      6833	80001848	20462853	fsgnjx.s	f16,f12,f4	 f12:0x7fc00000  f4:0x7fc00000 f16=0x7fc00000
      68375.000 ns	      6836	8000184c	a0482d53	feq.s	x26,f16,f4	 f16:0x00000001  f4:0x7fc00000 x26=0x00000000
      68395.000 ns	      6838	80001850	a6a12113	slti	x2,x2,-1430	  x2:0x00000001  x2=0x00000000
      68405.000 ns	      6839	80001854	50fcb413	sltiu	x8,x25,1295	 x25:0x00000001  x8=0x00000001
      68415.000 ns	      6840	80001858	4166df13	srai	x30,x13,0x16	 x13:0x7fffffff x30=0x000001ff
      68425.000 ns	      6841	8000185c	00e0a633	slt	x12,x1,x14	  x1:0x00000001 x14:0x00000001 x12=0x00000000
      68435.000 ns	      6842	80001860	bb427c93	andi	x25,x4,-1100	  x4:0x00002000 x25=0x00002000
      68445.000 ns	      6843	80001864	01fd7633	and	x12,x26,x31	 x26:0x00000000 x31:0xece1d7f8 x12=0x00000000
      68465.000 ns	      6845	80001868	286c1753	fmax.s	f14,f24,f6	 f24:0x3f800000  f6:0x7fc00000 f14=0x3f800000
      68485.000 ns	      6847	8000186c	877e7e93	andi	x29,x28,-1929	 x28:0x80041024 x29=0x80041024
      68505.000 ns	      6849	80001870	f00c8b53	fmv.w.x	f22,x25	 x25:0x00002000 f22=0x00002000
      68525.000 ns	      6851	80001874	01b77133	and	x2,x14,x27	 x14:0x00000001 x27:0xf1936e1b  x2=0x00000001
      68545.000 ns	      6853	80001878	a02d83d3	fle.s	x7,f27,f2	 f27:0x503ffffe  f2:0x7fc00000  x7=0x00000000
      68565.000 ns	      6855	8000187c	4ac8fd37	lui	x26,0x4ac8f	 x26=0x4ac8f000
      68585.000 ns	      6857	80001880	21a30953	fsgnj.s	f18,f6,f26	  f6:0x7fc00000 f26:0x7fc00000 f18=0x7fc00000
      68615.000 ns	      6860	80001884	a1c71153	flt.s	x2,f14,f28	 f14:0x3f800000 f28:0x4f7fffff  x2=0x00000001
      68645.000 ns	      6863	80001888	02ddb6b3	mulhu	x13,x27,x13	 x27:0xf1936e1b x13:0x7fffffff x13=0x78c9b70c
      68665.000 ns	      6865	8000188c	646c4093	xori	x1,x24,1606	 x24:0x0000014c  x1=0x0000070a
      68685.000 ns	      6867	80001890	a13e8453	fle.s	x8,f29,f19	 f29:0xcd66c920 f19:0x503ffffe  x8=0x00000001
      68715.000 ns	      6870	80001894	a07d1953	flt.s	x18,f26,f7	 f26:0x7fc00000  f7:0x7fc00000 x18=0x00000000
      68755.000 ns	      6874	80001898	10df8fd3	fmul.s	f31,f31,f13	 f31:0x7fc00000 f13:0x4ccc0000 f31=0x7fc00000
      68785.000 ns	      6877	8000189c	0349b6b3	mulhu	x13,x19,x20	 x19:0x00000010 x20:0xffffffff x13=0x0000000f
      68805.000 ns	      6879	800018a0	01f52cb3	slt	x25,x10,x31	 x10:0x00000000 x31:0xece1d7f8 x25=0x00000000
      68815.000 ns	      6880	800018a4	c09f4093	xori	x1,x30,-1015	 x30:0x000001ff  x1=0xfffffdf6
      68825.000 ns	      6881	800018a8	b88c1b37	lui	x22,0xb88c1	 x22=0xb88c1000
      68835.000 ns	      6882	800018ac	00c10733	add	x14,x2,x12	  x2:0x00000001 x12:0x00000000 x14=0x00000001
      68855.000 ns	      6884	800018b0	200d1a53	fsgnjn.s	f20,f26,f0	 f26:0x7fc00000  f0:0x1471a000 f20=0xffc00000
      68875.000 ns	      6886	800018b4	7758f093	andi	x1,x17,1909	 x17:0xffff8004  x1=0x00000004
      68895.000 ns	      6888	800018b8	d00624d3	fcvt.s.w	f9,x12	 x12:0x00000000  f9=0x00000000
      68915.000 ns	      6890	800018bc	00cac7b3	xor	x15,x21,x12	 x21:0x00000001 x12:0x00000000 x15=0x00000001
      68935.000 ns	      6892	800018c0	d00fbbd3	fcvt.s.w	f23,x31	 x31:0xece1d7f8 f23=0xcd98f141
      68965.000 ns	      6895	800018c4	e0010a53	fmv.x.w	x20,f2	  f2:0x7fc00000 x20=0x7fc00000
      68985.000 ns	      6897	800018c8	63fa0d13	addi	x26,x20,1599	 x20:0xffffffff x26=0x7fc0063f
      68995.000 ns	      6898	800018cc	00bdb333	sltu	x6,x27,x11	 x27:0xf1936e1b x11:0x00000002  x6=0x00000000
      69005.000 ns	      6899	800018d0	40958a33	sub	x20,x11,x9	 x11:0x00000002  x9:0x72cb2738 x20=0x8d34d8ca
      69025.000 ns	      6901	800018d4	033b0ab3	mul	x21,x22,x19	 x22:0xb88c1000 x19:0x00000010 x21=0x88c10000
      69395.000 ns	      6938	800018d8	030bf033	remu	x0,x23,x16	 x23:0x80040fe4 x16:0x00000002
      69425.000 ns	      6941	800018dc	20d61953	fsgnjn.s	f18,f12,f13	 f12:0x7fc00000 f13:0x4ccc0000 f18=0xffc00000
      69455.000 ns	      6944	800018e0	0395d833	divu	x16,x11,x25	 x11:0x00000002 x25:0x00000000 x16=0xffffffff
      69475.000 ns	      6946	800018e4	00000013	addi	x0,x0,0	  x0:0x00000000
      69485.000 ns	      6947	800018e8	b5fedf37	lui	x30,0xb5fed	 x30=0xb5fed000
      69845.000 ns	      6983	800018ec	03c2f233	remu	x4,x5,x28	  x5:0x007670eb x28:0x80041024  x4=0x007670eb
      70215.000 ns	      7020	800018f0	02b2c233	div	x4,x5,x11	  x5:0x007670eb x11:0x00000002  x4=0x003b3875
      70235.000 ns	      7022	800018f4	78e84e93	xori	x29,x16,1934	 x16:0xffffffff x29=0xfffff871
      70245.000 ns	      7023	800018f8	737f54b7	lui	x9,0x737f5	  x9=0x737f5000
      70265.000 ns	      7025	800018fc	03c81533	mulh	x10,x16,x28	 x16:0xffffffff x28:0x80041024 x10=0x00000000
      70285.000 ns	      7027	80001900	01aa3633	sltu	x12,x20,x26	 x20:0x8d34d8ca x26:0x7fc0063f x12=0x00000000
      70295.000 ns	      7028	80001904	01c589b3	add	x19,x11,x28	 x11:0x00000002 x28:0x80041024 x19=0x80041026
      70305.000 ns	      7029	80001908	00021c33	sll	x24,x4,x0	  x4:0x003b3875  x0:0x00000000 x24=0x003b3875
      70315.000 ns	      7030	8000190c	00d781b3	add	x3,x15,x13	 x15:0x00000001 x13:0x0000000f  x3=0x00000010
      70345.000 ns	      7033	80001910	10fa7753	fmul.s	f14,f20,f15	 f20:0xffc00000 f15:0x00000001 f14=0x7fc00000
      70365.000 ns	      7035	80001914	00789633	sll	x12,x17,x7	 x17:0xffff8004  x7:0x00000000 x12=0xffff8004
      70385.000 ns	      7037	80001918	0348a2b3	mulhsu	x5,x17,x20	 x17:0xffff8004 x20:0x8d34d8ca  x5=0xffffb967
      70405.000 ns	      7039	8000191c	19532413	slti	x8,x6,405	  x6:0x00000000  x8=0x00000001
      70425.000 ns	      7041	80001920	e00182d3	fmv.x.w	x5,f3	  f3:0x7fc00000  x5=0x7fc00000
      70455.000 ns	      7044	80001924	d01ca753	fcvt.s.wu	f14,x25	 x25:0x00000000 f14=0x00000000
      70485.000 ns	      7047	80001928	02f48033	mul	x0,x9,x15	  x9:0x737f5000 x15:0x00000001
      70505.000 ns	      7049	8000192c	0052b733	sltu	x14,x5,x5	  x5:0x7fc00000  x5:0x7fc00000 x14=0x00000000
      70525.000 ns	      7051	80001930	e00c17d3	fclass.s	x15,f24	 f24:0x3f800000 x15=0x00000040
      70555.000 ns	      7054	80001934	02329633	mulh	x12,x5,x3	  x5:0x7fc00000  x3:0x00000010 x12=0x00000007
      70595.000 ns	      7058	80001938	580642d3	fsqrt.s	f5,f12	 f12:0x7fc00000  f5=0x7fc00000
      70615.000 ns	      7060	8000193c	002c2333	slt	x6,x24,x2	 x24:0x003b3875  x2:0x00000001  x6=0x00000000
      70625.000 ns	      7061	80001940	1c8d0e93	addi	x29,x26,456	 x26:0x7fc0063f x29=0x7fc00807
      70645.000 ns	      7063	80001944	d01875d3	fcvt.s.wu	f11,x16	 x16:0xffffffff f11=0x4f7fffff
      70675.000 ns	      7066	80001948	d01089d3	fcvt.s.wu	f19,x1	  x1:0x00000004 f19=0x40800000
      70705.000 ns	      7069	8000194c	d01c96d3	fcvt.s.wu	f13,x25	 x25:0x00000000 f13=0x00000000
      70735.000 ns	      7072	80001950	a0ce26d3	feq.s	x13,f28,f12	 f28:0x4f7fffff f12:0x7fc00000 x13=0x00000000
      70765.000 ns	      7075	80001954	29a40653	fmin.s	f12,f8,f26	  f8:0x1f350483 f26:0x7fc00000 f12=0x1f350483
      70795.000 ns	      7078	80001958	a16d2d53	feq.s	x26,f26,f22	 f26:0x7fc00000 f22:0x00002000 x26=0x00000000
      70825.000 ns	      7081	8000195c	c003f6d3	fcvt.w.s	x13,f7	  f7:0x7fc00000 x13=0x7fffffff
      70845.000 ns	      7083	80001960	00ef2ab3	slt	x21,x30,x14	 x30:0xb5fed000 x14:0x00000000 x21=0x00000001
      70865.000 ns	      7085	80001964	21d383d3	fsgnj.s	f7,f7,f29	  f7:0x7fc00000 f29:0xcd66c920  f7=0xffc00000
      70885.000 ns	      7087	80001968	01265633	srl	x12,x12,x18	 x12:0x00000007 x18:0x00000000 x12=0x00000007
      71245.000 ns	      7123	8000196c	023157b3	divu	x15,x2,x3	  x2:0x00000001  x3:0x00000010 x15=0x00000000
      71275.000 ns	      7126	80001970	200387d3	fsgnj.s	f15,f7,f0	  f7:0xffc00000  f0:0x1471a000 f15=0x7fc00000
      71305.000 ns	      7129	80001974	02b7af33	mulhsu	x30,x15,x11	 x15:0x00000000 x11:0x00000002 x30=0x00000000
      71335.000 ns	      7132	80001978	0335aa33	mulhsu	x20,x11,x19	 x11:0x00000002 x19:0x80041026 x20=0x00000001
      71375.000 ns	      7136	8000197c	18b3a5d3	fdiv.s	f11,f7,f11	  f7:0xffc00000 f11:0x4f7fffff f11=0x7fc00000
      71745.000 ns	      7173	80001980	029acc33	div	x24,x21,x9	 x21:0x00000001  x9:0x737f5000 x24=0x00000000
      71765.000 ns	      7175	80001984	41ff5ab3	sra	x21,x30,x31	 x30:0x00000000 x31:0xece1d7f8 x21=0x00000000
      71785.000 ns	      7177	80001988	c0017f53	fcvt.w.s	x30,f2	  f2:0x7fc00000 x30=0x7fffffff
      71805.000 ns	      7179	8000198c	19faf637	lui	x12,0x19faf	 x12=0x19faf000
      71825.000 ns	      7181	80001990	f00f8553	fmv.w.x	f10,x31	 x31:0xece1d7f8 f10=0xece1d7f8
      71845.000 ns	      7183	80001994	00000013	addi	x0,x0,0	  x0:0x00000000
      71865.000 ns	      7185	80001998	20410853	fsgnj.s	f16,f2,f4	  f2:0x7fc00000  f4:0x7fc00000 f16=0x7fc00000
      71885.000 ns	      7187	8000199c	008d5113	srli	x2,x26,0x8	 x26:0x00000000  x2=0x00000000
      71905.000 ns	      7189	800019a0	c01b7753	fcvt.wu.s	x14,f22	 f22:0x00002000 x14=0x00000000
      71925.000 ns	      7191	800019a4	01249813	slli	x16,x9,0x12	  x9:0x737f5000 x16=0x40000000
      71935.000 ns	      7192	800019a8	004b5a13	srli	x20,x22,0x4	 x22:0xb88c1000 x20=0x0b88c100
      71955.000 ns	      7194	800019ac	200a9b53	fsgnjn.s	f22,f21,f0	 f21:0x80000000  f0:0x1471a000 f22=0x80000000
      71995.000 ns	      7198	800019b0	18b401d3	fdiv.s	f3,f8,f11	  f8:0x1f350483 f11:0x7fc00000  f3=0x7fc00000
      72365.000 ns	      7235	800019b4	0345d033	divu	x0,x11,x20	 x11:0x00000002 x20:0x0b88c100
      72395.000 ns	      7238	800019b8	0355e7b3	rem	x15,x11,x21	 x11:0x00000002 x21:0x00000000 x15=0x00000002
      72415.000 ns	      7240	800019bc	17e7c513	xori	x10,x15,382	 x15:0x00000000 x10=0x0000017c
      72775.000 ns	      7276	800019c0	03dcd8b3	divu	x17,x25,x29	 x25:0x00000000 x29:0x7fc00807 x17=0x00000000
      72815.000 ns	      7280	800019c4	5808f8d3	fsqrt.s	f17,f17	 f17:0xffc00000 f17=0x7fc00000
      72835.000 ns	      7282	800019c8	019e0433	add	x8,x28,x25	 x28:0x80041024 x25:0x00000000  x8=0x80041024
      72845.000 ns	      7283	800019cc	d8f93113	sltiu	x2,x18,-625	 x18:0x00000000  x2=0x00000001
      72855.000 ns	      7284	800019d0	40ee56b3	sra	x13,x28,x14	 x28:0x80041024 x14:0x00000000 x13=0x80041024
      72865.000 ns	      7285	800019d4	00381493	slli	x9,x16,0x3	 x16:0x40000000  x9=0x00000000
      72885.000 ns	      7287	800019d8	e00d0c53	fmv.x.w	x24,f26	 f26:0x7fc00000 x24=0x7fc00000
      72905.000 ns	      7289	800019dc	015db2b3	sltu	x5,x27,x21	 x27:0xf1936e1b x21:0x00000000  x5=0x00000000
      72925.000 ns	      7291	800019e0	a11100d3	fle.s	x1,f2,f17	  f2:0x7fc00000 f17:0x7fc00000  x1=0x00000000
      72945.000 ns	      7293	800019e4	01a61293	slli	x5,x12,0x1a	 x12:0x19faf000  x5=0x00000000
      72955.000 ns	      7294	800019e8	0158ccb3	xor	x25,x17,x21	 x17:0x00000000 x21:0x00000000 x25=0x00000000
      72975.000 ns	      7296	800019ec	20b710d3	fsgnjn.s	f1,f14,f11	 f14:0x00000000 f11:0x7fc00000  f1=0x80000000
      73005.000 ns	      7299	800019f0	02784833	div	x16,x16,x7	 x16:0x40000000  x7:0x00000000 x16=0xffffffff
      73035.000 ns	      7302	800019f4	024c18b3	mulh	x17,x24,x4	 x24:0x7fc00000  x4:0x003b3875 x17=0x001d8d6c
      73055.000 ns	      7304	800019f8	58ec8593	addi	x11,x25,1422	 x25:0x00000000 x11=0x0000058e
      73075.000 ns	      7306	800019fc	026686b3	mul	x13,x13,x6	 x13:0x80041024  x6:0x00000000 x13=0x00000000
      73095.000 ns	      7308	80001a00	012c5593	srli	x11,x24,0x12	 x24:0x7fc00000 x11=0x00001ff0
      73105.000 ns	      7309	80001a04	01d02233	slt	x4,x0,x29	  x0:0x00000000 x29:0x7fc00807  x4=0x00000001
      73115.000 ns	      7310	80001a08	9ecfbd13	sltiu	x26,x31,-1556	 x31:0xece1d7f8 x26=0x00000001
      73145.000 ns	      7313	80001a0c	11aa0fd3	fmul.s	f31,f20,f26	 f20:0xffc00000 f26:0x7fc00000 f31=0x7fc00000
      73175.000 ns	      7316	80001a10	d0138fd3	fcvt.s.wu	f31,x7	  x7:0x00000000 f31=0x00000000
      73205.000 ns	      7319	80001a14	c00b7fd3	fcvt.w.s	x31,f22	 f22:0x80000000 x31=0x00000000
      73225.000 ns	      7321	80001a18	41318ab3	sub	x21,x3,x19	  x3:0x00000010 x19:0x80041026 x21=0x7ffbefea
      73235.000 ns	      7322	80001a1c	01f45613	srli	x12,x8,0x1f	  x8:0x80041024 x12=0x00000001
      73265.000 ns	      7325	80001a20	109afd53	fmul.s	f26,f21,f9	 f21:0x80000000  f9:0x00000000 f26=0x80000000
      73285.000 ns	      7327	80001a24	016c5693	srli	x13,x24,0x16	 x24:0x7fc00000 x13=0x000001ff
      73295.000 ns	      7328	80001a28	41fa5033	sra	x0,x20,x31	 x20:0x0b88c100 x31:0x00000000
      73305.000 ns	      7329	80001a2c	00000013	addi	x0,x0,0	  x0:0x00000000
      73315.000 ns	      7330	80001a30	00000013	addi	x0,x0,0	  x0:0x00000000
      73675.000 ns	      7366	80001a34	02f356b3	divu	x13,x6,x15	  x6:0x00000000 x15:0x00000002 x13=0x00000000
      73705.000 ns	      7369	80001a38	e00206d3	fmv.x.w	x13,f4	  f4:0x7fc00000 x13=0x7fc00000
      73725.000 ns	      7371	80001a3c	4b4b9eb7	lui	x29,0x4b4b9	 x29=0x4b4b9000
      73745.000 ns	      7373	80001a40	02e37433	remu	x8,x6,x14	  x6:0x00000000 x14:0x00000000  x8=0x00000000
      73765.000 ns	      7375	80001a44	40295b33	sra	x22,x18,x2	 x18:0x00000000  x2:0x00000001 x22=0x00000000
      73785.000 ns	      7377	80001a48	c01037d3	fcvt.wu.s	x15,f0	  f0:0x1471a000 x15=0x00000000
      73805.000 ns	      7379	80001a4c	00115533	srl	x10,x2,x1	  x2:0x00000001  x1:0x00000000 x10=0x00000001
      73825.000 ns	      7381	80001a50	a19daa53	feq.s	x20,f27,f25	 f27:0x503ffffe f25:0xbf800000 x20=0x00000000
      73855.000 ns	      7384	80001a54	037b2333	mulhsu	x6,x22,x23	 x22:0x00000000 x23:0x80040fe4  x6=0x00000000
      73885.000 ns	      7387	80001a58	a13087d3	fle.s	x15,f1,f19	  f1:0x80000000 f19:0x40800000 x15=0x00000001
      73915.000 ns	      7390	80001a5c	a01c0153	fle.s	x2,f24,f1	 f24:0x3f800000  f1:0x80000000  x2=0x00000000
      73945.000 ns	      7393	80001a60	d01570d3	fcvt.s.wu	f1,x10	 x10:0x00000001  f1=0x3f800000
      73965.000 ns	      7395	80001a64	015c9833	sll	x16,x25,x21	 x25:0x00000000 x21:0x7ffbefea x16=0x00000000
      73985.000 ns	      7397	80001a68	a16d0553	fle.s	x10,f26,f22	 f26:0x80000000 f22:0x80000000 x10=0x00000001
      74015.000 ns	      7400	80001a6c	c017f553	fcvt.wu.s	x10,f15	 f15:0x7fc00000 x10=0xffffffff
      74035.000 ns	      7402	80001a70	00be8333	add	x6,x29,x11	 x29:0x4b4b9000 x11:0x00001ff0  x6=0x4b4baff0
      74045.000 ns	      7403	80001a74	c94ec313	xori	x6,x29,-876	 x29:0x4b4b9000  x6=0xb4b46c94
      74405.000 ns	      7439	80001a78	03ebc8b3	div	x17,x23,x30	 x23:0x80040fe4 x30:0x7fffffff x17=0x00000000
      74775.000 ns	      7476	80001a7c	02bc7933	remu	x18,x24,x11	 x24:0x7fc00000 x11:0x00001ff0 x18=0x00000000
      74805.000 ns	      7479	80001a80	219099d3	fsgnjn.s	f19,f1,f25	  f1:0x3f800000 f25:0xbf800000 f19=0x3f800000
      74825.000 ns	      7481	80001a84	01f09033	sll	x0,x1,x31	  x1:0x00000000 x31:0x00000000
      74835.000 ns	      7482	80001a88	2ad6e213	ori	x4,x13,685	 x13:0x7fc00000  x4=0x7fc002ad
      75195.000 ns	      7518	80001a8c	02c4dcb3	divu	x25,x9,x12	  x9:0x00000000 x12:0x00000001 x25=0x00000000
      75225.000 ns	      7521	80001a90	c0094453	fcvt.w.s	x8,f18	 f18:0xffc00000  x8=0x7fffffff
      75255.000 ns	      7524	80001a94	e00d1953	fclass.s	x18,f26	 f26:0x80000000 x18=0x00000008
      75305.000 ns	      7529	80001a98	083ef353	fsub.s	f6,f29,f3	 f29:0xcd66c920  f3:0x7fc00000  f6=0x7fc00000
      75335.000 ns	      7532	80001a9c	21b690d3	fsgnjn.s	f1,f13,f27	 f13:0x00000000 f27:0x503ffffe  f1=0x80000000
      75365.000 ns	      7535	80001aa0	29f01f53	fmax.s	f30,f0,f31	  f0:0x1471a000 f31:0x00000000 f30=0x1471a000
      75395.000 ns	      7538	80001aa4	207c09d3	fsgnj.s	f19,f24,f7	 f24:0x3f800000  f7:0xffc00000 f19=0xbf800000
      75415.000 ns	      7540	80001aa8	014a5993	srli	x19,x20,0x14	 x20:0x00000000 x19=0x00000000
      75445.000 ns	      7543	80001aac	1881f9d3	fdiv.s	f19,f3,f8	  f3:0x7fc00000  f8:0x1f350483 f19=0x7fc00000
      75495.000 ns	      7548	80001ab0	0133fc53	fadd.s	f24,f7,f19	  f7:0xffc00000 f19:0xbf800000 f24=0x7fc00000
      75515.000 ns	      7550	80001ab4	01222c33	slt	x24,x4,x18	  x4:0x7fc002ad x18:0x00000008 x24=0x00000000
      75535.000 ns	      7552	80001ab8	030c1fb3	mulh	x31,x24,x16	 x24:0x7fc00000 x16:0x00000000 x31=0x00000000
      75555.000 ns	      7554	80001abc	00ede533	or	x10,x27,x14	 x27:0xf1936e1b x14:0x00000000 x10=0xf1936e1b
      75575.000 ns	      7556	80001ac0	d01c7fd3	fcvt.s.wu	f31,x24	 x24:0x00000000 f31=0x00000000
      75595.000 ns	      7558	80001ac4	b1d18017	auipc	x0,0xb1d18	
      75615.000 ns	      7560	80001ac8	d01179d3	fcvt.s.wu	f19,x2	  x2:0x00000000 f19=0x00000000
      75635.000 ns	      7562	80001acc	4576e513	ori	x10,x13,1111	 x13:0x7fc00000 x10=0x7fc00457
      75665.000 ns	      7565	80001ad0	19031a53	fdiv.s	f20,f6,f16	  f6:0x7fc00000 f16:0x7fc00000 f20=0x7fc00000
      75685.000 ns	      7567	80001ad4	00000013	addi	x0,x0,0	  x0:0x00000000
      75705.000 ns	      7569	80001ad8	c003a853	fcvt.w.s	x16,f7	  f7:0xffc00000 x16=0x7fffffff
      75735.000 ns	      7572	80001adc	03e21833	mulh	x16,x4,x30	  x4:0x7fc002ad x30:0x7fffffff x16=0x3fe00156
      75755.000 ns	      7574	80001ae0	0cf02193	slti	x3,x0,207	  x0:0x00000000  x3=0x00000001
      75765.000 ns	      7575	80001ae4	ba305117	auipc	x2,0xba305	  x2=0x3a306ae4
      75775.000 ns	      7576	80001ae8	0075ef33	or	x30,x11,x7	 x11:0x00001ff0  x7:0x00000000 x30=0x00001ff0
      75795.000 ns	      7578	80001aec	03893fb3	mulhu	x31,x18,x24	 x18:0x00000008 x24:0x00000000 x31=0x00000000
      75815.000 ns	      7580	80001af0	00a7bab3	sltu	x21,x15,x10	 x15:0x00000001 x10:0x7fc00457 x21=0x00000001
      75825.000 ns	      7581	80001af4	40660cb3	sub	x25,x12,x6	 x12:0x00000001  x6:0xb4b46c94 x25=0x4b4b936d
      75845.000 ns	      7583	80001af8	a1a92653	feq.s	x12,f18,f26	 f18:0xffc00000 f26:0x80000000 x12=0x00000000
      75885.000 ns	      7587	80001afc	19f9fa53	fdiv.s	f20,f19,f31	 f19:0x00000000 f31:0x00000000 f20=0x7fc00000
      75905.000 ns	      7589	80001b00	0105d133	srl	x2,x11,x16	 x11:0x00001ff0 x16:0x3fe00156  x2=0x00000000
      75945.000 ns	      7593	80001b04	01c5f5d3	fadd.s	f11,f11,f28	 f11:0x7fc00000 f28:0x4f7fffff f11=0x7fc00000
      75975.000 ns	      7596	80001b08	d008a2d3	fcvt.s.w	f5,x17	 x17:0x00000000  f5=0x00000000
      76005.000 ns	      7599	80001b0c	037d2533	mulhsu	x10,x26,x23	 x26:0x00000001 x23:0x80040fe4 x10=0x00000000
      76025.000 ns	      7601	80001b10	28b02d13	slti	x26,x0,651	  x0:0x00000000 x26=0x00000001
      76045.000 ns	      7603	80001b14	a0fa9cd3	flt.s	x25,f21,f15	 f21:0x80000000 f15:0x7fc00000 x25=0x00000000
      76065.000 ns	      7605	80001b18	00d4b133	sltu	x2,x9,x13	  x9:0x00000000 x13:0x7fc00000  x2=0x00000001
      76075.000 ns	      7606	80001b1c	93113f93	sltiu	x31,x2,-1743	  x2:0x00000000 x31=0x00000001
      76095.000 ns	      7608	80001b20	a11b1753	flt.s	x14,f22,f17	 f22:0x80000000 f17:0x7fc00000 x14=0x00000000
      76125.000 ns	      7611	80001b24	e00c87d3	fmv.x.w	x15,f25	 f25:0xbf800000 x15=0xbf800000
      76145.000 ns	      7613	80001b28	01bcb233	sltu	x4,x25,x27	 x25:0x00000000 x27:0xf1936e1b  x4=0x00000001
      76155.000 ns	      7614	80001b2c	0151e7b3	or	x15,x3,x21	  x3:0x00000001 x21:0x00000001 x15=0x00000001
      76165.000 ns	      7615	80001b30	00111fb3	sll	x31,x2,x1	  x2:0x00000001  x1:0x00000000 x31=0x00000001
      76175.000 ns	      7616	80001b34	4000d4b3	sra	x9,x1,x0	  x1:0x00000000  x0:0x00000000  x9=0x00000000
      76185.000 ns	      7617	80001b38	40a15993	srai	x19,x2,0xa	  x2:0x00000001 x19=0x00000000
      76195.000 ns	      7618	80001b3c	005020b3	slt	x1,x0,x5	  x0:0x00000000  x5:0x00000000  x1=0x00000000
      76555.000 ns	      7654	80001b40	02b16a33	rem	x20,x2,x11	  x2:0x00000001 x11:0x00001ff0 x20=0x00000001
      76585.000 ns	      7657	80001b44	d0130ed3	fcvt.s.wu	f29,x6	  x6:0xb4b46c94 f29=0x4f34b46d
      76615.000 ns	      7660	80001b48	216e9ed3	fsgnjn.s	f29,f29,f22	 f29:0xcd66c920 f22:0x80000000 f29=0x4f34b46d
      76645.000 ns	      7663	80001b4c	e00583d3	fmv.x.w	x7,f11	 f11:0x7fc00000  x7=0x7fc00000
      76665.000 ns	      7665	80001b50	00000013	addi	x0,x0,0	  x0:0x00000000
      77025.000 ns	      7701	80001b54	0267f8b3	remu	x17,x15,x6	 x15:0x00000001  x6:0xb4b46c94 x17=0x00000001
      77055.000 ns	      7704	80001b58	f00909d3	fmv.w.x	f19,x18	 x18:0x00000008 f19=0x00000008
      77085.000 ns	      7707	80001b5c	c01c46d3	fcvt.wu.s	x13,f24	 f24:0x7fc00000 x13=0xffffffff
      77115.000 ns	      7710	80001b60	29ff1e53	fmax.s	f28,f30,f31	 f30:0x1471a000 f31:0x00000000 f28=0x1471a000
      77145.000 ns	      7713	80001b64	02522b33	mulhsu	x22,x4,x5	  x4:0x00000001  x5:0x00000000 x22=0x00000000
      77175.000 ns	      7716	80001b68	a13015d3	flt.s	x11,f0,f19	  f0:0x1471a000 f19:0x00000008 x11=0x00000000
      77195.000 ns	      7718	80001b6c	4075d033	sra	x0,x11,x7	 x11:0x00001ff0  x7:0x7fc00000
      77205.000 ns	      7719	80001b70	005684b3	add	x9,x13,x5	 x13:0xffffffff  x5:0x00000000  x9=0xffffffff
      77215.000 ns	      7720	80001b74	c4692413	slti	x8,x18,-954	 x18:0x00000008  x8=0x00000000
      77225.000 ns	      7721	80001b78	44014493	xori	x9,x2,1088	  x2:0x00000001  x9=0x00000441
      77245.000 ns	      7723	80001b7c	29081e53	fmax.s	f28,f16,f16	 f16:0x7fc00000 f16:0x7fc00000 f28=0x7fc00000
      77265.000 ns	      7725	80001b80	01b2d433	srl	x8,x5,x27	  x5:0x00000000 x27:0xf1936e1b  x8=0x00000000
      77275.000 ns	      7726	80001b84	404458b3	sra	x17,x8,x4	  x8:0x00000000  x4:0x00000001 x17=0x00000000
      77315.000 ns	      7730	80001b88	0108c8d3	fadd.s	f17,f17,f16	 f17:0x7fc00000 f16:0x7fc00000 f17=0x7fc00000
      77345.000 ns	      7733	80001b8c	030e3cb3	mulhu	x25,x28,x16	 x28:0x80041024 x16:0x3fe00156 x25=0x1ff10432
      77365.000 ns	      7735	80001b90	c0002717	auipc	x14,0xc0002	 x14=0x40003b90
      77375.000 ns	      7736	80001b94	40dc5c13	srai	x24,x24,0xd	 x24:0x00000000 x24=0x00000000
      77385.000 ns	      7737	80001b98	1d5a4613	xori	x12,x20,469	 x20:0x00000001 x12=0x000001d4
      77415.000 ns	      7740	80001b9c	18777153	fdiv.s	f2,f14,f7	 f14:0x00000000  f7:0xffc00000  f2=0x7fc00000
      77445.000 ns	      7743	80001ba0	28148dd3	fmin.s	f27,f9,f1	  f9:0x00000000  f1:0x80000000 f27=0x80000000
      77465.000 ns	      7745	80001ba4	1bc5b793	sltiu	x15,x11,444	 x11:0x00000000 x15=0x00000001
      77475.000 ns	      7746	80001ba8	016a5213	srli	x4,x20,0x16	 x20:0x00000001  x4=0x00000000
      77485.000 ns	      7747	80001bac	40da8cb3	sub	x25,x21,x13	 x21:0x00000001 x13:0xffffffff x25=0x00000002
      77515.000 ns	      7750	80001bb0	18d599d3	fdiv.s	f19,f11,f13	 f11:0x7fc00000 f13:0x00000000 f19=0x7fc00000
      78695.000 ns	      7868	80001bb4	58047e53	fsqrt.s	f28,f8	  f8:0x1f350483 f28=0x2effff26
      79065.000 ns	      7905	80001bb8	03ebd1b3	divu	x3,x23,x30	 x23:0x80040fe4 x30:0x00001ff0  x3=0x00040221
      79085.000 ns	      7907	80001bbc	21004f13	xori	x30,x0,528	  x0:0x00000000 x30=0x00000210
      79105.000 ns	      7909	80001bc0	293d8ad3	fmin.s	f21,f27,f19	 f27:0x80000000 f19:0x7fc00000 f21=0x80000000
      79135.000 ns	      7912	80001bc4	e0011ed3	fclass.s	x29,f2	  f2:0x7fc00000 x29=0x00000200
      79155.000 ns	      7914	80001bc8	d1792413	slti	x8,x18,-745	 x18:0x00000008  x8=0x00000000
      79175.000 ns	      7916	80001bcc	0385d733	divu	x14,x11,x24	 x11:0x00000000 x24:0x00000000 x14=0xffffffff
      79195.000 ns	      7918	80001bd0	41f6d593	srai	x11,x13,0x1f	 x13:0xffffffff x11=0xffffffff
      79215.000 ns	      7920	80001bd4	29ca9553	fmax.s	f10,f21,f28	 f21:0x80000000 f28:0x2effff26 f10=0x2effff26
      79265.000 ns	      7925	80001bd8	00d0aad3	fadd.s	f21,f1,f13	  f1:0x80000000 f13:0x00000000 f21=0x00000000
      79315.000 ns	      7930	80001bdc	09617253	fsub.s	f4,f2,f22	  f2:0x7fc00000 f22:0x80000000  f4=0x7fc00000
      79345.000 ns	      7933	80001be0	c0130d53	fcvt.wu.s	x26,f6	  f6:0x7fc00000 x26=0xffffffff
      79385.000 ns	      7937	80001be4	11f27bd3	fmul.s	f23,f4,f31	  f4:0x7fc00000 f31:0x00000000 f23=0x7fc00000
      79415.000 ns	      7940	80001be8	21478fd3	fsgnj.s	f31,f15,f20	 f15:0x7fc00000 f20:0x7fc00000 f31=0x7fc00000
      79445.000 ns	      7943	80001bec	c003c153	fcvt.w.s	x2,f7	  f7:0xffc00000  x2=0x7fffffff
      79465.000 ns	      7945	80001bf0	a898c793	xori	x15,x17,-1399	 x17:0x00000000 x15=0xfffffa89
      79495.000 ns	      7948	80001bf4	580cfad3	fsqrt.s	f21,f25	 f25:0xbf800000 f21=0x7fc00000
      79525.000 ns	      7951	80001bf8	d01c0d53	fcvt.s.wu	f26,x24	 x24:0x00000000 f26=0x00000000
      79545.000 ns	      7953	80001bfc	00000013	addi	x0,x0,0	  x0:0x00000000
      79555.000 ns	      7954	80001c00	08eef797	auipc	x15,0x8eef	 x15=0x88ef0c00
      79565.000 ns	      7955	80001c04	016e90b3	sll	x1,x29,x22	 x29:0x00000200 x22:0x00000000  x1=0x00000200
      79925.000 ns	      7991	80001c08	032461b3	rem	x3,x8,x18	  x8:0x00000000 x18:0x00000008  x3=0x00000000
      79955.000 ns	      7994	80001c0c	219787d3	fsgnj.s	f15,f15,f25	 f15:0x7fc00000 f25:0xbf800000 f15=0xffc00000
      79985.000 ns	      7997	80001c10	e00a81d3	fmv.x.w	x3,f21	 f21:0x7fc00000  x3=0x7fc00000
      80005.000 ns	      7999	80001c14	209a4093	xori	x1,x20,521	 x20:0x00000001  x1=0x00000208
      80015.000 ns	      8000	80001c18	406fd393	srai	x7,x31,0x6	 x31:0x00000001  x7=0x00000000
      80025.000 ns	      8001	80001c1c	6ee6cd13	xori	x26,x13,1774	 x13:0xffffffff x26=0xfffff911
      80045.000 ns	      8003	80001c20	028d4633	div	x12,x26,x8	 x26:0xffffffff  x8:0x00000000 x12=0xffffffff
      80075.000 ns	      8006	80001c24	03f1af33	mulhsu	x30,x3,x31	  x3:0x7fc00000 x31:0x00000001 x30=0x00000000
      80095.000 ns	      8008	80001c28	1cab3013	sltiu	x0,x22,458	 x22:0x00000000
      80115.000 ns	      8010	80001c2c	29d219d3	fmax.s	f19,f4,f29	  f4:0x7fc00000 f29:0x4f34b46d f19=0x4f34b46d
      80145.000 ns	      8013	80001c30	c004f0d3	fcvt.w.s	x1,f9	  f9:0x00000000  x1=0x00000000
      80515.000 ns	      8050	80001c34	03544233	div	x4,x8,x21	  x8:0x00000000 x21:0x00000001  x4=0x00000000
      80885.000 ns	      8087	80001c38	03b3fb33	remu	x22,x7,x27	  x7:0x00000000 x27:0xf1936e1b x22=0x00000000
      80915.000 ns	      8090	80001c3c	02ed2233	mulhsu	x4,x26,x14	 x26:0xfffff911 x14:0xffffffff  x4=0xfffff911
      80935.000 ns	      8092	80001c40	011a1d33	sll	x26,x20,x17	 x20:0x00000001 x17:0x00000000 x26=0x00000001
      80945.000 ns	      8093	80001c44	00000013	addi	x0,x0,0	  x0:0x00000000
      80955.000 ns	      8094	80001c48	f516f437	lui	x8,0xf516f	  x8=0xf516f000
      80965.000 ns	      8095	80001c4c	8197ad13	slti	x26,x15,-2023	 x15:0x88ef0c00 x26=0x00000001
      80975.000 ns	      8096	80001c50	be56f093	andi	x1,x13,-1051	 x13:0xffffffff  x1=0xfffffbe5
      80995.000 ns	      8098	80001c54	023000b3	mul	x1,x0,x3	  x0:0x00000000  x3:0x7fc00000  x1=0x00000000
      81015.000 ns	      8100	80001c58	89b44593	xori	x11,x8,-1893	  x8:0xf516f000 x11=0x0ae9089b
      81055.000 ns	      8104	80001c5c	09993fd3	fsub.s	f31,f18,f25	 f18:0xffc00000 f25:0xbf800000 f31=0x7fc00000
      81075.000 ns	      8106	80001c60	0089a0b3	slt	x1,x19,x8	 x19:0x00000000  x8:0xf516f000  x1=0x00000000
      81095.000 ns	      8108	80001c64	025feab3	rem	x21,x31,x5	 x31:0x00000001  x5:0x00000000 x21=0x00000001
      81125.000 ns	      8111	80001c68	a1c2a3d3	feq.s	x7,f5,f28	  f5:0x00000000 f28:0x2effff26  x7=0x00000000
      81155.000 ns	      8114	80001c6c	03ec9633	mulh	x12,x25,x30	 x25:0x00000002 x30:0x00000000 x12=0x00000000
      81195.000 ns	      8118	80001c70	18893fd3	fdiv.s	f31,f18,f8	 f18:0xffc00000  f8:0x1f350483 f31=0x7fc00000
      81225.000 ns	      8121	80001c74	027d7833	remu	x16,x26,x7	 x26:0x00000001  x7:0x00000000 x16=0x00000001
      81265.000 ns	      8125	80001c78	1917fed3	fdiv.s	f29,f15,f17	 f15:0xffc00000 f17:0x7fc00000 f29=0x7fc00000
      81295.000 ns	      8128	80001c7c	02d21d33	mulh	x26,x4,x13	  x4:0xfffff911 x13:0xffffffff x26=0x00000000
      81325.000 ns	      8131	80001c80	a1970553	fle.s	x10,f14,f25	 f14:0x00000000 f25:0xbf800000 x10=0x00000000
      81355.000 ns	      8134	80001c84	02530333	mul	x6,x6,x5	  x6:0xb4b46c94  x5:0x00000000  x6=0x00000000
      81385.000 ns	      8137	80001c88	a0f985d3	fle.s	x11,f19,f15	 f19:0x4f34b46d f15:0xffc00000 x11=0x00000000
      81415.000 ns	      8140	80001c8c	e0088653	fmv.x.w	x12,f17	 f17:0x7fc00000 x12=0x7fc00000
      81445.000 ns	      8143	80001c90	f0010c53	fmv.w.x	f24,x2	  x2:0x7fffffff f24=0x7fffffff
      81475.000 ns	      8146	80001c94	a1e48c53	fle.s	x24,f9,f30	  f9:0x00000000 f30:0x1471a000 x24=0x00000001
      81495.000 ns	      8148	80001c98	00000013	addi	x0,x0,0	  x0:0x00000000
      81515.000 ns	      8150	80001c9c	21cfa3d3	fsgnjx.s	f7,f31,f28	 f31:0x7fc00000 f28:0x2effff26  f7=0x7fc00000
      81535.000 ns	      8152	80001ca0	bb77ed13	ori	x26,x15,-1097	 x15:0x88ef0c00 x26=0xffffffb7
      81545.000 ns	      8153	80001ca4	406fd8b3	sra	x17,x31,x6	 x31:0x00000001  x6:0x00000000 x17=0x00000001
      81555.000 ns	      8154	80001ca8	1e52d797	auipc	x15,0x1e52d	 x15=0x9e52eca8
      81575.000 ns	      8156	80001cac	f0020353	fmv.w.x	f6,x4	  x4:0xfffff911  f6=0xfffff911
      81605.000 ns	      8159	80001cb0	02b97a33	remu	x20,x18,x11	 x18:0x00000008 x11:0x00000000 x20=0x00000008
      81635.000 ns	      8162	80001cb4	28c90f53	fmin.s	f30,f18,f12	 f18:0xffc00000 f12:0x1f350483 f30=0x1f350483
      81655.000 ns	      8164	80001cb8	c610a293	slti	x5,x1,-927	  x1:0x00000000  x5=0x00000000
      81665.000 ns	      8165	80001cbc	01101833	sll	x16,x0,x17	  x0:0x00000000 x17:0x00000001 x16=0x00000000
      81685.000 ns	      8167	80001cc0	c010f653	fcvt.wu.s	x12,f1	  f1:0x80000000 x12=0x00000000
      81705.000 ns	      8169	80001cc4	419ad193	srai	x3,x21,0x19	 x21:0x00000001  x3=0x00000000
      81725.000 ns	      8171	80001cc8	a0c8a9d3	feq.s	x19,f17,f12	 f17:0x7fc00000 f12:0x1f350483 x19=0x00000000
      81745.000 ns	      8173	80001ccc	01c6bab3	sltu	x21,x13,x28	 x13:0xffffffff x28:0x80041024 x21=0x00000000
      81755.000 ns	      8174	80001cd0	012651b3	srl	x3,x12,x18	 x12:0x00000000 x18:0x00000008  x3=0x00000000
      82115.000 ns	      8210	80001cd4	03bec5b3	div	x11,x29,x27	 x29:0x00000200 x27:0xf1936e1b x11=0x00000000
      82135.000 ns	      8212	80001cd8	01f269b3	or	x19,x4,x31	  x4:0xfffff911 x31:0x00000001 x19=0xfffff911
      82155.000 ns	      8214	80001cdc	29938b53	fmin.s	f22,f7,f25	  f7:0x7fc00000 f25:0xbf800000 f22=0xbf800000
      82185.000 ns	      8217	80001ce0	03e79fb3	mulh	x31,x15,x30	 x15:0x9e52eca8 x30:0x00000000 x31=0x00000000
      82215.000 ns	      8220	80001ce4	025dea33	rem	x20,x27,x5	 x27:0xf1936e1b  x5:0x00000000 x20=0xf1936e1b
      82235.000 ns	      8222	80001ce8	7ba93193	sltiu	x3,x18,1978	 x18:0x00000008  x3=0x00000001
      82245.000 ns	      8223	80001cec	00fb9a93	slli	x21,x23,0xf	 x23:0x80040fe4 x21=0x07f20000
      82255.000 ns	      8224	80001cf0	2c542e93	slti	x29,x8,709	  x8:0xf516f000 x29=0x00000001
      82275.000 ns	      8226	80001cf4	20040ed3	fsgnj.s	f29,f8,f0	  f8:0x1f350483  f0:0x1471a000 f29=0x1f350483
      82305.000 ns	      8229	80001cf8	02006033	rem	x0,x0,x0	  x0:0x00000000  x0:0x00000000
      82335.000 ns	      8232	80001cfc	29030353	fmin.s	f6,f6,f16	  f6:0xfffff911 f16:0x7fc00000  f6=0x7fc00000
      82365.000 ns	      8235	80001d00	d00f70d3	fcvt.s.w	f1,x30	 x30:0x00000000  f1=0x00000000
      82385.000 ns	      8237	80001d04	012913b3	sll	x7,x18,x18	 x18:0x00000008 x18:0x00000008  x7=0x00000800
      82405.000 ns	      8239	80001d08	02191ab3	mulh	x21,x18,x1	 x18:0x00000008  x1:0x00000000 x21=0x00000000
      82435.000 ns	      8242	80001d0c	023bb3b3	mulhu	x7,x23,x3	 x23:0x80040fe4  x3:0x00000001  x7=0x00000000
      82465.000 ns	      8245	80001d10	d01ccfd3	fcvt.s.wu	f31,x25	 x25:0x00000002 f31=0x40000000
      82485.000 ns	      8247	80001d14	40ac5cb3	sra	x25,x24,x10	 x24:0x00000001 x10:0x00000000 x25=0x00000001
      82505.000 ns	      8249	80001d18	c013c053	fcvt.wu.s	x0,f7	  f7:0x7fc00000
      82525.000 ns	      8251	80001d1c	71a96613	ori	x12,x18,1818	 x18:0x00000008 x12=0x0000071a
      82535.000 ns	      8252	80001d20	d6da2013	slti	x0,x20,-659	 x20:0xf1936e1b
      82575.000 ns	      8256	80001d24	085af5d3	fsub.s	f11,f21,f5	 f21:0x7fc00000  f5:0x00000000 f11=0x7fc00000
      82595.000 ns	      8258	80001d28	bc8f7613	andi	x12,x30,-1080	 x30:0x00000000 x12=0x00000000
      82625.000 ns	      8261	80001d2c	10e447d3	fmul.s	f15,f8,f14	  f8:0x1f350483 f14:0x00000000 f15=0x00000000
      82655.000 ns	      8264	80001d30	c01da453	fcvt.wu.s	x8,f27	 f27:0x80000000  x8=0x00000000
      82675.000 ns	      8266	80001d34	01396ab3	or	x21,x18,x19	 x18:0x00000008 x19:0xfffff911 x21=0xfffff919
      82705.000 ns	      8269	80001d38	106ef2d3	fmul.s	f5,f29,f6	 f29:0x1f350483  f6:0x7fc00000  f5=0x7fc00000
      82735.000 ns	      8272	80001d3c	03d7aeb3	mulhsu	x29,x15,x29	 x15:0x9e52eca8 x29:0x00000001 x29=0xffffffff
      82755.000 ns	      8274	80001d40	403e86b3	sub	x13,x29,x3	 x29:0x00000001  x3:0x00000001 x13=0xfffffffe
      82775.000 ns	      8276	80001d44	e00d0c53	fmv.x.w	x24,f26	 f26:0x00000000 x24=0x00000000
      82795.000 ns	      8278	80001d48	01ca9b13	slli	x22,x21,0x1c	 x21:0xfffff919 x22=0x90000000
      82805.000 ns	      8279	80001d4c	01daf233	and	x4,x21,x29	 x21:0xfffff919 x29:0xffffffff  x4=0xfffff919
      82815.000 ns	      8280	80001d50	7ebde993	ori	x19,x27,2027	 x27:0xf1936e1b x19=0xf1936ffb
      82825.000 ns	      8281	80001d54	85393313	sltiu	x6,x18,-1965	 x18:0x00000008  x6=0x00000001
      82855.000 ns	      8284	80001d58	1109bbd3	fmul.s	f23,f19,f16	 f19:0x4f34b46d f16:0x7fc00000 f23=0x7fc00000
      83225.000 ns	      8321	80001d5c	0330c8b3	div	x17,x1,x19	  x1:0x00000000 x19:0xf1936ffb x17=0x00000000
      83245.000 ns	      8323	80001d60	00cdd993	srli	x19,x27,0xc	 x27:0xf1936e1b x19=0x000f1936
      83265.000 ns	      8325	80001d64	02d987b3	mul	x15,x19,x13	 x19:0xf1936ffb x13:0xfffffffe x15=0xffe1cd94
      83285.000 ns	      8327	80001d68	0125fcb3	and	x25,x11,x18	 x11:0x00000000 x18:0x00000008 x25=0x00000000
      83305.000 ns	      8329	80001d6c	03a802b3	mul	x5,x16,x26	 x16:0x00000000 x26:0xffffffb7  x5=0x00000000
      83325.000 ns	      8331	80001d70	00c3d733	srl	x14,x7,x12	  x7:0x00000000 x12:0x00000000 x14=0x00000000
      83335.000 ns	      8332	80001d74	dfc9fc17	auipc	x24,0xdfc9f	 x24=0x5fca0d74
      83695.000 ns	      8368	80001d78	02fe5333	divu	x6,x28,x15	 x28:0x80041024 x15:0xffe1cd94  x6=0x00000000
      83735.000 ns	      8372	80001d7c	11be7953	fmul.s	f18,f28,f27	 f28:0x2effff26 f27:0x80000000 f18=0x80000000
      83765.000 ns	      8375	80001d80	c0077153	fcvt.w.s	x2,f14	 f14:0x00000000  x2=0x00000000
      83785.000 ns	      8377	80001d84	9c746193	ori	x3,x8,-1593	  x8:0x00000000  x3=0xfffff9c7
      83805.000 ns	      8379	80001d88	20238cd3	fsgnj.s	f25,f7,f2	  f7:0x7fc00000  f2:0x7fc00000 f25=0x7fc00000
      83835.000 ns	      8382	80001d8c	c00c93d3	fcvt.w.s	x7,f25	 f25:0xbf800000  x7=0x7fffffff
      83865.000 ns	      8385	80001d90	0210ef33	rem	x30,x1,x1	  x1:0x00000000  x1:0x00000000 x30=0x00000000
      83885.000 ns	      8387	80001d94	40410eb3	sub	x29,x2,x4	  x2:0x00000000  x4:0xfffff919 x29=0x000006e7
      83895.000 ns	      8388	80001d98	018ff2b3	and	x5,x31,x24	 x31:0x00000000 x24:0x5fca0d74  x5=0x00000000
      83925.000 ns	      8391	80001d9c	5801a953	fsqrt.s	f18,f3	  f3:0x7fc00000 f18=0x7fc00000
      83955.000 ns	      8394	80001da0	02a04f33	div	x30,x0,x10	  x0:0x00000000 x10:0x00000000 x30=0xffffffff
      83975.000 ns	      8396	80001da4	01e877b3	and	x15,x16,x30	 x16:0x00000000 x30:0x00000000 x15=0x00000000
      84335.000 ns	      8432	80001da8	03336033	rem	x0,x6,x19	  x6:0x00000000 x19:0x000f1936
      84365.000 ns	      8435	80001dac	a1ee17d3	flt.s	x15,f28,f30	 f28:0x2effff26 f30:0x1f350483 x15=0x00000000
      84395.000 ns	      8438	80001db0	284f9953	fmax.s	f18,f31,f4	 f31:0x40000000  f4:0x7fc00000 f18=0x40000000
      84415.000 ns	      8440	80001db4	004a1a93	slli	x21,x20,0x4	 x20:0xf1936e1b x21=0x1936e1b0
      84435.000 ns	      8442	80001db8	c00bfad3	fcvt.w.s	x21,f23	 f23:0x7fc00000 x21=0x7fffffff
      84455.000 ns	      8444	80001dbc	07f113b7	lui	x7,0x7f11	  x7=0x07f11000
      84465.000 ns	      8445	80001dc0	01168293	addi	x5,x13,17	 x13:0xfffffffe  x5=0x0000000f
      84485.000 ns	      8447	80001dc4	d01501d3	fcvt.s.wu	f3,x10	 x10:0x00000000  f3=0x00000000
      84535.000 ns	      8452	80001dc8	09332ed3	fsub.s	f29,f6,f19	  f6:0x7fc00000 f19:0x4f34b46d f29=0x7fc00000
      84565.000 ns	      8455	80001dcc	02cddeb3	divu	x29,x27,x12	 x27:0xf1936e1b x12:0x00000000 x29=0xffffffff
      84595.000 ns	      8458	80001dd0	a0622953	feq.s	x18,f4,f6	  f4:0x7fc00000  f6:0x7fc00000 x18=0x00000000
      84625.000 ns	      8461	80001dd4	e00012d3	fclass.s	x5,f0	  f0:0x1471a000  x5=0x00000040
      84655.000 ns	      8464	80001dd8	028d3133	mulhu	x2,x26,x8	 x26:0xffffffb7  x8:0x00000000  x2=0x00000000
      84685.000 ns	      8467	80001ddc	219d1753	fsgnjn.s	f14,f26,f25	 f26:0x00000000 f25:0x7fc00000 f14=0x80000000
      84715.000 ns	      8470	80001de0	d015b0d3	fcvt.s.wu	f1,x11	 x11:0x00000000  f1=0x00000000
      84745.000 ns	      8473	80001de4	03da27b3	mulhsu	x15,x20,x29	 x20:0xf1936e1b x29:0xffffffff x15=0xf1936e1b
      84775.000 ns	      8476	80001de8	29720c53	fmin.s	f24,f4,f23	  f4:0x7fc00000 f23:0x7fc00000 f24=0x7fc00000
      84805.000 ns	      8479	80001dec	028cd0b3	divu	x1,x25,x8	 x25:0x00000000  x8:0x00000000  x1=0xffffffff
      84825.000 ns	      8481	80001df0	01d1f933	and	x18,x3,x29	  x3:0xfffff9c7 x29:0xffffffff x18=0xfffff9c7
      84855.000 ns	      8484	80001df4	5808acd3	fsqrt.s	f25,f17	 f17:0x7fc00000 f25=0x7fc00000
      84885.000 ns	      8487	80001df8	c01703d3	fcvt.wu.s	x7,f14	 f14:0x80000000  x7=0x00000000
      84905.000 ns	      8489	80001dfc	01597b33	and	x22,x18,x21	 x18:0xfffff9c7 x21:0x7fffffff x22=0x7ffff9c7
      84925.000 ns	      8491	80001e00	03562833	mulhsu	x16,x12,x21	 x12:0x00000000 x21:0x7fffffff x16=0x00000000
      84945.000 ns	      8493	80001e04	7e48cf13	xori	x30,x17,2020	 x17:0x00000000 x30=0x000007e4
      85305.000 ns	      8529	80001e08	02f74333	div	x6,x14,x15	 x14:0x00000000 x15:0xf1936e1b  x6=0x00000000
      85325.000 ns	      8531	80001e0c	415f5413	srai	x8,x30,0x15	 x30:0xffffffff  x8=0x00000000
      85335.000 ns	      8532	80001e10	00087f33	and	x30,x16,x0	 x16:0x00000000  x0:0x00000000 x30=0x00000000
      85345.000 ns	      8533	80001e14	013e9713	slli	x14,x29,0x13	 x29:0xffffffff x14=0xfff80000
      85365.000 ns	      8535	80001e18	a02aa0d3	feq.s	x1,f21,f2	 f21:0x7fc00000  f2:0x7fc00000  x1=0x00000000
      85395.000 ns	      8538	80001e1c	29529053	fmax.s	f0,f5,f21	  f5:0x7fc00000 f21:0x7fc00000  f0=0x7fc00000
      85425.000 ns	      8541	80001e20	294e8553	fmin.s	f10,f29,f20	 f29:0x7fc00000 f20:0x7fc00000 f10=0x7fc00000
      85455.000 ns	      8544	80001e24	c00f7153	fcvt.w.s	x2,f30	 f30:0x1f350483  x2=0x00000000
      85475.000 ns	      8546	80001e28	0040ccb3	xor	x25,x1,x4	  x1:0x00000000  x4:0xfffff919 x25=0xfffff919
      85835.000 ns	      8582	80001e2c	032bf033	remu	x0,x23,x18	 x23:0x80040fe4 x18:0xfffff9c7
      85855.000 ns	      8584	80001e30	00000013	addi	x0,x0,0	  x0:0x00000000
      86215.000 ns	      8620	80001e34	039d4733	div	x14,x26,x25	 x26:0xffffffb7 x25:0xfffff919 x14=0x00000000
      86245.000 ns	      8623	80001e38	e00c8d53	fmv.x.w	x26,f25	 f25:0x7fc00000 x26=0x7fc00000
      86275.000 ns	      8626	80001e3c	a0ba9b53	flt.s	x22,f21,f11	 f21:0x7fc00000 f11:0x7fc00000 x22=0x00000000
      86295.000 ns	      8628	80001e40	0159f633	and	x12,x19,x21	 x19:0x000f1936 x21:0x7fffffff x12=0x000f1936
      86325.000 ns	      8631	80001e44	11d770d3	fmul.s	f1,f14,f29	 f14:0x80000000 f29:0x7fc00000  f1=0x7fc00000
      86345.000 ns	      8633	80001e48	beb68e93	addi	x29,x13,-1045	 x13:0xfffffffe x29=0xfffffbe9
      86365.000 ns	      8635	80001e4c	02e11333	mulh	x6,x2,x14	  x2:0x00000000 x14:0x00000000  x6=0x00000000
      86415.000 ns	      8640	80001e50	0150ad53	fadd.s	f26,f1,f21	  f1:0x7fc00000 f21:0x7fc00000 f26=0x7fc00000
      86435.000 ns	      8642	80001e54	01c1d293	srli	x5,x3,0x1c	  x3:0xfffff9c7  x5=0x0000000f
      86445.000 ns	      8643	80001e58	5a1be413	ori	x8,x23,1441	 x23:0x80040fe4  x8=0x80040fe5
      86465.000 ns	      8645	80001e5c	f0030753	fmv.w.x	f14,x6	  x6:0x00000000 f14=0x00000000
      86495.000 ns	      8648	80001e60	d0167dd3	fcvt.s.wu	f27,x12	 x12:0x000f1936 f27=0x49719360
      86525.000 ns	      8651	80001e64	02c583b3	mul	x7,x11,x12	 x11:0x00000000 x12:0x000f1936  x7=0x00000000
      86545.000 ns	      8653	80001e68	00000013	addi	x0,x0,0	  x0:0x00000000
      86555.000 ns	      8654	80001e6c	00e7c8b3	xor	x17,x15,x14	 x15:0xf1936e1b x14:0x00000000 x17=0xf1936e1b
      86565.000 ns	      8655	80001e70	5cc0ba93	sltiu	x21,x1,1484	  x1:0x00000000 x21=0x00000001
      86575.000 ns	      8656	80001e74	40278f33	sub	x30,x15,x2	 x15:0xf1936e1b  x2:0x00000000 x30=0xf1936e1b
      86585.000 ns	      8657	80001e78	57440093	addi	x1,x8,1396	  x8:0x80040fe5  x1=0x80041559
      86595.000 ns	      8658	80001e7c	40dcd393	srai	x7,x25,0xd	 x25:0xfffff919  x7=0xffffffff
      86605.000 ns	      8659	80001e80	00000013	addi	x0,x0,0	  x0:0x00000000
      86615.000 ns	      8660	80001e84	01475c13	srli	x24,x14,0x14	 x14:0x00000000 x24=0x00000000
      86635.000 ns	      8662	80001e88	c0014753	fcvt.w.s	x14,f2	  f2:0x7fc00000 x14=0x7fffffff
      86655.000 ns	      8664	80001e8c	93364213	xori	x4,x12,-1741	 x12:0x000f1936  x4=0xfff0e005
      86695.000 ns	      8668	80001e90	09be48d3	fsub.s	f17,f28,f27	 f28:0x2effff26 f27:0x49719360 f17=0xc9719360
      86715.000 ns	      8670	80001e94	9bc24793	xori	x15,x4,-1604	  x4:0xfffff919 x15=0x000f19b9
      86735.000 ns	      8672	80001e98	a11093d3	flt.s	x7,f1,f17	  f1:0x7fc00000 f17:0xc9719360  x7=0x00000000
      86755.000 ns	      8674	80001e9c	005b5d33	srl	x26,x22,x5	 x22:0x00000000  x5:0x0000000f x26=0x00000000
      86765.000 ns	      8675	80001ea0	7f292617	auipc	x12,0x7f292	 x12=0xff293ea0
      86785.000 ns	      8677	80001ea4	a0b62f53	feq.s	x30,f12,f11	 f12:0x1f350483 f11:0x7fc00000 x30=0x00000000
      86825.000 ns	      8681	80001ea8	580513d3	fsqrt.s	f7,f10	 f10:0x7fc00000  f7=0x7fc00000
      86845.000 ns	      8683	80001eac	008dc133	xor	x2,x27,x8	 x27:0xf1936e1b  x8:0x80040fe5  x2=0x719761fe
      86855.000 ns	      8684	80001eb0	0003d6b3	srl	x13,x7,x0	  x7:0x00000000  x0:0x00000000 x13=0x00000000
      86865.000 ns	      8685	80001eb4	5e6a3f13	sltiu	x30,x20,1510	 x20:0xf1936e1b x30=0x00000000
      86875.000 ns	      8686	80001eb8	d7c5f937	lui	x18,0xd7c5f	 x18=0xd7c5f000
      86895.000 ns	      8688	80001ebc	a1f80cd3	fle.s	x25,f16,f31	 f16:0x7fc00000 f31:0x40000000 x25=0x00000000
      86915.000 ns	      8690	80001ec0	0154ecb3	or	x25,x9,x21	  x9:0x00000441 x21:0x00000001 x25=0x00000441
      86935.000 ns	      8692	80001ec4	293c0f53	fmin.s	f30,f24,f19	 f24:0x7fc00000 f19:0x4f34b46d f30=0x4f34b46d
      86965.000 ns	      8695	80001ec8	02432eb3	mulhsu	x29,x6,x4	  x6:0x00000000  x4:0xfff0e005 x29=0x00000000
      86995.000 ns	      8698	80001ecc	a0d39553	flt.s	x10,f7,f13	  f7:0x7fc00000 f13:0x00000000 x10=0x00000000
      87365.000 ns	      8735	80001ed0	02e7cab3	div	x21,x15,x14	 x15:0x000f19b9 x14:0x7fffffff x21=0x00000000
      87395.000 ns	      8738	80001ed4	c0030053	fcvt.w.s	x0,f6	  f6:0x7fc00000
      87415.000 ns	      8740	80001ed8	9f183193	sltiu	x3,x16,-1551	 x16:0x00000000  x3=0x00000001
      87435.000 ns	      8742	80001edc	a039a853	feq.s	x16,f19,f3	 f19:0x4f34b46d  f3:0x00000000 x16=0x00000000
      87455.000 ns	      8744	80001ee0	00a35e93	srli	x29,x6,0xa	  x6:0x00000000 x29=0x00000000
      87475.000 ns	      8746	80001ee4	e0038553	fmv.x.w	x10,f7	  f7:0x7fc00000 x10=0x7fc00000
      87495.000 ns	      8748	80001ee8	b4a4ba93	sltiu	x21,x9,-1206	  x9:0x00000441 x21=0x00000001
      87505.000 ns	      8749	80001eec	c2442b13	slti	x22,x8,-988	  x8:0x80040fe5 x22=0x00000001
      87515.000 ns	      8750	80001ef0	004dd8b3	srl	x17,x27,x4	 x27:0xf1936e1b  x4:0xfff0e005 x17=0x078c9b70
      87525.000 ns	      8751	80001ef4	0053d213	srli	x4,x7,0x5	  x7:0x00000000  x4=0x00000000
      87545.000 ns	      8753	80001ef8	2186a453	fsgnjx.s	f8,f13,f24	 f13:0x00000000 f24:0x7fc00000  f8=0x00000000
      87585.000 ns	      8757	80001efc	1984c8d3	fdiv.s	f17,f9,f24	  f9:0x00000000 f24:0x7fc00000 f17=0x7fc00000
      87605.000 ns	      8759	80001f00	94453d13	sltiu	x26,x10,-1724	 x10:0x7fc00000 x26=0x00000001
      87625.000 ns	      8761	80001f04	206b8453	fsgnj.s	f8,f23,f6	 f23:0x7fc00000  f6:0x7fc00000  f8=0x7fc00000
      87645.000 ns	      8763	80001f08	ca0044b7	lui	x9,0xca004	  x9=0xca004000
      87665.000 ns	      8765	80001f0c	a1379ad3	flt.s	x21,f15,f19	 f15:0x00000000 f19:0x4f34b46d x21=0x00000001
      87685.000 ns	      8767	80001f10	e3368893	addi	x17,x13,-461	 x13:0x00000000 x17=0xfffffe33
      87695.000 ns	      8768	80001f14	63d7b013	sltiu	x0,x15,1597	 x15:0x000f19b9
      87705.000 ns	      8769	80001f18	01f83933	sltu	x18,x16,x31	 x16:0x00000000 x31:0x00000000 x18=0x00000000
      87725.000 ns	      8771	80001f1c	d00f07d3	fcvt.s.w	f15,x30	 x30:0x00000000 f15=0x00000000
      88095.000 ns	      8808	80001f20	0298c7b3	div	x15,x17,x9	 x17:0xfffffe33  x9:0xca004000 x15=0x00000000
      88115.000 ns	      8810	80001f24	005f1233	sll	x4,x30,x5	 x30:0x00000000  x5:0x0000000f  x4=0x00000000
      88125.000 ns	      8811	80001f28	e0d0e313	ori	x6,x1,-499	  x1:0x80041559  x6=0xffffff5d
      88145.000 ns	      8813	80001f2c	e0001653	fclass.s	x12,f0	  f0:0x7fc00000 x12=0x00000200
      88175.000 ns	      8816	80001f30	a0b41653	flt.s	x12,f8,f11	  f8:0x7fc00000 f11:0x7fc00000 x12=0x00000000
      88205.000 ns	      8819	80001f34	c0057853	fcvt.w.s	x16,f10	 f10:0x7fc00000 x16=0x7fffffff
      88225.000 ns	      8821	80001f38	00f06933	or	x18,x0,x15	  x0:0x00000000 x15:0x00000000 x18=0x00000000
      88245.000 ns	      8823	80001f3c	a0c897d3	flt.s	x15,f17,f12	 f17:0x7fc00000 f12:0x1f350483 x15=0x00000000
      88265.000 ns	      8825	80001f40	00753833	sltu	x16,x10,x7	 x10:0x7fc00000  x7:0x00000000 x16=0x00000000
      88285.000 ns	      8827	80001f44	28de8653	fmin.s	f12,f29,f13	 f29:0x7fc00000 f13:0x00000000 f12=0x00000000
      88305.000 ns	      8829	80001f48	40348fb3	sub	x31,x9,x3	  x9:0xca004000  x3:0x00000001 x31=0xca003fff
      88325.000 ns	      8831	80001f4c	20b08ad3	fsgnj.s	f21,f1,f11	  f1:0x7fc00000 f11:0x7fc00000 f21=0x7fc00000
      88345.000 ns	      8833	80001f50	adff2137	lui	x2,0xadff2	  x2=0xadff2000
      88355.000 ns	      8834	80001f54	3d2fff97	auipc	x31,0x3d2ff	 x31=0xbd300f54
      88375.000 ns	      8836	80001f58	200ba353	fsgnjx.s	f6,f23,f0	 f23:0x7fc00000  f0:0x7fc00000  f6=0x7fc00000
      88395.000 ns	      8838	80001f5c	01bf0633	add	x12,x30,x27	 x30:0x00000000 x27:0xf1936e1b x12=0xf1936e1b
      88405.000 ns	      8839	80001f60	004528b3	slt	x17,x10,x4	 x10:0x7fc00000  x4:0x00000000 x17=0x00000000
      88435.000 ns	      8842	80001f64	106399d3	fmul.s	f19,f7,f6	  f7:0x7fc00000  f6:0x7fc00000 f19=0x7fc00000
      88455.000 ns	      8844	80001f68	40df8c93	addi	x25,x31,1037	 x31:0xbd300f54 x25=0xbd301361
      88465.000 ns	      8845	80001f6c	016b75b3	and	x11,x22,x22	 x22:0x00000001 x22:0x00000001 x11=0x00000001
      88475.000 ns	      8846	80001f70	410fdc13	srai	x24,x31,0x10	 x31:0xbd300f54 x24=0xffffbd30
      88485.000 ns	      8847	80001f74	26003f17	auipc	x30,0x26003	 x30=0xa6004f74
      88495.000 ns	      8848	80001f78	4a5fee93	ori	x29,x31,1189	 x31:0xbd300f54 x29=0xbd300ff5
      88515.000 ns	      8850	80001f7c	026b9cb3	mulh	x25,x23,x6	 x23:0x80040fe4  x6:0xffffff5d x25=0x00000051
      88855.000 ns	      8884	80001f80	19bdf953	fdiv.s	f18,f27,f27	 f27:0x49719360 f27:0x49719360 f18=0x3f719360
      88885.000 ns	      8887	80001f84	03ef0833	mul	x16,x30,x30	 x30:0xa6004f74 x30:0xa6004f74 x16=0x88a8cc90
      88925.000 ns	      8891	80001f88	198aff53	fdiv.s	f30,f21,f24	 f21:0x7fc00000 f24:0x7fc00000 f30=0x7fc00000
      88955.000 ns	      8894	80001f8c	034e12b3	mulh	x5,x28,x20	 x28:0x80041024 x20:0xf1936e1b  x5=0x07360e57
      88985.000 ns	      8897	80001f90	e00d8a53	fmv.x.w	x20,f27	 f27:0x49719360 x20=0x49719360
      89015.000 ns	      8900	80001f94	29009fd3	fmax.s	f31,f1,f16	  f1:0x7fc00000 f16:0x7fc00000 f31=0x7fc00000
      89045.000 ns	      8903	80001f98	20509ed3	fsgnjn.s	f29,f1,f5	  f1:0x7fc00000  f5:0x7fc00000 f29=0xffc00000
      89065.000 ns	      8905	80001f9c	c0b42993	slti	x19,x8,-1013	  x8:0x80040fe5 x19=0x00000001
      89085.000 ns	      8907	80001fa0	a0c78153	fle.s	x2,f15,f12	 f15:0x00000000 f12:0x00000000  x2=0x00000001
      89125.000 ns	      8911	80001fa4	195a3753	fdiv.s	f14,f20,f21	 f20:0x7fc00000 f21:0x7fc00000 f14=0x7fc00000
      89155.000 ns	      8914	80001fa8	21a624d3	fsgnjx.s	f9,f12,f26	 f12:0x00000000 f26:0x7fc00000  f9=0x00000000
      89175.000 ns	      8916	80001fac	0151e933	or	x18,x3,x21	  x3:0x00000001 x21:0x00000001 x18=0x00000001
      89185.000 ns	      8917	80001fb0	3eb6c713	xori	x14,x13,1003	 x13:0x00000000 x14=0x000003eb
      89195.000 ns	      8918	80001fb4	0104ed33	or	x26,x9,x16	  x9:0xca004000 x16:0x88a8cc90 x26=0xcaa8cc90
      89555.000 ns	      8954	80001fb8	02a8ed33	rem	x26,x17,x10	 x17:0x00000000 x10:0x7fc00000 x26=0x00000000
      89595.000 ns	      8958	80001fbc	19f08f53	fdiv.s	f30,f1,f31	  f1:0x7fc00000 f31:0x7fc00000 f30=0x7fc00000
      89625.000 ns	      8961	80001fc0	a0d22853	feq.s	x16,f4,f13	  f4:0x7fc00000 f13:0x00000000 x16=0x00000000
      89655.000 ns	      8964	80001fc4	03116cb3	rem	x25,x2,x17	  x2:0x00000001 x17:0x00000000 x25=0x00000001
      89675.000 ns	      8966	80001fc8	ccb5e413	ori	x8,x11,-821	 x11:0x00000001  x8=0xfffffccb
      89685.000 ns	      8967	80001fcc	412b55b3	sra	x11,x22,x18	 x22:0x00000001 x18:0x00000001 x11=0x00000000
      89695.000 ns	      8968	80001fd0	40ee84b3	sub	x9,x29,x14	 x29:0xbd300ff5 x14:0x000003eb  x9=0xbd300c0a
      89705.000 ns	      8969	80001fd4	a7daa317	auipc	x6,0xa7daa	  x6=0x27dabfd4
      89725.000 ns	      8971	80001fd8	c001fa53	fcvt.w.s	x20,f3	  f3:0x00000000 x20=0x00000000
      89745.000 ns	      8973	80001fdc	54a6aa37	lui	x20,0x54a6a	 x20=0x54a6a000
      90105.000 ns	      9009	80001fe0	022ecc33	div	x24,x29,x2	 x29:0xbd300ff5  x2:0x00000001 x24=0xbd300ff5
      90135.000 ns	      9012	80001fe4	c01df853	fcvt.wu.s	x16,f27	 f27:0x49719360 x16=0x000f1936
      90165.000 ns	      9015	80001fe8	e00a8753	fmv.x.w	x14,f21	 f21:0x7fc00000 x14=0x7fc00000
      90535.000 ns	      9052	80001fec	038b51b3	divu	x3,x22,x24	 x22:0x00000001 x24:0xbd300ff5  x3=0x00000000
      90555.000 ns	      9054	80001ff0	00c69413	slli	x8,x13,0xc	 x13:0x00000000  x8=0x00000000
      90575.000 ns	      9056	80001ff4	204d17d3	fsgnjn.s	f15,f26,f4	 f26:0x7fc00000  f4:0x7fc00000 f15=0xffc00000
      90605.000 ns	      9059	80001ff8	f00c8453	fmv.w.x	f8,x25	 x25:0x00000001  f8=0x00000001
      90635.000 ns	      9062	80001ffc	02aa2b33	mulhsu	x22,x20,x10	 x20:0x54a6a000 x10:0x7fc00000 x22=0x2a3e2658
      90655.000 ns	      9064	80002000	01455eb3	srl	x29,x10,x20	 x10:0x7fc00000 x20:0x54a6a000 x29=0x7fc00000
      90665.000 ns	      9065	80002004	00000013	addi	x0,x0,0	  x0:0x00000000
      90675.000 ns	      9066	80002008	01f9a2b3	slt	x5,x19,x31	 x19:0x00000001 x31:0xbd300f54  x5=0x00000000
      90705.000 ns	      9069	8000200c	188e9a53	fdiv.s	f20,f29,f8	 f29:0xffc00000  f8:0x00000001 f20=0x7fc00000
      90725.000 ns	      9071	80002010	bb57ca93	xori	x21,x15,-1099	 x15:0x00000000 x21=0xfffffbb5
      90735.000 ns	      9072	80002014	00000013	addi	x0,x0,0	  x0:0x00000000
      90745.000 ns	      9073	80002018	01a2e9b3	or	x19,x5,x26	  x5:0x00000000 x26:0x00000000 x19=0x00000000
      90765.000 ns	      9075	8000201c	e00305d3	fmv.x.w	x11,f6	  f6:0x7fc00000 x11=0x7fc00000
      90795.000 ns	      9078	80002020	e00e8fd3	fmv.x.w	x31,f29	 f29:0xffc00000 x31=0xffc00000
      90815.000 ns	      9080	80002024	41960d33	sub	x26,x12,x25	 x12:0xf1936e1b x25:0x00000001 x26=0xf1936e1a
      90835.000 ns	      9082	80002028	d0157853	fcvt.s.wu	f16,x10	 x10:0x7fc00000 f16=0x4eff8000
      90855.000 ns	      9084	8000202c	018c4833	xor	x16,x24,x24	 x24:0xbd300ff5 x24:0xbd300ff5 x16=0x00000000
      90865.000 ns	      9085	80002030	a496b893	sltiu	x17,x13,-1463	 x13:0x00000000 x17=0x00000001
      90875.000 ns	      9086	80002034	0fd68b13	addi	x22,x13,253	 x13:0x00000000 x22=0x000000fd
      90885.000 ns	      9087	80002038	013263b3	or	x7,x4,x19	  x4:0x00000000 x19:0x00000000  x7=0x00000000
      90895.000 ns	      9088	8000203c	44cf6017	auipc	x0,0x44cf6	
      90905.000 ns	      9089	80002040	005e3eb3	sltu	x29,x28,x5	 x28:0x80041024  x5:0x00000000 x29=0x00000000
      90925.000 ns	      9091	80002044	03898c33	mul	x24,x19,x24	 x19:0x00000000 x24:0xbd300ff5 x24=0x00000000
      90955.000 ns	      9094	80002048	03d243b3	div	x7,x4,x29	  x4:0x00000000 x29:0x7fc00000  x7=0xffffffff
      91325.000 ns	      9131	8000204c	03a7ffb3	remu	x31,x15,x26	 x15:0x00000000 x26:0xf1936e1a x31=0x00000000
      91355.000 ns	      9134	80002050	03dd18b3	mulh	x17,x26,x29	 x26:0xf1936e1a x29:0x00000000 x17=0x00000000
      91375.000 ns	      9136	80002054	aa09c793	xori	x15,x19,-1376	 x19:0x00000000 x15=0xfffffaa0
      91395.000 ns	      9138	80002058	a1110153	fle.s	x2,f2,f17	  f2:0x7fc00000 f17:0x7fc00000  x2=0x00000000
      91415.000 ns	      9140	8000205c	01608633	add	x12,x1,x22	  x1:0x80041559 x22:0x000000fd x12=0x80041656
      91425.000 ns	      9141	80002060	00b85ab3	srl	x21,x16,x11	 x16:0x00000000 x11:0x7fc00000 x21=0x00000000
      91785.000 ns	      9177	80002064	0295e133	rem	x2,x11,x9	 x11:0x7fc00000  x9:0xbd300c0a  x2=0x3cf00c0a
      91815.000 ns	      9180	80002068	c00d33d3	fcvt.w.s	x7,f26	 f26:0x7fc00000  x7=0x7fffffff
      91835.000 ns	      9182	8000206c	0047a1b3	slt	x3,x15,x4	 x15:0xfffffaa0  x4:0x00000000  x3=0x00000001
      91845.000 ns	      9183	80002070	2c488493	addi	x9,x17,708	 x17:0x00000000  x9=0x000002c4
      91865.000 ns	      9185	80002074	f00a0fd3	fmv.w.x	f31,x20	 x20:0x54a6a000 f31=0x54a6a000
      91895.000 ns	      9188	80002078	0205f533	remu	x10,x11,x0	 x11:0x7fc00000  x0:0x00000000 x10=0x7fc00000
      92265.000 ns	      9225	8000207c	022cec33	rem	x24,x25,x2	 x25:0x00000001  x2:0x3cf00c0a x24=0x00000001
      92295.000 ns	      9228	80002080	0282b6b3	mulhu	x13,x5,x8	  x5:0x00000000  x8:0x00000000 x13=0x00000000
      92325.000 ns	      9231	80002084	28d686d3	fmin.s	f13,f13,f13	 f13:0x00000000 f13:0x00000000 f13=0x00000000
      92345.000 ns	      9233	80002088	acafe113	ori	x2,x31,-1334	 x31:0x00000000  x2=0xfffffaca
      92365.000 ns	      9235	8000208c	0257b833	mulhu	x16,x15,x5	 x15:0xfffffaa0  x5:0x00000000 x16=0x00000000
      92385.000 ns	      9237	80002090	c720f113	andi	x2,x1,-910	  x1:0x80041559  x2=0x80041450
      92395.000 ns	      9238	80002094	0031deb3	srl	x29,x3,x3	  x3:0x00000001  x3:0x00000001 x29=0x00000000
      92435.000 ns	      9242	80002098	08a0f253	fsub.s	f4,f1,f10	  f1:0x7fc00000 f10:0x7fc00000  f4=0x7fc00000
      92455.000 ns	      9244	8000209c	00999e93	slli	x29,x19,0x9	 x19:0x00000000 x29=0x00000000
      92475.000 ns	      9246	800020a0	203181d3	fsgnj.s	f3,f3,f3	  f3:0x00000000  f3:0x00000000  f3=0x00000000
      92495.000 ns	      9248	800020a4	007a58b3	srl	x17,x20,x7	 x20:0x54a6a000  x7:0x7fffffff x17=0x00000000
      92515.000 ns	      9250	800020a8	028af933	remu	x18,x21,x8	 x21:0x00000000  x8:0x00000000 x18=0x00000000
      92535.000 ns	      9252	800020ac	00454533	xor	x10,x10,x4	 x10:0x7fc00000  x4:0x00000000 x10=0x7fc00000
      92545.000 ns	      9253	800020b0	00545733	srl	x14,x8,x5	  x8:0x00000000  x5:0x00000000 x14=0x00000000
      92555.000 ns	      9254	800020b4	fac4a013	slti	x0,x9,-84	  x9:0x000002c4
      92575.000 ns	      9256	800020b8	026590b3	mulh	x1,x11,x6	 x11:0x7fc00000  x6:0x27dabfd4  x1=0x13e3693a
      92595.000 ns	      9258	800020bc	00c518b3	sll	x17,x10,x12	 x10:0x7fc00000 x12:0x80041656 x17=0x00000000
      92625.000 ns	      9261	800020c0	58077fd3	fsqrt.s	f31,f14	 f14:0x7fc00000 f31=0x7fc00000
      92995.000 ns	      9298	800020c4	03c363b3	rem	x7,x6,x28	  x6:0x27dabfd4 x28:0x80041024  x7=0x27dabfd4
      93015.000 ns	      9300	800020c8	21622693	slti	x13,x4,534	  x4:0x00000000 x13=0x00000001
      93035.000 ns	      9302	800020cc	201c9dd3	fsgnjn.s	f27,f25,f1	 f25:0x7fc00000  f1:0x7fc00000 f27=0xffc00000
      93075.000 ns	      9306	800020d0	10ef1453	fmul.s	f8,f30,f14	 f30:0x7fc00000 f14:0x7fc00000  f8=0x7fc00000
      93095.000 ns	      9308	800020d4	0164d8b3	srl	x17,x9,x22	  x9:0x000002c4 x22:0x000000fd x17=0x00000000
      93115.000 ns	      9310	800020d8	a04da2d3	feq.s	x5,f27,f4	 f27:0xffc00000  f4:0x7fc00000  x5=0x00000000
      93165.000 ns	      9315	800020dc	015f70d3	fadd.s	f1,f30,f21	 f30:0x7fc00000 f21:0x7fc00000  f1=0x7fc00000
      93205.000 ns	      9319	800020e0	18d373d3	fdiv.s	f7,f6,f13	  f6:0x7fc00000 f13:0x00000000  f7=0x7fc00000
      93255.000 ns	      9324	800020e4	0024fa53	fadd.s	f20,f9,f2	  f9:0x00000000  f2:0x7fc00000 f20=0x7fc00000
      93275.000 ns	      9326	800020e8	00a34233	xor	x4,x6,x10	  x6:0x27dabfd4 x10:0x7fc00000  x4=0x581abfd4
      93285.000 ns	      9327	800020ec	17667f93	andi	x31,x12,374	 x12:0x80041656 x31=0x00000056
      93305.000 ns	      9329	800020f0	03dd1433	mulh	x8,x26,x29	 x26:0xf1936e1a x29:0x00000000  x8=0x00000000
      93325.000 ns	      9331	800020f4	70edb413	sltiu	x8,x27,1806	 x27:0xf1936e1b  x8=0x00000000
      93335.000 ns	      9332	800020f8	009f97b3	sll	x15,x31,x9	 x31:0x00000056  x9:0x000002c4 x15=0x00000560
      93345.000 ns	      9333	800020fc	005eef33	or	x30,x29,x5	 x29:0x00000000  x5:0x00000000 x30=0x00000000
      93355.000 ns	      9334	80002100	40388533	sub	x10,x17,x3	 x17:0x00000000  x3:0x00000001 x10=0xffffffff
      93375.000 ns	      9336	80002104	d01c7553	fcvt.s.wu	f10,x24	 x24:0x00000001 f10=0x3f800000
      93405.000 ns	      9339	80002108	c0100353	fcvt.wu.s	x6,f0	  f0:0x7fc00000  x6=0xffffffff
      93425.000 ns	      9341	8000210c	00a00c33	add	x24,x0,x10	  x0:0x00000000 x10:0xffffffff x24=0xffffffff
      93435.000 ns	      9342	80002110	169bc013	xori	x0,x23,361	 x23:0x80040fe4
      93445.000 ns	      9343	80002114	51884a13	xori	x20,x16,1304	 x16:0x00000000 x20=0x00000518
      93455.000 ns	      9344	80002118	00d7b3b3	sltu	x7,x15,x13	 x15:0x00000560 x13:0x00000001  x7=0x00000000
      93475.000 ns	      9346	8000211c	c001f4d3	fcvt.w.s	x9,f3	  f3:0x00000000  x9=0x00000000
      93495.000 ns	      9348	80002120	3ac6ce93	xori	x29,x13,940	 x13:0x00000001 x29=0x000003ad
      93515.000 ns	      9350	80002124	f0040c53	fmv.w.x	f24,x8	  x8:0x00000000 f24=0x00000000
      93535.000 ns	      9352	80002128	41468333	sub	x6,x13,x20	 x13:0x00000001 x20:0x00000518  x6=0xfffffae9
      93545.000 ns	      9353	8000212c	6f080213	addi	x4,x16,1776	 x16:0x00000000  x4=0x000006f0
      93555.000 ns	      9354	80002130	017bd133	srl	x2,x23,x23	 x23:0x80040fe4 x23:0x80040fe4  x2=0x080040fe
      93565.000 ns	      9355	80002134	01a564b3	or	x9,x10,x26	 x10:0xffffffff x26:0xf1936e1a  x9=0xffffffff
      93575.000 ns	      9356	80002138	41dbda13	srai	x20,x23,0x1d	 x23:0x80040fe4 x20=0xfffffffc
      93595.000 ns	      9358	8000213c	e0008ed3	fmv.x.w	x29,f1	  f1:0x7fc00000 x29=0x7fc00000
      93965.000 ns	      9395	80002140	022f6a33	rem	x20,x30,x2	 x30:0x00000000  x2:0x080040fe x20=0x00000000
      93995.000 ns	      9398	80002144	a13917d3	flt.s	x15,f18,f19	 f18:0x3f719360 f19:0x7fc00000 x15=0x00000000
      94025.000 ns	      9401	80002148	d01e83d3	fcvt.s.wu	f7,x29	 x29:0x7fc00000  f7=0x4eff8000
      94045.000 ns	      9403	8000214c	dd18c897	auipc	x17,0xdd18c	 x17=0x5d18e14c
      94055.000 ns	      9404	80002150	014b1333	sll	x6,x22,x20	 x22:0x000000fd x20:0x00000000  x6=0x000000fd
      94075.000 ns	      9406	80002154	285084d3	fmin.s	f9,f1,f5	  f1:0x7fc00000  f5:0x7fc00000  f9=0x7fc00000
      94115.000 ns	      9410	80002158	1848afd3	fdiv.s	f31,f17,f4	 f17:0x7fc00000  f4:0x7fc00000 f31=0x7fc00000
      94135.000 ns	      9412	8000215c	36d30637	lui	x12,0x36d30	 x12=0x36d30000
      94145.000 ns	      9413	80002160	fae20313	addi	x6,x4,-82	  x4:0x000006f0  x6=0x0000069e
      94165.000 ns	      9415	80002164	293905d3	fmin.s	f11,f18,f19	 f18:0x3f719360 f19:0x7fc00000 f11=0x3f719360
      94195.000 ns	      9418	80002168	284e9653	fmax.s	f12,f29,f4	 f29:0xffc00000  f4:0x7fc00000 f12=0x7fc00000
      94215.000 ns	      9420	8000216c	70a54b37	lui	x22,0x70a54	 x22=0x70a54000
      94225.000 ns	      9421	80002170	9ea5a213	slti	x4,x11,-1558	 x11:0x7fc00000  x4=0x00000000
      94245.000 ns	      9423	80002174	a11711d3	flt.s	x3,f14,f17	 f14:0x7fc00000 f17:0x7fc00000  x3=0x00000000
      94615.000 ns	      9460	80002178	039c41b3	div	x3,x24,x25	 x24:0xffffffff x25:0x00000001  x3=0xffffffff
      94645.000 ns	      9463	8000217c	d017ca53	fcvt.s.wu	f20,x15	 x15:0x00000000 f20=0x00000000
      95015.000 ns	      9500	80002180	02dbc333	div	x6,x23,x13	 x23:0x80040fe4 x13:0x00000001  x6=0x80040fe4
      95035.000 ns	      9502	80002184	01171f33	sll	x30,x14,x17	 x14:0x00000000 x17:0x5d18e14c x30=0x00000000
      95045.000 ns	      9503	80002188	a9e5eb13	ori	x22,x11,-1378	 x11:0x7fc00000 x22=0xfffffa9e
      95075.000 ns	      9506	8000218c	10dd7bd3	fmul.s	f23,f26,f13	 f26:0x7fc00000 f13:0x00000000 f23=0x7fc00000
      95105.000 ns	      9509	80002190	03fc9933	mulh	x18,x25,x31	 x25:0x00000001 x31:0x00000056 x18=0x00000000
      95135.000 ns	      9512	80002194	03b03633	mulhu	x12,x0,x27	  x0:0x00000000 x27:0xf1936e1b x12=0x00000000
      95165.000 ns	      9515	80002198	a0dc9153	flt.s	x2,f25,f13	 f25:0x7fc00000 f13:0x00000000  x2=0x00000000
      95195.000 ns	      9518	8000219c	d00690d3	fcvt.s.w	f1,x13	 x13:0x00000001  f1=0x3f800000
      95245.000 ns	      9523	800021a0	006286d3	fadd.s	f13,f5,f6	  f5:0x7fc00000  f6:0x7fc00000 f13=0x7fc00000
      95275.000 ns	      9526	800021a4	f0020353	fmv.w.x	f6,x4	  x4:0x00000000  f6=0x00000000
      95305.000 ns	      9529	800021a8	d000f253	fcvt.s.w	f4,x1	  x1:0x13e3693a  f4=0x4d9f1b49
      95335.000 ns	      9532	800021ac	031985b3	mul	x11,x19,x17	 x19:0x00000000 x17:0x5d18e14c x11=0x00000000
      95355.000 ns	      9534	800021b0	411889b3	sub	x19,x17,x17	 x17:0x5d18e14c x17:0x5d18e14c x19=0x00000000
      95365.000 ns	      9535	800021b4	002fcfb3	xor	x31,x31,x2	 x31:0x00000056  x2:0x00000000 x31=0x00000056
      95375.000 ns	      9536	800021b8	009cbcb3	sltu	x25,x25,x9	 x25:0x00000001  x9:0xffffffff x25=0x00000001
      95395.000 ns	      9538	800021bc	a1991cd3	flt.s	x25,f18,f25	 f18:0x3f719360 f25:0x7fc00000 x25=0x00000000
      95415.000 ns	      9540	800021c0	00000013	addi	x0,x0,0	  x0:0x00000000
      95455.000 ns	      9544	800021c4	008af4d3	fadd.s	f9,f21,f8	 f21:0x7fc00000  f8:0x7fc00000  f9=0x7fc00000
      95485.000 ns	      9547	800021c8	20a00dd3	fsgnj.s	f27,f0,f10	  f0:0x7fc00000 f10:0x3f800000 f27=0x7fc00000
      95505.000 ns	      9549	800021cc	2466f693	andi	x13,x13,582	 x13:0x00000001 x13=0x00000000
      95525.000 ns	      9551	800021d0	029b26b3	mulhsu	x13,x22,x9	 x22:0xfffffa9e  x9:0xffffffff x13=0xfffffa9e
      95545.000 ns	      9553	800021d4	dd61c793	xori	x15,x3,-554	  x3:0xffffffff x15=0x00000229
      95565.000 ns	      9555	800021d8	29748053	fmin.s	f0,f9,f23	  f9:0x7fc00000 f23:0x7fc00000  f0=0x7fc00000
      95595.000 ns	      9558	800021dc	c00ebd53	fcvt.w.s	x26,f29	 f29:0xffc00000 x26=0x7fffffff
      95615.000 ns	      9560	800021e0	00aac933	xor	x18,x21,x10	 x21:0x00000000 x10:0xffffffff x18=0xffffffff
      95635.000 ns	      9562	800021e4	f00a84d3	fmv.w.x	f9,x21	 x21:0x00000000  f9=0x00000000
      95665.000 ns	      9565	800021e8	a1550cd3	fle.s	x25,f10,f21	 f10:0x3f800000 f21:0x7fc00000 x25=0x00000000
      95715.000 ns	      9570	800021ec	00572dd3	fadd.s	f27,f14,f5	 f14:0x7fc00000  f5:0x7fc00000 f27=0x7fc00000
      95735.000 ns	      9572	800021f0	40328433	sub	x8,x5,x3	  x5:0x00000000  x3:0xffffffff  x8=0x00000001
      95755.000 ns	      9574	800021f4	d0088ed3	fcvt.s.w	f29,x17	 x17:0x5d18e14c f29=0x4eba31c2
      95785.000 ns	      9577	800021f8	a1058653	fle.s	x12,f11,f16	 f11:0x3f719360 f16:0x4eff8000 x12=0x00000001
      95815.000 ns	      9580	800021fc	20129bd3	fsgnjn.s	f23,f5,f1	  f5:0x7fc00000  f1:0x3f800000 f23=0xffc00000
      95835.000 ns	      9582	80002200	005bad33	slt	x26,x23,x5	 x23:0x80040fe4  x5:0x00000000 x26=0x00000001
      95845.000 ns	      9583	80002204	55ad8693	addi	x13,x27,1370	 x27:0xf1936e1b x13=0xf1937375
      95855.000 ns	      9584	80002208	0169c633	xor	x12,x19,x22	 x19:0x00000000 x22:0xfffffa9e x12=0xfffffa9e
      95865.000 ns	      9585	8000220c	009bdf13	srli	x30,x23,0x9	 x23:0x80040fe4 x30=0x00400207
      95885.000 ns	      9587	80002210	21c397d3	fsgnjn.s	f15,f7,f28	  f7:0x4eff8000 f28:0x2effff26 f15=0xceff8000
      95905.000 ns	      9589	80002214	b7434c13	xori	x24,x6,-1164	  x6:0x80040fe4 x24=0x7ffbf490
      95925.000 ns	      9591	80002218	f00705d3	fmv.w.x	f11,x14	 x14:0x00000000 f11=0x00000000
      95955.000 ns	      9594	8000221c	a0972f53	feq.s	x30,f14,f9	 f14:0x7fc00000  f9:0x00000000 x30=0x00000000
      95985.000 ns	      9597	80002220	20548553	fsgnj.s	f10,f9,f5	  f9:0x00000000  f5:0x7fc00000 f10=0x00000000
      96015.000 ns	      9600	80002224	a15981d3	fle.s	x3,f19,f21	 f19:0x7fc00000 f21:0x7fc00000  x3=0x00000000
      96045.000 ns	      9603	80002228	a18d9cd3	flt.s	x25,f27,f24	 f27:0x7fc00000 f24:0x00000000 x25=0x00000000
      96065.000 ns	      9605	8000222c	af968813	addi	x16,x13,-1287	 x13:0xf1937375 x16=0xf1936e6e
      96075.000 ns	      9606	80002230	40c7dcb3	sra	x25,x15,x12	 x15:0x00000229 x12:0xfffffa9e x25=0x00000000
      96085.000 ns	      9607	80002234	fef74c13	xori	x24,x14,-17	 x14:0x00000000 x24=0xffffffef
      96095.000 ns	      9608	80002238	41750ab3	sub	x21,x10,x23	 x10:0xffffffff x23:0x80040fe4 x21=0x7ffbf01b
      96115.000 ns	      9610	8000223c	034b8d33	mul	x26,x23,x20	 x23:0x80040fe4 x20:0x00000000 x26=0x00000000
      96135.000 ns	      9612	80002240	37634f13	xori	x30,x6,886	  x6:0x80040fe4 x30=0x80040c92
      96155.000 ns	      9614	80002244	a1d69cd3	flt.s	x25,f13,f29	 f13:0x7fc00000 f29:0x4eba31c2 x25=0x00000000
      96185.000 ns	      9617	80002248	e0008053	fmv.x.w	x0,f1	  f1:0x3f800000
      96205.000 ns	      9619	8000224c	01c61d33	sll	x26,x12,x28	 x12:0xfffffa9e x28:0x80041024 x26=0xffffa9e0
      96225.000 ns	      9621	80002250	d00b1d53	fcvt.s.w	f26,x22	 x22:0xfffffa9e f26=0xc4ac4000
      96255.000 ns	      9624	80002254	02506fb3	rem	x31,x0,x5	  x0:0x00000000  x5:0x00000000 x31=0x00000000
      96275.000 ns	      9626	80002258	1ccca213	slti	x4,x25,460	 x25:0x00000000  x4=0x00000001
      96285.000 ns	      9627	8000225c	3dd46b13	ori	x22,x8,989	  x8:0x00000001 x22=0x000003dd
      96305.000 ns	      9629	80002260	a0a7afd3	feq.s	x31,f15,f10	 f15:0xceff8000 f10:0x00000000 x31=0x00000000
      96325.000 ns	      9631	80002264	78cfad13	slti	x26,x31,1932	 x31:0x00000000 x26=0x00000001
      96335.000 ns	      9632	80002268	f0e52313	slti	x6,x10,-242	 x10:0xffffffff  x6=0x00000000
      96345.000 ns	      9633	8000226c	fcd18e93	addi	x29,x3,-51	  x3:0x00000000 x29=0xffffffcd
      96355.000 ns	      9634	80002270	4079d393	srai	x7,x19,0x7	 x19:0x00000000  x7=0x00000000
      96365.000 ns	      9635	80002274	35582613	slti	x12,x16,853	 x16:0xf1936e6e x12=0x00000001
      96385.000 ns	      9637	80002278	293c1a53	fmax.s	f20,f24,f19	 f24:0x00000000 f19:0x7fc00000 f20=0x00000000
      96405.000 ns	      9639	8000227c	4d6e4293	xori	x5,x28,1238	 x28:0x80041024  x5=0x800414f2
      96425.000 ns	      9641	80002280	213d2dd3	fsgnjx.s	f27,f26,f19	 f26:0xc4ac4000 f19:0x7fc00000 f27=0xc4ac4000
      96795.000 ns	      9678	80002284	03b471b3	remu	x3,x8,x27	  x8:0x00000001 x27:0xf1936e1b  x3=0x00000001
      96815.000 ns	      9680	80002288	4518a413	slti	x8,x17,1105	 x17:0x5d18e14c  x8=0x00000000
      96825.000 ns	      9681	8000228c	3fdff493	andi	x9,x31,1021	 x31:0x00000000  x9=0x00000000
      97185.000 ns	      9717	80002290	025bf933	remu	x18,x23,x5	 x23:0x80040fe4  x5:0x800414f2 x18=0x80040fe4
      97215.000 ns	      9720	80002294	d00b1653	fcvt.s.w	f12,x22	 x22:0x000003dd f12=0x44774000
      97235.000 ns	      9722	80002298	010c7533	and	x10,x24,x16	 x24:0xffffffef x16:0xf1936e6e x10=0xf1936e6e
      97255.000 ns	      9724	8000229c	e0000053	fmv.x.w	x0,f0	  f0:0x7fc00000
      97285.000 ns	      9727	800022a0	d009af53	fcvt.s.w	f30,x19	 x19:0x00000000 f30=0x00000000
      97315.000 ns	      9730	800022a4	21be07d3	fsgnj.s	f15,f28,f27	 f28:0x2effff26 f27:0xc4ac4000 f15=0xaeffff26
      97335.000 ns	      9732	800022a8	015e9013	slli	x0,x29,0x15	 x29:0xffffffcd
      97355.000 ns	      9734	800022ac	027202b3	mul	x5,x4,x7	  x4:0x00000001  x7:0x00000000  x5=0x00000000
      97385.000 ns	      9737	800022b0	e00d01d3	fmv.x.w	x3,f26	 f26:0xc4ac4000  x3=0xc4ac4000
      97415.000 ns	      9740	800022b4	a0d304d3	fle.s	x9,f6,f13	  f6:0x00000000 f13:0x7fc00000  x9=0x00000000
      97435.000 ns	      9742	800022b8	00000013	addi	x0,x0,0	  x0:0x00000000
      97455.000 ns	      9744	800022bc	029184b3	mul	x9,x3,x9	  x3:0xc4ac4000  x9:0x00000000  x9=0x00000000
      97485.000 ns	      9747	800022c0	e0010ad3	fmv.x.w	x21,f2	  f2:0x7fc00000 x21=0x7fc00000
      97505.000 ns	      9749	800022c4	01e4c233	xor	x4,x9,x30	  x9:0x00000000 x30:0x80040c92  x4=0x80040c92
      97865.000 ns	      9785	800022c8	03b44333	div	x6,x8,x27	  x8:0x00000000 x27:0xf1936e1b  x6=0x00000000
      97895.000 ns	      9788	800022cc	e0031353	fclass.s	x6,f6	  f6:0x00000000  x6=0x00000010
      97945.000 ns	      9793	800022d0	090e2ad3	fsub.s	f21,f28,f16	 f28:0x2effff26 f16:0x4eff8000 f21=0xceff8000
      97975.000 ns	      9796	800022d4	28369e53	fmax.s	f28,f13,f3	 f13:0x7fc00000  f3:0x00000000 f28=0x00000000
      98005.000 ns	      9799	800022d8	219996d3	fsgnjn.s	f13,f19,f25	 f19:0x7fc00000 f25:0x7fc00000 f13=0xffc00000
      98055.000 ns	      9804	800022dc	00bb7053	fadd.s	f0,f22,f11	 f22:0xbf800000 f11:0x00000000  f0=0xbf800000
      98095.000 ns	      9808	800022e0	18bb74d3	fdiv.s	f9,f22,f11	 f22:0xbf800000 f11:0x00000000  f9=0xff800000
      98115.000 ns	      9810	800022e4	41b60533	sub	x10,x12,x27	 x12:0x00000001 x27:0xf1936e1b x10=0x0e6c91e6
      98125.000 ns	      9811	800022e8	0139f3b3	and	x7,x19,x19	 x19:0x00000000 x19:0x00000000  x7=0x00000000
      98145.000 ns	      9813	800022ec	a11909d3	fle.s	x19,f18,f17	 f18:0x3f719360 f17:0x7fc00000 x19=0x00000000
      98165.000 ns	      9815	800022f0	5b2a2c93	slti	x25,x20,1458	 x20:0x00000000 x25=0x00000001
      98185.000 ns	      9817	800022f4	a0072753	feq.s	x14,f14,f0	 f14:0x7fc00000  f0:0xbf800000 x14=0x00000000
      98215.000 ns	      9820	800022f8	c009fc53	fcvt.w.s	x24,f19	 f19:0x7fc00000 x24=0x7fffffff
      98235.000 ns	      9822	800022fc	01837fb3	and	x31,x6,x24	  x6:0x00000010 x24:0xffffffef x31=0x00000010
      98245.000 ns	      9823	80002300	212e2b13	slti	x22,x28,530	 x28:0x80041024 x22=0x00000001
      98255.000 ns	      9824	80002304	00000013	addi	x0,x0,0	  x0:0x00000000
      98285.000 ns	      9827	80002308	114574d3	fmul.s	f9,f10,f20	 f10:0x00000000 f20:0x00000000  f9=0x00000000
      98655.000 ns	      9864	8000230c	03266933	rem	x18,x12,x18	 x12:0x00000001 x18:0x80040fe4 x18=0x00000001
      98675.000 ns	      9866	80002310	01f1ecb3	or	x25,x3,x31	  x3:0xc4ac4000 x31:0x00000010 x25=0xc4ac4010
      98685.000 ns	      9867	80002314	492aeab7	lui	x21,0x492ae	 x21=0x492ae000
      98705.000 ns	      9869	80002318	a047aa53	feq.s	x20,f15,f4	 f15:0xaeffff26  f4:0x4d9f1b49 x20=0x00000000
      98735.000 ns	      9872	8000231c	218994d3	fsgnjn.s	f9,f19,f24	 f19:0x7fc00000 f24:0x00000000  f9=0xffc00000
      98765.000 ns	      9875	80002320	c00f39d3	fcvt.w.s	x19,f30	 f30:0x00000000 x19=0x00000000
      98785.000 ns	      9877	80002324	01dc8933	add	x18,x25,x29	 x25:0xc4ac4010 x29:0xffffffcd x18=0xc4ac3fdd
      98795.000 ns	      9878	80002328	408151b3	sra	x3,x2,x8	  x2:0x00000000  x8:0x00000000  x3=0x00000000
      98815.000 ns	      9880	8000232c	a0ea1653	flt.s	x12,f20,f14	 f20:0x00000000 f14:0x7fc00000 x12=0x00000000
      98835.000 ns	      9882	80002330	01e5e633	or	x12,x11,x30	 x11:0x00000000 x30:0x80040c92 x12=0x80040c92
      98855.000 ns	      9884	80002334	032a2c33	mulhsu	x24,x20,x18	 x20:0x00000000 x18:0xc4ac3fdd x24=0x00000000
      98885.000 ns	      9887	80002338	027b0a33	mul	x20,x22,x7	 x22:0x00000001  x7:0x00000000 x20=0x00000000
      98925.000 ns	      9891	8000233c	5807a7d3	fsqrt.s	f15,f15	 f15:0xaeffff26 f15=0x7fc00000
      98965.000 ns	      9895	80002340	1195f7d3	fmul.s	f15,f11,f25	 f11:0x00000000 f25:0x7fc00000 f15=0x7fc00000
      98995.000 ns	      9898	80002344	c00f7c53	fcvt.w.s	x24,f30	 f30:0x00000000 x24=0x00000000
      99015.000 ns	      9900	80002348	00d723b3	slt	x7,x14,x13	 x14:0x00000000 x13:0xf1937375  x7=0x00000000
      99025.000 ns	      9901	8000234c	41d65a33	sra	x20,x12,x29	 x12:0x80040c92 x29:0xffffffcd x20=0xfffc0020
      99035.000 ns	      9902	80002350	58d1ab17	auipc	x22,0x58d1a	 x22=0xd8d1c350
      99395.000 ns	      9938	80002354	0394feb3	remu	x29,x9,x25	  x9:0x00000000 x25:0xc4ac4010 x29=0x00000000
      99415.000 ns	      9940	80002358	9bd24f13	xori	x30,x4,-1603	  x4:0x80040c92 x30=0x7ffbf52f
      99425.000 ns	      9941	8000235c	69475897	auipc	x17,0x69475	 x17=0xe947735c
      99785.000 ns	      9977	80002360	02196333	rem	x6,x18,x1	 x18:0xc4ac3fdd  x1:0x13e3693a  x6=0xec731251
     100125.000 ns	     10011	80002364	195271d3	fdiv.s	f3,f4,f21	  f4:0x4d9f1b49 f21:0xceff8000  f3=0xbe1f1b4a
     100155.000 ns	     10014	80002368	20fd93d3	fsgnjn.s	f7,f27,f15	 f27:0xc4ac4000 f15:0x7fc00000  f7=0xc4ac4000
     100185.000 ns	     10017	8000236c	e00c8853	fmv.x.w	x16,f25	 f25:0x7fc00000 x16=0x7fc00000
     100215.000 ns	     10020	80002370	2136a5d3	fsgnjx.s	f11,f13,f19	 f13:0xffc00000 f19:0x7fc00000 f11=0xffc00000
     100585.000 ns	     10057	80002374	0358ff33	remu	x30,x17,x21	 x17:0xe947735c x21:0x492ae000 x30=0x0dc6d35c
     100605.000 ns	     10059	80002378	41d757b3	sra	x15,x14,x29	 x14:0x00000000 x29:0x00000000 x15=0x00000000
     100625.000 ns	     10061	8000237c	02bca7b3	mulhsu	x15,x25,x11	 x25:0xc4ac4010 x11:0x00000000 x15=0x00000000
     100655.000 ns	     10064	80002380	28f18553	fmin.s	f10,f3,f15	  f3:0xbe1f1b4a f15:0x7fc00000 f10=0xbe1f1b4a
     100685.000 ns	     10067	80002384	a1db2353	feq.s	x6,f22,f29	 f22:0xbf800000 f29:0x4eba31c2  x6=0x00000000
     100715.000 ns	     10070	80002388	28f41453	fmax.s	f8,f8,f15	  f8:0x7fc00000 f15:0x7fc00000  f8=0x7fc00000
     100755.000 ns	     10074	8000238c	117efd53	fmul.s	f26,f29,f23	 f29:0x4eba31c2 f23:0xffc00000 f26=0x7fc00000
     100775.000 ns	     10076	80002390	003a6a33	or	x20,x20,x3	 x20:0xfffc0020  x3:0x00000000 x20=0xfffc0020
     100785.000 ns	     10077	80002394	f50f2713	slti	x14,x30,-176	 x30:0x0dc6d35c x14=0x00000000
     100795.000 ns	     10078	80002398	c8a3b913	sltiu	x18,x7,-886	  x7:0x00000000 x18=0x00000001
     100805.000 ns	     10079	8000239c	01ca1a93	slli	x21,x20,0x1c	 x20:0xfffc0020 x21=0x00000000
     100825.000 ns	     10081	800023a0	28c91553	fmax.s	f10,f18,f12	 f18:0x3f719360 f12:0x44774000 f10=0x44774000
     100845.000 ns	     10083	800023a4	00853233	sltu	x4,x10,x8	 x10:0x0e6c91e6  x8:0x00000000  x4=0x00000000
     100865.000 ns	     10085	800023a8	20352753	fsgnjx.s	f14,f10,f3	 f10:0x44774000  f3:0xbe1f1b4a f14=0xc4774000
     101235.000 ns	     10122	800023ac	03a9e7b3	rem	x15,x19,x26	 x19:0x00000000 x26:0x00000001 x15=0x00000000
     101255.000 ns	     10124	800023b0	01f91ab3	sll	x21,x18,x31	 x18:0x00000001 x31:0x00000010 x21=0x00010000
     101275.000 ns	     10126	800023b4	a07c2053	feq.s	x0,f24,f7	 f24:0x00000000  f7:0xc4ac4000
     101315.000 ns	     10130	800023b8	1995f9d3	fdiv.s	f19,f11,f25	 f11:0xffc00000 f25:0x7fc00000 f19=0x7fc00000
     101365.000 ns	     10135	800023bc	09267dd3	fsub.s	f27,f12,f18	 f12:0x44774000 f18:0x3f719360 f27=0x4477039b
     101385.000 ns	     10137	800023c0	007f9c33	sll	x24,x31,x7	 x31:0x00000010  x7:0x00000000 x24=0x00000010
     101395.000 ns	     10138	800023c4	015a9113	slli	x2,x21,0x15	 x21:0x00010000  x2=0x00000000
     101415.000 ns	     10140	800023c8	d0198fd3	fcvt.s.wu	f31,x19	 x19:0x00000000 f31=0x00000000
     101435.000 ns	     10142	800023cc	cbe7b413	sltiu	x8,x15,-834	 x15:0x00000000  x8=0x00000001
     101795.000 ns	     10178	800023d0	037ad4b3	divu	x9,x21,x23	 x21:0x00010000 x23:0x80040fe4  x9=0x00000000
     101815.000 ns	     10180	800023d4	00d0d513	srli	x10,x1,0xd	  x1:0x13e3693a x10=0x00009f1b
     101835.000 ns	     10182	800023d8	217caf53	fsgnjx.s	f30,f25,f23	 f25:0x7fc00000 f23:0xffc00000 f30=0xffc00000
     101865.000 ns	     10185	800023dc	d017fdd3	fcvt.s.wu	f27,x15	 x15:0x00000000 f27=0x00000000
     101885.000 ns	     10187	800023e0	005de833	or	x16,x27,x5	 x27:0xf1936e1b  x5:0x00000000 x16=0xf1936e1b
     101895.000 ns	     10188	800023e4	018bf933	and	x18,x23,x24	 x23:0x80040fe4 x24:0x00000010 x18=0x00000000
     101905.000 ns	     10189	800023e8	01f9dcb3	srl	x25,x19,x31	 x19:0x00000000 x31:0x00000010 x25=0x00000000
     101915.000 ns	     10190	800023ec	00b1a133	slt	x2,x3,x11	  x3:0x00000000 x11:0x00000000  x2=0x00000000
     101935.000 ns	     10192	800023f0	a0f10fd3	fle.s	x31,f2,f15	  f2:0x7fc00000 f15:0x7fc00000 x31=0x00000000
     101965.000 ns	     10195	800023f4	03cd84b3	mul	x9,x27,x28	 x27:0xf1936e1b x28:0x80041024  x9=0x68092bcc
     101985.000 ns	     10197	800023f8	eaf22893	slti	x17,x4,-337	  x4:0x00000000 x17=0x00000000
     102005.000 ns	     10199	800023fc	20bb9e53	fsgnjn.s	f28,f23,f11	 f23:0xffc00000 f11:0xffc00000 f28=0x7fc00000
     102025.000 ns	     10201	80002400	41b25093	srai	x1,x4,0x1b	  x4:0x00000000  x1=0x00000000
     102035.000 ns	     10202	80002404	41c45d33	sra	x26,x8,x28	  x8:0x00000001 x28:0x80041024 x26=0x00000000
     102055.000 ns	     10204	80002408	02ef62b3	rem	x5,x30,x14	 x30:0x0dc6d35c x14:0x00000000  x5=0x0dc6d35c
     102075.000 ns	     10206	8000240c	01fe4c33	xor	x24,x28,x31	 x28:0x80041024 x31:0x00000000 x24=0x80041024
     102095.000 ns	     10208	80002410	c009fed3	fcvt.w.s	x29,f19	 f19:0x7fc00000 x29=0x7fffffff
     102125.000 ns	     10211	80002414	c00b7cd3	fcvt.w.s	x25,f22	 f22:0xbf800000 x25=0x00000001
     102145.000 ns	     10213	80002418	00476eb3	or	x29,x14,x4	 x14:0x00000000  x4:0x00000000 x29=0x00000000
     102165.000 ns	     10215	8000241c	c00940d3	fcvt.w.s	x1,f18	 f18:0x3f719360  x1=0x00000001
     102195.000 ns	     10218	80002420	a12b92d3	flt.s	x5,f23,f18	 f23:0xffc00000 f18:0x3f719360  x5=0x00000000
     102225.000 ns	     10221	80002424	f0048c53	fmv.w.x	f24,x9	  x9:0x68092bcc f24=0x68092bcc
     102245.000 ns	     10223	80002428	01c1f3b3	and	x7,x3,x28	  x3:0x00000000 x28:0x80041024  x7=0x00000000
     102265.000 ns	     10225	8000242c	e00d8253	fmv.x.w	x4,f27	 f27:0x00000000  x4=0x00000000
     102295.000 ns	     10228	80002430	28d21ed3	fmax.s	f29,f4,f13	  f4:0x4d9f1b49 f13:0xffc00000 f29=0x4d9f1b49
     102335.000 ns	     10232	80002434	1102fd53	fmul.s	f26,f5,f16	  f5:0x7fc00000 f16:0x4eff8000 f26=0x7fc00000
     102365.000 ns	     10235	80002438	d01fc253	fcvt.s.wu	f4,x31	 x31:0x00000000  f4=0x00000000
     102395.000 ns	     10238	8000243c	a080a8d3	feq.s	x17,f1,f8	  f1:0x3f800000  f8:0x7fc00000 x17=0x00000000
     102425.000 ns	     10241	80002440	a1fb08d3	fle.s	x17,f22,f31	 f22:0xbf800000 f31:0x00000000 x17=0x00000001
     102475.000 ns	     10246	80002444	00d87dd3	fadd.s	f27,f16,f13	 f16:0x4eff8000 f13:0xffc00000 f27=0x7fc00000
     102505.000 ns	     10249	80002448	c01477d3	fcvt.wu.s	x15,f8	  f8:0x7fc00000 x15=0xffffffff
     102525.000 ns	     10251	8000244c	01169a13	slli	x20,x13,0x11	 x13:0xf1937375 x20=0xe6ea0000
     102545.000 ns	     10253	80002450	d0107653	fcvt.s.wu	f12,x0	  x0:0x00000000 f12=0x00000000
     102565.000 ns	     10255	80002454	00558fb3	add	x31,x11,x5	 x11:0x00000000  x5:0x00000000 x31=0x00000000
     102575.000 ns	     10256	80002458	413adfb3	sra	x31,x21,x19	 x21:0x00010000 x19:0x00000000 x31=0x00010000
     102585.000 ns	     10257	8000245c	3419bf93	sltiu	x31,x19,833	 x19:0x00000000 x31=0x00000001
     102615.000 ns	     10260	80002460	19f54653	fdiv.s	f12,f10,f31	 f10:0x44774000 f31:0x00000000 f12=0x7f800000
     102635.000 ns	     10262	80002464	000a3133	sltu	x2,x20,x0	 x20:0xe6ea0000  x0:0x00000000  x2=0x00000000
     102645.000 ns	     10263	80002468	01f39433	sll	x8,x7,x31	  x7:0x00000000 x31:0x00000001  x8=0x00000000
     102685.000 ns	     10267	8000246c	015ffd53	fadd.s	f26,f31,f21	 f31:0x00000000 f21:0xceff8000 f26=0xceff8000
     102715.000 ns	     10270	80002470	e00a19d3	fclass.s	x19,f20	 f20:0x00000000 x19=0x00000010
     102735.000 ns	     10272	80002474	01c25733	srl	x14,x4,x28	  x4:0x00000000 x28:0x80041024 x14=0x00000000
     102745.000 ns	     10273	80002478	01421513	slli	x10,x4,0x14	  x4:0x00000000 x10=0x00000000
     102765.000 ns	     10275	8000247c	21151553	fsgnjn.s	f10,f10,f17	 f10:0x44774000 f17:0x7fc00000 f10=0xc4774000
     102795.000 ns	     10278	80002480	a151a153	feq.s	x2,f3,f21	  f3:0xbe1f1b4a f21:0xceff8000  x2=0x00000000
     102815.000 ns	     10280	80002484	23f80193	addi	x3,x16,575	 x16:0xf1936e1b  x3=0xf193705a
     102825.000 ns	     10281	80002488	50da8893	addi	x17,x21,1293	 x21:0x00010000 x17=0x0001050d
     103155.000 ns	     10314	8000248c	18eeb8d3	fdiv.s	f17,f29,f14	 f29:0x4d9f1b49 f14:0xc4774000 f17=0xc8c4ede8
     103175.000 ns	     10316	80002490	98d66213	ori	x4,x12,-1651	 x12:0x80040c92  x4=0xfffffd9f
     103185.000 ns	     10317	80002494	00b200b3	add	x1,x4,x11	  x4:0x00000000 x11:0x00000000  x1=0xfffffd9f
     103195.000 ns	     10318	80002498	4158d9b3	sra	x19,x17,x21	 x17:0x0001050d x21:0x00010000 x19=0x0001050d
     103215.000 ns	     10320	8000249c	c003a553	fcvt.w.s	x10,f7	  f7:0xc4ac4000 x10=0xfffffa9e
     103245.000 ns	     10323	800024a0	023f1633	mulh	x12,x30,x3	 x30:0x0dc6d35c  x3:0xf193705a x12=0xff3948d4
     103265.000 ns	     10325	800024a4	011e0eb3	add	x29,x28,x17	 x28:0x80041024 x17:0x0001050d x29=0x80051531
     103275.000 ns	     10326	800024a8	01c66fb3	or	x31,x12,x28	 x12:0xff3948d4 x28:0x80041024 x31=0xff3d58f4
     103295.000 ns	     10328	800024ac	20afa153	fsgnjx.s	f2,f31,f10	 f31:0x00000000 f10:0xc4774000  f2=0x80000000
     103335.000 ns	     10332	800024b0	5801f1d3	fsqrt.s	f3,f3	  f3:0xbe1f1b4a  f3=0x7fc00000
     103355.000 ns	     10334	800024b4	0199d393	srli	x7,x19,0x19	 x19:0x0001050d  x7=0x00000000
     103375.000 ns	     10336	800024b8	f00e8953	fmv.w.x	f18,x29	 x29:0x80051531 f18=0x80051531
     103405.000 ns	     10339	800024bc	0257e333	rem	x6,x15,x5	 x15:0xffffffff  x5:0x00000000  x6=0xffffffff
     103425.000 ns	     10341	800024c0	4179dc33	sra	x24,x19,x23	 x19:0x0001050d x23:0x80040fe4 x24=0x00001050
     103445.000 ns	     10343	800024c4	216d0c53	fsgnj.s	f24,f26,f22	 f26:0xceff8000 f22:0xbf800000 f24=0xceff8000
     103475.000 ns	     10346	800024c8	032250b3	divu	x1,x4,x18	  x4:0xfffffd9f x18:0x00000000  x1=0xffffffff
     103495.000 ns	     10348	800024cc	40d95693	srai	x13,x18,0xd	 x18:0x00000000 x13=0x00000000
     103505.000 ns	     10349	800024d0	404658b3	sra	x17,x12,x4	 x12:0xff3948d4  x4:0xfffffd9f x17=0xffffffff
     103525.000 ns	     10351	800024d4	28841bd3	fmax.s	f23,f8,f8	  f8:0x7fc00000  f8:0x7fc00000 f23=0x7fc00000
     103555.000 ns	     10354	800024d8	02234333	div	x6,x6,x2	  x6:0xffffffff  x2:0x00000000  x6=0xffffffff
     103575.000 ns	     10356	800024dc	40b75133	sra	x2,x14,x11	 x14:0x00000000 x11:0x00000000  x2=0x00000000
     103615.000 ns	     10360	800024e0	018379d3	fadd.s	f19,f6,f24	  f6:0x00000000 f24:0xceff8000 f19=0xceff8000
     103645.000 ns	     10363	800024e4	28b29953	fmax.s	f18,f5,f11	  f5:0x7fc00000 f11:0xffc00000 f18=0x7fc00000
     103675.000 ns	     10366	800024e8	d01a2353	fcvt.s.wu	f6,x20	 x20:0xe6ea0000  f6=0x4f66ea00
     103725.000 ns	     10371	800024ec	08c6f753	fsub.s	f14,f13,f12	 f13:0xffc00000 f12:0x7f800000 f14=0x7fc00000
     103745.000 ns	     10373	800024f0	00fd95b3	sll	x11,x27,x15	 x27:0xf1936e1b x15:0xffffffff x11=0x80000000
     103765.000 ns	     10375	800024f4	c001f0d3	fcvt.w.s	x1,f3	  f3:0x7fc00000  x1=0x7fffffff
     103785.000 ns	     10377	800024f8	093b4313	xori	x6,x22,147	 x22:0xd8d1c350  x6=0xd8d1c3c3
     103795.000 ns	     10378	800024fc	4180d0b3	sra	x1,x1,x24	  x1:0x7fffffff x24:0x00001050  x1=0x00007fff
     103835.000 ns	     10382	80002500	003c3453	fadd.s	f8,f24,f3	 f24:0xceff8000  f3:0x7fc00000  f8=0x7fc00000
     104205.000 ns	     10419	80002504	02b9db33	divu	x22,x19,x11	 x19:0x0001050d x11:0x80000000 x22=0x00000000
     104225.000 ns	     10421	80002508	01bd1f13	slli	x30,x26,0x1b	 x26:0x00000000 x30=0x00000000
     104245.000 ns	     10423	8000250c	d00a7553	fcvt.s.w	f10,x20	 x20:0xe6ea0000 f10=0xcdc8b000
     104265.000 ns	     10425	80002510	41400333	sub	x6,x0,x20	  x0:0x00000000 x20:0xe6ea0000  x6=0x19160000
     104285.000 ns	     10427	80002514	025833b3	mulhu	x7,x16,x5	 x16:0xf1936e1b  x5:0x00000000  x7=0x00000000
     104655.000 ns	     10464	80002518	023143b3	div	x7,x2,x3	  x2:0x00000000  x3:0xf193705a  x7=0x00000000
     104675.000 ns	     10466	8000251c	6222e113	ori	x2,x5,1570	  x5:0x00000000  x2=0x00000622
     104685.000 ns	     10467	80002520	01851c93	slli	x25,x10,0x18	 x10:0xfffffa9e x25=0x9e000000
     104705.000 ns	     10469	80002524	206fa0d3	fsgnjx.s	f1,f31,f6	 f31:0x00000000  f6:0x4f66ea00  f1=0x00000000
     104745.000 ns	     10473	80002528	1813f453	fdiv.s	f8,f7,f1	  f7:0xc4ac4000  f1:0x3f800000  f8=0xff800000
     104775.000 ns	     10476	8000252c	d01a36d3	fcvt.s.wu	f13,x20	 x20:0xe6ea0000 f13=0x4f66ea00
     105145.000 ns	     10513	80002530	035041b3	div	x3,x0,x21	  x0:0x00000000 x21:0x00010000  x3=0x00000000
     105165.000 ns	     10515	80002534	01839c33	sll	x24,x7,x24	  x7:0x00000000 x24:0x00001050 x24=0x00000000
     105185.000 ns	     10517	80002538	c00ef4d3	fcvt.w.s	x9,f29	 f29:0x4d9f1b49  x9=0x13e36920
     105215.000 ns	     10520	8000253c	20cd00d3	fsgnj.s	f1,f26,f12	 f26:0xceff8000 f12:0x7f800000  f1=0x4eff8000
     105245.000 ns	     10523	80002540	022986b3	mul	x13,x19,x2	 x19:0x0001050d  x2:0x00000622 x13=0x0640f9ba
     105275.000 ns	     10526	80002544	c0017cd3	fcvt.w.s	x25,f2	  f2:0x80000000 x25=0x00000000
     105295.000 ns	     10528	80002548	05c1e293	ori	x5,x3,92	  x3:0x00000000  x5=0x0000005c
     105315.000 ns	     10530	8000254c	022406b3	mul	x13,x8,x2	  x8:0x00000000  x2:0x00000622 x13=0x00000000
     105335.000 ns	     10532	80002550	13c8cf17	auipc	x30,0x13c8c	 x30=0x93c8e550
     105355.000 ns	     10534	80002554	d01445d3	fcvt.s.wu	f11,x8	  x8:0x00000000 f11=0x00000000
     105385.000 ns	     10537	80002558	02d12933	mulhsu	x18,x2,x13	  x2:0x00000622 x13:0x00000000 x18=0x00000000
     105415.000 ns	     10540	8000255c	d00dffd3	fcvt.s.w	f31,x27	 x27:0xf1936e1b f31=0xcd66c91e
     105435.000 ns	     10542	80002560	6f0eb513	sltiu	x10,x29,1776	 x29:0x80051531 x10=0x00000000
     105455.000 ns	     10544	80002564	03009433	mulh	x8,x1,x16	  x1:0x00007fff x16:0xf1936e1b  x8=0xfffff8c9
     105475.000 ns	     10546	80002568	0001ef33	or	x30,x3,x0	  x3:0x00000000  x0:0x00000000 x30=0x00000000
     105485.000 ns	     10547	8000256c	59bf2b13	slti	x22,x30,1435	 x30:0x93c8e550 x22=0x00000001
     105495.000 ns	     10548	80002570	014a36b3	sltu	x13,x20,x20	 x20:0xe6ea0000 x20:0xe6ea0000 x13=0x00000000
     105515.000 ns	     10550	80002574	03cb1c33	mulh	x24,x22,x28	 x22:0x00000000 x28:0x80041024 x24=0xffffffff
     105545.000 ns	     10553	80002578	a09924d3	feq.s	x9,f18,f9	 f18:0x7fc00000  f9:0xffc00000  x9=0x00000000
     105585.000 ns	     10557	8000257c	580781d3	fsqrt.s	f3,f15	 f15:0x7fc00000  f3=0x7fc00000
     105615.000 ns	     10560	80002580	02eff0b3	remu	x1,x31,x14	 x31:0xff3d58f4 x14:0x00000000  x1=0xff3d58f4
     105645.000 ns	     10563	80002584	d00f3553	fcvt.s.w	f10,x30	 x30:0x00000000 f10=0x00000000
     105675.000 ns	     10566	80002588	a11d0d53	fle.s	x26,f26,f17	 f26:0xceff8000 f17:0xc8c4ede8 x26=0x00000001
     105705.000 ns	     10569	8000258c	211d2fd3	fsgnjx.s	f31,f26,f17	 f26:0xceff8000 f17:0xc8c4ede8 f31=0x4eff8000
     105725.000 ns	     10571	80002590	547a3913	sltiu	x18,x20,1351	 x20:0xe6ea0000 x18=0x00000000
     105735.000 ns	     10572	80002594	01911a33	sll	x20,x2,x25	  x2:0x00000622 x25:0x00000000 x20=0x00000622
     105755.000 ns	     10574	80002598	03623933	mulhu	x18,x4,x22	  x4:0xfffffd9f x22:0x00000001 x18=0x00000000
     105785.000 ns	     10577	8000259c	0328d7b3	divu	x15,x17,x18	 x17:0xffffffff x18:0x00000000 x15=0xffffffff
     105815.000 ns	     10580	800025a0	d01c70d3	fcvt.s.wu	f1,x24	 x24:0xffffffff  f1=0x4f7fffff
     105835.000 ns	     10582	800025a4	00507033	and	x0,x0,x5	  x0:0x00000000  x5:0x0000005c
     105865.000 ns	     10585	800025a8	1836fe53	fdiv.s	f28,f13,f3	 f13:0x4f66ea00  f3:0x7fc00000 f28=0x7fc00000
     105885.000 ns	     10587	800025ac	00a00733	add	x14,x0,x10	  x0:0x00000000 x10:0x00000000 x14=0x00000000
     105895.000 ns	     10588	800025b0	00000013	addi	x0,x0,0	  x0:0x00000000
     105915.000 ns	     10590	800025b4	02c489b3	mul	x19,x9,x12	  x9:0x00000000 x12:0xff3948d4 x19=0x00000000
     105935.000 ns	     10592	800025b8	00059713	slli	x14,x11,0x0	 x11:0x80000000 x14=0x80000000
     105955.000 ns	     10594	800025bc	03235933	divu	x18,x6,x18	  x6:0x19160000 x18:0x00000000 x18=0xffffffff
     105985.000 ns	     10597	800025c0	21f0a753	fsgnjx.s	f14,f1,f31	  f1:0x4f7fffff f31:0x4eff8000 f14=0x4f7fffff
     106005.000 ns	     10599	800025c4	000c15b3	sll	x11,x24,x0	 x24:0xffffffff  x0:0x00000000 x11=0xffffffff
     106015.000 ns	     10600	800025c8	dd913793	sltiu	x15,x2,-551	  x2:0x00000622 x15=0x00000001
     106035.000 ns	     10602	800025cc	03469b33	mulh	x22,x13,x20	 x13:0x00000000 x20:0x00000622 x22=0x00000000
     106065.000 ns	     10605	800025d0	c0081453	fcvt.w.s	x8,f16	 f16:0x4eff8000  x8=0x7fc00000
     106085.000 ns	     10607	800025d4	08f26993	ori	x19,x4,143	  x4:0xfffffd9f x19=0xfffffd9f
     106115.000 ns	     10610	800025d8	18b595d3	fdiv.s	f11,f11,f11	 f11:0x00000000 f11:0x00000000 f11=0x7fc00000
     106145.000 ns	     10613	800025dc	e00a98d3	fclass.s	x17,f21	 f21:0xceff8000 x17=0x00000002
     106165.000 ns	     10615	800025e0	01c1a2b3	slt	x5,x3,x28	  x3:0x00000000 x28:0x80041024  x5=0x00000000
     106175.000 ns	     10616	800025e4	01fa8333	add	x6,x21,x31	 x21:0x00010000 x31:0xff3d58f4  x6=0xff3e58f4
     106185.000 ns	     10617	800025e8	f2665d37	lui	x26,0xf2665	 x26=0xf2665000
     106195.000 ns	     10618	800025ec	0043dfb3	srl	x31,x7,x4	  x7:0x00000000  x4:0xfffffd9f x31=0x00000000
     106215.000 ns	     10620	800025f0	0365a5b3	mulhsu	x11,x11,x22	 x11:0xffffffff x22:0x00000000 x11=0x00000000
     106235.000 ns	     10622	800025f4	01c559b3	srl	x19,x10,x28	 x10:0x00000000 x28:0x80041024 x19=0x00000000
     106255.000 ns	     10624	800025f8	03f171b3	remu	x3,x2,x31	  x2:0x00000622 x31:0x00000000  x3=0x00000622
     106285.000 ns	     10627	800025fc	02ad2933	mulhsu	x18,x26,x10	 x26:0xf2665000 x10:0x00000000 x18=0x00000000
     106305.000 ns	     10629	80002600	00d7ed33	or	x26,x15,x13	 x15:0x00000001 x13:0x00000000 x26=0x00000001
     106325.000 ns	     10631	80002604	e00a0453	fmv.x.w	x8,f20	 f20:0x00000000  x8=0x00000000
     106345.000 ns	     10633	80002608	00000013	addi	x0,x0,0	  x0:0x00000000
     106365.000 ns	     10635	8000260c	027e8b33	mul	x22,x29,x7	 x29:0x80051531  x7:0x00000000 x22=0x00000000
     106395.000 ns	     10638	80002610	a03c07d3	fle.s	x15,f24,f3	 f24:0xceff8000  f3:0x7fc00000 x15=0x00000000
     106425.000 ns	     10641	80002614	02b29c33	mulh	x24,x5,x11	  x5:0x00000000 x11:0x00000000 x24=0x00000000
     106445.000 ns	     10643	80002618	009e3d33	sltu	x26,x28,x9	 x28:0x80041024  x9:0x00000000 x26=0x00000000
     106465.000 ns	     10645	8000261c	d00cc053	fcvt.s.w	f0,x25	 x25:0x00000000  f0=0x00000000
     106485.000 ns	     10647	80002620	278e2a13	slti	x20,x28,632	 x28:0x80041024 x20=0x00000001
     106505.000 ns	     10649	80002624	e00b1453	fclass.s	x8,f22	 f22:0xbf800000  x8=0x00000002
     106525.000 ns	     10651	80002628	e9f48993	addi	x19,x9,-353	  x9:0x00000000 x19=0xfffffe9f
     106545.000 ns	     10653	8000262c	f0068653	fmv.w.x	f12,x13	 x13:0x00000000 f12=0x00000000
     106565.000 ns	     10655	80002630	ce4e4913	xori	x18,x28,-796	 x28:0x80041024 x18=0x7ffbecc0
     106595.000 ns	     10658	80002634	1133ff53	fmul.s	f30,f7,f19	  f7:0xc4ac4000 f19:0xceff8000 f30=0x542be9e0
     106625.000 ns	     10661	80002638	d0167753	fcvt.s.wu	f14,x12	 x12:0xff3948d4 f14=0x4f7f3948
     106665.000 ns	     10665	8000263c	1092fd53	fmul.s	f26,f5,f9	  f5:0x7fc00000  f9:0xffc00000 f26=0x7fc00000
     106695.000 ns	     10668	80002640	d0077553	fcvt.s.w	f10,x14	 x14:0x80000000 f10=0xcf000000
     107065.000 ns	     10705	80002644	026ce0b3	rem	x1,x25,x6	 x25:0x00000000  x6:0xff3e58f4  x1=0x00000000
     107095.000 ns	     10708	80002648	e00311d3	fclass.s	x3,f6	  f6:0x4f66ea00  x3=0x00000040
     107125.000 ns	     10711	8000264c	02b4f4b3	remu	x9,x9,x11	  x9:0x00000000 x11:0x00000000  x9=0x00000000
     107155.000 ns	     10714	80002650	20f58c53	fsgnj.s	f24,f11,f15	 f11:0x7fc00000 f15:0x7fc00000 f24=0x7fc00000
     107525.000 ns	     10751	80002654	03b87533	remu	x10,x16,x27	 x16:0xf1936e1b x27:0xf1936e1b x10=0x00000000
     107555.000 ns	     10754	80002658	027a1533	mulh	x10,x20,x7	 x20:0x00000001  x7:0x00000000 x10=0x00000000
     107585.000 ns	     10757	8000265c	c01575d3	fcvt.wu.s	x11,f10	 f10:0xcf000000 x11=0x80000000
     107615.000 ns	     10760	80002660	a14dac53	feq.s	x24,f27,f20	 f27:0x7fc00000 f20:0x00000000 x24=0x00000000
     107655.000 ns	     10764	80002664	10b172d3	fmul.s	f5,f2,f11	  f2:0x80000000 f11:0x7fc00000  f5=0x7fc00000
     107685.000 ns	     10767	80002668	a1c394d3	flt.s	x9,f7,f28	  f7:0xc4ac4000 f28:0x7fc00000  x9=0x00000000
     107705.000 ns	     10769	8000266c	012734b3	sltu	x9,x14,x18	 x14:0x80000000 x18:0x7ffbecc0  x9=0x00000000
     107745.000 ns	     10773	80002670	0841fc53	fsub.s	f24,f3,f4	  f3:0x7fc00000  f4:0x00000000 f24=0x7fc00000
     107795.000 ns	     10778	80002674	017b7fd3	fadd.s	f31,f22,f23	 f22:0xbf800000 f23:0x7fc00000 f31=0x7fc00000
     107815.000 ns	     10780	80002678	6b34a5b7	lui	x11,0x6b34a	 x11=0x6b34a000
     107825.000 ns	     10781	8000267c	01303fb3	sltu	x31,x0,x19	  x0:0x00000000 x19:0xfffffe9f x31=0x00000001
     107835.000 ns	     10782	80002680	0143b833	sltu	x16,x7,x20	  x7:0x00000000 x20:0x00000001 x16=0x00000001
     107845.000 ns	     10783	80002684	00000013	addi	x0,x0,0	  x0:0x00000000
     107855.000 ns	     10784	80002688	20746313	ori	x6,x8,519	  x8:0x00000002  x6=0x00000207
     107875.000 ns	     10786	8000268c	0366e6b3	rem	x13,x13,x22	 x13:0x00000000 x22:0x00000000 x13=0x00000000
     107905.000 ns	     10789	80002690	e00c0353	fmv.x.w	x6,f24	 f24:0x7fc00000  x6=0x7fc00000
     107925.000 ns	     10791	80002694	41a006b3	sub	x13,x0,x26	  x0:0x00000000 x26:0x00000000 x13=0x00000000
     107965.000 ns	     10795	80002698	08decb53	fsub.s	f22,f29,f13	 f29:0x4d9f1b49 f13:0x4f66ea00 f22=0xcf530697
     107985.000 ns	     10797	8000269c	409605b3	sub	x11,x12,x9	 x12:0xff3948d4  x9:0x00000000 x11=0xff3948d4
     108005.000 ns	     10799	800026a0	a14aa953	feq.s	x18,f21,f20	 f21:0xceff8000 f20:0x00000000 x18=0x00000000
     108025.000 ns	     10801	800026a4	f8223393	sltiu	x7,x4,-126	  x4:0xfffffd9f  x7=0x00000001
     108045.000 ns	     10803	800026a8	c01ca3d3	fcvt.wu.s	x7,f25	 f25:0x7fc00000  x7=0xffffffff
     108075.000 ns	     10806	800026ac	f00504d3	fmv.w.x	f9,x10	 x10:0x00000000  f9=0x00000000
     108105.000 ns	     10809	800026b0	027980b3	mul	x1,x19,x7	 x19:0xfffffe9f  x7:0xffffffff  x1=0x00000161
     108145.000 ns	     10813	800026b4	197695d3	fdiv.s	f11,f13,f23	 f13:0x4f66ea00 f23:0x7fc00000 f11=0x7fc00000
     108175.000 ns	     10816	800026b8	024b30b3	mulhu	x1,x22,x4	 x22:0x00000000  x4:0xfffffd9f  x1=0x00000000
     108225.000 ns	     10821	800026bc	018afd53	fadd.s	f26,f21,f24	 f21:0xceff8000 f24:0x7fc00000 f26=0x7fc00000
     108255.000 ns	     10824	800026c0	e00d96d3	fclass.s	x13,f27	 f27:0x7fc00000 x13=0x00000200
     108285.000 ns	     10827	800026c4	d0192b53	fcvt.s.wu	f22,x18	 x18:0x00000000 f22=0x00000000
     108305.000 ns	     10829	800026c8	018a7eb3	and	x29,x20,x24	 x20:0x00000001 x24:0x00000000 x29=0x00000000
     108315.000 ns	     10830	800026cc	01a2b633	sltu	x12,x5,x26	  x5:0x00000000 x26:0x00000000 x12=0x00000000
     108335.000 ns	     10832	800026d0	28090153	fmin.s	f2,f18,f0	 f18:0x7fc00000  f0:0x00000000  f2=0x00000000
     108365.000 ns	     10835	800026d4	200288d3	fsgnj.s	f17,f5,f0	  f5:0x7fc00000  f0:0x00000000 f17=0x7fc00000
     108385.000 ns	     10837	800026d8	017ec1b3	xor	x3,x29,x23	 x29:0x00000000 x23:0x80040fe4  x3=0x80040fe4
     108415.000 ns	     10840	800026dc	19d7b4d3	fdiv.s	f9,f15,f29	 f15:0x7fc00000 f29:0x4d9f1b49  f9=0x7fc00000
     108435.000 ns	     10842	800026e0	3ab66d13	ori	x26,x12,939	 x12:0x00000000 x26=0x000003ab
     108455.000 ns	     10844	800026e4	0295c4b3	div	x9,x11,x9	 x11:0xff3948d4  x9:0x00000000  x9=0xffffffff
     108475.000 ns	     10846	800026e8	015ed513	srli	x10,x29,0x15	 x29:0x00000000 x10=0x00000000
     108495.000 ns	     10848	800026ec	a1a98d53	fle.s	x26,f19,f26	 f19:0xceff8000 f26:0x7fc00000 x26=0x00000000
     108515.000 ns	     10850	800026f0	01acb2b3	sltu	x5,x25,x26	 x25:0x00000000 x26:0x000003ab  x5=0x00000000
     108875.000 ns	     10886	800026f4	03faf433	remu	x8,x21,x31	 x21:0x00010000 x31:0x00000001  x8=0x00000000
     108905.000 ns	     10889	800026f8	c0087553	fcvt.w.s	x10,f16	 f16:0x4eff8000 x10=0x7fc00000
     108925.000 ns	     10891	800026fc	5e8dcd13	xori	x26,x27,1512	 x27:0xf1936e1b x26=0xf1936bf3
     108935.000 ns	     10892	80002700	01663533	sltu	x10,x12,x22	 x12:0x00000000 x22:0x00000000 x10=0x00000000
     109295.000 ns	     10928	80002704	037ffeb3	remu	x29,x31,x23	 x31:0x00000001 x23:0x80040fe4 x29=0x00000001
     109315.000 ns	     10930	80002708	01d77cb3	and	x25,x14,x29	 x14:0x80000000 x29:0x00000000 x25=0x00000000
     109675.000 ns	     10966	8000270c	034e4433	div	x8,x28,x20	 x28:0x80041024 x20:0x00000001  x8=0x80041024
     110045.000 ns	     11003	80002710	03ad4b33	div	x22,x26,x26	 x26:0xf1936bf3 x26:0xf1936bf3 x22=0x00000001
     110085.000 ns	     11007	80002714	11c2a353	fmul.s	f6,f5,f28	  f5:0x7fc00000 f28:0x7fc00000  f6=0x7fc00000
     110135.000 ns	     11012	80002718	08512353	fsub.s	f6,f2,f5	  f2:0x00000000  f5:0x7fc00000  f6=0x7fc00000
     110165.000 ns	     11015	8000271c	c013b2d3	fcvt.wu.s	x5,f7	  f7:0xc4ac4000  x5=0x00000562
     110215.000 ns	     11020	80002720	0856b3d3	fsub.s	f7,f13,f5	 f13:0x4f66ea00  f5:0x7fc00000  f7=0x7fc00000
     110585.000 ns	     11057	80002724	03f5d3b3	divu	x7,x11,x31	 x11:0xff3948d4 x31:0x00000001  x7=0xff3948d4
     110625.000 ns	     11061	80002728	192bf453	fdiv.s	f8,f23,f18	 f23:0x7fc00000 f18:0x7fc00000  f8=0x7fc00000
     110665.000 ns	     11065	8000272c	5807a0d3	fsqrt.s	f1,f15	 f15:0x7fc00000  f1=0x7fc00000
     110695.000 ns	     11068	80002730	a0ad1453	flt.s	x8,f26,f10	 f26:0x7fc00000 f10:0xcf000000  x8=0x00000000
     111065.000 ns	     11105	80002734	03c457b3	divu	x15,x8,x28	  x8:0x80041024 x28:0x80041024 x15=0x00000000
     111085.000 ns	     11107	80002738	00000013	addi	x0,x0,0	  x0:0x00000000
     111105.000 ns	     11109	8000273c	e00690d3	fclass.s	x1,f13	 f13:0x4f66ea00  x1=0x00000040
     111155.000 ns	     11114	80002740	09f377d3	fsub.s	f15,f6,f31	  f6:0x7fc00000 f31:0x7fc00000 f15=0x7fc00000
     111175.000 ns	     11116	80002744	01681eb3	sll	x29,x16,x22	 x16:0x00000001 x22:0x00000001 x29=0x00000002
     111185.000 ns	     11117	80002748	01e91a93	slli	x21,x18,0x1e	 x18:0x00000000 x21=0x00000000
     111195.000 ns	     11118	8000274c	005578b3	and	x17,x10,x5	 x10:0x00000000  x5:0x00000562 x17=0x00000000
     111215.000 ns	     11120	80002750	d01c87d3	fcvt.s.wu	f15,x25	 x25:0x00000000 f15=0x00000000
     111245.000 ns	     11123	80002754	c0147353	fcvt.wu.s	x6,f8	  f8:0x7fc00000  x6=0xffffffff
     111275.000 ns	     11126	80002758	e0031153	fclass.s	x2,f6	  f6:0x7fc00000  x2=0x00000200
     111295.000 ns	     11128	8000275c	00905033	srl	x0,x0,x9	  x0:0x00000000  x9:0xffffffff
     111335.000 ns	     11132	80002760	085c7353	fsub.s	f6,f24,f5	 f24:0x7fc00000  f5:0x7fc00000  f6=0x7fc00000
     111365.000 ns	     11135	80002764	e0010fd3	fmv.x.w	x31,f2	  f2:0x00000000 x31=0x00000000
     111385.000 ns	     11137	80002768	00000013	addi	x0,x0,0	  x0:0x00000000
     111395.000 ns	     11138	8000276c	00000013	addi	x0,x0,0	  x0:0x00000000
     111405.000 ns	     11139	80002770	000c17b3	sll	x15,x24,x0	 x24:0x00000000  x0:0x00000000 x15=0x00000000
     111445.000 ns	     11143	80002774	00ccfbd3	fadd.s	f23,f25,f12	 f25:0x7fc00000 f12:0x00000000 f23=0x7fc00000
     111465.000 ns	     11145	80002778	10f8fc13	andi	x24,x17,271	 x17:0x00000000 x24=0x00000000
     111825.000 ns	     11181	8000277c	036c49b3	div	x19,x24,x22	 x24:0x00000000 x22:0x00000001 x19=0x00000000
     111845.000 ns	     11183	80002780	41d081b3	sub	x3,x1,x29	  x1:0x00000040 x29:0x00000002  x3=0x0000003e
     111855.000 ns	     11184	80002784	00d76cb3	or	x25,x14,x13	 x14:0x80000000 x13:0x00000200 x25=0x80000200
     111865.000 ns	     11185	80002788	0043b1b3	sltu	x3,x7,x4	  x7:0xff3948d4  x4:0xfffffd9f  x3=0x00000001
     112225.000 ns	     11221	8000278c	02d45933	divu	x18,x8,x13	  x8:0x00000000 x13:0x00000200 x18=0x00000000
     112245.000 ns	     11223	80002790	c1cecf13	xori	x30,x29,-996	 x29:0x00000002 x30=0xfffffc1e
     112255.000 ns	     11224	80002794	00863233	sltu	x4,x12,x8	 x12:0x00000000  x8:0x00000000  x4=0x00000000
     112265.000 ns	     11225	80002798	01eaa1b3	slt	x3,x21,x30	 x21:0x00000000 x30:0x00000000  x3=0x00000000
     112285.000 ns	     11227	8000279c	201e1b53	fsgnjn.s	f22,f28,f1	 f28:0x7fc00000  f1:0x7fc00000 f22=0xffc00000
     112305.000 ns	     11229	800027a0	909311b7	lui	x3,0x90931	  x3=0x90931000
     112345.000 ns	     11233	800027a4	013e80d3	fadd.s	f1,f29,f19	 f29:0x4d9f1b49 f19:0xceff8000  f1=0xced7b92e
     112375.000 ns	     11236	800027a8	f00c8353	fmv.w.x	f6,x25	 x25:0x80000200  f6=0x80000200
     112415.000 ns	     11240	800027ac	1023b253	fmul.s	f4,f7,f2	  f7:0x7fc00000  f2:0x00000000  f4=0x7fc00000
     112445.000 ns	     11243	800027b0	a10703d3	fle.s	x7,f14,f16	 f14:0x4f7f3948 f16:0x4eff8000  x7=0x00000000
     112465.000 ns	     11245	800027b4	01787733	and	x14,x16,x23	 x16:0x00000001 x23:0x80040fe4 x14=0x00000000
     112495.000 ns	     11248	800027b8	1195c9d3	fmul.s	f19,f11,f25	 f11:0x7fc00000 f25:0x7fc00000 f19=0x7fc00000
     112525.000 ns	     11251	800027bc	f00d84d3	fmv.w.x	f9,x27	 x27:0xf1936e1b  f9=0xf1936e1b
     112555.000 ns	     11254	800027c0	0286a2b3	mulhsu	x5,x13,x8	 x13:0x00000200  x8:0x00000000  x5=0x00000000
     112575.000 ns	     11256	800027c4	0056d333	srl	x6,x13,x5	 x13:0x00000200  x5:0x00000562  x6=0x00000200
     112585.000 ns	     11257	800027c8	22528d13	addi	x26,x5,549	  x5:0x00000000 x26=0x00000225
     112605.000 ns	     11259	800027cc	d00bf6d3	fcvt.s.w	f13,x23	 x23:0x80040fe4 f13=0xcefff7e0
     112635.000 ns	     11262	800027d0	21a10bd3	fsgnj.s	f23,f2,f26	  f2:0x00000000 f26:0x7fc00000 f23=0x00000000
     112655.000 ns	     11264	800027d4	00000013	addi	x0,x0,0	  x0:0x00000000
     112675.000 ns	     11266	800027d8	03d0b033	mulhu	x0,x1,x29	  x1:0x00000040 x29:0x00000002
     112705.000 ns	     11269	800027dc	e00607d3	fmv.x.w	x15,f12	 f12:0x00000000 x15=0x00000000
     112735.000 ns	     11272	800027e0	c00177d3	fcvt.w.s	x15,f2	  f2:0x00000000 x15=0x00000000
     112765.000 ns	     11275	800027e4	29cf04d3	fmin.s	f9,f30,f28	 f30:0x542be9e0 f28:0x7fc00000  f9=0x542be9e0
     112795.000 ns	     11278	800027e8	20658453	fsgnj.s	f8,f11,f6	 f11:0x7fc00000  f6:0x80000200  f8=0xffc00000
     112815.000 ns	     11280	800027ec	912ca513	slti	x10,x25,-1774	 x25:0x80000200 x10=0x00000001
     112835.000 ns	     11282	800027f0	c00a7153	fcvt.w.s	x2,f20	 f20:0x00000000  x2=0x00000000
     112865.000 ns	     11285	800027f4	e00a9553	fclass.s	x10,f21	 f21:0xceff8000 x10=0x00000002
     112885.000 ns	     11287	800027f8	01825e93	srli	x29,x4,0x18	  x4:0x00000000 x29=0x00000000
     114055.000 ns	     11404	800027fc	580771d3	fsqrt.s	f3,f14	 f14:0x4f7f3948  f3=0x473477ee
     114075.000 ns	     11406	80002800	0001e9b3	or	x19,x3,x0	  x3:0x90931000  x0:0x00000000 x19=0x90931000
     114095.000 ns	     11408	80002804	219128d3	fsgnjx.s	f17,f2,f25	  f2:0x00000000 f25:0x7fc00000 f17=0x00000000
     114125.000 ns	     11411	80002808	d017f0d3	fcvt.s.wu	f1,x15	 x15:0x00000000  f1=0x00000000
     114145.000 ns	     11413	8000280c	40098c33	sub	x24,x19,x0	 x19:0x90931000  x0:0x00000000 x24=0x90931000
     114175.000 ns	     11416	80002810	58024d53	fsqrt.s	f26,f4	  f4:0x7fc00000 f26=0x7fc00000
     114195.000 ns	     11418	80002814	00c25ab3	srl	x21,x4,x12	  x4:0x00000000 x12:0x00000000 x21=0x00000000
     114205.000 ns	     11419	80002818	53727713	andi	x14,x4,1335	  x4:0x00000000 x14=0x00000000
     114215.000 ns	     11420	8000281c	015bfab3	and	x21,x23,x21	 x23:0x80040fe4 x21:0x00000000 x21=0x00000000
     114225.000 ns	     11421	80002820	00f05c13	srli	x24,x0,0xf	  x0:0x00000000 x24=0x00000000
     114235.000 ns	     11422	80002824	41d00333	sub	x6,x0,x29	  x0:0x00000000 x29:0x00000000  x6=0x00000000
     114595.000 ns	     11458	80002828	03ce6a33	rem	x20,x28,x28	 x28:0x80041024 x28:0x80041024 x20=0x00000000
     114625.000 ns	     11461	8000282c	d01971d3	fcvt.s.wu	f3,x18	 x18:0x00000000  f3=0x00000000
     114655.000 ns	     11464	80002830	a0f3a253	feq.s	x4,f7,f15	  f7:0x7fc00000 f15:0x00000000  x4=0x00000000
     114685.000 ns	     11467	80002834	28498d53	fmin.s	f26,f19,f4	 f19:0x7fc00000  f4:0x7fc00000 f26=0x7fc00000
     114715.000 ns	     11470	80002838	e0089953	fclass.s	x18,f17	 f17:0x00000000 x18=0x00000010
     114735.000 ns	     11472	8000283c	17126897	auipc	x17,0x17126	 x17=0x9712883c
     114745.000 ns	     11473	80002840	0046a2b3	slt	x5,x13,x4	 x13:0x00000200  x4:0x00000000  x5=0x00000000
     114755.000 ns	     11474	80002844	afdc8493	addi	x9,x25,-1283	 x25:0x80000200  x9=0x7ffffcfd
     114775.000 ns	     11476	80002848	c01b7053	fcvt.wu.s	x0,f22	 f22:0xffc00000
     114795.000 ns	     11478	8000284c	4100d793	srai	x15,x1,0x10	  x1:0x00000040 x15=0x00000000
     114805.000 ns	     11479	80002850	41ab0b33	sub	x22,x22,x26	 x22:0x00000001 x26:0x00000225 x22=0xfffffddc
     114825.000 ns	     11481	80002854	288214d3	fmax.s	f9,f4,f8	  f4:0x7fc00000  f8:0xffc00000  f9=0x7fc00000
     114845.000 ns	     11483	80002858	00ab5033	srl	x0,x22,x10	 x22:0x00000001 x10:0x00000002
     114885.000 ns	     11487	8000285c	01bf7c53	fadd.s	f24,f30,f27	 f30:0x542be9e0 f27:0x7fc00000 f24=0x7fc00000
     114905.000 ns	     11489	80002860	007cd233	srl	x4,x25,x7	 x25:0x80000200  x7:0x00000000  x4=0x80000200
     114915.000 ns	     11490	80002864	191fa393	slti	x7,x31,401	 x31:0x00000000  x7=0x00000001
     114925.000 ns	     11491	80002868	c000f293	andi	x5,x1,-1024	  x1:0x00000040  x5=0x00000000
     114945.000 ns	     11493	8000286c	02da8d33	mul	x26,x21,x13	 x21:0x00000000 x13:0x00000200 x26=0x00000000
     114995.000 ns	     11498	80002870	009ea4d3	fadd.s	f9,f29,f9	 f29:0x4d9f1b49  f9:0x7fc00000  f9=0x7fc00000
     115025.000 ns	     11501	80002874	03c83133	mulhu	x2,x16,x28	 x16:0x00000001 x28:0x80041024  x2=0x00000000
     115045.000 ns	     11503	80002878	f97e6eb7	lui	x29,0xf97e6	 x29=0xf97e6000
     115065.000 ns	     11505	8000287c	d01a3153	fcvt.s.wu	f2,x20	 x20:0x00000000  f2=0x00000000
     115095.000 ns	     11508	80002880	29e39fd3	fmax.s	f31,f7,f30	  f7:0x7fc00000 f30:0x542be9e0 f31=0x542be9e0
     115115.000 ns	     11510	80002884	01406b33	or	x22,x0,x20	  x0:0x00000000 x20:0x00000000 x22=0x00000000
     115125.000 ns	     11511	80002888	03f04913	xori	x18,x0,63	  x0:0x00000000 x18=0x0000003f
     115165.000 ns	     11515	8000288c	00177c53	fadd.s	f24,f14,f1	 f14:0x4f7f3948  f1:0x00000000 f24=0x4f7f3948
     115185.000 ns	     11517	80002890	00230ab3	add	x21,x6,x2	  x6:0x00000000  x2:0x00000000 x21=0x00000000
     115205.000 ns	     11519	80002894	038422b3	mulhsu	x5,x8,x24	  x8:0x00000000 x24:0x00000000  x5=0x00000000
     115225.000 ns	     11521	80002898	002a5a33	srl	x20,x20,x2	 x20:0x00000000  x2:0x00000000 x20=0x00000000
     115245.000 ns	     11523	8000289c	29e90053	fmin.s	f0,f18,f30	 f18:0x7fc00000 f30:0x542be9e0  f0=0x542be9e0
     115265.000 ns	     11525	800028a0	b3d90693	addi	x13,x18,-1219	 x18:0x0000003f x13=0xfffffb7c
     115285.000 ns	     11527	800028a4	f0050c53	fmv.w.x	f24,x10	 x10:0x00000002 f24=0x00000002
     115305.000 ns	     11529	800028a8	00352c33	slt	x24,x10,x3	 x10:0x00000002  x3:0x90931000 x24=0x00000000
     115315.000 ns	     11530	800028ac	4050de93	srai	x29,x1,0x5	  x1:0x00000040 x29=0x00000002
     115335.000 ns	     11532	800028b0	e00995d3	fclass.s	x11,f19	 f19:0x7fc00000 x11=0x00000200
     115365.000 ns	     11535	800028b4	028e5eb3	divu	x29,x28,x8	 x28:0x80041024  x8:0x00000000 x29=0xffffffff
     115385.000 ns	     11537	800028b8	006c1c93	slli	x25,x24,0x6	 x24:0x00000000 x25=0x00000000
     115395.000 ns	     11538	800028bc	140eac93	slti	x25,x29,320	 x29:0xffffffff x25=0x00000001
     115405.000 ns	     11539	800028c0	415bcf93	xori	x31,x23,1045	 x23:0x80040fe4 x31=0x80040bf1
     115415.000 ns	     11540	800028c4	00fc5113	srli	x2,x24,0xf	 x24:0x00000000  x2=0x00000000
     115425.000 ns	     11541	800028c8	aea6c193	xori	x3,x13,-1302	 x13:0xfffffb7c  x3=0x00000196
     115445.000 ns	     11543	800028cc	a1921cd3	flt.s	x25,f4,f25	  f4:0x7fc00000 f25:0x7fc00000 x25=0x00000000
     115475.000 ns	     11546	800028d0	d00bf9d3	fcvt.s.w	f19,x23	 x23:0x80040fe4 f19=0xcefff7e0
     115495.000 ns	     11548	800028d4	01e88f33	add	x30,x17,x30	 x17:0x9712883c x30:0xfffffc1e x30=0x9712845a
     115505.000 ns	     11549	800028d8	0040df33	srl	x30,x1,x4	  x1:0x00000040  x4:0x80000200 x30=0x00000040
     115515.000 ns	     11550	800028dc	0142ca33	xor	x20,x5,x20	  x5:0x00000000 x20:0x00000000 x20=0x00000000
     115535.000 ns	     11552	800028e0	294281d3	fmin.s	f3,f5,f20	  f5:0x7fc00000 f20:0x00000000  f3=0x00000000
     115555.000 ns	     11554	800028e4	6a09c293	xori	x5,x19,1696	 x19:0x90931000  x5=0x909316a0
     115565.000 ns	     11555	800028e8	a7ffbf13	sltiu	x30,x31,-1409	 x31:0x80040bf1 x30=0x00000001
     115575.000 ns	     11556	800028ec	fac54c13	xori	x24,x10,-84	 x10:0x00000002 x24=0xffffffae
     115585.000 ns	     11557	800028f0	0027fcb3	and	x25,x15,x2	 x15:0x00000000  x2:0x00000000 x25=0x00000000
     115595.000 ns	     11558	800028f4	016e3033	sltu	x0,x28,x22	 x28:0x80041024 x22:0x00000000
     115605.000 ns	     11559	800028f8	00000013	addi	x0,x0,0	  x0:0x00000000
     115615.000 ns	     11560	800028fc	42ab4097	auipc	x1,0x42ab4	  x1=0xc2ab68fc
     115625.000 ns	     11561	80002900	00923fb3	sltu	x31,x4,x9	  x4:0x80000200  x9:0x7ffffcfd x31=0x00000000
     115635.000 ns	     11562	80002904	001861b3	or	x3,x16,x1	 x16:0x00000001  x1:0x00000040  x3=0xc2ab68fd
     115645.000 ns	     11563	80002908	81670e93	addi	x29,x14,-2026	 x14:0x00000000 x29=0xfffff816
     115665.000 ns	     11565	8000290c	0255a6b3	mulhsu	x13,x11,x5	 x11:0x00000200  x5:0x909316a0 x13=0x00000121
     115695.000 ns	     11568	80002910	020b5033	divu	x0,x22,x0	 x22:0x00000000  x0:0x00000000
     115725.000 ns	     11571	80002914	21248c53	fsgnj.s	f24,f9,f18	  f9:0x7fc00000 f18:0x7fc00000 f24=0x7fc00000
     115745.000 ns	     11573	80002918	41e2d213	srai	x4,x5,0x1e	  x5:0x909316a0  x4=0xfffffffe
     115765.000 ns	     11575	8000291c	a1a6aed3	feq.s	x29,f13,f26	 f13:0xcefff7e0 f26:0x7fc00000 x29=0x00000000
     115785.000 ns	     11577	80002920	761e3093	sltiu	x1,x28,1889	 x28:0x80041024  x1=0x00000000
     115795.000 ns	     11578	80002924	01b082b3	add	x5,x1,x27	  x1:0xc2ab68fc x27:0xf1936e1b  x5=0xf1936e1b
     115805.000 ns	     11579	80002928	4072d913	srai	x18,x5,0x7	  x5:0x909316a0 x18=0xffe326dc
     115815.000 ns	     11580	8000292c	84e98393	addi	x7,x19,-1970	 x19:0x90931000  x7=0x9093084e
     115825.000 ns	     11581	80002930	019c1733	sll	x14,x24,x25	 x24:0xffffffae x25:0x00000000 x14=0xffffffae
     115835.000 ns	     11582	80002934	001b05b3	add	x11,x22,x1	 x22:0x00000000  x1:0x00000000 x11=0x00000000
     115855.000 ns	     11584	80002938	20da9a53	fsgnjn.s	f20,f21,f13	 f21:0xceff8000 f13:0xcefff7e0 f20=0x4eff8000
     115905.000 ns	     11589	8000293c	08df89d3	fsub.s	f19,f31,f13	 f31:0x542be9e0 f13:0xcefff7e0 f19=0x542c09df
     115935.000 ns	     11592	80002940	a1a320d3	feq.s	x1,f6,f26	  f6:0x80000200 f26:0x7fc00000  x1=0x00000000
     115955.000 ns	     11594	80002944	17d16293	ori	x5,x2,381	  x2:0x00000000  x5=0x0000017d
     115975.000 ns	     11596	80002948	a1ca0cd3	fle.s	x25,f20,f28	 f20:0x4eff8000 f28:0x7fc00000 x25=0x00000000
     115995.000 ns	     11598	8000294c	007fd393	srli	x7,x31,0x7	 x31:0x00000000  x7=0x00000000
     116015.000 ns	     11600	80002950	e0090c53	fmv.x.w	x24,f18	 f18:0x7fc00000 x24=0x7fc00000
     116055.000 ns	     11604	80002954	11107ed3	fmul.s	f29,f0,f17	  f0:0x542be9e0 f17:0x00000000 f29=0x00000000
     116075.000 ns	     11606	80002958	004c2733	slt	x14,x24,x4	 x24:0x7fc00000  x4:0xfffffffe x14=0x00000000
     116085.000 ns	     11607	8000295c	40f7d933	sra	x18,x15,x15	 x15:0x00000000 x15:0x00000000 x18=0x00000000
     116095.000 ns	     11608	80002960	411b02b3	sub	x5,x22,x17	 x22:0x00000000 x17:0x9712883c  x5=0x68ed77c4
     116105.000 ns	     11609	80002964	5d74f213	andi	x4,x9,1495	  x9:0x7ffffcfd  x4=0x000004d5
     116125.000 ns	     11611	80002968	036360b3	rem	x1,x6,x22	  x6:0x00000000 x22:0x00000000  x1=0x00000000
     116155.000 ns	     11614	8000296c	f0000b53	fmv.w.x	f22,x0	  x0:0x00000000 f22=0x00000000
     116175.000 ns	     11616	80002970	01033d33	sltu	x26,x6,x16	  x6:0x00000000 x16:0x00000001 x26=0x00000001
     116185.000 ns	     11617	80002974	00d85633	srl	x12,x16,x13	 x16:0x00000001 x13:0x00000121 x12=0x00000000
     116195.000 ns	     11618	80002978	00927433	and	x8,x4,x9	  x4:0x000004d5  x9:0x7ffffcfd  x8=0x000004d5
     116215.000 ns	     11620	8000297c	a026a053	feq.s	x0,f13,f2	 f13:0xcefff7e0  f2:0x00000000
     116235.000 ns	     11622	80002980	4112d9b3	sra	x19,x5,x17	  x5:0x68ed77c4 x17:0x9712883c x19=0x00000006
     116265.000 ns	     11625	80002984	19a3f5d3	fdiv.s	f11,f7,f26	  f7:0x7fc00000 f26:0x7fc00000 f11=0x7fc00000
     116295.000 ns	     11628	80002988	02eff5b3	remu	x11,x31,x14	 x31:0x00000000 x14:0x00000000 x11=0x00000000
     116315.000 ns	     11630	8000298c	01016d33	or	x26,x2,x16	  x2:0x00000000 x16:0x00000001 x26=0x00000001
     116335.000 ns	     11632	80002990	21920fd3	fsgnj.s	f31,f4,f25	  f4:0x7fc00000 f25:0x7fc00000 f31=0x7fc00000
     116355.000 ns	     11634	80002994	c37a2193	slti	x3,x20,-969	 x20:0x00000000  x3=0x00000000
     116365.000 ns	     11635	80002998	4134db33	sra	x22,x9,x19	  x9:0x7ffffcfd x19:0x00000006 x22=0x01fffff3
     116385.000 ns	     11637	8000299c	028b20b3	mulhsu	x1,x22,x8	 x22:0x00000000  x8:0x000004d5  x1=0x00000009
     116405.000 ns	     11639	800029a0	411c06b3	sub	x13,x24,x17	 x24:0x7fc00000 x17:0x9712883c x13=0xe8ad77c4
     116425.000 ns	     11641	800029a4	281401d3	fmin.s	f3,f8,f1	  f8:0xffc00000  f1:0x00000000  f3=0x00000000
     116455.000 ns	     11644	800029a8	02fe9833	mulh	x16,x29,x15	 x29:0x00000000 x15:0x00000000 x16=0x00000000
     116485.000 ns	     11647	800029ac	03c9b833	mulhu	x16,x19,x28	 x19:0x00000006 x28:0x80041024 x16=0x00000003
     116535.000 ns	     11652	800029b0	087ffad3	fsub.s	f21,f31,f7	 f31:0x7fc00000  f7:0x7fc00000 f21=0x7fc00000
     116565.000 ns	     11655	800029b4	29718453	fmin.s	f8,f3,f23	  f3:0x00000000 f23:0x00000000  f8=0x00000000
     116595.000 ns	     11658	800029b8	02394b33	div	x22,x18,x3	 x18:0x00000000  x3:0x00000000 x22=0xffffffff
     116615.000 ns	     11660	800029bc	00e579b3	and	x19,x10,x14	 x10:0x00000002 x14:0x00000000 x19=0x00000000
     116625.000 ns	     11661	800029c0	3cd9c893	xori	x17,x19,973	 x19:0x00000006 x17=0x000003cd
     116635.000 ns	     11662	800029c4	00c39333	sll	x6,x7,x12	  x7:0x00000000 x12:0x00000000  x6=0x00000000
     116645.000 ns	     11663	800029c8	ffa1fa93	andi	x21,x3,-6	  x3:0x00000000 x21=0x00000000
     116665.000 ns	     11665	800029cc	290919d3	fmax.s	f19,f18,f16	 f18:0x7fc00000 f16:0x4eff8000 f19=0x4eff8000
     117035.000 ns	     11702	800029d0	03e2d9b3	divu	x19,x5,x30	  x5:0x68ed77c4 x30:0x00000001 x19=0x68ed77c4
     117055.000 ns	     11704	800029d4	000d1f13	slli	x30,x26,0x0	 x26:0x00000001 x30=0x00000001
     117065.000 ns	     11705	800029d8	00e61333	sll	x6,x12,x14	 x12:0x00000000 x14:0x00000000  x6=0x00000000
     117085.000 ns	     11707	800029dc	c002fed3	fcvt.w.s	x29,f5	  f5:0x7fc00000 x29=0x7fffffff
     117115.000 ns	     11710	800029e0	d001aed3	fcvt.s.w	f29,x3	  x3:0x00000000 f29=0x00000000
     117145.000 ns	     11713	800029e4	a1068f53	fle.s	x30,f13,f16	 f13:0xcefff7e0 f16:0x4eff8000 x30=0x00000001
     117175.000 ns	     11716	800029e8	280c0c53	fmin.s	f24,f24,f0	 f24:0x7fc00000  f0:0x542be9e0 f24=0x542be9e0
     117195.000 ns	     11718	800029ec	0003c2b3	xor	x5,x7,x0	  x7:0x00000000  x0:0x00000000  x5=0x00000000
     117205.000 ns	     11719	800029f0	01f66fb3	or	x31,x12,x31	 x12:0x00000000 x31:0x00000000 x31=0x00000000
     117215.000 ns	     11720	800029f4	00da8fb3	add	x31,x21,x13	 x21:0x00000000 x13:0xe8ad77c4 x31=0xe8ad77c4
     117235.000 ns	     11722	800029f8	022d5433	divu	x8,x26,x2	 x26:0x00000001  x2:0x00000000  x8=0xffffffff
     117255.000 ns	     11724	800029fc	00928eb3	add	x29,x5,x9	  x5:0x00000000  x9:0x7ffffcfd x29=0x7ffffcfd
     117275.000 ns	     11726	80002a00	c00723d3	fcvt.w.s	x7,f14	 f14:0x4f7f3948  x7=0x7fffffff
     117295.000 ns	     11728	80002a04	51352413	slti	x8,x10,1299	 x10:0x00000002  x8=0x00000001
     117315.000 ns	     11730	80002a08	03238cb3	mul	x25,x7,x18	  x7:0x7fffffff x18:0x00000000 x25=0x00000000
     117345.000 ns	     11733	80002a0c	022664b3	rem	x9,x12,x2	 x12:0x00000000  x2:0x00000000  x9=0x00000000
     117375.000 ns	     11736	80002a10	c00e1553	fcvt.w.s	x10,f28	 f28:0x7fc00000 x10=0x7fffffff
     117395.000 ns	     11738	80002a14	011ab8b3	sltu	x17,x21,x17	 x21:0x00000000 x17:0x000003cd x17=0x00000001
     117405.000 ns	     11739	80002a18	f8f1f597	auipc	x11,0xf8f1f	 x11=0x78f21a18
     117425.000 ns	     11741	80002a1c	f00f0253	fmv.w.x	f4,x30	 x30:0x00000001  f4=0x00000001
     117795.000 ns	     11778	80002a20	033bd033	divu	x0,x23,x19	 x23:0x80040fe4 x19:0x68ed77c4
     117815.000 ns	     11780	80002a24	4f64a693	slti	x13,x9,1270	  x9:0x00000000 x13=0x00000001
     118175.000 ns	     11816	80002a28	03f540b3	div	x1,x10,x31	 x10:0x7fffffff x31:0xe8ad77c4  x1=0xfffffffb
     118195.000 ns	     11818	80002a2c	4c462813	slti	x16,x12,1220	 x12:0x00000000 x16=0x00000001
     118205.000 ns	     11819	80002a30	2e51c713	xori	x14,x3,741	  x3:0x00000000 x14=0x000002e5
     118225.000 ns	     11821	80002a34	d017fed3	fcvt.s.wu	f29,x15	 x15:0x00000000 f29=0x00000000
     118255.000 ns	     11824	80002a38	02fbc533	div	x10,x23,x15	 x23:0x80040fe4 x15:0x00000000 x10=0xffffffff
     118285.000 ns	     11827	80002a3c	f00c81d3	fmv.w.x	f3,x25	 x25:0x00000000  f3=0x00000000
     118305.000 ns	     11829	80002a40	40675513	srai	x10,x14,0x6	 x14:0x000002e5 x10=0x0000000b
     118315.000 ns	     11830	80002a44	01202eb3	slt	x29,x0,x18	  x0:0x00000000 x18:0x00000000 x29=0x00000000
     119485.000 ns	     11947	80002a48	580224d3	fsqrt.s	f9,f4	  f4:0x00000001  f9=0x1f350483
     119505.000 ns	     11949	80002a4c	62943a17	auipc	x20,0x62943	 x20=0xe2945a4c
     119515.000 ns	     11950	80002a50	409c5233	sra	x4,x24,x9	 x24:0x7fc00000  x9:0x00000000  x4=0x7fc00000
     119525.000 ns	     11951	80002a54	d79c2c13	slti	x24,x24,-647	 x24:0x7fc00000 x24=0x00000000
     119535.000 ns	     11952	80002a58	006f52b3	srl	x5,x30,x6	 x30:0x00000001  x6:0x00000000  x5=0x00000001
     119555.000 ns	     11954	80002a5c	a1e50953	fle.s	x18,f10,f30	 f10:0xcf000000 f30:0x542be9e0 x18=0x00000001
     119575.000 ns	     11956	80002a60	3195b413	sltiu	x8,x11,793	 x11:0x78f21a18  x8=0x00000000
     119585.000 ns	     11957	80002a64	00825913	srli	x18,x4,0x8	  x4:0x7fc00000 x18=0x007fc000
     119595.000 ns	     11958	80002a68	01055c13	srli	x24,x10,0x10	 x10:0x0000000b x24=0x00000000
     119605.000 ns	     11959	80002a6c	0a1f6297	auipc	x5,0xa1f6	  x5=0x8a1f8a6c
     119625.000 ns	     11961	80002a70	025d83b3	mul	x7,x27,x5	 x27:0xf1936e1b  x5:0x00000001  x7=0x46d20164
     119675.000 ns	     11966	80002a74	00c8c9d3	fadd.s	f19,f17,f12	 f17:0x00000000 f12:0x00000000 f19=0x00000000
     119695.000 ns	     11968	80002a78	00775793	srli	x15,x14,0x7	 x14:0x000002e5 x15=0x00000005
     119705.000 ns	     11969	80002a7c	008fa3b3	slt	x7,x31,x8	 x31:0xe8ad77c4  x8:0x00000000  x7=0x00000001
     119725.000 ns	     11971	80002a80	e00592d3	fclass.s	x5,f11	 f11:0x7fc00000  x5=0x00000200
     119745.000 ns	     11973	80002a84	0166fc33	and	x24,x13,x22	 x13:0x00000001 x22:0xffffffff x24=0x00000001
     119765.000 ns	     11975	80002a88	02266eb3	rem	x29,x12,x2	 x12:0x00000000  x2:0x00000000 x29=0x00000000
     119795.000 ns	     11978	80002a8c	e00f9353	fclass.s	x6,f31	 f31:0x7fc00000  x6=0x00000200
     119835.000 ns	     11982	80002a90	10f746d3	fmul.s	f13,f14,f15	 f14:0x4f7f3948 f15:0x00000000 f13=0x00000000
     119855.000 ns	     11984	80002a94	01ca7fb3	and	x31,x20,x28	 x20:0xe2945a4c x28:0x80041024 x31=0x80041004
     119875.000 ns	     11986	80002a98	c00474d3	fcvt.w.s	x9,f8	  f8:0x00000000  x9=0x00000000
     119905.000 ns	     11989	80002a9c	036517b3	mulh	x15,x10,x22	 x10:0x0000000b x22:0xffffffff x15=0xffffffff
     119945.000 ns	     11993	80002aa0	1149f153	fmul.s	f2,f19,f20	 f19:0x00000000 f20:0x4eff8000  f2=0x00000000
     119995.000 ns	     11998	80002aa4	09d412d3	fsub.s	f5,f8,f29	  f8:0x00000000 f29:0x00000000  f5=0x80000000
     120025.000 ns	     12001	80002aa8	02924233	div	x4,x4,x9	  x4:0x7fc00000  x9:0x00000000  x4=0xffffffff
     120395.000 ns	     12038	80002aac	03357eb3	remu	x29,x10,x19	 x10:0x0000000b x19:0x68ed77c4 x29=0x0000000b
     120425.000 ns	     12041	80002ab0	21f22bd3	fsgnjx.s	f23,f4,f31	  f4:0x00000001 f31:0x7fc00000 f23=0x00000001
     120455.000 ns	     12044	80002ab4	20b72653	fsgnjx.s	f12,f14,f11	 f14:0x4f7f3948 f11:0x7fc00000 f12=0x4f7f3948
     120475.000 ns	     12046	80002ab8	01a0d0b3	srl	x1,x1,x26	  x1:0xfffffffb x26:0x00000001  x1=0x7ffffffd
     120495.000 ns	     12048	80002abc	28259bd3	fmax.s	f23,f11,f2	 f11:0x7fc00000  f2:0x00000000 f23=0x00000000
     120525.000 ns	     12051	80002ac0	e00d94d3	fclass.s	x9,f27	 f27:0x7fc00000  x9=0x00000200
     120555.000 ns	     12054	80002ac4	a1dca053	feq.s	x0,f25,f29	 f25:0x7fc00000 f29:0x00000000
     120585.000 ns	     12057	80002ac8	03f901b3	mul	x3,x18,x31	 x18:0x007fc000 x31:0x80041004  x3=0xfdff0000
     120635.000 ns	     12062	80002acc	010f3cd3	fadd.s	f25,f30,f16	 f30:0x542be9e0 f16:0x4eff8000 f25=0x542c09d0
     120655.000 ns	     12064	80002ad0	00ada2b3	slt	x5,x27,x10	 x27:0xf1936e1b x10:0x0000000b  x5=0x00000001
     120665.000 ns	     12065	80002ad4	01f70c33	add	x24,x14,x31	 x14:0x000002e5 x31:0x80041004 x24=0x800412e9
     120685.000 ns	     12067	80002ad8	03b419b3	mulh	x19,x8,x27	  x8:0x00000000 x27:0xf1936e1b x19=0x00000000
     120705.000 ns	     12069	80002adc	d7b53a93	sltiu	x21,x10,-645	 x10:0x0000000b x21=0x00000001
     120725.000 ns	     12071	80002ae0	e00f1b53	fclass.s	x22,f30	 f30:0x542be9e0 x22=0x00000040
     120755.000 ns	     12074	80002ae4	218c1653	fsgnjn.s	f12,f24,f24	 f24:0x542be9e0 f24:0x542be9e0 f12=0xd42be9e0
     120785.000 ns	     12077	80002ae8	0338beb3	mulhu	x29,x17,x19	 x17:0x00000001 x19:0x00000000 x29=0x00000000
     120805.000 ns	     12079	80002aec	673ae013	ori	x0,x21,1651	 x21:0x00000001
     120825.000 ns	     12081	80002af0	f0010653	fmv.w.x	f12,x2	  x2:0x00000000 f12=0x00000000
     120845.000 ns	     12083	80002af4	879b0993	addi	x19,x22,-1927	 x22:0x00000040 x19=0xfffff8b9
     120855.000 ns	     12084	80002af8	01801f93	slli	x31,x0,0x18	  x0:0x00000000 x31=0x00000000
     120865.000 ns	     12085	80002afc	015eceb3	xor	x29,x29,x21	 x29:0x00000000 x21:0x00000001 x29=0x00000001
     120875.000 ns	     12086	80002b00	5f1aa993	slti	x19,x21,1521	 x21:0x00000001 x19=0x00000001
     120915.000 ns	     12090	80002b04	0921b1d3	fsub.s	f3,f3,f18	  f3:0x00000000 f18:0x7fc00000  f3=0x7fc00000
     120945.000 ns	     12093	80002b08	203620d3	fsgnjx.s	f1,f12,f3	 f12:0x00000000  f3:0x00000000  f1=0x00000000
     120965.000 ns	     12095	80002b0c	00caf433	and	x8,x21,x12	 x21:0x00000001 x12:0x00000000  x8=0x00000000
     120985.000 ns	     12097	80002b10	28df81d3	fmin.s	f3,f31,f13	 f31:0x7fc00000 f13:0x00000000  f3=0x00000000
     121015.000 ns	     12100	80002b14	035fb633	mulhu	x12,x31,x21	 x31:0x00000000 x21:0x00000001 x12=0x00000000
     121045.000 ns	     12103	80002b18	d018fdd3	fcvt.s.wu	f27,x17	 x17:0x00000001 f27=0x3f800000
     121415.000 ns	     12140	80002b1c	02ffe233	rem	x4,x31,x15	 x31:0x00000000 x15:0xffffffff  x4=0x00000000
     121435.000 ns	     12142	80002b20	c38dba93	sltiu	x21,x27,-968	 x27:0xf1936e1b x21=0x00000001
     121445.000 ns	     12143	80002b24	00a6b733	sltu	x14,x13,x10	 x13:0x00000001 x10:0x0000000b x14=0x00000001
     121465.000 ns	     12145	80002b28	034f9433	mulh	x8,x31,x20	 x31:0x00000000 x20:0xe2945a4c  x8=0x00000000
     121485.000 ns	     12147	80002b2c	e8733013	sltiu	x0,x6,-377	  x6:0x00000200
     121495.000 ns	     12148	80002b30	0159df13	srli	x30,x19,0x15	 x19:0x00000001 x30=0x00000000
     121535.000 ns	     12152	80002b34	009df8d3	fadd.s	f17,f27,f9	 f27:0x3f800000  f9:0x1f350483 f17=0x3f800000
     121555.000 ns	     12154	80002b38	015f9f93	slli	x31,x31,0x15	 x31:0x00000000 x31=0x00000000
     121565.000 ns	     12155	80002b3c	45edb293	sltiu	x5,x27,1118	 x27:0xf1936e1b  x5=0x00000000
     121585.000 ns	     12157	80002b40	03ae9033	mulh	x0,x29,x26	 x29:0x00000001 x26:0x00000001
     121625.000 ns	     12161	80002b44	10157953	fmul.s	f18,f10,f1	 f10:0xcf000000  f1:0x00000000 f18=0x80000000
     121645.000 ns	     12163	80002b48	c6aac693	xori	x13,x21,-918	 x21:0x00000001 x13=0xfffffc6b
     121655.000 ns	     12164	80002b4c	007c94b3	sll	x9,x25,x7	 x25:0x00000000  x7:0x00000001  x9=0x00000000
     121695.000 ns	     12168	80002b50	0182b553	fadd.s	f10,f5,f24	  f5:0x80000000 f24:0x542be9e0 f10=0x542be9e0
     121715.000 ns	     12170	80002b54	c67535b7	lui	x11,0xc6753	 x11=0xc6753000
     121745.000 ns	     12173	80002b58	5809f453	fsqrt.s	f8,f19	 f19:0x00000000  f8=0x00000000
     121765.000 ns	     12175	80002b5c	238ba993	slti	x19,x23,568	 x23:0x80040fe4 x19=0x00000001
     121795.000 ns	     12178	80002b60	1124b5d3	fmul.s	f11,f9,f18	  f9:0x1f350483 f18:0x80000000 f11=0x80000000
     121815.000 ns	     12180	80002b64	4154d2b3	sra	x5,x9,x21	  x9:0x00000000 x21:0x00000001  x5=0x00000000
     121835.000 ns	     12182	80002b68	0256f633	remu	x12,x13,x5	 x13:0xfffffc6b  x5:0x00000000 x12=0xfffffc6b
     121855.000 ns	     12184	80002b6c	1d2bb193	sltiu	x3,x23,466	 x23:0x80040fe4  x3=0x00000000
     121875.000 ns	     12186	80002b70	d006fdd3	fcvt.s.w	f27,x13	 x13:0xfffffc6b f27=0xc4654000
     121905.000 ns	     12189	80002b74	29f684d3	fmin.s	f9,f13,f31	 f13:0x00000000 f31:0x7fc00000  f9=0x00000000
     121935.000 ns	     12192	80002b78	027519b3	mulh	x19,x10,x7	 x10:0x0000000b  x7:0x00000001 x19=0x00000000
     121955.000 ns	     12194	80002b7c	00a9a8b3	slt	x17,x19,x10	 x19:0x00000001 x10:0x0000000b x17=0x00000001
     121995.000 ns	     12198	80002b80	09ac7b53	fsub.s	f22,f24,f26	 f24:0x542be9e0 f26:0x7fc00000 f22=0x7fc00000
     122015.000 ns	     12200	80002b84	49c56613	ori	x12,x10,1180	 x10:0x0000000b x12=0x0000049f
     122375.000 ns	     12236	80002b88	037b68b3	rem	x17,x22,x23	 x22:0x00000040 x23:0x80040fe4 x17=0x00000040
     122415.000 ns	     12240	80002b8c	118ef4d3	fmul.s	f9,f29,f24	 f29:0x00000000 f24:0x542be9e0  f9=0x00000000
     122435.000 ns	     12242	80002b90	9d99e217	auipc	x4,0x9d99e	  x4=0x1d9a0b90
     122455.000 ns	     12244	80002b94	028d9733	mulh	x14,x27,x8	 x27:0xf1936e1b  x8:0x00000000 x14=0x00000000
     122475.000 ns	     12246	80002b98	007d5933	srl	x18,x26,x7	 x26:0x00000001  x7:0x00000001 x18=0x00000000
     122495.000 ns	     12248	80002b9c	d011f2d3	fcvt.s.wu	f5,x3	  x3:0x00000000  f5=0x00000000
     122525.000 ns	     12251	80002ba0	21d788d3	fsgnj.s	f17,f15,f29	 f15:0x00000000 f29:0x00000000 f17=0x00000000
     122555.000 ns	     12254	80002ba4	d001a7d3	fcvt.s.w	f15,x3	  x3:0x00000000 f15=0x00000000
     122575.000 ns	     12256	80002ba8	e89b6893	ori	x17,x22,-375	 x22:0x00000040 x17=0xfffffec9
     122595.000 ns	     12258	80002bac	03ce0333	mul	x6,x28,x28	 x28:0x80041024 x28:0x80041024  x6=0x82248510
     122625.000 ns	     12261	80002bb0	f00185d3	fmv.w.x	f11,x3	  x3:0x00000000 f11=0x00000000
     122645.000 ns	     12263	80002bb4	00dd03b3	add	x7,x26,x13	 x26:0x00000001 x13:0xfffffc6b  x7=0xfffffc6c
     122665.000 ns	     12265	80002bb8	28de0353	fmin.s	f6,f28,f13	 f28:0x7fc00000 f13:0x00000000  f6=0x00000000
     122695.000 ns	     12268	80002bbc	a127a553	feq.s	x10,f15,f18	 f15:0x00000000 f18:0x80000000 x10=0x00000001
     122715.000 ns	     12270	80002bc0	017fea33	or	x20,x31,x23	 x31:0x00000000 x23:0x80040fe4 x20=0x80040fe4
     122725.000 ns	     12271	80002bc4	0e5e6513	ori	x10,x28,229	 x28:0x80041024 x10=0x800410e5
     122735.000 ns	     12272	80002bc8	41c50fb3	sub	x31,x10,x28	 x10:0x00000001 x28:0x80041024 x31=0x000000c1
     122755.000 ns	     12274	80002bcc	e00d8453	fmv.x.w	x8,f27	 f27:0xc4654000  x8=0xc4654000
     122785.000 ns	     12277	80002bd0	e0058453	fmv.x.w	x8,f11	 f11:0x00000000  x8=0x00000000
     122825.000 ns	     12281	80002bd4	580efcd3	fsqrt.s	f25,f29	 f29:0x00000000 f25=0x00000000
     122845.000 ns	     12283	80002bd8	013886b3	add	x13,x17,x19	 x17:0xfffffec9 x19:0x00000000 x13=0xfffffec9
     122865.000 ns	     12285	80002bdc	e0088753	fmv.x.w	x14,f17	 f17:0x00000000 x14=0x00000000
     122895.000 ns	     12288	80002be0	20160dd3	fsgnj.s	f27,f12,f1	 f12:0x00000000  f1:0x00000000 f27=0x00000000
     122915.000 ns	     12290	80002be4	01bd3eb3	sltu	x29,x26,x27	 x26:0x00000001 x27:0xf1936e1b x29=0x00000001
     122925.000 ns	     12291	80002be8	40d4d3b3	sra	x7,x9,x13	  x9:0x00000000 x13:0xfffffec9  x7=0x00000000
     122945.000 ns	     12293	80002bec	21728053	fsgnj.s	f0,f5,f23	  f5:0x00000000 f23:0x00000000  f0=0x00000000
     122975.000 ns	     12296	80002bf0	c016f153	fcvt.wu.s	x2,f13	 f13:0x00000000  x2=0x00000000
     123005.000 ns	     12299	80002bf4	c016c653	fcvt.wu.s	x12,f13	 f13:0x00000000 x12=0x00000000
     123025.000 ns	     12301	80002bf8	64f06513	ori	x10,x0,1615	  x0:0x00000000 x10=0x0000064f
     123035.000 ns	     12302	80002bfc	0009de93	srli	x29,x19,0x0	 x19:0x00000000 x29=0x00000000
     123055.000 ns	     12304	80002c00	21820553	fsgnj.s	f10,f4,f24	  f4:0x00000001 f24:0x542be9e0 f10=0x00000001
     123085.000 ns	     12307	80002c04	a0f49653	flt.s	x12,f9,f15	  f9:0x00000000 f15:0x00000000 x12=0x00000000
     123115.000 ns	     12310	80002c08	20641653	fsgnjn.s	f12,f8,f6	  f8:0x00000000  f6:0x00000000 f12=0x80000000
     123135.000 ns	     12312	80002c0c	a990e813	ori	x16,x1,-1383	  x1:0x7ffffffd x16=0xfffffffd
     123145.000 ns	     12313	80002c10	00602f33	slt	x30,x0,x6	  x0:0x00000000  x6:0x82248510 x30=0x00000000
     123165.000 ns	     12315	80002c14	d01ff153	fcvt.s.wu	f2,x31	 x31:0x000000c1  f2=0x43410000
     123195.000 ns	     12318	80002c18	0238e033	rem	x0,x17,x3	 x17:0xfffffec9  x3:0x00000000
     123215.000 ns	     12320	80002c1c	0014ceb3	xor	x29,x9,x1	  x9:0x00000000  x1:0x7ffffffd x29=0x7ffffffd
     123235.000 ns	     12322	80002c20	c00174d3	fcvt.w.s	x9,f2	  f2:0x43410000  x9=0x000000c1
     123265.000 ns	     12325	80002c24	d0164953	fcvt.s.wu	f18,x12	 x12:0x00000000 f18=0x00000000
     123295.000 ns	     12328	80002c28	c014c6d3	fcvt.wu.s	x13,f9	  f9:0x00000000 x13=0x00000000
     123325.000 ns	     12331	80002c2c	21aca7d3	fsgnjx.s	f15,f25,f26	 f25:0x00000000 f26:0x7fc00000 f15=0x00000000
     123355.000 ns	     12334	80002c30	c0123153	fcvt.wu.s	x2,f4	  f4:0x00000001  x2=0x00000000
     123385.000 ns	     12337	80002c34	025dc533	div	x10,x27,x5	 x27:0xf1936e1b  x5:0x00000000 x10=0xffffffff
     123425.000 ns	     12341	80002c38	58060553	fsqrt.s	f10,f12	 f12:0x80000000 f10=0x80000000
     123445.000 ns	     12343	80002c3c	01415a13	srli	x20,x2,0x14	  x2:0x00000000 x20=0x00000000
     123475.000 ns	     12346	80002c40	58040a53	fsqrt.s	f20,f8	  f8:0x00000000 f20=0x00000000
     123505.000 ns	     12349	80002c44	c019a153	fcvt.wu.s	x2,f19	 f19:0x00000000  x2=0x00000000
     123535.000 ns	     12352	80002c48	027e85b3	mul	x11,x29,x7	 x29:0x7ffffffd  x7:0x00000000 x11=0x00000000
     123565.000 ns	     12355	80002c4c	21b68753	fsgnj.s	f14,f13,f27	 f13:0x00000000 f27:0x00000000 f14=0x00000000
     123595.000 ns	     12358	80002c50	02a638b3	mulhu	x17,x12,x10	 x12:0x00000000 x10:0xffffffff x17=0x00000000
     123635.000 ns	     12362	80002c54	580a3b53	fsqrt.s	f22,f20	 f20:0x00000000 f22=0x00000000
     123665.000 ns	     12365	80002c58	02240ab3	mul	x21,x8,x2	  x8:0x00000000  x2:0x00000000 x21=0x00000000
     123695.000 ns	     12368	80002c5c	03ea3133	mulhu	x2,x20,x30	 x20:0x00000000 x30:0x00000000  x2=0x00000000
     123715.000 ns	     12370	80002c60	0138a3b3	slt	x7,x17,x19	 x17:0x00000000 x19:0x00000000  x7=0x00000000
     123735.000 ns	     12372	80002c64	216c0f53	fsgnj.s	f30,f24,f22	 f24:0x542be9e0 f22:0x00000000 f30=0x542be9e0
     123785.000 ns	     12377	80002c68	09f10653	fsub.s	f12,f2,f31	  f2:0x43410000 f31:0x7fc00000 f12=0x7fc00000
     123805.000 ns	     12379	80002c6c	40e50433	sub	x8,x10,x14	 x10:0xffffffff x14:0x00000000  x8=0xffffffff
     123815.000 ns	     12380	80002c70	00b2fab3	and	x21,x5,x11	  x5:0x00000000 x11:0x00000000 x21=0x00000000
     123825.000 ns	     12381	80002c74	4440e293	ori	x5,x1,1092	  x1:0x7ffffffd  x5=0x7ffffffd
     123845.000 ns	     12383	80002c78	d01a7053	fcvt.s.wu	f0,x20	 x20:0x00000000  f0=0x00000000
     123865.000 ns	     12385	80002c7c	01685793	srli	x15,x16,0x16	 x16:0xfffffffd x15=0x000003ff
     123875.000 ns	     12386	80002c80	00dadc13	srli	x24,x21,0xd	 x21:0x00000000 x24=0x00000000
     123895.000 ns	     12388	80002c84	a0a41d53	flt.s	x26,f8,f10	  f8:0x00000000 f10:0x80000000 x26=0x00000000
     123915.000 ns	     12390	80002c88	00000013	addi	x0,x0,0	  x0:0x00000000
     123935.000 ns	     12392	80002c8c	c00dfad3	fcvt.w.s	x21,f27	 f27:0x00000000 x21=0x00000000
     123955.000 ns	     12394	80002c90	01030233	add	x4,x6,x16	  x6:0x82248510 x16:0xfffffffd  x4=0x8224850d
     123975.000 ns	     12396	80002c94	a18b9c53	flt.s	x24,f23,f24	 f23:0x00000000 f24:0x542be9e0 x24=0x00000001
     123995.000 ns	     12398	80002c98	71ec9f17	auipc	x30,0x71ec9	 x30=0xf1ecbc98
     124035.000 ns	     12402	80002c9c	0142f6d3	fadd.s	f13,f5,f20	  f5:0x00000000 f20:0x00000000 f13=0x00000000
     124065.000 ns	     12405	80002ca0	033e9eb3	mulh	x29,x29,x19	 x29:0x7ffffffd x19:0x00000000 x29=0x00000000
     124095.000 ns	     12408	80002ca4	e00995d3	fclass.s	x11,f19	 f19:0x00000000 x11=0x00000010
     124125.000 ns	     12411	80002ca8	d000ff53	fcvt.s.w	f30,x1	  x1:0x7ffffffd f30=0x4effffff
     124155.000 ns	     12414	80002cac	d0077353	fcvt.s.w	f6,x14	 x14:0x00000000  f6=0x00000000
     124175.000 ns	     12416	80002cb0	0130aeb3	slt	x29,x1,x19	  x1:0x7ffffffd x19:0x00000000 x29=0x00000000
     124195.000 ns	     12418	80002cb4	206892d3	fsgnjn.s	f5,f17,f6	 f17:0x00000000  f6:0x00000000  f5=0x80000000
     124215.000 ns	     12420	80002cb8	005a4133	xor	x2,x20,x5	 x20:0x00000000  x5:0x7ffffffd  x2=0x7ffffffd
     124245.000 ns	     12423	80002cbc	19f608d3	fdiv.s	f17,f12,f31	 f12:0x7fc00000 f31:0x7fc00000 f17=0x7fc00000
     124265.000 ns	     12425	80002cc0	00054b33	xor	x22,x10,x0	 x10:0xffffffff  x0:0x00000000 x22=0xffffffff
     124285.000 ns	     12427	80002cc4	d0027753	fcvt.s.w	f14,x4	  x4:0x8224850d f14=0xcefbb6f5
     124315.000 ns	     12430	80002cc8	a0ac2353	feq.s	x6,f24,f10	 f24:0x542be9e0 f10:0x80000000  x6=0x00000000
     124345.000 ns	     12433	80002ccc	28081053	fmax.s	f0,f16,f0	 f16:0x4eff8000  f0:0x00000000  f0=0x4eff8000
     124375.000 ns	     12436	80002cd0	039dd733	divu	x14,x27,x25	 x27:0xf1936e1b x25:0x00000000 x14=0xffffffff
     124405.000 ns	     12439	80002cd4	c019c4d3	fcvt.wu.s	x9,f19	 f19:0x00000000  x9=0x00000000
     124425.000 ns	     12441	80002cd8	1427e613	ori	x12,x15,322	 x15:0x000003ff x12=0x000003ff
     124435.000 ns	     12442	80002cdc	03d30617	auipc	x12,0x3d30	 x12=0x83d32cdc
     124445.000 ns	     12443	80002ce0	00000013	addi	x0,x0,0	  x0:0x00000000
     124465.000 ns	     12445	80002ce4	e00390d3	fclass.s	x1,f7	  f7:0x7fc00000  x1=0x00000200
     124495.000 ns	     12448	80002ce8	c01f8b53	fcvt.wu.s	x22,f31	 f31:0x7fc00000 x22=0xffffffff
     124515.000 ns	     12450	80002cec	018217b3	sll	x15,x4,x24	  x4:0x8224850d x24:0x00000001 x15=0x04490a1a
     124875.000 ns	     12486	80002cf0	03cd63b3	rem	x7,x26,x28	 x26:0x00000000 x28:0x80041024  x7=0x00000000
     124905.000 ns	     12489	80002cf4	d00d3953	fcvt.s.w	f18,x26	 x26:0x00000000 f18=0x00000000
     124935.000 ns	     12492	80002cf8	02934333	div	x6,x6,x9	  x6:0x00000000  x9:0x00000000  x6=0xffffffff
     124965.000 ns	     12495	80002cfc	035885b3	mul	x11,x17,x21	 x17:0x00000000 x21:0x00000000 x11=0x00000000
     124985.000 ns	     12497	80002d00	d5730193	addi	x3,x6,-681	  x6:0xffffffff  x3=0xfffffd56
     124995.000 ns	     12498	80002d04	41218a33	sub	x20,x3,x18	  x3:0x00000000 x18:0x00000000 x20=0xfffffd56
     125005.000 ns	     12499	80002d08	88884e93	xori	x29,x16,-1912	 x16:0xfffffffd x29=0x00000775
     125025.000 ns	     12501	80002d0c	291995d3	fmax.s	f11,f19,f17	 f19:0x00000000 f17:0x7fc00000 f11=0x00000000
     125045.000 ns	     12503	80002d10	007874b3	and	x9,x16,x7	 x16:0xfffffffd  x7:0x00000000  x9=0x00000000
     125065.000 ns	     12505	80002d14	02b0f5b3	remu	x11,x1,x11	  x1:0x00000200 x11:0x00000000 x11=0x00000200
     125095.000 ns	     12508	80002d18	203f2053	fsgnjx.s	f0,f30,f3	 f30:0x4effffff  f3:0x00000000  f0=0x4effffff
     125115.000 ns	     12510	80002d1c	0152e2b3	or	x5,x5,x21	  x5:0x7ffffffd x21:0x00000000  x5=0x7ffffffd
     125135.000 ns	     12512	80002d20	f00e0053	fmv.w.x	f0,x28	 x28:0x80041024  f0=0x80041024
     125155.000 ns	     12514	80002d24	41c45b33	sra	x22,x8,x28	  x8:0xffffffff x28:0x80041024 x22=0xffffffff
     125165.000 ns	     12515	80002d28	40de8033	sub	x0,x29,x13	 x29:0x00000775 x13:0x00000000
     125185.000 ns	     12517	80002d2c	28a70c53	fmin.s	f24,f14,f10	 f14:0xcefbb6f5 f10:0x80000000 f24=0xcefbb6f5
     125205.000 ns	     12519	80002d30	6df69397	auipc	x7,0x6df69	  x7=0xedf6bd30
     125225.000 ns	     12521	80002d34	03ad2633	mulhsu	x12,x26,x26	 x26:0x00000000 x26:0x00000000 x12=0x00000000
     125265.000 ns	     12525	80002d38	10a57153	fmul.s	f2,f10,f10	 f10:0x80000000 f10:0x80000000  f2=0x00000000
     125295.000 ns	     12528	80002d3c	299c9cd3	fmax.s	f25,f25,f25	 f25:0x00000000 f25:0x00000000 f25=0x00000000
     125325.000 ns	     12531	80002d40	a06299d3	flt.s	x19,f5,f6	  f5:0x80000000  f6:0x00000000 x19=0x00000000
     125355.000 ns	     12534	80002d44	a1670553	fle.s	x10,f14,f22	 f14:0xcefbb6f5 f22:0x00000000 x10=0x00000001
     125385.000 ns	     12537	80002d48	d00ef2d3	fcvt.s.w	f5,x29	 x29:0x00000775  f5=0x44eea000
     125405.000 ns	     12539	80002d4c	01544a33	xor	x20,x8,x21	  x8:0xffffffff x21:0x00000000 x20=0xffffffff
     125415.000 ns	     12540	80002d50	0140f933	and	x18,x1,x20	  x1:0x00000200 x20:0xfffffd56 x18=0x00000200
     125425.000 ns	     12541	80002d54	40130033	sub	x0,x6,x1	  x6:0xffffffff  x1:0x00000200
     125435.000 ns	     12542	80002d58	013b5913	srli	x18,x22,0x13	 x22:0xffffffff x18=0x00001fff
     125445.000 ns	     12543	80002d5c	3980ef13	ori	x30,x1,920	  x1:0x00000200 x30=0x00000398
     125455.000 ns	     12544	80002d60	b799f513	andi	x10,x19,-1159	 x19:0x00000000 x10=0x00000000
     125465.000 ns	     12545	80002d64	009432b3	sltu	x5,x8,x9	  x8:0xffffffff  x9:0x00000000  x5=0x00000000
     125475.000 ns	     12546	80002d68	00000013	addi	x0,x0,0	  x0:0x00000000
     125485.000 ns	     12547	80002d6c	41f75cb3	sra	x25,x14,x31	 x14:0xffffffff x31:0x000000c1 x25=0xffffffff
     125495.000 ns	     12548	80002d70	412b8333	sub	x6,x23,x18	 x23:0x80040fe4 x18:0x00001fff  x6=0x8003efe5
     125505.000 ns	     12549	80002d74	f2d38313	addi	x6,x7,-211	  x7:0xedf6bd30  x6=0xedf6bc5d
     125515.000 ns	     12550	80002d78	05ca6993	ori	x19,x20,92	 x20:0xffffffff x19=0xffffffff
     125545.000 ns	     12553	80002d7c	18c079d3	fdiv.s	f19,f0,f12	  f0:0x80041024 f12:0x7fc00000 f19=0x7fc00000
     125585.000 ns	     12557	80002d80	5807fc53	fsqrt.s	f24,f15	 f15:0x00000000 f24=0x00000000
     125605.000 ns	     12559	80002d84	01793cb3	sltu	x25,x18,x23	 x18:0x00001fff x23:0x80040fe4 x25=0x00000001
     125615.000 ns	     12560	80002d88	01a53633	sltu	x12,x10,x26	 x10:0x00000000 x26:0x00000000 x12=0x00000000
     125625.000 ns	     12561	80002d8c	db34a393	slti	x7,x9,-589	  x9:0x00000000  x7=0x00000000
     125645.000 ns	     12563	80002d90	d00a74d3	fcvt.s.w	f9,x20	 x20:0xffffffff  f9=0xbf800000
     125665.000 ns	     12565	80002d94	00a985b3	add	x11,x19,x10	 x19:0xffffffff x10:0x00000000 x11=0xffffffff
     125675.000 ns	     12566	80002d98	00e04133	xor	x2,x0,x14	  x0:0x00000000 x14:0xffffffff  x2=0xffffffff
     125695.000 ns	     12568	80002d9c	034f0d33	mul	x26,x30,x20	 x30:0x00000398 x20:0xffffffff x26=0xfffffc68
     125725.000 ns	     12571	80002da0	0275f6b3	remu	x13,x11,x7	 x11:0xffffffff  x7:0x00000000 x13=0xffffffff
     125745.000 ns	     12573	80002da4	3f916713	ori	x14,x2,1017	  x2:0xffffffff x14=0xffffffff
     125755.000 ns	     12574	80002da8	30652c93	slti	x25,x10,774	 x10:0x00000000 x25=0x00000001
     125765.000 ns	     12575	80002dac	007cfeb3	and	x29,x25,x7	 x25:0x00000001  x7:0x00000000 x29=0x00000000
     125785.000 ns	     12577	80002db0	02e7a5b3	mulhsu	x11,x15,x14	 x15:0x04490a1a x14:0xffffffff x11=0x04490a19
     125815.000 ns	     12580	80002db4	d005f653	fcvt.s.w	f12,x11	 x11:0xffffffff f12=0x4c892143
     125835.000 ns	     12582	80002db8	40838c93	addi	x25,x7,1032	  x7:0x00000000 x25=0x00000408
     125845.000 ns	     12583	80002dbc	d0fa6013	ori	x0,x20,-753	 x20:0xffffffff
     125855.000 ns	     12584	80002dc0	87f52793	slti	x15,x10,-1921	 x10:0x00000000 x15=0x00000000
     125865.000 ns	     12585	80002dc4	40a05433	sra	x8,x0,x10	  x0:0x00000000 x10:0x00000000  x8=0x00000000
     125875.000 ns	     12586	80002dc8	01621393	slli	x7,x4,0x16	  x4:0x8224850d  x7=0x43400000
     126235.000 ns	     12622	80002dcc	03004433	div	x8,x0,x16	  x0:0x00000000 x16:0xfffffffd  x8=0x00000000
     126265.000 ns	     12625	80002dd0	20a0a353	fsgnjx.s	f6,f1,f10	  f1:0x00000000 f10:0x80000000  f6=0x80000000
     126295.000 ns	     12628	80002dd4	20ea9bd3	fsgnjn.s	f23,f21,f14	 f21:0x7fc00000 f14:0xcefbb6f5 f23=0x7fc00000
     126315.000 ns	     12630	80002dd8	0f27d337	lui	x6,0xf27d	  x6=0x0f27d000
     126355.000 ns	     12634	80002ddc	088627d3	fsub.s	f15,f12,f8	 f12:0x4c892143  f8:0x00000000 f15=0x4c892143
     126375.000 ns	     12636	80002de0	6905e493	ori	x9,x11,1680	 x11:0x04490a19  x9=0x04490e99
     126385.000 ns	     12637	80002de4	40e580b3	sub	x1,x11,x14	 x11:0x04490a19 x14:0xffffffff  x1=0x04490a1a
     126425.000 ns	     12641	80002de8	00eb86d3	fadd.s	f13,f23,f14	 f23:0x7fc00000 f14:0xcefbb6f5 f13=0x7fc00000
     126445.000 ns	     12643	80002dec	c2488f93	addi	x31,x17,-988	 x17:0x00000000 x31=0xfffffc24
     126455.000 ns	     12644	80002df0	01ff07b3	add	x15,x30,x31	 x30:0x00000398 x31:0x000000c1 x15=0xffffffbc
     126465.000 ns	     12645	80002df4	017e5ab3	srl	x21,x28,x23	 x28:0x80041024 x23:0x80040fe4 x21=0x08004102
     126475.000 ns	     12646	80002df8	01ef2633	slt	x12,x30,x30	 x30:0x00000398 x30:0x00000398 x12=0x00000000
     126485.000 ns	     12647	80002dfc	00000013	addi	x0,x0,0	  x0:0x00000000
     126495.000 ns	     12648	80002e00	007213b3	sll	x7,x4,x7	  x4:0x8224850d  x7:0x43400000  x7=0x8224850d
     126505.000 ns	     12649	80002e04	61560393	addi	x7,x12,1557	 x12:0x00000000  x7=0x00000615
     126525.000 ns	     12651	80002e08	292e1bd3	fmax.s	f23,f28,f18	 f28:0x7fc00000 f18:0x00000000 f23=0x00000000
     126555.000 ns	     12654	80002e0c	d00598d3	fcvt.s.w	f17,x11	 x11:0x04490a19 f17=0x4c892143
     126925.000 ns	     12691	80002e10	02e7f933	remu	x18,x15,x14	 x15:0xffffffbc x14:0xffffffff x18=0xffffffbc
     126945.000 ns	     12693	80002e14	4625b793	sltiu	x15,x11,1122	 x11:0x04490a19 x15=0x00000000
     126955.000 ns	     12694	80002e18	0093dd13	srli	x26,x7,0x9	  x7:0x00000615 x26=0x00000003
     126975.000 ns	     12696	80002e1c	20f31f53	fsgnjn.s	f30,f6,f15	  f6:0x80000000 f15:0x4c892143 f30=0x80000000
     127015.000 ns	     12700	80002e20	10a97553	fmul.s	f10,f18,f10	 f18:0x00000000 f10:0x80000000 f10=0x80000000
     127045.000 ns	     12703	80002e24	20862753	fsgnjx.s	f14,f12,f8	 f12:0x4c892143  f8:0x00000000 f14=0x4c892143
     127075.000 ns	     12706	80002e28	20030153	fsgnj.s	f2,f6,f0	  f6:0x80000000  f0:0x80041024  f2=0x80000000
     127105.000 ns	     12709	80002e2c	21128853	fsgnj.s	f16,f5,f17	  f5:0x44eea000 f17:0x4c892143 f16=0x44eea000
     127125.000 ns	     12711	80002e30	01c59f13	slli	x30,x11,0x1c	 x11:0x04490a19 x30=0x90000000
     127485.000 ns	     12747	80002e34	0392d033	divu	x0,x5,x25	  x5:0x00000000 x25:0x00000408
     127505.000 ns	     12749	80002e38	26d36013	ori	x0,x6,621	  x6:0x0f27d000
     127535.000 ns	     12752	80002e3c	5801fa53	fsqrt.s	f20,f3	  f3:0x00000000 f20=0x00000000
     127565.000 ns	     12755	80002e40	0347a2b3	mulhsu	x5,x15,x20	 x15:0x00000000 x20:0xffffffff  x5=0x00000000
     127585.000 ns	     12757	80002e44	01f05a93	srli	x21,x0,0x1f	  x0:0x00000000 x21=0x00000000
     127605.000 ns	     12759	80002e48	e0051ad3	fclass.s	x21,f10	 f10:0x80000000 x21=0x00000008
     127655.000 ns	     12764	80002e4c	08ddfdd3	fsub.s	f27,f27,f13	 f27:0x00000000 f13:0x7fc00000 f27=0x7fc00000
     127675.000 ns	     12766	80002e50	409106b3	sub	x13,x2,x9	  x2:0xffffffff  x9:0x04490e99 x13=0xfbb6f166
     127695.000 ns	     12768	80002e54	a11003d3	fle.s	x7,f0,f17	  f0:0x80041024 f17:0x4c892143  x7=0x00000001
     127715.000 ns	     12770	80002e58	01431113	slli	x2,x6,0x14	  x6:0x0f27d000  x2=0x00000000
     127735.000 ns	     12772	80002e5c	20820ed3	fsgnj.s	f29,f4,f8	  f4:0x00000001  f8:0x00000000 f29=0x00000001
     128105.000 ns	     12809	80002e60	02485f33	divu	x30,x16,x4	 x16:0xfffffffd  x4:0x8224850d x30=0x00000001
     128145.000 ns	     12813	80002e64	117f70d3	fmul.s	f1,f30,f23	 f30:0x80000000 f23:0x00000000  f1=0x80000000
     128165.000 ns	     12815	80002e68	62b82397	auipc	x7,0x62b82	  x7=0xe2b84e68
     128175.000 ns	     12816	80002e6c	00f6b4b3	sltu	x9,x13,x15	 x13:0xfbb6f166 x15:0x00000000  x9=0x00000000
     128195.000 ns	     12818	80002e70	28890a53	fmin.s	f20,f18,f8	 f18:0x00000000  f8:0x00000000 f20=0x00000000
     128565.000 ns	     12855	80002e74	02d9c7b3	div	x15,x19,x13	 x19:0xffffffff x13:0xfbb6f166 x15=0x00000000
     128595.000 ns	     12858	80002e78	a16f2a53	feq.s	x20,f30,f22	 f30:0x80000000 f22:0x00000000 x20=0x00000001
     128625.000 ns	     12861	80002e7c	291b91d3	fmax.s	f3,f23,f17	 f23:0x00000000 f17:0x4c892143  f3=0x4c892143
     128655.000 ns	     12864	80002e80	029ad8b3	divu	x17,x21,x9	 x21:0x00000008  x9:0x00000000 x17=0xffffffff
     128675.000 ns	     12866	80002e84	00334733	xor	x14,x6,x3	  x6:0x0f27d000  x3:0xfffffd56 x14=0xf0d82d56
     128685.000 ns	     12867	80002e88	00411313	slli	x6,x2,0x4	  x2:0x00000000  x6=0x00000000
     128695.000 ns	     12868	80002e8c	01ea20b3	slt	x1,x20,x30	 x20:0x00000001 x30:0x00000001  x1=0x00000000
     128705.000 ns	     12869	80002e90	019e3733	sltu	x14,x28,x25	 x28:0x80041024 x25:0x00000408 x14=0x00000000
     128725.000 ns	     12871	80002e94	c01ea6d3	fcvt.wu.s	x13,f29	 f29:0x00000001 x13=0x00000000
     128745.000 ns	     12873	80002e98	17e10313	addi	x6,x2,382	  x2:0x00000000  x6=0x0000017e
     128755.000 ns	     12874	80002e9c	403b0a33	sub	x20,x22,x3	 x22:0xffffffff  x3:0xfffffd56 x20=0x000002a9
     128765.000 ns	     12875	80002ea0	a2afe993	ori	x19,x31,-1494	 x31:0xfffffc24 x19=0xfffffe2e
     128775.000 ns	     12876	80002ea4	405bd393	srai	x7,x23,0x5	 x23:0x80040fe4  x7=0xfc00207f
     128795.000 ns	     12878	80002ea8	036d23b3	mulhsu	x7,x26,x22	 x26:0x00000003 x22:0xffffffff  x7=0x00000002
     128815.000 ns	     12880	80002eac	01bf60b3	or	x1,x30,x27	 x30:0x00000001 x27:0xf1936e1b  x1=0xf1936e1b
     128855.000 ns	     12884	80002eb0	006bfe53	fadd.s	f28,f23,f6	 f23:0x00000000  f6:0x80000000 f28=0x80000000
     128905.000 ns	     12889	80002eb4	09c8aed3	fsub.s	f29,f17,f28	 f17:0x4c892143 f28:0x7fc00000 f29=0x4c892143
     128925.000 ns	     12891	80002eb8	00000013	addi	x0,x0,0	  x0:0x00000000
     128935.000 ns	     12892	80002ebc	732f3213	sltiu	x4,x30,1842	 x30:0x00000001  x4=0x00000001
     128955.000 ns	     12894	80002ec0	28058753	fmin.s	f14,f11,f0	 f11:0x00000000  f0:0x80041024 f14=0x80041024
     128975.000 ns	     12896	80002ec4	9810aa13	slti	x20,x1,-1663	  x1:0xf1936e1b x20=0x00000001
     128985.000 ns	     12897	80002ec8	d4143c37	lui	x24,0xd4143	 x24=0xd4143000
     129015.000 ns	     12900	80002ecc	118846d3	fmul.s	f13,f16,f24	 f16:0x44eea000 f24:0x00000000 f13=0x00000000
     129065.000 ns	     12905	80002ed0	08067153	fsub.s	f2,f12,f0	 f12:0x4c892143  f0:0x80041024  f2=0x4c892143
     129095.000 ns	     12908	80002ed4	a1dea8d3	feq.s	x17,f29,f29	 f29:0x4c892143 f29:0x4c892143 x17=0x00000001
     129465.000 ns	     12945	80002ed8	03a1c8b3	div	x17,x3,x26	  x3:0xfffffd56 x26:0x00000003 x17=0xffffff1d
     129485.000 ns	     12947	80002edc	00b92633	slt	x12,x18,x11	 x18:0xffffffbc x11:0x04490a19 x12=0x00000001
     129845.000 ns	     12983	80002ee0	0317dc33	divu	x24,x15,x17	 x15:0x00000000 x17:0xffffff1d x24=0x00000000
     129865.000 ns	     12985	80002ee4	004bc8b3	xor	x17,x23,x4	 x23:0x80040fe4  x4:0x00000001 x17=0x80040fe5
     129875.000 ns	     12986	80002ee8	6864e993	ori	x19,x9,1670	  x9:0x00000000 x19=0x00000686
     129895.000 ns	     12988	80002eec	0257d9b3	divu	x19,x15,x5	 x15:0x00000000  x5:0x00000000 x19=0xffffffff
     129925.000 ns	     12991	80002ef0	028764b3	rem	x9,x14,x8	 x14:0x00000000  x8:0x00000000  x9=0x00000000
     129955.000 ns	     12994	80002ef4	c01c2453	fcvt.wu.s	x8,f24	 f24:0x00000000  x8=0x00000000
     129975.000 ns	     12996	80002ef8	40d6d293	srai	x5,x13,0xd	 x13:0x00000000  x5=0x00000000
     129995.000 ns	     12998	80002efc	21861d53	fsgnjn.s	f26,f12,f24	 f12:0x4c892143 f24:0x00000000 f26=0xcc892143
     130025.000 ns	     13001	80002f00	d01da6d3	fcvt.s.wu	f13,x27	 x27:0xf1936e1b f13=0x4f71936f
     130055.000 ns	     13004	80002f04	20781c53	fsgnjn.s	f24,f16,f7	 f16:0x44eea000  f7:0x7fc00000 f24=0xc4eea000
     130425.000 ns	     13041	80002f08	02bd5733	divu	x14,x26,x11	 x26:0x00000003 x11:0x04490a19 x14=0x00000000
     130445.000 ns	     13043	80002f0c	418d86b3	sub	x13,x27,x24	 x27:0xf1936e1b x24:0x00000000 x13=0xf1936e1b
     130465.000 ns	     13045	80002f10	d01c7a53	fcvt.s.wu	f20,x24	 x24:0x00000000 f20=0x00000000
     130495.000 ns	     13048	80002f14	a1061cd3	flt.s	x25,f12,f16	 f12:0x4c892143 f16:0x44eea000 x25=0x00000000
     130515.000 ns	     13050	80002f18	00000013	addi	x0,x0,0	  x0:0x00000000
     130525.000 ns	     13051	80002f1c	001d22b3	slt	x5,x26,x1	 x26:0x00000003  x1:0xf1936e1b  x5=0x00000000
     130545.000 ns	     13053	80002f20	0240a533	mulhsu	x10,x1,x4	  x1:0xf1936e1b  x4:0x00000001 x10=0xffffffff
     130585.000 ns	     13057	80002f24	19d904d3	fdiv.s	f9,f18,f29	 f18:0x00000000 f29:0x4c892143  f9=0x00000000
     130625.000 ns	     13061	80002f28	197685d3	fdiv.s	f11,f13,f23	 f13:0x4f71936f f23:0x00000000 f11=0x7f800000
     130965.000 ns	     13095	80002f2c	19d07b53	fdiv.s	f22,f0,f29	  f0:0x80041024 f29:0x4c892143 f22=0x80000000
     131335.000 ns	     13132	80002f30	0213e6b3	rem	x13,x7,x1	  x7:0x00000002  x1:0xf1936e1b x13=0x00000002
     131365.000 ns	     13135	80002f34	20d42a53	fsgnjx.s	f20,f8,f13	  f8:0x00000000 f13:0x4f71936f f20=0x00000000
     131395.000 ns	     13138	80002f38	280c97d3	fmax.s	f15,f25,f0	 f25:0x00000000  f0:0x80041024 f15=0x00000000
     131415.000 ns	     13140	80002f3c	4493ae93	slti	x29,x7,1097	  x7:0x00000002 x29=0x00000001
     131445.000 ns	     13143	80002f40	580bf353	fsqrt.s	f6,f23	 f23:0x00000000  f6=0x00000000
     131465.000 ns	     13145	80002f44	4086d313	srai	x6,x13,0x8	 x13:0x00000002  x6=0x00000000
     131825.000 ns	     13181	80002f48	033d52b3	divu	x5,x26,x19	 x26:0x00000003 x19:0xffffffff  x5=0x00000000
     131855.000 ns	     13184	80002f4c	d014fd53	fcvt.s.wu	f26,x9	  x9:0x00000000 f26=0x00000000
     131885.000 ns	     13187	80002f50	c011b8d3	fcvt.wu.s	x17,f3	  f3:0x4c892143 x17=0x04490a18
     131915.000 ns	     13190	80002f54	d01e2353	fcvt.s.wu	f6,x28	 x28:0x80041024  f6=0x4f000411
     131945.000 ns	     13193	80002f58	21732853	fsgnjx.s	f16,f6,f23	  f6:0x00000000 f23:0x00000000 f16=0x4f000411
     131965.000 ns	     13195	80002f5c	00000013	addi	x0,x0,0	  x0:0x00000000
     131975.000 ns	     13196	80002f60	019ff333	and	x6,x31,x25	 x31:0xfffffc24 x25:0x00000000  x6=0x00000000
     131985.000 ns	     13197	80002f64	01101013	slli	x0,x0,0x11	  x0:0x00000000
     132005.000 ns	     13199	80002f68	298b1253	fmax.s	f4,f22,f24	 f22:0x80000000 f24:0xc4eea000  f4=0x80000000
     132055.000 ns	     13204	80002f6c	00ba88d3	fadd.s	f17,f21,f11	 f21:0x7fc00000 f11:0x7f800000 f17=0x7fc00000
     132075.000 ns	     13206	80002f70	5c93b997	auipc	x19,0x5c93b	 x19=0xdc93df70
     132085.000 ns	     13207	80002f74	01879fb3	sll	x31,x15,x24	 x15:0x00000000 x24:0x00000000 x31=0x00000000
     132105.000 ns	     13209	80002f78	20bca053	fsgnjx.s	f0,f25,f11	 f25:0x00000000 f11:0x7f800000  f0=0x00000000
     132135.000 ns	     13212	80002f7c	029793b3	mulh	x7,x15,x9	 x15:0x00000000  x9:0x00000000  x7=0x00000000
     132165.000 ns	     13215	80002f80	03cb8333	mul	x6,x23,x28	 x23:0x80040fe4 x28:0x80041024  x6=0x81207c10
     132195.000 ns	     13218	80002f84	20f30953	fsgnj.s	f18,f6,f15	  f6:0x4f000411 f15:0x00000000 f18=0x4f000411
     132225.000 ns	     13221	80002f88	02761f33	mulh	x30,x12,x7	 x12:0x00000001  x7:0x00000000 x30=0x00000000
     132255.000 ns	     13224	80002f8c	a0ca1ed3	flt.s	x29,f20,f12	 f20:0x00000000 f12:0x4c892143 x29=0x00000001
     132285.000 ns	     13227	80002f90	a12103d3	fle.s	x7,f2,f18	  f2:0x4c892143 f18:0x4f000411  x7=0x00000001
     132315.000 ns	     13230	80002f94	e00d0ad3	fmv.x.w	x21,f26	 f26:0x00000000 x21=0x00000000
     132685.000 ns	     13267	80002f98	03c56733	rem	x14,x10,x28	 x10:0xffffffff x28:0x80041024 x14=0xffffffff
     132705.000 ns	     13269	80002f9c	3ac68293	addi	x5,x13,940	 x13:0x00000002  x5=0x000003ae
     132725.000 ns	     13271	80002fa0	d01e20d3	fcvt.s.wu	f1,x28	 x28:0x80041024  f1=0x4f000411
     132755.000 ns	     13274	80002fa4	21089253	fsgnjn.s	f4,f17,f16	 f17:0x7fc00000 f16:0x4f000411  f4=0xffc00000
     132785.000 ns	     13277	80002fa8	216996d3	fsgnjn.s	f13,f19,f22	 f19:0x7fc00000 f22:0x80000000 f13=0x7fc00000
     132815.000 ns	     13280	80002fac	215f27d3	fsgnjx.s	f15,f30,f21	 f30:0x80000000 f21:0x7fc00000 f15=0x80000000
     132845.000 ns	     13283	80002fb0	d01b3e53	fcvt.s.wu	f28,x22	 x22:0xffffffff f28=0x4f800000
     133215.000 ns	     13320	80002fb4	02a76433	rem	x8,x14,x10	 x14:0xffffffff x10:0xffffffff  x8=0x00000000
     133235.000 ns	     13322	80002fb8	f8229d37	lui	x26,0xf8229	 x26=0xf8229000
     133595.000 ns	     13358	80002fbc	02d77433	remu	x8,x14,x13	 x14:0xffffffff x13:0x00000002  x8=0x00000001
     133615.000 ns	     13360	80002fc0	01f56233	or	x4,x10,x31	 x10:0xffffffff x31:0x00000000  x4=0xffffffff
     133635.000 ns	     13362	80002fc4	20829d53	fsgnjn.s	f26,f5,f8	  f5:0x44eea000  f8:0x00000000 f26=0xc4eea000
     133655.000 ns	     13364	80002fc8	52b24413	xori	x8,x4,1323	  x4:0x00000001  x8=0xfffffad4
     133685.000 ns	     13367	80002fcc	1093f9d3	fmul.s	f19,f7,f9	  f7:0x7fc00000  f9:0x00000000 f19=0x7fc00000
     133715.000 ns	     13370	80002fd0	f00680d3	fmv.w.x	f1,x13	 x13:0x00000002  f1=0x00000002
     133735.000 ns	     13372	80002fd4	01399193	slli	x3,x19,0x13	 x19:0xdc93df70  x3=0xfb800000
     133755.000 ns	     13374	80002fd8	f0000dd3	fmv.w.x	f27,x0	  x0:0x00000000 f27=0x00000000
     133775.000 ns	     13376	80002fdc	015eceb3	xor	x29,x29,x21	 x29:0x00000001 x21:0x00000000 x29=0x00000001
     133785.000 ns	     13377	80002fe0	00fea333	slt	x6,x29,x15	 x29:0x00000001 x15:0x00000000  x6=0x00000000
     133805.000 ns	     13379	80002fe4	039ba133	mulhsu	x2,x23,x25	 x23:0x80040fe4 x25:0x00000000  x2=0x00000000
     133825.000 ns	     13381	80002fe8	8c3ee213	ori	x4,x29,-1853	 x29:0x00000001  x4=0xfffff8c3
     133845.000 ns	     13383	80002fec	209c17d3	fsgnjn.s	f15,f24,f9	 f24:0xc4eea000  f9:0x00000000 f15=0xc4eea000
     133875.000 ns	     13386	80002ff0	d00db8d3	fcvt.s.w	f17,x27	 x27:0xf1936e1b f17=0xcd66c91f
     133905.000 ns	     13389	80002ff4	28998b53	fmin.s	f22,f19,f9	 f19:0x7fc00000  f9:0x00000000 f22=0x00000000
     133925.000 ns	     13391	80002ff8	98cde313	ori	x6,x27,-1652	 x27:0xf1936e1b  x6=0xffffff9f
     133935.000 ns	     13392	80002ffc	2b39a193	slti	x3,x19,691	 x19:0xdc93df70  x3=0x00000001
     133955.000 ns	     13394	80003000	03f168b3	rem	x17,x2,x31	  x2:0x00000000 x31:0x00000000 x17=0x00000000
     133975.000 ns	     13396	80003004	b5dc3893	sltiu	x17,x24,-1187	 x24:0x00000000 x17=0x00000001
     133985.000 ns	     13397	80003008	00e74f33	xor	x30,x14,x14	 x14:0xffffffff x14:0xffffffff x30=0x00000000
     134005.000 ns	     13399	8000300c	d0137053	fcvt.s.wu	f0,x6	  x6:0xffffff9f  f0=0x4f7fffff
     134035.000 ns	     13402	80003010	e0039fd3	fclass.s	x31,f7	  f7:0x7fc00000 x31=0x00000200
     134405.000 ns	     13439	80003014	03d5fd33	remu	x26,x11,x29	 x11:0x04490a19 x29:0x00000001 x26=0x00000000
     134455.000 ns	     13444	80003018	094181d3	fsub.s	f3,f3,f20	  f3:0x4c892143 f20:0x00000000  f3=0x4c892143
     134475.000 ns	     13446	8000301c	a324a113	slti	x2,x9,-1486	  x9:0x00000000  x2=0x00000000
     134485.000 ns	     13447	80003020	015b05b3	add	x11,x22,x21	 x22:0xffffffff x21:0x00000000 x11=0xffffffff
     134515.000 ns	     13450	80003024	1024fd53	fmul.s	f26,f9,f2	  f9:0x00000000  f2:0x4c892143 f26=0x00000000
     134535.000 ns	     13452	80003028	01ef9b13	slli	x22,x31,0x1e	 x31:0x00000200 x22=0x00000000
     134555.000 ns	     13454	8000302c	f00a8253	fmv.w.x	f4,x21	 x21:0x00000000  f4=0x00000000
     134585.000 ns	     13457	80003030	035f74b3	remu	x9,x30,x21	 x30:0x00000000 x21:0x00000000  x9=0x00000000
     134605.000 ns	     13459	80003034	8cd53613	sltiu	x12,x10,-1843	 x10:0xffffffff x12=0x00000000
     134615.000 ns	     13460	80003038	405f8d33	sub	x26,x31,x5	 x31:0x00000200  x5:0x000003ae x26=0xfffffe52
     134635.000 ns	     13462	8000303c	d0057d53	fcvt.s.w	f26,x10	 x10:0xffffffff f26=0xbf800000
     134655.000 ns	     13464	80003040	40695eb3	sra	x29,x18,x6	 x18:0xffffffbc  x6:0xffffff9f x29=0xffffffff
     134665.000 ns	     13465	80003044	0077fa33	and	x20,x15,x7	 x15:0x00000000  x7:0x00000001 x20=0x00000000
     134695.000 ns	     13468	80003048	192bab53	fdiv.s	f22,f23,f18	 f23:0x00000000 f18:0x4f000411 f22=0x00000000
     134715.000 ns	     13470	8000304c	01228cb3	add	x25,x5,x18	  x5:0x000003ae x18:0xffffffbc x25=0x0000036a
     134725.000 ns	     13471	80003050	55b20a13	addi	x20,x4,1371	  x4:0xfffff8c3 x20=0xfffffe1e
     134735.000 ns	     13472	80003054	7a7ba113	slti	x2,x23,1959	 x23:0x80040fe4  x2=0x00000001
     134745.000 ns	     13473	80003058	0070d713	srli	x14,x1,0x7	  x1:0xf1936e1b x14=0x01e326dc
     134775.000 ns	     13476	8000305c	580cfcd3	fsqrt.s	f25,f25	 f25:0x00000000 f25=0x00000000
     134805.000 ns	     13479	80003060	02e185b3	mul	x11,x3,x14	  x3:0x00000001 x14:0xffffffff x11=0x01e326dc
     134835.000 ns	     13482	80003064	a0829b53	flt.s	x22,f5,f8	  f5:0x44eea000  f8:0x00000000 x22=0x00000000
     134855.000 ns	     13484	80003068	6dda4513	xori	x10,x20,1757	 x20:0xfffffe1e x10=0xfffff8c3
     134865.000 ns	     13485	8000306c	00c5d133	srl	x2,x11,x12	 x11:0x01e326dc x12:0x00000000  x2=0x01e326dc
     134875.000 ns	     13486	80003070	cd4c8a13	addi	x20,x25,-812	 x25:0x0000036a x20=0x0000003e
     134885.000 ns	     13487	80003074	0062d513	srli	x10,x5,0x6	  x5:0x000003ae x10=0x0000000e
     134915.000 ns	     13490	80003078	580cf9d3	fsqrt.s	f19,f25	 f25:0x00000000 f19=0x00000000
     134945.000 ns	     13493	8000307c	e0089fd3	fclass.s	x31,f17	 f17:0xcd66c91f x31=0x00000002
     134995.000 ns	     13498	80003080	01871a53	fadd.s	f20,f14,f24	 f14:0x80041024 f24:0xc4eea000 f20=0xc4eea000
     135015.000 ns	     13500	80003084	005ed2b3	srl	x5,x29,x5	 x29:0xffffffff  x5:0x000003ae  x5=0x0003ffff
     135025.000 ns	     13501	80003088	411b8033	sub	x0,x23,x17	 x23:0x80040fe4 x17:0x00000001
     135035.000 ns	     13502	8000308c	e462a813	slti	x16,x5,-442	  x5:0x000003ae x16=0x00000000
     135045.000 ns	     13503	80003090	009c00b3	add	x1,x24,x9	 x24:0x00000000  x9:0x00000000  x1=0x00000000
     135055.000 ns	     13504	80003094	008d2eb3	slt	x29,x26,x8	 x26:0xfffffe52  x8:0xfffffad4 x29=0x00000000
     135065.000 ns	     13505	80003098	014f2233	slt	x4,x30,x20	 x30:0x00000000 x20:0x0000003e  x4=0x00000001
     135425.000 ns	     13541	8000309c	0347f3b3	remu	x7,x15,x20	 x15:0x00000000 x20:0x0000003e  x7=0x00000000
     135475.000 ns	     13546	800030a0	014cae53	fadd.s	f28,f25,f20	 f25:0x00000000 f20:0xc4eea000 f28=0xc4eea000
     135495.000 ns	     13548	800030a4	88ab2a93	slti	x21,x22,-1910	 x22:0x00000000 x21=0x00000000
     136665.000 ns	     13665	800030a8	580efd53	fsqrt.s	f26,f29	 f29:0x4c892143 f26=0x46047c4f
     136685.000 ns	     13667	800030ac	00e3e0b3	or	x1,x7,x14	  x7:0x00000000 x14:0x01e326dc  x1=0x01e326dc
     136705.000 ns	     13669	800030b0	f00e81d3	fmv.w.x	f3,x29	 x29:0x00000000  f3=0x00000000
     136735.000 ns	     13672	800030b4	c01efad3	fcvt.wu.s	x21,f29	 f29:0x4c892143 x21=0x04490a18
     136765.000 ns	     13675	800030b8	e0068753	fmv.x.w	x14,f13	 f13:0x7fc00000 x14=0x7fc00000
     136795.000 ns	     13678	800030bc	21fa07d3	fsgnj.s	f15,f20,f31	 f20:0xc4eea000 f31:0x7fc00000 f15=0x44eea000
     136825.000 ns	     13681	800030c0	03e3ad33	mulhsu	x26,x7,x30	  x7:0x00000000 x30:0x00000000 x26=0x00000000
     136855.000 ns	     13684	800030c4	020687b3	mul	x15,x13,x0	 x13:0x00000002  x0:0x00000000 x15=0x00000000
     136875.000 ns	     13686	800030c8	005cfeb3	and	x29,x25,x5	 x25:0x0000036a  x5:0x0003ffff x29=0x0000036a
     136885.000 ns	     13687	800030cc	0043b9b3	sltu	x19,x7,x4	  x7:0x00000000  x4:0x00000001 x19=0x00000001
     136905.000 ns	     13689	800030d0	20809153	fsgnjn.s	f2,f1,f8	  f1:0x00000002  f8:0x00000000  f2=0x80000002
     136935.000 ns	     13692	800030d4	03a73b33	mulhu	x22,x14,x26	 x14:0x7fc00000 x26:0x00000000 x22=0x00000000
     136955.000 ns	     13694	800030d8	90828313	addi	x6,x5,-1784	  x5:0x0003ffff  x6=0x0003f907
     136965.000 ns	     13695	800030dc	00000013	addi	x0,x0,0	  x0:0x00000000
     137295.000 ns	     13728	800030e0	18cc74d3	fdiv.s	f9,f24,f12	 f24:0xc4eea000 f12:0x4c892143  f9=0xb76ea000
     137325.000 ns	     13731	800030e4	03750633	mul	x12,x10,x23	 x10:0x0000000e x23:0x80040fe4 x12=0x0038de78
     137345.000 ns	     13733	800030e8	001c95b3	sll	x11,x25,x1	 x25:0x0000036a  x1:0x01e326dc x11=0xa0000000
     137365.000 ns	     13735	800030ec	d0087c53	fcvt.s.w	f24,x16	 x16:0x00000000 f24=0x00000000
     137385.000 ns	     13737	800030f0	004f0b33	add	x22,x30,x4	 x30:0x00000000  x4:0x00000001 x22=0x00000001
     137405.000 ns	     13739	800030f4	d00f09d3	fcvt.s.w	f19,x30	 x30:0x00000000 f19=0x00000000
     137435.000 ns	     13742	800030f8	213ca0d3	fsgnjx.s	f1,f25,f19	 f25:0x00000000 f19:0x00000000  f1=0x00000000
     137455.000 ns	     13744	800030fc	db166993	ori	x19,x12,-591	 x12:0x0038de78 x19=0xfffffff9
     137815.000 ns	     13780	80003100	03ca5933	divu	x18,x20,x28	 x20:0x0000003e x28:0x80041024 x18=0x00000000
     137845.000 ns	     13783	80003104	031b1eb3	mulh	x29,x22,x17	 x22:0x00000001 x17:0x00000001 x29=0x00000000
     137865.000 ns	     13785	80003108	b622a293	slti	x5,x5,-1182	  x5:0x0003ffff  x5=0x00000000
     137875.000 ns	     13786	8000310c	40065513	srai	x10,x12,0x0	 x12:0x0038de78 x10=0x0038de78
     137895.000 ns	     13788	80003110	e00f97d3	fclass.s	x15,f31	 f31:0x7fc00000 x15=0x00000200
     137915.000 ns	     13790	80003114	00685993	srli	x19,x16,0x6	 x16:0x00000000 x19=0x00000000
     137935.000 ns	     13792	80003118	e00914d3	fclass.s	x9,f18	 f18:0x4f000411  x9=0x00000040
     137965.000 ns	     13795	8000311c	28639cd3	fmax.s	f25,f7,f6	  f7:0x7fc00000  f6:0x4f000411 f25=0x4f000411
     137985.000 ns	     13797	80003120	00c45933	srl	x18,x8,x12	  x8:0xfffffad4 x12:0x0038de78 x18=0x000000ff
     137995.000 ns	     13798	80003124	c11dd1b7	lui	x3,0xc11dd	  x3=0xc11dd000
     138005.000 ns	     13799	80003128	e6dd8893	addi	x17,x27,-403	 x27:0xf1936e1b x17=0xf1936c88
     138025.000 ns	     13801	8000312c	204d0a53	fsgnj.s	f20,f26,f4	 f26:0x46047c4f  f4:0x00000000 f20=0x46047c4f
     138045.000 ns	     13803	80003130	01ec9b13	slli	x22,x25,0x1e	 x25:0x0000036a x22=0x80000000
     138055.000 ns	     13804	80003134	01d1e8b3	or	x17,x3,x29	  x3:0xc11dd000 x29:0x00000000 x17=0xc11dd000
     138065.000 ns	     13805	80003138	41e88a33	sub	x20,x17,x30	 x17:0xf1936c88 x30:0x00000000 x20=0xc11dd000
     138075.000 ns	     13806	8000313c	01ea3033	sltu	x0,x20,x30	 x20:0x0000003e x30:0x00000000
     138095.000 ns	     13808	80003140	c00075d3	fcvt.w.s	x11,f0	  f0:0x4f7fffff x11=0x7fffffff
     138115.000 ns	     13810	80003144	17fece93	xori	x29,x29,383	 x29:0x00000000 x29=0x0000017f
     138155.000 ns	     13814	80003148	085fa553	fsub.s	f10,f31,f5	 f31:0x7fc00000  f5:0x44eea000 f10=0x7fc00000
     138175.000 ns	     13816	8000314c	410556b3	sra	x13,x10,x16	 x10:0x0038de78 x16:0x00000000 x13=0x0038de78
     138205.000 ns	     13819	80003150	108ffcd3	fmul.s	f25,f31,f8	 f31:0x7fc00000  f8:0x00000000 f25=0x7fc00000
     138235.000 ns	     13822	80003154	20cf02d3	fsgnj.s	f5,f30,f12	 f30:0x80000000 f12:0x4c892143  f5=0x00000000
     138275.000 ns	     13826	80003158	5808a9d3	fsqrt.s	f19,f17	 f17:0xcd66c91f f19=0x7fc00000
     138305.000 ns	     13829	8000315c	a0bb2153	feq.s	x2,f22,f11	 f22:0x00000000 f11:0x7f800000  x2=0x00000000
     138325.000 ns	     13831	80003160	86937a93	andi	x21,x6,-1943	  x6:0x0003f907 x21=0x0003f801
     138345.000 ns	     13833	80003164	037f8f33	mul	x30,x31,x23	 x31:0x00000002 x23:0x80040fe4 x30=0x00081fc8
     138365.000 ns	     13835	80003168	016812b3	sll	x5,x16,x22	 x16:0x00000000 x22:0x80000000  x5=0x00000000
     138375.000 ns	     13836	8000316c	ff42fc93	andi	x25,x5,-12	  x5:0x00000000 x25=0x00000000
     138385.000 ns	     13837	80003170	09f73813	sltiu	x16,x14,159	 x14:0x7fc00000 x16=0x00000000
     138395.000 ns	     13838	80003174	0169dc93	srli	x25,x19,0x16	 x19:0x00000000 x25=0x00000000
     138415.000 ns	     13840	80003178	a1beaa53	feq.s	x20,f29,f27	 f29:0x4c892143 f27:0x00000000 x20=0x00000000
     138435.000 ns	     13842	8000317c	01a11133	sll	x2,x2,x26	  x2:0x00000000 x26:0x00000000  x2=0x00000000
     138445.000 ns	     13843	80003180	00e3f233	and	x4,x7,x14	  x7:0x00000000 x14:0x7fc00000  x4=0x00000000
     138455.000 ns	     13844	80003184	011f4a33	xor	x20,x30,x17	 x30:0x00081fc8 x17:0xc11dd000 x20=0xc115cfc8
     138475.000 ns	     13846	80003188	d010c153	fcvt.s.wu	f2,x1	  x1:0x01e326dc  f2=0x4bf1936e
     138505.000 ns	     13849	8000318c	293100d3	fmin.s	f1,f2,f19	  f2:0x80000002 f19:0x7fc00000  f1=0x4bf1936e
     138535.000 ns	     13852	80003190	02bb2a33	mulhsu	x20,x22,x11	 x22:0x80000000 x11:0x7fffffff x20=0xc0000000
     138555.000 ns	     13854	80003194	00c81f33	sll	x30,x16,x12	 x16:0x00000000 x12:0x0038de78 x30=0x00000000
     138595.000 ns	     13858	80003198	09779b53	fsub.s	f22,f15,f23	 f15:0x44eea000 f23:0x00000000 f22=0x44eea000
     138615.000 ns	     13860	8000319c	4172d6b3	sra	x13,x5,x23	  x5:0x00000000 x23:0x80040fe4 x13=0x00000000
     138625.000 ns	     13861	800031a0	d8ca2793	slti	x15,x20,-628	 x20:0xc0000000 x15=0x00000001
     138635.000 ns	     13862	800031a4	012b5933	srl	x18,x22,x18	 x22:0x80000000 x18:0x000000ff x18=0x00000001
     138655.000 ns	     13864	800031a8	d0119c53	fcvt.s.wu	f24,x3	  x3:0xc11dd000 f24=0x4f411dd0
     138675.000 ns	     13866	800031ac	9ce6c013	xori	x0,x13,-1586	 x13:0x00000000
     138695.000 ns	     13868	800031b0	038ae533	rem	x10,x21,x24	 x21:0x0003f801 x24:0x00000000 x10=0x0003f801
     138715.000 ns	     13870	800031b4	01fa0633	add	x12,x20,x31	 x20:0xc0000000 x31:0x00000002 x12=0xc0000002
     138725.000 ns	     13871	800031b8	44c34713	xori	x14,x6,1100	  x6:0x0003f907 x14=0x0003fd4b
     138735.000 ns	     13872	800031bc	40fed213	srai	x4,x29,0xf	 x29:0x0000017f  x4=0x00000000
     138745.000 ns	     13873	800031c0	c1217413	andi	x8,x2,-1006	  x2:0x00000000  x8=0x00000000
     138775.000 ns	     13876	800031c4	107d74d3	fmul.s	f9,f26,f7	 f26:0x46047c4f  f7:0x7fc00000  f9=0x7fc00000
     138795.000 ns	     13878	800031c8	0084da33	srl	x20,x9,x8	  x9:0x00000040  x8:0xfffffad4 x20=0x00000040
     138805.000 ns	     13879	800031cc	724bef97	auipc	x31,0x724be	 x31=0xf24c11cc
     138815.000 ns	     13880	800031d0	00a82fb3	slt	x31,x16,x10	 x16:0x00000000 x10:0x0003f801 x31=0x00000001
     138835.000 ns	     13882	800031d4	d01b3cd3	fcvt.s.wu	f25,x22	 x22:0x80000000 f25=0x4f000000
     138865.000 ns	     13885	800031d8	20d727d3	fsgnjx.s	f15,f14,f13	 f14:0x80041024 f13:0x7fc00000 f15=0x80041024
     138885.000 ns	     13887	800031dc	00298533	add	x10,x19,x2	 x19:0x00000000  x2:0x00000000 x10=0x00000000
     138915.000 ns	     13890	800031e0	580e7153	fsqrt.s	f2,f28	 f28:0xc4eea000  f2=0x7fc00000
     138935.000 ns	     13892	800031e4	00000013	addi	x0,x0,0	  x0:0x00000000
     138945.000 ns	     13893	800031e8	0056e933	or	x18,x13,x5	 x13:0x00000000  x5:0x00000000 x18=0x00000000
     138955.000 ns	     13894	800031ec	01a01f33	sll	x30,x0,x26	  x0:0x00000000 x26:0x00000000 x30=0x00000000
     138965.000 ns	     13895	800031f0	004f0933	add	x18,x30,x4	 x30:0x00000000  x4:0x00000000 x18=0x00000000
     138995.000 ns	     13898	800031f4	109e7ad3	fmul.s	f21,f28,f9	 f28:0xc4eea000  f9:0x7fc00000 f21=0x7fc00000
     139015.000 ns	     13900	800031f8	01981333	sll	x6,x16,x25	 x16:0x00000000 x25:0x00000000  x6=0x00000000
     139375.000 ns	     13936	800031fc	02c3ec33	rem	x24,x7,x12	  x7:0x00000000 x12:0xc0000002 x24=0x00000000
     139405.000 ns	     13939	80003200	0253f8b3	remu	x17,x7,x5	  x7:0x00000000  x5:0x00000000 x17=0x00000000
     139425.000 ns	     13941	80003204	0163a4b3	slt	x9,x7,x22	  x7:0x00000000 x22:0x80000000  x9=0x00000000
     139445.000 ns	     13943	80003208	d01db153	fcvt.s.wu	f2,x27	 x27:0xf1936e1b  f2=0x4f71936f
     139475.000 ns	     13946	8000320c	a19b82d3	fle.s	x5,f23,f25	 f23:0x00000000 f25:0x4f000000  x5=0x00000001
     139505.000 ns	     13949	80003210	c01b1ad3	fcvt.wu.s	x21,f22	 f22:0x44eea000 x21=0x00000775
     139525.000 ns	     13951	80003214	036fca93	xori	x21,x31,54	 x31:0x00000001 x21=0x00000037
     139535.000 ns	     13952	80003218	01b7b3b3	sltu	x7,x15,x27	 x15:0x00000001 x27:0xf1936e1b  x7=0x00000001
     139575.000 ns	     13956	8000321c	086d73d3	fsub.s	f7,f26,f6	 f26:0x46047c4f  f6:0x4f000411  f7=0xcf0003ef
     139595.000 ns	     13958	80003220	00acd893	srli	x17,x25,0xa	 x25:0x00000000 x17=0x00000000
     139615.000 ns	     13960	80003224	e0010b53	fmv.x.w	x22,f2	  f2:0x4f71936f x22=0x4f71936f
     139655.000 ns	     13964	80003228	580ff4d3	fsqrt.s	f9,f31	 f31:0x7fc00000  f9=0x7fc00000
     139685.000 ns	     13967	8000322c	02da68b3	rem	x17,x20,x13	 x20:0x00000040 x13:0x00000000 x17=0x00000040
     139705.000 ns	     13969	80003230	00aaf4b3	and	x9,x21,x10	 x21:0x00000037 x10:0x00000000  x9=0x00000000
     139715.000 ns	     13970	80003234	014d98b3	sll	x17,x27,x20	 x27:0xf1936e1b x20:0x00000040 x17=0xf1936e1b
     139745.000 ns	     13973	80003238	5803f1d3	fsqrt.s	f3,f7	  f7:0xcf0003ef  f3=0x7fc00000
     139765.000 ns	     13975	8000323c	009f8733	add	x14,x31,x9	 x31:0x00000001  x9:0x00000000 x14=0x00000001
     139775.000 ns	     13976	80003240	018a43b3	xor	x7,x20,x24	 x20:0x00000040 x24:0x00000000  x7=0x00000040
     139785.000 ns	     13977	80003244	4f82cc93	xori	x25,x5,1272	  x5:0x00000001 x25=0x000004f9
     139795.000 ns	     13978	80003248	0063f6b3	and	x13,x7,x6	  x7:0x00000001  x6:0x00000000 x13=0x00000000
     139825.000 ns	     13981	8000324c	195674d3	fdiv.s	f9,f12,f21	 f12:0x4c892143 f21:0x7fc00000  f9=0x7fc00000
     139855.000 ns	     13984	80003250	e00a0a53	fmv.x.w	x20,f20	 f20:0x46047c4f x20=0x46047c4f
     139875.000 ns	     13986	80003254	ffe60393	addi	x7,x12,-2	 x12:0xc0000002  x7=0xc0000000
     139885.000 ns	     13987	80003258	004d5933	srl	x18,x26,x4	 x26:0x00000000  x4:0x00000000 x18=0x00000000
     139915.000 ns	     13990	8000325c	1109f953	fmul.s	f18,f19,f16	 f19:0x7fc00000 f16:0x4f000411 f18=0x7fc00000
     139935.000 ns	     13992	80003260	409357b3	sra	x15,x6,x9	  x6:0x00000000  x9:0x00000000 x15=0x00000000
     140295.000 ns	     14028	80003264	0218ea33	rem	x20,x17,x1	 x17:0xf1936e1b  x1:0x01e326dc x20=0xfec97e1f
     140315.000 ns	     14030	80003268	016cb933	sltu	x18,x25,x22	 x25:0x000004f9 x22:0x4f71936f x18=0x00000001
     140325.000 ns	     14031	8000326c	4027d213	srai	x4,x15,0x2	 x15:0x00000000  x4=0x00000000
     140345.000 ns	     14033	80003270	e0038153	fmv.x.w	x2,f7	  f7:0xcf0003ef  x2=0xcf0003ef
     140375.000 ns	     14036	80003274	218318d3	fsgnjn.s	f17,f6,f24	  f6:0x4f000411 f24:0x4f411dd0 f17=0xcf000411
     140395.000 ns	     14038	80003278	007e5033	srl	x0,x28,x7	 x28:0x80041024  x7:0xc0000000
     140425.000 ns	     14041	8000327c	5805fd53	fsqrt.s	f26,f11	 f11:0x7f800000 f26=0x7f800000
     140445.000 ns	     14043	80003280	055cec13	ori	x24,x25,85	 x25:0x000004f9 x24=0x000004fd
     140465.000 ns	     14045	80003284	20999dd3	fsgnjn.s	f27,f19,f9	 f19:0x7fc00000  f9:0x7fc00000 f27=0xffc00000
     140505.000 ns	     14049	80003288	580908d3	fsqrt.s	f17,f18	 f18:0x7fc00000 f17=0x7fc00000
     140525.000 ns	     14051	8000328c	0076c1b3	xor	x3,x13,x7	 x13:0x00000000  x7:0xc0000000  x3=0xc0000000
     140545.000 ns	     14053	80003290	d0047cd3	fcvt.s.w	f25,x8	  x8:0x00000000 f25=0x00000000
     140575.000 ns	     14056	80003294	e0038ad3	fmv.x.w	x21,f7	  f7:0xcf0003ef x21=0xcf0003ef
     140605.000 ns	     14059	80003298	a00c09d3	fle.s	x19,f24,f0	 f24:0x4f411dd0  f0:0x4f7fffff x19=0x00000001
     140655.000 ns	     14064	8000329c	08dcf153	fsub.s	f2,f25,f13	 f25:0x00000000 f13:0x7fc00000  f2=0x7fc00000
     140675.000 ns	     14066	800032a0	415f5fb3	sra	x31,x30,x21	 x30:0x00000000 x21:0xcf0003ef x31=0x00000000
     140695.000 ns	     14068	800032a4	02158733	mul	x14,x11,x1	 x11:0x7fffffff  x1:0x01e326dc x14=0xfe1cd924
     140715.000 ns	     14070	800032a8	41145093	srai	x1,x8,0x11	  x8:0x00000000  x1=0x00000000
     140735.000 ns	     14072	800032ac	02feb633	mulhu	x12,x29,x15	 x29:0x0000017f x15:0x00000000 x12=0x00000000
     140755.000 ns	     14074	800032b0	014b4a33	xor	x20,x22,x20	 x22:0x4f71936f x20:0xfec97e1f x20=0xb1b8ed70
     140765.000 ns	     14075	800032b4	002b9a33	sll	x20,x23,x2	 x23:0x80040fe4  x2:0xcf0003ef x20=0x07f20000
     140775.000 ns	     14076	800032b8	3f9f78b7	lui	x17,0x3f9f7	 x17=0x3f9f7000
     140795.000 ns	     14078	800032bc	c0117ad3	fcvt.wu.s	x21,f2	  f2:0x7fc00000 x21=0xffffffff
     141165.000 ns	     14115	800032c0	02565eb3	divu	x29,x12,x5	 x12:0x00000000  x5:0x00000001 x29=0x00000000
     141185.000 ns	     14117	800032c4	00000013	addi	x0,x0,0	  x0:0x00000000
     141195.000 ns	     14118	800032c8	00c34933	xor	x18,x6,x12	  x6:0x00000000 x12:0x00000000 x18=0x00000000
     141215.000 ns	     14120	800032cc	a0ae9f53	flt.s	x30,f29,f10	 f29:0x4c892143 f10:0x7fc00000 x30=0x00000000
     141245.000 ns	     14123	800032d0	208eaa53	fsgnjx.s	f20,f29,f8	 f29:0x4c892143  f8:0x00000000 f20=0x4c892143
     141265.000 ns	     14125	800032d4	00c65d13	srli	x26,x12,0xc	 x12:0x00000000 x26=0x00000000
     141285.000 ns	     14127	800032d8	d01afd53	fcvt.s.wu	f26,x21	 x21:0xffffffff f26=0x4f7fffff
     141305.000 ns	     14129	800032dc	40f98533	sub	x10,x19,x15	 x19:0x00000001 x15:0x00000000 x10=0x00000001
     142475.000 ns	     14246	800032e0	580ef1d3	fsqrt.s	f3,f29	 f29:0x4c892143  f3=0x46047c4f
     142505.000 ns	     14249	800032e4	f00083d3	fmv.w.x	f7,x1	  x1:0x00000000  f7=0x00000000
     142535.000 ns	     14252	800032e8	0228b433	mulhu	x8,x17,x2	 x17:0x3f9f7000  x2:0xcf0003ef  x8=0x3371ec8a
     142565.000 ns	     14255	800032ec	039ab5b3	mulhu	x11,x21,x25	 x21:0xffffffff x25:0x000004f9 x11=0x000004f8
     142585.000 ns	     14257	800032f0	01120533	add	x10,x4,x17	  x4:0x00000000 x17:0x3f9f7000 x10=0x3f9f7000
     142945.000 ns	     14293	800032f4	038a41b3	div	x3,x20,x24	 x20:0x07f20000 x24:0x000004fd  x3=0x000197c1
     142975.000 ns	     14296	800032f8	287484d3	fmin.s	f9,f9,f7	  f9:0x7fc00000  f7:0x00000000  f9=0x00000000
     143005.000 ns	     14299	800032fc	29ab8353	fmin.s	f6,f23,f26	 f23:0x00000000 f26:0x4f7fffff  f6=0x00000000
     143035.000 ns	     14302	80003300	2147acd3	fsgnjx.s	f25,f15,f20	 f15:0x80041024 f20:0x4c892143 f25=0x80041024
     143065.000 ns	     14305	80003304	f0068853	fmv.w.x	f16,x13	 x13:0x00000000 f16=0x00000000
     143085.000 ns	     14307	80003308	0133d633	srl	x12,x7,x19	  x7:0xc0000000 x19:0x00000001 x12=0x60000000
     143095.000 ns	     14308	8000330c	409bdc33	sra	x24,x23,x9	 x23:0x80040fe4  x9:0x00000000 x24=0x80040fe4
     143115.000 ns	     14310	80003310	284d8ad3	fmin.s	f21,f27,f4	 f27:0xffc00000  f4:0x00000000 f21=0x00000000
     143145.000 ns	     14313	80003314	a1020153	fle.s	x2,f4,f16	  f4:0x00000000 f16:0x00000000  x2=0x00000001
     143515.000 ns	     14350	80003318	022df3b3	remu	x7,x27,x2	 x27:0xf1936e1b  x2:0xcf0003ef  x7=0x00000000
     143535.000 ns	     14352	8000331c	bd553993	sltiu	x19,x10,-1067	 x10:0x3f9f7000 x19=0x00000001
     143555.000 ns	     14354	80003320	a1252253	feq.s	x4,f10,f18	 f10:0x7fc00000 f18:0x7fc00000  x4=0x00000000
     143575.000 ns	     14356	80003324	08923213	sltiu	x4,x4,137	  x4:0x00000000  x4=0x00000001
     143595.000 ns	     14358	80003328	280083d3	fmin.s	f7,f1,f0	  f1:0x4bf1936e  f0:0x4f7fffff  f7=0x4bf1936e
     143615.000 ns	     14360	8000332c	7dbfb213	sltiu	x4,x31,2011	 x31:0x00000000  x4=0x00000001
     143645.000 ns	     14363	80003330	11090cd3	fmul.s	f25,f18,f16	 f18:0x7fc00000 f16:0x00000000 f25=0x7fc00000
     143665.000 ns	     14365	80003334	001338b3	sltu	x17,x6,x1	  x6:0x00000000  x1:0x00000000 x17=0x00000000
     143675.000 ns	     14366	80003338	c13f2897	auipc	x17,0xc13f2	 x17=0x413f5338
     143685.000 ns	     14367	8000333c	5d219617	auipc	x12,0x5d219	 x12=0xdd21c33c
     143705.000 ns	     14369	80003340	03e5d433	divu	x8,x11,x30	 x11:0x000004f8 x30:0x00000000  x8=0xffffffff
     143725.000 ns	     14371	80003344	01417eb3	and	x29,x2,x20	  x2:0x00000001 x20:0x07f20000 x29=0x00000000
     143735.000 ns	     14372	80003348	91993f93	sltiu	x31,x18,-1767	 x18:0x00000000 x31=0x00000001
     144095.000 ns	     14408	8000334c	02a4fa33	remu	x20,x9,x10	  x9:0x00000000 x10:0x3f9f7000 x20=0x00000000
     144115.000 ns	     14410	80003350	007249b3	xor	x19,x4,x7	  x4:0x00000001  x7:0x00000000 x19=0x00000001
     144125.000 ns	     14411	80003354	0196ec33	or	x24,x13,x25	 x13:0x00000000 x25:0x000004f9 x24=0x000004f9
     144135.000 ns	     14412	80003358	01c96333	or	x6,x18,x28	 x18:0x00000000 x28:0x80041024  x6=0x80041024
     144145.000 ns	     14413	8000335c	01051513	slli	x10,x10,0x10	 x10:0x3f9f7000 x10=0x70000000
     144165.000 ns	     14415	80003360	c0127553	fcvt.wu.s	x10,f4	  f4:0x00000000 x10=0x00000000
     144185.000 ns	     14417	80003364	abebcf97	auipc	x31,0xabebc	 x31=0x2bebf364
     144195.000 ns	     14418	80003368	0190b433	sltu	x8,x1,x25	  x1:0x00000000 x25:0x000004f9  x8=0x00000001
     144205.000 ns	     14419	8000336c	00805993	srli	x19,x0,0x8	  x0:0x00000000 x19=0x00000000
     144225.000 ns	     14421	80003370	03130eb3	mul	x29,x6,x17	  x6:0x80041024 x17:0x413f5338 x29=0x6efb33e0
     144245.000 ns	     14423	80003374	006c4133	xor	x2,x24,x6	 x24:0x000004f9  x6:0x80041024  x2=0x800414dd
     144265.000 ns	     14425	80003378	20730dd3	fsgnj.s	f27,f6,f7	  f6:0x00000000  f7:0x4bf1936e f27=0x00000000
     144295.000 ns	     14428	8000337c	d0129f53	fcvt.s.wu	f30,x5	  x5:0x00000001 f30=0x3f800000
     144315.000 ns	     14430	80003380	9b70f513	andi	x10,x1,-1609	  x1:0x00000000 x10=0x00000000
     144335.000 ns	     14432	80003384	28270653	fmin.s	f12,f14,f2	 f14:0x80041024  f2:0x7fc00000 f12=0x80041024
     144365.000 ns	     14435	80003388	03da1a33	mulh	x20,x20,x29	 x20:0x00000000 x29:0x6efb33e0 x20=0x00000000
     144385.000 ns	     14437	8000338c	22d92613	slti	x12,x18,557	 x18:0x00000000 x12=0x00000001
     144415.000 ns	     14440	80003390	19b745d3	fdiv.s	f11,f14,f27	 f14:0x80041024 f27:0x00000000 f11=0xff800000
     144435.000 ns	     14442	80003394	00114733	xor	x14,x2,x1	  x2:0x800414dd  x1:0x00000000 x14=0x800414dd
     144445.000 ns	     14443	80003398	55aa3613	sltiu	x12,x20,1370	 x20:0x00000000 x12=0x00000001
     144455.000 ns	     14444	8000339c	60431f37	lui	x30,0x60431	 x30=0x60431000
     144465.000 ns	     14445	800033a0	003a4033	xor	x0,x20,x3	 x20:0x00000000  x3:0x000197c1
     144475.000 ns	     14446	800033a4	0066d533	srl	x10,x13,x6	 x13:0x00000000  x6:0x80041024 x10=0x00000000
     144485.000 ns	     14447	800033a8	005c5a33	srl	x20,x24,x5	 x24:0x000004f9  x5:0x00000001 x20=0x0000027c
     144525.000 ns	     14451	800033ac	08917dd3	fsub.s	f27,f2,f9	  f2:0x7fc00000  f9:0x00000000 f27=0x7fc00000
     144555.000 ns	     14454	800033b0	02784f33	div	x30,x16,x7	 x16:0x00000000  x7:0x00000000 x30=0xffffffff
     144575.000 ns	     14456	800033b4	c0f62017	auipc	x0,0xc0f62	
     144585.000 ns	     14457	800033b8	41b55413	srai	x8,x10,0x1b	 x10:0x00000000  x8=0x00000000
     144605.000 ns	     14459	800033bc	02e995b3	mulh	x11,x19,x14	 x19:0x00000000 x14:0x800414dd x11=0x00000000
     144625.000 ns	     14461	800033c0	0044cf33	xor	x30,x9,x4	  x9:0x00000000  x4:0x00000001 x30=0x00000001
     144645.000 ns	     14463	800033c4	21221853	fsgnjn.s	f16,f4,f18	  f4:0x00000000 f18:0x7fc00000 f16=0x80000000
     144665.000 ns	     14465	800033c8	40788fb3	sub	x31,x17,x7	 x17:0x413f5338  x7:0x00000000 x31=0x413f5338
     144685.000 ns	     14467	800033cc	288984d3	fmin.s	f9,f19,f8	 f19:0x7fc00000  f8:0x00000000  f9=0x00000000
     145865.000 ns	     14585	800033d0	580b2953	fsqrt.s	f18,f22	 f22:0x44eea000 f18=0x422ec4b3
     145895.000 ns	     14588	800033d4	03059533	mulh	x10,x11,x16	 x11:0x00000000 x16:0x00000000 x10=0x00000000
     145915.000 ns	     14590	800033d8	4e687293	andi	x5,x16,1254	 x16:0x00000000  x5=0x00000000
     145935.000 ns	     14592	800033dc	a0031ad3	flt.s	x21,f6,f0	  f6:0x00000000  f0:0x4f7fffff x21=0x00000001
     145965.000 ns	     14595	800033e0	28219f53	fmax.s	f30,f3,f2	  f3:0x46047c4f  f2:0x7fc00000 f30=0x46047c4f
     145985.000 ns	     14597	800033e4	015ce9b3	or	x19,x25,x21	 x25:0x000004f9 x21:0x00000001 x19=0x000004f9
     146015.000 ns	     14600	800033e8	5807fbd3	fsqrt.s	f23,f15	 f15:0x80041024 f23=0x7fc00000
     146035.000 ns	     14602	800033ec	01ca9a33	sll	x20,x21,x28	 x21:0x00000001 x28:0x80041024 x20=0x00000010
     146045.000 ns	     14603	800033f0	01abf233	and	x4,x23,x26	 x23:0x80040fe4 x26:0x00000000  x4=0x00000000
     146075.000 ns	     14606	800033f4	185ff653	fdiv.s	f12,f31,f5	 f31:0x7fc00000  f5:0x00000000 f12=0x7fc00000
     146125.000 ns	     14611	800033f8	094efc53	fsub.s	f24,f29,f20	 f29:0x4c892143 f20:0x4c892143 f24=0x80000000
     146155.000 ns	     14614	800033fc	a1ae01d3	fle.s	x3,f28,f26	 f28:0xc4eea000 f26:0x4f7fffff  x3=0x00000001
     146175.000 ns	     14616	80003400	005b67b3	or	x15,x22,x5	 x22:0x4f71936f  x5:0x00000000 x15=0x4f71936f
     146185.000 ns	     14617	80003404	00d92a33	slt	x20,x18,x13	 x18:0x00000000 x13:0x00000000 x20=0x00000000
     146195.000 ns	     14618	80003408	ca011937	lui	x18,0xca011	 x18=0xca011000
     146205.000 ns	     14619	8000340c	e4c18197	auipc	x3,0xe4c18	  x3=0x64c1b40c
     146215.000 ns	     14620	80003410	018c1893	slli	x17,x24,0x18	 x24:0x000004f9 x17=0xf9000000
     146235.000 ns	     14622	80003414	02dc88b3	mul	x17,x25,x13	 x25:0x000004f9 x13:0x00000000 x17=0x00000000
     146255.000 ns	     14624	80003418	4026d913	srai	x18,x13,0x2	 x13:0x00000000 x18=0x00000000
     146265.000 ns	     14625	8000341c	012bcab3	xor	x21,x23,x18	 x23:0x80040fe4 x18:0xca011000 x21=0x80040fe4
     146285.000 ns	     14627	80003420	d011c853	fcvt.s.wu	f16,x3	  x3:0x64c1b40c f16=0x4ec98368
     146305.000 ns	     14629	80003424	00988733	add	x14,x17,x9	 x17:0x00000000  x9:0x00000000 x14=0x00000000
     146315.000 ns	     14630	80003428	01d74c33	xor	x24,x14,x29	 x14:0x800414dd x29:0x6efb33e0 x24=0x6efb33e0
     146335.000 ns	     14632	8000342c	c01aa253	fcvt.wu.s	x4,f21	 f21:0x00000000  x4=0x00000000
     146365.000 ns	     14635	80003430	e0009d53	fclass.s	x26,f1	  f1:0x4bf1936e x26=0x00000040
     146385.000 ns	     14637	80003434	012800b3	add	x1,x16,x18	 x16:0x00000000 x18:0x00000000  x1=0x00000000
     146395.000 ns	     14638	80003438	00b131b3	sltu	x3,x2,x11	  x2:0x800414dd x11:0x00000000  x3=0x00000000
     146415.000 ns	     14640	8000343c	a1bf23d3	feq.s	x7,f30,f27	 f30:0x46047c4f f27:0x7fc00000  x7=0x00000000
     146435.000 ns	     14642	80003440	00c67b33	and	x22,x12,x12	 x12:0x00000001 x12:0x00000001 x22=0x00000001
     146445.000 ns	     14643	80003444	011dbd33	sltu	x26,x27,x17	 x27:0xf1936e1b x17:0x00000000 x26=0x00000000
     146455.000 ns	     14644	80003448	74574313	xori	x6,x14,1861	 x14:0x00000000  x6=0x00000745
     146475.000 ns	     14646	8000344c	c0103ad3	fcvt.wu.s	x21,f0	  f0:0x4f7fffff x21=0xffffff00
     146495.000 ns	     14648	80003450	012b7233	and	x4,x22,x18	 x22:0x00000001 x18:0x00000000  x4=0x00000000
     146525.000 ns	     14651	80003454	18af3e53	fdiv.s	f28,f30,f10	 f30:0x46047c4f f10:0x7fc00000 f28=0x7fc00000
     146555.000 ns	     14654	80003458	a0fcacd3	feq.s	x25,f25,f15	 f25:0x7fc00000 f15:0x80041024 x25=0x00000000
     146925.000 ns	     14691	8000345c	022aeeb3	rem	x29,x21,x2	 x21:0xffffff00  x2:0x800414dd x29=0xffffff00
     146955.000 ns	     14694	80003460	03108233	mul	x4,x1,x17	  x1:0x00000000 x17:0x00000000  x4=0x00000000
     146975.000 ns	     14696	80003464	ceb37293	andi	x5,x6,-789	  x6:0x00000745  x5=0x00000441
     147335.000 ns	     14732	80003468	036e5b33	divu	x22,x28,x22	 x28:0x80041024 x22:0x00000001 x22=0x80041024
     147355.000 ns	     14734	8000346c	eb9da393	slti	x7,x27,-327	 x27:0xf1936e1b  x7=0x00000001
     147365.000 ns	     14735	80003470	04a5ec97	auipc	x25,0x4a5e	 x25=0x84a61470
     147395.000 ns	     14738	80003474	580daed3	fsqrt.s	f29,f27	 f27:0x7fc00000 f29=0x7fc00000
     147765.000 ns	     14775	80003478	039dec33	rem	x24,x27,x25	 x27:0xf1936e1b x25:0x00000000 x24=0xf1936e1b
     147795.000 ns	     14778	8000347c	03852133	mulhsu	x2,x10,x24	 x10:0x00000000 x24:0x6efb33e0  x2=0x00000000
     148165.000 ns	     14815	80003480	03794ab3	div	x21,x18,x23	 x18:0x00000000 x23:0x80040fe4 x21=0x00000000
     148185.000 ns	     14817	80003484	0052ceb3	xor	x29,x5,x5	  x5:0x00000441  x5:0x00000441 x29=0x00000000
     148205.000 ns	     14819	80003488	c004ff53	fcvt.w.s	x30,f9	  f9:0x00000000 x30=0x00000000
     148235.000 ns	     14822	8000348c	02a79cb3	mulh	x25,x15,x10	 x15:0x4f71936f x10:0x00000000 x25=0x00000000
     148255.000 ns	     14824	80003490	400c80b3	sub	x1,x25,x0	 x25:0x84a61470  x0:0x00000000  x1=0x00000000
     148265.000 ns	     14825	80003494	0176d1b3	srl	x3,x13,x23	 x13:0x00000000 x23:0x80040fe4  x3=0x00000000
     148275.000 ns	     14826	80003498	00000013	addi	x0,x0,0	  x0:0x00000000
     148295.000 ns	     14828	8000349c	c0197953	fcvt.wu.s	x18,f18	 f18:0x422ec4b3 x18=0x0000002b
     148315.000 ns	     14830	800034a0	008b9993	slli	x19,x23,0x8	 x23:0x80040fe4 x19=0x040fe400
     148325.000 ns	     14831	800034a4	00319e93	slli	x29,x3,0x3	  x3:0x00000000 x29=0x00000000
     148335.000 ns	     14832	800034a8	01629033	sll	x0,x5,x22	  x5:0x00000441 x22:0x80041024
     148345.000 ns	     14833	800034ac	0101d093	srli	x1,x3,0x10	  x3:0x00000000  x1=0x00000000
     148355.000 ns	     14834	800034b0	403c5833	sra	x16,x24,x3	 x24:0xf1936e1b  x3:0x00000000 x16=0xf1936e1b
     148375.000 ns	     14836	800034b4	d01dfbd3	fcvt.s.wu	f23,x27	 x27:0xf1936e1b f23=0x4f71936e
     148395.000 ns	     14838	800034b8	ee936013	ori	x0,x6,-279	  x6:0x00000745
     148415.000 ns	     14840	800034bc	02822eb3	mulhsu	x29,x4,x8	  x4:0x00000000  x8:0x00000000 x29=0x00000000
     148435.000 ns	     14842	800034c0	619fa413	slti	x8,x31,1561	 x31:0x413f5338  x8=0x00000000
     148445.000 ns	     14843	800034c4	407e8333	sub	x6,x29,x7	 x29:0x00000000  x7:0x00000001  x6=0xffffffff
     148465.000 ns	     14845	800034c8	c00af0d3	fcvt.w.s	x1,f21	 f21:0x00000000  x1=0x00000000
     148505.000 ns	     14849	800034cc	580af253	fsqrt.s	f4,f21	 f21:0x00000000  f4=0x00000000
     148525.000 ns	     14851	800034d0	410bd213	srai	x4,x23,0x10	 x23:0x80040fe4  x4=0xffff8004
     148545.000 ns	     14853	800034d4	28a89353	fmax.s	f6,f17,f10	 f17:0x7fc00000 f10:0x7fc00000  f6=0x7fc00000
     148565.000 ns	     14855	800034d8	deed2c13	slti	x24,x26,-530	 x26:0x00000000 x24=0x00000000
     148575.000 ns	     14856	800034dc	419b5113	srai	x2,x22,0x19	 x22:0x80041024  x2=0xffffffc0
     148935.000 ns	     14892	800034e0	03077f33	remu	x30,x14,x16	 x14:0x00000000 x16:0xf1936e1b x30=0x00000000
     148955.000 ns	     14894	800034e4	610bd2b7	lui	x5,0x610bd	  x5=0x610bd000
     148975.000 ns	     14896	800034e8	029a52b3	divu	x5,x20,x9	 x20:0x00000000  x9:0x00000000  x5=0xffffffff
     149005.000 ns	     14899	800034ec	a0a40353	fle.s	x6,f8,f10	  f8:0x00000000 f10:0x7fc00000  x6=0x00000000
     149035.000 ns	     14902	800034f0	2126a753	fsgnjx.s	f14,f13,f18	 f13:0x7fc00000 f18:0x422ec4b3 f14=0x7fc00000
     149085.000 ns	     14907	800034f4	099eaad3	fsub.s	f21,f29,f25	 f29:0x7fc00000 f25:0x7fc00000 f21=0x7fc00000
     149115.000 ns	     14910	800034f8	a16e0b53	fle.s	x22,f28,f22	 f28:0x7fc00000 f22:0x44eea000 x22=0x00000000
     149135.000 ns	     14912	800034fc	8c7b7b13	andi	x22,x22,-1849	 x22:0x80041024 x22=0x00000000
     149155.000 ns	     14914	80003500	d0102ad3	fcvt.s.wu	f21,x0	  x0:0x00000000 f21=0x00000000
     149185.000 ns	     14917	80003504	a0a121d3	feq.s	x3,f2,f10	  f2:0x7fc00000 f10:0x7fc00000  x3=0x00000000
     149205.000 ns	     14919	80003508	0065c833	xor	x16,x11,x6	 x11:0x00000000  x6:0x00000000 x16=0x00000000
     149215.000 ns	     14920	8000350c	00000013	addi	x0,x0,0	  x0:0x00000000
     149575.000 ns	     14956	80003510	02faecb3	rem	x25,x21,x15	 x21:0x00000000 x15:0x4f71936f x25=0x00000000
     149605.000 ns	     14959	80003514	e00a82d3	fmv.x.w	x5,f21	 f21:0x00000000  x5=0x00000000
     149625.000 ns	     14961	80003518	009883b3	add	x7,x17,x9	 x17:0x00000000  x9:0x00000000  x7=0x00000000
     149635.000 ns	     14962	8000351c	0046ab33	slt	x22,x13,x4	 x13:0x00000000  x4:0xffff8004 x22=0x00000000
     149645.000 ns	     14963	80003520	8599e093	ori	x1,x19,-1959	 x19:0x040fe400  x1=0xfffffc59
     149665.000 ns	     14965	80003524	02552cb3	mulhsu	x25,x10,x5	 x10:0x00000000  x5:0x00000000 x25=0x00000000
     149705.000 ns	     14969	80003528	58074553	fsqrt.s	f10,f14	 f14:0x7fc00000 f10=0x7fc00000
     149735.000 ns	     14972	8000352c	a1360253	fle.s	x4,f12,f19	 f12:0x7fc00000 f19:0x7fc00000  x4=0x00000000
     149775.000 ns	     14976	80003530	58047653	fsqrt.s	f12,f8	  f8:0x00000000 f12=0x00000000
     149795.000 ns	     14978	80003534	7104ec93	ori	x25,x9,1808	  x9:0x00000000 x25=0x00000710
     149815.000 ns	     14980	80003538	c0101153	fcvt.wu.s	x2,f0	  f0:0x4f7fffff  x2=0xffffff00
     149835.000 ns	     14982	8000353c	00a50a33	add	x20,x10,x10	 x10:0x00000000 x10:0x00000000 x20=0x00000000
     149855.000 ns	     14984	80003540	29d80e53	fmin.s	f28,f16,f29	 f16:0x4ec98368 f29:0x7fc00000 f28=0x4ec98368
     149875.000 ns	     14986	80003544	46307913	andi	x18,x0,1123	  x0:0x00000000 x18=0x00000000
     149885.000 ns	     14987	80003548	bc81c213	xori	x4,x3,-1080	  x3:0x00000000  x4=0xfffffbc8
     149905.000 ns	     14989	8000354c	a1690d53	fle.s	x26,f18,f22	 f18:0x422ec4b3 f22:0x44eea000 x26=0x00000001
     149935.000 ns	     14992	80003550	027bdc33	divu	x24,x23,x7	 x23:0x80040fe4  x7:0x00000000 x24=0xffffffff
     149955.000 ns	     14994	80003554	416c5113	srai	x2,x24,0x16	 x24:0x00000000  x2=0xffffffff
     149965.000 ns	     14995	80003558	00f79613	slli	x12,x15,0xf	 x15:0x4f71936f x12=0xc9b78000
     149985.000 ns	     14997	8000355c	a0f19553	flt.s	x10,f3,f15	  f3:0x46047c4f f15:0x80041024 x10=0x00000000
     150005.000 ns	     14999	80003560	471fb693	sltiu	x13,x31,1137	 x31:0x413f5338 x13=0x00000000
     150015.000 ns	     15000	80003564	4eb58413	addi	x8,x11,1259	 x11:0x00000000  x8=0x000004eb
     150035.000 ns	     15002	80003568	d01421d3	fcvt.s.wu	f3,x8	  x8:0x00000000  f3=0x449d6000
     150055.000 ns	     15004	8000356c	25d68893	addi	x17,x13,605	 x13:0x00000000 x17=0x0000025d
     150075.000 ns	     15006	80003570	035ee2b3	rem	x5,x29,x21	 x29:0x00000000 x21:0x00000000  x5=0x00000000
     150095.000 ns	     15008	80003574	0c350c93	addi	x25,x10,195	 x10:0x00000000 x25=0x000000c3
     150105.000 ns	     15009	80003578	01eedeb3	srl	x29,x29,x30	 x29:0x00000000 x30:0x00000000 x29=0x00000000
     150125.000 ns	     15011	8000357c	21898cd3	fsgnj.s	f25,f19,f24	 f19:0x7fc00000 f24:0x80000000 f25=0xffc00000
     150145.000 ns	     15013	80003580	0097b033	sltu	x0,x15,x9	 x15:0x4f71936f  x9:0x00000000
     150155.000 ns	     15014	80003584	00000013	addi	x0,x0,0	  x0:0x00000000
     150165.000 ns	     15015	80003588	016c0533	add	x10,x24,x22	 x24:0xffffffff x22:0x00000000 x10=0xffffffff
     150525.000 ns	     15051	8000358c	0289ff33	remu	x30,x19,x8	 x19:0x040fe400  x8:0x000004eb x30=0x0000025a
     150555.000 ns	     15054	80003590	03ff19b3	mulh	x19,x30,x31	 x30:0x00000000 x31:0x413f5338 x19=0x00000099
     150575.000 ns	     15056	80003594	00923333	sltu	x6,x4,x9	  x4:0xfffffbc8  x9:0x00000000  x6=0x00000000
     150585.000 ns	     15057	80003598	00f8fab3	and	x21,x17,x15	 x17:0x0000025d x15:0x4f71936f x21=0x0000024d
     150595.000 ns	     15058	8000359c	c14530b7	lui	x1,0xc1453	  x1=0xc1453000
     150605.000 ns	     15059	800035a0	c2766913	ori	x18,x12,-985	 x12:0xc9b78000 x18=0xfffffc27
     150645.000 ns	     15063	800035a4	08b49ed3	fsub.s	f29,f9,f11	  f9:0x00000000 f11:0xff800000 f29=0x7f800000
     150665.000 ns	     15065	800035a8	018ad333	srl	x6,x21,x24	 x21:0x0000024d x24:0xffffffff  x6=0x00000000
     150685.000 ns	     15067	800035ac	21e79b53	fsgnjn.s	f22,f15,f30	 f15:0x80041024 f30:0x46047c4f f22=0x80041024
     150705.000 ns	     15069	800035b0	00885d33	srl	x26,x16,x8	 x16:0x00000000  x8:0x000004eb x26=0x00000000
     150715.000 ns	     15070	800035b4	01e202b3	add	x5,x4,x30	  x4:0xfffffbc8 x30:0x0000025a  x5=0xfffffe22
     150725.000 ns	     15071	800035b8	005656b3	srl	x13,x12,x5	 x12:0xc9b78000  x5:0x00000000 x13=0x326de000
     150735.000 ns	     15072	800035bc	01ba5fb3	srl	x31,x20,x27	 x20:0x00000000 x27:0xf1936e1b x31=0x00000000
     150755.000 ns	     15074	800035c0	c01393d3	fcvt.wu.s	x7,f7	  f7:0x4bf1936e  x7=0x01e326dc
     150775.000 ns	     15076	800035c4	00000013	addi	x0,x0,0	  x0:0x00000000
     150795.000 ns	     15078	800035c8	e0078ad3	fmv.x.w	x21,f15	 f15:0x80041024 x21=0x80041024
     151975.000 ns	     15196	800035cc	580a7a53	fsqrt.s	f20,f20	 f20:0x4c892143 f20=0x46047c4f
     151995.000 ns	     15198	800035d0	400e0233	sub	x4,x28,x0	 x28:0x80041024  x0:0x00000000  x4=0x80041024
     152005.000 ns	     15199	800035d4	00d9c2b3	xor	x5,x19,x13	 x19:0x00000099 x13:0x326de000  x5=0x326de099
     152015.000 ns	     15200	800035d8	018357b3	srl	x15,x6,x24	  x6:0x00000000 x24:0xffffffff x15=0x00000000
     152035.000 ns	     15202	800035dc	e0018653	fmv.x.w	x12,f3	  f3:0x449d6000 x12=0x449d6000
     152055.000 ns	     15204	800035e0	01e317b3	sll	x15,x6,x30	  x6:0x00000000 x30:0x0000025a x15=0x00000000
     152065.000 ns	     15205	800035e4	0161cab3	xor	x21,x3,x22	  x3:0x00000000 x22:0x00000000 x21=0x00000000
     152075.000 ns	     15206	800035e8	01aebfb3	sltu	x31,x29,x26	 x29:0x00000000 x26:0x00000000 x31=0x00000000
     152085.000 ns	     15207	800035ec	4e6f8313	addi	x6,x31,1254	 x31:0x00000000  x6=0x000004e6
     152105.000 ns	     15209	800035f0	0222b633	mulhu	x12,x5,x2	  x5:0x326de099  x2:0xffffffff x12=0x326de098
     152125.000 ns	     15211	800035f4	01fea5b3	slt	x11,x29,x31	 x29:0x00000000 x31:0x00000000 x11=0x00000000
     152145.000 ns	     15213	800035f8	20612d53	fsgnjx.s	f26,f2,f6	  f2:0x7fc00000  f6:0x7fc00000 f26=0x7fc00000
     152165.000 ns	     15215	800035fc	f5a7e613	ori	x12,x15,-166	 x15:0x00000000 x12=0xffffff5a
     152185.000 ns	     15217	80003600	c004fc53	fcvt.w.s	x24,f9	  f9:0x00000000 x24=0x00000000
     152215.000 ns	     15220	80003604	20f0abd3	fsgnjx.s	f23,f1,f15	  f1:0x4bf1936e f15:0x80041024 f23=0xcbf1936e
     152235.000 ns	     15222	80003608	00000013	addi	x0,x0,0	  x0:0x00000000
     152255.000 ns	     15224	8000360c	c00af053	fcvt.w.s	x0,f21	 f21:0x00000000
     152285.000 ns	     15227	80003610	e00a8cd3	fmv.x.w	x25,f21	 f21:0x00000000 x25=0x00000000
     152305.000 ns	     15229	80003614	59e22313	slti	x6,x4,1438	  x4:0x80041024  x6=0x00000001
     152315.000 ns	     15230	80003618	39892893	slti	x17,x18,920	 x18:0xfffffc27 x17=0x00000001
     152335.000 ns	     15232	8000361c	21242ad3	fsgnjx.s	f21,f8,f18	  f8:0x00000000 f18:0x422ec4b3 f21=0x00000000
     152375.000 ns	     15236	80003620	182f7cd3	fdiv.s	f25,f30,f2	 f30:0x46047c4f  f2:0x7fc00000 f25=0x7fc00000
     152405.000 ns	     15239	80003624	a07b29d3	feq.s	x19,f22,f7	 f22:0x80041024  f7:0x4bf1936e x19=0x00000000
     152775.000 ns	     15276	80003628	02ab5733	divu	x14,x22,x10	 x22:0x00000000 x10:0xffffffff x14=0x00000000
     152795.000 ns	     15278	8000362c	284a7213	andi	x4,x20,644	 x20:0x00000000  x4=0x00000000
     152805.000 ns	     15279	80003630	41b3d893	srai	x17,x7,0x1b	  x7:0x01e326dc x17=0x00000000
     152815.000 ns	     15280	80003634	38cb3d37	lui	x26,0x38cb3	 x26=0x38cb3000
     152835.000 ns	     15282	80003638	c0067453	fcvt.w.s	x8,f12	 f12:0x00000000  x8=0x00000000
     152865.000 ns	     15285	8000363c	21952c53	fsgnjx.s	f24,f10,f25	 f10:0x7fc00000 f25:0x7fc00000 f24=0x7fc00000
     152895.000 ns	     15288	80003640	29bb91d3	fmax.s	f3,f23,f27	 f23:0xcbf1936e f27:0x7fc00000  f3=0xcbf1936e
     152925.000 ns	     15291	80003644	039082b3	mul	x5,x1,x25	  x1:0xc1453000 x25:0x00000000  x5=0x00000000
     152955.000 ns	     15294	80003648	e0059853	fclass.s	x16,f11	 f11:0xff800000 x16=0x00000001
     152975.000 ns	     15296	8000364c	402c5833	sra	x16,x24,x2	 x24:0x00000000  x2:0xffffffff x16=0x00000000
     152995.000 ns	     15298	80003650	03decf33	div	x30,x29,x29	 x29:0x00000000 x29:0x00000000 x30=0xffffffff
     153015.000 ns	     15300	80003654	400e5333	sra	x6,x28,x0	 x28:0x80041024  x0:0x00000000  x6=0x80041024
     153025.000 ns	     15301	80003658	01fc2933	slt	x18,x24,x31	 x24:0x00000000 x31:0x00000000 x18=0x00000000
     153035.000 ns	     15302	8000365c	00515cb3	srl	x25,x2,x5	  x2:0xffffffff  x5:0x00000000 x25=0xffffffff
     153055.000 ns	     15304	80003660	a1a30153	fle.s	x2,f6,f26	  f6:0x7fc00000 f26:0x7fc00000  x2=0x00000000
     153085.000 ns	     15307	80003664	d01f32d3	fcvt.s.wu	f5,x30	 x30:0xffffffff  f5=0x4f800000
     153115.000 ns	     15310	80003668	c002fed3	fcvt.w.s	x29,f5	  f5:0x00000000 x29=0x7fffffff
     153145.000 ns	     15313	8000366c	03fc43b3	div	x7,x24,x31	 x24:0x00000000 x31:0x00000000  x7=0xffffffff
     153175.000 ns	     15316	80003670	a0ec0453	fle.s	x8,f24,f14	 f24:0x7fc00000 f14:0x7fc00000  x8=0x00000000
     153205.000 ns	     15319	80003674	02087233	remu	x4,x16,x0	 x16:0x00000000  x0:0x00000000  x4=0x00000000
     153235.000 ns	     15322	80003678	c005f4d3	fcvt.w.s	x9,f11	 f11:0xff800000  x9=0x80000000
     153255.000 ns	     15324	8000367c	40a90a33	sub	x20,x18,x10	 x18:0x00000000 x10:0xffffffff x20=0x00000001
     153265.000 ns	     15325	80003680	01969b33	sll	x22,x13,x25	 x13:0x326de000 x25:0xffffffff x22=0x00000000
     153275.000 ns	     15326	80003684	0161aeb3	slt	x29,x3,x22	  x3:0x00000000 x22:0x00000000 x29=0x00000000
     153315.000 ns	     15330	80003688	006b7bd3	fadd.s	f23,f22,f6	 f22:0x80041024  f6:0x7fc00000 f23=0x7fc00000
     153335.000 ns	     15332	8000368c	6295aa97	auipc	x21,0x6295a	 x21=0xe295d68c
     153355.000 ns	     15334	80003690	027416b3	mulh	x13,x8,x7	  x8:0x00000000  x7:0xffffffff x13=0x00000000
     153375.000 ns	     15336	80003694	7233c513	xori	x10,x7,1827	  x7:0xffffffff x10=0xfffff8dc
     153395.000 ns	     15338	80003698	0344b333	mulhu	x6,x9,x20	  x9:0x80000000 x20:0x00000001  x6=0x00000000
     153415.000 ns	     15340	8000369c	9d7b8993	addi	x19,x23,-1577	 x23:0x80040fe4 x19=0x800409bb
     153775.000 ns	     15376	800036a0	03754933	div	x18,x10,x23	 x10:0xfffff8dc x23:0x80040fe4 x18=0x00000000
     153805.000 ns	     15379	800036a4	02709733	mulh	x14,x1,x7	  x1:0xc1453000  x7:0xffffffff x14=0x00000000
     153835.000 ns	     15382	800036a8	f0090ad3	fmv.w.x	f21,x18	 x18:0x00000000 f21=0x00000000
     155015.000 ns	     15500	800036ac	580070d3	fsqrt.s	f1,f0	  f0:0x4f7fffff  f1=0x47350461
     155035.000 ns	     15502	800036b0	d3846c93	ori	x25,x8,-712	  x8:0x00000000 x25=0xfffffd38
     155055.000 ns	     15504	800036b4	02236b33	rem	x22,x6,x2	  x6:0x00000000  x2:0x00000000 x22=0x00000000
     155085.000 ns	     15507	800036b8	f00307d3	fmv.w.x	f15,x6	  x6:0x00000000 f15=0x00000000
     155115.000 ns	     15510	800036bc	024bb2b3	mulhu	x5,x23,x4	 x23:0x80040fe4  x4:0x00000000  x5=0x00000000
     155135.000 ns	     15512	800036c0	41388fb3	sub	x31,x17,x19	 x17:0x00000000 x19:0x800409bb x31=0x7ffbf645
     155155.000 ns	     15514	800036c4	d00ff2d3	fcvt.s.w	f5,x31	 x31:0x00000000  f5=0x4efff7ec
     155185.000 ns	     15517	800036c8	a16f27d3	feq.s	x15,f30,f22	 f30:0x46047c4f f22:0x80041024 x15=0x00000000
     155205.000 ns	     15519	800036cc	88fc9737	lui	x14,0x88fc9	 x14=0x88fc9000
     155215.000 ns	     15520	800036d0	40dfd713	srai	x14,x31,0xd	 x31:0x7ffbf645 x14=0x0003ffdf
     155225.000 ns	     15521	800036d4	00769733	sll	x14,x13,x7	 x13:0x00000000  x7:0xffffffff x14=0x00000000
     155235.000 ns	     15522	800036d8	0030eab3	or	x21,x1,x3	  x1:0xc1453000  x3:0x00000000 x21=0xc1453000
     155255.000 ns	     15524	800036dc	024c73b3	remu	x7,x24,x4	 x24:0x00000000  x4:0x00000000  x7=0x00000000
     155285.000 ns	     15527	800036e0	29ea9b53	fmax.s	f22,f21,f30	 f21:0x00000000 f30:0x46047c4f f22=0x46047c4f
     155315.000 ns	     15530	800036e4	c0077ed3	fcvt.w.s	x29,f14	 f14:0x7fc00000 x29=0x7fffffff
     155345.000 ns	     15533	800036e8	039a92b3	mulh	x5,x21,x25	 x21:0xc1453000 x25:0xfffffd38  x5=0x000000ae
     155365.000 ns	     15535	800036ec	7a687193	andi	x3,x16,1958	 x16:0x00000000  x3=0x00000000
     155375.000 ns	     15536	800036f0	01e17233	and	x4,x2,x30	  x2:0x00000000 x30:0xffffffff  x4=0x00000000
     155395.000 ns	     15538	800036f4	21ff2153	fsgnjx.s	f2,f30,f31	 f30:0x46047c4f f31:0x7fc00000  f2=0x46047c4f
     155415.000 ns	     15540	800036f8	e0532913	slti	x18,x6,-507	  x6:0x00000000 x18=0x00000000
     155435.000 ns	     15542	800036fc	a1928053	fle.s	x0,f5,f25	  f5:0x4efff7ec f25:0x7fc00000
     155465.000 ns	     15545	80003700	02e62433	mulhsu	x8,x12,x14	 x12:0xffffff5a x14:0x00000000  x8=0x00000000
     155495.000 ns	     15548	80003704	a0688fd3	fle.s	x31,f17,f6	 f17:0x7fc00000  f6:0x7fc00000 x31=0x00000000
     155515.000 ns	     15550	80003708	00619693	slli	x13,x3,0x6	  x3:0x00000000 x13=0x00000000
     155535.000 ns	     15552	8000370c	e0021d53	fclass.s	x26,f4	  f4:0x00000000 x26=0x00000010
     155565.000 ns	     15555	80003710	020da533	mulhsu	x10,x27,x0	 x27:0xf1936e1b  x0:0x00000000 x10=0x00000000
     155615.000 ns	     15560	80003714	097d25d3	fsub.s	f11,f26,f23	 f26:0x7fc00000 f23:0x7fc00000 f11=0x7fc00000
     155635.000 ns	     15562	80003718	c4c8f337	lui	x6,0xc4c8f	  x6=0xc4c8f000
     155645.000 ns	     15563	8000371c	4196d593	srai	x11,x13,0x19	 x13:0x00000000 x11=0x00000000
     155655.000 ns	     15564	80003720	01991433	sll	x8,x18,x25	 x18:0x00000000 x25:0xfffffd38  x8=0x00000000
     155665.000 ns	     15565	80003724	004cd093	srli	x1,x25,0x4	 x25:0xfffffd38  x1=0x0fffffd3
     156025.000 ns	     15601	80003728	02cbe8b3	rem	x17,x23,x12	 x23:0x80040fe4 x12:0xffffff5a x17=0xffffff7c
     156055.000 ns	     15604	8000372c	c0197853	fcvt.wu.s	x16,f18	 f18:0x422ec4b3 x16=0x0000002b
     156075.000 ns	     15606	80003730	00160a33	add	x20,x12,x1	 x12:0xffffff5a  x1:0x0fffffd3 x20=0x0fffff2d
     156085.000 ns	     15607	80003734	3228e713	ori	x14,x17,802	 x17:0xffffff7c x14=0xffffff7e
     156105.000 ns	     15609	80003738	02400433	mul	x8,x0,x4	  x0:0x00000000  x4:0x00000000  x8=0x00000000
     156135.000 ns	     15612	8000373c	21249bd3	fsgnjn.s	f23,f9,f18	  f9:0x00000000 f18:0x422ec4b3 f23=0x80000000
     156165.000 ns	     15615	80003740	29688653	fmin.s	f12,f17,f22	 f17:0x7fc00000 f22:0x46047c4f f12=0x46047c4f
     156195.000 ns	     15618	80003744	d00fcfd3	fcvt.s.w	f31,x31	 x31:0x00000000 f31=0x00000000
     156225.000 ns	     15621	80003748	211c8d53	fsgnj.s	f26,f25,f17	 f25:0x7fc00000 f17:0x7fc00000 f26=0x7fc00000
     156255.000 ns	     15624	8000374c	a12f16d3	flt.s	x13,f30,f18	 f30:0x46047c4f f18:0x422ec4b3 x13=0x00000000
     156285.000 ns	     15627	80003750	028697b3	mulh	x15,x13,x8	 x13:0x00000000  x8:0x00000000 x15=0x00000000
     156305.000 ns	     15629	80003754	0164ff33	and	x30,x9,x22	  x9:0x80000000 x22:0x00000000 x30=0x00000000
     156315.000 ns	     15630	80003758	00131233	sll	x4,x6,x1	  x6:0xc4c8f000  x1:0x0fffffd3  x4=0x80000000
     156335.000 ns	     15632	8000375c	21d325d3	fsgnjx.s	f11,f6,f29	  f6:0x7fc00000 f29:0x7f800000 f11=0x7fc00000
     156365.000 ns	     15635	80003760	d002fcd3	fcvt.s.w	f25,x5	  x5:0x000000ae f25=0x432e0000
     156385.000 ns	     15637	80003764	00000013	addi	x0,x0,0	  x0:0x00000000
     156405.000 ns	     15639	80003768	03232c33	mulhsu	x24,x6,x18	  x6:0xc4c8f000 x18:0x00000000 x24=0x00000000
     156435.000 ns	     15642	8000376c	d0061b53	fcvt.s.w	f22,x12	 x12:0xffffff5a f22=0xc3260000
     156805.000 ns	     15679	80003770	0305e133	rem	x2,x11,x16	 x11:0x00000000 x16:0x0000002b  x2=0x00000000
     156825.000 ns	     15681	80003774	f6183b13	sltiu	x22,x16,-159	 x16:0x0000002b x22=0x00000001
     156835.000 ns	     15682	80003778	01829b33	sll	x22,x5,x24	  x5:0x000000ae x24:0x00000000 x22=0x000000ae
     156845.000 ns	     15683	8000377c	013c26b3	slt	x13,x24,x19	 x24:0x00000000 x19:0x800409bb x13=0x00000000
     156855.000 ns	     15684	80003780	0061cf33	xor	x30,x3,x6	  x3:0x00000000  x6:0xc4c8f000 x30=0xc4c8f000
     156865.000 ns	     15685	80003784	008f45b3	xor	x11,x30,x8	 x30:0x00000000  x8:0x00000000 x11=0xc4c8f000
     156885.000 ns	     15687	80003788	c01dfd53	fcvt.wu.s	x26,f27	 f27:0x7fc00000 x26=0xffffffff
     156915.000 ns	     15690	8000378c	038027b3	mulhsu	x15,x0,x24	  x0:0x00000000 x24:0x00000000 x15=0x00000000
     156945.000 ns	     15693	80003790	02ad3eb3	mulhu	x29,x26,x10	 x26:0xffffffff x10:0x00000000 x29=0x00000000
     156965.000 ns	     15695	80003794	00000013	addi	x0,x0,0	  x0:0x00000000
     156975.000 ns	     15696	80003798	006f2833	slt	x16,x30,x6	 x30:0xc4c8f000  x6:0xc4c8f000 x16=0x00000000
     156995.000 ns	     15698	8000379c	d01503d3	fcvt.s.wu	f7,x10	 x10:0x00000000  f7=0x00000000
     157365.000 ns	     15735	800037a0	03434633	div	x12,x6,x20	  x6:0xc4c8f000 x20:0x0fffff2d x12=0xfffffffd
     157395.000 ns	     15738	800037a4	21199c53	fsgnjn.s	f24,f19,f17	 f19:0x7fc00000 f17:0x7fc00000 f24=0xffc00000
     157415.000 ns	     15740	800037a8	44d40a13	addi	x20,x8,1101	  x8:0x00000000 x20=0x0000044d
     157435.000 ns	     15742	800037ac	02a832b3	mulhu	x5,x16,x10	 x16:0x00000000 x10:0x00000000  x5=0x00000000
     157455.000 ns	     15744	800037b0	0009d333	srl	x6,x19,x0	 x19:0x800409bb  x0:0x00000000  x6=0x800409bb
     157465.000 ns	     15745	800037b4	013d70b3	and	x1,x26,x19	 x26:0xffffffff x19:0x800409bb  x1=0x800409bb
     157475.000 ns	     15746	800037b8	f5cc2593	slti	x11,x24,-164	 x24:0x00000000 x11=0x00000000
     157505.000 ns	     15749	800037bc	11eaa3d3	fmul.s	f7,f21,f30	 f21:0x00000000 f30:0x46047c4f  f7=0x00000000
     157535.000 ns	     15752	800037c0	d00682d3	fcvt.s.w	f5,x13	 x13:0x00000000  f5=0x00000000
     157565.000 ns	     15755	800037c4	033490b3	mulh	x1,x9,x19	  x9:0x80000000 x19:0x800409bb  x1=0x3ffdfb22
     157595.000 ns	     15758	800037c8	e00e9153	fclass.s	x2,f29	 f29:0x7f800000  x2=0x00000080
     157625.000 ns	     15761	800037cc	20b79853	fsgnjn.s	f16,f15,f11	 f15:0x00000000 f11:0x7fc00000 f16=0x80000000
     158805.000 ns	     15879	800037d0	5800a1d3	fsqrt.s	f3,f1	  f1:0x47350461  f3=0x42fffef4
     158855.000 ns	     15884	800037d4	0104f9d3	fadd.s	f19,f9,f16	  f9:0x00000000 f16:0x80000000 f19=0x80000000
     158875.000 ns	     15886	800037d8	00cfc2b3	xor	x5,x31,x12	 x31:0x00000000 x12:0xfffffffd  x5=0xfffffffd
     158895.000 ns	     15888	800037dc	c0133953	fcvt.wu.s	x18,f6	  f6:0x7fc00000 x18=0xffffffff
     158915.000 ns	     15890	800037e0	01764333	xor	x6,x12,x23	 x12:0xfffffffd x23:0x80040fe4  x6=0x7ffbf019
     158925.000 ns	     15891	800037e4	004f8d33	add	x26,x31,x4	 x31:0x00000000  x4:0x80000000 x26=0x80000000
     158945.000 ns	     15893	800037e8	21ec9353	fsgnjn.s	f6,f25,f30	 f25:0x432e0000 f30:0x46047c4f  f6=0xc32e0000
     158975.000 ns	     15896	800037ec	21e20153	fsgnj.s	f2,f4,f30	  f4:0x00000000 f30:0x46047c4f  f2=0x00000000
     159005.000 ns	     15899	800037f0	29651653	fmax.s	f12,f10,f22	 f10:0x7fc00000 f22:0xc3260000 f12=0xc3260000
     159025.000 ns	     15901	800037f4	01470f33	add	x30,x14,x20	 x14:0xffffff7e x20:0x0000044d x30=0x000003cb
     159035.000 ns	     15902	800037f8	0083a933	slt	x18,x7,x8	  x7:0x00000000  x8:0x00000000 x18=0x00000000
     159395.000 ns	     15938	800037fc	0398f6b3	remu	x13,x17,x25	 x17:0xffffff7c x25:0xfffffd38 x13=0x00000244
     159425.000 ns	     15941	80003800	c01dfa53	fcvt.wu.s	x20,f27	 f27:0x7fc00000 x20=0xffffffff
     159455.000 ns	     15944	80003804	c01275d3	fcvt.wu.s	x11,f4	  f4:0x00000000 x11=0x00000000
     159475.000 ns	     15946	80003808	98dffc17	auipc	x24,0x98dff	 x24=0x18e02808
     159495.000 ns	     15948	8000380c	02e20fb3	mul	x31,x4,x14	  x4:0x80000000 x14:0xffffff7e x31=0x00000000
     159515.000 ns	     15950	80003810	402f8133	sub	x2,x31,x2	 x31:0x00000000  x2:0x00000080  x2=0xffffff80
     159525.000 ns	     15951	80003814	1bc3f313	andi	x6,x7,444	  x7:0x00000000  x6=0x00000000
     159545.000 ns	     15953	80003818	d01b83d3	fcvt.s.wu	f7,x23	 x23:0x80040fe4  f7=0x4f000410
     159915.000 ns	     15990	8000381c	039a42b3	div	x5,x20,x25	 x20:0xffffffff x25:0xfffffd38  x5=0x00000000
     159945.000 ns	     15993	80003820	21421ed3	fsgnjn.s	f29,f4,f20	  f4:0x00000000 f20:0x46047c4f f29=0x80000000
     159975.000 ns	     15996	80003824	280400d3	fmin.s	f1,f8,f0	  f8:0x00000000  f0:0x4f7fffff  f1=0x00000000
     159995.000 ns	     15998	80003828	776df393	andi	x7,x27,1910	 x27:0xf1936e1b  x7=0x00000612
     160005.000 ns	     15999	8000382c	7e736a93	ori	x21,x6,2023	  x6:0x00000000 x21=0x000007e7
     160015.000 ns	     16000	80003830	008cb4b3	sltu	x9,x25,x8	 x25:0xfffffd38  x8:0x00000000  x9=0x00000000
     160025.000 ns	     16001	80003834	a46ab493	sltiu	x9,x21,-1466	 x21:0xc1453000  x9=0x00000001
     160055.000 ns	     16004	80003838	105428d3	fmul.s	f17,f8,f5	  f8:0x00000000  f5:0x00000000 f17=0x00000000
     160075.000 ns	     16006	8000383c	001c4b33	xor	x22,x24,x1	 x24:0x18e02808  x1:0x3ffdfb22 x22=0x271dd32a
     160085.000 ns	     16007	80003840	c2d1a193	slti	x3,x3,-979	  x3:0x00000000  x3=0x00000000
     160095.000 ns	     16008	80003844	00bb1c93	slli	x25,x22,0xb	 x22:0x000000ae x25=0xee995000
     160115.000 ns	     16010	80003848	0380bfb3	mulhu	x31,x1,x24	  x1:0x3ffdfb22 x24:0x18e02808 x31=0x0637d7c8
     160145.000 ns	     16013	8000384c	287f9e53	fmax.s	f28,f31,f7	 f31:0x00000000  f7:0x4f000410 f28=0x4f000410
     160175.000 ns	     16016	80003850	030d0333	mul	x6,x26,x16	 x26:0x80000000 x16:0x00000000  x6=0x00000000
     160205.000 ns	     16019	80003854	a09b8353	fle.s	x6,f23,f9	 f23:0x80000000  f9:0x00000000  x6=0x00000001
     160225.000 ns	     16021	80003858	498f97b7	lui	x15,0x498f9	 x15=0x498f9000
     160235.000 ns	     16022	8000385c	01f4a433	slt	x8,x9,x31	  x9:0x00000001 x31:0x0637d7c8  x8=0x00000001
     160255.000 ns	     16024	80003860	c008f053	fcvt.w.s	x0,f17	 f17:0x00000000
     160275.000 ns	     16026	80003864	0101bcb3	sltu	x25,x3,x16	  x3:0x00000000 x16:0x00000000 x25=0x00000000
     160285.000 ns	     16027	80003868	eab3b393	sltiu	x7,x7,-341	  x7:0x00000612  x7=0x00000001
     160305.000 ns	     16029	8000386c	d019f453	fcvt.s.wu	f8,x19	 x19:0x800409bb  f8=0x4f000409
     160325.000 ns	     16031	80003870	245b56b7	lui	x13,0x245b5	 x13=0x245b5000
     160335.000 ns	     16032	80003874	40d658b3	sra	x17,x12,x13	 x12:0xfffffffd x13:0x00000244 x17=0xfffffffd
     160345.000 ns	     16033	80003878	b987b113	sltiu	x2,x15,-1128	 x15:0x498f9000  x2=0x00000001
     160355.000 ns	     16034	8000387c	01c15833	srl	x16,x2,x28	  x2:0xffffff80 x28:0x80041024 x16=0x00000000
     160365.000 ns	     16035	80003880	01d6a2b3	slt	x5,x13,x29	 x13:0x245b5000 x29:0x00000000  x5=0x00000000
     160385.000 ns	     16037	80003884	e00b1853	fclass.s	x16,f22	 f22:0xc3260000 x16=0x00000002
     160405.000 ns	     16039	80003888	01a464b3	or	x9,x8,x26	  x8:0x00000001 x26:0x80000000  x9=0x80000001
     160415.000 ns	     16040	8000388c	ba47ca13	xori	x20,x15,-1116	 x15:0x498f9000 x20=0xb6706ba4
     160435.000 ns	     16042	80003890	29931453	fmax.s	f8,f6,f25	  f6:0xc32e0000 f25:0x432e0000  f8=0x432e0000
     160465.000 ns	     16045	80003894	c017a153	fcvt.wu.s	x2,f15	 f15:0x00000000  x2=0x00000000
     160485.000 ns	     16047	80003898	014ef933	and	x18,x29,x20	 x29:0x00000000 x20:0xb6706ba4 x18=0x00000000
     160495.000 ns	     16048	8000389c	7fc6ea93	ori	x21,x13,2044	 x13:0x245b5000 x21=0x245b57fc
     160505.000 ns	     16049	800038a0	41de6713	ori	x14,x28,1053	 x28:0x80041024 x14=0x8004143d
     160515.000 ns	     16050	800038a4	01c427b3	slt	x15,x8,x28	  x8:0x00000001 x28:0x80041024 x15=0x00000000
     160525.000 ns	     16051	800038a8	011c9993	slli	x19,x25,0x11	 x25:0x00000000 x19=0x00000000
     160535.000 ns	     16052	800038ac	01643933	sltu	x18,x8,x22	  x8:0x00000001 x22:0x271dd32a x18=0x00000001
     160545.000 ns	     16053	800038b0	5064a637	lui	x12,0x5064a	 x12=0x5064a000
     160555.000 ns	     16054	800038b4	00a003b3	add	x7,x0,x10	  x0:0x00000000 x10:0x00000000  x7=0x00000000
     160565.000 ns	     16055	800038b8	00000013	addi	x0,x0,0	  x0:0x00000000
     160585.000 ns	     16057	800038bc	2156abd3	fsgnjx.s	f23,f13,f21	 f13:0x7fc00000 f21:0x00000000 f23=0x7fc00000
     160615.000 ns	     16060	800038c0	c0039053	fcvt.w.s	x0,f7	  f7:0x4f000410
     160635.000 ns	     16062	800038c4	00610333	add	x6,x2,x6	  x2:0x00000000  x6:0x00000001  x6=0x00000001
     160645.000 ns	     16063	800038c8	e56ee493	ori	x9,x29,-426	 x29:0x00000000  x9=0xfffffe56
     160665.000 ns	     16065	800038cc	02a205b3	mul	x11,x4,x10	  x4:0x80000000 x10:0x00000000 x11=0x00000000
     160715.000 ns	     16070	800038d0	00997753	fadd.s	f14,f18,f9	 f18:0x422ec4b3  f9:0x00000000 f14=0x422ec4b3
     160735.000 ns	     16072	800038d4	dce36593	ori	x11,x6,-562	  x6:0x00000001 x11=0xfffffdcf
     160745.000 ns	     16073	800038d8	c5d28413	addi	x8,x5,-931	  x5:0x00000000  x8=0xfffffc5d
     160765.000 ns	     16075	800038dc	282912d3	fmax.s	f5,f18,f2	 f18:0x422ec4b3  f2:0x00000000  f5=0x422ec4b3
     161135.000 ns	     16112	800038e0	03c6c2b3	div	x5,x13,x28	 x13:0x245b5000 x28:0x80041024  x5=0x00000000
     161155.000 ns	     16114	800038e4	08a00593	addi	x11,x0,138	  x0:0x00000000 x11=0x0000008a
     161165.000 ns	     16115	800038e8	40c3d993	srai	x19,x7,0xc	  x7:0x00000000 x19=0x00000000
     161175.000 ns	     16116	800038ec	f2beba93	sltiu	x21,x29,-213	 x29:0x00000000 x21=0x00000001
     161185.000 ns	     16117	800038f0	0179b933	sltu	x18,x19,x23	 x19:0x00000000 x23:0x80040fe4 x18=0x00000001
     161195.000 ns	     16118	800038f4	00efa9b3	slt	x19,x31,x14	 x31:0x0637d7c8 x14:0x8004143d x19=0x00000000
     161205.000 ns	     16119	800038f8	416c04b3	sub	x9,x24,x22	 x24:0x18e02808 x22:0x271dd32a  x9=0xf1c254de
     161215.000 ns	     16120	800038fc	010695b3	sll	x11,x13,x16	 x13:0x245b5000 x16:0x00000002 x11=0x916d4000
     161225.000 ns	     16121	80003900	1464aa13	slti	x20,x9,326	  x9:0xfffffe56 x20=0x00000001
     161245.000 ns	     16123	80003904	21be8ad3	fsgnj.s	f21,f29,f27	 f29:0x80000000 f27:0x7fc00000 f21=0x00000000
     161265.000 ns	     16125	80003908	009eb633	sltu	x12,x29,x9	 x29:0x00000000  x9:0xf1c254de x12=0x00000001
     161275.000 ns	     16126	8000390c	415a0eb3	sub	x29,x20,x21	 x20:0x00000001 x21:0x00000001 x29=0x00000000
     161285.000 ns	     16127	80003910	00cf69b3	or	x19,x30,x12	 x30:0x000003cb x12:0x5064a000 x19=0x000003cb
     161295.000 ns	     16128	80003914	413459b3	sra	x19,x8,x19	  x8:0xfffffc5d x19:0x00000000 x19=0xffffffff
     161315.000 ns	     16130	80003918	a1039253	flt.s	x4,f7,f16	  f7:0x4f000410 f16:0x80000000  x4=0x00000000
     161345.000 ns	     16133	8000391c	a10e19d3	flt.s	x19,f28,f16	 f28:0x4f000410 f16:0x80000000 x19=0x00000000
     161365.000 ns	     16135	80003920	34ba7cb7	lui	x25,0x34ba7	 x25=0x34ba7000
     161375.000 ns	     16136	80003924	01354eb3	xor	x29,x10,x19	 x10:0x00000000 x19:0x00000000 x29=0x00000000
     161385.000 ns	     16137	80003928	000e8633	add	x12,x29,x0	 x29:0x00000000  x0:0x00000000 x12=0x00000000
     161405.000 ns	     16139	8000392c	d00243d3	fcvt.s.w	f7,x4	  x4:0x00000000  f7=0x00000000
     161775.000 ns	     16176	80003930	03917033	remu	x0,x2,x25	  x2:0x00000000 x25:0x34ba7000
     161795.000 ns	     16178	80003934	00000013	addi	x0,x0,0	  x0:0x00000000
     161815.000 ns	     16180	80003938	d0071a53	fcvt.s.w	f20,x14	 x14:0x8004143d f20=0xcefff7d7
     161845.000 ns	     16183	8000393c	0302a733	mulhsu	x14,x5,x16	  x5:0x00000000 x16:0x00000002 x14=0x00000000
     161865.000 ns	     16185	80003940	5a4c5137	lui	x2,0x5a4c5	  x2=0x5a4c5000
     161875.000 ns	     16186	80003944	68bb2213	slti	x4,x22,1675	 x22:0x271dd32a  x4=0x00000000
     161885.000 ns	     16187	80003948	7530b513	sltiu	x10,x1,1875	  x1:0x3ffdfb22 x10=0x00000000
     161905.000 ns	     16189	8000394c	025ac7b3	div	x15,x21,x5	 x21:0x00000001  x5:0x00000000 x15=0xffffffff
     161935.000 ns	     16192	80003950	f00e86d3	fmv.w.x	f13,x29	 x29:0x00000000 f13=0x00000000
     161965.000 ns	     16195	80003954	e0021753	fclass.s	x14,f4	  f4:0x00000000 x14=0x00000010
     161985.000 ns	     16197	80003958	00979193	slli	x3,x15,0x9	 x15:0xffffffff  x3=0xfffffe00
     162005.000 ns	     16199	8000395c	a0aa89d3	fle.s	x19,f21,f10	 f21:0x00000000 f10:0x7fc00000 x19=0x00000000
     162025.000 ns	     16201	80003960	00981133	sll	x2,x16,x9	 x16:0x00000002  x9:0xf1c254de  x2=0x80000000
     162035.000 ns	     16202	80003964	00f35333	srl	x6,x6,x15	  x6:0x00000001 x15:0xffffffff  x6=0x00000000
     162045.000 ns	     16203	80003968	01a6bfb3	sltu	x31,x13,x26	 x13:0x245b5000 x26:0x80000000 x31=0x00000001
     162055.000 ns	     16204	8000396c	41b24313	xori	x6,x4,1051	  x4:0x00000000  x6=0x0000041b
     162065.000 ns	     16205	80003970	00000013	addi	x0,x0,0	  x0:0x00000000
     162075.000 ns	     16206	80003974	00a0e633	or	x12,x1,x10	  x1:0x3ffdfb22 x10:0x00000000 x12=0x3ffdfb22
     162085.000 ns	     16207	80003978	40155413	srai	x8,x10,0x1	 x10:0x00000000  x8=0x00000000
     162095.000 ns	     16208	8000397c	51e5aa13	slti	x20,x11,1310	 x11:0x916d4000 x20=0x00000001
     162105.000 ns	     16209	80003980	013751b3	srl	x3,x14,x19	 x14:0x00000010 x19:0x00000000  x3=0x00000010
     162135.000 ns	     16212	80003984	198ff6d3	fdiv.s	f13,f31,f24	 f31:0x00000000 f24:0xffc00000 f13=0x7fc00000
     162155.000 ns	     16214	80003988	014c81b3	add	x3,x25,x20	 x25:0x34ba7000 x20:0x00000001  x3=0x34ba7001
     162165.000 ns	     16215	8000398c	01f0a1b3	slt	x3,x1,x31	  x1:0x3ffdfb22 x31:0x00000001  x3=0x00000000
     162175.000 ns	     16216	80003990	d30090b7	lui	x1,0xd3009	  x1=0xd3009000
     162185.000 ns	     16217	80003994	bec93a17	auipc	x20,0xbec93	 x20=0x3ec96994
     162205.000 ns	     16219	80003998	e00813d3	fclass.s	x7,f16	 f16:0x80000000  x7=0x00000008
     162225.000 ns	     16221	8000399c	01702533	slt	x10,x0,x23	  x0:0x00000000 x23:0x80040fe4 x10=0x00000000
     162235.000 ns	     16222	800039a0	00ae49b3	xor	x19,x28,x10	 x28:0x80041024 x10:0x00000000 x19=0x80041024
     162245.000 ns	     16223	800039a4	2a016993	ori	x19,x2,672	  x2:0x80000000 x19=0x800002a0
     162605.000 ns	     16259	800039a8	03c4f7b3	remu	x15,x9,x28	  x9:0xf1c254de x28:0x80041024 x15=0x71be44ba
     162975.000 ns	     16296	800039ac	0339c0b3	div	x1,x19,x19	 x19:0x80041024 x19:0x80041024  x1=0x00000001
     163345.000 ns	     16333	800039b0	02c95033	divu	x0,x18,x12	 x18:0x00000001 x12:0x3ffdfb22
     163365.000 ns	     16335	800039b4	01449893	slli	x17,x9,0x14	  x9:0xf1c254de x17=0x4de00000
     164535.000 ns	     16452	800039b8	5801b7d3	fsqrt.s	f15,f3	  f3:0x42fffef4 f15=0x4135044e
     164555.000 ns	     16454	800039bc	019d13b3	sll	x7,x26,x25	 x26:0x80000000 x25:0x34ba7000  x7=0x80000000
     164565.000 ns	     16455	800039c0	01eac1b3	xor	x3,x21,x30	 x21:0x00000001 x30:0x000003cb  x3=0x000003ca
     164585.000 ns	     16457	800039c4	200fa1d3	fsgnjx.s	f3,f31,f0	 f31:0x00000000  f0:0x4f7fffff  f3=0x00000000
     164615.000 ns	     16460	800039c8	d01b7ed3	fcvt.s.wu	f29,x22	 x22:0x271dd32a f29=0x4e1c774c
     164985.000 ns	     16497	800039cc	03ae6833	rem	x16,x28,x26	 x28:0x80041024 x26:0x80000000 x16=0x80041024
     165025.000 ns	     16501	800039d0	189df3d3	fdiv.s	f7,f27,f9	 f27:0x7fc00000  f9:0x00000000  f7=0x7fc00000
     165045.000 ns	     16503	800039d4	8e00ae93	slti	x29,x1,-1824	  x1:0x00000001 x29=0x00000000
     165055.000 ns	     16504	800039d8	7f3e0c93	addi	x25,x28,2035	 x28:0x80041024 x25=0x80041817
     165095.000 ns	     16508	800039dc	08c77253	fsub.s	f4,f14,f12	 f14:0x422ec4b3 f12:0xc3260000  f4=0x4351b12c
     165125.000 ns	     16511	800039e0	d0132e53	fcvt.s.wu	f28,x6	  x6:0x0000041b f28=0x44836000
     165165.000 ns	     16515	800039e4	105afbd3	fmul.s	f23,f21,f5	 f21:0x00000000  f5:0x422ec4b3 f23=0x00000000
     165195.000 ns	     16518	800039e8	d00afcd3	fcvt.s.w	f25,x21	 x21:0x00000001 f25=0x3f800000
     165225.000 ns	     16521	800039ec	a0239153	flt.s	x2,f7,f2	  f7:0x7fc00000  f2:0x00000000  x2=0x00000000
     165245.000 ns	     16523	800039f0	01014033	xor	x0,x2,x16	  x2:0x80000000 x16:0x80041024
     165605.000 ns	     16559	800039f4	0374eab3	rem	x21,x9,x23	  x9:0xf1c254de x23:0x80040fe4 x21=0xf1c254de
     165975.000 ns	     16596	800039f8	03e6f8b3	remu	x17,x13,x30	 x13:0x245b5000 x30:0x000003cb x17=0x00000119
     165995.000 ns	     16598	800039fc	a6ec0193	addi	x3,x24,-1426	 x24:0x18e02808  x3=0x18e02276
     166015.000 ns	     16600	80003a00	a13b9453	flt.s	x8,f23,f19	 f23:0x00000000 f19:0x80000000  x8=0x00000000
     166035.000 ns	     16602	80003a04	41720b33	sub	x22,x4,x23	  x4:0x00000000 x23:0x80040fe4 x22=0x7ffbf01c
     166045.000 ns	     16603	80003a08	007857b3	srl	x15,x16,x7	 x16:0x80041024  x7:0x80000000 x15=0x80041024
     166075.000 ns	     16606	80003a0c	116c7ad3	fmul.s	f21,f24,f22	 f24:0xffc00000 f22:0xc3260000 f21=0x7fc00000
     166115.000 ns	     16610	80003a10	19fc4f53	fdiv.s	f30,f24,f31	 f24:0xffc00000 f31:0x00000000 f30=0x7fc00000
     166145.000 ns	     16613	80003a14	e0098cd3	fmv.x.w	x25,f19	 f19:0x80000000 x25=0x80000000
     166165.000 ns	     16615	80003a18	4727a993	slti	x19,x15,1138	 x15:0x80041024 x19=0x00000001
     166195.000 ns	     16618	80003a1c	108bc6d3	fmul.s	f13,f23,f8	 f23:0x00000000  f8:0x432e0000 f13=0x00000000
     166215.000 ns	     16620	80003a20	00295d13	srli	x26,x18,0x2	 x18:0x00000001 x26=0x00000000
     166235.000 ns	     16622	80003a24	a0c58a53	fle.s	x20,f11,f12	 f11:0x7fc00000 f12:0xc3260000 x20=0x00000000
     166265.000 ns	     16625	80003a28	032dacb3	mulhsu	x25,x27,x18	 x27:0xf1936e1b x18:0x00000001 x25=0xffffffff
     166285.000 ns	     16627	80003a2c	01909713	slli	x14,x1,0x19	  x1:0x00000001 x14=0x02000000
     166295.000 ns	     16628	80003a30	405601b3	sub	x3,x12,x5	 x12:0x3ffdfb22  x5:0x00000000  x3=0x3ffdfb22
     166315.000 ns	     16630	80003a34	f0050053	fmv.w.x	f0,x10	 x10:0x00000000  f0=0x00000000
     166365.000 ns	     16635	80003a38	08c93953	fsub.s	f18,f18,f12	 f18:0x422ec4b3 f12:0xc3260000 f18=0x4351b12d
     166395.000 ns	     16638	80003a3c	a14a1a53	flt.s	x20,f20,f20	 f20:0xcefff7d7 f20:0xcefff7d7 x20=0x00000000
     166415.000 ns	     16640	80003a40	41ba5e93	srai	x29,x20,0x1b	 x20:0x00000000 x29=0x00000000
     166435.000 ns	     16642	80003a44	21841253	fsgnjn.s	f4,f8,f24	  f8:0x432e0000 f24:0xffc00000  f4=0x432e0000
     166465.000 ns	     16645	80003a48	c01af8d3	fcvt.wu.s	x17,f21	 f21:0x7fc00000 x17=0xffffffff
     166485.000 ns	     16647	80003a4c	01d0c2b3	xor	x5,x1,x29	  x1:0x00000001 x29:0x00000000  x5=0x00000001
     166495.000 ns	     16648	80003a50	ba172c93	slti	x25,x14,-1119	 x14:0x02000000 x25=0x00000000
     166515.000 ns	     16650	80003a54	03093533	mulhu	x10,x18,x16	 x18:0x00000001 x16:0x80041024 x10=0x00000000
     166545.000 ns	     16653	80003a58	d01bf6d3	fcvt.s.wu	f13,x23	 x23:0x80040fe4 f13=0x4f00040f
     166565.000 ns	     16655	80003a5c	008e25b3	slt	x11,x28,x8	 x28:0x80041024  x8:0x00000000 x11=0x00000001
     166605.000 ns	     16659	80003a60	01327c53	fadd.s	f24,f4,f19	  f4:0x432e0000 f19:0x80000000 f24=0x432e0000
     166635.000 ns	     16662	80003a64	21c3a9d3	fsgnjx.s	f19,f7,f28	  f7:0x7fc00000 f28:0x44836000 f19=0x7fc00000
     166665.000 ns	     16665	80003a68	d01cf4d3	fcvt.s.wu	f9,x25	 x25:0x00000000  f9=0x00000000
     166695.000 ns	     16668	80003a6c	0201e4b3	rem	x9,x3,x0	  x3:0x3ffdfb22  x0:0x00000000  x9=0x3ffdfb22
     166715.000 ns	     16670	80003a70	0106deb3	srl	x29,x13,x16	 x13:0x245b5000 x16:0x80041024 x29=0x0245b500
     166735.000 ns	     16672	80003a74	20b19a53	fsgnjn.s	f20,f3,f11	  f3:0x00000000 f11:0x7fc00000 f20=0x80000000
     167105.000 ns	     16709	80003a78	02b04933	div	x18,x0,x11	  x0:0x00000000 x11:0x00000001 x18=0x00000000
     167135.000 ns	     16712	80003a7c	28c81e53	fmax.s	f28,f16,f12	 f16:0x80000000 f12:0xc3260000 f28=0x80000000
     167155.000 ns	     16714	80003a80	006e2433	slt	x8,x28,x6	 x28:0x80041024  x6:0x0000041b  x8=0x00000001
     167515.000 ns	     16750	80003a84	0311eab3	rem	x21,x3,x17	  x3:0x3ffdfb22 x17:0xffffffff x21=0x00000000
     167535.000 ns	     16752	80003a88	ca5bce93	xori	x29,x23,-859	 x23:0x80040fe4 x29=0x7ffbf341
     167545.000 ns	     16753	80003a8c	a7fcb193	sltiu	x3,x25,-1409	 x25:0x00000000  x3=0x00000001
     167565.000 ns	     16755	80003a90	032feeb3	rem	x29,x31,x18	 x31:0x00000001 x18:0x00000000 x29=0x00000001
     167595.000 ns	     16758	80003a94	297d0cd3	fmin.s	f25,f26,f23	 f26:0x7fc00000 f23:0x00000000 f25=0x00000000
     167625.000 ns	     16761	80003a98	a1302053	feq.s	x0,f0,f19	  f0:0x00000000 f19:0x7fc00000
     167645.000 ns	     16763	80003a9c	00915d33	srl	x26,x2,x9	  x2:0x00000000  x9:0x3ffdfb22 x26=0x00000000
     167655.000 ns	     16764	80003aa0	419400b3	sub	x1,x8,x25	  x8:0x00000001 x25:0x00000000  x1=0x00000001
     167665.000 ns	     16765	80003aa4	0031a933	slt	x18,x3,x3	  x3:0x00000001  x3:0x00000001 x18=0x00000000
     167675.000 ns	     16766	80003aa8	01e75213	srli	x4,x14,0x1e	 x14:0x02000000  x4=0x00000000
     167685.000 ns	     16767	80003aac	017a1333	sll	x6,x20,x23	 x20:0x00000000 x23:0x80040fe4  x6=0x00000000
     167705.000 ns	     16769	80003ab0	03e1b7b3	mulhu	x15,x3,x30	  x3:0x00000001 x30:0x000003cb x15=0x00000000
     167725.000 ns	     16771	80003ab4	080a5997	auipc	x19,0x80a5	 x19=0x880a8ab4
     167735.000 ns	     16772	80003ab8	40dad913	srai	x18,x21,0xd	 x21:0x00000000 x18=0x00000000
     167745.000 ns	     16773	80003abc	409dd733	sra	x14,x27,x9	 x27:0xf1936e1b  x9:0x3ffdfb22 x14=0xfc64db86
     168105.000 ns	     16809	80003ac0	036a5eb3	divu	x29,x20,x22	 x20:0x00000000 x22:0x7ffbf01c x29=0x00000000
     168125.000 ns	     16811	80003ac4	1eea4113	xori	x2,x20,494	 x20:0x00000000  x2=0x000001ee
     168165.000 ns	     16815	80003ac8	0810ffd3	fsub.s	f31,f1,f1	  f1:0x00000000  f1:0x00000000 f31=0x80000000
     168185.000 ns	     16817	80003acc	cb8e2e93	slti	x29,x28,-840	 x28:0x80041024 x29=0x00000001
     168195.000 ns	     16818	80003ad0	ee0041b7	lui	x3,0xee004	  x3=0xee004000
     168205.000 ns	     16819	80003ad4	004ef9b3	and	x19,x29,x4	 x29:0x00000000  x4:0x00000000 x19=0x00000000
     168225.000 ns	     16821	80003ad8	03339c33	mulh	x24,x7,x19	  x7:0x80000000 x19:0x880a8ab4 x24=0x00000000
     168275.000 ns	     16826	80003adc	01b7fed3	fadd.s	f29,f15,f27	 f15:0x4135044e f27:0x7fc00000 f29=0x7fc00000
     168305.000 ns	     16829	80003ae0	f0088153	fmv.w.x	f2,x17	 x17:0xffffffff  f2=0xffffffff
     168335.000 ns	     16832	80003ae4	21c0abd3	fsgnjx.s	f23,f1,f28	  f1:0x00000000 f28:0x80000000 f23=0x80000000
     168355.000 ns	     16834	80003ae8	00b8e7b3	or	x15,x17,x11	 x17:0xffffffff x11:0x00000001 x15=0xffffffff
     168365.000 ns	     16835	80003aec	01f1dc13	srli	x24,x3,0x1f	  x3:0xee004000 x24=0x00000001
     168385.000 ns	     16837	80003af0	025f0ab3	mul	x21,x30,x5	 x30:0x000003cb  x5:0x00000001 x21=0x000003cb
     168415.000 ns	     16840	80003af4	29839753	fmax.s	f14,f7,f24	  f7:0x7fc00000 f24:0x432e0000 f14=0x432e0000
     168435.000 ns	     16842	80003af8	008e40b3	xor	x1,x28,x8	 x28:0x80041024  x8:0x00000001  x1=0x80041025
     168455.000 ns	     16844	80003afc	e00d1153	fclass.s	x2,f26	 f26:0x7fc00000  x2=0x00000200
     168475.000 ns	     16846	80003b00	41f001b3	sub	x3,x0,x31	  x0:0x00000000 x31:0x00000001  x3=0xffffffff
     168495.000 ns	     16848	80003b04	a0231253	flt.s	x4,f6,f2	  f6:0xc32e0000  f2:0xffffffff  x4=0x00000000
     168515.000 ns	     16850	80003b08	01a03833	sltu	x16,x0,x26	  x0:0x00000000 x26:0x00000000 x16=0x00000000
     168525.000 ns	     16851	80003b0c	1b91bf17	auipc	x30,0x1b91b	 x30=0x9b91eb0c
     168555.000 ns	     16854	80003b10	580df653	fsqrt.s	f12,f27	 f27:0x7fc00000 f12=0x7fc00000
     168585.000 ns	     16857	80003b14	f00105d3	fmv.w.x	f11,x2	  x2:0x00000200 f11=0x00000200
     168605.000 ns	     16859	80003b18	00045833	srl	x16,x8,x0	  x8:0x00000001  x0:0x00000000 x16=0x00000001
     168625.000 ns	     16861	80003b1c	f0080fd3	fmv.w.x	f31,x16	 x16:0x00000000 f31=0x00000001
     168645.000 ns	     16863	80003b20	01b13133	sltu	x2,x2,x27	  x2:0x00000200 x27:0xf1936e1b  x2=0x00000001
     168685.000 ns	     16867	80003b24	08543553	fsub.s	f10,f8,f5	  f8:0x432e0000  f5:0x422ec4b3 f10=0x43024ed4
     168705.000 ns	     16869	80003b28	01ea33b3	sltu	x7,x20,x30	 x20:0x00000000 x30:0x9b91eb0c  x7=0x00000001
     168725.000 ns	     16871	80003b2c	2031a253	fsgnjx.s	f4,f3,f3	  f3:0x00000000  f3:0x00000000  f4=0x00000000
     168745.000 ns	     16873	80003b30	00778633	add	x12,x15,x7	 x15:0xffffffff  x7:0x80000000 x12=0x00000000
     168755.000 ns	     16874	80003b34	9e9c6813	ori	x16,x24,-1559	 x24:0x00000001 x16=0xfffff9e9
     168775.000 ns	     16876	80003b38	d00efe53	fcvt.s.w	f28,x29	 x29:0x00000001 f28=0x3f800000
     168795.000 ns	     16878	80003b3c	01ad2633	slt	x12,x26,x26	 x26:0x00000000 x26:0x00000000 x12=0x00000000
     168805.000 ns	     16879	80003b40	da197693	andi	x13,x18,-607	 x18:0x00000000 x13=0x00000000
     168815.000 ns	     16880	80003b44	00000013	addi	x0,x0,0	  x0:0x00000000
     168825.000 ns	     16881	80003b48	00000013	addi	x0,x0,0	  x0:0x00000000
     168835.000 ns	     16882	80003b4c	016e87b3	add	x15,x29,x22	 x29:0x00000001 x22:0x7ffbf01c x15=0x7ffbf01d
     168855.000 ns	     16884	80003b50	030f0133	mul	x2,x30,x16	 x30:0x9b91eb0c x16:0xfffff9e9  x2=0x9a6199ec
     168885.000 ns	     16887	80003b54	21d21453	fsgnjn.s	f8,f4,f29	  f4:0x00000000 f29:0x7fc00000  f8=0x80000000
     168905.000 ns	     16889	80003b58	88666713	ori	x14,x12,-1914	 x12:0x00000000 x14=0xfffff886
     168925.000 ns	     16891	80003b5c	2138ac53	fsgnjx.s	f24,f17,f19	 f17:0x00000000 f19:0x7fc00000 f24=0x00000000
     168945.000 ns	     16893	80003b60	40bc5ab3	sra	x21,x24,x11	 x24:0x00000001 x11:0x00000001 x21=0x00000000
     168955.000 ns	     16894	80003b64	4078d293	srai	x5,x17,0x7	 x17:0xffffffff  x5=0xffffffff
     169315.000 ns	     16930	80003b68	0225f733	remu	x14,x11,x2	 x11:0x00000001  x2:0x9a6199ec x14=0x00000001
     169345.000 ns	     16933	80003b6c	a1a397d3	flt.s	x15,f7,f26	  f7:0x7fc00000 f26:0x7fc00000 x15=0x00000000
     169375.000 ns	     16936	80003b70	c0007b53	fcvt.w.s	x22,f0	  f0:0x00000000 x22=0x00000000
     169395.000 ns	     16938	80003b74	00f1f233	and	x4,x3,x15	  x3:0xffffffff x15:0x00000000  x4=0x00000000
     169405.000 ns	     16939	80003b78	00311213	slli	x4,x2,0x3	  x2:0x9a6199ec  x4=0xd30ccf60
     169425.000 ns	     16941	80003b7c	e00c0ed3	fmv.x.w	x29,f24	 f24:0x00000000 x29=0x00000000
     169455.000 ns	     16944	80003b80	029bb8b3	mulhu	x17,x23,x9	 x23:0x80040fe4  x9:0x3ffdfb22 x17=0x20000181
     169485.000 ns	     16947	80003b84	031984b3	mul	x9,x19,x17	 x19:0x00000000 x17:0xffffffff  x9=0x00000000
     169505.000 ns	     16949	80003b88	413d8233	sub	x4,x27,x19	 x27:0xf1936e1b x19:0x00000000  x4=0xf1936e1b
     169525.000 ns	     16951	80003b8c	20e11153	fsgnjn.s	f2,f2,f14	  f2:0xffffffff f14:0x432e0000  f2=0xffffffff
     169565.000 ns	     16955	80003b90	1908a1d3	fdiv.s	f3,f17,f16	 f17:0x00000000 f16:0x80000000  f3=0x7fc00000
     169595.000 ns	     16958	80003b94	02721933	mulh	x18,x4,x7	  x4:0xf1936e1b  x7:0x00000001 x18=0xffffffff
     169625.000 ns	     16961	80003b98	d01c3ed3	fcvt.s.wu	f29,x24	 x24:0x00000001 f29=0x3f800000
     169655.000 ns	     16964	80003b9c	20152f53	fsgnjx.s	f30,f10,f1	 f10:0x43024ed4  f1:0x00000000 f30=0x43024ed4
     169685.000 ns	     16967	80003ba0	e00c0ed3	fmv.x.w	x29,f24	 f24:0x00000000 x29=0x00000000
     169715.000 ns	     16970	80003ba4	c0017353	fcvt.w.s	x6,f2	  f2:0xffffffff  x6=0x7fffffff
     169745.000 ns	     16973	80003ba8	0259aab3	mulhsu	x21,x19,x5	 x19:0x00000000  x5:0xffffffff x21=0x00000000
     169775.000 ns	     16976	80003bac	d01a7e53	fcvt.s.wu	f28,x20	 x20:0x00000000 f28=0x00000000
     169795.000 ns	     16978	80003bb0	da6bc613	xori	x12,x23,-602	 x23:0x80040fe4 x12=0x7ffbf242
     169805.000 ns	     16979	80003bb4	0012d233	srl	x4,x5,x1	  x5:0xffffffff  x1:0x80041025  x4=0x07ffffff
     169825.000 ns	     16981	80003bb8	d00bff53	fcvt.s.w	f30,x23	 x23:0x80040fe4 f30=0xcefff7e0
     169855.000 ns	     16984	80003bbc	02478fb3	mul	x31,x15,x4	 x15:0x00000000  x4:0xf1936e1b x31=0x00000000
     169885.000 ns	     16987	80003bc0	a04827d3	feq.s	x15,f16,f4	 f16:0x80000000  f4:0x00000000 x15=0x00000001
     169935.000 ns	     16992	80003bc4	087bfa53	fsub.s	f20,f23,f7	 f23:0x80000000  f7:0x7fc00000 f20=0x7fc00000
     169955.000 ns	     16994	80003bc8	01b529b3	slt	x19,x10,x27	 x10:0x00000000 x27:0xf1936e1b x19=0x00000000
     170315.000 ns	     17030	80003bcc	0230cd33	div	x26,x1,x3	  x1:0x80041025  x3:0xffffffff x26=0x7ffbefdb
     170335.000 ns	     17032	80003bd0	01a75833	srl	x16,x14,x26	 x14:0x00000001 x26:0x00000000 x16=0x00000000
     170355.000 ns	     17034	80003bd4	e0049853	fclass.s	x16,f9	  f9:0x00000000 x16=0x00000010
     170395.000 ns	     17038	80003bd8	18b0b153	fdiv.s	f2,f1,f11	  f1:0x00000000 f11:0x00000200  f2=0x00000000
     170445.000 ns	     17043	80003bdc	015df5d3	fadd.s	f11,f27,f21	 f27:0x7fc00000 f21:0x7fc00000 f11=0x7fc00000
     170475.000 ns	     17046	80003be0	02d80633	mul	x12,x16,x13	 x16:0x00000010 x13:0x00000000 x12=0x00000000
     170845.000 ns	     17083	80003be4	037563b3	rem	x7,x10,x23	 x10:0x00000000 x23:0x80040fe4  x7=0x00000000
     170865.000 ns	     17085	80003be8	01389f33	sll	x30,x17,x19	 x17:0x20000181 x19:0x00000000 x30=0x20000181
     170875.000 ns	     17086	80003bec	018e99b3	sll	x19,x29,x24	 x29:0x00000000 x24:0x00000001 x19=0x00000000
     170895.000 ns	     17088	80003bf0	207f1853	fsgnjn.s	f16,f30,f7	 f30:0xcefff7e0  f7:0x7fc00000 f16=0xcefff7e0
     170925.000 ns	     17091	80003bf4	20a79553	fsgnjn.s	f10,f15,f10	 f15:0x4135044e f10:0x43024ed4 f10=0xc135044e
     170955.000 ns	     17094	80003bf8	20bf9153	fsgnjn.s	f2,f31,f11	 f31:0x00000001 f11:0x7fc00000  f2=0x80000001
     170985.000 ns	     17097	80003bfc	d01f77d3	fcvt.s.wu	f15,x30	 x30:0x20000181 f15=0x4e000006
     171005.000 ns	     17099	80003c00	4178dab3	sra	x21,x17,x23	 x17:0x20000181 x23:0x80040fe4 x21=0x02000018
     171015.000 ns	     17100	80003c04	00dd96b3	sll	x13,x27,x13	 x27:0xf1936e1b x13:0x00000000 x13=0xf1936e1b
     171035.000 ns	     17102	80003c08	a1760753	fle.s	x14,f12,f23	 f12:0x7fc00000 f23:0x80000000 x14=0x00000000
     171065.000 ns	     17105	80003c0c	c0163753	fcvt.wu.s	x14,f12	 f12:0x7fc00000 x14=0xffffffff
     171095.000 ns	     17108	80003c10	219fa553	fsgnjx.s	f10,f31,f25	 f31:0x00000001 f25:0x00000000 f10=0x00000001
     171125.000 ns	     17111	80003c14	28a59853	fmax.s	f16,f11,f10	 f11:0x7fc00000 f10:0xc135044e f16=0x00000001
     171155.000 ns	     17114	80003c18	a1131a53	flt.s	x20,f6,f17	  f6:0xc32e0000 f17:0x00000000 x20=0x00000001
     171175.000 ns	     17116	80003c1c	34e04d37	lui	x26,0x34e04	 x26=0x34e04000
     171185.000 ns	     17117	80003c20	246c3913	sltiu	x18,x24,582	 x24:0x00000001 x18=0x00000001
     171195.000 ns	     17118	80003c24	4081d2b3	sra	x5,x3,x8	  x3:0xffffffff  x8:0x00000001  x5=0xffffffff
     171205.000 ns	     17119	80003c28	82e30793	addi	x15,x6,-2002	  x6:0x7fffffff x15=0x7ffff82d
     171215.000 ns	     17120	80003c2c	01c05fb3	srl	x31,x0,x28	  x0:0x00000000 x28:0x80041024 x31=0x00000000
     171235.000 ns	     17122	80003c30	02583cb3	mulhu	x25,x16,x5	 x16:0x00000010  x5:0xffffffff x25=0x0000000f
     171255.000 ns	     17124	80003c34	25b8c297	auipc	x5,0x25b8c	  x5=0xa5b8fc34
     171275.000 ns	     17126	80003c38	a13a2153	feq.s	x2,f20,f19	 f20:0x7fc00000 f19:0x7fc00000  x2=0x00000000
     171305.000 ns	     17129	80003c3c	03313c33	mulhu	x24,x2,x19	  x2:0x9a6199ec x19:0x00000000 x24=0x00000000
     171335.000 ns	     17132	80003c40	e00795d3	fclass.s	x11,f15	 f15:0x4e000006 x11=0x00000040
     171355.000 ns	     17134	80003c44	410e4413	xori	x8,x28,1040	 x28:0x80041024  x8=0x80041434
     171365.000 ns	     17135	80003c48	b242f193	andi	x3,x5,-1244	  x5:0xa5b8fc34  x3=0xa5b8f824
     171385.000 ns	     17137	80003c4c	218c1c53	fsgnjn.s	f24,f24,f24	 f24:0x00000000 f24:0x00000000 f24=0x80000000
     171415.000 ns	     17140	80003c50	02b83cb3	mulhu	x25,x16,x11	 x16:0x00000010 x11:0x00000040 x25=0x00000000
     171435.000 ns	     17142	80003c54	011fbcb3	sltu	x25,x31,x17	 x31:0x00000000 x17:0x20000181 x25=0x00000001
     171455.000 ns	     17144	80003c58	a0650553	fle.s	x10,f10,f6	 f10:0x00000001  f6:0xc32e0000 x10=0x00000000
     171825.000 ns	     17181	80003c5c	02ba74b3	remu	x9,x20,x11	 x20:0x00000001 x11:0x00000040  x9=0x00000001
     171845.000 ns	     17183	80003c60	40a4d913	srai	x18,x9,0xa	  x9:0x00000000 x18=0x00000000
     171855.000 ns	     17184	80003c64	0094f833	and	x16,x9,x9	  x9:0x00000001  x9:0x00000001 x16=0x00000001
     171875.000 ns	     17186	80003c68	a10b92d3	flt.s	x5,f23,f16	 f23:0x80000000 f16:0x00000001  x5=0x00000001
     171895.000 ns	     17188	80003c6c	3532bd13	sltiu	x26,x5,851	  x5:0xa5b8fc34 x26=0x00000001
     171905.000 ns	     17189	80003c70	00000013	addi	x0,x0,0	  x0:0x00000000
     171925.000 ns	     17191	80003c74	03258233	mul	x4,x11,x18	 x11:0x00000040 x18:0x00000000  x4=0x00000000
     171955.000 ns	     17194	80003c78	02dd23b3	mulhsu	x7,x26,x13	 x26:0x00000001 x13:0xf1936e1b  x7=0x00000000
     171985.000 ns	     17197	80003c7c	295602d3	fmin.s	f5,f12,f21	 f12:0x7fc00000 f21:0x7fc00000  f5=0x7fc00000
     172025.000 ns	     17201	80003c80	1860fbd3	fdiv.s	f23,f1,f6	  f1:0x00000000  f6:0xc32e0000 f23=0x80000000
     172055.000 ns	     17204	80003c84	03e10733	mul	x14,x2,x30	  x2:0x00000000 x30:0x20000181 x14=0x00000000
     172085.000 ns	     17207	80003c88	293417d3	fmax.s	f15,f8,f19	  f8:0x80000000 f19:0x7fc00000 f15=0x80000000
     172105.000 ns	     17209	80003c8c	24c70b13	addi	x22,x14,588	 x14:0x00000000 x22=0x0000024c
     172115.000 ns	     17210	80003c90	40b554b3	sra	x9,x10,x11	 x10:0x00000000 x11:0x00000040  x9=0x00000000
     172135.000 ns	     17212	80003c94	c01d78d3	fcvt.wu.s	x17,f26	 f26:0x7fc00000 x17=0xffffffff
     172155.000 ns	     17214	80003c98	010c43b3	xor	x7,x24,x16	 x24:0x00000000 x16:0x00000001  x7=0x00000001
     172175.000 ns	     17216	80003c9c	a0b59653	flt.s	x12,f11,f11	 f11:0x7fc00000 f11:0x7fc00000 x12=0x00000000
     172195.000 ns	     17218	80003ca0	52385237	lui	x4,0x52385	  x4=0x52385000
     172205.000 ns	     17219	80003ca4	005d0733	add	x14,x26,x5	 x26:0x00000001  x5:0x00000001 x14=0x00000002
     172225.000 ns	     17221	80003ca8	a0b3af53	feq.s	x30,f7,f11	  f7:0x7fc00000 f11:0x7fc00000 x30=0x00000000
     172245.000 ns	     17223	80003cac	41505513	srai	x10,x0,0x15	  x0:0x00000000 x10=0x00000000
     172255.000 ns	     17224	80003cb0	0054d6b3	srl	x13,x9,x5	  x9:0x00000000  x5:0x00000001 x13=0x00000000
     172585.000 ns	     17257	80003cb4	192b34d3	fdiv.s	f9,f22,f18	 f22:0xc3260000 f18:0x4351b12d  f9=0xbf7a82d4
     173765.000 ns	     17375	80003cb8	580504d3	fsqrt.s	f9,f10	 f10:0x00000001  f9=0x1f350483
     173795.000 ns	     17378	80003cbc	02c10133	mul	x2,x2,x12	  x2:0x00000000 x12:0x00000000  x2=0x00000000
     173815.000 ns	     17380	80003cc0	7c140013	addi	x0,x8,1985	  x8:0x80041434
     173825.000 ns	     17381	80003cc4	08928693	addi	x13,x5,137	  x5:0x00000001 x13=0x0000008a
     173835.000 ns	     17382	80003cc8	415b8433	sub	x8,x23,x21	 x23:0x80040fe4 x21:0x02000018  x8=0x7e040fcc
     173855.000 ns	     17384	80003ccc	02001133	mulh	x2,x0,x0	  x0:0x00000000  x0:0x00000000  x2=0x00000000
     173875.000 ns	     17386	80003cd0	8c33eb13	ori	x22,x7,-1853	  x7:0x00000001 x22=0xfffff8c3
     173895.000 ns	     17388	80003cd4	02a44233	div	x4,x8,x10	  x8:0x7e040fcc x10:0x00000000  x4=0xffffffff
     173945.000 ns	     17393	80003cd8	08794ad3	fsub.s	f21,f18,f7	 f18:0x4351b12d  f7:0x7fc00000 f21=0x7fc00000
     173975.000 ns	     17396	80003cdc	a1249653	flt.s	x12,f9,f18	  f9:0x1f350483 f18:0x4351b12d x12=0x00000001
     174005.000 ns	     17399	80003ce0	281297d3	fmax.s	f15,f5,f1	  f5:0x7fc00000  f1:0x00000000 f15=0x00000000
     174025.000 ns	     17401	80003ce4	00c541b3	xor	x3,x10,x12	 x10:0x00000000 x12:0x00000001  x3=0x00000001
     174035.000 ns	     17402	80003ce8	00000013	addi	x0,x0,0	  x0:0x00000000
     174045.000 ns	     17403	80003cec	0df78813	addi	x16,x15,223	 x15:0x7ffff82d x16=0x7ffff90c
     174065.000 ns	     17405	80003cf0	c01bf653	fcvt.wu.s	x12,f23	 f23:0x80000000 x12=0x00000000
     174095.000 ns	     17408	80003cf4	d00474d3	fcvt.s.w	f9,x8	  x8:0x7e040fcc  f9=0x4efc081f
     174125.000 ns	     17411	80003cf8	28698a53	fmin.s	f20,f19,f6	 f19:0x7fc00000  f6:0xc32e0000 f20=0xc32e0000
     174155.000 ns	     17414	80003cfc	c002f853	fcvt.w.s	x16,f5	  f5:0x7fc00000 x16=0x7fffffff
     174525.000 ns	     17451	80003d00	0342f7b3	remu	x15,x5,x20	  x5:0x00000001 x20:0x00000001 x15=0x00000000
     174545.000 ns	     17453	80003d04	66877393	andi	x7,x14,1640	 x14:0x00000002  x7=0x00000000
     174555.000 ns	     17454	80003d08	40ba08b3	sub	x17,x20,x11	 x20:0x00000001 x11:0x00000040 x17=0xffffffc1
     174565.000 ns	     17455	80003d0c	00000013	addi	x0,x0,0	  x0:0x00000000
     174575.000 ns	     17456	80003d10	00000013	addi	x0,x0,0	  x0:0x00000000
     174605.000 ns	     17459	80003d14	183efed3	fdiv.s	f29,f29,f3	 f29:0x3f800000  f3:0x7fc00000 f29=0x7fc00000
     174625.000 ns	     17461	80003d18	d69b6a93	ori	x21,x22,-663	 x22:0xfffff8c3 x21=0xfffffdeb
     174635.000 ns	     17462	80003d1c	2c193217	auipc	x4,0x2c193	  x4=0xac196d1c
     174645.000 ns	     17463	80003d20	40b15813	srai	x16,x2,0xb	  x2:0x00000000 x16=0x00000000
     174665.000 ns	     17465	80003d24	20d30cd3	fsgnj.s	f25,f6,f13	  f6:0xc32e0000 f13:0x4f00040f f25=0x432e0000
     174685.000 ns	     17467	80003d28	00de10b3	sll	x1,x28,x13	 x28:0x80041024 x13:0x0000008a  x1=0x10409000
     174695.000 ns	     17468	80003d2c	012fad33	slt	x26,x31,x18	 x31:0x00000000 x18:0x00000000 x26=0x00000000
     174705.000 ns	     17469	80003d30	00e00133	add	x2,x0,x14	  x0:0x00000000 x14:0x00000002  x2=0x00000002
     174745.000 ns	     17473	80003d34	0883f8d3	fsub.s	f17,f7,f8	  f7:0x7fc00000  f8:0x80000000 f17=0x7fc00000
     174765.000 ns	     17475	80003d38	9d328493	addi	x9,x5,-1581	  x5:0x00000001  x9=0xfffff9d4
     174785.000 ns	     17477	80003d3c	c00cc953	fcvt.w.s	x18,f25	 f25:0x432e0000 x18=0x000000ae
     174815.000 ns	     17480	80003d40	0303ffb3	remu	x31,x7,x16	  x7:0x00000000 x16:0x00000000 x31=0x00000000
     174835.000 ns	     17482	80003d44	008dd1b3	srl	x3,x27,x8	 x27:0xf1936e1b  x8:0x7e040fcc  x3=0x000f1936
     174845.000 ns	     17483	80003d48	f8e038b7	lui	x17,0xf8e03	 x17=0xf8e03000
     174875.000 ns	     17486	80003d4c	580af4d3	fsqrt.s	f9,f21	 f21:0x7fc00000  f9=0x7fc00000
     174905.000 ns	     17489	80003d50	21960753	fsgnj.s	f14,f12,f25	 f12:0x7fc00000 f25:0x432e0000 f14=0x7fc00000
     174945.000 ns	     17493	80003d54	113f1bd3	fmul.s	f23,f30,f19	 f30:0xcefff7e0 f19:0x7fc00000 f23=0x7fc00000
     174975.000 ns	     17496	80003d58	f0078d53	fmv.w.x	f26,x15	 x15:0x00000000 f26=0x00000000
     174995.000 ns	     17498	80003d5c	589dcc93	xori	x25,x27,1417	 x27:0xf1936e1b x25=0xf1936b92
     175005.000 ns	     17499	80003d60	1d5b7513	andi	x10,x22,469	 x22:0xfffff8c3 x10=0x000000c1
     175335.000 ns	     17532	80003d64	19ecf4d3	fdiv.s	f9,f25,f30	 f25:0x432e0000 f30:0xcefff7e0  f9=0xb3ae0000
     175705.000 ns	     17569	80003d68	022475b3	remu	x11,x8,x2	  x8:0x7e040fcc  x2:0x00000002 x11=0x00000000
     175745.000 ns	     17573	80003d6c	1170aa53	fmul.s	f20,f1,f23	  f1:0x00000000 f23:0x7fc00000 f20=0x7fc00000
     175775.000 ns	     17576	80003d70	29928fd3	fmin.s	f31,f5,f25	  f5:0x7fc00000 f25:0x432e0000 f31=0x432e0000
     175805.000 ns	     17579	80003d74	0340a233	mulhsu	x4,x1,x20	  x1:0x10409000 x20:0x00000001  x4=0x00000000
     175835.000 ns	     17582	80003d78	02f3d6b3	divu	x13,x7,x15	  x7:0x00000000 x15:0x00000000 x13=0xffffffff
     175865.000 ns	     17585	80003d7c	e0088953	fmv.x.w	x18,f17	 f17:0x7fc00000 x18=0x7fc00000
     175885.000 ns	     17587	80003d80	418a5a93	srai	x21,x20,0x18	 x20:0x00000001 x21=0x00000000
     175905.000 ns	     17589	80003d84	21e80353	fsgnj.s	f6,f16,f30	 f16:0x00000001 f30:0xcefff7e0  f6=0x80000001
     175925.000 ns	     17591	80003d88	c0466c93	ori	x25,x12,-1020	 x12:0x00000000 x25=0xfffffc04
     175945.000 ns	     17593	80003d8c	c0064cd3	fcvt.w.s	x25,f12	 f12:0x7fc00000 x25=0x7fffffff
     176315.000 ns	     17630	80003d90	0237d5b3	divu	x11,x15,x3	 x15:0x00000000  x3:0x000f1936 x11=0x00000000
     176335.000 ns	     17632	80003d94	e79b5b17	auipc	x22,0xe79b5	 x22=0x679b8d94
     176365.000 ns	     17635	80003d98	198fabd3	fdiv.s	f23,f31,f24	 f31:0x432e0000 f24:0x80000000 f23=0xff800000
     176385.000 ns	     17637	80003d9c	0167d133	srl	x2,x15,x22	 x15:0x00000000 x22:0xfffff8c3  x2=0x00000000
     176395.000 ns	     17638	80003da0	004f3033	sltu	x0,x30,x4	 x30:0x00000000  x4:0x00000000
     176405.000 ns	     17639	80003da4	00a1acb3	slt	x25,x3,x10	  x3:0x000f1936 x10:0x000000c1 x25=0x00000000
     176415.000 ns	     17640	80003da8	1d406613	ori	x12,x0,468	  x0:0x00000000 x12=0x000001d4
     176445.000 ns	     17643	80003dac	19534f53	fdiv.s	f30,f6,f21	  f6:0x80000001 f21:0x7fc00000 f30=0x7fc00000
     176465.000 ns	     17645	80003db0	cf64bc13	sltiu	x24,x9,-778	  x9:0xfffff9d4 x24=0x00000001
     176475.000 ns	     17646	80003db4	00000013	addi	x0,x0,0	  x0:0x00000000
     176485.000 ns	     17647	80003db8	00684833	xor	x16,x16,x6	 x16:0x00000000  x6:0x7fffffff x16=0x7fffffff
     176495.000 ns	     17648	80003dbc	00b97cb3	and	x25,x18,x11	 x18:0x7fc00000 x11:0x00000000 x25=0x00000000
     176525.000 ns	     17651	80003dc0	580dfc53	fsqrt.s	f24,f27	 f27:0x7fc00000 f24=0x7fc00000
     176545.000 ns	     17653	80003dc4	01d1bb33	sltu	x22,x3,x29	  x3:0x000f1936 x29:0x00000000 x22=0x00000000
     176565.000 ns	     17655	80003dc8	a1ff27d3	feq.s	x15,f30,f31	 f30:0x7fc00000 f31:0x432e0000 x15=0x00000000
     176585.000 ns	     17657	80003dcc	00000013	addi	x0,x0,0	  x0:0x00000000
     176605.000 ns	     17659	80003dd0	e00b1c53	fclass.s	x24,f22	 f22:0xc3260000 x24=0x00000002
     176655.000 ns	     17664	80003dd4	001406d3	fadd.s	f13,f8,f1	  f8:0x80000000  f1:0x00000000 f13=0x00000000
     176675.000 ns	     17666	80003dd8	016cd3b3	srl	x7,x25,x22	 x25:0x00000000 x22:0x00000000  x7=0x00000000
     176695.000 ns	     17668	80003ddc	a09f9853	flt.s	x16,f31,f9	 f31:0x432e0000  f9:0xb3ae0000 x16=0x00000000
     176735.000 ns	     17672	80003de0	11837b53	fmul.s	f22,f6,f24	  f6:0x80000001 f24:0x7fc00000 f22=0x7fc00000
     176755.000 ns	     17674	80003de4	00603433	sltu	x8,x0,x6	  x0:0x00000000  x6:0x7fffffff  x8=0x00000001
     176775.000 ns	     17676	80003de8	20828bd3	fsgnj.s	f23,f5,f8	  f5:0x7fc00000  f8:0x80000000 f23=0xffc00000
     176805.000 ns	     17679	80003dec	024cf733	remu	x14,x25,x4	 x25:0x00000000  x4:0x00000000 x14=0x00000000
     176825.000 ns	     17681	80003df0	c70d4d17	auipc	x26,0xc70d4	 x26=0x470d7df0
     176845.000 ns	     17683	80003df4	20902853	fsgnjx.s	f16,f0,f9	  f0:0x00000000  f9:0xb3ae0000 f16=0x80000000
     176875.000 ns	     17686	80003df8	29f90cd3	fmin.s	f25,f18,f31	 f18:0x4351b12d f31:0x432e0000 f25=0x432e0000
     176905.000 ns	     17689	80003dfc	038d2633	mulhsu	x12,x26,x24	 x26:0x470d7df0 x24:0x00000002 x12=0x00000000
     177275.000 ns	     17726	80003e00	021c6133	rem	x2,x24,x1	 x24:0x00000002  x1:0x10409000  x2=0x00000002
     177305.000 ns	     17729	80003e04	a0e225d3	feq.s	x11,f4,f14	  f4:0x00000000 f14:0x7fc00000 x11=0x00000000
     177675.000 ns	     17766	80003e08	026bc4b3	div	x9,x23,x6	 x23:0x80040fe4  x6:0x7fffffff  x9=0x00000000
     177705.000 ns	     17769	80003e0c	29a301d3	fmin.s	f3,f6,f26	  f6:0x80000001 f26:0x00000000  f3=0x80000001
     177735.000 ns	     17772	80003e10	f00f8f53	fmv.w.x	f30,x31	 x31:0x00000000 f30=0x00000000
     177765.000 ns	     17775	80003e14	28ab08d3	fmin.s	f17,f22,f10	 f22:0x7fc00000 f10:0x00000001 f17=0x00000001
     177785.000 ns	     17777	80003e18	01469393	slli	x7,x13,0x14	 x13:0xffffffff  x7=0xfff00000
     177805.000 ns	     17779	80003e1c	02f41833	mulh	x16,x8,x15	  x8:0x00000001 x15:0x00000000 x16=0x00000000
     177835.000 ns	     17782	80003e20	c01a0653	fcvt.wu.s	x12,f20	 f20:0x7fc00000 x12=0xffffffff
     178205.000 ns	     17819	80003e24	022fe0b3	rem	x1,x31,x2	 x31:0x00000000  x2:0x00000002  x1=0x00000000
     178225.000 ns	     17821	80003e28	46511437	lui	x8,0x46511	  x8=0x46511000
     178235.000 ns	     17822	80003e2c	f03b4713	xori	x14,x22,-253	 x22:0x00000000 x14=0xffffff03
     178255.000 ns	     17824	80003e30	e0098153	fmv.x.w	x2,f19	 f19:0x7fc00000  x2=0x7fc00000
     178275.000 ns	     17826	80003e34	0f462f93	slti	x31,x12,244	 x12:0xffffffff x31=0x00000001
     178285.000 ns	     17827	80003e38	0138da93	srli	x21,x17,0x13	 x17:0xf8e03000 x21=0x00001f1c
     178295.000 ns	     17828	80003e3c	01659733	sll	x14,x11,x22	 x11:0x00000000 x22:0x00000000 x14=0x00000000
     178315.000 ns	     17830	80003e40	204c1ad3	fsgnjn.s	f21,f24,f4	 f24:0x7fc00000  f4:0x00000000 f21=0xffc00000
     178335.000 ns	     17832	80003e44	01eabf33	sltu	x30,x21,x30	 x21:0x00001f1c x30:0x00000000 x30=0x00000000
     178355.000 ns	     17834	80003e48	28a498d3	fmax.s	f17,f9,f10	  f9:0xb3ae0000 f10:0x00000001 f17=0x00000001
     178385.000 ns	     17837	80003e4c	e0090cd3	fmv.x.w	x25,f18	 f18:0x4351b12d x25=0x4351b12d
     178405.000 ns	     17839	80003e50	6824c593	xori	x11,x9,1666	  x9:0x00000000 x11=0x00000682
     178765.000 ns	     17875	80003e54	039141b3	div	x3,x2,x25	  x2:0x7fc00000 x25:0x4351b12d  x3=0x00000001
     178795.000 ns	     17878	80003e58	a0fda953	feq.s	x18,f27,f15	 f27:0x7fc00000 f15:0x00000000 x18=0x00000000
     178825.000 ns	     17881	80003e5c	e0071153	fclass.s	x2,f14	 f14:0x7fc00000  x2=0x00000200
     178875.000 ns	     17886	80003e60	011ba3d3	fadd.s	f7,f23,f17	 f23:0xffc00000 f17:0x00000001  f7=0x7fc00000
     178895.000 ns	     17888	80003e64	00c9a6b3	slt	x13,x19,x12	 x19:0x00000000 x12:0xffffffff x13=0x00000000
     178935.000 ns	     17892	80003e68	0830fa53	fsub.s	f20,f1,f3	  f1:0x00000000  f3:0x80000001 f20=0x00000001
     178965.000 ns	     17895	80003e6c	a0638053	fle.s	x0,f7,f6	  f7:0x7fc00000  f6:0x80000001
     178985.000 ns	     17897	80003e70	d9aef493	andi	x9,x29,-614	 x29:0x00000000  x9=0x00000000
     179005.000 ns	     17899	80003e74	a1d918d3	flt.s	x17,f18,f29	 f18:0x4351b12d f29:0x7fc00000 x17=0x00000000
     179035.000 ns	     17902	80003e78	e0099753	fclass.s	x14,f19	 f19:0x7fc00000 x14=0x00000200
     179065.000 ns	     17905	80003e7c	a1e9ac53	feq.s	x24,f19,f30	 f19:0x7fc00000 f30:0x00000000 x24=0x00000000
     179095.000 ns	     17908	80003e80	e00195d3	fclass.s	x11,f3	  f3:0x80000001 x11=0x00000004
     179115.000 ns	     17910	80003e84	88b47813	andi	x16,x8,-1909	  x8:0x46511000 x16=0x46511000
     179125.000 ns	     17911	80003e88	f1caf113	andi	x2,x21,-228	 x21:0x00001f1c  x2=0x00001f1c
     179145.000 ns	     17913	80003e8c	28708ad3	fmin.s	f21,f1,f7	  f1:0x00000000  f7:0x7fc00000 f21=0x00000000
     179165.000 ns	     17915	80003e90	3b7f8213	addi	x4,x31,951	 x31:0x00000001  x4=0x000003b8
     179175.000 ns	     17916	80003e94	00889193	slli	x3,x17,0x8	 x17:0x00000000  x3=0x00000000
     179185.000 ns	     17917	80003e98	4068d693	srai	x13,x17,0x6	 x17:0x00000000 x13=0x00000000
     179205.000 ns	     17919	80003e9c	28c08ad3	fmin.s	f21,f1,f12	  f1:0x00000000 f12:0x7fc00000 f21=0x00000000
     179225.000 ns	     17921	80003ea0	4e8fda17	auipc	x20,0x4e8fd	 x20=0xce900ea0
     179235.000 ns	     17922	80003ea4	5c9a6093	ori	x1,x20,1481	 x20:0x00000001  x1=0xce900fe9
     179245.000 ns	     17923	80003ea8	003fd613	srli	x12,x31,0x3	 x31:0x00000001 x12=0x00000000
     179265.000 ns	     17925	80003eac	03270eb3	mul	x29,x14,x18	 x14:0x00000200 x18:0x00000000 x29=0x00000000
     179285.000 ns	     17927	80003eb0	922ce613	ori	x12,x25,-1758	 x25:0x4351b12d x12=0xfffff92f
     179295.000 ns	     17928	80003eb4	00000013	addi	x0,x0,0	  x0:0x00000000
     179315.000 ns	     17930	80003eb8	03653eb3	mulhu	x29,x10,x22	 x10:0x000000c1 x22:0x00000000 x29=0x00000000
     179345.000 ns	     17933	80003ebc	f0030453	fmv.w.x	f8,x6	  x6:0x7fffffff  f8=0x7fffffff
     179395.000 ns	     17938	80003ec0	09d673d3	fsub.s	f7,f12,f29	 f12:0x7fc00000 f29:0x7fc00000  f7=0x7fc00000
     179415.000 ns	     17940	80003ec4	006e5293	srli	x5,x28,0x6	 x28:0x80041024  x5=0x02001040
     179425.000 ns	     17941	80003ec8	0cd00893	addi	x17,x0,205	  x0:0x00000000 x17=0x000000cd
     179435.000 ns	     17942	80003ecc	01209a33	sll	x20,x1,x18	  x1:0xce900fe9 x18:0x00000000 x20=0xce900fe9
     179455.000 ns	     17944	80003ed0	a16704d3	fle.s	x9,f14,f22	 f14:0x7fc00000 f22:0x7fc00000  x9=0x00000000
     179485.000 ns	     17947	80003ed4	020deab3	rem	x21,x27,x0	 x27:0xf1936e1b  x0:0x00000000 x21=0xf1936e1b
     179505.000 ns	     17949	80003ed8	416a5833	sra	x16,x20,x22	 x20:0xce900fe9 x22:0x00000000 x16=0xce900fe9
     179515.000 ns	     17950	80003edc	00255fb3	srl	x31,x10,x2	 x10:0x000000c1  x2:0x00001f1c x31=0x00000000
     179555.000 ns	     17954	80003ee0	0838c753	fsub.s	f14,f17,f3	 f17:0x00000001  f3:0x80000001 f14=0x00000002
     179605.000 ns	     17959	80003ee4	0870aed3	fsub.s	f29,f1,f7	  f1:0x00000000  f7:0x7fc00000 f29=0x7fc00000
     179625.000 ns	     17961	80003ee8	b4028213	addi	x4,x5,-1216	  x5:0x02001040  x4=0x02000b80
     179645.000 ns	     17963	80003eec	d00e8853	fcvt.s.w	f16,x29	 x29:0x00000000 f16=0x00000000
     179665.000 ns	     17965	80003ef0	00000013	addi	x0,x0,0	  x0:0x00000000
     179675.000 ns	     17966	80003ef4	013647b3	xor	x15,x12,x19	 x12:0xfffff92f x19:0x00000000 x15=0xfffff92f
     179695.000 ns	     17968	80003ef8	03df6f33	rem	x30,x30,x29	 x30:0x00000000 x29:0x00000000 x30=0x00000000
     179715.000 ns	     17970	80003efc	0123fcb3	and	x25,x7,x18	  x7:0xfff00000 x18:0x00000000 x25=0x00000000
     179735.000 ns	     17972	80003f00	03208c33	mul	x24,x1,x18	  x1:0xce900fe9 x18:0x00000000 x24=0x00000000
     179755.000 ns	     17974	80003f04	01729793	slli	x15,x5,0x17	  x5:0x02001040 x15=0x20000000
     179765.000 ns	     17975	80003f08	00eb99b3	sll	x19,x23,x14	 x23:0x80040fe4 x14:0x00000200 x19=0x80040fe4
     179785.000 ns	     17977	80003f0c	d001fbd3	fcvt.s.w	f23,x3	  x3:0x00000000 f23=0x00000000
     179805.000 ns	     17979	80003f10	4fc12713	slti	x14,x2,1276	  x2:0x00001f1c x14=0x00000000
     179825.000 ns	     17981	80003f14	c008f753	fcvt.w.s	x14,f17	 f17:0x00000001 x14=0x00000000
     179855.000 ns	     17984	80003f18	c01245d3	fcvt.wu.s	x11,f4	  f4:0x00000000 x11=0x00000000
     179895.000 ns	     17988	80003f1c	109b7b53	fmul.s	f22,f22,f9	 f22:0x7fc00000  f9:0xb3ae0000 f22=0x7fc00000
     179915.000 ns	     17990	80003f20	00e7cb33	xor	x22,x15,x14	 x15:0x20000000 x14:0x00000000 x22=0x20000000
     179925.000 ns	     17991	80003f24	01966533	or	x10,x12,x25	 x12:0xfffff92f x25:0x00000000 x10=0xfffff92f
     179945.000 ns	     17993	80003f28	030519b3	mulh	x19,x10,x16	 x10:0x000000c1 x16:0xce900fe9 x19=0x00000150
     179965.000 ns	     17995	80003f2c	40955613	srai	x12,x10,0x9	 x10:0x000000c1 x12=0xfffffffc
     179985.000 ns	     17997	80003f30	02b784b3	mul	x9,x15,x11	 x15:0x20000000 x11:0x00000000  x9=0x00000000
     180015.000 ns	     18000	80003f34	28f70753	fmin.s	f14,f14,f15	 f14:0x00000002 f15:0x00000000 f14=0x00000000
     180035.000 ns	     18002	80003f38	40b406b3	sub	x13,x8,x11	  x8:0x46511000 x11:0x00000000 x13=0x46511000
     180055.000 ns	     18004	80003f3c	02b7e333	rem	x6,x15,x11	 x15:0x20000000 x11:0x00000000  x6=0x20000000
     180075.000 ns	     18006	80003f40	00b838b3	sltu	x17,x16,x11	 x16:0xce900fe9 x11:0x00000000 x17=0x00000000
     180085.000 ns	     18007	80003f44	0005f033	and	x0,x11,x0	 x11:0x00000000  x0:0x00000000
     180115.000 ns	     18010	80003f48	196b9953	fdiv.s	f18,f23,f22	 f23:0x00000000 f22:0x7fc00000 f18=0x7fc00000
     180145.000 ns	     18013	80003f4c	e00a0ad3	fmv.x.w	x21,f20	 f20:0x00000001 x21=0x00000001
     180165.000 ns	     18015	80003f50	0133d613	srli	x12,x7,0x13	  x7:0xfff00000 x12=0x00001ffe
     180175.000 ns	     18016	80003f54	b32d6893	ori	x17,x26,-1230	 x26:0x470d7df0 x17=0xfffffff2
     180195.000 ns	     18018	80003f58	03b822b3	mulhsu	x5,x16,x27	 x16:0xce900fe9 x27:0xf1936e1b  x5=0xd1592670
     180225.000 ns	     18021	80003f5c	a0c51a53	flt.s	x20,f10,f12	 f10:0x00000001 f12:0x7fc00000 x20=0x00000000
     180255.000 ns	     18024	80003f60	f0038d53	fmv.w.x	f26,x7	  x7:0xfff00000 f26=0xfff00000
     180275.000 ns	     18026	80003f64	28a88a17	auipc	x20,0x28a88	 x20=0xa8a8bf64
     180285.000 ns	     18027	80003f68	00060633	add	x12,x12,x0	 x12:0x00001ffe  x0:0x00000000 x12=0x00001ffe
     180305.000 ns	     18029	80003f6c	e00e1853	fclass.s	x16,f28	 f28:0x00000000 x16=0x00000010
     180345.000 ns	     18033	80003f70	10a844d3	fmul.s	f9,f16,f10	 f16:0x00000000 f10:0x00000001  f9=0x00000000
     180375.000 ns	     18036	80003f74	02b5fa33	remu	x20,x11,x11	 x11:0x00000000 x11:0x00000000 x20=0x00000000
     180405.000 ns	     18039	80003f78	a0de1cd3	flt.s	x25,f28,f13	 f28:0x00000000 f13:0x00000000 x25=0x00000000
     180425.000 ns	     18041	80003f7c	00147ab3	and	x21,x8,x1	  x8:0x46511000  x1:0xce900fe9 x21=0x46100000
     180445.000 ns	     18043	80003f80	a1048153	fle.s	x2,f9,f16	  f9:0x00000000 f16:0x00000000  x2=0x00000001
     180475.000 ns	     18046	80003f84	03d0b6b3	mulhu	x13,x1,x29	  x1:0xce900fe9 x29:0x00000000 x13=0x00000000
     180515.000 ns	     18050	80003f88	58027dd3	fsqrt.s	f27,f4	  f4:0x00000000 f27=0x00000000
     180545.000 ns	     18053	80003f8c	0341da33	divu	x20,x3,x20	  x3:0x00000000 x20:0x00000000 x20=0xffffffff
     180565.000 ns	     18055	80003f90	00000013	addi	x0,x0,0	  x0:0x00000000
     180585.000 ns	     18057	80003f94	03d4cab3	div	x21,x9,x29	  x9:0x00000000 x29:0x00000000 x21=0xffffffff
     180635.000 ns	     18062	80003f98	094f75d3	fsub.s	f11,f30,f20	 f30:0x00000000 f20:0x00000001 f11=0x80000001
     180665.000 ns	     18065	80003f9c	21da22d3	fsgnjx.s	f5,f20,f29	 f20:0x00000001 f29:0x7fc00000  f5=0x00000001
     180695.000 ns	     18068	80003fa0	21198ad3	fsgnj.s	f21,f19,f17	 f19:0x7fc00000 f17:0x00000001 f21=0x7fc00000
     180715.000 ns	     18070	80003fa4	77143a93	sltiu	x21,x8,1905	  x8:0x46511000 x21=0x00000000
     181655.000 ns	     18164	80003fa8	580ca3d3	fsqrt.s	f7,f25	 f25:0x432e0000  f7=0x40f61260
     181685.000 ns	     18167	80003fac	a0bd08d3	fle.s	x17,f26,f11	 f26:0xfff00000 f11:0x80000001 x17=0x00000000
     181705.000 ns	     18169	80003fb0	b57f8413	addi	x8,x31,-1193	 x31:0x00000000  x8=0xfffffb57
     181725.000 ns	     18171	80003fb4	a07095d3	flt.s	x11,f1,f7	  f1:0x00000000  f7:0x40f61260 x11=0x00000001
     181755.000 ns	     18174	80003fb8	21158553	fsgnj.s	f10,f11,f17	 f11:0x80000001 f17:0x00000001 f10=0x00000001
     181775.000 ns	     18176	80003fbc	0074e6b3	or	x13,x9,x7	  x9:0x00000000  x7:0xfff00000 x13=0xfff00000
     181795.000 ns	     18178	80003fc0	f00085d3	fmv.w.x	f11,x1	  x1:0xce900fe9 f11=0xce900fe9
     181815.000 ns	     18180	80003fc4	f1683813	sltiu	x16,x16,-234	 x16:0x00000010 x16=0x00000001
     181825.000 ns	     18181	80003fc8	00e4f7b3	and	x15,x9,x14	  x9:0x00000000 x14:0x00000000 x15=0x00000000
     181835.000 ns	     18182	80003fcc	01d85733	srl	x14,x16,x29	 x16:0x00000010 x29:0x00000000 x14=0x00000001
     181845.000 ns	     18183	80003fd0	3730fb37	lui	x22,0x3730f	 x22=0x3730f000
     181865.000 ns	     18185	80003fd4	29968e53	fmin.s	f28,f13,f25	 f13:0x00000000 f25:0x432e0000 f28=0x00000000
     181885.000 ns	     18187	80003fd8	0156a633	slt	x12,x13,x21	 x13:0xfff00000 x21:0x00000000 x12=0x00000001
     181895.000 ns	     18188	80003fdc	17db24b7	lui	x9,0x17db2	  x9=0x17db2000
     181915.000 ns	     18190	80003fe0	c0003053	fcvt.w.s	x0,f0	  f0:0x00000000
     182285.000 ns	     18227	80003fe4	03b97f33	remu	x30,x18,x27	 x18:0x00000000 x27:0xf1936e1b x30=0x00000000
     182305.000 ns	     18229	80003fe8	c2fe0517	auipc	x10,0xc2fe0	 x10=0x42fe3fe8
     182315.000 ns	     18230	80003fec	9ae0c993	xori	x19,x1,-1618	  x1:0xce900fe9 x19=0x316ff647
     182325.000 ns	     18231	80003ff0	37aa0a13	addi	x20,x20,890	 x20:0xffffffff x20=0x00000379
     182335.000 ns	     18232	80003ff4	017dfc33	and	x24,x27,x23	 x27:0xf1936e1b x23:0x80040fe4 x24=0x80000e00
     182695.000 ns	     18268	80003ff8	02bf69b3	rem	x19,x30,x11	 x30:0x00000000 x11:0x00000001 x19=0x00000000
     182715.000 ns	     18270	80003ffc	003c9593	slli	x11,x25,0x3	 x25:0x00000000 x11=0x00000000
     182735.000 ns	     18272	80004000	03946033	rem	x0,x8,x25	  x8:0xfffffb57 x25:0x00000000
     182755.000 ns	     18274	80004004	002392b3	sll	x5,x7,x2	  x7:0xfff00000  x2:0x00000001  x5=0xffe00000
     182775.000 ns	     18276	80004008	03810133	mul	x2,x2,x24	  x2:0x00000001 x24:0x80000e00  x2=0x80000e00
     182805.000 ns	     18279	8000400c	d019b2d3	fcvt.s.wu	f5,x19	 x19:0x00000000  f5=0x00000000
     182835.000 ns	     18282	80004010	d0088e53	fcvt.s.w	f28,x17	 x17:0x00000000 f28=0x00000000
     182865.000 ns	     18285	80004014	e00d0953	fmv.x.w	x18,f26	 f26:0xfff00000 x18=0xfff00000
     182895.000 ns	     18288	80004018	e0038f53	fmv.x.w	x30,f7	  f7:0x40f61260 x30=0x40f61260
     182925.000 ns	     18291	8000401c	28fd94d3	fmax.s	f9,f27,f15	 f27:0x00000000 f15:0x00000000  f9=0x00000000
     182955.000 ns	     18294	80004020	02f293b3	mulh	x7,x5,x15	  x5:0xffe00000 x15:0x00000000  x7=0x00000000
     183325.000 ns	     18331	80004024	024dd2b3	divu	x5,x27,x4	 x27:0xf1936e1b  x4:0x02000b80  x5=0x00000078
     183355.000 ns	     18334	80004028	0349ba33	mulhu	x20,x19,x20	 x19:0x00000000 x20:0x00000379 x20=0x00000000
     183385.000 ns	     18337	8000402c	d00b2553	fcvt.s.w	f10,x22	 x22:0x3730f000 f10=0x4e5cc3c0
     183405.000 ns	     18339	80004030	0000f533	and	x10,x1,x0	  x1:0xce900fe9  x0:0x00000000 x10=0x00000000
     183425.000 ns	     18341	80004034	c006fcd3	fcvt.w.s	x25,f13	 f13:0x00000000 x25=0x00000000
     183455.000 ns	     18344	80004038	21c42953	fsgnjx.s	f18,f8,f28	  f8:0x7fffffff f28:0x00000000 f18=0x7fffffff
     183485.000 ns	     18347	8000403c	28b183d3	fmin.s	f7,f3,f11	  f3:0x80000001 f11:0xce900fe9  f7=0xce900fe9
     183525.000 ns	     18351	80004040	19e0fdd3	fdiv.s	f27,f1,f30	  f1:0x00000000 f30:0x00000000 f27=0x7fc00000
     183555.000 ns	     18354	80004044	c01ff0d3	fcvt.wu.s	x1,f31	 f31:0x432e0000  x1=0x000000ae
     183605.000 ns	     18359	80004048	00d4f453	fadd.s	f8,f9,f13	  f9:0x00000000 f13:0x00000000  f8=0x00000000
     183635.000 ns	     18362	8000404c	214011d3	fsgnjn.s	f3,f0,f20	  f0:0x00000000 f20:0x00000001  f3=0x80000000
     183655.000 ns	     18364	80004050	1e447cb7	lui	x25,0x1e447	 x25=0x1e447000
     183675.000 ns	     18366	80004054	21db0cd3	fsgnj.s	f25,f22,f29	 f22:0x7fc00000 f29:0x7fc00000 f25=0x7fc00000
     183725.000 ns	     18371	80004058	09220ad3	fsub.s	f21,f4,f18	  f4:0x00000000 f18:0x7fffffff f21=0x7fc00000
     183755.000 ns	     18374	8000405c	a0bf23d3	feq.s	x7,f30,f11	 f30:0x00000000 f11:0xce900fe9  x7=0x00000000
     183785.000 ns	     18377	80004060	28579653	fmax.s	f12,f15,f5	 f15:0x00000000  f5:0x00000000 f12=0x00000000
     183815.000 ns	     18380	80004064	c01d96d3	fcvt.wu.s	x13,f27	 f27:0x7fc00000 x13=0xffffffff
     183835.000 ns	     18382	80004068	5e903793	sltiu	x15,x0,1513	  x0:0x00000000 x15=0x00000001
     183845.000 ns	     18383	8000406c	01d9da13	srli	x20,x19,0x1d	 x19:0x00000000 x20=0x00000000
     183855.000 ns	     18384	80004070	016297b3	sll	x15,x5,x22	  x5:0x00000078 x22:0x3730f000 x15=0x00000078
     183865.000 ns	     18385	80004074	00ab4d33	xor	x26,x22,x10	 x22:0x3730f000 x10:0x00000000 x26=0x3730f000
     183875.000 ns	     18386	80004078	0102b8b3	sltu	x17,x5,x16	  x5:0x00000078 x16:0x00000001 x17=0x00000000
     183915.000 ns	     18390	8000407c	01aaf053	fadd.s	f0,f21,f26	 f21:0x7fc00000 f26:0xfff00000  f0=0x7fc00000
     183945.000 ns	     18393	80004080	a1ca09d3	fle.s	x19,f20,f28	 f20:0x00000001 f28:0x00000000 x19=0x00000000
     183965.000 ns	     18395	80004084	6033f913	andi	x18,x7,1539	  x7:0x00000000 x18=0x00000000
     183995.000 ns	     18398	80004088	187af253	fdiv.s	f4,f21,f7	 f21:0x7fc00000  f7:0xce900fe9  f4=0x7fc00000
     184025.000 ns	     18401	8000408c	c005cd53	fcvt.w.s	x26,f11	 f11:0xce900fe9 x26=0xb7f80b80
     184075.000 ns	     18406	80004090	01059853	fadd.s	f16,f11,f16	 f11:0xce900fe9 f16:0x00000000 f16=0xce900fe9
     184095.000 ns	     18408	80004094	40f45293	srai	x5,x8,0xf	  x8:0xfffffb57  x5=0xffffffff
     184115.000 ns	     18410	80004098	0280b8b3	mulhu	x17,x1,x8	  x1:0x000000ae  x8:0xfffffb57 x17=0x000000ad
     184155.000 ns	     18414	8000409c	1072cb53	fmul.s	f22,f5,f7	  f5:0x00000000  f7:0xce900fe9 f22=0x80000000
     184195.000 ns	     18418	800040a0	108abfd3	fmul.s	f31,f21,f8	 f21:0x7fc00000  f8:0x00000000 f31=0x7fc00000
     184225.000 ns	     18421	800040a4	c00800d3	fcvt.w.s	x1,f16	 f16:0xce900fe9  x1=0xb7f80b80
     184255.000 ns	     18424	800040a8	c0170b53	fcvt.wu.s	x22,f14	 f14:0x00000000 x22=0x00000000
     184285.000 ns	     18427	800040ac	03f8f8b3	remu	x17,x17,x31	 x17:0x000000ad x31:0x00000000 x17=0x000000ad
     184305.000 ns	     18429	800040b0	42847993	andi	x19,x8,1064	  x8:0xfffffb57 x19=0x00000000
     184665.000 ns	     18465	800040b4	03b2d733	divu	x14,x5,x27	  x5:0xffffffff x27:0xf1936e1b x14=0x00000001
     184705.000 ns	     18469	800040b8	1060f753	fmul.s	f14,f1,f6	  f1:0x00000000  f6:0x80000001 f14=0x80000000
     184725.000 ns	     18471	800040bc	00cf0c33	add	x24,x30,x12	 x30:0x40f61260 x12:0x00000001 x24=0x40f61261
     184745.000 ns	     18473	800040c0	03d92133	mulhsu	x2,x18,x29	 x18:0x00000000 x29:0x00000000  x2=0x00000000
     184775.000 ns	     18476	800040c4	a08593d3	flt.s	x7,f11,f8	 f11:0xce900fe9  f8:0x00000000  x7=0x00000001
     184795.000 ns	     18478	800040c8	0132ad33	slt	x26,x5,x19	  x5:0xffffffff x19:0x00000000 x26=0x00000001
     184815.000 ns	     18480	800040cc	0343fc33	remu	x24,x7,x20	  x7:0x00000001 x20:0x00000000 x24=0x00000001
     184845.000 ns	     18483	800040d0	2093ad53	fsgnjx.s	f26,f7,f9	  f7:0xce900fe9  f9:0x00000000 f26=0xce900fe9
     184865.000 ns	     18485	800040d4	6cc0fd13	andi	x26,x1,1740	  x1:0xb7f80b80 x26=0x00000280
     184885.000 ns	     18487	800040d8	c01c3fd3	fcvt.wu.s	x31,f24	 f24:0x7fc00000 x31=0xffffffff
     184905.000 ns	     18489	800040dc	01580ab3	add	x21,x16,x21	 x16:0x00000001 x21:0x00000000 x21=0x00000001
     184925.000 ns	     18491	800040e0	a152aad3	feq.s	x21,f5,f21	  f5:0x00000000 f21:0x7fc00000 x21=0x00000000
     184955.000 ns	     18494	800040e4	e00502d3	fmv.x.w	x5,f10	 f10:0x4e5cc3c0  x5=0x4e5cc3c0
     184975.000 ns	     18496	800040e8	3e60a613	slti	x12,x1,998	  x1:0xb7f80b80 x12=0x00000001
     184995.000 ns	     18498	800040ec	a0d11753	flt.s	x14,f2,f13	  f2:0x80000001 f13:0x00000000 x14=0x00000001
     185025.000 ns	     18501	800040f0	f0058bd3	fmv.w.x	f23,x11	 x11:0x00000000 f23=0x00000000
     185045.000 ns	     18503	800040f4	000fb133	sltu	x2,x31,x0	 x31:0xffffffff  x0:0x00000000  x2=0x00000000
     185055.000 ns	     18504	800040f8	007abcb3	sltu	x25,x21,x7	 x21:0x00000000  x7:0x00000001 x25=0x00000001
     185075.000 ns	     18506	800040fc	020532b3	mulhu	x5,x10,x0	 x10:0x00000000  x0:0x00000000  x5=0x00000000
     185095.000 ns	     18508	80004100	4151d7b3	sra	x15,x3,x21	  x3:0x00000000 x21:0x00000000 x15=0x00000000
     185105.000 ns	     18509	80004104	5186f6b7	lui	x13,0x5186f	 x13=0x5186f000
     185115.000 ns	     18510	80004108	0156c1b3	xor	x3,x13,x21	 x13:0xffffffff x21:0x00000000  x3=0x5186f000
     185135.000 ns	     18512	8000410c	0331a0b3	mulhsu	x1,x3,x19	  x3:0x00000000 x19:0x00000000  x1=0x00000000
     185155.000 ns	     18514	80004110	00e810b3	sll	x1,x16,x14	 x16:0x00000001 x14:0x00000001  x1=0x00000002
     185175.000 ns	     18516	80004114	c00773d3	fcvt.w.s	x7,f14	 f14:0x80000000  x7=0x00000000
     185195.000 ns	     18518	80004118	008c93b3	sll	x7,x25,x8	 x25:0x00000001  x8:0xfffffb57  x7=0x00800000
     185215.000 ns	     18520	8000411c	032beeb3	rem	x29,x23,x18	 x23:0x80040fe4 x18:0x00000000 x29=0x80040fe4
     185235.000 ns	     18522	80004120	00eb7233	and	x4,x22,x14	 x22:0x00000000 x14:0x00000001  x4=0x00000000
     185245.000 ns	     18523	80004124	00d2ccb3	xor	x25,x5,x13	  x5:0x00000000 x13:0x5186f000 x25=0x5186f000
     185255.000 ns	     18524	80004128	01451433	sll	x8,x10,x20	 x10:0x00000000 x20:0x00000000  x8=0x00000000
     185265.000 ns	     18525	8000412c	0114b8b3	sltu	x17,x9,x17	  x9:0x17db2000 x17:0x000000ad x17=0x00000000
     185275.000 ns	     18526	80004130	0065a2b3	slt	x5,x11,x6	 x11:0x00000000  x6:0x20000000  x5=0x00000001
     185285.000 ns	     18527	80004134	00ec9ab3	sll	x21,x25,x14	 x25:0x5186f000 x14:0x00000001 x21=0xa30de000
     185295.000 ns	     18528	80004138	00b616b3	sll	x13,x12,x11	 x12:0x00000001 x11:0x00000000 x13=0x00000001
     185305.000 ns	     18529	8000413c	00931693	slli	x13,x6,0x9	  x6:0x20000000 x13=0x00000000
     185325.000 ns	     18531	80004140	e00a0cd3	fmv.x.w	x25,f20	 f20:0x00000001 x25=0x00000001
     185355.000 ns	     18534	80004144	02e21c33	mulh	x24,x4,x14	  x4:0x00000000 x14:0x00000001 x24=0x00000000
     185385.000 ns	     18537	80004148	28fd17d3	fmax.s	f15,f26,f15	 f26:0xce900fe9 f15:0x00000000 f15=0x00000000
     185405.000 ns	     18539	8000414c	00dd11b3	sll	x3,x26,x13	 x26:0x00000280 x13:0x00000000  x3=0x00000280
     185415.000 ns	     18540	80004150	001d65b3	or	x11,x26,x1	 x26:0x00000280  x1:0x00000002 x11=0x00000282
     185425.000 ns	     18541	80004154	01d3b437	lui	x8,0x1d3b	  x8=0x01d3b000
     185445.000 ns	     18543	80004158	200492d3	fsgnjn.s	f5,f9,f0	  f9:0x00000000  f0:0x7fc00000  f5=0x80000000
     185495.000 ns	     18548	8000415c	016877d3	fadd.s	f15,f16,f22	 f16:0xce900fe9 f22:0x80000000 f15=0xce900fe9
     185515.000 ns	     18550	80004160	009a7733	and	x14,x20,x9	 x20:0x00000000  x9:0x17db2000 x14=0x00000000
     185525.000 ns	     18551	80004164	e8cef693	andi	x13,x29,-372	 x29:0x80040fe4 x13=0x80040e84
     185545.000 ns	     18553	80004168	d019fe53	fcvt.s.wu	f28,x19	 x19:0x00000000 f28=0x00000000
     185575.000 ns	     18556	8000416c	027c12b3	mulh	x5,x24,x7	 x24:0x00000000  x7:0x00800000  x5=0x00000000
     185595.000 ns	     18558	80004170	007f9993	slli	x19,x31,0x7	 x31:0xffffffff x19=0xffffff80
     185605.000 ns	     18559	80004174	c42e7293	andi	x5,x28,-958	 x28:0x80041024  x5=0x80041000
     185615.000 ns	     18560	80004178	01a41eb3	sll	x29,x8,x26	  x8:0x01d3b000 x26:0x00000280 x29=0x01d3b000
     185975.000 ns	     18596	8000417c	030869b3	rem	x19,x16,x16	 x16:0x00000001 x16:0x00000001 x19=0x00000000
     185995.000 ns	     18598	80004180	4e754213	xori	x4,x10,1255	 x10:0x00000000  x4=0x000004e7
     186015.000 ns	     18600	80004184	027931b3	mulhu	x3,x18,x7	 x18:0x00000000  x7:0x00800000  x3=0x00000000
     186045.000 ns	     18603	80004188	207fa0d3	fsgnjx.s	f1,f31,f7	 f31:0x7fc00000  f7:0xce900fe9  f1=0xffc00000
     186075.000 ns	     18606	8000418c	28070bd3	fmin.s	f23,f14,f0	 f14:0x80000000  f0:0x7fc00000 f23=0x80000000
     186105.000 ns	     18609	80004190	02a97733	remu	x14,x18,x10	 x18:0x00000000 x10:0x00000000 x14=0x00000000
     186135.000 ns	     18612	80004194	a1721a53	flt.s	x20,f4,f23	  f4:0x7fc00000 f23:0x80000000 x20=0x00000000
     186165.000 ns	     18615	80004198	21249e53	fsgnjn.s	f28,f9,f18	  f9:0x00000000 f18:0x7fffffff f28=0x80000000
     186195.000 ns	     18618	8000419c	d01d4dd3	fcvt.s.wu	f27,x26	 x26:0x00000280 f27=0x44200000
     186225.000 ns	     18621	800041a0	21be2e53	fsgnjx.s	f28,f28,f27	 f28:0x80000000 f27:0x7fc00000 f28=0x80000000
     186245.000 ns	     18623	800041a4	40045033	sra	x0,x8,x0	  x8:0x01d3b000  x0:0x00000000
     186255.000 ns	     18624	800041a8	41bd8333	sub	x6,x27,x27	 x27:0xf1936e1b x27:0xf1936e1b  x6=0x00000000
     186275.000 ns	     18626	800041ac	21d496d3	fsgnjn.s	f13,f9,f29	  f9:0x00000000 f29:0x7fc00000 f13=0x80000000
     186325.000 ns	     18631	800041b0	00797dd3	fadd.s	f27,f18,f7	 f18:0x7fffffff  f7:0xce900fe9 f27=0x7fc00000
     186345.000 ns	     18633	800041b4	00f55113	srli	x2,x10,0xf	 x10:0x00000000  x2=0x00000000
     186355.000 ns	     18634	800041b8	b344f013	andi	x0,x9,-1228	  x9:0x17db2000
     186365.000 ns	     18635	800041bc	00d857b3	srl	x15,x16,x13	 x16:0x00000001 x13:0x80040e84 x15=0x00000000
     186385.000 ns	     18637	800041c0	02c830b3	mulhu	x1,x16,x12	 x16:0x00000001 x12:0x00000001  x1=0x00000000
     186405.000 ns	     18639	800041c4	01df0933	add	x18,x30,x29	 x30:0x40f61260 x29:0x01d3b000 x18=0x42c9c260
     186425.000 ns	     18641	800041c8	0206c3b3	div	x7,x13,x0	 x13:0x80040e84  x0:0x00000000  x7=0xffffffff
     186445.000 ns	     18643	800041cc	41790233	sub	x4,x18,x23	 x18:0x00000000 x23:0x80040fe4  x4=0xc2c5b27c
     186465.000 ns	     18645	800041d0	03069cb3	mulh	x25,x13,x16	 x13:0x80040e84 x16:0x00000001 x25=0xffffffff
     186485.000 ns	     18647	800041d4	4c203313	sltiu	x6,x0,1218	  x0:0x00000000  x6=0x00000001
     186515.000 ns	     18650	800041d8	190bf9d3	fdiv.s	f19,f23,f16	 f23:0x80000000 f16:0xce900fe9 f19=0x00000000
     186535.000 ns	     18652	800041dc	87de7013	andi	x0,x28,-1923	 x28:0x80041024
     186555.000 ns	     18654	800041e0	f00f83d3	fmv.w.x	f7,x31	 x31:0xffffffff  f7=0xffffffff
     186575.000 ns	     18656	800041e4	00764433	xor	x8,x12,x7	 x12:0x00000001  x7:0xffffffff  x8=0xfffffffe
     186585.000 ns	     18657	800041e8	99c66b13	ori	x22,x12,-1636	 x12:0x00000001 x22=0xfffff99d
     186945.000 ns	     18693	800041ec	0291f5b3	remu	x11,x3,x9	  x3:0x00000000  x9:0x17db2000 x11=0x00000000
     186975.000 ns	     18696	800041f0	d00ff253	fcvt.s.w	f4,x31	 x31:0xffffffff  f4=0xbf800000
     187005.000 ns	     18699	800041f4	20021353	fsgnjn.s	f6,f4,f0	  f4:0x7fc00000  f0:0x7fc00000  f6=0xbf800000
     187045.000 ns	     18703	800041f8	58047e53	fsqrt.s	f28,f8	  f8:0x00000000 f28=0x00000000
     187075.000 ns	     18706	800041fc	f00589d3	fmv.w.x	f19,x11	 x11:0x00000000 f19=0x00000000
     187095.000 ns	     18708	80004200	00cc07b3	add	x15,x24,x12	 x24:0x00000000 x12:0x00000001 x15=0x00000001
     187115.000 ns	     18710	80004204	e00793d3	fclass.s	x7,f15	 f15:0xce900fe9  x7=0x00000002
     187145.000 ns	     18713	80004208	0232f9b3	remu	x19,x5,x3	  x5:0x80041000  x3:0x00000000 x19=0x80041000
     187165.000 ns	     18715	8000420c	01221d33	sll	x26,x4,x18	  x4:0xc2c5b27c x18:0x42c9c260 x26=0xc2c5b27c
     187525.000 ns	     18751	80004210	026160b3	rem	x1,x2,x6	  x2:0x00000000  x6:0x00000001  x1=0x00000000
     187545.000 ns	     18753	80004214	4050d633	sra	x12,x1,x5	  x1:0x00000000  x5:0x80041000 x12=0x00000000
     187555.000 ns	     18754	80004218	40195eb3	sra	x29,x18,x1	 x18:0x42c9c260  x1:0x00000000 x29=0x42c9c260
     187575.000 ns	     18756	8000421c	033c8933	mul	x18,x25,x19	 x25:0xffffffff x19:0x80041000 x18=0x7ffbf000
     187605.000 ns	     18759	80004220	d007a2d3	fcvt.s.w	f5,x15	 x15:0x00000001  f5=0x3f800000
     187635.000 ns	     18762	80004224	031a4433	div	x8,x20,x17	 x20:0x00000000 x17:0x00000000  x8=0xffffffff
     187665.000 ns	     18765	80004228	d0187353	fcvt.s.wu	f6,x16	 x16:0x00000001  f6=0x3f800000
     187695.000 ns	     18768	8000422c	a0c71153	flt.s	x2,f14,f12	 f14:0x80000000 f12:0x00000000  x2=0x00000000
     187715.000 ns	     18770	80004230	5959bf13	sltiu	x30,x19,1429	 x19:0x80041000 x30=0x00000000
     187725.000 ns	     18771	80004234	013ec333	xor	x6,x29,x19	 x29:0x42c9c260 x19:0x80041000  x6=0xc2cdd260
     187735.000 ns	     18772	80004238	ba7daa13	slti	x20,x27,-1113	 x27:0xf1936e1b x20=0x00000001
     188095.000 ns	     18808	8000423c	034ef033	remu	x0,x29,x20	 x29:0x42c9c260 x20:0x00000000
     188125.000 ns	     18811	80004240	d0092fd3	fcvt.s.w	f31,x18	 x18:0x7ffbf000 f31=0x4efff7e0
     188145.000 ns	     18813	80004244	01d1d933	srl	x18,x3,x29	  x3:0x00000000 x29:0x42c9c260 x18=0x00000000
     188165.000 ns	     18815	80004248	29db9d53	fmax.s	f26,f23,f29	 f23:0x80000000 f29:0x7fc00000 f26=0x80000000
     188205.000 ns	     18819	8000424c	580f7e53	fsqrt.s	f28,f30	 f30:0x00000000 f28=0x00000000
     188225.000 ns	     18821	80004250	01985f93	srli	x31,x16,0x19	 x16:0x00000001 x31=0x00000000
     188235.000 ns	     18822	80004254	00000013	addi	x0,x0,0	  x0:0x00000000
     188255.000 ns	     18824	80004258	c01802d3	fcvt.wu.s	x5,f16	 f16:0xce900fe9  x5=0x4807f480
     188275.000 ns	     18826	8000425c	43ea3893	sltiu	x17,x20,1086	 x20:0x00000001 x17=0x00000001
     188285.000 ns	     18827	80004260	0136d093	srli	x1,x13,0x13	 x13:0x80040e84  x1=0x00001000
     188305.000 ns	     18829	80004264	a01794d3	flt.s	x9,f15,f1	 f15:0xce900fe9  f1:0xffc00000  x9=0x00000000
     188335.000 ns	     18832	80004268	296984d3	fmin.s	f9,f19,f22	 f19:0x00000000 f22:0x80000000  f9=0x80000000
     188365.000 ns	     18835	8000426c	20a61753	fsgnjn.s	f14,f12,f10	 f12:0x00000000 f10:0x4e5cc3c0 f14=0x80000000
     188395.000 ns	     18838	80004270	a10d2953	feq.s	x18,f26,f16	 f26:0x80000000 f16:0xce900fe9 x18=0x00000000
     188425.000 ns	     18841	80004274	022a0f33	mul	x30,x20,x2	 x20:0x00000001  x2:0x00000000 x30=0x00000000
     188455.000 ns	     18844	80004278	28bf1353	fmax.s	f6,f30,f11	 f30:0x00000000 f11:0xce900fe9  f6=0x00000000
     188475.000 ns	     18846	8000427c	40d7dc93	srai	x25,x15,0xd	 x15:0x00000001 x25=0x00000000
     188485.000 ns	     18847	80004280	405cd693	srai	x13,x25,0x5	 x25:0xffffffff x13=0x00000000
     188845.000 ns	     18883	80004284	03ae73b3	remu	x7,x28,x26	 x28:0x80041024 x26:0xc2c5b27c  x7=0x80041024
     188895.000 ns	     18888	80004288	0148fad3	fadd.s	f21,f17,f20	 f17:0x00000001 f20:0x00000001 f21=0x00000002
     188925.000 ns	     18891	8000428c	d0047cd3	fcvt.s.w	f25,x8	  x8:0xffffffff f25=0xbf800000
     189295.000 ns	     18928	80004290	0369cb33	div	x22,x19,x22	 x19:0x80041000 x22:0xfffff99d x22=0x00140a02
     189315.000 ns	     18930	80004294	00000013	addi	x0,x0,0	  x0:0x00000000
     189325.000 ns	     18931	80004298	019a5a93	srli	x21,x20,0x19	 x20:0x00000001 x21=0x00000000
     189335.000 ns	     18932	8000429c	016b9693	slli	x13,x23,0x16	 x23:0x80040fe4 x13=0xf9000000
     189355.000 ns	     18934	800042a0	d010a1d3	fcvt.s.wu	f3,x1	  x1:0x00001000  f3=0x45800000
     189385.000 ns	     18937	800042a4	a0e980d3	fle.s	x1,f19,f14	 f19:0x00000000 f14:0x80000000  x1=0x00000001
     189405.000 ns	     18939	800042a8	b47d0713	addi	x14,x26,-1209	 x26:0xc2c5b27c x14=0xc2c5adc3
     189425.000 ns	     18941	800042ac	d01af4d3	fcvt.s.wu	f9,x21	 x21:0x00000000  f9=0x00000000
     189455.000 ns	     18944	800042b0	a05f2fd3	feq.s	x31,f30,f5	 f30:0x00000000  f5:0x3f800000 x31=0x00000000
     189475.000 ns	     18946	800042b4	67460217	auipc	x4,0x67460	  x4=0xe74642b4
     189495.000 ns	     18948	800042b8	a1789fd3	flt.s	x31,f17,f23	 f17:0x00000001 f23:0x80000000 x31=0x00000000
     189515.000 ns	     18950	800042bc	00000013	addi	x0,x0,0	  x0:0x00000000
     189535.000 ns	     18952	800042c0	038ea433	mulhsu	x8,x29,x24	 x29:0x42c9c260 x24:0x00000000  x8=0x00000000
     189555.000 ns	     18954	800042c4	d99eaf13	slti	x30,x29,-615	 x29:0x42c9c260 x30=0x00000000
     189565.000 ns	     18955	800042c8	00499233	sll	x4,x19,x4	 x19:0x80041000  x4:0xe74642b4  x4=0x00000000
     189585.000 ns	     18957	800042cc	c01611d3	fcvt.wu.s	x3,f12	 f12:0x00000000  x3=0x00000000
     189955.000 ns	     18994	800042d0	0367f0b3	remu	x1,x15,x22	 x15:0x00000001 x22:0x00140a02  x1=0x00000001
     189975.000 ns	     18996	800042d4	01bac533	xor	x10,x21,x27	 x21:0x00000000 x27:0xf1936e1b x10=0xf1936e1b
     189995.000 ns	     18998	800042d8	a01308d3	fle.s	x17,f6,f1	  f6:0x00000000  f1:0xffc00000 x17=0x00000000
     190025.000 ns	     19001	800042dc	03a33d33	mulhu	x26,x6,x26	  x6:0xc2cdd260 x26:0xc2c5b27c x26=0x943669a1
     190055.000 ns	     19004	800042e0	a1c88b53	fle.s	x22,f17,f28	 f17:0x00000001 f28:0x00000000 x22=0x00000000
     190075.000 ns	     19006	800042e4	008463b3	or	x7,x8,x8	  x8:0x00000000  x8:0x00000000  x7=0x00000000
     190085.000 ns	     19007	800042e8	00385f93	srli	x31,x16,0x3	 x16:0x00000001 x31=0x00000000
     190095.000 ns	     19008	800042ec	008f41b3	xor	x3,x30,x8	 x30:0x00000000  x8:0x00000000  x3=0x00000000
     190105.000 ns	     19009	800042f0	8da3c313	xori	x6,x7,-1830	  x7:0x00000000  x6=0xfffff8da
     190125.000 ns	     19011	800042f4	0235d333	divu	x6,x11,x3	 x11:0x00000000  x3:0x00000000  x6=0xffffffff
     190155.000 ns	     19014	800042f8	28a49453	fmax.s	f8,f9,f10	  f9:0x00000000 f10:0x4e5cc3c0  f8=0x4e5cc3c0
     190185.000 ns	     19017	800042fc	f00509d3	fmv.w.x	f19,x10	 x10:0xf1936e1b f19=0xf1936e1b
     190205.000 ns	     19019	80004300	00a762b3	or	x5,x14,x10	 x14:0xc2c5adc3 x10:0xf1936e1b  x5=0xf3d7efdb
     190225.000 ns	     19021	80004304	e0031c53	fclass.s	x24,f6	  f6:0x00000000 x24=0x00000010
     190255.000 ns	     19024	80004308	c016fcd3	fcvt.wu.s	x25,f13	 f13:0x80000000 x25=0x00000000
     190305.000 ns	     19029	8000430c	00ef4653	fadd.s	f12,f30,f14	 f30:0x00000000 f14:0x80000000 f12=0x80000000
     190325.000 ns	     19031	80004310	419305b3	sub	x11,x6,x25	  x6:0xffffffff x25:0x00000000 x11=0xffffffff
     190335.000 ns	     19032	80004314	41c1d713	srai	x14,x3,0x1c	  x3:0x00000000 x14=0x00000000
     190345.000 ns	     19033	80004318	00505f13	srli	x30,x0,0x5	  x0:0x00000000 x30=0x00000000
     190365.000 ns	     19035	8000431c	f00283d3	fmv.w.x	f7,x5	  x5:0xf3d7efdb  f7=0xf3d7efdb
     190385.000 ns	     19037	80004320	00d13cb3	sltu	x25,x2,x13	  x2:0x00000000 x13:0xf9000000 x25=0x00000001
     190395.000 ns	     19038	80004324	19f88137	lui	x2,0x19f88	  x2=0x19f88000
     190415.000 ns	     19040	80004328	e0000453	fmv.x.w	x8,f0	  f0:0x7fc00000  x8=0x7fc00000
     190445.000 ns	     19043	8000432c	218d8953	fsgnj.s	f18,f27,f24	 f27:0x7fc00000 f24:0x7fc00000 f18=0x7fc00000
     190495.000 ns	     19048	80004330	008670d3	fadd.s	f1,f12,f8	 f12:0x80000000  f8:0x4e5cc3c0  f1=0x4e5cc3c0
     190515.000 ns	     19050	80004334	001f1093	slli	x1,x30,0x1	 x30:0x00000000  x1=0x00000000
     190525.000 ns	     19051	80004338	016583b3	add	x7,x11,x22	 x11:0xffffffff x22:0x00000000  x7=0xffffffff
     190535.000 ns	     19052	8000433c	00eaf433	and	x8,x21,x14	 x21:0x00000000 x14:0x00000000  x8=0x00000000
     190555.000 ns	     19054	80004340	e00e1153	fclass.s	x2,f28	 f28:0x00000000  x2=0x00000010
     190585.000 ns	     19057	80004344	20d91ad3	fsgnjn.s	f21,f18,f13	 f18:0x7fc00000 f13:0x80000000 f21=0x7fc00000
     190605.000 ns	     19059	80004348	019596b3	sll	x13,x11,x25	 x11:0xffffffff x25:0x00000001 x13=0xfffffffe
     190615.000 ns	     19060	8000434c	0137a333	slt	x6,x15,x19	 x15:0x00000001 x19:0x80041000  x6=0x00000000
     190645.000 ns	     19063	80004350	11b63a53	fmul.s	f20,f12,f27	 f12:0x80000000 f27:0x7fc00000 f20=0x7fc00000
     191015.000 ns	     19100	80004354	02b248b3	div	x17,x4,x11	  x4:0x00000000 x11:0xffffffff x17=0x00000000
     191035.000 ns	     19102	80004358	83c4c313	xori	x6,x9,-1988	  x9:0x00000000  x6=0xfffff83c
     191055.000 ns	     19104	8000435c	02115333	divu	x6,x2,x1	  x2:0x00000010  x1:0x00000000  x6=0xffffffff
     191075.000 ns	     19106	80004360	4144d593	srai	x11,x9,0x14	  x9:0x00000000 x11=0x00000000
     191085.000 ns	     19107	80004364	bf2b2793	slti	x15,x22,-1038	 x22:0x00000000 x15=0x00000000
     191095.000 ns	     19108	80004368	20f36f93	ori	x31,x6,527	  x6:0xffffffff x31=0xffffffff
     191105.000 ns	     19109	8000436c	73692893	slti	x17,x18,1846	 x18:0x00000000 x17=0x00000001
     191125.000 ns	     19111	80004370	e00c0c53	fmv.x.w	x24,f24	 f24:0x7fc00000 x24=0x7fc00000
     191155.000 ns	     19114	80004374	d01afa53	fcvt.s.wu	f20,x21	 x21:0x00000000 f20=0x00000000
     191175.000 ns	     19116	80004378	008a5233	srl	x4,x20,x8	 x20:0x00000001  x8:0x00000000  x4=0x00000001
     191195.000 ns	     19118	8000437c	0292d733	divu	x14,x5,x9	  x5:0xf3d7efdb  x9:0x00000000 x14=0xffffffff
     191215.000 ns	     19120	80004380	013e7cb3	and	x25,x28,x19	 x28:0x80041024 x19:0x80041000 x25=0x80041000
     191235.000 ns	     19122	80004384	d01738d3	fcvt.s.wu	f17,x14	 x14:0xffffffff f17=0x4f800000
     191265.000 ns	     19125	80004388	036a09b3	mul	x19,x20,x22	 x20:0x00000001 x22:0x00000000 x19=0x00000000
     191285.000 ns	     19127	8000438c	ed057113	andi	x2,x10,-304	 x10:0xf1936e1b  x2=0xf1936e10
     191305.000 ns	     19129	80004390	e0040953	fmv.x.w	x18,f8	  f8:0x4e5cc3c0 x18=0x4e5cc3c0
     191335.000 ns	     19132	80004394	292d06d3	fmin.s	f13,f26,f18	 f26:0x80000000 f18:0x7fc00000 f13=0x80000000
     191705.000 ns	     19169	80004398	0370e333	rem	x6,x1,x23	  x1:0x00000000 x23:0x80040fe4  x6=0x00000000
     191755.000 ns	     19174	8000439c	002bf9d3	fadd.s	f19,f23,f2	 f23:0x80000000  f2:0x80000001 f19=0x80000001
     191775.000 ns	     19176	800043a0	58a80817	auipc	x16,0x58a80	 x16=0xd8a843a0
     191785.000 ns	     19177	800043a4	c9c84397	auipc	x7,0xc9c84	  x7=0x49c883a4
     191795.000 ns	     19178	800043a8	1a1cf513	andi	x10,x25,417	 x25:0x80041000 x10=0x00000000
     191805.000 ns	     19179	800043ac	40ced113	srai	x2,x29,0xc	 x29:0x42c9c260  x2=0x00042c9c
     191825.000 ns	     19181	800043b0	f00d0d53	fmv.w.x	f26,x26	 x26:0x943669a1 f26=0x943669a1
     191845.000 ns	     19183	800043b4	1a778893	addi	x17,x15,423	 x15:0x00000000 x17=0x000001a7
     191855.000 ns	     19184	800043b8	413b5693	srai	x13,x22,0x13	 x22:0x00000000 x13=0x00000000
     191865.000 ns	     19185	800043bc	00e1b7b3	sltu	x15,x3,x14	  x3:0x00000000 x14:0xffffffff x15=0x00000001
     191885.000 ns	     19187	800043c0	a0169453	flt.s	x8,f13,f1	 f13:0x80000000  f1:0x4e5cc3c0  x8=0x00000001
     191915.000 ns	     19190	800043c4	c01884d3	fcvt.wu.s	x9,f17	 f17:0x4f800000  x9=0x00000000
     191955.000 ns	     19194	800043c8	5803fb53	fsqrt.s	f22,f7	  f7:0xf3d7efdb f22=0x7fc00000
     191975.000 ns	     19196	800043cc	c1066893	ori	x17,x12,-1008	 x12:0x00000000 x17=0xfffffc10
     191985.000 ns	     19197	800043d0	00a03d33	sltu	x26,x0,x10	  x0:0x00000000 x10:0x00000000 x26=0x00000000
     192005.000 ns	     19199	800043d4	d01cf853	fcvt.s.wu	f16,x25	 x25:0x80041000 f16=0x4f000410
     192025.000 ns	     19201	800043d8	01689533	sll	x10,x17,x22	 x17:0xfffffc10 x22:0x00000000 x10=0xfffffc10
     192035.000 ns	     19202	800043dc	000fe833	or	x16,x31,x0	 x31:0xffffffff  x0:0x00000000 x16=0xffffffff
     192055.000 ns	     19204	800043e0	21eb25d3	fsgnjx.s	f11,f22,f30	 f22:0x7fc00000 f30:0x00000000 f11=0x7fc00000
     192075.000 ns	     19206	800043e4	251fe913	ori	x18,x31,593	 x31:0xffffffff x18=0xffffffff
     192085.000 ns	     19207	800043e8	505fe993	ori	x19,x31,1285	 x31:0xffffffff x19=0xffffffff
     192105.000 ns	     19209	800043ec	c01e7d53	fcvt.wu.s	x26,f28	 f28:0x00000000 x26=0x00000000
     192145.000 ns	     19213	800043f0	5809f4d3	fsqrt.s	f9,f19	 f19:0x80000001  f9=0x7fc00000
     192175.000 ns	     19216	800043f4	20bd9553	fsgnjn.s	f10,f27,f11	 f27:0x7fc00000 f11:0x7fc00000 f10=0xffc00000
     192195.000 ns	     19218	800043f8	00000013	addi	x0,x0,0	  x0:0x00000000
     192215.000 ns	     19220	800043fc	035542b3	div	x5,x10,x21	 x10:0xfffffc10 x21:0x00000000  x5=0xffffffff
     192235.000 ns	     19222	80004400	01b2d033	srl	x0,x5,x27	  x5:0xf3d7efdb x27:0xf1936e1b
     192245.000 ns	     19223	80004404	5e8e7b13	andi	x22,x28,1512	 x28:0x80041024 x22=0x00000020
     192265.000 ns	     19225	80004408	03ba1933	mulh	x18,x20,x27	 x20:0x00000001 x27:0xf1936e1b x18=0xffffffff
     192295.000 ns	     19228	8000440c	03a998b3	mulh	x17,x19,x26	 x19:0xffffffff x26:0x00000000 x17=0x00000000
     192315.000 ns	     19230	80004410	9579fa37	lui	x20,0x9579f	 x20=0x9579f000
     192335.000 ns	     19232	80004414	d01f75d3	fcvt.s.wu	f11,x30	 x30:0x00000000 f11=0x00000000
     192365.000 ns	     19235	80004418	28e51153	fmax.s	f2,f10,f14	 f10:0xffc00000 f14:0x80000000  f2=0x80000000
     192395.000 ns	     19238	8000441c	02e4aab3	mulhsu	x21,x9,x14	  x9:0x00000000 x14:0xffffffff x21=0x00000000
     192415.000 ns	     19240	80004420	009714b3	sll	x9,x14,x9	 x14:0xffffffff  x9:0x00000000  x9=0xffffffff
     192425.000 ns	     19241	80004424	410a5033	sra	x0,x20,x16	 x20:0x9579f000 x16:0xffffffff
     192445.000 ns	     19243	80004428	03362433	mulhsu	x8,x12,x19	 x12:0x00000000 x19:0xffffffff  x8=0x00000000
     192815.000 ns	     19280	8000442c	03fbc633	div	x12,x23,x31	 x23:0x80040fe4 x31:0xffffffff x12=0x7ffbf01c
     192835.000 ns	     19282	80004430	9bde4913	xori	x18,x28,-1603	 x28:0x80041024 x18=0x7ffbe999
     192845.000 ns	     19283	80004434	00000013	addi	x0,x0,0	  x0:0x00000000
     192865.000 ns	     19285	80004438	a0f89b53	flt.s	x22,f17,f15	 f17:0x4f800000 f15:0xce900fe9 x22=0x00000000
     192895.000 ns	     19288	8000443c	a1dd2b53	feq.s	x22,f26,f29	 f26:0x943669a1 f29:0x7fc00000 x22=0x00000000
     192915.000 ns	     19290	80004440	01b59633	sll	x12,x11,x27	 x11:0x00000000 x27:0xf1936e1b x12=0x00000000
     192925.000 ns	     19291	80004444	40a8dc13	srai	x24,x17,0xa	 x17:0x00000000 x24=0x00000000
     192945.000 ns	     19293	80004448	037c0833	mul	x16,x24,x23	 x24:0x7fc00000 x23:0x80040fe4 x16=0x00000000
     192975.000 ns	     19296	8000444c	03b820b3	mulhsu	x1,x16,x27	 x16:0xffffffff x27:0xf1936e1b  x1=0x00000000
     192995.000 ns	     19298	80004450	22e62097	auipc	x1,0x22e62	  x1=0xa2e66450
     193015.000 ns	     19300	80004454	d01dcd53	fcvt.s.wu	f26,x27	 x27:0xf1936e1b f26=0x4f71936e
     193055.000 ns	     19304	80004458	11b570d3	fmul.s	f1,f10,f27	 f10:0xffc00000 f27:0x7fc00000  f1=0x7fc00000
     193075.000 ns	     19306	8000445c	faca1a17	auipc	x20,0xfaca1	 x20=0x7aca545c
     193085.000 ns	     19307	80004460	e24014b7	lui	x9,0xe2401	  x9=0xe2401000
     193105.000 ns	     19309	80004464	e00f0f53	fmv.x.w	x30,f30	 f30:0x00000000 x30=0x00000000
     193135.000 ns	     19312	80004468	e0020253	fmv.x.w	x4,f4	  f4:0xbf800000  x4=0xbf800000
     193155.000 ns	     19314	8000446c	c0482313	slti	x6,x16,-1020	 x16:0x00000000  x6=0x00000000
     193165.000 ns	     19315	80004470	7f757093	andi	x1,x10,2039	 x10:0xfffffc10  x1=0x00000410
     193525.000 ns	     19351	80004474	0216cd33	div	x26,x13,x1	 x13:0x00000000  x1:0xa2e66450 x26=0x00000000
     193545.000 ns	     19353	80004478	d57cf337	lui	x6,0xd57cf	  x6=0xd57cf000
     193565.000 ns	     19355	8000447c	f0078c53	fmv.w.x	f24,x15	 x15:0x00000001 f24=0x00000001
     193585.000 ns	     19357	80004480	00073833	sltu	x16,x14,x0	 x14:0xffffffff  x0:0x00000000 x16=0x00000000
     193605.000 ns	     19359	80004484	a1432153	feq.s	x2,f6,f20	  f6:0x00000000 f20:0x00000000  x2=0x00000001
     193635.000 ns	     19362	80004488	f0098d53	fmv.w.x	f26,x19	 x19:0xffffffff f26=0xffffffff
     193655.000 ns	     19364	8000448c	00a68133	add	x2,x13,x10	 x13:0x00000000 x10:0xfffffc10  x2=0xfffffc10
     193665.000 ns	     19365	80004490	00000013	addi	x0,x0,0	  x0:0x00000000
     193685.000 ns	     19367	80004494	28621553	fmax.s	f10,f4,f6	  f4:0xbf800000  f6:0x00000000 f10=0x00000000
     193705.000 ns	     19369	80004498	01b6f733	and	x14,x13,x27	 x13:0x00000000 x27:0xf1936e1b x14=0x00000000
     193725.000 ns	     19371	8000449c	20280953	fsgnj.s	f18,f16,f2	 f16:0x4f000410  f2:0x80000000 f18=0xcf000410
     193745.000 ns	     19373	800044a0	01a0d313	srli	x6,x1,0x1a	  x1:0x00000410  x6=0x00000000
     193765.000 ns	     19375	800044a4	c01277d3	fcvt.wu.s	x15,f4	  f4:0xbf800000 x15=0x00000001
     193785.000 ns	     19377	800044a8	aff28297	auipc	x5,0xaff28	  x5=0x2ff2c4a8
     193795.000 ns	     19378	800044ac	0181d633	srl	x12,x3,x24	  x3:0x00000000 x24:0x00000000 x12=0x00000000
     194155.000 ns	     19414	800044b0	03ffdeb3	divu	x29,x31,x31	 x31:0xffffffff x31:0xffffffff x29=0x00000001
     194175.000 ns	     19416	800044b4	409e5213	srai	x4,x28,0x9	 x28:0x80041024  x4=0xffc00208
     194185.000 ns	     19417	800044b8	01b97733	and	x14,x18,x27	 x18:0x7ffbe999 x27:0xf1936e1b x14=0x71936819
     194215.000 ns	     19420	800044bc	18e6fbd3	fdiv.s	f23,f13,f14	 f13:0x80000000 f14:0x80000000 f23=0x7fc00000
     194245.000 ns	     19423	800044c0	038cc0b3	div	x1,x25,x24	 x25:0x80041000 x24:0x00000000  x1=0xffffffff
     194275.000 ns	     19426	800044c4	e00c84d3	fmv.x.w	x9,f25	 f25:0xbf800000  x9=0xbf800000
     194305.000 ns	     19429	800044c8	a10b00d3	fle.s	x1,f22,f16	 f22:0x7fc00000 f16:0x4f000410  x1=0x00000000
     194325.000 ns	     19431	800044cc	01469c13	slli	x24,x13,0x14	 x13:0x00000000 x24=0x00000000
     194335.000 ns	     19432	800044d0	01cb7233	and	x4,x22,x28	 x22:0x00000000 x28:0x80041024  x4=0x00000000
     194355.000 ns	     19434	800044d4	d00b9453	fcvt.s.w	f8,x23	 x23:0x80040fe4  f8=0xcefff7e0
     194385.000 ns	     19437	800044d8	e00e8953	fmv.x.w	x18,f29	 f29:0x7fc00000 x18=0x7fc00000
     194425.000 ns	     19441	800044dc	18a3c0d3	fdiv.s	f1,f7,f10	  f7:0xf3d7efdb f10:0x00000000  f1=0xff800000
     194445.000 ns	     19443	800044e0	00000013	addi	x0,x0,0	  x0:0x00000000
     194465.000 ns	     19445	800044e4	03a31133	mulh	x2,x6,x26	  x6:0x00000000 x26:0x00000000  x2=0x00000000
     194495.000 ns	     19448	800044e8	d00c8bd3	fcvt.s.w	f23,x25	 x25:0x80041000 f23=0xcefff7e0
     194515.000 ns	     19450	800044ec	00e01693	slli	x13,x0,0xe	  x0:0x00000000 x13=0x00000000
     194535.000 ns	     19452	800044f0	02ea2733	mulhsu	x14,x20,x14	 x20:0x7aca545c x14:0x71936819 x14=0x367a0359
     194555.000 ns	     19454	800044f4	01914833	xor	x16,x2,x25	  x2:0x00000000 x25:0x80041000 x16=0x80041000
     194575.000 ns	     19456	800044f8	c01537d3	fcvt.wu.s	x15,f10	 f10:0x00000000 x15=0x00000000
     194615.000 ns	     19460	800044fc	58034ad3	fsqrt.s	f21,f6	  f6:0x00000000 f21=0x00000000
     194665.000 ns	     19465	80004500	01cbff53	fadd.s	f30,f23,f28	 f23:0xcefff7e0 f28:0x00000000 f30=0xcefff7e0
     194685.000 ns	     19467	80004504	014e7533	and	x10,x28,x20	 x28:0x80041024 x20:0x7aca545c x10=0x00001004
     194705.000 ns	     19469	80004508	03f6b5b3	mulhu	x11,x13,x31	 x13:0x00000000 x31:0xffffffff x11=0x00000000
     194725.000 ns	     19471	8000450c	eeff7413	andi	x8,x30,-273	 x30:0x00000000  x8=0x00000000
     194745.000 ns	     19473	80004510	02bfa4b3	mulhsu	x9,x31,x11	 x31:0xffffffff x11:0x00000000  x9=0x00000000
     194775.000 ns	     19476	80004514	03932d33	mulhsu	x26,x6,x25	  x6:0x00000000 x25:0x80041000 x26=0x00000000
     194805.000 ns	     19479	80004518	a0301353	flt.s	x6,f0,f3	  f0:0x7fc00000  f3:0x45800000  x6=0x00000000
     194835.000 ns	     19482	8000451c	29160ad3	fmin.s	f21,f12,f17	 f12:0x80000000 f17:0x4f800000 f21=0x80000000
     194865.000 ns	     19485	80004520	a032a853	feq.s	x16,f5,f3	  f5:0x3f800000  f3:0x45800000 x16=0x00000000
     194885.000 ns	     19487	80004524	725c5fb7	lui	x31,0x725c5	 x31=0x725c5000
     194915.000 ns	     19490	80004528	580a4a53	fsqrt.s	f20,f20	 f20:0x00000000 f20=0x00000000
     194945.000 ns	     19493	8000452c	023945b3	div	x11,x18,x3	 x18:0x7fc00000  x3:0x00000000 x11=0xffffffff
     194985.000 ns	     19497	80004530	18f678d3	fdiv.s	f17,f12,f15	 f12:0x80000000 f15:0xce900fe9 f17=0x00000000
     195005.000 ns	     19499	80004534	40ad51b3	sra	x3,x26,x10	 x26:0x00000000 x10:0x00001004  x3=0x00000000
     195045.000 ns	     19503	80004538	0196ab53	fadd.s	f22,f13,f25	 f13:0x80000000 f25:0xbf800000 f22=0xbf800000
     195075.000 ns	     19506	8000453c	c002f553	fcvt.w.s	x10,f5	  f5:0x3f800000 x10=0x00000001
     195105.000 ns	     19509	80004540	e0000cd3	fmv.x.w	x25,f0	  f0:0x7fc00000 x25=0x7fc00000
     195125.000 ns	     19511	80004544	007a1f13	slli	x30,x20,0x7	 x20:0x7aca545c x30=0x652a2e00
     195165.000 ns	     19515	80004548	09bf81d3	fsub.s	f3,f31,f27	 f31:0x4efff7e0 f27:0x7fc00000  f3=0x7fc00000
     195185.000 ns	     19517	8000454c	00722633	slt	x12,x4,x7	  x4:0x00000000  x7:0x49c883a4 x12=0x00000001
     195215.000 ns	     19520	80004550	5806f153	fsqrt.s	f2,f13	 f13:0x80000000  f2=0x80000000
     195235.000 ns	     19522	80004554	407808b3	sub	x17,x16,x7	 x16:0x00000000  x7:0x49c883a4 x17=0xb6377c5c
     195275.000 ns	     19526	80004558	099d7ad3	fsub.s	f21,f26,f25	 f26:0xffffffff f25:0xbf800000 f21=0x7fc00000
     195295.000 ns	     19528	8000455c	db2efd13	andi	x26,x29,-590	 x29:0x00000001 x26=0x00000000
     195315.000 ns	     19530	80004560	a07c2b53	feq.s	x22,f24,f7	 f24:0x00000001  f7:0xf3d7efdb x22=0x00000000
     195335.000 ns	     19532	80004564	00fcf233	and	x4,x25,x15	 x25:0x7fc00000 x15:0x00000000  x4=0x00000000
     195355.000 ns	     19534	80004568	d0174253	fcvt.s.wu	f4,x14	 x14:0x367a0359  f4=0x4e59e80d
     195395.000 ns	     19538	8000456c	19163bd3	fdiv.s	f23,f12,f17	 f12:0x80000000 f17:0x00000000 f23=0x7fc00000
     195425.000 ns	     19541	80004570	02ec8fb3	mul	x31,x25,x14	 x25:0x7fc00000 x14:0x367a0359 x31=0xa9c00000
     195445.000 ns	     19543	80004574	40f35313	srai	x6,x6,0xf	  x6:0x00000000  x6=0x00000000
     195465.000 ns	     19545	80004578	032726b3	mulhsu	x13,x14,x18	 x14:0x367a0359 x18:0x7fc00000 x13=0x1b2f632b
     195495.000 ns	     19548	8000457c	f0050bd3	fmv.w.x	f23,x10	 x10:0x00000001 f23=0x00000001
     195525.000 ns	     19551	80004580	e00390d3	fclass.s	x1,f7	  f7:0xf3d7efdb  x1=0x00000002
     195575.000 ns	     19556	80004584	097ea853	fsub.s	f16,f29,f23	 f29:0x7fc00000 f23:0x00000001 f16=0x7fc00000
     195605.000 ns	     19559	80004588	02f4f733	remu	x14,x9,x15	  x9:0x00000000 x15:0x00000000 x14=0x00000000
     195625.000 ns	     19561	8000458c	01e31ab3	sll	x21,x6,x30	  x6:0x00000000 x30:0x652a2e00 x21=0x00000000
     195665.000 ns	     19565	80004590	01142a53	fadd.s	f20,f8,f17	  f8:0xcefff7e0 f17:0x00000000 f20=0xcefff7e0
     195685.000 ns	     19567	80004594	00d61cb3	sll	x25,x12,x13	 x12:0x00000001 x13:0x1b2f632b x25=0x00000800
     195705.000 ns	     19569	80004598	f0080ed3	fmv.w.x	f29,x16	 x16:0x00000000 f29=0x00000000
     195735.000 ns	     19572	8000459c	29721553	fmax.s	f10,f4,f23	  f4:0x4e59e80d f23:0x00000001 f10=0x4e59e80d
     195755.000 ns	     19574	800045a0	003fcd33	xor	x26,x31,x3	 x31:0xa9c00000  x3:0x00000000 x26=0xa9c00000
     195775.000 ns	     19576	800045a4	d00ff253	fcvt.s.w	f4,x31	 x31:0xa9c00000  f4=0xceac8000
     195795.000 ns	     19578	800045a8	408c5b13	srai	x22,x24,0x8	 x24:0x00000000 x22=0x00000000
     195805.000 ns	     19579	800045ac	013ad713	srli	x14,x21,0x13	 x21:0x00000000 x14=0x00000000
     195825.000 ns	     19581	800045b0	c00aff53	fcvt.w.s	x30,f21	 f21:0x7fc00000 x30=0x7fffffff
     195855.000 ns	     19584	800045b4	299c0b53	fmin.s	f22,f24,f25	 f24:0x00000001 f25:0xbf800000 f22=0xbf800000
     195875.000 ns	     19586	800045b8	00000013	addi	x0,x0,0	  x0:0x00000000
     195895.000 ns	     19588	800045bc	280a0cd3	fmin.s	f25,f20,f0	 f20:0xcefff7e0  f0:0x7fc00000 f25=0xcefff7e0
     195915.000 ns	     19590	800045c0	76786c13	ori	x24,x16,1895	 x16:0x00000000 x24=0x00000767
     195935.000 ns	     19592	800045c4	e0010753	fmv.x.w	x14,f2	  f2:0x80000000 x14=0x80000000
     195965.000 ns	     19595	800045c8	03fa2333	mulhsu	x6,x20,x31	 x20:0x7aca545c x31:0xa9c00000  x6=0x516ba970
     196335.000 ns	     19632	800045cc	02abe733	rem	x14,x23,x10	 x23:0x80040fe4 x10:0x00000001 x14=0x00000000
     196355.000 ns	     19634	800045d0	0196c833	xor	x16,x13,x25	 x13:0x1b2f632b x25:0x00000800 x16=0x1b2f6b2b
     196375.000 ns	     19636	800045d4	a1940c53	fle.s	x24,f8,f25	  f8:0xcefff7e0 f25:0xcefff7e0 x24=0x00000001
     196405.000 ns	     19639	800045d8	d01bf253	fcvt.s.wu	f4,x23	 x23:0x80040fe4  f4=0x4f00040f
     196425.000 ns	     19641	800045dc	0008feb3	and	x29,x17,x0	 x17:0xb6377c5c  x0:0x00000000 x29=0x00000000
     196445.000 ns	     19643	800045e0	030bbc33	mulhu	x24,x23,x16	 x23:0x80040fe4 x16:0x1b2f6b2b x24=0x0d982403
     196475.000 ns	     19646	800045e4	200d8553	fsgnj.s	f10,f27,f0	 f27:0x7fc00000  f0:0x7fc00000 f10=0x7fc00000
     196525.000 ns	     19651	800045e8	013e3253	fadd.s	f4,f28,f19	 f28:0x00000000 f19:0x80000001  f4=0x80000001
     196555.000 ns	     19654	800045ec	a1a920d3	feq.s	x1,f18,f26	 f18:0xcf000410 f26:0xffffffff  x1=0x00000000
     196925.000 ns	     19691	800045f0	02c5f1b3	remu	x3,x11,x12	 x11:0xffffffff x12:0x00000001  x3=0x00000000
     196955.000 ns	     19694	800045f4	f0020ed3	fmv.w.x	f29,x4	  x4:0x00000000 f29=0x00000000
     196975.000 ns	     19696	800045f8	6e66b113	sltiu	x2,x13,1766	 x13:0x1b2f632b  x2=0x00000000
     197305.000 ns	     19729	800045fc	188b1953	fdiv.s	f18,f22,f8	 f22:0xbf800000  f8:0xcefff7e0 f18=0x30000000
     197335.000 ns	     19732	80004600	d0130553	fcvt.s.wu	f10,x6	  x6:0x516ba970 f10=0x4ea2d753
     197365.000 ns	     19735	80004604	215426d3	fsgnjx.s	f13,f8,f21	  f8:0xcefff7e0 f21:0x7fc00000 f13=0xcefff7e0
     197385.000 ns	     19737	80004608	4180d933	sra	x18,x1,x24	  x1:0x00000000 x24:0x0d982403 x18=0x00000000
     197395.000 ns	     19738	8000460c	00811a93	slli	x21,x2,0x8	  x2:0x00000000 x21=0x00000000
     197405.000 ns	     19739	80004610	e0fd0497	auipc	x9,0xe0fd0	  x9=0x60fd4610
     197425.000 ns	     19741	80004614	c017f553	fcvt.wu.s	x10,f15	 f15:0xce900fe9 x10=0x4807f480
     197455.000 ns	     19744	80004618	e00182d3	fmv.x.w	x5,f3	  f3:0x7fc00000  x5=0x7fc00000
     197485.000 ns	     19747	8000461c	c00ef5d3	fcvt.w.s	x11,f29	 f29:0x00000000 x11=0x00000000
     197515.000 ns	     19750	80004620	20deab53	fsgnjx.s	f22,f29,f13	 f29:0x00000000 f13:0xcefff7e0 f22=0x80000000
     197545.000 ns	     19753	80004624	a0b3afd3	feq.s	x31,f7,f11	  f7:0xf3d7efdb f11:0x00000000 x31=0x00000000
     197565.000 ns	     19755	80004628	32f93b13	sltiu	x22,x18,815	 x18:0x00000000 x22=0x00000001
     197585.000 ns	     19757	8000462c	c01e0d53	fcvt.wu.s	x26,f28	 f28:0x00000000 x26=0x00000000
     197615.000 ns	     19760	80004630	c00afcd3	fcvt.w.s	x25,f21	 f21:0x7fc00000 x25=0x7fffffff
     197985.000 ns	     19797	80004634	02645a33	divu	x20,x8,x6	  x8:0x00000000  x6:0x516ba970 x20=0x00000000
     198025.000 ns	     19801	80004638	181e8f53	fdiv.s	f30,f29,f1	 f29:0x00000000  f1:0xff800000 f30=0x80000000
     198055.000 ns	     19804	8000463c	e00d8653	fmv.x.w	x12,f27	 f27:0x7fc00000 x12=0x7fc00000
     198095.000 ns	     19808	80004640	580670d3	fsqrt.s	f1,f12	 f12:0x80000000  f1=0x80000000
     198465.000 ns	     19845	80004644	026957b3	divu	x15,x18,x6	 x18:0x00000000  x6:0x516ba970 x15=0x00000000
     198485.000 ns	     19847	80004648	41098fb3	sub	x31,x19,x16	 x19:0xffffffff x16:0x1b2f6b2b x31=0xe4d094d4
     198495.000 ns	     19848	8000464c	0096bf33	sltu	x30,x13,x9	 x13:0x1b2f632b  x9:0x60fd4610 x30=0x00000001
     198505.000 ns	     19849	80004650	bdb36b13	ori	x22,x6,-1061	  x6:0x516ba970 x22=0xfffffbfb
     198515.000 ns	     19850	80004654	01b3fcb3	and	x25,x7,x27	  x7:0x49c883a4 x27:0xf1936e1b x25=0x41800200
     198525.000 ns	     19851	80004658	d13dc593	xori	x11,x27,-749	 x27:0xf1936e1b x11=0x0e6c9308
     198555.000 ns	     19854	8000465c	5800b953	fsqrt.s	f18,f1	  f1:0x80000000 f18=0x80000000
     198585.000 ns	     19857	80004660	20ceabd3	fsgnjx.s	f23,f29,f12	 f29:0x00000000 f12:0x80000000 f23=0x80000000
     198605.000 ns	     19859	80004664	411d0133	sub	x2,x26,x17	 x26:0x00000000 x17:0xb6377c5c  x2=0x49c883a4
     198625.000 ns	     19861	80004668	0323aab3	mulhsu	x21,x7,x18	  x7:0x49c883a4 x18:0x00000000 x21=0x00000000
     198645.000 ns	     19863	8000466c	c11c8293	addi	x5,x25,-1007	 x25:0x41800200  x5=0x417ffe11
     198655.000 ns	     19864	80004670	64e7f993	andi	x19,x15,1614	 x15:0x00000000 x19=0x00000000
     198665.000 ns	     19865	80004674	5150cd37	lui	x26,0x5150c	 x26=0x5150c000
     198675.000 ns	     19866	80004678	005fd5b3	srl	x11,x31,x5	 x31:0xe4d094d4  x5:0x417ffe11 x11=0x00007268
     198685.000 ns	     19867	8000467c	0fd13137	lui	x2,0xfd13	  x2=0x0fd13000
     199045.000 ns	     19903	80004680	03736333	rem	x6,x6,x23	  x6:0x516ba970 x23:0x80040fe4  x6=0x516ba970
     199075.000 ns	     19906	80004684	03772ab3	mulhsu	x21,x14,x23	 x14:0x00000000 x23:0x80040fe4 x21=0x00000000
     199105.000 ns	     19909	80004688	d0167ed3	fcvt.s.wu	f29,x12	 x12:0x7fc00000 f29=0x4eff8000
     199125.000 ns	     19911	8000468c	c8617393	andi	x7,x2,-890	  x2:0x0fd13000  x7=0x0fd13000
     199145.000 ns	     19913	80004690	28901d53	fmax.s	f26,f0,f9	  f0:0x7fc00000  f9:0x7fc00000 f26=0x7fc00000
     199175.000 ns	     19916	80004694	a0802253	feq.s	x4,f0,f8	  f0:0x7fc00000  f8:0xcefff7e0  x4=0x00000000
     199195.000 ns	     19918	80004698	0153dc33	srl	x24,x7,x21	  x7:0x0fd13000 x21:0x00000000 x24=0x0fd13000
     199205.000 ns	     19919	8000469c	00150433	add	x8,x10,x1	 x10:0x4807f480  x1:0x00000000  x8=0x4807f480
     199215.000 ns	     19920	800046a0	00a419b3	sll	x19,x8,x10	  x8:0x00000000 x10:0x4807f480 x19=0x4807f480
     199235.000 ns	     19922	800046a4	a08b9153	flt.s	x2,f23,f8	 f23:0x80000000  f8:0xcefff7e0  x2=0x00000000
     199265.000 ns	     19925	800046a8	02390a33	mul	x20,x18,x3	 x18:0x00000000  x3:0x00000000 x20=0x00000000
     199635.000 ns	     19962	800046ac	028850b3	divu	x1,x16,x8	 x16:0x1b2f6b2b  x8:0x4807f480  x1=0x00000000
     199655.000 ns	     19964	800046b0	00ffd8b3	srl	x17,x31,x15	 x31:0xe4d094d4 x15:0x00000000 x17=0xe4d094d4
     199665.000 ns	     19965	800046b4	06359c37	lui	x24,0x6359	 x24=0x06359000
     199675.000 ns	     19966	800046b8	bf7368b7	lui	x17,0xbf736	 x17=0xbf736000
     199685.000 ns	     19967	800046bc	01585a93	srli	x21,x16,0x15	 x16:0x1b2f6b2b x21=0x000000d9
     199705.000 ns	     19969	800046c0	e00394d3	fclass.s	x9,f7	  f7:0xf3d7efdb  x9=0x00000002
     199735.000 ns	     19972	800046c4	20ea1a53	fsgnjn.s	f20,f20,f14	 f20:0xcefff7e0 f14:0x80000000 f20=0x4efff7e0
     199765.000 ns	     19975	800046c8	02446633	rem	x12,x8,x4	  x8:0x4807f480  x4:0x00000000 x12=0x4807f480
     199785.000 ns	     19977	800046cc	2e04fa93	andi	x21,x9,736	  x9:0x00000002 x21=0x00000000
     199795.000 ns	     19978	800046d0	00000013	addi	x0,x0,0	  x0:0x00000000
     199805.000 ns	     19979	800046d4	a56d6613	ori	x12,x26,-1450	 x26:0x5150c000 x12=0xfffffa56
     199815.000 ns	     19980	800046d8	00000013	addi	x0,x0,0	  x0:0x00000000
     199855.000 ns	     19984	800046dc	0060f6d3	fadd.s	f13,f1,f6	  f1:0x80000000  f6:0x00000000 f13=0x00000000
     199895.000 ns	     19988	800046e0	580e4b53	fsqrt.s	f22,f28	 f28:0x00000000 f22=0x00000000
     199945.000 ns	     19993	800046e4	001f2953	fadd.s	f18,f30,f1	 f30:0x80000000  f1:0x80000000 f18=0x80000000
     200315.000 ns	     20030	800046e8	025f67b3	rem	x15,x30,x5	 x30:0x00000001  x5:0x417ffe11 x15=0x00000001
     200355.000 ns	     20034	800046ec	116dc7d3	fmul.s	f15,f27,f22	 f27:0x7fc00000 f22:0x00000000 f15=0x7fc00000
     200405.000 ns	     20039	800046f0	00f170d3	fadd.s	f1,f2,f15	  f2:0x80000000 f15:0xce900fe9  f1=0x7fc00000
     200425.000 ns	     20041	800046f4	4bc38313	addi	x6,x7,1212	  x7:0x0fd13000  x6=0x0fd134bc
     200445.000 ns	     20043	800046f8	a0b4aad3	feq.s	x21,f9,f11	  f9:0x7fc00000 f11:0x00000000 x21=0x00000000
     200465.000 ns	     20045	800046fc	4124d333	sra	x6,x9,x18	  x9:0x00000002 x18:0x00000000  x6=0x00000002
     200485.000 ns	     20047	80004700	c00ff0d3	fcvt.w.s	x1,f31	 f31:0x4efff7e0  x1=0x7ffbf000
     200855.000 ns	     20084	80004704	02fae433	rem	x8,x21,x15	 x21:0x00000000 x15:0x00000001  x8=0x00000000
     200895.000 ns	     20088	80004708	19eb7b53	fdiv.s	f22,f22,f30	 f22:0x00000000 f30:0x80000000 f22=0x7fc00000
     200925.000 ns	     20091	8000470c	0369a4b3	mulhsu	x9,x19,x22	 x19:0x4807f480 x22:0xfffffbfb  x9=0x4807f35e
     200965.000 ns	     20095	80004710	580871d3	fsqrt.s	f3,f16	 f16:0x7fc00000  f3=0x7fc00000
     200995.000 ns	     20098	80004714	20638b53	fsgnj.s	f22,f7,f6	  f7:0xf3d7efdb  f6:0x00000000 f22=0x73d7efdb
     202105.000 ns	     20209	80004718	580b79d3	fsqrt.s	f19,f22	 f22:0x7fc00000 f19=0x59a640aa
     202135.000 ns	     20212	8000471c	a067a7d3	feq.s	x15,f15,f6	 f15:0x7fc00000  f6:0x00000000 x15=0x00000000
     202155.000 ns	     20214	80004720	00ae40b3	xor	x1,x28,x10	 x28:0x80041024 x10:0x4807f480  x1=0xc803e4a4
     202165.000 ns	     20215	80004724	1bbb2193	slti	x3,x22,443	 x22:0xfffffbfb  x3=0x00000001
     202185.000 ns	     20217	80004728	a044a0d3	feq.s	x1,f9,f4	  f9:0x7fc00000  f4:0x80000001  x1=0x00000000
     202205.000 ns	     20219	8000472c	4100d313	srai	x6,x1,0x10	  x1:0xc803e4a4  x6=0x00000000
     202215.000 ns	     20220	80004730	fcfeef93	ori	x31,x29,-49	 x29:0x00000000 x31=0xffffffcf
     202235.000 ns	     20222	80004734	c01cfc53	fcvt.wu.s	x24,f25	 f25:0xcefff7e0 x24=0x7ffbf000
     202265.000 ns	     20225	80004738	d01df6d3	fcvt.s.wu	f13,x27	 x27:0xf1936e1b f13=0x4f71936e
     202285.000 ns	     20227	8000473c	4ca08a13	addi	x20,x1,1226	  x1:0x00000000 x20=0x000004ca
     202315.000 ns	     20230	80004740	19917553	fdiv.s	f10,f2,f25	  f2:0x80000000 f25:0xcefff7e0 f10=0x00000000
     202345.000 ns	     20233	80004744	036d2233	mulhsu	x4,x26,x22	 x26:0x5150c000 x22:0xfffffbfb  x4=0x5150beb9
     202365.000 ns	     20235	80004748	40dc5533	sra	x10,x24,x13	 x24:0x7ffbf000 x13:0x1b2f632b x10=0x000fff7e
     202725.000 ns	     20271	8000474c	02b4d533	divu	x10,x9,x11	  x9:0x4807f35e x11:0x00007268 x10=0x0000a12d
     202755.000 ns	     20274	80004750	e0018f53	fmv.x.w	x30,f3	  f3:0x7fc00000 x30=0x7fc00000
     202785.000 ns	     20277	80004754	28a20a53	fmin.s	f20,f4,f10	  f4:0x80000001 f10:0x00000000 f20=0x80000001
     202805.000 ns	     20279	80004758	014e95b3	sll	x11,x29,x20	 x29:0x00000000 x20:0x000004ca x11=0x00000000
     202825.000 ns	     20281	8000475c	e00c06d3	fmv.x.w	x13,f24	 f24:0x00000001 x13=0x00000001
     202855.000 ns	     20284	80004760	286802d3	fmin.s	f5,f16,f6	 f16:0x7fc00000  f6:0x00000000  f5=0x00000000
     202875.000 ns	     20286	80004764	00cf5533	srl	x10,x30,x12	 x30:0x7fc00000 x12:0xfffffa56 x10=0x000001ff
     202895.000 ns	     20288	80004768	f00981d3	fmv.w.x	f3,x19	 x19:0x4807f480  f3=0x4807f480
     202925.000 ns	     20291	8000476c	03098833	mul	x16,x19,x16	 x19:0x4807f480 x16:0x1b2f6b2b x16=0xd0079180
     202955.000 ns	     20294	80004770	21120e53	fsgnj.s	f28,f4,f17	  f4:0x80000001 f17:0x00000000 f28=0x00000001
     202975.000 ns	     20296	80004774	009cdb13	srli	x22,x25,0x9	 x25:0x41800200 x22=0x0020c001
     203005.000 ns	     20299	80004778	192c72d3	fdiv.s	f5,f24,f18	 f24:0x00000001 f18:0x80000000  f5=0xff800000
     203035.000 ns	     20302	8000477c	21019253	fsgnjn.s	f4,f3,f16	  f3:0x4807f480 f16:0x7fc00000  f4=0xc807f480
     203055.000 ns	     20304	80004780	01c46c33	or	x24,x8,x28	  x8:0x00000000 x28:0x80041024 x24=0x80041024
     203075.000 ns	     20306	80004784	a1a18053	fle.s	x0,f3,f26	  f3:0x4807f480 f26:0x7fc00000
     203095.000 ns	     20308	80004788	00382ab3	slt	x21,x16,x3	 x16:0xd0079180  x3:0x00000001 x21=0x00000001
     203105.000 ns	     20309	8000478c	014768b3	or	x17,x14,x20	 x14:0x00000000 x20:0x000004ca x17=0x000004ca
     203125.000 ns	     20311	80004790	02b480b3	mul	x1,x9,x11	  x9:0x4807f35e x11:0x00000000  x1=0x00000000
     203145.000 ns	     20313	80004794	014b9133	sll	x2,x23,x20	 x23:0x80040fe4 x20:0x000004ca  x2=0x103f9000
     203155.000 ns	     20314	80004798	a8903693	sltiu	x13,x0,-1399	  x0:0x00000000 x13=0x00000001
     203165.000 ns	     20315	8000479c	566fe713	ori	x14,x31,1382	 x31:0xffffffcf x14=0xffffffef
     203175.000 ns	     20316	800047a0	01130eb3	add	x29,x6,x17	  x6:0x00000000 x17:0x000004ca x29=0x000004ca
     203185.000 ns	     20317	800047a4	f0de6613	ori	x12,x28,-243	 x28:0x80041024 x12=0xffffff2d
     203205.000 ns	     20319	800047a8	e00e0353	fmv.x.w	x6,f28	 f28:0x00000001  x6=0x00000001
     203235.000 ns	     20322	800047ac	21050f53	fsgnj.s	f30,f10,f16	 f10:0x00000000 f16:0x7fc00000 f30=0x00000000
     203285.000 ns	     20327	800047b0	01310353	fadd.s	f6,f2,f19	  f2:0x80000000 f19:0x59a640aa  f6=0x59a640aa
     203305.000 ns	     20329	800047b4	41d26713	ori	x14,x4,1053	  x4:0x5150beb9 x14=0x5150bebd
     203345.000 ns	     20333	800047b8	081380d3	fsub.s	f1,f7,f1	  f7:0xf3d7efdb  f1:0x7fc00000  f1=0x7fc00000
     203365.000 ns	     20335	800047bc	6a350193	addi	x3,x10,1699	 x10:0x000001ff  x3=0x000008a2
     203375.000 ns	     20336	800047c0	00000013	addi	x0,x0,0	  x0:0x00000000
     203385.000 ns	     20337	800047c4	a17352b7	lui	x5,0xa1735	  x5=0xa1735000
     203395.000 ns	     20338	800047c8	e64e2993	slti	x19,x28,-412	 x28:0x80041024 x19=0x00000001
     203415.000 ns	     20340	800047cc	c00c75d3	fcvt.w.s	x11,f24	 f24:0x00000001 x11=0x00000000
     203445.000 ns	     20343	800047d0	e00f14d3	fclass.s	x9,f30	 f30:0x00000000  x9=0x00000010
     203485.000 ns	     20347	800047d4	19ef1353	fdiv.s	f6,f30,f30	 f30:0x00000000 f30:0x00000000  f6=0x7fc00000
     203515.000 ns	     20350	800047d8	039f1733	mulh	x14,x30,x25	 x30:0x7fc00000 x25:0x41800200 x14=0x20afa0ff
     203535.000 ns	     20352	800047dc	000200b3	add	x1,x4,x0	  x4:0x5150beb9  x0:0x00000000  x1=0x5150beb9
     203575.000 ns	     20356	800047e0	00020953	fadd.s	f18,f4,f0	  f4:0xc807f480  f0:0x7fc00000 f18=0x7fc00000
     203615.000 ns	     20360	800047e4	11a0c4d3	fmul.s	f9,f1,f26	  f1:0x7fc00000 f26:0x7fc00000  f9=0x7fc00000
     203635.000 ns	     20362	800047e8	4c63ba13	sltiu	x20,x7,1222	  x7:0x0fd13000 x20=0x00000000
     203655.000 ns	     20364	800047ec	03823133	mulhu	x2,x4,x24	  x4:0x5150beb9 x24:0x80041024  x2=0x28a9a9bf
     203685.000 ns	     20367	800047f0	f0018dd3	fmv.w.x	f27,x3	  x3:0x000008a2 f27=0x000008a2
     203715.000 ns	     20370	800047f4	20738a53	fsgnj.s	f20,f7,f7	  f7:0xf3d7efdb  f7:0xf3d7efdb f20=0xf3d7efdb
     203735.000 ns	     20372	800047f8	01e773b3	and	x7,x14,x30	 x14:0x20afa0ff x30:0x7fc00000  x7=0x20800000
     203755.000 ns	     20374	800047fc	02e795b3	mulh	x11,x15,x14	 x15:0x00000000 x14:0x20afa0ff x11=0x00000000
     203775.000 ns	     20376	80004800	006d88b3	add	x17,x27,x6	 x27:0xf1936e1b  x6:0x00000001 x17=0xf1936e1c
     203785.000 ns	     20377	80004804	01bead13	slti	x26,x29,27	 x29:0x000004ca x26=0x00000000
     203805.000 ns	     20379	80004808	a1611353	flt.s	x6,f2,f22	  f2:0x80000000 f22:0x73d7efdb  x6=0x00000001
     203835.000 ns	     20382	8000480c	a1aa1553	flt.s	x10,f20,f26	 f20:0xf3d7efdb f26:0x7fc00000 x10=0x00000000
     203885.000 ns	     20387	80004810	091a7d53	fsub.s	f26,f20,f17	 f20:0xf3d7efdb f17:0x00000000 f26=0xf3d7efdb
     203915.000 ns	     20390	80004814	030334b3	mulhu	x9,x6,x16	  x6:0x00000001 x16:0xd0079180  x9=0x00000000
     203945.000 ns	     20393	80004818	21b09853	fsgnjn.s	f16,f1,f27	  f1:0x7fc00000 f27:0x000008a2 f16=0xffc00000
     203975.000 ns	     20396	8000481c	0327c533	div	x10,x15,x18	 x15:0x00000000 x18:0x00000000 x10=0xffffffff
     204005.000 ns	     20399	80004820	a185a0d3	feq.s	x1,f11,f24	 f11:0x00000000 f24:0x00000001  x1=0x00000000
     204025.000 ns	     20401	80004824	ed412c13	slti	x24,x2,-300	  x2:0x28a9a9bf x24=0x00000000
     204035.000 ns	     20402	80004828	d34e4e93	xori	x29,x28,-716	 x28:0x80041024 x29=0x7ffbed10
     204055.000 ns	     20404	8000482c	219198d3	fsgnjn.s	f17,f3,f25	  f3:0x4807f480 f25:0xcefff7e0 f17=0x4807f480
     204085.000 ns	     20407	80004830	03ae03b3	mul	x7,x28,x26	 x28:0x80041024 x26:0x00000000  x7=0x00000000
     204105.000 ns	     20409	80004834	51068c93	addi	x25,x13,1296	 x13:0x00000001 x25=0x00000511
     204125.000 ns	     20411	80004838	e0049953	fclass.s	x18,f9	  f9:0x7fc00000 x18=0x00000200
     204155.000 ns	     20414	8000483c	285a9753	fmax.s	f14,f21,f5	 f21:0x7fc00000  f5:0xff800000 f14=0xff800000
     204175.000 ns	     20416	80004840	ab9c8213	addi	x4,x25,-1351	 x25:0x00000511  x4=0xffffffca
     204195.000 ns	     20418	80004844	280313d3	fmax.s	f7,f6,f0	  f6:0x7fc00000  f0:0x7fc00000  f7=0x7fc00000
     204225.000 ns	     20421	80004848	a13f04d3	fle.s	x9,f30,f19	 f30:0x00000000 f19:0x59a640aa  x9=0x00000001
     204245.000 ns	     20423	8000484c	000b0833	add	x16,x22,x0	 x22:0x0020c001  x0:0x00000000 x16=0x0020c001
     204265.000 ns	     20425	80004850	a13792d3	flt.s	x5,f15,f19	 f15:0x7fc00000 f19:0x59a640aa  x5=0x00000000
     204295.000 ns	     20428	80004854	02f90733	mul	x14,x18,x15	 x18:0x00000200 x15:0x00000000 x14=0x00000000
     204335.000 ns	     20432	80004858	5800f353	fsqrt.s	f6,f1	  f1:0x7fc00000  f6=0x7fc00000
     204365.000 ns	     20435	8000485c	21732fd3	fsgnjx.s	f31,f6,f23	  f6:0x7fc00000 f23:0x80000000 f31=0xffc00000
     204385.000 ns	     20437	80004860	005a22b3	slt	x5,x20,x5	 x20:0x00000000  x5:0x00000000  x5=0x00000000
     204395.000 ns	     20438	80004864	015600b3	add	x1,x12,x21	 x12:0xffffff2d x21:0x00000001  x1=0xffffff2e
     204405.000 ns	     20439	80004868	01d3e8b3	or	x17,x7,x29	  x7:0x00000000 x29:0x7ffbed10 x17=0x7ffbed10
     204415.000 ns	     20440	8000486c	00cffeb3	and	x29,x31,x12	 x31:0xffffffcf x12:0xffffff2d x29=0xffffff0d
     204425.000 ns	     20441	80004870	ff79a913	slti	x18,x19,-9	 x19:0x00000001 x18=0x00000000
     204435.000 ns	     20442	80004874	00000013	addi	x0,x0,0	  x0:0x00000000
     204465.000 ns	     20445	80004878	58032ed3	fsqrt.s	f29,f6	  f6:0x7fc00000 f29=0x7fc00000
     204495.000 ns	     20448	8000487c	023c8fb3	mul	x31,x25,x3	 x25:0x00000511  x3:0x000008a2 x31=0x002bbcc2
     204515.000 ns	     20450	80004880	015c9013	slli	x0,x25,0x15	 x25:0x00000511
     204525.000 ns	     20451	80004884	e6fb4213	xori	x4,x22,-401	 x22:0x0020c001  x4=0xffdf3e6e
     204555.000 ns	     20454	80004888	58003653	fsqrt.s	f12,f0	  f0:0x7fc00000 f12=0x7fc00000
     204585.000 ns	     20457	8000488c	03ed1133	mulh	x2,x26,x30	 x26:0x00000000 x30:0x7fc00000  x2=0x00000000
     204605.000 ns	     20459	80004890	00abfeb3	and	x29,x23,x10	 x23:0x80040fe4 x10:0xffffffff x29=0x80040fe4
     204615.000 ns	     20460	80004894	418982b3	sub	x5,x19,x24	 x19:0x00000001 x24:0x00000000  x5=0x00000001
     204635.000 ns	     20462	80004898	d00cb6d3	fcvt.s.w	f13,x25	 x25:0x00000511 f13=0x44a22000
     204655.000 ns	     20464	8000489c	41efd633	sra	x12,x31,x30	 x31:0x002bbcc2 x30:0x7fc00000 x12=0x002bbcc2
     204665.000 ns	     20465	800048a0	41775eb3	sra	x29,x14,x23	 x14:0x00000000 x23:0x80040fe4 x29=0x00000000
     204675.000 ns	     20466	800048a4	27506713	ori	x14,x0,629	  x0:0x00000000 x14=0x00000275
     204685.000 ns	     20467	800048a8	4124d433	sra	x8,x9,x18	  x9:0x00000001 x18:0x00000000  x8=0x00000001
     204695.000 ns	     20468	800048ac	40815f13	srai	x30,x2,0x8	  x2:0x00000000 x30=0x00000000
     204715.000 ns	     20470	800048b0	e00282d3	fmv.x.w	x5,f5	  f5:0xff800000  x5=0xff800000
     205055.000 ns	     20504	800048b4	19c6b8d3	fdiv.s	f17,f13,f28	 f13:0x44a22000 f28:0x00000001 f17=0x7f800000
     205425.000 ns	     20541	800048b8	030ac833	div	x16,x21,x16	 x21:0x00000001 x16:0x0020c001 x16=0x00000000
     205445.000 ns	     20543	800048bc	00000013	addi	x0,x0,0	  x0:0x00000000
     205455.000 ns	     20544	800048c0	013c9633	sll	x12,x25,x19	 x25:0x00000511 x19:0x00000001 x12=0x00000a22
     205475.000 ns	     20546	800048c4	f00b8053	fmv.w.x	f0,x23	 x23:0x80040fe4  f0=0x80040fe4
     205495.000 ns	     20548	800048c8	b68eae93	slti	x29,x29,-1176	 x29:0x00000000 x29=0x00000000
     205515.000 ns	     20550	800048cc	d0151b53	fcvt.s.wu	f22,x10	 x10:0xffffffff f22=0x4f7fffff
     205535.000 ns	     20552	800048d0	fe26a313	slti	x6,x13,-30	 x13:0x00000001  x6=0x00000000
     205545.000 ns	     20553	800048d4	40a55113	srai	x2,x10,0xa	 x10:0xffffffff  x2=0xffffffff
     205905.000 ns	     20589	800048d8	03faf2b3	remu	x5,x21,x31	 x21:0x00000001 x31:0x002bbcc2  x5=0x00000001
     205945.000 ns	     20593	800048dc	580ec153	fsqrt.s	f2,f29	 f29:0x7fc00000  f2=0x7fc00000
     205985.000 ns	     20597	800048e0	580caad3	fsqrt.s	f21,f25	 f25:0xcefff7e0 f21=0x7fc00000
     206015.000 ns	     20600	800048e4	28350653	fmin.s	f12,f10,f3	 f10:0x00000000  f3:0x4807f480 f12=0x00000000
     206035.000 ns	     20602	800048e8	013479b3	and	x19,x8,x19	  x8:0x00000001 x19:0x00000001 x19=0x00000001
     206075.000 ns	     20606	800048ec	005b3953	fadd.s	f18,f22,f5	 f22:0x4f7fffff  f5:0xff800000 f18=0xff800000
     206115.000 ns	     20610	800048f0	18e53bd3	fdiv.s	f23,f10,f14	 f10:0x00000000 f14:0xff800000 f23=0x80000000
     206155.000 ns	     20614	800048f4	108e72d3	fmul.s	f5,f28,f8	 f28:0x00000001  f8:0xcefff7e0  f5=0x847ff7e1
     206175.000 ns	     20616	800048f8	b2377a93	andi	x21,x14,-1245	 x14:0x00000275 x21=0x00000221
     206185.000 ns	     20617	800048fc	5e1f6093	ori	x1,x30,1505	 x30:0x00000000  x1=0x000005e1
     206545.000 ns	     20653	80004900	0284cd33	div	x26,x9,x8	  x9:0x00000001  x8:0x00000001 x26=0x00000001
     206575.000 ns	     20656	80004904	02188633	mul	x12,x17,x1	 x17:0x7ffbed10  x1:0xffffff2e x12=0x680cab10
     206605.000 ns	     20659	80004908	a03494d3	flt.s	x9,f9,f3	  f9:0x7fc00000  f3:0x4807f480  x9=0x00000000
     206625.000 ns	     20661	8000490c	015d5493	srli	x9,x26,0x15	 x26:0x00000001  x9=0x00000000
     206635.000 ns	     20662	80004910	00278633	add	x12,x15,x2	 x15:0x00000000  x2:0xffffffff x12=0xffffffff
     206655.000 ns	     20664	80004914	026f3033	mulhu	x0,x30,x6	 x30:0x00000000  x6:0x00000000
     206675.000 ns	     20666	80004918	00000013	addi	x0,x0,0	  x0:0x00000000
     206695.000 ns	     20668	8000491c	d0163553	fcvt.s.wu	f10,x12	 x12:0xffffffff f10=0x4f800000
     206715.000 ns	     20670	80004920	01797b33	and	x22,x18,x23	 x18:0x00000000 x23:0x80040fe4 x22=0x00000000
     206735.000 ns	     20672	80004924	28538253	fmin.s	f4,f7,f5	  f7:0x7fc00000  f5:0x847ff7e1  f4=0x847ff7e1
     206765.000 ns	     20675	80004928	02082ab3	mulhsu	x21,x16,x0	 x16:0x00000000  x0:0x00000000 x21=0x00000000
     207135.000 ns	     20712	8000492c	0377f2b3	remu	x5,x15,x23	 x15:0x00000000 x23:0x80040fe4  x5=0x00000000
     207165.000 ns	     20715	80004930	a0401753	flt.s	x14,f0,f4	  f0:0x80040fe4  f4:0x847ff7e1 x14=0x00000000
     207185.000 ns	     20717	80004934	bb48c393	xori	x7,x17,-1100	 x17:0x7ffbed10  x7=0x800416a4
     207205.000 ns	     20719	80004938	03e86c33	rem	x24,x16,x30	 x16:0x00000000 x30:0x00000000 x24=0x00000000
     207235.000 ns	     20722	8000493c	c00e75d3	fcvt.w.s	x11,f28	 f28:0x00000001 x11=0x00000000
     207265.000 ns	     20725	80004940	210f2753	fsgnjx.s	f14,f30,f16	 f30:0x00000000 f16:0xffc00000 f14=0x80000000
     207285.000 ns	     20727	80004944	362e6a97	auipc	x21,0x362e6	 x21=0xb62ea944
     207305.000 ns	     20729	80004948	02b0b833	mulhu	x16,x1,x11	  x1:0x000005e1 x11:0x00000000 x16=0x00000000
     207335.000 ns	     20732	8000494c	e00605d3	fmv.x.w	x11,f12	 f12:0x00000000 x11=0x00000000
     207365.000 ns	     20735	80004950	e0089453	fclass.s	x8,f17	 f17:0x7f800000  x8=0x00000080
     207385.000 ns	     20737	80004954	64514f93	xori	x31,x2,1605	  x2:0xffffffff x31=0xfffff9ba
     207395.000 ns	     20738	80004958	c78f34b7	lui	x9,0xc78f3	  x9=0xc78f3000
     207415.000 ns	     20740	8000495c	032db9b3	mulhu	x19,x27,x18	 x27:0xf1936e1b x18:0x00000000 x19=0x00000000
     207445.000 ns	     20743	80004960	20b707d3	fsgnj.s	f15,f14,f11	 f14:0x80000000 f11:0x00000000 f15=0x00000000
     207465.000 ns	     20745	80004964	087b0513	addi	x10,x22,135	 x22:0x00000000 x10=0x00000087
     207485.000 ns	     20747	80004968	f0080ed3	fmv.w.x	f29,x16	 x16:0x00000000 f29=0x00000000
     207505.000 ns	     20749	8000496c	00ac13b3	sll	x7,x24,x10	 x24:0x00000000 x10:0xffffffff  x7=0x00000000
     207865.000 ns	     20785	80004970	03c45cb3	divu	x25,x8,x28	  x8:0x00000080 x28:0x80041024 x25=0x00000000
     207885.000 ns	     20787	80004974	bc4a3c13	sltiu	x24,x20,-1084	 x20:0x00000000 x24=0x00000001
     207905.000 ns	     20789	80004978	299097d3	fmax.s	f15,f1,f25	  f1:0x7fc00000 f25:0xcefff7e0 f15=0xcefff7e0
     207925.000 ns	     20791	8000497c	01d79033	sll	x0,x15,x29	 x15:0x00000000 x29:0x00000000
     207945.000 ns	     20793	80004980	0207a3b3	mulhsu	x7,x15,x0	 x15:0x00000000  x0:0x00000000  x7=0x00000000
     207965.000 ns	     20795	80004984	41c307b3	sub	x15,x6,x28	  x6:0x00000000 x28:0x80041024 x15=0x7ffbefdc
     207985.000 ns	     20797	80004988	e0050c53	fmv.x.w	x24,f10	 f10:0x4f800000 x24=0x4f800000
     208005.000 ns	     20799	8000498c	000a5893	srli	x17,x20,0x0	 x20:0x00000000 x17=0x00000000
     208025.000 ns	     20801	80004990	d00d8bd3	fcvt.s.w	f23,x27	 x27:0xf1936e1b f23=0xcd66c91e
     208055.000 ns	     20804	80004994	29cc8953	fmin.s	f18,f25,f28	 f25:0xcefff7e0 f28:0x00000001 f18=0xcefff7e0
     208075.000 ns	     20806	80004998	01cc0833	add	x16,x24,x28	 x24:0x4f800000 x28:0x80041024 x16=0xcf841024
     208085.000 ns	     20807	8000499c	2cf36f93	ori	x31,x6,719	  x6:0x00000000 x31=0x000002cf
     208105.000 ns	     20809	800049a0	f00087d3	fmv.w.x	f15,x1	  x1:0x000005e1 f15=0x000005e1
     208125.000 ns	     20811	800049a4	015e3433	sltu	x8,x28,x21	 x28:0x80041024 x21:0xb62ea944  x8=0x00000001
     208145.000 ns	     20813	800049a8	2185a5d3	fsgnjx.s	f11,f11,f24	 f11:0x00000000 f24:0x00000001 f11=0x00000000
     208165.000 ns	     20815	800049ac	4083d693	srai	x13,x7,0x8	  x7:0x00000000 x13=0x00000000
     208175.000 ns	     20816	800049b0	efcfb397	auipc	x7,0xefcfb	  x7=0x6fcff9b0
     208185.000 ns	     20817	800049b4	5b43f993	andi	x19,x7,1460	  x7:0x00000000 x19=0x000001b0
     208205.000 ns	     20819	800049b8	e00c01d3	fmv.x.w	x3,f24	 f24:0x00000001  x3=0x00000001
     208235.000 ns	     20822	800049bc	d017c6d3	fcvt.s.wu	f13,x15	 x15:0x7ffbefdc f13=0x4efff7e0
     208265.000 ns	     20825	800049c0	21e9a1d3	fsgnjx.s	f3,f19,f30	 f19:0x59a640aa f30:0x00000000  f3=0x59a640aa
     208285.000 ns	     20827	800049c4	012cbfb3	sltu	x31,x25,x18	 x25:0x00000000 x18:0x00000000 x31=0x00000000
     208325.000 ns	     20831	800049c8	01757e53	fadd.s	f28,f10,f23	 f10:0x4f800000 f23:0xcd66c91e f28=0x4f71936e
     208345.000 ns	     20833	800049cc	40e28233	sub	x4,x5,x14	  x5:0x00000000 x14:0x00000000  x4=0x00000000
     208355.000 ns	     20834	800049d0	01a2c2b3	xor	x5,x5,x26	  x5:0x00000000 x26:0x00000001  x5=0x00000001
     208365.000 ns	     20835	800049d4	0059e933	or	x18,x19,x5	 x19:0x000001b0  x5:0x00000000 x18=0x000001b1
     208375.000 ns	     20836	800049d8	005e9a13	slli	x20,x29,0x5	 x29:0x00000000 x20=0x00000000
     208395.000 ns	     20838	800049dc	d012ced3	fcvt.s.wu	f29,x5	  x5:0x00000001 f29=0x3f800000
     208415.000 ns	     20840	800049e0	1a3aab13	slti	x22,x21,419	 x21:0xb62ea944 x22=0x00000001
     208435.000 ns	     20842	800049e4	291f18d3	fmax.s	f17,f30,f17	 f30:0x00000000 f17:0x7f800000 f17=0x7f800000
     208455.000 ns	     20844	800049e8	3b4a4c13	xori	x24,x20,948	 x20:0x00000000 x24=0x000003b4
     208475.000 ns	     20846	800049ec	d0097c53	fcvt.s.w	f24,x18	 x18:0x000001b1 f24=0x43d88000
     208525.000 ns	     20851	800049f0	00530053	fadd.s	f0,f6,f5	  f6:0x7fc00000  f5:0x847ff7e1  f0=0x7fc00000
     208545.000 ns	     20853	800049f4	012a0633	add	x12,x20,x18	 x20:0x00000000 x18:0x000001b1 x12=0x000001b1
     208905.000 ns	     20889	800049f8	02acfd33	remu	x26,x25,x10	 x25:0x00000000 x10:0x00000087 x26=0x00000000
     208935.000 ns	     20892	800049fc	024c3233	mulhu	x4,x24,x4	 x24:0x000003b4  x4:0x00000000  x4=0x00000000
     208965.000 ns	     20895	80004a00	28061c53	fmax.s	f24,f12,f0	 f12:0x00000000  f0:0x7fc00000 f24=0x00000000
     208985.000 ns	     20897	80004a04	00bcf5b3	and	x11,x25,x11	 x25:0x00000000 x11:0x00000000 x11=0x00000000
     208995.000 ns	     20898	80004a08	01657433	and	x8,x10,x22	 x10:0x00000087 x22:0x00000001  x8=0x00000001
     209025.000 ns	     20901	80004a0c	19b647d3	fdiv.s	f15,f12,f27	 f12:0x00000000 f27:0x000008a2 f15=0x00000000
     209055.000 ns	     20904	80004a10	29cc1ad3	fmax.s	f21,f24,f28	 f24:0x00000000 f28:0x4f71936e f21=0x4f71936e
     209085.000 ns	     20907	80004a14	21130353	fsgnj.s	f6,f6,f17	  f6:0x7fc00000 f17:0x7f800000  f6=0x7fc00000
     209105.000 ns	     20909	80004a18	000f1793	slli	x15,x30,0x0	 x30:0x00000000 x15=0x00000000
     209465.000 ns	     20945	80004a1c	03b44f33	div	x30,x8,x27	  x8:0x00000001 x27:0xf1936e1b x30=0x00000000
     210645.000 ns	     21063	80004a20	58018cd3	fsqrt.s	f25,f3	  f3:0x59a640aa f25=0x4c91e091
     210665.000 ns	     21065	80004a24	00882733	slt	x14,x16,x8	 x16:0xcf841024  x8:0x00000001 x14=0x00000001
     210675.000 ns	     21066	80004a28	f4dd8c13	addi	x24,x27,-179	 x27:0xf1936e1b x24=0xf1936d68
     210715.000 ns	     21070	80004a2c	0172a753	fadd.s	f14,f5,f23	  f5:0x847ff7e1 f23:0xcd66c91e f14=0xcd66c91e
     210745.000 ns	     21073	80004a30	a14c9d53	flt.s	x26,f25,f20	 f25:0x4c91e091 f20:0xf3d7efdb x26=0x00000000
     210765.000 ns	     21075	80004a34	41390333	sub	x6,x18,x19	 x18:0x000001b1 x19:0x000001b0  x6=0x00000001
     210785.000 ns	     21077	80004a38	03ebd133	divu	x2,x23,x30	 x23:0x80040fe4 x30:0x00000000  x2=0xffffffff
     210805.000 ns	     21079	80004a3c	01109133	sll	x2,x1,x17	  x1:0x000005e1 x17:0x00000000  x2=0x000005e1
     210815.000 ns	     21080	80004a40	0097d593	srli	x11,x15,0x9	 x15:0x00000000 x11=0x00000000
     210835.000 ns	     21082	80004a44	a01715d3	flt.s	x11,f14,f1	 f14:0xcd66c91e  f1:0x7fc00000 x11=0x00000000
     210855.000 ns	     21084	80004a48	0091d793	srli	x15,x3,0x9	  x3:0x00000001 x15=0x00000000
     210865.000 ns	     21085	80004a4c	00a3fcb3	and	x25,x7,x10	  x7:0x6fcff9b0 x10:0x00000087 x25=0x00000080
     210875.000 ns	     21086	80004a50	b7085497	auipc	x9,0xb7085	  x9=0x37089a50
     210885.000 ns	     21087	80004a54	4afde113	ori	x2,x27,1199	 x27:0xf1936e1b  x2=0xf1936ebf
     210905.000 ns	     21089	80004a58	21e21053	fsgnjn.s	f0,f4,f30	  f4:0x847ff7e1 f30:0x00000000  f0=0x847ff7e1
     210935.000 ns	     21092	80004a5c	02ee25b3	mulhsu	x11,x28,x14	 x28:0x80041024 x14:0x00000001 x11=0xffffffff
     210965.000 ns	     21095	80004a60	e0020c53	fmv.x.w	x24,f4	  f4:0x847ff7e1 x24=0x847ff7e1
     210995.000 ns	     21098	80004a64	285c9b53	fmax.s	f22,f25,f5	 f25:0x4c91e091  f5:0x847ff7e1 f22=0x4c91e091
     211365.000 ns	     21135	80004a68	033df333	remu	x6,x27,x19	 x27:0xf1936e1b x19:0x000001b0  x6=0x000000ab
     211405.000 ns	     21139	80004a6c	1158cd53	fmul.s	f26,f17,f21	 f17:0x7f800000 f21:0x4f71936e f26=0x7f800000
     211435.000 ns	     21142	80004a70	035eb4b3	mulhu	x9,x29,x21	 x29:0x00000000 x21:0xb62ea944  x9=0x00000000
     211805.000 ns	     21179	80004a74	0308f833	remu	x16,x17,x16	 x17:0x00000000 x16:0xcf841024 x16=0x00000000
     211835.000 ns	     21182	80004a78	a18696d3	flt.s	x13,f13,f24	 f13:0x4efff7e0 f24:0x00000000 x13=0x00000000
     211855.000 ns	     21184	80004a7c	00c91433	sll	x8,x18,x12	 x18:0x000001b1 x12:0x000001b1  x8=0x03620000
     211875.000 ns	     21186	80004a80	e00a85d3	fmv.x.w	x11,f21	 f21:0x4f71936e x11=0x4f71936e
     211895.000 ns	     21188	80004a84	9cfa6393	ori	x7,x20,-1585	 x20:0x00000000  x7=0xfffff9cf
     211915.000 ns	     21190	80004a88	03e051b3	divu	x3,x0,x30	  x0:0x00000000 x30:0x00000000  x3=0xffffffff
     211945.000 ns	     21193	80004a8c	e0078fd3	fmv.x.w	x31,f15	 f15:0x00000000 x31=0x00000000
     211965.000 ns	     21195	80004a90	1aa62b13	slti	x22,x12,426	 x12:0x000001b1 x22=0x00000000
     211995.000 ns	     21198	80004a94	11b3c053	fmul.s	f0,f7,f27	  f7:0x7fc00000 f27:0x000008a2  f0=0x7fc00000
     212015.000 ns	     21200	80004a98	416c84b3	sub	x9,x25,x22	 x25:0x00000080 x22:0x00000001  x9=0x00000080
     212035.000 ns	     21202	80004a9c	20252653	fsgnjx.s	f12,f10,f2	 f10:0x4f800000  f2:0x7fc00000 f12=0x4f800000
     212055.000 ns	     21204	80004aa0	00053fb3	sltu	x31,x10,x0	 x10:0x00000087  x0:0x00000000 x31=0x00000000
     212065.000 ns	     21205	80004aa4	00f724b3	slt	x9,x14,x15	 x14:0x00000001 x15:0x00000000  x9=0x00000000
     212085.000 ns	     21207	80004aa8	a18aa453	feq.s	x8,f21,f24	 f21:0x4f71936e f24:0x00000000  x8=0x00000000
     212105.000 ns	     21209	80004aac	417002b3	sub	x5,x0,x23	  x0:0x00000000 x23:0x80040fe4  x5=0x7ffbf01c
     212125.000 ns	     21211	80004ab0	f00b8ad3	fmv.w.x	f21,x23	 x23:0x80040fe4 f21=0x80040fe4
     212155.000 ns	     21214	80004ab4	d0091dd3	fcvt.s.w	f27,x18	 x18:0x000001b1 f27=0x43d88000
     212175.000 ns	     21216	80004ab8	38928193	addi	x3,x5,905	  x5:0x7ffbf01c  x3=0x7ffbf3a5
     212195.000 ns	     21218	80004abc	29a59653	fmax.s	f12,f11,f26	 f11:0x00000000 f26:0x7f800000 f12=0x7f800000
     212215.000 ns	     21220	80004ac0	01ed4133	xor	x2,x26,x30	 x26:0x00000000 x30:0x00000000  x2=0x00000000
     212235.000 ns	     21222	80004ac4	a18d8053	fle.s	x0,f27,f24	 f27:0x43d88000 f24:0x00000000
     212265.000 ns	     21225	80004ac8	f00b0653	fmv.w.x	f12,x22	 x22:0x00000000 f12=0x00000000
     212635.000 ns	     21262	80004acc	027ef433	remu	x8,x29,x7	 x29:0x00000000  x7:0xfffff9cf  x8=0x00000000
     212665.000 ns	     21265	80004ad0	e0091cd3	fclass.s	x25,f18	 f18:0xcefff7e0 x25=0x00000002
     212695.000 ns	     21268	80004ad4	035133b3	mulhu	x7,x2,x21	  x2:0x00000000 x21:0xb62ea944  x7=0x00000000
     212725.000 ns	     21271	80004ad8	a13ea353	feq.s	x6,f29,f19	 f29:0x3f800000 f19:0x59a640aa  x6=0x00000000
     212755.000 ns	     21274	80004adc	a16daad3	feq.s	x21,f27,f22	 f27:0x43d88000 f22:0x4c91e091 x21=0x00000000
     212775.000 ns	     21276	80004ae0	d356c113	xori	x2,x13,-715	 x13:0x00000000  x2=0xfffffd35
     212795.000 ns	     21278	80004ae4	02f2bfb3	mulhu	x31,x5,x15	  x5:0x7ffbf01c x15:0x00000000 x31=0x00000000
     212825.000 ns	     21281	80004ae8	02b48b33	mul	x22,x9,x11	  x9:0x00000000 x11:0x4f71936e x22=0x00000000
     212845.000 ns	     21283	80004aec	0142e033	or	x0,x5,x20	  x5:0x7ffbf01c x20:0x00000000
     212855.000 ns	     21284	80004af0	01061793	slli	x15,x12,0x10	 x12:0x000001b1 x15=0x01b10000
     212875.000 ns	     21286	80004af4	29950f53	fmin.s	f30,f10,f25	 f10:0x4f800000 f25:0x4c91e091 f30=0x4c91e091
     212925.000 ns	     21291	80004af8	00e8f053	fadd.s	f0,f17,f14	 f17:0x7f800000 f14:0xcd66c91e  f0=0x7f800000
     212955.000 ns	     21294	80004afc	d018f8d3	fcvt.s.wu	f17,x17	 x17:0x00000000 f17=0x00000000
     213005.000 ns	     21299	80004b00	01e5f7d3	fadd.s	f15,f11,f30	 f11:0x00000000 f30:0x4c91e091 f15=0x4c91e091
     213035.000 ns	     21302	80004b04	a192aed3	feq.s	x29,f5,f25	  f5:0x847ff7e1 f25:0x4c91e091 x29=0x00000000
     213055.000 ns	     21304	80004b08	008dd113	srli	x2,x27,0x8	 x27:0xf1936e1b  x2=0x00f1936e
     213075.000 ns	     21306	80004b0c	0217aa33	mulhsu	x20,x15,x1	 x15:0x01b10000  x1:0x000005e1 x20=0x00000009
     213095.000 ns	     21308	80004b10	00ea1613	slli	x12,x20,0xe	 x20:0x00000000 x12=0x00024000
     213115.000 ns	     21310	80004b14	a02c99d3	flt.s	x19,f25,f2	 f25:0x4c91e091  f2:0x7fc00000 x19=0x00000000
     213145.000 ns	     21313	80004b18	0383b933	mulhu	x18,x7,x24	  x7:0x00000000 x24:0x847ff7e1 x18=0x00000000
     213165.000 ns	     21315	80004b1c	6a76e8b7	lui	x17,0x6a76e	 x17=0x6a76e000
     213175.000 ns	     21316	80004b20	0189d933	srl	x18,x19,x24	 x19:0x00000000 x24:0x847ff7e1 x18=0x00000000
     213185.000 ns	     21317	80004b24	01f93cb3	sltu	x25,x18,x31	 x18:0x00000000 x31:0x00000000 x25=0x00000000
     213205.000 ns	     21319	80004b28	294b1053	fmax.s	f0,f22,f20	 f22:0x4c91e091 f20:0xf3d7efdb  f0=0x4c91e091
     213235.000 ns	     21322	80004b2c	03a7cd33	div	x26,x15,x26	 x15:0x01b10000 x26:0x00000000 x26=0xffffffff
     213265.000 ns	     21325	80004b30	03d2fcb3	remu	x25,x5,x29	  x5:0x7ffbf01c x29:0x00000000 x25=0x7ffbf01c
     213295.000 ns	     21328	80004b34	c015a953	fcvt.wu.s	x18,f11	 f11:0x00000000 x18=0x00000000
     213315.000 ns	     21330	80004b38	5f718993	addi	x19,x3,1527	  x3:0x7ffbf3a5 x19=0x7ffbf99c
     213325.000 ns	     21331	80004b3c	4fd8a013	slti	x0,x17,1277	 x17:0x6a76e000
     213345.000 ns	     21333	80004b40	02682d33	mulhsu	x26,x16,x6	 x16:0x00000000  x6:0x00000000 x26=0x00000000
     213715.000 ns	     21370	80004b44	03786eb3	rem	x29,x16,x23	 x16:0x00000000 x23:0x80040fe4 x29=0x00000000
     213735.000 ns	     21372	80004b48	408b8533	sub	x10,x23,x8	 x23:0x80040fe4  x8:0x00000000 x10=0x80040fe4
     213755.000 ns	     21374	80004b4c	f00f83d3	fmv.w.x	f7,x31	 x31:0x00000000  f7=0x00000000
     213785.000 ns	     21377	80004b50	e00610d3	fclass.s	x1,f12	 f12:0x00000000  x1=0x00000010
     213805.000 ns	     21379	80004b54	01d10fb3	add	x31,x2,x29	  x2:0x00f1936e x29:0x00000000 x31=0x00f1936e
     213815.000 ns	     21380	80004b58	40a2df93	srai	x31,x5,0xa	  x5:0x7ffbf01c x31=0x001ffefc
     213825.000 ns	     21381	80004b5c	402183b3	sub	x7,x3,x2	  x3:0x7ffbf3a5  x2:0x00f1936e  x7=0x7f0a6037
     213835.000 ns	     21382	80004b60	89774493	xori	x9,x14,-1897	 x14:0x00000001  x9=0xfffff896
     213845.000 ns	     21383	80004b64	00000013	addi	x0,x0,0	  x0:0x00000000
     214205.000 ns	     21419	80004b68	03ffcab3	div	x21,x31,x31	 x31:0x001ffefc x31:0x001ffefc x21=0x00000001
     214235.000 ns	     21422	80004b6c	206d9153	fsgnjn.s	f2,f27,f6	 f27:0x43d88000  f6:0x7fc00000  f2=0xc3d88000
     214285.000 ns	     21427	80004b70	0820fd53	fsub.s	f26,f1,f2	  f1:0x7fc00000  f2:0x7fc00000 f26=0x7fc00000
     214315.000 ns	     21430	80004b74	a1faaed3	feq.s	x29,f21,f31	 f21:0x80040fe4 f31:0xffc00000 x29=0x00000000
     214345.000 ns	     21433	80004b78	a1e89d53	flt.s	x26,f17,f30	 f17:0x00000000 f30:0x4c91e091 x26=0x00000001
     214365.000 ns	     21435	80004b7c	00635f93	srli	x31,x6,0x6	  x6:0x00000000 x31=0x00000000
     214375.000 ns	     21436	80004b80	1b471437	lui	x8,0x1b471	  x8=0x1b471000
     214395.000 ns	     21438	80004b84	21a10053	fsgnj.s	f0,f2,f26	  f2:0xc3d88000 f26:0x7fc00000  f0=0x43d88000
     214415.000 ns	     21440	80004b88	0153dcb3	srl	x25,x7,x21	  x7:0x7f0a6037 x21:0x00000001 x25=0x3f85301b
     214425.000 ns	     21441	80004b8c	a7ed6517	auipc	x10,0xa7ed6	 x10=0x27edab8c
     214435.000 ns	     21442	80004b90	007a00b3	add	x1,x20,x7	 x20:0x00000009  x7:0x7f0a6037  x1=0x7f0a6040
     214445.000 ns	     21443	80004b94	06cb7a93	andi	x21,x22,108	 x22:0x00000000 x21=0x00000000
     214455.000 ns	     21444	80004b98	01c97cb3	and	x25,x18,x28	 x18:0x00000000 x28:0x80041024 x25=0x00000000
     214465.000 ns	     21445	80004b9c	40455693	srai	x13,x10,0x4	 x10:0x27edab8c x13=0x027edab8
     214485.000 ns	     21447	80004ba0	d00f2fd3	fcvt.s.w	f31,x30	 x30:0x00000000 f31=0x00000000
     214505.000 ns	     21449	80004ba4	016eea33	or	x20,x29,x22	 x29:0x00000000 x22:0x00000000 x20=0x00000000
     214525.000 ns	     21451	80004ba8	d0078653	fcvt.s.w	f12,x15	 x15:0x01b10000 f12=0x4bd88000
     214555.000 ns	     21454	80004bac	c00e9a53	fcvt.w.s	x20,f29	 f29:0x3f800000 x20=0x00000001
     214575.000 ns	     21456	80004bb0	016fecb3	or	x25,x31,x22	 x31:0x00000000 x22:0x00000000 x25=0x00000000
     214585.000 ns	     21457	80004bb4	00a613b3	sll	x7,x12,x10	 x12:0x00024000 x10:0x27edab8c  x7=0x24000000
     214615.000 ns	     21460	80004bb8	198e7353	fdiv.s	f6,f28,f24	 f28:0x4f71936e f24:0x00000000  f6=0x7f800000
     214645.000 ns	     21463	80004bbc	28978fd3	fmin.s	f31,f15,f9	 f15:0x4c91e091  f9:0x7fc00000 f31=0x4c91e091
     214665.000 ns	     21465	80004bc0	00f0d493	srli	x9,x1,0xf	  x1:0x7f0a6040  x9=0x0000fe14
     214675.000 ns	     21466	80004bc4	499940b7	lui	x1,0x49994	  x1=0x49994000
     214685.000 ns	     21467	80004bc8	0857f097	auipc	x1,0x857f	  x1=0x88583bc8
     214705.000 ns	     21469	80004bcc	219b20d3	fsgnjx.s	f1,f22,f25	 f22:0x4c91e091 f25:0x4c91e091  f1=0x4c91e091
     214735.000 ns	     21472	80004bd0	e00287d3	fmv.x.w	x15,f5	  f5:0x847ff7e1 x15=0x847ff7e1
     214755.000 ns	     21474	80004bd4	00057fb3	and	x31,x10,x0	 x10:0x27edab8c  x0:0x00000000 x31=0x00000000
     215085.000 ns	     21507	80004bd8	19247b53	fdiv.s	f22,f8,f18	  f8:0xcefff7e0 f18:0xcefff7e0 f22=0x3f7ff7e0
     215115.000 ns	     21510	80004bdc	02c98a33	mul	x20,x19,x12	 x19:0x7ffbf99c x12:0x00024000 x20=0xf19f0000
     215135.000 ns	     21512	80004be0	0145e6b3	or	x13,x11,x20	 x11:0x4f71936e x20:0x00000001 x13=0xffff936e
     215145.000 ns	     21513	80004be4	c352bd13	sltiu	x26,x5,-971	  x5:0x7ffbf01c x26=0x00000001
     215165.000 ns	     21515	80004be8	f00887d3	fmv.w.x	f15,x17	 x17:0x6a76e000 f15=0x6a76e000
     215205.000 ns	     21519	80004bec	10f6c253	fmul.s	f4,f13,f15	 f13:0x4efff7e0 f15:0x4c91e091  f4=0x79f6d82a
     215225.000 ns	     21521	80004bf0	41cb5713	srai	x14,x22,0x1c	 x22:0x00000000 x14=0x00000000
     215245.000 ns	     21523	80004bf4	a08a26d3	feq.s	x13,f20,f8	 f20:0xf3d7efdb  f8:0xcefff7e0 x13=0x00000000
     215265.000 ns	     21525	80004bf8	40840333	sub	x6,x8,x8	  x8:0x1b471000  x8:0x1b471000  x6=0x00000000
     215305.000 ns	     21529	80004bfc	00e93ed3	fadd.s	f29,f18,f14	 f18:0xcefff7e0 f14:0xcd66c91e f29=0xcf0e6881
     215325.000 ns	     21531	80004c00	009129b3	slt	x19,x2,x9	  x2:0x00f1936e  x9:0x0000fe14 x19=0x00000000
     215335.000 ns	     21532	80004c04	27fd0b13	addi	x22,x26,639	 x26:0x00000001 x22=0x00000280
     215355.000 ns	     21534	80004c08	d013b2d3	fcvt.s.wu	f5,x7	  x7:0x24000000  f5=0x4e100000
     215385.000 ns	     21537	80004c0c	21b026d3	fsgnjx.s	f13,f0,f27	  f0:0x43d88000 f27:0x43d88000 f13=0x43d88000
     215405.000 ns	     21539	80004c10	407a0cb3	sub	x25,x20,x7	 x20:0xf19f0000  x7:0x24000000 x25=0xcd9f0000
     215415.000 ns	     21540	80004c14	000506b3	add	x13,x10,x0	 x10:0x27edab8c  x0:0x00000000 x13=0x27edab8c
     215435.000 ns	     21542	80004c18	28279753	fmax.s	f14,f15,f2	 f15:0x6a76e000  f2:0xc3d88000 f14=0x6a76e000
     215455.000 ns	     21544	80004c1c	005144b3	xor	x9,x2,x5	  x2:0x00f1936e  x5:0x7ffbf01c  x9=0x7f0a6372
     215475.000 ns	     21546	80004c20	02f40c33	mul	x24,x8,x15	  x8:0x1b471000 x15:0x847ff7e1 x24=0x79e51000
     215495.000 ns	     21548	80004c24	01be7eb3	and	x29,x28,x27	 x28:0x80041024 x27:0xf1936e1b x29=0x80000000
     215515.000 ns	     21550	80004c28	f00f8ad3	fmv.w.x	f21,x31	 x31:0x00000000 f21=0x00000000
     215885.000 ns	     21587	80004c2c	02d67833	remu	x16,x12,x13	 x12:0x00024000 x13:0x27edab8c x16=0x00024000
     215915.000 ns	     21590	80004c30	e00714d3	fclass.s	x9,f14	 f14:0x6a76e000  x9=0x00000040
     215945.000 ns	     21593	80004c34	d0009c53	fcvt.s.w	f24,x1	  x1:0x88583bc8 f24=0xceef4f88
     215965.000 ns	     21595	80004c38	40f65c93	srai	x25,x12,0xf	 x12:0x00024000 x25=0x00000004
     215985.000 ns	     21597	80004c3c	c00eb7d3	fcvt.w.s	x15,f29	 f29:0xcf0e6881 x15=0x80000000
     216015.000 ns	     21600	80004c40	d0103553	fcvt.s.wu	f10,x0	  x0:0x00000000 f10=0x00000000
     216045.000 ns	     21603	80004c44	a03421d3	feq.s	x3,f8,f3	  f8:0xcefff7e0  f3:0x59a640aa  x3=0x00000000
     216065.000 ns	     21605	80004c48	00529193	slli	x3,x5,0x5	  x5:0x7ffbf01c  x3=0xff7e0380
     216075.000 ns	     21606	80004c4c	005380b3	add	x1,x7,x5	  x7:0x24000000  x5:0x7ffbf01c  x1=0xa3fbf01c
     216095.000 ns	     21608	80004c50	03109433	mulh	x8,x1,x17	  x1:0x88583bc8 x17:0x6a76e000  x8=0xd9bb9708
     216125.000 ns	     21611	80004c54	a14b2d53	feq.s	x26,f22,f20	 f22:0x3f7ff7e0 f20:0xf3d7efdb x26=0x00000000
     216155.000 ns	     21614	80004c58	20bc9ad3	fsgnjn.s	f21,f25,f11	 f25:0x4c91e091 f11:0x00000000 f21=0xcc91e091
     216185.000 ns	     21617	80004c5c	c01ff553	fcvt.wu.s	x10,f31	 f31:0x4c91e091 x10=0x048f0488
     216205.000 ns	     21619	80004c60	f9f23713	sltiu	x14,x4,-97	  x4:0x00000000 x14=0x00000001
     216225.000 ns	     21621	80004c64	030ca433	mulhsu	x8,x25,x16	 x25:0x00000004 x16:0x00024000  x8=0x00000000
     216255.000 ns	     21624	80004c68	211fae53	fsgnjx.s	f28,f31,f17	 f31:0x4c91e091 f17:0x00000000 f28=0x4c91e091
     216285.000 ns	     21627	80004c6c	d0084ed3	fcvt.s.w	f29,x16	 x16:0x00024000 f29=0x48100000
     216305.000 ns	     21629	80004c70	795bb537	lui	x10,0x795bb	 x10=0x795bb000
     216315.000 ns	     21630	80004c74	006a72b3	and	x5,x20,x6	 x20:0xf19f0000  x6:0x00000000  x5=0x00000000
     216335.000 ns	     21632	80004c78	2112a3d3	fsgnjx.s	f7,f5,f17	  f5:0x4e100000 f17:0x00000000  f7=0x4e100000
     216355.000 ns	     21634	80004c7c	00d0c1b3	xor	x3,x1,x13	  x1:0xa3fbf01c x13:0x27edab8c  x3=0x84165b90
     216365.000 ns	     21635	80004c80	40f0dd13	srai	x26,x1,0xf	  x1:0xa3fbf01c x26=0xffff47f7
     216385.000 ns	     21637	80004c84	d00f7953	fcvt.s.w	f18,x30	 x30:0x00000000 f18=0x00000000
     216755.000 ns	     21674	80004c88	03d35433	divu	x8,x6,x29	  x6:0x00000000 x29:0x80000000  x8=0x00000000
     216775.000 ns	     21676	80004c8c	405bd0b3	sra	x1,x23,x5	 x23:0x80040fe4  x5:0x00000000  x1=0x80040fe4
     216815.000 ns	     21680	80004c90	087bfc53	fsub.s	f24,f23,f7	 f23:0xcd66c91e  f7:0x4e100000 f24=0xce49b247
     216845.000 ns	     21683	80004c94	202189d3	fsgnj.s	f19,f3,f2	  f3:0x59a640aa  f2:0xc3d88000 f19=0xd9a640aa
     216885.000 ns	     21687	80004c98	109bfed3	fmul.s	f29,f23,f9	 f23:0xcd66c91e  f9:0x7fc00000 f29=0x7fc00000
     216905.000 ns	     21689	80004c9c	01c600b3	add	x1,x12,x28	 x12:0x00024000 x28:0x80041024  x1=0x80065024
     216925.000 ns	     21691	80004ca0	02dc0f33	mul	x30,x24,x13	 x24:0x79e51000 x13:0x27edab8c x30=0x7af4c000
     216955.000 ns	     21694	80004ca4	202c8f53	fsgnj.s	f30,f25,f2	 f25:0x4c91e091  f2:0xc3d88000 f30=0xcc91e091
     217325.000 ns	     21731	80004ca8	02d85333	divu	x6,x16,x13	 x16:0x00024000 x13:0x27edab8c  x6=0x00000000
     217345.000 ns	     21733	80004cac	0198a833	slt	x16,x17,x25	 x17:0x6a76e000 x25:0x00000004 x16=0x00000000
     217355.000 ns	     21734	80004cb0	e3012a93	slti	x21,x2,-464	  x2:0x00f1936e x21=0x00000000
     217365.000 ns	     21735	80004cb4	00000013	addi	x0,x0,0	  x0:0x00000000
     217375.000 ns	     21736	80004cb8	40495eb3	sra	x29,x18,x4	 x18:0x00000000  x4:0x00000000 x29=0x00000000
     217395.000 ns	     21738	80004cbc	03db54b3	divu	x9,x22,x29	 x22:0x00000280 x29:0x80000000  x9=0xffffffff
     217425.000 ns	     21741	80004cc0	0201e833	rem	x16,x3,x0	  x3:0x84165b90  x0:0x00000000 x16=0x84165b90
     217455.000 ns	     21744	80004cc4	d011aed3	fcvt.s.wu	f29,x3	  x3:0x84165b90 f29=0x4f04165c
     217485.000 ns	     21747	80004cc8	03373cb3	mulhu	x25,x14,x19	 x14:0x00000001 x19:0x00000000 x25=0x00000000
     217505.000 ns	     21749	80004ccc	3a7bf193	andi	x3,x23,935	 x23:0x80040fe4  x3=0x000003a4
     217515.000 ns	     21750	80004cd0	799ef513	andi	x10,x29,1945	 x29:0x00000000 x10=0x00000000
     217525.000 ns	     21751	80004cd4	281d3037	lui	x0,0x281d3	
     217545.000 ns	     21753	80004cd8	298089d3	fmin.s	f19,f1,f24	  f1:0x4c91e091 f24:0xce49b247 f19=0xce49b247
     217575.000 ns	     21756	80004cdc	037600b3	mul	x1,x12,x23	 x12:0x00024000 x23:0x80040fe4  x1=0x23c10000
     217605.000 ns	     21759	80004ce0	295b87d3	fmin.s	f15,f23,f21	 f23:0xcd66c91e f21:0xcc91e091 f15=0xcd66c91e
     217645.000 ns	     21763	80004ce4	199846d3	fdiv.s	f13,f16,f25	 f16:0xffc00000 f25:0x4c91e091 f13=0x7fc00000
     217675.000 ns	     21766	80004ce8	21a10653	fsgnj.s	f12,f2,f26	  f2:0xc3d88000 f26:0x7fc00000 f12=0x43d88000
     217705.000 ns	     21769	80004cec	02fda0b3	mulhsu	x1,x27,x15	 x27:0xf1936e1b x15:0x80000000  x1=0xf8c9b70d
     217725.000 ns	     21771	80004cf0	4111dcb3	sra	x25,x3,x17	  x3:0x000003a4 x17:0x6a76e000 x25=0x000003a4
     217745.000 ns	     21773	80004cf4	a0810ad3	fle.s	x21,f2,f8	  f2:0xc3d88000  f8:0xcefff7e0 x21=0x00000000
     217775.000 ns	     21776	80004cf8	03d6a133	mulhsu	x2,x13,x29	 x13:0x27edab8c x29:0x00000000  x2=0x00000000
     217805.000 ns	     21779	80004cfc	025028b3	mulhsu	x17,x0,x5	  x0:0x00000000  x5:0x00000000 x17=0x00000000
     217835.000 ns	     21782	80004d00	a0af14d3	flt.s	x9,f30,f10	 f30:0xcc91e091 f10:0x00000000  x9=0x00000001
     217875.000 ns	     21786	80004d04	580573d3	fsqrt.s	f7,f10	 f10:0x00000000  f7=0x00000000
     217905.000 ns	     21789	80004d08	a02408d3	fle.s	x17,f8,f2	  f8:0xcefff7e0  f2:0xc3d88000 x17=0x00000001
     217935.000 ns	     21792	80004d0c	03f4fcb3	remu	x25,x9,x31	  x9:0x00000001 x31:0x00000000 x25=0x00000001
     217965.000 ns	     21795	80004d10	d01afad3	fcvt.s.wu	f21,x21	 x21:0x00000000 f21=0x00000000
     217995.000 ns	     21798	80004d14	282c0e53	fmin.s	f28,f24,f2	 f24:0xce49b247  f2:0xc3d88000 f28=0xce49b247
     218365.000 ns	     21835	80004d18	03ecf0b3	remu	x1,x25,x30	 x25:0x00000001 x30:0x7af4c000  x1=0x00000001
     218385.000 ns	     21837	80004d1c	3e8a4413	xori	x8,x20,1000	 x20:0xf19f0000  x8=0xf19f03e8
     218395.000 ns	     21838	80004d20	e8c98793	addi	x15,x19,-372	 x19:0x00000000 x15=0xfffffe8c
     218415.000 ns	     21840	80004d24	d0097153	fcvt.s.w	f2,x18	 x18:0x00000000  f2=0x00000000
     218435.000 ns	     21842	80004d28	004b3eb3	sltu	x29,x22,x4	 x22:0x00000280  x4:0x00000000 x29=0x00000000
     218445.000 ns	     21843	80004d2c	01ec8933	add	x18,x25,x30	 x25:0x00000001 x30:0x7af4c000 x18=0x7af4c001
     218465.000 ns	     21845	80004d30	d00c7253	fcvt.s.w	f4,x24	 x24:0x79e51000  f4=0x4ef3ca20
     218495.000 ns	     21848	80004d34	027e0533	mul	x10,x28,x7	 x28:0x80041024  x7:0x24000000 x10=0x10000000
     218525.000 ns	     21851	80004d38	29ad9d53	fmax.s	f26,f27,f26	 f27:0x43d88000 f26:0x7fc00000 f26=0x43d88000
     218545.000 ns	     21853	80004d3c	92edd8b7	lui	x17,0x92edd	 x17=0x92edd000
     218555.000 ns	     21854	80004d40	001ee633	or	x12,x29,x1	 x29:0x00000000  x1:0x00000001 x12=0x00000001
     218575.000 ns	     21856	80004d44	e00d8653	fmv.x.w	x12,f27	 f27:0x43d88000 x12=0x43d88000
     218595.000 ns	     21858	80004d48	b0b10913	addi	x18,x2,-1269	  x2:0x00000000 x18=0xfffffb0b
     218625.000 ns	     21861	80004d4c	18e574d3	fdiv.s	f9,f10,f14	 f10:0x00000000 f14:0x6a76e000  f9=0x00000000
     218655.000 ns	     21864	80004d50	f0068853	fmv.w.x	f16,x13	 x13:0x27edab8c f16=0x27edab8c
     218685.000 ns	     21867	80004d54	2042a9d3	fsgnjx.s	f19,f5,f4	  f5:0x4e100000  f4:0x4ef3ca20 f19=0x4e100000
     218715.000 ns	     21870	80004d58	c00a04d3	fcvt.w.s	x9,f20	 f20:0xf3d7efdb  x9=0x80000000
     218745.000 ns	     21873	80004d5c	a0a484d3	fle.s	x9,f9,f10	  f9:0x00000000 f10:0x00000000  x9=0x00000001
     218775.000 ns	     21876	80004d60	e00f9cd3	fclass.s	x25,f31	 f31:0x4c91e091 x25=0x00000040
     218805.000 ns	     21879	80004d64	2112a2d3	fsgnjx.s	f5,f5,f17	  f5:0x4e100000 f17:0x00000000  f5=0x4e100000
     218835.000 ns	     21882	80004d68	29758f53	fmin.s	f30,f11,f23	 f11:0x00000000 f23:0xcd66c91e f30=0xcd66c91e
     218865.000 ns	     21885	80004d6c	039b2633	mulhsu	x12,x22,x25	 x22:0x00000280 x25:0x00000040 x12=0x00000000
     218885.000 ns	     21887	80004d70	97c3cf13	xori	x30,x7,-1668	  x7:0x24000000 x30=0xdbfff97c
     218905.000 ns	     21889	80004d74	f0018f53	fmv.w.x	f30,x3	  x3:0x000003a4 f30=0x000003a4
     220085.000 ns	     22007	80004d78	5801c4d3	fsqrt.s	f9,f3	  f3:0x59a640aa  f9=0x4c91e091
     220115.000 ns	     22010	80004d7c	e00c90d3	fclass.s	x1,f25	 f25:0x4c91e091  x1=0x00000040
     220455.000 ns	     22044	80004d80	19ee8653	fdiv.s	f12,f29,f30	 f29:0x4f04165c f30:0x000003a4 f12=0x7f800000
     220475.000 ns	     22046	80004d84	00f5da93	srli	x21,x11,0xf	 x11:0x4f71936e x21=0x00009ee3
     220485.000 ns	     22047	80004d88	010f27b3	slt	x15,x30,x16	 x30:0xdbfff97c x16:0x84165b90 x15=0x00000000
     220505.000 ns	     22049	80004d8c	28ab9553	fmax.s	f10,f23,f10	 f23:0xcd66c91e f10:0x00000000 f10=0x00000000
     220535.000 ns	     22052	80004d90	a17cab53	feq.s	x22,f25,f23	 f25:0x4c91e091 f23:0xcd66c91e x22=0x00000000
     220555.000 ns	     22054	80004d94	9430c693	xori	x13,x1,-1725	  x1:0x00000040 x13=0xfffff903
     220575.000 ns	     22056	80004d98	f0088a53	fmv.w.x	f20,x17	 x17:0x92edd000 f20=0x92edd000
     220595.000 ns	     22058	80004d9c	ecfdc593	xori	x11,x27,-305	 x27:0xf1936e1b x11=0x0e6c90d4
     220605.000 ns	     22059	80004da0	00e8ca33	xor	x20,x17,x14	 x17:0x92edd000 x14:0x00000001 x20=0x92edd001
     220615.000 ns	     22060	80004da4	aef42493	slti	x9,x8,-1297	  x8:0xf19f03e8  x9=0x00000001
     220625.000 ns	     22061	80004da8	00210033	add	x0,x2,x2	  x2:0x00000000  x2:0x00000000
     220635.000 ns	     22062	80004dac	41525533	sra	x10,x4,x21	  x4:0x00000000 x21:0x00009ee3 x10=0x00000000
     220655.000 ns	     22064	80004db0	a16623d3	feq.s	x7,f12,f22	 f12:0x7f800000 f22:0x3f7ff7e0  x7=0x00000000
     220705.000 ns	     22069	80004db4	01a671d3	fadd.s	f3,f12,f26	 f12:0x7f800000 f26:0x43d88000  f3=0x7f800000
     220735.000 ns	     22072	80004db8	28d29ad3	fmax.s	f21,f5,f13	  f5:0x4e100000 f13:0x7fc00000 f21=0x4e100000
     221915.000 ns	     22190	80004dbc	58082753	fsqrt.s	f14,f16	 f16:0x27edab8c f14=0x332e6b17
     221945.000 ns	     22193	80004dc0	c004ffd3	fcvt.w.s	x31,f9	  f9:0x4c91e091 x31=0x048f0488
     221965.000 ns	     22195	80004dc4	01b65493	srli	x9,x12,0x1b	 x12:0x00000000  x9=0x00000000
     221985.000 ns	     22197	80004dc8	02993cb3	mulhu	x25,x18,x9	 x18:0xfffffb0b  x9:0x00000001 x25=0x00000000
     222025.000 ns	     22201	80004dcc	19e6fd53	fdiv.s	f26,f13,f30	 f13:0x7fc00000 f30:0x000003a4 f26=0x7fc00000
     222395.000 ns	     22238	80004dd0	03496cb3	rem	x25,x18,x20	 x18:0xfffffb0b x20:0x92edd001 x25=0xfffffb0b
     222425.000 ns	     22241	80004dd4	280091d3	fmax.s	f3,f1,f0	  f1:0x4c91e091  f0:0x43d88000  f3=0x4c91e091
     222445.000 ns	     22243	80004dd8	01f3c3b3	xor	x7,x7,x31	  x7:0x00000000 x31:0x048f0488  x7=0x048f0488
     222455.000 ns	     22244	80004ddc	00aef5b3	and	x11,x29,x10	 x29:0x00000000 x10:0x00000000 x11=0x00000000
     222465.000 ns	     22245	80004de0	b0d2ea93	ori	x21,x5,-1267	  x5:0x00000000 x21=0xfffffb0d
     222485.000 ns	     22247	80004de4	e00f0653	fmv.x.w	x12,f30	 f30:0x000003a4 x12=0x000003a4
     222505.000 ns	     22249	80004de8	f604c793	xori	x15,x9,-160	  x9:0x00000000 x15=0xffffff60
     222515.000 ns	     22250	80004dec	017fd293	srli	x5,x31,0x17	 x31:0x048f0488  x5=0x00000009
     222535.000 ns	     22252	80004df0	e0071ad3	fclass.s	x21,f14	 f14:0x332e6b17 x21=0x00000040
     222565.000 ns	     22255	80004df4	a11105d3	fle.s	x11,f2,f17	  f2:0x00000000 f17:0x00000000 x11=0x00000001
     222585.000 ns	     22257	80004df8	70bf4237	lui	x4,0x70bf4	  x4=0x70bf4000
     222945.000 ns	     22293	80004dfc	0392c3b3	div	x7,x5,x25	  x5:0x00000009 x25:0xfffffb0b  x7=0x00000000
     222965.000 ns	     22295	80004e00	001932b3	sltu	x5,x18,x1	 x18:0xfffffb0b  x1:0x00000040  x5=0x00000000
     222985.000 ns	     22297	80004e04	29e61dd3	fmax.s	f27,f12,f30	 f12:0x7f800000 f30:0x000003a4 f27=0x7f800000
     223015.000 ns	     22300	80004e08	d019a8d3	fcvt.s.wu	f17,x19	 x19:0x00000000 f17=0x00000000
     223035.000 ns	     22302	80004e0c	40f88033	sub	x0,x17,x15	 x17:0x92edd000 x15:0xffffff60
     223055.000 ns	     22304	80004e10	20110fd3	fsgnj.s	f31,f2,f1	  f2:0x00000000  f1:0x4c91e091 f31=0x00000000
     223085.000 ns	     22307	80004e14	0308b1b3	mulhu	x3,x17,x16	 x17:0x92edd000 x16:0x84165b90  x3=0x4bcf743d
     223125.000 ns	     22311	80004e18	18b22d53	fdiv.s	f26,f4,f11	  f4:0x4ef3ca20 f11:0x00000000 f26=0x7f800000
     223145.000 ns	     22313	80004e1c	008e8733	add	x14,x29,x8	 x29:0x00000000  x8:0xf19f03e8 x14=0xf19f03e8
     223155.000 ns	     22314	80004e20	006ac8b3	xor	x17,x21,x6	 x21:0x00000040  x6:0x00000000 x17=0x00000040
     223165.000 ns	     22315	80004e24	005a22b3	slt	x5,x20,x5	 x20:0x92edd001  x5:0x00000000  x5=0x00000001
     223185.000 ns	     22317	80004e28	0263ceb3	div	x29,x7,x6	  x7:0x00000000  x6:0x00000000 x29=0xffffffff
     223215.000 ns	     22320	80004e2c	02418eb3	mul	x29,x3,x4	  x3:0x4bcf743d  x4:0x70bf4000 x29=0x46924000
     223245.000 ns	     22323	80004e30	20fd0253	fsgnj.s	f4,f26,f15	 f26:0x7f800000 f15:0xcd66c91e  f4=0xff800000
     223275.000 ns	     22326	80004e34	20588c53	fsgnj.s	f24,f17,f5	 f17:0x00000000  f5:0x4e100000 f24=0x00000000
     223295.000 ns	     22328	80004e38	00000013	addi	x0,x0,0	  x0:0x00000000
     223655.000 ns	     22364	80004e3c	03df4133	div	x2,x30,x29	 x30:0xdbfff97c x29:0x46924000  x2=0x00000000
     223675.000 ns	     22366	80004e40	00b807b3	add	x15,x16,x11	 x16:0x84165b90 x11:0x00000001 x15=0x84165b91
     223695.000 ns	     22368	80004e44	d00e1f53	fcvt.s.w	f30,x28	 x28:0x80041024 f30=0xcefff7df
     224065.000 ns	     22405	80004e48	03eaf833	remu	x16,x21,x30	 x21:0x00000040 x30:0xdbfff97c x16=0x00000040
     224105.000 ns	     22409	80004e4c	195c7053	fdiv.s	f0,f24,f21	 f24:0x00000000 f21:0x4e100000  f0=0x00000000
     224125.000 ns	     22411	80004e50	019a0133	add	x2,x20,x25	 x20:0x92edd001 x25:0xfffffb0b  x2=0x92edcb0c
     224145.000 ns	     22413	80004e54	a11f1c53	flt.s	x24,f30,f17	 f30:0xcefff7df f17:0x00000000 x24=0x00000001
     224175.000 ns	     22416	80004e58	02ee89b3	mul	x19,x29,x14	 x29:0x46924000 x14:0xf19f03e8 x19=0x6b4a0000
     224545.000 ns	     22453	80004e5c	02f54433	div	x8,x10,x15	 x10:0x00000000 x15:0x84165b91  x8=0x00000000
     224575.000 ns	     22456	80004e60	0274b4b3	mulhu	x9,x9,x7	  x9:0x00000000  x7:0x00000000  x9=0x00000000
     224595.000 ns	     22458	80004e64	959cfc13	andi	x24,x25,-1703	 x25:0xfffffb0b x24=0xfffff909
     224605.000 ns	     22459	80004e68	01705493	srli	x9,x0,0x17	  x0:0x00000000  x9=0x00000000
     224625.000 ns	     22461	80004e6c	29289453	fmax.s	f8,f17,f18	 f17:0x00000000 f18:0x00000000  f8=0x00000000
     224645.000 ns	     22463	80004e70	002f9193	slli	x3,x31,0x2	 x31:0x048f0488  x3=0x123c1220
     224675.000 ns	     22466	80004e74	19a5b8d3	fdiv.s	f17,f11,f26	 f11:0x00000000 f26:0x7f800000 f17=0x00000000
     224695.000 ns	     22468	80004e78	41538d33	sub	x26,x7,x21	  x7:0x00000000 x21:0x00000040 x26=0xffffffc0
     224715.000 ns	     22470	80004e7c	a00213d3	flt.s	x7,f4,f0	  f4:0xff800000  f0:0x00000000  x7=0x00000001
     224735.000 ns	     22472	80004e80	01bfd113	srli	x2,x31,0x1b	 x31:0x048f0488  x2=0x00000000
     224755.000 ns	     22474	80004e84	20c98c53	fsgnj.s	f24,f19,f12	 f19:0x4e100000 f12:0x7f800000 f24=0x4e100000
     224785.000 ns	     22477	80004e88	02bf36b3	mulhu	x13,x30,x11	 x30:0xdbfff97c x11:0x00000001 x13=0x00000000
     224815.000 ns	     22480	80004e8c	203b86d3	fsgnj.s	f13,f23,f3	 f23:0xcd66c91e  f3:0x4c91e091 f13=0x4d66c91e
     224845.000 ns	     22483	80004e90	02d62ab3	mulhsu	x21,x12,x13	 x12:0x000003a4 x13:0x00000000 x21=0x00000000
     224875.000 ns	     22486	80004e94	f00a8f53	fmv.w.x	f30,x21	 x21:0x00000040 f30=0x00000000
     224895.000 ns	     22488	80004e98	7c952613	slti	x12,x10,1993	 x10:0x00000000 x12=0x00000001
     224935.000 ns	     22492	80004e9c	013e9e53	fadd.s	f28,f29,f19	 f29:0x4f04165c f19:0x4e100000 f28=0x4f28165c
     224955.000 ns	     22494	80004ea0	e295e993	ori	x19,x11,-471	 x11:0x00000001 x19=0xfffffe29
     224965.000 ns	     22495	80004ea4	a7adb813	sltiu	x16,x27,-1414	 x27:0xf1936e1b x16=0x00000001
     224985.000 ns	     22497	80004ea8	c011f9d3	fcvt.wu.s	x19,f3	  f3:0x4c91e091 x19=0x048f0488
     225005.000 ns	     22499	80004eac	000b9e93	slli	x29,x23,0x0	 x23:0x80040fe4 x29=0x80040fe4
     225015.000 ns	     22500	80004eb0	01b7c0b3	xor	x1,x15,x27	 x15:0x84165b91 x27:0xf1936e1b  x1=0x7585358a
     225025.000 ns	     22501	80004eb4	f1300d13	addi	x26,x0,-237	  x0:0x00000000 x26=0xffffff13
     225035.000 ns	     22502	80004eb8	01eb64b3	or	x9,x22,x30	 x22:0x00000000 x30:0xdbfff97c  x9=0xdbfff97c
     225045.000 ns	     22503	80004ebc	00fd7d33	and	x26,x26,x15	 x26:0xffffffc0 x15:0x84165b91 x26=0x84165b11
     225055.000 ns	     22504	80004ec0	41908833	sub	x16,x1,x25	  x1:0x7585358a x25:0xfffffb0b x16=0x75853a7f
     225065.000 ns	     22505	80004ec4	414306b3	sub	x13,x6,x20	  x6:0x00000000 x20:0x92edd001 x13=0x6d122fff
     225395.000 ns	     22538	80004ec8	18db7053	fdiv.s	f0,f22,f13	 f22:0x3f7ff7e0 f13:0x4d66c91e  f0=0x317ff7e0
     225425.000 ns	     22541	80004ecc	f0018dd3	fmv.w.x	f27,x3	  x3:0x123c1220 f27=0x123c1220
     225455.000 ns	     22544	80004ed0	c001fc53	fcvt.w.s	x24,f3	  f3:0x4c91e091 x24=0x048f0488
     225475.000 ns	     22546	80004ed4	01549793	slli	x15,x9,0x15	  x9:0xdbfff97c x15=0x2f800000
     225485.000 ns	     22547	80004ed8	01480233	add	x4,x16,x20	 x16:0x75853a7f x20:0x92edd001  x4=0x08730a80
     225505.000 ns	     22549	80004edc	036df6b3	remu	x13,x27,x22	 x27:0xf1936e1b x22:0x00000000 x13=0xf1936e1b
     225525.000 ns	     22551	80004ee0	000f94b3	sll	x9,x31,x0	 x31:0x048f0488  x0:0x00000000  x9=0x048f0488
     225535.000 ns	     22552	80004ee4	44328093	addi	x1,x5,1091	  x5:0x00000001  x1=0x00000444
     225555.000 ns	     22554	80004ee8	c002bad3	fcvt.w.s	x21,f5	  f5:0x4e100000 x21=0x24000000
     225585.000 ns	     22557	80004eec	f0020cd3	fmv.w.x	f25,x4	  x4:0x08730a80 f25=0x08730a80
     225615.000 ns	     22560	80004ef0	02d397b3	mulh	x15,x7,x13	  x7:0x00000001 x13:0xf1936e1b x15=0xffffffff
     225645.000 ns	     22563	80004ef4	d0111b53	fcvt.s.wu	f22,x2	  x2:0x00000000 f22=0x00000000
     225665.000 ns	     22565	80004ef8	017cd193	srli	x3,x25,0x17	 x25:0xfffffb0b  x3=0x000001ff
     225675.000 ns	     22566	80004efc	d74cf693	andi	x13,x25,-652	 x25:0xfffffb0b x13=0xfffff900
     225695.000 ns	     22568	80004f00	a15223d3	feq.s	x7,f4,f21	  f4:0xff800000 f21:0x4e100000  x7=0x00000000
     225725.000 ns	     22571	80004f04	029a25b3	mulhsu	x11,x20,x9	 x20:0x92edd001  x9:0x048f0488 x11=0xfe0ec828
     225745.000 ns	     22573	80004f08	f7786793	ori	x15,x16,-137	 x16:0x75853a7f x15=0xffffff7f
     225755.000 ns	     22574	80004f0c	413f0833	sub	x16,x30,x19	 x30:0xdbfff97c x19:0x048f0488 x16=0xd770f4f4
     225775.000 ns	     22576	80004f10	e00016d3	fclass.s	x13,f0	  f0:0x317ff7e0 x13=0x00000040
     225795.000 ns	     22578	80004f14	00000013	addi	x0,x0,0	  x0:0x00000000
     225805.000 ns	     22579	80004f18	00891733	sll	x14,x18,x8	 x18:0xfffffb0b  x8:0x00000000 x14=0xfffffb0b
     225825.000 ns	     22581	80004f1c	21778953	fsgnj.s	f18,f15,f23	 f15:0xcd66c91e f23:0xcd66c91e f18=0xcd66c91e
     225845.000 ns	     22583	80004f20	01334ab3	xor	x21,x6,x19	  x6:0x00000000 x19:0x048f0488 x21=0x048f0488
     225865.000 ns	     22585	80004f24	294d8053	fmin.s	f0,f27,f20	 f27:0x123c1220 f20:0x92edd000  f0=0x92edd000
     225895.000 ns	     22588	80004f28	03ba9533	mulh	x10,x21,x27	 x21:0x24000000 x27:0xf1936e1b x10=0xffbe3ed1
     226265.000 ns	     22625	80004f2c	0298e7b3	rem	x15,x17,x9	 x17:0x00000040  x9:0x048f0488 x15=0x00000040
     226285.000 ns	     22627	80004f30	cb78fc13	andi	x24,x17,-841	 x17:0x00000040 x24=0x00000000
     226305.000 ns	     22629	80004f34	03c4b8b3	mulhu	x17,x9,x28	  x9:0x048f0488 x28:0x80041024 x17=0x024794c9
     226335.000 ns	     22632	80004f38	e00a87d3	fmv.x.w	x15,f21	 f21:0x4e100000 x15=0x4e100000
     226365.000 ns	     22635	80004f3c	a1162753	feq.s	x14,f12,f17	 f12:0x7f800000 f17:0x00000000 x14=0x00000000
     226385.000 ns	     22637	80004f40	41775993	srai	x19,x14,0x17	 x14:0xfffffb0b x19=0x00000000
     226395.000 ns	     22638	80004f44	edda8393	addi	x7,x21,-291	 x21:0x048f0488  x7=0x048f0365
     226405.000 ns	     22639	80004f48	acfbb893	sltiu	x17,x23,-1329	 x23:0x80040fe4 x17=0x00000001
     226415.000 ns	     22640	80004f4c	8c10c897	auipc	x17,0x8c10c	 x17=0x0c110f4c
     226425.000 ns	     22641	80004f50	00cf5f93	srli	x31,x30,0xc	 x30:0xdbfff97c x31=0x000dbfff
     226445.000 ns	     22643	80004f54	c0037753	fcvt.w.s	x14,f6	  f6:0x7f800000 x14=0x7fffffff
     226465.000 ns	     22645	80004f58	b29a6193	ori	x3,x20,-1239	 x20:0x92edd001  x3=0xfffffb29
     226475.000 ns	     22646	80004f5c	003d05b3	add	x11,x26,x3	 x26:0x84165b11  x3:0x000001ff x11=0x8416563a
     226485.000 ns	     22647	80004f60	006e0d33	add	x26,x28,x6	 x28:0x80041024  x6:0x00000000 x26=0x80041024
     226505.000 ns	     22649	80004f64	a0a198d3	flt.s	x17,f3,f10	  f3:0x4c91e091 f10:0x00000000 x17=0x00000000
     226525.000 ns	     22651	80004f68	407d5c13	srai	x24,x26,0x7	 x26:0x84165b11 x24=0xff000820
     226535.000 ns	     22652	80004f6c	00a157b3	srl	x15,x2,x10	  x2:0x00000000 x10:0xffbe3ed1 x15=0x00000000
     226545.000 ns	     22653	80004f70	0082ac33	slt	x24,x5,x8	  x5:0x00000001  x8:0x00000000 x24=0x00000000
     226565.000 ns	     22655	80004f74	03380a33	mul	x20,x16,x19	 x16:0xd770f4f4 x19:0x00000000 x20=0x00000000
     226585.000 ns	     22657	80004f78	41ead533	sra	x10,x21,x30	 x21:0x048f0488 x30:0xdbfff97c x10=0x00000000
     226595.000 ns	     22658	80004f7c	0158df13	srli	x30,x17,0x15	 x17:0x00000000 x30=0x00000000
     226615.000 ns	     22660	80004f80	d016b053	fcvt.s.wu	f0,x13	 x13:0x00000040  f0=0x42800000
     226645.000 ns	     22663	80004f84	e00b08d3	fmv.x.w	x17,f22	 f22:0x00000000 x17=0x00000000
     227015.000 ns	     22700	80004f88	032b56b3	divu	x13,x22,x18	 x22:0x00000000 x18:0xfffffb0b x13=0x00000000
     227045.000 ns	     22703	80004f8c	e0019953	fclass.s	x18,f3	  f3:0x4c91e091 x18=0x00000040
     227065.000 ns	     22705	80004f90	4026d293	srai	x5,x13,0x2	 x13:0x00000000  x5=0x00000000
     227075.000 ns	     22706	80004f94	017c1933	sll	x18,x24,x23	 x24:0x00000000 x23:0x80040fe4 x18=0x00000000
     227085.000 ns	     22707	80004f98	01416f33	or	x30,x2,x20	  x2:0x00000000 x20:0x00000000 x30=0x00000000
     227105.000 ns	     22709	80004f9c	21a0a2d3	fsgnjx.s	f5,f1,f26	  f1:0x4c91e091 f26:0x7f800000  f5=0x4c91e091
     227125.000 ns	     22711	80004fa0	01abab33	slt	x22,x23,x26	 x23:0x80040fe4 x26:0x80041024 x22=0x00000001
     227135.000 ns	     22712	80004fa4	4198dcb3	sra	x25,x17,x25	 x17:0x00000000 x25:0xfffffb0b x25=0x00000000
     227145.000 ns	     22713	80004fa8	007fe7b3	or	x15,x31,x7	 x31:0x000dbfff  x7:0x048f0365 x15=0x048fbfff
     227155.000 ns	     22714	80004fac	00bffd33	and	x26,x31,x11	 x31:0x000dbfff x11:0x8416563a x26=0x0004163a
     227175.000 ns	     22716	80004fb0	038e3f33	mulhu	x30,x28,x24	 x28:0x80041024 x24:0x00000000 x30=0x00000000
     227205.000 ns	     22719	80004fb4	03a72fb3	mulhsu	x31,x14,x26	 x14:0x7fffffff x26:0x80041024 x31=0x00020b1c
     227235.000 ns	     22722	80004fb8	a0dca2d3	feq.s	x5,f25,f13	 f25:0x08730a80 f13:0x4d66c91e  x5=0x00000000
     227255.000 ns	     22724	80004fbc	00f294b3	sll	x9,x5,x15	  x5:0x00000000 x15:0x048fbfff  x9=0x00000000
     227615.000 ns	     22760	80004fc0	0245dab3	divu	x21,x11,x4	 x11:0x8416563a  x4:0x08730a80 x21=0x0000000f
     227645.000 ns	     22763	80004fc4	219c26d3	fsgnjx.s	f13,f24,f25	 f24:0x4e100000 f25:0x08730a80 f13=0x4e100000
     227675.000 ns	     22766	80004fc8	c01a16d3	fcvt.wu.s	x13,f20	 f20:0x92edd000 x13=0x00000000
     227705.000 ns	     22769	80004fcc	21b29c53	fsgnjn.s	f24,f5,f27	  f5:0x4c91e091 f27:0x123c1220 f24=0xcc91e091
     227735.000 ns	     22772	80004fd0	a06caad3	feq.s	x21,f25,f6	 f25:0x08730a80  f6:0x7f800000 x21=0x00000000
     227765.000 ns	     22775	80004fd4	e00982d3	fmv.x.w	x5,f19	 f19:0x4e100000  x5=0x4e100000
     227785.000 ns	     22777	80004fd8	3f36b317	auipc	x6,0x3f36b	  x6=0xbf36ffd8
     227805.000 ns	     22779	80004fdc	290a9a53	fmax.s	f20,f21,f16	 f21:0x4e100000 f16:0x27edab8c f20=0x4e100000
     227835.000 ns	     22782	80004fe0	e00b9553	fclass.s	x10,f23	 f23:0xcd66c91e x10=0x00000002
     228205.000 ns	     22819	80004fe4	03757533	remu	x10,x10,x23	 x10:0x00000000 x23:0x80040fe4 x10=0x00000002
     228225.000 ns	     22821	80004fe8	23c56f13	ori	x30,x10,572	 x10:0x00000002 x30=0x0000023e
     228235.000 ns	     22822	80004fec	35c9fd37	lui	x26,0x35c9f	 x26=0x35c9f000
     228595.000 ns	     22858	80004ff0	037676b3	remu	x13,x12,x23	 x12:0x00000001 x23:0x80040fe4 x13=0x00000001
     228615.000 ns	     22860	80004ff4	8b873d17	auipc	x26,0x8b873	 x26=0x0b877ff4
     228635.000 ns	     22862	80004ff8	d0097d53	fcvt.s.w	f26,x18	 x18:0x00000000 f26=0x00000000
     228665.000 ns	     22865	80004ffc	21eba653	fsgnjx.s	f12,f23,f30	 f23:0xcd66c91e f30:0x00000000 f12=0xcd66c91e
     228685.000 ns	     22867	80005000	16e57113	andi	x2,x10,366	 x10:0x00000002  x2=0x00000002
     228695.000 ns	     22868	80005004	01963433	sltu	x8,x12,x25	 x12:0x00000001 x25:0x00000000  x8=0x00000000
     229055.000 ns	     22904	80005008	030ffcb3	remu	x25,x31,x16	 x31:0x00020b1c x16:0xd770f4f4 x25=0x00020b1c
     229075.000 ns	     22906	8000500c	00011293	slli	x5,x2,0x0	  x2:0x00000002  x5=0x00000002
     229085.000 ns	     22907	80005010	40d38233	sub	x4,x7,x13	  x7:0x048f0365 x13:0x00000001  x4=0x048f0364
     229095.000 ns	     22908	80005014	40375313	srai	x6,x14,0x3	 x14:0x7fffffff  x6=0x0fffffff
     229105.000 ns	     22909	80005018	010cdfb3	srl	x31,x25,x16	 x25:0x00020b1c x16:0xd770f4f4 x31=0x00000000
     229115.000 ns	     22910	8000501c	dd8f2a13	slti	x20,x30,-552	 x30:0x0000023e x20=0x00000000
     229135.000 ns	     22912	80005020	20ab83d3	fsgnj.s	f7,f23,f10	 f23:0xcd66c91e f10:0x00000000  f7=0x4d66c91e
     229155.000 ns	     22914	80005024	003d6533	or	x10,x26,x3	 x26:0x0b877ff4  x3:0xfffffb29 x10=0xfffffffd
     229165.000 ns	     22915	80005028	ab940593	addi	x11,x8,-1351	  x8:0x00000000 x11=0xfffffab9
     229205.000 ns	     22919	8000502c	0888b853	fsub.s	f16,f17,f8	 f17:0x00000000  f8:0x00000000 f16=0x80000000
     229245.000 ns	     22923	80005030	102bf2d3	fmul.s	f5,f23,f2	 f23:0xcd66c91e  f2:0x00000000  f5=0x80000000
     229275.000 ns	     22926	80005034	285f02d3	fmin.s	f5,f30,f5	 f30:0x00000000  f5:0x4c91e091  f5=0x80000000
     229305.000 ns	     22929	80005038	035b5033	divu	x0,x22,x21	 x22:0x00000001 x21:0x00000000
     229325.000 ns	     22931	8000503c	10457a93	andi	x21,x10,260	 x10:0xfffffffd x21=0x00000104
     229345.000 ns	     22933	80005040	0331a9b3	mulhsu	x19,x3,x19	  x3:0xfffffb29 x19:0x00000000 x19=0x00000000
     229395.000 ns	     22938	80005044	00d5f7d3	fadd.s	f15,f11,f13	 f11:0x00000000 f13:0x4e100000 f15=0x4e100000
     229425.000 ns	     22941	80005048	d00bfe53	fcvt.s.w	f28,x23	 x23:0x80040fe4 f28=0xcefff7e0
     229455.000 ns	     22944	8000504c	02c03c33	mulhu	x24,x0,x12	  x0:0x00000000 x12:0x00000001 x24=0x00000000
     229485.000 ns	     22947	80005050	032e9cb3	mulh	x25,x29,x18	 x29:0x80040fe4 x18:0x00000000 x25=0x00000000
     229505.000 ns	     22949	80005054	00c19013	slli	x0,x3,0xc	  x3:0xfffffb29
     229515.000 ns	     22950	80005058	00de8333	add	x6,x29,x13	 x29:0x80040fe4 x13:0x00000001  x6=0x80040fe5
     229875.000 ns	     22986	8000505c	021bc433	div	x8,x23,x1	 x23:0x80040fe4  x1:0x00000444  x8=0xffe1ff14
     229925.000 ns	     22991	80005060	006c0a53	fadd.s	f20,f24,f6	 f24:0xcc91e091  f6:0x7f800000 f20=0x7f800000
     229945.000 ns	     22993	80005064	9801e413	ori	x8,x3,-1664	  x3:0xfffffb29  x8=0xfffffba9
     229955.000 ns	     22994	80005068	005b1893	slli	x17,x22,0x5	 x22:0x00000001 x17=0x00000020
     229965.000 ns	     22995	8000506c	01d191b3	sll	x3,x3,x29	  x3:0xfffffb29 x29:0x80040fe4  x3=0xffffb290
     229975.000 ns	     22996	80005070	006995b3	sll	x11,x19,x6	 x19:0x00000000  x6:0x80040fe5 x11=0x00000000
     229995.000 ns	     22998	80005074	209fa9d3	fsgnjx.s	f19,f31,f9	 f31:0x00000000  f9:0x4c91e091 f19=0x00000000
     230025.000 ns	     23001	80005078	21db0fd3	fsgnj.s	f31,f22,f29	 f22:0x00000000 f29:0x4f04165c f31=0x00000000
     230065.000 ns	     23005	8000507c	1925f253	fdiv.s	f4,f11,f18	 f11:0x00000000 f18:0xcd66c91e  f4=0x80000000
     230095.000 ns	     23008	80005080	0225a433	mulhsu	x8,x11,x2	 x11:0x00000000  x2:0x00000002  x8=0x00000000
     230135.000 ns	     23012	80005084	115579d3	fmul.s	f19,f10,f21	 f10:0x00000000 f21:0x4e100000 f19=0x00000000
     230165.000 ns	     23015	80005088	034794b3	mulh	x9,x15,x20	 x15:0x048fbfff x20:0x00000000  x9=0x00000000
     230185.000 ns	     23017	8000508c	8b97e613	ori	x12,x15,-1863	 x15:0x048fbfff x12=0xffffffff
     230205.000 ns	     23019	80005090	c0119c53	fcvt.wu.s	x24,f3	  f3:0x4c91e091 x24=0x048f0488
     230225.000 ns	     23021	80005094	bfec0d13	addi	x26,x24,-1026	 x24:0x00000000 x26=0x048f0086
     230235.000 ns	     23022	80005098	4177df33	sra	x30,x15,x23	 x15:0x048fbfff x23:0x80040fe4 x30=0x0048fbff
     230595.000 ns	     23058	8000509c	03cd43b3	div	x7,x26,x28	 x26:0x0b877ff4 x28:0x80041024  x7=0x00000000
     230625.000 ns	     23061	800050a0	e00e1653	fclass.s	x12,f28	 f28:0xcefff7e0 x12=0x00000002
     230645.000 ns	     23063	800050a4	002801b3	add	x3,x16,x2	 x16:0xd770f4f4  x2:0x00000002  x3=0xd770f4f6
     230665.000 ns	     23065	800050a8	211e99d3	fsgnjn.s	f19,f29,f17	 f29:0x4f04165c f17:0x00000000 f19=0xcf04165c
     230695.000 ns	     23068	800050ac	280586d3	fmin.s	f13,f11,f0	 f11:0x00000000  f0:0x42800000 f13=0x00000000
     230725.000 ns	     23071	800050b0	e00615d3	fclass.s	x11,f12	 f12:0xcd66c91e x11=0x00000002
     230745.000 ns	     23073	800050b4	40ce5113	srai	x2,x28,0xc	 x28:0x80041024  x2=0xfff80041
     230755.000 ns	     23074	800050b8	01cd7833	and	x16,x26,x28	 x26:0x048f0086 x28:0x80041024 x16=0x00040004
     230765.000 ns	     23075	800050bc	013b9c13	slli	x24,x23,0x13	 x23:0x80040fe4 x24=0x7f200000
     230775.000 ns	     23076	800050c0	01b950b3	srl	x1,x18,x27	 x18:0x00000000 x27:0xf1936e1b  x1=0x00000000
     230795.000 ns	     23078	800050c4	02760833	mul	x16,x12,x7	 x12:0x00000002  x7:0x00000000 x16=0x00000000
     230825.000 ns	     23081	800050c8	207c0853	fsgnj.s	f16,f24,f7	 f24:0xcc91e091  f7:0x4d66c91e f16=0x4c91e091
     230845.000 ns	     23083	800050cc	010b6433	or	x8,x22,x16	 x22:0x00000001 x16:0x00000000  x8=0x00000001
     230855.000 ns	     23084	800050d0	00000013	addi	x0,x0,0	  x0:0x00000000
     230865.000 ns	     23085	800050d4	01389913	slli	x18,x17,0x13	 x17:0x00000020 x18=0x01000000
     230885.000 ns	     23087	800050d8	c00bc5d3	fcvt.w.s	x11,f23	 f23:0xcd66c91e x11=0xf1936e20
     231255.000 ns	     23124	800050dc	028bf333	remu	x6,x23,x8	 x23:0x80040fe4  x8:0x00000001  x6=0x00000000
     231275.000 ns	     23126	800050e0	ea38e293	ori	x5,x17,-349	 x17:0x00000020  x5=0xfffffea3
     231295.000 ns	     23128	800050e4	2155a153	fsgnjx.s	f2,f11,f21	 f11:0x00000000 f21:0x4e100000  f2=0x00000000
     231315.000 ns	     23130	800050e8	f7047393	andi	x7,x8,-144	  x8:0x00000001  x7=0x00000000
     231325.000 ns	     23131	800050ec	8575f393	andi	x7,x11,-1961	 x11:0xf1936e20  x7=0xf1936800
     231335.000 ns	     23132	800050f0	40dc5cb3	sra	x25,x24,x13	 x24:0x7f200000 x13:0x00000001 x25=0x3f900000
     231345.000 ns	     23133	800050f4	0e0be513	ori	x10,x23,224	 x23:0x80040fe4 x10=0x80040fe4
     231355.000 ns	     23134	800050f8	00000013	addi	x0,x0,0	  x0:0x00000000
     231365.000 ns	     23135	800050fc	00359a13	slli	x20,x11,0x3	 x11:0xf1936e20 x20=0x8c9b7100
     231385.000 ns	     23137	80005100	c010f2d3	fcvt.wu.s	x5,f1	  f1:0x4c91e091  x5=0x048f0488
     231415.000 ns	     23140	80005104	c011aed3	fcvt.wu.s	x29,f3	  f3:0x4c91e091 x29=0x048f0488
     231435.000 ns	     23142	80005108	00d256b3	srl	x13,x4,x13	  x4:0x048f0364 x13:0x00000001 x13=0x024781b2
     231445.000 ns	     23143	8000510c	84de4a93	xori	x21,x28,-1971	 x28:0x80041024 x21=0x7ffbe869
     231465.000 ns	     23145	80005110	204804d3	fsgnj.s	f9,f16,f4	 f16:0x4c91e091  f4:0x80000000  f9=0xcc91e091
     231485.000 ns	     23147	80005114	006da6b3	slt	x13,x27,x6	 x27:0xf1936e1b  x6:0x00000000 x13=0x00000001
     231505.000 ns	     23149	80005118	e00c0153	fmv.x.w	x2,f24	 f24:0xcc91e091  x2=0xcc91e091
     231535.000 ns	     23152	8000511c	03fdd733	divu	x14,x27,x31	 x27:0xf1936e1b x31:0x00000000 x14=0xffffffff
     231565.000 ns	     23155	80005120	c0082853	fcvt.w.s	x16,f16	 f16:0x4c91e091 x16=0x048f0488
     231935.000 ns	     23192	80005124	0398d8b3	divu	x17,x17,x25	 x17:0x00000020 x25:0x3f900000 x17=0x00000000
     231955.000 ns	     23194	80005128	00290233	add	x4,x18,x2	 x18:0x01000000  x2:0xcc91e091  x4=0xcd91e091
     231965.000 ns	     23195	8000512c	9320b813	sltiu	x16,x1,-1742	  x1:0x00000000 x16=0x00000001
     231985.000 ns	     23197	80005130	213e23d3	fsgnjx.s	f7,f28,f19	 f28:0xcefff7e0 f19:0xcf04165c  f7=0x4efff7e0
     232015.000 ns	     23200	80005134	218f11d3	fsgnjn.s	f3,f30,f24	 f30:0x00000000 f24:0xcc91e091  f3=0x00000000
     232055.000 ns	     23204	80005138	112af653	fmul.s	f12,f21,f18	 f21:0x4e100000 f18:0xcd66c91e f12=0xdc01d121
     232105.000 ns	     23209	8000513c	08aa14d3	fsub.s	f9,f20,f10	 f20:0x7f800000 f10:0x00000000  f9=0x7f800000
     232125.000 ns	     23211	80005140	00f1e5b3	or	x11,x3,x15	  x3:0xd770f4f6 x15:0x048fbfff x11=0xd7ffffff
     232145.000 ns	     23213	80005144	029c62b3	rem	x5,x24,x9	 x24:0x7f200000  x9:0x00000000  x5=0x7f200000
     232195.000 ns	     23218	80005148	088470d3	fsub.s	f1,f8,f8	  f8:0x00000000  f8:0x00000000  f1=0x80000000
     232215.000 ns	     23220	8000514c	d0a2ce93	xori	x29,x5,-758	  x5:0x7f200000 x29=0x80dffd0a
     233385.000 ns	     23337	80005150	58087e53	fsqrt.s	f28,f16	 f16:0x4c91e091 f28=0x4608a54f
     233425.000 ns	     23341	80005154	1062c7d3	fmul.s	f15,f5,f6	  f5:0x80000000  f6:0x7f800000 f15=0x7fc00000
     233445.000 ns	     23343	80005158	0148d913	srli	x18,x17,0x14	 x17:0x00000000 x18=0x00000000
     233455.000 ns	     23344	8000515c	0180d6b3	srl	x13,x1,x24	  x1:0x00000000 x24:0x7f200000 x13=0x00000000
     233815.000 ns	     23380	80005160	02cf4233	div	x4,x30,x12	 x30:0x0048fbff x12:0x00000002  x4=0x00247dff
     233835.000 ns	     23382	80005164	01fb9cb3	sll	x25,x23,x31	 x23:0x80040fe4 x31:0x00000000 x25=0x80040fe4
     233855.000 ns	     23384	80005168	c007f753	fcvt.w.s	x14,f15	 f15:0x7fc00000 x14=0x7fffffff
     233885.000 ns	     23387	8000516c	031c4eb3	div	x29,x24,x17	 x24:0x7f200000 x17:0x00000000 x29=0xffffffff
     233905.000 ns	     23389	80005170	006f2833	slt	x16,x30,x6	 x30:0x0048fbff  x6:0x00000000 x16=0x00000000
     233915.000 ns	     23390	80005174	00e05f13	srli	x30,x0,0xe	  x0:0x00000000 x30=0x00000000
     233925.000 ns	     23391	80005178	004c05b3	add	x11,x24,x4	 x24:0x7f200000  x4:0x00247dff x11=0x7f447dff
     233965.000 ns	     23395	8000517c	0008fad3	fadd.s	f21,f17,f0	 f17:0x00000000  f0:0x42800000 f21=0x42800000
     233985.000 ns	     23397	80005180	4068d613	srai	x12,x17,0x6	 x17:0x00000000 x12=0x00000000
     234005.000 ns	     23399	80005184	026659b3	divu	x19,x12,x6	 x12:0x00000002  x6:0x00000000 x19=0xffffffff
     234035.000 ns	     23402	80005188	21fdaa53	fsgnjx.s	f20,f27,f31	 f27:0x123c1220 f31:0x00000000 f20=0x123c1220
     234055.000 ns	     23404	8000518c	00809693	slli	x13,x1,0x8	  x1:0x00000000 x13=0x00000000
     234065.000 ns	     23405	80005190	00ed1d33	sll	x26,x26,x14	 x26:0x048f0086 x14:0x7fffffff x26=0x00000000
     234085.000 ns	     23407	80005194	02653133	mulhu	x2,x10,x6	 x10:0x80040fe4  x6:0x00000000  x2=0x00000000
     234105.000 ns	     23409	80005198	62a88493	addi	x9,x17,1578	 x17:0x00000000  x9=0x0000062a
     234125.000 ns	     23411	8000519c	d0037453	fcvt.s.w	f8,x6	  x6:0x00000000  f8=0x00000000
     234155.000 ns	     23414	800051a0	02b6a6b3	mulhsu	x13,x13,x11	 x13:0x00000000 x11:0x7f447dff x13=0x00000000
     234205.000 ns	     23419	800051a4	01587dd3	fadd.s	f27,f16,f21	 f16:0x4c91e091 f21:0x42800000 f27=0x4c91e099
     234245.000 ns	     23423	800051a8	580bcbd3	fsqrt.s	f23,f23	 f23:0xcd66c91e f23=0x7fc00000
     234295.000 ns	     23428	800051ac	09204653	fsub.s	f12,f0,f18	  f0:0x42800000 f18:0xcd66c91e f12=0x4d66c922
     234315.000 ns	     23430	800051b0	06a2c117	auipc	x2,0x6a2c	  x2=0x86a311b0
     234325.000 ns	     23431	800051b4	6e7a1c17	auipc	x24,0x6e7a1	 x24=0xee7a61b4
     234335.000 ns	     23432	800051b8	006f5113	srli	x2,x30,0x6	 x30:0x00000000  x2=0x00000000
     234345.000 ns	     23433	800051bc	280fc993	xori	x19,x31,640	 x31:0x00000000 x19=0x00000280
     234355.000 ns	     23434	800051c0	00ce6333	or	x6,x28,x12	 x28:0x80041024 x12:0x00000000  x6=0x80041024
     234375.000 ns	     23436	800051c4	02328c33	mul	x24,x5,x3	  x5:0x7f200000  x3:0xd770f4f6 x24=0xa8c00000
     234745.000 ns	     23473	800051c8	03ca6c33	rem	x24,x20,x28	 x20:0x8c9b7100 x28:0x80041024 x24=0x8c9b7100
     234775.000 ns	     23476	800051cc	e00392d3	fclass.s	x5,f7	  f7:0x4efff7e0  x5=0x00000040
     234805.000 ns	     23479	800051d0	29980653	fmin.s	f12,f16,f25	 f16:0x4c91e091 f25:0x08730a80 f12=0x08730a80
     234835.000 ns	     23482	800051d4	a0a90ed3	fle.s	x29,f18,f10	 f18:0xcd66c91e f10:0x00000000 x29=0x00000001
     234865.000 ns	     23485	800051d8	e0099c53	fclass.s	x24,f19	 f19:0xcf04165c x24=0x00000002
     234905.000 ns	     23489	800051dc	1092f7d3	fmul.s	f15,f5,f9	  f5:0x80000000  f9:0x7f800000 f15=0x7fc00000
     234935.000 ns	     23492	800051e0	20dc94d3	fsgnjn.s	f9,f25,f13	 f25:0x08730a80 f13:0x00000000  f9=0x88730a80
     234955.000 ns	     23494	800051e4	01efbfb3	sltu	x31,x31,x30	 x31:0x00000000 x30:0x00000000 x31=0x00000000
     234975.000 ns	     23496	800051e8	021e9033	mulh	x0,x29,x1	 x29:0x00000001  x1:0x00000000
     235005.000 ns	     23499	800051ec	20332bd3	fsgnjx.s	f23,f6,f3	  f6:0x7f800000  f3:0x00000000 f23=0x7f800000
     235025.000 ns	     23501	800051f0	01a64d13	xori	x26,x12,26	 x12:0x00000000 x26=0x0000001a
     235045.000 ns	     23503	800051f4	e0041953	fclass.s	x18,f8	  f8:0x00000000 x18=0x00000010
     235075.000 ns	     23506	800051f8	c01a30d3	fcvt.wu.s	x1,f20	 f20:0x123c1220  x1=0x00000000
     235105.000 ns	     23509	800051fc	e00900d3	fmv.x.w	x1,f18	 f18:0xcd66c91e  x1=0xcd66c91e
     235135.000 ns	     23512	80005200	a12e1c53	flt.s	x24,f28,f18	 f28:0x4608a54f f18:0xcd66c91e x24=0x00000000
     235155.000 ns	     23514	80005204	c4dfef93	ori	x31,x31,-947	 x31:0x00000000 x31=0xfffffc4d
     235515.000 ns	     23550	80005208	02627eb3	remu	x29,x4,x6	  x4:0x00247dff  x6:0x80041024 x29=0x00247dff
     235545.000 ns	     23553	8000520c	21749253	fsgnjn.s	f4,f9,f23	  f9:0x88730a80 f23:0x7f800000  f4=0x88730a80
     235575.000 ns	     23556	80005210	212c9bd3	fsgnjn.s	f23,f25,f18	 f25:0x08730a80 f18:0xcd66c91e f23=0x08730a80
     235595.000 ns	     23558	80005214	2c14f193	andi	x3,x9,705	  x9:0x0000062a  x3=0x00000200
     235615.000 ns	     23560	80005218	a04796d3	flt.s	x13,f15,f4	 f15:0x7fc00000  f4:0x88730a80 x13=0x00000000
     235635.000 ns	     23562	8000521c	00680133	add	x2,x16,x6	 x16:0x00000000  x6:0x80041024  x2=0x80041024
     235655.000 ns	     23564	80005220	03d7a7b3	mulhsu	x15,x15,x29	 x15:0x048fbfff x29:0x00247dff x15=0x0000a675
     235695.000 ns	     23568	80005224	10468953	fmul.s	f18,f13,f4	 f13:0x00000000  f4:0x88730a80 f18=0x80000000
     235725.000 ns	     23571	80005228	03b18cb3	mul	x25,x3,x27	  x3:0x00000200 x27:0xf1936e1b x25=0x26dc3600
     235755.000 ns	     23574	8000522c	c00d79d3	fcvt.w.s	x19,f26	 f26:0x00000000 x19=0x00000000
     235775.000 ns	     23576	80005230	e725f793	andi	x15,x11,-398	 x11:0x7f447dff x15=0x7f447c72
     235785.000 ns	     23577	80005234	01443f33	sltu	x30,x8,x20	  x8:0x00000001 x20:0x8c9b7100 x30=0x00000001
     235815.000 ns	     23580	80005238	19f61753	fdiv.s	f14,f12,f31	 f12:0x08730a80 f31:0x00000000 f14=0x7f800000
     235835.000 ns	     23582	8000523c	27ae3813	sltiu	x16,x28,634	 x28:0x80041024 x16=0x00000000
     235855.000 ns	     23584	80005240	038a1ab3	mulh	x21,x20,x24	 x20:0x8c9b7100 x24:0x00000000 x21=0x00000000
     236225.000 ns	     23621	80005244	02ff79b3	remu	x19,x30,x15	 x30:0x00000001 x15:0x7f447c72 x19=0x00000001
     236245.000 ns	     23623	80005248	0036b2b3	sltu	x5,x13,x3	 x13:0x00000000  x3:0x00000200  x5=0x00000001
     236255.000 ns	     23624	8000524c	0162da33	srl	x20,x5,x22	  x5:0x00000040 x22:0x00000001 x20=0x00000000
     236295.000 ns	     23628	80005250	0170fed3	fadd.s	f29,f1,f23	  f1:0x80000000 f23:0x08730a80 f29=0x08730a80
     236325.000 ns	     23631	80005254	a0b59453	flt.s	x8,f11,f11	 f11:0x00000000 f11:0x00000000  x8=0x00000000
     236345.000 ns	     23633	80005258	9b27bab7	lui	x21,0x9b27b	 x21=0x9b27b000
     236365.000 ns	     23635	8000525c	a02818d3	flt.s	x17,f16,f2	 f16:0x4c91e091  f2:0x00000000 x17=0x00000000
     236385.000 ns	     23637	80005260	39396813	ori	x16,x18,915	 x18:0x00000010 x16=0x00000393
     236395.000 ns	     23638	80005264	00e136b3	sltu	x13,x2,x14	  x2:0x80041024 x14:0x7fffffff x13=0x00000000
     236405.000 ns	     23639	80005268	e6549717	auipc	x14,0xe6549	 x14=0x6654e268
     236415.000 ns	     23640	8000526c	414154b3	sra	x9,x2,x20	  x2:0x80041024 x20:0x00000000  x9=0x80041024
     236425.000 ns	     23641	80005270	5fed3f13	sltiu	x30,x26,1534	 x26:0x0000001a x30=0x00000001
     236435.000 ns	     23642	80005274	7c2ec793	xori	x15,x29,1986	 x29:0x00247dff x15=0x00247a3d
     236455.000 ns	     23644	80005278	298a0a53	fmin.s	f20,f20,f24	 f20:0x123c1220 f24:0xcc91e091 f20=0xcc91e091
     236485.000 ns	     23647	8000527c	03a118b3	mulh	x17,x2,x26	  x2:0x80041024 x26:0x0000001a x17=0xfffffff3
     236855.000 ns	     23684	80005280	03dcec33	rem	x24,x25,x29	 x25:0x26dc3600 x29:0x00247dff x24=0x00165710
     236885.000 ns	     23687	80005284	a07e00d3	fle.s	x1,f28,f7	 f28:0x4608a54f  f7:0x4efff7e0  x1=0x00000001
     236905.000 ns	     23689	80005288	90983993	sltiu	x19,x16,-1783	 x16:0x00000393 x19=0x00000001
     236925.000 ns	     23691	8000528c	a1e5aad3	feq.s	x21,f11,f30	 f11:0x00000000 f30:0x00000000 x21=0x00000001
     236955.000 ns	     23694	80005290	c00b7d53	fcvt.w.s	x26,f22	 f22:0x00000000 x26=0x00000000
     237325.000 ns	     23731	80005294	027f6b33	rem	x22,x30,x7	 x30:0x00000001  x7:0xf1936800 x22=0x00000001
     237355.000 ns	     23734	80005298	2073a1d3	fsgnjx.s	f3,f7,f7	  f7:0x4efff7e0  f7:0x4efff7e0  f3=0x4efff7e0
     237375.000 ns	     23736	8000529c	01196cb3	or	x25,x18,x17	 x18:0x00000010 x17:0xfffffff3 x25=0xfffffff3
     237735.000 ns	     23772	800052a0	03e9c933	div	x18,x19,x30	 x19:0x00000001 x30:0x00000001 x18=0x00000001
     237755.000 ns	     23774	800052a4	578fe213	ori	x4,x31,1400	 x31:0xfffffc4d  x4=0xfffffd7d
     237775.000 ns	     23776	800052a8	02902b33	mulhsu	x22,x0,x9	  x0:0x00000000  x9:0x80041024 x22=0x00000000
     237815.000 ns	     23780	800052ac	10cb7fd3	fmul.s	f31,f22,f12	 f22:0x00000000 f12:0x08730a80 f31=0x00000000
     237845.000 ns	     23783	800052b0	03000233	mul	x4,x0,x16	  x0:0x00000000 x16:0x00000393  x4=0x00000000
     237875.000 ns	     23786	800052b4	d000f553	fcvt.s.w	f10,x1	  x1:0x00000001 f10=0x3f800000
     237905.000 ns	     23789	800052b8	02a93733	mulhu	x14,x18,x10	 x18:0x00000001 x10:0x80040fe4 x14=0x00000000
     237935.000 ns	     23792	800052bc	02c193b3	mulh	x7,x3,x12	  x3:0x00000200 x12:0x00000000  x7=0x00000000
     237965.000 ns	     23795	800052c0	a17ba1d3	feq.s	x3,f23,f23	 f23:0x08730a80 f23:0x08730a80  x3=0x00000001
     237995.000 ns	     23798	800052c4	03838cb3	mul	x25,x7,x24	  x7:0x00000000 x24:0x00165710 x25=0x00000000
     238015.000 ns	     23800	800052c8	40b3db13	srai	x22,x7,0xb	  x7:0x00000000 x22=0x00000000
     238035.000 ns	     23802	800052cc	03cd8b33	mul	x22,x27,x28	 x27:0xf1936e1b x28:0x80041024 x22=0x68092bcc
     238055.000 ns	     23804	800052d0	001ff233	and	x4,x31,x1	 x31:0xfffffc4d  x1:0x00000001  x4=0x00000001
     238075.000 ns	     23806	800052d4	20392fd3	fsgnjx.s	f31,f18,f3	 f18:0x80000000  f3:0x4efff7e0 f31=0x80000000
     238115.000 ns	     23810	800052d8	18baa253	fdiv.s	f4,f21,f11	 f21:0x42800000 f11:0x00000000  f4=0x7f800000
     238145.000 ns	     23813	800052dc	d00471d3	fcvt.s.w	f3,x8	  x8:0x00000000  f3=0x00000000
     238165.000 ns	     23815	800052e0	017d5893	srli	x17,x26,0x17	 x26:0x00000000 x17=0x00000000
     238185.000 ns	     23817	800052e4	c019c8d3	fcvt.wu.s	x17,f19	 f19:0xcf04165c x17=0x84165c00
     238215.000 ns	     23820	800052e8	d0117fd3	fcvt.s.wu	f31,x2	  x2:0x80041024 f31=0x4f000410
     238235.000 ns	     23822	800052ec	60537893	andi	x17,x6,1541	  x6:0x80041024 x17=0x00000004
     238245.000 ns	     23823	800052f0	22432193	slti	x3,x6,548	  x6:0x80041024  x3=0x00000001
     238255.000 ns	     23824	800052f4	01129213	slli	x4,x5,0x11	  x5:0x00000001  x4=0x00020000
     238275.000 ns	     23826	800052f8	28bb8a53	fmin.s	f20,f23,f11	 f23:0x08730a80 f11:0x00000000 f20=0x00000000
     238295.000 ns	     23828	800052fc	eba5b613	sltiu	x12,x11,-326	 x11:0x7f447dff x12=0x00000001
     238315.000 ns	     23830	80005300	28a690d3	fmax.s	f1,f13,f10	 f13:0x00000000 f10:0x3f800000  f1=0x3f800000
     238335.000 ns	     23832	80005304	4a837a13	andi	x20,x6,1192	  x6:0x80041024 x20=0x00000020
     238355.000 ns	     23834	80005308	0256a9b3	mulhsu	x19,x13,x5	 x13:0x00000000  x5:0x00000001 x19=0x00000000
     238385.000 ns	     23837	8000530c	025faeb3	mulhsu	x29,x31,x5	 x31:0xfffffc4d  x5:0x00000001 x29=0xffffffff
     238405.000 ns	     23839	80005310	002e65b3	or	x11,x28,x2	 x28:0x80041024  x2:0x80041024 x11=0x80041024
     238415.000 ns	     23840	80005314	002b5433	srl	x8,x22,x2	 x22:0x68092bcc  x2:0x80041024  x8=0x068092bc
     238425.000 ns	     23841	80005318	00f63733	sltu	x14,x12,x15	 x12:0x00000001 x15:0x00247a3d x14=0x00000001
     238435.000 ns	     23842	8000531c	017c9c13	slli	x24,x25,0x17	 x25:0x00000000 x24=0x00000000
     238795.000 ns	     23878	80005320	026cfa33	remu	x20,x25,x6	 x25:0x00000000  x6:0x80041024 x20=0x00000000
     238815.000 ns	     23880	80005324	b716df17	auipc	x30,0xb716d	 x30=0x37172324
     238855.000 ns	     23884	80005328	09c37d53	fsub.s	f26,f6,f28	  f6:0x7f800000 f28:0x4608a54f f26=0x7f800000
     238885.000 ns	     23887	8000532c	02723733	mulhu	x14,x4,x7	  x4:0x00020000  x7:0x00000000 x14=0x00000000
     238905.000 ns	     23889	80005330	00c575b3	and	x11,x10,x12	 x10:0x80040fe4 x12:0x00000001 x11=0x00000000
     238915.000 ns	     23890	80005334	012c1413	slli	x8,x24,0x12	 x24:0x00000000  x8=0x00000000
     238935.000 ns	     23892	80005338	a0669fd3	flt.s	x31,f13,f6	 f13:0x00000000  f6:0x7f800000 x31=0x00000001
     238965.000 ns	     23895	8000533c	02dd67b3	rem	x15,x26,x13	 x26:0x00000000 x13:0x00000000 x15=0x00000000
     239005.000 ns	     23899	80005340	100907d3	fmul.s	f15,f18,f0	 f18:0x80000000  f0:0x42800000 f15=0x80000000
     239055.000 ns	     23904	80005344	09c69fd3	fsub.s	f31,f13,f28	 f13:0x00000000 f28:0x4608a54f f31=0xc608a54f
     239075.000 ns	     23906	80005348	969b8093	addi	x1,x23,-1687	 x23:0x80040fe4  x1=0x8004094d
     239085.000 ns	     23907	8000534c	00000013	addi	x0,x0,0	  x0:0x00000000
     239105.000 ns	     23909	80005350	02d3b6b3	mulhu	x13,x7,x13	  x7:0x00000000 x13:0x00000000 x13=0x00000000
     239155.000 ns	     23914	80005354	0158fb53	fadd.s	f22,f17,f21	 f17:0x00000000 f21:0x42800000 f22=0x42800000
     239175.000 ns	     23916	80005358	466b6c13	ori	x24,x22,1126	 x22:0x68092bcc x24=0x68092fee
     239535.000 ns	     23952	8000535c	03f059b3	divu	x19,x0,x31	  x0:0x00000000 x31:0x00000001 x19=0x00000000
     239555.000 ns	     23954	80005360	0ddef613	andi	x12,x29,221	 x29:0xffffffff x12=0x000000dd
     239575.000 ns	     23956	80005364	29898053	fmin.s	f0,f19,f24	 f19:0xcf04165c f24:0xcc91e091  f0=0xcf04165c
     239595.000 ns	     23958	80005368	00000013	addi	x0,x0,0	  x0:0x00000000
     239615.000 ns	     23960	8000536c	a00d9cd3	flt.s	x25,f27,f0	 f27:0x4c91e099  f0:0xcf04165c x25=0x00000000
     239645.000 ns	     23963	80005370	21c41453	fsgnjn.s	f8,f8,f28	  f8:0x00000000 f28:0x4608a54f  f8=0x80000000
     239675.000 ns	     23966	80005374	e00d0453	fmv.x.w	x8,f26	 f26:0x7f800000  x8=0x7f800000
     239695.000 ns	     23968	80005378	d2a13037	lui	x0,0xd2a13	
     239705.000 ns	     23969	8000537c	0122c6b3	xor	x13,x5,x18	  x5:0x00000001 x18:0x00000001 x13=0x00000000
     239715.000 ns	     23970	80005380	01bd5893	srli	x17,x26,0x1b	 x26:0x00000000 x17=0x00000000
     239725.000 ns	     23971	80005384	b6b64893	xori	x17,x12,-1173	 x12:0x000000dd x17=0xfffffbb6
     239745.000 ns	     23973	80005388	28a118d3	fmax.s	f17,f2,f10	  f2:0x00000000 f10:0x3f800000 f17=0x3f800000
     239765.000 ns	     23975	8000538c	00d775b3	and	x11,x14,x13	 x14:0x00000000 x13:0x00000000 x11=0x00000000
     239785.000 ns	     23977	80005390	201e2cd3	fsgnjx.s	f25,f28,f1	 f28:0x4608a54f  f1:0x3f800000 f25=0x4608a54f
     239805.000 ns	     23979	80005394	00f8d093	srli	x1,x17,0xf	 x17:0xfffffbb6  x1=0x0001ffff
     239825.000 ns	     23981	80005398	21301fd3	fsgnjn.s	f31,f0,f19	  f0:0xcf04165c f19:0xcf04165c f31=0x4f04165c
     239845.000 ns	     23983	8000539c	0023bd33	sltu	x26,x7,x2	  x7:0x00000000  x2:0x80041024 x26=0x00000001
     239865.000 ns	     23985	800053a0	02099cb3	mulh	x25,x19,x0	 x19:0x00000000  x0:0x00000000 x25=0x00000000
     239885.000 ns	     23987	800053a4	01551c13	slli	x24,x10,0x15	 x10:0x80040fe4 x24=0xfc800000
     239895.000 ns	     23988	800053a8	01fd1193	slli	x3,x26,0x1f	 x26:0x00000001  x3=0x80000000
     239915.000 ns	     23990	800053ac	03c3b5b3	mulhu	x11,x7,x28	  x7:0x00000000 x28:0x80041024 x11=0x00000000
     239965.000 ns	     23995	800053b0	0955fd53	fsub.s	f26,f11,f21	 f11:0x00000000 f21:0x42800000 f26=0xc2800000
     239985.000 ns	     23997	800053b4	41250433	sub	x8,x10,x18	 x10:0x80040fe4 x18:0x00000001  x8=0x80040fe3
     239995.000 ns	     23998	800053b8	fa0e7c13	andi	x24,x28,-96	 x28:0x80041024 x24=0x80041020
     240005.000 ns	     23999	800053bc	41a4d993	srai	x19,x9,0x1a	  x9:0x80041024 x19=0xffffffe0
     240025.000 ns	     24001	800053c0	a1f00ad3	fle.s	x21,f0,f31	  f0:0xcf04165c f31:0x4f04165c x21=0x00000001
     240055.000 ns	     24004	800053c4	02332cb3	mulhsu	x25,x6,x3	  x6:0x80041024  x3:0x80000000 x25=0xc0020812
     240085.000 ns	     24007	800053c8	e0078553	fmv.x.w	x10,f15	 f15:0x80000000 x10=0x80000000
     240115.000 ns	     24010	800053cc	c01475d3	fcvt.wu.s	x11,f8	  f8:0x80000000 x11=0x00000000
     240485.000 ns	     24047	800053d0	026f74b3	remu	x9,x30,x6	 x30:0x37172324  x6:0x80041024  x9=0x37172324
     240515.000 ns	     24050	800053d4	021d2d33	mulhsu	x26,x26,x1	 x26:0x00000001  x1:0x0001ffff x26=0x00000000
     240535.000 ns	     24052	800053d8	7dceb917	auipc	x18,0x7dceb	 x18=0xfdcf03d8
     240555.000 ns	     24054	800053dc	d0007253	fcvt.s.w	f4,x0	  x0:0x00000000  f4=0x00000000
     240585.000 ns	     24057	800053e0	20f091d3	fsgnjn.s	f3,f1,f15	  f1:0x3f800000 f15:0x80000000  f3=0x3f800000
     240615.000 ns	     24060	800053e4	d00a34d3	fcvt.s.w	f9,x20	 x20:0x00000000  f9=0x00000000
     240635.000 ns	     24062	800053e8	0136bd33	sltu	x26,x13,x19	 x13:0x00000000 x19:0xffffffe0 x26=0x00000001
     240655.000 ns	     24064	800053ec	20df8f53	fsgnj.s	f30,f31,f13	 f31:0x4f04165c f13:0x00000000 f30=0x4f04165c
     241025.000 ns	     24101	800053f0	031d6eb3	rem	x29,x26,x17	 x26:0x00000000 x17:0xfffffbb6 x29=0x00000001
     241055.000 ns	     24104	800053f4	a02b86d3	fle.s	x13,f23,f2	 f23:0x08730a80  f2:0x00000000 x13=0x00000000
     241075.000 ns	     24106	800053f8	1980acb7	lui	x25,0x1980a	 x25=0x1980a000
     241095.000 ns	     24108	800053fc	286a0dd3	fmin.s	f27,f20,f6	 f20:0x00000000  f6:0x7f800000 f27=0x00000000
     241115.000 ns	     24110	80005400	1568fa93	andi	x21,x17,342	 x17:0xfffffbb6 x21=0x00000116
     241135.000 ns	     24112	80005404	20ada4d3	fsgnjx.s	f9,f27,f10	 f27:0x00000000 f10:0x3f800000  f9=0x00000000
     241165.000 ns	     24115	80005408	206e2553	fsgnjx.s	f10,f28,f6	 f28:0x4608a54f  f6:0x7f800000 f10=0x4608a54f
     241185.000 ns	     24117	8000540c	53fb2197	auipc	x3,0x53fb2	  x3=0xd3fb740c
     241215.000 ns	     24120	80005410	580a7b53	fsqrt.s	f22,f20	 f20:0x00000000 f22=0x00000000
     241235.000 ns	     24122	80005414	416984b3	sub	x9,x19,x22	 x19:0xffffffe0 x22:0x68092bcc  x9=0x97f6d414
     241255.000 ns	     24124	80005418	a0358a53	fle.s	x20,f11,f3	 f11:0x00000000  f3:0x3f800000 x20=0x00000001
     241275.000 ns	     24126	8000541c	40048733	sub	x14,x9,x0	  x9:0x37172324  x0:0x00000000 x14=0x97f6d414
     241285.000 ns	     24127	80005420	00efc1b3	xor	x3,x31,x14	 x31:0x00000001 x14:0x00000000  x3=0x97f6d415
     241295.000 ns	     24128	80005424	00dd16b3	sll	x13,x26,x13	 x26:0x00000001 x13:0x00000000 x13=0x00000001
     241315.000 ns	     24130	80005428	d0118853	fcvt.s.wu	f16,x3	  x3:0xd3fb740c f16=0x4f17f6d4
     241335.000 ns	     24132	8000542c	81af3213	sltiu	x4,x30,-2022	 x30:0x37172324  x4=0x00000001
     241345.000 ns	     24133	80005430	39478717	auipc	x14,0x39478	 x14=0xb947d430
     241355.000 ns	     24134	80005434	01b25633	srl	x12,x4,x27	  x4:0x00020000 x27:0xf1936e1b x12=0x00000000
     241365.000 ns	     24135	80005438	3f543293	sltiu	x5,x8,1013	  x8:0x80040fe3  x5=0x00000000
     241385.000 ns	     24137	8000543c	f0088953	fmv.w.x	f18,x17	 x17:0xfffffbb6 f18=0xfffffbb6
     241755.000 ns	     24174	80005440	033641b3	div	x3,x12,x19	 x12:0x00000000 x19:0xffffffe0  x3=0x00000000
     241785.000 ns	     24177	80005444	211a9253	fsgnjn.s	f4,f21,f17	 f21:0x42800000 f17:0x3f800000  f4=0xc2800000
     241825.000 ns	     24181	80005448	580b70d3	fsqrt.s	f1,f22	 f22:0x00000000  f1=0x00000000
     241845.000 ns	     24183	8000544c	a3bc5297	auipc	x5,0xa3bc5	  x5=0x23bca44c
     242205.000 ns	     24219	80005450	02e87533	remu	x10,x16,x14	 x16:0x00000393 x14:0xb947d430 x10=0x00000393
     242235.000 ns	     24222	80005454	200b2553	fsgnjx.s	f10,f22,f0	 f22:0x00000000  f0:0xcf04165c f10=0x80000000
     242255.000 ns	     24224	80005458	00ed6433	or	x8,x26,x14	 x26:0x00000001 x14:0xb947d430  x8=0xb947d431
     242275.000 ns	     24226	8000545c	c0023ad3	fcvt.w.s	x21,f4	  f4:0xc2800000 x21=0xffffffc0
     242295.000 ns	     24228	80005460	00332d33	slt	x26,x6,x3	  x6:0x80041024  x3:0x00000000 x26=0x00000001
     242305.000 ns	     24229	80005464	01d83cb3	sltu	x25,x16,x29	 x16:0x00000393 x29:0x00000001 x25=0x00000000
     242325.000 ns	     24231	80005468	a1ae9fd3	flt.s	x31,f29,f26	 f29:0x08730a80 f26:0xc2800000 x31=0x00000000
     242355.000 ns	     24234	8000546c	f0030e53	fmv.w.x	f28,x6	  x6:0x80041024 f28=0x80041024
     242375.000 ns	     24236	80005470	21970a93	addi	x21,x14,537	 x14:0xb947d430 x21=0xb947d649
     242385.000 ns	     24237	80005474	01ca6ab3	or	x21,x20,x28	 x20:0x00000001 x28:0x80041024 x21=0x80041025
     242745.000 ns	     24273	80005478	02615f33	divu	x30,x2,x6	  x2:0x80041024  x6:0x80041024 x30=0x00000001
     242785.000 ns	     24277	8000547c	580471d3	fsqrt.s	f3,f8	  f8:0x80000000  f3=0x80000000
     242815.000 ns	     24280	80005480	c01c7753	fcvt.wu.s	x14,f24	 f24:0xcc91e091 x14=0x048f0488
     242835.000 ns	     24282	80005484	01e10133	add	x2,x2,x30	  x2:0x80041024 x30:0x00000001  x2=0x80041025
     242865.000 ns	     24285	80005488	18aa9ed3	fdiv.s	f29,f21,f10	 f21:0x42800000 f10:0x80000000 f29=0xff800000
     242885.000 ns	     24287	8000548c	5abc4f93	xori	x31,x24,1451	 x24:0x80041020 x31=0x8004158b
     242905.000 ns	     24289	80005490	e00c02d3	fmv.x.w	x5,f24	 f24:0xcc91e091  x5=0xcc91e091
     242935.000 ns	     24292	80005494	c00878d3	fcvt.w.s	x17,f16	 f16:0x4f17f6d4 x17=0x7fffffff
     242965.000 ns	     24295	80005498	038f19b3	mulh	x19,x30,x24	 x30:0x00000001 x24:0x80041020 x19=0xffffffff
     243335.000 ns	     24332	8000549c	03d84b33	div	x22,x16,x29	 x16:0x00000393 x29:0x00000001 x22=0x00000393
     243365.000 ns	     24335	800054a0	f00b0a53	fmv.w.x	f20,x22	 x22:0x68092bcc f20=0x00000393
     243395.000 ns	     24338	800054a4	28f70753	fmin.s	f14,f14,f15	 f14:0x7f800000 f15:0x80000000 f14=0x80000000
     243415.000 ns	     24340	800054a8	016b5c13	srli	x24,x22,0x16	 x22:0x00000393 x24=0x00000000
     243435.000 ns	     24342	800054ac	034c2eb3	mulhsu	x29,x24,x20	 x24:0x80041020 x20:0x00000001 x29=0x00000000
     243455.000 ns	     24344	800054b0	98b0e113	ori	x2,x1,-1653	  x1:0x0001ffff  x2=0xffffffff
     243475.000 ns	     24346	800054b4	d01a7153	fcvt.s.wu	f2,x20	 x20:0x00000001  f2=0x3f800000
     243845.000 ns	     24383	800054b8	02264433	div	x8,x12,x2	 x12:0x00000000  x2:0x80041025  x8=0x00000000
     243865.000 ns	     24385	800054bc	01359733	sll	x14,x11,x19	 x11:0x00000000 x19:0xffffffff x14=0x00000000
     243885.000 ns	     24387	800054c0	a1ba23d3	feq.s	x7,f20,f27	 f20:0x00000393 f27:0x00000000  x7=0x00000000
     243905.000 ns	     24389	800054c4	010571b3	and	x3,x10,x16	 x10:0x00000393 x16:0x00000393  x3=0x00000393
     243915.000 ns	     24390	800054c8	01820d33	add	x26,x4,x24	  x4:0x00000001 x24:0x00000000 x26=0x00000001
     243925.000 ns	     24391	800054cc	411cd513	srai	x10,x25,0x11	 x25:0x00000000 x10=0x00000000
     243935.000 ns	     24392	800054d0	67b2ad13	slti	x26,x5,1659	  x5:0xcc91e091 x26=0x00000001
     243945.000 ns	     24393	800054d4	016c9cb3	sll	x25,x25,x22	 x25:0x00000000 x22:0x00000393 x25=0x00000000
     243955.000 ns	     24394	800054d8	00000013	addi	x0,x0,0	  x0:0x00000000
     243975.000 ns	     24396	800054dc	c01bfb53	fcvt.wu.s	x22,f23	 f23:0x08730a80 x22=0x00000000
     244005.000 ns	     24399	800054e0	d01b2e53	fcvt.s.wu	f28,x22	 x22:0x00000393 f28=0x00000000
     244035.000 ns	     24402	800054e4	f00a8253	fmv.w.x	f4,x21	 x21:0x80041025  f4=0x80041025
     244405.000 ns	     24439	800054e8	0220c933	div	x18,x1,x2	  x1:0x0001ffff  x2:0xffffffff x18=0xfffe0001
     244425.000 ns	     24441	800054ec	00000013	addi	x0,x0,0	  x0:0x00000000
     244455.000 ns	     24444	800054f0	10e52d53	fmul.s	f26,f10,f14	 f10:0x80000000 f14:0x80000000 f26=0x00000000
     244475.000 ns	     24446	800054f4	8c246313	ori	x6,x8,-1854	  x8:0x00000000  x6=0xfffff8c2
     244495.000 ns	     24448	800054f8	027aa133	mulhsu	x2,x21,x7	 x21:0x80041025  x7:0x00000000  x2=0x00000000
     244525.000 ns	     24451	800054fc	03539033	mulh	x0,x7,x21	  x7:0x00000000 x21:0x80041025
     244565.000 ns	     24455	80005500	101c7fd3	fmul.s	f31,f24,f1	 f24:0xcc91e091  f1:0x00000000 f31=0x80000000
     244585.000 ns	     24457	80005504	00000013	addi	x0,x0,0	  x0:0x00000000
     244605.000 ns	     24459	80005508	a0ed0f53	fle.s	x30,f26,f14	 f26:0x00000000 f14:0x80000000 x30=0x00000001
     244635.000 ns	     24462	8000550c	204a9ad3	fsgnjn.s	f21,f21,f4	 f21:0x42800000  f4:0x80041025 f21=0x42800000
     244655.000 ns	     24464	80005510	01c31693	slli	x13,x6,0x1c	  x6:0xfffff8c2 x13=0x20000000
     244675.000 ns	     24466	80005514	03d44433	div	x8,x8,x29	  x8:0x00000000 x29:0x00000000  x8=0xffffffff
     244695.000 ns	     24468	80005518	002b73b3	and	x7,x22,x2	 x22:0x00000000  x2:0x00000000  x7=0x00000000
     244715.000 ns	     24470	8000551c	c01efb53	fcvt.wu.s	x22,f29	 f29:0xff800000 x22=0x00000000
     244765.000 ns	     24475	80005520	08b97cd3	fsub.s	f25,f18,f11	 f18:0xfffffbb6 f11:0x00000000 f25=0x7fc00000
     244805.000 ns	     24479	80005524	5805a8d3	fsqrt.s	f17,f11	 f11:0x00000000 f17=0x00000000
     244825.000 ns	     24481	80005528	07b40013	addi	x0,x8,123	  x8:0xffffffff
     244835.000 ns	     24482	8000552c	00000013	addi	x0,x0,0	  x0:0x00000000
     244845.000 ns	     24483	80005530	39344813	xori	x16,x8,915	  x8:0xffffffff x16=0xfffffc6c
     245205.000 ns	     24519	80005534	03f9f433	remu	x8,x19,x31	 x19:0xffffffff x31:0x8004158b  x8=0x7ffbea74
     245225.000 ns	     24521	80005538	0128a633	slt	x12,x17,x18	 x17:0x7fffffff x18:0xfffe0001 x12=0x00000000
     245245.000 ns	     24523	8000553c	03d62c33	mulhsu	x24,x12,x29	 x12:0x00000000 x29:0x00000000 x24=0x00000000
     245275.000 ns	     24526	80005540	02f494b3	mulh	x9,x9,x15	  x9:0x97f6d414 x15:0x00000000  x9=0x00000000
     245295.000 ns	     24528	80005544	01007033	and	x0,x0,x16	  x0:0x00000000 x16:0xfffffc6c
     245315.000 ns	     24530	80005548	21818353	fsgnj.s	f6,f3,f24	  f3:0x80000000 f24:0xcc91e091  f6=0x80000000
     245345.000 ns	     24533	8000554c	201baa53	fsgnjx.s	f20,f23,f1	 f23:0x08730a80  f1:0x00000000 f20=0x08730a80
     245365.000 ns	     24535	80005550	011eda93	srli	x21,x29,0x11	 x29:0x00000000 x21=0x00000000
     245385.000 ns	     24537	80005554	03fb81b3	mul	x3,x23,x31	 x23:0x80040fe4 x31:0x8004158b  x3=0x171254cc
     245415.000 ns	     24540	80005558	f00b81d3	fmv.w.x	f3,x23	 x23:0x80040fe4  f3=0x80040fe4
     245435.000 ns	     24542	8000555c	012925b3	slt	x11,x18,x18	 x18:0xfffe0001 x18:0xfffe0001 x11=0x00000000
     245455.000 ns	     24544	80005560	a18c0ad3	fle.s	x21,f24,f24	 f24:0xcc91e091 f24:0xcc91e091 x21=0x00000001
     245475.000 ns	     24546	80005564	417351b3	sra	x3,x6,x23	  x6:0xfffff8c2 x23:0x80040fe4  x3=0xffffff8c
     245495.000 ns	     24548	80005568	c01d0353	fcvt.wu.s	x6,f26	 f26:0x00000000  x6=0x00000000
     245515.000 ns	     24550	8000556c	0122b6b3	sltu	x13,x5,x18	  x5:0xcc91e091 x18:0xfffe0001 x13=0x00000001
     245555.000 ns	     24554	80005570	09b69b53	fsub.s	f22,f13,f27	 f13:0x00000000 f27:0x00000000 f22=0x80000000
     245585.000 ns	     24557	80005574	0386f2b3	remu	x5,x13,x24	 x13:0x20000000 x24:0x00000000  x5=0x00000001
     245605.000 ns	     24559	80005578	00a621b3	slt	x3,x12,x10	 x12:0x00000000 x10:0x00000000  x3=0x00000000
     245615.000 ns	     24560	8000557c	ee67cc93	xori	x25,x15,-282	 x15:0x00000000 x25=0xfffffee6
     245635.000 ns	     24562	80005580	02cdfeb3	remu	x29,x27,x12	 x27:0xf1936e1b x12:0x00000000 x29=0xf1936e1b
     245665.000 ns	     24565	80005584	a0cc2053	feq.s	x0,f24,f12	 f24:0xcc91e091 f12:0x08730a80
     245695.000 ns	     24568	80005588	f00781d3	fmv.w.x	f3,x15	 x15:0x00000000  f3=0x00000000
     245715.000 ns	     24570	8000558c	00301f13	slli	x30,x0,0x3	  x0:0x00000000 x30=0x00000000
     245725.000 ns	     24571	80005590	5af63393	sltiu	x7,x12,1455	 x12:0x00000000  x7=0x00000001
     245735.000 ns	     24572	80005594	015d58b3	srl	x17,x26,x21	 x26:0x00000001 x21:0x00000001 x17=0x00000000
     245755.000 ns	     24574	80005598	c0139953	fcvt.wu.s	x18,f7	  f7:0x4efff7e0 x18=0x7ffbf000
     245775.000 ns	     24576	8000559c	014eccb3	xor	x25,x29,x20	 x29:0xf1936e1b x20:0x00000001 x25=0xf1936e1a
     245795.000 ns	     24578	800055a0	f0080253	fmv.w.x	f4,x16	 x16:0xfffffc6c  f4=0xfffffc6c
     245825.000 ns	     24581	800055a4	21b603d3	fsgnj.s	f7,f12,f27	 f12:0x08730a80 f27:0x00000000  f7=0x08730a80
     245845.000 ns	     24583	800055a8	01d041b3	xor	x3,x0,x29	  x0:0x00000000 x29:0xf1936e1b  x3=0xf1936e1b
     245865.000 ns	     24585	800055ac	c018c9d3	fcvt.wu.s	x19,f17	 f17:0x00000000 x19=0x00000000
     245895.000 ns	     24588	800055b0	c00a1253	fcvt.w.s	x4,f20	 f20:0x08730a80  x4=0x00000000
     246265.000 ns	     24625	800055b4	023ee9b3	rem	x19,x29,x3	 x29:0xf1936e1b  x3:0xf1936e1b x19=0x00000000
     246285.000 ns	     24627	800055b8	916b3c13	sltiu	x24,x22,-1770	 x22:0x00000000 x24=0x00000001
     246295.000 ns	     24628	800055bc	00009233	sll	x4,x1,x0	  x1:0x0001ffff  x0:0x00000000  x4=0x0001ffff
     246655.000 ns	     24664	800055c0	03dde4b3	rem	x9,x27,x29	 x27:0xf1936e1b x29:0xf1936e1b  x9=0x00000000
     247025.000 ns	     24701	800055c4	028e4b33	div	x22,x28,x8	 x28:0x80041024  x8:0x7ffbea74 x22=0xffffffff
     247045.000 ns	     24703	800055c8	001055b3	srl	x11,x0,x1	  x0:0x00000000  x1:0x0001ffff x11=0x00000000
     247065.000 ns	     24705	800055cc	c010f6d3	fcvt.wu.s	x13,f1	  f1:0x00000000 x13=0x00000000
     247115.000 ns	     24710	800055d0	08258753	fsub.s	f14,f11,f2	 f11:0x00000000  f2:0x3f800000 f14=0xbf800000
     247485.000 ns	     24747	800055d4	03c37c33	remu	x24,x6,x28	  x6:0x00000000 x28:0x80041024 x24=0x00000000
     247505.000 ns	     24749	800055d8	41ba06b3	sub	x13,x20,x27	 x20:0x00000001 x27:0xf1936e1b x13=0x0e6c91e6
     247545.000 ns	     24753	800055dc	00dd0453	fadd.s	f8,f26,f13	 f26:0x00000000 f13:0x00000000  f8=0x00000000
     247565.000 ns	     24755	800055e0	96483613	sltiu	x12,x16,-1692	 x16:0xfffffc6c x12=0x00000000
     247585.000 ns	     24757	800055e4	c0149d53	fcvt.wu.s	x26,f9	  f9:0x00000000 x26=0x00000000
     247625.000 ns	     24761	800055e8	118b03d3	fmul.s	f7,f22,f24	 f22:0x80000000 f24:0xcc91e091  f7=0x00000000
     247655.000 ns	     24764	800055ec	e0058153	fmv.x.w	x2,f11	 f11:0x00000000  x2=0x00000000
     247705.000 ns	     24769	800055f0	088f4f53	fsub.s	f30,f30,f8	 f30:0x4f04165c  f8:0x00000000 f30=0x4f04165c
     247725.000 ns	     24771	800055f4	00000013	addi	x0,x0,0	  x0:0x00000000
     247735.000 ns	     24772	800055f8	0ab74a93	xori	x21,x14,171	 x14:0x00000000 x21=0x000000ab
     247765.000 ns	     24775	800055fc	580e2953	fsqrt.s	f18,f28	 f28:0x00000000 f18=0x00000000
     247795.000 ns	     24778	80005600	2160a8d3	fsgnjx.s	f17,f1,f22	  f1:0x00000000 f22:0x80000000 f17=0x80000000
     247815.000 ns	     24780	80005604	016e1b33	sll	x22,x28,x22	 x28:0x80041024 x22:0xffffffff x22=0x00000000
     247825.000 ns	     24781	80005608	01a2d2b3	srl	x5,x5,x26	  x5:0x00000001 x26:0x00000000  x5=0x00000001
     247835.000 ns	     24782	8000560c	08826713	ori	x14,x4,136	  x4:0x0001ffff x14=0x0001ffff
     247855.000 ns	     24784	80005610	a1fb2753	feq.s	x14,f22,f31	 f22:0x80000000 f31:0x80000000 x14=0x00000001
     247875.000 ns	     24786	80005614	5d93cd17	auipc	x26,0x5d93c	 x26=0xdd941614
     247915.000 ns	     24790	80005618	09c5fa53	fsub.s	f20,f11,f28	 f11:0x00000000 f28:0x00000000 f20=0x80000000
     247935.000 ns	     24792	8000561c	00e92133	slt	x2,x18,x14	 x18:0x7ffbf000 x14:0x00000001  x2=0x00000000
     247965.000 ns	     24795	80005620	58097353	fsqrt.s	f6,f18	 f18:0x00000000  f6=0x00000000
     247995.000 ns	     24798	80005624	f00d86d3	fmv.w.x	f13,x27	 x27:0xf1936e1b f13=0xf1936e1b
     248025.000 ns	     24801	80005628	a0eaa553	feq.s	x10,f21,f14	 f21:0x42800000 f14:0xbf800000 x10=0x00000000
     248045.000 ns	     24803	8000562c	4036d6b3	sra	x13,x13,x3	 x13:0x0e6c91e6  x3:0xf1936e1b x13=0x00000001
     248065.000 ns	     24805	80005630	03758d33	mul	x26,x11,x23	 x11:0x00000000 x23:0x80040fe4 x26=0x00000000
     248085.000 ns	     24807	80005634	00c5bfb3	sltu	x31,x11,x12	 x11:0x00000000 x12:0x00000000 x31=0x00000000
     248105.000 ns	     24809	80005638	28d19d53	fmax.s	f26,f3,f13	  f3:0x00000000 f13:0xf1936e1b f26=0x00000000
     248135.000 ns	     24812	8000563c	21801353	fsgnjn.s	f6,f0,f24	  f0:0xcf04165c f24:0xcc91e091  f6=0x4f04165c
     248185.000 ns	     24817	80005640	014f3053	fadd.s	f0,f30,f20	 f30:0x4f04165c f20:0x80000000  f0=0x4f04165c
     248215.000 ns	     24820	80005644	026de5b3	rem	x11,x27,x6	 x27:0xf1936e1b  x6:0x00000000 x11=0xf1936e1b
     248235.000 ns	     24822	80005648	01ca3133	sltu	x2,x20,x28	 x20:0x00000001 x28:0x80041024  x2=0x00000001
     248265.000 ns	     24825	8000564c	118a1453	fmul.s	f8,f20,f24	 f20:0x80000000 f24:0xcc91e091  f8=0x00000000
     248315.000 ns	     24830	80005650	08872b53	fsub.s	f22,f14,f8	 f14:0xbf800000  f8:0x00000000 f22=0xbf800000
     248345.000 ns	     24833	80005654	e00b96d3	fclass.s	x13,f23	 f23:0x08730a80 x13=0x00000040
     248365.000 ns	     24835	80005658	0018a9b3	slt	x19,x17,x1	 x17:0x00000000  x1:0x0001ffff x19=0x00000001
     248385.000 ns	     24837	8000565c	212d1cd3	fsgnjn.s	f25,f26,f18	 f26:0x00000000 f18:0x00000000 f25=0x80000000
     248405.000 ns	     24839	80005660	00475113	srli	x2,x14,0x4	 x14:0x00000001  x2=0x00000000
     248415.000 ns	     24840	80005664	01c29ab3	sll	x21,x5,x28	  x5:0x00000001 x28:0x80041024 x21=0x00000010
     248435.000 ns	     24842	80005668	216c8453	fsgnj.s	f8,f25,f22	 f25:0x80000000 f22:0xbf800000  f8=0x80000000
     248475.000 ns	     24846	8000566c	104c7ed3	fmul.s	f29,f24,f4	 f24:0xcc91e091  f4:0xfffffc6c f29=0x7fc00000
     248505.000 ns	     24849	80005670	d01445d3	fcvt.s.wu	f11,x8	  x8:0x7ffbea74 f11=0x4efff7d5
     248525.000 ns	     24851	80005674	7f832a13	slti	x20,x6,2040	  x6:0x00000000 x20=0x00000001
     248545.000 ns	     24853	80005678	212f22d3	fsgnjx.s	f5,f30,f18	 f30:0x4f04165c f18:0x00000000  f5=0x4f04165c
     248585.000 ns	     24857	8000567c	117efad3	fmul.s	f21,f29,f23	 f29:0x7fc00000 f23:0x08730a80 f21=0x7fc00000
     248615.000 ns	     24860	80005680	d00ca1d3	fcvt.s.w	f3,x25	 x25:0xf1936e1a  f3=0xcd66c91f
     248645.000 ns	     24863	80005684	c00af353	fcvt.w.s	x6,f21	 f21:0x7fc00000  x6=0x7fffffff
     248665.000 ns	     24865	80005688	407c04b3	sub	x9,x24,x7	 x24:0x00000000  x7:0x00000001  x9=0xffffffff
     248675.000 ns	     24866	8000568c	40c00fb3	sub	x31,x0,x12	  x0:0x00000000 x12:0x00000000 x31=0x00000000
     248685.000 ns	     24867	80005690	01c52cb3	slt	x25,x10,x28	 x10:0x00000000 x28:0x80041024 x25=0x00000000
     248705.000 ns	     24869	80005694	f0080cd3	fmv.w.x	f25,x16	 x16:0xfffffc6c f25=0xfffffc6c
     248735.000 ns	     24872	80005698	03ff54b3	divu	x9,x30,x31	 x30:0x00000000 x31:0x00000000  x9=0xffffffff
     248775.000 ns	     24876	8000569c	580af253	fsqrt.s	f4,f21	 f21:0x7fc00000  f4=0x7fc00000
     248795.000 ns	     24878	800056a0	019b8733	add	x14,x23,x25	 x23:0x80040fe4 x25:0x00000000 x14=0x80040fe4
     248815.000 ns	     24880	800056a4	e00619d3	fclass.s	x19,f12	 f12:0x08730a80 x19=0x00000040
     248835.000 ns	     24882	800056a8	a7bc7693	andi	x13,x24,-1413	 x24:0x00000000 x13=0x00000000
     248855.000 ns	     24884	800056ac	289404d3	fmin.s	f9,f8,f9	  f8:0x80000000  f9:0x00000000  f9=0x80000000
     249225.000 ns	     24921	800056b0	0275f6b3	remu	x13,x11,x7	 x11:0xf1936e1b  x7:0x00000001 x13=0x00000000
     249245.000 ns	     24923	800056b4	ce40f013	andi	x0,x1,-796	  x1:0x0001ffff
     249255.000 ns	     24924	800056b8	46f23713	sltiu	x14,x4,1135	  x4:0x0001ffff x14=0x00000000
     249265.000 ns	     24925	800056bc	0078f933	and	x18,x17,x7	 x17:0x00000000  x7:0x00000001 x18=0x00000000
     249295.000 ns	     24928	800056c0	1845c3d3	fdiv.s	f7,f11,f4	 f11:0x4efff7d5  f4:0x7fc00000  f7=0x7fc00000
     249325.000 ns	     24931	800056c4	2173add3	fsgnjx.s	f27,f7,f23	  f7:0x00000000 f23:0x08730a80 f27=0x7fc00000
     249355.000 ns	     24934	800056c8	29491d53	fmax.s	f26,f18,f20	 f18:0x00000000 f20:0x80000000 f26=0x00000000
     249375.000 ns	     24936	800056cc	413ed933	sra	x18,x29,x19	 x29:0xf1936e1b x19:0x00000040 x18=0xf1936e1b
     249415.000 ns	     24940	800056d0	084ba2d3	fsub.s	f5,f23,f4	 f23:0x08730a80  f4:0x7fc00000  f5=0x7fc00000
     249435.000 ns	     24942	800056d4	00e1e433	or	x8,x3,x14	  x3:0xf1936e1b x14:0x00000000  x8=0xf1936e1b
     249455.000 ns	     24944	800056d8	a0e404d3	fle.s	x9,f8,f14	  f8:0x80000000 f14:0xbf800000  x9=0x00000000
     249485.000 ns	     24947	800056dc	29080e53	fmin.s	f28,f16,f16	 f16:0x4f17f6d4 f16:0x4f17f6d4 f28=0x4f17f6d4
     249505.000 ns	     24949	800056e0	00eccb33	xor	x22,x25,x14	 x25:0x00000000 x14:0x00000000 x22=0x00000000
     249535.000 ns	     24952	800056e4	185ba6d3	fdiv.s	f13,f23,f5	 f23:0x08730a80  f5:0x7fc00000 f13=0x7fc00000
     249555.000 ns	     24954	800056e8	eb177d13	andi	x26,x14,-335	 x14:0x00000000 x26=0x00000000
     249575.000 ns	     24956	800056ec	027ca9b3	mulhsu	x19,x25,x7	 x25:0x00000000  x7:0x00000001 x19=0x00000000
     249605.000 ns	     24959	800056f0	28478853	fmin.s	f16,f15,f4	 f15:0x80000000  f4:0x7fc00000 f16=0x80000000
     249625.000 ns	     24961	800056f4	00cfb633	sltu	x12,x31,x12	 x31:0x00000000 x12:0x00000000 x12=0x00000000
     249635.000 ns	     24962	800056f8	e5c86f17	auipc	x30,0xe5c86	 x30=0x65c8b6f8
     249645.000 ns	     24963	800056fc	004d2133	slt	x2,x26,x4	 x26:0x00000000  x4:0x0001ffff  x2=0x00000001
     249655.000 ns	     24964	80005700	2e91fb13	andi	x22,x3,745	  x3:0xf1936e1b x22=0x00000209
     249695.000 ns	     24968	80005704	08797753	fsub.s	f14,f18,f7	 f18:0x00000000  f7:0x7fc00000 f14=0x7fc00000
     249715.000 ns	     24970	80005708	41d4d2b3	sra	x5,x9,x29	  x9:0x00000000 x29:0xf1936e1b  x5=0x00000000
     249725.000 ns	     24971	8000570c	018c4a33	xor	x20,x24,x24	 x24:0x00000000 x24:0x00000000 x20=0x00000000
     249765.000 ns	     24975	80005710	006f8ed3	fadd.s	f29,f31,f6	 f31:0x80000000  f6:0x4f04165c f29=0x4f04165c
     249785.000 ns	     24977	80005714	40dc8c33	sub	x24,x25,x13	 x25:0x00000000 x13:0x00000000 x24=0x00000000
     249795.000 ns	     24978	80005718	00000013	addi	x0,x0,0	  x0:0x00000000
     249835.000 ns	     24982	8000571c	016f4bd3	fadd.s	f23,f30,f22	 f30:0x4f04165c f22:0xbf800000 f23=0x4f04165c
     249885.000 ns	     24987	80005720	00457a53	fadd.s	f20,f10,f4	 f10:0x80000000  f4:0x7fc00000 f20=0x7fc00000
     249905.000 ns	     24989	80005724	015ec6b3	xor	x13,x29,x21	 x29:0xf1936e1b x21:0x00000010 x13=0xf1936e0b
     249915.000 ns	     24990	80005728	011e0f33	add	x30,x28,x17	 x28:0x80041024 x17:0x00000000 x30=0x80041024
     249935.000 ns	     24992	8000572c	a1f113d3	flt.s	x7,f2,f31	  f2:0x3f800000 f31:0x80000000  x7=0x00000000
     249955.000 ns	     24994	80005730	01625c13	srli	x24,x4,0x16	  x4:0x0001ffff x24=0x00000000
     249965.000 ns	     24995	80005734	012dc6b3	xor	x13,x27,x18	 x27:0xf1936e1b x18:0xf1936e1b x13=0x00000000
     249975.000 ns	     24996	80005738	0108ca33	xor	x20,x17,x16	 x17:0x00000000 x16:0xfffffc6c x20=0xfffffc6c
     249985.000 ns	     24997	8000573c	004d2eb3	slt	x29,x26,x4	 x26:0x00000000  x4:0x0001ffff x29=0x00000001
     250005.000 ns	     24999	80005740	29d912d3	fmax.s	f5,f18,f29	 f18:0x00000000 f29:0x4f04165c  f5=0x4f04165c
     250035.000 ns	     25002	80005744	a02a28d3	feq.s	x17,f20,f2	 f20:0x7fc00000  f2:0x3f800000 x17=0x00000000
     250065.000 ns	     25005	80005748	c01e98d3	fcvt.wu.s	x17,f29	 f29:0x4f04165c x17=0x84165c00
     250085.000 ns	     25007	8000574c	00e80633	add	x12,x16,x14	 x16:0xfffffc6c x14:0x00000000 x12=0xfffffc6c
     250445.000 ns	     25043	80005750	030447b3	div	x15,x8,x16	  x8:0xf1936e1b x16:0xfffffc6c x15=0x000407fc
     250475.000 ns	     25046	80005754	f0068753	fmv.w.x	f14,x13	 x13:0x00000000 f14=0x00000000
     250505.000 ns	     25049	80005758	a14e1653	flt.s	x12,f28,f20	 f28:0x4f17f6d4 f20:0x7fc00000 x12=0x00000000
     250525.000 ns	     25051	8000575c	9f713a93	sltiu	x21,x2,-1545	  x2:0x00000001 x21=0x00000001
     250545.000 ns	     25053	80005760	03a25733	divu	x14,x4,x26	  x4:0x0001ffff x26:0x00000000 x14=0xffffffff
     250565.000 ns	     25055	80005764	00d11233	sll	x4,x2,x13	  x2:0x00000001 x13:0x00000000  x4=0x00000001
     250585.000 ns	     25057	80005768	21c90653	fsgnj.s	f12,f18,f28	 f18:0x00000000 f28:0x4f17f6d4 f12=0x00000000
     250615.000 ns	     25060	8000576c	c00ec353	fcvt.w.s	x6,f29	 f29:0x4f04165c  x6=0x7fffffff
     250985.000 ns	     25097	80005770	0261df33	divu	x30,x3,x6	  x3:0xf1936e1b  x6:0x7fffffff x30=0x00000001
     251015.000 ns	     25100	80005774	c0149b53	fcvt.wu.s	x22,f9	  f9:0x80000000 x22=0x00000000
     251035.000 ns	     25102	80005778	552438b7	lui	x17,0x55243	 x17=0x55243000
     251045.000 ns	     25103	8000577c	3f2a3213	sltiu	x4,x20,1010	 x20:0xfffffc6c  x4=0x00000000
     251055.000 ns	     25104	80005780	018d1213	slli	x4,x26,0x18	 x26:0x00000000  x4=0x00000000
     251075.000 ns	     25106	80005784	c016a653	fcvt.wu.s	x12,f13	 f13:0x7fc00000 x12=0xffffffff
     251095.000 ns	     25108	80005788	00b39c13	slli	x24,x7,0xb	  x7:0x00000000 x24=0x00000000
     251115.000 ns	     25110	8000578c	e00d0b53	fmv.x.w	x22,f26	 f26:0x00000000 x22=0x00000000
     251135.000 ns	     25112	80005790	0075a133	slt	x2,x11,x7	 x11:0xf1936e1b  x7:0x00000000  x2=0x00000001
     251145.000 ns	     25113	80005794	401d5d13	srai	x26,x26,0x1	 x26:0x00000000 x26=0x00000000
     251155.000 ns	     25114	80005798	b2635397	auipc	x7,0xb2635	  x7=0x3263a798
     251165.000 ns	     25115	8000579c	0001a8b3	slt	x17,x3,x0	  x3:0xf1936e1b  x0:0x00000000 x17=0x00000001
     251195.000 ns	     25118	800057a0	1923f4d3	fdiv.s	f9,f7,f18	  f7:0x7fc00000 f18:0x00000000  f9=0x7fc00000
     251245.000 ns	     25123	800057a4	005f7ad3	fadd.s	f21,f30,f5	 f30:0x4f04165c  f5:0x4f04165c f21=0x4f84165c
     251265.000 ns	     25125	800057a8	00d14133	xor	x2,x2,x13	  x2:0x00000001 x13:0x00000000  x2=0x00000001
     251275.000 ns	     25126	800057ac	0026e0b3	or	x1,x13,x2	 x13:0x00000000  x2:0x00000001  x1=0x00000001
     251315.000 ns	     25130	800057b0	0095f653	fadd.s	f12,f11,f9	 f11:0x4efff7d5  f9:0x7fc00000 f12=0x7fc00000
     251345.000 ns	     25133	800057b4	29e295d3	fmax.s	f11,f5,f30	  f5:0x4f04165c f30:0x4f04165c f11=0x4f04165c
     251375.000 ns	     25136	800057b8	0383d133	divu	x2,x7,x24	  x7:0x3263a798 x24:0x00000000  x2=0xffffffff
     251395.000 ns	     25138	800057bc	0710c713	xori	x14,x1,113	  x1:0x00000001 x14=0x00000070
     251415.000 ns	     25140	800057c0	d017f153	fcvt.s.wu	f2,x15	 x15:0x000407fc  f2=0x4880ff80
     251445.000 ns	     25143	800057c4	d0197dd3	fcvt.s.wu	f27,x18	 x18:0xf1936e1b f27=0x4f71936e
     251465.000 ns	     25145	800057c8	41268033	sub	x0,x13,x18	 x13:0x00000000 x18:0xf1936e1b
     251485.000 ns	     25147	800057cc	f0080753	fmv.w.x	f14,x16	 x16:0xfffffc6c f14=0xfffffc6c
     251515.000 ns	     25150	800057d0	03acc333	div	x6,x25,x26	 x25:0x00000000 x26:0x00000000  x6=0xffffffff
     251885.000 ns	     25187	800057d4	032aca33	div	x20,x21,x18	 x21:0x00000001 x18:0xf1936e1b x20=0x00000000
     251915.000 ns	     25190	800057d8	037506b3	mul	x13,x10,x23	 x10:0x00000000 x23:0x80040fe4 x13=0x00000000
     251945.000 ns	     25193	800057dc	c00bbd53	fcvt.w.s	x26,f23	 f23:0x4f04165c x26=0x7fffffff
     251965.000 ns	     25195	800057e0	00771e93	slli	x29,x14,0x7	 x14:0x00000070 x29=0x00003800
     251985.000 ns	     25197	800057e4	f0038ad3	fmv.w.x	f21,x7	  x7:0x3263a798 f21=0x3263a798
     252005.000 ns	     25199	800057e8	00736d33	or	x26,x6,x7	  x6:0xffffffff  x7:0x3263a798 x26=0xffffffff
     252015.000 ns	     25200	800057ec	01fde433	or	x8,x27,x31	 x27:0xf1936e1b x31:0x00000000  x8=0xf1936e1b
     252025.000 ns	     25201	800057f0	912c8793	addi	x15,x25,-1774	 x25:0x00000000 x15=0xfffff912
     252045.000 ns	     25203	800057f4	e00c1653	fclass.s	x12,f24	 f24:0xcc91e091 x12=0x00000002
     252085.000 ns	     25207	800057f8	105f72d3	fmul.s	f5,f30,f5	 f30:0x4f04165c  f5:0x4f04165c  f5=0x5e884e22
     252115.000 ns	     25210	800057fc	038921b3	mulhsu	x3,x18,x24	 x18:0xf1936e1b x24:0x00000000  x3=0x00000000
     252135.000 ns	     25212	80005800	01dd8233	add	x4,x27,x29	 x27:0xf1936e1b x29:0x00003800  x4=0xf193a61b
     252155.000 ns	     25214	80005804	c00ff0d3	fcvt.w.s	x1,f31	 f31:0x80000000  x1=0x00000000
     252185.000 ns	     25217	80005808	a0a48ed3	fle.s	x29,f9,f10	  f9:0x7fc00000 f10:0x80000000 x29=0x00000000
     252215.000 ns	     25220	8000580c	a1f10353	fle.s	x6,f2,f31	  f2:0x4880ff80 f31:0x80000000  x6=0x00000000
     252245.000 ns	     25223	80005810	023e0d33	mul	x26,x28,x3	 x28:0x80041024  x3:0x00000000 x26=0x00000000
     252275.000 ns	     25226	80005814	287e9e53	fmax.s	f28,f29,f7	 f29:0x4f04165c  f7:0x7fc00000 f28=0x4f04165c
     252305.000 ns	     25229	80005818	d0093cd3	fcvt.s.w	f25,x18	 x18:0xf1936e1b f25=0xcd66c91f
     252325.000 ns	     25231	8000581c	6d3a6813	ori	x16,x20,1747	 x20:0x00000000 x16=0x000006d3
     252345.000 ns	     25233	80005820	c0142153	fcvt.wu.s	x2,f8	  f8:0x80000000  x2=0x00000000
     252375.000 ns	     25236	80005824	023bd933	divu	x18,x23,x3	 x23:0x80040fe4  x3:0x00000000 x18=0xffffffff
     252405.000 ns	     25239	80005828	02046833	rem	x16,x8,x0	  x8:0xf1936e1b  x0:0x00000000 x16=0xf1936e1b
     252455.000 ns	     25244	8000582c	012997d3	fadd.s	f15,f19,f18	 f19:0xcf04165c f18:0x00000000 f15=0xcf04165c
     252475.000 ns	     25246	80005830	014ef433	and	x8,x29,x20	 x29:0x00000000 x20:0x00000000  x8=0x00000000
     252485.000 ns	     25247	80005834	00dfb533	sltu	x10,x31,x13	 x31:0x00000000 x13:0x00000000 x10=0x00000000
     252505.000 ns	     25249	80005838	f00f8ad3	fmv.w.x	f21,x31	 x31:0x00000000 f21=0x00000000
     252535.000 ns	     25252	8000583c	0206d8b3	divu	x17,x13,x0	 x13:0x00000000  x0:0x00000000 x17=0xffffffff
     252565.000 ns	     25255	80005840	030d0433	mul	x8,x26,x16	 x26:0x00000000 x16:0xf1936e1b  x8=0x00000000
     252585.000 ns	     25257	80005844	0068feb3	and	x29,x17,x6	 x17:0xffffffff  x6:0x00000000 x29=0x00000000
     252595.000 ns	     25258	80005848	0038eab3	or	x21,x17,x3	 x17:0xffffffff  x3:0x00000000 x21=0xffffffff
     252615.000 ns	     25260	8000584c	201b24d3	fsgnjx.s	f9,f22,f1	 f22:0xbf800000  f1:0x00000000  f9=0xbf800000
     252645.000 ns	     25263	80005850	20010d53	fsgnj.s	f26,f2,f0	  f2:0x4880ff80  f0:0x4f04165c f26=0x4880ff80
     252665.000 ns	     25265	80005854	00318c33	add	x24,x3,x3	  x3:0x00000000  x3:0x00000000 x24=0x00000000
     252675.000 ns	     25266	80005858	0d1baf13	slti	x30,x23,209	 x23:0x80040fe4 x30=0x00000001
     252695.000 ns	     25268	8000585c	037cb6b3	mulhu	x13,x25,x23	 x25:0x00000000 x23:0x80040fe4 x13=0x00000000
     252715.000 ns	     25270	80005860	00000013	addi	x0,x0,0	  x0:0x00000000
     252735.000 ns	     25272	80005864	e00d93d3	fclass.s	x7,f27	 f27:0x4f71936e  x7=0x00000040
     252755.000 ns	     25274	80005868	4781c393	xori	x7,x3,1144	  x3:0x00000000  x7=0x00000478
     252775.000 ns	     25276	8000586c	e0030c53	fmv.x.w	x24,f6	  f6:0x4f04165c x24=0x4f04165c
     252795.000 ns	     25278	80005870	71442513	slti	x10,x8,1812	  x8:0x00000000 x10=0x00000001
     252815.000 ns	     25280	80005874	21221ed3	fsgnjn.s	f29,f4,f18	  f4:0x7fc00000 f18:0x00000000 f29=0xffc00000
     252835.000 ns	     25282	80005878	18434b13	xori	x22,x6,388	  x6:0x00000000 x22=0x00000184
     252845.000 ns	     25283	8000587c	00000013	addi	x0,x0,0	  x0:0x00000000
     252865.000 ns	     25285	80005880	213b09d3	fsgnj.s	f19,f22,f19	 f22:0xbf800000 f19:0xcf04165c f19=0xbf800000
     252895.000 ns	     25288	80005884	d016c453	fcvt.s.wu	f8,x13	 x13:0x00000000  f8=0x00000000
     252945.000 ns	     25293	80005888	09a542d3	fsub.s	f5,f10,f26	 f10:0x80000000 f26:0x4880ff80  f5=0xc880ff80
     252965.000 ns	     25295	8000588c	00000013	addi	x0,x0,0	  x0:0x00000000
     252985.000 ns	     25297	80005890	c0089953	fcvt.w.s	x18,f17	 f17:0x80000000 x18=0x00000000
     253015.000 ns	     25300	80005894	e00f8953	fmv.x.w	x18,f31	 f31:0x80000000 x18=0x80000000
     253035.000 ns	     25302	80005898	005dd693	srli	x13,x27,0x5	 x27:0xf1936e1b x13=0x078c9b70
     253065.000 ns	     25305	8000589c	10f01453	fmul.s	f8,f0,f15	  f0:0x4f04165c f15:0xcf04165c  f8=0xde884e21
     253095.000 ns	     25308	800058a0	a0672653	feq.s	x12,f14,f6	 f14:0xfffffc6c  f6:0x4f04165c x12=0x00000000
     253115.000 ns	     25310	800058a4	9ec5c013	xori	x0,x11,-1556	 x11:0xf1936e1b
     253135.000 ns	     25312	800058a8	2135ac53	fsgnjx.s	f24,f11,f19	 f11:0x4f04165c f19:0xbf800000 f24=0xcf04165c
     253155.000 ns	     25314	800058ac	00284733	xor	x14,x16,x2	 x16:0xf1936e1b  x2:0x00000000 x14=0xf1936e1b
     253175.000 ns	     25316	800058b0	020820b3	mulhsu	x1,x16,x0	 x16:0xf1936e1b  x0:0x00000000  x1=0x00000000
     253205.000 ns	     25319	800058b4	e0099fd3	fclass.s	x31,f19	 f19:0xbf800000 x31=0x00000002
     253235.000 ns	     25322	800058b8	29db0dd3	fmin.s	f27,f22,f29	 f22:0xbf800000 f29:0xffc00000 f27=0xbf800000
     253285.000 ns	     25327	800058bc	0952c4d3	fsub.s	f9,f5,f21	  f5:0xc880ff80 f21:0x00000000  f9=0xc880ff80
     253315.000 ns	     25330	800058c0	028d12b3	mulh	x5,x26,x8	 x26:0x00000000  x8:0x00000000  x5=0x00000000
     253335.000 ns	     25332	800058c4	402e8b33	sub	x22,x29,x2	 x29:0x00000000  x2:0x00000000 x22=0x00000000
     253355.000 ns	     25334	800058c8	d00fabd3	fcvt.s.w	f23,x31	 x31:0x00000002 f23=0x40000000
     253375.000 ns	     25336	800058cc	01e9c7b3	xor	x15,x19,x30	 x19:0x00000000 x30:0x00000001 x15=0x00000001
     253395.000 ns	     25338	800058d0	0209c133	div	x2,x19,x0	 x19:0x00000000  x0:0x00000000  x2=0xffffffff
     253415.000 ns	     25340	800058d4	017d9493	slli	x9,x27,0x17	 x27:0xf1936e1b  x9=0x0d800000
     253425.000 ns	     25341	800058d8	01951c93	slli	x25,x10,0x19	 x10:0x00000001 x25=0x02000000
     253435.000 ns	     25342	800058dc	01f629b3	slt	x19,x12,x31	 x12:0x00000000 x31:0x00000002 x19=0x00000001
     253445.000 ns	     25343	800058e0	416f5313	srai	x6,x30,0x16	 x30:0x00000001  x6=0x00000000
     253455.000 ns	     25344	800058e4	01805693	srli	x13,x0,0x18	  x0:0x00000000 x13=0x00000000
     253475.000 ns	     25346	800058e8	e00398d3	fclass.s	x17,f7	  f7:0x7fc00000 x17=0x00000200
     253495.000 ns	     25348	800058ec	9ee8ed13	ori	x26,x17,-1554	 x17:0xffffffff x26=0xfffffbee
     253505.000 ns	     25349	800058f0	006e1793	slli	x15,x28,0x6	 x28:0x80041024 x15=0x01040900
     253515.000 ns	     25350	800058f4	01d6f133	and	x2,x13,x29	 x13:0x00000000 x29:0x00000000  x2=0x00000000
     253875.000 ns	     25386	800058f8	03307cb3	remu	x25,x0,x19	  x0:0x00000000 x19:0x00000001 x25=0x00000000
     253905.000 ns	     25389	800058fc	023ba733	mulhsu	x14,x23,x3	 x23:0x80040fe4  x3:0x00000000 x14=0x00000000
     253935.000 ns	     25392	80005900	c00d87d3	fcvt.w.s	x15,f27	 f27:0xbf800000 x15=0xffffffff
     253965.000 ns	     25395	80005904	022e4733	div	x14,x28,x2	 x28:0x80041024  x2:0x00000000 x14=0xffffffff
     254015.000 ns	     25400	80005908	01977fd3	fadd.s	f31,f14,f25	 f14:0xfffffc6c f25:0xcd66c91f f31=0x7fc00000
     254045.000 ns	     25403	8000590c	a0c42f53	feq.s	x30,f8,f12	  f8:0xde884e21 f12:0x7fc00000 x30=0x00000000
     254065.000 ns	     25405	80005910	01d28033	add	x0,x5,x29	  x5:0x00000000 x29:0x00000000
     254085.000 ns	     25407	80005914	c013f853	fcvt.wu.s	x16,f7	  f7:0x7fc00000 x16=0xffffffff
     254105.000 ns	     25409	80005918	01f8a193	slti	x3,x17,31	 x17:0x00000200  x3=0x00000000
     254115.000 ns	     25410	8000591c	002fa0b3	slt	x1,x31,x2	 x31:0x00000002  x2:0x00000000  x1=0x00000000
     254125.000 ns	     25411	80005920	3a909997	auipc	x19,0x3a909	 x19=0xba90e920
     254135.000 ns	     25412	80005924	fe9c4213	xori	x4,x24,-23	 x24:0x4f04165c  x4=0xb0fbe9b5
     254145.000 ns	     25413	80005928	0141de93	srli	x29,x3,0x14	  x3:0x00000000 x29=0x00000000
     254505.000 ns	     25449	8000592c	03a8e4b3	rem	x9,x17,x26	 x17:0x00000200 x26:0xfffffbee  x9=0x00000200
     254535.000 ns	     25452	80005930	212ca753	fsgnjx.s	f14,f25,f18	 f25:0xcd66c91f f18:0x00000000 f14=0xcd66c91f
     254565.000 ns	     25455	80005934	020589b3	mul	x19,x11,x0	 x11:0xf1936e1b  x0:0x00000000 x19=0x00000000
     254585.000 ns	     25457	80005938	00011f13	slli	x30,x2,0x0	  x2:0x00000000 x30=0x00000000
     254945.000 ns	     25493	8000593c	03107333	remu	x6,x0,x17	  x0:0x00000000 x17:0x00000200  x6=0x00000000
     254965.000 ns	     25495	80005940	00dc86b3	add	x13,x25,x13	 x25:0x00000000 x13:0x00000000 x13=0x00000000
     254985.000 ns	     25497	80005944	29d09353	fmax.s	f6,f1,f29	  f1:0x00000000 f29:0xffc00000  f6=0x00000000
     255005.000 ns	     25499	80005948	00000013	addi	x0,x0,0	  x0:0x00000000
     255015.000 ns	     25500	8000594c	00cc62b3	or	x5,x24,x12	 x24:0x4f04165c x12:0x00000000  x5=0x4f04165c
     255025.000 ns	     25501	80005950	41ded413	srai	x8,x29,0x1d	 x29:0x00000000  x8=0x00000000
     255035.000 ns	     25502	80005954	01937333	and	x6,x6,x25	  x6:0x00000000 x25:0x00000000  x6=0x00000000
     255065.000 ns	     25505	80005958	580b7ed3	fsqrt.s	f29,f22	 f22:0xbf800000 f29=0x7fc00000
     255095.000 ns	     25508	8000595c	29f89253	fmax.s	f4,f17,f31	 f17:0x80000000 f31:0x7fc00000  f4=0x80000000
     255115.000 ns	     25510	80005960	005a95b3	sll	x11,x21,x5	 x21:0xffffffff  x5:0x4f04165c x11=0xf0000000
     255125.000 ns	     25511	80005964	0011d7b3	srl	x15,x3,x1	  x3:0x00000000  x1:0x00000000 x15=0x00000000
     255145.000 ns	     25513	80005968	022124b3	mulhsu	x9,x2,x2	  x2:0x00000000  x2:0x00000000  x9=0x00000000
     255175.000 ns	     25516	8000596c	c0014253	fcvt.w.s	x4,f2	  f2:0x4880ff80  x4=0x000407fc
     255205.000 ns	     25519	80005970	209ba453	fsgnjx.s	f8,f23,f9	 f23:0x40000000  f9:0xc880ff80  f8=0xc0000000
     255575.000 ns	     25556	80005974	03ce57b3	divu	x15,x28,x28	 x28:0x80041024 x28:0x80041024 x15=0x00000001
     255615.000 ns	     25560	80005978	19a64453	fdiv.s	f8,f12,f26	 f12:0x7fc00000 f26:0x4880ff80  f8=0x7fc00000
     255645.000 ns	     25563	8000597c	034496b3	mulh	x13,x9,x20	  x9:0x00000000 x20:0x00000000 x13=0x00000000
     255675.000 ns	     25566	80005980	d00f45d3	fcvt.s.w	f11,x30	 x30:0x00000000 f11=0x00000000
     255695.000 ns	     25568	80005984	01695593	srli	x11,x18,0x16	 x18:0x80000000 x11=0x00000200
     255725.000 ns	     25571	80005988	18444653	fdiv.s	f12,f8,f4	  f8:0x7fc00000  f4:0x80000000 f12=0x7fc00000
     255755.000 ns	     25574	8000598c	216e9153	fsgnjn.s	f2,f29,f22	 f29:0x7fc00000 f22:0xbf800000  f2=0x7fc00000
     255775.000 ns	     25576	80005990	4136dc33	sra	x24,x13,x19	 x13:0x00000000 x19:0x00000000 x24=0x00000000
     255795.000 ns	     25578	80005994	207a16d3	fsgnjn.s	f13,f20,f7	 f20:0x7fc00000  f7:0x7fc00000 f13=0xffc00000
     255815.000 ns	     25580	80005998	07c57c93	andi	x25,x10,124	 x10:0x00000001 x25=0x00000000
     255825.000 ns	     25581	8000599c	4630c513	xori	x10,x1,1123	  x1:0x00000000 x10=0x00000463
     255845.000 ns	     25583	800059a0	212e0653	fsgnj.s	f12,f28,f18	 f28:0x4f04165c f18:0x00000000 f12=0x4f04165c
     255865.000 ns	     25585	800059a4	00427fb3	and	x31,x4,x4	  x4:0x000407fc  x4:0x000407fc x31=0x000407fc
     256225.000 ns	     25621	800059a8	0325e1b3	rem	x3,x11,x18	 x11:0x00000200 x18:0x80000000  x3=0x00000200
     256255.000 ns	     25624	800059ac	a1960b53	fle.s	x22,f12,f25	 f12:0x4f04165c f25:0xcd66c91f x22=0x00000000
     256275.000 ns	     25626	800059b0	ed0e6013	ori	x0,x28,-304	 x28:0x80041024
     256285.000 ns	     25627	800059b4	9d0de713	ori	x14,x27,-1584	 x27:0xf1936e1b x14=0xffffffdb
     256305.000 ns	     25629	800059b8	f00508d3	fmv.w.x	f17,x10	 x10:0x00000463 f17=0x00000463
     256335.000 ns	     25632	800059bc	a13fa7d3	feq.s	x15,f31,f19	 f31:0x7fc00000 f19:0xbf800000 x15=0x00000000
     256385.000 ns	     25637	800059c0	08b13e53	fsub.s	f28,f2,f11	  f2:0x7fc00000 f11:0x00000000 f28=0x7fc00000
     256415.000 ns	     25640	800059c4	03b220b3	mulhsu	x1,x4,x27	  x4:0x000407fc x27:0xf1936e1b  x1=0x0003cdd6
     256465.000 ns	     25645	800059c8	0820fed3	fsub.s	f29,f1,f2	  f1:0x00000000  f2:0x7fc00000 f29=0x7fc00000
     256495.000 ns	     25648	800059cc	c003f053	fcvt.w.s	x0,f7	  f7:0x7fc00000
     256525.000 ns	     25651	800059d0	a02eaad3	feq.s	x21,f29,f2	 f29:0x7fc00000  f2:0x7fc00000 x21=0x00000000
     256545.000 ns	     25653	800059d4	0105fd33	and	x26,x11,x16	 x11:0x00000200 x16:0xffffffff x26=0x00000200
     256555.000 ns	     25654	800059d8	003eef33	or	x30,x29,x3	 x29:0x00000000  x3:0x00000200 x30=0x00000200
     256565.000 ns	     25655	800059dc	00b01ab3	sll	x21,x0,x11	  x0:0x00000000 x11:0x00000200 x21=0x00000000
     256575.000 ns	     25656	800059e0	0093d3b3	srl	x7,x7,x9	  x7:0x00000478  x9:0x00000000  x7=0x00000478
     256585.000 ns	     25657	800059e4	fb8b6497	auipc	x9,0xfb8b6	  x9=0x7b8bb9e4
     256945.000 ns	     25693	800059e8	02a1d5b3	divu	x11,x3,x10	  x3:0x00000200 x10:0x00000463 x11=0x00000000
     256965.000 ns	     25695	800059ec	01cc48b3	xor	x17,x24,x28	 x24:0x00000000 x28:0x80041024 x17=0x80041024
     256975.000 ns	     25696	800059f0	00228033	add	x0,x5,x2	  x5:0x4f04165c  x2:0x00000000
     256985.000 ns	     25697	800059f4	01c09413	slli	x8,x1,0x1c	  x1:0x0003cdd6  x8=0x60000000
     256995.000 ns	     25698	800059f8	d4213993	sltiu	x19,x2,-702	  x2:0x00000000 x19=0x00000001
     257005.000 ns	     25699	800059fc	00000013	addi	x0,x0,0	  x0:0x00000000
     257015.000 ns	     25700	80005a00	e1426293	ori	x5,x4,-492	  x4:0x000407fc  x5=0xfffffffc
     257025.000 ns	     25701	80005a04	017e52b3	srl	x5,x28,x23	 x28:0x80041024 x23:0x80040fe4  x5=0x08004102
     257035.000 ns	     25702	80005a08	f9473f37	lui	x30,0xf9473	 x30=0xf9473000
     257055.000 ns	     25704	80005a0c	02d7cb33	div	x22,x15,x13	 x15:0x00000000 x13:0x00000000 x22=0xffffffff
     257085.000 ns	     25707	80005a10	a0ad1fd3	flt.s	x31,f26,f10	 f26:0x4880ff80 f10:0x80000000 x31=0x00000000
     257105.000 ns	     25709	80005a14	71a4e313	ori	x6,x9,1818	  x9:0x7b8bb9e4  x6=0x7b8bbffe
     257125.000 ns	     25711	80005a18	a16585d3	fle.s	x11,f11,f22	 f11:0x00000000 f22:0xbf800000 x11=0x00000000
     257155.000 ns	     25714	80005a1c	206c8253	fsgnj.s	f4,f25,f6	 f25:0xcd66c91f  f6:0x00000000  f4=0x4d66c91f
     257175.000 ns	     25716	80005a20	01065713	srli	x14,x12,0x10	 x12:0x00000000 x14=0x00000000
     257185.000 ns	     25717	80005a24	56257913	andi	x18,x10,1378	 x10:0x00000463 x18=0x00000462
     257205.000 ns	     25719	80005a28	d01df5d3	fcvt.s.wu	f11,x27	 x27:0xf1936e1b f11=0x4f71936e
     257575.000 ns	     25756	80005a2c	0281d6b3	divu	x13,x3,x8	  x3:0x00000200  x8:0x60000000 x13=0x00000000
     257595.000 ns	     25758	80005a30	019c27b3	slt	x15,x24,x25	 x24:0x00000000 x25:0x00000000 x15=0x00000000
     257605.000 ns	     25759	80005a34	01bf03b3	add	x7,x30,x27	 x30:0xf9473000 x27:0xf1936e1b  x7=0xeada9e1b
     257615.000 ns	     25760	80005a38	00c5c8b3	xor	x17,x11,x12	 x11:0x00000000 x12:0x00000000 x17=0x00000000
     257635.000 ns	     25762	80005a3c	e00c9ad3	fclass.s	x21,f25	 f25:0xcd66c91f x21=0x00000002
     257665.000 ns	     25765	80005a40	f00300d3	fmv.w.x	f1,x6	  x6:0x7b8bbffe  f1=0x7b8bbffe
     257685.000 ns	     25767	80005a44	60348613	addi	x12,x9,1539	  x9:0x7b8bb9e4 x12=0x7b8bbfe7
     257705.000 ns	     25769	80005a48	0324bb33	mulhu	x22,x9,x18	  x9:0x7b8bb9e4 x18:0x00000462 x22=0x0000021d
     257735.000 ns	     25772	80005a4c	d010c153	fcvt.s.wu	f2,x1	  x1:0x0003cdd6  f2=0x48737580
     257755.000 ns	     25774	80005a50	407a01b3	sub	x3,x20,x7	 x20:0x00000000  x7:0xeada9e1b  x3=0x152561e5
     257775.000 ns	     25776	80005a54	034be833	rem	x16,x23,x20	 x23:0x80040fe4 x20:0x00000000 x16=0x80040fe4
     257825.000 ns	     25781	80005a58	00b2cd53	fadd.s	f26,f5,f11	  f5:0xc880ff80 f11:0x4f71936e f26=0x4f718f66
     257845.000 ns	     25783	80005a5c	c1bbe913	ori	x18,x23,-997	 x23:0x80040fe4 x18=0xffffffff
     257855.000 ns	     25784	80005a60	5c7f0a93	addi	x21,x30,1479	 x30:0xf9473000 x21=0xf94735c7
     257875.000 ns	     25786	80005a64	d01dac53	fcvt.s.wu	f24,x27	 x27:0xf1936e1b f24=0x4f71936f
     257895.000 ns	     25788	80005a68	009c5433	srl	x8,x24,x9	 x24:0x00000000  x9:0x7b8bb9e4  x8=0x00000000
     257915.000 ns	     25790	80005a6c	03d53f33	mulhu	x30,x10,x29	 x10:0x00000463 x29:0x00000000 x30=0x00000000
     257935.000 ns	     25792	80005a70	2e0b0293	addi	x5,x22,736	 x22:0x0000021d  x5=0x000004fd
     257945.000 ns	     25793	80005a74	008e00b3	add	x1,x28,x8	 x28:0x80041024  x8:0x00000000  x1=0x80041024
     257955.000 ns	     25794	80005a78	01371193	slli	x3,x14,0x13	 x14:0x00000000  x3=0x00000000
     257965.000 ns	     25795	80005a7c	1daab693	sltiu	x13,x21,474	 x21:0xf94735c7 x13=0x00000000
     257975.000 ns	     25796	80005a80	00000013	addi	x0,x0,0	  x0:0x00000000
     257985.000 ns	     25797	80005a84	00f8b4b3	sltu	x9,x17,x15	 x17:0x00000000 x15:0x00000000  x9=0x00000000
     257995.000 ns	     25798	80005a88	b2063413	sltiu	x8,x12,-1248	 x12:0x7b8bbfe7  x8=0x00000001
     258015.000 ns	     25800	80005a8c	21559053	fsgnjn.s	f0,f11,f21	 f11:0x4f71936e f21:0x00000000  f0=0xcf71936e
     258045.000 ns	     25803	80005a90	c000f853	fcvt.w.s	x16,f1	  f1:0x7b8bbffe x16=0x7fffffff
     258075.000 ns	     25806	80005a94	023ec9b3	div	x19,x29,x3	 x29:0x00000000  x3:0x00000000 x19=0xffffffff
     258105.000 ns	     25809	80005a98	28058bd3	fmin.s	f23,f11,f0	 f11:0x4f71936e  f0:0xcf71936e f23=0xcf71936e
     258155.000 ns	     25814	80005a9c	09eec653	fsub.s	f12,f29,f30	 f29:0x7fc00000 f30:0x4f04165c f12=0x7fc00000
     258175.000 ns	     25816	80005aa0	32b8f293	andi	x5,x17,811	 x17:0x00000000  x5=0x00000000
     258535.000 ns	     25852	80005aa4	02ab42b3	div	x5,x22,x10	 x22:0x0000021d x10:0x00000463  x5=0x00000000
     258565.000 ns	     25855	80005aa8	0371b7b3	mulhu	x15,x3,x23	  x3:0x00000000 x23:0x80040fe4 x15=0x00000000
     258585.000 ns	     25857	80005aac	9b5f6417	auipc	x8,0x9b5f6	  x8=0x1b5fbaac
     258615.000 ns	     25860	80005ab0	188513d3	fdiv.s	f7,f10,f8	 f10:0x80000000  f8:0x7fc00000  f7=0x7fc00000
     258645.000 ns	     25863	80005ab4	a1e286d3	fle.s	x13,f5,f30	  f5:0xc880ff80 f30:0x4f04165c x13=0x00000001
     258675.000 ns	     25866	80005ab8	c0168153	fcvt.wu.s	x2,f13	 f13:0xffc00000  x2=0xffffffff
     259045.000 ns	     25903	80005abc	02aad733	divu	x14,x21,x10	 x21:0xf94735c7 x10:0x00000463 x14=0x0038d35e
     259065.000 ns	     25905	80005ac0	00000013	addi	x0,x0,0	  x0:0x00000000
     259075.000 ns	     25906	80005ac4	00000013	addi	x0,x0,0	  x0:0x00000000
     259085.000 ns	     25907	80005ac8	40408833	sub	x16,x1,x4	  x1:0x80041024  x4:0x000407fc x16=0x80000828
     259095.000 ns	     25908	80005acc	001ae6b3	or	x13,x21,x1	 x21:0xf94735c7  x1:0x80041024 x13=0xf94735e7
     259115.000 ns	     25910	80005ad0	c01baad3	fcvt.wu.s	x21,f23	 f23:0xcf71936e x21=0xf1936e00
     259485.000 ns	     25947	80005ad4	03c9f5b3	remu	x11,x19,x28	 x19:0xffffffff x28:0x80041024 x11=0x7ffbefdb
     259515.000 ns	     25950	80005ad8	a0c5a9d3	feq.s	x19,f11,f12	 f11:0x4f71936e f12:0x7fc00000 x19=0x00000000
     259535.000 ns	     25952	80005adc	00b984b3	add	x9,x19,x11	 x19:0xffffffff x11:0x7ffbefdb  x9=0x7ffbefdb
     259545.000 ns	     25953	80005ae0	01de5493	srli	x9,x28,0x1d	 x28:0x80041024  x9=0x00000004
     259565.000 ns	     25955	80005ae4	f00c80d3	fmv.w.x	f1,x25	 x25:0x00000000  f1=0x00000000
     259615.000 ns	     25960	80005ae8	01ce3f53	fadd.s	f30,f28,f28	 f28:0x7fc00000 f28:0x7fc00000 f30=0x7fc00000
     259635.000 ns	     25962	80005aec	000c2033	slt	x0,x24,x0	 x24:0x00000000  x0:0x00000000
     259655.000 ns	     25964	80005af0	034bff33	remu	x30,x23,x20	 x23:0x80040fe4 x20:0x00000000 x30=0x80040fe4
     259675.000 ns	     25966	80005af4	40205993	srai	x19,x0,0x2	  x0:0x00000000 x19=0x00000000
     259685.000 ns	     25967	80005af8	0070d613	srli	x12,x1,0x7	  x1:0x80041024 x12=0x01000820
     259695.000 ns	     25968	80005afc	56a87237	lui	x4,0x56a87	  x4=0x56a87000
     259725.000 ns	     25971	80005b00	11f67053	fmul.s	f0,f12,f31	 f12:0x7fc00000 f31:0x7fc00000  f0=0x7fc00000
     259745.000 ns	     25973	80005b04	017f9613	slli	x12,x31,0x17	 x31:0x00000000 x12=0x00000000
     259785.000 ns	     25977	80005b08	018ef5d3	fadd.s	f11,f29,f24	 f29:0x7fc00000 f24:0x4f71936f f11=0x7fc00000
     259825.000 ns	     25981	80005b0c	580bcad3	fsqrt.s	f21,f23	 f23:0xcf71936e f21=0x7fc00000
     259855.000 ns	     25984	80005b10	28870e53	fmin.s	f28,f14,f8	 f14:0xcd66c91f  f8:0x7fc00000 f28=0xcd66c91f
     259875.000 ns	     25986	80005b14	41c9d113	srai	x2,x19,0x1c	 x19:0x00000000  x2=0x00000000
     259885.000 ns	     25987	80005b18	00171193	slli	x3,x14,0x1	 x14:0x0038d35e  x3=0x0071a6bc
     259905.000 ns	     25989	80005b1c	206d12d3	fsgnjn.s	f5,f26,f6	 f26:0x4f718f66  f6:0x00000000  f5=0xcf718f66
     259955.000 ns	     25994	80005b20	09c774d3	fsub.s	f9,f14,f28	 f14:0xcd66c91f f28:0xcd66c91f  f9=0x00000000
     259975.000 ns	     25996	80005b24	008770b3	and	x1,x14,x8	 x14:0x0038d35e  x8:0x1b5fbaac  x1=0x0018920c
     259995.000 ns	     25998	80005b28	29799153	fmax.s	f2,f19,f23	 f19:0xbf800000 f23:0xcf71936e  f2=0xbf800000
     260025.000 ns	     26001	80005b2c	a0bf13d3	flt.s	x7,f30,f11	 f30:0x7fc00000 f11:0x7fc00000  x7=0x00000000
     260045.000 ns	     26003	80005b30	0e38bc13	sltiu	x24,x17,227	 x17:0x00000000 x24=0x00000001
     260065.000 ns	     26005	80005b34	a0f22ad3	feq.s	x21,f4,f15	  f4:0x4d66c91f f15:0xcf04165c x21=0x00000000
     260095.000 ns	     26008	80005b38	a0d39ed3	flt.s	x29,f7,f13	  f7:0x7fc00000 f13:0xffc00000 x29=0x00000000
     260125.000 ns	     26011	80005b3c	d016f5d3	fcvt.s.wu	f11,x13	 x13:0xf94735e7 f11=0x4f794735
     260155.000 ns	     26014	80005b40	02392033	mulhsu	x0,x18,x3	 x18:0xffffffff  x3:0x0071a6bc
     260205.000 ns	     26019	80005b44	08b97bd3	fsub.s	f23,f18,f11	 f18:0x00000000 f11:0x4f794735 f23=0xcf794735
     260255.000 ns	     26024	80005b48	09057153	fsub.s	f2,f10,f16	 f10:0x80000000 f16:0x80000000  f2=0x00000000
     260285.000 ns	     26027	80005b4c	20149fd3	fsgnjn.s	f31,f9,f1	  f9:0x00000000  f1:0x00000000 f31=0x80000000
     260315.000 ns	     26030	80005b50	d000fc53	fcvt.s.w	f24,x1	  x1:0x0018920c f24=0x49c49060
     260345.000 ns	     26033	80005b54	20592ad3	fsgnjx.s	f21,f18,f5	 f18:0x00000000  f5:0xcf718f66 f21=0x80000000
     260365.000 ns	     26035	80005b58	01144933	xor	x18,x8,x17	  x8:0x1b5fbaac x17:0x00000000 x18=0x1b5fbaac
     260385.000 ns	     26037	80005b5c	e00b1b53	fclass.s	x22,f22	 f22:0xbf800000 x22=0x00000002
     260415.000 ns	     26040	80005b60	d016f7d3	fcvt.s.wu	f15,x13	 x13:0xf94735e7 f15=0x4f794735
     260445.000 ns	     26043	80005b64	e0008fd3	fmv.x.w	x31,f1	  f1:0x00000000 x31=0x00000000
     260475.000 ns	     26046	80005b68	d015ac53	fcvt.s.wu	f24,x11	 x11:0x7ffbefdb f24=0x4efff7e0
     260505.000 ns	     26049	80005b6c	035be233	rem	x4,x23,x21	 x23:0x80040fe4 x21:0x00000000  x4=0x80040fe4
     260535.000 ns	     26052	80005b70	28da9753	fmax.s	f14,f21,f13	 f21:0x80000000 f13:0xffc00000 f14=0x80000000
     260565.000 ns	     26055	80005b74	20e31753	fsgnjn.s	f14,f6,f14	  f6:0x00000000 f14:0xcd66c91f f14=0x00000000
     260595.000 ns	     26058	80005b78	285c0353	fmin.s	f6,f24,f5	 f24:0x4efff7e0  f5:0xcf718f66  f6=0xcf718f66
     260615.000 ns	     26060	80005b7c	5a407f13	andi	x30,x0,1444	  x0:0x00000000 x30=0x00000000
     260635.000 ns	     26062	80005b80	02880b33	mul	x22,x16,x8	 x16:0x80000828  x8:0x1b5fbaac x22=0x44ca8ae0
     260655.000 ns	     26064	80005b84	41380c33	sub	x24,x16,x19	 x16:0x80000828 x19:0x00000000 x24=0x80000828
     260695.000 ns	     26068	80005b88	01f9b9d3	fadd.s	f19,f19,f31	 f19:0xbf800000 f31:0x80000000 f19=0xbf800000
     260715.000 ns	     26070	80005b8c	015fd833	srl	x16,x31,x21	 x31:0x00000000 x21:0x00000000 x16=0x00000000
     260735.000 ns	     26072	80005b90	d009f953	fcvt.s.w	f18,x19	 x19:0x00000000 f18=0x00000000
     260755.000 ns	     26074	80005b94	00461f33	sll	x30,x12,x4	 x12:0x00000000  x4:0x80040fe4 x30=0x00000000
     260765.000 ns	     26075	80005b98	01d51b13	slli	x22,x10,0x1d	 x10:0x00000463 x22=0x60000000
     260775.000 ns	     26076	80005b9c	0192a533	slt	x10,x5,x25	  x5:0x00000000 x25:0x00000000 x10=0x00000000
     260795.000 ns	     26078	80005ba0	d00d8553	fcvt.s.w	f10,x27	 x27:0xf1936e1b f10=0xcd66c91e
     260845.000 ns	     26083	80005ba4	09798bd3	fsub.s	f23,f19,f23	 f19:0xbf800000 f23:0xcf794735 f23=0x4f794735
     260865.000 ns	     26085	80005ba8	00a9afb3	slt	x31,x19,x10	 x19:0x00000000 x10:0x00000000 x31=0x00000000
     260885.000 ns	     26087	80005bac	02f8dcb3	divu	x25,x17,x15	 x17:0x00000000 x15:0x00000000 x25=0xffffffff
     260915.000 ns	     26090	80005bb0	2143a4d3	fsgnjx.s	f9,f7,f20	  f7:0x7fc00000 f20:0x7fc00000  f9=0x7fc00000
     260945.000 ns	     26093	80005bb4	217d0ed3	fsgnj.s	f29,f26,f23	 f26:0x4f718f66 f23:0x4f794735 f29=0x4f718f66
     260965.000 ns	     26095	80005bb8	85010393	addi	x7,x2,-1968	  x2:0x00000000  x7=0xfffff850
     260985.000 ns	     26097	80005bbc	f0050f53	fmv.w.x	f30,x10	 x10:0x00000000 f30=0x00000000
     261035.000 ns	     26102	80005bc0	08fc7a53	fsub.s	f20,f24,f15	 f24:0x4efff7e0 f15:0x4f794735 f20=0xcef2968a
     261055.000 ns	     26104	80005bc4	00f521b3	slt	x3,x10,x15	 x10:0x00000000 x15:0x00000000  x3=0x00000000
     261075.000 ns	     26106	80005bc8	02044f33	div	x30,x8,x0	  x8:0x1b5fbaac  x0:0x00000000 x30=0xffffffff
     261095.000 ns	     26108	80005bcc	ee9b74b7	lui	x9,0xee9b7	  x9=0xee9b7000
     261125.000 ns	     26111	80005bd0	1030cbd3	fmul.s	f23,f1,f3	  f1:0x00000000  f3:0xcd66c91f f23=0x80000000
     261145.000 ns	     26113	80005bd4	0049aa33	slt	x20,x19,x4	 x19:0x00000000  x4:0x80040fe4 x20=0x00000000
     261165.000 ns	     26115	80005bd8	f00d0453	fmv.w.x	f8,x26	 x26:0x00000200  f8=0x00000200
     261185.000 ns	     26117	80005bdc	00d504b3	add	x9,x10,x13	 x10:0x00000000 x13:0xf94735e7  x9=0xf94735e7
     261195.000 ns	     26118	80005be0	011e9833	sll	x16,x29,x17	 x29:0x00000000 x17:0x00000000 x16=0x00000000
     261205.000 ns	     26119	80005be4	11cf2037	lui	x0,0x11cf2	
     261245.000 ns	     26123	80005be8	087205d3	fsub.s	f11,f4,f7	  f4:0x4d66c91f  f7:0x7fc00000 f11=0x7fc00000
     261265.000 ns	     26125	80005bec	0198d033	srl	x0,x17,x25	 x17:0x00000000 x25:0xffffffff
     261275.000 ns	     26126	80005bf0	64b18397	auipc	x7,0x64b18	  x7=0xe4b1dbf0
     261285.000 ns	     26127	80005bf4	735aeb13	ori	x22,x21,1845	 x21:0x00000000 x22=0x00000735
     261645.000 ns	     26163	80005bf8	02807c33	remu	x24,x0,x8	  x0:0x00000000  x8:0x1b5fbaac x24=0x00000000
     261665.000 ns	     26165	80005bfc	01b289b3	add	x19,x5,x27	  x5:0x00000000 x27:0xf1936e1b x19=0xf1936e1b
     261685.000 ns	     26167	80005c00	207327d3	fsgnjx.s	f15,f6,f7	  f6:0xcf718f66  f7:0x7fc00000 f15=0xcf718f66
     261705.000 ns	     26169	80005c04	53843693	sltiu	x13,x8,1336	  x8:0x1b5fbaac x13=0x00000000
     261715.000 ns	     26170	80005c08	5d982413	slti	x8,x16,1497	 x16:0x00000000  x8=0x00000001
     261725.000 ns	     26171	80005c0c	00c6a6b3	slt	x13,x13,x12	 x13:0xf94735e7 x12:0x00000000 x13=0x00000000
     261745.000 ns	     26173	80005c10	e00193d3	fclass.s	x7,f3	  f3:0xcd66c91f  x7=0x00000002
     261775.000 ns	     26176	80005c14	28bc01d3	fmin.s	f3,f24,f11	 f24:0x4efff7e0 f11:0x7fc00000  f3=0x4efff7e0
     261795.000 ns	     26178	80005c18	008aceb3	xor	x29,x21,x8	 x21:0x00000000  x8:0x00000001 x29=0x00000001
     261805.000 ns	     26179	80005c1c	9563e713	ori	x14,x7,-1706	  x7:0x00000002 x14=0xfffff956
     261825.000 ns	     26181	80005c20	d00c70d3	fcvt.s.w	f1,x24	 x24:0x00000000  f1=0x00000000
     261855.000 ns	     26184	80005c24	c01979d3	fcvt.wu.s	x19,f18	 f18:0x00000000 x19=0x00000000
     261905.000 ns	     26189	80005c28	00ef7853	fadd.s	f16,f30,f14	 f30:0x00000000 f14:0x00000000 f16=0x00000000
     261925.000 ns	     26191	80005c2c	01d59293	slli	x5,x11,0x1d	 x11:0x7ffbefdb  x5=0x60000000
     261945.000 ns	     26193	80005c30	02711b33	mulh	x22,x2,x7	  x2:0x00000000  x7:0x00000002 x22=0x00000000
     261975.000 ns	     26196	80005c34	c00377d3	fcvt.w.s	x15,f6	  f6:0xcf718f66 x15=0x80000000
     262005.000 ns	     26199	80005c38	f00e84d3	fmv.w.x	f9,x29	 x29:0x00000001  f9=0x00000001
     262035.000 ns	     26202	80005c3c	03f368b3	rem	x17,x6,x31	  x6:0x7b8bbffe x31:0x00000000 x17=0x7b8bbffe
     262075.000 ns	     26206	80005c40	5800fad3	fsqrt.s	f21,f1	  f1:0x00000000 f21=0x00000000
     262095.000 ns	     26208	80005c44	40de86b3	sub	x13,x29,x13	 x29:0x00000001 x13:0x00000000 x13=0x00000001
     262455.000 ns	     26244	80005c48	03e55733	divu	x14,x10,x30	 x10:0x00000000 x30:0xffffffff x14=0x00000000
     262475.000 ns	     26246	80005c4c	404c51b3	sra	x3,x24,x4	 x24:0x00000000  x4:0x80040fe4  x3=0x00000000
     262485.000 ns	     26247	80005c50	00ed56b3	srl	x13,x26,x14	 x26:0x00000200 x14:0x00000000 x13=0x00000200
     262495.000 ns	     26248	80005c54	002652b3	srl	x5,x12,x2	 x12:0x00000000  x2:0x00000000  x5=0x00000000
     262515.000 ns	     26250	80005c58	c0097853	fcvt.w.s	x16,f18	 f18:0x00000000 x16=0x00000000
     262535.000 ns	     26252	80005c5c	51e63493	sltiu	x9,x12,1310	 x12:0x00000000  x9=0x00000001
     262555.000 ns	     26254	80005c60	d0163453	fcvt.s.wu	f8,x12	 x12:0x00000000  f8=0x00000000
     262585.000 ns	     26257	80005c64	03168833	mul	x16,x13,x17	 x13:0x00000200 x17:0x7b8bbffe x16=0x177ffc00
     262615.000 ns	     26260	80005c68	21548c53	fsgnj.s	f24,f9,f21	  f9:0x00000001 f21:0x00000000 f24=0x00000001
     262635.000 ns	     26262	80005c6c	417a8333	sub	x6,x21,x23	 x21:0x00000000 x23:0x80040fe4  x6=0x7ffbf01c
     262665.000 ns	     26265	80005c70	5809f453	fsqrt.s	f8,f19	 f19:0xbf800000  f8=0x7fc00000
     262685.000 ns	     26267	80005c74	00f261b3	or	x3,x4,x15	  x4:0x80040fe4 x15:0x80000000  x3=0x80040fe4
     262705.000 ns	     26269	80005c78	d0022dd3	fcvt.s.w	f27,x4	  x4:0x80040fe4 f27=0xcefff7e1
     262735.000 ns	     26272	80005c7c	03bc0033	mul	x0,x24,x27	 x24:0x00000000 x27:0xf1936e1b
     262755.000 ns	     26274	80005c80	015b1c93	slli	x25,x22,0x15	 x22:0x00000000 x25=0x00000000
     262775.000 ns	     26276	80005c84	e0039853	fclass.s	x16,f7	  f7:0x7fc00000 x16=0x00000200
     262805.000 ns	     26279	80005c88	03de98b3	mulh	x17,x29,x29	 x29:0x00000001 x29:0x00000001 x17=0x00000000
     262825.000 ns	     26281	80005c8c	004dc2b3	xor	x5,x27,x4	 x27:0xf1936e1b  x4:0x80040fe4  x5=0x719761ff
     262845.000 ns	     26283	80005c90	20a01153	fsgnjn.s	f2,f0,f10	  f0:0x7fc00000 f10:0xcd66c91e  f2=0x7fc00000
     262865.000 ns	     26285	80005c94	004da133	slt	x2,x27,x4	 x27:0xf1936e1b  x4:0x80040fe4  x2=0x00000000
     262885.000 ns	     26287	80005c98	28c61753	fmax.s	f14,f12,f12	 f12:0x7fc00000 f12:0x7fc00000 f14=0x7fc00000
     262905.000 ns	     26289	80005c9c	0049b8b3	sltu	x17,x19,x4	 x19:0x00000000  x4:0x80040fe4 x17=0x00000001
     262925.000 ns	     26291	80005ca0	036105b3	mul	x11,x2,x22	  x2:0x00000000 x22:0x00000000 x11=0x00000000
     262945.000 ns	     26293	80005ca4	01c47eb3	and	x29,x8,x28	  x8:0x00000001 x28:0x80041024 x29=0x00000000
     262965.000 ns	     26295	80005ca8	e00c19d3	fclass.s	x19,f24	 f24:0x00000001 x19=0x00000020
     263015.000 ns	     26300	80005cac	01438f53	fadd.s	f30,f7,f20	  f7:0x7fc00000 f20:0xcef2968a f30=0x7fc00000
     263035.000 ns	     26302	80005cb0	006d9933	sll	x18,x27,x6	 x27:0xf1936e1b  x6:0x7ffbf01c x18=0xb0000000
     263045.000 ns	     26303	80005cb4	1c84c313	xori	x6,x9,456	  x9:0x00000001  x6=0x000001c9
     263055.000 ns	     26304	80005cb8	41485293	srai	x5,x16,0x14	 x16:0x00000200  x5=0x00000000
     263075.000 ns	     26306	80005cbc	020f62b3	rem	x5,x30,x0	 x30:0xffffffff  x0:0x00000000  x5=0xffffffff
     263105.000 ns	     26309	80005cc0	0396b933	mulhu	x18,x13,x25	 x13:0x00000200 x25:0x00000000 x18=0x00000000
     263135.000 ns	     26312	80005cc4	21a98e53	fsgnj.s	f28,f19,f26	 f19:0xbf800000 f26:0x4f718f66 f28=0x3f800000
     263155.000 ns	     26314	80005cc8	aaa8d017	auipc	x0,0xaaa8d	
     263165.000 ns	     26315	80005ccc	15d88393	addi	x7,x17,349	 x17:0x00000001  x7=0x0000015e
     263205.000 ns	     26319	80005cd0	019baf53	fadd.s	f30,f23,f25	 f23:0x80000000 f25:0xcd66c91f f30=0xcd66c91f
     263225.000 ns	     26321	80005cd4	012b9033	sll	x0,x23,x18	 x23:0x80040fe4 x18:0x00000000
     263235.000 ns	     26322	80005cd8	42a7afb7	lui	x31,0x42a7a	 x31=0x42a7a000
     263245.000 ns	     26323	80005cdc	09f00513	addi	x10,x0,159	  x0:0x00000000 x10=0x0000009f
     263255.000 ns	     26324	80005ce0	24ef3593	sltiu	x11,x30,590	 x30:0xffffffff x11=0x00000000
     263275.000 ns	     26326	80005ce4	03547733	remu	x14,x8,x21	  x8:0x00000001 x21:0x00000000 x14=0x00000001
     263305.000 ns	     26329	80005ce8	e00d8d53	fmv.x.w	x26,f27	 f27:0xcefff7e1 x26=0xcefff7e1
     263675.000 ns	     26366	80005cec	03c4ff33	remu	x30,x9,x28	  x9:0x00000001 x28:0x80041024 x30=0x00000001
     263695.000 ns	     26368	80005cf0	3def2797	auipc	x15,0x3def2	 x15=0xbdef7cf0
     263705.000 ns	     26369	80005cf4	4b858593	addi	x11,x11,1208	 x11:0x00000000 x11=0x000004b8
     263715.000 ns	     26370	80005cf8	0137ba33	sltu	x20,x15,x19	 x15:0x80000000 x19:0x00000020 x20=0x00000000
     263745.000 ns	     26373	80005cfc	19f77453	fdiv.s	f8,f14,f31	 f14:0x7fc00000 f31:0x80000000  f8=0x7fc00000
     263775.000 ns	     26376	80005d00	e00a13d3	fclass.s	x7,f20	 f20:0xcef2968a  x7=0x00000002
     264145.000 ns	     26413	80005d04	033d5633	divu	x12,x26,x19	 x26:0xcefff7e1 x19:0x00000020 x12=0x0677ffbf
     264165.000 ns	     26415	80005d08	38018493	addi	x9,x3,896	  x3:0x80040fe4  x9=0x80041364
     264175.000 ns	     26416	80005d0c	01e4fab3	and	x21,x9,x30	  x9:0x00000001 x30:0x00000001 x21=0x00000000
     264195.000 ns	     26418	80005d10	02dc2833	mulhsu	x16,x24,x13	 x24:0x00000000 x13:0x00000200 x16=0x00000000
     265375.000 ns	     26536	80005d14	58023bd3	fsqrt.s	f23,f4	  f4:0x4d66c91f f23=0x462330a6
     265405.000 ns	     26539	80005d18	e00b9b53	fclass.s	x22,f23	 f23:0x80000000 x22=0x00000040
     265425.000 ns	     26541	80005d1c	01cd4b33	xor	x22,x26,x28	 x26:0xcefff7e1 x28:0x80041024 x22=0x4efbe7c5
     265445.000 ns	     26543	80005d20	e0088f53	fmv.x.w	x30,f17	 f17:0x00000463 x30=0x00000463
     265465.000 ns	     26545	80005d24	4002d1b3	sra	x3,x5,x0	  x5:0xffffffff  x0:0x00000000  x3=0xffffffff
     265485.000 ns	     26547	80005d28	29f88453	fmin.s	f8,f17,f31	 f17:0x00000463 f31:0x80000000  f8=0x80000000
     265505.000 ns	     26549	80005d2c	00a16b33	or	x22,x2,x10	  x2:0x00000000 x10:0x0000009f x22=0x0000009f
     265525.000 ns	     26551	80005d30	d00cf0d3	fcvt.s.w	f1,x25	 x25:0x00000000  f1=0x00000000
     265545.000 ns	     26553	80005d34	2a466f93	ori	x31,x12,676	 x12:0x0677ffbf x31=0x0677ffbf
     265555.000 ns	     26554	80005d38	011f2d33	slt	x26,x30,x17	 x30:0x00000463 x17:0x00000001 x26=0x00000000
     265575.000 ns	     26556	80005d3c	f0070653	fmv.w.x	f12,x14	 x14:0x00000001 f12=0x00000001
     265605.000 ns	     26559	80005d40	03d00633	mul	x12,x0,x29	  x0:0x00000000 x29:0x00000000 x12=0x00000000
     265635.000 ns	     26562	80005d44	29b103d3	fmin.s	f7,f2,f27	  f2:0x7fc00000 f27:0xcefff7e1  f7=0xcefff7e1
     265675.000 ns	     26566	80005d48	190ff153	fdiv.s	f2,f31,f16	 f31:0x80000000 f16:0x00000000  f2=0x7fc00000
     265695.000 ns	     26568	80005d4c	42743a13	sltiu	x20,x8,1063	  x8:0x00000001 x20=0x00000001
     265705.000 ns	     26569	80005d50	40c80233	sub	x4,x16,x12	 x16:0x00000000 x12:0x00000000  x4=0x00000000
     265715.000 ns	     26570	80005d54	67482713	slti	x14,x16,1652	 x16:0x00000000 x14=0x00000001
     266075.000 ns	     26606	80005d58	02f94633	div	x12,x18,x15	 x18:0x00000000 x15:0xbdef7cf0 x12=0x00000000
     266105.000 ns	     26609	80005d5c	d00da9d3	fcvt.s.w	f19,x27	 x27:0xf1936e1b f19=0xcd66c91f
     266135.000 ns	     26612	80005d60	21c601d3	fsgnj.s	f3,f12,f28	 f12:0x00000001 f28:0x3f800000  f3=0x00000001
     266155.000 ns	     26614	80005d64	00cdcb33	xor	x22,x27,x12	 x27:0xf1936e1b x12:0x00000000 x22=0xf1936e1b
     266175.000 ns	     26616	80005d68	d008b1d3	fcvt.s.w	f3,x17	 x17:0x00000001  f3=0x3f800000
     266205.000 ns	     26619	80005d6c	a0401453	flt.s	x8,f0,f4	  f0:0x7fc00000  f4:0x4d66c91f  x8=0x00000000
     266225.000 ns	     26621	80005d70	01113ab3	sltu	x21,x2,x17	  x2:0x00000000 x17:0x00000001 x21=0x00000001
     266245.000 ns	     26623	80005d74	c009f553	fcvt.w.s	x10,f19	 f19:0xcd66c91f x10=0x0e6c91f0
     266585.000 ns	     26657	80005d78	186efad3	fdiv.s	f21,f29,f6	 f29:0x4f718f66  f6:0xcf718f66 f21=0xbf718f66
     266615.000 ns	     26660	80005d7c	c000f353	fcvt.w.s	x6,f1	  f1:0x00000000  x6=0x00000000
     266635.000 ns	     26662	80005d80	40abd3b3	sra	x7,x23,x10	 x23:0x80040fe4 x10:0x0e6c91f0  x7=0xffff8004
     266995.000 ns	     26698	80005d84	036b7633	remu	x12,x22,x22	 x22:0xf1936e1b x22:0xf1936e1b x12=0x00000000
     267015.000 ns	     26700	80005d88	00ab0d33	add	x26,x22,x10	 x22:0xf1936e1b x10:0x0e6c91f0 x26=0x0000000b
     267025.000 ns	     26701	80005d8c	010ec1b3	xor	x3,x29,x16	 x29:0x00000000 x16:0x00000000  x3=0x00000000
     267045.000 ns	     26703	80005d90	d01ef853	fcvt.s.wu	f16,x29	 x29:0x00000000 f16=0x00000000
     267075.000 ns	     26706	80005d94	d01dac53	fcvt.s.wu	f24,x27	 x27:0xf1936e1b f24=0x4f71936f
     267445.000 ns	     26743	80005d98	037ef233	remu	x4,x29,x23	 x29:0x00000000 x23:0x80040fe4  x4=0x00000000
     267485.000 ns	     26747	80005d9c	11a09353	fmul.s	f6,f1,f26	  f1:0x00000000 f26:0x4f718f66  f6=0x00000000
     267525.000 ns	     26751	80005da0	58001653	fsqrt.s	f12,f0	  f0:0x7fc00000 f12=0x7fc00000
     267545.000 ns	     26753	80005da4	01d63433	sltu	x8,x12,x29	 x12:0x00000000 x29:0x00000000  x8=0x00000000
     267555.000 ns	     26754	80005da8	55ecea13	ori	x20,x25,1374	 x25:0x00000000 x20=0x0000055e
     267575.000 ns	     26756	80005dac	f00e8253	fmv.w.x	f4,x29	 x29:0x00000000  f4=0x00000000
     267605.000 ns	     26759	80005db0	a148ab53	feq.s	x22,f17,f20	 f17:0x00000463 f20:0xcef2968a x22=0x00000000
     267635.000 ns	     26762	80005db4	e00892d3	fclass.s	x5,f17	 f17:0x00000463  x5=0x00000020
     267655.000 ns	     26764	80005db8	018a98b3	sll	x17,x21,x24	 x21:0x00000001 x24:0x00000000 x17=0x00000001
     267675.000 ns	     26766	80005dbc	e00788d3	fmv.x.w	x17,f15	 f15:0xcf718f66 x17=0xcf718f66
     267725.000 ns	     26771	80005dc0	082f05d3	fsub.s	f11,f30,f2	 f30:0xcd66c91f  f2:0x7fc00000 f11=0x7fc00000
     267755.000 ns	     26774	80005dc4	a0101353	flt.s	x6,f0,f1	  f0:0x7fc00000  f1:0x00000000  x6=0x00000000
     267785.000 ns	     26777	80005dc8	038b9f33	mulh	x30,x23,x24	 x23:0x80040fe4 x24:0x00000000 x30=0x00000000
     267805.000 ns	     26779	80005dcc	01fe9493	slli	x9,x29,0x1f	 x29:0x00000000  x9=0x00000000
     267825.000 ns	     26781	80005dd0	028169b3	rem	x19,x2,x8	  x2:0x00000000  x8:0x00000000 x19=0x00000000
     267855.000 ns	     26784	80005dd4	02c864b3	rem	x9,x16,x12	 x16:0x00000000 x12:0x00000000  x9=0x00000000
     267885.000 ns	     26787	80005dd8	d0170a53	fcvt.s.wu	f20,x14	 x14:0x00000001 f20=0x3f800000
     268255.000 ns	     26824	80005ddc	037c6733	rem	x14,x24,x23	 x24:0x00000000 x23:0x80040fe4 x14=0x00000000
     268275.000 ns	     26826	80005de0	006be3b3	or	x7,x23,x6	 x23:0x80040fe4  x6:0x00000000  x7=0x80040fe4
     268295.000 ns	     26828	80005de4	02350ab3	mul	x21,x10,x3	 x10:0x0e6c91f0  x3:0x00000000 x21=0x00000000
     268325.000 ns	     26831	80005de8	036c67b3	rem	x15,x24,x22	 x24:0x00000000 x22:0x00000000 x15=0x00000000
     268345.000 ns	     26833	80005dec	df918e93	addi	x29,x3,-519	  x3:0x00000000 x29=0xfffffdf9
     268375.000 ns	     26836	80005df0	195920d3	fdiv.s	f1,f18,f21	 f18:0x00000000 f21:0xbf718f66  f1=0x80000000
     268405.000 ns	     26839	80005df4	203b2bd3	fsgnjx.s	f23,f22,f3	 f22:0xbf800000  f3:0x3f800000 f23=0xbf800000
     268445.000 ns	     26843	80005df8	580233d3	fsqrt.s	f7,f4	  f4:0x00000000  f7=0x00000000
     268465.000 ns	     26845	80005dfc	0025f633	and	x12,x11,x2	 x11:0x000004b8  x2:0x00000000 x12=0x00000000
     268475.000 ns	     26846	80005e00	0176f033	and	x0,x13,x23	 x13:0x00000200 x23:0x80040fe4
     268515.000 ns	     26850	80005e04	01d50a53	fadd.s	f20,f10,f29	 f10:0xcd66c91e f29:0x4f718f66 f20=0x4f6322d4
     268545.000 ns	     26853	80005e08	02c9bc33	mulhu	x24,x19,x12	 x19:0x00000000 x12:0x00000000 x24=0x00000000
     268565.000 ns	     26855	80005e0c	017b5eb3	srl	x29,x22,x23	 x22:0x00000000 x23:0x80040fe4 x29=0x00000000
     268575.000 ns	     26856	80005e10	01d31393	slli	x7,x6,0x1d	  x6:0x00000000  x7=0x00000000
     268605.000 ns	     26859	80005e14	58022e53	fsqrt.s	f28,f4	  f4:0x00000000 f28=0x00000000
     268635.000 ns	     26862	80005e18	f00d85d3	fmv.w.x	f11,x27	 x27:0xf1936e1b f11=0xf1936e1b
     268655.000 ns	     26864	80005e1c	a1f73393	sltiu	x7,x14,-1505	 x14:0x00000000  x7=0x00000001
     268675.000 ns	     26866	80005e20	0308b433	mulhu	x8,x17,x16	 x17:0xcf718f66 x16:0x00000000  x8=0x00000000
     268695.000 ns	     26868	80005e24	00000013	addi	x0,x0,0	  x0:0x00000000
     268715.000 ns	     26870	80005e28	d00482d3	fcvt.s.w	f5,x9	  x9:0x00000000  f5=0x00000000
     268735.000 ns	     26872	80005e2c	019d3433	sltu	x8,x26,x25	 x26:0x0000000b x25:0x00000000  x8=0x00000000
     268765.000 ns	     26875	80005e30	18314fd3	fdiv.s	f31,f2,f3	  f2:0x7fc00000  f3:0x3f800000 f31=0x7fc00000
     268795.000 ns	     26878	80005e34	c00770d3	fcvt.w.s	x1,f14	 f14:0x7fc00000  x1=0x7fffffff
     268825.000 ns	     26881	80005e38	02e5e733	rem	x14,x11,x14	 x11:0x000004b8 x14:0x00000000 x14=0x000004b8
     268845.000 ns	     26883	80005e3c	01c65d13	srli	x26,x12,0x1c	 x12:0x00000000 x26=0x00000000
     268865.000 ns	     26885	80005e40	28738c53	fmin.s	f24,f7,f7	  f7:0x00000000  f7:0x00000000 f24=0x00000000
     268885.000 ns	     26887	80005e44	00ec8233	add	x4,x25,x14	 x25:0x00000000 x14:0x000004b8  x4=0x000004b8
     268905.000 ns	     26889	80005e48	c011b153	fcvt.wu.s	x2,f3	  f3:0x3f800000  x2=0x00000001
     268925.000 ns	     26891	80005e4c	000d13b3	sll	x7,x26,x0	 x26:0x00000000  x0:0x00000000  x7=0x00000000
     268935.000 ns	     26892	80005e50	00f757b3	srl	x15,x14,x15	 x14:0x000004b8 x15:0x00000000 x15=0x000004b8
     268945.000 ns	     26893	80005e54	0166ec33	or	x24,x13,x22	 x13:0x00000200 x22:0x00000000 x24=0x00000200
     268965.000 ns	     26895	80005e58	d001fd53	fcvt.s.w	f26,x3	  x3:0x00000000 f26=0x00000000
     268995.000 ns	     26898	80005e5c	a1c70553	fle.s	x10,f14,f28	 f14:0x7fc00000 f28:0x00000000 x10=0x00000000
     269015.000 ns	     26900	80005e60	019a4633	xor	x12,x20,x25	 x20:0x0000055e x25:0x00000000 x12=0x0000055e
     269035.000 ns	     26902	80005e64	03a5e7b3	rem	x15,x11,x26	 x11:0x000004b8 x26:0x00000000 x15=0x000004b8
     269375.000 ns	     26936	80005e68	196b0ad3	fdiv.s	f21,f22,f22	 f22:0xbf800000 f22:0xbf800000 f21=0x3f045ede
     269405.000 ns	     26939	80005e6c	e00d00d3	fmv.x.w	x1,f26	 f26:0x00000000  x1=0x00000000
     269425.000 ns	     26941	80005e70	0090c933	xor	x18,x1,x9	  x1:0x7fffffff  x9:0x00000000 x18=0x00000000
     269435.000 ns	     26942	80005e74	00a6c833	xor	x16,x13,x10	 x13:0x00000200 x10:0x00000000 x16=0x00000200
     269445.000 ns	     26943	80005e78	01de73b3	and	x7,x28,x29	 x28:0x80041024 x29:0x00000000  x7=0x00000000
     269455.000 ns	     26944	80005e7c	0080aa33	slt	x20,x1,x8	  x1:0x00000000  x8:0x00000000 x20=0x00000000
     269475.000 ns	     26946	80005e80	20621853	fsgnjn.s	f16,f4,f6	  f4:0x00000000  f6:0x00000000 f16=0x80000000
     269505.000 ns	     26949	80005e84	027fb2b3	mulhu	x5,x31,x7	 x31:0x0677ffbf  x7:0x00000000  x5=0x00000000
     269535.000 ns	     26952	80005e88	29b38ed3	fmin.s	f29,f7,f27	  f7:0x00000000 f27:0xcefff7e1 f29=0xcefff7e1
     269565.000 ns	     26955	80005e8c	02213b33	mulhu	x22,x2,x2	  x2:0x00000001  x2:0x00000001 x22=0x00000000
     269585.000 ns	     26957	80005e90	013a8d33	add	x26,x21,x19	 x21:0x00000000 x19:0x00000000 x26=0x00000000
     269595.000 ns	     26958	80005e94	01639333	sll	x6,x7,x22	  x7:0x00000000 x22:0x00000000  x6=0x00000000
     269605.000 ns	     26959	80005e98	00148033	add	x0,x9,x1	  x9:0x00000000  x1:0x00000000
     269625.000 ns	     26961	80005e9c	a1462ad3	feq.s	x21,f12,f20	 f12:0x7fc00000 f20:0x4f6322d4 x21=0x00000000
     269645.000 ns	     26963	80005ea0	418f5813	srai	x16,x30,0x18	 x30:0x00000000 x16=0x00000000
     270005.000 ns	     26999	80005ea4	02fac2b3	div	x5,x21,x15	 x21:0x00000000 x15:0x000004b8  x5=0x00000000
     270035.000 ns	     27002	80005ea8	29bf8e53	fmin.s	f28,f31,f27	 f31:0x7fc00000 f27:0xcefff7e1 f28=0xcefff7e1
     270065.000 ns	     27005	80005eac	281e9953	fmax.s	f18,f29,f1	 f29:0xcefff7e1  f1:0x80000000 f18=0x80000000
     270095.000 ns	     27008	80005eb0	20479f53	fsgnjn.s	f30,f15,f4	 f15:0xcf718f66  f4:0x00000000 f30=0xcf718f66
     270115.000 ns	     27010	80005eb4	dccba5b7	lui	x11,0xdccba	 x11=0xdccba000
     270135.000 ns	     27012	80005eb8	c003b953	fcvt.w.s	x18,f7	  f7:0x00000000 x18=0x00000000
     270165.000 ns	     27015	80005ebc	0234e033	rem	x0,x9,x3	  x9:0x00000000  x3:0x00000000
     270195.000 ns	     27018	80005ec0	a1c2ac53	feq.s	x24,f5,f28	  f5:0x00000000 f28:0xcefff7e1 x24=0x00000000
     270215.000 ns	     27020	80005ec4	009376b3	and	x13,x6,x9	  x6:0x00000000  x9:0x00000000 x13=0x00000000
     270225.000 ns	     27021	80005ec8	012f08b3	add	x17,x30,x18	 x30:0x00000000 x18:0x00000000 x17=0x00000000
     270245.000 ns	     27023	80005ecc	c01177d3	fcvt.wu.s	x15,f2	  f2:0x7fc00000 x15=0xffffffff
     270275.000 ns	     27026	80005ed0	29749153	fmax.s	f2,f9,f23	  f9:0x00000001 f23:0xbf800000  f2=0x00000001
     270295.000 ns	     27028	80005ed4	40565613	srai	x12,x12,0x5	 x12:0x0000055e x12=0x0000002a
     270315.000 ns	     27030	80005ed8	a01e10d3	flt.s	x1,f28,f1	 f28:0xcefff7e1  f1:0x80000000  x1=0x00000001
     270335.000 ns	     27032	80005edc	000e49b3	xor	x19,x28,x0	 x28:0x80041024  x0:0x00000000 x19=0x80041024
     270355.000 ns	     27034	80005ee0	a05c9a53	flt.s	x20,f25,f5	 f25:0xcd66c91f  f5:0x00000000 x20=0x00000001
     270375.000 ns	     27036	80005ee4	00000013	addi	x0,x0,0	  x0:0x00000000
     270395.000 ns	     27038	80005ee8	21ac8f53	fsgnj.s	f30,f25,f26	 f25:0xcd66c91f f26:0x00000000 f30=0x4d66c91f
     270425.000 ns	     27041	80005eec	29e21cd3	fmax.s	f25,f4,f30	  f4:0x00000000 f30:0xcf718f66 f25=0x4d66c91f
     270465.000 ns	     27045	80005ef0	116aa453	fmul.s	f8,f21,f22	 f21:0x3f045ede f22:0xbf800000  f8=0xbf045ede
     270485.000 ns	     27047	80005ef4	2cc35ab7	lui	x21,0x2cc35	 x21=0x2cc35000
     270505.000 ns	     27049	80005ef8	0287dcb3	divu	x25,x15,x8	 x15:0xffffffff  x8:0x00000000 x25=0xffffffff
     270525.000 ns	     27051	80005efc	00720cb3	add	x25,x4,x7	  x4:0x000004b8  x7:0x00000000 x25=0x000004b8
     270545.000 ns	     27053	80005f00	03d9a5b3	mulhsu	x11,x19,x29	 x19:0x80041024 x29:0x00000000 x11=0x00000000
     270575.000 ns	     27056	80005f04	21788153	fsgnj.s	f2,f17,f23	 f17:0x00000463 f23:0xbf800000  f2=0x80000463
     270605.000 ns	     27059	80005f08	02b8fc33	remu	x24,x17,x11	 x17:0x00000000 x11:0x00000000 x24=0x00000000
     270625.000 ns	     27061	80005f0c	3b61e837	lui	x16,0x3b61e	 x16=0x3b61e000
     270645.000 ns	     27063	80005f10	a0bfa153	feq.s	x2,f31,f11	 f31:0x7fc00000 f11:0xf1936e1b  x2=0x00000000
     270675.000 ns	     27066	80005f14	c01675d3	fcvt.wu.s	x11,f12	 f12:0x7fc00000 x11=0xffffffff
     270695.000 ns	     27068	80005f18	517eba13	sltiu	x20,x29,1303	 x29:0x00000000 x20=0x00000001
     270715.000 ns	     27070	80005f1c	03868eb3	mul	x29,x13,x24	 x13:0x00000000 x24:0x00000000 x29=0x00000000
     270745.000 ns	     27073	80005f20	c010ab53	fcvt.wu.s	x22,f1	  f1:0x80000000 x22=0x00000000
     270775.000 ns	     27076	80005f24	03286433	rem	x8,x16,x18	 x16:0x3b61e000 x18:0x00000000  x8=0x3b61e000
     270805.000 ns	     27079	80005f28	c018f6d3	fcvt.wu.s	x13,f17	 f17:0x00000463 x13=0x00000000
     270825.000 ns	     27081	80005f2c	011edd13	srli	x26,x29,0x11	 x29:0x00000000 x26=0x00000000
     270835.000 ns	     27082	80005f30	654f0f13	addi	x30,x30,1620	 x30:0x00000000 x30=0x00000654
     270855.000 ns	     27084	80005f34	c0139053	fcvt.wu.s	x0,f7	  f7:0x00000000
     270875.000 ns	     27086	80005f38	413008b3	sub	x17,x0,x19	  x0:0x00000000 x19:0x80041024 x17=0x7ffbefdc
     270885.000 ns	     27087	80005f3c	5ed86a13	ori	x20,x16,1517	 x16:0x3b61e000 x20=0x3b61e5ed
     271245.000 ns	     27123	80005f40	033d4233	div	x4,x26,x19	 x26:0x00000000 x19:0x80041024  x4=0x00000000
     271265.000 ns	     27125	80005f44	d7044c13	xori	x24,x8,-656	  x8:0x3b61e000 x24=0xc49e1d70
     271275.000 ns	     27126	80005f48	c42bb393	sltiu	x7,x23,-958	 x23:0x80040fe4  x7=0x00000001
     271285.000 ns	     27127	80005f4c	b4628413	addi	x8,x5,-1210	  x5:0x00000000  x8=0xfffffb46
     271295.000 ns	     27128	80005f50	01f4dfb3	srl	x31,x9,x31	  x9:0x00000000 x31:0x0677ffbf x31=0x00000000
     271305.000 ns	     27129	80005f54	016f33b3	sltu	x7,x30,x22	 x30:0x00000654 x22:0x00000000  x7=0x00000000
     271325.000 ns	     27131	80005f58	03ca9433	mulh	x8,x21,x28	 x21:0x2cc35000 x28:0x80041024  x8=0xe99f0ddf
     271345.000 ns	     27133	80005f5c	017d2533	slt	x10,x26,x23	 x26:0x00000000 x23:0x80040fe4 x10=0x00000000
     271355.000 ns	     27134	80005f60	00000013	addi	x0,x0,0	  x0:0x00000000
     271375.000 ns	     27136	80005f64	03cbb7b3	mulhu	x15,x23,x28	 x23:0x80040fe4 x28:0x80041024 x15=0x40041014
     271395.000 ns	     27138	80005f68	67cfb613	sltiu	x12,x31,1660	 x31:0x00000000 x12=0x00000001
     271415.000 ns	     27140	80005f6c	c017f053	fcvt.wu.s	x0,f15	 f15:0xcf718f66
     271435.000 ns	     27142	80005f70	f007e213	ori	x4,x15,-256	 x15:0x40041014  x4=0xffffff14
     271445.000 ns	     27143	80005f74	6a103f93	sltiu	x31,x0,1697	  x0:0x00000000 x31=0x00000001
     271475.000 ns	     27146	80005f78	580c75d3	fsqrt.s	f11,f24	 f24:0x00000000 f11=0x00000000
     271495.000 ns	     27148	80005f7c	00000013	addi	x0,x0,0	  x0:0x00000000
     271505.000 ns	     27149	80005f80	0145feb3	and	x29,x11,x20	 x11:0xffffffff x20:0x3b61e5ed x29=0x3b61e5ed
     271525.000 ns	     27151	80005f84	203b00d3	fsgnj.s	f1,f22,f3	 f22:0xbf800000  f3:0x3f800000  f1=0x3f800000
     271555.000 ns	     27154	80005f88	d0193953	fcvt.s.wu	f18,x18	 x18:0x00000000 f18=0x00000000
     271575.000 ns	     27156	80005f8c	1cc86c13	ori	x24,x16,460	 x16:0x3b61e000 x24=0x3b61e1cc
     271585.000 ns	     27157	80005f90	00c915b3	sll	x11,x18,x12	 x18:0x00000000 x12:0x00000001 x11=0x00000000
     271595.000 ns	     27158	80005f94	00e8f733	and	x14,x17,x14	 x17:0x7ffbefdc x14:0x000004b8 x14=0x00000498
     271605.000 ns	     27159	80005f98	99952e93	slti	x29,x10,-1639	 x10:0x00000000 x29=0x00000000
     271615.000 ns	     27160	80005f9c	00bb43b3	xor	x7,x22,x11	 x22:0x00000000 x11:0x00000000  x7=0x00000000
     271625.000 ns	     27161	80005fa0	00000013	addi	x0,x0,0	  x0:0x00000000
     271645.000 ns	     27163	80005fa4	e00f97d3	fclass.s	x15,f31	 f31:0x7fc00000 x15=0x00000200
     271675.000 ns	     27166	80005fa8	a16b8753	fle.s	x14,f23,f22	 f23:0xbf800000 f22:0xbf800000 x14=0x00000001
     271705.000 ns	     27169	80005fac	d0159a53	fcvt.s.wu	f20,x11	 x11:0x00000000 f20=0x00000000
     271725.000 ns	     27171	80005fb0	365ea693	slti	x13,x29,869	 x29:0x00000000 x13=0x00000001
     271745.000 ns	     27173	80005fb4	20fe81d3	fsgnj.s	f3,f29,f15	 f29:0xcefff7e1 f15:0xcf718f66  f3=0xcefff7e1
     272115.000 ns	     27210	80005fb8	03187533	remu	x10,x16,x17	 x16:0x3b61e000 x17:0x7ffbefdc x10=0x3b61e000
     272165.000 ns	     27215	80005fbc	00418cd3	fadd.s	f25,f3,f4	  f3:0xcefff7e1  f4:0x00000000 f25=0xcefff7e1
     272195.000 ns	     27218	80005fc0	215f17d3	fsgnjn.s	f15,f30,f21	 f30:0x4d66c91f f21:0x3f045ede f15=0xcd66c91f
     272215.000 ns	     27220	80005fc4	ab022a13	slti	x20,x4,-1360	  x4:0xffffff14 x20=0x00000000
     272225.000 ns	     27221	80005fc8	00000013	addi	x0,x0,0	  x0:0x00000000
     272235.000 ns	     27222	80005fcc	41e95e93	srai	x29,x18,0x1e	 x18:0x00000000 x29=0x00000000
     272255.000 ns	     27224	80005fd0	20130453	fsgnj.s	f8,f6,f1	  f6:0x00000000  f1:0x3f800000  f8=0x00000000
     272285.000 ns	     27227	80005fd4	d00af3d3	fcvt.s.w	f7,x21	 x21:0x2cc35000  f7=0x4e330d40
     272315.000 ns	     27230	80005fd8	d01abdd3	fcvt.s.wu	f27,x21	 x21:0x2cc35000 f27=0x4e330d40
     272335.000 ns	     27232	80005fdc	40b75833	sra	x16,x14,x11	 x14:0x00000001 x11:0x00000000 x16=0x00000001
     272355.000 ns	     27234	80005fe0	d0013ed3	fcvt.s.w	f29,x2	  x2:0x00000000 f29=0x00000000
     272725.000 ns	     27271	80005fe4	0339c8b3	div	x17,x19,x19	 x19:0x80041024 x19:0x80041024 x17=0x00000001
     272745.000 ns	     27273	80005fe8	50d0c013	xori	x0,x1,1293	  x1:0x00000001
     272755.000 ns	     27274	80005fec	00000013	addi	x0,x0,0	  x0:0x00000000
     272765.000 ns	     27275	80005ff0	2f023a13	sltiu	x20,x4,752	  x4:0xffffff14 x20=0x00000000
     272775.000 ns	     27276	80005ff4	65c4f793	andi	x15,x9,1628	  x9:0x00000000 x15=0x00000000
     272795.000 ns	     27278	80005ff8	29c910d3	fmax.s	f1,f18,f28	 f18:0x00000000 f28:0xcefff7e1  f1=0x00000000
     272825.000 ns	     27281	80005ffc	a0571c53	flt.s	x24,f14,f5	 f14:0x7fc00000  f5:0x00000000 x24=0x00000000
     272845.000 ns	     27283	80006000	349ca513	slti	x10,x25,841	 x25:0x000004b8 x10=0x00000000
     272865.000 ns	     27285	80006004	c0080b53	fcvt.w.s	x22,f16	 f16:0x80000000 x22=0x00000000
     272895.000 ns	     27288	80006008	a05a2853	feq.s	x16,f20,f5	 f20:0x00000000  f5:0x00000000 x16=0x00000001
     272925.000 ns	     27291	8000600c	03098333	mul	x6,x19,x16	 x19:0x80041024 x16:0x00000001  x6=0x80041024
     272975.000 ns	     27296	80006010	00732a53	fadd.s	f20,f6,f7	  f6:0x00000000  f7:0x4e330d40 f20=0x4e330d40
     273005.000 ns	     27299	80006014	03b795b3	mulh	x11,x15,x27	 x15:0x00000000 x27:0xf1936e1b x11=0x00000000
     273025.000 ns	     27301	80006018	33baca93	xori	x21,x21,827	 x21:0x2cc35000 x21=0x2cc3533b
     273065.000 ns	     27305	8000601c	093fc0d3	fsub.s	f1,f31,f19	 f31:0x7fc00000 f19:0xcd66c91f  f1=0x7fc00000
     273435.000 ns	     27342	80006020	03e4e7b3	rem	x15,x9,x30	  x9:0x00000000 x30:0x00000654 x15=0x00000000
     273455.000 ns	     27344	80006024	01d9e033	or	x0,x19,x29	 x19:0x80041024 x29:0x00000000
     273465.000 ns	     27345	80006028	ad923513	sltiu	x10,x4,-1319	  x4:0xffffff14 x10=0x00000000
     273475.000 ns	     27346	8000602c	00a597b3	sll	x15,x11,x10	 x11:0x00000000 x10:0x00000000 x15=0x00000000
     273495.000 ns	     27348	80006030	d000ced3	fcvt.s.w	f29,x1	  x1:0x00000001 f29=0x3f800000
     273525.000 ns	     27351	80006034	e0069153	fclass.s	x2,f13	 f13:0xffc00000  x2=0x00000200
     273555.000 ns	     27354	80006038	02ec20b3	mulhsu	x1,x24,x14	 x24:0x00000000 x14:0x00000001  x1=0x00000000
     273585.000 ns	     27357	8000603c	c015a2d3	fcvt.wu.s	x5,f11	 f11:0x00000000  x5=0x00000000
     273615.000 ns	     27360	80006040	03d8a333	mulhsu	x6,x17,x29	 x17:0x00000001 x29:0x00000000  x6=0x00000000
     273635.000 ns	     27362	80006044	9e09e093	ori	x1,x19,-1568	 x19:0x80041024  x1=0xfffff9e4
     273655.000 ns	     27364	80006048	030bbeb3	mulhu	x29,x23,x16	 x23:0x80040fe4 x16:0x00000001 x29=0x00000000
     273675.000 ns	     27366	8000604c	0149c633	xor	x12,x19,x20	 x19:0x80041024 x20:0x00000000 x12=0x80041024
     273685.000 ns	     27367	80006050	40ac07b3	sub	x15,x24,x10	 x24:0x00000000 x10:0x00000000 x15=0x00000000
     273705.000 ns	     27369	80006054	28991353	fmax.s	f6,f18,f9	 f18:0x00000000  f9:0x00000001  f6=0x00000001
     273755.000 ns	     27374	80006058	0147fa53	fadd.s	f20,f15,f20	 f15:0xcd66c91f f20:0x4e330d40 f20=0x4df2b5f0
     273785.000 ns	     27377	8000605c	03738233	mul	x4,x7,x23	  x7:0x00000000 x23:0x80040fe4  x4=0x00000000
     273815.000 ns	     27380	80006060	21f79353	fsgnjn.s	f6,f15,f31	 f15:0xcd66c91f f31:0x7fc00000  f6=0xcd66c91f
     273835.000 ns	     27382	80006064	33e43b13	sltiu	x22,x8,830	  x8:0xe99f0ddf x22=0x00000000
     273845.000 ns	     27383	80006068	008ef2b3	and	x5,x29,x8	 x29:0x00000000  x8:0xe99f0ddf  x5=0x00000000
     273855.000 ns	     27384	8000606c	0ec5c817	auipc	x16,0xec5c	 x16=0x8ec6206c
     273875.000 ns	     27386	80006070	033190b3	mulh	x1,x3,x19	  x3:0x00000000 x19:0x80041024  x1=0x00000000
     273905.000 ns	     27389	80006074	c010f8d3	fcvt.wu.s	x17,f1	  f1:0x7fc00000 x17=0xffffffff
     273925.000 ns	     27391	80006078	009b2cb3	slt	x25,x22,x9	 x22:0x00000000  x9:0x00000000 x25=0x00000000
     273945.000 ns	     27393	8000607c	218e1a53	fsgnjn.s	f20,f28,f24	 f28:0xcefff7e1 f24:0x00000000 f20=0xcefff7e1
     273985.000 ns	     27397	80006080	197c71d3	fdiv.s	f3,f24,f23	 f24:0x00000000 f23:0xbf800000  f3=0x80000000
     274005.000 ns	     27399	80006084	0073a0b3	slt	x1,x7,x7	  x7:0x00000000  x7:0x00000000  x1=0x00000000
     274025.000 ns	     27401	80006088	29d10b53	fmin.s	f22,f2,f29	  f2:0x80000463 f29:0x3f800000 f22=0x80000463
     274075.000 ns	     27406	8000608c	087377d3	fsub.s	f15,f6,f7	  f6:0xcd66c91f  f7:0x4e330d40 f15=0xce6cbf87
     274105.000 ns	     27409	80006090	28db8fd3	fmin.s	f31,f23,f13	 f23:0xbf800000 f13:0xffc00000 f31=0xbf800000
     274135.000 ns	     27412	80006094	e00112d3	fclass.s	x5,f2	  f2:0x80000463  x5=0x00000004
     274165.000 ns	     27415	80006098	036b72b3	remu	x5,x22,x22	 x22:0x00000000 x22:0x00000000  x5=0x00000000
     274195.000 ns	     27418	8000609c	02bfdf33	divu	x30,x31,x11	 x31:0x00000001 x11:0x00000000 x30=0xffffffff
     274225.000 ns	     27421	800060a0	e00296d3	fclass.s	x13,f5	  f5:0x00000000 x13=0x00000010
     274595.000 ns	     27458	800060a4	0281f3b3	remu	x7,x3,x8	  x3:0x00000000  x8:0xe99f0ddf  x7=0x00000000
     274615.000 ns	     27460	800060a8	c3587f13	andi	x30,x16,-971	 x16:0x8ec6206c x30=0x8ec62024
     274625.000 ns	     27461	800060ac	ea0f1797	auipc	x15,0xea0f1	 x15=0x6a0f70ac
     274645.000 ns	     27463	800060b0	03301333	mulh	x6,x0,x19	  x0:0x00000000 x19:0x80041024  x6=0x00000000
     274665.000 ns	     27465	800060b4	a2692c93	slti	x25,x18,-1498	 x18:0x00000000 x25=0x00000000
     274695.000 ns	     27468	800060b8	1883cc53	fdiv.s	f24,f7,f8	  f7:0x4e330d40  f8:0x00000000 f24=0x7f800000
     274725.000 ns	     27471	800060bc	c002f3d3	fcvt.w.s	x7,f5	  f5:0x00000000  x7=0x00000000
     274755.000 ns	     27474	800060c0	e0020cd3	fmv.x.w	x25,f4	  f4:0x00000000 x25=0x00000000
     274775.000 ns	     27476	800060c4	002c74b3	and	x9,x24,x2	 x24:0x00000000  x2:0x00000200  x9=0x00000000
     274795.000 ns	     27478	800060c8	02335133	divu	x2,x6,x3	  x6:0x00000000  x3:0x00000000  x2=0xffffffff
     274815.000 ns	     27480	800060cc	00a20533	add	x10,x4,x10	  x4:0x00000000 x10:0x00000000 x10=0x00000000
     274855.000 ns	     27484	800060d0	00cb81d3	fadd.s	f3,f23,f12	 f23:0xbf800000 f12:0x7fc00000  f3=0x7fc00000
     274885.000 ns	     27487	800060d4	2096a853	fsgnjx.s	f16,f13,f9	 f13:0xffc00000  f9:0x00000001 f16=0xffc00000
     274905.000 ns	     27489	800060d8	01851293	slli	x5,x10,0x18	 x10:0x00000000  x5=0x00000000
     274925.000 ns	     27491	800060dc	a1571b53	flt.s	x22,f14,f21	 f14:0x7fc00000 f21:0x3f045ede x22=0x00000000
     274945.000 ns	     27493	800060e0	a3878793	addi	x15,x15,-1480	 x15:0x6a0f70ac x15=0x6a0f6ae4
     274955.000 ns	     27494	800060e4	01c71593	slli	x11,x14,0x1c	 x14:0x00000001 x11=0x10000000
     274975.000 ns	     27496	800060e8	e00019d3	fclass.s	x19,f0	  f0:0x7fc00000 x19=0x00000200
     275005.000 ns	     27499	800060ec	024e9a33	mulh	x20,x29,x4	 x29:0x00000000  x4:0x00000000 x20=0x00000000
     275025.000 ns	     27501	800060f0	c9a20893	addi	x17,x4,-870	  x4:0x00000000 x17=0xfffffc9a
     275045.000 ns	     27503	800060f4	03a62fb3	mulhsu	x31,x12,x26	 x12:0x80041024 x26:0x00000000 x31=0x00000000
     275065.000 ns	     27505	800060f8	00c2bfb3	sltu	x31,x5,x12	  x5:0x00000000 x12:0x80041024 x31=0x00000001
     275075.000 ns	     27506	800060fc	f7a83413	sltiu	x8,x16,-134	 x16:0x8ec6206c  x8=0x00000001
     275115.000 ns	     27510	80006100	09c1a6d3	fsub.s	f13,f3,f28	  f3:0x7fc00000 f28:0xcefff7e1 f13=0x7fc00000
     275165.000 ns	     27515	80006104	08fba2d3	fsub.s	f5,f23,f15	 f23:0xbf800000 f15:0xce6cbf87  f5=0x4e6cbf86
     275185.000 ns	     27517	80006108	71004eb7	lui	x29,0x71004	 x29=0x71004000
     275545.000 ns	     27553	8000610c	02cb59b3	divu	x19,x22,x12	 x22:0x00000000 x12:0x80041024 x19=0x00000000
     275595.000 ns	     27558	80006110	0891fed3	fsub.s	f29,f3,f9	  f3:0x7fc00000  f9:0x00000001 f29=0x7fc00000
     275615.000 ns	     27560	80006114	00a76333	or	x6,x14,x10	 x14:0x00000001 x10:0x00000000  x6=0x00000001
     275625.000 ns	     27561	80006118	0fc00b13	addi	x22,x0,252	  x0:0x00000000 x22=0x000000fc
     275645.000 ns	     27563	8000611c	20420753	fsgnj.s	f14,f4,f4	  f4:0x00000000  f4:0x00000000 f14=0x00000000
     275665.000 ns	     27565	80006120	0193bf33	sltu	x30,x7,x25	  x7:0x00000000 x25:0x00000000 x30=0x00000000
     275675.000 ns	     27566	80006124	004a8fb3	add	x31,x21,x4	 x21:0x2cc3533b  x4:0x00000000 x31=0x2cc3533b
     276005.000 ns	     27599	80006128	182af4d3	fdiv.s	f9,f21,f2	 f21:0x3f045ede  f2:0x80000463  f9=0xfdbae04a
     276025.000 ns	     27601	8000612c	0031a3b3	slt	x7,x3,x3	  x3:0x00000000  x3:0x00000000  x7=0x00000000
     276045.000 ns	     27603	80006130	a0602353	feq.s	x6,f0,f6	  f0:0x7fc00000  f6:0xcd66c91f  x6=0x00000000
     276415.000 ns	     27640	80006134	035252b3	divu	x5,x4,x21	  x4:0x00000000 x21:0x2cc3533b  x5=0x00000000
     276435.000 ns	     27642	80006138	00000013	addi	x0,x0,0	  x0:0x00000000
     276445.000 ns	     27643	8000613c	3fc6ba37	lui	x20,0x3fc6b	 x20=0x3fc6b000
     276455.000 ns	     27644	80006140	013374b3	and	x9,x6,x19	  x6:0x00000000 x19:0x00000000  x9=0x00000000
     276465.000 ns	     27645	80006144	407c7113	andi	x2,x24,1031	 x24:0x00000000  x2=0x00000000
     276485.000 ns	     27647	80006148	21679553	fsgnjn.s	f10,f15,f22	 f15:0xce6cbf87 f22:0x80000463 f10=0x4e6cbf87
     276505.000 ns	     27649	8000614c	01411313	slli	x6,x2,0x14	  x2:0xffffffff  x6=0x00000000
     276515.000 ns	     27650	80006150	2ae46417	auipc	x8,0x2ae46	  x8=0xaae4c150
     276535.000 ns	     27652	80006154	0254bfb3	mulhu	x31,x9,x5	  x9:0x00000000  x5:0x00000000 x31=0x00000000
     276565.000 ns	     27655	80006158	03eced33	rem	x26,x25,x30	 x25:0x00000000 x30:0x00000000 x26=0x00000000
     276585.000 ns	     27657	8000615c	41bbd833	sra	x16,x23,x27	 x23:0x80040fe4 x27:0xf1936e1b x16=0xfffffff0
     276595.000 ns	     27658	80006160	41120cb3	sub	x25,x4,x17	  x4:0x00000000 x17:0xfffffc9a x25=0x00000366
     276615.000 ns	     27660	80006164	0264cb33	div	x22,x9,x6	  x9:0x00000000  x6:0x00000000 x22=0xffffffff
     276645.000 ns	     27663	80006168	a1b424d3	feq.s	x9,f8,f27	  f8:0x00000000 f27:0x4e330d40  x9=0x00000000
     276675.000 ns	     27666	8000616c	e00b8a53	fmv.x.w	x20,f23	 f23:0xbf800000 x20=0xbf800000
     276705.000 ns	     27669	80006170	284110d3	fmax.s	f1,f2,f4	  f2:0x80000463  f4:0x00000000  f1=0x00000000
     276735.000 ns	     27672	80006174	034704b3	mul	x9,x14,x20	 x14:0x00000001 x20:0xbf800000  x9=0xbf800000
     276775.000 ns	     27676	80006178	190cfb53	fdiv.s	f22,f25,f16	 f25:0xcefff7e1 f16:0xffc00000 f22=0x7fc00000
     276805.000 ns	     27679	8000617c	21940153	fsgnj.s	f2,f8,f25	  f8:0x00000000 f25:0xcefff7e1  f2=0x80000000
     276845.000 ns	     27683	80006180	19e67a53	fdiv.s	f20,f12,f30	 f12:0x7fc00000 f30:0x4d66c91f f20=0x7fc00000
     276895.000 ns	     27688	80006184	09d9f353	fsub.s	f6,f19,f29	 f19:0xcd66c91f f29:0x7fc00000  f6=0x7fc00000
     276915.000 ns	     27690	80006188	ddd43213	sltiu	x4,x8,-547	  x8:0xaae4c150  x4=0x00000001
     276925.000 ns	     27691	8000618c	400401b3	sub	x3,x8,x0	  x8:0xaae4c150  x0:0x00000000  x3=0xaae4c150
     276935.000 ns	     27692	80006190	010128b3	slt	x17,x2,x16	  x2:0x00000000 x16:0xfffffff0 x17=0x00000000
     276955.000 ns	     27694	80006194	02fb1333	mulh	x6,x22,x15	 x22:0xffffffff x15:0x6a0f6ae4  x6=0xffffffff
     276985.000 ns	     27697	80006198	a09a8553	fle.s	x10,f21,f9	 f21:0x3f045ede  f9:0xfdbae04a x10=0x00000000
     277015.000 ns	     27700	8000619c	032de9b3	rem	x19,x27,x18	 x27:0xf1936e1b x18:0x00000000 x19=0xf1936e1b
     277035.000 ns	     27702	800061a0	01ac6eb3	or	x29,x24,x26	 x24:0x00000000 x26:0x00000000 x29=0x00000000
     277045.000 ns	     27703	800061a4	0033c9b3	xor	x19,x7,x3	  x7:0x00000000  x3:0xaae4c150 x19=0xaae4c150
     277055.000 ns	     27704	800061a8	00000013	addi	x0,x0,0	  x0:0x00000000
     277075.000 ns	     27706	800061ac	c01d79d3	fcvt.wu.s	x19,f26	 f26:0x00000000 x19=0x00000000
     277095.000 ns	     27708	800061b0	003676b3	and	x13,x12,x3	 x12:0x80041024  x3:0xaae4c150 x13=0x80040000
     277105.000 ns	     27709	800061b4	40618fb3	sub	x31,x3,x6	  x3:0xaae4c150  x6:0xffffffff x31=0xaae4c151
     277135.000 ns	     27712	800061b8	197d7ed3	fdiv.s	f29,f26,f23	 f26:0x00000000 f23:0xbf800000 f29=0x80000000
     277155.000 ns	     27714	800061bc	f4f3c093	xori	x1,x7,-177	  x7:0x00000000  x1=0xffffff4f
     277175.000 ns	     27716	800061c0	03a40eb3	mul	x29,x8,x26	  x8:0xaae4c150 x26:0x00000000 x29=0x00000000
     277205.000 ns	     27719	800061c4	204125d3	fsgnjx.s	f11,f2,f4	  f2:0x80000000  f4:0x00000000 f11=0x80000000
     277575.000 ns	     27756	800061c8	026fd5b3	divu	x11,x31,x6	 x31:0xaae4c151  x6:0xffffffff x11=0x00000000
     277605.000 ns	     27759	800061cc	a09b1ad3	flt.s	x21,f22,f9	 f22:0x7fc00000  f9:0xfdbae04a x21=0x00000000
     277635.000 ns	     27762	800061d0	202c0653	fsgnj.s	f12,f24,f2	 f24:0x7f800000  f2:0x80000000 f12=0xff800000
     277665.000 ns	     27765	800061d4	e00e11d3	fclass.s	x3,f28	 f28:0xcefff7e1  x3=0x00000002
     277685.000 ns	     27767	800061d8	016734b3	sltu	x9,x14,x22	 x14:0x00000001 x22:0xffffffff  x9=0x00000001
     277705.000 ns	     27769	800061dc	e00b86d3	fmv.x.w	x13,f23	 f23:0xbf800000 x13=0xbf800000
     277725.000 ns	     27771	800061e0	402505b3	sub	x11,x10,x2	 x10:0x00000000  x2:0x00000000 x11=0x00000000
     277745.000 ns	     27773	800061e4	025733b3	mulhu	x7,x14,x5	 x14:0x00000001  x5:0x00000000  x7=0x00000000
     277765.000 ns	     27775	800061e8	00000013	addi	x0,x0,0	  x0:0x00000000
     277785.000 ns	     27777	800061ec	e00683d3	fmv.x.w	x7,f13	 f13:0x7fc00000  x7=0x7fc00000
     277815.000 ns	     27780	800061f0	03549533	mulh	x10,x9,x21	  x9:0x00000001 x21:0x00000000 x10=0x00000000
     277835.000 ns	     27782	800061f4	00d8d713	srli	x14,x17,0xd	 x17:0x00000000 x14=0x00000000
     277855.000 ns	     27784	800061f8	e00e00d3	fmv.x.w	x1,f28	 f28:0xcefff7e1  x1=0xcefff7e1
     277895.000 ns	     27788	800061fc	119e7dd3	fmul.s	f27,f28,f25	 f28:0xcefff7e1 f25:0xcefff7e1 f27=0x5e7fefc2
     277915.000 ns	     27790	80006200	e7793513	sltiu	x10,x18,-393	 x18:0x00000000 x10=0x00000001
     277935.000 ns	     27792	80006204	d00d8753	fcvt.s.w	f14,x27	 x27:0xf1936e1b f14=0xcd66c91e
     277975.000 ns	     27796	80006208	10040253	fmul.s	f4,f8,f0	  f8:0x00000000  f0:0x7fc00000  f4=0x7fc00000
     278015.000 ns	     27800	8000620c	194f9a53	fdiv.s	f20,f31,f20	 f31:0xbf800000 f20:0x7fc00000 f20=0x7fc00000
     278035.000 ns	     27802	80006210	15797a37	lui	x20,0x15797	 x20=0x15797000
     278045.000 ns	     27803	80006214	006460b3	or	x1,x8,x6	  x8:0xaae4c150  x6:0xffffffff  x1=0xffffffff
     278065.000 ns	     27805	80006218	02518a33	mul	x20,x3,x5	  x3:0x00000002  x5:0x00000000 x20=0x00000000
     278115.000 ns	     27810	8000621c	00e29f53	fadd.s	f30,f5,f14	  f5:0x4e6cbf86 f14:0xcd66c91e f30=0x4e330d3e
     278145.000 ns	     27813	80006220	21219dd3	fsgnjn.s	f27,f3,f18	  f3:0x7fc00000 f18:0x00000000 f27=0xffc00000
     278195.000 ns	     27818	80006224	0952fa53	fsub.s	f20,f5,f21	  f5:0x4e6cbf86 f21:0x3f045ede f20=0x4e6cbf85
     278225.000 ns	     27821	80006228	a171a9d3	feq.s	x19,f3,f23	  f3:0x7fc00000 f23:0xbf800000 x19=0x00000000
     278245.000 ns	     27823	8000622c	002485b3	add	x11,x9,x2	  x9:0x00000001  x2:0x00000000 x11=0x00000001
     278265.000 ns	     27825	80006230	28df83d3	fmin.s	f7,f31,f13	 f31:0xbf800000 f13:0x7fc00000  f7=0xbf800000
     278285.000 ns	     27827	80006234	418e5f93	srai	x31,x28,0x18	 x28:0x80041024 x31=0xffffff80
     278295.000 ns	     27828	80006238	96696d13	ori	x26,x18,-1690	 x18:0x00000000 x26=0xfffff966
     278315.000 ns	     27830	8000623c	02b10133	mul	x2,x2,x11	  x2:0x00000000 x11:0x00000001  x2=0x00000000
     278345.000 ns	     27833	80006240	035cbd33	mulhu	x26,x25,x21	 x25:0x00000366 x21:0x00000000 x26=0x00000000
     278685.000 ns	     27867	80006244	18ea7f53	fdiv.s	f30,f20,f14	 f20:0x4e6cbf85 f14:0xcd66c91e f30=0xc06cbf86
     278705.000 ns	     27869	80006248	00000013	addi	x0,x0,0	  x0:0x00000000
     278715.000 ns	     27870	8000624c	01691513	slli	x10,x18,0x16	 x18:0x00000000 x10=0x00000000
     278725.000 ns	     27871	80006250	3374a037	lui	x0,0x3374a	
     278755.000 ns	     27874	80006254	1138bfd3	fmul.s	f31,f17,f19	 f17:0x00000463 f19:0xcd66c91f f31=0x87fd1910
     278775.000 ns	     27876	80006258	016465b3	or	x11,x8,x22	  x8:0xaae4c150 x22:0xffffffff x11=0xffffffff
     278785.000 ns	     27877	8000625c	00525533	srl	x10,x4,x5	  x4:0x00000001  x5:0x00000000 x10=0x00000001
     278805.000 ns	     27879	80006260	d01e3753	fcvt.s.wu	f14,x28	 x28:0x80041024 f14=0x4f000411
     278825.000 ns	     27881	80006264	00342ab3	slt	x21,x8,x3	  x8:0xaae4c150  x3:0x00000002 x21=0x00000001
     278835.000 ns	     27882	80006268	018ed733	srl	x14,x29,x24	 x29:0x00000000 x24:0x00000000 x14=0x00000000
     279195.000 ns	     27918	8000626c	02c262b3	rem	x5,x4,x12	  x4:0x00000001 x12:0x80041024  x5=0x00000001
     279215.000 ns	     27920	80006270	46843893	sltiu	x17,x8,1128	  x8:0xaae4c150 x17=0x00000000
     279575.000 ns	     27956	80006274	02abe633	rem	x12,x23,x10	 x23:0x80040fe4 x10:0x00000001 x12=0x00000000
     279595.000 ns	     27958	80006278	003d96b3	sll	x13,x27,x3	 x27:0xf1936e1b  x3:0x00000002 x13=0xc64db86c
     279615.000 ns	     27960	8000627c	d01ffcd3	fcvt.s.wu	f25,x31	 x31:0xffffff80 f25=0x4f7fffff
     279635.000 ns	     27962	80006280	00ae8eb3	add	x29,x29,x10	 x29:0x00000000 x10:0x00000001 x29=0x00000001
     279655.000 ns	     27964	80006284	03eff8b3	remu	x17,x31,x30	 x31:0xffffff80 x30:0x00000000 x17=0xffffff80
     279675.000 ns	     27966	80006288	40b35f93	srai	x31,x6,0xb	  x6:0xffffffff x31=0xffffffff
     279685.000 ns	     27967	8000628c	8bbd7293	andi	x5,x26,-1861	 x26:0x00000000  x5=0x00000000
     279705.000 ns	     27969	80006290	a1c12753	feq.s	x14,f2,f28	  f2:0x80000000 f28:0xcefff7e1 x14=0x00000000
     279725.000 ns	     27971	80006294	12a85737	lui	x14,0x12a85	 x14=0x12a85000
     279745.000 ns	     27973	80006298	296e1cd3	fmax.s	f25,f28,f22	 f28:0xcefff7e1 f22:0x7fc00000 f25=0xcefff7e1
     279765.000 ns	     27975	8000629c	019a7433	and	x8,x20,x25	 x20:0x00000000 x25:0x00000366  x8=0x00000000
     279785.000 ns	     27977	800062a0	286b00d3	fmin.s	f1,f22,f6	 f22:0x7fc00000  f6:0x7fc00000  f1=0x7fc00000
     279815.000 ns	     27980	800062a4	03ede4b3	rem	x9,x27,x30	 x27:0xf1936e1b x30:0x00000000  x9=0xf1936e1b
     279865.000 ns	     27985	800062a8	096e3953	fsub.s	f18,f28,f22	 f28:0xcefff7e1 f22:0x7fc00000 f18=0x7fc00000
     279885.000 ns	     27987	800062ac	a791c513	xori	x10,x3,-1415	  x3:0x00000002 x10=0xfffffa7b
     279925.000 ns	     27991	800062b0	09f07453	fsub.s	f8,f0,f31	  f0:0x7fc00000 f31:0x87fd1910  f8=0x7fc00000
     279945.000 ns	     27993	800062b4	010ac133	xor	x2,x21,x16	 x21:0x00000001 x16:0xfffffff0  x2=0xfffffff1
     279965.000 ns	     27995	800062b8	d00177d3	fcvt.s.w	f15,x2	  x2:0x00000000 f15=0xc1700000
     279985.000 ns	     27997	800062bc	383ac493	xori	x9,x21,899	 x21:0x00000001  x9=0x00000382
     280005.000 ns	     27999	800062c0	a1c480d3	fle.s	x1,f9,f28	  f9:0xfdbae04a f28:0xcefff7e1  x1=0x00000001
     280035.000 ns	     28002	800062c4	c01d2ed3	fcvt.wu.s	x29,f26	 f26:0x00000000 x29=0x00000000
     280065.000 ns	     28005	800062c8	e00280d3	fmv.x.w	x1,f5	  f5:0x4e6cbf86  x1=0x4e6cbf86
     280105.000 ns	     28009	800062cc	10777053	fmul.s	f0,f14,f7	 f14:0x4f000411  f7:0xbf800000  f0=0xcf000412
     280135.000 ns	     28012	800062d0	037f9133	mulh	x2,x31,x23	 x31:0xffffffff x23:0x80040fe4  x2=0x00000000
     280155.000 ns	     28014	800062d4	556c7e93	andi	x29,x24,1366	 x24:0x00000000 x29=0x00000000
     280175.000 ns	     28016	800062d8	a1b901d3	fle.s	x3,f18,f27	 f18:0x7fc00000 f27:0xffc00000  x3=0x00000000
     280205.000 ns	     28019	800062dc	28119653	fmax.s	f12,f3,f1	  f3:0x7fc00000  f1:0x7fc00000 f12=0x7fc00000
     280225.000 ns	     28021	800062e0	e8fa6a93	ori	x21,x20,-369	 x20:0x00000000 x21=0xfffffe8f
     280245.000 ns	     28023	800062e4	d01f0e53	fcvt.s.wu	f28,x30	 x30:0x00000000 f28=0x00000000
     280275.000 ns	     28026	800062e8	d0067653	fcvt.s.w	f12,x12	 x12:0x00000000 f12=0x00000000
     280305.000 ns	     28029	800062ec	21d8a2d3	fsgnjx.s	f5,f17,f29	 f17:0x00000463 f29:0x80000000  f5=0x80000463
     280335.000 ns	     28032	800062f0	c0157cd3	fcvt.wu.s	x25,f10	 f10:0x4e6cbf87 x25=0x3b2fe1c0
     280365.000 ns	     28035	800062f4	a0f2afd3	feq.s	x31,f5,f15	  f5:0x80000463 f15:0xc1700000 x31=0x00000000
     280385.000 ns	     28037	800062f8	00fa5093	srli	x1,x20,0xf	 x20:0x00000000  x1=0x00000000
     280405.000 ns	     28039	800062fc	032d5eb3	divu	x29,x26,x18	 x26:0x00000000 x18:0x00000000 x29=0xffffffff
     280425.000 ns	     28041	80006300	00a39393	slli	x7,x7,0xa	  x7:0x7fc00000  x7=0x00000000
     280445.000 ns	     28043	80006304	e00390d3	fclass.s	x1,f7	  f7:0xbf800000  x1=0x00000002
     280475.000 ns	     28046	80006308	a0241d53	flt.s	x26,f8,f2	  f8:0x7fc00000  f2:0x80000000 x26=0x00000000
     280525.000 ns	     28051	8000630c	08a0f2d3	fsub.s	f5,f1,f10	  f1:0x7fc00000 f10:0x4e6cbf87  f5=0x7fc00000
     280555.000 ns	     28054	80006310	215f0ed3	fsgnj.s	f29,f30,f21	 f30:0xc06cbf86 f21:0x3f045ede f29=0x406cbf86
     280585.000 ns	     28057	80006314	0383a5b3	mulhsu	x11,x7,x24	  x7:0x00000000 x24:0x00000000 x11=0x00000000
     280615.000 ns	     28060	80006318	0314a633	mulhsu	x12,x9,x17	  x9:0x00000382 x17:0xffffff80 x12=0x00000381
     280665.000 ns	     28065	8000631c	011474d3	fadd.s	f9,f8,f17	  f8:0x7fc00000 f17:0x00000463  f9=0x7fc00000
     280685.000 ns	     28067	80006320	00bee4b3	or	x9,x29,x11	 x29:0xffffffff x11:0x00000000  x9=0xffffffff
     280705.000 ns	     28069	80006324	21060953	fsgnj.s	f18,f12,f16	 f12:0x00000000 f16:0xffc00000 f18=0x80000000
     280725.000 ns	     28071	80006328	e76c3193	sltiu	x3,x24,-394	 x24:0x00000000  x3=0x00000001
     280745.000 ns	     28073	8000632c	a1f18553	fle.s	x10,f3,f31	  f3:0x7fc00000 f31:0x87fd1910 x10=0x00000000
     280775.000 ns	     28076	80006330	c0069a53	fcvt.w.s	x20,f13	 f13:0x7fc00000 x20=0x7fffffff
     280805.000 ns	     28079	80006334	025e47b3	div	x15,x28,x5	 x28:0x80041024  x5:0x00000000 x15=0xffffffff
     280825.000 ns	     28081	80006338	113d7893	andi	x17,x26,275	 x26:0x00000000 x17=0x00000000
     280835.000 ns	     28082	8000633c	01807a17	auipc	x20,0x1807	 x20=0x8180d33c
     280855.000 ns	     28084	80006340	d01a86d3	fcvt.s.wu	f13,x21	 x21:0xfffffe8f f13=0x4f7fffff
     280875.000 ns	     28086	80006344	af072f93	slti	x31,x14,-1296	 x14:0x12a85000 x31=0x00000000
     280885.000 ns	     28087	80006348	58b7d997	auipc	x19,0x58b7d	 x19=0xd8b83348
     280895.000 ns	     28088	8000634c	96bbd937	lui	x18,0x96bbd	 x18=0x96bbd000
     280915.000 ns	     28090	80006350	a17e1153	flt.s	x2,f28,f23	 f28:0x00000000 f23:0xbf800000  x2=0x00000000
     280935.000 ns	     28092	80006354	93687c17	auipc	x24,0x93687	 x24=0x1368d354
     280955.000 ns	     28094	80006358	d00397d3	fcvt.s.w	f15,x7	  x7:0x00000000 f15=0x00000000
     280985.000 ns	     28097	8000635c	e00b1ed3	fclass.s	x29,f22	 f22:0x7fc00000 x29=0x00000200
     281015.000 ns	     28100	80006360	a1220ad3	fle.s	x21,f4,f18	  f4:0x7fc00000 f18:0x80000000 x21=0x00000000
     281045.000 ns	     28103	80006364	d00d80d3	fcvt.s.w	f1,x27	 x27:0xf1936e1b  f1=0xcd66c91e
     281065.000 ns	     28105	80006368	58980c97	auipc	x25,0x58980	 x25=0xd8986368
     281085.000 ns	     28107	8000636c	e0009453	fclass.s	x8,f1	  f1:0xcd66c91e  x8=0x00000002
     281125.000 ns	     28111	80006370	5804fa53	fsqrt.s	f20,f9	  f9:0x7fc00000 f20=0x7fc00000
     281165.000 ns	     28115	80006374	19647bd3	fdiv.s	f23,f8,f22	  f8:0x7fc00000 f22:0x7fc00000 f23=0x7fc00000
     281185.000 ns	     28117	80006378	40aed313	srai	x6,x29,0xa	 x29:0x00000200  x6=0x00000000
     281205.000 ns	     28119	8000637c	02b75b33	divu	x22,x14,x11	 x14:0x12a85000 x11:0x00000000 x22=0xffffffff
     281235.000 ns	     28122	80006380	033116b3	mulh	x13,x2,x19	  x2:0x00000000 x19:0xd8b83348 x13=0x00000000
     281265.000 ns	     28125	80006384	204c9553	fsgnjn.s	f10,f25,f4	 f25:0xcefff7e1  f4:0x7fc00000 f10=0xcefff7e1
     281295.000 ns	     28128	80006388	a12ba9d3	feq.s	x19,f23,f18	 f23:0x7fc00000 f18:0x80000000 x19=0x00000000
     281325.000 ns	     28131	8000638c	e0058ad3	fmv.x.w	x21,f11	 f11:0x80000000 x21=0x80000000
     281345.000 ns	     28133	80006390	4b64e893	ori	x17,x9,1206	  x9:0xffffffff x17=0xffffffff
     281365.000 ns	     28135	80006394	d0127b53	fcvt.s.wu	f22,x4	  x4:0x00000001 f22=0x3f800000
     281385.000 ns	     28137	80006398	78336237	lui	x4,0x78336	  x4=0x78336000
     281405.000 ns	     28139	8000639c	28770b53	fmin.s	f22,f14,f7	 f14:0x4f000411  f7:0xbf800000 f22=0xbf800000
     281425.000 ns	     28141	800063a0	fa66e897	auipc	x17,0xfa66e	 x17=0x7a6743a0
     281435.000 ns	     28142	800063a4	0113d733	srl	x14,x7,x17	  x7:0x00000000 x17:0xffffffff x14=0x00000000
     281445.000 ns	     28143	800063a8	006f9d13	slli	x26,x31,0x6	 x31:0x00000000 x26=0x00000000
     281805.000 ns	     28179	800063ac	03bddf33	divu	x30,x27,x27	 x27:0xf1936e1b x27:0xf1936e1b x30=0x00000001
     281825.000 ns	     28181	800063b0	01e82a33	slt	x20,x16,x30	 x16:0xfffffff0 x30:0x00000000 x20=0x00000001
     281835.000 ns	     28182	800063b4	007721b3	slt	x3,x14,x7	 x14:0x00000000  x7:0x00000000  x3=0x00000000
     281865.000 ns	     28185	800063b8	580f0553	fsqrt.s	f10,f30	 f30:0xc06cbf86 f10=0x7fc00000
     282235.000 ns	     28222	800063bc	039e5133	divu	x2,x28,x25	 x28:0x80041024 x25:0xd8986368  x2=0x00000000
     282255.000 ns	     28224	800063c0	0180d413	srli	x8,x1,0x18	  x1:0x00000002  x8=0x00000000
     282265.000 ns	     28225	800063c4	0001e033	or	x0,x3,x0	  x3:0x00000000  x0:0x00000000
     282285.000 ns	     28227	800063c8	28998553	fmin.s	f10,f19,f9	 f19:0xcd66c91f  f9:0x7fc00000 f10=0xcd66c91f
     282315.000 ns	     28230	800063cc	0278e1b3	rem	x3,x17,x7	 x17:0x7a6743a0  x7:0x00000000  x3=0x7a6743a0
     282355.000 ns	     28234	800063d0	19ab2fd3	fdiv.s	f31,f22,f26	 f22:0xbf800000 f26:0x00000000 f31=0xff800000
     282375.000 ns	     28236	800063d4	40a788b3	sub	x17,x15,x10	 x15:0xffffffff x10:0x00000000 x17=0xffffffff
     283545.000 ns	     28353	800063d8	580ecad3	fsqrt.s	f21,f29	 f29:0x406cbf86 f21=0x3fa767f8
     283575.000 ns	     28356	800063dc	a0c92053	feq.s	x0,f18,f12	 f18:0x80000000 f12:0x00000000
     283595.000 ns	     28358	800063e0	30534513	xori	x10,x6,773	  x6:0x00000000 x10=0x00000305
     283605.000 ns	     28359	800063e4	0020d993	srli	x19,x1,0x2	  x1:0x00000002 x19=0x00000000
     283615.000 ns	     28360	800063e8	f9aa0213	addi	x4,x20,-102	 x20:0x00000001  x4=0xffffff9b
     283625.000 ns	     28361	800063ec	d1097297	auipc	x5,0xd1097	  x5=0x5109d3ec
     283655.000 ns	     28364	800063f0	110e7353	fmul.s	f6,f28,f16	 f28:0x00000000 f16:0xffc00000  f6=0x7fc00000
     283675.000 ns	     28366	800063f4	017025b3	slt	x11,x0,x23	  x0:0x00000000 x23:0x80040fe4 x11=0x00000000
     283695.000 ns	     28368	800063f8	c011f4d3	fcvt.wu.s	x9,f3	  f3:0x7fc00000  x9=0xffffffff
     283725.000 ns	     28371	800063fc	d011ffd3	fcvt.s.wu	f31,x3	  x3:0x7a6743a0 f31=0x4ef4ce87
     283755.000 ns	     28374	80006400	2176acd3	fsgnjx.s	f25,f13,f23	 f13:0x4f7fffff f23:0x7fc00000 f25=0x4f7fffff
     283775.000 ns	     28376	80006404	2eec3493	sltiu	x9,x24,750	 x24:0x1368d354  x9=0x00000000
     283785.000 ns	     28377	80006408	011f5c93	srli	x25,x30,0x11	 x30:0x00000001 x25=0x00000000
     283805.000 ns	     28379	8000640c	d004f453	fcvt.s.w	f8,x9	  x9:0xffffffff  f8=0x00000000
     283835.000 ns	     28382	80006410	a18c2b53	feq.s	x22,f24,f24	 f24:0x7f800000 f24:0x7f800000 x22=0x00000001
     283855.000 ns	     28384	80006414	01c940b3	xor	x1,x18,x28	 x18:0x96bbd000 x28:0x80041024  x1=0x16bfc024
     283875.000 ns	     28386	80006418	024434b3	mulhu	x9,x8,x4	  x8:0x00000000  x4:0xffffff9b  x9=0x00000000
     283905.000 ns	     28389	8000641c	020334b3	mulhu	x9,x6,x0	  x6:0x00000000  x0:0x00000000  x9=0x00000000
     283935.000 ns	     28392	80006420	022a92b3	mulh	x5,x21,x2	 x21:0x80000000  x2:0x00000000  x5=0x00000000
     283965.000 ns	     28395	80006424	21dbadd3	fsgnjx.s	f27,f23,f29	 f23:0x7fc00000 f29:0x406cbf86 f27=0x7fc00000
     283995.000 ns	     28398	80006428	02f4aab3	mulhsu	x21,x9,x15	  x9:0x00000000 x15:0xffffffff x21=0x00000000
     284025.000 ns	     28401	8000642c	21c89053	fsgnjn.s	f0,f17,f28	 f17:0x00000463 f28:0x00000000  f0=0x80000463
     284045.000 ns	     28403	80006430	41b4d4b3	sra	x9,x9,x27	  x9:0x00000000 x27:0xf1936e1b  x9=0x00000000
     284065.000 ns	     28405	80006434	0231bab3	mulhu	x21,x3,x3	  x3:0x7a6743a0  x3:0x7a6743a0 x21=0x3a86961b
     284085.000 ns	     28407	80006438	01143a33	sltu	x20,x8,x17	  x8:0x00000000 x17:0xffffffff x20=0x00000001
     284445.000 ns	     28443	8000643c	02a1ecb3	rem	x25,x3,x10	  x3:0x7a6743a0 x10:0x00000305 x25=0x00000202
     284475.000 ns	     28446	80006440	03673f33	mulhu	x30,x14,x22	 x14:0x00000000 x22:0x00000001 x30=0x00000000
     284495.000 ns	     28448	80006444	1cdf2597	auipc	x11,0x1cdf2	 x11=0x9cdf8444
     284505.000 ns	     28449	80006448	0051c4b3	xor	x9,x3,x5	  x3:0x7a6743a0  x5:0x00000000  x9=0x7a6743a0
     284515.000 ns	     28450	8000644c	006a9533	sll	x10,x21,x6	 x21:0x3a86961b  x6:0x00000000 x10=0x3a86961b
     284525.000 ns	     28451	80006450	008311b3	sll	x3,x6,x8	  x6:0x00000000  x8:0x00000000  x3=0x00000000
     284535.000 ns	     28452	80006454	bb196d13	ori	x26,x18,-1103	 x18:0x96bbd000 x26=0xfffffbb1
     284545.000 ns	     28453	80006458	00000013	addi	x0,x0,0	  x0:0x00000000
     284555.000 ns	     28454	8000645c	d4562b13	slti	x22,x12,-699	 x12:0x00000381 x22=0x00000000
     284565.000 ns	     28455	80006460	017f4f33	xor	x30,x30,x23	 x30:0x00000000 x23:0x80040fe4 x30=0x80040fe4
     284585.000 ns	     28457	80006464	025b4b33	div	x22,x22,x5	 x22:0x00000001  x5:0x00000000 x22=0xffffffff
     284625.000 ns	     28461	80006468	100373d3	fmul.s	f7,f6,f0	  f6:0x7fc00000  f0:0x80000463  f7=0x7fc00000
     284645.000 ns	     28463	8000646c	41fd80b3	sub	x1,x27,x31	 x27:0xf1936e1b x31:0x00000000  x1=0xf1936e1b
     284655.000 ns	     28464	80006470	36606c93	ori	x25,x0,870	  x0:0x00000000 x25=0x00000366
     285015.000 ns	     28500	80006474	02185eb3	divu	x29,x16,x1	 x16:0xfffffff0  x1:0x16bfc024 x29=0x00000001
     285035.000 ns	     28502	80006478	9b64f013	andi	x0,x9,-1610	  x9:0x7a6743a0
     285045.000 ns	     28503	8000647c	403b5d33	sra	x26,x22,x3	 x22:0xffffffff  x3:0x00000000 x26=0xffffffff
     285065.000 ns	     28505	80006480	c00e7fd3	fcvt.w.s	x31,f28	 f28:0x00000000 x31=0x00000000
     285095.000 ns	     28508	80006484	20a782d3	fsgnj.s	f5,f15,f10	 f15:0x00000000 f10:0xcd66c91f  f5=0x80000000
     285115.000 ns	     28510	80006488	c2c28e97	auipc	x29,0xc2c28	 x29=0x42c2e488
     285125.000 ns	     28511	8000648c	00df4533	xor	x10,x30,x13	 x30:0x80040fe4 x13:0x00000000 x10=0x80040fe4
     285145.000 ns	     28513	80006490	213d22d3	fsgnjx.s	f5,f26,f19	 f26:0x00000000 f19:0xcd66c91f  f5=0x80000000
     285165.000 ns	     28515	80006494	40e0d733	sra	x14,x1,x14	  x1:0xf1936e1b x14:0x00000000 x14=0xf1936e1b
     285175.000 ns	     28516	80006498	00754fb3	xor	x31,x10,x7	 x10:0x80040fe4  x7:0x00000000 x31=0x80040fe4
     285185.000 ns	     28517	8000649c	f895b793	sltiu	x15,x11,-119	 x11:0x9cdf8444 x15=0x00000001
     285205.000 ns	     28519	800064a0	a0091f53	flt.s	x30,f18,f0	 f18:0x80000000  f0:0x80000463 x30=0x00000000
     285225.000 ns	     28521	800064a4	0128fab3	and	x21,x17,x18	 x17:0xffffffff x18:0x96bbd000 x21=0x96bbd000
     285245.000 ns	     28523	800064a8	e00c08d3	fmv.x.w	x17,f24	 f24:0x7f800000 x17=0x7f800000
     285275.000 ns	     28526	800064ac	c0037a53	fcvt.w.s	x20,f6	  f6:0x7fc00000 x20=0x7fffffff
     285305.000 ns	     28529	800064b0	031194b3	mulh	x9,x3,x17	  x3:0x00000000 x17:0x7f800000  x9=0x00000000
     285335.000 ns	     28532	800064b4	f00384d3	fmv.w.x	f9,x7	  x7:0x00000000  f9=0x00000000
     285385.000 ns	     28537	800064b8	012734d3	fadd.s	f9,f14,f18	 f14:0x4f000411 f18:0x80000000  f9=0x4f000411
     285415.000 ns	     28540	800064bc	02c320b3	mulhsu	x1,x6,x12	  x6:0x00000000 x12:0x00000381  x1=0x00000000
     285445.000 ns	     28543	800064c0	e00f10d3	fclass.s	x1,f30	 f30:0xc06cbf86  x1=0x00000002
     285475.000 ns	     28546	800064c4	022f8fb3	mul	x31,x31,x2	 x31:0x80040fe4  x2:0x00000000 x31=0x00000000
     285505.000 ns	     28549	800064c8	03208833	mul	x16,x1,x18	  x1:0x00000002 x18:0x96bbd000 x16=0x2d77a000
     285525.000 ns	     28551	800064cc	4eba0717	auipc	x14,0x4eba0	 x14=0xceba64cc
     285535.000 ns	     28552	800064d0	5db628b7	lui	x17,0x5db62	 x17=0x5db62000
     285545.000 ns	     28553	800064d4	41de0233	sub	x4,x28,x29	 x28:0x80041024 x29:0x42c2e488  x4=0x3d412b9c
     285555.000 ns	     28554	800064d8	00c798b3	sll	x17,x15,x12	 x15:0x00000001 x12:0x00000381 x17=0x00000002
     285575.000 ns	     28556	800064dc	022c2cb3	mulhsu	x25,x24,x2	 x24:0x1368d354  x2:0x00000000 x25=0x00000000
     285605.000 ns	     28559	800064e0	0200f933	remu	x18,x1,x0	  x1:0x00000002  x0:0x00000000 x18=0x00000002
     285635.000 ns	     28562	800064e4	a03daad3	feq.s	x21,f27,f3	 f27:0x7fc00000  f3:0x7fc00000 x21=0x00000000
     285665.000 ns	     28565	800064e8	d00c03d3	fcvt.s.w	f7,x24	 x24:0x1368d354  f7=0x4d9b469a
     285685.000 ns	     28567	800064ec	cdffea93	ori	x21,x31,-801	 x31:0x00000000 x21=0xfffffcdf
     285695.000 ns	     28568	800064f0	00000013	addi	x0,x0,0	  x0:0x00000000
     285715.000 ns	     28570	800064f4	c0127ed3	fcvt.wu.s	x29,f4	  f4:0x7fc00000 x29=0xffffffff
     285735.000 ns	     28572	800064f8	b306ca93	xori	x21,x13,-1232	 x13:0x00000000 x21=0xfffffb30
     285755.000 ns	     28574	800064fc	206c19d3	fsgnjn.s	f19,f24,f6	 f24:0x7f800000  f6:0x7fc00000 f19=0xff800000
     285785.000 ns	     28577	80006500	c00249d3	fcvt.w.s	x19,f4	  f4:0x7fc00000 x19=0x7fffffff
     286155.000 ns	     28614	80006504	02bd6433	rem	x8,x26,x11	 x26:0xffffffff x11:0x9cdf8444  x8=0xffffffff
     286175.000 ns	     28616	80006508	94237393	andi	x7,x6,-1726	  x6:0x00000000  x7=0x00000000
     286195.000 ns	     28618	8000650c	c00781d3	fcvt.w.s	x3,f15	 f15:0x00000000  x3=0x00000000
     286215.000 ns	     28620	80006510	00dd9913	slli	x18,x27,0xd	 x27:0xf1936e1b x18=0x6dc36000
     286235.000 ns	     28622	80006514	a0d81853	flt.s	x16,f16,f13	 f16:0xffc00000 f13:0x4f7fffff x16=0x00000000
     286255.000 ns	     28624	80006518	40355513	srai	x10,x10,0x3	 x10:0x80040fe4 x10=0xf00081fc
     286265.000 ns	     28625	8000651c	01929933	sll	x18,x5,x25	  x5:0x00000000 x25:0x00000000 x18=0x00000000
     286275.000 ns	     28626	80006520	94261437	lui	x8,0x94261	  x8=0x94261000
     286295.000 ns	     28628	80006524	203f2d53	fsgnjx.s	f26,f30,f3	 f30:0xc06cbf86  f3:0x7fc00000 f26=0xc06cbf86
     286325.000 ns	     28631	80006528	e00b0d53	fmv.x.w	x26,f22	 f22:0xbf800000 x26=0xbf800000
     286345.000 ns	     28633	8000652c	5274e813	ori	x16,x9,1319	  x9:0x00000000 x16=0x00000527
     286365.000 ns	     28635	80006530	02374333	div	x6,x14,x3	 x14:0xceba64cc  x3:0x00000000  x6=0xffffffff
     286735.000 ns	     28672	80006534	0307eb33	rem	x22,x15,x16	 x15:0x00000001 x16:0x00000000 x22=0x00000001
     286755.000 ns	     28674	80006538	01e25e93	srli	x29,x4,0x1e	  x4:0x3d412b9c x29=0x00000000
     286765.000 ns	     28675	8000653c	41e95b33	sra	x22,x18,x30	 x18:0x00000000 x30:0x00000000 x22=0x00000000
     286775.000 ns	     28676	80006540	402fda13	srai	x20,x31,0x2	 x31:0x00000000 x20=0x00000000
     286785.000 ns	     28677	80006544	5f9fb693	sltiu	x13,x31,1529	 x31:0x00000000 x13=0x00000001
     286795.000 ns	     28678	80006548	87f78193	addi	x3,x15,-1921	 x15:0x00000001  x3=0xfffff880
     286815.000 ns	     28680	8000654c	d0098753	fcvt.s.w	f14,x19	 x19:0x7fffffff f14=0x4effffff
     286835.000 ns	     28682	80006550	013b2cb3	slt	x25,x22,x19	 x22:0x00000000 x19:0x7fffffff x25=0x00000001
     286855.000 ns	     28684	80006554	c01afd53	fcvt.wu.s	x26,f21	 f21:0x3fa767f8 x26=0x00000001
     286875.000 ns	     28686	80006558	24a3ce93	xori	x29,x7,586	  x7:0x00000000 x29=0x0000024a
     286895.000 ns	     28688	8000655c	20c39b53	fsgnjn.s	f22,f7,f12	  f7:0x4d9b469a f12:0x00000000 f22=0xcd9b469a
     286915.000 ns	     28690	80006560	002b47b3	xor	x15,x22,x2	 x22:0x00000000  x2:0x00000000 x15=0x00000000
     286925.000 ns	     28691	80006564	00c17833	and	x16,x2,x12	  x2:0x00000000 x12:0x00000381 x16=0x00000000
     286935.000 ns	     28692	80006568	01d811b3	sll	x3,x16,x29	 x16:0x00000527 x29:0x0000024a  x3=0x00000000
     286955.000 ns	     28694	8000656c	a1d427d3	feq.s	x15,f8,f29	  f8:0x00000000 f29:0x406cbf86 x15=0x00000000
     286985.000 ns	     28697	80006570	03f66f33	rem	x30,x12,x31	 x12:0x00000381 x31:0x00000000 x30=0x00000381
     287005.000 ns	     28699	80006574	ca304f93	xori	x31,x0,-861	  x0:0x00000000 x31=0xfffffca3
     287025.000 ns	     28701	80006578	289f80d3	fmin.s	f1,f31,f9	 f31:0x4ef4ce87  f9:0x4f000411  f1=0x4ef4ce87
     287045.000 ns	     28703	8000657c	00fd1793	slli	x15,x26,0xf	 x26:0x00000001 x15=0x00008000
     287405.000 ns	     28739	80006580	03e75233	divu	x4,x14,x30	 x14:0xceba64cc x30:0x00000381  x4=0x003affd3
     287455.000 ns	     28744	80006584	002590d3	fadd.s	f1,f11,f2	 f11:0x80000000  f2:0x80000000  f1=0x80000000
     287475.000 ns	     28746	80006588	01db5733	srl	x14,x22,x29	 x22:0x00000000 x29:0x0000024a x14=0x00000000
     287485.000 ns	     28747	8000658c	40b78733	sub	x14,x15,x11	 x15:0x00008000 x11:0x9cdf8444 x14=0x6320fbbc
     287505.000 ns	     28749	80006590	022dd5b3	divu	x11,x27,x2	 x27:0xf1936e1b  x2:0x00000000 x11=0xffffffff
     287525.000 ns	     28751	80006594	01b44133	xor	x2,x8,x27	  x8:0x94261000 x27:0xf1936e1b  x2=0x65b57e1b
     287565.000 ns	     28755	80006598	08e37153	fsub.s	f2,f6,f14	  f6:0x7fc00000 f14:0x4effffff  f2=0x7fc00000
     287585.000 ns	     28757	8000659c	000c4fb3	xor	x31,x24,x0	 x24:0x1368d354  x0:0x00000000 x31=0x1368d354
     287595.000 ns	     28758	800065a0	40eedc93	srai	x25,x29,0xe	 x29:0x0000024a x25=0x00000000
     287955.000 ns	     28794	800065a4	03bd74b3	remu	x9,x26,x27	 x26:0x00000001 x27:0xf1936e1b  x9=0x00000001
     287975.000 ns	     28796	800065a8	414c8cb3	sub	x25,x25,x20	 x25:0x00000001 x20:0x00000000 x25=0x00000000
     287995.000 ns	     28798	800065ac	21fba153	fsgnjx.s	f2,f23,f31	 f23:0x7fc00000 f31:0x4ef4ce87  f2=0x7fc00000
     288015.000 ns	     28800	800065b0	408a5313	srai	x6,x20,0x8	 x20:0x00000000  x6=0x00000000
     288035.000 ns	     28802	800065b4	a0b881d3	fle.s	x3,f17,f11	 f17:0x00000463 f11:0x80000000  x3=0x00000000
     288055.000 ns	     28804	800065b8	01df10b3	sll	x1,x30,x29	 x30:0x00000381 x29:0x0000024a  x1=0x000e0400
     288065.000 ns	     28805	800065bc	00000013	addi	x0,x0,0	  x0:0x00000000
     288085.000 ns	     28807	800065c0	a11a86d3	fle.s	x13,f21,f17	 f21:0x3fa767f8 f17:0x00000463 x13=0x00000000
     288105.000 ns	     28809	800065c4	602f0193	addi	x3,x30,1538	 x30:0x00000381  x3=0x00000983
     288115.000 ns	     28810	800065c8	00dd15b3	sll	x11,x26,x13	 x26:0x00000001 x13:0x00000000 x11=0x00000001
     288135.000 ns	     28812	800065cc	c01f11d3	fcvt.wu.s	x3,f30	 f30:0xc06cbf86  x3=0x00000003
     288155.000 ns	     28814	800065d0	e356f613	andi	x12,x13,-459	 x13:0x00000000 x12=0x00000000
     288175.000 ns	     28816	800065d4	034be333	rem	x6,x23,x20	 x23:0x80040fe4 x20:0x00000000  x6=0x80040fe4
     288195.000 ns	     28818	800065d8	01213033	sltu	x0,x2,x18	  x2:0x65b57e1b x18:0x00000000
     288215.000 ns	     28820	800065dc	29bc88d3	fmin.s	f17,f25,f27	 f25:0x4f7fffff f27:0x7fc00000 f17=0x4f7fffff
     288235.000 ns	     28822	800065e0	401582b3	sub	x5,x11,x1	 x11:0x00000001  x1:0x000e0400  x5=0xfff1fc01
     288275.000 ns	     28826	800065e4	003c2cd3	fadd.s	f25,f24,f3	 f24:0x7f800000  f3:0x7fc00000 f25=0x7fc00000
     288305.000 ns	     28829	800065e8	c01b77d3	fcvt.wu.s	x15,f22	 f22:0xcd9b469a x15=0x1368d340
     288325.000 ns	     28831	800065ec	12bb3313	sltiu	x6,x22,299	 x22:0x00000000  x6=0x00000001
     288365.000 ns	     28835	800065f0	00de7553	fadd.s	f10,f28,f13	 f28:0x00000000 f13:0x4f7fffff f10=0x4f7fffff
     288385.000 ns	     28837	800065f4	021c3793	sltiu	x15,x24,33	 x24:0x1368d354 x15=0x00000000
     288405.000 ns	     28839	800065f8	28190853	fmin.s	f16,f18,f1	 f18:0x80000000  f1:0x80000000 f16=0x80000000
     288425.000 ns	     28841	800065fc	4198dc13	srai	x24,x17,0x19	 x17:0x00000002 x24=0x00000000
     288445.000 ns	     28843	80006600	0300aab3	mulhsu	x21,x1,x16	  x1:0x000e0400 x16:0x00000000 x21=0x00000000
     288465.000 ns	     28845	80006604	01e0ea33	or	x20,x1,x30	  x1:0x000e0400 x30:0x00000381 x20=0x000e0781
     288475.000 ns	     28846	80006608	071ce8b7	lui	x17,0x71ce	 x17=0x071ce000
     288485.000 ns	     28847	8000660c	019fb733	sltu	x14,x31,x25	 x31:0x1368d354 x25:0x00000000 x14=0x00000000
     288505.000 ns	     28849	80006610	c01c75d3	fcvt.wu.s	x11,f24	 f24:0x7f800000 x11=0xffffffff
     288535.000 ns	     28852	80006614	03035cb3	divu	x25,x6,x16	  x6:0x00000001 x16:0x00000000 x25=0xffffffff
     288905.000 ns	     28889	80006618	039ce633	rem	x12,x25,x25	 x25:0x00000000 x25:0x00000000 x12=0x00000000
     288925.000 ns	     28891	8000661c	001274b3	and	x9,x4,x1	  x4:0x003affd3  x1:0x000e0400  x9=0x000a0400
     288945.000 ns	     28893	80006620	d01c4e53	fcvt.s.wu	f28,x24	 x24:0x00000000 f28=0x00000000
     288965.000 ns	     28895	80006624	3629f493	andi	x9,x19,866	 x19:0x7fffffff  x9=0x00000362
     288975.000 ns	     28896	80006628	6d9ad2b7	lui	x5,0x6d9ad	  x5=0x6d9ad000
     288995.000 ns	     28898	8000662c	0353e1b3	rem	x3,x7,x21	  x7:0x00000000 x21:0x00000000  x3=0x00000000
     289025.000 ns	     28901	80006630	d0150cd3	fcvt.s.wu	f25,x10	 x10:0xf00081fc f25=0x4f700082
     289055.000 ns	     28904	80006634	020c38b3	mulhu	x17,x24,x0	 x24:0x00000000  x0:0x00000000 x17=0x00000000
     289075.000 ns	     28906	80006638	4015dab3	sra	x21,x11,x1	 x11:0xffffffff  x1:0x000e0400 x21=0xffffffff
     289085.000 ns	     28907	8000663c	00f285b3	add	x11,x5,x15	  x5:0x6d9ad000 x15:0x00000000 x11=0x6d9ad000
     289095.000 ns	     28908	80006640	00f95613	srli	x12,x18,0xf	 x18:0x00000000 x12=0x00000000
     289115.000 ns	     28910	80006644	c0113ad3	fcvt.wu.s	x21,f2	  f2:0x7fc00000 x21=0xffffffff
     289485.000 ns	     28947	80006648	033ef0b3	remu	x1,x29,x19	 x29:0x0000024a x19:0x7fffffff  x1=0x0000024a
     289505.000 ns	     28949	8000664c	41bbda33	sra	x20,x23,x27	 x23:0x80040fe4 x27:0xf1936e1b x20=0xfffffff0
     289525.000 ns	     28951	80006650	03bd0333	mul	x6,x26,x27	 x26:0x00000001 x27:0xf1936e1b  x6=0xf1936e1b
     289545.000 ns	     28953	80006654	00000013	addi	x0,x0,0	  x0:0x00000000
     289565.000 ns	     28955	80006658	02cd00b3	mul	x1,x26,x12	 x26:0x00000001 x12:0x00000000  x1=0x00000000
     289595.000 ns	     28958	8000665c	e00985d3	fmv.x.w	x11,f19	 f19:0xff800000 x11=0xff800000
     289615.000 ns	     28960	80006660	f9b5d4b7	lui	x9,0xf9b5d	  x9=0xf9b5d000
     289625.000 ns	     28961	80006664	87cb0013	addi	x0,x22,-1924	 x22:0x00000000
     289635.000 ns	     28962	80006668	6e9d2213	slti	x4,x26,1769	 x26:0x00000001  x4=0x00000001
     289655.000 ns	     28964	8000666c	c01b92d3	fcvt.wu.s	x5,f23	 f23:0x7fc00000  x5=0xffffffff
     289685.000 ns	     28967	80006670	a1d92353	feq.s	x6,f18,f29	 f18:0x80000000 f29:0x406cbf86  x6=0x00000000
     289715.000 ns	     28970	80006674	c00d1853	fcvt.w.s	x16,f26	 f26:0xc06cbf86 x16=0xfffffffd
     289735.000 ns	     28972	80006678	001a1c93	slli	x25,x20,0x1	 x20:0xfffffff0 x25=0xffffffe0
     289755.000 ns	     28974	8000667c	025ca0b3	mulhsu	x1,x25,x5	 x25:0xffffffff  x5:0xffffffff  x1=0xffffffe0
     289785.000 ns	     28977	80006680	02637533	remu	x10,x6,x6	  x6:0x00000000  x6:0x00000000 x10=0x00000000
     289835.000 ns	     28982	80006684	010675d3	fadd.s	f11,f12,f16	 f12:0x00000000 f16:0x80000000 f11=0x80000000
     289855.000 ns	     28984	80006688	40ae57b3	sra	x15,x28,x10	 x28:0x80041024 x10:0x00000000 x15=0x80041024
     289875.000 ns	     28986	8000668c	a0789a53	flt.s	x20,f17,f7	 f17:0x4f7fffff  f7:0x4d9b469a x20=0x00000000
     289895.000 ns	     28988	80006690	41225a33	sra	x20,x4,x18	  x4:0x00000001 x18:0x00000000 x20=0x00000001
     289905.000 ns	     28989	80006694	005c5e93	srli	x29,x24,0x5	 x24:0x00000000 x29=0x00000000
     289915.000 ns	     28990	80006698	00424a33	xor	x20,x4,x4	  x4:0x00000001  x4:0x00000001 x20=0x00000000
     289935.000 ns	     28992	8000669c	d009f353	fcvt.s.w	f6,x19	 x19:0x7fffffff  f6=0x4effffff
     289955.000 ns	     28994	800066a0	2719b537	lui	x10,0x2719b	 x10=0x2719b000
     289975.000 ns	     28996	800066a4	e0011853	fclass.s	x16,f2	  f2:0x7fc00000 x16=0x00000200
     290005.000 ns	     28999	800066a8	291e8e53	fmin.s	f28,f29,f17	 f29:0x406cbf86 f17:0x4f7fffff f28=0x406cbf86
     290025.000 ns	     29001	800066ac	00f4ba33	sltu	x20,x9,x15	  x9:0xf9b5d000 x15:0x80041024 x20=0x00000000
     290035.000 ns	     29002	800066b0	6750bf13	sltiu	x30,x1,1653	  x1:0xffffffe0 x30=0x00000000
     290045.000 ns	     29003	800066b4	4143deb3	sra	x29,x7,x20	  x7:0x00000000 x20:0x00000000 x29=0x00000000
     290065.000 ns	     29005	800066b8	03c6bc33	mulhu	x24,x13,x28	 x13:0x00000000 x28:0x80041024 x24=0x00000000
     290435.000 ns	     29042	800066bc	03bdc633	div	x12,x27,x27	 x27:0xf1936e1b x27:0xf1936e1b x12=0x00000001
     290465.000 ns	     29045	800066c0	f00a0053	fmv.w.x	f0,x20	 x20:0x00000000  f0=0x00000000
     290495.000 ns	     29048	800066c4	a0b70853	fle.s	x16,f14,f11	 f14:0x4effffff f11:0x80000000 x16=0x00000000
     290525.000 ns	     29051	800066c8	c0127753	fcvt.wu.s	x14,f4	  f4:0x7fc00000 x14=0xffffffff
     290555.000 ns	     29054	800066cc	21109bd3	fsgnjn.s	f23,f1,f17	  f1:0x80000000 f17:0x4f7fffff f23=0x80000000
     290575.000 ns	     29056	800066d0	1a972eb7	lui	x29,0x1a972	 x29=0x1a972000
     290585.000 ns	     29057	800066d4	b438cc93	xori	x25,x17,-1213	 x17:0x00000000 x25=0xfffffb43
     290595.000 ns	     29058	800066d8	8b0c0913	addi	x18,x24,-1872	 x24:0x00000000 x18=0xfffff8b0
     290605.000 ns	     29059	800066dc	00ddd313	srli	x6,x27,0xd	 x27:0xf1936e1b  x6=0x00078c9b
     290625.000 ns	     29061	800066e0	a19313d3	flt.s	x7,f6,f25	  f6:0x4effffff f25:0x4f700082  x7=0x00000001
     290655.000 ns	     29064	800066e4	a0f08fd3	fle.s	x31,f1,f15	  f1:0x80000000 f15:0x00000000 x31=0x00000001
     290685.000 ns	     29067	800066e8	29eb1353	fmax.s	f6,f22,f30	 f22:0xcd9b469a f30:0xc06cbf86  f6=0xc06cbf86
     291055.000 ns	     29104	800066ec	0256da33	divu	x20,x13,x5	 x13:0x00000000  x5:0xffffffff x20=0x00000000
     291085.000 ns	     29107	800066f0	a0e81b53	flt.s	x22,f16,f14	 f16:0x80000000 f14:0x4effffff x22=0x00000001
     291135.000 ns	     29112	800066f4	08f5f553	fsub.s	f10,f11,f15	 f11:0x80000000 f15:0x00000000 f10=0x80000000
     291505.000 ns	     29149	800066f8	0332dcb3	divu	x25,x5,x19	  x5:0xffffffff x19:0x7fffffff x25=0x00000002
     291875.000 ns	     29186	800066fc	022961b3	rem	x3,x18,x2	 x18:0xfffff8b0  x2:0x65b57e1b  x3=0xfffff8b0
     291905.000 ns	     29189	80006700	033116b3	mulh	x13,x2,x19	  x2:0x65b57e1b x19:0x7fffffff x13=0x32dabf0d
     292275.000 ns	     29226	80006704	036456b3	divu	x13,x8,x22	  x8:0x94261000 x22:0x00000001 x13=0x94261000
     292295.000 ns	     29228	80006708	00bd5f93	srli	x31,x26,0xb	 x26:0x00000001 x31=0x00000000
     292315.000 ns	     29230	8000670c	e00683d3	fmv.x.w	x7,f13	 f13:0x4f7fffff  x7=0x4f7fffff
     292345.000 ns	     29233	80006710	e00704d3	fmv.x.w	x9,f14	 f14:0x4effffff  x9=0x4effffff
     292385.000 ns	     29237	80006714	181a72d3	fdiv.s	f5,f20,f1	 f20:0x7fc00000  f1:0x80000000  f5=0x7fc00000
     292405.000 ns	     29239	80006718	00000013	addi	x0,x0,0	  x0:0x00000000
     292425.000 ns	     29241	8000671c	20eea0d3	fsgnjx.s	f1,f29,f14	 f29:0x406cbf86 f14:0x4effffff  f1=0x406cbf86
     292445.000 ns	     29243	80006720	00000013	addi	x0,x0,0	  x0:0x00000000
     292455.000 ns	     29244	80006724	017d1f33	sll	x30,x26,x23	 x26:0x00000001 x23:0x80040fe4 x30=0x00000010
     292465.000 ns	     29245	80006728	c1f42117	auipc	x2,0xc1f42	  x2=0x41f48728
     292485.000 ns	     29247	8000672c	02970333	mul	x6,x14,x9	 x14:0xffffffff  x9:0x4effffff  x6=0xb1000001
     292515.000 ns	     29250	80006730	e00800d3	fmv.x.w	x1,f16	 f16:0x80000000  x1=0x80000000
     292535.000 ns	     29252	80006734	00a4de93	srli	x29,x9,0xa	  x9:0x4effffff x29=0x0013bfff
     292545.000 ns	     29253	80006738	40115393	srai	x7,x2,0x1	  x2:0x41f48728  x7=0x20fa4394
     292555.000 ns	     29254	8000673c	000679b3	and	x19,x12,x0	 x12:0x00000001  x0:0x00000000 x19=0x00000000
     292575.000 ns	     29256	80006740	c0087053	fcvt.w.s	x0,f16	 f16:0x80000000
     292605.000 ns	     29259	80006744	215b28d3	fsgnjx.s	f17,f22,f21	 f22:0xcd9b469a f21:0x3fa767f8 f17=0xcd9b469a
     292635.000 ns	     29262	80006748	291989d3	fmin.s	f19,f19,f17	 f19:0xff800000 f17:0x4f7fffff f19=0xff800000
     292655.000 ns	     29264	8000674c	00a3f2b3	and	x5,x7,x10	  x7:0x20fa4394 x10:0x2719b000  x5=0x20180000
     292665.000 ns	     29265	80006750	0186b1b3	sltu	x3,x13,x24	 x13:0x94261000 x24:0x00000000  x3=0x00000000
     292675.000 ns	     29266	80006754	015e05b3	add	x11,x28,x21	 x28:0x80041024 x21:0xffffffff x11=0x80041023
     292695.000 ns	     29268	80006758	027d82b3	mul	x5,x27,x7	 x27:0xf1936e1b  x7:0x20fa4394  x5=0x256ab89c
     292725.000 ns	     29271	8000675c	d01d27d3	fcvt.s.wu	f15,x26	 x26:0x00000001 f15=0x3f800000
     292745.000 ns	     29273	80006760	b1b8e737	lui	x14,0xb1b8e	 x14=0xb1b8e000
     292785.000 ns	     29277	80006764	080cc353	fsub.s	f6,f25,f0	 f25:0x4f700082  f0:0x00000000  f6=0x4f700082
     292815.000 ns	     29280	80006768	299919d3	fmax.s	f19,f18,f25	 f18:0x80000000 f25:0x4f700082 f19=0x4f700082
     292835.000 ns	     29282	8000676c	006c4833	xor	x16,x24,x6	 x24:0x00000000  x6:0xb1000001 x16=0xb1000001
     292855.000 ns	     29284	80006770	03eeaa33	mulhsu	x20,x29,x30	 x29:0x0013bfff x30:0x00000010 x20=0x00000000
     292875.000 ns	     29286	80006774	00f8bcb3	sltu	x25,x17,x15	 x17:0x00000000 x15:0x80041024 x25=0x00000001
     292885.000 ns	     29287	80006778	019ed7b3	srl	x15,x29,x25	 x29:0x0013bfff x25:0x00000002 x15=0x0009dfff
     292895.000 ns	     29288	8000677c	4142df33	sra	x30,x5,x20	  x5:0x256ab89c x20:0x00000000 x30=0x256ab89c
     292915.000 ns	     29290	80006780	d01ecdd3	fcvt.s.wu	f27,x29	 x29:0x0013bfff f27=0x499dfff8
     292965.000 ns	     29295	80006784	092ab653	fsub.s	f12,f21,f18	 f21:0x3fa767f8 f18:0x80000000 f12=0x3fa767f8
     292995.000 ns	     29298	80006788	a02425d3	feq.s	x11,f8,f2	  f8:0x00000000  f2:0x7fc00000 x11=0x00000000
     293015.000 ns	     29300	8000678c	01aba133	slt	x2,x23,x26	 x23:0x80040fe4 x26:0x00000001  x2=0x00000001
     293375.000 ns	     29336	80006790	03d8f1b3	remu	x3,x17,x29	 x17:0x00000000 x29:0x0013bfff  x3=0x00000000
     293425.000 ns	     29341	80006794	08200ed3	fsub.s	f29,f0,f2	  f0:0x00000000  f2:0x7fc00000 f29=0x7fc00000
     293445.000 ns	     29343	80006798	40a0d733	sra	x14,x1,x10	  x1:0x80000000 x10:0x2719b000 x14=0x80000000
     293455.000 ns	     29344	8000679c	eeeb8893	addi	x17,x23,-274	 x23:0x80040fe4 x17=0x80040ed2
     293475.000 ns	     29346	800067a0	200296d3	fsgnjn.s	f13,f5,f0	  f5:0x7fc00000  f0:0x00000000 f13=0xffc00000
     293495.000 ns	     29348	800067a4	37815fb7	lui	x31,0x37815	 x31=0x37815000
     293505.000 ns	     29349	800067a8	00ad84b3	add	x9,x27,x10	 x27:0xf1936e1b x10:0x2719b000  x9=0x18ad1e1b
     293525.000 ns	     29351	800067ac	02f78333	mul	x6,x15,x15	 x15:0x0009dfff x15:0x0009dfff  x6=0x83ec4001
     293545.000 ns	     29353	800067b0	41b3da33	sra	x20,x7,x27	  x7:0x20fa4394 x27:0xf1936e1b x20=0x00000004
     293565.000 ns	     29355	800067b4	a0492753	feq.s	x14,f18,f4	 f18:0x80000000  f4:0x7fc00000 x14=0x00000000
     293935.000 ns	     29392	800067b8	0391c8b3	div	x17,x3,x25	  x3:0x00000000 x25:0x00000001 x17=0x00000000
     293955.000 ns	     29394	800067bc	05d30a93	addi	x21,x6,93	  x6:0x83ec4001 x21=0x83ec405e
     293965.000 ns	     29395	800067c0	89877537	lui	x10,0x89877	 x10=0x89877000
     293975.000 ns	     29396	800067c4	00667633	and	x12,x12,x6	 x12:0x00000001  x6:0x83ec4001 x12=0x00000001
     294335.000 ns	     29432	800067c8	034ada33	divu	x20,x21,x20	 x21:0x83ec405e x20:0x00000004 x20=0x20fb1017
     294355.000 ns	     29434	800067cc	400f8333	sub	x6,x31,x0	 x31:0x37815000  x0:0x00000000  x6=0x37815000
     294365.000 ns	     29435	800067d0	01539633	sll	x12,x7,x21	  x7:0x20fa4394 x21:0x83ec405e x12=0x00000000
     294375.000 ns	     29436	800067d4	c2af2313	slti	x6,x30,-982	 x30:0x256ab89c  x6=0x00000000
     294735.000 ns	     29472	800067d8	0307e833	rem	x16,x15,x16	 x15:0x0009dfff x16:0xb1000001 x16=0x0009dfff
     294765.000 ns	     29475	800067dc	02636933	rem	x18,x6,x6	  x6:0x37815000  x6:0x37815000 x18=0x00000000
     294795.000 ns	     29478	800067e0	0208f3b3	remu	x7,x17,x0	 x17:0x00000000  x0:0x00000000  x7=0x00000000
     294825.000 ns	     29481	800067e4	a03b8f53	fle.s	x30,f23,f3	 f23:0x80000000  f3:0x7fc00000 x30=0x00000000
     294855.000 ns	     29484	800067e8	03e6cd33	div	x26,x13,x30	 x13:0x94261000 x30:0x256ab89c x26=0xffffffff
     294885.000 ns	     29487	800067ec	e0008753	fmv.x.w	x14,f1	  f1:0x406cbf86 x14=0x406cbf86
     294905.000 ns	     29489	800067f0	8d76dcb7	lui	x25,0x8d76d	 x25=0x8d76d000
     294925.000 ns	     29491	800067f4	033056b3	divu	x13,x0,x19	  x0:0x00000000 x19:0x00000000 x13=0xffffffff
     294965.000 ns	     29495	800067f8	117771d3	fmul.s	f3,f14,f23	 f14:0x4effffff f23:0x80000000  f3=0x80000000
     294995.000 ns	     29498	800067fc	d0147c53	fcvt.s.wu	f24,x8	  x8:0x94261000 f24=0x4f142610
     295015.000 ns	     29500	80006800	00ff1b33	sll	x22,x30,x15	 x30:0x00000000 x15:0x0009dfff x22=0x00000000
     295045.000 ns	     29503	80006804	580299d3	fsqrt.s	f19,f5	  f5:0x7fc00000 f19=0x7fc00000
     295065.000 ns	     29505	80006808	009b9533	sll	x10,x23,x9	 x23:0x80040fe4  x9:0x18ad1e1b x10=0x20000000
     295095.000 ns	     29508	8000680c	11b98dd3	fmul.s	f27,f19,f27	 f19:0x7fc00000 f27:0x499dfff8 f27=0x7fc00000
     295135.000 ns	     29512	80006810	11827553	fmul.s	f10,f4,f24	  f4:0x7fc00000 f24:0x4f142610 f10=0x7fc00000
     295155.000 ns	     29514	80006814	d1f1e813	ori	x16,x3,-737	  x3:0x00000000 x16=0xfffffd1f
     295185.000 ns	     29517	80006818	580bfd53	fsqrt.s	f26,f23	 f23:0x80000000 f26=0x80000000
     295215.000 ns	     29520	8000681c	d0077953	fcvt.s.w	f18,x14	 x14:0x406cbf86 f18=0x4e80d97f
     295245.000 ns	     29523	80006820	d0167c53	fcvt.s.wu	f24,x12	 x12:0x00000000 f24=0x00000000
     295615.000 ns	     29560	80006824	02fbf0b3	remu	x1,x23,x15	 x23:0x80040fe4 x15:0x0009dfff  x1=0x0006dcda
     295635.000 ns	     29562	80006828	d79bb313	sltiu	x6,x23,-647	 x23:0x80040fe4  x6=0x00000001
     295645.000 ns	     29563	8000682c	00ea5533	srl	x10,x20,x14	 x20:0x20fb1017 x14:0x406cbf86 x10=0x0083ec40
     295665.000 ns	     29565	80006830	c00736d3	fcvt.w.s	x13,f14	 f14:0x4effffff x13=0x7fffff80
     295695.000 ns	     29568	80006834	a10c9153	flt.s	x2,f25,f16	 f25:0x4f700082 f16:0x80000000  x2=0x00000000
     295735.000 ns	     29572	80006838	19051653	fdiv.s	f12,f10,f16	 f10:0x7fc00000 f16:0x80000000 f12=0x7fc00000
     295765.000 ns	     29575	8000683c	02b015b3	mulh	x11,x0,x11	  x0:0x00000000 x11:0x00000000 x11=0x00000000
     295785.000 ns	     29577	80006840	013a1593	slli	x11,x20,0x13	 x20:0x20fb1017 x11=0x80b80000
     295795.000 ns	     29578	80006844	01749693	slli	x13,x9,0x17	  x9:0x18ad1e1b x13=0x0d800000
     295815.000 ns	     29580	80006848	f00985d3	fmv.w.x	f11,x19	 x19:0x00000000 f11=0x00000000
     296185.000 ns	     29617	8000684c	02d2ec33	rem	x24,x5,x13	  x5:0x256ab89c x13:0x7fffff80 x24=0x0a6ab89c
     296235.000 ns	     29622	80006850	08ef7753	fsub.s	f14,f30,f14	 f30:0xc06cbf86 f14:0x4effffff f14=0xceffffff
     296605.000 ns	     29659	80006854	03b04c33	div	x24,x0,x27	  x0:0x00000000 x27:0xf1936e1b x24=0x00000000
     296635.000 ns	     29662	80006858	20652753	fsgnjx.s	f14,f10,f6	 f10:0x7fc00000  f6:0x4f700082 f14=0x7fc00000
     296655.000 ns	     29664	8000685c	758aa413	slti	x8,x21,1880	 x21:0x83ec405e  x8=0x00000001
     296675.000 ns	     29666	80006860	c0187cd3	fcvt.wu.s	x25,f16	 f16:0x80000000 x25=0x00000000
     296705.000 ns	     29669	80006864	d01671d3	fcvt.s.wu	f3,x12	 x12:0x00000000  f3=0x00000000
     297075.000 ns	     29706	80006868	03a65333	divu	x6,x12,x26	 x12:0x00000000 x26:0xffffffff  x6=0x00000000
     297105.000 ns	     29709	8000686c	a0b01cd3	flt.s	x25,f0,f11	  f0:0x00000000 f11:0x00000000 x25=0x00000000
     297125.000 ns	     29711	80006870	004d9893	slli	x17,x27,0x4	 x27:0xf1936e1b x17=0x1936e1b0
     297145.000 ns	     29713	80006874	e00299d3	fclass.s	x19,f5	  f5:0x7fc00000 x19=0x00000200
     297165.000 ns	     29715	80006878	6d000b13	addi	x22,x0,1744	  x0:0x00000000 x22=0x000006d0
     297185.000 ns	     29717	8000687c	038ce533	rem	x10,x25,x24	 x25:0x00000000 x24:0x00000000 x10=0x00000000
     297215.000 ns	     29720	80006880	03eed2b3	divu	x5,x29,x30	 x29:0x0013bfff x30:0x00000000  x5=0xffffffff
     297235.000 ns	     29722	80006884	009ed9b3	srl	x19,x29,x9	 x29:0x0013bfff  x9:0x18ad1e1b x19=0x00000000
     297595.000 ns	     29758	80006888	02e94133	div	x2,x18,x14	 x18:0x00000000 x14:0x406cbf86  x2=0x00000000
     297625.000 ns	     29761	8000688c	a0ae1853	flt.s	x16,f28,f10	 f28:0x406cbf86 f10:0x7fc00000 x16=0x00000000
     297655.000 ns	     29764	80006890	03aa38b3	mulhu	x17,x20,x26	 x20:0x20fb1017 x26:0xffffffff x17=0x20fb1016
     297685.000 ns	     29767	80006894	02be10b3	mulh	x1,x28,x11	 x28:0x80041024 x11:0x80b80000  x1=0x3fa1fad9
     297715.000 ns	     29770	80006898	28b28f53	fmin.s	f30,f5,f11	  f5:0x7fc00000 f11:0x00000000 f30=0x00000000
     297745.000 ns	     29773	8000689c	f00e84d3	fmv.w.x	f9,x29	 x29:0x0013bfff  f9=0x0013bfff
     297765.000 ns	     29775	800068a0	85ce2a13	slti	x20,x28,-1956	 x28:0x80041024 x20=0x00000001
     297775.000 ns	     29776	800068a4	40940933	sub	x18,x8,x9	  x8:0x00000001  x9:0x18ad1e1b x18=0xe752e1e6
     297795.000 ns	     29778	800068a8	e00704d3	fmv.x.w	x9,f14	 f14:0x7fc00000  x9=0x7fc00000
     297815.000 ns	     29780	800068ac	3888a513	slti	x10,x17,904	 x17:0x20fb1016 x10=0x00000000
     297825.000 ns	     29781	800068b0	017d42b3	xor	x5,x26,x23	 x26:0xffffffff x23:0x80040fe4  x5=0x7ffbf01b
     297835.000 ns	     29782	800068b4	0646fa13	andi	x20,x13,100	 x13:0x0d800000 x20=0x00000000
     297855.000 ns	     29784	800068b8	d00e36d3	fcvt.s.w	f13,x28	 x28:0x80041024 f13=0xcefff7e0
     297885.000 ns	     29787	800068bc	d00b4c53	fcvt.s.w	f24,x22	 x22:0x000006d0 f24=0x44da0000
     297915.000 ns	     29790	800068c0	29220153	fmin.s	f2,f4,f18	  f4:0x7fc00000 f18:0x4e80d97f  f2=0x4e80d97f
     297935.000 ns	     29792	800068c4	00000013	addi	x0,x0,0	  x0:0x00000000
     298295.000 ns	     29828	800068c8	02bd5ab3	divu	x21,x26,x11	 x26:0xffffffff x11:0x80b80000 x21=0x00000001
     298335.000 ns	     29832	800068cc	580a00d3	fsqrt.s	f1,f20	 f20:0x7fc00000  f1=0x7fc00000
     298365.000 ns	     29835	800068d0	a1a19fd3	flt.s	x31,f3,f26	  f3:0x00000000 f26:0x80000000 x31=0x00000000
     298385.000 ns	     29837	800068d4	418fd733	sra	x14,x31,x24	 x31:0x37815000 x24:0x00000000 x14=0x00000000
     298395.000 ns	     29838	800068d8	4026d293	srai	x5,x13,0x2	 x13:0x0d800000  x5=0x03600000
     298415.000 ns	     29840	800068dc	03339cb3	mulh	x25,x7,x19	  x7:0x00000000 x19:0x00000000 x25=0x00000000
     298435.000 ns	     29842	800068e0	40375eb3	sra	x29,x14,x3	 x14:0x00000000  x3:0x00000000 x29=0x00000000
     298445.000 ns	     29843	800068e4	578bfb13	andi	x22,x23,1400	 x23:0x80040fe4 x22=0x00000560
     298485.000 ns	     29847	800068e8	013bf9d3	fadd.s	f19,f23,f19	 f23:0x80000000 f19:0x7fc00000 f19=0x7fc00000
     298505.000 ns	     29849	800068ec	7ddbf517	auipc	x10,0x7ddbf	 x10=0xfddc58ec
     298515.000 ns	     29850	800068f0	75356993	ori	x19,x10,1875	 x10:0x00000000 x19=0xfddc5fff
     298535.000 ns	     29852	800068f4	a0e807d3	fle.s	x15,f16,f14	 f16:0x80000000 f14:0x7fc00000 x15=0x00000000
     298905.000 ns	     29889	800068f8	02bd7133	remu	x2,x26,x11	 x26:0xffffffff x11:0x80b80000  x2=0x7f47ffff
     298925.000 ns	     29891	800068fc	42b7ff13	andi	x30,x15,1067	 x15:0x00000000 x30=0x00000000
     298945.000 ns	     29893	80006900	d012f3d3	fcvt.s.wu	f7,x5	  x5:0x03600000  f7=0x4c580000
     298975.000 ns	     29896	80006904	e0031353	fclass.s	x6,f6	  f6:0x4f700082  x6=0x00000040
     299005.000 ns	     29899	80006908	0270cfb3	div	x31,x1,x7	  x1:0x3fa1fad9  x7:0x00000000 x31=0xffffffff
     299035.000 ns	     29902	8000690c	c01478d3	fcvt.wu.s	x17,f8	  f8:0x00000000 x17=0x00000000
     299405.000 ns	     29939	80006910	02465633	divu	x12,x12,x4	 x12:0x00000000  x4:0x00000001 x12=0x00000000
     299425.000 ns	     29941	80006914	5c3e3a37	lui	x20,0x5c3e3	 x20=0x5c3e3000
     299435.000 ns	     29942	80006918	00826fb3	or	x31,x4,x8	  x4:0x00000001  x8:0x00000001 x31=0x00000001
     299455.000 ns	     29944	8000691c	d0061e53	fcvt.s.w	f28,x12	 x12:0x00000000 f28=0x00000000
     299505.000 ns	     29949	80006920	0879cdd3	fsub.s	f27,f19,f7	 f19:0x7fc00000  f7:0x4c580000 f27=0x7fc00000
     299535.000 ns	     29952	80006924	f0050bd3	fmv.w.x	f23,x10	 x10:0xfddc58ec f23=0xfddc58ec
     299555.000 ns	     29954	80006928	00f35eb3	srl	x29,x6,x15	  x6:0x00000040 x15:0x00000000 x29=0x00000040
     299575.000 ns	     29956	8000692c	a09687d3	fle.s	x15,f13,f9	 f13:0xcefff7e0  f9:0x0013bfff x15=0x00000001
     299595.000 ns	     29958	80006930	00913333	sltu	x6,x2,x9	  x2:0x7f47ffff  x9:0x7fc00000  x6=0x00000001
     299605.000 ns	     29959	80006934	01f99993	slli	x19,x19,0x1f	 x19:0xfddc5fff x19=0x80000000
     299625.000 ns	     29961	80006938	e0058853	fmv.x.w	x16,f11	 f11:0x00000000 x16=0x00000000
     299645.000 ns	     29963	8000693c	01776633	or	x12,x14,x23	 x14:0x00000000 x23:0x80040fe4 x12=0x80040fe4
     299655.000 ns	     29964	80006940	00000013	addi	x0,x0,0	  x0:0x00000000
     299665.000 ns	     29965	80006944	636fb113	sltiu	x2,x31,1590	 x31:0x00000001  x2=0x00000001
     299685.000 ns	     29967	80006948	218d9dd3	fsgnjn.s	f27,f27,f24	 f27:0x7fc00000 f24:0x44da0000 f27=0xffc00000
     300055.000 ns	     30004	8000694c	03bd4533	div	x10,x26,x27	 x26:0xffffffff x27:0xf1936e1b x10=0x00000000
     300085.000 ns	     30007	80006950	030d5f33	divu	x30,x26,x16	 x26:0xffffffff x16:0x00000000 x30=0xffffffff
     300455.000 ns	     30044	80006954	02d06633	rem	x12,x0,x13	  x0:0x00000000 x13:0x0d800000 x12=0x00000000
     300475.000 ns	     30046	80006958	003b9093	slli	x1,x23,0x3	 x23:0x80040fe4  x1=0x00207f20
     300495.000 ns	     30048	8000695c	213108d3	fsgnj.s	f17,f2,f19	  f2:0x4e80d97f f19:0x7fc00000 f17=0x4e80d97f
     300515.000 ns	     30050	80006960	010f9c93	slli	x25,x31,0x10	 x31:0x00000001 x25=0x00010000
     300535.000 ns	     30052	80006964	a07dab53	feq.s	x22,f27,f7	 f27:0xffc00000  f7:0x4c580000 x22=0x00000000
     300585.000 ns	     30057	80006968	0199f653	fadd.s	f12,f19,f25	 f19:0x7fc00000 f25:0x4f700082 f12=0x7fc00000
     300635.000 ns	     30062	8000696c	0038f7d3	fadd.s	f15,f17,f3	 f17:0x4e80d97f  f3:0x00000000 f15=0x4e80d97f
     300655.000 ns	     30064	80006970	cbfd0213	addi	x4,x26,-833	 x26:0xffffffff  x4=0xfffffcbe
     300665.000 ns	     30065	80006974	00831733	sll	x14,x6,x8	  x6:0x00000001  x8:0x00000001 x14=0x00000002
     300685.000 ns	     30067	80006978	03e08f33	mul	x30,x1,x30	  x1:0x00207f20 x30:0xffffffff x30=0xffdf80e0
     300705.000 ns	     30069	8000697c	60450413	addi	x8,x10,1540	 x10:0x00000000  x8=0x00000604
     300715.000 ns	     30070	80006980	00541893	slli	x17,x8,0x5	  x8:0x00000001 x17=0x0000c080
     300735.000 ns	     30072	80006984	e0028a53	fmv.x.w	x20,f5	  f5:0x7fc00000 x20=0x7fc00000
     300755.000 ns	     30074	80006988	01582233	slt	x4,x16,x21	 x16:0x00000000 x21:0x00000001  x4=0x00000001
     301115.000 ns	     30110	8000698c	02ee43b3	div	x7,x28,x14	 x28:0x80041024 x14:0x00000002  x7=0xc0020812
     301145.000 ns	     30113	80006990	d00977d3	fcvt.s.w	f15,x18	 x18:0xe752e1e6 f15=0xcdc568f0
     301165.000 ns	     30115	80006994	01365313	srli	x6,x12,0x13	 x12:0x00000000  x6=0x00000000
     301175.000 ns	     30116	80006998	1f138613	addi	x12,x7,497	  x7:0xc0020812 x12=0xc0020a03
     301215.000 ns	     30120	8000699c	00fdfa53	fadd.s	f20,f27,f15	 f27:0xffc00000 f15:0xcdc568f0 f20=0x7fc00000
     301245.000 ns	     30123	800069a0	c01b4c53	fcvt.wu.s	x24,f22	 f22:0xcd9b469a x24=0x1368d340
     301275.000 ns	     30126	800069a4	d01ccf53	fcvt.s.wu	f30,x25	 x25:0x00010000 f30=0x47800000
     301305.000 ns	     30129	800069a8	a1608253	fle.s	x4,f1,f22	  f1:0x7fc00000 f22:0xcd9b469a  x4=0x00000000
     301335.000 ns	     30132	800069ac	02e32cb3	mulhsu	x25,x6,x14	  x6:0x00000000 x14:0x00000002 x25=0x00000000
     301365.000 ns	     30135	800069b0	284397d3	fmax.s	f15,f7,f4	  f7:0x4c580000  f4:0x7fc00000 f15=0x4c580000
     301405.000 ns	     30139	800069b4	1117fc53	fmul.s	f24,f15,f17	 f15:0xcdc568f0 f17:0x4e80d97f f24=0x5b596f06
     301425.000 ns	     30141	800069b8	01d59693	slli	x13,x11,0x1d	 x11:0x80b80000 x13=0x00000000
     301435.000 ns	     30142	800069bc	4f9b3f97	auipc	x31,0x4f9b3	 x31=0xcf9b99bc
     301455.000 ns	     30144	800069c0	0239a133	mulhsu	x2,x19,x3	 x19:0x80000000  x3:0x00000000  x2=0x00000000
     301475.000 ns	     30146	800069c4	e0f3a093	slti	x1,x7,-497	  x7:0xc0020812  x1=0x00000001
     301505.000 ns	     30149	800069c8	58067953	fsqrt.s	f18,f12	 f12:0x7fc00000 f18=0x7fc00000
     301535.000 ns	     30152	800069cc	28b99a53	fmax.s	f20,f19,f11	 f19:0x7fc00000 f11:0x00000000 f20=0x00000000
     301555.000 ns	     30154	800069d0	012a9293	slli	x5,x21,0x12	 x21:0x00000001  x5=0x00040000
     301575.000 ns	     30156	800069d4	a1d19853	flt.s	x16,f3,f29	  f3:0x00000000 f29:0x7fc00000 x16=0x00000000
     301605.000 ns	     30159	800069d8	a1ff21d3	feq.s	x3,f30,f31	 f30:0x47800000 f31:0x4ef4ce87  x3=0x00000000
     301635.000 ns	     30162	800069dc	c0187253	fcvt.wu.s	x4,f16	 f16:0x80000000  x4=0x00000000
     301655.000 ns	     30164	800069e0	40c4d993	srai	x19,x9,0xc	  x9:0x7fc00000 x19=0x0007fc00
     301695.000 ns	     30168	800069e4	085cfdd3	fsub.s	f27,f25,f5	 f25:0x4f700082  f5:0x7fc00000 f27=0x7fc00000
     301725.000 ns	     30171	800069e8	02d1e333	rem	x6,x3,x13	  x3:0x00000000 x13:0x00000000  x6=0x00000000
     301755.000 ns	     30174	800069ec	a1408553	fle.s	x10,f1,f20	  f1:0x7fc00000 f20:0x00000000 x10=0x00000000
     301785.000 ns	     30177	800069f0	d00489d3	fcvt.s.w	f19,x9	  x9:0x7fc00000 f19=0x4eff8000
     301805.000 ns	     30179	800069f4	01e90133	add	x2,x18,x30	 x18:0xe752e1e6 x30:0xffdf80e0  x2=0xe73262c6
     301825.000 ns	     30181	800069f8	02391233	mulh	x4,x18,x3	 x18:0xe752e1e6  x3:0x00000000  x4=0x00000000
     301845.000 ns	     30183	800069fc	00561613	slli	x12,x12,0x5	 x12:0xc0020a03 x12=0x00414060
     301875.000 ns	     30186	80006a00	10a77bd3	fmul.s	f23,f14,f10	 f14:0x7fc00000 f10:0x7fc00000 f23=0x7fc00000
     301915.000 ns	     30190	80006a04	19d20553	fdiv.s	f10,f4,f29	  f4:0x7fc00000 f29:0x7fc00000 f10=0x7fc00000
     301935.000 ns	     30192	80006a08	00000013	addi	x0,x0,0	  x0:0x00000000
     301945.000 ns	     30193	80006a0c	36224493	xori	x9,x4,866	  x4:0x00000000  x9=0x00000362
     302305.000 ns	     30229	80006a10	02faf4b3	remu	x9,x21,x15	 x21:0x00000001 x15:0x00000001  x9=0x00000000
     302335.000 ns	     30232	80006a14	02f79b33	mulh	x22,x15,x15	 x15:0x00000001 x15:0x00000001 x22=0x00000000
     302355.000 ns	     30234	80006a18	88e00893	addi	x17,x0,-1906	  x0:0x00000000 x17=0xfffff88e
     302375.000 ns	     30236	80006a1c	023707b3	mul	x15,x14,x3	 x14:0x00000002  x3:0x00000000 x15=0x00000000
     302395.000 ns	     30238	80006a20	0098da33	srl	x20,x17,x9	 x17:0x0000c080  x9:0x00000000 x20=0xfffff88e
     302415.000 ns	     30240	80006a24	291b8553	fmin.s	f10,f23,f17	 f23:0x7fc00000 f17:0x4e80d97f f10=0x4e80d97f
     302445.000 ns	     30243	80006a28	d008fa53	fcvt.s.w	f20,x17	 x17:0xfffff88e f20=0xc4ee4000
     302475.000 ns	     30246	80006a2c	03190233	mul	x4,x18,x17	 x18:0xe752e1e6 x17:0xfffff88e  x4=0xb8ea1d94
     302505.000 ns	     30249	80006a30	c003f7d3	fcvt.w.s	x15,f7	  f7:0x4c580000 x15=0x03600000
     302535.000 ns	     30252	80006a34	d00b7353	fcvt.s.w	f6,x22	 x22:0x00000000  f6=0x00000000
     302555.000 ns	     30254	80006a38	2a2cf793	andi	x15,x25,674	 x25:0x00000000 x15=0x00000000
     302595.000 ns	     30258	80006a3c	086c0bd3	fsub.s	f23,f24,f6	 f24:0x5b596f06  f6:0x00000000 f23=0x5b596f06
     302625.000 ns	     30261	80006a40	03b99233	mulh	x4,x19,x27	 x19:0x0007fc00 x27:0xf1936e1b  x4=0xffff8cd5
     302655.000 ns	     30264	80006a44	039bcb33	div	x22,x23,x25	 x23:0x80040fe4 x25:0x00000000 x22=0xffffffff
     302675.000 ns	     30266	80006a48	00669913	slli	x18,x13,0x6	 x13:0x00000000 x18=0x00000000
     302695.000 ns	     30268	80006a4c	c017fb53	fcvt.wu.s	x22,f15	 f15:0x4c580000 x22=0x03600000
     302715.000 ns	     30270	80006a50	01e4c4b3	xor	x9,x9,x30	  x9:0x00000000 x30:0xffdf80e0  x9=0xffdf80e0
     303075.000 ns	     30306	80006a54	0314c433	div	x8,x9,x17	  x9:0x00000000 x17:0xfffff88e  x8=0x0000045d
     303095.000 ns	     30308	80006a58	52434393	xori	x7,x6,1316	  x6:0x00000000  x7=0x00000524
     303125.000 ns	     30311	80006a5c	1052f753	fmul.s	f14,f5,f5	  f5:0x7fc00000  f5:0x7fc00000 f14=0x7fc00000
     303145.000 ns	     30313	80006a60	002cd933	srl	x18,x25,x2	 x25:0x00000000  x2:0xe73262c6 x18=0x00000000
     303155.000 ns	     30314	80006a64	01818933	add	x18,x3,x24	  x3:0x00000000 x24:0x1368d340 x18=0x1368d340
     303165.000 ns	     30315	80006a68	417e0eb3	sub	x29,x28,x23	 x28:0x80041024 x23:0x80040fe4 x29=0x00000040
     303195.000 ns	     30318	80006a6c	19b3fd53	fdiv.s	f26,f7,f27	  f7:0x4c580000 f27:0x7fc00000 f26=0x7fc00000
     303225.000 ns	     30321	80006a70	e0068453	fmv.x.w	x8,f13	 f13:0xcefff7e0  x8=0xcefff7e0
     303245.000 ns	     30323	80006a74	00675033	srl	x0,x14,x6	 x14:0x00000002  x6:0x00000000
     303265.000 ns	     30325	80006a78	e00507d3	fmv.x.w	x15,f10	 f10:0x4e80d97f x15=0x4e80d97f
     303635.000 ns	     30362	80006a7c	0314c6b3	div	x13,x9,x17	  x9:0xffdf80e0 x17:0xfffff88e x13=0x0000045d
     303655.000 ns	     30364	80006a80	015954b3	srl	x9,x18,x21	 x18:0x1368d340 x21:0x00000001  x9=0x09b469a0
     303695.000 ns	     30368	80006a84	0017fad3	fadd.s	f21,f15,f1	 f15:0x4c580000  f1:0x7fc00000 f21=0x7fc00000
     303725.000 ns	     30371	80006a88	e00092d3	fclass.s	x5,f1	  f1:0x7fc00000  x5=0x00000200
     303775.000 ns	     30376	80006a8c	09d61353	fsub.s	f6,f12,f29	 f12:0x7fc00000 f29:0x7fc00000  f6=0x7fc00000
     303795.000 ns	     30378	80006a90	c4aba393	slti	x7,x23,-950	 x23:0x80040fe4  x7=0x00000001
     303835.000 ns	     30382	80006a94	00e58e53	fadd.s	f28,f11,f14	 f11:0x00000000 f14:0x7fc00000 f28=0x7fc00000
     304205.000 ns	     30419	80006a98	03cae633	rem	x12,x21,x28	 x21:0x00000001 x28:0x80041024 x12=0x00000001
     304575.000 ns	     30456	80006a9c	033c50b3	divu	x1,x24,x19	 x24:0x1368d340 x19:0x0007fc00  x1=0x0000026e
     304595.000 ns	     30458	80006aa0	009ed413	srli	x8,x29,0x9	 x29:0x00000040  x8=0x00000000
     304635.000 ns	     30462	80006aa4	015c4ed3	fadd.s	f29,f24,f21	 f24:0x5b596f06 f21:0x7fc00000 f29=0x7fc00000
     305005.000 ns	     30499	80006aa8	03895fb3	divu	x31,x18,x24	 x18:0x1368d340 x24:0x1368d340 x31=0x00000001
     305375.000 ns	     30536	80006aac	0370e333	rem	x6,x1,x23	  x1:0x0000026e x23:0x80040fe4  x6=0x0000026e
     305395.000 ns	     30538	80006ab0	ffffc597	auipc	x11,0xffffc	 x11=0x80002ab0
     305415.000 ns	     30540	80006ab4	a03a84d3	fle.s	x9,f21,f3	 f21:0x7fc00000  f3:0x00000000  x9=0x00000000
     305445.000 ns	     30543	80006ab8	a09b24d3	feq.s	x9,f22,f9	 f22:0xcd9b469a  f9:0x0013bfff  x9=0x00000000
     305465.000 ns	     30545	80006abc	407a5633	sra	x12,x20,x7	 x20:0xfffff88e  x7:0x00000001 x12=0xfffffc47
     305485.000 ns	     30547	80006ac0	e0051053	fclass.s	x0,f10	 f10:0x4e80d97f
     305855.000 ns	     30584	80006ac4	0361f133	remu	x2,x3,x22	  x3:0x00000000 x22:0x03600000  x2=0x00000000
     305875.000 ns	     30586	80006ac8	416d5613	srai	x12,x26,0x16	 x26:0xffffffff x12=0xffffffff
     305895.000 ns	     30588	80006acc	c013f553	fcvt.wu.s	x10,f7	  f7:0x4c580000 x10=0x03600000
     305925.000 ns	     30591	80006ad0	c003f553	fcvt.w.s	x10,f7	  f7:0x4c580000 x10=0x03600000
     305945.000 ns	     30593	80006ad4	d54498b7	lui	x17,0xd5449	 x17=0xd5449000
     305955.000 ns	     30594	80006ad8	9f772f13	slti	x30,x14,-1545	 x14:0x00000002 x30=0x00000000
     305975.000 ns	     30596	80006adc	e00499d3	fclass.s	x19,f9	  f9:0x0013bfff x19=0x00000020
     305995.000 ns	     30598	80006ae0	00ed8733	add	x14,x27,x14	 x27:0xf1936e1b x14:0x00000002 x14=0xf1936e1d
     306015.000 ns	     30600	80006ae4	21e19ed3	fsgnjn.s	f29,f3,f30	  f3:0x00000000 f30:0x47800000 f29=0x80000000
     306035.000 ns	     30602	80006ae8	0070da33	srl	x20,x1,x7	  x1:0x0000026e  x7:0x00000001 x20=0x00000137
     306045.000 ns	     30603	80006aec	006df733	and	x14,x27,x6	 x27:0xf1936e1b  x6:0x0000026e x14=0x0000020a
     306065.000 ns	     30605	80006af0	20642ad3	fsgnjx.s	f21,f8,f6	  f8:0x00000000  f6:0x7fc00000 f21=0x00000000
     306085.000 ns	     30607	80006af4	408a0433	sub	x8,x20,x8	 x20:0x00000137  x8:0x00000000  x8=0x00000137
     306095.000 ns	     30608	80006af8	017a89b3	add	x19,x21,x23	 x21:0x00000001 x23:0x80040fe4 x19=0x80040fe5
     306105.000 ns	     30609	80006afc	fd9b25b7	lui	x11,0xfd9b2	 x11=0xfd9b2000
     306125.000 ns	     30611	80006b00	a0bc17d3	flt.s	x15,f24,f11	 f24:0x5b596f06 f11:0x00000000 x15=0x00000000
     306145.000 ns	     30613	80006b04	01a25013	srli	x0,x4,0x1a	  x4:0xffff8cd5
     306175.000 ns	     30616	80006b08	1901f153	fdiv.s	f2,f3,f16	  f3:0x00000000 f16:0x80000000  f2=0x7fc00000
     306215.000 ns	     30620	80006b0c	191af9d3	fdiv.s	f19,f21,f17	 f21:0x00000000 f17:0x4e80d97f f19=0x00000000
     306235.000 ns	     30622	80006b10	67186c17	auipc	x24,0x67186	 x24=0xe718cb10
     306255.000 ns	     30624	80006b14	d003f053	fcvt.s.w	f0,x7	  x7:0x00000001  f0=0x3f800000
     306295.000 ns	     30628	80006b18	1957f4d3	fdiv.s	f9,f15,f21	 f15:0x4c580000 f21:0x00000000  f9=0x7f800000
     306325.000 ns	     30631	80006b1c	a095acd3	feq.s	x25,f11,f9	 f11:0x00000000  f9:0x0013bfff x25=0x00000000
     306355.000 ns	     30634	80006b20	02871933	mulh	x18,x14,x8	 x14:0x0000020a  x8:0x00000137 x18=0x00000000
     306375.000 ns	     30636	80006b24	00f172b3	and	x5,x2,x15	  x2:0x00000000 x15:0x00000000  x5=0x00000000
     306385.000 ns	     30637	80006b28	0187acb3	slt	x25,x15,x24	 x15:0x00000000 x24:0xe718cb10 x25=0x00000000
     306395.000 ns	     30638	80006b2c	002a5a13	srli	x20,x20,0x2	 x20:0x00000137 x20=0x0000004d
     306415.000 ns	     30640	80006b30	e0000853	fmv.x.w	x16,f0	  f0:0x3f800000 x16=0x3f800000
     306445.000 ns	     30643	80006b34	e00c18d3	fclass.s	x17,f24	 f24:0x5b596f06 x17=0x00000040
     306475.000 ns	     30646	80006b38	219c8853	fsgnj.s	f16,f25,f25	 f25:0x4f700082 f25:0x4f700082 f16=0x4f700082
     306495.000 ns	     30648	80006b3c	40e5d793	srai	x15,x11,0xe	 x11:0xfd9b2000 x15=0xfffff66c
     306505.000 ns	     30649	80006b40	a1f13e93	sltiu	x29,x2,-1505	  x2:0x00000000 x29=0x00000001
     306525.000 ns	     30651	80006b44	03e61833	mulh	x16,x12,x30	 x12:0xffffffff x30:0x00000000 x16=0x00000000
     306555.000 ns	     30654	80006b48	21ed22d3	fsgnjx.s	f5,f26,f30	 f26:0x7fc00000 f30:0x47800000  f5=0x7fc00000
     306575.000 ns	     30656	80006b4c	582f0893	addi	x17,x30,1410	 x30:0x00000000 x17=0x00000582
     306585.000 ns	     30657	80006b50	9f73fc13	andi	x24,x7,-1545	  x7:0x00000001 x24=0x00000001
     306595.000 ns	     30658	80006b54	0062ef33	or	x30,x5,x6	  x5:0x00000000  x6:0x0000026e x30=0x0000026e
     306615.000 ns	     30660	80006b58	a15a8ad3	fle.s	x21,f21,f21	 f21:0x00000000 f21:0x00000000 x21=0x00000001
     306645.000 ns	     30663	80006b5c	d0049053	fcvt.s.w	f0,x9	  x9:0x00000000  f0=0x00000000
     306675.000 ns	     30666	80006b60	f00f8fd3	fmv.w.x	f31,x31	 x31:0x00000001 f31=0x00000001
     306695.000 ns	     30668	80006b64	412ad993	srai	x19,x21,0x12	 x21:0x00000001 x19=0x00000000
     306705.000 ns	     30669	80006b68	46394913	xori	x18,x18,1123	 x18:0x00000000 x18=0x00000463
     306715.000 ns	     30670	80006b6c	018c0733	add	x14,x24,x24	 x24:0x00000001 x24:0x00000001 x14=0x00000002
     306725.000 ns	     30671	80006b70	e8262113	slti	x2,x12,-382	 x12:0xffffffff  x2=0x00000000
     307085.000 ns	     30707	80006b74	02a8ffb3	remu	x31,x17,x10	 x17:0x00000582 x10:0x03600000 x31=0x00000582
     307105.000 ns	     30709	80006b78	41a90333	sub	x6,x18,x26	 x18:0x00000463 x26:0xffffffff  x6=0x00000464
     307125.000 ns	     30711	80006b7c	20f99253	fsgnjn.s	f4,f19,f15	 f19:0x00000000 f15:0x4c580000  f4=0x80000000
     307155.000 ns	     30714	80006b80	d00a0f53	fcvt.s.w	f30,x20	 x20:0x0000004d f30=0x429a0000
     307185.000 ns	     30717	80006b84	c018f953	fcvt.wu.s	x18,f17	 f17:0x4e80d97f x18=0x406cbf80
     307555.000 ns	     30754	80006b88	02aae5b3	rem	x11,x21,x10	 x21:0x00000001 x10:0x03600000 x11=0x00000001
     307585.000 ns	     30757	80006b8c	284a9c53	fmax.s	f24,f21,f4	 f21:0x00000000  f4:0x80000000 f24=0x00000000
     307605.000 ns	     30759	80006b90	008d83b3	add	x7,x27,x8	 x27:0xf1936e1b  x8:0x00000137  x7=0xf1936f52
     307615.000 ns	     30760	80006b94	01957333	and	x6,x10,x25	 x10:0x03600000 x25:0x00000000  x6=0x00000000
     307625.000 ns	     30761	80006b98	79196a17	auipc	x20,0x79196	 x20=0xf919cb98
     307645.000 ns	     30763	80006b9c	a0af2a53	feq.s	x20,f30,f10	 f30:0x429a0000 f10:0x4e80d97f x20=0x00000000
     307675.000 ns	     30766	80006ba0	03c9a2b3	mulhsu	x5,x19,x28	 x19:0x00000000 x28:0x80041024  x5=0x00000000
     307705.000 ns	     30769	80006ba4	a1e0a153	feq.s	x2,f1,f30	  f1:0x7fc00000 f30:0x429a0000  x2=0x00000000
     307735.000 ns	     30772	80006ba8	c0098253	fcvt.w.s	x4,f19	 f19:0x00000000  x4=0x00000000
     307765.000 ns	     30775	80006bac	a06a8853	fle.s	x16,f21,f6	 f21:0x00000000  f6:0x7fc00000 x16=0x00000000
     307785.000 ns	     30777	80006bb0	009d6c33	or	x24,x26,x9	 x26:0xffffffff  x9:0x00000000 x24=0xffffffff
     307795.000 ns	     30778	80006bb4	cc810513	addi	x10,x2,-824	  x2:0x00000000 x10=0xfffffcc8
     307805.000 ns	     30779	80006bb8	2533c713	xori	x14,x7,595	  x7:0xf1936f52 x14=0xf1936d01
     307825.000 ns	     30781	80006bbc	21089253	fsgnjn.s	f4,f17,f16	 f17:0x4e80d97f f16:0x4f700082  f4=0xce80d97f
     307855.000 ns	     30784	80006bc0	02285633	divu	x12,x16,x2	 x16:0x00000000  x2:0x00000000 x12=0xffffffff
     307885.000 ns	     30787	80006bc4	28ac1a53	fmax.s	f20,f24,f10	 f24:0x00000000 f10:0x4e80d97f f20=0x4e80d97f
     307905.000 ns	     30789	80006bc8	38420e93	addi	x29,x4,900	  x4:0x00000000 x29=0x00000384
     307915.000 ns	     30790	80006bcc	00fcf7b3	and	x15,x25,x15	 x25:0x00000000 x15:0xfffff66c x15=0x00000000
     307955.000 ns	     30794	80006bd0	00708353	fadd.s	f6,f1,f7	  f1:0x7fc00000  f7:0x4c580000  f6=0x7fc00000
     307985.000 ns	     30797	80006bd4	0228a333	mulhsu	x6,x17,x2	 x17:0x00000582  x2:0x00000000  x6=0x00000000
     308005.000 ns	     30799	80006bd8	00629413	slli	x8,x5,0x6	  x5:0x00000000  x8=0x00000000
     308025.000 ns	     30801	80006bdc	d0127d53	fcvt.s.wu	f26,x4	  x4:0x00000000 f26=0x00000000
     308045.000 ns	     30803	80006be0	6cbe7c93	andi	x25,x28,1739	 x28:0x80041024 x25=0x00000000
     308055.000 ns	     30804	80006be4	00045193	srli	x3,x8,0x0	  x8:0x00000000  x3=0x00000000
     308075.000 ns	     30806	80006be8	29f41ed3	fmax.s	f29,f8,f31	  f8:0x00000000 f31:0x00000001 f29=0x00000001
     308095.000 ns	     30808	80006bec	0147c0b3	xor	x1,x15,x20	 x15:0x00000000 x20:0x00000000  x1=0x00000000
     308115.000 ns	     30810	80006bf0	200396d3	fsgnjn.s	f13,f7,f0	  f7:0x4c580000  f0:0x00000000 f13=0xcc580000
     308145.000 ns	     30813	80006bf4	f0070e53	fmv.w.x	f28,x14	 x14:0xf1936d01 f28=0xf1936d01
     308165.000 ns	     30815	80006bf8	01246b33	or	x22,x8,x18	  x8:0x00000000 x18:0x406cbf80 x22=0x406cbf80
     308175.000 ns	     30816	80006bfc	255d96b7	lui	x13,0x255d9	 x13=0x255d9000
     308185.000 ns	     30817	80006c00	007e91b3	sll	x3,x29,x7	 x29:0x00000384  x7:0xf1936f52  x3=0x0e100000
     308195.000 ns	     30818	80006c04	6c0841b7	lui	x3,0x6c084	  x3=0x6c084000
     308205.000 ns	     30819	80006c08	cdc04213	xori	x4,x0,-804	  x0:0x00000000  x4=0xfffffcdc
     308225.000 ns	     30821	80006c0c	29d604d3	fmin.s	f9,f12,f29	 f12:0x7fc00000 f29:0x00000001  f9=0x00000001
     309405.000 ns	     30939	80006c10	580bf453	fsqrt.s	f8,f23	 f23:0x5b596f06  f8=0x4d19bfb2
     309435.000 ns	     30942	80006c14	20848e53	fsgnj.s	f28,f9,f8	  f9:0x00000001  f8:0x00000000 f28=0x00000001
     309455.000 ns	     30944	80006c18	263ad797	auipc	x15,0x263ad	 x15=0xa63b3c18
     309475.000 ns	     30946	80006c1c	02bf8633	mul	x12,x31,x11	 x31:0x00000582 x11:0x00000001 x12=0x00000582
     309505.000 ns	     30949	80006c20	20329e53	fsgnjn.s	f28,f5,f3	  f5:0x7fc00000  f3:0x00000000 f28=0xffc00000
     309535.000 ns	     30952	80006c24	205a2453	fsgnjx.s	f8,f20,f5	 f20:0x4e80d97f  f5:0x7fc00000  f8=0x4e80d97f
     309575.000 ns	     30956	80006c28	580ab1d3	fsqrt.s	f3,f21	 f21:0x00000000  f3=0x00000000
     309605.000 ns	     30959	80006c2c	e0088653	fmv.x.w	x12,f17	 f17:0x4e80d97f x12=0x4e80d97f
     309625.000 ns	     30961	80006c30	01480fb3	add	x31,x16,x20	 x16:0x00000000 x20:0x00000000 x31=0x00000000
     309645.000 ns	     30963	80006c34	292913d3	fmax.s	f7,f18,f18	 f18:0x7fc00000 f18:0x7fc00000  f7=0x7fc00000
     309675.000 ns	     30966	80006c38	203a9ad3	fsgnjn.s	f21,f21,f3	 f21:0x00000000  f3:0x00000000 f21=0x80000000
     309695.000 ns	     30968	80006c3c	00bc9f33	sll	x30,x25,x11	 x25:0x00000000 x11:0x00000001 x30=0x00000000
     309715.000 ns	     30970	80006c40	288f9953	fmax.s	f18,f31,f8	 f31:0x00000001  f8:0x4e80d97f f18=0x4e80d97f
     309745.000 ns	     30973	80006c44	03498eb3	mul	x29,x19,x20	 x19:0x00000000 x20:0x00000000 x29=0x00000000
     309765.000 ns	     30975	80006c48	417ed413	srai	x8,x29,0x17	 x29:0x00000384  x8=0x00000000
     309775.000 ns	     30976	80006c4c	41dad8b3	sra	x17,x21,x29	 x21:0x00000001 x29:0x00000000 x17=0x00000001
     310715.000 ns	     31070	80006c50	5804a9d3	fsqrt.s	f19,f9	  f9:0x00000001 f19=0x1f350483
     310735.000 ns	     31072	80006c54	01fe06b3	add	x13,x28,x31	 x28:0x80041024 x31:0x00000000 x13=0x80041024
     310755.000 ns	     31074	80006c58	038f1933	mulh	x18,x30,x24	 x30:0x00000000 x24:0xffffffff x18=0x00000000
     310775.000 ns	     31076	80006c5c	00ffaab3	slt	x21,x31,x15	 x31:0x00000000 x15:0xa63b3c18 x21=0x00000000
     310785.000 ns	     31077	80006c60	41790d33	sub	x26,x18,x23	 x18:0x00000000 x23:0x80040fe4 x26=0x7ffbf01c
     310795.000 ns	     31078	80006c64	40ec81b3	sub	x3,x25,x14	 x25:0x00000000 x14:0xf1936d01  x3=0x0e6c92ff
     311155.000 ns	     31114	80006c68	03be7933	remu	x18,x28,x27	 x28:0x80041024 x27:0xf1936e1b x18=0x80041024
     311185.000 ns	     31117	80006c6c	0343db33	divu	x22,x7,x20	  x7:0xf1936f52 x20:0x00000000 x22=0xffffffff
     311205.000 ns	     31119	80006c70	013e76b3	and	x13,x28,x19	 x28:0x80041024 x19:0x00000000 x13=0x00000000
     311215.000 ns	     31120	80006c74	a23380b7	lui	x1,0xa2338	  x1=0xa2338000
     311235.000 ns	     31122	80006c78	c012b553	fcvt.wu.s	x10,f5	  f5:0x7fc00000 x10=0xffffffff
     311265.000 ns	     31125	80006c7c	29eb8bd3	fmin.s	f23,f23,f30	 f23:0x5b596f06 f30:0x429a0000 f23=0x429a0000
     311285.000 ns	     31127	80006c80	5ae48f13	addi	x30,x9,1454	  x9:0x00000000 x30=0x000005ae
     311295.000 ns	     31128	80006c84	4f106493	ori	x9,x0,1265	  x0:0x00000000  x9=0x000004f1
     311315.000 ns	     31130	80006c88	03a93633	mulhu	x12,x18,x26	 x18:0x80041024 x26:0x7ffbf01c x12=0x4000000f
     311345.000 ns	     31133	80006c8c	e00989d3	fmv.x.w	x19,f19	 f19:0x1f350483 x19=0x1f350483
     311395.000 ns	     31138	80006c90	012b7253	fadd.s	f4,f22,f18	 f22:0xcd9b469a f18:0x4e80d97f  f4=0x4e340fb0
     311415.000 ns	     31140	80006c94	caa42c93	slti	x25,x8,-854	  x8:0x00000000 x25=0x00000000
     311435.000 ns	     31142	80006c98	20aa8d53	fsgnj.s	f26,f21,f10	 f21:0x80000000 f10:0x4e80d97f f26=0x00000000
     311465.000 ns	     31145	80006c9c	03fbaeb3	mulhsu	x29,x23,x31	 x23:0x80040fe4 x31:0x00000000 x29=0x00000000
     311485.000 ns	     31147	80006ca0	007e8cb3	add	x25,x29,x7	 x29:0x00000000  x7:0xf1936f52 x25=0xf1936f52
     311505.000 ns	     31149	80006ca4	204e84d3	fsgnj.s	f9,f29,f4	 f29:0x00000001  f4:0x4e340fb0  f9=0x00000001
     311535.000 ns	     31152	80006ca8	29d19ad3	fmax.s	f21,f3,f29	  f3:0x00000000 f29:0x00000001 f21=0x00000001
     312715.000 ns	     31270	80006cac	580cfcd3	fsqrt.s	f25,f25	 f25:0x4f700082 f25=0x4729b4f5
     312735.000 ns	     31272	80006cb0	014d7933	and	x18,x26,x20	 x26:0x7ffbf01c x20:0x00000000 x18=0x00000000
     313095.000 ns	     31308	80006cb4	039045b3	div	x11,x0,x25	  x0:0x00000000 x25:0xf1936f52 x11=0x00000000
     313115.000 ns	     31310	80006cb8	00000013	addi	x0,x0,0	  x0:0x00000000
     313135.000 ns	     31312	80006cbc	d00a1e53	fcvt.s.w	f28,x20	 x20:0x00000000 f28=0x00000000
     313155.000 ns	     31314	80006cc0	01ecfcb3	and	x25,x25,x30	 x25:0xf1936f52 x30:0x000005ae x25=0x00000502
     313175.000 ns	     31316	80006cc4	c0113453	fcvt.wu.s	x8,f2	  f2:0x7fc00000  x8=0xffffffff
     313205.000 ns	     31319	80006cc8	292a89d3	fmin.s	f19,f21,f18	 f21:0x00000001 f18:0x4e80d97f f19=0x00000001
     313225.000 ns	     31321	80006ccc	0148d413	srli	x8,x17,0x14	 x17:0x00000001  x8=0x00000000
     313255.000 ns	     31324	80006cd0	1853b153	fdiv.s	f2,f7,f5	  f7:0x7fc00000  f5:0x7fc00000  f2=0x7fc00000
     313275.000 ns	     31326	80006cd4	0008ba33	sltu	x20,x17,x0	 x17:0x00000001  x0:0x00000000 x20=0x00000000
     313285.000 ns	     31327	80006cd8	00ef0033	add	x0,x30,x14	 x30:0x000005ae x14:0xf1936d01
     313295.000 ns	     31328	80006cdc	2e28e917	auipc	x18,0x2e28e	 x18=0xae294cdc
     313315.000 ns	     31330	80006ce0	20ef8c53	fsgnj.s	f24,f31,f14	 f31:0x00000001 f14:0x7fc00000 f24=0x00000001
     313335.000 ns	     31332	80006ce4	791a2493	slti	x9,x20,1937	 x20:0x00000000  x9=0x00000001
     313355.000 ns	     31334	80006ce8	216ca553	fsgnjx.s	f10,f25,f22	 f25:0x4729b4f5 f22:0xcd9b469a f10=0xc729b4f5
     313385.000 ns	     31337	80006cec	291b1ad3	fmax.s	f21,f22,f17	 f22:0xcd9b469a f17:0x4e80d97f f21=0x4e80d97f
     313415.000 ns	     31340	80006cf0	c00a70d3	fcvt.w.s	x1,f20	 f20:0x4e80d97f  x1=0x406cbf80
     313435.000 ns	     31342	80006cf4	01cfde93	srli	x29,x31,0x1c	 x31:0x00000000 x29=0x00000000
     313455.000 ns	     31344	80006cf8	d01ef053	fcvt.s.wu	f0,x29	 x29:0x00000000  f0=0x00000000
     313475.000 ns	     31346	80006cfc	000e55b3	srl	x11,x28,x0	 x28:0x80041024  x0:0x00000000 x11=0x80041024
     313485.000 ns	     31347	80006d00	40250033	sub	x0,x10,x2	 x10:0xffffffff  x2:0x00000000
     313505.000 ns	     31349	80006d04	02729c33	mulh	x24,x5,x7	  x5:0x00000000  x7:0xf1936f52 x24=0x00000000
     313525.000 ns	     31351	80006d08	01e4d4b3	srl	x9,x9,x30	  x9:0x00000001 x30:0x000005ae  x9=0x00000000
     313535.000 ns	     31352	80006d0c	01832933	slt	x18,x6,x24	  x6:0x00000000 x24:0x00000000 x18=0x00000000
     313545.000 ns	     31353	80006d10	506d8793	addi	x15,x27,1286	 x27:0xf1936e1b x15=0xf1937321
     313905.000 ns	     31389	80006d14	02fd7d33	remu	x26,x26,x15	 x26:0x7ffbf01c x15:0xa63b3c18 x26=0x7ffbf01c
     313935.000 ns	     31392	80006d18	288714d3	fmax.s	f9,f14,f8	 f14:0x7fc00000  f8:0x4e80d97f  f9=0x4e80d97f
     313965.000 ns	     31395	80006d1c	03dd44b3	div	x9,x26,x29	 x26:0x7ffbf01c x29:0x00000000  x9=0xffffffff
     313985.000 ns	     31397	80006d20	24f3c493	xori	x9,x7,591	  x7:0xf1936f52  x9=0xf1936d1d
     314315.000 ns	     31430	80006d24	191a7653	fdiv.s	f12,f20,f17	 f20:0x4e80d97f f17:0x4e80d97f f12=0x3f00d980
     314345.000 ns	     31433	80006d28	d00cf653	fcvt.s.w	f12,x25	 x25:0x00000502 f12=0x44a04000
     314365.000 ns	     31435	80006d2c	01882eb3	slt	x29,x16,x24	 x16:0x00000000 x24:0x00000000 x29=0x00000000
     314375.000 ns	     31436	80006d30	f78c3b13	sltiu	x22,x24,-136	 x24:0x00000000 x22=0x00000001
     314385.000 ns	     31437	80006d34	01779613	slli	x12,x15,0x17	 x15:0xf1937321 x12=0x90800000
     314395.000 ns	     31438	80006d38	0018ec33	or	x24,x17,x1	 x17:0x00000001  x1:0x406cbf80 x24=0x406cbf81
     314405.000 ns	     31439	80006d3c	e6fa6f93	ori	x31,x20,-401	 x20:0x00000000 x31=0xfffffe6f
     314425.000 ns	     31441	80006d40	e0049ed3	fclass.s	x29,f9	  f9:0x4e80d97f x29=0x00000040
     314455.000 ns	     31444	80006d44	f0078453	fmv.w.x	f8,x15	 x15:0xf1937321  f8=0xf1937321
     314485.000 ns	     31447	80006d48	034381b3	mul	x3,x7,x20	  x7:0xf1936f52 x20:0x00000000  x3=0x00000000
     314505.000 ns	     31449	80006d4c	05f3f313	andi	x6,x7,95	  x7:0xf1936f52  x6=0x00000052
     314515.000 ns	     31450	80006d50	3a32f093	andi	x1,x5,931	  x5:0x00000000  x1=0x00000000
     314535.000 ns	     31452	80006d54	c01dfad3	fcvt.wu.s	x21,f27	 f27:0x7fc00000 x21=0xffffffff
     314555.000 ns	     31454	80006d58	010e44b3	xor	x9,x28,x16	 x28:0x80041024 x16:0x00000000  x9=0x80041024
     314575.000 ns	     31456	80006d5c	d01801d3	fcvt.s.wu	f3,x16	 x16:0x00000000  f3=0x00000000
     314615.000 ns	     31460	80006d60	114b9b53	fmul.s	f22,f23,f20	 f23:0x429a0000 f20:0x4e80d97f f22=0x519b05ac
     314645.000 ns	     31463	80006d64	c0190fd3	fcvt.wu.s	x31,f18	 f18:0x4e80d97f x31=0x406cbf80
     314665.000 ns	     31465	80006d68	f2234f93	xori	x31,x6,-222	  x6:0x00000052 x31=0xffffff70
     314685.000 ns	     31467	80006d6c	e00a92d3	fclass.s	x5,f21	 f21:0x4e80d97f  x5=0x00000040
     314705.000 ns	     31469	80006d70	a5828293	addi	x5,x5,-1448	  x5:0x00000000  x5=0xfffffa98
     314715.000 ns	     31470	80006d74	85e7b093	sltiu	x1,x15,-1954	 x15:0xf1937321  x1=0x00000001
     314725.000 ns	     31471	80006d78	e2459597	auipc	x11,0xe2459	 x11=0x6245fd78
     314745.000 ns	     31473	80006d7c	03a79fb3	mulh	x31,x15,x26	 x15:0xf1937321 x26:0x7ffbf01c x31=0xf8c9f427
     314765.000 ns	     31475	80006d80	01089b13	slli	x22,x17,0x10	 x17:0x00000001 x22=0x00010000
     314775.000 ns	     31476	80006d84	014910b3	sll	x1,x18,x20	 x18:0x00000000 x20:0x00000000  x1=0x00000000
     314785.000 ns	     31477	80006d88	235aaf93	slti	x31,x21,565	 x21:0xffffffff x31=0x00000001
     314795.000 ns	     31478	80006d8c	486f7493	andi	x9,x30,1158	 x30:0x000005ae  x9=0x00000486
     314825.000 ns	     31481	80006d90	11bac953	fmul.s	f18,f21,f27	 f21:0x4e80d97f f27:0x7fc00000 f18=0x7fc00000
     314865.000 ns	     31485	80006d94	1083fc53	fmul.s	f24,f7,f8	  f7:0x7fc00000  f8:0xf1937321 f24=0x7fc00000
     314895.000 ns	     31488	80006d98	a0718253	fle.s	x4,f3,f7	  f3:0x00000000  f7:0x7fc00000  x4=0x00000000
     314935.000 ns	     31492	80006d9c	10f27653	fmul.s	f12,f4,f15	  f4:0x4e340fb0 f15:0x4c580000 f12=0x5b17ed3c
     314965.000 ns	     31495	80006da0	d01e0fd3	fcvt.s.wu	f31,x28	 x28:0x80041024 f31=0x4f000410
     314995.000 ns	     31498	80006da4	c0121f53	fcvt.wu.s	x30,f4	  f4:0x4e340fb0 x30=0x2d03ec00
     315025.000 ns	     31501	80006da8	02f5bcb3	mulhu	x25,x11,x15	 x11:0x6245fd78 x15:0xf1937321 x25=0x5cbc7e00
     315045.000 ns	     31503	80006dac	59ed6693	ori	x13,x26,1438	 x26:0x7ffbf01c x13=0x7ffbf59e
     315055.000 ns	     31504	80006db0	01e632b3	sltu	x5,x12,x30	 x12:0x90800000 x30:0x2d03ec00  x5=0x00000000
     315075.000 ns	     31506	80006db4	a1d29ad3	flt.s	x21,f5,f29	  f5:0x7fc00000 f29:0x00000001 x21=0x00000000
     315105.000 ns	     31509	80006db8	a19fa453	feq.s	x8,f31,f25	 f31:0x4f000410 f25:0x4729b4f5  x8=0x00000000
     315125.000 ns	     31511	80006dbc	01b1d693	srli	x13,x3,0x1b	  x3:0x00000000 x13=0x00000000
     316295.000 ns	     31628	80006dc0	58087b53	fsqrt.s	f22,f16	 f16:0x4f700082 f22=0x4729b4f5
     316325.000 ns	     31631	80006dc4	214d2fd3	fsgnjx.s	f31,f26,f20	 f26:0x00000000 f20:0x4e80d97f f31=0x00000000
     316355.000 ns	     31634	80006dc8	03fa35b3	mulhu	x11,x20,x31	 x20:0x00000000 x31:0x00000001 x11=0x00000000
     316385.000 ns	     31637	80006dcc	f00005d3	fmv.w.x	f11,x0	  x0:0x00000000 f11=0x00000000
     316415.000 ns	     31640	80006dd0	a0c19953	flt.s	x18,f3,f12	  f3:0x00000000 f12:0x5b17ed3c x18=0x00000001
     316445.000 ns	     31643	80006dd4	e00486d3	fmv.x.w	x13,f9	  f9:0x4e80d97f x13=0x4e80d97f
     316475.000 ns	     31646	80006dd8	d012f753	fcvt.s.wu	f14,x5	  x5:0x00000000 f14=0x00000000
     316515.000 ns	     31650	80006ddc	19c5c053	fdiv.s	f0,f11,f28	 f11:0x00000000 f28:0x00000000  f0=0x7fc00000
     316535.000 ns	     31652	80006de0	01c3cf33	xor	x30,x7,x28	  x7:0xf1936f52 x28:0x80041024 x30=0x71977f76
     316555.000 ns	     31654	80006de4	a1d89353	flt.s	x6,f17,f29	 f17:0x4e80d97f f29:0x00000001  x6=0x00000000
     316585.000 ns	     31657	80006de8	02587633	remu	x12,x16,x5	 x16:0x00000000  x5:0x00000000 x12=0x00000000
     316605.000 ns	     31659	80006dec	01c01cb3	sll	x25,x0,x28	  x0:0x00000000 x28:0x80041024 x25=0x00000000
     316615.000 ns	     31660	80006df0	00af5433	srl	x8,x30,x10	 x30:0x71977f76 x10:0xffffffff  x8=0x00000000
     316635.000 ns	     31662	80006df4	a1f10653	fle.s	x12,f2,f31	  f2:0x7fc00000 f31:0x00000000 x12=0x00000000
     316665.000 ns	     31665	80006df8	d014f853	fcvt.s.wu	f16,x9	  x9:0x00000486 f16=0x4490c000
     316685.000 ns	     31667	80006dfc	004121b3	slt	x3,x2,x4	  x2:0x00000000  x4:0x00000000  x3=0x00000000
     316705.000 ns	     31669	80006e00	f00b0653	fmv.w.x	f12,x22	 x22:0x00010000 f12=0x00010000
     316735.000 ns	     31672	80006e04	03331eb3	mulh	x29,x6,x19	  x6:0x00000000 x19:0x1f350483 x29=0x00000000
     316755.000 ns	     31674	80006e08	01409213	slli	x4,x1,0x14	  x1:0x00000000  x4=0x00000000
     316765.000 ns	     31675	80006e0c	e85c0293	addi	x5,x24,-379	 x24:0x406cbf81  x5=0x406cbe06
     316795.000 ns	     31678	80006e10	10090553	fmul.s	f10,f18,f0	 f18:0x7fc00000  f0:0x7fc00000 f10=0x7fc00000
     316825.000 ns	     31681	80006e14	e00d9553	fclass.s	x10,f27	 f27:0x7fc00000 x10=0x00000200
     316855.000 ns	     31684	80006e18	02fcbeb3	mulhu	x29,x25,x15	 x25:0x00000000 x15:0xf1937321 x29=0x00000000
     316875.000 ns	     31686	80006e1c	01daf0b3	and	x1,x21,x29	 x21:0x00000000 x29:0x00000000  x1=0x00000000
     316905.000 ns	     31689	80006e20	11a376d3	fmul.s	f13,f6,f26	  f6:0x7fc00000 f26:0x00000000 f13=0x7fc00000
     316925.000 ns	     31691	80006e24	1186b013	sltiu	x0,x13,280	 x13:0x4e80d97f
     316965.000 ns	     31695	80006e28	0020ffd3	fadd.s	f31,f1,f2	  f1:0x7fc00000  f2:0x7fc00000 f31=0x7fc00000
     316995.000 ns	     31698	80006e2c	a00801d3	fle.s	x3,f16,f0	 f16:0x4490c000  f0:0x7fc00000  x3=0x00000000
     317025.000 ns	     31701	80006e30	a0c8ad53	feq.s	x26,f17,f12	 f17:0x4e80d97f f12:0x00010000 x26=0x00000000
     317055.000 ns	     31704	80006e34	20e025d3	fsgnjx.s	f11,f0,f14	  f0:0x7fc00000 f14:0x00000000 f11=0x7fc00000
     317075.000 ns	     31706	80006e38	00000013	addi	x0,x0,0	  x0:0x00000000
     317085.000 ns	     31707	80006e3c	01e34833	xor	x16,x6,x30	  x6:0x00000000 x30:0x71977f76 x16=0x71977f76
     317125.000 ns	     31711	80006e40	009b0cd3	fadd.s	f25,f22,f9	 f22:0x4729b4f5  f9:0x4e80d97f f25=0x4e80dad2
     317495.000 ns	     31748	80006e44	03686233	rem	x4,x16,x22	 x16:0x00000000 x22:0x00010000  x4=0x00007f76
     317865.000 ns	     31785	80006e48	03fe56b3	divu	x13,x28,x31	 x28:0x80041024 x31:0x00000001 x13=0x80041024
     317895.000 ns	     31788	80006e4c	a0438cd3	fle.s	x25,f7,f4	  f7:0x7fc00000  f4:0x4e340fb0 x25=0x00000000
     317925.000 ns	     31791	80006e50	d01816d3	fcvt.s.wu	f13,x16	 x16:0x71977f76 f13=0x4ee32efe
     317945.000 ns	     31793	80006e54	afae4117	auipc	x2,0xafae4	  x2=0x2faeae54
     317985.000 ns	     31797	80006e58	09fb7753	fsub.s	f14,f22,f31	 f22:0x4729b4f5 f31:0x7fc00000 f14=0x7fc00000
     318005.000 ns	     31799	80006e5c	a6846f93	ori	x31,x8,-1432	  x8:0x00000000 x31=0xfffffa68
     318015.000 ns	     31800	80006e60	41505c93	srai	x25,x0,0x15	  x0:0x00000000 x25=0x00000000
     318025.000 ns	     31801	80006e64	002d0ab3	add	x21,x26,x2	 x26:0x00000000  x2:0x2faeae54 x21=0x2faeae54
     318055.000 ns	     31804	80006e68	107091d3	fmul.s	f3,f1,f7	  f1:0x7fc00000  f7:0x7fc00000  f3=0x7fc00000
     318085.000 ns	     31807	80006e6c	021a22b3	mulhsu	x5,x20,x1	 x20:0x00000000  x1:0x00000000  x5=0x00000000
     318115.000 ns	     31810	80006e70	03a48fb3	mul	x31,x9,x26	  x9:0x00000486 x26:0x00000000 x31=0x00000000
     319295.000 ns	     31928	80006e74	58087a53	fsqrt.s	f20,f16	 f16:0x4490c000 f20=0x42081de4
     319325.000 ns	     31931	80006e78	21b88953	fsgnj.s	f18,f17,f27	 f17:0x4e80d97f f27:0x7fc00000 f18=0x4e80d97f
     319345.000 ns	     31933	80006e7c	00525233	srl	x4,x4,x5	  x4:0x00007f76  x5:0x00000000  x4=0x00007f76
     319355.000 ns	     31934	80006e80	019d2f33	slt	x30,x26,x25	 x26:0x00000000 x25:0x00000000 x30=0x00000000
     319395.000 ns	     31938	80006e84	01933ed3	fadd.s	f29,f6,f25	  f6:0x7fc00000 f25:0x4e80dad2 f29=0x7fc00000
     319425.000 ns	     31941	80006e88	211f86d3	fsgnj.s	f13,f31,f17	 f31:0x7fc00000 f17:0x4e80d97f f13=0x7fc00000
     319445.000 ns	     31943	80006e8c	40ecd093	srai	x1,x25,0xe	 x25:0x00000000  x1=0x00000000
     319455.000 ns	     31944	80006e90	419d0fb3	sub	x31,x26,x25	 x26:0x00000000 x25:0x00000000 x31=0x00000000
     319475.000 ns	     31946	80006e94	c01fa3d3	fcvt.wu.s	x7,f31	 f31:0x7fc00000  x7=0xffffffff
     319815.000 ns	     31980	80006e98	1894f4d3	fdiv.s	f9,f9,f9	  f9:0x4e80d97f  f9:0x4e80d97f  f9=0x3f00d980
     319855.000 ns	     31984	80006e9c	113b0cd3	fmul.s	f25,f22,f19	 f22:0x4729b4f5 f19:0x00000001 f25=0x0000a9b5
     319885.000 ns	     31987	80006ea0	a171a553	feq.s	x10,f3,f23	  f3:0x7fc00000 f23:0x429a0000 x10=0x00000000
     319905.000 ns	     31989	80006ea4	413cd993	srai	x19,x25,0x13	 x25:0x00000000 x19=0x00000000
     319915.000 ns	     31990	80006ea8	01746cb3	or	x25,x8,x23	  x8:0x00000000 x23:0x80040fe4 x25=0x80040fe4
     319935.000 ns	     31992	80006eac	a0010fd3	fle.s	x31,f2,f0	  f2:0x7fc00000  f0:0x7fc00000 x31=0x00000000
     319965.000 ns	     31995	80006eb0	213e9ad3	fsgnjn.s	f21,f29,f19	 f29:0x7fc00000 f19:0x00000001 f21=0xffc00000
     319995.000 ns	     31998	80006eb4	c01288d3	fcvt.wu.s	x17,f5	  f5:0x7fc00000 x17=0xffffffff
     320025.000 ns	     32001	80006eb8	d004a1d3	fcvt.s.w	f3,x9	  x9:0x00000486  f3=0x4490c000
     320045.000 ns	     32003	80006ebc	0006ed33	or	x26,x13,x0	 x13:0x80041024  x0:0x00000000 x26=0x80041024
     320055.000 ns	     32004	80006ec0	cce7c813	xori	x16,x15,-818	 x15:0xf1937321 x16=0x0e6c8fef
     320065.000 ns	     32005	80006ec4	00d95cb3	srl	x25,x18,x13	 x18:0x00000001 x13:0x80041024 x25=0x00000000
     320075.000 ns	     32006	80006ec8	01cd9f13	slli	x30,x27,0x1c	 x27:0xf1936e1b x30=0xb0000000
     320095.000 ns	     32008	80006ecc	28681653	fmax.s	f12,f16,f6	 f16:0x4490c000  f6:0x7fc00000 f12=0x4490c000
     320115.000 ns	     32010	80006ed0	00c76433	or	x8,x14,x12	 x14:0xf1936d01 x12:0x00000000  x8=0xf1936d01
     320135.000 ns	     32012	80006ed4	206297d3	fsgnjn.s	f15,f5,f6	  f5:0x7fc00000  f6:0x7fc00000 f15=0xffc00000
     320155.000 ns	     32014	80006ed8	00557c33	and	x24,x10,x5	 x10:0x00000000  x5:0x00000000 x24=0x00000000
     320175.000 ns	     32016	80006edc	d01a0753	fcvt.s.wu	f14,x20	 x20:0x00000000 f14=0x00000000
     320195.000 ns	     32018	80006ee0	00b1d1b3	srl	x3,x3,x11	  x3:0x00000000 x11:0x00000000  x3=0x00000000
     320215.000 ns	     32020	80006ee4	21e11753	fsgnjn.s	f14,f2,f30	  f2:0x7fc00000 f30:0x429a0000 f14=0xffc00000
     320245.000 ns	     32023	80006ee8	282d8bd3	fmin.s	f23,f27,f2	 f27:0x7fc00000  f2:0x7fc00000 f23=0x7fc00000
     320265.000 ns	     32025	80006eec	41c3d333	sra	x6,x7,x28	  x7:0xffffffff x28:0x80041024  x6=0xffffffff
     320285.000 ns	     32027	80006ef0	208e15d3	fsgnjn.s	f11,f28,f8	 f28:0x00000000  f8:0xf1937321 f11=0x00000000
     320305.000 ns	     32029	80006ef4	00000013	addi	x0,x0,0	  x0:0x00000000
     320315.000 ns	     32030	80006ef8	416fd313	srai	x6,x31,0x16	 x31:0x00000000  x6=0x00000000
     320335.000 ns	     32032	80006efc	20fc1053	fsgnjn.s	f0,f24,f15	 f24:0x7fc00000 f15:0xffc00000  f0=0x7fc00000
     320355.000 ns	     32034	80006f00	018006b3	add	x13,x0,x24	  x0:0x00000000 x24:0x00000000 x13=0x00000000
     320375.000 ns	     32036	80006f04	d01179d3	fcvt.s.wu	f19,x2	  x2:0x2faeae54 f19=0x4e3ebab9
     320425.000 ns	     32041	80006f08	003ec6d3	fadd.s	f13,f29,f3	 f29:0x7fc00000  f3:0x4490c000 f13=0x7fc00000
     320445.000 ns	     32043	80006f0c	7729a113	slti	x2,x19,1906	 x19:0x00000000  x2=0x00000001
     320455.000 ns	     32044	80006f10	6ba00a13	addi	x20,x0,1722	  x0:0x00000000 x20=0x000006ba
     320465.000 ns	     32045	80006f14	8465f893	andi	x17,x11,-1978	 x11:0x00000000 x17=0x00000000
     320505.000 ns	     32049	80006f18	095a4a53	fsub.s	f20,f20,f21	 f20:0x42081de4 f21:0xffc00000 f20=0x7fc00000
     320535.000 ns	     32052	80006f1c	e00706d3	fmv.x.w	x13,f14	 f14:0xffc00000 x13=0xffc00000
     320555.000 ns	     32054	80006f20	cbe7e417	auipc	x8,0xcbe7e	  x8=0x4be84f20
     320575.000 ns	     32056	80006f24	e00216d3	fclass.s	x13,f4	  f4:0x4e340fb0 x13=0x00000040
     320595.000 ns	     32058	80006f28	9913a793	slti	x15,x7,-1647	  x7:0xffffffff x15=0x00000000
     320615.000 ns	     32060	80006f2c	a01500d3	fle.s	x1,f10,f1	 f10:0x7fc00000  f1:0x7fc00000  x1=0x00000000
     320635.000 ns	     32062	80006f30	00000013	addi	x0,x0,0	  x0:0x00000000
     320645.000 ns	     32063	80006f34	006d2ab3	slt	x21,x26,x6	 x26:0x80041024  x6:0x00000000 x21=0x00000001
     320665.000 ns	     32065	80006f38	d00ef753	fcvt.s.w	f14,x29	 x29:0x00000000 f14=0x00000000
     320695.000 ns	     32068	80006f3c	a02828d3	feq.s	x17,f16,f2	 f16:0x4490c000  f2:0x7fc00000 x17=0x00000000
     320725.000 ns	     32071	80006f40	e00a0c53	fmv.x.w	x24,f20	 f20:0x7fc00000 x24=0x7fc00000
     320745.000 ns	     32073	80006f44	004a9b33	sll	x22,x21,x4	 x21:0x00000001  x4:0x00007f76 x22=0x00400000
     320755.000 ns	     32074	80006f48	00c20b33	add	x22,x4,x12	  x4:0x00007f76 x12:0x00000000 x22=0x00007f76
     320765.000 ns	     32075	80006f4c	815ed717	auipc	x14,0x815ed	 x14=0x015f3f4c
     320775.000 ns	     32076	80006f50	52d4a713	slti	x14,x9,1325	  x9:0x00000486 x14=0x00000001
     320785.000 ns	     32077	80006f54	0154c533	xor	x10,x9,x21	  x9:0x00000486 x21:0x00000001 x10=0x00000487
     320795.000 ns	     32078	80006f58	00600d33	add	x26,x0,x6	  x0:0x00000000  x6:0x00000000 x26=0x00000000
     321155.000 ns	     32114	80006f5c	03b0c4b3	div	x9,x1,x27	  x1:0x00000000 x27:0xf1936e1b  x9=0x00000000
     321525.000 ns	     32151	80006f60	034c54b3	divu	x9,x24,x20	 x24:0x7fc00000 x20:0x000006ba  x9=0x0012fdeb
     321575.000 ns	     32156	80006f64	00cd77d3	fadd.s	f15,f26,f12	 f26:0x00000000 f12:0x4490c000 f15=0x4490c000
     321605.000 ns	     32159	80006f68	f00387d3	fmv.w.x	f15,x7	  x7:0xffffffff f15=0xffffffff
     321625.000 ns	     32161	80006f6c	0112aeb3	slt	x29,x5,x17	  x5:0x00000000 x17:0x00000000 x29=0x00000000
     321635.000 ns	     32162	80006f70	01f75ab3	srl	x21,x14,x31	 x14:0x00000001 x31:0x00000000 x21=0x00000001
     321655.000 ns	     32164	80006f74	03921433	mulh	x8,x4,x25	  x4:0x00007f76 x25:0x00000000  x8=0x00000000
     321675.000 ns	     32166	80006f78	406407b3	sub	x15,x8,x6	  x8:0x4be84f20  x6:0x00000000 x15=0x00000000
     321685.000 ns	     32167	80006f7c	8c262713	slti	x14,x12,-1854	 x12:0x00000000 x14=0x00000000
     321705.000 ns	     32169	80006f80	c0108a53	fcvt.wu.s	x20,f1	  f1:0x7fc00000 x20=0xffffffff
     322075.000 ns	     32206	80006f84	0278c3b3	div	x7,x17,x7	 x17:0x00000000  x7:0xffffffff  x7=0x00000000
     322445.000 ns	     32243	80006f88	0309e7b3	rem	x15,x19,x16	 x19:0x00000000 x16:0x0e6c8fef x15=0x00000000
     322465.000 ns	     32245	80006f8c	01d80133	add	x2,x16,x29	 x16:0x0e6c8fef x29:0x00000000  x2=0x0e6c8fef
     322485.000 ns	     32247	80006f90	28260053	fmin.s	f0,f12,f2	 f12:0x4490c000  f2:0x7fc00000  f0=0x4490c000
     322505.000 ns	     32249	80006f94	febaaa93	slti	x21,x21,-21	 x21:0x00000001 x21=0x00000000
     322525.000 ns	     32251	80006f98	c01f4d53	fcvt.wu.s	x26,f30	 f30:0x429a0000 x26=0x0000004d
     322545.000 ns	     32253	80006f9c	002e1993	slli	x19,x28,0x2	 x28:0x80041024 x19=0x00104090
     322555.000 ns	     32254	80006fa0	015cd893	srli	x17,x25,0x15	 x25:0x00000000 x17=0x00000000
     322585.000 ns	     32257	80006fa4	580313d3	fsqrt.s	f7,f6	  f6:0x7fc00000  f7=0x7fc00000
     322605.000 ns	     32259	80006fa8	00dc7eb3	and	x29,x24,x13	 x24:0x7fc00000 x13:0x00000040 x29=0x00000000
     322615.000 ns	     32260	80006fac	00e897b3	sll	x15,x17,x14	 x17:0x00000000 x14:0x00000000 x15=0x00000000
     322635.000 ns	     32262	80006fb0	036b3b33	mulhu	x22,x22,x22	 x22:0x00007f76 x22:0x00007f76 x22=0x00000000
     322665.000 ns	     32265	80006fb4	29b49153	fmax.s	f2,f9,f27	  f9:0x3f00d980 f27:0x7fc00000  f2=0x3f00d980
     322685.000 ns	     32267	80006fb8	81bb7493	andi	x9,x22,-2021	 x22:0x00000000  x9=0x00000000
     322695.000 ns	     32268	80006fbc	01afb933	sltu	x18,x31,x26	 x31:0x00000000 x26:0x0000004d x18=0x00000001
     322705.000 ns	     32269	80006fc0	e7b37913	andi	x18,x6,-389	  x6:0x00000000 x18=0x00000000
     322735.000 ns	     32272	80006fc4	187b0553	fdiv.s	f10,f22,f7	 f22:0x4729b4f5  f7:0x7fc00000 f10=0x7fc00000
     322765.000 ns	     32275	80006fc8	20959fd3	fsgnjn.s	f31,f11,f9	 f11:0x00000000  f9:0x3f00d980 f31=0x80000000
     322805.000 ns	     32279	80006fcc	580f9653	fsqrt.s	f12,f31	 f31:0x7fc00000 f12=0x80000000
     322845.000 ns	     32283	80006fd0	580d31d3	fsqrt.s	f3,f26	 f26:0x00000000  f3=0x00000000
     322865.000 ns	     32285	80006fd4	8c14f313	andi	x6,x9,-1855	  x9:0x00000000  x6=0x00000000
     322875.000 ns	     32286	80006fd8	01669293	slli	x5,x13,0x16	 x13:0x00000040  x5=0x10000000
     322895.000 ns	     32288	80006fdc	034983b3	mul	x7,x19,x20	 x19:0x00104090 x20:0xffffffff  x7=0xffefbf70
     322915.000 ns	     32290	80006fe0	7087b7b7	lui	x15,0x7087b	 x15=0x7087b000
     322925.000 ns	     32291	80006fe4	009e5433	srl	x8,x28,x9	 x28:0x80041024  x9:0x00000000  x8=0x80041024
     322935.000 ns	     32292	80006fe8	0141a3b3	slt	x7,x3,x20	  x3:0x00000000 x20:0xffffffff  x7=0x00000000
     322955.000 ns	     32294	80006fec	d006f1d3	fcvt.s.w	f3,x13	 x13:0x00000040  f3=0x42800000
     322995.000 ns	     32298	80006ff0	580d7dd3	fsqrt.s	f27,f26	 f26:0x00000000 f27=0x00000000
     323025.000 ns	     32301	80006ff4	28bb0b53	fmin.s	f22,f22,f11	 f22:0x4729b4f5 f11:0x00000000 f22=0x00000000
     323045.000 ns	     32303	80006ff8	006ac333	xor	x6,x21,x6	 x21:0x00000000  x6:0x00000000  x6=0x00000000
     323065.000 ns	     32305	80006ffc	0233d1b3	divu	x3,x7,x3	  x7:0x00000000  x3:0x00000000  x3=0xffffffff
     323095.000 ns	     32308	80007000	a0ea0ad3	fle.s	x21,f20,f14	 f20:0x7fc00000 f14:0x00000000 x21=0x00000000
     323115.000 ns	     32310	80007004	55faa513	slti	x10,x21,1375	 x21:0x00000000 x10=0x00000001
     323125.000 ns	     32311	80007008	01dd66b3	or	x13,x26,x29	 x26:0x0000004d x29:0x00000000 x13=0x0000004d
     323145.000 ns	     32313	8000700c	a12327d3	feq.s	x15,f6,f18	  f6:0x7fc00000 f18:0x4e80d97f x15=0x00000000
     323165.000 ns	     32315	80007010	008ee933	or	x18,x29,x8	 x29:0x00000000  x8:0x80041024 x18=0x80041024
     323175.000 ns	     32316	80007014	011c9013	slli	x0,x25,0x11	 x25:0x00000000
     323535.000 ns	     32352	80007018	023e68b3	rem	x17,x28,x3	 x28:0x80041024  x3:0xffffffff x17=0x00000000
     323555.000 ns	     32354	8000701c	00311413	slli	x8,x2,0x3	  x2:0x0e6c8fef  x8=0x73647f78
     323565.000 ns	     32355	80007020	012b59b3	srl	x19,x22,x18	 x22:0x00000000 x18:0x80041024 x19=0x00000000
     323575.000 ns	     32356	80007024	406fd593	srai	x11,x31,0x6	 x31:0x00000000 x11=0x00000000
     323595.000 ns	     32358	80007028	c0122253	fcvt.wu.s	x4,f4	  f4:0x4e340fb0  x4=0x2d03ec00
     323625.000 ns	     32361	8000702c	a05489d3	fle.s	x19,f9,f5	  f9:0x3f00d980  f5:0x7fc00000 x19=0x00000000
     323995.000 ns	     32398	80007030	02807eb3	remu	x29,x0,x8	  x0:0x00000000  x8:0x73647f78 x29=0x00000000
     324015.000 ns	     32400	80007034	068e0297	auipc	x5,0x68e0	  x5=0x868e7034
     324025.000 ns	     32401	80007038	01531413	slli	x8,x6,0x15	  x6:0x00000000  x8=0x00000000
     324055.000 ns	     32404	8000703c	5802f953	fsqrt.s	f18,f5	  f5:0x7fc00000 f18=0x7fc00000
     324425.000 ns	     32441	80007040	03e2d433	divu	x8,x5,x30	  x5:0x868e7034 x30:0xb0000000  x8=0x00000000
     324455.000 ns	     32444	80007044	03d15733	divu	x14,x2,x29	  x2:0x0e6c8fef x29:0x00000000 x14=0xffffffff
     324475.000 ns	     32446	80007048	40dad093	srai	x1,x21,0xd	 x21:0x00000000  x1=0x00000000
     324495.000 ns	     32448	8000704c	c01c0ad3	fcvt.wu.s	x21,f24	 f24:0x7fc00000 x21=0xffffffff
     324525.000 ns	     32451	80007050	28db0353	fmin.s	f6,f22,f13	 f22:0x00000000 f13:0x7fc00000  f6=0x00000000
     324545.000 ns	     32453	80007054	01b0dcb3	srl	x25,x1,x27	  x1:0x00000000 x27:0xf1936e1b x25=0x00000000
     324555.000 ns	     32454	80007058	083ae697	auipc	x13,0x83ae	 x13=0x883b5058
     324575.000 ns	     32456	8000705c	027f4333	div	x6,x30,x7	 x30:0xb0000000  x7:0x00000000  x6=0xffffffff
     324595.000 ns	     32458	80007060	416c84b3	sub	x9,x25,x22	 x25:0x00000000 x22:0x00000000  x9=0x00000000
     324605.000 ns	     32459	80007064	0cf7cc13	xori	x24,x15,207	 x15:0x00000000 x24=0x000000cf
     324625.000 ns	     32461	80007068	02967a33	remu	x20,x12,x9	 x12:0x00000000  x9:0x00000000 x20=0x00000000
     324655.000 ns	     32464	8000706c	02b0d2b3	divu	x5,x1,x11	  x1:0x00000000 x11:0x00000000  x5=0xffffffff
     324675.000 ns	     32466	80007070	01592133	slt	x2,x18,x21	 x18:0x80041024 x21:0xffffffff  x2=0x00000001
     324695.000 ns	     32468	80007074	d014f6d3	fcvt.s.wu	f13,x9	  x9:0x00000000 f13=0x00000000
     324715.000 ns	     32470	80007078	0164f3b3	and	x7,x9,x22	  x9:0x00000000 x22:0x00000000  x7=0x00000000
     324725.000 ns	     32471	8000707c	4d6f09b7	lui	x19,0x4d6f0	 x19=0x4d6f0000
     325085.000 ns	     32507	80007080	030dd4b3	divu	x9,x27,x16	 x27:0xf1936e1b x16:0x0e6c8fef  x9=0x00000010
     325105.000 ns	     32509	80007084	900ab437	lui	x8,0x900ab	  x8=0x900ab000
     325125.000 ns	     32511	80007088	f00e05d3	fmv.w.x	f11,x28	 x28:0x80041024 f11=0x80041024
     325145.000 ns	     32513	8000708c	cb087313	andi	x6,x16,-848	 x16:0x0e6c8fef  x6=0x0e6c8ca0
     325175.000 ns	     32516	80007090	18e2b253	fdiv.s	f4,f5,f14	  f5:0x7fc00000 f14:0x00000000  f4=0x7fc00000
     325205.000 ns	     32519	80007094	02048cb3	mul	x25,x9,x0	  x9:0x00000010  x0:0x00000000 x25=0x00000000
     325235.000 ns	     32522	80007098	e00786d3	fmv.x.w	x13,f15	 f15:0xffffffff x13=0xffffffff
     325255.000 ns	     32524	8000709c	739da193	slti	x3,x27,1849	 x27:0xf1936e1b  x3=0x00000001
     325265.000 ns	     32525	800070a0	d16e8f93	addi	x31,x29,-746	 x29:0x00000000 x31=0xfffffd16
     325275.000 ns	     32526	800070a4	01dad1b3	srl	x3,x21,x29	 x21:0xffffffff x29:0x00000000  x3=0xffffffff
     325295.000 ns	     32528	800070a8	d01e72d3	fcvt.s.wu	f5,x28	 x28:0x80041024  f5=0x4f000410
     325315.000 ns	     32530	800070ac	011098b3	sll	x17,x1,x17	  x1:0x00000000 x17:0x00000000 x17=0x00000000
     325325.000 ns	     32531	800070b0	412adf13	srai	x30,x21,0x12	 x21:0xffffffff x30=0xffffffff
     326495.000 ns	     32648	800070b4	58029ed3	fsqrt.s	f29,f5	  f5:0x4f000410 f29=0x46b50a40
     326545.000 ns	     32653	800070b8	00710d53	fadd.s	f26,f2,f7	  f2:0x3f00d980  f7:0x7fc00000 f26=0x7fc00000
     326575.000 ns	     32656	800070bc	e0071253	fclass.s	x4,f14	 f14:0x00000000  x4=0x00000010
     326605.000 ns	     32659	800070c0	a0431cd3	flt.s	x25,f6,f4	  f6:0x00000000  f4:0x7fc00000 x25=0x00000000
     326635.000 ns	     32662	800070c4	d0029c53	fcvt.s.w	f24,x5	  x5:0xffffffff f24=0xbf800000
     326655.000 ns	     32664	800070c8	99c7ef93	ori	x31,x15,-1636	 x15:0x00000000 x31=0xfffff99c
     326665.000 ns	     32665	800070cc	85c25a97	auipc	x21,0x85c25	 x21=0x05c2c0cc
     326685.000 ns	     32667	800070d0	02428d33	mul	x26,x5,x4	  x5:0xffffffff  x4:0x00000010 x26=0xfffffff0
     326705.000 ns	     32669	800070d4	00be3633	sltu	x12,x28,x11	 x28:0x80041024 x11:0x00000000 x12=0x00000000
     326725.000 ns	     32671	800070d8	29b79ad3	fmax.s	f21,f15,f27	 f15:0xffffffff f27:0x00000000 f21=0x00000000
     326755.000 ns	     32674	800070dc	d00829d3	fcvt.s.w	f19,x16	 x16:0x0e6c8fef f19=0x4d66c8ff
     327125.000 ns	     32711	800070e0	03b649b3	div	x19,x12,x27	 x12:0x00000000 x27:0xf1936e1b x19=0x00000000
     327155.000 ns	     32714	800070e4	a14b9d53	flt.s	x26,f23,f20	 f23:0x7fc00000 f20:0x7fc00000 x26=0x00000000
     327175.000 ns	     32716	800070e8	407b56b3	sra	x13,x22,x7	 x22:0x00000000  x7:0x00000000 x13=0x00000000
     327185.000 ns	     32717	800070ec	00a6ffb3	and	x31,x13,x10	 x13:0xffffffff x10:0x00000001 x31=0x00000000
     327195.000 ns	     32718	800070f0	018f78b3	and	x17,x30,x24	 x30:0xffffffff x24:0x000000cf x17=0x000000cf
     327555.000 ns	     32754	800070f4	025e7033	remu	x0,x28,x5	 x28:0x80041024  x5:0xffffffff
     327585.000 ns	     32757	800070f8	d012cfd3	fcvt.s.wu	f31,x5	  x5:0xffffffff f31=0x4f800000
     327605.000 ns	     32759	800070fc	407d53b3	sra	x7,x26,x7	 x26:0x00000000  x7:0x00000000  x7=0x00000000
     327625.000 ns	     32761	80007100	20bf90d3	fsgnjn.s	f1,f31,f11	 f31:0x4f800000 f11:0x80041024  f1=0x4f800000
     327655.000 ns	     32764	80007104	e00a0453	fmv.x.w	x8,f20	 f20:0x7fc00000  x8=0x7fc00000
     327685.000 ns	     32767	80007108	289c96d3	fmax.s	f13,f25,f9	 f25:0x0000a9b5  f9:0x3f00d980 f13=0x3f00d980
     327725.000 ns	     32771	8000710c	580e4253	fsqrt.s	f4,f28	 f28:0x00000000  f4=0x00000000
     327755.000 ns	     32774	80007110	02bc8833	mul	x16,x25,x11	 x25:0x00000000 x11:0x00000000 x16=0x00000000
     327785.000 ns	     32777	80007114	d0137353	fcvt.s.wu	f6,x6	  x6:0x0e6c8ca0  f6=0x4d66c8ca
     327815.000 ns	     32780	80007118	29380cd3	fmin.s	f25,f16,f19	 f16:0x4490c000 f19:0x4d66c8ff f25=0x4490c000
     327845.000 ns	     32783	8000711c	29b30bd3	fmin.s	f23,f6,f27	  f6:0x4d66c8ca f27:0x00000000 f23=0x00000000
     327875.000 ns	     32786	80007120	a14ba053	feq.s	x0,f23,f20	 f23:0x7fc00000 f20:0x7fc00000
     327925.000 ns	     32791	80007124	08d310d3	fsub.s	f1,f6,f13	  f6:0x4d66c8ca f13:0x3f00d980  f1=0x4d66c8c9
     327955.000 ns	     32794	80007128	02bdfab3	remu	x21,x27,x11	 x27:0xf1936e1b x11:0x00000000 x21=0xf1936e1b
     327975.000 ns	     32796	8000712c	2a81e917	auipc	x18,0x2a81e	 x18=0xaa82512c
     327985.000 ns	     32797	80007130	007139b3	sltu	x19,x2,x7	  x2:0x00000001  x7:0x00000000 x19=0x00000000
     327995.000 ns	     32798	80007134	40dfd693	srai	x13,x31,0xd	 x31:0x00000000 x13=0x00000000
     328005.000 ns	     32799	80007138	00911693	slli	x13,x2,0x9	  x2:0x00000001 x13=0x00000200
     328025.000 ns	     32801	8000713c	03b190b3	mulh	x1,x3,x27	  x3:0xffffffff x27:0xf1936e1b  x1=0x00000000
     328055.000 ns	     32804	80007140	285f9053	fmax.s	f0,f31,f5	 f31:0x4f800000  f5:0x4f000410  f0=0x4f800000
     328075.000 ns	     32806	80007144	10fac093	xori	x1,x21,271	 x21:0xf1936e1b  x1=0xf1936f14
     328105.000 ns	     32809	80007148	113bfd53	fmul.s	f26,f23,f19	 f23:0x00000000 f19:0x4d66c8ff f26=0x00000000
     328125.000 ns	     32811	8000714c	57fc6293	ori	x5,x24,1407	 x24:0x000000cf  x5=0x000005ff
     328135.000 ns	     32812	80007150	32894c93	xori	x25,x18,808	 x18:0xaa82512c x25=0xaa825204
     328165.000 ns	     32815	80007154	580aaed3	fsqrt.s	f29,f21	 f21:0x00000000 f29=0x00000000
     328205.000 ns	     32819	80007158	5805f753	fsqrt.s	f14,f11	 f11:0x80041024 f14=0x7fc00000
     328245.000 ns	     32823	8000715c	11f87753	fmul.s	f14,f16,f31	 f16:0x4490c000 f31:0x4f800000 f14=0x5490c000
     328275.000 ns	     32826	80007160	e00e0d53	fmv.x.w	x26,f28	 f28:0x00000000 x26=0x00000000
     328295.000 ns	     32828	80007164	006727b3	slt	x15,x14,x6	 x14:0xffffffff  x6:0x0e6c8ca0 x15=0x00000001
     328655.000 ns	     32864	80007168	035b67b3	rem	x15,x22,x21	 x22:0x00000000 x21:0xf1936e1b x15=0x00000000
     328685.000 ns	     32867	8000716c	a1e3a3d3	feq.s	x7,f7,f30	  f7:0x7fc00000 f30:0x429a0000  x7=0x00000000
     328715.000 ns	     32870	80007170	f00e0bd3	fmv.w.x	f23,x28	 x28:0x80041024 f23=0x80041024
     328745.000 ns	     32873	80007174	a0fa90d3	flt.s	x1,f21,f15	 f21:0x00000000 f15:0xffffffff  x1=0x00000000
     328765.000 ns	     32875	80007178	006acf33	xor	x30,x21,x6	 x21:0xf1936e1b  x6:0x0e6c8ca0 x30=0xffffe2bb
     328775.000 ns	     32876	8000717c	9847ba13	sltiu	x20,x15,-1660	 x15:0x00000000 x20=0x00000001
     328785.000 ns	     32877	80007180	00000013	addi	x0,x0,0	  x0:0x00000000
     328795.000 ns	     32878	80007184	01b2bab3	sltu	x21,x5,x27	  x5:0x000005ff x27:0xf1936e1b x21=0x00000001
     328805.000 ns	     32879	80007188	01728b33	add	x22,x5,x23	  x5:0x000005ff x23:0x80040fe4 x22=0x800415e3
     328815.000 ns	     32880	8000718c	016345b3	xor	x11,x6,x22	  x6:0x0e6c8ca0 x22:0x00000000 x11=0x8e689943
     328835.000 ns	     32882	80007190	033a6733	rem	x14,x20,x19	 x20:0x00000001 x19:0x00000000 x14=0x00000001
     328865.000 ns	     32885	80007194	28e98e53	fmin.s	f28,f19,f14	 f19:0x4d66c8ff f14:0x5490c000 f28=0x4d66c8ff
     328895.000 ns	     32888	80007198	02b43133	mulhu	x2,x8,x11	  x8:0x7fc00000 x11:0x8e689943  x2=0x4710b27b
     328925.000 ns	     32891	8000719c	21fe04d3	fsgnj.s	f9,f28,f31	 f28:0x4d66c8ff f31:0x4f800000  f9=0x4d66c8ff
     328945.000 ns	     32893	800071a0	01426eb3	or	x29,x4,x20	  x4:0x00000010 x20:0x00000001 x29=0x00000011
     328955.000 ns	     32894	800071a4	01d3d893	srli	x17,x7,0x1d	  x7:0x00000000 x17=0x00000000
     328975.000 ns	     32896	800071a8	032e8533	mul	x10,x29,x18	 x29:0x00000000 x18:0xaa82512c x10=0x52a763ec
     329345.000 ns	     32933	800071ac	02d6c0b3	div	x1,x13,x13	 x13:0x00000200 x13:0x00000200  x1=0x00000001
     329375.000 ns	     32936	800071b0	d01970d3	fcvt.s.wu	f1,x18	 x18:0xaa82512c  f1=0x4f2a8251
     329395.000 ns	     32938	800071b4	54d62613	slti	x12,x12,1357	 x12:0x00000000 x12=0x00000001
     329415.000 ns	     32940	800071b8	e0099fd3	fclass.s	x31,f19	 f19:0x4d66c8ff x31=0x00000040
     329435.000 ns	     32942	800071bc	01b3f2b3	and	x5,x7,x27	  x7:0x00000000 x27:0xf1936e1b  x5=0x00000000
     329765.000 ns	     32975	800071c0	19330553	fdiv.s	f10,f6,f19	  f6:0x4d66c8ca f19:0x4d66c8ff f10=0x3f66c8ca
     329795.000 ns	     32978	800071c4	d0074bd3	fcvt.s.w	f23,x14	 x14:0x00000001 f23=0x3f800000
     329825.000 ns	     32981	800071c8	02ae87b3	mul	x15,x29,x10	 x29:0x00000011 x10:0x52a763ec x15=0x7d1da2ac
     329855.000 ns	     32984	800071cc	218c9453	fsgnjn.s	f8,f25,f24	 f25:0x4490c000 f24:0xbf800000  f8=0x4490c000
     329885.000 ns	     32987	800071d0	e0081c53	fclass.s	x24,f16	 f16:0x4490c000 x24=0x00000040
     329905.000 ns	     32989	800071d4	e7070f13	addi	x30,x14,-400	 x14:0x00000001 x30=0xfffffe71
     330265.000 ns	     33025	800071d8	0390ea33	rem	x20,x1,x25	  x1:0x00000001 x25:0xaa825204 x20=0x00000001
     330285.000 ns	     33027	800071dc	56816493	ori	x9,x2,1384	  x2:0x4710b27b  x9=0x4710b77b
     330295.000 ns	     33028	800071e0	4cd94d13	xori	x26,x18,1229	 x18:0xaa82512c x26=0xaa8255e1
     330655.000 ns	     33064	800071e4	03f25f33	divu	x30,x4,x31	  x4:0x00000010 x31:0x00000040 x30=0x00000000
     330675.000 ns	     33066	800071e8	018820b3	slt	x1,x16,x24	 x16:0x00000000 x24:0x00000040  x1=0x00000001
     330685.000 ns	     33067	800071ec	006192b3	sll	x5,x3,x6	  x3:0xffffffff  x6:0x0e6c8ca0  x5=0xffffffff
     330705.000 ns	     33069	800071f0	a1359b53	flt.s	x22,f11,f19	 f11:0x80041024 f19:0x4d66c8ff x22=0x00000001
     330725.000 ns	     33071	800071f4	d9996a17	auipc	x20,0xd9996	 x20=0x5999d1f4
     330745.000 ns	     33073	800071f8	0206b333	mulhu	x6,x13,x0	 x13:0x00000200  x0:0x00000000  x6=0x00000000
     330765.000 ns	     33075	800071fc	8a23f013	andi	x0,x7,-1886	  x7:0x00000000
     330775.000 ns	     33076	80007200	41d285b3	sub	x11,x5,x29	  x5:0xffffffff x29:0x00000011 x11=0xffffffee
     330785.000 ns	     33077	80007204	0cc88393	addi	x7,x17,204	 x17:0x00000000  x7=0x000000cc
     330815.000 ns	     33080	80007208	58027fd3	fsqrt.s	f31,f4	  f4:0x00000000 f31=0x00000000
     330835.000 ns	     33082	8000720c	7dba4c13	xori	x24,x20,2011	 x20:0x5999d1f4 x24=0x5999d62f
     330845.000 ns	     33083	80007210	407100b3	sub	x1,x2,x7	  x2:0x4710b27b  x7:0x000000cc  x1=0x4710b1af
     330855.000 ns	     33084	80007214	d9394b13	xori	x22,x18,-621	 x18:0xaa82512c x22=0x557dacbf
     330875.000 ns	     33086	80007218	f00f8553	fmv.w.x	f10,x31	 x31:0x00000040 f10=0x00000040
     330905.000 ns	     33089	8000721c	e00b1ed3	fclass.s	x29,f22	 f22:0x00000000 x29=0x00000010
     330935.000 ns	     33092	80007220	e0039b53	fclass.s	x22,f7	  f7:0x7fc00000 x22=0x00000200
     330965.000 ns	     33095	80007224	028c2c33	mulhsu	x24,x24,x8	 x24:0x5999d62f  x8:0x7fc00000 x24=0x2cb684a1
     330995.000 ns	     33098	80007228	e0020253	fmv.x.w	x4,f4	  f4:0x00000000  x4=0x00000000
     331025.000 ns	     33101	8000722c	02fd9233	mulh	x4,x27,x15	 x27:0xf1936e1b x15:0x7d1da2ac  x4=0xf8f3514c
     331055.000 ns	     33104	80007230	d0163553	fcvt.s.wu	f10,x12	 x12:0x00000001 f10=0x3f800000
     331085.000 ns	     33107	80007234	d00030d3	fcvt.s.w	f1,x0	  x0:0x00000000  f1=0x00000000
     331115.000 ns	     33110	80007238	20af91d3	fsgnjn.s	f3,f31,f10	 f31:0x00000000 f10:0x3f800000  f3=0x80000000
     331485.000 ns	     33147	8000723c	03f66ab3	rem	x21,x12,x31	 x12:0x00000001 x31:0x00000040 x21=0x00000001
     331525.000 ns	     33151	80007240	10de8b53	fmul.s	f22,f29,f13	 f29:0x00000000 f13:0x3f00d980 f22=0x00000000
     331545.000 ns	     33153	80007244	33547213	andi	x4,x8,821	  x8:0x7fc00000  x4=0x00000000
     331555.000 ns	     33154	80007248	003fd193	srli	x3,x31,0x3	 x31:0x00000040  x3=0x00000008
     331575.000 ns	     33156	8000724c	f00304d3	fmv.w.x	f9,x6	  x6:0x00000000  f9=0x00000000
     331595.000 ns	     33158	80007250	01e29a33	sll	x20,x5,x30	  x5:0xffffffff x30:0x00000000 x20=0xffffffff
     331605.000 ns	     33159	80007254	414a8333	sub	x6,x21,x20	 x21:0x00000001 x20:0x5999d1f4  x6=0x00000002
     331625.000 ns	     33161	80007258	28688853	fmin.s	f16,f17,f6	 f17:0x4e80d97f  f6:0x4d66c8ca f16=0x4d66c8ca
     331655.000 ns	     33164	8000725c	0352b7b3	mulhu	x15,x5,x21	  x5:0xffffffff x21:0x00000001 x15=0x00000000
     331995.000 ns	     33198	80007260	18d875d3	fdiv.s	f11,f16,f13	 f16:0x4d66c8ca f13:0x3f00d980 f11=0x4de542a8
     332365.000 ns	     33235	80007264	02686333	rem	x6,x16,x6	 x16:0x00000000  x6:0x00000002  x6=0x00000000
     332385.000 ns	     33237	80007268	00c5b9b3	sltu	x19,x11,x12	 x11:0xffffffee x12:0x00000001 x19=0x00000000
     332405.000 ns	     33239	8000726c	c01ff253	fcvt.wu.s	x4,f31	 f31:0x00000000  x4=0x00000000
     332425.000 ns	     33241	80007270	0030dd33	srl	x26,x1,x3	  x1:0x4710b1af  x3:0x00000008 x26=0x004710b1
     332435.000 ns	     33242	80007274	009b50b3	srl	x1,x22,x9	 x22:0x00000200  x9:0x4710b77b  x1=0x00000000
     332475.000 ns	     33246	80007278	09fb17d3	fsub.s	f15,f22,f31	 f22:0x00000000 f31:0x00000000 f15=0x80000000
     332495.000 ns	     33248	8000727c	01db99b3	sll	x19,x23,x29	 x23:0x80040fe4 x29:0x00000010 x19=0x0fe40000
     332505.000 ns	     33249	80007280	95380037	lui	x0,0x95380	
     332515.000 ns	     33250	80007284	70e4ca13	xori	x20,x9,1806	  x9:0x4710b77b x20=0x4710b075
     332525.000 ns	     33251	80007288	2b413393	sltiu	x7,x2,692	  x2:0x4710b27b  x7=0x00000000
     332545.000 ns	     33253	8000728c	027cff33	remu	x30,x25,x7	 x25:0xaa825204  x7:0x000000cc x30=0xaa825204
     332565.000 ns	     33255	80007290	00ee5b33	srl	x22,x28,x14	 x28:0x80041024 x14:0x00000001 x22=0x40020812
     332925.000 ns	     33291	80007294	0233fb33	remu	x22,x7,x3	  x7:0x00000000  x3:0x00000008 x22=0x00000000
     332955.000 ns	     33294	80007298	f00c8cd3	fmv.w.x	f25,x25	 x25:0xaa825204 f25=0xaa825204
     332975.000 ns	     33296	8000729c	00d41f13	slli	x30,x8,0xd	  x8:0x7fc00000 x30=0x00000000
     332985.000 ns	     33297	800072a0	41920b33	sub	x22,x4,x25	  x4:0x00000000 x25:0xaa825204 x22=0x557dadfc
     332995.000 ns	     33298	800072a4	42bb3b13	sltiu	x22,x22,1067	 x22:0x00000000 x22=0x00000000
     333015.000 ns	     33300	800072a8	284000d3	fmin.s	f1,f0,f4	  f0:0x4f800000  f4:0x00000000  f1=0x00000000
     333035.000 ns	     33302	800072ac	0120d393	srli	x7,x1,0x12	  x1:0x00000000  x7=0x00000000
     333045.000 ns	     33303	800072b0	01119793	slli	x15,x3,0x11	  x3:0x00000008 x15=0x00100000
     333055.000 ns	     33304	800072b4	0011bd33	sltu	x26,x3,x1	  x3:0x00000008  x1:0x00000000 x26=0x00000000
     333075.000 ns	     33306	800072b8	c01f2b53	fcvt.wu.s	x22,f30	 f30:0x429a0000 x22=0x0000004d
     333095.000 ns	     33308	800072bc	01b4acb3	slt	x25,x9,x27	  x9:0x4710b77b x27:0xf1936e1b x25=0x00000000
     333105.000 ns	     33309	800072c0	01f12a33	slt	x20,x2,x31	  x2:0x4710b27b x31:0x00000040 x20=0x00000000
     333135.000 ns	     33312	800072c4	19e3fed3	fdiv.s	f29,f7,f30	  f7:0x7fc00000 f30:0x429a0000 f29=0x7fc00000
     333165.000 ns	     33315	800072c8	02860133	mul	x2,x12,x8	 x12:0x00000001  x8:0x7fc00000  x2=0x7fc00000
     333185.000 ns	     33317	800072cc	019359b3	srl	x19,x6,x25	  x6:0x00000000 x25:0x00000000 x19=0x00000000
     333195.000 ns	     33318	800072d0	413c53b3	sra	x7,x24,x19	 x24:0x2cb684a1 x19:0x0fe40000  x7=0x2cb684a1
     333205.000 ns	     33319	800072d4	fcd49717	auipc	x14,0xfcd49	 x14=0x7cd502d4
     333225.000 ns	     33321	800072d8	20c00bd3	fsgnj.s	f23,f0,f12	  f0:0x4f800000 f12:0x80000000 f23=0xcf800000
     333245.000 ns	     33323	800072dc	00657433	and	x8,x10,x6	 x10:0x52a763ec  x6:0x00000000  x8=0x00000000
     333265.000 ns	     33325	800072e0	c013c1d3	fcvt.wu.s	x3,f7	  f7:0x7fc00000  x3=0xffffffff
     333295.000 ns	     33328	800072e4	a1188a53	fle.s	x20,f17,f17	 f17:0x4e80d97f f17:0x4e80d97f x20=0x00000001
     333325.000 ns	     33331	800072e8	d00486d3	fcvt.s.w	f13,x9	  x9:0x4710b77b f13=0x4e8e216e
     333345.000 ns	     33333	800072ec	0004c6b3	xor	x13,x9,x0	  x9:0x4710b77b  x0:0x00000000 x13=0x4710b77b
     333355.000 ns	     33334	800072f0	001e29b3	slt	x19,x28,x1	 x28:0x80041024  x1:0x00000000 x19=0x00000001
     333385.000 ns	     33337	800072f4	11c505d3	fmul.s	f11,f10,f28	 f10:0x3f800000 f28:0x4d66c8ff f11=0x4d66c900
     334565.000 ns	     33455	800072f8	5805fbd3	fsqrt.s	f23,f11	 f11:0x4de542a8 f23=0x46233092
     334615.000 ns	     33460	800072fc	084aaad3	fsub.s	f21,f21,f4	 f21:0x00000000  f4:0x00000000 f21=0x80000000
     334635.000 ns	     33462	80007300	006c9893	slli	x17,x25,0x6	 x25:0x00000000 x17=0x00000000
     334995.000 ns	     33498	80007304	035d5eb3	divu	x29,x26,x21	 x26:0x00000000 x21:0x00000001 x29=0x00000000
     335045.000 ns	     33503	80007308	009d9853	fadd.s	f16,f27,f9	 f27:0x00000000  f9:0x00000000 f16=0x00000000
     335075.000 ns	     33506	8000730c	286d0b53	fmin.s	f22,f26,f6	 f26:0x00000000  f6:0x4d66c8ca f22=0x00000000
     335095.000 ns	     33508	80007310	e51de313	ori	x6,x27,-431	 x27:0xf1936e1b  x6=0xfffffe5b
     335115.000 ns	     33510	80007314	e00c09d3	fmv.x.w	x19,f24	 f24:0xbf800000 x19=0xbf800000
     335135.000 ns	     33512	80007318	410dd433	sra	x8,x27,x16	 x27:0xf1936e1b x16:0x00000000  x8=0xf1936e1b
     335145.000 ns	     33513	8000731c	00000013	addi	x0,x0,0	  x0:0x00000000
     335185.000 ns	     33517	80007320	01097653	fadd.s	f12,f18,f16	 f18:0x7fc00000 f16:0x00000000 f12=0x7fc00000
     335235.000 ns	     33522	80007324	08e849d3	fsub.s	f19,f16,f14	 f16:0x00000000 f14:0x5490c000 f19=0xd490c000
     335265.000 ns	     33525	80007328	024c6533	rem	x10,x24,x4	 x24:0x2cb684a1  x4:0x00000000 x10=0x2cb684a1
     335295.000 ns	     33528	8000732c	023a2eb3	mulhsu	x29,x20,x3	 x20:0x00000001  x3:0xffffffff x29=0x00000000
     335325.000 ns	     33531	80007330	03077133	remu	x2,x14,x16	 x14:0x7cd502d4 x16:0x00000000  x2=0x7cd502d4
     335365.000 ns	     33535	80007334	5801c353	fsqrt.s	f6,f3	  f3:0x80000000  f6=0x80000000
     335395.000 ns	     33538	80007338	a0782453	feq.s	x8,f16,f7	 f16:0x00000000  f7:0x7fc00000  x8=0x00000000
     335415.000 ns	     33540	8000733c	019542b3	xor	x5,x10,x25	 x10:0x2cb684a1 x25:0x00000000  x5=0x2cb684a1
     335425.000 ns	     33541	80007340	94178e93	addi	x29,x15,-1727	 x15:0x00100000 x29=0x000ff941
     335435.000 ns	     33542	80007344	018b56b3	srl	x13,x22,x24	 x22:0x0000004d x24:0x2cb684a1 x13=0x00000026
     335455.000 ns	     33544	80007348	a0860653	fle.s	x12,f12,f8	 f12:0x7fc00000  f8:0x4490c000 x12=0x00000000
     335475.000 ns	     33546	8000734c	00c51893	slli	x17,x10,0xc	 x10:0x2cb684a1 x17=0x684a1000
     335485.000 ns	     33547	80007350	012deb33	or	x22,x27,x18	 x27:0xf1936e1b x18:0xaa82512c x22=0xfb937f3f
     335505.000 ns	     33549	80007354	0257a8b3	mulhsu	x17,x15,x5	 x15:0x00100000  x5:0x2cb684a1 x17=0x0002cb68
     335535.000 ns	     33552	80007358	02b9bb33	mulhu	x22,x19,x11	 x19:0xbf800000 x11:0xffffffee x22=0xbf7ffff2
     335565.000 ns	     33555	8000735c	a0389b53	flt.s	x22,f17,f3	 f17:0x4e80d97f  f3:0x80000000 x22=0x00000000
     335595.000 ns	     33558	80007360	a0039d53	flt.s	x26,f7,f0	  f7:0x7fc00000  f0:0x4f800000 x26=0x00000000
     335615.000 ns	     33560	80007364	1e76e693	ori	x13,x13,487	 x13:0x00000026 x13=0x000001e7
     335635.000 ns	     33562	80007368	02f7a333	mulhsu	x6,x15,x15	 x15:0x00100000 x15:0x00100000  x6=0x00000100
     335655.000 ns	     33564	8000736c	00000013	addi	x0,x0,0	  x0:0x00000000
     335665.000 ns	     33565	80007370	40fcd033	sra	x0,x25,x15	 x25:0x00000000 x15:0x00100000
     335675.000 ns	     33566	80007374	40eed593	srai	x11,x29,0xe	 x29:0x000ff941 x11=0x0000003f
     335685.000 ns	     33567	80007378	578ef437	lui	x8,0x578ef	  x8=0x578ef000
     335705.000 ns	     33569	8000737c	d006f0d3	fcvt.s.w	f1,x13	 x13:0x000001e7  f1=0x43f38000
     335735.000 ns	     33572	80007380	e00b9053	fclass.s	x0,f23	 f23:0x46233092
     335755.000 ns	     33574	80007384	00000013	addi	x0,x0,0	  x0:0x00000000
     335765.000 ns	     33575	80007388	414958b3	sra	x17,x18,x20	 x18:0xaa82512c x20:0x00000001 x17=0xd5412896
     335805.000 ns	     33579	8000738c	00697c53	fadd.s	f24,f18,f6	 f18:0x7fc00000  f6:0x80000000 f24=0x7fc00000
     335835.000 ns	     33582	80007390	28fb0d53	fmin.s	f26,f22,f15	 f22:0x00000000 f15:0x80000000 f26=0x80000000
     335855.000 ns	     33584	80007394	407709b3	sub	x19,x14,x7	 x14:0x7cd502d4  x7:0x2cb684a1 x19=0x501e7e33
     335875.000 ns	     33586	80007398	a0eb16d3	flt.s	x13,f22,f14	 f22:0x00000000 f14:0x5490c000 x13=0x00000001
     335905.000 ns	     33589	8000739c	c016f1d3	fcvt.wu.s	x3,f13	 f13:0x4e8e216e  x3=0x4710b700
     335935.000 ns	     33592	800073a0	a09027d3	feq.s	x15,f0,f9	  f0:0x4f800000  f9:0x00000000 x15=0x00000000
     335975.000 ns	     33596	800073a4	580b7cd3	fsqrt.s	f25,f22	 f22:0x00000000 f25=0x00000000
     336005.000 ns	     33599	800073a8	e00895d3	fclass.s	x11,f17	 f17:0x4e80d97f x11=0x00000040
     336025.000 ns	     33601	800073ac	00000013	addi	x0,x0,0	  x0:0x00000000
     336045.000 ns	     33603	800073b0	28470253	fmin.s	f4,f14,f4	 f14:0x5490c000  f4:0x00000000  f4=0x00000000
     336065.000 ns	     33605	800073b4	d0798713	addi	x14,x19,-761	 x19:0x501e7e33 x14=0x501e7b3a
     336085.000 ns	     33607	800073b8	023baa33	mulhsu	x20,x23,x3	 x23:0x80040fe4  x3:0x4710b700 x20=0xdc78c52c
     336105.000 ns	     33609	800073bc	9c69c093	xori	x1,x19,-1594	 x19:0x501e7e33  x1=0xafe187f5
     336125.000 ns	     33611	800073c0	a0dc05d3	fle.s	x11,f24,f13	 f24:0x7fc00000 f13:0x4e8e216e x11=0x00000000
     336155.000 ns	     33614	800073c4	c0147253	fcvt.wu.s	x4,f8	  f8:0x4490c000  x4=0x00000486
     336185.000 ns	     33617	800073c8	024a88b3	mul	x17,x21,x4	 x21:0x00000001  x4:0x00000000 x17=0x00000486
     336205.000 ns	     33619	800073cc	00396733	or	x14,x18,x3	 x18:0xaa82512c  x3:0x4710b700 x14=0xef92f72c
     336215.000 ns	     33620	800073d0	a5ebf213	andi	x4,x23,-1442	 x23:0x80040fe4  x4=0x80040a44
     336235.000 ns	     33622	800073d4	03b9b133	mulhu	x2,x19,x27	 x19:0x501e7e33 x27:0xf1936e1b  x2=0x4b9ad8c6
     336255.000 ns	     33624	800073d8	5f5fbc13	sltiu	x24,x31,1525	 x31:0x00000040 x24=0x00000001
     336265.000 ns	     33625	800073dc	4062d613	srai	x12,x5,0x6	  x5:0x2cb684a1 x12=0x00b2da12
     336625.000 ns	     33661	800073e0	02466c33	rem	x24,x12,x4	 x12:0x00000000  x4:0x80040a44 x24=0x00b2da12
     336655.000 ns	     33664	800073e4	d00d48d3	fcvt.s.w	f17,x26	 x26:0x00000000 f17=0x00000000
     336675.000 ns	     33666	800073e8	408c0b33	sub	x22,x24,x8	 x24:0x00b2da12  x8:0x578ef000 x22=0xa923ea12
     336705.000 ns	     33669	800073ec	580dca53	fsqrt.s	f20,f27	 f27:0x00000000 f20=0x00000000
     337075.000 ns	     33706	800073f0	02456733	rem	x14,x10,x4	 x10:0x2cb684a1  x4:0x80040a44 x14=0x2cb684a1
     337445.000 ns	     33743	800073f4	034556b3	divu	x13,x10,x20	 x10:0x2cb684a1 x20:0xdc78c52c x13=0x00000000
     337465.000 ns	     33745	800073f8	004cd313	srli	x6,x25,0x4	 x25:0x00000000  x6=0x00000000
     337485.000 ns	     33747	800073fc	20e52a53	fsgnjx.s	f20,f10,f14	 f10:0x3f800000 f14:0x5490c000 f20=0x3f800000
     337515.000 ns	     33750	80007400	c00ba3d3	fcvt.w.s	x7,f23	 f23:0x46233092  x7=0x000028cc
     337535.000 ns	     33752	80007404	41d30233	sub	x4,x6,x29	  x6:0x00000000 x29:0x000ff941  x4=0xfff006bf
     337545.000 ns	     33753	80007408	01411133	sll	x2,x2,x20	  x2:0x4b9ad8c6 x20:0xdc78c52c  x2=0xad8c6000
     337585.000 ns	     33757	8000740c	08a8fbd3	fsub.s	f23,f17,f10	 f17:0x00000000 f10:0x3f800000 f23=0xbf800000
     337615.000 ns	     33760	80007410	02230533	mul	x10,x6,x2	  x6:0x00000000  x2:0x4b9ad8c6 x10=0x00000000
     337635.000 ns	     33762	80007414	00000013	addi	x0,x0,0	  x0:0x00000000
     337665.000 ns	     33765	80007418	195e7e53	fdiv.s	f28,f28,f21	 f28:0x4d66c8ff f21:0x80000000 f28=0xff800000
     337685.000 ns	     33767	8000741c	00450233	add	x4,x10,x4	 x10:0x00000000  x4:0xfff006bf  x4=0xfff006bf
     337695.000 ns	     33768	80007420	01e51493	slli	x9,x10,0x1e	 x10:0x00000000  x9=0x00000000
     337705.000 ns	     33769	80007424	01399393	slli	x7,x19,0x13	 x19:0x501e7e33  x7=0xf1980000
     337725.000 ns	     33771	80007428	c00cf0d3	fcvt.w.s	x1,f25	 f25:0x00000000  x1=0x00000000
     337755.000 ns	     33774	8000742c	a1012853	feq.s	x16,f2,f16	  f2:0x3f00d980 f16:0x00000000 x16=0x00000000
     337785.000 ns	     33777	80007430	a0a401d3	fle.s	x3,f8,f10	  f8:0x4490c000 f10:0x3f800000  x3=0x00000000
     337815.000 ns	     33780	80007434	e0028b53	fmv.x.w	x22,f5	  f5:0x4f000410 x22=0x4f000410
     338185.000 ns	     33817	80007438	03b656b3	divu	x13,x12,x27	 x12:0x00b2da12 x27:0xf1936e1b x13=0x00000000
     338215.000 ns	     33820	8000743c	a1ad83d3	fle.s	x7,f27,f26	 f27:0x00000000 f26:0x80000000  x7=0x00000001
     338245.000 ns	     33823	80007440	206b0a53	fsgnj.s	f20,f22,f6	 f22:0x00000000  f6:0x80000000 f20=0x80000000
     338275.000 ns	     33826	80007444	02519133	mulh	x2,x3,x5	  x3:0x00000000  x5:0x2cb684a1  x2=0x00000000
     338295.000 ns	     33828	80007448	001d4233	xor	x4,x26,x1	 x26:0x00000000  x1:0x00000000  x4=0x00000000
     338335.000 ns	     33832	8000744c	00b20753	fadd.s	f14,f4,f11	  f4:0x00000000 f11:0x4d66c900 f14=0x4d66c900
     338365.000 ns	     33835	80007450	20c71d53	fsgnjn.s	f26,f14,f12	 f14:0x5490c000 f12:0x7fc00000 f26=0xcd66c900
     338395.000 ns	     33838	80007454	a0f71253	flt.s	x4,f14,f15	 f14:0x4d66c900 f15:0x80000000  x4=0x00000000
     338425.000 ns	     33841	80007458	02583b33	mulhu	x22,x16,x5	 x16:0x00000000  x5:0x2cb684a1 x22=0x00000000
     338445.000 ns	     33843	8000745c	019adeb3	srl	x29,x21,x25	 x21:0x00000001 x25:0x00000000 x29=0x00000001
     338455.000 ns	     33844	80007460	d7987c13	andi	x24,x16,-647	 x16:0x00000000 x24=0x00000000
     338465.000 ns	     33845	80007464	4008d013	srai	x0,x17,0x0	 x17:0x00000486
     338495.000 ns	     33848	80007468	10158b53	fmul.s	f22,f11,f1	 f11:0x4d66c900  f1:0x43f38000 f22=0x51db8430
     338525.000 ns	     33851	8000746c	0398a633	mulhsu	x12,x17,x25	 x17:0x00000486 x25:0x00000000 x12=0x00000000
     338555.000 ns	     33854	80007470	03ca02b3	mul	x5,x20,x28	 x20:0xdc78c52c x28:0x80041024  x5=0xa1fe7a30
     338585.000 ns	     33857	80007474	c01b7cd3	fcvt.wu.s	x25,f22	 f22:0x51db8430 x25=0xffffffff
     338605.000 ns	     33859	80007478	34df7713	andi	x14,x30,845	 x30:0x00000000 x14=0x00000000
     338965.000 ns	     33895	8000747c	037dfa33	remu	x20,x27,x23	 x27:0xf1936e1b x23:0x80040fe4 x20=0x718f5e37
     339305.000 ns	     33929	80007480	193d4753	fdiv.s	f14,f26,f19	 f26:0xcd66c900 f19:0xd490c000 f14=0x37e6c900
     339355.000 ns	     33934	80007484	00b983d3	fadd.s	f7,f19,f11	 f19:0xd490c000 f11:0x4d66c900  f7=0xd490be32
     339375.000 ns	     33936	80007488	417f5d33	sra	x26,x30,x23	 x30:0x00000000 x23:0x80040fe4 x26=0x00000000
     339395.000 ns	     33938	8000748c	02cad533	divu	x10,x21,x12	 x21:0x00000001 x12:0x00000000 x10=0xffffffff
     339415.000 ns	     33940	80007490	bae6a613	slti	x12,x13,-1106	 x13:0x00000000 x12=0x00000000
     339425.000 ns	     33941	80007494	6f404693	xori	x13,x0,1780	  x0:0x00000000 x13=0x000006f4
     339435.000 ns	     33942	80007498	78a28513	addi	x10,x5,1930	  x5:0xa1fe7a30 x10=0xa1fe81ba
     339445.000 ns	     33943	8000749c	04ccba37	lui	x20,0x4ccb	 x20=0x04ccb000
     339485.000 ns	     33947	800074a0	096e01d3	fsub.s	f3,f28,f22	 f28:0xff800000 f22:0x51db8430  f3=0xff800000
     339515.000 ns	     33950	800074a4	a0c798d3	flt.s	x17,f15,f12	 f15:0x80000000 f12:0x7fc00000 x17=0x00000000
     339535.000 ns	     33952	800074a8	003d9a13	slli	x20,x27,0x3	 x27:0xf1936e1b x20=0x8c9b70d8
     339555.000 ns	     33954	800074ac	023dd033	divu	x0,x27,x3	 x27:0xf1936e1b  x3:0x00000000
     339585.000 ns	     33957	800074b0	29f10d53	fmin.s	f26,f2,f31	  f2:0x3f00d980 f31:0x00000000 f26=0x00000000
     339615.000 ns	     33960	800074b4	d0192c53	fcvt.s.wu	f24,x18	 x18:0xaa82512c f24=0x4f2a8252
     339635.000 ns	     33962	800074b8	01c59213	slli	x4,x11,0x1c	 x11:0x00000000  x4=0x00000000
     339645.000 ns	     33963	800074bc	01639a33	sll	x20,x7,x22	  x7:0x00000001 x22:0x00000000 x20=0x00000001
     339665.000 ns	     33965	800074c0	a0928b53	fle.s	x22,f5,f9	  f5:0x4f000410  f9:0x00000000 x22=0x00000000
     339695.000 ns	     33968	800074c4	03afd3b3	divu	x7,x31,x26	 x31:0x00000040 x26:0x00000000  x7=0xffffffff
     339735.000 ns	     33972	800074c8	5808c3d3	fsqrt.s	f7,f17	 f17:0x00000000  f7=0x00000000
     339755.000 ns	     33974	800074cc	401a57b3	sra	x15,x20,x1	 x20:0x00000001  x1:0x00000000 x15=0x00000001
     339765.000 ns	     33975	800074d0	4a130397	auipc	x7,0x4a130	  x7=0xca1374d0
     339775.000 ns	     33976	800074d4	eb1ae493	ori	x9,x21,-335	 x21:0x00000001  x9=0xfffffeb1
     339795.000 ns	     33978	800074d8	03311fb3	mulh	x31,x2,x19	  x2:0x00000000 x19:0x501e7e33 x31=0x00000000
     339815.000 ns	     33980	800074dc	00000013	addi	x0,x0,0	  x0:0x00000000
     339825.000 ns	     33981	800074e0	414500b3	sub	x1,x10,x20	 x10:0xa1fe81ba x20:0x00000001  x1=0xa1fe81b9
     340185.000 ns	     34017	800074e4	0333c8b3	div	x17,x7,x19	  x7:0xca1374d0 x19:0x501e7e33 x17=0x00000000
     340215.000 ns	     34020	800074e8	0262f7b3	remu	x15,x5,x6	  x5:0xa1fe7a30  x6:0x00000000 x15=0xa1fe7a30
     340245.000 ns	     34023	800074ec	e00816d3	fclass.s	x13,f16	 f16:0x00000000 x13=0x00000010
     340265.000 ns	     34025	800074f0	012346b3	xor	x13,x6,x18	  x6:0x00000000 x18:0xaa82512c x13=0xaa82512c
     340285.000 ns	     34027	800074f4	e0080f53	fmv.x.w	x30,f16	 f16:0x00000000 x30=0x00000000
     340315.000 ns	     34030	800074f8	21d0a5d3	fsgnjx.s	f11,f1,f29	  f1:0x43f38000 f29:0x7fc00000 f11=0x43f38000
     340335.000 ns	     34032	800074fc	40c25033	sra	x0,x4,x12	  x4:0x00000000 x12:0x00000000
     340345.000 ns	     34033	80007500	40bf5033	sra	x0,x30,x11	 x30:0x00000000 x11:0x00000000
     340365.000 ns	     34035	80007504	a04c2253	feq.s	x4,f24,f4	 f24:0x4f2a8252  f4:0x00000000  x4=0x00000000
     340395.000 ns	     34038	80007508	f00b88d3	fmv.w.x	f17,x23	 x23:0x80040fe4 f17=0x80040fe4
     340425.000 ns	     34041	8000750c	a01c0053	fle.s	x0,f24,f1	 f24:0x4f2a8252  f1:0x43f38000
     340455.000 ns	     34044	80007510	a0522553	feq.s	x10,f4,f5	  f4:0x00000000  f5:0x4f000410 x10=0x00000000
     340485.000 ns	     34047	80007514	d01b7fd3	fcvt.s.wu	f31,x22	 x22:0x00000000 f31=0x00000000
     340515.000 ns	     34050	80007518	e0089d53	fclass.s	x26,f17	 f17:0x80040fe4 x26=0x00000004
     340545.000 ns	     34053	8000751c	031d8033	mul	x0,x27,x17	 x27:0xf1936e1b x17:0x00000000
     340565.000 ns	     34055	80007520	4141d113	srai	x2,x3,0x14	  x3:0x00000000  x2=0x00000000
     340575.000 ns	     34056	80007524	5cc26f93	ori	x31,x4,1484	  x4:0x00000000 x31=0x000005cc
     340595.000 ns	     34058	80007528	02a0dcb3	divu	x25,x1,x10	  x1:0xa1fe81b9 x10:0x00000000 x25=0xffffffff
     340625.000 ns	     34061	8000752c	f00a8953	fmv.w.x	f18,x21	 x21:0x00000001 f18=0x00000001
     340655.000 ns	     34064	80007530	02edb7b3	mulhu	x15,x27,x14	 x27:0xf1936e1b x14:0x00000000 x15=0x00000000
     340675.000 ns	     34066	80007534	fcb0a493	slti	x9,x1,-53	  x1:0xa1fe81b9  x9=0x00000001
     340685.000 ns	     34067	80007538	befa2913	slti	x18,x20,-1041	 x20:0x00000001 x18=0x00000000
     340705.000 ns	     34069	8000753c	214f07d3	fsgnj.s	f15,f30,f20	 f30:0x429a0000 f20:0x80000000 f15=0xc29a0000
     340735.000 ns	     34072	80007540	294000d3	fmin.s	f1,f0,f20	  f0:0x4f800000 f20:0x80000000  f1=0x80000000
     341075.000 ns	     34106	80007544	1889f053	fdiv.s	f0,f19,f8	 f19:0xd490c000  f8:0x4490c000  f0=0xcf859f8c
     341105.000 ns	     34109	80007548	03d0a2b3	mulhsu	x5,x1,x29	  x1:0xa1fe81b9 x29:0x00000001  x5=0xffffffff
     341135.000 ns	     34112	8000754c	023cb4b3	mulhu	x9,x25,x3	 x25:0xffffffff  x3:0x00000000  x9=0x00000000
     341165.000 ns	     34115	80007550	024cb4b3	mulhu	x9,x25,x4	 x25:0xffffffff  x4:0x00000000  x9=0x00000000
     341195.000 ns	     34118	80007554	d00dfad3	fcvt.s.w	f21,x27	 x27:0xf1936e1b f21=0xcd66c91e
     341215.000 ns	     34120	80007558	0077ffb3	and	x31,x15,x7	 x15:0x00000000  x7:0xca1374d0 x31=0x00000000
     341235.000 ns	     34122	8000755c	299f0f53	fmin.s	f30,f30,f25	 f30:0x429a0000 f25:0x00000000 f30=0x00000000
     341255.000 ns	     34124	80007560	00000013	addi	x0,x0,0	  x0:0x00000000
     341295.000 ns	     34128	80007564	010471d3	fadd.s	f3,f8,f16	  f8:0x4490c000 f16:0x00000000  f3=0x4490c000
     341325.000 ns	     34131	80007568	d01a7cd3	fcvt.s.wu	f25,x20	 x20:0x00000001 f25=0x3f800000
     341345.000 ns	     34133	8000756c	01518ab3	add	x21,x3,x21	  x3:0x00000000 x21:0x00000001 x21=0x00000001
     341705.000 ns	     34169	80007570	027d4033	div	x0,x26,x7	 x26:0x00000004  x7:0xca1374d0
     341755.000 ns	     34174	80007574	0880f453	fsub.s	f8,f1,f8	  f1:0x80000000  f8:0x4490c000  f8=0xc490c000
     341775.000 ns	     34176	80007578	87076013	ori	x0,x14,-1936	 x14:0x00000000
     341795.000 ns	     34178	8000757c	a16197d3	flt.s	x15,f3,f22	  f3:0x4490c000 f22:0x51db8430 x15=0x00000001
     341835.000 ns	     34182	80007580	18ed0f53	fdiv.s	f30,f26,f14	 f26:0x00000000 f14:0x37e6c900 f30=0x00000000
     341855.000 ns	     34184	80007584	00000013	addi	x0,x0,0	  x0:0x00000000
     341875.000 ns	     34186	80007588	a0e91053	flt.s	x0,f18,f14	 f18:0x00000001 f14:0x37e6c900
     341895.000 ns	     34188	8000758c	01de9033	sll	x0,x29,x29	 x29:0x00000001 x29:0x00000001
     341905.000 ns	     34189	80007590	012cd733	srl	x14,x25,x18	 x25:0xffffffff x18:0x00000000 x14=0xffffffff
     341915.000 ns	     34190	80007594	00000013	addi	x0,x0,0	  x0:0x00000000
     341925.000 ns	     34191	80007598	01481f93	slli	x31,x16,0x14	 x16:0x00000000 x31=0x00000000
     341965.000 ns	     34195	8000759c	09b07b53	fsub.s	f22,f0,f27	  f0:0xcf859f8c f27:0x00000000 f22=0xcf859f8c
     341985.000 ns	     34197	800075a0	b65ff493	andi	x9,x31,-1179	 x31:0x00000000  x9=0x00000000
     341995.000 ns	     34198	800075a4	a04fa913	slti	x18,x31,-1532	 x31:0x00000000 x18=0x00000000
     342015.000 ns	     34200	800075a8	0314b2b3	mulhu	x5,x9,x17	  x9:0x00000000 x17:0x00000000  x5=0x00000000
     342035.000 ns	     34202	800075ac	40b3d613	srai	x12,x7,0xb	  x7:0xca1374d0 x12=0xfff9426e
     342045.000 ns	     34203	800075b0	015e4533	xor	x10,x28,x21	 x28:0x80041024 x21:0x00000001 x10=0x80041025
     342055.000 ns	     34204	800075b4	565dbb13	sltiu	x22,x27,1381	 x27:0xf1936e1b x22=0x00000000
     342065.000 ns	     34205	800075b8	00725993	srli	x19,x4,0x7	  x4:0x00000000 x19=0x00000000
     342085.000 ns	     34207	800075bc	03c39833	mulh	x16,x7,x28	  x7:0xca1374d0 x28:0x80041024 x16=0x1af56a7f
     342105.000 ns	     34209	800075c0	8668e097	auipc	x1,0x8668e	  x1=0x066955c0
     342115.000 ns	     34210	800075c4	d1a54f93	xori	x31,x10,-742	 x10:0x80041025 x31=0x7ffbed3f
     342145.000 ns	     34213	800075c8	194d02d3	fdiv.s	f5,f26,f20	 f26:0x00000000 f20:0x80000000  f5=0x7fc00000
     342165.000 ns	     34215	800075cc	15def913	andi	x18,x29,349	 x29:0x00000001 x18=0x00000001
     342175.000 ns	     34216	800075d0	012d59b3	srl	x19,x26,x18	 x26:0x00000004 x18:0x00000000 x19=0x00000002
     342185.000 ns	     34217	800075d4	00000013	addi	x0,x0,0	  x0:0x00000000
     342195.000 ns	     34218	800075d8	c46a1697	auipc	x13,0xc46a1	 x13=0x446a85d8
     342205.000 ns	     34219	800075dc	0198c033	xor	x0,x17,x25	 x17:0x00000000 x25:0xffffffff
     342215.000 ns	     34220	800075e0	53442c93	slti	x25,x8,1332	  x8:0x578ef000 x25=0x00000000
     342575.000 ns	     34256	800075e4	02f75b33	divu	x22,x14,x15	 x14:0xffffffff x15:0x00000001 x22=0xffffffff
     342595.000 ns	     34258	800075e8	4f92e313	ori	x6,x5,1273	  x5:0x00000000  x6=0x000004f9
     342615.000 ns	     34260	800075ec	a0841fd3	flt.s	x31,f8,f8	  f8:0xc490c000  f8:0xc490c000 x31=0x00000000
     342635.000 ns	     34262	800075f0	00bb5c33	srl	x24,x22,x11	 x22:0xffffffff x11:0x00000000 x24=0xffffffff
     342645.000 ns	     34263	800075f4	00389493	slli	x9,x17,0x3	 x17:0x00000000  x9=0x00000000
     342665.000 ns	     34265	800075f8	e0068953	fmv.x.w	x18,f13	 f13:0x4e8e216e x18=0x4e8e216e
     342695.000 ns	     34268	800075fc	c00bf3d3	fcvt.w.s	x7,f23	 f23:0xbf800000  x7=0x00000001
     342715.000 ns	     34270	80007600	a9187a37	lui	x20,0xa9187	 x20=0xa9187000
     342735.000 ns	     34272	80007604	a04b01d3	fle.s	x3,f22,f4	 f22:0xcf859f8c  f4:0x00000000  x3=0x00000001
     342765.000 ns	     34275	80007608	a1418c53	fle.s	x24,f3,f20	  f3:0x4490c000 f20:0x80000000 x24=0x00000000
     342795.000 ns	     34278	8000760c	203e22d3	fsgnjx.s	f5,f28,f3	 f28:0xff800000  f3:0x4490c000  f5=0xff800000
     342825.000 ns	     34281	80007610	21948cd3	fsgnj.s	f25,f9,f25	  f9:0x00000000 f25:0x3f800000 f25=0x00000000
     342855.000 ns	     34284	80007614	03669f33	mulh	x30,x13,x22	 x13:0x446a85d8 x22:0xffffffff x30=0xffffffff
     342885.000 ns	     34287	80007618	028d9fb3	mulh	x31,x27,x8	 x27:0xf1936e1b  x8:0x578ef000 x31=0xfb110cac
     342905.000 ns	     34289	8000761c	40735193	srai	x3,x6,0x7	  x6:0x000004f9  x3=0x00000009
     342915.000 ns	     34290	80007620	0aad3693	sltiu	x13,x26,170	 x26:0x00000004 x13=0x00000001
     342935.000 ns	     34292	80007624	202299d3	fsgnjn.s	f19,f5,f2	  f5:0xff800000  f2:0x3f00d980 f19=0xff800000
     342965.000 ns	     34295	80007628	a0c21cd3	flt.s	x25,f4,f12	  f4:0x00000000 f12:0x7fc00000 x25=0x00000000
     342995.000 ns	     34298	8000762c	e00c8553	fmv.x.w	x10,f25	 f25:0x00000000 x10=0x00000000
     343015.000 ns	     34300	80007630	00d5c4b3	xor	x9,x11,x13	 x11:0x00000000 x13:0x00000001  x9=0x00000001
     343025.000 ns	     34301	80007634	0176d393	srli	x7,x13,0x17	 x13:0x00000001  x7=0x00000000
     343045.000 ns	     34303	80007638	283792d3	fmax.s	f5,f15,f3	 f15:0xc29a0000  f3:0x4490c000  f5=0x4490c000
     343075.000 ns	     34306	8000763c	d00afbd3	fcvt.s.w	f23,x21	 x21:0x00000001 f23=0x3f800000
     343095.000 ns	     34308	80007640	019c1eb3	sll	x29,x24,x25	 x24:0x00000000 x25:0x00000000 x29=0x00000000
     343105.000 ns	     34309	80007644	008cfd33	and	x26,x25,x8	 x25:0x00000000  x8:0x578ef000 x26=0x00000000
     343125.000 ns	     34311	80007648	21f68353	fsgnj.s	f6,f13,f31	 f13:0x4e8e216e f31:0x00000000  f6=0x4e8e216e
     343145.000 ns	     34313	8000764c	01add133	srl	x2,x27,x26	 x27:0xf1936e1b x26:0x00000004  x2=0xf1936e1b
     343155.000 ns	     34314	80007650	e51592b7	lui	x5,0xe5159	  x5=0xe5159000
     343165.000 ns	     34315	80007654	012f3733	sltu	x14,x30,x18	 x30:0xffffffff x18:0x4e8e216e x14=0x00000000
     343175.000 ns	     34316	80007658	0b4ada37	lui	x20,0xb4ad	 x20=0x0b4ad000
     343195.000 ns	     34318	8000765c	c0024253	fcvt.w.s	x4,f4	  f4:0x00000000  x4=0x00000000
     343235.000 ns	     34322	80007660	11741553	fmul.s	f10,f8,f23	  f8:0xc490c000 f23:0x3f800000 f10=0xc490c000
     343255.000 ns	     34324	80007664	5a508c37	lui	x24,0x5a508	 x24=0x5a508000
     343265.000 ns	     34325	80007668	00247eb3	and	x29,x8,x2	  x8:0x578ef000  x2:0xf1936e1b x29=0x51826000
     343625.000 ns	     34361	8000766c	0324c033	div	x0,x9,x18	  x9:0x00000001 x18:0x4e8e216e
     343655.000 ns	     34364	80007670	201888d3	fsgnj.s	f17,f17,f1	 f17:0x80040fe4  f1:0x80000000 f17=0x80040fe4
     343675.000 ns	     34366	80007674	1ab2b013	sltiu	x0,x5,427	  x5:0xe5159000
     343695.000 ns	     34368	80007678	c0099453	fcvt.w.s	x8,f19	 f19:0xff800000  x8=0x80000000
     343715.000 ns	     34370	8000767c	018fd013	srli	x0,x31,0x18	 x31:0xfb110cac
     343735.000 ns	     34372	80007680	f0008953	fmv.w.x	f18,x1	  x1:0x066955c0 f18=0x066955c0
     344105.000 ns	     34409	80007684	036e57b3	divu	x15,x28,x22	 x28:0x80041024 x22:0xffffffff x15=0x00000000
     344135.000 ns	     34412	80007688	a05586d3	fle.s	x13,f11,f5	 f11:0x43f38000  f5:0x4490c000 x13=0x00000001
     344165.000 ns	     34415	8000768c	029ab533	mulhu	x10,x21,x9	 x21:0x00000001  x9:0x00000001 x10=0x00000000
     344185.000 ns	     34417	80007690	01e6d713	srli	x14,x13,0x1e	 x13:0x00000001 x14=0x00000000
     344205.000 ns	     34419	80007694	039849b3	div	x19,x16,x25	 x16:0x1af56a7f x25:0x00000000 x19=0xffffffff
     344235.000 ns	     34422	80007698	28e68dd3	fmin.s	f27,f13,f14	 f13:0x4e8e216e f14:0x37e6c900 f27=0x37e6c900
     344265.000 ns	     34425	8000769c	c0157fd3	fcvt.wu.s	x31,f10	 f10:0xc490c000 x31=0x00000486
     344285.000 ns	     34427	800076a0	01f19eb3	sll	x29,x3,x31	  x3:0x00000009 x31:0xfb110cac x29=0x00000240
     344645.000 ns	     34463	800076a4	03e7f7b3	remu	x15,x15,x30	 x15:0x00000000 x30:0xffffffff x15=0x00000000
     344665.000 ns	     34465	800076a8	3e449837	lui	x16,0x3e449	 x16=0x3e449000
     344685.000 ns	     34467	800076ac	030b2533	mulhsu	x10,x22,x16	 x22:0xffffffff x16:0x1af56a7f x10=0xffffffff
     344715.000 ns	     34470	800076b0	02ab2133	mulhsu	x2,x22,x10	 x22:0xffffffff x10:0x00000000  x2=0xffffffff
     344745.000 ns	     34473	800076b4	a01186d3	fle.s	x13,f3,f1	  f3:0x4490c000  f1:0x80000000 x13=0x00000000
     344765.000 ns	     34475	800076b8	ac07cd13	xori	x26,x15,-1344	 x15:0x00000000 x26=0xfffffac0
     344775.000 ns	     34476	800076bc	4128d2b3	sra	x5,x17,x18	 x17:0x00000000 x18:0x4e8e216e  x5=0x00000000
     344785.000 ns	     34477	800076c0	007ee533	or	x10,x29,x7	 x29:0x00000240  x7:0x00000000 x10=0x00000240
     345145.000 ns	     34513	800076c4	03f86033	rem	x0,x16,x31	 x16:0x3e449000 x31:0x00000486
     345165.000 ns	     34515	800076c8	00e1c633	xor	x12,x3,x14	  x3:0x00000009 x14:0x00000000 x12=0x00000009
     345185.000 ns	     34517	800076cc	281f9ed3	fmax.s	f29,f31,f1	 f31:0x00000000  f1:0x80000000 f29=0x00000000
     345205.000 ns	     34519	800076d0	0d989fb7	lui	x31,0xd989	 x31=0x0d989000
     345215.000 ns	     34520	800076d4	0049fa33	and	x20,x19,x4	 x19:0xffffffff  x4:0x00000000 x20=0x00000000
     345225.000 ns	     34521	800076d8	00dd7433	and	x8,x26,x13	 x26:0xfffffac0 x13:0x00000000  x8=0x00000000
     345235.000 ns	     34522	800076dc	01575f93	srli	x31,x14,0x15	 x14:0x00000000 x31=0x00000000
     345255.000 ns	     34524	800076e0	025216b3	mulh	x13,x4,x5	  x4:0x00000000  x5:0x00000000 x13=0x00000000
     345275.000 ns	     34526	800076e4	0005b7b3	sltu	x15,x11,x0	 x11:0x00000000  x0:0x00000000 x15=0x00000000
     346445.000 ns	     34643	800076e8	5802fd53	fsqrt.s	f26,f5	  f5:0x4490c000 f26=0x42081de4
     346815.000 ns	     34680	800076ec	0329ff33	remu	x30,x19,x18	 x19:0xffffffff x18:0x4e8e216e x30=0x14559bb5
     346845.000 ns	     34683	800076f0	a00dafd3	feq.s	x31,f27,f0	 f27:0x37e6c900  f0:0xcf859f8c x31=0x00000000
     346885.000 ns	     34687	800076f4	113f7853	fmul.s	f16,f30,f19	 f30:0x00000000 f19:0xff800000 f16=0x7fc00000
     346915.000 ns	     34690	800076f8	29eb94d3	fmax.s	f9,f23,f30	 f23:0x3f800000 f30:0x00000000  f9=0x3f800000
     347285.000 ns	     34727	800076fc	03336433	rem	x8,x6,x19	  x6:0x000004f9 x19:0xffffffff  x8=0x00000000
     347305.000 ns	     34729	80007700	019ea7b3	slt	x15,x29,x25	 x29:0x00000240 x25:0x00000000 x15=0x00000000
     347315.000 ns	     34730	80007704	064bf193	andi	x3,x23,100	 x23:0x80040fe4  x3=0x00000064
     347325.000 ns	     34731	80007708	ae4dcd13	xori	x26,x27,-1308	 x27:0xf1936e1b x26=0x0e6c94ff
     347335.000 ns	     34732	8000770c	01828b33	add	x22,x5,x24	  x5:0x00000000 x24:0x5a508000 x22=0x5a508000
     347345.000 ns	     34733	80007710	40f984b3	sub	x9,x19,x15	 x19:0xffffffff x15:0x00000000  x9=0xffffffff
     347365.000 ns	     34735	80007714	e0099153	fclass.s	x2,f19	 f19:0xff800000  x2=0x00000001
     347385.000 ns	     34737	80007718	7f410e93	addi	x29,x2,2036	  x2:0xffffffff x29=0x000007f5
     347395.000 ns	     34738	8000771c	01d5a1b3	slt	x3,x11,x29	 x11:0x00000000 x29:0x00000240  x3=0x00000001
     347435.000 ns	     34742	80007720	08ebf853	fsub.s	f16,f23,f14	 f23:0x3f800000 f14:0x37e6c900 f16=0x3f7ffe32
     347465.000 ns	     34745	80007724	035122b3	mulhsu	x5,x2,x21	  x2:0x00000001 x21:0x00000001  x5=0x00000000
     347485.000 ns	     34747	80007728	000ad093	srli	x1,x21,0x0	 x21:0x00000001  x1=0x00000001
     347495.000 ns	     34748	8000772c	00c82733	slt	x14,x16,x12	 x16:0x3e449000 x12:0x00000009 x14=0x00000000
     347505.000 ns	     34749	80007730	003c7a33	and	x20,x24,x3	 x24:0x5a508000  x3:0x00000001 x20=0x00000000
     347515.000 ns	     34750	80007734	4134d413	srai	x8,x9,0x13	  x9:0xffffffff  x8=0xffffffff
     347525.000 ns	     34751	80007738	00b665b3	or	x11,x12,x11	 x12:0x00000009 x11:0x00000000 x11=0x00000009
     347535.000 ns	     34752	8000773c	01189613	slli	x12,x17,0x11	 x17:0x00000000 x12=0x00000000
     347565.000 ns	     34755	80007740	18187a53	fdiv.s	f20,f16,f1	 f16:0x3f7ffe32  f1:0x80000000 f20=0xff800000
     347595.000 ns	     34758	80007744	02c55d33	divu	x26,x10,x12	 x10:0x00000240 x12:0x00000009 x26=0xffffffff
     347625.000 ns	     34761	80007748	031aaab3	mulhsu	x21,x21,x17	 x21:0x00000001 x17:0x00000000 x21=0x00000000
     347645.000 ns	     34763	8000774c	014d7733	and	x14,x26,x20	 x26:0xffffffff x20:0x00000000 x14=0x00000000
     347665.000 ns	     34765	80007750	02331a33	mulh	x20,x6,x3	  x6:0x000004f9  x3:0x00000001 x20=0x00000000
     347695.000 ns	     34768	80007754	a0449653	flt.s	x12,f9,f4	  f9:0x3f800000  f4:0x00000000 x12=0x00000000
     347715.000 ns	     34770	80007758	db975997	auipc	x19,0xdb975	 x19=0x5b97c758
     347725.000 ns	     34771	8000775c	40c30b33	sub	x22,x6,x12	  x6:0x000004f9 x12:0x00000000 x22=0x000004f9
     347745.000 ns	     34773	80007760	c01cf5d3	fcvt.wu.s	x11,f25	 f25:0x00000000 x11=0x00000000
     347765.000 ns	     34775	80007764	01cac5b3	xor	x11,x21,x28	 x21:0x00000000 x28:0x80041024 x11=0x80041024
     347785.000 ns	     34777	80007768	f0070c53	fmv.w.x	f24,x14	 x14:0x00000000 f24=0x00000000
     347825.000 ns	     34781	8000776c	18d095d3	fdiv.s	f11,f1,f13	  f1:0x80000000 f13:0x4e8e216e f11=0x80000000
     348195.000 ns	     34818	80007770	03c0c433	div	x8,x1,x28	  x1:0x00000001 x28:0x80041024  x8=0x00000000
     348225.000 ns	     34821	80007774	c010f6d3	fcvt.wu.s	x13,f1	  f1:0x80000000 x13=0x00000000
     348265.000 ns	     34825	80007778	580f1053	fsqrt.s	f0,f30	 f30:0x00000000  f0=0x00000000
     348295.000 ns	     34828	8000777c	021daa33	mulhsu	x20,x27,x1	 x27:0xf1936e1b  x1:0x00000001 x20=0xffffffff
     348315.000 ns	     34830	80007780	003a3633	sltu	x12,x20,x3	 x20:0x00000000  x3:0x00000001 x12=0x00000000
     348335.000 ns	     34832	80007784	21d28053	fsgnj.s	f0,f5,f29	  f5:0x4490c000 f29:0x00000000  f0=0x4490c000
     348355.000 ns	     34834	80007788	0016cab3	xor	x21,x13,x1	 x13:0x00000000  x1:0x00000001 x21=0x00000001
     348365.000 ns	     34835	8000778c	007efab3	and	x21,x29,x7	 x29:0x000007f5  x7:0x00000000 x21=0x00000000
     348375.000 ns	     34836	80007790	0155a833	slt	x16,x11,x21	 x11:0x80041024 x21:0x00000000 x16=0x00000001
     348395.000 ns	     34838	80007794	03e1aeb3	mulhsu	x29,x3,x30	  x3:0x00000001 x30:0x14559bb5 x29=0x00000000
     349405.000 ns	     34939	80007798	580dc7d3	fsqrt.s	f15,f27	 f27:0x37e6c900 f15=0x3b2bdf9d
     349435.000 ns	     34942	8000779c	039b7633	remu	x12,x22,x25	 x22:0x000004f9 x25:0x00000000 x12=0x000004f9
     349465.000 ns	     34945	800077a0	c00ef9d3	fcvt.w.s	x19,f29	 f29:0x00000000 x19=0x00000000
     349485.000 ns	     34947	800077a4	688d9737	lui	x14,0x688d9	 x14=0x688d9000
     349505.000 ns	     34949	800077a8	d01d3453	fcvt.s.wu	f8,x26	 x26:0xffffffff  f8=0x4f800000
     349525.000 ns	     34951	800077ac	407787b3	sub	x15,x15,x7	 x15:0x00000000  x7:0x00000000 x15=0x00000000
     349535.000 ns	     34952	800077b0	40758b33	sub	x22,x11,x7	 x11:0x80041024  x7:0x00000000 x22=0x80041024
     349545.000 ns	     34953	800077b4	0114d933	srl	x18,x9,x17	  x9:0xffffffff x17:0x00000000 x18=0xffffffff
     349565.000 ns	     34955	800077b8	02e98333	mul	x6,x19,x14	 x19:0x00000000 x14:0x688d9000  x6=0x00000000
     349595.000 ns	     34958	800077bc	c015f853	fcvt.wu.s	x16,f11	 f11:0x80000000 x16=0x00000000
     349615.000 ns	     34960	800077c0	01ae70b3	and	x1,x28,x26	 x28:0x80041024 x26:0xffffffff  x1=0x80041024
     349625.000 ns	     34961	800077c4	018212b3	sll	x5,x4,x24	  x4:0x00000000 x24:0x5a508000  x5=0x00000000
     349635.000 ns	     34962	800077c8	41885613	srai	x12,x16,0x18	 x16:0x00000000 x12=0x00000000
     349645.000 ns	     34963	800077cc	407b5593	srai	x11,x22,0x7	 x22:0x80041024 x11=0xff000820
     349655.000 ns	     34964	800077d0	dba7fe93	andi	x29,x15,-582	 x15:0x00000000 x29=0x00000000
     349675.000 ns	     34966	800077d4	e00798d3	fclass.s	x17,f15	 f15:0x3b2bdf9d x17=0x00000040
     350045.000 ns	     35003	800077d8	02a870b3	remu	x1,x16,x10	 x16:0x00000000 x10:0x00000240  x1=0x00000000
     350065.000 ns	     35005	800077dc	014f4f33	xor	x30,x30,x20	 x30:0x14559bb5 x20:0xffffffff x30=0xebaa644a
     350085.000 ns	     35007	800077e0	030e5933	divu	x18,x28,x16	 x28:0x80041024 x16:0x00000000 x18=0xffffffff
     350115.000 ns	     35010	800077e4	c00dbc53	fcvt.w.s	x24,f27	 f27:0x37e6c900 x24=0x00000001
     350135.000 ns	     35012	800077e8	8a6ea517	auipc	x10,0x8a6ea	 x10=0x0a6f17e8
     350175.000 ns	     35016	800077ec	0818b3d3	fsub.s	f7,f17,f1	 f17:0x80040fe4  f1:0x80000000  f7=0x80040fe4
     350205.000 ns	     35019	800077f0	e00b01d3	fmv.x.w	x3,f22	 f22:0xcf859f8c  x3=0xcf859f8c
     350225.000 ns	     35021	800077f4	c5095197	auipc	x3,0xc5095	  x3=0x4509c7f4
     350245.000 ns	     35023	800077f8	f00d8f53	fmv.w.x	f30,x27	 x27:0xf1936e1b f30=0xf1936e1b
     350265.000 ns	     35025	800077fc	005e1413	slli	x8,x28,0x5	 x28:0x80041024  x8=0x00820480
     350285.000 ns	     35027	80007800	20cd0b53	fsgnj.s	f22,f26,f12	 f26:0x42081de4 f12:0x7fc00000 f22=0x42081de4
     350315.000 ns	     35030	80007804	c010f553	fcvt.wu.s	x10,f1	  f1:0x80000000 x10=0x00000000
     350335.000 ns	     35032	80007808	00051713	slli	x14,x10,0x0	 x10:0x0a6f17e8 x14=0x00000000
     350355.000 ns	     35034	8000780c	21c601d3	fsgnj.s	f3,f12,f28	 f12:0x7fc00000 f28:0xff800000  f3=0xffc00000
     350385.000 ns	     35037	80007810	2132aa53	fsgnjx.s	f20,f5,f19	  f5:0x4490c000 f19:0xff800000 f20=0xc490c000
     350405.000 ns	     35039	80007814	e002ea13	ori	x20,x5,-512	  x5:0x00000000 x20=0xfffffe00
     350425.000 ns	     35041	80007818	a1b819d3	flt.s	x19,f16,f27	 f16:0x3f7ffe32 f27:0x37e6c900 x19=0x00000000
     350445.000 ns	     35043	8000781c	00000013	addi	x0,x0,0	  x0:0x00000000
     350455.000 ns	     35044	80007820	405586b3	sub	x13,x11,x5	 x11:0xff000820  x5:0x00000000 x13=0xff000820
     350475.000 ns	     35046	80007824	d010f353	fcvt.s.wu	f6,x1	  x1:0x00000000  f6=0x00000000
     350505.000 ns	     35049	80007828	205a83d3	fsgnj.s	f7,f21,f5	 f21:0xcd66c91e  f5:0x4490c000  f7=0x4d66c91e
     350875.000 ns	     35086	8000782c	034ac833	div	x16,x21,x20	 x21:0x00000000 x20:0xfffffe00 x16=0x00000000
     350895.000 ns	     35088	80007830	00270eb3	add	x29,x14,x2	 x14:0x00000000  x2:0x00000001 x29=0x00000001
     350915.000 ns	     35090	80007834	a10118d3	flt.s	x17,f2,f16	  f2:0x3f00d980 f16:0x3f7ffe32 x17=0x00000001
     350945.000 ns	     35093	80007838	0351f933	remu	x18,x3,x21	  x3:0x4509c7f4 x21:0x00000000 x18=0x4509c7f4
     350975.000 ns	     35096	8000783c	02a4e233	rem	x4,x9,x10	  x9:0xffffffff x10:0x00000000  x4=0xffffffff
     350995.000 ns	     35098	80007840	00655eb3	srl	x29,x10,x6	 x10:0x00000000  x6:0x00000000 x29=0x00000000
     351015.000 ns	     35100	80007844	a07c92d3	flt.s	x5,f25,f7	 f25:0x00000000  f7:0x4d66c91e  x5=0x00000001
     351035.000 ns	     35102	80007848	0088d013	srli	x0,x17,0x8	 x17:0x00000001
     351055.000 ns	     35104	8000784c	a06e05d3	fle.s	x11,f28,f6	 f28:0xff800000  f6:0x00000000 x11=0x00000001
     351075.000 ns	     35106	80007850	bc538517	auipc	x10,0xbc538	 x10=0x3c53f850
     351085.000 ns	     35107	80007854	40de5033	sra	x0,x28,x13	 x28:0x80041024 x13:0xff000820
     351105.000 ns	     35109	80007858	28cf09d3	fmin.s	f19,f30,f12	 f30:0xf1936e1b f12:0x7fc00000 f19=0xf1936e1b
     351125.000 ns	     35111	8000785c	13cf7313	andi	x6,x30,316	 x30:0xebaa644a  x6=0x00000008
     351135.000 ns	     35112	80007860	54a33413	sltiu	x8,x6,1354	  x6:0x00000000  x8=0x00000001
     351155.000 ns	     35114	80007864	20db19d3	fsgnjn.s	f19,f22,f13	 f22:0x42081de4 f13:0x4e8e216e f19=0xc2081de4
     351185.000 ns	     35117	80007868	035c11b3	mulh	x3,x24,x21	 x24:0x00000001 x21:0x00000000  x3=0x00000000
     351205.000 ns	     35119	8000786c	00e80833	add	x16,x16,x14	 x16:0x00000000 x14:0x00000000 x16=0x00000000
     351215.000 ns	     35120	80007870	010c73b3	and	x7,x24,x16	 x24:0x00000001 x16:0x00000000  x7=0x00000000
     351235.000 ns	     35122	80007874	c0087ad3	fcvt.w.s	x21,f16	 f16:0x3f7ffe32 x21=0x00000000
     351255.000 ns	     35124	80007878	412ed213	srai	x4,x29,0x12	 x29:0x00000000  x4=0x00000000
     351265.000 ns	     35125	8000787c	01ee8333	add	x6,x29,x30	 x29:0x00000000 x30:0xebaa644a  x6=0xebaa644a
     351275.000 ns	     35126	80007880	522a6a93	ori	x21,x20,1314	 x20:0xfffffe00 x21=0xffffff22
     351295.000 ns	     35128	80007884	a0c01653	flt.s	x12,f0,f12	  f0:0x4490c000 f12:0x7fc00000 x12=0x00000000
     351315.000 ns	     35130	80007888	81275417	auipc	x8,0x81275	  x8=0x0127c888
     351335.000 ns	     35132	8000788c	023b04b3	mul	x9,x22,x3	 x22:0x80041024  x3:0x00000000  x9=0x00000000
     351355.000 ns	     35134	80007890	41c80c33	sub	x24,x16,x28	 x16:0x00000000 x28:0x80041024 x24=0x7ffbefdc
     351685.000 ns	     35167	80007894	19099153	fdiv.s	f2,f19,f16	 f19:0xc2081de4 f16:0x3f7ffe32  f2=0xc2081e6e
     351705.000 ns	     35169	80007898	00edb233	sltu	x4,x27,x14	 x27:0xf1936e1b x14:0x00000000  x4=0x00000000
     351715.000 ns	     35170	8000789c	002f06b3	add	x13,x30,x2	 x30:0xebaa644a  x2:0x00000001 x13=0xebaa644b
     351725.000 ns	     35171	800078a0	415006b3	sub	x13,x0,x21	  x0:0x00000000 x21:0xffffff22 x13=0x000000de
     351755.000 ns	     35174	800078a4	113c2b53	fmul.s	f22,f24,f19	 f24:0x00000000 f19:0xc2081de4 f22=0x80000000
     351775.000 ns	     35176	800078a8	40dbde93	srai	x29,x23,0xd	 x23:0x80040fe4 x29=0xfffc0020
     351795.000 ns	     35178	800078ac	20762cd3	fsgnjx.s	f25,f12,f7	 f12:0x7fc00000  f7:0x4d66c91e f25=0x7fc00000
     351815.000 ns	     35180	800078b0	22f98813	addi	x16,x19,559	 x19:0x00000000 x16=0x0000022f
     351825.000 ns	     35181	800078b4	18216013	ori	x0,x2,386	  x2:0x00000001
     351845.000 ns	     35183	800078b8	c00f7c53	fcvt.w.s	x24,f30	 f30:0xf1936e1b x24=0x80000000
     352215.000 ns	     35220	800078bc	02b07833	remu	x16,x0,x11	  x0:0x00000000 x11:0x00000001 x16=0x00000000
     352235.000 ns	     35222	800078c0	417bd233	sra	x4,x23,x23	 x23:0x80040fe4 x23:0x80040fe4  x4=0xf80040fe
     352245.000 ns	     35223	800078c4	57f9ec97	auipc	x25,0x57f9e	 x25=0xd7fa58c4
     352255.000 ns	     35224	800078c8	01a01013	slli	x0,x0,0x1a	  x0:0x00000000
     352265.000 ns	     35225	800078cc	b720a113	slti	x2,x1,-1166	  x1:0x00000000  x2=0x00000000
     352285.000 ns	     35227	800078d0	a0ca0b53	fle.s	x22,f20,f12	 f20:0xc490c000 f12:0x7fc00000 x22=0x00000000
     352315.000 ns	     35230	800078d4	039cacb3	mulhsu	x25,x25,x25	 x25:0xd7fa58c4 x25:0xd7fa58c4 x25=0xde3c1d26
     352345.000 ns	     35233	800078d8	e00d05d3	fmv.x.w	x11,f26	 f26:0x42081de4 x11=0x42081de4
     352375.000 ns	     35236	800078dc	211ea0d3	fsgnjx.s	f1,f29,f17	 f29:0x00000000 f17:0x80040fe4  f1=0x80000000
     352395.000 ns	     35238	800078e0	00148c13	addi	x24,x9,1	  x9:0x00000000 x24=0x00000001
     352405.000 ns	     35239	800078e4	01ed6c33	or	x24,x26,x30	 x26:0xffffffff x30:0xebaa644a x24=0xffffffff
     352425.000 ns	     35241	800078e8	a11716d3	flt.s	x13,f14,f17	 f14:0x37e6c900 f17:0x80040fe4 x13=0x00000000
     352795.000 ns	     35278	800078ec	026a4033	div	x0,x20,x6	 x20:0xfffffe00  x6:0xebaa644a
     352815.000 ns	     35280	800078f0	586816b7	lui	x13,0x58681	 x13=0x58681000
     352835.000 ns	     35282	800078f4	02e596b3	mulh	x13,x11,x14	 x11:0x42081de4 x14:0x00000000 x13=0x00000000
     352885.000 ns	     35287	800078f8	008842d3	fadd.s	f5,f16,f8	 f16:0x3f7ffe32  f8:0x4f800000  f5=0x4f800000
     352905.000 ns	     35289	800078fc	00bb97b3	sll	x15,x23,x11	 x23:0x80040fe4 x11:0x42081de4 x15=0x0040fe40
     352925.000 ns	     35291	80007900	207817d3	fsgnjn.s	f15,f16,f7	 f16:0x3f7ffe32  f7:0x4d66c91e f15=0xbf7ffe32
     352945.000 ns	     35293	80007904	41b05333	sra	x6,x0,x27	  x0:0x00000000 x27:0xf1936e1b  x6=0x00000000
     352965.000 ns	     35295	80007908	039c00b3	mul	x1,x24,x25	 x24:0xffffffff x25:0xde3c1d26  x1=0x21c3e2da
     352995.000 ns	     35298	8000790c	2163a3d3	fsgnjx.s	f7,f7,f22	  f7:0x4d66c91e f22:0x80000000  f7=0xcd66c91e
     353025.000 ns	     35301	80007910	28921f53	fmax.s	f30,f4,f9	  f4:0x00000000  f9:0x3f800000 f30=0x3f800000
     353055.000 ns	     35304	80007914	026ab1b3	mulhu	x3,x21,x6	 x21:0xffffff22  x6:0x00000000  x3=0x00000000
     353085.000 ns	     35307	80007918	022ad6b3	divu	x13,x21,x2	 x21:0xffffff22  x2:0x00000000 x13=0xffffffff
     353105.000 ns	     35309	8000791c	462e7493	andi	x9,x28,1122	 x28:0x80041024  x9=0x00000020
     353125.000 ns	     35311	80007920	210200d3	fsgnj.s	f1,f4,f16	  f4:0x00000000 f16:0x3f7ffe32  f1=0x00000000
     353155.000 ns	     35314	80007924	a0619cd3	flt.s	x25,f3,f6	  f3:0xffc00000  f6:0x00000000 x25=0x00000000
     353185.000 ns	     35317	80007928	03625033	divu	x0,x4,x22	  x4:0xf80040fe x22:0x00000000
     353205.000 ns	     35319	8000792c	d664bc93	sltiu	x25,x9,-666	  x9:0x00000020 x25=0x00000001
     353215.000 ns	     35320	80007930	290cea93	ori	x21,x25,656	 x25:0x00000000 x21=0x00000291
     353225.000 ns	     35321	80007934	9b663f13	sltiu	x30,x12,-1610	 x12:0x00000000 x30=0x00000001
     353245.000 ns	     35323	80007938	f00b0253	fmv.w.x	f4,x22	 x22:0x00000000  f4=0x00000000
     353275.000 ns	     35326	8000793c	e0070953	fmv.x.w	x18,f14	 f14:0x37e6c900 x18=0x37e6c900
     353305.000 ns	     35329	80007940	e00088d3	fmv.x.w	x17,f1	  f1:0x00000000 x17=0x00000000
     353335.000 ns	     35332	80007944	03d3bb33	mulhu	x22,x7,x29	  x7:0x00000000 x29:0xfffc0020 x22=0x00000000
     353355.000 ns	     35334	80007948	017405b3	add	x11,x8,x23	  x8:0x0127c888 x23:0x80040fe4 x11=0x812bd86c
     353365.000 ns	     35335	8000794c	41b88fb3	sub	x31,x17,x27	 x17:0x00000000 x27:0xf1936e1b x31=0x0e6c91e5
     353375.000 ns	     35336	80007950	01e05693	srli	x13,x0,0x1e	  x0:0x00000000 x13=0x00000000
     353405.000 ns	     35339	80007954	19ca2cd3	fdiv.s	f25,f20,f28	 f20:0xc490c000 f28:0xff800000 f25=0x00000000
     353425.000 ns	     35341	80007958	007d2833	slt	x16,x26,x7	 x26:0xffffffff  x7:0x00000000 x16=0x00000001
     353445.000 ns	     35343	8000795c	027344b3	div	x9,x6,x7	  x6:0x00000000  x7:0x00000000  x9=0xffffffff
     353815.000 ns	     35380	80007960	02b4fb33	remu	x22,x9,x11	  x9:0x00000020 x11:0x812bd86c x22=0x7ed42793
     353835.000 ns	     35382	80007964	00000013	addi	x0,x0,0	  x0:0x00000000
     353845.000 ns	     35383	80007968	40d45ab3	sra	x21,x8,x13	  x8:0x0127c888 x13:0x00000000 x21=0x0127c888
     353855.000 ns	     35384	8000796c	004764b3	or	x9,x14,x4	 x14:0x00000000  x4:0xf80040fe  x9=0xf80040fe
     353875.000 ns	     35386	80007970	e00b9a53	fclass.s	x20,f23	 f23:0x3f800000 x20=0x00000040
     353895.000 ns	     35388	80007974	16dbf213	andi	x4,x23,365	 x23:0x80040fe4  x4=0x00000164
     353915.000 ns	     35390	80007978	218d9653	fsgnjn.s	f12,f27,f24	 f27:0x37e6c900 f24:0x00000000 f12=0xb7e6c900
     353955.000 ns	     35394	8000797c	58054953	fsqrt.s	f18,f10	 f10:0xc490c000 f18=0x7fc00000
     353975.000 ns	     35396	80007980	01572a33	slt	x20,x14,x21	 x14:0x00000000 x21:0x0127c888 x20=0x00000001
     353995.000 ns	     35398	80007984	28b58b53	fmin.s	f22,f11,f11	 f11:0x80000000 f11:0x80000000 f22=0x80000000
     354015.000 ns	     35400	80007988	967a4137	lui	x2,0x967a4	  x2=0x967a4000
     354035.000 ns	     35402	8000798c	02e301b3	mul	x3,x6,x14	  x6:0x00000000 x14:0x00000000  x3=0x00000000
     354065.000 ns	     35405	80007990	02f2bf33	mulhu	x30,x5,x15	  x5:0x00000001 x15:0x0040fe40 x30=0x00000000
     354085.000 ns	     35407	80007994	0162d433	srl	x8,x5,x22	  x5:0x00000001 x22:0x7ed42793  x8=0x00000000
     354105.000 ns	     35409	80007998	d0132c53	fcvt.s.wu	f24,x6	  x6:0x00000000 f24=0x00000000
     354135.000 ns	     35412	8000799c	e00d8cd3	fmv.x.w	x25,f27	 f27:0x37e6c900 x25=0x37e6c900
     354505.000 ns	     35449	800079a0	030f64b3	rem	x9,x30,x16	 x30:0x00000000 x16:0x00000001  x9=0x00000000
     354525.000 ns	     35451	800079a4	5944aa13	slti	x20,x9,1428	  x9:0xf80040fe x20=0x00000001
     354535.000 ns	     35452	800079a8	40368c33	sub	x24,x13,x3	 x13:0x00000000  x3:0x00000000 x24=0x00000000
     354895.000 ns	     35488	800079ac	0356e633	rem	x12,x13,x21	 x13:0x00000000 x21:0x0127c888 x12=0x00000000
     354925.000 ns	     35491	800079b0	c00f45d3	fcvt.w.s	x11,f30	 f30:0x3f800000 x11=0x00000001
     354945.000 ns	     35493	800079b4	00009733	sll	x14,x1,x0	  x1:0x21c3e2da  x0:0x00000000 x14=0x21c3e2da
     354955.000 ns	     35494	800079b8	df548193	addi	x3,x9,-523	  x9:0x00000000  x3=0xfffffdf5
     354975.000 ns	     35496	800079bc	f0018fd3	fmv.w.x	f31,x3	  x3:0x00000000 f31=0xfffffdf5
     355005.000 ns	     35499	800079c0	280e97d3	fmax.s	f15,f29,f0	 f29:0x00000000  f0:0x4490c000 f15=0x4490c000
     355025.000 ns	     35501	800079c4	0091b9b3	sltu	x19,x3,x9	  x3:0xfffffdf5  x9:0x00000000 x19=0x00000000
     355045.000 ns	     35503	800079c8	21c9ac53	fsgnjx.s	f24,f19,f28	 f19:0xc2081de4 f28:0xff800000 f24=0x42081de4
     355075.000 ns	     35506	800079cc	c0167453	fcvt.wu.s	x8,f12	 f12:0xb7e6c900  x8=0x00000000
     355125.000 ns	     35511	800079d0	01632bd3	fadd.s	f23,f6,f22	  f6:0x00000000 f22:0x80000000 f23=0x80000000
     355175.000 ns	     35516	800079d4	08f917d3	fsub.s	f15,f18,f15	 f18:0x7fc00000 f15:0x4490c000 f15=0x7fc00000
     355195.000 ns	     35518	800079d8	8725cf13	xori	x30,x11,-1934	 x11:0x00000001 x30=0xfffff873
     355205.000 ns	     35519	800079dc	00181993	slli	x19,x16,0x1	 x16:0x00000001 x19=0x00000002
     355215.000 ns	     35520	800079e0	60bc8913	addi	x18,x25,1547	 x25:0x37e6c900 x18=0x37e6cf0b
     355225.000 ns	     35521	800079e4	d22c0a13	addi	x20,x24,-734	 x24:0x00000000 x20=0xfffffd22
     355245.000 ns	     35523	800079e8	031c34b3	mulhu	x9,x24,x17	 x24:0x00000000 x17:0x00000000  x9=0x00000000
     355615.000 ns	     35560	800079ec	03026eb3	rem	x29,x4,x16	  x4:0x00000164 x16:0x00000001 x29=0x00000000
     355645.000 ns	     35563	800079f0	a0bf8fd3	fle.s	x31,f31,f11	 f31:0xfffffdf5 f11:0x80000000 x31=0x00000000
     355665.000 ns	     35565	800079f4	003e1cb3	sll	x25,x28,x3	 x28:0x80041024  x3:0xfffffdf5 x25=0x04800000
     355675.000 ns	     35566	800079f8	00bb49b3	xor	x19,x22,x11	 x22:0x7ed42793 x11:0x00000001 x19=0x7ed42792
     355695.000 ns	     35568	800079fc	20560cd3	fsgnj.s	f25,f12,f5	 f12:0xb7e6c900  f5:0x4f800000 f25=0x37e6c900
     355725.000 ns	     35571	80007a00	c00a3053	fcvt.w.s	x0,f20	 f20:0xc490c000
     355755.000 ns	     35574	80007a04	28ea00d3	fmin.s	f1,f20,f14	 f20:0xc490c000 f14:0x37e6c900  f1=0xc490c000
     355785.000 ns	     35577	80007a08	02459f33	mulh	x30,x11,x4	 x11:0x00000001  x4:0x00000164 x30=0x00000000
     355805.000 ns	     35579	80007a0c	011c8833	add	x16,x25,x17	 x25:0x04800000 x17:0x00000000 x16=0x04800000
     356165.000 ns	     35615	80007a10	0259db33	divu	x22,x19,x5	 x19:0x7ed42792  x5:0x00000001 x22=0x7ed42792
     356195.000 ns	     35618	80007a14	215c0d53	fsgnj.s	f26,f24,f21	 f24:0x42081de4 f21:0xcd66c91e f26=0xc2081de4
     356215.000 ns	     35620	80007a18	7c642cb7	lui	x25,0x7c642	 x25=0x7c642000
     356235.000 ns	     35622	80007a1c	035ba4b3	mulhsu	x9,x23,x21	 x23:0x80040fe4 x21:0x0127c888  x9=0xff6c206d
     356255.000 ns	     35624	80007a20	01badf13	srli	x30,x21,0x1b	 x21:0x0127c888 x30=0x00000000
     356265.000 ns	     35625	80007a24	6fe57993	andi	x19,x10,1790	 x10:0x3c53f850 x19=0x00000050
     356275.000 ns	     35626	80007a28	01c430b3	sltu	x1,x8,x28	  x8:0x00000000 x28:0x80041024  x1=0x00000001
     357445.000 ns	     35743	80007a2c	58047a53	fsqrt.s	f20,f8	  f8:0x4f800000 f20=0x477fffae
     357465.000 ns	     35745	80007a30	00fb4fb3	xor	x31,x22,x15	 x22:0x7ed42792 x15:0x0040fe40 x31=0x7e94d9d2
     357475.000 ns	     35746	80007a34	008944b3	xor	x9,x18,x8	 x18:0x37e6cf0b  x8:0x00000000  x9=0x37e6cf0b
     357495.000 ns	     35748	80007a38	d01387d3	fcvt.s.wu	f15,x7	  x7:0x00000000 f15=0x00000000
     357515.000 ns	     35750	80007a3c	016ff333	and	x6,x31,x22	 x31:0x7e94d9d2 x22:0x7ed42792  x6=0x7e940192
     357525.000 ns	     35751	80007a40	41118cb3	sub	x25,x3,x17	  x3:0xfffffdf5 x17:0x00000000 x25=0xfffffdf5
     357535.000 ns	     35752	80007a44	40c701b3	sub	x3,x14,x12	 x14:0x21c3e2da x12:0x00000000  x3=0x21c3e2da
     357555.000 ns	     35754	80007a48	20ae0b53	fsgnj.s	f22,f28,f10	 f28:0xff800000 f10:0xc490c000 f22=0xff800000
     357925.000 ns	     35791	80007a4c	03cffeb3	remu	x29,x31,x28	 x31:0x7e94d9d2 x28:0x80041024 x29=0x7e94d9d2
     357965.000 ns	     35795	80007a50	113f4b53	fmul.s	f22,f30,f19	 f30:0x3f800000 f19:0xc2081de4 f22=0xc2081de4
     357995.000 ns	     35798	80007a54	030f8d33	mul	x26,x31,x16	 x31:0x7e94d9d2 x16:0x04800000 x26=0x31000000
     358025.000 ns	     35801	80007a58	21969dd3	fsgnjn.s	f27,f13,f25	 f13:0x4e8e216e f25:0x37e6c900 f27=0xce8e216e
     358055.000 ns	     35804	80007a5c	a1938d53	fle.s	x26,f7,f25	  f7:0xcd66c91e f25:0x37e6c900 x26=0x00000001
     358075.000 ns	     35806	80007a60	00135413	srli	x8,x6,0x1	  x6:0x7e940192  x8=0x3f4a00c9
     358095.000 ns	     35808	80007a64	02d547b3	div	x15,x10,x13	 x10:0x3c53f850 x13:0x00000000 x15=0xffffffff
     358465.000 ns	     35845	80007a68	030c62b3	rem	x5,x24,x16	 x24:0x00000000 x16:0x04800000  x5=0x00000000
     358485.000 ns	     35847	80007a6c	ca278013	addi	x0,x15,-862	 x15:0xffffffff
     358495.000 ns	     35848	80007a70	01595513	srli	x10,x18,0x15	 x18:0x37e6cf0b x10=0x000001bf
     358515.000 ns	     35850	80007a74	e00893d3	fclass.s	x7,f17	 f17:0x80040fe4  x7=0x00000004
     358855.000 ns	     35884	80007a78	18e4c0d3	fdiv.s	f1,f9,f14	  f9:0x3f800000 f14:0x37e6c900  f1=0x4734ae78
     358885.000 ns	     35887	80007a7c	e00e8553	fmv.x.w	x10,f29	 f29:0x00000000 x10=0x00000000
     358915.000 ns	     35890	80007a80	212b24d3	fsgnjx.s	f9,f22,f18	 f22:0xc2081de4 f18:0x7fc00000  f9=0xc2081de4
     358935.000 ns	     35892	80007a84	b64a4f93	xori	x31,x20,-1180	 x20:0xfffffd22 x31=0x00000646
     358945.000 ns	     35893	80007a88	0010c233	xor	x4,x1,x1	  x1:0x00000001  x1:0x00000001  x4=0x00000000
     358965.000 ns	     35895	80007a8c	c00bfa53	fcvt.w.s	x20,f23	 f23:0x80000000 x20=0x00000000
     358995.000 ns	     35898	80007a90	e0008d53	fmv.x.w	x26,f1	  f1:0x4734ae78 x26=0x4734ae78
     359015.000 ns	     35900	80007a94	0160df33	srl	x30,x1,x22	  x1:0x00000001 x22:0x7ed42792 x30=0x00000000
     359055.000 ns	     35904	80007a98	089e1453	fsub.s	f8,f28,f9	 f28:0xff800000  f9:0xc2081de4  f8=0xff800000
     359075.000 ns	     35906	80007a9c	415c03b3	sub	x7,x24,x21	 x24:0x00000000 x21:0x0127c888  x7=0xfed83778
     359085.000 ns	     35907	80007aa0	e32e8013	addi	x0,x29,-462	 x29:0x7e94d9d2
     359105.000 ns	     35909	80007aa4	020f4fb3	div	x31,x30,x0	 x30:0x00000000  x0:0x00000000 x31=0xffffffff
     359125.000 ns	     35911	80007aa8	005615b3	sll	x11,x12,x5	 x12:0x00000000  x5:0x00000000 x11=0x00000000
     359135.000 ns	     35912	80007aac	bd254a17	auipc	x20,0xbd254	 x20=0x3d25baac
     359155.000 ns	     35914	80007ab0	03602b33	mulhsu	x22,x0,x22	  x0:0x00000000 x22:0x7ed42792 x22=0x00000000
     359175.000 ns	     35916	80007ab4	d7c6f593	andi	x11,x13,-644	 x13:0x00000000 x11=0x00000000
     359185.000 ns	     35917	80007ab8	006001b3	add	x3,x0,x6	  x0:0x00000000  x6:0x7e940192  x3=0x7e940192
     359205.000 ns	     35919	80007abc	022f3833	mulhu	x16,x30,x2	 x30:0x00000000  x2:0x967a4000 x16=0x00000000
     359225.000 ns	     35921	80007ac0	b3516b17	auipc	x22,0xb3516	 x22=0x3351dac0
     359245.000 ns	     35923	80007ac4	e00219d3	fclass.s	x19,f4	  f4:0x00000000 x19=0x00000010
     359285.000 ns	     35927	80007ac8	580a99d3	fsqrt.s	f19,f21	 f21:0xcd66c91e f19=0x7fc00000
     359305.000 ns	     35929	80007acc	01d929b3	slt	x19,x18,x29	 x18:0x37e6cf0b x29:0x7e94d9d2 x19=0x00000001
     359335.000 ns	     35932	80007ad0	5804fe53	fsqrt.s	f28,f9	  f9:0xc2081de4 f28=0x7fc00000
     359385.000 ns	     35937	80007ad4	097e7753	fsub.s	f14,f28,f23	 f28:0xff800000 f23:0x80000000 f14=0x7fc00000
     359415.000 ns	     35940	80007ad8	d017aad3	fcvt.s.wu	f21,x15	 x15:0xffffffff f21=0x4f800000
     359435.000 ns	     35942	80007adc	72203813	sltiu	x16,x0,1826	  x0:0x00000000 x16=0x00000001
     359445.000 ns	     35943	80007ae0	002205b3	add	x11,x4,x2	  x4:0x00000000  x2:0x967a4000 x11=0x967a4000
     359465.000 ns	     35945	80007ae4	a05b8153	fle.s	x2,f23,f5	 f23:0x80000000  f5:0x4f800000  x2=0x00000001
     359485.000 ns	     35947	80007ae8	018041b3	xor	x3,x0,x24	  x0:0x00000000 x24:0x00000000  x3=0x00000000
     359505.000 ns	     35949	80007aec	c001f4d3	fcvt.w.s	x9,f3	  f3:0xffc00000  x9=0x7fffffff
     359535.000 ns	     35952	80007af0	f00d8ad3	fmv.w.x	f21,x27	 x27:0xf1936e1b f21=0xf1936e1b
     359565.000 ns	     35955	80007af4	e00082d3	fmv.x.w	x5,f1	  f1:0x4734ae78  x5=0x4734ae78
     359595.000 ns	     35958	80007af8	021f17b3	mulh	x15,x30,x1	 x30:0x00000000  x1:0x00000001 x15=0x00000000
     359615.000 ns	     35960	80007afc	01f5fcb3	and	x25,x11,x31	 x11:0x967a4000 x31:0xffffffff x25=0x967a4000
     359635.000 ns	     35962	80007b00	f0050853	fmv.w.x	f16,x10	 x10:0x00000000 f16=0x00000000
     359665.000 ns	     35965	80007b04	a016a1d3	feq.s	x3,f13,f1	 f13:0x4e8e216e  f1:0x4734ae78  x3=0x00000000
     359695.000 ns	     35968	80007b08	0270a433	mulhsu	x8,x1,x7	  x1:0x00000001  x7:0xfed83778  x8=0x00000000
     359725.000 ns	     35971	80007b0c	c0118ad3	fcvt.wu.s	x21,f3	  f3:0xffc00000 x21=0xffffffff
     359755.000 ns	     35974	80007b10	03918fb3	mul	x31,x3,x25	  x3:0x00000000 x25:0x967a4000 x31=0x00000000
     359775.000 ns	     35976	80007b14	4091d513	srai	x10,x3,0x9	  x3:0x00000000 x10=0x00000000
     359795.000 ns	     35978	80007b18	028e8d33	mul	x26,x29,x8	 x29:0x7e94d9d2  x8:0x00000000 x26=0x00000000
     359825.000 ns	     35981	80007b1c	e0089653	fclass.s	x12,f17	 f17:0x80040fe4 x12=0x00000004
     359875.000 ns	     35986	80007b20	0008a8d3	fadd.s	f17,f17,f0	 f17:0x80040fe4  f0:0x4490c000 f17=0x4490c000
     359895.000 ns	     35988	80007b24	00d9f1b3	and	x3,x19,x13	 x19:0x00000001 x13:0x00000000  x3=0x00000000
     359915.000 ns	     35990	80007b28	027181b3	mul	x3,x3,x7	  x3:0x00000000  x7:0xfed83778  x3=0x00000000
     360285.000 ns	     36027	80007b2c	02b8f1b3	remu	x3,x17,x11	 x17:0x00000000 x11:0x967a4000  x3=0x00000000
     360315.000 ns	     36030	80007b30	291c0dd3	fmin.s	f27,f24,f17	 f24:0x42081de4 f17:0x4490c000 f27=0x42081de4
     360335.000 ns	     36032	80007b34	0047a4b3	slt	x9,x15,x4	 x15:0x00000000  x4:0x00000000  x9=0x00000000
     360365.000 ns	     36035	80007b38	58049553	fsqrt.s	f10,f9	  f9:0xc2081de4 f10=0x7fc00000
     360395.000 ns	     36038	80007b3c	03fba1b3	mulhsu	x3,x23,x31	 x23:0x80040fe4 x31:0x00000000  x3=0x00000000
     360415.000 ns	     36040	80007b40	40805893	srai	x17,x0,0x8	  x0:0x00000000 x17=0x00000000
     360445.000 ns	     36043	80007b44	580271d3	fsqrt.s	f3,f4	  f4:0x00000000  f3=0x00000000
     360815.000 ns	     36080	80007b48	036d44b3	div	x9,x26,x22	 x26:0x00000000 x22:0x3351dac0  x9=0x00000000
     360835.000 ns	     36082	80007b4c	013c2d33	slt	x26,x24,x19	 x24:0x00000000 x19:0x00000001 x26=0x00000001
     360875.000 ns	     36086	80007b50	08117453	fsub.s	f8,f2,f1	  f2:0xc2081e6e  f1:0x4734ae78  f8=0xc734d07f
     360905.000 ns	     36089	80007b54	039c9cb3	mulh	x25,x25,x25	 x25:0x967a4000 x25:0x967a4000 x25=0x2b7efd61
     360925.000 ns	     36091	80007b58	009a5893	srli	x17,x20,0x9	 x20:0x3d25baac x17=0x001e92dd
     360945.000 ns	     36093	80007b5c	29e18953	fmin.s	f18,f3,f30	  f3:0x00000000 f30:0x3f800000 f18=0x00000000
     360975.000 ns	     36096	80007b60	f0048b53	fmv.w.x	f22,x9	  x9:0x00000000 f22=0x00000000
     360995.000 ns	     36098	80007b64	f19245b7	lui	x11,0xf1924	 x11=0xf1924000
     361025.000 ns	     36101	80007b68	19d2a553	fdiv.s	f10,f5,f29	  f5:0x4f800000 f29:0x00000000 f10=0x7f800000
     361055.000 ns	     36104	80007b6c	e00f9fd3	fclass.s	x31,f31	 f31:0xfffffdf5 x31=0x00000200
     361075.000 ns	     36106	80007b70	40758b33	sub	x22,x11,x7	 x11:0xf1924000  x7:0xfed83778 x22=0xf2ba0888
     361085.000 ns	     36107	80007b74	409f57b3	sra	x15,x30,x9	 x30:0x00000000  x9:0x00000000 x15=0x00000000
     361125.000 ns	     36111	80007b78	092894d3	fsub.s	f9,f17,f18	 f17:0x4490c000 f18:0x00000000  f9=0x4490c000
     361155.000 ns	     36114	80007b7c	0292ccb3	div	x25,x5,x9	  x5:0x4734ae78  x9:0x00000000 x25=0xffffffff
     361185.000 ns	     36117	80007b80	21842c53	fsgnjx.s	f24,f8,f24	  f8:0xc734d07f f24:0x42081de4 f24=0xc734d07f
     361205.000 ns	     36119	80007b84	01efc833	xor	x16,x31,x30	 x31:0x00000200 x30:0x00000000 x16=0x00000200
     361225.000 ns	     36121	80007b88	028611b3	mulh	x3,x12,x8	 x12:0x00000004  x8:0x00000000  x3=0x00000000
     361255.000 ns	     36124	80007b8c	217b08d3	fsgnj.s	f17,f22,f23	 f22:0x00000000 f23:0x80000000 f17=0x80000000
     361275.000 ns	     36126	80007b90	00000013	addi	x0,x0,0	  x0:0x00000000
     361285.000 ns	     36127	80007b94	8116ea13	ori	x20,x13,-2031	 x13:0x00000000 x20=0xfffff811
     361295.000 ns	     36128	80007b98	00000013	addi	x0,x0,0	  x0:0x00000000
     361335.000 ns	     36132	80007b9c	092d0953	fsub.s	f18,f26,f18	 f26:0xc2081de4 f18:0x00000000 f18=0xc2081de4
     361365.000 ns	     36135	80007ba0	a0eb0453	fle.s	x8,f22,f14	 f22:0x00000000 f14:0x7fc00000  x8=0x00000000
     361385.000 ns	     36137	80007ba4	0af6c093	xori	x1,x13,175	 x13:0x00000000  x1=0x000000af
     361405.000 ns	     36139	80007ba8	d01af353	fcvt.s.wu	f6,x21	 x21:0xffffffff  f6=0x4f7fffff
     361425.000 ns	     36141	80007bac	606db993	sltiu	x19,x27,1542	 x27:0xf1936e1b x19=0x00000000
     361435.000 ns	     36142	80007bb0	d5893717	auipc	x14,0xd5893	 x14=0x5589abb0
     361445.000 ns	     36143	80007bb4	4196d3b3	sra	x7,x13,x25	 x13:0x00000000 x25:0xffffffff  x7=0x00000000
     361455.000 ns	     36144	80007bb8	b82a8b13	addi	x22,x21,-1150	 x21:0xffffffff x22=0xfffffb81
     361465.000 ns	     36145	80007bbc	011b4333	xor	x6,x22,x17	 x22:0xf2ba0888 x17:0x001e92dd  x6=0xffe1695c
     361485.000 ns	     36147	80007bc0	e0020453	fmv.x.w	x8,f4	  f4:0x00000000  x8=0x00000000
     361515.000 ns	     36150	80007bc4	0266ab33	mulhsu	x22,x13,x6	 x13:0x00000000  x6:0x7e940192 x22=0x00000000
     361545.000 ns	     36153	80007bc8	e00f8f53	fmv.x.w	x30,f31	 f31:0xfffffdf5 x30=0xfffffdf5
     361575.000 ns	     36156	80007bcc	c01a7a53	fcvt.wu.s	x20,f20	 f20:0x477fffae x20=0x0000ffff
     361605.000 ns	     36159	80007bd0	288c01d3	fmin.s	f3,f24,f8	 f24:0xc734d07f  f8:0xc734d07f  f3=0xc734d07f
     361625.000 ns	     36161	80007bd4	00000013	addi	x0,x0,0	  x0:0x00000000
     361665.000 ns	     36165	80007bd8	08ee72d3	fsub.s	f5,f28,f14	 f28:0x7fc00000 f14:0x7fc00000  f5=0x7fc00000
     361685.000 ns	     36167	80007bdc	00fa3133	sltu	x2,x20,x15	 x20:0x0000ffff x15:0x00000000  x2=0x00000000
     361715.000 ns	     36170	80007be0	580e06d3	fsqrt.s	f13,f28	 f28:0x7fc00000 f13=0x7fc00000
     361735.000 ns	     36172	80007be4	016fe433	or	x8,x31,x22	 x31:0x00000200 x22:0x00000000  x8=0x00000200
     361755.000 ns	     36174	80007be8	c01ff6d3	fcvt.wu.s	x13,f31	 f31:0xfffffdf5 x13=0xffffffff
     361805.000 ns	     36179	80007bec	00a5f5d3	fadd.s	f11,f11,f10	 f11:0x80000000 f10:0x7f800000 f11=0x7f800000
     361825.000 ns	     36181	80007bf0	40840ab3	sub	x21,x8,x8	  x8:0x00000200  x8:0x00000200 x21=0x00000000
     361835.000 ns	     36182	80007bf4	40745ab3	sra	x21,x8,x7	  x8:0x00000200  x7:0x00000000 x21=0x00000200
     361845.000 ns	     36183	80007bf8	f187c413	xori	x8,x15,-232	 x15:0x00000000  x8=0xffffff18
     361865.000 ns	     36185	80007bfc	c0098153	fcvt.w.s	x2,f19	 f19:0x7fc00000  x2=0x7fffffff
     361895.000 ns	     36188	80007c00	d0087953	fcvt.s.w	f18,x16	 x16:0x00000200 f18=0x44000000
     361915.000 ns	     36190	80007c04	0197c233	xor	x4,x15,x25	 x15:0x00000000 x25:0xffffffff  x4=0xffffffff
     362275.000 ns	     36226	80007c08	0249e4b3	rem	x9,x19,x4	 x19:0x00000000  x4:0x00000000  x9=0x00000000
     362305.000 ns	     36229	80007c0c	216310d3	fsgnjn.s	f1,f6,f22	  f6:0x4f7fffff f22:0x00000000  f1=0xcf7fffff
     362325.000 ns	     36231	80007c10	00c273b3	and	x7,x4,x12	  x4:0xffffffff x12:0x00000004  x7=0x00000004
     362345.000 ns	     36233	80007c14	c007fb53	fcvt.w.s	x22,f15	 f15:0x00000000 x22=0x00000000
     362385.000 ns	     36237	80007c18	11fb7853	fmul.s	f16,f22,f31	 f22:0x00000000 f31:0xfffffdf5 f16=0x7fc00000
     362405.000 ns	     36239	80007c1c	ea8666b7	lui	x13,0xea866	 x13=0xea866000
     362415.000 ns	     36240	80007c20	01839613	slli	x12,x7,0x18	  x7:0x00000004 x12=0x04000000
     362425.000 ns	     36241	80007c24	9de77713	andi	x14,x14,-1570	 x14:0x5589abb0 x14=0x5589a990
     362435.000 ns	     36242	80007c28	0043e9b3	or	x19,x7,x4	  x7:0x00000004  x4:0xffffffff x19=0xffffffff
     362455.000 ns	     36244	80007c2c	a04bad53	feq.s	x26,f23,f4	 f23:0x80000000  f4:0x00000000 x26=0x00000001
     362505.000 ns	     36249	80007c30	0122fb53	fadd.s	f22,f5,f18	  f5:0x7fc00000 f18:0x44000000 f22=0x7fc00000
     362525.000 ns	     36251	80007c34	001b23b3	slt	x7,x22,x1	 x22:0x00000000  x1:0x000000af  x7=0x00000001
     362545.000 ns	     36253	80007c38	03891fb3	mulh	x31,x18,x24	 x18:0x37e6cf0b x24:0x00000000 x31=0x00000000
     362915.000 ns	     36290	80007c3c	02224733	div	x14,x4,x2	  x4:0xffffffff  x2:0x7fffffff x14=0x00000000
     362935.000 ns	     36292	80007c40	6f55bb13	sltiu	x22,x11,1781	 x11:0xf1924000 x22=0x00000000
     362955.000 ns	     36294	80007c44	023f1c33	mulh	x24,x30,x3	 x30:0xfffffdf5  x3:0x00000000 x24=0x00000000
     362985.000 ns	     36297	80007c48	20c888d3	fsgnj.s	f17,f17,f12	 f17:0x80000000 f12:0xb7e6c900 f17=0x80000000
     363015.000 ns	     36300	80007c4c	d0033f53	fcvt.s.w	f30,x6	  x6:0xffe1695c f30=0xc9f4b520
     363045.000 ns	     36303	80007c50	d00df9d3	fcvt.s.w	f19,x27	 x27:0xf1936e1b f19=0xcd66c91e
     363075.000 ns	     36306	80007c54	c01d9753	fcvt.wu.s	x14,f27	 f27:0x42081de4 x14=0x00000022
     363095.000 ns	     36308	80007c58	4057d8b3	sra	x17,x15,x5	 x15:0x00000000  x5:0x4734ae78 x17=0x00000000
     363105.000 ns	     36309	80007c5c	00841133	sll	x2,x8,x8	  x8:0xffffff18  x8:0xffffff18  x2=0x18000000
     363125.000 ns	     36311	80007c60	02a88eb3	mul	x29,x17,x10	 x17:0x001e92dd x10:0x00000000 x29=0x00000000
     363155.000 ns	     36314	80007c64	032e2333	mulhsu	x6,x28,x18	 x28:0x80041024 x18:0x37e6cf0b  x6=0xe40d7b9c
     363185.000 ns	     36317	80007c68	0385bf33	mulhu	x30,x11,x24	 x11:0xf1924000 x24:0x00000000 x30=0x00000000
     363205.000 ns	     36319	80007c6c	38f2b113	sltiu	x2,x5,911	  x5:0x4734ae78  x2=0x00000000
     363225.000 ns	     36321	80007c70	d01da3d3	fcvt.s.wu	f7,x27	 x27:0xf1936e1b  f7=0x4f71936f
     363275.000 ns	     36326	80007c74	09ccfed3	fsub.s	f29,f25,f28	 f25:0x37e6c900 f28:0x7fc00000 f29=0x7fc00000
     363295.000 ns	     36328	80007c78	418cdd13	srai	x26,x25,0x18	 x25:0xffffffff x26=0xffffffff
     363305.000 ns	     36329	80007c7c	01399ab3	sll	x21,x19,x19	 x19:0xffffffff x19:0xffffffff x21=0x80000000
     363315.000 ns	     36330	80007c80	418e00b3	sub	x1,x28,x24	 x28:0x80041024 x24:0x00000000  x1=0x80041024
     363335.000 ns	     36332	80007c84	20e481d3	fsgnj.s	f3,f9,f14	  f9:0x4490c000 f14:0x7fc00000  f3=0x4490c000
     363365.000 ns	     36335	80007c88	20ad9e53	fsgnjn.s	f28,f27,f10	 f27:0x42081de4 f10:0x7f800000 f28=0xc2081de4
     363395.000 ns	     36338	80007c8c	02761533	mulh	x10,x12,x7	 x12:0x04000000  x7:0x00000001 x10=0x00000000
     363425.000 ns	     36341	80007c90	e0079053	fclass.s	x0,f15	 f15:0x00000000
     363475.000 ns	     36346	80007c94	09d9c2d3	fsub.s	f5,f19,f29	 f19:0xcd66c91e f29:0x7fc00000  f5=0x7fc00000
     363495.000 ns	     36348	80007c98	e3637493	andi	x9,x6,-458	  x6:0xe40d7b9c  x9=0xe40d7a14
     363515.000 ns	     36350	80007c9c	c00417d3	fcvt.w.s	x15,f8	  f8:0xc734d07f x15=0xffff4b30
     363545.000 ns	     36353	80007ca0	285d9f53	fmax.s	f30,f27,f5	 f27:0x42081de4  f5:0x7fc00000 f30=0x42081de4
     363565.000 ns	     36355	80007ca4	411bd5b3	sra	x11,x23,x17	 x23:0x80040fe4 x17:0x00000000 x11=0x80040fe4
     363575.000 ns	     36356	80007ca8	73722993	slti	x19,x4,1847	  x4:0xffffffff x19=0x00000001
     363595.000 ns	     36358	80007cac	0397af33	mulhsu	x30,x15,x25	 x15:0xffff4b30 x25:0xffffffff x30=0xffff4b30
     363625.000 ns	     36361	80007cb0	035a28b3	mulhsu	x17,x20,x21	 x20:0x0000ffff x21:0x80000000 x17=0x00007fff
     363645.000 ns	     36363	80007cb4	407e0d33	sub	x26,x28,x7	 x28:0x80041024  x7:0x00000001 x26=0x80041023
     363665.000 ns	     36365	80007cb8	a16b0c53	fle.s	x24,f22,f22	 f22:0x7fc00000 f22:0x7fc00000 x24=0x00000000
     363695.000 ns	     36368	80007cbc	a180a7d3	feq.s	x15,f1,f24	  f1:0xcf7fffff f24:0xc734d07f x15=0x00000000
     363725.000 ns	     36371	80007cc0	a0c6a9d3	feq.s	x19,f13,f12	 f13:0x7fc00000 f12:0xb7e6c900 x19=0x00000000
     363745.000 ns	     36373	80007cc4	00000013	addi	x0,x0,0	  x0:0x00000000
     363775.000 ns	     36376	80007cc8	580ba9d3	fsqrt.s	f19,f23	 f23:0x80000000 f19=0x80000000
     363805.000 ns	     36379	80007ccc	02fe8933	mul	x18,x29,x15	 x29:0x00000000 x15:0x00000000 x18=0x00000000
     363835.000 ns	     36382	80007cd0	03664eb3	div	x29,x12,x22	 x12:0x04000000 x22:0x00000000 x29=0xffffffff
     363865.000 ns	     36385	80007cd4	027907b3	mul	x15,x18,x7	 x18:0x00000000  x7:0x00000001 x15=0x00000000
     363885.000 ns	     36387	80007cd8	017e6ab3	or	x21,x28,x23	 x28:0x80041024 x23:0x80040fe4 x21=0x80041fe4
     363905.000 ns	     36389	80007cdc	021f8633	mul	x12,x31,x1	 x31:0x00000000  x1:0x80041024 x12=0x00000000
     363925.000 ns	     36391	80007ce0	dbf03593	sltiu	x11,x0,-577	  x0:0x00000000 x11=0x00000001
     363945.000 ns	     36393	80007ce4	e00992d3	fclass.s	x5,f19	 f19:0x80000000  x5=0x00000008
     363975.000 ns	     36396	80007ce8	20d50e53	fsgnj.s	f28,f10,f13	 f10:0x7f800000 f13:0x7fc00000 f28=0x7f800000
     364015.000 ns	     36400	80007cec	111dfdd3	fmul.s	f27,f27,f17	 f27:0x42081de4 f17:0x80000000 f27=0x80000000
     364045.000 ns	     36403	80007cf0	e0001353	fclass.s	x6,f0	  f0:0x4490c000  x6=0x00000040
     364075.000 ns	     36406	80007cf4	206181d3	fsgnj.s	f3,f3,f6	  f3:0x4490c000  f6:0x4f7fffff  f3=0x4490c000
     364095.000 ns	     36408	80007cf8	d553a713	slti	x14,x7,-683	  x7:0x00000001 x14=0x00000000
     364425.000 ns	     36441	80007cfc	180afc53	fdiv.s	f24,f21,f0	 f21:0xf1936e1b  f0:0x4490c000 f24=0xec8818e9
     364455.000 ns	     36444	80007d00	e00b16d3	fclass.s	x13,f22	 f22:0x7fc00000 x13=0x00000200
     364485.000 ns	     36447	80007d04	e00611d3	fclass.s	x3,f12	 f12:0xb7e6c900  x3=0x00000002
     364535.000 ns	     36452	80007d08	005f7dd3	fadd.s	f27,f30,f5	 f30:0x42081de4  f5:0x7fc00000 f27=0x7fc00000
     364555.000 ns	     36454	80007d0c	01d272b3	and	x5,x4,x29	  x4:0xffffffff x29:0xffffffff  x5=0xffffffff
     364575.000 ns	     36456	80007d10	02c48733	mul	x14,x9,x12	  x9:0xe40d7a14 x12:0x00000000 x14=0x00000000
     364605.000 ns	     36459	80007d14	c0087853	fcvt.w.s	x16,f16	 f16:0x7fc00000 x16=0x7fffffff
     364655.000 ns	     36464	80007d18	088b4d53	fsub.s	f26,f22,f8	 f22:0x7fc00000  f8:0xc734d07f f26=0x7fc00000
     364685.000 ns	     36467	80007d1c	a05f12d3	flt.s	x5,f30,f5	 f30:0x42081de4  f5:0x7fc00000  x5=0x00000000
     364715.000 ns	     36470	80007d20	02cfa2b3	mulhsu	x5,x31,x12	 x31:0x00000000 x12:0x00000000  x5=0x00000000
     364745.000 ns	     36473	80007d24	02a5e533	rem	x10,x11,x10	 x11:0x00000001 x10:0x00000000 x10=0x00000001
     364775.000 ns	     36476	80007d28	e00895d3	fclass.s	x11,f17	 f17:0x80000000 x11=0x00000008
     364795.000 ns	     36478	80007d2c	abc07893	andi	x17,x0,-1348	  x0:0x00000000 x17=0x00000000
     364815.000 ns	     36480	80007d30	a1148453	fle.s	x8,f9,f17	  f9:0x4490c000 f17:0x80000000  x8=0x00000000
     364845.000 ns	     36483	80007d34	d01efbd3	fcvt.s.wu	f23,x29	 x29:0xffffffff f23=0x4f7fffff
     364865.000 ns	     36485	80007d38	01c874b3	and	x9,x16,x28	 x16:0x7fffffff x28:0x80041024  x9=0x00041024
     364875.000 ns	     36486	80007d3c	418f09b3	sub	x19,x30,x24	 x30:0xffff4b30 x24:0x00000000 x19=0xffff4b30
     364885.000 ns	     36487	80007d40	eec58c13	addi	x24,x11,-276	 x11:0x00000008 x24=0xfffffef4
     364905.000 ns	     36489	80007d44	0257a9b3	mulhsu	x19,x15,x5	 x15:0x00000000  x5:0x00000000 x19=0x00000000
     364935.000 ns	     36492	80007d48	28f78fd3	fmin.s	f31,f15,f15	 f15:0x00000000 f15:0x00000000 f31=0x00000000
     364965.000 ns	     36495	80007d4c	c0078653	fcvt.w.s	x12,f15	 f15:0x00000000 x12=0x00000000
     364985.000 ns	     36497	80007d50	87747f37	lui	x30,0x87747	 x30=0x87747000
     364995.000 ns	     36498	80007d54	0119d013	srli	x0,x19,0x11	 x19:0x00000000
     365015.000 ns	     36500	80007d58	e00703d3	fmv.x.w	x7,f14	 f14:0x7fc00000  x7=0x7fc00000
     365035.000 ns	     36502	80007d5c	0104d3b3	srl	x7,x9,x16	  x9:0x00041024 x16:0x7fffffff  x7=0x00000000
     365055.000 ns	     36504	80007d60	208b0ed3	fsgnj.s	f29,f22,f8	 f22:0x7fc00000  f8:0xc734d07f f29=0xffc00000
     365075.000 ns	     36506	80007d64	01bedd13	srli	x26,x29,0x1b	 x29:0xffffffff x26=0x0000001f
     365085.000 ns	     36507	80007d68	a298e513	ori	x10,x17,-1495	 x17:0x00000000 x10=0xfffffa29
     365105.000 ns	     36509	80007d6c	02fd2133	mulhsu	x2,x26,x15	 x26:0x80041023 x15:0x00000000  x2=0x00000000
     365135.000 ns	     36512	80007d70	a04a0cd3	fle.s	x25,f20,f4	 f20:0x477fffae  f4:0x00000000 x25=0x00000000
     365185.000 ns	     36517	80007d74	08f0f953	fsub.s	f18,f1,f15	  f1:0xcf7fffff f15:0x00000000 f18=0xcf7fffff
     365215.000 ns	     36520	80007d78	f0098453	fmv.w.x	f8,x19	 x19:0x00000000  f8=0x00000000
     365245.000 ns	     36523	80007d7c	a1c382d3	fle.s	x5,f7,f28	  f7:0x4f71936f f28:0x7f800000  x5=0x00000001
     365265.000 ns	     36525	80007d80	0051b433	sltu	x8,x3,x5	  x3:0x00000002  x5:0x00000000  x8=0x00000000
     365285.000 ns	     36527	80007d84	a18a1553	flt.s	x10,f20,f24	 f20:0x477fffae f24:0xec8818e9 x10=0x00000000
     365305.000 ns	     36529	80007d88	41f48533	sub	x10,x9,x31	  x9:0x00041024 x31:0x00000000 x10=0x00041024
     365325.000 ns	     36531	80007d8c	285188d3	fmin.s	f17,f3,f5	  f3:0x4490c000  f5:0x7fc00000 f17=0x4490c000
     365345.000 ns	     36533	80007d90	01372033	slt	x0,x14,x19	 x14:0x00000000 x19:0x00000000
     365355.000 ns	     36534	80007d94	41bc8b33	sub	x22,x25,x27	 x25:0x00000000 x27:0xf1936e1b x22=0x0e6c91e5
     365715.000 ns	     36570	80007d98	02324833	div	x16,x4,x3	  x4:0xffffffff  x3:0x00000002 x16=0x00000000
     365745.000 ns	     36573	80007d9c	e00a13d3	fclass.s	x7,f20	 f20:0x477fffae  x7=0x00000040
     365765.000 ns	     36575	80007da0	f696ec37	lui	x24,0xf696e	 x24=0xf696e000
     365785.000 ns	     36577	80007da4	c01d17d3	fcvt.wu.s	x15,f26	 f26:0x7fc00000 x15=0xffffffff
     365805.000 ns	     36579	80007da8	015f69b3	or	x19,x30,x21	 x30:0x87747000 x21:0x80041fe4 x19=0x87747fe4
     365825.000 ns	     36581	80007dac	a0501153	flt.s	x2,f0,f5	  f0:0x4490c000  f5:0x7fc00000  x2=0x00000000
     366195.000 ns	     36618	80007db0	0373f5b3	remu	x11,x7,x23	  x7:0x00000040 x23:0x80040fe4 x11=0x00000040
     366215.000 ns	     36620	80007db4	017614b3	sll	x9,x12,x23	 x12:0x00000000 x23:0x80040fe4  x9=0x00000000
     366225.000 ns	     36621	80007db8	00000013	addi	x0,x0,0	  x0:0x00000000
     366235.000 ns	     36622	80007dbc	4009d4b3	sra	x9,x19,x0	 x19:0x87747fe4  x0:0x00000000  x9=0x87747fe4
     366255.000 ns	     36624	80007dc0	c00474d3	fcvt.w.s	x9,f8	  f8:0x00000000  x9=0x00000000
     366275.000 ns	     36626	80007dc4	414c8ab3	sub	x21,x25,x20	 x25:0x00000000 x20:0x0000ffff x21=0xffff0001
     366295.000 ns	     36628	80007dc8	03092833	mulhsu	x16,x18,x16	 x18:0x00000000 x16:0x00000000 x16=0x00000000
     366315.000 ns	     36630	80007dcc	adf2b893	sltiu	x17,x5,-1313	  x5:0x00000001 x17=0x00000001
     366335.000 ns	     36632	80007dd0	039c2a33	mulhsu	x20,x24,x25	 x24:0xf696e000 x25:0x00000000 x20=0x00000000
     366355.000 ns	     36634	80007dd4	b090bf93	sltiu	x31,x1,-1271	  x1:0x80041024 x31=0x00000001
     366365.000 ns	     36635	80007dd8	01d55a93	srli	x21,x10,0x1d	 x10:0x00041024 x21=0x00000000
     366385.000 ns	     36637	80007ddc	d0018e53	fcvt.s.w	f28,x3	  x3:0x00000002 f28=0x40000000
     366415.000 ns	     36640	80007de0	c01d46d3	fcvt.wu.s	x13,f26	 f26:0x7fc00000 x13=0xffffffff
     366445.000 ns	     36643	80007de4	28291a53	fmax.s	f20,f18,f2	 f18:0xcf7fffff  f2:0xc2081e6e f20=0xc2081e6e
     366475.000 ns	     36646	80007de8	206f98d3	fsgnjn.s	f17,f31,f6	 f31:0x00000000  f6:0x4f7fffff f17=0x80000000
     367655.000 ns	     36764	80007dec	58049853	fsqrt.s	f16,f9	  f9:0x4490c000 f16=0x42081de4
     367675.000 ns	     36766	80007df0	00131a33	sll	x20,x6,x1	  x6:0x00000040  x1:0x80041024 x20=0x00000400
     367695.000 ns	     36768	80007df4	032fd2b3	divu	x5,x31,x18	 x31:0x00000001 x18:0x00000000  x5=0xffffffff
     367725.000 ns	     36771	80007df8	02513933	mulhu	x18,x2,x5	  x2:0x00000000  x5:0x00000001 x18=0x00000000
     367765.000 ns	     36775	80007dfc	110ffe53	fmul.s	f28,f31,f16	 f31:0x00000000 f16:0x42081de4 f28=0x00000000
     367785.000 ns	     36777	80007e00	4143d593	srai	x11,x7,0x14	  x7:0x00000040 x11=0x00000000
     367805.000 ns	     36779	80007e04	288c0cd3	fmin.s	f25,f24,f8	 f24:0xec8818e9  f8:0x00000000 f25=0xec8818e9
     367855.000 ns	     36784	80007e08	08f02cd3	fsub.s	f25,f0,f15	  f0:0x4490c000 f15:0x00000000 f25=0x4490c000
     367885.000 ns	     36787	80007e0c	e00814d3	fclass.s	x9,f16	 f16:0x42081de4  x9=0x00000040
     367905.000 ns	     36789	80007e10	01c9e133	or	x2,x19,x28	 x19:0x87747fe4 x28:0x80041024  x2=0x87747fe4
     367915.000 ns	     36790	80007e14	00000013	addi	x0,x0,0	  x0:0x00000000
     367935.000 ns	     36792	80007e18	023a3233	mulhu	x4,x20,x3	 x20:0x00000400  x3:0x00000002  x4=0x00000000
     367965.000 ns	     36795	80007e1c	a00387d3	fle.s	x15,f7,f0	  f7:0x4f71936f  f0:0x4490c000 x15=0x00000000
     367995.000 ns	     36798	80007e20	29b701d3	fmin.s	f3,f14,f27	 f14:0x7fc00000 f27:0x7fc00000  f3=0x7fc00000
     368015.000 ns	     36800	80007e24	4064d113	srai	x2,x9,0x6	  x9:0x00000040  x2=0x00000001
     368055.000 ns	     36804	80007e28	085f0d53	fsub.s	f26,f30,f5	 f30:0x42081de4  f5:0x7fc00000 f26=0x7fc00000
     368075.000 ns	     36806	80007e2c	a7e35897	auipc	x17,0xa7e35	 x17=0x27e3ce2c
     368105.000 ns	     36809	80007e30	1895f553	fdiv.s	f10,f11,f9	 f11:0x7f800000  f9:0x4490c000 f10=0x7f800000
     368125.000 ns	     36811	80007e34	2f936413	ori	x8,x6,761	  x6:0x00000040  x8=0x000002f9
     368135.000 ns	     36812	80007e38	00cf0633	add	x12,x30,x12	 x30:0x87747000 x12:0x00000000 x12=0x87747000
     368145.000 ns	     36813	80007e3c	6ba90637	lui	x12,0x6ba90	 x12=0x6ba90000
     368155.000 ns	     36814	80007e40	f27b1397	auipc	x7,0xf27b1	  x7=0x727b8e40
     368195.000 ns	     36818	80007e44	01563353	fadd.s	f6,f12,f21	 f12:0xb7e6c900 f21:0xf1936e1b  f6=0xf1936e1b
     368215.000 ns	     36820	80007e48	4088d2b3	sra	x5,x17,x8	 x17:0x27e3ce2c  x8:0x000002f9  x5=0x00000013
     368235.000 ns	     36822	80007e4c	03388933	mul	x18,x17,x19	 x17:0x27e3ce2c x19:0x87747fe4 x18=0x2a1b7330
     368255.000 ns	     36824	80007e50	01261933	sll	x18,x12,x18	 x12:0x6ba90000 x18:0x00000000 x18=0x00000000
     368265.000 ns	     36825	80007e54	40ce2d13	slti	x26,x28,1036	 x28:0x80041024 x26=0x00000001
     368625.000 ns	     36861	80007e58	03e6ccb3	div	x25,x13,x30	 x13:0xffffffff x30:0x87747000 x25=0x00000000
     368645.000 ns	     36863	80007e5c	e2327813	andi	x16,x4,-477	  x4:0x00000000 x16=0x00000000
     368655.000 ns	     36864	80007e60	59d3b5b7	lui	x11,0x59d3b	 x11=0x59d3b000
     368665.000 ns	     36865	80007e64	00000013	addi	x0,x0,0	  x0:0x00000000
     368675.000 ns	     36866	80007e68	b36ff093	andi	x1,x31,-1226	 x31:0x00000001  x1=0x00000000
     368685.000 ns	     36867	80007e6c	5cecffb7	lui	x31,0x5cecf	 x31=0x5cecf000
     368715.000 ns	     36870	80007e70	19b9fd53	fdiv.s	f26,f19,f27	 f19:0x80000000 f27:0x7fc00000 f26=0x7fc00000
     368745.000 ns	     36873	80007e74	02f62833	mulhsu	x16,x12,x15	 x12:0x6ba90000 x15:0x00000000 x16=0x00000000
     368765.000 ns	     36875	80007e78	20b59b37	lui	x22,0x20b59	 x22=0x20b59000
     368775.000 ns	     36876	80007e7c	1cd0b513	sltiu	x10,x1,461	  x1:0x00000000 x10=0x00000001
     368795.000 ns	     36878	80007e80	02052033	mulhsu	x0,x10,x0	 x10:0x00041024  x0:0x00000000
     368825.000 ns	     36881	80007e84	a1a60f53	fle.s	x30,f12,f26	 f12:0xb7e6c900 f26:0x7fc00000 x30=0x00000000
     369195.000 ns	     36918	80007e88	0339dfb3	divu	x31,x19,x19	 x19:0x87747fe4 x19:0x87747fe4 x31=0x00000001
     369225.000 ns	     36921	80007e8c	023122b3	mulhsu	x5,x2,x3	  x2:0x00000001  x3:0x00000002  x5=0x00000000
     369245.000 ns	     36923	80007e90	40255fb3	sra	x31,x10,x2	 x10:0x00000001  x2:0x00000001 x31=0x00000000
     369265.000 ns	     36925	80007e94	205489d3	fsgnj.s	f19,f9,f5	  f9:0x4490c000  f5:0x7fc00000 f19=0x4490c000
     369305.000 ns	     36929	80007e98	5800fed3	fsqrt.s	f29,f1	  f1:0xcf7fffff f29=0x7fc00000
     369345.000 ns	     36933	80007e9c	58024d53	fsqrt.s	f26,f4	  f4:0x00000000 f26=0x00000000
     369375.000 ns	     36936	80007ea0	28d519d3	fmax.s	f19,f10,f13	 f10:0x7f800000 f13:0x7fc00000 f19=0x7f800000
     369405.000 ns	     36939	80007ea4	02d22633	mulhsu	x12,x4,x13	  x4:0x00000000 x13:0xffffffff x12=0x00000000
     369435.000 ns	     36942	80007ea8	c01f3553	fcvt.wu.s	x10,f30	 f30:0x42081de4 x10=0x00000023
     369465.000 ns	     36945	80007eac	e0009c53	fclass.s	x24,f1	  f1:0xcf7fffff x24=0x00000002
     369485.000 ns	     36947	80007eb0	018dbab3	sltu	x21,x27,x24	 x27:0xf1936e1b x24:0xf696e000 x21=0x00000000
     369495.000 ns	     36948	80007eb4	00a1c433	xor	x8,x3,x10	  x3:0x00000002 x10:0x00000023  x8=0x00000021
     369515.000 ns	     36950	80007eb8	20499753	fsgnjn.s	f14,f19,f4	 f19:0x7f800000  f4:0x00000000 f14=0xff800000
     369545.000 ns	     36953	80007ebc	282296d3	fmax.s	f13,f5,f2	  f5:0x7fc00000  f2:0xc2081e6e f13=0xc2081e6e
     369565.000 ns	     36955	80007ec0	40c252b3	sra	x5,x4,x12	  x4:0x00000000 x12:0x00000000  x5=0x00000000
     369575.000 ns	     36956	80007ec4	0163aa33	slt	x20,x7,x22	  x7:0x727b8e40 x22:0x20b59000 x20=0x00000000
     369595.000 ns	     36958	80007ec8	a1c490d3	flt.s	x1,f9,f28	  f9:0x4490c000 f28:0x00000000  x1=0x00000000
     369615.000 ns	     36960	80007ecc	97a42513	slti	x10,x8,-1670	  x8:0x00000021 x10=0x00000000
     369635.000 ns	     36962	80007ed0	d01832d3	fcvt.s.wu	f5,x16	 x16:0x00000000  f5=0x00000000
     369655.000 ns	     36964	80007ed4	de9f8593	addi	x11,x31,-535	 x31:0x00000000 x11=0xfffffde9
     369675.000 ns	     36966	80007ed8	a15bad53	feq.s	x26,f23,f21	 f23:0x4f7fffff f21:0xf1936e1b x26=0x00000000
     369725.000 ns	     36971	80007edc	0940ad53	fsub.s	f26,f1,f20	  f1:0xcf7fffff f20:0xc2081e6e f26=0xcf7fffff
     369755.000 ns	     36974	80007ee0	e00a89d3	fmv.x.w	x19,f21	 f21:0xf1936e1b x19=0xf1936e1b
     369775.000 ns	     36976	80007ee4	211ac013	xori	x0,x21,529	 x21:0x00000000
     369795.000 ns	     36978	80007ee8	03b53ab3	mulhu	x21,x10,x27	 x10:0x00000000 x27:0xf1936e1b x21=0x00000000
     369825.000 ns	     36981	80007eec	0380b933	mulhu	x18,x1,x24	  x1:0x00000000 x24:0x00000002 x18=0x00000000
     369855.000 ns	     36984	80007ef0	a10f8553	fle.s	x10,f31,f16	 f31:0x00000000 f16:0x42081de4 x10=0x00000001
     369875.000 ns	     36986	80007ef4	5d553113	sltiu	x2,x10,1493	 x10:0x00000000  x2=0x00000001
     369895.000 ns	     36988	80007ef8	f00504d3	fmv.w.x	f9,x10	 x10:0x00000001  f9=0x00000001
     369915.000 ns	     36990	80007efc	409487b3	sub	x15,x9,x9	  x9:0x00000040  x9:0x00000040 x15=0x00000000
     369935.000 ns	     36992	80007f00	f0028353	fmv.w.x	f6,x5	  x5:0x00000000  f6=0x00000000
     369955.000 ns	     36994	80007f04	00000013	addi	x0,x0,0	  x0:0x00000000
     369975.000 ns	     36996	80007f08	d009c853	fcvt.s.w	f16,x19	 x19:0xf1936e1b f16=0xcd66c91e
     370025.000 ns	     37001	80007f0c	09037ad3	fsub.s	f21,f6,f16	  f6:0x00000000 f16:0x42081de4 f21=0x4d66c91e
     370055.000 ns	     37004	80007f10	28518853	fmin.s	f16,f3,f5	  f3:0x7fc00000  f5:0x00000000 f16=0x00000000
     370425.000 ns	     37041	80007f14	03c8d133	divu	x2,x17,x28	 x17:0x27e3ce2c x28:0x80041024  x2=0x00000000
     370445.000 ns	     37043	80007f18	00501633	sll	x12,x0,x5	  x0:0x00000000  x5:0x00000000 x12=0x00000000
     370485.000 ns	     37047	80007f1c	01737b53	fadd.s	f22,f6,f23	  f6:0x00000000 f23:0x4f7fffff f22=0x4f7fffff
     370515.000 ns	     37050	80007f20	02020533	mul	x10,x4,x0	  x4:0x00000000  x0:0x00000000 x10=0x00000000
     370535.000 ns	     37052	80007f24	00000013	addi	x0,x0,0	  x0:0x00000000
     370545.000 ns	     37053	80007f28	20f82893	slti	x17,x16,527	 x16:0x00000000 x17=0x00000001
     370565.000 ns	     37055	80007f2c	2004a7d3	fsgnjx.s	f15,f9,f0	  f9:0x00000001  f0:0x4490c000 f15=0x00000001
     370595.000 ns	     37058	80007f30	021d5133	divu	x2,x26,x1	 x26:0x00000000  x1:0x00000000  x2=0xffffffff
     370615.000 ns	     37060	80007f34	001483b3	add	x7,x9,x1	  x9:0x00000040  x1:0x00000000  x7=0x00000040
     370655.000 ns	     37064	80007f38	08cbf6d3	fsub.s	f13,f23,f12	 f23:0x4f7fffff f12:0xb7e6c900 f13=0x4f7fffff
     370675.000 ns	     37066	80007f3c	005900b3	add	x1,x18,x5	 x18:0x00000000  x5:0x00000000  x1=0x00000000
     370695.000 ns	     37068	80007f40	e0070a53	fmv.x.w	x20,f14	 f14:0xff800000 x20=0xff800000
     370725.000 ns	     37071	80007f44	20048653	fsgnj.s	f12,f9,f0	  f9:0x00000001  f0:0x4490c000 f12=0x00000001
     370745.000 ns	     37073	80007f48	0182d833	srl	x16,x5,x24	  x5:0x00000000 x24:0x00000002 x16=0x00000000
     370755.000 ns	     37074	80007f4c	00000013	addi	x0,x0,0	  x0:0x00000000
     370765.000 ns	     37075	80007f50	00f15cb3	srl	x25,x2,x15	  x2:0xffffffff x15:0x00000000 x25=0xffffffff
     370775.000 ns	     37076	80007f54	00000013	addi	x0,x0,0	  x0:0x00000000
     370795.000 ns	     37078	80007f58	028a3d33	mulhu	x26,x20,x8	 x20:0xff800000  x8:0x00000021 x26=0x00000020
     370825.000 ns	     37081	80007f5c	d0199653	fcvt.s.wu	f12,x19	 x19:0xf1936e1b f12=0x4f71936e
     370845.000 ns	     37083	80007f60	005e5593	srli	x11,x28,0x5	 x28:0x80041024 x11=0x04002081
     371205.000 ns	     37119	80007f64	03cfcab3	div	x21,x31,x28	 x31:0x00000000 x28:0x80041024 x21=0x00000000
     371235.000 ns	     37122	80007f68	28f715d3	fmax.s	f11,f14,f15	 f14:0xff800000 f15:0x00000001 f11=0x00000001
     371255.000 ns	     37124	80007f6c	01e42d33	slt	x26,x8,x30	  x8:0x00000021 x30:0x00000000 x26=0x00000000
     371265.000 ns	     37125	80007f70	40d8d3b3	sra	x7,x17,x13	 x17:0x00000001 x13:0xffffffff  x7=0x00000000
     371275.000 ns	     37126	80007f74	01f5cab3	xor	x21,x11,x31	 x11:0x04002081 x31:0x00000000 x21=0x04002081
     371285.000 ns	     37127	80007f78	01967a33	and	x20,x12,x25	 x12:0x00000000 x25:0xffffffff x20=0x00000000
     371615.000 ns	     37160	80007f7c	18797dd3	fdiv.s	f27,f18,f7	 f18:0xcf7fffff  f7:0x4f71936f f27=0xbf800000
     371655.000 ns	     37164	80007f80	1846b3d3	fdiv.s	f7,f13,f4	 f13:0x4f7fffff  f4:0x00000000  f7=0x7f800000
     371685.000 ns	     37167	80007f84	2117a853	fsgnjx.s	f16,f15,f17	 f15:0x00000001 f17:0x80000000 f16=0x80000001
     371715.000 ns	     37170	80007f88	0394a233	mulhsu	x4,x9,x25	  x9:0x00000040 x25:0xffffffff  x4=0x0000003f
     371765.000 ns	     37175	80007f8c	095a74d3	fsub.s	f9,f20,f21	 f20:0xc2081e6e f21:0x4d66c91e  f9=0xcd66c920
     371795.000 ns	     37178	80007f90	288603d3	fmin.s	f7,f12,f8	 f12:0x4f71936e  f8:0x00000000  f7=0x00000000
     371815.000 ns	     37180	80007f94	01d27333	and	x6,x4,x29	  x4:0x0000003f x29:0xffffffff  x6=0x0000003f
     371835.000 ns	     37182	80007f98	021de233	rem	x4,x27,x1	 x27:0xf1936e1b  x1:0x00000000  x4=0xf1936e1b
     371885.000 ns	     37187	80007f9c	096cf2d3	fsub.s	f5,f25,f22	 f25:0x4490c000 f22:0x4f7fffff  f5=0xcf7ffffa
     371905.000 ns	     37189	80007fa0	01c22633	slt	x12,x4,x28	  x4:0xf1936e1b x28:0x80041024 x12=0x00000000
     371925.000 ns	     37191	80007fa4	a0f39ad3	flt.s	x21,f7,f15	  f7:0x00000000 f15:0x00000001 x21=0x00000001
     371945.000 ns	     37193	80007fa8	01335913	srli	x18,x6,0x13	  x6:0x0000003f x18=0x00000000
     371955.000 ns	     37194	80007fac	8fd12313	slti	x6,x2,-1795	  x2:0xffffffff  x6=0x00000000
     371965.000 ns	     37195	80007fb0	009bc6b3	xor	x13,x23,x9	 x23:0x80040fe4  x9:0x00000040 x13=0x80040fa4
     371985.000 ns	     37197	80007fb4	d01f7453	fcvt.s.wu	f8,x30	 x30:0x00000000  f8=0x00000000
     372005.000 ns	     37199	80007fb8	0004d893	srli	x17,x9,0x0	  x9:0x00000040 x17=0x00000040
     372015.000 ns	     37200	80007fbc	4abb3d13	sltiu	x26,x22,1195	 x22:0x20b59000 x26=0x00000000
     372035.000 ns	     37202	80007fc0	a1db8753	fle.s	x14,f23,f29	 f23:0x4f7fffff f29:0x7fc00000 x14=0x00000000
     372065.000 ns	     37205	80007fc4	c0194653	fcvt.wu.s	x12,f18	 f18:0xcf7fffff x12=0xffffff00
     372095.000 ns	     37208	80007fc8	02d603b3	mul	x7,x12,x13	 x12:0x00000000 x13:0x80040fa4  x7=0xfbf05c00
     372115.000 ns	     37210	80007fcc	401d5c13	srai	x24,x26,0x1	 x26:0x00000000 x24=0x00000000
     372125.000 ns	     37211	80007fd0	0f5c4793	xori	x15,x24,245	 x24:0x00000002 x15=0x000000f5
     372145.000 ns	     37213	80007fd4	03388033	mul	x0,x17,x19	 x17:0x00000040 x19:0xf1936e1b
     372165.000 ns	     37215	80007fd8	01c7c1b3	xor	x3,x15,x28	 x15:0x00000000 x28:0x80041024  x3=0x800410d1
     372185.000 ns	     37217	80007fdc	023b03b3	mul	x7,x22,x3	 x22:0x20b59000  x3:0x00000002  x7=0x4d3a9000
     372205.000 ns	     37219	80007fe0	01b78033	add	x0,x15,x27	 x15:0x000000f5 x27:0xf1936e1b
     372225.000 ns	     37221	80007fe4	e0081353	fclass.s	x6,f16	 f16:0x80000001  x6=0x00000004
     372255.000 ns	     37224	80007fe8	e0070ed3	fmv.x.w	x29,f14	 f14:0xff800000 x29=0xff800000
     372285.000 ns	     37227	80007fec	e00f1ed3	fclass.s	x29,f30	 f30:0x42081de4 x29=0x00000040
     372315.000 ns	     37230	80007ff0	02a747b3	div	x15,x14,x10	 x14:0x00000000 x10:0x00000000 x15=0xffffffff
     372335.000 ns	     37232	80007ff4	00f569b3	or	x19,x10,x15	 x10:0x00000000 x15:0x000000f5 x19=0xffffffff
     372345.000 ns	     37233	80007ff8	a5105037	lui	x0,0xa5105	
     372365.000 ns	     37235	80007ffc	a0d71453	flt.s	x8,f14,f13	 f14:0xff800000 f13:0x4f7fffff  x8=0x00000001
     372395.000 ns	     37238	80008000	28c31953	fmax.s	f18,f6,f12	  f6:0x00000000 f12:0x4f71936e f18=0x4f71936e
     372415.000 ns	     37240	80008004	017b94b3	sll	x9,x23,x23	 x23:0x80040fe4 x23:0x80040fe4  x9=0x0040fe40
     372435.000 ns	     37242	80008008	a1079fd3	flt.s	x31,f15,f16	 f15:0x00000001 f16:0x80000001 x31=0x00000000
     372465.000 ns	     37245	8000800c	e00c10d3	fclass.s	x1,f24	 f24:0xec8818e9  x1=0x00000002
     372495.000 ns	     37248	80008010	f00c81d3	fmv.w.x	f3,x25	 x25:0xffffffff  f3=0xffffffff
     372525.000 ns	     37251	80008014	e0090c53	fmv.x.w	x24,f18	 f18:0x4f71936e x24=0x4f71936e
     372545.000 ns	     37253	80008018	40deda33	sra	x20,x29,x13	 x29:0x00000040 x13:0x80040fa4 x20=0x00000004
     372555.000 ns	     37254	8000801c	40755a13	srai	x20,x10,0x7	 x10:0x00000000 x20=0x00000000
     372575.000 ns	     37256	80008020	d00ffcd3	fcvt.s.w	f25,x31	 x31:0x00000000 f25=0x00000000
     372605.000 ns	     37259	80008024	e0078153	fmv.x.w	x2,f15	 f15:0x00000001  x2=0x00000001
     372625.000 ns	     37261	80008028	d6d5b093	sltiu	x1,x11,-659	 x11:0x04002081  x1=0x00000001
     372665.000 ns	     37265	8000802c	092349d3	fsub.s	f19,f6,f18	  f6:0x00000000 f18:0x4f71936e f19=0xcf71936e
     372695.000 ns	     37268	80008030	c00695d3	fcvt.w.s	x11,f13	 f13:0x4f7fffff x11=0x7fffffff
     373875.000 ns	     37386	80008034	5805f353	fsqrt.s	f6,f11	 f11:0x00000001  f6=0x1f350483
     373905.000 ns	     37389	80008038	a0039ed3	flt.s	x29,f7,f0	  f7:0x00000000  f0:0x4490c000 x29=0x00000001
     373925.000 ns	     37391	8000803c	00d2a7b3	slt	x15,x5,x13	  x5:0x00000000 x13:0x80040fa4 x15=0x00000000
     373955.000 ns	     37394	80008040	106003d3	fmul.s	f7,f0,f6	  f0:0x4490c000  f6:0x1f350483  f7=0x244cb49a
     373975.000 ns	     37396	80008044	41b6d0b3	sra	x1,x13,x27	 x13:0x80040fa4 x27:0xf1936e1b  x1=0xfffffff0
     374015.000 ns	     37400	80008048	0090f953	fadd.s	f18,f1,f9	  f1:0xcf7fffff  f9:0xcd66c920 f18=0xcf873648
     374035.000 ns	     37402	8000804c	00744933	xor	x18,x8,x7	  x8:0x00000001  x7:0x4d3a9000 x18=0x4d3a9001
     374055.000 ns	     37404	80008050	f00009d3	fmv.w.x	f19,x0	  x0:0x00000000 f19=0x00000000
     374425.000 ns	     37441	80008054	0354fcb3	remu	x25,x9,x21	  x9:0x0040fe40 x21:0x00000001 x25=0x00000000
     374445.000 ns	     37443	80008058	011e7ab3	and	x21,x28,x17	 x28:0x80041024 x17:0x00000040 x21=0x00000000
     374465.000 ns	     37445	8000805c	03679a33	mulh	x20,x15,x22	 x15:0x00000000 x22:0x20b59000 x20=0x00000000
     374505.000 ns	     37449	80008060	1912ab53	fdiv.s	f22,f5,f17	  f5:0xcf7ffffa f17:0x80000000 f22=0x7f800000
     374535.000 ns	     37452	80008064	28fa9d53	fmax.s	f26,f21,f15	 f21:0x4d66c91e f15:0x00000001 f26=0x4d66c91e
     374905.000 ns	     37489	80008068	0328f033	remu	x0,x17,x18	 x17:0x00000040 x18:0x4d3a9001
     374925.000 ns	     37491	8000806c	01fecd33	xor	x26,x29,x31	 x29:0x00000001 x31:0x00000000 x26=0x00000001
     374935.000 ns	     37492	80008070	82b4c617	auipc	x12,0x82b4c	 x12=0x02b54070
     374945.000 ns	     37493	80008074	00175f33	srl	x30,x14,x1	 x14:0x00000000  x1:0xfffffff0 x30=0x00000000
     374955.000 ns	     37494	80008078	0065e6b3	or	x13,x11,x6	 x11:0x7fffffff  x6:0x00000004 x13=0x7fffffff
     375315.000 ns	     37530	8000807c	021ae533	rem	x10,x21,x1	 x21:0x00000000  x1:0xfffffff0 x10=0x00000000
     375345.000 ns	     37533	80008080	28be9653	fmax.s	f12,f29,f11	 f29:0x7fc00000 f11:0x00000001 f12=0x00000001
     375395.000 ns	     37538	80008084	00be9553	fadd.s	f10,f29,f11	 f29:0x7fc00000 f11:0x00000001 f10=0x7fc00000
     375415.000 ns	     37540	80008088	1adf0d13	addi	x26,x30,429	 x30:0x00000000 x26=0x000001ad
     375435.000 ns	     37542	8000808c	f00f0953	fmv.w.x	f18,x30	 x30:0x00000000 f18=0x00000000
     375455.000 ns	     37544	80008090	1aed4293	xori	x5,x26,430	 x26:0x00000001  x5=0x00000003
     375465.000 ns	     37545	80008094	01b11433	sll	x8,x2,x27	  x2:0x00000001 x27:0xf1936e1b  x8=0x08000000
     375485.000 ns	     37547	80008098	02aaba33	mulhu	x20,x21,x10	 x21:0x00000000 x10:0x00000000 x20=0x00000000
     375505.000 ns	     37549	8000809c	408f5c13	srai	x24,x30,0x8	 x30:0x00000000 x24=0x00000000
     375525.000 ns	     37551	800080a0	e00a85d3	fmv.x.w	x11,f21	 f21:0x4d66c91e x11=0x4d66c91e
     375545.000 ns	     37553	800080a4	01525c93	srli	x25,x4,0x15	  x4:0xf1936e1b x25=0x0000078c
     375565.000 ns	     37555	800080a8	21349853	fsgnjn.s	f16,f9,f19	  f9:0xcd66c920 f19:0x00000000 f16=0xcd66c920
     375595.000 ns	     37558	800080ac	d007bb53	fcvt.s.w	f22,x15	 x15:0x00000000 f22=0x00000000
     375615.000 ns	     37560	800080b0	4a829837	lui	x16,0x4a829	 x16=0x4a829000
     375625.000 ns	     37561	800080b4	00000013	addi	x0,x0,0	  x0:0x00000000
     375635.000 ns	     37562	800080b8	01d06933	or	x18,x0,x29	  x0:0x00000000 x29:0x00000001 x18=0x00000001
     375665.000 ns	     37565	800080bc	1167a953	fmul.s	f18,f15,f22	 f15:0x00000001 f22:0x00000000 f18=0x00000000
     375685.000 ns	     37567	800080c0	00f82533	slt	x10,x16,x15	 x16:0x4a829000 x15:0x00000000 x10=0x00000000
     375705.000 ns	     37569	800080c4	20088b53	fsgnj.s	f22,f17,f0	 f17:0x80000000  f0:0x4490c000 f22=0x00000000
     375745.000 ns	     37573	800080c8	111b71d3	fmul.s	f3,f22,f17	 f22:0x00000000 f17:0x80000000  f3=0x80000000
     375775.000 ns	     37576	800080cc	a19813d3	flt.s	x7,f16,f25	 f16:0xcd66c920 f25:0x00000000  x7=0x00000001
     375795.000 ns	     37578	800080d0	409e01b3	sub	x3,x28,x9	 x28:0x80041024  x9:0x0040fe40  x3=0x7fc311e4
     375805.000 ns	     37579	800080d4	40bfd233	sra	x4,x31,x11	 x31:0x00000000 x11:0x4d66c91e  x4=0x00000000
     375815.000 ns	     37580	800080d8	a336eb13	ori	x22,x13,-1485	 x13:0x7fffffff x22=0xffffffff
     375835.000 ns	     37582	800080dc	f00c8b53	fmv.w.x	f22,x25	 x25:0x0000078c f22=0x0000078c
     375855.000 ns	     37584	800080e0	01e4f3b3	and	x7,x9,x30	  x9:0x0040fe40 x30:0x00000000  x7=0x00000000
     375875.000 ns	     37586	800080e4	d001f553	fcvt.s.w	f10,x3	  x3:0x7fc311e4 f10=0x4eff8623
     375905.000 ns	     37589	800080e8	20088fd3	fsgnj.s	f31,f17,f0	 f17:0x80000000  f0:0x4490c000 f31=0x00000000
     375925.000 ns	     37591	800080ec	00371133	sll	x2,x14,x3	 x14:0x00000000  x3:0x7fc311e4  x2=0x00000000
     375945.000 ns	     37593	800080f0	c00496d3	fcvt.w.s	x13,f9	  f9:0xcd66c920 x13=0xf1936e00
     375995.000 ns	     37598	800080f4	09aea853	fsub.s	f16,f29,f26	 f29:0x7fc00000 f26:0x4d66c91e f16=0x7fc00000
     376035.000 ns	     37602	800080f8	58043f53	fsqrt.s	f30,f8	  f8:0x00000000 f30=0x00000000
     376055.000 ns	     37604	800080fc	772cd917	auipc	x18,0x772cd	 x18=0xf72d50fc
     376415.000 ns	     37640	80008100	02cc4f33	div	x30,x24,x12	 x24:0x00000000 x12:0x02b54070 x30=0x00000000
     376435.000 ns	     37642	80008104	013d5593	srli	x11,x26,0x13	 x26:0x000001ad x11=0x00000000
     376455.000 ns	     37644	80008108	0248a033	mulhsu	x0,x17,x4	 x17:0x00000040  x4:0x00000000
     376485.000 ns	     37647	8000810c	d018cad3	fcvt.s.wu	f21,x17	 x17:0x00000040 f21=0x42800000
     376515.000 ns	     37650	80008110	c00416d3	fcvt.w.s	x13,f8	  f8:0x00000000 x13=0x00000000
     376535.000 ns	     37652	80008114	00dd1713	slli	x14,x26,0xd	 x26:0x000001ad x14=0x0035a000
     376545.000 ns	     37653	80008118	01fe9393	slli	x7,x29,0x1f	 x29:0x00000001  x7=0x80000000
     376565.000 ns	     37655	8000811c	d01d7253	fcvt.s.wu	f4,x26	 x26:0x000001ad  f4=0x43d68000
     376595.000 ns	     37658	80008120	208482d3	fsgnj.s	f5,f9,f8	  f9:0xcd66c920  f8:0x00000000  f5=0x4d66c920
     376615.000 ns	     37660	80008124	cc9f4513	xori	x10,x30,-823	 x30:0x00000000 x10=0xfffffcc9
     376635.000 ns	     37662	80008128	e00e9b53	fclass.s	x22,f29	 f29:0x7fc00000 x22=0x00000200
     376655.000 ns	     37664	8000812c	0107ed33	or	x26,x15,x16	 x15:0x00000000 x16:0x4a829000 x26=0x4a829000
     376675.000 ns	     37666	80008130	a09806d3	fle.s	x13,f16,f9	 f16:0x7fc00000  f9:0xcd66c920 x13=0x00000000
     376705.000 ns	     37669	80008134	e0001d53	fclass.s	x26,f0	  f0:0x4490c000 x26=0x00000040
     376735.000 ns	     37672	80008138	29fb9853	fmax.s	f16,f23,f31	 f23:0x4f7fffff f31:0x00000000 f16=0x4f7fffff
     376765.000 ns	     37675	8000813c	03d598b3	mulh	x17,x11,x29	 x11:0x00000000 x29:0x00000001 x17=0x00000000
     376795.000 ns	     37678	80008140	c00d2153	fcvt.w.s	x2,f26	 f26:0x4d66c91e  x2=0x0e6c91e0
     376825.000 ns	     37681	80008144	027d9233	mulh	x4,x27,x7	 x27:0xf1936e1b  x7:0x80000000  x4=0x073648f2
     376855.000 ns	     37684	80008148	c00f9753	fcvt.w.s	x14,f31	 f31:0x00000000 x14=0x00000000
     376885.000 ns	     37687	8000814c	d00d4e53	fcvt.s.w	f28,x26	 x26:0x00000040 f28=0x42800000
     376915.000 ns	     37690	80008150	280f15d3	fmax.s	f11,f30,f0	 f30:0x00000000  f0:0x4490c000 f11=0x4490c000
     376945.000 ns	     37693	80008154	20a7aed3	fsgnjx.s	f29,f15,f10	 f15:0x00000001 f10:0x4eff8623 f29=0x00000001
     376975.000 ns	     37696	80008158	28611653	fmax.s	f12,f2,f6	  f2:0xc2081e6e  f6:0x1f350483 f12=0x1f350483
     377005.000 ns	     37699	8000815c	03524133	div	x2,x4,x21	  x4:0x073648f2 x21:0x00000000  x2=0xffffffff
     377035.000 ns	     37702	80008160	03c62a33	mulhsu	x20,x12,x28	 x12:0x02b54070 x28:0x80041024 x20=0x015aab38
     377065.000 ns	     37705	80008164	02fe29b3	mulhsu	x19,x28,x15	 x28:0x80041024 x15:0x00000000 x19=0x00000000
     377095.000 ns	     37708	80008168	a0848a53	fle.s	x20,f9,f8	  f9:0xcd66c920  f8:0x00000000 x20=0x00000001
     377125.000 ns	     37711	8000816c	a1292653	feq.s	x12,f18,f18	 f18:0x00000000 f18:0x00000000 x12=0x00000001
     377155.000 ns	     37714	80008170	02bc4433	div	x8,x24,x11	 x24:0x00000000 x11:0x00000000  x8=0xffffffff
     377185.000 ns	     37717	80008174	e00001d3	fmv.x.w	x3,f0	  f0:0x4490c000  x3=0x4490c000
     377215.000 ns	     37720	80008178	f00a0cd3	fmv.w.x	f25,x20	 x20:0x00000001 f25=0x00000001
     377235.000 ns	     37722	8000817c	be298293	addi	x5,x19,-1054	 x19:0x00000000  x5=0xfffffbe2
     377245.000 ns	     37723	80008180	00000013	addi	x0,x0,0	  x0:0x00000000
     377265.000 ns	     37725	80008184	038338b3	mulhu	x17,x6,x24	  x6:0x00000004 x24:0x00000000 x17=0x00000000
     377315.000 ns	     37730	80008188	098cfc53	fsub.s	f24,f25,f24	 f25:0x00000001 f24:0xec8818e9 f24=0x6c8818e9
     377345.000 ns	     37733	8000818c	a153a4d3	feq.s	x9,f7,f21	  f7:0x244cb49a f21:0x42800000  x9=0x00000000
     377365.000 ns	     37735	80008190	53bd0b13	addi	x22,x26,1339	 x26:0x00000040 x22=0x0000057b
     377385.000 ns	     37737	80008194	039c83b3	mul	x7,x25,x25	 x25:0x0000078c x25:0x0000078c  x7=0x0038f490
     377755.000 ns	     37774	80008198	02286ab3	rem	x21,x16,x2	 x16:0x4a829000  x2:0xffffffff x21=0x00000000
     378935.000 ns	     37892	8000819c	580e7153	fsqrt.s	f2,f28	 f28:0x42800000  f2=0x40ffffae
     378955.000 ns	     37894	800081a0	4177df93	srai	x31,x15,0x17	 x15:0x00000000 x31=0x00000000
     378965.000 ns	     37895	800081a4	0038dc33	srl	x24,x17,x3	 x17:0x00000000  x3:0x4490c000 x24=0x00000000
     378995.000 ns	     37898	800081a8	580913d3	fsqrt.s	f7,f18	 f18:0x00000000  f7=0x00000000
     379015.000 ns	     37900	800081ac	00000013	addi	x0,x0,0	  x0:0x00000000
     379035.000 ns	     37902	800081b0	d01d7fd3	fcvt.s.wu	f31,x26	 x26:0x00000040 f31=0x42800000
     379055.000 ns	     37904	800081b4	00c617b3	sll	x15,x12,x12	 x12:0x00000001 x12:0x00000001 x15=0x00000002
     379065.000 ns	     37905	800081b8	40b4d113	srai	x2,x9,0xb	  x9:0x00000000  x2=0x00000000
     379075.000 ns	     37906	800081bc	402a83b3	sub	x7,x21,x2	 x21:0x00000000  x2:0xffffffff  x7=0x00000000
     379115.000 ns	     37910	800081c0	00fbfe53	fadd.s	f28,f23,f15	 f23:0x4f7fffff f15:0x00000001 f28=0x4f7fffff
     379145.000 ns	     37913	800081c4	c0187253	fcvt.wu.s	x4,f16	 f16:0x4f7fffff  x4=0xffffff00
     379165.000 ns	     37915	800081c8	3e37ea93	ori	x21,x15,995	 x15:0x00000002 x21=0x000003e3
     379185.000 ns	     37917	800081cc	29699653	fmax.s	f12,f19,f22	 f19:0x00000000 f22:0x0000078c f12=0x0000078c
     379215.000 ns	     37920	800081d0	c01502d3	fcvt.wu.s	x5,f10	 f10:0x4eff8623  x5=0x7fc31180
     379235.000 ns	     37922	800081d4	ebba0593	addi	x11,x20,-325	 x20:0x00000001 x11=0xfffffebc
     379255.000 ns	     37924	800081d8	c00074d3	fcvt.w.s	x9,f0	  f0:0x4490c000  x9=0x00000486
     379275.000 ns	     37926	800081dc	0035f4b3	and	x9,x11,x3	 x11:0x00000000  x3:0x4490c000  x9=0x4490c000
     379285.000 ns	     37927	800081e0	001f8633	add	x12,x31,x1	 x31:0x00000000  x1:0xfffffff0 x12=0xfffffff0
     379315.000 ns	     37930	800081e4	5804fed3	fsqrt.s	f29,f9	  f9:0xcd66c920 f29=0x7fc00000
     379335.000 ns	     37932	800081e8	017f26b3	slt	x13,x30,x23	 x30:0x00000000 x23:0x80040fe4 x13=0x00000000
     379345.000 ns	     37933	800081ec	bfd7f293	andi	x5,x15,-1027	 x15:0x00000002  x5=0x00000000
     379365.000 ns	     37935	800081f0	03f69eb3	mulh	x29,x13,x31	 x13:0x00000000 x31:0x00000000 x29=0x00000000
     379735.000 ns	     37972	800081f4	03ace433	rem	x8,x25,x26	 x25:0x0000078c x26:0x00000040  x8=0x0000000c
     379755.000 ns	     37974	800081f8	244088b7	lui	x17,0x24408	 x17=0x24408000
     379785.000 ns	     37977	800081fc	10597053	fmul.s	f0,f18,f5	 f18:0x00000000  f5:0x4d66c920  f0=0x00000000
     379805.000 ns	     37979	80008200	0032a633	slt	x12,x5,x3	  x5:0x00000000  x3:0x4490c000 x12=0x00000001
     379815.000 ns	     37980	80008204	c63a6693	ori	x13,x20,-925	 x20:0x00000001 x13=0xfffffc63
     379835.000 ns	     37982	80008208	f0000753	fmv.w.x	f14,x0	  x0:0x00000000 f14=0x00000000
     379865.000 ns	     37985	8000820c	20409553	fsgnjn.s	f10,f1,f4	  f1:0xcf7fffff  f4:0x43d68000 f10=0xcf7fffff
     379895.000 ns	     37988	80008210	a0769553	flt.s	x10,f13,f7	 f13:0x4f7fffff  f7:0x00000000 x10=0x00000000
     379915.000 ns	     37990	80008214	537f4313	xori	x6,x30,1335	 x30:0x00000000  x6=0x00000537
     379955.000 ns	     37994	80008218	0960f6d3	fsub.s	f13,f1,f22	  f1:0xcf7fffff f22:0x0000078c f13=0xcf7fffff
     379975.000 ns	     37996	8000821c	00bcea33	or	x20,x25,x11	 x25:0x0000078c x11:0xfffffebc x20=0xffffffbc
     379995.000 ns	     37998	80008220	032e2933	mulhsu	x18,x28,x18	 x28:0x80041024 x18:0xf72d50fc x18=0x846d43cc
     380015.000 ns	     38000	80008224	00165d33	srl	x26,x12,x1	 x12:0x00000001  x1:0xfffffff0 x26=0x00000000
     380375.000 ns	     38036	80008228	024b74b3	remu	x9,x22,x4	 x22:0x0000057b  x4:0xffffff00  x9=0x0000057b
     380405.000 ns	     38039	8000822c	a0f70753	fle.s	x14,f14,f15	 f14:0x00000000 f15:0x00000001 x14=0x00000001
     380425.000 ns	     38041	80008230	010e90b3	sll	x1,x29,x16	 x29:0x00000000 x16:0x4a829000  x1=0x00000000
     380435.000 ns	     38042	80008234	002a1433	sll	x8,x20,x2	 x20:0xffffffbc  x2:0x00000000  x8=0xffffffbc
     380445.000 ns	     38043	80008238	fab55697	auipc	x13,0xfab55	 x13=0x7ab5d238
     380465.000 ns	     38045	8000823c	e00c8453	fmv.x.w	x8,f25	 f25:0x00000001  x8=0x00000001
     380485.000 ns	     38047	80008240	00429c13	slli	x24,x5,0x4	  x5:0x00000000 x24=0x00000000
     380505.000 ns	     38049	80008244	21a08453	fsgnj.s	f8,f1,f26	  f1:0xcf7fffff f26:0x4d66c91e  f8=0x4f7fffff
     380525.000 ns	     38051	80008248	8c716793	ori	x15,x2,-1849	  x2:0x00000000 x15=0xfffff8c7
     380545.000 ns	     38053	8000824c	28d28cd3	fmin.s	f25,f5,f13	  f5:0x4d66c920 f13:0xcf7fffff f25=0xcf7fffff
     380575.000 ns	     38056	80008250	e0009553	fclass.s	x10,f1	  f1:0xcf7fffff x10=0x00000002
     380595.000 ns	     38058	80008254	0616b313	sltiu	x6,x13,97	 x13:0x7ab5d238  x6=0x00000000
     380605.000 ns	     38059	80008258	008c1e93	slli	x29,x24,0x8	 x24:0x00000000 x29=0x00000000
     380615.000 ns	     38060	8000825c	3974e793	ori	x15,x9,919	  x9:0x0000057b x15=0x000007ff
     380625.000 ns	     38061	80008260	441ae713	ori	x14,x21,1089	 x21:0x000003e3 x14=0x000007e3
     380635.000 ns	     38062	80008264	627ee317	auipc	x6,0x627ee	  x6=0xe27f6264
     380655.000 ns	     38064	80008268	28e01d53	fmax.s	f26,f0,f14	  f0:0x00000000 f14:0x00000000 f26=0x00000000
     380685.000 ns	     38067	8000826c	02873333	mulhu	x6,x14,x8	 x14:0x000007e3  x8:0x00000001  x6=0x00000000
     380715.000 ns	     38070	80008270	d008b2d3	fcvt.s.w	f5,x17	 x17:0x24408000  f5=0x4e110200
     380745.000 ns	     38073	80008274	a05ba5d3	feq.s	x11,f23,f5	 f23:0x4f7fffff  f5:0x4d66c920 x11=0x00000000
     380765.000 ns	     38075	80008278	61428eb7	lui	x29,0x61428	 x29=0x61428000
     380805.000 ns	     38079	8000827c	01a87653	fadd.s	f12,f16,f26	 f16:0x4f7fffff f26:0x00000000 f12=0x4f7fffff
     380825.000 ns	     38081	80008280	01f9c1b3	xor	x3,x19,x31	 x19:0x00000000 x31:0x00000000  x3=0x00000000
     380845.000 ns	     38083	80008284	02bb4ab3	div	x21,x22,x11	 x22:0x0000057b x11:0x00000000 x21=0xffffffff
     380865.000 ns	     38085	80008288	40a8d0b3	sra	x1,x17,x10	 x17:0x24408000 x10:0x00000002  x1=0x09102000
     380885.000 ns	     38087	8000828c	296b1653	fmax.s	f12,f22,f22	 f22:0x0000078c f22:0x0000078c f12=0x0000078c
     380915.000 ns	     38090	80008290	a1310cd3	fle.s	x25,f2,f19	  f2:0x40ffffae f19:0x00000000 x25=0x00000000
     380935.000 ns	     38092	80008294	3ccf84b7	lui	x9,0x3ccf8	  x9=0x3ccf8000
     380955.000 ns	     38094	80008298	e00e98d3	fclass.s	x17,f29	 f29:0x7fc00000 x17=0x00000200
     380975.000 ns	     38096	8000829c	8ca02193	slti	x3,x0,-1846	  x0:0x00000000  x3=0x00000000
     380995.000 ns	     38098	800082a0	a15f97d3	flt.s	x15,f31,f21	 f31:0x42800000 f21:0x42800000 x15=0x00000000
     381015.000 ns	     38100	800082a4	417a0a33	sub	x20,x20,x23	 x20:0xffffffbc x23:0x80040fe4 x20=0x7ffbefd8
     381025.000 ns	     38101	800082a8	00d1fd33	and	x26,x3,x13	  x3:0x00000000 x13:0x7ab5d238 x26=0x00000000
     381045.000 ns	     38103	800082ac	e00785d3	fmv.x.w	x11,f15	 f15:0x00000001 x11=0x00000001
     381075.000 ns	     38106	800082b0	d01ba753	fcvt.s.wu	f14,x23	 x23:0x80040fe4 f14=0x4f000410
     381095.000 ns	     38108	800082b4	403d5493	srai	x9,x26,0x3	 x26:0x00000000  x9=0x00000000
     381105.000 ns	     38109	800082b8	0057f4b3	and	x9,x15,x5	 x15:0x00000000  x5:0x00000000  x9=0x00000000
     381125.000 ns	     38111	800082bc	a130a053	feq.s	x0,f1,f19	  f1:0xcf7fffff f19:0x00000000
     381145.000 ns	     38113	800082c0	cc2a4537	lui	x10,0xcc2a4	 x10=0xcc2a4000
     381155.000 ns	     38114	800082c4	00000013	addi	x0,x0,0	  x0:0x00000000
     381165.000 ns	     38115	800082c8	00419f33	sll	x30,x3,x4	  x3:0x00000000  x4:0xffffff00 x30=0x00000000
     381175.000 ns	     38116	800082cc	014ae633	or	x12,x21,x20	 x21:0xffffffff x20:0x7ffbefd8 x12=0xffffffff
     382345.000 ns	     38233	800082d0	580c3ed3	fsqrt.s	f29,f24	 f24:0x6c8818e9 f29=0x5603fc5d
     382365.000 ns	     38235	800082d4	01c11b13	slli	x22,x2,0x1c	  x2:0x00000000 x22=0x00000000
     382375.000 ns	     38236	800082d8	0451c0b7	lui	x1,0x451c	  x1=0x0451c000
     382395.000 ns	     38238	800082dc	d00127d3	fcvt.s.w	f15,x2	  x2:0x00000000 f15=0x00000000
     382735.000 ns	     38272	800082e0	19caf3d3	fdiv.s	f7,f21,f28	 f21:0x42800000 f28:0x4f7fffff  f7=0x32800000
     382755.000 ns	     38274	800082e4	bb87c513	xori	x10,x15,-1096	 x15:0x00000000 x10=0xfffffbb8
     382765.000 ns	     38275	800082e8	01781493	slli	x9,x16,0x17	 x16:0x4a829000  x9=0x00000000
     382775.000 ns	     38276	800082ec	93a72993	slti	x19,x14,-1734	 x14:0x000007e3 x19=0x00000000
     382785.000 ns	     38277	800082f0	009b02b3	add	x5,x22,x9	 x22:0x00000000  x9:0x00000000  x5=0x00000000
     382825.000 ns	     38281	800082f4	00c8cfd3	fadd.s	f31,f17,f12	 f17:0x80000000 f12:0x0000078c f31=0x0000078c
     382845.000 ns	     38283	800082f8	01df3233	sltu	x4,x30,x29	 x30:0x00000000 x29:0x61428000  x4=0x00000001
     382855.000 ns	     38284	800082fc	b1aa0713	addi	x14,x20,-1254	 x20:0x7ffbefd8 x14=0x7ffbeaf2
     382865.000 ns	     38285	80008300	404e0833	sub	x16,x28,x4	 x28:0x80041024  x4:0xffffff00 x16=0x80041023
     382875.000 ns	     38286	80008304	012898b3	sll	x17,x17,x18	 x17:0x00000200 x18:0x846d43cc x17=0x00200000
     382885.000 ns	     38287	80008308	4078dd13	srai	x26,x17,0x7	 x17:0x00000200 x26=0x00004000
     382905.000 ns	     38289	8000830c	0342b8b3	mulhu	x17,x5,x20	  x5:0x00000000 x20:0x7ffbefd8 x17=0x00000000
     382925.000 ns	     38291	80008310	1a36a393	slti	x7,x13,419	 x13:0x7ab5d238  x7=0x00000000
     382945.000 ns	     38293	80008314	d01345d3	fcvt.s.wu	f11,x6	  x6:0x00000000 f11=0x00000000
     382975.000 ns	     38296	80008318	d00daa53	fcvt.s.w	f20,x27	 x27:0xf1936e1b f20=0xcd66c91f
     382995.000 ns	     38298	8000831c	01d33833	sltu	x16,x6,x29	  x6:0x00000000 x29:0x61428000 x16=0x00000001
     383015.000 ns	     38300	80008320	03605133	divu	x2,x0,x22	  x0:0x00000000 x22:0x00000000  x2=0xffffffff
     383045.000 ns	     38303	80008324	02341333	mulh	x6,x8,x3	  x8:0x00000001  x3:0x00000000  x6=0x00000000
     383075.000 ns	     38306	80008328	e0099553	fclass.s	x10,f19	 f19:0x00000000 x10=0x00000010
     383095.000 ns	     38308	8000832c	0c0eba93	sltiu	x21,x29,192	 x29:0x61428000 x21=0x00000000
     383115.000 ns	     38310	80008330	21cb2553	fsgnjx.s	f10,f22,f28	 f22:0x0000078c f28:0x4f7fffff f10=0x0000078c
     383135.000 ns	     38312	80008334	01b49333	sll	x6,x9,x27	  x9:0x00000000 x27:0xf1936e1b  x6=0x00000000
     383145.000 ns	     38313	80008338	0127b5b3	sltu	x11,x15,x18	 x15:0x00000000 x18:0x846d43cc x11=0x00000001
     383165.000 ns	     38315	8000833c	032d0333	mul	x6,x26,x18	 x26:0x00004000 x18:0x846d43cc  x6=0x50f30000
     383185.000 ns	     38317	80008340	46077793	andi	x15,x14,1120	 x14:0x7ffbeaf2 x15=0x00000060
     383205.000 ns	     38319	80008344	e0008753	fmv.x.w	x14,f1	  f1:0xcf7fffff x14=0xcf7fffff
     383225.000 ns	     38321	80008348	40eed633	sra	x12,x29,x14	 x29:0x61428000 x14:0x7ffbeaf2 x12=0x00000000
     383235.000 ns	     38322	8000834c	015f9a13	slli	x20,x31,0x15	 x31:0x00000000 x20=0x00000000
     383255.000 ns	     38324	80008350	e0091ad3	fclass.s	x21,f18	 f18:0x00000000 x21=0x00000010
     383275.000 ns	     38326	80008354	0bac8313	addi	x6,x25,186	 x25:0x00000000  x6=0x000000ba
     383295.000 ns	     38328	80008358	a16e2f53	feq.s	x30,f28,f22	 f28:0x4f7fffff f22:0x0000078c x30=0x00000000
     383315.000 ns	     38330	8000835c	00760733	add	x14,x12,x7	 x12:0x00000000  x7:0x00000000 x14=0x00000000
     383335.000 ns	     38332	80008360	03cd8333	mul	x6,x27,x28	 x27:0xf1936e1b x28:0x80041024  x6=0x68092bcc
     383365.000 ns	     38335	80008364	022c80b3	mul	x1,x25,x2	 x25:0x00000000  x2:0xffffffff  x1=0x00000000
     383395.000 ns	     38338	80008368	291e10d3	fmax.s	f1,f28,f17	 f28:0x4f7fffff f17:0x80000000  f1=0x4f7fffff
     384575.000 ns	     38456	8000836c	58043b53	fsqrt.s	f22,f8	  f8:0x4f7fffff f22=0x47350461
     384595.000 ns	     38458	80008370	00ef9133	sll	x2,x31,x14	 x31:0x00000000 x14:0x00000000  x2=0x00000000
     384605.000 ns	     38459	80008374	003de0b3	or	x1,x27,x3	 x27:0xf1936e1b  x3:0x00000000  x1=0xf1936e1b
     384615.000 ns	     38460	80008378	9b490813	addi	x16,x18,-1612	 x18:0x846d43cc x16=0x846d3d80
     384635.000 ns	     38462	8000837c	0355b133	mulhu	x2,x11,x21	 x11:0x00000001 x21:0x00000010  x2=0x00000000
     384665.000 ns	     38465	80008380	c005fc53	fcvt.w.s	x24,f11	 f11:0x00000000 x24=0x00000000
     384695.000 ns	     38468	80008384	c0144953	fcvt.wu.s	x18,f8	  f8:0x4f7fffff x18=0xffffff00
     384715.000 ns	     38470	80008388	011c4933	xor	x18,x24,x17	 x24:0x00000000 x17:0x00000000 x18=0x00000000
     384725.000 ns	     38471	8000838c	ba663a97	auipc	x21,0xba663	 x21=0x3a66b38c
     385085.000 ns	     38507	80008390	035c6a33	rem	x20,x24,x21	 x24:0x00000000 x21:0x00000010 x20=0x00000000
     385105.000 ns	     38509	80008394	01435f93	srli	x31,x6,0x14	  x6:0x68092bcc x31=0x00000680
     385125.000 ns	     38511	80008398	e0060153	fmv.x.w	x2,f12	 f12:0x0000078c  x2=0x0000078c
     385145.000 ns	     38513	8000839c	d7c44c93	xori	x25,x8,-644	  x8:0x00000001 x25=0xfffffd7d
     385505.000 ns	     38549	800083a0	02d45033	divu	x0,x8,x13	  x8:0x00000001 x13:0x7ab5d238
     385535.000 ns	     38552	800083a4	20271653	fsgnjn.s	f12,f14,f2	 f14:0x4f000410  f2:0x40ffffae f12=0xcf000410
     385565.000 ns	     38555	800083a8	d0091853	fcvt.s.w	f16,x18	 x18:0x00000000 f16=0x00000000
     385615.000 ns	     38560	800083ac	09d1c2d3	fsub.s	f5,f3,f29	  f3:0x80000000 f29:0x5603fc5d  f5=0xd603fc5d
     385635.000 ns	     38562	800083b0	91c24b13	xori	x22,x4,-1764	  x4:0x00000001 x22=0xfffff91d
     385645.000 ns	     38563	800083b4	636ef313	andi	x6,x29,1590	 x29:0x61428000  x6=0x00000000
     385655.000 ns	     38564	800083b8	006a3433	sltu	x8,x20,x6	 x20:0x00000000  x6:0x68092bcc  x8=0x00000000
     385665.000 ns	     38565	800083bc	00000013	addi	x0,x0,0	  x0:0x00000000
     385685.000 ns	     38567	800083c0	d0010ad3	fcvt.s.w	f21,x2	  x2:0x0000078c f21=0x44f18000
     385705.000 ns	     38569	800083c4	c99f7f93	andi	x31,x30,-871	 x30:0x00000000 x31=0x00000000
     385715.000 ns	     38570	800083c8	dd0beb13	ori	x22,x23,-560	 x23:0x80040fe4 x22=0xfffffff4
     385735.000 ns	     38572	800083cc	d01478d3	fcvt.s.wu	f17,x8	  x8:0x00000000 f17=0x00000000
     385755.000 ns	     38574	800083d0	014d3cb3	sltu	x25,x26,x20	 x26:0x00004000 x20:0x00000000 x25=0x00000000
     385765.000 ns	     38575	800083d4	01162433	slt	x8,x12,x17	 x12:0x00000000 x17:0x00000000  x8=0x00000000
     385775.000 ns	     38576	800083d8	01a1c1b3	xor	x3,x3,x26	  x3:0x00000000 x26:0x00004000  x3=0x00004000
     385795.000 ns	     38578	800083dc	033731b3	mulhu	x3,x14,x19	 x14:0x00000000 x19:0x00000000  x3=0x00000000
     385825.000 ns	     38581	800083e0	e00f09d3	fmv.x.w	x19,f30	 f30:0x00000000 x19=0x00000000
     385845.000 ns	     38583	800083e4	000d48b3	xor	x17,x26,x0	 x26:0x00004000  x0:0x00000000 x17=0x00004000
     385855.000 ns	     38584	800083e8	5312aa93	slti	x21,x5,1329	  x5:0x00000000 x21=0x00000001
     385865.000 ns	     38585	800083ec	003cacb3	slt	x25,x25,x3	 x25:0x00000000  x3:0x00000000 x25=0x00000000
     385875.000 ns	     38586	800083f0	01b7d613	srli	x12,x15,0x1b	 x15:0x00000060 x12=0x00000000
     385895.000 ns	     38588	800083f4	21a1afd3	fsgnjx.s	f31,f3,f26	  f3:0x80000000 f26:0x00000000 f31=0x80000000
     385915.000 ns	     38590	800083f8	00331c33	sll	x24,x6,x3	  x6:0x00000000  x3:0x00000000 x24=0x00000000
     385935.000 ns	     38592	800083fc	f00a8dd3	fmv.w.x	f27,x21	 x21:0x00000001 f27=0x00000001
     385955.000 ns	     38594	80008400	00c6fb33	and	x22,x13,x12	 x13:0x7ab5d238 x12:0x00000000 x22=0x00000000
     385975.000 ns	     38596	80008404	c01d3953	fcvt.wu.s	x18,f26	 f26:0x00000000 x18=0x00000000
     386345.000 ns	     38633	80008408	022163b3	rem	x7,x2,x2	  x2:0x0000078c  x2:0x0000078c  x7=0x00000000
     386715.000 ns	     38670	8000840c	021af733	remu	x14,x21,x1	 x21:0x00000001  x1:0xf1936e1b x14=0x00000001
     386735.000 ns	     38672	80008410	013750b3	srl	x1,x14,x19	 x14:0x00000000 x19:0x00000000  x1=0x00000001
     386755.000 ns	     38674	80008414	0394e0b3	rem	x1,x9,x25	  x9:0x00000000 x25:0x00000000  x1=0x00000000
     386785.000 ns	     38677	80008418	034139b3	mulhu	x19,x2,x20	  x2:0x0000078c x20:0x00000000 x19=0x00000000
     386815.000 ns	     38680	8000841c	026d52b3	divu	x5,x26,x6	 x26:0x00004000  x6:0x00000000  x5=0xffffffff
     387185.000 ns	     38717	80008420	03a44333	div	x6,x8,x26	  x8:0x00000000 x26:0x00004000  x6=0x00000000
     387205.000 ns	     38719	80008424	ba273a93	sltiu	x21,x14,-1118	 x14:0x00000001 x21=0x00000001
     387225.000 ns	     38721	80008428	02b99033	mulh	x0,x19,x11	 x19:0x00000000 x11:0x00000001
     387255.000 ns	     38724	8000842c	03a7b6b3	mulhu	x13,x15,x26	 x15:0x00000060 x26:0x00004000 x13=0x00000000
     387275.000 ns	     38726	80008430	01c439b3	sltu	x19,x8,x28	  x8:0x00000000 x28:0x80041024 x19=0x00000001
     387285.000 ns	     38727	80008434	00ebd893	srli	x17,x23,0xe	 x23:0x80040fe4 x17=0x00020010
     387305.000 ns	     38729	80008438	038fd933	divu	x18,x31,x24	 x31:0x00000000 x24:0x00000000 x18=0xffffffff
     387325.000 ns	     38731	8000843c	01280833	add	x16,x16,x18	 x16:0x846d3d80 x18:0x00000000 x16=0x846d3d7f
     387335.000 ns	     38732	80008440	41f401b3	sub	x3,x8,x31	  x8:0x00000000 x31:0x00000000  x3=0x00000000
     387355.000 ns	     38734	80008444	296481d3	fmin.s	f3,f9,f22	  f9:0xcd66c920 f22:0x47350461  f3=0xcd66c920
     387375.000 ns	     38736	80008448	00000013	addi	x0,x0,0	  x0:0x00000000
     387705.000 ns	     38769	8000844c	18aeb1d3	fdiv.s	f3,f29,f10	 f29:0x5603fc5d f10:0x0000078c  f3=0x7f800000
     388075.000 ns	     38806	80008450	02225233	divu	x4,x4,x2	  x4:0x00000001  x2:0x0000078c  x4=0x00000000
     388095.000 ns	     38808	80008454	01ad0f33	add	x30,x26,x26	 x26:0x00004000 x26:0x00004000 x30=0x00008000
     388105.000 ns	     38809	80008458	acd1bc13	sltiu	x24,x3,-1331	  x3:0x00000000 x24=0x00000001
     388115.000 ns	     38810	8000845c	01801ab3	sll	x21,x0,x24	  x0:0x00000000 x24:0x00000000 x21=0x00000000
     388125.000 ns	     38811	80008460	bea97d13	andi	x26,x18,-1046	 x18:0xffffffff x26=0xfffffbea
     388135.000 ns	     38812	80008464	0089d893	srli	x17,x19,0x8	 x19:0x00000001 x17=0x00000000
     388145.000 ns	     38813	80008468	00000013	addi	x0,x0,0	  x0:0x00000000
     388155.000 ns	     38814	8000846c	e06ae893	ori	x17,x21,-506	 x21:0x00000000 x17=0xfffffe06
     388165.000 ns	     38815	80008470	014ebab3	sltu	x21,x29,x20	 x29:0x61428000 x20:0x00000000 x21=0x00000000
     388175.000 ns	     38816	80008474	011fcb33	xor	x22,x31,x17	 x31:0x00000000 x17:0x00000000 x22=0xfffffe06
     388185.000 ns	     38817	80008478	0071c8b3	xor	x17,x3,x7	  x3:0x00000000  x7:0x00000000 x17=0x00000000
     388215.000 ns	     38820	8000847c	5805fbd3	fsqrt.s	f23,f11	 f11:0x00000000 f23=0x00000000
     388245.000 ns	     38823	80008480	e0068253	fmv.x.w	x4,f13	 f13:0xcf7fffff  x4=0xcf7fffff
     388265.000 ns	     38825	80008484	00b4a633	slt	x12,x9,x11	  x9:0x00000000 x11:0x00000001 x12=0x00000001
     388285.000 ns	     38827	80008488	214192d3	fsgnjn.s	f5,f3,f20	  f3:0x7f800000 f20:0xcd66c91f  f5=0x7f800000
     388305.000 ns	     38829	8000848c	00a17c33	and	x24,x2,x10	  x2:0x0000078c x10:0x00000010 x24=0x00000000
     389355.000 ns	     38934	80008490	580e7a53	fsqrt.s	f20,f28	 f28:0x4f7fffff f20=0x47350461
     389385.000 ns	     38937	80008494	c0147853	fcvt.wu.s	x16,f8	  f8:0x4f7fffff x16=0xffffff00
     389415.000 ns	     38940	80008498	02ce90b3	mulh	x1,x29,x12	 x29:0x61428000 x12:0x00000001  x1=0x00000000
     389445.000 ns	     38943	8000849c	c0127ad3	fcvt.wu.s	x21,f4	  f4:0x43d68000 x21=0x000001ad
     389475.000 ns	     38946	800084a0	296e11d3	fmax.s	f3,f28,f22	 f28:0x4f7fffff f22:0x47350461  f3=0x4f7fffff
     389495.000 ns	     38948	800084a4	416e4f13	xori	x30,x28,1046	 x28:0x80041024 x30=0x80041432
     389855.000 ns	     38984	800084a8	03ecf5b3	remu	x11,x25,x30	 x25:0x00000000 x30:0x00008000 x11=0x00000000
     389885.000 ns	     38987	800084ac	21358853	fsgnj.s	f16,f11,f19	 f11:0x00000000 f19:0x00000000 f16=0x00000000
     389915.000 ns	     38990	800084b0	20e81253	fsgnjn.s	f4,f16,f14	 f16:0x00000000 f14:0x4f000410  f4=0x80000000
     389945.000 ns	     38993	800084b4	a061ad53	feq.s	x26,f3,f6	  f3:0x4f7fffff  f6:0x1f350483 x26=0x00000000
     389975.000 ns	     38996	800084b8	020a16b3	mulh	x13,x20,x0	 x20:0x00000000  x0:0x00000000 x13=0x00000000
     390005.000 ns	     38999	800084bc	286107d3	fmin.s	f15,f2,f6	  f2:0x40ffffae  f6:0x1f350483 f15=0x1f350483
     390035.000 ns	     39002	800084c0	21062cd3	fsgnjx.s	f25,f12,f16	 f12:0xcf000410 f16:0x00000000 f25=0xcf000410
     390055.000 ns	     39004	800084c4	01234b33	xor	x22,x6,x18	  x6:0x00000000 x18:0xffffffff x22=0xffffffff
     390075.000 ns	     39006	800084c8	02e6b0b3	mulhu	x1,x13,x14	 x13:0x00000000 x14:0x00000001  x1=0x00000000
     390095.000 ns	     39008	800084cc	a0156393	ori	x7,x10,-1535	 x10:0x00000010  x7=0xfffffa11
     390105.000 ns	     39009	800084d0	00000013	addi	x0,x0,0	  x0:0x00000000
     390125.000 ns	     39011	800084d4	f0068953	fmv.w.x	f18,x13	 x13:0x00000000 f18=0x00000000
     390155.000 ns	     39014	800084d8	a1a429d3	feq.s	x19,f8,f26	  f8:0x4f7fffff f26:0x00000000 x19=0x00000000
     390185.000 ns	     39017	800084dc	02945a33	divu	x20,x8,x9	  x8:0x00000000  x9:0x00000000 x20=0xffffffff
     390205.000 ns	     39019	800084e0	41d48c33	sub	x24,x9,x29	  x9:0x00000000 x29:0x61428000 x24=0x9ebd8000
     390235.000 ns	     39022	800084e4	580cc453	fsqrt.s	f8,f25	 f25:0xcf000410  f8=0x7fc00000
     390605.000 ns	     39059	800084e8	035145b3	div	x11,x2,x21	  x2:0x0000078c x21:0x000001ad x11=0x00000004
     390655.000 ns	     39064	800084ec	0804fed3	fsub.s	f29,f9,f0	  f9:0xcd66c920  f0:0x00000000 f29=0xcd66c920
     390675.000 ns	     39066	800084f0	00255113	srli	x2,x10,0x2	 x10:0x00000010  x2=0x00000004
     390685.000 ns	     39067	800084f4	fe943a13	sltiu	x20,x8,-23	  x8:0x00000000 x20=0x00000001
     390705.000 ns	     39069	800084f8	202c8f53	fsgnj.s	f30,f25,f2	 f25:0xcf000410  f2:0x40ffffae f30=0x4f000410
     390725.000 ns	     39071	800084fc	01cd9993	slli	x19,x27,0x1c	 x27:0xf1936e1b x19=0xb0000000
     390735.000 ns	     39072	80008500	01f92133	slt	x2,x18,x31	 x18:0xffffffff x31:0x00000000  x2=0x00000001
     390755.000 ns	     39074	80008504	03d91033	mulh	x0,x18,x29	 x18:0xffffffff x29:0x61428000
     390775.000 ns	     39076	80008508	01b67833	and	x16,x12,x27	 x12:0x00000001 x27:0xf1936e1b x16=0x00000001
     390785.000 ns	     39077	8000850c	4649bb37	lui	x22,0x4649b	 x22=0x4649b000
     390805.000 ns	     39079	80008510	022986b3	mul	x13,x19,x2	 x19:0xb0000000  x2:0x00000001 x13=0xb0000000
     391175.000 ns	     39116	80008514	030eefb3	rem	x31,x29,x16	 x29:0x61428000 x16:0x00000001 x31=0x00000000
     391205.000 ns	     39119	80008518	20751853	fsgnjn.s	f16,f10,f7	 f10:0x0000078c  f7:0x32800000 f16=0x8000078c
     391225.000 ns	     39121	8000851c	017b1933	sll	x18,x22,x23	 x22:0x4649b000 x23:0x80040fe4 x18=0x649b0000
     391245.000 ns	     39123	80008520	218b04d3	fsgnj.s	f9,f22,f24	 f22:0x47350461 f24:0x6c8818e9  f9=0x47350461
     391275.000 ns	     39126	80008524	296789d3	fmin.s	f19,f15,f22	 f15:0x1f350483 f22:0x47350461 f19=0x1f350483
     391295.000 ns	     39128	80008528	000a1333	sll	x6,x20,x0	 x20:0x00000001  x0:0x00000000  x6=0x00000001
     391315.000 ns	     39130	8000852c	28188bd3	fmin.s	f23,f17,f1	 f17:0x00000000  f1:0x4f7fffff f23=0x00000000
     391335.000 ns	     39132	80008530	002d03b3	add	x7,x26,x2	 x26:0x00000000  x2:0x00000001  x7=0x00000001
     391355.000 ns	     39134	80008534	027b1433	mulh	x8,x22,x7	 x22:0x4649b000  x7:0xfffffa11  x8=0x00000000
     391375.000 ns	     39136	80008538	015f4333	xor	x6,x30,x21	 x30:0x80041432 x21:0x000001ad  x6=0x8004159f
     391385.000 ns	     39137	8000853c	347b8697	auipc	x13,0x347b8	 x13=0xb47c053c
     391405.000 ns	     39139	80008540	039a0eb3	mul	x29,x20,x25	 x20:0x00000001 x25:0x00000000 x29=0x00000000
     391425.000 ns	     39141	80008544	011bd593	srli	x11,x23,0x11	 x23:0x80040fe4 x11=0x00004002
     391445.000 ns	     39143	80008548	e0099153	fclass.s	x2,f19	 f19:0x1f350483  x2=0x00000040
     391485.000 ns	     39147	8000854c	11794b53	fmul.s	f22,f18,f23	 f18:0x00000000 f23:0x00000000 f22=0x00000000
     391515.000 ns	     39150	80008550	030b3d33	mulhu	x26,x22,x16	 x22:0x4649b000 x16:0x00000001 x26=0x00000000
     391545.000 ns	     39153	80008554	206981d3	fsgnj.s	f3,f19,f6	 f19:0x1f350483  f6:0x1f350483  f3=0x1f350483
     391595.000 ns	     39158	80008558	01db8a53	fadd.s	f20,f23,f29	 f23:0x00000000 f29:0xcd66c920 f20=0xcd66c920
     391615.000 ns	     39160	8000855c	eb73ee93	ori	x29,x7,-329	  x7:0x00000001 x29=0xfffffeb7
     391655.000 ns	     39164	80008560	0858f7d3	fsub.s	f15,f17,f5	 f17:0x00000000  f5:0x7f800000 f15=0xff800000
     392025.000 ns	     39201	80008564	033c5433	divu	x8,x24,x19	 x24:0x9ebd8000 x19:0xb0000000  x8=0x00000000
     392045.000 ns	     39203	80008568	01a2dc33	srl	x24,x5,x26	  x5:0xffffffff x26:0x00000000 x24=0xffffffff
     392055.000 ns	     39204	8000856c	00373f33	sltu	x30,x14,x3	 x14:0x00000001  x3:0x00000000 x30=0x00000000
     392075.000 ns	     39206	80008570	0315e1b3	rem	x3,x11,x17	 x11:0x00004002 x17:0x00000000  x3=0x00004002
     392105.000 ns	     39209	80008574	02083533	mulhu	x10,x16,x0	 x16:0x00000001  x0:0x00000000 x10=0x00000000
     392125.000 ns	     39211	80008578	26d70393	addi	x7,x14,621	 x14:0x00000001  x7=0x0000026e
     392145.000 ns	     39213	8000857c	21558153	fsgnj.s	f2,f11,f21	 f11:0x00000000 f21:0x44f18000  f2=0x00000000
     392175.000 ns	     39216	80008580	021714b3	mulh	x9,x14,x1	 x14:0x00000001  x1:0x00000000  x9=0x00000000
     392195.000 ns	     39218	80008584	00000013	addi	x0,x0,0	  x0:0x00000000
     392205.000 ns	     39219	80008588	01cc2cb3	slt	x25,x24,x28	 x24:0xffffffff x28:0x80041024 x25=0x00000000
     392215.000 ns	     39220	8000858c	01ea8b33	add	x22,x21,x30	 x21:0x000001ad x30:0x00000000 x22=0x000001ad
     392235.000 ns	     39222	80008590	a1bb8c53	fle.s	x24,f23,f27	 f23:0x00000000 f27:0x00000001 x24=0x00000001
     392265.000 ns	     39225	80008594	203095d3	fsgnjn.s	f11,f1,f3	  f1:0x4f7fffff  f3:0x1f350483 f11=0xcf7fffff
     392285.000 ns	     39227	80008598	017edab3	srl	x21,x29,x23	 x29:0xfffffeb7 x23:0x80040fe4 x21=0x0fffffeb
     392305.000 ns	     39229	8000859c	031741b3	div	x3,x14,x17	 x14:0x00000001 x17:0x00000000  x3=0xffffffff
     392335.000 ns	     39232	800085a0	02929533	mulh	x10,x5,x9	  x5:0xffffffff  x9:0x00000000 x10=0x00000000
     392365.000 ns	     39235	800085a4	03c8aa33	mulhsu	x20,x17,x28	 x17:0x00000000 x28:0x80041024 x20=0x00000000
     392385.000 ns	     39237	800085a8	00b01813	slli	x16,x0,0xb	  x0:0x00000000 x16=0x00000000
     392405.000 ns	     39239	800085ac	03457433	remu	x8,x10,x20	 x10:0x00000000 x20:0x00000000  x8=0x00000000
     392425.000 ns	     39241	800085b0	c8623c93	sltiu	x25,x4,-890	  x4:0xcf7fffff x25=0x00000001
     392435.000 ns	     39242	800085b4	01706433	or	x8,x0,x23	  x0:0x00000000 x23:0x80040fe4  x8=0x80040fe4
     392475.000 ns	     39246	800085b8	0162f6d3	fadd.s	f13,f5,f22	  f5:0x7f800000 f22:0x00000000 f13=0x7f800000
     392505.000 ns	     39249	800085bc	a16f8053	fle.s	x0,f31,f22	 f31:0x80000000 f22:0x00000000
     392535.000 ns	     39252	800085c0	a1f18b53	fle.s	x22,f3,f31	  f3:0x1f350483 f31:0x80000000 x22=0x00000000
     392585.000 ns	     39257	800085c4	0836c6d3	fsub.s	f13,f13,f3	 f13:0x7f800000  f3:0x1f350483 f13=0x7f800000
     392625.000 ns	     39261	800085c8	197aa453	fdiv.s	f8,f21,f23	 f21:0x44f18000 f23:0x00000000  f8=0x7f800000
     392655.000 ns	     39264	800085cc	02c53233	mulhu	x4,x10,x12	 x10:0x00000000 x12:0x00000001  x4=0x00000000
     392675.000 ns	     39266	800085d0	1d668393	addi	x7,x13,470	 x13:0xb47c053c  x7=0xb47c0712
     392685.000 ns	     39267	800085d4	8044e593	ori	x11,x9,-2044	  x9:0x00000000 x11=0xfffff804
     392705.000 ns	     39269	800085d8	03bb9f33	mulh	x30,x23,x27	 x23:0x80040fe4 x27:0xf1936e1b x30=0x07360e5b
     392735.000 ns	     39272	800085dc	28bb0f53	fmin.s	f30,f22,f11	 f22:0x00000000 f11:0xcf7fffff f30=0xcf7fffff
     392765.000 ns	     39275	800085e0	f0068ad3	fmv.w.x	f21,x13	 x13:0xb47c053c f21=0xb47c053c
     392785.000 ns	     39277	800085e4	406adc33	sra	x24,x21,x6	 x21:0x0fffffeb  x6:0x8004159f x24=0x00000000
     392795.000 ns	     39278	800085e8	fcf54897	auipc	x17,0xfcf54	 x17=0x7cf5c5e8
     392805.000 ns	     39279	800085ec	128b64b7	lui	x9,0x128b6	  x9=0x128b6000
     392825.000 ns	     39281	800085f0	a14498d3	flt.s	x17,f9,f20	  f9:0x47350461 f20:0xcd66c920 x17=0x00000000
     392875.000 ns	     39286	800085f4	00dff3d3	fadd.s	f7,f31,f13	 f31:0x80000000 f13:0x7f800000  f7=0x7f800000
     392895.000 ns	     39288	800085f8	d29b0a13	addi	x20,x22,-727	 x22:0x00000000 x20=0xfffffd29
     392915.000 ns	     39290	800085fc	a0b20cd3	fle.s	x25,f4,f11	  f4:0x80000000 f11:0xcf7fffff x25=0x00000000
     392945.000 ns	     39293	80008600	e00004d3	fmv.x.w	x9,f0	  f0:0x00000000  x9=0x00000000
     392965.000 ns	     39295	80008604	afcd3c17	auipc	x24,0xafcd3	 x24=0x2fcdb604
     393325.000 ns	     39331	80008608	0228ec33	rem	x24,x17,x2	 x17:0x00000000  x2:0x00000040 x24=0x00000000
     393355.000 ns	     39334	8000860c	038f27b3	mulhsu	x15,x30,x24	 x30:0x07360e5b x24:0x00000000 x15=0x00000000
     393385.000 ns	     39337	80008610	a1a389d3	fle.s	x19,f7,f26	  f7:0x7f800000 f26:0x00000000 x19=0x00000000
     393405.000 ns	     39339	80008614	1088a693	slti	x13,x17,264	 x17:0x00000000 x13=0x00000001
     393415.000 ns	     39340	80008618	00000013	addi	x0,x0,0	  x0:0x00000000
     393435.000 ns	     39342	8000861c	20ba85d3	fsgnj.s	f11,f21,f11	 f21:0xb47c053c f11:0xcf7fffff f11=0xb47c053c
     393455.000 ns	     39344	80008620	00815613	srli	x12,x2,0x8	  x2:0x00000040 x12=0x00000000
     393475.000 ns	     39346	80008624	21862553	fsgnjx.s	f10,f12,f24	 f12:0xcf000410 f24:0x6c8818e9 f10=0xcf000410
     393495.000 ns	     39348	80008628	0102e7b3	or	x15,x5,x16	  x5:0xffffffff x16:0x00000000 x15=0xffffffff
     393515.000 ns	     39350	8000862c	29e39dd3	fmax.s	f27,f7,f30	  f7:0x7f800000 f30:0xcf7fffff f27=0x7f800000
     393545.000 ns	     39353	80008630	29a10a53	fmin.s	f20,f2,f26	  f2:0x00000000 f26:0x00000000 f20=0x00000000
     393565.000 ns	     39355	80008634	84946713	ori	x14,x8,-1975	  x8:0x80040fe4 x14=0xffffffed
     393585.000 ns	     39357	80008638	a1a10253	fle.s	x4,f2,f26	  f2:0x00000000 f26:0x00000000  x4=0x00000001
     393615.000 ns	     39360	8000863c	02ba3833	mulhu	x16,x20,x11	 x20:0xfffffd29 x11:0xfffff804 x16=0xfffff52d
     393635.000 ns	     39362	80008640	000c8033	add	x0,x25,x0	 x25:0x00000000  x0:0x00000000
     393655.000 ns	     39364	80008644	e0040f53	fmv.x.w	x30,f8	  f8:0x7f800000 x30=0x7f800000
     393675.000 ns	     39366	80008648	6f0d2d13	slti	x26,x26,1776	 x26:0x00000000 x26=0x00000001
     394035.000 ns	     39402	8000864c	0224e833	rem	x16,x9,x2	  x9:0x00000000  x2:0x00000040 x16=0x00000000
     394065.000 ns	     39405	80008650	20ab8653	fsgnj.s	f12,f23,f10	 f23:0x00000000 f10:0xcf000410 f12=0x80000000
     394405.000 ns	     39439	80008654	193cf053	fdiv.s	f0,f25,f19	 f25:0xcf000410 f19:0x1f350483  f0=0xef34ba72
     394775.000 ns	     39476	80008658	022fcfb3	div	x31,x31,x2	 x31:0x00000000  x2:0x00000040 x31=0x00000000
     394795.000 ns	     39478	8000865c	11b53993	sltiu	x19,x10,283	 x10:0x00000000 x19=0x00000001
     394805.000 ns	     39479	80008660	00869133	sll	x2,x13,x8	 x13:0x00000001  x8:0x80040fe4  x2=0x00000010
     394835.000 ns	     39482	80008664	106efdd3	fmul.s	f27,f29,f6	 f29:0xcd66c920  f6:0x1f350483 f27=0xad233045
     394855.000 ns	     39484	80008668	00afd293	srli	x5,x31,0xa	 x31:0x00000000  x5=0x00000000
     394865.000 ns	     39485	8000866c	af526713	ori	x14,x4,-1291	  x4:0x00000001 x14=0xfffffaf5
     394875.000 ns	     39486	80008670	406b5613	srai	x12,x22,0x6	 x22:0x00000000 x12=0x00000000
     394895.000 ns	     39488	80008674	209e9353	fsgnjn.s	f6,f29,f9	 f29:0xcd66c920  f9:0x47350461  f6=0xcd66c920
     394915.000 ns	     39490	80008678	2fed4213	xori	x4,x26,766	 x26:0x00000001  x4=0x000002ff
     394935.000 ns	     39492	8000867c	20ae93d3	fsgnjn.s	f7,f29,f10	 f29:0xcd66c920 f10:0xcf000410  f7=0x4d66c920
     394955.000 ns	     39494	80008680	01398133	add	x2,x19,x19	 x19:0x00000001 x19:0x00000001  x2=0x00000002
     394975.000 ns	     39496	80008684	03dc0633	mul	x12,x24,x29	 x24:0x00000000 x29:0xfffffeb7 x12=0x00000000
     395005.000 ns	     39499	80008688	e00a1a53	fclass.s	x20,f20	 f20:0x00000000 x20=0x00000010
     395035.000 ns	     39502	8000868c	02820133	mul	x2,x4,x8	  x4:0x000002ff  x8:0x80040fe4  x2=0x8c2b9c1c
     395055.000 ns	     39504	80008690	9b82cab7	lui	x21,0x9b82c	 x21=0x9b82c000
     395065.000 ns	     39505	80008694	01d9a2b3	slt	x5,x19,x29	 x19:0x00000001 x29:0xfffffeb7  x5=0x00000000
     395085.000 ns	     39507	80008698	21458953	fsgnj.s	f18,f11,f20	 f11:0xb47c053c f20:0x00000000 f18=0x347c053c
     395105.000 ns	     39509	8000869c	f7103713	sltiu	x14,x0,-143	  x0:0x00000000 x14=0x00000001
     395125.000 ns	     39511	800086a0	02fc8cb3	mul	x25,x25,x15	 x25:0x00000000 x15:0xffffffff x25=0x00000000
     395145.000 ns	     39513	800086a4	40c681b3	sub	x3,x13,x12	 x13:0x00000001 x12:0x00000000  x3=0x00000001
     395155.000 ns	     39514	800086a8	41f45b13	srai	x22,x8,0x1f	  x8:0x80040fe4 x22=0xffffffff
     395165.000 ns	     39515	800086ac	007eb4b3	sltu	x9,x29,x7	 x29:0xfffffeb7  x7:0xb47c0712  x9=0x00000000
     395185.000 ns	     39517	800086b0	a0fb2153	feq.s	x2,f22,f15	 f22:0x00000000 f15:0xff800000  x2=0x00000000
     395205.000 ns	     39519	800086b4	00e41213	slli	x4,x8,0xe	  x8:0x80040fe4  x4=0x03f90000
     395215.000 ns	     39520	800086b8	409f5893	srai	x17,x30,0x9	 x30:0x7f800000 x17=0x003fc000
     395235.000 ns	     39522	800086bc	29379853	fmax.s	f16,f15,f19	 f15:0xff800000 f19:0x1f350483 f16=0x1f350483
     395265.000 ns	     39525	800086c0	0360afb3	mulhsu	x31,x1,x22	  x1:0x00000000 x22:0xffffffff x31=0x00000000
     395285.000 ns	     39527	800086c4	01bff333	and	x6,x31,x27	 x31:0x00000000 x27:0xf1936e1b  x6=0x00000000
     395305.000 ns	     39529	800086c8	21f58453	fsgnj.s	f8,f11,f31	 f11:0xb47c053c f31:0x80000000  f8=0xb47c053c
     395325.000 ns	     39531	800086cc	1758c893	xori	x17,x17,373	 x17:0x003fc000 x17=0x003fc175
     395685.000 ns	     39567	800086d0	03decf33	div	x30,x29,x29	 x29:0xfffffeb7 x29:0xfffffeb7 x30=0x00000001
     395705.000 ns	     39569	800086d4	016853b3	srl	x7,x16,x22	 x16:0x00000000 x22:0xffffffff  x7=0x00000000
     395715.000 ns	     39570	800086d8	01155033	srl	x0,x10,x17	 x10:0x00000000 x17:0x003fc175
     395725.000 ns	     39571	800086dc	94990413	addi	x8,x18,-1719	 x18:0x649b0000  x8=0x649af949
     395745.000 ns	     39573	800086e0	28860c53	fmin.s	f24,f12,f8	 f12:0x80000000  f8:0xb47c053c f24=0xb47c053c
     395775.000 ns	     39576	800086e4	a15fa453	feq.s	x8,f31,f21	 f31:0x80000000 f21:0xb47c053c  x8=0x00000000
     395795.000 ns	     39578	800086e8	419055b3	sra	x11,x0,x25	  x0:0x00000000 x25:0x00000000 x11=0x00000000
     395805.000 ns	     39579	800086ec	fcf94a13	xori	x20,x18,-49	 x18:0x649b0000 x20=0x9b64ffcf
     395835.000 ns	     39582	800086f0	11a4a353	fmul.s	f6,f9,f26	  f9:0x47350461 f26:0x00000000  f6=0x00000000
     395875.000 ns	     39586	800086f4	580f7dd3	fsqrt.s	f27,f30	 f30:0xcf7fffff f27=0x7fc00000
     395905.000 ns	     39589	800086f8	02c5e133	rem	x2,x11,x12	 x11:0x00000000 x12:0x00000000  x2=0x00000000
     395925.000 ns	     39591	800086fc	6f6e7393	andi	x7,x28,1782	 x28:0x80041024  x7=0x00000024
     395935.000 ns	     39592	80008700	01dc4c33	xor	x24,x24,x29	 x24:0x00000000 x29:0xfffffeb7 x24=0xfffffeb7
     395945.000 ns	     39593	80008704	89c2c013	xori	x0,x5,-1892	  x5:0x00000000
     395965.000 ns	     39595	80008708	02e01a33	mulh	x20,x0,x14	  x0:0x00000000 x14:0x00000001 x20=0x00000000
     395985.000 ns	     39597	8000870c	01333f33	sltu	x30,x6,x19	  x6:0x00000000 x19:0x00000001 x30=0x00000001
     395995.000 ns	     39598	80008710	003f9fb3	sll	x31,x31,x3	 x31:0x00000000  x3:0x00000001 x31=0x00000000
     396015.000 ns	     39600	80008714	03cf12b3	mulh	x5,x30,x28	 x30:0x00000001 x28:0x80041024  x5=0xffffffff
     396035.000 ns	     39602	80008718	01462fb3	slt	x31,x12,x20	 x12:0x00000000 x20:0x00000000 x31=0x00000000
     396045.000 ns	     39603	8000871c	011bd513	srli	x10,x23,0x11	 x23:0x80040fe4 x10=0x00004002
     396055.000 ns	     39604	80008720	6fe48e93	addi	x29,x9,1790	  x9:0x00000000 x29=0x000006fe
     396075.000 ns	     39606	80008724	a013a7d3	feq.s	x15,f7,f1	  f7:0x4d66c920  f1:0x4f7fffff x15=0x00000000
     396095.000 ns	     39608	80008728	00636333	or	x6,x6,x6	  x6:0x00000000  x6:0x00000000  x6=0x00000000
     396105.000 ns	     39609	8000872c	0129e1b3	or	x3,x19,x18	 x19:0x00000001 x18:0x649b0000  x3=0x649b0001
     396115.000 ns	     39610	80008730	ab12f013	andi	x0,x5,-1359	  x5:0xffffffff
     396135.000 ns	     39612	80008734	a086a1d3	feq.s	x3,f13,f8	 f13:0x7f800000  f8:0xb47c053c  x3=0x00000000
     396155.000 ns	     39614	80008738	eb2d6513	ori	x10,x26,-334	 x26:0x00000001 x10=0xfffffeb3
     396165.000 ns	     39615	8000873c	79dded37	lui	x26,0x79dde	 x26=0x79dde000
     396175.000 ns	     39616	80008740	01b71893	slli	x17,x14,0x1b	 x14:0x00000001 x17=0x08000000
     396185.000 ns	     39617	80008744	41d95893	srai	x17,x18,0x1d	 x18:0x649b0000 x17=0x00000003
     396205.000 ns	     39619	80008748	038e81b3	mul	x3,x29,x24	 x29:0x000006fe x24:0xfffffeb7  x3=0xfff70392
     396235.000 ns	     39622	8000874c	02e4a2b3	mulhsu	x5,x9,x14	  x9:0x00000000 x14:0x00000001  x5=0x00000000
     396265.000 ns	     39625	80008750	e00814d3	fclass.s	x9,f16	 f16:0x1f350483  x9=0x00000040
     396315.000 ns	     39630	80008754	081e99d3	fsub.s	f19,f29,f1	 f29:0xcd66c920  f1:0x4f7fffff f19=0xcf873648
     396335.000 ns	     39632	80008758	49e4c613	xori	x12,x9,1182	  x9:0x00000040 x12=0x000004de
     396355.000 ns	     39634	8000875c	036d8c33	mul	x24,x27,x22	 x27:0xf1936e1b x22:0xffffffff x24=0x0e6c91e5
     396375.000 ns	     39636	80008760	01531f93	slli	x31,x6,0x15	  x6:0x00000000 x31=0x00000000
     396395.000 ns	     39638	80008764	e00e0a53	fmv.x.w	x20,f28	 f28:0x4f7fffff x20=0x4f7fffff
     396415.000 ns	     39640	80008768	007d1013	slli	x0,x26,0x7	 x26:0x79dde000
     396775.000 ns	     39676	8000876c	035a5d33	divu	x26,x20,x21	 x20:0x4f7fffff x21:0x9b82c000 x26=0x00000000
     396795.000 ns	     39678	80008770	2c3d36b7	lui	x13,0x2c3d3	 x13=0x2c3d3000
     396815.000 ns	     39680	80008774	29c191d3	fmax.s	f3,f3,f28	  f3:0x1f350483 f28:0x4f7fffff  f3=0x4f7fffff
     396845.000 ns	     39683	80008778	e0089f53	fclass.s	x30,f17	 f17:0x00000000 x30=0x00000010
     396865.000 ns	     39685	8000877c	00000013	addi	x0,x0,0	  x0:0x00000000
     396905.000 ns	     39689	80008780	08d4fed3	fsub.s	f29,f9,f13	  f9:0x47350461 f13:0x7f800000 f29=0xff800000
     396955.000 ns	     39694	80008784	091effd3	fsub.s	f31,f29,f17	 f29:0xcd66c920 f17:0x00000000 f31=0xff800000
     396985.000 ns	     39697	80008788	032613b3	mulh	x7,x12,x18	 x12:0x000004de x18:0x649b0000  x7=0x000001e9
     397005.000 ns	     39699	8000878c	01325b13	srli	x22,x4,0x13	  x4:0x03f90000 x22=0x0000007f
     397035.000 ns	     39702	80008790	5807f453	fsqrt.s	f8,f15	 f15:0xff800000  f8=0x7fc00000
     397055.000 ns	     39704	80008794	f4ef7313	andi	x6,x30,-178	 x30:0x00000010  x6=0x00000000
     397065.000 ns	     39705	80008798	01ef9f33	sll	x30,x31,x30	 x31:0x00000000 x30:0x00000010 x30=0x00000000
     397075.000 ns	     39706	8000879c	5fbaf417	auipc	x8,0x5fbaf	  x8=0xdfbb779c
     397085.000 ns	     39707	800087a0	406a0ab3	sub	x21,x20,x6	 x20:0x4f7fffff  x6:0x00000000 x21=0x4f7fffff
     397115.000 ns	     39710	800087a4	19afc253	fdiv.s	f4,f31,f26	 f31:0xff800000 f26:0x00000000  f4=0xff800000
     397135.000 ns	     39712	800087a8	c3846137	lui	x2,0xc3846	  x2=0xc3846000
     397155.000 ns	     39714	800087ac	d000fdd3	fcvt.s.w	f27,x1	  x1:0x00000000 f27=0x00000000
     397175.000 ns	     39716	800087b0	010bdd13	srli	x26,x23,0x10	 x23:0x80040fe4 x26=0x00008004
     397185.000 ns	     39717	800087b4	4081d913	srai	x18,x3,0x8	  x3:0xfff70392 x18=0xfffff703
     397205.000 ns	     39719	800087b8	02546033	rem	x0,x8,x5	  x8:0xdfbb779c  x5:0x00000000
     397575.000 ns	     39756	800087bc	03835833	divu	x16,x6,x24	  x6:0x00000000 x24:0x0e6c91e5 x16=0x00000000
     397605.000 ns	     39759	800087c0	211b06d3	fsgnj.s	f13,f22,f17	 f22:0x00000000 f17:0x00000000 f13=0x00000000
     397975.000 ns	     39796	800087c4	02c74fb3	div	x31,x14,x12	 x14:0x00000001 x12:0x000004de x31=0x00000000
     398005.000 ns	     39799	800087c8	28248253	fmin.s	f4,f9,f2	  f9:0x47350461  f2:0x00000000  f4=0x00000000
     398025.000 ns	     39801	800087cc	4000de93	srai	x29,x1,0x0	  x1:0x00000000 x29=0x00000000
     398045.000 ns	     39803	800087d0	e00207d3	fmv.x.w	x15,f4	  f4:0x00000000 x15=0x00000000
     398415.000 ns	     39840	800087d4	02444633	div	x12,x8,x4	  x8:0xdfbb779c  x4:0x03f90000 x12=0xfffffff8
     398445.000 ns	     39843	800087d8	20859353	fsgnjn.s	f6,f11,f8	 f11:0xb47c053c  f8:0x7fc00000  f6=0xb47c053c
     398465.000 ns	     39845	800087dc	01c32833	slt	x16,x6,x28	  x6:0x00000000 x28:0x80041024 x16=0x00000000
     398485.000 ns	     39847	800087e0	a0131553	flt.s	x10,f6,f1	  f6:0xb47c053c  f1:0x4f7fffff x10=0x00000001
     398515.000 ns	     39850	800087e4	a0ac0fd3	fle.s	x31,f24,f10	 f24:0xb47c053c f10:0xcf000410 x31=0x00000000
     398535.000 ns	     39852	800087e8	005f15b3	sll	x11,x30,x5	 x30:0x00000000  x5:0x00000000 x11=0x00000000
     398555.000 ns	     39854	800087ec	03ed0933	mul	x18,x26,x30	 x26:0x00008004 x30:0x00000000 x18=0x00000000
     398925.000 ns	     39891	800087f0	023341b3	div	x3,x6,x3	  x6:0x00000000  x3:0xfff70392  x3=0x00000000
     398955.000 ns	     39894	800087f4	20ee8d53	fsgnj.s	f26,f29,f14	 f29:0xff800000 f14:0x4f000410 f26=0x7f800000
     398975.000 ns	     39896	800087f8	1f4cf893	andi	x17,x25,500	 x25:0x00000000 x17=0x00000000
     398995.000 ns	     39898	800087fc	f00a0d53	fmv.w.x	f26,x20	 x20:0x4f7fffff f26=0x4f7fffff
     399015.000 ns	     39900	80008800	715afcb7	lui	x25,0x715af	 x25=0x715af000
     399035.000 ns	     39902	80008804	03b10c33	mul	x24,x2,x27	  x2:0xc3846000 x27:0xf1936e1b x24=0xa0362000
     399055.000 ns	     39904	80008808	5a1655b7	lui	x11,0x5a165	 x11=0x5a165000
     399075.000 ns	     39906	8000880c	03679fb3	mulh	x31,x15,x22	 x15:0x00000000 x22:0x0000007f x31=0x00000000
     399095.000 ns	     39908	80008810	39528b13	addi	x22,x5,917	  x5:0x00000000 x22=0x00000395
     399125.000 ns	     39911	80008814	18d874d3	fdiv.s	f9,f16,f13	 f16:0x1f350483 f13:0x00000000  f9=0x7f800000
     399145.000 ns	     39913	80008818	00431313	slli	x6,x6,0x4	  x6:0x00000000  x6=0x00000000
     399165.000 ns	     39915	8000881c	203da4d3	fsgnjx.s	f9,f27,f3	 f27:0x00000000  f3:0x4f7fffff  f9=0x00000000
     399185.000 ns	     39917	80008820	00000013	addi	x0,x0,0	  x0:0x00000000
     399195.000 ns	     39918	80008824	016e9733	sll	x14,x29,x22	 x29:0x00000000 x22:0x00000395 x14=0x00000000
     399205.000 ns	     39919	80008828	40d15513	srai	x10,x2,0xd	  x2:0xc3846000 x10=0xfffe1c23
     399215.000 ns	     39920	8000882c	419fd893	srai	x17,x31,0x19	 x31:0x00000000 x17=0x00000000
     399225.000 ns	     39921	80008830	99572993	slti	x19,x14,-1643	 x14:0x00000000 x19=0x00000000
     399245.000 ns	     39923	80008834	c009fa53	fcvt.w.s	x20,f19	 f19:0xcf873648 x20=0x80000000
     399275.000 ns	     39926	80008838	c012f3d3	fcvt.wu.s	x7,f5	  f5:0x7f800000  x7=0xffffffff
     399305.000 ns	     39929	8000883c	29951fd3	fmax.s	f31,f10,f25	 f10:0xcf000410 f25:0xcf000410 f31=0xcf000410
     399325.000 ns	     39931	80008840	01668a33	add	x20,x13,x22	 x13:0x2c3d3000 x22:0x00000395 x20=0x2c3d3395
     399335.000 ns	     39932	80008844	01818cb3	add	x25,x3,x24	  x3:0x00000000 x24:0xa0362000 x25=0xa0362000
     399345.000 ns	     39933	80008848	9a3c3193	sltiu	x3,x24,-1629	 x24:0xa0362000  x3=0x00000001
     399355.000 ns	     39934	8000884c	01fcc333	xor	x6,x25,x31	 x25:0x715af000 x31:0x00000000  x6=0xa0362000
     399375.000 ns	     39936	80008850	f00a84d3	fmv.w.x	f9,x21	 x21:0x4f7fffff  f9=0x4f7fffff
     399395.000 ns	     39938	80008854	011bf5b3	and	x11,x23,x17	 x23:0x80040fe4 x17:0x00000000 x11=0x00000000
     399405.000 ns	     39939	80008858	00d911b3	sll	x3,x18,x13	 x18:0x00000000 x13:0x2c3d3000  x3=0x00000000
     399425.000 ns	     39941	8000885c	a0fc96d3	flt.s	x13,f25,f15	 f25:0xcf000410 f15:0xff800000 x13=0x00000000
     399455.000 ns	     39944	80008860	036b9433	mulh	x8,x23,x22	 x23:0x80040fe4 x22:0x00000395  x8=0xfffffe35
     399475.000 ns	     39946	80008864	01d39533	sll	x10,x7,x29	  x7:0xffffffff x29:0x00000000 x10=0xffffffff
     399495.000 ns	     39948	80008868	28b18ed3	fmin.s	f29,f3,f11	  f3:0x4f7fffff f11:0xb47c053c f29=0xb47c053c
     399525.000 ns	     39951	8000886c	21e70053	fsgnj.s	f0,f14,f30	 f14:0x4f000410 f30:0xcf7fffff  f0=0xcf000410
     399545.000 ns	     39953	80008870	40c083b3	sub	x7,x1,x12	  x1:0x00000000 x12:0xfffffff8  x7=0x00000008
     399565.000 ns	     39955	80008874	d0138c53	fcvt.s.wu	f24,x7	  x7:0xffffffff f24=0x41000000
     399595.000 ns	     39958	80008878	206c92d3	fsgnjn.s	f5,f25,f6	 f25:0xcf000410  f6:0xb47c053c  f5=0x4f000410
     399625.000 ns	     39961	8000887c	e00b9ed3	fclass.s	x29,f23	 f23:0x00000000 x29=0x00000010
     399665.000 ns	     39965	80008880	11ec7253	fmul.s	f4,f24,f30	 f24:0x41000000 f30:0xcf7fffff  f4=0xd1000000
     399685.000 ns	     39967	80008884	013d1593	slli	x11,x26,0x13	 x26:0x00008004 x11=0x00200000
     400015.000 ns	     40000	80008888	1869b853	fdiv.s	f16,f19,f6	 f19:0xcf873648  f6:0xb47c053c f16=0x5abee348
     400045.000 ns	     40003	8000888c	a00a23d3	feq.s	x7,f20,f0	 f20:0x00000000  f0:0xcf000410  x7=0x00000000
     400415.000 ns	     40040	80008890	0388e233	rem	x4,x17,x24	 x17:0x00000000 x24:0xa0362000  x4=0x00000000
     400435.000 ns	     40042	80008894	6dde6793	ori	x15,x28,1757	 x28:0x80041024 x15=0x800416fd
     400465.000 ns	     40045	80008898	5808fbd3	fsqrt.s	f23,f17	 f17:0x00000000 f23=0x00000000
     400485.000 ns	     40047	8000889c	702d0b13	addi	x22,x26,1794	 x26:0x00008004 x22=0x00008706
     400495.000 ns	     40048	800088a0	01e65533	srl	x10,x12,x30	 x12:0xfffffff8 x30:0x00000000 x10=0xfffffff8
     400515.000 ns	     40050	800088a4	21ce06d3	fsgnj.s	f13,f28,f28	 f28:0x4f7fffff f28:0x4f7fffff f13=0x4f7fffff
     400545.000 ns	     40053	800088a8	0232a7b3	mulhsu	x15,x5,x3	  x5:0x00000000  x3:0x00000000 x15=0x00000000
     400565.000 ns	     40055	800088ac	0166da13	srli	x20,x13,0x16	 x13:0x00000000 x20=0x00000000
     400585.000 ns	     40057	800088b0	f00e02d3	fmv.w.x	f5,x28	 x28:0x80041024  f5=0x80041024
     400615.000 ns	     40060	800088b4	28b609d3	fmin.s	f19,f12,f11	 f12:0x80000000 f11:0xb47c053c f19=0xb47c053c
     400635.000 ns	     40062	800088b8	0015d533	srl	x10,x11,x1	 x11:0x00200000  x1:0x00000000 x10=0x00200000
     400995.000 ns	     40098	800088bc	02a9d6b3	divu	x13,x19,x10	 x19:0x00000000 x10:0xfffffff8 x13=0x00000000
     401015.000 ns	     40100	800088c0	011613b3	sll	x7,x12,x17	 x12:0xfffffff8 x17:0x00000000  x7=0xfffffff8
     401035.000 ns	     40102	800088c4	214b14d3	fsgnjn.s	f9,f22,f20	 f22:0x00000000 f20:0x00000000  f9=0x80000000
     401065.000 ns	     40105	800088c8	023dc1b3	div	x3,x27,x3	 x27:0xf1936e1b  x3:0x00000000  x3=0xffffffff
     401095.000 ns	     40108	800088cc	a1559953	flt.s	x18,f11,f21	 f11:0xb47c053c f21:0xb47c053c x18=0x00000000
     401115.000 ns	     40110	800088d0	00089893	slli	x17,x17,0x0	 x17:0x00000000 x17=0x00000000
     401145.000 ns	     40113	800088d4	1179f8d3	fmul.s	f17,f19,f23	 f19:0xb47c053c f23:0x00000000 f17=0x80000000
     401185.000 ns	     40117	800088d8	580af2d3	fsqrt.s	f5,f21	 f21:0xb47c053c  f5=0x7fc00000
     401205.000 ns	     40119	800088dc	008e6133	or	x2,x28,x8	 x28:0x80041024  x8:0xfffffe35  x2=0xfffffe35
     401215.000 ns	     40120	800088e0	47ad2f93	slti	x31,x26,1146	 x26:0x00008004 x31=0x00000000
     401225.000 ns	     40121	800088e4	01eaad33	slt	x26,x21,x30	 x21:0x4f7fffff x30:0x00000000 x26=0x00000000
     401245.000 ns	     40123	800088e8	02ebef33	rem	x30,x23,x14	 x23:0x80040fe4 x14:0x00000000 x30=0x80040fe4
     401265.000 ns	     40125	800088ec	a997b193	sltiu	x3,x15,-1383	 x15:0x00000000  x3=0x00000001
     401275.000 ns	     40126	800088f0	8d933d13	sltiu	x26,x6,-1831	  x6:0xa0362000 x26=0x00000001
     401305.000 ns	     40129	800088f4	580581d3	fsqrt.s	f3,f11	 f11:0xb47c053c  f3=0x7fc00000
     401335.000 ns	     40132	800088f8	219502d3	fsgnj.s	f5,f10,f25	 f10:0xcf000410 f25:0xcf000410  f5=0xcf000410
     401355.000 ns	     40134	800088fc	99726f13	ori	x30,x4,-1641	  x4:0x00000000 x30=0xfffff997
     401375.000 ns	     40136	80008900	e00b09d3	fmv.x.w	x19,f22	 f22:0x00000000 x19=0x00000000
     401415.000 ns	     40140	80008904	58027d53	fsqrt.s	f26,f4	  f4:0xd1000000 f26=0x7fc00000
     401465.000 ns	     40145	80008908	08a5a7d3	fsub.s	f15,f11,f10	 f11:0xb47c053c f10:0xcf000410 f15=0x4f000410
     401505.000 ns	     40149	8000890c	118b1053	fmul.s	f0,f22,f24	 f22:0x00000000 f24:0x41000000  f0=0x00000000
     401525.000 ns	     40151	80008910	01126ab3	or	x21,x4,x17	  x4:0x00000000 x17:0x00000000 x21=0x00000000
     401545.000 ns	     40153	80008914	c01d90d3	fcvt.wu.s	x1,f27	 f27:0x00000000  x1=0x00000000
     401575.000 ns	     40156	80008918	a02a91d3	flt.s	x3,f21,f2	 f21:0xb47c053c  f2:0x00000000  x3=0x00000001
     401945.000 ns	     40193	8000891c	03aee933	rem	x18,x29,x26	 x29:0x00000010 x26:0x00000001 x18=0x00000000
     401965.000 ns	     40195	80008920	759bb117	auipc	x2,0x759bb	  x2=0xf59c3920
     401975.000 ns	     40196	80008924	2e60fb13	andi	x22,x1,742	  x1:0x00000000 x22=0x00000000
     401995.000 ns	     40198	80008928	299102d3	fmin.s	f5,f2,f25	  f2:0x00000000 f25:0xcf000410  f5=0xcf000410
     402015.000 ns	     40200	8000892c	d1cd2493	slti	x9,x26,-740	 x26:0x00000001  x9=0x00000000
     402055.000 ns	     40204	80008930	01533d53	fadd.s	f26,f6,f21	  f6:0xb47c053c f21:0xb47c053c f26=0xb4fc053c
     402085.000 ns	     40207	80008934	03478033	mul	x0,x15,x20	 x15:0x00000000 x20:0x00000000
     402125.000 ns	     40211	80008938	1821f553	fdiv.s	f10,f3,f2	  f3:0x7fc00000  f2:0x00000000 f10=0x7fc00000
     402145.000 ns	     40213	8000893c	019bb6b3	sltu	x13,x23,x25	 x23:0x80040fe4 x25:0xa0362000 x13=0x00000001
     402155.000 ns	     40214	80008940	00f42333	slt	x6,x8,x15	  x8:0xfffffe35 x15:0x00000000  x6=0x00000001
     402165.000 ns	     40215	80008944	01345113	srli	x2,x8,0x13	  x8:0xfffffe35  x2=0x00001fff
     402525.000 ns	     40251	80008948	02646a33	rem	x20,x8,x6	  x8:0xfffffe35  x6:0xa0362000 x20=0x00000000
     402545.000 ns	     40253	8000894c	41738633	sub	x12,x7,x23	  x7:0xfffffff8 x23:0x80040fe4 x12=0x7ffbf014
     402905.000 ns	     40289	80008950	03c05f33	divu	x30,x0,x28	  x0:0x00000000 x28:0x80041024 x30=0x00000000
     402925.000 ns	     40291	80008954	00e79c93	slli	x25,x15,0xe	 x15:0x00000000 x25=0x00000000
     402935.000 ns	     40292	80008958	75c22a93	slti	x21,x4,1884	  x4:0x00000000 x21=0x00000001
     402955.000 ns	     40294	8000895c	d00f7c53	fcvt.s.w	f24,x30	 x30:0x00000000 f24=0x00000000
     402975.000 ns	     40296	80008960	07cd0913	addi	x18,x26,124	 x26:0x00000001 x18=0x0000007d
     402985.000 ns	     40297	80008964	01713f33	sltu	x30,x2,x23	  x2:0x00001fff x23:0x80040fe4 x30=0x00000001
     403005.000 ns	     40299	80008968	28891a53	fmax.s	f20,f18,f8	 f18:0x347c053c  f8:0x7fc00000 f20=0x347c053c
     403025.000 ns	     40301	8000896c	02864a93	xori	x21,x12,40	 x12:0x7ffbf014 x21=0x7ffbf03c
     403035.000 ns	     40302	80008970	00a99233	sll	x4,x19,x10	 x19:0x00000000 x10:0x00200000  x4=0x00000000
     403055.000 ns	     40304	80008974	03fe0b33	mul	x22,x28,x31	 x28:0x80041024 x31:0x00000000 x22=0x00000000
     403105.000 ns	     40309	80008978	01a3fb53	fadd.s	f22,f7,f26	  f7:0x4d66c920 f26:0xb4fc053c f22=0x4d66c920
     403135.000 ns	     40312	8000897c	a0519c53	flt.s	x24,f3,f5	  f3:0x7fc00000  f5:0xcf000410 x24=0x00000000
     403155.000 ns	     40314	80008980	bf8fa813	slti	x16,x31,-1032	 x31:0x00000000 x16=0x00000000
     403175.000 ns	     40316	80008984	02ac93b3	mulh	x7,x25,x10	 x25:0x00000000 x10:0x00200000  x7=0x00000000
     403195.000 ns	     40318	80008988	a1fbc193	xori	x3,x23,-1505	 x23:0x80040fe4  x3=0x7ffbf5fb
     403215.000 ns	     40320	8000898c	28459b53	fmax.s	f22,f11,f4	 f11:0xb47c053c  f4:0xd1000000 f22=0xb47c053c
     403245.000 ns	     40323	80008990	e00981d3	fmv.x.w	x3,f19	 f19:0xb47c053c  x3=0xb47c053c
     403275.000 ns	     40326	80008994	020511b3	mulh	x3,x10,x0	 x10:0x00200000  x0:0x00000000  x3=0x00000000
     403295.000 ns	     40328	80008998	01b523b3	slt	x7,x10,x27	 x10:0x00200000 x27:0xf1936e1b  x7=0x00000000
     403335.000 ns	     40332	8000899c	0898f0d3	fsub.s	f1,f17,f9	 f17:0x80000000  f9:0x80000000  f1=0x00000000
     403375.000 ns	     40336	800089a0	103fa3d3	fmul.s	f7,f31,f3	 f31:0xcf000410  f3:0x7fc00000  f7=0x7fc00000
     403405.000 ns	     40339	800089a4	e00d9953	fclass.s	x18,f27	 f27:0x00000000 x18=0x00000010
     403435.000 ns	     40342	800089a8	d0017e53	fcvt.s.w	f28,x2	  x2:0x00001fff f28=0x45fff800
     403465.000 ns	     40345	800089ac	f00d0753	fmv.w.x	f14,x26	 x26:0x00000001 f14=0x00000001
     403495.000 ns	     40348	800089b0	e00395d3	fclass.s	x11,f7	  f7:0x7fc00000 x11=0x00000200
     403525.000 ns	     40351	800089b4	a0f386d3	fle.s	x13,f7,f15	  f7:0x7fc00000 f15:0x4f000410 x13=0x00000000
     403565.000 ns	     40355	800089b8	1885f253	fdiv.s	f4,f11,f8	 f11:0xb47c053c  f8:0x7fc00000  f4=0x7fc00000
     403585.000 ns	     40357	800089bc	01f64b33	xor	x22,x12,x31	 x12:0x7ffbf014 x31:0x00000000 x22=0x7ffbf014
     403605.000 ns	     40359	800089c0	294902d3	fmin.s	f5,f18,f20	 f18:0x347c053c f20:0x347c053c  f5=0x347c053c
     403625.000 ns	     40361	800089c4	0142efb3	or	x31,x5,x20	  x5:0x00000000 x20:0x00000000 x31=0x00000000
     403635.000 ns	     40362	800089c8	cb9bb893	sltiu	x17,x23,-839	 x23:0x80040fe4 x17=0x00000001
     403645.000 ns	     40363	800089cc	00000013	addi	x0,x0,0	  x0:0x00000000
     403655.000 ns	     40364	800089d0	ec90b693	sltiu	x13,x1,-311	  x1:0x00000000 x13=0x00000001
     403665.000 ns	     40365	800089d4	01311533	sll	x10,x2,x19	  x2:0x00001fff x19:0x00000000 x10=0x00001fff
     403675.000 ns	     40366	800089d8	00a49933	sll	x18,x9,x10	  x9:0x00000000 x10:0x00200000 x18=0x00000000
     403685.000 ns	     40367	800089dc	0183ab33	slt	x22,x7,x24	  x7:0x00000000 x24:0x00000000 x22=0x00000000
     403705.000 ns	     40369	800089e0	21669253	fsgnjn.s	f4,f13,f22	 f13:0x4f7fffff f22:0xb47c053c  f4=0x4f7fffff
     403735.000 ns	     40372	800089e4	0245dd33	divu	x26,x11,x4	 x11:0x00000200  x4:0x00000000 x26=0xffffffff
     403755.000 ns	     40374	800089e8	00995cb3	srl	x25,x18,x9	 x18:0x00000000  x9:0x00000000 x25=0x00000000
     403775.000 ns	     40376	800089ec	a0d58353	fle.s	x6,f11,f13	 f11:0xb47c053c f13:0x4f7fffff  x6=0x00000001
     403795.000 ns	     40378	800089f0	01a64fb3	xor	x31,x12,x26	 x12:0x7ffbf014 x26:0xffffffff x31=0x80040feb
     403815.000 ns	     40380	800089f4	d01a70d3	fcvt.s.wu	f1,x20	 x20:0x00000000  f1=0x00000000
     403835.000 ns	     40382	800089f8	00b38933	add	x18,x7,x11	  x7:0x00000000 x11:0x00000200 x18=0x00000200
     403855.000 ns	     40384	800089fc	e00692d3	fclass.s	x5,f13	 f13:0x4f7fffff  x5=0x00000040
     404225.000 ns	     40421	80008a00	03e3c3b3	div	x7,x7,x30	  x7:0x00000000 x30:0x00000001  x7=0x00000000
     404245.000 ns	     40423	80008a04	16996b13	ori	x22,x18,361	 x18:0x00000200 x22=0x00000369
     404605.000 ns	     40459	80008a08	03b6fab3	remu	x21,x13,x27	 x13:0x00000001 x27:0xf1936e1b x21=0x00000001
     404625.000 ns	     40461	80008a0c	00db8eb3	add	x29,x23,x13	 x23:0x80040fe4 x13:0x00000001 x29=0x80040fe5
     404645.000 ns	     40463	80008a10	0216e733	rem	x14,x13,x1	 x13:0x00000001  x1:0x00000000 x14=0x00000001
     404665.000 ns	     40465	80008a14	40155633	sra	x12,x10,x1	 x10:0x00001fff  x1:0x00000000 x12=0x00001fff
     404695.000 ns	     40468	80008a18	183bf453	fdiv.s	f8,f23,f3	 f23:0x00000000  f3:0x7fc00000  f8=0x7fc00000
     404715.000 ns	     40470	80008a1c	c3eba797	auipc	x15,0xc3eba	 x15=0x43ec2a1c
     404735.000 ns	     40472	80008a20	e00a98d3	fclass.s	x17,f21	 f21:0xb47c053c x17=0x00000002
     404755.000 ns	     40474	80008a24	520f4f93	xori	x31,x30,1312	 x30:0x00000001 x31=0x00000521
     404765.000 ns	     40475	80008a28	012fa733	slt	x14,x31,x18	 x31:0x80040feb x18:0x00000200 x14=0x00000000
     405125.000 ns	     40511	80008a2c	0353e433	rem	x8,x7,x21	  x7:0x00000000 x21:0x00000001  x8=0x00000000
     405175.000 ns	     40516	80008a30	09f9ac53	fsub.s	f24,f19,f31	 f19:0xb47c053c f31:0xcf000410 f24=0x4f000410
     405205.000 ns	     40519	80008a34	c01b7b53	fcvt.wu.s	x22,f22	 f22:0xb47c053c x22=0x00000000
     405225.000 ns	     40521	80008a38	0b49f593	andi	x11,x19,180	 x19:0x00000000 x11=0x00000000
     405235.000 ns	     40522	80008a3c	012a9813	slli	x16,x21,0x12	 x21:0x00000001 x16=0x00040000
     405255.000 ns	     40524	80008a40	02b3cd33	div	x26,x7,x11	  x7:0x00000000 x11:0x00000200 x26=0xffffffff
     405275.000 ns	     40526	80008a44	bcf98c93	addi	x25,x19,-1073	 x19:0x00000000 x25=0xfffffbcf
     405285.000 ns	     40527	80008a48	0453f293	andi	x5,x7,69	  x7:0x00000000  x5=0x00000000
     405295.000 ns	     40528	80008a4c	947a8893	addi	x17,x21,-1721	 x21:0x00000001 x17=0xfffff948
     405315.000 ns	     40530	80008a50	21da27d3	fsgnjx.s	f15,f20,f29	 f20:0x347c053c f29:0xb47c053c f15=0xb47c053c
     405335.000 ns	     40532	80008a54	1a3bc693	xori	x13,x23,419	 x23:0x80040fe4 x13=0x80040e47
     405375.000 ns	     40536	80008a58	009a15d3	fadd.s	f11,f20,f9	 f20:0x347c053c  f9:0x80000000 f11=0x347c053c
     405405.000 ns	     40539	80008a5c	a1cf2d53	feq.s	x26,f30,f28	 f30:0xcf7fffff f28:0x45fff800 x26=0x00000000
     405435.000 ns	     40542	80008a60	e00e00d3	fmv.x.w	x1,f28	 f28:0x45fff800  x1=0x45fff800
     405465.000 ns	     40545	80008a64	c00af253	fcvt.w.s	x4,f21	 f21:0xb47c053c  x4=0x00000000
     405835.000 ns	     40582	80008a68	022cfd33	remu	x26,x25,x2	 x25:0xfffffbcf  x2:0x00001fff x26=0x00001c0e
     405855.000 ns	     40584	80008a6c	e0d356b7	lui	x13,0xe0d35	 x13=0xe0d35000
     405875.000 ns	     40586	80008a70	a19003d3	fle.s	x7,f0,f25	  f0:0x00000000 f25:0xcf000410  x7=0x00000000
     405905.000 ns	     40589	80008a74	29dd97d3	fmax.s	f15,f27,f29	 f27:0x00000000 f29:0xb47c053c f15=0x00000000
     405935.000 ns	     40592	80008a78	f00b8cd3	fmv.w.x	f25,x23	 x23:0x80040fe4 f25=0x80040fe4
     405955.000 ns	     40594	80008a7c	01792c33	slt	x24,x18,x23	 x18:0x00000200 x23:0x80040fe4 x24=0x00000000
     405965.000 ns	     40595	80008a80	1228cf93	xori	x31,x17,290	 x17:0xfffff948 x31=0xfffff86a
     405975.000 ns	     40596	80008a84	40c6d2b3	sra	x5,x13,x12	 x13:0xe0d35000 x12:0x00001fff  x5=0xffffffff
     405995.000 ns	     40598	80008a88	e00b08d3	fmv.x.w	x17,f22	 f22:0xb47c053c x17=0xb47c053c
     406015.000 ns	     40600	80008a8c	013ee533	or	x10,x29,x19	 x29:0x80040fe5 x19:0x00000000 x10=0x80040fe5
     406025.000 ns	     40601	80008a90	01a0bb33	sltu	x22,x1,x26	  x1:0x45fff800 x26:0x00001c0e x22=0x00000000
     406385.000 ns	     40637	80008a94	022fd0b3	divu	x1,x31,x2	 x31:0xfffff86a  x2:0x00001fff  x1=0x0008003f
     406405.000 ns	     40639	80008a98	a4b26393	ori	x7,x4,-1461	  x4:0x00000000  x7=0xfffffa4b
     406765.000 ns	     40675	80008a9c	02d3d2b3	divu	x5,x7,x13	  x7:0x00000000 x13:0xe0d35000  x5=0x00000001
     406785.000 ns	     40677	80008aa0	408ad233	sra	x4,x21,x8	 x21:0x00000001  x8:0x00000000  x4=0x00000001
     406825.000 ns	     40681	80008aa4	012f75d3	fadd.s	f11,f30,f18	 f30:0xcf7fffff f18:0x347c053c f11=0xcf7fffff
     406845.000 ns	     40683	80008aa8	4153d293	srai	x5,x7,0x15	  x7:0xfffffa4b  x5=0xffffffff
     406855.000 ns	     40684	80008aac	452e4f93	xori	x31,x28,1106	 x28:0x80041024 x31=0x80041476
     406875.000 ns	     40686	80008ab0	a0ba01d3	fle.s	x3,f20,f11	 f20:0x347c053c f11:0xcf7fffff  x3=0x00000000
     406895.000 ns	     40688	80008ab4	40835613	srai	x12,x6,0x8	  x6:0x00000001 x12=0x00000000
     406915.000 ns	     40690	80008ab8	a14ba4d3	feq.s	x9,f23,f20	 f23:0x00000000 f20:0x347c053c  x9=0x00000000
     406945.000 ns	     40693	80008abc	d01b80d3	fcvt.s.wu	f1,x23	 x23:0x80040fe4  f1=0x4f000410
     406975.000 ns	     40696	80008ac0	a1920553	fle.s	x10,f4,f25	  f4:0x4f7fffff f25:0x80040fe4 x10=0x00000000
     407005.000 ns	     40699	80008ac4	f0008f53	fmv.w.x	f30,x1	  x1:0x0008003f f30=0x0008003f
     407035.000 ns	     40702	80008ac8	d01bf953	fcvt.s.wu	f18,x23	 x23:0x80040fe4 f18=0x4f00040f
     407055.000 ns	     40704	80008acc	e17aaf93	slti	x31,x21,-489	 x21:0x00000001 x31=0x00000000
     407065.000 ns	     40705	80008ad0	006ec833	xor	x16,x29,x6	 x29:0x80040fe5  x6:0x00000001 x16=0x80040fe4
     407085.000 ns	     40707	80008ad4	21831b53	fsgnjn.s	f22,f6,f24	  f6:0xb47c053c f24:0x4f000410 f22=0xb47c053c
     407115.000 ns	     40710	80008ad8	02326ab3	rem	x21,x4,x3	  x4:0x00000001  x3:0x00000000 x21=0x00000001
     407165.000 ns	     40715	80008adc	09bc8c53	fsub.s	f24,f25,f27	 f25:0x80040fe4 f27:0x00000000 f24=0x80040fe4
     407185.000 ns	     40717	80008ae0	00c9ecb3	or	x25,x19,x12	 x19:0x00000000 x12:0x00000000 x25=0x00000000
     407215.000 ns	     40720	80008ae4	5803a1d3	fsqrt.s	f3,f7	  f7:0x7fc00000  f3=0x7fc00000
     407245.000 ns	     40723	80008ae8	a0341453	flt.s	x8,f8,f3	  f8:0x7fc00000  f3:0x7fc00000  x8=0x00000000
     407265.000 ns	     40725	80008aec	0087a733	slt	x14,x15,x8	 x15:0x43ec2a1c  x8:0x00000000 x14=0x00000000
     407285.000 ns	     40727	80008af0	c01a72d3	fcvt.wu.s	x5,f20	 f20:0x347c053c  x5=0x00000000
     407305.000 ns	     40729	80008af4	00afa033	slt	x0,x31,x10	 x31:0x00000000 x10:0x00000000
     407335.000 ns	     40732	80008af8	58034353	fsqrt.s	f6,f6	  f6:0xb47c053c  f6=0x7fc00000
     407355.000 ns	     40734	80008afc	01a57733	and	x14,x10,x26	 x10:0x00000000 x26:0x00001c0e x14=0x00000000
     407375.000 ns	     40736	80008b00	c0041fd3	fcvt.w.s	x31,f8	  f8:0x7fc00000 x31=0x7fffffff
     407405.000 ns	     40739	80008b04	02cc8133	mul	x2,x25,x12	 x25:0x00000000 x12:0x00000000  x2=0x00000000
     407425.000 ns	     40741	80008b08	41e00533	sub	x10,x0,x30	  x0:0x00000000 x30:0x00000001 x10=0xffffffff
     407445.000 ns	     40743	80008b0c	20348853	fsgnj.s	f16,f9,f3	  f9:0x80000000  f3:0x7fc00000 f16=0x00000000
     407465.000 ns	     40745	80008b10	004d25b3	slt	x11,x26,x4	 x26:0x00001c0e  x4:0x00000001 x11=0x00000000
     407475.000 ns	     40746	80008b14	cf2db413	sltiu	x8,x27,-782	 x27:0xf1936e1b  x8=0x00000001
     407495.000 ns	     40748	80008b18	02f73fb3	mulhu	x31,x14,x15	 x14:0x00000000 x15:0x43ec2a1c x31=0x00000000
     407515.000 ns	     40750	80008b1c	76283593	sltiu	x11,x16,1890	 x16:0x80040fe4 x11=0x00000000
     407525.000 ns	     40751	80008b20	9a670c13	addi	x24,x14,-1626	 x14:0x00000000 x24=0xfffff9a6
     407535.000 ns	     40752	80008b24	6340b213	sltiu	x4,x1,1588	  x1:0x0008003f  x4=0x00000000
     407545.000 ns	     40753	80008b28	30258493	addi	x9,x11,770	 x11:0x00000000  x9=0x00000302
     407555.000 ns	     40754	80008b2c	52de2513	slti	x10,x28,1325	 x28:0x80041024 x10=0x00000001
     407565.000 ns	     40755	80008b30	5133da17	auipc	x20,0x5133d	 x20=0xd1345b30
     407575.000 ns	     40756	80008b34	00a50233	add	x4,x10,x10	 x10:0xffffffff x10:0xffffffff  x4=0x00000002
     407585.000 ns	     40757	80008b38	00000013	addi	x0,x0,0	  x0:0x00000000
     407605.000 ns	     40759	80008b3c	033da0b3	mulhsu	x1,x27,x19	 x27:0xf1936e1b x19:0x00000000  x1=0x00000000
     407645.000 ns	     40763	80008b40	11f04753	fmul.s	f14,f0,f31	  f0:0x00000000 f31:0xcf000410 f14=0x80000000
     407675.000 ns	     40766	80008b44	e00c1453	fclass.s	x8,f24	 f24:0x80040fe4  x8=0x00000004
     407705.000 ns	     40769	80008b48	20f384d3	fsgnj.s	f9,f7,f15	  f7:0x7fc00000 f15:0x00000000  f9=0x7fc00000
     407725.000 ns	     40771	80008b4c	24b4f713	andi	x14,x9,587	  x9:0x00000302 x14=0x00000202
     407745.000 ns	     40773	80008b50	e0068b53	fmv.x.w	x22,f13	 f13:0x4f7fffff x22=0x4f7fffff
     407765.000 ns	     40775	80008b54	405a56b3	sra	x13,x20,x5	 x20:0xd1345b30  x5:0x00000000 x13=0xd1345b30
     407795.000 ns	     40778	80008b58	18ee80d3	fdiv.s	f1,f29,f14	 f29:0xb47c053c f14:0x80000000  f1=0x7f800000
     407815.000 ns	     40780	80008b5c	14040893	addi	x17,x8,320	  x8:0x00000004 x17=0x00000144
     407825.000 ns	     40781	80008b60	00e9e733	or	x14,x19,x14	 x19:0x00000000 x14:0x00000202 x14=0x00000202
     407835.000 ns	     40782	80008b64	01452233	slt	x4,x10,x20	 x10:0x00000001 x20:0xd1345b30  x4=0x00000000
     407855.000 ns	     40784	80008b68	0365b133	mulhu	x2,x11,x22	 x11:0x00000000 x22:0x4f7fffff  x2=0x00000000
     407875.000 ns	     40786	80008b6c	00b896b3	sll	x13,x17,x11	 x17:0x00000144 x11:0x00000000 x13=0x00000144
     407885.000 ns	     40787	80008b70	00a208b3	add	x17,x4,x10	  x4:0x00000000 x10:0x00000001 x17=0x00000001
     407895.000 ns	     40788	80008b74	c0690437	lui	x8,0xc0690	  x8=0xc0690000
     407915.000 ns	     40790	80008b78	c01a2953	fcvt.wu.s	x18,f20	 f20:0x347c053c x18=0x00000001
     407935.000 ns	     40792	80008b7c	e3e60913	addi	x18,x12,-450	 x12:0x00000000 x18=0xfffffe3e
     407955.000 ns	     40794	80008b80	d005f753	fcvt.s.w	f14,x11	 x11:0x00000000 f14=0x00000000
     407985.000 ns	     40797	80008b84	20052bd3	fsgnjx.s	f23,f10,f0	 f10:0x7fc00000  f0:0x00000000 f23=0x7fc00000
     408015.000 ns	     40800	80008b88	21cdaa53	fsgnjx.s	f20,f27,f28	 f27:0x00000000 f28:0x45fff800 f20=0x00000000
     408035.000 ns	     40802	80008b8c	00134b33	xor	x22,x6,x1	  x6:0x00000001  x1:0x00000000 x22=0x00000001
     408045.000 ns	     40803	80008b90	459ad8b7	lui	x17,0x459ad	 x17=0x459ad000
     408065.000 ns	     40805	80008b94	03769cb3	mulh	x25,x13,x23	 x13:0x00000144 x23:0x80040fe4 x25=0xffffff5e
     408115.000 ns	     40810	80008b98	08bd7153	fsub.s	f2,f26,f11	 f26:0xb4fc053c f11:0xcf7fffff  f2=0x4f7fffff
     408135.000 ns	     40812	80008b9c	01dbde93	srli	x29,x23,0x1d	 x23:0x80040fe4 x29=0x00000004
     408155.000 ns	     40814	80008ba0	a0828453	fle.s	x8,f5,f8	  f5:0x347c053c  f8:0x7fc00000  x8=0x00000000
     408175.000 ns	     40816	80008ba4	81f5fd13	andi	x26,x11,-2017	 x11:0x00000000 x26=0x00000000
     408535.000 ns	     40852	80008ba8	03b363b3	rem	x7,x6,x27	  x6:0x00000001 x27:0xf1936e1b  x7=0x00000001
     408555.000 ns	     40854	80008bac	011a7233	and	x4,x20,x17	 x20:0xd1345b30 x17:0x459ad000  x4=0x41105000
     408565.000 ns	     40855	80008bb0	012edb13	srli	x22,x29,0x12	 x29:0x00000004 x22=0x00000000
     408575.000 ns	     40856	80008bb4	4143df33	sra	x30,x7,x20	  x7:0x00000001 x20:0xd1345b30 x30=0x00000000
     408585.000 ns	     40857	80008bb8	000a3c33	sltu	x24,x20,x0	 x20:0xd1345b30  x0:0x00000000 x24=0x00000000
     408605.000 ns	     40859	80008bbc	e00c09d3	fmv.x.w	x19,f24	 f24:0x80040fe4 x19=0x80040fe4
     408625.000 ns	     40861	80008bc0	09c3f893	andi	x17,x7,156	  x7:0x00000001 x17=0x00000000
     408635.000 ns	     40862	80008bc4	019d1a93	slli	x21,x26,0x19	 x26:0x00000000 x21=0x00000000
     408655.000 ns	     40864	80008bc8	02bd7eb3	remu	x29,x26,x11	 x26:0x00000000 x11:0x00000000 x29=0x00000000
     408675.000 ns	     40866	80008bcc	01935293	srli	x5,x6,0x19	  x6:0x00000001  x5=0x00000000
     408685.000 ns	     40867	80008bd0	010b9013	slli	x0,x23,0x10	 x23:0x80040fe4
     408695.000 ns	     40868	80008bd4	01733ab3	sltu	x21,x6,x23	  x6:0x00000001 x23:0x80040fe4 x21=0x00000001
     408715.000 ns	     40870	80008bd8	d0020553	fcvt.s.w	f10,x4	  x4:0x41105000 f10=0x4e8220a0
     408735.000 ns	     40872	80008bdc	01926433	or	x8,x4,x25	  x4:0x41105000 x25:0xffffff5e  x8=0xffffff5e
     408745.000 ns	     40873	80008be0	013a9213	slli	x4,x21,0x13	 x21:0x00000001  x4=0x00080000
     408755.000 ns	     40874	80008be4	05ac8d17	auipc	x26,0x5ac8	 x26=0x85ad0be4
     408775.000 ns	     40876	80008be8	02bd05b3	mul	x11,x26,x11	 x26:0x00000000 x11:0x00000000 x11=0x00000000
     408805.000 ns	     40879	80008bec	e0068d53	fmv.x.w	x26,f13	 f13:0x4f7fffff x26=0x4f7fffff
     408845.000 ns	     40883	80008bf0	11487a53	fmul.s	f20,f16,f20	 f16:0x00000000 f20:0x00000000 f20=0x00000000
     408865.000 ns	     40885	80008bf4	007fe7b3	or	x15,x31,x7	 x31:0x00000000  x7:0x00000001 x15=0x00000001
     408885.000 ns	     40887	80008bf8	c01ff3d3	fcvt.wu.s	x7,f31	 f31:0xcf000410  x7=0x80041000
     408915.000 ns	     40890	80008bfc	e00b1953	fclass.s	x18,f22	 f22:0xb47c053c x18=0x00000002
     408945.000 ns	     40893	80008c00	c01b74d3	fcvt.wu.s	x9,f22	 f22:0xb47c053c  x9=0x00000000
     408965.000 ns	     40895	80008c04	40d806b3	sub	x13,x16,x13	 x16:0x80040fe4 x13:0x00000144 x13=0x80040ea0
     408975.000 ns	     40896	80008c08	8c84a537	lui	x10,0x8c84a	 x10=0x8c84a000
     408985.000 ns	     40897	80008c0c	019f6733	or	x14,x30,x25	 x30:0x00000000 x25:0xffffff5e x14=0xffffff5e
     408995.000 ns	     40898	80008c10	00e6af33	slt	x30,x13,x14	 x13:0x80040ea0 x14:0x00000202 x30=0x00000001
     409005.000 ns	     40899	80008c14	69106013	ori	x0,x0,1681	  x0:0x00000000
     409015.000 ns	     40900	80008c18	010ddeb3	srl	x29,x27,x16	 x27:0xf1936e1b x16:0x80040fe4 x29=0x0f1936e1
     409025.000 ns	     40901	80008c1c	002a4eb3	xor	x29,x20,x2	 x20:0xd1345b30  x2:0x00000000 x29=0xd1345b30
     409035.000 ns	     40902	80008c20	00b81733	sll	x14,x16,x11	 x16:0x80040fe4 x11:0x00000000 x14=0x80040fe4
     409045.000 ns	     40903	80008c24	01ff78b3	and	x17,x30,x31	 x30:0x00000001 x31:0x00000000 x17=0x00000000
     409055.000 ns	     40904	80008c28	3364f713	andi	x14,x9,822	  x9:0x00000000 x14=0x00000000
     409065.000 ns	     40905	80008c2c	c586ed37	lui	x26,0xc586e	 x26=0xc586e000
     409075.000 ns	     40906	80008c30	40af5d13	srai	x26,x30,0xa	 x30:0x00000001 x26=0x00000000
     409085.000 ns	     40907	80008c34	40475e93	srai	x29,x14,0x4	 x14:0x00000000 x29=0x00000000
     409095.000 ns	     40908	80008c38	40e80b33	sub	x22,x16,x14	 x16:0x80040fe4 x14:0x00000000 x22=0x80040fe4
     409105.000 ns	     40909	80008c3c	62aa0393	addi	x7,x20,1578	 x20:0xd1345b30  x7=0xd134615a
     409125.000 ns	     40911	80008c40	21148753	fsgnj.s	f14,f9,f17	  f9:0x7fc00000 f17:0x80000000 f14=0xffc00000
     409155.000 ns	     40914	80008c44	212184d3	fsgnj.s	f9,f3,f18	  f3:0x7fc00000 f18:0x4f00040f  f9=0x7fc00000
     409175.000 ns	     40916	80008c48	e7982613	slti	x12,x16,-391	 x16:0x80040fe4 x12=0x00000001
     409195.000 ns	     40918	80008c4c	0372b7b3	mulhu	x15,x5,x23	  x5:0x00000000 x23:0x80040fe4 x15=0x00000000
     409225.000 ns	     40921	80008c50	d013f8d3	fcvt.s.wu	f17,x7	  x7:0xd134615a f17=0x4f513461
     409255.000 ns	     40924	80008c54	20a39453	fsgnjn.s	f8,f7,f10	  f7:0x7fc00000 f10:0x4e8220a0  f8=0xffc00000
     409275.000 ns	     40926	80008c58	15bd7517	auipc	x10,0x15bd7	 x10=0x95bdfc58
     409285.000 ns	     40927	80008c5c	81442513	slti	x10,x8,-2028	  x8:0xffffff5e x10=0x00000000
     409295.000 ns	     40928	80008c60	013344b3	xor	x9,x6,x19	  x6:0x00000001 x19:0x80040fe4  x9=0x80040fe5
     409335.000 ns	     40932	80008c64	010c2e53	fadd.s	f28,f24,f16	 f24:0x80040fe4 f16:0x00000000 f28=0x80040fe4
     409355.000 ns	     40934	80008c68	000d1213	slli	x4,x26,0x0	 x26:0x00000000  x4=0x00000000
     409365.000 ns	     40935	80008c6c	1b2b7193	andi	x3,x22,434	 x22:0x80040fe4  x3=0x000001a0
     409375.000 ns	     40936	80008c70	01405c93	srli	x25,x0,0x14	  x0:0x00000000 x25=0x00000000
     409385.000 ns	     40937	80008c74	237fd217	auipc	x4,0x237fd	  x4=0xa3805c74
     409395.000 ns	     40938	80008c78	791b4937	lui	x18,0x791b4	 x18=0x791b4000
     409415.000 ns	     40940	80008c7c	f00300d3	fmv.w.x	f1,x6	  x6:0x00000001  f1=0x00000001
     409785.000 ns	     40977	80008c80	036cd0b3	divu	x1,x25,x22	 x25:0x00000000 x22:0x80040fe4  x1=0x00000000
     409825.000 ns	     40981	80008c84	580e7b53	fsqrt.s	f22,f28	 f28:0x80040fe4 f22=0x7fc00000
     409855.000 ns	     40984	80008c88	03f6d533	divu	x10,x13,x31	 x13:0x80040ea0 x31:0x00000000 x10=0xffffffff
     409875.000 ns	     40986	80008c8c	c414ca13	xori	x20,x9,-959	  x9:0x80040fe5 x20=0x7ffbf3a4
     409895.000 ns	     40988	80008c90	038e2033	mulhsu	x0,x28,x24	 x28:0x80041024 x24:0x00000000
     409925.000 ns	     40991	80008c94	29c38c53	fmin.s	f24,f7,f28	  f7:0x7fc00000 f28:0x80040fe4 f24=0x80040fe4
     409945.000 ns	     40993	80008c98	00872433	slt	x8,x14,x8	 x14:0x00000000  x8:0xffffff5e  x8=0x00000000
     409965.000 ns	     40995	80008c9c	21f72bd3	fsgnjx.s	f23,f14,f31	 f14:0xffc00000 f31:0xcf000410 f23=0x7fc00000
     409995.000 ns	     40998	80008ca0	299681d3	fmin.s	f3,f13,f25	 f13:0x4f7fffff f25:0x80040fe4  f3=0x80040fe4
     410015.000 ns	     41000	80008ca4	00e29b13	slli	x22,x5,0xe	  x5:0x00000000 x22=0x00000000
     410025.000 ns	     41001	80008ca8	f76cc713	xori	x14,x25,-138	 x25:0x00000000 x14=0xffffff76
     410045.000 ns	     41003	80008cac	a1ab07d3	fle.s	x15,f22,f26	 f22:0x7fc00000 f26:0xb4fc053c x15=0x00000000
     410065.000 ns	     41005	80008cb0	409d8733	sub	x14,x27,x9	 x27:0xf1936e1b  x9:0x80040fe5 x14=0x718f5e36
     410085.000 ns	     41007	80008cb4	20972d53	fsgnjx.s	f26,f14,f9	 f14:0xffc00000  f9:0x7fc00000 f26=0xffc00000
     410105.000 ns	     41009	80008cb8	01acc7b3	xor	x15,x25,x26	 x25:0x00000000 x26:0x00000000 x15=0x00000000
     410115.000 ns	     41010	80008cbc	41b5dd33	sra	x26,x11,x27	 x11:0x00000000 x27:0xf1936e1b x26=0x00000000
     410135.000 ns	     41012	80008cc0	c019f153	fcvt.wu.s	x2,f19	 f19:0xb47c053c  x2=0x00000000
     410165.000 ns	     41015	80008cc4	a13c2253	feq.s	x4,f24,f19	 f24:0x80040fe4 f19:0xb47c053c  x4=0x00000000
     410185.000 ns	     41017	80008cc8	39c7ec13	ori	x24,x15,924	 x15:0x00000000 x24=0x0000039c
     410205.000 ns	     41019	80008ccc	03e38533	mul	x10,x7,x30	  x7:0xd134615a x30:0x00000001 x10=0xd134615a
     410235.000 ns	     41022	80008cd0	a1158c53	fle.s	x24,f11,f17	 f11:0xcf7fffff f17:0x4f513461 x24=0x00000001
     410265.000 ns	     41025	80008cd4	f0048d53	fmv.w.x	f26,x9	  x9:0x80040fe5 f26=0x80040fe5
     410285.000 ns	     41027	80008cd8	44d4b493	sltiu	x9,x9,1101	  x9:0x80040fe5  x9=0x00000000
     410295.000 ns	     41028	80008cdc	005581b3	add	x3,x11,x5	 x11:0x00000000  x5:0x00000000  x3=0x00000000
     410625.000 ns	     41061	80008ce0	18b6ff53	fdiv.s	f30,f13,f11	 f13:0x4f7fffff f11:0xcf7fffff f30=0xbf800000
     410645.000 ns	     41063	80008ce4	ecd90493	addi	x9,x18,-307	 x18:0x791b4000  x9=0x791b3ecd
     410665.000 ns	     41065	80008ce8	c00710d3	fcvt.w.s	x1,f14	 f14:0xffc00000  x1=0x7fffffff
     410685.000 ns	     41067	80008cec	3e5304b7	lui	x9,0x3e530	  x9=0x3e530000
     410695.000 ns	     41068	80008cf0	9d936013	ori	x0,x6,-1575	  x6:0x00000001
     410715.000 ns	     41070	80008cf4	a0d08953	fle.s	x18,f1,f13	  f1:0x00000001 f13:0x4f7fffff x18=0x00000001
     410745.000 ns	     41073	80008cf8	28ac9553	fmax.s	f10,f25,f10	 f25:0x80040fe4 f10:0x4e8220a0 f10=0x4e8220a0
     410775.000 ns	     41076	80008cfc	c01342d3	fcvt.wu.s	x5,f6	  f6:0x7fc00000  x5=0xffffffff
     410805.000 ns	     41079	80008d00	03db40b3	div	x1,x22,x29	 x22:0x00000000 x29:0x00000000  x1=0xffffffff
     410825.000 ns	     41081	80008d04	002dc533	xor	x10,x27,x2	 x27:0xf1936e1b  x2:0x00000000 x10=0xf1936e1b
     410845.000 ns	     41083	80008d08	28e89453	fmax.s	f8,f17,f14	 f17:0x4f513461 f14:0xffc00000  f8=0x4f513461
     410875.000 ns	     41086	80008d0c	c003cfd3	fcvt.w.s	x31,f7	  f7:0x7fc00000 x31=0x7fffffff
     410895.000 ns	     41088	80008d10	4178d393	srai	x7,x17,0x17	 x17:0x00000000  x7=0x00000000
     410915.000 ns	     41090	80008d14	21672bd3	fsgnjx.s	f23,f14,f22	 f14:0xffc00000 f22:0x7fc00000 f23=0xffc00000
     410945.000 ns	     41093	80008d18	02461733	mulh	x14,x12,x4	 x12:0x00000001  x4:0x00000000 x14=0x00000000
     410965.000 ns	     41095	80008d1c	01059313	slli	x6,x11,0x10	 x11:0x00000000  x6=0x00000000
     410975.000 ns	     41096	80008d20	002411b3	sll	x3,x8,x2	  x8:0x00000000  x2:0x00000000  x3=0x00000000
     411005.000 ns	     41099	80008d24	11793e53	fmul.s	f28,f18,f23	 f18:0x4f00040f f23:0xffc00000 f28=0x7fc00000
     411025.000 ns	     41101	80008d28	5c90f993	andi	x19,x1,1481	  x1:0xffffffff x19=0x000005c9
     411045.000 ns	     41103	80008d2c	d00bcc53	fcvt.s.w	f24,x23	 x23:0x80040fe4 f24=0xcefff7e0
     411075.000 ns	     41106	80008d30	02b65333	divu	x6,x12,x11	 x12:0x00000001 x11:0x00000000  x6=0xffffffff
     411095.000 ns	     41108	80008d34	01f37733	and	x14,x6,x31	  x6:0x00000000 x31:0x7fffffff x14=0x7fffffff
     411115.000 ns	     41110	80008d38	a0fd9653	flt.s	x12,f27,f15	 f27:0x00000000 f15:0x00000000 x12=0x00000000
     411135.000 ns	     41112	80008d3c	2bf01497	auipc	x9,0x2bf01	  x9=0xabf09d3c
     411145.000 ns	     41113	80008d40	bd793293	sltiu	x5,x18,-1065	 x18:0x00000001  x5=0x00000001
     411175.000 ns	     41116	80008d44	18690d53	fdiv.s	f26,f18,f6	 f18:0x4f00040f  f6:0x7fc00000 f26=0x7fc00000
     411225.000 ns	     41121	80008d48	090921d3	fsub.s	f3,f18,f16	 f18:0x4f00040f f16:0x00000000  f3=0x4f00040f
     411245.000 ns	     41123	80008d4c	000d01b3	add	x3,x26,x0	 x26:0x00000000  x0:0x00000000  x3=0x00000000
     411265.000 ns	     41125	80008d50	03d36ab3	rem	x21,x6,x29	  x6:0xffffffff x29:0x00000000 x21=0xffffffff
     411295.000 ns	     41128	80008d54	a0368d53	fle.s	x26,f13,f3	 f13:0x4f7fffff  f3:0x4f00040f x26=0x00000000
     411315.000 ns	     41130	80008d58	01d220b3	slt	x1,x4,x29	  x4:0x00000000 x29:0x00000000  x1=0x00000000
     411325.000 ns	     41131	80008d5c	00173033	sltu	x0,x14,x1	 x14:0x7fffffff  x1:0xffffffff
     411335.000 ns	     41132	80008d60	408e0533	sub	x10,x28,x8	 x28:0x80041024  x8:0x00000000 x10=0x80041024
     411345.000 ns	     41133	80008d64	013cdc93	srli	x25,x25,0x13	 x25:0x00000000 x25=0x00000000
     411365.000 ns	     41135	80008d68	a1b991d3	flt.s	x3,f19,f27	 f19:0xb47c053c f27:0x00000000  x3=0x00000001
     411385.000 ns	     41137	80008d6c	41e65613	srai	x12,x12,0x1e	 x12:0x00000000 x12=0x00000000
     411405.000 ns	     41139	80008d70	e0049053	fclass.s	x0,f9	  f9:0x7fc00000
     411435.000 ns	     41142	80008d74	a0362ed3	feq.s	x29,f12,f3	 f12:0x80000000  f3:0x4f00040f x29=0x00000000
     411455.000 ns	     41144	80008d78	7c7238b7	lui	x17,0x7c723	 x17=0x7c723000
     411465.000 ns	     41145	80008d7c	00468eb3	add	x29,x13,x4	 x13:0x80040ea0  x4:0x00000000 x29=0x80040ea0
     411495.000 ns	     41148	80008d80	1867fcd3	fdiv.s	f25,f15,f6	 f15:0x00000000  f6:0x7fc00000 f25=0x7fc00000
     411545.000 ns	     41153	80008d84	00a37553	fadd.s	f10,f6,f10	  f6:0x7fc00000 f10:0x4e8220a0 f10=0x7fc00000
     411565.000 ns	     41155	80008d88	0150d8b3	srl	x17,x1,x21	  x1:0x00000000 x21:0xffffffff x17=0x00000000
     411575.000 ns	     41156	80008d8c	dd356a13	ori	x20,x10,-557	 x10:0x80041024 x20=0xfffffdf7
     411595.000 ns	     41158	80008d90	e00b1cd3	fclass.s	x25,f22	 f22:0x7fc00000 x25=0x00000200
     411615.000 ns	     41160	80008d94	01dc0cb3	add	x25,x24,x29	 x24:0x00000001 x29:0x80040ea0 x25=0x80040ea1
     411635.000 ns	     41162	80008d98	c00cf1d3	fcvt.w.s	x3,f25	 f25:0x7fc00000  x3=0x7fffffff
     411655.000 ns	     41164	80008d9c	8fda76b7	lui	x13,0x8fda7	 x13=0x8fda7000
     411675.000 ns	     41166	80008da0	e00c9d53	fclass.s	x26,f25	 f25:0x7fc00000 x26=0x00000200
     411705.000 ns	     41169	80008da4	035d06b3	mul	x13,x26,x21	 x26:0x00000000 x21:0xffffffff x13=0xfffffe00
     411735.000 ns	     41172	80008da8	208f0053	fsgnj.s	f0,f30,f8	 f30:0xbf800000  f8:0x4f513461  f0=0x3f800000
     411755.000 ns	     41174	80008dac	00bfcab3	xor	x21,x31,x11	 x31:0x7fffffff x11:0x00000000 x21=0x7fffffff
     411775.000 ns	     41176	80008db0	20a015d3	fsgnjn.s	f11,f0,f10	  f0:0x3f800000 f10:0x7fc00000 f11=0xbf800000
     411795.000 ns	     41178	80008db4	00f32eb3	slt	x29,x6,x15	  x6:0xffffffff x15:0x00000000 x29=0x00000001
     411805.000 ns	     41179	80008db8	8f183113	sltiu	x2,x16,-1807	 x16:0x80040fe4  x2=0x00000001
     411825.000 ns	     41181	80008dbc	21d087d3	fsgnj.s	f15,f1,f29	  f1:0x00000001 f29:0xb47c053c f15=0x80000001
     411855.000 ns	     41184	80008dc0	e00406d3	fmv.x.w	x13,f8	  f8:0x4f513461 x13=0x4f513461
     411875.000 ns	     41186	80008dc4	e430f717	auipc	x14,0xe430f	 x14=0x64317dc4
     411915.000 ns	     41190	80008dc8	01128553	fadd.s	f10,f5,f17	  f5:0x347c053c f17:0x4f513461 f10=0x4f513461
     411935.000 ns	     41192	80008dcc	00000013	addi	x0,x0,0	  x0:0x00000000
     411955.000 ns	     41194	80008dd0	02057433	remu	x8,x10,x0	 x10:0x80041024  x0:0x00000000  x8=0x80041024
     411975.000 ns	     41196	80008dd4	00000013	addi	x0,x0,0	  x0:0x00000000
     411985.000 ns	     41197	80008dd8	00201613	slli	x12,x0,0x2	  x0:0x00000000 x12=0x00000000
     412005.000 ns	     41199	80008ddc	28b708d3	fmin.s	f17,f14,f11	 f14:0xffc00000 f11:0xbf800000 f17=0xbf800000
     412035.000 ns	     41202	80008de0	f0000dd3	fmv.w.x	f27,x0	  x0:0x00000000 f27=0x00000000
     412055.000 ns	     41204	80008de4	85784493	xori	x9,x16,-1961	 x16:0x80040fe4  x9=0x7ffbf7b3
     412065.000 ns	     41205	80008de8	412bd233	sra	x4,x23,x18	 x23:0x80040fe4 x18:0x00000001  x4=0xc00207f2
     412085.000 ns	     41207	80008dec	a0920ad3	fle.s	x21,f4,f9	  f4:0x4f7fffff  f9:0x7fc00000 x21=0x00000000
     412455.000 ns	     41244	80008df0	03e16fb3	rem	x31,x2,x30	  x2:0x00000001 x30:0x00000001 x31=0x00000000
     412475.000 ns	     41246	80008df4	00f83733	sltu	x14,x16,x15	 x16:0x80040fe4 x15:0x00000000 x14=0x00000000
     412495.000 ns	     41248	80008df8	216d9853	fsgnjn.s	f16,f27,f22	 f27:0x00000000 f22:0x7fc00000 f16=0x80000000
     412515.000 ns	     41250	80008dfc	00756633	or	x12,x10,x7	 x10:0x80041024  x7:0x00000000 x12=0x80041024
     412535.000 ns	     41252	80008e00	032113b3	mulh	x7,x2,x18	  x2:0x00000001 x18:0x00000001  x7=0x00000000
     412565.000 ns	     41255	80008e04	a17eaad3	feq.s	x21,f29,f23	 f29:0xb47c053c f23:0xffc00000 x21=0x00000000
     412585.000 ns	     41257	80008e08	417ed313	srai	x6,x29,0x17	 x29:0x00000001  x6=0x00000000
     412595.000 ns	     41258	80008e0c	01f80733	add	x14,x16,x31	 x16:0x80040fe4 x31:0x00000000 x14=0x80040fe4
     412635.000 ns	     41262	80008e10	0826f253	fsub.s	f4,f13,f2	 f13:0x4f7fffff  f2:0x4f7fffff  f4=0x80000000
     412655.000 ns	     41264	80008e14	00000013	addi	x0,x0,0	  x0:0x00000000
     412675.000 ns	     41266	80008e18	d01ffcd3	fcvt.s.wu	f25,x31	 x31:0x00000000 f25=0x00000000
     412695.000 ns	     41268	80008e1c	008ed013	srli	x0,x29,0x8	 x29:0x00000001
     412715.000 ns	     41270	80008e20	d00c79d3	fcvt.s.w	f19,x24	 x24:0x00000001 f19=0x3f800000
     412745.000 ns	     41273	80008e24	02a7a4b3	mulhsu	x9,x15,x10	 x15:0x00000000 x10:0x80041024  x9=0x00000000
     412765.000 ns	     41275	80008e28	0077d033	srl	x0,x15,x7	 x15:0x00000000  x7:0x00000000
     412785.000 ns	     41277	80008e2c	d00dfbd3	fcvt.s.w	f23,x27	 x27:0xf1936e1b f23=0xcd66c91e
     412805.000 ns	     41279	80008e30	16776f93	ori	x31,x14,359	 x14:0x80040fe4 x31=0x80040fe7
     412815.000 ns	     41280	80008e34	00000013	addi	x0,x0,0	  x0:0x00000000
     412835.000 ns	     41282	80008e38	c016ba53	fcvt.wu.s	x20,f13	 f13:0x4f7fffff x20=0xffffff00
     412875.000 ns	     41286	80008e3c	1067f953	fmul.s	f18,f15,f6	 f15:0x80000001  f6:0x7fc00000 f18=0x7fc00000
     412895.000 ns	     41288	80008e40	339d7893	andi	x17,x26,825	 x26:0x00000200 x17=0x00000200
     412935.000 ns	     41292	80008e44	00937e53	fadd.s	f28,f6,f9	  f6:0x7fc00000  f9:0x7fc00000 f28=0x7fc00000
     412955.000 ns	     41294	80008e48	39df4613	xori	x12,x30,925	 x30:0x00000001 x12=0x0000039c
     412965.000 ns	     41295	80008e4c	00101013	slli	x0,x0,0x1	  x0:0x00000000
     412975.000 ns	     41296	80008e50	0b1d3e93	sltiu	x29,x26,177	 x26:0x00000200 x29=0x00000000
     413335.000 ns	     41332	80008e54	02225833	divu	x16,x4,x2	  x4:0xc00207f2  x2:0x00000001 x16=0xc00207f2
     413375.000 ns	     41336	80008e58	5808b4d3	fsqrt.s	f9,f17	 f17:0xbf800000  f9=0x7fc00000
     413405.000 ns	     41339	80008e5c	e00591d3	fclass.s	x3,f11	 f11:0xbf800000  x3=0x00000002
     413435.000 ns	     41342	80008e60	c01b72d3	fcvt.wu.s	x5,f22	 f22:0x7fc00000  x5=0xffffffff
     413455.000 ns	     41344	80008e64	007899b3	sll	x19,x17,x7	 x17:0x00000200  x7:0x00000000 x19=0x00000200
     413475.000 ns	     41346	80008e68	208b8c53	fsgnj.s	f24,f23,f8	 f23:0xcd66c91e  f8:0x4f513461 f24=0x4d66c91e
     413845.000 ns	     41383	80008e6c	034dc033	div	x0,x27,x20	 x27:0xf1936e1b x20:0xffffff00
     413865.000 ns	     41385	80008e70	0161f233	and	x4,x3,x22	  x3:0x00000002 x22:0x00000000  x4=0x00000000
     413875.000 ns	     41386	80008e74	00f49413	slli	x8,x9,0xf	  x9:0x00000000  x8=0x00000000
     413885.000 ns	     41387	80008e78	6a5ff293	andi	x5,x31,1701	 x31:0x80040fe7  x5=0x000006a5
     413925.000 ns	     41391	80008e7c	08c22d53	fsub.s	f26,f4,f12	  f4:0x80000000 f12:0x80000000 f26=0x00000000
     413975.000 ns	     41396	80008e80	01d370d3	fadd.s	f1,f6,f29	  f6:0x7fc00000 f29:0xb47c053c  f1=0x7fc00000
     413995.000 ns	     41398	80008e84	a45e2213	slti	x4,x28,-1467	 x28:0x80041024  x4=0x00000001
     414015.000 ns	     41400	80008e88	d000fad3	fcvt.s.w	f21,x1	  x1:0x00000000 f21=0x00000000
     414035.000 ns	     41402	80008e8c	01639fb3	sll	x31,x7,x22	  x7:0x00000000 x22:0x00000000 x31=0x00000000
     414045.000 ns	     41403	80008e90	00d905b3	add	x11,x18,x13	 x18:0x00000001 x13:0x4f513461 x11=0x4f513462
     414055.000 ns	     41404	80008e94	9d84e013	ori	x0,x9,-1576	  x9:0x00000000
     414415.000 ns	     41440	80008e98	033c7433	remu	x8,x24,x19	 x24:0x00000001 x19:0x00000200  x8=0x00000001
     414435.000 ns	     41442	80008e9c	41115e93	srai	x29,x2,0x11	  x2:0x00000001 x29=0x00000000
     414445.000 ns	     41443	80008ea0	23aeb613	sltiu	x12,x29,570	 x29:0x00000000 x12=0x00000001
     414465.000 ns	     41445	80008ea4	21c39f53	fsgnjn.s	f30,f7,f28	  f7:0x7fc00000 f28:0x7fc00000 f30=0xffc00000
     414495.000 ns	     41448	80008ea8	c01c45d3	fcvt.wu.s	x11,f24	 f24:0x4d66c91e x11=0x0e6c91e0
     414865.000 ns	     41485	80008eac	03aee533	rem	x10,x29,x26	 x29:0x00000000 x26:0x00000200 x10=0x00000000
     414895.000 ns	     41488	80008eb0	03f612b3	mulh	x5,x12,x31	 x12:0x00000001 x31:0x00000000  x5=0x00000000
     414915.000 ns	     41490	80008eb4	00ca8b33	add	x22,x21,x12	 x21:0x00000000 x12:0x00000001 x22=0x00000001
     414935.000 ns	     41492	80008eb8	c00032d3	fcvt.w.s	x5,f0	  f0:0x3f800000  x5=0x00000001
     414955.000 ns	     41494	80008ebc	00399293	slli	x5,x19,0x3	 x19:0x00000200  x5=0x00001000
     414975.000 ns	     41496	80008ec0	f0028153	fmv.w.x	f2,x5	  x5:0x00000001  f2=0x00001000
     414995.000 ns	     41498	80008ec4	67f4a737	lui	x14,0x67f4a	 x14=0x67f4a000
     415025.000 ns	     41501	80008ec8	106e8b53	fmul.s	f22,f29,f6	 f29:0xb47c053c  f6:0x7fc00000 f22=0x7fc00000
     415055.000 ns	     41504	80008ecc	a0aa00d3	fle.s	x1,f20,f10	 f20:0x00000000 f10:0x4f513461  x1=0x00000001
     415075.000 ns	     41506	80008ed0	b15bb713	sltiu	x14,x23,-1259	 x23:0x80040fe4 x14=0x00000001
     415105.000 ns	     41509	80008ed4	580e0253	fsqrt.s	f4,f28	 f28:0x7fc00000  f4=0x7fc00000
     415125.000 ns	     41511	80008ed8	00f9b9b3	sltu	x19,x19,x15	 x19:0x00000200 x15:0x00000000 x19=0x00000000
     415485.000 ns	     41547	80008edc	030a5c33	divu	x24,x20,x16	 x20:0xffffff00 x16:0xc00207f2 x24=0x00000001
     415505.000 ns	     41549	80008ee0	fd456913	ori	x18,x10,-44	 x10:0x00000000 x18=0xffffffd4
     415525.000 ns	     41551	80008ee4	a07c9d53	flt.s	x26,f25,f7	 f25:0x00000000  f7:0x7fc00000 x26=0x00000000
     415555.000 ns	     41554	80008ee8	02f97933	remu	x18,x18,x15	 x18:0x00000001 x15:0x00000000 x18=0xffffffd4
     415585.000 ns	     41557	80008eec	e00192d3	fclass.s	x5,f3	  f3:0x4f00040f  x5=0x00000040
     415955.000 ns	     41594	80008ef0	02b5d133	divu	x2,x11,x11	 x11:0x0e6c91e0 x11:0x0e6c91e0  x2=0x00000001
     415975.000 ns	     41596	80008ef4	019dff33	and	x30,x27,x25	 x27:0xf1936e1b x25:0x80040ea1 x30=0x80000e01
     416335.000 ns	     41632	80008ef8	02587cb3	remu	x25,x16,x5	 x16:0xc00207f2  x5:0x00000040 x25=0x00000032
     416355.000 ns	     41634	80008efc	63234c13	xori	x24,x6,1586	  x6:0x00000000 x24=0x00000632
     416365.000 ns	     41635	80008f00	40495433	sra	x8,x18,x4	 x18:0xffffffd4  x4:0x00000001  x8=0xffffffea
     416725.000 ns	     41671	80008f04	03bf4333	div	x6,x30,x27	 x30:0x80000e01 x27:0xf1936e1b  x6=0x00000008
     416755.000 ns	     41674	80008f08	e0068f53	fmv.x.w	x30,f13	 f13:0x4f7fffff x30=0x4f7fffff
     416775.000 ns	     41676	80008f0c	4e9f3f13	sltiu	x30,x30,1257	 x30:0x80000e01 x30=0x00000000
     416795.000 ns	     41678	80008f10	f00687d3	fmv.w.x	f15,x13	 x13:0x4f513461 f15=0x4f513461
     416815.000 ns	     41680	80008f14	4766c413	xori	x8,x13,1142	 x13:0x4f513461  x8=0x4f513017
     416825.000 ns	     41681	80008f18	09b1f093	andi	x1,x3,155	  x3:0x00000002  x1=0x00000002
     416855.000 ns	     41684	80008f1c	5805fe53	fsqrt.s	f28,f11	 f11:0xbf800000 f28=0x7fc00000
     416875.000 ns	     41686	80008f20	40c50f33	sub	x30,x10,x12	 x10:0x00000000 x12:0x00000001 x30=0xffffffff
     416885.000 ns	     41687	80008f24	009b1c33	sll	x24,x22,x9	 x22:0x00000001  x9:0x00000000 x24=0x00000001
     416895.000 ns	     41688	80008f28	00921333	sll	x6,x4,x9	  x4:0x00000001  x9:0x00000000  x6=0x00000001
     416915.000 ns	     41690	80008f2c	28478153	fmin.s	f2,f15,f4	 f15:0x4f513461  f4:0x7fc00000  f2=0x4f513461
     416955.000 ns	     41694	80008f30	1046fdd3	fmul.s	f27,f13,f4	 f13:0x4f7fffff  f4:0x7fc00000 f27=0x7fc00000
     416985.000 ns	     41697	80008f34	03c913b3	mulh	x7,x18,x28	 x18:0xffffffd4 x28:0x80041024  x7=0x00000015
     417015.000 ns	     41700	80008f38	029b4133	div	x2,x22,x9	 x22:0x00000001  x9:0x00000000  x2=0xffffffff
     417045.000 ns	     41703	80008f3c	e00e9853	fclass.s	x16,f29	 f29:0xb47c053c x16=0x00000002
     417075.000 ns	     41706	80008f40	033ef833	remu	x16,x29,x19	 x29:0x00000000 x19:0x00000000 x16=0x00000000
     417105.000 ns	     41709	80008f44	d0167a53	fcvt.s.wu	f20,x12	 x12:0x00000001 f20=0x3f800000
     417125.000 ns	     41711	80008f48	00567a33	and	x20,x12,x5	 x12:0x00000001  x5:0x00000040 x20=0x00000000
     417485.000 ns	     41747	80008f4c	031ddcb3	divu	x25,x27,x17	 x27:0xf1936e1b x17:0x00000200 x25=0x0078c9b7
     417855.000 ns	     41784	80008f50	021ed7b3	divu	x15,x29,x1	 x29:0x00000000  x1:0x00000002 x15=0x00000000
     417875.000 ns	     41786	80008f54	00943c33	sltu	x24,x8,x9	  x8:0x4f513017  x9:0x00000000 x24=0x00000000
     418235.000 ns	     41822	80008f58	02d46a33	rem	x20,x8,x13	  x8:0x4f513017 x13:0x4f513461 x20=0x4f513017
     418265.000 ns	     41825	80008f5c	a02c1c53	flt.s	x24,f24,f2	 f24:0x4d66c91e  f2:0x4f513461 x24=0x00000001
     418295.000 ns	     41828	80008f60	033882b3	mul	x5,x17,x19	 x17:0x00000200 x19:0x00000000  x5=0x00000000
     418315.000 ns	     41830	80008f64	016a2933	slt	x18,x20,x22	 x20:0x4f513017 x22:0x00000001 x18=0x00000000
     418335.000 ns	     41832	80008f68	a006a553	feq.s	x10,f13,f0	 f13:0x4f7fffff  f0:0x3f800000 x10=0x00000000
     418355.000 ns	     41834	80008f6c	fbbf4613	xori	x12,x30,-69	 x30:0xffffffff x12=0x00000044
     418375.000 ns	     41836	80008f70	a0338453	fle.s	x8,f7,f3	  f7:0x7fc00000  f3:0x4f00040f  x8=0x00000000
     418405.000 ns	     41839	80008f74	e0040253	fmv.x.w	x4,f8	  f8:0x4f513461  x4=0x4f513461
     418775.000 ns	     41876	80008f78	036ffab3	remu	x21,x31,x22	 x31:0x00000000 x22:0x00000001 x21=0x00000000
     419955.000 ns	     41994	80008f7c	5806f6d3	fsqrt.s	f13,f13	 f13:0x4f7fffff f13=0x47350461
     420005.000 ns	     41999	80008f80	09b1b8d3	fsub.s	f17,f3,f27	  f3:0x4f00040f f27:0x7fc00000 f17=0x7fc00000
     420025.000 ns	     42001	80008f84	01faa1b3	slt	x3,x21,x31	 x21:0x00000000 x31:0x00000000  x3=0x00000000
     420045.000 ns	     42003	80008f88	219e12d3	fsgnjn.s	f5,f28,f25	 f28:0x7fc00000 f25:0x00000000  f5=0xffc00000
     420065.000 ns	     42005	80008f8c	40ae50b3	sra	x1,x28,x10	 x28:0x80041024 x10:0x00000000  x1=0x80041024
     420085.000 ns	     42007	80008f90	038eb833	mulhu	x16,x29,x24	 x29:0x00000000 x24:0x00000001 x16=0x00000000
     420105.000 ns	     42009	80008f94	21a42313	slti	x6,x8,538	  x8:0x00000000  x6=0x00000001
     420115.000 ns	     42010	80008f98	005c5833	srl	x16,x24,x5	 x24:0x00000001  x5:0x00000000 x16=0x00000001
     420125.000 ns	     42011	80008f9c	01f2cc33	xor	x24,x5,x31	  x5:0x00000000 x31:0x00000000 x24=0x00000000
     420135.000 ns	     42012	80008fa0	0179d013	srli	x0,x19,0x17	 x19:0x00000000
     420165.000 ns	     42015	80008fa4	580dfe53	fsqrt.s	f28,f27	 f27:0x7fc00000 f28=0x7fc00000
     420185.000 ns	     42017	80008fa8	0142e933	or	x18,x5,x20	  x5:0x00000000 x20:0x4f513017 x18=0x4f513017
     420195.000 ns	     42018	80008fac	a9f9ed13	ori	x26,x19,-1377	 x19:0x00000000 x26=0xfffffa9f
     420225.000 ns	     42021	80008fb0	107af353	fmul.s	f6,f21,f7	 f21:0x00000000  f7:0x7fc00000  f6=0x7fc00000
     420245.000 ns	     42023	80008fb4	00e05713	srli	x14,x0,0xe	  x0:0x00000000 x14=0x00000000
     420255.000 ns	     42024	80008fb8	5a92cd13	xori	x26,x5,1449	  x5:0x00000000 x26=0x000005a9
     420275.000 ns	     42026	80008fbc	28c78a53	fmin.s	f20,f15,f12	 f15:0x4f513461 f12:0x80000000 f20=0x80000000
     420315.000 ns	     42030	80008fc0	5800a5d3	fsqrt.s	f11,f1	  f1:0x7fc00000 f11=0x7fc00000
     420345.000 ns	     42033	80008fc4	035c3fb3	mulhu	x31,x24,x21	 x24:0x00000000 x21:0x00000000 x31=0x00000000
     420385.000 ns	     42037	80008fc8	104d3553	fmul.s	f10,f26,f4	 f26:0x00000000  f4:0x7fc00000 f10=0x7fc00000
     420405.000 ns	     42039	80008fcc	003b5693	srli	x13,x22,0x3	 x22:0x00000001 x13=0x00000000
     420425.000 ns	     42041	80008fd0	d01f7f53	fcvt.s.wu	f30,x30	 x30:0xffffffff f30=0x4f7fffff
     420445.000 ns	     42043	80008fd4	556c7693	andi	x13,x24,1366	 x24:0x00000000 x13=0x00000000
     420455.000 ns	     42044	80008fd8	01ad3d33	sltu	x26,x26,x26	 x26:0x000005a9 x26:0x000005a9 x26=0x00000000
     420465.000 ns	     42045	80008fdc	33de0093	addi	x1,x28,829	 x28:0x80041024  x1=0x80041361
     420475.000 ns	     42046	80008fe0	017c8cb3	add	x25,x25,x23	 x25:0x0078c9b7 x23:0x80040fe4 x25=0x807cd99b
     420485.000 ns	     42047	80008fe4	015e54b3	srl	x9,x28,x21	 x28:0x80041024 x21:0x00000000  x9=0x80041024
     420505.000 ns	     42049	80008fe8	287a1353	fmax.s	f6,f20,f7	 f20:0x80000000  f7:0x7fc00000  f6=0x80000000
     420525.000 ns	     42051	80008fec	004da4b3	slt	x9,x27,x4	 x27:0xf1936e1b  x4:0x4f513461  x9=0x00000001
     420565.000 ns	     42055	80008ff0	0128fdd3	fadd.s	f27,f17,f18	 f17:0x7fc00000 f18:0x7fc00000 f27=0x7fc00000
     420585.000 ns	     42057	80008ff4	01797a33	and	x20,x18,x23	 x18:0x4f513017 x23:0x80040fe4 x20=0x00000004
     420595.000 ns	     42058	80008ff8	01112533	slt	x10,x2,x17	  x2:0xffffffff x17:0x00000200 x10=0x00000001
     420615.000 ns	     42060	80008ffc	d01b1253	fcvt.s.wu	f4,x22	 x22:0x00000001  f4=0x3f800000
     420655.000 ns	     42064	80009000	5800f753	fsqrt.s	f14,f1	  f1:0x7fc00000 f14=0x7fc00000
     420685.000 ns	     42067	80009004	026889b3	mul	x19,x17,x6	 x17:0x00000200  x6:0x00000001 x19=0x00000200
     420705.000 ns	     42069	80009008	000e9cb3	sll	x25,x29,x0	 x29:0x00000000  x0:0x00000000 x25=0x00000000
     420715.000 ns	     42070	8000900c	d4e2e813	ori	x16,x5,-690	  x5:0x00000000 x16=0xfffffd4e
     420725.000 ns	     42071	80009010	00f39933	sll	x18,x7,x15	  x7:0x00000015 x15:0x00000000 x18=0x00000015
     420735.000 ns	     42072	80009014	017958b3	srl	x17,x18,x23	 x18:0x4f513017 x23:0x80040fe4 x17=0x00000001
     420755.000 ns	     42074	80009018	03272733	mulhsu	x14,x14,x18	 x14:0x00000000 x18:0x4f513017 x14=0x00000000
     420775.000 ns	     42076	8000901c	b1057a93	andi	x21,x10,-1264	 x10:0x00000001 x21=0x00000000
     420785.000 ns	     42077	80009020	00000013	addi	x0,x0,0	  x0:0x00000000
     420815.000 ns	     42080	80009024	10f778d3	fmul.s	f17,f14,f15	 f14:0x7fc00000 f15:0x4f513461 f17=0x7fc00000
     420835.000 ns	     42082	80009028	6ff93113	sltiu	x2,x18,1791	 x18:0x00000015  x2=0x00000001
     420855.000 ns	     42084	8000902c	c002c653	fcvt.w.s	x12,f5	  f5:0xffc00000 x12=0x7fffffff
     420905.000 ns	     42089	80009030	0092f3d3	fadd.s	f7,f5,f9	  f5:0xffc00000  f9:0x7fc00000  f7=0x7fc00000
     421795.000 ns	     42178	80009034	58017b53	fsqrt.s	f22,f2	  f2:0x4f513461 f22=0x4713ee13
     421815.000 ns	     42180	80009038	01375593	srli	x11,x14,0x13	 x14:0x00000000 x11=0x00000000
     421825.000 ns	     42181	8000903c	fa59fa37	lui	x20,0xfa59f	 x20=0xfa59f000
     421845.000 ns	     42183	80009040	a08892d3	flt.s	x5,f17,f8	 f17:0x7fc00000  f8:0x4f513461  x5=0x00000000
     421875.000 ns	     42186	80009044	02bd49b3	div	x19,x26,x11	 x26:0x00000000 x11:0x00000000 x19=0xffffffff
     421905.000 ns	     42189	80009048	20c28853	fsgnj.s	f16,f5,f12	  f5:0xffc00000 f12:0x80000000 f16=0xffc00000
     421925.000 ns	     42191	8000904c	00cde033	or	x0,x27,x12	 x27:0xf1936e1b x12:0x7fffffff
     421955.000 ns	     42194	80009050	105e7053	fmul.s	f0,f28,f5	 f28:0x7fc00000  f5:0xffc00000  f0=0x7fc00000
     421985.000 ns	     42197	80009054	c0147653	fcvt.wu.s	x12,f8	  f8:0x4f513461 x12=0xd1346100
     422005.000 ns	     42199	80009058	0193d313	srli	x6,x7,0x19	  x7:0x00000015  x6=0x00000000
     422025.000 ns	     42201	8000905c	02c0a233	mulhsu	x4,x1,x12	  x1:0x80041361 x12:0xd1346100  x4=0x97692427
     422045.000 ns	     42203	80009060	00000013	addi	x0,x0,0	  x0:0x00000000
     422055.000 ns	     42204	80009064	017fb4b3	sltu	x9,x31,x23	 x31:0x00000000 x23:0x80040fe4  x9=0x00000001
     422065.000 ns	     42205	80009068	9696a193	slti	x3,x13,-1687	 x13:0x00000000  x3=0x00000000
     422085.000 ns	     42207	8000906c	03370533	mul	x10,x14,x19	 x14:0x00000000 x19:0xffffffff x10=0x00000000
     422105.000 ns	     42209	80009070	8db02c93	slti	x25,x0,-1829	  x0:0x00000000 x25=0x00000000
     422115.000 ns	     42210	80009074	018bf133	and	x2,x23,x24	 x23:0x80040fe4 x24:0x00000000  x2=0x00000000
     422125.000 ns	     42211	80009078	cc642513	slti	x10,x8,-826	  x8:0x00000000 x10=0x00000000
     422145.000 ns	     42213	8000907c	03a731b3	mulhu	x3,x14,x26	 x14:0x00000000 x26:0x00000000  x3=0x00000000
     422185.000 ns	     42217	80009080	19a610d3	fdiv.s	f1,f12,f26	 f12:0x80000000 f26:0x00000000  f1=0x7fc00000
     422215.000 ns	     42220	80009084	0246b6b3	mulhu	x13,x13,x4	 x13:0x00000000  x4:0x97692427 x13=0x00000000
     422235.000 ns	     42222	80009088	d3122f97	auipc	x31,0xd3122	 x31=0x5312b088
     422255.000 ns	     42224	8000908c	215d8753	fsgnj.s	f14,f27,f21	 f27:0x7fc00000 f21:0x00000000 f14=0x7fc00000
     422275.000 ns	     42226	80009090	3713c113	xori	x2,x7,881	  x7:0x00000015  x2=0x00000364
     422295.000 ns	     42228	80009094	e00c1253	fclass.s	x4,f24	 f24:0x4d66c91e  x4=0x00000040
     422325.000 ns	     42231	80009098	e00281d3	fmv.x.w	x3,f5	  f5:0xffc00000  x3=0xffc00000
     422355.000 ns	     42234	8000909c	e00311d3	fclass.s	x3,f6	  f6:0x80000000  x3=0x00000008
     422385.000 ns	     42237	800090a0	21ec0953	fsgnj.s	f18,f24,f30	 f24:0x4d66c91e f30:0x4f7fffff f18=0x4d66c91e
     422755.000 ns	     42274	800090a4	032ccb33	div	x22,x25,x18	 x25:0x00000000 x18:0x00000015 x22=0x00000000
     422785.000 ns	     42277	800090a8	213698d3	fsgnjn.s	f17,f13,f19	 f13:0x47350461 f19:0x3f800000 f17=0xc7350461
     423155.000 ns	     42314	800090ac	0307dab3	divu	x21,x15,x16	 x15:0x00000000 x16:0xfffffd4e x21=0x00000000
     423195.000 ns	     42318	800090b0	11794c53	fmul.s	f24,f18,f23	 f18:0x4d66c91e f23:0xcd66c91e f24=0xdb500e00
     423215.000 ns	     42320	800090b4	00081433	sll	x8,x16,x0	 x16:0xfffffd4e  x0:0x00000000  x8=0xfffffd4e
     423225.000 ns	     42321	800090b8	c76b94b7	lui	x9,0xc76b9	  x9=0xc76b9000
     423265.000 ns	     42325	800090bc	01bf7ad3	fadd.s	f21,f30,f27	 f30:0x4f7fffff f27:0x7fc00000 f21=0x7fc00000
     423295.000 ns	     42328	800090c0	e00f9153	fclass.s	x2,f31	 f31:0xcf000410  x2=0x00000002
     423315.000 ns	     42330	800090c4	809a4293	xori	x5,x20,-2039	 x20:0xfa59f000  x5=0x05a60809
     423325.000 ns	     42331	800090c8	00d61133	sll	x2,x12,x13	 x12:0xd1346100 x13:0x00000000  x2=0xd1346100
     423345.000 ns	     42333	800090cc	202522d3	fsgnjx.s	f5,f10,f2	 f10:0x7fc00000  f2:0x4f513461  f5=0x7fc00000
     423365.000 ns	     42335	800090d0	d334e213	ori	x4,x9,-717	  x9:0xc76b9000  x4=0xfffffd33
     423385.000 ns	     42337	800090d4	a1ba1f53	flt.s	x30,f20,f27	 f20:0x80000000 f27:0x7fc00000 x30=0x00000000
     423405.000 ns	     42339	800090d8	0093d213	srli	x4,x7,0x9	  x7:0x00000015  x4=0x00000000
     423415.000 ns	     42340	800090dc	4ff58317	auipc	x6,0x4ff58	  x6=0xcff610dc
     423425.000 ns	     42341	800090e0	3c0f8f93	addi	x31,x31,960	 x31:0x5312b088 x31=0x5312b448
     423435.000 ns	     42342	800090e4	794b8593	addi	x11,x23,1940	 x23:0x80040fe4 x11=0x80041778
     423455.000 ns	     42344	800090e8	e0008c53	fmv.x.w	x24,f1	  f1:0x7fc00000 x24=0x7fc00000
     423485.000 ns	     42347	800090ec	21602753	fsgnjx.s	f14,f0,f22	  f0:0x7fc00000 f22:0x4713ee13 f14=0x7fc00000
     423515.000 ns	     42350	800090f0	295c0953	fmin.s	f18,f24,f21	 f24:0xdb500e00 f21:0x7fc00000 f18=0xdb500e00
     423535.000 ns	     42352	800090f4	c9b4a493	slti	x9,x9,-869	  x9:0xc76b9000  x9=0x00000001
     423555.000 ns	     42354	800090f8	d01518d3	fcvt.s.wu	f17,x10	 x10:0x00000000 f17=0x00000000
     423575.000 ns	     42356	800090fc	243e2f13	slti	x30,x28,579	 x28:0x80041024 x30=0x00000001
     423585.000 ns	     42357	80009100	00158933	add	x18,x11,x1	 x11:0x80041778  x1:0x80041361 x18=0x00082ad9
     423605.000 ns	     42359	80009104	c01fa153	fcvt.wu.s	x2,f31	 f31:0xcf000410  x2=0x80041000
     423635.000 ns	     42362	80009108	f0028053	fmv.w.x	f0,x5	  x5:0x05a60809  f0=0x05a60809
     423665.000 ns	     42365	8000910c	a0a81ed3	flt.s	x29,f16,f10	 f16:0xffc00000 f10:0x7fc00000 x29=0x00000000
     423685.000 ns	     42367	80009110	00e80833	add	x16,x16,x14	 x16:0xfffffd4e x14:0x00000000 x16=0xfffffd4e
     423705.000 ns	     42369	80009114	a08292d3	flt.s	x5,f5,f8	  f5:0x7fc00000  f8:0x4f513461  x5=0x00000000
     423735.000 ns	     42372	80009118	a1bc96d3	flt.s	x13,f25,f27	 f25:0x00000000 f27:0x7fc00000 x13=0x00000000
     423765.000 ns	     42375	8000911c	e0079f53	fclass.s	x30,f15	 f15:0x4f513461 x30=0x00000040
     423785.000 ns	     42377	80009120	00557533	and	x10,x10,x5	 x10:0x00000000  x5:0x00000000 x10=0x00000000
     423805.000 ns	     42379	80009124	a1ee0553	fle.s	x10,f28,f30	 f28:0x7fc00000 f30:0x4f7fffff x10=0x00000000
     423835.000 ns	     42382	80009128	21c40b53	fsgnj.s	f22,f8,f28	  f8:0x4f513461 f28:0x7fc00000 f22=0x4f513461
     423865.000 ns	     42385	8000912c	c0162853	fcvt.wu.s	x16,f12	 f12:0x80000000 x16=0x00000000
     423895.000 ns	     42388	80009130	204226d3	fsgnjx.s	f13,f4,f4	  f4:0x3f800000  f4:0x3f800000 f13=0x3f800000
     423915.000 ns	     42390	80009134	0e90f613	andi	x12,x1,233	  x1:0x80041361 x12=0x00000061
     423935.000 ns	     42392	80009138	022f1333	mulh	x6,x30,x2	 x30:0x00000040  x2:0x80041000  x6=0xffffffe0
     423955.000 ns	     42394	8000913c	41685f93	srai	x31,x16,0x16	 x16:0x00000000 x31=0x00000000
     423975.000 ns	     42396	80009140	e00982d3	fmv.x.w	x5,f19	 f19:0x3f800000  x5=0x3f800000
     424005.000 ns	     42399	80009144	c0094ed3	fcvt.w.s	x29,f18	 f18:0xdb500e00 x29=0x80000000
     424025.000 ns	     42401	80009148	01dc9893	slli	x17,x25,0x1d	 x25:0x00000000 x17=0x00000000
     424045.000 ns	     42403	8000914c	0212a533	mulhsu	x10,x5,x1	  x5:0x3f800000  x1:0x80041361 x10=0x1fc102ce
     424075.000 ns	     42406	80009150	0391b3b3	mulhu	x7,x3,x25	  x3:0x00000008 x25:0x00000000  x7=0x00000000
     425255.000 ns	     42524	80009154	5806fad3	fsqrt.s	f21,f13	 f13:0x3f800000 f21=0x3f7fffae
     425275.000 ns	     42526	80009158	01072fb3	slt	x31,x14,x16	 x14:0x00000000 x16:0x00000000 x31=0x00000000
     425315.000 ns	     42530	8000915c	08a5bb53	fsub.s	f22,f11,f10	 f11:0x7fc00000 f10:0x7fc00000 f22=0x7fc00000
     425335.000 ns	     42532	80009160	01b1da13	srli	x20,x3,0x1b	  x3:0x00000008 x20=0x00000000
     425355.000 ns	     42534	80009164	a1bb25d3	feq.s	x11,f22,f27	 f22:0x7fc00000 f27:0x7fc00000 x11=0x00000000
     425385.000 ns	     42537	80009168	29588b53	fmin.s	f22,f17,f21	 f17:0x00000000 f21:0x3f7fffae f22=0x00000000
     425435.000 ns	     42542	8000916c	01067fd3	fadd.s	f31,f12,f16	 f12:0x80000000 f16:0xffc00000 f31=0x7fc00000
     425805.000 ns	     42579	80009170	026a65b3	rem	x11,x20,x6	 x20:0x00000000  x6:0xffffffe0 x11=0x00000000
     425825.000 ns	     42581	80009174	410308b3	sub	x17,x6,x16	  x6:0xffffffe0 x16:0x00000000 x17=0xffffffe0
     426185.000 ns	     42617	80009178	023afc33	remu	x24,x21,x3	 x21:0x00000000  x3:0x00000008 x24=0x00000000
     426215.000 ns	     42620	8000917c	a1f4ac53	feq.s	x24,f9,f31	  f9:0x7fc00000 f31:0x7fc00000 x24=0x00000000
     426245.000 ns	     42623	80009180	f00c03d3	fmv.w.x	f7,x24	 x24:0x00000000  f7=0x00000000
     426265.000 ns	     42625	80009184	363a7c93	andi	x25,x20,867	 x20:0x00000000 x25=0x00000000
     426275.000 ns	     42626	80009188	9cfa4313	xori	x6,x20,-1585	 x20:0x00000000  x6=0xfffff9cf
     426295.000 ns	     42628	8000918c	a05505d3	fle.s	x11,f10,f5	 f10:0x7fc00000  f5:0x7fc00000 x11=0x00000000
     426315.000 ns	     42630	80009190	00000013	addi	x0,x0,0	  x0:0x00000000
     426325.000 ns	     42631	80009194	485ef693	andi	x13,x29,1157	 x29:0x80000000 x13=0x00000000
     426335.000 ns	     42632	80009198	e2b6c337	lui	x6,0xe2b6c	  x6=0xe2b6c000
     426355.000 ns	     42634	8000919c	a06c1ed3	flt.s	x29,f24,f6	 f24:0xdb500e00  f6:0x80000000 x29=0x00000001
     426375.000 ns	     42636	800091a0	9c858093	addi	x1,x11,-1592	 x11:0x00000000  x1=0xfffff9c8
     426395.000 ns	     42638	800091a4	c007fb53	fcvt.w.s	x22,f15	 f15:0x4f513461 x22=0x7fffffff
     426445.000 ns	     42643	800091a8	00383753	fadd.s	f14,f16,f3	 f16:0xffc00000  f3:0x4f00040f f14=0x7fc00000
     426465.000 ns	     42645	800091ac	5084c693	xori	x13,x9,1288	  x9:0x00000001 x13=0x00000509
     426475.000 ns	     42646	800091b0	00bb9413	slli	x8,x23,0xb	 x23:0x80040fe4  x8=0x207f2000
     426515.000 ns	     42650	800091b4	01383a53	fadd.s	f20,f16,f19	 f16:0xffc00000 f19:0x3f800000 f20=0x7fc00000
     426545.000 ns	     42653	800091b8	03788033	mul	x0,x17,x23	 x17:0xffffffe0 x23:0x80040fe4
     426565.000 ns	     42655	800091bc	12cce213	ori	x4,x25,300	 x25:0x00000000  x4=0x0000012c
     426575.000 ns	     42656	800091c0	006f71b3	and	x3,x30,x6	 x30:0x00000040  x6:0xe2b6c000  x3=0x00000000
     426585.000 ns	     42657	800091c4	004d5133	srl	x2,x26,x4	 x26:0x00000000  x4:0x00000000  x2=0x00000000
     426605.000 ns	     42659	800091c8	021a1033	mulh	x0,x20,x1	 x20:0x00000000  x1:0xfffff9c8
     426625.000 ns	     42661	800091cc	7a947a93	andi	x21,x8,1961	  x8:0x207f2000 x21=0x00000000
     426635.000 ns	     42662	800091d0	017e1133	sll	x2,x28,x23	 x28:0x80041024 x23:0x80040fe4  x2=0x00410240
     426665.000 ns	     42665	800091d4	185c3bd3	fdiv.s	f23,f24,f5	 f24:0xdb500e00  f5:0x7fc00000 f23=0x7fc00000
     426695.000 ns	     42668	800091d8	d01b7a53	fcvt.s.wu	f20,x22	 x22:0x7fffffff f20=0x4effffff
     426725.000 ns	     42671	800091dc	f00901d3	fmv.w.x	f3,x18	 x18:0x00082ad9  f3=0x00082ad9
     426775.000 ns	     42676	800091e0	006f3cd3	fadd.s	f25,f30,f6	 f30:0x4f7fffff  f6:0x80000000 f25=0x4f7fffff
     427145.000 ns	     42713	800091e4	03e579b3	remu	x19,x10,x30	 x10:0x1fc102ce x30:0x00000040 x19=0x0000000e
     427515.000 ns	     42750	800091e8	02a740b3	div	x1,x14,x10	 x14:0x00000000 x10:0x1fc102ce  x1=0x00000000
     427535.000 ns	     42752	800091ec	4171d613	srai	x12,x3,0x17	  x3:0x00000000 x12=0x00000000
     427545.000 ns	     42753	800091f0	412a5a33	sra	x20,x20,x18	 x20:0x00000000 x18:0x00082ad9 x20=0x00000000
     427565.000 ns	     42755	800091f4	027bdab3	divu	x21,x23,x7	 x23:0x80040fe4  x7:0x00000000 x21=0xffffffff
     427595.000 ns	     42758	800091f8	282086d3	fmin.s	f13,f1,f2	  f1:0x7fc00000  f2:0x4f513461 f13=0x4f513461
     427615.000 ns	     42760	800091fc	01e4d593	srli	x11,x9,0x1e	  x9:0x00000001 x11=0x00000000
     427975.000 ns	     42796	80009200	02d4dd33	divu	x26,x9,x13	  x9:0x00000001 x13:0x00000509 x26=0x00000000
     428015.000 ns	     42800	80009204	115138d3	fmul.s	f17,f2,f21	  f2:0x4f513461 f21:0x3f7fffae f17=0x4f51341e
     428045.000 ns	     42803	80009208	c00e1153	fcvt.w.s	x2,f28	 f28:0x7fc00000  x2=0x7fffffff
     428075.000 ns	     42806	8000920c	29d30353	fmin.s	f6,f6,f29	  f6:0x80000000 f29:0xb47c053c  f6=0xb47c053c
     428095.000 ns	     42808	80009210	b4666c93	ori	x25,x12,-1210	 x12:0x00000000 x25=0xfffffb46
     428115.000 ns	     42810	80009214	206a1d53	fsgnjn.s	f26,f20,f6	 f20:0x4effffff  f6:0xb47c053c f26=0x4effffff
     428135.000 ns	     42812	80009218	018e9193	slli	x3,x29,0x18	 x29:0x00000001  x3=0x01000000
     428155.000 ns	     42814	8000921c	02340b33	mul	x22,x8,x3	  x8:0x207f2000  x3:0x00000000 x22=0x00000000
     428185.000 ns	     42817	80009220	030a3733	mulhu	x14,x20,x16	 x20:0x00000000 x16:0x00000000 x14=0x00000000
     428205.000 ns	     42819	80009224	f8bd4693	xori	x13,x26,-117	 x26:0x00000000 x13=0xffffff8b
     428215.000 ns	     42820	80009228	01429033	sll	x0,x5,x20	  x5:0x3f800000 x20:0x00000000
     428235.000 ns	     42822	8000922c	02cd26b3	mulhsu	x13,x26,x12	 x26:0x00000000 x12:0x00000000 x13=0x00000000
     428265.000 ns	     42825	80009230	202d85d3	fsgnj.s	f11,f27,f2	 f27:0x7fc00000  f2:0x4f513461 f11=0x7fc00000
     428295.000 ns	     42828	80009234	e00a1b53	fclass.s	x22,f20	 f20:0x4effffff x22=0x00000040
     428315.000 ns	     42830	80009238	014606b3	add	x13,x12,x20	 x12:0x00000000 x20:0x00000000 x13=0x00000000
     428675.000 ns	     42866	8000923c	0246fb33	remu	x22,x13,x4	 x13:0x00000000  x4:0x0000012c x22=0x00000000
     428705.000 ns	     42869	80009240	c01efb53	fcvt.wu.s	x22,f29	 f29:0xb47c053c x22=0x00000000
     428725.000 ns	     42871	80009244	004b1f13	slli	x30,x22,0x4	 x22:0x00000000 x30=0x00000000
     429085.000 ns	     42907	80009248	03bf56b3	divu	x13,x30,x27	 x30:0x00000040 x27:0xf1936e1b x13=0x00000000
     429105.000 ns	     42909	8000924c	01be08b3	add	x17,x28,x27	 x28:0x80041024 x27:0xf1936e1b x17=0x71977e3f
     430275.000 ns	     43026	80009250	580d7353	fsqrt.s	f6,f26	 f26:0x4effffff  f6=0x473504ab
     430295.000 ns	     43028	80009254	016acb33	xor	x22,x21,x22	 x21:0xffffffff x22:0x00000000 x22=0xffffffff
     430305.000 ns	     43029	80009258	83a47937	lui	x18,0x83a47	 x18=0x83a47000
     430665.000 ns	     43065	8000925c	024d65b3	rem	x11,x26,x4	 x26:0x00000000  x4:0x0000012c x11=0x00000000
     430695.000 ns	     43068	80009260	02940433	mul	x8,x8,x9	  x8:0x207f2000  x9:0x00000001  x8=0x207f2000
     430715.000 ns	     43070	80009264	01ba5493	srli	x9,x20,0x1b	 x20:0x00000000  x9=0x00000000
     430745.000 ns	     43073	80009268	18b20653	fdiv.s	f12,f4,f11	  f4:0x3f800000 f11:0x7fc00000 f12=0x7fc00000
     430765.000 ns	     43075	8000926c	00ac4593	xori	x11,x24,10	 x24:0x00000000 x11=0x0000000a
     430775.000 ns	     43076	80009270	791e4793	xori	x15,x28,1937	 x28:0x80041024 x15=0x800417b5
     430785.000 ns	     43077	80009274	74cf4113	xori	x2,x30,1868	 x30:0x00000000  x2=0x0000074c
     430795.000 ns	     43078	80009278	d3168e97	auipc	x29,0xd3168	 x29=0x53171278
     430805.000 ns	     43079	8000927c	00000013	addi	x0,x0,0	  x0:0x00000000
     430815.000 ns	     43080	80009280	f36c0113	addi	x2,x24,-202	 x24:0x00000000  x2=0xffffff36
     430825.000 ns	     43081	80009284	00000013	addi	x0,x0,0	  x0:0x00000000
     430835.000 ns	     43082	80009288	001dffb3	and	x31,x27,x1	 x27:0xf1936e1b  x1:0x00000000 x31=0x00000000
     430855.000 ns	     43084	8000928c	032b93b3	mulh	x7,x23,x18	 x23:0x80040fe4 x18:0x83a47000  x7=0x3e2bced9
     430875.000 ns	     43086	80009290	4115d0b3	sra	x1,x11,x17	 x11:0x0000000a x17:0x71977e3f  x1=0x00000000
     430885.000 ns	     43087	80009294	411083b3	sub	x7,x1,x17	  x1:0x00000000 x17:0x71977e3f  x7=0x8e6881c1
     430895.000 ns	     43088	80009298	8275ff13	andi	x30,x11,-2009	 x11:0x0000000a x30=0x00000002
     430905.000 ns	     43089	8000929c	653f3913	sltiu	x18,x30,1619	 x30:0x00000000 x18=0x00000001
     430915.000 ns	     43090	800092a0	418851b3	sra	x3,x16,x24	 x16:0x00000000 x24:0x00000000  x3=0x00000000
     430925.000 ns	     43091	800092a4	ce0e7c13	andi	x24,x28,-800	 x28:0x80041024 x24=0x80041020
     430945.000 ns	     43093	800092a8	d01877d3	fcvt.s.wu	f15,x16	 x16:0x00000000 f15=0x00000000
     430965.000 ns	     43095	800092ac	0029a9b3	slt	x19,x19,x2	 x19:0x0000000e  x2:0xffffff36 x19=0x00000000
     430975.000 ns	     43096	800092b0	009bb4b3	sltu	x9,x23,x9	 x23:0x80040fe4  x9:0x00000000  x9=0x00000000
     430985.000 ns	     43097	800092b4	00bc61b3	or	x3,x24,x11	 x24:0x80041020 x11:0x0000000a  x3=0x8004102a
     430995.000 ns	     43098	800092b8	153faeb7	lui	x29,0x153fa	 x29=0x153fa000
     431005.000 ns	     43099	800092bc	414f5a13	srai	x20,x30,0x14	 x30:0x00000002 x20=0x00000000
     431015.000 ns	     43100	800092c0	41380cb3	sub	x25,x16,x19	 x16:0x00000000 x19:0x00000000 x25=0x00000000
     431375.000 ns	     43136	800092c4	0287deb3	divu	x29,x15,x8	 x15:0x800417b5  x8:0x207f2000 x29=0x00000003
     431405.000 ns	     43139	800092c8	29d185d3	fmin.s	f11,f3,f29	  f3:0x00082ad9 f29:0xb47c053c f11=0xb47c053c
     431435.000 ns	     43142	800092cc	e00517d3	fclass.s	x15,f10	 f10:0x7fc00000 x15=0x00000200
     431455.000 ns	     43144	800092d0	01fa1c93	slli	x25,x20,0x1f	 x20:0x00000000 x25=0x00000000
     431475.000 ns	     43146	800092d4	d01ff9d3	fcvt.s.wu	f19,x31	 x31:0x00000000 f19=0x00000000
     431845.000 ns	     43183	800092d8	03d4fd33	remu	x26,x9,x29	  x9:0x00000000 x29:0x00000003 x26=0x00000000
     431875.000 ns	     43186	800092dc	290a9ad3	fmax.s	f21,f21,f16	 f21:0x3f7fffae f16:0xffc00000 f21=0x3f7fffae
     431905.000 ns	     43189	800092e0	d0081753	fcvt.s.w	f14,x16	 x16:0x00000000 f14=0x00000000
     431935.000 ns	     43192	800092e4	03d226b3	mulhsu	x13,x4,x29	  x4:0x0000012c x29:0x00000003 x13=0x00000000
     432305.000 ns	     43229	800092e8	0362c533	div	x10,x5,x22	  x5:0x3f800000 x22:0xffffffff x10=0xc0800000
     432325.000 ns	     43231	800092ec	01fe8833	add	x16,x29,x31	 x29:0x00000003 x31:0x00000000 x16=0x00000003
     432335.000 ns	     43232	800092f0	01111913	slli	x18,x2,0x11	  x2:0xffffff36 x18=0xfe6c0000
     432355.000 ns	     43234	800092f4	d0047153	fcvt.s.w	f2,x8	  x8:0x207f2000  f2=0x4e01fc80
     432375.000 ns	     43236	800092f8	00187fb3	and	x31,x16,x1	 x16:0x00000003  x1:0x00000000 x31=0x00000000
     432385.000 ns	     43237	800092fc	cbe20513	addi	x10,x4,-834	  x4:0x0000012c x10=0xfffffdea
     432715.000 ns	     43270	80009300	18004553	fdiv.s	f10,f0,f0	  f0:0x05a60809  f0:0x05a60809 f10=0x3f6a65b4
     432745.000 ns	     43273	80009304	034d5833	divu	x16,x26,x20	 x26:0x00000000 x20:0x00000000 x16=0xffffffff
     432775.000 ns	     43276	80009308	a1b193d3	flt.s	x7,f3,f27	  f3:0x00082ad9 f27:0x7fc00000  x7=0x00000000
     432795.000 ns	     43278	8000930c	af2d4d13	xori	x26,x26,-1294	 x26:0x00000000 x26=0xfffffaf2
     432815.000 ns	     43280	80009310	c0127cd3	fcvt.wu.s	x25,f4	  f4:0x3f800000 x25=0x00000001
     432835.000 ns	     43282	80009314	3445cc93	xori	x25,x11,836	 x11:0x0000000a x25=0x0000034e
     433195.000 ns	     43318	80009318	031ec033	div	x0,x29,x17	 x29:0x00000003 x17:0x71977e3f
     433225.000 ns	     43321	8000931c	a1841253	flt.s	x4,f8,f24	  f8:0x4f513461 f24:0xdb500e00  x4=0x00000000
     433255.000 ns	     43324	80009320	e0021153	fclass.s	x2,f4	  f4:0x3f800000  x2=0x00000040
     433285.000 ns	     43327	80009324	037c1533	mulh	x10,x24,x23	 x24:0x80041020 x23:0x80040fe4 x10=0x3ffbf00e
     433305.000 ns	     43329	80009328	d281c737	lui	x14,0xd281c	 x14=0xd281c000
     433315.000 ns	     43330	8000932c	01fa6733	or	x14,x20,x31	 x20:0x00000000 x31:0x00000000 x14=0x00000000
     433325.000 ns	     43331	80009330	000ab9b3	sltu	x19,x21,x0	 x21:0xffffffff  x0:0x00000000 x19=0x00000000
     433345.000 ns	     43333	80009334	02681d33	mulh	x26,x16,x6	 x16:0xffffffff  x6:0xe2b6c000 x26=0x00000000
     433365.000 ns	     43335	80009338	253f3013	sltiu	x0,x30,595	 x30:0x00000002
     433375.000 ns	     43336	8000933c	147e6837	lui	x16,0x147e6	 x16=0x147e6000
     433385.000 ns	     43337	80009340	414c5a13	srai	x20,x24,0x14	 x24:0x80041020 x20=0xfffff800
     433395.000 ns	     43338	80009344	019adb13	srli	x22,x21,0x19	 x21:0xffffffff x22=0x0000007f
     433415.000 ns	     43340	80009348	036f1733	mulh	x14,x30,x22	 x30:0x00000002 x22:0xffffffff x14=0x00000000
     434595.000 ns	     43458	8000934c	580473d3	fsqrt.s	f7,f8	  f8:0x4f513461  f7=0x4713ee10
     434615.000 ns	     43460	80009350	85d47b13	andi	x22,x8,-1955	  x8:0x207f2000 x22=0x207f2000
     434625.000 ns	     43461	80009354	417301b3	sub	x3,x6,x23	  x6:0xe2b6c000 x23:0x80040fe4  x3=0x62b2b01c
     434645.000 ns	     43463	80009358	21b70653	fsgnj.s	f12,f14,f27	 f14:0x00000000 f27:0x7fc00000 f12=0x00000000
     434695.000 ns	     43468	8000935c	0987ff53	fsub.s	f30,f15,f24	 f15:0x00000000 f24:0xdb500e00 f30=0x5b500e00
     434725.000 ns	     43471	80009360	02f83eb3	mulhu	x29,x16,x15	 x16:0x147e6000 x15:0x00000200 x29=0x00000028
     434745.000 ns	     43473	80009364	01845f33	srl	x30,x8,x24	  x8:0x207f2000 x24:0x80041020 x30=0x207f2000
     434785.000 ns	     43477	80009368	08027753	fsub.s	f14,f4,f0	  f4:0x3f800000  f0:0x05a60809 f14=0x3f800000
     435155.000 ns	     43514	8000936c	0233d333	divu	x6,x7,x3	  x7:0x00000000  x3:0x62b2b01c  x6=0x00000000
     435175.000 ns	     43516	80009370	9111c037	lui	x0,0x9111c	
     435185.000 ns	     43517	80009374	0141bfb3	sltu	x31,x3,x20	  x3:0x62b2b01c x20:0xfffff800 x31=0x00000001
     435195.000 ns	     43518	80009378	0141bab3	sltu	x21,x3,x20	  x3:0x62b2b01c x20:0xfffff800 x21=0x00000001
     435205.000 ns	     43519	8000937c	001d5eb3	srl	x29,x26,x1	 x26:0x00000000  x1:0x00000000 x29=0x00000000
     435225.000 ns	     43521	80009380	c0019153	fcvt.w.s	x2,f3	  f3:0x00082ad9  x2=0x00000000
     435255.000 ns	     43524	80009384	201c88d3	fsgnj.s	f17,f25,f1	 f25:0x4f7fffff  f1:0x7fc00000 f17=0x4f7fffff
     435285.000 ns	     43527	80009388	f00c06d3	fmv.w.x	f13,x24	 x24:0x80041020 f13=0x80041020
     435305.000 ns	     43529	8000938c	41d95813	srai	x16,x18,0x1d	 x18:0xfe6c0000 x16=0xffffffff
     435325.000 ns	     43531	80009390	283589d3	fmin.s	f19,f11,f3	 f11:0xb47c053c  f3:0x00082ad9 f19=0xb47c053c
     435355.000 ns	     43534	80009394	a09e88d3	fle.s	x17,f29,f9	 f29:0xb47c053c  f9:0x7fc00000 x17=0x00000000
     435375.000 ns	     43536	80009398	738ce193	ori	x3,x25,1848	 x25:0x0000034e  x3=0x0000077e
     435385.000 ns	     43537	8000939c	011eb533	sltu	x10,x29,x17	 x29:0x00000000 x17:0x00000000 x10=0x00000000
     435395.000 ns	     43538	800093a0	01a139b3	sltu	x19,x2,x26	  x2:0x00000000 x26:0x00000000 x19=0x00000000
     435405.000 ns	     43539	800093a4	01b5b0b3	sltu	x1,x11,x27	 x11:0x0000000a x27:0xf1936e1b  x1=0x00000001
     435765.000 ns	     43575	800093a8	03bfd4b3	divu	x9,x31,x27	 x31:0x00000001 x27:0xf1936e1b  x9=0x00000000
     435785.000 ns	     43577	800093ac	012b6433	or	x8,x22,x18	 x22:0x207f2000 x18:0xfe6c0000  x8=0xfe7f2000
     435795.000 ns	     43578	800093b0	008d6333	or	x6,x26,x8	 x26:0x00000000  x8:0x207f2000  x6=0xfe7f2000
     436155.000 ns	     43614	800093b4	028f48b3	div	x17,x30,x8	 x30:0x207f2000  x8:0x207f2000 x17=0xffffffeb
     436175.000 ns	     43616	800093b8	008fa633	slt	x12,x31,x8	 x31:0x00000001  x8:0xfe7f2000 x12=0x00000000
     436215.000 ns	     43620	800093bc	0158ab53	fadd.s	f22,f17,f21	 f17:0x4f7fffff f21:0x3f7fffae f22=0x4f7fffff
     436235.000 ns	     43622	800093c0	137b0d13	addi	x26,x22,311	 x22:0x207f2000 x26=0x207f2137
     436255.000 ns	     43624	800093c4	21bb2553	fsgnjx.s	f10,f22,f27	 f22:0x4f7fffff f27:0x7fc00000 f10=0x4f7fffff
     436285.000 ns	     43627	800093c8	e0068c53	fmv.x.w	x24,f13	 f13:0x80041020 x24=0x80041020
     436335.000 ns	     43632	800093cc	09a27653	fsub.s	f12,f4,f26	  f4:0x3f800000 f26:0x4effffff f12=0xcefffffe
     436365.000 ns	     43635	800093d0	c013a5d3	fcvt.wu.s	x11,f7	  f7:0x4713ee10 x11=0x000093ef
     436415.000 ns	     43640	800093d4	00ae2853	fadd.s	f16,f28,f10	 f28:0x7fc00000 f10:0x4f7fffff f16=0x7fc00000
     436445.000 ns	     43643	800093d8	0360bc33	mulhu	x24,x1,x22	  x1:0x00000001 x22:0x207f2000 x24=0x00000000
     436465.000 ns	     43645	800093dc	2d898e93	addi	x29,x19,728	 x19:0x00000000 x29=0x000002d8
     436475.000 ns	     43646	800093e0	00c01b33	sll	x22,x0,x12	  x0:0x00000000 x12:0x00000000 x22=0x00000000
     436495.000 ns	     43648	800093e4	d003fed3	fcvt.s.w	f29,x7	  x7:0x00000000 f29=0x00000000
     436525.000 ns	     43651	800093e8	0354aa33	mulhsu	x20,x9,x21	  x9:0x00000000 x21:0x00000001 x20=0x00000000
     436555.000 ns	     43654	800093ec	29bf04d3	fmin.s	f9,f30,f27	 f30:0x5b500e00 f27:0x7fc00000  f9=0x5b500e00
     436575.000 ns	     43656	800093f0	18bd0513	addi	x10,x26,395	 x26:0x207f2137 x10=0x207f22c2
     436595.000 ns	     43658	800093f4	02cc7c33	remu	x24,x24,x12	 x24:0x00000000 x12:0x00000000 x24=0x00000000
     436615.000 ns	     43660	800093f8	001a12b3	sll	x5,x20,x1	 x20:0x00000000  x1:0x00000001  x5=0x00000000
     436625.000 ns	     43661	800093fc	011f8333	add	x6,x31,x17	 x31:0x00000001 x17:0xffffffeb  x6=0xffffffec
     436645.000 ns	     43663	80009400	c01606d3	fcvt.wu.s	x13,f12	 f12:0xcefffffe x13=0x7fffff00
     436665.000 ns	     43665	80009404	0012d333	srl	x6,x5,x1	  x5:0x00000000  x1:0x00000001  x6=0x00000000
     436685.000 ns	     43667	80009408	02a9a433	mulhsu	x8,x19,x10	 x19:0x00000000 x10:0x207f22c2  x8=0x00000000
     436715.000 ns	     43670	8000940c	0276dab3	divu	x21,x13,x7	 x13:0x7fffff00  x7:0x00000000 x21=0xffffffff
     437895.000 ns	     43788	80009410	580045d3	fsqrt.s	f11,f0	  f0:0x05a60809 f11=0x2211c7b7
     437925.000 ns	     43791	80009414	d0140a53	fcvt.s.wu	f20,x8	  x8:0x00000000 f20=0x00000000
     437945.000 ns	     43793	80009418	4c25e493	ori	x9,x11,1218	 x11:0x000093ef  x9=0x000097ef
     437965.000 ns	     43795	8000941c	03923b33	mulhu	x22,x4,x25	  x4:0x00000000 x25:0x0000034e x22=0x00000000
     437985.000 ns	     43797	80009420	015ce1b3	or	x3,x25,x21	 x25:0x0000034e x21:0xffffffff  x3=0xffffffff
     437995.000 ns	     43798	80009424	85e76913	ori	x18,x14,-1954	 x14:0x00000000 x18=0xfffff85e
     438015.000 ns	     43800	80009428	20471f53	fsgnjn.s	f30,f14,f4	 f14:0x3f800000  f4:0x3f800000 f30=0xbf800000
     438045.000 ns	     43803	8000942c	c0120b53	fcvt.wu.s	x22,f4	  f4:0x3f800000 x22=0x00000001
     438075.000 ns	     43806	80009430	29b51c53	fmax.s	f24,f10,f27	 f10:0x4f7fffff f27:0x7fc00000 f24=0x4f7fffff
     438105.000 ns	     43809	80009434	296406d3	fmin.s	f13,f8,f22	  f8:0x4f513461 f22:0x4f7fffff f13=0x4f513461
     438145.000 ns	     43813	80009438	19f3f1d3	fdiv.s	f3,f7,f31	  f7:0x4713ee10 f31:0x7fc00000  f3=0x7fc00000
     438185.000 ns	     43817	8000943c	5807fe53	fsqrt.s	f28,f15	 f15:0x00000000 f28=0x00000000
     438205.000 ns	     43819	80009440	08bf0713	addi	x14,x30,139	 x30:0x207f2000 x14=0x207f208b
     438225.000 ns	     43821	80009444	20b2aad3	fsgnjx.s	f21,f5,f11	  f5:0x7fc00000 f11:0x2211c7b7 f21=0x7fc00000
     438255.000 ns	     43824	80009448	d00e4553	fcvt.s.w	f10,x28	 x28:0x80041024 f10=0xcefff7e0
     438275.000 ns	     43826	8000944c	004db6b3	sltu	x13,x27,x4	 x27:0xf1936e1b  x4:0x00000000 x13=0x00000000
     438295.000 ns	     43828	80009450	039f29b3	mulhsu	x19,x30,x25	 x30:0x207f2000 x25:0x0000034e x19=0x0000006b
     438315.000 ns	     43830	80009454	40c55493	srai	x9,x10,0xc	 x10:0x207f22c2  x9=0x000207f2
     438325.000 ns	     43831	80009458	40505893	srai	x17,x0,0x5	  x0:0x00000000 x17=0x00000000
     438345.000 ns	     43833	8000945c	d01c4e53	fcvt.s.wu	f28,x24	 x24:0x00000000 f28=0x00000000
     438365.000 ns	     43835	80009460	a42bd4b7	lui	x9,0xa42bd	  x9=0xa42bd000
     438375.000 ns	     43836	80009464	00051593	slli	x11,x10,0x0	 x10:0x207f22c2 x11=0x207f22c2
     438405.000 ns	     43839	80009468	11527c53	fmul.s	f24,f4,f21	  f4:0x3f800000 f21:0x7fc00000 f24=0x7fc00000
     438425.000 ns	     43841	8000946c	00fbd433	srl	x8,x23,x15	 x23:0x80040fe4 x15:0x00000200  x8=0x80040fe4
     438445.000 ns	     43843	80009470	d000b453	fcvt.s.w	f8,x1	  x1:0x00000001  f8=0x3f800000
     438475.000 ns	     43846	80009474	c00f7a53	fcvt.w.s	x20,f30	 f30:0xbf800000 x20=0x00000001
     438845.000 ns	     43883	80009478	03704833	div	x16,x0,x23	  x0:0x00000000 x23:0x80040fe4 x16=0x00000000
     438875.000 ns	     43886	8000947c	c0197f53	fcvt.wu.s	x30,f18	 f18:0xdb500e00 x30=0x00000000
     438915.000 ns	     43890	80009480	5801f6d3	fsqrt.s	f13,f3	  f3:0x7fc00000 f13=0x7fc00000
     438935.000 ns	     43892	80009484	00e31913	slli	x18,x6,0xe	  x6:0x00000000 x18=0x00000000
     438945.000 ns	     43893	80009488	0006f033	and	x0,x13,x0	 x13:0x00000000  x0:0x00000000
     438965.000 ns	     43895	8000948c	c0017453	fcvt.w.s	x8,f2	  f2:0x4e01fc80  x8=0x207f2000
     438985.000 ns	     43897	80009490	41eb55b3	sra	x11,x22,x30	 x22:0x00000001 x30:0x00000000 x11=0x00000001
     438995.000 ns	     43898	80009494	bc25b013	sltiu	x0,x11,-1086	 x11:0x207f22c2
     439025.000 ns	     43901	80009498	10247053	fmul.s	f0,f8,f2	  f8:0x3f800000  f2:0x4e01fc80  f0=0x4e01fc80
     439055.000 ns	     43904	8000949c	e00d8753	fmv.x.w	x14,f27	 f27:0x7fc00000 x14=0x7fc00000
     439075.000 ns	     43906	800094a0	5f89dcb7	lui	x25,0x5f89d	 x25=0x5f89d000
     439085.000 ns	     43907	800094a4	00000013	addi	x0,x0,0	  x0:0x00000000
     439095.000 ns	     43908	800094a8	00c79093	slli	x1,x15,0xc	 x15:0x00000200  x1=0x00200000
     439105.000 ns	     43909	800094ac	01975d33	srl	x26,x14,x25	 x14:0x7fc00000 x25:0x5f89d000 x26=0x7fc00000
     439145.000 ns	     43913	800094b0	097efcd3	fsub.s	f25,f29,f23	 f29:0x00000000 f23:0x7fc00000 f25=0x7fc00000
     439165.000 ns	     43915	800094b4	002098b3	sll	x17,x1,x2	  x1:0x00200000  x2:0x00000000 x17=0x00200000
     439185.000 ns	     43917	800094b8	0267b1b3	mulhu	x3,x15,x6	 x15:0x00000200  x6:0x00000000  x3=0x00000000
     439205.000 ns	     43919	800094bc	749fe3b7	lui	x7,0x749fe	  x7=0x749fe000
     439215.000 ns	     43920	800094c0	a91d3a13	sltiu	x20,x26,-1391	 x26:0x7fc00000 x20=0x00000001
     439235.000 ns	     43922	800094c4	28d21853	fmax.s	f16,f4,f13	  f4:0x3f800000 f13:0x7fc00000 f16=0x3f800000
     439275.000 ns	     43926	800094c8	580678d3	fsqrt.s	f17,f12	 f12:0xcefffffe f17=0x7fc00000
     439325.000 ns	     43931	800094cc	0936a553	fsub.s	f10,f13,f19	 f13:0x7fc00000 f19:0xb47c053c f10=0x7fc00000
     439345.000 ns	     43933	800094d0	00ea9f33	sll	x30,x21,x14	 x21:0xffffffff x14:0x7fc00000 x30=0xffffffff
     439375.000 ns	     43936	800094d4	186af853	fdiv.s	f16,f21,f6	 f21:0x7fc00000  f6:0x473504ab f16=0x7fc00000
     439395.000 ns	     43938	800094d8	009f7d33	and	x26,x30,x9	 x30:0x00000000  x9:0xa42bd000 x26=0xa42bd000
     439405.000 ns	     43939	800094dc	cbbbec93	ori	x25,x23,-837	 x23:0x80040fe4 x25=0xffffffff
     439415.000 ns	     43940	800094e0	001061b3	or	x3,x0,x1	  x0:0x00000000  x1:0x00200000  x3=0x00200000
     439775.000 ns	     43976	800094e4	03c2f533	remu	x10,x5,x28	  x5:0x00000000 x28:0x80041024 x10=0x00000000
     439825.000 ns	     43981	800094e8	00494953	fadd.s	f18,f18,f4	 f18:0xdb500e00  f4:0x3f800000 f18=0xdb500e00
     439845.000 ns	     43983	800094ec	7b4f8237	lui	x4,0x7b4f8	  x4=0x7b4f8000
     439865.000 ns	     43985	800094f0	c010ff53	fcvt.wu.s	x30,f1	  f1:0x7fc00000 x30=0xffffffff
     439885.000 ns	     43987	800094f4	017db1b3	sltu	x3,x27,x23	 x27:0xf1936e1b x23:0x80040fe4  x3=0x00000000
     440245.000 ns	     44023	800094f8	028ef333	remu	x6,x29,x8	 x29:0x000002d8  x8:0x207f2000  x6=0x000002d8
     440265.000 ns	     44025	800094fc	3981b293	sltiu	x5,x3,920	  x3:0x00200000  x5=0x00000001
     440295.000 ns	     44028	80009500	580ef2d3	fsqrt.s	f5,f29	 f29:0x00000000  f5=0x00000000
     440315.000 ns	     44030	80009504	69f27793	andi	x15,x4,1695	  x4:0x7b4f8000 x15=0x00000000
     440325.000 ns	     44031	80009508	cf2af113	andi	x2,x21,-782	 x21:0xffffffff  x2=0xfffffcf2
     440335.000 ns	     44032	8000950c	019d5813	srli	x16,x26,0x19	 x26:0xa42bd000 x16=0x00000052
     440345.000 ns	     44033	80009510	a8b32913	slti	x18,x6,-1397	  x6:0x000002d8 x18=0x00000000
     440355.000 ns	     44034	80009514	0069d693	srli	x13,x19,0x6	 x19:0x0000006b x13=0x00000001
     440375.000 ns	     44036	80009518	03391eb3	mulh	x29,x18,x19	 x18:0x00000000 x19:0x0000006b x29=0x00000000
     440395.000 ns	     44038	8000951c	003be2b3	or	x5,x23,x3	 x23:0x80040fe4  x3:0x00000000  x5=0x80040fe4
     440425.000 ns	     44041	80009520	108273d3	fmul.s	f7,f4,f8	  f4:0x3f800000  f8:0x3f800000  f7=0x3f800000
     440455.000 ns	     44044	80009524	a0d58453	fle.s	x8,f11,f13	 f11:0x2211c7b7 f13:0x7fc00000  x8=0x00000000
     440485.000 ns	     44047	80009528	20bea7d3	fsgnjx.s	f15,f29,f11	 f29:0x00000000 f11:0x2211c7b7 f15=0x00000000
     440515.000 ns	     44050	8000952c	a0d11253	flt.s	x4,f2,f13	  f2:0x4e01fc80 f13:0x7fc00000  x4=0x00000000
     440545.000 ns	     44053	80009530	f00f00d3	fmv.w.x	f1,x30	 x30:0xffffffff  f1=0xffffffff
     440915.000 ns	     44090	80009534	03007fb3	remu	x31,x0,x16	  x0:0x00000000 x16:0x00000052 x31=0x00000000
     440945.000 ns	     44093	80009538	c002f753	fcvt.w.s	x14,f5	  f5:0x00000000 x14=0x00000000
     440975.000 ns	     44096	8000953c	c01c78d3	fcvt.wu.s	x17,f24	 f24:0x7fc00000 x17=0xffffffff
     441005.000 ns	     44099	80009540	d008fc53	fcvt.s.w	f24,x17	 x17:0x00200000 f24=0xbf800000
     441025.000 ns	     44101	80009544	0027d8b3	srl	x17,x15,x2	 x15:0x00000000  x2:0xfffffcf2 x17=0x00000000
     441035.000 ns	     44102	80009548	01795293	srli	x5,x18,0x17	 x18:0x00000000  x5=0x00000000
     441055.000 ns	     44104	8000954c	d0012cd3	fcvt.s.w	f25,x2	  x2:0xfffffcf2 f25=0xc4438000
     441075.000 ns	     44106	80009550	ad51a213	slti	x4,x3,-1323	  x3:0x00000000  x4=0x00000000
     441095.000 ns	     44108	80009554	c008fc53	fcvt.w.s	x24,f17	 f17:0x7fc00000 x24=0x7fffffff
     441115.000 ns	     44110	80009558	0010a433	slt	x8,x1,x1	  x1:0x00200000  x1:0x00200000  x8=0x00000000
     441125.000 ns	     44111	8000955c	008bd313	srli	x6,x23,0x8	 x23:0x80040fe4  x6=0x0080040f
     441145.000 ns	     44113	80009560	21fe17d3	fsgnjn.s	f15,f28,f31	 f28:0x00000000 f31:0x7fc00000 f15=0x80000000
     441165.000 ns	     44115	80009564	9e5366b7	lui	x13,0x9e536	 x13=0x9e536000
     441175.000 ns	     44116	80009568	008042b3	xor	x5,x0,x8	  x0:0x00000000  x8:0x00000000  x5=0x00000000
     441185.000 ns	     44117	8000956c	011c8cb3	add	x25,x25,x17	 x25:0xffffffff x17:0x00000000 x25=0xffffffff
     441215.000 ns	     44120	80009570	580df9d3	fsqrt.s	f19,f27	 f27:0x7fc00000 f19=0x7fc00000
     441235.000 ns	     44122	80009574	050c0f93	addi	x31,x24,80	 x24:0x7fffffff x31=0x8000004f
     441245.000 ns	     44123	80009578	fdf83d17	auipc	x26,0xfdf83	 x26=0x7df8c578
     441265.000 ns	     44125	8000957c	e00918d3	fclass.s	x17,f18	 f18:0xdb500e00 x17=0x00000002
     441295.000 ns	     44128	80009580	29f70fd3	fmin.s	f31,f14,f31	 f14:0x3f800000 f31:0x7fc00000 f31=0x3f800000
     441315.000 ns	     44130	80009584	00000013	addi	x0,x0,0	  x0:0x00000000
     441325.000 ns	     44131	80009588	c2948513	addi	x10,x9,-983	  x9:0xa42bd000 x10=0xa42bcc29
     441335.000 ns	     44132	8000958c	01a9a8b3	slt	x17,x19,x26	 x19:0x0000006b x26:0x7df8c578 x17=0x00000001
     441365.000 ns	     44135	80009590	183e77d3	fdiv.s	f15,f28,f3	 f28:0x00000000  f3:0x7fc00000 f15=0x7fc00000
     441385.000 ns	     44137	80009594	4194d793	srai	x15,x9,0x19	  x9:0xa42bd000 x15=0xffffffd2
     441395.000 ns	     44138	80009598	49d58c93	addi	x25,x11,1181	 x11:0x00000001 x25=0x0000049e
     441405.000 ns	     44139	8000959c	4007d093	srai	x1,x15,0x0	 x15:0x00000000  x1=0xffffffd2
     441415.000 ns	     44140	800095a0	00eb01b3	add	x3,x22,x14	 x22:0x00000001 x14:0x00000000  x3=0x00000001
     441425.000 ns	     44141	800095a4	05ba0fb7	lui	x31,0x5ba0	 x31=0x05ba0000
     441435.000 ns	     44142	800095a8	372b2093	slti	x1,x22,882	 x22:0x00000001  x1=0x00000001
     441455.000 ns	     44144	800095ac	03e79833	mulh	x16,x15,x30	 x15:0xffffffd2 x30:0xffffffff x16=0x00000000
     441505.000 ns	     44149	800095b0	0199f453	fadd.s	f8,f19,f25	 f19:0x7fc00000 f25:0xc4438000  f8=0x7fc00000
     441545.000 ns	     44153	800095b4	10fffed3	fmul.s	f29,f31,f15	 f31:0x3f800000 f15:0x7fc00000 f29=0x7fc00000
     441575.000 ns	     44156	800095b8	d00f8fd3	fcvt.s.w	f31,x31	 x31:0x05ba0000 f31=0x4cb74000
     441605.000 ns	     44159	800095bc	21c8a3d3	fsgnjx.s	f7,f17,f28	 f17:0x7fc00000 f28:0x00000000  f7=0x7fc00000
     441625.000 ns	     44161	800095c0	d676b813	sltiu	x16,x13,-665	 x13:0x9e536000 x16=0x00000001
     441635.000 ns	     44162	800095c4	01131833	sll	x16,x6,x17	  x6:0x0080040f x17:0x00000001 x16=0x0100081e
     441665.000 ns	     44165	800095c8	117bf753	fmul.s	f14,f23,f23	 f23:0x7fc00000 f23:0x7fc00000 f14=0x7fc00000
     442035.000 ns	     44202	800095cc	03354c33	div	x24,x10,x19	 x10:0xa42bcc29 x19:0x0000006b x24=0xff244c14
     442065.000 ns	     44205	800095d0	a0868ad3	fle.s	x21,f13,f8	 f13:0x7fc00000  f8:0x7fc00000 x21=0x00000000
     442115.000 ns	     44210	800095d4	081e2453	fsub.s	f8,f28,f1	 f28:0x00000000  f1:0xffffffff  f8=0x7fc00000
     442145.000 ns	     44213	800095d8	e0060453	fmv.x.w	x8,f12	 f12:0xcefffffe  x8=0xcefffffe
     442165.000 ns	     44215	800095dc	3d6d6f13	ori	x30,x26,982	 x26:0x7df8c578 x30=0x7df8c7fe
     442175.000 ns	     44216	800095e0	ac16c593	xori	x11,x13,-1343	 x13:0x9e536000 x11=0x61ac9ac1
     442185.000 ns	     44217	800095e4	04647597	auipc	x11,0x4647	 x11=0x846505e4
     442545.000 ns	     44253	800095e8	03ad50b3	divu	x1,x26,x26	 x26:0x7df8c578 x26:0x7df8c578  x1=0x00000001
     442575.000 ns	     44256	800095ec	28011153	fmax.s	f2,f2,f0	  f2:0x4e01fc80  f0:0x4e01fc80  f2=0x4e01fc80
     442595.000 ns	     44258	800095f0	006dccb3	xor	x25,x27,x6	 x27:0xf1936e1b  x6:0x0080040f x25=0xf1136a14
     442605.000 ns	     44259	800095f4	fda73793	sltiu	x15,x14,-38	 x14:0x00000000 x15=0x00000001
     442625.000 ns	     44261	800095f8	295686d3	fmin.s	f13,f13,f21	 f13:0x7fc00000 f21:0x7fc00000 f13=0x7fc00000
     442655.000 ns	     44264	800095fc	c013b253	fcvt.wu.s	x4,f7	  f7:0x7fc00000  x4=0xffffffff
     442675.000 ns	     44266	80009600	ab3135b7	lui	x11,0xab313	 x11=0xab313000
     442695.000 ns	     44268	80009604	a14ea553	feq.s	x10,f29,f20	 f29:0x7fc00000 f20:0x00000000 x10=0x00000000
     443065.000 ns	     44305	80009608	0315e5b3	rem	x11,x11,x17	 x11:0x846505e4 x17:0x00000001 x11=0x00000000
     443085.000 ns	     44307	8000960c	018e91b3	sll	x3,x29,x24	 x29:0x00000000 x24:0xff244c14  x3=0x00000000
     443125.000 ns	     44311	80009610	01e7b7d3	fadd.s	f15,f15,f30	 f15:0x7fc00000 f30:0xbf800000 f15=0x7fc00000
     443145.000 ns	     44313	80009614	01433fb3	sltu	x31,x6,x20	  x6:0x0080040f x20:0x00000001 x31=0x00000000
     443155.000 ns	     44314	80009618	7cb19417	auipc	x8,0x7cb19	  x8=0xfcb22618
     443175.000 ns	     44316	8000961c	02cb8eb3	mul	x29,x23,x12	 x23:0x80040fe4 x12:0x00000000 x29=0x00000000
     443205.000 ns	     44319	80009620	208025d3	fsgnjx.s	f11,f0,f8	  f0:0x4e01fc80  f8:0x7fc00000 f11=0x4e01fc80
     443225.000 ns	     44321	80009624	00122933	slt	x18,x4,x1	  x4:0xffffffff  x1:0x00000001 x18=0x00000001
     443245.000 ns	     44323	80009628	d000ffd3	fcvt.s.w	f31,x1	  x1:0x00000001 f31=0x3f800000
     443265.000 ns	     44325	8000962c	41abdf13	srai	x30,x23,0x1a	 x23:0x80040fe4 x30=0xffffffe0
     443285.000 ns	     44327	80009630	e00f9f53	fclass.s	x30,f31	 f31:0x3f800000 x30=0x00000040
     443305.000 ns	     44329	80009634	01825913	srli	x18,x4,0x18	  x4:0xffffffff x18=0x000000ff
     443345.000 ns	     44333	80009638	097a76d3	fsub.s	f13,f20,f23	 f20:0x00000000 f23:0x7fc00000 f13=0x7fc00000
     443365.000 ns	     44335	8000963c	01cb7ab3	and	x21,x22,x28	 x22:0x00000001 x28:0x80041024 x21=0x00000000
     443405.000 ns	     44339	80009640	0868f8d3	fsub.s	f17,f17,f6	 f17:0x7fc00000  f6:0x473504ab f17=0x7fc00000
     443425.000 ns	     44341	80009644	64bc6193	ori	x3,x24,1611	 x24:0xff244c14  x3=0xff244e5f
     443445.000 ns	     44343	80009648	f00b8753	fmv.w.x	f14,x23	 x23:0x80040fe4 f14=0x80040fe4
     443465.000 ns	     44345	8000964c	01b72b33	slt	x22,x14,x27	 x14:0x00000000 x27:0xf1936e1b x22=0x00000000
     443475.000 ns	     44346	80009650	411051b3	sra	x3,x0,x17	  x0:0x00000000 x17:0x00000001  x3=0x00000000
     443485.000 ns	     44347	80009654	017b9913	slli	x18,x23,0x17	 x23:0x80040fe4 x18=0xf2000000
     443495.000 ns	     44348	80009658	99ed3f13	sltiu	x30,x26,-1634	 x26:0x7df8c578 x30=0x00000001
     443515.000 ns	     44350	8000965c	a1c8a3d3	feq.s	x7,f17,f28	 f17:0x7fc00000 f28:0x00000000  x7=0x00000000
     443555.000 ns	     44354	80009660	1802f5d3	fdiv.s	f11,f5,f0	  f5:0x00000000  f0:0x4e01fc80 f11=0x00000000
     443585.000 ns	     44357	80009664	02bdbb33	mulhu	x22,x27,x11	 x27:0xf1936e1b x11:0x00000000 x22=0x00000000
     443605.000 ns	     44359	80009668	00ac67b3	or	x15,x24,x10	 x24:0xff244c14 x10:0x00000000 x15=0xff244c14
     443625.000 ns	     44361	8000966c	21b191d3	fsgnjn.s	f3,f3,f27	  f3:0x7fc00000 f27:0x7fc00000  f3=0xffc00000
     443645.000 ns	     44363	80009670	00bec4b3	xor	x9,x29,x11	 x29:0x00000000 x11:0x00000000  x9=0x00000000
     443655.000 ns	     44364	80009674	3153f213	andi	x4,x7,789	  x7:0x00000000  x4=0x00000000
     443675.000 ns	     44366	80009678	f0038f53	fmv.w.x	f30,x7	  x7:0x00000000 f30=0x00000000
     443695.000 ns	     44368	8000967c	00000013	addi	x0,x0,0	  x0:0x00000000
     443715.000 ns	     44370	80009680	21c613d3	fsgnjn.s	f7,f12,f28	 f12:0xcefffffe f28:0x00000000  f7=0xcefffffe
     443735.000 ns	     44372	80009684	01731413	slli	x8,x6,0x17	  x6:0x0080040f  x8=0x07800000
     443755.000 ns	     44374	80009688	c0154cd3	fcvt.wu.s	x25,f10	 f10:0x7fc00000 x25=0xffffffff
     444125.000 ns	     44411	8000968c	03e6d4b3	divu	x9,x13,x30	 x13:0x9e536000 x30:0x00000001  x9=0x9e536000
     444155.000 ns	     44414	80009690	29a21a53	fmax.s	f20,f4,f26	  f4:0x3f800000 f26:0x4effffff f20=0x4effffff
     444175.000 ns	     44416	80009694	51820993	addi	x19,x4,1304	  x4:0x00000000 x19=0x00000518
     444185.000 ns	     44417	80009698	40678d33	sub	x26,x15,x6	 x15:0xff244c14  x6:0x0080040f x26=0xfea44805
     444205.000 ns	     44419	8000969c	03ca29b3	mulhsu	x19,x20,x28	 x20:0x00000001 x28:0x80041024 x19=0x00000000
     444225.000 ns	     44421	800096a0	019d9093	slli	x1,x27,0x19	 x27:0xf1936e1b  x1=0x36000000
     444245.000 ns	     44423	800096a4	f00186d3	fmv.w.x	f13,x3	  x3:0x00000000 f13=0x00000000
     444295.000 ns	     44428	800096a8	08e79bd3	fsub.s	f23,f15,f14	 f15:0x7fc00000 f14:0x80040fe4 f23=0x7fc00000
     444315.000 ns	     44430	800096ac	00319c93	slli	x25,x3,0x3	  x3:0x00000000 x25=0x00000000
     444335.000 ns	     44432	800096b0	29899bd3	fmax.s	f23,f19,f24	 f19:0x7fc00000 f24:0xbf800000 f23=0xbf800000
     444355.000 ns	     44434	800096b4	5e540013	addi	x0,x8,1509	  x8:0x07800000
     444365.000 ns	     44435	800096b8	00801033	sll	x0,x0,x8	  x0:0x00000000  x8:0x07800000
     444375.000 ns	     44436	800096bc	409b5033	sra	x0,x22,x9	 x22:0x00000000  x9:0x9e536000
     444395.000 ns	     44438	800096c0	205e0cd3	fsgnj.s	f25,f28,f5	 f28:0x00000000  f5:0x00000000 f25=0x00000000
     444415.000 ns	     44440	800096c4	00000013	addi	x0,x0,0	  x0:0x00000000
     444435.000 ns	     44442	800096c8	02f40233	mul	x4,x8,x15	  x8:0x07800000 x15:0xff244c14  x4=0x96000000
     444455.000 ns	     44444	800096cc	005f3d33	sltu	x26,x30,x5	 x30:0x00000001  x5:0x00000000 x26=0x00000000
     444475.000 ns	     44446	800096d0	f00d85d3	fmv.w.x	f11,x27	 x27:0xf1936e1b f11=0xf1936e1b
     444495.000 ns	     44448	800096d4	c6aafd13	andi	x26,x21,-918	 x21:0x00000000 x26=0x00000000
     444505.000 ns	     44449	800096d8	7efb3593	sltiu	x11,x22,2031	 x22:0x00000000 x11=0x00000001
     444515.000 ns	     44450	800096dc	524c4eb7	lui	x29,0x524c4	 x29=0x524c4000
     444535.000 ns	     44452	800096e0	031318b3	mulh	x17,x6,x17	  x6:0x0080040f x17:0x00000001 x17=0x00000000
     444555.000 ns	     44454	800096e4	da6d3097	auipc	x1,0xda6d3	  x1=0x5a6dc6e4
     444565.000 ns	     44455	800096e8	01dbd333	srl	x6,x23,x29	 x23:0x80040fe4 x29:0x524c4000  x6=0x80040fe4
     444575.000 ns	     44456	800096ec	2c298513	addi	x10,x19,706	 x19:0x00000000 x10=0x000002c2
     444585.000 ns	     44457	800096f0	00307233	and	x4,x0,x3	  x0:0x00000000  x3:0x00000000  x4=0x00000000
     444605.000 ns	     44459	800096f4	e00f1253	fclass.s	x4,f30	 f30:0x00000000  x4=0x00000010
     444625.000 ns	     44461	800096f8	41e8d2b3	sra	x5,x17,x30	 x17:0x00000000 x30:0x00000001  x5=0x00000000
     444985.000 ns	     44497	800096fc	0284c333	div	x6,x9,x8	  x9:0x9e536000  x8:0x07800000  x6=0xfffffff3
     445015.000 ns	     44500	80009700	a0cc0653	fle.s	x12,f24,f12	 f24:0xbf800000 f12:0xcefffffe x12=0x00000000
     445035.000 ns	     44502	80009704	00274633	xor	x12,x14,x2	 x14:0x00000000  x2:0xfffffcf2 x12=0xfffffcf2
     445055.000 ns	     44504	80009708	d01b3453	fcvt.s.wu	f8,x22	 x22:0x00000000  f8=0x00000000
     445075.000 ns	     44506	8000970c	55e90c13	addi	x24,x18,1374	 x18:0xf2000000 x24=0xf200055e
     445085.000 ns	     44507	80009710	01e9e8b3	or	x17,x19,x30	 x19:0x00000000 x30:0x00000001 x17=0x00000001
     445115.000 ns	     44510	80009714	18be4353	fdiv.s	f6,f28,f11	 f28:0x00000000 f11:0xf1936e1b  f6=0x80000000
     445145.000 ns	     44513	80009718	a0688ed3	fle.s	x29,f17,f6	 f17:0x7fc00000  f6:0x473504ab x29=0x00000000
     445165.000 ns	     44515	8000971c	01555993	srli	x19,x10,0x15	 x10:0x000002c2 x19=0x00000000
     445175.000 ns	     44516	80009720	00b38133	add	x2,x7,x11	  x7:0x00000000 x11:0x00000001  x2=0x00000001
     445185.000 ns	     44517	80009724	01e0df33	srl	x30,x1,x30	  x1:0x5a6dc6e4 x30:0x00000001 x30=0x2d36e372
     445205.000 ns	     44519	80009728	a03ea6d3	feq.s	x13,f29,f3	 f29:0x7fc00000  f3:0xffc00000 x13=0x00000000
     445225.000 ns	     44521	8000972c	8ad3c393	xori	x7,x7,-1875	  x7:0x00000000  x7=0xfffff8ad
     445245.000 ns	     44523	80009730	0361bcb3	mulhu	x25,x3,x22	  x3:0x00000000 x22:0x00000000 x25=0x00000000
     445265.000 ns	     44525	80009734	00000013	addi	x0,x0,0	  x0:0x00000000
     445275.000 ns	     44526	80009738	018b3a33	sltu	x20,x22,x24	 x22:0x00000000 x24:0xf200055e x20=0x00000001
     445285.000 ns	     44527	8000973c	00000013	addi	x0,x0,0	  x0:0x00000000
     445295.000 ns	     44528	80009740	a306f313	andi	x6,x13,-1488	 x13:0x00000000  x6=0x00000000
     445305.000 ns	     44529	80009744	018f40b3	xor	x1,x30,x24	 x30:0x2d36e372 x24:0xf200055e  x1=0xdf36e62c
     445315.000 ns	     44530	80009748	48c28417	auipc	x8,0x48c28	  x8=0xc8c31748
     445335.000 ns	     44532	8000974c	d0157cd3	fcvt.s.wu	f25,x10	 x10:0x000002c2 f25=0x44308000
     445365.000 ns	     44535	80009750	d0027b53	fcvt.s.w	f22,x4	  x4:0x00000010 f22=0x41800000
     445385.000 ns	     44537	80009754	007dc5b3	xor	x11,x27,x7	 x27:0xf1936e1b  x7:0xfffff8ad x11=0x0e6c96b6
     445415.000 ns	     44540	80009758	580df653	fsqrt.s	f12,f27	 f27:0x7fc00000 f12=0x7fc00000
     445435.000 ns	     44542	8000975c	a7bfb893	sltiu	x17,x31,-1413	 x31:0x00000000 x17=0x00000001
     445455.000 ns	     44544	80009760	203596d3	fsgnjn.s	f13,f11,f3	 f11:0xf1936e1b  f3:0xffc00000 f13=0x71936e1b
     445485.000 ns	     44547	80009764	c01270d3	fcvt.wu.s	x1,f4	  f4:0x3f800000  x1=0x00000001
     445505.000 ns	     44549	80009768	a0711317	auipc	x6,0xa0711	  x6=0x2071a768
     445545.000 ns	     44553	8000976c	0134fad3	fadd.s	f21,f9,f19	  f9:0x5b500e00 f19:0x7fc00000 f21=0x7fc00000
     445565.000 ns	     44555	80009770	00000013	addi	x0,x0,0	  x0:0x00000000
     445595.000 ns	     44558	80009774	109227d3	fmul.s	f15,f4,f9	  f4:0x3f800000  f9:0x5b500e00 f15=0x5b500e00
     445615.000 ns	     44560	80009778	031c0713	addi	x14,x24,49	 x24:0xf200055e x14=0xf200058f
     445625.000 ns	     44561	8000977c	01389593	slli	x11,x17,0x13	 x17:0x00000001 x11=0x00080000
     445985.000 ns	     44597	80009780	02c16c33	rem	x24,x2,x12	  x2:0x00000001 x12:0xfffffcf2 x24=0x00000001
     446355.000 ns	     44634	80009784	0229e9b3	rem	x19,x19,x2	 x19:0x00000000  x2:0x00000001 x19=0x00000000
     446375.000 ns	     44636	80009788	42276e93	ori	x29,x14,1058	 x14:0xf200058f x29=0xf20005af
     446395.000 ns	     44638	8000978c	28bf92d3	fmax.s	f5,f31,f11	 f31:0x3f800000 f11:0xf1936e1b  f5=0x3f800000
     446765.000 ns	     44675	80009790	02b960b3	rem	x1,x18,x11	 x18:0xf2000000 x11:0x00080000  x1=0x00000000
     447135.000 ns	     44712	80009794	02e66333	rem	x6,x12,x14	 x12:0xfffffcf2 x14:0xf200058f  x6=0xfffffcf2
     447155.000 ns	     44714	80009798	3ec7f093	andi	x1,x15,1004	 x15:0xff244c14  x1=0x00000004
     447175.000 ns	     44716	8000979c	29ac94d3	fmax.s	f9,f25,f26	 f25:0x44308000 f26:0x4effffff  f9=0x4effffff
     447545.000 ns	     44753	800097a0	02214933	div	x18,x2,x2	  x2:0x00000001  x2:0x00000001 x18=0x00000001
     447565.000 ns	     44755	800097a4	009dd593	srli	x11,x27,0x9	 x27:0xf1936e1b x11=0x0078c9b7
     447575.000 ns	     44756	800097a8	01f980b3	add	x1,x19,x31	 x19:0x00000000 x31:0x00000000  x1=0x00000000
     447585.000 ns	     44757	800097ac	dc343213	sltiu	x4,x8,-573	  x8:0xc8c31748  x4=0x00000001
     447595.000 ns	     44758	800097b0	9b94ff93	andi	x31,x9,-1607	  x9:0x9e536000 x31=0x9e536000
     447605.000 ns	     44759	800097b4	0141e2b3	or	x5,x3,x20	  x3:0x00000000 x20:0x00000001  x5=0x00000001
     447625.000 ns	     44761	800097b8	c005fc53	fcvt.w.s	x24,f11	 f11:0xf1936e1b x24=0x80000000
     447655.000 ns	     44764	800097bc	c0131c53	fcvt.wu.s	x24,f6	  f6:0x80000000 x24=0x00000000
     447685.000 ns	     44767	800097c0	c01cf053	fcvt.wu.s	x0,f25	 f25:0x44308000
     447715.000 ns	     44770	800097c4	a15925d3	feq.s	x11,f18,f21	 f18:0xdb500e00 f21:0x7fc00000 x11=0x00000000
     447735.000 ns	     44772	800097c8	002f32b3	sltu	x5,x30,x2	 x30:0x2d36e372  x2:0x00000001  x5=0x00000000
     447745.000 ns	     44773	800097cc	01112633	slt	x12,x2,x17	  x2:0x00000001 x17:0x00000001 x12=0x00000000
     447755.000 ns	     44774	800097d0	4018d233	sra	x4,x17,x1	 x17:0x00000001  x1:0x00000000  x4=0x00000001
     448925.000 ns	     44891	800097d4	5806f9d3	fsqrt.s	f19,f13	 f13:0x71936e1b f19=0x58895f02
     448955.000 ns	     44894	800097d8	e00e9fd3	fclass.s	x31,f29	 f29:0x7fc00000 x31=0x00000200
     448975.000 ns	     44896	800097dc	0147a933	slt	x18,x15,x20	 x15:0xff244c14 x20:0x00000001 x18=0x00000001
     449015.000 ns	     44900	800097e0	08277553	fsub.s	f10,f14,f2	 f14:0x80040fe4  f2:0x4e01fc80 f10=0xce01fc80
     449045.000 ns	     44903	800097e4	218110d3	fsgnjn.s	f1,f2,f24	  f2:0x4e01fc80 f24:0xbf800000  f1=0x4e01fc80
     449075.000 ns	     44906	800097e8	d008fbd3	fcvt.s.w	f23,x17	 x17:0x00000001 f23=0x3f800000
     449105.000 ns	     44909	800097ec	02869c33	mulh	x24,x13,x8	 x13:0x00000000  x8:0xc8c31748 x24=0x00000000
     449125.000 ns	     44911	800097f0	018d2f33	slt	x30,x26,x24	 x26:0x00000000 x24:0x00000000 x30=0x00000000
     449145.000 ns	     44913	800097f4	03d4a7b3	mulhsu	x15,x9,x29	  x9:0x9e536000 x29:0xf20005af x15=0xa3aace94
     449515.000 ns	     44950	800097f8	031e72b3	remu	x5,x28,x17	 x28:0x80041024 x17:0x00000001  x5=0x00000000
     449545.000 ns	     44953	800097fc	28c49fd3	fmax.s	f31,f9,f12	  f9:0x4effffff f12:0x7fc00000 f31=0x4effffff
     449565.000 ns	     44955	80009800	01f5d1b3	srl	x3,x11,x31	 x11:0x00000000 x31:0x00000200  x3=0x00000000
     449575.000 ns	     44956	80009804	001c5513	srli	x10,x24,0x1	 x24:0x00000000 x10=0x00000000
     449595.000 ns	     44958	80009808	c01a1b53	fcvt.wu.s	x22,f20	 f20:0x4effffff x22=0x7fffff80
     449615.000 ns	     44960	8000980c	4d067113	andi	x2,x12,1232	 x12:0x00000000  x2=0x00000000
     449635.000 ns	     44962	80009810	d008f853	fcvt.s.w	f16,x17	 x17:0x00000001 f16=0x3f800000
     449655.000 ns	     44964	80009814	00775813	srli	x16,x14,0x7	 x14:0xf200058f x16=0x01e4000b
     449675.000 ns	     44966	80009818	03f731b3	mulhu	x3,x14,x31	 x14:0xf200058f x31:0x00000200  x3=0x000001e4
     449705.000 ns	     44969	8000981c	c01a0153	fcvt.wu.s	x2,f20	 f20:0x4effffff  x2=0x7fffff80
     449735.000 ns	     44972	80009820	d01113d3	fcvt.s.wu	f7,x2	  x2:0x00000000  f7=0x4effffff
     449755.000 ns	     44974	80009824	406adc13	srai	x24,x21,0x6	 x21:0x00000000 x24=0x00000000
     449765.000 ns	     44975	80009828	00f8f133	and	x2,x17,x15	 x17:0x00000001 x15:0xa3aace94  x2=0x00000000
     449775.000 ns	     44976	8000982c	002d1133	sll	x2,x26,x2	 x26:0x00000000  x2:0x7fffff80  x2=0x00000000
     449795.000 ns	     44978	80009830	0316a9b3	mulhsu	x19,x13,x17	 x13:0x00000000 x17:0x00000001 x19=0x00000000
     449815.000 ns	     44980	80009834	01ea4533	xor	x10,x20,x30	 x20:0x00000001 x30:0x00000000 x10=0x00000001
     449855.000 ns	     44984	80009838	00002353	fadd.s	f6,f0,f0	  f0:0x4e01fc80  f0:0x4e01fc80  f6=0x4e81fc80
     449885.000 ns	     44987	8000983c	28741853	fmax.s	f16,f8,f7	  f8:0x00000000  f7:0x4effffff f16=0x4effffff
     449915.000 ns	     44990	80009840	03ed5133	divu	x2,x26,x30	 x26:0x00000000 x30:0x00000000  x2=0xffffffff
     449935.000 ns	     44992	80009844	01fa1433	sll	x8,x20,x31	 x20:0x00000001 x31:0x00000200  x8=0x00000001
     449945.000 ns	     44993	80009848	002712b3	sll	x5,x14,x2	 x14:0xf200058f  x2:0xffffffff  x5=0x80000000
     449965.000 ns	     44995	8000984c	28399a53	fmax.s	f20,f19,f3	 f19:0x58895f02  f3:0xffc00000 f20=0x58895f02
     450005.000 ns	     44999	80009850	11ba7153	fmul.s	f2,f20,f27	 f20:0x4effffff f27:0x7fc00000  f2=0x7fc00000
     450025.000 ns	     45001	80009854	4160de93	srai	x29,x1,0x16	  x1:0x00000000 x29=0x00000000
     450045.000 ns	     45003	80009858	e00e8153	fmv.x.w	x2,f29	 f29:0x7fc00000  x2=0x7fc00000
     450095.000 ns	     45008	8000985c	01ce7c53	fadd.s	f24,f28,f28	 f28:0x00000000 f28:0x00000000 f24=0x00000000
     450115.000 ns	     45010	80009860	522da613	slti	x12,x27,1314	 x27:0xf1936e1b x12=0x00000001
     450125.000 ns	     45011	80009864	402451b3	sra	x3,x8,x2	  x8:0x00000001  x2:0x7fc00000  x3=0x00000001
     450145.000 ns	     45013	80009868	a0fd8b53	fle.s	x22,f27,f15	 f27:0x7fc00000 f15:0x5b500e00 x22=0x00000000
     450175.000 ns	     45016	8000986c	a0ed0d53	fle.s	x26,f26,f14	 f26:0x4effffff f14:0x80040fe4 x26=0x00000000
     450195.000 ns	     45018	80009870	41dcd013	srai	x0,x25,0x1d	 x25:0x00000000
     450205.000 ns	     45019	80009874	14270c97	auipc	x25,0x14270	 x25=0x94279874
     450215.000 ns	     45020	80009878	ed56a793	slti	x15,x13,-299	 x13:0x00000000 x15=0x00000000
     450235.000 ns	     45022	8000987c	f00d8f53	fmv.w.x	f30,x27	 x27:0xf1936e1b f30=0xf1936e1b
     450265.000 ns	     45025	80009880	02b86c33	rem	x24,x16,x11	 x16:0x01e4000b x11:0x00000000 x24=0x01e4000b
     450285.000 ns	     45027	80009884	00c9a333	slt	x6,x19,x12	 x19:0x00000000 x12:0x00000001  x6=0x00000001
     450295.000 ns	     45028	80009888	010cefb3	or	x31,x25,x16	 x25:0x94279874 x16:0x01e4000b x31=0x95e7987f
     450315.000 ns	     45030	8000988c	c01d1353	fcvt.wu.s	x6,f26	 f26:0x4effffff  x6=0x7fffff80
     450335.000 ns	     45032	80009890	407085b3	sub	x11,x1,x7	  x1:0x00000000  x7:0xfffff8ad x11=0x00000753
     450345.000 ns	     45033	80009894	17b27813	andi	x16,x4,379	  x4:0x00000001 x16=0x00000001
     450365.000 ns	     45035	80009898	033a1fb3	mulh	x31,x20,x19	 x20:0x00000001 x19:0x00000000 x31=0x00000000
     450385.000 ns	     45037	8000989c	418f5933	sra	x18,x30,x24	 x30:0x00000000 x24:0x01e4000b x18=0x00000000
     450395.000 ns	     45038	800098a0	2ec585b7	lui	x11,0x2ec58	 x11=0x2ec58000
     450415.000 ns	     45040	800098a4	d00f19d3	fcvt.s.w	f19,x30	 x30:0x00000000 f19=0x00000000
     450445.000 ns	     45043	800098a8	283f8ad3	fmin.s	f21,f31,f3	 f31:0x4effffff  f3:0xffc00000 f21=0x4effffff
     450465.000 ns	     45045	800098ac	01679f33	sll	x30,x15,x22	 x15:0x00000000 x22:0x00000000 x30=0x00000000
     450475.000 ns	     45046	800098b0	a79e8e93	addi	x29,x29,-1415	 x29:0x00000000 x29=0xfffffa79
     450485.000 ns	     45047	800098b4	40f651b3	sra	x3,x12,x15	 x12:0x00000001 x15:0x00000000  x3=0x00000001
     450495.000 ns	     45048	800098b8	000cdf13	srli	x30,x25,0x0	 x25:0x94279874 x30=0x94279874
     450505.000 ns	     45049	800098bc	419fdab3	sra	x21,x31,x25	 x31:0x00000000 x25:0x94279874 x21=0x00000000
     450515.000 ns	     45050	800098c0	410a0533	sub	x10,x20,x16	 x20:0x00000001 x16:0x00000001 x10=0x00000000
     450875.000 ns	     45086	800098c4	034470b3	remu	x1,x8,x20	  x8:0x00000001 x20:0x00000001  x1=0x00000000
     450895.000 ns	     45088	800098c8	016de9b3	or	x19,x27,x22	 x27:0xf1936e1b x22:0x00000000 x19=0xf1936e1b
     450935.000 ns	     45092	800098cc	097998d3	fsub.s	f17,f19,f23	 f19:0x00000000 f23:0x3f800000 f17=0xbf800000
     450955.000 ns	     45094	800098d0	01e65b13	srli	x22,x12,0x1e	 x12:0x00000001 x22=0x00000000
     450965.000 ns	     45095	800098d4	0158f4b3	and	x9,x17,x21	 x17:0x00000001 x21:0x00000000  x9=0x00000000
     450985.000 ns	     45097	800098d8	289d0153	fmin.s	f2,f26,f9	 f26:0x4effffff  f9:0x4effffff  f2=0x4effffff
     451025.000 ns	     45101	800098dc	100c78d3	fmul.s	f17,f24,f0	 f24:0x00000000  f0:0x4e01fc80 f17=0x00000000
     451055.000 ns	     45104	800098e0	a0db8ed3	fle.s	x29,f23,f13	 f23:0x3f800000 f13:0x71936e1b x29=0x00000001
     451075.000 ns	     45106	800098e4	01a494b3	sll	x9,x9,x26	  x9:0x00000000 x26:0x00000000  x9=0x00000000
     451095.000 ns	     45108	800098e8	d00b82d3	fcvt.s.w	f5,x23	 x23:0x80040fe4  f5=0xcefff7e0
     451115.000 ns	     45110	800098ec	1369a7b7	lui	x15,0x1369a	 x15=0x1369a000
     451475.000 ns	     45146	800098f0	027de9b3	rem	x19,x27,x7	 x27:0xf1936e1b  x7:0xfffff8ad x19=0xfffffb13
     451505.000 ns	     45149	800098f4	21d4a853	fsgnjx.s	f16,f9,f29	  f9:0x4effffff f29:0x7fc00000 f16=0x4effffff
     451535.000 ns	     45152	800098f8	036c20b3	mulhsu	x1,x24,x22	 x24:0x01e4000b x22:0x00000000  x1=0x00000000
     451565.000 ns	     45155	800098fc	c0057753	fcvt.w.s	x14,f10	 f10:0xce01fc80 x14=0x207f2000
     451585.000 ns	     45157	80009900	01169833	sll	x16,x13,x17	 x13:0x00000000 x17:0x00000001 x16=0x00000000
     451595.000 ns	     45158	80009904	00b0b1b3	sltu	x3,x1,x11	  x1:0x00000000 x11:0x2ec58000  x3=0x00000001
     451925.000 ns	     45191	80009908	1945f8d3	fdiv.s	f17,f11,f20	 f11:0xf1936e1b f20:0x58895f02 f17=0xd8136e1c
     451975.000 ns	     45196	8000990c	08e9f253	fsub.s	f4,f19,f14	 f19:0x00000000 f14:0x80040fe4  f4=0x00040fe4
     452005.000 ns	     45199	80009910	d0028d53	fcvt.s.w	f26,x5	  x5:0x80000000 f26=0xcf000000
     452035.000 ns	     45202	80009914	21ea0cd3	fsgnj.s	f25,f20,f30	 f20:0x58895f02 f30:0xf1936e1b f25=0xd8895f02
     452065.000 ns	     45205	80009918	21a98a53	fsgnj.s	f20,f19,f26	 f19:0x00000000 f26:0xcf000000 f20=0x80000000
     452085.000 ns	     45207	8000991c	0124da93	srli	x21,x9,0x12	  x9:0x00000000 x21=0x00000000
     452445.000 ns	     45243	80009920	0342d233	divu	x4,x5,x20	  x5:0x80000000 x20:0x00000001  x4=0x80000000
     452475.000 ns	     45246	80009924	a11b8cd3	fle.s	x25,f23,f17	 f23:0x3f800000 f17:0xd8136e1c x25=0x00000000
     452495.000 ns	     45248	80009928	00000013	addi	x0,x0,0	  x0:0x00000000
     452515.000 ns	     45250	8000992c	f0038bd3	fmv.w.x	f23,x7	  x7:0xfffff8ad f23=0xfffff8ad
     452545.000 ns	     45253	80009930	c00c7d53	fcvt.w.s	x26,f24	 f24:0x00000000 x26=0x00000000
     452575.000 ns	     45256	80009934	20c20053	fsgnj.s	f0,f4,f12	  f4:0x00040fe4 f12:0x7fc00000  f0=0x00040fe4
     452605.000 ns	     45259	80009938	20a20253	fsgnj.s	f4,f4,f10	  f4:0x00040fe4 f10:0xce01fc80  f4=0x80040fe4
     452635.000 ns	     45262	8000993c	a0b68953	fle.s	x18,f13,f11	 f13:0x71936e1b f11:0xf1936e1b x18=0x00000000
     452655.000 ns	     45264	80009940	015120b3	slt	x1,x2,x21	  x2:0x7fc00000 x21:0x00000000  x1=0x00000000
     452665.000 ns	     45265	80009944	b1d10513	addi	x10,x2,-1251	  x2:0x7fc00000 x10=0x7fbffb1d
     452705.000 ns	     45269	80009948	01d7f553	fadd.s	f10,f15,f29	 f15:0x5b500e00 f29:0x7fc00000 f10=0x7fc00000
     452725.000 ns	     45271	8000994c	012ae933	or	x18,x21,x18	 x21:0x00000000 x18:0x00000000 x18=0x00000000
     452745.000 ns	     45273	80009950	a1df2553	feq.s	x10,f30,f29	 f30:0xf1936e1b f29:0x7fc00000 x10=0x00000000
     453925.000 ns	     45391	80009954	580047d3	fsqrt.s	f15,f0	  f0:0x00040fe4 f15=0x1f3ac312
     453945.000 ns	     45393	80009958	40060fb3	sub	x31,x12,x0	 x12:0x00000001  x0:0x00000000 x31=0x00000001
     453955.000 ns	     45394	8000995c	4f0c0f93	addi	x31,x24,1264	 x24:0x01e4000b x31=0x01e404fb
     453975.000 ns	     45396	80009960	298b1bd3	fmax.s	f23,f22,f24	 f22:0x41800000 f24:0x00000000 f23=0x41800000
     454005.000 ns	     45399	80009964	c0172253	fcvt.wu.s	x4,f14	 f14:0x80040fe4  x4=0x00000000
     454035.000 ns	     45402	80009968	20aa19d3	fsgnjn.s	f19,f20,f10	 f20:0x80000000 f10:0x7fc00000 f19=0x80000000
     454085.000 ns	     45407	8000996c	0856b053	fsub.s	f0,f13,f5	 f13:0x71936e1b  f5:0xcefff7e0  f0=0x71936e1b
     454125.000 ns	     45411	80009970	19813353	fdiv.s	f6,f2,f24	  f2:0x4effffff f24:0x00000000  f6=0x7f800000
     454145.000 ns	     45413	80009974	0024e4b3	or	x9,x9,x2	  x9:0x00000000  x2:0x7fc00000  x9=0x7fc00000
     454155.000 ns	     45414	80009978	af97e493	ori	x9,x15,-1287	 x15:0x1369a000  x9=0xfffffaf9
     454165.000 ns	     45415	8000997c	1e372313	slti	x6,x14,483	 x14:0x207f2000  x6=0x00000000
     454175.000 ns	     45416	80009980	406c5693	srai	x13,x24,0x6	 x24:0x01e4000b x13=0x00079000
     454185.000 ns	     45417	80009984	01bc0eb3	add	x29,x24,x27	 x24:0x01e4000b x27:0xf1936e1b x29=0xf3776e26
     454195.000 ns	     45418	80009988	00096033	or	x0,x18,x0	 x18:0x00000000  x0:0x00000000
     454205.000 ns	     45419	8000998c	70462413	slti	x8,x12,1796	 x12:0x00000001  x8=0x00000001
     454245.000 ns	     45423	80009990	00c97853	fadd.s	f16,f18,f12	 f18:0xdb500e00 f12:0x7fc00000 f16=0x7fc00000
     455425.000 ns	     45541	80009994	5803f353	fsqrt.s	f6,f7	  f7:0x4effffff  f6=0x473504ab
     455465.000 ns	     45545	80009998	58054dd3	fsqrt.s	f27,f10	 f10:0x7fc00000 f27=0x7fc00000
     455495.000 ns	     45548	8000999c	0281aa33	mulhsu	x20,x3,x8	  x3:0x00000001  x8:0x00000001 x20=0x00000000
     455515.000 ns	     45550	800099a0	002856b3	srl	x13,x16,x2	 x16:0x00000000  x2:0x7fc00000 x13=0x00000000
     455535.000 ns	     45552	800099a4	d0141cd3	fcvt.s.wu	f25,x8	  x8:0x00000001 f25=0x3f800000
     455565.000 ns	     45555	800099a8	a02a8ad3	fle.s	x21,f21,f2	 f21:0x4effffff  f2:0x4effffff x21=0x00000001
     455585.000 ns	     45557	800099ac	007b75b3	and	x11,x22,x7	 x22:0x00000000  x7:0xfffff8ad x11=0x00000000
     455605.000 ns	     45559	800099b0	28840bd3	fmin.s	f23,f8,f8	  f8:0x00000000  f8:0x00000000 f23=0x00000000
     455975.000 ns	     45596	800099b4	03cdca33	div	x20,x27,x28	 x27:0xf1936e1b x28:0x80041024 x20=0x00000000
     456005.000 ns	     45599	800099b8	037d87b3	mul	x15,x27,x23	 x27:0xf1936e1b x23:0x80040fe4 x15=0x032da50c
     456025.000 ns	     45601	800099bc	88fda297	auipc	x5,0x88fda	  x5=0x08fe39bc
     456045.000 ns	     45603	800099c0	210e0753	fsgnj.s	f14,f28,f16	 f28:0x00000000 f16:0x7fc00000 f14=0x00000000
     456065.000 ns	     45605	800099c4	fc38a593	slti	x11,x17,-61	 x17:0x00000001 x11=0x00000000
     456085.000 ns	     45607	800099c8	c00648d3	fcvt.w.s	x17,f12	 f12:0x7fc00000 x17=0x7fffffff
     456115.000 ns	     45610	800099cc	c0001453	fcvt.w.s	x8,f0	  f0:0x71936e1b  x8=0x7fffffff
     456145.000 ns	     45613	800099d0	d00cf853	fcvt.s.w	f16,x25	 x25:0x00000000 f16=0x00000000
     456185.000 ns	     45617	800099d4	5805f5d3	fsqrt.s	f11,f11	 f11:0xf1936e1b f11=0x7fc00000
     456215.000 ns	     45620	800099d8	03289c33	mulh	x24,x17,x18	 x17:0x7fffffff x18:0x00000000 x24=0x00000000
     456245.000 ns	     45623	800099dc	d00470d3	fcvt.s.w	f1,x8	  x8:0x7fffffff  f1=0x4effffff
     456265.000 ns	     45625	800099e0	00155233	srl	x4,x10,x1	 x10:0x00000000  x1:0x00000000  x4=0x00000000
     456275.000 ns	     45626	800099e4	ed074e93	xori	x29,x14,-304	 x14:0x207f2000 x29=0xdf80ded0
     456295.000 ns	     45628	800099e8	02d58633	mul	x12,x11,x13	 x11:0x00000000 x13:0x00000000 x12=0x00000000
     456325.000 ns	     45631	800099ec	e0040353	fmv.x.w	x6,f8	  f8:0x00000000  x6=0x00000000
     456345.000 ns	     45633	800099f0	00acccb3	xor	x25,x25,x10	 x25:0x00000000 x10:0x00000000 x25=0x00000000
     456365.000 ns	     45635	800099f4	c00c7353	fcvt.w.s	x6,f24	 f24:0x00000000  x6=0x00000000
     456405.000 ns	     45639	800099f8	580bf153	fsqrt.s	f2,f23	 f23:0x00000000  f2=0x00000000
     456425.000 ns	     45641	800099fc	01ec1893	slli	x17,x24,0x1e	 x24:0x00000000 x17=0x00000000
     456785.000 ns	     45677	80009a00	02f665b3	rem	x11,x12,x15	 x12:0x00000000 x15:0x032da50c x11=0x00000000
     456815.000 ns	     45680	80009a04	2149a553	fsgnjx.s	f10,f19,f20	 f19:0x80000000 f20:0x80000000 f10=0x00000000
     456845.000 ns	     45683	80009a08	f00208d3	fmv.w.x	f17,x4	  x4:0x00000000 f17=0x00000000
     456875.000 ns	     45686	80009a0c	a1ab9453	flt.s	x8,f23,f26	 f23:0x00000000 f26:0xcf000000  x8=0x00000000
     456895.000 ns	     45688	80009a10	401a5f33	sra	x30,x20,x1	 x20:0x00000000  x1:0x00000000 x30=0x00000000
     456915.000 ns	     45690	80009a14	036d7cb3	remu	x25,x26,x22	 x26:0x00000000 x22:0x00000000 x25=0x00000000
     456935.000 ns	     45692	80009a18	41ea5b13	srai	x22,x20,0x1e	 x20:0x00000000 x22=0x00000000
     456945.000 ns	     45693	80009a1c	00000013	addi	x0,x0,0	  x0:0x00000000
     456955.000 ns	     45694	80009a20	3440cf93	xori	x31,x1,836	  x1:0x00000000 x31=0x00000344
     456965.000 ns	     45695	80009a24	ff888593	addi	x11,x17,-8	 x17:0x00000000 x11=0xfffffff8
     456975.000 ns	     45696	80009a28	41440133	sub	x2,x8,x20	  x8:0x00000000 x20:0x00000000  x2=0x00000000
     456995.000 ns	     45698	80009a2c	034ba633	mulhsu	x12,x23,x20	 x23:0x80040fe4 x20:0x00000000 x12=0x00000000
     457365.000 ns	     45735	80009a30	02e6c233	div	x4,x13,x14	 x13:0x00000000 x14:0x207f2000  x4=0x00000000
     457395.000 ns	     45738	80009a34	214f84d3	fsgnj.s	f9,f31,f20	 f31:0x4effffff f20:0x80000000  f9=0xceffffff
     457415.000 ns	     45740	80009a38	418386b3	sub	x13,x7,x24	  x7:0xfffff8ad x24:0x00000000 x13=0xfffff8ad
     457435.000 ns	     45742	80009a3c	0305e5b3	rem	x11,x11,x16	 x11:0xfffffff8 x16:0x00000000 x11=0xfffffff8
     457465.000 ns	     45745	80009a40	20a4a9d3	fsgnjx.s	f19,f9,f10	  f9:0xceffffff f10:0x00000000 f19=0xceffffff
     457495.000 ns	     45748	80009a44	027ebab3	mulhu	x21,x29,x7	 x29:0xdf80ded0  x7:0xfffff8ad x21=0xdf80d86b
     457515.000 ns	     45750	80009a48	e85afa13	andi	x20,x21,-379	 x21:0x00000001 x20=0xdf80d801
     457535.000 ns	     45752	80009a4c	a03398d3	flt.s	x17,f7,f3	  f7:0x4effffff  f3:0xffc00000 x17=0x00000000
     457575.000 ns	     45756	80009a50	10387f53	fmul.s	f30,f16,f3	 f16:0x00000000  f3:0xffc00000 f30=0x7fc00000
     457605.000 ns	     45759	80009a54	02eb1b33	mulh	x22,x22,x14	 x22:0x00000000 x14:0x207f2000 x22=0x00000000
     457635.000 ns	     45762	80009a58	a0739753	flt.s	x14,f7,f7	  f7:0x4effffff  f7:0x4effffff x14=0x00000000
     457655.000 ns	     45764	80009a5c	29262893	slti	x17,x12,658	 x12:0x00000000 x17=0x00000001
     457675.000 ns	     45766	80009a60	027531b3	mulhu	x3,x10,x7	 x10:0x00000000  x7:0xfffff8ad  x3=0x00000000
     457705.000 ns	     45769	80009a64	024702b3	mul	x5,x14,x4	 x14:0x00000000  x4:0x00000000  x5=0x00000000
     457725.000 ns	     45771	80009a68	3dd1a313	slti	x6,x3,989	  x3:0x00000000  x6=0x00000001
     457745.000 ns	     45773	80009a6c	036bd933	divu	x18,x23,x22	 x23:0x80040fe4 x22:0x00000000 x18=0xffffffff
     457765.000 ns	     45775	80009a70	00000013	addi	x0,x0,0	  x0:0x00000000
     457775.000 ns	     45776	80009a74	0166a733	slt	x14,x13,x22	 x13:0xfffff8ad x22:0x00000000 x14=0x00000001
     457795.000 ns	     45778	80009a78	e0041253	fclass.s	x4,f8	  f8:0x00000000  x4=0x00000010
     457815.000 ns	     45780	80009a7c	22744993	xori	x19,x8,551	  x8:0x00000000 x19=0x00000227
     457825.000 ns	     45781	80009a80	55133193	sltiu	x3,x6,1361	  x6:0x00000001  x3=0x00000001
     457845.000 ns	     45783	80009a84	021ae1b3	rem	x3,x21,x1	 x21:0xdf80d86b  x1:0x00000000  x3=0xdf80d86b
     457865.000 ns	     45785	80009a88	00000013	addi	x0,x0,0	  x0:0x00000000
     457885.000 ns	     45787	80009a8c	0236bab3	mulhu	x21,x13,x3	 x13:0xfffff8ad  x3:0xdf80d86b x21=0xdf80d206
     457905.000 ns	     45789	80009a90	0050d2b3	srl	x5,x1,x5	  x1:0x00000000  x5:0x00000000  x5=0x00000000
     457915.000 ns	     45790	80009a94	410cdeb3	sra	x29,x25,x16	 x25:0x00000000 x16:0x00000000 x29=0x00000000
     457925.000 ns	     45791	80009a98	65302093	slti	x1,x0,1619	  x0:0x00000000  x1=0x00000001
     457935.000 ns	     45792	80009a9c	637a5d37	lui	x26,0x637a5	 x26=0x637a5000
     457955.000 ns	     45794	80009aa0	025880b3	mul	x1,x17,x5	 x17:0x00000001  x5:0x00000000  x1=0x00000000
     457975.000 ns	     45796	80009aa4	01021ab3	sll	x21,x4,x16	  x4:0x00000010 x16:0x00000000 x21=0x00000010
     458305.000 ns	     45829	80009aa8	19a2f5d3	fdiv.s	f11,f5,f26	  f5:0xcefff7e0 f26:0xcf000000 f11=0x3efff7e0
     458335.000 ns	     45832	80009aac	f00483d3	fmv.w.x	f7,x9	  x9:0xfffffaf9  f7=0xfffffaf9
     458365.000 ns	     45835	80009ab0	e0040853	fmv.x.w	x16,f8	  f8:0x00000000 x16=0x00000000
     458415.000 ns	     45840	80009ab4	09ad7bd3	fsub.s	f23,f26,f26	 f26:0xcf000000 f26:0xcf000000 f23=0x00000000
     458445.000 ns	     45843	80009ab8	e00412d3	fclass.s	x5,f8	  f8:0x00000000  x5=0x00000010
     458465.000 ns	     45845	80009abc	01732b33	slt	x22,x6,x23	  x6:0x00000001 x23:0x80040fe4 x22=0x00000000
     458505.000 ns	     45849	80009ac0	09cdf2d3	fsub.s	f5,f27,f28	 f27:0x7fc00000 f28:0x00000000  f5=0x7fc00000
     458535.000 ns	     45852	80009ac4	e0029c53	fclass.s	x24,f5	  f5:0xcefff7e0 x24=0x00000200
     458555.000 ns	     45854	80009ac8	26e9a013	slti	x0,x19,622	 x19:0x00000227
     458565.000 ns	     45855	80009acc	4047da33	sra	x20,x15,x4	 x15:0x032da50c  x4:0x00000010 x20=0x0000032d
     458575.000 ns	     45856	80009ad0	015b3d33	sltu	x26,x22,x21	 x22:0x00000000 x21:0x00000010 x26=0x00000001
     458935.000 ns	     45892	80009ad4	03857933	remu	x18,x10,x24	 x10:0x00000000 x24:0x00000200 x18=0x00000000
     459275.000 ns	     45926	80009ad8	19259953	fdiv.s	f18,f11,f18	 f11:0x3efff7e0 f18:0xdb500e00 f18=0xa2fff7e0
     459305.000 ns	     45929	80009adc	a1fd8ad3	fle.s	x21,f27,f31	 f27:0x7fc00000 f31:0x4effffff x21=0x00000000
     459335.000 ns	     45932	80009ae0	d01273d3	fcvt.s.wu	f7,x4	  x4:0x00000010  f7=0x41800000
     459365.000 ns	     45935	80009ae4	c01b8253	fcvt.wu.s	x4,f23	 f23:0x00000000  x4=0x00000000
     459405.000 ns	     45939	80009ae8	103fc9d3	fmul.s	f19,f31,f3	 f31:0x4effffff  f3:0xffc00000 f19=0x7fc00000
     459435.000 ns	     45942	80009aec	290193d3	fmax.s	f7,f3,f16	  f3:0xffc00000 f16:0x00000000  f7=0x00000000
     459465.000 ns	     45945	80009af0	038e8eb3	mul	x29,x29,x24	 x29:0x00000000 x24:0x00000200 x29=0x00000000
     459485.000 ns	     45947	80009af4	1de52d13	slti	x26,x10,478	 x10:0x00000000 x26=0x00000001
     459505.000 ns	     45949	80009af8	20f614d3	fsgnjn.s	f9,f12,f15	 f12:0x7fc00000 f15:0x1f3ac312  f9=0xffc00000
     459875.000 ns	     45986	80009afc	03345ab3	divu	x21,x8,x19	  x8:0x00000000 x19:0x00000227 x21=0x00000000
     459915.000 ns	     45990	80009b00	580401d3	fsqrt.s	f3,f8	  f8:0x00000000  f3=0x00000000
     459945.000 ns	     45993	80009b04	29340d53	fmin.s	f26,f8,f19	  f8:0x00000000 f19:0x7fc00000 f26=0x00000000
     460315.000 ns	     46030	80009b08	02b74c33	div	x24,x14,x11	 x14:0x00000001 x11:0xfffffff8 x24=0x00000000
     460365.000 ns	     46035	80009b0c	0956f253	fsub.s	f4,f13,f21	 f13:0x71936e1b f21:0x4effffff  f4=0x71936e1b
     460385.000 ns	     46037	80009b10	0d20af13	slti	x30,x1,210	  x1:0x00000000 x30=0x00000001
     460405.000 ns	     46039	80009b14	e0081853	fclass.s	x16,f16	 f16:0x00000000 x16=0x00000010
     461585.000 ns	     46157	80009b18	58007fd3	fsqrt.s	f31,f0	  f0:0x71936e1b f31=0x58895f02
     461615.000 ns	     46160	80009b1c	02b1a6b3	mulhsu	x13,x3,x11	  x3:0xdf80d86b x11:0xfffffff8 x13=0xdf80d86c
     461635.000 ns	     46162	80009b20	010c3493	sltiu	x9,x24,16	 x24:0x00000000  x9=0x00000001
     461645.000 ns	     46163	80009b24	019e17b3	sll	x15,x28,x25	 x28:0x80041024 x25:0x00000000 x15=0x80041024
     461655.000 ns	     46164	80009b28	00fd3733	sltu	x14,x26,x15	 x26:0x00000001 x15:0x032da50c x14=0x00000001
     461665.000 ns	     46165	80009b2c	608ec313	xori	x6,x29,1544	 x29:0x00000000  x6=0x00000608
     461685.000 ns	     46167	80009b30	d01570d3	fcvt.s.wu	f1,x10	 x10:0x00000000  f1=0x00000000
     461705.000 ns	     46169	80009b34	9e3c3117	auipc	x2,0x9e3c3	  x2=0x1e3ccb34
     461745.000 ns	     46173	80009b38	087341d3	fsub.s	f3,f6,f7	  f6:0x473504ab  f7:0x00000000  f3=0x473504ab
     461765.000 ns	     46175	80009b3c	84456593	ori	x11,x10,-1980	 x10:0x00000000 x11=0xfffff844
     461775.000 ns	     46176	80009b40	41b65993	srai	x19,x12,0x1b	 x12:0x00000000 x19=0x00000000
     461795.000 ns	     46178	80009b44	20d51753	fsgnjn.s	f14,f10,f13	 f10:0x00000000 f13:0x71936e1b f14=0x80000000
     461815.000 ns	     46180	80009b48	002037b3	sltu	x15,x0,x2	  x0:0x00000000  x2:0x1e3ccb34 x15=0x00000001
     461835.000 ns	     46182	80009b4c	a0510a53	fle.s	x20,f2,f5	  f2:0x00000000  f5:0x7fc00000 x20=0x00000000
     461855.000 ns	     46184	80009b50	13537713	andi	x14,x6,309	  x6:0x00000608 x14=0x00000000
     461865.000 ns	     46185	80009b54	d36dc393	xori	x7,x27,-714	 x27:0xf1936e1b  x7=0x0e6c932d
     461875.000 ns	     46186	80009b58	d0fd3c17	auipc	x24,0xd0fd3	 x24=0x50fdcb58
     461885.000 ns	     46187	80009b5c	005b5b13	srli	x22,x22,0x5	 x22:0x00000000 x22=0x00000000
     461895.000 ns	     46188	80009b60	0077e5b3	or	x11,x15,x7	 x15:0x00000001  x7:0x0e6c932d x11=0x0e6c932d
     461915.000 ns	     46190	80009b64	288298d3	fmax.s	f17,f5,f8	  f5:0x7fc00000  f8:0x00000000 f17=0x00000000
     461945.000 ns	     46193	80009b68	28d98553	fmin.s	f10,f19,f13	 f19:0x7fc00000 f13:0x71936e1b f10=0x71936e1b
     461965.000 ns	     46195	80009b6c	4799f213	andi	x4,x19,1145	 x19:0x00000000  x4=0x00000000
     461985.000 ns	     46197	80009b70	02e6b7b3	mulhu	x15,x13,x14	 x13:0xdf80d86c x14:0x00000000 x15=0x00000000
     462015.000 ns	     46200	80009b74	20ed8ad3	fsgnj.s	f21,f27,f14	 f27:0x7fc00000 f14:0x80000000 f21=0xffc00000
     462045.000 ns	     46203	80009b78	f00a0ad3	fmv.w.x	f21,x20	 x20:0x00000000 f21=0x00000000
     462065.000 ns	     46205	80009b7c	e3260793	addi	x15,x12,-462	 x12:0x00000000 x15=0xfffffe32
     462085.000 ns	     46207	80009b80	28371853	fmax.s	f16,f14,f3	 f14:0x80000000  f3:0x473504ab f16=0x473504ab
     462115.000 ns	     46210	80009b84	28d71dd3	fmax.s	f27,f14,f13	 f14:0x80000000 f13:0x71936e1b f27=0x71936e1b
     462135.000 ns	     46212	80009b88	00a72333	slt	x6,x14,x10	 x14:0x00000000 x10:0x00000000  x6=0x00000000
     462155.000 ns	     46214	80009b8c	02de09b3	mul	x19,x28,x13	 x28:0x80041024 x13:0xdf80d86c x19=0xdd552f30
     462185.000 ns	     46217	80009b90	216a96d3	fsgnjn.s	f13,f21,f22	 f21:0x00000000 f22:0x41800000 f13=0x80000000
     462205.000 ns	     46219	80009b94	0101d093	srli	x1,x3,0x10	  x3:0xdf80d86b  x1=0x0000df80
     462225.000 ns	     46221	80009b98	287a1553	fmax.s	f10,f20,f7	 f20:0x80000000  f7:0x00000000 f10=0x00000000
     462255.000 ns	     46224	80009b9c	a19990d3	flt.s	x1,f19,f25	 f19:0x7fc00000 f25:0x3f800000  x1=0x00000000
     462285.000 ns	     46227	80009ba0	21d103d3	fsgnj.s	f7,f2,f29	  f2:0x00000000 f29:0x7fc00000  f7=0x00000000
     462315.000 ns	     46230	80009ba4	210320d3	fsgnjx.s	f1,f6,f16	  f6:0x473504ab f16:0x473504ab  f1=0x473504ab
     462345.000 ns	     46233	80009ba8	29621853	fmax.s	f16,f4,f22	  f4:0x71936e1b f22:0x41800000 f16=0x71936e1b
     462365.000 ns	     46235	80009bac	79fe8d13	addi	x26,x29,1951	 x29:0x00000000 x26=0x0000079f
     462385.000 ns	     46237	80009bb0	21218d53	fsgnj.s	f26,f3,f18	  f3:0x473504ab f18:0xa2fff7e0 f26=0xc73504ab
     462415.000 ns	     46240	80009bb4	c01d7ed3	fcvt.wu.s	x29,f26	 f26:0x00000000 x29=0x0000b504
     462445.000 ns	     46243	80009bb8	c01847d3	fcvt.wu.s	x15,f16	 f16:0x71936e1b x15=0xffffffff
     462475.000 ns	     46246	80009bbc	c0083fd3	fcvt.w.s	x31,f16	 f16:0x71936e1b x31=0x7fffffff
     462505.000 ns	     46249	80009bc0	d01c75d3	fcvt.s.wu	f11,x24	 x24:0x50fdcb58 f11=0x4ea1fb96
     462525.000 ns	     46251	80009bc4	40830333	sub	x6,x6,x8	  x6:0x00000000  x8:0x00000000  x6=0x00000000
     462535.000 ns	     46252	80009bc8	00521c93	slli	x25,x4,0x5	  x4:0x00000000 x25=0x00000000
     462545.000 ns	     46253	80009bcc	00bc70b3	and	x1,x24,x11	 x24:0x50fdcb58 x11:0x0e6c932d  x1=0x006c8308
     462565.000 ns	     46255	80009bd0	039384b3	mul	x9,x7,x25	  x7:0x0e6c932d x25:0x00000000  x9=0x00000000
     462615.000 ns	     46260	80009bd4	08a30653	fsub.s	f12,f6,f10	  f6:0x473504ab f10:0x00000000 f12=0x473504ab
     462635.000 ns	     46262	80009bd8	41150117	auipc	x2,0x41150	  x2=0xc1159bd8
     462655.000 ns	     46264	80009bdc	a1c9aad3	feq.s	x21,f19,f28	 f19:0x7fc00000 f28:0x00000000 x21=0x00000000
     462685.000 ns	     46267	80009be0	f00a0453	fmv.w.x	f8,x20	 x20:0x00000000  f8=0x00000000
     462715.000 ns	     46270	80009be4	201a9fd3	fsgnjn.s	f31,f21,f1	 f21:0x00000000  f1:0x473504ab f31=0x80000000
     462755.000 ns	     46274	80009be8	112c1ed3	fmul.s	f29,f24,f18	 f24:0x00000000 f18:0xa2fff7e0 f29=0x80000000
     462785.000 ns	     46277	80009bec	21e2a6d3	fsgnjx.s	f13,f5,f30	  f5:0x7fc00000 f30:0x7fc00000 f13=0x7fc00000
     462805.000 ns	     46279	80009bf0	40cd5833	sra	x16,x26,x12	 x26:0x0000079f x12:0x00000000 x16=0x0000079f
     462845.000 ns	     46283	80009bf4	0184f8d3	fadd.s	f17,f9,f24	  f9:0xffc00000 f24:0x00000000 f17=0x7fc00000
     462875.000 ns	     46286	80009bf8	20f9a753	fsgnjx.s	f14,f19,f15	 f19:0x7fc00000 f15:0x1f3ac312 f14=0x7fc00000
     462895.000 ns	     46288	80009bfc	418c04b3	sub	x9,x24,x24	 x24:0x50fdcb58 x24:0x50fdcb58  x9=0x00000000
     462905.000 ns	     46289	80009c00	b0e1a913	slti	x18,x3,-1266	  x3:0xdf80d86b x18=0x00000001
     462915.000 ns	     46290	80009c04	41800c33	sub	x24,x0,x24	  x0:0x00000000 x24:0x50fdcb58 x24=0xaf0234a8
     462935.000 ns	     46292	80009c08	a1d42553	feq.s	x10,f8,f29	  f8:0x00000000 f29:0x80000000 x10=0x00000001
     463305.000 ns	     46329	80009c0c	02abc533	div	x10,x23,x10	 x23:0x80040fe4 x10:0x00000000 x10=0x80040fe4
     463335.000 ns	     46332	80009c10	219180d3	fsgnj.s	f1,f3,f25	  f3:0x473504ab f25:0x3f800000  f1=0x473504ab
     463355.000 ns	     46334	80009c14	00191493	slli	x9,x18,0x1	 x18:0x00000001  x9=0x00000002
     463365.000 ns	     46335	80009c18	001990b3	sll	x1,x19,x1	 x19:0xdd552f30  x1:0x006c8308  x1=0x552f3000
     463375.000 ns	     46336	80009c1c	00e45d13	srli	x26,x8,0xe	  x8:0x00000000 x26=0x00000000
     463395.000 ns	     46338	80009c20	02ea6333	rem	x6,x20,x14	 x20:0x00000000 x14:0x00000000  x6=0x00000000
     463425.000 ns	     46341	80009c24	03259a33	mulh	x20,x11,x18	 x11:0x0e6c932d x18:0x00000001 x20=0x00000000
     463455.000 ns	     46344	80009c28	a00985d3	fle.s	x11,f19,f0	 f19:0x7fc00000  f0:0x71936e1b x11=0x00000000
     463495.000 ns	     46348	80009c2c	11e5f853	fmul.s	f16,f11,f30	 f11:0x4ea1fb96 f30:0x7fc00000 f16=0x7fc00000
     463525.000 ns	     46351	80009c30	037636b3	mulhu	x13,x12,x23	 x12:0x00000000 x23:0x80040fe4 x13=0x00000000
     463555.000 ns	     46354	80009c34	d01daf53	fcvt.s.wu	f30,x27	 x27:0xf1936e1b f30=0x4f71936f
     463585.000 ns	     46357	80009c38	0338af33	mulhsu	x30,x17,x19	 x17:0x00000001 x19:0xdd552f30 x30=0x00000000
     463605.000 ns	     46359	80009c3c	01d2bcb3	sltu	x25,x5,x29	  x5:0x00000010 x29:0x0000b504 x25=0x00000001
     463625.000 ns	     46361	80009c40	02a13cb3	mulhu	x25,x2,x10	  x2:0xc1159bd8 x10:0x80040fe4 x25=0x608dde3e
     463655.000 ns	     46364	80009c44	020af633	remu	x12,x21,x0	 x21:0x00000000  x0:0x00000000 x12=0x00000000
     463685.000 ns	     46367	80009c48	28ce8953	fmin.s	f18,f29,f12	 f29:0x80000000 f12:0x473504ab f18=0x80000000
     463715.000 ns	     46370	80009c4c	211a9553	fsgnjn.s	f10,f21,f17	 f21:0x00000000 f17:0x7fc00000 f10=0x80000000
     463745.000 ns	     46373	80009c50	29191553	fmax.s	f10,f18,f17	 f18:0x80000000 f17:0x7fc00000 f10=0x80000000
     463795.000 ns	     46378	80009c54	00961853	fadd.s	f16,f12,f9	 f12:0x473504ab  f9:0xffc00000 f16=0x7fc00000
     463825.000 ns	     46381	80009c58	21378c53	fsgnj.s	f24,f15,f19	 f15:0x1f3ac312 f19:0x7fc00000 f24=0x1f3ac312
     465005.000 ns	     46499	80009c5c	580095d3	fsqrt.s	f11,f1	  f1:0x473504ab f11=0x42ffff5c
     465035.000 ns	     46502	80009c60	03d210b3	mulh	x1,x4,x29	  x4:0x00000000 x29:0x0000b504  x1=0x00000000
     465085.000 ns	     46507	80009c64	08cdfad3	fsub.s	f21,f27,f12	 f27:0x71936e1b f12:0x473504ab f21=0x71936e1b
     465105.000 ns	     46509	80009c68	00000013	addi	x0,x0,0	  x0:0x00000000
     465115.000 ns	     46510	80009c6c	00ae9493	slli	x9,x29,0xa	 x29:0x0000b504  x9=0x02d41000
     465125.000 ns	     46511	80009c70	00795013	srli	x0,x18,0x7	 x18:0x00000001
     465145.000 ns	     46513	80009c74	0237b833	mulhu	x16,x15,x3	 x15:0xffffffff  x3:0xdf80d86b x16=0xdf80d86a
     465175.000 ns	     46516	80009c78	28120c53	fmin.s	f24,f4,f1	  f4:0x71936e1b  f1:0x473504ab f24=0x473504ab
     465205.000 ns	     46519	80009c7c	a1a7a5d3	feq.s	x11,f15,f26	 f15:0x1f3ac312 f26:0xc73504ab x11=0x00000000
     465225.000 ns	     46521	80009c80	43c84993	xori	x19,x16,1084	 x16:0xdf80d86a x19=0xdf80dc56
     465585.000 ns	     46557	80009c84	03f072b3	remu	x5,x0,x31	  x0:0x00000000 x31:0x7fffffff  x5=0x00000000
     465605.000 ns	     46559	80009c88	017344b3	xor	x9,x6,x23	  x6:0x00000000 x23:0x80040fe4  x9=0x80040fe4
     465965.000 ns	     46595	80009c8c	031059b3	divu	x19,x0,x17	  x0:0x00000000 x17:0x00000001 x19=0x00000000
     465985.000 ns	     46597	80009c90	01f7cab3	xor	x21,x15,x31	 x15:0xffffffff x31:0x7fffffff x21=0x80000000
     465995.000 ns	     46598	80009c94	00629d33	sll	x26,x5,x6	  x5:0x00000000  x6:0x00000000 x26=0x00000000
     466005.000 ns	     46599	80009c98	9320e813	ori	x16,x1,-1742	  x1:0x00000000 x16=0xfffff932
     466015.000 ns	     46600	80009c9c	a0162993	slti	x19,x12,-1535	 x12:0x00000000 x19=0x00000000
     466025.000 ns	     46601	80009ca0	005f3133	sltu	x2,x30,x5	 x30:0x00000000  x5:0x00000000  x2=0x00000000
     466065.000 ns	     46605	80009ca4	083e7253	fsub.s	f4,f28,f3	 f28:0x00000000  f3:0x473504ab  f4=0xc73504ab
     466085.000 ns	     46607	80009ca8	00000013	addi	x0,x0,0	  x0:0x00000000
     466095.000 ns	     46608	80009cac	01c5db13	srli	x22,x11,0x1c	 x11:0x00000000 x22=0x00000000
     466105.000 ns	     46609	80009cb0	007e79b3	and	x19,x28,x7	 x28:0x80041024  x7:0x0e6c932d x19=0x00041024
     466115.000 ns	     46610	80009cb4	00f0d793	srli	x15,x1,0xf	  x1:0x00000000 x15=0x00000000
     466135.000 ns	     46612	80009cb8	d013f7d3	fcvt.s.wu	f15,x7	  x7:0x0e6c932d f15=0x4d66c932
     466155.000 ns	     46614	80009cbc	edfc2293	slti	x5,x24,-289	 x24:0xaf0234a8  x5=0x00000001
     466175.000 ns	     46616	80009cc0	c00ba053	fcvt.w.s	x0,f23	 f23:0x00000000
     466205.000 ns	     46619	80009cc4	03518533	mul	x10,x3,x21	  x3:0xdf80d86b x21:0x80000000 x10=0x80000000
     466225.000 ns	     46621	80009cc8	018f1293	slli	x5,x30,0x18	 x30:0x00000000  x5=0x00000000
     466255.000 ns	     46624	80009ccc	58012553	fsqrt.s	f10,f2	  f2:0x00000000 f10=0x00000000
     466295.000 ns	     46628	80009cd0	580a3453	fsqrt.s	f8,f20	 f20:0x80000000  f8=0x80000000
     466325.000 ns	     46631	80009cd4	02b11633	mulh	x12,x2,x11	  x2:0x00000000 x11:0x00000000 x12=0x00000000
     466375.000 ns	     46636	80009cd8	09ffb3d3	fsub.s	f7,f31,f31	 f31:0x80000000 f31:0x80000000  f7=0x00000000
     466395.000 ns	     46638	80009cdc	001d5333	srl	x6,x26,x1	 x26:0x00000000  x1:0x00000000  x6=0x00000000
     466415.000 ns	     46640	80009ce0	e00c81d3	fmv.x.w	x3,f25	 f25:0x3f800000  x3=0x3f800000
     466445.000 ns	     46643	80009ce4	03b23033	mulhu	x0,x4,x27	  x4:0x00000000 x27:0xf1936e1b
     466495.000 ns	     46648	80009ce8	00cf35d3	fadd.s	f11,f30,f12	 f30:0x4f71936f f12:0x473504ab f11=0x4f719425
     466515.000 ns	     46650	80009cec	b92f4297	auipc	x5,0xb92f4	  x5=0x392fdcec
     466525.000 ns	     46651	80009cf0	01245133	srl	x2,x8,x18	  x8:0x00000000 x18:0x00000001  x2=0x00000000
     466535.000 ns	     46652	80009cf4	c6379097	auipc	x1,0xc6379	  x1=0x46382cf4
     466545.000 ns	     46653	80009cf8	40a45493	srai	x9,x8,0xa	  x8:0x00000000  x9=0x00000000
     466555.000 ns	     46654	80009cfc	01df9593	slli	x11,x31,0x1d	 x31:0x7fffffff x11=0xe0000000
     466565.000 ns	     46655	80009d00	004c5093	srli	x1,x24,0x4	 x24:0xaf0234a8  x1=0x0af0234a
     466575.000 ns	     46656	80009d04	00089393	slli	x7,x17,0x0	 x17:0x00000001  x7=0x00000001
     466595.000 ns	     46658	80009d08	204a2e53	fsgnjx.s	f28,f20,f4	 f20:0x80000000  f4:0xc73504ab f28=0x00000000
     466615.000 ns	     46660	80009d0c	00000013	addi	x0,x0,0	  x0:0x00000000
     466945.000 ns	     46693	80009d10	195c7153	fdiv.s	f2,f24,f21	 f24:0x473504ab f21:0x71936e1b  f2=0x14b504ac
     466975.000 ns	     46696	80009d14	a16487d3	fle.s	x15,f9,f22	  f9:0xffc00000 f22:0x41800000 x15=0x00000000
     467005.000 ns	     46699	80009d18	29c282d3	fmin.s	f5,f5,f28	  f5:0x7fc00000 f28:0x00000000  f5=0x00000000
     467345.000 ns	     46733	80009d1c	19b20553	fdiv.s	f10,f4,f27	  f4:0xc73504ab f27:0x71936e1b f10=0x94b504ac
     467375.000 ns	     46736	80009d20	03253a33	mulhu	x20,x10,x18	 x10:0x80000000 x18:0x00000001 x20=0x00000000
     467405.000 ns	     46739	80009d24	02c605b3	mul	x11,x12,x12	 x12:0x00000000 x12:0x00000000 x11=0x00000000
     467425.000 ns	     46741	80009d28	013a73b3	and	x7,x20,x19	 x20:0x00000000 x19:0x00041024  x7=0x00000000
     467435.000 ns	     46742	80009d2c	983d3013	sltiu	x0,x26,-1661	 x26:0x00000000
     467455.000 ns	     46744	80009d30	29709d53	fmax.s	f26,f1,f23	  f1:0x473504ab f23:0x00000000 f26=0x473504ab
     467475.000 ns	     46746	80009d34	40a75e93	srai	x29,x14,0xa	 x14:0x00000000 x29=0x00000000
     467495.000 ns	     46748	80009d38	a0df8ed3	fle.s	x29,f31,f13	 f31:0x80000000 f13:0x7fc00000 x29=0x00000000
     467515.000 ns	     46750	80009d3c	00c61193	slli	x3,x12,0xc	 x12:0x00000000  x3=0x00000000
     467525.000 ns	     46751	80009d40	00fe62b3	or	x5,x28,x15	 x28:0x80041024 x15:0x00000000  x5=0x80041024
     467545.000 ns	     46753	80009d44	a04409d3	fle.s	x19,f8,f4	  f8:0x80000000  f4:0xc73504ab x19=0x00000000
     467575.000 ns	     46756	80009d48	d0092ed3	fcvt.s.w	f29,x18	 x18:0x00000001 f29=0x3f800000
     467605.000 ns	     46759	80009d4c	a13783d3	fle.s	x7,f15,f19	 f15:0x4d66c932 f19:0x7fc00000  x7=0x00000000
     467635.000 ns	     46762	80009d50	03d6dc33	divu	x24,x13,x29	 x13:0x00000000 x29:0x00000000 x24=0xffffffff
     467685.000 ns	     46767	80009d54	01814653	fadd.s	f12,f2,f24	  f2:0x14b504ac f24:0x473504ab f12=0x473504ab
     467705.000 ns	     46769	80009d58	011a22b3	slt	x5,x20,x17	 x20:0x00000000 x17:0x00000001  x5=0x00000001
     467715.000 ns	     46770	80009d5c	7da288b7	lui	x17,0x7da28	 x17=0x7da28000
     467735.000 ns	     46772	80009d60	28ad00d3	fmin.s	f1,f26,f10	 f26:0x473504ab f10:0x94b504ac  f1=0x94b504ac
     467755.000 ns	     46774	80009d64	412082b3	sub	x5,x1,x18	  x1:0x0af0234a x18:0x00000001  x5=0x0af02349
     467765.000 ns	     46775	80009d68	40b50d33	sub	x26,x10,x11	 x10:0x80000000 x11:0x00000000 x26=0x80000000
     467805.000 ns	     46779	80009d6c	09d7fb53	fsub.s	f22,f15,f29	 f15:0x4d66c932 f29:0x3f800000 f22=0x4d66c931
     467835.000 ns	     46782	80009d70	286e9f53	fmax.s	f30,f29,f6	 f29:0x3f800000  f6:0x473504ab f30=0x473504ab
     467865.000 ns	     46785	80009d74	c01f7153	fcvt.wu.s	x2,f30	 f30:0x4f71936f  x2=0x0000b504
     468235.000 ns	     46822	80009d78	03a77333	remu	x6,x14,x26	 x14:0x00000000 x26:0x80000000  x6=0x00000000
     468255.000 ns	     46824	80009d7c	01989693	slli	x13,x17,0x19	 x17:0x7da28000 x13=0x00000000
     468265.000 ns	     46825	80009d80	41ff5eb3	sra	x29,x30,x31	 x30:0x00000000 x31:0x7fffffff x29=0x00000000
     468285.000 ns	     46827	80009d84	a01a18d3	flt.s	x17,f20,f1	 f20:0x80000000  f1:0x94b504ac x17=0x00000000
     468315.000 ns	     46830	80009d88	02facb33	div	x22,x21,x15	 x21:0x80000000 x15:0x00000000 x22=0xffffffff
     468345.000 ns	     46833	80009d8c	d0067e53	fcvt.s.w	f28,x12	 x12:0x00000000 f28=0x00000000
     468365.000 ns	     46835	80009d90	0023ceb3	xor	x29,x7,x2	  x7:0x00000000  x2:0x0000b504 x29=0x0000b504
     468375.000 ns	     46836	80009d94	00c3dc13	srli	x24,x7,0xc	  x7:0x00000000 x24=0x00000000
     468395.000 ns	     46838	80009d98	d014f553	fcvt.s.wu	f10,x9	  x9:0x00000000 f10=0x00000000
     468425.000 ns	     46841	80009d9c	e00592d3	fclass.s	x5,f11	 f11:0x4f719425  x5=0x00000040
     468445.000 ns	     46843	80009da0	01f6d893	srli	x17,x13,0x1f	 x13:0x00000000 x17=0x00000000
     468455.000 ns	     46844	80009da4	fdc4ef13	ori	x30,x9,-36	  x9:0x00000000 x30=0xffffffdc
     468475.000 ns	     46846	80009da8	2110a4d3	fsgnjx.s	f9,f1,f17	  f1:0x94b504ac f17:0x7fc00000  f9=0x94b504ac
     468495.000 ns	     46848	80009dac	000bbd33	sltu	x26,x23,x0	 x23:0x80040fe4  x0:0x00000000 x26=0x00000000
     468515.000 ns	     46850	80009db0	024c5c33	divu	x24,x24,x4	 x24:0x00000000  x4:0x00000000 x24=0xffffffff
     468535.000 ns	     46852	80009db4	002cbb33	sltu	x22,x25,x2	 x25:0x608dde3e  x2:0x0000b504 x22=0x00000000
     468555.000 ns	     46854	80009db8	f0008753	fmv.w.x	f14,x1	  x1:0x0af0234a f14=0x0af0234a
     468575.000 ns	     46856	80009dbc	5f590513	addi	x10,x18,1525	 x18:0x00000001 x10=0x000005f6
     468585.000 ns	     46857	80009dc0	41e405b3	sub	x11,x8,x30	  x8:0x00000000 x30:0xffffffdc x11=0x00000024
     468605.000 ns	     46859	80009dc4	03a352b3	divu	x5,x6,x26	  x6:0x00000000 x26:0x00000000  x5=0xffffffff
     468625.000 ns	     46861	80009dc8	aa10e893	ori	x17,x1,-1375	  x1:0x0af0234a x17=0xfffffbeb
     468645.000 ns	     46863	80009dcc	205595d3	fsgnjn.s	f11,f11,f5	 f11:0x4f719425  f5:0x00000000 f11=0xcf719425
     468665.000 ns	     46865	80009dd0	41048533	sub	x10,x9,x16	  x9:0x00000000 x16:0xfffff932 x10=0x000006ce
     468675.000 ns	     46866	80009dd4	7e050b37	lui	x22,0x7e050	 x22=0x7e050000
     468685.000 ns	     46867	80009dd8	4c727593	andi	x11,x4,1223	  x4:0x00000000 x11=0x00000000
     468705.000 ns	     46869	80009ddc	c0017953	fcvt.w.s	x18,f2	  f2:0x14b504ac x18=0x00000000
     468725.000 ns	     46871	80009de0	f5347593	andi	x11,x8,-173	  x8:0x00000000 x11=0x00000000
     468735.000 ns	     46872	80009de4	f35038b7	lui	x17,0xf3503	 x17=0xf3503000
     468745.000 ns	     46873	80009de8	50070913	addi	x18,x14,1280	 x14:0x00000000 x18=0x00000500
     468755.000 ns	     46874	80009dec	4a14a293	slti	x5,x9,1185	  x9:0x00000000  x5=0x00000001
     468775.000 ns	     46876	80009df0	29db02d3	fmin.s	f5,f22,f29	 f22:0x4d66c931 f29:0x3f800000  f5=0x3f800000
     468825.000 ns	     46881	80009df4	00a5f153	fadd.s	f2,f11,f10	 f11:0xcf719425 f10:0x00000000  f2=0xcf719425
     468845.000 ns	     46883	80009df8	0150d093	srli	x1,x1,0x15	  x1:0x0af0234a  x1=0x00000057
     468855.000 ns	     46884	80009dfc	01c5c5b3	xor	x11,x11,x28	 x11:0x00000000 x28:0x80041024 x11=0x80041024
     468875.000 ns	     46886	80009e00	03b7bd33	mulhu	x26,x15,x27	 x15:0x00000000 x27:0xf1936e1b x26=0x00000000
     468905.000 ns	     46889	80009e04	28a285d3	fmin.s	f11,f5,f10	  f5:0x3f800000 f10:0x00000000 f11=0x00000000
     468935.000 ns	     46892	80009e08	a00403d3	fle.s	x7,f8,f0	  f8:0x80000000  f0:0x71936e1b  x7=0x00000001
     468965.000 ns	     46895	80009e0c	287f1853	fmax.s	f16,f30,f7	 f30:0x473504ab  f7:0x00000000 f16=0x473504ab
     468985.000 ns	     46897	80009e10	409e8933	sub	x18,x29,x9	 x29:0x0000b504  x9:0x00000000 x18=0x0000b504
     468995.000 ns	     46898	80009e14	4036db13	srai	x22,x13,0x3	 x13:0x00000000 x22=0x00000000
     469015.000 ns	     46900	80009e18	03ec33b3	mulhu	x7,x24,x30	 x24:0xffffffff x30:0xffffffdc  x7=0xffffffdb
     469035.000 ns	     46902	80009e1c	40ff8833	sub	x16,x31,x15	 x31:0x7fffffff x15:0x00000000 x16=0x7fffffff
     469045.000 ns	     46903	80009e20	d0c02c93	slti	x25,x0,-756	  x0:0x00000000 x25=0x00000000
     469065.000 ns	     46905	80009e24	e00f8d53	fmv.x.w	x26,f31	 f31:0x80000000 x26=0x80000000
     469085.000 ns	     46907	80009e28	8cdf6513	ori	x10,x30,-1843	 x30:0xffffffdc x10=0xffffffdd
     469125.000 ns	     46911	80009e2c	01203e53	fadd.s	f28,f0,f18	  f0:0x71936e1b f18:0x80000000 f28=0x71936e1b
     469145.000 ns	     46913	80009e30	00575533	srl	x10,x14,x5	 x14:0x00000000  x5:0x00000001 x10=0x00000000
     469155.000 ns	     46914	80009e34	005f6eb3	or	x29,x30,x5	 x30:0xffffffdc  x5:0x00000001 x29=0xffffffdd
     469175.000 ns	     46916	80009e38	20a321d3	fsgnjx.s	f3,f6,f10	  f6:0x473504ab f10:0x00000000  f3=0x473504ab
     469195.000 ns	     46918	80009e3c	0132ea33	or	x20,x5,x19	  x5:0x00000001 x19:0x00000000 x20=0x00000001
     469205.000 ns	     46919	80009e40	405d5eb3	sra	x29,x26,x5	 x26:0x80000000  x5:0x00000001 x29=0xc0000000
     469225.000 ns	     46921	80009e44	c0137453	fcvt.wu.s	x8,f6	  f6:0x473504ab  x8=0x0000b504
     469255.000 ns	     46924	80009e48	c0009ed3	fcvt.w.s	x29,f1	  f1:0x94b504ac x29=0x00000000
     469305.000 ns	     46929	80009e4c	01a70c53	fadd.s	f24,f14,f26	 f14:0x0af0234a f26:0x473504ab f24=0x473504ab
     469325.000 ns	     46931	80009e50	7138ec13	ori	x24,x17,1811	 x17:0xf3503000 x24=0xf3503713
     469335.000 ns	     46932	80009e54	409dd513	srai	x10,x27,0x9	 x27:0xf1936e1b x10=0xfff8c9b7
     469695.000 ns	     46968	80009e58	03f376b3	remu	x13,x6,x31	  x6:0x00000000 x31:0x7fffffff x13=0x00000000
     469725.000 ns	     46971	80009e5c	f00282d3	fmv.w.x	f5,x5	  x5:0x00000001  f5=0x00000001
     469745.000 ns	     46973	80009e60	016ffab3	and	x21,x31,x22	 x31:0x7fffffff x22:0x00000000 x21=0x00000000
     469765.000 ns	     46975	80009e64	c00e0cd3	fcvt.w.s	x25,f28	 f28:0x71936e1b x25=0x7fffffff
     469785.000 ns	     46977	80009e68	003273b3	and	x7,x4,x3	  x4:0x00000000  x3:0x00000000  x7=0x00000000
     469795.000 ns	     46978	80009e6c	0045d913	srli	x18,x11,0x4	 x11:0x80041024 x18=0x08004102
     469825.000 ns	     46981	80009e70	580470d3	fsqrt.s	f1,f8	  f8:0x80000000  f1=0x80000000
     470195.000 ns	     47018	80009e74	0284cab3	div	x21,x9,x8	  x9:0x00000000  x8:0x0000b504 x21=0x00000000
     470215.000 ns	     47020	80009e78	40a458b3	sra	x17,x8,x10	  x8:0x0000b504 x10:0xfff8c9b7 x17=0x00000000
     470225.000 ns	     47021	80009e7c	01491e93	slli	x29,x18,0x14	 x18:0x08004102 x29=0x10200000
     470585.000 ns	     47057	80009e80	0215d9b3	divu	x19,x11,x1	 x11:0x80041024  x1:0x00000057 x19=0x0178b0bc
     470615.000 ns	     47060	80009e84	21760953	fsgnj.s	f18,f12,f23	 f12:0x473504ab f23:0x00000000 f18=0x473504ab
     470665.000 ns	     47065	80009e88	08bfaad3	fsub.s	f21,f31,f11	 f31:0x80000000 f11:0x00000000 f21=0x80000000
     470695.000 ns	     47068	80009e8c	21e02753	fsgnjx.s	f14,f0,f30	  f0:0x71936e1b f30:0x473504ab f14=0x71936e1b
     470715.000 ns	     47070	80009e90	00ab3a33	sltu	x20,x22,x10	 x22:0x00000000 x10:0xfff8c9b7 x20=0x00000001
     470735.000 ns	     47072	80009e94	a0148853	fle.s	x16,f9,f1	  f9:0x94b504ac  f1:0x80000000 x16=0x00000001
     470785.000 ns	     47077	80009e98	00ee8dd3	fadd.s	f27,f29,f14	 f29:0x3f800000 f14:0x71936e1b f27=0x71936e1b
     470805.000 ns	     47079	80009e9c	01245613	srli	x12,x8,0x12	  x8:0x0000b504 x12=0x00000000
     470815.000 ns	     47080	80009ea0	01f92533	slt	x10,x18,x31	 x18:0x08004102 x31:0x7fffffff x10=0x00000001
     470825.000 ns	     47081	80009ea4	00000d97	auipc	x27,0x0	 x27=0x80009ea4
     470835.000 ns	     47082	80009ea8	00cd8d93	addi	x27,x27,12	 x27:0xf1936e1b x27=0x80009eb0
     470845.000 ns	     47083	80009eac	000d8067	jalr	x0,x27,0	 x27:0xf1936e1b
     470895.000 ns	     47088	80009eb0	00100193	addi	x3,x0,1	  x0:0x00000000  x3=0x00000001
     470905.000 ns	     47089	80009eb4	00000073	ecall	
     470915.000 ns	     47090	80009eb8	00036f17	auipc	x30,0x36	 x30=0x8003feb8
     470925.000 ns	     47091	80009ebc	143f2423	sw	x3,328(x30)	 x30:0xffffffdc  x3:0x00000001 PA:0xxxxxxxxx
     470945.000 ns	     47093	80009ec0	ff9ff06f	jal	x0,80009ebc	
     470995.000 ns	     47098	80009eb8	00036f17	auipc	x30,0x36	 x30=0x8003feb8
     471005.000 ns	     47099	80009ebc	143f2423	sw	x3,328(x30)	 x30:0x8003feb8  x3:0x00000001 PA:0xxxxxxxxx
     471025.000 ns	     47101	80009ec0	ff9ff06f	jal	x0,80009ebc	
     471075.000 ns	     47106	80009eb8	00036f17	auipc	x30,0x36	 x30=0x8003feb8
     471085.000 ns	     47107	80009ebc	143f2423	sw	x3,328(x30)	 x30:0x8003feb8  x3:0x00000001 PA:0xxxxxxxxx
     471105.000 ns	     47109	80009ec0	ff9ff06f	jal	x0,80009ebc	
     471155.000 ns	     47114	80009eb8	00036f17	auipc	x30,0x36	 x30=0x8003feb8
     471165.000 ns	     47115	80009ebc	143f2423	sw	x3,328(x30)	 x30:0x8003feb8  x3:0x00000001 PA:0xxxxxxxxx
     471185.000 ns	     47117	80009ec0	ff9ff06f	jal	x0,80009ebc	
     471235.000 ns	     47122	80009eb8	00036f17	auipc	x30,0x36	 x30=0x8003feb8
     471245.000 ns	     47123	80009ebc	143f2423	sw	x3,328(x30)	 x30:0x8003feb8  x3:0x00000001 PA:0xxxxxxxxx
     471265.000 ns	     47125	80009ec0	ff9ff06f	jal	x0,80009ebc	
     471315.000 ns	     47130	80009eb8	00036f17	auipc	x30,0x36	 x30=0x8003feb8
     471325.000 ns	     47131	80009ebc	143f2423	sw	x3,328(x30)	 x30:0x8003feb8  x3:0x00000001 PA:0xxxxxxxxx
     471345.000 ns	     47133	80009ec0	ff9ff06f	jal	x0,80009ebc	
     471395.000 ns	     47138	80009eb8	00036f17	auipc	x30,0x36	 x30=0x8003feb8
     471405.000 ns	     47139	80009ebc	143f2423	sw	x3,328(x30)	 x30:0x8003feb8  x3:0x00000001 PA:0xxxxxxxxx
     471425.000 ns	     47141	80009ec0	ff9ff06f	jal	x0,80009ebc	
     471475.000 ns	     47146	80009eb8	00036f17	auipc	x30,0x36	 x30=0x8003feb8
     471485.000 ns	     47147	80009ebc	143f2423	sw	x3,328(x30)	 x30:0x8003feb8  x3:0x00000001 PA:0xxxxxxxxx
     471505.000 ns	     47149	80009ec0	ff9ff06f	jal	x0,80009ebc	
     471555.000 ns	     47154	80009eb8	00036f17	auipc	x30,0x36	 x30=0x8003feb8
     471565.000 ns	     47155	80009ebc	143f2423	sw	x3,328(x30)	 x30:0x8003feb8  x3:0x00000001 PA:0xxxxxxxxx
     471585.000 ns	     47157	80009ec0	ff9ff06f	jal	x0,80009ebc	
     471635.000 ns	     47162	80009eb8	00036f17	auipc	x30,0x36	 x30=0x8003feb8
     471645.000 ns	     47163	80009ebc	143f2423	sw	x3,328(x30)	 x30:0x8003feb8  x3:0x00000001 PA:0xxxxxxxxx
     471665.000 ns	     47165	80009ec0	ff9ff06f	jal	x0,80009ebc	
     471715.000 ns	     47170	80009eb8	00036f17	auipc	x30,0x36	 x30=0x8003feb8
     471725.000 ns	     47171	80009ebc	143f2423	sw	x3,328(x30)	 x30:0x8003feb8  x3:0x00000001 PA:0xxxxxxxxx
     471745.000 ns	     47173	80009ec0	ff9ff06f	jal	x0,80009ebc	
     471795.000 ns	     47178	80009eb8	00036f17	auipc	x30,0x36	 x30=0x8003feb8
     471805.000 ns	     47179	80009ebc	143f2423	sw	x3,328(x30)	 x30:0x8003feb8  x3:0x00000001 PA:0xxxxxxxxx
     471825.000 ns	     47181	80009ec0	ff9ff06f	jal	x0,80009ebc	
     471875.000 ns	     47186	80009eb8	00036f17	auipc	x30,0x36	 x30=0x8003feb8
     471885.000 ns	     47187	80009ebc	143f2423	sw	x3,328(x30)	 x30:0x8003feb8  x3:0x00000001 PA:0xxxxxxxxx
     471905.000 ns	     47189	80009ec0	ff9ff06f	jal	x0,80009ebc	
     471955.000 ns	     47194	80009eb8	00036f17	auipc	x30,0x36	 x30=0x8003feb8
     471965.000 ns	     47195	80009ebc	143f2423	sw	x3,328(x30)	 x30:0x8003feb8  x3:0x00000001 PA:0xxxxxxxxx
     471985.000 ns	     47197	80009ec0	ff9ff06f	jal	x0,80009ebc	
     472035.000 ns	     47202	80009eb8	00036f17	auipc	x30,0x36	 x30=0x8003feb8
     472045.000 ns	     47203	80009ebc	143f2423	sw	x3,328(x30)	 x30:0x8003feb8  x3:0x00000001 PA:0xxxxxxxxx
     472065.000 ns	     47205	80009ec0	ff9ff06f	jal	x0,80009ebc	
     472115.000 ns	     47210	80009eb8	00036f17	auipc	x30,0x36	 x30=0x8003feb8
     472125.000 ns	     47211	80009ebc	143f2423	sw	x3,328(x30)	 x30:0x8003feb8  x3:0x00000001 PA:0xxxxxxxxx
     472145.000 ns	     47213	80009ec0	ff9ff06f	jal	x0,80009ebc	
     472195.000 ns	     47218	80009eb8	00036f17	auipc	x30,0x36	 x30=0x8003feb8
     472205.000 ns	     47219	80009ebc	143f2423	sw	x3,328(x30)	 x30:0x8003feb8  x3:0x00000001 PA:0xxxxxxxxx
     472225.000 ns	     47221	80009ec0	ff9ff06f	jal	x0,80009ebc	
     472275.000 ns	     47226	80009eb8	00036f17	auipc	x30,0x36	 x30=0x8003feb8
     472285.000 ns	     47227	80009ebc	143f2423	sw	x3,328(x30)	 x30:0x8003feb8  x3:0x00000001 PA:0xxxxxxxxx
     472305.000 ns	     47229	80009ec0	ff9ff06f	jal	x0,80009ebc	
     472355.000 ns	     47234	80009eb8	00036f17	auipc	x30,0x36	 x30=0x8003feb8
     472365.000 ns	     47235	80009ebc	143f2423	sw	x3,328(x30)	 x30:0x8003feb8  x3:0x00000001 PA:0xxxxxxxxx
     472385.000 ns	     47237	80009ec0	ff9ff06f	jal	x0,80009ebc	
     472435.000 ns	     47242	80009eb8	00036f17	auipc	x30,0x36	 x30=0x8003feb8
     472445.000 ns	     47243	80009ebc	143f2423	sw	x3,328(x30)	 x30:0x8003feb8  x3:0x00000001 PA:0xxxxxxxxx
     472465.000 ns	     47245	80009ec0	ff9ff06f	jal	x0,80009ebc	
     472515.000 ns	     47250	80009eb8	00036f17	auipc	x30,0x36	 x30=0x8003feb8
     472525.000 ns	     47251	80009ebc	143f2423	sw	x3,328(x30)	 x30:0x8003feb8  x3:0x00000001 PA:0xxxxxxxxx
     472545.000 ns	     47253	80009ec0	ff9ff06f	jal	x0,80009ebc	
     472595.000 ns	     47258	80009eb8	00036f17	auipc	x30,0x36	 x30=0x8003feb8
     472605.000 ns	     47259	80009ebc	143f2423	sw	x3,328(x30)	 x30:0x8003feb8  x3:0x00000001 PA:0xxxxxxxxx
     472625.000 ns	     47261	80009ec0	ff9ff06f	jal	x0,80009ebc	
     472675.000 ns	     47266	80009eb8	00036f17	auipc	x30,0x36	 x30=0x8003feb8
     472685.000 ns	     47267	80009ebc	143f2423	sw	x3,328(x30)	 x30:0x8003feb8  x3:0x00000001 PA:0xxxxxxxxx
     472705.000 ns	     47269	80009ec0	ff9ff06f	jal	x0,80009ebc	
     472755.000 ns	     47274	80009eb8	00036f17	auipc	x30,0x36	 x30=0x8003feb8
     472765.000 ns	     47275	80009ebc	143f2423	sw	x3,328(x30)	 x30:0x8003feb8  x3:0x00000001 PA:0xxxxxxxxx
     472785.000 ns	     47277	80009ec0	ff9ff06f	jal	x0,80009ebc	
     472835.000 ns	     47282	80009eb8	00036f17	auipc	x30,0x36	 x30=0x8003feb8
     472845.000 ns	     47283	80009ebc	143f2423	sw	x3,328(x30)	 x30:0x8003feb8  x3:0x00000001 PA:0xxxxxxxxx
     472865.000 ns	     47285	80009ec0	ff9ff06f	jal	x0,80009ebc	
     472915.000 ns	     47290	80009eb8	00036f17	auipc	x30,0x36	 x30=0x8003feb8
     472925.000 ns	     47291	80009ebc	143f2423	sw	x3,328(x30)	 x30:0x8003feb8  x3:0x00000001 PA:0xxxxxxxxx
     472945.000 ns	     47293	80009ec0	ff9ff06f	jal	x0,80009ebc	
     472995.000 ns	     47298	80009eb8	00036f17	auipc	x30,0x36	 x30=0x8003feb8
     473005.000 ns	     47299	80009ebc	143f2423	sw	x3,328(x30)	 x30:0x8003feb8  x3:0x00000001 PA:0xxxxxxxxx
     473025.000 ns	     47301	80009ec0	ff9ff06f	jal	x0,80009ebc	
     473075.000 ns	     47306	80009eb8	00036f17	auipc	x30,0x36	 x30=0x8003feb8
     473085.000 ns	     47307	80009ebc	143f2423	sw	x3,328(x30)	 x30:0x8003feb8  x3:0x00000001 PA:0xxxxxxxxx
     473105.000 ns	     47309	80009ec0	ff9ff06f	jal	x0,80009ebc	
     473155.000 ns	     47314	80009eb8	00036f17	auipc	x30,0x36	 x30=0x8003feb8
     473165.000 ns	     47315	80009ebc	143f2423	sw	x3,328(x30)	 x30:0x8003feb8  x3:0x00000001 PA:0xxxxxxxxx
     473185.000 ns	     47317	80009ec0	ff9ff06f	jal	x0,80009ebc	
     473235.000 ns	     47322	80009eb8	00036f17	auipc	x30,0x36	 x30=0x8003feb8
     473245.000 ns	     47323	80009ebc	143f2423	sw	x3,328(x30)	 x30:0x8003feb8  x3:0x00000001 PA:0xxxxxxxxx
     473265.000 ns	     47325	80009ec0	ff9ff06f	jal	x0,80009ebc	
     473315.000 ns	     47330	80009eb8	00036f17	auipc	x30,0x36	 x30=0x8003feb8
     473325.000 ns	     47331	80009ebc	143f2423	sw	x3,328(x30)	 x30:0x8003feb8  x3:0x00000001 PA:0xxxxxxxxx
     473345.000 ns	     47333	80009ec0	ff9ff06f	jal	x0,80009ebc	
     473395.000 ns	     47338	80009eb8	00036f17	auipc	x30,0x36	 x30=0x8003feb8
     473405.000 ns	     47339	80009ebc	143f2423	sw	x3,328(x30)	 x30:0x8003feb8  x3:0x00000001 PA:0xxxxxxxxx
     473425.000 ns	     47341	80009ec0	ff9ff06f	jal	x0,80009ebc	
     473475.000 ns	     47346	80009eb8	00036f17	auipc	x30,0x36	 x30=0x8003feb8
     473485.000 ns	     47347	80009ebc	143f2423	sw	x3,328(x30)	 x30:0x8003feb8  x3:0x00000001 PA:0xxxxxxxxx
     473505.000 ns	     47349	80009ec0	ff9ff06f	jal	x0,80009ebc	
     473555.000 ns	     47354	80009eb8	00036f17	auipc	x30,0x36	 x30=0x8003feb8
     473565.000 ns	     47355	80009ebc	143f2423	sw	x3,328(x30)	 x30:0x8003feb8  x3:0x00000001 PA:0xxxxxxxxx
     473585.000 ns	     47357	80009ec0	ff9ff06f	jal	x0,80009ebc	
     473635.000 ns	     47362	80009eb8	00036f17	auipc	x30,0x36	 x30=0x8003feb8
     473645.000 ns	     47363	80009ebc	143f2423	sw	x3,328(x30)	 x30:0x8003feb8  x3:0x00000001 PA:0xxxxxxxxx
     473665.000 ns	     47365	80009ec0	ff9ff06f	jal	x0,80009ebc	
     473715.000 ns	     47370	80009eb8	00036f17	auipc	x30,0x36	 x30=0x8003feb8
     473725.000 ns	     47371	80009ebc	143f2423	sw	x3,328(x30)	 x30:0x8003feb8  x3:0x00000001 PA:0xxxxxxxxx
     473745.000 ns	     47373	80009ec0	ff9ff06f	jal	x0,80009ebc	
     473795.000 ns	     47378	80009eb8	00036f17	auipc	x30,0x36	 x30=0x8003feb8
     473805.000 ns	     47379	80009ebc	143f2423	sw	x3,328(x30)	 x30:0x8003feb8  x3:0x00000001 PA:0xxxxxxxxx
     473825.000 ns	     47381	80009ec0	ff9ff06f	jal	x0,80009ebc	
     473875.000 ns	     47386	80009eb8	00036f17	auipc	x30,0x36	 x30=0x8003feb8
     473885.000 ns	     47387	80009ebc	143f2423	sw	x3,328(x30)	 x30:0x8003feb8  x3:0x00000001 PA:0xxxxxxxxx
     473905.000 ns	     47389	80009ec0	ff9ff06f	jal	x0,80009ebc	
     473955.000 ns	     47394	80009eb8	00036f17	auipc	x30,0x36	 x30=0x8003feb8
     473965.000 ns	     47395	80009ebc	143f2423	sw	x3,328(x30)	 x30:0x8003feb8  x3:0x00000001 PA:0xxxxxxxxx
     473985.000 ns	     47397	80009ec0	ff9ff06f	jal	x0,80009ebc	
     474035.000 ns	     47402	80009eb8	00036f17	auipc	x30,0x36	 x30=0x8003feb8
     474045.000 ns	     47403	80009ebc	143f2423	sw	x3,328(x30)	 x30:0x8003feb8  x3:0x00000001 PA:0xxxxxxxxx
     474065.000 ns	     47405	80009ec0	ff9ff06f	jal	x0,80009ebc	
     474115.000 ns	     47410	80009eb8	00036f17	auipc	x30,0x36	 x30=0x8003feb8
     474125.000 ns	     47411	80009ebc	143f2423	sw	x3,328(x30)	 x30:0x8003feb8  x3:0x00000001 PA:0xxxxxxxxx
     474145.000 ns	     47413	80009ec0	ff9ff06f	jal	x0,80009ebc	
     474195.000 ns	     47418	80009eb8	00036f17	auipc	x30,0x36	 x30=0x8003feb8
     474205.000 ns	     47419	80009ebc	143f2423	sw	x3,328(x30)	 x30:0x8003feb8  x3:0x00000001 PA:0xxxxxxxxx
     474225.000 ns	     47421	80009ec0	ff9ff06f	jal	x0,80009ebc	
     474275.000 ns	     47426	80009eb8	00036f17	auipc	x30,0x36	 x30=0x8003feb8
     474285.000 ns	     47427	80009ebc	143f2423	sw	x3,328(x30)	 x30:0x8003feb8  x3:0x00000001 PA:0xxxxxxxxx
     474305.000 ns	     47429	80009ec0	ff9ff06f	jal	x0,80009ebc	
     474355.000 ns	     47434	80009eb8	00036f17	auipc	x30,0x36	 x30=0x8003feb8
     474365.000 ns	     47435	80009ebc	143f2423	sw	x3,328(x30)	 x30:0x8003feb8  x3:0x00000001 PA:0xxxxxxxxx
     474385.000 ns	     47437	80009ec0	ff9ff06f	jal	x0,80009ebc	
     474435.000 ns	     47442	80009eb8	00036f17	auipc	x30,0x36	 x30=0x8003feb8
     474445.000 ns	     47443	80009ebc	143f2423	sw	x3,328(x30)	 x30:0x8003feb8  x3:0x00000001 PA:0xxxxxxxxx
     474465.000 ns	     47445	80009ec0	ff9ff06f	jal	x0,80009ebc	
     474515.000 ns	     47450	80009eb8	00036f17	auipc	x30,0x36	 x30=0x8003feb8
     474525.000 ns	     47451	80009ebc	143f2423	sw	x3,328(x30)	 x30:0x8003feb8  x3:0x00000001 PA:0xxxxxxxxx
     474545.000 ns	     47453	80009ec0	ff9ff06f	jal	x0,80009ebc	
     474595.000 ns	     47458	80009eb8	00036f17	auipc	x30,0x36	 x30=0x8003feb8
     474605.000 ns	     47459	80009ebc	143f2423	sw	x3,328(x30)	 x30:0x8003feb8  x3:0x00000001 PA:0xxxxxxxxx
     474625.000 ns	     47461	80009ec0	ff9ff06f	jal	x0,80009ebc	
     474675.000 ns	     47466	80009eb8	00036f17	auipc	x30,0x36	 x30=0x8003feb8
     474685.000 ns	     47467	80009ebc	143f2423	sw	x3,328(x30)	 x30:0x8003feb8  x3:0x00000001 PA:0xxxxxxxxx
     474705.000 ns	     47469	80009ec0	ff9ff06f	jal	x0,80009ebc	
     474755.000 ns	     47474	80009eb8	00036f17	auipc	x30,0x36	 x30=0x8003feb8
     474765.000 ns	     47475	80009ebc	143f2423	sw	x3,328(x30)	 x30:0x8003feb8  x3:0x00000001 PA:0xxxxxxxxx
     474785.000 ns	     47477	80009ec0	ff9ff06f	jal	x0,80009ebc	
     474835.000 ns	     47482	80009eb8	00036f17	auipc	x30,0x36	 x30=0x8003feb8
     474845.000 ns	     47483	80009ebc	143f2423	sw	x3,328(x30)	 x30:0x8003feb8  x3:0x00000001 PA:0xxxxxxxxx
     474865.000 ns	     47485	80009ec0	ff9ff06f	jal	x0,80009ebc	
     474915.000 ns	     47490	80009eb8	00036f17	auipc	x30,0x36	 x30=0x8003feb8
     474925.000 ns	     47491	80009ebc	143f2423	sw	x3,328(x30)	 x30:0x8003feb8  x3:0x00000001 PA:0xxxxxxxxx
     474945.000 ns	     47493	80009ec0	ff9ff06f	jal	x0,80009ebc	
     474995.000 ns	     47498	80009eb8	00036f17	auipc	x30,0x36	 x30=0x8003feb8
     475005.000 ns	     47499	80009ebc	143f2423	sw	x3,328(x30)	 x30:0x8003feb8  x3:0x00000001 PA:0xxxxxxxxx
     475025.000 ns	     47501	80009ec0	ff9ff06f	jal	x0,80009ebc	
     475075.000 ns	     47506	80009eb8	00036f17	auipc	x30,0x36	 x30=0x8003feb8
     475085.000 ns	     47507	80009ebc	143f2423	sw	x3,328(x30)	 x30:0x8003feb8  x3:0x00000001 PA:0xxxxxxxxx
     475105.000 ns	     47509	80009ec0	ff9ff06f	jal	x0,80009ebc	
     475155.000 ns	     47514	80009eb8	00036f17	auipc	x30,0x36	 x30=0x8003feb8
     475165.000 ns	     47515	80009ebc	143f2423	sw	x3,328(x30)	 x30:0x8003feb8  x3:0x00000001 PA:0xxxxxxxxx
     475185.000 ns	     47517	80009ec0	ff9ff06f	jal	x0,80009ebc	
     475235.000 ns	     47522	80009eb8	00036f17	auipc	x30,0x36	 x30=0x8003feb8
     475245.000 ns	     47523	80009ebc	143f2423	sw	x3,328(x30)	 x30:0x8003feb8  x3:0x00000001 PA:0xxxxxxxxx
     475265.000 ns	     47525	80009ec0	ff9ff06f	jal	x0,80009ebc	
     475315.000 ns	     47530	80009eb8	00036f17	auipc	x30,0x36	 x30=0x8003feb8
     475325.000 ns	     47531	80009ebc	143f2423	sw	x3,328(x30)	 x30:0x8003feb8  x3:0x00000001 PA:0xxxxxxxxx
     475345.000 ns	     47533	80009ec0	ff9ff06f	jal	x0,80009ebc	
     475395.000 ns	     47538	80009eb8	00036f17	auipc	x30,0x36	 x30=0x8003feb8
     475405.000 ns	     47539	80009ebc	143f2423	sw	x3,328(x30)	 x30:0x8003feb8  x3:0x00000001 PA:0xxxxxxxxx
     475425.000 ns	     47541	80009ec0	ff9ff06f	jal	x0,80009ebc	
     475475.000 ns	     47546	80009eb8	00036f17	auipc	x30,0x36	 x30=0x8003feb8
     475485.000 ns	     47547	80009ebc	143f2423	sw	x3,328(x30)	 x30:0x8003feb8  x3:0x00000001 PA:0xxxxxxxxx
     475505.000 ns	     47549	80009ec0	ff9ff06f	jal	x0,80009ebc	
     475555.000 ns	     47554	80009eb8	00036f17	auipc	x30,0x36	 x30=0x8003feb8
     475565.000 ns	     47555	80009ebc	143f2423	sw	x3,328(x30)	 x30:0x8003feb8  x3:0x00000001 PA:0xxxxxxxxx
     475585.000 ns	     47557	80009ec0	ff9ff06f	jal	x0,80009ebc	
     475635.000 ns	     47562	80009eb8	00036f17	auipc	x30,0x36	 x30=0x8003feb8
     475645.000 ns	     47563	80009ebc	143f2423	sw	x3,328(x30)	 x30:0x8003feb8  x3:0x00000001 PA:0xxxxxxxxx
     475665.000 ns	     47565	80009ec0	ff9ff06f	jal	x0,80009ebc	
     475715.000 ns	     47570	80009eb8	00036f17	auipc	x30,0x36	 x30=0x8003feb8
     475725.000 ns	     47571	80009ebc	143f2423	sw	x3,328(x30)	 x30:0x8003feb8  x3:0x00000001 PA:0xxxxxxxxx
     475745.000 ns	     47573	80009ec0	ff9ff06f	jal	x0,80009ebc	
     475795.000 ns	     47578	80009eb8	00036f17	auipc	x30,0x36	 x30=0x8003feb8
     475805.000 ns	     47579	80009ebc	143f2423	sw	x3,328(x30)	 x30:0x8003feb8  x3:0x00000001 PA:0xxxxxxxxx
     475825.000 ns	     47581	80009ec0	ff9ff06f	jal	x0,80009ebc	
     475875.000 ns	     47586	80009eb8	00036f17	auipc	x30,0x36	 x30=0x8003feb8
     475885.000 ns	     47587	80009ebc	143f2423	sw	x3,328(x30)	 x30:0x8003feb8  x3:0x00000001 PA:0xxxxxxxxx
     475905.000 ns	     47589	80009ec0	ff9ff06f	jal	x0,80009ebc	
     475955.000 ns	     47594	80009eb8	00036f17	auipc	x30,0x36	 x30=0x8003feb8
     475965.000 ns	     47595	80009ebc	143f2423	sw	x3,328(x30)	 x30:0x8003feb8  x3:0x00000001 PA:0xxxxxxxxx
     475985.000 ns	     47597	80009ec0	ff9ff06f	jal	x0,80009ebc	
     476035.000 ns	     47602	80009eb8	00036f17	auipc	x30,0x36	 x30=0x8003feb8
     476045.000 ns	     47603	80009ebc	143f2423	sw	x3,328(x30)	 x30:0x8003feb8  x3:0x00000001 PA:0xxxxxxxxx
     476065.000 ns	     47605	80009ec0	ff9ff06f	jal	x0,80009ebc	
     476115.000 ns	     47610	80009eb8	00036f17	auipc	x30,0x36	 x30=0x8003feb8
     476125.000 ns	     47611	80009ebc	143f2423	sw	x3,328(x30)	 x30:0x8003feb8  x3:0x00000001 PA:0xxxxxxxxx
     476145.000 ns	     47613	80009ec0	ff9ff06f	jal	x0,80009ebc	
     476195.000 ns	     47618	80009eb8	00036f17	auipc	x30,0x36	 x30=0x8003feb8
     476205.000 ns	     47619	80009ebc	143f2423	sw	x3,328(x30)	 x30:0x8003feb8  x3:0x00000001 PA:0xxxxxxxxx
     476225.000 ns	     47621	80009ec0	ff9ff06f	jal	x0,80009ebc	
     476275.000 ns	     47626	80009eb8	00036f17	auipc	x30,0x36	 x30=0x8003feb8
     476285.000 ns	     47627	80009ebc	143f2423	sw	x3,328(x30)	 x30:0x8003feb8  x3:0x00000001 PA:0xxxxxxxxx
     476305.000 ns	     47629	80009ec0	ff9ff06f	jal	x0,80009ebc	
     476355.000 ns	     47634	80009eb8	00036f17	auipc	x30,0x36	 x30=0x8003feb8
     476365.000 ns	     47635	80009ebc	143f2423	sw	x3,328(x30)	 x30:0x8003feb8  x3:0x00000001 PA:0xxxxxxxxx
     476385.000 ns	     47637	80009ec0	ff9ff06f	jal	x0,80009ebc	
     476435.000 ns	     47642	80009eb8	00036f17	auipc	x30,0x36	 x30=0x8003feb8
     476445.000 ns	     47643	80009ebc	143f2423	sw	x3,328(x30)	 x30:0x8003feb8  x3:0x00000001 PA:0xxxxxxxxx
     476465.000 ns	     47645	80009ec0	ff9ff06f	jal	x0,80009ebc	
     476515.000 ns	     47650	80009eb8	00036f17	auipc	x30,0x36	 x30=0x8003feb8
     476525.000 ns	     47651	80009ebc	143f2423	sw	x3,328(x30)	 x30:0x8003feb8  x3:0x00000001 PA:0xxxxxxxxx
     476545.000 ns	     47653	80009ec0	ff9ff06f	jal	x0,80009ebc	
     476595.000 ns	     47658	80009eb8	00036f17	auipc	x30,0x36	 x30=0x8003feb8
     476605.000 ns	     47659	80009ebc	143f2423	sw	x3,328(x30)	 x30:0x8003feb8  x3:0x00000001 PA:0xxxxxxxxx
     476625.000 ns	     47661	80009ec0	ff9ff06f	jal	x0,80009ebc	
     476675.000 ns	     47666	80009eb8	00036f17	auipc	x30,0x36	 x30=0x8003feb8
     476685.000 ns	     47667	80009ebc	143f2423	sw	x3,328(x30)	 x30:0x8003feb8  x3:0x00000001 PA:0xxxxxxxxx
     476705.000 ns	     47669	80009ec0	ff9ff06f	jal	x0,80009ebc	
     476755.000 ns	     47674	80009eb8	00036f17	auipc	x30,0x36	 x30=0x8003feb8
     476765.000 ns	     47675	80009ebc	143f2423	sw	x3,328(x30)	 x30:0x8003feb8  x3:0x00000001 PA:0xxxxxxxxx
     476785.000 ns	     47677	80009ec0	ff9ff06f	jal	x0,80009ebc	
     476835.000 ns	     47682	80009eb8	00036f17	auipc	x30,0x36	 x30=0x8003feb8
     476845.000 ns	     47683	80009ebc	143f2423	sw	x3,328(x30)	 x30:0x8003feb8  x3:0x00000001 PA:0xxxxxxxxx
     476865.000 ns	     47685	80009ec0	ff9ff06f	jal	x0,80009ebc	
     476915.000 ns	     47690	80009eb8	00036f17	auipc	x30,0x36	 x30=0x8003feb8
     476925.000 ns	     47691	80009ebc	143f2423	sw	x3,328(x30)	 x30:0x8003feb8  x3:0x00000001 PA:0xxxxxxxxx
     476945.000 ns	     47693	80009ec0	ff9ff06f	jal	x0,80009ebc	
     476995.000 ns	     47698	80009eb8	00036f17	auipc	x30,0x36	 x30=0x8003feb8
     477005.000 ns	     47699	80009ebc	143f2423	sw	x3,328(x30)	 x30:0x8003feb8  x3:0x00000001 PA:0xxxxxxxxx
     477025.000 ns	     47701	80009ec0	ff9ff06f	jal	x0,80009ebc	
     477075.000 ns	     47706	80009eb8	00036f17	auipc	x30,0x36	 x30=0x8003feb8
     477085.000 ns	     47707	80009ebc	143f2423	sw	x3,328(x30)	 x30:0x8003feb8  x3:0x00000001 PA:0xxxxxxxxx
     477105.000 ns	     47709	80009ec0	ff9ff06f	jal	x0,80009ebc	
     477155.000 ns	     47714	80009eb8	00036f17	auipc	x30,0x36	 x30=0x8003feb8
     477165.000 ns	     47715	80009ebc	143f2423	sw	x3,328(x30)	 x30:0x8003feb8  x3:0x00000001 PA:0xxxxxxxxx
     477185.000 ns	     47717	80009ec0	ff9ff06f	jal	x0,80009ebc	
     477235.000 ns	     47722	80009eb8	00036f17	auipc	x30,0x36	 x30=0x8003feb8
     477245.000 ns	     47723	80009ebc	143f2423	sw	x3,328(x30)	 x30:0x8003feb8  x3:0x00000001 PA:0xxxxxxxxx
     477265.000 ns	     47725	80009ec0	ff9ff06f	jal	x0,80009ebc	
     477315.000 ns	     47730	80009eb8	00036f17	auipc	x30,0x36	 x30=0x8003feb8
     477325.000 ns	     47731	80009ebc	143f2423	sw	x3,328(x30)	 x30:0x8003feb8  x3:0x00000001 PA:0xxxxxxxxx
     477345.000 ns	     47733	80009ec0	ff9ff06f	jal	x0,80009ebc	
     477395.000 ns	     47738	80009eb8	00036f17	auipc	x30,0x36	 x30=0x8003feb8
     477405.000 ns	     47739	80009ebc	143f2423	sw	x3,328(x30)	 x30:0x8003feb8  x3:0x00000001 PA:0xxxxxxxxx
     477425.000 ns	     47741	80009ec0	ff9ff06f	jal	x0,80009ebc	
     477475.000 ns	     47746	80009eb8	00036f17	auipc	x30,0x36	 x30=0x8003feb8
     477485.000 ns	     47747	80009ebc	143f2423	sw	x3,328(x30)	 x30:0x8003feb8  x3:0x00000001 PA:0xxxxxxxxx
     477505.000 ns	     47749	80009ec0	ff9ff06f	jal	x0,80009ebc	
     477555.000 ns	     47754	80009eb8	00036f17	auipc	x30,0x36	 x30=0x8003feb8
     477565.000 ns	     47755	80009ebc	143f2423	sw	x3,328(x30)	 x30:0x8003feb8  x3:0x00000001 PA:0xxxxxxxxx
     477585.000 ns	     47757	80009ec0	ff9ff06f	jal	x0,80009ebc	
     477635.000 ns	     47762	80009eb8	00036f17	auipc	x30,0x36	 x30=0x8003feb8
     477645.000 ns	     47763	80009ebc	143f2423	sw	x3,328(x30)	 x30:0x8003feb8  x3:0x00000001 PA:0xxxxxxxxx
     477665.000 ns	     47765	80009ec0	ff9ff06f	jal	x0,80009ebc	
     477715.000 ns	     47770	80009eb8	00036f17	auipc	x30,0x36	 x30=0x8003feb8
     477725.000 ns	     47771	80009ebc	143f2423	sw	x3,328(x30)	 x30:0x8003feb8  x3:0x00000001 PA:0xxxxxxxxx
     477745.000 ns	     47773	80009ec0	ff9ff06f	jal	x0,80009ebc	
     477795.000 ns	     47778	80009eb8	00036f17	auipc	x30,0x36	 x30=0x8003feb8
     477805.000 ns	     47779	80009ebc	143f2423	sw	x3,328(x30)	 x30:0x8003feb8  x3:0x00000001 PA:0xxxxxxxxx
     477825.000 ns	     47781	80009ec0	ff9ff06f	jal	x0,80009ebc	
     477875.000 ns	     47786	80009eb8	00036f17	auipc	x30,0x36	 x30=0x8003feb8
     477885.000 ns	     47787	80009ebc	143f2423	sw	x3,328(x30)	 x30:0x8003feb8  x3:0x00000001 PA:0xxxxxxxxx
     477905.000 ns	     47789	80009ec0	ff9ff06f	jal	x0,80009ebc	
     477955.000 ns	     47794	80009eb8	00036f17	auipc	x30,0x36	 x30=0x8003feb8
     477965.000 ns	     47795	80009ebc	143f2423	sw	x3,328(x30)	 x30:0x8003feb8  x3:0x00000001 PA:0xxxxxxxxx
     477985.000 ns	     47797	80009ec0	ff9ff06f	jal	x0,80009ebc	
     478035.000 ns	     47802	80009eb8	00036f17	auipc	x30,0x36	 x30=0x8003feb8
     478045.000 ns	     47803	80009ebc	143f2423	sw	x3,328(x30)	 x30:0x8003feb8  x3:0x00000001 PA:0xxxxxxxxx
     478065.000 ns	     47805	80009ec0	ff9ff06f	jal	x0,80009ebc	
     478115.000 ns	     47810	80009eb8	00036f17	auipc	x30,0x36	 x30=0x8003feb8
     478125.000 ns	     47811	80009ebc	143f2423	sw	x3,328(x30)	 x30:0x8003feb8  x3:0x00000001 PA:0xxxxxxxxx
     478145.000 ns	     47813	80009ec0	ff9ff06f	jal	x0,80009ebc	
     478195.000 ns	     47818	80009eb8	00036f17	auipc	x30,0x36	 x30=0x8003feb8
     478205.000 ns	     47819	80009ebc	143f2423	sw	x3,328(x30)	 x30:0x8003feb8  x3:0x00000001 PA:0xxxxxxxxx
     478225.000 ns	     47821	80009ec0	ff9ff06f	jal	x0,80009ebc	
     478275.000 ns	     47826	80009eb8	00036f17	auipc	x30,0x36	 x30=0x8003feb8
     478285.000 ns	     47827	80009ebc	143f2423	sw	x3,328(x30)	 x30:0x8003feb8  x3:0x00000001 PA:0xxxxxxxxx
     478305.000 ns	     47829	80009ec0	ff9ff06f	jal	x0,80009ebc	
     478355.000 ns	     47834	80009eb8	00036f17	auipc	x30,0x36	 x30=0x8003feb8
     478365.000 ns	     47835	80009ebc	143f2423	sw	x3,328(x30)	 x30:0x8003feb8  x3:0x00000001 PA:0xxxxxxxxx
     478385.000 ns	     47837	80009ec0	ff9ff06f	jal	x0,80009ebc	
     478435.000 ns	     47842	80009eb8	00036f17	auipc	x30,0x36	 x30=0x8003feb8
     478445.000 ns	     47843	80009ebc	143f2423	sw	x3,328(x30)	 x30:0x8003feb8  x3:0x00000001 PA:0xxxxxxxxx
     478465.000 ns	     47845	80009ec0	ff9ff06f	jal	x0,80009ebc	
     478515.000 ns	     47850	80009eb8	00036f17	auipc	x30,0x36	 x30=0x8003feb8
     478525.000 ns	     47851	80009ebc	143f2423	sw	x3,328(x30)	 x30:0x8003feb8  x3:0x00000001 PA:0xxxxxxxxx
     478545.000 ns	     47853	80009ec0	ff9ff06f	jal	x0,80009ebc	
     478595.000 ns	     47858	80009eb8	00036f17	auipc	x30,0x36	 x30=0x8003feb8
     478605.000 ns	     47859	80009ebc	143f2423	sw	x3,328(x30)	 x30:0x8003feb8  x3:0x00000001 PA:0xxxxxxxxx
     478625.000 ns	     47861	80009ec0	ff9ff06f	jal	x0,80009ebc	
     478675.000 ns	     47866	80009eb8	00036f17	auipc	x30,0x36	 x30=0x8003feb8
     478685.000 ns	     47867	80009ebc	143f2423	sw	x3,328(x30)	 x30:0x8003feb8  x3:0x00000001 PA:0xxxxxxxxx
     478705.000 ns	     47869	80009ec0	ff9ff06f	jal	x0,80009ebc	
     478755.000 ns	     47874	80009eb8	00036f17	auipc	x30,0x36	 x30=0x8003feb8
     478765.000 ns	     47875	80009ebc	143f2423	sw	x3,328(x30)	 x30:0x8003feb8  x3:0x00000001 PA:0xxxxxxxxx
     478785.000 ns	     47877	80009ec0	ff9ff06f	jal	x0,80009ebc	
     478835.000 ns	     47882	80009eb8	00036f17	auipc	x30,0x36	 x30=0x8003feb8
     478845.000 ns	     47883	80009ebc	143f2423	sw	x3,328(x30)	 x30:0x8003feb8  x3:0x00000001 PA:0xxxxxxxxx
     478865.000 ns	     47885	80009ec0	ff9ff06f	jal	x0,80009ebc	
     478915.000 ns	     47890	80009eb8	00036f17	auipc	x30,0x36	 x30=0x8003feb8
     478925.000 ns	     47891	80009ebc	143f2423	sw	x3,328(x30)	 x30:0x8003feb8  x3:0x00000001 PA:0xxxxxxxxx
     478945.000 ns	     47893	80009ec0	ff9ff06f	jal	x0,80009ebc	
     478995.000 ns	     47898	80009eb8	00036f17	auipc	x30,0x36	 x30=0x8003feb8
     479005.000 ns	     47899	80009ebc	143f2423	sw	x3,328(x30)	 x30:0x8003feb8  x3:0x00000001 PA:0xxxxxxxxx
     479025.000 ns	     47901	80009ec0	ff9ff06f	jal	x0,80009ebc	
     479075.000 ns	     47906	80009eb8	00036f17	auipc	x30,0x36	 x30=0x8003feb8
     479085.000 ns	     47907	80009ebc	143f2423	sw	x3,328(x30)	 x30:0x8003feb8  x3:0x00000001 PA:0xxxxxxxxx
     479105.000 ns	     47909	80009ec0	ff9ff06f	jal	x0,80009ebc	
     479155.000 ns	     47914	80009eb8	00036f17	auipc	x30,0x36	 x30=0x8003feb8
     479165.000 ns	     47915	80009ebc	143f2423	sw	x3,328(x30)	 x30:0x8003feb8  x3:0x00000001 PA:0xxxxxxxxx
     479185.000 ns	     47917	80009ec0	ff9ff06f	jal	x0,80009ebc	
     479235.000 ns	     47922	80009eb8	00036f17	auipc	x30,0x36	 x30=0x8003feb8
     479245.000 ns	     47923	80009ebc	143f2423	sw	x3,328(x30)	 x30:0x8003feb8  x3:0x00000001 PA:0xxxxxxxxx
     479265.000 ns	     47925	80009ec0	ff9ff06f	jal	x0,80009ebc	
     479315.000 ns	     47930	80009eb8	00036f17	auipc	x30,0x36	 x30=0x8003feb8
     479325.000 ns	     47931	80009ebc	143f2423	sw	x3,328(x30)	 x30:0x8003feb8  x3:0x00000001 PA:0xxxxxxxxx
     479345.000 ns	     47933	80009ec0	ff9ff06f	jal	x0,80009ebc	
     479395.000 ns	     47938	80009eb8	00036f17	auipc	x30,0x36	 x30=0x8003feb8
     479405.000 ns	     47939	80009ebc	143f2423	sw	x3,328(x30)	 x30:0x8003feb8  x3:0x00000001 PA:0xxxxxxxxx
     479425.000 ns	     47941	80009ec0	ff9ff06f	jal	x0,80009ebc	
     479475.000 ns	     47946	80009eb8	00036f17	auipc	x30,0x36	 x30=0x8003feb8
     479485.000 ns	     47947	80009ebc	143f2423	sw	x3,328(x30)	 x30:0x8003feb8  x3:0x00000001 PA:0xxxxxxxxx
     479505.000 ns	     47949	80009ec0	ff9ff06f	jal	x0,80009ebc	
     479555.000 ns	     47954	80009eb8	00036f17	auipc	x30,0x36	 x30=0x8003feb8
     479565.000 ns	     47955	80009ebc	143f2423	sw	x3,328(x30)	 x30:0x8003feb8  x3:0x00000001 PA:0xxxxxxxxx
     479585.000 ns	     47957	80009ec0	ff9ff06f	jal	x0,80009ebc	
     479635.000 ns	     47962	80009eb8	00036f17	auipc	x30,0x36	 x30=0x8003feb8
     479645.000 ns	     47963	80009ebc	143f2423	sw	x3,328(x30)	 x30:0x8003feb8  x3:0x00000001 PA:0xxxxxxxxx
     479665.000 ns	     47965	80009ec0	ff9ff06f	jal	x0,80009ebc	
     479715.000 ns	     47970	80009eb8	00036f17	auipc	x30,0x36	 x30=0x8003feb8
     479725.000 ns	     47971	80009ebc	143f2423	sw	x3,328(x30)	 x30:0x8003feb8  x3:0x00000001 PA:0xxxxxxxxx
     479745.000 ns	     47973	80009ec0	ff9ff06f	jal	x0,80009ebc	
     479795.000 ns	     47978	80009eb8	00036f17	auipc	x30,0x36	 x30=0x8003feb8
     479805.000 ns	     47979	80009ebc	143f2423	sw	x3,328(x30)	 x30:0x8003feb8  x3:0x00000001 PA:0xxxxxxxxx
     479825.000 ns	     47981	80009ec0	ff9ff06f	jal	x0,80009ebc	
     479875.000 ns	     47986	80009eb8	00036f17	auipc	x30,0x36	 x30=0x8003feb8
     479885.000 ns	     47987	80009ebc	143f2423	sw	x3,328(x30)	 x30:0x8003feb8  x3:0x00000001 PA:0xxxxxxxxx
     479905.000 ns	     47989	80009ec0	ff9ff06f	jal	x0,80009ebc	
     479955.000 ns	     47994	80009eb8	00036f17	auipc	x30,0x36	 x30=0x8003feb8
     479965.000 ns	     47995	80009ebc	143f2423	sw	x3,328(x30)	 x30:0x8003feb8  x3:0x00000001 PA:0xxxxxxxxx
     479985.000 ns	     47997	80009ec0	ff9ff06f	jal	x0,80009ebc	
     480035.000 ns	     48002	80009eb8	00036f17	auipc	x30,0x36	 x30=0x8003feb8
     480045.000 ns	     48003	80009ebc	143f2423	sw	x3,328(x30)	 x30:0x8003feb8  x3:0x00000001 PA:0xxxxxxxxx
     480065.000 ns	     48005	80009ec0	ff9ff06f	jal	x0,80009ebc	
     480115.000 ns	     48010	80009eb8	00036f17	auipc	x30,0x36	 x30=0x8003feb8
     480125.000 ns	     48011	80009ebc	143f2423	sw	x3,328(x30)	 x30:0x8003feb8  x3:0x00000001 PA:0xxxxxxxxx
     480145.000 ns	     48013	80009ec0	ff9ff06f	jal	x0,80009ebc	
     480195.000 ns	     48018	80009eb8	00036f17	auipc	x30,0x36	 x30=0x8003feb8
     480205.000 ns	     48019	80009ebc	143f2423	sw	x3,328(x30)	 x30:0x8003feb8  x3:0x00000001 PA:0xxxxxxxxx
     480225.000 ns	     48021	80009ec0	ff9ff06f	jal	x0,80009ebc	
     480275.000 ns	     48026	80009eb8	00036f17	auipc	x30,0x36	 x30=0x8003feb8
     480285.000 ns	     48027	80009ebc	143f2423	sw	x3,328(x30)	 x30:0x8003feb8  x3:0x00000001 PA:0xxxxxxxxx
     480305.000 ns	     48029	80009ec0	ff9ff06f	jal	x0,80009ebc	
     480355.000 ns	     48034	80009eb8	00036f17	auipc	x30,0x36	 x30=0x8003feb8
     480365.000 ns	     48035	80009ebc	143f2423	sw	x3,328(x30)	 x30:0x8003feb8  x3:0x00000001 PA:0xxxxxxxxx
     480385.000 ns	     48037	80009ec0	ff9ff06f	jal	x0,80009ebc	
     480435.000 ns	     48042	80009eb8	00036f17	auipc	x30,0x36	 x30=0x8003feb8
     480445.000 ns	     48043	80009ebc	143f2423	sw	x3,328(x30)	 x30:0x8003feb8  x3:0x00000001 PA:0xxxxxxxxx
     480465.000 ns	     48045	80009ec0	ff9ff06f	jal	x0,80009ebc	
     480515.000 ns	     48050	80009eb8	00036f17	auipc	x30,0x36	 x30=0x8003feb8
     480525.000 ns	     48051	80009ebc	143f2423	sw	x3,328(x30)	 x30:0x8003feb8  x3:0x00000001 PA:0xxxxxxxxx
     480545.000 ns	     48053	80009ec0	ff9ff06f	jal	x0,80009ebc	
     480595.000 ns	     48058	80009eb8	00036f17	auipc	x30,0x36	 x30=0x8003feb8
     480605.000 ns	     48059	80009ebc	143f2423	sw	x3,328(x30)	 x30:0x8003feb8  x3:0x00000001 PA:0xxxxxxxxx
     480625.000 ns	     48061	80009ec0	ff9ff06f	jal	x0,80009ebc	
     480675.000 ns	     48066	80009eb8	00036f17	auipc	x30,0x36	 x30=0x8003feb8
     480685.000 ns	     48067	80009ebc	143f2423	sw	x3,328(x30)	 x30:0x8003feb8  x3:0x00000001 PA:0xxxxxxxxx
     480705.000 ns	     48069	80009ec0	ff9ff06f	jal	x0,80009ebc	
     480755.000 ns	     48074	80009eb8	00036f17	auipc	x30,0x36	 x30=0x8003feb8
     480765.000 ns	     48075	80009ebc	143f2423	sw	x3,328(x30)	 x30:0x8003feb8  x3:0x00000001 PA:0xxxxxxxxx
     480785.000 ns	     48077	80009ec0	ff9ff06f	jal	x0,80009ebc	
     480835.000 ns	     48082	80009eb8	00036f17	auipc	x30,0x36	 x30=0x8003feb8
     480845.000 ns	     48083	80009ebc	143f2423	sw	x3,328(x30)	 x30:0x8003feb8  x3:0x00000001 PA:0xxxxxxxxx
     480865.000 ns	     48085	80009ec0	ff9ff06f	jal	x0,80009ebc	
     480915.000 ns	     48090	80009eb8	00036f17	auipc	x30,0x36	 x30=0x8003feb8
     480925.000 ns	     48091	80009ebc	143f2423	sw	x3,328(x30)	 x30:0x8003feb8  x3:0x00000001 PA:0xxxxxxxxx
     480945.000 ns	     48093	80009ec0	ff9ff06f	jal	x0,80009ebc	
     480995.000 ns	     48098	80009eb8	00036f17	auipc	x30,0x36	 x30=0x8003feb8
     481005.000 ns	     48099	80009ebc	143f2423	sw	x3,328(x30)	 x30:0x8003feb8  x3:0x00000001 PA:0xxxxxxxxx
     481025.000 ns	     48101	80009ec0	ff9ff06f	jal	x0,80009ebc	
     481075.000 ns	     48106	80009eb8	00036f17	auipc	x30,0x36	 x30=0x8003feb8
     481085.000 ns	     48107	80009ebc	143f2423	sw	x3,328(x30)	 x30:0x8003feb8  x3:0x00000001 PA:0xxxxxxxxx
     481105.000 ns	     48109	80009ec0	ff9ff06f	jal	x0,80009ebc	
     481155.000 ns	     48114	80009eb8	00036f17	auipc	x30,0x36	 x30=0x8003feb8
     481165.000 ns	     48115	80009ebc	143f2423	sw	x3,328(x30)	 x30:0x8003feb8  x3:0x00000001 PA:0xxxxxxxxx
     481185.000 ns	     48117	80009ec0	ff9ff06f	jal	x0,80009ebc	
     481235.000 ns	     48122	80009eb8	00036f17	auipc	x30,0x36	 x30=0x8003feb8
     481245.000 ns	     48123	80009ebc	143f2423	sw	x3,328(x30)	 x30:0x8003feb8  x3:0x00000001 PA:0xxxxxxxxx
     481265.000 ns	     48125	80009ec0	ff9ff06f	jal	x0,80009ebc	
     481315.000 ns	     48130	80009eb8	00036f17	auipc	x30,0x36	 x30=0x8003feb8
     481325.000 ns	     48131	80009ebc	143f2423	sw	x3,328(x30)	 x30:0x8003feb8  x3:0x00000001 PA:0xxxxxxxxx
     481345.000 ns	     48133	80009ec0	ff9ff06f	jal	x0,80009ebc	
     481395.000 ns	     48138	80009eb8	00036f17	auipc	x30,0x36	 x30=0x8003feb8
     481405.000 ns	     48139	80009ebc	143f2423	sw	x3,328(x30)	 x30:0x8003feb8  x3:0x00000001 PA:0xxxxxxxxx
     481425.000 ns	     48141	80009ec0	ff9ff06f	jal	x0,80009ebc	
     481475.000 ns	     48146	80009eb8	00036f17	auipc	x30,0x36	 x30=0x8003feb8
     481485.000 ns	     48147	80009ebc	143f2423	sw	x3,328(x30)	 x30:0x8003feb8  x3:0x00000001 PA:0xxxxxxxxx
     481505.000 ns	     48149	80009ec0	ff9ff06f	jal	x0,80009ebc	
     481555.000 ns	     48154	80009eb8	00036f17	auipc	x30,0x36	 x30=0x8003feb8
     481565.000 ns	     48155	80009ebc	143f2423	sw	x3,328(x30)	 x30:0x8003feb8  x3:0x00000001 PA:0xxxxxxxxx
     481585.000 ns	     48157	80009ec0	ff9ff06f	jal	x0,80009ebc	
     481635.000 ns	     48162	80009eb8	00036f17	auipc	x30,0x36	 x30=0x8003feb8
     481645.000 ns	     48163	80009ebc	143f2423	sw	x3,328(x30)	 x30:0x8003feb8  x3:0x00000001 PA:0xxxxxxxxx
     481665.000 ns	     48165	80009ec0	ff9ff06f	jal	x0,80009ebc	
     481715.000 ns	     48170	80009eb8	00036f17	auipc	x30,0x36	 x30=0x8003feb8
     481725.000 ns	     48171	80009ebc	143f2423	sw	x3,328(x30)	 x30:0x8003feb8  x3:0x00000001 PA:0xxxxxxxxx
     481745.000 ns	     48173	80009ec0	ff9ff06f	jal	x0,80009ebc	
     481795.000 ns	     48178	80009eb8	00036f17	auipc	x30,0x36	 x30=0x8003feb8
     481805.000 ns	     48179	80009ebc	143f2423	sw	x3,328(x30)	 x30:0x8003feb8  x3:0x00000001 PA:0xxxxxxxxx
     481825.000 ns	     48181	80009ec0	ff9ff06f	jal	x0,80009ebc	
     481875.000 ns	     48186	80009eb8	00036f17	auipc	x30,0x36	 x30=0x8003feb8
     481885.000 ns	     48187	80009ebc	143f2423	sw	x3,328(x30)	 x30:0x8003feb8  x3:0x00000001 PA:0xxxxxxxxx
     481905.000 ns	     48189	80009ec0	ff9ff06f	jal	x0,80009ebc	
     481955.000 ns	     48194	80009eb8	00036f17	auipc	x30,0x36	 x30=0x8003feb8
     481965.000 ns	     48195	80009ebc	143f2423	sw	x3,328(x30)	 x30:0x8003feb8  x3:0x00000001 PA:0xxxxxxxxx
     481985.000 ns	     48197	80009ec0	ff9ff06f	jal	x0,80009ebc	
     482035.000 ns	     48202	80009eb8	00036f17	auipc	x30,0x36	 x30=0x8003feb8
     482045.000 ns	     48203	80009ebc	143f2423	sw	x3,328(x30)	 x30:0x8003feb8  x3:0x00000001 PA:0xxxxxxxxx
     482065.000 ns	     48205	80009ec0	ff9ff06f	jal	x0,80009ebc	
     482115.000 ns	     48210	80009eb8	00036f17	auipc	x30,0x36	 x30=0x8003feb8
     482125.000 ns	     48211	80009ebc	143f2423	sw	x3,328(x30)	 x30:0x8003feb8  x3:0x00000001 PA:0xxxxxxxxx
     482145.000 ns	     48213	80009ec0	ff9ff06f	jal	x0,80009ebc	
     482195.000 ns	     48218	80009eb8	00036f17	auipc	x30,0x36	 x30=0x8003feb8
     482205.000 ns	     48219	80009ebc	143f2423	sw	x3,328(x30)	 x30:0x8003feb8  x3:0x00000001 PA:0xxxxxxxxx
     482225.000 ns	     48221	80009ec0	ff9ff06f	jal	x0,80009ebc	
     482275.000 ns	     48226	80009eb8	00036f17	auipc	x30,0x36	 x30=0x8003feb8
     482285.000 ns	     48227	80009ebc	143f2423	sw	x3,328(x30)	 x30:0x8003feb8  x3:0x00000001 PA:0xxxxxxxxx
     482305.000 ns	     48229	80009ec0	ff9ff06f	jal	x0,80009ebc	
     482355.000 ns	     48234	80009eb8	00036f17	auipc	x30,0x36	 x30=0x8003feb8
     482365.000 ns	     48235	80009ebc	143f2423	sw	x3,328(x30)	 x30:0x8003feb8  x3:0x00000001 PA:0xxxxxxxxx
     482385.000 ns	     48237	80009ec0	ff9ff06f	jal	x0,80009ebc	
     482435.000 ns	     48242	80009eb8	00036f17	auipc	x30,0x36	 x30=0x8003feb8
     482445.000 ns	     48243	80009ebc	143f2423	sw	x3,328(x30)	 x30:0x8003feb8  x3:0x00000001 PA:0xxxxxxxxx
     482465.000 ns	     48245	80009ec0	ff9ff06f	jal	x0,80009ebc	
     482515.000 ns	     48250	80009eb8	00036f17	auipc	x30,0x36	 x30=0x8003feb8
     482525.000 ns	     48251	80009ebc	143f2423	sw	x3,328(x30)	 x30:0x8003feb8  x3:0x00000001 PA:0xxxxxxxxx
     482545.000 ns	     48253	80009ec0	ff9ff06f	jal	x0,80009ebc	
     482595.000 ns	     48258	80009eb8	00036f17	auipc	x30,0x36	 x30=0x8003feb8
     482605.000 ns	     48259	80009ebc	143f2423	sw	x3,328(x30)	 x30:0x8003feb8  x3:0x00000001 PA:0xxxxxxxxx
     482625.000 ns	     48261	80009ec0	ff9ff06f	jal	x0,80009ebc	
     482675.000 ns	     48266	80009eb8	00036f17	auipc	x30,0x36	 x30=0x8003feb8
     482685.000 ns	     48267	80009ebc	143f2423	sw	x3,328(x30)	 x30:0x8003feb8  x3:0x00000001 PA:0xxxxxxxxx
     482705.000 ns	     48269	80009ec0	ff9ff06f	jal	x0,80009ebc	
     482755.000 ns	     48274	80009eb8	00036f17	auipc	x30,0x36	 x30=0x8003feb8
     482765.000 ns	     48275	80009ebc	143f2423	sw	x3,328(x30)	 x30:0x8003feb8  x3:0x00000001 PA:0xxxxxxxxx
     482785.000 ns	     48277	80009ec0	ff9ff06f	jal	x0,80009ebc	
     482835.000 ns	     48282	80009eb8	00036f17	auipc	x30,0x36	 x30=0x8003feb8
     482845.000 ns	     48283	80009ebc	143f2423	sw	x3,328(x30)	 x30:0x8003feb8  x3:0x00000001 PA:0xxxxxxxxx
     482865.000 ns	     48285	80009ec0	ff9ff06f	jal	x0,80009ebc	
     482915.000 ns	     48290	80009eb8	00036f17	auipc	x30,0x36	 x30=0x8003feb8
     482925.000 ns	     48291	80009ebc	143f2423	sw	x3,328(x30)	 x30:0x8003feb8  x3:0x00000001 PA:0xxxxxxxxx
     482945.000 ns	     48293	80009ec0	ff9ff06f	jal	x0,80009ebc	
     482995.000 ns	     48298	80009eb8	00036f17	auipc	x30,0x36	 x30=0x8003feb8
     483005.000 ns	     48299	80009ebc	143f2423	sw	x3,328(x30)	 x30:0x8003feb8  x3:0x00000001 PA:0xxxxxxxxx
     483025.000 ns	     48301	80009ec0	ff9ff06f	jal	x0,80009ebc	
     483075.000 ns	     48306	80009eb8	00036f17	auipc	x30,0x36	 x30=0x8003feb8
     483085.000 ns	     48307	80009ebc	143f2423	sw	x3,328(x30)	 x30:0x8003feb8  x3:0x00000001 PA:0xxxxxxxxx
     483105.000 ns	     48309	80009ec0	ff9ff06f	jal	x0,80009ebc	
     483155.000 ns	     48314	80009eb8	00036f17	auipc	x30,0x36	 x30=0x8003feb8
     483165.000 ns	     48315	80009ebc	143f2423	sw	x3,328(x30)	 x30:0x8003feb8  x3:0x00000001 PA:0xxxxxxxxx
     483185.000 ns	     48317	80009ec0	ff9ff06f	jal	x0,80009ebc	
     483235.000 ns	     48322	80009eb8	00036f17	auipc	x30,0x36	 x30=0x8003feb8
     483245.000 ns	     48323	80009ebc	143f2423	sw	x3,328(x30)	 x30:0x8003feb8  x3:0x00000001 PA:0xxxxxxxxx
     483265.000 ns	     48325	80009ec0	ff9ff06f	jal	x0,80009ebc	
     483315.000 ns	     48330	80009eb8	00036f17	auipc	x30,0x36	 x30=0x8003feb8
     483325.000 ns	     48331	80009ebc	143f2423	sw	x3,328(x30)	 x30:0x8003feb8  x3:0x00000001 PA:0xxxxxxxxx
     483345.000 ns	     48333	80009ec0	ff9ff06f	jal	x0,80009ebc	
     483395.000 ns	     48338	80009eb8	00036f17	auipc	x30,0x36	 x30=0x8003feb8
     483405.000 ns	     48339	80009ebc	143f2423	sw	x3,328(x30)	 x30:0x8003feb8  x3:0x00000001 PA:0xxxxxxxxx
     483425.000 ns	     48341	80009ec0	ff9ff06f	jal	x0,80009ebc	
     483475.000 ns	     48346	80009eb8	00036f17	auipc	x30,0x36	 x30=0x8003feb8
     483485.000 ns	     48347	80009ebc	143f2423	sw	x3,328(x30)	 x30:0x8003feb8  x3:0x00000001 PA:0xxxxxxxxx
     483505.000 ns	     48349	80009ec0	ff9ff06f	jal	x0,80009ebc	
     483555.000 ns	     48354	80009eb8	00036f17	auipc	x30,0x36	 x30=0x8003feb8
     483565.000 ns	     48355	80009ebc	143f2423	sw	x3,328(x30)	 x30:0x8003feb8  x3:0x00000001 PA:0xxxxxxxxx
     483585.000 ns	     48357	80009ec0	ff9ff06f	jal	x0,80009ebc	
     483635.000 ns	     48362	80009eb8	00036f17	auipc	x30,0x36	 x30=0x8003feb8
     483645.000 ns	     48363	80009ebc	143f2423	sw	x3,328(x30)	 x30:0x8003feb8  x3:0x00000001 PA:0xxxxxxxxx
     483665.000 ns	     48365	80009ec0	ff9ff06f	jal	x0,80009ebc	
     483715.000 ns	     48370	80009eb8	00036f17	auipc	x30,0x36	 x30=0x8003feb8
     483725.000 ns	     48371	80009ebc	143f2423	sw	x3,328(x30)	 x30:0x8003feb8  x3:0x00000001 PA:0xxxxxxxxx
     483745.000 ns	     48373	80009ec0	ff9ff06f	jal	x0,80009ebc	
     483795.000 ns	     48378	80009eb8	00036f17	auipc	x30,0x36	 x30=0x8003feb8
     483805.000 ns	     48379	80009ebc	143f2423	sw	x3,328(x30)	 x30:0x8003feb8  x3:0x00000001 PA:0xxxxxxxxx
     483825.000 ns	     48381	80009ec0	ff9ff06f	jal	x0,80009ebc	
     483875.000 ns	     48386	80009eb8	00036f17	auipc	x30,0x36	 x30=0x8003feb8
     483885.000 ns	     48387	80009ebc	143f2423	sw	x3,328(x30)	 x30:0x8003feb8  x3:0x00000001 PA:0xxxxxxxxx
     483905.000 ns	     48389	80009ec0	ff9ff06f	jal	x0,80009ebc	
     483955.000 ns	     48394	80009eb8	00036f17	auipc	x30,0x36	 x30=0x8003feb8
     483965.000 ns	     48395	80009ebc	143f2423	sw	x3,328(x30)	 x30:0x8003feb8  x3:0x00000001 PA:0xxxxxxxxx
     483985.000 ns	     48397	80009ec0	ff9ff06f	jal	x0,80009ebc	
     484035.000 ns	     48402	80009eb8	00036f17	auipc	x30,0x36	 x30=0x8003feb8
     484045.000 ns	     48403	80009ebc	143f2423	sw	x3,328(x30)	 x30:0x8003feb8  x3:0x00000001 PA:0xxxxxxxxx
     484065.000 ns	     48405	80009ec0	ff9ff06f	jal	x0,80009ebc	
     484115.000 ns	     48410	80009eb8	00036f17	auipc	x30,0x36	 x30=0x8003feb8
     484125.000 ns	     48411	80009ebc	143f2423	sw	x3,328(x30)	 x30:0x8003feb8  x3:0x00000001 PA:0xxxxxxxxx
     484145.000 ns	     48413	80009ec0	ff9ff06f	jal	x0,80009ebc	
     484195.000 ns	     48418	80009eb8	00036f17	auipc	x30,0x36	 x30=0x8003feb8
     484205.000 ns	     48419	80009ebc	143f2423	sw	x3,328(x30)	 x30:0x8003feb8  x3:0x00000001 PA:0xxxxxxxxx
     484225.000 ns	     48421	80009ec0	ff9ff06f	jal	x0,80009ebc	
     484275.000 ns	     48426	80009eb8	00036f17	auipc	x30,0x36	 x30=0x8003feb8
     484285.000 ns	     48427	80009ebc	143f2423	sw	x3,328(x30)	 x30:0x8003feb8  x3:0x00000001 PA:0xxxxxxxxx
     484305.000 ns	     48429	80009ec0	ff9ff06f	jal	x0,80009ebc	
     484355.000 ns	     48434	80009eb8	00036f17	auipc	x30,0x36	 x30=0x8003feb8
     484365.000 ns	     48435	80009ebc	143f2423	sw	x3,328(x30)	 x30:0x8003feb8  x3:0x00000001 PA:0xxxxxxxxx
     484385.000 ns	     48437	80009ec0	ff9ff06f	jal	x0,80009ebc	
     484435.000 ns	     48442	80009eb8	00036f17	auipc	x30,0x36	 x30=0x8003feb8
     484445.000 ns	     48443	80009ebc	143f2423	sw	x3,328(x30)	 x30:0x8003feb8  x3:0x00000001 PA:0xxxxxxxxx
     484465.000 ns	     48445	80009ec0	ff9ff06f	jal	x0,80009ebc	
     484515.000 ns	     48450	80009eb8	00036f17	auipc	x30,0x36	 x30=0x8003feb8
     484525.000 ns	     48451	80009ebc	143f2423	sw	x3,328(x30)	 x30:0x8003feb8  x3:0x00000001 PA:0xxxxxxxxx
     484545.000 ns	     48453	80009ec0	ff9ff06f	jal	x0,80009ebc	
     484595.000 ns	     48458	80009eb8	00036f17	auipc	x30,0x36	 x30=0x8003feb8
     484605.000 ns	     48459	80009ebc	143f2423	sw	x3,328(x30)	 x30:0x8003feb8  x3:0x00000001 PA:0xxxxxxxxx
     484625.000 ns	     48461	80009ec0	ff9ff06f	jal	x0,80009ebc	
     484675.000 ns	     48466	80009eb8	00036f17	auipc	x30,0x36	 x30=0x8003feb8
     484685.000 ns	     48467	80009ebc	143f2423	sw	x3,328(x30)	 x30:0x8003feb8  x3:0x00000001 PA:0xxxxxxxxx
     484705.000 ns	     48469	80009ec0	ff9ff06f	jal	x0,80009ebc	
     484755.000 ns	     48474	80009eb8	00036f17	auipc	x30,0x36	 x30=0x8003feb8
     484765.000 ns	     48475	80009ebc	143f2423	sw	x3,328(x30)	 x30:0x8003feb8  x3:0x00000001 PA:0xxxxxxxxx
     484785.000 ns	     48477	80009ec0	ff9ff06f	jal	x0,80009ebc	
     484835.000 ns	     48482	80009eb8	00036f17	auipc	x30,0x36	 x30=0x8003feb8
     484845.000 ns	     48483	80009ebc	143f2423	sw	x3,328(x30)	 x30:0x8003feb8  x3:0x00000001 PA:0xxxxxxxxx
     484865.000 ns	     48485	80009ec0	ff9ff06f	jal	x0,80009ebc	
     484915.000 ns	     48490	80009eb8	00036f17	auipc	x30,0x36	 x30=0x8003feb8
     484925.000 ns	     48491	80009ebc	143f2423	sw	x3,328(x30)	 x30:0x8003feb8  x3:0x00000001 PA:0xxxxxxxxx
     484945.000 ns	     48493	80009ec0	ff9ff06f	jal	x0,80009ebc	
     484995.000 ns	     48498	80009eb8	00036f17	auipc	x30,0x36	 x30=0x8003feb8
     485005.000 ns	     48499	80009ebc	143f2423	sw	x3,328(x30)	 x30:0x8003feb8  x3:0x00000001 PA:0xxxxxxxxx
     485025.000 ns	     48501	80009ec0	ff9ff06f	jal	x0,80009ebc	
     485075.000 ns	     48506	80009eb8	00036f17	auipc	x30,0x36	 x30=0x8003feb8
     485085.000 ns	     48507	80009ebc	143f2423	sw	x3,328(x30)	 x30:0x8003feb8  x3:0x00000001 PA:0xxxxxxxxx
     485105.000 ns	     48509	80009ec0	ff9ff06f	jal	x0,80009ebc	
     485155.000 ns	     48514	80009eb8	00036f17	auipc	x30,0x36	 x30=0x8003feb8
     485165.000 ns	     48515	80009ebc	143f2423	sw	x3,328(x30)	 x30:0x8003feb8  x3:0x00000001 PA:0xxxxxxxxx
     485185.000 ns	     48517	80009ec0	ff9ff06f	jal	x0,80009ebc	
     485235.000 ns	     48522	80009eb8	00036f17	auipc	x30,0x36	 x30=0x8003feb8
     485245.000 ns	     48523	80009ebc	143f2423	sw	x3,328(x30)	 x30:0x8003feb8  x3:0x00000001 PA:0xxxxxxxxx
     485265.000 ns	     48525	80009ec0	ff9ff06f	jal	x0,80009ebc	
     485315.000 ns	     48530	80009eb8	00036f17	auipc	x30,0x36	 x30=0x8003feb8
     485325.000 ns	     48531	80009ebc	143f2423	sw	x3,328(x30)	 x30:0x8003feb8  x3:0x00000001 PA:0xxxxxxxxx
     485345.000 ns	     48533	80009ec0	ff9ff06f	jal	x0,80009ebc	
     485395.000 ns	     48538	80009eb8	00036f17	auipc	x30,0x36	 x30=0x8003feb8
     485405.000 ns	     48539	80009ebc	143f2423	sw	x3,328(x30)	 x30:0x8003feb8  x3:0x00000001 PA:0xxxxxxxxx
     485425.000 ns	     48541	80009ec0	ff9ff06f	jal	x0,80009ebc	
     485475.000 ns	     48546	80009eb8	00036f17	auipc	x30,0x36	 x30=0x8003feb8
     485485.000 ns	     48547	80009ebc	143f2423	sw	x3,328(x30)	 x30:0x8003feb8  x3:0x00000001 PA:0xxxxxxxxx
     485505.000 ns	     48549	80009ec0	ff9ff06f	jal	x0,80009ebc	
     485555.000 ns	     48554	80009eb8	00036f17	auipc	x30,0x36	 x30=0x8003feb8
     485565.000 ns	     48555	80009ebc	143f2423	sw	x3,328(x30)	 x30:0x8003feb8  x3:0x00000001 PA:0xxxxxxxxx
     485585.000 ns	     48557	80009ec0	ff9ff06f	jal	x0,80009ebc	
     485635.000 ns	     48562	80009eb8	00036f17	auipc	x30,0x36	 x30=0x8003feb8
     485645.000 ns	     48563	80009ebc	143f2423	sw	x3,328(x30)	 x30:0x8003feb8  x3:0x00000001 PA:0xxxxxxxxx
     485665.000 ns	     48565	80009ec0	ff9ff06f	jal	x0,80009ebc	
     485715.000 ns	     48570	80009eb8	00036f17	auipc	x30,0x36	 x30=0x8003feb8
     485725.000 ns	     48571	80009ebc	143f2423	sw	x3,328(x30)	 x30:0x8003feb8  x3:0x00000001 PA:0xxxxxxxxx
     485745.000 ns	     48573	80009ec0	ff9ff06f	jal	x0,80009ebc	
     485795.000 ns	     48578	80009eb8	00036f17	auipc	x30,0x36	 x30=0x8003feb8
     485805.000 ns	     48579	80009ebc	143f2423	sw	x3,328(x30)	 x30:0x8003feb8  x3:0x00000001 PA:0xxxxxxxxx
     485825.000 ns	     48581	80009ec0	ff9ff06f	jal	x0,80009ebc	
     485875.000 ns	     48586	80009eb8	00036f17	auipc	x30,0x36	 x30=0x8003feb8
     485885.000 ns	     48587	80009ebc	143f2423	sw	x3,328(x30)	 x30:0x8003feb8  x3:0x00000001 PA:0xxxxxxxxx
     485905.000 ns	     48589	80009ec0	ff9ff06f	jal	x0,80009ebc	
     485955.000 ns	     48594	80009eb8	00036f17	auipc	x30,0x36	 x30=0x8003feb8
     485965.000 ns	     48595	80009ebc	143f2423	sw	x3,328(x30)	 x30:0x8003feb8  x3:0x00000001 PA:0xxxxxxxxx
     485985.000 ns	     48597	80009ec0	ff9ff06f	jal	x0,80009ebc	
     486035.000 ns	     48602	80009eb8	00036f17	auipc	x30,0x36	 x30=0x8003feb8
     486045.000 ns	     48603	80009ebc	143f2423	sw	x3,328(x30)	 x30:0x8003feb8  x3:0x00000001 PA:0xxxxxxxxx
     486065.000 ns	     48605	80009ec0	ff9ff06f	jal	x0,80009ebc	
     486115.000 ns	     48610	80009eb8	00036f17	auipc	x30,0x36	 x30=0x8003feb8
     486125.000 ns	     48611	80009ebc	143f2423	sw	x3,328(x30)	 x30:0x8003feb8  x3:0x00000001 PA:0xxxxxxxxx
     486145.000 ns	     48613	80009ec0	ff9ff06f	jal	x0,80009ebc	
     486195.000 ns	     48618	80009eb8	00036f17	auipc	x30,0x36	 x30=0x8003feb8
     486205.000 ns	     48619	80009ebc	143f2423	sw	x3,328(x30)	 x30:0x8003feb8  x3:0x00000001 PA:0xxxxxxxxx
     486225.000 ns	     48621	80009ec0	ff9ff06f	jal	x0,80009ebc	
     486275.000 ns	     48626	80009eb8	00036f17	auipc	x30,0x36	 x30=0x8003feb8
     486285.000 ns	     48627	80009ebc	143f2423	sw	x3,328(x30)	 x30:0x8003feb8  x3:0x00000001 PA:0xxxxxxxxx
     486305.000 ns	     48629	80009ec0	ff9ff06f	jal	x0,80009ebc	
     486355.000 ns	     48634	80009eb8	00036f17	auipc	x30,0x36	 x30=0x8003feb8
     486365.000 ns	     48635	80009ebc	143f2423	sw	x3,328(x30)	 x30:0x8003feb8  x3:0x00000001 PA:0xxxxxxxxx
     486385.000 ns	     48637	80009ec0	ff9ff06f	jal	x0,80009ebc	
     486435.000 ns	     48642	80009eb8	00036f17	auipc	x30,0x36	 x30=0x8003feb8
     486445.000 ns	     48643	80009ebc	143f2423	sw	x3,328(x30)	 x30:0x8003feb8  x3:0x00000001 PA:0xxxxxxxxx
     486465.000 ns	     48645	80009ec0	ff9ff06f	jal	x0,80009ebc	
     486515.000 ns	     48650	80009eb8	00036f17	auipc	x30,0x36	 x30=0x8003feb8
     486525.000 ns	     48651	80009ebc	143f2423	sw	x3,328(x30)	 x30:0x8003feb8  x3:0x00000001 PA:0xxxxxxxxx
     486545.000 ns	     48653	80009ec0	ff9ff06f	jal	x0,80009ebc	
     486595.000 ns	     48658	80009eb8	00036f17	auipc	x30,0x36	 x30=0x8003feb8
     486605.000 ns	     48659	80009ebc	143f2423	sw	x3,328(x30)	 x30:0x8003feb8  x3:0x00000001 PA:0xxxxxxxxx
     486625.000 ns	     48661	80009ec0	ff9ff06f	jal	x0,80009ebc	
     486675.000 ns	     48666	80009eb8	00036f17	auipc	x30,0x36	 x30=0x8003feb8
     486685.000 ns	     48667	80009ebc	143f2423	sw	x3,328(x30)	 x30:0x8003feb8  x3:0x00000001 PA:0xxxxxxxxx
     486705.000 ns	     48669	80009ec0	ff9ff06f	jal	x0,80009ebc	
     486755.000 ns	     48674	80009eb8	00036f17	auipc	x30,0x36	 x30=0x8003feb8
     486765.000 ns	     48675	80009ebc	143f2423	sw	x3,328(x30)	 x30:0x8003feb8  x3:0x00000001 PA:0xxxxxxxxx
     486785.000 ns	     48677	80009ec0	ff9ff06f	jal	x0,80009ebc	
     486835.000 ns	     48682	80009eb8	00036f17	auipc	x30,0x36	 x30=0x8003feb8
     486845.000 ns	     48683	80009ebc	143f2423	sw	x3,328(x30)	 x30:0x8003feb8  x3:0x00000001 PA:0xxxxxxxxx
     486865.000 ns	     48685	80009ec0	ff9ff06f	jal	x0,80009ebc	
     486915.000 ns	     48690	80009eb8	00036f17	auipc	x30,0x36	 x30=0x8003feb8
     486925.000 ns	     48691	80009ebc	143f2423	sw	x3,328(x30)	 x30:0x8003feb8  x3:0x00000001 PA:0xxxxxxxxx
     486945.000 ns	     48693	80009ec0	ff9ff06f	jal	x0,80009ebc	
     486995.000 ns	     48698	80009eb8	00036f17	auipc	x30,0x36	 x30=0x8003feb8
     487005.000 ns	     48699	80009ebc	143f2423	sw	x3,328(x30)	 x30:0x8003feb8  x3:0x00000001 PA:0xxxxxxxxx
     487025.000 ns	     48701	80009ec0	ff9ff06f	jal	x0,80009ebc	
     487075.000 ns	     48706	80009eb8	00036f17	auipc	x30,0x36	 x30=0x8003feb8
     487085.000 ns	     48707	80009ebc	143f2423	sw	x3,328(x30)	 x30:0x8003feb8  x3:0x00000001 PA:0xxxxxxxxx
     487105.000 ns	     48709	80009ec0	ff9ff06f	jal	x0,80009ebc	
     487155.000 ns	     48714	80009eb8	00036f17	auipc	x30,0x36	 x30=0x8003feb8
     487165.000 ns	     48715	80009ebc	143f2423	sw	x3,328(x30)	 x30:0x8003feb8  x3:0x00000001 PA:0xxxxxxxxx
     487185.000 ns	     48717	80009ec0	ff9ff06f	jal	x0,80009ebc	
     487235.000 ns	     48722	80009eb8	00036f17	auipc	x30,0x36	 x30=0x8003feb8
     487245.000 ns	     48723	80009ebc	143f2423	sw	x3,328(x30)	 x30:0x8003feb8  x3:0x00000001 PA:0xxxxxxxxx
     487265.000 ns	     48725	80009ec0	ff9ff06f	jal	x0,80009ebc	
     487315.000 ns	     48730	80009eb8	00036f17	auipc	x30,0x36	 x30=0x8003feb8
     487325.000 ns	     48731	80009ebc	143f2423	sw	x3,328(x30)	 x30:0x8003feb8  x3:0x00000001 PA:0xxxxxxxxx
     487345.000 ns	     48733	80009ec0	ff9ff06f	jal	x0,80009ebc	
     487395.000 ns	     48738	80009eb8	00036f17	auipc	x30,0x36	 x30=0x8003feb8
     487405.000 ns	     48739	80009ebc	143f2423	sw	x3,328(x30)	 x30:0x8003feb8  x3:0x00000001 PA:0xxxxxxxxx
     487425.000 ns	     48741	80009ec0	ff9ff06f	jal	x0,80009ebc	
     487475.000 ns	     48746	80009eb8	00036f17	auipc	x30,0x36	 x30=0x8003feb8
     487485.000 ns	     48747	80009ebc	143f2423	sw	x3,328(x30)	 x30:0x8003feb8  x3:0x00000001 PA:0xxxxxxxxx
     487505.000 ns	     48749	80009ec0	ff9ff06f	jal	x0,80009ebc	
     487555.000 ns	     48754	80009eb8	00036f17	auipc	x30,0x36	 x30=0x8003feb8
     487565.000 ns	     48755	80009ebc	143f2423	sw	x3,328(x30)	 x30:0x8003feb8  x3:0x00000001 PA:0xxxxxxxxx
     487585.000 ns	     48757	80009ec0	ff9ff06f	jal	x0,80009ebc	
     487635.000 ns	     48762	80009eb8	00036f17	auipc	x30,0x36	 x30=0x8003feb8
     487645.000 ns	     48763	80009ebc	143f2423	sw	x3,328(x30)	 x30:0x8003feb8  x3:0x00000001 PA:0xxxxxxxxx
     487665.000 ns	     48765	80009ec0	ff9ff06f	jal	x0,80009ebc	
     487715.000 ns	     48770	80009eb8	00036f17	auipc	x30,0x36	 x30=0x8003feb8
     487725.000 ns	     48771	80009ebc	143f2423	sw	x3,328(x30)	 x30:0x8003feb8  x3:0x00000001 PA:0xxxxxxxxx
     487745.000 ns	     48773	80009ec0	ff9ff06f	jal	x0,80009ebc	
     487795.000 ns	     48778	80009eb8	00036f17	auipc	x30,0x36	 x30=0x8003feb8
     487805.000 ns	     48779	80009ebc	143f2423	sw	x3,328(x30)	 x30:0x8003feb8  x3:0x00000001 PA:0xxxxxxxxx
     487825.000 ns	     48781	80009ec0	ff9ff06f	jal	x0,80009ebc	
     487875.000 ns	     48786	80009eb8	00036f17	auipc	x30,0x36	 x30=0x8003feb8
     487885.000 ns	     48787	80009ebc	143f2423	sw	x3,328(x30)	 x30:0x8003feb8  x3:0x00000001 PA:0xxxxxxxxx
     487905.000 ns	     48789	80009ec0	ff9ff06f	jal	x0,80009ebc	
     487955.000 ns	     48794	80009eb8	00036f17	auipc	x30,0x36	 x30=0x8003feb8
     487965.000 ns	     48795	80009ebc	143f2423	sw	x3,328(x30)	 x30:0x8003feb8  x3:0x00000001 PA:0xxxxxxxxx
     487985.000 ns	     48797	80009ec0	ff9ff06f	jal	x0,80009ebc	
     488035.000 ns	     48802	80009eb8	00036f17	auipc	x30,0x36	 x30=0x8003feb8
     488045.000 ns	     48803	80009ebc	143f2423	sw	x3,328(x30)	 x30:0x8003feb8  x3:0x00000001 PA:0xxxxxxxxx
     488065.000 ns	     48805	80009ec0	ff9ff06f	jal	x0,80009ebc	
     488115.000 ns	     48810	80009eb8	00036f17	auipc	x30,0x36	 x30=0x8003feb8
     488125.000 ns	     48811	80009ebc	143f2423	sw	x3,328(x30)	 x30:0x8003feb8  x3:0x00000001 PA:0xxxxxxxxx
     488145.000 ns	     48813	80009ec0	ff9ff06f	jal	x0,80009ebc	
     488195.000 ns	     48818	80009eb8	00036f17	auipc	x30,0x36	 x30=0x8003feb8
     488205.000 ns	     48819	80009ebc	143f2423	sw	x3,328(x30)	 x30:0x8003feb8  x3:0x00000001 PA:0xxxxxxxxx
     488225.000 ns	     48821	80009ec0	ff9ff06f	jal	x0,80009ebc	
     488275.000 ns	     48826	80009eb8	00036f17	auipc	x30,0x36	 x30=0x8003feb8
     488285.000 ns	     48827	80009ebc	143f2423	sw	x3,328(x30)	 x30:0x8003feb8  x3:0x00000001 PA:0xxxxxxxxx
     488305.000 ns	     48829	80009ec0	ff9ff06f	jal	x0,80009ebc	
     488355.000 ns	     48834	80009eb8	00036f17	auipc	x30,0x36	 x30=0x8003feb8
     488365.000 ns	     48835	80009ebc	143f2423	sw	x3,328(x30)	 x30:0x8003feb8  x3:0x00000001 PA:0xxxxxxxxx
     488385.000 ns	     48837	80009ec0	ff9ff06f	jal	x0,80009ebc	
     488435.000 ns	     48842	80009eb8	00036f17	auipc	x30,0x36	 x30=0x8003feb8
     488445.000 ns	     48843	80009ebc	143f2423	sw	x3,328(x30)	 x30:0x8003feb8  x3:0x00000001 PA:0xxxxxxxxx
     488465.000 ns	     48845	80009ec0	ff9ff06f	jal	x0,80009ebc	
     488515.000 ns	     48850	80009eb8	00036f17	auipc	x30,0x36	 x30=0x8003feb8
     488525.000 ns	     48851	80009ebc	143f2423	sw	x3,328(x30)	 x30:0x8003feb8  x3:0x00000001 PA:0xxxxxxxxx
     488545.000 ns	     48853	80009ec0	ff9ff06f	jal	x0,80009ebc	
     488595.000 ns	     48858	80009eb8	00036f17	auipc	x30,0x36	 x30=0x8003feb8
     488605.000 ns	     48859	80009ebc	143f2423	sw	x3,328(x30)	 x30:0x8003feb8  x3:0x00000001 PA:0xxxxxxxxx
     488625.000 ns	     48861	80009ec0	ff9ff06f	jal	x0,80009ebc	
     488675.000 ns	     48866	80009eb8	00036f17	auipc	x30,0x36	 x30=0x8003feb8
     488685.000 ns	     48867	80009ebc	143f2423	sw	x3,328(x30)	 x30:0x8003feb8  x3:0x00000001 PA:0xxxxxxxxx
     488705.000 ns	     48869	80009ec0	ff9ff06f	jal	x0,80009ebc	
     488755.000 ns	     48874	80009eb8	00036f17	auipc	x30,0x36	 x30=0x8003feb8
     488765.000 ns	     48875	80009ebc	143f2423	sw	x3,328(x30)	 x30:0x8003feb8  x3:0x00000001 PA:0xxxxxxxxx
     488785.000 ns	     48877	80009ec0	ff9ff06f	jal	x0,80009ebc	
     488835.000 ns	     48882	80009eb8	00036f17	auipc	x30,0x36	 x30=0x8003feb8
     488845.000 ns	     48883	80009ebc	143f2423	sw	x3,328(x30)	 x30:0x8003feb8  x3:0x00000001 PA:0xxxxxxxxx
     488865.000 ns	     48885	80009ec0	ff9ff06f	jal	x0,80009ebc	
     488915.000 ns	     48890	80009eb8	00036f17	auipc	x30,0x36	 x30=0x8003feb8
     488925.000 ns	     48891	80009ebc	143f2423	sw	x3,328(x30)	 x30:0x8003feb8  x3:0x00000001 PA:0xxxxxxxxx
     488945.000 ns	     48893	80009ec0	ff9ff06f	jal	x0,80009ebc	
     488995.000 ns	     48898	80009eb8	00036f17	auipc	x30,0x36	 x30=0x8003feb8
     489005.000 ns	     48899	80009ebc	143f2423	sw	x3,328(x30)	 x30:0x8003feb8  x3:0x00000001 PA:0xxxxxxxxx
     489025.000 ns	     48901	80009ec0	ff9ff06f	jal	x0,80009ebc	
     489075.000 ns	     48906	80009eb8	00036f17	auipc	x30,0x36	 x30=0x8003feb8
     489085.000 ns	     48907	80009ebc	143f2423	sw	x3,328(x30)	 x30:0x8003feb8  x3:0x00000001 PA:0xxxxxxxxx
     489105.000 ns	     48909	80009ec0	ff9ff06f	jal	x0,80009ebc	
     489155.000 ns	     48914	80009eb8	00036f17	auipc	x30,0x36	 x30=0x8003feb8
     489165.000 ns	     48915	80009ebc	143f2423	sw	x3,328(x30)	 x30:0x8003feb8  x3:0x00000001 PA:0xxxxxxxxx
     489185.000 ns	     48917	80009ec0	ff9ff06f	jal	x0,80009ebc	
     489235.000 ns	     48922	80009eb8	00036f17	auipc	x30,0x36	 x30=0x8003feb8
     489245.000 ns	     48923	80009ebc	143f2423	sw	x3,328(x30)	 x30:0x8003feb8  x3:0x00000001 PA:0xxxxxxxxx
     489265.000 ns	     48925	80009ec0	ff9ff06f	jal	x0,80009ebc	
     489315.000 ns	     48930	80009eb8	00036f17	auipc	x30,0x36	 x30=0x8003feb8
     489325.000 ns	     48931	80009ebc	143f2423	sw	x3,328(x30)	 x30:0x8003feb8  x3:0x00000001 PA:0xxxxxxxxx
     489345.000 ns	     48933	80009ec0	ff9ff06f	jal	x0,80009ebc	
     489395.000 ns	     48938	80009eb8	00036f17	auipc	x30,0x36	 x30=0x8003feb8
     489405.000 ns	     48939	80009ebc	143f2423	sw	x3,328(x30)	 x30:0x8003feb8  x3:0x00000001 PA:0xxxxxxxxx
     489425.000 ns	     48941	80009ec0	ff9ff06f	jal	x0,80009ebc	
     489475.000 ns	     48946	80009eb8	00036f17	auipc	x30,0x36	 x30=0x8003feb8
     489485.000 ns	     48947	80009ebc	143f2423	sw	x3,328(x30)	 x30:0x8003feb8  x3:0x00000001 PA:0xxxxxxxxx
     489505.000 ns	     48949	80009ec0	ff9ff06f	jal	x0,80009ebc	
     489555.000 ns	     48954	80009eb8	00036f17	auipc	x30,0x36	 x30=0x8003feb8
     489565.000 ns	     48955	80009ebc	143f2423	sw	x3,328(x30)	 x30:0x8003feb8  x3:0x00000001 PA:0xxxxxxxxx
     489585.000 ns	     48957	80009ec0	ff9ff06f	jal	x0,80009ebc	
     489635.000 ns	     48962	80009eb8	00036f17	auipc	x30,0x36	 x30=0x8003feb8
     489645.000 ns	     48963	80009ebc	143f2423	sw	x3,328(x30)	 x30:0x8003feb8  x3:0x00000001 PA:0xxxxxxxxx
     489665.000 ns	     48965	80009ec0	ff9ff06f	jal	x0,80009ebc	
     489715.000 ns	     48970	80009eb8	00036f17	auipc	x30,0x36	 x30=0x8003feb8
     489725.000 ns	     48971	80009ebc	143f2423	sw	x3,328(x30)	 x30:0x8003feb8  x3:0x00000001 PA:0xxxxxxxxx
     489745.000 ns	     48973	80009ec0	ff9ff06f	jal	x0,80009ebc	
     489795.000 ns	     48978	80009eb8	00036f17	auipc	x30,0x36	 x30=0x8003feb8
     489805.000 ns	     48979	80009ebc	143f2423	sw	x3,328(x30)	 x30:0x8003feb8  x3:0x00000001 PA:0xxxxxxxxx
     489825.000 ns	     48981	80009ec0	ff9ff06f	jal	x0,80009ebc	
     489875.000 ns	     48986	80009eb8	00036f17	auipc	x30,0x36	 x30=0x8003feb8
     489885.000 ns	     48987	80009ebc	143f2423	sw	x3,328(x30)	 x30:0x8003feb8  x3:0x00000001 PA:0xxxxxxxxx
     489905.000 ns	     48989	80009ec0	ff9ff06f	jal	x0,80009ebc	
     489955.000 ns	     48994	80009eb8	00036f17	auipc	x30,0x36	 x30=0x8003feb8
     489965.000 ns	     48995	80009ebc	143f2423	sw	x3,328(x30)	 x30:0x8003feb8  x3:0x00000001 PA:0xxxxxxxxx
     489985.000 ns	     48997	80009ec0	ff9ff06f	jal	x0,80009ebc	
     490035.000 ns	     49002	80009eb8	00036f17	auipc	x30,0x36	 x30=0x8003feb8
     490045.000 ns	     49003	80009ebc	143f2423	sw	x3,328(x30)	 x30:0x8003feb8  x3:0x00000001 PA:0xxxxxxxxx
     490065.000 ns	     49005	80009ec0	ff9ff06f	jal	x0,80009ebc	
     490115.000 ns	     49010	80009eb8	00036f17	auipc	x30,0x36	 x30=0x8003feb8
     490125.000 ns	     49011	80009ebc	143f2423	sw	x3,328(x30)	 x30:0x8003feb8  x3:0x00000001 PA:0xxxxxxxxx
     490145.000 ns	     49013	80009ec0	ff9ff06f	jal	x0,80009ebc	
     490195.000 ns	     49018	80009eb8	00036f17	auipc	x30,0x36	 x30=0x8003feb8
     490205.000 ns	     49019	80009ebc	143f2423	sw	x3,328(x30)	 x30:0x8003feb8  x3:0x00000001 PA:0xxxxxxxxx
     490225.000 ns	     49021	80009ec0	ff9ff06f	jal	x0,80009ebc	
     490275.000 ns	     49026	80009eb8	00036f17	auipc	x30,0x36	 x30=0x8003feb8
     490285.000 ns	     49027	80009ebc	143f2423	sw	x3,328(x30)	 x30:0x8003feb8  x3:0x00000001 PA:0xxxxxxxxx
     490305.000 ns	     49029	80009ec0	ff9ff06f	jal	x0,80009ebc	
     490355.000 ns	     49034	80009eb8	00036f17	auipc	x30,0x36	 x30=0x8003feb8
     490365.000 ns	     49035	80009ebc	143f2423	sw	x3,328(x30)	 x30:0x8003feb8  x3:0x00000001 PA:0xxxxxxxxx
     490385.000 ns	     49037	80009ec0	ff9ff06f	jal	x0,80009ebc	
     490435.000 ns	     49042	80009eb8	00036f17	auipc	x30,0x36	 x30=0x8003feb8
     490445.000 ns	     49043	80009ebc	143f2423	sw	x3,328(x30)	 x30:0x8003feb8  x3:0x00000001 PA:0xxxxxxxxx
     490465.000 ns	     49045	80009ec0	ff9ff06f	jal	x0,80009ebc	
     490515.000 ns	     49050	80009eb8	00036f17	auipc	x30,0x36	 x30=0x8003feb8
     490525.000 ns	     49051	80009ebc	143f2423	sw	x3,328(x30)	 x30:0x8003feb8  x3:0x00000001 PA:0xxxxxxxxx
     490545.000 ns	     49053	80009ec0	ff9ff06f	jal	x0,80009ebc	
     490595.000 ns	     49058	80009eb8	00036f17	auipc	x30,0x36	 x30=0x8003feb8
     490605.000 ns	     49059	80009ebc	143f2423	sw	x3,328(x30)	 x30:0x8003feb8  x3:0x00000001 PA:0xxxxxxxxx
     490625.000 ns	     49061	80009ec0	ff9ff06f	jal	x0,80009ebc	
     490675.000 ns	     49066	80009eb8	00036f17	auipc	x30,0x36	 x30=0x8003feb8
     490685.000 ns	     49067	80009ebc	143f2423	sw	x3,328(x30)	 x30:0x8003feb8  x3:0x00000001 PA:0xxxxxxxxx
     490705.000 ns	     49069	80009ec0	ff9ff06f	jal	x0,80009ebc	
     490755.000 ns	     49074	80009eb8	00036f17	auipc	x30,0x36	 x30=0x8003feb8
     490765.000 ns	     49075	80009ebc	143f2423	sw	x3,328(x30)	 x30:0x8003feb8  x3:0x00000001 PA:0xxxxxxxxx
     490785.000 ns	     49077	80009ec0	ff9ff06f	jal	x0,80009ebc	
     490835.000 ns	     49082	80009eb8	00036f17	auipc	x30,0x36	 x30=0x8003feb8
     490845.000 ns	     49083	80009ebc	143f2423	sw	x3,328(x30)	 x30:0x8003feb8  x3:0x00000001 PA:0xxxxxxxxx
     490865.000 ns	     49085	80009ec0	ff9ff06f	jal	x0,80009ebc	
     490915.000 ns	     49090	80009eb8	00036f17	auipc	x30,0x36	 x30=0x8003feb8
     490925.000 ns	     49091	80009ebc	143f2423	sw	x3,328(x30)	 x30:0x8003feb8  x3:0x00000001 PA:0xxxxxxxxx
     490945.000 ns	     49093	80009ec0	ff9ff06f	jal	x0,80009ebc	
     490995.000 ns	     49098	80009eb8	00036f17	auipc	x30,0x36	 x30=0x8003feb8
     491005.000 ns	     49099	80009ebc	143f2423	sw	x3,328(x30)	 x30:0x8003feb8  x3:0x00000001 PA:0xxxxxxxxx
     491025.000 ns	     49101	80009ec0	ff9ff06f	jal	x0,80009ebc	
     491075.000 ns	     49106	80009eb8	00036f17	auipc	x30,0x36	 x30=0x8003feb8
     491085.000 ns	     49107	80009ebc	143f2423	sw	x3,328(x30)	 x30:0x8003feb8  x3:0x00000001 PA:0xxxxxxxxx
     491105.000 ns	     49109	80009ec0	ff9ff06f	jal	x0,80009ebc	
     491155.000 ns	     49114	80009eb8	00036f17	auipc	x30,0x36	 x30=0x8003feb8
     491165.000 ns	     49115	80009ebc	143f2423	sw	x3,328(x30)	 x30:0x8003feb8  x3:0x00000001 PA:0xxxxxxxxx
     491185.000 ns	     49117	80009ec0	ff9ff06f	jal	x0,80009ebc	
     491235.000 ns	     49122	80009eb8	00036f17	auipc	x30,0x36	 x30=0x8003feb8
     491245.000 ns	     49123	80009ebc	143f2423	sw	x3,328(x30)	 x30:0x8003feb8  x3:0x00000001 PA:0xxxxxxxxx
     491265.000 ns	     49125	80009ec0	ff9ff06f	jal	x0,80009ebc	
     491315.000 ns	     49130	80009eb8	00036f17	auipc	x30,0x36	 x30=0x8003feb8
     491325.000 ns	     49131	80009ebc	143f2423	sw	x3,328(x30)	 x30:0x8003feb8  x3:0x00000001 PA:0xxxxxxxxx
     491345.000 ns	     49133	80009ec0	ff9ff06f	jal	x0,80009ebc	
     491395.000 ns	     49138	80009eb8	00036f17	auipc	x30,0x36	 x30=0x8003feb8
     491405.000 ns	     49139	80009ebc	143f2423	sw	x3,328(x30)	 x30:0x8003feb8  x3:0x00000001 PA:0xxxxxxxxx
     491425.000 ns	     49141	80009ec0	ff9ff06f	jal	x0,80009ebc	
     491475.000 ns	     49146	80009eb8	00036f17	auipc	x30,0x36	 x30=0x8003feb8
     491485.000 ns	     49147	80009ebc	143f2423	sw	x3,328(x30)	 x30:0x8003feb8  x3:0x00000001 PA:0xxxxxxxxx
     491505.000 ns	     49149	80009ec0	ff9ff06f	jal	x0,80009ebc	
     491555.000 ns	     49154	80009eb8	00036f17	auipc	x30,0x36	 x30=0x8003feb8
     491565.000 ns	     49155	80009ebc	143f2423	sw	x3,328(x30)	 x30:0x8003feb8  x3:0x00000001 PA:0xxxxxxxxx
     491585.000 ns	     49157	80009ec0	ff9ff06f	jal	x0,80009ebc	
     491635.000 ns	     49162	80009eb8	00036f17	auipc	x30,0x36	 x30=0x8003feb8
     491645.000 ns	     49163	80009ebc	143f2423	sw	x3,328(x30)	 x30:0x8003feb8  x3:0x00000001 PA:0xxxxxxxxx
     491665.000 ns	     49165	80009ec0	ff9ff06f	jal	x0,80009ebc	
     491715.000 ns	     49170	80009eb8	00036f17	auipc	x30,0x36	 x30=0x8003feb8
     491725.000 ns	     49171	80009ebc	143f2423	sw	x3,328(x30)	 x30:0x8003feb8  x3:0x00000001 PA:0xxxxxxxxx
     491745.000 ns	     49173	80009ec0	ff9ff06f	jal	x0,80009ebc	
     491795.000 ns	     49178	80009eb8	00036f17	auipc	x30,0x36	 x30=0x8003feb8
     491805.000 ns	     49179	80009ebc	143f2423	sw	x3,328(x30)	 x30:0x8003feb8  x3:0x00000001 PA:0xxxxxxxxx
     491825.000 ns	     49181	80009ec0	ff9ff06f	jal	x0,80009ebc	
     491875.000 ns	     49186	80009eb8	00036f17	auipc	x30,0x36	 x30=0x8003feb8
     491885.000 ns	     49187	80009ebc	143f2423	sw	x3,328(x30)	 x30:0x8003feb8  x3:0x00000001 PA:0xxxxxxxxx
     491905.000 ns	     49189	80009ec0	ff9ff06f	jal	x0,80009ebc	
     491955.000 ns	     49194	80009eb8	00036f17	auipc	x30,0x36	 x30=0x8003feb8
     491965.000 ns	     49195	80009ebc	143f2423	sw	x3,328(x30)	 x30:0x8003feb8  x3:0x00000001 PA:0xxxxxxxxx
     491985.000 ns	     49197	80009ec0	ff9ff06f	jal	x0,80009ebc	
     492035.000 ns	     49202	80009eb8	00036f17	auipc	x30,0x36	 x30=0x8003feb8
     492045.000 ns	     49203	80009ebc	143f2423	sw	x3,328(x30)	 x30:0x8003feb8  x3:0x00000001 PA:0xxxxxxxxx
     492065.000 ns	     49205	80009ec0	ff9ff06f	jal	x0,80009ebc	
     492115.000 ns	     49210	80009eb8	00036f17	auipc	x30,0x36	 x30=0x8003feb8
     492125.000 ns	     49211	80009ebc	143f2423	sw	x3,328(x30)	 x30:0x8003feb8  x3:0x00000001 PA:0xxxxxxxxx
     492145.000 ns	     49213	80009ec0	ff9ff06f	jal	x0,80009ebc	
     492195.000 ns	     49218	80009eb8	00036f17	auipc	x30,0x36	 x30=0x8003feb8
     492205.000 ns	     49219	80009ebc	143f2423	sw	x3,328(x30)	 x30:0x8003feb8  x3:0x00000001 PA:0xxxxxxxxx
     492225.000 ns	     49221	80009ec0	ff9ff06f	jal	x0,80009ebc	
     492275.000 ns	     49226	80009eb8	00036f17	auipc	x30,0x36	 x30=0x8003feb8
     492285.000 ns	     49227	80009ebc	143f2423	sw	x3,328(x30)	 x30:0x8003feb8  x3:0x00000001 PA:0xxxxxxxxx
     492305.000 ns	     49229	80009ec0	ff9ff06f	jal	x0,80009ebc	
     492355.000 ns	     49234	80009eb8	00036f17	auipc	x30,0x36	 x30=0x8003feb8
     492365.000 ns	     49235	80009ebc	143f2423	sw	x3,328(x30)	 x30:0x8003feb8  x3:0x00000001 PA:0xxxxxxxxx
     492385.000 ns	     49237	80009ec0	ff9ff06f	jal	x0,80009ebc	
     492435.000 ns	     49242	80009eb8	00036f17	auipc	x30,0x36	 x30=0x8003feb8
     492445.000 ns	     49243	80009ebc	143f2423	sw	x3,328(x30)	 x30:0x8003feb8  x3:0x00000001 PA:0xxxxxxxxx
     492465.000 ns	     49245	80009ec0	ff9ff06f	jal	x0,80009ebc	
     492515.000 ns	     49250	80009eb8	00036f17	auipc	x30,0x36	 x30=0x8003feb8
     492525.000 ns	     49251	80009ebc	143f2423	sw	x3,328(x30)	 x30:0x8003feb8  x3:0x00000001 PA:0xxxxxxxxx
     492545.000 ns	     49253	80009ec0	ff9ff06f	jal	x0,80009ebc	
     492595.000 ns	     49258	80009eb8	00036f17	auipc	x30,0x36	 x30=0x8003feb8
     492605.000 ns	     49259	80009ebc	143f2423	sw	x3,328(x30)	 x30:0x8003feb8  x3:0x00000001 PA:0xxxxxxxxx
     492625.000 ns	     49261	80009ec0	ff9ff06f	jal	x0,80009ebc	
     492675.000 ns	     49266	80009eb8	00036f17	auipc	x30,0x36	 x30=0x8003feb8
     492685.000 ns	     49267	80009ebc	143f2423	sw	x3,328(x30)	 x30:0x8003feb8  x3:0x00000001 PA:0xxxxxxxxx
     492705.000 ns	     49269	80009ec0	ff9ff06f	jal	x0,80009ebc	
     492755.000 ns	     49274	80009eb8	00036f17	auipc	x30,0x36	 x30=0x8003feb8
     492765.000 ns	     49275	80009ebc	143f2423	sw	x3,328(x30)	 x30:0x8003feb8  x3:0x00000001 PA:0xxxxxxxxx
     492785.000 ns	     49277	80009ec0	ff9ff06f	jal	x0,80009ebc	
     492835.000 ns	     49282	80009eb8	00036f17	auipc	x30,0x36	 x30=0x8003feb8
     492845.000 ns	     49283	80009ebc	143f2423	sw	x3,328(x30)	 x30:0x8003feb8  x3:0x00000001 PA:0xxxxxxxxx
     492865.000 ns	     49285	80009ec0	ff9ff06f	jal	x0,80009ebc	
     492915.000 ns	     49290	80009eb8	00036f17	auipc	x30,0x36	 x30=0x8003feb8
     492925.000 ns	     49291	80009ebc	143f2423	sw	x3,328(x30)	 x30:0x8003feb8  x3:0x00000001 PA:0xxxxxxxxx
     492945.000 ns	     49293	80009ec0	ff9ff06f	jal	x0,80009ebc	
     492995.000 ns	     49298	80009eb8	00036f17	auipc	x30,0x36	 x30=0x8003feb8
     493005.000 ns	     49299	80009ebc	143f2423	sw	x3,328(x30)	 x30:0x8003feb8  x3:0x00000001 PA:0xxxxxxxxx
     493025.000 ns	     49301	80009ec0	ff9ff06f	jal	x0,80009ebc	
     493075.000 ns	     49306	80009eb8	00036f17	auipc	x30,0x36	 x30=0x8003feb8
     493085.000 ns	     49307	80009ebc	143f2423	sw	x3,328(x30)	 x30:0x8003feb8  x3:0x00000001 PA:0xxxxxxxxx
     493105.000 ns	     49309	80009ec0	ff9ff06f	jal	x0,80009ebc	
     493155.000 ns	     49314	80009eb8	00036f17	auipc	x30,0x36	 x30=0x8003feb8
     493165.000 ns	     49315	80009ebc	143f2423	sw	x3,328(x30)	 x30:0x8003feb8  x3:0x00000001 PA:0xxxxxxxxx
     493185.000 ns	     49317	80009ec0	ff9ff06f	jal	x0,80009ebc	
     493235.000 ns	     49322	80009eb8	00036f17	auipc	x30,0x36	 x30=0x8003feb8
     493245.000 ns	     49323	80009ebc	143f2423	sw	x3,328(x30)	 x30:0x8003feb8  x3:0x00000001 PA:0xxxxxxxxx
     493265.000 ns	     49325	80009ec0	ff9ff06f	jal	x0,80009ebc	
     493315.000 ns	     49330	80009eb8	00036f17	auipc	x30,0x36	 x30=0x8003feb8
     493325.000 ns	     49331	80009ebc	143f2423	sw	x3,328(x30)	 x30:0x8003feb8  x3:0x00000001 PA:0xxxxxxxxx
     493345.000 ns	     49333	80009ec0	ff9ff06f	jal	x0,80009ebc	
     493395.000 ns	     49338	80009eb8	00036f17	auipc	x30,0x36	 x30=0x8003feb8
     493405.000 ns	     49339	80009ebc	143f2423	sw	x3,328(x30)	 x30:0x8003feb8  x3:0x00000001 PA:0xxxxxxxxx
     493425.000 ns	     49341	80009ec0	ff9ff06f	jal	x0,80009ebc	
     493475.000 ns	     49346	80009eb8	00036f17	auipc	x30,0x36	 x30=0x8003feb8
     493485.000 ns	     49347	80009ebc	143f2423	sw	x3,328(x30)	 x30:0x8003feb8  x3:0x00000001 PA:0xxxxxxxxx
     493505.000 ns	     49349	80009ec0	ff9ff06f	jal	x0,80009ebc	
     493555.000 ns	     49354	80009eb8	00036f17	auipc	x30,0x36	 x30=0x8003feb8
     493565.000 ns	     49355	80009ebc	143f2423	sw	x3,328(x30)	 x30:0x8003feb8  x3:0x00000001 PA:0xxxxxxxxx
     493585.000 ns	     49357	80009ec0	ff9ff06f	jal	x0,80009ebc	
     493635.000 ns	     49362	80009eb8	00036f17	auipc	x30,0x36	 x30=0x8003feb8
     493645.000 ns	     49363	80009ebc	143f2423	sw	x3,328(x30)	 x30:0x8003feb8  x3:0x00000001 PA:0xxxxxxxxx
     493665.000 ns	     49365	80009ec0	ff9ff06f	jal	x0,80009ebc	
     493715.000 ns	     49370	80009eb8	00036f17	auipc	x30,0x36	 x30=0x8003feb8
     493725.000 ns	     49371	80009ebc	143f2423	sw	x3,328(x30)	 x30:0x8003feb8  x3:0x00000001 PA:0xxxxxxxxx
     493745.000 ns	     49373	80009ec0	ff9ff06f	jal	x0,80009ebc	
     493795.000 ns	     49378	80009eb8	00036f17	auipc	x30,0x36	 x30=0x8003feb8
     493805.000 ns	     49379	80009ebc	143f2423	sw	x3,328(x30)	 x30:0x8003feb8  x3:0x00000001 PA:0xxxxxxxxx
     493825.000 ns	     49381	80009ec0	ff9ff06f	jal	x0,80009ebc	
     493875.000 ns	     49386	80009eb8	00036f17	auipc	x30,0x36	 x30=0x8003feb8
     493885.000 ns	     49387	80009ebc	143f2423	sw	x3,328(x30)	 x30:0x8003feb8  x3:0x00000001 PA:0xxxxxxxxx
     493905.000 ns	     49389	80009ec0	ff9ff06f	jal	x0,80009ebc	
     493955.000 ns	     49394	80009eb8	00036f17	auipc	x30,0x36	 x30=0x8003feb8
     493965.000 ns	     49395	80009ebc	143f2423	sw	x3,328(x30)	 x30:0x8003feb8  x3:0x00000001 PA:0xxxxxxxxx
     493985.000 ns	     49397	80009ec0	ff9ff06f	jal	x0,80009ebc	
     494035.000 ns	     49402	80009eb8	00036f17	auipc	x30,0x36	 x30=0x8003feb8
     494045.000 ns	     49403	80009ebc	143f2423	sw	x3,328(x30)	 x30:0x8003feb8  x3:0x00000001 PA:0xxxxxxxxx
     494065.000 ns	     49405	80009ec0	ff9ff06f	jal	x0,80009ebc	
     494115.000 ns	     49410	80009eb8	00036f17	auipc	x30,0x36	 x30=0x8003feb8
     494125.000 ns	     49411	80009ebc	143f2423	sw	x3,328(x30)	 x30:0x8003feb8  x3:0x00000001 PA:0xxxxxxxxx
     494145.000 ns	     49413	80009ec0	ff9ff06f	jal	x0,80009ebc	
     494195.000 ns	     49418	80009eb8	00036f17	auipc	x30,0x36	 x30=0x8003feb8
     494205.000 ns	     49419	80009ebc	143f2423	sw	x3,328(x30)	 x30:0x8003feb8  x3:0x00000001 PA:0xxxxxxxxx
     494225.000 ns	     49421	80009ec0	ff9ff06f	jal	x0,80009ebc	
     494275.000 ns	     49426	80009eb8	00036f17	auipc	x30,0x36	 x30=0x8003feb8
     494285.000 ns	     49427	80009ebc	143f2423	sw	x3,328(x30)	 x30:0x8003feb8  x3:0x00000001 PA:0xxxxxxxxx
     494305.000 ns	     49429	80009ec0	ff9ff06f	jal	x0,80009ebc	
     494355.000 ns	     49434	80009eb8	00036f17	auipc	x30,0x36	 x30=0x8003feb8
     494365.000 ns	     49435	80009ebc	143f2423	sw	x3,328(x30)	 x30:0x8003feb8  x3:0x00000001 PA:0xxxxxxxxx
     494385.000 ns	     49437	80009ec0	ff9ff06f	jal	x0,80009ebc	
     494435.000 ns	     49442	80009eb8	00036f17	auipc	x30,0x36	 x30=0x8003feb8
     494445.000 ns	     49443	80009ebc	143f2423	sw	x3,328(x30)	 x30:0x8003feb8  x3:0x00000001 PA:0xxxxxxxxx
     494465.000 ns	     49445	80009ec0	ff9ff06f	jal	x0,80009ebc	
     494515.000 ns	     49450	80009eb8	00036f17	auipc	x30,0x36	 x30=0x8003feb8
     494525.000 ns	     49451	80009ebc	143f2423	sw	x3,328(x30)	 x30:0x8003feb8  x3:0x00000001 PA:0xxxxxxxxx
     494545.000 ns	     49453	80009ec0	ff9ff06f	jal	x0,80009ebc	
     494595.000 ns	     49458	80009eb8	00036f17	auipc	x30,0x36	 x30=0x8003feb8
     494605.000 ns	     49459	80009ebc	143f2423	sw	x3,328(x30)	 x30:0x8003feb8  x3:0x00000001 PA:0xxxxxxxxx
     494625.000 ns	     49461	80009ec0	ff9ff06f	jal	x0,80009ebc	
     494675.000 ns	     49466	80009eb8	00036f17	auipc	x30,0x36	 x30=0x8003feb8
     494685.000 ns	     49467	80009ebc	143f2423	sw	x3,328(x30)	 x30:0x8003feb8  x3:0x00000001 PA:0xxxxxxxxx
     494705.000 ns	     49469	80009ec0	ff9ff06f	jal	x0,80009ebc	
     494755.000 ns	     49474	80009eb8	00036f17	auipc	x30,0x36	 x30=0x8003feb8
     494765.000 ns	     49475	80009ebc	143f2423	sw	x3,328(x30)	 x30:0x8003feb8  x3:0x00000001 PA:0xxxxxxxxx
     494785.000 ns	     49477	80009ec0	ff9ff06f	jal	x0,80009ebc	
     494835.000 ns	     49482	80009eb8	00036f17	auipc	x30,0x36	 x30=0x8003feb8
     494845.000 ns	     49483	80009ebc	143f2423	sw	x3,328(x30)	 x30:0x8003feb8  x3:0x00000001 PA:0xxxxxxxxx
     494865.000 ns	     49485	80009ec0	ff9ff06f	jal	x0,80009ebc	
     494915.000 ns	     49490	80009eb8	00036f17	auipc	x30,0x36	 x30=0x8003feb8
     494925.000 ns	     49491	80009ebc	143f2423	sw	x3,328(x30)	 x30:0x8003feb8  x3:0x00000001 PA:0xxxxxxxxx
     494945.000 ns	     49493	80009ec0	ff9ff06f	jal	x0,80009ebc	
     494995.000 ns	     49498	80009eb8	00036f17	auipc	x30,0x36	 x30=0x8003feb8
     495005.000 ns	     49499	80009ebc	143f2423	sw	x3,328(x30)	 x30:0x8003feb8  x3:0x00000001 PA:0xxxxxxxxx
     495025.000 ns	     49501	80009ec0	ff9ff06f	jal	x0,80009ebc	
     495075.000 ns	     49506	80009eb8	00036f17	auipc	x30,0x36	 x30=0x8003feb8
     495085.000 ns	     49507	80009ebc	143f2423	sw	x3,328(x30)	 x30:0x8003feb8  x3:0x00000001 PA:0xxxxxxxxx
     495105.000 ns	     49509	80009ec0	ff9ff06f	jal	x0,80009ebc	
     495155.000 ns	     49514	80009eb8	00036f17	auipc	x30,0x36	 x30=0x8003feb8
     495165.000 ns	     49515	80009ebc	143f2423	sw	x3,328(x30)	 x30:0x8003feb8  x3:0x00000001 PA:0xxxxxxxxx
     495185.000 ns	     49517	80009ec0	ff9ff06f	jal	x0,80009ebc	
     495235.000 ns	     49522	80009eb8	00036f17	auipc	x30,0x36	 x30=0x8003feb8
     495245.000 ns	     49523	80009ebc	143f2423	sw	x3,328(x30)	 x30:0x8003feb8  x3:0x00000001 PA:0xxxxxxxxx
     495265.000 ns	     49525	80009ec0	ff9ff06f	jal	x0,80009ebc	
     495315.000 ns	     49530	80009eb8	00036f17	auipc	x30,0x36	 x30=0x8003feb8
     495325.000 ns	     49531	80009ebc	143f2423	sw	x3,328(x30)	 x30:0x8003feb8  x3:0x00000001 PA:0xxxxxxxxx
     495345.000 ns	     49533	80009ec0	ff9ff06f	jal	x0,80009ebc	
     495395.000 ns	     49538	80009eb8	00036f17	auipc	x30,0x36	 x30=0x8003feb8
     495405.000 ns	     49539	80009ebc	143f2423	sw	x3,328(x30)	 x30:0x8003feb8  x3:0x00000001 PA:0xxxxxxxxx
     495425.000 ns	     49541	80009ec0	ff9ff06f	jal	x0,80009ebc	
     495475.000 ns	     49546	80009eb8	00036f17	auipc	x30,0x36	 x30=0x8003feb8
     495485.000 ns	     49547	80009ebc	143f2423	sw	x3,328(x30)	 x30:0x8003feb8  x3:0x00000001 PA:0xxxxxxxxx
     495505.000 ns	     49549	80009ec0	ff9ff06f	jal	x0,80009ebc	
     495555.000 ns	     49554	80009eb8	00036f17	auipc	x30,0x36	 x30=0x8003feb8
     495565.000 ns	     49555	80009ebc	143f2423	sw	x3,328(x30)	 x30:0x8003feb8  x3:0x00000001 PA:0xxxxxxxxx
     495585.000 ns	     49557	80009ec0	ff9ff06f	jal	x0,80009ebc	
     495635.000 ns	     49562	80009eb8	00036f17	auipc	x30,0x36	 x30=0x8003feb8
     495645.000 ns	     49563	80009ebc	143f2423	sw	x3,328(x30)	 x30:0x8003feb8  x3:0x00000001 PA:0xxxxxxxxx
     495665.000 ns	     49565	80009ec0	ff9ff06f	jal	x0,80009ebc	
     495715.000 ns	     49570	80009eb8	00036f17	auipc	x30,0x36	 x30=0x8003feb8
     495725.000 ns	     49571	80009ebc	143f2423	sw	x3,328(x30)	 x30:0x8003feb8  x3:0x00000001 PA:0xxxxxxxxx
     495745.000 ns	     49573	80009ec0	ff9ff06f	jal	x0,80009ebc	
     495795.000 ns	     49578	80009eb8	00036f17	auipc	x30,0x36	 x30=0x8003feb8
     495805.000 ns	     49579	80009ebc	143f2423	sw	x3,328(x30)	 x30:0x8003feb8  x3:0x00000001 PA:0xxxxxxxxx
     495825.000 ns	     49581	80009ec0	ff9ff06f	jal	x0,80009ebc	
     495875.000 ns	     49586	80009eb8	00036f17	auipc	x30,0x36	 x30=0x8003feb8
     495885.000 ns	     49587	80009ebc	143f2423	sw	x3,328(x30)	 x30:0x8003feb8  x3:0x00000001 PA:0xxxxxxxxx
     495905.000 ns	     49589	80009ec0	ff9ff06f	jal	x0,80009ebc	
     495955.000 ns	     49594	80009eb8	00036f17	auipc	x30,0x36	 x30=0x8003feb8
     495965.000 ns	     49595	80009ebc	143f2423	sw	x3,328(x30)	 x30:0x8003feb8  x3:0x00000001 PA:0xxxxxxxxx
     495985.000 ns	     49597	80009ec0	ff9ff06f	jal	x0,80009ebc	
     496035.000 ns	     49602	80009eb8	00036f17	auipc	x30,0x36	 x30=0x8003feb8
     496045.000 ns	     49603	80009ebc	143f2423	sw	x3,328(x30)	 x30:0x8003feb8  x3:0x00000001 PA:0xxxxxxxxx
     496065.000 ns	     49605	80009ec0	ff9ff06f	jal	x0,80009ebc	
     496115.000 ns	     49610	80009eb8	00036f17	auipc	x30,0x36	 x30=0x8003feb8
     496125.000 ns	     49611	80009ebc	143f2423	sw	x3,328(x30)	 x30:0x8003feb8  x3:0x00000001 PA:0xxxxxxxxx
     496145.000 ns	     49613	80009ec0	ff9ff06f	jal	x0,80009ebc	
     496195.000 ns	     49618	80009eb8	00036f17	auipc	x30,0x36	 x30=0x8003feb8
     496205.000 ns	     49619	80009ebc	143f2423	sw	x3,328(x30)	 x30:0x8003feb8  x3:0x00000001 PA:0xxxxxxxxx
     496225.000 ns	     49621	80009ec0	ff9ff06f	jal	x0,80009ebc	
     496275.000 ns	     49626	80009eb8	00036f17	auipc	x30,0x36	 x30=0x8003feb8
     496285.000 ns	     49627	80009ebc	143f2423	sw	x3,328(x30)	 x30:0x8003feb8  x3:0x00000001 PA:0xxxxxxxxx
     496305.000 ns	     49629	80009ec0	ff9ff06f	jal	x0,80009ebc	
     496355.000 ns	     49634	80009eb8	00036f17	auipc	x30,0x36	 x30=0x8003feb8
     496365.000 ns	     49635	80009ebc	143f2423	sw	x3,328(x30)	 x30:0x8003feb8  x3:0x00000001 PA:0xxxxxxxxx
     496385.000 ns	     49637	80009ec0	ff9ff06f	jal	x0,80009ebc	
     496435.000 ns	     49642	80009eb8	00036f17	auipc	x30,0x36	 x30=0x8003feb8
     496445.000 ns	     49643	80009ebc	143f2423	sw	x3,328(x30)	 x30:0x8003feb8  x3:0x00000001 PA:0xxxxxxxxx
     496465.000 ns	     49645	80009ec0	ff9ff06f	jal	x0,80009ebc	
     496515.000 ns	     49650	80009eb8	00036f17	auipc	x30,0x36	 x30=0x8003feb8
     496525.000 ns	     49651	80009ebc	143f2423	sw	x3,328(x30)	 x30:0x8003feb8  x3:0x00000001 PA:0xxxxxxxxx
     496545.000 ns	     49653	80009ec0	ff9ff06f	jal	x0,80009ebc	
     496595.000 ns	     49658	80009eb8	00036f17	auipc	x30,0x36	 x30=0x8003feb8
     496605.000 ns	     49659	80009ebc	143f2423	sw	x3,328(x30)	 x30:0x8003feb8  x3:0x00000001 PA:0xxxxxxxxx
     496625.000 ns	     49661	80009ec0	ff9ff06f	jal	x0,80009ebc	
     496675.000 ns	     49666	80009eb8	00036f17	auipc	x30,0x36	 x30=0x8003feb8
     496685.000 ns	     49667	80009ebc	143f2423	sw	x3,328(x30)	 x30:0x8003feb8  x3:0x00000001 PA:0xxxxxxxxx
     496705.000 ns	     49669	80009ec0	ff9ff06f	jal	x0,80009ebc	
     496755.000 ns	     49674	80009eb8	00036f17	auipc	x30,0x36	 x30=0x8003feb8
     496765.000 ns	     49675	80009ebc	143f2423	sw	x3,328(x30)	 x30:0x8003feb8  x3:0x00000001 PA:0xxxxxxxxx
     496785.000 ns	     49677	80009ec0	ff9ff06f	jal	x0,80009ebc	
     496835.000 ns	     49682	80009eb8	00036f17	auipc	x30,0x36	 x30=0x8003feb8
     496845.000 ns	     49683	80009ebc	143f2423	sw	x3,328(x30)	 x30:0x8003feb8  x3:0x00000001 PA:0xxxxxxxxx
     496865.000 ns	     49685	80009ec0	ff9ff06f	jal	x0,80009ebc	
     496915.000 ns	     49690	80009eb8	00036f17	auipc	x30,0x36	 x30=0x8003feb8
     496925.000 ns	     49691	80009ebc	143f2423	sw	x3,328(x30)	 x30:0x8003feb8  x3:0x00000001 PA:0xxxxxxxxx
     496945.000 ns	     49693	80009ec0	ff9ff06f	jal	x0,80009ebc	
     496995.000 ns	     49698	80009eb8	00036f17	auipc	x30,0x36	 x30=0x8003feb8
     497005.000 ns	     49699	80009ebc	143f2423	sw	x3,328(x30)	 x30:0x8003feb8  x3:0x00000001 PA:0xxxxxxxxx
     497025.000 ns	     49701	80009ec0	ff9ff06f	jal	x0,80009ebc	
     497075.000 ns	     49706	80009eb8	00036f17	auipc	x30,0x36	 x30=0x8003feb8
     497085.000 ns	     49707	80009ebc	143f2423	sw	x3,328(x30)	 x30:0x8003feb8  x3:0x00000001 PA:0xxxxxxxxx
     497105.000 ns	     49709	80009ec0	ff9ff06f	jal	x0,80009ebc	
     497155.000 ns	     49714	80009eb8	00036f17	auipc	x30,0x36	 x30=0x8003feb8
     497165.000 ns	     49715	80009ebc	143f2423	sw	x3,328(x30)	 x30:0x8003feb8  x3:0x00000001 PA:0xxxxxxxxx
     497185.000 ns	     49717	80009ec0	ff9ff06f	jal	x0,80009ebc	
     497235.000 ns	     49722	80009eb8	00036f17	auipc	x30,0x36	 x30=0x8003feb8
     497245.000 ns	     49723	80009ebc	143f2423	sw	x3,328(x30)	 x30:0x8003feb8  x3:0x00000001 PA:0xxxxxxxxx
     497265.000 ns	     49725	80009ec0	ff9ff06f	jal	x0,80009ebc	
     497315.000 ns	     49730	80009eb8	00036f17	auipc	x30,0x36	 x30=0x8003feb8
     497325.000 ns	     49731	80009ebc	143f2423	sw	x3,328(x30)	 x30:0x8003feb8  x3:0x00000001 PA:0xxxxxxxxx
     497345.000 ns	     49733	80009ec0	ff9ff06f	jal	x0,80009ebc	
     497395.000 ns	     49738	80009eb8	00036f17	auipc	x30,0x36	 x30=0x8003feb8
     497405.000 ns	     49739	80009ebc	143f2423	sw	x3,328(x30)	 x30:0x8003feb8  x3:0x00000001 PA:0xxxxxxxxx
     497425.000 ns	     49741	80009ec0	ff9ff06f	jal	x0,80009ebc	
     497475.000 ns	     49746	80009eb8	00036f17	auipc	x30,0x36	 x30=0x8003feb8
     497485.000 ns	     49747	80009ebc	143f2423	sw	x3,328(x30)	 x30:0x8003feb8  x3:0x00000001 PA:0xxxxxxxxx
     497505.000 ns	     49749	80009ec0	ff9ff06f	jal	x0,80009ebc	
     497555.000 ns	     49754	80009eb8	00036f17	auipc	x30,0x36	 x30=0x8003feb8
     497565.000 ns	     49755	80009ebc	143f2423	sw	x3,328(x30)	 x30:0x8003feb8  x3:0x00000001 PA:0xxxxxxxxx
     497585.000 ns	     49757	80009ec0	ff9ff06f	jal	x0,80009ebc	
     497635.000 ns	     49762	80009eb8	00036f17	auipc	x30,0x36	 x30=0x8003feb8
     497645.000 ns	     49763	80009ebc	143f2423	sw	x3,328(x30)	 x30:0x8003feb8  x3:0x00000001 PA:0xxxxxxxxx
     497665.000 ns	     49765	80009ec0	ff9ff06f	jal	x0,80009ebc	
     497715.000 ns	     49770	80009eb8	00036f17	auipc	x30,0x36	 x30=0x8003feb8
     497725.000 ns	     49771	80009ebc	143f2423	sw	x3,328(x30)	 x30:0x8003feb8  x3:0x00000001 PA:0xxxxxxxxx
     497745.000 ns	     49773	80009ec0	ff9ff06f	jal	x0,80009ebc	
     497795.000 ns	     49778	80009eb8	00036f17	auipc	x30,0x36	 x30=0x8003feb8
     497805.000 ns	     49779	80009ebc	143f2423	sw	x3,328(x30)	 x30:0x8003feb8  x3:0x00000001 PA:0xxxxxxxxx
     497825.000 ns	     49781	80009ec0	ff9ff06f	jal	x0,80009ebc	
     497875.000 ns	     49786	80009eb8	00036f17	auipc	x30,0x36	 x30=0x8003feb8
     497885.000 ns	     49787	80009ebc	143f2423	sw	x3,328(x30)	 x30:0x8003feb8  x3:0x00000001 PA:0xxxxxxxxx
     497905.000 ns	     49789	80009ec0	ff9ff06f	jal	x0,80009ebc	
     497955.000 ns	     49794	80009eb8	00036f17	auipc	x30,0x36	 x30=0x8003feb8
     497965.000 ns	     49795	80009ebc	143f2423	sw	x3,328(x30)	 x30:0x8003feb8  x3:0x00000001 PA:0xxxxxxxxx
     497985.000 ns	     49797	80009ec0	ff9ff06f	jal	x0,80009ebc	
     498035.000 ns	     49802	80009eb8	00036f17	auipc	x30,0x36	 x30=0x8003feb8
     498045.000 ns	     49803	80009ebc	143f2423	sw	x3,328(x30)	 x30:0x8003feb8  x3:0x00000001 PA:0xxxxxxxxx
     498065.000 ns	     49805	80009ec0	ff9ff06f	jal	x0,80009ebc	
     498115.000 ns	     49810	80009eb8	00036f17	auipc	x30,0x36	 x30=0x8003feb8
     498125.000 ns	     49811	80009ebc	143f2423	sw	x3,328(x30)	 x30:0x8003feb8  x3:0x00000001 PA:0xxxxxxxxx
     498145.000 ns	     49813	80009ec0	ff9ff06f	jal	x0,80009ebc	
     498195.000 ns	     49818	80009eb8	00036f17	auipc	x30,0x36	 x30=0x8003feb8
     498205.000 ns	     49819	80009ebc	143f2423	sw	x3,328(x30)	 x30:0x8003feb8  x3:0x00000001 PA:0xxxxxxxxx
     498225.000 ns	     49821	80009ec0	ff9ff06f	jal	x0,80009ebc	
     498275.000 ns	     49826	80009eb8	00036f17	auipc	x30,0x36	 x30=0x8003feb8
     498285.000 ns	     49827	80009ebc	143f2423	sw	x3,328(x30)	 x30:0x8003feb8  x3:0x00000001 PA:0xxxxxxxxx
     498305.000 ns	     49829	80009ec0	ff9ff06f	jal	x0,80009ebc	
     498355.000 ns	     49834	80009eb8	00036f17	auipc	x30,0x36	 x30=0x8003feb8
     498365.000 ns	     49835	80009ebc	143f2423	sw	x3,328(x30)	 x30:0x8003feb8  x3:0x00000001 PA:0xxxxxxxxx
     498385.000 ns	     49837	80009ec0	ff9ff06f	jal	x0,80009ebc	
     498435.000 ns	     49842	80009eb8	00036f17	auipc	x30,0x36	 x30=0x8003feb8
     498445.000 ns	     49843	80009ebc	143f2423	sw	x3,328(x30)	 x30:0x8003feb8  x3:0x00000001 PA:0xxxxxxxxx
     498465.000 ns	     49845	80009ec0	ff9ff06f	jal	x0,80009ebc	
     498515.000 ns	     49850	80009eb8	00036f17	auipc	x30,0x36	 x30=0x8003feb8
     498525.000 ns	     49851	80009ebc	143f2423	sw	x3,328(x30)	 x30:0x8003feb8  x3:0x00000001 PA:0xxxxxxxxx
     498545.000 ns	     49853	80009ec0	ff9ff06f	jal	x0,80009ebc	
     498595.000 ns	     49858	80009eb8	00036f17	auipc	x30,0x36	 x30=0x8003feb8
     498605.000 ns	     49859	80009ebc	143f2423	sw	x3,328(x30)	 x30:0x8003feb8  x3:0x00000001 PA:0xxxxxxxxx
     498625.000 ns	     49861	80009ec0	ff9ff06f	jal	x0,80009ebc	
     498675.000 ns	     49866	80009eb8	00036f17	auipc	x30,0x36	 x30=0x8003feb8
     498685.000 ns	     49867	80009ebc	143f2423	sw	x3,328(x30)	 x30:0x8003feb8  x3:0x00000001 PA:0xxxxxxxxx
     498705.000 ns	     49869	80009ec0	ff9ff06f	jal	x0,80009ebc	
     498755.000 ns	     49874	80009eb8	00036f17	auipc	x30,0x36	 x30=0x8003feb8
     498765.000 ns	     49875	80009ebc	143f2423	sw	x3,328(x30)	 x30:0x8003feb8  x3:0x00000001 PA:0xxxxxxxxx
     498785.000 ns	     49877	80009ec0	ff9ff06f	jal	x0,80009ebc	
     498835.000 ns	     49882	80009eb8	00036f17	auipc	x30,0x36	 x30=0x8003feb8
     498845.000 ns	     49883	80009ebc	143f2423	sw	x3,328(x30)	 x30:0x8003feb8  x3:0x00000001 PA:0xxxxxxxxx
     498865.000 ns	     49885	80009ec0	ff9ff06f	jal	x0,80009ebc	
     498915.000 ns	     49890	80009eb8	00036f17	auipc	x30,0x36	 x30=0x8003feb8
     498925.000 ns	     49891	80009ebc	143f2423	sw	x3,328(x30)	 x30:0x8003feb8  x3:0x00000001 PA:0xxxxxxxxx
     498945.000 ns	     49893	80009ec0	ff9ff06f	jal	x0,80009ebc	
     498995.000 ns	     49898	80009eb8	00036f17	auipc	x30,0x36	 x30=0x8003feb8
     499005.000 ns	     49899	80009ebc	143f2423	sw	x3,328(x30)	 x30:0x8003feb8  x3:0x00000001 PA:0xxxxxxxxx
     499025.000 ns	     49901	80009ec0	ff9ff06f	jal	x0,80009ebc	
     499075.000 ns	     49906	80009eb8	00036f17	auipc	x30,0x36	 x30=0x8003feb8
     499085.000 ns	     49907	80009ebc	143f2423	sw	x3,328(x30)	 x30:0x8003feb8  x3:0x00000001 PA:0xxxxxxxxx
     499105.000 ns	     49909	80009ec0	ff9ff06f	jal	x0,80009ebc	
     499155.000 ns	     49914	80009eb8	00036f17	auipc	x30,0x36	 x30=0x8003feb8
     499165.000 ns	     49915	80009ebc	143f2423	sw	x3,328(x30)	 x30:0x8003feb8  x3:0x00000001 PA:0xxxxxxxxx
     499185.000 ns	     49917	80009ec0	ff9ff06f	jal	x0,80009ebc	
     499235.000 ns	     49922	80009eb8	00036f17	auipc	x30,0x36	 x30=0x8003feb8
     499245.000 ns	     49923	80009ebc	143f2423	sw	x3,328(x30)	 x30:0x8003feb8  x3:0x00000001 PA:0xxxxxxxxx
     499265.000 ns	     49925	80009ec0	ff9ff06f	jal	x0,80009ebc	
     499315.000 ns	     49930	80009eb8	00036f17	auipc	x30,0x36	 x30=0x8003feb8
     499325.000 ns	     49931	80009ebc	143f2423	sw	x3,328(x30)	 x30:0x8003feb8  x3:0x00000001 PA:0xxxxxxxxx
     499345.000 ns	     49933	80009ec0	ff9ff06f	jal	x0,80009ebc	
     499395.000 ns	     49938	80009eb8	00036f17	auipc	x30,0x36	 x30=0x8003feb8
     499405.000 ns	     49939	80009ebc	143f2423	sw	x3,328(x30)	 x30:0x8003feb8  x3:0x00000001 PA:0xxxxxxxxx
     499425.000 ns	     49941	80009ec0	ff9ff06f	jal	x0,80009ebc	
     499475.000 ns	     49946	80009eb8	00036f17	auipc	x30,0x36	 x30=0x8003feb8
     499485.000 ns	     49947	80009ebc	143f2423	sw	x3,328(x30)	 x30:0x8003feb8  x3:0x00000001 PA:0xxxxxxxxx
     499505.000 ns	     49949	80009ec0	ff9ff06f	jal	x0,80009ebc	
     499555.000 ns	     49954	80009eb8	00036f17	auipc	x30,0x36	 x30=0x8003feb8
     499565.000 ns	     49955	80009ebc	143f2423	sw	x3,328(x30)	 x30:0x8003feb8  x3:0x00000001 PA:0xxxxxxxxx
     499585.000 ns	     49957	80009ec0	ff9ff06f	jal	x0,80009ebc	
     499635.000 ns	     49962	80009eb8	00036f17	auipc	x30,0x36	 x30=0x8003feb8
     499645.000 ns	     49963	80009ebc	143f2423	sw	x3,328(x30)	 x30:0x8003feb8  x3:0x00000001 PA:0xxxxxxxxx
     499665.000 ns	     49965	80009ec0	ff9ff06f	jal	x0,80009ebc	
     499715.000 ns	     49970	80009eb8	00036f17	auipc	x30,0x36	 x30=0x8003feb8
     499725.000 ns	     49971	80009ebc	143f2423	sw	x3,328(x30)	 x30:0x8003feb8  x3:0x00000001 PA:0xxxxxxxxx
     499745.000 ns	     49973	80009ec0	ff9ff06f	jal	x0,80009ebc	
     499795.000 ns	     49978	80009eb8	00036f17	auipc	x30,0x36	 x30=0x8003feb8
     499805.000 ns	     49979	80009ebc	143f2423	sw	x3,328(x30)	 x30:0x8003feb8  x3:0x00000001 PA:0xxxxxxxxx
     499825.000 ns	     49981	80009ec0	ff9ff06f	jal	x0,80009ebc	
     499875.000 ns	     49986	80009eb8	00036f17	auipc	x30,0x36	 x30=0x8003feb8
     499885.000 ns	     49987	80009ebc	143f2423	sw	x3,328(x30)	 x30:0x8003feb8  x3:0x00000001 PA:0xxxxxxxxx
     499905.000 ns	     49989	80009ec0	ff9ff06f	jal	x0,80009ebc	
     499955.000 ns	     49994	80009eb8	00036f17	auipc	x30,0x36	 x30=0x8003feb8
     499965.000 ns	     49995	80009ebc	143f2423	sw	x3,328(x30)	 x30:0x8003feb8  x3:0x00000001 PA:0xxxxxxxxx
     499985.000 ns	     49997	80009ec0	ff9ff06f	jal	x0,80009ebc	
