		Time			Cycle	PC		Insn	Decoded instruction	Register and memory contents
         65.000 ns	         5	80000000	f14022f3	csrrs	x5,mhartid,x0	  x0:0x00000000  x5=0xffffff14
         75.000 ns	         6	80000004	00000313	addi	x6,x0,0	  x0:0x00000000  x6=0x00000000
         85.000 ns	         7	80000008	00628263	beq	x5,x6,8000000c	  x5:0x00000000  x6:0x00000000
         95.000 ns	         8	8000000c	00000c97	auipc	x25,0x0	 x25=0x8000000c
        105.000 ns	         9	80000010	00cc8c93	addi	x25,x25,12	 x25:0x00000000 x25=0x80000018
        115.000 ns	        10	80000014	000c8067	jalr	x0,x25,0	 x25:0x00000000
        165.000 ns	        15	80000018	400014b7	lui	x9,0x40001	  x9=0x40001000
        175.000 ns	        16	8000001c	12048493	addi	x9,x9,288	  x9:0x00000000  x9=0x40001120
        185.000 ns	        17	80000020	30149073	csrrw	x0,misa,x9	  x9:0x00000000
        195.000 ns	        18	80000024	00041317	auipc	x6,0x41	  x6=0x80041024
        205.000 ns	        19	80000028	00030313	addi	x6,x6,0	  x6:0x00000000  x6=0x80041024
        215.000 ns	        20	8000002c	0000b497	auipc	x9,0xb	  x9=0x8000b02c
        225.000 ns	        21	80000030	8b448493	addi	x9,x9,-1868	  x9:0x40001120  x9=0x8000a8e0
        235.000 ns	        22	80000034	0014e493	ori	x9,x9,1	  x9:0x40001120  x9=0x8000a8e1
        245.000 ns	        23	80000038	30549073	csrrw	x0,mtvec,x9	  x9:0x8000b02c
        255.000 ns	        24	8000003c	00000497	auipc	x9,0x0	  x9=0x8000003c
        265.000 ns	        25	80000040	02848493	addi	x9,x9,40	  x9:0x8000a8e1  x9=0x80000064
        275.000 ns	        26	80000044	34149073	csrrw	x0,mepc,x9	  x9:0x8000a8e1
        285.000 ns	        27	80000048	00000013	addi	x0,x0,0	  x0:0x00000000
        295.000 ns	        28	8000004c	000044b7	lui	x9,0x4	  x9=0x00004000
        305.000 ns	        29	80000050	80048493	addi	x9,x9,-2048	  x9:0x80000064  x9=0x00003800
        315.000 ns	        30	80000054	30049073	csrrw	x0,mstatus,x9	  x9:0x80000064
        325.000 ns	        31	80000058	00000493	addi	x9,x0,0	  x0:0x00000000  x9=0x00000000
        335.000 ns	        32	8000005c	30449073	csrrw	x0,mie,x9	  x9:0x00003800
        345.000 ns	        33	80000060	30200073	mret	
        355.000 ns	        34	80000064	805534b7	lui	x9,0x80553	  x9=0x80553000
        365.000 ns	        35	80000068	d6848493	addi	x9,x9,-664	  x9:0x00000000  x9=0x80552d68
        385.000 ns	        37	8000006c	f0048053	fmv.w.x	f0,x9	  x9:0x00000000  f0=0x80552d68
        405.000 ns	        39	80000070	7fc004b7	lui	x9,0x7fc00	  x9=0x7fc00000
        425.000 ns	        41	80000074	f00480d3	fmv.w.x	f1,x9	  x9:0x80552d68  f1=0x7fc00000
        445.000 ns	        43	80000078	ff8004b7	lui	x9,0xff800	  x9=0xff800000
        465.000 ns	        45	8000007c	f0048153	fmv.w.x	f2,x9	  x9:0x7fc00000  f2=0xff800000
        485.000 ns	        47	80000080	7f8004b7	lui	x9,0x7f800	  x9=0x7f800000
        505.000 ns	        49	80000084	f00481d3	fmv.w.x	f3,x9	  x9:0xff800000  f3=0x7f800000
        525.000 ns	        51	80000088	8076a4b7	lui	x9,0x8076a	  x9=0x8076a000
        535.000 ns	        52	8000008c	43548493	addi	x9,x9,1077	  x9:0x7f800000  x9=0x8076a435
        555.000 ns	        54	80000090	f0048253	fmv.w.x	f4,x9	  x9:0x7f800000  f4=0x8076a435
        575.000 ns	        56	80000094	6f0a34b7	lui	x9,0x6f0a3	  x9=0x6f0a3000
        585.000 ns	        57	80000098	fa748493	addi	x9,x9,-89	  x9:0x8076a435  x9=0x6f0a2fa7
        605.000 ns	        59	8000009c	f00482d3	fmv.w.x	f5,x9	  x9:0x8076a435  f5=0x6f0a2fa7
        625.000 ns	        61	800000a0	7f8004b7	lui	x9,0x7f800	  x9=0x7f800000
        635.000 ns	        62	800000a4	00148493	addi	x9,x9,1	  x9:0x6f0a2fa7  x9=0x7f800001
        655.000 ns	        64	800000a8	f0048353	fmv.w.x	f6,x9	  x9:0x6f0a2fa7  f6=0x7f800001
        675.000 ns	        66	800000ac	7f8004b7	lui	x9,0x7f800	  x9=0x7f800000
        695.000 ns	        68	800000b0	f00483d3	fmv.w.x	f7,x9	  x9:0x7f800001  f7=0x7f800000
        715.000 ns	        70	800000b4	5ea404b7	lui	x9,0x5ea40	  x9=0x5ea40000
        725.000 ns	        71	800000b8	e4148493	addi	x9,x9,-447	  x9:0x7f800000  x9=0x5ea3fe41
        745.000 ns	        73	800000bc	f0048453	fmv.w.x	f8,x9	  x9:0x7f800000  f8=0x5ea3fe41
        765.000 ns	        75	800000c0	7f8004b7	lui	x9,0x7f800	  x9=0x7f800000
        775.000 ns	        76	800000c4	fff48493	addi	x9,x9,-1	  x9:0x5ea3fe41  x9=0x7f7fffff
        795.000 ns	        78	800000c8	f00484d3	fmv.w.x	f9,x9	  x9:0x5ea3fe41  f9=0x7f7fffff
        815.000 ns	        80	800000cc	0fc4f4b7	lui	x9,0xfc4f	  x9=0x0fc4f000
        825.000 ns	        81	800000d0	0da48493	addi	x9,x9,218	  x9:0x7f7fffff  x9=0x0fc4f0da
        845.000 ns	        83	800000d4	f0048553	fmv.w.x	f10,x9	  x9:0x7f7fffff f10=0x0fc4f0da
        865.000 ns	        85	800000d8	08de84b7	lui	x9,0x8de8	  x9=0x08de8000
        875.000 ns	        86	800000dc	88448493	addi	x9,x9,-1916	  x9:0x0fc4f0da  x9=0x08de7884
        895.000 ns	        88	800000e0	f00485d3	fmv.w.x	f11,x9	  x9:0x0fc4f0da f11=0x08de7884
        915.000 ns	        90	800000e4	7f8004b7	lui	x9,0x7f800	  x9=0x7f800000
        925.000 ns	        91	800000e8	fff48493	addi	x9,x9,-1	  x9:0x08de7884  x9=0x7f7fffff
        945.000 ns	        93	800000ec	f0048653	fmv.w.x	f12,x9	  x9:0x08de7884 f12=0x7f7fffff
        965.000 ns	        95	800000f0	00000493	addi	x9,x0,0	  x0:0x00000000  x9=0x00000000
        985.000 ns	        97	800000f4	f00486d3	fmv.w.x	f13,x9	  x9:0x7f7fffff f13=0x00000000
       1005.000 ns	        99	800000f8	ff8004b7	lui	x9,0xff800	  x9=0xff800000
       1015.000 ns	       100	800000fc	fff48493	addi	x9,x9,-1	  x9:0x00000000  x9=0xff7fffff
       1035.000 ns	       102	80000100	f0048753	fmv.w.x	f14,x9	  x9:0x00000000 f14=0xff7fffff
       1055.000 ns	       104	80000104	7f8004b7	lui	x9,0x7f800	  x9=0x7f800000
       1075.000 ns	       106	80000108	f00487d3	fmv.w.x	f15,x9	  x9:0xff7fffff f15=0x7f800000
       1095.000 ns	       108	8000010c	806e74b7	lui	x9,0x806e7	  x9=0x806e7000
       1105.000 ns	       109	80000110	ebb48493	addi	x9,x9,-325	  x9:0x7f800000  x9=0x806e6ebb
       1125.000 ns	       111	80000114	f0048853	fmv.w.x	f16,x9	  x9:0x7f800000 f16=0x806e6ebb
       1145.000 ns	       113	80000118	ff8004b7	lui	x9,0xff800	  x9=0xff800000
       1165.000 ns	       115	8000011c	f00488d3	fmv.w.x	f17,x9	  x9:0x806e6ebb f17=0xff800000
       1185.000 ns	       117	80000120	8076d4b7	lui	x9,0x8076d	  x9=0x8076d000
       1195.000 ns	       118	80000124	a5b48493	addi	x9,x9,-1445	  x9:0xff800000  x9=0x8076ca5b
       1215.000 ns	       120	80000128	f0048953	fmv.w.x	f18,x9	  x9:0xff800000 f18=0x8076ca5b
       1235.000 ns	       122	8000012c	f60a54b7	lui	x9,0xf60a5	  x9=0xf60a5000
       1245.000 ns	       123	80000130	05e48493	addi	x9,x9,94	  x9:0x8076ca5b  x9=0xf60a505e
       1265.000 ns	       125	80000134	f00489d3	fmv.w.x	f19,x9	  x9:0x8076ca5b f19=0xf60a505e
       1285.000 ns	       127	80000138	ff8004b7	lui	x9,0xff800	  x9=0xff800000
       1295.000 ns	       128	8000013c	fff48493	addi	x9,x9,-1	  x9:0xf60a505e  x9=0xff7fffff
       1315.000 ns	       130	80000140	f0048a53	fmv.w.x	f20,x9	  x9:0xf60a505e f20=0xff7fffff
       1335.000 ns	       132	80000144	7f8004b7	lui	x9,0x7f800	  x9=0x7f800000
       1355.000 ns	       134	80000148	f0048ad3	fmv.w.x	f21,x9	  x9:0xff7fffff f21=0x7f800000
       1375.000 ns	       136	8000014c	ff8004b7	lui	x9,0xff800	  x9=0xff800000
       1395.000 ns	       138	80000150	f0048b53	fmv.w.x	f22,x9	  x9:0x7f800000 f22=0xff800000
       1415.000 ns	       140	80000154	0052a4b7	lui	x9,0x52a	  x9=0x0052a000
       1425.000 ns	       141	80000158	e5a48493	addi	x9,x9,-422	  x9:0xff800000  x9=0x00529e5a
       1445.000 ns	       143	8000015c	f0048bd3	fmv.w.x	f23,x9	  x9:0xff800000 f23=0x00529e5a
       1465.000 ns	       145	80000160	805d24b7	lui	x9,0x805d2	  x9=0x805d2000
       1475.000 ns	       146	80000164	bce48493	addi	x9,x9,-1074	  x9:0x00529e5a  x9=0x805d1bce
       1495.000 ns	       148	80000168	f0048c53	fmv.w.x	f24,x9	  x9:0x00529e5a f24=0x805d1bce
       1515.000 ns	       150	8000016c	7fc004b7	lui	x9,0x7fc00	  x9=0x7fc00000
       1535.000 ns	       152	80000170	f0048cd3	fmv.w.x	f25,x9	  x9:0x805d1bce f25=0x7fc00000
       1555.000 ns	       154	80000174	00000493	addi	x9,x0,0	  x0:0x00000000  x9=0x00000000
       1575.000 ns	       156	80000178	f0048d53	fmv.w.x	f26,x9	  x9:0x7fc00000 f26=0x00000000
       1595.000 ns	       158	8000017c	3d98f4b7	lui	x9,0x3d98f	  x9=0x3d98f000
       1605.000 ns	       159	80000180	c7548493	addi	x9,x9,-907	  x9:0x00000000  x9=0x3d98ec75
       1625.000 ns	       161	80000184	f0048dd3	fmv.w.x	f27,x9	  x9:0x00000000 f27=0x3d98ec75
       1645.000 ns	       163	80000188	ff8004b7	lui	x9,0xff800	  x9=0xff800000
       1655.000 ns	       164	8000018c	fff48493	addi	x9,x9,-1	  x9:0x3d98ec75  x9=0xff7fffff
       1675.000 ns	       166	80000190	f0048e53	fmv.w.x	f28,x9	  x9:0x3d98ec75 f28=0xff7fffff
       1695.000 ns	       168	80000194	ff8004b7	lui	x9,0xff800	  x9=0xff800000
       1715.000 ns	       170	80000198	f0048ed3	fmv.w.x	f29,x9	  x9:0xff7fffff f29=0xff800000
       1735.000 ns	       172	8000019c	800004b7	lui	x9,0x80000	  x9=0x80000000
       1755.000 ns	       174	800001a0	f0048f53	fmv.w.x	f30,x9	  x9:0xff800000 f30=0x80000000
       1775.000 ns	       176	800001a4	7f8004b7	lui	x9,0x7f800	  x9=0x7f800000
       1785.000 ns	       177	800001a8	fff48493	addi	x9,x9,-1	  x9:0x80000000  x9=0x7f7fffff
       1805.000 ns	       179	800001ac	f0048fd3	fmv.w.x	f31,x9	  x9:0x80000000 f31=0x7f7fffff
       1825.000 ns	       181	800001b0	00205073	csrrwi	x0,frm,0	
       1835.000 ns	       182	800001b4	00500013	addi	x0,x0,5	  x0:0x00000000
       1845.000 ns	       183	800001b8	00700093	addi	x1,x0,7	  x0:0x00000000  x1=0x00000007
       1855.000 ns	       184	800001bc	80000137	lui	x2,0x80000	  x2=0x80000000
       1865.000 ns	       185	800001c0	00000193	addi	x3,x0,0	  x0:0x00000000  x3=0x00000000
       1875.000 ns	       186	800001c4	80000237	lui	x4,0x80000	  x4=0x80000000
       1885.000 ns	       187	800001c8	f3f062b7	lui	x5,0xf3f06	  x5=0xf3f06000
       1895.000 ns	       188	800001cc	84128293	addi	x5,x5,-1983	  x5:0xffffff14  x5=0xf3f05841
       1905.000 ns	       189	800001d0	f011d3b7	lui	x7,0xf011d	  x7=0xf011d000
       1915.000 ns	       190	800001d4	04238393	addi	x7,x7,66	  x7:0x00000000  x7=0xf011d042
       1925.000 ns	       191	800001d8	00400413	addi	x8,x0,4	  x0:0x00000000  x8=0x00000004
       1935.000 ns	       192	800001dc	800004b7	lui	x9,0x80000	  x9=0x80000000
       1945.000 ns	       193	800001e0	80000537	lui	x10,0x80000	 x10=0x80000000
       1955.000 ns	       194	800001e4	00100593	addi	x11,x0,1	  x0:0x00000000 x11=0x00000001
       1965.000 ns	       195	800001e8	00000613	addi	x12,x0,0	  x0:0x00000000 x12=0x00000000
       1975.000 ns	       196	800001ec	fa18e6b7	lui	x13,0xfa18e	 x13=0xfa18e000
       1985.000 ns	       197	800001f0	36368693	addi	x13,x13,867	 x13:0x00000000 x13=0xfa18e363
       1995.000 ns	       198	800001f4	80000737	lui	x14,0x80000	 x14=0x80000000
       2005.000 ns	       199	800001f8	00100813	addi	x16,x0,1	  x0:0x00000000 x16=0x00000001
       2015.000 ns	       200	800001fc	00a00893	addi	x17,x0,10	  x0:0x00000000 x17=0x0000000a
       2025.000 ns	       201	80000200	fea16937	lui	x18,0xfea16	 x18=0xfea16000
       2035.000 ns	       202	80000204	23b90913	addi	x18,x18,571	 x18:0x00000000 x18=0xfea1623b
       2045.000 ns	       203	80000208	00200993	addi	x19,x0,2	  x0:0x00000000 x19=0x00000002
       2055.000 ns	       204	8000020c	f3e34a37	lui	x20,0xf3e34	 x20=0xf3e34000
       2065.000 ns	       205	80000210	968a0a13	addi	x20,x20,-1688	 x20:0x00000000 x20=0xf3e33968
       2075.000 ns	       206	80000214	00b00a93	addi	x21,x0,11	  x0:0x00000000 x21=0x0000000b
       2085.000 ns	       207	80000218	7b9aab37	lui	x22,0x7b9aa	 x22=0x7b9aa000
       2095.000 ns	       208	8000021c	139b0b13	addi	x22,x22,313	 x22:0x00000000 x22=0x7b9aa139
       2105.000 ns	       209	80000220	fc094bb7	lui	x23,0xfc094	 x23=0xfc094000
       2115.000 ns	       210	80000224	76db8b93	addi	x23,x23,1901	 x23:0x00000000 x23=0xfc09476d
       2125.000 ns	       211	80000228	af69fc37	lui	x24,0xaf69f	 x24=0xaf69f000
       2135.000 ns	       212	8000022c	50bc0c13	addi	x24,x24,1291	 x24:0x00000000 x24=0xaf69f50b
       2145.000 ns	       213	80000230	0e393cb7	lui	x25,0xe393	 x25=0x0e393000
       2155.000 ns	       214	80000234	982c8c93	addi	x25,x25,-1662	 x25:0x80000018 x25=0x0e392982
       2165.000 ns	       215	80000238	9006ed37	lui	x26,0x9006e	 x26=0x9006e000
       2175.000 ns	       216	8000023c	4f7d0d13	addi	x26,x26,1271	 x26:0x00000000 x26=0x9006e4f7
       2185.000 ns	       217	80000240	00500d93	addi	x27,x0,5	  x0:0x00000000 x27=0x00000005
       2195.000 ns	       218	80000244	00000e13	addi	x28,x0,0	  x0:0x00000000 x28=0x00000000
       2205.000 ns	       219	80000248	fb341eb7	lui	x29,0xfb341	 x29=0xfb341000
       2215.000 ns	       220	8000024c	e39e8e93	addi	x29,x29,-455	 x29:0x00000000 x29=0xfb340e39
       2225.000 ns	       221	80000250	33743f37	lui	x30,0x33743	 x30=0x33743000
       2235.000 ns	       222	80000254	7ddf0f13	addi	x30,x30,2013	 x30:0x00000000 x30=0x337437dd
       2245.000 ns	       223	80000258	40decfb7	lui	x31,0x40dec	 x31=0x40dec000
       2255.000 ns	       224	8000025c	93df8f93	addi	x31,x31,-1731	 x31:0x00000000 x31=0x40deb93d
       2265.000 ns	       225	80000260	00041797	auipc	x15,0x41	 x15=0x80041260
       2275.000 ns	       226	80000264	d8478793	addi	x15,x15,-636	 x15:0x00000000 x15=0x80040fe4
       2285.000 ns	       227	80000268	4fb64413	xori	x8,x12,1275	 x12:0x00000000  x8=0x000004fb
       2645.000 ns	       263	8000026c	033d5bb3	divu	x23,x26,x19	 x26:0x9006e4f7 x19:0x00000002 x23=0x4803727b
       2675.000 ns	       266	80000270	a1b028d3	feq.s	x17,f0,f27	  f0:0x80552d68 f27:0x3d98ec75 x17=0x00000000
       2705.000 ns	       269	80000274	21b4a553	fsgnjx.s	f10,f9,f27	  f9:0x7f7fffff f27:0x3d98ec75 f10=0x7f7fffff
       2725.000 ns	       271	80000278	41ffd893	srai	x17,x31,0x1f	 x31:0x40deb93d x17=0x00000000
       2745.000 ns	       273	8000027c	a0c50453	fle.s	x8,f10,f12	 f10:0x7f7fffff f12:0x7f7fffff  x8=0x00000001
       2775.000 ns	       276	80000280	c00683d3	fcvt.w.s	x7,f13	 f13:0x00000000  x7=0x00000000
       2805.000 ns	       279	80000284	d009f2d3	fcvt.s.w	f5,x19	 x19:0x00000002  f5=0x40000000
       2855.000 ns	       284	80000288	01c27ad3	fadd.s	f21,f4,f28	  f4:0x8076a435 f28:0xff7fffff f21=0xff7fffff
       3225.000 ns	       321	8000028c	02d05eb3	divu	x29,x0,x13	  x0:0x00000000 x13:0xfa18e363 x29=0x00000000
       3245.000 ns	       323	80000290	00cec1b3	xor	x3,x29,x12	 x29:0xfb340e39 x12:0x00000000  x3=0x00000000
       3285.000 ns	       327	80000294	08b77fd3	fsub.s	f31,f14,f11	 f14:0xff7fffff f11:0x08de7884 f31=0xff7fffff
       3305.000 ns	       329	80000298	00d97733	and	x14,x18,x13	 x18:0xfea1623b x13:0xfa18e363 x14=0xfa006223
       3325.000 ns	       331	8000029c	2156a9d3	fsgnjx.s	f19,f13,f21	 f13:0x00000000 f21:0xff7fffff f19=0x80000000
       3695.000 ns	       368	800002a0	02eef9b3	remu	x19,x29,x14	 x29:0x00000000 x14:0x80000000 x19=0x00000000
       3715.000 ns	       370	800002a4	40b7dd93	srai	x27,x15,0xb	 x15:0x80040fe4 x27=0xfff00081
       3755.000 ns	       374	800002a8	098278d3	fsub.s	f17,f4,f24	  f4:0x8076a435 f24:0x805d1bce f17=0x80198867
       3775.000 ns	       376	800002ac	004b5b13	srli	x22,x22,0x4	 x22:0x7b9aa139 x22=0x07b9aa13
       3785.000 ns	       377	800002b0	21d8b597	auipc	x11,0x21d8b	 x11=0xa1d8b2b0
       3795.000 ns	       378	800002b4	00031b33	sll	x22,x6,x0	  x6:0x80041024  x0:0x00000000 x22=0x80041024
       3815.000 ns	       380	800002b8	e00c1853	fclass.s	x16,f24	 f24:0x805d1bce x16=0x00000004
       3845.000 ns	       383	800002bc	298f80d3	fmin.s	f1,f31,f24	 f31:0xff7fffff f24:0x805d1bce  f1=0xff7fffff
       3875.000 ns	       386	800002c0	2099a753	fsgnjx.s	f14,f19,f9	 f19:0x80000000  f9:0x7f7fffff f14=0x80000000
       3905.000 ns	       389	800002c4	03383933	mulhu	x18,x16,x19	 x16:0x00000004 x19:0x00000000 x18=0x00000000
       3925.000 ns	       391	800002c8	ca0e7513	andi	x10,x28,-864	 x28:0x00000000 x10=0x00000000
       3945.000 ns	       393	800002cc	03730c33	mul	x24,x6,x23	  x6:0x80041024 x23:0x4803727b x24=0xa18fc94c
       3965.000 ns	       395	800002d0	5978b913	sltiu	x18,x17,1431	 x17:0x00000000 x18=0x00000001
       3975.000 ns	       396	800002d4	00877db3	and	x27,x14,x8	 x14:0xfa006223  x8:0x00000001 x27=0x00000001
       4005.000 ns	       399	800002d8	18e27753	fdiv.s	f14,f4,f14	  f4:0x8076a435 f14:0x80000000 f14=0x7f800000
       4045.000 ns	       403	800002dc	18333d53	fdiv.s	f26,f6,f3	  f6:0x7f800001  f3:0x7f800000 f26=0x7fc00000
       4065.000 ns	       405	800002e0	0014b5b3	sltu	x11,x9,x1	  x9:0x80000000  x1:0x00000007 x11=0x00000000
       4075.000 ns	       406	800002e4	0139d3b3	srl	x7,x19,x19	 x19:0x00000000 x19:0x00000000  x7=0x00000000
       4085.000 ns	       407	800002e8	00000013	addi	x0,x0,0	  x0:0x00000000
       4095.000 ns	       408	800002ec	0097ce33	xor	x28,x15,x9	 x15:0x80040fe4  x9:0x80000000 x28=0x00040fe4
       4125.000 ns	       411	800002f0	11c27653	fmul.s	f12,f4,f28	  f4:0x8076a435 f28:0xff7fffff f12=0x406d486a
       4175.000 ns	       416	800002f4	09d876d3	fsub.s	f13,f16,f29	 f16:0x806e6ebb f29:0xff800000 f13=0x7f800000
       4225.000 ns	       421	800002f8	0931f253	fsub.s	f4,f3,f19	  f3:0x7f800000 f19:0x80000000  f4=0x7f800000
       4245.000 ns	       423	800002fc	01b09293	slli	x5,x1,0x1b	  x1:0x00000007  x5=0x38000000
       4265.000 ns	       425	80000300	031e9fb3	mulh	x31,x29,x17	 x29:0x00000000 x17:0x00000000 x31=0x00000000
       4635.000 ns	       462	80000304	02214fb3	div	x31,x2,x2	  x2:0x80000000  x2:0x80000000 x31=0x00000001
       4655.000 ns	       464	80000308	003025b3	slt	x11,x0,x3	  x0:0x00000000  x3:0x00000000 x11=0x00000000
       4675.000 ns	       466	8000030c	f0048dd3	fmv.w.x	f27,x9	  x9:0x80000000 f27=0x80000000
       4715.000 ns	       470	80000310	580fccd3	fsqrt.s	f25,f31	 f31:0xff7fffff f25=0x7fc00000
       4735.000 ns	       472	80000314	00ec52b3	srl	x5,x24,x14	 x24:0xa18fc94c x14:0xfa006223  x5=0x1431f929
       5855.000 ns	       584	80000318	58059753	fsqrt.s	f14,f11	 f11:0x08de7884 f14=0x23a8bfc3
       5875.000 ns	       586	8000031c	0128a837	lui	x16,0x128a	 x16=0x0128a000
       5885.000 ns	       587	80000320	0179ee33	or	x28,x19,x23	 x19:0x00000000 x23:0x4803727b x28=0x4803727b
       6245.000 ns	       623	80000324	0244f4b3	remu	x9,x9,x4	  x9:0x80000000  x4:0x80000000  x9=0x00000000
       6285.000 ns	       627	80000328	19967ad3	fdiv.s	f21,f12,f25	 f12:0x406d486a f25:0x7fc00000 f21=0x7fc00000
       6315.000 ns	       630	8000032c	c00826d3	fcvt.w.s	x13,f16	 f16:0x806e6ebb x13=0x00000000
       6335.000 ns	       632	80000330	01a18033	add	x0,x3,x26	  x3:0x00000000 x26:0x9006e4f7
       6355.000 ns	       634	80000334	c0024b53	fcvt.w.s	x22,f4	  f4:0x7f800000 x22=0x7fffffff
       6725.000 ns	       671	80000338	03bc4133	div	x2,x24,x27	 x24:0xa18fc94c x27:0x00000001  x2=0xa18fc94c
       6755.000 ns	       674	8000033c	035699b3	mulh	x19,x13,x21	 x13:0x00000000 x21:0x0000000b x19=0x00000000
       6785.000 ns	       677	80000340	c00cfd53	fcvt.w.s	x26,f25	 f25:0x7fc00000 x26=0x7fffffff
       6835.000 ns	       682	80000344	00a77253	fadd.s	f4,f14,f10	 f14:0x23a8bfc3 f10:0x7f7fffff  f4=0x7f7fffff
       8015.000 ns	       800	80000348	58057fd3	fsqrt.s	f31,f10	 f10:0x7f7fffff f31=0x5f350461
       8035.000 ns	       802	8000034c	008449b3	xor	x19,x8,x8	  x8:0x00000001  x8:0x00000001 x19=0x00000000
       8045.000 ns	       803	80000350	00c7cb33	xor	x22,x15,x12	 x15:0x80040fe4 x12:0x00000000 x22=0x80040fe4
       8065.000 ns	       805	80000354	d017f153	fcvt.s.wu	f2,x15	 x15:0x80040fe4  f2=0x4f00040f
       8085.000 ns	       807	80000358	39c92913	slti	x18,x18,924	 x18:0x00000001 x18=0x00000001
       8105.000 ns	       809	8000035c	f00b0953	fmv.w.x	f18,x22	 x22:0x80040fe4 f18=0x80040fe4
       8135.000 ns	       812	80000360	287499d3	fmax.s	f19,f9,f7	  f9:0x7f7fffff  f7:0x7f800000 f19=0x7f800000
       8165.000 ns	       815	80000364	e0018153	fmv.x.w	x2,f3	  f3:0x7f800000  x2=0x7f800000
       8195.000 ns	       818	80000368	e00994d3	fclass.s	x9,f19	 f19:0x7f800000  x9=0x00000080
       8215.000 ns	       820	8000036c	00530833	add	x16,x6,x5	  x6:0x80041024  x5:0x1431f929 x16=0x9436094d
       8575.000 ns	       856	80000370	0257d8b3	divu	x17,x15,x5	 x15:0x80040fe4  x5:0x1431f929 x17=0x00000006
       8605.000 ns	       859	80000374	d009ae53	fcvt.s.w	f28,x19	 x19:0x00000000 f28=0x00000000
       8635.000 ns	       862	80000378	e00d9153	fclass.s	x2,f27	 f27:0x80000000  x2=0x00000008
       8655.000 ns	       864	8000037c	4111d993	srai	x19,x3,0x11	  x3:0x00000000 x19=0x00000000
       8985.000 ns	       897	80000380	18117e53	fdiv.s	f28,f2,f1	  f2:0x4f00040f  f1:0xff7fffff f28=0xff800000
       9005.000 ns	       899	80000384	016d6833	or	x16,x26,x22	 x26:0x7fffffff x22:0x80040fe4 x16=0xffffffff
       9015.000 ns	       900	80000388	0798ec13	ori	x24,x17,121	 x17:0x00000006 x24=0x0000007f
       9025.000 ns	       901	8000038c	e880fb13	andi	x22,x1,-376	  x1:0x00000007 x22=0x00000000
       9045.000 ns	       903	80000390	e00b15d3	fclass.s	x11,f22	 f22:0xff800000 x11=0x00000001
       9075.000 ns	       906	80000394	d006ffd3	fcvt.s.w	f31,x13	 x13:0x00000000 f31=0x00000000
       9095.000 ns	       908	80000398	00cfde33	srl	x28,x31,x12	 x31:0x00000001 x12:0x00000000 x28=0x00000001
       9115.000 ns	       910	8000039c	20142853	fsgnjx.s	f16,f8,f1	  f8:0x5ea3fe41  f1:0xff7fffff f16=0xdea3fe41
       9145.000 ns	       913	800003a0	c01babd3	fcvt.wu.s	x23,f23	 f23:0x00529e5a x23=0x00000000
       9165.000 ns	       915	800003a4	0139bd33	sltu	x26,x19,x19	 x19:0x00000000 x19:0x00000000 x26=0x00000000
       9525.000 ns	       951	800003a8	03e94eb3	div	x29,x18,x30	 x18:0x00000001 x30:0x337437dd x29=0x00000000
       9545.000 ns	       953	800003ac	bb11d497	auipc	x9,0xbb11d	  x9=0x3b11d3ac
       9565.000 ns	       955	800003b0	204b1e53	fsgnjn.s	f28,f22,f4	 f22:0xff800000  f4:0x7f7fffff f28=0xff800000
       9585.000 ns	       957	800003b4	4164d593	srai	x11,x9,0x16	  x9:0x00000080 x11=0x000000ec
       9595.000 ns	       958	800003b8	0176b0b3	sltu	x1,x13,x23	 x13:0x00000000 x23:0x00000000  x1=0x00000000
       9615.000 ns	       960	800003bc	21550453	fsgnj.s	f8,f10,f21	 f10:0x7f7fffff f21:0x7fc00000  f8=0x7f7fffff
       9635.000 ns	       962	800003c0	e0c7c393	xori	x7,x15,-500	 x15:0x80040fe4  x7=0x7ffbf1e8
       9645.000 ns	       963	800003c4	759dbe13	sltiu	x28,x27,1881	 x27:0x00000001 x28=0x00000001
       9665.000 ns	       965	800003c8	e00606d3	fmv.x.w	x13,f12	 f12:0x406d486a x13=0x406d486a
       9685.000 ns	       967	800003cc	005fde13	srli	x28,x31,0x5	 x31:0x00000001 x28=0x00000000
       9705.000 ns	       969	800003d0	291f0453	fmin.s	f8,f30,f17	 f30:0x80000000 f17:0x80198867  f8=0x80198867
       9725.000 ns	       971	800003d4	00ac7133	and	x2,x24,x10	 x24:0x0000007f x10:0x00000000  x2=0x00000000
       9735.000 ns	       972	800003d8	71977f13	andi	x30,x14,1817	 x14:0xfa006223 x30=0x00000201
       9745.000 ns	       973	800003dc	4149d033	sra	x0,x19,x20	 x19:0x00000000 x20:0xf3e33968
       9785.000 ns	       977	800003e0	096c3a53	fsub.s	f20,f24,f22	 f24:0x805d1bce f22:0xff800000 f20=0x7f800000
       9805.000 ns	       979	800003e4	019bdc33	srl	x24,x23,x25	 x23:0x00000000 x25:0x0e392982 x24=0x00000000
       9815.000 ns	       980	800003e8	cd106a13	ori	x20,x0,-815	  x0:0x00000000 x20=0xfffffcd1
       9825.000 ns	       981	800003ec	2f16ab93	slti	x23,x13,753	 x13:0x406d486a x23=0x00000000
       9845.000 ns	       983	800003f0	d0097fd3	fcvt.s.w	f31,x18	 x18:0x00000001 f31=0x3f800000
       9875.000 ns	       986	800003f4	a1c3a9d3	feq.s	x19,f7,f28	  f7:0x7f800000 f28:0xff800000 x19=0x00000000
       9895.000 ns	       988	800003f8	6a20ed13	ori	x26,x1,1698	  x1:0x00000000 x26=0x000006a2
       9905.000 ns	       989	800003fc	0060a5b3	slt	x11,x1,x6	  x1:0x00000000  x6:0x80041024 x11=0x00000000
       9925.000 ns	       991	80000400	e0049f53	fclass.s	x30,f9	  f9:0x7f7fffff x30=0x00000040
      10265.000 ns	      1025	80000404	19760153	fdiv.s	f2,f12,f23	 f12:0x406d486a f23:0x00529e5a  f2=0x7f277e6a
      10295.000 ns	      1028	80000408	c01c2c53	fcvt.wu.s	x24,f24	 f24:0x805d1bce x24=0x00000000
      10315.000 ns	      1030	8000040c	01b90a33	add	x20,x18,x27	 x18:0x00000001 x27:0x00000001 x20=0x00000002
      10335.000 ns	      1032	80000410	c01833d3	fcvt.wu.s	x7,f16	 f16:0xdea3fe41  x7=0x00000000
      10705.000 ns	      1069	80000414	03f0d2b3	divu	x5,x1,x31	  x1:0x00000000 x31:0x00000001  x5=0x00000000
      10725.000 ns	      1071	80000418	d107ca93	xori	x21,x15,-752	 x15:0x80040fe4 x21=0x7ffbf2f4
      10735.000 ns	      1072	8000041c	003f6033	or	x0,x30,x3	 x30:0x00000040  x3:0x00000000
      10745.000 ns	      1073	80000420	b8542f13	slti	x30,x8,-1147	  x8:0x00000001 x30=0x00000000
      10765.000 ns	      1075	80000424	21c21053	fsgnjn.s	f0,f4,f28	  f4:0x7f7fffff f28:0xff800000  f0=0x7f7fffff
      10785.000 ns	      1077	80000428	01e556b3	srl	x13,x10,x30	 x10:0x00000000 x30:0x00000040 x13=0x00000000
      10805.000 ns	      1079	8000042c	29161b53	fmax.s	f22,f12,f17	 f12:0x406d486a f17:0x80198867 f22=0x406d486a
      10835.000 ns	      1082	80000430	c0107053	fcvt.wu.s	x0,f0	  f0:0x7f7fffff
      10865.000 ns	      1085	80000434	03b70ab3	mul	x21,x14,x27	 x14:0xfa006223 x27:0x00000001 x21=0xfa006223
      10895.000 ns	      1088	80000438	03ebca33	div	x20,x23,x30	 x23:0x00000000 x30:0x00000000 x20=0xffffffff
      10915.000 ns	      1090	8000043c	40ec8ab3	sub	x21,x25,x14	 x25:0x0e392982 x14:0xfa006223 x21=0x1438c75f
      10935.000 ns	      1092	80000440	28c81d53	fmax.s	f26,f16,f12	 f16:0xdea3fe41 f12:0x406d486a f26=0x406d486a
      10955.000 ns	      1094	80000444	da3a6113	ori	x2,x20,-605	 x20:0xffffffff  x2=0xffffffff
      12125.000 ns	      1211	80000448	58001cd3	fsqrt.s	f25,f0	  f0:0x7f7fffff f25=0x5f350461
      12495.000 ns	      1248	8000044c	03a3c8b3	div	x17,x7,x26	  x7:0x00000000 x26:0x000006a2 x17=0x00000000
      12525.000 ns	      1251	80000450	d0054d53	fcvt.s.w	f26,x10	 x10:0x00000000 f26=0x00000000
      12545.000 ns	      1253	80000454	00000013	addi	x0,x0,0	  x0:0x00000000
      12565.000 ns	      1255	80000458	029818b3	mulh	x17,x16,x9	 x16:0xffffffff  x9:0x3b11d3ac x17=0xffffffff
      12595.000 ns	      1258	8000045c	21cd8453	fsgnj.s	f8,f27,f28	 f27:0x80000000 f28:0xff800000  f8=0x80000000
      12625.000 ns	      1261	80000460	c00bbbd3	fcvt.w.s	x23,f23	 f23:0x00529e5a x23=0x00000000
      12675.000 ns	      1266	80000464	097512d3	fsub.s	f5,f10,f23	 f10:0x7f7fffff f23:0x00529e5a  f5=0x7f7fffff
      12695.000 ns	      1268	80000468	00000013	addi	x0,x0,0	  x0:0x00000000
      13055.000 ns	      1304	8000046c	03f16a33	rem	x20,x2,x31	  x2:0xffffffff x31:0x00000001 x20=0x00000000
      13105.000 ns	      1309	80000470	00257f53	fadd.s	f30,f10,f2	 f10:0x7f7fffff  f2:0x7f277e6a f30=0x7f800000
      13125.000 ns	      1311	80000474	59ea4f93	xori	x31,x20,1438	 x20:0x00000000 x31=0x0000059e
      13145.000 ns	      1313	80000478	02a6dab3	divu	x21,x13,x10	 x13:0x00000000 x10:0x00000000 x21=0xffffffff
      13165.000 ns	      1315	8000047c	01a1f233	and	x4,x3,x26	  x3:0x00000000 x26:0x000006a2  x4=0x00000000
      13525.000 ns	      1351	80000480	035673b3	remu	x7,x12,x21	 x12:0x00000000 x21:0xffffffff  x7=0x00000000
      13545.000 ns	      1353	80000484	00ce1b13	slli	x22,x28,0xc	 x28:0x00000000 x22=0x00000000
      13555.000 ns	      1354	80000488	6e85e893	ori	x17,x11,1768	 x11:0x00000000 x17=0x000006e8
      13565.000 ns	      1355	8000048c	40be5693	srai	x13,x28,0xb	 x28:0x00000000 x13=0x00000000
      13575.000 ns	      1356	80000490	c71b8bb7	lui	x23,0xc71b8	 x23=0xc71b8000
      13585.000 ns	      1357	80000494	01658c33	add	x24,x11,x22	 x11:0x00000000 x22:0x00000000 x24=0x00000000
      13595.000 ns	      1358	80000498	0026bc33	sltu	x24,x13,x2	 x13:0x00000000  x2:0xffffffff x24=0x00000001
      13605.000 ns	      1359	8000049c	007bfd33	and	x26,x23,x7	 x23:0xc71b8000  x7:0x00000000 x26=0x00000000
      13615.000 ns	      1360	800004a0	0182a1b3	slt	x3,x5,x24	  x5:0x00000000 x24:0x00000000  x3=0x00000001
      13625.000 ns	      1361	800004a4	41be8033	sub	x0,x29,x27	 x29:0x00000000 x27:0x00000001
      13635.000 ns	      1362	800004a8	019fd733	srl	x14,x31,x25	 x31:0x0000059e x25:0x0e392982 x14=0x00000167
      13645.000 ns	      1363	800004ac	2679ad93	slti	x27,x19,615	 x19:0x00000000 x27=0x00000001
      13675.000 ns	      1366	800004b0	10093453	fmul.s	f8,f18,f0	 f18:0x80040fe4  f0:0x7f7fffff  f8=0xbe01fc7f
      13725.000 ns	      1371	800004b4	09d970d3	fsub.s	f1,f18,f29	 f18:0x80040fe4 f29:0xff800000  f1=0x7f800000
      13745.000 ns	      1373	800004b8	006f5a93	srli	x21,x30,0x6	 x30:0x00000000 x21=0x00000000
      13755.000 ns	      1374	800004bc	0198dab3	srl	x21,x17,x25	 x17:0x000006e8 x25:0x0e392982 x21=0x000001ba
      13765.000 ns	      1375	800004c0	40dd0db3	sub	x27,x26,x13	 x26:0x00000000 x13:0x00000000 x27=0x00000000
      13775.000 ns	      1376	800004c4	018fe5b3	or	x11,x31,x24	 x31:0x0000059e x24:0x00000001 x11=0x0000059f
      13785.000 ns	      1377	800004c8	0187fab3	and	x21,x15,x24	 x15:0x80040fe4 x24:0x00000001 x21=0x00000000
      13795.000 ns	      1378	800004cc	5e1eca93	xori	x21,x29,1505	 x29:0x00000000 x21=0x000005e1
      13815.000 ns	      1380	800004d0	d01e2453	fcvt.s.wu	f8,x28	 x28:0x00000000  f8=0x00000000
      13835.000 ns	      1382	800004d4	430af893	andi	x17,x21,1072	 x21:0x00000000 x17=0x00000420
      13855.000 ns	      1384	800004d8	c0192dd3	fcvt.wu.s	x27,f18	 f18:0x80040fe4 x27=0x00000000
      13875.000 ns	      1386	800004dc	6e0ec517	auipc	x10,0x6e0ec	 x10=0xee0ec4dc
      13885.000 ns	      1387	800004e0	4072ddb3	sra	x27,x5,x7	  x5:0x00000000  x7:0x00000000 x27=0x00000000
      13895.000 ns	      1388	800004e4	9f6cbf93	sltiu	x31,x25,-1546	 x25:0x0e392982 x31=0x00000001
      13915.000 ns	      1390	800004e8	c00a8253	fcvt.w.s	x4,f21	 f21:0x7fc00000  x4=0x7fffffff
      13945.000 ns	      1393	800004ec	02ea05b3	mul	x11,x20,x14	 x20:0x00000000 x14:0x00000167 x11=0x00000000
      13995.000 ns	      1398	800004f0	08a47253	fsub.s	f4,f8,f10	  f8:0x00000000 f10:0x7f7fffff  f4=0xff7fffff
      14025.000 ns	      1401	800004f4	d00d1b53	fcvt.s.w	f22,x26	 x26:0x00000000 f22=0x00000000
      14055.000 ns	      1404	800004f8	290b8453	fmin.s	f8,f23,f16	 f23:0x00529e5a f16:0xdea3fe41  f8=0xdea3fe41
      14085.000 ns	      1407	800004fc	21a023d3	fsgnjx.s	f7,f0,f26	  f0:0x7f7fffff f26:0x00000000  f7=0x7f7fffff
      14115.000 ns	      1410	80000500	20919653	fsgnjn.s	f12,f3,f9	  f3:0x7f800000  f9:0x7f7fffff f12=0xff800000
      14135.000 ns	      1412	80000504	0123d093	srli	x1,x7,0x12	  x7:0x00000000  x1=0x00000000
      14145.000 ns	      1413	80000508	01881b93	slli	x23,x16,0x18	 x16:0xffffffff x23=0xff000000
      14155.000 ns	      1414	8000050c	a6ab3a93	sltiu	x21,x22,-1430	 x22:0x00000000 x21=0x00000001
      14175.000 ns	      1416	80000510	a00096d3	flt.s	x13,f1,f0	  f1:0x7f800000  f0:0x7f7fffff x13=0x00000000
      14205.000 ns	      1419	80000514	c001f3d3	fcvt.w.s	x7,f3	  f3:0x7f800000  x7=0x7fffffff
      15385.000 ns	      1537	80000518	580bae53	fsqrt.s	f28,f23	 f23:0x00529e5a f28=0x1f94ee08
      15405.000 ns	      1539	8000051c	91952393	slti	x7,x10,-1767	 x10:0xee0ec4dc  x7=0x00000001
      15425.000 ns	      1541	80000520	29bc1953	fmax.s	f18,f24,f27	 f24:0x805d1bce f27:0x80000000 f18=0x80000000
      15455.000 ns	      1544	80000524	21ce2c53	fsgnjx.s	f24,f28,f28	 f28:0x1f94ee08 f28:0x1f94ee08 f24=0x1f94ee08
      15505.000 ns	      1549	80000528	08cab253	fsub.s	f4,f21,f12	 f21:0x7fc00000 f12:0xff800000  f4=0x7fc00000
      15525.000 ns	      1551	8000052c	00793f33	sltu	x30,x18,x7	 x18:0x00000001  x7:0x00000001 x30=0x00000000
      15565.000 ns	      1555	80000530	00c93a53	fadd.s	f20,f18,f12	 f18:0x80000000 f12:0xff800000 f20=0xff800000
      15585.000 ns	      1557	80000534	01749e93	slli	x29,x9,0x17	  x9:0x3b11d3ac x29=0xd6000000
      15605.000 ns	      1559	80000538	21338fd3	fsgnj.s	f31,f7,f19	  f7:0x7f7fffff f19:0x7f800000 f31=0x7f7fffff
      15635.000 ns	      1562	8000053c	d01c3d53	fcvt.s.wu	f26,x24	 x24:0x00000001 f26=0x3f800000
      15665.000 ns	      1565	80000540	029c82b3	mul	x5,x25,x9	 x25:0x0e392982  x9:0x3b11d3ac  x5=0x63400958
      15685.000 ns	      1567	80000544	4ee0cd13	xori	x26,x1,1262	  x1:0x00000000 x26=0x000004ee
      15695.000 ns	      1568	80000548	01dd9613	slli	x12,x27,0x1d	 x27:0x00000000 x12=0x00000000
      15715.000 ns	      1570	8000054c	03ee2233	mulhsu	x4,x28,x30	 x28:0x00000000 x30:0x00000000  x4=0x00000000
      15745.000 ns	      1573	80000550	03c4a4b3	mulhsu	x9,x9,x28	  x9:0x3b11d3ac x28:0x00000000  x9=0x00000000
      15765.000 ns	      1575	80000554	01e392b3	sll	x5,x7,x30	  x7:0x00000001 x30:0x00000000  x5=0x00000001
      15785.000 ns	      1577	80000558	f0030653	fmv.w.x	f12,x6	  x6:0x80041024 f12=0x80041024
      15805.000 ns	      1579	8000055c	41c50033	sub	x0,x10,x28	 x10:0xee0ec4dc x28:0x00000000
      15825.000 ns	      1581	80000560	d01f7e53	fcvt.s.wu	f28,x30	 x30:0x00000000 f28=0x00000000
      15845.000 ns	      1583	80000564	db2d6497	auipc	x9,0xdb2d6	  x9=0x5b2d6564
      15855.000 ns	      1584	80000568	413c5133	sra	x2,x24,x19	 x24:0x00000001 x19:0x00000000  x2=0x00000001
      15875.000 ns	      1586	8000056c	298c9853	fmax.s	f16,f25,f24	 f25:0x5f350461 f24:0x1f94ee08 f16=0x5f350461
      15925.000 ns	      1591	80000570	01f226d3	fadd.s	f13,f4,f31	  f4:0x7fc00000 f31:0x7f7fffff f13=0x7fc00000
      15945.000 ns	      1593	80000574	010fb4b3	sltu	x9,x31,x16	 x31:0x00000001 x16:0xffffffff  x9=0x00000001
      15955.000 ns	      1594	80000578	01ffa533	slt	x10,x31,x31	 x31:0x00000001 x31:0x00000001 x10=0x00000000
      15975.000 ns	      1596	8000057c	a1d60653	fle.s	x12,f12,f29	 f12:0x80041024 f29:0xff800000 x12=0x00000000
      15995.000 ns	      1598	80000580	41ae02b3	sub	x5,x28,x26	 x28:0x00000000 x26:0x000004ee  x5=0xfffffb12
      16005.000 ns	      1599	80000584	40835b33	sra	x22,x6,x8	  x6:0x80041024  x8:0x00000001 x22=0xc0020812
      16015.000 ns	      1600	80000588	49d7ee93	ori	x29,x15,1181	 x15:0x80040fe4 x29=0x80040ffd
      16035.000 ns	      1602	8000058c	03b735b3	mulhu	x11,x14,x27	 x14:0x00000167 x27:0x00000000 x11=0x00000000
      16055.000 ns	      1604	80000590	400656b3	sra	x13,x12,x0	 x12:0x00000000  x0:0x00000000 x13=0x00000000
      16075.000 ns	      1606	80000594	299e0153	fmin.s	f2,f28,f25	 f28:0x00000000 f25:0x5f350461  f2=0x00000000
      16105.000 ns	      1609	80000598	028e12b3	mulh	x5,x28,x8	 x28:0x00000000  x8:0x00000001  x5=0x00000000
      16135.000 ns	      1612	8000059c	e00e10d3	fclass.s	x1,f28	 f28:0x00000000  x1=0x00000010
      16165.000 ns	      1615	800005a0	a1d69653	flt.s	x12,f13,f29	 f13:0x7fc00000 f29:0xff800000 x12=0x00000000
      16195.000 ns	      1618	800005a4	284a8753	fmin.s	f14,f21,f4	 f21:0x7fc00000  f4:0x7fc00000 f14=0x7fc00000
      16215.000 ns	      1620	800005a8	40420f33	sub	x30,x4,x4	  x4:0x00000000  x4:0x00000000 x30=0x00000000
      16225.000 ns	      1621	800005ac	01bafa33	and	x20,x21,x27	 x21:0x00000001 x27:0x00000000 x20=0x00000000
      16235.000 ns	      1622	800005b0	0088d533	srl	x10,x17,x8	 x17:0x00000420  x8:0x00000001 x10=0x00000210
      16255.000 ns	      1624	800005b4	287f0d53	fmin.s	f26,f30,f7	 f30:0x7f800000  f7:0x7f7fffff f26=0x7f7fffff
      17435.000 ns	      1742	800005b8	58007bd3	fsqrt.s	f23,f0	  f0:0x7f7fffff f23=0x5f350461
      17455.000 ns	      1744	800005bc	00000013	addi	x0,x0,0	  x0:0x00000000
      17815.000 ns	      1780	800005c0	031471b3	remu	x3,x8,x17	  x8:0x00000001 x17:0x00000420  x3=0x00000001
      17845.000 ns	      1783	800005c4	a1cc20d3	feq.s	x1,f24,f28	 f24:0x1f94ee08 f28:0x00000000  x1=0x00000000
      17875.000 ns	      1786	800005c8	f00703d3	fmv.w.x	f7,x14	 x14:0x00000167  f7=0x00000167
      17905.000 ns	      1789	800005cc	28269553	fmax.s	f10,f13,f2	 f13:0x7fc00000  f2:0x00000000 f10=0x00000000
      17925.000 ns	      1791	800005d0	00718433	add	x8,x3,x7	  x3:0x00000001  x7:0x00000001  x8=0x00000002
      17945.000 ns	      1793	800005d4	215f99d3	fsgnjn.s	f19,f31,f21	 f31:0x7f7fffff f21:0x7fc00000 f19=0xff7fffff
      17965.000 ns	      1795	800005d8	00a9c4b3	xor	x9,x19,x10	 x19:0x00000000 x10:0x00000210  x9=0x00000210
      17975.000 ns	      1796	800005dc	0076d893	srli	x17,x13,0x7	 x13:0x00000000 x17=0x00000000
      17985.000 ns	      1797	800005e0	40153137	lui	x2,0x40153	  x2=0x40153000
      17995.000 ns	      1798	800005e4	016405b3	add	x11,x8,x22	  x8:0x00000002 x22:0xc0020812 x11=0xc0020814
      18025.000 ns	      1801	800005e8	580afbd3	fsqrt.s	f23,f21	 f21:0x7fc00000 f23=0x7fc00000
      18045.000 ns	      1803	800005ec	01621493	slli	x9,x4,0x16	  x4:0x00000000  x9=0x00000000
      18055.000 ns	      1804	800005f0	00a503b3	add	x7,x10,x10	 x10:0x00000210 x10:0x00000210  x7=0x00000420
      18075.000 ns	      1806	800005f4	29850153	fmin.s	f2,f10,f24	 f10:0x00000000 f24:0x1f94ee08  f2=0x00000000
      18105.000 ns	      1809	800005f8	28628653	fmin.s	f12,f5,f6	  f5:0x7f7fffff  f6:0x7f800001 f12=0x7f7fffff
      18125.000 ns	      1811	800005fc	412a5113	srai	x2,x20,0x12	 x20:0x00000000  x2=0x00000000
      18155.000 ns	      1814	80000600	18df79d3	fdiv.s	f19,f30,f13	 f30:0x7f800000 f13:0x7fc00000 f19=0x7fc00000
      18185.000 ns	      1817	80000604	c019b8d3	fcvt.wu.s	x17,f19	 f19:0xff7fffff x17=0xffffffff
      18235.000 ns	      1822	80000608	090071d3	fsub.s	f3,f0,f16	  f0:0x7f7fffff f16:0x5f350461  f3=0x7f7fffff
      18255.000 ns	      1824	8000060c	00dd59b3	srl	x19,x26,x13	 x26:0x000004ee x13:0x00000000 x19=0x000004ee
      18265.000 ns	      1825	80000610	0103ce33	xor	x28,x7,x16	  x7:0x00000420 x16:0xffffffff x28=0xfffffbdf
      18275.000 ns	      1826	80000614	01c2ac33	slt	x24,x5,x28	  x5:0x00000000 x28:0x00000000 x24=0x00000000
      18285.000 ns	      1827	80000618	014870b3	and	x1,x16,x20	 x16:0xffffffff x20:0x00000000  x1=0x00000000
      18305.000 ns	      1829	8000061c	a1aba6d3	feq.s	x13,f23,f26	 f23:0x7fc00000 f26:0x7f7fffff x13=0x00000000
      18335.000 ns	      1832	80000620	030c0733	mul	x14,x24,x16	 x24:0x00000000 x16:0xffffffff x14=0x00000000
      18365.000 ns	      1835	80000624	d016be53	fcvt.s.wu	f28,x13	 x13:0x00000000 f28=0x00000000
      18385.000 ns	      1837	80000628	01fdde13	srli	x28,x27,0x1f	 x27:0x00000000 x28=0x00000000
      18395.000 ns	      1838	8000062c	2fca8f13	addi	x30,x21,764	 x21:0x00000001 x30=0x000002fd
      18415.000 ns	      1840	80000630	e00a9b53	fclass.s	x22,f21	 f21:0x7fc00000 x22=0x00000200
      18445.000 ns	      1843	80000634	02e6d033	divu	x0,x13,x14	 x13:0x00000000 x14:0x00000000
      18465.000 ns	      1845	80000638	823eb813	sltiu	x16,x29,-2013	 x29:0x80040ffd x16=0x00000001
      18505.000 ns	      1849	8000063c	0884acd3	fsub.s	f25,f9,f8	  f9:0x7f7fffff  f8:0xdea3fe41 f25=0x7f7fffff
      18525.000 ns	      1851	80000640	01309ab3	sll	x21,x1,x19	  x1:0x00000000 x19:0x000004ee x21=0x00000000
      18545.000 ns	      1853	80000644	a1089e53	flt.s	x28,f17,f16	 f17:0x80198867 f16:0x5f350461 x28=0x00000001
      18565.000 ns	      1855	80000648	006f3733	sltu	x14,x30,x6	 x30:0x000002fd  x6:0x80041024 x14=0x00000001
      18575.000 ns	      1856	8000064c	9afdb137	lui	x2,0x9afdb	  x2=0x9afdb000
      18595.000 ns	      1858	80000650	d01570d3	fcvt.s.wu	f1,x10	 x10:0x00000210  f1=0x44040000
      18625.000 ns	      1861	80000654	a1ac9ed3	flt.s	x29,f25,f26	 f25:0x7f7fffff f26:0x7f7fffff x29=0x00000000
      18645.000 ns	      1863	80000658	aa7c7e13	andi	x28,x24,-1369	 x24:0x00000000 x28=0x00000000
      18655.000 ns	      1864	8000065c	016c49b3	xor	x19,x24,x22	 x24:0x00000000 x22:0x00000200 x19=0x00000200
      18685.000 ns	      1867	80000660	191276d3	fdiv.s	f13,f4,f17	  f4:0x7fc00000 f17:0x80198867 f13=0x7fc00000
      18715.000 ns	      1870	80000664	a1faa853	feq.s	x16,f21,f31	 f21:0x7fc00000 f31:0x7f7fffff x16=0x00000000
      18735.000 ns	      1872	80000668	0139b6b3	sltu	x13,x19,x19	 x19:0x00000200 x19:0x00000200 x13=0x00000000
      18755.000 ns	      1874	8000066c	03ec20b3	mulhsu	x1,x24,x30	 x24:0x00000000 x30:0x000002fd  x1=0x00000000
      18775.000 ns	      1876	80000670	36837193	andi	x3,x6,872	  x6:0x80041024  x3=0x00000020
      18785.000 ns	      1877	80000674	bcd68113	addi	x2,x13,-1075	 x13:0x00000000  x2=0xfffffbcd
      18795.000 ns	      1878	80000678	0081b133	sltu	x2,x3,x8	  x3:0x00000001  x8:0x00000002  x2=0x00000000
      18805.000 ns	      1879	8000067c	00b2c4b3	xor	x9,x5,x11	  x5:0x00000000 x11:0xc0020814  x9=0xc0020814
      18815.000 ns	      1880	80000680	0145c233	xor	x4,x11,x20	 x11:0xc0020814 x20:0x00000000  x4=0xc0020814
      18835.000 ns	      1882	80000684	e00109d3	fmv.x.w	x19,f2	  f2:0x00000000 x19=0x00000000
      18855.000 ns	      1884	80000688	0191feb3	and	x29,x3,x25	  x3:0x00000020 x25:0x0e392982 x29=0x00000000
      18865.000 ns	      1885	8000068c	002daa33	slt	x20,x27,x2	 x27:0x00000000  x2:0x00000000 x20=0x00000000
      18885.000 ns	      1887	80000690	29e68ad3	fmin.s	f21,f13,f30	 f13:0x7fc00000 f30:0x7f800000 f21=0x7f800000
      18905.000 ns	      1889	80000694	0136a9b3	slt	x19,x13,x19	 x13:0x00000000 x19:0x00000000 x19=0x00000000
      18915.000 ns	      1890	80000698	e84a6593	ori	x11,x20,-380	 x20:0x00000000 x11=0xfffffe84
      18935.000 ns	      1892	8000069c	c000f853	fcvt.w.s	x16,f1	  f1:0x44040000 x16=0x00000210
      18965.000 ns	      1895	800006a0	025acbb3	div	x23,x21,x5	 x21:0x00000000  x5:0x00000000 x23=0xffffffff
      18985.000 ns	      1897	800006a4	0120c9b3	xor	x19,x1,x18	  x1:0x00000000 x18:0x00000001 x19=0x00000001
      19005.000 ns	      1899	800006a8	281b91d3	fmax.s	f3,f23,f1	 f23:0x7fc00000  f1:0x44040000  f3=0x44040000
      19035.000 ns	      1902	800006ac	c01249d3	fcvt.wu.s	x19,f4	  f4:0x7fc00000 x19=0xffffffff
      19405.000 ns	      1939	800006b0	0338cf33	div	x30,x17,x19	 x17:0xffffffff x19:0x00000001 x30=0x00000001
      19425.000 ns	      1941	800006b4	00445db3	srl	x27,x8,x4	  x8:0x00000002  x4:0xc0020814 x27=0x00000000
      19445.000 ns	      1943	800006b8	a1c1a953	feq.s	x18,f3,f28	  f3:0x44040000 f28:0x00000000 x18=0x00000000
      19465.000 ns	      1945	800006bc	14b41c37	lui	x24,0x14b41	 x24=0x14b41000
      19475.000 ns	      1946	800006c0	c60e4693	xori	x13,x28,-928	 x28:0x00000000 x13=0xfffffc60
      20645.000 ns	      2063	800006c4	580020d3	fsqrt.s	f1,f0	  f0:0x7f7fffff  f1=0x5f350461
      20675.000 ns	      2066	800006c8	03ee3db3	mulhu	x27,x28,x30	 x28:0x00000000 x30:0x00000001 x27=0x00000000
      20705.000 ns	      2069	800006cc	036c94b3	mulh	x9,x25,x22	 x25:0x0e392982 x22:0x00000200  x9=0x0000001c
      20725.000 ns	      2071	800006d0	77c5c913	xori	x18,x11,1916	 x11:0xfffffe84 x18=0xfffff9f8
      20745.000 ns	      2073	800006d4	201eaad3	fsgnjx.s	f21,f29,f1	 f29:0xff800000  f1:0x5f350461 f21=0xff800000
      20765.000 ns	      2075	800006d8	3e3ff693	andi	x13,x31,995	 x31:0x00000001 x13=0x00000001
      20785.000 ns	      2077	800006dc	281d0653	fmin.s	f12,f26,f1	 f26:0x7f7fffff  f1:0x5f350461 f12=0x5f350461
      20815.000 ns	      2080	800006e0	21700a53	fsgnj.s	f20,f0,f23	  f0:0x7f7fffff f23:0x7fc00000 f20=0x7f7fffff
      21185.000 ns	      2117	800006e4	026d6033	rem	x0,x26,x6	 x26:0x000004ee  x6:0x80041024
      21205.000 ns	      2119	800006e8	00eb6f33	or	x30,x22,x14	 x22:0x00000200 x14:0x00000001 x30=0x00000201
      21225.000 ns	      2121	800006ec	a1a92ad3	feq.s	x21,f18,f26	 f18:0x80000000 f26:0x7f7fffff x21=0x00000000
      21245.000 ns	      2123	800006f0	410d8c33	sub	x24,x27,x16	 x27:0x00000000 x16:0x00000210 x24=0xfffffdf0
      21255.000 ns	      2124	800006f4	00d65fb3	srl	x31,x12,x13	 x12:0x00000000 x13:0x00000001 x31=0x00000000
      21275.000 ns	      2126	800006f8	c00fc2d3	fcvt.w.s	x5,f31	 f31:0x7f7fffff  x5=0x7fffffff
      21295.000 ns	      2128	800006fc	a332f993	andi	x19,x5,-1485	  x5:0x00000000 x19=0x7ffffa33
      21625.000 ns	      2161	80000700	191d2a53	fdiv.s	f20,f26,f17	 f26:0x7f7fffff f17:0x80198867 f20=0xff800000
      21645.000 ns	      2163	80000704	553bef93	ori	x31,x23,1363	 x23:0xffffffff x31=0xffffffff
      22005.000 ns	      2199	80000708	03265bb3	divu	x23,x12,x18	 x12:0x00000000 x18:0xfffff9f8 x23=0x00000000
      22025.000 ns	      2201	8000070c	010948b3	xor	x17,x18,x16	 x18:0xfffff9f8 x16:0x00000210 x17=0xfffffbe8
      22035.000 ns	      2202	80000710	00000013	addi	x0,x0,0	  x0:0x00000000
      22045.000 ns	      2203	80000714	432f2613	slti	x12,x30,1074	 x30:0x00000201 x12=0x00000001
      22065.000 ns	      2205	80000718	c00102d3	fcvt.w.s	x5,f2	  f2:0x00000000  x5=0x00000000
      22085.000 ns	      2207	8000071c	00d71e33	sll	x28,x14,x13	 x14:0x00000001 x13:0x00000001 x28=0x00000002
      22125.000 ns	      2211	80000720	08229953	fsub.s	f18,f5,f2	  f5:0x7f7fffff  f2:0x00000000 f18=0x7f7fffff
      22145.000 ns	      2213	80000724	018163b3	or	x7,x2,x24	  x2:0x00000000 x24:0xfffffdf0  x7=0xfffffdf0
      22165.000 ns	      2215	80000728	c0003653	fcvt.w.s	x12,f0	  f0:0x7f7fffff x12=0x7fffffff
      22195.000 ns	      2218	8000072c	a0f31053	flt.s	x0,f6,f15	  f6:0x7f800001 f15:0x7f800000
      22225.000 ns	      2221	80000730	e00a0653	fmv.x.w	x12,f20	 f20:0xff800000 x12=0xff800000
      22245.000 ns	      2223	80000734	01eaef33	or	x30,x21,x30	 x21:0x00000000 x30:0x00000201 x30=0x00000201
      22255.000 ns	      2224	80000738	004a9993	slli	x19,x21,0x4	 x21:0x00000000 x19=0x00000000
      22265.000 ns	      2225	8000073c	01cff4b3	and	x9,x31,x28	 x31:0xffffffff x28:0x00000002  x9=0x00000002
      22285.000 ns	      2227	80000740	03be1bb3	mulh	x23,x28,x27	 x28:0x00000002 x27:0x00000000 x23=0x00000000
      22315.000 ns	      2230	80000744	c01b8fd3	fcvt.wu.s	x31,f23	 f23:0x7fc00000 x31=0xffffffff
      22685.000 ns	      2267	80000748	0236f6b3	remu	x13,x13,x3	 x13:0x00000001  x3:0x00000020 x13=0x00000001
      22705.000 ns	      2269	8000074c	000ed093	srli	x1,x29,0x0	 x29:0x00000000  x1=0x00000000
      22715.000 ns	      2270	80000750	ec49b213	sltiu	x4,x19,-316	 x19:0x00000000  x4=0x00000001
      22735.000 ns	      2272	80000754	f0060ad3	fmv.w.x	f21,x12	 x12:0xff800000 f21=0xff800000
      22755.000 ns	      2274	80000758	466ef413	andi	x8,x29,1126	 x29:0x00000000  x8=0x00000000
      22775.000 ns	      2276	8000075c	f00f8b53	fmv.w.x	f22,x31	 x31:0xffffffff f22=0xffffffff
      22805.000 ns	      2279	80000760	a0cb8ed3	fle.s	x29,f23,f12	 f23:0x7fc00000 f12:0x5f350461 x29=0x00000000
      22825.000 ns	      2281	80000764	00000013	addi	x0,x0,0	  x0:0x00000000
      22835.000 ns	      2282	80000768	007b5593	srli	x11,x22,0x7	 x22:0x00000200 x11=0x00000004
      22855.000 ns	      2284	8000076c	29528cd3	fmin.s	f25,f5,f21	  f5:0x7f7fffff f21:0xff800000 f25=0xff800000
      22885.000 ns	      2287	80000770	029604b3	mul	x9,x12,x9	 x12:0xff800000  x9:0x00000002  x9=0xff000000
      22905.000 ns	      2289	80000774	9f4c8393	addi	x7,x25,-1548	 x25:0x0e392982  x7=0x0e392376
      22925.000 ns	      2291	80000778	21dc2353	fsgnjx.s	f6,f24,f29	 f24:0x1f94ee08 f29:0xff800000  f6=0x9f94ee08
      22955.000 ns	      2294	8000077c	a0de99d3	flt.s	x19,f29,f13	 f29:0xff800000 f13:0x7fc00000 x19=0x00000000
      22975.000 ns	      2296	80000780	00000013	addi	x0,x0,0	  x0:0x00000000
      22995.000 ns	      2298	80000784	c0137ad3	fcvt.wu.s	x21,f6	  f6:0x9f94ee08 x21=0x00000000
      23015.000 ns	      2300	80000788	4008d393	srai	x7,x17,0x0	 x17:0xfffffbe8  x7=0xfffffbe8
      23025.000 ns	      2301	8000078c	014eca33	xor	x20,x29,x20	 x29:0x00000000 x20:0x00000000 x20=0x00000000
      23035.000 ns	      2302	80000790	41875f33	sra	x30,x14,x24	 x14:0x00000001 x24:0xfffffdf0 x30=0x00000000
      23055.000 ns	      2304	80000794	e0070653	fmv.x.w	x12,f14	 f14:0x7fc00000 x12=0x7fc00000
      23085.000 ns	      2307	80000798	217728d3	fsgnjx.s	f17,f14,f23	 f14:0x7fc00000 f23:0x7fc00000 f17=0x7fc00000
      23105.000 ns	      2309	8000079c	4126d493	srai	x9,x13,0x12	 x13:0x00000001  x9=0x00000000
      23115.000 ns	      2310	800007a0	00ead993	srli	x19,x21,0xe	 x21:0x00000000 x19=0x00000000
      23125.000 ns	      2311	800007a4	00000013	addi	x0,x0,0	  x0:0x00000000
      23135.000 ns	      2312	800007a8	e004da37	lui	x20,0xe004d	 x20=0xe004d000
      23155.000 ns	      2314	800007ac	21688d53	fsgnj.s	f26,f17,f22	 f17:0x7fc00000 f22:0xffffffff f26=0xffc00000
      23175.000 ns	      2316	800007b0	84e6cb37	lui	x22,0x84e6c	 x22=0x84e6c000
      23195.000 ns	      2318	800007b4	03149f33	mulh	x30,x9,x17	  x9:0x00000000 x17:0xfffffbe8 x30=0x00000000
      23565.000 ns	      2355	800007b8	02fa4533	div	x10,x20,x15	 x20:0xe004d000 x15:0x80040fe4 x10=0x00000000
      23935.000 ns	      2392	800007bc	0273cab3	div	x21,x7,x7	  x7:0xfffffbe8  x7:0xfffffbe8 x21=0x00000001
      23955.000 ns	      2394	800007c0	41a9d3b3	sra	x7,x19,x26	 x19:0x00000000 x26:0x000004ee  x7=0x00000000
      23995.000 ns	      2398	800007c4	097393d3	fsub.s	f7,f7,f23	  f7:0x00000167 f23:0x7fc00000  f7=0x7fc00000
      24035.000 ns	      2402	800007c8	11fdf653	fmul.s	f12,f27,f31	 f27:0x80000000 f31:0x7f7fffff f12=0x80000000
      24055.000 ns	      2404	800007cc	0089b0b3	sltu	x1,x19,x8	 x19:0x00000000  x8:0x00000000  x1=0x00000000
      24065.000 ns	      2405	800007d0	4bce8a93	addi	x21,x29,1212	 x29:0x00000000 x21=0x000004bc
      24105.000 ns	      2409	800007d4	005cf7d3	fadd.s	f15,f25,f5	 f25:0xff800000  f5:0x7f7fffff f15=0xff800000
      24135.000 ns	      2412	800007d8	e0048053	fmv.x.w	x0,f9	  f9:0x7f7fffff
      24165.000 ns	      2415	800007dc	21c6a1d3	fsgnjx.s	f3,f13,f28	 f13:0x7fc00000 f28:0x00000000  f3=0x7fc00000
      24535.000 ns	      2452	800007e0	0323d933	divu	x18,x7,x18	  x7:0x00000000 x18:0xfffff9f8 x18=0x00000000
      24555.000 ns	      2454	800007e4	2e570413	addi	x8,x14,741	 x14:0x00000001  x8=0x000002e6
      24565.000 ns	      2455	800007e8	cfa3ae93	slti	x29,x7,-774	  x7:0x00000000 x29=0x00000000
      24575.000 ns	      2456	800007ec	0059d5b3	srl	x11,x19,x5	 x19:0x00000000  x5:0x00000000 x11=0x00000000
      24595.000 ns	      2458	800007f0	03179bb3	mulh	x23,x15,x17	 x15:0x80040fe4 x17:0xfffffbe8 x23=0x0000020b
      24625.000 ns	      2461	800007f4	21e32d53	fsgnjx.s	f26,f6,f30	  f6:0x9f94ee08 f30:0x7f800000 f26=0x9f94ee08
      24645.000 ns	      2463	800007f8	00000013	addi	x0,x0,0	  x0:0x00000000
      24655.000 ns	      2464	800007fc	0071dbb3	srl	x23,x3,x7	  x3:0x00000020  x7:0x00000000 x23=0x00000020
      24675.000 ns	      2466	80000800	d008fb53	fcvt.s.w	f22,x17	 x17:0xfffffbe8 f22=0xc4830000
      25045.000 ns	      2503	80000804	02eb5c33	divu	x24,x22,x14	 x22:0x84e6c000 x14:0x00000001 x24=0x84e6c000
      25075.000 ns	      2506	80000808	a14599d3	flt.s	x19,f11,f20	 f11:0x08de7884 f20:0xff800000 x19=0x00000000
      25095.000 ns	      2508	8000080c	00899913	slli	x18,x19,0x8	 x19:0x00000000 x18=0x00000000
      25135.000 ns	      2512	80000810	01cd7053	fadd.s	f0,f26,f28	 f26:0x9f94ee08 f28:0x00000000  f0=0x9f94ee08
      25155.000 ns	      2514	80000814	01d39c33	sll	x24,x7,x29	  x7:0x00000000 x29:0x00000000 x24=0x00000000
      25165.000 ns	      2515	80000818	0110a133	slt	x2,x1,x17	  x1:0x00000000 x17:0xfffffbe8  x2=0x00000000
      25185.000 ns	      2517	8000081c	025e2eb3	mulhsu	x29,x28,x5	 x28:0x00000002  x5:0x00000000 x29=0x00000000
      25205.000 ns	      2519	80000820	409f0433	sub	x8,x30,x9	 x30:0x00000000  x9:0x00000000  x8=0x00000000
      25215.000 ns	      2520	80000824	89f1b013	sltiu	x0,x3,-1889	  x3:0x00000020
      25235.000 ns	      2522	80000828	e0049953	fclass.s	x18,f9	  f9:0x7f7fffff x18=0x00000040
      25255.000 ns	      2524	8000082c	e6fed9b7	lui	x19,0xe6fed	 x19=0xe6fed000
      25265.000 ns	      2525	80000830	408d8933	sub	x18,x27,x8	 x27:0x00000000  x8:0x00000000 x18=0x00000000
      25285.000 ns	      2527	80000834	29180ad3	fmin.s	f21,f16,f17	 f16:0x5f350461 f17:0x7fc00000 f21=0x5f350461
      25305.000 ns	      2529	80000838	006a4e33	xor	x28,x20,x6	 x20:0xe004d000  x6:0x80041024 x28=0x6000c024
      25315.000 ns	      2530	8000083c	00000013	addi	x0,x0,0	  x0:0x00000000
      25325.000 ns	      2531	80000840	40afda13	srai	x20,x31,0xa	 x31:0xffffffff x20=0xffffffff
      25365.000 ns	      2535	80000844	09d929d3	fsub.s	f19,f18,f29	 f18:0x7f7fffff f29:0xff800000 f19=0x7f800000
      25395.000 ns	      2538	80000848	e00c0e53	fmv.x.w	x28,f24	 f24:0x1f94ee08 x28=0x1f94ee08
      25425.000 ns	      2541	8000084c	e00a8a53	fmv.x.w	x20,f21	 f21:0x5f350461 x20=0x5f350461
      25445.000 ns	      2543	80000850	00000013	addi	x0,x0,0	  x0:0x00000000
      25455.000 ns	      2544	80000854	00000013	addi	x0,x0,0	  x0:0x00000000
      25465.000 ns	      2545	80000858	007e12b3	sll	x5,x28,x7	 x28:0x1f94ee08  x7:0x00000000  x5=0x1f94ee08
      25475.000 ns	      2546	8000085c	cd23af13	slti	x30,x7,-814	  x7:0x00000000 x30=0x00000000
      25495.000 ns	      2548	80000860	e0030c53	fmv.x.w	x24,f6	  f6:0x9f94ee08 x24=0x9f94ee08
      25525.000 ns	      2551	80000864	28900853	fmin.s	f16,f0,f9	  f0:0x9f94ee08  f9:0x7f7fffff f16=0x9f94ee08
      25555.000 ns	      2554	80000868	a11a2f53	feq.s	x30,f20,f17	 f20:0xff800000 f17:0x7fc00000 x30=0x00000000
      25575.000 ns	      2556	8000086c	01999733	sll	x14,x19,x25	 x19:0xe6fed000 x25:0x0e392982 x14=0x9bfb4000
      25595.000 ns	      2558	80000870	29bc0c53	fmin.s	f24,f24,f27	 f24:0x1f94ee08 f27:0x80000000 f24=0x80000000
      25625.000 ns	      2561	80000874	a0260bd3	fle.s	x23,f12,f2	 f12:0x80000000  f2:0x00000000 x23=0x00000001
      25645.000 ns	      2563	80000878	002f9493	slli	x9,x31,0x2	 x31:0xffffffff  x9=0xfffffffc
      25655.000 ns	      2564	8000087c	00489033	sll	x0,x17,x4	 x17:0xfffffbe8  x4:0x00000001
      25665.000 ns	      2565	80000880	5f3d4593	xori	x11,x26,1523	 x26:0x000004ee x11=0x0000011d
      25675.000 ns	      2566	80000884	01c6e533	or	x10,x13,x28	 x13:0x00000001 x28:0x1f94ee08 x10=0x1f94ee09
      25685.000 ns	      2567	80000888	ba0a6d13	ori	x26,x20,-1120	 x20:0x5f350461 x26=0xffffffe1
      25695.000 ns	      2568	8000088c	48bee613	ori	x12,x29,1163	 x29:0x00000000 x12=0x0000048b
      25705.000 ns	      2569	80000890	003cfa93	andi	x21,x25,3	 x25:0x0e392982 x21=0x00000002
      25725.000 ns	      2571	80000894	e00584d3	fmv.x.w	x9,f11	 f11:0x08de7884  x9=0x08de7884
      25745.000 ns	      2573	80000898	8f8b4993	xori	x19,x22,-1800	 x22:0x84e6c000 x19=0x7b1938f8
      25765.000 ns	      2575	8000089c	c006aed3	fcvt.w.s	x29,f13	 f13:0x7fc00000 x29=0x7fffffff
      25795.000 ns	      2578	800008a0	02548933	mul	x18,x9,x5	  x9:0x08de7884  x5:0x1f94ee08 x18=0xc34e7c20
      25815.000 ns	      2580	800008a4	0110f6b3	and	x13,x1,x17	  x1:0x00000000 x17:0xfffffbe8 x13=0x00000000
      25825.000 ns	      2581	800008a8	3ade8393	addi	x7,x29,941	 x29:0x7fffffff  x7=0x800003ac
      25835.000 ns	      2582	800008ac	01587b33	and	x22,x16,x21	 x16:0x00000210 x21:0x00000002 x22=0x00000000
      25855.000 ns	      2584	800008b0	02371bb3	mulh	x23,x14,x3	 x14:0x9bfb4000  x3:0x00000020 x23=0xfffffff3
      25885.000 ns	      2587	800008b4	a0fe0653	fle.s	x12,f28,f15	 f28:0x00000000 f15:0xff800000 x12=0x00000000
      25915.000 ns	      2590	800008b8	c011f5d3	fcvt.wu.s	x11,f3	  f3:0x7fc00000 x11=0xffffffff
      25945.000 ns	      2593	800008bc	2162a853	fsgnjx.s	f16,f5,f22	  f5:0x7f7fffff f22:0xc4830000 f16=0xff7fffff
      25965.000 ns	      2595	800008c0	c5627e93	andi	x29,x4,-938	  x4:0x00000001 x29=0x00000000
      25975.000 ns	      2596	800008c4	41e78833	sub	x16,x15,x30	 x15:0x80040fe4 x30:0x00000000 x16=0x80040fe4
      25995.000 ns	      2598	800008c8	f00487d3	fmv.w.x	f15,x9	  x9:0x08de7884 f15=0x08de7884
      26015.000 ns	      2600	800008cc	405c08b3	sub	x17,x24,x5	 x24:0x9f94ee08  x5:0x1f94ee08 x17=0x80000000
      26035.000 ns	      2602	800008d0	a0cf25d3	feq.s	x11,f30,f12	 f30:0x7f800000 f12:0x80000000 x11=0x00000000
      26055.000 ns	      2604	800008d4	6a7da993	slti	x19,x27,1703	 x27:0x00000000 x19=0x00000001
      26065.000 ns	      2605	800008d8	005e7033	and	x0,x28,x5	 x28:0x1f94ee08  x5:0x1f94ee08
      26425.000 ns	      2641	800008dc	035c5b33	divu	x22,x24,x21	 x24:0x9f94ee08 x21:0x00000002 x22=0x4fca7704
      26455.000 ns	      2644	800008e0	e00f0453	fmv.x.w	x8,f30	 f30:0x7f800000  x8=0x7f800000
      26475.000 ns	      2646	800008e4	018e5193	srli	x3,x28,0x18	 x28:0x1f94ee08  x3=0x0000001f
      26485.000 ns	      2647	800008e8	40c2de13	srai	x28,x5,0xc	  x5:0x1f94ee08 x28=0x0001f94e
      26515.000 ns	      2650	800008ec	19ed4053	fdiv.s	f0,f26,f30	 f26:0x9f94ee08 f30:0x7f800000  f0=0x80000000
      26535.000 ns	      2652	800008f0	41e354b3	sra	x9,x6,x30	  x6:0x80041024 x30:0x00000000  x9=0x80041024
      26545.000 ns	      2653	800008f4	00000013	addi	x0,x0,0	  x0:0x00000000
      26575.000 ns	      2656	800008f8	1117c753	fmul.s	f14,f15,f17	 f15:0x08de7884 f17:0x7fc00000 f14=0x7fc00000
      26595.000 ns	      2658	800008fc	01a795b3	sll	x11,x15,x26	 x15:0x80040fe4 x26:0xffffffe1 x11=0x00081fc8
      26605.000 ns	      2659	80000900	b2eb3593	sltiu	x11,x22,-1234	 x22:0x4fca7704 x11=0x00000001
      26625.000 ns	      2661	80000904	209a80d3	fsgnj.s	f1,f21,f9	 f21:0x5f350461  f9:0x7f7fffff  f1=0x5f350461
      26655.000 ns	      2664	80000908	c0110bd3	fcvt.wu.s	x23,f2	  f2:0x00000000 x23=0x00000000
      26685.000 ns	      2667	8000090c	d00b0d53	fcvt.s.w	f26,x22	 x22:0x4fca7704 f26=0x4e9f94ee
      26705.000 ns	      2669	80000910	00504133	xor	x2,x0,x5	  x0:0x00000000  x5:0x1f94ee08  x2=0x1f94ee08
      26725.000 ns	      2671	80000914	a0df2153	feq.s	x2,f30,f13	 f30:0x7f800000 f13:0x7fc00000  x2=0x00000000
      26745.000 ns	      2673	80000918	01229b93	slli	x23,x5,0x12	  x5:0x1f94ee08 x23=0xb8200000
      26765.000 ns	      2675	8000091c	21bc28d3	fsgnjx.s	f17,f24,f27	 f24:0x80000000 f27:0x80000000 f17=0x00000000
      26785.000 ns	      2677	80000920	01b49513	slli	x10,x9,0x1b	  x9:0x80041024 x10=0x20000000
      27145.000 ns	      2713	80000924	033d73b3	remu	x7,x26,x19	 x26:0xffffffe1 x19:0x00000001  x7=0x00000000
      27175.000 ns	      2716	80000928	030212b3	mulh	x5,x4,x16	  x4:0x00000001 x16:0x80040fe4  x5=0xffffffff
      27195.000 ns	      2718	8000092c	40588bb3	sub	x23,x17,x5	 x17:0x80000000  x5:0x1f94ee08 x23=0x80000001
      27555.000 ns	      2754	80000930	023c50b3	divu	x1,x24,x3	 x24:0x9f94ee08  x3:0x0000001f  x1=0x0525d621
      27575.000 ns	      2756	80000934	9769c213	xori	x4,x19,-1674	 x19:0x00000001  x4=0xfffff977
      27585.000 ns	      2757	80000938	01304133	xor	x2,x0,x19	  x0:0x00000000 x19:0x00000001  x2=0x00000001
      27615.000 ns	      2760	8000093c	580071d3	fsqrt.s	f3,f0	  f0:0x80000000  f3=0x80000000
      27635.000 ns	      2762	80000940	00a6e5b3	or	x11,x13,x10	 x13:0x00000000 x10:0x20000000 x11=0x20000000
      27645.000 ns	      2763	80000944	00000013	addi	x0,x0,0	  x0:0x00000000
      27665.000 ns	      2765	80000948	d0199653	fcvt.s.wu	f12,x19	 x19:0x00000001 f12=0x3f800000
      27705.000 ns	      2769	8000094c	1846f753	fdiv.s	f14,f13,f4	 f13:0x7fc00000  f4:0x7fc00000 f14=0x7fc00000
      27725.000 ns	      2771	80000950	9e097213	andi	x4,x18,-1568	 x18:0xc34e7c20  x4=0xc34e7820
      27735.000 ns	      2772	80000954	d0f42713	slti	x14,x8,-753	  x8:0x7f800000 x14=0x00000000
      27755.000 ns	      2774	80000958	c01c2953	fcvt.wu.s	x18,f24	 f24:0x80000000 x18=0x00000000
      28125.000 ns	      2811	8000095c	0229fbb3	remu	x23,x19,x2	 x19:0x00000001  x2:0x00000001 x23=0x00000000
      28165.000 ns	      2815	80000960	11c3f053	fmul.s	f0,f7,f28	  f7:0x7fc00000 f28:0x00000000  f0=0x7fc00000
      28185.000 ns	      2817	80000964	00cde033	or	x0,x27,x12	 x27:0x00000000 x12:0x00000000
      28205.000 ns	      2819	80000968	e0010553	fmv.x.w	x10,f2	  f2:0x00000000 x10=0x00000000
      28235.000 ns	      2822	8000096c	280c11d3	fmax.s	f3,f24,f0	 f24:0x80000000  f0:0x7fc00000  f3=0x80000000
      28255.000 ns	      2824	80000970	ab4dab93	slti	x23,x27,-1356	 x27:0x00000000 x23=0x00000000
      28275.000 ns	      2826	80000974	e00396d3	fclass.s	x13,f7	  f7:0x7fc00000 x13=0x00000200
      28305.000 ns	      2829	80000978	03cbb9b3	mulhu	x19,x23,x28	 x23:0x00000000 x28:0x0001f94e x19=0x00000000
      28345.000 ns	      2833	8000097c	10194953	fmul.s	f18,f18,f1	 f18:0x7f7fffff  f1:0x5f350461 f18=0x7f800000
      28365.000 ns	      2835	80000980	40e25393	srai	x7,x4,0xe	  x4:0xc34e7820  x7=0xffff0d39
      28375.000 ns	      2836	80000984	00d31393	slli	x7,x6,0xd	  x6:0x80041024  x7=0x82048000
      28385.000 ns	      2837	80000988	bb5c7293	andi	x5,x24,-1099	 x24:0x9f94ee08  x5=0x9f94ea00
      28405.000 ns	      2839	8000098c	29968153	fmin.s	f2,f13,f25	 f13:0x7fc00000 f25:0xff800000  f2=0xff800000
      28435.000 ns	      2842	80000990	21ce8ed3	fsgnj.s	f29,f29,f28	 f29:0xff800000 f28:0x00000000 f29=0x7f800000
      28465.000 ns	      2845	80000994	f00d8453	fmv.w.x	f8,x27	 x27:0x00000000  f8=0x00000000
      28495.000 ns	      2848	80000998	d01cb253	fcvt.s.wu	f4,x25	 x25:0x0e392982  f4=0x4d639299
      28535.000 ns	      2852	8000099c	11c07dd3	fmul.s	f27,f0,f28	  f0:0x7fc00000 f28:0x00000000 f27=0x7fc00000
      28575.000 ns	      2856	800009a0	104925d3	fmul.s	f11,f18,f4	 f18:0x7f800000  f4:0x4d639299 f11=0x7f800000
      28605.000 ns	      2859	800009a4	02c746b3	div	x13,x14,x12	 x14:0x00000000 x12:0x00000000 x13=0xffffffff
      28655.000 ns	      2864	800009a8	00f9f7d3	fadd.s	f15,f19,f15	 f19:0x7f800000 f15:0x08de7884 f15=0x7f800000
      28695.000 ns	      2868	800009ac	18067f53	fdiv.s	f30,f12,f0	 f12:0x3f800000  f0:0x7fc00000 f30=0x7fc00000
      28715.000 ns	      2870	800009b0	00444133	xor	x2,x8,x4	  x8:0x7f800000  x4:0xc34e7820  x2=0xbcce7820
      28725.000 ns	      2871	800009b4	0044e9b3	or	x19,x9,x4	  x9:0x80041024  x4:0xc34e7820 x19=0xc34e7824
      28745.000 ns	      2873	800009b8	d005a053	fcvt.s.w	f0,x11	 x11:0x20000000  f0=0x4e000000
      28775.000 ns	      2876	800009bc	03ad32b3	mulhu	x5,x26,x26	 x26:0xffffffe1 x26:0xffffffe1  x5=0xffffffc2
      28795.000 ns	      2878	800009c0	6145a013	slti	x0,x11,1556	 x11:0x20000000
      28825.000 ns	      2881	800009c4	580cb5d3	fsqrt.s	f11,f25	 f25:0xff800000 f11=0x7fc00000
      28855.000 ns	      2884	800009c8	f00d86d3	fmv.w.x	f13,x27	 x27:0x00000000 f13=0x00000000
      28885.000 ns	      2887	800009cc	0337bab3	mulhu	x21,x15,x19	 x15:0x80040fe4 x19:0xc34e7824 x21=0x61aa556b
      28915.000 ns	      2890	800009d0	286c0153	fmin.s	f2,f24,f6	 f24:0x80000000  f6:0x9f94ee08  f2=0x9f94ee08
      28935.000 ns	      2892	800009d4	0162e9b3	or	x19,x5,x22	  x5:0xffffffc2 x22:0x4fca7704 x19=0xffffffc6
      28955.000 ns	      2894	800009d8	e00c1653	fclass.s	x12,f24	 f24:0x80000000 x12=0x00000008
      28985.000 ns	      2897	800009dc	0214afb3	mulhsu	x31,x9,x1	  x9:0x80041024  x1:0x0525d621 x31=0xfd6d29d9
      29015.000 ns	      2900	800009e0	a0b50d53	fle.s	x26,f10,f11	 f10:0x00000000 f11:0x7fc00000 x26=0x00000000
      29385.000 ns	      2937	800009e4	03185eb3	divu	x29,x16,x17	 x16:0x80040fe4 x17:0x80000000 x29=0x00000001
      29405.000 ns	      2939	800009e8	10773b93	sltiu	x23,x14,263	 x14:0x00000000 x23=0x00000001
      29425.000 ns	      2941	800009ec	039406b3	mul	x13,x8,x25	  x8:0x7f800000 x25:0x0e392982 x13=0x3f000000
      29445.000 ns	      2943	800009f0	b61c8397	auipc	x7,0xb61c8	  x7=0x361c89f0
      29455.000 ns	      2944	800009f4	c19b7d97	auipc	x27,0xc19b7	 x27=0x419b79f4
      29465.000 ns	      2945	800009f8	00342433	slt	x8,x8,x3	  x8:0x7f800000  x3:0x0000001f  x8=0x00000000
      29495.000 ns	      2948	800009fc	10374bd3	fmul.s	f23,f14,f3	 f14:0x7fc00000  f3:0x80000000 f23=0x7fc00000
      29545.000 ns	      2953	80000a00	09deaad3	fsub.s	f21,f29,f29	 f29:0x7f800000 f29:0x7f800000 f21=0x80000000
      29585.000 ns	      2957	80000a04	115771d3	fmul.s	f3,f14,f21	 f14:0x7fc00000 f21:0x5f350461  f3=0x7fc00000
      29615.000 ns	      2960	80000a08	e0061c53	fclass.s	x24,f12	 f12:0x3f800000 x24=0x00000040
      29635.000 ns	      2962	80000a0c	011cc833	xor	x16,x25,x17	 x25:0x0e392982 x17:0x80000000 x16=0x8e392982
      29655.000 ns	      2964	80000a10	038aa933	mulhsu	x18,x21,x24	 x21:0x61aa556b x24:0x00000040 x18=0x00000018
      29675.000 ns	      2966	80000a14	41e55813	srai	x16,x10,0x1e	 x10:0x00000000 x16=0x00000000
      30035.000 ns	      3002	80000a18	032f79b3	remu	x19,x30,x18	 x30:0x00000000 x18:0x00000018 x19=0x00000000
      30055.000 ns	      3004	80000a1c	01bc0433	add	x8,x24,x27	 x24:0x00000040 x27:0x419b79f4  x8=0x419b7a34
      30065.000 ns	      3005	80000a20	0164b4b3	sltu	x9,x9,x22	  x9:0x80041024 x22:0x4fca7704  x9=0x00000000
      30075.000 ns	      3006	80000a24	00f5f533	and	x10,x11,x15	 x11:0x20000000 x15:0x80040fe4 x10=0x00000000
      30095.000 ns	      3008	80000a28	e00e1753	fclass.s	x14,f28	 f28:0x00000000 x14=0x00000010
      30125.000 ns	      3011	80000a2c	c010ced3	fcvt.wu.s	x29,f1	  f1:0x5f350461 x29=0xffffffff
      30155.000 ns	      3014	80000a30	e00d9ad3	fclass.s	x21,f27	 f27:0x7fc00000 x21=0x00000200
      30175.000 ns	      3016	80000a34	01c31b33	sll	x22,x6,x28	  x6:0x80041024 x28:0x0001f94e x22=0x04090000
      30185.000 ns	      3017	80000a38	93a9ee37	lui	x28,0x93a9e	 x28=0x93a9e000
      30195.000 ns	      3018	80000a3c	2a4a3693	sltiu	x13,x20,676	 x20:0x5f350461 x13=0x00000000
      30205.000 ns	      3019	80000a40	490db093	sltiu	x1,x27,1168	 x27:0x419b79f4  x1=0x00000000
      30215.000 ns	      3020	80000a44	01c1f1b3	and	x3,x3,x28	  x3:0x0000001f x28:0x93a9e000  x3=0x00000000
      30235.000 ns	      3022	80000a48	e00c0153	fmv.x.w	x2,f24	 f24:0x80000000  x2=0x80000000
      30255.000 ns	      3024	80000a4c	40d35c13	srai	x24,x6,0xd	  x6:0x80041024 x24=0xfffc0020
      30275.000 ns	      3026	80000a50	0221beb3	mulhu	x29,x3,x2	  x3:0x00000000  x2:0x80000000 x29=0x00000000
      30305.000 ns	      3029	80000a54	024f8633	mul	x12,x31,x4	 x31:0xfd6d29d9  x4:0xc34e7820 x12=0xe460f320
      30325.000 ns	      3031	80000a58	018edd13	srli	x26,x29,0x18	 x29:0x00000000 x26=0x00000000
      30345.000 ns	      3033	80000a5c	e00983d3	fmv.x.w	x7,f19	 f19:0x7f800000  x7=0x7f800000
      30365.000 ns	      3035	80000a60	01699293	slli	x5,x19,0x16	 x19:0x00000000  x5=0x00000000
      30395.000 ns	      3038	80000a64	11e1b553	fmul.s	f10,f3,f30	  f3:0x7fc00000 f30:0x7fc00000 f10=0x7fc00000
      30415.000 ns	      3040	80000a68	1139c113	xori	x2,x19,275	 x19:0x00000000  x2=0x00000113
      30455.000 ns	      3044	80000a6c	089247d3	fsub.s	f15,f4,f9	  f4:0x4d639299  f9:0x7f7fffff f15=0xff7fffff
      30485.000 ns	      3047	80000a70	28d017d3	fmax.s	f15,f0,f13	  f0:0x4e000000 f13:0x00000000 f15=0x4e000000
      30505.000 ns	      3049	80000a74	15f86413	ori	x8,x16,351	 x16:0x00000000  x8=0x0000015f
      30515.000 ns	      3050	80000a78	016852b3	srl	x5,x16,x22	 x16:0x00000000 x22:0x04090000  x5=0x00000000
      30525.000 ns	      3051	80000a7c	01e3b833	sltu	x16,x7,x30	  x7:0x7f800000 x30:0x00000000 x16=0x00000000
      30545.000 ns	      3053	80000a80	c0077053	fcvt.w.s	x0,f14	 f14:0x7fc00000
      30915.000 ns	      3090	80000a84	031fd933	divu	x18,x31,x17	 x31:0xfd6d29d9 x17:0x80000000 x18=0x00000001
      30945.000 ns	      3093	80000a88	c01e31d3	fcvt.wu.s	x3,f28	 f28:0x00000000  x3=0x00000000
      30965.000 ns	      3095	80000a8c	01f20bb3	add	x23,x4,x31	  x4:0xc34e7820 x31:0xfd6d29d9 x23=0xc0bba1f9
      30985.000 ns	      3097	80000a90	02ba8f33	mul	x30,x21,x11	 x21:0x00000200 x11:0x20000000 x30=0x00000000
      31015.000 ns	      3100	80000a94	d009bb53	fcvt.s.w	f22,x19	 x19:0x00000000 f22=0x00000000
      31035.000 ns	      3102	80000a98	01692b33	slt	x22,x18,x22	 x18:0x00000001 x22:0x04090000 x22=0x00000001
      31045.000 ns	      3103	80000a9c	0173f6b3	and	x13,x7,x23	  x7:0x7f800000 x23:0xc0bba1f9 x13=0x40800000
      31065.000 ns	      3105	80000aa0	c00025d3	fcvt.w.s	x11,f0	  f0:0x4e000000 x11=0x20000000
      31085.000 ns	      3107	80000aa4	00d75533	srl	x10,x14,x13	 x14:0x00000010 x13:0x00000000 x10=0x00000010
      31125.000 ns	      3111	80000aa8	002f9853	fadd.s	f16,f31,f2	 f31:0x7f7fffff  f2:0x9f94ee08 f16=0x7f7fffff
      31145.000 ns	      3113	80000aac	00efd713	srli	x14,x31,0xe	 x31:0xfd6d29d9 x14=0x0003f5b4
      31165.000 ns	      3115	80000ab0	d000b753	fcvt.s.w	f14,x1	  x1:0x00000000 f14=0x00000000
      31215.000 ns	      3120	80000ab4	09f049d3	fsub.s	f19,f0,f31	  f0:0x4e000000 f31:0x7f7fffff f19=0xff7fffff
      31235.000 ns	      3122	80000ab8	0b241997	auipc	x19,0xb241	 x19=0x8b241ab8
      31255.000 ns	      3124	80000abc	037c1db3	mulh	x27,x24,x23	 x24:0xfffc0020 x23:0xc0bba1f9 x27=0x0000fd09
      31295.000 ns	      3128	80000ac0	180ef453	fdiv.s	f8,f29,f0	 f29:0x7f800000  f0:0x4e000000  f8=0x7f800000
      31315.000 ns	      3130	80000ac4	e73e7413	andi	x8,x28,-397	 x28:0x93a9e000  x8=0x93a9e000
      31335.000 ns	      3132	80000ac8	035134b3	mulhu	x9,x2,x21	  x2:0x00000113 x21:0x00000200  x9=0x00000000
      31705.000 ns	      3169	80000acc	034341b3	div	x3,x6,x20	  x6:0x80041024 x20:0x5f350461  x3=0xffffffff
      31725.000 ns	      3171	80000ad0	00819813	slli	x16,x3,0x8	  x3:0x00000000 x16=0xffffff00
      31745.000 ns	      3173	80000ad4	03b0b3b3	mulhu	x7,x1,x27	  x1:0x00000000 x27:0x0000fd09  x7=0x00000000
      31765.000 ns	      3175	80000ad8	42392093	slti	x1,x18,1059	 x18:0x00000001  x1=0x00000001
      31785.000 ns	      3177	80000adc	f00588d3	fmv.w.x	f17,x11	 x11:0x20000000 f17=0x20000000
      31805.000 ns	      3179	80000ae0	400c5a93	srai	x21,x24,0x0	 x24:0xfffc0020 x21=0xfffc0020
      31825.000 ns	      3181	80000ae4	d0157d53	fcvt.s.wu	f26,x10	 x10:0x00000010 f26=0x41800000
      31845.000 ns	      3183	80000ae8	4127d933	sra	x18,x15,x18	 x15:0x80040fe4 x18:0x00000001 x18=0xc00207f2
      31855.000 ns	      3184	80000aec	4004d733	sra	x14,x9,x0	  x9:0x00000000  x0:0x00000000 x14=0x00000000
      31885.000 ns	      3187	80000af0	110cf653	fmul.s	f12,f25,f16	 f25:0xff800000 f16:0x7f7fffff f12=0xff800000
      31905.000 ns	      3189	80000af4	dfeaaa13	slti	x20,x21,-514	 x21:0xfffc0020 x20=0x00000001
      31915.000 ns	      3190	80000af8	4e87c193	xori	x3,x15,1256	 x15:0x80040fe4  x3=0x80040b0c
      32275.000 ns	      3226	80000afc	032b7d33	remu	x26,x22,x18	 x22:0x00000001 x18:0xc00207f2 x26=0x00000001
      32305.000 ns	      3229	80000b00	21018cd3	fsgnj.s	f25,f3,f16	  f3:0x7fc00000 f16:0x7f7fffff f25=0x7fc00000
      32335.000 ns	      3232	80000b04	e0059e53	fclass.s	x28,f11	 f11:0x7fc00000 x28=0x00000200
      32355.000 ns	      3234	80000b08	00c51a93	slli	x21,x10,0xc	 x10:0x00000010 x21=0x00010000
      32715.000 ns	      3270	80000b0c	02316633	rem	x12,x2,x3	  x2:0x00000113  x3:0x80040b0c x12=0x00000113
      32735.000 ns	      3272	80000b10	012c8ab3	add	x21,x25,x18	 x25:0x0e392982 x18:0xc00207f2 x21=0xce3b3174
      32745.000 ns	      3273	80000b14	0175f933	and	x18,x11,x23	 x11:0x20000000 x23:0xc0bba1f9 x18=0x00000000
      32755.000 ns	      3274	80000b18	f9d6aa13	slti	x20,x13,-99	 x13:0x40800000 x20=0x00000000
      32775.000 ns	      3276	80000b1c	20ae84d3	fsgnj.s	f9,f29,f10	 f29:0x7f800000 f10:0x7fc00000  f9=0x7f800000
      33145.000 ns	      3313	80000b20	037d5933	divu	x18,x26,x23	 x26:0x00000001 x23:0xc0bba1f9 x18=0x00000000
      33175.000 ns	      3316	80000b24	02984233	div	x4,x16,x9	 x16:0xffffff00  x9:0x00000000  x4=0xffffffff
      33205.000 ns	      3319	80000b28	02632db3	mulhsu	x27,x6,x6	  x6:0x80041024  x6:0x80041024 x27=0xc0000010
      34385.000 ns	      3437	80000b2c	58007553	fsqrt.s	f10,f0	  f0:0x4e000000 f10=0x46350482
      34415.000 ns	      3440	80000b30	02d60233	mul	x4,x12,x13	 x12:0x00000113 x13:0x40800000  x4=0x49800000
      34435.000 ns	      3442	80000b34	41575393	srai	x7,x14,0x15	 x14:0x00000000  x7=0x00000000
      34795.000 ns	      3478	80000b38	03b3fe33	remu	x28,x7,x27	  x7:0x00000000 x27:0xc0000010 x28=0x00000000
      34815.000 ns	      3480	80000b3c	00169533	sll	x10,x13,x1	 x13:0x40800000  x1:0x00000001 x10=0x81000000
      34825.000 ns	      3481	80000b40	0d474a13	xori	x20,x14,212	 x14:0x00000000 x20=0x000000d4
      34845.000 ns	      3483	80000b44	e0019ad3	fclass.s	x21,f3	  f3:0x7fc00000 x21=0x00000200
      34865.000 ns	      3485	80000b48	4014d4b3	sra	x9,x9,x1	  x9:0x00000000  x1:0x00000001  x9=0x00000000
      34875.000 ns	      3486	80000b4c	00563b33	sltu	x22,x12,x5	 x12:0x00000113  x5:0x00000000 x22=0x00000000
      34885.000 ns	      3487	80000b50	f088a893	slti	x17,x17,-248	 x17:0x80000000 x17=0x00000001
      34905.000 ns	      3489	80000b54	02fabeb3	mulhu	x29,x21,x15	 x21:0x00000200 x15:0x80040fe4 x29=0x00000100
      34945.000 ns	      3493	80000b58	1066b3d3	fmul.s	f7,f13,f6	 f13:0x00000000  f6:0x9f94ee08  f7=0x80000000
      34975.000 ns	      3496	80000b5c	e0089453	fclass.s	x8,f17	 f17:0x20000000  x8=0x00000040
      34995.000 ns	      3498	80000b60	01ec9d13	slli	x26,x25,0x1e	 x25:0x0e392982 x26=0x80000000
      35015.000 ns	      3500	80000b64	03368ab3	mul	x21,x13,x19	 x13:0x40800000 x19:0x8b241ab8 x21=0x5c000000
      35035.000 ns	      3502	80000b68	00d97bb3	and	x23,x18,x13	 x18:0x00000000 x13:0x40800000 x23=0x00000000
      35055.000 ns	      3504	80000b6c	d011f453	fcvt.s.wu	f8,x3	  x3:0x80040b0c  f8=0x4f00040b
      35095.000 ns	      3508	80000b70	119e9953	fmul.s	f18,f29,f25	 f29:0x7f800000 f25:0x7fc00000 f18=0x7fc00000
      35115.000 ns	      3510	80000b74	e17dffb7	lui	x31,0xe17df	 x31=0xe17df000
      35135.000 ns	      3512	80000b78	e0039853	fclass.s	x16,f7	  f7:0x80000000 x16=0x00000008
      35165.000 ns	      3515	80000b7c	036295b3	mulh	x11,x5,x22	  x5:0x00000000 x22:0x00000000 x11=0x00000000
      35185.000 ns	      3517	80000b80	6b342b93	slti	x23,x8,1715	  x8:0x00000040 x23=0x00000001
      35205.000 ns	      3519	80000b84	f00801d3	fmv.w.x	f3,x16	 x16:0x00000008  f3=0x00000008
      35225.000 ns	      3521	80000b88	ca4c2213	slti	x4,x24,-860	 x24:0xfffc0020  x4=0x00000001
      35235.000 ns	      3522	80000b8c	00f7fe33	and	x28,x15,x15	 x15:0x80040fe4 x15:0x80040fe4 x28=0x80040fe4
      35265.000 ns	      3525	80000b90	199d7153	fdiv.s	f2,f26,f25	 f26:0x41800000 f25:0x7fc00000  f2=0x7fc00000
      35285.000 ns	      3527	80000b94	b2abc613	xori	x12,x23,-1238	 x23:0x00000001 x12=0xfffffb2b
      35315.000 ns	      3530	80000b98	580f7753	fsqrt.s	f14,f30	 f30:0x7fc00000 f14=0x7fc00000
      35345.000 ns	      3533	80000b9c	21751ed3	fsgnjn.s	f29,f10,f23	 f10:0x46350482 f23:0x7fc00000 f29=0xc6350482
      35375.000 ns	      3536	80000ba0	0378bd33	mulhu	x26,x17,x23	 x17:0x00000001 x23:0x00000001 x26=0x00000000
      35405.000 ns	      3539	80000ba4	a0758f53	fle.s	x30,f11,f7	 f11:0x7fc00000  f7:0x80000000 x30=0x00000000
      35435.000 ns	      3542	80000ba8	e00c11d3	fclass.s	x3,f24	 f24:0x80000000  x3=0x00000008
      35465.000 ns	      3545	80000bac	028f24b3	mulhsu	x9,x30,x8	 x30:0x00000000  x8:0x00000040  x9=0x00000000
      35485.000 ns	      3547	80000bb0	0037d113	srli	x2,x15,0x3	 x15:0x80040fe4  x2=0x100081fc
      35495.000 ns	      3548	80000bb4	6c0ace93	xori	x29,x21,1728	 x21:0x5c000000 x29=0x5c0006c0
      35515.000 ns	      3550	80000bb8	c0118153	fcvt.wu.s	x2,f3	  f3:0x00000008  x2=0x00000000
      35535.000 ns	      3552	80000bbc	00000013	addi	x0,x0,0	  x0:0x00000000
      35545.000 ns	      3553	80000bc0	405100b3	sub	x1,x2,x5	  x2:0x00000000  x5:0x00000000  x1=0x00000000
      35565.000 ns	      3555	80000bc4	029ab533	mulhu	x10,x21,x9	 x21:0x5c000000  x9:0x00000000 x10=0x00000000
      35595.000 ns	      3558	80000bc8	03feaeb3	mulhsu	x29,x29,x31	 x29:0x5c0006c0 x31:0xe17df000 x29=0x51094832
      35625.000 ns	      3561	80000bcc	20b18753	fsgnj.s	f14,f3,f11	  f3:0x00000008 f11:0x7fc00000 f14=0x00000008
      35675.000 ns	      3566	80000bd0	01e5b5d3	fadd.s	f11,f11,f30	 f11:0x7fc00000 f30:0x7fc00000 f11=0x7fc00000
      35705.000 ns	      3569	80000bd4	03eca433	mulhsu	x8,x25,x30	 x25:0x0e392982 x30:0x00000000  x8=0x00000000
      35735.000 ns	      3572	80000bd8	a1fa8853	fle.s	x16,f21,f31	 f21:0x80000000 f31:0x7f7fffff x16=0x00000001
      36105.000 ns	      3609	80000bdc	0308d1b3	divu	x3,x17,x16	 x17:0x00000001 x16:0x00000008  x3=0x00000001
      36135.000 ns	      3612	80000be0	d018f2d3	fcvt.s.wu	f5,x17	 x17:0x00000001  f5=0x3f800000
      36165.000 ns	      3615	80000be4	f0060bd3	fmv.w.x	f23,x12	 x12:0xfffffb2b f23=0xfffffb2b
      36195.000 ns	      3618	80000be8	c00e7fd3	fcvt.w.s	x31,f28	 f28:0x00000000 x31=0x00000000
      36225.000 ns	      3621	80000bec	c0122553	fcvt.wu.s	x10,f4	  f4:0x4d639299 x10=0x0e392990
      36245.000 ns	      3623	80000bf0	00000013	addi	x0,x0,0	  x0:0x00000000
      36265.000 ns	      3625	80000bf4	203f24d3	fsgnjx.s	f9,f30,f3	 f30:0x7fc00000  f3:0x00000008  f9=0x7fc00000
      36295.000 ns	      3628	80000bf8	e0081b53	fclass.s	x22,f16	 f16:0x7f7fffff x22=0x00000040
      36315.000 ns	      3630	80000bfc	408bdd33	sra	x26,x23,x8	 x23:0x00000001  x8:0x00000000 x26=0x00000001
      36325.000 ns	      3631	80000c00	007f5d33	srl	x26,x30,x7	 x30:0x00000000  x7:0x00000000 x26=0x00000000
      36345.000 ns	      3633	80000c04	03651633	mulh	x12,x10,x22	 x10:0x0e392990 x22:0x00000040 x12=0x00000003
      36375.000 ns	      3636	80000c08	02131f33	mulh	x30,x6,x1	  x6:0x80041024  x1:0x00000000 x30=0x00000000
      36425.000 ns	      3641	80000c0c	08f1fd53	fsub.s	f26,f3,f15	  f3:0x00000008 f15:0x4e000000 f26=0xce000000
      36455.000 ns	      3644	80000c10	21938853	fsgnj.s	f16,f7,f25	  f7:0x80000000 f25:0x7fc00000 f16=0x00000000
      36475.000 ns	      3646	80000c14	20c9c393	xori	x7,x19,524	 x19:0x8b241ab8  x7=0x8b2418b4
      36495.000 ns	      3648	80000c18	f00a0d53	fmv.w.x	f26,x20	 x20:0x000000d4 f26=0x000000d4
      36525.000 ns	      3651	80000c1c	20292153	fsgnjx.s	f2,f18,f2	 f18:0x7fc00000  f2:0x7fc00000  f2=0x7fc00000
      36555.000 ns	      3654	80000c20	292a9ad3	fmax.s	f21,f21,f18	 f21:0x80000000 f18:0x7fc00000 f21=0x80000000
      36605.000 ns	      3659	80000c24	088af0d3	fsub.s	f1,f21,f8	 f21:0x80000000  f8:0x4f00040b  f1=0xcf00040b
      36625.000 ns	      3661	80000c28	01573b33	sltu	x22,x14,x21	 x14:0x00000000 x21:0x5c000000 x22=0x00000001
      36655.000 ns	      3664	80000c2c	5800f553	fsqrt.s	f10,f1	  f1:0xcf00040b f10=0x7fc00000
      36685.000 ns	      3667	80000c30	02f08fb3	mul	x31,x1,x15	  x1:0x00000000 x15:0x80040fe4 x31=0x00000000
      36715.000 ns	      3670	80000c34	0336a833	mulhsu	x16,x13,x19	 x13:0x40800000 x19:0x8b241ab8 x16=0x230e98bb
      36745.000 ns	      3673	80000c38	c01a7453	fcvt.wu.s	x8,f20	 f20:0xff800000  x8=0x00000000
      36765.000 ns	      3675	80000c3c	eff56513	ori	x10,x10,-257	 x10:0x0e392990 x10=0xffffffff
      36775.000 ns	      3676	80000c40	01458a33	add	x20,x11,x20	 x11:0x00000000 x20:0x000000d4 x20=0x000000d4
      36785.000 ns	      3677	80000c44	0118d2b3	srl	x5,x17,x17	 x17:0x00000001 x17:0x00000001  x5=0x00000000
      36805.000 ns	      3679	80000c48	e00516d3	fclass.s	x13,f10	 f10:0x7fc00000 x13=0x00000200
      36835.000 ns	      3682	80000c4c	03e0d4b3	divu	x9,x1,x30	  x1:0x00000000 x30:0x00000000  x9=0xffffffff
      37205.000 ns	      3719	80000c50	02d660b3	rem	x1,x12,x13	 x12:0x00000003 x13:0x00000200  x1=0x00000003
      37225.000 ns	      3721	80000c54	9fdaa913	slti	x18,x21,-1539	 x21:0x5c000000 x18=0x00000000
      37235.000 ns	      3722	80000c58	002c1d13	slli	x26,x24,0x2	 x24:0xfffc0020 x26=0xfff00080
      37255.000 ns	      3724	80000c5c	a017a453	feq.s	x8,f15,f1	 f15:0x4e000000  f1:0xcf00040b  x8=0x00000000
      37275.000 ns	      3726	80000c60	01d23133	sltu	x2,x4,x29	  x4:0x00000001 x29:0x51094832  x2=0x00000001
      37295.000 ns	      3728	80000c64	a07d2653	feq.s	x12,f26,f7	 f26:0x000000d4  f7:0x80000000 x12=0x00000000
      37325.000 ns	      3731	80000c68	201192d3	fsgnjn.s	f5,f3,f1	  f3:0x00000008  f1:0xcf00040b  f5=0x00000008
      37365.000 ns	      3735	80000c6c	19f87f53	fdiv.s	f30,f16,f31	 f16:0x00000000 f31:0x7f7fffff f30=0x00000000
      37415.000 ns	      3740	80000c70	086dba53	fsub.s	f20,f27,f6	 f27:0x7fc00000  f6:0x9f94ee08 f20=0x7fc00000
      37435.000 ns	      3742	80000c74	00000013	addi	x0,x0,0	  x0:0x00000000
      37465.000 ns	      3745	80000c78	19cff353	fdiv.s	f6,f31,f28	 f31:0x7f7fffff f28:0x00000000  f6=0x7f800000
      37835.000 ns	      3782	80000c7c	02aad4b3	divu	x9,x21,x10	 x21:0x5c000000 x10:0xffffffff  x9=0x00000000
      37875.000 ns	      3786	80000c80	108cb053	fmul.s	f0,f25,f8	 f25:0x7fc00000  f8:0x4f00040b  f0=0x7fc00000
      38245.000 ns	      3823	80000c84	0350e633	rem	x12,x1,x21	  x1:0x00000003 x21:0x5c000000 x12=0x00000003
      38265.000 ns	      3825	80000c88	41250eb3	sub	x29,x10,x18	 x10:0xffffffff x18:0x00000000 x29=0xffffffff
      38285.000 ns	      3827	80000c8c	f0050ad3	fmv.w.x	f21,x10	 x10:0xffffffff f21=0xffffffff
      38335.000 ns	      3832	80000c90	098b9cd3	fsub.s	f25,f23,f24	 f23:0xfffffb2b f24:0x80000000 f25=0x7fc00000
      38705.000 ns	      3869	80000c94	03865c33	divu	x24,x12,x24	 x12:0x00000003 x24:0xfffc0020 x24=0x00000000
      38735.000 ns	      3872	80000c98	d01cac53	fcvt.s.wu	f24,x25	 x25:0x0e392982 f24=0x4d639299
      38765.000 ns	      3875	80000c9c	03ef95b3	mulh	x11,x31,x30	 x31:0x00000000 x30:0x00000000 x11=0x00000000
      38795.000 ns	      3878	80000ca0	21ad06d3	fsgnj.s	f13,f26,f26	 f26:0x000000d4 f26:0x000000d4 f13=0x000000d4
      38835.000 ns	      3882	80000ca4	1999a7d3	fdiv.s	f15,f19,f25	 f19:0xff7fffff f25:0x7fc00000 f15=0x7fc00000
      38865.000 ns	      3885	80000ca8	e00d0fd3	fmv.x.w	x31,f26	 f26:0x000000d4 x31=0x000000d4
      38885.000 ns	      3887	80000cac	01076ab3	or	x21,x14,x16	 x14:0x00000000 x16:0x230e98bb x21=0x230e98bb
      38895.000 ns	      3888	80000cb0	b8731d97	auipc	x27,0xb8731	 x27=0x38731cb0
      38905.000 ns	      3889	80000cb4	00000013	addi	x0,x0,0	  x0:0x00000000
      38925.000 ns	      3891	80000cb8	219405d3	fsgnj.s	f11,f8,f25	  f8:0x4f00040b f25:0x7fc00000 f11=0x4f00040b
      38955.000 ns	      3894	80000cbc	0235aab3	mulhsu	x21,x11,x3	 x11:0x00000000  x3:0x00000001 x21=0x00000000
      38975.000 ns	      3896	80000cc0	40cd5433	sra	x8,x26,x12	 x26:0xfff00080 x12:0x00000003  x8=0xfffe0010
      38985.000 ns	      3897	80000cc4	4c62e693	ori	x13,x5,1222	  x5:0x00000000 x13=0x000004c6
      39015.000 ns	      3900	80000cc8	108eb053	fmul.s	f0,f29,f8	 f29:0xc6350482  f8:0x4f00040b  f0=0xd5b50a39
      39035.000 ns	      3902	80000ccc	fd814b93	xori	x23,x2,-40	  x2:0x00000001 x23=0xffffffd9
      39365.000 ns	      3935	80000cd0	19d59353	fdiv.s	f6,f11,f29	 f11:0x4f00040b f29:0xc6350482  f6=0xc80e1f08
      39385.000 ns	      3937	80000cd4	506afd13	andi	x26,x21,1286	 x21:0x00000000 x26=0x00000000
      39405.000 ns	      3939	80000cd8	02566033	rem	x0,x12,x5	 x12:0x00000003  x5:0x00000000
      39425.000 ns	      3941	80000cdc	00a81233	sll	x4,x16,x10	 x16:0x230e98bb x10:0xffffffff  x4=0x80000000
      39445.000 ns	      3943	80000ce0	02dc24b3	mulhsu	x9,x24,x13	 x24:0x00000000 x13:0x000004c6  x9=0x00000000
      39475.000 ns	      3946	80000ce4	03a2bc33	mulhu	x24,x5,x26	  x5:0x00000000 x26:0x00000000 x24=0x00000000
      39505.000 ns	      3949	80000ce8	f00d82d3	fmv.w.x	f5,x27	 x27:0x38731cb0  f5=0x38731cb0
      39545.000 ns	      3953	80000cec	10e87cd3	fmul.s	f25,f16,f14	 f16:0x00000000 f14:0x00000008 f25=0x00000000
      39915.000 ns	      3990	80000cf0	0375c733	div	x14,x11,x23	 x11:0x00000000 x23:0xffffffd9 x14=0x00000000
      39945.000 ns	      3993	80000cf4	d01e7353	fcvt.s.wu	f6,x28	 x28:0x80040fe4  f6=0x4f00040f
      39965.000 ns	      3995	80000cf8	01960eb3	add	x29,x12,x25	 x12:0x00000003 x25:0x0e392982 x29=0x0e392985
      39985.000 ns	      3997	80000cfc	20fd8653	fsgnj.s	f12,f27,f15	 f27:0x7fc00000 f15:0x7fc00000 f12=0x7fc00000
      40355.000 ns	      4034	80000d00	03dcf4b3	remu	x9,x25,x29	 x25:0x0e392982 x29:0xffffffff  x9=0x0e392982
      40405.000 ns	      4039	80000d04	00eb7c53	fadd.s	f24,f22,f14	 f22:0x00000000 f14:0x00000008 f24=0x00000008
      40425.000 ns	      4041	80000d08	9bd00637	lui	x12,0x9bd00	 x12=0x9bd00000
      40785.000 ns	      4077	80000d0c	02654d33	div	x26,x10,x6	 x10:0xffffffff  x6:0x80041024 x26=0x00000000
      40805.000 ns	      4079	80000d10	012f34b3	sltu	x9,x30,x18	 x30:0x00000000 x18:0x00000000  x9=0x00000000
      40825.000 ns	      4081	80000d14	022018b3	mulh	x17,x0,x2	  x0:0x00000000  x2:0x00000001 x17=0x00000000
      40845.000 ns	      4083	80000d18	00480133	add	x2,x16,x4	 x16:0x230e98bb  x4:0x80000000  x2=0xa30e98bb
      40865.000 ns	      4085	80000d1c	209b1653	fsgnjn.s	f12,f22,f9	 f22:0x00000000  f9:0x7fc00000 f12=0x80000000
      40895.000 ns	      4088	80000d20	03aca833	mulhsu	x16,x25,x26	 x25:0x0e392982 x26:0x00000000 x16=0x00000000
      40925.000 ns	      4091	80000d24	0330a033	mulhsu	x0,x1,x19	  x1:0x00000003 x19:0x8b241ab8
      40965.000 ns	      4095	80000d28	1047f553	fmul.s	f10,f15,f4	 f15:0x7fc00000  f4:0x4d639299 f10=0x7fc00000
      40985.000 ns	      4097	80000d2c	7c43e813	ori	x16,x7,1988	  x7:0x8b2418b4 x16=0x8b241ff4
      40995.000 ns	      4098	80000d30	00000013	addi	x0,x0,0	  x0:0x00000000
      41005.000 ns	      4099	80000d34	017226b3	slt	x13,x4,x23	  x4:0x80000000 x23:0xffffffd9 x13=0x00000001
      41025.000 ns	      4101	80000d38	f00b04d3	fmv.w.x	f9,x22	 x22:0x00000001  f9=0x00000001
      41065.000 ns	      4105	80000d3c	580028d3	fsqrt.s	f17,f0	  f0:0xd5b50a39 f17=0x7fc00000
      41095.000 ns	      4108	80000d40	d00084d3	fcvt.s.w	f9,x1	  x1:0x00000003  f9=0x40400000
      41115.000 ns	      4110	80000d44	0155cf33	xor	x30,x11,x21	 x11:0x00000000 x21:0x00000000 x30=0x00000000
      41135.000 ns	      4112	80000d48	d0087c53	fcvt.s.w	f24,x16	 x16:0x8b241ff4 f24=0xcee9b7c0
      41165.000 ns	      4115	80000d4c	031cc9b3	div	x19,x25,x17	 x25:0x0e392982 x17:0x00000000 x19=0xffffffff
      41185.000 ns	      4117	80000d50	aea24f93	xori	x31,x4,-1302	  x4:0x80000000 x31=0x7ffffaea
      41195.000 ns	      4118	80000d54	fdcbf513	andi	x10,x23,-36	 x23:0xffffffd9 x10=0xffffffd8
      41215.000 ns	      4120	80000d58	d014ffd3	fcvt.s.wu	f31,x9	  x9:0x00000000 f31=0x00000000
      41235.000 ns	      4122	80000d5c	01e3df93	srli	x31,x7,0x1e	  x7:0x8b2418b4 x31=0x00000002
      41255.000 ns	      4124	80000d60	02269d33	mulh	x26,x13,x2	 x13:0x00000001  x2:0xa30e98bb x26=0xffffffff
      41625.000 ns	      4161	80000d64	03d86133	rem	x2,x16,x29	 x16:0x8b241ff4 x29:0x0e392985  x2=0xfced6c1c
      41655.000 ns	      4164	80000d68	037d1d33	mulh	x26,x26,x23	 x26:0xffffffff x23:0xffffffd9 x26=0x00000000
      41685.000 ns	      4167	80000d6c	212f80d3	fsgnj.s	f1,f31,f18	 f31:0x00000000 f18:0x7fc00000  f1=0x00000000
      41705.000 ns	      4169	80000d70	25525437	lui	x8,0x25525	  x8=0x25525000
      41725.000 ns	      4171	80000d74	292708d3	fmin.s	f17,f14,f18	 f14:0x00000008 f18:0x7fc00000 f17=0x00000008
      41745.000 ns	      4173	80000d78	6dd53013	sltiu	x0,x10,1757	 x10:0xffffffd8
      41785.000 ns	      4177	80000d7c	01c60053	fadd.s	f0,f12,f28	 f12:0x80000000 f28:0x00000000  f0=0x00000000
      41805.000 ns	      4179	80000d80	009a79b3	and	x19,x20,x9	 x20:0x000000d4  x9:0x00000000 x19=0x00000000
      41825.000 ns	      4181	80000d84	a0fe8053	fle.s	x0,f29,f15	 f29:0xc6350482 f15:0x7fc00000
      43005.000 ns	      4299	80000d88	5804f053	fsqrt.s	f0,f9	  f9:0x40400000  f0=0x3f87c3ac
      43025.000 ns	      4301	80000d8c	013f96b3	sll	x13,x31,x19	 x31:0x00000002 x19:0x00000000 x13=0x00000002
      43035.000 ns	      4302	80000d90	414a8d33	sub	x26,x21,x20	 x21:0x00000000 x20:0x000000d4 x26=0xffffff2c
      43055.000 ns	      4304	80000d94	286494d3	fmax.s	f9,f9,f6	  f9:0x40400000  f6:0x4f00040f  f9=0x4f00040f
      43085.000 ns	      4307	80000d98	a0bb8dd3	fle.s	x27,f23,f11	 f23:0xfffffb2b f11:0x4f00040b x27=0x00000000
      43455.000 ns	      4344	80000d9c	030af0b3	remu	x1,x21,x16	 x21:0x00000000 x16:0x8b241ff4  x1=0x00000000
      43505.000 ns	      4349	80000da0	08609f53	fsub.s	f30,f1,f6	  f1:0x00000000  f6:0x4f00040f f30=0xcf00040f
      43535.000 ns	      4352	80000da4	20698ed3	fsgnj.s	f29,f19,f6	 f19:0xff7fffff  f6:0x4f00040f f29=0x7f7fffff
      43565.000 ns	      4355	80000da8	28899ad3	fmax.s	f21,f19,f8	 f19:0xff7fffff  f8:0x4f00040b f21=0x4f00040b
      43585.000 ns	      4357	80000dac	d886c393	xori	x7,x13,-632	 x13:0x00000002  x7=0xfffffd8a
      43605.000 ns	      4359	80000db0	a1231dd3	flt.s	x27,f6,f18	  f6:0x4f00040f f18:0x7fc00000 x27=0x00000000
      43625.000 ns	      4361	80000db4	33823eb7	lui	x29,0x33823	 x29=0x33823000
      43635.000 ns	      4362	80000db8	012f7ab3	and	x21,x30,x18	 x30:0x00000000 x18:0x00000000 x21=0x00000000
      43645.000 ns	      4363	80000dbc	25f1e093	ori	x1,x3,607	  x3:0x00000001  x1=0x0000025f
      43665.000 ns	      4365	80000dc0	035f5533	divu	x10,x30,x21	 x30:0x00000000 x21:0x00000000 x10=0xffffffff
      43685.000 ns	      4367	80000dc4	012e1eb3	sll	x29,x28,x18	 x28:0x80040fe4 x18:0x00000000 x29=0x80040fe4
      43705.000 ns	      4369	80000dc8	29051b53	fmax.s	f22,f10,f16	 f10:0x7fc00000 f16:0x00000000 f22=0x00000000
      43735.000 ns	      4372	80000dcc	e00616d3	fclass.s	x13,f12	 f12:0x80000000 x13=0x00000008
      43775.000 ns	      4376	80000dd0	11b42153	fmul.s	f2,f8,f27	  f8:0x4f00040b f27:0x7fc00000  f2=0x7fc00000
      43805.000 ns	      4379	80000dd4	2025a953	fsgnjx.s	f18,f11,f2	 f11:0x4f00040b  f2:0x7fc00000 f18=0x4f00040b
      43835.000 ns	      4382	80000dd8	293f8bd3	fmin.s	f23,f31,f19	 f31:0x00000000 f19:0xff7fffff f23=0xff7fffff
      43855.000 ns	      4384	80000ddc	bcc3a013	slti	x0,x7,-1076	  x7:0xfffffd8a
      43875.000 ns	      4386	80000de0	21541853	fsgnjn.s	f16,f8,f21	  f8:0x4f00040b f21:0x4f00040b f16=0xcf00040b
      43905.000 ns	      4389	80000de4	d0197553	fcvt.s.wu	f10,x18	 x18:0x00000000 f10=0x00000000
      43925.000 ns	      4391	80000de8	404c5eb3	sra	x29,x24,x4	 x24:0x00000000  x4:0x80000000 x29=0x00000000
      43945.000 ns	      4393	80000dec	c00a9853	fcvt.w.s	x16,f21	 f21:0x4f00040b x16=0x7fffffff
      43965.000 ns	      4395	80000df0	c2ccb713	sltiu	x14,x25,-980	 x25:0x0e392982 x14=0x00000001
      43975.000 ns	      4396	80000df4	0117db13	srli	x22,x15,0x11	 x15:0x80040fe4 x22=0x00004002
      43995.000 ns	      4398	80000df8	a1688fd3	fle.s	x31,f17,f22	 f17:0x00000008 f22:0x00000000 x31=0x00000000
      44015.000 ns	      4400	80000dfc	a6cec513	xori	x10,x29,-1428	 x29:0x00000000 x10=0xfffffa6c
      44035.000 ns	      4402	80000e00	20882553	fsgnjx.s	f10,f16,f8	 f16:0xcf00040b  f8:0x4f00040b f10=0xcf00040b
      44055.000 ns	      4404	80000e04	41d986b3	sub	x13,x19,x29	 x19:0x00000000 x29:0x00000000 x13=0x00000000
      44075.000 ns	      4406	80000e08	d00df153	fcvt.s.w	f2,x27	 x27:0x00000000  f2=0x00000000
      44095.000 ns	      4408	80000e0c	00000013	addi	x0,x0,0	  x0:0x00000000
      44455.000 ns	      4444	80000e10	03677fb3	remu	x31,x14,x22	 x14:0x00000001 x22:0x00004002 x31=0x00000001
      44825.000 ns	      4481	80000e14	03a344b3	div	x9,x6,x26	  x6:0x80041024 x26:0xffffff2c  x9=0x009a8bff
      44845.000 ns	      4483	80000e18	00000013	addi	x0,x0,0	  x0:0x00000000
      44865.000 ns	      4485	80000e1c	290b8153	fmin.s	f2,f23,f16	 f23:0xff7fffff f16:0xcf00040b  f2=0xff7fffff
      45235.000 ns	      4522	80000e20	0280c433	div	x8,x1,x8	  x1:0x0000025f  x8:0x25525000  x8=0x00000000
      45255.000 ns	      4524	80000e24	008626b3	slt	x13,x12,x8	 x12:0x9bd00000  x8:0x25525000 x13=0x00000001
      45265.000 ns	      4525	80000e28	582ec293	xori	x5,x29,1410	 x29:0x00000000  x5=0x00000582
      45285.000 ns	      4527	80000e2c	03ef23b3	mulhsu	x7,x30,x30	 x30:0x00000000 x30:0x00000000  x7=0x00000000
      45305.000 ns	      4529	80000e30	5692b393	sltiu	x7,x5,1385	  x5:0x00000000  x7=0x00000000
      45315.000 ns	      4530	80000e34	01871e13	slli	x28,x14,0x18	 x14:0x00000001 x28=0x01000000
      45335.000 ns	      4532	80000e38	28c19953	fmax.s	f18,f3,f12	  f3:0x00000008 f12:0x80000000 f18=0x00000008
      45355.000 ns	      4534	80000e3c	bb977413	andi	x8,x14,-1095	 x14:0x00000001  x8=0x00000001
      45385.000 ns	      4537	80000e40	10117e53	fmul.s	f28,f2,f1	  f2:0xff7fffff  f1:0x00000000 f28=0x80000000
      45415.000 ns	      4540	80000e44	d0197ed3	fcvt.s.wu	f29,x18	 x18:0x00000000 f29=0x00000000
      45445.000 ns	      4543	80000e48	c01f78d3	fcvt.wu.s	x17,f30	 f30:0xcf00040f x17=0x80040f00
      45475.000 ns	      4546	80000e4c	02be33b3	mulhu	x7,x28,x11	 x28:0x01000000 x11:0x00000000  x7=0x00000000
      45495.000 ns	      4548	80000e50	40c459b3	sra	x19,x8,x12	  x8:0x00000001 x12:0x9bd00000 x19=0x00000001
      45505.000 ns	      4549	80000e54	0004ddb3	srl	x27,x9,x0	  x9:0x009a8bff  x0:0x00000000 x27=0x009a8bff
      45525.000 ns	      4551	80000e58	a0d79053	flt.s	x0,f15,f13	 f15:0x7fc00000 f13:0x000000d4
      45555.000 ns	      4554	80000e5c	20761853	fsgnjn.s	f16,f12,f7	 f12:0x80000000  f7:0x80000000 f16=0x00000000
      45575.000 ns	      4556	80000e60	01ea1ab3	sll	x21,x20,x30	 x20:0x000000d4 x30:0x00000000 x21=0x000000d4
      45595.000 ns	      4558	80000e64	f00109d3	fmv.w.x	f19,x2	  x2:0xfced6c1c f19=0xfced6c1c
      45615.000 ns	      4560	80000e68	007cf5b3	and	x11,x25,x7	 x25:0x0e392982  x7:0x00000000 x11=0x00000000
      45635.000 ns	      4562	80000e6c	d0128353	fcvt.s.wu	f6,x5	  x5:0x00000582  f6=0x44b04000
      45655.000 ns	      4564	80000e70	41d70e33	sub	x28,x14,x29	 x14:0x00000001 x29:0x00000000 x28=0x00000001
      45665.000 ns	      4565	80000e74	ca34e737	lui	x14,0xca34e	 x14=0xca34e000
      45675.000 ns	      4566	80000e78	3617b693	sltiu	x13,x15,865	 x15:0x80040fe4 x13=0x00000000
      45685.000 ns	      4567	80000e7c	01583033	sltu	x0,x16,x21	 x16:0x7fffffff x21:0x000000d4
      45695.000 ns	      4568	80000e80	013ed713	srli	x14,x29,0x13	 x29:0x00000000 x14=0x00000000
      45715.000 ns	      4570	80000e84	c0102dd3	fcvt.wu.s	x27,f0	  f0:0x3f87c3ac x27=0x00000002
      45745.000 ns	      4573	80000e88	e0011ed3	fclass.s	x29,f2	  f2:0xff7fffff x29=0x00000002
      45775.000 ns	      4576	80000e8c	a0b81653	flt.s	x12,f16,f11	 f16:0x00000000 f11:0x4f00040b x12=0x00000001
      45795.000 ns	      4578	80000e90	0164ac33	slt	x24,x9,x22	  x9:0x009a8bff x22:0x00004002 x24=0x00000000
      45815.000 ns	      4580	80000e94	a06e22d3	feq.s	x5,f28,f6	 f28:0x80000000  f6:0x44b04000  x5=0x00000000
      45835.000 ns	      4582	80000e98	01b306b3	add	x13,x6,x27	  x6:0x80041024 x27:0x00000002 x13=0x80041026
      45845.000 ns	      4583	80000e9c	dadb2013	slti	x0,x22,-595	 x22:0x00004002
      45855.000 ns	      4584	80000ea0	011c4133	xor	x2,x24,x17	 x24:0x00000000 x17:0x80040f00  x2=0x80040f00
      45865.000 ns	      4585	80000ea4	40a65133	sra	x2,x12,x10	 x12:0x00000001 x10:0xfffffa6c  x2=0x00000000
      45875.000 ns	      4586	80000ea8	00295113	srli	x2,x18,0x2	 x18:0x00000000  x2=0x00000000
      46235.000 ns	      4622	80000eac	03f3f2b3	remu	x5,x7,x31	  x7:0x00000000 x31:0x00000001  x5=0x00000000
      46255.000 ns	      4624	80000eb0	015c8133	add	x2,x25,x21	 x25:0x0e392982 x21:0x000000d4  x2=0x0e392a56
      46265.000 ns	      4625	80000eb4	00651fb3	sll	x31,x10,x6	 x10:0xfffffa6c  x6:0x80041024 x31=0xffffa6c0
      46595.000 ns	      4658	80000eb8	1828f053	fdiv.s	f0,f17,f2	 f17:0x00000008  f2:0xff7fffff  f0=0x80000000
      46615.000 ns	      4660	80000ebc	0178b033	sltu	x0,x17,x23	 x17:0x80040f00 x23:0xffffffd9
      46655.000 ns	      4664	80000ec0	010dc153	fadd.s	f2,f27,f16	 f27:0x7fc00000 f16:0x00000000  f2=0x7fc00000
      46695.000 ns	      4668	80000ec4	198dafd3	fdiv.s	f31,f27,f24	 f27:0x7fc00000 f24:0xcee9b7c0 f31=0x7fc00000
      46725.000 ns	      4671	80000ec8	c0037d53	fcvt.w.s	x26,f6	  f6:0x44b04000 x26=0x00000582
      46755.000 ns	      4674	80000ecc	d009f7d3	fcvt.s.w	f15,x19	 x19:0x00000001 f15=0x3f800000
      46775.000 ns	      4676	80000ed0	018b13b3	sll	x7,x22,x24	 x22:0x00004002 x24:0x00000000  x7=0x00004002
      46785.000 ns	      4677	80000ed4	40705e33	sra	x28,x0,x7	  x0:0x00000000  x7:0x00000000 x28=0x00000000
      46805.000 ns	      4679	80000ed8	d002cfd3	fcvt.s.w	f31,x5	  x5:0x00000000 f31=0x00000000
      46825.000 ns	      4681	80000edc	41ec5813	srai	x16,x24,0x1e	 x24:0x00000000 x16=0x00000000
      46835.000 ns	      4682	80000ee0	e8f77617	auipc	x12,0xe8f77	 x12=0x68f77ee0
      46845.000 ns	      4683	80000ee4	01399033	sll	x0,x19,x19	 x19:0x00000001 x19:0x00000001
      46865.000 ns	      4685	80000ee8	f0098cd3	fmv.w.x	f25,x19	 x19:0x00000001 f25=0x00000001
      46915.000 ns	      4690	80000eec	08e50ed3	fsub.s	f29,f10,f14	 f10:0xcf00040b f14:0x00000008 f29=0xcf00040b
      46935.000 ns	      4692	80000ef0	c324f813	andi	x16,x9,-974	  x9:0x009a8bff x16=0x009a8832
      46945.000 ns	      4693	80000ef4	01878033	add	x0,x15,x24	 x15:0x80040fe4 x24:0x00000000
      46975.000 ns	      4696	80000ef8	188e2fd3	fdiv.s	f31,f28,f8	 f28:0x80000000  f8:0x4f00040b f31=0x80000000
      47315.000 ns	      4730	80000efc	197c74d3	fdiv.s	f9,f24,f23	 f24:0xcee9b7c0 f23:0xff7fffff  f9=0x7f800000
      47335.000 ns	      4732	80000f00	30c08f37	lui	x30,0x30c08	 x30=0x30c08000
      47345.000 ns	      4733	80000f04	007899b3	sll	x19,x17,x7	 x17:0x80040f00  x7:0x00004002 x19=0x00103c00
      47355.000 ns	      4734	80000f08	1c2e6197	auipc	x3,0x1c2e6	  x3=0x9c2e6f08
      47375.000 ns	      4736	80000f0c	283c9053	fmax.s	f0,f25,f3	 f25:0x00000001  f3:0x00000008  f0=0x00000008
      47405.000 ns	      4739	80000f10	03681d33	mulh	x26,x16,x22	 x16:0x009a8832 x22:0x00004002 x26=0x00000026
      47425.000 ns	      4741	80000f14	1f3d3a97	auipc	x21,0x1f3d3	 x21=0x9f3d3f14
      47435.000 ns	      4742	80000f18	b3fc3d13	sltiu	x26,x24,-1217	 x24:0x00000000 x26=0x00000001
      47795.000 ns	      4778	80000f1c	023b4933	div	x18,x22,x3	 x22:0x00004002  x3:0x9c2e6f08 x18=0x00000000
      47825.000 ns	      4781	80000f20	02e77db3	remu	x27,x14,x14	 x14:0x00000000 x14:0x00000000 x27=0x00000000
      47845.000 ns	      4783	80000f24	01d303b3	add	x7,x6,x29	  x6:0x80041024 x29:0x00000002  x7=0x80041026
      47855.000 ns	      4784	80000f28	c4cac693	xori	x13,x21,-948	 x21:0x9f3d3f14 x13=0x60c2c358
      47885.000 ns	      4787	80000f2c	10ce71d3	fmul.s	f3,f28,f12	 f28:0x80000000 f12:0x80000000  f3=0x00000000
      47915.000 ns	      4790	80000f30	f0098153	fmv.w.x	f2,x19	 x19:0x00103c00  f2=0x00103c00
      47935.000 ns	      4792	80000f34	00e495b3	sll	x11,x9,x14	  x9:0x009a8bff x14:0x00000000 x11=0x009a8bff
      47945.000 ns	      4793	80000f38	01e8f0b3	and	x1,x17,x30	 x17:0x80040f00 x30:0x30c08000  x1=0x00000000
      47955.000 ns	      4794	80000f3c	766a4a13	xori	x20,x20,1894	 x20:0x000000d4 x20=0x000007b2
      47965.000 ns	      4795	80000f40	00000013	addi	x0,x0,0	  x0:0x00000000
      47975.000 ns	      4796	80000f44	01182933	slt	x18,x16,x17	 x16:0x009a8832 x17:0x80040f00 x18=0x00000000
      47985.000 ns	      4797	80000f48	0176ffb3	and	x31,x13,x23	 x13:0x60c2c358 x23:0xffffffd9 x31=0x60c2c358
      48005.000 ns	      4799	80000f4c	e00696d3	fclass.s	x13,f13	 f13:0x000000d4 x13=0x00000020
      48025.000 ns	      4801	80000f50	00000013	addi	x0,x0,0	  x0:0x00000000
      48385.000 ns	      4837	80000f54	0288f233	remu	x4,x17,x8	 x17:0x80040f00  x8:0x00000001  x4=0x00000000
      48405.000 ns	      4839	80000f58	019b2833	slt	x16,x22,x25	 x22:0x00004002 x25:0x0e392982 x16=0x00000001
      48425.000 ns	      4841	80000f5c	023a8633	mul	x12,x21,x3	 x21:0x9f3d3f14  x3:0x9c2e6f08 x12=0x0ddba4a0
      48445.000 ns	      4843	80000f60	00000013	addi	x0,x0,0	  x0:0x00000000
      48455.000 ns	      4844	80000f64	01c21d93	slli	x27,x4,0x1c	  x4:0x00000000 x27=0x00000000
      48475.000 ns	      4846	80000f68	a16615d3	flt.s	x11,f12,f22	 f12:0x80000000 f22:0x00000000 x11=0x00000000
      48495.000 ns	      4848	80000f6c	00c85533	srl	x10,x16,x12	 x16:0x00000001 x12:0x0ddba4a0 x10=0x00000001
      48855.000 ns	      4884	80000f70	0357e633	rem	x12,x15,x21	 x15:0x80040fe4 x21:0x9f3d3f14 x12=0xe0c6d0d0
      48875.000 ns	      4886	80000f74	002b45b3	xor	x11,x22,x2	 x22:0x00004002  x2:0x0e392a56 x11=0x0e396a54
      49235.000 ns	      4922	80000f78	03476133	rem	x2,x14,x20	 x14:0x00000000 x20:0x000007b2  x2=0x00000000
      49255.000 ns	      4924	80000f7c	407a04b3	sub	x9,x20,x7	 x20:0x000007b2  x7:0x80041026  x9=0x7ffbf78c
      49615.000 ns	      4960	80000f80	031ffd33	remu	x26,x31,x17	 x31:0x60c2c358 x17:0x80040f00 x26=0x60c2c358
      49645.000 ns	      4963	80000f84	03408eb3	mul	x29,x1,x20	  x1:0x00000000 x20:0x000007b2 x29=0x00000000
      49675.000 ns	      4966	80000f88	03563133	mulhu	x2,x12,x21	 x12:0xe0c6d0d0 x21:0x9f3d3f14  x2=0x8bd14273
      49705.000 ns	      4969	80000f8c	d01f8753	fcvt.s.wu	f14,x31	 x31:0x60c2c358 f14=0x4ec18587
      49725.000 ns	      4971	80000f90	00469233	sll	x4,x13,x4	 x13:0x00000020  x4:0x00000000  x4=0x00000020
      49745.000 ns	      4973	80000f94	200f9ad3	fsgnjn.s	f21,f31,f0	 f31:0x80000000  f0:0x00000008 f21=0x80000000
      49785.000 ns	      4977	80000f98	1118ff53	fmul.s	f30,f17,f17	 f17:0x00000008 f17:0x00000008 f30=0x00000000
      50155.000 ns	      5014	80000f9c	031feb33	rem	x22,x31,x17	 x31:0x60c2c358 x17:0x80040f00 x22=0x60c2c358
      50185.000 ns	      5017	80000fa0	d00dca53	fcvt.s.w	f20,x27	 x27:0x00000000 f20=0x00000000
      50205.000 ns	      5019	80000fa4	016421b3	slt	x3,x8,x22	  x8:0x00000001 x22:0x60c2c358  x3=0x00000001
      50215.000 ns	      5020	80000fa8	e029cb13	xori	x22,x19,-510	 x19:0x00103c00 x22=0xffefc202
      50225.000 ns	      5021	80000fac	f0128513	addi	x10,x5,-255	  x5:0x00000000 x10=0xffffff01
      50235.000 ns	      5022	80000fb0	dd3f2f93	slti	x31,x30,-557	 x30:0x30c08000 x31=0x00000000
      50595.000 ns	      5058	80000fb4	027c7c33	remu	x24,x24,x7	 x24:0x00000000  x7:0x80041026 x24=0x00000000
      50615.000 ns	      5060	80000fb8	00c333b3	sltu	x7,x6,x12	  x6:0x80041024 x12:0xe0c6d0d0  x7=0x00000001
      50635.000 ns	      5062	80000fbc	03f75c33	divu	x24,x14,x31	 x14:0x00000000 x31:0x00000000 x24=0xffffffff
      50675.000 ns	      5066	80000fc0	192b70d3	fdiv.s	f1,f22,f18	 f22:0x00000000 f18:0x00000008  f1=0x00000000
      50695.000 ns	      5068	80000fc4	41cedfb3	sra	x31,x29,x28	 x29:0x00000000 x28:0x00000000 x31=0x00000000
      50705.000 ns	      5069	80000fc8	005c1fb3	sll	x31,x24,x5	 x24:0xffffffff  x5:0x00000000 x31=0xffffffff
      50725.000 ns	      5071	80000fcc	e00d9d53	fclass.s	x26,f27	 f27:0x7fc00000 x26=0x00000200
      50755.000 ns	      5074	80000fd0	d01c7b53	fcvt.s.wu	f22,x24	 x24:0xffffffff f22=0x4f7fffff
      50785.000 ns	      5077	80000fd4	c01583d3	fcvt.wu.s	x7,f11	 f11:0x4f00040b  x7=0x80040b00
      50815.000 ns	      5080	80000fd8	02e20133	mul	x2,x4,x14	  x4:0x00000020 x14:0x00000000  x2=0x00000000
      50835.000 ns	      5082	80000fdc	575ca993	slti	x19,x25,1397	 x25:0x0e392982 x19=0x00000000
      50845.000 ns	      5083	80000fe0	008509b3	add	x19,x10,x8	 x10:0xffffff01  x8:0x00000001 x19=0xffffff02
      50855.000 ns	      5084	80000fe4	8c70b993	sltiu	x19,x1,-1849	  x1:0x00000000 x19=0x00000001
      50875.000 ns	      5086	80000fe8	c014ff53	fcvt.wu.s	x30,f9	  f9:0x7f800000 x30=0xffffffff
      51215.000 ns	      5120	80000fec	199204d3	fdiv.s	f9,f4,f25	  f4:0x4d639299 f25:0x00000001  f9=0x7f800000
      51265.000 ns	      5125	80000ff0	0893f6d3	fsub.s	f13,f7,f9	  f7:0x80000000  f9:0x7f800000 f13=0xff800000
      51285.000 ns	      5127	80000ff4	017cdb33	srl	x22,x25,x23	 x25:0x0e392982 x23:0xffffffd9 x22=0x00000007
      51295.000 ns	      5128	80000ff8	2b6f0397	auipc	x7,0x2b6f0	  x7=0xab6f0ff8
      51305.000 ns	      5129	80000ffc	00274633	xor	x12,x14,x2	 x14:0x00000000  x2:0x00000000 x12=0x00000000
      51665.000 ns	      5165	80001000	02f3d833	divu	x16,x7,x15	  x7:0x80040b00 x15:0x80040fe4 x16=0x00000001
      51685.000 ns	      5167	80001004	f4671237	lui	x4,0xf4671	  x4=0xf4671000
      51695.000 ns	      5168	80001008	4f4eb893	sltiu	x17,x29,1268	 x29:0x00000000 x17=0x00000001
      51715.000 ns	      5170	8000100c	a11d8253	fle.s	x4,f27,f17	 f27:0x7fc00000 f17:0x00000008  x4=0x00000000
      51745.000 ns	      5173	80001010	29de1553	fmax.s	f10,f28,f29	 f28:0x80000000 f29:0xcf00040b f10=0x80000000
      51765.000 ns	      5175	80001014	57650113	addi	x2,x10,1398	 x10:0xffffff01  x2=0x00000477
      51775.000 ns	      5176	80001018	cb550197	auipc	x3,0xcb550	  x3=0x4b551018
      51795.000 ns	      5178	8000101c	a1a21b53	flt.s	x22,f4,f26	  f4:0x4d639299 f26:0x000000d4 x22=0x00000000
      51835.000 ns	      5182	80001020	580872d3	fsqrt.s	f5,f16	 f16:0x00000000  f5=0x00000000
      51865.000 ns	      5185	80001024	d00f7253	fcvt.s.w	f4,x30	 x30:0xffffffff  f4=0xbf800000
      51885.000 ns	      5187	80001028	4185deb3	sra	x29,x11,x24	 x11:0x0e396a54 x24:0xffffffff x29=0x00000000
      51905.000 ns	      5189	8000102c	f0038c53	fmv.w.x	f24,x7	  x7:0xab6f0ff8 f24=0xab6f0ff8
      51935.000 ns	      5192	80001030	023022b3	mulhsu	x5,x0,x3	  x0:0x00000000  x3:0x4b551018  x5=0x00000000
      51955.000 ns	      5194	80001034	41f60933	sub	x18,x12,x31	 x12:0x00000000 x31:0xffffffff x18=0x00000001
      51965.000 ns	      5195	80001038	00000013	addi	x0,x0,0	  x0:0x00000000
      51975.000 ns	      5196	8000103c	c9f7e413	ori	x8,x15,-865	 x15:0x80040fe4  x8=0xffffffff
      51995.000 ns	      5198	80001040	d01094d3	fcvt.s.wu	f9,x1	  x1:0x00000000  f9=0x00000000
      52035.000 ns	      5202	80001044	10a33fd3	fmul.s	f31,f6,f10	  f6:0x44b04000 f10:0x80000000 f31=0x80000000
      52055.000 ns	      5204	80001048	40915633	sra	x12,x2,x9	  x2:0x00000477  x9:0x7ffbf78c x12=0x00000000
      52065.000 ns	      5205	8000104c	50e10693	addi	x13,x2,1294	  x2:0x00000477 x13=0x00000985
      52085.000 ns	      5207	80001050	f0088a53	fmv.w.x	f20,x17	 x17:0x00000001 f20=0x00000001
      52115.000 ns	      5210	80001054	21020753	fsgnj.s	f14,f4,f16	  f4:0xbf800000 f16:0x00000000 f14=0x3f800000
      52145.000 ns	      5213	80001058	21c5a053	fsgnjx.s	f0,f11,f28	 f11:0x4f00040b f28:0x80000000  f0=0xcf00040b
      52165.000 ns	      5215	8000105c	2790ab13	slti	x22,x1,633	  x1:0x00000000 x22=0x00000001
      52175.000 ns	      5216	80001060	38da3513	sltiu	x10,x20,909	 x20:0x000007b2 x10=0x00000000
      52195.000 ns	      5218	80001064	03ffa433	mulhsu	x8,x31,x31	 x31:0xffffffff x31:0xffffffff  x8=0xffffffff
      52225.000 ns	      5221	80001068	03c6c1b3	div	x3,x13,x28	 x13:0x00000985 x28:0x00000000  x3=0xffffffff
      52255.000 ns	      5224	8000106c	28741bd3	fmax.s	f23,f8,f7	  f8:0x4f00040b  f7:0x80000000 f23=0x4f00040b
      52305.000 ns	      5229	80001070	099da8d3	fsub.s	f17,f27,f25	 f27:0x7fc00000 f25:0x00000001 f17=0x7fc00000
      52335.000 ns	      5232	80001074	a12712d3	flt.s	x5,f14,f18	 f14:0x3f800000 f18:0x00000008  x5=0x00000000
      52355.000 ns	      5234	80001078	0106c1b3	xor	x3,x13,x16	 x13:0x00000985 x16:0x00000001  x3=0x00000984
      52375.000 ns	      5236	8000107c	29bd0fd3	fmin.s	f31,f26,f27	 f26:0x000000d4 f27:0x7fc00000 f31=0x000000d4
      52745.000 ns	      5273	80001080	026276b3	remu	x13,x4,x6	  x4:0x00000000  x6:0x80041024 x13=0x00000000
      52775.000 ns	      5276	80001084	024c2db3	mulhsu	x27,x24,x4	 x24:0xffffffff  x4:0x00000000 x27=0x00000000
      52795.000 ns	      5278	80001088	00848d33	add	x26,x9,x8	  x9:0x7ffbf78c  x8:0xffffffff x26=0x7ffbf78b
      52805.000 ns	      5279	8000108c	83442897	auipc	x17,0x83442	 x17=0x0344308c
      53165.000 ns	      5315	80001090	02bcddb3	divu	x27,x25,x11	 x25:0x0e392982 x11:0x0e396a54 x27=0x00000000
      53195.000 ns	      5318	80001094	a10badd3	feq.s	x27,f23,f16	 f23:0x4f00040b f16:0x00000000 x27=0x00000000
      53225.000 ns	      5321	80001098	d00f7653	fcvt.s.w	f12,x30	 x30:0xffffffff f12=0xbf800000
      53245.000 ns	      5323	8000109c	856d3593	sltiu	x11,x26,-1962	 x26:0x7ffbf78b x11=0x00000001
      53255.000 ns	      5324	800010a0	0179e8b3	or	x17,x19,x23	 x19:0x00000001 x23:0xffffffd9 x17=0xffffffd9
      53265.000 ns	      5325	800010a4	a726d1b7	lui	x3,0xa726d	  x3=0xa726d000
      53285.000 ns	      5327	800010a8	03dd23b3	mulhsu	x7,x26,x29	 x26:0x7ffbf78b x29:0x00000000  x7=0x00000000
      53655.000 ns	      5364	800010ac	02facab3	div	x21,x21,x15	 x21:0x9f3d3f14 x15:0x80040fe4 x21=0x00000000
      53685.000 ns	      5367	800010b0	027f5633	divu	x12,x30,x7	 x30:0xffffffff  x7:0x00000000 x12=0xffffffff
      54025.000 ns	      5401	800010b4	19a33253	fdiv.s	f4,f6,f26	  f6:0x44b04000 f26:0x000000d4  f4=0x7f800000
      54045.000 ns	      5403	800010b8	007a5f93	srli	x31,x20,0x7	 x20:0x000007b2 x31=0x0000000f
      54065.000 ns	      5405	800010bc	21c72a53	fsgnjx.s	f20,f14,f28	 f14:0x3f800000 f28:0x80000000 f20=0xbf800000
      54085.000 ns	      5407	800010c0	5e5a3d13	sltiu	x26,x20,1509	 x20:0x000007b2 x26=0x00000000
      54105.000 ns	      5409	800010c4	035d50b3	divu	x1,x26,x21	 x26:0x7ffbf78b x21:0x00000000  x1=0xffffffff
      54125.000 ns	      5411	800010c8	400058b3	sra	x17,x0,x0	  x0:0x00000000  x0:0x00000000 x17=0x00000000
      54145.000 ns	      5413	800010cc	026994b3	mulh	x9,x19,x6	 x19:0x00000001  x6:0x80041024  x9=0xffffffff
      54175.000 ns	      5416	800010d0	03b6c1b3	div	x3,x13,x27	 x13:0x00000000 x27:0x00000000  x3=0xffffffff
      54205.000 ns	      5419	800010d4	c0037ad3	fcvt.w.s	x21,f6	  f6:0x44b04000 x21=0x00000582
      54225.000 ns	      5421	800010d8	ad47af93	slti	x31,x15,-1324	 x15:0x80040fe4 x31=0x00000001
      54245.000 ns	      5423	800010dc	218d1253	fsgnjn.s	f4,f26,f24	 f26:0x000000d4 f24:0xab6f0ff8  f4=0x000000d4
      54275.000 ns	      5426	800010e0	d006bb53	fcvt.s.w	f22,x13	 x13:0x00000000 f22=0x00000000
      54295.000 ns	      5428	800010e4	07d00293	addi	x5,x0,125	  x0:0x00000000  x5=0x0000007d
      54305.000 ns	      5429	800010e8	01b64233	xor	x4,x12,x27	 x12:0xffffffff x27:0x00000000  x4=0xffffffff
      54325.000 ns	      5431	800010ec	29598453	fmin.s	f8,f19,f21	 f19:0xfced6c1c f21:0x80000000  f8=0xfced6c1c
      54345.000 ns	      5433	800010f0	00000013	addi	x0,x0,0	  x0:0x00000000
      54355.000 ns	      5434	800010f4	019c1fb3	sll	x31,x24,x25	 x24:0xffffffff x25:0x0e392982 x31=0xfffffffc
      54395.000 ns	      5438	800010f8	085bf253	fsub.s	f4,f23,f5	 f23:0x4f00040b  f5:0x00000000  f4=0x4f00040b
      54415.000 ns	      5440	800010fc	0063dd93	srli	x27,x7,0x6	  x7:0x00000000 x27=0x00000000
      54425.000 ns	      5441	80001100	419b5013	srai	x0,x22,0x19	 x22:0x00000001
      54435.000 ns	      5442	80001104	28dc6393	ori	x7,x24,653	 x24:0xffffffff  x7=0xffffffff
      54795.000 ns	      5478	80001108	02515bb3	divu	x23,x2,x5	  x2:0x00000477  x5:0x0000007d x23=0x00000009
      54825.000 ns	      5481	8000110c	03d06c33	rem	x24,x0,x29	  x0:0x00000000 x29:0x00000000 x24=0x00000000
      54855.000 ns	      5484	80001110	d00170d3	fcvt.s.w	f1,x2	  x2:0x00000477  f1=0x448ee000
      55225.000 ns	      5521	80001114	0227d3b3	divu	x7,x15,x2	 x15:0x80040fe4  x2:0x00000477  x7=0x001cac06
      55245.000 ns	      5523	80001118	00000013	addi	x0,x0,0	  x0:0x00000000
      55265.000 ns	      5525	8000111c	215a2253	fsgnjx.s	f4,f20,f21	 f20:0xbf800000 f21:0x80000000  f4=0x3f800000
      55285.000 ns	      5527	80001120	89d70593	addi	x11,x14,-1891	 x14:0x00000000 x11=0xfffff89d
      55305.000 ns	      5529	80001124	d00c7053	fcvt.s.w	f0,x24	 x24:0x00000000  f0=0x00000000
      55355.000 ns	      5534	80001128	005a1c53	fadd.s	f24,f20,f5	 f20:0xbf800000  f5:0x00000000 f24=0xbf800000
      55725.000 ns	      5571	8000112c	0266c233	div	x4,x13,x6	 x13:0x00000000  x6:0x80041024  x4=0x00000000
      55755.000 ns	      5574	80001130	03cf3033	mulhu	x0,x30,x28	 x30:0xffffffff x28:0x00000000
      55785.000 ns	      5577	80001134	201a27d3	fsgnjx.s	f15,f20,f1	 f20:0xbf800000  f1:0x448ee000 f15=0xbf800000
      55815.000 ns	      5580	80001138	f0018353	fmv.w.x	f6,x3	  x3:0xffffffff  f6=0xffffffff
      55845.000 ns	      5583	8000113c	02a243b3	div	x7,x4,x10	  x4:0x00000000 x10:0x00000000  x7=0xffffffff
      55865.000 ns	      5585	80001140	3f886213	ori	x4,x16,1016	 x16:0x00000001  x4=0x000003f9
      55875.000 ns	      5586	80001144	9a4ae813	ori	x16,x21,-1628	 x21:0x00000582 x16=0xfffffda6
      55885.000 ns	      5587	80001148	012cc5b3	xor	x11,x25,x18	 x25:0x0e392982 x18:0x00000001 x11=0x0e392983
      55895.000 ns	      5588	8000114c	ccb22997	auipc	x19,0xccb22	 x19=0x4cb2314c
      55905.000 ns	      5589	80001150	a970be17	auipc	x28,0xa970b	 x28=0x2970c150
      55925.000 ns	      5591	80001154	a196a1d3	feq.s	x3,f13,f25	 f13:0xff800000 f25:0x00000001  x3=0x00000000
      55955.000 ns	      5594	80001158	28d20c53	fmin.s	f24,f4,f13	  f4:0x3f800000 f13:0xff800000 f24=0xff800000
      56295.000 ns	      5628	8000115c	193139d3	fdiv.s	f19,f2,f19	  f2:0x00103c00 f19:0xfced6c1c f19=0x80000000
      56325.000 ns	      5631	80001160	f0088353	fmv.w.x	f6,x17	 x17:0x00000000  f6=0x00000000
      56355.000 ns	      5634	80001164	284c9053	fmax.s	f0,f25,f4	 f25:0x00000001  f4:0x3f800000  f0=0x3f800000
      56375.000 ns	      5636	80001168	0067ba33	sltu	x20,x15,x6	 x15:0x80040fe4  x6:0x80041024 x20=0x00000001
      56395.000 ns	      5638	8000116c	0311e2b3	rem	x5,x3,x17	  x3:0x00000000 x17:0x00000000  x5=0x00000000
      56425.000 ns	      5641	80001170	025fffb3	remu	x31,x31,x5	 x31:0xfffffffc  x5:0x0000007d x31=0xfffffffc
      56455.000 ns	      5644	80001174	e0020bd3	fmv.x.w	x23,f4	  f4:0x3f800000 x23=0x3f800000
      56825.000 ns	      5681	80001178	02926fb3	rem	x31,x4,x9	  x4:0x000003f9  x9:0xffffffff x31=0x00000000
      56845.000 ns	      5683	8000117c	00000013	addi	x0,x0,0	  x0:0x00000000
      56855.000 ns	      5684	80001180	41550ab3	sub	x21,x10,x21	 x10:0x00000000 x21:0x00000582 x21=0xfffffa7e
      56875.000 ns	      5686	80001184	e00788d3	fmv.x.w	x17,f15	 f15:0xbf800000 x17=0xbf800000
      56905.000 ns	      5689	80001188	a05193d3	flt.s	x7,f3,f5	  f3:0x00000000  f5:0x00000000  x7=0x00000000
      56925.000 ns	      5691	8000118c	01025533	srl	x10,x4,x16	  x4:0x000003f9 x16:0xfffffda6 x10=0x0000000f
      56935.000 ns	      5692	80001190	4167d293	srai	x5,x15,0x16	 x15:0x80040fe4  x5=0xfffffe00
      56955.000 ns	      5694	80001194	e00519d3	fclass.s	x19,f10	 f10:0x80000000 x19=0x00000008
      56985.000 ns	      5697	80001198	a0db10d3	flt.s	x1,f22,f13	 f22:0x00000000 f13:0xff800000  x1=0x00000000
      57355.000 ns	      5734	8000119c	0338f4b3	remu	x9,x17,x19	 x17:0xbf800000 x19:0x00000008  x9=0x00000000
      57385.000 ns	      5737	800011a0	030d0c33	mul	x24,x26,x16	 x26:0x00000000 x16:0xfffffda6 x24=0x00000000
      57405.000 ns	      5739	800011a4	01c65133	srl	x2,x12,x28	 x12:0xffffffff x28:0x2970c150  x2=0x0000ffff
      57425.000 ns	      5741	800011a8	c01f7453	fcvt.wu.s	x8,f30	 f30:0x00000000  x8=0x00000000
      57455.000 ns	      5744	800011ac	28771353	fmax.s	f6,f14,f7	 f14:0x3f800000  f7:0x80000000  f6=0x3f800000
      57475.000 ns	      5746	800011b0	c1b68d17	auipc	x26,0xc1b68	 x26=0x41b691b0
      57485.000 ns	      5747	800011b4	0164d9b3	srl	x19,x9,x22	  x9:0x00000000 x22:0x00000001 x19=0x00000000
      57525.000 ns	      5751	800011b8	016d7e53	fadd.s	f28,f26,f22	 f26:0x000000d4 f22:0x00000000 f28=0x000000d4
      57555.000 ns	      5754	800011bc	03eeab33	mulhsu	x22,x29,x30	 x29:0x00000000 x30:0xffffffff x22=0x00000000
      57585.000 ns	      5757	800011c0	21a38a53	fsgnj.s	f20,f7,f26	  f7:0x80000000 f26:0x000000d4 f20=0x00000000
      57605.000 ns	      5759	800011c4	006e6833	or	x16,x28,x6	 x28:0x2970c150  x6:0x80041024 x16=0xa974d174
      57635.000 ns	      5762	800011c8	5804b553	fsqrt.s	f10,f9	  f9:0x00000000 f10=0x00000000
      57655.000 ns	      5764	800011cc	0165dbb3	srl	x23,x11,x22	 x11:0x0e392983 x22:0x00000000 x23=0x0e392983
      57675.000 ns	      5766	800011d0	20c01353	fsgnjn.s	f6,f0,f12	  f0:0x3f800000 f12:0xbf800000  f6=0x3f800000
      57695.000 ns	      5768	800011d4	4108d693	srai	x13,x17,0x10	 x17:0xbf800000 x13=0xffffbf80
      57705.000 ns	      5769	800011d8	007c68b3	or	x17,x24,x7	 x24:0x00000000  x7:0x00000000 x17=0x00000000
      57715.000 ns	      5770	800011dc	00a9ee33	or	x28,x19,x10	 x19:0x00000000 x10:0x0000000f x28=0x0000000f
      57725.000 ns	      5771	800011e0	0063e033	or	x0,x7,x6	  x7:0x00000000  x6:0x80041024
      57745.000 ns	      5773	800011e4	031f18b3	mulh	x17,x30,x17	 x30:0xffffffff x17:0x00000000 x17=0x00000000
      57775.000 ns	      5776	800011e8	03f88bb3	mul	x23,x17,x31	 x17:0x00000000 x31:0x00000000 x23=0x00000000
      57805.000 ns	      5779	800011ec	036f3633	mulhu	x12,x30,x22	 x30:0xffffffff x22:0x00000000 x12=0x00000000
      57835.000 ns	      5782	800011f0	211c2d53	fsgnjx.s	f26,f24,f17	 f24:0xff800000 f17:0x7fc00000 f26=0xff800000
      57865.000 ns	      5785	800011f4	29828a53	fmin.s	f20,f5,f24	  f5:0x00000000 f24:0xff800000 f20=0xff800000
      57905.000 ns	      5789	800011f8	195af653	fdiv.s	f12,f21,f21	 f21:0x80000000 f21:0x80000000 f12=0x7fc00000
      57955.000 ns	      5794	800011fc	09bd33d3	fsub.s	f7,f26,f27	 f26:0xff800000 f27:0x7fc00000  f7=0x7fc00000
      57985.000 ns	      5797	80001200	a0321253	flt.s	x4,f4,f3	  f4:0x3f800000  f3:0x00000000  x4=0x00000000
      58005.000 ns	      5799	80001204	4001dbb3	sra	x23,x3,x0	  x3:0x00000000  x0:0x00000000 x23=0x00000000
      58025.000 ns	      5801	80001208	21dd2053	fsgnjx.s	f0,f26,f29	 f26:0xff800000 f29:0xcf00040b  f0=0x7f800000
      58055.000 ns	      5804	8000120c	0318e933	rem	x18,x17,x17	 x17:0x00000000 x17:0x00000000 x18=0x00000000
      58085.000 ns	      5807	80001210	03847033	remu	x0,x8,x24	  x8:0x00000000 x24:0x00000000
      58105.000 ns	      5809	80001214	00211fb3	sll	x31,x2,x2	  x2:0x0000ffff  x2:0x0000ffff x31=0x80000000
      58145.000 ns	      5813	80001218	0052f953	fadd.s	f18,f5,f5	  f5:0x00000000  f5:0x00000000 f18=0x00000000
      58185.000 ns	      5817	8000121c	1064a4d3	fmul.s	f9,f9,f6	  f9:0x00000000  f6:0x3f800000  f9=0x00000000
      58215.000 ns	      5820	80001220	e00b9b53	fclass.s	x22,f23	 f23:0x4f00040b x22=0x00000040
      58235.000 ns	      5822	80001224	ec997893	andi	x17,x18,-311	 x18:0x00000000 x17=0x00000000
      58245.000 ns	      5823	80001228	0e0bcb93	xori	x23,x23,224	 x23:0x00000000 x23=0x000000e0
      58265.000 ns	      5825	8000122c	a08e2653	feq.s	x12,f28,f8	 f28:0x000000d4  f8:0xfced6c1c x12=0x00000000
      58295.000 ns	      5828	80001230	033918b3	mulh	x17,x18,x19	 x18:0x00000000 x19:0x00000000 x17=0x00000000
      58325.000 ns	      5831	80001234	21ce0353	fsgnj.s	f6,f28,f28	 f28:0x000000d4 f28:0x000000d4  f6=0x000000d4
      58355.000 ns	      5834	80001238	20798ed3	fsgnj.s	f29,f19,f7	 f19:0x80000000  f7:0x7fc00000 f29=0x00000000
      58385.000 ns	      5837	8000123c	f00980d3	fmv.w.x	f1,x19	 x19:0x00000000  f1=0x00000000
      58425.000 ns	      5841	80001240	102976d3	fmul.s	f13,f18,f2	 f18:0x00000000  f2:0x00103c00 f13=0x00000000
      58455.000 ns	      5844	80001244	e00e8a53	fmv.x.w	x20,f29	 f29:0x00000000 x20=0x00000000
      58495.000 ns	      5848	80001248	117faf53	fmul.s	f30,f31,f23	 f31:0x000000d4 f23:0x4f00040b f30=0x085406b2
      58515.000 ns	      5850	8000124c	0072ae33	slt	x28,x5,x7	  x5:0xfffffe00  x7:0x00000000 x28=0x00000001
      58535.000 ns	      5852	80001250	034905b3	mul	x11,x18,x20	 x18:0x00000000 x20:0x00000000 x11=0x00000000
      58555.000 ns	      5854	80001254	000fdeb3	srl	x29,x31,x0	 x31:0x80000000  x0:0x00000000 x29=0x80000000
      58575.000 ns	      5856	80001258	02b0c1b3	div	x3,x1,x11	  x1:0x00000000 x11:0x00000000  x3=0xffffffff
      58595.000 ns	      5858	8000125c	01048f33	add	x30,x9,x16	  x9:0x00000000 x16:0xa974d174 x30=0xa974d174
      58605.000 ns	      5859	80001260	00e59413	slli	x8,x11,0xe	 x11:0x00000000  x8=0x00000000
      58625.000 ns	      5861	80001264	21b91753	fsgnjn.s	f14,f18,f27	 f18:0x00000000 f27:0x7fc00000 f14=0x80000000
      58965.000 ns	      5895	80001268	1885ac53	fdiv.s	f24,f11,f8	 f11:0x4f00040b  f8:0xfced6c1c f24=0x9180040c
      58995.000 ns	      5898	8000126c	023f06b3	mul	x13,x30,x3	 x30:0xa974d174  x3:0xffffffff x13=0x568b2e8c
      59015.000 ns	      5900	80001270	7e6c9717	auipc	x14,0x7e6c9	 x14=0xfe6ca270
      59035.000 ns	      5902	80001274	c01e1dd3	fcvt.wu.s	x27,f28	 f28:0x000000d4 x27=0x00000000
      59055.000 ns	      5904	80001278	011c6e33	or	x28,x24,x17	 x24:0x00000000 x17:0x00000000 x28=0x00000000
      59065.000 ns	      5905	8000127c	00ff2033	slt	x0,x30,x15	 x30:0xa974d174 x15:0x80040fe4
      59085.000 ns	      5907	80001280	e00c8dd3	fmv.x.w	x27,f25	 f25:0x00000001 x27=0x00000001
      59115.000 ns	      5910	80001284	c00cf053	fcvt.w.s	x0,f25	 f25:0x00000001
      59145.000 ns	      5913	80001288	e00499d3	fclass.s	x19,f9	  f9:0x00000000 x19=0x00000010
      59165.000 ns	      5915	8000128c	00345513	srli	x10,x8,0x3	  x8:0x00000000 x10=0x00000000
      59185.000 ns	      5917	80001290	283a03d3	fmin.s	f7,f20,f3	 f20:0xff800000  f3:0x00000000  f7=0xff800000
      59215.000 ns	      5920	80001294	02341c33	mulh	x24,x8,x3	  x8:0x00000000  x3:0xffffffff x24=0x00000000
      59235.000 ns	      5922	80001298	01eebbb3	sltu	x23,x29,x30	 x29:0x80000000 x30:0xa974d174 x23=0x00000001
      59255.000 ns	      5924	8000129c	033bbab3	mulhu	x21,x23,x19	 x23:0x000000e0 x19:0x00000010 x21=0x00000000
      59275.000 ns	      5926	800012a0	01dff4b3	and	x9,x31,x29	 x31:0x80000000 x29:0x80000000  x9=0x80000000
      59285.000 ns	      5927	800012a4	00f6c0b3	xor	x1,x13,x15	 x13:0x568b2e8c x15:0x80040fe4  x1=0xd68f2168
      59305.000 ns	      5929	800012a8	f00b8253	fmv.w.x	f4,x23	 x23:0x00000001  f4=0x00000001
      59335.000 ns	      5932	800012ac	03db83b3	mul	x7,x23,x29	 x23:0x00000001 x29:0x80000000  x7=0x80000000
      59355.000 ns	      5934	800012b0	01594db3	xor	x27,x18,x21	 x18:0x00000000 x21:0x00000000 x27=0x00000000
      59395.000 ns	      5938	800012b4	00e84053	fadd.s	f0,f16,f14	 f16:0x00000000 f14:0x80000000  f0=0x80000000
      59425.000 ns	      5941	800012b8	c018bfd3	fcvt.wu.s	x31,f17	 f17:0x7fc00000 x31=0xffffffff
      59455.000 ns	      5944	800012bc	a0d00153	fle.s	x2,f0,f13	  f0:0x80000000 f13:0x00000000  x2=0x00000001
      59485.000 ns	      5947	800012c0	0237b2b3	mulhu	x5,x15,x3	 x15:0x80040fe4  x3:0xffffffff  x5=0x80040fe3
      59505.000 ns	      5949	800012c4	83540f93	addi	x31,x8,-1995	  x8:0x00000000 x31=0xfffff835
      59515.000 ns	      5950	800012c8	40e1d813	srai	x16,x3,0xe	  x3:0xffffffff x16=0xffffffff
      59535.000 ns	      5952	800012cc	f00885d3	fmv.w.x	f11,x17	 x17:0x00000000 f11=0x00000000
      59565.000 ns	      5955	800012d0	20a511d3	fsgnjn.s	f3,f10,f10	 f10:0x00000000 f10:0x00000000  f3=0x80000000
      59605.000 ns	      5959	800012d4	19a97353	fdiv.s	f6,f18,f26	 f18:0x00000000 f26:0xff800000  f6=0x80000000
      59625.000 ns	      5961	800012d8	0117e1b3	or	x3,x15,x17	 x15:0x80040fe4 x17:0x00000000  x3=0x80040fe4
      59645.000 ns	      5963	800012dc	03203c33	mulhu	x24,x0,x18	  x0:0x00000000 x18:0x00000000 x24=0x00000000
      59665.000 ns	      5965	800012e0	00891533	sll	x10,x18,x8	 x18:0x00000000  x8:0x00000000 x10=0x00000000
      59675.000 ns	      5966	800012e4	15923c37	lui	x24,0x15923	 x24=0x15923000
      59685.000 ns	      5967	800012e8	00cb5093	srli	x1,x22,0xc	 x22:0x00000040  x1=0x00000000
      59695.000 ns	      5968	800012ec	019f8bb3	add	x23,x31,x25	 x31:0xfffff835 x25:0x0e392982 x23=0x0e3921b7
      59715.000 ns	      5970	800012f0	28078e53	fmin.s	f28,f15,f0	 f15:0xbf800000  f0:0x80000000 f28=0xbf800000
      59735.000 ns	      5972	800012f4	c5ff0013	addi	x0,x30,-929	 x30:0xa974d174
      59745.000 ns	      5973	800012f8	9820e637	lui	x12,0x9820e	 x12=0x9820e000
      60105.000 ns	      6009	800012fc	039848b3	div	x17,x16,x25	 x16:0xffffffff x25:0x0e392982 x17=0x00000000
      60125.000 ns	      6011	80001300	414fde13	srai	x28,x31,0x14	 x31:0xfffff835 x28=0xffffffff
      60145.000 ns	      6013	80001304	03140433	mul	x8,x8,x17	  x8:0x00000000 x17:0x00000000  x8=0x00000000
      60165.000 ns	      6015	80001308	016a5c13	srli	x24,x20,0x16	 x20:0x00000000 x24=0x00000000
      60175.000 ns	      6016	8000130c	019b24b3	slt	x9,x22,x25	 x22:0x00000040 x25:0x0e392982  x9=0x00000001
      60215.000 ns	      6020	80001310	0144f253	fadd.s	f4,f9,f20	  f9:0x00000000 f20:0xff800000  f4=0xff800000
      60235.000 ns	      6022	80001314	015a3db3	sltu	x27,x20,x21	 x20:0x00000000 x21:0x00000000 x27=0x00000000
      60245.000 ns	      6023	80001318	01efe133	or	x2,x31,x30	 x31:0xfffff835 x30:0xa974d174  x2=0xfffff975
      60255.000 ns	      6024	8000131c	409d5833	sra	x16,x26,x9	 x26:0x41b691b0  x9:0x00000001 x16=0x20db48d8
      60275.000 ns	      6026	80001320	e00b1f53	fclass.s	x30,f22	 f22:0x00000000 x30=0x00000010
      60305.000 ns	      6029	80001324	21ceac53	fsgnjx.s	f24,f29,f28	 f29:0x00000000 f28:0xbf800000 f24=0x80000000
      60335.000 ns	      6032	80001328	03c034b3	mulhu	x9,x0,x28	  x0:0x00000000 x28:0xffffffff  x9=0x00000000
      60355.000 ns	      6034	8000132c	8d37b193	sltiu	x3,x15,-1837	 x15:0x80040fe4  x3=0x00000001
      60365.000 ns	      6035	80001330	00d09713	slli	x14,x1,0xd	  x1:0x00000000 x14=0x00000000
      60385.000 ns	      6037	80001334	284d06d3	fmin.s	f13,f26,f4	 f26:0xff800000  f4:0xff800000 f13=0xff800000
      60415.000 ns	      6040	80001338	a1e619d3	flt.s	x19,f12,f30	 f12:0x7fc00000 f30:0x085406b2 x19=0x00000000
      60445.000 ns	      6043	8000133c	e00213d3	fclass.s	x7,f4	  f4:0xff800000  x7=0x00000001
      60475.000 ns	      6046	80001340	02ecaf33	mulhsu	x30,x25,x14	 x25:0x0e392982 x14:0x00000000 x30=0x00000000
      60505.000 ns	      6049	80001344	20db02d3	fsgnj.s	f5,f22,f13	 f22:0x00000000 f13:0xff800000  f5=0x80000000
      60535.000 ns	      6052	80001348	211f8953	fsgnj.s	f18,f31,f17	 f31:0x000000d4 f17:0x7fc00000 f18=0x000000d4
      61715.000 ns	      6170	8000134c	580fb7d3	fsqrt.s	f15,f31	 f31:0x000000d4 f15=0x1f3505ae
      61735.000 ns	      6172	80001350	00d50db3	add	x27,x10,x13	 x10:0x00000000 x13:0x568b2e8c x27=0x568b2e8c
      61755.000 ns	      6174	80001354	a06a21d3	feq.s	x3,f20,f6	 f20:0xff800000  f6:0x80000000  x3=0x00000000
      61785.000 ns	      6177	80001358	c0194e53	fcvt.wu.s	x28,f18	 f18:0x000000d4 x28=0x00000000
      61815.000 ns	      6180	8000135c	03939433	mulh	x8,x7,x25	  x7:0x00000001 x25:0x0e392982  x8=0x00000000
      61835.000 ns	      6182	80001360	00f909b3	add	x19,x18,x15	 x18:0x00000000 x15:0x80040fe4 x19=0x80040fe4
      61845.000 ns	      6183	80001364	33ccc637	lui	x12,0x33ccc	 x12=0x33ccc000
      61865.000 ns	      6185	80001368	e00690d3	fclass.s	x1,f13	 f13:0xff800000  x1=0x00000001
      61885.000 ns	      6187	8000136c	41125113	srai	x2,x4,0x11	  x4:0x00000000  x2=0x00000000
      61905.000 ns	      6189	80001370	a0ba06d3	fle.s	x13,f20,f11	 f20:0xff800000 f11:0x00000000 x13=0x00000001
      61935.000 ns	      6192	80001374	c01e7553	fcvt.wu.s	x10,f28	 f28:0xbf800000 x10=0x00000001
      61955.000 ns	      6194	80001378	1d540e13	addi	x28,x8,469	  x8:0x00000000 x28=0x000001d5
      61965.000 ns	      6195	8000137c	c4bdc817	auipc	x16,0xc4bdc	 x16=0x44bdd37c
      61975.000 ns	      6196	80001380	f4387993	andi	x19,x16,-189	 x16:0x20db48d8 x19=0x44bdd340
      61995.000 ns	      6198	80001384	03aaa8b3	mulhsu	x17,x21,x26	 x21:0x00000000 x26:0x41b691b0 x17=0x00000000
      62025.000 ns	      6201	80001388	21790b53	fsgnj.s	f22,f18,f23	 f18:0x000000d4 f23:0x4f00040b f22=0x000000d4
      62045.000 ns	      6203	8000138c	00ddd813	srli	x16,x27,0xd	 x27:0x568b2e8c x16=0x0002b459
      62065.000 ns	      6205	80001390	0291f0b3	remu	x1,x3,x9	  x3:0x00000000  x9:0x00000000  x1=0x00000000
      62095.000 ns	      6208	80001394	a15726d3	feq.s	x13,f14,f21	 f14:0x80000000 f21:0x80000000 x13=0x00000001
      62125.000 ns	      6211	80001398	201b0bd3	fsgnj.s	f23,f22,f1	 f22:0x000000d4  f1:0x00000000 f23=0x000000d4
      62145.000 ns	      6213	8000139c	1104e513	ori	x10,x9,272	  x9:0x00000000 x10=0x00000110
      62165.000 ns	      6215	800013a0	d00b7e53	fcvt.s.w	f28,x22	 x22:0x00000040 f28=0x42800000
      62195.000 ns	      6218	800013a4	029942b3	div	x5,x18,x9	 x18:0x00000000  x9:0x00000000  x5=0xffffffff
      62225.000 ns	      6221	800013a8	e0039753	fclass.s	x14,f7	  f7:0xff800000 x14=0x00000001
      62255.000 ns	      6224	800013ac	c01222d3	fcvt.wu.s	x5,f4	  f4:0xff800000  x5=0x00000000
      62275.000 ns	      6226	800013b0	0016af33	slt	x30,x13,x1	 x13:0x00000001  x1:0x00000000 x30=0x00000000
      62295.000 ns	      6228	800013b4	a19d15d3	flt.s	x11,f26,f25	 f26:0xff800000 f25:0x00000001 x11=0x00000001
      62315.000 ns	      6230	800013b8	2296b513	sltiu	x10,x13,553	 x13:0x00000001 x10=0x00000001
      62325.000 ns	      6231	800013bc	41a38bb3	sub	x23,x7,x26	  x7:0x00000001 x26:0x41b691b0 x23=0xbe496e51
      62335.000 ns	      6232	800013c0	00b6d5b3	srl	x11,x13,x11	 x13:0x00000001 x11:0x00000001 x11=0x00000000
      62355.000 ns	      6234	800013c4	e00486d3	fmv.x.w	x13,f9	  f9:0x00000000 x13=0x00000000
      62385.000 ns	      6237	800013c8	03ae3fb3	mulhu	x31,x28,x26	 x28:0x000001d5 x26:0x41b691b0 x31=0x00000078
      62415.000 ns	      6240	800013cc	03ea05b3	mul	x11,x20,x30	 x20:0x00000000 x30:0x00000000 x11=0x00000000
      62435.000 ns	      6242	800013d0	4f156b93	ori	x23,x10,1265	 x10:0x00000001 x23=0x000004f1
      62455.000 ns	      6244	800013d4	a08e09d3	fle.s	x19,f28,f8	 f28:0x42800000  f8:0xfced6c1c x19=0x00000000
      62825.000 ns	      6281	800013d8	03977ab3	remu	x21,x14,x25	 x14:0x00000001 x25:0x0e392982 x21=0x00000001
      62845.000 ns	      6283	800013dc	01261d13	slli	x26,x12,0x12	 x12:0x33ccc000 x26=0x00000000
      62855.000 ns	      6284	800013e0	00ef1a13	slli	x20,x30,0xe	 x30:0x00000000 x20=0x00000000
      63215.000 ns	      6320	800013e4	03d76933	rem	x18,x14,x29	 x14:0x00000001 x29:0x80000000 x18=0x00000001
      63235.000 ns	      6322	800013e8	077a2193	slti	x3,x20,119	 x20:0x00000000  x3=0x00000001
      63255.000 ns	      6324	800013ec	c00678d3	fcvt.w.s	x17,f12	 f12:0x7fc00000 x17=0x7fffffff
      63285.000 ns	      6327	800013f0	e0041453	fclass.s	x8,f8	  f8:0xfced6c1c  x8=0x00000002
      63305.000 ns	      6329	800013f4	4129da13	srai	x20,x19,0x12	 x19:0x00000000 x20=0x00000000
      63335.000 ns	      6332	800013f8	10dbfb53	fmul.s	f22,f23,f13	 f23:0x000000d4 f13:0xff800000 f22=0xff800000
      63355.000 ns	      6334	800013fc	41398b33	sub	x22,x19,x19	 x19:0x00000000 x19:0x00000000 x22=0x00000000
      63365.000 ns	      6335	80001400	0092a433	slt	x8,x5,x9	  x5:0x00000000  x9:0x00000000  x8=0x00000000
      63385.000 ns	      6337	80001404	03199e33	mulh	x28,x19,x17	 x19:0x00000000 x17:0x7fffffff x28=0x00000000
      63405.000 ns	      6339	80001408	00a11e13	slli	x28,x2,0xa	  x2:0x00000000 x28=0x00000000
      63415.000 ns	      6340	8000140c	001f4bb3	xor	x23,x30,x1	 x30:0x00000000  x1:0x00000000 x23=0x00000000
      63435.000 ns	      6342	80001410	21381853	fsgnjn.s	f16,f16,f19	 f16:0x00000000 f19:0x80000000 f16=0x00000000
      63455.000 ns	      6344	80001414	00888a93	addi	x21,x17,8	 x17:0x7fffffff x21=0x80000007
      63485.000 ns	      6347	80001418	1155fbd3	fmul.s	f23,f11,f21	 f11:0x00000000 f21:0x80000000 f23=0x80000000
      63515.000 ns	      6350	8000141c	f0028053	fmv.w.x	f0,x5	  x5:0x00000000  f0=0x00000000
      63545.000 ns	      6353	80001420	a0062bd3	feq.s	x23,f12,f0	 f12:0x7fc00000  f0:0x80000000 x23=0x00000000
      63565.000 ns	      6355	80001424	b9828c13	addi	x24,x5,-1128	  x5:0x00000000 x24=0xfffffb98
      63605.000 ns	      6359	80001428	09dab853	fsub.s	f16,f21,f29	 f21:0x80000000 f29:0x00000000 f16=0x80000000
      63635.000 ns	      6362	8000142c	21f288d3	fsgnj.s	f17,f5,f31	  f5:0x80000000 f31:0x000000d4 f17=0x00000000
      63655.000 ns	      6364	80001430	5196fd93	andi	x27,x13,1305	 x13:0x00000000 x27=0x00000000
      63695.000 ns	      6368	80001434	084d9e53	fsub.s	f28,f27,f4	 f27:0x7fc00000  f4:0xff800000 f28=0x7fc00000
      63735.000 ns	      6372	80001438	5802b553	fsqrt.s	f10,f5	  f5:0x80000000 f10=0x80000000
      63765.000 ns	      6375	8000143c	2048a553	fsgnjx.s	f10,f17,f4	 f17:0x00000000  f4:0xff800000 f10=0x80000000
      63795.000 ns	      6378	80001440	201e04d3	fsgnj.s	f9,f28,f1	 f28:0x7fc00000  f1:0x00000000  f9=0x7fc00000
      63825.000 ns	      6381	80001444	20750fd3	fsgnj.s	f31,f10,f7	 f10:0x80000000  f7:0xff800000 f31=0x80000000
      63845.000 ns	      6383	80001448	008a1093	slli	x1,x20,0x8	 x20:0x00000000  x1=0x00000000
      63855.000 ns	      6384	8000144c	414f5213	srai	x4,x30,0x14	 x30:0x00000000  x4=0x00000000
      64215.000 ns	      6420	80001450	02636933	rem	x18,x6,x6	  x6:0x80041024  x6:0x80041024 x18=0x00000000
      64245.000 ns	      6423	80001454	02966133	rem	x2,x12,x9	 x12:0x33ccc000  x9:0x00000000  x2=0x33ccc000
      64265.000 ns	      6425	80001458	41995b93	srai	x23,x18,0x19	 x18:0x00000000 x23=0x00000000
      64285.000 ns	      6427	8000145c	03b013b3	mulh	x7,x0,x27	  x0:0x00000000 x27:0x00000000  x7=0x00000000
      64325.000 ns	      6431	80001460	18a47353	fdiv.s	f6,f8,f10	  f8:0xfced6c1c f10:0x80000000  f6=0x7f800000
      64355.000 ns	      6434	80001464	e00b9553	fclass.s	x10,f23	 f23:0x80000000 x10=0x00000008
      64385.000 ns	      6437	80001468	029d09b3	mul	x19,x26,x9	 x26:0x00000000  x9:0x00000000 x19=0x00000000
      64755.000 ns	      6474	8000146c	031f71b3	remu	x3,x30,x17	 x30:0x00000000 x17:0x7fffffff  x3=0x00000000
      64785.000 ns	      6477	80001470	216b0ed3	fsgnj.s	f29,f22,f22	 f22:0xff800000 f22:0xff800000 f29=0xff800000
      64805.000 ns	      6479	80001474	007d1593	slli	x11,x26,0x7	 x26:0x00000000 x11=0x00000000
      64825.000 ns	      6481	80001478	20260753	fsgnj.s	f14,f12,f2	 f12:0x7fc00000  f2:0x00103c00 f14=0x7fc00000
      64845.000 ns	      6483	8000147c	41b05533	sra	x10,x0,x27	  x0:0x00000000 x27:0x00000000 x10=0x00000000
      64865.000 ns	      6485	80001480	03251133	mulh	x2,x10,x18	 x10:0x00000008 x18:0x00000000  x2=0x00000000
      64885.000 ns	      6487	80001484	f7a2bc37	lui	x24,0xf7a2b	 x24=0xf7a2b000
      64895.000 ns	      6488	80001488	00290233	add	x4,x18,x2	 x18:0x00000000  x2:0x00000000  x4=0x00000000
      64915.000 ns	      6490	8000148c	e0009c53	fclass.s	x24,f1	  f1:0x00000000 x24=0x00000010
      64945.000 ns	      6493	80001490	20399d53	fsgnjn.s	f26,f19,f3	 f19:0x80000000  f3:0x80000000 f26=0x00000000
      64975.000 ns	      6496	80001494	a150a3d3	feq.s	x7,f1,f21	  f1:0x00000000 f21:0x80000000  x7=0x00000001
      65005.000 ns	      6499	80001498	d00f0853	fcvt.s.w	f16,x30	 x30:0x00000000 f16=0x00000000
      65025.000 ns	      6501	8000149c	00000013	addi	x0,x0,0	  x0:0x00000000
      65035.000 ns	      6502	800014a0	9b482c13	slti	x24,x16,-1612	 x16:0x0002b459 x24=0x00000000
      65395.000 ns	      6538	800014a4	026dda33	divu	x20,x27,x6	 x27:0x00000000  x6:0x80041024 x20=0x00000000
      65425.000 ns	      6541	800014a8	a09c93d3	flt.s	x7,f25,f9	 f25:0x00000001  f9:0x7fc00000  x7=0x00000000
      65475.000 ns	      6546	800014ac	0840fed3	fsub.s	f29,f1,f4	  f1:0x00000000  f4:0xff800000 f29=0x7f800000
      65495.000 ns	      6548	800014b0	38b9bd13	sltiu	x26,x19,907	 x19:0x00000000 x26=0x00000001
      65535.000 ns	      6552	800014b4	0828fcd3	fsub.s	f25,f17,f2	 f17:0x00000000  f2:0x00103c00 f25=0x80103c00
      65565.000 ns	      6555	800014b8	037a96b3	mulh	x13,x21,x23	 x21:0x80000007 x23:0x00000000 x13=0x00000000
      65585.000 ns	      6557	800014bc	00391613	slli	x12,x18,0x3	 x18:0x00000000 x12=0x00000000
      65605.000 ns	      6559	800014c0	033c1733	mulh	x14,x24,x19	 x24:0x00000000 x19:0x00000000 x14=0x00000000
      65635.000 ns	      6562	800014c4	20172cd3	fsgnjx.s	f25,f14,f1	 f14:0x7fc00000  f1:0x00000000 f25=0x7fc00000
      65655.000 ns	      6564	800014c8	00ecdfb3	srl	x31,x25,x14	 x25:0x0e392982 x14:0x00000000 x31=0x0e392982
      65685.000 ns	      6567	800014cc	580c36d3	fsqrt.s	f13,f24	 f24:0x80000000 f13=0x80000000
      65705.000 ns	      6569	800014d0	40c45893	srai	x17,x8,0xc	  x8:0x00000000 x17=0x00000000
      66065.000 ns	      6605	800014d4	030e42b3	div	x5,x28,x16	 x28:0x00000000 x16:0x0002b459  x5=0x00000000
      66085.000 ns	      6607	800014d8	014fd233	srl	x4,x31,x20	 x31:0x0e392982 x20:0x00000000  x4=0x0e392982
      66105.000 ns	      6609	800014dc	a1a083d3	fle.s	x7,f1,f26	  f1:0x00000000 f26:0x00000000  x7=0x00000001
      66125.000 ns	      6611	800014e0	00a60fb3	add	x31,x12,x10	 x12:0x00000000 x10:0x00000000 x31=0x00000000
      66135.000 ns	      6612	800014e4	f16eb613	sltiu	x12,x29,-234	 x29:0x80000000 x12=0x00000001
      66145.000 ns	      6613	800014e8	01e103b3	add	x7,x2,x30	  x2:0x00000000 x30:0x00000000  x7=0x00000000
      66165.000 ns	      6615	800014ec	a19f9ed3	flt.s	x29,f31,f25	 f31:0x80000000 f25:0x7fc00000 x29=0x00000000
      66185.000 ns	      6617	800014f0	e87cb113	sltiu	x2,x25,-377	 x25:0x0e392982  x2=0x00000001
      66195.000 ns	      6618	800014f4	45519517	auipc	x10,0x45519	 x10=0xc551a4f4
      66215.000 ns	      6620	800014f8	03be04b3	mul	x9,x28,x27	 x28:0x00000000 x27:0x00000000  x9=0x00000000
      66235.000 ns	      6622	800014fc	00891193	slli	x3,x18,0x8	 x18:0x00000000  x3=0x00000000
      66255.000 ns	      6624	80001500	e00916d3	fclass.s	x13,f18	 f18:0x000000d4 x13=0x00000020
      66285.000 ns	      6627	80001504	d000f653	fcvt.s.w	f12,x1	  x1:0x00000000 f12=0x00000000
      66315.000 ns	      6630	80001508	a16408d3	fle.s	x17,f8,f22	  f8:0xfced6c1c f22:0xff800000 x17=0x00000000
      66355.000 ns	      6634	8000150c	1171bfd3	fmul.s	f31,f3,f23	  f3:0x80000000 f23:0x80000000 f31=0x00000000
      66375.000 ns	      6636	80001510	e6092013	slti	x0,x18,-416	 x18:0x00000000
      66395.000 ns	      6638	80001514	211e0ed3	fsgnj.s	f29,f28,f17	 f28:0x7fc00000 f17:0x00000000 f29=0x7fc00000
      66425.000 ns	      6641	80001518	29f782d3	fmin.s	f5,f15,f31	 f15:0x1f3505ae f31:0x00000000  f5=0x00000000
      66445.000 ns	      6643	8000151c	691dda37	lui	x20,0x691dd	 x20=0x691dd000
      66465.000 ns	      6645	80001520	d014f3d3	fcvt.s.wu	f7,x9	  x9:0x00000000  f7=0x00000000
      66485.000 ns	      6647	80001524	00141993	slli	x19,x8,0x1	  x8:0x00000000 x19=0x00000000
      66505.000 ns	      6649	80001528	e0020253	fmv.x.w	x4,f4	  f4:0xff800000  x4=0xff800000
      66545.000 ns	      6653	8000152c	580ac853	fsqrt.s	f16,f21	 f21:0x80000000 f16=0x80000000
      66575.000 ns	      6656	80001530	f00c0353	fmv.w.x	f6,x24	 x24:0x00000000  f6=0x00000000
      66605.000 ns	      6659	80001534	d0047453	fcvt.s.w	f8,x8	  x8:0x00000000  f8=0x00000000
      66625.000 ns	      6661	80001538	00802033	slt	x0,x0,x8	  x0:0x00000000  x8:0x00000000
      66645.000 ns	      6663	8000153c	e00c0ed3	fmv.x.w	x29,f24	 f24:0x80000000 x29=0x80000000
      67015.000 ns	      6700	80001540	035cc233	div	x4,x25,x21	 x25:0x0e392982 x21:0x80000007  x4=0x00000000
      67035.000 ns	      6702	80001544	01819033	sll	x0,x3,x24	  x3:0x00000000 x24:0x00000000
      67075.000 ns	      6706	80001548	0080fad3	fadd.s	f21,f1,f8	  f1:0x00000000  f8:0x00000000 f21=0x00000000
      67105.000 ns	      6709	8000154c	e00782d3	fmv.x.w	x5,f15	 f15:0x1f3505ae  x5=0x1f3505ae
      67125.000 ns	      6711	80001550	41ba0733	sub	x14,x20,x27	 x20:0x691dd000 x27:0x00000000 x14=0x691dd000
      67135.000 ns	      6712	80001554	5131b613	sltiu	x12,x3,1299	  x3:0x00000000 x12=0x00000001
      67155.000 ns	      6714	80001558	20921bd3	fsgnjn.s	f23,f4,f9	  f4:0xff800000  f9:0x7fc00000 f23=0xff800000
      67175.000 ns	      6716	8000155c	035dab17	auipc	x22,0x35da	 x22=0x835db55c
      67205.000 ns	      6719	80001560	19caf153	fdiv.s	f2,f21,f28	 f21:0x00000000 f28:0x7fc00000  f2=0x7fc00000
      67235.000 ns	      6722	80001564	02120e33	mul	x28,x4,x1	  x4:0x00000000  x1:0x00000000 x28=0x00000000
      67265.000 ns	      6725	80001568	a0f018d3	flt.s	x17,f0,f15	  f0:0x00000000 f15:0x1f3505ae x17=0x00000001
      67285.000 ns	      6727	8000156c	90910413	addi	x8,x2,-1783	  x2:0x00000001  x8=0xfffff90a
      67305.000 ns	      6729	80001570	c017f853	fcvt.wu.s	x16,f15	 f15:0x1f3505ae x16=0x00000000
      67325.000 ns	      6731	80001574	5f380713	addi	x14,x16,1523	 x16:0x0002b459 x14=0x000005f3
      67335.000 ns	      6732	80001578	005ea6b3	slt	x13,x29,x5	 x29:0x80000000  x5:0x1f3505ae x13=0x00000001
      67345.000 ns	      6733	8000157c	06f2c513	xori	x10,x5,111	  x5:0x1f3505ae x10=0x1f3505c1
      67355.000 ns	      6734	80001580	001d5433	srl	x8,x26,x1	 x26:0x00000001  x1:0x00000000  x8=0x00000001
      67375.000 ns	      6736	80001584	021ea8b3	mulhsu	x17,x29,x1	 x29:0x80000000  x1:0x00000000 x17=0x00000000
      67395.000 ns	      6738	80001588	00dac033	xor	x0,x21,x13	 x21:0x80000007 x13:0x00000001
      67405.000 ns	      6739	8000158c	01a79393	slli	x7,x15,0x1a	 x15:0x80040fe4  x7=0x90000000
      67425.000 ns	      6741	80001590	21591053	fsgnjn.s	f0,f18,f21	 f18:0x000000d4 f21:0x00000000  f0=0x800000d4
      67445.000 ns	      6743	80001594	4120d2b3	sra	x5,x1,x18	  x1:0x00000000 x18:0x00000000  x5=0x00000000
      67465.000 ns	      6745	80001598	03ea88b3	mul	x17,x21,x30	 x21:0x80000007 x30:0x00000000 x17=0x00000000
      67495.000 ns	      6748	8000159c	a1a3a053	feq.s	x0,f7,f26	  f7:0x00000000 f26:0x00000000
      67525.000 ns	      6751	800015a0	02503033	mulhu	x0,x0,x5	  x0:0x00000000  x5:0x00000000
      67555.000 ns	      6754	800015a4	a17a0553	fle.s	x10,f20,f23	 f20:0xff800000 f23:0xff800000 x10=0x00000001
      67585.000 ns	      6757	800015a8	e00f0ad3	fmv.x.w	x21,f30	 f30:0x085406b2 x21=0x085406b2
      67615.000 ns	      6760	800015ac	03e1a233	mulhsu	x4,x3,x30	  x3:0x00000000 x30:0x00000000  x4=0x00000000
      67635.000 ns	      6762	800015b0	01ac2233	slt	x4,x24,x26	 x24:0x00000000 x26:0x00000001  x4=0x00000001
      67645.000 ns	      6763	800015b4	00c97b33	and	x22,x18,x12	 x18:0x00000000 x12:0x00000001 x22=0x00000000
      67665.000 ns	      6765	800015b8	c01478d3	fcvt.wu.s	x17,f8	  f8:0x00000000 x17=0x00000000
      67695.000 ns	      6768	800015bc	e0059153	fclass.s	x2,f11	 f11:0x00000000  x2=0x00000010
      67725.000 ns	      6771	800015c0	28169453	fmax.s	f8,f13,f1	 f13:0x80000000  f1:0x00000000  f8=0x00000000
      67745.000 ns	      6773	800015c4	01afc1b3	xor	x3,x31,x26	 x31:0x00000000 x26:0x00000001  x3=0x00000001
      67765.000 ns	      6775	800015c8	a07a8fd3	fle.s	x31,f21,f7	 f21:0x00000000  f7:0x00000000 x31=0x00000001
      67795.000 ns	      6778	800015cc	21f5a653	fsgnjx.s	f12,f11,f31	 f11:0x00000000 f31:0x00000000 f12=0x00000000
      67815.000 ns	      6780	800015d0	009426b3	slt	x13,x8,x9	  x8:0x00000001  x9:0x00000000 x13=0x00000000
      68175.000 ns	      6816	800015d4	03a64ab3	div	x21,x12,x26	 x12:0x00000001 x26:0x00000001 x21=0x00000001
      68215.000 ns	      6820	800015d8	5806f453	fsqrt.s	f8,f13	 f13:0x80000000  f8=0x80000000
      68245.000 ns	      6823	800015dc	d013f353	fcvt.s.wu	f6,x7	  x7:0x90000000  f6=0x4f100000
      68285.000 ns	      6827	800015e0	188bf6d3	fdiv.s	f13,f23,f8	 f23:0xff800000  f8:0x80000000 f13=0x7f800000
      68315.000 ns	      6830	800015e4	d018c0d3	fcvt.s.wu	f1,x17	 x17:0x00000000  f1=0x00000000
      68345.000 ns	      6833	800015e8	e00a13d3	fclass.s	x7,f20	 f20:0xff800000  x7=0x00000001
      68715.000 ns	      6870	800015ec	03994fb3	div	x31,x18,x25	 x18:0x00000000 x25:0x0e392982 x31=0x00000000
      68745.000 ns	      6873	800015f0	032a76b3	remu	x13,x20,x18	 x20:0x691dd000 x18:0x00000000 x13=0x691dd000
      68775.000 ns	      6876	800015f4	20439c53	fsgnjn.s	f24,f7,f4	  f7:0x00000000  f4:0xff800000 f24=0x00000000
      68795.000 ns	      6878	800015f8	00ee5c13	srli	x24,x28,0xe	 x28:0x00000000 x24=0x00000000
      68825.000 ns	      6881	800015fc	10887ed3	fmul.s	f29,f16,f8	 f16:0x80000000  f8:0x80000000 f29=0x00000000
      68875.000 ns	      6886	80001600	0154fb53	fadd.s	f22,f9,f21	  f9:0x7fc00000 f21:0x00000000 f22=0x7fc00000
      68905.000 ns	      6889	80001604	21b40553	fsgnj.s	f10,f8,f27	  f8:0x80000000 f27:0x7fc00000 f10=0x00000000
      68945.000 ns	      6893	80001608	117938d3	fmul.s	f17,f18,f23	 f18:0x000000d4 f23:0xff800000 f17=0xff800000
      68965.000 ns	      6895	8000160c	00f99193	slli	x3,x19,0xf	 x19:0x00000000  x3=0x00000000
      68985.000 ns	      6897	80001610	20f4a0d3	fsgnjx.s	f1,f9,f15	  f9:0x7fc00000 f15:0x1f3505ae  f1=0x7fc00000
      69015.000 ns	      6900	80001614	c0198ed3	fcvt.wu.s	x29,f19	 f19:0x80000000 x29=0x00000000
      69055.000 ns	      6904	80001618	105afd53	fmul.s	f26,f21,f5	 f21:0x00000000  f5:0x00000000 f26=0x00000000
      69105.000 ns	      6909	8000161c	016175d3	fadd.s	f11,f2,f22	  f2:0x7fc00000 f22:0x7fc00000 f11=0x7fc00000
      69135.000 ns	      6912	80001620	e00798d3	fclass.s	x17,f15	 f15:0x1f3505ae x17=0x00000040
      69155.000 ns	      6914	80001624	003cd613	srli	x12,x25,0x3	 x25:0x0e392982 x12=0x01c72530
      69165.000 ns	      6915	80001628	1ff83493	sltiu	x9,x16,511	 x16:0x00000000  x9=0x00000001
      69185.000 ns	      6917	8000162c	298993d3	fmax.s	f7,f19,f24	 f19:0x80000000 f24:0x00000000  f7=0x00000000
      69555.000 ns	      6954	80001630	02e563b3	rem	x7,x10,x14	 x10:0x00000001 x14:0x000005f3  x7=0x00000001
      69585.000 ns	      6957	80001634	024fb5b3	mulhu	x11,x31,x4	 x31:0x00000000  x4:0x00000001 x11=0x00000000
      69605.000 ns	      6959	80001638	00f2aeb3	slt	x29,x5,x15	  x5:0x00000000 x15:0x80040fe4 x29=0x00000000
      69625.000 ns	      6961	8000163c	20cf0ed3	fsgnj.s	f29,f30,f12	 f30:0x085406b2 f12:0x00000000 f29=0x085406b2
      69645.000 ns	      6963	80001640	41ca0e33	sub	x28,x20,x28	 x20:0x691dd000 x28:0x00000000 x28=0x691dd000
      69665.000 ns	      6965	80001644	a1051553	flt.s	x10,f10,f16	 f10:0x00000000 f16:0x80000000 x10=0x00000000
      69685.000 ns	      6967	80001648	01201b13	slli	x22,x0,0x12	  x0:0x00000000 x22=0x00000000
      69705.000 ns	      6969	8000164c	c001c6d3	fcvt.w.s	x13,f3	  f3:0x80000000 x13=0x00000000
      69735.000 ns	      6972	80001650	2104a6d3	fsgnjx.s	f13,f9,f16	  f9:0x7fc00000 f16:0x80000000 f13=0xffc00000
      69775.000 ns	      6976	80001654	18317ad3	fdiv.s	f21,f2,f3	  f2:0x7fc00000  f3:0x80000000 f21=0x7fc00000
      69795.000 ns	      6978	80001658	0062ce33	xor	x28,x5,x6	  x5:0x00000000  x6:0x80041024 x28=0x80041024
      69815.000 ns	      6980	8000165c	0377c4b3	div	x9,x15,x23	 x15:0x80040fe4 x23:0x00000000  x9=0xffffffff
      69835.000 ns	      6982	80001660	936bc393	xori	x7,x23,-1738	 x23:0x00000000  x7=0xfffff936
      69845.000 ns	      6983	80001664	00b93d33	sltu	x26,x18,x11	 x18:0x00000000 x11:0x00000000 x26=0x00000000
      69855.000 ns	      6984	80001668	00000013	addi	x0,x0,0	  x0:0x00000000
      69875.000 ns	      6986	8000166c	033d40b3	div	x1,x26,x19	 x26:0x00000001 x19:0x00000000  x1=0xffffffff
      69905.000 ns	      6989	80001670	e0069053	fclass.s	x0,f13	 f13:0xffc00000
      69925.000 ns	      6991	80001674	41728eb3	sub	x29,x5,x23	  x5:0x00000000 x23:0x00000000 x29=0x00000000
      69945.000 ns	      6993	80001678	c00e7fd3	fcvt.w.s	x31,f28	 f28:0x7fc00000 x31=0x7fffffff
      69975.000 ns	      6996	8000167c	d00277d3	fcvt.s.w	f15,x4	  x4:0x00000001 f15=0x3f800000
      70005.000 ns	      6999	80001680	d01c9b53	fcvt.s.wu	f22,x25	 x25:0x0e392982 f22=0x4d639298
      70035.000 ns	      7002	80001684	e00a95d3	fclass.s	x11,f21	 f21:0x7fc00000 x11=0x00000200
      70055.000 ns	      7004	80001688	574dca13	xori	x20,x27,1396	 x27:0x00000000 x20=0x00000574
      70075.000 ns	      7006	8000168c	a0681ed3	flt.s	x29,f16,f6	 f16:0x80000000  f6:0x4f100000 x29=0x00000001
      70095.000 ns	      7008	80001690	0088c5b3	xor	x11,x17,x8	 x17:0x00000040  x8:0x00000001 x11=0x00000041
      70105.000 ns	      7009	80001694	e51b7517	auipc	x10,0xe51b7	 x10=0x651b8694
      70125.000 ns	      7011	80001698	02060eb3	mul	x29,x12,x0	 x12:0x01c72530  x0:0x00000000 x29=0x00000000
      70495.000 ns	      7048	8000169c	02eee133	rem	x2,x29,x14	 x29:0x00000001 x14:0x000005f3  x2=0x00000000
      70525.000 ns	      7051	800016a0	0235ac33	mulhsu	x24,x11,x3	 x11:0x00000041  x3:0x00000000 x24=0x00000000
      70545.000 ns	      7053	800016a4	005dd1b3	srl	x3,x27,x5	 x27:0x00000000  x5:0x00000000  x3=0x00000000
      70565.000 ns	      7055	800016a8	d0027953	fcvt.s.w	f18,x4	  x4:0x00000001 f18=0x3f800000
      70595.000 ns	      7058	800016ac	c000f453	fcvt.w.s	x8,f1	  f1:0x7fc00000  x8=0x7fffffff
      70625.000 ns	      7061	800016b0	03769d33	mulh	x26,x13,x23	 x13:0x00000000 x23:0x00000000 x26=0x00000000
      70645.000 ns	      7063	800016b4	00000013	addi	x0,x0,0	  x0:0x00000000
      70655.000 ns	      7064	800016b8	4199d833	sra	x16,x19,x25	 x19:0x00000000 x25:0x0e392982 x16=0x00000000
      70665.000 ns	      7065	800016bc	00867533	and	x10,x12,x8	 x12:0x01c72530  x8:0x7fffffff x10=0x01c72530
      71025.000 ns	      7101	800016c0	02445e33	divu	x28,x8,x4	  x8:0x7fffffff  x4:0x00000001 x28=0x7fffffff
      71045.000 ns	      7103	800016c4	29907a13	andi	x20,x0,665	  x0:0x00000000 x20=0x00000000
      71065.000 ns	      7105	800016c8	02f73ab3	mulhu	x21,x14,x15	 x14:0x000005f3 x15:0x80040fe4 x21=0x000002f9
      71085.000 ns	      7107	800016cc	d63c3d13	sltiu	x26,x24,-669	 x24:0x00000000 x26=0x00000001
      71105.000 ns	      7109	800016d0	283b11d3	fmax.s	f3,f22,f3	 f22:0x4d639298  f3:0x80000000  f3=0x4d639298
      71135.000 ns	      7112	800016d4	288e14d3	fmax.s	f9,f28,f8	 f28:0x7fc00000  f8:0x80000000  f9=0x80000000
      71165.000 ns	      7115	800016d8	03036733	rem	x14,x6,x16	  x6:0x80041024 x16:0x00000000 x14=0x80041024
      71185.000 ns	      7117	800016dc	00e36b33	or	x22,x6,x14	  x6:0x80041024 x14:0x000005f3 x22=0x80041024
      71545.000 ns	      7153	800016e0	03fa6a33	rem	x20,x20,x31	 x20:0x00000000 x31:0x7fffffff x20=0x00000000
      71575.000 ns	      7156	800016e4	c0167053	fcvt.wu.s	x0,f12	 f12:0x00000000
      71605.000 ns	      7159	800016e8	035a0a33	mul	x20,x20,x21	 x20:0x00000000 x21:0x000002f9 x20=0x00000000
      71625.000 ns	      7161	800016ec	40208eb3	sub	x29,x1,x2	  x1:0xffffffff  x2:0x00000000 x29=0xffffffff
      71635.000 ns	      7162	800016f0	00e98c33	add	x24,x19,x14	 x19:0x00000000 x14:0x80041024 x24=0x80041024
      71655.000 ns	      7164	800016f4	c00cfdd3	fcvt.w.s	x27,f25	 f25:0x7fc00000 x27=0x7fffffff
      71675.000 ns	      7166	800016f8	008e6bb3	or	x23,x28,x8	 x28:0x7fffffff  x8:0x7fffffff x23=0x7fffffff
      71685.000 ns	      7167	800016fc	00cc1413	slli	x8,x24,0xc	 x24:0x80041024  x8=0x41024000
      71715.000 ns	      7170	80001700	58047553	fsqrt.s	f10,f8	  f8:0x80000000 f10=0x80000000
      71765.000 ns	      7175	80001704	014df5d3	fadd.s	f11,f27,f20	 f27:0x7fc00000 f20:0xff800000 f11=0x7fc00000
      71795.000 ns	      7178	80001708	c00a79d3	fcvt.w.s	x19,f20	 f20:0xff800000 x19=0x80000000
      71815.000 ns	      7180	8000170c	4111d8b3	sra	x17,x3,x17	  x3:0x00000000 x17:0x00000040 x17=0x00000000
      71835.000 ns	      7182	80001710	02c78233	mul	x4,x15,x12	 x15:0x80040fe4 x12:0x01c72530  x4=0xd54aeec0
      71865.000 ns	      7185	80001714	0348a533	mulhsu	x10,x17,x20	 x17:0x00000040 x20:0x00000000 x10=0x00000000
      71905.000 ns	      7189	80001718	117e7653	fmul.s	f12,f28,f23	 f28:0x7fc00000 f23:0xff800000 f12=0x7fc00000
      72275.000 ns	      7226	8000171c	024a49b3	div	x19,x20,x4	 x20:0x00000000  x4:0xd54aeec0 x19=0x00000000
      72295.000 ns	      7228	80001720	01fd1f33	sll	x30,x26,x31	 x26:0x00000001 x31:0x7fffffff x30=0x80000000
      72325.000 ns	      7231	80001724	18627b53	fdiv.s	f22,f4,f6	  f4:0xff800000  f6:0x4f100000 f22=0xff800000
      72375.000 ns	      7236	80001728	004a70d3	fadd.s	f1,f20,f4	 f20:0xff800000  f4:0xff800000  f1=0x80000000
      72395.000 ns	      7238	8000172c	01b56c33	or	x24,x10,x27	 x10:0x00000000 x27:0x7fffffff x24=0x7fffffff
      72415.000 ns	      7240	80001730	a0c129d3	feq.s	x19,f2,f12	  f2:0x7fc00000 f12:0x7fc00000 x19=0x00000000
      72445.000 ns	      7243	80001734	f0038cd3	fmv.w.x	f25,x7	  x7:0xfffff936 f25=0xfffff936
      72475.000 ns	      7246	80001738	a0821853	flt.s	x16,f4,f8	  f4:0xff800000  f8:0x80000000 x16=0x00000001
      72505.000 ns	      7249	8000173c	e00d14d3	fclass.s	x9,f26	 f26:0x00000000  x9=0x00000010
      72525.000 ns	      7251	80001740	01e29133	sll	x2,x5,x30	  x5:0x00000000 x30:0x80000000  x2=0x00000000
      72545.000 ns	      7253	80001744	28590ed3	fmin.s	f29,f18,f5	 f18:0x3f800000  f5:0x00000000 f29=0x00000000
      72575.000 ns	      7256	80001748	e00c9653	fclass.s	x12,f25	 f25:0xfffff936 x12=0x00000200
      72605.000 ns	      7259	8000174c	d01ace53	fcvt.s.wu	f28,x21	 x21:0x000002f9 f28=0x443e4000
      72625.000 ns	      7261	80001750	a8e3a493	slti	x9,x7,-1394	  x7:0xfffff936  x9=0x00000001
      72645.000 ns	      7263	80001754	f00b80d3	fmv.w.x	f1,x23	 x23:0x7fffffff  f1=0x7fffffff
      72665.000 ns	      7265	80001758	010a5fb3	srl	x31,x20,x16	 x20:0x00000000 x16:0x00000001 x31=0x00000000
      72695.000 ns	      7268	8000175c	1913f153	fdiv.s	f2,f7,f17	  f7:0x00000000 f17:0xff800000  f2=0x80000000
      72725.000 ns	      7271	80001760	e00f16d3	fclass.s	x13,f30	 f30:0x085406b2 x13=0x00000040
      72775.000 ns	      7276	80001764	099df653	fsub.s	f12,f27,f25	 f27:0x7fc00000 f25:0xfffff936 f12=0x7fc00000
      72805.000 ns	      7279	80001768	a0200bd3	fle.s	x23,f0,f2	  f0:0x800000d4  f2:0x80000000 x23=0x00000001
      72825.000 ns	      7281	8000176c	01b51633	sll	x12,x10,x27	 x10:0x00000000 x27:0x7fffffff x12=0x00000000
      72845.000 ns	      7283	80001770	a0dca9d3	feq.s	x19,f25,f13	 f25:0xfffff936 f13:0xffc00000 x19=0x00000000
      72865.000 ns	      7285	80001774	01805d13	srli	x26,x0,0x18	  x0:0x00000000 x26=0x00000000
      72885.000 ns	      7287	80001778	21238553	fsgnj.s	f10,f7,f18	  f7:0x00000000 f18:0x3f800000 f10=0x00000000
      72915.000 ns	      7290	8000177c	034cc6b3	div	x13,x25,x20	 x25:0x0e392982 x20:0x00000000 x13=0xffffffff
      72965.000 ns	      7295	80001780	002070d3	fadd.s	f1,f0,f2	  f0:0x800000d4  f2:0x80000000  f1=0x800000d4
      72995.000 ns	      7298	80001784	0226b2b3	mulhu	x5,x13,x2	 x13:0xffffffff  x2:0x00000000  x5=0x00000000
      73365.000 ns	      7335	80001788	028c7133	remu	x2,x24,x8	 x24:0x7fffffff  x8:0x41024000  x2=0x3efdbfff
      73395.000 ns	      7338	8000178c	03a66933	rem	x18,x12,x26	 x12:0x00000000 x26:0x00000000 x18=0x00000000
      73415.000 ns	      7340	80001790	101f3413	sltiu	x8,x30,257	 x30:0x80000000  x8=0x00000000
      73425.000 ns	      7341	80001794	c4686717	auipc	x14,0xc4686	 x14=0x44687794
      73435.000 ns	      7342	80001798	00c1d133	srl	x2,x3,x12	  x3:0x00000000 x12:0x00000000  x2=0x00000000
      73475.000 ns	      7346	8000179c	00a6bcd3	fadd.s	f25,f13,f10	 f13:0xffc00000 f10:0x00000000 f25=0x7fc00000
      73505.000 ns	      7349	800017a0	d01dbd53	fcvt.s.wu	f26,x27	 x27:0x7fffffff f26=0x4f000000
      73535.000 ns	      7352	800017a4	299306d3	fmin.s	f13,f6,f25	  f6:0x4f100000 f25:0x7fc00000 f13=0x4f100000
      73555.000 ns	      7354	800017a8	0191deb3	srl	x29,x3,x25	  x3:0x00000000 x25:0x0e392982 x29=0x00000000
      73585.000 ns	      7357	800017ac	58007bd3	fsqrt.s	f23,f0	  f0:0x800000d4 f23=0x7fc00000
      73955.000 ns	      7394	800017b0	02934fb3	div	x31,x6,x9	  x6:0x80041024  x9:0x00000001 x31=0x80041024
      73975.000 ns	      7396	800017b4	8a6de713	ori	x14,x27,-1882	 x27:0x7fffffff x14=0xffffffff
      73985.000 ns	      7397	800017b8	0044ae33	slt	x28,x9,x4	  x9:0x00000001  x4:0xd54aeec0 x28=0x00000000
      73995.000 ns	      7398	800017bc	40915a33	sra	x20,x2,x9	  x2:0x00000000  x9:0x00000001 x20=0x00000000
      74015.000 ns	      7400	800017c0	a14aaf53	feq.s	x30,f21,f20	 f21:0x7fc00000 f20:0xff800000 x30=0x00000000
      74045.000 ns	      7403	800017c4	a14c1553	flt.s	x10,f24,f20	 f24:0x00000000 f20:0xff800000 x10=0x00000000
      74095.000 ns	      7408	800017c8	087d7f53	fsub.s	f30,f26,f7	 f26:0x4f000000  f7:0x00000000 f30=0x4f000000
      74125.000 ns	      7411	800017cc	20722f53	fsgnjx.s	f30,f4,f7	  f4:0xff800000  f7:0x00000000 f30=0xff800000
      74155.000 ns	      7414	800017d0	02262433	mulhsu	x8,x12,x2	 x12:0x00000000  x2:0x00000000  x8=0x00000000
      74185.000 ns	      7417	800017d4	e00a10d3	fclass.s	x1,f20	 f20:0xff800000  x1=0x00000001
      74205.000 ns	      7419	800017d8	0192c933	xor	x18,x5,x25	  x5:0x00000000 x25:0x0e392982 x18=0x0e392982
      74225.000 ns	      7421	800017dc	200e1353	fsgnjn.s	f6,f28,f0	 f28:0x443e4000  f0:0x800000d4  f6=0x443e4000
      74255.000 ns	      7424	800017e0	a08d9753	flt.s	x14,f27,f8	 f27:0x7fc00000  f8:0x80000000 x14=0x00000000
      74275.000 ns	      7426	800017e4	41de04b3	sub	x9,x28,x29	 x28:0x00000000 x29:0x00000000  x9=0x00000000
      74285.000 ns	      7427	800017e8	40046593	ori	x11,x8,1024	  x8:0x00000000 x11=0x00000400
      74295.000 ns	      7428	800017ec	000035b3	sltu	x11,x0,x0	  x0:0x00000000  x0:0x00000000 x11=0x00000000
      74305.000 ns	      7429	800017f0	383b0eb7	lui	x29,0x383b0	 x29=0x383b0000
      74345.000 ns	      7433	800017f4	08b218d3	fsub.s	f17,f4,f11	  f4:0xff800000 f11:0x7fc00000 f17=0x7fc00000
      74365.000 ns	      7435	800017f8	00000013	addi	x0,x0,0	  x0:0x00000000
      74385.000 ns	      7437	800017fc	025b2933	mulhsu	x18,x22,x5	 x22:0x80041024  x5:0x00000000 x18=0x00000000
      74415.000 ns	      7440	80001800	e00383d3	fmv.x.w	x7,f7	  f7:0x00000000  x7=0x00000000
      74445.000 ns	      7443	80001804	e0051a53	fclass.s	x20,f10	 f10:0x00000000 x20=0x00000010
      74475.000 ns	      7446	80001808	219e06d3	fsgnj.s	f13,f28,f25	 f28:0x443e4000 f25:0x7fc00000 f13=0x443e4000
      74495.000 ns	      7448	8000180c	01e09d93	slli	x27,x1,0x1e	  x1:0x00000001 x27=0x40000000
      74505.000 ns	      7449	80001810	01045e33	srl	x28,x8,x16	  x8:0x00000000 x16:0x00000001 x28=0x00000000
      74525.000 ns	      7451	80001814	02ae6133	rem	x2,x28,x10	 x28:0x00000000 x10:0x00000000  x2=0x00000000
      74555.000 ns	      7454	80001818	0351aab3	mulhsu	x21,x3,x21	  x3:0x00000000 x21:0x000002f9 x21=0x00000000
      74575.000 ns	      7456	8000181c	018c4a33	xor	x20,x24,x24	 x24:0x7fffffff x24:0x7fffffff x20=0x00000000
      74585.000 ns	      7457	80001820	00763733	sltu	x14,x12,x7	 x12:0x00000000  x7:0x00000000 x14=0x00000000
      74605.000 ns	      7459	80001824	21271ad3	fsgnjn.s	f21,f14,f18	 f14:0x7fc00000 f18:0x3f800000 f21=0xffc00000
      74635.000 ns	      7462	80001828	29b69fd3	fmax.s	f31,f13,f27	 f13:0x443e4000 f27:0x7fc00000 f31=0x443e4000
      74655.000 ns	      7464	8000182c	01b17433	and	x8,x2,x27	  x2:0x00000000 x27:0x40000000  x8=0x00000000
      74665.000 ns	      7465	80001830	c4102a13	slti	x20,x0,-959	  x0:0x00000000 x20=0x00000000
      74685.000 ns	      7467	80001834	c00b7953	fcvt.w.s	x18,f22	 f22:0xff800000 x18=0x80000000
      74715.000 ns	      7470	80001838	03af5833	divu	x16,x30,x26	 x30:0x00000000 x26:0x00000000 x16=0xffffffff
      74735.000 ns	      7472	8000183c	40750933	sub	x18,x10,x7	 x10:0x00000000  x7:0x00000000 x18=0x00000000
      75095.000 ns	      7508	80001840	0305ff33	remu	x30,x11,x16	 x11:0x00000000 x16:0xffffffff x30=0x00000000
      75115.000 ns	      7510	80001844	01e139b3	sltu	x19,x2,x30	  x2:0x00000000 x30:0x00000000 x19=0x00000000
      75125.000 ns	      7511	80001848	00744633	xor	x12,x8,x7	  x8:0x00000000  x7:0x00000000 x12=0x00000000
      75145.000 ns	      7513	8000184c	c002f2d3	fcvt.w.s	x5,f5	  f5:0x00000000  x5=0x00000000
      75515.000 ns	      7550	80001850	03057933	remu	x18,x10,x16	 x10:0x00000000 x16:0xffffffff x18=0x00000000
      75545.000 ns	      7553	80001854	21e78dd3	fsgnj.s	f27,f15,f30	 f15:0x3f800000 f30:0xff800000 f27=0xbf800000
      75575.000 ns	      7556	80001858	02bfe2b3	rem	x5,x31,x11	 x31:0x80041024 x11:0x00000000  x5=0x80041024
      75605.000 ns	      7559	8000185c	283c9dd3	fmax.s	f27,f25,f3	 f25:0x7fc00000  f3:0x4d639298 f27=0x4d639298
      75635.000 ns	      7562	80001860	03a172b3	remu	x5,x2,x26	  x2:0x00000000 x26:0x00000000  x5=0x00000000
      75665.000 ns	      7565	80001864	a1f5a1d3	feq.s	x3,f11,f31	 f11:0x7fc00000 f31:0x443e4000  x3=0x00000000
      75685.000 ns	      7567	80001868	1ae0f293	andi	x5,x1,430	  x1:0x00000001  x5=0x00000000
      75695.000 ns	      7568	8000186c	402dd1b3	sra	x3,x27,x2	 x27:0x40000000  x2:0x00000000  x3=0x40000000
      75715.000 ns	      7570	80001870	029fe533	rem	x10,x31,x9	 x31:0x80041024  x9:0x00000000 x10=0x80041024
      76085.000 ns	      7607	80001874	0370e2b3	rem	x5,x1,x23	  x1:0x00000001 x23:0x00000001  x5=0x00000000
      76455.000 ns	      7644	80001878	03d7e433	rem	x8,x15,x29	 x15:0x80040fe4 x29:0x383b0000  x8=0xf07a0fe4
      76505.000 ns	      7649	8000187c	0059c353	fadd.s	f6,f19,f5	 f19:0x80000000  f5:0x00000000  f6=0x00000000
      76535.000 ns	      7652	80001880	d00a80d3	fcvt.s.w	f1,x21	 x21:0x00000000  f1=0x00000000
      76565.000 ns	      7655	80001884	03d53533	mulhu	x10,x10,x29	 x10:0x80041024 x29:0x383b0000 x10=0x1c1e6477
      76595.000 ns	      7658	80001888	d0007153	fcvt.s.w	f2,x0	  x0:0x00000000  f2=0x00000000
      76625.000 ns	      7661	8000188c	a124a553	feq.s	x10,f9,f18	  f9:0x80000000 f18:0x3f800000 x10=0x00000000
      76655.000 ns	      7664	80001890	284288d3	fmin.s	f17,f5,f4	  f5:0x00000000  f4:0xff800000 f17=0xff800000
      76675.000 ns	      7666	80001894	015ee0b3	or	x1,x29,x21	 x29:0x383b0000 x21:0x00000000  x1=0x383b0000
      76695.000 ns	      7668	80001898	20948653	fsgnj.s	f12,f9,f9	  f9:0x80000000  f9:0x80000000 f12=0x80000000
      76715.000 ns	      7670	8000189c	58fc29b7	lui	x19,0x58fc2	 x19=0x58fc2000
      76745.000 ns	      7673	800018a0	118f7153	fmul.s	f2,f30,f24	 f30:0xff800000 f24:0x00000000  f2=0x7fc00000
      76765.000 ns	      7675	800018a4	004e30b3	sltu	x1,x28,x4	 x28:0x00000000  x4:0xd54aeec0  x1=0x00000001
      76775.000 ns	      7676	800018a8	08ddc613	xori	x12,x27,141	 x27:0x40000000 x12=0x4000008d
      76785.000 ns	      7677	800018ac	f6d92213	slti	x4,x18,-147	 x18:0x00000000  x4=0x00000000
      76795.000 ns	      7678	800018b0	019fad33	slt	x26,x31,x25	 x31:0x80041024 x25:0x0e392982 x26=0x00000001
      76805.000 ns	      7679	800018b4	9e75a293	slti	x5,x11,-1561	 x11:0x00000000  x5=0x00000000
      76815.000 ns	      7680	800018b8	00eeb0b3	sltu	x1,x29,x14	 x29:0x383b0000 x14:0x00000000  x1=0x00000000
      76845.000 ns	      7683	800018bc	1805f6d3	fdiv.s	f13,f11,f0	 f11:0x7fc00000  f0:0x800000d4 f13=0x7fc00000
      76875.000 ns	      7686	800018c0	a1570b53	fle.s	x22,f14,f21	 f14:0x7fc00000 f21:0xffc00000 x22=0x00000000
      76905.000 ns	      7689	800018c4	02796ab3	rem	x21,x18,x7	 x18:0x00000000  x7:0x00000000 x21=0x00000000
      76935.000 ns	      7692	800018c8	29a39fd3	fmax.s	f31,f7,f26	  f7:0x00000000 f26:0x4f000000 f31=0x4f000000
      76955.000 ns	      7694	800018cc	01b35e93	srli	x29,x6,0x1b	  x6:0x80041024 x29=0x00000010
      76985.000 ns	      7697	800018d0	18564a53	fdiv.s	f20,f12,f5	 f12:0x80000000  f5:0x00000000 f20=0x7fc00000
      77015.000 ns	      7700	800018d4	d01c8253	fcvt.s.wu	f4,x25	 x25:0x0e392982  f4=0x4d639298
      77065.000 ns	      7705	800018d8	094d7e53	fsub.s	f28,f26,f20	 f26:0x4f000000 f20:0x7fc00000 f28=0x7fc00000
      77115.000 ns	      7710	800018dc	012d7853	fadd.s	f16,f26,f18	 f26:0x4f000000 f18:0x3f800000 f16=0x4f000000
      77135.000 ns	      7712	800018e0	ce23cd37	lui	x26,0xce23c	 x26=0xce23c000
      77495.000 ns	      7748	800018e4	0302de33	divu	x28,x5,x16	  x5:0x00000000 x16:0xffffffff x28=0x00000000
      77525.000 ns	      7751	800018e8	030b0133	mul	x2,x22,x16	 x22:0x00000000 x16:0xffffffff  x2=0x00000000
      77545.000 ns	      7753	800018ec	015bd893	srli	x17,x23,0x15	 x23:0x00000001 x17=0x00000000
      77555.000 ns	      7754	800018f0	597a2993	slti	x19,x20,1431	 x20:0x00000000 x19=0x00000001
      77565.000 ns	      7755	800018f4	45b10e93	addi	x29,x2,1115	  x2:0x00000000 x29=0x0000045b
      77575.000 ns	      7756	800018f8	e09a4917	auipc	x18,0xe09a4	 x18=0x609a58f8
      77585.000 ns	      7757	800018fc	013f0833	add	x16,x30,x19	 x30:0x00000000 x19:0x00000001 x16=0x00000001
      77605.000 ns	      7759	80001900	e00f0a53	fmv.x.w	x20,f30	 f30:0xff800000 x20=0xff800000
      77625.000 ns	      7761	80001904	0de58193	addi	x3,x11,222	 x11:0x00000000  x3=0x000000de
      77655.000 ns	      7764	80001908	1159fbd3	fmul.s	f23,f19,f21	 f19:0x80000000 f21:0xffc00000 f23=0x7fc00000
      77685.000 ns	      7767	8000190c	037db133	mulhu	x2,x27,x23	 x27:0x40000000 x23:0x00000001  x2=0x00000000
      77725.000 ns	      7771	80001910	19064fd3	fdiv.s	f31,f12,f16	 f12:0x80000000 f16:0x4f000000 f31=0x80000000
      77745.000 ns	      7773	80001914	4169d913	srai	x18,x19,0x16	 x19:0x00000001 x18=0x00000000
      78105.000 ns	      7809	80001918	03b4feb3	remu	x29,x9,x27	  x9:0x00000000 x27:0x40000000 x29=0x00000000
      78125.000 ns	      7811	8000191c	013a2133	slt	x2,x20,x19	 x20:0xff800000 x19:0x00000001  x2=0x00000001
      78135.000 ns	      7812	80001920	0d3d1e37	lui	x28,0xd3d1	 x28=0x0d3d1000
      78145.000 ns	      7813	80001924	0037b133	sltu	x2,x15,x3	 x15:0x80040fe4  x3:0x000000de  x2=0x00000000
      78165.000 ns	      7815	80001928	20d9abd3	fsgnjx.s	f23,f19,f13	 f19:0x80000000 f13:0x7fc00000 f23=0x80000000
      78535.000 ns	      7852	8000192c	0289e3b3	rem	x7,x19,x8	 x19:0x00000001  x8:0xf07a0fe4  x7=0x00000001
      78565.000 ns	      7855	80001930	20a30a53	fsgnj.s	f20,f6,f10	  f6:0x00000000 f10:0x00000000 f20=0x00000000
      78585.000 ns	      7857	80001934	002e3233	sltu	x4,x28,x2	 x28:0x0d3d1000  x2:0x00000000  x4=0x00000000
      78625.000 ns	      7861	80001938	08e23353	fsub.s	f6,f4,f14	  f4:0x4d639298 f14:0x7fc00000  f6=0x7fc00000
      78655.000 ns	      7864	8000193c	038394b3	mulh	x9,x7,x24	  x7:0x00000001 x24:0x7fffffff  x9=0x00000000
      78685.000 ns	      7867	80001940	e00a0dd3	fmv.x.w	x27,f20	 f20:0x00000000 x27=0x00000000
      78705.000 ns	      7869	80001944	01a91b33	sll	x22,x18,x26	 x18:0x00000000 x26:0xce23c000 x22=0x00000000
      79065.000 ns	      7905	80001948	028259b3	divu	x19,x4,x8	  x4:0x00000000  x8:0xf07a0fe4 x19=0x00000000
      79085.000 ns	      7907	8000194c	008e3a33	sltu	x20,x28,x8	 x28:0x0d3d1000  x8:0xf07a0fe4 x20=0x00000001
      79445.000 ns	      7943	80001950	0264f933	remu	x18,x9,x6	  x9:0x00000000  x6:0x80041024 x18=0x00000000
      79465.000 ns	      7945	80001954	004460b3	or	x1,x8,x4	  x8:0xf07a0fe4  x4:0x00000000  x1=0xf07a0fe4
      79475.000 ns	      7946	80001958	00def033	and	x0,x29,x13	 x29:0x00000000 x13:0xffffffff
      79835.000 ns	      7982	8000195c	03cf4a33	div	x20,x30,x28	 x30:0x00000000 x28:0x0d3d1000 x20=0x00000000
      79865.000 ns	      7985	80001960	03a22fb3	mulhsu	x31,x4,x26	  x4:0x00000000 x26:0xce23c000 x31=0x00000000
      79905.000 ns	      7989	80001964	18317153	fdiv.s	f2,f2,f3	  f2:0x7fc00000  f3:0x4d639298  f2=0x7fc00000
      79925.000 ns	      7991	80001968	401c0db3	sub	x27,x24,x1	 x24:0x7fffffff  x1:0xf07a0fe4 x27=0x8f85f01b
      79955.000 ns	      7994	8000196c	10fe7bd3	fmul.s	f23,f28,f15	 f28:0x7fc00000 f15:0x3f800000 f23=0x7fc00000
      79985.000 ns	      7997	80001970	e00b8f53	fmv.x.w	x30,f23	 f23:0x80000000 x30=0x7fc00000
      80015.000 ns	      8000	80001974	a0df9453	flt.s	x8,f31,f13	 f31:0x80000000 f13:0x7fc00000  x8=0x00000000
      80055.000 ns	      8004	80001978	18ab00d3	fdiv.s	f1,f22,f10	 f22:0xff800000 f10:0x00000000  f1=0xff800000
      80085.000 ns	      8007	8000197c	28c01353	fmax.s	f6,f0,f12	  f0:0x800000d4 f12:0x80000000  f6=0x80000000
      80115.000 ns	      8010	80001980	28f413d3	fmax.s	f7,f8,f15	  f8:0x80000000 f15:0x3f800000  f7=0x3f800000
      80135.000 ns	      8012	80001984	4009d193	srai	x3,x19,0x0	 x19:0x00000000  x3=0x00000000
      80155.000 ns	      8014	80001988	c0037d53	fcvt.w.s	x26,f6	  f6:0x80000000 x26=0x00000000
      80175.000 ns	      8016	8000198c	0196d693	srli	x13,x13,0x19	 x13:0xffffffff x13=0x0000007f
      80215.000 ns	      8020	80001990	00c27bd3	fadd.s	f23,f4,f12	  f4:0x4d639298 f12:0x80000000 f23=0x4d639298
      80255.000 ns	      8024	80001994	18e49ed3	fdiv.s	f29,f9,f14	  f9:0x80000000 f14:0x7fc00000 f29=0x7fc00000
      80285.000 ns	      8027	80001998	e00412d3	fclass.s	x5,f8	  f8:0x80000000  x5=0x00000008
      80305.000 ns	      8029	8000199c	1646b913	sltiu	x18,x13,356	 x13:0x0000007f x18=0x00000001
      80325.000 ns	      8031	800019a0	02bab533	mulhu	x10,x21,x11	 x21:0x00000000 x11:0x00000000 x10=0x00000000
      80345.000 ns	      8033	800019a4	0182d6b3	srl	x13,x5,x24	  x5:0x00000008 x24:0x7fffffff x13=0x00000000
      80355.000 ns	      8034	800019a8	63d20e37	lui	x28,0x63d20	 x28=0x63d20000
      80375.000 ns	      8036	800019ac	e0060753	fmv.x.w	x14,f12	 f12:0x80000000 x14=0x80000000
      80745.000 ns	      8073	800019b0	027441b3	div	x3,x8,x7	  x8:0x00000000  x7:0x00000001  x3=0x00000000
      80775.000 ns	      8076	800019b4	a1f32753	feq.s	x14,f6,f31	  f6:0x80000000 f31:0x80000000 x14=0x00000001
      80805.000 ns	      8079	800019b8	20bf1dd3	fsgnjn.s	f27,f30,f11	 f30:0xff800000 f11:0x7fc00000 f27=0xff800000
      80835.000 ns	      8082	800019bc	e00b0bd3	fmv.x.w	x23,f22	 f22:0xff800000 x23=0xff800000
      80865.000 ns	      8085	800019c0	d0153cd3	fcvt.s.wu	f25,x10	 x10:0x00000000 f25=0x00000000
      80895.000 ns	      8088	800019c4	21922f53	fsgnjx.s	f30,f4,f25	  f4:0x4d639298 f25:0x7fc00000 f30=0x4d639298
      80925.000 ns	      8091	800019c8	a0d52753	feq.s	x14,f10,f13	 f10:0x00000000 f13:0x7fc00000 x14=0x00000000
      80955.000 ns	      8094	800019cc	c01e2a53	fcvt.wu.s	x20,f28	 f28:0x7fc00000 x20=0xffffffff
      80975.000 ns	      8096	800019d0	c6892413	slti	x8,x18,-920	 x18:0x00000001  x8=0x00000000
      81005.000 ns	      8099	800019d4	11a84ad3	fmul.s	f21,f16,f26	 f16:0x4f000000 f26:0x4f000000 f21=0x5e800000
      81035.000 ns	      8102	800019d8	a09d1ed3	flt.s	x29,f26,f9	 f26:0x4f000000  f9:0x80000000 x29=0x00000000
      81065.000 ns	      8105	800019dc	211d0b53	fsgnj.s	f22,f26,f17	 f26:0x4f000000 f17:0xff800000 f22=0xcf000000
      81115.000 ns	      8110	800019e0	016e0553	fadd.s	f10,f28,f22	 f28:0x7fc00000 f22:0xff800000 f10=0x7fc00000
      81135.000 ns	      8112	800019e4	0089c8b3	xor	x17,x19,x8	 x19:0x00000000  x8:0x00000000 x17=0x00000000
      81145.000 ns	      8113	800019e8	00df5513	srli	x10,x30,0xd	 x30:0x7fc00000 x10=0x0003fe00
      81155.000 ns	      8114	800019ec	070d4d13	xori	x26,x26,112	 x26:0x00000000 x26=0x00000070
      81165.000 ns	      8115	800019f0	f3844013	xori	x0,x8,-200	  x8:0x00000000
      81175.000 ns	      8116	800019f4	017e4c33	xor	x24,x28,x23	 x28:0x63d20000 x23:0xff800000 x24=0x9c520000
      81195.000 ns	      8118	800019f8	e0078f53	fmv.x.w	x30,f15	 f15:0x3f800000 x30=0x3f800000
      81245.000 ns	      8123	800019fc	0856fc53	fsub.s	f24,f13,f5	 f13:0x7fc00000  f5:0x00000000 f24=0x7fc00000
      81275.000 ns	      8126	80001a00	020ce4b3	rem	x9,x25,x0	 x25:0x0e392982  x0:0x00000000  x9=0x0e392982
      81305.000 ns	      8129	80001a04	e00a9bd3	fclass.s	x23,f21	 f21:0x5e800000 x23=0x00000040
      81675.000 ns	      8166	80001a08	03bbe133	rem	x2,x23,x27	 x23:0xff800000 x27:0x8f85f01b  x2=0x00000040
      81695.000 ns	      8168	80001a0c	31472fb7	lui	x31,0x31472	 x31=0x31472000
      81705.000 ns	      8169	80001a10	00cc4bb3	xor	x23,x24,x12	 x24:0x9c520000 x12:0x4000008d x23=0xdc52008d
      81725.000 ns	      8171	80001a14	a161a0d3	feq.s	x1,f3,f22	  f3:0x4d639298 f22:0xcf000000  x1=0x00000000
      81745.000 ns	      8173	80001a18	01d45533	srl	x10,x8,x29	  x8:0x00000000 x29:0x00000000 x10=0x00000000
      81765.000 ns	      8175	80001a1c	c01c42d3	fcvt.wu.s	x5,f24	 f24:0x7fc00000  x5=0xffffffff
      82135.000 ns	      8212	80001a20	037dcbb3	div	x23,x27,x23	 x27:0x8f85f01b x23:0xdc52008d x23=0x00000003
      82165.000 ns	      8215	80001a24	d0120e53	fcvt.s.wu	f28,x4	  x4:0x00000000 f28=0x00000000
      82185.000 ns	      8217	80001a28	414785b3	sub	x11,x15,x20	 x15:0x80040fe4 x20:0xffffffff x11=0x80040fe5
      82195.000 ns	      8218	80001a2c	fb5a2a97	auipc	x21,0xfb5a2	 x21=0x7b5a3a2c
      82215.000 ns	      8220	80001a30	a12110d3	flt.s	x1,f2,f18	  f2:0x7fc00000 f18:0x3f800000  x1=0x00000000
      82245.000 ns	      8223	80001a34	02272033	mulhsu	x0,x14,x2	 x14:0x00000000  x2:0x00000040
      82265.000 ns	      8225	80001a38	00000013	addi	x0,x0,0	  x0:0x00000000
      82305.000 ns	      8229	80001a3c	005cfcd3	fadd.s	f25,f25,f5	 f25:0x00000000  f5:0x00000000 f25=0x00000000
      82325.000 ns	      8231	80001a40	01245833	srl	x16,x8,x18	  x8:0x00000000 x18:0x00000001 x16=0x00000000
      82345.000 ns	      8233	80001a44	e0070d53	fmv.x.w	x26,f14	 f14:0x7fc00000 x26=0x7fc00000
      82375.000 ns	      8236	80001a48	28080553	fmin.s	f10,f16,f0	 f16:0x4f000000  f0:0x800000d4 f10=0x800000d4
      82395.000 ns	      8238	80001a4c	1b0aa413	slti	x8,x21,432	 x21:0x7b5a3a2c  x8=0x00000000
      82405.000 ns	      8239	80001a50	1399ab13	slti	x22,x19,313	 x19:0x00000000 x22=0x00000001
      82445.000 ns	      8243	80001a54	09e97ad3	fsub.s	f21,f18,f30	 f18:0x3f800000 f30:0x4d639298 f21=0xcd639297
      82815.000 ns	      8280	80001a58	0325f933	remu	x18,x11,x18	 x11:0x80040fe5 x18:0x00000001 x18=0x00000000
      82835.000 ns	      8282	80001a5c	01dfdab3	srl	x21,x31,x29	 x31:0x31472000 x29:0x00000000 x21=0x31472000
      82855.000 ns	      8284	80001a60	28b09053	fmax.s	f0,f1,f11	  f1:0xff800000 f11:0x7fc00000  f0=0xff800000
      83225.000 ns	      8321	80001a64	026efab3	remu	x21,x29,x6	 x29:0x00000000  x6:0x80041024 x21=0x00000000
      83245.000 ns	      8323	80001a68	006d80b3	add	x1,x27,x6	 x27:0x8f85f01b  x6:0x80041024  x1=0x0f8a003f
      83255.000 ns	      8324	80001a6c	008405b3	add	x11,x8,x8	  x8:0x00000000  x8:0x00000000 x11=0x00000000
      83275.000 ns	      8326	80001a70	d003f653	fcvt.s.w	f12,x7	  x7:0x00000001 f12=0x3f800000
      83315.000 ns	      8330	80001a74	580077d3	fsqrt.s	f15,f0	  f0:0xff800000 f15=0x7fc00000
      83345.000 ns	      8333	80001a78	c017f8d3	fcvt.wu.s	x17,f15	 f15:0x3f800000 x17=0xffffffff
      83375.000 ns	      8336	80001a7c	023f22b3	mulhsu	x5,x30,x3	 x30:0x3f800000  x3:0x00000000  x5=0x00000000
      83425.000 ns	      8341	80001a80	095837d3	fsub.s	f15,f16,f21	 f16:0x4f000000 f21:0xcd639297 f15=0x4f0e392a
      83455.000 ns	      8344	80001a84	29ec9d53	fmax.s	f26,f25,f30	 f25:0x00000000 f30:0x4d639298 f26=0x4d639298
      83505.000 ns	      8349	80001a88	099ef053	fsub.s	f0,f29,f25	 f29:0x7fc00000 f25:0x00000000  f0=0x7fc00000
      83535.000 ns	      8352	80001a8c	02a038b3	mulhu	x17,x0,x10	  x0:0x00000000 x10:0x00000000 x17=0x00000000
      84455.000 ns	      8444	80001a90	580839d3	fsqrt.s	f19,f16	 f16:0x4f000000 f19=0x46b50482
      84485.000 ns	      8447	80001a94	e0019153	fclass.s	x2,f3	  f3:0x4d639298  x2=0x00000040
      84515.000 ns	      8450	80001a98	295003d3	fmin.s	f7,f0,f21	  f0:0x7fc00000 f21:0xcd639297  f7=0xcd639297
      84535.000 ns	      8452	80001a9c	00e2b033	sltu	x0,x5,x14	  x5:0x00000000 x14:0x00000000
      84545.000 ns	      8453	80001aa0	002f44b3	xor	x9,x30,x2	 x30:0x3f800000  x2:0x00000040  x9=0x3f800040
      84555.000 ns	      8454	80001aa4	00755f13	srli	x30,x10,0x7	 x10:0x00000000 x30=0x00000000
      84575.000 ns	      8456	80001aa8	216312d3	fsgnjn.s	f5,f6,f22	  f6:0x80000000 f22:0xcf000000  f5=0x00000000
      84605.000 ns	      8459	80001aac	c003ffd3	fcvt.w.s	x31,f7	  f7:0xcd639297 x31=0x0e392970
      84635.000 ns	      8462	80001ab0	d00df0d3	fcvt.s.w	f1,x27	 x27:0x8f85f01b  f1=0xcee0f41f
      84655.000 ns	      8464	80001ab4	1ed1fd93	andi	x27,x3,493	  x3:0x00000000 x27=0x00000000
      84665.000 ns	      8465	80001ab8	015a5933	srl	x18,x20,x21	 x20:0xffffffff x21:0x00000000 x18=0xffffffff
      84685.000 ns	      8467	80001abc	f00c8d53	fmv.w.x	f26,x25	 x25:0x0e392982 f26=0x0e392982
      84705.000 ns	      8469	80001ac0	015cde13	srli	x28,x25,0x15	 x25:0x0e392982 x28=0x00000071
      84725.000 ns	      8471	80001ac4	e00f10d3	fclass.s	x1,f30	 f30:0x4d639298  x1=0x00000040
      84755.000 ns	      8474	80001ac8	c012fa53	fcvt.wu.s	x20,f5	  f5:0x00000000 x20=0x00000000
      84775.000 ns	      8476	80001acc	00715893	srli	x17,x2,0x7	  x2:0x00000040 x17=0x00000000
      84805.000 ns	      8479	80001ad0	199c9cd3	fdiv.s	f25,f25,f25	 f25:0x00000000 f25:0x00000000 f25=0x7fc00000
      84835.000 ns	      8482	80001ad4	030d71b3	remu	x3,x26,x16	 x26:0x7fc00000 x16:0x00000000  x3=0x7fc00000
      84865.000 ns	      8485	80001ad8	c000c453	fcvt.w.s	x8,f1	  f1:0xcee0f41f  x8=0x8f85f080
      84885.000 ns	      8487	80001adc	00000013	addi	x0,x0,0	  x0:0x00000000
      84895.000 ns	      8488	80001ae0	017c9db3	sll	x27,x25,x23	 x25:0x0e392982 x23:0x00000003 x27=0x71c94c10
      84915.000 ns	      8490	80001ae4	a09185d3	fle.s	x11,f3,f9	  f3:0x4d639298  f9:0x80000000 x11=0x00000000
      84945.000 ns	      8493	80001ae8	214f23d3	fsgnjx.s	f7,f30,f20	 f30:0x4d639298 f20:0x00000000  f7=0x4d639298
      84965.000 ns	      8495	80001aec	248d83b7	lui	x7,0x248d8	  x7=0x248d8000
      84985.000 ns	      8497	80001af0	a1bb19d3	flt.s	x19,f22,f27	 f22:0xcf000000 f27:0xff800000 x19=0x00000000
      85015.000 ns	      8500	80001af4	a10a9d53	flt.s	x26,f21,f16	 f21:0xcd639297 f16:0x4f000000 x26=0x00000001
      85035.000 ns	      8502	80001af8	3a2b6e93	ori	x29,x22,930	 x22:0x00000001 x29=0x000003a3
      85055.000 ns	      8504	80001afc	c01d7453	fcvt.wu.s	x8,f26	 f26:0x0e392982  x8=0x00000000
      85095.000 ns	      8508	80001b00	10ae7153	fmul.s	f2,f28,f10	 f28:0x00000000 f10:0x800000d4  f2=0x80000000
      85115.000 ns	      8510	80001b04	00ab2233	slt	x4,x22,x10	 x22:0x00000001 x10:0x00000000  x4=0x00000000
      85125.000 ns	      8511	80001b08	40a489b3	sub	x19,x9,x10	  x9:0x3f800040 x10:0x00000000 x19=0x3f800040
      85485.000 ns	      8547	80001b0c	029652b3	divu	x5,x12,x9	 x12:0x4000008d  x9:0x3f800040  x5=0x00000001
      85515.000 ns	      8550	80001b10	03a4b8b3	mulhu	x17,x9,x26	  x9:0x3f800040 x26:0x00000001 x17=0x00000000
      85535.000 ns	      8552	80001b14	00f07033	and	x0,x0,x15	  x0:0x00000000 x15:0x80040fe4
      85555.000 ns	      8554	80001b18	20deaed3	fsgnjx.s	f29,f29,f13	 f29:0x7fc00000 f13:0x7fc00000 f29=0x7fc00000
      85575.000 ns	      8556	80001b1c	e738a9b7	lui	x19,0xe738a	 x19=0xe738a000
      85585.000 ns	      8557	80001b20	00d56c33	or	x24,x10,x13	 x10:0x00000000 x13:0x00000000 x24=0x00000000
      85595.000 ns	      8558	80001b24	01e4d993	srli	x19,x9,0x1e	  x9:0x3f800040 x19=0x00000000
      85635.000 ns	      8562	80001b28	0010f3d3	fadd.s	f7,f1,f1	  f1:0xcee0f41f  f1:0xcee0f41f  f7=0xcf60f41f
      85655.000 ns	      8564	80001b2c	7c327413	andi	x8,x4,1987	  x4:0x00000000  x8=0x00000000
      85675.000 ns	      8566	80001b30	293f8a53	fmin.s	f20,f31,f19	 f31:0x80000000 f19:0x46b50482 f20=0x80000000
      85695.000 ns	      8568	80001b34	fd1dcb93	xori	x23,x27,-47	 x27:0x71c94c10 x23=0x8e36b3c1
      85715.000 ns	      8570	80001b38	c0107653	fcvt.wu.s	x12,f0	  f0:0x7fc00000 x12=0xffffffff
      85745.000 ns	      8573	80001b3c	28d18853	fmin.s	f16,f3,f13	  f3:0x4d639298 f13:0x7fc00000 f16=0x4d639298
      85775.000 ns	      8576	80001b40	039330b3	mulhu	x1,x6,x25	  x6:0x80041024 x25:0x0e392982  x1=0x071cce8b
      85805.000 ns	      8579	80001b44	c019f0d3	fcvt.wu.s	x1,f19	 f19:0x46b50482  x1=0x00005a82
      85825.000 ns	      8581	80001b48	002ab513	sltiu	x10,x21,2	 x21:0x00000000 x10=0x00000001
      85855.000 ns	      8584	80001b4c	18ccf1d3	fdiv.s	f3,f25,f12	 f25:0x7fc00000 f12:0x3f800000  f3=0x7fc00000
      85885.000 ns	      8587	80001b50	29740bd3	fmin.s	f23,f8,f23	  f8:0x80000000 f23:0x4d639298 f23=0x80000000
      85915.000 ns	      8590	80001b54	a10a02d3	fle.s	x5,f20,f16	 f20:0x80000000 f16:0x4d639298  x5=0x00000001
      85955.000 ns	      8594	80001b58	58072c53	fsqrt.s	f24,f14	 f14:0x7fc00000 f24=0x7fc00000
      85985.000 ns	      8597	80001b5c	204e8dd3	fsgnj.s	f27,f29,f4	 f29:0x7fc00000  f4:0x4d639298 f27=0x7fc00000
      86015.000 ns	      8600	80001b60	038bc733	div	x14,x23,x24	 x23:0x8e36b3c1 x24:0x00000000 x14=0xffffffff
      86045.000 ns	      8603	80001b64	294b8fd3	fmin.s	f31,f23,f20	 f23:0x80000000 f20:0x80000000 f31=0x80000000
      86075.000 ns	      8606	80001b68	d0062f53	fcvt.s.w	f30,x12	 x12:0xffffffff f30=0xbf800000
      86095.000 ns	      8608	80001b6c	0031e733	or	x14,x3,x3	  x3:0x7fc00000  x3:0x7fc00000 x14=0x7fc00000
      86135.000 ns	      8612	80001b70	010e1153	fadd.s	f2,f28,f16	 f28:0x00000000 f16:0x4d639298  f2=0x4d639298
      86175.000 ns	      8616	80001b74	580332d3	fsqrt.s	f5,f6	  f6:0x80000000  f5=0x80000000
      86205.000 ns	      8619	80001b78	a0978a53	fle.s	x20,f15,f9	 f15:0x4f0e392a  f9:0x80000000 x20=0x00000000
      86235.000 ns	      8622	80001b7c	29961d53	fmax.s	f26,f12,f25	 f12:0x3f800000 f25:0x7fc00000 f26=0x3f800000
      86255.000 ns	      8624	80001b80	01801c13	slli	x24,x0,0x18	  x0:0x00000000 x24=0x00000000
      86265.000 ns	      8625	80001b84	e3e5a193	slti	x3,x11,-450	 x11:0x00000000  x3=0x00000000
      86275.000 ns	      8626	80001b88	23a5e597	auipc	x11,0x23a5e	 x11=0xa3a5fb88
      86295.000 ns	      8628	80001b8c	e00706d3	fmv.x.w	x13,f14	 f14:0x7fc00000 x13=0x7fc00000
      86315.000 ns	      8630	80001b90	8e9d3593	sltiu	x11,x26,-1815	 x26:0x00000001 x11=0x00000001
      86335.000 ns	      8632	80001b94	20eb85d3	fsgnj.s	f11,f23,f14	 f23:0x80000000 f14:0x7fc00000 f11=0x00000000
      86365.000 ns	      8635	80001b98	28608dd3	fmin.s	f27,f1,f6	  f1:0xcee0f41f  f6:0x80000000 f27=0xcee0f41f
      86395.000 ns	      8638	80001b9c	d000b4d3	fcvt.s.w	f9,x1	  x1:0x00005a82  f9=0x46b50400
      86415.000 ns	      8640	80001ba0	0053e0b3	or	x1,x7,x5	  x7:0x248d8000  x5:0x00000001  x1=0x248d8001
      86435.000 ns	      8642	80001ba4	02e5a433	mulhsu	x8,x11,x14	 x11:0x00000001 x14:0x7fc00000  x8=0x00000000
      86455.000 ns	      8644	80001ba8	01761eb3	sll	x29,x12,x23	 x12:0xffffffff x23:0x8e36b3c1 x29=0xfffffffe
      86465.000 ns	      8645	80001bac	00000013	addi	x0,x0,0	  x0:0x00000000
      86475.000 ns	      8646	80001bb0	01841e33	sll	x28,x8,x24	  x8:0x00000000 x24:0x00000000 x28=0x00000000
      86495.000 ns	      8648	80001bb4	c0142253	fcvt.wu.s	x4,f8	  f8:0x80000000  x4=0x00000000
      86525.000 ns	      8651	80001bb8	033f88b3	mul	x17,x31,x19	 x31:0x0e392970 x19:0x00000000 x17=0x00000000
      86545.000 ns	      8653	80001bbc	0158b833	sltu	x16,x17,x21	 x17:0x00000000 x21:0x00000000 x16=0x00000000
      86555.000 ns	      8654	80001bc0	004de733	or	x14,x27,x4	 x27:0x71c94c10  x4:0x00000000 x14=0x71c94c10
      86565.000 ns	      8655	80001bc4	01305ab3	srl	x21,x0,x19	  x0:0x00000000 x19:0x00000000 x21=0x00000000
      86575.000 ns	      8656	80001bc8	00000013	addi	x0,x0,0	  x0:0x00000000
      86605.000 ns	      8659	80001bcc	189c7853	fdiv.s	f16,f24,f9	 f24:0x7fc00000  f9:0x46b50400 f16=0x7fc00000
      86625.000 ns	      8661	80001bd0	68f0f737	lui	x14,0x68f0f	 x14=0x68f0f000
      86645.000 ns	      8663	80001bd4	a1f32853	feq.s	x16,f6,f31	  f6:0x80000000 f31:0x80000000 x16=0x00000001
      86675.000 ns	      8666	80001bd8	286114d3	fmax.s	f9,f2,f6	  f2:0x4d639298  f6:0x80000000  f9=0x4d639298
      86705.000 ns	      8669	80001bdc	e00c0d53	fmv.x.w	x26,f24	 f24:0x7fc00000 x26=0x7fc00000
      86725.000 ns	      8671	80001be0	00ba5413	srli	x8,x20,0xb	 x20:0x00000000  x8=0x00000000
      86735.000 ns	      8672	80001be4	009dd513	srli	x10,x27,0x9	 x27:0x71c94c10 x10=0x0038e4a6
      86745.000 ns	      8673	80001be8	40ec8433	sub	x8,x25,x14	 x25:0x0e392982 x14:0x68f0f000  x8=0xa5483982
      86755.000 ns	      8674	80001bec	c0f7cf97	auipc	x31,0xc0f7c	 x31=0x40f7dbec
      86765.000 ns	      8675	80001bf0	015a3733	sltu	x14,x20,x21	 x20:0x00000000 x21:0x00000000 x14=0x00000000
      86785.000 ns	      8677	80001bf4	c01a7fd3	fcvt.wu.s	x31,f20	 f20:0x80000000 x31=0x00000000
      86815.000 ns	      8680	80001bf8	20f28fd3	fsgnj.s	f31,f5,f15	  f5:0x80000000 f15:0x4f0e392a f31=0x00000000
      86855.000 ns	      8684	80001bfc	11efc3d3	fmul.s	f7,f31,f30	 f31:0x80000000 f30:0xbf800000  f7=0x80000000
      86875.000 ns	      8686	80001c00	00885013	srli	x0,x16,0x8	 x16:0x00000001
      86885.000 ns	      8687	80001c04	00e1c933	xor	x18,x3,x14	  x3:0x00000000 x14:0x00000000 x18=0x00000000
      86915.000 ns	      8690	80001c08	580efc53	fsqrt.s	f24,f29	 f29:0x7fc00000 f24=0x7fc00000
      86945.000 ns	      8693	80001c0c	21d293d3	fsgnjn.s	f7,f5,f29	  f5:0x80000000 f29:0x7fc00000  f7=0x80000000
      86965.000 ns	      8695	80001c10	01f41213	slli	x4,x8,0x1f	  x8:0xa5483982  x4=0x00000000
      86985.000 ns	      8697	80001c14	c01efe53	fcvt.wu.s	x28,f29	 f29:0x7fc00000 x28=0xffffffff
      87015.000 ns	      8700	80001c18	f0080dd3	fmv.w.x	f27,x16	 x16:0x00000001 f27=0x00000001
      87045.000 ns	      8703	80001c1c	203babd3	fsgnjx.s	f23,f23,f3	 f23:0x80000000  f3:0x7fc00000 f23=0x80000000
      87065.000 ns	      8705	80001c20	00ac9413	slli	x8,x25,0xa	 x25:0x0e392982  x8=0xe4a60800
      87085.000 ns	      8707	80001c24	02486433	rem	x8,x16,x4	 x16:0x00000001  x4:0x00000000  x8=0x00000001
      87115.000 ns	      8710	80001c28	a0f29c53	flt.s	x24,f5,f15	  f5:0x80000000 f15:0x4f0e392a x24=0x00000001
      87155.000 ns	      8714	80001c2c	18baf453	fdiv.s	f8,f21,f11	 f21:0xcd639297 f11:0x00000000  f8=0xff800000
      87525.000 ns	      8751	80001c30	03dfc933	div	x18,x31,x29	 x31:0x00000000 x29:0xfffffffe x18=0x00000000
      87555.000 ns	      8754	80001c34	21f287d3	fsgnj.s	f15,f5,f31	  f5:0x80000000 f31:0x00000000 f15=0x00000000
      87575.000 ns	      8756	80001c38	05b43593	sltiu	x11,x8,91	  x8:0x00000001 x11=0x00000001
      87595.000 ns	      8758	80001c3c	038f18b3	mulh	x17,x30,x24	 x30:0x00000000 x24:0x00000001 x17=0x00000000
      87645.000 ns	      8763	80001c40	08f4f653	fsub.s	f12,f9,f15	  f9:0x4d639298 f15:0x00000000 f12=0x4d639298
      87675.000 ns	      8766	80001c44	a16c9f53	flt.s	x30,f25,f22	 f25:0x7fc00000 f22:0xcf000000 x30=0x00000000
      87725.000 ns	      8771	80001c48	001576d3	fadd.s	f13,f10,f1	 f10:0x800000d4  f1:0xcee0f41f f13=0xcee0f41f
      87745.000 ns	      8773	80001c4c	00e72633	slt	x12,x14,x14	 x14:0x00000000 x14:0x00000000 x12=0x00000000
      87755.000 ns	      8774	80001c50	5b498897	auipc	x17,0x5b498	 x17=0xdb499c50
      87775.000 ns	      8776	80001c54	a1912f53	feq.s	x30,f2,f25	  f2:0x4d639298 f25:0x7fc00000 x30=0x00000000
      87815.000 ns	      8780	80001c58	18077ad3	fdiv.s	f21,f14,f0	 f14:0x7fc00000  f0:0x7fc00000 f21=0x7fc00000
      87835.000 ns	      8782	80001c5c	00dc1493	slli	x9,x24,0xd	 x24:0x00000001  x9=0x00002000
      87855.000 ns	      8784	80001c60	e0049f53	fclass.s	x30,f9	  f9:0x4d639298 x30=0x00000040
      87875.000 ns	      8786	80001c64	015b76b3	and	x13,x22,x21	 x22:0x00000001 x21:0x00000000 x13=0x00000000
      87885.000 ns	      8787	80001c68	015255b3	srl	x11,x4,x21	  x4:0x00000000 x21:0x00000000 x11=0x00000000
      87915.000 ns	      8790	80001c6c	58058fd3	fsqrt.s	f31,f11	 f11:0x00000000 f31=0x00000000
      87935.000 ns	      8792	80001c70	0147fd33	and	x26,x15,x20	 x15:0x80040fe4 x20:0x00000000 x26=0x00000000
      87955.000 ns	      8794	80001c74	f00b0dd3	fmv.w.x	f27,x22	 x22:0x00000001 f27=0x00000001
      87985.000 ns	      8797	80001c78	c01cf8d3	fcvt.wu.s	x17,f25	 f25:0x7fc00000 x17=0xffffffff
      88015.000 ns	      8800	80001c7c	0394afb3	mulhsu	x31,x9,x25	  x9:0x00002000 x25:0x0e392982 x31=0x000001c7
      88045.000 ns	      8803	80001c80	28348ad3	fmin.s	f21,f9,f3	  f9:0x4d639298  f3:0x7fc00000 f21=0x4d639298
      88075.000 ns	      8806	80001c84	20f10753	fsgnj.s	f14,f2,f15	  f2:0x4d639298 f15:0x00000000 f14=0x4d639298
      88095.000 ns	      8808	80001c88	01ba18b3	sll	x17,x20,x27	 x20:0x00000000 x27:0x71c94c10 x17=0x00000000
      88115.000 ns	      8810	80001c8c	21db0053	fsgnj.s	f0,f22,f29	 f22:0xcf000000 f29:0x7fc00000  f0=0x4f000000
      88145.000 ns	      8813	80001c90	036e0db3	mul	x27,x28,x22	 x28:0xffffffff x22:0x00000001 x27=0xffffffff
      88165.000 ns	      8815	80001c94	97900d93	addi	x27,x0,-1671	  x0:0x00000000 x27=0xfffff979
      88185.000 ns	      8817	80001c98	2155acd3	fsgnjx.s	f25,f11,f21	 f11:0x00000000 f21:0x4d639298 f25=0x00000000
      88205.000 ns	      8819	80001c9c	54ccb493	sltiu	x9,x25,1356	 x25:0x0e392982  x9=0x00000000
      88215.000 ns	      8820	80001ca0	2fadb493	sltiu	x9,x27,762	 x27:0xfffff979  x9=0x00000000
      88255.000 ns	      8824	80001ca4	014f4153	fadd.s	f2,f30,f20	 f30:0xbf800000 f20:0x80000000  f2=0xbf800000
      88275.000 ns	      8826	80001ca8	40d2db93	srai	x23,x5,0xd	  x5:0x00000001 x23=0x00000000
      88295.000 ns	      8828	80001cac	e00d89d3	fmv.x.w	x19,f27	 f27:0x00000001 x19=0x00000001
      88315.000 ns	      8830	80001cb0	00b59b13	slli	x22,x11,0xb	 x11:0x00000000 x22=0x00000000
      88325.000 ns	      8831	80001cb4	00135093	srli	x1,x6,0x1	  x6:0x80041024  x1=0x40020812
      88335.000 ns	      8832	80001cb8	412a5693	srai	x13,x20,0x12	 x20:0x00000000 x13=0x00000000
      88355.000 ns	      8834	80001cbc	034e48b3	div	x17,x28,x20	 x28:0xffffffff x20:0x00000000 x17=0xffffffff
      88385.000 ns	      8837	80001cc0	022eaeb3	mulhsu	x29,x29,x2	 x29:0xfffffffe  x2:0x00000040 x29=0xffffffff
      88435.000 ns	      8842	80001cc4	01547f53	fadd.s	f30,f8,f21	  f8:0xff800000 f21:0x4d639298 f30=0xff800000
      88455.000 ns	      8844	80001cc8	0100d533	srl	x10,x1,x16	  x1:0x40020812 x16:0x00000001 x10=0x20010409
      88465.000 ns	      8845	80001ccc	3532bf97	auipc	x31,0x3532b	 x31=0xb532cccc
      88475.000 ns	      8846	80001cd0	016a3933	sltu	x18,x20,x22	 x20:0x00000000 x22:0x00000000 x18=0x00000000
      88495.000 ns	      8848	80001cd4	a1160a53	fle.s	x20,f12,f17	 f12:0x4d639298 f17:0xff800000 x20=0x00000000
      88865.000 ns	      8885	80001cd8	0259f633	remu	x12,x19,x5	 x19:0x00000001  x5:0x00000001 x12=0x00000000
      88895.000 ns	      8888	80001cdc	a0572bd3	feq.s	x23,f14,f5	 f14:0x4d639298  f5:0x80000000 x23=0x00000000
      88915.000 ns	      8890	80001ce0	01d63f33	sltu	x30,x12,x29	 x12:0x00000000 x29:0xffffffff x30=0x00000001
      88925.000 ns	      8891	80001ce4	003e3ab3	sltu	x21,x28,x3	 x28:0xffffffff  x3:0x00000000 x21=0x00000000
      88945.000 ns	      8893	80001ce8	e0078d53	fmv.x.w	x26,f15	 f15:0x00000000 x26=0x00000000
      88965.000 ns	      8895	80001cec	5f728713	addi	x14,x5,1527	  x5:0x00000001 x14=0x000005f8
      88985.000 ns	      8897	80001cf0	a11102d3	fle.s	x5,f2,f17	  f2:0xbf800000 f17:0xff800000  x5=0x00000000
      89005.000 ns	      8899	80001cf4	25c7e493	ori	x9,x15,604	 x15:0x80040fe4  x9=0x80040ffc
      89025.000 ns	      8901	80001cf8	286f0e53	fmin.s	f28,f30,f6	 f30:0xff800000  f6:0x80000000 f28=0xff800000
      89045.000 ns	      8903	80001cfc	9d2d6893	ori	x17,x26,-1582	 x26:0x00000000 x17=0xfffff9d2
      89405.000 ns	      8939	80001d00	03907433	remu	x8,x0,x25	  x0:0x00000000 x25:0x0e392982  x8=0x00000000
      89425.000 ns	      8941	80001d04	410cd913	srai	x18,x25,0x10	 x25:0x0e392982 x18=0x00000e39
      89445.000 ns	      8943	80001d08	201faad3	fsgnjx.s	f21,f31,f1	 f31:0x00000000  f1:0xcee0f41f f21=0x80000000
      89465.000 ns	      8945	80001d0c	9607c717	auipc	x14,0x9607c	 x14=0x1607dd0c
      89485.000 ns	      8947	80001d10	21970253	fsgnj.s	f4,f14,f25	 f14:0x4d639298 f25:0x00000000  f4=0x4d639298
      89515.000 ns	      8950	80001d14	02446d33	rem	x26,x8,x4	  x8:0x00000000  x4:0x00000000 x26=0x00000000
      89535.000 ns	      8952	80001d18	0184d213	srli	x4,x9,0x18	  x9:0x80040ffc  x4=0x00000080
      89555.000 ns	      8954	80001d1c	0289aeb3	mulhsu	x29,x19,x8	 x19:0x00000001  x8:0x00000000 x29=0x00000000
      89575.000 ns	      8956	80001d20	018b85b3	add	x11,x23,x24	 x23:0x00000000 x24:0x00000001 x11=0x00000001
      89585.000 ns	      8957	80001d24	e4b78693	addi	x13,x15,-437	 x15:0x80040fe4 x13=0x80040e2f
      89605.000 ns	      8959	80001d28	d01492d3	fcvt.s.wu	f5,x9	  x9:0x80040ffc  f5=0x4f00040f
      89635.000 ns	      8962	80001d2c	03a6e2b3	rem	x5,x13,x26	 x13:0x00000000 x26:0x00000000  x5=0x80040e2f
      89685.000 ns	      8967	80001d30	00487553	fadd.s	f10,f16,f4	 f16:0x7fc00000  f4:0x4d639298 f10=0x7fc00000
      89705.000 ns	      8969	80001d34	015de733	or	x14,x27,x21	 x27:0xfffff979 x21:0x00000000 x14=0xfffff979
      90065.000 ns	      9005	80001d38	030bf0b3	remu	x1,x23,x16	 x23:0x00000000 x16:0x00000001  x1=0x00000000
      90085.000 ns	      9007	80001d3c	c9cb2097	auipc	x1,0xc9cb2	  x1=0x49cb3d3c
      90095.000 ns	      9008	80001d40	3ed9a897	auipc	x17,0x3ed9a	 x17=0xbed9bd40
      90135.000 ns	      9012	80001d44	0970c953	fsub.s	f18,f1,f23	  f1:0xcee0f41f f23:0x80000000 f18=0xcee0f41f
      90165.000 ns	      9015	80001d48	03613fb3	mulhu	x31,x2,x22	  x2:0x00000040 x22:0x00000000 x31=0x00000000
      90185.000 ns	      9017	80001d4c	00579d33	sll	x26,x15,x5	 x15:0x80040fe4  x5:0x80040e2f x26=0x07f20000
      90195.000 ns	      9018	80001d50	41c1d093	srai	x1,x3,0x1c	  x3:0x00000000  x1=0x00000000
      90205.000 ns	      9019	80001d54	00fe0233	add	x4,x28,x15	 x28:0xffffffff x15:0x80040fe4  x4=0x80040fe3
      90225.000 ns	      9021	80001d58	20c38c53	fsgnj.s	f24,f7,f12	  f7:0x80000000 f12:0x4d639298 f24=0x00000000
      90245.000 ns	      9023	80001d5c	00356133	or	x2,x10,x3	 x10:0x20010409  x3:0x00000000  x2=0x20010409
      90285.000 ns	      9027	80001d60	001948d3	fadd.s	f17,f18,f1	 f18:0xcee0f41f  f1:0xcee0f41f f17=0xcf60f41f
      90305.000 ns	      9029	80001d64	00dfd033	srl	x0,x31,x13	 x31:0x00000000 x13:0x80040e2f
      90315.000 ns	      9030	80001d68	401f01b3	sub	x3,x30,x1	 x30:0x00000001  x1:0x00000000  x3=0x00000001
      90345.000 ns	      9033	80001d6c	58012d53	fsqrt.s	f26,f2	  f2:0xbf800000 f26=0x7fc00000
      90375.000 ns	      9036	80001d70	d006fb53	fcvt.s.w	f22,x13	 x13:0x80040e2f f22=0xcefff7e3
      90405.000 ns	      9039	80001d74	29741e53	fmax.s	f28,f8,f23	  f8:0xff800000 f23:0x80000000 f28=0x80000000
      90435.000 ns	      9042	80001d78	a1dd2bd3	feq.s	x23,f26,f29	 f26:0x7fc00000 f29:0x7fc00000 x23=0x00000000
      90475.000 ns	      9046	80001d7c	5803aed3	fsqrt.s	f29,f7	  f7:0x80000000 f29=0x80000000
      90505.000 ns	      9049	80001d80	e0011053	fclass.s	x0,f2	  f2:0xbf800000
      90525.000 ns	      9051	80001d84	1420fd13	andi	x26,x1,322	  x1:0x00000000 x26=0x00000000
      90545.000 ns	      9053	80001d88	025cbbb3	mulhu	x23,x25,x5	 x25:0x0e392982  x5:0x80040e2f x23=0x071cce6f
      90575.000 ns	      9056	80001d8c	a0978753	fle.s	x14,f15,f9	 f15:0x00000000  f9:0x4d639298 x14=0x00000001
      90595.000 ns	      9058	80001d90	003ff833	and	x16,x31,x3	 x31:0x00000000  x3:0x00000001 x16=0x00000000
      90605.000 ns	      9059	80001d94	41750d33	sub	x26,x10,x23	 x10:0x20010409 x23:0x071cce6f x26=0x18e4359a
      90615.000 ns	      9060	80001d98	012ad933	srl	x18,x21,x18	 x21:0x00000000 x18:0x00000e39 x18=0x00000000
      90625.000 ns	      9061	80001d9c	00000013	addi	x0,x0,0	  x0:0x00000000
      90645.000 ns	      9063	80001da0	206300d3	fsgnj.s	f1,f6,f6	  f6:0x80000000  f6:0x80000000  f1=0x80000000
      90665.000 ns	      9065	80001da4	8fc33293	sltiu	x5,x6,-1796	  x6:0x80041024  x5=0x00000001
      91025.000 ns	      9101	80001da8	03b95c33	divu	x24,x18,x27	 x18:0x00000000 x27:0xfffff979 x24=0x00000000
      91055.000 ns	      9104	80001dac	c000f753	fcvt.w.s	x14,f1	  f1:0x80000000 x14=0x00000000
      91085.000 ns	      9107	80001db0	c001fa53	fcvt.w.s	x20,f3	  f3:0x7fc00000 x20=0x7fffffff
      91115.000 ns	      9110	80001db4	0305bd33	mulhu	x26,x11,x16	 x11:0x00000001 x16:0x00000000 x26=0x00000000
      91135.000 ns	      9112	80001db8	01ed3c33	sltu	x24,x26,x30	 x26:0x18e4359a x30:0x00000001 x24=0x00000001
      91145.000 ns	      9113	80001dbc	c90d0193	addi	x3,x26,-880	 x26:0x00000000  x3=0xfffffc90
      91165.000 ns	      9115	80001dc0	280a18d3	fmax.s	f17,f20,f0	 f20:0x80000000  f0:0x4f000000 f17=0x4f000000
      91185.000 ns	      9117	80001dc4	515b3097	auipc	x1,0x515b3	  x1=0xd15b4dc4
      91205.000 ns	      9119	80001dc8	035e8233	mul	x4,x29,x21	 x29:0x00000000 x21:0x00000000  x4=0x00000000
      91235.000 ns	      9122	80001dcc	d00a1353	fcvt.s.w	f6,x20	 x20:0x7fffffff  f6=0x4effffff
      91255.000 ns	      9124	80001dd0	2ae66117	auipc	x2,0x2ae66	  x2=0xaae67dd0
      91275.000 ns	      9126	80001dd4	c0122053	fcvt.wu.s	x0,f4	  f4:0x4d639298
      91295.000 ns	      9128	80001dd8	66c46f93	ori	x31,x8,1644	  x8:0x00000000 x31=0x0000066c
      91315.000 ns	      9130	80001ddc	a10bafd3	feq.s	x31,f23,f16	 f23:0x80000000 f16:0x7fc00000 x31=0x00000000
      91335.000 ns	      9132	80001de0	40ca5493	srai	x9,x20,0xc	 x20:0x7fffffff  x9=0x0007ffff
      91355.000 ns	      9134	80001de4	a050a3d3	feq.s	x7,f1,f5	  f1:0x80000000  f5:0x4f00040f  x7=0x00000000
      91375.000 ns	      9136	80001de8	007a2033	slt	x0,x20,x7	 x20:0x7fffffff  x7:0x248d8000
      91395.000 ns	      9138	80001dec	c001f753	fcvt.w.s	x14,f3	  f3:0x7fc00000 x14=0x7fffffff
      91415.000 ns	      9140	80001df0	e66f0a93	addi	x21,x30,-410	 x30:0x00000001 x21=0xfffffe67
      91445.000 ns	      9143	80001df4	580a4ed3	fsqrt.s	f29,f20	 f20:0x80000000 f29=0x80000000
      91475.000 ns	      9146	80001df8	e00b05d3	fmv.x.w	x11,f22	 f22:0xcefff7e3 x11=0xcefff7e3
      91495.000 ns	      9148	80001dfc	f0016d17	auipc	x26,0xf0016	 x26=0x70017dfc
      91505.000 ns	      9149	80001e00	af500493	addi	x9,x0,-1291	  x0:0x00000000  x9=0xfffffaf5
      91515.000 ns	      9150	80001e04	0127d233	srl	x4,x15,x18	 x15:0x80040fe4 x18:0x00000000  x4=0x80040fe4
      91535.000 ns	      9152	80001e08	02c8b2b3	mulhu	x5,x17,x12	 x17:0xbed9bd40 x12:0x00000000  x5=0x00000000
      91555.000 ns	      9154	80001e0c	41920bb3	sub	x23,x4,x25	  x4:0x00000000 x25:0x0e392982 x23=0x71cae662
      91575.000 ns	      9156	80001e10	219294d3	fsgnjn.s	f9,f5,f25	  f5:0x4f00040f f25:0x00000000  f9=0xcf00040f
      91595.000 ns	      9158	80001e14	40c45913	srai	x18,x8,0xc	  x8:0x00000000 x18=0x00000000
      91615.000 ns	      9160	80001e18	024d8fb3	mul	x31,x27,x4	 x27:0xfffff979  x4:0x80040fe4 x31=0x657c46c4
      91635.000 ns	      9162	80001e1c	005bf133	and	x2,x23,x5	 x23:0x71cae662  x5:0x00000000  x2=0x00000000
      91655.000 ns	      9164	80001e20	d010a853	fcvt.s.wu	f16,x1	  x1:0xd15b4dc4 f16=0x4f515b4e
      91675.000 ns	      9166	80001e24	00000013	addi	x0,x0,0	  x0:0x00000000
      91685.000 ns	      9167	80001e28	01614fb3	xor	x31,x2,x22	  x2:0x00000000 x22:0x00000000 x31=0x00000000
      91705.000 ns	      9169	80001e2c	a0ee9d53	flt.s	x26,f29,f14	 f29:0x80000000 f14:0x4d639298 x26=0x00000001
      91725.000 ns	      9171	80001e30	c2d8fb13	andi	x22,x17,-979	 x17:0xbed9bd40 x22=0xbed9bc00
      91745.000 ns	      9173	80001e34	d00383d3	fcvt.s.w	f7,x7	  x7:0x00000000  f7=0x00000000
      91765.000 ns	      9175	80001e38	00edf033	and	x0,x27,x14	 x27:0xfffff979 x14:0x7fffffff
      91785.000 ns	      9177	80001e3c	29330853	fmin.s	f16,f6,f19	  f6:0x4effffff f19:0x46b50482 f16=0x46b50482
      91815.000 ns	      9180	80001e40	a1f32253	feq.s	x4,f6,f31	  f6:0x4effffff f31:0x00000000  x4=0x00000000
      91835.000 ns	      9182	80001e44	8a7438b7	lui	x17,0x8a743	 x17=0x8a743000
      91845.000 ns	      9183	80001e48	00000013	addi	x0,x0,0	  x0:0x00000000
      91865.000 ns	      9185	80001e4c	a18516d3	flt.s	x13,f10,f24	 f10:0x7fc00000 f24:0x00000000 x13=0x00000000
      91885.000 ns	      9187	80001e50	01680433	add	x8,x16,x22	 x16:0x00000000 x22:0xbed9bc00  x8=0xbed9bc00
      91895.000 ns	      9188	80001e54	a25fb493	sltiu	x9,x31,-1499	 x31:0x00000000  x9=0x00000001
      91925.000 ns	      9191	80001e58	18eff453	fdiv.s	f8,f31,f14	 f31:0x00000000 f14:0x4d639298  f8=0x00000000
      91945.000 ns	      9193	80001e5c	7ef1c193	xori	x3,x3,2031	  x3:0xfffffc90  x3=0xfffffb7f
      91955.000 ns	      9194	80001e60	5b52cd93	xori	x27,x5,1461	  x5:0x00000000 x27=0x000005b5
      91975.000 ns	      9196	80001e64	c006bb53	fcvt.w.s	x22,f13	 f13:0xcee0f41f x22=0x8f85f080
      91995.000 ns	      9198	80001e68	bd18ac13	slti	x24,x17,-1071	 x17:0x8a743000 x24=0x00000001
      92015.000 ns	      9200	80001e6c	0321f0b3	remu	x1,x3,x18	  x3:0xfffffb7f x18:0x00000000  x1=0xfffffb7f
      92045.000 ns	      9203	80001e70	200e0b53	fsgnj.s	f22,f28,f0	 f28:0x80000000  f0:0x4f000000 f22=0x00000000
      92095.000 ns	      9208	80001e74	09488dd3	fsub.s	f27,f17,f20	 f17:0x4f000000 f20:0x80000000 f27=0x4f000000
      92125.000 ns	      9211	80001e78	a0979fd3	flt.s	x31,f15,f9	 f15:0x00000000  f9:0xcf00040f x31=0x00000000
      92145.000 ns	      9213	80001e7c	006cb833	sltu	x16,x25,x6	 x25:0x0e392982  x6:0x80041024 x16=0x00000001
      92155.000 ns	      9214	80001e80	00edc933	xor	x18,x27,x14	 x27:0x000005b5 x14:0x7fffffff x18=0x7ffffa4a
      92175.000 ns	      9216	80001e84	20ef28d3	fsgnjx.s	f17,f30,f14	 f30:0xff800000 f14:0x4d639298 f17=0xff800000
      92205.000 ns	      9219	80001e88	20658753	fsgnj.s	f14,f11,f6	 f11:0x00000000  f6:0x4effffff f14=0x00000000
      92225.000 ns	      9221	80001e8c	95c32213	slti	x4,x6,-1700	  x6:0x80041024  x4=0x00000001
      92235.000 ns	      9222	80001e90	007986b3	add	x13,x19,x7	 x19:0x00000001  x7:0x00000000 x13=0x00000001
      92245.000 ns	      9223	80001e94	3a4c6f13	ori	x30,x24,932	 x24:0x00000001 x30=0x000003a5
      92255.000 ns	      9224	80001e98	20173f13	sltiu	x30,x14,513	 x14:0x7fffffff x30=0x00000000
      92275.000 ns	      9226	80001e9c	2134a6d3	fsgnjx.s	f13,f9,f19	  f9:0xcf00040f f19:0x46b50482 f13=0xcf00040f
      92295.000 ns	      9228	80001ea0	009219b3	sll	x19,x4,x9	  x4:0x00000001  x9:0x00000001 x19=0x00000002
      92325.000 ns	      9231	80001ea4	11a53c53	fmul.s	f24,f10,f26	 f10:0x7fc00000 f26:0x7fc00000 f24=0x7fc00000
      92355.000 ns	      9234	80001ea8	a168a1d3	feq.s	x3,f17,f22	 f17:0xff800000 f22:0x00000000  x3=0x00000000
      92385.000 ns	      9237	80001eac	02e02fb3	mulhsu	x31,x0,x14	  x0:0x00000000 x14:0x7fffffff x31=0x00000000
      92435.000 ns	      9242	80001eb0	09248d53	fsub.s	f26,f9,f18	  f9:0xcf00040f f18:0xcee0f41f f26=0xcd789ff0
      92485.000 ns	      9247	80001eb4	00f686d3	fadd.s	f13,f13,f15	 f13:0xcf00040f f15:0x00000000 f13=0xcf00040f
      92515.000 ns	      9250	80001eb8	f0078fd3	fmv.w.x	f31,x15	 x15:0x80040fe4 f31=0x80040fe4
      92535.000 ns	      9252	80001ebc	0120a6b3	slt	x13,x1,x18	  x1:0xfffffb7f x18:0x7ffffa4a x13=0x00000001
      92555.000 ns	      9254	80001ec0	20ed9853	fsgnjn.s	f16,f27,f14	 f27:0x4f000000 f14:0x00000000 f16=0xcf000000
      92585.000 ns	      9257	80001ec4	28311753	fmax.s	f14,f2,f3	  f2:0xbf800000  f3:0x7fc00000 f14=0xbf800000
      92625.000 ns	      9261	80001ec8	11e5f853	fmul.s	f16,f11,f30	 f11:0x00000000 f30:0xff800000 f16=0x7fc00000
      92655.000 ns	      9264	80001ecc	e00f8dd3	fmv.x.w	x27,f31	 f31:0x80040fe4 x27=0x80040fe4
      92705.000 ns	      9269	80001ed0	0947fcd3	fsub.s	f25,f15,f20	 f15:0x00000000 f20:0x80000000 f25=0x00000000
      92725.000 ns	      9271	80001ed4	019bbe33	sltu	x28,x23,x25	 x23:0x71cae662 x25:0x0e392982 x28=0x00000000
      93085.000 ns	      9307	80001ed8	03a3d133	divu	x2,x7,x26	  x7:0x00000000 x26:0x00000001  x2=0x00000000
      93115.000 ns	      9310	80001edc	d008f053	fcvt.s.w	f0,x17	 x17:0x8a743000  f0=0xceeb17a0
      93135.000 ns	      9312	80001ee0	1d956bb7	lui	x23,0x1d956	 x23=0x1d956000
      93145.000 ns	      9313	80001ee4	711f2a13	slti	x20,x30,1809	 x30:0x00000000 x20=0x00000001
      93155.000 ns	      9314	80001ee8	8a0f1137	lui	x2,0x8a0f1	  x2=0x8a0f1000
      93175.000 ns	      9316	80001eec	a01b0dd3	fle.s	x27,f22,f1	 f22:0x00000000  f1:0x80000000 x27=0x00000001
      93195.000 ns	      9318	80001ef0	f84fc993	xori	x19,x31,-124	 x31:0x00000000 x19=0xffffff84
      93215.000 ns	      9320	80001ef4	d010fdd3	fcvt.s.wu	f27,x1	  x1:0xfffffb7f f27=0x4f7ffffb
      93235.000 ns	      9322	80001ef8	40785413	srai	x8,x16,0x7	 x16:0x00000001  x8=0x00000000
      93245.000 ns	      9323	80001efc	01499533	sll	x10,x19,x20	 x19:0xffffff84 x20:0x00000001 x10=0xffffff08
      93265.000 ns	      9325	80001f00	031a3133	mulhu	x2,x20,x17	 x20:0x00000001 x17:0x8a743000  x2=0x00000000
      93305.000 ns	      9329	80001f04	10798053	fmul.s	f0,f19,f7	 f19:0x46b50482  f7:0x00000000  f0=0x00000000
      93335.000 ns	      9332	80001f08	f00100d3	fmv.w.x	f1,x2	  x2:0x00000000  f1=0x00000000
      93385.000 ns	      9337	80001f0c	09512a53	fsub.s	f20,f2,f21	  f2:0xbf800000 f21:0x80000000 f20=0xbf800000
      93405.000 ns	      9339	80001f10	00a7e417	auipc	x8,0xa7e	  x8=0x80a7ff10
      93415.000 ns	      9340	80001f14	006e0433	add	x8,x28,x6	 x28:0x00000000  x6:0x80041024  x8=0x80041024
      93435.000 ns	      9342	80001f18	d00972d3	fcvt.s.w	f5,x18	 x18:0x7ffffa4a  f5=0x4efffff4
      93805.000 ns	      9379	80001f1c	02a440b3	div	x1,x8,x10	  x8:0x80a7ff10 x10:0xffffff08  x1=0x00841cd6
      93835.000 ns	      9382	80001f20	03958533	mul	x10,x11,x25	 x11:0xcefff7e3 x25:0x0e392982 x10=0xb83a3c46
      93865.000 ns	      9385	80001f24	023b54b3	divu	x9,x22,x3	 x22:0x8f85f080  x3:0x00000000  x9=0xffffffff
      93885.000 ns	      9387	80001f28	267da713	slti	x14,x27,615	 x27:0x00000001 x14=0x00000001
      93895.000 ns	      9388	80001f2c	005a63b3	or	x7,x20,x5	 x20:0x00000001  x5:0x00000000  x7=0x00000001
      93905.000 ns	      9389	80001f30	40e08c33	sub	x24,x1,x14	  x1:0x00841cd6 x14:0x7fffffff x24=0x00841cd5
      93915.000 ns	      9390	80001f34	013e74b3	and	x9,x28,x19	 x28:0x00000000 x19:0xffffff84  x9=0x00000000
      94275.000 ns	      9426	80001f38	03be7a33	remu	x20,x28,x27	 x28:0x00000000 x27:0x00000001 x20=0x00000000
      94305.000 ns	      9429	80001f3c	0336af33	mulhsu	x30,x13,x19	 x13:0x00000001 x19:0xffffff84 x30=0x00000000
      94325.000 ns	      9431	80001f40	403a06b3	sub	x13,x20,x3	 x20:0x00000000  x3:0x00000000 x13=0x00000000
      94335.000 ns	      9432	80001f44	016ebeb3	sltu	x29,x29,x22	 x29:0x00000000 x22:0x8f85f080 x29=0x00000001
      94355.000 ns	      9434	80001f48	02ae0633	mul	x12,x28,x10	 x28:0x00000000 x10:0xb83a3c46 x12=0x00000000
      94375.000 ns	      9436	80001f4c	00000013	addi	x0,x0,0	  x0:0x00000000
      94385.000 ns	      9437	80001f50	00000013	addi	x0,x0,0	  x0:0x00000000
      94405.000 ns	      9439	80001f54	a1c10553	fle.s	x10,f2,f28	  f2:0xbf800000 f28:0x80000000 x10=0x00000001
      94425.000 ns	      9441	80001f58	00d02fb3	slt	x31,x0,x13	  x0:0x00000000 x13:0x00000000 x31=0x00000000
      94445.000 ns	      9443	80001f5c	03798b33	mul	x22,x19,x23	 x19:0xffffff84 x23:0x1d956000 x22=0xaba58000
      94475.000 ns	      9446	80001f60	290b01d3	fmin.s	f3,f22,f16	 f22:0x00000000 f16:0x7fc00000  f3=0x00000000
      94495.000 ns	      9448	80001f64	4bd42693	slti	x13,x8,1213	  x8:0x80041024 x13=0x00000001
      94855.000 ns	      9484	80001f68	0249dab3	divu	x21,x19,x4	 x19:0xffffff84  x4:0x00000001 x21=0xffffff84
      94875.000 ns	      9486	80001f6c	004e3433	sltu	x8,x28,x4	 x28:0x00000000  x4:0x00000001  x8=0x00000001
      94885.000 ns	      9487	80001f70	a09fabb7	lui	x23,0xa09fa	 x23=0xa09fa000
      94905.000 ns	      9489	80001f74	e0081d53	fclass.s	x26,f16	 f16:0x7fc00000 x26=0x00000200
      94945.000 ns	      9493	80001f78	1164a0d3	fmul.s	f1,f9,f22	  f9:0xcf00040f f22:0x00000000  f1=0x80000000
      94965.000 ns	      9495	80001f7c	00c56ab3	or	x21,x10,x12	 x10:0x00000001 x12:0x00000000 x21=0x00000001
      94985.000 ns	      9497	80001f80	214f0953	fsgnj.s	f18,f30,f20	 f30:0xff800000 f20:0xbf800000 f18=0xff800000
      95355.000 ns	      9534	80001f84	03b640b3	div	x1,x12,x27	 x12:0x00000000 x27:0x00000001  x1=0x00000000
      95375.000 ns	      9536	80001f88	40ccdeb3	sra	x29,x25,x12	 x25:0x0e392982 x12:0x00000000 x29=0x0e392982
      95395.000 ns	      9538	80001f8c	e0001b53	fclass.s	x22,f0	  f0:0x00000000 x22=0x00000010
      95425.000 ns	      9541	80001f90	a0700ad3	fle.s	x21,f0,f7	  f0:0x00000000  f7:0x00000000 x21=0x00000001
      95455.000 ns	      9544	80001f94	28101653	fmax.s	f12,f0,f1	  f0:0x00000000  f1:0x80000000 f12=0x00000000
      95475.000 ns	      9546	80001f98	1530e713	ori	x14,x1,339	  x1:0x00000000 x14=0x00000153
      95515.000 ns	      9550	80001f9c	00e880d3	fadd.s	f1,f17,f14	 f17:0xff800000 f14:0xbf800000  f1=0xff800000
      95545.000 ns	      9553	80001fa0	a10d84d3	fle.s	x9,f27,f16	 f27:0x4f7ffffb f16:0x7fc00000  x9=0x00000000
      95575.000 ns	      9556	80001fa4	c00dadd3	fcvt.w.s	x27,f27	 f27:0x4f7ffffb x27=0x7fffffff
      95595.000 ns	      9558	80001fa8	0176d613	srli	x12,x13,0x17	 x13:0x00000001 x12=0x00000000
      95615.000 ns	      9560	80001fac	20d696d3	fsgnjn.s	f13,f13,f13	 f13:0xcf00040f f13:0xcf00040f f13=0x4f00040f
      95645.000 ns	      9563	80001fb0	02b624b3	mulhsu	x9,x12,x11	 x12:0x00000000 x11:0xcefff7e3  x9=0x00000000
      95665.000 ns	      9565	80001fb4	419f0d33	sub	x26,x30,x25	 x30:0x00000000 x25:0x0e392982 x26=0xf1c6d67e
      95675.000 ns	      9566	80001fb8	40c952b3	sra	x5,x18,x12	 x18:0x7ffffa4a x12:0x00000000  x5=0x7ffffa4a
      95695.000 ns	      9568	80001fbc	d00efdd3	fcvt.s.w	f27,x29	 x29:0x0e392982 f27=0x4d639298
      95735.000 ns	      9572	80001fc0	18eef653	fdiv.s	f12,f29,f14	 f29:0x80000000 f14:0xbf800000 f12=0x00000000
      95765.000 ns	      9575	80001fc4	03551533	mulh	x10,x10,x21	 x10:0x00000001 x21:0x00000001 x10=0x00000000
      95785.000 ns	      9577	80001fc8	417cd693	srai	x13,x25,0x17	 x25:0x0e392982 x13=0x0000001c
      95795.000 ns	      9578	80001fcc	da53f593	andi	x11,x7,-603	  x7:0x00000001 x11=0x00000001
      95815.000 ns	      9580	80001fd0	d01f7c53	fcvt.s.wu	f24,x30	 x30:0x00000000 f24=0x00000000
      95845.000 ns	      9583	80001fd4	f0050553	fmv.w.x	f10,x10	 x10:0x00000000 f10=0x00000000
      95885.000 ns	      9587	80001fd8	580af1d3	fsqrt.s	f3,f21	 f21:0x80000000  f3=0x80000000
      95905.000 ns	      9589	80001fdc	01527133	and	x2,x4,x21	  x4:0x00000001 x21:0x00000001  x2=0x00000001
      95915.000 ns	      9590	80001fe0	006aaa33	slt	x20,x21,x6	 x21:0x00000001  x6:0x80041024 x20=0x00000000
      95925.000 ns	      9591	80001fe4	40c80b33	sub	x22,x16,x12	 x16:0x00000001 x12:0x00000000 x22=0x00000001
      95945.000 ns	      9593	80001fe8	20748bd3	fsgnj.s	f23,f9,f7	  f9:0xcf00040f  f7:0x00000000 f23=0x4f00040f
      95975.000 ns	      9596	80001fec	200015d3	fsgnjn.s	f11,f0,f0	  f0:0x00000000  f0:0x00000000 f11=0x80000000
      96345.000 ns	      9633	80001ff0	0355f433	remu	x8,x11,x21	 x11:0x00000001 x21:0x00000001  x8=0x00000000
      96375.000 ns	      9636	80001ff4	d00d7b53	fcvt.s.w	f22,x26	 x26:0xf1c6d67e f22=0xcd639298
      96395.000 ns	      9638	80001ff8	00d98d33	add	x26,x19,x13	 x19:0xffffff84 x13:0x0000001c x26=0xffffffa0
      96415.000 ns	      9640	80001ffc	21bf1653	fsgnjn.s	f12,f30,f27	 f30:0xff800000 f27:0x4d639298 f12=0xff800000
      96445.000 ns	      9643	80002000	e0029d53	fclass.s	x26,f5	  f5:0x4efffff4 x26=0x00000040
      96475.000 ns	      9646	80002004	e0030853	fmv.x.w	x16,f6	  f6:0x4effffff x16=0x4effffff
      96495.000 ns	      9648	80002008	cfff0213	addi	x4,x30,-769	 x30:0x00000000  x4=0xfffffcff
      96505.000 ns	      9649	8000200c	00000013	addi	x0,x0,0	  x0:0x00000000
      96525.000 ns	      9651	80002010	a0d8a3d3	feq.s	x7,f17,f13	 f17:0xff800000 f13:0x4f00040f  x7=0x00000000
      96555.000 ns	      9654	80002014	a09a02d3	fle.s	x5,f20,f9	 f20:0xbf800000  f9:0xcf00040f  x5=0x00000000
      96585.000 ns	      9657	80002018	20b01553	fsgnjn.s	f10,f0,f11	  f0:0x00000000 f11:0x80000000 f10=0x00000000
      96605.000 ns	      9659	8000201c	addac913	xori	x18,x21,-1315	 x21:0x00000001 x18=0xfffffadc
      96625.000 ns	      9661	80002020	038b8a33	mul	x20,x23,x24	 x23:0xa09fa000 x24:0x00841cd5 x20=0x9a502000
      96645.000 ns	      9663	80002024	121066b7	lui	x13,0x12106	 x13=0x12106000
      96665.000 ns	      9665	80002028	f00481d3	fmv.w.x	f3,x9	  x9:0x00000000  f3=0x00000000
      96695.000 ns	      9668	8000202c	0250f8b3	remu	x17,x1,x5	  x1:0x00000000  x5:0x00000000 x17=0x00000000
      96715.000 ns	      9670	80002030	017fdc13	srli	x24,x31,0x17	 x31:0x00000000 x24=0x00000000
      96735.000 ns	      9672	80002034	a1a70553	fle.s	x10,f14,f26	 f14:0xbf800000 f26:0xcd789ff0 x10=0x00000000
      96765.000 ns	      9675	80002038	02063e33	mulhu	x28,x12,x0	 x12:0x00000000  x0:0x00000000 x28=0x00000000
      96795.000 ns	      9678	8000203c	03f19bb3	mulh	x23,x3,x31	  x3:0x00000000 x31:0x00000000 x23=0x00000000
      96815.000 ns	      9680	80002040	c96a3393	sltiu	x7,x20,-874	 x20:0x9a502000  x7=0x00000001
      96825.000 ns	      9681	80002044	0091ea33	or	x20,x3,x9	  x3:0x00000000  x9:0x00000000 x20=0x00000000
      96855.000 ns	      9684	80002048	197c20d3	fdiv.s	f1,f24,f23	 f24:0x00000000 f23:0x4f00040f  f1=0x00000000
      96875.000 ns	      9686	8000204c	ce7d7613	andi	x12,x26,-793	 x26:0x00000040 x12=0x00000040
      96885.000 ns	      9687	80002050	1b630993	addi	x19,x6,438	  x6:0x80041024 x19=0x800411da
      97245.000 ns	      9723	80002054	0362c4b3	div	x9,x5,x22	  x5:0x00000000 x22:0x00000001  x9=0x00000000
      97265.000 ns	      9725	80002058	019b42b3	xor	x5,x22,x25	 x22:0x00000001 x25:0x0e392982  x5=0x0e392983
      97625.000 ns	      9761	8000205c	02ef4d33	div	x26,x30,x14	 x30:0x00000000 x14:0x00000153 x26=0x00000000
      97655.000 ns	      9764	80002060	29641b53	fmax.s	f22,f8,f22	  f8:0x00000000 f22:0xcd639298 f22=0x00000000
      97675.000 ns	      9766	80002064	0023f433	and	x8,x7,x2	  x7:0x00000001  x2:0x00000001  x8=0x00000001
      97685.000 ns	      9767	80002068	e911ea13	ori	x20,x3,-367	  x3:0x00000000 x20=0xfffffe91
      97705.000 ns	      9769	8000206c	d00715d3	fcvt.s.w	f11,x14	 x14:0x00000153 f11=0x43a98000
      97725.000 ns	      9771	80002070	00ca2433	slt	x8,x20,x12	 x20:0x00000000 x12:0x00000040  x8=0x00000001
      97735.000 ns	      9772	80002074	5c782813	slti	x16,x16,1479	 x16:0x4effffff x16=0x00000000
      97745.000 ns	      9773	80002078	00c75413	srli	x8,x14,0xc	 x14:0x00000153  x8=0x00000000
      97765.000 ns	      9775	8000207c	0331bf33	mulhu	x30,x3,x19	  x3:0x00000000 x19:0x800411da x30=0x00000000
      97785.000 ns	      9777	80002080	3ab2ea13	ori	x20,x5,939	  x5:0x0e392983 x20=0x0e392bab
      97795.000 ns	      9778	80002084	f0aaf013	andi	x0,x21,-246	 x21:0x00000001
      97815.000 ns	      9780	80002088	28aa9c53	fmax.s	f24,f21,f10	 f21:0x80000000 f10:0x00000000 f24=0x00000000
      98155.000 ns	      9814	8000208c	18e2f8d3	fdiv.s	f17,f5,f14	  f5:0x4efffff4 f14:0xbf800000 f17=0xce845ed8
      98175.000 ns	      9816	80002090	016a34b3	sltu	x9,x20,x22	 x20:0x0e392bab x22:0x00000001  x9=0x00000000
      98195.000 ns	      9818	80002094	215097d3	fsgnjn.s	f15,f1,f21	  f1:0x00000000 f21:0x80000000 f15=0x00000000
      98215.000 ns	      9820	80002098	01bbbab3	sltu	x21,x23,x27	 x23:0x00000000 x27:0x7fffffff x21=0x00000001
      98225.000 ns	      9821	8000209c	00d1eb33	or	x22,x3,x13	  x3:0x00000000 x13:0x12106000 x22=0x12106000
      98245.000 ns	      9823	800020a0	215714d3	fsgnjn.s	f9,f14,f21	 f14:0xbf800000 f21:0x80000000  f9=0x3f800000
      98275.000 ns	      9826	800020a4	20c9add3	fsgnjx.s	f27,f19,f12	 f19:0x46b50482 f12:0xff800000 f27=0xc6b50482
      98305.000 ns	      9829	800020a8	28aa0dd3	fmin.s	f27,f20,f10	 f20:0xbf800000 f10:0x00000000 f27=0xbf800000
      98335.000 ns	      9832	800020ac	c00b7553	fcvt.w.s	x10,f22	 f22:0x00000000 x10=0x00000000
      98705.000 ns	      9869	800020b0	02c7e033	rem	x0,x15,x12	 x15:0x80040fe4 x12:0x00000040
      98725.000 ns	      9871	800020b4	d1352193	slti	x3,x10,-749	 x10:0x00000000  x3=0x00000000
      98735.000 ns	      9872	800020b8	415e5493	srai	x9,x28,0x15	 x28:0x00000000  x9=0x00000000
      98745.000 ns	      9873	800020bc	00b29e13	slli	x28,x5,0xb	  x5:0x0e392983 x28=0xc94c1800
      98775.000 ns	      9876	800020c0	112974d3	fmul.s	f9,f18,f18	 f18:0xff800000 f18:0xff800000  f9=0x7f800000
      98805.000 ns	      9879	800020c4	e00a8753	fmv.x.w	x14,f21	 f21:0x80000000 x14=0x80000000
      98835.000 ns	      9882	800020c8	205baa53	fsgnjx.s	f20,f23,f5	 f23:0x4f00040f  f5:0x4efffff4 f20=0x4f00040f
      98865.000 ns	      9885	800020cc	e00f16d3	fclass.s	x13,f30	 f30:0xff800000 x13=0x00000001
      98895.000 ns	      9888	800020d0	d0017ad3	fcvt.s.w	f21,x2	  x2:0x00000001 f21=0x3f800000
      99265.000 ns	      9925	800020d4	02496033	rem	x0,x18,x4	 x18:0xfffffadc  x4:0xfffffcff
      99285.000 ns	      9927	800020d8	6916db17	auipc	x22,0x6916d	 x22=0xe916f0d8
      99305.000 ns	      9929	800020dc	202f9153	fsgnjn.s	f2,f31,f2	 f31:0x80040fe4  f2:0xbf800000  f2=0x00040fe4
      99335.000 ns	      9932	800020e0	29238e53	fmin.s	f28,f7,f18	  f7:0x00000000 f18:0xff800000 f28=0xff800000
      99365.000 ns	      9935	800020e4	29719f53	fmax.s	f30,f3,f23	  f3:0x00000000 f23:0x4f00040f f30=0x4f00040f
      99385.000 ns	      9937	800020e8	019ca533	slt	x10,x25,x25	 x25:0x0e392982 x25:0x0e392982 x10=0x00000000
      99405.000 ns	      9939	800020ec	29298dd3	fmin.s	f27,f19,f18	 f19:0x46b50482 f18:0xff800000 f27=0xff800000
      99435.000 ns	      9942	800020f0	a164a1d3	feq.s	x3,f9,f22	  f9:0x7f800000 f22:0x00000000  x3=0x00000000
      99455.000 ns	      9944	800020f4	408f8633	sub	x12,x31,x8	 x31:0x00000000  x8:0x00000000 x12=0x00000000
      99465.000 ns	      9945	800020f8	70ae4893	xori	x17,x28,1802	 x28:0xc94c1800 x17=0xc94c1f0a
      99475.000 ns	      9946	800020fc	00eafb33	and	x22,x21,x14	 x21:0x00000001 x14:0x80000000 x22=0x00000000
      99485.000 ns	      9947	80002100	015400b3	add	x1,x8,x21	  x8:0x00000000 x21:0x00000001  x1=0x00000001
      99495.000 ns	      9948	80002104	0030a233	slt	x4,x1,x3	  x1:0x00000000  x3:0x00000000  x4=0x00000000
      99505.000 ns	      9949	80002108	01981813	slli	x16,x16,0x19	 x16:0x00000000 x16=0x00000000
      99515.000 ns	      9950	8000210c	4160de93	srai	x29,x1,0x16	  x1:0x00000001 x29=0x00000000
      99535.000 ns	      9952	80002110	a0310dd3	fle.s	x27,f2,f3	  f2:0x00040fe4  f3:0x00000000 x27=0x00000000
      99555.000 ns	      9954	80002114	014f4f33	xor	x30,x30,x20	 x30:0x00000000 x20:0x0e392bab x30=0x0e392bab
      99575.000 ns	      9956	80002118	0385fab3	remu	x21,x11,x24	 x11:0x00000001 x24:0x00000000 x21=0x00000001
      99595.000 ns	      9958	8000211c	41a38033	sub	x0,x7,x26	  x7:0x00000001 x26:0x00000000
      99605.000 ns	      9959	80002120	248c4997	auipc	x19,0x248c4	 x19=0xa48c6120
      99965.000 ns	      9995	80002124	02f2d033	divu	x0,x5,x15	  x5:0x0e392983 x15:0x80040fe4
      99985.000 ns	      9997	80002128	17b87693	andi	x13,x16,379	 x16:0x00000000 x13=0x00000000
     100005.000 ns	      9999	8000212c	020da833	mulhsu	x16,x27,x0	 x27:0x00000000  x0:0x00000000 x16=0x00000000
     100045.000 ns	     10003	80002130	188abfd3	fdiv.s	f31,f21,f8	 f21:0x3f800000  f8:0x00000000 f31=0x7f800000
     100075.000 ns	     10006	80002134	02600bb3	mul	x23,x0,x6	  x0:0x00000000  x6:0x80041024 x23=0x00000000
     100105.000 ns	     10009	80002138	20fc18d3	fsgnjn.s	f17,f24,f15	 f24:0x00000000 f15:0x00000000 f17=0x80000000
     100125.000 ns	     10011	8000213c	dd43f593	andi	x11,x7,-556	  x7:0x00000001 x11=0x00000000
     100485.000 ns	     10047	80002140	021f5833	divu	x16,x30,x1	 x30:0x0e392bab  x1:0x00000001 x16=0x0e392bab
     100525.000 ns	     10051	80002144	193da253	fdiv.s	f4,f27,f19	 f27:0xff800000 f19:0x46b50482  f4=0xff800000
     100555.000 ns	     10054	80002148	03d6b0b3	mulhu	x1,x13,x29	 x13:0x00000000 x29:0x00000000  x1=0x00000000
     100575.000 ns	     10056	8000214c	01661233	sll	x4,x12,x22	 x12:0x00000000 x22:0x00000000  x4=0x00000000
     100595.000 ns	     10058	80002150	d01330d3	fcvt.s.wu	f1,x6	  x6:0x80041024  f1=0x4f000411
     100965.000 ns	     10095	80002154	022475b3	remu	x11,x8,x2	  x8:0x00000000  x2:0x00000001 x11=0x00000000
     100995.000 ns	     10098	80002158	205601d3	fsgnj.s	f3,f12,f5	 f12:0xff800000  f5:0x4efffff4  f3=0x7f800000
     101015.000 ns	     10100	8000215c	40cc8eb3	sub	x29,x25,x12	 x25:0x0e392982 x12:0x00000000 x29=0x0e392982
     101035.000 ns	     10102	80002160	e00b90d3	fclass.s	x1,f23	 f23:0x4f00040f  x1=0x00000040
     101055.000 ns	     10104	80002164	40efd493	srai	x9,x31,0xe	 x31:0x00000000  x9=0x00000000
     101075.000 ns	     10106	80002168	a03daad3	feq.s	x21,f27,f3	 f27:0xff800000  f3:0x7f800000 x21=0x00000000
     101095.000 ns	     10108	8000216c	eab43493	sltiu	x9,x8,-341	  x8:0x00000000  x9=0x00000001
     101115.000 ns	     10110	80002170	28ef9d53	fmax.s	f26,f31,f14	 f31:0x7f800000 f14:0xbf800000 f26=0x7f800000
     101135.000 ns	     10112	80002174	0107fb33	and	x22,x15,x16	 x15:0x80040fe4 x16:0x0e392bab x22=0x00000ba0
     101155.000 ns	     10114	80002178	03abb6b3	mulhu	x13,x23,x26	 x23:0x00000000 x26:0x00000000 x13=0x00000000
     101195.000 ns	     10118	8000217c	58077953	fsqrt.s	f18,f14	 f14:0xbf800000 f18=0x7fc00000
     101225.000 ns	     10121	80002180	f00b0653	fmv.w.x	f12,x22	 x22:0x00000ba0 f12=0x00000ba0
     101595.000 ns	     10158	80002184	02225233	divu	x4,x4,x2	  x4:0x00000000  x2:0x00000001  x4=0x00000000
     101625.000 ns	     10161	80002188	03f9d8b3	divu	x17,x19,x31	 x19:0xa48c6120 x31:0x00000000 x17=0xffffffff
     101645.000 ns	     10163	8000218c	2cb8b0b7	lui	x1,0x2cb8b	  x1=0x2cb8b000
     101665.000 ns	     10165	80002190	c0032753	fcvt.w.s	x14,f6	  f6:0x4effffff x14=0x7fffff80
     101685.000 ns	     10167	80002194	01412733	slt	x14,x2,x20	  x2:0x00000001 x20:0x0e392bab x14=0x00000001
     101695.000 ns	     10168	80002198	41065b93	srai	x23,x12,0x10	 x12:0x00000000 x23=0x00000000
     101715.000 ns	     10170	8000219c	d0031253	fcvt.s.w	f4,x6	  x6:0x80041024  f4=0xcefff7df
     101745.000 ns	     10173	800021a0	0206d4b3	divu	x9,x13,x0	 x13:0x00000000  x0:0x00000000  x9=0xffffffff
     101775.000 ns	     10176	800021a4	202407d3	fsgnj.s	f15,f8,f2	  f8:0x00000000  f2:0x00040fe4 f15=0x00000000
     101805.000 ns	     10179	800021a8	f0030bd3	fmv.w.x	f23,x6	  x6:0x80041024 f23=0x80041024
     101825.000 ns	     10181	800021ac	2b253e97	auipc	x29,0x2b253	 x29=0xab2551ac
     101835.000 ns	     10182	800021b0	01bd9113	slli	x2,x27,0x1b	 x27:0x00000000  x2=0x00000000
     101845.000 ns	     10183	800021b4	00000013	addi	x0,x0,0	  x0:0x00000000
     101865.000 ns	     10185	800021b8	c00373d3	fcvt.w.s	x7,f6	  f6:0x4effffff  x7=0x7fffff80
     101895.000 ns	     10188	800021bc	a043a4d3	feq.s	x9,f7,f4	  f7:0x00000000  f4:0xcefff7df  x9=0x00000000
     101935.000 ns	     10192	800021c0	58051053	fsqrt.s	f0,f10	 f10:0x00000000  f0=0x00000000
     101955.000 ns	     10194	800021c4	35e30113	addi	x2,x6,862	  x6:0x80041024  x2=0x80041382
     101975.000 ns	     10196	800021c8	d00406d3	fcvt.s.w	f13,x8	  x8:0x00000000 f13=0x00000000
     102005.000 ns	     10199	800021cc	02a025b3	mulhsu	x11,x0,x10	  x0:0x00000000 x10:0x00000000 x11=0x00000000
     102035.000 ns	     10202	800021d0	21b50bd3	fsgnj.s	f23,f10,f27	 f10:0x00000000 f27:0xff800000 f23=0x80000000
     102065.000 ns	     10205	800021d4	2161a4d3	fsgnjx.s	f9,f3,f22	  f3:0x7f800000 f22:0x00000000  f9=0x7f800000
     102095.000 ns	     10208	800021d8	030296b3	mulh	x13,x5,x16	  x5:0x0e392983 x16:0x0e392bab x13=0x00ca4d6c
     102125.000 ns	     10211	800021dc	d0012d53	fcvt.s.w	f26,x2	  x2:0x80041382 f26=0xcefff7d9
     102495.000 ns	     10248	800021e0	02dc6c33	rem	x24,x24,x13	 x24:0x00000000 x13:0x00ca4d6c x24=0x00000000
     102525.000 ns	     10251	800021e4	0234b733	mulhu	x14,x9,x3	  x9:0x00000000  x3:0x00000000 x14=0x00000000
     102545.000 ns	     10253	800021e8	015c6433	or	x8,x24,x21	 x24:0x00000000 x21:0x00000000  x8=0x00000000
     102565.000 ns	     10255	800021ec	200f2ad3	fsgnjx.s	f21,f30,f0	 f30:0x4f00040f  f0:0x00000000 f21=0x4f00040f
     102585.000 ns	     10257	800021f0	01583eb3	sltu	x29,x16,x21	 x16:0x0e392bab x21:0x00000000 x29=0x00000000
     102605.000 ns	     10259	800021f4	28349ed3	fmax.s	f29,f9,f3	  f9:0x7f800000  f3:0x7f800000 f29=0x7f800000
     102635.000 ns	     10262	800021f8	0242a0b3	mulhsu	x1,x5,x4	  x5:0x0e392983  x4:0x00000000  x1=0x00000000
     102655.000 ns	     10264	800021fc	414bd1b3	sra	x3,x23,x20	 x23:0x00000000 x20:0x0e392bab  x3=0x00000000
     102665.000 ns	     10265	80002200	01480db3	add	x27,x16,x20	 x16:0x0e392bab x20:0x0e392bab x27=0x1c725756
     102695.000 ns	     10268	80002204	11ad39d3	fmul.s	f19,f26,f26	 f26:0xcefff7d9 f26:0xcefff7d9 f19=0x5e7fefb3
     102725.000 ns	     10271	80002208	293396d3	fmax.s	f13,f7,f19	  f7:0x00000000 f19:0x46b50482 f13=0x5e7fefb3
     102755.000 ns	     10274	8000220c	201c2ad3	fsgnjx.s	f21,f24,f1	 f24:0x00000000  f1:0x4f000411 f21=0x00000000
     102785.000 ns	     10277	80002210	03546ab3	rem	x21,x8,x21	  x8:0x00000000 x21:0x00000000 x21=0x00000000
     102805.000 ns	     10279	80002214	0001ea33	or	x20,x3,x0	  x3:0x00000000  x0:0x00000000 x20=0x00000000
     102825.000 ns	     10281	80002218	a0fc0053	fle.s	x0,f24,f15	 f24:0x00000000 f15:0x00000000
     102855.000 ns	     10284	8000221c	21ef09d3	fsgnj.s	f19,f30,f30	 f30:0x4f00040f f30:0x4f00040f f19=0x4f00040f
     102885.000 ns	     10287	80002220	f0028bd3	fmv.w.x	f23,x5	  x5:0x0e392983 f23=0x0e392983
     102915.000 ns	     10290	80002224	0210c833	div	x16,x1,x1	  x1:0x00000000  x1:0x00000000 x16=0xffffffff
     102965.000 ns	     10295	80002228	0820cd53	fsub.s	f26,f1,f2	  f1:0x4f000411  f2:0x00040fe4 f26=0x4f000411
     102995.000 ns	     10298	8000222c	02f19c33	mulh	x24,x3,x15	  x3:0x00000000 x15:0x80040fe4 x24=0x00000000
     103015.000 ns	     10300	80002230	db5f8893	addi	x17,x31,-587	 x31:0x00000000 x17=0xfffffdb5
     103035.000 ns	     10302	80002234	20651653	fsgnjn.s	f12,f10,f6	 f10:0x00000000  f6:0x4effffff f12=0x80000000
     103065.000 ns	     10305	80002238	209627d3	fsgnjx.s	f15,f12,f9	 f12:0x00000ba0  f9:0x7f800000 f15=0x80000000
     103085.000 ns	     10307	8000223c	0074cb33	xor	x22,x9,x7	  x9:0x00000000  x7:0x7fffff80 x22=0x7fffff80
     103095.000 ns	     10308	80002240	419e5613	srai	x12,x28,0x19	 x28:0xc94c1800 x12=0xffffffe4
     103115.000 ns	     10310	80002244	289b18d3	fmax.s	f17,f22,f9	 f22:0x00000000  f9:0x7f800000 f17=0x7f800000
     103135.000 ns	     10312	80002248	6ea36093	ori	x1,x6,1770	  x6:0x80041024  x1=0x800416ee
     103155.000 ns	     10314	8000224c	29f289d3	fmin.s	f19,f5,f31	  f5:0x4efffff4 f31:0x7f800000 f19=0x4efffff4
     103175.000 ns	     10316	80002250	0891fd93	andi	x27,x3,137	  x3:0x00000000 x27=0x00000000
     104345.000 ns	     10433	80002254	5805a053	fsqrt.s	f0,f11	 f11:0x43a98000  f0=0x41934b8c
     104375.000 ns	     10436	80002258	d01fff53	fcvt.s.wu	f30,x31	 x31:0x00000000 f30=0x00000000
     104395.000 ns	     10438	8000225c	01f5d193	srli	x3,x11,0x1f	 x11:0x00000000  x3=0x00000000
     104405.000 ns	     10439	80002260	d9868093	addi	x1,x13,-616	 x13:0x00ca4d6c  x1=0x00ca4b04
     104425.000 ns	     10441	80002264	a1a08bd3	fle.s	x23,f1,f26	  f1:0x4f000411 f26:0x4f000411 x23=0x00000001
     104455.000 ns	     10444	80002268	20d4a153	fsgnjx.s	f2,f9,f13	  f9:0x7f800000 f13:0x5e7fefb3  f2=0x7f800000
     104475.000 ns	     10446	8000226c	0002b833	sltu	x16,x5,x0	  x5:0x0e392983  x0:0x00000000 x16=0x00000000
     104515.000 ns	     10450	80002270	08d0a2d3	fsub.s	f5,f1,f13	  f1:0x4f000411 f13:0x5e7fefb3  f5=0xde7fefb3
     104545.000 ns	     10453	80002274	03601b33	mulh	x22,x0,x22	  x0:0x00000000 x22:0x7fffff80 x22=0x00000000
     104575.000 ns	     10456	80002278	f00305d3	fmv.w.x	f11,x6	  x6:0x80041024 f11=0x80041024
     104605.000 ns	     10459	8000227c	c00e9ed3	fcvt.w.s	x29,f29	 f29:0x7f800000 x29=0x7fffffff
     104625.000 ns	     10461	80002280	da228893	addi	x17,x5,-606	  x5:0x0e392983 x17=0x0e392725
     104645.000 ns	     10463	80002284	d005abd3	fcvt.s.w	f23,x11	 x11:0x00000000 f23=0x00000000
     104665.000 ns	     10465	80002288	514bc493	xori	x9,x23,1300	 x23:0x00000001  x9=0x00000515
     104685.000 ns	     10467	8000228c	202c0ed3	fsgnj.s	f29,f24,f2	 f24:0x00000000  f2:0x7f800000 f29=0x00000000
     104705.000 ns	     10469	80002290	191abb13	sltiu	x22,x21,401	 x21:0x00000000 x22=0x00000001
     104725.000 ns	     10471	80002294	a1810b53	fle.s	x22,f2,f24	  f2:0x7f800000 f24:0x00000000 x22=0x00000000
     104755.000 ns	     10474	80002298	a09d0c53	fle.s	x24,f26,f9	 f26:0x4f000411  f9:0x7f800000 x24=0x00000001
     104775.000 ns	     10476	8000229c	418c5513	srai	x10,x24,0x18	 x24:0x00000000 x10=0x00000000
     104795.000 ns	     10478	800022a0	e0009653	fclass.s	x12,f1	  f1:0x4f000411 x12=0x00000040
     104835.000 ns	     10482	800022a4	580cc8d3	fsqrt.s	f17,f25	 f25:0x00000000 f17=0x00000000
     104865.000 ns	     10485	800022a8	023c2eb3	mulhsu	x29,x24,x3	 x24:0x00000001  x3:0x00000000 x29=0x00000000
     104885.000 ns	     10487	800022ac	46820d13	addi	x26,x4,1128	  x4:0x00000000 x26=0x00000468
     104895.000 ns	     10488	800022b0	00275733	srl	x14,x14,x2	 x14:0x00000000  x2:0x80041382 x14=0x00000000
     104905.000 ns	     10489	800022b4	0cfaba13	sltiu	x20,x21,207	 x21:0x00000000 x20=0x00000001
     104915.000 ns	     10490	800022b8	44952d93	slti	x27,x10,1097	 x10:0x00000000 x27=0x00000001
     104925.000 ns	     10491	800022bc	f2c06813	ori	x16,x0,-212	  x0:0x00000000 x16=0xffffff2c
     104935.000 ns	     10492	800022c0	c8fb7093	andi	x1,x22,-881	 x22:0x00000000  x1=0x00000000
     104945.000 ns	     10493	800022c4	406d8f33	sub	x30,x27,x6	 x27:0x00000001  x6:0x80041024 x30=0x7ffbefdd
     104965.000 ns	     10495	800022c8	02483f33	mulhu	x30,x16,x4	 x16:0xffffff2c  x4:0x00000000 x30=0x00000000
     104995.000 ns	     10498	800022cc	022ba033	mulhsu	x0,x23,x2	 x23:0x00000001  x2:0x80041382
     105045.000 ns	     10503	800022d0	08a73353	fsub.s	f6,f14,f10	 f14:0xbf800000 f10:0x00000000  f6=0xbf800000
     105075.000 ns	     10506	800022d4	024a40b3	div	x1,x20,x4	 x20:0x00000001  x4:0x00000000  x1=0xffffffff
     105105.000 ns	     10509	800022d8	d002c453	fcvt.s.w	f8,x5	  x5:0x0e392983  f8=0x4d639298
     105155.000 ns	     10514	800022dc	09b2f753	fsub.s	f14,f5,f27	  f5:0xde7fefb3 f27:0xff800000 f14=0x7f800000
     105175.000 ns	     10516	800022e0	6c63ab93	slti	x23,x7,1734	  x7:0x7fffff80 x23=0x00000000
     105195.000 ns	     10518	800022e4	288803d3	fmin.s	f7,f16,f8	 f16:0x7fc00000  f8:0x4d639298  f7=0x4d639298
     105225.000 ns	     10521	800022e8	c00383d3	fcvt.w.s	x7,f7	  f7:0x00000000  x7=0x0e392980
     105245.000 ns	     10523	800022ec	404cdc13	srai	x24,x25,0x4	 x25:0x0e392982 x24=0x00e39298
     105265.000 ns	     10525	800022f0	c0054153	fcvt.w.s	x2,f10	 f10:0x00000000  x2=0x00000000
     105635.000 ns	     10562	800022f4	03c05c33	divu	x24,x0,x28	  x0:0x00000000 x28:0xc94c1800 x24=0x00000000
     105665.000 ns	     10565	800022f8	03bb1533	mulh	x10,x22,x27	 x22:0x00000000 x27:0x00000001 x10=0x00000000
     105695.000 ns	     10568	800022fc	d0173653	fcvt.s.wu	f12,x14	 x14:0x00000000 f12=0x00000000
     105725.000 ns	     10571	80002300	28cc8153	fmin.s	f2,f25,f12	 f25:0x00000000 f12:0x80000000  f2=0x00000000
     105745.000 ns	     10573	80002304	00071913	slli	x18,x14,0x0	 x14:0x00000000 x18=0x00000000
     105765.000 ns	     10575	80002308	a19f9f53	flt.s	x30,f31,f25	 f31:0x7f800000 f25:0x00000000 x30=0x00000000
     105795.000 ns	     10578	8000230c	c01c7fd3	fcvt.wu.s	x31,f24	 f24:0x00000000 x31=0x00000000
     105815.000 ns	     10580	80002310	54603013	sltiu	x0,x0,1350	  x0:0x00000000
     105855.000 ns	     10584	80002314	08a47853	fsub.s	f16,f8,f10	  f8:0x4d639298 f10:0x00000000 f16=0x4d639298
     105875.000 ns	     10586	80002318	71d47a93	andi	x21,x8,1821	  x8:0x00000000 x21=0x00000000
     105885.000 ns	     10587	8000231c	0181dd13	srli	x26,x3,0x18	  x3:0x00000000 x26=0x00000000
     105915.000 ns	     10590	80002320	105cf753	fmul.s	f14,f25,f5	 f25:0x00000000  f5:0xde7fefb3 f14=0x80000000
     105945.000 ns	     10593	80002324	d00a7d53	fcvt.s.w	f26,x20	 x20:0x00000001 f26=0x3f800000
     105965.000 ns	     10595	80002328	b5618213	addi	x4,x3,-1194	  x3:0x00000000  x4=0xfffffb56
     105985.000 ns	     10597	8000232c	036ed8b3	divu	x17,x29,x22	 x29:0x00000000 x22:0x00000000 x17=0xffffffff
     106005.000 ns	     10599	80002330	019fd9b3	srl	x19,x31,x25	 x31:0x00000000 x25:0x0e392982 x19=0x00000000
     106035.000 ns	     10602	80002334	580c8cd3	fsqrt.s	f25,f25	 f25:0x00000000 f25=0x00000000
     106055.000 ns	     10604	80002338	73467693	andi	x13,x12,1844	 x12:0x00000040 x13=0x00000000
     106065.000 ns	     10605	8000233c	00195e93	srli	x29,x18,0x1	 x18:0x00000000 x29=0x00000000
     106085.000 ns	     10607	80002340	a120aed3	feq.s	x29,f1,f18	  f1:0x4f000411 f18:0x7fc00000 x29=0x00000000
     106115.000 ns	     10610	80002344	c006c753	fcvt.w.s	x14,f13	 f13:0x5e7fefb3 x14=0x7fffffff
     106145.000 ns	     10613	80002348	03640633	mul	x12,x8,x22	  x8:0x00000000 x22:0x00000000 x12=0x00000000
     106185.000 ns	     10617	8000234c	10f1f653	fmul.s	f12,f3,f15	  f3:0x7f800000 f15:0x80000000 f12=0x7fc00000
     106205.000 ns	     10619	80002350	e3dde237	lui	x4,0xe3dde	  x4=0xe3dde000
     106215.000 ns	     10620	80002354	4191dd13	srai	x26,x3,0x19	  x3:0x00000000 x26=0x00000000
     106225.000 ns	     10621	80002358	40ee8eb3	sub	x29,x29,x14	 x29:0x00000000 x14:0x7fffffff x29=0x80000001
     106245.000 ns	     10623	8000235c	21649453	fsgnjn.s	f8,f9,f22	  f9:0x7f800000 f22:0x00000000  f8=0xff800000
     106265.000 ns	     10625	80002360	00659f33	sll	x30,x11,x6	 x11:0x00000000  x6:0x80041024 x30=0x00000000
     106275.000 ns	     10626	80002364	419a5e93	srai	x29,x20,0x19	 x20:0x00000001 x29=0x00000000
     106305.000 ns	     10629	80002368	10f17ed3	fmul.s	f29,f2,f15	  f2:0x00000000 f15:0x80000000 f29=0x80000000
     106325.000 ns	     10631	8000236c	00725393	srli	x7,x4,0x7	  x4:0xe3dde000  x7=0x01c7bbc0
     106335.000 ns	     10632	80002370	4ec053b7	lui	x7,0x4ec05	  x7=0x4ec05000
     106345.000 ns	     10633	80002374	bd8cc293	xori	x5,x25,-1064	 x25:0x0e392982  x5=0xf1c6d25a
     106365.000 ns	     10635	80002378	c0117d53	fcvt.wu.s	x26,f2	  f2:0x00000000 x26=0x00000000
     106395.000 ns	     10638	8000237c	2127a453	fsgnjx.s	f8,f15,f18	 f15:0x80000000 f18:0x7fc00000  f8=0x80000000
     106425.000 ns	     10641	80002380	d01045d3	fcvt.s.wu	f11,x0	  x0:0x00000000 f11=0x00000000
     106475.000 ns	     10646	80002384	005da7d3	fadd.s	f15,f27,f5	 f27:0xff800000  f5:0xde7fefb3 f15=0xff800000
     106505.000 ns	     10649	80002388	035599b3	mulh	x19,x11,x21	 x11:0x00000000 x21:0x00000000 x19=0x00000000
     106535.000 ns	     10652	8000238c	29339553	fmax.s	f10,f7,f19	  f7:0x4d639298 f19:0x4efffff4 f10=0x4efffff4
     106565.000 ns	     10655	80002390	f00e0153	fmv.w.x	f2,x28	 x28:0xc94c1800  f2=0xc94c1800
     106585.000 ns	     10657	80002394	565e2a93	slti	x21,x28,1381	 x28:0xc94c1800 x21=0x00000001
     106595.000 ns	     10658	80002398	ece56893	ori	x17,x10,-306	 x10:0x00000000 x17=0xfffffece
     106605.000 ns	     10659	8000239c	41998db3	sub	x27,x19,x25	 x19:0x00000000 x25:0x0e392982 x27=0xf1c6d67e
     106635.000 ns	     10662	800023a0	197cf753	fdiv.s	f14,f25,f23	 f25:0x00000000 f23:0x00000000 f14=0x7fc00000
     106655.000 ns	     10664	800023a4	406f5a93	srai	x21,x30,0x6	 x30:0x00000000 x21=0x00000000
     106685.000 ns	     10667	800023a8	113fba53	fmul.s	f20,f31,f19	 f31:0x7f800000 f19:0x4efffff4 f20=0x7f800000
     106715.000 ns	     10670	800023ac	03eee633	rem	x12,x29,x30	 x29:0x00000000 x30:0x00000000 x12=0x00000000
     107085.000 ns	     10707	800023b0	0297e433	rem	x8,x15,x9	 x15:0x80040fe4  x9:0x00000515  x8=0xffffff38
     107105.000 ns	     10709	800023b4	00e5c133	xor	x2,x11,x14	 x11:0x00000000 x14:0x7fffffff  x2=0x7fffffff
     107125.000 ns	     10711	800023b8	c0137bd3	fcvt.wu.s	x23,f6	  f6:0xbf800000 x23=0x00000001
     107145.000 ns	     10713	800023bc	e351d917	auipc	x18,0xe351d	 x18=0x6351f3bc
     107165.000 ns	     10715	800023c0	e0001d53	fclass.s	x26,f0	  f0:0x41934b8c x26=0x00000040
     107185.000 ns	     10717	800023c4	32c03f93	sltiu	x31,x0,812	  x0:0x00000000 x31=0x00000001
     107545.000 ns	     10753	800023c8	025fe533	rem	x10,x31,x5	 x31:0x00000000  x5:0xf1c6d25a x10=0x00000001
     107565.000 ns	     10755	800023cc	01ea60b3	or	x1,x20,x30	 x20:0x00000001 x30:0x00000000  x1=0x00000001
     107575.000 ns	     10756	800023d0	41454193	xori	x3,x10,1044	 x10:0x00000001  x3=0x00000415
     107595.000 ns	     10758	800023d4	f0010ad3	fmv.w.x	f21,x2	  x2:0x7fffffff f21=0x7fffffff
     107625.000 ns	     10761	800023d8	21822fd3	fsgnjx.s	f31,f4,f24	  f4:0xcefff7df f24:0x00000000 f31=0xcefff7df
     107655.000 ns	     10764	800023dc	29cc9853	fmax.s	f16,f25,f28	 f25:0x00000000 f28:0xff800000 f16=0x00000000
     107995.000 ns	     10798	800023e0	1826f553	fdiv.s	f10,f13,f2	 f13:0x5e7fefb3  f2:0xc94c1800 f10=0xd47fefb4
     108025.000 ns	     10801	800023e4	29871bd3	fmax.s	f23,f14,f24	 f14:0x7fc00000 f24:0x00000000 f23=0x00000000
     108055.000 ns	     10804	800023e8	e00809d3	fmv.x.w	x19,f16	 f16:0x00000000 x19=0x00000000
     108075.000 ns	     10806	800023ec	c0f50493	addi	x9,x10,-1009	 x10:0x00000001  x9=0xfffffc10
     108095.000 ns	     10808	800023f0	03695033	divu	x0,x18,x22	 x18:0x6351f3bc x22:0x00000000
     108125.000 ns	     10811	800023f4	d0032d53	fcvt.s.w	f26,x6	  x6:0x80041024 f26=0xcefff7e0
     108155.000 ns	     10814	800023f8	035bcdb3	div	x27,x23,x21	 x23:0x00000001 x21:0x00000000 x27=0xffffffff
     108175.000 ns	     10816	800023fc	413ad293	srai	x5,x21,0x13	 x21:0x00000000  x5=0x00000000
     108195.000 ns	     10818	80002400	d001f153	fcvt.s.w	f2,x3	  x3:0x00000415  f2=0x4482a000
     108225.000 ns	     10821	80002404	a132a2d3	feq.s	x5,f5,f19	  f5:0xde7fefb3 f19:0x4efffff4  x5=0x00000000
     108265.000 ns	     10825	80002408	11904ed3	fmul.s	f29,f0,f25	  f0:0x41934b8c f25:0x00000000 f29=0x00000000
     108305.000 ns	     10829	8000240c	1994a653	fdiv.s	f12,f9,f25	  f9:0x7f800000 f25:0x00000000 f12=0x7f800000
     108335.000 ns	     10832	80002410	20350053	fsgnj.s	f0,f10,f3	 f10:0xd47fefb4  f3:0x7f800000  f0=0x547fefb4
     108365.000 ns	     10835	80002414	203006d3	fsgnj.s	f13,f0,f3	  f0:0x41934b8c  f3:0x7f800000 f13=0x547fefb4
     108385.000 ns	     10837	80002418	01aecab3	xor	x21,x29,x26	 x29:0x00000000 x26:0x00000040 x21=0x00000040
     108405.000 ns	     10839	8000241c	e00d14d3	fclass.s	x9,f26	 f26:0xcefff7e0  x9=0x00000002
     108425.000 ns	     10841	80002420	0199d533	srl	x10,x19,x25	 x19:0x00000000 x25:0x0e392982 x10=0x00000000
     108435.000 ns	     10842	80002424	7a6da597	auipc	x11,0x7a6da	 x11=0xfa6dc424
     108455.000 ns	     10844	80002428	a177aed3	feq.s	x29,f15,f23	 f15:0xff800000 f23:0x00000000 x29=0x00000000
     108495.000 ns	     10848	8000242c	5807b3d3	fsqrt.s	f7,f15	 f15:0xff800000  f7=0x7fc00000
     108515.000 ns	     10850	80002430	cb9ac193	xori	x3,x21,-839	 x21:0x00000040  x3=0xfffffcf9
     108525.000 ns	     10851	80002434	46024513	xori	x10,x4,1120	  x4:0xe3dde000 x10=0xe3dde460
     108545.000 ns	     10853	80002438	a1f4aad3	feq.s	x21,f9,f31	  f9:0x7f800000 f31:0xcefff7df x21=0x00000000
     108575.000 ns	     10856	8000243c	a1fb9fd3	flt.s	x31,f23,f31	 f23:0x00000000 f31:0xcefff7df x31=0x00000000
     108595.000 ns	     10858	80002440	0ac1f893	andi	x17,x3,172	  x3:0xfffffcf9 x17=0x000000a8
     108605.000 ns	     10859	80002444	106be413	ori	x8,x23,262	 x23:0x00000001  x8=0x00000107
     108615.000 ns	     10860	80002448	414ed413	srai	x8,x29,0x14	 x29:0x00000000  x8=0x00000000
     108975.000 ns	     10896	8000244c	032b75b3	remu	x11,x22,x18	 x22:0x00000000 x18:0x6351f3bc x11=0x00000000
     108995.000 ns	     10898	80002450	018f5e13	srli	x28,x30,0x18	 x30:0x00000000 x28=0x00000000
     109015.000 ns	     10900	80002454	e00e9953	fclass.s	x18,f29	 f29:0x00000000 x18=0x00000010
     109045.000 ns	     10903	80002458	21c8a753	fsgnjx.s	f14,f17,f28	 f17:0x00000000 f28:0xff800000 f14=0x80000000
     109065.000 ns	     10905	8000245c	b2c0cf13	xori	x30,x1,-1236	  x1:0x00000001 x30=0xfffffb2d
     109075.000 ns	     10906	80002460	018c5a93	srli	x21,x24,0x18	 x24:0x00000000 x21=0x00000000
     109085.000 ns	     10907	80002464	0082ddb3	srl	x27,x5,x8	  x5:0x00000000  x8:0x00000000 x27=0x00000000
     109115.000 ns	     10910	80002468	10db7653	fmul.s	f12,f22,f13	 f22:0x00000000 f13:0x547fefb4 f12=0x00000000
     109135.000 ns	     10912	8000246c	115ef213	andi	x4,x29,277	 x29:0x00000000  x4=0x00000000
     109145.000 ns	     10913	80002470	00000013	addi	x0,x0,0	  x0:0x00000000
     109165.000 ns	     10915	80002474	c0091453	fcvt.w.s	x8,f18	 f18:0x7fc00000  x8=0x7fffffff
     109185.000 ns	     10917	80002478	0041b933	sltu	x18,x3,x4	  x3:0xfffffcf9  x4:0x00000000 x18=0x00000000
     109205.000 ns	     10919	8000247c	e00a9b53	fclass.s	x22,f21	 f21:0x7fffffff x22=0x00000200
     109245.000 ns	     10923	80002480	18fe2d53	fdiv.s	f26,f28,f15	 f28:0xff800000 f15:0xff800000 f26=0x7fc00000
     109275.000 ns	     10926	80002484	03d96833	rem	x16,x18,x29	 x18:0x00000000 x29:0x00000000 x16=0x00000000
     109295.000 ns	     10928	80002488	dc51ab93	slti	x23,x3,-571	  x3:0xfffffcf9 x23=0x00000001
     109315.000 ns	     10930	8000248c	e0028553	fmv.x.w	x10,f5	  f5:0xde7fefb3 x10=0xde7fefb3
     109345.000 ns	     10933	80002490	a02a99d3	flt.s	x19,f21,f2	 f21:0x7fffffff  f2:0x4482a000 x19=0x00000000
     109385.000 ns	     10937	80002494	188a3c53	fdiv.s	f24,f20,f8	 f20:0x7f800000  f8:0x80000000 f24=0xff800000
     109405.000 ns	     10939	80002498	00cab1b3	sltu	x3,x21,x12	 x21:0x00000000 x12:0x00000000  x3=0x00000000
     109415.000 ns	     10940	8000249c	005165b3	or	x11,x2,x5	  x2:0x7fffffff  x5:0x00000000 x11=0x7fffffff
     109425.000 ns	     10941	800024a0	00000013	addi	x0,x0,0	  x0:0x00000000
     109445.000 ns	     10943	800024a4	f00c0453	fmv.w.x	f8,x24	 x24:0x00000000  f8=0x00000000
     109475.000 ns	     10946	800024a8	e0049f53	fclass.s	x30,f9	  f9:0x7f800000 x30=0x00000080
     109505.000 ns	     10949	800024ac	297b8053	fmin.s	f0,f23,f23	 f23:0x00000000 f23:0x00000000  f0=0x00000000
     109535.000 ns	     10952	800024b0	0275b433	mulhu	x8,x11,x7	 x11:0x7fffffff  x7:0x4ec05000  x8=0x276027ff
     109555.000 ns	     10954	800024b4	401ed733	sra	x14,x29,x1	 x29:0x00000000  x1:0x00000001 x14=0x00000000
     109565.000 ns	     10955	800024b8	0044e6b3	or	x13,x9,x4	  x9:0x00000002  x4:0x00000000 x13=0x00000002
     109585.000 ns	     10957	800024bc	02c210b3	mulh	x1,x4,x12	  x4:0x00000000 x12:0x00000000  x1=0x00000000
     109605.000 ns	     10959	800024c0	01695bb3	srl	x23,x18,x22	 x18:0x00000000 x22:0x00000200 x23=0x00000000
     109625.000 ns	     10961	800024c4	e0018b53	fmv.x.w	x22,f3	  f3:0x7f800000 x22=0x7f800000
     109645.000 ns	     10963	800024c8	014e63b3	or	x7,x28,x20	 x28:0x00000000 x20:0x00000001  x7=0x00000001
     109665.000 ns	     10965	800024cc	20e40a53	fsgnj.s	f20,f8,f14	  f8:0x00000000 f14:0x80000000 f20=0x80000000
     109695.000 ns	     10968	800024d0	e00c1653	fclass.s	x12,f24	 f24:0xff800000 x12=0x00000001
     109725.000 ns	     10971	800024d4	e0010e53	fmv.x.w	x28,f2	  f2:0x4482a000 x28=0x4482a000
     109745.000 ns	     10973	800024d8	00629a93	slli	x21,x5,0x6	  x5:0x00000000 x21=0x00000000
     109765.000 ns	     10975	800024dc	e00209d3	fmv.x.w	x19,f4	  f4:0xcefff7df x19=0xcefff7df
     109785.000 ns	     10977	800024e0	c9f27b17	auipc	x22,0xc9f27	 x22=0x49f294e0
     109795.000 ns	     10978	800024e4	016acd33	xor	x26,x21,x22	 x21:0x00000000 x22:0x7f800000 x26=0x49f294e0
     109815.000 ns	     10980	800024e8	a1758a53	fle.s	x20,f11,f23	 f11:0x00000000 f23:0x00000000 x20=0x00000001
     110185.000 ns	     11017	800024ec	03afe2b3	rem	x5,x31,x26	 x31:0x00000000 x26:0x00000040  x5=0x00000000
     110205.000 ns	     11019	800024f0	00d0e633	or	x12,x1,x13	  x1:0x00000000 x13:0x00000002 x12=0x00000002
     110215.000 ns	     11020	800024f4	0074ff33	and	x30,x9,x7	  x9:0x00000002  x7:0x00000001 x30=0x00000000
     110225.000 ns	     11021	800024f8	01d7a733	slt	x14,x15,x29	 x15:0x80040fe4 x29:0x00000000 x14=0x00000001
     110235.000 ns	     11022	800024fc	4145d133	sra	x2,x11,x20	 x11:0x7fffffff x20:0x00000001  x2=0x3fffffff
     110255.000 ns	     11024	80002500	282e12d3	fmax.s	f5,f28,f2	 f28:0xff800000  f2:0x4482a000  f5=0x4482a000
     110295.000 ns	     11028	80002504	102373d3	fmul.s	f7,f6,f2	  f6:0xbf800000  f2:0x4482a000  f7=0xc482a000
     110325.000 ns	     11031	80002508	d0168253	fcvt.s.wu	f4,x13	 x13:0x00000002  f4=0x40000000
     110695.000 ns	     11068	8000250c	02606f33	rem	x30,x0,x6	  x0:0x00000000  x6:0x80041024 x30=0x00000000
     110725.000 ns	     11071	80002510	a1b31153	flt.s	x2,f6,f27	  f6:0xbf800000 f27:0xff800000  x2=0x00000000
     110755.000 ns	     11074	80002514	208f2b53	fsgnjx.s	f22,f30,f8	 f30:0x00000000  f8:0x00000000 f22=0x00000000
     110785.000 ns	     11077	80002518	d016f653	fcvt.s.wu	f12,x13	 x13:0x00000002 f12=0x40000000
     110815.000 ns	     11080	8000251c	a1c9a053	feq.s	x0,f19,f28	 f19:0x4efffff4 f28:0xff800000
     110835.000 ns	     11082	80002520	01003d33	sltu	x26,x0,x16	  x0:0x00000000 x16:0x00000000 x26=0x00000000
     110865.000 ns	     11085	80002524	580fb6d3	fsqrt.s	f13,f31	 f31:0xcefff7df f13=0x7fc00000
     110895.000 ns	     11088	80002528	a15e09d3	fle.s	x19,f28,f21	 f28:0xff800000 f21:0x7fffffff x19=0x00000000
     110915.000 ns	     11090	8000252c	cbcc0393	addi	x7,x24,-836	 x24:0x00000000  x7=0xfffffcbc
     110925.000 ns	     11091	80002530	016709b3	add	x19,x14,x22	 x14:0x00000001 x22:0x49f294e0 x19=0x49f294e1
     110945.000 ns	     11093	80002534	20e70c53	fsgnj.s	f24,f14,f14	 f14:0x80000000 f14:0x80000000 f24=0x80000000
     110965.000 ns	     11095	80002538	017affb3	and	x31,x21,x23	 x21:0x00000000 x23:0x00000000 x31=0x00000000
     110985.000 ns	     11097	8000253c	a0e49453	flt.s	x8,f9,f14	  f9:0x7f800000 f14:0x80000000  x8=0x00000000
     111355.000 ns	     11134	80002540	034770b3	remu	x1,x14,x20	 x14:0x00000001 x20:0x00000001  x1=0x00000000
     111375.000 ns	     11136	80002544	4196df13	srai	x30,x13,0x19	 x13:0x00000002 x30=0x00000000
     111385.000 ns	     11137	80002548	399d4517	auipc	x10,0x399d4	 x10=0xb99d6548
     111405.000 ns	     11139	8000254c	c00b9853	fcvt.w.s	x16,f23	 f23:0x00000000 x16=0x00000000
     111435.000 ns	     11142	80002550	20cb2753	fsgnjx.s	f14,f22,f12	 f22:0x00000000 f12:0x40000000 f14=0x00000000
     111455.000 ns	     11144	80002554	40138bb3	sub	x23,x7,x1	  x7:0xfffffcbc  x1:0x00000000 x23=0xfffffcbc
     111485.000 ns	     11147	80002558	58037753	fsqrt.s	f14,f6	  f6:0xbf800000 f14=0x7fc00000
     111505.000 ns	     11149	8000255c	00ef86b3	add	x13,x31,x14	 x31:0x00000000 x14:0x00000001 x13=0x00000001
     111525.000 ns	     11151	80002560	29cc9cd3	fmax.s	f25,f25,f28	 f25:0x00000000 f28:0xff800000 f25=0x00000000
     111555.000 ns	     11154	80002564	a197aa53	feq.s	x20,f15,f25	 f15:0xff800000 f25:0x00000000 x20=0x00000000
     111585.000 ns	     11157	80002568	030f9933	mulh	x18,x31,x16	 x31:0x00000000 x16:0x00000000 x18=0x00000000
     111615.000 ns	     11160	8000256c	a1660ed3	fle.s	x29,f12,f22	 f12:0x40000000 f22:0x00000000 x29=0x00000000
     111635.000 ns	     11162	80002570	00ce6833	or	x16,x28,x12	 x28:0x4482a000 x12:0x00000002 x16=0x4482a002
     111655.000 ns	     11164	80002574	e0058d53	fmv.x.w	x26,f11	 f11:0x00000000 x26=0x00000000
     111675.000 ns	     11166	80002578	00000013	addi	x0,x0,0	  x0:0x00000000
     111685.000 ns	     11167	8000257c	00854233	xor	x4,x10,x8	 x10:0xb99d6548  x8:0x00000000  x4=0xb99d6548
     111715.000 ns	     11170	80002580	18007bd3	fdiv.s	f23,f0,f0	  f0:0x00000000  f0:0x00000000 f23=0x7fc00000
     111735.000 ns	     11172	80002584	37ec43b7	lui	x7,0x37ec4	  x7=0x37ec4000
     111745.000 ns	     11173	80002588	00858533	add	x10,x11,x8	 x11:0x7fffffff  x8:0x00000000 x10=0x7fffffff
     111755.000 ns	     11174	8000258c	71ce2393	slti	x7,x28,1820	 x28:0x4482a000  x7=0x00000000
     111785.000 ns	     11177	80002590	19edff53	fdiv.s	f30,f27,f30	 f27:0xff800000 f30:0x00000000 f30=0xff800000
     111805.000 ns	     11179	80002594	00c459b3	srl	x19,x8,x12	  x8:0x00000000 x12:0x00000002 x19=0x00000000
     111825.000 ns	     11181	80002598	025aab33	mulhsu	x22,x21,x5	 x21:0x00000000  x5:0x00000000 x22=0x00000000
     111855.000 ns	     11184	8000259c	a0181b53	flt.s	x22,f16,f1	 f16:0x00000000  f1:0x4f000411 x22=0x00000001
     111885.000 ns	     11187	800025a0	20e78e53	fsgnj.s	f28,f15,f14	 f15:0xff800000 f14:0x7fc00000 f28=0x7f800000
     111935.000 ns	     11192	800025a4	089e3253	fsub.s	f4,f28,f9	 f28:0xff800000  f9:0x7f800000  f4=0x80000000
     111965.000 ns	     11195	800025a8	0254bab3	mulhu	x21,x9,x5	  x9:0x00000002  x5:0x00000000 x21=0x00000000
     111985.000 ns	     11197	800025ac	0049deb3	srl	x29,x19,x4	 x19:0x00000000  x4:0xb99d6548 x29=0x00000000
     112005.000 ns	     11199	800025b0	21f51353	fsgnjn.s	f6,f10,f31	 f10:0xd47fefb4 f31:0xcefff7df  f6=0x547fefb4
     112025.000 ns	     11201	800025b4	dc0b8617	auipc	x12,0xdc0b8	 x12=0x5c0ba5b4
     112035.000 ns	     11202	800025b8	403fd4b3	sra	x9,x31,x3	 x31:0x00000000  x3:0x00000000  x9=0x00000000
     112055.000 ns	     11204	800025bc	205f90d3	fsgnjn.s	f1,f31,f5	 f31:0xcefff7df  f5:0x4482a000  f1=0xcefff7df
     112085.000 ns	     11207	800025c0	03b8c4b3	div	x9,x17,x27	 x17:0x000000a8 x27:0x00000000  x9=0xffffffff
     112115.000 ns	     11210	800025c4	0252aab3	mulhsu	x21,x5,x5	  x5:0x00000000  x5:0x00000000 x21=0x00000000
     112135.000 ns	     11212	800025c8	00000013	addi	x0,x0,0	  x0:0x00000000
     112155.000 ns	     11214	800025cc	c004f1d3	fcvt.w.s	x3,f9	  f9:0x7f800000  x3=0x7fffffff
     112175.000 ns	     11216	800025d0	006a8c33	add	x24,x21,x6	 x21:0x00000000  x6:0x80041024 x24=0x80041024
     112185.000 ns	     11217	800025d4	50c32997	auipc	x19,0x50c32	 x19=0xd0c345d4
     112215.000 ns	     11220	800025d8	5803c8d3	fsqrt.s	f17,f7	  f7:0xc482a000 f17=0x7fc00000
     112235.000 ns	     11222	800025dc	01746533	or	x10,x8,x23	  x8:0x00000000 x23:0xfffffcbc x10=0xfffffcbc
     112255.000 ns	     11224	800025e0	21c70dd3	fsgnj.s	f27,f14,f28	 f14:0x7fc00000 f28:0x7f800000 f27=0x7fc00000
     112285.000 ns	     11227	800025e4	c01970d3	fcvt.wu.s	x1,f18	 f18:0x7fc00000  x1=0xffffffff
     112315.000 ns	     11230	800025e8	e0089053	fclass.s	x0,f17	 f17:0x7fc00000
     112335.000 ns	     11232	800025ec	415e5933	sra	x18,x28,x21	 x28:0x4482a000 x21:0x00000000 x18=0x4482a000
     112345.000 ns	     11233	800025f0	00a5dd13	srli	x26,x11,0xa	 x11:0x7fffffff x26=0x001fffff
     112355.000 ns	     11234	800025f4	00115993	srli	x19,x2,0x1	  x2:0x00000000 x19=0x00000000
     112375.000 ns	     11236	800025f8	024a88b3	mul	x17,x21,x4	 x21:0x00000000  x4:0xb99d6548 x17=0x00000000
     112415.000 ns	     11240	800025fc	118bfc53	fmul.s	f24,f23,f24	 f23:0x7fc00000 f24:0x80000000 f24=0x7fc00000
     112785.000 ns	     11277	80002600	026ff0b3	remu	x1,x31,x6	 x31:0x00000000  x6:0x80041024  x1=0x00000000
     112805.000 ns	     11279	80002604	f493b613	sltiu	x12,x7,-183	  x7:0x00000000 x12=0x00000001
     112825.000 ns	     11281	80002608	d01ef553	fcvt.s.wu	f10,x29	 x29:0x00000000 f10=0x00000000
     112855.000 ns	     11284	8000260c	a1fd80d3	fle.s	x1,f27,f31	 f27:0x7fc00000 f31:0xcefff7df  x1=0x00000000
     112875.000 ns	     11286	80002610	c7b13493	sltiu	x9,x2,-901	  x2:0x00000000  x9=0x00000001
     113235.000 ns	     11322	80002614	02e760b3	rem	x1,x14,x14	 x14:0x00000001 x14:0x00000001  x1=0x00000000
     113265.000 ns	     11325	80002618	03fef233	remu	x4,x29,x31	 x29:0x00000000 x31:0x00000000  x4=0x00000000
     113285.000 ns	     11327	8000261c	002ba8b3	slt	x17,x23,x2	 x23:0xfffffcbc  x2:0x00000000 x17=0x00000001
     113295.000 ns	     11328	80002620	9c2c2e17	auipc	x28,0x9c2c2	 x28=0x1c2c4620
     113305.000 ns	     11329	80002624	00756bb3	or	x23,x10,x7	 x10:0xfffffcbc  x7:0x00000000 x23=0xfffffcbc
     113325.000 ns	     11331	80002628	e0059f53	fclass.s	x30,f11	 f11:0x00000000 x30=0x00000010
     113355.000 ns	     11334	8000262c	20001853	fsgnjn.s	f16,f0,f0	  f0:0x00000000  f0:0x00000000 f16=0x80000000
     113375.000 ns	     11336	80002630	409dda13	srai	x20,x27,0x9	 x27:0x00000000 x20=0x00000000
     113385.000 ns	     11337	80002634	5fbc4eb7	lui	x29,0x5fbc4	 x29=0x5fbc4000
     113395.000 ns	     11338	80002638	010cc8b3	xor	x17,x25,x16	 x25:0x0e392982 x16:0x4482a002 x17=0x4abb8980
     113405.000 ns	     11339	8000263c	41493393	sltiu	x7,x18,1044	 x18:0x4482a000  x7=0x00000000
     113435.000 ns	     11342	80002640	180bf2d3	fdiv.s	f5,f23,f0	 f23:0x7fc00000  f0:0x00000000  f5=0x7fc00000
     113465.000 ns	     11345	80002644	217d2453	fsgnjx.s	f8,f26,f23	 f26:0x7fc00000 f23:0x7fc00000  f8=0x7fc00000
     113495.000 ns	     11348	80002648	02c70d33	mul	x26,x14,x12	 x14:0x00000001 x12:0x00000001 x26=0x00000001
     113515.000 ns	     11350	8000264c	00cbc6b3	xor	x13,x23,x12	 x23:0xfffffcbc x12:0x00000001 x13=0xfffffcbd
     113525.000 ns	     11351	80002650	a2b18d13	addi	x26,x3,-1493	  x3:0x7fffffff x26=0x7ffffa2a
     113545.000 ns	     11353	80002654	03ab3c33	mulhu	x24,x22,x26	 x22:0x00000001 x26:0x00000001 x24=0x00000000
     113565.000 ns	     11355	80002658	01d56e33	or	x28,x10,x29	 x10:0xfffffcbc x29:0x5fbc4000 x28=0xfffffcbc
     113575.000 ns	     11356	8000265c	009b1133	sll	x2,x22,x9	 x22:0x00000001  x9:0x00000001  x2=0x00000002
     113595.000 ns	     11358	80002660	c0028ad3	fcvt.w.s	x21,f5	  f5:0x7fc00000 x21=0x7fffffff
     113615.000 ns	     11360	80002664	00000013	addi	x0,x0,0	  x0:0x00000000
     113635.000 ns	     11362	80002668	0211d133	divu	x2,x3,x1	  x3:0x7fffffff  x1:0x00000000  x2=0xffffffff
     113665.000 ns	     11365	8000266c	025aae33	mulhsu	x28,x21,x5	 x21:0x7fffffff  x5:0x00000000 x28=0x00000000
     113695.000 ns	     11368	80002670	028928b3	mulhsu	x17,x18,x8	 x18:0x4482a000  x8:0x00000000 x17=0x00000000
     113725.000 ns	     11371	80002674	037209b3	mul	x19,x4,x23	  x4:0x00000000 x23:0xfffffcbc x19=0x00000000
     113745.000 ns	     11373	80002678	1da66a37	lui	x20,0x1da66	 x20=0x1da66000
     113775.000 ns	     11376	8000267c	11ee81d3	fmul.s	f3,f29,f30	 f29:0x00000000 f30:0xff800000  f3=0x7fc00000
     113805.000 ns	     11379	80002680	29290653	fmin.s	f12,f18,f18	 f18:0x7fc00000 f18:0x7fc00000 f12=0x7fc00000
     113835.000 ns	     11382	80002684	f0058653	fmv.w.x	f12,x11	 x11:0x7fffffff f12=0x7fffffff
     113865.000 ns	     11385	80002688	02979933	mulh	x18,x15,x9	 x15:0x80040fe4  x9:0x00000001 x18=0xffffffff
     113895.000 ns	     11388	8000268c	f0000353	fmv.w.x	f6,x0	  x0:0x00000000  f6=0x00000000
     113925.000 ns	     11391	80002690	d012f8d3	fcvt.s.wu	f17,x5	  x5:0x00000000 f17=0x00000000
     113955.000 ns	     11394	80002694	a1a1add3	feq.s	x27,f3,f26	  f3:0x7fc00000 f26:0x7fc00000 x27=0x00000000
     113985.000 ns	     11397	80002698	c01a73d3	fcvt.wu.s	x7,f20	 f20:0x80000000  x7=0x00000000
     114355.000 ns	     11434	8000269c	023744b3	div	x9,x14,x3	 x14:0x00000001  x3:0x7fffffff  x9=0x00000000
     114385.000 ns	     11437	800026a0	21fd8853	fsgnj.s	f16,f27,f31	 f27:0x7fc00000 f31:0xcefff7df f16=0xffc00000
     114405.000 ns	     11439	800026a4	41405f93	srai	x31,x0,0x14	  x0:0x00000000 x31=0x00000000
     114425.000 ns	     11441	800026a8	29670c53	fmin.s	f24,f14,f22	 f14:0x7fc00000 f22:0x00000000 f24=0x00000000
     114465.000 ns	     11445	800026ac	58042e53	fsqrt.s	f28,f8	  f8:0x7fc00000 f28=0x7fc00000
     114485.000 ns	     11447	800026b0	b6e53013	sltiu	x0,x10,-1170	 x10:0xfffffcbc
     114495.000 ns	     11448	800026b4	6a2cc613	xori	x12,x25,1698	 x25:0x0e392982 x12=0x0e392f20
     114515.000 ns	     11450	800026b8	f0040ad3	fmv.w.x	f21,x8	  x8:0x00000000 f21=0x00000000
     114545.000 ns	     11453	800026bc	02468a33	mul	x20,x13,x4	 x13:0xfffffcbd  x4:0x00000000 x20=0x00000000
     114565.000 ns	     11455	800026c0	01145613	srli	x12,x8,0x11	  x8:0x00000000 x12=0x00000000
     114575.000 ns	     11456	800026c4	01b1a933	slt	x18,x3,x27	  x3:0x7fffffff x27:0x00000000 x18=0x00000000
     114585.000 ns	     11457	800026c8	a51bec37	lui	x24,0xa51be	 x24=0xa51be000
     114945.000 ns	     11493	800026cc	03896fb3	rem	x31,x18,x24	 x18:0xffffffff x24:0x00000000 x31=0x00000000
     114975.000 ns	     11496	800026d0	f00d8053	fmv.w.x	f0,x27	 x27:0x00000000  f0=0x00000000
     115005.000 ns	     11499	800026d4	03d612b3	mulh	x5,x12,x29	 x12:0x00000000 x29:0x5fbc4000  x5=0x00000000
     115035.000 ns	     11502	800026d8	204b9ed3	fsgnjn.s	f29,f23,f4	 f23:0x7fc00000  f4:0x80000000 f29=0x7fc00000
     115055.000 ns	     11504	800026dc	98b00f17	auipc	x30,0x98b00	 x30=0x18b026dc
     115065.000 ns	     11505	800026e0	0161a1b3	slt	x3,x3,x22	  x3:0x7fffffff x22:0x00000001  x3=0x00000000
     115085.000 ns	     11507	800026e4	211a2ad3	fsgnjx.s	f21,f20,f17	 f20:0x80000000 f17:0x00000000 f21=0x80000000
     115125.000 ns	     11511	800026e8	11400e53	fmul.s	f28,f0,f20	  f0:0x00000000 f20:0x80000000 f28=0x80000000
     115145.000 ns	     11513	800026ec	00052533	slt	x10,x10,x0	 x10:0xfffffcbc  x0:0x00000000 x10=0x00000001
     115165.000 ns	     11515	800026f0	e00f06d3	fmv.x.w	x13,f30	 f30:0xff800000 x13=0xff800000
     115195.000 ns	     11518	800026f4	c00c7fd3	fcvt.w.s	x31,f24	 f24:0x00000000 x31=0x00000000
     115215.000 ns	     11520	800026f8	01bd6833	or	x16,x26,x27	 x26:0x7ffffa2a x27:0x00000000 x16=0x7ffffa2a
     115235.000 ns	     11522	800026fc	031b6833	rem	x16,x22,x17	 x22:0x00000001 x17:0x00000000 x16=0x00000001
     115255.000 ns	     11524	80002700	80f22593	slti	x11,x4,-2033	  x4:0x00000000 x11=0x00000000
     115275.000 ns	     11526	80002704	029214b3	mulh	x9,x4,x9	  x4:0x00000000  x9:0x00000000  x9=0x00000000
     115305.000 ns	     11529	80002708	0321f8b3	remu	x17,x3,x18	  x3:0x00000000 x18:0x00000000 x17=0x00000000
     115325.000 ns	     11531	8000270c	00f85db3	srl	x27,x16,x15	 x16:0x00000001 x15:0x80040fe4 x27=0x00000000
     115345.000 ns	     11533	80002710	03042533	mulhsu	x10,x8,x16	  x8:0x00000000 x16:0x00000001 x10=0x00000000
     115365.000 ns	     11535	80002714	00000013	addi	x0,x0,0	  x0:0x00000000
     115375.000 ns	     11536	80002718	e0c73713	sltiu	x14,x14,-500	 x14:0x00000001 x14=0x00000001
     115385.000 ns	     11537	8000271c	efab4e13	xori	x28,x22,-262	 x22:0x00000001 x28=0xfffffefb
     115405.000 ns	     11539	80002720	c001c953	fcvt.w.s	x18,f3	  f3:0x7fc00000 x18=0x7fffffff
     115775.000 ns	     11576	80002724	0328edb3	rem	x27,x17,x18	 x17:0x00000000 x18:0x00000000 x27=0x00000000
     115805.000 ns	     11579	80002728	03456f33	rem	x30,x10,x20	 x10:0x00000000 x20:0x00000000 x30=0x00000000
     115825.000 ns	     11581	8000272c	7cd76693	ori	x13,x14,1997	 x14:0x00000001 x13=0x000007cd
     115845.000 ns	     11583	80002730	e0030d53	fmv.x.w	x26,f6	  f6:0x00000000 x26=0x00000000
     115865.000 ns	     11585	80002734	baaf7093	andi	x1,x30,-1110	 x30:0x00000000  x1=0x00000000
     115885.000 ns	     11587	80002738	03278fb3	mul	x31,x15,x18	 x15:0x80040fe4 x18:0x7fffffff x31=0x7ffbf01c
     115915.000 ns	     11590	8000273c	e0021e53	fclass.s	x28,f4	  f4:0x80000000 x28=0x00000008
     115935.000 ns	     11592	80002740	416c88b3	sub	x17,x25,x22	 x25:0x0e392982 x22:0x00000001 x17=0x0e392981
     116295.000 ns	     11628	80002744	0359e033	rem	x0,x19,x21	 x19:0x00000000 x21:0x7fffffff
     116315.000 ns	     11630	80002748	41e28e33	sub	x28,x5,x30	  x5:0x00000000 x30:0x00000000 x28=0x00000000
     116325.000 ns	     11631	8000274c	43f3de97	auipc	x29,0x43f3d	 x29=0xc3f3f74c
     116365.000 ns	     11635	80002750	09a2fe53	fsub.s	f28,f5,f26	  f5:0x7fc00000 f26:0x7fc00000 f28=0x7fc00000
     116395.000 ns	     11638	80002754	29710fd3	fmin.s	f31,f2,f23	  f2:0x4482a000 f23:0x7fc00000 f31=0x4482a000
     116415.000 ns	     11640	80002758	8fa88593	addi	x11,x17,-1798	 x17:0x0e392981 x11=0x0e39227b
     116445.000 ns	     11643	8000275c	192c7853	fdiv.s	f16,f24,f18	 f24:0x00000000 f18:0x7fc00000 f16=0x7fc00000
     116475.000 ns	     11646	80002760	02d52833	mulhsu	x16,x10,x13	 x10:0x00000000 x13:0x000007cd x16=0x00000000
     116495.000 ns	     11648	80002764	98873513	sltiu	x10,x14,-1656	 x14:0x00000001 x10=0x00000001
     116505.000 ns	     11649	80002768	af968893	addi	x17,x13,-1287	 x13:0x000007cd x17=0x000002c6
     116525.000 ns	     11651	8000276c	f0020b53	fmv.w.x	f22,x4	  x4:0x00000000 f22=0x00000000
     116555.000 ns	     11654	80002770	20d32553	fsgnjx.s	f10,f6,f13	  f6:0x00000000 f13:0x7fc00000 f10=0x00000000
     116585.000 ns	     11657	80002774	a16f8ad3	fle.s	x21,f31,f22	 f31:0x4482a000 f22:0x00000000 x21=0x00000000
     116605.000 ns	     11659	80002778	00ea31b3	sltu	x3,x20,x14	 x20:0x00000000 x14:0x00000001  x3=0x00000001
     116625.000 ns	     11661	8000277c	028818b3	mulh	x17,x16,x8	 x16:0x00000000  x8:0x00000000 x17=0x00000000
     116655.000 ns	     11664	80002780	c000f753	fcvt.w.s	x14,f1	  f1:0xcefff7df x14=0x7ffbef80
     116685.000 ns	     11667	80002784	21b50f53	fsgnj.s	f30,f10,f27	 f10:0x00000000 f27:0x7fc00000 f30=0x00000000
     116705.000 ns	     11669	80002788	41a5d8b3	sra	x17,x11,x26	 x11:0x0e39227b x26:0x00000000 x17=0x0e39227b
     116715.000 ns	     11670	8000278c	ac13ce93	xori	x29,x7,-1343	  x7:0x00000000 x29=0xfffffac1
     116725.000 ns	     11671	80002790	00bf5713	srli	x14,x30,0xb	 x30:0x00000000 x14=0x00000000
     116735.000 ns	     11672	80002794	00d44b33	xor	x22,x8,x13	  x8:0x00000000 x13:0x000007cd x22=0x000007cd
     117095.000 ns	     11708	80002798	02ade433	rem	x8,x27,x10	 x27:0x00000000 x10:0x00000001  x8=0x00000000
     117115.000 ns	     11710	8000279c	40bad193	srai	x3,x21,0xb	 x21:0x00000000  x3=0x00000000
     117135.000 ns	     11712	800027a0	285381d3	fmin.s	f3,f7,f5	  f7:0xc482a000  f5:0x7fc00000  f3=0xc482a000
     117165.000 ns	     11715	800027a4	03902033	mulhsu	x0,x0,x25	  x0:0x00000000 x25:0x0e392982
     117185.000 ns	     11717	800027a8	00000013	addi	x0,x0,0	  x0:0x00000000
     117205.000 ns	     11719	800027ac	a1a882d3	fle.s	x5,f17,f26	 f17:0x00000000 f26:0x7fc00000  x5=0x00000000
     117235.000 ns	     11722	800027b0	f00f8f53	fmv.w.x	f30,x31	 x31:0x7ffbf01c f30=0x7ffbf01c
     117275.000 ns	     11726	800027b4	18614cd3	fdiv.s	f25,f2,f6	  f2:0x4482a000  f6:0x00000000 f25=0x7f800000
     117305.000 ns	     11729	800027b8	a085a5d3	feq.s	x11,f11,f8	 f11:0x00000000  f8:0x7fc00000 x11=0x00000000
     117335.000 ns	     11732	800027bc	03a6e733	rem	x14,x13,x26	 x13:0x000007cd x26:0x00000000 x14=0x000007cd
     117355.000 ns	     11734	800027c0	0039de13	srli	x28,x19,0x3	 x19:0x00000000 x28=0x00000000
     117375.000 ns	     11736	800027c4	c01836d3	fcvt.wu.s	x13,f16	 f16:0x7fc00000 x13=0xffffffff
     117405.000 ns	     11739	800027c8	e0059553	fclass.s	x10,f11	 f11:0x00000000 x10=0x00000010
     117435.000 ns	     11742	800027cc	0322a9b3	mulhsu	x19,x5,x18	  x5:0x00000000 x18:0x7fffffff x19=0x00000000
     117475.000 ns	     11746	800027d0	109ef753	fmul.s	f14,f29,f9	 f29:0x7fc00000  f9:0x7f800000 f14=0x7fc00000
     117495.000 ns	     11748	800027d4	41cd5c33	sra	x24,x26,x28	 x26:0x00000000 x28:0x00000000 x24=0x00000000
     117515.000 ns	     11750	800027d8	034cf1b3	remu	x3,x25,x20	 x25:0x0e392982 x20:0x00000000  x3=0x0e392982
     117555.000 ns	     11754	800027dc	1980f953	fdiv.s	f18,f1,f24	  f1:0xcefff7df f24:0x00000000 f18=0xff800000
     117585.000 ns	     11757	800027e0	c0101bd3	fcvt.wu.s	x23,f0	  f0:0x00000000 x23=0x00000000
     117615.000 ns	     11760	800027e4	031ba9b3	mulhsu	x19,x23,x17	 x23:0xfffffcbc x17:0x0e39227b x19=0x00000000
     117635.000 ns	     11762	800027e8	b54b8713	addi	x14,x23,-1196	 x23:0x00000000 x14=0xfffffb54
     117655.000 ns	     11764	800027ec	03978a33	mul	x20,x15,x25	 x15:0x80040fe4 x25:0x0e392982 x20=0xaa5f95c8
     117675.000 ns	     11766	800027f0	010e9833	sll	x16,x29,x16	 x29:0xfffffac1 x16:0x00000000 x16=0xfffffac1
     117695.000 ns	     11768	800027f4	c01df553	fcvt.wu.s	x10,f27	 f27:0x7fc00000 x10=0xffffffff
     117715.000 ns	     11770	800027f8	00000013	addi	x0,x0,0	  x0:0x00000000
     117745.000 ns	     11773	800027fc	10a51e53	fmul.s	f28,f10,f10	 f10:0x00000000 f10:0x00000000 f28=0x00000000
     117775.000 ns	     11776	80002800	21979fd3	fsgnjn.s	f31,f15,f25	 f15:0xff800000 f25:0x7f800000 f31=0xff800000
     117795.000 ns	     11778	80002804	416fd393	srai	x7,x31,0x16	 x31:0x7ffbf01c  x7=0x000001ff
     117805.000 ns	     11779	80002808	00000013	addi	x0,x0,0	  x0:0x00000000
     117825.000 ns	     11781	8000280c	0311a6b3	mulhsu	x13,x3,x17	  x3:0x0e392982 x17:0x0e39227b x13=0x00ca4ce9
     117845.000 ns	     11783	80002810	515d4893	xori	x17,x26,1301	 x26:0x00000000 x17=0x00000515
     117855.000 ns	     11784	80002814	01dc5433	srl	x8,x24,x29	 x24:0x00000000 x29:0xfffffac1  x8=0x00000000
     117875.000 ns	     11786	80002818	e0010253	fmv.x.w	x4,f2	  f2:0x4482a000  x4=0x4482a000
     117905.000 ns	     11789	8000281c	e00c9253	fclass.s	x4,f25	 f25:0x7f800000  x4=0x00000080
     117935.000 ns	     11792	80002820	d00df1d3	fcvt.s.w	f3,x27	 x27:0x00000000  f3=0x00000000
     117965.000 ns	     11795	80002824	21538c53	fsgnj.s	f24,f7,f21	  f7:0xc482a000 f21:0x80000000 f24=0xc482a000
     118005.000 ns	     11799	80002828	19a678d3	fdiv.s	f17,f12,f26	 f12:0x7fffffff f26:0x7fc00000 f17=0x7fc00000
     118025.000 ns	     11801	8000282c	01ab7d33	and	x26,x22,x26	 x22:0x000007cd x26:0x00000000 x26=0x00000000
     118045.000 ns	     11803	80002830	03463233	mulhu	x4,x12,x20	 x12:0x00000000 x20:0xaa5f95c8  x4=0x00000000
     118415.000 ns	     11840	80002834	02a0c833	div	x16,x1,x10	  x1:0x00000000 x10:0xffffffff x16=0x00000000
     118445.000 ns	     11843	80002838	21e42653	fsgnjx.s	f12,f8,f30	  f8:0x7fc00000 f30:0x7ffbf01c f12=0x7fc00000
     118475.000 ns	     11846	8000283c	d01dc453	fcvt.s.wu	f8,x27	 x27:0x00000000  f8=0x00000000
     118505.000 ns	     11849	80002840	0333beb3	mulhu	x29,x7,x19	  x7:0x000001ff x19:0x00000000 x29=0x00000000
     118535.000 ns	     11852	80002844	c0027e53	fcvt.w.s	x28,f4	  f4:0x80000000 x28=0x00000000
     118565.000 ns	     11855	80002848	20a39253	fsgnjn.s	f4,f7,f10	  f7:0xc482a000 f10:0x00000000  f4=0xc482a000
     118595.000 ns	     11858	8000284c	c010bb53	fcvt.wu.s	x22,f1	  f1:0xcefff7df x22=0x7ffbef80
     118625.000 ns	     11861	80002850	f00c8353	fmv.w.x	f6,x25	 x25:0x0e392982  f6=0x0e392982
     118665.000 ns	     11865	80002854	580ff953	fsqrt.s	f18,f31	 f31:0xff800000 f18=0x7fc00000
     118685.000 ns	     11867	80002858	0045d293	srli	x5,x11,0x4	 x11:0x00000000  x5=0x00000000
     118695.000 ns	     11868	8000285c	969a3213	sltiu	x4,x20,-1687	 x20:0xaa5f95c8  x4=0x00000001
     118715.000 ns	     11870	80002860	200e2c53	fsgnjx.s	f24,f28,f0	 f28:0x00000000  f0:0x00000000 f24=0x00000000
     118755.000 ns	     11874	80002864	580fa953	fsqrt.s	f18,f31	 f31:0xff800000 f18=0x7fc00000
     118795.000 ns	     11878	80002868	19ee96d3	fdiv.s	f13,f29,f30	 f29:0x7fc00000 f30:0x7ffbf01c f13=0x7fc00000
     118835.000 ns	     11882	8000286c	11111853	fmul.s	f16,f2,f17	  f2:0x4482a000 f17:0x7fc00000 f16=0x7fc00000
     118865.000 ns	     11885	80002870	035954b3	divu	x9,x18,x21	 x18:0x7fffffff x21:0x00000000  x9=0xffffffff
     118885.000 ns	     11887	80002874	00000013	addi	x0,x0,0	  x0:0x00000000
     119245.000 ns	     11923	80002878	02fd5933	divu	x18,x26,x15	 x26:0x00000000 x15:0x80040fe4 x18=0x00000000
     119275.000 ns	     11926	8000287c	03b88bb3	mul	x23,x17,x27	 x17:0x00000515 x27:0x00000000 x23=0x00000000
     119295.000 ns	     11928	80002880	406ed613	srai	x12,x29,0x6	 x29:0x00000000 x12=0x00000000
     119325.000 ns	     11931	80002884	5807fb53	fsqrt.s	f22,f15	 f15:0xff800000 f22=0x7fc00000
     119355.000 ns	     11934	80002888	02503db3	mulhu	x27,x0,x5	  x0:0x00000000  x5:0x00000000 x27=0x00000000
     119385.000 ns	     11937	8000288c	c009fed3	fcvt.w.s	x29,f19	 f19:0x4efffff4 x29=0x7ffffa00
     119415.000 ns	     11940	80002890	02cf96b3	mulh	x13,x31,x12	 x31:0x7ffbf01c x12:0x00000000 x13=0x00000000
     119435.000 ns	     11942	80002894	00179013	slli	x0,x15,0x1	 x15:0x80040fe4
     119445.000 ns	     11943	80002898	0be44f13	xori	x30,x8,190	  x8:0x00000000 x30=0x000000be
     119465.000 ns	     11945	8000289c	284286d3	fmin.s	f13,f5,f4	  f5:0x7fc00000  f4:0xc482a000 f13=0xc482a000
     119505.000 ns	     11949	800028a0	11327c53	fmul.s	f24,f4,f19	  f4:0xc482a000 f19:0x4efffff4 f24=0xd4029ffa
     119535.000 ns	     11952	800028a4	03ed3eb3	mulhu	x29,x26,x30	 x26:0x00000000 x30:0x000000be x29=0x00000000
     119565.000 ns	     11955	800028a8	20a31553	fsgnjn.s	f10,f6,f10	  f6:0x0e392982 f10:0x00000000 f10=0x8e392982
     119595.000 ns	     11958	800028ac	a1f30953	fle.s	x18,f6,f31	  f6:0x0e392982 f31:0xff800000 x18=0x00000000
     119625.000 ns	     11961	800028b0	0255e0b3	rem	x1,x11,x5	 x11:0x00000000  x5:0x00000000  x1=0x00000000
     119645.000 ns	     11963	800028b4	311eb413	sltiu	x8,x29,785	 x29:0x00000000  x8=0x00000001
     119665.000 ns	     11965	800028b8	022b9db3	mulh	x27,x23,x2	 x23:0x00000000  x2:0xffffffff x27=0x00000000
     119685.000 ns	     11967	800028bc	016f5ab3	srl	x21,x30,x22	 x30:0x000000be x22:0x7ffbef80 x21=0x000000be
     119695.000 ns	     11968	800028c0	40a583b3	sub	x7,x11,x10	 x11:0x00000000 x10:0xffffffff  x7=0x00000001
     119715.000 ns	     11970	800028c4	c0110ed3	fcvt.wu.s	x29,f2	  f2:0x4482a000 x29=0x00000415
     119765.000 ns	     11975	800028c8	08177b53	fsub.s	f22,f14,f1	 f14:0x7fc00000  f1:0xcefff7df f22=0x7fc00000
     119785.000 ns	     11977	800028cc	010a90b3	sll	x1,x21,x16	 x21:0x000000be x16:0x00000000  x1=0x000000be
     119805.000 ns	     11979	800028d0	e0019553	fclass.s	x10,f3	  f3:0x00000000 x10=0x00000010
     119835.000 ns	     11982	800028d4	02db1533	mulh	x10,x22,x13	 x22:0x7ffbef80 x13:0x00000000 x10=0x00000000
     119865.000 ns	     11985	800028d8	287a08d3	fmin.s	f17,f20,f7	 f20:0x80000000  f7:0xc482a000 f17=0xc482a000
     119885.000 ns	     11987	800028dc	00c323b3	slt	x7,x6,x12	  x6:0x80041024 x12:0x00000000  x7=0x00000001
     119905.000 ns	     11989	800028e0	c01cfad3	fcvt.wu.s	x21,f25	 f25:0x7f800000 x21=0xffffffff
     119925.000 ns	     11991	800028e4	32e38913	addi	x18,x7,814	  x7:0x00000001 x18=0x0000032f
     119945.000 ns	     11993	800028e8	c01dca53	fcvt.wu.s	x20,f27	 f27:0x7fc00000 x20=0xffffffff
     119975.000 ns	     11996	800028ec	02a06233	rem	x4,x0,x10	  x0:0x00000000 x10:0x00000000  x4=0x00000000
     119995.000 ns	     11998	800028f0	68077237	lui	x4,0x68077	  x4=0x68077000
     120015.000 ns	     12000	800028f4	0397b2b3	mulhu	x5,x15,x25	 x15:0x80040fe4 x25:0x0e392982  x5=0x071cce87
     120055.000 ns	     12004	800028f8	58078853	fsqrt.s	f16,f15	 f15:0xff800000 f16=0x7fc00000
     120075.000 ns	     12006	800028fc	00fcdb93	srli	x23,x25,0xf	 x25:0x0e392982 x23=0x00001c72
     120095.000 ns	     12008	80002900	03311733	mulh	x14,x2,x19	  x2:0xffffffff x19:0x00000000 x14=0x00000000
     120125.000 ns	     12011	80002904	a056a2d3	feq.s	x5,f13,f5	 f13:0xc482a000  f5:0x7fc00000  x5=0x00000000
     120145.000 ns	     12013	80002908	e0c1bf13	sltiu	x30,x3,-500	  x3:0x0e392982 x30=0x00000001
     120165.000 ns	     12015	8000290c	035aa633	mulhsu	x12,x21,x21	 x21:0xffffffff x21:0xffffffff x12=0xffffffff
     120195.000 ns	     12018	80002910	d01622d3	fcvt.s.wu	f5,x12	 x12:0x00000000  f5=0x4f800000
     120225.000 ns	     12021	80002914	d0071fd3	fcvt.s.w	f31,x14	 x14:0x00000000 f31=0x00000000
     120245.000 ns	     12023	80002918	4eb0cb13	xori	x22,x1,1259	  x1:0x000000be x22=0x00000455
     120255.000 ns	     12024	8000291c	40955213	srai	x4,x10,0x9	 x10:0x00000000  x4=0x00000000
     120275.000 ns	     12026	80002920	d00036d3	fcvt.s.w	f13,x0	  x0:0x00000000 f13=0x00000000
     120305.000 ns	     12029	80002924	a0910dd3	fle.s	x27,f2,f9	  f2:0x4482a000  f9:0x7f800000 x27=0x00000001
     120325.000 ns	     12031	80002928	2844b537	lui	x10,0x2844b	 x10=0x2844b000
     120335.000 ns	     12032	8000292c	00f7f9b3	and	x19,x15,x15	 x15:0x80040fe4 x15:0x80040fe4 x19=0x80040fe4
     120355.000 ns	     12034	80002930	20d9afd3	fsgnjx.s	f31,f19,f13	 f19:0x4efffff4 f13:0x00000000 f31=0x4efffff4
     120375.000 ns	     12036	80002934	014b5fb3	srl	x31,x22,x20	 x22:0x00000455 x20:0xffffffff x31=0x00000000
     120395.000 ns	     12038	80002938	20988753	fsgnj.s	f14,f17,f9	 f17:0xc482a000  f9:0x7f800000 f14=0x4482a000
     120425.000 ns	     12041	8000293c	034526b3	mulhsu	x13,x10,x20	 x10:0x2844b000 x20:0xffffffff x13=0x2844afff
     120465.000 ns	     12045	80002940	1996fc53	fdiv.s	f24,f13,f25	 f13:0x00000000 f25:0x7f800000 f24=0x00000000
     120485.000 ns	     12047	80002944	01e453b3	srl	x7,x8,x30	  x8:0x00000001 x30:0x00000001  x7=0x00000000
     120505.000 ns	     12049	80002948	e00300d3	fmv.x.w	x1,f6	  f6:0x0e392982  x1=0x0e392982
     120525.000 ns	     12051	8000294c	00000013	addi	x0,x0,0	  x0:0x00000000
     120545.000 ns	     12053	80002950	c00231d3	fcvt.w.s	x3,f4	  f4:0xc482a000  x3=0xfffffbeb
     120915.000 ns	     12090	80002954	039475b3	remu	x11,x8,x25	  x8:0x00000001 x25:0x0e392982 x11=0x00000001
     120935.000 ns	     12092	80002958	01c75e93	srli	x29,x14,0x1c	 x14:0x00000000 x29=0x00000000
     120945.000 ns	     12093	8000295c	f444fe93	andi	x29,x9,-188	  x9:0xffffffff x29=0xffffff44
     120965.000 ns	     12095	80002960	28d41253	fmax.s	f4,f8,f13	  f8:0x00000000 f13:0x00000000  f4=0x00000000
     120995.000 ns	     12098	80002964	e0028653	fmv.x.w	x12,f5	  f5:0x4f800000 x12=0x4f800000
     121025.000 ns	     12101	80002968	02689eb3	mulh	x29,x17,x6	 x17:0x00000515  x6:0x80041024 x29=0xfffffd75
     121055.000 ns	     12104	8000296c	a18f1053	flt.s	x0,f30,f24	 f30:0x7ffbf01c f24:0x00000000
     121095.000 ns	     12108	80002970	11daff53	fmul.s	f30,f21,f29	 f21:0x80000000 f29:0x7fc00000 f30=0x7fc00000
     121125.000 ns	     12111	80002974	03f0de33	divu	x28,x1,x31	  x1:0x0e392982 x31:0x00000000 x28=0xffffffff
     121155.000 ns	     12114	80002978	03739633	mulh	x12,x7,x23	  x7:0x00000000 x23:0x00001c72 x12=0x00000000
     121185.000 ns	     12117	8000297c	20072053	fsgnjx.s	f0,f14,f0	 f14:0x4482a000  f0:0x00000000  f0=0x4482a000
     121205.000 ns	     12119	80002980	01429493	slli	x9,x5,0x14	  x5:0x00000000  x9=0x00000000
     121225.000 ns	     12121	80002984	02ed0133	mul	x2,x26,x14	 x26:0x00000000 x14:0x00000000  x2=0x00000000
     121255.000 ns	     12124	80002988	e00600d3	fmv.x.w	x1,f12	 f12:0x7fc00000  x1=0x7fc00000
     121285.000 ns	     12127	8000298c	21de2853	fsgnjx.s	f16,f28,f29	 f28:0x00000000 f29:0x7fc00000 f16=0x00000000
     121305.000 ns	     12129	80002990	0b58a293	slti	x5,x17,181	 x17:0x00000515  x5=0x00000000
     121315.000 ns	     12130	80002994	009f83b3	add	x7,x31,x9	 x31:0x00000000  x9:0x00000000  x7=0x00000000
     121335.000 ns	     12132	80002998	03038eb3	mul	x29,x7,x16	  x7:0x00000000 x16:0x00000000 x29=0x00000000
     121355.000 ns	     12134	8000299c	007cdbb3	srl	x23,x25,x7	 x25:0x0e392982  x7:0x00000000 x23=0x0e392982
     121385.000 ns	     12137	800029a0	58084dd3	fsqrt.s	f27,f16	 f16:0x00000000 f27=0x00000000
     121405.000 ns	     12139	800029a4	01814133	xor	x2,x2,x24	  x2:0x00000000 x24:0x00000000  x2=0x00000000
     121425.000 ns	     12141	800029a8	a138aad3	feq.s	x21,f17,f19	 f17:0xc482a000 f19:0x4efffff4 x21=0x00000000
     121455.000 ns	     12144	800029ac	03053933	mulhu	x18,x10,x16	 x10:0x2844b000 x16:0x00000000 x18=0x00000000
     121485.000 ns	     12147	800029b0	21aca4d3	fsgnjx.s	f9,f25,f26	 f25:0x7f800000 f26:0x7fc00000  f9=0x7f800000
     121505.000 ns	     12149	800029b4	c59d3713	sltiu	x14,x26,-935	 x26:0x00000000 x14=0x00000001
     121515.000 ns	     12150	800029b8	406706b3	sub	x13,x14,x6	 x14:0x00000000  x6:0x80041024 x13=0x7ffbefdd
     121525.000 ns	     12151	800029bc	010d33b3	sltu	x7,x26,x16	 x26:0x00000000 x16:0x00000000  x7=0x00000000
     121535.000 ns	     12152	800029c0	98a06e93	ori	x29,x0,-1654	  x0:0x00000000 x29=0xfffff98a
     121545.000 ns	     12153	800029c4	01e0f633	and	x12,x1,x30	  x1:0x7fc00000 x30:0x00000001 x12=0x00000000
     121555.000 ns	     12154	800029c8	f53a4693	xori	x13,x20,-173	 x20:0xffffffff x13=0x000000ac
     121565.000 ns	     12155	800029cc	009d0d33	add	x26,x26,x9	 x26:0x00000000  x9:0x00000000 x26=0x00000000
     121575.000 ns	     12156	800029d0	98caf813	andi	x16,x21,-1652	 x21:0x00000000 x16=0x00000000
     121605.000 ns	     12159	800029d4	580afdd3	fsqrt.s	f27,f21	 f21:0x80000000 f27=0x80000000
     121635.000 ns	     12162	800029d8	a1fb1d53	flt.s	x26,f22,f31	 f22:0x7fc00000 f31:0x4efffff4 x26=0x00000000
     121665.000 ns	     12165	800029dc	e0088253	fmv.x.w	x4,f17	 f17:0xc482a000  x4=0xc482a000
     121695.000 ns	     12168	800029e0	a1aa10d3	flt.s	x1,f20,f26	 f20:0x80000000 f26:0x7fc00000  x1=0x00000000
     121725.000 ns	     12171	800029e4	0216b233	mulhu	x4,x13,x1	 x13:0x000000ac  x1:0x7fc00000  x4=0x00000000
     121745.000 ns	     12173	800029e8	b9c50493	addi	x9,x10,-1124	 x10:0x2844b000  x9=0x2844ab9c
     121765.000 ns	     12175	800029ec	f0050ed3	fmv.w.x	f29,x10	 x10:0x2844b000 f29=0x2844b000
     121785.000 ns	     12177	800029f0	b345f593	andi	x11,x11,-1228	 x11:0x00000001 x11=0x00000000
     121805.000 ns	     12179	800029f4	a04709d3	fle.s	x19,f14,f4	 f14:0x4482a000  f4:0x00000000 x19=0x00000000
     121835.000 ns	     12182	800029f8	f0010f53	fmv.w.x	f30,x2	  x2:0x00000000 f30=0x00000000
     121875.000 ns	     12186	800029fc	19a77b53	fdiv.s	f22,f14,f26	 f14:0x4482a000 f26:0x7fc00000 f22=0x7fc00000
     121905.000 ns	     12189	80002a00	281d09d3	fmin.s	f19,f26,f1	 f26:0x7fc00000  f1:0xcefff7df f19=0xcefff7df
     121935.000 ns	     12192	80002a04	29cc9fd3	fmax.s	f31,f25,f28	 f25:0x7f800000 f28:0x00000000 f31=0x7f800000
     122305.000 ns	     12229	80002a08	02f740b3	div	x1,x14,x15	 x14:0x00000001 x15:0x80040fe4  x1=0x00000000
     122335.000 ns	     12232	80002a0c	d0117b53	fcvt.s.wu	f22,x2	  x2:0x00000000 f22=0x00000000
     122365.000 ns	     12235	80002a10	a0d298d3	flt.s	x17,f5,f13	  f5:0x4f800000 f13:0x00000000 x17=0x00000000
     122385.000 ns	     12237	80002a14	c533c593	xori	x11,x7,-941	  x7:0x00000000 x11=0xfffffc53
     122405.000 ns	     12239	80002a18	a092abd3	feq.s	x23,f5,f9	  f5:0x4f800000  f9:0x7f800000 x23=0x00000000
     122425.000 ns	     12241	80002a1c	35bbf213	andi	x4,x23,859	 x23:0x0e392982  x4=0x00000000
     122435.000 ns	     12242	80002a20	01349f33	sll	x30,x9,x19	  x9:0x2844ab9c x19:0x00000000 x30=0x2844ab9c
     122445.000 ns	     12243	80002a24	00fb1193	slli	x3,x22,0xf	 x22:0x00000455  x3=0x022a8000
     122465.000 ns	     12245	80002a28	e00f0f53	fmv.x.w	x30,f30	 f30:0x00000000 x30=0x00000000
     122495.000 ns	     12248	80002a2c	a0e582d3	fle.s	x5,f11,f14	 f11:0x00000000 f14:0x4482a000  x5=0x00000001
     122865.000 ns	     12285	80002a30	0347ce33	div	x28,x15,x20	 x15:0x80040fe4 x20:0xffffffff x28=0x7ffbf01c
     122895.000 ns	     12288	80002a34	d00271d3	fcvt.s.w	f3,x4	  x4:0x00000000  f3=0x00000000
     122915.000 ns	     12290	80002a38	00417433	and	x8,x2,x4	  x2:0x00000000  x4:0x00000000  x8=0x00000000
     122925.000 ns	     12291	80002a3c	00000013	addi	x0,x0,0	  x0:0x00000000
     122965.000 ns	     12295	80002a40	009777d3	fadd.s	f15,f14,f9	 f14:0x4482a000  f9:0x7f800000 f15=0x7f800000
     122985.000 ns	     12297	80002a44	0007dd93	srli	x27,x15,0x0	 x15:0x80040fe4 x27=0x80040fe4
     122995.000 ns	     12298	80002a48	2952aa93	slti	x21,x5,661	  x5:0x00000001 x21=0x00000001
     123015.000 ns	     12300	80002a4c	e00e8653	fmv.x.w	x12,f29	 f29:0x2844b000 x12=0x2844b000
     123035.000 ns	     12302	80002a50	00e61213	slli	x4,x12,0xe	 x12:0x00000000  x4=0x2c000000
     123045.000 ns	     12303	80002a54	01a75f33	srl	x30,x14,x26	 x14:0x00000001 x26:0x00000000 x30=0x00000001
     123065.000 ns	     12305	80002a58	02702fb3	mulhsu	x31,x0,x7	  x0:0x00000000  x7:0x00000000 x31=0x00000000
     123085.000 ns	     12307	80002a5c	40dcd033	sra	x0,x25,x13	 x25:0x0e392982 x13:0x000000ac
     123095.000 ns	     12308	80002a60	01e91a33	sll	x20,x18,x30	 x18:0x00000000 x30:0x00000001 x20=0x00000000
     123115.000 ns	     12310	80002a64	c00274d3	fcvt.w.s	x9,f4	  f4:0x00000000  x9=0x00000000
     123135.000 ns	     12312	80002a68	00383933	sltu	x18,x16,x3	 x16:0x00000000  x3:0x022a8000 x18=0x00000001
     123145.000 ns	     12313	80002a6c	005d7e33	and	x28,x26,x5	 x26:0x00000000  x5:0x00000001 x28=0x00000000
     123165.000 ns	     12315	80002a70	28709953	fmax.s	f18,f1,f7	  f1:0xcefff7df  f7:0xc482a000 f18=0xc482a000
     123185.000 ns	     12317	80002a74	0050cd97	auipc	x27,0x50c	 x27=0x8050ea74
     123195.000 ns	     12318	80002a78	4158d2b3	sra	x5,x17,x21	 x17:0x00000000 x21:0x00000001  x5=0x00000000
     123225.000 ns	     12321	80002a7c	114ef5d3	fmul.s	f11,f29,f20	 f29:0x2844b000 f20:0x80000000 f11=0x80000000
     123255.000 ns	     12324	80002a80	21cc0b53	fsgnj.s	f22,f24,f28	 f24:0x00000000 f28:0x00000000 f22=0x00000000
     123285.000 ns	     12327	80002a84	a150a453	feq.s	x8,f1,f21	  f1:0xcefff7df f21:0x80000000  x8=0x00000000
     123315.000 ns	     12330	80002a88	0225dc33	divu	x24,x11,x2	 x11:0xfffffc53  x2:0x00000000 x24=0xffffffff
     123335.000 ns	     12332	80002a8c	416e5093	srai	x1,x28,0x16	 x28:0x00000000  x1=0x00000000
     123365.000 ns	     12335	80002a90	580d1653	fsqrt.s	f12,f26	 f26:0x7fc00000 f12=0x7fc00000
     123385.000 ns	     12337	80002a94	007ab533	sltu	x10,x21,x7	 x21:0x00000001  x7:0x00000000 x10=0x00000000
     123745.000 ns	     12373	80002a98	02c8e8b3	rem	x17,x17,x12	 x17:0x00000000 x12:0x2844b000 x17=0x00000000
     123775.000 ns	     12376	80002a9c	03014133	div	x2,x2,x16	  x2:0x00000000 x16:0x00000000  x2=0xffffffff
     123795.000 ns	     12378	80002aa0	ccd86193	ori	x3,x16,-819	 x16:0x00000000  x3=0xfffffccd
     123815.000 ns	     12380	80002aa4	0394beb3	mulhu	x29,x9,x25	  x9:0x00000000 x25:0x0e392982 x29=0x00000000
     123845.000 ns	     12383	80002aa8	c009fb53	fcvt.w.s	x22,f19	 f19:0xcefff7df x22=0x7ffbef80
     123865.000 ns	     12385	80002aac	006dd9b3	srl	x19,x27,x6	 x27:0x8050ea74  x6:0x80041024 x19=0x08050ea7
     123875.000 ns	     12386	80002ab0	01db0833	add	x16,x22,x29	 x22:0x7ffbef80 x29:0x00000000 x16=0x7ffbef80
     123895.000 ns	     12388	80002ab4	d0087953	fcvt.s.w	f18,x16	 x16:0x00000000 f18=0x4efff7df
     123915.000 ns	     12390	80002ab8	4048db33	sra	x22,x17,x4	 x17:0x00000000  x4:0x2c000000 x22=0x00000000
     123935.000 ns	     12392	80002abc	0378c133	div	x2,x17,x23	 x17:0x00000000 x23:0x00000000  x2=0xffffffff
     123965.000 ns	     12395	80002ac0	03ccb033	mulhu	x0,x25,x28	 x25:0x0e392982 x28:0x00000000
     123995.000 ns	     12398	80002ac4	f00c8853	fmv.w.x	f16,x25	 x25:0x0e392982 f16=0x0e392982
     124015.000 ns	     12400	80002ac8	00e61e93	slli	x29,x12,0xe	 x12:0x2844b000 x29=0x2c000000
     124025.000 ns	     12401	80002acc	a203f193	andi	x3,x7,-1504	  x7:0x00000000  x3=0x00000000
     124045.000 ns	     12403	80002ad0	21c915d3	fsgnjn.s	f11,f18,f28	 f18:0x4efff7df f28:0x00000000 f11=0xcefff7df
     124065.000 ns	     12405	80002ad4	01005613	srli	x12,x0,0x10	  x0:0x00000000 x12=0x00000000
     124075.000 ns	     12406	80002ad8	9c0ef413	andi	x8,x29,-1600	 x29:0x2c000000  x8=0x2c000000
     124085.000 ns	     12407	80002adc	4166d633	sra	x12,x13,x22	 x13:0x000000ac x22:0x00000000 x12=0x000000ac
     124095.000 ns	     12408	80002ae0	b977ea93	ori	x21,x15,-1129	 x15:0x80040fe4 x21=0xfffffff7
     124105.000 ns	     12409	80002ae4	004b35b3	sltu	x11,x22,x4	 x22:0x00000000  x4:0x2c000000 x11=0x00000001
     124115.000 ns	     12410	80002ae8	00f9f233	and	x4,x19,x15	 x19:0x08050ea7 x15:0x80040fe4  x4=0x00040ea4
     124135.000 ns	     12412	80002aec	e00b0053	fmv.x.w	x0,f22	 f22:0x00000000
     124155.000 ns	     12414	80002af0	01d176b3	and	x13,x2,x29	  x2:0xffffffff x29:0x2c000000 x13=0x2c000000
     124175.000 ns	     12416	80002af4	020fe5b3	rem	x11,x31,x0	 x31:0x00000000  x0:0x00000000 x11=0x00000000
     124195.000 ns	     12418	80002af8	01805833	srl	x16,x0,x24	  x0:0x00000000 x24:0xffffffff x16=0x00000000
     124215.000 ns	     12420	80002afc	02c01f33	mulh	x30,x0,x12	  x0:0x00000000 x12:0x000000ac x30=0x00000000
     124265.000 ns	     12425	80002b00	083cb9d3	fsub.s	f19,f25,f3	 f25:0x7f800000  f3:0x00000000 f19=0x7f800000
     124295.000 ns	     12428	80002b04	02e63ab3	mulhu	x21,x12,x14	 x12:0x000000ac x14:0x00000001 x21=0x00000000
     124325.000 ns	     12431	80002b08	a1b323d3	feq.s	x7,f6,f27	  f6:0x0e392982 f27:0x80000000  x7=0x00000000
     124355.000 ns	     12434	80002b0c	0200f8b3	remu	x17,x1,x0	  x1:0x00000000  x0:0x00000000 x17=0x00000000
     124375.000 ns	     12436	80002b10	850aa093	slti	x1,x21,-1968	 x21:0x00000000  x1=0x00000000
     124395.000 ns	     12438	80002b14	c00f8153	fcvt.w.s	x2,f31	 f31:0x7f800000  x2=0x7fffffff
     124425.000 ns	     12441	80002b18	029dae33	mulhsu	x28,x27,x9	 x27:0x8050ea74  x9:0x00000000 x28=0x00000000
     124445.000 ns	     12443	80002b1c	41bfd713	srai	x14,x31,0x1b	 x31:0x00000000 x14=0x00000000
     124455.000 ns	     12444	80002b20	41f20033	sub	x0,x4,x31	  x4:0x00040ea4 x31:0x00000000
     124475.000 ns	     12446	80002b24	216424d3	fsgnjx.s	f9,f8,f22	  f8:0x00000000 f22:0x00000000  f9=0x00000000
     124505.000 ns	     12449	80002b28	d0010e53	fcvt.s.w	f28,x2	  x2:0x7fffffff f28=0x4effffff
     124535.000 ns	     12452	80002b2c	e0018d53	fmv.x.w	x26,f3	  f3:0x00000000 x26=0x00000000
     124555.000 ns	     12454	80002b30	01cd9d13	slli	x26,x27,0x1c	 x27:0x8050ea74 x26=0x40000000
     124565.000 ns	     12455	80002b34	2c3ca113	slti	x2,x25,707	 x25:0x0e392982  x2=0x00000000
     124925.000 ns	     12491	80002b38	03a46c33	rem	x24,x8,x26	  x8:0x2c000000 x26:0x00000000 x24=0x2c000000
     125295.000 ns	     12528	80002b3c	039b4b33	div	x22,x22,x25	 x22:0x00000000 x25:0x0e392982 x22=0x00000000
     125325.000 ns	     12531	80002b40	d009b853	fcvt.s.w	f16,x19	 x19:0x08050ea7 f16=0x4d0050eb
     125345.000 ns	     12533	80002b44	89d28913	addi	x18,x5,-1891	  x5:0x00000000 x18=0xfffff89d
     125355.000 ns	     12534	80002b48	d32ecb93	xori	x23,x29,-718	 x29:0x2c000000 x23=0xd3fffd32
     125375.000 ns	     12536	80002b4c	20610e53	fsgnj.s	f28,f2,f6	  f2:0x4482a000  f6:0x0e392982 f28=0x4482a000
     125395.000 ns	     12538	80002b50	dda1c297	auipc	x5,0xdda1c	  x5=0x5da1eb50
     125405.000 ns	     12539	80002b54	b4e310b7	lui	x1,0xb4e31	  x1=0xb4e31000
     125445.000 ns	     12543	80002b58	00cff9d3	fadd.s	f19,f31,f12	 f31:0x7f800000 f12:0x7fc00000 f19=0x7fc00000
     125465.000 ns	     12545	80002b5c	15283a13	sltiu	x20,x16,338	 x16:0x00000000 x20=0x00000001
     125475.000 ns	     12546	80002b60	019d8ab3	add	x21,x27,x25	 x27:0x8050ea74 x25:0x0e392982 x21=0x8e8a13f6
     125495.000 ns	     12548	80002b64	d00bccd3	fcvt.s.w	f25,x23	 x23:0xd3fffd32 f25=0xce30000b
     125515.000 ns	     12550	80002b68	403fae97	auipc	x29,0x403fa	 x29=0xc03fcb68
     125535.000 ns	     12552	80002b6c	c00f8d53	fcvt.w.s	x26,f31	 f31:0x7f800000 x26=0x7fffffff
     125585.000 ns	     12557	80002b70	080d4cd3	fsub.s	f25,f26,f0	 f26:0x7fc00000  f0:0x4482a000 f25=0x7fc00000
     125625.000 ns	     12561	80002b74	1985f9d3	fdiv.s	f19,f11,f24	 f11:0xcefff7df f24:0x00000000 f19=0xff800000
     125655.000 ns	     12564	80002b78	20f4ac53	fsgnjx.s	f24,f9,f15	  f9:0x00000000 f15:0x7f800000 f24=0x00000000
     125675.000 ns	     12566	80002b7c	69cee693	ori	x13,x29,1692	 x29:0xc03fcb68 x13=0xc03fcffc
     125695.000 ns	     12568	80002b80	e0070253	fmv.x.w	x4,f14	 f14:0x4482a000  x4=0x4482a000
     125725.000 ns	     12571	80002b84	f0068ad3	fmv.w.x	f21,x13	 x13:0x2c000000 f21=0xc03fcffc
     125745.000 ns	     12573	80002b88	01cc0db3	add	x27,x24,x28	 x24:0x2c000000 x28:0x00000000 x27=0x2c000000
     125765.000 ns	     12575	80002b8c	e00603d3	fmv.x.w	x7,f12	 f12:0x7fc00000  x7=0x7fc00000
     125785.000 ns	     12577	80002b90	f3b1ce93	xori	x29,x3,-197	  x3:0x00000000 x29=0xffffff3b
     125805.000 ns	     12579	80002b94	d00a1053	fcvt.s.w	f0,x20	 x20:0x00000001  f0=0x3f800000
     125825.000 ns	     12581	80002b98	41675b13	srai	x22,x14,0x16	 x14:0x00000000 x22=0x00000000
     125835.000 ns	     12582	80002b9c	0187af33	slt	x30,x15,x24	 x15:0x80040fe4 x24:0x2c000000 x30=0x00000001
     125845.000 ns	     12583	80002ba0	ff882117	auipc	x2,0xff882	  x2=0x7f884ba0
     125865.000 ns	     12585	80002ba4	290f93d3	fmax.s	f7,f31,f16	 f31:0x7f800000 f16:0x4d0050eb  f7=0x7f800000
     125885.000 ns	     12587	80002ba8	fe1c0013	addi	x0,x24,-31	 x24:0x2c000000
     125905.000 ns	     12589	80002bac	e00c8fd3	fmv.x.w	x31,f25	 f25:0x7fc00000 x31=0x7fc00000
     125935.000 ns	     12592	80002bb0	030f64b3	rem	x9,x30,x16	 x30:0x00000001 x16:0x00000000  x9=0x00000001
     126305.000 ns	     12629	80002bb4	039466b3	rem	x13,x8,x25	  x8:0x2c000000 x25:0x0e392982 x13=0x0154837a
     126325.000 ns	     12631	80002bb8	251a2a13	slti	x20,x20,593	 x20:0x00000001 x20=0x00000001
     126345.000 ns	     12633	80002bbc	21889d53	fsgnjn.s	f26,f17,f24	 f17:0xc482a000 f24:0x00000000 f26=0xc482a000
     126365.000 ns	     12635	80002bc0	3bd68713	addi	x14,x13,957	 x13:0x0154837a x14=0x01548737
     126375.000 ns	     12636	80002bc4	01a55393	srli	x7,x10,0x1a	 x10:0x00000000  x7=0x00000000
     126385.000 ns	     12637	80002bc8	00000013	addi	x0,x0,0	  x0:0x00000000
     126395.000 ns	     12638	80002bcc	3ca30593	addi	x11,x6,970	  x6:0x80041024 x11=0x800413ee
     126415.000 ns	     12640	80002bd0	03eb9933	mulh	x18,x23,x30	 x23:0xd3fffd32 x30:0x00000001 x18=0xffffffff
     126785.000 ns	     12677	80002bd4	024443b3	div	x7,x8,x4	  x8:0x2c000000  x4:0x4482a000  x7=0x00000000
     126815.000 ns	     12680	80002bd8	c00b7e53	fcvt.w.s	x28,f22	 f22:0x00000000 x28=0x00000000
     126835.000 ns	     12682	80002bdc	9dee2f17	auipc	x30,0x9dee2	 x30=0x1dee4bdc
     126855.000 ns	     12684	80002be0	a1c6a0d3	feq.s	x1,f13,f28	 f13:0x00000000 f28:0x4482a000  x1=0x00000000
     126875.000 ns	     12686	80002be4	7d310597	auipc	x11,0x7d310	 x11=0xfd312be4
     126895.000 ns	     12688	80002be8	f00e06d3	fmv.w.x	f13,x28	 x28:0x00000000 f13=0x00000000
     126945.000 ns	     12693	80002bec	01e37853	fadd.s	f16,f6,f30	  f6:0x0e392982 f30:0x00000000 f16=0x0e392982
     128125.000 ns	     12811	80002bf0	58073dd3	fsqrt.s	f27,f14	 f14:0x4482a000 f27=0x42014e20
     128175.000 ns	     12816	80002bf4	09cecc53	fsub.s	f24,f29,f28	 f29:0x2844b000 f28:0x4482a000 f24=0xc482a000
     128205.000 ns	     12819	80002bf8	d013f8d3	fcvt.s.wu	f17,x7	  x7:0x00000000 f17=0x00000000
     128235.000 ns	     12822	80002bfc	0208e033	rem	x0,x17,x0	 x17:0x00000000  x0:0x00000000
     128265.000 ns	     12825	80002c00	e00d04d3	fmv.x.w	x9,f26	 f26:0xc482a000  x9=0xc482a000
     128285.000 ns	     12827	80002c04	40d55a13	srai	x20,x10,0xd	 x10:0x00000000 x20=0x00000000
     128305.000 ns	     12829	80002c08	a14d86d3	fle.s	x13,f27,f20	 f27:0x42014e20 f20:0x80000000 x13=0x00000000
     128325.000 ns	     12831	80002c0c	01fa6133	or	x2,x20,x31	 x20:0x00000001 x31:0x7fc00000  x2=0x7fc00000
     128355.000 ns	     12834	80002c10	11292853	fmul.s	f16,f18,f18	 f18:0x4efff7df f18:0x4efff7df f16=0x5e7fefbe
     128375.000 ns	     12836	80002c14	38f2e613	ori	x12,x5,911	  x5:0x5da1eb50 x12=0x5da1ebdf
     128395.000 ns	     12838	80002c18	d0144153	fcvt.s.wu	f2,x8	  x8:0x2c000000  f2=0x4e300000
     128415.000 ns	     12840	80002c1c	008fa6b3	slt	x13,x31,x8	 x31:0x7fc00000  x8:0x2c000000 x13=0x00000000
     128425.000 ns	     12841	80002c20	bfc4f993	andi	x19,x9,-1028	  x9:0xc482a000 x19=0xc482a000
     128435.000 ns	     12842	80002c24	40820e33	sub	x28,x4,x8	  x4:0x4482a000  x8:0x2c000000 x28=0x1882a000
     128455.000 ns	     12844	80002c28	28011a53	fmax.s	f20,f2,f0	  f2:0x4e300000  f0:0x3f800000 f20=0x4e300000
     128485.000 ns	     12847	80002c2c	21ef1153	fsgnjn.s	f2,f30,f30	 f30:0x00000000 f30:0x00000000  f2=0x80000000
     128505.000 ns	     12849	80002c30	01e55593	srli	x11,x10,0x1e	 x10:0x00000000 x11=0x00000000
     128515.000 ns	     12850	80002c34	7f70e213	ori	x4,x1,2039	  x1:0x00000000  x4=0x000007f7
     128535.000 ns	     12852	80002c38	20708853	fsgnj.s	f16,f1,f7	  f1:0xcefff7df  f7:0x7f800000 f16=0x4efff7df
     128575.000 ns	     12856	80002c3c	18414c53	fdiv.s	f24,f2,f4	  f2:0x80000000  f4:0x00000000 f24=0x7fc00000
     128595.000 ns	     12858	80002c40	81401097	auipc	x1,0x81401	  x1=0x01403c40
     128615.000 ns	     12860	80002c44	031756b3	divu	x13,x14,x17	 x14:0x01548737 x17:0x00000000 x13=0xffffffff
     128645.000 ns	     12863	80002c48	02784e33	div	x28,x16,x7	 x16:0x00000000  x7:0x00000000 x28=0xffffffff
     128665.000 ns	     12865	80002c4c	3fa4e013	ori	x0,x9,1018	  x9:0xc482a000
     128685.000 ns	     12867	80002c50	a10caad3	feq.s	x21,f25,f16	 f25:0x7fc00000 f16:0x4efff7df x21=0x00000000
     128715.000 ns	     12870	80002c54	212e9653	fsgnjn.s	f12,f29,f18	 f29:0x2844b000 f18:0x4efff7df f12=0xa844b000
     128745.000 ns	     12873	80002c58	211f8053	fsgnj.s	f0,f31,f17	 f31:0x7f800000 f17:0x00000000  f0=0x7f800000
     128775.000 ns	     12876	80002c5c	295b9353	fmax.s	f6,f23,f21	 f23:0x7fc00000 f21:0xc03fcffc  f6=0xc03fcffc
     128795.000 ns	     12878	80002c60	01a61013	slli	x0,x12,0x1a	 x12:0x5da1ebdf
     128805.000 ns	     12879	80002c64	03a31637	lui	x12,0x3a31	 x12=0x03a31000
     128835.000 ns	     12882	80002c68	58099653	fsqrt.s	f12,f19	 f19:0xff800000 f12=0x7fc00000
     128865.000 ns	     12885	80002c6c	02a59bb3	mulh	x23,x11,x10	 x11:0x00000000 x10:0x00000000 x23=0x00000000
     128885.000 ns	     12887	80002c70	830d4993	xori	x19,x26,-2000	 x26:0x7fffffff x19=0x800007cf
     128905.000 ns	     12889	80002c74	a19900d3	fle.s	x1,f18,f25	 f18:0x4efff7df f25:0x7fc00000  x1=0x00000000
     128935.000 ns	     12892	80002c78	2133a8d3	fsgnjx.s	f17,f7,f19	  f7:0x7f800000 f19:0xff800000 f17=0xff800000
     128955.000 ns	     12894	80002c7c	18d18293	addi	x5,x3,397	  x3:0x00000000  x5=0x0000018d
     128975.000 ns	     12896	80002c80	f0048fd3	fmv.w.x	f31,x9	  x9:0xc482a000 f31=0xc482a000
     128995.000 ns	     12898	80002c84	01dc1f93	slli	x31,x24,0x1d	 x24:0x2c000000 x31=0x00000000
     129005.000 ns	     12899	80002c88	00000013	addi	x0,x0,0	  x0:0x00000000
     129015.000 ns	     12900	80002c8c	ff870593	addi	x11,x14,-8	 x14:0x01548737 x11=0x0154872f
     129025.000 ns	     12901	80002c90	c5dc7e13	andi	x28,x24,-931	 x24:0x2c000000 x28=0x2c000000
     129045.000 ns	     12903	80002c94	e00b18d3	fclass.s	x17,f22	 f22:0x00000000 x17=0x00000010
     129075.000 ns	     12906	80002c98	d00a79d3	fcvt.s.w	f19,x20	 x20:0x00000000 f19=0x00000000
     129105.000 ns	     12909	80002c9c	c00dffd3	fcvt.w.s	x31,f27	 f27:0x42014e20 x31=0x00000020
     129125.000 ns	     12911	80002ca0	f696e117	auipc	x2,0xf696e	  x2=0x76970ca0
     129145.000 ns	     12913	80002ca4	a04eae53	feq.s	x28,f29,f4	 f29:0x2844b000  f4:0x00000000 x28=0x00000000
     129165.000 ns	     12915	80002ca8	40f9d933	sra	x18,x19,x15	 x19:0x800007cf x15:0x80040fe4 x18=0xf800007c
     129175.000 ns	     12916	80002cac	00bc9533	sll	x10,x25,x11	 x25:0x0e392982 x11:0x0154872f x10=0x94c10000
     129185.000 ns	     12917	80002cb0	01753133	sltu	x2,x10,x23	 x10:0x00000000 x23:0x00000000  x2=0x00000000
     129205.000 ns	     12919	80002cb4	29c315d3	fmax.s	f11,f6,f28	  f6:0xc03fcffc f28:0x4482a000 f11=0x4482a000
     129225.000 ns	     12921	80002cb8	01171833	sll	x16,x14,x17	 x14:0x01548737 x17:0x00000010 x16=0x87370000
     129245.000 ns	     12923	80002cbc	c01039d3	fcvt.wu.s	x19,f0	  f0:0x7f800000 x19=0xffffffff
     129285.000 ns	     12927	80002cc0	104e79d3	fmul.s	f19,f28,f4	 f28:0x4482a000  f4:0x00000000 f19=0x00000000
     129325.000 ns	     12931	80002cc4	5800fdd3	fsqrt.s	f27,f1	  f1:0xcefff7df f27=0x7fc00000
     129345.000 ns	     12933	80002cc8	01459bb3	sll	x23,x11,x20	 x11:0x0154872f x20:0x00000000 x23=0x0154872f
     129355.000 ns	     12934	80002ccc	99498f13	addi	x30,x19,-1644	 x19:0xffffffff x30=0xfffff993
     129375.000 ns	     12936	80002cd0	20588fd3	fsgnj.s	f31,f17,f5	 f17:0xff800000  f5:0x4f800000 f31=0x7f800000
     129405.000 ns	     12939	80002cd4	023fbdb3	mulhu	x27,x31,x3	 x31:0x00000020  x3:0x00000000 x27=0x00000000
     129435.000 ns	     12942	80002cd8	c0109b53	fcvt.wu.s	x22,f1	  f1:0xcefff7df x22=0x7ffbef80
     129465.000 ns	     12945	80002cdc	e0099bd3	fclass.s	x23,f19	 f19:0x00000000 x23=0x00000010
     129495.000 ns	     12948	80002ce0	c01c74d3	fcvt.wu.s	x9,f24	 f24:0x7fc00000  x9=0xffffffff
     129515.000 ns	     12950	80002ce4	00a99833	sll	x16,x19,x10	 x19:0xffffffff x10:0x94c10000 x16=0xffffffff
     129875.000 ns	     12986	80002ce8	03156733	rem	x14,x10,x17	 x10:0x94c10000 x17:0x00000010 x14=0x00000000
     129905.000 ns	     12989	80002cec	0229fd33	remu	x26,x19,x2	 x19:0xffffffff  x2:0x00000000 x26=0xffffffff
     129925.000 ns	     12991	80002cf0	0145f3b3	and	x7,x11,x20	 x11:0x0154872f x20:0x00000000  x7=0x00000000
     129965.000 ns	     12995	80002cf4	01cf7d53	fadd.s	f26,f30,f28	 f30:0x00000000 f28:0x4482a000 f26=0x4482a000
     129985.000 ns	     12997	80002cf8	017e59b3	srl	x19,x28,x23	 x28:0x00000000 x23:0x00000010 x19=0x00000000
     130345.000 ns	     13033	80002cfc	03295833	divu	x16,x18,x18	 x18:0xf800007c x18:0xf800007c x16=0x00000001
     130375.000 ns	     13036	80002d00	e0058c53	fmv.x.w	x24,f11	 f11:0x4482a000 x24=0x4482a000
     130395.000 ns	     13038	80002d04	7999af93	slti	x31,x19,1945	 x19:0x00000000 x31=0x00000001
     130415.000 ns	     13040	80002d08	d001c653	fcvt.s.w	f12,x3	  x3:0x00000000 f12=0x00000000
     130435.000 ns	     13042	80002d0c	9ec1b693	sltiu	x13,x3,-1556	  x3:0x00000000 x13=0x00000001
     130455.000 ns	     13044	80002d10	028bad33	mulhsu	x26,x23,x8	 x23:0x00000010  x8:0x2c000000 x26=0x00000002
     130485.000 ns	     13047	80002d14	03508f33	mul	x30,x1,x21	  x1:0x00000000 x21:0x00000000 x30=0x00000000
     130505.000 ns	     13049	80002d18	002a5a33	srl	x20,x20,x2	 x20:0x00000000  x2:0x00000000 x20=0x00000000
     130515.000 ns	     13050	80002d1c	01d4a8b3	slt	x17,x9,x29	  x9:0xffffffff x29:0xffffff3b x17=0x00000000
     131685.000 ns	     13167	80002d20	5805fcd3	fsqrt.s	f25,f11	 f11:0x4482a000 f25=0x42014e20
     131715.000 ns	     13170	80002d24	d010f153	fcvt.s.wu	f2,x1	  x1:0x00000000  f2=0x00000000
     131745.000 ns	     13173	80002d28	20c9a6d3	fsgnjx.s	f13,f19,f12	 f19:0x00000000 f12:0x00000000 f13=0x00000000
     131775.000 ns	     13176	80002d2c	c00eab53	fcvt.w.s	x22,f29	 f29:0x2844b000 x22=0x00000000
     131805.000 ns	     13179	80002d30	e0070b53	fmv.x.w	x22,f14	 f14:0x4482a000 x22=0x4482a000
     131825.000 ns	     13181	80002d34	bf75f013	andi	x0,x11,-1033	 x11:0x0154872f
     131835.000 ns	     13182	80002d38	00000013	addi	x0,x0,0	  x0:0x00000000
     131855.000 ns	     13184	80002d3c	a12822d3	feq.s	x5,f16,f18	 f16:0x4efff7df f18:0x4efff7df  x5=0x00000001
     131875.000 ns	     13186	80002d40	3a230d13	addi	x26,x6,930	  x6:0x80041024 x26=0x800413c6
     131885.000 ns	     13187	80002d44	d1a4cd97	auipc	x27,0xd1a4c	 x27=0x51a4ed44
     131905.000 ns	     13189	80002d48	282f9453	fmax.s	f8,f31,f2	 f31:0x7f800000  f2:0x00000000  f8=0x7f800000
     131925.000 ns	     13191	80002d4c	48a8f393	andi	x7,x17,1162	 x17:0x00000000  x7=0x00000000
     131955.000 ns	     13194	80002d50	580c37d3	fsqrt.s	f15,f24	 f24:0x7fc00000 f15=0x7fc00000
     131995.000 ns	     13198	80002d54	11930953	fmul.s	f18,f6,f25	  f6:0xc03fcffc f25:0x42014e20 f18=0xc2c1c4ae
     132015.000 ns	     13200	80002d58	8e24f0b7	lui	x1,0x8e24f	  x1=0x8e24f000
     132035.000 ns	     13202	80002d5c	03b1bfb3	mulhu	x31,x3,x27	  x3:0x00000000 x27:0x51a4ed44 x31=0x00000000
     132065.000 ns	     13205	80002d60	281b9ed3	fmax.s	f29,f23,f1	 f23:0x7fc00000  f1:0xcefff7df f29=0xcefff7df
     132095.000 ns	     13208	80002d64	d0144653	fcvt.s.wu	f12,x8	  x8:0x2c000000 f12=0x4e300000
     132125.000 ns	     13211	80002d68	e00d1e53	fclass.s	x28,f26	 f26:0x4482a000 x28=0x00000040
     132155.000 ns	     13214	80002d6c	21a31853	fsgnjn.s	f16,f6,f26	  f6:0xc03fcffc f26:0x4482a000 f16=0xc03fcffc
     132175.000 ns	     13216	80002d70	01f27433	and	x8,x4,x31	  x4:0x000007f7 x31:0x00000000  x8=0x00000000
     132185.000 ns	     13217	80002d74	01b83db3	sltu	x27,x16,x27	 x16:0x00000001 x27:0x51a4ed44 x27=0x00000001
     132195.000 ns	     13218	80002d78	011e6b33	or	x22,x28,x17	 x28:0x00000040 x17:0x00000000 x22=0x00000040
     132215.000 ns	     13220	80002d7c	028c8133	mul	x2,x25,x8	 x25:0x0e392982  x8:0x00000000  x2=0x00000000
     132235.000 ns	     13222	80002d80	fc1eef13	ori	x30,x29,-63	 x29:0xffffff3b x30=0xfffffffb
     132255.000 ns	     13224	80002d84	03c9b933	mulhu	x18,x19,x28	 x19:0x00000000 x28:0x00000040 x18=0x00000000
     132275.000 ns	     13226	80002d88	00000013	addi	x0,x0,0	  x0:0x00000000
     132295.000 ns	     13228	80002d8c	a03900d3	fle.s	x1,f18,f3	 f18:0xc2c1c4ae  f3:0x00000000  x1=0x00000001
     132345.000 ns	     13233	80002d90	0889f8d3	fsub.s	f17,f19,f8	 f19:0x00000000  f8:0x7f800000 f17=0xff800000
     132365.000 ns	     13235	80002d94	01763eb3	sltu	x29,x12,x23	 x12:0x03a31000 x23:0x00000010 x29=0x00000000
     132725.000 ns	     13271	80002d98	030d6033	rem	x0,x26,x16	 x26:0x800413c6 x16:0x00000001
     132745.000 ns	     13273	80002d9c	014f88b3	add	x17,x31,x20	 x31:0x00000000 x20:0x00000000 x17=0x00000000
     132755.000 ns	     13274	80002da0	24b66513	ori	x10,x12,587	 x12:0x03a31000 x10=0x03a3124b
     132765.000 ns	     13275	80002da4	00fd3a33	sltu	x20,x26,x15	 x26:0x800413c6 x15:0x80040fe4 x20=0x00000000
     132775.000 ns	     13276	80002da8	1e59eb93	ori	x23,x19,485	 x19:0x00000000 x23=0x000001e5
     132785.000 ns	     13277	80002dac	01075c33	srl	x24,x14,x16	 x14:0x00000000 x16:0x00000001 x24=0x00000000
     132795.000 ns	     13278	80002db0	41865f13	srai	x30,x12,0x18	 x12:0x03a31000 x30=0x00000003
     132805.000 ns	     13279	80002db4	01a26533	or	x10,x4,x26	  x4:0x000007f7 x26:0x800413c6 x10=0x800417f7
     133165.000 ns	     13315	80002db8	02bb72b3	remu	x5,x22,x11	 x22:0x00000040 x11:0x0154872f  x5=0x00000040
     133535.000 ns	     13352	80002dbc	02a1e1b3	rem	x3,x3,x10	  x3:0x00000000 x10:0x03a3124b  x3=0x00000000
     133575.000 ns	     13356	80002dc0	58023d53	fsqrt.s	f26,f4	  f4:0x00000000 f26=0x00000000
     133605.000 ns	     13359	80002dc4	a1379bd3	flt.s	x23,f15,f19	 f15:0x7fc00000 f19:0x00000000 x23=0x00000000
     133635.000 ns	     13362	80002dc8	e00e1d53	fclass.s	x26,f28	 f28:0x4482a000 x26=0x00000040
     133665.000 ns	     13365	80002dcc	c0177453	fcvt.wu.s	x8,f14	 f14:0x4482a000  x8=0x00000415
     133695.000 ns	     13368	80002dd0	21fc1853	fsgnjn.s	f16,f24,f31	 f24:0x7fc00000 f31:0x7f800000 f16=0xffc00000
     133725.000 ns	     13371	80002dd4	033441b3	div	x3,x8,x19	  x8:0x00000415 x19:0x00000000  x3=0xffffffff
     133755.000 ns	     13374	80002dd8	032700b3	mul	x1,x14,x18	 x14:0x00000000 x18:0x00000000  x1=0x00000000
     133775.000 ns	     13376	80002ddc	12c88213	addi	x4,x17,300	 x17:0x00000000  x4=0x0000012c
     133795.000 ns	     13378	80002de0	f00985d3	fmv.w.x	f11,x19	 x19:0x00000000 f11=0x00000000
     133825.000 ns	     13381	80002de4	e0099b53	fclass.s	x22,f19	 f19:0x00000000 x22=0x00000010
     133865.000 ns	     13385	80002de8	11ab3d53	fmul.s	f26,f22,f26	 f22:0x00000000 f26:0x00000000 f26=0x00000000
     133885.000 ns	     13387	80002dec	41a9d533	sra	x10,x19,x26	 x19:0x00000000 x26:0x00000040 x10=0x00000000
     133895.000 ns	     13388	80002df0	4082de33	sra	x28,x5,x8	  x5:0x00000040  x8:0x00000415 x28=0x00000000
     133905.000 ns	     13389	80002df4	014a8933	add	x18,x21,x20	 x21:0x00000000 x20:0x00000000 x18=0x00000000
     133915.000 ns	     13390	80002df8	00255033	srl	x0,x10,x2	 x10:0x00000000  x2:0x00000000
     133925.000 ns	     13391	80002dfc	00c821b3	slt	x3,x16,x12	 x16:0x00000001 x12:0x03a31000  x3=0x00000001
     133935.000 ns	     13392	80002e00	01e0beb3	sltu	x29,x1,x30	  x1:0x00000000 x30:0x00000003 x29=0x00000001
     133955.000 ns	     13394	80002e04	c01a89d3	fcvt.wu.s	x19,f21	 f21:0xc03fcffc x19=0x00000003
     134325.000 ns	     13431	80002e08	03ea4c33	div	x24,x20,x30	 x20:0x00000000 x30:0x00000003 x24=0x00000000
     134355.000 ns	     13434	80002e0c	02103eb3	mulhu	x29,x0,x1	  x0:0x00000000  x1:0x00000000 x29=0x00000000
     134375.000 ns	     13436	80002e10	d9b4cf13	xori	x30,x9,-613	  x9:0xffffffff x30=0x00000264
     134385.000 ns	     13437	80002e14	407784b3	sub	x9,x15,x7	 x15:0x80040fe4  x7:0x00000000  x9=0x80040fe4
     134405.000 ns	     13439	80002e18	28288d53	fmin.s	f26,f17,f2	 f17:0xff800000  f2:0x00000000 f26=0xff800000
     134435.000 ns	     13442	80002e1c	02a18bb3	mul	x23,x3,x10	  x3:0x00000001 x10:0x00000000 x23=0x00000000
     134465.000 ns	     13445	80002e20	20152753	fsgnjx.s	f14,f10,f1	 f10:0x8e392982  f1:0xcefff7df f14=0x0e392982
     134485.000 ns	     13447	80002e24	01736bb3	or	x23,x6,x23	  x6:0x80041024 x23:0x00000000 x23=0x80041024
     134505.000 ns	     13449	80002e28	d0084553	fcvt.s.w	f10,x16	 x16:0x00000001 f10=0x3f800000
     134875.000 ns	     13486	80002e2c	036ff2b3	remu	x5,x31,x22	 x31:0x00000000 x22:0x00000010  x5=0x00000000
     134905.000 ns	     13489	80002e30	a18e9453	flt.s	x8,f29,f24	 f29:0xcefff7df f24:0x7fc00000  x8=0x00000000
     134925.000 ns	     13491	80002e34	00dcb633	sltu	x12,x25,x13	 x25:0x0e392982 x13:0x00000001 x12=0x00000000
     134935.000 ns	     13492	80002e38	9be2c093	xori	x1,x5,-1602	  x5:0x00000000  x1=0xfffff9be
     134955.000 ns	     13494	80002e3c	281094d3	fmax.s	f9,f1,f1	  f1:0xcefff7df  f1:0xcefff7df  f9=0xcefff7df
     135005.000 ns	     13499	80002e40	0151ced3	fadd.s	f29,f3,f21	  f3:0x00000000 f21:0xc03fcffc f29=0xc03fcffc
     135045.000 ns	     13503	80002e44	1902fa53	fdiv.s	f20,f5,f16	  f5:0x4f800000 f16:0xffc00000 f20=0x7fc00000
     135075.000 ns	     13506	80002e48	217f0a53	fsgnj.s	f20,f30,f23	 f30:0x00000000 f23:0x7fc00000 f20=0x00000000
     135105.000 ns	     13509	80002e4c	02f318b3	mulh	x17,x6,x15	  x6:0x80041024 x15:0x80040fe4 x17=0x3ffbf00c
     135135.000 ns	     13512	80002e50	21051653	fsgnjn.s	f12,f10,f16	 f10:0x3f800000 f16:0xffc00000 f12=0x3f800000
     135175.000 ns	     13516	80002e54	580ebdd3	fsqrt.s	f27,f29	 f29:0xc03fcffc f27=0x7fc00000
     135545.000 ns	     13553	80002e58	02d56933	rem	x18,x10,x13	 x10:0x00000000 x13:0x00000001 x18=0x00000000
     135595.000 ns	     13558	80002e5c	008418d3	fadd.s	f17,f8,f8	  f8:0x7f800000  f8:0x7f800000 f17=0x00000000
     135615.000 ns	     13560	80002e60	00e67133	and	x2,x12,x14	 x12:0x00000000 x14:0x00000000  x2=0x00000000
     135635.000 ns	     13562	80002e64	28248453	fmin.s	f8,f9,f2	  f9:0xcefff7df  f2:0x00000000  f8=0xcefff7df
     135665.000 ns	     13565	80002e68	c0117dd3	fcvt.wu.s	x27,f2	  f2:0x00000000 x27=0x00000000
     135685.000 ns	     13567	80002e6c	01cc38b3	sltu	x17,x24,x28	 x24:0x00000000 x28:0x00000000 x17=0x00000000
     135705.000 ns	     13569	80002e70	03bef8b3	remu	x17,x29,x27	 x29:0x00000000 x27:0x00000000 x17=0x00000000
     135755.000 ns	     13574	80002e74	0835bdd3	fsub.s	f27,f11,f3	 f11:0x00000000  f3:0x00000000 f27=0x80000000
     135785.000 ns	     13577	80002e78	202380d3	fsgnj.s	f1,f7,f2	  f7:0x7f800000  f2:0x00000000  f1=0x7f800000
     135825.000 ns	     13581	80002e7c	11c97f53	fmul.s	f30,f18,f28	 f18:0xc2c1c4ae f28:0x4482a000 f30=0xc7c5bdf6
     135845.000 ns	     13583	80002e80	77770993	addi	x19,x14,1911	 x14:0x00000000 x19=0x00000777
     135855.000 ns	     13584	80002e84	0019a6b3	slt	x13,x19,x1	 x19:0x00000003  x1:0xfffff9be x13=0x00000000
     136215.000 ns	     13620	80002e88	03e07233	remu	x4,x0,x30	  x0:0x00000000 x30:0x00000264  x4=0x00000000
     136235.000 ns	     13622	80002e8c	01f61d33	sll	x26,x12,x31	 x12:0x00000000 x31:0x00000000 x26=0x00000000
     136255.000 ns	     13624	80002e90	287982d3	fmin.s	f5,f19,f7	 f19:0x00000000  f7:0x7f800000  f5=0x00000000
     136285.000 ns	     13627	80002e94	299a8ad3	fmin.s	f21,f21,f25	 f21:0xc03fcffc f25:0x42014e20 f21=0xc03fcffc
     136325.000 ns	     13631	80002e98	11af28d3	fmul.s	f17,f30,f26	 f30:0xc7c5bdf6 f26:0xff800000 f17=0x7f800000
     136365.000 ns	     13635	80002e9c	1845cd53	fdiv.s	f26,f11,f4	 f11:0x00000000  f4:0x00000000 f26=0x7fc00000
     136395.000 ns	     13638	80002ea0	c0107bd3	fcvt.wu.s	x23,f0	  f0:0x7f800000 x23=0xffffffff
     136415.000 ns	     13640	80002ea4	00000013	addi	x0,x0,0	  x0:0x00000000
     136425.000 ns	     13641	80002ea8	3e35c197	auipc	x3,0x3e35c	  x3=0xbe35eea8
     136445.000 ns	     13643	80002eac	02e63db3	mulhu	x27,x12,x14	 x12:0x00000000 x14:0x00000000 x27=0x00000000
     136475.000 ns	     13646	80002eb0	02019133	mulh	x2,x3,x0	  x3:0x00000001  x0:0x00000000  x2=0x00000000
     136505.000 ns	     13649	80002eb4	21a11353	fsgnjn.s	f6,f2,f26	  f2:0x00000000 f26:0x7fc00000  f6=0x80000000
     136545.000 ns	     13653	80002eb8	580ebe53	fsqrt.s	f28,f29	 f29:0xc03fcffc f28=0x7fc00000
     136575.000 ns	     13656	80002ebc	28368653	fmin.s	f12,f13,f3	 f13:0x00000000  f3:0x00000000 f12=0x00000000
     136615.000 ns	     13660	80002ec0	5801f153	fsqrt.s	f2,f3	  f3:0x00000000  f2=0x00000000
     136645.000 ns	     13663	80002ec4	213ba6d3	fsgnjx.s	f13,f23,f19	 f23:0x7fc00000 f19:0x00000000 f13=0x7fc00000
     136665.000 ns	     13665	80002ec8	e428e093	ori	x1,x17,-446	 x17:0x00000000  x1=0xfffffe42
     136675.000 ns	     13666	80002ecc	57a72693	slti	x13,x14,1402	 x14:0x00000000 x13=0x00000001
     136695.000 ns	     13668	80002ed0	028a28b3	mulhsu	x17,x20,x8	 x20:0x00000000  x8:0x00000000 x17=0x00000000
     136725.000 ns	     13671	80002ed4	f00182d3	fmv.w.x	f5,x3	  x3:0xbe35eea8  f5=0xbe35eea8
     136755.000 ns	     13674	80002ed8	a0ea8ed3	fle.s	x29,f21,f14	 f21:0xc03fcffc f14:0x0e392982 x29=0x00000001
     136785.000 ns	     13677	80002edc	20ef05d3	fsgnj.s	f11,f30,f14	 f30:0xc7c5bdf6 f14:0x0e392982 f11=0x47c5bdf6
     136815.000 ns	     13680	80002ee0	a0462253	feq.s	x4,f12,f4	 f12:0x00000000  f4:0x00000000  x4=0x00000001
     136845.000 ns	     13683	80002ee4	e00e1053	fclass.s	x0,f28	 f28:0x7fc00000
     136895.000 ns	     13688	80002ee8	01877d53	fadd.s	f26,f14,f24	 f14:0x0e392982 f24:0x7fc00000 f26=0x7fc00000
     136915.000 ns	     13690	80002eec	08498c13	addi	x24,x19,132	 x19:0x00000777 x24=0x000007fb
     136945.000 ns	     13693	80002ef0	580f00d3	fsqrt.s	f1,f30	 f30:0xc7c5bdf6  f1=0x7fc00000
     136975.000 ns	     13696	80002ef4	20768653	fsgnj.s	f12,f13,f7	 f13:0x7fc00000  f7:0x7f800000 f12=0x7fc00000
     137005.000 ns	     13699	80002ef8	0272f133	remu	x2,x5,x7	  x5:0x00000000  x7:0x00000000  x2=0x00000000
     137025.000 ns	     13701	80002efc	00074b33	xor	x22,x14,x0	 x14:0x00000000  x0:0x00000000 x22=0x00000000
     137045.000 ns	     13703	80002f00	d006a9d3	fcvt.s.w	f19,x13	 x13:0x00000001 f19=0x3f800000
     137065.000 ns	     13705	80002f04	01ffb6b3	sltu	x13,x31,x31	 x31:0x00000000 x31:0x00000000 x13=0x00000000
     137085.000 ns	     13707	80002f08	e00b8953	fmv.x.w	x18,f23	 f23:0x7fc00000 x18=0x7fc00000
     137105.000 ns	     13709	80002f0c	01cee233	or	x4,x29,x28	 x29:0x00000001 x28:0x00000000  x4=0x00000001
     137135.000 ns	     13712	80002f10	10a83fd3	fmul.s	f31,f16,f10	 f16:0xffc00000 f10:0x3f800000 f31=0x7fc00000
     137505.000 ns	     13749	80002f14	02b17bb3	remu	x23,x2,x11	  x2:0x00000000 x11:0x0154872f x23=0x00000000
     137535.000 ns	     13752	80002f18	205a18d3	fsgnjn.s	f17,f20,f5	 f20:0x00000000  f5:0xbe35eea8 f17=0x00000000
     137565.000 ns	     13755	80002f1c	02421eb3	mulh	x29,x4,x4	  x4:0x00000001  x4:0x00000001 x29=0x00000000
     137595.000 ns	     13758	80002f20	f0048cd3	fmv.w.x	f25,x9	  x9:0x80040fe4 f25=0x80040fe4
     137615.000 ns	     13760	80002f24	4c4ff413	andi	x8,x31,1220	 x31:0x00000000  x8=0x00000000
     137635.000 ns	     13762	80002f28	0373ef33	rem	x30,x7,x23	  x7:0x00000000 x23:0x00000000 x30=0x00000000
     137655.000 ns	     13764	80002f2c	40a981b3	sub	x3,x19,x10	 x19:0x00000777 x10:0x00000000  x3=0x00000777
     137675.000 ns	     13766	80002f30	a1c81553	flt.s	x10,f16,f28	 f16:0xffc00000 f28:0x7fc00000 x10=0x00000000
     137715.000 ns	     13770	80002f34	11ab3d53	fmul.s	f26,f22,f26	 f22:0x00000000 f26:0x7fc00000 f26=0x7fc00000
     137745.000 ns	     13773	80002f38	c01671d3	fcvt.wu.s	x3,f12	 f12:0x7fc00000  x3=0xffffffff
     137765.000 ns	     13775	80002f3c	19cf8213	addi	x4,x31,412	 x31:0x00000000  x4=0x0000019c
     137805.000 ns	     13779	80002f40	08e67053	fsub.s	f0,f12,f14	 f12:0x7fc00000 f14:0x0e392982  f0=0x7fc00000
     137825.000 ns	     13781	80002f44	010549b3	xor	x19,x10,x16	 x10:0x00000000 x16:0x00000001 x19=0x00000001
     137845.000 ns	     13783	80002f48	02bc19b3	mulh	x19,x24,x11	 x24:0x000007fb x11:0x0154872f x19=0x0000000a
     137865.000 ns	     13785	80002f4c	4146d233	sra	x4,x13,x20	 x13:0x00000000 x20:0x00000000  x4=0x00000000
     137885.000 ns	     13787	80002f50	a1259dd3	flt.s	x27,f11,f18	 f11:0x47c5bdf6 f18:0xc2c1c4ae x27=0x00000000
     137905.000 ns	     13789	80002f54	40365213	srai	x4,x12,0x3	 x12:0x00000000  x4=0x00000000
     137915.000 ns	     13790	80002f58	017ca633	slt	x12,x25,x23	 x25:0x0e392982 x23:0x00000000 x12=0x00000000
     137925.000 ns	     13791	80002f5c	af71bb93	sltiu	x23,x3,-1289	  x3:0xffffffff x23=0x00000000
     137955.000 ns	     13794	80002f60	18391753	fdiv.s	f14,f18,f3	 f18:0xc2c1c4ae  f3:0x00000000 f14=0xff800000
     137975.000 ns	     13796	80002f64	94757e13	andi	x28,x10,-1721	 x10:0x00000000 x28=0x00000000
     137985.000 ns	     13797	80002f68	011a1d33	sll	x26,x20,x17	 x20:0x00000000 x17:0x00000000 x26=0x00000000
     138005.000 ns	     13799	80002f6c	213107d3	fsgnj.s	f15,f2,f19	  f2:0x00000000 f19:0x3f800000 f15=0x00000000
     138375.000 ns	     13836	80002f70	02f5f2b3	remu	x5,x11,x15	 x11:0x0154872f x15:0x80040fe4  x5=0x0154872f
     138405.000 ns	     13839	80002f74	21900253	fsgnj.s	f4,f0,f25	  f0:0x7fc00000 f25:0x80040fe4  f4=0xffc00000
     138425.000 ns	     13841	80002f78	c0c36e93	ori	x29,x6,-1012	  x6:0x80041024 x29=0xfffffc2c
     138445.000 ns	     13843	80002f7c	21c22ed3	fsgnjx.s	f29,f4,f28	  f4:0xffc00000 f28:0x7fc00000 f29=0xffc00000
     138475.000 ns	     13846	80002f80	02da9bb3	mulh	x23,x21,x13	 x21:0x00000000 x13:0x00000000 x23=0x00000000
     138505.000 ns	     13849	80002f84	027b7033	remu	x0,x22,x7	 x22:0x00000000  x7:0x00000000
     138535.000 ns	     13852	80002f88	c00703d3	fcvt.w.s	x7,f14	 f14:0xff800000  x7=0x80000000
     138555.000 ns	     13854	80002f8c	0030f033	and	x0,x1,x3	  x1:0xfffffe42  x3:0xffffffff
     138565.000 ns	     13855	80002f90	40265e13	srai	x28,x12,0x2	 x12:0x00000000 x28=0x00000000
     138575.000 ns	     13856	80002f94	003f9393	slli	x7,x31,0x3	 x31:0x00000000  x7=0x00000000
     138585.000 ns	     13857	80002f98	017fc6b3	xor	x13,x31,x23	 x31:0x00000000 x23:0x00000000 x13=0x00000000
     138945.000 ns	     13893	80002f9c	0324ef33	rem	x30,x9,x18	  x9:0x80040fe4 x18:0x7fc00000 x30=0xffc40fe4
     138965.000 ns	     13895	80002fa0	ca9dfb93	andi	x23,x27,-855	 x27:0x00000000 x23=0x00000000
     138975.000 ns	     13896	80002fa4	01f77813	andi	x16,x14,31	 x14:0x00000000 x16=0x00000000
     138985.000 ns	     13897	80002fa8	00d359b3	srl	x19,x6,x13	  x6:0x80041024 x13:0x00000000 x19=0x80041024
     138995.000 ns	     13898	80002fac	0004c733	xor	x14,x9,x0	  x9:0x80040fe4  x0:0x00000000 x14=0x80040fe4
     139005.000 ns	     13899	80002fb0	596a7613	andi	x12,x20,1430	 x20:0x00000000 x12=0x00000000
     139025.000 ns	     13901	80002fb4	f00b8dd3	fmv.w.x	f27,x23	 x23:0x00000000 f27=0x00000000
     139395.000 ns	     13938	80002fb8	0292cfb3	div	x31,x5,x9	  x5:0x0154872f  x9:0x80040fe4 x31=0x00000000
     139445.000 ns	     13943	80002fbc	08478ed3	fsub.s	f29,f15,f4	 f15:0x00000000  f4:0xffc00000 f29=0x7fc00000
     139475.000 ns	     13946	80002fc0	296b1f53	fmax.s	f30,f22,f22	 f22:0x00000000 f22:0x00000000 f30=0x00000000
     139505.000 ns	     13949	80002fc4	d001fe53	fcvt.s.w	f28,x3	  x3:0xffffffff f28=0xbf800000
     139525.000 ns	     13951	80002fc8	95b0ab93	slti	x23,x1,-1701	  x1:0xfffffe42 x23=0x00000000
     139545.000 ns	     13953	80002fcc	03f2db33	divu	x22,x5,x31	  x5:0x0154872f x31:0x00000000 x22=0xffffffff
     139565.000 ns	     13955	80002fd0	09a60497	auipc	x9,0x9a60	  x9=0x89a62fd0
     139575.000 ns	     13956	80002fd4	01df6433	or	x8,x30,x29	 x30:0xffc40fe4 x29:0xfffffc2c  x8=0xffffffec
     139595.000 ns	     13958	80002fd8	f0068bd3	fmv.w.x	f23,x13	 x13:0x00000000 f23=0x00000000
     139615.000 ns	     13960	80002fdc	f41ef493	andi	x9,x29,-191	 x29:0xfffffc2c  x9=0xfffffc00
     139635.000 ns	     13962	80002fe0	03525ab3	divu	x21,x4,x21	  x4:0x00000000 x21:0x00000000 x21=0xffffffff
     139665.000 ns	     13965	80002fe4	214b88d3	fsgnj.s	f17,f23,f20	 f23:0x00000000 f20:0x00000000 f17=0x00000000
     139685.000 ns	     13967	80002fe8	bd67aa13	slti	x20,x15,-1066	 x15:0x80040fe4 x20=0x00000001
     139705.000 ns	     13969	80002fec	217a8c53	fsgnj.s	f24,f21,f23	 f21:0xc03fcffc f23:0x00000000 f24=0x403fcffc
     139735.000 ns	     13972	80002ff0	c01faad3	fcvt.wu.s	x21,f31	 f31:0x7fc00000 x21=0xffffffff
     139775.000 ns	     13976	80002ff4	5804f653	fsqrt.s	f12,f9	  f9:0xcefff7df f12=0x7fc00000
     139815.000 ns	     13980	80002ff8	11f7f7d3	fmul.s	f15,f15,f31	 f15:0x00000000 f31:0x7fc00000 f15=0x7fc00000
     140185.000 ns	     14017	80002ffc	0269eab3	rem	x21,x19,x6	 x19:0x80041024  x6:0x80041024 x21=0x00000000
     140225.000 ns	     14021	80003000	58017dd3	fsqrt.s	f27,f2	  f2:0x00000000 f27=0x00000000
     140255.000 ns	     14024	80003004	e00b82d3	fmv.x.w	x5,f23	 f23:0x00000000  x5=0x00000000
     140275.000 ns	     14026	80003008	0555b193	sltiu	x3,x11,85	 x11:0x0154872f  x3=0x00000000
     140285.000 ns	     14027	8000300c	0079da33	srl	x20,x19,x7	 x19:0x80041024  x7:0x00000000 x20=0x80041024
     140295.000 ns	     14028	80003010	00f61413	slli	x8,x12,0xf	 x12:0x00000000  x8=0x00000000
     140305.000 ns	     14029	80003014	01062533	slt	x10,x12,x16	 x12:0x00000000 x16:0x00000000 x10=0x00000000
     140315.000 ns	     14030	80003018	00857eb3	and	x29,x10,x8	 x10:0x00000000  x8:0xffffffec x29=0x00000000
     140345.000 ns	     14033	8000301c	180a4a53	fdiv.s	f20,f20,f0	 f20:0x00000000  f0:0x7fc00000 f20=0x7fc00000
     140365.000 ns	     14035	80003020	d1977d13	andi	x26,x14,-743	 x14:0x80040fe4 x26=0x80040d00
     140375.000 ns	     14036	80003024	00baefb3	or	x31,x21,x11	 x21:0x00000000 x11:0x0154872f x31=0x0154872f
     140385.000 ns	     14037	80003028	358ecc13	xori	x24,x29,856	 x29:0x00000000 x24=0x00000358
     140405.000 ns	     14039	8000302c	d01eb7d3	fcvt.s.wu	f15,x29	 x29:0x00000000 f15=0x00000000
     140425.000 ns	     14041	80003030	001c3ab3	sltu	x21,x24,x1	 x24:0x000007fb  x1:0xfffffe42 x21=0x00000001
     140445.000 ns	     14043	80003034	027e2733	mulhsu	x14,x28,x7	 x28:0x00000000  x7:0x00000000 x14=0x00000000
     140465.000 ns	     14045	80003038	01045513	srli	x10,x8,0x10	  x8:0x00000000 x10=0x00000000
     140825.000 ns	     14081	8000303c	034d79b3	remu	x19,x26,x20	 x26:0x80040d00 x20:0x80041024 x19=0x80040d00
     140855.000 ns	     14084	80003040	0245abb3	mulhsu	x23,x11,x4	 x11:0x0154872f  x4:0x00000000 x23=0x00000000
     140875.000 ns	     14086	80003044	fe55f213	andi	x4,x11,-27	 x11:0x0154872f  x4=0x01548725
     140885.000 ns	     14087	80003048	4050d413	srai	x8,x1,0x5	  x1:0xfffffe42  x8=0xfffffff2
     140905.000 ns	     14089	8000304c	e00394d3	fclass.s	x9,f7	  f7:0x7f800000  x9=0x00000080
     140955.000 ns	     14094	80003050	095d9053	fsub.s	f0,f27,f21	 f27:0x00000000 f21:0xc03fcffc  f0=0x403fcffc
     140985.000 ns	     14097	80003054	20df0e53	fsgnj.s	f28,f30,f13	 f30:0x00000000 f13:0x7fc00000 f28=0x00000000
     141355.000 ns	     14134	80003058	0331fbb3	remu	x23,x3,x19	  x3:0x00000000 x19:0x80040d00 x23=0x00000000
     141375.000 ns	     14136	8000305c	0cb9bd17	auipc	x26,0xcb9b	 x26=0x8cb9e05c
     141385.000 ns	     14137	80003060	407ed213	srai	x4,x29,0x7	 x29:0x00000000  x4=0x00000000
     141425.000 ns	     14141	80003064	08fbf6d3	fsub.s	f13,f23,f15	 f23:0x00000000 f15:0x00000000 f13=0x80000000
     141445.000 ns	     14143	80003068	9686c0b7	lui	x1,0x9686c	  x1=0x9686c000
     141465.000 ns	     14145	8000306c	21ae1253	fsgnjn.s	f4,f28,f26	 f28:0x00000000 f26:0x7fc00000  f4=0x80000000
     141485.000 ns	     14147	80003070	01a563b3	or	x7,x10,x26	 x10:0x00000000 x26:0x8cb9e05c  x7=0x8cb9e05c
     141495.000 ns	     14148	80003074	00bdaeb3	slt	x29,x27,x11	 x27:0x00000000 x11:0x0154872f x29=0x00000001
     141515.000 ns	     14150	80003078	f00c0b53	fmv.w.x	f22,x24	 x24:0x00000358 f22=0x00000358
     141565.000 ns	     14155	8000307c	085e72d3	fsub.s	f5,f28,f5	 f28:0x00000000  f5:0xbe35eea8  f5=0x3e35eea8
     141935.000 ns	     14192	80003080	038a6533	rem	x10,x20,x24	 x20:0x80041024 x24:0x00000358 x10=0xfffffe4c
     141955.000 ns	     14194	80003084	00185a93	srli	x21,x16,0x1	 x16:0x00000000 x21=0x00000000
     141975.000 ns	     14196	80003088	03c886b3	mul	x13,x17,x28	 x17:0x00000000 x28:0x00000000 x13=0x00000000
     142005.000 ns	     14199	8000308c	e00908d3	fmv.x.w	x17,f18	 f18:0xc2c1c4ae x17=0xc2c1c4ae
     142025.000 ns	     14201	80003090	00f59713	slli	x14,x11,0xf	 x11:0x0154872f x14=0x43978000
     142065.000 ns	     14205	80003094	006370d3	fadd.s	f1,f6,f6	  f6:0x80000000  f6:0x80000000  f1=0x80000000
     142095.000 ns	     14208	80003098	e00d0853	fmv.x.w	x16,f26	 f26:0x7fc00000 x16=0x7fc00000
     142115.000 ns	     14210	8000309c	00db6833	or	x16,x22,x13	 x22:0xffffffff x13:0x00000000 x16=0xffffffff
     142155.000 ns	     14214	800030a0	005d3c53	fadd.s	f24,f26,f5	 f26:0x7fc00000  f5:0x3e35eea8 f24=0x7fc00000
     142185.000 ns	     14217	800030a4	c00cbf53	fcvt.w.s	x30,f25	 f25:0x80040fe4 x30=0x00000000
     142225.000 ns	     14221	800030a8	19fbcad3	fdiv.s	f21,f23,f31	 f23:0x00000000 f31:0x7fc00000 f21=0x7fc00000
     142275.000 ns	     14226	800030ac	08e8cdd3	fsub.s	f27,f17,f14	 f17:0x00000000 f14:0xff800000 f27=0x7f800000
     142295.000 ns	     14228	800030b0	000c1893	slli	x17,x24,0x0	 x24:0x00000358 x17=0x00000358
     142315.000 ns	     14230	800030b4	e00605d3	fmv.x.w	x11,f12	 f12:0x7fc00000 x11=0x7fc00000
     142335.000 ns	     14232	800030b8	ba15f593	andi	x11,x11,-1119	 x11:0x0154872f x11=0x7fc00000
     142345.000 ns	     14233	800030bc	00fc31b3	sltu	x3,x24,x15	 x24:0x00000358 x15:0x80040fe4  x3=0x00000001
     142365.000 ns	     14235	800030c0	29f89bd3	fmax.s	f23,f17,f31	 f17:0x00000000 f31:0x7fc00000 f23=0x00000000
     142385.000 ns	     14237	800030c4	017e65b3	or	x11,x28,x23	 x28:0x00000000 x23:0x00000000 x11=0x00000000
     142745.000 ns	     14273	800030c8	036ac1b3	div	x3,x21,x22	 x21:0x00000000 x22:0xffffffff  x3=0x00000000
     142775.000 ns	     14276	800030cc	28fa0a53	fmin.s	f20,f20,f15	 f20:0x7fc00000 f15:0x00000000 f20=0x00000000
     142815.000 ns	     14280	800030d0	190e3cd3	fdiv.s	f25,f28,f16	 f28:0x00000000 f16:0xffc00000 f25=0x7fc00000
     143185.000 ns	     14317	800030d4	032c5ab3	divu	x21,x24,x18	 x24:0x00000358 x18:0x7fc00000 x21=0x00000000
     143215.000 ns	     14320	800030d8	a1502d53	feq.s	x26,f0,f21	  f0:0x403fcffc f21:0x7fc00000 x26=0x00000000
     143235.000 ns	     14322	800030dc	09c60093	addi	x1,x12,156	 x12:0x00000000  x1=0x0000009c
     143595.000 ns	     14358	800030e0	02a2ddb3	divu	x27,x5,x10	  x5:0x00000000 x10:0xfffffe4c x27=0x00000000
     143615.000 ns	     14360	800030e4	91acff13	andi	x30,x25,-1766	 x25:0x0e392982 x30=0x0e392902
     143645.000 ns	     14363	800030e8	18367fd3	fdiv.s	f31,f12,f3	 f12:0x7fc00000  f3:0x00000000 f31=0x7fc00000
     143665.000 ns	     14365	800030ec	001d0933	add	x18,x26,x1	 x26:0x00000000  x1:0x0000009c x18=0x0000009c
     143675.000 ns	     14366	800030f0	00ec6f33	or	x30,x24,x14	 x24:0x00000358 x14:0x43978000 x30=0x43978358
     143685.000 ns	     14367	800030f4	00000013	addi	x0,x0,0	  x0:0x00000000
     143715.000 ns	     14370	800030f8	58027853	fsqrt.s	f16,f4	  f4:0x80000000 f16=0x80000000
     143735.000 ns	     14372	800030fc	598f05b7	lui	x11,0x598f0	 x11=0x598f0000
     143755.000 ns	     14374	80003100	d0020753	fcvt.s.w	f14,x4	  x4:0x00000000 f14=0x00000000
     143785.000 ns	     14377	80003104	037d16b3	mulh	x13,x26,x23	 x26:0x00000000 x23:0x00000000 x13=0x00000000
     143815.000 ns	     14380	80003108	0242aa33	mulhsu	x20,x5,x4	  x5:0x00000000  x4:0x00000000 x20=0x00000000
     143835.000 ns	     14382	8000310c	00304133	xor	x2,x0,x3	  x0:0x00000000  x3:0x00000000  x2=0x00000000
     143875.000 ns	     14386	80003110	01ee70d3	fadd.s	f1,f28,f30	 f28:0x00000000 f30:0x00000000  f1=0x00000000
     143895.000 ns	     14388	80003114	01089eb3	sll	x29,x17,x16	 x17:0x00000358 x16:0xffffffff x29=0x00000000
     143905.000 ns	     14389	80003118	1ab40213	addi	x4,x8,427	  x8:0xfffffff2  x4=0x0000019d
     143915.000 ns	     14390	8000311c	c80a22b7	lui	x5,0xc80a2	  x5=0xc80a2000
     143925.000 ns	     14391	80003120	00ed1f93	slli	x31,x26,0xe	 x26:0x00000000 x31=0x00000000
     143945.000 ns	     14393	80003124	21a51b53	fsgnjn.s	f22,f10,f26	 f10:0x3f800000 f26:0x7fc00000 f22=0xbf800000
     143975.000 ns	     14396	80003128	21ce19d3	fsgnjn.s	f19,f28,f28	 f28:0x00000000 f28:0x00000000 f19=0x80000000
     144015.000 ns	     14400	8000312c	18b1f2d3	fdiv.s	f5,f3,f11	  f3:0x00000000 f11:0x47c5bdf6  f5=0x00000000
     144035.000 ns	     14402	80003130	00000013	addi	x0,x0,0	  x0:0x00000000
     144045.000 ns	     14403	80003134	53998913	addi	x18,x19,1337	 x19:0x80040d00 x18=0x80041239
     144065.000 ns	     14405	80003138	c00175d3	fcvt.w.s	x11,f2	  f2:0x00000000 x11=0x00000000
     144085.000 ns	     14407	8000313c	0066e233	or	x4,x13,x6	 x13:0x00000000  x6:0x80041024  x4=0x80041024
     144105.000 ns	     14409	80003140	a12891d3	flt.s	x3,f17,f18	 f17:0x00000000 f18:0xc2c1c4ae  x3=0x00000000
     144135.000 ns	     14412	80003144	03e89bb3	mulh	x23,x17,x30	 x17:0x00000358 x30:0x43978358 x23=0x000000e2
     144175.000 ns	     14416	80003148	10e696d3	fmul.s	f13,f13,f14	 f13:0x80000000 f14:0x00000000 f13=0x80000000
     145355.000 ns	     14534	8000314c	5805f1d3	fsqrt.s	f3,f11	 f11:0x47c5bdf6  f3=0x439f181d
     145375.000 ns	     14536	80003150	149af493	andi	x9,x21,329	 x21:0x00000000  x9=0x00000000
     145415.000 ns	     14540	80003154	089b7253	fsub.s	f4,f22,f9	 f22:0xbf800000  f9:0xcefff7df  f4=0x4efff7de
     145445.000 ns	     14543	80003158	c005b453	fcvt.w.s	x8,f11	 f11:0x47c5bdf6  x8=0x00018b7c
     145465.000 ns	     14545	8000315c	0031d2b3	srl	x5,x3,x3	  x3:0x00000000  x3:0x00000000  x5=0x00000000
     145485.000 ns	     14547	80003160	21442853	fsgnjx.s	f16,f8,f20	  f8:0xcefff7df f20:0x00000000 f16=0xcefff7df
     145505.000 ns	     14549	80003164	00a71a93	slli	x21,x14,0xa	 x14:0x43978000 x21=0x5e000000
     145515.000 ns	     14550	80003168	3e6fa437	lui	x8,0x3e6fa	  x8=0x3e6fa000
     145525.000 ns	     14551	8000316c	0050a9b3	slt	x19,x1,x5	  x1:0x0000009c  x5:0x00000000 x19=0x00000000
     145545.000 ns	     14553	80003170	d0063753	fcvt.s.w	f14,x12	 x12:0x00000000 f14=0x00000000
     145565.000 ns	     14555	80003174	094a7713	andi	x14,x20,148	 x20:0x00000000 x14=0x00000000
     145595.000 ns	     14558	80003178	58078fd3	fsqrt.s	f31,f15	 f15:0x00000000 f31=0x00000000
     145635.000 ns	     14562	8000317c	195afad3	fdiv.s	f21,f21,f21	 f21:0x7fc00000 f21:0x7fc00000 f21=0x7fc00000
     145665.000 ns	     14565	80003180	0358b133	mulhu	x2,x17,x21	 x17:0x00000358 x21:0x5e000000  x2=0x0000013a
     145695.000 ns	     14568	80003184	21c78fd3	fsgnj.s	f31,f15,f28	 f15:0x00000000 f28:0x00000000 f31=0x00000000
     145715.000 ns	     14570	80003188	f7364513	xori	x10,x12,-141	 x12:0x00000000 x10=0xffffff73
     145725.000 ns	     14571	8000318c	00ff1e93	slli	x29,x30,0xf	 x30:0x43978358 x29=0xc1ac0000
     145735.000 ns	     14572	80003190	fa770593	addi	x11,x14,-89	 x14:0x00000000 x11=0xffffffa7
     145775.000 ns	     14576	80003194	012826d3	fadd.s	f13,f16,f18	 f16:0xcefff7df f18:0xc2c1c4ae f13=0xcefff7e0
     145805.000 ns	     14579	80003198	031d25b3	mulhsu	x11,x26,x17	 x26:0x00000000 x17:0x00000358 x11=0x00000000
     145825.000 ns	     14581	8000319c	69610b13	addi	x22,x2,1686	  x2:0x0000013a x22=0x000007d0
     145835.000 ns	     14582	800031a0	018a1c13	slli	x24,x20,0x18	 x20:0x00000000 x24=0x00000000
     145845.000 ns	     14583	800031a4	01fe2db3	slt	x27,x28,x31	 x28:0x00000000 x31:0x00000000 x27=0x00000000
     145865.000 ns	     14585	800031a8	a02f8d53	fle.s	x26,f31,f2	 f31:0x00000000  f2:0x00000000 x26=0x00000001
     145895.000 ns	     14588	800031ac	21b59ed3	fsgnjn.s	f29,f11,f27	 f11:0x47c5bdf6 f27:0x7f800000 f29=0xc7c5bdf6
     145925.000 ns	     14591	800031b0	d01b1853	fcvt.s.wu	f16,x22	 x22:0x000007d0 f16=0x44fa0000
     145955.000 ns	     14594	800031b4	d0070553	fcvt.s.w	f10,x14	 x14:0x00000000 f10=0x00000000
     145985.000 ns	     14597	800031b8	03cf8433	mul	x8,x31,x28	 x31:0x00000000 x28:0x00000000  x8=0x00000000
     146025.000 ns	     14601	800031bc	580cc8d3	fsqrt.s	f17,f25	 f25:0x7fc00000 f17=0x7fc00000
     146055.000 ns	     14604	800031c0	a13015d3	flt.s	x11,f0,f19	  f0:0x403fcffc f19:0x80000000 x11=0x00000000
     146085.000 ns	     14607	800031c4	215f15d3	fsgnjn.s	f11,f30,f21	 f30:0x00000000 f21:0x7fc00000 f11=0x80000000
     146105.000 ns	     14609	800031c8	01c4b4b3	sltu	x9,x9,x28	  x9:0x00000000 x28:0x00000000  x9=0x00000000
     146145.000 ns	     14613	800031cc	012a77d3	fadd.s	f15,f20,f18	 f20:0x00000000 f18:0xc2c1c4ae f15=0xc2c1c4ae
     146175.000 ns	     14616	800031d0	200d2ed3	fsgnjx.s	f29,f26,f0	 f26:0x7fc00000  f0:0x403fcffc f29=0x7fc00000
     146205.000 ns	     14619	800031d4	d01d48d3	fcvt.s.wu	f17,x26	 x26:0x00000001 f17=0x3f800000
     146225.000 ns	     14621	800031d8	002e9d13	slli	x26,x29,0x2	 x29:0xc1ac0000 x26=0x06b00000
     146245.000 ns	     14623	800031dc	21b19253	fsgnjn.s	f4,f3,f27	  f3:0x439f181d f27:0x7f800000  f4=0xc39f181d
     146265.000 ns	     14625	800031e0	00b69b33	sll	x22,x13,x11	 x13:0x00000000 x11:0x00000000 x22=0x00000000
     146275.000 ns	     14626	800031e4	01f15893	srli	x17,x2,0x1f	  x2:0x0000013a x17=0x00000000
     146305.000 ns	     14629	800031e8	580c90d3	fsqrt.s	f1,f25	 f25:0x7fc00000  f1=0x7fc00000
     146335.000 ns	     14632	800031ec	21580953	fsgnj.s	f18,f16,f21	 f16:0x44fa0000 f21:0x7fc00000 f18=0x44fa0000
     146365.000 ns	     14635	800031f0	03712933	mulhsu	x18,x2,x23	  x2:0x0000013a x23:0x000000e2 x18=0x00000000
     146395.000 ns	     14638	800031f4	a14eab53	feq.s	x22,f29,f20	 f29:0x7fc00000 f20:0x00000000 x22=0x00000000
     146425.000 ns	     14641	800031f8	02473533	mulhu	x10,x14,x4	 x14:0x00000000  x4:0x80041024 x10=0x00000000
     146455.000 ns	     14644	800031fc	c006b053	fcvt.w.s	x0,f13	 f13:0xcefff7e0
     146485.000 ns	     14647	80003200	d0084953	fcvt.s.w	f18,x16	 x16:0xffffffff f18=0xbf800000
     146525.000 ns	     14651	80003204	11a72253	fmul.s	f4,f14,f26	 f14:0x00000000 f26:0x7fc00000  f4=0x7fc00000
     146555.000 ns	     14654	80003208	d01472d3	fcvt.s.wu	f5,x8	  x8:0x00000000  f5=0x00000000
     146585.000 ns	     14657	8000320c	219ea6d3	fsgnjx.s	f13,f29,f25	 f29:0x7fc00000 f25:0x7fc00000 f13=0x7fc00000
     146605.000 ns	     14659	80003210	01640433	add	x8,x8,x22	  x8:0x00000000 x22:0x00000000  x8=0x00000000
     146625.000 ns	     14661	80003214	03d52633	mulhsu	x12,x10,x29	 x10:0x00000000 x29:0xc1ac0000 x12=0x00000000
     146995.000 ns	     14698	80003218	02766ab3	rem	x21,x12,x7	 x12:0x00000000  x7:0x8cb9e05c x21=0x00000000
     147365.000 ns	     14735	8000321c	039fd833	divu	x16,x31,x25	 x31:0x00000000 x25:0x0e392982 x16=0x00000000
     147385.000 ns	     14737	80003220	018290b3	sll	x1,x5,x24	  x5:0x00000000 x24:0x00000000  x1=0x00000000
     147395.000 ns	     14738	80003224	3afbb213	sltiu	x4,x23,943	 x23:0x000000e2  x4=0x00000001
     147405.000 ns	     14739	80003228	01271d13	slli	x26,x14,0x12	 x14:0x00000000 x26=0x00000000
     147425.000 ns	     14741	8000322c	f00b0fd3	fmv.w.x	f31,x22	 x22:0x00000000 f31=0x00000000
     147455.000 ns	     14744	80003230	02779f33	mulh	x30,x15,x7	 x15:0x80040fe4  x7:0x8cb9e05c x30=0x39a13b91
     147485.000 ns	     14747	80003234	f0058353	fmv.w.x	f6,x11	 x11:0x00000000  f6=0x00000000
     147505.000 ns	     14749	80003238	003e1013	slli	x0,x28,0x3	 x28:0x00000000
     147515.000 ns	     14750	8000323c	008642b3	xor	x5,x12,x8	 x12:0x00000000  x8:0x00000000  x5=0x00000000
     147525.000 ns	     14751	80003240	41d25d93	srai	x27,x4,0x1d	  x4:0x00000001 x27=0x00000000
     147545.000 ns	     14753	80003244	03f61ab3	mulh	x21,x12,x31	 x12:0x00000000 x31:0x00000000 x21=0x00000000
     147575.000 ns	     14756	80003248	28759c53	fmax.s	f24,f11,f7	 f11:0x80000000  f7:0x7f800000 f24=0x7f800000
     147595.000 ns	     14758	8000324c	c0bee913	ori	x18,x29,-1013	 x29:0xc1ac0000 x18=0xfffffc0b
     147615.000 ns	     14760	80003250	299e84d3	fmin.s	f9,f29,f25	 f29:0x7fc00000 f25:0x7fc00000  f9=0x7fc00000
     147655.000 ns	     14764	80003254	10dafb53	fmul.s	f22,f21,f13	 f21:0x7fc00000 f13:0x7fc00000 f22=0x7fc00000
     147685.000 ns	     14767	80003258	d01c74d3	fcvt.s.wu	f9,x24	 x24:0x00000000  f9=0x00000000
     147715.000 ns	     14770	8000325c	c01e7553	fcvt.wu.s	x10,f28	 f28:0x00000000 x10=0x00000000
     147745.000 ns	     14773	80003260	031de1b3	rem	x3,x27,x17	 x27:0x00000000 x17:0x00000000  x3=0x00000000
     147795.000 ns	     14778	80003264	00a9f9d3	fadd.s	f19,f19,f10	 f19:0x80000000 f10:0x00000000 f19=0x00000000
     147815.000 ns	     14780	80003268	011e51b3	srl	x3,x28,x17	 x28:0x00000000 x17:0x00000000  x3=0x00000000
     147825.000 ns	     14781	8000326c	96be2293	slti	x5,x28,-1685	 x28:0x00000000  x5=0x00000000
     147835.000 ns	     14782	80003270	01b48f33	add	x30,x9,x27	  x9:0x00000000 x27:0x00000000 x30=0x00000000
     147845.000 ns	     14783	80003274	004250b3	srl	x1,x4,x4	  x4:0x00000001  x4:0x00000001  x1=0x00000000
     147875.000 ns	     14786	80003278	18717ed3	fdiv.s	f29,f2,f7	  f2:0x00000000  f7:0x7f800000 f29=0x00000000
     147905.000 ns	     14789	8000327c	285f8cd3	fmin.s	f25,f31,f5	 f31:0x00000000  f5:0x00000000 f25=0x00000000
     147925.000 ns	     14791	80003280	00e01033	sll	x0,x0,x14	  x0:0x00000000 x14:0x00000000
     148285.000 ns	     14827	80003284	0243f133	remu	x2,x7,x4	  x7:0x8cb9e05c  x4:0x00000001  x2=0x00000000
     148315.000 ns	     14830	80003288	d01722d3	fcvt.s.wu	f5,x14	 x14:0x00000000  f5=0x00000000
     148345.000 ns	     14833	8000328c	a12599d3	flt.s	x19,f11,f18	 f11:0x80000000 f18:0xbf800000 x19=0x00000000
     148365.000 ns	     14835	80003290	0003eb33	or	x22,x7,x0	  x7:0x8cb9e05c  x0:0x00000000 x22=0x8cb9e05c
     148375.000 ns	     14836	80003294	74e52e93	slti	x29,x10,1870	 x10:0x00000000 x29=0x00000001
     148395.000 ns	     14838	80003298	c0187e53	fcvt.wu.s	x28,f16	 f16:0x44fa0000 x28=0x000007d0
     148425.000 ns	     14841	8000329c	a026a6d3	feq.s	x13,f13,f2	 f13:0x7fc00000  f2:0x00000000 x13=0x00000000
     148475.000 ns	     14846	800032a0	081e75d3	fsub.s	f11,f28,f1	 f28:0x00000000  f1:0x7fc00000 f11=0x7fc00000
     148495.000 ns	     14848	800032a4	0074adb3	slt	x27,x9,x7	  x9:0x00000000  x7:0x8cb9e05c x27=0x00000000
     148505.000 ns	     14849	800032a8	00b106b3	add	x13,x2,x11	  x2:0x00000000 x11:0x00000000 x13=0x00000000
     148515.000 ns	     14850	800032ac	0074a433	slt	x8,x9,x7	  x9:0x00000000  x7:0x8cb9e05c  x8=0x00000000
     148535.000 ns	     14852	800032b0	28a30753	fmin.s	f14,f6,f10	  f6:0x00000000 f10:0x00000000 f14=0x00000000
     148555.000 ns	     14854	800032b4	002c0f33	add	x30,x24,x2	 x24:0x00000000  x2:0x00000000 x30=0x00000000
     148575.000 ns	     14856	800032b8	29ec94d3	fmax.s	f9,f25,f30	 f25:0x00000000 f30:0x00000000  f9=0x00000000
     148595.000 ns	     14858	800032bc	01c29113	slli	x2,x5,0x1c	  x5:0x00000000  x2=0x00000000
     148605.000 ns	     14859	800032c0	41605e93	srai	x29,x0,0x16	  x0:0x00000000 x29=0x00000000
     148615.000 ns	     14860	800032c4	00c90fb3	add	x31,x18,x12	 x18:0xfffffc0b x12:0x00000000 x31=0xfffffc0b
     148635.000 ns	     14862	800032c8	d001f7d3	fcvt.s.w	f15,x3	  x3:0x00000000 f15=0x00000000
     148665.000 ns	     14865	800032cc	a1222853	feq.s	x16,f4,f18	  f4:0x7fc00000 f18:0xbf800000 x16=0x00000000
     148695.000 ns	     14868	800032d0	20d79153	fsgnjn.s	f2,f15,f13	 f15:0x00000000 f13:0x7fc00000  f2=0x80000000
     148715.000 ns	     14870	800032d4	00873033	sltu	x0,x14,x8	 x14:0x00000000  x8:0x00000000
     148725.000 ns	     14871	800032d8	0151d613	srli	x12,x3,0x15	  x3:0x00000000 x12=0x00000000
     148735.000 ns	     14872	800032dc	0042c533	xor	x10,x5,x4	  x5:0x00000000  x4:0x00000001 x10=0x00000001
     148755.000 ns	     14874	800032e0	298d0453	fmin.s	f8,f26,f24	 f26:0x7fc00000 f24:0x7f800000  f8=0x7f800000
     148785.000 ns	     14877	800032e4	e00a9a53	fclass.s	x20,f21	 f21:0x7fc00000 x20=0x00000200
     148805.000 ns	     14879	800032e8	22a34f13	xori	x30,x6,554	  x6:0x80041024 x30=0x8004120e
     148815.000 ns	     14880	800032ec	8d177613	andi	x12,x14,-1839	 x14:0x00000000 x12=0x00000000
     148835.000 ns	     14882	800032f0	20538453	fsgnj.s	f8,f7,f5	  f7:0x7f800000  f5:0x00000000  f8=0x7f800000
     148865.000 ns	     14885	800032f4	02c76f33	rem	x30,x14,x12	 x14:0x00000000 x12:0x00000000 x30=0x00000000
     148885.000 ns	     14887	800032f8	0138b533	sltu	x10,x17,x19	 x17:0x00000000 x19:0x00000000 x10=0x00000000
     148895.000 ns	     14888	800032fc	00c0e9b3	or	x19,x1,x12	  x1:0x00000000 x12:0x00000000 x19=0x00000000
     148905.000 ns	     14889	80003300	00c075b3	and	x11,x0,x12	  x0:0x00000000 x12:0x00000000 x11=0x00000000
     148915.000 ns	     14890	80003304	0024b533	sltu	x10,x9,x2	  x9:0x00000000  x2:0x00000000 x10=0x00000000
     148945.000 ns	     14893	80003308	18fffa53	fdiv.s	f20,f31,f15	 f31:0x00000000 f15:0x00000000 f20=0x7fc00000
     148965.000 ns	     14895	8000330c	eb275e37	lui	x28,0xeb275	 x28=0xeb275000
     148985.000 ns	     14897	80003310	200e2853	fsgnjx.s	f16,f28,f0	 f28:0x00000000  f0:0x403fcffc f16=0x00000000
     149015.000 ns	     14900	80003314	e0039ad3	fclass.s	x21,f7	  f7:0x7f800000 x21=0x00000080
     149385.000 ns	     14937	80003318	037bc6b3	div	x13,x23,x23	 x23:0x000000e2 x23:0x000000e2 x13=0x00000001
     149425.000 ns	     14941	8000331c	11424253	fmul.s	f4,f4,f20	  f4:0x7fc00000 f20:0x7fc00000  f4=0x7fc00000
     149455.000 ns	     14944	80003320	02266033	rem	x0,x12,x2	 x12:0x00000000  x2:0x00000000
     149475.000 ns	     14946	80003324	415ed013	srai	x0,x29,0x15	 x29:0x00000000
     149495.000 ns	     14948	80003328	c0067ed3	fcvt.w.s	x29,f12	 f12:0x7fc00000 x29=0x7fffffff
     149515.000 ns	     14950	8000332c	40b902b3	sub	x5,x18,x11	 x18:0xfffffc0b x11:0x00000000  x5=0xfffffc0b
     149535.000 ns	     14952	80003330	c016ab53	fcvt.wu.s	x22,f13	 f13:0x7fc00000 x22=0xffffffff
     149575.000 ns	     14956	80003334	19ab7053	fdiv.s	f0,f22,f26	 f22:0x7fc00000 f26:0x7fc00000  f0=0x7fc00000
     149595.000 ns	     14958	80003338	00a21713	slli	x14,x4,0xa	  x4:0x00000001 x14=0x00000400
     149615.000 ns	     14960	8000333c	204e12d3	fsgnjn.s	f5,f28,f4	 f28:0x00000000  f4:0x7fc00000  f5=0x80000000
     149645.000 ns	     14963	80003340	c00e79d3	fcvt.w.s	x19,f28	 f28:0x00000000 x19=0x00000000
     149665.000 ns	     14965	80003344	01851e93	slli	x29,x10,0x18	 x10:0x00000000 x29=0x00000000
     149675.000 ns	     14966	80003348	0196afb3	slt	x31,x13,x25	 x13:0x00000001 x25:0x0e392982 x31=0x00000001
     149695.000 ns	     14968	8000334c	f00e87d3	fmv.w.x	f15,x29	 x29:0x7fffffff f15=0x00000000
     149715.000 ns	     14970	80003350	01401913	slli	x18,x0,0x14	  x0:0x00000000 x18=0x00000000
     149735.000 ns	     14972	80003354	a06c1a53	flt.s	x20,f24,f6	 f24:0x7f800000  f6:0x00000000 x20=0x00000000
     149765.000 ns	     14975	80003358	29d01753	fmax.s	f14,f0,f29	  f0:0x7fc00000 f29:0x00000000 f14=0x00000000
     149795.000 ns	     14978	8000335c	038782b3	mul	x5,x15,x24	 x15:0x80040fe4 x24:0x00000000  x5=0x00000000
     149825.000 ns	     14981	80003360	20eba8d3	fsgnjx.s	f17,f23,f14	 f23:0x00000000 f14:0x00000000 f17=0x00000000
     149855.000 ns	     14984	80003364	a04f18d3	flt.s	x17,f30,f4	 f30:0x00000000  f4:0x7fc00000 x17=0x00000000
     149895.000 ns	     14988	80003368	105895d3	fmul.s	f11,f17,f5	 f17:0x00000000  f5:0x80000000 f11=0x80000000
     149925.000 ns	     14991	8000336c	02559033	mulh	x0,x11,x5	 x11:0x00000000  x5:0x00000000
     149945.000 ns	     14993	80003370	015b45b3	xor	x11,x22,x21	 x22:0xffffffff x21:0x00000080 x11=0xffffff7f
     149955.000 ns	     14994	80003374	00000013	addi	x0,x0,0	  x0:0x00000000
     149965.000 ns	     14995	80003378	009a7a33	and	x20,x20,x9	 x20:0x00000000  x9:0x00000000 x20=0x00000000
     149985.000 ns	     14997	8000337c	20ebae53	fsgnjx.s	f28,f23,f14	 f23:0x00000000 f14:0x00000000 f28=0x00000000
     150005.000 ns	     14999	80003380	2daf09b7	lui	x19,0x2daf0	 x19=0x2daf0000
     150015.000 ns	     15000	80003384	4140d6b3	sra	x13,x1,x20	  x1:0x00000000 x20:0x00000000 x13=0x00000000
     150375.000 ns	     15036	80003388	0245ceb3	div	x29,x11,x4	 x11:0xffffff7f  x4:0x00000001 x29=0xffffff7f
     150415.000 ns	     15040	8000338c	186eb3d3	fdiv.s	f7,f29,f6	 f29:0x00000000  f6:0x00000000  f7=0x7fc00000
     150435.000 ns	     15042	80003390	01c25393	srli	x7,x4,0x1c	  x4:0x00000001  x7=0x00000000
     150455.000 ns	     15044	80003394	a16ca253	feq.s	x4,f25,f22	 f25:0x00000000 f22:0x7fc00000  x4=0x00000000
     150485.000 ns	     15047	80003398	034ed733	divu	x14,x29,x20	 x29:0xffffff7f x20:0x00000000 x14=0xffffffff
     150515.000 ns	     15050	8000339c	a1420b53	fle.s	x22,f4,f20	  f4:0x7fc00000 f20:0x7fc00000 x22=0x00000000
     150535.000 ns	     15052	800033a0	40395d93	srai	x27,x18,0x3	 x18:0x00000000 x27=0x00000000
     150565.000 ns	     15055	800033a4	11ea72d3	fmul.s	f5,f20,f30	 f20:0x7fc00000 f30:0x00000000  f5=0x7fc00000
     150595.000 ns	     15058	800033a8	a01c2153	feq.s	x2,f24,f1	 f24:0x7f800000  f1:0x7fc00000  x2=0x00000000
     150615.000 ns	     15060	800033ac	4066de33	sra	x28,x13,x6	 x13:0x00000000  x6:0x80041024 x28=0x00000000
     150635.000 ns	     15062	800033b0	a0ce86d3	fle.s	x13,f29,f12	 f29:0x00000000 f12:0x7fc00000 x13=0x00000000
     150665.000 ns	     15065	800033b4	03350633	mul	x12,x10,x19	 x10:0x00000000 x19:0x2daf0000 x12=0x00000000
     150695.000 ns	     15068	800033b8	e00714d3	fclass.s	x9,f14	 f14:0x00000000  x9=0x00000010
     150715.000 ns	     15070	800033bc	0125ae33	slt	x28,x11,x18	 x11:0xffffff7f x18:0x00000000 x28=0x00000001
     150725.000 ns	     15071	800033c0	00aeefb3	or	x31,x29,x10	 x29:0xffffff7f x10:0x00000000 x31=0xffffff7f
     150735.000 ns	     15072	800033c4	3ddb6f13	ori	x30,x22,989	 x22:0x00000000 x30=0x000003dd
     150755.000 ns	     15074	800033c8	214919d3	fsgnjn.s	f19,f18,f20	 f18:0xbf800000 f20:0x7fc00000 f19=0xbf800000
     150785.000 ns	     15077	800033cc	0234a0b3	mulhsu	x1,x9,x3	  x9:0x00000010  x3:0x00000000  x1=0x00000000
     150805.000 ns	     15079	800033d0	b6d27293	andi	x5,x4,-1171	  x4:0x00000000  x5=0x00000000
     150835.000 ns	     15082	800033d4	580b86d3	fsqrt.s	f13,f23	 f23:0x00000000 f13=0x00000000
     151205.000 ns	     15119	800033d8	02e564b3	rem	x9,x10,x14	 x10:0x00000000 x14:0xffffffff  x9=0x00000000
     151225.000 ns	     15121	800033dc	c9ef2f93	slti	x31,x30,-866	 x30:0x000003dd x31=0x00000000
     151235.000 ns	     15122	800033e0	0030d633	srl	x12,x1,x3	  x1:0x00000000  x3:0x00000000 x12=0x00000000
     151255.000 ns	     15124	800033e4	02062833	mulhsu	x16,x12,x0	 x12:0x00000000  x0:0x00000000 x16=0x00000000
     151285.000 ns	     15127	800033e8	030f26b3	mulhsu	x13,x30,x16	 x30:0x000003dd x16:0x00000000 x13=0x00000000
     151305.000 ns	     15129	800033ec	00198db3	add	x27,x19,x1	 x19:0x2daf0000  x1:0x00000000 x27=0x2daf0000
     151325.000 ns	     15131	800033f0	028f3233	mulhu	x4,x30,x8	 x30:0x000003dd  x8:0x00000000  x4=0x00000000
     151355.000 ns	     15134	800033f4	d00d8b53	fcvt.s.w	f22,x27	 x27:0x00000000 f22=0x4e36bc00
     151375.000 ns	     15136	800033f8	40830533	sub	x10,x6,x8	  x6:0x80041024  x8:0x00000000 x10=0x80041024
     151385.000 ns	     15137	800033fc	419d09b3	sub	x19,x26,x25	 x26:0x00000000 x25:0x0e392982 x19=0xf1c6d67e
     151415.000 ns	     15140	80003400	58053b53	fsqrt.s	f22,f10	 f10:0x00000000 f22=0x00000000
     151445.000 ns	     15143	80003404	028fafb3	mulhsu	x31,x31,x8	 x31:0x00000000  x8:0x00000000 x31=0x00000000
     151465.000 ns	     15145	80003408	01f71c33	sll	x24,x14,x31	 x14:0xffffffff x31:0x00000000 x24=0xffffffff
     151475.000 ns	     15146	8000340c	e26fbfb7	lui	x31,0xe26fb	 x31=0xe26fb000
     151485.000 ns	     15147	80003410	01e269b3	or	x19,x4,x30	  x4:0x00000000 x30:0x000003dd x19=0x000003dd
     151495.000 ns	     15148	80003414	52373813	sltiu	x16,x14,1315	 x14:0xffffffff x16=0x00000000
     151505.000 ns	     15149	80003418	0058cd33	xor	x26,x17,x5	 x17:0x00000000  x5:0x00000000 x26=0x00000000
     151515.000 ns	     15150	8000341c	0106e1b3	or	x3,x13,x16	 x13:0x00000000 x16:0x00000000  x3=0x00000000
     151545.000 ns	     15153	80003420	580e0d53	fsqrt.s	f26,f28	 f28:0x00000000 f26=0x00000000
     151565.000 ns	     15155	80003424	00000013	addi	x0,x0,0	  x0:0x00000000
     151595.000 ns	     15158	80003428	19147353	fdiv.s	f6,f8,f17	  f8:0x7f800000 f17:0x00000000  f6=0x7f800000
     151965.000 ns	     15195	8000342c	0339ea33	rem	x20,x19,x19	 x19:0x000003dd x19:0x000003dd x20=0x00000000
     151985.000 ns	     15197	80003430	001b2833	slt	x16,x22,x1	 x22:0x00000000  x1:0x00000000 x16=0x00000000
     151995.000 ns	     15198	80003434	00eb5f33	srl	x30,x22,x14	 x22:0x00000000 x14:0xffffffff x30=0x00000000
     152015.000 ns	     15200	80003438	f00780d3	fmv.w.x	f1,x15	 x15:0x80040fe4  f1=0x80040fe4
     152045.000 ns	     15203	8000343c	d00df6d3	fcvt.s.w	f13,x27	 x27:0x2daf0000 f13=0x4e36bc00
     152415.000 ns	     15240	80003440	03c86ab3	rem	x21,x16,x28	 x16:0x00000000 x28:0x00000001 x21=0x00000000
     152435.000 ns	     15242	80003444	ba697693	andi	x13,x18,-1114	 x18:0x00000000 x13=0x00000000
     152445.000 ns	     15243	80003448	01285b13	srli	x22,x16,0x12	 x16:0x00000000 x22=0x00000000
     152455.000 ns	     15244	8000344c	00a0a3b3	slt	x7,x1,x10	  x1:0x00000000 x10:0x80041024  x7=0x00000000
     152465.000 ns	     15245	80003450	b0656193	ori	x3,x10,-1274	 x10:0x80041024  x3=0xfffffb26
     152475.000 ns	     15246	80003454	5770ffb7	lui	x31,0x5770f	 x31=0x5770f000
     152495.000 ns	     15248	80003458	e0051f53	fclass.s	x30,f10	 f10:0x00000000 x30=0x00000010
     152515.000 ns	     15250	8000345c	00000013	addi	x0,x0,0	  x0:0x00000000
     152525.000 ns	     15251	80003460	f4783913	sltiu	x18,x16,-185	 x16:0x00000000 x18=0x00000001
     152535.000 ns	     15252	80003464	01edc633	xor	x12,x27,x30	 x27:0x2daf0000 x30:0x00000010 x12=0x2daf0010
     152545.000 ns	     15253	80003468	815d2937	lui	x18,0x815d2	 x18=0x815d2000
     152555.000 ns	     15254	8000346c	0196e033	or	x0,x13,x25	 x13:0x00000000 x25:0x0e392982
     152565.000 ns	     15255	80003470	014b5eb3	srl	x29,x22,x20	 x22:0x00000000 x20:0x00000000 x29=0x00000000
     152585.000 ns	     15257	80003474	02d062b3	rem	x5,x0,x13	  x0:0x00000000 x13:0x00000000  x5=0x00000000
     152605.000 ns	     15259	80003478	4165d093	srai	x1,x11,0x16	 x11:0xffffff7f  x1=0xffffffff
     152625.000 ns	     15261	8000347c	c0107e53	fcvt.wu.s	x28,f0	  f0:0x7fc00000 x28=0xffffffff
     152655.000 ns	     15264	80003480	026b1e33	mulh	x28,x22,x6	 x22:0x00000000  x6:0x80041024 x28=0x00000000
     152675.000 ns	     15266	80003484	01419293	slli	x5,x3,0x14	  x3:0xfffffb26  x5=0xb2600000
     152695.000 ns	     15268	80003488	d00011d3	fcvt.s.w	f3,x0	  x0:0x00000000  f3=0x00000000
     152745.000 ns	     15273	8000348c	08d194d3	fsub.s	f9,f3,f13	  f3:0x439f181d f13:0x4e36bc00  f9=0xce36bc00
     152775.000 ns	     15276	80003490	299902d3	fmin.s	f5,f18,f25	 f18:0xbf800000 f25:0x00000000  f5=0xbf800000
     152805.000 ns	     15279	80003494	d00af353	fcvt.s.w	f6,x21	 x21:0x00000000  f6=0x00000000
     152835.000 ns	     15282	80003498	a05d85d3	fle.s	x11,f27,f5	 f27:0x7f800000  f5:0xbf800000 x11=0x00000000
     152855.000 ns	     15284	8000349c	34a60a93	addi	x21,x12,842	 x12:0x2daf0010 x21=0x2daf035a
     152865.000 ns	     15285	800034a0	012a7ab3	and	x21,x20,x18	 x20:0x00000000 x18:0x815d2000 x21=0x00000000
     152875.000 ns	     15286	800034a4	f2849117	auipc	x2,0xf2849	  x2=0x7284c4a4
     152895.000 ns	     15288	800034a8	020680b3	mul	x1,x13,x0	 x13:0x00000000  x0:0x00000000  x1=0x00000000
     152915.000 ns	     15290	800034ac	00507a33	and	x20,x0,x5	  x0:0x00000000  x5:0xb2600000 x20=0x00000000
     152925.000 ns	     15291	800034b0	98e62b13	slti	x22,x12,-1650	 x12:0x2daf0010 x22=0x00000000
     153285.000 ns	     15327	800034b4	025cee33	rem	x28,x25,x5	 x25:0x0e392982  x5:0xb2600000 x28=0x0e392982
     153305.000 ns	     15329	800034b8	40e85693	srai	x13,x16,0xe	 x16:0x00000000 x13=0x00000000
     153315.000 ns	     15330	800034bc	53cbc437	lui	x8,0x53cbc	  x8=0x53cbc000
     153325.000 ns	     15331	800034c0	40f65d93	srai	x27,x12,0xf	 x12:0x2daf0010 x27=0x00005b5e
     153335.000 ns	     15332	800034c4	0131d213	srli	x4,x3,0x13	  x3:0xfffffb26  x4=0x00001fff
     153365.000 ns	     15335	800034c8	10dffe53	fmul.s	f28,f31,f13	 f31:0x00000000 f13:0x4e36bc00 f28=0x00000000
     153385.000 ns	     15337	800034cc	faef7013	andi	x0,x30,-82	 x30:0x00000010
     153405.000 ns	     15339	800034d0	036ab633	mulhu	x12,x21,x22	 x21:0x00000000 x22:0x00000000 x12=0x00000000
     153435.000 ns	     15342	800034d4	c011f853	fcvt.wu.s	x16,f3	  f3:0x00000000 x16=0x00000000
     153455.000 ns	     15344	800034d8	01815433	srl	x8,x2,x24	  x2:0x7284c4a4 x24:0xffffffff  x8=0x00000000
     153475.000 ns	     15346	800034dc	03dff433	remu	x8,x31,x29	 x31:0x5770f000 x29:0x00000000  x8=0x5770f000
     153495.000 ns	     15348	800034e0	007804b3	add	x9,x16,x7	 x16:0x00000000  x7:0x00000000  x9=0x00000000
     153535.000 ns	     15352	800034e4	00d32753	fadd.s	f14,f6,f13	  f6:0x00000000 f13:0x4e36bc00 f14=0x4e36bc00
     153565.000 ns	     15355	800034e8	036e0ab3	mul	x21,x28,x22	 x28:0x0e392982 x22:0x00000000 x21=0x00000000
     153585.000 ns	     15357	800034ec	309c8a13	addi	x20,x25,777	 x25:0x0e392982 x20=0x0e392c8b
     153595.000 ns	     15358	800034f0	406e80b3	sub	x1,x29,x6	 x29:0x00000000  x6:0x80041024  x1=0x7ffbefdc
     153615.000 ns	     15360	800034f4	03b79133	mulh	x2,x15,x27	 x15:0x80040fe4 x27:0x00005b5e  x2=0xffffd252
     153645.000 ns	     15363	800034f8	02e526b3	mulhsu	x13,x10,x14	 x10:0x80041024 x14:0xffffffff x13=0x80041024
     153665.000 ns	     15365	800034fc	aeba7a17	auipc	x20,0xaeba7	 x20=0x2ebaa4fc
     153695.000 ns	     15368	80003500	18e3c953	fdiv.s	f18,f7,f14	  f7:0x7fc00000 f14:0x4e36bc00 f18=0x7fc00000
     153715.000 ns	     15370	80003504	00787d33	and	x26,x16,x7	 x16:0x00000000  x7:0x00000000 x26=0x00000000
     153735.000 ns	     15372	80003508	03ba39b3	mulhu	x19,x20,x27	 x20:0x2ebaa4fc x27:0x00005b5e x19=0x000010ad
     153755.000 ns	     15374	8000350c	00000013	addi	x0,x0,0	  x0:0x00000000
     153765.000 ns	     15375	80003510	616ed9b7	lui	x19,0x616ed	 x19=0x616ed000
     153785.000 ns	     15377	80003514	20071053	fsgnjn.s	f0,f14,f0	 f14:0x4e36bc00  f0:0x7fc00000  f0=0xce36bc00
     153805.000 ns	     15379	80003518	00000013	addi	x0,x0,0	  x0:0x00000000
     153825.000 ns	     15381	8000351c	e0078dd3	fmv.x.w	x27,f15	 f15:0x00000000 x27=0x00000000
     153845.000 ns	     15383	80003520	774b3113	sltiu	x2,x22,1908	 x22:0x00000000  x2=0x00000001
     153855.000 ns	     15384	80003524	f4c16093	ori	x1,x2,-180	  x2:0xffffd252  x1=0xffffff4d
     153865.000 ns	     15385	80003528	00fd5a13	srli	x20,x26,0xf	 x26:0x00000000 x20=0x00000000
     153885.000 ns	     15387	8000352c	a148add3	feq.s	x27,f17,f20	 f17:0x00000000 f20:0x7fc00000 x27=0x00000000
     153915.000 ns	     15390	80003530	a18b2f53	feq.s	x30,f22,f24	 f22:0x00000000 f24:0x7f800000 x30=0x00000000
     153935.000 ns	     15392	80003534	afd50937	lui	x18,0xafd50	 x18=0xafd50000
     153945.000 ns	     15393	80003538	7a443997	auipc	x19,0x7a443	 x19=0xfa446538
     153955.000 ns	     15394	8000353c	01601eb3	sll	x29,x0,x22	  x0:0x00000000 x22:0x00000000 x29=0x00000000
     153975.000 ns	     15396	80003540	d007a353	fcvt.s.w	f6,x15	 x15:0x80040fe4  f6=0xcefff7e1
     153995.000 ns	     15398	80003544	a3bdb413	sltiu	x8,x27,-1477	 x27:0x00000000  x8=0x00000001
     154005.000 ns	     15399	80003548	00904033	xor	x0,x0,x9	  x0:0x00000000  x9:0x00000000
     154035.000 ns	     15402	8000354c	10c3f553	fmul.s	f10,f7,f12	  f7:0x7fc00000 f12:0x7fc00000 f10=0x7fc00000
     154065.000 ns	     15405	80003550	200d2d53	fsgnjx.s	f26,f26,f0	 f26:0x00000000  f0:0xce36bc00 f26=0x80000000
     154435.000 ns	     15442	80003554	02dc7433	remu	x8,x24,x13	 x24:0xffffffff x13:0x80041024  x8=0x7ffbefdb
     154465.000 ns	     15445	80003558	d018a8d3	fcvt.s.wu	f17,x17	 x17:0x00000000 f17=0x00000000
     154495.000 ns	     15448	8000355c	290b8dd3	fmin.s	f27,f23,f16	 f23:0x00000000 f16:0x00000000 f27=0x00000000
     154525.000 ns	     15451	80003560	21429053	fsgnjn.s	f0,f5,f20	  f5:0xbf800000 f20:0x7fc00000  f0=0xbf800000
     154545.000 ns	     15453	80003564	01cb1fb3	sll	x31,x22,x28	 x22:0x00000000 x28:0x0e392982 x31=0x00000000
     154575.000 ns	     15456	80003568	58020f53	fsqrt.s	f30,f4	  f4:0x7fc00000 f30=0x7fc00000
     154615.000 ns	     15460	8000356c	1121c8d3	fmul.s	f17,f3,f18	  f3:0x00000000 f18:0x7fc00000 f17=0x7fc00000
     154645.000 ns	     15463	80003570	027aafb3	mulhsu	x31,x21,x7	 x21:0x00000000  x7:0x00000000 x31=0x00000000
     154685.000 ns	     15467	80003574	1805f453	fdiv.s	f8,f11,f0	 f11:0x80000000  f0:0xbf800000  f8=0x00000000
     154715.000 ns	     15470	80003578	212022d3	fsgnjx.s	f5,f0,f18	  f0:0xbf800000 f18:0x7fc00000  f5=0xbf800000
     154755.000 ns	     15474	8000357c	580e7753	fsqrt.s	f14,f28	 f28:0x00000000 f14=0x00000000
     154785.000 ns	     15477	80003580	28de0553	fmin.s	f10,f28,f13	 f28:0x00000000 f13:0x4e36bc00 f10=0x00000000
     154805.000 ns	     15479	80003584	003e5c13	srli	x24,x28,0x3	 x28:0x0e392982 x24=0x01c72530
     155165.000 ns	     15515	80003588	039fd133	divu	x2,x31,x25	 x31:0x00000000 x25:0x0e392982  x2=0x00000000
     155195.000 ns	     15518	8000358c	d01116d3	fcvt.s.wu	f13,x2	  x2:0x00000001 f13=0x00000000
     155225.000 ns	     15521	80003590	a1851fd3	flt.s	x31,f10,f24	 f10:0x00000000 f24:0x7f800000 x31=0x00000001
     155245.000 ns	     15523	80003594	418fddb3	sra	x27,x31,x24	 x31:0x00000000 x24:0x01c72530 x27=0x00000000
     155255.000 ns	     15524	80003598	cc8ee4b7	lui	x9,0xcc8ee	  x9=0xcc8ee000
     155275.000 ns	     15526	8000359c	a0e12953	feq.s	x18,f2,f14	  f2:0x80000000 f14:0x00000000 x18=0x00000001
     155325.000 ns	     15531	800035a0	087affd3	fsub.s	f31,f21,f7	 f21:0x7fc00000  f7:0x7fc00000 f31=0x7fc00000
     155355.000 ns	     15534	800035a4	029a33b3	mulhu	x7,x20,x9	 x20:0x00000000  x9:0xcc8ee000  x7=0x00000000
     155375.000 ns	     15536	800035a8	001091b3	sll	x3,x1,x1	  x1:0xffffff4d  x1:0xffffff4d  x3=0xffe9a000
     155395.000 ns	     15538	800035ac	d01df353	fcvt.s.wu	f6,x27	 x27:0x00000000  f6=0x00000000
     155415.000 ns	     15540	800035b0	01beae33	slt	x28,x29,x27	 x29:0x00000000 x27:0x00000000 x28=0x00000000
     155425.000 ns	     15541	800035b4	41fb5ab3	sra	x21,x22,x31	 x22:0x00000000 x31:0x00000001 x21=0x00000000
     155435.000 ns	     15542	800035b8	01cdd693	srli	x13,x27,0x1c	 x27:0x00000000 x13=0x00000000
     155455.000 ns	     15544	800035bc	c018cf53	fcvt.wu.s	x30,f17	 f17:0x7fc00000 x30=0xffffffff
     155485.000 ns	     15547	800035c0	e00c1ed3	fclass.s	x29,f24	 f24:0x7f800000 x29=0x00000080
     155505.000 ns	     15549	800035c4	01223b33	sltu	x22,x4,x18	  x4:0x00001fff x18:0x00000001 x22=0x00000000
     155525.000 ns	     15551	800035c8	a0220dd3	fle.s	x27,f4,f2	  f4:0x7fc00000  f2:0x80000000 x27=0x00000000
     155545.000 ns	     15553	800035cc	01b65033	srl	x0,x12,x27	 x12:0x00000000 x27:0x00000000
     155555.000 ns	     15554	800035d0	0040ac33	slt	x24,x1,x4	  x1:0xffffff4d  x4:0x00001fff x24=0x00000001
     155565.000 ns	     15555	800035d4	daa6bd13	sltiu	x26,x13,-598	 x13:0x00000000 x26=0x00000001
     155595.000 ns	     15558	800035d8	181efa53	fdiv.s	f20,f29,f1	 f29:0x00000000  f1:0x80040fe4 f20=0x80000000
     155625.000 ns	     15561	800035dc	02d3c133	div	x2,x7,x13	  x7:0x00000000 x13:0x00000000  x2=0xffffffff
     155645.000 ns	     15563	800035e0	6ec17817	auipc	x16,0x6ec17	 x16=0xeec1a5e0
     155665.000 ns	     15565	800035e4	e00f9653	fclass.s	x12,f31	 f31:0x7fc00000 x12=0x00000200
     155685.000 ns	     15567	800035e8	d77d0613	addi	x12,x26,-649	 x26:0x00000001 x12=0xfffffd78
     155715.000 ns	     15570	800035ec	580cf053	fsqrt.s	f0,f25	 f25:0x00000000  f0=0x00000000
     155735.000 ns	     15572	800035f0	e6596f13	ori	x30,x18,-411	 x18:0x00000001 x30=0xfffffe65
     155755.000 ns	     15574	800035f4	21800ed3	fsgnj.s	f29,f0,f24	  f0:0x00000000 f24:0x7f800000 f29=0x00000000
     155785.000 ns	     15577	800035f8	d0001e53	fcvt.s.w	f28,x0	  x0:0x00000000 f28=0x00000000
     155805.000 ns	     15579	800035fc	90532d13	slti	x26,x6,-1787	  x6:0x80041024 x26=0x00000001
     155825.000 ns	     15581	80003600	a1ee0d53	fle.s	x26,f28,f30	 f28:0x00000000 f30:0x7fc00000 x26=0x00000000
     155845.000 ns	     15583	80003604	a9d59597	auipc	x11,0xa9d59	 x11=0x29d5c604
     155865.000 ns	     15585	80003608	e00f8153	fmv.x.w	x2,f31	 f31:0x7fc00000  x2=0x7fc00000
     155895.000 ns	     15588	8000360c	d00e7553	fcvt.s.w	f10,x28	 x28:0x00000000 f10=0x00000000
     155945.000 ns	     15593	80003610	095aa653	fsub.s	f12,f21,f21	 f21:0x7fc00000 f21:0x7fc00000 f12=0x7fc00000
     155965.000 ns	     15595	80003614	00000013	addi	x0,x0,0	  x0:0x00000000
     155985.000 ns	     15597	80003618	29118153	fmin.s	f2,f3,f17	  f3:0x00000000 f17:0x7fc00000  f2=0x00000000
     156005.000 ns	     15599	8000361c	8d792eb7	lui	x29,0x8d792	 x29=0x8d792000
     156015.000 ns	     15600	80003620	4170d293	srai	x5,x1,0x17	  x1:0xffffff4d  x5=0xffffffff
     156025.000 ns	     15601	80003624	41890d33	sub	x26,x18,x24	 x18:0x00000001 x24:0x00000001 x26=0x00000000
     156045.000 ns	     15603	80003628	e0028e53	fmv.x.w	x28,f5	  f5:0xbf800000 x28=0xbf800000
     156075.000 ns	     15606	8000362c	212105d3	fsgnj.s	f11,f2,f18	  f2:0x00000000 f18:0x7fc00000 f11=0x00000000
     156445.000 ns	     15643	80003630	038efbb3	remu	x23,x29,x24	 x29:0x8d792000 x24:0x00000001 x23=0x00000000
     156465.000 ns	     15645	80003634	0172c033	xor	x0,x5,x23	  x5:0xffffffff x23:0x000000e2
     156495.000 ns	     15648	80003638	18f925d3	fdiv.s	f11,f18,f15	 f18:0x7fc00000 f15:0x00000000 f11=0x7fc00000
     156525.000 ns	     15651	8000363c	f00c0253	fmv.w.x	f4,x24	 x24:0x00000001  f4=0x00000001
     156575.000 ns	     15656	80003640	00934f53	fadd.s	f30,f6,f9	  f6:0x00000000  f9:0xce36bc00 f30=0xce36bc00
     156605.000 ns	     15659	80003644	03c53133	mulhu	x2,x10,x28	 x10:0x80041024 x28:0xbf800000  x2=0x5fc30a12
     156625.000 ns	     15661	80003648	01685e33	srl	x28,x16,x22	 x16:0xeec1a5e0 x22:0x00000000 x28=0xeec1a5e0
     156635.000 ns	     15662	8000364c	00078d33	add	x26,x15,x0	 x15:0x80040fe4  x0:0x00000000 x26=0x80040fe4
     156995.000 ns	     15698	80003650	03d8f533	remu	x10,x17,x29	 x17:0x00000000 x29:0x8d792000 x10=0x00000000
     157015.000 ns	     15700	80003654	0075b4b3	sltu	x9,x11,x7	 x11:0x29d5c604  x7:0x00000000  x9=0x00000000
     157025.000 ns	     15701	80003658	be01fb13	andi	x22,x3,-1056	  x3:0xffe9a000 x22=0xffe9a000
     157045.000 ns	     15703	8000365c	e0051853	fclass.s	x16,f10	 f10:0x00000000 x16=0x00000010
     157065.000 ns	     15705	80003660	21e0c697	auipc	x13,0x21e0c	 x13=0xa1e0f660
     157085.000 ns	     15707	80003664	031773b3	remu	x7,x14,x17	 x14:0xffffffff x17:0x00000000  x7=0xffffffff
     157115.000 ns	     15710	80003668	21eda7d3	fsgnjx.s	f15,f27,f30	 f27:0x00000000 f30:0xce36bc00 f15=0x80000000
     157145.000 ns	     15713	8000366c	c014c253	fcvt.wu.s	x4,f9	  f9:0xce36bc00  x4=0x2daf0000
     157175.000 ns	     15716	80003670	e00e1ed3	fclass.s	x29,f28	 f28:0x00000000 x29=0x00000010
     157215.000 ns	     15720	80003674	182a7b53	fdiv.s	f22,f20,f2	 f20:0x80000000  f2:0x00000000 f22=0x7fc00000
     157245.000 ns	     15723	80003678	02412bb3	mulhsu	x23,x2,x4	  x2:0x5fc30a12  x4:0x2daf0000 x23=0x1116bf19
     157265.000 ns	     15725	8000367c	01baefb3	or	x31,x21,x27	 x21:0x00000000 x27:0x00000000 x31=0x00000000
     157275.000 ns	     15726	80003680	2e0bc917	auipc	x18,0x2e0bc	 x18=0xae0bf680
     157285.000 ns	     15727	80003684	4012dd13	srai	x26,x5,0x1	  x5:0xffffffff x26=0xffffffff
     157295.000 ns	     15728	80003688	413f88b3	sub	x17,x31,x19	 x31:0x00000000 x19:0xfa446538 x17=0x05bb9ac8
     157315.000 ns	     15730	8000368c	20430fd3	fsgnj.s	f31,f6,f4	  f6:0x00000000  f4:0x00000001 f31=0x00000000
     157345.000 ns	     15733	80003690	d00da853	fcvt.s.w	f16,x27	 x27:0x00000000 f16=0x00000000
     157715.000 ns	     15770	80003694	02107a33	remu	x20,x0,x1	  x0:0x00000000  x1:0xffffff4d x20=0x00000000
     157745.000 ns	     15773	80003698	03c81ab3	mulh	x21,x16,x28	 x16:0x00000010 x28:0xeec1a5e0 x21=0xfffffffe
     158115.000 ns	     15810	8000369c	039064b3	rem	x9,x0,x25	  x0:0x00000000 x25:0x0e392982  x9=0x00000000
     158145.000 ns	     15813	800036a0	d0052ed3	fcvt.s.w	f29,x10	 x10:0x00000000 f29=0x00000000
     158515.000 ns	     15850	800036a4	02c1e933	rem	x18,x3,x12	  x3:0xffe9a000 x12:0xfffffd78 x18=0xfffffdb0
     158535.000 ns	     15852	800036a8	011d2f33	slt	x30,x26,x17	 x26:0xffffffff x17:0x05bb9ac8 x30=0x00000001
     158555.000 ns	     15854	800036ac	02047133	remu	x2,x8,x0	  x8:0x7ffbefdb  x0:0x00000000  x2=0x7ffbefdb
     158585.000 ns	     15857	800036b0	e00909d3	fmv.x.w	x19,f18	 f18:0x7fc00000 x19=0x7fc00000
     158615.000 ns	     15860	800036b4	02641a33	mulh	x20,x8,x6	  x8:0x7ffbefdb  x6:0x80041024 x20=0xc0041013
     158645.000 ns	     15863	800036b8	e0070b53	fmv.x.w	x22,f14	 f14:0x00000000 x22=0x00000000
     158675.000 ns	     15866	800036bc	023d9833	mulh	x16,x27,x3	 x27:0x00000000  x3:0xffe9a000 x16=0x00000000
     158705.000 ns	     15869	800036c0	f00b05d3	fmv.w.x	f11,x22	 x22:0x00000000 f11=0x00000000
     158735.000 ns	     15872	800036c4	29780dd3	fmin.s	f27,f16,f23	 f16:0x00000000 f23:0x00000000 f27=0x00000000
     158755.000 ns	     15874	800036c8	4136d2b3	sra	x5,x13,x19	 x13:0xa1e0f660 x19:0x7fc00000  x5=0xa1e0f660
     158765.000 ns	     15875	800036cc	00ca0a33	add	x20,x20,x12	 x20:0xc0041013 x12:0xfffffd78 x20=0xc0040d8b
     158775.000 ns	     15876	800036d0	00000013	addi	x0,x0,0	  x0:0x00000000
     158785.000 ns	     15877	800036d4	005d49b3	xor	x19,x26,x5	 x26:0xffffffff  x5:0xa1e0f660 x19=0x5e1f099f
     158805.000 ns	     15879	800036d8	d0157053	fcvt.s.wu	f0,x10	 x10:0x00000000  f0=0x00000000
     158835.000 ns	     15882	800036dc	c002f053	fcvt.w.s	x0,f5	  f5:0xbf800000
     158865.000 ns	     15885	800036e0	03f3ed33	rem	x26,x7,x31	  x7:0xffffffff x31:0x00000000 x26=0xffffffff
     158895.000 ns	     15888	800036e4	03a90933	mul	x18,x18,x26	 x18:0xfffffdb0 x26:0xffffffff x18=0x00000250
     158925.000 ns	     15891	800036e8	029d7b33	remu	x22,x26,x9	 x26:0xffffffff  x9:0x00000000 x22=0xffffffff
     158955.000 ns	     15894	800036ec	f00a05d3	fmv.w.x	f11,x20	 x20:0xc0040d8b f11=0xc0040d8b
     159005.000 ns	     15899	800036f0	0009fdd3	fadd.s	f27,f19,f0	 f19:0xbf800000  f0:0x00000000 f27=0xbf800000
     159035.000 ns	     15902	800036f4	a0218a53	fle.s	x20,f3,f2	  f3:0x00000000  f2:0x00000000 x20=0x00000001
     159065.000 ns	     15905	800036f8	03f5bc33	mulhu	x24,x11,x31	 x11:0x29d5c604 x31:0x00000000 x24=0x00000000
     159095.000 ns	     15908	800036fc	d01c41d3	fcvt.s.wu	f3,x24	 x24:0x00000001  f3=0x00000000
     159125.000 ns	     15911	80003700	0216b833	mulhu	x16,x13,x1	 x13:0xa1e0f660  x1:0xffffff4d x16=0xa1e0f5ee
     159155.000 ns	     15914	80003704	03b015b3	mulh	x11,x0,x27	  x0:0x00000000 x27:0x00000000 x11=0x00000000
     159195.000 ns	     15918	80003708	11880453	fmul.s	f8,f16,f24	 f16:0x00000000 f24:0x7f800000  f8=0x7fc00000
     159565.000 ns	     15955	8000370c	02425a33	divu	x20,x4,x4	  x4:0x2daf0000  x4:0x2daf0000 x20=0x00000001
     159585.000 ns	     15957	80003710	0194f433	and	x8,x9,x25	  x9:0x00000000 x25:0x0e392982  x8=0x00000000
     159605.000 ns	     15959	80003714	0254a833	mulhsu	x16,x9,x5	  x9:0x00000000  x5:0xa1e0f660 x16=0x00000000
     159635.000 ns	     15962	80003718	a05799d3	flt.s	x19,f15,f5	 f15:0x80000000  f5:0xbf800000 x19=0x00000000
     159655.000 ns	     15964	8000371c	4109d893	srai	x17,x19,0x10	 x19:0x5e1f099f x17=0x00000000
     159675.000 ns	     15966	80003720	031c21b3	mulhsu	x3,x24,x17	 x24:0x00000000 x17:0x05bb9ac8  x3=0x00000000
     159705.000 ns	     15969	80003724	20671dd3	fsgnjn.s	f27,f14,f6	 f14:0x00000000  f6:0x00000000 f27=0x80000000
     159725.000 ns	     15971	80003728	0098d213	srli	x4,x17,0x9	 x17:0x00000000  x4=0x00000000
     159735.000 ns	     15972	8000372c	01d4beb3	sltu	x29,x9,x29	  x9:0x00000000 x29:0x00000010 x29=0x00000001
     159755.000 ns	     15974	80003730	219119d3	fsgnjn.s	f19,f2,f25	  f2:0x00000000 f25:0x00000000 f19=0x80000000
     159785.000 ns	     15977	80003734	e00315d3	fclass.s	x11,f6	  f6:0x00000000 x11=0x00000010
     159815.000 ns	     15980	80003738	d0097453	fcvt.s.w	f8,x18	 x18:0x00000250  f8=0x44140000
     160185.000 ns	     16017	8000373c	03a4d133	divu	x2,x9,x26	  x9:0x00000000 x26:0xffffffff  x2=0x00000000
     160225.000 ns	     16021	80003740	580af1d3	fsqrt.s	f3,f21	 f21:0x7fc00000  f3=0x7fc00000
     160245.000 ns	     16023	80003744	b87e4393	xori	x7,x28,-1145	 x28:0xeec1a5e0  x7=0x113e5e67
     160255.000 ns	     16024	80003748	00000013	addi	x0,x0,0	  x0:0x00000000
     160265.000 ns	     16025	8000374c	80cb0293	addi	x5,x22,-2036	 x22:0xffffffff  x5=0xfffff80b
     160275.000 ns	     16026	80003750	401dddb3	sra	x27,x27,x1	 x27:0x00000000  x1:0xffffff4d x27=0x00000000
     160315.000 ns	     16030	80003754	09117bd3	fsub.s	f23,f2,f17	  f2:0x00000000 f17:0x7fc00000 f23=0x7fc00000
     160335.000 ns	     16032	80003758	2eff0837	lui	x16,0x2eff0	 x16=0x2eff0000
     160355.000 ns	     16034	8000375c	290a88d3	fmin.s	f17,f21,f16	 f21:0x7fc00000 f16:0x00000000 f17=0x00000000
     160375.000 ns	     16036	80003760	01619b13	slli	x22,x3,0x16	  x3:0x00000000 x22=0x00000000
     160385.000 ns	     16037	80003764	6d2d3037	lui	x0,0x6d2d3	
     160415.000 ns	     16040	80003768	19cba953	fdiv.s	f18,f23,f28	 f23:0x7fc00000 f28:0x00000000 f18=0x7fc00000
     160435.000 ns	     16042	8000376c	40e80ab3	sub	x21,x16,x14	 x16:0x2eff0000 x14:0xffffffff x21=0x2eff0001
     160455.000 ns	     16044	80003770	a0b301d3	fle.s	x3,f6,f11	  f6:0x00000000 f11:0xc0040d8b  x3=0x00000000
     160485.000 ns	     16047	80003774	e00090d3	fclass.s	x1,f1	  f1:0x80040fe4  x1=0x00000004
     160515.000 ns	     16050	80003778	c00d7253	fcvt.w.s	x4,f26	 f26:0x80000000  x4=0x00000000
     160565.000 ns	     16055	8000377c	08eefd53	fsub.s	f26,f29,f14	 f29:0x00000000 f14:0x00000000 f26=0x80000000
     160595.000 ns	     16058	80003780	d0100853	fcvt.s.wu	f16,x0	  x0:0x00000000 f16=0x00000000
     160615.000 ns	     16060	80003784	0180ceb3	xor	x29,x1,x24	  x1:0x00000004 x24:0x00000000 x29=0x00000004
     160625.000 ns	     16061	80003788	40295933	sra	x18,x18,x2	 x18:0x00000250  x2:0x00000000 x18=0x00000250
     160645.000 ns	     16063	8000378c	02fc95b3	mulh	x11,x25,x15	 x25:0x0e392982 x15:0x80040fe4 x11=0xf8e3a505
     160665.000 ns	     16065	80003790	e9cacf37	lui	x30,0xe9cac	 x30=0xe9cac000
     160695.000 ns	     16068	80003794	58053d53	fsqrt.s	f26,f10	 f10:0x00000000 f26=0x00000000
     160715.000 ns	     16070	80003798	1e1eb913	sltiu	x18,x29,481	 x29:0x00000004 x18=0x00000001
     160725.000 ns	     16071	8000379c	eb9a6213	ori	x4,x20,-327	 x20:0x00000001  x4=0xfffffeb9
     160745.000 ns	     16073	800037a0	c00979d3	fcvt.w.s	x19,f18	 f18:0x7fc00000 x19=0x7fffffff
     160775.000 ns	     16076	800037a4	d012c253	fcvt.s.wu	f4,x5	  x5:0xfffff80b  f4=0x4f7ffff8
     160795.000 ns	     16078	800037a8	4879a213	slti	x4,x19,1159	 x19:0x7fffffff  x4=0x00000000
     160805.000 ns	     16079	800037ac	41335b93	srai	x23,x6,0x13	  x6:0x80041024 x23=0xfffff000
     160815.000 ns	     16080	800037b0	d059a037	lui	x0,0xd059a	
     160835.000 ns	     16082	800037b4	d0047553	fcvt.s.w	f10,x8	  x8:0x00000000 f10=0x00000000
     160885.000 ns	     16087	800037b8	080a8153	fsub.s	f2,f21,f0	 f21:0x7fc00000  f0:0x00000000  f2=0x7fc00000
     160915.000 ns	     16090	800037bc	a0a12d53	feq.s	x26,f2,f10	  f2:0x00000000 f10:0x00000000 x26=0x00000000
     160935.000 ns	     16092	800037c0	019b6f93	ori	x31,x22,25	 x22:0x00000000 x31=0x00000019
     160945.000 ns	     16093	800037c4	b00aa493	slti	x9,x21,-1280	 x21:0x2eff0001  x9=0x00000000
     161305.000 ns	     16129	800037c8	02fe5733	divu	x14,x28,x15	 x28:0xeec1a5e0 x15:0x80040fe4 x14=0x00000001
     161335.000 ns	     16132	800037cc	218f18d3	fsgnjn.s	f17,f30,f24	 f30:0xce36bc00 f24:0x7f800000 f17=0xce36bc00
     161355.000 ns	     16134	800037d0	004062b3	or	x5,x0,x4	  x0:0x00000000  x4:0x00000000  x5=0x00000000
     161365.000 ns	     16135	800037d4	682c88b7	lui	x17,0x682c8	 x17=0x682c8000
     161385.000 ns	     16137	800037d8	c0163b53	fcvt.wu.s	x22,f12	 f12:0x7fc00000 x22=0xffffffff
     161415.000 ns	     16140	800037dc	030523b3	mulhsu	x7,x10,x16	 x10:0x00000000 x16:0x2eff0000  x7=0x00000000
     161445.000 ns	     16143	800037e0	d00092d3	fcvt.s.w	f5,x1	  x1:0x00000004  f5=0x40800000
     161465.000 ns	     16145	800037e4	7144aa13	slti	x20,x9,1812	  x9:0x00000000 x20=0x00000001
     161475.000 ns	     16146	800037e8	011003b3	add	x7,x0,x17	  x0:0x00000000 x17:0x682c8000  x7=0x682c8000
     161495.000 ns	     16148	800037ec	e00796d3	fclass.s	x13,f15	 f15:0x80000000 x13=0x00000008
     161515.000 ns	     16150	800037f0	8d02b613	sltiu	x12,x5,-1840	  x5:0x00000000 x12=0x00000001
     161525.000 ns	     16151	800037f4	0091b433	sltu	x8,x3,x9	  x3:0x00000000  x9:0x00000000  x8=0x00000000
     161545.000 ns	     16153	800037f8	d00b9853	fcvt.s.w	f16,x23	 x23:0xfffff000 f16=0xc5800000
     161595.000 ns	     16158	800037fc	005890d3	fadd.s	f1,f17,f5	 f17:0xce36bc00  f5:0x40800000  f1=0xce36bbff
     161625.000 ns	     16161	80003800	212300d3	fsgnj.s	f1,f6,f18	  f6:0x00000000 f18:0x7fc00000  f1=0x00000000
     161645.000 ns	     16163	80003804	4045dd33	sra	x26,x11,x4	 x11:0xf8e3a505  x4:0x00000000 x26=0xf8e3a505
     161665.000 ns	     16165	80003808	c0131953	fcvt.wu.s	x18,f6	  f6:0x00000000 x18=0x00000000
     161685.000 ns	     16167	8000380c	0eabb213	sltiu	x4,x23,234	 x23:0xfffff000  x4=0x00000000
     161705.000 ns	     16169	80003810	e0011653	fclass.s	x12,f2	  f2:0x7fc00000 x12=0x00000200
     161735.000 ns	     16172	80003814	02d73eb3	mulhu	x29,x14,x13	 x14:0x00000001 x13:0x00000008 x29=0x00000000
     161755.000 ns	     16174	80003818	4035d3b3	sra	x7,x11,x3	 x11:0xf8e3a505  x3:0x00000000  x7=0xf8e3a505
     161765.000 ns	     16175	8000381c	008e1493	slli	x9,x28,0x8	 x28:0xeec1a5e0  x9=0xc1a5e000
     161785.000 ns	     16177	80003820	28bd0ad3	fmin.s	f21,f26,f11	 f26:0x00000000 f11:0xc0040d8b f21=0xc0040d8b
     161815.000 ns	     16180	80003824	035986b3	mul	x13,x19,x21	 x19:0x7fffffff x21:0x2eff0001 x13=0x5100ffff
     161835.000 ns	     16182	80003828	41715613	srai	x12,x2,0x17	  x2:0x00000000 x12=0x00000000
     161855.000 ns	     16184	8000382c	d01741d3	fcvt.s.wu	f3,x14	 x14:0x00000001  f3=0x3f800000
     161905.000 ns	     16189	80003830	00814d53	fadd.s	f26,f2,f8	  f2:0x7fc00000  f8:0x44140000 f26=0x7fc00000
     161945.000 ns	     16193	80003834	11caf3d3	fmul.s	f7,f21,f28	 f21:0xc0040d8b f28:0x00000000  f7=0x80000000
     161975.000 ns	     16196	80003838	282b15d3	fmax.s	f11,f22,f2	 f22:0x7fc00000  f2:0x7fc00000 f11=0x7fc00000
     162005.000 ns	     16199	8000383c	02c2fbb3	remu	x23,x5,x12	  x5:0x00000000 x12:0x00000000 x23=0x00000000
     162025.000 ns	     16201	80003840	004d3533	sltu	x10,x26,x4	 x26:0xf8e3a505  x4:0x00000000 x10=0x00000000
     162045.000 ns	     16203	80003844	28271cd3	fmax.s	f25,f14,f2	 f14:0x00000000  f2:0x7fc00000 f25=0x00000000
     162075.000 ns	     16206	80003848	035e06b3	mul	x13,x28,x21	 x28:0xeec1a5e0 x21:0x2eff0001 x13=0x68e1a5e0
     162095.000 ns	     16208	8000384c	00000013	addi	x0,x0,0	  x0:0x00000000
     162105.000 ns	     16209	80003850	aa482093	slti	x1,x16,-1372	 x16:0x2eff0000  x1=0x00000000
     162115.000 ns	     16210	80003854	412b00b3	sub	x1,x22,x18	 x22:0xffffffff x18:0x00000000  x1=0xffffffff
     162145.000 ns	     16213	80003858	1998f453	fdiv.s	f8,f17,f25	 f17:0xce36bc00 f25:0x00000000  f8=0xff800000
     162165.000 ns	     16215	8000385c	00a6aa33	slt	x20,x13,x10	 x13:0x68e1a5e0 x10:0x00000000 x20=0x00000000
     162175.000 ns	     16216	80003860	406bdc33	sra	x24,x23,x6	 x23:0x00000000  x6:0x80041024 x24=0x00000000
     162195.000 ns	     16218	80003864	021d2133	mulhsu	x2,x26,x1	 x26:0xf8e3a505  x1:0xffffffff  x2=0xf8e3a505
     162215.000 ns	     16220	80003868	00727db3	and	x27,x4,x7	  x4:0x00000000  x7:0xf8e3a505 x27=0x00000000
     162235.000 ns	     16222	8000386c	d00243d3	fcvt.s.w	f7,x4	  x4:0x00000000  f7=0x00000000
     162255.000 ns	     16224	80003870	00000013	addi	x0,x0,0	  x0:0x00000000
     162285.000 ns	     16227	80003874	580dafd3	fsqrt.s	f31,f27	 f27:0x80000000 f31=0x80000000
     162305.000 ns	     16229	80003878	00805093	srli	x1,x0,0x8	  x0:0x00000000  x1=0x00000000
     162335.000 ns	     16232	8000387c	5808f2d3	fsqrt.s	f5,f17	 f17:0xce36bc00  f5=0x7fc00000
     162375.000 ns	     16236	80003880	58012c53	fsqrt.s	f24,f2	  f2:0x7fc00000 f24=0x7fc00000
     162405.000 ns	     16239	80003884	e0089553	fclass.s	x10,f17	 f17:0xce36bc00 x10=0x00000002
     162425.000 ns	     16241	80003888	01815a33	srl	x20,x2,x24	  x2:0xf8e3a505 x24:0x00000000 x20=0xf8e3a505
     162435.000 ns	     16242	8000388c	3a598b93	addi	x23,x19,933	 x19:0x7fffffff x23=0x800003a4
     162445.000 ns	     16243	80003890	009edf13	srli	x30,x29,0x9	 x29:0x00000000 x30=0x00000000
     162455.000 ns	     16244	80003894	40908833	sub	x16,x1,x9	  x1:0x00000000  x9:0xc1a5e000 x16=0x3e5a2000
     162465.000 ns	     16245	80003898	8be82d13	slti	x26,x16,-1858	 x16:0x2eff0000 x26=0x00000000
     162485.000 ns	     16247	8000389c	e00898d3	fclass.s	x17,f17	 f17:0xce36bc00 x17=0x00000002
     162505.000 ns	     16249	800038a0	84908393	addi	x7,x1,-1975	  x1:0x00000000  x7=0xfffff849
     162525.000 ns	     16251	800038a4	03c3a533	mulhsu	x10,x7,x28	  x7:0xf8e3a505 x28:0xeec1a5e0 x10=0xfffff8ce
     162545.000 ns	     16253	800038a8	bf557d97	auipc	x27,0xbf557	 x27=0x3f55a8a8
     162905.000 ns	     16289	800038ac	0307e0b3	rem	x1,x15,x16	 x15:0x80040fe4 x16:0x3e5a2000  x1=0xfcb84fe4
     162935.000 ns	     16292	800038b0	022e8433	mul	x8,x29,x2	 x29:0x00000000  x2:0xf8e3a505  x8=0x00000000
     162955.000 ns	     16294	800038b4	f2386d97	auipc	x27,0xf2386	 x27=0x723898b4
     162965.000 ns	     16295	800038b8	4151df13	srai	x30,x3,0x15	  x3:0x00000000 x30=0x00000000
     162985.000 ns	     16297	800038bc	e0049fd3	fclass.s	x31,f9	  f9:0xce36bc00 x31=0x00000002
     163005.000 ns	     16299	800038c0	d1d68b93	addi	x23,x13,-739	 x13:0x68e1a5e0 x23=0x68e1a2fd
     163035.000 ns	     16302	800038c4	10217653	fmul.s	f12,f2,f2	  f2:0x7fc00000  f2:0x7fc00000 f12=0x7fc00000
     163065.000 ns	     16305	800038c8	d0054153	fcvt.s.w	f2,x10	 x10:0xfffff8ce  f2=0xc4e64000
     163085.000 ns	     16307	800038cc	91935e37	lui	x28,0x91935	 x28=0x91935000
     163095.000 ns	     16308	800038d0	b69f6493	ori	x9,x30,-1175	 x30:0x00000000  x9=0xfffffb69
     163115.000 ns	     16310	800038d4	f00a8fd3	fmv.w.x	f31,x21	 x21:0x2eff0001 f31=0x2eff0001
     163145.000 ns	     16313	800038d8	a0a5a453	feq.s	x8,f11,f10	 f11:0x7fc00000 f10:0x00000000  x8=0x00000000
     163165.000 ns	     16315	800038dc	0093db93	srli	x23,x7,0x9	  x7:0xfffff849 x23=0x007ffffc
     163185.000 ns	     16317	800038e0	c00823d3	fcvt.w.s	x7,f16	 f16:0xc5800000  x7=0xfffff000
     163235.000 ns	     16322	800038e4	09afa5d3	fsub.s	f11,f31,f26	 f31:0x2eff0001 f26:0x7fc00000 f11=0x7fc00000
     163255.000 ns	     16324	800038e8	003a9633	sll	x12,x21,x3	 x21:0x2eff0001  x3:0x00000000 x12=0x2eff0001
     163265.000 ns	     16325	800038ec	01179b93	slli	x23,x15,0x11	 x15:0x80040fe4 x23=0x1fc80000
     163275.000 ns	     16326	800038f0	0106c433	xor	x8,x13,x16	 x13:0x68e1a5e0 x16:0x3e5a2000  x8=0x56bb85e0
     163285.000 ns	     16327	800038f4	01a6ab33	slt	x22,x13,x26	 x13:0x68e1a5e0 x26:0x00000000 x22=0x00000000
     163295.000 ns	     16328	800038f8	9504a713	slti	x14,x9,-1712	  x9:0xfffffb69 x14=0x00000000
     163305.000 ns	     16329	800038fc	4064db13	srai	x22,x9,0x6	  x9:0xfffffb69 x22=0xffffffed
     163325.000 ns	     16331	80003900	02a82c33	mulhsu	x24,x16,x10	 x16:0x3e5a2000 x10:0xfffff8ce x24=0x3e5a1e3f
     163345.000 ns	     16333	80003904	00d49113	slli	x2,x9,0xd	  x9:0xfffffb69  x2=0xff6d2000
     163355.000 ns	     16334	80003908	01e469b3	or	x19,x8,x30	  x8:0x56bb85e0 x30:0x00000000 x19=0x56bb85e0
     163365.000 ns	     16335	8000390c	014cf4b3	and	x9,x25,x20	 x25:0x0e392982 x20:0xf8e3a505  x9=0x08212100
     163375.000 ns	     16336	80003910	a4b83093	sltiu	x1,x16,-1461	 x16:0x3e5a2000  x1=0x00000001
     163735.000 ns	     16372	80003914	02204eb3	div	x29,x0,x2	  x0:0x00000000  x2:0xff6d2000 x29=0x00000000
     163765.000 ns	     16375	80003918	02a71433	mulh	x8,x14,x10	 x14:0x00000000 x10:0xfffff8ce  x8=0x00000000
     163785.000 ns	     16377	8000391c	08e6d397	auipc	x7,0x8e6d	  x7=0x88e7091c
     163805.000 ns	     16379	80003920	021199b3	mulh	x19,x3,x1	  x3:0x00000000  x1:0x00000001 x19=0x00000000
     163835.000 ns	     16382	80003924	f00584d3	fmv.w.x	f9,x11	 x11:0xf8e3a505  f9=0xf8e3a505
     163855.000 ns	     16384	80003928	018d5b93	srli	x23,x26,0x18	 x26:0x00000000 x23=0x00000000
     163865.000 ns	     16385	8000392c	01646633	or	x12,x8,x22	  x8:0x00000000 x22:0xffffffed x12=0xffffffed
     163885.000 ns	     16387	80003930	a1ccabd3	feq.s	x23,f25,f28	 f25:0x00000000 f28:0x00000000 x23=0x00000001
     164255.000 ns	     16424	80003934	02facd33	div	x26,x21,x15	 x21:0x2eff0001 x15:0x80040fe4 x26=0x00000000
     164285.000 ns	     16427	80003938	28cd0c53	fmin.s	f24,f26,f12	 f26:0x7fc00000 f12:0x7fc00000 f24=0x7fc00000
     164305.000 ns	     16429	8000393c	400fdf93	srai	x31,x31,0x0	 x31:0x00000002 x31=0x00000002
     164325.000 ns	     16431	80003940	039b29b3	mulhsu	x19,x22,x25	 x22:0xffffffed x25:0x0e392982 x19=0xfffffffe
     164345.000 ns	     16433	80003944	41dd5f33	sra	x30,x26,x29	 x26:0x00000000 x29:0x00000000 x30=0x00000000
     164355.000 ns	     16434	80003948	00000013	addi	x0,x0,0	  x0:0x00000000
     164365.000 ns	     16435	8000394c	010cdb93	srli	x23,x25,0x10	 x25:0x0e392982 x23=0x00000e39
     164725.000 ns	     16471	80003950	02bc70b3	remu	x1,x24,x11	 x24:0x3e5a1e3f x11:0xf8e3a505  x1=0x3e5a1e3f
     164755.000 ns	     16474	80003954	d0007bd3	fcvt.s.w	f23,x0	  x0:0x00000000 f23=0x00000000
     164775.000 ns	     16476	80003958	24b3e4b7	lui	x9,0x24b3e	  x9=0x24b3e000
     164785.000 ns	     16477	8000395c	477f6413	ori	x8,x30,1143	 x30:0x00000000  x8=0x00000477
     164825.000 ns	     16481	80003960	097e3453	fsub.s	f8,f28,f23	 f28:0x00000000 f23:0x00000000  f8=0x80000000
     164845.000 ns	     16483	80003964	00000013	addi	x0,x0,0	  x0:0x00000000
     164885.000 ns	     16487	80003968	08d8cf53	fsub.s	f30,f17,f13	 f17:0xce36bc00 f13:0x00000000 f30=0xce36bc00
     164905.000 ns	     16489	8000396c	407c54b3	sra	x9,x24,x7	 x24:0x3e5a1e3f  x7:0x88e7091c  x9=0x00000003
     164945.000 ns	     16493	80003970	00cb88d3	fadd.s	f17,f23,f12	 f23:0x00000000 f12:0x7fc00000 f17=0x7fc00000
     164965.000 ns	     16495	80003974	00a18bb3	add	x23,x3,x10	  x3:0x00000000 x10:0xfffff8ce x23=0xfffff8ce
     164985.000 ns	     16497	80003978	f00d04d3	fmv.w.x	f9,x26	 x26:0x00000000  f9=0x00000000
     165005.000 ns	     16499	8000397c	01bb7033	and	x0,x22,x27	 x22:0xffffffed x27:0x723898b4
     165015.000 ns	     16500	80003980	00000013	addi	x0,x0,0	  x0:0x00000000
     165025.000 ns	     16501	80003984	01609933	sll	x18,x1,x22	  x1:0x3e5a1e3f x22:0xffffffed x18=0x43c7e000
     165035.000 ns	     16502	80003988	00c44e33	xor	x28,x8,x12	  x8:0x00000477 x12:0xffffffed x28=0xfffffb9a
     165045.000 ns	     16503	8000398c	65400d13	addi	x26,x0,1620	  x0:0x00000000 x26=0x00000654
     165055.000 ns	     16504	80003990	48066e13	ori	x28,x12,1152	 x12:0xffffffed x28=0xffffffed
     165065.000 ns	     16505	80003994	68650393	addi	x7,x10,1670	 x10:0xfffff8ce  x7=0xffffff54
     165085.000 ns	     16507	80003998	020f16b3	mulh	x13,x30,x0	 x30:0x00000000  x0:0x00000000 x13=0x00000000
     165115.000 ns	     16510	8000399c	288084d3	fmin.s	f9,f1,f8	  f1:0x00000000  f8:0x80000000  f9=0x80000000
     165145.000 ns	     16513	800039a0	d0157253	fcvt.s.wu	f4,x10	 x10:0xfffff8ce  f4=0x4f7ffff8
     165165.000 ns	     16515	800039a4	33742913	slti	x18,x8,823	  x8:0x00000477 x18=0x00000000
     165195.000 ns	     16518	800039a8	19aa1cd3	fdiv.s	f25,f20,f26	 f20:0x80000000 f26:0x7fc00000 f25=0x7fc00000
     165225.000 ns	     16521	800039ac	d01344d3	fcvt.s.wu	f9,x6	  x6:0x80041024  f9=0x4f000410
     165245.000 ns	     16523	800039b0	010c1933	sll	x18,x24,x16	 x24:0x3e5a1e3f x16:0x3e5a2000 x18=0x3e5a1e3f
     165265.000 ns	     16525	800039b4	f0068153	fmv.w.x	f2,x13	 x13:0x00000000  f2=0x00000000
     165295.000 ns	     16528	800039b8	e0041053	fclass.s	x0,f8	  f8:0x80000000
     165315.000 ns	     16530	800039bc	a45ef893	andi	x17,x29,-1467	 x29:0x00000000 x17=0x00000000
     165675.000 ns	     16566	800039c0	03475b33	divu	x22,x14,x20	 x14:0x00000000 x20:0xf8e3a505 x22=0x00000000
     165695.000 ns	     16568	800039c4	0121c8b3	xor	x17,x3,x18	  x3:0x00000000 x18:0x3e5a1e3f x17=0x3e5a1e3f
     165705.000 ns	     16569	800039c8	57ff4c13	xori	x24,x30,1407	 x30:0x00000000 x24=0x0000057f
     165725.000 ns	     16571	800039cc	a0652ed3	feq.s	x29,f10,f6	 f10:0x00000000  f6:0x00000000 x29=0x00000001
     165755.000 ns	     16574	800039d0	029f3f33	mulhu	x30,x30,x9	 x30:0x00000000  x9:0x00000003 x30=0x00000000
     165785.000 ns	     16577	800039d4	205f21d3	fsgnjx.s	f3,f30,f5	 f30:0xce36bc00  f5:0x7fc00000  f3=0xce36bc00
     165815.000 ns	     16580	800039d8	d01ef153	fcvt.s.wu	f2,x29	 x29:0x00000001  f2=0x3f800000
     165855.000 ns	     16584	800039dc	18c44e53	fdiv.s	f28,f8,f12	  f8:0x80000000 f12:0x7fc00000 f28=0x7fc00000
     165875.000 ns	     16586	800039e0	00000013	addi	x0,x0,0	  x0:0x00000000
     165895.000 ns	     16588	800039e4	d00096d3	fcvt.s.w	f13,x1	  x1:0x3e5a1e3f f13=0x4e796878
     165925.000 ns	     16591	800039e8	287f1ad3	fmax.s	f21,f30,f7	 f30:0xce36bc00  f7:0x00000000 f21=0x00000000
     165945.000 ns	     16593	800039ec	1a3abf93	sltiu	x31,x21,419	 x21:0x2eff0001 x31=0x00000000
     165965.000 ns	     16595	800039f0	026bb6b3	mulhu	x13,x23,x6	 x23:0xfffff8ce  x6:0x80041024 x13=0x80040c8a
     165995.000 ns	     16598	800039f4	20589f53	fsgnjn.s	f30,f17,f5	 f17:0x7fc00000  f5:0x7fc00000 f30=0xffc00000
     166025.000 ns	     16601	800039f8	d007cdd3	fcvt.s.w	f27,x15	 x15:0x80040fe4 f27=0xcefff7e0
     166045.000 ns	     16603	800039fc	41c28bb3	sub	x23,x5,x28	  x5:0x00000000 x28:0xffffffed x23=0x00000013
     166055.000 ns	     16604	80003a00	5bfbe113	ori	x2,x23,1471	 x23:0xfffff8ce  x2=0x000005bf
     166065.000 ns	     16605	80003a04	00b3fbb3	and	x23,x7,x11	  x7:0xffffff54 x11:0xf8e3a505 x23=0xf8e3a504
     166085.000 ns	     16607	80003a08	02384533	div	x10,x16,x3	 x16:0x3e5a2000  x3:0x00000000 x10=0xffffffff
     166115.000 ns	     16610	80003a0c	20381753	fsgnjn.s	f14,f16,f3	 f16:0xc5800000  f3:0xce36bc00 f14=0x45800000
     166135.000 ns	     16612	80003a10	00784093	xori	x1,x16,7	 x16:0x3e5a2000  x1=0x3e5a2007
     166155.000 ns	     16614	80003a14	21a420d3	fsgnjx.s	f1,f8,f26	  f8:0x80000000 f26:0x7fc00000  f1=0x80000000
     166175.000 ns	     16616	80003a18	01f26233	or	x4,x4,x31	  x4:0x00000000 x31:0x00000000  x4=0x00000000
     166535.000 ns	     16652	80003a1c	034b5433	divu	x8,x22,x20	 x22:0x00000000 x20:0xf8e3a505  x8=0x00000000
     166555.000 ns	     16654	80003a20	40555f93	srai	x31,x10,0x5	 x10:0xffffffff x31=0xffffffff
     166915.000 ns	     16690	80003a24	02a75d33	divu	x26,x14,x10	 x14:0x00000000 x10:0xffffffff x26=0x00000000
     166935.000 ns	     16692	80003a28	41408d33	sub	x26,x1,x20	  x1:0x3e5a2007 x20:0xf8e3a505 x26=0x45767b02
     166945.000 ns	     16693	80003a2c	23932693	slti	x13,x6,569	  x6:0x80041024 x13=0x00000001
     166955.000 ns	     16694	80003a30	0055c533	xor	x10,x11,x5	 x11:0xf8e3a505  x5:0x00000000 x10=0xf8e3a505
     166975.000 ns	     16696	80003a34	d0009dd3	fcvt.s.w	f27,x1	  x1:0x3e5a2007 f27=0x4e796880
     167005.000 ns	     16699	80003a38	293c0f53	fmin.s	f30,f24,f19	 f24:0x7fc00000 f19:0x80000000 f30=0x80000000
     167045.000 ns	     16703	80003a3c	107bf2d3	fmul.s	f5,f23,f7	 f23:0x00000000  f7:0x00000000  f5=0x00000000
     167075.000 ns	     16706	80003a40	216402d3	fsgnj.s	f5,f8,f22	  f8:0x80000000 f22:0x7fc00000  f5=0x00000000
     167105.000 ns	     16709	80003a44	e0081653	fclass.s	x12,f16	 f16:0xc5800000 x12=0x00000002
     167135.000 ns	     16712	80003a48	030808b3	mul	x17,x16,x16	 x16:0x3e5a2000 x16:0x3e5a2000 x17=0x84000000
     167155.000 ns	     16714	80003a4c	0194aa33	slt	x20,x9,x25	  x9:0x00000003 x25:0x0e392982 x20=0x00000001
     167165.000 ns	     16715	80003a50	0090dc33	srl	x24,x1,x9	  x1:0x3e5a2007  x9:0x00000003 x24=0x07cb4400
     167185.000 ns	     16717	80003a54	f0010cd3	fmv.w.x	f25,x2	  x2:0x000005bf f25=0x000005bf
     167215.000 ns	     16720	80003a58	a1490953	fle.s	x18,f18,f20	 f18:0x7fc00000 f20:0x80000000 x18=0x00000000
     167235.000 ns	     16722	80003a5c	ce0c8b93	addi	x23,x25,-800	 x25:0x0e392982 x23=0x0e392662
     167255.000 ns	     16724	80003a60	21cd12d3	fsgnjn.s	f5,f26,f28	 f26:0x7fc00000 f28:0x7fc00000  f5=0xffc00000
     167275.000 ns	     16726	80003a64	01a67bb3	and	x23,x12,x26	 x12:0x00000002 x26:0x45767b02 x23=0x00000002
     167295.000 ns	     16728	80003a68	c0151f53	fcvt.wu.s	x30,f10	 f10:0x00000000 x30=0x00000000
     167315.000 ns	     16730	80003a6c	01e71893	slli	x17,x14,0x1e	 x14:0x00000000 x17=0x00000000
     167325.000 ns	     16731	80003a70	00c883b3	add	x7,x17,x12	 x17:0x84000000 x12:0x00000002  x7=0x00000002
     167335.000 ns	     16732	80003a74	091b6e13	ori	x28,x22,145	 x22:0x00000000 x28=0x00000091
     167695.000 ns	     16768	80003a78	03b2edb3	rem	x27,x5,x27	  x5:0x00000000 x27:0x723898b4 x27=0x00000000
     167715.000 ns	     16770	80003a7c	013a4533	xor	x10,x20,x19	 x20:0x00000001 x19:0xfffffffe x10=0xffffffff
     167725.000 ns	     16771	80003a80	00000013	addi	x0,x0,0	  x0:0x00000000
     167745.000 ns	     16773	80003a84	024e2033	mulhsu	x0,x28,x4	 x28:0x00000091  x4:0x00000000
     167775.000 ns	     16776	80003a88	c0172253	fcvt.wu.s	x4,f14	 f14:0x45800000  x4=0x00001000
     167805.000 ns	     16779	80003a8c	0395b633	mulhu	x12,x11,x25	 x11:0xf8e3a505 x25:0x0e392982 x12=0x0dd40610
     167835.000 ns	     16782	80003a90	a0921a53	flt.s	x20,f4,f9	  f4:0x4f7ffff8  f9:0x4f000410 x20=0x00000000
     167865.000 ns	     16785	80003a94	281d92d3	fmax.s	f5,f27,f1	 f27:0x4e796880  f1:0x80000000  f5=0x4e796880
     167885.000 ns	     16787	80003a98	d501af17	auipc	x30,0xd501a	 x30=0x5501da98
     167895.000 ns	     16788	80003a9c	400b5e33	sra	x28,x22,x0	 x22:0x00000000  x0:0x00000000 x28=0x00000000
     167925.000 ns	     16791	80003aa0	19577653	fdiv.s	f12,f14,f21	 f14:0x45800000 f21:0x00000000 f12=0x7f800000
     167955.000 ns	     16794	80003aa4	02662833	mulhsu	x16,x12,x6	 x12:0x0dd40610  x6:0x80041024 x16=0x06ea3b37
     167995.000 ns	     16798	80003aa8	580bc653	fsqrt.s	f12,f23	 f23:0x00000000 f12=0x00000000
     168045.000 ns	     16803	80003aac	089cf053	fsub.s	f0,f25,f9	 f25:0x000005bf  f9:0x4f000410  f0=0xcf000410
     168085.000 ns	     16807	80003ab0	58087ad3	fsqrt.s	f21,f16	 f16:0xc5800000 f21=0x7fc00000
     168455.000 ns	     16844	80003ab4	03ec6d33	rem	x26,x24,x30	 x24:0x07cb4400 x30:0x5501da98 x26=0x07cb4400
     168475.000 ns	     16846	80003ab8	0182ebb3	or	x23,x5,x24	  x5:0x00000000 x24:0x07cb4400 x23=0x07cb4400
     168485.000 ns	     16847	80003abc	29bc8993	addi	x19,x25,667	 x25:0x0e392982 x19=0x0e392c1d
     168495.000 ns	     16848	80003ac0	afc1a813	slti	x16,x3,-1284	  x3:0x00000000 x16=0x00000000
     168505.000 ns	     16849	80003ac4	d470bc13	sltiu	x24,x1,-697	  x1:0x3e5a2007 x24=0x00000001
     168515.000 ns	     16850	80003ac8	2f228d93	addi	x27,x5,754	  x5:0x00000000 x27=0x000002f2
     168535.000 ns	     16852	80003acc	210d97d3	fsgnjn.s	f15,f27,f16	 f27:0x4e796880 f16:0xc5800000 f15=0x4e796880
     168555.000 ns	     16854	80003ad0	09508813	addi	x16,x1,149	  x1:0x3e5a2007 x16=0x3e5a209c
     168565.000 ns	     16855	80003ad4	00000013	addi	x0,x0,0	  x0:0x00000000
     168585.000 ns	     16857	80003ad8	c0078e53	fcvt.w.s	x28,f15	 f15:0x4e796880 x28=0x3e5a2000
     168615.000 ns	     16860	80003adc	d01af3d3	fcvt.s.wu	f7,x21	 x21:0x2eff0001  f7=0x4e3bfc00
     168645.000 ns	     16863	80003ae0	d00f7cd3	fcvt.s.w	f25,x30	 x30:0x5501da98 f25=0x4eaa03b5
     168675.000 ns	     16866	80003ae4	a0bfa0d3	feq.s	x1,f31,f11	 f31:0x2eff0001 f11:0x7fc00000  x1=0x00000000
     168705.000 ns	     16869	80003ae8	f0030dd3	fmv.w.x	f27,x6	  x6:0x80041024 f27=0x80041024
     168725.000 ns	     16871	80003aec	40785393	srai	x7,x16,0x7	 x16:0x3e5a209c  x7=0x007cb441
     168735.000 ns	     16872	80003af0	04a555b7	lui	x11,0x4a55	 x11=0x04a55000
     168755.000 ns	     16874	80003af4	c00efb53	fcvt.w.s	x22,f29	 f29:0x00000000 x22=0x00000000
     169125.000 ns	     16911	80003af8	03c76433	rem	x8,x14,x28	 x14:0x00000000 x28:0x3e5a2000  x8=0x00000000
     169495.000 ns	     16948	80003afc	03dc63b3	rem	x7,x24,x29	 x24:0x00000001 x29:0x00000001  x7=0x00000000
     169515.000 ns	     16950	80003b00	014d9913	slli	x18,x27,0x14	 x27:0x000002f2 x18=0x2f200000
     169525.000 ns	     16951	80003b04	00065933	srl	x18,x12,x0	 x12:0x0dd40610  x0:0x00000000 x18=0x0dd40610
     169535.000 ns	     16952	80003b08	01a4aa33	slt	x20,x9,x26	  x9:0x00000003 x26:0x07cb4400 x20=0x00000001
     169895.000 ns	     16988	80003b0c	03004933	div	x18,x0,x16	  x0:0x00000000 x16:0x3e5a209c x18=0x00000000
     169915.000 ns	     16990	80003b10	00000013	addi	x0,x0,0	  x0:0x00000000
     169935.000 ns	     16992	80003b14	a0080ad3	fle.s	x21,f16,f0	 f16:0xc5800000  f0:0xcf000410 x21=0x00000000
     169965.000 ns	     16995	80003b18	c0031753	fcvt.w.s	x14,f6	  f6:0x00000000 x14=0x00000000
     169995.000 ns	     16998	80003b1c	02cd86b3	mul	x13,x27,x12	 x27:0x000002f2 x12:0x0dd40610 x13=0xba79db20
     170015.000 ns	     17000	80003b20	0084d013	srli	x0,x9,0x8	  x9:0x00000003
     170035.000 ns	     17002	80003b24	f0018b53	fmv.w.x	f22,x3	  x3:0x00000000 f22=0x00000000
     170055.000 ns	     17004	80003b28	01c12bb3	slt	x23,x2,x28	  x2:0x000005bf x28:0x3e5a2000 x23=0x00000001
     170075.000 ns	     17006	80003b2c	c01af4d3	fcvt.wu.s	x9,f21	 f21:0x7fc00000  x9=0xffffffff
     170105.000 ns	     17009	80003b30	a07d2453	feq.s	x8,f26,f7	 f26:0x7fc00000  f7:0x4e3bfc00  x8=0x00000000
     170125.000 ns	     17011	80003b34	31aee293	ori	x5,x29,794	 x29:0x00000001  x5=0x0000031b
     170135.000 ns	     17012	80003b38	95c63993	sltiu	x19,x12,-1700	 x12:0x0dd40610 x19=0x00000001
     170145.000 ns	     17013	80003b3c	40d2d633	sra	x12,x5,x13	  x5:0x00000000 x13:0xba79db20 x12=0x0000031b
     170165.000 ns	     17015	80003b40	d006f253	fcvt.s.w	f4,x13	 x13:0xba79db20  f4=0xce8b0c49
     170195.000 ns	     17018	80003b44	a0338bd3	fle.s	x23,f7,f3	  f7:0x4e3bfc00  f3:0xce36bc00 x23=0x00000000
     170225.000 ns	     17021	80003b48	a1501ad3	flt.s	x21,f0,f21	  f0:0xcf000410 f21:0x7fc00000 x21=0x00000000
     170245.000 ns	     17023	80003b4c	01879693	slli	x13,x15,0x18	 x15:0x80040fe4 x13=0xe4000000
     170265.000 ns	     17025	80003b50	e0058bd3	fmv.x.w	x23,f11	 f11:0x7fc00000 x23=0x7fc00000
     170285.000 ns	     17027	80003b54	40c0d3b3	sra	x7,x1,x12	  x1:0x00000000 x12:0x0000031b  x7=0x00000000
     170315.000 ns	     17030	80003b58	19e87b53	fdiv.s	f22,f16,f30	 f16:0xc5800000 f30:0x80000000 f22=0x7f800000
     170345.000 ns	     17033	80003b5c	a0d80a53	fle.s	x20,f16,f13	 f16:0xc5800000 f13:0x4e796878 x20=0x00000001
     170365.000 ns	     17035	80003b60	73f6cb37	lui	x22,0x73f6c	 x22=0x73f6c000
     170375.000 ns	     17036	80003b64	011899b3	sll	x19,x17,x17	 x17:0x00000000 x17:0x00000000 x19=0x00000000
     170395.000 ns	     17038	80003b68	216d96d3	fsgnjn.s	f13,f27,f22	 f27:0x80041024 f22:0x7f800000 f13=0x80041024
     170425.000 ns	     17041	80003b6c	038ab6b3	mulhu	x13,x21,x24	 x21:0x00000000 x24:0x00000001 x13=0x00000000
     170445.000 ns	     17043	80003b70	01c50a33	add	x20,x10,x28	 x10:0xffffffff x28:0x3e5a2000 x20=0x3e5a1fff
     170455.000 ns	     17044	80003b74	00000013	addi	x0,x0,0	  x0:0x00000000
     170475.000 ns	     17046	80003b78	28678553	fmin.s	f10,f15,f6	 f15:0x4e796880  f6:0x00000000 f10=0x00000000
     170505.000 ns	     17049	80003b7c	02550a33	mul	x20,x10,x5	 x10:0xffffffff  x5:0x0000031b x20=0xfffffce5
     170525.000 ns	     17051	80003b80	001a1733	sll	x14,x20,x1	 x20:0x3e5a1fff  x1:0x00000000 x14=0xfffffce5
     170545.000 ns	     17053	80003b84	f00384d3	fmv.w.x	f9,x7	  x7:0x00000000  f9=0x00000000
     170565.000 ns	     17055	80003b88	012f23b3	slt	x7,x30,x18	 x30:0x5501da98 x18:0x00000000  x7=0x00000000
     170575.000 ns	     17056	80003b8c	00985eb3	srl	x29,x16,x9	 x16:0x3e5a209c  x9:0xffffffff x29=0x00000000
     170595.000 ns	     17058	80003b90	211e09d3	fsgnj.s	f19,f28,f17	 f28:0x7fc00000 f17:0x7fc00000 f19=0x7fc00000
     170615.000 ns	     17060	80003b94	63240e37	lui	x28,0x63240	 x28=0x63240000
     170635.000 ns	     17062	80003b98	d010f9d3	fcvt.s.wu	f19,x1	  x1:0x00000000 f19=0x00000000
     170665.000 ns	     17065	80003b9c	20e3a553	fsgnjx.s	f10,f7,f14	  f7:0x4e3bfc00 f14:0x45800000 f10=0x4e3bfc00
     170695.000 ns	     17068	80003ba0	036710b3	mulh	x1,x14,x22	 x14:0xfffffce5 x22:0x73f6c000  x1=0xfffffe97
     170715.000 ns	     17070	80003ba4	00649733	sll	x14,x9,x6	  x9:0xffffffff  x6:0x80041024 x14=0xfffffff0
     170755.000 ns	     17074	80003ba8	0928f5d3	fsub.s	f11,f17,f18	 f17:0x7fc00000 f18:0x7fc00000 f11=0x7fc00000
     170775.000 ns	     17076	80003bac	9fda91b7	lui	x3,0x9fda9	  x3=0x9fda9000
     170795.000 ns	     17078	80003bb0	a0b91e53	flt.s	x28,f18,f11	 f18:0x7fc00000 f11:0x7fc00000 x28=0x00000000
     170815.000 ns	     17080	80003bb4	41f68c33	sub	x24,x13,x31	 x13:0x00000000 x31:0xffffffff x24=0x00000001
     170835.000 ns	     17082	80003bb8	218ca753	fsgnjx.s	f14,f25,f24	 f25:0x4eaa03b5 f24:0x7fc00000 f14=0x4eaa03b5
     170855.000 ns	     17084	80003bbc	010a8933	add	x18,x21,x16	 x21:0x00000000 x16:0x3e5a209c x18=0x3e5a209c
     171215.000 ns	     17120	80003bc0	02906933	rem	x18,x0,x9	  x0:0x00000000  x9:0xffffffff x18=0x00000000
     171255.000 ns	     17124	80003bc4	580d0ed3	fsqrt.s	f29,f26	 f26:0x7fc00000 f29=0x7fc00000
     171285.000 ns	     17127	80003bc8	d0027853	fcvt.s.w	f16,x4	  x4:0x00001000 f16=0x45800000
     171315.000 ns	     17130	80003bcc	299b8553	fmin.s	f10,f23,f25	 f23:0x00000000 f25:0x4eaa03b5 f10=0x00000000
     171345.000 ns	     17133	80003bd0	c01a7d53	fcvt.wu.s	x26,f20	 f20:0x80000000 x26=0x00000000
     171715.000 ns	     17170	80003bd4	03777fb3	remu	x31,x14,x23	 x14:0xfffffff0 x23:0x7fc00000 x31=0x007ffff0
     171745.000 ns	     17173	80003bd8	a0d6a653	feq.s	x12,f13,f13	 f13:0x80041024 f13:0x80041024 x12=0x00000001
     171765.000 ns	     17175	80003bdc	008070b3	and	x1,x0,x8	  x0:0x00000000  x8:0x00000000  x1=0x00000000
     171775.000 ns	     17176	80003be0	01c836b3	sltu	x13,x16,x28	 x16:0x3e5a209c x28:0x00000000 x13=0x00000000
     171785.000 ns	     17177	80003be4	c4276197	auipc	x3,0xc4276	  x3=0x44279be4
     171805.000 ns	     17179	80003be8	202caf53	fsgnjx.s	f30,f25,f2	 f25:0x4eaa03b5  f2:0x3f800000 f30=0x4eaa03b5
     172175.000 ns	     17216	80003bec	0396de33	divu	x28,x13,x25	 x13:0x00000000 x25:0x0e392982 x28=0x00000000
     172195.000 ns	     17218	80003bf0	00000013	addi	x0,x0,0	  x0:0x00000000
     172205.000 ns	     17219	80003bf4	9bf37e37	lui	x28,0x9bf37	 x28=0x9bf37000
     172225.000 ns	     17221	80003bf8	a19e8953	fle.s	x18,f29,f25	 f29:0x7fc00000 f25:0x4eaa03b5 x18=0x00000000
     172245.000 ns	     17223	80003bfc	006e7b33	and	x22,x28,x6	 x28:0x00000000  x6:0x80041024 x22=0x80001000
     172265.000 ns	     17225	80003c00	e00b9453	fclass.s	x8,f23	 f23:0x00000000  x8=0x00000010
     172315.000 ns	     17230	80003c04	00a82853	fadd.s	f16,f16,f10	 f16:0x45800000 f10:0x00000000 f16=0x45800000
     172345.000 ns	     17233	80003c08	e00d9ed3	fclass.s	x29,f27	 f27:0x80041024 x29=0x00000004
     172375.000 ns	     17236	80003c0c	21202453	fsgnjx.s	f8,f0,f18	  f0:0xcf000410 f18:0x7fc00000  f8=0xcf000410
     172405.000 ns	     17239	80003c10	e0008dd3	fmv.x.w	x27,f1	  f1:0x80000000 x27=0x80000000
     172435.000 ns	     17242	80003c14	d01f79d3	fcvt.s.wu	f19,x30	 x30:0x5501da98 f19=0x4eaa03b5
     172455.000 ns	     17244	80003c18	209db137	lui	x2,0x209db	  x2=0x209db000
     172475.000 ns	     17246	80003c1c	02abb1b3	mulhu	x3,x23,x10	 x23:0x7fc00000 x10:0xffffffff  x3=0x7fbfffff
     172495.000 ns	     17248	80003c20	004d5b33	srl	x22,x26,x4	 x26:0x00000000  x4:0x00001000 x22=0x00000000
     172505.000 ns	     17249	80003c24	00575933	srl	x18,x14,x5	 x14:0xfffffff0  x5:0x0000031b x18=0x0000001f
     172525.000 ns	     17251	80003c28	d0007153	fcvt.s.w	f2,x0	  x0:0x00000000  f2=0x00000000
     172555.000 ns	     17254	80003c2c	218d8453	fsgnj.s	f8,f27,f24	 f27:0x80041024 f24:0x7fc00000  f8=0x00041024
     172575.000 ns	     17256	80003c30	8084ff37	lui	x30,0x8084f	 x30=0x8084f000
     172595.000 ns	     17258	80003c34	020a5fb3	divu	x31,x20,x0	 x20:0xfffffce5  x0:0x00000000 x31=0xffffffff
     172625.000 ns	     17261	80003c38	d01c7053	fcvt.s.wu	f0,x24	 x24:0x00000001  f0=0x3f800000
     172655.000 ns	     17264	80003c3c	2175a3d3	fsgnjx.s	f7,f11,f23	 f11:0x7fc00000 f23:0x00000000  f7=0x7fc00000
     172685.000 ns	     17267	80003c40	a0519a53	flt.s	x20,f3,f5	  f3:0xce36bc00  f5:0x4e796880 x20=0x00000001
     172705.000 ns	     17269	80003c44	0bec82b7	lui	x5,0xbec8	  x5=0x0bec8000
     173875.000 ns	     17386	80003c48	5807f6d3	fsqrt.s	f13,f15	 f15:0x4e796880 f13=0x46b05b7b
     173895.000 ns	     17388	80003c4c	00bb6533	or	x10,x22,x11	 x22:0x00000000 x11:0x04a55000 x10=0x04a55000
     174255.000 ns	     17424	80003c50	02c6ff33	remu	x30,x13,x12	 x13:0x00000000 x12:0x00000001 x30=0x00000000
     174275.000 ns	     17426	80003c54	a5093a93	sltiu	x21,x18,-1456	 x18:0x0000001f x21=0x00000001
     174305.000 ns	     17429	80003c58	1891f953	fdiv.s	f18,f3,f9	  f3:0xce36bc00  f9:0x00000000 f18=0xff800000
     174325.000 ns	     17431	80003c5c	4b41f813	andi	x16,x3,1204	  x3:0x7fbfffff x16=0x000004b4
     174345.000 ns	     17433	80003c60	21961253	fsgnjn.s	f4,f12,f25	 f12:0x00000000 f25:0x4eaa03b5  f4=0x80000000
     175525.000 ns	     17551	80003c64	580ff753	fsqrt.s	f14,f31	 f31:0x2eff0001 f14=0x36b4aa1c
     175555.000 ns	     17554	80003c68	a1dea3d3	feq.s	x7,f29,f29	 f29:0x7fc00000 f29:0x7fc00000  x7=0x00000000
     175585.000 ns	     17557	80003c6c	28201253	fmax.s	f4,f0,f2	  f0:0x3f800000  f2:0x00000000  f4=0x3f800000
     175605.000 ns	     17559	80003c70	010d1713	slli	x14,x26,0x10	 x26:0x00000000 x14=0x00000000
     175625.000 ns	     17561	80003c74	f0080653	fmv.w.x	f12,x16	 x16:0x000004b4 f12=0x000004b4
     175675.000 ns	     17566	80003c78	0817a6d3	fsub.s	f13,f15,f1	 f15:0x4e796880  f1:0x80000000 f13=0x4e796880
     176045.000 ns	     17603	80003c7c	032ccb33	div	x22,x25,x18	 x25:0x0e392982 x18:0x0000001f x22=0x007574f3
     176075.000 ns	     17606	80003c80	03369db3	mulh	x27,x13,x19	 x13:0x00000000 x19:0x00000000 x27=0x00000000
     176445.000 ns	     17643	80003c84	02b658b3	divu	x17,x12,x11	 x12:0x00000001 x11:0x04a55000 x17=0x00000000
     176815.000 ns	     17680	80003c88	032c6db3	rem	x27,x24,x18	 x24:0x00000001 x18:0x0000001f x27=0x00000001
     176835.000 ns	     17682	80003c8c	001d8433	add	x8,x27,x1	 x27:0x00000000  x1:0x00000000  x8=0x00000001
     177195.000 ns	     17718	80003c90	028ee133	rem	x2,x29,x8	 x29:0x00000004  x8:0x00000010  x2=0x00000000
     177215.000 ns	     17720	80003c94	00000013	addi	x0,x0,0	  x0:0x00000000
     177225.000 ns	     17721	80003c98	001152b3	srl	x5,x2,x1	  x2:0x00000000  x1:0x00000000  x5=0x00000000
     177245.000 ns	     17723	80003c9c	211d8153	fsgnj.s	f2,f27,f17	 f27:0x80041024 f17:0x7fc00000  f2=0x00041024
     177285.000 ns	     17727	80003ca0	1878ffd3	fdiv.s	f31,f17,f7	 f17:0x7fc00000  f7:0x7fc00000 f31=0x7fc00000
     177315.000 ns	     17730	80003ca4	2054a3d3	fsgnjx.s	f7,f9,f5	  f9:0x00000000  f5:0x4e796880  f7=0x00000000
     178495.000 ns	     17848	80003ca8	58077753	fsqrt.s	f14,f14	 f14:0x36b4aa1c f14=0x3a9811a8
     178525.000 ns	     17851	80003cac	217c26d3	fsgnjx.s	f13,f24,f23	 f24:0x7fc00000 f23:0x00000000 f13=0x7fc00000
     178555.000 ns	     17854	80003cb0	21421653	fsgnjn.s	f12,f4,f20	  f4:0x3f800000 f20:0x80000000 f12=0x3f800000
     178585.000 ns	     17857	80003cb4	202f8853	fsgnj.s	f16,f31,f2	 f31:0x7fc00000  f2:0x00041024 f16=0x7fc00000
     178615.000 ns	     17860	80003cb8	20861dd3	fsgnjn.s	f27,f12,f8	 f12:0x3f800000  f8:0x00041024 f27=0xbf800000
     178645.000 ns	     17863	80003cbc	d00e7c53	fcvt.s.w	f24,x28	 x28:0x9bf37000 f24=0xcec81920
     178675.000 ns	     17866	80003cc0	f00d8a53	fmv.w.x	f20,x27	 x27:0x00000001 f20=0x00000001
     178715.000 ns	     17870	80003cc4	58087353	fsqrt.s	f6,f16	 f16:0x7fc00000  f6=0x7fc00000
     178765.000 ns	     17875	80003cc8	08a7f053	fsub.s	f0,f15,f10	 f15:0x4e796880 f10:0x00000000  f0=0x4e796880
     179135.000 ns	     17912	80003ccc	023ae8b3	rem	x17,x21,x3	 x21:0x00000001  x3:0x7fbfffff x17=0x00000001
     179155.000 ns	     17914	80003cd0	0036f033	and	x0,x13,x3	 x13:0x00000000  x3:0x7fbfffff
     179165.000 ns	     17915	80003cd4	6f507a93	andi	x21,x0,1781	  x0:0x00000000 x21=0x00000000
     179175.000 ns	     17916	80003cd8	010ed193	srli	x3,x29,0x10	 x29:0x00000004  x3=0x00000000
     179185.000 ns	     17917	80003cdc	018e0d33	add	x26,x28,x24	 x28:0x9bf37000 x24:0x00000001 x26=0x9bf37001
     179195.000 ns	     17918	80003ce0	ea6f2817	auipc	x16,0xea6f2	 x16=0x6a6f5ce0
     179215.000 ns	     17920	80003ce4	e00a0b53	fmv.x.w	x22,f20	 f20:0x00000001 x22=0x00000001
     179235.000 ns	     17922	80003ce8	005a9f33	sll	x30,x21,x5	 x21:0x00000000  x5:0x00000000 x30=0x00000000
     179245.000 ns	     17923	80003cec	0003ef33	or	x30,x7,x0	  x7:0x00000000  x0:0x00000000 x30=0x00000000
     179255.000 ns	     17924	80003cf0	019f1c33	sll	x24,x30,x25	 x30:0x00000000 x25:0x0e392982 x24=0x00000000
     179275.000 ns	     17926	80003cf4	d00074d3	fcvt.s.w	f9,x0	  x0:0x00000000  f9=0x00000000
     179305.000 ns	     17929	80003cf8	0213cd33	div	x26,x7,x1	  x7:0x00000000  x1:0x00000000 x26=0xffffffff
     179355.000 ns	     17934	80003cfc	004ef6d3	fadd.s	f13,f29,f4	 f29:0x7fc00000  f4:0x3f800000 f13=0x7fc00000
     179405.000 ns	     17939	80003d00	01df8753	fadd.s	f14,f31,f29	 f31:0x7fc00000 f29:0x7fc00000 f14=0x7fc00000
     179435.000 ns	     17942	80003d04	a044a153	feq.s	x2,f9,f4	  f9:0x00000000  f4:0x3f800000  x2=0x00000000
     179465.000 ns	     17945	80003d08	c006f6d3	fcvt.w.s	x13,f13	 f13:0x7fc00000 x13=0x7fffffff
     179495.000 ns	     17948	80003d0c	28d80853	fmin.s	f16,f16,f13	 f16:0x7fc00000 f13:0x7fc00000 f16=0x7fc00000
     179515.000 ns	     17950	80003d10	cb39a213	slti	x4,x19,-845	 x19:0x00000000  x4=0x00000000
     179525.000 ns	     17951	80003d14	26d5f0b7	lui	x1,0x26d5f	  x1=0x26d5f000
     179535.000 ns	     17952	80003d18	01e410b3	sll	x1,x8,x30	  x8:0x00000001 x30:0x00000000  x1=0x00000001
     179555.000 ns	     17954	80003d1c	022b1bb3	mulh	x23,x22,x2	 x22:0x00000001  x2:0x00000000 x23=0x00000000
     179585.000 ns	     17957	80003d20	21faaed3	fsgnjx.s	f29,f21,f31	 f21:0x7fc00000 f31:0x7fc00000 f29=0x7fc00000
     179605.000 ns	     17959	80003d24	00000013	addi	x0,x0,0	  x0:0x00000000
     179615.000 ns	     17960	80003d28	2edff213	andi	x4,x31,749	 x31:0xffffffff  x4=0x000002ed
     179625.000 ns	     17961	80003d2c	01e24fb3	xor	x31,x4,x30	  x4:0x00000000 x30:0x00000000 x31=0x000002ed
     179645.000 ns	     17963	80003d30	a14c13d3	flt.s	x7,f24,f20	 f24:0xcec81920 f20:0x00000001  x7=0x00000001
     179665.000 ns	     17965	80003d34	d3583593	sltiu	x11,x16,-715	 x16:0x6a6f5ce0 x11=0x00000001
     179685.000 ns	     17967	80003d38	21dc25d3	fsgnjx.s	f11,f24,f29	 f24:0xcec81920 f29:0x7fc00000 f11=0xcec81920
     179705.000 ns	     17969	80003d3c	00218d33	add	x26,x3,x2	  x3:0x00000000  x2:0x00000000 x26=0x00000000
     179725.000 ns	     17971	80003d40	284d92d3	fmax.s	f5,f27,f4	 f27:0xbf800000  f4:0x3f800000  f5=0x3f800000
     180095.000 ns	     18008	80003d44	02b365b3	rem	x11,x6,x11	  x6:0x80041024 x11:0x00000001 x11=0x00000000
     180115.000 ns	     18010	80003d48	406d0433	sub	x8,x26,x6	 x26:0x00000000  x6:0x80041024  x8=0x7ffbefdc
     180475.000 ns	     18046	80003d4c	03cce0b3	rem	x1,x25,x28	 x25:0x0e392982 x28:0x9bf37000  x1=0x0e392982
     180515.000 ns	     18050	80003d50	58097fd3	fsqrt.s	f31,f18	 f18:0xff800000 f31=0x7fc00000
     180545.000 ns	     18053	80003d54	297f0b53	fmin.s	f22,f30,f23	 f30:0x4eaa03b5 f23:0x00000000 f22=0x00000000
     180575.000 ns	     18056	80003d58	03982b33	mulhsu	x22,x16,x25	 x16:0x6a6f5ce0 x25:0x0e392982 x22=0x05e9db21
     180595.000 ns	     18058	80003d5c	74ed4c17	auipc	x24,0x74ed4	 x24=0xf4ed7d5c
     180605.000 ns	     18059	80003d60	14dfa137	lui	x2,0x14dfa	  x2=0x14dfa000
     180625.000 ns	     18061	80003d64	21e225d3	fsgnjx.s	f11,f4,f30	  f4:0x3f800000 f30:0x4eaa03b5 f11=0x3f800000
     180645.000 ns	     18063	80003d68	cc424d13	xori	x26,x4,-828	  x4:0x000002ed x26=0xfffffe29
     180655.000 ns	     18064	80003d6c	b25fa613	slti	x12,x31,-1243	 x31:0x000002ed x12=0x00000000
     180665.000 ns	     18065	80003d70	00676233	or	x4,x14,x6	 x14:0x00000000  x6:0x80041024  x4=0x80041024
     180675.000 ns	     18066	80003d74	019b1f33	sll	x30,x22,x25	 x22:0x05e9db21 x25:0x0e392982 x30=0x17a76c84
     180695.000 ns	     18068	80003d78	288188d3	fmin.s	f17,f3,f8	  f3:0xce36bc00  f8:0x00041024 f17=0xce36bc00
     180715.000 ns	     18070	80003d7c	41e0da93	srai	x21,x1,0x1e	  x1:0x0e392982 x21=0x00000000
     180725.000 ns	     18071	80003d80	0150d713	srli	x14,x1,0x15	  x1:0x0e392982 x14=0x00000071
     180745.000 ns	     18073	80003d84	d0177253	fcvt.s.wu	f4,x14	 x14:0x00000000  f4=0x42e20000
     181115.000 ns	     18110	80003d88	0224fc33	remu	x24,x9,x2	  x9:0xffffffff  x2:0x14dfa000 x24=0x05847fff
     181485.000 ns	     18147	80003d8c	0226f533	remu	x10,x13,x2	 x13:0x7fffffff  x2:0x14dfa000 x10=0x02c23fff
     181505.000 ns	     18149	80003d90	00b4d093	srli	x1,x9,0xb	  x9:0xffffffff  x1=0x001fffff
     181515.000 ns	     18150	80003d94	24e44a93	xori	x21,x8,590	  x8:0x7ffbefdc x21=0x7ffbed92
     181525.000 ns	     18151	80003d98	7d5a2bb7	lui	x23,0x7d5a2	 x23=0x7d5a2000
     181545.000 ns	     18153	80003d9c	033600b3	mul	x1,x12,x19	 x12:0x00000000 x19:0x00000000  x1=0x00000000
     181575.000 ns	     18156	80003da0	e00c9fd3	fclass.s	x31,f25	 f25:0x4eaa03b5 x31=0x00000040
     181605.000 ns	     18159	80003da4	c009ae53	fcvt.w.s	x28,f19	 f19:0x4eaa03b5 x28=0x5501da80
     181635.000 ns	     18162	80003da8	20c92cd3	fsgnjx.s	f25,f18,f12	 f18:0xff800000 f12:0x3f800000 f25=0xff800000
     181665.000 ns	     18165	80003dac	21a316d3	fsgnjn.s	f13,f6,f26	  f6:0x7fc00000 f26:0x7fc00000 f13=0xffc00000
     182035.000 ns	     18202	80003db0	02abe1b3	rem	x3,x23,x10	 x23:0x7d5a2000 x10:0x02c23fff  x3=0x0134e02d
     182065.000 ns	     18205	80003db4	f00900d3	fmv.w.x	f1,x18	 x18:0x0000001f  f1=0x0000001f
     182085.000 ns	     18207	80003db8	00000013	addi	x0,x0,0	  x0:0x00000000
     182095.000 ns	     18208	80003dbc	41e4dc13	srai	x24,x9,0x1e	  x9:0xffffffff x24=0xffffffff
     182115.000 ns	     18210	80003dc0	a0f91253	flt.s	x4,f18,f15	 f18:0xff800000 f15:0x4e796880  x4=0x00000001
     182155.000 ns	     18214	80003dc4	10ff7f53	fmul.s	f30,f30,f15	 f30:0x4eaa03b5 f15:0x4e796880 f30=0x5da5a302
     182525.000 ns	     18251	80003dc8	0265c033	div	x0,x11,x6	 x11:0x00000000  x6:0x80041024
     182545.000 ns	     18253	80003dcc	018d8bb3	add	x23,x27,x24	 x27:0x00000001 x24:0xffffffff x23=0x00000000
     182565.000 ns	     18255	80003dd0	296f82d3	fmin.s	f5,f31,f22	 f31:0x7fc00000 f22:0x00000000  f5=0x00000000
     182595.000 ns	     18258	80003dd4	2054a9d3	fsgnjx.s	f19,f9,f5	  f9:0x00000000  f5:0x3f800000 f19=0x00000000
     182625.000 ns	     18261	80003dd8	037eedb3	rem	x27,x29,x23	 x29:0x00000004 x23:0x00000000 x27=0x00000004
     182645.000 ns	     18263	80003ddc	aaf20a93	addi	x21,x4,-1361	  x4:0x00000001 x21=0xfffffab0
     182665.000 ns	     18265	80003de0	a00411d3	flt.s	x3,f8,f0	  f8:0x00041024  f0:0x4e796880  x3=0x00000001
     182695.000 ns	     18268	80003de4	293682d3	fmin.s	f5,f13,f19	 f13:0xffc00000 f19:0x00000000  f5=0x00000000
     182725.000 ns	     18271	80003de8	28070f53	fmin.s	f30,f14,f0	 f14:0x7fc00000  f0:0x4e796880 f30=0x4e796880
     182755.000 ns	     18274	80003dec	d00383d3	fcvt.s.w	f7,x7	  x7:0x00000001  f7=0x3f800000
     183125.000 ns	     18311	80003df0	02a448b3	div	x17,x8,x10	  x8:0x7ffbefdc x10:0x02c23fff x17=0x0000002e
     183145.000 ns	     18313	80003df4	0003efb3	or	x31,x7,x0	  x7:0x00000001  x0:0x00000000 x31=0x00000001
     183155.000 ns	     18314	80003df8	40168bb3	sub	x23,x13,x1	 x13:0x7fffffff  x1:0x00000000 x23=0x7fffffff
     183165.000 ns	     18315	80003dfc	3f396413	ori	x8,x18,1011	 x18:0x0000001f  x8=0x000003ff
     183185.000 ns	     18317	80003e00	29499853	fmax.s	f16,f19,f20	 f19:0x00000000 f20:0x00000001 f16=0x00000001
     183205.000 ns	     18319	80003e04	f92fb093	sltiu	x1,x31,-110	 x31:0x00000001  x1=0x00000001
     183225.000 ns	     18321	80003e08	e00f94d3	fclass.s	x9,f31	 f31:0x7fc00000  x9=0x00000200
     183255.000 ns	     18324	80003e0c	0366a033	mulhsu	x0,x13,x22	 x13:0x7fffffff x22:0x05e9db21
     183285.000 ns	     18327	80003e10	29a91b53	fmax.s	f22,f18,f26	 f18:0xff800000 f26:0x7fc00000 f22=0xff800000
     183305.000 ns	     18329	80003e14	000ea033	slt	x0,x29,x0	 x29:0x00000004  x0:0x00000000
     183315.000 ns	     18330	80003e18	a97ee913	ori	x18,x29,-1385	 x29:0x00000004 x18=0xfffffa97
     183335.000 ns	     18332	80003e1c	022b3033	mulhu	x0,x22,x2	 x22:0x05e9db21  x2:0x14dfa000
     183355.000 ns	     18334	80003e20	0089b8b3	sltu	x17,x19,x8	 x19:0x00000000  x8:0x000003ff x17=0x00000001
     183375.000 ns	     18336	80003e24	c006fa53	fcvt.w.s	x20,f13	 f13:0xffc00000 x20=0x7fffffff
     183395.000 ns	     18338	80003e28	01f4e133	or	x2,x9,x31	  x9:0x00000200 x31:0x00000001  x2=0x00000201
     183405.000 ns	     18339	80003e2c	8bbdcfb7	lui	x31,0x8bbdc	 x31=0x8bbdc000
     183415.000 ns	     18340	80003e30	ca150d13	addi	x26,x10,-863	 x10:0x02c23fff x26=0x02c23ca0
     183425.000 ns	     18341	80003e34	00286733	or	x14,x16,x2	 x16:0x6a6f5ce0  x2:0x00000201 x14=0x6a6f5ee1
     183445.000 ns	     18343	80003e38	20fa81d3	fsgnj.s	f3,f21,f15	 f21:0x7fc00000 f15:0x4e796880  f3=0x7fc00000
     183815.000 ns	     18380	80003e3c	029165b3	rem	x11,x2,x9	  x2:0x00000201  x9:0x00000200 x11=0x00000001
     183845.000 ns	     18383	80003e40	a0d182d3	fle.s	x5,f3,f13	  f3:0x7fc00000 f13:0xffc00000  x5=0x00000000
     184215.000 ns	     18420	80003e44	03e45133	divu	x2,x8,x30	  x8:0x000003ff x30:0x17a76c84  x2=0x00000000
     184245.000 ns	     18423	80003e48	2104ac53	fsgnjx.s	f24,f9,f16	  f9:0x00000000 f16:0x00000001 f24=0x00000000
     184275.000 ns	     18426	80003e4c	031d8033	mul	x0,x27,x17	 x27:0x00000004 x17:0x00000001
     184305.000 ns	     18429	80003e50	f00a0cd3	fmv.w.x	f25,x20	 x20:0x7fffffff f25=0x7fffffff
     184335.000 ns	     18432	80003e54	c01f41d3	fcvt.wu.s	x3,f30	 f30:0x4e796880  x3=0x3e5a2000
     184355.000 ns	     18434	80003e58	c2532713	slti	x14,x6,-987	  x6:0x80041024 x14=0x00000001
     184365.000 ns	     18435	80003e5c	419e5b13	srai	x22,x28,0x19	 x28:0x5501da80 x22=0x0000002a
     184385.000 ns	     18437	80003e60	02a79433	mulh	x8,x15,x10	 x15:0x80040fe4 x10:0x02c23fff  x8=0xfe9eeb35
     184405.000 ns	     18439	80003e64	00000013	addi	x0,x0,0	  x0:0x00000000
     184425.000 ns	     18441	80003e68	e00119d3	fclass.s	x19,f2	  f2:0x00041024 x19=0x00000020
     184445.000 ns	     18443	80003e6c	01f8d993	srli	x19,x17,0x1f	 x17:0x00000001 x19=0x00000000
     184465.000 ns	     18445	80003e70	211ca9d3	fsgnjx.s	f19,f25,f17	 f25:0x7fffffff f17:0xce36bc00 f19=0xffffffff
     184495.000 ns	     18448	80003e74	a0769253	flt.s	x4,f13,f7	 f13:0xffc00000  f7:0x3f800000  x4=0x00000000
     184515.000 ns	     18450	80003e78	1342a513	slti	x10,x5,308	  x5:0x00000000 x10=0x00000001
     184525.000 ns	     18451	80003e7c	01171413	slli	x8,x14,0x11	 x14:0x00000001  x8=0x00020000
     184545.000 ns	     18453	80003e80	21bc9f53	fsgnjn.s	f30,f25,f27	 f25:0x7fffffff f27:0xbf800000 f30=0x7fffffff
     184575.000 ns	     18456	80003e84	2166a853	fsgnjx.s	f16,f13,f22	 f13:0xffc00000 f22:0xff800000 f16=0x7fc00000
     184595.000 ns	     18458	80003e88	f7244513	xori	x10,x8,-142	  x8:0x00020000 x10=0xfffdff72
     184605.000 ns	     18459	80003e8c	01c41913	slli	x18,x8,0x1c	  x8:0x00020000 x18=0x00000000
     184615.000 ns	     18460	80003e90	0f8e7817	auipc	x16,0xf8e7	 x16=0x8f8eae90
     184975.000 ns	     18496	80003e94	03086233	rem	x4,x16,x16	 x16:0x6a6f5ce0 x16:0x6a6f5ce0  x4=0x00000000
     184995.000 ns	     18498	80003e98	9431a493	slti	x9,x3,-1725	  x3:0x3e5a2000  x9=0x00000000
     185005.000 ns	     18499	80003e9c	d1f1ae13	slti	x28,x3,-737	  x3:0x3e5a2000 x28=0x00000000
     185025.000 ns	     18501	80003ea0	02762433	mulhsu	x8,x12,x7	 x12:0x00000000  x7:0x00000001  x8=0x00000000
     185055.000 ns	     18504	80003ea4	d014f653	fcvt.s.wu	f12,x9	  x9:0x00000000 f12=0x00000000
     185085.000 ns	     18507	80003ea8	21491553	fsgnjn.s	f10,f18,f20	 f18:0xff800000 f20:0x00000001 f10=0xff800000
     185105.000 ns	     18509	80003eac	4030d8b3	sra	x17,x1,x3	  x1:0x00000001  x3:0x3e5a2000 x17=0x00000001
     185145.000 ns	     18513	80003eb0	01f83fd3	fadd.s	f31,f16,f31	 f16:0x7fc00000 f31:0x7fc00000 f31=0x7fc00000
     185165.000 ns	     18515	80003eb4	d97bf493	andi	x9,x23,-617	 x23:0x7fffffff  x9=0x7ffffd97
     185175.000 ns	     18516	80003eb8	89998d13	addi	x26,x19,-1895	 x19:0x00000000 x26=0xfffff899
     185195.000 ns	     18518	80003ebc	e00798d3	fclass.s	x17,f15	 f15:0x4e796880 x17=0x00000040
     185565.000 ns	     18555	80003ec0	039e6bb3	rem	x23,x28,x25	 x28:0x00000000 x25:0x0e392982 x23=0x00000000
     185605.000 ns	     18559	80003ec4	1839a6d3	fdiv.s	f13,f19,f3	 f19:0xffffffff  f3:0x7fc00000 f13=0x7fc00000
     185625.000 ns	     18561	80003ec8	460bfe13	andi	x28,x23,1120	 x23:0x00000000 x28=0x00000000
     185645.000 ns	     18563	80003ecc	a0408753	fle.s	x14,f1,f4	  f1:0x0000001f  f4:0x42e20000 x14=0x00000001
     185675.000 ns	     18566	80003ed0	0261b433	mulhu	x8,x3,x6	  x3:0x3e5a2000  x6:0x80041024  x8=0x1f2e0d56
     185705.000 ns	     18569	80003ed4	c011b2d3	fcvt.wu.s	x5,f3	  f3:0x7fc00000  x5=0xffffffff
     185735.000 ns	     18572	80003ed8	218923d3	fsgnjx.s	f7,f18,f24	 f18:0xff800000 f24:0x00000000  f7=0xff800000
     185765.000 ns	     18575	80003edc	28cd8753	fmin.s	f14,f27,f12	 f27:0xbf800000 f12:0x00000000 f14=0xbf800000
     185785.000 ns	     18577	80003ee0	016b9e33	sll	x28,x23,x22	 x23:0x00000000 x22:0x0000002a x28=0x00000000
     185805.000 ns	     18579	80003ee4	e00d80d3	fmv.x.w	x1,f27	 f27:0xbf800000  x1=0xbf800000
     185855.000 ns	     18584	80003ee8	0809f553	fsub.s	f10,f19,f0	 f19:0xffffffff  f0:0x4e796880 f10=0x7fc00000
     185875.000 ns	     18586	80003eec	c0650613	addi	x12,x10,-1018	 x10:0xfffdff72 x12=0xfffdfb78
     185885.000 ns	     18587	80003ef0	00f5e1b3	or	x3,x11,x15	 x11:0x00000001 x15:0x80040fe4  x3=0x80040fe5
     185905.000 ns	     18589	80003ef4	291011d3	fmax.s	f3,f0,f17	  f0:0x4e796880 f17:0xce36bc00  f3=0x4e796880
     185935.000 ns	     18592	80003ef8	a0f49dd3	flt.s	x27,f9,f15	  f9:0x00000000 f15:0x4e796880 x27=0x00000001
     185955.000 ns	     18594	80003efc	1ac9f713	andi	x14,x19,428	 x19:0x00000000 x14=0x00000000
     185965.000 ns	     18595	80003f00	417f8e33	sub	x28,x31,x23	 x31:0x8bbdc000 x23:0x00000000 x28=0x8bbdc000
     185975.000 ns	     18596	80003f04	01d78b33	add	x22,x15,x29	 x15:0x80040fe4 x29:0x00000004 x22=0x80040fe8
     185985.000 ns	     18597	80003f08	7495fb13	andi	x22,x11,1865	 x11:0x00000001 x22=0x00000001
     186005.000 ns	     18599	80003f0c	29b886d3	fmin.s	f13,f17,f27	 f17:0xce36bc00 f27:0xbf800000 f13=0xce36bc00
     186025.000 ns	     18601	80003f10	a2a7f593	andi	x11,x15,-1494	 x15:0x80040fe4 x11=0x80040a20
     186035.000 ns	     18602	80003f14	c0bc2a93	slti	x21,x24,-1013	 x24:0xffffffff x21=0x00000000
     186055.000 ns	     18604	80003f18	c001fed3	fcvt.w.s	x29,f3	  f3:0x4e796880 x29=0x3e5a2000
     186085.000 ns	     18607	80003f1c	21e69e53	fsgnjn.s	f28,f13,f30	 f13:0xce36bc00 f30:0x7fffffff f28=0xce36bc00
     186105.000 ns	     18609	80003f20	01b90733	add	x14,x18,x27	 x18:0x00000000 x27:0x00000001 x14=0x00000001
     186125.000 ns	     18611	80003f24	02b83033	mulhu	x0,x16,x11	 x16:0x8f8eae90 x11:0x80040a20
     186155.000 ns	     18614	80003f28	02a38ab3	mul	x21,x7,x10	  x7:0x00000001 x10:0xfffdff72 x21=0xfffdff72
     186185.000 ns	     18617	80003f2c	a05b8dd3	fle.s	x27,f23,f5	 f23:0x00000000  f5:0x00000000 x27=0x00000001
     186215.000 ns	     18620	80003f30	e00e8e53	fmv.x.w	x28,f29	 f29:0x7fc00000 x28=0x7fc00000
     186245.000 ns	     18623	80003f34	e00d8953	fmv.x.w	x18,f27	 f27:0xbf800000 x18=0xbf800000
     186265.000 ns	     18625	80003f38	00061533	sll	x10,x12,x0	 x12:0xfffdfb78  x0:0x00000000 x10=0xfffdfb78
     186275.000 ns	     18626	80003f3c	414e5e13	srai	x28,x28,0x14	 x28:0x7fc00000 x28=0x000007fc
     186285.000 ns	     18627	80003f40	00e30c33	add	x24,x6,x14	  x6:0x80041024 x14:0x00000001 x24=0x80041025
     186305.000 ns	     18629	80003f44	d01173d3	fcvt.s.wu	f7,x2	  x2:0x00000000  f7=0x00000000
     186325.000 ns	     18631	80003f48	9f948113	addi	x2,x9,-1543	  x9:0x7ffffd97  x2=0x7ffff790
     186335.000 ns	     18632	80003f4c	9868cd93	xori	x27,x17,-1658	 x17:0x00000040 x27=0xfffff9c6
     186345.000 ns	     18633	80003f50	00696d33	or	x26,x18,x6	 x18:0xbf800000  x6:0x80041024 x26=0xbf841024
     186705.000 ns	     18669	80003f54	03c37d33	remu	x26,x6,x28	  x6:0x80041024 x28:0x000007fc x26=0x0000023c
     186725.000 ns	     18671	80003f58	003351b3	srl	x3,x6,x3	  x6:0x80041024  x3:0x80040fe5  x3=0x04002081
     186745.000 ns	     18673	80003f5c	a102ae53	feq.s	x28,f5,f16	  f5:0x00000000 f16:0x7fc00000 x28=0x00000000
     186765.000 ns	     18675	80003f60	00000013	addi	x0,x0,0	  x0:0x00000000
     186785.000 ns	     18677	80003f64	02ff0533	mul	x10,x30,x15	 x30:0x17a76c84 x15:0x80040fe4 x10=0x92886190
     186815.000 ns	     18680	80003f68	f0028553	fmv.w.x	f10,x5	  x5:0xffffffff f10=0xffffffff
     187185.000 ns	     18717	80003f6c	0398cfb3	div	x31,x17,x25	 x17:0x00000040 x25:0x0e392982 x31=0x00000000
     187205.000 ns	     18719	80003f70	489d1837	lui	x16,0x489d1	 x16=0x489d1000
     187225.000 ns	     18721	80003f74	d00545d3	fcvt.s.w	f11,x10	 x10:0x92886190 f11=0xcedaef3d
     187255.000 ns	     18724	80003f78	c01572d3	fcvt.wu.s	x5,f10	 f10:0xffffffff  x5=0xffffffff
     187285.000 ns	     18727	80003f7c	e0020ad3	fmv.x.w	x21,f4	  f4:0x42e20000 x21=0x42e20000
     187305.000 ns	     18729	80003f80	01ea9113	slli	x2,x21,0x1e	 x21:0xfffdff72  x2=0x00000000
     187315.000 ns	     18730	80003f84	017e7433	and	x8,x28,x23	 x28:0x00000000 x23:0x00000000  x8=0x00000000
     187335.000 ns	     18732	80003f88	f00e8ed3	fmv.w.x	f29,x29	 x29:0x3e5a2000 f29=0x3e5a2000
     187355.000 ns	     18734	80003f8c	411285b3	sub	x11,x5,x17	  x5:0xffffffff x17:0x00000040 x11=0xffffffbf
     187375.000 ns	     18736	80003f90	03a02733	mulhsu	x14,x0,x26	  x0:0x00000000 x26:0x0000023c x14=0x00000000
     187405.000 ns	     18739	80003f94	28fb8ad3	fmin.s	f21,f23,f15	 f23:0x00000000 f15:0x4e796880 f21=0x00000000
     187435.000 ns	     18742	80003f98	299c9953	fmax.s	f18,f25,f25	 f25:0x7fffffff f25:0x7fffffff f18=0x7fc00000
     187455.000 ns	     18744	80003f9c	01ba4e33	xor	x28,x20,x27	 x20:0x7fffffff x27:0xfffff9c6 x28=0x80000639
     187465.000 ns	     18745	80003fa0	62150393	addi	x7,x10,1569	 x10:0x92886190  x7=0x928867b1
     187475.000 ns	     18746	80003fa4	011ac4b3	xor	x9,x21,x17	 x21:0x42e20000 x17:0x00000040  x9=0x42e20040
     187485.000 ns	     18747	80003fa8	01669113	slli	x2,x13,0x16	 x13:0x7fffffff  x2=0xffc00000
     187495.000 ns	     18748	80003fac	01ccf433	and	x8,x25,x28	 x25:0x0e392982 x28:0x80000639  x8=0x00000000
     187505.000 ns	     18749	80003fb0	01d848b3	xor	x17,x16,x29	 x16:0x489d1000 x29:0x3e5a2000 x17=0x76c73000
     187515.000 ns	     18750	80003fb4	492f3f13	sltiu	x30,x30,1170	 x30:0x17a76c84 x30=0x00000000
     187535.000 ns	     18752	80003fb8	03f7c9b3	div	x19,x15,x31	 x15:0x80040fe4 x31:0x00000000 x19=0xffffffff
     187905.000 ns	     18789	80003fbc	03854233	div	x4,x10,x24	 x10:0x92886190 x24:0x80041025  x4=0x00000000
     187935.000 ns	     18792	80003fc0	c01a7b53	fcvt.wu.s	x22,f20	 f20:0x00000001 x22=0x00000000
     187965.000 ns	     18795	80003fc4	28dd0253	fmin.s	f4,f26,f13	 f26:0x7fc00000 f13:0xce36bc00  f4=0xce36bc00
     187985.000 ns	     18797	80003fc8	004af233	and	x4,x21,x4	 x21:0x42e20000  x4:0x00000000  x4=0x00000000
     187995.000 ns	     18798	80003fcc	0132ea33	or	x20,x5,x19	  x5:0xffffffff x19:0xffffffff x20=0xffffffff
     188015.000 ns	     18800	80003fd0	03bcb533	mulhu	x10,x25,x27	 x25:0x0e392982 x27:0xfffff9c6 x10=0x0e392929
     188045.000 ns	     18803	80003fd4	f00884d3	fmv.w.x	f9,x17	 x17:0x76c73000  f9=0x76c73000
     188065.000 ns	     18805	80003fd8	41e9d9b3	sra	x19,x19,x30	 x19:0xffffffff x30:0x00000000 x19=0xffffffff
     188085.000 ns	     18807	80003fdc	c006fc53	fcvt.w.s	x24,f13	 f13:0xce36bc00 x24=0x2daf0000
     188105.000 ns	     18809	80003fe0	eb7c8e17	auipc	x28,0xeb7c8	 x28=0x6b7cbfe0
     188125.000 ns	     18811	80003fe4	a02005d3	fle.s	x11,f0,f2	  f0:0x4e796880  f2:0x00041024 x11=0x00000000
     188155.000 ns	     18814	80003fe8	0224ad33	mulhsu	x26,x9,x2	  x9:0x42e20040  x2:0xffc00000 x26=0x42d147bf
     188185.000 ns	     18817	80003fec	e00681d3	fmv.x.w	x3,f13	 f13:0xce36bc00  x3=0xce36bc00
     188205.000 ns	     18819	80003ff0	b1438a97	auipc	x21,0xb1438	 x21=0x3143bff0
     188215.000 ns	     18820	80003ff4	00c95d33	srl	x26,x18,x12	 x18:0xbf800000 x12:0xfffdfb78 x26=0x000000bf
     188235.000 ns	     18822	80003ff8	d000c8d3	fcvt.s.w	f17,x1	  x1:0xbf800000 f17=0xce810000
     188265.000 ns	     18825	80003ffc	e00f1553	fclass.s	x10,f30	 f30:0x7fffffff x10=0x00000200
     188285.000 ns	     18827	80004000	00000013	addi	x0,x0,0	  x0:0x00000000
     188305.000 ns	     18829	80004004	02b24233	div	x4,x4,x11	  x4:0x00000000 x11:0x00000000  x4=0xffffffff
     188325.000 ns	     18831	80004008	01d85a33	srl	x20,x16,x29	 x16:0x489d1000 x29:0x3e5a2000 x20=0x489d1000
     188335.000 ns	     18832	8000400c	406053b3	sra	x7,x0,x6	  x0:0x00000000  x6:0x80041024  x7=0x00000000
     188345.000 ns	     18833	80004010	cb46ddb7	lui	x27,0xcb46d	 x27=0xcb46d000
     188365.000 ns	     18835	80004014	e0049bd3	fclass.s	x23,f9	  f9:0x76c73000 x23=0x00000040
     188385.000 ns	     18837	80004018	6870bd13	sltiu	x26,x1,1671	  x1:0xbf800000 x26=0x00000000
     188405.000 ns	     18839	8000401c	d0187e53	fcvt.s.wu	f28,x16	 x16:0x489d1000 f28=0x4e913a20
     188435.000 ns	     18842	80004020	03d48033	mul	x0,x9,x29	  x9:0x42e20040 x29:0x3e5a2000
     188455.000 ns	     18844	80004024	00af41b3	xor	x3,x30,x10	 x30:0x00000000 x10:0x00000200  x3=0x00000200
     188475.000 ns	     18846	80004028	a1ac8253	fle.s	x4,f25,f26	 f25:0x7fffffff f26:0x7fc00000  x4=0x00000000
     188505.000 ns	     18849	8000402c	202bafd3	fsgnjx.s	f31,f23,f2	 f23:0x00000000  f2:0x00041024 f31=0x00000000
     188535.000 ns	     18852	80004030	d01af253	fcvt.s.wu	f4,x21	 x21:0x3143bff0  f4=0x4e450eff
     188905.000 ns	     18889	80004034	02d2db33	divu	x22,x5,x13	  x5:0xffffffff x13:0x7fffffff x22=0x00000002
     188925.000 ns	     18891	80004038	41efde13	srai	x28,x31,0x1e	 x31:0x00000000 x28=0x00000000
     188935.000 ns	     18892	8000403c	0037b233	sltu	x4,x15,x3	 x15:0x80040fe4  x3:0x00000200  x4=0x00000000
     188955.000 ns	     18894	80004040	20570153	fsgnj.s	f2,f14,f5	 f14:0xbf800000  f5:0x00000000  f2=0x3f800000
     188975.000 ns	     18896	80004044	40afdbb3	sra	x23,x31,x10	 x31:0x00000000 x10:0x00000200 x23=0x00000000
     188985.000 ns	     18897	80004048	bd24ce13	xori	x28,x9,-1070	  x9:0x42e20040 x28=0xbd1dfb92
     188995.000 ns	     18898	8000404c	0169c233	xor	x4,x19,x22	 x19:0xffffffff x22:0x00000002  x4=0xfffffffd
     189005.000 ns	     18899	80004050	40b05893	srai	x17,x0,0xb	  x0:0x00000000 x17=0x00000000
     189015.000 ns	     18900	80004054	5cdf8217	auipc	x4,0x5cdf8	  x4=0xdcdfc054
     189045.000 ns	     18903	80004058	11adc4d3	fmul.s	f9,f27,f26	 f27:0xbf800000 f26:0x7fc00000  f9=0x7fc00000
     189065.000 ns	     18905	8000405c	6ab63417	auipc	x8,0x6ab63	  x8=0xeab6705c
     189085.000 ns	     18907	80004060	d00cffd3	fcvt.s.w	f31,x25	 x25:0x0e392982 f31=0x4d639298
     189105.000 ns	     18909	80004064	01e41fb3	sll	x31,x8,x30	  x8:0x00000000 x30:0x00000000 x31=0xeab6705c
     189115.000 ns	     18910	80004068	f7ac0c13	addi	x24,x24,-134	 x24:0x2daf0000 x24=0x2daeff7a
     189125.000 ns	     18911	8000406c	007f9b93	slli	x23,x31,0x7	 x31:0x00000000 x23=0x5b382e00
     189145.000 ns	     18913	80004070	29f710d3	fmax.s	f1,f14,f31	 f14:0xbf800000 f31:0x4d639298  f1=0x4d639298
     189175.000 ns	     18916	80004074	02a794b3	mulh	x9,x15,x10	 x15:0x80040fe4 x10:0x00000200  x9=0xffffff00
     189205.000 ns	     18919	80004078	e00088d3	fmv.x.w	x17,f1	  f1:0x4d639298 x17=0x4d639298
     189255.000 ns	     18924	8000407c	01ea1bd3	fadd.s	f23,f20,f30	 f20:0x00000001 f30:0x7fffffff f23=0x7fc00000
     189285.000 ns	     18927	80004080	f00687d3	fmv.w.x	f15,x13	 x13:0x7fffffff f15=0x7fffffff
     189305.000 ns	     18929	80004084	00000013	addi	x0,x0,0	  x0:0x00000000
     189325.000 ns	     18931	80004088	e0030c53	fmv.x.w	x24,f6	  f6:0x7fc00000 x24=0x7fc00000
     189355.000 ns	     18934	8000408c	a17b1053	flt.s	x0,f22,f23	 f22:0xff800000 f23:0x7fc00000
     189385.000 ns	     18937	80004090	a0bd20d3	feq.s	x1,f26,f11	 f26:0x7fc00000 f11:0xcedaef3d  x1=0x00000000
     189415.000 ns	     18940	80004094	029b9933	mulh	x18,x23,x9	 x23:0x5b382e00  x9:0xffffff00 x18=0xffffffa4
     189445.000 ns	     18943	80004098	e00b04d3	fmv.x.w	x9,f22	 f22:0xff800000  x9=0xff800000
     189465.000 ns	     18945	8000409c	89409ab7	lui	x21,0x89409	 x21=0x89409000
     189475.000 ns	     18946	800040a0	01ace4b3	or	x9,x25,x26	 x25:0x0e392982 x26:0x00000000  x9=0x0e392982
     189485.000 ns	     18947	800040a4	400a5e93	srai	x29,x20,0x0	 x20:0x489d1000 x29=0x489d1000
     189505.000 ns	     18949	800040a8	e00e80d3	fmv.x.w	x1,f29	 f29:0x3e5a2000  x1=0x3e5a2000
     189535.000 ns	     18952	800040ac	c000fbd3	fcvt.w.s	x23,f1	  f1:0x4d639298 x23=0x0e392980
     189565.000 ns	     18955	800040b0	216325d3	fsgnjx.s	f11,f6,f22	  f6:0x7fc00000 f22:0xff800000 f11=0xffc00000
     189595.000 ns	     18958	800040b4	03a7de33	divu	x28,x15,x26	 x15:0x80040fe4 x26:0x00000000 x28=0xffffffff
     189625.000 ns	     18961	800040b8	02b5d833	divu	x16,x11,x11	 x11:0x00000000 x11:0x00000000 x16=0xffffffff
     189645.000 ns	     18963	800040bc	011bf133	and	x2,x23,x17	 x23:0x0e392980 x17:0x4d639298  x2=0x0c210080
     189655.000 ns	     18964	800040c0	01d116b3	sll	x13,x2,x29	  x2:0xffc00000 x29:0x489d1000 x13=0x0c210080
     189675.000 ns	     18966	800040c4	e0088f53	fmv.x.w	x30,f17	 f17:0xce810000 x30=0xce810000
     190045.000 ns	     19003	800040c8	03624d33	div	x26,x4,x22	  x4:0xdcdfc054 x22:0x00000002 x26=0xee6fe02a
     190075.000 ns	     19006	800040cc	206a03d3	fsgnj.s	f7,f20,f6	 f20:0x00000001  f6:0x7fc00000  f7=0x00000001
     190095.000 ns	     19008	800040d0	c8716b97	auipc	x23,0xc8716	 x23=0x4871a0d0
     190455.000 ns	     19044	800040d4	03cadf33	divu	x30,x21,x28	 x21:0x89409000 x28:0xffffffff x30=0x00000000
     190475.000 ns	     19046	800040d8	01c4bf33	sltu	x30,x9,x28	  x9:0x0e392982 x28:0xffffffff x30=0x00000001
     190485.000 ns	     19047	800040dc	b4359397	auipc	x7,0xb4359	  x7=0x3435d0dc
     190495.000 ns	     19048	800040e0	00e19b13	slli	x22,x3,0xe	  x3:0x00000200 x22=0x00800000
     190515.000 ns	     19050	800040e4	a05c9dd3	flt.s	x27,f25,f5	 f25:0x7fffffff  f5:0x00000000 x27=0x00000000
     190565.000 ns	     19055	800040e8	00c89bd3	fadd.s	f23,f17,f12	 f17:0xce810000 f12:0x00000000 f23=0xce810000
     190615.000 ns	     19060	800040ec	0006f7d3	fadd.s	f15,f13,f0	 f13:0xce36bc00  f0:0x4e796880 f15=0x4d855900
     190645.000 ns	     19063	800040f0	0278b0b3	mulhu	x1,x17,x7	 x17:0x4d639298  x7:0x3435d0dc  x1=0x0fc87e87
     190685.000 ns	     19067	800040f4	195e0c53	fdiv.s	f24,f28,f21	 f28:0x4e913a20 f21:0x00000000 f24=0x7f800000
     190705.000 ns	     19069	800040f8	4561b513	sltiu	x10,x3,1110	  x3:0x00000200 x10=0x00000001
     190745.000 ns	     19073	800040fc	01b37c53	fadd.s	f24,f6,f27	  f6:0x7fc00000 f27:0xbf800000 f24=0x7fc00000
     190765.000 ns	     19075	80004100	059159b7	lui	x19,0x5915	 x19=0x05915000
     191125.000 ns	     19111	80004104	0298ffb3	remu	x31,x17,x9	 x17:0x4d639298  x9:0x0e392982 x31=0x0645c30e
     191145.000 ns	     19113	80004108	41bf0233	sub	x4,x30,x27	 x30:0x00000001 x27:0x00000000  x4=0x00000001
     191155.000 ns	     19114	8000410c	35f56693	ori	x13,x10,863	 x10:0x00000001 x13=0x0000035f
     191165.000 ns	     19115	80004110	f3adb017	auipc	x0,0xf3adb	
     191175.000 ns	     19116	80004114	839d4917	auipc	x18,0x839d4	 x18=0x039d8114
     191195.000 ns	     19118	80004118	f00d0153	fmv.w.x	f2,x26	 x26:0xee6fe02a  f2=0xee6fe02a
     191215.000 ns	     19120	8000411c	019d6033	or	x0,x26,x25	 x26:0xee6fe02a x25:0x0e392982
     191235.000 ns	     19122	80004120	21ce0b53	fsgnj.s	f22,f28,f28	 f28:0x4e913a20 f28:0x4e913a20 f22=0x4e913a20
     191255.000 ns	     19124	80004124	00f45713	srli	x14,x8,0xf	  x8:0xeab6705c x14=0x0001d56c
     191275.000 ns	     19126	80004128	d01e49d3	fcvt.s.wu	f19,x28	 x28:0xffffffff f19=0x4f800000
     191295.000 ns	     19128	8000412c	41025633	sra	x12,x4,x16	  x4:0x00000001 x16:0xffffffff x12=0x00000000
     191335.000 ns	     19132	80004130	08457553	fsub.s	f10,f10,f4	 f10:0xffffffff  f4:0x4e450eff f10=0x7fc00000
     191365.000 ns	     19135	80004134	20e392d3	fsgnjn.s	f5,f7,f14	  f7:0x00000001 f14:0xbf800000  f5=0x00000001
     191395.000 ns	     19138	80004138	027faab3	mulhsu	x21,x31,x7	 x31:0x0645c30e  x7:0x3435d0dc x21=0x01477d2e
     191425.000 ns	     19141	8000413c	c016a153	fcvt.wu.s	x2,f13	 f13:0xce36bc00  x2=0x2daf0000
     191445.000 ns	     19143	80004140	01bc0a33	add	x20,x24,x27	 x24:0x7fc00000 x27:0x00000000 x20=0x7fc00000
     191475.000 ns	     19146	80004144	580cffd3	fsqrt.s	f31,f25	 f25:0x7fffffff f31=0x7fc00000
     191505.000 ns	     19149	80004148	c01b7f53	fcvt.wu.s	x30,f22	 f22:0x4e913a20 x30=0x489d1000
     191535.000 ns	     19152	8000414c	285f0453	fmin.s	f8,f30,f5	 f30:0x7fffffff  f5:0x00000001  f8=0x00000001
     191555.000 ns	     19154	80004150	40eb0fb3	sub	x31,x22,x14	 x22:0x00800000 x14:0x0001d56c x31=0x007e2a94
     191915.000 ns	     19190	80004154	02f255b3	divu	x11,x4,x15	  x4:0x00000001 x15:0x80040fe4 x11=0x00000000
     191935.000 ns	     19192	80004158	01bb59b3	srl	x19,x22,x27	 x22:0x00800000 x27:0x00000000 x19=0x00800000
     191955.000 ns	     19194	8000415c	a0e52c53	feq.s	x24,f10,f14	 f10:0x7fc00000 f14:0xbf800000 x24=0x00000000
     192005.000 ns	     19199	80004160	01ee3fd3	fadd.s	f31,f28,f30	 f28:0x4e913a20 f30:0x7fffffff f31=0x7fc00000
     192375.000 ns	     19236	80004164	03e261b3	rem	x3,x4,x30	  x4:0x00000001 x30:0x489d1000  x3=0x00000001
     192395.000 ns	     19238	80004168	a0d58e13	addi	x28,x11,-1523	 x11:0x00000000 x28=0xfffffa0d
     192405.000 ns	     19239	8000416c	41348233	sub	x4,x9,x19	  x9:0x0e392982 x19:0x00800000  x4=0x0db92982
     192415.000 ns	     19240	80004170	41258633	sub	x12,x11,x18	 x11:0x00000000 x18:0x039d8114 x12=0xfc627eec
     192775.000 ns	     19276	80004174	03a164b3	rem	x9,x2,x26	  x2:0x2daf0000 x26:0xee6fe02a  x9=0x0a8ec054
     192805.000 ns	     19279	80004178	212b1753	fsgnjn.s	f14,f22,f18	 f22:0x4e913a20 f18:0x7fc00000 f14=0xce913a20
     192835.000 ns	     19282	8000417c	c00526d3	fcvt.w.s	x13,f10	 f10:0x7fc00000 x13=0x7fffffff
     192865.000 ns	     19285	80004180	039520b3	mulhsu	x1,x10,x25	 x10:0x00000001 x25:0x0e392982  x1=0x00000000
     192885.000 ns	     19287	80004184	013a52b3	srl	x5,x20,x19	 x20:0x7fc00000 x19:0x00800000  x5=0x7fc00000
     192915.000 ns	     19290	80004188	10177c53	fmul.s	f24,f14,f1	 f14:0xce913a20  f1:0x4d639298 f24=0xdc8119b4
     192935.000 ns	     19292	8000418c	d01d8593	addi	x11,x27,-767	 x27:0x00000000 x11=0xfffffd01
     192945.000 ns	     19293	80004190	00245bb3	srl	x23,x8,x2	  x8:0xeab6705c  x2:0x2daf0000 x23=0xeab6705c
     192955.000 ns	     19294	80004194	a66921b7	lui	x3,0xa6692	  x3=0xa6692000
     192975.000 ns	     19296	80004198	21cb07d3	fsgnj.s	f15,f22,f28	 f22:0x4e913a20 f28:0x4e913a20 f15=0x4e913a20
     193025.000 ns	     19301	8000419c	0837ffd3	fsub.s	f31,f15,f3	 f15:0x4d855900  f3:0x4e796880 f31=0x4d242f00
     193075.000 ns	     19306	800041a0	00c27c53	fadd.s	f24,f4,f12	  f4:0x4e450eff f12:0x00000000 f24=0x4e450eff
     193105.000 ns	     19309	800041a4	f00d0453	fmv.w.x	f8,x26	 x26:0xee6fe02a  f8=0xee6fe02a
     193125.000 ns	     19311	800041a8	c8b6c693	xori	x13,x13,-885	 x13:0x7fffffff x13=0x80000374
     193135.000 ns	     19312	800041ac	a1c12613	slti	x12,x2,-1508	  x2:0x2daf0000 x12=0x00000000
     193155.000 ns	     19314	800041b0	a09e0ed3	fle.s	x29,f28,f9	 f28:0x4e913a20  f9:0x7fc00000 x29=0x00000000
     193175.000 ns	     19316	800041b4	714aae13	slti	x28,x21,1812	 x21:0x01477d2e x28=0x00000000
     193185.000 ns	     19317	800041b8	009edf13	srli	x30,x29,0x9	 x29:0x00000000 x30=0x00000000
     193205.000 ns	     19319	800041bc	e0088e53	fmv.x.w	x28,f17	 f17:0xce810000 x28=0xce810000
     193225.000 ns	     19321	800041c0	f2343213	sltiu	x4,x8,-221	  x8:0xeab6705c  x4=0x00000001
     193235.000 ns	     19322	800041c4	00c35013	srli	x0,x6,0xc	  x6:0x80041024
     193245.000 ns	     19323	800041c8	41a95bb3	sra	x23,x18,x26	 x18:0x039d8114 x26:0xee6fe02a x23=0x0000e760
     193265.000 ns	     19325	800041cc	217ca253	fsgnjx.s	f4,f25,f23	 f25:0x7fffffff f23:0xce810000  f4=0xffffffff
     193295.000 ns	     19328	800041d0	200886d3	fsgnj.s	f13,f17,f0	 f17:0xce810000  f0:0x4e796880 f13=0x4e810000
     193315.000 ns	     19330	800041d4	013f3b33	sltu	x22,x30,x19	 x30:0x00000000 x19:0x00800000 x22=0x00000001
     193325.000 ns	     19331	800041d8	9fe569b7	lui	x19,0x9fe56	 x19=0x9fe56000
     193345.000 ns	     19333	800041dc	c01682d3	fcvt.wu.s	x5,f13	 f13:0x4e810000  x5=0x40800000
     193365.000 ns	     19335	800041e0	00e00233	add	x4,x0,x14	  x0:0x00000000 x14:0x0001d56c  x4=0x0001d56c
     193725.000 ns	     19371	800041e4	0305ffb3	remu	x31,x11,x16	 x11:0xfffffd01 x16:0xffffffff x31=0xfffffd01
     193755.000 ns	     19374	800041e8	c016cad3	fcvt.wu.s	x21,f13	 f13:0x4e810000 x21=0x40800000
     193785.000 ns	     19377	800041ec	f0088553	fmv.w.x	f10,x17	 x17:0x4d639298 f10=0x4d639298
     193835.000 ns	     19382	800041f0	00732153	fadd.s	f2,f6,f7	  f6:0x7fc00000  f7:0x00000001  f2=0x7fc00000
     193865.000 ns	     19385	800041f4	03af1633	mulh	x12,x30,x26	 x30:0x00000000 x26:0xee6fe02a x12=0x00000000
     193885.000 ns	     19387	800041f8	00000013	addi	x0,x0,0	  x0:0x00000000
     193905.000 ns	     19389	800041fc	c004f853	fcvt.w.s	x16,f9	  f9:0x7fc00000 x16=0x7fffffff
     193935.000 ns	     19392	80004200	d0012253	fcvt.s.w	f4,x2	  x2:0x2daf0000  f4=0x4e36bc00
     193955.000 ns	     19394	80004204	001c0d33	add	x26,x24,x1	 x24:0x00000000  x1:0x00000000 x26=0x00000000
     193975.000 ns	     19396	80004208	023c0733	mul	x14,x24,x3	 x24:0x00000000  x3:0xa6692000 x14=0x00000000
     194005.000 ns	     19399	8000420c	03fb14b3	mulh	x9,x22,x31	 x22:0x00000001 x31:0xfffffd01  x9=0xffffffff
     194025.000 ns	     19401	80004210	410903b3	sub	x7,x18,x16	 x18:0x039d8114 x16:0x7fffffff  x7=0x839d8115
     194035.000 ns	     19402	80004214	a1ae0993	addi	x19,x28,-1510	 x28:0xce810000 x19=0xce80fa1a
     194045.000 ns	     19403	80004218	00c2d5b3	srl	x11,x5,x12	  x5:0x40800000 x12:0x00000000 x11=0x40800000
     194065.000 ns	     19405	8000421c	29a69fd3	fmax.s	f31,f13,f26	 f13:0x4e810000 f26:0x7fc00000 f31=0x4e810000
     194095.000 ns	     19408	80004220	295907d3	fmin.s	f15,f18,f21	 f18:0x7fc00000 f21:0x00000000 f15=0x00000000
     194115.000 ns	     19410	80004224	ab847893	andi	x17,x8,-1352	  x8:0xeab6705c x17=0xeab67018
     194135.000 ns	     19412	80004228	21e0a953	fsgnjx.s	f18,f1,f30	  f1:0x4d639298 f30:0x7fffffff f18=0x4d639298
     194155.000 ns	     19414	8000422c	00046a33	or	x20,x8,x0	  x8:0xeab6705c  x0:0x00000000 x20=0xeab6705c
     194175.000 ns	     19416	80004230	e00b1a53	fclass.s	x20,f22	 f22:0x4e913a20 x20=0x00000040
     194195.000 ns	     19418	80004234	1ba78213	addi	x4,x15,442	 x15:0x80040fe4  x4=0x8004119e
     194205.000 ns	     19419	80004238	e0a16613	ori	x12,x2,-502	  x2:0x2daf0000 x12=0xfffffe0a
     194215.000 ns	     19420	8000423c	06d8a513	slti	x10,x17,109	 x17:0xeab67018 x10=0x00000001
     194235.000 ns	     19422	80004240	02dd15b3	mulh	x11,x26,x13	 x26:0x00000000 x13:0x80000374 x11=0x00000000
     194605.000 ns	     19459	80004244	02777033	remu	x0,x14,x7	 x14:0x00000000  x7:0x839d8115
     194635.000 ns	     19462	80004248	0286abb3	mulhsu	x23,x13,x8	 x13:0x80000374  x8:0xeab6705c x23=0x8aa4cafc
     194655.000 ns	     19464	8000424c	c7c6b517	auipc	x10,0xc7c6b	 x10=0x47c6f24c
     194665.000 ns	     19465	80004250	40825eb3	sra	x29,x4,x8	  x4:0x8004119e  x8:0xeab6705c x29=0xfffffff8
     194685.000 ns	     19467	80004254	a0369d53	flt.s	x26,f13,f3	 f13:0x4e810000  f3:0x4e796880 x26=0x00000000
     194705.000 ns	     19469	80004258	e245ca37	lui	x20,0xe245c	 x20=0xe245c000
     194715.000 ns	     19470	8000425c	400d5a33	sra	x20,x26,x0	 x26:0x00000000  x0:0x00000000 x20=0x00000000
     194745.000 ns	     19473	80004260	10e634d3	fmul.s	f9,f12,f14	 f12:0x00000000 f14:0xce913a20  f9=0x80000000
     195115.000 ns	     19510	80004264	02f46133	rem	x2,x8,x15	  x8:0xeab6705c x15:0x80040fe4  x2=0xeab6705c
     195145.000 ns	     19513	80004268	a062a9d3	feq.s	x19,f5,f6	  f5:0x00000001  f6:0x7fc00000 x19=0x00000000
     195165.000 ns	     19515	8000426c	01bdba33	sltu	x20,x27,x27	 x27:0x00000000 x27:0x00000000 x20=0x00000000
     195175.000 ns	     19516	80004270	c7463593	sltiu	x11,x12,-908	 x12:0xfffffe0a x11=0x00000000
     195185.000 ns	     19517	80004274	41d9de33	sra	x28,x19,x29	 x19:0x00000000 x29:0xfffffff8 x28=0x00000000
     195195.000 ns	     19518	80004278	01487d33	and	x26,x16,x20	 x16:0x7fffffff x20:0x00000000 x26=0x00000000
     195215.000 ns	     19520	8000427c	29a80053	fmin.s	f0,f16,f26	 f16:0x7fc00000 f26:0x7fc00000  f0=0x7fc00000
     195245.000 ns	     19523	80004280	214a16d3	fsgnjn.s	f13,f20,f20	 f20:0x00000001 f20:0x00000001 f13=0x80000001
     195275.000 ns	     19526	80004284	29898ed3	fmin.s	f29,f19,f24	 f19:0x4f800000 f24:0x4e450eff f29=0x4e450eff
     195305.000 ns	     19529	80004288	29919753	fmax.s	f14,f3,f25	  f3:0x4e796880 f25:0x7fffffff f14=0x4e796880
     195355.000 ns	     19534	8000428c	0906b553	fsub.s	f10,f13,f16	 f13:0x80000001 f16:0x7fc00000 f10=0x7fc00000
     195385.000 ns	     19537	80004290	f00d8dd3	fmv.w.x	f27,x27	 x27:0x00000000 f27=0x00000000
     195405.000 ns	     19539	80004294	a25df613	andi	x12,x27,-1499	 x27:0x00000000 x12=0x00000000
     195425.000 ns	     19541	80004298	299109d3	fmin.s	f19,f2,f25	  f2:0x7fc00000 f25:0x7fffffff f19=0x7fc00000
     195445.000 ns	     19543	8000429c	bc220d13	addi	x26,x4,-1086	  x4:0x8004119e x26=0x80040d60
     195455.000 ns	     19544	800042a0	34156013	ori	x0,x10,833	 x10:0x47c6f24c
     195475.000 ns	     19546	800042a4	d002add3	fcvt.s.w	f27,x5	  x5:0x40800000 f27=0x4e810000
     195495.000 ns	     19548	800042a8	418b0933	sub	x18,x22,x24	 x22:0x00000001 x24:0x00000000 x18=0x00000001
     195515.000 ns	     19550	800042ac	a101a8d3	feq.s	x17,f3,f16	  f3:0x4e796880 f16:0x7fc00000 x17=0x00000000
     195545.000 ns	     19553	800042b0	03592ab3	mulhsu	x21,x18,x21	 x18:0x039d8114 x21:0x40800000 x21=0x00000000
     195575.000 ns	     19556	800042b4	e00d0053	fmv.x.w	x0,f26	 f26:0x7fc00000
     195595.000 ns	     19558	800042b8	00196e33	or	x28,x18,x1	 x18:0x00000001  x1:0x00000000 x28=0x00000001
     195615.000 ns	     19560	800042bc	29cf9fd3	fmax.s	f31,f31,f28	 f31:0x4e810000 f28:0x4e913a20 f31=0x4e913a20
     195645.000 ns	     19563	800042c0	d0047753	fcvt.s.w	f14,x8	  x8:0xeab6705c f14=0xcdaa4c7d
     195675.000 ns	     19566	800042c4	03029c33	mulh	x24,x5,x16	  x5:0x40800000 x16:0x7fffffff x24=0x203fffff
     195715.000 ns	     19570	800042c8	580cf953	fsqrt.s	f18,f25	 f25:0x7fffffff f18=0x7fc00000
     195745.000 ns	     19573	800042cc	294c9f53	fmax.s	f30,f25,f20	 f25:0x7fffffff f20:0x00000001 f30=0x00000001
     195765.000 ns	     19575	800042d0	01c61393	slli	x7,x12,0x1c	 x12:0x00000000  x7=0x00000000
     195785.000 ns	     19577	800042d4	d0169d53	fcvt.s.wu	f26,x13	 x13:0x80000374 f26=0x4f000003
     195805.000 ns	     19579	800042d8	585ecd93	xori	x27,x29,1413	 x29:0xfffffff8 x27=0xfffffa7d
     195825.000 ns	     19581	800042dc	29c88fd3	fmin.s	f31,f17,f28	 f17:0xce810000 f28:0x4e913a20 f31=0xce810000
     195855.000 ns	     19584	800042e0	03b212b3	mulh	x5,x4,x27	  x4:0x8004119e x27:0x00000000  x5=0x000002c1
     195885.000 ns	     19587	800042e4	21981cd3	fsgnjn.s	f25,f16,f25	 f16:0x7fc00000 f25:0x7fffffff f25=0xffc00000
     195915.000 ns	     19590	800042e8	a17d2953	feq.s	x18,f26,f23	 f26:0x4f000003 f23:0xce810000 x18=0x00000000
     195945.000 ns	     19593	800042ec	035c62b3	rem	x5,x24,x21	 x24:0x203fffff x21:0x00000000  x5=0x203fffff
     196315.000 ns	     19630	800042f0	022ef2b3	remu	x5,x29,x2	 x29:0xfffffff8  x2:0xeab6705c  x5=0x15498f9c
     196345.000 ns	     19633	800042f4	e00e8753	fmv.x.w	x14,f29	 f29:0x4e450eff x14=0x4e450eff
     196375.000 ns	     19636	800042f8	a0c39dd3	flt.s	x27,f7,f12	  f7:0x00000001 f12:0x00000000 x27=0x00000000
     196405.000 ns	     19639	800042fc	28ec96d3	fmax.s	f13,f25,f14	 f25:0xffc00000 f14:0xcdaa4c7d f13=0xcdaa4c7d
     196435.000 ns	     19642	80004300	21c8a6d3	fsgnjx.s	f13,f17,f28	 f17:0xce810000 f28:0x4e913a20 f13=0xce810000
     196465.000 ns	     19645	80004304	a0eea153	feq.s	x2,f29,f14	 f29:0x4e450eff f14:0xcdaa4c7d  x2=0x00000000
     196485.000 ns	     19647	80004308	f057ee13	ori	x28,x15,-251	 x15:0x80040fe4 x28=0xffffffe5
     196525.000 ns	     19651	8000430c	001af153	fadd.s	f2,f21,f1	 f21:0x00000000  f1:0x4d639298  f2=0x4d639298
     196545.000 ns	     19653	80004310	2e4a2093	slti	x1,x20,740	 x20:0x00000000  x1=0x00000001
     196555.000 ns	     19654	80004314	e1fac037	lui	x0,0xe1fac	
     196595.000 ns	     19658	80004318	00e4bad3	fadd.s	f21,f9,f14	  f9:0x80000000 f14:0xcdaa4c7d f21=0xcdaa4c7d
     196965.000 ns	     19695	8000431c	029f6e33	rem	x28,x30,x9	 x30:0x00000000  x9:0xffffffff x28=0x00000000
     196985.000 ns	     19697	80004320	2bd272b7	lui	x5,0x2bd27	  x5=0x2bd27000
     196995.000 ns	     19698	80004324	30c58613	addi	x12,x11,780	 x11:0x00000000 x12=0x0000030c
     197015.000 ns	     19700	80004328	a14a8753	fle.s	x14,f21,f20	 f21:0xcdaa4c7d f20:0x00000001 x14=0x00000001
     197045.000 ns	     19703	8000432c	219b9d53	fsgnjn.s	f26,f23,f25	 f23:0xce810000 f25:0xffc00000 f26=0x4e810000
     197065.000 ns	     19705	80004330	01fc5913	srli	x18,x24,0x1f	 x24:0x203fffff x18=0x00000000
     197085.000 ns	     19707	80004334	a19e11d3	flt.s	x3,f28,f25	 f28:0x4e913a20 f25:0xffc00000  x3=0x00000000
     197105.000 ns	     19709	80004338	6749fc37	lui	x24,0x6749f	 x24=0x6749f000
     197115.000 ns	     19710	8000433c	0123e533	or	x10,x7,x18	  x7:0x00000000 x18:0x00000000 x10=0x00000000
     197135.000 ns	     19712	80004340	29b11253	fmax.s	f4,f2,f27	  f2:0x4d639298 f27:0x4e810000  f4=0x4e810000
     197155.000 ns	     19714	80004344	41bd5613	srai	x12,x26,0x1b	 x26:0x80040d60 x12=0xfffffff0
     197175.000 ns	     19716	80004348	20880053	fsgnj.s	f0,f16,f8	 f16:0x7fc00000  f8:0xee6fe02a  f0=0xffc00000
     197205.000 ns	     19719	8000434c	e0089453	fclass.s	x8,f17	 f17:0xce810000  x8=0x00000002
     197575.000 ns	     19756	80004350	02d36433	rem	x8,x6,x13	  x6:0x80041024 x13:0x80000374  x8=0x80041024
     197605.000 ns	     19759	80004354	29e18b53	fmin.s	f22,f3,f30	  f3:0x4e796880 f30:0x00000001 f22=0x00000001
     197945.000 ns	     19793	80004358	197f9ed3	fdiv.s	f29,f31,f23	 f31:0xce810000 f23:0xce810000 f29=0x3f010000
     197965.000 ns	     19795	8000435c	40a6de33	sra	x28,x13,x10	 x13:0x80000374 x10:0x00000000 x28=0x80000374
     197975.000 ns	     19796	80004360	00000013	addi	x0,x0,0	  x0:0x00000000
     197985.000 ns	     19797	80004364	2c9e6113	ori	x2,x28,713	 x28:0x00000000  x2=0x800003fd
     197995.000 ns	     19798	80004368	00e064b3	or	x9,x0,x14	  x0:0x00000000 x14:0x00000001  x9=0x00000001
     198015.000 ns	     19800	8000436c	f00d0653	fmv.w.x	f12,x26	 x26:0x80040d60 f12=0x80040d60
     198045.000 ns	     19803	80004370	f0080f53	fmv.w.x	f30,x16	 x16:0x7fffffff f30=0x7fffffff
     198065.000 ns	     19805	80004374	1e8d4493	xori	x9,x26,488	 x26:0x80040d60  x9=0x80040c88
     198095.000 ns	     19808	80004378	11aefbd3	fmul.s	f23,f29,f26	 f29:0x3f010000 f26:0x4e810000 f23=0x4e020200
     198135.000 ns	     19812	8000437c	58067dd3	fsqrt.s	f27,f12	 f12:0x80040d60 f27=0x7fc00000
     198165.000 ns	     19815	80004380	a1ce0253	fle.s	x4,f28,f28	 f28:0x4e913a20 f28:0x4e913a20  x4=0x00000001
     198195.000 ns	     19818	80004384	027c85b3	mul	x11,x25,x7	 x25:0x0e392982  x7:0x00000000 x11=0x00000000
     198245.000 ns	     19823	80004388	082e7753	fsub.s	f14,f28,f2	 f28:0x4e913a20  f2:0x4d639298 f14=0x4e698f9a
     198275.000 ns	     19826	8000438c	e0000553	fmv.x.w	x10,f0	  f0:0xffc00000 x10=0xffc00000
     198315.000 ns	     19830	80004390	5809ff53	fsqrt.s	f30,f19	 f19:0x7fc00000 f30=0x7fc00000
     198345.000 ns	     19833	80004394	29250953	fmin.s	f18,f10,f18	 f10:0x7fc00000 f18:0x7fc00000 f18=0x7fc00000
     198365.000 ns	     19835	80004398	01624eb3	xor	x29,x4,x22	  x4:0x00000001 x22:0x00000001 x29=0x00000000
     198385.000 ns	     19837	8000439c	c002f153	fcvt.w.s	x2,f5	  f5:0x00000001  x2=0x00000000
     198405.000 ns	     19839	800043a0	018f1e93	slli	x29,x30,0x18	 x30:0x00000000 x29=0x00000000
     198415.000 ns	     19840	800043a4	47ba2d93	slti	x27,x20,1147	 x20:0x00000000 x27=0x00000001
     198435.000 ns	     19842	800043a8	d0007553	fcvt.s.w	f10,x0	  x0:0x00000000 f10=0x00000000
     198465.000 ns	     19845	800043ac	a1c483d3	fle.s	x7,f9,f28	  f9:0x80000000 f28:0x4e913a20  x7=0x00000001
     198485.000 ns	     19847	800043b0	0028c633	xor	x12,x17,x2	 x17:0x00000000  x2:0x00000000 x12=0x00000000
     198495.000 ns	     19848	800043b4	35053893	sltiu	x17,x10,848	 x10:0xffc00000 x17=0x00000000
     198505.000 ns	     19849	800043b8	00fd34b3	sltu	x9,x26,x15	 x26:0x80040d60 x15:0x80040fe4  x9=0x00000001
     198525.000 ns	     19851	800043bc	f00980d3	fmv.w.x	f1,x19	 x19:0x00000000  f1=0x00000000
     198555.000 ns	     19854	800043c0	025ea1b3	mulhsu	x3,x29,x5	 x29:0x00000000  x5:0x2bd27000  x3=0x00000000
     198585.000 ns	     19857	800043c4	d00672d3	fcvt.s.w	f5,x12	 x12:0x00000000  f5=0x00000000
     198615.000 ns	     19860	800043c8	a0990e53	fle.s	x28,f18,f9	 f18:0x7fc00000  f9:0x80000000 x28=0x00000000
     198635.000 ns	     19862	800043cc	00830733	add	x14,x6,x8	  x6:0x80041024  x8:0x80041024 x14=0x00082048
     198675.000 ns	     19866	800043d0	099498d3	fsub.s	f17,f9,f25	  f9:0x80000000 f25:0xffc00000 f17=0x7fc00000
     198705.000 ns	     19869	800043d4	c010ffd3	fcvt.wu.s	x31,f1	  f1:0x00000000 x31=0x00000000
     198725.000 ns	     19871	800043d8	82100013	addi	x0,x0,-2015	  x0:0x00000000
     198735.000 ns	     19872	800043dc	017bae33	slt	x28,x23,x23	 x23:0x8aa4cafc x23:0x8aa4cafc x28=0x00000000
     198755.000 ns	     19874	800043e0	03ba34b3	mulhu	x9,x20,x27	 x20:0x00000000 x27:0x00000001  x9=0x00000000
     198805.000 ns	     19879	800043e4	01b57ed3	fadd.s	f29,f10,f27	 f10:0x00000000 f27:0x7fc00000 f29=0x7fc00000
     198835.000 ns	     19882	800043e8	02a58a33	mul	x20,x11,x10	 x11:0x00000000 x10:0xffc00000 x20=0x00000000
     198865.000 ns	     19885	800043ec	206b1b53	fsgnjn.s	f22,f22,f6	 f22:0x00000001  f6:0x7fc00000 f22=0x80000001
     198885.000 ns	     19887	800043f0	db963413	sltiu	x8,x12,-583	 x12:0x00000000  x8=0x00000001
     198905.000 ns	     19889	800043f4	288797d3	fmax.s	f15,f15,f8	 f15:0x00000000  f8:0xee6fe02a f15=0x00000000
     198935.000 ns	     19892	800043f8	0216b933	mulhu	x18,x13,x1	 x13:0x80000374  x1:0x00000001 x18=0x00000000
     198955.000 ns	     19894	800043fc	ae50c593	xori	x11,x1,-1307	  x1:0x00000001 x11=0xfffffae4
     198965.000 ns	     19895	80004400	6df0e713	ori	x14,x1,1759	  x1:0x00000001 x14=0x000006df
     198985.000 ns	     19897	80004404	d001f6d3	fcvt.s.w	f13,x3	  x3:0x00000000 f13=0x00000000
     199015.000 ns	     19900	80004408	20fc0453	fsgnj.s	f8,f24,f15	 f24:0x4e450eff f15:0x00000000  f8=0x4e450eff
     199045.000 ns	     19903	8000440c	a13382d3	fle.s	x5,f7,f19	  f7:0x00000001 f19:0x7fc00000  x5=0x00000000
     199075.000 ns	     19906	80004410	e00511d3	fclass.s	x3,f10	 f10:0x00000000  x3=0x00000010
     199125.000 ns	     19911	80004414	09151ad3	fsub.s	f21,f10,f17	 f10:0x00000000 f17:0x7fc00000 f21=0x7fc00000
     199155.000 ns	     19914	80004418	c008f553	fcvt.w.s	x10,f17	 f17:0x7fc00000 x10=0x7fffffff
     199175.000 ns	     19916	8000441c	00000013	addi	x0,x0,0	  x0:0x00000000
     199185.000 ns	     19917	80004420	9c334813	xori	x16,x6,-1597	  x6:0x80041024 x16=0x7ffbe9e7
     199195.000 ns	     19918	80004424	a3ffe193	ori	x3,x31,-1473	 x31:0x00000000  x3=0xfffffa3f
     199215.000 ns	     19920	80004428	f00907d3	fmv.w.x	f15,x18	 x18:0x00000000 f15=0x00000000
     199235.000 ns	     19922	8000442c	bb6eef13	ori	x30,x29,-1098	 x29:0x00000000 x30=0xfffffbb6
     199245.000 ns	     19923	80004430	f839ff93	andi	x31,x19,-125	 x19:0x00000000 x31=0x00000000
     199265.000 ns	     19925	80004434	28508f53	fmin.s	f30,f1,f5	  f1:0x00000000  f5:0x00000000 f30=0x00000000
     199285.000 ns	     19927	80004438	0016b233	sltu	x4,x13,x1	 x13:0x80000374  x1:0x00000001  x4=0x00000000
     199305.000 ns	     19929	8000443c	035066b3	rem	x13,x0,x21	  x0:0x00000000 x21:0x00000000 x13=0x00000000
     199335.000 ns	     19932	80004440	20771353	fsgnjn.s	f6,f14,f7	 f14:0x4e698f9a  f7:0x00000001  f6=0xce698f9a
     199365.000 ns	     19935	80004444	d0180c53	fcvt.s.wu	f24,x16	 x16:0x7ffbe9e7 f24=0x4efff7d4
     199385.000 ns	     19937	80004448	93a9af93	slti	x31,x19,-1734	 x19:0x00000000 x31=0x00000000
     199395.000 ns	     19938	8000444c	92718893	addi	x17,x3,-1753	  x3:0xfffffa3f x17=0xfffff366
     199725.000 ns	     19971	80004450	194e7753	fdiv.s	f14,f28,f20	 f28:0x4e913a20 f20:0x00000001 f14=0x7f800000
     199745.000 ns	     19973	80004454	41b55d33	sra	x26,x10,x27	 x10:0x7fffffff x27:0x00000001 x26=0x3fffffff
     199755.000 ns	     19974	80004458	4182da93	srai	x21,x5,0x18	  x5:0x00000000 x21=0x00000000
     199775.000 ns	     19976	8000445c	a0d415d3	flt.s	x11,f8,f13	  f8:0x4e450eff f13:0x00000000 x11=0x00000000
     199805.000 ns	     19979	80004460	d0037ed3	fcvt.s.w	f29,x6	  x6:0x80041024 f29=0xcefff7df
     199825.000 ns	     19981	80004464	d2236b13	ori	x22,x6,-734	  x6:0x80041024 x22=0xfffffd26
     199835.000 ns	     19982	80004468	00322a33	slt	x20,x4,x3	  x4:0x00000000  x3:0xfffffa3f x20=0x00000000
     199855.000 ns	     19984	8000446c	f00b8b53	fmv.w.x	f22,x23	 x23:0x8aa4cafc f22=0x8aa4cafc
     199885.000 ns	     19987	80004470	03d21533	mulh	x10,x4,x29	  x4:0x00000000 x29:0x00000000 x10=0x00000000
     199915.000 ns	     19990	80004474	032f81b3	mul	x3,x31,x18	 x31:0x00000000 x18:0x00000000  x3=0x00000000
     199935.000 ns	     19992	80004478	01b835b3	sltu	x11,x16,x27	 x16:0x7ffbe9e7 x27:0x00000001 x11=0x00000000
     199945.000 ns	     19993	8000447c	009c46b3	xor	x13,x24,x9	 x24:0x6749f000  x9:0x00000000 x13=0x6749f000
     200305.000 ns	     20029	80004480	0282f033	remu	x0,x5,x8	  x5:0x00000000  x8:0x00000001
     200325.000 ns	     20031	80004484	5a61eb93	ori	x23,x3,1446	  x3:0x00000000 x23=0x000005a6
     200335.000 ns	     20032	80004488	cd6fa193	slti	x3,x31,-810	 x31:0x00000000  x3=0x00000000
     200355.000 ns	     20034	8000448c	c00e78d3	fcvt.w.s	x17,f28	 f28:0x4e913a20 x17=0x489d1000
     200375.000 ns	     20036	80004490	42c18913	addi	x18,x3,1068	  x3:0x00000000 x18=0x0000042c
     200385.000 ns	     20037	80004494	3b754213	xori	x4,x10,951	 x10:0x00000000  x4=0x000003b7
     200395.000 ns	     20038	80004498	003e61b3	or	x3,x28,x3	 x28:0x00000000  x3:0x00000000  x3=0x00000000
     200425.000 ns	     20041	8000449c	5807f6d3	fsqrt.s	f13,f15	 f15:0x00000000 f13=0x00000000
     200445.000 ns	     20043	800044a0	daaae113	ori	x2,x21,-598	 x21:0x00000000  x2=0xfffffdaa
     200465.000 ns	     20045	800044a4	c00a0553	fcvt.w.s	x10,f20	 f20:0x00000001 x10=0x00000000
     200485.000 ns	     20047	800044a8	400f58b3	sra	x17,x30,x0	 x30:0xfffffbb6  x0:0x00000000 x17=0xfffffbb6
     200515.000 ns	     20050	800044ac	58097653	fsqrt.s	f12,f18	 f18:0x7fc00000 f12=0x7fc00000
     200535.000 ns	     20052	800044b0	400d8e33	sub	x28,x27,x0	 x27:0x00000001  x0:0x00000000 x28=0x00000001
     200555.000 ns	     20054	800044b4	024c2c33	mulhsu	x24,x24,x4	 x24:0x6749f000  x4:0x000003b7 x24=0x0000017f
     200585.000 ns	     20057	800044b8	f00c8c53	fmv.w.x	f24,x25	 x25:0x0e392982 f24=0x0e392982
     200605.000 ns	     20059	800044bc	695ef893	andi	x17,x29,1685	 x29:0x00000000 x17=0x00000000
     200625.000 ns	     20061	800044c0	0331ce33	div	x28,x3,x19	  x3:0x00000000 x19:0x00000000 x28=0xffffffff
     200655.000 ns	     20064	800044c4	284f96d3	fmax.s	f13,f31,f4	 f31:0xce810000  f4:0x4e810000 f13=0x4e810000
     200685.000 ns	     20067	800044c8	219503d3	fsgnj.s	f7,f10,f25	 f10:0x00000000 f25:0xffc00000  f7=0x80000000
     200715.000 ns	     20070	800044cc	e0010ad3	fmv.x.w	x21,f2	  f2:0x4d639298 x21=0x4d639298
     200745.000 ns	     20073	800044d0	c014b853	fcvt.wu.s	x16,f9	  f9:0x80000000 x16=0x00000000
     200765.000 ns	     20075	800044d4	01d99b13	slli	x22,x19,0x1d	 x19:0x00000000 x22=0x00000000
     200785.000 ns	     20077	800044d8	03e812b3	mulh	x5,x16,x30	 x16:0x00000000 x30:0xfffffbb6  x5=0x00000000
     200815.000 ns	     20080	800044dc	d005bbd3	fcvt.s.w	f23,x11	 x11:0x00000000 f23=0x00000000
     200835.000 ns	     20082	800044e0	0176c433	xor	x8,x13,x23	 x13:0x6749f000 x23:0x000005a6  x8=0x6749f5a6
     200845.000 ns	     20083	800044e4	415285b3	sub	x11,x5,x21	  x5:0x00000000 x21:0x4d639298 x11=0xb29c6d68
     200865.000 ns	     20085	800044e8	28ba99d3	fmax.s	f19,f21,f11	 f21:0x7fc00000 f11:0xffc00000 f19=0x7fc00000
     200885.000 ns	     20087	800044ec	01e00233	add	x4,x0,x30	  x0:0x00000000 x30:0xfffffbb6  x4=0xfffffbb6
     200905.000 ns	     20089	800044f0	030753b3	divu	x7,x14,x16	 x14:0x000006df x16:0x00000000  x7=0xffffffff
     201275.000 ns	     20126	800044f4	03235233	divu	x4,x6,x18	  x6:0x80041024 x18:0x0000042c  x4=0x001eaf79
     201305.000 ns	     20129	800044f8	f0060653	fmv.w.x	f12,x12	 x12:0x00000000 f12=0x00000000
     201345.000 ns	     20133	800044fc	1927ca53	fdiv.s	f20,f15,f18	 f15:0x00000000 f18:0x7fc00000 f20=0x7fc00000
     201365.000 ns	     20135	80004500	64407c13	andi	x24,x0,1604	  x0:0x00000000 x24=0x00000000
     201385.000 ns	     20137	80004504	20679453	fsgnjn.s	f8,f15,f6	 f15:0x00000000  f6:0xce698f9a  f8=0x00000000
     201415.000 ns	     20140	80004508	d0127953	fcvt.s.wu	f18,x4	  x4:0x001eaf79 f18=0x49f57bc8
     201435.000 ns	     20142	8000450c	016e1b93	slli	x23,x28,0x16	 x28:0xffffffff x23=0xffc00000
     201765.000 ns	     20175	80004510	198e7ed3	fdiv.s	f29,f28,f24	 f28:0x4e913a20 f24:0x0e392982 f29=0x7f800000
     201805.000 ns	     20179	80004514	5803a8d3	fsqrt.s	f17,f7	  f7:0x80000000 f17=0x80000000
     201835.000 ns	     20182	80004518	e0001453	fclass.s	x8,f0	  f0:0xffc00000  x8=0x00000200
     201875.000 ns	     20186	8000451c	1892f3d3	fdiv.s	f7,f5,f9	  f5:0x00000000  f9:0x80000000  f7=0x7fc00000
     201905.000 ns	     20189	80004520	c003cb53	fcvt.w.s	x22,f7	  f7:0x80000000 x22=0x7fffffff
     201925.000 ns	     20191	80004524	016e7033	and	x0,x28,x22	 x28:0xffffffff x22:0x00000000
     201945.000 ns	     20193	80004528	03ac0a33	mul	x20,x24,x26	 x24:0x00000000 x26:0x3fffffff x20=0x00000000
     202315.000 ns	     20230	8000452c	0268df33	divu	x30,x17,x6	 x17:0x00000000  x6:0x80041024 x30=0x00000000
     202335.000 ns	     20232	80004530	019bdbb3	srl	x23,x23,x25	 x23:0xffc00000 x25:0x0e392982 x23=0x3ff00000
     202345.000 ns	     20233	80004534	4c6f2493	slti	x9,x30,1222	 x30:0x00000000  x9=0x00000001
     202355.000 ns	     20234	80004538	0166fb33	and	x22,x13,x22	 x13:0x6749f000 x22:0x7fffffff x22=0x6749f000
     202385.000 ns	     20237	8000453c	188e09d3	fdiv.s	f19,f28,f8	 f28:0x4e913a20  f8:0x00000000 f19=0x7f800000
     202405.000 ns	     20239	80004540	00859c33	sll	x24,x11,x8	 x11:0xb29c6d68  x8:0x00000200 x24=0xb29c6d68
     202425.000 ns	     20241	80004544	f0070053	fmv.w.x	f0,x14	 x14:0x000006df  f0=0x000006df
     202455.000 ns	     20244	80004548	c01dc053	fcvt.wu.s	x0,f27	 f27:0x7fc00000
     202475.000 ns	     20246	8000454c	00000013	addi	x0,x0,0	  x0:0x00000000
     202515.000 ns	     20250	80004550	017ca353	fadd.s	f6,f25,f23	 f25:0xffc00000 f23:0x00000000  f6=0x7fc00000
     202535.000 ns	     20252	80004554	00d6f633	and	x12,x13,x13	 x13:0x6749f000 x13:0x6749f000 x12=0x6749f000
     202545.000 ns	     20253	80004558	00bb1033	sll	x0,x22,x11	 x22:0x6749f000 x11:0xb29c6d68
     202565.000 ns	     20255	8000455c	a199a0d3	feq.s	x1,f19,f25	 f19:0x7f800000 f25:0xffc00000  x1=0x00000000
     202595.000 ns	     20258	80004560	f0040fd3	fmv.w.x	f31,x8	  x8:0x00000200 f31=0x00000200
     202625.000 ns	     20261	80004564	e0039f53	fclass.s	x30,f7	  f7:0x7fc00000 x30=0x00000200
     202645.000 ns	     20263	80004568	01d4df33	srl	x30,x9,x29	  x9:0x00000001 x29:0x00000000 x30=0x00000001
     202655.000 ns	     20264	8000456c	002ddf13	srli	x30,x27,0x2	 x27:0x00000001 x30=0x00000000
     203015.000 ns	     20300	80004570	0394fdb3	remu	x27,x9,x25	  x9:0x00000001 x25:0x0e392982 x27=0x00000001
     203045.000 ns	     20303	80004574	a0ee0fd3	fle.s	x31,f28,f14	 f28:0x4e913a20 f14:0x7f800000 x31=0x00000001
     203075.000 ns	     20306	80004578	217b00d3	fsgnj.s	f1,f22,f23	 f22:0x8aa4cafc f23:0x00000000  f1=0x0aa4cafc
     203095.000 ns	     20308	8000457c	01f8f0b3	and	x1,x17,x31	 x17:0x00000000 x31:0x00000001  x1=0x00000000
     203105.000 ns	     20309	80004580	01929e33	sll	x28,x5,x25	  x5:0x00000000 x25:0x0e392982 x28=0x00000000
     203115.000 ns	     20310	80004584	85548e13	addi	x28,x9,-1963	  x9:0x00000001 x28=0xfffff856
     203125.000 ns	     20311	80004588	fae22117	auipc	x2,0xfae22	  x2=0x7ae26588
     203145.000 ns	     20313	8000458c	c007a753	fcvt.w.s	x14,f15	 f15:0x00000000 x14=0x00000000
     203175.000 ns	     20316	80004590	03ce3133	mulhu	x2,x28,x28	 x28:0xfffff856 x28:0xfffff856  x2=0xfffff0ac
     203225.000 ns	     20321	80004594	00f27753	fadd.s	f14,f4,f15	  f4:0x4e810000 f15:0x00000000 f14=0x4e810000
     203245.000 ns	     20323	80004598	3cb4f293	andi	x5,x9,971	  x9:0x00000001  x5=0x00000001
     203255.000 ns	     20324	8000459c	211025b7	lui	x11,0x21102	 x11=0x21102000
     203615.000 ns	     20360	800045a0	0393da33	divu	x20,x7,x25	  x7:0xffffffff x25:0x0e392982 x20=0x00000011
     203645.000 ns	     20363	800045a4	e00005d3	fmv.x.w	x11,f0	  f0:0x000006df x11=0x000006df
     203665.000 ns	     20365	800045a8	3fcb0b37	lui	x22,0x3fcb0	 x22=0x3fcb0000
     203695.000 ns	     20368	800045ac	197e8453	fdiv.s	f8,f29,f23	 f29:0x7f800000 f23:0x00000000  f8=0x7f800000
     203725.000 ns	     20371	800045b0	a0c682d3	fle.s	x5,f13,f12	 f13:0x4e810000 f12:0x00000000  x5=0x00000000
     203745.000 ns	     20373	800045b4	01bea6b3	slt	x13,x29,x27	 x29:0x00000000 x27:0x00000001 x13=0x00000001
     203775.000 ns	     20376	800045b8	58047c53	fsqrt.s	f24,f8	  f8:0x7f800000 f24=0x7f800000
     203805.000 ns	     20379	800045bc	a07ca3d3	feq.s	x7,f25,f7	 f25:0xffc00000  f7:0x7fc00000  x7=0x00000000
     203835.000 ns	     20382	800045c0	020352b3	divu	x5,x6,x0	  x6:0x80041024  x0:0x00000000  x5=0xffffffff
     203865.000 ns	     20385	800045c4	a07e90d3	flt.s	x1,f29,f7	 f29:0x7f800000  f7:0x7fc00000  x1=0x00000000
     203885.000 ns	     20387	800045c8	a1c6f513	andi	x10,x13,-1508	 x13:0x00000001 x10=0x00000000
     203905.000 ns	     20389	800045cc	28308753	fmin.s	f14,f1,f3	  f1:0x0aa4cafc  f3:0x4e796880 f14=0x0aa4cafc
     203925.000 ns	     20391	800045d0	cc00e297	auipc	x5,0xcc00e	  x5=0x4c0125d0
     203945.000 ns	     20393	800045d4	d004a953	fcvt.s.w	f18,x9	  x9:0x00000001 f18=0x3f800000
     203975.000 ns	     20396	800045d8	c0028953	fcvt.w.s	x18,f5	  f5:0x00000000 x18=0x00000000
     204345.000 ns	     20433	800045dc	0298f833	remu	x16,x17,x9	 x17:0x00000000  x9:0x00000001 x16=0x00000000
     204715.000 ns	     20470	800045e0	02dbd133	divu	x2,x23,x13	 x23:0x3ff00000 x13:0x00000001  x2=0x3ff00000
     204745.000 ns	     20473	800045e4	f00509d3	fmv.w.x	f19,x10	 x10:0x00000000 f19=0x00000000
     204795.000 ns	     20478	800045e8	0024a4d3	fadd.s	f9,f9,f2	  f9:0x80000000  f2:0x4d639298  f9=0x4d639298
     204835.000 ns	     20482	800045ec	1097b9d3	fmul.s	f19,f15,f9	 f15:0x00000000  f9:0x80000000 f19=0x00000000
     204865.000 ns	     20485	800045f0	294b0e53	fmin.s	f28,f22,f20	 f22:0x8aa4cafc f20:0x7fc00000 f28=0x8aa4cafc
     204895.000 ns	     20488	800045f4	f0078653	fmv.w.x	f12,x15	 x15:0x80040fe4 f12=0x80040fe4
     204915.000 ns	     20490	800045f8	0080cbb3	xor	x23,x1,x8	  x1:0x00000000  x8:0x00000200 x23=0x00000200
     204925.000 ns	     20491	800045fc	00800eb3	add	x29,x0,x8	  x0:0x00000000  x8:0x00000200 x29=0x00000200
     204935.000 ns	     20492	80004600	78ac7d93	andi	x27,x24,1930	 x24:0xb29c6d68 x27=0x00000508
     204955.000 ns	     20494	80004604	21889ed3	fsgnjn.s	f29,f17,f24	 f17:0x80000000 f24:0x7f800000 f29=0x80000000
     205005.000 ns	     20499	80004608	08aeced3	fsub.s	f29,f29,f10	 f29:0x7f800000 f10:0x00000000 f29=0x80000000
     205035.000 ns	     20502	8000460c	e0090553	fmv.x.w	x10,f18	 f18:0x3f800000 x10=0x3f800000
     205065.000 ns	     20505	80004610	030c78b3	remu	x17,x24,x16	 x24:0xb29c6d68 x16:0x00000000 x17=0xb29c6d68
     205085.000 ns	     20507	80004614	4ba72013	slti	x0,x14,1210	 x14:0x00000000
     205125.000 ns	     20511	80004618	013d16d3	fadd.s	f13,f26,f19	 f26:0x4e810000 f19:0x00000000 f13=0x4e810000
     206305.000 ns	     20629	8000461c	580735d3	fsqrt.s	f11,f14	 f14:0x0aa4cafc f11=0x24913c42
     206345.000 ns	     20633	80004620	11c3a6d3	fmul.s	f13,f7,f28	  f7:0x7fc00000 f28:0x8aa4cafc f13=0x7fc00000
     206385.000 ns	     20637	80004624	108ff8d3	fmul.s	f17,f31,f8	 f31:0x00000200  f8:0x7f800000 f17=0x7f800000
     206415.000 ns	     20640	80004628	e00196d3	fclass.s	x13,f3	  f3:0x4e796880 x13=0x00000040
     206445.000 ns	     20643	8000462c	030f4733	div	x14,x30,x16	 x30:0x00000000 x16:0x00000000 x14=0xffffffff
     206475.000 ns	     20646	80004630	e00e1653	fclass.s	x12,f28	 f28:0x8aa4cafc x12=0x00000002
     206815.000 ns	     20680	80004634	19ffa653	fdiv.s	f12,f31,f31	 f31:0x00000200 f31:0x00000200 f12=0x3834b4b6
     206835.000 ns	     20682	80004638	0149c3b3	xor	x7,x19,x20	 x19:0x00000000 x20:0x00000011  x7=0x00000011
     206845.000 ns	     20683	8000463c	df63ab17	auipc	x22,0xdf63a	 x22=0x5f63e63c
     206855.000 ns	     20684	80004640	00906733	or	x14,x0,x9	  x0:0x00000000  x9:0x00000001 x14=0x00000001
     206875.000 ns	     20686	80004644	a07380d3	fle.s	x1,f7,f7	  f7:0x7fc00000  f7:0x7fc00000  x1=0x00000000
     206895.000 ns	     20688	80004648	00bc4f33	xor	x30,x24,x11	 x24:0xb29c6d68 x11:0x000006df x30=0xb29c6bb7
     206905.000 ns	     20689	8000464c	00000013	addi	x0,x0,0	  x0:0x00000000
     206915.000 ns	     20690	80004650	52bb2e93	slti	x29,x22,1323	 x22:0x5f63e63c x29=0x00000000
     206955.000 ns	     20694	80004654	089a88d3	fsub.s	f17,f21,f9	 f21:0x7fc00000  f9:0x4d639298 f17=0x7fc00000
     206975.000 ns	     20696	80004658	01d7b233	sltu	x4,x15,x29	 x15:0x80040fe4 x29:0x00000200  x4=0x00000000
     206985.000 ns	     20697	8000465c	0098afb3	slt	x31,x17,x9	 x17:0xb29c6d68  x9:0x00000001 x31=0x00000001
     206995.000 ns	     20698	80004660	01d98e33	add	x28,x19,x29	 x19:0x00000000 x29:0x00000000 x28=0x00000000
     207015.000 ns	     20700	80004664	022d90b3	mulh	x1,x27,x2	 x27:0x00000508  x2:0x3ff00000  x1=0x00000141
     207035.000 ns	     20702	80004668	1175ff37	lui	x30,0x1175f	 x30=0x1175f000
     207045.000 ns	     20703	8000466c	00000013	addi	x0,x0,0	  x0:0x00000000
     207065.000 ns	     20705	80004670	21d516d3	fsgnjn.s	f13,f10,f29	 f10:0x00000000 f29:0x80000000 f13=0x00000000
     207085.000 ns	     20707	80004674	a0c08013	addi	x0,x1,-1524	  x1:0x00000141
     207095.000 ns	     20708	80004678	413dddb3	sra	x27,x27,x19	 x27:0x00000508 x19:0x00000000 x27=0x00000508
     207115.000 ns	     20710	8000467c	e00c04d3	fmv.x.w	x9,f24	 f24:0x7f800000  x9=0x7f800000
     207485.000 ns	     20747	80004680	03674233	div	x4,x14,x22	 x14:0x00000001 x22:0x5f63e63c  x4=0x00000000
     207515.000 ns	     20750	80004684	0349b6b3	mulhu	x13,x19,x20	 x19:0x00000000 x20:0x00000011 x13=0x00000000
     207535.000 ns	     20752	80004688	0156d133	srl	x2,x13,x21	 x13:0x00000040 x21:0x4d639298  x2=0x00000000
     207555.000 ns	     20754	8000468c	f00481d3	fmv.w.x	f3,x9	  x9:0x7f800000  f3=0x7f800000
     207585.000 ns	     20757	80004690	a10928d3	feq.s	x17,f18,f16	 f18:0x3f800000 f16:0x7fc00000 x17=0x00000000
     207615.000 ns	     20760	80004694	f0028fd3	fmv.w.x	f31,x5	  x5:0x4c0125d0 f31=0x4c0125d0
     207655.000 ns	     20764	80004698	580f7f53	fsqrt.s	f30,f30	 f30:0x00000000 f30=0x00000000
     207675.000 ns	     20766	8000469c	00bec233	xor	x4,x29,x11	 x29:0x00000000 x11:0x000006df  x4=0x000006df
     207695.000 ns	     20768	800046a0	c01b2ad3	fcvt.wu.s	x21,f22	 f22:0x8aa4cafc x21=0x00000000
     207715.000 ns	     20770	800046a4	8b012a13	slti	x20,x2,-1872	  x2:0x00000000 x20=0x00000000
     207735.000 ns	     20772	800046a8	20831bd3	fsgnjn.s	f23,f6,f8	  f6:0x7fc00000  f8:0x7f800000 f23=0xffc00000
     207755.000 ns	     20774	800046ac	db3046b7	lui	x13,0xdb304	 x13=0xdb304000
     207765.000 ns	     20775	800046b0	bcc9fb93	andi	x23,x19,-1076	 x19:0x00000000 x23=0x00000000
     207795.000 ns	     20778	800046b4	18647253	fdiv.s	f4,f8,f6	  f8:0x7f800000  f6:0x7fc00000  f4=0x7fc00000
     207815.000 ns	     20780	800046b8	57d33217	auipc	x4,0x57d33	  x4=0xd7d376b8
     207835.000 ns	     20782	800046bc	a1899a53	flt.s	x20,f19,f24	 f19:0x00000000 f24:0x7f800000 x20=0x00000001
     207855.000 ns	     20784	800046c0	6f507f93	andi	x31,x0,1781	  x0:0x00000000 x31=0x00000000
     207875.000 ns	     20786	800046c4	d017b3d3	fcvt.s.wu	f7,x15	 x15:0x80040fe4  f7=0x4f000410
     207905.000 ns	     20789	800046c8	d0018cd3	fcvt.s.w	f25,x3	  x3:0x00000000 f25=0x00000000
     207935.000 ns	     20792	800046cc	d01670d3	fcvt.s.wu	f1,x12	 x12:0x00000002  f1=0x40000000
     207965.000 ns	     20795	800046d0	c00c0b53	fcvt.w.s	x22,f24	 f24:0x7f800000 x22=0x7fffffff
     207995.000 ns	     20798	800046d4	200202d3	fsgnj.s	f5,f4,f0	  f4:0x7fc00000  f0:0x000006df  f5=0x7fc00000
     208015.000 ns	     20800	800046d8	62cf6913	ori	x18,x30,1580	 x30:0x1175f000 x18=0x1175f62c
     208035.000 ns	     20802	800046dc	20019d53	fsgnjn.s	f26,f3,f0	  f3:0x7f800000  f0:0x000006df f26=0xff800000
     208055.000 ns	     20804	800046e0	00531893	slli	x17,x6,0x5	  x6:0x80041024 x17=0x00820480
     208065.000 ns	     20805	800046e4	41e583b3	sub	x7,x11,x30	 x11:0x000006df x30:0x1175f000  x7=0xee8a16df
     208085.000 ns	     20807	800046e8	293a96d3	fmax.s	f13,f21,f19	 f21:0x7fc00000 f19:0x00000000 f13=0x00000000
     208115.000 ns	     20810	800046ec	20ac0953	fsgnj.s	f18,f24,f10	 f24:0x7f800000 f10:0x00000000 f18=0x7f800000
     208135.000 ns	     20812	800046f0	00000013	addi	x0,x0,0	  x0:0x00000000
     208155.000 ns	     20814	800046f4	0290a133	mulhsu	x2,x1,x9	  x1:0x00000141  x9:0x7f800000  x2=0x0000009f
     208185.000 ns	     20817	800046f8	20b11bd3	fsgnjn.s	f23,f2,f11	  f2:0x4d639298 f11:0x24913c42 f23=0xcd639298
     208215.000 ns	     20820	800046fc	037ac533	div	x10,x21,x23	 x21:0x00000000 x23:0x00000000 x10=0xffffffff
     208245.000 ns	     20823	80004700	c014ac53	fcvt.wu.s	x24,f9	  f9:0x4d639298 x24=0x0e392980
     208275.000 ns	     20826	80004704	c0051e53	fcvt.w.s	x28,f10	 f10:0x00000000 x28=0x00000000
     208295.000 ns	     20828	80004708	00ab4733	xor	x14,x22,x10	 x22:0x7fffffff x10:0xffffffff x14=0x80000000
     208305.000 ns	     20829	8000470c	53920517	auipc	x10,0x53920	 x10=0xd392470c
     208325.000 ns	     20831	80004710	03d595b3	mulh	x11,x11,x29	 x11:0x000006df x29:0x00000000 x11=0x00000000
     208375.000 ns	     20836	80004714	00c47753	fadd.s	f14,f8,f12	  f8:0x7f800000 f12:0x3834b4b6 f14=0x7f800000
     208395.000 ns	     20838	80004718	0ddabf13	sltiu	x30,x21,221	 x21:0x00000000 x30=0x00000001
     208415.000 ns	     20840	8000471c	a0958dd3	fle.s	x27,f11,f9	 f11:0x24913c42  f9:0x4d639298 x27=0x00000001
     208435.000 ns	     20842	80004720	00158bb3	add	x23,x11,x1	 x11:0x00000000  x1:0x00000141 x23=0x00000141
     208455.000 ns	     20844	80004724	d015be53	fcvt.s.wu	f28,x11	 x11:0x00000000 f28=0x00000000
     208475.000 ns	     20846	80004728	00bce833	or	x16,x25,x11	 x25:0x0e392982 x11:0x00000000 x16=0x0e392982
     208495.000 ns	     20848	8000472c	030fbeb3	mulhu	x29,x31,x16	 x31:0x00000000 x16:0x00000000 x29=0x00000000
     208515.000 ns	     20850	80004730	dda82413	slti	x8,x16,-550	 x16:0x00000000  x8=0x00000000
     208535.000 ns	     20852	80004734	29f48953	fmin.s	f18,f9,f31	  f9:0x4d639298 f31:0x4c0125d0 f18=0x4c0125d0
     208905.000 ns	     20889	80004738	03addd33	divu	x26,x27,x26	 x27:0x00000001 x26:0x3fffffff x26=0x00000000
     208925.000 ns	     20891	8000473c	01200f33	add	x30,x0,x18	  x0:0x00000000 x18:0x1175f62c x30=0x1175f62c
     208945.000 ns	     20893	80004740	02f9b933	mulhu	x18,x19,x15	 x19:0x00000000 x15:0x80040fe4 x18=0x00000000
     208965.000 ns	     20895	80004744	016218b3	sll	x17,x4,x22	  x4:0xd7d376b8 x22:0x7fffffff x17=0x00000000
     208985.000 ns	     20897	80004748	a1f81853	flt.s	x16,f16,f31	 f16:0x7fc00000 f31:0x4c0125d0 x16=0x00000000
     209015.000 ns	     20900	8000474c	e00e08d3	fmv.x.w	x17,f28	 f28:0x00000000 x17=0x00000000
     209045.000 ns	     20903	80004750	28bd19d3	fmax.s	f19,f26,f11	 f26:0xff800000 f11:0x24913c42 f19=0x24913c42
     209065.000 ns	     20905	80004754	01311b93	slli	x23,x2,0x13	  x2:0x0000009f x23=0x04f80000
     209095.000 ns	     20908	80004758	580d40d3	fsqrt.s	f1,f26	 f26:0xff800000  f1=0x7fc00000
     209125.000 ns	     20911	8000475c	a0a6a1d3	feq.s	x3,f13,f10	 f13:0x00000000 f10:0x00000000  x3=0x00000001
     209145.000 ns	     20913	80004760	00ba44b3	xor	x9,x20,x11	 x20:0x00000001 x11:0x00000000  x9=0x00000001
     209165.000 ns	     20915	80004764	d002f4d3	fcvt.s.w	f9,x5	  x5:0x4c0125d0  f9=0x4e98024b
     209185.000 ns	     20917	80004768	00625733	srl	x14,x4,x6	  x4:0xd7d376b8  x6:0x80041024 x14=0x0d7d376b
     209225.000 ns	     20921	8000476c	004c76d3	fadd.s	f13,f24,f4	 f24:0x7f800000  f4:0x7fc00000 f13=0x7fc00000
     209255.000 ns	     20924	80004770	e00002d3	fmv.x.w	x5,f0	  f0:0x000006df  x5=0x000006df
     209285.000 ns	     20927	80004774	a0bd2a53	feq.s	x20,f26,f11	 f26:0xff800000 f11:0x24913c42 x20=0x00000000
     209305.000 ns	     20929	80004778	40075a33	sra	x20,x14,x0	 x14:0x0d7d376b  x0:0x00000000 x20=0x0d7d376b
     209315.000 ns	     20930	8000477c	014b5fb3	srl	x31,x22,x20	 x22:0x7fffffff x20:0x00000000 x31=0x000fffff
     209345.000 ns	     20933	80004780	580d9353	fsqrt.s	f6,f27	 f27:0x7fc00000  f6=0x7fc00000
     209715.000 ns	     20970	80004784	02ac62b3	rem	x5,x24,x10	 x24:0x0e392980 x10:0xd392470c  x5=0x0e392980
     210085.000 ns	     21007	80004788	02d3f233	remu	x4,x7,x13	  x7:0xee8a16df x13:0xdb304000  x4=0x1359d6df
     210115.000 ns	     21010	8000478c	d0182c53	fcvt.s.wu	f24,x16	 x16:0x00000000 f24=0x00000000
     210135.000 ns	     21012	80004790	402ad893	srai	x17,x21,0x2	 x21:0x00000000 x17=0x00000000
     210145.000 ns	     21013	80004794	41605433	sra	x8,x0,x22	  x0:0x00000000 x22:0x7fffffff  x8=0x00000000
     210165.000 ns	     21015	80004798	20561d53	fsgnjn.s	f26,f12,f5	 f12:0x3834b4b6  f5:0x7fc00000 f26=0xb834b4b6
     210195.000 ns	     21018	8000479c	02e9ba33	mulhu	x20,x19,x14	 x19:0x00000000 x14:0x0d7d376b x20=0x00000000
     210215.000 ns	     21020	800047a0	f7f2ef37	lui	x30,0xf7f2e	 x30=0xf7f2e000
     210225.000 ns	     21021	800047a4	0128a1b3	slt	x3,x17,x18	 x17:0x00000000 x18:0x00000000  x3=0x00000000
     210245.000 ns	     21023	800047a8	032478b3	remu	x17,x8,x18	  x8:0x00000000 x18:0x00000000 x17=0x00000000
     210265.000 ns	     21025	800047ac	002e42b3	xor	x5,x28,x2	 x28:0x00000000  x2:0x0000009f  x5=0x0000009f
     210285.000 ns	     21027	800047b0	a0c782d3	fle.s	x5,f15,f12	 f15:0x00000000 f12:0x3834b4b6  x5=0x00000001
     210305.000 ns	     21029	800047b4	003398b3	sll	x17,x7,x3	  x7:0xee8a16df  x3:0x00000000 x17=0xee8a16df
     210325.000 ns	     21031	800047b8	03513433	mulhu	x8,x2,x21	  x2:0x0000009f x21:0x00000000  x8=0x00000000
     210345.000 ns	     21033	800047bc	01035133	srl	x2,x6,x16	  x6:0x80041024 x16:0x00000000  x2=0x80041024
     210355.000 ns	     21034	800047c0	417d53b3	sra	x7,x26,x23	 x26:0x00000000 x23:0x04f80000  x7=0x00000000
     210375.000 ns	     21036	800047c4	28f40dd3	fmin.s	f27,f8,f15	  f8:0x7f800000 f15:0x00000000 f27=0x00000000
     210395.000 ns	     21038	800047c8	fa553437	lui	x8,0xfa553	  x8=0xfa553000
     210755.000 ns	     21074	800047cc	03eac133	div	x2,x21,x30	 x21:0x00000000 x30:0xf7f2e000  x2=0x00000000
     211095.000 ns	     21108	800047d0	189d7fd3	fdiv.s	f31,f26,f9	 f26:0xb834b4b6  f9:0x4e98024b f31=0xa8b4b4b6
     211125.000 ns	     21111	800047d4	e0068dd3	fmv.x.w	x27,f13	 f13:0x7fc00000 x27=0x7fc00000
     211165.000 ns	     21115	800047d8	10f476d3	fmul.s	f13,f8,f15	  f8:0x7f800000 f15:0x00000000 f13=0x7fc00000
     211195.000 ns	     21118	800047dc	28e79753	fmax.s	f14,f15,f14	 f15:0x00000000 f14:0x7f800000 f14=0x7f800000
     211535.000 ns	     21152	800047e0	18b175d3	fdiv.s	f11,f2,f11	  f2:0x4d639298 f11:0x24913c42 f11=0x6820a3b8
     211565.000 ns	     21155	800047e4	03fe1db3	mulh	x27,x28,x31	 x28:0x00000000 x31:0x000fffff x27=0x00000000
     211595.000 ns	     21158	800047e8	e0051a53	fclass.s	x20,f10	 f10:0x00000000 x20=0x00000010
     211625.000 ns	     21161	800047ec	03ea0eb3	mul	x29,x20,x30	 x20:0x00000000 x30:0xf7f2e000 x29=0x7f2e0000
     211645.000 ns	     21163	800047f0	739dc413	xori	x8,x27,1849	 x27:0x00000000  x8=0x00000739
     212005.000 ns	     21199	800047f4	0218e833	rem	x16,x17,x1	 x17:0xee8a16df  x1:0x00000141 x16=0xfffffee8
     212035.000 ns	     21202	800047f8	a1ae0253	fle.s	x4,f28,f26	 f28:0x00000000 f26:0xb834b4b6  x4=0x00000000
     212055.000 ns	     21204	800047fc	4eb1c893	xori	x17,x3,1259	  x3:0x00000000 x17=0x000004eb
     212075.000 ns	     21206	80004800	d0078ad3	fcvt.s.w	f21,x15	 x15:0x80040fe4 f21=0xcefff7e0
     212105.000 ns	     21209	80004804	033f2233	mulhsu	x4,x30,x19	 x30:0xf7f2e000 x19:0x00000000  x4=0x00000000
     212125.000 ns	     21211	80004808	01784833	xor	x16,x16,x23	 x16:0xfffffee8 x23:0x04f80000 x16=0xfb07fee8
     212165.000 ns	     21215	8000480c	01e526d3	fadd.s	f13,f10,f30	 f10:0x00000000 f30:0x00000000 f13=0x00000000
     212185.000 ns	     21217	80004810	9daeaa13	slti	x20,x29,-1574	 x29:0x7f2e0000 x20=0x00000000
     212205.000 ns	     21219	80004814	023a2d33	mulhsu	x26,x20,x3	 x20:0x00000010  x3:0x00000000 x26=0x00000000
     212235.000 ns	     21222	80004818	e00e01d3	fmv.x.w	x3,f28	 f28:0x00000000  x3=0x00000000
     212265.000 ns	     21225	8000481c	035e3533	mulhu	x10,x28,x21	 x28:0x00000000 x21:0x00000000 x10=0x00000000
     212285.000 ns	     21227	80004820	017b2a33	slt	x20,x22,x23	 x22:0x7fffffff x23:0x04f80000 x20=0x00000000
     212305.000 ns	     21229	80004824	201b93d3	fsgnjn.s	f7,f23,f1	 f23:0xcd639298  f1:0x7fc00000  f7=0xcd639298
     212335.000 ns	     21232	80004828	21d58353	fsgnj.s	f6,f11,f29	 f11:0x6820a3b8 f29:0x80000000  f6=0xe820a3b8
     212355.000 ns	     21234	8000482c	0090b5b3	sltu	x11,x1,x9	  x1:0x00000141  x9:0x00000001 x11=0x00000000
     212375.000 ns	     21236	80004830	e0089453	fclass.s	x8,f17	 f17:0x7fc00000  x8=0x00000200
     212405.000 ns	     21239	80004834	a11ba653	feq.s	x12,f23,f17	 f23:0xcd639298 f17:0x7fc00000 x12=0x00000000
     212435.000 ns	     21242	80004838	a1748ed3	fle.s	x29,f9,f23	  f9:0x4e98024b f23:0xcd639298 x29=0x00000000
     212455.000 ns	     21244	8000483c	00a9dfb3	srl	x31,x19,x10	 x19:0x00000000 x10:0x00000000 x31=0x00000000
     212475.000 ns	     21246	80004840	a07b9053	flt.s	x0,f23,f7	 f23:0xcd639298  f7:0xcd639298
     212505.000 ns	     21249	80004844	21941853	fsgnjn.s	f16,f8,f25	  f8:0x7f800000 f25:0x00000000 f16=0xff800000
     212525.000 ns	     21251	80004848	01ca5633	srl	x12,x20,x28	 x20:0x00000000 x28:0x00000000 x12=0x00000000
     212565.000 ns	     21255	8000484c	09e2c753	fsub.s	f14,f5,f30	  f5:0x7fc00000 f30:0x00000000 f14=0x7fc00000
     212585.000 ns	     21257	80004850	0038a5b3	slt	x11,x17,x3	 x17:0x000004eb  x3:0x00000000 x11=0x00000000
     212605.000 ns	     21259	80004854	d004f4d3	fcvt.s.w	f9,x9	  x9:0x00000001  f9=0x3f800000
     212625.000 ns	     21261	80004858	01885f33	srl	x30,x16,x24	 x16:0xfb07fee8 x24:0x0e392980 x30=0xfb07fee8
     212645.000 ns	     21263	8000485c	d0027dd3	fcvt.s.w	f27,x4	  x4:0x00000000 f27=0x00000000
     212665.000 ns	     21265	80004860	02763593	sltiu	x11,x12,39	 x12:0x00000000 x11=0x00000001
     212675.000 ns	     21266	80004864	d898cb13	xori	x22,x17,-631	 x17:0x000004eb x22=0xfffff962
     212695.000 ns	     21268	80004868	29e913d3	fmax.s	f7,f18,f30	 f18:0x4c0125d0 f30:0x00000000  f7=0x4c0125d0
     212715.000 ns	     21270	8000486c	00ce60b3	or	x1,x28,x12	 x28:0x00000000 x12:0x00000000  x1=0x00000000
     212735.000 ns	     21272	80004870	021c3733	mulhu	x14,x24,x1	 x24:0x0e392980  x1:0x00000141 x14=0x00000000
     212765.000 ns	     21275	80004874	a00b8bd3	fle.s	x23,f23,f0	 f23:0xcd639298  f0:0x000006df x23=0x00000001
     212785.000 ns	     21277	80004878	194e2f93	slti	x31,x28,404	 x28:0x00000000 x31=0x00000001
     212795.000 ns	     21278	8000487c	42556537	lui	x10,0x42556	 x10=0x42556000
     212805.000 ns	     21279	80004880	40165293	srai	x5,x12,0x1	 x12:0x00000000  x5=0x00000000
     213165.000 ns	     21315	80004884	03e7d733	divu	x14,x15,x30	 x15:0x80040fe4 x30:0xfb07fee8 x14=0x00000000
     213195.000 ns	     21318	80004888	03a975b3	remu	x11,x18,x26	 x18:0x00000000 x26:0x00000000 x11=0x00000000
     213225.000 ns	     21321	8000488c	e00806d3	fmv.x.w	x13,f16	 f16:0xff800000 x13=0xff800000
     213275.000 ns	     21326	80004890	0925be53	fsub.s	f28,f11,f18	 f11:0x6820a3b8 f18:0x4c0125d0 f28=0x6820a3b8
     213295.000 ns	     21328	80004894	3032f513	andi	x10,x5,771	  x5:0x00000000 x10=0x00000000
     213305.000 ns	     21329	80004898	01c8dd13	srli	x26,x17,0x1c	 x17:0x000004eb x26=0x00000000
     213315.000 ns	     21330	8000489c	11a57297	auipc	x5,0x11a57	  x5=0x91a5b89c
     213325.000 ns	     21331	800048a0	00439713	slli	x14,x7,0x4	  x7:0x00000000 x14=0x00000000
     213335.000 ns	     21332	800048a4	010bd993	srli	x19,x23,0x10	 x23:0x00000001 x19=0x00000000
     213345.000 ns	     21333	800048a8	40be0a33	sub	x20,x28,x11	 x28:0x00000000 x11:0x00000000 x20=0x00000000
     213705.000 ns	     21369	800048ac	03855433	divu	x8,x10,x24	 x10:0x00000000 x24:0x0e392980  x8=0x00000000
     213745.000 ns	     21373	800048b0	5800f153	fsqrt.s	f2,f1	  f1:0x7fc00000  f2=0x7fc00000
     213795.000 ns	     21378	800048b4	00192253	fadd.s	f4,f18,f1	 f18:0x4c0125d0  f1:0x7fc00000  f4=0x7fc00000
     213845.000 ns	     21383	800048b8	087af253	fsub.s	f4,f21,f7	 f21:0xcefff7e0  f7:0x4c0125d0  f4=0xcf020087
     213865.000 ns	     21385	800048bc	97ea6013	ori	x0,x20,-1666	 x20:0x00000000
     213885.000 ns	     21387	800048c0	020d0d33	mul	x26,x26,x0	 x26:0x00000000  x0:0x00000000 x26=0x00000000
     213915.000 ns	     21390	800048c4	281d8bd3	fmin.s	f23,f27,f1	 f27:0x00000000  f1:0x7fc00000 f23=0x00000000
     213935.000 ns	     21392	800048c8	00000013	addi	x0,x0,0	  x0:0x00000000
     213955.000 ns	     21394	800048cc	e00d9853	fclass.s	x16,f27	 f27:0x00000000 x16=0x00000010
     214005.000 ns	     21399	800048d0	01463cd3	fadd.s	f25,f12,f20	 f12:0x3834b4b6 f20:0x7fc00000 f25=0x7fc00000
     214025.000 ns	     21401	800048d4	b577e137	lui	x2,0xb577e	  x2=0xb577e000
     214385.000 ns	     21437	800048d8	029b5033	divu	x0,x22,x9	 x22:0xfffff962  x9:0x00000001
     214425.000 ns	     21441	800048dc	18e203d3	fdiv.s	f7,f4,f14	  f4:0xcf020087 f14:0x7fc00000  f7=0x7fc00000
     214445.000 ns	     21443	800048e0	014cfeb3	and	x29,x25,x20	 x25:0x0e392982 x20:0x00000000 x29=0x00000000
     214455.000 ns	     21444	800048e4	018e9a13	slli	x20,x29,0x18	 x29:0x00000000 x20=0x00000000
     214485.000 ns	     21447	800048e8	11ed9453	fmul.s	f8,f27,f30	 f27:0x00000000 f30:0x00000000  f8=0x00000000
     214515.000 ns	     21450	800048ec	a1f10a53	fle.s	x20,f2,f31	  f2:0x7fc00000 f31:0xa8b4b4b6 x20=0x00000000
     215695.000 ns	     21568	800048f0	58097ad3	fsqrt.s	f21,f18	 f18:0x4c0125d0 f21=0x4536a402
     215725.000 ns	     21571	800048f4	20ff2153	fsgnjx.s	f2,f30,f15	 f30:0x00000000 f15:0x00000000  f2=0x00000000
     215775.000 ns	     21576	800048f8	01101ad3	fadd.s	f21,f0,f17	  f0:0x000006df f17:0x7fc00000 f21=0x7fc00000
     215795.000 ns	     21578	800048fc	00271d93	slli	x27,x14,0x2	 x14:0x00000000 x27=0x00000000
     215805.000 ns	     21579	80004900	00000013	addi	x0,x0,0	  x0:0x00000000
     215825.000 ns	     21581	80004904	02a9b4b3	mulhu	x9,x19,x10	 x19:0x00000000 x10:0x00000000  x9=0x00000000
     215855.000 ns	     21584	80004908	289a1653	fmax.s	f12,f20,f9	 f20:0x7fc00000  f9:0x3f800000 f12=0x3f800000
     215885.000 ns	     21587	8000490c	284b0253	fmin.s	f4,f22,f4	 f22:0x8aa4cafc  f4:0xcf020087  f4=0xcf020087
     215915.000 ns	     21590	80004910	02a0b433	mulhu	x8,x1,x10	  x1:0x00000000 x10:0x00000000  x8=0x00000000
     215945.000 ns	     21593	80004914	028f6d33	rem	x26,x30,x8	 x30:0xfb07fee8  x8:0x00000000 x26=0xfb07fee8
     215965.000 ns	     21595	80004918	40218633	sub	x12,x3,x2	  x3:0x00000000  x2:0xb577e000 x12=0x4a882000
     215985.000 ns	     21597	8000491c	03643d33	mulhu	x26,x8,x22	  x8:0x00000000 x22:0xfffff962 x26=0x00000000
     216005.000 ns	     21599	80004920	01fcfe33	and	x28,x25,x31	 x25:0x0e392982 x31:0x00000001 x28=0x00000000
     216025.000 ns	     21601	80004924	029ee633	rem	x12,x29,x9	 x29:0x00000000  x9:0x00000000 x12=0x00000000
     216045.000 ns	     21603	80004928	01963eb3	sltu	x29,x12,x25	 x12:0x4a882000 x25:0x0e392982 x29=0x00000001
     216065.000 ns	     21605	8000492c	20fe9c53	fsgnjn.s	f24,f29,f15	 f29:0x80000000 f15:0x00000000 f24=0x80000000
     216105.000 ns	     21609	80004930	18ec1fd3	fdiv.s	f31,f24,f14	 f24:0x00000000 f14:0x7fc00000 f31=0x7fc00000
     216135.000 ns	     21612	80004934	02a0df33	divu	x30,x1,x10	  x1:0x00000000 x10:0x00000000 x30=0xffffffff
     216155.000 ns	     21614	80004938	01ea3833	sltu	x16,x20,x30	 x20:0x00000000 x30:0xfb07fee8 x16=0x00000001
     216175.000 ns	     21616	8000493c	02a986b3	mul	x13,x19,x10	 x19:0x00000000 x10:0x00000000 x13=0x00000000
     216205.000 ns	     21619	80004940	031e9f33	mulh	x30,x29,x17	 x29:0x00000001 x17:0x000004eb x30=0x00000000
     216235.000 ns	     21622	80004944	03a7aa33	mulhsu	x20,x15,x26	 x15:0x80040fe4 x26:0x00000000 x20=0x00000000
     216265.000 ns	     21625	80004948	f00f03d3	fmv.w.x	f7,x30	 x30:0x00000000  f7=0x00000000
     216295.000 ns	     21628	8000494c	c007f9d3	fcvt.w.s	x19,f15	 f15:0x00000000 x19=0x00000000
     216315.000 ns	     21630	80004950	017b1033	sll	x0,x22,x23	 x22:0xfffff962 x23:0x00000001
     216325.000 ns	     21631	80004954	00000013	addi	x0,x0,0	  x0:0x00000000
     216335.000 ns	     21632	80004958	44a22613	slti	x12,x4,1098	  x4:0x00000000 x12=0x00000001
     216355.000 ns	     21634	8000495c	28121753	fmax.s	f14,f4,f1	  f4:0xcf020087  f1:0x7fc00000 f14=0xcf020087
     216385.000 ns	     21637	80004960	21ef9053	fsgnjn.s	f0,f31,f30	 f31:0x7fc00000 f30:0x00000000  f0=0xffc00000
     216405.000 ns	     21639	80004964	87ae6193	ori	x3,x28,-1926	 x28:0x00000000  x3=0xfffff87a
     216425.000 ns	     21641	80004968	d01670d3	fcvt.s.wu	f1,x12	 x12:0x00000001  f1=0x3f800000
     216445.000 ns	     21643	8000496c	00ef94b3	sll	x9,x31,x14	 x31:0x00000001 x14:0x00000000  x9=0x00000001
     216455.000 ns	     21644	80004970	f0b4bf17	auipc	x30,0xf0b4b	 x30=0x70b4f970
     216485.000 ns	     21647	80004974	19cd9bd3	fdiv.s	f23,f27,f28	 f27:0x00000000 f28:0x6820a3b8 f23=0x00000000
     216855.000 ns	     21684	80004978	03787233	remu	x4,x16,x23	 x16:0x00000001 x23:0x00000001  x4=0x00000000
     216875.000 ns	     21686	8000497c	01429d13	slli	x26,x5,0x14	  x5:0x91a5b89c x26=0x89c00000
     218045.000 ns	     21803	80004980	580588d3	fsqrt.s	f17,f11	 f11:0x6820a3b8 f17=0x53632d28
     218075.000 ns	     21806	80004984	03c60e33	mul	x28,x12,x28	 x12:0x00000001 x28:0x00000000 x28=0x00000000
     218095.000 ns	     21808	80004988	45786413	ori	x8,x16,1111	 x16:0x00000001  x8=0x00000457
     218105.000 ns	     21809	8000498c	00808233	add	x4,x1,x8	  x1:0x00000000  x8:0x00000000  x4=0x00000457
     218145.000 ns	     21813	80004990	00d77e53	fadd.s	f28,f14,f13	 f14:0xcf020087 f13:0x00000000 f28=0xcf020087
     218175.000 ns	     21816	80004994	03472bb3	mulhsu	x23,x14,x20	 x14:0x00000000 x20:0x00000000 x23=0x00000000
     218225.000 ns	     21821	80004998	01f07c53	fadd.s	f24,f0,f31	  f0:0xffc00000 f31:0x7fc00000 f24=0x7fc00000
     218265.000 ns	     21825	8000499c	5803ba53	fsqrt.s	f20,f7	  f7:0x00000000 f20=0x00000000
     218285.000 ns	     21827	800049a0	415d50b3	sra	x1,x26,x21	 x26:0x89c00000 x21:0x00000000  x1=0x89c00000
     218305.000 ns	     21829	800049a4	031ca4b3	mulhsu	x9,x25,x17	 x25:0x0e392982 x17:0x000004eb  x9=0x00000045
     218325.000 ns	     21831	800049a8	00a3b133	sltu	x2,x7,x10	  x7:0x00000000 x10:0x00000000  x2=0x00000000
     218345.000 ns	     21833	800049ac	f0068753	fmv.w.x	f14,x13	 x13:0x00000000 f14=0x00000000
     218365.000 ns	     21835	800049b0	0081d933	srl	x18,x3,x8	  x3:0xfffff87a  x8:0x00000457 x18=0x000001ff
     218375.000 ns	     21836	800049b4	00c01693	slli	x13,x0,0xc	  x0:0x00000000 x13=0x00000000
     218395.000 ns	     21838	800049b8	02e3e133	rem	x2,x7,x14	  x7:0x00000000 x14:0x00000000  x2=0x00000000
     218425.000 ns	     21841	800049bc	21ac9553	fsgnjn.s	f10,f25,f26	 f25:0x7fc00000 f26:0xb834b4b6 f10=0x7fc00000
     218455.000 ns	     21844	800049c0	d01dc153	fcvt.s.wu	f2,x27	 x27:0x00000000  f2=0x00000000
     218825.000 ns	     21881	800049c4	036b64b3	rem	x9,x22,x22	 x22:0xfffff962 x22:0xfffff962  x9=0x00000000
     218855.000 ns	     21884	800049c8	02971233	mulh	x4,x14,x9	 x14:0x00000000  x9:0x00000045  x4=0x00000000
     218895.000 ns	     21888	800049cc	1981fad3	fdiv.s	f21,f3,f24	  f3:0x7f800000 f24:0x7fc00000 f21=0x7fc00000
     218915.000 ns	     21890	800049d0	00caeb33	or	x22,x21,x12	 x21:0x00000000 x12:0x00000001 x22=0x00000001
     218925.000 ns	     21891	800049d4	008b1013	slli	x0,x22,0x8	 x22:0xfffff962
     218935.000 ns	     21892	800049d8	00000013	addi	x0,x0,0	  x0:0x00000000
     218955.000 ns	     21894	800049dc	f00a02d3	fmv.w.x	f5,x20	 x20:0x00000000  f5=0x00000000
     218985.000 ns	     21897	800049e0	02fabe33	mulhu	x28,x21,x15	 x21:0x00000000 x15:0x80040fe4 x28=0x00000000
     219005.000 ns	     21899	800049e4	31a60893	addi	x17,x12,794	 x12:0x00000001 x17=0x0000031b
     219015.000 ns	     21900	800049e8	d83daf13	slti	x30,x27,-637	 x27:0x00000000 x30=0x00000000
     219025.000 ns	     21901	800049ec	01d5d193	srli	x3,x11,0x1d	 x11:0x00000000  x3=0x00000000
     219045.000 ns	     21903	800049f0	f00381d3	fmv.w.x	f3,x7	  x7:0x00000000  f3=0x00000000
     219095.000 ns	     21908	800049f4	081f7b53	fsub.s	f22,f30,f1	 f30:0x00000000  f1:0x3f800000 f22=0xbf800000
     219115.000 ns	     21910	800049f8	9b322693	slti	x13,x4,-1613	  x4:0x00000000 x13=0x00000000
     219135.000 ns	     21912	800049fc	a0990053	fle.s	x0,f18,f9	 f18:0x4c0125d0  f9:0x3f800000
     219185.000 ns	     21917	80004a00	002f1653	fadd.s	f12,f30,f2	 f30:0x00000000  f2:0x00000000 f12=0x00000000
     219205.000 ns	     21919	80004a04	012dd513	srli	x10,x27,0x12	 x27:0x00000000 x10=0x00000000
     219215.000 ns	     21920	80004a08	8a966913	ori	x18,x12,-1879	 x12:0x00000001 x18=0xfffff8a9
     219225.000 ns	     21921	80004a0c	f628a593	slti	x11,x17,-158	 x17:0x0000031b x11=0x00000000
     219265.000 ns	     21925	80004a10	09299bd3	fsub.s	f23,f19,f18	 f19:0x24913c42 f18:0x4c0125d0 f23=0xcc0125d0
     219295.000 ns	     21928	80004a14	29f89b53	fmax.s	f22,f17,f31	 f17:0x53632d28 f31:0x7fc00000 f22=0x53632d28
     219325.000 ns	     21931	80004a18	c0127b53	fcvt.wu.s	x22,f4	  f4:0xcf020087 x22=0x82008700
     219345.000 ns	     21933	80004a1c	017ab633	sltu	x12,x21,x23	 x21:0x00000000 x23:0x00000000 x12=0x00000000
     219365.000 ns	     21935	80004a20	e0041c53	fclass.s	x24,f8	  f8:0x00000000 x24=0x00000010
     219395.000 ns	     21938	80004a24	c0120d53	fcvt.wu.s	x26,f4	  f4:0xcf020087 x26=0x82008700
     219425.000 ns	     21941	80004a28	d00d05d3	fcvt.s.w	f11,x26	 x26:0x89c00000 f11=0xcefbfef2
     219455.000 ns	     21944	80004a2c	20f40653	fsgnj.s	f12,f8,f15	  f8:0x00000000 f15:0x00000000 f12=0x00000000
     219475.000 ns	     21946	80004a30	1a558693	addi	x13,x11,421	 x11:0x00000000 x13=0x000001a5
     219495.000 ns	     21948	80004a34	02b12a33	mulhsu	x20,x2,x11	  x2:0x00000000 x11:0x00000000 x20=0x00000000
     219515.000 ns	     21950	80004a38	7addbc13	sltiu	x24,x27,1965	 x27:0x00000000 x24=0x00000001
     219525.000 ns	     21951	80004a3c	001111b3	sll	x3,x2,x1	  x2:0x00000000  x1:0x89c00000  x3=0x00000000
     219545.000 ns	     21953	80004a40	21582b53	fsgnjx.s	f22,f16,f21	 f16:0xff800000 f21:0x7fc00000 f22=0xff800000
     219575.000 ns	     21956	80004a44	210112d3	fsgnjn.s	f5,f2,f16	  f2:0x00000000 f16:0xff800000  f5=0x00000000
     219595.000 ns	     21958	80004a48	c7312593	slti	x11,x2,-909	  x2:0x00000000 x11=0x00000000
     219605.000 ns	     21959	80004a4c	0131fc33	and	x24,x3,x19	  x3:0x00000000 x19:0x00000000 x24=0x00000000
     219615.000 ns	     21960	80004a50	01b0adb3	slt	x27,x1,x27	  x1:0x89c00000 x27:0x00000000 x27=0x00000001
     219975.000 ns	     21996	80004a54	03af7233	remu	x4,x30,x26	 x30:0x00000000 x26:0x82008700  x4=0x00000000
     219995.000 ns	     21998	80004a58	1016b613	sltiu	x12,x13,257	 x13:0x000001a5 x12=0x00000000
     220005.000 ns	     21999	80004a5c	006b0133	add	x2,x22,x6	 x22:0x82008700  x6:0x80041024  x2=0x02049724
     220045.000 ns	     22003	80004a60	08f47ed3	fsub.s	f29,f8,f15	  f8:0x00000000 f15:0x00000000 f29=0x80000000
     220075.000 ns	     22006	80004a64	c00cf653	fcvt.w.s	x12,f25	 f25:0x7fc00000 x12=0x7fffffff
     220105.000 ns	     22009	80004a68	c0020753	fcvt.w.s	x14,f4	  f4:0xcf020087 x14=0x80000000
     220135.000 ns	     22012	80004a6c	c0040c53	fcvt.w.s	x24,f8	  f8:0x00000000 x24=0x00000000
     220165.000 ns	     22015	80004a70	20aca953	fsgnjx.s	f18,f25,f10	 f25:0x7fc00000 f10:0x7fc00000 f18=0x7fc00000
     220185.000 ns	     22017	80004a74	07676993	ori	x19,x14,118	 x14:0x80000000 x19=0x80000076
     220205.000 ns	     22019	80004a78	a10d81d3	fle.s	x3,f27,f16	 f27:0x00000000 f16:0xff800000  x3=0x00000000
     220225.000 ns	     22021	80004a7c	a87fbe13	sltiu	x28,x31,-1401	 x31:0x00000001 x28=0x00000001
     220585.000 ns	     22057	80004a80	0225e8b3	rem	x17,x11,x2	 x11:0x00000000  x2:0x02049724 x17=0x00000000
     220615.000 ns	     22060	80004a84	a1572453	feq.s	x8,f14,f21	 f14:0x00000000 f21:0x7fc00000  x8=0x00000000
     220655.000 ns	     22064	80004a88	10bcf4d3	fmul.s	f9,f25,f11	 f25:0x7fc00000 f11:0xcefbfef2  f9=0x7fc00000
     220675.000 ns	     22066	80004a8c	011f34b3	sltu	x9,x30,x17	 x30:0x00000000 x17:0x00000000  x9=0x00000000
     220685.000 ns	     22067	80004a90	405a01b3	sub	x3,x20,x5	 x20:0x00000000  x5:0x91a5b89c  x3=0x6e5a4764
     221045.000 ns	     22103	80004a94	0332c8b3	div	x17,x5,x19	  x5:0x91a5b89c x19:0x80000076 x17=0x00000000
     221075.000 ns	     22106	80004a98	29170353	fmin.s	f6,f14,f17	 f14:0x00000000 f17:0x53632d28  f6=0x00000000
     221095.000 ns	     22108	80004a9c	015f7233	and	x4,x30,x21	 x30:0x00000000 x21:0x00000000  x4=0x00000000
     221115.000 ns	     22110	80004aa0	d002ad53	fcvt.s.w	f26,x5	  x5:0x91a5b89c f26=0xcedcb48f
     221135.000 ns	     22112	80004aa4	01e40a33	add	x20,x8,x30	  x8:0x00000000 x30:0x00000000 x20=0x00000000
     221155.000 ns	     22114	80004aa8	29210253	fmin.s	f4,f2,f18	  f2:0x00000000 f18:0x7fc00000  f4=0x00000000
     221185.000 ns	     22117	80004aac	a0051ad3	flt.s	x21,f10,f0	 f10:0x7fc00000  f0:0xffc00000 x21=0x00000000
     221205.000 ns	     22119	80004ab0	407edfb3	sra	x31,x29,x7	 x29:0x00000001  x7:0x00000000 x31=0x00000001
     221225.000 ns	     22121	80004ab4	03273b33	mulhu	x22,x14,x18	 x14:0x80000000 x18:0xfffff8a9 x22=0x7ffffc54
     221245.000 ns	     22123	80004ab8	00000013	addi	x0,x0,0	  x0:0x00000000
     221255.000 ns	     22124	80004abc	2fabe093	ori	x1,x23,762	 x23:0x00000000  x1=0x000002fa
     221285.000 ns	     22127	80004ac0	18a4c1d3	fdiv.s	f3,f9,f10	  f9:0x7fc00000 f10:0x7fc00000  f3=0x7fc00000
     221305.000 ns	     22129	80004ac4	011f5993	srli	x19,x30,0x11	 x30:0x00000000 x19=0x00000000
     221325.000 ns	     22131	80004ac8	a048ac53	feq.s	x24,f17,f4	 f17:0x53632d28  f4:0x00000000 x24=0x00000000
     221355.000 ns	     22134	80004acc	d01448d3	fcvt.s.wu	f17,x8	  x8:0x00000000 f17=0x00000000
     221375.000 ns	     22136	80004ad0	01825f93	srli	x31,x4,0x18	  x4:0x00000000 x31=0x00000000
     221395.000 ns	     22138	80004ad4	032d89b3	mul	x19,x27,x18	 x27:0x00000001 x18:0xfffff8a9 x19=0xfffff8a9
     221415.000 ns	     22140	80004ad8	0183c033	xor	x0,x7,x24	  x7:0x00000000 x24:0x00000000
     221435.000 ns	     22142	80004adc	e0039453	fclass.s	x8,f7	  f7:0x00000000  x8=0x00000010
     221455.000 ns	     22144	80004ae0	cac46617	auipc	x12,0xcac46	 x12=0x4ac4aae0
     221475.000 ns	     22146	80004ae4	02de8b33	mul	x22,x29,x13	 x29:0x00000001 x13:0x000001a5 x22=0x000001a5
     221495.000 ns	     22148	80004ae8	006335b3	sltu	x11,x6,x6	  x6:0x80041024  x6:0x80041024 x11=0x00000000
     221535.000 ns	     22152	80004aec	00f30453	fadd.s	f8,f6,f15	  f6:0x00000000 f15:0x00000000  f8=0x00000000
     221565.000 ns	     22155	80004af0	036e0d33	mul	x26,x28,x22	 x28:0x00000001 x22:0x000001a5 x26=0x000001a5
     221935.000 ns	     22192	80004af4	030fdab3	divu	x21,x31,x16	 x31:0x00000000 x16:0x00000001 x21=0x00000000
     221965.000 ns	     22195	80004af8	d0043753	fcvt.s.w	f14,x8	  x8:0x00000010 f14=0x41800000
     221985.000 ns	     22197	80004afc	2025ae93	slti	x29,x11,514	 x11:0x00000000 x29=0x00000001
     221995.000 ns	     22198	80004b00	009da533	slt	x10,x27,x9	 x27:0x00000001  x9:0x00000000 x10=0x00000000
     222035.000 ns	     22202	80004b04	00dff453	fadd.s	f8,f31,f13	 f31:0x7fc00000 f13:0x00000000  f8=0x7fc00000
     222065.000 ns	     22205	80004b08	e00e0253	fmv.x.w	x4,f28	 f28:0xcf020087  x4=0xcf020087
     222095.000 ns	     22208	80004b0c	201d2053	fsgnjx.s	f0,f26,f1	 f26:0xcedcb48f  f1:0x3f800000  f0=0xcedcb48f
     222135.000 ns	     22212	80004b10	5802a4d3	fsqrt.s	f9,f5	  f5:0x00000000  f9=0x00000000
     222165.000 ns	     22215	80004b14	02024f33	div	x30,x4,x0	  x4:0xcf020087  x0:0x00000000 x30=0xffffffff
     222535.000 ns	     22252	80004b18	02d67033	remu	x0,x12,x13	 x12:0x4ac4aae0 x13:0x000001a5
     222565.000 ns	     22255	80004b1c	21d62953	fsgnjx.s	f18,f12,f29	 f12:0x00000000 f29:0x80000000 f18=0x80000000
     222935.000 ns	     22292	80004b20	03e9d433	divu	x8,x19,x30	 x19:0xfffff8a9 x30:0xffffffff  x8=0x00000000
     222965.000 ns	     22295	80004b24	d00fa753	fcvt.s.w	f14,x31	 x31:0x00000000 f14=0x00000000
     222985.000 ns	     22297	80004b28	01231f93	slli	x31,x6,0x12	  x6:0x80041024 x31=0x40900000
     223005.000 ns	     22299	80004b2c	21a60cd3	fsgnj.s	f25,f12,f26	 f12:0x00000000 f26:0xcedcb48f f25=0x80000000
     223045.000 ns	     22303	80004b30	18977cd3	fdiv.s	f25,f14,f9	 f14:0x00000000  f9:0x00000000 f25=0x7fc00000
     223075.000 ns	     22306	80004b34	e00e9253	fclass.s	x4,f29	 f29:0x80000000  x4=0x00000008
     223105.000 ns	     22309	80004b38	a1742b53	feq.s	x22,f8,f23	  f8:0x7fc00000 f23:0xcc0125d0 x22=0x00000000
     223135.000 ns	     22312	80004b3c	c01df153	fcvt.wu.s	x2,f27	 f27:0x00000000  x2=0x00000000
     223155.000 ns	     22314	80004b40	00000013	addi	x0,x0,0	  x0:0x00000000
     223175.000 ns	     22316	80004b44	2181a9d3	fsgnjx.s	f19,f3,f24	  f3:0x7fc00000 f24:0x7fc00000 f19=0x7fc00000
     223205.000 ns	     22319	80004b48	20ae9bd3	fsgnjn.s	f23,f29,f10	 f29:0x80000000 f10:0x7fc00000 f23=0x80000000
     223245.000 ns	     22323	80004b4c	195bfc53	fdiv.s	f24,f23,f21	 f23:0xcc0125d0 f21:0x7fc00000 f24=0x7fc00000
     223265.000 ns	     22325	80004b50	01b8b433	sltu	x8,x17,x27	 x17:0x00000000 x27:0x00000001  x8=0x00000001
     223275.000 ns	     22326	80004b54	404004b3	sub	x9,x0,x4	  x0:0x00000000  x4:0x00000008  x9=0xfffffff8
     223295.000 ns	     22328	80004b58	d00048d3	fcvt.s.w	f17,x0	  x0:0x00000000 f17=0x00000000
     223315.000 ns	     22330	80004b5c	b5a2b713	sltiu	x14,x5,-1190	  x5:0x91a5b89c x14=0x00000001
     223355.000 ns	     22334	80004b60	008fc2d3	fadd.s	f5,f31,f8	 f31:0x7fc00000  f8:0x7fc00000  f5=0x7fc00000
     223375.000 ns	     22336	80004b64	b40a0d13	addi	x26,x20,-1216	 x20:0x00000000 x26=0xfffffb40
     223735.000 ns	     22372	80004b68	021a5933	divu	x18,x20,x1	 x20:0x00000000  x1:0x000002fa x18=0x00000000
     223765.000 ns	     22375	80004b6c	20fd05d3	fsgnj.s	f11,f26,f15	 f26:0xcedcb48f f15:0x00000000 f11=0x4edcb48f
     223795.000 ns	     22378	80004b70	a1940253	fle.s	x4,f8,f25	  f8:0x7fc00000 f25:0x7fc00000  x4=0x00000000
     223825.000 ns	     22381	80004b74	024cfa33	remu	x20,x25,x4	 x25:0x0e392982  x4:0x00000008 x20=0x0e392982
     223845.000 ns	     22383	80004b78	00a651b3	srl	x3,x12,x10	 x12:0x4ac4aae0 x10:0x00000000  x3=0x4ac4aae0
     223855.000 ns	     22384	80004b7c	01419a93	slli	x21,x3,0x14	  x3:0x6e5a4764 x21=0xae000000
     223875.000 ns	     22386	80004b80	29b788d3	fmin.s	f17,f15,f27	 f15:0x00000000 f27:0x00000000 f17=0x00000000
     223905.000 ns	     22389	80004b84	20760bd3	fsgnj.s	f23,f12,f7	 f12:0x00000000  f7:0x00000000 f23=0x00000000
     223935.000 ns	     22392	80004b88	21612953	fsgnjx.s	f18,f2,f22	  f2:0x00000000 f22:0xff800000 f18=0x80000000
     223955.000 ns	     22394	80004b8c	00dd7033	and	x0,x26,x13	 x26:0xfffffb40 x13:0x000001a5
     223975.000 ns	     22396	80004b90	209188d3	fsgnj.s	f17,f3,f9	  f3:0x7fc00000  f9:0x00000000 f17=0x7fc00000
     223995.000 ns	     22398	80004b94	41d3d493	srai	x9,x7,0x1d	  x7:0x00000000  x9=0x00000000
     224005.000 ns	     22399	80004b98	c9083b13	sltiu	x22,x16,-880	 x16:0x00000001 x22=0x00000001
     224045.000 ns	     22403	80004b9c	0896f753	fsub.s	f14,f13,f9	 f13:0x00000000  f9:0x00000000 f14=0x80000000
     224075.000 ns	     22406	80004ba0	a18c9553	flt.s	x10,f25,f24	 f25:0x7fc00000 f24:0x7fc00000 x10=0x00000000
     224105.000 ns	     22409	80004ba4	213d88d3	fsgnj.s	f17,f27,f19	 f27:0x00000000 f19:0x7fc00000 f17=0x00000000
     224475.000 ns	     22446	80004ba8	0366c733	div	x14,x13,x22	 x13:0x000001a5 x22:0x00000001 x14=0x000001a5
     224505.000 ns	     22449	80004bac	d004b753	fcvt.s.w	f14,x9	  x9:0x00000000 f14=0x00000000
     224535.000 ns	     22452	80004bb0	20afa4d3	fsgnjx.s	f9,f31,f10	 f31:0x7fc00000 f10:0x7fc00000  f9=0x7fc00000
     224555.000 ns	     22454	80004bb4	001454b3	srl	x9,x8,x1	  x8:0x00000001  x1:0x000002fa  x9=0x00000000
     224575.000 ns	     22456	80004bb8	03221b33	mulh	x22,x4,x18	  x4:0x00000000 x18:0x00000000 x22=0x00000000
     224605.000 ns	     22459	80004bbc	c002fa53	fcvt.w.s	x20,f5	  f5:0x7fc00000 x20=0x7fffffff
     224635.000 ns	     22462	80004bc0	c0061553	fcvt.w.s	x10,f12	 f12:0x00000000 x10=0x00000000
     224665.000 ns	     22465	80004bc4	28201f53	fmax.s	f30,f0,f2	  f0:0xcedcb48f  f2:0x00000000 f30=0x00000000
     224685.000 ns	     22467	80004bc8	6627b037	lui	x0,0x6627b	
     224705.000 ns	     22469	80004bcc	285101d3	fmin.s	f3,f2,f5	  f2:0x00000000  f5:0x7fc00000  f3=0x00000000
     224725.000 ns	     22471	80004bd0	0010d4b3	srl	x9,x1,x1	  x1:0x000002fa  x1:0x000002fa  x9=0x00000000
     224745.000 ns	     22473	80004bd4	037a9433	mulh	x8,x21,x23	 x21:0xae000000 x23:0x00000000  x8=0x00000000
     225115.000 ns	     22510	80004bd8	025de6b3	rem	x13,x27,x5	 x27:0x00000001  x5:0x91a5b89c x13=0x00000001
     225145.000 ns	     22513	80004bdc	e0081b53	fclass.s	x22,f16	 f16:0xff800000 x22=0x00000001
     225165.000 ns	     22515	80004be0	5b46a993	slti	x19,x13,1460	 x13:0x00000001 x19=0x00000001
     225185.000 ns	     22517	80004be4	03708233	mul	x4,x1,x23	  x1:0x000002fa x23:0x00000000  x4=0x00000000
     225225.000 ns	     22521	80004be8	18337153	fdiv.s	f2,f6,f3	  f6:0x00000000  f3:0x00000000  f2=0x7fc00000
     225245.000 ns	     22523	80004bec	00ebd9b3	srl	x19,x23,x14	 x23:0x00000000 x14:0x000001a5 x19=0x00000000
     225265.000 ns	     22525	80004bf0	20d09553	fsgnjn.s	f10,f1,f13	  f1:0x3f800000 f13:0x00000000 f10=0xbf800000
     225285.000 ns	     22527	80004bf4	00a32c33	slt	x24,x6,x10	  x6:0x80041024 x10:0x00000000 x24=0x00000001
     225295.000 ns	     22528	80004bf8	0fc8c513	xori	x10,x17,252	 x17:0x00000000 x10=0x000000fc
     225305.000 ns	     22529	80004bfc	74b88d93	addi	x27,x17,1867	 x17:0x00000000 x27=0x0000074b
     225315.000 ns	     22530	80004c00	01c3df93	srli	x31,x7,0x1c	  x7:0x00000000 x31=0x00000000
     225345.000 ns	     22533	80004c04	580516d3	fsqrt.s	f13,f10	 f10:0xbf800000 f13=0x7fc00000
     225365.000 ns	     22535	80004c08	6b187d93	andi	x27,x16,1713	 x16:0x00000001 x27=0x00000001
     225725.000 ns	     22571	80004c0c	038370b3	remu	x1,x6,x24	  x6:0x80041024 x24:0x00000001  x1=0x00000000
     225745.000 ns	     22573	80004c10	1593da17	auipc	x20,0x1593d	 x20=0x95941c10
     225765.000 ns	     22575	80004c14	20171ad3	fsgnjn.s	f21,f14,f1	 f14:0x00000000  f1:0x3f800000 f21=0x80000000
     225785.000 ns	     22577	80004c18	655cf713	andi	x14,x25,1621	 x25:0x0e392982 x14=0x00000000
     225795.000 ns	     22578	80004c1c	908e9917	auipc	x18,0x908e9	 x18=0x108edc1c
     225805.000 ns	     22579	80004c20	014c5993	srli	x19,x24,0x14	 x24:0x00000001 x19=0x00000000
     225815.000 ns	     22580	80004c24	016d35b3	sltu	x11,x26,x22	 x26:0xfffffb40 x22:0x00000001 x11=0x00000000
     225825.000 ns	     22581	80004c28	56a44593	xori	x11,x8,1386	  x8:0x00000000 x11=0x0000056a
     225845.000 ns	     22583	80004c2c	023c98b3	mulh	x17,x25,x3	 x25:0x0e392982  x3:0x4ac4aae0 x17=0x04277341
     225865.000 ns	     22585	80004c30	35e56413	ori	x8,x10,862	 x10:0x000000fc  x8=0x000003fe
     225885.000 ns	     22587	80004c34	f00b8453	fmv.w.x	f8,x23	 x23:0x00000000  f8=0x00000000
     225915.000 ns	     22590	80004c38	a1e12653	feq.s	x12,f2,f30	  f2:0x7fc00000 f30:0x00000000 x12=0x00000000
     225945.000 ns	     22593	80004c3c	e00c01d3	fmv.x.w	x3,f24	 f24:0x7fc00000  x3=0x7fc00000
     225995.000 ns	     22598	80004c40	087c7653	fsub.s	f12,f24,f7	 f24:0x7fc00000  f7:0x00000000 f12=0x7fc00000
     226035.000 ns	     22602	80004c44	58047053	fsqrt.s	f0,f8	  f8:0x00000000  f0=0x00000000
     226055.000 ns	     22604	80004c48	b0563f13	sltiu	x30,x12,-1275	 x12:0x00000000 x30=0x00000001
     226065.000 ns	     22605	80004c4c	00b33733	sltu	x14,x6,x11	  x6:0x80041024 x11:0x0000056a x14=0x00000000
     226075.000 ns	     22606	80004c50	00e263b3	or	x7,x4,x14	  x4:0x00000000 x14:0x00000000  x7=0x00000000
     226085.000 ns	     22607	80004c54	01e60833	add	x16,x12,x30	 x12:0x00000000 x30:0x00000001 x16=0x00000001
     226105.000 ns	     22609	80004c58	a09e2ad3	feq.s	x21,f28,f9	 f28:0xcf020087  f9:0x7fc00000 x21=0x00000000
     226125.000 ns	     22611	80004c5c	acc82497	auipc	x9,0xacc82	  x9=0x2cc86c5c
     226135.000 ns	     22612	80004c60	59f0af13	slti	x30,x1,1439	  x1:0x00000000 x30=0x00000001
     226155.000 ns	     22614	80004c64	0304a8b3	mulhsu	x17,x9,x16	  x9:0x00000000 x16:0x00000001 x17=0x00000000
     226185.000 ns	     22617	80004c68	c00af6d3	fcvt.w.s	x13,f21	 f21:0x80000000 x13=0x00000000
     226555.000 ns	     22654	80004c6c	03eec733	div	x14,x29,x30	 x29:0x00000001 x30:0x00000001 x14=0x00000001
     226585.000 ns	     22657	80004c70	21c41653	fsgnjn.s	f12,f8,f28	  f8:0x00000000 f28:0xcf020087 f12=0x00000000
     226615.000 ns	     22660	80004c74	20e612d3	fsgnjn.s	f5,f12,f14	 f12:0x7fc00000 f14:0x00000000  f5=0x80000000
     226635.000 ns	     22662	80004c78	409e0bb3	sub	x23,x28,x9	 x28:0x00000001  x9:0x2cc86c5c x23=0xd33793a5
     226645.000 ns	     22663	80004c7c	0097f233	and	x4,x15,x9	 x15:0x80040fe4  x9:0x2cc86c5c  x4=0x00000c44
     226655.000 ns	     22664	80004c80	00000013	addi	x0,x0,0	  x0:0x00000000
     226665.000 ns	     22665	80004c84	01722f33	slt	x30,x4,x23	  x4:0x00000000 x23:0xd33793a5 x30=0x00000000
     226675.000 ns	     22666	80004c88	9383ef37	lui	x30,0x9383e	 x30=0x9383e000
     226695.000 ns	     22668	80004c8c	a078a2d3	feq.s	x5,f17,f7	 f17:0x00000000  f7:0x00000000  x5=0x00000001
     227065.000 ns	     22705	80004c90	0280e233	rem	x4,x1,x8	  x1:0x00000000  x8:0x000003fe  x4=0x00000000
     227085.000 ns	     22707	80004c94	00000013	addi	x0,x0,0	  x0:0x00000000
     227105.000 ns	     22709	80004c98	a00d9853	flt.s	x16,f27,f0	 f27:0x00000000  f0:0x00000000 x16=0x00000000
     227145.000 ns	     22713	80004c9c	18c5b653	fdiv.s	f12,f11,f12	 f11:0x4edcb48f f12:0x00000000 f12=0x7f800000
     227175.000 ns	     22716	80004ca0	211b0ed3	fsgnj.s	f29,f22,f17	 f22:0xff800000 f17:0x00000000 f29=0x7f800000
     227195.000 ns	     22718	80004ca4	01a1ab33	slt	x22,x3,x26	  x3:0x7fc00000 x26:0xfffffb40 x22=0x00000000
     227215.000 ns	     22720	80004ca8	03ddbb33	mulhu	x22,x27,x29	 x27:0x00000001 x29:0x00000001 x22=0x00000000
     227235.000 ns	     22722	80004cac	209c4193	xori	x3,x24,521	 x24:0x00000001  x3=0x00000208
     227245.000 ns	     22723	80004cb0	0178d233	srl	x4,x17,x23	 x17:0x00000000 x23:0xd33793a5  x4=0x00000000
     227265.000 ns	     22725	80004cb4	216b8253	fsgnj.s	f4,f23,f22	 f23:0x00000000 f22:0xff800000  f4=0x80000000
     227305.000 ns	     22729	80004cb8	58097653	fsqrt.s	f12,f18	 f18:0x80000000 f12=0x80000000
     227675.000 ns	     22766	80004cbc	02b5e3b3	rem	x7,x11,x11	 x11:0x0000056a x11:0x0000056a  x7=0x00000000
     227715.000 ns	     22770	80004cc0	11001e53	fmul.s	f28,f0,f16	  f0:0x00000000 f16:0xff800000 f28=0x7fc00000
     227745.000 ns	     22773	80004cc4	295b90d3	fmax.s	f1,f23,f21	 f23:0x00000000 f21:0x80000000  f1=0x00000000
     227775.000 ns	     22776	80004cc8	a13012d3	flt.s	x5,f0,f19	  f0:0x00000000 f19:0x7fc00000  x5=0x00000000
     227795.000 ns	     22778	80004ccc	2091f113	andi	x2,x3,521	  x3:0x00000208  x2=0x00000208
     227815.000 ns	     22780	80004cd0	214caed3	fsgnjx.s	f29,f25,f20	 f25:0x7fc00000 f20:0x00000000 f29=0x7fc00000
     227845.000 ns	     22783	80004cd4	288f8753	fmin.s	f14,f31,f8	 f31:0x7fc00000  f8:0x00000000 f14=0x00000000
     227875.000 ns	     22786	80004cd8	c00220d3	fcvt.w.s	x1,f4	  f4:0x80000000  x1=0x00000000
     227895.000 ns	     22788	80004cdc	407dd013	srai	x0,x27,0x7	 x27:0x00000001
     227905.000 ns	     22789	80004ce0	c12da913	slti	x18,x27,-1006	 x27:0x00000001 x18=0x00000000
     227925.000 ns	     22791	80004ce4	0317b2b3	mulhu	x5,x15,x17	 x15:0x80040fe4 x17:0x00000000  x5=0x00000000
     227955.000 ns	     22794	80004ce8	02c46a33	rem	x20,x8,x12	  x8:0x000003fe x12:0x00000000 x20=0x000003fe
     227975.000 ns	     22796	80004cec	664ec093	xori	x1,x29,1636	 x29:0x00000001  x1=0x00000665
     227995.000 ns	     22798	80004cf0	d0014d53	fcvt.s.w	f26,x2	  x2:0x00000208 f26=0x44020000
     228015.000 ns	     22800	80004cf4	887efd13	andi	x26,x29,-1913	 x29:0x00000001 x26=0x00000001
     228025.000 ns	     22801	80004cf8	416edf13	srai	x30,x29,0x16	 x29:0x00000001 x30=0x00000000
     228035.000 ns	     22802	80004cfc	8843cc13	xori	x24,x7,-1916	  x7:0x00000000 x24=0xfffff884
     228055.000 ns	     22804	80004d00	033070b3	remu	x1,x0,x19	  x0:0x00000000 x19:0x00000000  x1=0x00000000
     228085.000 ns	     22807	80004d04	d01a99d3	fcvt.s.wu	f19,x21	 x21:0x00000000 f19=0x00000000
     228115.000 ns	     22810	80004d08	c01c3853	fcvt.wu.s	x16,f24	 f24:0x7fc00000 x16=0xffffffff
     228145.000 ns	     22813	80004d0c	02a796b3	mulh	x13,x15,x10	 x15:0x80040fe4 x10:0x000000fc x13=0xffffff82
     228185.000 ns	     22817	80004d10	107bf653	fmul.s	f12,f23,f7	 f23:0x00000000  f7:0x00000000 f12=0x00000000
     228205.000 ns	     22819	80004d14	9b49b393	sltiu	x7,x19,-1612	 x19:0x00000000  x7=0x00000001
     228225.000 ns	     22821	80004d18	d01e70d3	fcvt.s.wu	f1,x28	 x28:0x00000001  f1=0x3f800000
     228255.000 ns	     22824	80004d1c	a12115d3	flt.s	x11,f2,f18	  f2:0x7fc00000 f18:0x80000000 x11=0x00000000
     228285.000 ns	     22827	80004d20	20a01a53	fsgnjn.s	f20,f0,f10	  f0:0x00000000 f10:0xbf800000 f20=0x00000000
     228305.000 ns	     22829	80004d24	404cdb33	sra	x22,x25,x4	 x25:0x0e392982  x4:0x00000000 x22=0x0e392982
     228325.000 ns	     22831	80004d28	039da633	mulhsu	x12,x27,x25	 x27:0x00000001 x25:0x0e392982 x12=0x00000000
     228355.000 ns	     22834	80004d2c	d01e76d3	fcvt.s.wu	f13,x28	 x28:0x00000001 f13=0x3f800000
     228725.000 ns	     22871	80004d30	022cf833	remu	x16,x25,x2	 x25:0x0e392982  x2:0x00000208 x16=0x000000f2
     228745.000 ns	     22873	80004d34	01a5bd33	sltu	x26,x11,x26	 x11:0x00000000 x26:0x00000001 x26=0x00000001
     228755.000 ns	     22874	80004d38	f9f4fa93	andi	x21,x9,-97	  x9:0x2cc86c5c x21=0x2cc86c1c
     228775.000 ns	     22876	80004d3c	21f79253	fsgnjn.s	f4,f15,f31	 f15:0x00000000 f31:0x7fc00000  f4=0x80000000
     228795.000 ns	     22878	80004d40	00045493	srli	x9,x8,0x0	  x8:0x000003fe  x9=0x000003fe
     228815.000 ns	     22880	80004d44	e0078153	fmv.x.w	x2,f15	 f15:0x00000000  x2=0x00000000
     228835.000 ns	     22882	80004d48	01e11d93	slli	x27,x2,0x1e	  x2:0x00000208 x27=0x00000000
     228865.000 ns	     22885	80004d4c	18622953	fdiv.s	f18,f4,f6	  f4:0x80000000  f6:0x00000000 f18=0x7fc00000
     228915.000 ns	     22890	80004d50	008602d3	fadd.s	f5,f12,f8	 f12:0x00000000  f8:0x00000000  f5=0x00000000
     228945.000 ns	     22893	80004d54	28a81b53	fmax.s	f22,f16,f10	 f16:0xff800000 f10:0xbf800000 f22=0xbf800000
     228965.000 ns	     22895	80004d58	00edb9b3	sltu	x19,x27,x14	 x27:0x00000000 x14:0x00000001 x19=0x00000001
     228975.000 ns	     22896	80004d5c	00401893	slli	x17,x0,0x4	  x0:0x00000000 x17=0x00000000
     228995.000 ns	     22898	80004d60	21002dd3	fsgnjx.s	f27,f0,f16	  f0:0x00000000 f16:0xff800000 f27=0x80000000
     229365.000 ns	     22935	80004d64	02d3e0b3	rem	x1,x7,x13	  x7:0x00000001 x13:0xffffff82  x1=0x00000001
     229385.000 ns	     22937	80004d68	01445e93	srli	x29,x8,0x14	  x8:0x000003fe x29=0x00000000
     229395.000 ns	     22938	80004d6c	a42f61b7	lui	x3,0xa42f6	  x3=0xa42f6000
     229405.000 ns	     22939	80004d70	41a48f33	sub	x30,x9,x26	  x9:0x000003fe x26:0x00000001 x30=0x000003fd
     229415.000 ns	     22940	80004d74	00691233	sll	x4,x18,x6	 x18:0x00000000  x6:0x80041024  x4=0x00000000
     229435.000 ns	     22942	80004d78	211623d3	fsgnjx.s	f7,f12,f17	 f12:0x00000000 f17:0x00000000  f7=0x00000000
     229465.000 ns	     22945	80004d7c	03bdcf33	div	x30,x27,x27	 x27:0x00000000 x27:0x00000000 x30=0xffffffff
     229495.000 ns	     22948	80004d80	a1e71753	flt.s	x14,f14,f30	 f14:0x00000000 f30:0x00000000 x14=0x00000000
     229515.000 ns	     22950	80004d84	11462e93	slti	x29,x12,276	 x12:0x00000000 x29=0x00000001
     229535.000 ns	     22952	80004d88	027a8b33	mul	x22,x21,x7	 x21:0x2cc86c1c  x7:0x00000001 x22=0x2cc86c1c
     229565.000 ns	     22955	80004d8c	d017f453	fcvt.s.wu	f8,x15	 x15:0x80040fe4  f8=0x4f00040f
     229585.000 ns	     22957	80004d90	330a3f93	sltiu	x31,x20,816	 x20:0x000003fe x31=0x00000000
     229615.000 ns	     22960	80004d94	19dea753	fdiv.s	f14,f29,f29	 f29:0x7fc00000 f29:0x7fc00000 f14=0x7fc00000
     229635.000 ns	     22962	80004d98	245f7597	auipc	x11,0x245f7	 x11=0xa45fbd98
     229655.000 ns	     22964	80004d9c	a13208d3	fle.s	x17,f4,f19	  f4:0x80000000 f19:0x00000000 x17=0x00000001
     229675.000 ns	     22966	80004da0	57b2ea93	ori	x21,x5,1403	  x5:0x00000000 x21=0x0000057b
     229695.000 ns	     22968	80004da4	a1668453	fle.s	x8,f13,f22	 f13:0x3f800000 f22:0xbf800000  x8=0x00000000
     229735.000 ns	     22972	80004da8	10f1bed3	fmul.s	f29,f3,f15	  f3:0x00000000 f15:0x00000000 f29=0x00000000
     229755.000 ns	     22974	80004dac	e6583913	sltiu	x18,x16,-411	 x16:0x000000f2 x18=0x00000001
     229775.000 ns	     22976	80004db0	a0220653	fle.s	x12,f4,f2	  f4:0x80000000  f2:0x7fc00000 x12=0x00000000
     229795.000 ns	     22978	80004db4	00000013	addi	x0,x0,0	  x0:0x00000000
     229805.000 ns	     22979	80004db8	006650b3	srl	x1,x12,x6	 x12:0x00000000  x6:0x80041024  x1=0x00000000
     229825.000 ns	     22981	80004dbc	d01eb253	fcvt.s.wu	f4,x29	 x29:0x00000001  f4=0x3f800000
     229845.000 ns	     22983	80004dc0	01c668b3	or	x17,x12,x28	 x12:0x00000000 x28:0x00000001 x17=0x00000001
     229855.000 ns	     22984	80004dc4	95b3b393	sltiu	x7,x7,-1701	  x7:0x00000001  x7=0x00000001
     229865.000 ns	     22985	80004dc8	013f4733	xor	x14,x30,x19	 x30:0xffffffff x19:0x00000001 x14=0xfffffffe
     229885.000 ns	     22987	80004dcc	299c8a53	fmin.s	f20,f25,f25	 f25:0x7fc00000 f25:0x7fc00000 f20=0x7fc00000
     229905.000 ns	     22989	80004dd0	419a5c33	sra	x24,x20,x25	 x20:0x000003fe x25:0x0e392982 x24=0x000000ff
     229925.000 ns	     22991	80004dd4	03702b33	mulhsu	x22,x0,x23	  x0:0x00000000 x23:0xd33793a5 x22=0x00000000
     229955.000 ns	     22994	80004dd8	21769cd3	fsgnjn.s	f25,f13,f23	 f13:0x3f800000 f23:0x00000000 f25=0xbf800000
     229975.000 ns	     22996	80004ddc	17f63993	sltiu	x19,x12,383	 x12:0x00000000 x19=0x00000001
     230335.000 ns	     23032	80004de0	038a4b33	div	x22,x20,x24	 x20:0x000003fe x24:0x000000ff x22=0x00000004
     230385.000 ns	     23037	80004de4	083374d3	fsub.s	f9,f6,f3	  f6:0x00000000  f3:0x00000000  f9=0x80000000
     230405.000 ns	     23039	80004de8	0027d433	srl	x8,x15,x2	 x15:0x80040fe4  x2:0x00000000  x8=0x80040fe4
     230425.000 ns	     23041	80004dec	285d1653	fmax.s	f12,f26,f5	 f26:0x44020000  f5:0x00000000 f12=0x44020000
     230455.000 ns	     23044	80004df0	a0f41b53	flt.s	x22,f8,f15	  f8:0x4f00040f f15:0x00000000 x22=0x00000000
     230825.000 ns	     23081	80004df4	0233c6b3	div	x13,x7,x3	  x7:0x00000001  x3:0xa42f6000 x13=0x00000000
     230865.000 ns	     23085	80004df8	5802f1d3	fsqrt.s	f3,f5	  f5:0x00000000  f3=0x00000000
     232005.000 ns	     23199	80004dfc	58027d53	fsqrt.s	f26,f4	  f4:0x3f800000 f26=0x3f7fffae
     232035.000 ns	     23202	80004e00	02deeeb3	rem	x29,x29,x13	 x29:0x00000001 x13:0x00000000 x29=0x00000001
     232065.000 ns	     23205	80004e04	a0ec9053	flt.s	x0,f25,f14	 f25:0xbf800000 f14:0x7fc00000
     232085.000 ns	     23207	80004e08	af533a17	auipc	x20,0xaf533	 x20=0x2f537e08
     232105.000 ns	     23209	80004e0c	d00274d3	fcvt.s.w	f9,x4	  x4:0x00000000  f9=0x00000000
     232475.000 ns	     23246	80004e10	02727933	remu	x18,x4,x7	  x4:0x00000000  x7:0x00000001 x18=0x00000000
     232495.000 ns	     23248	80004e14	1325bd93	sltiu	x27,x11,306	 x11:0xa45fbd98 x27=0x00000000
     232515.000 ns	     23250	80004e18	20d09ad3	fsgnjn.s	f21,f1,f13	  f1:0x3f800000 f13:0x3f800000 f21=0xbf800000
     232885.000 ns	     23287	80004e1c	029ae0b3	rem	x1,x21,x9	 x21:0x0000057b  x9:0x000003fe  x1=0x0000017d
     232905.000 ns	     23289	80004e20	414c5e93	srai	x29,x24,0x14	 x24:0x000000ff x29=0x00000000
     232925.000 ns	     23291	80004e24	a0cc0553	fle.s	x10,f24,f12	 f24:0x7fc00000 f12:0x44020000 x10=0x00000000
     232955.000 ns	     23294	80004e28	e00e8b53	fmv.x.w	x22,f29	 f29:0x00000000 x22=0x00000000
     232985.000 ns	     23297	80004e2c	02bf1233	mulh	x4,x30,x11	 x30:0xffffffff x11:0xa45fbd98  x4=0x00000000
     233005.000 ns	     23299	80004e30	00f3e1b3	or	x3,x7,x15	  x7:0x00000001 x15:0x80040fe4  x3=0x80040fe5
     233015.000 ns	     23300	80004e34	00b01993	slli	x19,x0,0xb	  x0:0x00000000 x19=0x00000000
     233025.000 ns	     23301	80004e38	0022ae33	slt	x28,x5,x2	  x5:0x00000000  x2:0x00000000 x28=0x00000000
     233065.000 ns	     23305	80004e3c	08e9f7d3	fsub.s	f15,f19,f14	 f19:0x00000000 f14:0x7fc00000 f15=0x7fc00000
     233085.000 ns	     23307	80004e40	7af56493	ori	x9,x10,1967	 x10:0x00000000  x9=0x000007af
     233105.000 ns	     23309	80004e44	298705d3	fmin.s	f11,f14,f24	 f14:0x7fc00000 f24:0x7fc00000 f11=0x7fc00000
     233125.000 ns	     23311	80004e48	008128b3	slt	x17,x2,x8	  x2:0x00000000  x8:0x80040fe4 x17=0x00000000
     233145.000 ns	     23313	80004e4c	a12daed3	feq.s	x29,f27,f18	 f27:0x80000000 f18:0x7fc00000 x29=0x00000000
     233175.000 ns	     23316	80004e50	d00641d3	fcvt.s.w	f3,x12	 x12:0x00000000  f3=0x00000000
     233195.000 ns	     23318	80004e54	01af15b3	sll	x11,x30,x26	 x30:0xffffffff x26:0x00000001 x11=0xfffffffe
     233215.000 ns	     23320	80004e58	c0007053	fcvt.w.s	x0,f0	  f0:0x00000000
     233245.000 ns	     23323	80004e5c	03b53bb3	mulhu	x23,x10,x27	 x10:0x00000000 x27:0x00000000 x23=0x00000000
     233265.000 ns	     23325	80004e60	00356e33	or	x28,x10,x3	 x10:0x00000000  x3:0x80040fe5 x28=0x80040fe5
     233285.000 ns	     23327	80004e64	02d73a33	mulhu	x20,x14,x13	 x14:0xfffffffe x13:0x00000000 x20=0x00000000
     233315.000 ns	     23330	80004e68	03232ab3	mulhsu	x21,x6,x18	  x6:0x80041024 x18:0x00000000 x21=0x00000000
     233345.000 ns	     23333	80004e6c	a19993d3	flt.s	x7,f19,f25	 f19:0x00000000 f25:0xbf800000  x7=0x00000000
     233365.000 ns	     23335	80004e70	00f905b3	add	x11,x18,x15	 x18:0x00000000 x15:0x80040fe4 x11=0x80040fe4
     233385.000 ns	     23337	80004e74	e00409d3	fmv.x.w	x19,f8	  f8:0x4f00040f x19=0x4f00040f
     233415.000 ns	     23340	80004e78	20f50a53	fsgnj.s	f20,f10,f15	 f10:0xbf800000 f15:0x7fc00000 f20=0x3f800000
     233785.000 ns	     23377	80004e7c	02b2ceb3	div	x29,x5,x11	  x5:0x00000000 x11:0x80040fe4 x29=0x00000000
     233825.000 ns	     23381	80004e80	10911cd3	fmul.s	f25,f2,f9	  f2:0x7fc00000  f9:0x00000000 f25=0x7fc00000
     233855.000 ns	     23384	80004e84	a0c103d3	fle.s	x7,f2,f12	  f2:0x7fc00000 f12:0x44020000  x7=0x00000000
     233885.000 ns	     23387	80004e88	e00e0a53	fmv.x.w	x20,f28	 f28:0x7fc00000 x20=0x7fc00000
     233915.000 ns	     23390	80004e8c	28480153	fmin.s	f2,f16,f4	 f16:0xff800000  f4:0x3f800000  f2=0xff800000
     233945.000 ns	     23393	80004e90	e0088a53	fmv.x.w	x20,f17	 f17:0x00000000 x20=0x00000000
     233975.000 ns	     23396	80004e94	d0107253	fcvt.s.wu	f4,x0	  x0:0x00000000  f4=0x00000000
     234005.000 ns	     23399	80004e98	c0127553	fcvt.wu.s	x10,f4	  f4:0x3f800000 x10=0x00000000
     234025.000 ns	     23401	80004e9c	00960db3	add	x27,x12,x9	 x12:0x00000000  x9:0x000007af x27=0x000007af
     234035.000 ns	     23402	80004ea0	00e7b8b3	sltu	x17,x15,x14	 x15:0x80040fe4 x14:0xfffffffe x17=0x00000001
     234055.000 ns	     23404	80004ea4	29461353	fmax.s	f6,f12,f20	 f12:0x44020000 f20:0x3f800000  f6=0x44020000
     234075.000 ns	     23406	80004ea8	00752db3	slt	x27,x10,x7	 x10:0x00000000  x7:0x00000000 x27=0x00000000
     234085.000 ns	     23407	80004eac	41295a93	srai	x21,x18,0x12	 x18:0x00000000 x21=0x00000000
     234105.000 ns	     23409	80004eb0	f00488d3	fmv.w.x	f17,x9	  x9:0x000007af f17=0x000007af
     234135.000 ns	     23412	80004eb4	e00a86d3	fmv.x.w	x13,f21	 f21:0xbf800000 x13=0xbf800000
     234165.000 ns	     23415	80004eb8	a0ba2253	feq.s	x4,f20,f11	 f20:0x3f800000 f11:0x7fc00000  x4=0x00000000
     234185.000 ns	     23417	80004ebc	00ce4b33	xor	x22,x28,x12	 x28:0x80040fe5 x12:0x00000000 x22=0x80040fe5
     234195.000 ns	     23418	80004ec0	df13d097	auipc	x1,0xdf13d	  x1=0x5f141ec0
     234215.000 ns	     23420	80004ec4	a0f6aa53	feq.s	x20,f13,f15	 f13:0x3f800000 f15:0x7fc00000 x20=0x00000000
     234245.000 ns	     23423	80004ec8	a092add3	feq.s	x27,f5,f9	  f5:0x00000000  f9:0x00000000 x27=0x00000001
     234275.000 ns	     23426	80004ecc	034bc9b3	div	x19,x23,x20	 x23:0x00000000 x20:0x00000000 x19=0xffffffff
     234295.000 ns	     23428	80004ed0	005c61b3	or	x3,x24,x5	 x24:0x000000ff  x5:0x00000000  x3=0x000000ff
     234315.000 ns	     23430	80004ed4	d01547d3	fcvt.s.wu	f15,x10	 x10:0x00000000 f15=0x00000000
     234335.000 ns	     23432	80004ed8	4175d133	sra	x2,x11,x23	 x11:0x80040fe4 x23:0x00000000  x2=0x80040fe4
     234355.000 ns	     23434	80004edc	022284b3	mul	x9,x5,x2	  x5:0x00000000  x2:0x00000000  x9=0x00000000
     234375.000 ns	     23436	80004ee0	01920e33	add	x28,x4,x25	  x4:0x00000000 x25:0x0e392982 x28=0x0e392982
     234385.000 ns	     23437	80004ee4	2457e3b7	lui	x7,0x2457e	  x7=0x2457e000
     234745.000 ns	     23473	80004ee8	03bfdc33	divu	x24,x31,x27	 x31:0x00000000 x27:0x00000001 x24=0x00000000
     234775.000 ns	     23476	80004eec	f00503d3	fmv.w.x	f7,x10	 x10:0x00000000  f7=0x00000000
     234815.000 ns	     23480	80004ef0	190380d3	fdiv.s	f1,f7,f16	  f7:0x00000000 f16:0xff800000  f1=0x80000000
     234835.000 ns	     23482	80004ef4	01bb8133	add	x2,x23,x27	 x23:0x00000000 x27:0x00000001  x2=0x00000001
     234845.000 ns	     23483	80004ef8	41c751b3	sra	x3,x14,x28	 x14:0xfffffffe x28:0x0e392982  x3=0xffffffff
     234855.000 ns	     23484	80004efc	db358e13	addi	x28,x11,-589	 x11:0x80040fe4 x28=0x80040d97
     234865.000 ns	     23485	80004f00	01fa9c13	slli	x24,x21,0x1f	 x21:0x00000000 x24=0x00000000
     234875.000 ns	     23486	80004f04	1b47bd13	sltiu	x26,x15,436	 x15:0x80040fe4 x26=0x00000000
     234905.000 ns	     23489	80004f08	58008cd3	fsqrt.s	f25,f1	  f1:0x80000000 f25=0x80000000
     234935.000 ns	     23492	80004f0c	023032b3	mulhu	x5,x0,x3	  x0:0x00000000  x3:0xffffffff  x5=0x00000000
     234955.000 ns	     23494	80004f10	01627833	and	x16,x4,x22	  x4:0x00000000 x22:0x80040fe5 x16=0x00000000
     234965.000 ns	     23495	80004f14	00894fb3	xor	x31,x18,x8	 x18:0x00000000  x8:0x80040fe4 x31=0x80040fe4
     234985.000 ns	     23497	80004f18	a1a98453	fle.s	x8,f19,f26	 f19:0x00000000 f26:0x3f7fffae  x8=0x00000001
     235015.000 ns	     23500	80004f1c	21238bd3	fsgnj.s	f23,f7,f18	  f7:0x00000000 f18:0x7fc00000 f23=0x00000000
     235035.000 ns	     23502	80004f20	00ad95b3	sll	x11,x27,x10	 x27:0x00000001 x10:0x00000000 x11=0x00000001
     235045.000 ns	     23503	80004f24	00a796b3	sll	x13,x15,x10	 x15:0x80040fe4 x10:0x00000000 x13=0x80040fe4
     235065.000 ns	     23505	80004f28	0329ed33	rem	x26,x19,x18	 x19:0xffffffff x18:0x00000000 x26=0xffffffff
     235085.000 ns	     23507	80004f2c	32909c37	lui	x24,0x32909	 x24=0x32909000
     235095.000 ns	     23508	80004f30	40bd0533	sub	x10,x26,x11	 x26:0xffffffff x11:0x00000001 x10=0xfffffffe
     235105.000 ns	     23509	80004f34	27527713	andi	x14,x4,629	  x4:0x00000000 x14=0x00000000
     235125.000 ns	     23511	80004f38	29d499d3	fmax.s	f19,f9,f29	  f9:0x00000000 f29:0x00000000 f19=0x00000000
     235155.000 ns	     23514	80004f3c	21579953	fsgnjn.s	f18,f15,f21	 f15:0x00000000 f21:0xbf800000 f18=0x00000000
     235205.000 ns	     23519	80004f40	0064f253	fadd.s	f4,f9,f6	  f9:0x00000000  f6:0x44020000  f4=0x44020000
     235225.000 ns	     23521	80004f44	01efe5b3	or	x11,x31,x30	 x31:0x80040fe4 x30:0xffffffff x11=0xffffffff
     235235.000 ns	     23522	80004f48	01b7d293	srli	x5,x15,0x1b	 x15:0x80040fe4  x5=0x00000010
     235255.000 ns	     23524	80004f4c	e00619d3	fclass.s	x19,f12	 f12:0x44020000 x19=0x00000040
     235275.000 ns	     23526	80004f50	00cc3833	sltu	x16,x24,x12	 x24:0x32909000 x12:0x00000000 x16=0x00000000
     235295.000 ns	     23528	80004f54	29788253	fmin.s	f4,f17,f23	 f17:0x000007af f23:0x00000000  f4=0x00000000
     235325.000 ns	     23531	80004f58	03bd34b3	mulhu	x9,x26,x27	 x26:0xffffffff x27:0x00000001  x9=0x00000000
     235355.000 ns	     23534	80004f5c	a1e0a853	feq.s	x16,f1,f30	  f1:0x80000000 f30:0x00000000 x16=0x00000001
     235385.000 ns	     23537	80004f60	c002ac53	fcvt.w.s	x24,f5	  f5:0x00000000 x24=0x00000000
     235415.000 ns	     23540	80004f64	f0078853	fmv.w.x	f16,x15	 x15:0x80040fe4 f16=0x80040fe4
     235445.000 ns	     23543	80004f68	d0134f53	fcvt.s.wu	f30,x6	  x6:0x80041024 f30=0x4f000410
     235465.000 ns	     23545	80004f6c	00b61533	sll	x10,x12,x11	 x12:0x00000000 x11:0xffffffff x10=0x00000000
     235475.000 ns	     23546	80004f70	00000013	addi	x0,x0,0	  x0:0x00000000
     235485.000 ns	     23547	80004f74	d8b65017	auipc	x0,0xd8b65	
     235525.000 ns	     23551	80004f78	09833553	fsub.s	f10,f6,f24	  f6:0x44020000 f24:0x7fc00000 f10=0x7fc00000
     235555.000 ns	     23554	80004f7c	a17285d3	fle.s	x11,f5,f23	  f5:0x00000000 f23:0x00000000 x11=0x00000001
     235575.000 ns	     23556	80004f80	5e60b897	auipc	x17,0x5e60b	 x17=0xde60ff80
     235595.000 ns	     23558	80004f84	02793e33	mulhu	x28,x18,x7	 x18:0x00000000  x7:0x2457e000 x28=0x00000000
     235625.000 ns	     23561	80004f88	f00d8153	fmv.w.x	f2,x27	 x27:0x00000001  f2=0x00000001
     235665.000 ns	     23565	80004f8c	1854f253	fdiv.s	f4,f9,f5	  f9:0x00000000  f5:0x00000000  f4=0x7fc00000
     235695.000 ns	     23568	80004f90	d006f0d3	fcvt.s.w	f1,x13	 x13:0x80040fe4  f1=0xcefff7e0
     235725.000 ns	     23571	80004f94	c01382d3	fcvt.wu.s	x5,f7	  f7:0x00000000  x5=0x00000000
     235755.000 ns	     23574	80004f98	c01aa653	fcvt.wu.s	x12,f21	 f21:0xbf800000 x12=0x00000001
     235775.000 ns	     23576	80004f9c	00f90033	add	x0,x18,x15	 x18:0x00000000 x15:0x80040fe4
     235785.000 ns	     23577	80004fa0	00000013	addi	x0,x0,0	  x0:0x00000000
     235805.000 ns	     23579	80004fa4	296e0cd3	fmin.s	f25,f28,f22	 f28:0x7fc00000 f22:0xbf800000 f25=0xbf800000
     235835.000 ns	     23582	80004fa8	e00c9053	fclass.s	x0,f25	 f25:0x80000000
     235865.000 ns	     23585	80004fac	a1538e53	fle.s	x28,f7,f21	  f7:0x00000000 f21:0xbf800000 x28=0x00000000
     235905.000 ns	     23589	80004fb0	103fb2d3	fmul.s	f5,f31,f3	 f31:0x7fc00000  f3:0x00000000  f5=0x7fc00000
     235925.000 ns	     23591	80004fb4	07834d93	xori	x27,x6,120	  x6:0x80041024 x27=0x8004105c
     235955.000 ns	     23594	80004fb8	11f87fd3	fmul.s	f31,f16,f31	 f16:0x80040fe4 f31:0x7fc00000 f31=0x7fc00000
     236005.000 ns	     23599	80004fbc	0020f253	fadd.s	f4,f1,f2	  f1:0xcefff7e0  f2:0x00000001  f4=0xcefff7e0
     236025.000 ns	     23601	80004fc0	01d55bb3	srl	x23,x10,x29	 x10:0x00000000 x29:0x00000000 x23=0x00000000
     236035.000 ns	     23602	80004fc4	01b9abb3	slt	x23,x19,x27	 x19:0x00000040 x27:0x8004105c x23=0x00000000
     236055.000 ns	     23604	80004fc8	29428d53	fmin.s	f26,f5,f20	  f5:0x7fc00000 f20:0x3f800000 f26=0x3f800000
     236075.000 ns	     23606	80004fcc	015dc533	xor	x10,x27,x21	 x27:0x8004105c x21:0x00000000 x10=0x8004105c
     236085.000 ns	     23607	80004fd0	01bb5e33	srl	x28,x22,x27	 x22:0x80040fe5 x27:0x8004105c x28=0x00000008
     236105.000 ns	     23609	80004fd4	21d71dd3	fsgnjn.s	f27,f14,f29	 f14:0x7fc00000 f29:0x00000000 f27=0xffc00000
     236125.000 ns	     23611	80004fd8	003c9813	slli	x16,x25,0x3	 x25:0x0e392982 x16=0x71c94c10
     236145.000 ns	     23613	80004fdc	a18206d3	fle.s	x13,f4,f24	  f4:0xcefff7e0 f24:0x7fc00000 x13=0x00000000
     236175.000 ns	     23616	80004fe0	283a0553	fmin.s	f10,f20,f3	 f20:0x3f800000  f3:0x00000000 f10=0x00000000
     236195.000 ns	     23618	80004fe4	a3677e37	lui	x28,0xa3677	 x28=0xa3677000
     236225.000 ns	     23621	80004fe8	10bb7b53	fmul.s	f22,f22,f11	 f22:0xbf800000 f11:0x7fc00000 f22=0x7fc00000
     236265.000 ns	     23625	80004fec	196ba653	fdiv.s	f12,f23,f22	 f23:0x00000000 f22:0xbf800000 f12=0x7fc00000
     236285.000 ns	     23627	80004ff0	b4fc2493	slti	x9,x24,-1201	 x24:0x00000000  x9=0x00000000
     236295.000 ns	     23628	80004ff4	0169ef33	or	x30,x19,x22	 x19:0x00000040 x22:0x80040fe5 x30=0x80040fe5
     236655.000 ns	     23664	80004ff8	0220cfb3	div	x31,x1,x2	  x1:0x5f141ec0  x2:0x00000001 x31=0x5f141ec0
     236685.000 ns	     23667	80004ffc	a16d94d3	flt.s	x9,f27,f22	 f27:0xffc00000 f22:0x7fc00000  x9=0x00000000
     236705.000 ns	     23669	80005000	892ce497	auipc	x9,0x892ce	  x9=0x092d3000
     236715.000 ns	     23670	80005004	007b3bb3	sltu	x23,x22,x7	 x22:0x80040fe5  x7:0x2457e000 x23=0x00000000
     237885.000 ns	     23787	80005008	58017bd3	fsqrt.s	f23,f2	  f2:0x00000001 f23=0x1f350483
     237905.000 ns	     23789	8000500c	69883d93	sltiu	x27,x16,1688	 x16:0x71c94c10 x27=0x00000000
     237925.000 ns	     23791	80005010	027ba5b3	mulhsu	x11,x23,x7	 x23:0x00000000  x7:0x2457e000 x11=0x00000000
     237945.000 ns	     23793	80005014	ae167f17	auipc	x30,0xae167	 x30=0x2e16c014
     237955.000 ns	     23794	80005018	0116ce33	xor	x28,x13,x17	 x13:0x00000000 x17:0xde60ff80 x28=0xde60ff80
     237965.000 ns	     23795	8000501c	404952b3	sra	x5,x18,x4	 x18:0x00000000  x4:0x00000000  x5=0x00000000
     237985.000 ns	     23797	80005020	a018a5d3	feq.s	x11,f17,f1	 f17:0x000007af  f1:0xcefff7e0 x11=0x00000000
     238005.000 ns	     23799	80005024	017b1413	slli	x8,x22,0x17	 x22:0x80040fe5  x8=0xf2800000
     238045.000 ns	     23803	80005028	0188f7d3	fadd.s	f15,f17,f24	 f17:0x000007af f24:0x7fc00000 f15=0x7fc00000
     238075.000 ns	     23806	8000502c	03c91fb3	mulh	x31,x18,x28	 x18:0x00000000 x28:0xde60ff80 x31=0x00000000
     238105.000 ns	     23809	80005030	e0029153	fclass.s	x2,f5	  f5:0x7fc00000  x2=0x00000200
     238135.000 ns	     23812	80005034	f0030f53	fmv.w.x	f30,x6	  x6:0x80041024 f30=0x80041024
     238175.000 ns	     23816	80005038	103e4a53	fmul.s	f20,f28,f3	 f28:0x7fc00000  f3:0x00000000 f20=0x7fc00000
     238195.000 ns	     23818	8000503c	01574db3	xor	x27,x14,x21	 x14:0x00000000 x21:0x00000000 x27=0x00000000
     238215.000 ns	     23820	80005040	e00c1953	fclass.s	x18,f24	 f24:0x7fc00000 x18=0x00000200
     238235.000 ns	     23822	80005044	41da8c33	sub	x24,x21,x29	 x21:0x00000000 x29:0x00000000 x24=0x00000000
     238255.000 ns	     23824	80005048	a13282d3	fle.s	x5,f5,f19	  f5:0x7fc00000 f19:0x00000000  x5=0x00000000
     238275.000 ns	     23826	8000504c	01756db3	or	x27,x10,x23	 x10:0x8004105c x23:0x00000000 x27=0x8004105c
     238295.000 ns	     23828	80005050	a0301d53	flt.s	x26,f0,f3	  f0:0x00000000  f3:0x00000000 x26=0x00000000
     238325.000 ns	     23831	80005054	02ee0c33	mul	x24,x28,x14	 x28:0xde60ff80 x14:0x00000000 x24=0x00000000
     238695.000 ns	     23868	80005058	0215d733	divu	x14,x11,x1	 x11:0x00000000  x1:0x5f141ec0 x14=0x00000000
     238725.000 ns	     23871	8000505c	20a38a53	fsgnj.s	f20,f7,f10	  f7:0x00000000 f10:0x00000000 f20=0x00000000
     238755.000 ns	     23874	80005060	03679b33	mulh	x22,x15,x22	 x15:0x80040fe4 x22:0x80040fe5 x22=0x3ffbf02c
     238775.000 ns	     23876	80005064	c70c7413	andi	x8,x24,-912	 x24:0x00000000  x8=0x00000000
     238795.000 ns	     23878	80005068	03d7d233	divu	x4,x15,x29	 x15:0x80040fe4 x29:0x00000000  x4=0xffffffff
     238825.000 ns	     23881	8000506c	20c6ae53	fsgnjx.s	f28,f13,f12	 f13:0x3f800000 f12:0x7fc00000 f28=0x3f800000
     238845.000 ns	     23883	80005070	9b720293	addi	x5,x4,-1609	  x4:0xffffffff  x5=0xfffff9b6
     238855.000 ns	     23884	80005074	4f5a0013	addi	x0,x20,1269	 x20:0x00000000
     238875.000 ns	     23886	80005078	03052db3	mulhsu	x27,x10,x16	 x10:0x8004105c x16:0x71c94c10 x27=0xc71d2862
     238905.000 ns	     23889	8000507c	c0157f53	fcvt.wu.s	x30,f10	 f10:0x00000000 x30=0x00000000
     238925.000 ns	     23891	80005080	00cce0b3	or	x1,x25,x12	 x25:0x0e392982 x12:0x00000001  x1=0x0e392983
     238935.000 ns	     23892	80005084	0ca9f813	andi	x16,x19,202	 x19:0x00000040 x16=0x00000040
     238945.000 ns	     23893	80005088	00246033	or	x0,x8,x2	  x8:0x00000000  x2:0x00000200
     238955.000 ns	     23894	8000508c	40718a33	sub	x20,x3,x7	  x3:0xffffffff  x7:0x2457e000 x20=0xdba81fff
     238965.000 ns	     23895	80005090	00b4de93	srli	x29,x9,0xb	  x9:0x092d3000 x29=0x000125a6
     238985.000 ns	     23897	80005094	21239153	fsgnjn.s	f2,f7,f18	  f7:0x00000000 f18:0x00000000  f2=0x80000000
     239005.000 ns	     23899	80005098	2f512a93	slti	x21,x2,757	  x2:0x00000200 x21=0x00000001
     239025.000 ns	     23901	8000509c	a0c98553	fle.s	x10,f19,f12	 f19:0x00000000 f12:0x7fc00000 x10=0x00000000
     239045.000 ns	     23903	800050a0	87163593	sltiu	x11,x12,-1935	 x12:0x00000001 x11=0x00000001
     239065.000 ns	     23905	800050a4	d01a7e53	fcvt.s.wu	f28,x20	 x20:0xdba81fff f28=0x4f5ba81f
     239085.000 ns	     23907	800050a8	01989693	slli	x13,x17,0x19	 x17:0xde60ff80 x13=0x00000000
     239095.000 ns	     23908	800050ac	000b1493	slli	x9,x22,0x0	 x22:0x3ffbf02c  x9=0x3ffbf02c
     239115.000 ns	     23910	800050b0	f00c8253	fmv.w.x	f4,x25	 x25:0x0e392982  f4=0x0e392982
     239145.000 ns	     23913	800050b4	29090dd3	fmin.s	f27,f18,f16	 f18:0x00000000 f16:0x80040fe4 f27=0x80040fe4
     239175.000 ns	     23916	800050b8	a1e62953	feq.s	x18,f12,f30	 f12:0x7fc00000 f30:0x80041024 x18=0x00000000
     239205.000 ns	     23919	800050bc	03d929b3	mulhsu	x19,x18,x29	 x18:0x00000200 x29:0x000125a6 x19=0x00000000
     239235.000 ns	     23922	800050c0	e0079253	fclass.s	x4,f15	 f15:0x7fc00000  x4=0x00000200
     239265.000 ns	     23925	800050c4	0375e0b3	rem	x1,x11,x23	 x11:0x00000001 x23:0x00000000  x1=0x00000001
     239295.000 ns	     23928	800050c8	c01306d3	fcvt.wu.s	x13,f6	  f6:0x44020000 x13=0x00000208
     239665.000 ns	     23965	800050cc	026d71b3	remu	x3,x26,x6	 x26:0x00000000  x6:0x80041024  x3=0x00000000
     239705.000 ns	     23969	800050d0	11a0b0d3	fmul.s	f1,f1,f26	  f1:0xcefff7e0 f26:0x3f800000  f1=0xcefff7e0
     239725.000 ns	     23971	800050d4	5d6c3d13	sltiu	x26,x24,1494	 x24:0x00000000 x26=0x00000001
     239745.000 ns	     23973	800050d8	036e3833	mulhu	x16,x28,x22	 x28:0xde60ff80 x22:0x3ffbf02c x16=0x3794b89c
     239765.000 ns	     23975	800050dc	d22b3f93	sltiu	x31,x22,-734	 x22:0x3ffbf02c x31=0x00000001
     239775.000 ns	     23976	800050e0	2a1ea293	slti	x5,x29,673	 x29:0x000125a6  x5=0x00000000
     239785.000 ns	     23977	800050e4	01febab3	sltu	x21,x29,x31	 x29:0x000125a6 x31:0x00000000 x21=0x00000000
     239805.000 ns	     23979	800050e8	c01d7c53	fcvt.wu.s	x24,f26	 f26:0x3f800000 x24=0x00000001
     239835.000 ns	     23982	800050ec	c0070ad3	fcvt.w.s	x21,f14	 f14:0x7fc00000 x21=0x7fffffff
     239865.000 ns	     23985	800050f0	28d28253	fmin.s	f4,f5,f13	  f5:0x7fc00000 f13:0x3f800000  f4=0x3f800000
     239895.000 ns	     23988	800050f4	214600d3	fsgnj.s	f1,f12,f20	 f12:0x7fc00000 f20:0x00000000  f1=0x7fc00000
     239935.000 ns	     23992	800050f8	18ab7653	fdiv.s	f12,f22,f10	 f22:0x7fc00000 f10:0x00000000 f12=0x7fc00000
     239955.000 ns	     23994	800050fc	5edfbe13	sltiu	x28,x31,1517	 x31:0x00000001 x28=0x00000001
     239965.000 ns	     23995	80005100	01fe1293	slli	x5,x28,0x1f	 x28:0xde60ff80  x5=0x80000000
     239975.000 ns	     23996	80005104	e20f2e93	slti	x29,x30,-480	 x30:0x00000000 x29=0x00000000
     239985.000 ns	     23997	80005108	c8dfca13	xori	x20,x31,-883	 x31:0x00000001 x20=0xfffffc8c
     240005.000 ns	     23999	8000510c	0274b933	mulhu	x18,x9,x7	  x9:0x3ffbf02c  x7:0x2457e000 x18=0x09156461
     240055.000 ns	     24004	80005110	095d7253	fsub.s	f4,f26,f21	 f26:0x3f800000 f21:0xbf800000  f4=0x40000000
     240075.000 ns	     24006	80005114	004e2833	slt	x16,x28,x4	 x28:0x00000001  x4:0x00000200 x16=0x00000001
     240085.000 ns	     24007	80005118	004152b3	srl	x5,x2,x4	  x2:0x00000200  x4:0x00000200  x5=0x00000200
     240095.000 ns	     24008	8000511c	d53dd5b7	lui	x11,0xd53dd	 x11=0xd53dd000
     240115.000 ns	     24010	80005120	29fa8853	fmin.s	f16,f21,f31	 f21:0xbf800000 f31:0x7fc00000 f16=0xbf800000
     240135.000 ns	     24012	80005124	015ae0b3	or	x1,x21,x21	 x21:0x7fffffff x21:0x7fffffff  x1=0x7fffffff
     240145.000 ns	     24013	80005128	66202113	slti	x2,x0,1634	  x0:0x00000000  x2=0x00000001
     240165.000 ns	     24015	8000512c	02ca3fb3	mulhu	x31,x20,x12	 x20:0xfffffc8c x12:0x00000001 x31=0x00000000
     240185.000 ns	     24017	80005130	00556fb3	or	x31,x10,x5	 x10:0x00000000  x5:0x00000200 x31=0x00000200
     240195.000 ns	     24018	80005134	00000013	addi	x0,x0,0	  x0:0x00000000
     240215.000 ns	     24020	80005138	c0033f53	fcvt.w.s	x30,f6	  f6:0x44020000 x30=0x00000208
     240585.000 ns	     24057	8000513c	02b7e3b3	rem	x7,x15,x11	 x15:0x80040fe4 x11:0xd53dd000  x7=0xd5886fe4
     240955.000 ns	     24094	80005140	02f04ab3	div	x21,x0,x15	  x0:0x00000000 x15:0x80040fe4 x21=0x00000000
     240975.000 ns	     24096	80005144	b7437893	andi	x17,x6,-1164	  x6:0x80041024 x17=0x80041024
     240985.000 ns	     24097	80005148	12a9c013	xori	x0,x19,298	 x19:0x00000000
     241005.000 ns	     24099	8000514c	e00405d3	fmv.x.w	x11,f8	  f8:0x4f00040f x11=0x4f00040f
     241035.000 ns	     24102	80005150	20ba16d3	fsgnjn.s	f13,f20,f11	 f20:0x00000000 f11:0x7fc00000 f13=0x80000000
     241055.000 ns	     24104	80005154	26562b13	slti	x22,x12,613	 x12:0x00000001 x22=0x00000001
     241075.000 ns	     24106	80005158	a0c80d53	fle.s	x26,f16,f12	 f16:0xbf800000 f12:0x7fc00000 x26=0x00000000
     241115.000 ns	     24110	8000515c	19904653	fdiv.s	f12,f0,f25	  f0:0x00000000 f25:0xbf800000 f12=0x80000000
     241135.000 ns	     24112	80005160	c3c7b813	sltiu	x16,x15,-964	 x15:0x80040fe4 x16=0x00000001
     241145.000 ns	     24113	80005164	40ee5413	srai	x8,x28,0xe	 x28:0x00000001  x8=0x00000000
     241175.000 ns	     24116	80005168	18f52453	fdiv.s	f8,f10,f15	 f10:0x00000000 f15:0x7fc00000  f8=0x7fc00000
     241195.000 ns	     24118	8000516c	412501b3	sub	x3,x10,x18	 x10:0x00000000 x18:0x09156461  x3=0xf6ea9b9f
     241215.000 ns	     24120	80005170	210e00d3	fsgnj.s	f1,f28,f16	 f28:0x4f5ba81f f16:0xbf800000  f1=0xcf5ba81f
     241585.000 ns	     24157	80005174	036cf9b3	remu	x19,x25,x22	 x25:0x0e392982 x22:0x00000001 x19=0x00000000
     241615.000 ns	     24160	80005178	a0d40fd3	fle.s	x31,f8,f13	  f8:0x7fc00000 f13:0x80000000 x31=0x00000000
     241635.000 ns	     24162	8000517c	1ff0ad93	slti	x27,x1,511	  x1:0x7fffffff x27=0x00000000
     241655.000 ns	     24164	80005180	d0089cd3	fcvt.s.w	f25,x17	 x17:0x80041024 f25=0xcefff7df
     241675.000 ns	     24166	80005184	40068493	addi	x9,x13,1024	 x13:0x00000208  x9=0x00000608
     241715.000 ns	     24170	80005188	0141f053	fadd.s	f0,f3,f20	  f3:0x00000000 f20:0x00000000  f0=0x00000000
     241745.000 ns	     24173	8000518c	03b07eb3	remu	x29,x0,x27	  x0:0x00000000 x27:0x00000000 x29=0x00000000
     241775.000 ns	     24176	80005190	20d599d3	fsgnjn.s	f19,f11,f13	 f11:0x7fc00000 f13:0x80000000 f19=0x7fc00000
     241795.000 ns	     24178	80005194	61f38713	addi	x14,x7,1567	  x7:0xd5886fe4 x14=0xd5887603
     242155.000 ns	     24214	80005198	02dcd8b3	divu	x17,x25,x13	 x25:0x0e392982 x13:0x00000208 x17=0x00070092
     242185.000 ns	     24217	8000519c	02641d33	mulh	x26,x8,x6	  x8:0x00000000  x6:0x80041024 x26=0x00000000
     242205.000 ns	     24219	800051a0	41c5d013	srai	x0,x11,0x1c	 x11:0x4f00040f
     242215.000 ns	     24220	800051a4	12b1f3b7	lui	x7,0x12b1f	  x7=0x12b1f000
     242255.000 ns	     24224	800051a8	017d44d3	fadd.s	f9,f26,f23	 f26:0x3f800000 f23:0x1f350483  f9=0x3f800000
     242275.000 ns	     24226	800051ac	40e688b3	sub	x17,x13,x14	 x13:0x00000208 x14:0xd5887603 x17=0x2a778c05
     242285.000 ns	     24227	800051b0	019fdb13	srli	x22,x31,0x19	 x31:0x00000000 x22=0x00000000
     242305.000 ns	     24229	800051b4	28db19d3	fmax.s	f19,f22,f13	 f22:0x7fc00000 f13:0x80000000 f19=0x80000000
     242325.000 ns	     24231	800051b8	00e72f33	slt	x30,x14,x14	 x14:0xd5887603 x14:0xd5887603 x30=0x00000000
     242345.000 ns	     24233	800051bc	a07d9bd3	flt.s	x23,f27,f7	 f27:0x80040fe4  f7:0x00000000 x23=0x00000001
     242375.000 ns	     24236	800051c0	e00f0fd3	fmv.x.w	x31,f30	 f30:0x80041024 x31=0x80041024
     242405.000 ns	     24239	800051c4	d01afd53	fcvt.s.wu	f26,x21	 x21:0x00000000 f26=0x00000000
     242435.000 ns	     24242	800051c8	21670253	fsgnj.s	f4,f14,f22	 f14:0x7fc00000 f22:0x7fc00000  f4=0x7fc00000
     242465.000 ns	     24245	800051cc	02918233	mul	x4,x3,x9	  x3:0xf6ea9b9f  x9:0x00000608  x4=0x36fa96f8
     242485.000 ns	     24247	800051d0	4166d813	srai	x16,x13,0x16	 x13:0x00000208 x16=0x00000000
     242505.000 ns	     24249	800051d4	28fb8753	fmin.s	f14,f23,f15	 f23:0x1f350483 f15:0x7fc00000 f14=0x1f350483
     242535.000 ns	     24252	800051d8	f0088153	fmv.w.x	f2,x17	 x17:0x2a778c05  f2=0x2a778c05
     242565.000 ns	     24255	800051dc	c0177853	fcvt.wu.s	x16,f14	 f14:0x1f350483 x16=0x00000000
     242585.000 ns	     24257	800051e0	2279d397	auipc	x7,0x2279d	  x7=0xa27a21e0
     242595.000 ns	     24258	800051e4	41de0933	sub	x18,x28,x29	 x28:0x00000001 x29:0x00000000 x18=0x00000001
     242615.000 ns	     24260	800051e8	a05c9fd3	flt.s	x31,f25,f5	 f25:0xcefff7df  f5:0x7fc00000 x31=0x00000000
     242645.000 ns	     24263	800051ec	03499433	mulh	x8,x19,x20	 x19:0x00000000 x20:0xfffffc8c  x8=0x00000000
     242675.000 ns	     24266	800051f0	28490753	fmin.s	f14,f18,f4	 f18:0x00000000  f4:0x7fc00000 f14=0x00000000
     242705.000 ns	     24269	800051f4	a1de13d3	flt.s	x7,f28,f29	 f28:0x4f5ba81f f29:0x00000000  x7=0x00000000
     242735.000 ns	     24272	800051f8	a19413d3	flt.s	x7,f8,f25	  f8:0x7fc00000 f25:0xcefff7df  x7=0x00000000
     242755.000 ns	     24274	800051fc	017a5b93	srli	x23,x20,0x17	 x20:0xfffffc8c x23=0x000001ff
     242765.000 ns	     24275	80005200	001a2433	slt	x8,x20,x1	 x20:0xfffffc8c  x1:0x7fffffff  x8=0x00000001
     242775.000 ns	     24276	80005204	08d47e13	andi	x28,x8,141	  x8:0x00000000 x28=0x00000001
     242795.000 ns	     24278	80005208	c00a4ad3	fcvt.w.s	x21,f20	 f20:0x00000000 x21=0x00000000
     242815.000 ns	     24280	8000520c	401e84b3	sub	x9,x29,x1	 x29:0x00000000  x1:0x7fffffff  x9=0x80000001
     242835.000 ns	     24282	80005210	a163a453	feq.s	x8,f7,f22	  f7:0x00000000 f22:0x7fc00000  x8=0x00000000
     242885.000 ns	     24287	80005214	08d33f53	fsub.s	f30,f6,f13	  f6:0x44020000 f13:0x80000000 f30=0x44020000
     242915.000 ns	     24290	80005218	a05d2b53	feq.s	x22,f26,f5	 f26:0x00000000  f5:0x7fc00000 x22=0x00000000
     242935.000 ns	     24292	8000521c	41b1da93	srai	x21,x3,0x1b	  x3:0xf6ea9b9f x21=0xfffffffe
     242945.000 ns	     24293	80005220	95ea8d93	addi	x27,x21,-1698	 x21:0x00000000 x27=0xfffff95c
     243305.000 ns	     24329	80005224	03977933	remu	x18,x14,x25	 x14:0xd5887603 x25:0x0e392982 x18=0x002f0765
     243335.000 ns	     24332	80005228	e00186d3	fmv.x.w	x13,f3	  f3:0x00000000 x13=0x00000000
     243355.000 ns	     24334	8000522c	01ed5ab3	srl	x21,x26,x30	 x26:0x00000000 x30:0x00000000 x21=0x00000000
     243365.000 ns	     24335	80005230	c670b2b7	lui	x5,0xc670b	  x5=0xc670b000
     243395.000 ns	     24338	80005234	5800c853	fsqrt.s	f16,f1	  f1:0xcf5ba81f f16=0x7fc00000
     243415.000 ns	     24340	80005238	00d15c13	srli	x24,x2,0xd	  x2:0x00000001 x24=0x00000000
     243435.000 ns	     24342	8000523c	a0d402d3	fle.s	x5,f8,f13	  f8:0x7fc00000 f13:0x80000000  x5=0x00000000
     243455.000 ns	     24344	80005240	a06e2893	slti	x17,x28,-1530	 x28:0x00000001 x17=0x00000000
     243475.000 ns	     24346	80005244	d003fcd3	fcvt.s.w	f25,x7	  x7:0x00000000 f25=0x00000000
     243505.000 ns	     24349	80005248	03a03233	mulhu	x4,x0,x26	  x0:0x00000000 x26:0x00000000  x4=0x00000000
     243555.000 ns	     24354	8000524c	08cd0f53	fsub.s	f30,f26,f12	 f26:0x00000000 f12:0x80000000 f30=0x00000000
     243595.000 ns	     24358	80005250	580d4a53	fsqrt.s	f20,f26	 f26:0x00000000 f20=0x00000000
     243625.000 ns	     24361	80005254	d00c3453	fcvt.s.w	f8,x24	 x24:0x00000000  f8=0x00000000
     243645.000 ns	     24363	80005258	a5e82913	slti	x18,x16,-1442	 x16:0x00000000 x18=0x00000000
     243665.000 ns	     24365	8000525c	29489c53	fmax.s	f24,f17,f20	 f17:0x000007af f20:0x00000000 f24=0x000007af
     243685.000 ns	     24367	80005260	ba618293	addi	x5,x3,-1114	  x3:0xf6ea9b9f  x5=0xf6ea9745
     243695.000 ns	     24368	80005264	01dcf533	and	x10,x25,x29	 x25:0x0e392982 x29:0x00000000 x10=0x00000000
     243705.000 ns	     24369	80005268	00bb18b3	sll	x17,x22,x11	 x22:0x00000000 x11:0x4f00040f x17=0x00000000
     243725.000 ns	     24371	8000526c	e00a9ad3	fclass.s	x21,f21	 f21:0xbf800000 x21=0x00000002
     243765.000 ns	     24375	80005270	114d23d3	fmul.s	f7,f26,f20	 f26:0x00000000 f20:0x00000000  f7=0x00000000
     243795.000 ns	     24378	80005274	21ac9053	fsgnjn.s	f0,f25,f26	 f25:0x00000000 f26:0x00000000  f0=0x80000000
     243815.000 ns	     24380	80005278	018e1033	sll	x0,x28,x24	 x28:0x00000001 x24:0x00000000
     244175.000 ns	     24416	8000527c	03ca43b3	div	x7,x20,x28	 x20:0xfffffc8c x28:0x00000001  x7=0xfffffc8c
     244195.000 ns	     24418	80005280	01dc22b3	slt	x5,x24,x29	 x24:0x00000000 x29:0x00000000  x5=0x00000000
     244215.000 ns	     24420	80005284	e0068753	fmv.x.w	x14,f13	 f13:0x80000000 x14=0x80000000
     244245.000 ns	     24423	80005288	29ad9cd3	fmax.s	f25,f27,f26	 f27:0x80040fe4 f26:0x00000000 f25=0x00000000
     244275.000 ns	     24426	8000528c	0300f733	remu	x14,x1,x16	  x1:0x7fffffff x16:0x00000000 x14=0x7fffffff
     244295.000 ns	     24428	80005290	c68aff13	andi	x30,x21,-920	 x21:0x00000002 x30=0x00000000
     244315.000 ns	     24430	80005294	d0087453	fcvt.s.w	f8,x16	 x16:0x00000000  f8=0x00000000
     244345.000 ns	     24433	80005298	02451733	mulh	x14,x10,x4	 x10:0x00000000  x4:0x00000000 x14=0x00000000
     244375.000 ns	     24436	8000529c	035e31b3	mulhu	x3,x28,x21	 x28:0x00000001 x21:0x00000002  x3=0x00000000
     244395.000 ns	     24438	800052a0	4298f593	andi	x11,x17,1065	 x17:0x00000000 x11=0x00000000
     244405.000 ns	     24439	800052a4	4623e737	lui	x14,0x4623e	 x14=0x4623e000
     244425.000 ns	     24441	800052a8	a1f60653	fle.s	x12,f12,f31	 f12:0x80000000 f31:0x7fc00000 x12=0x00000000
     244455.000 ns	     24444	800052ac	29ec1253	fmax.s	f4,f24,f30	 f24:0x000007af f30:0x00000000  f4=0x000007af
     244475.000 ns	     24446	800052b0	01e279b3	and	x19,x4,x30	  x4:0x00000000 x30:0x00000000 x19=0x00000000
     244835.000 ns	     24482	800052b4	02227eb3	remu	x29,x4,x2	  x4:0x00000000  x2:0x00000001 x29=0x00000000
     244865.000 ns	     24485	800052b8	21ada1d3	fsgnjx.s	f3,f27,f26	 f27:0x80040fe4 f26:0x00000000  f3=0x80040fe4
     244895.000 ns	     24488	800052bc	a1e701d3	fle.s	x3,f14,f30	 f14:0x00000000 f30:0x00000000  x3=0x00000001
     244915.000 ns	     24490	800052c0	01378c33	add	x24,x15,x19	 x15:0x80040fe4 x19:0x00000000 x24=0x80040fe4
     244925.000 ns	     24491	800052c4	5aee3917	auipc	x18,0x5aee3	 x18=0xdaee82c4
     244935.000 ns	     24492	800052c8	01744d33	xor	x26,x8,x23	  x8:0x00000000 x23:0x000001ff x26=0x000001ff
     244955.000 ns	     24494	800052cc	a0892853	feq.s	x16,f18,f8	 f18:0x00000000  f8:0x00000000 x16=0x00000001
     244975.000 ns	     24496	800052d0	40d68433	sub	x8,x13,x13	 x13:0x00000000 x13:0x00000000  x8=0x00000000
     244995.000 ns	     24498	800052d4	a0fe8a53	fle.s	x20,f29,f15	 f29:0x00000000 f15:0x7fc00000 x20=0x00000000
     245035.000 ns	     24502	800052d8	1121acd3	fmul.s	f25,f3,f18	  f3:0x80040fe4 f18:0x00000000 f25=0x80000000
     245065.000 ns	     24505	800052dc	036a4433	div	x8,x20,x22	 x20:0x00000000 x22:0x00000000  x8=0xffffffff
     245095.000 ns	     24508	800052e0	02dc8e33	mul	x28,x25,x13	 x25:0x0e392982 x13:0x00000000 x28=0x00000000
     245125.000 ns	     24511	800052e4	20629d53	fsgnjn.s	f26,f5,f6	  f5:0x7fc00000  f6:0x44020000 f26=0xffc00000
     245155.000 ns	     24514	800052e8	036e5db3	divu	x27,x28,x22	 x28:0x00000000 x22:0x00000000 x27=0xffffffff
     245195.000 ns	     24518	800052ec	5801a3d3	fsqrt.s	f7,f3	  f3:0x80040fe4  f7=0x7fc00000
     245215.000 ns	     24520	800052f0	018a5093	srli	x1,x20,0x18	 x20:0x00000000  x1=0x00000000
     245225.000 ns	     24521	800052f4	016da0b3	slt	x1,x27,x22	 x27:0xffffffff x22:0x00000000  x1=0x00000001
     245235.000 ns	     24522	800052f8	01980e17	auipc	x28,0x1980	 x28=0x819852f8
     245245.000 ns	     24523	800052fc	407f52b3	sra	x5,x30,x7	 x30:0x00000000  x7:0xfffffc8c  x5=0x00000000
     245255.000 ns	     24524	80005300	01213db3	sltu	x27,x2,x18	  x2:0x00000001 x18:0xdaee82c4 x27=0x00000001
     245275.000 ns	     24526	80005304	a1ed8953	fle.s	x18,f27,f30	 f27:0x80040fe4 f30:0x00000000 x18=0x00000001
     245295.000 ns	     24528	80005308	3d496b93	ori	x23,x18,980	 x18:0xdaee82c4 x23=0x000003d5
     245305.000 ns	     24529	8000530c	00125b93	srli	x23,x4,0x1	  x4:0x00000000 x23=0x00000000
     245665.000 ns	     24565	80005310	0386ceb3	div	x29,x13,x24	 x13:0x00000000 x24:0x80040fe4 x29=0x00000000
     245685.000 ns	     24567	80005314	40a15993	srai	x19,x2,0xa	  x2:0x00000001 x19=0x00000000
     245705.000 ns	     24569	80005318	02c35b33	divu	x22,x6,x12	  x6:0x80041024 x12:0x00000000 x22=0xffffffff
     245725.000 ns	     24571	8000531c	f22c8a13	addi	x20,x25,-222	 x25:0x0e392982 x20=0x0e3928a4
     245735.000 ns	     24572	80005320	0063e933	or	x18,x7,x6	  x7:0xfffffc8c  x6:0x80041024 x18=0xfffffcac
     245755.000 ns	     24574	80005324	02203133	mulhu	x2,x0,x2	  x0:0x00000000  x2:0x00000001  x2=0x00000000
     245775.000 ns	     24576	80005328	40535233	sra	x4,x6,x5	  x6:0x80041024  x5:0x00000000  x4=0x80041024
     245805.000 ns	     24579	8000532c	102c0d53	fmul.s	f26,f24,f2	 f24:0x000007af  f2:0x2a778c05 f26=0x00000000
     245825.000 ns	     24581	80005330	41368f33	sub	x30,x13,x19	 x13:0x00000000 x19:0x00000000 x30=0x00000000
     245835.000 ns	     24582	80005334	019e7b33	and	x22,x28,x25	 x28:0x819852f8 x25:0x0e392982 x22=0x00180080
     245855.000 ns	     24584	80005338	287997d3	fmax.s	f15,f19,f7	 f19:0x80000000  f7:0x7fc00000 f15=0x80000000
     245875.000 ns	     24586	8000533c	018544b3	xor	x9,x10,x24	 x10:0x00000000 x24:0x80040fe4  x9=0x80040fe4
     245915.000 ns	     24590	80005340	080a7d53	fsub.s	f26,f20,f0	 f20:0x00000000  f0:0x80000000 f26=0x00000000
     245935.000 ns	     24592	80005344	04a4f613	andi	x12,x9,74	  x9:0x80000001 x12=0x00000040
     245965.000 ns	     24595	80005348	10a80dd3	fmul.s	f27,f16,f10	 f16:0x7fc00000 f10:0x00000000 f27=0x7fc00000
     245985.000 ns	     24597	8000534c	01a8fd33	and	x26,x17,x26	 x17:0x00000000 x26:0x000001ff x26=0x00000000
     245995.000 ns	     24598	80005350	00af46b3	xor	x13,x30,x10	 x30:0x00000000 x10:0x00000000 x13=0x00000000
     246015.000 ns	     24600	80005354	a1b495d3	flt.s	x11,f9,f27	  f9:0x3f800000 f27:0x7fc00000 x11=0x00000000
     246045.000 ns	     24603	80005358	f00f81d3	fmv.w.x	f3,x31	 x31:0x00000000  f3=0x00000000
     246075.000 ns	     24606	8000535c	29338153	fmin.s	f2,f7,f19	  f7:0x7fc00000 f19:0x80000000  f2=0x80000000
     246105.000 ns	     24609	80005360	c0000fd3	fcvt.w.s	x31,f0	  f0:0x80000000 x31=0x00000000
     246125.000 ns	     24611	80005364	68eebf13	sltiu	x30,x29,1678	 x29:0x00000000 x30=0x00000001
     246155.000 ns	     24614	80005368	11d072d3	fmul.s	f5,f0,f29	  f0:0x80000000 f29:0x00000000  f5=0x80000000
     246175.000 ns	     24616	8000536c	01c34db3	xor	x27,x6,x28	  x6:0x80041024 x28:0x819852f8 x27=0x019c42dc
     246535.000 ns	     24652	80005370	02637ab3	remu	x21,x6,x6	  x6:0x80041024  x6:0x80041024 x21=0x00000000
     246565.000 ns	     24655	80005374	032302b3	mul	x5,x6,x18	  x6:0x80041024 x18:0xfffffcac  x5=0xf27a4830
     246595.000 ns	     24658	80005378	02c5bdb3	mulhu	x27,x11,x12	 x11:0x00000000 x12:0x00000040 x27=0x00000000
     246625.000 ns	     24661	8000537c	a0a01e53	flt.s	x28,f0,f10	  f0:0x80000000 f10:0x00000000 x28=0x00000000
     246995.000 ns	     24698	80005380	02fccab3	div	x21,x25,x15	 x25:0x0e392982 x15:0x80040fe4 x21=0x00000000
     247025.000 ns	     24701	80005384	a04a2f53	feq.s	x30,f20,f4	 f20:0x00000000  f4:0x000007af x30=0x00000000
     247045.000 ns	     24703	80005388	419755b3	sra	x11,x14,x25	 x14:0x4623e000 x25:0x0e392982 x11=0x1188f800
     247065.000 ns	     24705	8000538c	21f32353	fsgnjx.s	f6,f6,f31	  f6:0x44020000 f31:0x7fc00000  f6=0x44020000
     247095.000 ns	     24708	80005390	c00df553	fcvt.w.s	x10,f27	 f27:0x7fc00000 x10=0x7fffffff
     247135.000 ns	     24712	80005394	102bf4d3	fmul.s	f9,f23,f2	 f23:0x1f350483  f2:0x80000000  f9=0x80000000
     247165.000 ns	     24715	80005398	c007f653	fcvt.w.s	x12,f15	 f15:0x80000000 x12=0x00000000
     247195.000 ns	     24718	8000539c	294e0353	fmin.s	f6,f28,f20	 f28:0x4f5ba81f f20:0x00000000  f6=0x00000000
     247245.000 ns	     24723	800053a0	0855f9d3	fsub.s	f19,f11,f5	 f11:0x7fc00000  f5:0x80000000 f19=0x7fc00000
     247265.000 ns	     24725	800053a4	00fa4d33	xor	x26,x20,x15	 x20:0x0e3928a4 x15:0x80040fe4 x26=0x8e3d2740
     247285.000 ns	     24727	800053a8	02ad1a33	mulh	x20,x26,x10	 x26:0x00000000 x10:0x7fffffff x20=0xc71e93a0
     247315.000 ns	     24730	800053ac	29bb0b53	fmin.s	f22,f22,f27	 f22:0x7fc00000 f27:0x7fc00000 f22=0x7fc00000
     247335.000 ns	     24732	800053b0	00000013	addi	x0,x0,0	  x0:0x00000000
     247695.000 ns	     24768	800053b4	02f24eb3	div	x29,x4,x15	  x4:0x80041024 x15:0x80040fe4 x29=0x00000000
     247725.000 ns	     24771	800053b8	03a69833	mulh	x16,x13,x26	 x13:0x00000000 x26:0x8e3d2740 x16=0x00000000
     247745.000 ns	     24773	800053bc	01179f33	sll	x30,x15,x17	 x15:0x80040fe4 x17:0x00000000 x30=0x80040fe4
     247775.000 ns	     24776	800053c0	108997d3	fmul.s	f15,f19,f8	 f19:0x7fc00000  f8:0x00000000 f15=0x7fc00000
     247795.000 ns	     24778	800053c4	7f24b593	sltiu	x11,x9,2034	  x9:0x80040fe4 x11=0x00000000
     247805.000 ns	     24779	800053c8	41d3d213	srai	x4,x7,0x1d	  x7:0xfffffc8c  x4=0xffffffff
     248165.000 ns	     24815	800053cc	023c5bb3	divu	x23,x24,x3	 x24:0x80040fe4  x3:0x00000001 x23=0x80040fe4
     248185.000 ns	     24817	800053d0	0d82af37	lui	x30,0xd82a	 x30=0x0d82a000
     248205.000 ns	     24819	800053d4	d00c0cd3	fcvt.s.w	f25,x24	 x24:0x80040fe4 f25=0xcefff7e0
     248235.000 ns	     24822	800053d8	21348d53	fsgnj.s	f26,f9,f19	  f9:0x80000000 f19:0x7fc00000 f26=0x00000000
     248265.000 ns	     24825	800053dc	c015f853	fcvt.wu.s	x16,f11	 f11:0x7fc00000 x16=0xffffffff
     248295.000 ns	     24828	800053e0	e00f8253	fmv.x.w	x4,f31	 f31:0x7fc00000  x4=0x7fc00000
     248665.000 ns	     24865	800053e4	03806eb3	rem	x29,x0,x24	  x0:0x00000000 x24:0x80040fe4 x29=0x00000000
     248695.000 ns	     24868	800053e8	a1561dd3	flt.s	x27,f12,f21	 f12:0x80000000 f21:0xbf800000 x27=0x00000000
     248715.000 ns	     24870	800053ec	a69b2b13	slti	x22,x22,-1431	 x22:0x00180080 x22=0x00000000
     248735.000 ns	     24872	800053f0	c00b22d3	fcvt.w.s	x5,f22	 f22:0x7fc00000  x5=0x7fffffff
     248765.000 ns	     24875	800053f4	e00b90d3	fclass.s	x1,f23	 f23:0x1f350483  x1=0x00000040
     248795.000 ns	     24878	800053f8	03e6beb3	mulhu	x29,x13,x30	 x13:0x00000000 x30:0x0d82a000 x29=0x00000000
     248825.000 ns	     24881	800053fc	20812cd3	fsgnjx.s	f25,f2,f8	  f2:0x80000000  f8:0x00000000 f25=0x80000000
     248845.000 ns	     24883	80005400	0c823e93	sltiu	x29,x4,200	  x4:0x7fc00000 x29=0x00000000
     248865.000 ns	     24885	80005404	025d2bb3	mulhsu	x23,x26,x5	 x26:0x8e3d2740  x5:0x7fffffff x23=0xc71e93a0
     248885.000 ns	     24887	80005408	3818b737	lui	x14,0x3818b	 x14=0x3818b000
     248895.000 ns	     24888	8000540c	0bd9ea93	ori	x21,x19,189	 x19:0x00000000 x21=0x000000bd
     248905.000 ns	     24889	80005410	4019d613	srai	x12,x19,0x1	 x19:0x00000000 x12=0x00000000
     248915.000 ns	     24890	80005414	867d4193	xori	x3,x26,-1945	 x26:0x8e3d2740  x3=0x71c2df27
     248935.000 ns	     24892	80005418	02c3fbb3	remu	x23,x7,x12	  x7:0xfffffc8c x12:0x00000000 x23=0xfffffc8c
     248955.000 ns	     24894	8000541c	0056ad37	lui	x26,0x56a	 x26=0x0056a000
     248965.000 ns	     24895	80005420	00000013	addi	x0,x0,0	  x0:0x00000000
     248975.000 ns	     24896	80005424	41105c33	sra	x24,x0,x17	  x0:0x00000000 x17:0x00000000 x24=0x00000000
     249005.000 ns	     24899	80005428	5802f353	fsqrt.s	f6,f5	  f5:0x80000000  f6=0x80000000
     249055.000 ns	     24904	8000542c	00c8f1d3	fadd.s	f3,f17,f12	 f17:0x000007af f12:0x80000000  f3=0x000007af
     249075.000 ns	     24906	80005430	2fd47893	andi	x17,x8,765	  x8:0xffffffff x17=0x000002fd
     249095.000 ns	     24908	80005434	03b92a33	mulhsu	x20,x18,x27	 x18:0xfffffcac x27:0x00000000 x20=0x00000000
     249125.000 ns	     24911	80005438	c01a72d3	fcvt.wu.s	x5,f20	 f20:0x00000000  x5=0x00000000
     249155.000 ns	     24914	8000543c	a0571453	flt.s	x8,f14,f5	 f14:0x00000000  f5:0x80000000  x8=0x00000000
     249195.000 ns	     24918	80005440	185a16d3	fdiv.s	f13,f20,f5	 f20:0x00000000  f5:0x80000000 f13=0x7fc00000
     249225.000 ns	     24921	80005444	03fb2833	mulhsu	x16,x22,x31	 x22:0x00000000 x31:0x00000000 x16=0x00000000
     249245.000 ns	     24923	80005448	00cbb5b3	sltu	x11,x23,x12	 x23:0xfffffc8c x12:0x00000000 x11=0x00000000
     249255.000 ns	     24924	8000544c	a014ad93	slti	x27,x9,-1535	  x9:0x80040fe4 x27=0x00000001
     249265.000 ns	     24925	80005450	00235a33	srl	x20,x6,x2	  x6:0x80041024  x2:0x00000000 x20=0x80041024
     249285.000 ns	     24927	80005454	296a8253	fmin.s	f4,f21,f22	 f21:0xbf800000 f22:0x7fc00000  f4=0xbf800000
     249315.000 ns	     24930	80005458	a065abd3	feq.s	x23,f11,f6	 f11:0x7fc00000  f6:0x80000000 x23=0x00000000
     249345.000 ns	     24933	8000545c	a18729d3	feq.s	x19,f14,f24	 f14:0x00000000 f24:0x000007af x19=0x00000000
     249375.000 ns	     24936	80005460	d01f8453	fcvt.s.wu	f8,x31	 x31:0x00000000  f8=0x00000000
     249395.000 ns	     24938	80005464	00000013	addi	x0,x0,0	  x0:0x00000000
     249405.000 ns	     24939	80005468	00ee49b3	xor	x19,x28,x14	 x28:0x00000000 x14:0x3818b000 x19=0x3818b000
     249415.000 ns	     24940	8000546c	01494533	xor	x10,x18,x20	 x18:0xfffffcac x20:0x80041024 x10=0x7ffbec88
     249435.000 ns	     24942	80005470	287508d3	fmin.s	f17,f10,f7	 f10:0x00000000  f7:0x7fc00000 f17=0x00000000
     249475.000 ns	     24946	80005474	1148f053	fmul.s	f0,f17,f20	 f17:0x000007af f20:0x00000000  f0=0x00000000
     249495.000 ns	     24948	80005478	41db0733	sub	x14,x22,x29	 x22:0x00000000 x29:0x00000000 x14=0x00000000
     249515.000 ns	     24950	8000547c	a04bae53	feq.s	x28,f23,f4	 f23:0x1f350483  f4:0xbf800000 x28=0x00000000
     249545.000 ns	     24953	80005480	02d9da33	divu	x20,x19,x13	 x19:0x3818b000 x13:0x00000000 x20=0xffffffff
     249565.000 ns	     24955	80005484	00b2dd33	srl	x26,x5,x11	  x5:0x00000000 x11:0x00000000 x26=0x00000000
     249575.000 ns	     24956	80005488	3fbe7593	andi	x11,x28,1019	 x28:0x00000000 x11=0x00000000
     249595.000 ns	     24958	8000548c	02ddffb3	remu	x31,x27,x13	 x27:0x00000001 x13:0x00000000 x31=0x00000001
     249615.000 ns	     24960	80005490	00a075b3	and	x11,x0,x10	  x0:0x00000000 x10:0x7ffbec88 x11=0x00000000
     249625.000 ns	     24961	80005494	00163133	sltu	x2,x12,x1	 x12:0x00000000  x1:0x00000040  x2=0x00000001
     249635.000 ns	     24962	80005498	00bc3ab3	sltu	x21,x24,x11	 x24:0x00000000 x11:0x00000000 x21=0x00000000
     249655.000 ns	     24964	8000549c	036f5a33	divu	x20,x30,x22	 x30:0x0d82a000 x22:0x00000000 x20=0xffffffff
     249685.000 ns	     24967	800054a0	c00d7ad3	fcvt.w.s	x21,f26	 f26:0x00000000 x21=0x00000000
     249715.000 ns	     24970	800054a4	c009fdd3	fcvt.w.s	x27,f19	 f19:0x7fc00000 x27=0x7fffffff
     249745.000 ns	     24973	800054a8	0374a133	mulhsu	x2,x9,x23	  x9:0x80040fe4 x23:0x00000000  x2=0x00000000
     249775.000 ns	     24976	800054ac	281695d3	fmax.s	f11,f13,f1	 f13:0x7fc00000  f1:0xcf5ba81f f11=0xcf5ba81f
     249805.000 ns	     24979	800054b0	287e13d3	fmax.s	f7,f28,f7	 f28:0x4f5ba81f  f7:0x7fc00000  f7=0x4f5ba81f
     249835.000 ns	     24982	800054b4	e00a82d3	fmv.x.w	x5,f21	 f21:0xbf800000  x5=0xbf800000
     249865.000 ns	     24985	800054b8	21659c53	fsgnjn.s	f24,f11,f22	 f11:0xcf5ba81f f22:0x7fc00000 f24=0xcf5ba81f
     249895.000 ns	     24988	800054bc	21dc0453	fsgnj.s	f8,f24,f29	 f24:0x000007af f29:0x00000000  f8=0x4f5ba81f
     249915.000 ns	     24990	800054c0	4136d4b3	sra	x9,x13,x19	 x13:0x00000000 x19:0x3818b000  x9=0x00000000
     249925.000 ns	     24991	800054c4	00f27db3	and	x27,x4,x15	  x4:0x7fc00000 x15:0x80040fe4 x27=0x00000000
     249945.000 ns	     24993	800054c8	02991533	mulh	x10,x18,x9	 x18:0xfffffcac  x9:0x80040fe4 x10=0x00000000
     249975.000 ns	     24996	800054cc	f00a8dd3	fmv.w.x	f27,x21	 x21:0x00000000 f27=0x00000000
     249995.000 ns	     24998	800054d0	41b88733	sub	x14,x17,x27	 x17:0x000002fd x27:0x00000000 x14=0x000002fd
     250015.000 ns	     25000	800054d4	02d283b3	mul	x7,x5,x13	  x5:0xbf800000 x13:0x00000000  x7=0x00000000
     250045.000 ns	     25003	800054d8	21048453	fsgnj.s	f8,f9,f16	  f9:0x80000000 f16:0x7fc00000  f8=0x00000000
     250065.000 ns	     25005	800054dc	00701533	sll	x10,x0,x7	  x0:0x00000000  x7:0x00000000 x10=0x00000000
     250075.000 ns	     25006	800054e0	0a756413	ori	x8,x10,167	 x10:0x00000000  x8=0x000000a7
     250095.000 ns	     25008	800054e4	e00c0753	fmv.x.w	x14,f24	 f24:0xcf5ba81f x14=0xcf5ba81f
     250115.000 ns	     25010	800054e8	c7406113	ori	x2,x0,-908	  x0:0x00000000  x2=0xfffffc74
     250135.000 ns	     25012	800054ec	28168dd3	fmin.s	f27,f13,f1	 f13:0x7fc00000  f1:0xcf5ba81f f27=0xcf5ba81f
     250155.000 ns	     25014	800054f0	40c58a33	sub	x20,x11,x12	 x11:0x00000000 x12:0x00000000 x20=0x00000000
     250195.000 ns	     25018	800054f4	086aff53	fsub.s	f30,f21,f6	 f21:0xbf800000  f6:0x80000000 f30=0xbf800000
     250215.000 ns	     25020	800054f8	00b7e933	or	x18,x15,x11	 x15:0x80040fe4 x11:0x00000000 x18=0x80040fe4
     250225.000 ns	     25021	800054fc	000c8433	add	x8,x25,x0	 x25:0x0e392982  x0:0x00000000  x8=0x0e392982
     250585.000 ns	     25057	80005500	033f73b3	remu	x7,x30,x19	 x30:0x0d82a000 x19:0x3818b000  x7=0x0d82a000
     250615.000 ns	     25060	80005504	c0137a53	fcvt.wu.s	x20,f6	  f6:0x80000000 x20=0x00000000
     250645.000 ns	     25063	80005508	023f11b3	mulh	x3,x30,x3	 x30:0x0d82a000  x3:0x71c2df27  x3=0x0600f164
     250675.000 ns	     25066	8000550c	02b1a3b3	mulhsu	x7,x3,x11	  x3:0x71c2df27 x11:0x00000000  x7=0x00000000
     250695.000 ns	     25068	80005510	b9db0113	addi	x2,x22,-1123	 x22:0x00000000  x2=0xfffffb9d
     250705.000 ns	     25069	80005514	405cd193	srai	x3,x25,0x5	 x25:0x0e392982  x3=0x0071c94c
     250715.000 ns	     25070	80005518	01f075b3	and	x11,x0,x31	  x0:0x00000000 x31:0x00000001 x11=0x00000000
     250735.000 ns	     25072	8000551c	219b90d3	fsgnjn.s	f1,f23,f25	 f23:0x1f350483 f25:0x80000000  f1=0x1f350483
     250755.000 ns	     25074	80005520	1bbf4b13	xori	x22,x30,443	 x30:0x0d82a000 x22=0x0d82a1bb
     250775.000 ns	     25076	80005524	21851153	fsgnjn.s	f2,f10,f24	 f10:0x00000000 f24:0xcf5ba81f  f2=0x00000000
     250795.000 ns	     25078	80005528	00c550b3	srl	x1,x10,x12	 x10:0x00000000 x12:0x00000000  x1=0x00000000
     251155.000 ns	     25114	8000552c	031cebb3	rem	x23,x25,x17	 x25:0x0e392982 x17:0x000002fd x23=0x000002f0
     251175.000 ns	     25116	80005530	147c4193	xori	x3,x24,327	 x24:0x00000000  x3=0x00000147
     251195.000 ns	     25118	80005534	2015aa53	fsgnjx.s	f20,f11,f1	 f11:0xcf5ba81f  f1:0x1f350483 f20=0xcf5ba81f
     251225.000 ns	     25121	80005538	e00a8153	fmv.x.w	x2,f21	 f21:0xbf800000  x2=0xbf800000
     251265.000 ns	     25125	8000553c	5806fcd3	fsqrt.s	f25,f13	 f13:0x7fc00000 f25=0x7fc00000
     251285.000 ns	     25127	80005540	c490f293	andi	x5,x1,-951	  x1:0x00000000  x5=0x00000000
     251305.000 ns	     25129	80005544	d0032ed3	fcvt.s.w	f29,x6	  x6:0x80041024 f29=0xcefff7e0
     251335.000 ns	     25132	80005548	037fb133	mulhu	x2,x31,x23	 x31:0x00000001 x23:0x000002f0  x2=0x00000000
     251365.000 ns	     25135	8000554c	03cd7d33	remu	x26,x26,x28	 x26:0x00000000 x28:0x00000000 x26=0x00000000
     251405.000 ns	     25139	80005550	1093fdd3	fmul.s	f27,f7,f9	  f7:0x4f5ba81f  f9:0x80000000 f27=0x80000000
     251425.000 ns	     25141	80005554	91499037	lui	x0,0x91499	
     251435.000 ns	     25142	80005558	1ca27d13	andi	x26,x4,458	  x4:0x7fc00000 x26=0x00000000
     251455.000 ns	     25144	8000555c	02bf3433	mulhu	x8,x30,x11	 x30:0x0d82a000 x11:0x00000000  x8=0x00000000
     251485.000 ns	     25147	80005560	03840033	mul	x0,x8,x24	  x8:0x0e392982 x24:0x00000000
     251505.000 ns	     25149	80005564	155cc093	xori	x1,x25,341	 x25:0x0e392982  x1=0x0e3928d7
     251515.000 ns	     25150	80005568	4003de13	srai	x28,x7,0x0	  x7:0x00000000 x28=0x00000000
     251525.000 ns	     25151	8000556c	01a681b3	add	x3,x13,x26	 x13:0x00000000 x26:0x00000000  x3=0x00000000
     251535.000 ns	     25152	80005570	88838193	addi	x3,x7,-1912	  x7:0x00000000  x3=0xfffff888
     251545.000 ns	     25153	80005574	00e21113	slli	x2,x4,0xe	  x4:0x7fc00000  x2=0x00000000
     251555.000 ns	     25154	80005578	408c5d93	srai	x27,x24,0x8	 x24:0x00000000 x27=0x00000000
     251565.000 ns	     25155	8000557c	01b3a1b3	slt	x3,x7,x27	  x7:0x00000000 x27:0x00000000  x3=0x00000000
     251585.000 ns	     25157	80005580	028db133	mulhu	x2,x27,x8	 x27:0x00000000  x8:0x00000000  x2=0x00000000
     251615.000 ns	     25160	80005584	c0089253	fcvt.w.s	x4,f17	 f17:0x00000000  x4=0x00000000
     251645.000 ns	     25163	80005588	d014af53	fcvt.s.wu	f30,x9	  x9:0x00000000 f30=0x00000000
     251675.000 ns	     25166	8000558c	f00102d3	fmv.w.x	f5,x2	  x2:0x00000000  f5=0x00000000
     251705.000 ns	     25169	80005590	20138653	fsgnj.s	f12,f7,f1	  f7:0x4f5ba81f  f1:0x1f350483 f12=0x4f5ba81f
     251725.000 ns	     25171	80005594	432e3137	lui	x2,0x432e3	  x2=0x432e3000
     251745.000 ns	     25173	80005598	e00a0dd3	fmv.x.w	x27,f20	 f20:0xcf5ba81f x27=0xcf5ba81f
     252115.000 ns	     25210	8000559c	03bd53b3	divu	x7,x26,x27	 x26:0x00000000 x27:0x00000000  x7=0x00000000
     252135.000 ns	     25212	800055a0	001e1013	slli	x0,x28,0x1	 x28:0x00000000
     252155.000 ns	     25214	800055a4	e0089753	fclass.s	x14,f17	 f17:0x00000000 x14=0x00000010
     252175.000 ns	     25216	800055a8	40835033	sra	x0,x6,x8	  x6:0x80041024  x8:0x00000000
     252205.000 ns	     25219	800055ac	18b326d3	fdiv.s	f13,f6,f11	  f6:0x80000000 f11:0xcf5ba81f f13=0x00000000
     252225.000 ns	     25221	800055b0	0774bd13	sltiu	x26,x9,119	  x9:0x00000000 x26=0x00000001
     252255.000 ns	     25224	800055b4	10de7553	fmul.s	f10,f28,f13	 f28:0x4f5ba81f f13:0x00000000 f10=0x00000000
     252275.000 ns	     25226	800055b8	007782b3	add	x5,x15,x7	 x15:0x80040fe4  x7:0x00000000  x5=0x80040fe4
     252295.000 ns	     25228	800055bc	204c1d53	fsgnjn.s	f26,f24,f4	 f24:0xcf5ba81f  f4:0xbf800000 f26=0x4f5ba81f
     252315.000 ns	     25230	800055c0	01d75413	srli	x8,x14,0x1d	 x14:0x00000010  x8=0x00000000
     252325.000 ns	     25231	800055c4	ea143c13	sltiu	x24,x8,-351	  x8:0x00000000 x24=0x00000001
     252655.000 ns	     25264	800055c8	18bb88d3	fdiv.s	f17,f23,f11	 f23:0x1f350483 f11:0xcf5ba81f f17=0x8f350484
     252675.000 ns	     25266	800055cc	017f1513	slli	x10,x30,0x17	 x30:0x0d82a000 x10=0x00000000
     252695.000 ns	     25268	800055d0	e00b0ed3	fmv.x.w	x29,f22	 f22:0x7fc00000 x29=0x7fc00000
     252725.000 ns	     25271	800055d4	28f21a53	fmax.s	f20,f4,f15	  f4:0xbf800000 f15:0x7fc00000 f20=0xbf800000
     252755.000 ns	     25274	800055d8	f00e0cd3	fmv.w.x	f25,x28	 x28:0x00000000 f25=0x00000000
     252805.000 ns	     25279	800055dc	08b178d3	fsub.s	f17,f2,f11	  f2:0x00000000 f11:0xcf5ba81f f17=0x4f5ba81f
     252825.000 ns	     25281	800055e0	00912b33	slt	x22,x2,x9	  x2:0x432e3000  x9:0x00000000 x22=0x00000000
     252835.000 ns	     25282	800055e4	017f5493	srli	x9,x30,0x17	 x30:0x0d82a000  x9=0x0000001b
     252855.000 ns	     25284	800055e8	020090b3	mulh	x1,x1,x0	  x1:0x0e3928d7  x0:0x00000000  x1=0x00000000
     252875.000 ns	     25286	800055ec	18b92993	slti	x19,x18,395	 x18:0x80040fe4 x19=0x00000001
     252895.000 ns	     25288	800055f0	c013f4d3	fcvt.wu.s	x9,f7	  f7:0x4f5ba81f  x9=0xdba81f00
     252925.000 ns	     25291	800055f4	02b70933	mul	x18,x14,x11	 x14:0x00000010 x11:0x00000000 x18=0x00000000
     252945.000 ns	     25293	800055f8	00d39e93	slli	x29,x7,0xd	  x7:0x00000000 x29=0x00000000
     252955.000 ns	     25294	800055fc	00e428b3	slt	x17,x8,x14	  x8:0x00000000 x14:0x00000010 x17=0x00000001
     252975.000 ns	     25296	80005600	03c32833	mulhsu	x16,x6,x28	  x6:0x80041024 x28:0x00000000 x16=0x00000000
     252995.000 ns	     25298	80005604	41205bb3	sra	x23,x0,x18	  x0:0x00000000 x18:0x00000000 x23=0x00000000
     253005.000 ns	     25299	80005608	a81dfb93	andi	x23,x27,-1407	 x27:0xcf5ba81f x23=0xcf5ba801
     253035.000 ns	     25302	8000560c	11fc2753	fmul.s	f14,f24,f31	 f24:0xcf5ba81f f31:0x7fc00000 f14=0x7fc00000
     253065.000 ns	     25305	80005610	d00dfed3	fcvt.s.w	f29,x27	 x27:0xcf5ba81f f29=0xce42915f
     253095.000 ns	     25308	80005614	d0134553	fcvt.s.wu	f10,x6	  x6:0x80041024 f10=0x4f000410
     253125.000 ns	     25311	80005618	c01039d3	fcvt.wu.s	x19,f0	  f0:0x00000000 x19=0x00000000
     253155.000 ns	     25314	8000561c	e00a8653	fmv.x.w	x12,f21	 f21:0xbf800000 x12=0xbf800000
     253185.000 ns	     25317	80005620	211120d3	fsgnjx.s	f1,f2,f17	  f2:0x00000000 f17:0x4f5ba81f  f1=0x00000000
     253215.000 ns	     25320	80005624	d01ebed3	fcvt.s.wu	f29,x29	 x29:0x00000000 f29=0x00000000
     253235.000 ns	     25322	80005628	776cee93	ori	x29,x25,1910	 x25:0x0e392982 x29=0x0e392ff6
     253255.000 ns	     25324	8000562c	03953733	mulhu	x14,x10,x25	 x10:0x00000000 x25:0x0e392982 x14=0x00000000
     253275.000 ns	     25326	80005630	41d6c993	xori	x19,x13,1053	 x13:0x00000000 x19=0x0000041d
     253295.000 ns	     25328	80005634	294f9dd3	fmax.s	f27,f31,f20	 f31:0x7fc00000 f20:0xbf800000 f27=0xbf800000
     253665.000 ns	     25365	80005638	029ffc33	remu	x24,x31,x9	 x31:0x00000001  x9:0xdba81f00 x24=0x00000001
     253695.000 ns	     25368	8000563c	a00d08d3	fle.s	x17,f26,f0	 f26:0x4f5ba81f  f0:0x00000000 x17=0x00000000
     253715.000 ns	     25370	80005640	00691bb3	sll	x23,x18,x6	 x18:0x00000000  x6:0x80041024 x23=0x00000000
     253725.000 ns	     25371	80005644	d398b513	sltiu	x10,x17,-711	 x17:0x00000000 x10=0x00000001
     253735.000 ns	     25372	80005648	10003193	sltiu	x3,x0,256	  x0:0x00000000  x3=0x00000001
     253755.000 ns	     25374	8000564c	299a86d3	fmin.s	f13,f21,f25	 f21:0xbf800000 f25:0x00000000 f13=0xbf800000
     253775.000 ns	     25376	80005650	769d6eb7	lui	x29,0x769d6	 x29=0x769d6000
     253785.000 ns	     25377	80005654	0015afb3	slt	x31,x11,x1	 x11:0x00000000  x1:0x00000000 x31=0x00000000
     253795.000 ns	     25378	80005658	79d1c993	xori	x19,x3,1949	  x3:0x00000001 x19=0x0000079c
     253815.000 ns	     25380	8000565c	02a08c33	mul	x24,x1,x10	  x1:0x00000000 x10:0x00000001 x24=0x00000000
     253845.000 ns	     25383	80005660	20f80153	fsgnj.s	f2,f16,f15	 f16:0x7fc00000 f15:0x7fc00000  f2=0x7fc00000
     253875.000 ns	     25386	80005664	f00d81d3	fmv.w.x	f3,x27	 x27:0xcf5ba81f  f3=0xcf5ba81f
     253915.000 ns	     25390	80005668	580f7ed3	fsqrt.s	f29,f30	 f30:0x00000000 f29=0x00000000
     253945.000 ns	     25393	8000566c	02f494b3	mulh	x9,x9,x15	  x9:0xdba81f00 x15:0x80040fe4  x9=0x122b5cde
     253975.000 ns	     25396	80005670	02087933	remu	x18,x16,x0	 x16:0x00000000  x0:0x00000000 x18=0x00000000
     254015.000 ns	     25400	80005674	196af953	fdiv.s	f18,f21,f22	 f21:0xbf800000 f22:0x7fc00000 f18=0x7fc00000
     254035.000 ns	     25402	80005678	00ddf1b3	and	x3,x27,x13	 x27:0xcf5ba81f x13:0x00000000  x3=0x00000000
     254075.000 ns	     25406	8000567c	0822c8d3	fsub.s	f17,f5,f2	  f5:0x00000000  f2:0x7fc00000 f17=0x7fc00000
     254105.000 ns	     25409	80005680	2148ac53	fsgnjx.s	f24,f17,f20	 f17:0x4f5ba81f f20:0xbf800000 f24=0xffc00000
     254155.000 ns	     25414	80005684	087c7253	fsub.s	f4,f24,f7	 f24:0xcf5ba81f  f7:0x4f5ba81f  f4=0x7fc00000
     254185.000 ns	     25417	80005688	a1329853	flt.s	x16,f5,f19	  f5:0x00000000 f19:0x7fc00000 x16=0x00000000
     254215.000 ns	     25420	8000568c	286313d3	fmax.s	f7,f6,f6	  f6:0x80000000  f6:0x80000000  f7=0x80000000
     254245.000 ns	     25423	80005690	0202d133	divu	x2,x5,x0	  x5:0x80040fe4  x0:0x00000000  x2=0xffffffff
     254265.000 ns	     25425	80005694	50492e37	lui	x28,0x50492	 x28=0x50492000
     254275.000 ns	     25426	80005698	00d97633	and	x12,x18,x13	 x18:0x00000000 x13:0x00000000 x12=0x00000000
     254285.000 ns	     25427	8000569c	44ffeb93	ori	x23,x31,1103	 x31:0x00000000 x23=0x0000044f
     254295.000 ns	     25428	800056a0	403d0fb3	sub	x31,x26,x3	 x26:0x00000001  x3:0x00000000 x31=0x00000001
     254315.000 ns	     25430	800056a4	03e93f33	mulhu	x30,x18,x30	 x18:0x00000000 x30:0x0d82a000 x30=0x00000000
     254345.000 ns	     25433	800056a8	03484a33	div	x20,x16,x20	 x16:0x00000000 x20:0x00000000 x20=0xffffffff
     254375.000 ns	     25436	800056ac	d01b71d3	fcvt.s.wu	f3,x22	 x22:0x00000000  f3=0x00000000
     254405.000 ns	     25439	800056b0	0361ea33	rem	x20,x3,x22	  x3:0x00000000 x22:0x00000000 x20=0x00000000
     254445.000 ns	     25443	800056b4	10a471d3	fmul.s	f3,f8,f10	  f8:0x00000000 f10:0x4f000410  f3=0x00000000
     254465.000 ns	     25445	800056b8	41198fb3	sub	x31,x19,x17	 x19:0x0000079c x17:0x00000000 x31=0x0000079c
     254475.000 ns	     25446	800056bc	00e564b3	or	x9,x10,x14	 x10:0x00000001 x14:0x00000000  x9=0x00000001
     254485.000 ns	     25447	800056c0	44390a13	addi	x20,x18,1091	 x18:0x00000000 x20=0x00000443
     254505.000 ns	     25449	800056c4	02cd7eb3	remu	x29,x26,x12	 x26:0x00000001 x12:0x00000000 x29=0x00000001
     254525.000 ns	     25451	800056c8	01940533	add	x10,x8,x25	  x8:0x00000000 x25:0x0e392982 x10=0x0e392982
     254535.000 ns	     25452	800056cc	0667d817	auipc	x16,0x667d	 x16=0x866826cc
     254545.000 ns	     25453	800056d0	529d8593	addi	x11,x27,1321	 x27:0xcf5ba81f x11=0xcf5bad48
     254565.000 ns	     25455	800056d4	202a8d53	fsgnj.s	f26,f21,f2	 f21:0xbf800000  f2:0x7fc00000 f26=0x3f800000
     254585.000 ns	     25457	800056d8	85930613	addi	x12,x6,-1959	  x6:0x80041024 x12=0x8004087d
     254605.000 ns	     25459	800056dc	03e8c5b3	div	x11,x17,x30	 x17:0x00000000 x30:0x00000000 x11=0xffffffff
     254635.000 ns	     25462	800056e0	d00af353	fcvt.s.w	f6,x21	 x21:0x00000000  f6=0x00000000
     254655.000 ns	     25464	800056e4	40cc8db3	sub	x27,x25,x12	 x25:0x0e392982 x12:0x8004087d x27=0x8e352105
     254675.000 ns	     25466	800056e8	022c3c33	mulhu	x24,x24,x2	 x24:0x00000000  x2:0xffffffff x24=0x00000000
     254695.000 ns	     25468	800056ec	01e5c733	xor	x14,x11,x30	 x11:0xffffffff x30:0x00000000 x14=0xffffffff
     255055.000 ns	     25504	800056f0	02a5c2b3	div	x5,x11,x10	 x11:0xffffffff x10:0x0e392982  x5=0x00000000
     255085.000 ns	     25507	800056f4	a0cf26d3	feq.s	x13,f30,f12	 f30:0x00000000 f12:0x4f5ba81f x13=0x00000000
     255135.000 ns	     25512	800056f8	0078c753	fadd.s	f14,f17,f7	 f17:0x7fc00000  f7:0x80000000 f14=0x7fc00000
     255505.000 ns	     25549	800056fc	03395633	divu	x12,x18,x19	 x18:0x00000000 x19:0x0000079c x12=0x00000000
     255525.000 ns	     25551	80005700	016872b3	and	x5,x16,x22	 x16:0x866826cc x22:0x00000000  x5=0x00000000
     255535.000 ns	     25552	80005704	41a55133	sra	x2,x10,x26	 x10:0x0e392982 x26:0x00000001  x2=0x071c94c1
     255555.000 ns	     25554	80005708	e00b19d3	fclass.s	x19,f22	 f22:0x7fc00000 x19=0x00000200
     255585.000 ns	     25557	8000570c	c002aed3	fcvt.w.s	x29,f5	  f5:0x00000000 x29=0x00000000
     255605.000 ns	     25559	80005710	01960d33	add	x26,x12,x25	 x12:0x00000000 x25:0x0e392982 x26=0x0e392982
     255625.000 ns	     25561	80005714	a0b88753	fle.s	x14,f17,f11	 f17:0x7fc00000 f11:0xcf5ba81f x14=0x00000000
     255655.000 ns	     25564	80005718	03c82bb3	mulhsu	x23,x16,x28	 x16:0x866826cc x28:0x50492000 x23=0xd9ddd09f
     255685.000 ns	     25567	8000571c	e00e04d3	fmv.x.w	x9,f28	 f28:0x4f5ba81f  x9=0x4f5ba81f
     255715.000 ns	     25570	80005720	02640933	mul	x18,x8,x6	  x8:0x00000000  x6:0x80041024 x18=0x00000000
     255735.000 ns	     25572	80005724	00c5af33	slt	x30,x11,x12	 x11:0xffffffff x12:0x00000000 x30=0x00000001
     255765.000 ns	     25575	80005728	19a0abd3	fdiv.s	f23,f1,f26	  f1:0x00000000 f26:0x3f800000 f23=0x00000000
     255795.000 ns	     25578	8000572c	a1d19e53	flt.s	x28,f3,f29	  f3:0x00000000 f29:0x00000000 x28=0x00000000
     255815.000 ns	     25580	80005730	a3b4f813	andi	x16,x9,-1477	  x9:0x4f5ba81f x16=0x4f5ba81b
     256175.000 ns	     25616	80005734	03a6f733	remu	x14,x13,x26	 x13:0x00000000 x26:0x0e392982 x14=0x00000000
     256205.000 ns	     25619	80005738	e00d8053	fmv.x.w	x0,f27	 f27:0xbf800000
     256235.000 ns	     25622	8000573c	299003d3	fmin.s	f7,f0,f25	  f0:0x00000000 f25:0x00000000  f7=0x00000000
     256265.000 ns	     25625	80005740	0354b0b3	mulhu	x1,x9,x21	  x9:0x4f5ba81f x21:0x00000000  x1=0x00000000
     256295.000 ns	     25628	80005744	20ad8b53	fsgnj.s	f22,f27,f10	 f27:0xbf800000 f10:0x4f000410 f22=0x3f800000
     256315.000 ns	     25630	80005748	418f56b3	sra	x13,x30,x24	 x30:0x00000001 x24:0x00000000 x13=0x00000001
     256325.000 ns	     25631	8000574c	2f880d13	addi	x26,x16,760	 x16:0x4f5ba81b x26=0x4f5bab13
     256335.000 ns	     25632	80005750	01cbe433	or	x8,x23,x28	 x23:0xd9ddd09f x28:0x00000000  x8=0xd9ddd09f
     256365.000 ns	     25635	80005754	58028953	fsqrt.s	f18,f5	  f5:0x00000000 f18=0x00000000
     256385.000 ns	     25637	80005758	01cdb533	sltu	x10,x27,x28	 x27:0x8e352105 x28:0x00000000 x10=0x00000000
     256395.000 ns	     25638	8000575c	00000013	addi	x0,x0,0	  x0:0x00000000
     256405.000 ns	     25639	80005760	00035d13	srli	x26,x6,0x0	  x6:0x80041024 x26=0x80041024
     256425.000 ns	     25641	80005764	d01209d3	fcvt.s.wu	f19,x4	  x4:0x00000000 f19=0x00000000
     256455.000 ns	     25644	80005768	d00f7153	fcvt.s.w	f2,x30	 x30:0x00000001  f2=0x3f800000
     256495.000 ns	     25648	8000576c	198e70d3	fdiv.s	f1,f28,f24	 f28:0x4f5ba81f f24:0xffc00000  f1=0x7fc00000
     256515.000 ns	     25650	80005770	00000013	addi	x0,x0,0	  x0:0x00000000
     256525.000 ns	     25651	80005774	01a89693	slli	x13,x17,0x1a	 x17:0x00000000 x13=0x00000000
     256885.000 ns	     25687	80005778	03e1cdb3	div	x27,x3,x30	  x3:0x00000000 x30:0x00000001 x27=0x00000000
     256905.000 ns	     25689	8000577c	25f78f13	addi	x30,x15,607	 x15:0x80040fe4 x30=0x80041243
     256925.000 ns	     25691	80005780	20a308d3	fsgnj.s	f17,f6,f10	  f6:0x00000000 f10:0x4f000410 f17=0x00000000
     256945.000 ns	     25693	80005784	0194d1b3	srl	x3,x9,x25	  x9:0x4f5ba81f x25:0x0e392982  x3=0x13d6ea07
     256965.000 ns	     25695	80005788	282b9953	fmax.s	f18,f23,f2	 f23:0x00000000  f2:0x3f800000 f18=0x3f800000
     256985.000 ns	     25697	8000578c	016e9193	slli	x3,x29,0x16	 x29:0x00000000  x3=0x00000000
     256995.000 ns	     25698	80005790	40e85033	sra	x0,x16,x14	 x16:0x4f5ba81b x14:0x00000000
     257015.000 ns	     25700	80005794	c011c053	fcvt.wu.s	x0,f3	  f3:0x00000000
     257045.000 ns	     25703	80005798	c0068d53	fcvt.w.s	x26,f13	 f13:0xbf800000 x26=0xffffffff
     257075.000 ns	     25706	8000579c	03b5e5b3	rem	x11,x11,x27	 x11:0xffffffff x27:0x00000000 x11=0xffffffff
     257445.000 ns	     25743	800057a0	03424133	div	x2,x4,x20	  x4:0x00000000 x20:0x00000443  x2=0x00000000
     257465.000 ns	     25745	800057a4	86886993	ori	x19,x16,-1944	 x16:0x4f5ba81b x19=0xfffff87b
     257495.000 ns	     25748	800057a8	111378d3	fmul.s	f17,f6,f17	  f6:0x00000000 f17:0x00000000 f17=0x00000000
     257515.000 ns	     25750	800057ac	016038b3	sltu	x17,x0,x22	  x0:0x00000000 x22:0x00000000 x17=0x00000000
     257535.000 ns	     25752	800057b0	20651353	fsgnjn.s	f6,f10,f6	 f10:0x4f000410  f6:0x00000000  f6=0xcf000410
     257565.000 ns	     25755	800057b4	032241b3	div	x3,x4,x18	  x4:0x00000000 x18:0x00000000  x3=0xffffffff
     257585.000 ns	     25757	800057b8	00933d33	sltu	x26,x6,x9	  x6:0x80041024  x9:0x4f5ba81f x26=0x00000000
     257605.000 ns	     25759	800057bc	a0842653	feq.s	x12,f8,f8	  f8:0x00000000  f8:0x00000000 x12=0x00000001
     257635.000 ns	     25762	800057c0	024cedb3	rem	x27,x25,x4	 x25:0x0e392982  x4:0x00000000 x27=0x0e392982
     257655.000 ns	     25764	800057c4	01a10833	add	x16,x2,x26	  x2:0x00000000 x26:0x00000000 x16=0x00000000
     257665.000 ns	     25765	800057c8	419adf33	sra	x30,x21,x25	 x21:0x00000000 x25:0x0e392982 x30=0x00000000
     257685.000 ns	     25767	800057cc	03be85b3	mul	x11,x29,x27	 x29:0x00000000 x27:0x0e392982 x11=0x00000000
     257715.000 ns	     25770	800057d0	021d1db3	mulh	x27,x26,x1	 x26:0x00000000  x1:0x00000000 x27=0x00000000
     257735.000 ns	     25772	800057d4	014c35b3	sltu	x11,x24,x20	 x24:0x00000000 x20:0x00000443 x11=0x00000001
     258095.000 ns	     25808	800057d8	033fe1b3	rem	x3,x31,x19	 x31:0x0000079c x19:0xfffff87b  x3=0x00000017
     258135.000 ns	     25812	800057dc	580bfdd3	fsqrt.s	f27,f23	 f23:0x00000000 f27=0x00000000
     258165.000 ns	     25815	800057e0	03f694b3	mulh	x9,x13,x31	 x13:0x00000000 x31:0x0000079c  x9=0x00000000
     258185.000 ns	     25817	800057e4	009abb33	sltu	x22,x21,x9	 x21:0x00000000  x9:0x4f5ba81f x22=0x00000000
     258195.000 ns	     25818	800057e8	017ebf33	sltu	x30,x29,x23	 x29:0x00000000 x23:0xd9ddd09f x30=0x00000001
     258225.000 ns	     25821	800057ec	10a84cd3	fmul.s	f25,f16,f10	 f16:0x7fc00000 f10:0x4f000410 f25=0x7fc00000
     258245.000 ns	     25823	800057f0	019a5893	srli	x17,x20,0x19	 x20:0x00000443 x17=0x00000000
     258265.000 ns	     25825	800057f4	29e00653	fmin.s	f12,f0,f30	  f0:0x00000000 f30:0x00000000 f12=0x00000000
     258295.000 ns	     25828	800057f8	29e489d3	fmin.s	f19,f9,f30	  f9:0x80000000 f30:0x00000000 f19=0x80000000
     258315.000 ns	     25830	800057fc	fd7a6b13	ori	x22,x20,-41	 x20:0x00000443 x22=0xffffffd7
     258325.000 ns	     25831	80005800	41688233	sub	x4,x17,x22	 x17:0x00000000 x22:0x00000000  x4=0x00000029
     258345.000 ns	     25833	80005804	e00891d3	fclass.s	x3,f17	 f17:0x00000000  x3=0x00000010
     258375.000 ns	     25836	80005808	21c12753	fsgnjx.s	f14,f2,f28	  f2:0x3f800000 f28:0x4f5ba81f f14=0x3f800000
     258395.000 ns	     25838	8000580c	00e21193	slli	x3,x4,0xe	  x4:0x00000029  x3=0x000a4000
     258405.000 ns	     25839	80005810	00000013	addi	x0,x0,0	  x0:0x00000000
     258765.000 ns	     25875	80005814	036efdb3	remu	x27,x29,x22	 x29:0x00000000 x22:0xffffffd7 x27=0x00000000
     258785.000 ns	     25877	80005818	00c42133	slt	x2,x8,x12	  x8:0xd9ddd09f x12:0x00000001  x2=0x00000001
     258805.000 ns	     25879	8000581c	f0048e53	fmv.w.x	f28,x9	  x9:0x00000000 f28=0x00000000
     258825.000 ns	     25881	80005820	008b8eb3	add	x29,x23,x8	 x23:0xd9ddd09f  x8:0xd9ddd09f x29=0xb3bba13e
     258855.000 ns	     25884	80005824	10e37d53	fmul.s	f26,f6,f14	  f6:0xcf000410 f14:0x3f800000 f26=0xcf000410
     258885.000 ns	     25887	80005828	e00d05d3	fmv.x.w	x11,f26	 f26:0x3f800000 x11=0xcf000410
     258915.000 ns	     25890	8000582c	03c53a33	mulhu	x20,x10,x28	 x10:0x00000000 x28:0x00000000 x20=0x00000000
     258945.000 ns	     25893	80005830	03ee1133	mulh	x2,x28,x30	 x28:0x00000000 x30:0x00000001  x2=0x00000000
     258965.000 ns	     25895	80005834	cdddef93	ori	x31,x27,-803	 x27:0x00000000 x31=0xfffffcdd
     258975.000 ns	     25896	80005838	016a83b3	add	x7,x21,x22	 x21:0x00000000 x22:0xffffffd7  x7=0xffffffd7
     258985.000 ns	     25897	8000583c	01589533	sll	x10,x17,x21	 x17:0x00000000 x21:0x00000000 x10=0x00000000
     259005.000 ns	     25899	80005840	a15e94d3	flt.s	x9,f29,f21	 f29:0x00000000 f21:0xbf800000  x9=0x00000000
     259035.000 ns	     25902	80005844	2042a653	fsgnjx.s	f12,f5,f4	  f5:0x00000000  f4:0x7fc00000 f12=0x00000000
     259065.000 ns	     25905	80005848	a0871ad3	flt.s	x21,f14,f8	 f14:0x3f800000  f8:0x00000000 x21=0x00000000
     259095.000 ns	     25908	8000584c	030aa9b3	mulhsu	x19,x21,x16	 x21:0x00000000 x16:0x00000000 x19=0x00000000
     259125.000 ns	     25911	80005850	0297b133	mulhu	x2,x15,x9	 x15:0x80040fe4  x9:0x00000000  x2=0x00000000
     259145.000 ns	     25913	80005854	0f706093	ori	x1,x0,247	  x0:0x00000000  x1=0x000000f7
     259155.000 ns	     25914	80005858	e95c4213	xori	x4,x24,-363	 x24:0x00000000  x4=0xfffffe95
     259165.000 ns	     25915	8000585c	467c0093	addi	x1,x24,1127	 x24:0x00000000  x1=0x00000467
     259185.000 ns	     25917	80005860	d0117e53	fcvt.s.wu	f28,x2	  x2:0x00000000 f28=0x00000000
     259205.000 ns	     25919	80005864	3198b593	sltiu	x11,x17,793	 x17:0x00000000 x11=0x00000001
     259225.000 ns	     25921	80005868	02561933	mulh	x18,x12,x5	 x12:0x00000001  x5:0x00000000 x18=0x00000000
     259255.000 ns	     25924	8000586c	f00a8953	fmv.w.x	f18,x21	 x21:0x00000000 f18=0x00000000
     259275.000 ns	     25926	80005870	49116c17	auipc	x24,0x49116	 x24=0xc911b870
     259285.000 ns	     25927	80005874	e116b813	sltiu	x16,x13,-495	 x13:0x00000000 x16=0x00000001
     259305.000 ns	     25929	80005878	03992bb3	mulhsu	x23,x18,x25	 x18:0x00000000 x25:0x0e392982 x23=0x00000000
     259325.000 ns	     25931	8000587c	41c00733	sub	x14,x0,x28	  x0:0x00000000 x28:0x00000000 x14=0x00000000
     259335.000 ns	     25932	80005880	0ffc4c37	lui	x24,0xffc4	 x24=0x0ffc4000
     259345.000 ns	     25933	80005884	8c6d64b7	lui	x9,0x8c6d6	  x9=0x8c6d6000
     259705.000 ns	     25969	80005888	0240d9b3	divu	x19,x1,x4	  x1:0x00000467  x4:0xfffffe95 x19=0x00000000
     259725.000 ns	     25971	8000588c	01c9f3b3	and	x7,x19,x28	 x19:0x00000000 x28:0x00000000  x7=0x00000000
     259745.000 ns	     25973	80005890	211201d3	fsgnj.s	f3,f4,f17	  f4:0x7fc00000 f17:0x00000000  f3=0x7fc00000
     259785.000 ns	     25977	80005894	19870a53	fdiv.s	f20,f14,f24	 f14:0x3f800000 f24:0xffc00000 f20=0x7fc00000
     259805.000 ns	     25979	80005898	d5a34693	xori	x13,x6,-678	  x6:0x80041024 x13=0x7ffbed7e
     259825.000 ns	     25981	8000589c	28e68cd3	fmin.s	f25,f13,f14	 f13:0xbf800000 f14:0x3f800000 f25=0xbf800000
     259855.000 ns	     25984	800058a0	c0162453	fcvt.wu.s	x8,f12	 f12:0x00000000  x8=0x00000000
     260225.000 ns	     26021	800058a4	02f57833	remu	x16,x10,x15	 x10:0x00000000 x15:0x80040fe4 x16=0x00000000
     260255.000 ns	     26024	800058a8	a1c91bd3	flt.s	x23,f18,f28	 f18:0x00000000 f28:0x00000000 x23=0x00000000
     260275.000 ns	     26026	800058ac	00324ab3	xor	x21,x4,x3	  x4:0xfffffe95  x3:0x000a4000 x21=0xfff5be95
     260285.000 ns	     26027	800058b0	005d6733	or	x14,x26,x5	 x26:0x00000000  x5:0x00000000 x14=0x00000000
     260295.000 ns	     26028	800058b4	097b7d13	andi	x26,x22,151	 x22:0xffffffd7 x26=0x00000097
     260315.000 ns	     26030	800058b8	216aa9d3	fsgnjx.s	f19,f21,f22	 f21:0xbf800000 f22:0x3f800000 f19=0xbf800000
     260335.000 ns	     26032	800058bc	34a93893	sltiu	x17,x18,842	 x18:0x00000000 x17=0x00000001
     260345.000 ns	     26033	800058c0	008da633	slt	x12,x27,x8	 x27:0x00000000  x8:0x00000000 x12=0x00000000
     260365.000 ns	     26035	800058c4	d01af4d3	fcvt.s.wu	f9,x21	 x21:0xfff5be95  f9=0x4f7ff5be
     260395.000 ns	     26038	800058c8	039091b3	mulh	x3,x1,x25	  x1:0x00000467 x25:0x0e392982  x3=0x0000003e
     260425.000 ns	     26041	800058cc	0344fa33	remu	x20,x9,x20	  x9:0x8c6d6000 x20:0x00000000 x20=0x8c6d6000
     260445.000 ns	     26043	800058d0	00df1a93	slli	x21,x30,0xd	 x30:0x00000001 x21=0x00002000
     260455.000 ns	     26044	800058d4	00b5d633	srl	x12,x11,x11	 x11:0x00000001 x11:0x00000001 x12=0x00000000
     260465.000 ns	     26045	800058d8	fd5b7c13	andi	x24,x22,-43	 x22:0xffffffd7 x24=0xffffffd5
     260485.000 ns	     26047	800058dc	0200fdb3	remu	x27,x1,x0	  x1:0x00000467  x0:0x00000000 x27=0x00000467
     260505.000 ns	     26049	800058e0	400d5513	srai	x10,x26,0x0	 x26:0x00000097 x10=0x00000097
     260515.000 ns	     26050	800058e4	01d84ab3	xor	x21,x16,x29	 x16:0x00000000 x29:0xb3bba13e x21=0xb3bba13e
     260525.000 ns	     26051	800058e8	408f5f93	srai	x31,x30,0x8	 x30:0x00000001 x31=0x00000000
     260535.000 ns	     26052	800058ec	cb9fa013	slti	x0,x31,-839	 x31:0xfffffcdd
     260555.000 ns	     26054	800058f0	02b588b3	mul	x17,x11,x11	 x11:0x00000001 x11:0x00000001 x17=0x00000001
     260585.000 ns	     26057	800058f4	a1912253	feq.s	x4,f2,f25	  f2:0x3f800000 f25:0xbf800000  x4=0x00000000
     260605.000 ns	     26059	800058f8	01c1c633	xor	x12,x3,x28	  x3:0x0000003e x28:0x00000000 x12=0x0000003e
     260625.000 ns	     26061	800058fc	d0100e53	fcvt.s.wu	f28,x0	  x0:0x00000000 f28=0x00000000
     260655.000 ns	     26064	80005900	f00084d3	fmv.w.x	f9,x1	  x1:0x00000467  f9=0x00000467
     260675.000 ns	     26066	80005904	873c6993	ori	x19,x24,-1933	 x24:0xffffffd5 x19=0xfffffff7
     260715.000 ns	     26070	80005908	09e3b7d3	fsub.s	f15,f7,f30	  f7:0x00000000 f30:0x00000000 f15=0x80000000
     260735.000 ns	     26072	8000590c	feac2a93	slti	x21,x24,-22	 x24:0xffffffd5 x21=0x00000001
     260745.000 ns	     26073	80005910	014dca33	xor	x20,x27,x20	 x27:0x00000467 x20:0x8c6d6000 x20=0x8c6d6467
     260765.000 ns	     26075	80005914	d014aed3	fcvt.s.wu	f29,x9	  x9:0x8c6d6000 f29=0x4f0c6d60
     260795.000 ns	     26078	80005918	d0133453	fcvt.s.wu	f8,x6	  x6:0x80041024  f8=0x4f000411
     260825.000 ns	     26081	8000591c	d01239d3	fcvt.s.wu	f19,x4	  x4:0x00000000 f19=0x00000000
     260845.000 ns	     26083	80005920	00b235b3	sltu	x11,x4,x11	  x4:0x00000000 x11:0x00000001 x11=0x00000001
     260855.000 ns	     26084	80005924	bd587613	andi	x12,x16,-1067	 x16:0x00000000 x12=0x00000000
     260875.000 ns	     26086	80005928	a00784d3	fle.s	x9,f15,f0	 f15:0x80000000  f0:0x00000000  x9=0x00000001
     260905.000 ns	     26089	8000592c	03c09bb3	mulh	x23,x1,x28	  x1:0x00000467 x28:0x00000000 x23=0x00000000
     260925.000 ns	     26091	80005930	400fdfb3	sra	x31,x31,x0	 x31:0x00000000  x0:0x00000000 x31=0x00000000
     260965.000 ns	     26095	80005934	01a4fad3	fadd.s	f21,f9,f26	  f9:0x00000467 f26:0xcf000410 f21=0xcf000410
     260985.000 ns	     26097	80005938	f201a0b7	lui	x1,0xf201a	  x1=0xf201a000
     260995.000 ns	     26098	8000593c	003b6fb3	or	x31,x22,x3	 x22:0xffffffd7  x3:0x0000003e x31=0xffffffff
     261005.000 ns	     26099	80005940	00cf80b3	add	x1,x31,x12	 x31:0x00000000 x12:0x00000000  x1=0xffffffff
     261025.000 ns	     26101	80005944	e0009ad3	fclass.s	x21,f1	  f1:0x7fc00000 x21=0x00000200
     261045.000 ns	     26103	80005948	00000013	addi	x0,x0,0	  x0:0x00000000
     261405.000 ns	     26139	8000594c	03e6f0b3	remu	x1,x13,x30	 x13:0x7ffbed7e x30:0x00000001  x1=0x00000000
     261425.000 ns	     26141	80005950	00000013	addi	x0,x0,0	  x0:0x00000000
     261445.000 ns	     26143	80005954	e0021053	fclass.s	x0,f4	  f4:0x7fc00000
     261475.000 ns	     26146	80005958	03e53bb3	mulhu	x23,x10,x30	 x10:0x00000097 x30:0x00000001 x23=0x00000000
     261495.000 ns	     26148	8000595c	00f70533	add	x10,x14,x15	 x14:0x00000000 x15:0x80040fe4 x10=0x80040fe4
     261505.000 ns	     26149	80005960	404189b3	sub	x19,x3,x4	  x3:0x0000003e  x4:0x00000000 x19=0x0000003e
     261525.000 ns	     26151	80005964	29a11d53	fmax.s	f26,f2,f26	  f2:0x3f800000 f26:0xcf000410 f26=0x3f800000
     261545.000 ns	     26153	80005968	01282d33	slt	x26,x16,x18	 x16:0x00000000 x18:0x00000000 x26=0x00000000
     261565.000 ns	     26155	8000596c	28ec8653	fmin.s	f12,f25,f14	 f25:0xbf800000 f14:0x3f800000 f12=0xbf800000
     261595.000 ns	     26158	80005970	03e52a33	mulhsu	x20,x10,x30	 x10:0x80040fe4 x30:0x00000001 x20=0xffffffff
     261615.000 ns	     26160	80005974	45eb9417	auipc	x8,0x45eb9	  x8=0xc5ebe974
     261655.000 ns	     26164	80005978	089e78d3	fsub.s	f17,f28,f9	 f28:0x00000000  f9:0x00000467 f17=0x80000467
     261675.000 ns	     26166	8000597c	6001bc13	sltiu	x24,x3,1536	  x3:0x0000003e x24=0x00000001
     261685.000 ns	     26167	80005980	00f97233	and	x4,x18,x15	 x18:0x00000000 x15:0x80040fe4  x4=0x00000000
     262045.000 ns	     26203	80005984	02836b33	rem	x22,x6,x8	  x6:0x80041024  x8:0xc5ebe974 x22=0xf42c3d3c
     262075.000 ns	     26206	80005988	03658233	mul	x4,x11,x22	 x11:0x00000001 x22:0xffffffd7  x4=0xf42c3d3c
     262095.000 ns	     26208	8000598c	40f604b3	sub	x9,x12,x15	 x12:0x00000000 x15:0x80040fe4  x9=0x7ffbf01c
     262105.000 ns	     26209	80005990	49e98f93	addi	x31,x19,1182	 x19:0x0000003e x31=0x000004dc
     262125.000 ns	     26211	80005994	a1360b53	fle.s	x22,f12,f19	 f12:0xbf800000 f19:0x00000000 x22=0x00000001
     262155.000 ns	     26214	80005998	29090ad3	fmin.s	f21,f18,f16	 f18:0x00000000 f16:0x7fc00000 f21=0x00000000
     262185.000 ns	     26217	8000599c	02e54433	div	x8,x10,x14	 x10:0x80040fe4 x14:0x00000000  x8=0xffffffff
     262205.000 ns	     26219	800059a0	d1532e17	auipc	x28,0xd1532	 x28=0x515379a0
     262215.000 ns	     26220	800059a4	012843b3	xor	x7,x16,x18	 x16:0x00000000 x18:0x00000000  x7=0x00000000
     262235.000 ns	     26222	800059a8	20839053	fsgnjn.s	f0,f7,f8	  f7:0x00000000  f8:0x4f000411  f0=0x80000000
     262265.000 ns	     26225	800059ac	d000f453	fcvt.s.w	f8,x1	  x1:0x00000000  f8=0x00000000
     262285.000 ns	     26227	800059b0	adb9b513	sltiu	x10,x19,-1317	 x19:0x0000003e x10=0x00000001
     262295.000 ns	     26228	800059b4	00cb7eb3	and	x29,x22,x12	 x22:0x00000001 x12:0x00000000 x29=0x00000000
     262305.000 ns	     26229	800059b8	e844cb93	xori	x23,x9,-380	  x9:0x7ffbf01c x23=0x80040e98
     262325.000 ns	     26231	800059bc	e0060ad3	fmv.x.w	x21,f12	 f12:0xbf800000 x21=0xbf800000
     262365.000 ns	     26235	800059c0	5805f1d3	fsqrt.s	f3,f11	 f11:0xcf5ba81f  f3=0x7fc00000
     262395.000 ns	     26238	800059c4	20408453	fsgnj.s	f8,f1,f4	  f1:0x7fc00000  f4:0x7fc00000  f8=0x7fc00000
     262425.000 ns	     26241	800059c8	d00e0653	fcvt.s.w	f12,x28	 x28:0x515379a0 f12=0x4ea2a6f3
     262795.000 ns	     26278	800059cc	03735e33	divu	x28,x6,x23	  x6:0x80041024 x23:0x80040e98 x28=0x00000001
     262815.000 ns	     26280	800059d0	3345b413	sltiu	x8,x11,820	 x11:0x00000001  x8=0x00000001
     262825.000 ns	     26281	800059d4	002420b7	lui	x1,0x242	  x1=0x00242000
     262845.000 ns	     26283	800059d8	029bbd33	mulhu	x26,x23,x9	 x23:0x80040e98  x9:0x7ffbf01c x26=0x3fffff49
     262875.000 ns	     26286	800059dc	21fc07d3	fsgnj.s	f15,f24,f31	 f24:0xffc00000 f31:0x7fc00000 f15=0x7fc00000
     262895.000 ns	     26288	800059e0	0085b3b3	sltu	x7,x11,x8	 x11:0x00000001  x8:0x00000001  x7=0x00000000
     262905.000 ns	     26289	800059e4	017a3fb3	sltu	x31,x20,x23	 x20:0xffffffff x23:0x80040e98 x31=0x00000000
     262925.000 ns	     26291	800059e8	021e0033	mul	x0,x28,x1	 x28:0x00000001  x1:0x00242000
     262945.000 ns	     26293	800059ec	00000013	addi	x0,x0,0	  x0:0x00000000
     262955.000 ns	     26294	800059f0	a5dec3b7	lui	x7,0xa5dec	  x7=0xa5dec000
     262965.000 ns	     26295	800059f4	01a2d4b3	srl	x9,x5,x26	  x5:0x00000000 x26:0x3fffff49  x9=0x00000000
     262975.000 ns	     26296	800059f8	01281893	slli	x17,x16,0x12	 x16:0x00000000 x17=0x00000000
     263015.000 ns	     26300	800059fc	0934f9d3	fsub.s	f19,f9,f19	  f9:0x00000467 f19:0x00000000 f19=0x00000467
     263035.000 ns	     26302	80005a00	0013d4b3	srl	x9,x7,x1	  x7:0xa5dec000  x1:0x00242000  x9=0xa5dec000
     263055.000 ns	     26304	80005a04	a03109d3	fle.s	x19,f2,f3	  f2:0x3f800000  f3:0x7fc00000 x19=0x00000000
     263075.000 ns	     26306	80005a08	6e15fb13	andi	x22,x11,1761	 x11:0x00000001 x22=0x00000001
     263105.000 ns	     26309	80005a0c	1197f153	fmul.s	f2,f15,f25	 f15:0x7fc00000 f25:0xbf800000  f2=0x7fc00000
     263135.000 ns	     26312	80005a10	025e94b3	mulh	x9,x29,x5	 x29:0x00000000  x5:0x00000000  x9=0x00000000
     263155.000 ns	     26314	80005a14	40c8d993	srai	x19,x17,0xc	 x17:0x00000000 x19=0x00000000
     263165.000 ns	     26315	80005a18	0016bc33	sltu	x24,x13,x1	 x13:0x7ffbed7e  x1:0x00242000 x24=0x00000000
     263175.000 ns	     26316	80005a1c	e373a213	slti	x4,x7,-457	  x7:0xa5dec000  x4=0x00000001
     263185.000 ns	     26317	80005a20	00000013	addi	x0,x0,0	  x0:0x00000000
     263195.000 ns	     26318	80005a24	2cd42613	slti	x12,x8,717	  x8:0x00000001 x12=0x00000001
     263205.000 ns	     26319	80005a28	006b1e33	sll	x28,x22,x6	 x22:0x00000001  x6:0x80041024 x28=0x00000010
     263215.000 ns	     26320	80005a2c	00d8e633	or	x12,x17,x13	 x17:0x00000000 x13:0x7ffbed7e x12=0x7ffbed7e
     263225.000 ns	     26321	80005a30	01b12933	slt	x18,x2,x27	  x2:0x00000000 x27:0x00000467 x18=0x00000001
     263255.000 ns	     26324	80005a34	1974bd53	fdiv.s	f26,f9,f23	  f9:0x00000467 f23:0x00000000 f26=0x7f800000
     263285.000 ns	     26327	80005a38	e0060753	fmv.x.w	x14,f12	 f12:0x4ea2a6f3 x14=0x4ea2a6f3
     263305.000 ns	     26329	80005a3c	419881b3	sub	x3,x17,x25	 x17:0x00000000 x25:0x0e392982  x3=0xf1c6d67e
     263325.000 ns	     26331	80005a40	28dc0653	fmin.s	f12,f24,f13	 f24:0xffc00000 f13:0xbf800000 f12=0xbf800000
     263355.000 ns	     26334	80005a44	c016b153	fcvt.wu.s	x2,f13	 f13:0xbf800000  x2=0x00000001
     263375.000 ns	     26336	80005a48	00000013	addi	x0,x0,0	  x0:0x00000000
     263395.000 ns	     26338	80005a4c	a13f9d53	flt.s	x26,f31,f19	 f31:0x7fc00000 f19:0x00000467 x26=0x00000000
     263415.000 ns	     26340	80005a50	00000013	addi	x0,x0,0	  x0:0x00000000
     263425.000 ns	     26341	80005a54	007c0eb3	add	x29,x24,x7	 x24:0x00000000  x7:0xa5dec000 x29=0xa5dec000
     263435.000 ns	     26342	80005a58	416b5b93	srai	x23,x22,0x16	 x22:0x00000001 x23=0x00000000
     263455.000 ns	     26344	80005a5c	d01db6d3	fcvt.s.wu	f13,x27	 x27:0x00000467 f13=0x448ce000
     263485.000 ns	     26347	80005a60	037f82b3	mul	x5,x31,x23	 x31:0x00000000 x23:0x80040e98  x5=0x00000000
     263515.000 ns	     26350	80005a64	029e6d33	rem	x26,x28,x9	 x28:0x00000010  x9:0x00000000 x26=0x00000010
     263535.000 ns	     26352	80005a68	01a4d013	srli	x0,x9,0x1a	  x9:0x00000000
     263555.000 ns	     26354	80005a6c	03491b33	mulh	x22,x18,x20	 x18:0x00000001 x20:0xffffffff x22=0xffffffff
     263575.000 ns	     26356	80005a70	5db04f13	xori	x30,x0,1499	  x0:0x00000000 x30=0x000005db
     263595.000 ns	     26358	80005a74	02443c33	mulhu	x24,x8,x4	  x8:0x00000001  x4:0x00000001 x24=0x00000000
     263625.000 ns	     26361	80005a78	29629853	fmax.s	f16,f5,f22	  f5:0x00000000 f22:0x3f800000 f16=0x3f800000
     263655.000 ns	     26364	80005a7c	a0aeafd3	feq.s	x31,f29,f10	 f29:0x4f0c6d60 f10:0x4f000410 x31=0x00000000
     263675.000 ns	     26366	80005a80	018639b3	sltu	x19,x12,x24	 x12:0x7ffbed7e x24:0x00000000 x19=0x00000000
     263715.000 ns	     26370	80005a84	095bf6d3	fsub.s	f13,f23,f21	 f23:0x00000000 f21:0x00000000 f13=0x80000000
     263745.000 ns	     26373	80005a88	d007cfd3	fcvt.s.w	f31,x15	 x15:0x80040fe4 f31=0xcefff7e0
     263765.000 ns	     26375	80005a8c	41145d33	sra	x26,x8,x17	  x8:0x00000001 x17:0x00000000 x26=0x00000001
     263785.000 ns	     26377	80005a90	d0022553	fcvt.s.w	f10,x4	  x4:0x00000001 f10=0x3f800000
     263815.000 ns	     26380	80005a94	a1538e53	fle.s	x28,f7,f21	  f7:0x00000000 f21:0x00000000 x28=0x00000001
     263845.000 ns	     26383	80005a98	0373a233	mulhsu	x4,x7,x23	  x7:0xa5dec000 x23:0x00000000  x4=0x00000000
     263875.000 ns	     26386	80005a9c	e00f08d3	fmv.x.w	x17,f30	 f30:0x00000000 x17=0x00000000
     263895.000 ns	     26388	80005aa0	01440833	add	x16,x8,x20	  x8:0x00000001 x20:0xffffffff x16=0x00000000
     263925.000 ns	     26391	80005aa4	580df7d3	fsqrt.s	f15,f27	 f27:0x00000000 f15=0x00000000
     263955.000 ns	     26394	80005aa8	c00b8053	fcvt.w.s	x0,f23	 f23:0x00000000
     263985.000 ns	     26397	80005aac	c0093953	fcvt.w.s	x18,f18	 f18:0x00000000 x18=0x00000000
     264005.000 ns	     26399	80005ab0	0129b8b3	sltu	x17,x19,x18	 x19:0x00000000 x18:0x00000001 x17=0x00000000
     264015.000 ns	     26400	80005ab4	b8dc7013	andi	x0,x24,-1139	 x24:0x00000000
     264035.000 ns	     26402	80005ab8	291182d3	fmin.s	f5,f3,f17	  f3:0x7fc00000 f17:0x80000467  f5=0x80000467
     264065.000 ns	     26405	80005abc	022b38b3	mulhu	x17,x22,x2	 x22:0xffffffff  x2:0x00000001 x17=0x00000000
     264105.000 ns	     26409	80005ac0	5805a553	fsqrt.s	f10,f11	 f11:0xcf5ba81f f10=0x7fc00000
     264125.000 ns	     26411	80005ac4	003caeb3	slt	x29,x25,x3	 x25:0x0e392982  x3:0xf1c6d67e x29=0x00000000
     264145.000 ns	     26413	80005ac8	20ad1353	fsgnjn.s	f6,f26,f10	 f26:0x7f800000 f10:0x7fc00000  f6=0xff800000
     264175.000 ns	     26416	80005acc	025d44b3	div	x9,x26,x5	 x26:0x00000001  x5:0x00000000  x9=0xffffffff
     264195.000 ns	     26418	80005ad0	002169b3	or	x19,x2,x2	  x2:0x00000001  x2:0x00000001 x19=0x00000001
     264215.000 ns	     26420	80005ad4	e00189d3	fmv.x.w	x19,f3	  f3:0x7fc00000 x19=0x7fc00000
     264235.000 ns	     26422	80005ad8	f639a913	slti	x18,x19,-157	 x19:0x00000000 x18=0x00000000
     264245.000 ns	     26423	80005adc	01031f93	slli	x31,x6,0x10	  x6:0x80041024 x31=0x10240000
     264285.000 ns	     26427	80005ae0	09fb96d3	fsub.s	f13,f23,f31	 f23:0x00000000 f31:0xcefff7e0 f13=0x4efff7e0
     264305.000 ns	     26429	80005ae4	415fdd33	sra	x26,x31,x21	 x31:0x00000000 x21:0xbf800000 x26=0x10240000
     264315.000 ns	     26430	80005ae8	006b7eb3	and	x29,x22,x6	 x22:0xffffffff  x6:0x80041024 x29=0x80041024
     264335.000 ns	     26432	80005aec	200e9e53	fsgnjn.s	f28,f29,f0	 f29:0x4f0c6d60  f0:0x80000000 f28=0x4f0c6d60
     264365.000 ns	     26435	80005af0	29cb09d3	fmin.s	f19,f22,f28	 f22:0x3f800000 f28:0x00000000 f19=0x3f800000
     264395.000 ns	     26438	80005af4	02f530b3	mulhu	x1,x10,x15	 x10:0x00000001 x15:0x80040fe4  x1=0x00000000
     264765.000 ns	     26475	80005af8	03f0db33	divu	x22,x1,x31	  x1:0x00242000 x31:0x10240000 x22=0x00000000
     265135.000 ns	     26512	80005afc	02af4ab3	div	x21,x30,x10	 x30:0x000005db x10:0x00000001 x21=0x000005db
     265165.000 ns	     26515	80005b00	285099d3	fmax.s	f19,f1,f5	  f1:0x7fc00000  f5:0x80000467 f19=0x80000467
     265185.000 ns	     26517	80005b04	00f9f833	and	x16,x19,x15	 x19:0x7fc00000 x15:0x80040fe4 x16=0x00000000
     265195.000 ns	     26518	80005b08	e3564f13	xori	x30,x12,-459	 x12:0x7ffbed7e x30=0x8004134b
     265215.000 ns	     26520	80005b0c	024bbc33	mulhu	x24,x23,x4	 x23:0x00000000  x4:0x00000000 x24=0x00000000
     265255.000 ns	     26524	80005b10	19bb7253	fdiv.s	f4,f22,f27	 f22:0x3f800000 f27:0x00000000  f4=0x7f800000
     265275.000 ns	     26526	80005b14	87b7f413	andi	x8,x15,-1925	 x15:0x80040fe4  x8=0x80040860
     265315.000 ns	     26530	80005b18	08e142d3	fsub.s	f5,f2,f14	  f2:0x7fc00000 f14:0x3f800000  f5=0x7fc00000
     265335.000 ns	     26532	80005b1c	01358a33	add	x20,x11,x19	 x11:0x00000001 x19:0x7fc00000 x20=0x7fc00001
     265345.000 ns	     26533	80005b20	40c15533	sra	x10,x2,x12	  x2:0x00000001 x12:0x7ffbed7e x10=0x00000000
     265355.000 ns	     26534	80005b24	015b1b13	slli	x22,x22,0x15	 x22:0x00000000 x22=0x00000000
     265385.000 ns	     26537	80005b28	185dbfd3	fdiv.s	f31,f27,f5	 f27:0x00000000  f5:0x7fc00000 f31=0x7fc00000
     265415.000 ns	     26540	80005b2c	a01b8653	fle.s	x12,f23,f1	 f23:0x00000000  f1:0x7fc00000 x12=0x00000000
     265435.000 ns	     26542	80005b30	01b1cab3	xor	x21,x3,x27	  x3:0xf1c6d67e x27:0x00000467 x21=0xf1c6d219
     265455.000 ns	     26544	80005b34	e00195d3	fclass.s	x11,f3	  f3:0x7fc00000 x11=0x00000200
     265475.000 ns	     26546	80005b38	40eb0db3	sub	x27,x22,x14	 x22:0x00000000 x14:0x4ea2a6f3 x27=0xb15d590d
     265485.000 ns	     26547	80005b3c	01a1d693	srli	x13,x3,0x1a	  x3:0xf1c6d67e x13=0x0000003c
     265495.000 ns	     26548	80005b40	b28c4b93	xori	x23,x24,-1240	 x24:0x00000000 x23=0xfffffb28
     265515.000 ns	     26550	80005b44	036d48b3	div	x17,x26,x22	 x26:0x10240000 x22:0x00000000 x17=0xffffffff
     265535.000 ns	     26552	80005b48	00a369b3	or	x19,x6,x10	  x6:0x80041024 x10:0x00000000 x19=0x80041024
     265565.000 ns	     26555	80005b4c	10a800d3	fmul.s	f1,f16,f10	 f16:0x3f800000 f10:0x7fc00000  f1=0x7fc00000
     265615.000 ns	     26560	80005b50	086a44d3	fsub.s	f9,f20,f6	 f20:0x7fc00000  f6:0xff800000  f9=0x7fc00000
     265985.000 ns	     26597	80005b54	03cb6ab3	rem	x21,x22,x28	 x22:0x00000000 x28:0x00000001 x21=0x00000000
     266015.000 ns	     26600	80005b58	21f6ab53	fsgnjx.s	f22,f13,f31	 f13:0x4efff7e0 f31:0x7fc00000 f22=0x4efff7e0
     266035.000 ns	     26602	80005b5c	00ed0033	add	x0,x26,x14	 x26:0x10240000 x14:0x4ea2a6f3
     266045.000 ns	     26603	80005b60	41dade33	sra	x28,x21,x29	 x21:0x00000000 x29:0x80041024 x28=0x00000000
     267215.000 ns	     26720	80005b64	580b2253	fsqrt.s	f4,f22	 f22:0x4efff7e0  f4=0x473501cc
     267235.000 ns	     26722	80005b68	018b08b3	add	x17,x22,x24	 x22:0x00000000 x24:0x00000000 x17=0x00000000
     267245.000 ns	     26723	80005b6c	ff694393	xori	x7,x18,-10	 x18:0x00000000  x7=0xfffffff6
     267255.000 ns	     26724	80005b70	01e59993	slli	x19,x11,0x1e	 x11:0x00000200 x19=0x00000000
     267275.000 ns	     26726	80005b74	e00a80d3	fmv.x.w	x1,f21	 f21:0x00000000  x1=0x00000000
     267295.000 ns	     26728	80005b78	ae4f7b93	andi	x23,x30,-1308	 x30:0x8004134b x23=0x80041240
     267305.000 ns	     26729	80005b7c	41085133	sra	x2,x16,x16	 x16:0x00000000 x16:0x00000000  x2=0x00000000
     267315.000 ns	     26730	80005b80	00000013	addi	x0,x0,0	  x0:0x00000000
     267335.000 ns	     26732	80005b84	02ed38b3	mulhu	x17,x26,x14	 x26:0x10240000 x14:0x4ea2a6f3 x17=0x04f5394e
     267365.000 ns	     26735	80005b88	29b790d3	fmax.s	f1,f15,f27	 f15:0x00000000 f27:0x00000000  f1=0x00000000
     267395.000 ns	     26738	80005b8c	209ca8d3	fsgnjx.s	f17,f25,f9	 f25:0xbf800000  f9:0x7fc00000 f17=0xbf800000
     267415.000 ns	     26740	80005b90	44b8fe13	andi	x28,x17,1099	 x17:0x04f5394e x28=0x0000004a
     267425.000 ns	     26741	80005b94	b41fe093	ori	x1,x31,-1215	 x31:0x10240000  x1=0xfffffb41
     267435.000 ns	     26742	80005b98	01a11a33	sll	x20,x2,x26	  x2:0x00000000 x26:0x10240000 x20=0x00000000
     267795.000 ns	     26778	80005b9c	02777a33	remu	x20,x14,x7	 x14:0x4ea2a6f3  x7:0xfffffff6 x20=0x4ea2a6f3
     267815.000 ns	     26780	80005ba0	407e5d93	srai	x27,x28,0x7	 x28:0x0000004a x27=0x00000000
     267835.000 ns	     26782	80005ba4	20459453	fsgnjn.s	f8,f11,f4	 f11:0xcf5ba81f  f4:0x473501cc  f8=0xcf5ba81f
     267855.000 ns	     26784	80005ba8	01df11b3	sll	x3,x30,x29	 x30:0x8004134b x29:0x80041024  x3=0x004134b0
     267875.000 ns	     26786	80005bac	03caafb3	mulhsu	x31,x21,x28	 x21:0x00000000 x28:0x0000004a x31=0x00000000
     267925.000 ns	     26791	80005bb0	082c4853	fsub.s	f16,f24,f2	 f24:0xffc00000  f2:0x7fc00000 f16=0x7fc00000
     267945.000 ns	     26793	80005bb4	0080d633	srl	x12,x1,x8	  x1:0xfffffb41  x8:0x80040860 x12=0xfffffb41
     267965.000 ns	     26795	80005bb8	d00e1ed3	fcvt.s.w	f29,x28	 x28:0x0000004a f29=0x42940000
     267985.000 ns	     26797	80005bbc	01238ab3	add	x21,x7,x18	  x7:0xfffffff6 x18:0x00000000 x21=0xfffffff6
     268005.000 ns	     26799	80005bc0	20088cd3	fsgnj.s	f25,f17,f0	 f17:0xbf800000  f0:0x80000000 f25=0xbf800000
     268035.000 ns	     26802	80005bc4	e00d8053	fmv.x.w	x0,f27	 f27:0x00000000
     268055.000 ns	     26804	80005bc8	01eaa233	slt	x4,x21,x30	 x21:0xfffffff6 x30:0x8004134b  x4=0x00000000
     268075.000 ns	     26806	80005bcc	c0047bd3	fcvt.w.s	x23,f8	  f8:0xcf5ba81f x23=0x80000000
     268105.000 ns	     26809	80005bd0	f00306d3	fmv.w.x	f13,x6	  x6:0x80041024 f13=0x80041024
     268125.000 ns	     26811	80005bd4	417d00b3	sub	x1,x26,x23	 x26:0x10240000 x23:0x80000000  x1=0x90240000
     268145.000 ns	     26813	80005bd8	d00082d3	fcvt.s.w	f5,x1	  x1:0xfffffb41  f5=0xcedfb800
     268195.000 ns	     26818	80005bdc	0878bdd3	fsub.s	f27,f17,f7	 f17:0xbf800000  f7:0x00000000 f27=0xbf800000
     268215.000 ns	     26820	80005be0	5e15c913	xori	x18,x11,1505	 x11:0x00000200 x18=0x000007e1
     268225.000 ns	     26821	80005be4	8ebc7613	andi	x12,x24,-1813	 x24:0x00000000 x12=0x00000000
     268245.000 ns	     26823	80005be8	026d84b3	mul	x9,x27,x6	 x27:0x00000000  x6:0x80041024  x9=0x00000000
     268275.000 ns	     26826	80005bec	29140053	fmin.s	f0,f8,f17	  f8:0xcf5ba81f f17:0xbf800000  f0=0xcf5ba81f
     268305.000 ns	     26829	80005bf0	a03a84d3	fle.s	x9,f21,f3	 f21:0x00000000  f3:0x7fc00000  x9=0x00000000
     268345.000 ns	     26833	80005bf4	580117d3	fsqrt.s	f15,f2	  f2:0x7fc00000 f15=0x7fc00000
     268365.000 ns	     26835	80005bf8	01bdcfb3	xor	x31,x27,x27	 x27:0x00000000 x27:0x00000000 x31=0x00000000
     268375.000 ns	     26836	80005bfc	01346233	or	x4,x8,x19	  x8:0x80040860 x19:0x00000000  x4=0x80040860
     268415.000 ns	     26840	80005c00	0885abd3	fsub.s	f23,f11,f8	 f11:0xcf5ba81f  f8:0xcf5ba81f f23=0x00000000
     268445.000 ns	     26843	80005c04	020f79b3	remu	x19,x30,x0	 x30:0x8004134b  x0:0x00000000 x19=0x8004134b
     268485.000 ns	     26847	80005c08	112b70d3	fmul.s	f1,f22,f18	 f22:0x4efff7e0 f18:0x00000000  f1=0x00000000
     268855.000 ns	     26884	80005c0c	0315f733	remu	x14,x11,x17	 x11:0x00000200 x17:0x04f5394e x14=0x00000200
     268885.000 ns	     26887	80005c10	e00895d3	fclass.s	x11,f17	 f17:0xbf800000 x11=0x00000002
     268915.000 ns	     26890	80005c14	a0ed1853	flt.s	x16,f26,f14	 f26:0x7f800000 f14:0x3f800000 x16=0x00000000
     268935.000 ns	     26892	80005c18	0160b8b3	sltu	x17,x1,x22	  x1:0x90240000 x22:0x00000000 x17=0x00000000
     268945.000 ns	     26893	80005c1c	00fbdc13	srli	x24,x23,0xf	 x23:0x80000000 x24=0x00010000
     269305.000 ns	     26929	80005c20	0378cb33	div	x22,x17,x23	 x17:0x04f5394e x23:0x80000000 x22=0x00000000
     269335.000 ns	     26932	80005c24	c006f553	fcvt.w.s	x10,f13	 f13:0x80041024 x10=0x00000000
     269365.000 ns	     26935	80005c28	d0082dd3	fcvt.s.w	f27,x16	 x16:0x00000000 f27=0x00000000
     269385.000 ns	     26937	80005c2c	96754613	xori	x12,x10,-1689	 x10:0x00000000 x12=0xfffff967
     269395.000 ns	     26938	80005c30	41a78b33	sub	x22,x15,x26	 x15:0x80040fe4 x26:0x10240000 x22=0x6fe00fe4
     269405.000 ns	     26939	80005c34	401e58b3	sra	x17,x28,x1	 x28:0x0000004a  x1:0x90240000 x17=0x0000004a
     269425.000 ns	     26941	80005c38	203f2353	fsgnjx.s	f6,f30,f3	 f30:0x00000000  f3:0x7fc00000  f6=0x00000000
     269445.000 ns	     26943	80005c3c	4118dd93	srai	x27,x17,0x11	 x17:0x00000000 x27=0x00000000
     269775.000 ns	     26976	80005c40	18e47353	fdiv.s	f6,f8,f14	  f8:0xcf5ba81f f14:0x3f800000  f6=0xcf5ba773
     269805.000 ns	     26979	80005c44	e0050a53	fmv.x.w	x20,f10	 f10:0x7fc00000 x20=0x7fc00000
     269835.000 ns	     26982	80005c48	29d209d3	fmin.s	f19,f4,f29	  f4:0x473501cc f29:0x42940000 f19=0x42940000
     269875.000 ns	     26986	80005c4c	58057853	fsqrt.s	f16,f10	 f10:0x7fc00000 f16=0x7fc00000
     269905.000 ns	     26989	80005c50	28b010d3	fmax.s	f1,f0,f11	  f0:0xcf5ba81f f11:0xcf5ba81f  f1=0xcf5ba81f
     269925.000 ns	     26991	80005c54	00e8beb3	sltu	x29,x17,x14	 x17:0x0000004a x14:0x00000200 x29=0x00000001
     269935.000 ns	     26992	80005c58	3e2b2393	slti	x7,x22,994	 x22:0x6fe00fe4  x7=0x00000000
     269945.000 ns	     26993	80005c5c	01755133	srl	x2,x10,x23	 x10:0x00000000 x23:0x80000000  x2=0x00000000
     269965.000 ns	     26995	80005c60	29ef06d3	fmin.s	f13,f30,f30	 f30:0x00000000 f30:0x00000000 f13=0x00000000
     270335.000 ns	     27032	80005c64	02c9f633	remu	x12,x19,x12	 x19:0x8004134b x12:0xfffff967 x12=0x8004134b
     270355.000 ns	     27034	80005c68	407a50b3	sra	x1,x20,x7	 x20:0x7fc00000  x7:0x00000000  x1=0x7fc00000
     270365.000 ns	     27035	80005c6c	00000013	addi	x0,x0,0	  x0:0x00000000
     270375.000 ns	     27036	80005c70	015d52b3	srl	x5,x26,x21	 x26:0x10240000 x21:0xfffffff6  x5=0x00000040
     270385.000 ns	     27037	80005c74	5bc12fb7	lui	x31,0x5bc12	 x31=0x5bc12000
     270745.000 ns	     27073	80005c78	03724bb3	div	x23,x4,x23	  x4:0x80040860 x23:0x80000000 x23=0x00000000
     270775.000 ns	     27076	80005c7c	219c29d3	fsgnjx.s	f19,f24,f25	 f24:0xffc00000 f25:0xbf800000 f19=0x7fc00000
     270805.000 ns	     27079	80005c80	e0031153	fclass.s	x2,f6	  f6:0xcf5ba773  x2=0x00000002
     270825.000 ns	     27081	80005c84	a1767113	andi	x2,x12,-1513	 x12:0x8004134b  x2=0x80041203
     270855.000 ns	     27084	80005c88	192f7cd3	fdiv.s	f25,f30,f18	 f30:0x00000000 f18:0x00000000 f25=0x7fc00000
     270885.000 ns	     27087	80005c8c	216ba653	fsgnjx.s	f12,f23,f22	 f23:0x00000000 f22:0x4efff7e0 f12=0x00000000
     270915.000 ns	     27090	80005c90	f0098d53	fmv.w.x	f26,x19	 x19:0x8004134b f26=0x8004134b
     270935.000 ns	     27092	80005c94	00000013	addi	x0,x0,0	  x0:0x00000000
     270945.000 ns	     27093	80005c98	01b08533	add	x10,x1,x27	  x1:0x7fc00000 x27:0x00000000 x10=0x7fc00000
     270965.000 ns	     27095	80005c9c	a1548e53	fle.s	x28,f9,f21	  f9:0x7fc00000 f21:0x00000000 x28=0x00000000
     270995.000 ns	     27098	80005ca0	21461753	fsgnjn.s	f14,f12,f20	 f12:0x00000000 f20:0x7fc00000 f14=0x80000000
     271015.000 ns	     27100	80005ca4	1ba30293	addi	x5,x6,442	  x6:0x80041024  x5=0x800411de
     271035.000 ns	     27102	80005ca8	03fa8633	mul	x12,x21,x31	 x21:0xfffffff6 x31:0x5bc12000 x12=0x6a74c000
     271065.000 ns	     27105	80005cac	e00b8bd3	fmv.x.w	x23,f23	 f23:0x00000000 x23=0x00000000
     271105.000 ns	     27109	80005cb0	5805a453	fsqrt.s	f8,f11	 f11:0xcf5ba81f  f8=0x7fc00000
     271125.000 ns	     27111	80005cb4	0063d533	srl	x10,x7,x6	  x7:0x00000000  x6:0x80041024 x10=0x00000000
     271135.000 ns	     27112	80005cb8	9e490b13	addi	x22,x18,-1564	 x18:0x000007e1 x22=0x000001c5
     271175.000 ns	     27116	80005cbc	007c0153	fadd.s	f2,f24,f7	 f24:0xffc00000  f7:0x00000000  f2=0x7fc00000
     271195.000 ns	     27118	80005cc0	00000013	addi	x0,x0,0	  x0:0x00000000
     271215.000 ns	     27120	80005cc4	02a466b3	rem	x13,x8,x10	  x8:0x80040860 x10:0x00000000 x13=0x80040860
     271235.000 ns	     27122	80005cc8	010cd113	srli	x2,x25,0x10	 x25:0x0e392982  x2=0x00000e39
     271245.000 ns	     27123	80005ccc	40e48033	sub	x0,x9,x14	  x9:0x00000000 x14:0x00000200
     271255.000 ns	     27124	80005cd0	007c9e33	sll	x28,x25,x7	 x25:0x0e392982  x7:0x00000000 x28=0x0e392982
     271265.000 ns	     27125	80005cd4	0147e4b3	or	x9,x15,x20	 x15:0x80040fe4 x20:0x7fc00000  x9=0xffc40fe4
     271285.000 ns	     27127	80005cd8	c00174d3	fcvt.w.s	x9,f2	  f2:0x7fc00000  x9=0x7fffffff
     271305.000 ns	     27129	80005cdc	37f1bf93	sltiu	x31,x3,895	  x3:0x004134b0 x31=0x00000000
     271315.000 ns	     27130	80005ce0	0182c433	xor	x8,x5,x24	  x5:0x800411de x24:0x00010000  x8=0x800511de
     271325.000 ns	     27131	80005ce4	57fe8413	addi	x8,x29,1407	 x29:0x00000001  x8=0x00000580
     271335.000 ns	     27132	80005ce8	0195f433	and	x8,x11,x25	 x11:0x00000002 x25:0x0e392982  x8=0x00000002
     271375.000 ns	     27136	80005cec	01fb0cd3	fadd.s	f25,f22,f31	 f22:0x4efff7e0 f31:0x7fc00000 f25=0x7fc00000
     271395.000 ns	     27138	80005cf0	7387c613	xori	x12,x15,1848	 x15:0x80040fe4 x12=0x800408dc
     271755.000 ns	     27174	80005cf4	0232c8b3	div	x17,x5,x3	  x5:0x800411de  x3:0x004134b0 x17=0xfffffe0a
     271785.000 ns	     27177	80005cf8	c010ffd3	fcvt.wu.s	x31,f1	  f1:0xcf5ba81f x31=0xdba81f00
     272155.000 ns	     27214	80005cfc	03add033	divu	x0,x27,x26	 x27:0x00000000 x26:0x10240000
     272525.000 ns	     27251	80005d00	0244e233	rem	x4,x9,x4	  x9:0x7fffffff  x4:0x80040860  x4=0x0004085f
     272555.000 ns	     27254	80005d04	f0090e53	fmv.w.x	f28,x18	 x18:0x000007e1 f28=0x000007e1
     272585.000 ns	     27257	80005d08	02f01633	mulh	x12,x0,x15	  x0:0x00000000 x15:0x80040fe4 x12=0x00000000
     272605.000 ns	     27259	80005d0c	417ad193	srai	x3,x21,0x17	 x21:0xfffffff6  x3=0xffffffff
     272625.000 ns	     27261	80005d10	021319b3	mulh	x19,x6,x1	  x6:0x80041024  x1:0x7fc00000 x19=0xc022070d
     272655.000 ns	     27264	80005d14	28941bd3	fmax.s	f23,f8,f9	  f8:0x7fc00000  f9:0x7fc00000 f23=0x7fc00000
     272675.000 ns	     27266	80005d18	a26fea17	auipc	x20,0xa26fe	 x20=0x22703d18
     272685.000 ns	     27267	80005d1c	01816bb3	or	x23,x2,x24	  x2:0x00000e39 x24:0x00010000 x23=0x00010e39
     273045.000 ns	     27303	80005d20	02266433	rem	x8,x12,x2	 x12:0x00000000  x2:0x00000e39  x8=0x00000000
     273075.000 ns	     27306	80005d24	d00e0053	fcvt.s.w	f0,x28	 x28:0x0e392982  f0=0x4d639298
     273105.000 ns	     27309	80005d28	203ca353	fsgnjx.s	f6,f25,f3	 f25:0x7fc00000  f3:0x7fc00000  f6=0x7fc00000
     273145.000 ns	     27313	80005d2c	182717d3	fdiv.s	f15,f14,f2	 f14:0x80000000  f2:0x7fc00000 f15=0x7fc00000
     273175.000 ns	     27316	80005d30	d0134453	fcvt.s.wu	f8,x6	  x6:0x80041024  f8=0x4f000410
     273215.000 ns	     27320	80005d34	10fd3f53	fmul.s	f30,f26,f15	 f26:0x8004134b f15:0x7fc00000 f30=0x7fc00000
     273245.000 ns	     27323	80005d38	291093d3	fmax.s	f7,f1,f17	  f1:0xcf5ba81f f17:0xbf800000  f7=0xbf800000
     274425.000 ns	     27441	80005d3c	580e75d3	fsqrt.s	f11,f28	 f28:0x000007e1 f11=0x1f350faa
     274445.000 ns	     27443	80005d40	019174b3	and	x9,x2,x25	  x2:0x00000e39 x25:0x0e392982  x9=0x00000800
     274465.000 ns	     27445	80005d44	c01a21d3	fcvt.wu.s	x3,f20	 f20:0x7fc00000  x3=0xffffffff
     274485.000 ns	     27447	80005d48	0080f4b3	and	x9,x1,x8	  x1:0x7fc00000  x8:0x00000000  x9=0x00000000
     274505.000 ns	     27449	80005d4c	20cf2fd3	fsgnjx.s	f31,f30,f12	 f30:0x7fc00000 f12:0x00000000 f31=0x7fc00000
     274535.000 ns	     27452	80005d50	e0028fd3	fmv.x.w	x31,f5	  f5:0xcedfb800 x31=0xcedfb800
     274905.000 ns	     27489	80005d54	036fc133	div	x2,x31,x22	 x31:0xdba81f00 x22:0x000001c5  x2=0xffe43ce0
     274925.000 ns	     27491	80005d58	70b57413	andi	x8,x10,1803	 x10:0x00000000  x8=0x00000000
     274965.000 ns	     27495	80005d5c	003577d3	fadd.s	f15,f10,f3	 f10:0x7fc00000  f3:0x7fc00000 f15=0x7fc00000
     274995.000 ns	     27498	80005d60	20758dd3	fsgnj.s	f27,f11,f7	 f11:0x1f350faa  f7:0xbf800000 f27=0x9f350faa
     275025.000 ns	     27501	80005d64	d007f4d3	fcvt.s.w	f9,x15	 x15:0x80040fe4  f9=0xcefff7e0
     275055.000 ns	     27504	80005d68	c0067253	fcvt.w.s	x4,f12	 f12:0x00000000  x4=0x00000000
     275075.000 ns	     27506	80005d6c	0134e1b3	or	x3,x9,x19	  x9:0x00000000 x19:0xc022070d  x3=0xc022070d
     275095.000 ns	     27508	80005d70	21260bd3	fsgnj.s	f23,f12,f18	 f12:0x00000000 f18:0x00000000 f23=0x00000000
     275115.000 ns	     27510	80005d74	009048b3	xor	x17,x0,x9	  x0:0x00000000  x9:0x00000000 x17=0x00000000
     275125.000 ns	     27511	80005d78	010b9093	slli	x1,x23,0x10	 x23:0x00010e39  x1=0x0e390000
     275145.000 ns	     27513	80005d7c	02953733	mulhu	x14,x10,x9	 x10:0x00000000  x9:0x00000000 x14=0x00000000
     275165.000 ns	     27515	80005d80	01e59913	slli	x18,x11,0x1e	 x11:0x00000002 x18=0x80000000
     275185.000 ns	     27517	80005d84	02f1afb3	mulhsu	x31,x3,x15	  x3:0xc022070d x15:0x80040fe4 x31=0xe0100017
     275215.000 ns	     27520	80005d88	d001f3d3	fcvt.s.w	f7,x3	  x3:0xc022070d  f7=0xce7f77e3
     275235.000 ns	     27522	80005d8c	b8777d37	lui	x26,0xb8777	 x26=0xb8777000
     275245.000 ns	     27523	80005d90	015b7833	and	x16,x22,x21	 x22:0x000001c5 x21:0xfffffff6 x16=0x000001c4
     275255.000 ns	     27524	80005d94	0141ef33	or	x30,x3,x20	  x3:0xc022070d x20:0x22703d18 x30=0xe2723f1d
     275285.000 ns	     27527	80005d98	5804c853	fsqrt.s	f16,f9	  f9:0xcefff7e0 f16=0x7fc00000
     275305.000 ns	     27529	80005d9c	01f4beb3	sltu	x29,x9,x31	  x9:0x00000000 x31:0xe0100017 x29=0x00000001
     275325.000 ns	     27531	80005da0	0357af33	mulhsu	x30,x15,x21	 x15:0x80040fe4 x21:0xfffffff6 x30=0x80040fe8
     275355.000 ns	     27534	80005da4	03282e33	mulhsu	x28,x16,x18	 x16:0x000001c4 x18:0x80000000 x28=0x000000e2
     275725.000 ns	     27571	80005da8	03f57e33	remu	x28,x10,x31	 x10:0x00000000 x31:0xe0100017 x28=0x00000000
     275745.000 ns	     27573	80005dac	00afe6b3	or	x13,x31,x10	 x31:0xe0100017 x10:0x00000000 x13=0xe0100017
     275765.000 ns	     27575	80005db0	a1ac25d3	feq.s	x11,f24,f26	 f24:0xffc00000 f26:0x8004134b x11=0x00000000
     275785.000 ns	     27577	80005db4	00a7de13	srli	x28,x15,0xa	 x15:0x80040fe4 x28=0x00200103
     275805.000 ns	     27579	80005db8	e0098c53	fmv.x.w	x24,f19	 f19:0x7fc00000 x24=0x7fc00000
     275825.000 ns	     27581	80005dbc	00bcf133	and	x2,x25,x11	 x25:0x0e392982 x11:0x00000000  x2=0x00000000
     275845.000 ns	     27583	80005dc0	022644b3	div	x9,x12,x2	 x12:0x00000000  x2:0xffe43ce0  x9=0xffffffff
     275875.000 ns	     27586	80005dc4	02a54c33	div	x24,x10,x10	 x10:0x00000000 x10:0x00000000 x24=0xffffffff
     275905.000 ns	     27589	80005dc8	03f50533	mul	x10,x10,x31	 x10:0x00000000 x31:0xe0100017 x10=0x00000000
     275935.000 ns	     27592	80005dcc	21952253	fsgnjx.s	f4,f10,f25	 f10:0x7fc00000 f25:0x7fc00000  f4=0x7fc00000
     275955.000 ns	     27594	80005dd0	00d8afb3	slt	x31,x17,x13	 x17:0x00000000 x13:0xe0100017 x31=0x00000000
     275975.000 ns	     27596	80005dd4	a0868653	fle.s	x12,f13,f8	 f13:0x00000000  f8:0x4f000410 x12=0x00000001
     276005.000 ns	     27599	80005dd8	034303b3	mul	x7,x6,x20	  x6:0x80041024 x20:0x22703d18  x7=0xcffa1760
     276035.000 ns	     27602	80005ddc	a0ab0253	fle.s	x4,f22,f10	 f22:0x4efff7e0 f10:0x7fc00000  x4=0x00000000
     276055.000 ns	     27604	80005de0	4138d613	srai	x12,x17,0x13	 x17:0x00000000 x12=0x00000000
     276075.000 ns	     27606	80005de4	e00118d3	fclass.s	x17,f2	  f2:0x7fc00000 x17=0x00000200
     276105.000 ns	     27609	80005de8	d01af353	fcvt.s.wu	f6,x21	 x21:0xfffffff6  f6=0x4f7fffff
     276145.000 ns	     27613	80005dec	58039953	fsqrt.s	f18,f7	  f7:0xce7f77e3 f18=0x7fc00000
     276165.000 ns	     27615	80005df0	41ba5f13	srai	x30,x20,0x1b	 x20:0x22703d18 x30=0x00000004
     276185.000 ns	     27617	80005df4	a16b0953	fle.s	x18,f22,f22	 f22:0x4efff7e0 f22:0x4efff7e0 x18=0x00000001
     276215.000 ns	     27620	80005df8	e00f03d3	fmv.x.w	x7,f30	 f30:0x7fc00000  x7=0x7fc00000
     276245.000 ns	     27623	80005dfc	21208ad3	fsgnj.s	f21,f1,f18	  f1:0xcf5ba81f f18:0x7fc00000 f21=0x4f5ba81f
     276265.000 ns	     27625	80005e00	41418733	sub	x14,x3,x20	  x3:0xc022070d x20:0x22703d18 x14=0x9db1c9f5
     276625.000 ns	     27661	80005e04	036c7bb3	remu	x23,x24,x22	 x24:0xffffffff x22:0x000001c5 x23=0x00000003
     276675.000 ns	     27666	80005e08	00aff553	fadd.s	f10,f31,f10	 f31:0x7fc00000 f10:0x7fc00000 f10=0x7fc00000
     276725.000 ns	     27671	80005e0c	01157ed3	fadd.s	f29,f10,f17	 f10:0x7fc00000 f17:0xbf800000 f29=0x7fc00000
     276745.000 ns	     27673	80005e10	d1270d97	auipc	x27,0xd1270	 x27=0x51275e10
     276755.000 ns	     27674	80005e14	00a229b3	slt	x19,x4,x10	  x4:0x00000000 x10:0x00000000 x19=0x00000000
     276765.000 ns	     27675	80005e18	70bb7893	andi	x17,x22,1803	 x22:0x000001c5 x17=0x00000101
     276785.000 ns	     27677	80005e1c	03e3b1b3	mulhu	x3,x7,x30	  x7:0x7fc00000 x30:0x00000004  x3=0x00000001
     276815.000 ns	     27680	80005e20	03a32f33	mulhsu	x30,x6,x26	  x6:0x80041024 x26:0xb8777000 x30=0xa3c7357f
     276845.000 ns	     27683	80005e24	a0591fd3	flt.s	x31,f18,f5	 f18:0x7fc00000  f5:0xcedfb800 x31=0x00000000
     276865.000 ns	     27685	80005e28	8e7bfb13	andi	x22,x23,-1817	 x23:0x00000003 x22=0x00000003
     276885.000 ns	     27687	80005e2c	c0087053	fcvt.w.s	x0,f16	 f16:0x7fc00000
     276905.000 ns	     27689	80005e30	0072ec33	or	x24,x5,x7	  x5:0x800411de  x7:0x7fc00000 x24=0xffc411de
     276915.000 ns	     27690	80005e34	40bd0d33	sub	x26,x26,x11	 x26:0xb8777000 x11:0x00000000 x26=0xb8777000
     276935.000 ns	     27692	80005e38	204e9653	fsgnjn.s	f12,f29,f4	 f29:0x7fc00000  f4:0x7fc00000 f12=0xffc00000
     276965.000 ns	     27695	80005e3c	a0b02253	feq.s	x4,f0,f11	  f0:0x4d639298 f11:0x1f350faa  x4=0x00000000
     276995.000 ns	     27698	80005e40	03c18a33	mul	x20,x3,x28	  x3:0x00000001 x28:0x00200103 x20=0x00200103
     277025.000 ns	     27701	80005e44	2171a753	fsgnjx.s	f14,f3,f23	  f3:0x7fc00000 f23:0x00000000 f14=0x7fc00000
     277075.000 ns	     27706	80005e48	08797f53	fsub.s	f30,f18,f7	 f18:0x7fc00000  f7:0xce7f77e3 f30=0x7fc00000
     277105.000 ns	     27709	80005e4c	297083d3	fmin.s	f7,f1,f23	  f1:0xcf5ba81f f23:0x00000000  f7=0xcf5ba81f
     277135.000 ns	     27712	80005e50	02e20433	mul	x8,x4,x14	  x4:0x00000000 x14:0x9db1c9f5  x8=0x00000000
     277165.000 ns	     27715	80005e54	e0000753	fmv.x.w	x14,f0	  f0:0x4d639298 x14=0x4d639298
     277535.000 ns	     27752	80005e58	021af3b3	remu	x7,x21,x1	 x21:0xfffffff6  x1:0x0e390000  x7=0x0e36fff6
     277585.000 ns	     27757	80005e5c	01fa7b53	fadd.s	f22,f20,f31	 f20:0x7fc00000 f31:0x7fc00000 f22=0x7fc00000
     277615.000 ns	     27760	80005e60	a1f12453	feq.s	x8,f2,f31	  f2:0x7fc00000 f31:0x7fc00000  x8=0x00000000
     277645.000 ns	     27763	80005e64	a0438853	fle.s	x16,f7,f4	  f7:0xcf5ba81f  f4:0x7fc00000 x16=0x00000000
     277685.000 ns	     27767	80005e68	1929b7d3	fdiv.s	f15,f19,f18	 f19:0x7fc00000 f18:0x7fc00000 f15=0x7fc00000
     277715.000 ns	     27770	80005e6c	a1a891d3	flt.s	x3,f17,f26	 f17:0xbf800000 f26:0x8004134b  x3=0x00000001
     277745.000 ns	     27773	80005e70	c0062153	fcvt.w.s	x2,f12	 f12:0xffc00000  x2=0x7fffffff
     277765.000 ns	     27775	80005e74	415fda33	sra	x20,x31,x21	 x31:0x00000000 x21:0xfffffff6 x20=0x00000000
     277775.000 ns	     27776	80005e78	417ada33	sra	x20,x21,x23	 x21:0xfffffff6 x23:0x00000003 x20=0xfffffffe
     277785.000 ns	     27777	80005e7c	b949c013	xori	x0,x19,-1132	 x19:0x00000000
     277795.000 ns	     27778	80005e80	010a5833	srl	x16,x20,x16	 x20:0x00000000 x16:0x00000000 x16=0xfffffffe
     277805.000 ns	     27779	80005e84	417a8233	sub	x4,x21,x23	 x21:0xfffffff6 x23:0x00000003  x4=0xfffffff3
     277815.000 ns	     27780	80005e88	05b0e613	ori	x12,x1,91	  x1:0x0e390000 x12=0x0e39005b
     277825.000 ns	     27781	80005e8c	00a1bfb3	sltu	x31,x3,x10	  x3:0x00000001 x10:0x00000000 x31=0x00000000
     277845.000 ns	     27783	80005e90	e0040d53	fmv.x.w	x26,f8	  f8:0x4f000410 x26=0x4f000410
     277865.000 ns	     27785	80005e94	31233f13	sltiu	x30,x6,786	  x6:0x80041024 x30=0x00000000
     277885.000 ns	     27787	80005e98	03d49033	mulh	x0,x9,x29	  x9:0xffffffff x29:0x00000001
     277905.000 ns	     27789	80005e9c	01ff6ab3	or	x21,x30,x31	 x30:0xa3c7357f x31:0x00000000 x21=0x00000000
     277915.000 ns	     27790	80005ea0	01339f13	slli	x30,x7,0x13	  x7:0x0e36fff6 x30=0xffb00000
     277925.000 ns	     27791	80005ea4	41bc84b3	sub	x9,x25,x27	 x25:0x0e392982 x27:0x51275e10  x9=0xbd11cb72
     277935.000 ns	     27792	80005ea8	60288f13	addi	x30,x17,1538	 x17:0x00000101 x30=0x00000703
     277945.000 ns	     27793	80005eac	01650133	add	x2,x10,x22	 x10:0x00000000 x22:0x00000003  x2=0x00000003
     277955.000 ns	     27794	80005eb0	0182a433	slt	x8,x5,x24	  x5:0x800411de x24:0xffc411de  x8=0x00000001
     277965.000 ns	     27795	80005eb4	b2cce413	ori	x8,x25,-1236	 x25:0x0e392982  x8=0xfffffbae
     277985.000 ns	     27797	80005eb8	a19100d3	fle.s	x1,f2,f25	  f2:0x7fc00000 f25:0x7fc00000  x1=0x00000000
     278015.000 ns	     27800	80005ebc	21532d53	fsgnjx.s	f26,f6,f21	  f6:0x4f7fffff f21:0x4f5ba81f f26=0x4f7fffff
     278035.000 ns	     27802	80005ec0	40120233	sub	x4,x4,x1	  x4:0xfffffff3  x1:0x00000000  x4=0xfffffff3
     278045.000 ns	     27803	80005ec4	b4946c17	auipc	x24,0xb4946	 x24=0x3494bec4
     278055.000 ns	     27804	80005ec8	01f302b3	add	x5,x6,x31	  x6:0x80041024 x31:0x00000000  x5=0x80041024
     278065.000 ns	     27805	80005ecc	00000013	addi	x0,x0,0	  x0:0x00000000
     278095.000 ns	     27808	80005ed0	11463ad3	fmul.s	f21,f12,f20	 f12:0xffc00000 f20:0x7fc00000 f21=0x7fc00000
     278125.000 ns	     27811	80005ed4	299591d3	fmax.s	f3,f11,f25	 f11:0x1f350faa f25:0x7fc00000  f3=0x1f350faa
     279305.000 ns	     27929	80005ed8	58037fd3	fsqrt.s	f31,f6	  f6:0x4f7fffff f31=0x47350461
     279335.000 ns	     27932	80005edc	d017a2d3	fcvt.s.wu	f5,x15	 x15:0x80040fe4  f5=0x4f000410
     279705.000 ns	     27969	80005ee0	0348d133	divu	x2,x17,x20	 x17:0x00000101 x20:0xfffffffe  x2=0x00000000
     279735.000 ns	     27972	80005ee4	29521853	fmax.s	f16,f4,f21	  f4:0x7fc00000 f21:0x7fc00000 f16=0x7fc00000
     279765.000 ns	     27975	80005ee8	28880f53	fmin.s	f30,f16,f8	 f16:0x7fc00000  f8:0x4f000410 f30=0x4f000410
     279785.000 ns	     27977	80005eec	c6c34f13	xori	x30,x6,-916	  x6:0x80041024 x30=0x7ffbec48
     279805.000 ns	     27979	80005ef0	21c484d3	fsgnj.s	f9,f9,f28	  f9:0xcefff7e0 f28:0x000007e1  f9=0x4efff7e0
     279825.000 ns	     27981	80005ef4	7a75c113	xori	x2,x11,1959	 x11:0x00000000  x2=0x000007a7
     279845.000 ns	     27983	80005ef8	038323b3	mulhsu	x7,x6,x24	  x6:0x80041024 x24:0x3494bec4  x7=0xe5b67641
     280215.000 ns	     28020	80005efc	0242e9b3	rem	x19,x5,x4	  x5:0x80041024  x4:0xfffffff3 x19=0xffffffff
     280235.000 ns	     28022	80005f00	7067a093	slti	x1,x15,1798	 x15:0x80040fe4  x1=0x00000001
     280255.000 ns	     28024	80005f04	c0047053	fcvt.w.s	x0,f8	  f8:0x4f000410
     280275.000 ns	     28026	80005f08	010be733	or	x14,x23,x16	 x23:0x00000003 x16:0xfffffffe x14=0xffffffff
     280285.000 ns	     28027	80005f0c	de033193	sltiu	x3,x6,-544	  x6:0x80041024  x3=0x00000001
     280315.000 ns	     28030	80005f10	118df753	fmul.s	f14,f27,f24	 f27:0x9f350faa f24:0xffc00000 f14=0x7fc00000
     280685.000 ns	     28067	80005f14	03cc4033	div	x0,x24,x28	 x24:0x3494bec4 x28:0x00200103
     280725.000 ns	     28071	80005f18	198e8753	fdiv.s	f14,f29,f24	 f29:0x7fc00000 f24:0xffc00000 f14=0x7fc00000
     280755.000 ns	     28074	80005f1c	21ca1853	fsgnjn.s	f16,f20,f28	 f20:0x7fc00000 f28:0x000007e1 f16=0xffc00000
     280775.000 ns	     28076	80005f20	004e0e33	add	x28,x28,x4	 x28:0x00200103  x4:0xfffffff3 x28=0x002000f6
     280785.000 ns	     28077	80005f24	00000013	addi	x0,x0,0	  x0:0x00000000
     280805.000 ns	     28079	80005f28	0211b0b3	mulhu	x1,x3,x1	  x3:0x00000001  x1:0x00000001  x1=0x00000000
     280825.000 ns	     28081	80005f2c	016285b3	add	x11,x5,x22	  x5:0x80041024 x22:0x00000003 x11=0x80041027
     280845.000 ns	     28083	80005f30	a18f9bd3	flt.s	x23,f31,f24	 f31:0x47350461 f24:0xffc00000 x23=0x00000000
     280875.000 ns	     28086	80005f34	212c97d3	fsgnjn.s	f15,f25,f18	 f25:0x7fc00000 f18:0x7fc00000 f15=0xffc00000
     280895.000 ns	     28088	80005f38	00cf12b3	sll	x5,x30,x12	 x30:0x7ffbec48 x12:0x0e39005b  x5=0x40000000
     280905.000 ns	     28089	80005f3c	056d64b7	lui	x9,0x56d6	  x9=0x056d6000
     280925.000 ns	     28091	80005f40	a05c1d53	flt.s	x26,f24,f5	 f24:0xffc00000  f5:0x4f000410 x26=0x00000000
     280945.000 ns	     28093	80005f44	00000013	addi	x0,x0,0	  x0:0x00000000
     280965.000 ns	     28095	80005f48	e00c8553	fmv.x.w	x10,f25	 f25:0x7fc00000 x10=0x7fc00000
     280985.000 ns	     28097	80005f4c	b0472e93	slti	x29,x14,-1276	 x14:0xffffffff x29=0x00000000
     280995.000 ns	     28098	80005f50	019e96b3	sll	x13,x29,x25	 x29:0x00000001 x25:0x0e392982 x13=0x00000000
     281005.000 ns	     28099	80005f54	aab06d93	ori	x27,x0,-1365	  x0:0x00000000 x27=0xfffffaab
     281015.000 ns	     28100	80005f58	003cc4b3	xor	x9,x25,x3	 x25:0x0e392982  x3:0x00000001  x9=0x0e392983
     281025.000 ns	     28101	80005f5c	01249933	sll	x18,x9,x18	  x9:0x056d6000 x18:0x00000001 x18=0x1c725306
     281035.000 ns	     28102	80005f60	01ad1c33	sll	x24,x26,x26	 x26:0x00000000 x26:0x00000000 x24=0x00000000
     281045.000 ns	     28103	80005f64	0122c133	xor	x2,x5,x18	  x5:0x40000000 x18:0x00000001  x2=0x5c725306
     281065.000 ns	     28105	80005f68	21c48a53	fsgnj.s	f20,f9,f28	  f9:0x4efff7e0 f28:0x000007e1 f20=0x4efff7e0
     281095.000 ns	     28108	80005f6c	c01efa53	fcvt.wu.s	x20,f29	 f29:0x7fc00000 x20=0xffffffff
     281115.000 ns	     28110	80005f70	013982b3	add	x5,x19,x19	 x19:0xffffffff x19:0xffffffff  x5=0xfffffffe
     281145.000 ns	     28113	80005f74	1931cf53	fdiv.s	f30,f3,f19	  f3:0x1f350faa f19:0x7fc00000 f30=0x7fc00000
     281175.000 ns	     28116	80005f78	03c7bfb3	mulhu	x31,x15,x28	 x15:0x80040fe4 x28:0x002000f6 x31=0x001000fd
     281205.000 ns	     28119	80005f7c	c01c93d3	fcvt.wu.s	x7,f25	 f25:0x7fc00000  x7=0xffffffff
     281225.000 ns	     28121	80005f80	da04fa13	andi	x20,x9,-608	  x9:0x0e392983 x20=0x0e392980
     281245.000 ns	     28123	80005f84	28768e53	fmin.s	f28,f13,f7	 f13:0x00000000  f7:0xcf5ba81f f28=0xcf5ba81f
     281265.000 ns	     28125	80005f88	00b72fb3	slt	x31,x14,x11	 x14:0xffffffff x11:0x80041027 x31=0x00000000
     281305.000 ns	     28129	80005f8c	080bf153	fsub.s	f2,f23,f0	 f23:0x00000000  f0:0x4d639298  f2=0xcd639298
     281325.000 ns	     28131	80005f90	89093293	sltiu	x5,x18,-1904	 x18:0x1c725306  x5=0x00000001
     281335.000 ns	     28132	80005f94	c3629617	auipc	x12,0xc3629	 x12=0x4362ef94
     281345.000 ns	     28133	80005f98	0173fdb3	and	x27,x7,x23	  x7:0xffffffff x23:0x00000000 x27=0x00000000
     281355.000 ns	     28134	80005f9c	0017a233	slt	x4,x15,x1	 x15:0x80040fe4  x1:0x00000000  x4=0x00000001
     281375.000 ns	     28136	80005fa0	e0028053	fmv.x.w	x0,f5	  f5:0x4f000410
     281395.000 ns	     28138	80005fa4	48b10d13	addi	x26,x2,1163	  x2:0x5c725306 x26=0x5c725791
     281415.000 ns	     28140	80005fa8	0375bd33	mulhu	x26,x11,x23	 x11:0x80041027 x23:0x00000000 x26=0x00000000
     281435.000 ns	     28142	80005fac	1f096213	ori	x4,x18,496	 x18:0x1c725306  x4=0x1c7253f6
     281455.000 ns	     28144	80005fb0	02b296b3	mulh	x13,x5,x11	  x5:0x00000001 x11:0x80041027 x13=0xffffffff
     281495.000 ns	     28148	80005fb4	18aa7753	fdiv.s	f14,f20,f10	 f20:0x4efff7e0 f10:0x7fc00000 f14=0x7fc00000
     281515.000 ns	     28150	80005fb8	01db4db3	xor	x27,x22,x29	 x22:0x00000003 x29:0x00000000 x27=0x00000003
     281525.000 ns	     28151	80005fbc	005d48b3	xor	x17,x26,x5	 x26:0x00000000  x5:0x00000001 x17=0x00000001
     281545.000 ns	     28153	80005fc0	029728b3	mulhsu	x17,x14,x9	 x14:0xffffffff  x9:0x0e392983 x17=0xffffffff
     281565.000 ns	     28155	80005fc4	00fa9a93	slli	x21,x21,0xf	 x21:0x00000000 x21=0x00000000
     281575.000 ns	     28156	80005fc8	aaac3913	sltiu	x18,x24,-1366	 x24:0x00000000 x18=0x00000001
     281585.000 ns	     28157	80005fcc	40b50e33	sub	x28,x10,x11	 x10:0x7fc00000 x11:0x80041027 x28=0xffbbefd9
     281625.000 ns	     28161	80005fd0	08f77753	fsub.s	f14,f14,f15	 f14:0x7fc00000 f15:0xffc00000 f14=0x7fc00000
     282805.000 ns	     28279	80005fd4	5804fd53	fsqrt.s	f26,f9	  f9:0x4efff7e0 f26=0x473501cc
     282825.000 ns	     28281	80005fd8	013e71b3	and	x3,x28,x19	 x28:0xffbbefd9 x19:0xffffffff  x3=0xffbbefd9
     282845.000 ns	     28283	80005fdc	f0010753	fmv.w.x	f14,x2	  x2:0x5c725306 f14=0x5c725306
     282895.000 ns	     28288	80005fe0	09c8f053	fsub.s	f0,f17,f28	 f17:0xbf800000 f28:0xcf5ba81f  f0=0x4f5ba81e
     282915.000 ns	     28290	80005fe4	001158b3	srl	x17,x2,x1	  x2:0x5c725306  x1:0x00000000 x17=0x5c725306
     282935.000 ns	     28292	80005fe8	293e93d3	fmax.s	f7,f29,f19	 f29:0x7fc00000 f19:0x7fc00000  f7=0x7fc00000
     282965.000 ns	     28295	80005fec	21071cd3	fsgnjn.s	f25,f14,f16	 f14:0x5c725306 f16:0xffc00000 f25=0x5c725306
     282985.000 ns	     28297	80005ff0	01219393	slli	x7,x3,0x12	  x3:0xffbbefd9  x7=0xbf640000
     282995.000 ns	     28298	80005ff4	e4438593	addi	x11,x7,-444	  x7:0xffffffff x11=0xbf63fe44
     283015.000 ns	     28300	80005ff8	025c36b3	mulhu	x13,x24,x5	 x24:0x00000000  x5:0x00000001 x13=0x00000000
     283045.000 ns	     28303	80005ffc	29f10ad3	fmin.s	f21,f2,f31	  f2:0xcd639298 f31:0x47350461 f21=0xcd639298
     283065.000 ns	     28305	80006000	00000013	addi	x0,x0,0	  x0:0x00000000
     283085.000 ns	     28307	80006004	c011c5d3	fcvt.wu.s	x11,f3	  f3:0x1f350faa x11=0x00000000
     283105.000 ns	     28309	80006008	2e210593	addi	x11,x2,738	  x2:0x5c725306 x11=0x5c7255e8
     283115.000 ns	     28310	8000600c	0928b093	sltiu	x1,x17,146	 x17:0x5c725306  x1=0x00000000
     283475.000 ns	     28346	80006010	0322eeb3	rem	x29,x5,x18	  x5:0x00000001 x18:0x00000001 x29=0x00000000
     283505.000 ns	     28349	80006014	a1a202d3	fle.s	x5,f4,f26	  f4:0x7fc00000 f26:0x473501cc  x5=0x00000000
     283535.000 ns	     28352	80006018	e00b1053	fclass.s	x0,f22	 f22:0x7fc00000
     283565.000 ns	     28355	8000601c	29151253	fmax.s	f4,f10,f17	 f10:0x7fc00000 f17:0xbf800000  f4=0xbf800000
     283585.000 ns	     28357	80006020	2d0822b7	lui	x5,0x2d082	  x5=0x2d082000
     283605.000 ns	     28359	80006024	034b84b3	mul	x9,x23,x20	 x23:0x00000000 x20:0x0e392980  x9=0x00000000
     283625.000 ns	     28361	80006028	9c7b6c13	ori	x24,x22,-1593	 x22:0x00000003 x24=0xfffff9c7
     283635.000 ns	     28362	8000602c	00271393	slli	x7,x14,0x2	 x14:0xffffffff  x7=0xfffffffc
     283655.000 ns	     28364	80006030	c004f6d3	fcvt.w.s	x13,f9	  f9:0x4efff7e0 x13=0x7ffbf000
     283675.000 ns	     28366	80006034	01ddd3b3	srl	x7,x27,x29	 x27:0x00000003 x29:0x00000000  x7=0x00000003
     283715.000 ns	     28370	80006038	01fef9d3	fadd.s	f19,f29,f31	 f29:0x7fc00000 f31:0x47350461 f19=0x7fc00000
     283765.000 ns	     28375	8000603c	0185fc53	fadd.s	f24,f11,f24	 f11:0x1f350faa f24:0xffc00000 f24=0x7fc00000
     283785.000 ns	     28377	80006040	ef132e13	slti	x28,x6,-271	  x6:0x80041024 x28=0x00000001
     283805.000 ns	     28379	80006044	a00a26d3	feq.s	x13,f20,f0	 f20:0x4efff7e0  f0:0x4f5ba81e x13=0x00000000
     283835.000 ns	     28382	80006048	a101ac53	feq.s	x24,f3,f16	  f3:0x1f350faa f16:0xffc00000 x24=0x00000000
     285015.000 ns	     28500	8000604c	58004bd3	fsqrt.s	f23,f0	  f0:0x4f5ba81e f23=0x471b521c
     285045.000 ns	     28503	80006050	c019f453	fcvt.wu.s	x8,f19	 f19:0x7fc00000  x8=0xffffffff
     285065.000 ns	     28505	80006054	00340533	add	x10,x8,x3	  x8:0xfffffbae  x3:0xffbbefd9 x10=0xffbbefd8
     285075.000 ns	     28506	80006058	00000013	addi	x0,x0,0	  x0:0x00000000
     285085.000 ns	     28507	8000605c	41295213	srai	x4,x18,0x12	 x18:0x00000001  x4=0x00000000
     285105.000 ns	     28509	80006060	283f0ed3	fmin.s	f29,f30,f3	 f30:0x7fc00000  f3:0x1f350faa f29=0x1f350faa
     286285.000 ns	     28627	80006064	580d4d53	fsqrt.s	f26,f26	 f26:0x473501cc f26=0x42fffb4e
     286315.000 ns	     28630	80006068	03fb1533	mulh	x10,x22,x31	 x22:0x00000003 x31:0x00000000 x10=0x00000000
     286355.000 ns	     28634	8000606c	11118b53	fmul.s	f22,f3,f17	  f3:0x1f350faa f17:0xbf800000 f22=0x9f350faa
     286385.000 ns	     28637	80006070	d00b0dd3	fcvt.s.w	f27,x22	 x22:0x00000003 f27=0x40400000
     286415.000 ns	     28640	80006074	0388d4b3	divu	x9,x17,x24	 x17:0x5c725306 x24:0x00000000  x9=0xffffffff
     286455.000 ns	     28644	80006078	118979d3	fmul.s	f19,f18,f24	 f18:0x7fc00000 f24:0x7fc00000 f19=0x7fc00000
     286475.000 ns	     28646	8000607c	41075593	srai	x11,x14,0x10	 x14:0xffffffff x11=0xffffffff
     286495.000 ns	     28648	80006080	e00801d3	fmv.x.w	x3,f16	 f16:0xffc00000  x3=0xffc00000
     287675.000 ns	     28766	80006084	580411d3	fsqrt.s	f3,f8	  f8:0x4f000410  f3=0x46b50a40
     287715.000 ns	     28770	80006088	10cdf853	fmul.s	f16,f27,f12	 f27:0x40400000 f12:0xffc00000 f16=0x7fc00000
     288055.000 ns	     28804	8000608c	182d9ed3	fdiv.s	f29,f27,f2	 f27:0x40400000  f2:0xcd639298 f29=0xb2400000
     288075.000 ns	     28806	80006090	0108df13	srli	x30,x17,0x10	 x17:0x5c725306 x30=0x00005c72
     288085.000 ns	     28807	80006094	cb90a713	slti	x14,x1,-839	  x1:0x00000000 x14=0x00000000
     288105.000 ns	     28809	80006098	a0bb8753	fle.s	x14,f23,f11	 f23:0x471b521c f11:0x1f350faa x14=0x00000000
     288445.000 ns	     28843	8000609c	18327bd3	fdiv.s	f23,f4,f3	  f4:0xbf800000  f3:0x46b50a40 f23=0xb80e1dd2
     288465.000 ns	     28845	800060a0	41a75733	sra	x14,x14,x26	 x14:0x00000000 x26:0x00000000 x14=0x00000000
     288825.000 ns	     28881	800060a4	03685eb3	divu	x29,x16,x22	 x16:0xfffffffe x22:0x00000003 x29=0x55555554
     288875.000 ns	     28886	800060a8	087f7fd3	fsub.s	f31,f30,f7	 f30:0x7fc00000  f7:0x7fc00000 f31=0x7fc00000
     288895.000 ns	     28888	800060ac	78840193	addi	x3,x8,1928	  x8:0xffffffff  x3=0x00000787
     288915.000 ns	     28890	800060b0	d00ea0d3	fcvt.s.w	f1,x29	 x29:0x55555554  f1=0x4eaaaaab
     288945.000 ns	     28893	800060b4	f0088653	fmv.w.x	f12,x17	 x17:0x5c725306 f12=0x5c725306
     288975.000 ns	     28896	800060b8	c01c0ed3	fcvt.wu.s	x29,f24	 f24:0x7fc00000 x29=0xffffffff
     289005.000 ns	     28899	800060bc	039f0ab3	mul	x21,x30,x25	 x30:0x00005c72 x25:0x0e392982 x21=0xe05f33e4
     289025.000 ns	     28901	800060c0	01fc6633	or	x12,x24,x31	 x24:0x00000000 x31:0x00000000 x12=0x00000000
     289385.000 ns	     28937	800060c4	029bfbb3	remu	x23,x23,x9	 x23:0x00000000  x9:0xffffffff x23=0x00000000
     289415.000 ns	     28940	800060c8	c0077dd3	fcvt.w.s	x27,f14	 f14:0x5c725306 x27=0x7fffffff
     289435.000 ns	     28942	800060cc	004db4b3	sltu	x9,x27,x4	 x27:0x00000003  x4:0x00000000  x9=0x00000000
     289475.000 ns	     28946	800060d0	090af253	fsub.s	f4,f21,f16	 f21:0xcd639298 f16:0x7fc00000  f4=0x7fc00000
     289505.000 ns	     28949	800060d4	20ab1e53	fsgnjn.s	f28,f22,f10	 f22:0x9f350faa f10:0x7fc00000 f28=0x9f350faa
     289545.000 ns	     28953	800060d8	580acad3	fsqrt.s	f21,f21	 f21:0xcd639298 f21=0x7fc00000
     289575.000 ns	     28956	800060dc	a0ba98d3	flt.s	x17,f21,f11	 f21:0xcd639298 f11:0x1f350faa x17=0x00000000
     289595.000 ns	     28958	800060e0	41cf5193	srai	x3,x30,0x1c	 x30:0x00005c72  x3=0x00000000
     289605.000 ns	     28959	800060e4	0098c4b3	xor	x9,x17,x9	 x17:0x00000000  x9:0x00000000  x9=0x00000000
     289625.000 ns	     28961	800060e8	029656b3	divu	x13,x12,x9	 x12:0x00000000  x9:0x00000000 x13=0xffffffff
     289645.000 ns	     28963	800060ec	011b09b3	add	x19,x22,x17	 x22:0x00000003 x17:0x00000000 x19=0x00000003
     289655.000 ns	     28964	800060f0	6d5f7493	andi	x9,x30,1749	 x30:0x00005c72  x9=0x00000450
     290015.000 ns	     29000	800060f4	0331c933	div	x18,x3,x19	  x3:0x00000000 x19:0xffffffff x18=0x00000000
     290045.000 ns	     29003	800060f8	a11b1fd3	flt.s	x31,f22,f17	 f22:0x9f350faa f17:0xbf800000 x31=0x00000000
     290075.000 ns	     29006	800060fc	02a57eb3	remu	x29,x10,x10	 x10:0x00000000 x10:0x00000000 x29=0x00000000
     290445.000 ns	     29043	80006100	0252fbb3	remu	x23,x5,x5	  x5:0x2d082000  x5:0x2d082000 x23=0x00000000
     290465.000 ns	     29045	80006104	41185733	sra	x14,x16,x17	 x16:0xfffffffe x17:0x00000000 x14=0xfffffffe
     290485.000 ns	     29047	80006108	a179a753	feq.s	x14,f19,f23	 f19:0x7fc00000 f23:0xb80e1dd2 x14=0x00000000
     290505.000 ns	     29049	8000610c	00784f33	xor	x30,x16,x7	 x16:0xfffffffe  x7:0x00000003 x30=0xfffffffd
     290865.000 ns	     29085	80006110	03996033	rem	x0,x18,x25	 x18:0x00000000 x25:0x0e392982
     290885.000 ns	     29087	80006114	010968b3	or	x17,x18,x16	 x18:0x00000000 x16:0xfffffffe x17=0xfffffffe
     290895.000 ns	     29088	80006118	3b058d13	addi	x26,x11,944	 x11:0xffffffff x26=0x000003af
     291255.000 ns	     29124	8000611c	03644a33	div	x20,x8,x22	  x8:0xffffffff x22:0x00000003 x20=0x00000000
     291285.000 ns	     29127	80006120	29141453	fmax.s	f8,f8,f17	  f8:0x4f000410 f17:0xbf800000  f8=0x4f000410
     291305.000 ns	     29129	80006124	01dddb33	srl	x22,x27,x29	 x27:0x7fffffff x29:0x00000000 x22=0x7fffffff
     291315.000 ns	     29130	80006128	4e2ef193	andi	x3,x29,1250	 x29:0x00000000  x3=0x00000000
     291335.000 ns	     29132	8000612c	29d70ed3	fmin.s	f29,f14,f29	 f14:0x5c725306 f29:0xb2400000 f29=0xb2400000
     291355.000 ns	     29134	80006130	01a80533	add	x10,x16,x26	 x16:0xfffffffe x26:0x000003af x10=0x000003ad
     291375.000 ns	     29136	80006134	02e18433	mul	x8,x3,x14	  x3:0x00000000 x14:0x00000000  x8=0x00000000
     291425.000 ns	     29141	80006138	00798c53	fadd.s	f24,f19,f7	 f19:0x7fc00000  f7:0x7fc00000 f24=0x7fc00000
     291445.000 ns	     29143	8000613c	01907933	and	x18,x0,x25	  x0:0x00000000 x25:0x0e392982 x18=0x00000000
     291455.000 ns	     29144	80006140	40be09b3	sub	x19,x28,x11	 x28:0x00000001 x11:0xffffffff x19=0x00000002
     291465.000 ns	     29145	80006144	01e2a433	slt	x8,x5,x30	  x5:0x2d082000 x30:0xfffffffd  x8=0x00000000
     291475.000 ns	     29146	80006148	1dd7f197	auipc	x3,0x1dd7f	  x3=0x9dd85148
     291495.000 ns	     29148	8000614c	a1cb9453	flt.s	x8,f23,f28	 f23:0xb80e1dd2 f28:0x9f350faa  x8=0x00000001
     291515.000 ns	     29150	80006150	bff1a613	slti	x12,x3,-1025	  x3:0x00000000 x12=0x00000001
     291535.000 ns	     29152	80006154	e00480d3	fmv.x.w	x1,f9	  f9:0x4efff7e0  x1=0x4efff7e0
     291555.000 ns	     29154	80006158	00b469b3	or	x19,x8,x11	  x8:0x00000001 x11:0xffffffff x19=0xffffffff
     291565.000 ns	     29155	8000615c	405e00b3	sub	x1,x28,x5	 x28:0x00000001  x5:0x2d082000  x1=0xd2f7e001
     291575.000 ns	     29156	80006160	01b76433	or	x8,x14,x27	 x14:0x00000000 x27:0x7fffffff  x8=0x7fffffff
     291595.000 ns	     29158	80006164	218c9bd3	fsgnjn.s	f23,f25,f24	 f25:0x5c725306 f24:0x7fc00000 f23=0xdc725306
     291625.000 ns	     29161	80006168	20578653	fsgnj.s	f12,f15,f5	 f15:0xffc00000  f5:0x4f000410 f12=0x7fc00000
     291655.000 ns	     29164	8000616c	a13620d3	feq.s	x1,f12,f19	 f12:0x5c725306 f19:0x7fc00000  x1=0x00000000
     291685.000 ns	     29167	80006170	20bc92d3	fsgnjn.s	f5,f25,f11	 f25:0x5c725306 f11:0x1f350faa  f5=0xdc725306
     291715.000 ns	     29170	80006174	a1782453	feq.s	x8,f16,f23	 f16:0x7fc00000 f23:0xdc725306  x8=0x00000000
     291735.000 ns	     29172	80006178	00503eb3	sltu	x29,x0,x5	  x0:0x00000000  x5:0x2d082000 x29=0x00000001
     291755.000 ns	     29174	8000617c	201a8453	fsgnj.s	f8,f21,f1	 f21:0x7fc00000  f1:0x4eaaaaab  f8=0x7fc00000
     291785.000 ns	     29177	80006180	d00f1853	fcvt.s.w	f16,x30	 x30:0xfffffffd f16=0xc0400000
     291835.000 ns	     29182	80006184	015eff53	fadd.s	f30,f29,f21	 f29:0xb2400000 f21:0x7fc00000 f30=0x7fc00000
     291855.000 ns	     29184	80006188	62777a13	andi	x20,x14,1575	 x14:0x00000000 x20=0x00000000
     291865.000 ns	     29185	8000618c	005bf1b3	and	x3,x23,x5	 x23:0x00000000  x5:0x2d082000  x3=0x00000000
     291885.000 ns	     29187	80006190	29e00fd3	fmin.s	f31,f0,f30	  f0:0x4f5ba81e f30:0x7fc00000 f31=0x4f5ba81e
     291915.000 ns	     29190	80006194	c009b6d3	fcvt.w.s	x13,f19	 f19:0x7fc00000 x13=0x7fffffff
     291945.000 ns	     29193	80006198	021f20b3	mulhsu	x1,x30,x1	 x30:0xfffffffd  x1:0x00000000  x1=0x00000000
     292315.000 ns	     29230	8000619c	027365b3	rem	x11,x6,x7	  x6:0x80041024  x7:0x00000003 x11=0x00000000
     292335.000 ns	     29232	800061a0	34573713	sltiu	x14,x14,837	 x14:0x00000000 x14=0x00000001
     292355.000 ns	     29234	800061a4	f0068bd3	fmv.w.x	f23,x13	 x13:0x7fffffff f23=0x7fffffff
     292375.000 ns	     29236	800061a8	40b75b33	sra	x22,x14,x11	 x14:0x00000000 x11:0x00000000 x22=0x00000001
     292735.000 ns	     29272	800061ac	027e55b3	divu	x11,x28,x7	 x28:0x00000001  x7:0x00000003 x11=0x00000000
     292755.000 ns	     29274	800061b0	41e4d813	srai	x16,x9,0x1e	  x9:0x00000450 x16=0x00000000
     292775.000 ns	     29276	800061b4	f0068f53	fmv.w.x	f30,x13	 x13:0x7fffffff f30=0x7fffffff
     292825.000 ns	     29281	800061b8	0059f853	fadd.s	f16,f19,f5	 f19:0x7fc00000  f5:0xdc725306 f16=0x7fc00000
     292875.000 ns	     29286	800061bc	088af253	fsub.s	f4,f21,f8	 f21:0x7fc00000  f8:0x7fc00000  f4=0x7fc00000
     292915.000 ns	     29290	800061c0	1928f553	fdiv.s	f10,f17,f18	 f17:0xbf800000 f18:0x7fc00000 f10=0x7fc00000
     292945.000 ns	     29293	800061c4	c01e7fd3	fcvt.wu.s	x31,f28	 f28:0x9f350faa x31=0x00000000
     292965.000 ns	     29295	800061c8	5f838293	addi	x5,x7,1528	  x7:0x00000003  x5=0x000005fb
     292985.000 ns	     29297	800061cc	d0061a53	fcvt.s.w	f20,x12	 x12:0x00000001 f20=0x3f800000
     293355.000 ns	     29334	800061d0	0296e933	rem	x18,x13,x9	 x13:0x7fffffff  x9:0x00000450 x18=0x000001ff
     293385.000 ns	     29337	800061d4	d00d7cd3	fcvt.s.w	f25,x26	 x26:0x000003af f25=0x446bc000
     293405.000 ns	     29339	800061d8	415a5fb3	sra	x31,x20,x21	 x20:0x00000000 x21:0xe05f33e4 x31=0x00000000
     293415.000 ns	     29340	800061dc	84d3c813	xori	x16,x7,-1971	  x7:0x00000003 x16=0xfffff84e
     293745.000 ns	     29373	800061e0	1824fed3	fdiv.s	f29,f9,f2	  f9:0x4efff7e0  f2:0xcd639298 f29=0xc0fff7e0
     293785.000 ns	     29377	800061e4	11707d53	fmul.s	f26,f0,f23	  f0:0x4f5ba81e f23:0x7fffffff f26=0x7fc00000
     293815.000 ns	     29380	800061e8	c01825d3	fcvt.wu.s	x11,f16	 f16:0x7fc00000 x11=0xffffffff
     293855.000 ns	     29384	800061ec	192fb5d3	fdiv.s	f11,f31,f18	 f31:0x4f5ba81e f18:0x7fc00000 f11=0x7fc00000
     293885.000 ns	     29387	800061f0	e00504d3	fmv.x.w	x9,f10	 f10:0x7fc00000  x9=0x7fc00000
     293905.000 ns	     29389	800061f4	e9ec4c13	xori	x24,x24,-354	 x24:0x00000000 x24=0xfffffe9e
     293925.000 ns	     29391	800061f8	20708b53	fsgnj.s	f22,f1,f7	  f1:0x4eaaaaab  f7:0x7fc00000 f22=0x4eaaaaab
     293965.000 ns	     29395	800061fc	11868b53	fmul.s	f22,f13,f24	 f13:0x00000000 f24:0x7fc00000 f22=0x7fc00000
     293985.000 ns	     29397	80006200	00389db3	sll	x27,x17,x3	 x17:0xfffffffe  x3:0x00000000 x27=0xfffffffe
     294005.000 ns	     29399	80006204	c0017053	fcvt.w.s	x0,f2	  f2:0xcd639298
     294025.000 ns	     29401	80006208	835dc093	xori	x1,x27,-1995	 x27:0x7fffffff  x1=0x000007cb
     294035.000 ns	     29402	8000620c	0150eb33	or	x22,x1,x21	  x1:0x00000000 x21:0xe05f33e4 x22=0xe05f37ef
     294045.000 ns	     29403	80006210	966f2713	slti	x14,x30,-1690	 x30:0xfffffffd x14=0x00000000
     294055.000 ns	     29404	80006214	00989813	slli	x16,x17,0x9	 x17:0xfffffffe x16=0xfffffc00
     294065.000 ns	     29405	80006218	00fc55b3	srl	x11,x24,x15	 x24:0xfffffe9e x15:0x80040fe4 x11=0x0fffffe9
     294075.000 ns	     29406	8000621c	3c04fe13	andi	x28,x9,960	  x9:0x7fc00000 x28=0x00000000
     294085.000 ns	     29407	80006220	0106c633	xor	x12,x13,x16	 x13:0x7fffffff x16:0xfffffc00 x12=0x800003ff
     294095.000 ns	     29408	80006224	01929933	sll	x18,x5,x25	  x5:0x000005fb x25:0x0e392982 x18=0x000017ec
     294455.000 ns	     29444	80006228	0275eab3	rem	x21,x11,x7	 x11:0x0fffffe9  x7:0x00000003 x21=0x00000002
     294825.000 ns	     29481	8000622c	02b2d9b3	divu	x19,x5,x11	  x5:0x000005fb x11:0x0fffffe9 x19=0x00000000
     294845.000 ns	     29483	80006230	3eaf3e13	sltiu	x28,x30,1002	 x30:0xfffffffd x28=0x00000000
     294855.000 ns	     29484	80006234	00cce633	or	x12,x25,x12	 x25:0x0e392982 x12:0x800003ff x12=0x8e392bff
     294865.000 ns	     29485	80006238	001cd913	srli	x18,x25,0x1	 x25:0x0e392982 x18=0x071c94c1
     294875.000 ns	     29486	8000623c	415080b3	sub	x1,x1,x21	  x1:0x000007cb x21:0x00000002  x1=0x000007c9
     294885.000 ns	     29487	80006240	01b9ca33	xor	x20,x19,x27	 x19:0x00000000 x27:0xfffffffe x20=0xfffffffe
     294905.000 ns	     29489	80006244	027892b3	mulh	x5,x17,x7	 x17:0xfffffffe  x7:0x00000003  x5=0xffffffff
     294945.000 ns	     29493	80006248	58087853	fsqrt.s	f16,f16	 f16:0x7fc00000 f16=0x7fc00000
     294975.000 ns	     29496	8000624c	20bb9253	fsgnjn.s	f4,f23,f11	 f23:0x7fffffff f11:0x7fc00000  f4=0xffffffff
     294995.000 ns	     29498	80006250	00a2a1b3	slt	x3,x5,x10	  x5:0xffffffff x10:0x000003ad  x3=0x00000001
     295015.000 ns	     29500	80006254	033fc5b3	div	x11,x31,x19	 x31:0x00000000 x19:0x00000000 x11=0xffffffff
     295045.000 ns	     29503	80006258	28000cd3	fmin.s	f25,f0,f0	  f0:0x4f5ba81e  f0:0x4f5ba81e f25=0x4f5ba81e
     295065.000 ns	     29505	8000625c	00be1d33	sll	x26,x28,x11	 x28:0x00000000 x11:0xffffffff x26=0x00000000
     295075.000 ns	     29506	80006260	005b8033	add	x0,x23,x5	 x23:0x00000000  x5:0xffffffff
     295095.000 ns	     29508	80006264	03440a33	mul	x20,x8,x20	  x8:0x00000000 x20:0xfffffffe x20=0x00000000
     295125.000 ns	     29511	80006268	21800e53	fsgnj.s	f28,f0,f24	  f0:0x4f5ba81e f24:0x7fc00000 f28=0x4f5ba81e
     295145.000 ns	     29513	8000626c	f446fd93	andi	x27,x13,-188	 x13:0x7fffffff x27=0x7fffff44
     295175.000 ns	     29516	80006270	112a70d3	fmul.s	f1,f20,f18	 f20:0x3f800000 f18:0x7fc00000  f1=0x7fc00000
     295195.000 ns	     29518	80006274	01bca433	slt	x8,x25,x27	 x25:0x0e392982 x27:0xfffffffe  x8=0x00000001
     295215.000 ns	     29520	80006278	e00a1f53	fclass.s	x30,f20	 f20:0x3f800000 x30=0x00000040
     295235.000 ns	     29522	8000627c	69e00713	addi	x14,x0,1694	  x0:0x00000000 x14=0x0000069e
     295265.000 ns	     29525	80006280	1837f0d3	fdiv.s	f1,f15,f3	 f15:0xffc00000  f3:0x46b50a40  f1=0x7fc00000
     295285.000 ns	     29527	80006284	603b3937	lui	x18,0x603b3	 x18=0x603b3000
     295305.000 ns	     29529	80006288	28b51e53	fmax.s	f28,f10,f11	 f10:0x7fc00000 f11:0x7fc00000 f28=0x7fc00000
     295335.000 ns	     29532	8000628c	d01d8453	fcvt.s.wu	f8,x27	 x27:0x7fffff44  f8=0x4effffff
     295355.000 ns	     29534	80006290	00d0d393	srli	x7,x1,0xd	  x1:0x000007c9  x7=0x00000000
     295385.000 ns	     29537	80006294	10387853	fmul.s	f16,f16,f3	 f16:0x7fc00000  f3:0x46b50a40 f16=0x7fc00000
     295405.000 ns	     29539	80006298	0108f733	and	x14,x17,x16	 x17:0xfffffffe x16:0xfffffc00 x14=0xfffffc00
     295425.000 ns	     29541	8000629c	0371de33	divu	x28,x3,x23	  x3:0x00000001 x23:0x00000000 x28=0xffffffff
     295445.000 ns	     29543	800062a0	ca05e493	ori	x9,x11,-864	 x11:0xffffffff  x9=0xffffffff
     295455.000 ns	     29544	800062a4	0123ceb3	xor	x29,x7,x18	  x7:0x00000000 x18:0x603b3000 x29=0x603b3000
     295475.000 ns	     29546	800062a8	d014f653	fcvt.s.wu	f12,x9	  x9:0x7fc00000 f12=0x4f7fffff
     295495.000 ns	     29548	800062ac	00f9d813	srli	x16,x19,0xf	 x19:0x00000000 x16=0x00000000
     295505.000 ns	     29549	800062b0	9f90a913	slti	x18,x1,-1543	  x1:0x000007c9 x18=0x00000000
     295865.000 ns	     29585	800062b4	026861b3	rem	x3,x16,x6	 x16:0xfffffc00  x6:0x80041024  x3=0x00000000
     295885.000 ns	     29587	800062b8	a690d117	auipc	x2,0xa690d	  x2=0x269132b8
     295925.000 ns	     29591	800062bc	09edb4d3	fsub.s	f9,f27,f30	 f27:0x40400000 f30:0x7fffffff  f9=0x7fc00000
     295955.000 ns	     29594	800062c0	21e717d3	fsgnjn.s	f15,f14,f30	 f14:0x5c725306 f30:0x7fffffff f15=0xdc725306
     295975.000 ns	     29596	800062c4	262bb813	sltiu	x16,x23,610	 x23:0x00000000 x16=0x00000001
     295985.000 ns	     29597	800062c8	f644c093	xori	x1,x9,-156	  x9:0xffffffff  x1=0x0000009b
     295995.000 ns	     29598	800062cc	41ef5513	srai	x10,x30,0x1e	 x30:0x00000040 x10=0x00000000
     296015.000 ns	     29600	800062d0	a11c20d3	feq.s	x1,f24,f17	 f24:0x7fc00000 f17:0xbf800000  x1=0x00000000
     296035.000 ns	     29602	800062d4	5009f393	andi	x7,x19,1280	 x19:0x00000000  x7=0x00000000
     296395.000 ns	     29638	800062d8	03176a33	rem	x20,x14,x17	 x14:0xfffffc00 x17:0xfffffffe x20=0x00000000
     296425.000 ns	     29641	800062dc	207b1b53	fsgnjn.s	f22,f22,f7	 f22:0x7fc00000  f7:0x7fc00000 f22=0xffc00000
     296445.000 ns	     29643	800062e0	1cd27493	andi	x9,x4,461	  x4:0x00000000  x9=0x00000000
     296455.000 ns	     29644	800062e4	fdf37e13	andi	x28,x6,-33	  x6:0x80041024 x28=0x80041004
     296465.000 ns	     29645	800062e8	41e288b3	sub	x17,x5,x30	  x5:0xffffffff x30:0x00000040 x17=0xffffffbf
     296495.000 ns	     29648	800062ec	10bf9bd3	fmul.s	f23,f31,f11	 f31:0x4f5ba81e f11:0x7fc00000 f23=0x7fc00000
     296515.000 ns	     29650	800062f0	00c3d713	srli	x14,x7,0xc	  x7:0x00000000 x14=0x00000000
     296535.000 ns	     29652	800062f4	0292cdb3	div	x27,x5,x9	  x5:0xffffffff  x9:0x00000000 x27=0xffffffff
     296565.000 ns	     29655	800062f8	03da11b3	mulh	x3,x20,x29	 x20:0x00000000 x29:0x603b3000  x3=0x00000000
     296595.000 ns	     29658	800062fc	21be0b53	fsgnj.s	f22,f28,f27	 f28:0x7fc00000 f27:0x40400000 f22=0x7fc00000
     296615.000 ns	     29660	80006300	b74d4813	xori	x16,x26,-1164	 x26:0x00000000 x16=0xfffffb74
     296625.000 ns	     29661	80006304	00d2c2b3	xor	x5,x5,x13	  x5:0xffffffff x13:0x7fffffff  x5=0x80000000
     296645.000 ns	     29663	80006308	e00605d3	fmv.x.w	x11,f12	 f12:0x4f7fffff x11=0x4f7fffff
     296695.000 ns	     29668	8000630c	01683a53	fadd.s	f20,f16,f22	 f16:0x7fc00000 f22:0x7fc00000 f20=0x7fc00000
     296715.000 ns	     29670	80006310	41805a13	srai	x20,x0,0x18	  x0:0x00000000 x20=0x00000000
     296735.000 ns	     29672	80006314	a03383d3	fle.s	x7,f7,f3	  f7:0x7fc00000  f3:0x46b50a40  x7=0x00000000
     296775.000 ns	     29676	80006318	18f9a753	fdiv.s	f14,f19,f15	 f19:0x7fc00000 f15:0xdc725306 f14=0x7fc00000
     296815.000 ns	     29680	8000631c	5805cfd3	fsqrt.s	f31,f11	 f11:0x7fc00000 f31=0x7fc00000
     296845.000 ns	     29683	80006320	286a0353	fmin.s	f6,f20,f6	 f20:0x7fc00000  f6:0x4f7fffff  f6=0x4f7fffff
     296875.000 ns	     29686	80006324	02ff2e33	mulhsu	x28,x30,x15	 x30:0x00000040 x15:0x80040fe4 x28=0x00000020
     296905.000 ns	     29689	80006328	02eecab3	div	x21,x29,x14	 x29:0x603b3000 x14:0x00000000 x21=0xffffffff
     296935.000 ns	     29692	8000632c	20479dd3	fsgnjn.s	f27,f15,f4	 f15:0xdc725306  f4:0xffffffff f27=0x5c725306
     296965.000 ns	     29695	80006330	03bc33b3	mulhu	x7,x24,x27	 x24:0xfffffe9e x27:0xffffffff  x7=0xfffffe9d
     297005.000 ns	     29699	80006334	11d1ff53	fmul.s	f30,f3,f29	  f3:0x46b50a40 f29:0xc0fff7e0 f30=0xc8350481
     297035.000 ns	     29702	80006338	028d93b3	mulh	x7,x27,x8	 x27:0xffffffff  x8:0x00000001  x7=0xffffffff
     297055.000 ns	     29704	8000633c	002edf93	srli	x31,x29,0x2	 x29:0x603b3000 x31=0x180ecc00
     297075.000 ns	     29706	80006340	a1bfaad3	feq.s	x21,f31,f27	 f31:0x7fc00000 f27:0x5c725306 x21=0x00000000
     297095.000 ns	     29708	80006344	845d4d93	xori	x27,x26,-1979	 x26:0x00000000 x27=0xfffff845
     297105.000 ns	     29709	80006348	f2ba9937	lui	x18,0xf2ba9	 x18=0xf2ba9000
     297125.000 ns	     29711	8000634c	d00b3953	fcvt.s.w	f18,x22	 x22:0xe05f37ef f18=0xcdfd0641
     297155.000 ns	     29714	80006350	c011ffd3	fcvt.wu.s	x31,f3	  f3:0x46b50a40 x31=0x00005a85
     297205.000 ns	     29719	80006354	0179b053	fadd.s	f0,f19,f23	 f19:0x7fc00000 f23:0x7fc00000  f0=0x7fc00000
     297235.000 ns	     29722	80006358	03228a33	mul	x20,x5,x18	  x5:0x80000000 x18:0xf2ba9000 x20=0x00000000
     297255.000 ns	     29724	8000635c	40518ab3	sub	x21,x3,x5	  x3:0x00000000  x5:0x80000000 x21=0x80000000
     297265.000 ns	     29725	80006360	116f6f13	ori	x30,x30,278	 x30:0x00000040 x30=0x00000156
     297275.000 ns	     29726	80006364	4adf4db7	lui	x27,0x4adf4	 x27=0x4adf4000
     297285.000 ns	     29727	80006368	00f29493	slli	x9,x5,0xf	  x5:0x80000000  x9=0x00000000
     297645.000 ns	     29763	8000636c	03177bb3	remu	x23,x14,x17	 x14:0x00000000 x17:0xffffffbf x23=0x00000000
     297675.000 ns	     29766	80006370	e0019153	fclass.s	x2,f3	  f3:0x46b50a40  x2=0x00000040
     297705.000 ns	     29769	80006374	024c38b3	mulhu	x17,x24,x4	 x24:0xfffffe9e  x4:0x00000000 x17=0x00000000
     297725.000 ns	     29771	80006378	a316eb13	ori	x22,x13,-1487	 x13:0x7fffffff x22=0xffffffff
     297735.000 ns	     29772	8000637c	3e53c6b7	lui	x13,0x3e53c	 x13=0x3e53c000
     298095.000 ns	     29808	80006380	0270eeb3	rem	x29,x1,x7	  x1:0x00000000  x7:0xffffffff x29=0x00000000
     298115.000 ns	     29810	80006384	00cff033	and	x0,x31,x12	 x31:0x00005a85 x12:0x8e392bff
     298135.000 ns	     29812	80006388	02329933	mulh	x18,x5,x3	  x5:0x80000000  x3:0x00000000 x18=0x00000000
     298165.000 ns	     29815	8000638c	c01870d3	fcvt.wu.s	x1,f16	 f16:0x7fc00000  x1=0xffffffff
     298195.000 ns	     29818	80006390	21d8ae53	fsgnjx.s	f28,f17,f29	 f17:0xbf800000 f29:0xc0fff7e0 f28=0x3f800000
     298225.000 ns	     29821	80006394	e0059d53	fclass.s	x26,f11	 f11:0x7fc00000 x26=0x00000200
     298245.000 ns	     29823	80006398	0138f233	and	x4,x17,x19	 x17:0x00000000 x19:0x00000000  x4=0x00000000
     298255.000 ns	     29824	8000639c	01a306b3	add	x13,x6,x26	  x6:0x80041024 x26:0x00000200 x13=0x80041224
     298615.000 ns	     29860	800063a0	02d27bb3	remu	x23,x4,x13	  x4:0x00000000 x13:0x3e53c000 x23=0x00000000
     298635.000 ns	     29862	800063a4	4065dc37	lui	x24,0x4065d	 x24=0x4065d000
     298655.000 ns	     29864	800063a8	28bd04d3	fmin.s	f9,f26,f11	 f26:0x7fc00000 f11:0x7fc00000  f9=0x7fc00000
     298675.000 ns	     29866	800063ac	00000013	addi	x0,x0,0	  x0:0x00000000
     298685.000 ns	     29867	800063b0	00e501b3	add	x3,x10,x14	 x10:0x00000000 x14:0x00000000  x3=0x00000000
     298695.000 ns	     29868	800063b4	00c60533	add	x10,x12,x12	 x12:0x8e392bff x12:0x8e392bff x10=0x1c7257fe
     298725.000 ns	     29871	800063b8	5804b4d3	fsqrt.s	f9,f9	  f9:0x7fc00000  f9=0x7fc00000
     298755.000 ns	     29874	800063bc	03b61e33	mulh	x28,x12,x27	 x12:0x8e392bff x27:0x4adf4000 x28=0xdeb94e13
     298775.000 ns	     29876	800063c0	41070133	sub	x2,x14,x16	 x14:0x00000000 x16:0xfffffb74  x2=0x0000048c
     298785.000 ns	     29877	800063c4	01251533	sll	x10,x10,x18	 x10:0x1c7257fe x18:0x00000000 x10=0x1c7257fe
     298805.000 ns	     29879	800063c8	a0650753	fle.s	x14,f10,f6	 f10:0x7fc00000  f6:0x4f7fffff x14=0x00000000
     298835.000 ns	     29882	800063cc	28a904d3	fmin.s	f9,f18,f10	 f18:0xcdfd0641 f10:0x7fc00000  f9=0xcdfd0641
     298855.000 ns	     29884	800063d0	0633b093	sltiu	x1,x7,99	  x7:0xffffffff  x1=0x00000000
     298875.000 ns	     29886	800063d4	a1102e53	feq.s	x28,f0,f17	  f0:0x7fc00000 f17:0xbf800000 x28=0x00000000
     298905.000 ns	     29889	800063d8	031da833	mulhsu	x16,x27,x17	 x27:0x4adf4000 x17:0x00000000 x16=0x00000000
     298935.000 ns	     29892	800063dc	c00b9753	fcvt.w.s	x14,f23	 f23:0x7fc00000 x14=0x7fffffff
     298965.000 ns	     29895	800063e0	d003f253	fcvt.s.w	f4,x7	  x7:0xffffffff  f4=0xbf800000
     298985.000 ns	     29897	800063e4	015b9633	sll	x12,x23,x21	 x23:0x00000000 x21:0x80000000 x12=0x00000000
     298995.000 ns	     29898	800063e8	017a19b3	sll	x19,x20,x23	 x20:0x00000000 x23:0x00000000 x19=0x00000000
     299005.000 ns	     29899	800063ec	40985e13	srai	x28,x16,0x9	 x16:0x00000000 x28=0x00000000
     299015.000 ns	     29900	800063f0	65cfb893	sltiu	x17,x31,1628	 x31:0x00005a85 x17=0x00000000
     299035.000 ns	     29902	800063f4	291897d3	fmax.s	f15,f17,f17	 f17:0xbf800000 f17:0xbf800000 f15=0xbf800000
     299055.000 ns	     29904	800063f8	23438b13	addi	x22,x7,564	  x7:0xffffffff x22=0x00000233
     299095.000 ns	     29908	800063fc	0981f553	fsub.s	f10,f3,f24	  f3:0x46b50a40 f24:0x7fc00000 f10=0x7fc00000
     299115.000 ns	     29910	80006400	c9166d13	ori	x26,x12,-879	 x12:0x00000000 x26=0xfffffc91
     299125.000 ns	     29911	80006404	69037397	auipc	x7,0x69037	  x7=0xe903d404
     299485.000 ns	     29947	80006408	02555e33	divu	x28,x10,x5	 x10:0x1c7257fe  x5:0x80000000 x28=0x00000000
     299535.000 ns	     29952	8000640c	0907bed3	fsub.s	f29,f15,f16	 f15:0xbf800000 f16:0x7fc00000 f29=0x7fc00000
     299555.000 ns	     29954	80006410	41d25e33	sra	x28,x4,x29	  x4:0x00000000 x29:0x00000000 x28=0x00000000
     299565.000 ns	     29955	80006414	00ca5033	srl	x0,x20,x12	 x20:0x00000000 x12:0x00000000
     299585.000 ns	     29957	80006418	a10612d3	flt.s	x5,f12,f16	 f12:0x4f7fffff f16:0x7fc00000  x5=0x00000000
     299615.000 ns	     29960	8000641c	a1eb93d3	flt.s	x7,f23,f30	 f23:0x7fc00000 f30:0xc8350481  x7=0x00000000
     299645.000 ns	     29963	80006420	03c20c33	mul	x24,x4,x28	  x4:0x00000000 x28:0x00000000 x24=0x00000000
     299665.000 ns	     29965	80006424	00331533	sll	x10,x6,x3	  x6:0x80041024  x3:0x00000000 x10=0x80041024
     299695.000 ns	     29968	80006428	10930853	fmul.s	f16,f6,f9	  f6:0x4f7fffff  f9:0xcdfd0641 f16=0xddfd0640
     299725.000 ns	     29971	8000642c	f0010bd3	fmv.w.x	f23,x2	  x2:0x0000048c f23=0x0000048c
     299755.000 ns	     29974	80006430	f00f8853	fmv.w.x	f16,x31	 x31:0x00005a85 f16=0x00005a85
     300125.000 ns	     30011	80006434	03e1f3b3	remu	x7,x3,x30	  x3:0x00000000 x30:0x00000156  x7=0x00000000
     300145.000 ns	     30013	80006438	40f45213	srai	x4,x8,0xf	  x8:0x00000001  x4=0x00000000
     300155.000 ns	     30014	8000643c	0149e8b3	or	x17,x19,x20	 x19:0x00000000 x20:0x00000000 x17=0x00000000
     300175.000 ns	     30016	80006440	037a90b3	mulh	x1,x21,x23	 x21:0x80000000 x23:0x00000000  x1=0x00000000
     300205.000 ns	     30019	80006444	a16c0453	fle.s	x8,f24,f22	 f24:0x7fc00000 f22:0x7fc00000  x8=0x00000000
     300225.000 ns	     30021	80006448	01ba5733	srl	x14,x20,x27	 x20:0x00000000 x27:0x4adf4000 x14=0x00000000
     300245.000 ns	     30023	8000644c	036aa6b3	mulhsu	x13,x21,x22	 x21:0x80000000 x22:0x00000233 x13=0xfffffee6
     300275.000 ns	     30026	80006450	e0061dd3	fclass.s	x27,f12	 f12:0x4f7fffff x27=0x00000040
     300305.000 ns	     30029	80006454	21520953	fsgnj.s	f18,f4,f21	  f4:0xbf800000 f21:0x7fc00000 f18=0x3f800000
     300335.000 ns	     30032	80006458	29689ad3	fmax.s	f21,f17,f22	 f17:0xbf800000 f22:0x7fc00000 f21=0xbf800000
     300355.000 ns	     30034	8000645c	413ed5b3	sra	x11,x29,x19	 x29:0x00000000 x19:0x00000000 x11=0x00000000
     300375.000 ns	     30036	80006460	f00703d3	fmv.w.x	f7,x14	 x14:0x00000000  f7=0x00000000
     300405.000 ns	     30039	80006464	e00201d3	fmv.x.w	x3,f4	  f4:0xbf800000  x3=0xbf800000
     300455.000 ns	     30044	80006468	01c60953	fadd.s	f18,f12,f28	 f12:0x4f7fffff f28:0x3f800000 f18=0x4f7fffff
     300485.000 ns	     30047	8000646c	031582b3	mul	x5,x11,x17	 x11:0x00000000 x17:0x00000000  x5=0x00000000
     300505.000 ns	     30049	80006470	011b1193	slli	x3,x22,0x11	 x22:0x00000233  x3=0x04660000
     300525.000 ns	     30051	80006474	29ac1153	fmax.s	f2,f24,f26	 f24:0x7fc00000 f26:0x7fc00000  f2=0x7fc00000
     300555.000 ns	     30054	80006478	028ad633	divu	x12,x21,x8	 x21:0x80000000  x8:0x00000000 x12=0xffffffff
     300595.000 ns	     30058	8000647c	19702b53	fdiv.s	f22,f0,f23	  f0:0x7fc00000 f23:0x0000048c f22=0x7fc00000
     300625.000 ns	     30061	80006480	295b9853	fmax.s	f16,f23,f21	 f23:0x0000048c f21:0xbf800000 f16=0x0000048c
     300655.000 ns	     30064	80006484	e0061153	fclass.s	x2,f12	 f12:0x4f7fffff  x2=0x00000040
     300675.000 ns	     30066	80006488	58ce2617	auipc	x12,0x58ce2	 x12=0xd8ce8488
     300695.000 ns	     30068	8000648c	02b99833	mulh	x16,x19,x11	 x19:0x00000000 x11:0x00000000 x16=0x00000000
     300715.000 ns	     30070	80006490	01036c33	or	x24,x6,x16	  x6:0x80041024 x16:0x00000000 x24=0x80041024
     300735.000 ns	     30072	80006494	c011b4d3	fcvt.wu.s	x9,f3	  f3:0x46b50a40  x9=0x00005a86
     300755.000 ns	     30074	80006498	4167dc13	srai	x24,x15,0x16	 x15:0x80040fe4 x24=0xfffffe00
     300765.000 ns	     30075	8000649c	de94c813	xori	x16,x9,-535	  x9:0x00005a86 x16=0xffffa76f
     300805.000 ns	     30079	800064a0	091ffe53	fsub.s	f28,f31,f17	 f31:0x7fc00000 f17:0xbf800000 f28=0x7fc00000
     300855.000 ns	     30084	800064a4	007bfdd3	fadd.s	f27,f23,f7	 f23:0x0000048c  f7:0x00000000 f27=0x0000048c
     300875.000 ns	     30086	800064a8	00ef02b3	add	x5,x30,x14	 x30:0x00000156 x14:0x00000000  x5=0x00000156
     300895.000 ns	     30088	800064ac	a00a2ad3	feq.s	x21,f20,f0	 f20:0x7fc00000  f0:0x7fc00000 x21=0x00000000
     300925.000 ns	     30091	800064b0	21dd08d3	fsgnj.s	f17,f26,f29	 f26:0x7fc00000 f29:0x7fc00000 f17=0x7fc00000
     300965.000 ns	     30095	800064b4	1878ffd3	fdiv.s	f31,f17,f7	 f17:0xbf800000  f7:0x00000000 f31=0x7fc00000
     300985.000 ns	     30097	800064b8	6397f393	andi	x7,x15,1593	 x15:0x80040fe4  x7=0x00000620
     301005.000 ns	     30099	800064bc	a16380d3	fle.s	x1,f7,f22	  f7:0x00000000 f22:0x7fc00000  x1=0x00000000
     301035.000 ns	     30102	800064c0	c010f2d3	fcvt.wu.s	x5,f1	  f1:0x7fc00000  x5=0xffffffff
     301065.000 ns	     30105	800064c4	297396d3	fmax.s	f13,f7,f23	  f7:0x00000000 f23:0x0000048c f13=0x0000048c
     301095.000 ns	     30108	800064c8	284f9bd3	fmax.s	f23,f31,f4	 f31:0x7fc00000  f4:0xbf800000 f23=0xbf800000
     301115.000 ns	     30110	800064cc	001cd813	srli	x16,x25,0x1	 x25:0x0e392982 x16=0x071c94c1
     301135.000 ns	     30112	800064d0	03271533	mulh	x10,x14,x18	 x14:0x00000000 x18:0x00000000 x10=0x00000000
     301165.000 ns	     30115	800064d4	a18188d3	fle.s	x17,f3,f24	  f3:0x46b50a40 f24:0x7fc00000 x17=0x00000000
     301195.000 ns	     30118	800064d8	a0341d53	flt.s	x26,f8,f3	  f8:0x4effffff  f3:0x46b50a40 x26=0x00000000
     301225.000 ns	     30121	800064dc	29189653	fmax.s	f12,f17,f17	 f17:0x7fc00000 f17:0x7fc00000 f12=0x7fc00000
     301245.000 ns	     30123	800064e0	40145633	sra	x12,x8,x1	  x8:0x00000000  x1:0x00000000 x12=0x00000000
     301255.000 ns	     30124	800064e4	015b9d33	sll	x26,x23,x21	 x23:0x00000000 x21:0x00000000 x26=0x00000000
     301275.000 ns	     30126	800064e8	03c46d33	rem	x26,x8,x28	  x8:0x00000000 x28:0x00000000 x26=0x00000000
     301305.000 ns	     30129	800064ec	e0001d53	fclass.s	x26,f0	  f0:0x7fc00000 x26=0x00000200
     301335.000 ns	     30132	800064f0	a0919853	flt.s	x16,f3,f9	  f3:0x46b50a40  f9:0xcdfd0641 x16=0x00000000
     301355.000 ns	     30134	800064f4	e6556613	ori	x12,x10,-411	 x10:0x00000000 x12=0xfffffe65
     301365.000 ns	     30135	800064f8	37c32613	slti	x12,x6,892	  x6:0x80041024 x12=0x00000001
     301375.000 ns	     30136	800064fc	0067aab3	slt	x21,x15,x6	 x15:0x80040fe4  x6:0x80041024 x21=0x00000001
     301385.000 ns	     30137	80006500	adc90393	addi	x7,x18,-1316	 x18:0x00000000  x7=0xfffffadc
     301405.000 ns	     30139	80006504	c01b0953	fcvt.wu.s	x18,f22	 f22:0x7fc00000 x18=0xffffffff
     301435.000 ns	     30142	80006508	0302dbb3	divu	x23,x5,x16	  x5:0xffffffff x16:0x00000000 x23=0xffffffff
     301465.000 ns	     30145	8000650c	f00103d3	fmv.w.x	f7,x2	  x2:0x00000040  f7=0x00000040
     301515.000 ns	     30150	80006510	088493d3	fsub.s	f7,f9,f8	  f9:0xcdfd0641  f8:0x4effffff  f7=0xcf1fa0c7
     301535.000 ns	     30152	80006514	40b75e33	sra	x28,x14,x11	 x14:0x00000000 x11:0x00000000 x28=0x00000000
     301545.000 ns	     30153	80006518	01505493	srli	x9,x0,0x15	  x0:0x00000000  x9=0x00000000
     301555.000 ns	     30154	8000651c	43f7e213	ori	x4,x15,1087	 x15:0x80040fe4  x4=0x80040fff
     301565.000 ns	     30155	80006520	00000013	addi	x0,x0,0	  x0:0x00000000
     301575.000 ns	     30156	80006524	01b1da13	srli	x20,x3,0x1b	  x3:0x04660000 x20=0x00000000
     301615.000 ns	     30160	80006528	012d19d3	fadd.s	f19,f26,f18	 f26:0x7fc00000 f18:0x4f7fffff f19=0x7fc00000
     301645.000 ns	     30163	8000652c	d0070c53	fcvt.s.w	f24,x14	 x14:0x00000000 f24=0x00000000
     302015.000 ns	     30200	80006530	03207233	remu	x4,x0,x18	  x0:0x00000000 x18:0xffffffff  x4=0x00000000
     302055.000 ns	     30204	80006534	102c0953	fmul.s	f18,f24,f2	 f24:0x00000000  f2:0x7fc00000 f18=0x7fc00000
     302085.000 ns	     30207	80006538	20018b53	fsgnj.s	f22,f3,f0	  f3:0x46b50a40  f0:0x7fc00000 f22=0x46b50a40
     302105.000 ns	     30209	8000653c	af1d6613	ori	x12,x26,-1295	 x26:0x00000200 x12=0xfffffaf1
     302115.000 ns	     30210	80006540	002edfb3	srl	x31,x29,x2	 x29:0x00000000  x2:0x00000040 x31=0x00000000
     302125.000 ns	     30211	80006544	3a1f8393	addi	x7,x31,929	 x31:0x00005a85  x7=0x000003a1
     302135.000 ns	     30212	80006548	00059d93	slli	x27,x11,0x0	 x11:0x00000000 x27=0x00000000
     302155.000 ns	     30214	8000654c	038a0fb3	mul	x31,x20,x24	 x20:0x00000000 x24:0xfffffe00 x31=0x00000000
     302175.000 ns	     30216	80006550	0125df33	srl	x30,x11,x18	 x11:0x00000000 x18:0xffffffff x30=0x00000000
     302195.000 ns	     30218	80006554	21492f53	fsgnjx.s	f30,f18,f20	 f18:0x7fc00000 f20:0x7fc00000 f30=0x7fc00000
     302235.000 ns	     30222	80006558	5800c7d3	fsqrt.s	f15,f1	  f1:0x7fc00000 f15=0x7fc00000
     302265.000 ns	     30225	8000655c	03542eb3	mulhsu	x29,x8,x21	  x8:0x00000000 x21:0x00000001 x29=0x00000000
     302295.000 ns	     30228	80006560	a0d30053	fle.s	x0,f6,f13	  f6:0x4f7fffff f13:0x0000048c
     302665.000 ns	     30265	80006564	039df4b3	remu	x9,x27,x25	 x27:0x00000000 x25:0x0e392982  x9=0x00000000
     302695.000 ns	     30268	80006568	a1988453	fle.s	x8,f17,f25	 f17:0x7fc00000 f25:0x4f5ba81e  x8=0x00000000
     302745.000 ns	     30273	8000656c	087c8c53	fsub.s	f24,f25,f7	 f25:0x4f5ba81e  f7:0xcf1fa0c7 f24=0x4fbda472
     302765.000 ns	     30275	80006570	eb3fec13	ori	x24,x31,-333	 x31:0x00000000 x24=0xfffffeb3
     302785.000 ns	     30277	80006574	e0010053	fmv.x.w	x0,f2	  f2:0x7fc00000
     302825.000 ns	     30281	80006578	187042d3	fdiv.s	f5,f0,f7	  f0:0x7fc00000  f7:0xcf1fa0c7  f5=0x7fc00000
     302855.000 ns	     30284	8000657c	03e191b3	mulh	x3,x3,x30	  x3:0x04660000 x30:0x00000000  x3=0x00000000
     303225.000 ns	     30321	80006580	032b79b3	remu	x19,x22,x18	 x22:0x00000233 x18:0xffffffff x19=0x00000233
     303255.000 ns	     30324	80006584	e0059f53	fclass.s	x30,f11	 f11:0x7fc00000 x30=0x00000200
     303275.000 ns	     30326	80006588	75b3f113	andi	x2,x7,1883	  x7:0x000003a1  x2=0x00000301
     303285.000 ns	     30327	8000658c	9b1ac613	xori	x12,x21,-1615	 x21:0x00000001 x12=0xfffff9b0
     303305.000 ns	     30329	80006590	02ceab33	mulhsu	x22,x29,x12	 x29:0x00000000 x12:0xfffffaf1 x22=0x00000000
     303335.000 ns	     30332	80006594	0319edb3	rem	x27,x19,x17	 x19:0x00000233 x17:0x00000000 x27=0x00000233
     303355.000 ns	     30334	80006598	00000013	addi	x0,x0,0	  x0:0x00000000
     303375.000 ns	     30336	8000659c	e0031f53	fclass.s	x30,f6	  f6:0x4f7fffff x30=0x00000040
     303405.000 ns	     30339	800065a0	209204d3	fsgnj.s	f9,f4,f9	  f4:0xbf800000  f9:0xcdfd0641  f9=0xbf800000
     303435.000 ns	     30342	800065a4	02aa7db3	remu	x27,x20,x10	 x20:0x00000000 x10:0x00000000 x27=0x00000000
     303465.000 ns	     30345	800065a8	a1539c53	flt.s	x24,f7,f21	  f7:0xcf1fa0c7 f21:0xbf800000 x24=0x00000001
     303485.000 ns	     30347	800065ac	00c39593	slli	x11,x7,0xc	  x7:0x000003a1 x11=0x003a1000
     303495.000 ns	     30348	800065b0	005986b3	add	x13,x19,x5	 x19:0x00000233  x5:0xffffffff x13=0x00000232
     303535.000 ns	     30352	800065b4	0077fad3	fadd.s	f21,f15,f7	 f15:0x7fc00000  f7:0xcf1fa0c7 f21=0x7fc00000
     303555.000 ns	     30354	800065b8	fd4dc993	xori	x19,x27,-44	 x27:0x00000000 x19=0xffffffd4
     304725.000 ns	     30471	800065bc	580c77d3	fsqrt.s	f15,f24	 f24:0x4fbda472 f15=0x479bcd3e
     304755.000 ns	     30474	800065c0	02367c33	remu	x24,x12,x3	 x12:0xfffff9b0  x3:0x00000000 x24=0xfffff9b0
     304785.000 ns	     30477	800065c4	c01709d3	fcvt.wu.s	x19,f14	 f14:0x7fc00000 x19=0xffffffff
     304805.000 ns	     30479	800065c8	00000013	addi	x0,x0,0	  x0:0x00000000
     304835.000 ns	     30482	800065cc	117eb3d3	fmul.s	f7,f29,f23	 f29:0x7fc00000 f23:0xbf800000  f7=0x7fc00000
     304855.000 ns	     30484	800065d0	41480c33	sub	x24,x16,x20	 x16:0x00000000 x20:0x00000000 x24=0x00000000
     304895.000 ns	     30488	800065d4	08e9fa53	fsub.s	f20,f19,f14	 f19:0x7fc00000 f14:0x7fc00000 f20=0x7fc00000
     304915.000 ns	     30490	800065d8	004ded33	or	x26,x27,x4	 x27:0x00000000  x4:0x00000000 x26=0x00000000
     304955.000 ns	     30494	800065dc	087fcbd3	fsub.s	f23,f31,f7	 f31:0x7fc00000  f7:0x7fc00000 f23=0x7fc00000
     304995.000 ns	     30498	800065e0	580af0d3	fsqrt.s	f1,f21	 f21:0x7fc00000  f1=0x7fc00000
     305035.000 ns	     30502	800065e4	580e1253	fsqrt.s	f4,f28	 f28:0x7fc00000  f4=0x7fc00000
     305065.000 ns	     30505	800065e8	03d7cab3	div	x21,x15,x29	 x15:0x80040fe4 x29:0x00000000 x21=0xffffffff
     305085.000 ns	     30507	800065ec	94d47413	andi	x8,x8,-1715	  x8:0x00000000  x8=0x00000000
     305095.000 ns	     30508	800065f0	00336633	or	x12,x6,x3	  x6:0x80041024  x3:0x00000000 x12=0x80041024
     305115.000 ns	     30510	800065f4	e00306d3	fmv.x.w	x13,f6	  f6:0x4f7fffff x13=0x4f7fffff
     305145.000 ns	     30513	800065f8	c01378d3	fcvt.wu.s	x17,f6	  f6:0x4f7fffff x17=0xffffff00
     305175.000 ns	     30516	800065fc	e00b94d3	fclass.s	x9,f23	 f23:0x7fc00000  x9=0x00000200
     305215.000 ns	     30520	80006600	1068fd53	fmul.s	f26,f17,f6	 f17:0x7fc00000  f6:0x4f7fffff f26=0x7fc00000
     305235.000 ns	     30522	80006604	4049d593	srai	x11,x19,0x4	 x19:0xffffffff x11=0xffffffff
     305275.000 ns	     30526	80006608	01bbf1d3	fadd.s	f3,f23,f27	 f23:0x7fc00000 f27:0x0000048c  f3=0x7fc00000
     305295.000 ns	     30528	8000660c	000af233	and	x4,x21,x0	 x21:0xffffffff  x0:0x00000000  x4=0x00000000
     305315.000 ns	     30530	80006610	c0067bd3	fcvt.w.s	x23,f12	 f12:0x7fc00000 x23=0x7fffffff
     305335.000 ns	     30532	80006614	2c974593	xori	x11,x14,713	 x14:0x00000000 x11=0x000002c9
     305355.000 ns	     30534	80006618	02e24433	div	x8,x4,x14	  x4:0x00000000 x14:0x00000000  x8=0xffffffff
     305375.000 ns	     30536	8000661c	47ecde97	auipc	x29,0x47ecd	 x29=0xc7ed361c
     305385.000 ns	     30537	80006620	01b72233	slt	x4,x14,x27	 x14:0x00000000 x27:0x00000000  x4=0x00000000
     305405.000 ns	     30539	80006624	290382d3	fmin.s	f5,f7,f16	  f7:0x7fc00000 f16:0x0000048c  f5=0x0000048c
     305435.000 ns	     30542	80006628	20608253	fsgnj.s	f4,f1,f6	  f1:0x7fc00000  f6:0x4f7fffff  f4=0x7fc00000
     305455.000 ns	     30544	8000662c	00000013	addi	x0,x0,0	  x0:0x00000000
     305475.000 ns	     30546	80006630	032694b3	mulh	x9,x13,x18	 x13:0x4f7fffff x18:0xffffffff  x9=0xffffffff
     305515.000 ns	     30550	80006634	1104b353	fmul.s	f6,f9,f16	  f9:0xbf800000 f16:0x0000048c  f6=0x8000048c
     305545.000 ns	     30553	80006638	a0411453	flt.s	x8,f2,f4	  f2:0x7fc00000  f4:0x7fc00000  x8=0x00000000
     305565.000 ns	     30555	8000663c	01780233	add	x4,x16,x23	 x16:0x00000000 x23:0x7fffffff  x4=0x7fffffff
     305575.000 ns	     30556	80006640	0120f933	and	x18,x1,x18	  x1:0x00000000 x18:0xffffffff x18=0x00000000
     305595.000 ns	     30558	80006644	20f48053	fsgnj.s	f0,f9,f15	  f9:0xbf800000 f15:0x479bcd3e  f0=0x3f800000
     305625.000 ns	     30561	80006648	03097233	remu	x4,x18,x16	 x18:0xffffffff x16:0x00000000  x4=0x00000000
     305665.000 ns	     30565	8000664c	1029bbd3	fmul.s	f23,f19,f2	 f19:0x7fc00000  f2:0x7fc00000 f23=0x7fc00000
     305685.000 ns	     30567	80006650	00f71833	sll	x16,x14,x15	 x14:0x00000000 x15:0x80040fe4 x16=0x00000000
     305695.000 ns	     30568	80006654	40375db3	sra	x27,x14,x3	 x14:0x00000000  x3:0x00000000 x27=0x00000000
     305715.000 ns	     30570	80006658	204d17d3	fsgnjn.s	f15,f26,f4	 f26:0x7fc00000  f4:0x7fc00000 f15=0xffc00000
     305735.000 ns	     30572	8000665c	40f385b3	sub	x11,x7,x15	  x7:0x000003a1 x15:0x80040fe4 x11=0x7ffbf3bd
     305775.000 ns	     30576	80006660	09f29a53	fsub.s	f20,f5,f31	  f5:0x0000048c f31:0x7fc00000 f20=0x7fc00000
     305795.000 ns	     30578	80006664	7a33f8b7	lui	x17,0x7a33f	 x17=0x7a33f000
     305815.000 ns	     30580	80006668	03de8033	mul	x0,x29,x29	 x29:0xc7ed361c x29:0xc7ed361c
     305845.000 ns	     30583	8000666c	e00102d3	fmv.x.w	x5,f2	  f2:0x7fc00000  x5=0x7fc00000
     305875.000 ns	     30586	80006670	a0d70bd3	fle.s	x23,f14,f13	 f14:0x7fc00000 f13:0x0000048c x23=0x00000000
     305905.000 ns	     30589	80006674	215a92d3	fsgnjn.s	f5,f21,f21	 f21:0x7fc00000 f21:0x7fc00000  f5=0xffc00000
     305935.000 ns	     30592	80006678	216f1653	fsgnjn.s	f12,f30,f22	 f30:0x7fc00000 f22:0x46b50a40 f12=0xffc00000
     305955.000 ns	     30594	8000667c	0189cdb3	xor	x27,x19,x24	 x19:0xffffffff x24:0x00000000 x27=0xffffffff
     305975.000 ns	     30596	80006680	20f40ad3	fsgnj.s	f21,f8,f15	  f8:0x4effffff f15:0xffc00000 f21=0xceffffff
     306015.000 ns	     30600	80006684	186591d3	fdiv.s	f3,f11,f6	 f11:0x7fc00000  f6:0x8000048c  f3=0x7fc00000
     306045.000 ns	     30603	80006688	a0d88853	fle.s	x16,f17,f13	 f17:0x7fc00000 f13:0x0000048c x16=0x00000000
     306065.000 ns	     30605	8000668c	1d4ae593	ori	x11,x21,468	 x21:0xffffffff x11=0xffffffff
     306075.000 ns	     30606	80006690	010a49b3	xor	x19,x20,x16	 x20:0x00000000 x16:0x00000000 x19=0x00000000
     306085.000 ns	     30607	80006694	010a8533	add	x10,x21,x16	 x21:0xffffffff x16:0x00000000 x10=0xffffffff
     306115.000 ns	     30610	80006698	1091a6d3	fmul.s	f13,f3,f9	  f3:0x7fc00000  f9:0xbf800000 f13=0x7fc00000
     306145.000 ns	     30613	8000669c	204aa5d3	fsgnjx.s	f11,f21,f4	 f21:0xceffffff  f4:0x7fc00000 f11=0xceffffff
     306175.000 ns	     30616	800066a0	28e59bd3	fmax.s	f23,f11,f14	 f11:0x7fc00000 f14:0x7fc00000 f23=0xceffffff
     306205.000 ns	     30619	800066a4	20979053	fsgnjn.s	f0,f15,f9	 f15:0xffc00000  f9:0xbf800000  f0=0x7fc00000
     306225.000 ns	     30621	800066a8	00bed3b3	srl	x7,x29,x11	 x29:0xc7ed361c x11:0xffffffff  x7=0x00000001
     306235.000 ns	     30622	800066ac	ae327f93	andi	x31,x4,-1309	  x4:0x00000000 x31=0x00000000
     306245.000 ns	     30623	800066b0	24028013	addi	x0,x5,576	  x5:0x7fc00000
     306265.000 ns	     30625	800066b4	0325db33	divu	x22,x11,x18	 x11:0xffffffff x18:0x00000000 x22=0xffffffff
     306285.000 ns	     30627	800066b8	f4038717	auipc	x14,0xf4038	 x14=0x7403e6b8
     306305.000 ns	     30629	800066bc	a13a8a53	fle.s	x20,f21,f19	 f21:0xceffffff f19:0x7fc00000 x20=0x00000000
     306335.000 ns	     30632	800066c0	28568b53	fmin.s	f22,f13,f5	 f13:0x7fc00000  f5:0xffc00000 f22=0x7fc00000
     306365.000 ns	     30635	800066c4	286d12d3	fmax.s	f5,f26,f6	 f26:0x7fc00000  f6:0x8000048c  f5=0x8000048c
     306385.000 ns	     30637	800066c8	012eaab3	slt	x21,x29,x18	 x29:0xc7ed361c x18:0x00000000 x21=0x00000001
     306405.000 ns	     30639	800066cc	02642f33	mulhsu	x30,x8,x6	  x8:0x00000000  x6:0x80041024 x30=0x00000000
     306435.000 ns	     30642	800066d0	2022a2d3	fsgnjx.s	f5,f5,f2	  f5:0x8000048c  f2:0x7fc00000  f5=0x8000048c
     306465.000 ns	     30645	800066d4	21361453	fsgnjn.s	f8,f12,f19	 f12:0xffc00000 f19:0x7fc00000  f8=0xffc00000
     306495.000 ns	     30648	800066d8	03025433	divu	x8,x4,x16	  x4:0x00000000 x16:0x00000000  x8=0xffffffff
     306515.000 ns	     30650	800066dc	003d9433	sll	x8,x27,x3	 x27:0xffffffff  x3:0x00000000  x8=0xffffffff
     306525.000 ns	     30651	800066e0	41eb84b3	sub	x9,x23,x30	 x23:0x00000000 x30:0x00000000  x9=0x00000000
     306535.000 ns	     30652	800066e4	29fb6e17	auipc	x28,0x29fb6	 x28=0xa9fbc6e4
     306555.000 ns	     30654	800066e8	0308ffb3	remu	x31,x17,x16	 x17:0x7a33f000 x16:0x00000000 x31=0x7a33f000
     306585.000 ns	     30657	800066ec	e00f80d3	fmv.x.w	x1,f31	 f31:0x7fc00000  x1=0x7fc00000
     306625.000 ns	     30661	800066f0	1814a753	fdiv.s	f14,f9,f1	  f9:0xbf800000  f1:0x7fc00000 f14=0x7fc00000
     306645.000 ns	     30663	800066f4	0019cd33	xor	x26,x19,x1	 x19:0x00000000  x1:0x7fc00000 x26=0x7fc00000
     306655.000 ns	     30664	800066f8	01c5c4b3	xor	x9,x11,x28	 x11:0xffffffff x28:0xa9fbc6e4  x9=0x5604391b
     306665.000 ns	     30665	800066fc	408dd633	sra	x12,x27,x8	 x27:0xffffffff  x8:0xffffffff x12=0xffffffff
     306685.000 ns	     30667	80006700	0207b4b3	mulhu	x9,x15,x0	 x15:0x80040fe4  x0:0x00000000  x9=0x00000000
     306715.000 ns	     30670	80006704	219fa653	fsgnjx.s	f12,f31,f25	 f31:0x7fc00000 f25:0x4f5ba81e f12=0x7fc00000
     306735.000 ns	     30672	80006708	41f4d193	srai	x3,x9,0x1f	  x9:0x00000000  x3=0x00000000
     306745.000 ns	     30673	8000670c	e288bd93	sltiu	x27,x17,-472	 x17:0x7a33f000 x27=0x00000001
     306775.000 ns	     30676	80006710	10ff0dd3	fmul.s	f27,f30,f15	 f30:0x7fc00000 f15:0xffc00000 f27=0x7fc00000
     306805.000 ns	     30679	80006714	a0b32953	feq.s	x18,f6,f11	  f6:0x8000048c f11:0xceffffff x18=0x00000000
     306835.000 ns	     30682	80006718	d018fe53	fcvt.s.wu	f28,x17	 x17:0x7a33f000 f28=0x4ef467e0
     307205.000 ns	     30719	8000671c	03b6f733	remu	x14,x13,x27	 x13:0x4f7fffff x27:0x00000001 x14=0x00000000
     307225.000 ns	     30721	80006720	01fd7d33	and	x26,x26,x31	 x26:0x7fc00000 x31:0x7a33f000 x26=0x7a000000
     307245.000 ns	     30723	80006724	e00a0653	fmv.x.w	x12,f20	 f20:0x7fc00000 x12=0x7fc00000
     307275.000 ns	     30726	80006728	c01ac553	fcvt.wu.s	x10,f21	 f21:0xceffffff x10=0x7fffff80
     307295.000 ns	     30728	8000672c	0157ea33	or	x20,x15,x21	 x15:0x80040fe4 x21:0x00000001 x20=0x80040fe5
     307315.000 ns	     30730	80006730	c0197f53	fcvt.wu.s	x30,f18	 f18:0x7fc00000 x30=0xffffffff
     307345.000 ns	     30733	80006734	e0070c53	fmv.x.w	x24,f14	 f14:0x7fc00000 x24=0x7fc00000
     307375.000 ns	     30736	80006738	c019b8d3	fcvt.wu.s	x17,f19	 f19:0x7fc00000 x17=0xffffffff
     307395.000 ns	     30738	8000673c	d54fa993	slti	x19,x31,-684	 x31:0x7a33f000 x19=0x00000000
     307405.000 ns	     30739	80006740	8dce2b93	slti	x23,x28,-1828	 x28:0xa9fbc6e4 x23=0x00000001
     307415.000 ns	     30740	80006744	3b3f3997	auipc	x19,0x3b3f3	 x19=0xbb3f9744
     307435.000 ns	     30742	80006748	a0b50a53	fle.s	x20,f10,f11	 f10:0x7fc00000 f11:0xceffffff x20=0x00000000
     307465.000 ns	     30745	8000674c	202415d3	fsgnjn.s	f11,f8,f2	  f8:0xffc00000  f2:0x7fc00000 f11=0xffc00000
     307485.000 ns	     30747	80006750	bda2b513	sltiu	x10,x5,-1062	  x5:0x7fc00000 x10=0x00000001
     307525.000 ns	     30751	80006754	00fe7253	fadd.s	f4,f28,f15	 f28:0x4ef467e0 f15:0xffc00000  f4=0x7fc00000
     307545.000 ns	     30753	80006758	41985913	srai	x18,x16,0x19	 x16:0x00000000 x18=0x00000000
     307555.000 ns	     30754	8000675c	018e6233	or	x4,x28,x24	 x28:0xa9fbc6e4 x24:0x7fc00000  x4=0xfffbc6e4
     307575.000 ns	     30756	80006760	a0879d53	flt.s	x26,f15,f8	 f15:0xffc00000  f8:0xffc00000 x26=0x00000000
     307595.000 ns	     30758	80006764	016e1833	sll	x16,x28,x22	 x28:0xa9fbc6e4 x22:0xffffffff x16=0x00000000
     307605.000 ns	     30759	80006768	00941433	sll	x8,x8,x9	  x8:0xffffffff  x9:0x00000000  x8=0xffffffff
     307625.000 ns	     30761	8000676c	03529633	mulh	x12,x5,x21	  x5:0x7fc00000 x21:0x00000001 x12=0x00000000
     307995.000 ns	     30798	80006770	02f66533	rem	x10,x12,x15	 x12:0x7fc00000 x15:0x80040fe4 x10=0x00000000
     308025.000 ns	     30801	80006774	03513b33	mulhu	x22,x2,x21	  x2:0x00000301 x21:0x00000001 x22=0x00000000
     308045.000 ns	     30803	80006778	01d786b3	add	x13,x15,x29	 x15:0x80040fe4 x29:0xc7ed361c x13=0x47f14600
     308055.000 ns	     30804	8000677c	40995bb3	sra	x23,x18,x9	 x18:0x00000000  x9:0x00000000 x23=0x00000000
     308075.000 ns	     30806	80006780	039d36b3	mulhu	x13,x26,x25	 x26:0x00000000 x25:0x0e392982 x13=0x00000000
     308095.000 ns	     30808	80006784	d095db17	auipc	x22,0xd095d	 x22=0x50963784
     308455.000 ns	     30844	80006788	0319ceb3	div	x29,x19,x17	 x19:0xbb3f9744 x17:0xffffffff x29=0x44c068bc
     308485.000 ns	     30847	8000678c	c0033d53	fcvt.w.s	x26,f6	  f6:0x8000048c x26=0x00000000
     308515.000 ns	     30850	80006790	033c34b3	mulhu	x9,x24,x19	 x24:0x7fc00000 x19:0xbb3f9744  x9=0x5d70fbbc
     308545.000 ns	     30853	80006794	f00b0a53	fmv.w.x	f20,x22	 x22:0x50963784 f20=0x50963784
     308565.000 ns	     30855	80006798	0095d993	srli	x19,x11,0x9	 x11:0xffffffff x19=0x007fffff
     308575.000 ns	     30856	8000679c	01475b13	srli	x22,x14,0x14	 x14:0x00000000 x22=0x00000000
     308605.000 ns	     30859	800067a0	187bff53	fdiv.s	f30,f23,f7	 f23:0xceffffff  f7:0x7fc00000 f30=0x7fc00000
     308625.000 ns	     30861	800067a4	ace07493	andi	x9,x0,-1330	  x0:0x00000000  x9=0x00000000
     308645.000 ns	     30863	800067a8	e00a99d3	fclass.s	x19,f21	 f21:0xceffffff x19=0x00000002
     308665.000 ns	     30865	800067ac	01b44fb3	xor	x31,x8,x27	  x8:0xffffffff x27:0x00000001 x31=0xfffffffe
     308675.000 ns	     30866	800067b0	11df8093	addi	x1,x31,285	 x31:0x7a33f000  x1=0x0000011b
     308695.000 ns	     30868	800067b4	02de9633	mulh	x12,x29,x13	 x29:0x44c068bc x13:0x00000000 x12=0x00000000
     308725.000 ns	     30871	800067b8	21e88e53	fsgnj.s	f28,f17,f30	 f17:0x7fc00000 f30:0x7fc00000 f28=0x7fc00000
     308745.000 ns	     30873	800067bc	012ed293	srli	x5,x29,0x12	 x29:0x44c068bc  x5=0x00001130
     308755.000 ns	     30874	800067c0	0101a1b3	slt	x3,x3,x16	  x3:0x00000000 x16:0x00000000  x3=0x00000000
     308775.000 ns	     30876	800067c4	a167a553	feq.s	x10,f15,f22	 f15:0xffc00000 f22:0x7fc00000 x10=0x00000000
     308805.000 ns	     30879	800067c8	28c90253	fmin.s	f4,f18,f12	 f18:0x7fc00000 f12:0x7fc00000  f4=0x7fc00000
     308835.000 ns	     30882	800067cc	a0cb0053	fle.s	x0,f22,f12	 f22:0x7fc00000 f12:0x7fc00000
     309205.000 ns	     30919	800067d0	035aff33	remu	x30,x21,x21	 x21:0x00000001 x21:0x00000001 x30=0x00000000
     309225.000 ns	     30921	800067d4	41b30bb3	sub	x23,x6,x27	  x6:0x80041024 x27:0x00000001 x23=0x80041023
     309235.000 ns	     30922	800067d8	e1b72013	slti	x0,x14,-485	 x14:0x00000000
     309255.000 ns	     30924	800067dc	c0153e53	fcvt.wu.s	x28,f10	 f10:0x7fc00000 x28=0xffffffff
     309275.000 ns	     30926	800067e0	4d98ea13	ori	x20,x17,1241	 x17:0xffffffff x20=0xffffffff
     309285.000 ns	     30927	800067e4	408ddd33	sra	x26,x27,x8	 x27:0x00000001  x8:0xffffffff x26=0x00000000
     309305.000 ns	     30929	800067e8	e00f9ad3	fclass.s	x21,f31	 f31:0x7fc00000 x21=0x00000200
     309355.000 ns	     30934	800067ec	00aa3d53	fadd.s	f26,f20,f10	 f20:0x50963784 f10:0x7fc00000 f26=0x7fc00000
     309375.000 ns	     30936	800067f0	c27c3b13	sltiu	x22,x24,-985	 x24:0x7fc00000 x22=0x00000001
     309395.000 ns	     30938	800067f4	0243bbb3	mulhu	x23,x7,x4	  x7:0x00000001  x4:0xfffbc6e4 x23=0x00000000
     309415.000 ns	     30940	800067f8	00735b33	srl	x22,x6,x7	  x6:0x80041024  x7:0x00000001 x22=0x40020812
     309435.000 ns	     30942	800067fc	c00148d3	fcvt.w.s	x17,f2	  f2:0x7fc00000 x17=0x7fffffff
     309805.000 ns	     30979	80006800	039270b3	remu	x1,x4,x25	  x4:0xfffbc6e4 x25:0x0e392982  x1=0x0e300542
     309825.000 ns	     30981	80006804	4b3f8213	addi	x4,x31,1203	 x31:0xfffffffe  x4=0x000004b1
     309845.000 ns	     30983	80006808	0275bd33	mulhu	x26,x11,x7	 x11:0xffffffff  x7:0x00000001 x26=0x00000000
     309865.000 ns	     30985	8000680c	8c243913	sltiu	x18,x8,-1854	  x8:0xffffffff x18=0x00000000
     309875.000 ns	     30986	80006810	01841013	slli	x0,x8,0x18	  x8:0xffffffff
     309885.000 ns	     30987	80006814	01d4eab3	or	x21,x9,x29	  x9:0x00000000 x29:0x44c068bc x21=0x44c068bc
     309915.000 ns	     30990	80006818	580ba3d3	fsqrt.s	f7,f23	 f23:0xceffffff  f7=0x7fc00000
     309935.000 ns	     30992	8000681c	6089b393	sltiu	x7,x19,1544	 x19:0x00000002  x7=0x00000001
     309945.000 ns	     30993	80006820	6c6c7713	andi	x14,x24,1734	 x24:0x7fc00000 x14=0x00000000
     309965.000 ns	     30995	80006824	021b3ab3	mulhu	x21,x22,x1	 x22:0x40020812  x1:0x0e300542 x21=0x038c1e23
     309985.000 ns	     30997	80006828	00000013	addi	x0,x0,0	  x0:0x00000000
     310005.000 ns	     30999	8000682c	e0080ad3	fmv.x.w	x21,f16	 f16:0x0000048c x21=0x0000048c
     310025.000 ns	     31001	80006830	de42a197	auipc	x3,0xde42a	  x3=0x5e430830
     310045.000 ns	     31003	80006834	a139ae53	feq.s	x28,f19,f19	 f19:0x7fc00000 f19:0x7fc00000 x28=0x00000000
     310065.000 ns	     31005	80006838	01755eb3	srl	x29,x10,x23	 x10:0x00000000 x23:0x00000000 x29=0x00000000
     310075.000 ns	     31006	8000683c	00f909b3	add	x19,x18,x15	 x18:0x00000000 x15:0x80040fe4 x19=0x80040fe4
     310095.000 ns	     31008	80006840	29db8cd3	fmin.s	f25,f23,f29	 f23:0xceffffff f29:0x7fc00000 f25=0xceffffff
     310115.000 ns	     31010	80006844	98992713	slti	x14,x18,-1655	 x18:0x00000000 x14=0x00000000
     310135.000 ns	     31012	80006848	c0081ed3	fcvt.w.s	x29,f16	 f16:0x0000048c x29=0x00000000
     310165.000 ns	     31015	8000684c	a09b8ed3	fle.s	x29,f23,f9	 f23:0xceffffff  f9:0xbf800000 x29=0x00000001
     310185.000 ns	     31017	80006850	00c8cbb3	xor	x23,x17,x12	 x17:0x7fffffff x12:0x00000000 x23=0x7fffffff
     310195.000 ns	     31018	80006854	00934b33	xor	x22,x6,x9	  x6:0x80041024  x9:0x00000000 x22=0x80041024
     310215.000 ns	     31020	80006858	a1f528d3	feq.s	x17,f10,f31	 f10:0x7fc00000 f31:0x7fc00000 x17=0x00000000
     310235.000 ns	     31022	8000685c	c4a8a137	lui	x2,0xc4a8a	  x2=0xc4a8a000
     310245.000 ns	     31023	80006860	41638bb3	sub	x23,x7,x22	  x7:0x00000001 x22:0x80041024 x23=0x7ffbefdd
     310255.000 ns	     31024	80006864	00000013	addi	x0,x0,0	  x0:0x00000000
     310275.000 ns	     31026	80006868	03b313b3	mulh	x7,x6,x27	  x6:0x80041024 x27:0x00000001  x7=0xffffffff
     310305.000 ns	     31029	8000686c	030afab3	remu	x21,x21,x16	 x21:0x0000048c x16:0x00000000 x21=0x0000048c
     310675.000 ns	     31066	80006870	0362de33	divu	x28,x5,x22	  x5:0x00001130 x22:0x80041024 x28=0x00000000
     310695.000 ns	     31068	80006874	e6ec3893	sltiu	x17,x24,-402	 x24:0x7fc00000 x17=0x00000001
     310705.000 ns	     31069	80006878	0050c733	xor	x14,x1,x5	  x1:0x0e300542  x5:0x00001130 x14=0x0e301472
     310725.000 ns	     31071	8000687c	a1b82753	feq.s	x14,f16,f27	 f16:0x0000048c f27:0x7fc00000 x14=0x00000000
     310745.000 ns	     31073	80006880	003b9393	slli	x7,x23,0x3	 x23:0x7ffbefdd  x7=0xffdf7ee8
     310765.000 ns	     31075	80006884	29d88453	fmin.s	f8,f17,f29	 f17:0x7fc00000 f29:0x7fc00000  f8=0x7fc00000
     310795.000 ns	     31078	80006888	03e3f433	remu	x8,x7,x30	  x7:0xffffffff x30:0x00000000  x8=0xffdf7ee8
     310845.000 ns	     31083	8000688c	000689d3	fadd.s	f19,f13,f0	 f13:0x7fc00000  f0:0x7fc00000 f19=0x7fc00000
     310865.000 ns	     31085	80006890	2f783613	sltiu	x12,x16,759	 x16:0x00000000 x12=0x00000001
     310885.000 ns	     31087	80006894	03b7b733	mulhu	x14,x15,x27	 x15:0x80040fe4 x27:0x00000001 x14=0x00000000
     310935.000 ns	     31092	80006898	09437a53	fsub.s	f20,f6,f20	  f6:0x8000048c f20:0x50963784 f20=0xd0963784
     310965.000 ns	     31095	8000689c	a00e2953	feq.s	x18,f28,f0	 f28:0x7fc00000  f0:0x7fc00000 x18=0x00000000
     310985.000 ns	     31097	800068a0	3ce8fe93	andi	x29,x17,974	 x17:0x00000001 x29=0x00000000
     311005.000 ns	     31099	800068a4	022d3933	mulhu	x18,x26,x2	 x26:0x00000000  x2:0xc4a8a000 x18=0x00000000
     311025.000 ns	     31101	800068a8	010dd813	srli	x16,x27,0x10	 x27:0x00000001 x16=0x00000000
     311055.000 ns	     31104	800068ac	1818f653	fdiv.s	f12,f17,f1	 f17:0x7fc00000  f1:0x7fc00000 f12=0x7fc00000
     311085.000 ns	     31107	800068b0	281a0453	fmin.s	f8,f20,f1	 f20:0xd0963784  f1:0x7fc00000  f8=0xd0963784
     311105.000 ns	     31109	800068b4	864ec693	xori	x13,x29,-1948	 x29:0x00000000 x13=0xfffff864
     311115.000 ns	     31110	800068b8	40655633	sra	x12,x10,x6	 x10:0x00000000  x6:0x80041024 x12=0x00000000
     311125.000 ns	     31111	800068bc	40c05193	srai	x3,x0,0xc	  x0:0x00000000  x3=0x00000000
     311155.000 ns	     31114	800068c0	5800a9d3	fsqrt.s	f19,f1	  f1:0x7fc00000 f19=0x7fc00000
     311175.000 ns	     31116	800068c4	01e46ab3	or	x21,x8,x30	  x8:0xffdf7ee8 x30:0x00000000 x21=0xffdf7ee8
     311195.000 ns	     31118	800068c8	f00d8453	fmv.w.x	f8,x27	 x27:0x00000001  f8=0x00000001
     311225.000 ns	     31121	800068cc	027d16b3	mulh	x13,x26,x7	 x26:0x00000000  x7:0xffdf7ee8 x13=0x00000000
     311265.000 ns	     31125	800068d0	191bfa53	fdiv.s	f20,f23,f17	 f23:0xceffffff f17:0x7fc00000 f20=0x7fc00000
     311295.000 ns	     31128	800068d4	d01d7c53	fcvt.s.wu	f24,x26	 x26:0x00000000 f24=0x00000000
     311345.000 ns	     31133	800068d8	0087b0d3	fadd.s	f1,f15,f8	 f15:0xffc00000  f8:0x00000001  f1=0x7fc00000
     311375.000 ns	     31136	800068dc	03fcbd33	mulhu	x26,x25,x31	 x25:0x0e392982 x31:0xfffffffe x26=0x0e392981
     311395.000 ns	     31138	800068e0	016ce233	or	x4,x25,x22	 x25:0x0e392982 x22:0x80041024  x4=0x8e3d39a6
     311405.000 ns	     31139	800068e4	00bfd613	srli	x12,x31,0xb	 x31:0xfffffffe x12=0x001fffff
     311415.000 ns	     31140	800068e8	41f5de13	srai	x28,x11,0x1f	 x11:0xffffffff x28=0xffffffff
     311435.000 ns	     31142	800068ec	03c61b33	mulh	x22,x12,x28	 x12:0x00000000 x28:0x00000000 x22=0xffffffff
     311465.000 ns	     31145	800068f0	d0187c53	fcvt.s.wu	f24,x16	 x16:0x00000000 f24=0x00000000
     311495.000 ns	     31148	800068f4	215817d3	fsgnjn.s	f15,f16,f21	 f16:0x0000048c f21:0xceffffff f15=0x0000048c
     311515.000 ns	     31150	800068f8	4562f493	andi	x9,x5,1110	  x5:0x00001130  x9=0x00000010
     311555.000 ns	     31154	800068fc	0980fed3	fsub.s	f29,f1,f24	  f1:0x7fc00000 f24:0x00000000 f29=0x7fc00000
     311585.000 ns	     31157	80006900	a13f2253	feq.s	x4,f30,f19	 f30:0x7fc00000 f19:0x7fc00000  x4=0x00000000
     311605.000 ns	     31159	80006904	b0907613	andi	x12,x0,-1271	  x0:0x00000000 x12=0x00000000
     311625.000 ns	     31161	80006908	03dfe2b3	rem	x5,x31,x29	 x31:0xfffffffe x29:0x00000000  x5=0xfffffffe
     311655.000 ns	     31164	8000690c	03b19bb3	mulh	x23,x3,x27	  x3:0x00000000 x27:0x00000001 x23=0x00000000
     311675.000 ns	     31166	80006910	00000013	addi	x0,x0,0	  x0:0x00000000
     311685.000 ns	     31167	80006914	00000013	addi	x0,x0,0	  x0:0x00000000
     311695.000 ns	     31168	80006918	7a5bfe93	andi	x29,x23,1957	 x23:0x00000000 x29=0x00000000
     311705.000 ns	     31169	8000691c	012d5b93	srli	x23,x26,0x12	 x26:0x0e392981 x23=0x0000038e
     311715.000 ns	     31170	80006920	101fcf93	xori	x31,x31,257	 x31:0xfffffffe x31=0xfffffeff
     311725.000 ns	     31171	80006924	45660413	addi	x8,x12,1110	 x12:0x00000000  x8=0x00000456
     312085.000 ns	     31207	80006928	03b8ec33	rem	x24,x17,x27	 x17:0x00000001 x27:0x00000001 x24=0x00000000
     312105.000 ns	     31209	8000692c	f83fd837	lui	x16,0xf83fd	 x16=0xf83fd000
     312115.000 ns	     31210	80006930	6df3c037	lui	x0,0x6df3c	
     312125.000 ns	     31211	80006934	00625bb3	srl	x23,x4,x6	  x4:0x00000000  x6:0x80041024 x23=0x00000000
     312135.000 ns	     31212	80006938	405f02b3	sub	x5,x30,x5	 x30:0x00000000  x5:0xfffffffe  x5=0x00000002
     312145.000 ns	     31213	8000693c	73db7397	auipc	x7,0x73db7	  x7=0xf3dbd93c
     312155.000 ns	     31214	80006940	41f25e13	srai	x28,x4,0x1f	  x4:0x00000000 x28=0x00000000
     312175.000 ns	     31216	80006944	f0098e53	fmv.w.x	f28,x19	 x19:0x80040fe4 f28=0x80040fe4
     312195.000 ns	     31218	80006948	0084d0b3	srl	x1,x9,x8	  x9:0x00000010  x8:0x00000456  x1=0x00000000
     312215.000 ns	     31220	8000694c	e00b1453	fclass.s	x8,f22	 f22:0x7fc00000  x8=0x00000200
     312235.000 ns	     31222	80006950	419d5233	sra	x4,x26,x25	 x26:0x0e392981 x25:0x0e392982  x4=0x038e4a60
     312245.000 ns	     31223	80006954	abd9b913	sltiu	x18,x19,-1347	 x19:0x80040fe4 x18=0x00000001
     312265.000 ns	     31225	80006958	e00f01d3	fmv.x.w	x3,f30	 f30:0x7fc00000  x3=0x7fc00000
     312295.000 ns	     31228	8000695c	a03ea753	feq.s	x14,f29,f3	 f29:0x7fc00000  f3:0x7fc00000 x14=0x00000000
     312665.000 ns	     31265	80006960	036cd533	divu	x10,x25,x22	 x25:0x0e392982 x22:0xffffffff x10=0x00000000
     312715.000 ns	     31270	80006964	09307d53	fsub.s	f26,f0,f19	  f0:0x7fc00000 f19:0x7fc00000 f26=0x7fc00000
     312735.000 ns	     31272	80006968	00000013	addi	x0,x0,0	  x0:0x00000000
     312755.000 ns	     31274	8000696c	28f21ed3	fmax.s	f29,f4,f15	  f4:0x7fc00000 f15:0x0000048c f29=0x0000048c
     312775.000 ns	     31276	80006970	92c70013	addi	x0,x14,-1748	 x14:0x00000000
     312795.000 ns	     31278	80006974	f00a00d3	fmv.w.x	f1,x20	 x20:0xffffffff  f1=0xffffffff
     312825.000 ns	     31281	80006978	027e0ab3	mul	x21,x28,x7	 x28:0x00000000  x7:0xf3dbd93c x21=0x00000000
     312845.000 ns	     31283	8000697c	000af533	and	x10,x21,x0	 x21:0xffdf7ee8  x0:0x00000000 x10=0x00000000
     312855.000 ns	     31284	80006980	2d66a713	slti	x14,x13,726	 x13:0x00000000 x14=0x00000001
     312865.000 ns	     31285	80006984	3383e937	lui	x18,0x3383e	 x18=0x3383e000
     312885.000 ns	     31287	80006988	a0db2653	feq.s	x12,f22,f13	 f22:0x7fc00000 f13:0x7fc00000 x12=0x00000000
     312915.000 ns	     31290	8000698c	02a14833	div	x16,x2,x10	  x2:0xc4a8a000 x10:0x00000000 x16=0xffffffff
     312945.000 ns	     31293	80006990	c000f8d3	fcvt.w.s	x17,f1	  f1:0xffffffff x17=0x7fffffff
     312975.000 ns	     31296	80006994	03e7cd33	div	x26,x15,x30	 x15:0x80040fe4 x30:0x00000000 x26=0xffffffff
     313005.000 ns	     31299	80006998	d0022dd3	fcvt.s.w	f27,x4	  x4:0x038e4a60 f27=0x4c639298
     313025.000 ns	     31301	8000699c	e6d2b493	sltiu	x9,x5,-403	  x5:0x00000002  x9=0x00000001
     313045.000 ns	     31303	800069a0	03099133	mulh	x2,x19,x16	 x19:0x80040fe4 x16:0xffffffff  x2=0x00000000
     313075.000 ns	     31306	800069a4	036b1b33	mulh	x22,x22,x22	 x22:0xffffffff x22:0xffffffff x22=0x00000000
     313095.000 ns	     31308	800069a8	46c78d13	addi	x26,x15,1132	 x15:0x80040fe4 x26=0x80041450
     313105.000 ns	     31309	800069ac	08c52417	auipc	x8,0x8c52	  x8=0x88c589ac
     313115.000 ns	     31310	800069b0	01ff9593	slli	x11,x31,0x1f	 x31:0xfffffeff x11=0x80000000
     313125.000 ns	     31311	800069b4	d781a3b7	lui	x7,0xd781a	  x7=0xd781a000
     313145.000 ns	     31313	800069b8	a1ef01d3	fle.s	x3,f30,f30	 f30:0x7fc00000 f30:0x7fc00000  x3=0x00000000
     313175.000 ns	     31316	800069bc	d018f1d3	fcvt.s.wu	f3,x17	 x17:0x7fffffff  f3=0x4effffff
     313205.000 ns	     31319	800069c0	02c26b33	rem	x22,x4,x12	  x4:0x038e4a60 x12:0x00000000 x22=0x038e4a60
     313235.000 ns	     31322	800069c4	28158053	fmin.s	f0,f11,f1	 f11:0xffc00000  f1:0xffffffff  f0=0x7fc00000
     313255.000 ns	     31324	800069c8	6d93b213	sltiu	x4,x7,1753	  x7:0xd781a000  x4=0x00000000
     313265.000 ns	     31325	800069cc	2b2be293	ori	x5,x23,690	 x23:0x00000000  x5=0x000002b2
     313285.000 ns	     31327	800069d0	e0011453	fclass.s	x8,f2	  f2:0x7fc00000  x8=0x00000200
     313315.000 ns	     31330	800069d4	21e804d3	fsgnj.s	f9,f16,f30	 f16:0x0000048c f30:0x7fc00000  f9=0x0000048c
     313685.000 ns	     31367	800069d8	0265db33	divu	x22,x11,x6	 x11:0x80000000  x6:0x80041024 x22=0x00000000
     313705.000 ns	     31369	800069dc	00720933	add	x18,x4,x7	  x4:0x00000000  x7:0xd781a000 x18=0xd781a000
     313725.000 ns	     31371	800069e0	20762a53	fsgnjx.s	f20,f12,f7	 f12:0x7fc00000  f7:0x7fc00000 f20=0x7fc00000
     313765.000 ns	     31375	800069e4	1919f9d3	fdiv.s	f19,f19,f17	 f19:0x7fc00000 f17:0x7fc00000 f19=0x7fc00000
     313785.000 ns	     31377	800069e8	00911693	slli	x13,x2,0x9	  x2:0x00000000 x13=0x00000000
     313805.000 ns	     31379	800069ec	0361b3b3	mulhu	x7,x3,x22	  x3:0x00000000 x22:0x00000000  x7=0x00000000
     313835.000 ns	     31382	800069f0	28960253	fmin.s	f4,f12,f9	 f12:0x7fc00000  f9:0x0000048c  f4=0x0000048c
     313875.000 ns	     31386	800069f4	10959453	fmul.s	f8,f11,f9	 f11:0xffc00000  f9:0x0000048c  f8=0x7fc00000
     313905.000 ns	     31389	800069f8	c00d7a53	fcvt.w.s	x20,f26	 f26:0x7fc00000 x20=0x7fffffff
     313925.000 ns	     31391	800069fc	005270b3	and	x1,x4,x5	  x4:0x00000000  x5:0x000002b2  x1=0x00000000
     313935.000 ns	     31392	80006a00	010cd9b3	srl	x19,x25,x16	 x25:0x0e392982 x16:0xffffffff x19=0x00000000
     313955.000 ns	     31394	80006a04	03a80933	mul	x18,x16,x26	 x16:0xffffffff x26:0x80041450 x18=0x7ffbebb0
     313985.000 ns	     31397	80006a08	21620553	fsgnj.s	f10,f4,f22	  f4:0x0000048c f22:0x7fc00000 f10=0x0000048c
     314005.000 ns	     31399	80006a0c	00000013	addi	x0,x0,0	  x0:0x00000000
     314015.000 ns	     31400	80006a10	005d1e13	slli	x28,x26,0x5	 x26:0x80041450 x28=0x00828a00
     314025.000 ns	     31401	80006a14	530f3e93	sltiu	x29,x30,1328	 x30:0x00000000 x29=0x00000001
     314035.000 ns	     31402	80006a18	01b82b33	slt	x22,x16,x27	 x16:0xffffffff x27:0x00000001 x22=0x00000001
     314045.000 ns	     31403	80006a1c	01255bb3	srl	x23,x10,x18	 x10:0x00000000 x18:0x7ffbebb0 x23=0x00000000
     314055.000 ns	     31404	80006a20	009060b3	or	x1,x0,x9	  x0:0x00000000  x9:0x00000001  x1=0x00000001
     314065.000 ns	     31405	80006a24	ff0e0913	addi	x18,x28,-16	 x28:0x00828a00 x18=0x008289f0
     314105.000 ns	     31409	80006a28	0011f753	fadd.s	f14,f3,f1	  f3:0x4effffff  f1:0xffffffff f14=0x7fc00000
     314125.000 ns	     31411	80006a2c	00ab9233	sll	x4,x23,x10	 x23:0x00000000 x10:0x00000000  x4=0x00000000
     314135.000 ns	     31412	80006a30	016e36b3	sltu	x13,x28,x22	 x28:0x00828a00 x22:0x00000001 x13=0x00000000
     314145.000 ns	     31413	80006a34	00db5f33	srl	x30,x22,x13	 x22:0x00000001 x13:0x00000000 x30=0x00000001
     314155.000 ns	     31414	80006a38	01505713	srli	x14,x0,0x15	  x0:0x00000000 x14=0x00000000
     314175.000 ns	     31416	80006a3c	02ef50b3	divu	x1,x30,x14	 x30:0x00000000 x14:0x00000001  x1=0xffffffff
     314205.000 ns	     31419	80006a40	a05322d3	feq.s	x5,f6,f5	  f6:0x8000048c  f5:0x8000048c  x5=0x00000001
     314225.000 ns	     31421	80006a44	01135413	srli	x8,x6,0x11	  x6:0x80041024  x8=0x00004002
     314235.000 ns	     31422	80006a48	4011d8b3	sra	x17,x3,x1	  x3:0x00000000  x1:0xffffffff x17=0x00000000
     314595.000 ns	     31458	80006a4c	03657e33	remu	x28,x10,x22	 x10:0x00000000 x22:0x00000001 x28=0x00000000
     314615.000 ns	     31460	80006a50	009f2933	slt	x18,x30,x9	 x30:0x00000001  x9:0x00000001 x18=0x00000000
     314625.000 ns	     31461	80006a54	00f88c33	add	x24,x17,x15	 x17:0x00000000 x15:0x80040fe4 x24=0x80040fe4
     314665.000 ns	     31465	80006a58	09514053	fsub.s	f0,f2,f21	  f2:0x7fc00000 f21:0xceffffff  f0=0x7fc00000
     314715.000 ns	     31470	80006a5c	001d4cd3	fadd.s	f25,f26,f1	 f26:0x7fc00000  f1:0xffffffff f25=0x7fc00000
     314745.000 ns	     31473	80006a60	215822d3	fsgnjx.s	f5,f16,f21	 f16:0x0000048c f21:0xceffffff  f5=0x8000048c
     314765.000 ns	     31475	80006a64	4199da33	sra	x20,x19,x25	 x19:0x00000000 x25:0x0e392982 x20=0x00000000
     314785.000 ns	     31477	80006a68	03ab2db3	mulhsu	x27,x22,x26	 x22:0x00000001 x26:0x80041450 x27=0x00000000
     314815.000 ns	     31480	80006a6c	d0111ad3	fcvt.s.wu	f21,x2	  x2:0x00000000 f21=0x00000000
     314835.000 ns	     31482	80006a70	23746e97	auipc	x29,0x23746	 x29=0xa374ca70
     314855.000 ns	     31484	80006a74	02d0c5b3	div	x11,x1,x13	  x1:0xffffffff x13:0x00000000 x11=0xffffffff
     314885.000 ns	     31487	80006a78	03c77bb3	remu	x23,x14,x28	 x14:0x00000000 x28:0x00000000 x23=0x00000000
     314915.000 ns	     31490	80006a7c	02bda2b3	mulhsu	x5,x27,x11	 x27:0x00000000 x11:0xffffffff  x5=0x00000000
     314945.000 ns	     31493	80006a80	202e0653	fsgnj.s	f12,f28,f2	 f28:0x80040fe4  f2:0x7fc00000 f12=0x00040fe4
     314965.000 ns	     31495	80006a84	00000013	addi	x0,x0,0	  x0:0x00000000
     314975.000 ns	     31496	80006a88	11e88513	addi	x10,x17,286	 x17:0x00000000 x10=0x0000011e
     314985.000 ns	     31497	80006a8c	01409b33	sll	x22,x1,x20	  x1:0xffffffff x20:0x00000000 x22=0xffffffff
     314995.000 ns	     31498	80006a90	081c5037	lui	x0,0x81c5	
     315005.000 ns	     31499	80006a94	772132b7	lui	x5,0x77213	  x5=0x77213000
     315015.000 ns	     31500	80006a98	41778b33	sub	x22,x15,x23	 x15:0x80040fe4 x23:0x00000000 x22=0x80040fe4
     315035.000 ns	     31502	80006a9c	d017cc53	fcvt.s.wu	f24,x15	 x15:0x80040fe4 f24=0x4f000410
     315055.000 ns	     31504	80006aa0	01784933	xor	x18,x16,x23	 x16:0xffffffff x23:0x00000000 x18=0xffffffff
     315075.000 ns	     31506	80006aa4	02c851b3	divu	x3,x16,x12	 x16:0xffffffff x12:0x00000000  x3=0xffffffff
     315105.000 ns	     31509	80006aa8	2060a253	fsgnjx.s	f4,f1,f6	  f1:0xffffffff  f6:0x8000048c  f4=0x7fffffff
     315135.000 ns	     31512	80006aac	02405fb3	divu	x31,x0,x4	  x0:0x00000000  x4:0x00000000 x31=0xffffffff
     315175.000 ns	     31516	80006ab0	58003cd3	fsqrt.s	f25,f0	  f0:0x7fc00000 f25=0x7fc00000
     315205.000 ns	     31519	80006ab4	033a92b3	mulh	x5,x21,x19	 x21:0x00000000 x19:0x00000000  x5=0x00000000
     315235.000 ns	     31522	80006ab8	c0040453	fcvt.w.s	x8,f8	  f8:0x7fc00000  x8=0x7fffffff
     315605.000 ns	     31559	80006abc	03a17033	remu	x0,x2,x26	  x2:0x00000000 x26:0x80041450
     315625.000 ns	     31561	80006ac0	009f7d33	and	x26,x30,x9	 x30:0x00000001  x9:0x00000001 x26=0x00000001
     315645.000 ns	     31563	80006ac4	213624d3	fsgnjx.s	f9,f12,f19	 f12:0x00040fe4 f19:0x7fc00000  f9=0x00040fe4
     315675.000 ns	     31566	80006ac8	03c81b33	mulh	x22,x16,x28	 x16:0xffffffff x28:0x00000000 x22=0x00000000
     315695.000 ns	     31568	80006acc	ae322117	auipc	x2,0xae322	  x2=0x2e328acc
     315715.000 ns	     31570	80006ad0	21412553	fsgnjx.s	f10,f2,f20	  f2:0x7fc00000 f20:0x7fc00000 f10=0x7fc00000
     315735.000 ns	     31572	80006ad4	00ef9d33	sll	x26,x31,x14	 x31:0xffffffff x14:0x00000000 x26=0xffffffff
     315755.000 ns	     31574	80006ad8	a0298d53	fle.s	x26,f19,f2	 f19:0x7fc00000  f2:0x7fc00000 x26=0x00000000
     315785.000 ns	     31577	80006adc	d011a1d3	fcvt.s.wu	f3,x3	  x3:0xffffffff  f3=0x4f800000
     315805.000 ns	     31579	80006ae0	37546693	ori	x13,x8,885	  x8:0x7fffffff x13=0x7fffffff
     315825.000 ns	     31581	80006ae4	035c65b3	rem	x11,x24,x21	 x24:0x80040fe4 x21:0x00000000 x11=0x80040fe4
     315845.000 ns	     31583	80006ae8	005d5c13	srli	x24,x26,0x5	 x26:0x00000000 x24=0x00000000
     315855.000 ns	     31584	80006aec	00cd9f13	slli	x30,x27,0xc	 x27:0x00000000 x30=0x00000000
     315875.000 ns	     31586	80006af0	d01a71d3	fcvt.s.wu	f3,x20	 x20:0x00000000  f3=0x00000000
     315915.000 ns	     31590	80006af4	11257653	fmul.s	f12,f10,f18	 f10:0x7fc00000 f18:0x7fc00000 f12=0x7fc00000
     316285.000 ns	     31627	80006af8	022e6fb3	rem	x31,x28,x2	 x28:0x00000000  x2:0x2e328acc x31=0x00000000
     316305.000 ns	     31629	80006afc	002278b3	and	x17,x4,x2	  x4:0x00000000  x2:0x2e328acc x17=0x00000000
     316315.000 ns	     31630	80006b00	00af3a33	sltu	x20,x30,x10	 x30:0x00000000 x10:0x0000011e x20=0x00000001
     316335.000 ns	     31632	80006b04	e00298d3	fclass.s	x17,f5	  f5:0x8000048c x17=0x00000004
     316385.000 ns	     31637	80006b08	09121fd3	fsub.s	f31,f4,f17	  f4:0x7fffffff f17:0x7fc00000 f31=0x7fc00000
     316415.000 ns	     31640	80006b0c	036fb133	mulhu	x2,x31,x22	 x31:0x00000000 x22:0x00000000  x2=0x00000000
     316445.000 ns	     31643	80006b10	02e872b3	remu	x5,x16,x14	 x16:0xffffffff x14:0x00000000  x5=0xffffffff
     316465.000 ns	     31645	80006b14	84762d13	slti	x26,x12,-1977	 x12:0x00000000 x26=0x00000000
     316475.000 ns	     31646	80006b18	01d5b833	sltu	x16,x11,x29	 x11:0x80040fe4 x29:0xa374ca70 x16=0x00000001
     316485.000 ns	     31647	80006b1c	012904b3	add	x9,x18,x18	 x18:0xffffffff x18:0xffffffff  x9=0xfffffffe
     316505.000 ns	     31649	80006b20	e00313d3	fclass.s	x7,f6	  f6:0x8000048c  x7=0x00000004
     316525.000 ns	     31651	80006b24	00d05a13	srli	x20,x0,0xd	  x0:0x00000000 x20=0x00000000
     316545.000 ns	     31653	80006b28	20bd9753	fsgnjn.s	f14,f27,f11	 f27:0x4c639298 f11:0xffc00000 f14=0x4c639298
     316565.000 ns	     31655	80006b2c	cc443e13	sltiu	x28,x8,-828	  x8:0x7fffffff x28=0x00000001
     316575.000 ns	     31656	80006b30	3e5d2293	slti	x5,x26,997	 x26:0x00000000  x5=0x00000001
     316595.000 ns	     31658	80006b34	f0020bd3	fmv.w.x	f23,x4	  x4:0x00000000 f23=0x00000000
     316625.000 ns	     31661	80006b38	0395af33	mulhsu	x30,x11,x25	 x11:0x80040fe4 x25:0x0e392982 x30=0xf8e3a505
     316645.000 ns	     31663	80006b3c	efee6897	auipc	x17,0xefee6	 x17=0x6feecb3c
     316665.000 ns	     31665	80006b40	028cb8b3	mulhu	x17,x25,x8	 x25:0x0e392982  x8:0x7fffffff x17=0x071c94c0
     316695.000 ns	     31668	80006b44	03bbf9b3	remu	x19,x23,x27	 x23:0x00000000 x27:0x00000000 x19=0x00000000
     316725.000 ns	     31671	80006b48	e00e9953	fclass.s	x18,f29	 f29:0x0000048c x18=0x00000020
     316755.000 ns	     31674	80006b4c	a0338fd3	fle.s	x31,f7,f3	  f7:0x7fc00000  f3:0x00000000 x31=0x00000000
     316785.000 ns	     31677	80006b50	e0031fd3	fclass.s	x31,f6	  f6:0x8000048c x31=0x00000004
     316815.000 ns	     31680	80006b54	0258a133	mulhsu	x2,x17,x5	 x17:0x071c94c0  x5:0x00000001  x2=0x00000000
     316835.000 ns	     31682	80006b58	010a4633	xor	x12,x20,x16	 x20:0x00000000 x16:0x00000001 x12=0x00000001
     316845.000 ns	     31683	80006b5c	846c3c13	sltiu	x24,x24,-1978	 x24:0x00000000 x24=0x00000001
     316855.000 ns	     31684	80006b60	000116b3	sll	x13,x2,x0	  x2:0x00000000  x0:0x00000000 x13=0x00000000
     316865.000 ns	     31685	80006b64	786fea93	ori	x21,x31,1926	 x31:0x00000004 x21=0x00000786
     316875.000 ns	     31686	80006b68	69584e93	xori	x29,x16,1685	 x16:0x00000001 x29=0x00000694
     316895.000 ns	     31688	80006b6c	28531bd3	fmax.s	f23,f6,f5	  f6:0x8000048c  f5:0x8000048c f23=0x8000048c
     316915.000 ns	     31690	80006b70	00fad213	srli	x4,x21,0xf	 x21:0x00000786  x4=0x00000000
     316925.000 ns	     31691	80006b74	23517bb7	lui	x23,0x23517	 x23=0x23517000
     316945.000 ns	     31693	80006b78	a1fe9f53	flt.s	x30,f29,f31	 f29:0x0000048c f31:0x7fc00000 x30=0x00000000
     316965.000 ns	     31695	80006b7c	c22ef193	andi	x3,x29,-990	 x29:0x00000694  x3=0x00000400
     316975.000 ns	     31696	80006b80	01641d93	slli	x27,x8,0x16	  x8:0x7fffffff x27=0xffc00000
     316995.000 ns	     31698	80006b84	28720453	fmin.s	f8,f4,f7	  f4:0x7fffffff  f7:0x7fc00000  f8=0x7fc00000
     317035.000 ns	     31702	80006b88	1995f453	fdiv.s	f8,f11,f25	 f11:0xffc00000 f25:0x7fc00000  f8=0x7fc00000
     317065.000 ns	     31705	80006b8c	29b40ed3	fmin.s	f29,f8,f27	  f8:0x7fc00000 f27:0x4c639298 f29=0x4c639298
     317115.000 ns	     31710	80006b90	01957553	fadd.s	f10,f10,f25	 f10:0x7fc00000 f25:0x7fc00000 f10=0x7fc00000
     317135.000 ns	     31712	80006b94	3bfe7513	andi	x10,x28,959	 x28:0x00000001 x10=0x00000001
     317155.000 ns	     31714	80006b98	d0079253	fcvt.s.w	f4,x15	 x15:0x80040fe4  f4=0xcefff7e0
     317185.000 ns	     31717	80006b9c	03abab33	mulhsu	x22,x23,x26	 x23:0x23517000 x26:0x00000000 x22=0x00000000
     317215.000 ns	     31720	80006ba0	212e9cd3	fsgnjn.s	f25,f29,f18	 f29:0x4c639298 f18:0x7fc00000 f25=0xcc639298
     317245.000 ns	     31723	80006ba4	a1440253	fle.s	x4,f8,f20	  f8:0x7fc00000 f20:0x7fc00000  x4=0x00000000
     317275.000 ns	     31726	80006ba8	d004f853	fcvt.s.w	f16,x9	  x9:0xfffffffe f16=0xc0000000
     317305.000 ns	     31729	80006bac	c01a9853	fcvt.wu.s	x16,f21	 f21:0x00000000 x16=0x00000000
     317675.000 ns	     31766	80006bb0	03f74bb3	div	x23,x14,x31	 x14:0x00000000 x31:0x00000004 x23=0x00000000
     317695.000 ns	     31768	80006bb4	d632bb93	sltiu	x23,x5,-669	  x5:0x00000001 x23=0x00000001
     317715.000 ns	     31770	80006bb8	02de7d33	remu	x26,x28,x13	 x28:0x00000001 x13:0x00000000 x26=0x00000001
     317745.000 ns	     31773	80006bbc	a00a16d3	flt.s	x13,f20,f0	 f20:0x7fc00000  f0:0x7fc00000 x13=0x00000000
     318115.000 ns	     31810	80006bc0	032660b3	rem	x1,x12,x18	 x12:0x00000001 x18:0x00000020  x1=0x00000001
     318145.000 ns	     31813	80006bc4	020c7933	remu	x18,x24,x0	 x24:0x00000001  x0:0x00000000 x18=0x00000001
     318165.000 ns	     31815	80006bc8	0039d9b3	srl	x19,x19,x3	 x19:0x00000000  x3:0x00000400 x19=0x00000000
     318175.000 ns	     31816	80006bcc	aec6b393	sltiu	x7,x13,-1300	 x13:0x00000000  x7=0x00000001
     318185.000 ns	     31817	80006bd0	40895893	srai	x17,x18,0x8	 x18:0x00000001 x17=0x00000000
     318195.000 ns	     31818	80006bd4	a4127593	andi	x11,x4,-1471	  x4:0x00000000 x11=0x00000000
     318215.000 ns	     31820	80006bd8	022d3eb3	mulhu	x29,x26,x2	 x26:0x00000001  x2:0x00000000 x29=0x00000000
     318235.000 ns	     31822	80006bdc	4022d493	srai	x9,x5,0x2	  x5:0x00000001  x9=0x00000000
     318255.000 ns	     31824	80006be0	03006c33	rem	x24,x0,x16	  x0:0x00000000 x16:0x00000000 x24=0x00000000
     318295.000 ns	     31828	80006be4	580e73d3	fsqrt.s	f7,f28	 f28:0x80040fe4  f7=0x7fc00000
     318315.000 ns	     31830	80006be8	00e5fb33	and	x22,x11,x14	 x11:0x00000000 x14:0x00000000 x22=0x00000000
     318345.000 ns	     31833	80006bec	18041453	fdiv.s	f8,f8,f0	  f8:0x7fc00000  f0:0x7fc00000  f8=0x7fc00000
     318375.000 ns	     31836	80006bf0	20b400d3	fsgnj.s	f1,f8,f11	  f8:0x7fc00000 f11:0xffc00000  f1=0xffc00000
     318395.000 ns	     31838	80006bf4	00ddda33	srl	x20,x27,x13	 x27:0xffc00000 x13:0x00000000 x20=0xffc00000
     318405.000 ns	     31839	80006bf8	00000013	addi	x0,x0,0	  x0:0x00000000
     318415.000 ns	     31840	80006bfc	01469493	slli	x9,x13,0x14	 x13:0x00000000  x9=0x00000000
     318425.000 ns	     31841	80006c00	6f1aeb13	ori	x22,x21,1777	 x21:0x00000786 x22=0x000007f7
     318445.000 ns	     31843	80006c04	03db0eb3	mul	x29,x22,x29	 x22:0x00000000 x29:0x00000000 x29=0x00000000
     318475.000 ns	     31846	80006c08	d00eb8d3	fcvt.s.w	f17,x29	 x29:0x00000000 f17=0x00000000
     318505.000 ns	     31849	80006c0c	a0ff2b53	feq.s	x22,f30,f15	 f30:0x7fc00000 f15:0x0000048c x22=0x00000000
     318535.000 ns	     31852	80006c10	29a51d53	fmax.s	f26,f10,f26	 f10:0x7fc00000 f26:0x7fc00000 f26=0x7fc00000
     318555.000 ns	     31854	80006c14	00000013	addi	x0,x0,0	  x0:0x00000000
     318575.000 ns	     31856	80006c18	212a9a53	fsgnjn.s	f20,f21,f18	 f21:0x00000000 f18:0x7fc00000 f20=0x80000000
     318595.000 ns	     31858	80006c1c	00f33e33	sltu	x28,x6,x15	  x6:0x80041024 x15:0x80040fe4 x28=0x00000000
     318605.000 ns	     31859	80006c20	ddeaed93	ori	x27,x21,-546	 x21:0x00000786 x27=0xffffffde
     318635.000 ns	     31862	80006c24	19fbae53	fdiv.s	f28,f23,f31	 f23:0x8000048c f31:0x7fc00000 f28=0x7fc00000
     318665.000 ns	     31865	80006c28	03809a33	mulh	x20,x1,x24	  x1:0x00000001 x24:0x00000000 x20=0x00000000
     318695.000 ns	     31868	80006c2c	212f12d3	fsgnjn.s	f5,f30,f18	 f30:0x7fc00000 f18:0x7fc00000  f5=0xffc00000
     318715.000 ns	     31870	80006c30	003baeb3	slt	x29,x23,x3	 x23:0x00000001  x3:0x00000400 x29=0x00000001
     318735.000 ns	     31872	80006c34	d00bf8d3	fcvt.s.w	f17,x23	 x23:0x00000001 f17=0x3f800000
     318765.000 ns	     31875	80006c38	e00e1253	fclass.s	x4,f28	 f28:0x7fc00000  x4=0x00000200
     318785.000 ns	     31877	80006c3c	0118ef33	or	x30,x17,x17	 x17:0x00000000 x17:0x00000000 x30=0x00000000
     318825.000 ns	     31881	80006c40	0009f7d3	fadd.s	f15,f19,f0	 f19:0x7fc00000  f0:0x7fc00000 f15=0x7fc00000
     318845.000 ns	     31883	80006c44	f7221837	lui	x16,0xf7221	 x16=0xf7221000
     318855.000 ns	     31884	80006c48	01da8db3	add	x27,x21,x29	 x21:0x00000786 x29:0x00000001 x27=0x00000787
     318865.000 ns	     31885	80006c4c	01c9e5b3	or	x11,x19,x28	 x19:0x00000000 x28:0x00000000 x11=0x00000000
     318885.000 ns	     31887	80006c50	027905b3	mul	x11,x18,x7	 x18:0x00000001  x7:0x00000001 x11=0x00000001
     319255.000 ns	     31924	80006c54	02657033	remu	x0,x10,x6	 x10:0x00000001  x6:0x80041024
     319285.000 ns	     31927	80006c58	a0d40953	fle.s	x18,f8,f13	  f8:0x7fc00000 f13:0x7fc00000 x18=0x00000000
     319305.000 ns	     31929	80006c5c	27407ab7	lui	x21,0x27407	 x21=0x27407000
     319325.000 ns	     31931	80006c60	2159a5d3	fsgnjx.s	f11,f19,f21	 f19:0x7fc00000 f21:0x00000000 f11=0x7fc00000
     319345.000 ns	     31933	80006c64	84163637	lui	x12,0x84163	 x12=0x84163000
     319365.000 ns	     31935	80006c68	a04b1bd3	flt.s	x23,f22,f4	 f22:0x7fc00000  f4:0xcefff7e0 x23=0x00000000
     319385.000 ns	     31937	80006c6c	00c99b33	sll	x22,x19,x12	 x19:0x00000000 x12:0x00000001 x22=0x00000000
     319395.000 ns	     31938	80006c70	40dd5993	srai	x19,x26,0xd	 x26:0x00000001 x19=0x00000000
     319405.000 ns	     31939	80006c74	00ef25b3	slt	x11,x30,x14	 x30:0x00000000 x14:0x00000000 x11=0x00000000
     319415.000 ns	     31940	80006c78	00db2933	slt	x18,x22,x13	 x22:0x00000000 x13:0x00000000 x18=0x00000000
     319425.000 ns	     31941	80006c7c	92738413	addi	x8,x7,-1753	  x7:0x00000001  x8=0xfffff928
     319445.000 ns	     31943	80006c80	f0028f53	fmv.w.x	f30,x5	  x5:0x00000001 f30=0x00000001
     319465.000 ns	     31945	80006c84	00e99e33	sll	x28,x19,x14	 x19:0x00000000 x14:0x00000000 x28=0x00000000
     319485.000 ns	     31947	80006c88	029f31b3	mulhu	x3,x30,x9	 x30:0x00000000  x9:0x00000000  x3=0x00000000
     319515.000 ns	     31950	80006c8c	029621b3	mulhsu	x3,x12,x9	 x12:0x84163000  x9:0x00000000  x3=0x00000000
     319545.000 ns	     31953	80006c90	299211d3	fmax.s	f3,f4,f25	  f4:0xcefff7e0 f25:0xcc639298  f3=0xcc639298
     319565.000 ns	     31955	80006c94	00a18633	add	x12,x3,x10	  x3:0x00000000 x10:0x00000001 x12=0x00000001
     319575.000 ns	     31956	80006c98	414c88b3	sub	x17,x25,x20	 x25:0x0e392982 x20:0x00000000 x17=0x0e392982
     319595.000 ns	     31958	80006c9c	038615b3	mulh	x11,x12,x24	 x12:0x84163000 x24:0x00000000 x11=0x00000000
     319615.000 ns	     31960	80006ca0	01840fb3	add	x31,x8,x24	  x8:0xfffff928 x24:0x00000000 x31=0xfffff928
     319625.000 ns	     31961	80006ca4	00000013	addi	x0,x0,0	  x0:0x00000000
     319645.000 ns	     31963	80006ca8	02491ab3	mulh	x21,x18,x4	 x18:0x00000000  x4:0x00000200 x21=0x00000000
     319675.000 ns	     31966	80006cac	d0143f53	fcvt.s.wu	f30,x8	  x8:0xfffff928 f30=0x4f7ffffa
     319705.000 ns	     31969	80006cb0	02d75233	divu	x4,x14,x13	 x14:0x00000000 x13:0x00000000  x4=0xffffffff
     319755.000 ns	     31974	80006cb4	092d7e53	fsub.s	f28,f26,f18	 f26:0x7fc00000 f18:0x7fc00000 f28=0x7fc00000
     319795.000 ns	     31978	80006cb8	11363ad3	fmul.s	f21,f12,f19	 f12:0x7fc00000 f19:0x7fc00000 f21=0x7fc00000
     319815.000 ns	     31980	80006cbc	00e45093	srli	x1,x8,0xe	  x8:0xfffff928  x1=0x0003ffff
     319835.000 ns	     31982	80006cc0	031194b3	mulh	x9,x3,x17	  x3:0x00000000 x17:0x0e392982  x9=0x00000000
     319855.000 ns	     31984	80006cc4	71a73d13	sltiu	x26,x14,1818	 x14:0x00000000 x26=0x00000001
     319895.000 ns	     31988	80006cc8	08a914d3	fsub.s	f9,f18,f10	 f18:0x7fc00000 f10:0x7fc00000  f9=0x7fc00000
     319935.000 ns	     31992	80006ccc	580a4b53	fsqrt.s	f22,f20	 f20:0x80000000 f22=0x80000000
     319965.000 ns	     31995	80006cd0	21378853	fsgnj.s	f16,f15,f19	 f15:0x7fc00000 f19:0x7fc00000 f16=0x7fc00000
     319995.000 ns	     31998	80006cd4	d0067853	fcvt.s.w	f16,x12	 x12:0x00000001 f16=0x3f800000
     320015.000 ns	     32000	80006cd8	00a0f5b3	and	x11,x1,x10	  x1:0x0003ffff x10:0x00000001 x11=0x00000001
     320045.000 ns	     32003	80006cdc	11b37c53	fmul.s	f24,f6,f27	  f6:0x8000048c f27:0x4c639298 f24=0x870157d2
     320095.000 ns	     32008	80006ce0	09f3ff53	fsub.s	f30,f7,f31	  f7:0x7fc00000 f31:0x7fc00000 f30=0x7fc00000
     320115.000 ns	     32010	80006ce4	eda3f893	andi	x17,x7,-294	  x7:0x00000001 x17=0x00000000
     320135.000 ns	     32012	80006ce8	023b4ab3	div	x21,x22,x3	 x22:0x00000000  x3:0x00000000 x21=0xffffffff
     320165.000 ns	     32015	80006cec	a06983d3	fle.s	x7,f19,f6	 f19:0x7fc00000  f6:0x8000048c  x7=0x00000000
     320195.000 ns	     32018	80006cf0	e0001153	fclass.s	x2,f0	  f0:0x7fc00000  x2=0x00000200
     320565.000 ns	     32055	80006cf4	03a146b3	div	x13,x2,x26	  x2:0x00000000 x26:0x00000001 x13=0x00000200
     320595.000 ns	     32058	80006cf8	02054f33	div	x30,x10,x0	 x10:0x00000001  x0:0x00000000 x30=0xffffffff
     320615.000 ns	     32060	80006cfc	d0346f93	ori	x31,x8,-765	  x8:0xfffff928 x31=0xfffffd2b
     320635.000 ns	     32062	80006d00	a1a48fd3	fle.s	x31,f9,f26	  f9:0x7fc00000 f26:0x7fc00000 x31=0x00000000
     320665.000 ns	     32065	80006d04	02ece9b3	rem	x19,x25,x14	 x25:0x0e392982 x14:0x00000000 x19=0x0e392982
     320685.000 ns	     32067	80006d08	00000013	addi	x0,x0,0	  x0:0x00000000
     320705.000 ns	     32069	80006d0c	03699933	mulh	x18,x19,x22	 x19:0x0e392982 x22:0x00000000 x18=0x00000000
     320735.000 ns	     32072	80006d10	022739b3	mulhu	x19,x14,x2	 x14:0x00000000  x2:0x00000200 x19=0x00000000
     320755.000 ns	     32074	80006d14	01bac733	xor	x14,x21,x27	 x21:0xffffffff x27:0x00000787 x14=0xfffff878
     320765.000 ns	     32075	80006d18	01145c13	srli	x24,x8,0x11	  x8:0xfffff928 x24=0x00007fff
     320775.000 ns	     32076	80006d1c	00717eb3	and	x29,x2,x7	  x2:0x00000200  x7:0x00000000 x29=0x00000000
     320795.000 ns	     32078	80006d20	0365aeb3	mulhsu	x29,x11,x22	 x11:0x00000001 x22:0x00000000 x29=0x00000000
     320815.000 ns	     32080	80006d24	00178eb3	add	x29,x15,x1	 x15:0x80040fe4  x1:0x0003ffff x29=0x80080fe3
     320835.000 ns	     32082	80006d28	f00b8cd3	fmv.w.x	f25,x23	 x23:0x00000000 f25=0x00000000
     320855.000 ns	     32084	80006d2c	a1cb0b17	auipc	x22,0xa1cb0	 x22=0x21cb6d2c
     320875.000 ns	     32086	80006d30	03f8c6b3	div	x13,x17,x31	 x17:0x00000000 x31:0x00000000 x13=0xffffffff
     320905.000 ns	     32089	80006d34	20762353	fsgnjx.s	f6,f12,f7	 f12:0x7fc00000  f7:0x7fc00000  f6=0x7fc00000
     320925.000 ns	     32091	80006d38	005143b3	xor	x7,x2,x5	  x2:0x00000200  x5:0x00000001  x7=0x00000201
     320935.000 ns	     32092	80006d3c	4cf14c13	xori	x24,x2,1231	  x2:0x00000200 x24=0x000006cf
     320945.000 ns	     32093	80006d40	73f96913	ori	x18,x18,1855	 x18:0x00000000 x18=0x0000073f
     320965.000 ns	     32095	80006d44	037f4a33	div	x20,x30,x23	 x30:0xffffffff x23:0x00000000 x20=0xffffffff
     320995.000 ns	     32098	80006d48	c011bed3	fcvt.wu.s	x29,f3	  f3:0xcc639298 x29=0x038e4a60
     321015.000 ns	     32100	80006d4c	61009937	lui	x18,0x61009	 x18=0x61009000
     321035.000 ns	     32102	80006d50	e00993d3	fclass.s	x7,f19	 f19:0x7fc00000  x7=0x00000200
     321055.000 ns	     32104	80006d54	f7ffba13	sltiu	x20,x31,-129	 x31:0x00000000 x20=0x00000001
     321085.000 ns	     32107	80006d58	580d7053	fsqrt.s	f0,f26	 f26:0x7fc00000  f0=0x7fc00000
     321115.000 ns	     32110	80006d5c	a0f691d3	flt.s	x3,f13,f15	 f13:0x7fc00000 f15:0x7fc00000  x3=0x00000000
     321145.000 ns	     32113	80006d60	0206f633	remu	x12,x13,x0	 x13:0xffffffff  x0:0x00000000 x12=0xffffffff
     321175.000 ns	     32116	80006d64	e0061e53	fclass.s	x28,f12	 f12:0x7fc00000 x28=0x00000200
     321205.000 ns	     32119	80006d68	d01bfdd3	fcvt.s.wu	f27,x23	 x23:0x00000000 f27=0x00000000
     321225.000 ns	     32121	80006d6c	01072fb3	slt	x31,x14,x16	 x14:0xfffff878 x16:0xf7221000 x31=0x00000000
     321235.000 ns	     32122	80006d70	74453393	sltiu	x7,x10,1860	 x10:0x00000001  x7=0x00000001
     321245.000 ns	     32123	80006d74	00000013	addi	x0,x0,0	  x0:0x00000000
     321255.000 ns	     32124	80006d78	01f5b533	sltu	x10,x11,x31	 x11:0x00000001 x31:0x00000000 x10=0x00000000
     321275.000 ns	     32126	80006d7c	a0538653	fle.s	x12,f7,f5	  f7:0x7fc00000  f5:0xffc00000 x12=0x00000000
     321305.000 ns	     32129	80006d80	217304d3	fsgnj.s	f9,f6,f23	  f6:0x7fc00000 f23:0x8000048c  f9=0xffc00000
     321335.000 ns	     32132	80006d84	02c79a33	mulh	x20,x15,x12	 x15:0x80040fe4 x12:0x00000000 x20=0x00000000
     321355.000 ns	     32134	80006d88	019c83b3	add	x7,x25,x25	 x25:0x0e392982 x25:0x0e392982  x7=0x1c725304
     321365.000 ns	     32135	80006d8c	01b61033	sll	x0,x12,x27	 x12:0x00000000 x27:0x00000787
     321375.000 ns	     32136	80006d90	4053dc33	sra	x24,x7,x5	  x7:0x00000001  x5:0x00000001 x24=0x0e392982
     321385.000 ns	     32137	80006d94	53a14893	xori	x17,x2,1338	  x2:0x00000200 x17=0x0000073a
     321395.000 ns	     32138	80006d98	01925433	srl	x8,x4,x25	  x4:0xffffffff x25:0x0e392982  x8=0x3fffffff
     321755.000 ns	     32174	80006d9c	031ed633	divu	x12,x29,x17	 x29:0x038e4a60 x17:0x00000000 x12=0x00007df6
     322125.000 ns	     32211	80006da0	025ffa33	remu	x20,x31,x5	 x31:0x00000000  x5:0x00000001 x20=0x00000000
     322145.000 ns	     32213	80006da4	6f9e8593	addi	x11,x29,1785	 x29:0x038e4a60 x11=0x038e5159
     322155.000 ns	     32214	80006da8	00113233	sltu	x4,x2,x1	  x2:0x00000200  x1:0x0003ffff  x4=0x00000001
     322165.000 ns	     32215	80006dac	00ebb933	sltu	x18,x23,x14	 x23:0x00000000 x14:0xfffff878 x18=0x00000001
     322175.000 ns	     32216	80006db0	00b3fb33	and	x22,x7,x11	  x7:0x1c725304 x11:0x038e5159 x22=0x00025100
     322185.000 ns	     32217	80006db4	013af0b3	and	x1,x21,x19	 x21:0xffffffff x19:0x00000000  x1=0x00000000
     322205.000 ns	     32219	80006db8	20ba0953	fsgnj.s	f18,f20,f11	 f20:0x80000000 f11:0x7fc00000 f18=0x00000000
     322225.000 ns	     32221	80006dbc	001c5f33	srl	x30,x24,x1	 x24:0x0e392982  x1:0x0003ffff x30=0x0e392982
     322235.000 ns	     32222	80006dc0	409e5a33	sra	x20,x28,x9	 x28:0x00000200  x9:0x00000000 x20=0x00000200
     322255.000 ns	     32224	80006dc4	a00784d3	fle.s	x9,f15,f0	 f15:0x7fc00000  f0:0x7fc00000  x9=0x00000000
     322285.000 ns	     32227	80006dc8	c01800d3	fcvt.wu.s	x1,f16	 f16:0x3f800000  x1=0x00000001
     322305.000 ns	     32229	80006dcc	00000013	addi	x0,x0,0	  x0:0x00000000
     322325.000 ns	     32231	80006dd0	a09da753	feq.s	x14,f27,f9	 f27:0x00000000  f9:0xffc00000 x14=0x00000000
     322355.000 ns	     32234	80006dd4	038331b3	mulhu	x3,x6,x24	  x6:0x80041024 x24:0x0e392982  x3=0x071cce8b
     322385.000 ns	     32237	80006dd8	f00380d3	fmv.w.x	f1,x7	  x7:0x1c725304  f1=0x1c725304
     322415.000 ns	     32240	80006ddc	e00816d3	fclass.s	x13,f16	 f16:0x3f800000 x13=0x00000040
     322435.000 ns	     32242	80006de0	004a3e33	sltu	x28,x20,x4	 x20:0x00000200  x4:0x00000001 x28=0x00000000
     322445.000 ns	     32243	80006de4	010f6933	or	x18,x30,x16	 x30:0x0e392982 x16:0xf7221000 x18=0xff3b3982
     322465.000 ns	     32245	80006de8	d004fed3	fcvt.s.w	f29,x9	  x9:0x00000000 f29=0x00000000
     322835.000 ns	     32282	80006dec	026fc3b3	div	x7,x31,x6	 x31:0x00000000  x6:0x80041024  x7=0x00000000
     322865.000 ns	     32285	80006df0	219499d3	fsgnjn.s	f19,f9,f25	  f9:0xffc00000 f25:0x00000000 f19=0xffc00000
     322895.000 ns	     32288	80006df4	21fbaa53	fsgnjx.s	f20,f23,f31	 f23:0x8000048c f31:0x7fc00000 f20=0x8000048c
     322915.000 ns	     32290	80006df8	00b55a33	srl	x20,x10,x11	 x10:0x00000000 x11:0x038e5159 x20=0x00000000
     322935.000 ns	     32292	80006dfc	21130f53	fsgnj.s	f30,f6,f17	  f6:0x7fc00000 f17:0x3f800000 f30=0x7fc00000
     322975.000 ns	     32296	80006e00	11e7cbd3	fmul.s	f23,f15,f30	 f15:0x7fc00000 f30:0x7fc00000 f23=0x7fc00000
     323005.000 ns	     32299	80006e04	0378feb3	remu	x29,x17,x23	 x17:0x0000073a x23:0x00000000 x29=0x0000073a
     323045.000 ns	     32303	80006e08	580227d3	fsqrt.s	f15,f4	  f4:0xcefff7e0 f15=0x7fc00000
     323065.000 ns	     32305	80006e0c	68150893	addi	x17,x10,1665	 x10:0x00000000 x17=0x00000681
     323085.000 ns	     32307	80006e10	29c39853	fmax.s	f16,f7,f28	  f7:0x7fc00000 f28:0x7fc00000 f16=0x7fc00000
     323135.000 ns	     32312	80006e14	087c4253	fsub.s	f4,f24,f7	 f24:0x870157d2  f7:0x7fc00000  f4=0x7fc00000
     323155.000 ns	     32314	80006e18	019d0633	add	x12,x26,x25	 x26:0x00000001 x25:0x0e392982 x12=0x0e392983
     323515.000 ns	     32350	80006e1c	02d54933	div	x18,x10,x13	 x10:0x00000000 x13:0x00000040 x18=0x00000000
     323885.000 ns	     32387	80006e20	03924e33	div	x28,x4,x25	  x4:0x00000001 x25:0x0e392982 x28=0x00000000
     323915.000 ns	     32390	80006e24	034e38b3	mulhu	x17,x28,x20	 x28:0x00000000 x20:0x00000000 x17=0x00000000
     323945.000 ns	     32393	80006e28	a1a599d3	flt.s	x19,f11,f26	 f11:0x7fc00000 f26:0x7fc00000 x19=0x00000000
     323975.000 ns	     32396	80006e2c	c018bdd3	fcvt.wu.s	x27,f17	 f17:0x3f800000 x27=0x00000001
     324015.000 ns	     32400	80006e30	58017f53	fsqrt.s	f30,f2	  f2:0x7fc00000 f30=0x7fc00000
     324055.000 ns	     32404	80006e34	580fa4d3	fsqrt.s	f9,f31	 f31:0x7fc00000  f9=0x7fc00000
     324075.000 ns	     32406	80006e38	01b10c33	add	x24,x2,x27	  x2:0x00000200 x27:0x00000001 x24=0x00000201
     324085.000 ns	     32407	80006e3c	00b6f433	and	x8,x13,x11	 x13:0x00000040 x11:0x038e5159  x8=0x00000040
     324105.000 ns	     32409	80006e40	a1548253	fle.s	x4,f9,f21	  f9:0x7fc00000 f21:0x7fc00000  x4=0x00000000
     324135.000 ns	     32412	80006e44	033dbab3	mulhu	x21,x27,x19	 x27:0x00000001 x19:0x00000000 x21=0x00000000
     324155.000 ns	     32414	80006e48	10b94713	xori	x14,x18,267	 x18:0x00000000 x14=0x0000010b
     324175.000 ns	     32416	80006e4c	284e07d3	fmin.s	f15,f28,f4	 f28:0x7fc00000  f4:0x7fc00000 f15=0x7fc00000
     324205.000 ns	     32419	80006e50	034cf1b3	remu	x3,x25,x20	 x25:0x0e392982 x20:0x00000000  x3=0x0e392982
     324225.000 ns	     32421	80006e54	7a5b7d93	andi	x27,x22,1957	 x22:0x00025100 x27=0x00000100
     324585.000 ns	     32457	80006e58	03a86533	rem	x10,x16,x26	 x16:0xf7221000 x26:0x00000001 x10=0x00000000
     324615.000 ns	     32460	80006e5c	03311ab3	mulh	x21,x2,x19	  x2:0x00000200 x19:0x00000000 x21=0x00000000
     324645.000 ns	     32463	80006e60	2062a8d3	fsgnjx.s	f17,f5,f6	  f5:0xffc00000  f6:0x7fc00000 f17=0xffc00000
     324675.000 ns	     32466	80006e64	296692d3	fmax.s	f5,f13,f22	 f13:0x7fc00000 f22:0x80000000  f5=0x80000000
     324695.000 ns	     32468	80006e68	fe22a593	slti	x11,x5,-30	  x5:0x00000001 x11=0x00000000
     324715.000 ns	     32470	80006e6c	d01ba253	fcvt.s.wu	f4,x23	 x23:0x00000000  f4=0x00000000
     324745.000 ns	     32473	80006e70	e0088c53	fmv.x.w	x24,f17	 f17:0xffc00000 x24=0xffc00000
     324785.000 ns	     32477	80006e74	18bf3dd3	fdiv.s	f27,f30,f11	 f30:0x7fc00000 f11:0x7fc00000 f27=0x7fc00000
     324805.000 ns	     32479	80006e78	b0b43397	auipc	x7,0xb0b43	  x7=0x30b49e78
     324835.000 ns	     32482	80006e7c	58017dd3	fsqrt.s	f27,f2	  f2:0x7fc00000 f27=0x7fc00000
     324865.000 ns	     32485	80006e80	28738b53	fmin.s	f22,f7,f7	  f7:0x7fc00000  f7:0x7fc00000 f22=0x7fc00000
     324885.000 ns	     32487	80006e84	00000013	addi	x0,x0,0	  x0:0x00000000
     324895.000 ns	     32488	80006e88	044d2093	slti	x1,x26,68	 x26:0x00000001  x1=0x00000001
     324915.000 ns	     32490	80006e8c	028d1433	mulh	x8,x26,x8	 x26:0x00000001  x8:0x00000040  x8=0x00000000
     324935.000 ns	     32492	80006e90	00c61a33	sll	x20,x12,x12	 x12:0x0e392983 x12:0x0e392983 x20=0x71c94c18
     324945.000 ns	     32493	80006e94	67540c13	addi	x24,x8,1653	  x8:0x00000000 x24=0x00000675
     324955.000 ns	     32494	80006e98	b79bec13	ori	x24,x23,-1159	 x23:0x00000000 x24=0xfffffb79
     324975.000 ns	     32496	80006e9c	a0df8053	fle.s	x0,f31,f13	 f31:0x7fc00000 f13:0x7fc00000
     324995.000 ns	     32498	80006ea0	5738a513	slti	x10,x17,1395	 x17:0x00000000 x10=0x00000001
     325005.000 ns	     32499	80006ea4	00b9ec33	or	x24,x19,x11	 x19:0x00000000 x11:0x00000000 x24=0x00000000
     325015.000 ns	     32500	80006ea8	0152dd93	srli	x27,x5,0x15	  x5:0x00000001 x27=0x00000000
     325045.000 ns	     32503	80006eac	18088153	fdiv.s	f2,f17,f0	 f17:0xffc00000  f0:0x7fc00000  f2=0x7fc00000
     325415.000 ns	     32540	80006eb0	03014bb3	div	x23,x2,x16	  x2:0x00000200 x16:0xf7221000 x23=0x00000000
     325445.000 ns	     32543	80006eb4	028724b3	mulhsu	x9,x14,x8	 x14:0x0000010b  x8:0x00000000  x9=0x00000000
     325475.000 ns	     32546	80006eb8	28538753	fmin.s	f14,f7,f5	  f7:0x7fc00000  f5:0x80000000 f14=0x80000000
     325505.000 ns	     32549	80006ebc	02b8deb3	divu	x29,x17,x11	 x17:0x00000000 x11:0x00000000 x29=0xffffffff
     325525.000 ns	     32551	80006ec0	000f1db3	sll	x27,x30,x0	 x30:0x0e392982  x0:0x00000000 x27=0x0e392982
     325535.000 ns	     32552	80006ec4	01066633	or	x12,x12,x16	 x12:0x0e392983 x16:0xf7221000 x12=0xff3b3983
     325545.000 ns	     32553	80006ec8	0145ebb3	or	x23,x11,x20	 x11:0x00000000 x20:0x71c94c18 x23=0x71c94c18
     325555.000 ns	     32554	80006ecc	4ae2ae93	slti	x29,x5,1198	  x5:0x00000001 x29=0x00000001
     325575.000 ns	     32556	80006ed0	0317a5b3	mulhsu	x11,x15,x17	 x15:0x80040fe4 x17:0x00000000 x11=0x00000000
     325595.000 ns	     32558	80006ed4	01693eb3	sltu	x29,x18,x22	 x18:0x00000000 x22:0x00025100 x29=0x00000001
     325625.000 ns	     32561	80006ed8	19041bd3	fdiv.s	f23,f8,f16	  f8:0x7fc00000 f16:0x7fc00000 f23=0x7fc00000
     325655.000 ns	     32564	80006edc	f0088cd3	fmv.w.x	f25,x17	 x17:0x00000000 f25=0x00000000
     325685.000 ns	     32567	80006ee0	214a9b53	fsgnjn.s	f22,f21,f20	 f21:0x7fc00000 f20:0x8000048c f22=0x7fc00000
     325715.000 ns	     32570	80006ee4	21ed8b53	fsgnj.s	f22,f27,f30	 f27:0x7fc00000 f30:0x7fc00000 f22=0x7fc00000
     325735.000 ns	     32572	80006ee8	00b89733	sll	x14,x17,x11	 x17:0x00000000 x11:0x00000000 x14=0x00000000
     325755.000 ns	     32574	80006eec	d00bf053	fcvt.s.w	f0,x23	 x23:0x71c94c18  f0=0x4ee39298
     325775.000 ns	     32576	80006ef0	1660ff13	andi	x30,x1,358	  x1:0x00000001 x30=0x00000000
     325785.000 ns	     32577	80006ef4	116f4693	xori	x13,x30,278	 x30:0x0e392982 x13=0x00000116
     325805.000 ns	     32579	80006ef8	a06a1dd3	flt.s	x27,f20,f6	 f20:0x8000048c  f6:0x7fc00000 x27=0x00000000
     325825.000 ns	     32581	80006efc	011cd013	srli	x0,x25,0x11	 x25:0x0e392982
     325835.000 ns	     32582	80006f00	b1cf2593	slti	x11,x30,-1252	 x30:0x00000000 x11=0x00000000
     325855.000 ns	     32584	80006f04	0388adb3	mulhsu	x27,x17,x24	 x17:0x00000000 x24:0x00000000 x27=0x00000000
     325895.000 ns	     32588	80006f08	58073bd3	fsqrt.s	f23,f14	 f14:0x80000000 f23=0x80000000
     325915.000 ns	     32590	80006f0c	40eb5db3	sra	x27,x22,x14	 x22:0x00025100 x14:0x00000000 x27=0x00025100
     325935.000 ns	     32592	80006f10	21149753	fsgnjn.s	f14,f9,f17	  f9:0x7fc00000 f17:0xffc00000 f14=0x7fc00000
     325965.000 ns	     32595	80006f14	03e92033	mulhsu	x0,x18,x30	 x18:0x00000000 x30:0x00000000
     325995.000 ns	     32598	80006f18	20500953	fsgnj.s	f18,f0,f5	  f0:0x4ee39298  f5:0x80000000 f18=0xcee39298
     326015.000 ns	     32600	80006f1c	00d689b3	add	x19,x13,x13	 x13:0x00000116 x13:0x00000116 x19=0x0000022c
     326025.000 ns	     32601	80006f20	40dd0933	sub	x18,x26,x13	 x26:0x00000001 x13:0x00000116 x18=0xfffffeeb
     326035.000 ns	     32602	80006f24	008c8033	add	x0,x25,x8	 x25:0x0e392982  x8:0x00000000
     326065.000 ns	     32605	80006f28	19a23fd3	fdiv.s	f31,f4,f26	  f4:0x00000000 f26:0x7fc00000 f31=0x7fc00000
     326095.000 ns	     32608	80006f2c	0315ffb3	remu	x31,x11,x17	 x11:0x00000000 x17:0x00000000 x31=0x00000000
     326145.000 ns	     32613	80006f30	09e225d3	fsub.s	f11,f4,f30	  f4:0x00000000 f30:0x7fc00000 f11=0x7fc00000
     326165.000 ns	     32615	80006f34	001c1593	slli	x11,x24,0x1	 x24:0x00000000 x11=0x00000000
     326175.000 ns	     32616	80006f38	89347493	andi	x9,x8,-1901	  x8:0x00000000  x9=0x00000000
     326185.000 ns	     32617	80006f3c	01039c33	sll	x24,x7,x16	  x7:0x30b49e78 x16:0xf7221000 x24=0x30b49e78
     326225.000 ns	     32621	80006f40	0917fdd3	fsub.s	f27,f15,f17	 f15:0x7fc00000 f17:0xffc00000 f27=0x7fc00000
     326245.000 ns	     32623	80006f44	94d28713	addi	x14,x5,-1715	  x5:0x00000001 x14=0xfffff94e
     326265.000 ns	     32625	80006f48	02993bb3	mulhu	x23,x18,x9	 x18:0xfffffeeb  x9:0x00000000 x23=0x00000000
     326285.000 ns	     32627	80006f4c	00f60c33	add	x24,x12,x15	 x12:0xff3b3983 x15:0x80040fe4 x24=0x7f3f4967
     326295.000 ns	     32628	80006f50	00000013	addi	x0,x0,0	  x0:0x00000000
     326305.000 ns	     32629	80006f54	da73f293	andi	x5,x7,-601	  x7:0x30b49e78  x5=0x30b49c20
     326335.000 ns	     32632	80006f58	1015f853	fmul.s	f16,f11,f1	 f11:0x7fc00000  f1:0x1c725304 f16=0x7fc00000
     326365.000 ns	     32635	80006f5c	28d799d3	fmax.s	f19,f15,f13	 f15:0x7fc00000 f13:0x7fc00000 f19=0x7fc00000
     326405.000 ns	     32639	80006f60	580bf4d3	fsqrt.s	f9,f23	 f23:0x80000000  f9=0x80000000
     326435.000 ns	     32642	80006f64	f00506d3	fmv.w.x	f13,x10	 x10:0x00000001 f13=0x00000001
     326455.000 ns	     32644	80006f68	0180fd33	and	x26,x1,x24	  x1:0x00000001 x24:0x7f3f4967 x26=0x00000001
     326485.000 ns	     32647	80006f6c	10e6f653	fmul.s	f12,f13,f14	 f13:0x00000001 f14:0x7fc00000 f12=0x7fc00000
     326505.000 ns	     32649	80006f70	f1622d93	slti	x27,x4,-234	  x4:0x00000000 x27=0x00000000
     326525.000 ns	     32651	80006f74	c00fba53	fcvt.w.s	x20,f31	 f31:0x7fc00000 x20=0x7fffffff
     326545.000 ns	     32653	80006f78	01bc41b3	xor	x3,x24,x27	 x24:0x7f3f4967 x27:0x00025100  x3=0x7f3f4967
     326565.000 ns	     32655	80006f7c	a1412ed3	feq.s	x29,f2,f20	  f2:0x7fc00000 f20:0x8000048c x29=0x00000000
     326585.000 ns	     32657	80006f80	00babb33	sltu	x22,x21,x11	 x21:0x00000000 x11:0x00000000 x22=0x00000000
     326605.000 ns	     32659	80006f84	204527d3	fsgnjx.s	f15,f10,f4	 f10:0x7fc00000  f4:0x00000000 f15=0x7fc00000
     326635.000 ns	     32662	80006f88	029a5db3	divu	x27,x20,x9	 x20:0x7fffffff  x9:0x00000000 x27=0xffffffff
     326655.000 ns	     32664	80006f8c	00c40933	add	x18,x8,x12	  x8:0x00000000 x12:0xff3b3983 x18=0xff3b3983
     326675.000 ns	     32666	80006f90	023831b3	mulhu	x3,x16,x3	 x16:0xf7221000  x3:0x7f3f4967  x3=0x7ad6fe2e
     326695.000 ns	     32668	80006f94	0193af33	slt	x30,x7,x25	  x7:0x30b49e78 x25:0x0e392982 x30=0x00000000
     326715.000 ns	     32670	80006f98	f00101d3	fmv.w.x	f3,x2	  x2:0x00000200  f3=0x00000200
     326735.000 ns	     32672	80006f9c	00000013	addi	x0,x0,0	  x0:0x00000000
     326755.000 ns	     32674	80006fa0	035e2bb3	mulhsu	x23,x28,x21	 x28:0x00000000 x21:0x00000000 x23=0x00000000
     326775.000 ns	     32676	80006fa4	41cfdb93	srai	x23,x31,0x1c	 x31:0x00000000 x23=0x00000000
     326795.000 ns	     32678	80006fa8	027d3a33	mulhu	x20,x26,x7	 x26:0x00000001  x7:0x30b49e78 x20=0x00000000
     326825.000 ns	     32681	80006fac	027620b3	mulhsu	x1,x12,x7	 x12:0xff3b3983  x7:0x30b49e78  x1=0xffda8ff3
     326845.000 ns	     32683	80006fb0	41badd93	srai	x27,x21,0x1b	 x21:0x00000000 x27=0x00000000
     326865.000 ns	     32685	80006fb4	d005f853	fcvt.s.w	f16,x11	 x11:0x00000000 f16=0x00000000
     326895.000 ns	     32688	80006fb8	02b93c33	mulhu	x24,x18,x11	 x18:0xff3b3983 x11:0x00000000 x24=0x00000000
     326935.000 ns	     32692	80006fbc	580124d3	fsqrt.s	f9,f2	  f2:0x7fc00000  f9=0x7fc00000
     326975.000 ns	     32696	80006fc0	19c2f4d3	fdiv.s	f9,f5,f28	  f5:0x80000000 f28:0x7fc00000  f9=0x7fc00000
     327005.000 ns	     32699	80006fc4	a0beaed3	feq.s	x29,f29,f11	 f29:0x00000000 f11:0x7fc00000 x29=0x00000000
     327035.000 ns	     32702	80006fc8	29fa10d3	fmax.s	f1,f20,f31	 f20:0x8000048c f31:0x7fc00000  f1=0x8000048c
     327065.000 ns	     32705	80006fcc	036310b3	mulh	x1,x6,x22	  x6:0x80041024 x22:0x00000000  x1=0x00000000
     327085.000 ns	     32707	80006fd0	00a40db3	add	x27,x8,x10	  x8:0x00000000 x10:0x00000001 x27=0x00000001
     327115.000 ns	     32710	80006fd4	58064853	fsqrt.s	f16,f12	 f12:0x7fc00000 f16=0x7fc00000
     327135.000 ns	     32712	80006fd8	6cf87d13	andi	x26,x16,1743	 x16:0xf7221000 x26=0x00000000
     327155.000 ns	     32714	80006fdc	285c9553	fmax.s	f10,f25,f5	 f25:0x00000000  f5:0x80000000 f10=0x00000000
     327175.000 ns	     32716	80006fe0	5d04bd13	sltiu	x26,x9,1488	  x9:0x00000000 x26=0x00000001
     327185.000 ns	     32717	80006fe4	5add0013	addi	x0,x26,1453	 x26:0x00000000
     327195.000 ns	     32718	80006fe8	01bad3b3	srl	x7,x21,x27	 x21:0x00000000 x27:0x00000001  x7=0x00000000
     327205.000 ns	     32719	80006fec	4153d413	srai	x8,x7,0x15	  x7:0x30b49e78  x8=0x00000000
     327215.000 ns	     32720	80006ff0	01f52733	slt	x14,x10,x31	 x10:0x00000001 x31:0x00000000 x14=0x00000000
     327235.000 ns	     32722	80006ff4	0287da33	divu	x20,x15,x8	 x15:0x80040fe4  x8:0x00000000 x20=0xffffffff
     327255.000 ns	     32724	80006ff8	6d984213	xori	x4,x16,1753	 x16:0xf7221000  x4=0xf72216d9
     327265.000 ns	     32725	80006ffc	00d06db3	or	x27,x0,x13	  x0:0x00000000 x13:0x00000116 x27=0x00000116
     327275.000 ns	     32726	80007000	0137afb3	slt	x31,x15,x19	 x15:0x80040fe4 x19:0x0000022c x31=0x00000001
     327295.000 ns	     32728	80007004	d009c7d3	fcvt.s.w	f15,x19	 x19:0x0000022c f15=0x440b0000
     327315.000 ns	     32730	80007008	efad8013	addi	x0,x27,-262	 x27:0x00000116
     327335.000 ns	     32732	8000700c	02874ab3	div	x21,x14,x8	 x14:0x00000000  x8:0x00000000 x21=0xffffffff
     327355.000 ns	     32734	80007010	40e78433	sub	x8,x15,x14	 x15:0x80040fe4 x14:0x00000000  x8=0x80040fe4
     327365.000 ns	     32735	80007014	41bc84b3	sub	x9,x25,x27	 x25:0x0e392982 x27:0x00000116  x9=0x0e39286c
     327375.000 ns	     32736	80007018	09b00113	addi	x2,x0,155	  x0:0x00000000  x2=0x0000009b
     327415.000 ns	     32740	8000701c	001b7ed3	fadd.s	f29,f22,f1	 f22:0x7fc00000  f1:0x8000048c f29=0x7fc00000
     327435.000 ns	     32742	80007020	03ace213	ori	x4,x25,58	 x25:0x0e392982  x4=0x0e3929ba
     327445.000 ns	     32743	80007024	a92b0093	addi	x1,x22,-1390	 x22:0x00000000  x1=0xfffffa92
     327485.000 ns	     32747	80007028	08e33f53	fsub.s	f30,f6,f14	  f6:0x7fc00000 f14:0x7fc00000 f30=0x7fc00000
     327515.000 ns	     32750	8000702c	a1ba24d3	feq.s	x9,f20,f27	 f20:0x8000048c f27:0x7fc00000  x9=0x00000000
     327565.000 ns	     32755	80007030	09167153	fsub.s	f2,f12,f17	 f12:0x7fc00000 f17:0xffc00000  f2=0x7fc00000
     327585.000 ns	     32757	80007034	00b071b3	and	x3,x0,x11	  x0:0x00000000 x11:0x00000000  x3=0x00000000
     327605.000 ns	     32759	80007038	288c95d3	fmax.s	f11,f25,f8	 f25:0x00000000  f8:0x7fc00000 f11=0x00000000
     327635.000 ns	     32762	8000703c	026520b3	mulhsu	x1,x10,x6	 x10:0x00000001  x6:0x80041024  x1=0x00000000
     327665.000 ns	     32765	80007040	212e0f53	fsgnj.s	f30,f28,f18	 f28:0x7fc00000 f18:0xcee39298 f30=0xffc00000
     327695.000 ns	     32768	80007044	291f1753	fmax.s	f14,f30,f17	 f30:0x7fc00000 f17:0xffc00000 f14=0x7fc00000
     327725.000 ns	     32771	80007048	a0130853	fle.s	x16,f6,f1	  f6:0x7fc00000  f1:0x8000048c x16=0x00000000
     327755.000 ns	     32774	8000704c	03460fb3	mul	x31,x12,x20	 x12:0xff3b3983 x20:0xffffffff x31=0x00c4c67d
     327785.000 ns	     32777	80007050	c00279d3	fcvt.w.s	x19,f4	  f4:0x00000000 x19=0x00000000
     327815.000 ns	     32780	80007054	21d88353	fsgnj.s	f6,f17,f29	 f17:0xffc00000 f29:0x7fc00000  f6=0x7fc00000
     327845.000 ns	     32783	80007058	20bb2b53	fsgnjx.s	f22,f22,f11	 f22:0x7fc00000 f11:0x00000000 f22=0x7fc00000
     327865.000 ns	     32785	8000705c	ccbdf193	andi	x3,x27,-821	 x27:0x00000116  x3=0x00000002
     327885.000 ns	     32787	80007060	a08fa3d3	feq.s	x7,f31,f8	 f31:0x7fc00000  f8:0x7fc00000  x7=0x00000000
     327915.000 ns	     32790	80007064	e00c12d3	fclass.s	x5,f24	 f24:0x870157d2  x5=0x00000002
     327955.000 ns	     32794	80007068	19f771d3	fdiv.s	f3,f14,f31	 f14:0x7fc00000 f31:0x7fc00000  f3=0x7fc00000
     328005.000 ns	     32799	8000706c	09aa3453	fsub.s	f8,f20,f26	 f20:0x8000048c f26:0x7fc00000  f8=0x7fc00000
     328025.000 ns	     32801	80007070	005edd13	srli	x26,x29,0x5	 x29:0x00000000 x26=0x00000000
     328045.000 ns	     32803	80007074	f00a08d3	fmv.w.x	f17,x20	 x20:0xffffffff f17=0xffffffff
     328085.000 ns	     32807	80007078	11337cd3	fmul.s	f25,f6,f19	  f6:0x7fc00000 f19:0x7fc00000 f25=0x7fc00000
     328115.000 ns	     32810	8000707c	c0187ad3	fcvt.wu.s	x21,f16	 f16:0x7fc00000 x21=0xffffffff
     328135.000 ns	     32812	80007080	0058abb3	slt	x23,x17,x5	 x17:0x00000000  x5:0x00000002 x23=0x00000001
     328145.000 ns	     32813	80007084	01dd9f93	slli	x31,x27,0x1d	 x27:0x00000116 x31=0xc0000000
     328165.000 ns	     32815	80007088	293e0a53	fmin.s	f20,f28,f19	 f28:0x7fc00000 f19:0x7fc00000 f20=0x7fc00000
     328205.000 ns	     32819	8000708c	11803753	fmul.s	f14,f0,f24	  f0:0x4ee39298 f24:0x870157d2 f14=0x9665f5e0
     328225.000 ns	     32821	80007090	005fd0b3	srl	x1,x31,x5	 x31:0xc0000000  x5:0x00000002  x1=0x30000000
     328245.000 ns	     32823	80007094	21522253	fsgnjx.s	f4,f4,f21	  f4:0x00000000 f21:0x7fc00000  f4=0x00000000
     328275.000 ns	     32826	80007098	020e56b3	divu	x13,x28,x0	 x28:0x00000000  x0:0x00000000 x13=0xffffffff
     328315.000 ns	     32830	8000709c	19df7653	fdiv.s	f12,f30,f29	 f30:0xffc00000 f29:0x7fc00000 f12=0x7fc00000
     328345.000 ns	     32833	800070a0	f0020153	fmv.w.x	f2,x4	  x4:0x0e3929ba  f2=0x0e3929ba
     328375.000 ns	     32836	800070a4	c0154153	fcvt.wu.s	x2,f10	 f10:0x00000000  x2=0x00000000
     328395.000 ns	     32838	800070a8	258a8493	addi	x9,x21,600	 x21:0xffffffff  x9=0x00000257
     328405.000 ns	     32839	800070ac	01c25893	srli	x17,x4,0x1c	  x4:0x0e3929ba x17=0x00000000
     328415.000 ns	     32840	800070b0	01a64233	xor	x4,x12,x26	 x12:0xff3b3983 x26:0x00000000  x4=0xff3b3983
     328435.000 ns	     32842	800070b4	c01195d3	fcvt.wu.s	x11,f3	  f3:0x7fc00000 x11=0xffffffff
     328465.000 ns	     32845	800070b8	f0038e53	fmv.w.x	f28,x7	  x7:0x00000000 f28=0x00000000
     328495.000 ns	     32848	800070bc	f0000353	fmv.w.x	f6,x0	  x0:0x00000000  f6=0x00000000
     328515.000 ns	     32850	800070c0	00000013	addi	x0,x0,0	  x0:0x00000000
     328525.000 ns	     32851	800070c4	0036fdb3	and	x27,x13,x3	 x13:0xffffffff  x3:0x00000002 x27=0x00000002
     328535.000 ns	     32852	800070c8	019ad113	srli	x2,x21,0x19	 x21:0xffffffff  x2=0x0000007f
     328565.000 ns	     32855	800070cc	1855a353	fdiv.s	f6,f11,f5	 f11:0x00000000  f5:0x80000000  f6=0x7fc00000
     328595.000 ns	     32858	800070d0	025c2bb3	mulhsu	x23,x24,x5	 x24:0x00000000  x5:0x00000002 x23=0x00000000
     328615.000 ns	     32860	800070d4	015564b3	or	x9,x10,x21	 x10:0x00000001 x21:0xffffffff  x9=0xffffffff
     328635.000 ns	     32862	800070d8	a14a22d3	feq.s	x5,f20,f20	 f20:0x7fc00000 f20:0x7fc00000  x5=0x00000000
     328665.000 ns	     32865	800070dc	d00bbc53	fcvt.s.w	f24,x23	 x23:0x00000000 f24=0x00000000
     328695.000 ns	     32868	800070e0	0339c133	div	x2,x19,x19	 x19:0x00000000 x19:0x00000000  x2=0xffffffff
     328715.000 ns	     32870	800070e4	01149113	slli	x2,x9,0x11	  x9:0xffffffff  x2=0xfffe0000
     328735.000 ns	     32872	800070e8	e00986d3	fmv.x.w	x13,f19	 f19:0x7fc00000 x13=0x7fc00000
     328765.000 ns	     32875	800070ec	d00512d3	fcvt.s.w	f5,x10	 x10:0x00000001  f5=0x3f800000
     328785.000 ns	     32877	800070f0	dd784693	xori	x13,x16,-553	 x16:0x00000000 x13=0xfffffdd7
     328795.000 ns	     32878	800070f4	019b9eb3	sll	x29,x23,x25	 x23:0x00000000 x25:0x0e392982 x29=0x00000000
     328815.000 ns	     32880	800070f8	f00b01d3	fmv.w.x	f3,x22	 x22:0x00000000  f3=0x00000000
     328835.000 ns	     32882	800070fc	00000013	addi	x0,x0,0	  x0:0x00000000
     328855.000 ns	     32884	80007100	03a44733	div	x14,x8,x26	  x8:0x80040fe4 x26:0x00000000 x14=0xffffffff
     328885.000 ns	     32887	80007104	d01bf4d3	fcvt.s.wu	f9,x23	 x23:0x00000000  f9=0x00000000
     328905.000 ns	     32889	80007108	41de0f33	sub	x30,x28,x29	 x28:0x00000000 x29:0x00000000 x30=0x00000000
     328915.000 ns	     32890	8000710c	40f5d5b3	sra	x11,x11,x15	 x11:0xffffffff x15:0x80040fe4 x11=0xffffffff
     328945.000 ns	     32893	80007110	111276d3	fmul.s	f13,f4,f17	  f4:0x00000000 f17:0xffffffff f13=0x7fc00000
     328965.000 ns	     32895	80007114	00000013	addi	x0,x0,0	  x0:0x00000000
     329325.000 ns	     32931	80007118	03f5ceb3	div	x29,x11,x31	 x11:0xffffffff x31:0xc0000000 x29=0x00000000
     329355.000 ns	     32934	8000711c	e00f13d3	fclass.s	x7,f30	 f30:0xffc00000  x7=0x00000200
     329385.000 ns	     32937	80007120	f00d8f53	fmv.w.x	f30,x27	 x27:0x00000002 f30=0x00000002
     329415.000 ns	     32940	80007124	02a7b1b3	mulhu	x3,x15,x10	 x15:0x80040fe4 x10:0x00000001  x3=0x00000000
     329785.000 ns	     32977	80007128	03986fb3	rem	x31,x16,x25	 x16:0x00000000 x25:0x0e392982 x31=0x00000000
     329805.000 ns	     32979	8000712c	d0f00213	addi	x4,x0,-753	  x0:0x00000000  x4=0xfffffd0f
     329815.000 ns	     32980	80007130	00c071b3	and	x3,x0,x12	  x0:0x00000000 x12:0xff3b3983  x3=0x00000000
     329825.000 ns	     32981	80007134	008e6db3	or	x27,x28,x8	 x28:0x00000000  x8:0x80040fe4 x27=0x80040fe4
     329845.000 ns	     32983	80007138	a125ac53	feq.s	x24,f11,f18	 f11:0x00000000 f18:0xcee39298 x24=0x00000000
     329885.000 ns	     32987	8000713c	106476d3	fmul.s	f13,f8,f6	  f8:0x7fc00000  f6:0x7fc00000 f13=0x7fc00000
     329915.000 ns	     32990	80007140	c0137753	fcvt.wu.s	x14,f6	  f6:0x7fc00000 x14=0xffffffff
     329935.000 ns	     32992	80007144	011b82b3	add	x5,x23,x17	 x23:0x00000000 x17:0x00000000  x5=0x00000000
     329975.000 ns	     32996	80007148	08d28853	fsub.s	f16,f5,f13	  f5:0x3f800000 f13:0x7fc00000 f16=0x7fc00000
     329995.000 ns	     32998	8000714c	61cff093	andi	x1,x31,1564	 x31:0x00000000  x1=0x00000000
     330015.000 ns	     33000	80007150	a1be9dd3	flt.s	x27,f29,f27	 f29:0x7fc00000 f27:0x7fc00000 x27=0x00000000
     330035.000 ns	     33002	80007154	3b170913	addi	x18,x14,945	 x14:0xffffffff x18=0x000003b0
     330045.000 ns	     33003	80007158	012c0bb3	add	x23,x24,x18	 x24:0x00000000 x18:0xff3b3983 x23=0x000003b0
     330065.000 ns	     33005	8000715c	28a50cd3	fmin.s	f25,f10,f10	 f10:0x00000000 f10:0x00000000 f25=0x00000000
     330085.000 ns	     33007	80007160	00cc58b3	srl	x17,x24,x12	 x24:0x00000000 x12:0xff3b3983 x17=0x00000000
     330115.000 ns	     33010	80007164	10fdf0d3	fmul.s	f1,f27,f15	 f27:0x7fc00000 f15:0x440b0000  f1=0x7fc00000
     330145.000 ns	     33013	80007168	e00c9653	fclass.s	x12,f25	 f25:0x00000000 x12=0x00000010
     330175.000 ns	     33016	8000716c	02a32f33	mulhsu	x30,x6,x10	  x6:0x80041024 x10:0x00000001 x30=0xffffffff
     330195.000 ns	     33018	80007170	00884933	xor	x18,x16,x8	 x16:0x00000000  x8:0x80040fe4 x18=0x80040fe4
     330215.000 ns	     33020	80007174	e00a9853	fclass.s	x16,f21	 f21:0x7fc00000 x16=0x00000200
     330245.000 ns	     33023	80007178	a181af53	feq.s	x30,f3,f24	  f3:0x00000000 f24:0x00000000 x30=0x00000001
     330265.000 ns	     33025	8000717c	4531d137	lui	x2,0x4531d	  x2=0x4531d000
     330275.000 ns	     33026	80007180	00bea933	slt	x18,x29,x11	 x29:0x00000000 x11:0xffffffff x18=0x00000000
     330295.000 ns	     33028	80007184	c00174d3	fcvt.w.s	x9,f2	  f2:0x0e3929ba  x9=0x00000000
     330315.000 ns	     33030	80007188	8349ff93	andi	x31,x19,-1996	 x19:0x00000000 x31=0x00000000
     330325.000 ns	     33031	8000718c	40475a33	sra	x20,x14,x4	 x14:0xffffffff  x4:0xfffffd0f x20=0xffffffff
     330345.000 ns	     33033	80007190	02146fb3	rem	x31,x8,x1	  x8:0x80040fe4  x1:0x00000000 x31=0x80040fe4
     330375.000 ns	     33036	80007194	292a9b53	fmax.s	f22,f21,f18	 f21:0x7fc00000 f18:0xcee39298 f22=0xcee39298
     330395.000 ns	     33038	80007198	40b75833	sra	x16,x14,x11	 x14:0xffffffff x11:0xffffffff x16=0xffffffff
     330415.000 ns	     33040	8000719c	d015f7d3	fcvt.s.wu	f15,x11	 x11:0xffffffff f15=0x4f7fffff
     330435.000 ns	     33042	800071a0	00000013	addi	x0,x0,0	  x0:0x00000000
     330795.000 ns	     33078	800071a4	0396ceb3	div	x29,x13,x25	 x13:0xfffffdd7 x25:0x0e392982 x29=0x00000000
     330825.000 ns	     33081	800071a8	c0024a53	fcvt.w.s	x20,f4	  f4:0x00000000 x20=0x00000000
     330845.000 ns	     33083	800071ac	9a51f717	auipc	x14,0x9a51f	 x14=0x1a5261ac
     330865.000 ns	     33085	800071b0	d013fc53	fcvt.s.wu	f24,x7	  x7:0x00000200 f24=0x44000000
     330895.000 ns	     33088	800071b4	e00b0e53	fmv.x.w	x28,f22	 f22:0xcee39298 x28=0xcee39298
     330925.000 ns	     33091	800071b8	21a18253	fsgnj.s	f4,f3,f26	  f3:0x00000000 f26:0x7fc00000  f4=0x00000000
     330945.000 ns	     33093	800071bc	00b706b3	add	x13,x14,x11	 x14:0x1a5261ac x11:0xffffffff x13=0x1a5261ab
     330965.000 ns	     33095	800071c0	e00d8d53	fmv.x.w	x26,f27	 f27:0x7fc00000 x26=0x7fc00000
     330995.000 ns	     33098	800071c4	e0088453	fmv.x.w	x8,f17	 f17:0xffffffff  x8=0xffffffff
     331035.000 ns	     33102	800071c8	184674d3	fdiv.s	f9,f12,f4	 f12:0x7fc00000  f4:0x00000000  f9=0x7fc00000
     331055.000 ns	     33104	800071cc	78d20c13	addi	x24,x4,1933	  x4:0xfffffd0f x24=0x0000049c
     331075.000 ns	     33106	800071d0	28f29d53	fmax.s	f26,f5,f15	  f5:0x3f800000 f15:0x4f7fffff f26=0x4f7fffff
     331105.000 ns	     33109	800071d4	20bf05d3	fsgnj.s	f11,f30,f11	 f30:0x00000002 f11:0x00000000 f11=0x00000002
     331145.000 ns	     33113	800071d8	19e21bd3	fdiv.s	f23,f4,f30	  f4:0x00000000 f30:0x00000002 f23=0x00000000
     331175.000 ns	     33116	800071dc	20369ad3	fsgnjn.s	f21,f13,f3	 f13:0x7fc00000  f3:0x00000000 f21=0xffc00000
     331195.000 ns	     33118	800071e0	35ac3393	sltiu	x7,x24,858	 x24:0x0000049c  x7=0x00000000
     331215.000 ns	     33120	800071e4	206289d3	fsgnj.s	f19,f5,f6	  f5:0x3f800000  f6:0x7fc00000 f19=0x3f800000
     331265.000 ns	     33125	800071e8	08b1fed3	fsub.s	f29,f3,f11	  f3:0x00000000 f11:0x00000002 f29=0x80000002
     331305.000 ns	     33129	800071ec	195c78d3	fdiv.s	f17,f24,f21	 f24:0x44000000 f21:0xffc00000 f17=0x7fc00000
     331325.000 ns	     33131	800071f0	4039d913	srai	x18,x19,0x3	 x19:0x00000000 x18=0x00000000
     331345.000 ns	     33133	800071f4	035bb8b3	mulhu	x17,x23,x21	 x23:0x000003b0 x21:0xffffffff x17=0x000003af
     331385.000 ns	     33137	800071f8	195bf4d3	fdiv.s	f9,f23,f21	 f23:0x00000000 f21:0xffc00000  f9=0x7fc00000
     331405.000 ns	     33139	800071fc	01123a33	sltu	x20,x4,x17	  x4:0xfffffd0f x17:0x000003af x20=0x00000000
     331425.000 ns	     33141	80007200	d007b0d3	fcvt.s.w	f1,x15	 x15:0x80040fe4  f1=0xcefff7e1
     331455.000 ns	     33144	80007204	03112db3	mulhsu	x27,x2,x17	  x2:0x4531d000 x17:0x000003af x27=0x000000fe
     331475.000 ns	     33146	80007208	0186edb3	or	x27,x13,x24	 x13:0x1a5261ab x24:0x0000049c x27=0x1a5265bf
     331485.000 ns	     33147	8000720c	e46e0993	addi	x19,x28,-442	 x28:0xcee39298 x19=0xcee390de
     331495.000 ns	     33148	80007210	01fdec33	or	x24,x27,x31	 x27:0x000000fe x31:0x80040fe4 x24=0x9a566fff
     331515.000 ns	     33150	80007214	02763f33	mulhu	x30,x12,x7	 x12:0x00000010  x7:0x00000000 x30=0x00000000
     331565.000 ns	     33155	80007218	08347ad3	fsub.s	f21,f8,f3	  f8:0x7fc00000  f3:0x00000000 f21=0x7fc00000
     331585.000 ns	     33157	8000721c	4075d513	srai	x10,x11,0x7	 x11:0xffffffff x10=0xffffffff
     331605.000 ns	     33159	80007220	d0067dd3	fcvt.s.w	f27,x12	 x12:0x00000010 f27=0x41800000
     331635.000 ns	     33162	80007224	a14a15d3	flt.s	x11,f20,f20	 f20:0x7fc00000 f20:0x7fc00000 x11=0x00000000
     331655.000 ns	     33164	80007228	01910f33	add	x30,x2,x25	  x2:0x4531d000 x25:0x0e392982 x30=0x536af982
     331665.000 ns	     33165	8000722c	00000013	addi	x0,x0,0	  x0:0x00000000
     331675.000 ns	     33166	80007230	4021dfb3	sra	x31,x3,x2	  x3:0x00000000  x2:0x4531d000 x31=0x00000000
     331685.000 ns	     33167	80007234	01ea6fb3	or	x31,x20,x30	 x20:0x00000000 x30:0x536af982 x31=0x536af982
     331695.000 ns	     33168	80007238	c213a293	slti	x5,x7,-991	  x7:0x00000000  x5=0x00000000
     331715.000 ns	     33170	8000723c	a1fa19d3	flt.s	x19,f20,f31	 f20:0x7fc00000 f31:0x7fc00000 x19=0x00000000
     331735.000 ns	     33172	80007240	0d5a3493	sltiu	x9,x20,213	 x20:0x00000000  x9=0x00000001
     331755.000 ns	     33174	80007244	0350ba33	mulhu	x20,x1,x21	  x1:0x00000000 x21:0xffffffff x20=0x00000000
     331785.000 ns	     33177	80007248	e00608d3	fmv.x.w	x17,f12	 f12:0x7fc00000 x17=0x7fc00000
     331825.000 ns	     33181	8000724c	58073553	fsqrt.s	f10,f14	 f14:0x9665f5e0 f10=0x7fc00000
     331855.000 ns	     33184	80007250	033886b3	mul	x13,x17,x19	 x17:0x7fc00000 x19:0x00000000 x13=0x00000000
     331875.000 ns	     33186	80007254	01f708b3	add	x17,x14,x31	 x14:0x1a5261ac x31:0x536af982 x17=0x6dbd5b2e
     331885.000 ns	     33187	80007258	00125e33	srl	x28,x4,x1	  x4:0xfffffd0f  x1:0x00000000 x28=0xfffffd0f
     331895.000 ns	     33188	8000725c	41175113	srai	x2,x14,0x11	 x14:0x1a5261ac  x2=0x00000d29
     331905.000 ns	     33189	80007260	019ef593	andi	x11,x29,25	 x29:0x00000000 x11=0x00000000
     331915.000 ns	     33190	80007264	07023393	sltiu	x7,x4,112	  x4:0xfffffd0f  x7=0x00000000
     331925.000 ns	     33191	80007268	0164cb33	xor	x22,x9,x22	  x9:0x00000001 x22:0x00000000 x22=0x00000001
     331945.000 ns	     33193	8000726c	e00296d3	fclass.s	x13,f5	  f5:0x3f800000 x13=0x00000040
     331965.000 ns	     33195	80007270	41b35d13	srai	x26,x6,0x1b	  x6:0x80041024 x26=0xfffffff0
     332965.000 ns	     33295	80007274	58007bd3	fsqrt.s	f23,f0	  f0:0x4ee39298 f23=0x472aac4e
     332995.000 ns	     33298	80007278	a1779ed3	flt.s	x29,f15,f23	 f15:0x4f7fffff f23:0x00000000 x29=0x00000000
     333015.000 ns	     33300	8000727c	01c8f633	and	x12,x17,x28	 x17:0x6dbd5b2e x28:0xfffffd0f x12=0x6dbd590e
     333055.000 ns	     33304	80007280	0061f6d3	fadd.s	f13,f3,f6	  f3:0x00000000  f6:0x7fc00000 f13=0x7fc00000
     333085.000 ns	     33307	80007284	29171053	fmax.s	f0,f14,f17	 f14:0x9665f5e0 f17:0x7fc00000  f0=0x9665f5e0
     333125.000 ns	     33311	80007288	11fe7b53	fmul.s	f22,f28,f31	 f28:0x00000000 f31:0x7fc00000 f22=0x7fc00000
     333145.000 ns	     33313	8000728c	4053d993	srai	x19,x7,0x5	  x7:0x00000000 x19=0x00000000
     333165.000 ns	     33315	80007290	02f98a33	mul	x20,x19,x15	 x19:0x00000000 x15:0x80040fe4 x20=0x00000000
     333195.000 ns	     33318	80007294	21129dd3	fsgnjn.s	f27,f5,f17	  f5:0x3f800000 f17:0x7fc00000 f27=0xbf800000
     333215.000 ns	     33320	80007298	0019a033	slt	x0,x19,x1	 x19:0x00000000  x1:0x00000000
     333225.000 ns	     33321	8000729c	c0fa3e13	sltiu	x28,x20,-1009	 x20:0x00000000 x28=0x00000001
     333585.000 ns	     33357	800072a0	03147eb3	remu	x29,x8,x17	  x8:0xffffffff x17:0x6dbd5b2e x29=0x248549a3
     333605.000 ns	     33359	800072a4	59e63e13	sltiu	x28,x12,1438	 x12:0x6dbd590e x28=0x00000000
     333635.000 ns	     33362	800072a8	187678d3	fdiv.s	f17,f12,f7	 f12:0x7fc00000  f7:0x7fc00000 f17=0x7fc00000
     333655.000 ns	     33364	800072ac	00151613	slli	x12,x10,0x1	 x10:0xffffffff x12=0xfffffffe
     333685.000 ns	     33367	800072b0	5806f353	fsqrt.s	f6,f13	 f13:0x7fc00000  f6=0x7fc00000
     333705.000 ns	     33369	800072b4	00672d33	slt	x26,x14,x6	 x14:0x1a5261ac  x6:0x80041024 x26=0x00000000
     333725.000 ns	     33371	800072b8	03dc3eb3	mulhu	x29,x24,x29	 x24:0x9a566fff x29:0x248549a3 x29=0x1604830c
     333755.000 ns	     33374	800072bc	e0060d53	fmv.x.w	x26,f12	 f12:0x7fc00000 x26=0x7fc00000
     333775.000 ns	     33376	800072c0	55f06593	ori	x11,x0,1375	  x0:0x00000000 x11=0x0000055f
     333785.000 ns	     33377	800072c4	00000013	addi	x0,x0,0	  x0:0x00000000
     333825.000 ns	     33381	800072c8	01e17e53	fadd.s	f28,f2,f30	  f2:0x0e3929ba f30:0x00000002 f28=0x0e3929ba
     333845.000 ns	     33383	800072cc	001f21b3	slt	x3,x30,x1	 x30:0x536af982  x1:0x00000000  x3=0x00000000
     333865.000 ns	     33385	800072d0	d00976d3	fcvt.s.w	f13,x18	 x18:0x00000000 f13=0x00000000
     334235.000 ns	     33422	800072d4	03ee52b3	divu	x5,x28,x30	 x28:0x00000000 x30:0x536af982  x5=0x00000000
     334255.000 ns	     33424	800072d8	00000013	addi	x0,x0,0	  x0:0x00000000
     334275.000 ns	     33426	800072dc	03bb1a33	mulh	x20,x22,x27	 x22:0x00000001 x27:0x1a5265bf x20=0x00000000
     334295.000 ns	     33428	800072e0	faf93913	sltiu	x18,x18,-81	 x18:0x00000000 x18=0x00000001
     334305.000 ns	     33429	800072e4	00eed393	srli	x7,x29,0xe	 x29:0x1604830c  x7=0x00005812
     334315.000 ns	     33430	800072e8	00e8e433	or	x8,x17,x14	 x17:0x6dbd5b2e x14:0x1a5261ac  x8=0x7fff7bae
     334335.000 ns	     33432	800072ec	282e81d3	fmin.s	f3,f29,f2	 f29:0x80000002  f2:0x0e3929ba  f3=0x80000002
     334355.000 ns	     33434	800072f0	00000013	addi	x0,x0,0	  x0:0x00000000
     335525.000 ns	     33551	800072f4	580d71d3	fsqrt.s	f3,f26	 f26:0x4f7fffff  f3=0x47350461
     335555.000 ns	     33554	800072f8	a0d11bd3	flt.s	x23,f2,f13	  f2:0x0e3929ba f13:0x00000000 x23=0x00000000
     335585.000 ns	     33557	800072fc	e0088e53	fmv.x.w	x28,f17	 f17:0x7fc00000 x28=0x7fc00000
     335605.000 ns	     33559	80007300	00fc9e93	slli	x29,x25,0xf	 x25:0x0e392982 x29=0x94c10000
     335615.000 ns	     33560	80007304	b38d4e93	xori	x29,x26,-1224	 x26:0x7fc00000 x29=0x803ffb38
     335625.000 ns	     33561	80007308	01d90e33	add	x28,x18,x29	 x18:0x00000001 x29:0x1604830c x28=0x803ffb39
     335645.000 ns	     33563	8000730c	a1d625d3	feq.s	x11,f12,f29	 f12:0x7fc00000 f29:0x80000002 x11=0x00000000
     335675.000 ns	     33566	80007310	218c9dd3	fsgnjn.s	f27,f25,f24	 f25:0x00000000 f24:0x44000000 f27=0x80000000
     336045.000 ns	     33603	80007314	027469b3	rem	x19,x8,x7	  x8:0x7fff7bae  x7:0x00005812 x19=0x00002aa0
     336095.000 ns	     33608	80007318	018ef253	fadd.s	f4,f29,f24	 f29:0x80000002 f24:0x44000000  f4=0x44000000
     336465.000 ns	     33645	8000731c	03c5f9b3	remu	x19,x11,x28	 x11:0x00000000 x28:0x803ffb39 x19=0x00000000
     336485.000 ns	     33647	80007320	00be9d13	slli	x26,x29,0xb	 x29:0x803ffb38 x26=0xffd9c000
     336505.000 ns	     33649	80007324	0206fa33	remu	x20,x13,x0	 x13:0x00000040  x0:0x00000000 x20=0x00000040
     336525.000 ns	     33651	80007328	01e6d693	srli	x13,x13,0x1e	 x13:0x00000040 x13=0x00000000
     336535.000 ns	     33652	8000732c	ded44017	auipc	x0,0xded44	
     336895.000 ns	     33688	80007330	02607ab3	remu	x21,x0,x6	  x0:0x00000000  x6:0x80041024 x21=0x00000000
     336915.000 ns	     33690	80007334	7df3e517	auipc	x10,0x7df3e	 x10=0xfdf45334
     336935.000 ns	     33692	80007338	e0088553	fmv.x.w	x10,f17	 f17:0x7fc00000 x10=0x7fc00000
     336955.000 ns	     33694	8000733c	aa4a92b7	lui	x5,0xaa4a9	  x5=0xaa4a9000
     336965.000 ns	     33695	80007340	40098033	sub	x0,x19,x0	 x19:0x00000000  x0:0x00000000
     337005.000 ns	     33699	80007344	00d4f5d3	fadd.s	f11,f9,f13	  f9:0x7fc00000 f13:0x00000000 f11=0x7fc00000
     337025.000 ns	     33701	80007348	40fa5633	sra	x12,x20,x15	 x20:0x00000040 x15:0x80040fe4 x12=0x00000004
     338195.000 ns	     33818	8000734c	5802b8d3	fsqrt.s	f17,f5	  f5:0x3f800000 f17=0x3f7fffae
     339375.000 ns	     33936	80007350	580231d3	fsqrt.s	f3,f4	  f4:0x44000000  f3=0x41350482
     339395.000 ns	     33938	80007354	25c78a13	addi	x20,x15,604	 x15:0x80040fe4 x20=0x80041240
     339415.000 ns	     33940	80007358	0345ac33	mulhsu	x24,x11,x20	 x11:0x00000000 x20:0x00000040 x24=0x00000000
     339435.000 ns	     33942	8000735c	01e27a33	and	x20,x4,x30	  x4:0xfffffd0f x30:0x536af982 x20=0x536af902
     339455.000 ns	     33944	80007360	f00d84d3	fmv.w.x	f9,x27	 x27:0x1a5265bf  f9=0x1a5265bf
     339485.000 ns	     33947	80007364	d004f453	fcvt.s.w	f8,x9	  x9:0x00000001  f8=0x3f800000
     339505.000 ns	     33949	80007368	00a819b3	sll	x19,x16,x10	 x16:0xffffffff x10:0x7fc00000 x19=0xffffffff
     339515.000 ns	     33950	8000736c	acc88f93	addi	x31,x17,-1332	 x17:0x6dbd5b2e x31=0x6dbd55fa
     339545.000 ns	     33953	80007370	580532d3	fsqrt.s	f5,f10	 f10:0x7fc00000  f5=0x7fc00000
     339575.000 ns	     33956	80007374	281d9553	fmax.s	f10,f27,f1	 f27:0x80000000  f1:0xcefff7e1 f10=0x80000000
     339595.000 ns	     33958	80007378	01a36f33	or	x30,x6,x26	  x6:0x80041024 x26:0xffd9c000 x30=0xffddd024
     339605.000 ns	     33959	8000737c	00000013	addi	x0,x0,0	  x0:0x00000000
     339645.000 ns	     33963	80007380	0910af53	fsub.s	f30,f1,f17	  f1:0xcefff7e1 f17:0x3f7fffae f30=0xcefff7e2
     339665.000 ns	     33965	80007384	01d09d13	slli	x26,x1,0x1d	  x1:0x00000000 x26=0x00000000
     339685.000 ns	     33967	80007388	a0dda5d3	feq.s	x11,f27,f13	 f27:0x80000000 f13:0x00000000 x11=0x00000001
     339705.000 ns	     33969	8000738c	00825eb3	srl	x29,x4,x8	  x4:0xfffffd0f  x8:0x7fff7bae x29=0x0003ffff
     339725.000 ns	     33971	80007390	021b1d33	mulh	x26,x22,x1	 x22:0x00000001  x1:0x00000000 x26=0x00000000
     339755.000 ns	     33974	80007394	0287b2b3	mulhu	x5,x15,x8	 x15:0x80040fe4  x8:0x7fff7bae  x5=0x4001c5c6
     339775.000 ns	     33976	80007398	36516193	ori	x3,x2,869	  x2:0x00000d29  x3=0x00000f6d
     339785.000 ns	     33977	8000739c	2e394213	xori	x4,x18,739	 x18:0x00000001  x4=0x000002e2
     339795.000 ns	     33978	800073a0	00ba0bb3	add	x23,x20,x11	 x20:0x536af902 x11:0x00000001 x23=0x536af903
     339815.000 ns	     33980	800073a4	02e61533	mulh	x10,x12,x14	 x12:0x00000004 x14:0x1a5261ac x10=0x00000000
     340685.000 ns	     34067	800073a8	5807f353	fsqrt.s	f6,f15	 f15:0x4f7fffff  f6=0x473503e8
     340705.000 ns	     34069	800073ac	40625713	srai	x14,x4,0x6	  x4:0x000002e2 x14=0x0000000b
     340715.000 ns	     34070	800073b0	0e4f2893	slti	x17,x30,228	 x30:0xffddd024 x17=0x00000001
     340735.000 ns	     34072	800073b4	035c4733	div	x14,x24,x21	 x24:0x00000000 x21:0x00000000 x14=0xffffffff
     340755.000 ns	     34074	800073b8	2c218113	addi	x2,x3,706	  x3:0x00000f6d  x2=0x0000122f
     340775.000 ns	     34076	800073bc	c003f0d3	fcvt.w.s	x1,f7	  f7:0x7fc00000  x1=0x7fffffff
     340815.000 ns	     34080	800073c0	10183cd3	fmul.s	f25,f16,f1	 f16:0x7fc00000  f1:0xcefff7e1 f25=0x7fc00000
     340845.000 ns	     34083	800073c4	d0097653	fcvt.s.w	f12,x18	 x18:0x00000001 f12=0x3f800000
     340865.000 ns	     34085	800073c8	41940d33	sub	x26,x8,x25	  x8:0x7fff7bae x25:0x0e392982 x26=0x71c6522c
     340875.000 ns	     34086	800073cc	f2857013	andi	x0,x10,-216	 x10:0x00000000
     340895.000 ns	     34088	800073d0	02f5a8b3	mulhsu	x17,x11,x15	 x11:0x00000001 x15:0x80040fe4 x17=0x00000000
     340925.000 ns	     34091	800073d4	28269d53	fmax.s	f26,f13,f2	 f13:0x00000000  f2:0x0e3929ba f26=0x0e3929ba
     340955.000 ns	     34094	800073d8	21eea5d3	fsgnjx.s	f11,f29,f30	 f29:0x80000002 f30:0xcefff7e2 f11=0x00000002
     340975.000 ns	     34096	800073dc	2a3a6013	ori	x0,x20,675	 x20:0x536af902
     340995.000 ns	     34098	800073e0	f0018953	fmv.w.x	f18,x3	  x3:0x00000f6d f18=0x00000f6d
     341025.000 ns	     34101	800073e4	a1791753	flt.s	x14,f18,f23	 f18:0xcee39298 f23:0x472aac4e x14=0x00000001
     341045.000 ns	     34103	800073e8	5b24e493	ori	x9,x9,1458	  x9:0x00000001  x9=0x000005b3
     341055.000 ns	     34104	800073ec	3a617e37	lui	x28,0x3a617	 x28=0x3a617000
     341075.000 ns	     34106	800073f0	20b70453	fsgnj.s	f8,f14,f11	 f14:0x9665f5e0 f11:0x00000002  f8=0x1665f5e0
     341095.000 ns	     34108	800073f4	01c034b3	sltu	x9,x0,x28	  x0:0x00000000 x28:0x803ffb39  x9=0x00000001
     341455.000 ns	     34144	800073f8	0376ea33	rem	x20,x13,x23	 x13:0x00000000 x23:0x536af903 x20=0x00000000
     341475.000 ns	     34146	800073fc	40ad0d33	sub	x26,x26,x10	 x26:0x71c6522c x10:0x00000000 x26=0x71c6522c
     341495.000 ns	     34148	80007400	03981bb3	mulh	x23,x16,x25	 x16:0xffffffff x25:0x0e392982 x23=0xffffffff
     341525.000 ns	     34151	80007404	02fca8b3	mulhsu	x17,x25,x15	 x25:0x0e392982 x15:0x80040fe4 x17=0x071cce87
     341555.000 ns	     34154	80007408	03d52633	mulhsu	x12,x10,x29	 x10:0x00000000 x29:0x0003ffff x12=0x00000000
     341585.000 ns	     34157	8000740c	214d2d53	fsgnjx.s	f26,f26,f20	 f26:0x0e3929ba f20:0x7fc00000 f26=0x0e3929ba
     341605.000 ns	     34159	80007410	ddb8b637	lui	x12,0xddb8b	 x12=0xddb8b000
     341625.000 ns	     34161	80007414	a1fb86d3	fle.s	x13,f23,f31	 f23:0x472aac4e f31:0x7fc00000 x13=0x00000000
     341655.000 ns	     34164	80007418	02fd1f33	mulh	x30,x26,x15	 x26:0x71c6522c x15:0x80040fe4 x30=0xc71ea513
     341675.000 ns	     34166	8000741c	4634b513	sltiu	x10,x9,1123	  x9:0x00000001 x10=0x00000001
     341695.000 ns	     34168	80007420	a1560a53	fle.s	x20,f12,f21	 f12:0x3f800000 f21:0x7fc00000 x20=0x00000000
     341725.000 ns	     34171	80007424	21e21f53	fsgnjn.s	f30,f4,f30	  f4:0x44000000 f30:0xcefff7e2 f30=0x44000000
     341745.000 ns	     34173	80007428	00c63533	sltu	x10,x12,x12	 x12:0xddb8b000 x12:0xddb8b000 x10=0x00000000
     341755.000 ns	     34174	8000742c	00cf7233	and	x4,x30,x12	 x30:0xc71ea513 x12:0xddb8b000  x4=0xc518a000
     341765.000 ns	     34175	80007430	010c8fb3	add	x31,x25,x16	 x25:0x0e392982 x16:0xffffffff x31=0x0e392981
     342125.000 ns	     34211	80007434	02737d33	remu	x26,x6,x7	  x6:0x80041024  x7:0x00005812 x26=0x0000462c
     342155.000 ns	     34214	80007438	204f9bd3	fsgnjn.s	f23,f31,f4	 f31:0x7fc00000  f4:0x44000000 f23=0xffc00000
     342185.000 ns	     34217	8000743c	a061a653	feq.s	x12,f3,f6	  f3:0x41350482  f6:0x473503e8 x12=0x00000000
     342205.000 ns	     34219	80007440	40625713	srai	x14,x4,0x6	  x4:0xc518a000 x14=0xff146280
     342215.000 ns	     34220	80007444	aea066b7	lui	x13,0xaea06	 x13=0xaea06000
     342235.000 ns	     34222	80007448	e00b0553	fmv.x.w	x10,f22	 f22:0x7fc00000 x10=0x7fc00000
     342265.000 ns	     34225	8000744c	03e23133	mulhu	x2,x4,x30	  x4:0xc518a000 x30:0xc71ea513  x2=0x994dbc5a
     342285.000 ns	     34227	80007450	41235fb3	sra	x31,x6,x18	  x6:0x80041024 x18:0x00000001 x31=0xc0020812
     342305.000 ns	     34229	80007454	02a0a533	mulhsu	x10,x1,x10	  x1:0x7fffffff x10:0x7fc00000 x10=0x3fdfffff
     342325.000 ns	     34231	80007458	01196933	or	x18,x18,x17	 x18:0x00000001 x17:0x071cce87 x18=0x071cce87
     342335.000 ns	     34232	8000745c	00000013	addi	x0,x0,0	  x0:0x00000000
     342665.000 ns	     34265	80007460	18309dd3	fdiv.s	f27,f1,f3	  f1:0xcefff7e1  f3:0x41350482 f27=0xcd23e478
     342685.000 ns	     34267	80007464	5cf58e93	addi	x29,x11,1487	 x11:0x00000001 x29=0x000005d0
     343045.000 ns	     34303	80007468	0316e4b3	rem	x9,x13,x17	 x13:0xaea06000 x17:0x071cce87  x9=0xfcdd3fcd
     343065.000 ns	     34305	8000746c	00df1193	slli	x3,x30,0xd	 x30:0xc71ea513  x3=0xd4a26000
     343075.000 ns	     34306	80007470	019bb433	sltu	x8,x23,x25	 x23:0xffffffff x25:0x0e392982  x8=0x00000000
     343085.000 ns	     34307	80007474	00674233	xor	x4,x14,x6	 x14:0xff146280  x6:0x80041024  x4=0x7f1072a4
     343105.000 ns	     34309	80007478	a0c9a753	feq.s	x14,f19,f12	 f19:0x3f800000 f12:0x3f800000 x14=0x00000001
     343475.000 ns	     34346	8000747c	02e6dc33	divu	x24,x13,x14	 x13:0xaea06000 x14:0xff146280 x24=0xaea06000
     343495.000 ns	     34348	80007480	01cedb33	srl	x22,x29,x28	 x29:0x000005d0 x28:0x3a617000 x22=0x000005d0
     343515.000 ns	     34350	80007484	03ee14b3	mulh	x9,x28,x30	 x28:0x3a617000 x30:0xc71ea513  x9=0xf3074b20
     343545.000 ns	     34353	80007488	a06d9d53	flt.s	x26,f27,f6	 f27:0xcd23e478  f6:0x473503e8 x26=0x00000001
     343565.000 ns	     34355	8000748c	01c13e33	sltu	x28,x2,x28	  x2:0x994dbc5a x28:0x3a617000 x28=0x00000000
     343585.000 ns	     34357	80007490	d01dcdd3	fcvt.s.wu	f27,x27	 x27:0x1a5265bf f27=0x4dd2932e
     343615.000 ns	     34360	80007494	d01234d3	fcvt.s.wu	f9,x4	  x4:0x7f1072a4  f9=0x4efe20e6
     343635.000 ns	     34362	80007498	01eea1b3	slt	x3,x29,x30	 x29:0x000005d0 x30:0xc71ea513  x3=0x00000000
     343655.000 ns	     34364	8000749c	d00f3f53	fcvt.s.w	f30,x30	 x30:0xc71ea513 f30=0xce63856c
     343695.000 ns	     34368	800074a0	100bf6d3	fmul.s	f13,f23,f0	 f23:0xffc00000  f0:0x9665f5e0 f13=0x7fc00000
     343715.000 ns	     34370	800074a4	0122e0b3	or	x1,x5,x18	  x5:0x4001c5c6 x18:0x071cce87  x1=0x471dcfc7
     343725.000 ns	     34371	800074a8	00b2dc33	srl	x24,x5,x11	  x5:0x4001c5c6 x11:0x00000001 x24=0x2000e2e3
     343735.000 ns	     34372	800074ac	41401a17	auipc	x20,0x41401	 x20=0xc14084ac
     343755.000 ns	     34374	800074b0	028131b3	mulhu	x3,x2,x8	  x2:0x994dbc5a  x8:0x00000000  x3=0x00000000
     343775.000 ns	     34376	800074b4	40efd833	sra	x16,x31,x14	 x31:0xc0020812 x14:0x00000001 x16=0xe0010409
     343795.000 ns	     34378	800074b8	a1bf9153	flt.s	x2,f31,f27	 f31:0x7fc00000 f27:0x4dd2932e  x2=0x00000000
     343815.000 ns	     34380	800074bc	41c6dbb3	sra	x23,x13,x28	 x13:0xaea06000 x28:0x00000000 x23=0xaea06000
     343835.000 ns	     34382	800074c0	d0177e53	fcvt.s.wu	f28,x14	 x14:0x00000001 f28=0x3f800000
     343855.000 ns	     34384	800074c4	01ebc9b3	xor	x19,x23,x30	 x23:0xffffffff x30:0xc71ea513 x19=0x69bec513
     343875.000 ns	     34386	800074c8	a1c805d3	fle.s	x11,f16,f28	 f16:0x7fc00000 f28:0x3f800000 x11=0x00000000
     343905.000 ns	     34389	800074cc	21061bd3	fsgnjn.s	f23,f12,f16	 f12:0x3f800000 f16:0x7fc00000 f23=0xbf800000
     343925.000 ns	     34391	800074d0	607ac693	xori	x13,x21,1543	 x21:0x00000000 x13=0x00000607
     343945.000 ns	     34393	800074d4	038eaab3	mulhsu	x21,x29,x24	 x29:0x000005d0 x24:0x2000e2e3 x21=0x000000ba
     343965.000 ns	     34395	800074d8	f74b8d93	addi	x27,x23,-140	 x23:0xaea06000 x27=0xaea05f74
     343975.000 ns	     34396	800074dc	00b6f0b3	and	x1,x13,x11	 x13:0x00000607 x11:0x00000000  x1=0x00000000
     343985.000 ns	     34397	800074e0	557a2493	slti	x9,x20,1367	 x20:0xc14084ac  x9=0x00000001
     344005.000 ns	     34399	800074e4	03b1aa33	mulhsu	x20,x3,x27	  x3:0x00000000 x27:0xaea05f74 x20=0x00000000
     344035.000 ns	     34402	800074e8	02bf98b3	mulh	x17,x31,x11	 x31:0xc0020812 x11:0x00000000 x17=0x00000000
     344055.000 ns	     34404	800074ec	00000013	addi	x0,x0,0	  x0:0x00000000
     344065.000 ns	     34405	800074f0	ba8565b7	lui	x11,0xba856	 x11=0xba856000
     344085.000 ns	     34407	800074f4	02c07db3	remu	x27,x0,x12	  x0:0x00000000 x12:0x00000000 x27=0x00000000
     344105.000 ns	     34409	800074f8	00adc233	xor	x4,x27,x10	 x27:0xaea05f74 x10:0x3fdfffff  x4=0x3fdfffff
     344115.000 ns	     34410	800074fc	50faee13	ori	x28,x21,1295	 x21:0x000000ba x28=0x000005bf
     344125.000 ns	     34411	80007500	41c20833	sub	x16,x4,x28	  x4:0x7f1072a4 x28:0x00000000 x16=0x3fdffa40
     344145.000 ns	     34413	80007504	21fb2c53	fsgnjx.s	f24,f22,f31	 f22:0x7fc00000 f31:0x7fc00000 f24=0x7fc00000
     344175.000 ns	     34416	80007508	f0050553	fmv.w.x	f10,x10	 x10:0x3fdfffff f10=0x3fdfffff
     344205.000 ns	     34419	8000750c	20ff01d3	fsgnj.s	f3,f30,f15	 f30:0xce63856c f15:0x4f7fffff  f3=0x4e63856c
     344225.000 ns	     34421	80007510	7fed9b37	lui	x22,0x7fed9	 x22=0x7fed9000
     344235.000 ns	     34422	80007514	f970a813	slti	x16,x1,-105	  x1:0x00000000 x16=0x00000000
     344245.000 ns	     34423	80007518	08022b13	slti	x22,x4,128	  x4:0x3fdfffff x22=0x00000000
     344265.000 ns	     34425	8000751c	d007c0d3	fcvt.s.w	f1,x15	 x15:0x80040fe4  f1=0xcefff7e0
     344295.000 ns	     34428	80007520	f0078bd3	fmv.w.x	f23,x15	 x15:0x80040fe4 f23=0x80040fe4
     344315.000 ns	     34430	80007524	006d5733	srl	x14,x26,x6	 x26:0x00000001  x6:0x80041024 x14=0x00000000
     344335.000 ns	     34432	80007528	036f9db3	mulh	x27,x31,x22	 x31:0xc0020812 x22:0x00000000 x27=0x00000000
     344355.000 ns	     34434	8000752c	8c71f8b7	lui	x17,0x8c71f	 x17=0x8c71f000
     344375.000 ns	     34436	80007530	02c2ae33	mulhsu	x28,x5,x12	  x5:0x4001c5c6 x12:0x00000000 x28=0x00000000
     344745.000 ns	     34473	80007534	039d7d33	remu	x26,x26,x25	 x26:0x00000001 x25:0x0e392982 x26=0x00000001
     344765.000 ns	     34475	80007538	87a10a93	addi	x21,x2,-1926	  x2:0x00000000 x21=0xfffff87a
     344775.000 ns	     34476	8000753c	006d9a93	slli	x21,x27,0x6	 x27:0x00000000 x21=0x00000000
     344805.000 ns	     34479	80007540	193af653	fdiv.s	f12,f21,f19	 f21:0x7fc00000 f19:0x3f800000 f12=0x7fc00000
     344825.000 ns	     34481	80007544	2ef32737	lui	x14,0x2ef32	 x14=0x2ef32000
     344835.000 ns	     34482	80007548	00e021b3	slt	x3,x0,x14	  x0:0x00000000 x14:0x00000000  x3=0x00000001
     344865.000 ns	     34485	8000754c	580f7fd3	fsqrt.s	f31,f30	 f30:0xce63856c f31=0x7fc00000
     344895.000 ns	     34488	80007550	20c5afd3	fsgnjx.s	f31,f11,f12	 f11:0x00000002 f12:0x7fc00000 f31=0x00000002
     344915.000 ns	     34490	80007554	00000013	addi	x0,x0,0	  x0:0x00000000
     345245.000 ns	     34523	80007558	19d07953	fdiv.s	f18,f0,f29	  f0:0x9665f5e0 f29:0x80000002 f18=0x55225336
     345285.000 ns	     34527	8000755c	11f27953	fmul.s	f18,f4,f31	  f4:0x44000000 f31:0x00000002 f18=0x00000400
     345335.000 ns	     34532	80007560	08be71d3	fsub.s	f3,f28,f11	 f28:0x3f800000 f11:0x00000002  f3=0x3f800000
     345675.000 ns	     34566	80007564	18347bd3	fdiv.s	f23,f8,f3	  f8:0x1665f5e0  f3:0x4e63856c f23=0x1665f52c
     345695.000 ns	     34568	80007568	bf910893	addi	x17,x2,-1031	  x2:0x00000000 x17=0xfffffbf9
     345705.000 ns	     34569	8000756c	2a90e113	ori	x2,x1,681	  x1:0x00000000  x2=0x000002a9
     345715.000 ns	     34570	80007570	01b0a2b3	slt	x5,x1,x27	  x1:0x00000000 x27:0x00000000  x5=0x00000000
     345735.000 ns	     34572	80007574	a12d80d3	fle.s	x1,f27,f18	 f27:0x4dd2932e f18:0x00000400  x1=0x00000000
     345755.000 ns	     34574	80007578	01e868b3	or	x17,x16,x30	 x16:0x00000000 x30:0xc71ea513 x17=0xc71ea513
     345775.000 ns	     34576	8000757c	21028ad3	fsgnj.s	f21,f5,f16	  f5:0x7fc00000 f16:0x7fc00000 f21=0x7fc00000
     345795.000 ns	     34578	80007580	00af78b3	and	x17,x30,x10	 x30:0xc71ea513 x10:0x3fdfffff x17=0x071ea513
     345805.000 ns	     34579	80007584	b27efe97	auipc	x29,0xb27ef	 x29=0x327f6584
     345825.000 ns	     34581	80007588	02ac1ab3	mulh	x21,x24,x10	 x24:0x2000e2e3 x10:0x3fdfffff x21=0x07fc389c
     345875.000 ns	     34586	8000758c	0113f2d3	fadd.s	f5,f7,f17	  f7:0x7fc00000 f17:0x3f7fffae  f5=0x7fc00000
     345895.000 ns	     34588	80007590	3bfd3393	sltiu	x7,x26,959	 x26:0x00000001  x7=0x00000001
     345905.000 ns	     34589	80007594	6b06fa13	andi	x20,x13,1712	 x13:0x00000607 x20=0x00000600
     345925.000 ns	     34591	80007598	28e68253	fmin.s	f4,f13,f14	 f13:0x7fc00000 f14:0x9665f5e0  f4=0x9665f5e0
     345955.000 ns	     34594	8000759c	294318d3	fmax.s	f17,f6,f20	  f6:0x473503e8 f20:0x7fc00000 f17=0x473503e8
     347135.000 ns	     34712	800075a0	58013753	fsqrt.s	f14,f2	  f2:0x0e3929ba f14=0x2682edff
     347155.000 ns	     34714	800075a4	c391f5b7	lui	x11,0xc391f	 x11=0xc391f000
     347165.000 ns	     34715	800075a8	01a40fb3	add	x31,x8,x26	  x8:0x00000000 x26:0x00000001 x31=0x00000001
     347185.000 ns	     34717	800075ac	a02e0b53	fle.s	x22,f28,f2	 f28:0x3f800000  f2:0x0e3929ba x22=0x00000000
     347205.000 ns	     34719	800075b0	01cf21b3	slt	x3,x30,x28	 x30:0xc71ea513 x28:0x00000000  x3=0x00000001
     347215.000 ns	     34720	800075b4	004a1213	slli	x4,x20,0x4	 x20:0x00000600  x4=0x00006000
     347225.000 ns	     34721	800075b8	42476497	auipc	x9,0x42476	  x9=0xc247d5b8
     347235.000 ns	     34722	800075bc	01f98033	add	x0,x19,x31	 x19:0x69bec513 x31:0x00000001
     347255.000 ns	     34724	800075c0	292490d3	fmax.s	f1,f9,f18	  f9:0x4efe20e6 f18:0x00000400  f1=0x4efe20e6
     347285.000 ns	     34727	800075c4	a0c614d3	flt.s	x9,f12,f12	 f12:0x7fc00000 f12:0x7fc00000  x9=0x00000000
     347305.000 ns	     34729	800075c8	8a550413	addi	x8,x10,-1883	 x10:0x3fdfffff  x8=0x3fdff8a4
     347345.000 ns	     34733	800075cc	0806fd53	fsub.s	f26,f13,f0	 f13:0x7fc00000  f0:0x9665f5e0 f26=0x7fc00000
     347375.000 ns	     34736	800075d0	02c559b3	divu	x19,x10,x12	 x10:0x3fdfffff x12:0x00000000 x19=0xffffffff
     347415.000 ns	     34740	800075d4	107132d3	fmul.s	f5,f2,f7	  f2:0x0e3929ba  f7:0x7fc00000  f5=0x7fc00000
     347785.000 ns	     34777	800075d8	0279efb3	rem	x31,x19,x7	 x19:0xffffffff  x7:0x00000001 x31=0x00000000
     347805.000 ns	     34779	800075dc	40bddb13	srai	x22,x27,0xb	 x27:0x00000000 x22=0x00000000
     347815.000 ns	     34780	800075e0	2f6db593	sltiu	x11,x27,758	 x27:0x00000000 x11=0x00000001
     347835.000 ns	     34782	800075e4	030b09b3	mul	x19,x22,x16	 x22:0x00000000 x16:0x00000000 x19=0x00000000
     347865.000 ns	     34785	800075e8	29420953	fmin.s	f18,f4,f20	  f4:0x9665f5e0 f20:0x7fc00000 f18=0x9665f5e0
     347895.000 ns	     34788	800075ec	21309553	fsgnjn.s	f10,f1,f19	  f1:0x4efe20e6 f19:0x3f800000 f10=0xcefe20e6
     347925.000 ns	     34791	800075f0	29a11453	fmax.s	f8,f2,f26	  f2:0x0e3929ba f26:0x7fc00000  f8=0x0e3929ba
     347955.000 ns	     34794	800075f4	28590953	fmin.s	f18,f18,f5	 f18:0x9665f5e0  f5:0x7fc00000 f18=0x9665f5e0
     347985.000 ns	     34797	800075f8	c00585d3	fcvt.w.s	x11,f11	 f11:0x00000002 x11=0x00000000
     348015.000 ns	     34800	800075fc	a0681053	flt.s	x0,f16,f6	 f16:0x7fc00000  f6:0x473503e8
     348045.000 ns	     34803	80007600	20441d53	fsgnjn.s	f26,f8,f4	  f8:0x0e3929ba  f4:0x9665f5e0 f26=0x0e3929ba
     348075.000 ns	     34806	80007604	d00372d3	fcvt.s.w	f5,x6	  x6:0x80041024  f5=0xcefff7df
     348105.000 ns	     34809	80007608	e00f80d3	fmv.x.w	x1,f31	 f31:0x00000002  x1=0x00000002
     348135.000 ns	     34812	8000760c	20161a53	fsgnjn.s	f20,f12,f1	 f12:0x7fc00000  f1:0x4efe20e6 f20=0xffc00000
     348505.000 ns	     34849	80007610	0244e6b3	rem	x13,x9,x4	  x9:0x00000000  x4:0x00006000 x13=0x00000000
     348545.000 ns	     34853	80007614	11c67c53	fmul.s	f24,f12,f28	 f12:0x7fc00000 f28:0x3f800000 f24=0x7fc00000
     348565.000 ns	     34855	80007618	91ddc593	xori	x11,x27,-1763	 x27:0x00000000 x11=0xfffff91d
     348605.000 ns	     34859	8000761c	0954f9d3	fsub.s	f19,f9,f21	  f9:0x4efe20e6 f21:0x7fc00000 f19=0x7fc00000
     348635.000 ns	     34862	80007620	0278b033	mulhu	x0,x17,x7	 x17:0x071ea513  x7:0x00000001
     349815.000 ns	     34980	80007624	5805b8d3	fsqrt.s	f17,f11	 f11:0x00000002 f17=0x1f350483
     349835.000 ns	     34982	80007628	00b80933	add	x18,x16,x11	 x16:0x00000000 x11:0xfffff91d x18=0xfffff91d
     349855.000 ns	     34984	8000762c	20092b53	fsgnjx.s	f22,f18,f0	 f18:0x9665f5e0  f0:0x9665f5e0 f22=0x1665f5e0
     349895.000 ns	     34988	80007630	10f0fd53	fmul.s	f26,f1,f15	  f1:0x4efe20e6 f15:0x4f7fffff f26=0x5efe20e5
     349925.000 ns	     34991	80007634	a1af2c53	feq.s	x24,f30,f26	 f30:0xce63856c f26:0x0e3929ba x24=0x00000000
     349945.000 ns	     34993	80007638	01742933	slt	x18,x8,x23	  x8:0x3fdff8a4 x23:0xaea06000 x18=0x00000000
     349955.000 ns	     34994	8000763c	4004da13	srai	x20,x9,0x0	  x9:0x00000000 x20=0x00000000
     349965.000 ns	     34995	80007640	41d45e13	srai	x28,x8,0x1d	  x8:0x3fdff8a4 x28=0x00000001
     349975.000 ns	     34996	80007644	aa52e493	ori	x9,x5,-1371	  x5:0x00000000  x9=0xfffffaa5
     349985.000 ns	     34997	80007648	0ce12f13	slti	x30,x2,206	  x2:0x000002a9 x30=0x00000000
     350005.000 ns	     34999	8000764c	d0187853	fcvt.s.wu	f16,x16	 x16:0x00000000 f16=0x00000000
     350025.000 ns	     35001	80007650	19350d13	addi	x26,x10,403	 x10:0x3fdfffff x26=0x3fe00192
     350035.000 ns	     35002	80007654	00000013	addi	x0,x0,0	  x0:0x00000000
     350055.000 ns	     35004	80007658	e0090453	fmv.x.w	x8,f18	 f18:0x9665f5e0  x8=0x9665f5e0
     350085.000 ns	     35007	8000765c	20faadd3	fsgnjx.s	f27,f21,f15	 f21:0x7fc00000 f15:0x4f7fffff f27=0x7fc00000
     350105.000 ns	     35009	80007660	005881b3	add	x3,x17,x5	 x17:0x071ea513  x5:0x00000000  x3=0x071ea513
     350115.000 ns	     35010	80007664	78995d97	auipc	x27,0x78995	 x27=0xf899c664
     350135.000 ns	     35012	80007668	a023af53	feq.s	x30,f7,f2	  f7:0x7fc00000  f2:0x0e3929ba x30=0x00000000
     350155.000 ns	     35014	8000766c	40975633	sra	x12,x14,x9	 x14:0x2ef32000  x9:0xfffffaa5 x12=0x01779900
     350175.000 ns	     35016	80007670	291985d3	fmin.s	f11,f19,f17	 f19:0x7fc00000 f17:0x1f350483 f11=0x1f350483
     350195.000 ns	     35018	80007674	000640b3	xor	x1,x12,x0	 x12:0x00000000  x0:0x00000000  x1=0x01779900
     350215.000 ns	     35020	80007678	20cf9dd3	fsgnjn.s	f27,f31,f12	 f31:0x00000002 f12:0x7fc00000 f27=0x80000002
     350235.000 ns	     35022	8000767c	a27e9397	auipc	x7,0xa27e9	  x7=0x227f067c
     350255.000 ns	     35024	80007680	209393d3	fsgnjn.s	f7,f7,f9	  f7:0x7fc00000  f9:0x4efe20e6  f7=0xffc00000
     350275.000 ns	     35026	80007684	1aa0e437	lui	x8,0x1aa0e	  x8=0x1aa0e000
     350285.000 ns	     35027	80007688	34dbff13	andi	x30,x23,845	 x23:0xaea06000 x30=0x00000000
     350315.000 ns	     35030	8000768c	18c32953	fdiv.s	f18,f6,f12	  f6:0x473503e8 f12:0x7fc00000 f18=0x7fc00000
     350335.000 ns	     35032	80007690	11002d13	slti	x26,x0,272	  x0:0x00000000 x26=0x00000001
     350355.000 ns	     35034	80007694	d01b7753	fcvt.s.wu	f14,x22	 x22:0x00000000 f14=0x00000000
     350375.000 ns	     35036	80007698	0ff90193	addi	x3,x18,255	 x18:0x00000000  x3=0x000000ff
     350395.000 ns	     35038	8000769c	d0193c53	fcvt.s.wu	f24,x18	 x18:0x00000000 f24=0x00000000
     350425.000 ns	     35041	800076a0	d01b87d3	fcvt.s.wu	f15,x23	 x23:0xaea06000 f15=0x4f2ea060
     350455.000 ns	     35044	800076a4	21e0aa53	fsgnjx.s	f20,f1,f30	  f1:0x4efe20e6 f30:0xce63856c f20=0xcefe20e6
     350485.000 ns	     35047	800076a8	d018c2d3	fcvt.s.wu	f5,x17	 x17:0x071ea513  f5=0x4ce3d4a2
     350505.000 ns	     35049	800076ac	4bbae593	ori	x11,x21,1211	 x21:0x07fc389c x11=0x07fc3cbf
     350525.000 ns	     35051	800076b0	e00a84d3	fmv.x.w	x9,f21	 f21:0x7fc00000  x9=0x7fc00000
     350575.000 ns	     35056	800076b4	011df9d3	fadd.s	f19,f27,f17	 f27:0x80000002 f17:0x1f350483 f19=0x1f350483
     350595.000 ns	     35058	800076b8	40a55693	srai	x13,x10,0xa	 x10:0x3fdfffff x13=0x000ff7ff
     350615.000 ns	     35060	800076bc	284e92d3	fmax.s	f5,f29,f4	 f29:0x80000002  f4:0x9665f5e0  f5=0x80000002
     350655.000 ns	     35064	800076c0	10cfb0d3	fmul.s	f1,f31,f12	 f31:0x00000002 f12:0x7fc00000  f1=0x7fc00000
     350695.000 ns	     35068	800076c4	10552c53	fmul.s	f24,f10,f5	 f10:0xcefe20e6  f5:0x80000002 f24=0x04fe20e6
     351065.000 ns	     35105	800076c8	03a3ee33	rem	x28,x7,x26	  x7:0x227f067c x26:0x00000001 x28=0x00000000
     351085.000 ns	     35107	800076cc	0199f5b3	and	x11,x19,x25	 x19:0x00000000 x25:0x0e392982 x11=0x00000000
     351105.000 ns	     35109	800076d0	a1110853	fle.s	x16,f2,f17	  f2:0x0e3929ba f17:0x1f350483 x16=0x00000001
     351145.000 ns	     35113	800076d4	10067753	fmul.s	f14,f12,f0	 f12:0x7fc00000  f0:0x9665f5e0 f14=0x7fc00000
     351485.000 ns	     35147	800076d8	19817d53	fdiv.s	f26,f2,f24	  f2:0x0e3929ba f24:0x04fe20e6 f26=0x4902b40c
     351505.000 ns	     35149	800076dc	00000013	addi	x0,x0,0	  x0:0x00000000
     351515.000 ns	     35150	800076e0	48cee613	ori	x12,x29,1164	 x29:0x327f6584 x12=0x327f658c
     351535.000 ns	     35152	800076e4	c0099553	fcvt.w.s	x10,f19	 f19:0x1f350483 x10=0x00000000
     351555.000 ns	     35154	800076e8	00000013	addi	x0,x0,0	  x0:0x00000000
     351565.000 ns	     35155	800076ec	ac82dd37	lui	x26,0xac82d	 x26=0xac82d000
     351575.000 ns	     35156	800076f0	33927217	auipc	x4,0x33927	  x4=0xb392e6f0
     351595.000 ns	     35158	800076f4	c00f7ad3	fcvt.w.s	x21,f30	 f30:0xce63856c x21=0x38e15b00
     351625.000 ns	     35161	800076f8	207d0953	fsgnj.s	f18,f26,f7	 f26:0x4902b40c  f7:0xffc00000 f18=0xc902b40c
     351655.000 ns	     35164	800076fc	03dea3b3	mulhsu	x7,x29,x29	 x29:0x327f6584 x29:0x327f6584  x7=0x09f6030d
     351675.000 ns	     35166	80007700	009f4933	xor	x18,x30,x9	 x30:0x00000000  x9:0x7fc00000 x18=0x7fc00000
     351695.000 ns	     35168	80007704	03ff3eb3	mulhu	x29,x30,x31	 x30:0x00000000 x31:0x00000000 x29=0x00000000
     351725.000 ns	     35171	80007708	030e3db3	mulhu	x27,x28,x16	 x28:0x00000000 x16:0x00000001 x27=0x00000000
     351755.000 ns	     35174	8000770c	02d28433	mul	x8,x5,x13	  x5:0x00000000 x13:0x000ff7ff  x8=0x00000000
     351775.000 ns	     35176	80007710	014d79b3	and	x19,x26,x20	 x26:0xac82d000 x20:0x00000000 x19=0x00000000
     351785.000 ns	     35177	80007714	00bfa933	slt	x18,x31,x11	 x31:0x00000000 x11:0x00000000 x18=0x00000000
     351795.000 ns	     35178	80007718	00000013	addi	x0,x0,0	  x0:0x00000000
     351825.000 ns	     35181	8000771c	10c0fe53	fmul.s	f28,f1,f12	  f1:0x7fc00000 f12:0x7fc00000 f28=0x7fc00000
     351845.000 ns	     35183	80007720	3ed03f13	sltiu	x30,x0,1005	  x0:0x00000000 x30=0x00000001
     351855.000 ns	     35184	80007724	00c341b3	xor	x3,x6,x12	  x6:0x80041024 x12:0x327f658c  x3=0xb27b75a8
     351865.000 ns	     35185	80007728	00ddec33	or	x24,x27,x13	 x27:0x00000000 x13:0x000ff7ff x24=0x000ff7ff
     351875.000 ns	     35186	8000772c	014061b3	or	x3,x0,x20	  x0:0x00000000 x20:0x00000000  x3=0x00000000
     352235.000 ns	     35222	80007730	03a6fbb3	remu	x23,x13,x26	 x13:0x000ff7ff x26:0xac82d000 x23=0x000ff7ff
     352255.000 ns	     35224	80007734	c8f03d93	sltiu	x27,x0,-881	  x0:0x00000000 x27=0x00000001
     352275.000 ns	     35226	80007738	d00c47d3	fcvt.s.w	f15,x24	 x24:0x000ff7ff f15=0x497f7ff0
     352305.000 ns	     35229	8000773c	29cf1ed3	fmax.s	f29,f30,f28	 f30:0xce63856c f28:0x7fc00000 f29=0xce63856c
     352325.000 ns	     35231	80007740	00000013	addi	x0,x0,0	  x0:0x00000000
     352335.000 ns	     35232	80007744	3102fd17	auipc	x26,0x3102f	 x26=0xb1036744
     352355.000 ns	     35234	80007748	a1d08d53	fle.s	x26,f1,f29	  f1:0x7fc00000 f29:0xce63856c x26=0x00000000
     352385.000 ns	     35237	8000774c	a0ab18d3	flt.s	x17,f22,f10	 f22:0x1665f5e0 f10:0xcefe20e6 x17=0x00000000
     352755.000 ns	     35274	80007750	03515bb3	divu	x23,x2,x21	  x2:0x000002a9 x21:0x38e15b00 x23=0x00000000
     352775.000 ns	     35276	80007754	003132b3	sltu	x5,x2,x3	  x2:0x000002a9  x3:0x00000000  x5=0x00000000
     352795.000 ns	     35278	80007758	02929533	mulh	x10,x5,x9	  x5:0x00000000  x9:0x7fc00000 x10=0x00000000
     352815.000 ns	     35280	8000775c	00c7d393	srli	x7,x15,0xc	 x15:0x80040fe4  x7=0x00080040
     352825.000 ns	     35281	80007760	05fb2b17	auipc	x22,0x5fb2	 x22=0x85fb9760
     352845.000 ns	     35283	80007764	a0281753	flt.s	x14,f16,f2	 f16:0x00000000  f2:0x0e3929ba x14=0x00000001
     352875.000 ns	     35286	80007768	02208a33	mul	x20,x1,x2	  x1:0x01779900  x2:0x000002a9 x20=0xe7260100
     352895.000 ns	     35288	8000776c	0017db13	srli	x22,x15,0x1	 x15:0x80040fe4 x22=0x400207f2
     352905.000 ns	     35289	80007770	008d61b3	or	x3,x26,x8	 x26:0x00000000  x8:0x00000000  x3=0x00000000
     352935.000 ns	     35292	80007774	184e0c53	fdiv.s	f24,f28,f4	 f28:0x7fc00000  f4:0x9665f5e0 f24=0x7fc00000
     352965.000 ns	     35295	80007778	29530bd3	fmin.s	f23,f6,f21	  f6:0x473503e8 f21:0x7fc00000 f23=0x473503e8
     352995.000 ns	     35298	8000777c	c0014fd3	fcvt.w.s	x31,f2	  f2:0x0e3929ba x31=0x00000000
     353015.000 ns	     35300	80007780	015ec6b3	xor	x13,x29,x21	 x29:0x00000000 x21:0x38e15b00 x13=0x38e15b00
     353035.000 ns	     35302	80007784	03852db3	mulhsu	x27,x10,x24	 x10:0x00000000 x24:0x000ff7ff x27=0x00000000
     353055.000 ns	     35304	80007788	00000013	addi	x0,x0,0	  x0:0x00000000
     353065.000 ns	     35305	8000778c	404a5bb3	sra	x23,x20,x4	 x20:0xe7260100  x4:0xb392e6f0 x23=0xffffe726
     353425.000 ns	     35341	80007790	02c35933	divu	x18,x6,x12	  x6:0x80041024 x12:0x327f658c x18=0x00000002
     353455.000 ns	     35344	80007794	e0049dd3	fclass.s	x27,f9	  f9:0x4efe20e6 x27=0x00000040
     353485.000 ns	     35347	80007798	0245a633	mulhsu	x12,x11,x4	 x11:0x00000000  x4:0xb392e6f0 x12=0x00000000
     354665.000 ns	     35465	8000779c	580ff853	fsqrt.s	f16,f31	 f31:0x00000002 f16=0x1f350483
     354685.000 ns	     35467	800077a0	413adb33	sra	x22,x21,x19	 x21:0x38e15b00 x19:0x00000000 x22=0x38e15b00
     354705.000 ns	     35469	800077a4	a0ed2e53	feq.s	x28,f26,f14	 f26:0x4902b40c f14:0x7fc00000 x28=0x00000000
     354725.000 ns	     35471	800077a8	009c7033	and	x0,x24,x9	 x24:0x000ff7ff  x9:0x7fc00000
     354745.000 ns	     35473	800077ac	a0998253	fle.s	x4,f19,f9	 f19:0x1f350483  f9:0x4efe20e6  x4=0x00000001
     354765.000 ns	     35475	800077b0	9327ed93	ori	x27,x15,-1742	 x15:0x80040fe4 x27=0xfffffff6
     354795.000 ns	     35478	800077b4	10879353	fmul.s	f6,f15,f8	 f15:0x497f7ff0  f8:0x0e3929ba  f6=0x1838cd19
     354815.000 ns	     35480	800077b8	00685693	srli	x13,x16,0x6	 x16:0x00000001 x13=0x00000000
     354825.000 ns	     35481	800077bc	bc417eb7	lui	x29,0xbc417	 x29=0xbc417000
     354845.000 ns	     35483	800077c0	d004a4d3	fcvt.s.w	f9,x9	  x9:0x7fc00000  f9=0x4eff8000
     354875.000 ns	     35486	800077c4	29289753	fmax.s	f14,f17,f18	 f17:0x1f350483 f18:0xc902b40c f14=0x1f350483
     354915.000 ns	     35490	800077c8	11ac3fd3	fmul.s	f31,f24,f26	 f24:0x7fc00000 f26:0x4902b40c f31=0x7fc00000
     354945.000 ns	     35493	800077cc	a1f52dd3	feq.s	x27,f10,f31	 f10:0xcefe20e6 f31:0x00000002 x27=0x00000000
     354965.000 ns	     35495	800077d0	75f31d97	auipc	x27,0x75f31	 x27=0xf5f387d0
     354985.000 ns	     35497	800077d4	021882b3	mul	x5,x17,x1	 x17:0x00000000  x1:0x01779900  x5=0x00000000
     355015.000 ns	     35500	800077d8	d000b1d3	fcvt.s.w	f3,x1	  x1:0x01779900  f3=0x4bbbcc80
     355045.000 ns	     35503	800077dc	0251f9b3	remu	x19,x3,x5	  x3:0x00000000  x5:0x00000000 x19=0x00000000
     355065.000 ns	     35505	800077e0	0156fbb3	and	x23,x13,x21	 x13:0x00000000 x21:0x38e15b00 x23=0x00000000
     355075.000 ns	     35506	800077e4	61c63193	sltiu	x3,x12,1564	 x12:0x00000000  x3=0x00000001
     356245.000 ns	     35623	800077e8	5804fad3	fsqrt.s	f21,f9	  f9:0x4eff8000 f21=0x4734d769
     356265.000 ns	     35625	800077ec	6db4e293	ori	x5,x9,1755	  x9:0x7fc00000  x5=0x7fc006db
     356275.000 ns	     35626	800077f0	0035d113	srli	x2,x11,0x3	 x11:0x00000000  x2=0x00000000
     356295.000 ns	     35628	800077f4	a08e1d53	flt.s	x26,f28,f8	 f28:0x7fc00000  f8:0x0e3929ba x26=0x00000000
     356325.000 ns	     35631	800077f8	a1e6a853	feq.s	x16,f13,f30	 f13:0x7fc00000 f30:0xce63856c x16=0x00000000
     356375.000 ns	     35636	800077fc	091f3953	fsub.s	f18,f30,f17	 f30:0xce63856c f17:0x1f350483 f18=0xce63856c
     356395.000 ns	     35638	80007800	0172c6b3	xor	x13,x5,x23	  x5:0x7fc006db x23:0x00000000 x13=0x7fc006db
     357565.000 ns	     35755	80007804	580afcd3	fsqrt.s	f25,f21	 f21:0x4734d769 f25=0x42ffbf5c
     357595.000 ns	     35758	80007808	03da03b3	mul	x7,x20,x29	 x20:0xe7260100 x29:0xbc417000  x7=0xe1700000
     357965.000 ns	     35795	8000780c	02d1c1b3	div	x3,x3,x13	  x3:0x00000001 x13:0x7fc006db  x3=0x00000000
     357995.000 ns	     35798	80007810	a0891dd3	flt.s	x27,f18,f8	 f18:0xce63856c  f8:0x0e3929ba x27=0x00000001
     358015.000 ns	     35800	80007814	1118e293	ori	x5,x17,273	 x17:0x00000000  x5=0x00000111
     358025.000 ns	     35801	80007818	002cf833	and	x16,x25,x2	 x25:0x0e392982  x2:0x00000000 x16=0x00000000
     358035.000 ns	     35802	8000781c	00b81293	slli	x5,x16,0xb	 x16:0x00000000  x5=0x00000000
     358395.000 ns	     35838	80007820	02905633	divu	x12,x0,x9	  x0:0x00000000  x9:0x7fc00000 x12=0x00000000
     358425.000 ns	     35841	80007824	e00518d3	fclass.s	x17,f10	 f10:0xcefe20e6 x17=0x00000002
     358455.000 ns	     35844	80007828	207980d3	fsgnj.s	f1,f19,f7	 f19:0x1f350483  f7:0xffc00000  f1=0x9f350483
     358485.000 ns	     35847	8000782c	c008b8d3	fcvt.w.s	x17,f17	 f17:0x1f350483 x17=0x00000000
     358515.000 ns	     35850	80007830	e00911d3	fclass.s	x3,f18	 f18:0xce63856c  x3=0x00000002
     358535.000 ns	     35852	80007834	01edf433	and	x8,x27,x30	 x27:0x00000001 x30:0x00000001  x8=0x00000001
     358575.000 ns	     35856	80007838	0940bfd3	fsub.s	f31,f1,f20	  f1:0x9f350483 f20:0xcefe20e6 f31=0x4efe20e6
     358605.000 ns	     35859	8000783c	a1d99bd3	flt.s	x23,f19,f29	 f19:0x1f350483 f29:0xce63856c x23=0x00000000
     358635.000 ns	     35862	80007840	03acdab3	divu	x21,x25,x26	 x25:0x0e392982 x26:0x00000000 x21=0xffffffff
     358665.000 ns	     35865	80007844	f0098053	fmv.w.x	f0,x19	 x19:0x00000000  f0=0x00000000
     359035.000 ns	     35902	80007848	03845b33	divu	x22,x8,x24	  x8:0x00000001 x24:0x000ff7ff x22=0x00000000
     359055.000 ns	     35904	8000784c	4178df33	sra	x30,x17,x23	 x17:0x00000000 x23:0x00000000 x30=0x00000000
     359095.000 ns	     35908	80007850	0111cfd3	fadd.s	f31,f3,f17	  f3:0x4bbbcc80 f17:0x1f350483 f31=0x4bbbcc80
     359115.000 ns	     35910	80007854	bc042393	slti	x7,x8,-1088	  x8:0x00000001  x7=0x00000000
     359125.000 ns	     35911	80007858	01ed5e93	srli	x29,x26,0x1e	 x26:0x00000000 x29=0x00000000
     359455.000 ns	     35944	8000785c	19a83ad3	fdiv.s	f21,f16,f26	 f16:0x1f350483 f26:0x4902b40c f21=0x15350484
     359475.000 ns	     35946	80007860	018b1813	slli	x16,x22,0x18	 x22:0x00000000 x16=0x00000000
     359505.000 ns	     35949	80007864	11cf7cd3	fmul.s	f25,f30,f28	 f30:0xce63856c f28:0x7fc00000 f25=0x7fc00000
     359535.000 ns	     35952	80007868	03449c33	mulh	x24,x9,x20	  x9:0x7fc00000 x20:0xe7260100 x24=0xf39936ff
     359565.000 ns	     35955	8000786c	0275c8b3	div	x17,x11,x7	 x11:0x00000000  x7:0x00000000 x17=0xffffffff
     359585.000 ns	     35957	80007870	01d74db3	xor	x27,x14,x29	 x14:0x00000001 x29:0x00000000 x27=0x00000001
     359605.000 ns	     35959	80007874	03630433	mul	x8,x6,x22	  x6:0x80041024 x22:0x00000000  x8=0x00000000
     359625.000 ns	     35961	80007878	00679713	slli	x14,x15,0x6	 x15:0x80040fe4 x14=0x0103f900
     359635.000 ns	     35962	8000787c	ccff5517	auipc	x10,0xccff5	 x10=0x4cffc87c
     359645.000 ns	     35963	80007880	0128fdb3	and	x27,x17,x18	 x17:0xffffffff x18:0x00000002 x27=0x00000002
     359655.000 ns	     35964	80007884	01595b13	srli	x22,x18,0x15	 x18:0x00000002 x22=0x00000000
     359675.000 ns	     35966	80007888	034a36b3	mulhu	x13,x20,x20	 x20:0xe7260100 x20:0xe7260100 x13=0xd0b59b72
     359705.000 ns	     35969	8000788c	02f90ab3	mul	x21,x18,x15	 x18:0x00000002 x15:0x80040fe4 x21=0x00081fc8
     360075.000 ns	     36006	80007890	02face33	div	x28,x21,x15	 x21:0xffffffff x15:0x80040fe4 x28=0x00000000
     360105.000 ns	     36009	80007894	c00e8853	fcvt.w.s	x16,f29	 f29:0xce63856c x16=0xc71ea500
     360125.000 ns	     36011	80007898	7537a613	slti	x12,x15,1875	 x15:0x80040fe4 x12=0x00000001
     360135.000 ns	     36012	8000789c	59fe4093	xori	x1,x28,1439	 x28:0x00000000  x1=0x0000059f
     360145.000 ns	     36013	800078a0	6f2aee93	ori	x29,x21,1778	 x21:0x00081fc8 x29=0x00081ffa
     360165.000 ns	     36015	800078a4	036cef33	rem	x30,x25,x22	 x25:0x0e392982 x22:0x00000000 x30=0x0e392982
     360185.000 ns	     36017	800078a8	012c6f33	or	x30,x24,x18	 x24:0xf39936ff x18:0x00000002 x30=0xf39936ff
     360205.000 ns	     36019	800078ac	d002ccd3	fcvt.s.w	f25,x5	  x5:0x00000000 f25=0x00000000
     360225.000 ns	     36021	800078b0	01405b13	srli	x22,x0,0x14	  x0:0x00000000 x22=0x00000000
     360235.000 ns	     36022	800078b4	2ce4cc17	auipc	x24,0x2ce4c	 x24=0xace538b4
     360245.000 ns	     36023	800078b8	41560bb3	sub	x23,x12,x21	 x12:0x00000001 x21:0x00081fc8 x23=0xfff7e039
     360285.000 ns	     36027	800078bc	019af6d3	fadd.s	f13,f21,f25	 f21:0x15350484 f25:0x00000000 f13=0x15350484
     360305.000 ns	     36029	800078c0	eb526617	auipc	x12,0xeb526	 x12=0x6b52d8c0
     360325.000 ns	     36031	800078c4	e00c0f53	fmv.x.w	x30,f24	 f24:0x7fc00000 x30=0x7fc00000
     360665.000 ns	     36065	800078c8	19d9fd53	fdiv.s	f26,f19,f29	 f19:0x1f350483 f29:0xce63856c f26=0x90350484
     360715.000 ns	     36070	800078cc	0010fe53	fadd.s	f28,f1,f1	  f1:0x9f350483  f1:0x9f350483 f28=0x9fb50483
     360745.000 ns	     36073	800078d0	c01dfb53	fcvt.wu.s	x22,f27	 f27:0x80000002 x22=0x00000000
     360775.000 ns	     36076	800078d4	02b8a933	mulhsu	x18,x17,x11	 x17:0xffffffff x11:0x00000000 x18=0x00000000
     360795.000 ns	     36078	800078d8	011fb833	sltu	x16,x31,x17	 x31:0x00000000 x17:0xffffffff x16=0x00000001
     360805.000 ns	     36079	800078dc	4101d113	srai	x2,x3,0x10	  x3:0x00000002  x2=0x00000000
     360815.000 ns	     36080	800078e0	d0ce8a13	addi	x20,x29,-756	 x29:0x00081ffa x20=0x00081d06
     360825.000 ns	     36081	800078e4	0132df33	srl	x30,x5,x19	  x5:0x00000000 x19:0x00000000 x30=0x00000000
     360845.000 ns	     36083	800078e8	21171a53	fsgnjn.s	f20,f14,f17	 f14:0x1f350483 f17:0x1f350483 f20=0x9f350483
     360865.000 ns	     36085	800078ec	016c8fb3	add	x31,x25,x22	 x25:0x0e392982 x22:0x00000000 x31=0x0e392982
     360885.000 ns	     36087	800078f0	e0031553	fclass.s	x10,f6	  f6:0x1838cd19 x10=0x00000040
     360915.000 ns	     36090	800078f4	f00f89d3	fmv.w.x	f19,x31	 x31:0x00000000 f19=0x0e392982
     360935.000 ns	     36092	800078f8	00155a93	srli	x21,x10,0x1	 x10:0x00000040 x21=0x00000020
     360955.000 ns	     36094	800078fc	e00e1953	fclass.s	x18,f28	 f28:0x9fb50483 x18=0x00000002
     360985.000 ns	     36097	80007900	c00e2253	fcvt.w.s	x4,f28	 f28:0x9fb50483  x4=0x00000000
     361015.000 ns	     36100	80007904	21ef0b53	fsgnj.s	f22,f30,f30	 f30:0xce63856c f30:0xce63856c f22=0xce63856c
     361035.000 ns	     36102	80007908	0188b3b3	sltu	x7,x17,x24	 x17:0xffffffff x24:0xace538b4  x7=0x00000000
     361045.000 ns	     36103	8000790c	019522b3	slt	x5,x10,x25	 x10:0x00000040 x25:0x0e392982  x5=0x00000001
     361055.000 ns	     36104	80007910	91355b97	auipc	x23,0x91355	 x23=0x1135c910
     361065.000 ns	     36105	80007914	d835ab93	slti	x23,x11,-637	 x11:0x00000000 x23=0x00000000
     361085.000 ns	     36107	80007918	02d80933	mul	x18,x16,x13	 x16:0x00000001 x13:0xd0b59b72 x18=0xd0b59b72
     361115.000 ns	     36110	8000791c	28781853	fmax.s	f16,f16,f7	 f16:0x1f350483  f7:0xffc00000 f16=0x1f350483
     361145.000 ns	     36113	80007920	d01b3053	fcvt.s.wu	f0,x22	 x22:0x00000000  f0=0x00000000
     361195.000 ns	     36118	80007924	09eb1053	fsub.s	f0,f22,f30	 f22:0xce63856c f30:0xce63856c  f0=0x00000000
     361225.000 ns	     36121	80007928	02c0b633	mulhu	x12,x1,x12	  x1:0x0000059f x12:0x6b52d8c0 x12=0x0000025b
     361245.000 ns	     36123	8000792c	a7e40a93	addi	x21,x8,-1410	  x8:0x00000000 x21=0xfffffa7e
     361255.000 ns	     36124	80007930	c022e593	ori	x11,x5,-1022	  x5:0x00000001 x11=0xfffffc03
     361265.000 ns	     36125	80007934	40b8d6b3	sra	x13,x17,x11	 x17:0xffffffff x11:0x00000000 x13=0xffffffff
     361285.000 ns	     36127	80007938	a16903d3	fle.s	x7,f18,f22	 f18:0xce63856c f22:0xce63856c  x7=0x00000001
     361305.000 ns	     36129	8000793c	4040dfb3	sra	x31,x1,x4	  x1:0x0000059f  x4:0x00000000 x31=0x0000059f
     361325.000 ns	     36131	80007940	28d89a53	fmax.s	f20,f17,f13	 f17:0x1f350483 f13:0x15350484 f20=0x1f350483
     361345.000 ns	     36133	80007944	419ddd13	srai	x26,x27,0x19	 x27:0x00000002 x26=0x00000000
     361365.000 ns	     36135	80007948	c00db3d3	fcvt.w.s	x7,f27	 f27:0x80000002  x7=0x00000000
     361385.000 ns	     36137	8000794c	a2a5f593	andi	x11,x11,-1494	 x11:0xfffffc03 x11=0xfffff802
     361745.000 ns	     36173	80007950	03da5833	divu	x16,x20,x29	 x20:0x00081d06 x29:0x00081ffa x16=0x00000000
     361765.000 ns	     36175	80007954	01bf1633	sll	x12,x30,x27	 x30:0x00000000 x27:0x00000002 x12=0x00000000
     361775.000 ns	     36176	80007958	001ad213	srli	x4,x21,0x1	 x21:0xfffffa7e  x4=0x7ffffd3f
     361785.000 ns	     36177	8000795c	87e8b813	sltiu	x16,x17,-1922	 x17:0xffffffff x16=0x00000000
     361815.000 ns	     36180	80007960	1193b5d3	fmul.s	f11,f7,f25	  f7:0xffc00000 f25:0x00000000 f11=0x7fc00000
     362185.000 ns	     36217	80007964	021e7033	remu	x0,x28,x1	 x28:0x00000000  x1:0x0000059f
     362555.000 ns	     36254	80007968	02be51b3	divu	x3,x28,x11	 x28:0x00000000 x11:0xfffff802  x3=0x00000000
     362585.000 ns	     36257	8000796c	203a24d3	fsgnjx.s	f9,f20,f3	 f20:0x1f350483  f3:0x4bbbcc80  f9=0x1f350483
     362615.000 ns	     36260	80007970	299584d3	fmin.s	f9,f11,f25	 f11:0x7fc00000 f25:0x00000000  f9=0x00000000
     362635.000 ns	     36262	80007974	c841dbb7	lui	x23,0xc841d	 x23=0xc841d000
     362645.000 ns	     36263	80007978	41555eb3	sra	x29,x10,x21	 x10:0x00000040 x21:0xfffffa7e x29=0x00000000
     362665.000 ns	     36265	8000797c	d0112ad3	fcvt.s.wu	f21,x2	  x2:0x00000000 f21=0x00000000
     362695.000 ns	     36268	80007980	28090253	fmin.s	f4,f18,f0	 f18:0xce63856c  f0:0x00000000  f4=0xce63856c
     362715.000 ns	     36270	80007984	40bb5193	srai	x3,x22,0xb	 x22:0x00000000  x3=0x00000000
     362735.000 ns	     36272	80007988	e0008853	fmv.x.w	x16,f1	  f1:0x9f350483 x16=0x9f350483
     363105.000 ns	     36309	8000798c	0250eeb3	rem	x29,x1,x5	  x1:0x0000059f  x5:0x00000001 x29=0x00000000
     363135.000 ns	     36312	80007990	c006f853	fcvt.w.s	x16,f13	 f13:0x15350484 x16=0x00000000
     363165.000 ns	     36315	80007994	0309d4b3	divu	x9,x19,x16	 x19:0x00000000 x16:0x9f350483  x9=0xffffffff
     363185.000 ns	     36317	80007998	004b9513	slli	x10,x23,0x4	 x23:0xc841d000 x10=0x841d0000
     363195.000 ns	     36318	8000799c	4a38f717	auipc	x14,0x4a38f	 x14=0xca39699c
     363215.000 ns	     36320	800079a0	f00b0653	fmv.w.x	f12,x22	 x22:0x00000000 f12=0x00000000
     363245.000 ns	     36323	800079a4	d008a353	fcvt.s.w	f6,x17	 x17:0xffffffff  f6=0xbf800000
     363265.000 ns	     36325	800079a8	00000013	addi	x0,x0,0	  x0:0x00000000
     363595.000 ns	     36358	800079ac	188bf953	fdiv.s	f18,f23,f8	 f23:0x473503e8  f8:0x0e3929ba f18=0x787f8d0e
     363615.000 ns	     36360	800079b0	618e1037	lui	x0,0x618e1	
     363655.000 ns	     36364	800079b4	0074fc53	fadd.s	f24,f9,f7	  f9:0x00000000  f7:0xffc00000 f24=0x7fc00000
     363675.000 ns	     36366	800079b8	5e2b2413	slti	x8,x22,1506	 x22:0x00000000  x8=0x00000001
     363685.000 ns	     36367	800079bc	00000013	addi	x0,x0,0	  x0:0x00000000
     363705.000 ns	     36369	800079c0	d0177053	fcvt.s.wu	f0,x14	 x14:0xca39699c  f0=0x4f4a3969
     363735.000 ns	     36372	800079c4	f0038e53	fmv.w.x	f28,x7	  x7:0x00000000 f28=0x00000000
     363755.000 ns	     36374	800079c8	41585d13	srai	x26,x16,0x15	 x16:0x00000000 x26=0x00000000
     363775.000 ns	     36376	800079cc	c0017453	fcvt.w.s	x8,f2	  f2:0x0e3929ba  x8=0x00000000
     363795.000 ns	     36378	800079d0	98507d93	andi	x27,x0,-1659	  x0:0x00000000 x27=0x00000000
     363805.000 ns	     36379	800079d4	00f91eb3	sll	x29,x18,x15	 x18:0xd0b59b72 x15:0x80040fe4 x29=0x0b59b720
     363815.000 ns	     36380	800079d8	0cf5a537	lui	x10,0xcf5a	 x10=0x0cf5a000
     363835.000 ns	     36382	800079dc	20159f53	fsgnjn.s	f30,f11,f1	 f11:0x7fc00000  f1:0x9f350483 f30=0x7fc00000
     363865.000 ns	     36385	800079e0	20c821d3	fsgnjx.s	f3,f16,f12	 f16:0x1f350483 f12:0x00000000  f3=0x1f350483
     363885.000 ns	     36387	800079e4	27894297	auipc	x5,0x27894	  x5=0xa789b9e4
     363905.000 ns	     36389	800079e8	e0059bd3	fclass.s	x23,f11	 f11:0x7fc00000 x23=0x00000200
     363935.000 ns	     36392	800079ec	029f8ab3	mul	x21,x31,x9	 x31:0x0000059f  x9:0xffffffff x21=0xfffffa61
     363965.000 ns	     36395	800079f0	a040a2d3	feq.s	x5,f1,f4	  f1:0x9f350483  f4:0xce63856c  x5=0x00000000
     364015.000 ns	     36400	800079f4	09699753	fsub.s	f14,f19,f22	 f19:0x0e392982 f22:0xce63856c f14=0x4e63856c
     364045.000 ns	     36403	800079f8	d00f0253	fcvt.s.w	f4,x30	 x30:0x00000000  f4=0x00000000
     364065.000 ns	     36405	800079fc	401d5493	srai	x9,x26,0x1	 x26:0x00000000  x9=0x00000000
     364075.000 ns	     36406	80007a00	0031edb3	or	x27,x3,x3	  x3:0x00000000  x3:0x00000000 x27=0x00000000
     364095.000 ns	     36408	80007a04	0299c0b3	div	x1,x19,x9	 x19:0x00000000  x9:0xffffffff  x1=0xffffffff
     364125.000 ns	     36411	80007a08	a04392d3	flt.s	x5,f7,f4	  f7:0xffc00000  f4:0x00000000  x5=0x00000000
     364145.000 ns	     36413	80007a0c	01c631b3	sltu	x3,x12,x28	 x12:0x00000000 x28:0x00000000  x3=0x00000000
     364155.000 ns	     36414	80007a10	014699b3	sll	x19,x13,x20	 x13:0xffffffff x20:0x00081d06 x19=0xffffffc0
     364175.000 ns	     36416	80007a14	c0038c53	fcvt.w.s	x24,f7	  f7:0xffc00000 x24=0x7fffffff
     364545.000 ns	     36453	80007a18	02447e33	remu	x28,x8,x4	  x8:0x00000000  x4:0x7ffffd3f x28=0x00000000
     364575.000 ns	     36456	80007a1c	026b0ab3	mul	x21,x22,x6	 x22:0x00000000  x6:0x80041024 x21=0x00000000
     364605.000 ns	     36459	80007a20	c013f3d3	fcvt.wu.s	x7,f7	  f7:0xffc00000  x7=0xffffffff
     364975.000 ns	     36496	80007a24	03865d33	divu	x26,x12,x24	 x12:0x00000000 x24:0x7fffffff x26=0x00000000
     365005.000 ns	     36499	80007a28	21050453	fsgnj.s	f8,f10,f16	 f10:0xcefe20e6 f16:0x1f350483  f8=0x4efe20e6
     365025.000 ns	     36501	80007a2c	f81b6b13	ori	x22,x22,-127	 x22:0x00000000 x22=0xffffff81
     365035.000 ns	     36502	80007a30	0062d213	srli	x4,x5,0x6	  x5:0x00000000  x4=0x00000000
     365055.000 ns	     36504	80007a34	c00446d3	fcvt.w.s	x13,f8	  f8:0x4efe20e6 x13=0x7f107300
     366235.000 ns	     36622	80007a38	580472d3	fsqrt.s	f5,f8	  f8:0x4efe20e6  f5=0x47345b07
     366265.000 ns	     36625	80007a3c	f0008553	fmv.w.x	f10,x1	  x1:0xffffffff f10=0xffffffff
     366295.000 ns	     36628	80007a40	204f0453	fsgnj.s	f8,f30,f4	 f30:0x7fc00000  f4:0x00000000  f8=0x7fc00000
     366325.000 ns	     36631	80007a44	03a969b3	rem	x19,x18,x26	 x18:0xd0b59b72 x26:0x00000000 x19=0xd0b59b72
     366365.000 ns	     36635	80007a48	19154d53	fdiv.s	f26,f10,f17	 f10:0xffffffff f17:0x1f350483 f26=0x7fc00000
     366385.000 ns	     36637	80007a4c	d0999a97	auipc	x21,0xd0999	 x21=0x509a0a4c
     367555.000 ns	     36754	80007a50	5802f953	fsqrt.s	f18,f5	  f5:0x47345b07 f18=0x42ff0f70
     367585.000 ns	     36757	80007a54	f0040453	fmv.w.x	f8,x8	  x8:0x00000000  f8=0x00000000
     367605.000 ns	     36759	80007a58	40670e33	sub	x28,x14,x6	 x14:0xca39699c  x6:0x80041024 x28=0x4a355978
     367625.000 ns	     36761	80007a5c	03ef4533	div	x10,x30,x30	 x30:0x00000000 x30:0x00000000 x10=0xffffffff
     367655.000 ns	     36764	80007a60	a10684d3	fle.s	x9,f13,f16	 f13:0x15350484 f16:0x1f350483  x9=0x00000001
     367675.000 ns	     36766	80007a64	00c846b3	xor	x13,x16,x12	 x16:0x00000000 x12:0x00000000 x13=0x00000000
     367695.000 ns	     36768	80007a68	e0029553	fclass.s	x10,f5	  f5:0x47345b07 x10=0x00000040
     367725.000 ns	     36771	80007a6c	a0f29153	flt.s	x2,f5,f15	  f5:0x47345b07 f15:0x497f7ff0  x2=0x00000001
     368095.000 ns	     36808	80007a70	0330efb3	rem	x31,x1,x19	  x1:0xffffffff x19:0xd0b59b72 x31=0xffffffff
     368115.000 ns	     36810	80007a74	2a560013	addi	x0,x12,677	 x12:0x00000000
     368135.000 ns	     36812	80007a78	a1d42fd3	feq.s	x31,f8,f29	  f8:0x00000000 f29:0xce63856c x31=0x00000000
     368165.000 ns	     36815	80007a7c	e0048653	fmv.x.w	x12,f9	  f9:0x00000000 x12=0x00000000
     368535.000 ns	     36852	80007a80	02e9e1b3	rem	x3,x19,x14	 x19:0xd0b59b72 x14:0xca39699c  x3=0xd0b59b72
     368555.000 ns	     36854	80007a84	00b1d913	srli	x18,x3,0xb	  x3:0x00000000 x18=0x001a16b3
     368565.000 ns	     36855	80007a88	00e14133	xor	x2,x2,x14	  x2:0x00000001 x14:0xca39699c  x2=0xca39699d
     368585.000 ns	     36857	80007a8c	21f789d3	fsgnj.s	f19,f15,f31	 f15:0x497f7ff0 f31:0x4bbbcc80 f19=0x497f7ff0
     368615.000 ns	     36860	80007a90	a1248fd3	fle.s	x31,f9,f18	  f9:0x00000000 f18:0x42ff0f70 x31=0x00000001
     368655.000 ns	     36864	80007a94	1885f353	fdiv.s	f6,f11,f8	 f11:0x7fc00000  f8:0x00000000  f6=0x7fc00000
     368675.000 ns	     36866	80007a98	40c0d913	srai	x18,x1,0xc	  x1:0xffffffff x18=0xffffffff
     368695.000 ns	     36868	80007a9c	e0098553	fmv.x.w	x10,f19	 f19:0x497f7ff0 x10=0x497f7ff0
     368725.000 ns	     36871	80007aa0	a0d62ed3	feq.s	x29,f12,f13	 f12:0x00000000 f13:0x15350484 x29=0x00000000
     368745.000 ns	     36873	80007aa4	b29dcd13	xori	x26,x27,-1239	 x27:0x00000000 x26=0xfffffb29
     368755.000 ns	     36874	80007aa8	013de1b3	or	x3,x27,x19	 x27:0x00000000 x19:0xd0b59b72  x3=0xd0b59b72
     368775.000 ns	     36876	80007aac	29398853	fmin.s	f16,f19,f19	 f19:0x497f7ff0 f19:0x497f7ff0 f16=0x497f7ff0
     368795.000 ns	     36878	80007ab0	0196b1b3	sltu	x3,x13,x25	 x13:0x00000000 x25:0x0e392982  x3=0x00000001
     368805.000 ns	     36879	80007ab4	1f558eb7	lui	x29,0x1f558	 x29=0x1f558000
     368815.000 ns	     36880	80007ab8	00f6de93	srli	x29,x13,0xf	 x13:0x00000000 x29=0x00000000
     368835.000 ns	     36882	80007abc	214200d3	fsgnj.s	f1,f4,f20	  f4:0x00000000 f20:0x1f350483  f1=0x00000000
     369205.000 ns	     36919	80007ac0	034042b3	div	x5,x0,x20	  x0:0x00000000 x20:0x00081d06  x5=0x00000000
     370385.000 ns	     37037	80007ac4	580298d3	fsqrt.s	f17,f5	  f5:0x47345b07 f17=0x42ff0f70
     370435.000 ns	     37042	80007ac8	01f4bd53	fadd.s	f26,f9,f31	  f9:0x00000000 f31:0x4bbbcc80 f26=0x4bbbcc80
     370455.000 ns	     37044	80007acc	e24f0293	addi	x5,x30,-476	 x30:0x00000000  x5=0xfffffe24
     370495.000 ns	     37048	80007ad0	082071d3	fsub.s	f3,f0,f2	  f0:0x4f4a3969  f2:0x0e3929ba  f3=0x4f4a3969
     370865.000 ns	     37085	80007ad4	033178b3	remu	x17,x2,x19	  x2:0xca39699d x19:0xd0b59b72 x17=0xca39699d
     370915.000 ns	     37090	80007ad8	092f0253	fsub.s	f4,f30,f18	 f30:0x7fc00000 f18:0x42ff0f70  f4=0x7fc00000
     370945.000 ns	     37093	80007adc	f00800d3	fmv.w.x	f1,x16	 x16:0x00000000  f1=0x00000000
     370965.000 ns	     37095	80007ae0	00a4d5b3	srl	x11,x9,x10	  x9:0x00000001 x10:0x497f7ff0 x11=0x00000000
     370985.000 ns	     37097	80007ae4	e0009ed3	fclass.s	x29,f1	  f1:0x00000000 x29=0x00000010
     371005.000 ns	     37099	80007ae8	00481d33	sll	x26,x16,x4	 x16:0x00000000  x4:0x00000000 x26=0x00000000
     371015.000 ns	     37100	80007aec	07b87097	auipc	x1,0x7b87	  x1=0x87b8eaec
     371025.000 ns	     37101	80007af0	00760d33	add	x26,x12,x7	 x12:0x00000000  x7:0xffffffff x26=0xffffffff
     371035.000 ns	     37102	80007af4	014af033	and	x0,x21,x20	 x21:0x509a0a4c x20:0x00081d06
     371055.000 ns	     37104	80007af8	0331a533	mulhsu	x10,x3,x19	  x3:0x00000001 x19:0xd0b59b72 x10=0x00000000
     371075.000 ns	     37106	80007afc	0149ae33	slt	x28,x19,x20	 x19:0xd0b59b72 x20:0x00081d06 x28=0x00000001
     371085.000 ns	     37107	80007b00	01709533	sll	x10,x1,x23	  x1:0x87b8eaec x23:0x00000200 x10=0x87b8eaec
     371095.000 ns	     37108	80007b04	b325bb13	sltiu	x22,x11,-1230	 x11:0x00000000 x22=0x00000001
     371125.000 ns	     37111	80007b08	10baf253	fmul.s	f4,f21,f11	 f21:0x00000000 f11:0x7fc00000  f4=0x7fc00000
     371155.000 ns	     37114	80007b0c	f00887d3	fmv.w.x	f15,x17	 x17:0xca39699d f15=0xca39699d
     371185.000 ns	     37117	80007b10	a09c1b53	flt.s	x22,f24,f9	 f24:0x7fc00000  f9:0x00000000 x22=0x00000000
     371215.000 ns	     37120	80007b14	c01d8f53	fcvt.wu.s	x30,f27	 f27:0x80000002 x30=0x00000000
     371235.000 ns	     37122	80007b18	01c361b3	or	x3,x6,x28	  x6:0x80041024 x28:0x00000001  x3=0x80041025
     371255.000 ns	     37124	80007b1c	a0082b53	feq.s	x22,f16,f0	 f16:0x497f7ff0  f0:0x4f4a3969 x22=0x00000000
     371275.000 ns	     37126	80007b20	f4ae6d17	auipc	x26,0xf4ae6	 x26=0x74aedb20
     371285.000 ns	     37127	80007b24	fdee7a93	andi	x21,x28,-34	 x28:0x00000001 x21=0x00000000
     371295.000 ns	     37128	80007b28	25fa6393	ori	x7,x20,607	 x20:0x00081d06  x7=0x00081f5f
     371315.000 ns	     37130	80007b2c	20812cd3	fsgnjx.s	f25,f2,f8	  f2:0x0e3929ba  f8:0x00000000 f25=0x0e3929ba
     371335.000 ns	     37132	80007b30	01dd1833	sll	x16,x26,x29	 x26:0x74aedb20 x29:0x00000010 x16=0xdb200000
     371355.000 ns	     37134	80007b34	a0b825d3	feq.s	x11,f16,f11	 f16:0x497f7ff0 f11:0x7fc00000 x11=0x00000000
     371385.000 ns	     37137	80007b38	a057a4d3	feq.s	x9,f15,f5	 f15:0xca39699d  f5:0x47345b07  x9=0x00000000
     371415.000 ns	     37140	80007b3c	21460653	fsgnj.s	f12,f12,f20	 f12:0x00000000 f20:0x1f350483 f12=0x00000000
     371445.000 ns	     37143	80007b40	0314aab3	mulhsu	x21,x9,x17	  x9:0x00000000 x17:0xca39699d x21=0x00000000
     371475.000 ns	     37146	80007b44	02e639b3	mulhu	x19,x12,x14	 x12:0x00000000 x14:0xca39699c x19=0x00000000
     371505.000 ns	     37149	80007b48	a0419ad3	flt.s	x21,f3,f4	  f3:0x4f4a3969  f4:0x7fc00000 x21=0x00000000
     371535.000 ns	     37152	80007b4c	a0151453	flt.s	x8,f10,f1	 f10:0xffffffff  f1:0x00000000  x8=0x00000000
     371565.000 ns	     37155	80007b50	f0048653	fmv.w.x	f12,x9	  x9:0x00000000 f12=0x00000000
     371615.000 ns	     37160	80007b54	00d27a53	fadd.s	f20,f4,f13	  f4:0x7fc00000 f13:0x15350484 f20=0x7fc00000
     371645.000 ns	     37163	80007b58	d0187ad3	fcvt.s.wu	f21,x16	 x16:0xdb200000 f21=0x4f5b2000
     372015.000 ns	     37200	80007b5c	03cce033	rem	x0,x25,x28	 x25:0x0e392982 x28:0x00000001
     372045.000 ns	     37203	80007b60	a0ad9153	flt.s	x2,f27,f10	 f27:0x80000002 f10:0xffffffff  x2=0x00000000
     372075.000 ns	     37206	80007b64	a06a01d3	fle.s	x3,f20,f6	 f20:0x7fc00000  f6:0x7fc00000  x3=0x00000000
     372105.000 ns	     37209	80007b68	03118933	mul	x18,x3,x17	  x3:0x80041025 x17:0xca39699d x18=0x00000000
     372135.000 ns	     37212	80007b6c	f0060cd3	fmv.w.x	f25,x12	 x12:0x00000000 f25=0x00000000
     372155.000 ns	     37214	80007b70	c11c0893	addi	x17,x24,-1007	 x24:0x7fffffff x17=0x7ffffc10
     372165.000 ns	     37215	80007b74	eb54c493	xori	x9,x9,-331	  x9:0x00000000  x9=0xfffffeb5
     372175.000 ns	     37216	80007b78	00bc6633	or	x12,x24,x11	 x24:0x7fffffff x11:0x00000000 x12=0x7fffffff
     372185.000 ns	     37217	80007b7c	572b4c13	xori	x24,x22,1394	 x22:0x00000000 x24=0x00000572
     373355.000 ns	     37334	80007b80	5802f1d3	fsqrt.s	f3,f5	  f5:0x47345b07  f3=0x42ff0f70
     373375.000 ns	     37336	80007b84	0132e613	ori	x12,x5,19	  x5:0xfffffe24 x12=0xfffffe37
     373415.000 ns	     37340	80007b88	00e8fc53	fadd.s	f24,f17,f14	 f17:0x42ff0f70 f14:0x4e63856c f24=0x4e63856d
     373445.000 ns	     37343	80007b8c	f00700d3	fmv.w.x	f1,x14	 x14:0xca39699c  f1=0xca39699c
     373465.000 ns	     37345	80007b90	3121b493	sltiu	x9,x3,786	  x3:0x00000000  x9=0x00000001
     373475.000 ns	     37346	80007b94	00ab09b3	add	x19,x22,x10	 x22:0x00000000 x10:0x87b8eaec x19=0x87b8eaec
     373485.000 ns	     37347	80007b98	e4bd0613	addi	x12,x26,-437	 x26:0x74aedb20 x12=0x74aed96b
     373845.000 ns	     37383	80007b9c	039fd5b3	divu	x11,x31,x25	 x31:0x00000001 x25:0x0e392982 x11=0x00000000
     373875.000 ns	     37386	80007ba0	202a14d3	fsgnjn.s	f9,f20,f2	 f20:0x7fc00000  f2:0x0e3929ba  f9=0xffc00000
     373905.000 ns	     37389	80007ba4	e00b86d3	fmv.x.w	x13,f23	 f23:0x473503e8 x13=0x473503e8
     373935.000 ns	     37392	80007ba8	213b1853	fsgnjn.s	f16,f22,f19	 f22:0xce63856c f19:0x497f7ff0 f16=0xce63856c
     373985.000 ns	     37397	80007bac	083f4553	fsub.s	f10,f30,f3	 f30:0x7fc00000  f3:0x42ff0f70 f10=0x7fc00000
     374005.000 ns	     37399	80007bb0	360ab993	sltiu	x19,x21,864	 x21:0x00000000 x19=0x00000001
     374365.000 ns	     37435	80007bb4	02f55f33	divu	x30,x10,x15	 x10:0x87b8eaec x15:0x80040fe4 x30=0x00000001
     374415.000 ns	     37440	80007bb8	0846f953	fsub.s	f18,f13,f4	 f13:0x15350484  f4:0x7fc00000 f18=0x7fc00000
     374435.000 ns	     37442	80007bbc	00b07bb3	and	x23,x0,x11	  x0:0x00000000 x11:0x00000000 x23=0x00000000
     374475.000 ns	     37446	80007bc0	085b7453	fsub.s	f8,f22,f5	 f22:0xce63856c  f5:0x47345b07  f8=0xce63883d
     374495.000 ns	     37448	80007bc4	1436f193	andi	x3,x13,323	 x13:0x473503e8  x3=0x00000140
     374515.000 ns	     37450	80007bc8	e00202d3	fmv.x.w	x5,f4	  f4:0x7fc00000  x5=0x7fc00000
     374545.000 ns	     37453	80007bcc	a1aaa2d3	feq.s	x5,f21,f26	 f21:0x4f5b2000 f26:0x4bbbcc80  x5=0x00000000
     374565.000 ns	     37455	80007bd0	2a67a693	slti	x13,x15,678	 x15:0x80040fe4 x13=0x00000001
     374575.000 ns	     37456	80007bd4	00a60e33	add	x28,x12,x10	 x12:0x74aed96b x10:0x87b8eaec x28=0xfc67c457
     374585.000 ns	     37457	80007bd8	faf58c13	addi	x24,x11,-81	 x11:0x00000000 x24=0xffffffaf
     374595.000 ns	     37458	80007bdc	00f40733	add	x14,x8,x15	  x8:0x00000000 x15:0x80040fe4 x14=0x80040fe4
     374615.000 ns	     37460	80007be0	21940a53	fsgnj.s	f20,f8,f25	  f8:0xce63883d f25:0x00000000 f20=0x4e63883d
     374655.000 ns	     37464	80007be4	580826d3	fsqrt.s	f13,f16	 f16:0xce63856c f13=0x7fc00000
     374675.000 ns	     37466	80007be8	61346b13	ori	x22,x8,1555	  x8:0x00000000 x22=0x00000613
     374685.000 ns	     37467	80007bec	01b41e93	slli	x29,x8,0x1b	  x8:0x00000000 x29=0x00000000
     374705.000 ns	     37469	80007bf0	a015aad3	feq.s	x21,f11,f1	 f11:0x7fc00000  f1:0xca39699c x21=0x00000000
     374735.000 ns	     37472	80007bf4	d019f1d3	fcvt.s.wu	f3,x19	 x19:0x00000001  f3=0x3f800000
     374765.000 ns	     37475	80007bf8	023914b3	mulh	x9,x18,x3	 x18:0x00000000  x3:0x00000140  x9=0x00000000
     374785.000 ns	     37477	80007bfc	4052df13	srai	x30,x5,0x5	  x5:0x00000000 x30=0x00000000
     374795.000 ns	     37478	80007c00	019509b3	add	x19,x10,x25	 x10:0x87b8eaec x25:0x0e392982 x19=0x95f2146e
     374815.000 ns	     37480	80007c04	029539b3	mulhu	x19,x10,x9	 x10:0x87b8eaec  x9:0x00000000 x19=0x00000000
     374845.000 ns	     37483	80007c08	02db1ab3	mulh	x21,x22,x13	 x22:0x00000613 x13:0x00000001 x21=0x00000000
     374865.000 ns	     37485	80007c0c	40ee80b3	sub	x1,x29,x14	 x29:0x00000000 x14:0x80040fe4  x1=0x7ffbf01c
     374875.000 ns	     37486	80007c10	01e93033	sltu	x0,x18,x30	 x18:0x00000000 x30:0x00000000
     374895.000 ns	     37488	80007c14	29b01f53	fmax.s	f30,f0,f27	  f0:0x4f4a3969 f27:0x80000002 f30=0x4f4a3969
     374915.000 ns	     37490	80007c18	00ba0733	add	x14,x20,x11	 x20:0x00081d06 x11:0x00000000 x14=0x00081d06
     374935.000 ns	     37492	80007c1c	e0020653	fmv.x.w	x12,f4	  f4:0x7fc00000 x12=0x7fc00000
     374975.000 ns	     37496	80007c20	113e8d53	fmul.s	f26,f29,f19	 f29:0xce63856c f19:0x497f7ff0 f26=0xd863139b
     375005.000 ns	     37499	80007c24	a0550953	fle.s	x18,f10,f5	 f10:0x7fc00000  f5:0x47345b07 x18=0x00000000
     375345.000 ns	     37533	80007c28	19e1f553	fdiv.s	f10,f3,f30	  f3:0x3f800000 f30:0x4f4a3969 f10=0x2f800000
     375365.000 ns	     37535	80007c2c	40f602b3	sub	x5,x12,x15	 x12:0x7fc00000 x15:0x80040fe4  x5=0xffbbf01c
     375385.000 ns	     37537	80007c30	a070aad3	feq.s	x21,f1,f7	  f1:0xca39699c  f7:0xffc00000 x21=0x00000000
     375405.000 ns	     37539	80007c34	01fed133	srl	x2,x29,x31	 x29:0x00000000 x31:0x00000001  x2=0x00000000
     375425.000 ns	     37541	80007c38	031f1db3	mulh	x27,x30,x17	 x30:0x00000000 x17:0x7ffffc10 x27=0x00000000
     375455.000 ns	     37544	80007c3c	e00b9fd3	fclass.s	x31,f23	 f23:0x473503e8 x31=0x00000040
     375485.000 ns	     37547	80007c40	d01518d3	fcvt.s.wu	f17,x10	 x10:0x87b8eaec f17=0x4f07b8ea
     375855.000 ns	     37584	80007c44	0366ef33	rem	x30,x13,x22	 x13:0x00000001 x22:0x00000613 x30=0x00000001
     375875.000 ns	     37586	80007c48	dc507617	auipc	x12,0xdc507	 x12=0x5c50ec48
     376235.000 ns	     37622	80007c4c	030a73b3	remu	x7,x20,x16	 x20:0x00081d06 x16:0xdb200000  x7=0x00081d06
     376255.000 ns	     37624	80007c50	00ad4533	xor	x10,x26,x10	 x26:0x74aedb20 x10:0x87b8eaec x10=0xf31631cc
     376265.000 ns	     37625	80007c54	41fc5913	srai	x18,x24,0x1f	 x24:0xffffffaf x18=0xffffffff
     376295.000 ns	     37628	80007c58	19c12dd3	fdiv.s	f27,f2,f28	  f2:0x0e3929ba f28:0x00000000 f27=0x7f800000
     376335.000 ns	     37632	80007c5c	182df9d3	fdiv.s	f19,f27,f2	 f27:0x80000002  f2:0x0e3929ba f19=0x7f800000
     376365.000 ns	     37635	80007c60	03048533	mul	x10,x9,x16	  x9:0x00000000 x16:0xdb200000 x10=0x00000000
     376385.000 ns	     37637	80007c64	008a0a33	add	x20,x20,x8	 x20:0x00081d06  x8:0x00000000 x20=0x00081d06
     376395.000 ns	     37638	80007c68	41425f33	sra	x30,x4,x20	  x4:0x00000000 x20:0x00081d06 x30=0x00000000
     376405.000 ns	     37639	80007c6c	d116ed13	ori	x26,x13,-751	 x13:0x00000001 x26=0xfffffd11
     376415.000 ns	     37640	80007c70	01603533	sltu	x10,x0,x22	  x0:0x00000000 x22:0x00000613 x10=0x00000001
     376425.000 ns	     37641	80007c74	0044bab3	sltu	x21,x9,x4	  x9:0x00000000  x4:0x00000000 x21=0x00000000
     376445.000 ns	     37643	80007c78	2111a0d3	fsgnjx.s	f1,f3,f17	  f3:0x3f800000 f17:0x4f07b8ea  f1=0x3f800000
     376475.000 ns	     37646	80007c7c	038c35b3	mulhu	x11,x24,x24	 x24:0xffffffaf x24:0xffffffaf x11=0xffffff5e
     376845.000 ns	     37683	80007c80	02e75533	divu	x10,x14,x14	 x14:0x00081d06 x14:0x00081d06 x10=0x00000001
     376875.000 ns	     37686	80007c84	02215a33	divu	x20,x2,x2	  x2:0x00000000  x2:0x00000000 x20=0xffffffff
     376905.000 ns	     37689	80007c88	029ac5b3	div	x11,x21,x9	 x21:0x00000000  x9:0x00000000 x11=0xffffffff
     376925.000 ns	     37691	80007c8c	01f614b3	sll	x9,x12,x31	 x12:0x5c50ec48 x31:0x00000040  x9=0x5c50ec48
     376965.000 ns	     37695	80007c90	00a6f353	fadd.s	f6,f13,f10	 f13:0x7fc00000 f10:0x2f800000  f6=0x7fc00000
     376995.000 ns	     37698	80007c94	21c08dd3	fsgnj.s	f27,f1,f28	  f1:0x3f800000 f28:0x00000000 f27=0x3f800000
     377015.000 ns	     37700	80007c98	407a5613	srai	x12,x20,0x7	 x20:0xffffffff x12=0xffffffff
     377035.000 ns	     37702	80007c9c	28691453	fmax.s	f8,f18,f6	 f18:0x7fc00000  f6:0x7fc00000  f8=0x7fc00000
     377075.000 ns	     37706	80007ca0	58098253	fsqrt.s	f4,f19	 f19:0x7f800000  f4=0x7f800000
     377095.000 ns	     37708	80007ca4	01612e33	slt	x28,x2,x22	  x2:0x00000000 x22:0x00000613 x28=0x00000001
     377455.000 ns	     37744	80007ca8	027275b3	remu	x11,x4,x7	  x4:0x00000000  x7:0x00081d06 x11=0x00000000
     377475.000 ns	     37746	80007cac	00000013	addi	x0,x0,0	  x0:0x00000000
     377835.000 ns	     37782	80007cb0	025a64b3	rem	x9,x20,x5	 x20:0xffffffff  x5:0xffbbf01c  x9=0xffffffff
     377855.000 ns	     37784	80007cb4	00c571b3	and	x3,x10,x12	 x10:0x00000001 x12:0xffffffff  x3=0x00000001
     377875.000 ns	     37786	80007cb8	f0000fd3	fmv.w.x	f31,x0	  x0:0x00000000 f31=0x00000000
     377895.000 ns	     37788	80007cbc	00ad9db3	sll	x27,x27,x10	 x27:0x00000000 x10:0x00000001 x27=0x00000000
     377905.000 ns	     37789	80007cc0	00c8e9b3	or	x19,x17,x12	 x17:0x7ffffc10 x12:0xffffffff x19=0xffffffff
     377935.000 ns	     37792	80007cc4	11d17e53	fmul.s	f28,f2,f29	  f2:0x0e3929ba f29:0xce63856c f28=0x9d249081
     377965.000 ns	     37795	80007cc8	d01197d3	fcvt.s.wu	f15,x3	  x3:0x00000001 f15=0x3f800000
     377995.000 ns	     37798	80007ccc	03e3f133	remu	x2,x7,x30	  x7:0x00081d06 x30:0x00000000  x2=0x00081d06
     378025.000 ns	     37801	80007cd0	29479653	fmax.s	f12,f15,f20	 f15:0x3f800000 f20:0x4e63883d f12=0x4e63883d
     378045.000 ns	     37803	80007cd4	018b7933	and	x18,x22,x24	 x22:0x00000613 x24:0xffffffaf x18=0x00000603
     378055.000 ns	     37804	80007cd8	aa452c13	slti	x24,x10,-1372	 x10:0x00000001 x24=0x00000000
     378075.000 ns	     37806	80007cdc	f00e08d3	fmv.w.x	f17,x28	 x28:0x00000001 f17=0x00000001
     378095.000 ns	     37808	80007ce0	78838997	auipc	x19,0x78838	 x19=0xf883fce0
     378105.000 ns	     37809	80007ce4	019c0ab3	add	x21,x24,x25	 x24:0x00000000 x25:0x0e392982 x21=0x0e392982
     378125.000 ns	     37811	80007ce8	02c30c33	mul	x24,x6,x12	  x6:0x80041024 x12:0xffffffff x24=0x7ffbefdc
     378145.000 ns	     37813	80007cec	92ac6f93	ori	x31,x24,-1750	 x24:0x00000000 x31=0xfffffffe
     378175.000 ns	     37816	80007cf0	10e5fa53	fmul.s	f20,f11,f14	 f11:0x7fc00000 f14:0x4e63856c f20=0x7fc00000
     378205.000 ns	     37819	80007cf4	c0062d53	fcvt.w.s	x26,f12	 f12:0x4e63883d x26=0x38e20f40
     378225.000 ns	     37821	80007cf8	00ac6133	or	x2,x24,x10	 x24:0x7ffbefdc x10:0x00000001  x2=0x7ffbefdd
     378235.000 ns	     37822	80007cfc	006d6a33	or	x20,x26,x6	 x26:0x38e20f40  x6:0x80041024 x20=0xb8e61f64
     378245.000 ns	     37823	80007d00	c57ca493	slti	x9,x25,-937	 x25:0x0e392982  x9=0x00000000
     378265.000 ns	     37825	80007d04	d01b1853	fcvt.s.wu	f16,x22	 x22:0x00000613 f16=0x44c26000
     378285.000 ns	     37827	80007d08	90c96597	auipc	x11,0x90c96	 x11=0x10c9dd08
     378295.000 ns	     37828	80007d0c	9acab537	lui	x10,0x9acab	 x10=0x9acab000
     378315.000 ns	     37830	80007d10	03438bb3	mul	x23,x7,x20	  x7:0x00081d06 x20:0xb8e61f64 x23=0x62131058
     378345.000 ns	     37833	80007d14	c005f253	fcvt.w.s	x4,f11	 f11:0x7fc00000  x4=0x7fffffff
     378365.000 ns	     37835	80007d18	61867693	andi	x13,x12,1560	 x12:0xffffffff x13=0x00000618
     378375.000 ns	     37836	80007d1c	3ca96493	ori	x9,x18,970	 x18:0x00000603  x9=0x000007cb
     379545.000 ns	     37953	80007d20	580518d3	fsqrt.s	f17,f10	 f10:0x2f800000 f17=0x36ffffae
     379565.000 ns	     37955	80007d24	00000013	addi	x0,x0,0	  x0:0x00000000
     379575.000 ns	     37956	80007d28	008c9393	slli	x7,x25,0x8	 x25:0x0e392982  x7=0x39298200
     379595.000 ns	     37958	80007d2c	d01ef053	fcvt.s.wu	f0,x29	 x29:0x00000000  f0=0x00000000
     379645.000 ns	     37963	80007d30	01b4b3d3	fadd.s	f7,f9,f27	  f9:0xffc00000 f27:0x3f800000  f7=0x7fc00000
     379675.000 ns	     37966	80007d34	03bdc5b3	div	x11,x27,x27	 x27:0x00000000 x27:0x00000000 x11=0xffffffff
     379695.000 ns	     37968	80007d38	00875f33	srl	x30,x14,x8	 x14:0x00081d06  x8:0x00000000 x30=0x00081d06
     379705.000 ns	     37969	80007d3c	01ccde13	srli	x28,x25,0x1c	 x25:0x0e392982 x28=0x00000000
     379715.000 ns	     37970	80007d40	00000013	addi	x0,x0,0	  x0:0x00000000
     379735.000 ns	     37972	80007d44	020a3133	mulhu	x2,x20,x0	 x20:0xb8e61f64  x0:0x00000000  x2=0x00000000
     379755.000 ns	     37974	80007d48	d55a69b7	lui	x19,0xd55a6	 x19=0xd55a6000
     379765.000 ns	     37975	80007d4c	2542ee93	ori	x29,x5,596	  x5:0xffbbf01c x29=0xffbbf25c
     380125.000 ns	     38011	80007d50	0393ed33	rem	x26,x7,x25	  x7:0x39298200 x25:0x0e392982 x26=0x0044dbf8
     380155.000 ns	     38014	80007d54	28ae1153	fmax.s	f2,f28,f10	 f28:0x9d249081 f10:0x2f800000  f2=0x2f800000
     380185.000 ns	     38017	80007d58	e0099053	fclass.s	x0,f19	 f19:0x7f800000
     380205.000 ns	     38019	80007d5c	009a43b3	xor	x7,x20,x9	 x20:0xb8e61f64  x9:0x000007cb  x7=0xb8e618af
     380225.000 ns	     38021	80007d60	a1a38553	fle.s	x10,f7,f26	  f7:0x7fc00000 f26:0xd863139b x10=0x00000000
     380245.000 ns	     38023	80007d64	40e75733	sra	x14,x14,x14	 x14:0x00081d06 x14:0x00081d06 x14=0x00002074
     380255.000 ns	     38024	80007d68	010b1f13	slli	x30,x22,0x10	 x22:0x00000613 x30=0x06130000
     380275.000 ns	     38026	80007d6c	29150bd3	fmin.s	f23,f10,f17	 f10:0x2f800000 f17:0x36ffffae f23=0x2f800000
     380295.000 ns	     38028	80007d70	012c2b33	slt	x22,x24,x18	 x24:0x7ffbefdc x18:0x00000603 x22=0x00000000
     380305.000 ns	     38029	80007d74	3d8c0713	addi	x14,x24,984	 x24:0x7ffbefdc x14=0x7ffbf3b4
     380315.000 ns	     38030	80007d78	dd2b7193	andi	x3,x22,-558	 x22:0x00000613  x3=0x00000000
     380325.000 ns	     38031	80007d7c	bd6b8e93	addi	x29,x23,-1066	 x23:0x62131058 x29=0x62130c2e
     380345.000 ns	     38033	80007d80	c01406d3	fcvt.wu.s	x13,f8	  f8:0x7fc00000 x13=0xffffffff
     380365.000 ns	     38035	80007d84	7619adb7	lui	x27,0x7619a	 x27=0x7619a000
     380385.000 ns	     38037	80007d88	e0040b53	fmv.x.w	x22,f8	  f8:0x7fc00000 x22=0x7fc00000
     380405.000 ns	     38039	80007d8c	3e4d7813	andi	x16,x26,996	 x26:0x0044dbf8 x16=0x000003e0
     380415.000 ns	     38040	80007d90	f3550913	addi	x18,x10,-203	 x10:0x00000000 x18=0xffffff35
     380435.000 ns	     38042	80007d94	d00c41d3	fcvt.s.w	f3,x24	 x24:0x7ffbefdc  f3=0x4efff7e0
     380455.000 ns	     38044	80007d98	01509eb3	sll	x29,x1,x21	  x1:0x7ffbf01c x21:0x0e392982 x29=0xffefc070
     380465.000 ns	     38045	80007d9c	402e01b3	sub	x3,x28,x2	 x28:0x00000000  x2:0x00000000  x3=0x00000000
     380485.000 ns	     38047	80007da0	0321a6b3	mulhsu	x13,x3,x18	  x3:0x00000000 x18:0xffffff35 x13=0x00000000
     380505.000 ns	     38049	80007da4	71b22717	auipc	x14,0x71b22	 x14=0xf1b29da4
     380525.000 ns	     38051	80007da8	d0117e53	fcvt.s.wu	f28,x2	  x2:0x00000000 f28=0x00000000
     380545.000 ns	     38053	80007dac	00000013	addi	x0,x0,0	  x0:0x00000000
     380565.000 ns	     38055	80007db0	f0040bd3	fmv.w.x	f23,x8	  x8:0x00000000 f23=0x00000000
     380585.000 ns	     38057	80007db4	1a513e93	sltiu	x29,x2,421	  x2:0x00000000 x29=0x00000001
     380595.000 ns	     38058	80007db8	012b5bb3	srl	x23,x22,x18	 x22:0x7fc00000 x18:0xffffff35 x23=0x000003fe
     380635.000 ns	     38062	80007dbc	089740d3	fsub.s	f1,f14,f9	 f14:0x4e63856c  f9:0xffc00000  f1=0x7fc00000
     380665.000 ns	     38065	80007dc0	205d8fd3	fsgnj.s	f31,f27,f5	 f27:0x3f800000  f5:0x47345b07 f31=0x3f800000
     380695.000 ns	     38068	80007dc4	c01ca453	fcvt.wu.s	x8,f25	 f25:0x00000000  x8=0x00000000
     380715.000 ns	     38070	80007dc8	4065d113	srai	x2,x11,0x6	 x11:0xffffffff  x2=0xffffffff
     380735.000 ns	     38072	80007dcc	03103fb3	mulhu	x31,x0,x17	  x0:0x00000000 x17:0x7ffffc10 x31=0x00000000
     380755.000 ns	     38074	80007dd0	71cc8113	addi	x2,x25,1820	 x25:0x0e392982  x2=0x0e39309e
     380775.000 ns	     38076	80007dd4	03f6ddb3	divu	x27,x13,x31	 x13:0x00000000 x31:0x00000000 x27=0xffffffff
     380795.000 ns	     38078	80007dd8	df7b3713	sltiu	x14,x22,-521	 x22:0x7fc00000 x14=0x00000001
     380815.000 ns	     38080	80007ddc	e00a1253	fclass.s	x4,f20	 f20:0x7fc00000  x4=0x00000200
     380845.000 ns	     38083	80007de0	28b894d3	fmax.s	f9,f17,f11	 f17:0x36ffffae f11:0x7fc00000  f9=0x36ffffae
     380875.000 ns	     38086	80007de4	034e0fb3	mul	x31,x28,x20	 x28:0x00000000 x20:0xb8e61f64 x31=0x00000000
     380925.000 ns	     38091	80007de8	00e409d3	fadd.s	f19,f8,f14	  f8:0x7fc00000 f14:0x4e63856c f19=0x7fc00000
     380955.000 ns	     38094	80007dec	03192e33	mulhsu	x28,x18,x17	 x18:0xffffff35 x17:0x7ffffc10 x28=0xffffff9a
     380975.000 ns	     38096	80007df0	011bf133	and	x2,x23,x17	 x23:0x000003fe x17:0x7ffffc10  x2=0x00000010
     380995.000 ns	     38098	80007df4	21409f53	fsgnjn.s	f30,f1,f20	  f1:0x7fc00000 f20:0x7fc00000 f30=0xffc00000
     381025.000 ns	     38101	80007df8	20c62ad3	fsgnjx.s	f21,f12,f12	 f12:0x4e63883d f12:0x4e63883d f21=0x4e63883d
     381055.000 ns	     38104	80007dfc	02d78733	mul	x14,x15,x13	 x15:0x80040fe4 x13:0x00000000 x14=0x00000000
     381075.000 ns	     38106	80007e00	00bb8ab3	add	x21,x23,x11	 x23:0x000003fe x11:0xffffffff x21=0x000003fd
     381105.000 ns	     38109	80007e04	19b3f453	fdiv.s	f8,f7,f27	  f7:0x7fc00000 f27:0x3f800000  f8=0x7fc00000
     381125.000 ns	     38111	80007e08	41c55513	srai	x10,x10,0x1c	 x10:0x00000000 x10=0x00000000
     381135.000 ns	     38112	80007e0c	00e20bb3	add	x23,x4,x14	  x4:0x00000200 x14:0x00000000 x23=0x00000200
     381145.000 ns	     38113	80007e10	013a5533	srl	x10,x20,x19	 x20:0xb8e61f64 x19:0xd55a6000 x10=0xb8e61f64
     381165.000 ns	     38115	80007e14	0206d0b3	divu	x1,x13,x0	 x13:0x00000000  x0:0x00000000  x1=0xffffffff
     381195.000 ns	     38118	80007e18	a1ab8453	fle.s	x8,f23,f26	 f23:0x00000000 f26:0xd863139b  x8=0x00000000
     381535.000 ns	     38152	80007e1c	19f67b53	fdiv.s	f22,f12,f31	 f12:0x4e63883d f31:0x3f800000 f22=0x4e63878b
     381585.000 ns	     38157	80007e20	00dea7d3	fadd.s	f15,f29,f13	 f29:0xce63856c f13:0x7fc00000 f15=0x7fc00000
     381605.000 ns	     38159	80007e24	001f36b3	sltu	x13,x30,x1	 x30:0x06130000  x1:0xffffffff x13=0x00000001
     381615.000 ns	     38160	80007e28	00e55893	srli	x17,x10,0xe	 x10:0xb8e61f64 x17=0x0002e398
     381635.000 ns	     38162	80007e2c	c01e3953	fcvt.wu.s	x18,f28	 f28:0x00000000 x18=0x00000000
     381655.000 ns	     38164	80007e30	a3fe6593	ori	x11,x28,-1473	 x28:0xffffff9a x11=0xffffffbf
     381675.000 ns	     38166	80007e34	a0df25d3	feq.s	x11,f30,f13	 f30:0xffc00000 f13:0x7fc00000 x11=0x00000000
     381705.000 ns	     38169	80007e38	02551833	mulh	x16,x10,x5	 x10:0xb8e61f64  x5:0xffbbf01c x16=0x0012e749
     381725.000 ns	     38171	80007e3c	b1352513	slti	x10,x10,-1261	 x10:0xb8e61f64 x10=0x00000001
     381735.000 ns	     38172	80007e40	74b08f13	addi	x30,x1,1867	  x1:0xffffffff x30=0x0000074a
     381745.000 ns	     38173	80007e44	01e6edb3	or	x27,x13,x30	 x13:0x00000001 x30:0x06130000 x27=0x0000074b
     381755.000 ns	     38174	80007e48	41f6d393	srai	x7,x13,0x1f	 x13:0x00000001  x7=0x00000000
     381765.000 ns	     38175	80007e4c	00e9c0b3	xor	x1,x19,x14	 x19:0xd55a6000 x14:0x00000000  x1=0xd55a6000
     381775.000 ns	     38176	80007e50	011fd8b3	srl	x17,x31,x17	 x31:0x00000000 x17:0x0002e398 x17=0x00000000
     381795.000 ns	     38178	80007e54	e00c8253	fmv.x.w	x4,f25	 f25:0x00000000  x4=0x00000000
     381825.000 ns	     38181	80007e58	a1321853	flt.s	x16,f4,f19	  f4:0x7f800000 f19:0x7fc00000 x16=0x00000000
     381845.000 ns	     38183	80007e5c	ba697e13	andi	x28,x18,-1114	 x18:0x00000000 x28=0x00000000
     381865.000 ns	     38185	80007e60	031de6b3	rem	x13,x27,x17	 x27:0x0000074b x17:0x00000000 x13=0x0000074b
     381895.000 ns	     38188	80007e64	d00336d3	fcvt.s.w	f13,x6	  x6:0x80041024 f13=0xcefff7e0
     381945.000 ns	     38193	80007e68	0984c853	fsub.s	f16,f9,f24	  f9:0x36ffffae f24:0x4e63856d f16=0xce63856d
     381975.000 ns	     38196	80007e6c	c005f853	fcvt.w.s	x16,f11	 f11:0x7fc00000 x16=0x7fffffff
     381995.000 ns	     38198	80007e70	4149d293	srai	x5,x19,0x14	 x19:0xd55a6000  x5=0xfffffd55
     382015.000 ns	     38200	80007e74	a1b41153	flt.s	x2,f8,f27	  f8:0x7fc00000 f27:0x3f800000  x2=0x00000000
     382045.000 ns	     38203	80007e78	03efa6b3	mulhsu	x13,x31,x30	 x31:0x00000000 x30:0x0000074a x13=0x00000000
     382065.000 ns	     38205	80007e7c	01d545b3	xor	x11,x10,x29	 x10:0x00000001 x29:0x00000001 x11=0x00000000
     382075.000 ns	     38206	80007e80	01ed5c33	srl	x24,x26,x30	 x26:0x0044dbf8 x30:0x0000074a x24=0x00001136
     382095.000 ns	     38208	80007e84	e00009d3	fmv.x.w	x19,f0	  f0:0x00000000 x19=0x00000000
     382115.000 ns	     38210	80007e88	012a5b33	srl	x22,x20,x18	 x20:0xb8e61f64 x18:0x00000000 x22=0xb8e61f64
     382125.000 ns	     38211	80007e8c	cab13693	sltiu	x13,x2,-853	  x2:0x00000000 x13=0x00000001
     382135.000 ns	     38212	80007e90	002b9713	slli	x14,x23,0x2	 x23:0x00000200 x14=0x00000800
     382495.000 ns	     38248	80007e94	03e46033	rem	x0,x8,x30	  x8:0x00000000 x30:0x0000074a
     382545.000 ns	     38253	80007e98	08a970d3	fsub.s	f1,f18,f10	 f18:0x7fc00000 f10:0x2f800000  f1=0x7fc00000
     382575.000 ns	     38256	80007e9c	28561c53	fmax.s	f24,f12,f5	 f12:0x4e63883d  f5:0x47345b07 f24=0x4e63883d
     382595.000 ns	     38258	80007ea0	41818d33	sub	x26,x3,x24	  x3:0x00000000 x24:0x00001136 x26=0xffffeeca
     382605.000 ns	     38259	80007ea4	803a6293	ori	x5,x20,-2045	 x20:0xb8e61f64  x5=0xffffff67
     382615.000 ns	     38260	80007ea8	8df22d13	slti	x26,x4,-1825	  x4:0x00000000 x26=0x00000000
     382625.000 ns	     38261	80007eac	40a784b3	sub	x9,x15,x10	 x15:0x80040fe4 x10:0x00000001  x9=0x80040fe3
     382645.000 ns	     38263	80007eb0	a0ea2fd3	feq.s	x31,f20,f14	 f20:0x7fc00000 f14:0x4e63856c x31=0x00000000
     382675.000 ns	     38266	80007eb4	213d2fd3	fsgnjx.s	f31,f26,f19	 f26:0xd863139b f19:0x7fc00000 f31=0xd863139b
     382695.000 ns	     38268	80007eb8	41cc8733	sub	x14,x25,x28	 x25:0x0e392982 x28:0x00000000 x14=0x0e392982
     382715.000 ns	     38270	80007ebc	f00f8053	fmv.w.x	f0,x31	 x31:0x00000000  f0=0x00000000
     382735.000 ns	     38272	80007ec0	40f45013	srai	x0,x8,0xf	  x8:0x00000000
     382745.000 ns	     38273	80007ec4	00000013	addi	x0,x0,0	  x0:0x00000000
     382755.000 ns	     38274	80007ec8	9cc89f17	auipc	x30,0x9cc89	 x30=0x1cc90ec8
     383115.000 ns	     38310	80007ecc	036670b3	remu	x1,x12,x22	 x12:0xffffffff x22:0xb8e61f64  x1=0x4719e09b
     383485.000 ns	     38347	80007ed0	02ced033	divu	x0,x29,x12	 x29:0x00000001 x12:0xffffffff
     383515.000 ns	     38350	80007ed4	c01375d3	fcvt.wu.s	x11,f6	  f6:0x7fc00000 x11=0xffffffff
     384695.000 ns	     38468	80007ed8	58067ed3	fsqrt.s	f29,f12	 f12:0x4e63883d f29=0x46a0e3b6
     385065.000 ns	     38505	80007edc	02bc7f33	remu	x30,x24,x11	 x24:0x00001136 x11:0xffffffff x30=0x00001136
     385095.000 ns	     38508	80007ee0	03c90133	mul	x2,x18,x28	 x18:0x00000000 x28:0x00000000  x2=0x00000000
     385115.000 ns	     38510	80007ee4	75cff693	andi	x13,x31,1884	 x31:0x00000000 x13=0x00000000
     385125.000 ns	     38511	80007ee8	0195b093	sltiu	x1,x11,25	 x11:0xffffffff  x1=0x00000000
     385145.000 ns	     38513	80007eec	e00a83d3	fmv.x.w	x7,f21	 f21:0x4e63883d  x7=0x4e63883d
     385175.000 ns	     38516	80007ef0	d014f953	fcvt.s.wu	f18,x9	  x9:0x80040fe3 f18=0x4f00040f
     385195.000 ns	     38518	80007ef4	6d000a13	addi	x20,x0,1744	  x0:0x00000000 x20=0x000006d0
     385555.000 ns	     38554	80007ef8	025bf4b3	remu	x9,x23,x5	 x23:0x00000200  x5:0xffffff67  x9=0x00000200
     385585.000 ns	     38557	80007efc	02cd0833	mul	x16,x26,x12	 x26:0x00000000 x12:0xffffffff x16=0x00000000
     385615.000 ns	     38560	80007f00	f00f0ed3	fmv.w.x	f29,x30	 x30:0x00001136 f29=0x00001136
     385665.000 ns	     38565	80007f04	00ae78d3	fadd.s	f17,f28,f10	 f28:0x00000000 f10:0x2f800000 f17=0x2f800000
     385695.000 ns	     38568	80007f08	c00878d3	fcvt.w.s	x17,f16	 f16:0xce63856d x17=0x38e15b40
     385725.000 ns	     38571	80007f0c	d00c7c53	fcvt.s.w	f24,x24	 x24:0x00001136 f24=0x4589b000
     385745.000 ns	     38573	80007f10	00000013	addi	x0,x0,0	  x0:0x00000000
     385755.000 ns	     38574	80007f14	4634f013	andi	x0,x9,1123	  x9:0x00000200
     386115.000 ns	     38610	80007f18	03b2c833	div	x16,x5,x27	  x5:0xffffff67 x27:0x0000074b x16=0x00000000
     386145.000 ns	     38613	80007f1c	03191533	mulh	x10,x18,x17	 x18:0x00000000 x17:0x38e15b40 x10=0x00000000
     386195.000 ns	     38618	80007f20	0193a753	fadd.s	f14,f7,f25	  f7:0x7fc00000 f25:0x00000000 f14=0x7fc00000
     386215.000 ns	     38620	80007f24	009e3e33	sltu	x28,x28,x9	 x28:0x00000000  x9:0x00000200 x28=0x00000001
     386225.000 ns	     38621	80007f28	5d45f9b7	lui	x19,0x5d45f	 x19=0x5d45f000
     386245.000 ns	     38623	80007f2c	02331e33	mulh	x28,x6,x3	  x6:0x80041024  x3:0x00000000 x28=0x00000000
     386265.000 ns	     38625	80007f30	622fbd93	sltiu	x27,x31,1570	 x31:0x00000000 x27=0x00000001
     386275.000 ns	     38626	80007f34	0123a4b3	slt	x9,x7,x18	  x7:0x4e63883d x18:0x00000000  x9=0x00000000
     386285.000 ns	     38627	80007f38	15a6e193	ori	x3,x13,346	 x13:0x00000000  x3=0x0000015a
     386315.000 ns	     38630	80007f3c	5800fa53	fsqrt.s	f20,f1	  f1:0x7fc00000 f20=0x7fc00000
     386335.000 ns	     38632	80007f40	abc3fa93	andi	x21,x7,-1348	  x7:0x4e63883d x21=0x4e63883c
     386345.000 ns	     38633	80007f44	41e902b3	sub	x5,x18,x30	 x18:0x00000000 x30:0x00001136  x5=0xffffeeca
     386365.000 ns	     38635	80007f48	d014b653	fcvt.s.wu	f12,x9	  x9:0x00000000 f12=0x00000000
     386405.000 ns	     38639	80007f4c	580f01d3	fsqrt.s	f3,f30	 f30:0xffc00000  f3=0x7fc00000
     386435.000 ns	     38642	80007f50	c00fff53	fcvt.w.s	x30,f31	 f31:0xd863139b x30=0x80000000
     386455.000 ns	     38644	80007f54	003241b3	xor	x3,x4,x3	  x4:0x00000000  x3:0x0000015a  x3=0x0000015a
     386465.000 ns	     38645	80007f58	385e0a13	addi	x20,x28,901	 x28:0x00000000 x20=0x00000385
     386485.000 ns	     38647	80007f5c	28238453	fmin.s	f8,f7,f2	  f7:0x7fc00000  f2:0x2f800000  f8=0x2f800000
     386515.000 ns	     38650	80007f60	039d09b3	mul	x19,x26,x25	 x26:0x00000000 x25:0x0e392982 x19=0x00000000
     386535.000 ns	     38652	80007f64	00f27933	and	x18,x4,x15	  x4:0x00000000 x15:0x80040fe4 x18=0x00000000
     386555.000 ns	     38654	80007f68	a01e2053	feq.s	x0,f28,f1	 f28:0x00000000  f1:0x7fc00000
     386575.000 ns	     38656	80007f6c	74ccf213	andi	x4,x25,1868	 x25:0x0e392982  x4=0x00000100
     386585.000 ns	     38657	80007f70	b7ab3037	lui	x0,0xb7ab3	
     386605.000 ns	     38659	80007f74	d0057153	fcvt.s.w	f2,x10	 x10:0x00000000  f2=0x00000000
     386625.000 ns	     38661	80007f78	01afac33	slt	x24,x31,x26	 x31:0x00000000 x26:0x00000000 x24=0x00000000
     386635.000 ns	     38662	80007f7c	00899e13	slli	x28,x19,0x8	 x19:0x00000000 x28=0x00000000
     386655.000 ns	     38664	80007f80	a02292d3	flt.s	x5,f5,f2	  f5:0x47345b07  f2:0x00000000  x5=0x00000000
     386685.000 ns	     38667	80007f84	0252f033	remu	x0,x5,x5	  x5:0xffffeeca  x5:0xffffeeca
     386715.000 ns	     38670	80007f88	e00f0d53	fmv.x.w	x26,f30	 f30:0xffc00000 x26=0xffc00000
     386735.000 ns	     38672	80007f8c	002ae8b3	or	x17,x21,x2	 x21:0x4e63883c  x2:0x00000000 x17=0x4e63883c
     386755.000 ns	     38674	80007f90	02dd1f33	mulh	x30,x26,x13	 x26:0xffc00000 x13:0x00000000 x30=0x00000000
     386785.000 ns	     38677	80007f94	03ad9533	mulh	x10,x27,x26	 x27:0x00000001 x26:0xffc00000 x10=0xffffffff
     386805.000 ns	     38679	80007f98	84a2fa13	andi	x20,x5,-1974	  x5:0x00000000 x20=0x00000000
     386835.000 ns	     38682	80007f9c	115f7153	fmul.s	f2,f30,f21	 f30:0xffc00000 f21:0x4e63883d  f2=0x7fc00000
     386855.000 ns	     38684	80007fa0	ac3e5937	lui	x18,0xac3e5	 x18=0xac3e5000
     386885.000 ns	     38687	80007fa4	11277fd3	fmul.s	f31,f14,f18	 f14:0x7fc00000 f18:0x4f00040f f31=0x7fc00000
     386905.000 ns	     38689	80007fa8	c08f2b93	slti	x23,x30,-1016	 x30:0x00000000 x23=0x00000000
     386915.000 ns	     38690	80007fac	004784b3	add	x9,x15,x4	 x15:0x80040fe4  x4:0x00000100  x9=0x800410e4
     386935.000 ns	     38692	80007fb0	d0163053	fcvt.s.wu	f0,x12	 x12:0xffffffff  f0=0x4f800000
     386955.000 ns	     38694	80007fb4	666fa613	slti	x12,x31,1638	 x31:0x00000000 x12=0x00000001
     386975.000 ns	     38696	80007fb8	c01ac5d3	fcvt.wu.s	x11,f21	 f21:0x4e63883d x11=0x38e20f40
     387005.000 ns	     38699	80007fbc	c013ced3	fcvt.wu.s	x29,f7	  f7:0x7fc00000 x29=0xffffffff
     387025.000 ns	     38701	80007fc0	6f654b93	xori	x23,x10,1782	 x10:0xffffffff x23=0xfffff909
     387045.000 ns	     38703	80007fc4	e0029b53	fclass.s	x22,f5	  f5:0x47345b07 x22=0x00000040
     387065.000 ns	     38705	80007fc8	006ee433	or	x8,x29,x6	 x29:0xffffffff  x6:0x80041024  x8=0xffffffff
     387075.000 ns	     38706	80007fcc	e0e07e13	andi	x28,x0,-498	  x0:0x00000000 x28=0x00000000
     387085.000 ns	     38707	80007fd0	7c756817	auipc	x16,0x7c756	 x16=0xfc75dfd0
     387095.000 ns	     38708	80007fd4	00f3ff33	and	x30,x7,x15	  x7:0x4e63883d x15:0x80040fe4 x30=0x00000824
     387115.000 ns	     38710	80007fd8	03e4a3b3	mulhsu	x7,x9,x30	  x9:0x800410e4 x30:0x00000000  x7=0xfffffbee
     387485.000 ns	     38747	80007fdc	029675b3	remu	x11,x12,x9	 x12:0x00000001  x9:0x800410e4 x11=0x00000001
     387515.000 ns	     38750	80007fe0	21b09dd3	fsgnjn.s	f27,f1,f27	  f1:0x7fc00000 f27:0x3f800000 f27=0xffc00000
     387545.000 ns	     38753	80007fe4	e00695d3	fclass.s	x11,f13	 f13:0xcefff7e0 x11=0x00000002
     387915.000 ns	     38790	80007fe8	0322c133	div	x2,x5,x18	  x5:0x00000000 x18:0xac3e5000  x2=0x00000000
     387945.000 ns	     38793	80007fec	d017f8d3	fcvt.s.wu	f17,x15	 x15:0x80040fe4 f17=0x4f00040f
     387965.000 ns	     38795	80007ff0	010c5413	srli	x8,x24,0x10	 x24:0x00000000  x8=0x00000000
     388325.000 ns	     38831	80007ff4	031869b3	rem	x19,x16,x17	 x16:0xfc75dfd0 x17:0x4e63883c x19=0xfc75dfd0
     388695.000 ns	     38868	80007ff8	02c6fb33	remu	x22,x13,x12	 x13:0x00000000 x12:0x00000001 x22=0x00000000
     388715.000 ns	     38870	80007ffc	2beb0b13	addi	x22,x22,702	 x22:0x00000040 x22=0x000002be
     388735.000 ns	     38872	80008000	e0060c53	fmv.x.w	x24,f12	 f12:0x00000000 x24=0x00000000
     388765.000 ns	     38875	80008004	21998c53	fsgnj.s	f24,f19,f25	 f19:0x7fc00000 f25:0x00000000 f24=0x7fc00000
     388795.000 ns	     38878	80008008	02b1aa33	mulhsu	x20,x3,x11	  x3:0x0000015a x11:0x00000002 x20=0x00000000
     388825.000 ns	     38881	8000800c	d01041d3	fcvt.s.wu	f3,x0	  x0:0x00000000  f3=0x00000000
     388845.000 ns	     38883	80008010	ff69c693	xori	x13,x19,-10	 x19:0xfc75dfd0 x13=0x038a2026
     388865.000 ns	     38885	80008014	287590d3	fmax.s	f1,f11,f7	 f11:0x7fc00000  f7:0x7fc00000  f1=0x7fc00000
     388895.000 ns	     38888	80008018	c01e7f53	fcvt.wu.s	x30,f28	 f28:0x00000000 x30=0x00000000
     388915.000 ns	     38890	8000801c	00312ab3	slt	x21,x2,x3	  x2:0x00000000  x3:0x0000015a x21=0x00000001
     388925.000 ns	     38891	80008020	415051b3	sra	x3,x0,x21	  x0:0x00000000 x21:0x4e63883c  x3=0x00000000
     388935.000 ns	     38892	80008024	a189a193	slti	x3,x19,-1512	 x19:0xfc75dfd0  x3=0x00000001
     389295.000 ns	     38928	80008028	02c94833	div	x16,x18,x12	 x18:0xac3e5000 x12:0x00000001 x16=0xac3e5000
     389325.000 ns	     38931	8000802c	29c285d3	fmin.s	f11,f5,f28	  f5:0x47345b07 f28:0x00000000 f11=0x00000000
     389355.000 ns	     38934	80008030	c01d7fd3	fcvt.wu.s	x31,f26	 f26:0xd863139b x31=0x00000000
     389385.000 ns	     38937	80008034	28719d53	fmax.s	f26,f3,f7	  f3:0x00000000  f7:0x7fc00000 f26=0x00000000
     389405.000 ns	     38939	80008038	8d158993	addi	x19,x11,-1839	 x11:0x00000002 x19=0xfffff8d3
     389425.000 ns	     38941	8000803c	21480d53	fsgnj.s	f26,f16,f20	 f16:0xce63856d f20:0x7fc00000 f26=0x4e63856d
     389455.000 ns	     38944	80008040	200615d3	fsgnjn.s	f11,f12,f0	 f12:0x00000000  f0:0x4f800000 f11=0x80000000
     389485.000 ns	     38947	80008044	a07806d3	fle.s	x13,f16,f7	 f16:0xce63856d  f7:0x7fc00000 x13=0x00000000
     389515.000 ns	     38950	80008048	c0020b53	fcvt.w.s	x22,f4	  f4:0x7f800000 x22=0x7fffffff
     389555.000 ns	     38954	8000804c	1159a8d3	fmul.s	f17,f19,f21	 f19:0x7fc00000 f21:0x4e63883d f17=0x7fc00000
     389595.000 ns	     38958	80008050	58068753	fsqrt.s	f14,f13	 f13:0xcefff7e0 f14=0x7fc00000
     389615.000 ns	     38960	80008054	00bb70b3	and	x1,x22,x11	 x22:0x7fffffff x11:0x00000002  x1=0x00000002
     389625.000 ns	     38961	80008058	0a430613	addi	x12,x6,164	  x6:0x80041024 x12=0x800410c8
     389645.000 ns	     38963	8000805c	e00a9f53	fclass.s	x30,f21	 f21:0x4e63883d x30=0x00000040
     389685.000 ns	     38967	80008060	115ea6d3	fmul.s	f13,f29,f21	 f29:0x00001136 f21:0x4e63883d f13=0x09f4c0ac
     389705.000 ns	     38969	80008064	01211593	slli	x11,x2,0x12	  x2:0x00000000 x11=0x00000000
     389715.000 ns	     38970	80008068	e99ec717	auipc	x14,0xe99ec	 x14=0x699f4068
     389725.000 ns	     38971	8000806c	00e62ab3	slt	x21,x12,x14	 x12:0x800410c8 x14:0x0e392982 x21=0x00000001
     389745.000 ns	     38973	80008070	03856a33	rem	x20,x10,x24	 x10:0xffffffff x24:0x00000000 x20=0xffffffff
     389795.000 ns	     38978	80008074	00cef8d3	fadd.s	f17,f29,f12	 f29:0x00001136 f12:0x00000000 f17=0x00001136
     389825.000 ns	     38981	80008078	c01976d3	fcvt.wu.s	x13,f18	 f18:0x4f00040f x13=0x80040f00
     389845.000 ns	     38983	8000807c	00089033	sll	x0,x17,x0	 x17:0x4e63883c  x0:0x00000000
     390205.000 ns	     39019	80008080	03e361b3	rem	x3,x6,x30	  x6:0x80041024 x30:0x00000040  x3=0xffffffe4
     390225.000 ns	     39021	80008084	d4797b13	andi	x22,x18,-697	 x18:0xac3e5000 x22=0xac3e5000
     390235.000 ns	     39022	80008088	eb0d7893	andi	x17,x26,-336	 x26:0xffc00000 x17=0xffc00000
     390255.000 ns	     39024	8000808c	0254d8b3	divu	x17,x9,x5	  x9:0x800410e4  x5:0x00000000 x17=0xffffffff
     390285.000 ns	     39027	80008090	a02a88d3	fle.s	x17,f21,f2	 f21:0x4e63883d  f2:0x7fc00000 x17=0x00000000
     390305.000 ns	     39029	80008094	009c7933	and	x18,x24,x9	 x24:0x00000000  x9:0x800410e4 x18=0x00000000
     390325.000 ns	     39031	80008098	21fc1453	fsgnjn.s	f8,f24,f31	 f24:0x7fc00000 f31:0x7fc00000  f8=0xffc00000
     390355.000 ns	     39034	8000809c	038d15b3	mulh	x11,x26,x24	 x26:0xffc00000 x24:0x00000000 x11=0x00000000
     390385.000 ns	     39037	800080a0	c00e9753	fcvt.w.s	x14,f29	 f29:0x00001136 x14=0x00000000
     390415.000 ns	     39040	800080a4	d01947d3	fcvt.s.wu	f15,x18	 x18:0x00000000 f15=0x00000000
     390435.000 ns	     39042	800080a8	01ec1013	slli	x0,x24,0x1e	 x24:0x00000000
     390455.000 ns	     39044	800080ac	a19d03d3	fle.s	x7,f26,f25	 f26:0x4e63856d f25:0x00000000  x7=0x00000000
     390475.000 ns	     39046	800080b0	018d3eb3	sltu	x29,x26,x24	 x26:0xffc00000 x24:0x00000000 x29=0x00000000
     390495.000 ns	     39048	800080b4	c00181d3	fcvt.w.s	x3,f3	  f3:0x00000000  x3=0x00000000
     390525.000 ns	     39051	800080b8	c011f953	fcvt.wu.s	x18,f3	  f3:0x00000000 x18=0x00000000
     390555.000 ns	     39054	800080bc	204199d3	fsgnjn.s	f19,f3,f4	  f3:0x00000000  f4:0x7f800000 f19=0x80000000
     390605.000 ns	     39059	800080c0	011b7253	fadd.s	f4,f22,f17	 f22:0x4e63878b f17:0x00001136  f4=0x4e63878b
     390655.000 ns	     39064	800080c4	01c4b753	fadd.s	f14,f9,f28	  f9:0x36ffffae f28:0x00000000 f14=0x36ffffae
     390675.000 ns	     39066	800080c8	00dc5513	srli	x10,x24,0xd	 x24:0x00000000 x10=0x00000000
     390695.000 ns	     39068	800080cc	e00d02d3	fmv.x.w	x5,f26	 f26:0x4e63856d  x5=0x4e63856d
     390715.000 ns	     39070	800080d0	5fe23b13	sltiu	x22,x4,1534	  x4:0x00000100 x22=0x00000001
     390735.000 ns	     39072	800080d4	02ea74b3	remu	x9,x20,x14	 x20:0xffffffff x14:0x00000000  x9=0xffffffff
     390755.000 ns	     39074	800080d8	16d08f93	addi	x31,x1,365	  x1:0x00000002 x31=0x0000016f
     390795.000 ns	     39078	800080dc	00b69c53	fadd.s	f24,f13,f11	 f13:0x09f4c0ac f11:0x80000000 f24=0x09f4c0ac
     390825.000 ns	     39081	800080e0	032468b3	rem	x17,x8,x18	  x8:0x00000000 x18:0x00000000 x17=0x00000000
     390855.000 ns	     39084	800080e4	20d8a953	fsgnjx.s	f18,f17,f13	 f17:0x00001136 f13:0x09f4c0ac f18=0x00001136
     390885.000 ns	     39087	800080e8	a1682153	feq.s	x2,f16,f22	 f16:0xce63856d f22:0x4e63878b  x2=0x00000000
     390905.000 ns	     39089	800080ec	7bfa6e13	ori	x28,x20,1983	 x20:0xffffffff x28=0xffffffff
     390915.000 ns	     39090	800080f0	00945133	srl	x2,x8,x9	  x8:0x00000000  x9:0xffffffff  x2=0x00000000
     390925.000 ns	     39091	800080f4	01e11d93	slli	x27,x2,0x1e	  x2:0x00000000 x27=0x00000000
     390945.000 ns	     39093	800080f8	c01c7e53	fcvt.wu.s	x28,f24	 f24:0x09f4c0ac x28=0x00000000
     392125.000 ns	     39211	800080fc	580c7553	fsqrt.s	f10,f24	 f24:0x09f4c0ac f10=0x2430ff78
     392145.000 ns	     39213	80008100	1edc2193	slti	x3,x24,493	 x24:0x00000000  x3=0x00000001
     392165.000 ns	     39215	80008104	c00bf2d3	fcvt.w.s	x5,f23	 f23:0x00000000  x5=0x00000000
     392185.000 ns	     39217	80008108	01eb9513	slli	x10,x23,0x1e	 x23:0xfffff909 x10=0x40000000
     392195.000 ns	     39218	8000810c	0523b717	auipc	x14,0x523b	 x14=0x8524310c
     392215.000 ns	     39220	80008110	a04d08d3	fle.s	x17,f26,f4	 f26:0x4e63856d  f4:0x4e63878b x17=0x00000001
     392245.000 ns	     39223	80008114	e0068ad3	fmv.x.w	x21,f13	 f13:0x09f4c0ac x21=0x09f4c0ac
     392265.000 ns	     39225	80008118	018876b3	and	x13,x16,x24	 x16:0xac3e5000 x24:0x00000000 x13=0x00000000
     392295.000 ns	     39228	8000811c	11b9ad53	fmul.s	f26,f19,f27	 f19:0x80000000 f27:0xffc00000 f26=0x7fc00000
     392325.000 ns	     39231	80008120	a08b2153	feq.s	x2,f22,f8	 f22:0x4e63878b  f8:0xffc00000  x2=0x00000000
     392355.000 ns	     39234	80008124	d0142cd3	fcvt.s.wu	f25,x8	  x8:0x00000000 f25=0x00000000
     392385.000 ns	     39237	80008128	28041c53	fmax.s	f24,f8,f0	  f8:0xffc00000  f0:0x4f800000 f24=0x4f800000
     392755.000 ns	     39274	8000812c	023640b3	div	x1,x12,x3	 x12:0x800410c8  x3:0x00000001  x1=0x800410c8
     392775.000 ns	     39276	80008130	696e2193	slti	x3,x28,1686	 x28:0x00000000  x3=0x00000001
     392785.000 ns	     39277	80008134	000a2bb3	slt	x23,x20,x0	 x20:0xffffffff  x0:0x00000000 x23=0x00000001
     392795.000 ns	     39278	80008138	00235193	srli	x3,x6,0x2	  x6:0x80041024  x3=0x20010409
     392805.000 ns	     39279	8000813c	0083f433	and	x8,x7,x8	  x7:0x00000000  x8:0x00000000  x8=0x00000000
     392825.000 ns	     39281	80008140	021394b3	mulh	x9,x7,x1	  x7:0x00000000  x1:0x800410c8  x9=0x00000000
     392855.000 ns	     39284	80008144	a14b25d3	feq.s	x11,f22,f20	 f22:0x4e63878b f20:0x7fc00000 x11=0x00000000
     392875.000 ns	     39286	80008148	4a62ca13	xori	x20,x5,1190	  x5:0x00000000 x20=0x000004a6
     392885.000 ns	     39287	8000814c	409806b3	sub	x13,x16,x9	 x16:0xac3e5000  x9:0x00000000 x13=0xac3e5000
     392925.000 ns	     39291	80008150	09e2c453	fsub.s	f8,f5,f30	  f5:0x47345b07 f30:0xffc00000  f8=0x7fc00000
     392965.000 ns	     39295	80008154	5803bed3	fsqrt.s	f29,f7	  f7:0x7fc00000 f29=0x7fc00000
     393335.000 ns	     39332	80008158	03f972b3	remu	x5,x18,x31	 x18:0x00000000 x31:0x0000016f  x5=0x00000000
     393355.000 ns	     39334	8000815c	41a505b3	sub	x11,x10,x26	 x10:0x40000000 x26:0xffc00000 x11=0x40400000
     393365.000 ns	     39335	80008160	27333293	sltiu	x5,x6,627	  x6:0x80041024  x5=0x00000000
     393375.000 ns	     39336	80008164	0134b733	sltu	x14,x9,x19	  x9:0x00000000 x19:0xfffff8d3 x14=0x00000001
     393385.000 ns	     39337	80008168	0185c9b3	xor	x19,x11,x24	 x11:0x40400000 x24:0x00000000 x19=0x40400000
     393395.000 ns	     39338	8000816c	00319693	slli	x13,x3,0x3	  x3:0x20010409 x13=0x00082048
     393425.000 ns	     39341	80008170	5800ab53	fsqrt.s	f22,f1	  f1:0x7fc00000 f22=0x7fc00000
     393455.000 ns	     39344	80008174	d0069353	fcvt.s.w	f6,x13	 x13:0xac3e5000  f6=0x49020480
     393485.000 ns	     39347	80008178	a042a8d3	feq.s	x17,f5,f4	  f5:0x47345b07  f4:0x4e63878b x17=0x00000000
     393505.000 ns	     39349	8000817c	00000013	addi	x0,x0,0	  x0:0x00000000
     393525.000 ns	     39351	80008180	024d2eb3	mulhsu	x29,x26,x4	 x26:0xffc00000  x4:0x00000100 x29=0xffffffff
     393545.000 ns	     39353	80008184	0064f9b3	and	x19,x9,x6	  x9:0x00000000  x6:0x80041024 x19=0x00000000
     393565.000 ns	     39355	80008188	a17294d3	flt.s	x9,f5,f23	  f5:0x47345b07 f23:0x00000000  x9=0x00000000
     393595.000 ns	     39358	8000818c	f00284d3	fmv.w.x	f9,x5	  x5:0x00000000  f9=0x00000000
     393625.000 ns	     39361	80008190	c01df753	fcvt.wu.s	x14,f27	 f27:0xffc00000 x14=0xffffffff
     393645.000 ns	     39363	80008194	01fa9f13	slli	x30,x21,0x1f	 x21:0x09f4c0ac x30=0x00000000
     393655.000 ns	     39364	80008198	01641f33	sll	x30,x8,x22	  x8:0x00000000 x22:0x00000001 x30=0x00000000
     394015.000 ns	     39400	8000819c	036cc9b3	div	x19,x25,x22	 x25:0x0e392982 x22:0x00000001 x19=0x0e392982
     394035.000 ns	     39402	800081a0	0046d193	srli	x3,x13,0x4	 x13:0x00082048  x3=0x00008204
     394045.000 ns	     39403	800081a4	eaa5e993	ori	x19,x11,-342	 x11:0x40400000 x19=0xfffffeaa
     394065.000 ns	     39405	800081a8	29178253	fmin.s	f4,f15,f17	 f15:0x00000000 f17:0x00001136  f4=0x00000000
     394085.000 ns	     39407	800081ac	8c340e93	addi	x29,x8,-1853	  x8:0x00000000 x29=0xfffff8c3
     394095.000 ns	     39408	800081b0	01355113	srli	x2,x10,0x13	 x10:0x40000000  x2=0x00000800
     394105.000 ns	     39409	800081b4	06103b13	sltiu	x22,x0,97	  x0:0x00000000 x22=0x00000001
     394125.000 ns	     39411	800081b8	d00efe53	fcvt.s.w	f28,x29	 x29:0xfffff8c3 f28=0xc4e7a000
     394145.000 ns	     39413	800081bc	00f39e33	sll	x28,x7,x15	  x7:0x00000000 x15:0x80040fe4 x28=0x00000000
     394155.000 ns	     39414	800081c0	00811893	slli	x17,x2,0x8	  x2:0x00000800 x17=0x00080000
     394165.000 ns	     39415	800081c4	ef19c293	xori	x5,x19,-271	 x19:0xfffffeaa  x5=0x0000005b
     394205.000 ns	     39419	800081c8	00fffb53	fadd.s	f22,f31,f15	 f31:0x7fc00000 f15:0x00000000 f22=0x7fc00000
     394235.000 ns	     39422	800081cc	294e1553	fmax.s	f10,f28,f20	 f28:0xc4e7a000 f20:0x7fc00000 f10=0xc4e7a000
     394265.000 ns	     39425	800081d0	a00b8e53	fle.s	x28,f23,f0	 f23:0x00000000  f0:0x4f800000 x28=0x00000001
     394295.000 ns	     39428	800081d4	d00294d3	fcvt.s.w	f9,x5	  x5:0x0000005b  f9=0x42b60000
     394325.000 ns	     39431	800081d8	028fe0b3	rem	x1,x31,x8	 x31:0x0000016f  x8:0x00000000  x1=0x0000016f
     394695.000 ns	     39468	800081dc	033f5733	divu	x14,x30,x19	 x30:0x00000000 x19:0xfffffeaa x14=0x00000000
     394725.000 ns	     39471	800081e0	020c0bb3	mul	x23,x24,x0	 x24:0x00000000  x0:0x00000000 x23=0x00000000
     394745.000 ns	     39473	800081e4	01a84db3	xor	x27,x16,x26	 x16:0xac3e5000 x26:0xffc00000 x27=0x53fe5000
     394765.000 ns	     39475	800081e8	a1b30fd3	fle.s	x31,f6,f27	  f6:0x49020480 f27:0xffc00000 x31=0x00000000
     394795.000 ns	     39478	800081ec	a1691ad3	flt.s	x21,f18,f22	 f18:0x00001136 f22:0x7fc00000 x21=0x00000000
     394825.000 ns	     39481	800081f0	292e0753	fmin.s	f14,f28,f18	 f28:0xc4e7a000 f18:0x00001136 f14=0xc4e7a000
     394855.000 ns	     39484	800081f4	03949ab3	mulh	x21,x9,x25	  x9:0x00000000 x25:0x0e392982 x21=0x00000000
     394875.000 ns	     39486	800081f8	e1f71217	auipc	x4,0xe1f71	  x4=0x61f791f8
     394915.000 ns	     39490	800081fc	01dd0253	fadd.s	f4,f26,f29	 f26:0x7fc00000 f29:0x7fc00000  f4=0x7fc00000
     394935.000 ns	     39492	80008200	c000fe93	andi	x29,x1,-1024	  x1:0x0000016f x29=0x00000000
     394955.000 ns	     39494	80008204	d00d06d3	fcvt.s.w	f13,x26	 x26:0xffc00000 f13=0xca800000
     394985.000 ns	     39497	80008208	03391433	mulh	x8,x18,x19	 x18:0x00000000 x19:0xfffffeaa  x8=0x00000000
     395015.000 ns	     39500	8000820c	29a296d3	fmax.s	f13,f5,f26	  f5:0x47345b07 f26:0x7fc00000 f13=0x47345b07
     395045.000 ns	     39503	80008210	a1ba8553	fle.s	x10,f21,f27	 f21:0x4e63883d f27:0xffc00000 x10=0x00000000
     395065.000 ns	     39505	80008214	5b1d3493	sltiu	x9,x26,1457	 x26:0xffc00000  x9=0x00000000
     395095.000 ns	     39508	80008218	10aba7d3	fmul.s	f15,f23,f10	 f23:0x00000000 f10:0xc4e7a000 f15=0x80000000
     395115.000 ns	     39510	8000821c	00000013	addi	x0,x0,0	  x0:0x00000000
     395135.000 ns	     39512	80008220	e00d9ad3	fclass.s	x21,f27	 f27:0xffc00000 x21=0x00000200
     395155.000 ns	     39514	80008224	011d2f33	slt	x30,x26,x17	 x26:0xffc00000 x17:0x00080000 x30=0x00000001
     395175.000 ns	     39516	80008228	a1ea9653	flt.s	x12,f21,f30	 f21:0x4e63883d f30:0xffc00000 x12=0x00000000
     395515.000 ns	     39550	8000822c	195e2ad3	fdiv.s	f21,f28,f21	 f28:0xc4e7a000 f21:0x4e63883d f21=0xb5e7a000
     395545.000 ns	     39553	80008230	21479453	fsgnjn.s	f8,f15,f20	 f15:0x80000000 f20:0x7fc00000  f8=0x80000000
     395565.000 ns	     39555	80008234	62b38693	addi	x13,x7,1579	  x7:0x00000000 x13=0x0000062b
     395925.000 ns	     39591	80008238	0396db33	divu	x22,x13,x25	 x13:0x00082048 x25:0x0e392982 x22=0x00000000
     395955.000 ns	     39594	8000823c	a0990453	fle.s	x8,f18,f9	 f18:0x00001136  f9:0x42b60000  x8=0x00000001
     395975.000 ns	     39596	80008240	00000013	addi	x0,x0,0	  x0:0x00000000
     395985.000 ns	     39597	80008244	8018c813	xori	x16,x17,-2047	 x17:0x00080000 x16=0xfff7f801
     396005.000 ns	     39599	80008248	02edb933	mulhu	x18,x27,x14	 x27:0x53fe5000 x14:0x00000000 x18=0x00000000
     396035.000 ns	     39602	8000824c	e0031f53	fclass.s	x30,f6	  f6:0x49020480 x30=0x00000040
     396085.000 ns	     39607	80008250	017c30d3	fadd.s	f1,f24,f23	 f24:0x4f800000 f23:0x00000000  f1=0x4f800000
     396125.000 ns	     39611	80008254	58077ed3	fsqrt.s	f29,f14	 f14:0xc4e7a000 f29=0x7fc00000
     396495.000 ns	     39648	80008258	03997a33	remu	x20,x18,x25	 x18:0x00000000 x25:0x0e392982 x20=0x00000000
     396515.000 ns	     39650	8000825c	be87fd97	auipc	x27,0xbe87f	 x27=0x3e88725c
     396535.000 ns	     39652	80008260	20009953	fsgnjn.s	f18,f1,f0	  f1:0x4f800000  f0:0x4f800000 f18=0xcf800000
     396565.000 ns	     39655	80008264	a07fa9d3	feq.s	x19,f31,f7	 f31:0x7fc00000  f7:0x7fc00000 x19=0x00000000
     396935.000 ns	     39692	80008268	030261b3	rem	x3,x4,x16	  x4:0x61f791f8 x16:0xfff7f801  x3=0x00060e2a
     396965.000 ns	     39695	8000826c	e0099e53	fclass.s	x28,f19	 f19:0x80000000 x28=0x00000008
     397015.000 ns	     39700	80008270	00661c53	fadd.s	f24,f12,f6	 f12:0x00000000  f6:0x49020480 f24=0x49020480
     397065.000 ns	     39705	80008274	00f274d3	fadd.s	f9,f4,f15	  f4:0x7fc00000 f15:0x80000000  f9=0x7fc00000
     397095.000 ns	     39708	80008278	02a02ab3	mulhsu	x21,x0,x10	  x0:0x00000000 x10:0x00000000 x21=0x00000000
     397125.000 ns	     39711	8000827c	f0010953	fmv.w.x	f18,x2	  x2:0x00000800 f18=0x00000800
     397145.000 ns	     39713	80008280	a3b72813	slti	x16,x14,-1477	 x14:0x00000000 x16=0x00000000
     397155.000 ns	     39714	80008284	00000013	addi	x0,x0,0	  x0:0x00000000
     397165.000 ns	     39715	80008288	005d1d93	slli	x27,x26,0x5	 x26:0xffc00000 x27=0xf8000000
     397525.000 ns	     39751	8000828c	026f6bb3	rem	x23,x30,x6	 x30:0x00000040  x6:0x80041024 x23=0x00000040
     397895.000 ns	     39788	80008290	0230fe33	remu	x28,x1,x3	  x1:0x0000016f  x3:0x00060e2a x28=0x0000016f
     397915.000 ns	     39790	80008294	00422a33	slt	x20,x4,x4	  x4:0x61f791f8  x4:0x61f791f8 x20=0x00000000
     397925.000 ns	     39791	80008298	404d82b3	sub	x5,x27,x4	 x27:0xf8000000  x4:0x61f791f8  x5=0x96086e08
     397945.000 ns	     39793	8000829c	f00a8ed3	fmv.w.x	f29,x21	 x21:0x00000000 f29=0x00000000
     397975.000 ns	     39796	800082a0	29fa9953	fmax.s	f18,f21,f31	 f21:0xb5e7a000 f31:0x7fc00000 f18=0xb5e7a000
     398015.000 ns	     39800	800082a4	1078cd53	fmul.s	f26,f17,f7	 f17:0x00001136  f7:0x7fc00000 f26=0x7fc00000
     398045.000 ns	     39803	800082a8	a0b216d3	flt.s	x13,f4,f11	  f4:0x7fc00000 f11:0x80000000 x13=0x00000000
     398065.000 ns	     39805	800082ac	01cf9993	slli	x19,x31,0x1c	 x31:0x00000000 x19=0x00000000
     398085.000 ns	     39807	800082b0	202091d3	fsgnjn.s	f3,f1,f2	  f1:0x4f800000  f2:0x7fc00000  f3=0xcf800000
     398105.000 ns	     39809	800082b4	01a04833	xor	x16,x0,x26	  x0:0x00000000 x26:0xffc00000 x16=0xffc00000
     398115.000 ns	     39810	800082b8	45912697	auipc	x13,0x45912	 x13=0xc591a2b8
     398125.000 ns	     39811	800082bc	945f4593	xori	x11,x30,-1723	 x30:0x00000040 x11=0xfffff905
     398145.000 ns	     39813	800082c0	c00c9a53	fcvt.w.s	x20,f25	 f25:0x00000000 x20=0x00000000
     398175.000 ns	     39816	800082c4	f00785d3	fmv.w.x	f11,x15	 x15:0x80040fe4 f11=0x80040fe4
     398195.000 ns	     39818	800082c8	41f08eb3	sub	x29,x1,x31	  x1:0x0000016f x31:0x00000000 x29=0x0000016f
     398215.000 ns	     39820	800082cc	0330ebb3	rem	x23,x1,x19	  x1:0x0000016f x19:0x00000000 x23=0x0000016f
     398245.000 ns	     39823	800082d0	d01ef2d3	fcvt.s.wu	f5,x29	 x29:0x00000000  f5=0x43b78000
     398265.000 ns	     39825	800082d4	41e28fb3	sub	x31,x5,x30	  x5:0x96086e08 x30:0x00000040 x31=0x96086dc8
     398285.000 ns	     39827	800082d8	0314b2b3	mulhu	x5,x9,x17	  x9:0x00000000 x17:0x00080000  x5=0x00000000
     398315.000 ns	     39830	800082dc	e0050953	fmv.x.w	x18,f10	 f10:0xc4e7a000 x18=0xc4e7a000
     398345.000 ns	     39833	800082e0	0358f233	remu	x4,x17,x21	 x17:0x00080000 x21:0x00000000  x4=0x00080000
     398715.000 ns	     39870	800082e4	028ddab3	divu	x21,x27,x8	 x27:0xf8000000  x8:0x00000001 x21=0xf8000000
     398745.000 ns	     39873	800082e8	e00d1a53	fclass.s	x20,f26	 f26:0x7fc00000 x20=0x00000200
     398765.000 ns	     39875	800082ec	41220633	sub	x12,x4,x18	  x4:0x00080000 x18:0xc4e7a000 x12=0x3b206000
     399125.000 ns	     39911	800082f0	02bacf33	div	x30,x21,x11	 x21:0xf8000000 x11:0xfffff905 x30=0x00012563
     399145.000 ns	     39913	800082f4	01f0a3b3	slt	x7,x1,x31	  x1:0x0000016f x31:0x96086dc8  x7=0x00000000
     399165.000 ns	     39915	800082f8	a194a753	feq.s	x14,f9,f25	  f9:0x7fc00000 f25:0x00000000 x14=0x00000000
     399195.000 ns	     39918	800082fc	29a897d3	fmax.s	f15,f17,f26	 f17:0x00001136 f26:0x7fc00000 f15=0x00001136
     399215.000 ns	     39920	80008300	005711b3	sll	x3,x14,x5	 x14:0x00000000  x5:0x00000000  x3=0x00000000
     399225.000 ns	     39921	80008304	40a1d093	srai	x1,x3,0xa	  x3:0x00060e2a  x1=0x00000000
     399585.000 ns	     39957	80008308	03fd5733	divu	x14,x26,x31	 x26:0xffc00000 x31:0x96086dc8 x14=0x00000001
     399615.000 ns	     39960	8000830c	031c8133	mul	x2,x25,x17	 x25:0x0e392982 x17:0x00080000  x2=0x4c100000
     399635.000 ns	     39962	80008310	002668b3	or	x17,x12,x2	 x12:0x3b206000  x2:0x00000800 x17=0x7f306000
     399645.000 ns	     39963	80008314	7da0e293	ori	x5,x1,2010	  x1:0x00000000  x5=0x000007da
     399655.000 ns	     39964	80008318	7c17a593	slti	x11,x15,1985	 x15:0x80040fe4 x11=0x00000001
     399665.000 ns	     39965	8000831c	00000013	addi	x0,x0,0	  x0:0x00000000
     400025.000 ns	     40001	80008320	03d8e133	rem	x2,x17,x29	 x17:0x7f306000 x29:0x0000016f  x2=0x0000000a
     400365.000 ns	     40035	80008324	195070d3	fdiv.s	f1,f0,f21	  f0:0x4f800000 f21:0xb5e7a000  f1=0xd934b51a
     400395.000 ns	     40038	80008328	d01e4bd3	fcvt.s.wu	f23,x28	 x28:0x0000016f f23=0x43b78000
     400425.000 ns	     40041	8000832c	f0008f53	fmv.w.x	f30,x1	  x1:0x00000000 f30=0x00000000
     400475.000 ns	     40046	80008330	09137753	fsub.s	f14,f6,f17	  f6:0x49020480 f17:0x00001136 f14=0x49020480
     400495.000 ns	     40048	80008334	00371813	slli	x16,x14,0x3	 x14:0x00000001 x16=0x00000008
     400505.000 ns	     40049	80008338	40f28f33	sub	x30,x5,x15	  x5:0x000007da x15:0x80040fe4 x30=0x7ffbf7f6
     400525.000 ns	     40051	8000833c	e00e01d3	fmv.x.w	x3,f28	 f28:0xc4e7a000  x3=0xc4e7a000
     400545.000 ns	     40053	80008340	de4f1137	lui	x2,0xde4f1	  x2=0xde4f1000
     400565.000 ns	     40055	80008344	a0560ad3	fle.s	x21,f12,f5	 f12:0x00000000  f5:0x43b78000 x21=0x00000001
     400595.000 ns	     40058	80008348	03eb1233	mulh	x4,x22,x30	 x22:0x00000000 x30:0x7ffbf7f6  x4=0x00000000
     400615.000 ns	     40060	8000834c	01105133	srl	x2,x0,x17	  x0:0x00000000 x17:0x7f306000  x2=0x00000000
     400635.000 ns	     40062	80008350	211b2853	fsgnjx.s	f16,f22,f17	 f22:0x7fc00000 f17:0x00001136 f16=0x7fc00000
     400675.000 ns	     40066	80008354	1993cfd3	fdiv.s	f31,f7,f25	  f7:0x7fc00000 f25:0x00000000 f31=0x7fc00000
     400705.000 ns	     40069	80008358	022ae3b3	rem	x7,x21,x2	 x21:0x00000001  x2:0x00000000  x7=0x00000001
     400725.000 ns	     40071	8000835c	00000013	addi	x0,x0,0	  x0:0x00000000
     400735.000 ns	     40072	80008360	406d5213	srai	x4,x26,0x6	 x26:0xffc00000  x4=0xffff0000
     400745.000 ns	     40073	80008364	007c9733	sll	x14,x25,x7	 x25:0x0e392982  x7:0x00000001 x14=0x1c725304
     400755.000 ns	     40074	80008368	01584933	xor	x18,x16,x21	 x16:0x00000008 x21:0x00000001 x18=0x00000009
     400765.000 ns	     40075	8000836c	edcc4e93	xori	x29,x24,-292	 x24:0x00000000 x29=0xfffffedc
     400785.000 ns	     40077	80008370	c0077e53	fcvt.w.s	x28,f14	 f14:0x49020480 x28=0x00082048
     400825.000 ns	     40081	80008374	18080253	fdiv.s	f4,f16,f0	 f16:0x7fc00000  f0:0x4f800000  f4=0x7fc00000
     400855.000 ns	     40084	80008378	d012f353	fcvt.s.wu	f6,x5	  x5:0x000007da  f6=0x44fb4000
     400885.000 ns	     40087	8000837c	f00b85d3	fmv.w.x	f11,x23	 x23:0x0000016f f11=0x0000016f
     400925.000 ns	     40091	80008380	193281d3	fdiv.s	f3,f5,f19	  f5:0x43b78000 f19:0x80000000  f3=0xff800000
     400945.000 ns	     40093	80008384	40378bb3	sub	x23,x15,x3	 x15:0x80040fe4  x3:0xc4e7a000 x23=0xbb1c6fe4
     400965.000 ns	     40095	80008388	21212cd3	fsgnjx.s	f25,f2,f18	  f2:0x7fc00000 f18:0xb5e7a000 f25=0xffc00000
     400995.000 ns	     40098	8000838c	c01216d3	fcvt.wu.s	x13,f4	  f4:0x7fc00000 x13=0xffffffff
     401015.000 ns	     40100	80008390	18730813	addi	x16,x6,391	  x6:0x80041024 x16=0x800411ab
     401025.000 ns	     40101	80008394	01f2f033	and	x0,x5,x31	  x5:0x000007da x31:0x96086dc8
     401045.000 ns	     40103	80008398	a0e481d3	fle.s	x3,f9,f14	  f9:0x7fc00000 f14:0x49020480  x3=0x00000000
     401075.000 ns	     40106	8000839c	02e60833	mul	x16,x12,x14	 x12:0x3b206000 x14:0x1c725304 x16=0x2ba18000
     401095.000 ns	     40108	800083a0	b5d29037	lui	x0,0xb5d29	
     401105.000 ns	     40109	800083a4	1c8db913	sltiu	x18,x27,456	 x27:0xf8000000 x18=0x00000000
     401125.000 ns	     40111	800083a8	e00483d3	fmv.x.w	x7,f9	  f9:0x7fc00000  x7=0x7fc00000
     401155.000 ns	     40114	800083ac	210aaed3	fsgnjx.s	f29,f21,f16	 f21:0xb5e7a000 f16:0x7fc00000 f29=0xb5e7a000
     401185.000 ns	     40117	800083b0	d017fbd3	fcvt.s.wu	f23,x15	 x15:0x80040fe4 f23=0x4f00040f
     401215.000 ns	     40120	800083b4	e00892d3	fclass.s	x5,f17	 f17:0x00001136  x5=0x00000020
     401235.000 ns	     40122	800083b8	b05f1a37	lui	x20,0xb05f1	 x20=0xb05f1000
     401255.000 ns	     40124	800083bc	e00a15d3	fclass.s	x11,f20	 f20:0x7fc00000 x11=0x00000200
     401285.000 ns	     40127	800083c0	022f11b3	mulh	x3,x30,x2	 x30:0x7ffbf7f6  x2:0x00000000  x3=0x00000000
     401305.000 ns	     40129	800083c4	9b9c7813	andi	x16,x24,-1607	 x24:0x00000000 x16=0x00000000
     401315.000 ns	     40130	800083c8	40afd2b3	sra	x5,x31,x10	 x31:0x96086dc8 x10:0x00000000  x5=0x96086dc8
     401335.000 ns	     40132	800083cc	e0039ad3	fclass.s	x21,f7	  f7:0x7fc00000 x21=0x00000200
     401355.000 ns	     40134	800083d0	018d81b3	add	x3,x27,x24	 x27:0xf8000000 x24:0x00000000  x3=0xf8000000
     401375.000 ns	     40136	800083d4	022c01b3	mul	x3,x24,x2	 x24:0x00000000  x2:0x00000000  x3=0x00000000
     401405.000 ns	     40139	800083d8	d01744d3	fcvt.s.wu	f9,x14	 x14:0x1c725304  f9=0x4de39298
     401435.000 ns	     40142	800083dc	d01a7fd3	fcvt.s.wu	f31,x20	 x20:0xb05f1000 f31=0x4f305f10
     401465.000 ns	     40145	800083e0	219220d3	fsgnjx.s	f1,f4,f25	  f4:0x7fc00000 f25:0xffc00000  f1=0xffc00000
     401485.000 ns	     40147	800083e4	476c8b37	lui	x22,0x476c8	 x22=0x476c8000
     401495.000 ns	     40148	800083e8	0c5cc593	xori	x11,x25,197	 x25:0x0e392982 x11=0x0e392947
     401505.000 ns	     40149	800083ec	00f032b3	sltu	x5,x0,x15	  x0:0x00000000 x15:0x80040fe4  x5=0x00000001
     401525.000 ns	     40151	800083f0	20f71053	fsgnjn.s	f0,f14,f15	 f14:0x49020480 f15:0x00001136  f0=0xc9020480
     401555.000 ns	     40154	800083f4	032fe4b3	rem	x9,x31,x18	 x31:0x96086dc8 x18:0x00000000  x9=0x96086dc8
     401575.000 ns	     40156	800083f8	6089bf93	sltiu	x31,x19,1544	 x19:0x00000000 x31=0x00000001
     401595.000 ns	     40158	800083fc	c003fed3	fcvt.w.s	x29,f7	  f7:0x7fc00000 x29=0x7fffffff
     401625.000 ns	     40161	80008400	a1592853	feq.s	x16,f18,f21	 f18:0xb5e7a000 f21:0xb5e7a000 x16=0x00000001
     401645.000 ns	     40163	80008404	006d11b3	sll	x3,x26,x6	 x26:0xffc00000  x6:0x80041024  x3=0xfc000000
     401655.000 ns	     40164	80008408	01440d33	add	x26,x8,x20	  x8:0x00000001 x20:0xb05f1000 x26=0xb05f1001
     401665.000 ns	     40165	8000840c	da61ca13	xori	x20,x3,-602	  x3:0x00000000 x20=0x03fffda6
     401685.000 ns	     40167	80008410	a14da653	feq.s	x12,f27,f20	 f27:0xffc00000 f20:0x7fc00000 x12=0x00000000
     401715.000 ns	     40170	80008414	203f2b53	fsgnjx.s	f22,f30,f3	 f30:0x00000000  f3:0xff800000 f22=0x80000000
     401745.000 ns	     40173	80008418	f00d8fd3	fmv.w.x	f31,x27	 x27:0xf8000000 f31=0xf8000000
     401775.000 ns	     40176	8000841c	21c98253	fsgnj.s	f4,f19,f28	 f19:0x80000000 f28:0xc4e7a000  f4=0x80000000
     401805.000 ns	     40179	80008420	a06c0853	fle.s	x16,f24,f6	 f24:0x49020480  f6:0x44fb4000 x16=0x00000000
     401855.000 ns	     40184	80008424	01847f53	fadd.s	f30,f8,f24	  f8:0x80000000 f24:0x49020480 f30=0x49020480
     401875.000 ns	     40186	80008428	415652b3	sra	x5,x12,x21	 x12:0x00000000 x21:0x00000200  x5=0x00000000
     401885.000 ns	     40187	8000842c	016253b3	srl	x7,x4,x22	  x4:0xffff0000 x22:0x476c8000  x7=0xffff0000
     401895.000 ns	     40188	80008430	41c588b3	sub	x17,x11,x28	 x11:0x0e392947 x28:0x00082048 x17=0x0e3108ff
     401905.000 ns	     40189	80008434	12540a93	addi	x21,x8,293	  x8:0x00000001 x21=0x00000126
     401915.000 ns	     40190	80008438	d6572f13	slti	x30,x14,-667	 x14:0x1c725304 x30=0x00000000
     401935.000 ns	     40192	8000843c	02d50633	mul	x12,x10,x13	 x10:0x00000000 x13:0xffffffff x12=0x00000000
     401965.000 ns	     40195	80008440	e00618d3	fclass.s	x17,f12	 f12:0x00000000 x17=0x00000010
     401995.000 ns	     40198	80008444	28dd9053	fmax.s	f0,f27,f13	 f27:0xffc00000 f13:0x47345b07  f0=0x47345b07
     402045.000 ns	     40203	80008448	01f33f53	fadd.s	f30,f6,f31	  f6:0x44fb4000 f31:0xf8000000 f30=0xf8000000
     402065.000 ns	     40205	8000844c	41a3d233	sra	x4,x7,x26	  x7:0xffff0000 x26:0xb05f1001  x4=0xffff8000
     402075.000 ns	     40206	80008450	4868a413	slti	x8,x17,1158	 x17:0x00000010  x8=0x00000001
     402085.000 ns	     40207	80008454	4181d393	srai	x7,x3,0x18	  x3:0xfc000000  x7=0xfffffffc
     402095.000 ns	     40208	80008458	7ef44a93	xori	x21,x8,2031	  x8:0x00000001 x21=0x000007ee
     402105.000 ns	     40209	8000845c	01145193	srli	x3,x8,0x11	  x8:0x00000001  x3=0x00000000
     402115.000 ns	     40210	80008460	c1b56593	ori	x11,x10,-997	 x10:0x00000000 x11=0xfffffc1b
     402135.000 ns	     40212	80008464	e00d1bd3	fclass.s	x23,f26	 f26:0x7fc00000 x23=0x00000200
     402155.000 ns	     40214	80008468	417d8bb3	sub	x23,x27,x23	 x27:0xf8000000 x23:0xbb1c6fe4 x23=0xf7fffe00
     402195.000 ns	     40218	8000846c	091977d3	fsub.s	f15,f18,f17	 f18:0xb5e7a000 f17:0x00001136 f15=0xb5e7a000
     402225.000 ns	     40221	80008470	03889e33	mulh	x28,x17,x24	 x17:0x00000010 x24:0x00000000 x28=0x00000000
     402255.000 ns	     40224	80008474	e00f1d53	fclass.s	x26,f30	 f30:0xf8000000 x26=0x00000002
     402285.000 ns	     40227	80008478	28f39653	fmax.s	f12,f7,f15	  f7:0x7fc00000 f15:0xb5e7a000 f12=0xb5e7a000
     402305.000 ns	     40229	8000847c	012e5d33	srl	x26,x28,x18	 x28:0x00000000 x18:0x00000000 x26=0x00000000
     402315.000 ns	     40230	80008480	d93fd197	auipc	x3,0xd93fd	  x3=0x59405480
     402335.000 ns	     40232	80008484	e0009c53	fclass.s	x24,f1	  f1:0xffc00000 x24=0x00000200
     402705.000 ns	     40269	80008488	03d5d1b3	divu	x3,x11,x29	 x11:0xfffffc1b x29:0x7fffffff  x3=0x00000001
     402735.000 ns	     40272	8000848c	f0078953	fmv.w.x	f18,x15	 x15:0x80040fe4 f18=0x80040fe4
     402755.000 ns	     40274	80008490	0108d713	srli	x14,x17,0x10	 x17:0x00000010 x14=0x00000000
     402765.000 ns	     40275	80008494	0147ff33	and	x30,x15,x20	 x15:0x80040fe4 x20:0x03fffda6 x30=0x00040da4
     402775.000 ns	     40276	80008498	00e65013	srli	x0,x12,0xe	 x12:0x00000000
     402795.000 ns	     40278	8000849c	21fa8053	fsgnj.s	f0,f21,f31	 f21:0xb5e7a000 f31:0xf8000000  f0=0xb5e7a000
     402815.000 ns	     40280	800084a0	01365013	srli	x0,x12,0x13	 x12:0x00000000
     402835.000 ns	     40282	800084a4	02130f33	mul	x30,x6,x1	  x6:0x80041024  x1:0x00000000 x30=0x00000000
     402855.000 ns	     40284	800084a8	6dd54c13	xori	x24,x10,1757	 x10:0x00000000 x24=0x000006dd
     402865.000 ns	     40285	800084ac	b7187893	andi	x17,x16,-1167	 x16:0x00000000 x17=0x00000000
     403225.000 ns	     40321	800084b0	038fe933	rem	x18,x31,x24	 x31:0x00000001 x24:0x00000200 x18=0x00000001
     403245.000 ns	     40323	800084b4	4131d093	srai	x1,x3,0x13	  x3:0x00000001  x1=0x00000000
     403265.000 ns	     40325	800084b8	a0aaa753	feq.s	x14,f21,f10	 f21:0xb5e7a000 f10:0xc4e7a000 x14=0x00000000
     403295.000 ns	     40328	800084bc	214703d3	fsgnj.s	f7,f14,f20	 f14:0x49020480 f20:0x7fc00000  f7=0x49020480
     403335.000 ns	     40332	800084c0	11d17353	fmul.s	f6,f2,f29	  f2:0x7fc00000 f29:0xb5e7a000  f6=0x7fc00000
     403355.000 ns	     40334	800084c4	412d5e33	sra	x28,x26,x18	 x26:0x00000000 x18:0x00000001 x28=0x00000000
     403385.000 ns	     40337	800084c8	1096fc53	fmul.s	f24,f13,f9	 f13:0x47345b07  f9:0x4de39298 f24=0x55a053fe
     403405.000 ns	     40339	800084cc	41ca5813	srai	x16,x20,0x1c	 x20:0x03fffda6 x16=0x00000000
     403425.000 ns	     40341	800084d0	21aaa153	fsgnjx.s	f2,f21,f26	 f21:0xb5e7a000 f26:0x7fc00000  f2=0xb5e7a000
     403455.000 ns	     40344	800084d4	f0040ad3	fmv.w.x	f21,x8	  x8:0x00000001 f21=0x00000001
     403795.000 ns	     40378	800084d8	18ee7853	fdiv.s	f16,f28,f14	 f28:0xc4e7a000 f14:0x49020480 f16=0xbae7a000
     403815.000 ns	     40380	800084dc	00a9cb33	xor	x22,x19,x10	 x19:0x00000000 x10:0x00000000 x22=0x00000000
     403835.000 ns	     40382	800084e0	03aa6633	rem	x12,x20,x26	 x20:0x03fffda6 x26:0x00000000 x12=0x03fffda6
     403865.000 ns	     40385	800084e4	03e69633	mulh	x12,x13,x30	 x13:0xffffffff x30:0x00000000 x12=0x00000000
     403885.000 ns	     40387	800084e8	0478a393	slti	x7,x17,71	 x17:0x00000000  x7=0x00000001
     403895.000 ns	     40388	800084ec	012612b3	sll	x5,x12,x18	 x12:0x00000000 x18:0x00000001  x5=0x00000000
     404255.000 ns	     40424	800084f0	03796533	rem	x10,x18,x23	 x18:0x00000001 x23:0xf7fffe00 x10=0x00000001
     404275.000 ns	     40426	800084f4	418b8fb3	sub	x31,x23,x24	 x23:0xf7fffe00 x24:0x000006dd x31=0xf7fff723
     404305.000 ns	     40429	800084f8	11437053	fmul.s	f0,f6,f20	  f6:0x7fc00000 f20:0x7fc00000  f0=0x7fc00000
     404335.000 ns	     40432	800084fc	c01b7853	fcvt.wu.s	x16,f22	 f22:0x80000000 x16=0x00000000
     404355.000 ns	     40434	80008500	008cdfb3	srl	x31,x25,x8	 x25:0x0e392982  x8:0x00000001 x31=0x071c94c1
     404365.000 ns	     40435	80008504	019ada33	srl	x20,x21,x25	 x21:0x000007ee x25:0x0e392982 x20=0x000001fb
     404385.000 ns	     40437	80008508	03c13eb3	mulhu	x29,x2,x28	  x2:0x00000000 x28:0x00000000 x29=0x00000000
     404405.000 ns	     40439	8000850c	a7b4ce97	auipc	x29,0xa7b4c	 x29=0x27b5450c
     404415.000 ns	     40440	80008510	40210933	sub	x18,x2,x2	  x2:0x00000000  x2:0x00000000 x18=0x00000000
     404425.000 ns	     40441	80008514	001052b3	srl	x5,x0,x1	  x0:0x00000000  x1:0x00000000  x5=0x00000000
     404445.000 ns	     40443	80008518	29941dd3	fmax.s	f27,f8,f25	  f8:0x80000000 f25:0xffc00000 f27=0x80000000
     404475.000 ns	     40446	8000851c	a10788d3	fle.s	x17,f15,f16	 f15:0xb5e7a000 f16:0xbae7a000 x17=0x00000000
     405655.000 ns	     40564	80008520	5802f053	fsqrt.s	f0,f5	  f5:0x43b78000  f0=0x419941f9
     405685.000 ns	     40567	80008524	e0070bd3	fmv.x.w	x23,f14	 f14:0x49020480 x23=0x49020480
     405715.000 ns	     40570	80008528	284d9fd3	fmax.s	f31,f27,f4	 f27:0x80000000  f4:0x80000000 f31=0x80000000
     405735.000 ns	     40572	8000852c	01713933	sltu	x18,x2,x23	  x2:0x00000000 x23:0x49020480 x18=0x00000001
     405745.000 ns	     40573	80008530	841fff37	lui	x30,0x841ff	 x30=0x841ff000
     405755.000 ns	     40574	80008534	012c85b3	add	x11,x25,x18	 x25:0x0e392982 x18:0x00000000 x11=0x0e392983
     405765.000 ns	     40575	80008538	e26af813	andi	x16,x21,-474	 x21:0x000007ee x16=0x00000626
     405775.000 ns	     40576	8000853c	01f85713	srli	x14,x16,0x1f	 x16:0x00000000 x14=0x00000000
     406135.000 ns	     40612	80008540	0383e833	rem	x16,x7,x24	  x7:0x00000001 x24:0x000006dd x16=0x00000001
     406165.000 ns	     40615	80008544	03be0733	mul	x14,x28,x27	 x28:0x00000000 x27:0xf8000000 x14=0x00000000
     406185.000 ns	     40617	80008548	01684e33	xor	x28,x16,x22	 x16:0x00000001 x22:0x00000000 x28=0x00000001
     406205.000 ns	     40619	8000854c	a07d18d3	flt.s	x17,f26,f7	 f26:0x7fc00000  f7:0x49020480 x17=0x00000000
     406225.000 ns	     40621	80008550	00cc9a13	slli	x20,x25,0xc	 x25:0x0e392982 x20=0x92982000
     406235.000 ns	     40622	80008554	0184b233	sltu	x4,x9,x24	  x9:0x96086dc8 x24:0x000006dd  x4=0x00000000
     406245.000 ns	     40623	80008558	00a87933	and	x18,x16,x10	 x16:0x00000001 x10:0x00000001 x18=0x00000001
     406275.000 ns	     40626	8000855c	192f8653	fdiv.s	f12,f31,f18	 f31:0x80000000 f18:0x80040fe4 f12=0x00000000
     406295.000 ns	     40628	80008560	40b5d913	srai	x18,x11,0xb	 x11:0x0e392983 x18=0x0001c725
     406305.000 ns	     40629	80008564	15cc6837	lui	x16,0x15cc6	 x16=0x15cc6000
     406325.000 ns	     40631	80008568	282894d3	fmax.s	f9,f17,f2	 f17:0x00001136  f2:0xb5e7a000  f9=0x00001136
     406345.000 ns	     40633	8000856c	042c55b7	lui	x11,0x42c5	 x11=0x042c5000
     406355.000 ns	     40634	80008570	0134d893	srli	x17,x9,0x13	  x9:0x96086dc8 x17=0x000012c1
     406375.000 ns	     40636	80008574	d014fad3	fcvt.s.wu	f21,x9	  x9:0x96086dc8 f21=0x4f16086d
     406405.000 ns	     40639	80008578	21dfaad3	fsgnjx.s	f21,f31,f29	 f31:0x80000000 f29:0xb5e7a000 f21=0x00000000
     406435.000 ns	     40642	8000857c	29df9b53	fmax.s	f22,f31,f29	 f31:0x80000000 f29:0xb5e7a000 f22=0x80000000
     406455.000 ns	     40644	80008580	00651733	sll	x14,x10,x6	 x10:0x00000001  x6:0x80041024 x14=0x00000010
     406815.000 ns	     40680	80008584	0275f9b3	remu	x19,x11,x7	 x11:0x042c5000  x7:0x00000001 x19=0x00000000
     406845.000 ns	     40683	80008588	d00c16d3	fcvt.s.w	f13,x24	 x24:0x000006dd f13=0x44dba000
     406865.000 ns	     40685	8000858c	01a9c0b3	xor	x1,x19,x26	 x19:0x00000000 x26:0x00000000  x1=0x00000000
     406875.000 ns	     40686	80008590	0126fbb3	and	x23,x13,x18	 x13:0xffffffff x18:0x0001c725 x23=0x0001c725
     406885.000 ns	     40687	80008594	418285b3	sub	x11,x5,x24	  x5:0x00000000 x24:0x000006dd x11=0xfffff923
     406905.000 ns	     40689	80008598	02d2a6b3	mulhsu	x13,x5,x13	  x5:0x00000000 x13:0xffffffff x13=0x00000000
     406925.000 ns	     40691	8000859c	01bbb2b3	sltu	x5,x23,x27	 x23:0x0001c725 x27:0xf8000000  x5=0x00000001
     406935.000 ns	     40692	800085a0	79114f93	xori	x31,x2,1937	  x2:0x00000000 x31=0x00000791
     406945.000 ns	     40693	800085a4	006c34b3	sltu	x9,x24,x6	 x24:0x000006dd  x6:0x80041024  x9=0x00000001
     407305.000 ns	     40729	800085a8	0292e033	rem	x0,x5,x9	  x5:0x00000001  x9:0x96086dc8
     407325.000 ns	     40731	800085ac	00795bb3	srl	x23,x18,x7	 x18:0x0001c725  x7:0x00000001 x23=0x0000e392
     407335.000 ns	     40732	800085b0	3235ad13	slti	x26,x11,803	 x11:0xfffff923 x26=0x00000001
     407355.000 ns	     40734	800085b4	f00a8a53	fmv.w.x	f20,x21	 x21:0x000007ee f20=0x000007ee
     407385.000 ns	     40737	800085b8	29b51b53	fmax.s	f22,f10,f27	 f10:0xc4e7a000 f27:0x80000000 f22=0x80000000
     407405.000 ns	     40739	800085bc	014b7933	and	x18,x22,x20	 x22:0x00000000 x20:0x92982000 x18=0x00000000
     407445.000 ns	     40743	800085c0	01ea7fd3	fadd.s	f31,f20,f30	 f20:0x000007ee f30:0xf8000000 f31=0xf8000000
     407465.000 ns	     40745	800085c4	00000013	addi	x0,x0,0	  x0:0x00000000
     407475.000 ns	     40746	800085c8	00e29513	slli	x10,x5,0xe	  x5:0x00000001 x10=0x00004000
     407495.000 ns	     40748	800085cc	d0117ed3	fcvt.s.wu	f29,x2	  x2:0x00000000 f29=0x00000000
     407515.000 ns	     40750	800085d0	019fa233	slt	x4,x31,x25	 x31:0x00000791 x25:0x0e392982  x4=0x00000001
     407525.000 ns	     40751	800085d4	017cf9b3	and	x19,x25,x23	 x25:0x0e392982 x23:0x0000e392 x19=0x00002182
     407555.000 ns	     40754	800085d8	10ab30d3	fmul.s	f1,f22,f10	 f22:0x80000000 f10:0xc4e7a000  f1=0x00000000
     407575.000 ns	     40756	800085dc	00154a33	xor	x20,x10,x1	 x10:0x00004000  x1:0x00000000 x20=0x00004000
     407585.000 ns	     40757	800085e0	01817e33	and	x28,x2,x24	  x2:0x00000000 x24:0x000006dd x28=0x00000000
     407605.000 ns	     40759	800085e4	289385d3	fmin.s	f11,f7,f9	  f7:0x49020480  f9:0x00001136 f11=0x00001136
     407625.000 ns	     40761	800085e8	001d6a33	or	x20,x26,x1	 x26:0x00000001  x1:0x00000000 x20=0x00000001
     407665.000 ns	     40765	800085ec	01a5f253	fadd.s	f4,f11,f26	 f11:0x00001136 f26:0x7fc00000  f4=0x7fc00000
     407685.000 ns	     40767	800085f0	936bce93	xori	x29,x23,-1738	 x23:0x0000e392 x29=0xffff1aa4
     407705.000 ns	     40769	800085f4	03a4b8b3	mulhu	x17,x9,x26	  x9:0x00000001 x26:0x00000001 x17=0x00000000
     407735.000 ns	     40772	800085f8	c017f0d3	fcvt.wu.s	x1,f15	 f15:0xb5e7a000  x1=0x00000000
     408075.000 ns	     40806	800085fc	19cffcd3	fdiv.s	f25,f31,f28	 f31:0xf8000000 f28:0xc4e7a000 f25=0x72c8117e
     408095.000 ns	     40808	80008600	ab7c7093	andi	x1,x24,-1353	 x24:0x000006dd  x1=0x00000295
     408115.000 ns	     40810	80008604	c0100d53	fcvt.wu.s	x26,f0	  f0:0x419941f9 x26=0x00000013
     408145.000 ns	     40813	80008608	0301a733	mulhsu	x14,x3,x16	  x3:0x00000001 x16:0x15cc6000 x14=0x00000000
     408165.000 ns	     40815	8000860c	4120d613	srai	x12,x1,0x12	  x1:0x00000295 x12=0x00000000
     408185.000 ns	     40817	80008610	c00093d3	fcvt.w.s	x7,f1	  f1:0x00000000  x7=0x00000000
     408205.000 ns	     40819	80008614	99a0de37	lui	x28,0x99a0d	 x28=0x99a0d000
     408225.000 ns	     40821	80008618	21829d53	fsgnjn.s	f26,f5,f24	  f5:0x43b78000 f24:0x55a053fe f26=0xc3b78000
     408255.000 ns	     40824	8000861c	033e3233	mulhu	x4,x28,x19	 x28:0x00000000 x19:0x00002182  x4=0x0000141b
     408305.000 ns	     40829	80008620	00b9fed3	fadd.s	f29,f19,f11	 f19:0x80000000 f11:0x00001136 f29=0x00001136
     408325.000 ns	     40831	80008624	494265b7	lui	x11,0x49426	 x11=0x49426000
     408335.000 ns	     40832	80008628	b6663b93	sltiu	x23,x12,-1178	 x12:0x00000000 x23=0x00000001
     408345.000 ns	     40833	8000862c	0040cdb3	xor	x27,x1,x4	  x1:0x00000295  x4:0x0000141b x27=0x0000168e
     408365.000 ns	     40835	80008630	02ebefb3	rem	x31,x23,x14	 x23:0x0000e392 x14:0x00000000 x31=0x00000001
     408735.000 ns	     40872	80008634	03b3d633	divu	x12,x7,x27	  x7:0x00000000 x27:0xf8000000 x12=0x00000000
     408765.000 ns	     40875	80008638	29561ad3	fmax.s	f21,f12,f21	 f12:0x00000000 f21:0x00000000 f21=0x00000000
     408805.000 ns	     40879	8000863c	199b4153	fdiv.s	f2,f22,f25	 f22:0x80000000 f25:0x72c8117e  f2=0x80000000
     408835.000 ns	     40882	80008640	02f68233	mul	x4,x13,x15	 x13:0x00000000 x15:0x80040fe4  x4=0x00000000
     408865.000 ns	     40885	80008644	02c4a5b3	mulhsu	x11,x9,x12	  x9:0x00000001 x12:0x00000000 x11=0x00000000
     408895.000 ns	     40888	80008648	f0080dd3	fmv.w.x	f27,x16	 x16:0x15cc6000 f27=0x15cc6000
     408935.000 ns	     40892	8000864c	1149ba53	fmul.s	f20,f19,f20	 f19:0x80000000 f20:0x000007ee f20=0x80000000
     408955.000 ns	     40894	80008650	00491913	slli	x18,x18,0x4	 x18:0x00000000 x18=0x00000000
     408965.000 ns	     40895	80008654	0063e033	or	x0,x7,x6	  x7:0x00000000  x6:0x80041024
     408975.000 ns	     40896	80008658	0020d493	srli	x9,x1,0x2	  x1:0x00000295  x9=0x000000a5
     408995.000 ns	     40898	8000865c	d01acb53	fcvt.s.wu	f22,x21	 x21:0x000007ee f22=0x44fdc000
     409015.000 ns	     40900	80008660	29947a13	andi	x20,x8,665	  x8:0x00000001 x20=0x00000001
     409035.000 ns	     40902	80008664	e0059fd3	fclass.s	x31,f11	 f11:0x00001136 x31=0x00000020
     409065.000 ns	     40905	80008668	020012b3	mulh	x5,x0,x0	  x0:0x00000000  x0:0x00000000  x5=0x00000000
     409115.000 ns	     40910	8000866c	08c10053	fsub.s	f0,f2,f12	  f2:0x80000000 f12:0x00000000  f0=0x80000000
     409135.000 ns	     40912	80008670	0050ef33	or	x30,x1,x5	  x1:0x00000295  x5:0x00000000 x30=0x00000295
     409145.000 ns	     40913	80008674	803b2e93	slti	x29,x22,-2045	 x22:0x00000000 x29=0x00000000
     410315.000 ns	     41030	80008678	580df2d3	fsqrt.s	f5,f27	 f27:0x15cc6000  f5=0x2a21bd91
     410335.000 ns	     41032	8000867c	004d5b93	srli	x23,x26,0x4	 x26:0x00000013 x23=0x00000001
     410355.000 ns	     41034	80008680	a12e0453	fle.s	x8,f28,f18	 f28:0xc4e7a000 f18:0x80040fe4  x8=0x00000001
     410375.000 ns	     41036	80008684	01ac1433	sll	x8,x24,x26	 x24:0x000006dd x26:0x00000013  x8=0x36e80000
     410395.000 ns	     41038	80008688	0328f933	remu	x18,x17,x18	 x17:0x00000000 x18:0x00000000 x18=0x00000000
     410415.000 ns	     41040	8000868c	41280fb3	sub	x31,x16,x18	 x16:0x15cc6000 x18:0x00000000 x31=0x15cc6000
     410775.000 ns	     41076	80008690	03a0d633	divu	x12,x1,x26	  x1:0x00000295 x26:0x00000013 x12=0x00000022
     410795.000 ns	     41078	80008694	00c1b633	sltu	x12,x3,x12	  x3:0x00000001 x12:0x00000000 x12=0x00000001
     411965.000 ns	     41195	80008698	580b42d3	fsqrt.s	f5,f22	 f22:0x44fdc000  f5=0x423438a4
     411995.000 ns	     41198	8000869c	03e42d33	mulhsu	x26,x8,x30	  x8:0x36e80000 x30:0x00000295 x26=0x0000008d
     412025.000 ns	     41201	800086a0	21762253	fsgnjx.s	f4,f12,f23	 f12:0x00000000 f23:0x4f00040f  f4=0x00000000
     412065.000 ns	     41205	800086a4	188274d3	fdiv.s	f9,f4,f8	  f4:0x7fc00000  f8:0x80000000  f9=0x7fc00000
     412095.000 ns	     41208	800086a8	217a2053	fsgnjx.s	f0,f20,f23	 f20:0x80000000 f23:0x4f00040f  f0=0x80000000
     412115.000 ns	     41210	800086ac	003ab213	sltiu	x4,x21,3	 x21:0x000007ee  x4=0x00000000
     412135.000 ns	     41212	800086b0	a1d62753	feq.s	x14,f12,f29	 f12:0x00000000 f29:0x00001136 x14=0x00000000
     412175.000 ns	     41216	800086b4	18638353	fdiv.s	f6,f7,f6	  f7:0x49020480  f6:0x7fc00000  f6=0x7fc00000
     412195.000 ns	     41218	800086b8	010491b3	sll	x3,x9,x16	  x9:0x000000a5 x16:0x15cc6000  x3=0x000000a5
     412215.000 ns	     41220	800086bc	f00b0453	fmv.w.x	f8,x22	 x22:0x00000000  f8=0x00000000
     412245.000 ns	     41223	800086c0	20b496d3	fsgnjn.s	f13,f9,f11	  f9:0x7fc00000 f11:0x00001136 f13=0xffc00000
     412265.000 ns	     41225	800086c4	3dc6beb7	lui	x29,0x3dc6b	 x29=0x3dc6b000
     412285.000 ns	     41227	800086c8	02dff4b3	remu	x9,x31,x13	 x31:0x15cc6000 x13:0x00000000  x9=0x15cc6000
     412315.000 ns	     41230	800086cc	e00e0d53	fmv.x.w	x26,f28	 f28:0xc4e7a000 x26=0xc4e7a000
     412345.000 ns	     41233	800086d0	d0043553	fcvt.s.w	f10,x8	  x8:0x36e80000 f10=0x4e5ba000
     412375.000 ns	     41236	800086d4	207e25d3	fsgnjx.s	f11,f28,f7	 f28:0xc4e7a000  f7:0x49020480 f11=0xc4e7a000
     412405.000 ns	     41239	800086d8	21369253	fsgnjn.s	f4,f13,f19	 f13:0xffc00000 f19:0x80000000  f4=0x7fc00000
     412425.000 ns	     41241	800086dc	01461d93	slli	x27,x12,0x14	 x12:0x00000001 x27=0x00100000
     412435.000 ns	     41242	800086e0	a1fafd13	andi	x26,x21,-1505	 x21:0x000007ee x26=0x0000020e
     412795.000 ns	     41278	800086e4	02fe5e33	divu	x28,x28,x15	 x28:0x99a0d000 x15:0x80040fe4 x28=0x00000001
     412825.000 ns	     41281	800086e8	29d39ad3	fmax.s	f21,f7,f29	  f7:0x49020480 f29:0x00001136 f21=0x49020480
     412855.000 ns	     41284	800086ec	28c38f53	fmin.s	f30,f7,f12	  f7:0x49020480 f12:0x00000000 f30=0x00000000
     412875.000 ns	     41286	800086f0	00d5e133	or	x2,x11,x13	 x11:0x00000000 x13:0x00000000  x2=0x00000000
     412895.000 ns	     41288	800086f4	0385a8b3	mulhsu	x17,x11,x24	 x11:0x00000000 x24:0x000006dd x17=0x00000000
     412925.000 ns	     41291	800086f8	28258153	fmin.s	f2,f11,f2	 f11:0xc4e7a000  f2:0x80000000  f2=0xc4e7a000
     412955.000 ns	     41294	800086fc	a0522653	feq.s	x12,f4,f5	  f4:0x7fc00000  f5:0x423438a4 x12=0x00000000
     412985.000 ns	     41297	80008700	a0c29ed3	flt.s	x29,f5,f12	  f5:0x423438a4 f12:0x00000000 x29=0x00000000
     413005.000 ns	     41299	80008704	9d937f13	andi	x30,x6,-1575	  x6:0x80041024 x30=0x80041000
     413015.000 ns	     41300	80008708	a0b8bbb7	lui	x23,0xa0b8b	 x23=0xa0b8b000
     413035.000 ns	     41302	8000870c	21dd1753	fsgnjn.s	f14,f26,f29	 f26:0xc3b78000 f29:0x00001136 f14=0xc3b78000
     413055.000 ns	     41304	80008710	91480a13	addi	x20,x16,-1772	 x16:0x15cc6000 x20=0x15cc5914
     413065.000 ns	     41305	80008714	013e2a33	slt	x20,x28,x19	 x28:0x00000001 x19:0x00002182 x20=0x00000001
     413085.000 ns	     41307	80008718	a148abd3	feq.s	x23,f17,f20	 f17:0x00001136 f20:0x80000000 x23=0x00000000
     413105.000 ns	     41309	8000871c	019b9533	sll	x10,x23,x25	 x23:0xa0b8b000 x25:0x0e392982 x10=0x00000000
     413125.000 ns	     41311	80008720	e00e8853	fmv.x.w	x16,f29	 f29:0x00001136 x16=0x00001136
     413145.000 ns	     41313	80008724	96812917	auipc	x18,0x96812	 x18=0x1681a724
     413155.000 ns	     41314	80008728	01ffc433	xor	x8,x31,x31	 x31:0x15cc6000 x31:0x15cc6000  x8=0x00000000
     413175.000 ns	     41316	8000872c	02eac833	div	x16,x21,x14	 x21:0x000007ee x14:0x00000000 x16=0xffffffff
     413205.000 ns	     41319	80008730	d019b6d3	fcvt.s.wu	f13,x19	 x19:0x00002182 f13=0x46060800
     413225.000 ns	     41321	80008734	005f9413	slli	x8,x31,0x5	 x31:0x15cc6000  x8=0xb98c0000
     413245.000 ns	     41323	80008738	21e70a53	fsgnj.s	f20,f14,f30	 f14:0xc3b78000 f30:0x00000000 f20=0x43b78000
     413265.000 ns	     41325	8000873c	01081233	sll	x4,x16,x16	 x16:0xffffffff x16:0xffffffff  x4=0x80000000
     413275.000 ns	     41326	80008740	01239733	sll	x14,x7,x18	  x7:0x00000000 x18:0x1681a724 x14=0x00000000
     413285.000 ns	     41327	80008744	009159b3	srl	x19,x2,x9	  x2:0x00000000  x9:0x15cc6000 x19=0x00000000
     413305.000 ns	     41329	80008748	025e0b33	mul	x22,x28,x5	 x28:0x00000001  x5:0x00000000 x22=0x00000000
     413325.000 ns	     41331	8000874c	00000013	addi	x0,x0,0	  x0:0x00000000
     413335.000 ns	     41332	80008750	017d7c33	and	x24,x26,x23	 x26:0x0000020e x23:0x00000000 x24=0x00000000
     413355.000 ns	     41334	80008754	03d99f33	mulh	x30,x19,x29	 x19:0x00000000 x29:0x00000000 x30=0x00000000
     413385.000 ns	     41337	80008758	c019fad3	fcvt.wu.s	x21,f19	 f19:0x80000000 x21=0x00000000
     413415.000 ns	     41340	8000875c	020205b3	mul	x11,x4,x0	  x4:0x80000000  x0:0x00000000 x11=0x00000000
     413445.000 ns	     41343	80008760	28169bd3	fmax.s	f23,f13,f1	 f13:0x46060800  f1:0x00000000 f23=0x46060800
     413475.000 ns	     41346	80008764	f0040553	fmv.w.x	f10,x8	  x8:0xb98c0000 f10=0xb98c0000
     413495.000 ns	     41348	80008768	c366f393	andi	x7,x13,-970	 x13:0x00000000  x7=0x00000000
     413525.000 ns	     41351	8000876c	10fda5d3	fmul.s	f11,f27,f15	 f27:0x15cc6000 f15:0xb5e7a000 f11=0x8c38ea5c
     413575.000 ns	     41356	80008770	08f600d3	fsub.s	f1,f12,f15	 f12:0x00000000 f15:0xb5e7a000  f1=0x35e7a000
     413595.000 ns	     41358	80008774	01e44db3	xor	x27,x8,x30	  x8:0xb98c0000 x30:0x00000000 x27=0xb98c0000
     413615.000 ns	     41360	80008778	02f11db3	mulh	x27,x2,x15	  x2:0x00000000 x15:0x80040fe4 x27=0x00000000
     413655.000 ns	     41364	8000877c	58092753	fsqrt.s	f14,f18	 f18:0x80040fe4 f14=0x7fc00000
     413675.000 ns	     41366	80008780	0053d613	srli	x12,x7,0x5	  x7:0x00000000 x12=0x00000000
     413685.000 ns	     41367	80008784	41d88bb3	sub	x23,x17,x29	 x17:0x00000000 x29:0x00000000 x23=0x00000000
     413695.000 ns	     41368	80008788	007d9a33	sll	x20,x27,x7	 x27:0x00000000  x7:0x00000000 x20=0x00000000
     413715.000 ns	     41370	8000878c	a09f9fd3	flt.s	x31,f31,f9	 f31:0xf8000000  f9:0x7fc00000 x31=0x00000000
     413745.000 ns	     41373	80008790	29768bd3	fmin.s	f23,f13,f23	 f13:0x46060800 f23:0x46060800 f23=0x46060800
     413765.000 ns	     41375	80008794	d9ec6113	ori	x2,x24,-610	 x24:0x00000000  x2=0xfffffd9e
     413775.000 ns	     41376	80008798	01067a33	and	x20,x12,x16	 x12:0x00000000 x16:0xffffffff x20=0x00000000
     413785.000 ns	     41377	8000879c	00062eb3	slt	x29,x12,x0	 x12:0x00000000  x0:0x00000000 x29=0x00000000
     413805.000 ns	     41379	800087a0	02cffb33	remu	x22,x31,x12	 x31:0x00000000 x12:0x00000000 x22=0x00000000
     413835.000 ns	     41382	800087a4	03716433	rem	x8,x2,x23	  x2:0xfffffd9e x23:0x00000000  x8=0xfffffd9e
     413865.000 ns	     41385	800087a8	201fa6d3	fsgnjx.s	f13,f31,f1	 f31:0xf8000000  f1:0x35e7a000 f13=0xf8000000
     413895.000 ns	     41388	800087ac	282191d3	fmax.s	f3,f3,f2	  f3:0xff800000  f2:0xc4e7a000  f3=0xc4e7a000
     413925.000 ns	     41391	800087b0	0382f4b3	remu	x9,x5,x24	  x5:0x00000000 x24:0x00000000  x9=0x00000000
     413955.000 ns	     41394	800087b4	a1810653	fle.s	x12,f2,f24	  f2:0xc4e7a000 f24:0x55a053fe x12=0x00000001
     413985.000 ns	     41397	800087b8	c01bf1d3	fcvt.wu.s	x3,f23	 f23:0x46060800  x3=0x00002182
     414015.000 ns	     41400	800087bc	21d98ad3	fsgnj.s	f21,f19,f29	 f19:0x80000000 f29:0x00001136 f21=0x00000000
     414045.000 ns	     41403	800087c0	e00390d3	fclass.s	x1,f7	  f7:0x49020480  x1=0x00000040
     414065.000 ns	     41405	800087c4	01b82db3	slt	x27,x16,x27	 x16:0xffffffff x27:0x00000000 x27=0x00000001
     414095.000 ns	     41408	800087c8	180925d3	fdiv.s	f11,f18,f0	 f18:0x80040fe4  f0:0x80000000 f11=0x7f800000
     414115.000 ns	     41410	800087cc	002cda33	srl	x20,x25,x2	 x25:0x0e392982  x2:0xfffffd9e x20=0x00000000
     414125.000 ns	     41411	800087d0	e3a16f93	ori	x31,x2,-454	  x2:0xfffffd9e x31=0xffffffbe
     414165.000 ns	     41415	800087d4	090a2c53	fsub.s	f24,f20,f16	 f20:0x43b78000 f16:0xbae7a000 f24=0x43b78039
     414195.000 ns	     41418	800087d8	02ac10b3	mulh	x1,x24,x10	 x24:0x00000000 x10:0x00000000  x1=0x00000000
     414225.000 ns	     41421	800087dc	e00a1153	fclass.s	x2,f20	 f20:0x43b78000  x2=0x00000040
     414245.000 ns	     41423	800087e0	1f416a97	auipc	x21,0x1f416	 x21=0x9f41e7e0
     414265.000 ns	     41425	800087e4	020a9733	mulh	x14,x21,x0	 x21:0x00000000  x0:0x00000000 x14=0x00000000
     414285.000 ns	     41427	800087e8	046cbc13	sltiu	x24,x25,70	 x25:0x0e392982 x24=0x00000000
     414315.000 ns	     41430	800087ec	10d733d3	fmul.s	f7,f14,f13	 f14:0x7fc00000 f13:0xf8000000  f7=0x7fc00000
     414345.000 ns	     41433	800087f0	02d8c533	div	x10,x17,x13	 x17:0x00000000 x13:0x00000000 x10=0xffffffff
     414375.000 ns	     41436	800087f4	29fe82d3	fmin.s	f5,f29,f31	 f29:0x00001136 f31:0xf8000000  f5=0xf8000000
     414405.000 ns	     41439	800087f8	02fb1033	mulh	x0,x22,x15	 x22:0x00000000 x15:0x80040fe4
     414425.000 ns	     41441	800087fc	d54e8293	addi	x5,x29,-684	 x29:0x00000000  x5=0xfffffd54
     414445.000 ns	     41443	80008800	a0f681d3	fle.s	x3,f13,f15	 f13:0xf8000000 f15:0xb5e7a000  x3=0x00000001
     414485.000 ns	     41447	80008804	1055bfd3	fmul.s	f31,f11,f5	 f11:0x7f800000  f5:0xf8000000 f31=0xff800000
     414505.000 ns	     41449	80008808	0074af33	slt	x30,x9,x7	  x9:0x00000000  x7:0x00000000 x30=0x00000000
     414525.000 ns	     41451	8000880c	c01e4dd3	fcvt.wu.s	x27,f28	 f28:0xc4e7a000 x27=0x0000073d
     414545.000 ns	     41453	80008810	008f21b3	slt	x3,x30,x8	 x30:0x00000000  x8:0xfffffd9e  x3=0x00000000
     414565.000 ns	     41455	80008814	d001fbd3	fcvt.s.w	f23,x3	  x3:0x00000001 f23=0x00000000
     414585.000 ns	     41457	80008818	00f3d633	srl	x12,x7,x15	  x7:0x00000000 x15:0x80040fe4 x12=0x00000000
     414595.000 ns	     41458	8000881c	81afb993	sltiu	x19,x31,-2022	 x31:0xffffffbe x19=0x00000000
     414635.000 ns	     41462	80008820	013cf153	fadd.s	f2,f25,f19	 f25:0x72c8117e f19:0x80000000  f2=0x72c8117e
     414655.000 ns	     41464	80008824	c345ad13	slti	x26,x11,-972	 x11:0x00000000 x26=0x00000000
     414675.000 ns	     41466	80008828	02d3c033	div	x0,x7,x13	  x7:0x00000000 x13:0x00000000
     414705.000 ns	     41469	8000882c	282b8d53	fmin.s	f26,f23,f2	 f23:0x00000000  f2:0x72c8117e f26=0x00000000
     415045.000 ns	     41503	80008830	18197b53	fdiv.s	f22,f18,f1	 f18:0x80040fe4  f1:0x35e7a000 f22=0x87b78231
     415075.000 ns	     41506	80008834	a1f09753	flt.s	x14,f1,f31	  f1:0x35e7a000 f31:0xff800000 x14=0x00000000
     415105.000 ns	     41509	80008838	c017fad3	fcvt.wu.s	x21,f15	 f15:0xb5e7a000 x21=0x00000000
     415135.000 ns	     41512	8000883c	f00d8e53	fmv.w.x	f28,x27	 x27:0x0000073d f28=0x0000073d
     415175.000 ns	     41516	80008840	19847c53	fdiv.s	f24,f8,f24	  f8:0x00000000 f24:0x43b78039 f24=0x00000000
     415205.000 ns	     41519	80008844	036edfb3	divu	x31,x29,x22	 x29:0x00000000 x22:0x00000000 x31=0xffffffff
     415235.000 ns	     41522	80008848	e0040253	fmv.x.w	x4,f8	  f8:0x00000000  x4=0x00000000
     415255.000 ns	     41524	8000884c	ddb26593	ori	x11,x4,-549	  x4:0x80000000 x11=0xfffffddb
     415265.000 ns	     41525	80008850	011d8e33	add	x28,x27,x17	 x27:0x0000073d x17:0x00000000 x28=0x0000073d
     415285.000 ns	     41527	80008854	f00e8a53	fmv.w.x	f20,x29	 x29:0x00000000 f20=0x00000000
     415305.000 ns	     41529	80008858	07108697	auipc	x13,0x7108	 x13=0x87110858
     415315.000 ns	     41530	8000885c	f35fef17	auipc	x30,0xf35fe	 x30=0x7360685c
     415325.000 ns	     41531	80008860	0105dd93	srli	x27,x11,0x10	 x11:0xfffffddb x27=0x0000ffff
     415335.000 ns	     41532	80008864	446e9917	auipc	x18,0x446e9	 x18=0xc46f1864
     415345.000 ns	     41533	80008868	00000013	addi	x0,x0,0	  x0:0x00000000
     415355.000 ns	     41534	8000886c	00986ab3	or	x21,x16,x9	 x16:0xffffffff  x9:0x00000000 x21=0xffffffff
     415365.000 ns	     41535	80008870	2959cd13	xori	x26,x19,661	 x19:0x00000000 x26=0x00000295
     415385.000 ns	     41537	80008874	20439cd3	fsgnjn.s	f25,f7,f4	  f7:0x7fc00000  f4:0x7fc00000 f25=0xffc00000
     415405.000 ns	     41539	80008878	cabee897	auipc	x17,0xcabee	 x17=0x4abf6878
     415425.000 ns	     41541	8000887c	02929133	mulh	x2,x5,x9	  x5:0xfffffd54  x9:0x00000000  x2=0x00000000
     415445.000 ns	     41543	80008880	4e264613	xori	x12,x12,1250	 x12:0x00000000 x12=0x000004e2
     416615.000 ns	     41660	80008884	5808abd3	fsqrt.s	f23,f17	 f17:0x00001136 f23=0x1f351cda
     416635.000 ns	     41662	80008888	736253b7	lui	x7,0x73625	  x7=0x73625000
     416655.000 ns	     41664	8000888c	292509d3	fmin.s	f19,f10,f18	 f10:0xb98c0000 f18:0x80040fe4 f19=0xb98c0000
     416675.000 ns	     41666	80008890	40428033	sub	x0,x5,x4	  x5:0xfffffd54  x4:0x00000000
     416685.000 ns	     41667	80008894	01d2ae33	slt	x28,x5,x29	  x5:0xfffffd54 x29:0x00000000 x28=0x00000001
     416715.000 ns	     41670	80008898	11664fd3	fmul.s	f31,f12,f22	 f12:0x00000000 f22:0x87b78231 f31=0x80000000
     416745.000 ns	     41673	8000889c	d0002f53	fcvt.s.w	f30,x0	  x0:0x00000000 f30=0x00000000
     416795.000 ns	     41678	800088a0	09c94e53	fsub.s	f28,f18,f28	 f18:0x80040fe4 f28:0x0000073d f28=0x80041721
     416815.000 ns	     41680	800088a4	00e15e93	srli	x29,x2,0xe	  x2:0x00000000 x29=0x00000000
     416825.000 ns	     41681	800088a8	011f5013	srli	x0,x30,0x11	 x30:0x7360685c
     416845.000 ns	     41683	800088ac	29c583d3	fmin.s	f7,f11,f28	 f11:0x7f800000 f28:0x80041721  f7=0x80041721
     416885.000 ns	     41687	800088b0	1855fc53	fdiv.s	f24,f11,f5	 f11:0x7f800000  f5:0xf8000000 f24=0xff800000
     416915.000 ns	     41690	800088b4	02b800b3	mul	x1,x16,x11	 x16:0xffffffff x11:0xfffffddb  x1=0x00000225
     416935.000 ns	     41692	800088b8	4f323593	sltiu	x11,x4,1267	  x4:0x00000000 x11=0x00000001
     416945.000 ns	     41693	800088bc	78924713	xori	x14,x4,1929	  x4:0x00000000 x14=0x00000789
     416955.000 ns	     41694	800088c0	4030da93	srai	x21,x1,0x3	  x1:0x00000225 x21=0x00000044
     416975.000 ns	     41696	800088c4	f00e0b53	fmv.w.x	f22,x28	 x28:0x00000001 f22=0x00000001
     416995.000 ns	     41698	800088c8	407c56b3	sra	x13,x24,x7	 x24:0x00000000  x7:0x73625000 x13=0x00000000
     417015.000 ns	     41700	800088cc	e0001ad3	fclass.s	x21,f0	  f0:0x80000000 x21=0x00000008
     417055.000 ns	     41704	800088d0	580a4853	fsqrt.s	f16,f20	 f20:0x00000000 f16=0x00000000
     417075.000 ns	     41706	800088d4	f53cc393	xori	x7,x25,-173	 x25:0x0e392982  x7=0xf1c6d6d1
     417095.000 ns	     41708	800088d8	e0071653	fclass.s	x12,f14	 f14:0x7fc00000 x12=0x00000200
     417115.000 ns	     41710	800088dc	41ff5db3	sra	x27,x30,x31	 x30:0x7360685c x31:0xffffffff x27=0x00000000
     417145.000 ns	     41713	800088e0	11257353	fmul.s	f6,f10,f18	 f10:0xb98c0000 f18:0x80040fe4  f6=0x00000048
     417165.000 ns	     41715	800088e4	00a895b3	sll	x11,x17,x10	 x17:0x4abf6878 x10:0xffffffff x11=0x00000000
     417185.000 ns	     41717	800088e8	c0183553	fcvt.wu.s	x10,f16	 f16:0x00000000 x10=0x00000000
     417215.000 ns	     41720	800088ec	f0088053	fmv.w.x	f0,x17	 x17:0x4abf6878  f0=0x4abf6878
     417235.000 ns	     41722	800088f0	5a689117	auipc	x2,0x5a689	  x2=0xda6918f0
     417245.000 ns	     41723	800088f4	41570e33	sub	x28,x14,x21	 x14:0x00000789 x21:0x00000008 x28=0x00000781
     417255.000 ns	     41724	800088f8	62d4d037	lui	x0,0x62d4d	
     417295.000 ns	     41728	800088fc	014873d3	fadd.s	f7,f16,f20	 f16:0x00000000 f20:0x00000000  f7=0x00000000
     417315.000 ns	     41730	80008900	55764a93	xori	x21,x12,1367	 x12:0x00000200 x21=0x00000757
     417335.000 ns	     41732	80008904	0333cdb3	div	x27,x7,x19	  x7:0xf1c6d6d1 x19:0x00000000 x27=0xffffffff
     417385.000 ns	     41737	80008908	0069f653	fadd.s	f12,f19,f6	 f19:0xb98c0000  f6:0x00000048 f12=0xb98c0000
     417405.000 ns	     41739	8000890c	a6438113	addi	x2,x7,-1436	  x7:0xf1c6d6d1  x2=0xf1c6d135
     417445.000 ns	     41743	80008910	003af453	fadd.s	f8,f21,f3	 f21:0x00000000  f3:0xc4e7a000  f8=0xc4e7a000
     417475.000 ns	     41746	80008914	02819ab3	mulh	x21,x3,x8	  x3:0x00000000  x8:0xfffffd9e x21=0x00000000
     417525.000 ns	     41751	80008918	010132d3	fadd.s	f5,f2,f16	  f2:0x72c8117e f16:0x00000000  f5=0x72c8117e
     417555.000 ns	     41754	8000891c	c0021853	fcvt.w.s	x16,f4	  f4:0x7fc00000 x16=0x7fffffff
     417575.000 ns	     41756	80008920	01941eb3	sll	x29,x8,x25	  x8:0xfffffd9e x25:0x0e392982 x29=0xfffff678
     417585.000 ns	     41757	80008924	00344bb3	xor	x23,x8,x3	  x8:0xfffffd9e  x3:0x00000000 x23=0xfffffd9e
     417945.000 ns	     41793	80008928	03f8c133	div	x2,x17,x31	 x17:0x4abf6878 x31:0xffffffff  x2=0xb5409788
     417975.000 ns	     41796	8000892c	21420c53	fsgnj.s	f24,f4,f20	  f4:0x7fc00000 f20:0x00000000 f24=0x7fc00000
     418005.000 ns	     41799	80008930	c0017453	fcvt.w.s	x8,f2	  f2:0x72c8117e  x8=0x7fffffff
     418035.000 ns	     41802	80008934	020698b3	mulh	x17,x13,x0	 x13:0x00000000  x0:0x00000000 x17=0x00000000
     418405.000 ns	     41839	80008938	02f665b3	rem	x11,x12,x15	 x12:0x00000200 x15:0x80040fe4 x11=0x00000200
     418425.000 ns	     41841	8000893c	67f3f493	andi	x9,x7,1663	  x7:0xf1c6d6d1  x9=0x00000651
     418445.000 ns	     41843	80008940	d0160053	fcvt.s.wu	f0,x12	 x12:0x00000200  f0=0x44000000
     418495.000 ns	     41848	80008944	080935d3	fsub.s	f11,f18,f0	 f18:0x80040fe4  f0:0x4abf6878 f11=0xc4000000
     418525.000 ns	     41851	80008948	03f79d33	mulh	x26,x15,x31	 x15:0x80040fe4 x31:0xffffffff x26=0x00000000
     418555.000 ns	     41854	8000894c	29a50fd3	fmin.s	f31,f10,f26	 f10:0xb98c0000 f26:0x00000000 f31=0xb98c0000
     418575.000 ns	     41856	80008950	40110133	sub	x2,x2,x1	  x2:0xb5409788  x1:0x00000225  x2=0xb5409563
     418595.000 ns	     41858	80008954	e00b1dd3	fclass.s	x27,f22	 f22:0x00000001 x27=0x00000020
     418625.000 ns	     41861	80008958	f0050053	fmv.w.x	f0,x10	 x10:0x00000000  f0=0x00000000
     418655.000 ns	     41864	8000895c	f00380d3	fmv.w.x	f1,x7	  x7:0xf1c6d6d1  f1=0xf1c6d6d1
     418675.000 ns	     41866	80008960	00734833	xor	x16,x6,x7	  x6:0x80041024  x7:0xf1c6d6d1 x16=0x71c2c6f5
     418685.000 ns	     41867	80008964	1f4b3613	sltiu	x12,x22,500	 x22:0x00000000 x12=0x00000001
     419045.000 ns	     41903	80008968	02bfca33	div	x20,x31,x11	 x31:0xffffffff x11:0x00000200 x20=0x00000000
     419065.000 ns	     41905	8000896c	00000013	addi	x0,x0,0	  x0:0x00000000
     419085.000 ns	     41907	80008970	03c99233	mulh	x4,x19,x28	 x19:0x00000000 x28:0x00000781  x4=0x00000000
     419115.000 ns	     41910	80008974	d00d39d3	fcvt.s.w	f19,x26	 x26:0x00000000 f19=0x00000000
     419145.000 ns	     41913	80008978	c0030c53	fcvt.w.s	x24,f6	  f6:0x00000048 x24=0x00000000
     419195.000 ns	     41918	8000897c	08057853	fsub.s	f16,f10,f0	 f10:0xb98c0000  f0:0x00000000 f16=0xb98c0000
     419215.000 ns	     41920	80008980	010d78b3	and	x17,x26,x16	 x26:0x00000000 x16:0x71c2c6f5 x17=0x00000000
     419235.000 ns	     41922	80008984	a12495d3	flt.s	x11,f9,f18	  f9:0x7fc00000 f18:0x80040fe4 x11=0x00000000
     419285.000 ns	     41927	80008988	00f67853	fadd.s	f16,f12,f15	 f12:0xb98c0000 f15:0xb5e7a000 f16=0xb98ce7a0
     419315.000 ns	     41930	8000898c	029e1533	mulh	x10,x28,x9	 x28:0x00000781  x9:0x00000651 x10=0x00000000
     419345.000 ns	     41933	80008990	a12e26d3	feq.s	x13,f28,f18	 f28:0x80041721 f18:0x80040fe4 x13=0x00000000
     419365.000 ns	     41935	80008994	00055913	srli	x18,x10,0x0	 x10:0x00000000 x18=0x00000000
     419385.000 ns	     41937	80008998	034cf4b3	remu	x9,x25,x20	 x25:0x0e392982 x20:0x00000000  x9=0x0e392982
     419425.000 ns	     41941	8000899c	10bef053	fmul.s	f0,f29,f11	 f29:0x00001136 f11:0xc4000000  f0=0x80226c00
     419795.000 ns	     41978	800089a0	029e4f33	div	x30,x28,x9	 x28:0x00000781  x9:0x0e392982 x30=0x00000000
     419815.000 ns	     41980	800089a4	73260d93	addi	x27,x12,1842	 x12:0x00000001 x27=0x00000733
     419825.000 ns	     41981	800089a8	00ee5a33	srl	x20,x28,x14	 x28:0x00000781 x14:0x00000789 x20=0x00000003
     419845.000 ns	     41983	800089ac	a19725d3	feq.s	x11,f14,f25	 f14:0x7fc00000 f25:0xffc00000 x11=0x00000000
     419875.000 ns	     41986	800089b0	f00202d3	fmv.w.x	f5,x4	  x4:0x00000000  f5=0x00000000
     419905.000 ns	     41989	800089b4	a0ca9553	flt.s	x10,f21,f12	 f21:0x00000000 f12:0xb98c0000 x10=0x00000000
     419935.000 ns	     41992	800089b8	21499253	fsgnjn.s	f4,f19,f20	 f19:0x00000000 f20:0x00000000  f4=0x80000000
     419955.000 ns	     41994	800089bc	41d853b3	sra	x7,x16,x29	 x16:0x71c2c6f5 x29:0xfffff678  x7=0x00000071
     419965.000 ns	     41995	800089c0	00996433	or	x8,x18,x9	 x18:0x00000000  x9:0x0e392982  x8=0x0e392982
     419975.000 ns	     41996	800089c4	41e005b3	sub	x11,x0,x30	  x0:0x00000000 x30:0x00000000 x11=0x00000000
     419985.000 ns	     41997	800089c8	011449b3	xor	x19,x8,x17	  x8:0x7fffffff x17:0x00000000 x19=0x0e392982
     419995.000 ns	     41998	800089cc	4ace7413	andi	x8,x28,1196	 x28:0x00000781  x8=0x00000480
     420005.000 ns	     41999	800089d0	00c3b133	sltu	x2,x7,x12	  x7:0x00000071 x12:0x00000001  x2=0x00000000
     420045.000 ns	     42003	800089d4	09f80453	fsub.s	f8,f16,f31	 f16:0xb98ce7a0 f31:0xb98c0000  f8=0xb5e7a000
     420065.000 ns	     42005	800089d8	ccb933b7	lui	x7,0xccb93	  x7=0xccb93000
     420075.000 ns	     42006	800089dc	006425b3	slt	x11,x8,x6	  x8:0x00000480  x6:0x80041024 x11=0x00000000
     420085.000 ns	     42007	800089e0	001ee2b3	or	x5,x29,x1	 x29:0xfffff678  x1:0x00000225  x5=0xfffff67d
     420415.000 ns	     42040	800089e4	196df853	fdiv.s	f16,f27,f22	 f27:0x15cc6000 f22:0x00000001 f16=0x549043c5
     420435.000 ns	     42042	800089e8	4019d933	sra	x18,x19,x1	 x19:0x0e392982  x1:0x00000225 x18=0x0071c94c
     420445.000 ns	     42043	800089ec	41c5de13	srai	x28,x11,0x1c	 x11:0x00000000 x28=0x00000000
     420475.000 ns	     42046	800089f0	11081653	fmul.s	f12,f16,f16	 f16:0x549043c5 f16:0x549043c5 f12=0x69a2989f
     420505.000 ns	     42049	800089f4	f00e8653	fmv.w.x	f12,x29	 x29:0xfffff678 f12=0xfffff678
     420535.000 ns	     42052	800089f8	c011a153	fcvt.wu.s	x2,f3	  f3:0xc4e7a000  x2=0x0000073d
     420555.000 ns	     42054	800089fc	01f31413	slli	x8,x6,0x1f	  x6:0x80041024  x8=0x00000000
     420565.000 ns	     42055	80008a00	00e135b3	sltu	x11,x2,x14	  x2:0x0000073d x14:0x00000789 x11=0x00000001
     420575.000 ns	     42056	80008a04	00bb51b3	srl	x3,x22,x11	 x22:0x00000000 x11:0x00000000  x3=0x00000000
     420595.000 ns	     42058	80008a08	02d75b33	divu	x22,x14,x13	 x14:0x00000789 x13:0x00000000 x22=0xffffffff
     420615.000 ns	     42060	80008a0c	00368233	add	x4,x13,x3	 x13:0x00000000  x3:0x00000000  x4=0x00000000
     420635.000 ns	     42062	80008a10	d0173653	fcvt.s.wu	f12,x14	 x14:0x00000789 f12=0x44f12000
     420975.000 ns	     42096	80008a14	18ddf953	fdiv.s	f18,f27,f13	 f27:0x15cc6000 f13:0xf8000000 f18=0xdccc6000
     421345.000 ns	     42133	80008a18	039ff733	remu	x14,x31,x25	 x31:0xffffffff x25:0x0e392982 x14=0x0e343e5d
     421365.000 ns	     42135	80008a1c	01f13bb3	sltu	x23,x2,x31	  x2:0x0000073d x31:0xffffffff x23=0x00000001
     421375.000 ns	     42136	80008a20	4043dfb3	sra	x31,x7,x4	  x7:0xccb93000  x4:0x00000000 x31=0xccb93000
     421385.000 ns	     42137	80008a24	00310fb3	add	x31,x2,x3	  x2:0x0000073d  x3:0x00000000 x31=0x0000073d
     421425.000 ns	     42141	80008a28	08b94e53	fsub.s	f28,f18,f11	 f18:0xdccc6000 f11:0xc4000000 f28=0xdccc6000
     421445.000 ns	     42143	80008a2c	de303693	sltiu	x13,x0,-541	  x0:0x00000000 x13=0x00000001
     421455.000 ns	     42144	80008a30	010184b3	add	x9,x3,x16	  x3:0x00000000 x16:0x71c2c6f5  x9=0x71c2c6f5
     421475.000 ns	     42146	80008a34	d00a7c53	fcvt.s.w	f24,x20	 x20:0x00000003 f24=0x40400000
     421525.000 ns	     42151	80008a38	01432a53	fadd.s	f20,f6,f20	  f6:0x00000048 f20:0x00000000 f20=0x00000048
     421545.000 ns	     42153	80008a3c	00000013	addi	x0,x0,0	  x0:0x00000000
     421565.000 ns	     42155	80008a40	03a45d33	divu	x26,x8,x26	  x8:0x00000000 x26:0x00000000 x26=0xffffffff
     421595.000 ns	     42158	80008a44	d016f853	fcvt.s.wu	f16,x13	 x13:0x00000001 f16=0x3f800000
     421935.000 ns	     42192	80008a48	1906f353	fdiv.s	f6,f13,f16	 f13:0xf8000000 f16:0x549043c5  f6=0xf7ffff38
     422305.000 ns	     42229	80008a4c	02d6fab3	remu	x21,x13,x13	 x13:0x00000001 x13:0x00000001 x21=0x00000000
     422325.000 ns	     42231	80008a50	00bf9d13	slli	x26,x31,0xb	 x31:0x0000073d x26=0x0039e800
     422345.000 ns	     42233	80008a54	f00e0253	fmv.w.x	f4,x28	 x28:0x00000000  f4=0x00000000
     422385.000 ns	     42237	80008a58	58069553	fsqrt.s	f10,f13	 f13:0xf8000000 f10=0x7fc00000
     422405.000 ns	     42239	80008a5c	0115ddb3	srl	x27,x11,x17	 x11:0x00000001 x17:0x00000000 x27=0x00000001
     422415.000 ns	     42240	80008a60	01c8d133	srl	x2,x17,x28	 x17:0x00000000 x28:0x00000000  x2=0x00000000
     422425.000 ns	     42241	80008a64	005475b3	and	x11,x8,x5	  x8:0x00000000  x5:0xfffff67d x11=0x00000000
     422465.000 ns	     42245	80008a68	0901f853	fsub.s	f16,f3,f16	  f3:0xc4e7a000 f16:0x3f800000 f16=0xc4e7c000
     422495.000 ns	     42248	80008a6c	20b60c53	fsgnj.s	f24,f12,f11	 f12:0x44f12000 f11:0xc4000000 f24=0xc4f12000
     422835.000 ns	     42282	80008a70	18359dd3	fdiv.s	f27,f11,f3	 f11:0xc4000000  f3:0xc4e7a000 f27=0x3ec8117e
     422865.000 ns	     42285	80008a74	c0174853	fcvt.wu.s	x16,f14	 f14:0x7fc00000 x16=0xffffffff
     422905.000 ns	     42289	80008a78	1878b853	fdiv.s	f16,f17,f7	 f17:0x00001136  f7:0x00000000 f16=0x7f800000
     422925.000 ns	     42291	80008a7c	402c89b3	sub	x19,x25,x2	 x25:0x0e392982  x2:0x00000000 x19=0x0e392982
     422935.000 ns	     42292	80008a80	41548eb3	sub	x29,x9,x21	  x9:0x71c2c6f5 x21:0x00000000 x29=0x71c2c6f5
     423295.000 ns	     42328	80008a84	02e86233	rem	x4,x16,x14	 x16:0xffffffff x14:0x0e343e5d  x4=0xffffffff
     423315.000 ns	     42330	80008a88	404d0933	sub	x18,x26,x4	 x26:0x0039e800  x4:0x00000000 x18=0x0039e801
     423325.000 ns	     42331	80008a8c	0168a433	slt	x8,x17,x22	 x17:0x00000000 x22:0xffffffff  x8=0x00000000
     423335.000 ns	     42332	80008a90	0050c133	xor	x2,x1,x5	  x1:0x00000225  x5:0xfffff67d  x2=0xfffff458
     423345.000 ns	     42333	80008a94	40af5893	srai	x17,x30,0xa	 x30:0x00000000 x17=0x00000000
     423355.000 ns	     42334	80008a98	c5884a13	xori	x20,x16,-936	 x16:0xffffffff x20=0x000003a7
     423365.000 ns	     42335	80008a9c	01b81513	slli	x10,x16,0x1b	 x16:0xffffffff x10=0xf8000000
     423385.000 ns	     42337	80008aa0	a1b72453	feq.s	x8,f14,f27	 f14:0x7fc00000 f27:0x3ec8117e  x8=0x00000000
     423405.000 ns	     42339	80008aa4	01f163b3	or	x7,x2,x31	  x2:0xfffff458 x31:0x0000073d  x7=0xfffff77d
     423425.000 ns	     42341	80008aa8	02b3f233	remu	x4,x7,x11	  x7:0xccb93000 x11:0x00000000  x4=0xfffff77d
     423445.000 ns	     42343	80008aac	8d5f0193	addi	x3,x30,-1835	 x30:0x00000000  x3=0xfffff8d5
     423465.000 ns	     42345	80008ab0	a1458e53	fle.s	x28,f11,f20	 f11:0xc4000000 f20:0x00000048 x28=0x00000001
     423495.000 ns	     42348	80008ab4	20b920d3	fsgnjx.s	f1,f18,f11	 f18:0xdccc6000 f11:0xc4000000  f1=0x5ccc6000
     423525.000 ns	     42351	80008ab8	21c62053	fsgnjx.s	f0,f12,f28	 f12:0x44f12000 f28:0xdccc6000  f0=0xc4f12000
     423555.000 ns	     42354	80008abc	20932653	fsgnjx.s	f12,f6,f9	  f6:0xf7ffff38  f9:0x7fc00000 f12=0xf7ffff38
     423575.000 ns	     42356	80008ac0	f152fd93	andi	x27,x5,-235	  x5:0xfffff67d x27=0xfffff615
     423595.000 ns	     42358	80008ac4	d0057753	fcvt.s.w	f14,x10	 x10:0xf8000000 f14=0xcd000000
     423625.000 ns	     42361	80008ac8	e00f9253	fclass.s	x4,f31	 f31:0xb98c0000  x4=0x00000002
     423655.000 ns	     42364	80008acc	c0177f53	fcvt.wu.s	x30,f14	 f14:0xcd000000 x30=0x08000000
     423685.000 ns	     42367	80008ad0	e0071fd3	fclass.s	x31,f14	 f14:0xcd000000 x31=0x00000002
     423715.000 ns	     42370	80008ad4	a0f780d3	fle.s	x1,f15,f15	 f15:0xb5e7a000 f15:0xb5e7a000  x1=0x00000001
     423735.000 ns	     42372	80008ad8	17cdb393	sltiu	x7,x27,380	 x27:0xfffff615  x7=0x00000000
     423755.000 ns	     42374	80008adc	03b19533	mulh	x10,x3,x27	  x3:0xfffff8d5 x27:0xfffff615 x10=0x00000000
     424125.000 ns	     42411	80008ae0	021778b3	remu	x17,x14,x1	 x14:0x0e343e5d  x1:0x00000001 x17=0x00000000
     424155.000 ns	     42414	80008ae4	210414d3	fsgnjn.s	f9,f8,f16	  f8:0xb5e7a000 f16:0x7f800000  f9=0xb5e7a000
     424175.000 ns	     42416	80008ae8	4150d0b3	sra	x1,x1,x21	  x1:0x00000001 x21:0x00000000  x1=0x00000001
     424195.000 ns	     42418	80008aec	28659ed3	fmax.s	f29,f11,f6	 f11:0xc4000000  f6:0xf7ffff38 f29=0xc4000000
     424215.000 ns	     42420	80008af0	edee3b13	sltiu	x22,x28,-290	 x28:0x00000001 x22=0x00000001
     424225.000 ns	     42421	80008af4	0c2a3d13	sltiu	x26,x20,194	 x20:0x000003a7 x26=0x00000000
     424235.000 ns	     42422	80008af8	00631593	slli	x11,x6,0x6	  x6:0x80041024 x11=0x01040900
     424245.000 ns	     42423	80008afc	81144993	xori	x19,x8,-2031	  x8:0x00000000 x19=0xfffff811
     424275.000 ns	     42426	80008b00	11e191d3	fmul.s	f3,f3,f30	  f3:0xc4e7a000 f30:0x00000000  f3=0x80000000
     424305.000 ns	     42429	80008b04	0262b8b3	mulhu	x17,x5,x6	  x5:0xfffff67d  x6:0x80041024 x17=0x80040b62
     424335.000 ns	     42432	80008b08	e0038d53	fmv.x.w	x26,f7	  f7:0x00000000 x26=0x00000000
     424355.000 ns	     42434	80008b0c	01f7f6b3	and	x13,x15,x31	 x15:0x80040fe4 x31:0x00000002 x13=0x00000000
     424365.000 ns	     42435	80008b10	01494933	xor	x18,x18,x20	 x18:0x0039e801 x20:0x000003a7 x18=0x0039eba6
     424375.000 ns	     42436	80008b14	01ff0bb3	add	x23,x30,x31	 x30:0x08000000 x31:0x00000002 x23=0x08000002
     424395.000 ns	     42438	80008b18	f0020253	fmv.w.x	f4,x4	  x4:0x00000002  f4=0x00000002
     424425.000 ns	     42441	80008b1c	e00404d3	fmv.x.w	x9,f8	  f8:0xb5e7a000  x9=0xb5e7a000
     424455.000 ns	     42444	80008b20	a0340053	fle.s	x0,f8,f3	  f8:0xb5e7a000  f3:0x80000000
     424475.000 ns	     42446	80008b24	004a9733	sll	x14,x21,x4	 x21:0x00000000  x4:0x00000002 x14=0x00000000
     424495.000 ns	     42448	80008b28	a107abd3	feq.s	x23,f15,f16	 f15:0xb5e7a000 f16:0x7f800000 x23=0x00000000
     424525.000 ns	     42451	80008b2c	21a22853	fsgnjx.s	f16,f4,f26	  f4:0x00000002 f26:0x00000000 f16=0x00000002
     424545.000 ns	     42453	80008b30	91f12fb7	lui	x31,0x91f12	 x31=0x91f12000
     424565.000 ns	     42455	80008b34	03b0b933	mulhu	x18,x1,x27	  x1:0x00000001 x27:0xfffff615 x18=0x00000000
     424585.000 ns	     42457	80008b38	74616993	ori	x19,x2,1862	  x2:0xfffff458 x19=0xfffff75e
     424595.000 ns	     42458	80008b3c	017fc133	xor	x2,x31,x23	 x31:0x91f12000 x23:0x00000000  x2=0x91f12000
     424605.000 ns	     42459	80008b40	a223aa93	slti	x21,x7,-1502	  x7:0x00000000 x21=0x00000000
     424625.000 ns	     42461	80008b44	a08a0ad3	fle.s	x21,f20,f8	 f20:0x00000048  f8:0xb5e7a000 x21=0x00000000
     424645.000 ns	     42463	80008b48	0062b3b3	sltu	x7,x5,x6	  x5:0xfffff67d  x6:0x80041024  x7=0x00000000
     424655.000 ns	     42464	80008b4c	001e00b3	add	x1,x28,x1	 x28:0x00000001  x1:0x00000001  x1=0x00000002
     424665.000 ns	     42465	80008b50	01d19fb3	sll	x31,x3,x29	  x3:0xfffff8d5 x29:0x71c2c6f5 x31=0x1aa00000
     424675.000 ns	     42466	80008b54	41f9d993	srai	x19,x19,0x1f	 x19:0xfffff75e x19=0xffffffff
     424695.000 ns	     42468	80008b58	28818cd3	fmin.s	f25,f3,f8	  f3:0x80000000  f8:0xb5e7a000 f25=0xb5e7a000
     424725.000 ns	     42471	80008b5c	21002f53	fsgnjx.s	f30,f0,f16	  f0:0xc4f12000 f16:0x00000002 f30=0xc4f12000
     424755.000 ns	     42474	80008b60	a10a0e53	fle.s	x28,f20,f16	 f20:0x00000048 f16:0x00000002 x28=0x00000000
     424775.000 ns	     42476	80008b64	29e2a213	slti	x4,x5,670	  x5:0xfffff67d  x4=0x00000001
     424795.000 ns	     42478	80008b68	c00c7a53	fcvt.w.s	x20,f24	 f24:0xc4f12000 x20=0x00000789
     424825.000 ns	     42481	80008b6c	28899753	fmax.s	f14,f19,f8	 f19:0x00000000  f8:0xb5e7a000 f14=0x00000000
     424845.000 ns	     42483	80008b70	ad2a7393	andi	x7,x20,-1326	 x20:0x00000789  x7=0x00000280
     424855.000 ns	     42484	80008b74	0353f213	andi	x4,x7,53	  x7:0x00000000  x4=0x00000000
     424865.000 ns	     42485	80008b78	40e2dfb3	sra	x31,x5,x14	  x5:0xfffff67d x14:0x00000000 x31=0xfffff67d
     424885.000 ns	     42487	80008b7c	28eb1853	fmax.s	f16,f22,f14	 f22:0x00000001 f14:0x00000000 f16=0x00000001
     424905.000 ns	     42489	80008b80	013a75b3	and	x11,x20,x19	 x20:0x00000789 x19:0xffffffff x11=0x00000789
     424915.000 ns	     42490	80008b84	b27cc493	xori	x9,x25,-1241	 x25:0x0e392982  x9=0xf1c6d2a5
     424945.000 ns	     42493	80008b88	19a6f753	fdiv.s	f14,f13,f26	 f13:0xf8000000 f26:0x00000000 f14=0xff800000
     424965.000 ns	     42495	80008b8c	41fa5893	srai	x17,x20,0x1f	 x20:0x00000789 x17=0x00000000
     424975.000 ns	     42496	80008b90	c4343993	sltiu	x19,x8,-957	  x8:0x00000000 x19=0x00000001
     424995.000 ns	     42498	80008b94	292e0953	fmin.s	f18,f28,f18	 f28:0xdccc6000 f18:0xdccc6000 f18=0xdccc6000
     425025.000 ns	     42501	80008b98	28fa1753	fmax.s	f14,f20,f15	 f20:0x00000048 f15:0xb5e7a000 f14=0x00000048
     425055.000 ns	     42504	80008b9c	d0017853	fcvt.s.w	f16,x2	  x2:0x91f12000 f16=0xcedc1dc0
     425085.000 ns	     42507	80008ba0	21368253	fsgnj.s	f4,f13,f19	 f13:0xf8000000 f19:0x00000000  f4=0x78000000
     425115.000 ns	     42510	80008ba4	e0030e53	fmv.x.w	x28,f6	  f6:0xf7ffff38 x28=0xf7ffff38
     425165.000 ns	     42515	80008ba8	01c7b1d3	fadd.s	f3,f15,f28	 f15:0xb5e7a000 f28:0xdccc6000  f3=0xdccc6000
     425185.000 ns	     42517	80008bac	009d2733	slt	x14,x26,x9	 x26:0x00000000  x9:0xf1c6d2a5 x14=0x00000000
     425205.000 ns	     42519	80008bb0	a11bab53	feq.s	x22,f23,f17	 f23:0x1f351cda f17:0x00001136 x22=0x00000000
     425235.000 ns	     42522	80008bb4	039336b3	mulhu	x13,x6,x25	  x6:0x80041024 x25:0x0e392982 x13=0x071cce8b
     425255.000 ns	     42524	80008bb8	00000013	addi	x0,x0,0	  x0:0x00000000
     425265.000 ns	     42525	80008bbc	70ddbf93	sltiu	x31,x27,1805	 x27:0xfffff615 x31=0x00000000
     425275.000 ns	     42526	80008bc0	d6a12293	slti	x5,x2,-662	  x2:0x91f12000  x5=0x00000001
     425285.000 ns	     42527	80008bc4	011ab033	sltu	x0,x21,x17	 x21:0x00000000 x17:0x00000000
     425305.000 ns	     42529	80008bc8	f00289d3	fmv.w.x	f19,x5	  x5:0xfffff67d f19=0x00000001
     425355.000 ns	     42534	80008bcc	0935f553	fsub.s	f10,f11,f19	 f11:0xc4000000 f19:0x00000000 f10=0xc4000000
     425385.000 ns	     42537	80008bd0	28af09d3	fmin.s	f19,f30,f10	 f30:0xc4f12000 f10:0x7fc00000 f19=0xc4f12000
     425415.000 ns	     42540	80008bd4	03392e33	mulhsu	x28,x18,x19	 x18:0x00000000 x19:0x00000001 x28=0x00000000
     425435.000 ns	     42542	80008bd8	010e36b3	sltu	x13,x28,x16	 x28:0xf7ffff38 x16:0xffffffff x13=0x00000001
     425475.000 ns	     42546	80008bdc	003b7dd3	fadd.s	f27,f22,f3	 f22:0x00000001  f3:0xdccc6000 f27=0xdccc6000
     425495.000 ns	     42548	80008be0	41c35693	srai	x13,x6,0x1c	  x6:0x80041024 x13=0xfffffff8
     425515.000 ns	     42550	80008be4	209e8353	fsgnj.s	f6,f29,f9	 f29:0xc4000000  f9:0xb5e7a000  f6=0xc4000000
     425545.000 ns	     42553	80008be8	29ae0653	fmin.s	f12,f28,f26	 f28:0xdccc6000 f26:0x00000000 f12=0xdccc6000
     425575.000 ns	     42556	80008bec	a0942953	feq.s	x18,f8,f9	  f8:0xb5e7a000  f9:0xb5e7a000 x18=0x00000001
     425595.000 ns	     42558	80008bf0	00c1de93	srli	x29,x3,0xc	  x3:0xfffff8d5 x29=0x000fffff
     425615.000 ns	     42560	80008bf4	0290ba33	mulhu	x20,x1,x9	  x1:0x00000002  x9:0xf1c6d2a5 x20=0x00000001
     425645.000 ns	     42563	80008bf8	a0dd2b53	feq.s	x22,f26,f13	 f26:0x00000000 f13:0xf8000000 x22=0x00000000
     425665.000 ns	     42565	80008bfc	00855a33	srl	x20,x10,x8	 x10:0x00000000  x8:0x00000000 x20=0x00000000
     425675.000 ns	     42566	80008c00	85ccea93	ori	x21,x25,-1956	 x25:0x0e392982 x21=0xfffff9de
     425685.000 ns	     42567	80008c04	01641bb3	sll	x23,x8,x22	  x8:0x00000000 x22:0x00000000 x23=0x00000000
     425705.000 ns	     42569	80008c08	a08b04d3	fle.s	x9,f22,f8	 f22:0x00000001  f8:0xb5e7a000  x9=0x00000000
     425725.000 ns	     42571	80008c0c	014734b3	sltu	x9,x14,x20	 x14:0x00000000 x20:0x00000000  x9=0x00000000
     425735.000 ns	     42572	80008c10	e220c713	xori	x14,x1,-478	  x1:0x00000002 x14=0xfffffe20
     425745.000 ns	     42573	80008c14	e5ef6397	auipc	x7,0xe5ef6	  x7=0x65efec14
     425765.000 ns	     42575	80008c18	21f48fd3	fsgnj.s	f31,f9,f31	  f9:0xb5e7a000 f31:0xb98c0000 f31=0xb5e7a000
     425815.000 ns	     42580	80008c1c	090a7bd3	fsub.s	f23,f20,f16	 f20:0x00000048 f16:0xcedc1dc0 f23=0x4edc1dc0
     425835.000 ns	     42582	80008c20	0092d633	srl	x12,x5,x9	  x5:0x00000001  x9:0x00000000 x12=0x00000001
     425855.000 ns	     42584	80008c24	28b917d3	fmax.s	f15,f18,f11	 f18:0xdccc6000 f11:0xc4000000 f15=0xc4000000
     426225.000 ns	     42621	80008c28	03355233	divu	x4,x10,x19	 x10:0x00000000 x19:0x00000001  x4=0x00000000
     426245.000 ns	     42623	80008c2c	010790b3	sll	x1,x15,x16	 x15:0x80040fe4 x16:0xffffffff  x1=0x00000000
     426275.000 ns	     42626	80008c30	10ccfdd3	fmul.s	f27,f25,f12	 f25:0xb5e7a000 f12:0xdccc6000 f27=0x5338ea5c
     426295.000 ns	     42628	80008c34	01f14bb3	xor	x23,x2,x31	  x2:0x91f12000 x31:0x00000000 x23=0x91f12000
     426305.000 ns	     42629	80008c38	549b7617	auipc	x12,0x549b7	 x12=0xd49bfc38
     426315.000 ns	     42630	80008c3c	0147f3b3	and	x7,x15,x20	 x15:0x80040fe4 x20:0x00000000  x7=0x00000000
     426335.000 ns	     42632	80008c40	03ce0f33	mul	x30,x28,x28	 x28:0x00000000 x28:0x00000000 x30=0x00000000
     426355.000 ns	     42634	80008c44	40355233	sra	x4,x10,x3	 x10:0x00000000  x3:0xfffff8d5  x4=0x00000000
     426375.000 ns	     42636	80008c48	0245f3b3	remu	x7,x11,x4	 x11:0x00000789  x4:0x00000000  x7=0x00000789
     426395.000 ns	     42638	80008c4c	00000013	addi	x0,x0,0	  x0:0x00000000
     426405.000 ns	     42639	80008c50	41334413	xori	x8,x6,1043	  x6:0x80041024  x8=0x80041437
     426415.000 ns	     42640	80008c54	419cf913	andi	x18,x25,1049	 x25:0x0e392982 x18=0x00000000
     426435.000 ns	     42642	80008c58	d010f853	fcvt.s.wu	f16,x1	  x1:0x00000000 f16=0x00000000
     426455.000 ns	     42644	80008c5c	010a6433	or	x8,x20,x16	 x20:0x00000000 x16:0xffffffff  x8=0xffffffff
     426465.000 ns	     42645	80008c60	40c8d613	srai	x12,x17,0xc	 x17:0x00000000 x12=0x00000000
     426485.000 ns	     42647	80008c64	21641ad3	fsgnjn.s	f21,f8,f22	  f8:0xb5e7a000 f22:0x00000001 f21=0xb5e7a000
     426505.000 ns	     42649	80008c68	40ad8bb3	sub	x23,x27,x10	 x27:0xfffff615 x10:0x00000000 x23=0xfffff615
     426865.000 ns	     42685	80008c6c	02e07eb3	remu	x29,x0,x14	  x0:0x00000000 x14:0xfffffe20 x29=0x00000000
     426895.000 ns	     42688	80008c70	c00670d3	fcvt.w.s	x1,f12	 f12:0xdccc6000  x1=0x80000000
     426925.000 ns	     42691	80008c74	a18286d3	fle.s	x13,f5,f24	  f5:0x00000000 f24:0xc4f12000 x13=0x00000000
     426945.000 ns	     42693	80008c78	ab28a213	slti	x4,x17,-1358	 x17:0x00000000  x4=0x00000000
     426955.000 ns	     42694	80008c7c	0866bc17	auipc	x24,0x866b	 x24=0x88673c7c
     426965.000 ns	     42695	80008c80	81cfa993	slti	x19,x31,-2020	 x31:0x00000000 x19=0x00000000
     426975.000 ns	     42696	80008c84	01005f93	srli	x31,x0,0x10	  x0:0x00000000 x31=0x00000000
     426985.000 ns	     42697	80008c88	414382b3	sub	x5,x7,x20	  x7:0x00000789 x20:0x00000000  x5=0x00000789
     427005.000 ns	     42699	80008c8c	d00c7353	fcvt.s.w	f6,x24	 x24:0x88673c7c  f6=0xceef3187
     427025.000 ns	     42701	80008c90	007ffb33	and	x22,x31,x7	 x31:0x00000000  x7:0x00000789 x22=0x00000000
     427055.000 ns	     42704	80008c94	11be28d3	fmul.s	f17,f28,f27	 f28:0xdccc6000 f27:0x5338ea5c f17=0xf093a01a
     427085.000 ns	     42707	80008c98	f0058b53	fmv.w.x	f22,x11	 x11:0x00000789 f22=0x00000789
     427105.000 ns	     42709	80008c9c	570d4c13	xori	x24,x26,1392	 x26:0x00000000 x24=0x00000570
     427125.000 ns	     42711	80008ca0	02e230b3	mulhu	x1,x4,x14	  x4:0x00000000 x14:0xfffffe20  x1=0x00000000
     427165.000 ns	     42715	80008ca4	11e7f253	fmul.s	f4,f15,f30	 f15:0xc4000000 f30:0xc4f12000  f4=0x49712000
     427185.000 ns	     42717	80008ca8	01898b33	add	x22,x19,x24	 x19:0x00000000 x24:0x00000570 x22=0x00000570
     427205.000 ns	     42719	80008cac	21c12553	fsgnjx.s	f10,f2,f28	  f2:0x72c8117e f28:0xdccc6000 f10=0xf2c8117e
     427235.000 ns	     42722	80008cb0	c01a8b53	fcvt.wu.s	x22,f21	 f21:0xb5e7a000 x22=0x00000000
     427255.000 ns	     42724	80008cb4	4172d713	srai	x14,x5,0x17	  x5:0x00000789 x14=0x00000000
     427265.000 ns	     42725	80008cb8	011c5033	srl	x0,x24,x17	 x24:0x00000570 x17:0x00000000
     427275.000 ns	     42726	80008cbc	4a466a93	ori	x21,x12,1188	 x12:0x00000000 x21=0x000004a4
     427295.000 ns	     42728	80008cc0	a0560bd3	fle.s	x23,f12,f5	 f12:0xdccc6000  f5:0x00000000 x23=0x00000001
     427325.000 ns	     42731	80008cc4	e00d82d3	fmv.x.w	x5,f27	 f27:0x5338ea5c  x5=0x5338ea5c
     427345.000 ns	     42733	80008cc8	40718033	sub	x0,x3,x7	  x3:0xfffff8d5  x7:0x00000789
     427705.000 ns	     42769	80008ccc	0396f2b3	remu	x5,x13,x25	 x13:0x00000000 x25:0x0e392982  x5=0x00000000
     427735.000 ns	     42772	80008cd0	a1a7ae53	feq.s	x28,f15,f26	 f15:0xc4000000 f26:0x00000000 x28=0x00000000
     427755.000 ns	     42774	80008cd4	417803b3	sub	x7,x16,x23	 x16:0xffffffff x23:0x00000001  x7=0xfffffffe
     427765.000 ns	     42775	80008cd8	40e1d3b3	sra	x7,x3,x14	  x3:0xfffff8d5 x14:0x00000000  x7=0xfffff8d5
     427775.000 ns	     42776	80008cdc	00000013	addi	x0,x0,0	  x0:0x00000000
     427795.000 ns	     42778	80008ce0	a1b4a1d3	feq.s	x3,f9,f27	  f9:0xb5e7a000 f27:0x5338ea5c  x3=0x00000000
     427825.000 ns	     42781	80008ce4	e00c0fd3	fmv.x.w	x31,f24	 f24:0xc4f12000 x31=0xc4f12000
     427855.000 ns	     42784	80008ce8	03a44833	div	x16,x8,x26	  x8:0xffffffff x26:0x00000000 x16=0xffffffff
     427875.000 ns	     42786	80008cec	50152a13	slti	x20,x10,1281	 x10:0x00000000 x20=0x00000001
     427885.000 ns	     42787	80008cf0	4182d193	srai	x3,x5,0x18	  x5:0x00000000  x3=0x00000000
     427895.000 ns	     42788	80008cf4	44e1e113	ori	x2,x3,1102	  x3:0x00000000  x2=0x0000044e
     427905.000 ns	     42789	80008cf8	9c0afb93	andi	x23,x21,-1600	 x21:0x000004a4 x23=0x00000080
     427925.000 ns	     42791	80008cfc	03f23a33	mulhu	x20,x4,x31	  x4:0x00000000 x31:0xc4f12000 x20=0x00000000
     427945.000 ns	     42793	80008d00	00969933	sll	x18,x13,x9	 x13:0x00000000  x9:0x00000000 x18=0x00000000
     427955.000 ns	     42794	80008d04	41d4d093	srai	x1,x9,0x1d	  x9:0x00000000  x1=0x00000000
     427965.000 ns	     42795	80008d08	408ddf13	srai	x30,x27,0x8	 x27:0xfffff615 x30=0xfffffff6
     427975.000 ns	     42796	80008d0c	6ee1a493	slti	x9,x3,1774	  x3:0x00000000  x9=0x00000001
     427985.000 ns	     42797	80008d10	4be4b813	sltiu	x16,x9,1214	  x9:0x00000000 x16=0x00000001
     428005.000 ns	     42799	80008d14	0354a5b3	mulhsu	x11,x9,x21	  x9:0x00000000 x21:0x000004a4 x11=0x00000000
     428025.000 ns	     42801	80008d18	40195413	srai	x8,x18,0x1	 x18:0x00000000  x8=0x00000000
     428065.000 ns	     42805	80008d1c	00ad10d3	fadd.s	f1,f26,f10	 f26:0x00000000 f10:0xf2c8117e  f1=0xf2c8117e
     428095.000 ns	     42808	80008d20	20061a53	fsgnjn.s	f20,f12,f0	 f12:0xdccc6000  f0:0xc4f12000 f20=0x5ccc6000
     428125.000 ns	     42811	80008d24	03020033	mul	x0,x4,x16	  x4:0x00000000 x16:0x00000001
     428155.000 ns	     42814	80008d28	e00d96d3	fclass.s	x13,f27	 f27:0x5338ea5c x13=0x00000040
     428185.000 ns	     42817	80008d2c	032158b3	divu	x17,x2,x18	  x2:0x0000044e x18:0x00000000 x17=0xffffffff
     428205.000 ns	     42819	80008d30	12394593	xori	x11,x18,291	 x18:0x00000000 x11=0x00000123
     428225.000 ns	     42821	80008d34	e00e9ed3	fclass.s	x29,f29	 f29:0xc4000000 x29=0x00000002
     428245.000 ns	     42823	80008d38	4127d293	srai	x5,x15,0x12	 x15:0x80040fe4  x5=0xffffe001
     428265.000 ns	     42825	80008d3c	208291d3	fsgnjn.s	f3,f5,f8	  f5:0x00000000  f8:0xb5e7a000  f3=0x00000000
     428295.000 ns	     42828	80008d40	03c6d2b3	divu	x5,x13,x28	 x13:0x00000040 x28:0x00000000  x5=0xffffffff
     428325.000 ns	     42831	80008d44	d0107153	fcvt.s.wu	f2,x0	  x0:0x00000000  f2=0x00000000
     428695.000 ns	     42868	80008d48	03e455b3	divu	x11,x8,x30	  x8:0x00000000 x30:0xfffffff6 x11=0x00000000
     428715.000 ns	     42870	80008d4c	53a8bf37	lui	x30,0x53a8b	 x30=0x53a8b000
     429075.000 ns	     42906	80008d50	03dbe3b3	rem	x7,x23,x29	 x23:0x00000080 x29:0x00000002  x7=0x00000000
     429095.000 ns	     42908	80008d54	017c1293	slli	x5,x24,0x17	 x24:0x00000570  x5=0xb8000000
     429105.000 ns	     42909	80008d58	866dba93	sltiu	x21,x27,-1946	 x27:0xfffff615 x21=0x00000001
     429125.000 ns	     42911	80008d5c	20899653	fsgnjn.s	f12,f19,f8	 f19:0xc4f12000  f8:0xb5e7a000 f12=0x44f12000
     429155.000 ns	     42914	80008d60	2020acd3	fsgnjx.s	f25,f1,f2	  f1:0xf2c8117e  f2:0x00000000 f25=0xf2c8117e
     429175.000 ns	     42916	80008d64	7490bb37	lui	x22,0x7490b	 x22=0x7490b000
     429185.000 ns	     42917	80008d68	00000013	addi	x0,x0,0	  x0:0x00000000
     429195.000 ns	     42918	80008d6c	0109ba33	sltu	x20,x19,x16	 x19:0x00000000 x16:0x00000001 x20=0x00000001
     429205.000 ns	     42919	80008d70	9031a1b7	lui	x3,0x9031a	  x3=0x9031a000
     429225.000 ns	     42921	80008d74	024723b3	mulhsu	x7,x14,x4	 x14:0x00000000  x4:0x00000000  x7=0x00000000
     429255.000 ns	     42924	80008d78	02bf7433	remu	x8,x30,x11	 x30:0x53a8b000 x11:0x00000000  x8=0x53a8b000
     429625.000 ns	     42961	80008d7c	0307e033	rem	x0,x15,x16	 x15:0x80040fe4 x16:0x00000001
     429645.000 ns	     42963	80008d80	40828fb3	sub	x31,x5,x8	  x5:0xb8000000  x8:0x53a8b000 x31=0x64575000
     429665.000 ns	     42965	80008d84	284d8f53	fmin.s	f30,f27,f4	 f27:0x5338ea5c  f4:0x49712000 f30=0x49712000
     429695.000 ns	     42968	80008d88	29761453	fmax.s	f8,f12,f23	 f12:0x44f12000 f23:0x4edc1dc0  f8=0x4edc1dc0
     429715.000 ns	     42970	80008d8c	015a6033	or	x0,x20,x21	 x20:0x00000001 x21:0x00000001
     429735.000 ns	     42972	80008d90	02c98db3	mul	x27,x19,x12	 x19:0x00000000 x12:0x00000000 x27=0x00000000
     429755.000 ns	     42974	80008d94	015748b3	xor	x17,x14,x21	 x14:0x00000000 x21:0x00000001 x17=0x00000001
     429775.000 ns	     42976	80008d98	299b9d53	fmax.s	f26,f23,f25	 f23:0x4edc1dc0 f25:0xf2c8117e f26=0x4edc1dc0
     430115.000 ns	     43010	80008d9c	19bdf9d3	fdiv.s	f19,f27,f27	 f27:0x5338ea5c f27:0x5338ea5c f19=0x3f38ea5c
     430145.000 ns	     43013	80008da0	0392bc33	mulhu	x24,x5,x25	  x5:0xb8000000 x25:0x0e392982 x24=0x0a3915d5
     430175.000 ns	     43016	80008da4	a1b49453	flt.s	x8,f9,f27	  f9:0xb5e7a000 f27:0x5338ea5c  x8=0x00000001
     430205.000 ns	     43019	80008da8	29010f53	fmin.s	f30,f2,f16	  f2:0x00000000 f16:0x00000000 f30=0x00000000
     430225.000 ns	     43021	80008dac	00b51c33	sll	x24,x10,x11	 x10:0x00000000 x11:0x00000000 x24=0x00000000
     430255.000 ns	     43024	80008db0	114ff3d3	fmul.s	f7,f31,f20	 f31:0xb5e7a000 f20:0x5ccc6000  f7=0xd338ea5c
     430285.000 ns	     43027	80008db4	02a7f833	remu	x16,x15,x10	 x15:0x80040fe4 x10:0x00000000 x16=0x80040fe4
     430315.000 ns	     43030	80008db8	28330053	fmin.s	f0,f6,f3	  f6:0xceef3187  f3:0x00000000  f0=0xceef3187
     430345.000 ns	     43033	80008dbc	2181acd3	fsgnjx.s	f25,f3,f24	  f3:0x00000000 f24:0xc4f12000 f25=0x80000000
     430365.000 ns	     43035	80008dc0	79c53713	sltiu	x14,x10,1948	 x10:0x00000000 x14=0x00000001
     430375.000 ns	     43036	80008dc4	40d25533	sra	x10,x4,x13	  x4:0x00000000 x13:0x00000040 x10=0x00000000
     430405.000 ns	     43039	80008dc8	19eb9253	fdiv.s	f4,f23,f30	 f23:0x4edc1dc0 f30:0x00000000  f4=0x7f800000
     430425.000 ns	     43041	80008dcc	73720693	addi	x13,x4,1847	  x4:0x00000000 x13=0x00000737
     430435.000 ns	     43042	80008dd0	00685893	srli	x17,x16,0x6	 x16:0x80040fe4 x17=0x0200103f
     430445.000 ns	     43043	80008dd4	016804b3	add	x9,x16,x22	 x16:0x80040fe4 x22:0x7490b000  x9=0xf494bfe4
     430485.000 ns	     43047	80008dd8	003f2cd3	fadd.s	f25,f30,f3	 f30:0x00000000  f3:0x00000000 f25=0x00000000
     430855.000 ns	     43084	80008ddc	039ec133	div	x2,x29,x25	 x29:0x00000002 x25:0x0e392982  x2=0x00000000
     430885.000 ns	     43087	80008de0	a1d22553	feq.s	x10,f4,f29	  f4:0x7f800000 f29:0xc4000000 x10=0x00000000
     430905.000 ns	     43089	80008de4	002c0033	add	x0,x24,x2	 x24:0x00000000  x2:0x00000000
     430935.000 ns	     43092	80008de8	580e3a53	fsqrt.s	f20,f28	 f28:0xdccc6000 f20=0x7fc00000
     430965.000 ns	     43095	80008dec	a03221d3	feq.s	x3,f4,f3	  f4:0x7f800000  f3:0x00000000  x3=0x00000000
     430985.000 ns	     43097	80008df0	7d17ba93	sltiu	x21,x15,2001	 x15:0x80040fe4 x21=0x00000000
     431005.000 ns	     43099	80008df4	d00c3bd3	fcvt.s.w	f23,x24	 x24:0x00000000 f23=0x00000000
     431025.000 ns	     43101	80008df8	008a6b33	or	x22,x20,x8	 x20:0x00000001  x8:0x00000001 x22=0x00000001
     431035.000 ns	     43102	80008dfc	012e5c13	srli	x24,x28,0x12	 x28:0x00000000 x24=0x00000000
     431045.000 ns	     43103	80008e00	011ad713	srli	x14,x21,0x11	 x21:0x00000000 x14=0x00000000
     431055.000 ns	     43104	80008e04	41920ab3	sub	x21,x4,x25	  x4:0x00000000 x25:0x0e392982 x21=0xf1c6d67e
     431065.000 ns	     43105	80008e08	400ed5b3	sra	x11,x29,x0	 x29:0x00000002  x0:0x00000000 x11=0x00000002
     431085.000 ns	     43107	80008e0c	03482db3	mulhsu	x27,x16,x20	 x16:0x80040fe4 x20:0x00000001 x27=0xffffffff
     431105.000 ns	     43109	80008e10	01cbceb3	xor	x29,x23,x28	 x23:0x00000080 x28:0x00000000 x29=0x00000080
     431125.000 ns	     43111	80008e14	20912fd3	fsgnjx.s	f31,f2,f9	  f2:0x00000000  f9:0xb5e7a000 f31=0x80000000
     431145.000 ns	     43113	80008e18	4121d033	sra	x0,x3,x18	  x3:0x00000000 x18:0x00000000
     431155.000 ns	     43114	80008e1c	51c50693	addi	x13,x10,1308	 x10:0x00000000 x13=0x0000051c
     431165.000 ns	     43115	80008e20	57800213	addi	x4,x0,1400	  x0:0x00000000  x4=0x00000578
     431175.000 ns	     43116	80008e24	f2164693	xori	x13,x12,-223	 x12:0x00000000 x13=0xffffff21
     431195.000 ns	     43118	80008e28	283f1653	fmax.s	f12,f30,f3	 f30:0x00000000  f3:0x00000000 f12=0x00000000
     431215.000 ns	     43120	80008e2c	92686593	ori	x11,x16,-1754	 x16:0x80040fe4 x11=0xffffffe6
     431235.000 ns	     43122	80008e30	d018bed3	fcvt.s.wu	f29,x17	 x17:0x0200103f f29=0x4c000410
     431265.000 ns	     43125	80008e34	a0368ad3	fle.s	x21,f13,f3	 f13:0xf8000000  f3:0x00000000 x21=0x00000001
     431285.000 ns	     43127	80008e38	00c7b8b3	sltu	x17,x15,x12	 x15:0x80040fe4 x12:0x00000000 x17=0x00000000
     431295.000 ns	     43128	80008e3c	411b0e33	sub	x28,x22,x17	 x22:0x00000001 x17:0x0200103f x28=0x00000001
     431335.000 ns	     43132	80008e40	00bdfd53	fadd.s	f26,f27,f11	 f27:0x5338ea5c f11:0xc4000000 f26=0x5338ea5b
     431705.000 ns	     43169	80008e44	035bc4b3	div	x9,x23,x21	 x23:0x00000080 x21:0x00000001  x9=0x00000080
     431725.000 ns	     43171	80008e48	00d71db3	sll	x27,x14,x13	 x14:0x00000000 x13:0xffffff21 x27=0x00000000
     431745.000 ns	     43173	80008e4c	a0831153	flt.s	x2,f6,f8	  f6:0xceef3187  f8:0x4edc1dc0  x2=0x00000001
     431765.000 ns	     43175	80008e50	6113cb97	auipc	x23,0x6113c	 x23=0xe1144e50
     431785.000 ns	     43177	80008e54	a0a59d53	flt.s	x26,f11,f10	 f11:0xc4000000 f10:0xf2c8117e x26=0x00000000
     431805.000 ns	     43179	80008e58	3e7df593	andi	x11,x27,999	 x27:0x00000000 x11=0x00000000
     431825.000 ns	     43181	80008e5c	023cb9b3	mulhu	x19,x25,x3	 x25:0x0e392982  x3:0x00000000 x19=0x00000000
     431845.000 ns	     43183	80008e60	00034633	xor	x12,x6,x0	  x6:0x80041024  x0:0x00000000 x12=0x80041024
     431865.000 ns	     43185	80008e64	c012f0d3	fcvt.wu.s	x1,f5	  f5:0x00000000  x1=0x00000000
     431895.000 ns	     43188	80008e68	021993b3	mulh	x7,x19,x1	 x19:0x00000000  x1:0x00000000  x7=0x00000000
     431915.000 ns	     43190	80008e6c	00690bb3	add	x23,x18,x6	 x18:0x00000000  x6:0x80041024 x23=0x80041024
     431935.000 ns	     43192	80008e70	205181d3	fsgnj.s	f3,f3,f5	  f3:0x00000000  f5:0x00000000  f3=0x00000000
     431965.000 ns	     43195	80008e74	03114eb3	div	x29,x2,x17	  x2:0x00000001 x17:0x00000000 x29=0xffffffff
     431985.000 ns	     43197	80008e78	77a13013	sltiu	x0,x2,1914	  x2:0x00000001
     432005.000 ns	     43199	80008e7c	219984d3	fsgnj.s	f9,f19,f25	 f19:0x3f38ea5c f25:0x00000000  f9=0x3f38ea5c
     432055.000 ns	     43204	80008e80	01647bd3	fadd.s	f23,f8,f22	  f8:0x4edc1dc0 f22:0x00000789 f23=0x4edc1dc0
     432085.000 ns	     43207	80008e84	e0068653	fmv.x.w	x12,f13	 f13:0xf8000000 x12=0xf8000000
     432105.000 ns	     43209	80008e88	a4f38193	addi	x3,x7,-1457	  x7:0x00000000  x3=0xfffffa4f
     432125.000 ns	     43211	80008e8c	02f80d33	mul	x26,x16,x15	 x16:0x80040fe4 x15:0x80040fe4 x26=0x801c8310
     432155.000 ns	     43214	80008e90	a14a2e53	feq.s	x28,f20,f20	 f20:0x7fc00000 f20:0x7fc00000 x28=0x00000000
     432495.000 ns	     43248	80008e94	19d698d3	fdiv.s	f17,f13,f29	 f13:0xf8000000 f29:0x4c000410 f17=0xeb000000
     432515.000 ns	     43250	80008e98	00b2ac33	slt	x24,x5,x11	  x5:0xb8000000 x11:0x00000000 x24=0x00000001
     432535.000 ns	     43252	80008e9c	f0090dd3	fmv.w.x	f27,x18	 x18:0x00000000 f27=0x00000000
     432575.000 ns	     43256	80008ea0	580ff2d3	fsqrt.s	f5,f31	 f31:0x80000000  f5=0x80000000
     432595.000 ns	     43258	80008ea4	c5ffce93	xori	x29,x31,-929	 x31:0x64575000 x29=0x9ba8ac5f
     432605.000 ns	     43259	80008ea8	0170e033	or	x0,x1,x23	  x1:0x00000000 x23:0x80041024
     432635.000 ns	     43262	80008eac	580c9c53	fsqrt.s	f24,f25	 f25:0x00000000 f24=0x00000000
     432675.000 ns	     43266	80008eb0	5807f8d3	fsqrt.s	f17,f15	 f15:0xc4000000 f17=0x7fc00000
     433045.000 ns	     43303	80008eb4	036c6933	rem	x18,x24,x22	 x24:0x00000001 x22:0x00000001 x18=0x00000000
     433065.000 ns	     43305	80008eb8	01bc3593	sltiu	x11,x24,27	 x24:0x00000001 x11=0x00000001
     433075.000 ns	     43306	80008ebc	011b9613	slli	x12,x23,0x11	 x23:0x80041024 x12=0x20480000
     433095.000 ns	     43308	80008ec0	a0e39653	flt.s	x12,f7,f14	  f7:0xd338ea5c f14:0x00000048 x12=0x00000001
     433125.000 ns	     43311	80008ec4	a0c42ad3	feq.s	x21,f8,f12	  f8:0x4edc1dc0 f12:0x00000000 x21=0x00000000
     433155.000 ns	     43314	80008ec8	d0103353	fcvt.s.wu	f6,x0	  x0:0x00000000  f6=0x00000000
     433175.000 ns	     43316	80008ecc	0ee67093	andi	x1,x12,238	 x12:0x00000001  x1=0x00000000
     433195.000 ns	     43318	80008ed0	209da7d3	fsgnjx.s	f15,f27,f9	 f27:0x00000000  f9:0x3f38ea5c f15=0x00000000
     433225.000 ns	     43321	80008ed4	d00da153	fcvt.s.w	f2,x27	 x27:0x00000000  f2=0x00000000
     433245.000 ns	     43323	80008ed8	00ddf933	and	x18,x27,x13	 x27:0x00000000 x13:0xffffff21 x18=0x00000000
     433255.000 ns	     43324	80008edc	b7483417	auipc	x8,0xb7483	  x8=0x3748bedc
     433265.000 ns	     43325	80008ee0	d0d82017	auipc	x0,0xd0d82	
     433285.000 ns	     43327	80008ee4	d017f5d3	fcvt.s.wu	f11,x15	 x15:0x80040fe4 f11=0x4f00040f
     433315.000 ns	     43330	80008ee8	28ba0d53	fmin.s	f26,f20,f11	 f20:0x7fc00000 f11:0xc4000000 f26=0x4f00040f
     433685.000 ns	     43367	80008eec	0296deb3	divu	x29,x13,x9	 x13:0xffffff21  x9:0x00000080 x29=0x01fffffe
     433715.000 ns	     43370	80008ef0	039d21b3	mulhsu	x3,x26,x25	 x26:0x801c8310 x25:0x0e392982  x3=0xf8e500c7
     433735.000 ns	     43372	80008ef4	563a2c13	slti	x24,x20,1379	 x20:0x00000001 x24=0x00000001
     433745.000 ns	     43373	80008ef8	01c04b33	xor	x22,x0,x28	  x0:0x00000000 x28:0x00000000 x22=0x00000000
     433765.000 ns	     43375	80008efc	a17baed3	feq.s	x29,f23,f23	 f23:0x4edc1dc0 f23:0x4edc1dc0 x29=0x00000001
     433805.000 ns	     43379	80008f00	11f49253	fmul.s	f4,f9,f31	  f9:0x3f38ea5c f31:0x80000000  f4=0x80000000
     433825.000 ns	     43381	80008f04	40d55133	sra	x2,x10,x13	 x10:0x00000000 x13:0xffffff21  x2=0x00000000
     433845.000 ns	     43383	80008f08	f00c87d3	fmv.w.x	f15,x25	 x25:0x0e392982 f15=0x0e392982
     433895.000 ns	     43388	80008f0c	0847b3d3	fsub.s	f7,f15,f4	 f15:0x00000000  f4:0x80000000  f7=0x0e392982
     433925.000 ns	     43391	80008f10	d019f553	fcvt.s.wu	f10,x19	 x19:0x00000000 f10=0x00000000
     433955.000 ns	     43394	80008f14	030fbc33	mulhu	x24,x31,x16	 x31:0x64575000 x16:0x80040fe4 x24=0x322d3f97
     433975.000 ns	     43396	80008f18	00de5f93	srli	x31,x28,0xd	 x28:0x00000000 x31=0x00000000
     433995.000 ns	     43398	80008f1c	21370a53	fsgnj.s	f20,f14,f19	 f14:0x00000048 f19:0x3f38ea5c f20=0x00000048
     434025.000 ns	     43401	80008f20	21ec86d3	fsgnj.s	f13,f25,f30	 f25:0x00000000 f30:0x00000000 f13=0x00000000
     434045.000 ns	     43403	80008f24	00000013	addi	x0,x0,0	  x0:0x00000000
     434065.000 ns	     43405	80008f28	d0187253	fcvt.s.wu	f4,x16	 x16:0x80040fe4  f4=0x4f00040f
     434095.000 ns	     43408	80008f2c	03a5aeb3	mulhsu	x29,x11,x26	 x11:0x00000001 x26:0x801c8310 x29=0x00000000
     434115.000 ns	     43410	80008f30	acf14013	xori	x0,x2,-1329	  x2:0x00000000
     434125.000 ns	     43411	80008f34	0167f833	and	x16,x15,x22	 x15:0x80040fe4 x22:0x00000000 x16=0x00000000
     434145.000 ns	     43413	80008f38	c00c7ed3	fcvt.w.s	x29,f24	 f24:0x00000000 x29=0x00000000
     434165.000 ns	     43415	80008f3c	004d59b3	srl	x19,x26,x4	 x26:0x801c8310  x4:0x00000578 x19=0x00000080
     434185.000 ns	     43417	80008f40	28610453	fmin.s	f8,f2,f6	  f2:0x00000000  f6:0x00000000  f8=0x00000000
     434555.000 ns	     43454	80008f44	02565233	divu	x4,x12,x5	 x12:0x00000001  x5:0xb8000000  x4=0x00000000
     434925.000 ns	     43491	80008f48	02d9cb33	div	x22,x19,x13	 x19:0x00000080 x13:0xffffff21 x22=0x00000000
     434955.000 ns	     43494	80008f4c	20e092d3	fsgnjn.s	f5,f1,f14	  f1:0xf2c8117e f14:0x00000048  f5=0xf2c8117e
     434985.000 ns	     43497	80008f50	c01178d3	fcvt.wu.s	x17,f2	  f2:0x00000000 x17=0x00000000
     435015.000 ns	     43500	80008f54	c009fed3	fcvt.w.s	x29,f19	 f19:0x3f38ea5c x29=0x00000000
     435035.000 ns	     43502	80008f58	00575a13	srli	x20,x14,0x5	 x14:0x00000000 x20=0x00000000
     435055.000 ns	     43504	80008f5c	f00287d3	fmv.w.x	f15,x5	  x5:0xb8000000 f15=0xb8000000
     435085.000 ns	     43507	80008f60	c0117853	fcvt.wu.s	x16,f2	  f2:0x00000000 x16=0x00000000
     435115.000 ns	     43510	80008f64	d002f1d3	fcvt.s.w	f3,x5	  x5:0xb8000000  f3=0xce900000
     435135.000 ns	     43512	80008f68	8f759e17	auipc	x28,0x8f759	 x28=0x0f761f68
     435155.000 ns	     43514	80008f6c	03279a33	mulh	x20,x15,x18	 x15:0x80040fe4 x18:0x00000000 x20=0x00000000
     435175.000 ns	     43516	80008f70	40e55f13	srai	x30,x10,0xe	 x10:0x00000000 x30=0x00000000
     435185.000 ns	     43517	80008f74	40628733	sub	x14,x5,x6	  x5:0xb8000000  x6:0x80041024 x14=0x37fbefdc
     435195.000 ns	     43518	80008f78	239aa293	slti	x5,x21,569	 x21:0x00000000  x5=0x00000001
     435215.000 ns	     43520	80008f7c	c00006d3	fcvt.w.s	x13,f0	  f0:0xceef3187 x13=0x88673c80
     435245.000 ns	     43523	80008f80	02540c33	mul	x24,x8,x5	  x8:0x3748bedc  x5:0xb8000000 x24=0x3748bedc
     435265.000 ns	     43525	80008f84	0067b8b3	sltu	x17,x15,x6	 x15:0x80040fe4  x6:0x80041024 x17=0x00000001
     435285.000 ns	     43527	80008f88	03618ab3	mul	x21,x3,x22	  x3:0xf8e500c7 x22:0x00000000 x21=0x00000000
     435315.000 ns	     43530	80008f8c	02405033	divu	x0,x0,x4	  x0:0x00000000  x4:0x00000000
     435335.000 ns	     43532	80008f90	01558433	add	x8,x11,x21	 x11:0x00000001 x21:0x00000000  x8=0x00000001
     435345.000 ns	     43533	80008f94	bea7b493	sltiu	x9,x15,-1046	 x15:0x80040fe4  x9=0x00000001
     435365.000 ns	     43535	80008f98	03dbe0b3	rem	x1,x23,x29	 x23:0x80041024 x29:0x00000000  x1=0x80041024
     435385.000 ns	     43537	80008f9c	2680e193	ori	x3,x1,616	  x1:0x00000000  x3=0x8004126c
     435395.000 ns	     43538	80008fa0	76f192b7	lui	x5,0x76f19	  x5=0x76f19000
     435405.000 ns	     43539	80008fa4	006d8fb3	add	x31,x27,x6	 x27:0x00000000  x6:0x80041024 x31=0x80041024
     435415.000 ns	     43540	80008fa8	8ee4b1b7	lui	x3,0x8ee4b	  x3=0x8ee4b000
     435435.000 ns	     43542	80008fac	023aa5b3	mulhsu	x11,x21,x3	 x21:0x00000000  x3:0x8004126c x11=0x00000000
     435805.000 ns	     43579	80008fb0	02fb7433	remu	x8,x22,x15	 x22:0x00000000 x15:0x80040fe4  x8=0x00000000
     435835.000 ns	     43582	80008fb4	f0048cd3	fmv.w.x	f25,x9	  x9:0x00000001 f25=0x00000001
     435865.000 ns	     43585	80008fb8	29719053	fmax.s	f0,f3,f23	  f3:0xce900000 f23:0x4edc1dc0  f0=0x4edc1dc0
     435895.000 ns	     43588	80008fbc	213521d3	fsgnjx.s	f3,f10,f19	 f10:0x00000000 f19:0x3f38ea5c  f3=0x00000000
     435925.000 ns	     43591	80008fc0	294d14d3	fmax.s	f9,f26,f20	 f26:0x4f00040f f20:0x00000048  f9=0x4f00040f
     435955.000 ns	     43594	80008fc4	28a59d53	fmax.s	f26,f11,f10	 f11:0x4f00040f f10:0x00000000 f26=0x4f00040f
     435985.000 ns	     43597	80008fc8	214f0f53	fsgnj.s	f30,f30,f20	 f30:0x00000000 f20:0x00000048 f30=0x00000000
     436015.000 ns	     43600	80008fcc	217c0fd3	fsgnj.s	f31,f24,f23	 f24:0x00000000 f23:0x4edc1dc0 f31=0x00000000
     436035.000 ns	     43602	80008fd0	40c30c33	sub	x24,x6,x12	  x6:0x80041024 x12:0x00000001 x24=0x80041023
     436045.000 ns	     43603	80008fd4	01583b33	sltu	x22,x16,x21	 x16:0x00000000 x21:0x00000000 x22=0x00000000
     436055.000 ns	     43604	80008fd8	00423eb3	sltu	x29,x4,x4	  x4:0x00000000  x4:0x00000000 x29=0x00000000
     436075.000 ns	     43606	80008fdc	e0051e53	fclass.s	x28,f10	 f10:0x00000000 x28=0x00000010
     436115.000 ns	     43610	80008fe0	1827fa53	fdiv.s	f20,f15,f2	 f15:0xb8000000  f2:0x00000000 f20=0xff800000
     436145.000 ns	     43613	80008fe4	c00af953	fcvt.w.s	x18,f21	 f21:0xb5e7a000 x18=0x00000000
     436165.000 ns	     43615	80008fe8	401bd493	srai	x9,x23,0x1	 x23:0x80041024  x9=0xc0020812
     436185.000 ns	     43617	80008fec	e00f85d3	fmv.x.w	x11,f31	 f31:0x00000000 x11=0x00000000
     436555.000 ns	     43654	80008ff0	02f250b3	divu	x1,x4,x15	  x4:0x00000000 x15:0x80040fe4  x1=0x00000000
     436585.000 ns	     43657	80008ff4	0347fb33	remu	x22,x15,x20	 x15:0x80040fe4 x20:0x00000000 x22=0x80040fe4
     436615.000 ns	     43660	80008ff8	d01cf153	fcvt.s.wu	f2,x25	 x25:0x0e392982  f2=0x4d639298
     436635.000 ns	     43662	80008ffc	000fa433	slt	x8,x31,x0	 x31:0x80041024  x0:0x00000000  x8=0x00000001
     436645.000 ns	     43663	80009000	411b0633	sub	x12,x22,x17	 x22:0x80040fe4 x17:0x00000001 x12=0x80040fe3
     436655.000 ns	     43664	80009004	00231193	slli	x3,x6,0x2	  x6:0x80041024  x3=0x00104090
     436685.000 ns	     43667	80009008	11d48253	fmul.s	f4,f9,f29	  f9:0x4f00040f f29:0x4c000410  f4=0x5b800820
     436715.000 ns	     43670	8000900c	d0181d53	fcvt.s.wu	f26,x16	 x16:0x00000000 f26=0x00000000
     436745.000 ns	     43673	80009010	027fd433	divu	x8,x31,x7	 x31:0x80041024  x7:0x00000000  x8=0xffffffff
     436765.000 ns	     43675	80009014	16f24213	xori	x4,x4,367	  x4:0x00000000  x4=0x0000016f
     436785.000 ns	     43677	80009018	02ae0f33	mul	x30,x28,x10	 x28:0x00000010 x10:0x00000000 x30=0x00000000
     436815.000 ns	     43680	8000901c	037684b3	mul	x9,x13,x23	 x13:0x88673c80 x23:0x80041024  x9=0x944c8200
     436835.000 ns	     43682	80009020	8b2b4593	xori	x11,x22,-1870	 x22:0x80040fe4 x11=0x7ffbf756
     436845.000 ns	     43683	80009024	00f255b3	srl	x11,x4,x15	  x4:0x0000016f x15:0x80040fe4 x11=0x00000016
     436865.000 ns	     43685	80009028	a00d0ad3	fle.s	x21,f26,f0	 f26:0x00000000  f0:0x4edc1dc0 x21=0x00000001
     436895.000 ns	     43688	8000902c	e00d08d3	fmv.x.w	x17,f26	 f26:0x00000000 x17=0x00000000
     436915.000 ns	     43690	80009030	20a83993	sltiu	x19,x16,522	 x16:0x00000000 x19=0x00000001
     436925.000 ns	     43691	80009034	5301e113	ori	x2,x3,1328	  x3:0x00104090  x2=0x001045b0
     436935.000 ns	     43692	80009038	019c8933	add	x18,x25,x25	 x25:0x0e392982 x25:0x0e392982 x18=0x1c725304
     436945.000 ns	     43693	8000903c	9e18b293	sltiu	x5,x17,-1567	 x17:0x00000000  x5=0x00000001
     436955.000 ns	     43694	80009040	19f4bd93	sltiu	x27,x9,415	  x9:0x944c8200 x27=0x00000000
     437315.000 ns	     43730	80009044	037b5d33	divu	x26,x22,x23	 x22:0x80040fe4 x23:0x80041024 x26=0x00000000
     437685.000 ns	     43767	80009048	02537433	remu	x8,x6,x5	  x6:0x80041024  x5:0x00000001  x8=0x00000000
     437715.000 ns	     43770	8000904c	e00f1953	fclass.s	x18,f30	 f30:0x00000000 x18=0x00000010
     437735.000 ns	     43772	80009050	a8a30a93	addi	x21,x6,-1398	  x6:0x80041024 x21=0x80040aae
     437755.000 ns	     43774	80009054	d00cb453	fcvt.s.w	f8,x25	 x25:0x0e392982  f8=0x4d639299
     437775.000 ns	     43776	80009058	8d7aae17	auipc	x28,0x8d7aa	 x28=0x0d7b3058
     437785.000 ns	     43777	8000905c	01823f33	sltu	x30,x4,x24	  x4:0x0000016f x24:0x80041023 x30=0x00000001
     437795.000 ns	     43778	80009060	0b392297	auipc	x5,0xb392	  x5=0x8b39b060
     437805.000 ns	     43779	80009064	00f8a3b3	slt	x7,x17,x15	 x17:0x00000000 x15:0x80040fe4  x7=0x00000000
     437825.000 ns	     43781	80009068	2150a4d3	fsgnjx.s	f9,f1,f21	  f1:0xf2c8117e f21:0xb5e7a000  f9=0x72c8117e
     437855.000 ns	     43784	8000906c	c000fd53	fcvt.w.s	x26,f1	  f1:0xf2c8117e x26=0x80000000
     437875.000 ns	     43786	80009070	011b1b93	slli	x23,x22,0x11	 x22:0x80040fe4 x23=0x1fc80000
     437885.000 ns	     43787	80009074	40588fb3	sub	x31,x17,x5	 x17:0x00000000  x5:0x8b39b060 x31=0x74c64fa0
     437925.000 ns	     43791	80009078	01d77553	fadd.s	f10,f14,f29	 f14:0x00000048 f29:0x4c000410 f10=0x4c000410
     437945.000 ns	     43793	8000907c	0008d933	srl	x18,x17,x0	 x17:0x00000000  x0:0x00000000 x18=0x00000000
     437955.000 ns	     43794	80009080	01bcf4b3	and	x9,x25,x27	 x25:0x0e392982 x27:0x00000000  x9=0x00000000
     437965.000 ns	     43795	80009084	00000013	addi	x0,x0,0	  x0:0x00000000
     437985.000 ns	     43797	80009088	03cf1233	mulh	x4,x30,x28	 x30:0x00000001 x28:0x0d7b3058  x4=0x00000000
     438015.000 ns	     43800	8000908c	2142ab53	fsgnjx.s	f22,f5,f20	  f5:0xf2c8117e f20:0xff800000 f22=0x72c8117e
     438035.000 ns	     43802	80009090	6f82eeb7	lui	x29,0x6f82e	 x29=0x6f82e000
     438045.000 ns	     43803	80009094	01c8dfb3	srl	x31,x17,x28	 x17:0x00000000 x28:0x0d7b3058 x31=0x00000000
     438065.000 ns	     43805	80009098	c0143953	fcvt.wu.s	x18,f8	  f8:0x4d639299 x18=0x0e392990
     438085.000 ns	     43807	8000909c	01dfa1b3	slt	x3,x31,x29	 x31:0x74c64fa0 x29:0x6f82e000  x3=0x00000001
     438445.000 ns	     43843	800090a0	0254df33	divu	x30,x9,x5	  x9:0x00000000  x5:0x8b39b060 x30=0x00000000
     438465.000 ns	     43845	800090a4	018f6fb3	or	x31,x30,x24	 x30:0x00000001 x24:0x80041023 x31=0x80041023
     438485.000 ns	     43847	800090a8	a0a09fd3	flt.s	x31,f1,f10	  f1:0xf2c8117e f10:0x4c000410 x31=0x00000001
     439665.000 ns	     43965	800090ac	5805fe53	fsqrt.s	f28,f11	 f11:0x4f00040f f28=0x46b50a40
     439695.000 ns	     43968	800090b0	216a20d3	fsgnjx.s	f1,f20,f22	 f20:0xff800000 f22:0x72c8117e  f1=0xff800000
     439715.000 ns	     43970	800090b4	417d08b3	sub	x17,x26,x23	 x26:0x80000000 x23:0x1fc80000 x17=0x60380000
     439735.000 ns	     43972	800090b8	0226b1b3	mulhu	x3,x13,x2	 x13:0x88673c80  x2:0x001045b0  x3=0x0008ab95
     439765.000 ns	     43975	800090bc	c002f2d3	fcvt.w.s	x5,f5	  f5:0xf2c8117e  x5=0x80000000
     439785.000 ns	     43977	800090c0	01740e33	add	x28,x8,x23	  x8:0x00000000 x23:0x1fc80000 x28=0x1fc80000
     439795.000 ns	     43978	800090c4	41a05f93	srai	x31,x0,0x1a	  x0:0x00000000 x31=0x00000000
     439815.000 ns	     43980	800090c8	d00e0ad3	fcvt.s.w	f21,x28	 x28:0x0d7b3058 f21=0x4dfe4000
     439835.000 ns	     43982	800090cc	40cfd1b3	sra	x3,x31,x12	 x31:0x00000001 x12:0x80040fe3  x3=0x00000000
     439855.000 ns	     43984	800090d0	291e9653	fmax.s	f12,f29,f17	 f29:0x4c000410 f17:0x7fc00000 f12=0x4c000410
     439885.000 ns	     43987	800090d4	21402753	fsgnjx.s	f14,f0,f20	  f0:0x4edc1dc0 f20:0xff800000 f14=0xcedc1dc0
     439915.000 ns	     43990	800090d8	21419ad3	fsgnjn.s	f21,f3,f20	  f3:0x00000000 f20:0xff800000 f21=0x00000000
     439935.000 ns	     43992	800090dc	7095ec17	auipc	x24,0x7095e	 x24=0xf09670dc
     439955.000 ns	     43994	800090e0	283487d3	fmin.s	f15,f9,f3	  f9:0x72c8117e  f3:0x00000000 f15=0x00000000
     439985.000 ns	     43997	800090e4	e0081853	fclass.s	x16,f16	 f16:0x00000000 x16=0x00000010
     440005.000 ns	     43999	800090e8	bc033b13	sltiu	x22,x6,-1088	  x6:0x80041024 x22=0x00000001
     440015.000 ns	     44000	800090ec	41a80033	sub	x0,x16,x26	 x16:0x00000010 x26:0x80000000
     440055.000 ns	     44004	800090f0	084c94d3	fsub.s	f9,f25,f4	 f25:0x00000001  f4:0x5b800820  f9=0xdb800820
     440085.000 ns	     44007	800090f4	c0122b53	fcvt.wu.s	x22,f4	  f4:0x5b800820 x22=0xffffffff
     440105.000 ns	     44009	800090f8	e9288393	addi	x7,x17,-366	 x17:0x60380000  x7=0x6037fe92
     440125.000 ns	     44011	800090fc	214b2c53	fsgnjx.s	f24,f22,f20	 f22:0x72c8117e f20:0xff800000 f24=0xf2c8117e
     440155.000 ns	     44014	80009100	d009ffd3	fcvt.s.w	f31,x19	 x19:0x00000001 f31=0x3f800000
     440175.000 ns	     44016	80009104	a87abc13	sltiu	x24,x21,-1401	 x21:0x80040aae x24=0x00000001
     440185.000 ns	     44017	80009108	9dd6bd17	auipc	x26,0x9dd6b	 x26=0x1dd74108
     440205.000 ns	     44019	8000910c	a163a2d3	feq.s	x5,f7,f22	  f7:0x0e392982 f22:0x72c8117e  x5=0x00000000
     440225.000 ns	     44021	80009110	13eefe13	andi	x28,x29,318	 x29:0x6f82e000 x28=0x00000000
     440235.000 ns	     44022	80009114	852da813	slti	x16,x27,-1966	 x27:0x00000000 x16=0x00000000
     440595.000 ns	     44058	80009118	02f87133	remu	x2,x16,x15	 x16:0x00000010 x15:0x80040fe4  x2=0x00000000
     440615.000 ns	     44060	8000911c	01720133	add	x2,x4,x23	  x4:0x00000000 x23:0x1fc80000  x2=0x1fc80000
     440625.000 ns	     44061	80009120	e0357893	andi	x17,x10,-509	 x10:0x00000000 x17=0x00000000
     440645.000 ns	     44063	80009124	21d284d3	fsgnj.s	f9,f5,f29	  f5:0xf2c8117e f29:0x4c000410  f9=0x72c8117e
     440665.000 ns	     44065	80009128	b797cf13	xori	x30,x15,-1159	 x15:0x80040fe4 x30=0x7ffbf49d
     440685.000 ns	     44067	8000912c	f00a0cd3	fmv.w.x	f25,x20	 x20:0x00000000 f25=0x00000000
     440725.000 ns	     44071	80009130	19bf77d3	fdiv.s	f15,f30,f27	 f30:0x00000000 f27:0x00000000 f15=0x7fc00000
     440745.000 ns	     44073	80009134	08b7bd97	auipc	x27,0x8b7b	 x27=0x88b84134
     440765.000 ns	     44075	80009138	03019db3	mulh	x27,x3,x16	  x3:0x00000000 x16:0x00000000 x27=0x00000000
     440785.000 ns	     44077	8000913c	009fcc13	xori	x24,x31,9	 x31:0x00000000 x24=0x00000009
     440795.000 ns	     44078	80009140	40195d13	srai	x26,x18,0x1	 x18:0x0e392990 x26=0x071c94c8
     440815.000 ns	     44080	80009144	e00705d3	fmv.x.w	x11,f14	 f14:0xcedc1dc0 x11=0xcedc1dc0
     440835.000 ns	     44082	80009148	008cda33	srl	x20,x25,x8	 x25:0x0e392982  x8:0x00000000 x20=0x0e392982
     440845.000 ns	     44083	8000914c	40a380b3	sub	x1,x7,x10	  x7:0x6037fe92 x10:0x00000000  x1=0x6037fe92
     442015.000 ns	     44200	80009150	580b7bd3	fsqrt.s	f23,f22	 f22:0x72c8117e f23=0x592006fd
     442035.000 ns	     44202	80009154	228e0f37	lui	x30,0x228e0	 x30=0x228e0000
     442055.000 ns	     44204	80009158	0341a6b3	mulhsu	x13,x3,x20	  x3:0x00000000 x20:0x0e392982 x13=0x00000000
     442085.000 ns	     44207	8000915c	03ceff33	remu	x30,x29,x28	 x29:0x6f82e000 x28:0x00000000 x30=0x6f82e000
     442115.000 ns	     44210	80009160	a0482d53	feq.s	x26,f16,f4	 f16:0x00000000  f4:0x5b800820 x26=0x00000000
     442145.000 ns	     44213	80009164	02b882b3	mul	x5,x17,x11	 x17:0x00000000 x11:0xcedc1dc0  x5=0x00000000
     442165.000 ns	     44215	80009168	15442697	auipc	x13,0x15442	 x13=0x9544b168
     442175.000 ns	     44216	8000916c	0102e633	or	x12,x5,x16	  x5:0x00000000 x16:0x00000000 x12=0x00000000
     443345.000 ns	     44333	80009170	580225d3	fsqrt.s	f11,f4	  f4:0x5b800820 f11=0x4d8003e8
     443375.000 ns	     44336	80009174	02602833	mulhsu	x16,x0,x6	  x0:0x00000000  x6:0x80041024 x16=0x00000000
     443395.000 ns	     44338	80009178	bddd4413	xori	x8,x26,-1059	 x26:0x00000000  x8=0xfffffbdd
     443415.000 ns	     44340	8000917c	29630ad3	fmin.s	f21,f6,f22	  f6:0x00000000 f22:0x72c8117e f21=0x00000000
     443435.000 ns	     44342	80009180	0055e733	or	x14,x11,x5	 x11:0xcedc1dc0  x5:0x00000000 x14=0xcedc1dc0
     443445.000 ns	     44343	80009184	001ae6b3	or	x13,x21,x1	 x21:0x80040aae  x1:0x6037fe92 x13=0xe037febe
     443455.000 ns	     44344	80009188	371a4193	xori	x3,x20,881	 x20:0x0e392982  x3=0x0e392af3
     443465.000 ns	     44345	8000918c	41c4da33	sra	x20,x9,x28	  x9:0x00000000 x28:0x00000000 x20=0x00000000
     443485.000 ns	     44347	80009190	c01d1853	fcvt.wu.s	x16,f26	 f26:0x00000000 x16=0x00000000
     443515.000 ns	     44350	80009194	c01b94d3	fcvt.wu.s	x9,f23	 f23:0x592006fd  x9=0xffffffff
     443535.000 ns	     44352	80009198	0136e1b3	or	x3,x13,x19	 x13:0xe037febe x19:0x00000001  x3=0xe037febf
     443545.000 ns	     44353	8000919c	014e4eb3	xor	x29,x28,x20	 x28:0x00000000 x20:0x00000000 x29=0x00000000
     443555.000 ns	     44354	800091a0	01ea1293	slli	x5,x20,0x1e	 x20:0x00000000  x5=0x00000000
     443565.000 ns	     44355	800091a4	00b5d513	srli	x10,x11,0xb	 x11:0xcedc1dc0 x10=0x0019db83
     443585.000 ns	     44357	800091a8	020f9133	mulh	x2,x31,x0	 x31:0x00000000  x0:0x00000000  x2=0x00000000
     443615.000 ns	     44360	800091ac	03136d33	rem	x26,x6,x17	  x6:0x80041024 x17:0x00000000 x26=0x80041024
     443635.000 ns	     44362	800091b0	831b6017	auipc	x0,0x831b6	
     443645.000 ns	     44363	800091b4	c0c3c513	xori	x10,x7,-1012	  x7:0x6037fe92 x10=0x9fc8029e
     443665.000 ns	     44365	800091b8	030b0f33	mul	x30,x22,x16	 x22:0xffffffff x16:0x00000000 x30=0x00000000
     443685.000 ns	     44367	800091bc	01abd6b3	srl	x13,x23,x26	 x23:0x1fc80000 x26:0x80041024 x13=0x01fc8000
     443695.000 ns	     44368	800091c0	008f28b3	slt	x17,x30,x8	 x30:0x00000000  x8:0xfffffbdd x17=0x00000000
     443715.000 ns	     44370	800091c4	a0939153	flt.s	x2,f7,f9	  f7:0x0e392982  f9:0x72c8117e  x2=0x00000001
     443745.000 ns	     44373	800091c8	c01ecb53	fcvt.wu.s	x22,f29	 f29:0x4c000410 x22=0x02001040
     444115.000 ns	     44410	800091cc	0356c3b3	div	x7,x13,x21	 x13:0x01fc8000 x21:0x80040aae  x7=0x00000000
     444145.000 ns	     44413	800091d0	21ff8cd3	fsgnj.s	f25,f31,f31	 f31:0x3f800000 f31:0x3f800000 f25=0x3f800000
     444165.000 ns	     44415	800091d4	41fe0bb3	sub	x23,x28,x31	 x28:0x00000000 x31:0x00000000 x23=0x00000000
     444185.000 ns	     44417	800091d8	c002a953	fcvt.w.s	x18,f5	  f5:0xf2c8117e x18=0x80000000
     444225.000 ns	     44421	800091dc	18c08ad3	fdiv.s	f21,f1,f12	  f1:0xff800000 f12:0x4c000410 f21=0xff800000
     444255.000 ns	     44424	800091e0	21951fd3	fsgnjn.s	f31,f10,f25	 f10:0x4c000410 f25:0x3f800000 f31=0xcc000410
     444275.000 ns	     44426	800091e4	4e28c613	xori	x12,x17,1250	 x17:0x00000000 x12=0x000004e2
     444285.000 ns	     44427	800091e8	469eb613	sltiu	x12,x29,1129	 x29:0x00000000 x12=0x00000001
     444305.000 ns	     44429	800091ec	28c080d3	fmin.s	f1,f1,f12	  f1:0xff800000 f12:0x4c000410  f1=0xff800000
     444345.000 ns	     44433	800091f0	580c7c53	fsqrt.s	f24,f24	 f24:0xf2c8117e f24=0x7fc00000
     444375.000 ns	     44436	800091f4	02610733	mul	x14,x2,x6	  x2:0x00000001  x6:0x80041024 x14=0x80041024
     444395.000 ns	     44438	800091f8	016bd093	srli	x1,x23,0x16	 x23:0x00000000  x1=0x00000000
     444725.000 ns	     44471	800091fc	184432d3	fdiv.s	f5,f8,f4	  f8:0x4d639299  f4:0x5b800820  f5=0x30e3929a
     444745.000 ns	     44473	80009200	bfe03a13	sltiu	x20,x0,-1026	  x0:0x00000000 x20=0x00000001
     444755.000 ns	     44474	80009204	005a3433	sltu	x8,x20,x5	 x20:0x00000000  x5:0x00000000  x8=0x00000000
     445115.000 ns	     44510	80009208	033dcfb3	div	x31,x27,x19	 x27:0x00000000 x19:0x00000001 x31=0x00000000
     445145.000 ns	     44513	8000920c	03830033	mul	x0,x6,x24	  x6:0x80041024 x24:0x00000009
     445175.000 ns	     44516	80009210	c0007553	fcvt.w.s	x10,f0	  f0:0x4edc1dc0 x10=0x6e0ee000
     445215.000 ns	     44520	80009214	103ffad3	fmul.s	f21,f31,f3	 f31:0xcc000410  f3:0x00000000 f21=0x80000000
     445245.000 ns	     44523	80009218	29608dd3	fmin.s	f27,f1,f22	  f1:0xff800000 f22:0x72c8117e f27=0xff800000
     445275.000 ns	     44526	8000921c	21fb2553	fsgnjx.s	f10,f22,f31	 f22:0x72c8117e f31:0xcc000410 f10=0xf2c8117e
     445295.000 ns	     44528	80009220	c9232713	slti	x14,x6,-878	  x6:0x80041024 x14=0x00000001
     445315.000 ns	     44530	80009224	f00580d3	fmv.w.x	f1,x11	 x11:0xcedc1dc0  f1=0xcedc1dc0
     445345.000 ns	     44533	80009228	e00a83d3	fmv.x.w	x7,f21	 f21:0x80000000  x7=0x80000000
     445365.000 ns	     44535	8000922c	00000013	addi	x0,x0,0	  x0:0x00000000
     445375.000 ns	     44536	80009230	41735833	sra	x16,x6,x23	  x6:0x80041024 x23:0x00000000 x16=0x80041024
     445395.000 ns	     44538	80009234	c000b953	fcvt.w.s	x18,f1	  f1:0xcedc1dc0 x18=0x91f12000
     445415.000 ns	     44540	80009238	b272a093	slti	x1,x5,-1241	  x5:0x00000000  x1=0x00000000
     445775.000 ns	     44576	8000923c	030d5233	divu	x4,x26,x16	 x26:0x80041024 x16:0x80041024  x4=0x00000001
     445805.000 ns	     44579	80009240	03cea033	mulhsu	x0,x29,x28	 x29:0x00000000 x28:0x00000000
     445825.000 ns	     44581	80009244	59232013	slti	x0,x6,1426	  x6:0x80041024
     445835.000 ns	     44582	80009248	01d35013	srli	x0,x6,0x1d	  x6:0x80041024
     445855.000 ns	     44584	8000924c	e00400d3	fmv.x.w	x1,f8	  f8:0x4d639299  x1=0x4d639299
     446225.000 ns	     44621	80009250	024cc533	div	x10,x25,x4	 x25:0x0e392982  x4:0x00000001 x10=0x0e392982
     446595.000 ns	     44658	80009254	02914bb3	div	x23,x2,x9	  x2:0x00000001  x9:0xffffffff x23=0xffffffff
     446615.000 ns	     44660	80009258	c743fe37	lui	x28,0xc743f	 x28=0xc743f000
     446625.000 ns	     44661	8000925c	a667b993	sltiu	x19,x15,-1434	 x15:0x80040fe4 x19=0x00000001
     446635.000 ns	     44662	80009260	ea51bd93	sltiu	x27,x3,-347	  x3:0xe037febf x27=0x00000001
     446995.000 ns	     44698	80009264	03685033	divu	x0,x16,x22	 x16:0x80041024 x22:0x02001040
     447025.000 ns	     44701	80009268	205705d3	fsgnj.s	f11,f14,f5	 f14:0xcedc1dc0  f5:0x30e3929a f11=0x4edc1dc0
     447045.000 ns	     44703	8000926c	b27aa513	slti	x10,x21,-1241	 x21:0x80040aae x10=0x00000001
     447065.000 ns	     44705	80009270	28238c53	fmin.s	f24,f7,f2	  f7:0x0e392982  f2:0x4d639298 f24=0x0e392982
     447435.000 ns	     44742	80009274	02c860b3	rem	x1,x16,x12	 x16:0x80041024 x12:0x00000001  x1=0x00000000
     447455.000 ns	     44744	80009278	01829d93	slli	x27,x5,0x18	  x5:0x00000000 x27=0x00000000
     447465.000 ns	     44745	8000927c	e1f88593	addi	x11,x17,-481	 x17:0x00000000 x11=0xfffffe1f
     447475.000 ns	     44746	80009280	0887e197	auipc	x3,0x887e	  x3=0x88887280
     447485.000 ns	     44747	80009284	00eadd33	srl	x26,x21,x14	 x21:0x80040aae x14:0x00000001 x26=0x40020557
     447495.000 ns	     44748	80009288	4f85c497	auipc	x9,0x4f85c	  x9=0xcf865288
     447505.000 ns	     44749	8000928c	00dae0b3	or	x1,x21,x13	 x21:0x80040aae x13:0x01fc8000  x1=0x81fc8aae
     447515.000 ns	     44750	80009290	48c2cc13	xori	x24,x5,1164	  x5:0x00000000 x24=0x0000048c
     447525.000 ns	     44751	80009294	00796933	or	x18,x18,x7	 x18:0x91f12000  x7:0x80000000 x18=0x91f12000
     447545.000 ns	     44753	80009298	d00013d3	fcvt.s.w	f7,x0	  x0:0x00000000  f7=0x00000000
     447595.000 ns	     44758	8000929c	09d8ff53	fsub.s	f30,f17,f29	 f17:0x7fc00000 f29:0x4c000410 f30=0x7fc00000
     447635.000 ns	     44762	800092a0	580df853	fsqrt.s	f16,f27	 f27:0xff800000 f16=0x7fc00000
     447655.000 ns	     44764	800092a4	dc274e93	xori	x29,x14,-574	 x14:0x00000001 x29=0xfffffdc3
     447665.000 ns	     44765	800092a8	3d93bfb7	lui	x31,0x3d93b	 x31=0x3d93b000
     447675.000 ns	     44766	800092ac	d727cc13	xori	x24,x15,-654	 x15:0x80040fe4 x24=0x7ffbf296
     448035.000 ns	     44802	800092b0	0277ed33	rem	x26,x15,x7	 x15:0x80040fe4  x7:0x80000000 x26=0x80040fe4
     449215.000 ns	     44920	800092b4	5805fbd3	fsqrt.s	f23,f11	 f11:0x4edc1dc0 f23=0x4727da8d
     449265.000 ns	     44925	800092b8	01d97353	fadd.s	f6,f18,f29	 f18:0xdccc6000 f29:0x4c000410  f6=0xdccc5fff
     449635.000 ns	     44962	800092bc	023b5a33	divu	x20,x22,x3	 x22:0x02001040  x3:0x88887280 x20=0x00000000
     449655.000 ns	     44964	800092c0	75400c17	auipc	x24,0x75400	 x24=0xf54092c0
     449665.000 ns	     44965	800092c4	01149933	sll	x18,x9,x17	  x9:0xcf865288 x17:0x00000000 x18=0xcf865288
     449675.000 ns	     44966	800092c8	018cd8b3	srl	x17,x25,x24	 x25:0x0e392982 x24:0x7ffbf296 x17=0x0e392982
     449685.000 ns	     44967	800092cc	00c878b3	and	x17,x16,x12	 x16:0x80041024 x12:0x00000001 x17=0x00000000
     449695.000 ns	     44968	800092d0	41725433	sra	x8,x4,x23	  x4:0x00000001 x23:0xffffffff  x8=0x00000000
     449715.000 ns	     44970	800092d4	e00888d3	fmv.x.w	x17,f17	 f17:0x7fc00000 x17=0x7fc00000
     449745.000 ns	     44973	800092d8	032a9bb3	mulh	x23,x21,x18	 x21:0x80040aae x18:0xcf865288 x23=0x183c12cf
     449775.000 ns	     44976	800092dc	a1829ad3	flt.s	x21,f5,f24	  f5:0x30e3929a f24:0x0e392982 x21=0x00000000
     450145.000 ns	     45013	800092e0	0314fbb3	remu	x23,x9,x17	  x9:0xcf865288 x17:0x7fc00000 x23=0x4fc65288
     450165.000 ns	     45015	800092e4	fdba2617	auipc	x12,0xfdba2	 x12=0x7dbab2e4
     450175.000 ns	     45016	800092e8	09dd9c17	auipc	x24,0x9dd9	 x24=0x89de22e8
     450185.000 ns	     45017	800092ec	cc806013	ori	x0,x0,-824	  x0:0x00000000
     450205.000 ns	     45019	800092f0	d001fbd3	fcvt.s.w	f23,x3	  x3:0x88887280 f23=0xceeeef1b
     450225.000 ns	     45021	800092f4	01bf23b3	slt	x7,x30,x27	 x30:0x00000000 x27:0x00000000  x7=0x00000000
     450245.000 ns	     45023	800092f8	e00a9a53	fclass.s	x20,f21	 f21:0x80000000 x20=0x00000008
     450275.000 ns	     45026	800092fc	d0121753	fcvt.s.wu	f14,x4	  x4:0x00000001 f14=0x3f800000
     450305.000 ns	     45029	80009300	a1240753	fle.s	x14,f8,f18	  f8:0x4d639299 f18:0xdccc6000 x14=0x00000000
     450325.000 ns	     45031	80009304	0101a9b7	lui	x19,0x101a	 x19=0x0101a000
     450335.000 ns	     45032	80009308	40e95b13	srai	x22,x18,0xe	 x18:0xcf865288 x22=0xffff3e19
     450355.000 ns	     45034	8000930c	d0092bd3	fcvt.s.w	f23,x18	 x18:0xcf865288 f23=0xce41e6b6
     450375.000 ns	     45036	80009310	40585413	srai	x8,x16,0x5	 x16:0x80041024  x8=0xfc002081
     450395.000 ns	     45038	80009314	20b88ed3	fsgnj.s	f29,f17,f11	 f17:0x7fc00000 f11:0x4edc1dc0 f29=0x7fc00000
     450415.000 ns	     45040	80009318	0086cc33	xor	x24,x13,x8	 x13:0x01fc8000  x8:0x00000000 x24=0xfdfca081
     450435.000 ns	     45042	8000931c	035d5db3	divu	x27,x26,x21	 x26:0x80040fe4 x21:0x00000000 x27=0xffffffff
     450455.000 ns	     45044	80009320	0088f2b3	and	x5,x17,x8	 x17:0x7fc00000  x8:0xfc002081  x5=0x7c000000
     450465.000 ns	     45045	80009324	01726833	or	x16,x4,x23	  x4:0x00000001 x23:0x4fc65288 x16=0x4fc65289
     450475.000 ns	     45046	80009328	001be233	or	x4,x23,x1	 x23:0x4fc65288  x1:0x81fc8aae  x4=0xcffedaae
     450485.000 ns	     45047	8000932c	7491ef13	ori	x30,x3,1865	  x3:0x88887280 x30=0x888877c9
     450505.000 ns	     45049	80009330	e00b80d3	fmv.x.w	x1,f23	 f23:0xce41e6b6  x1=0xce41e6b6
     450535.000 ns	     45052	80009334	d0049153	fcvt.s.w	f2,x9	  x9:0xcf865288  f2=0xce41e6b5
     450555.000 ns	     45054	80009338	00705993	srli	x19,x0,0x7	  x0:0x00000000 x19=0x00000000
     450915.000 ns	     45090	8000933c	021d60b3	rem	x1,x26,x1	 x26:0x80040fe4  x1:0xce41e6b6  x1=0xe3804278
     450945.000 ns	     45093	80009340	a0352853	feq.s	x16,f10,f3	 f10:0xf2c8117e  f3:0x00000000 x16=0x00000000
     450985.000 ns	     45097	80009344	10947253	fmul.s	f4,f8,f9	  f8:0x4d639299  f9:0x72c8117e  f4=0x7f800000
     451355.000 ns	     45134	80009348	03aaeeb3	rem	x29,x21,x26	 x21:0x00000000 x26:0x80040fe4 x29=0x00000000
     451375.000 ns	     45136	8000934c	00321933	sll	x18,x4,x3	  x4:0xcffedaae  x3:0x88887280 x18=0xcffedaae
     451395.000 ns	     45138	80009350	03ba0c33	mul	x24,x20,x27	 x20:0x00000008 x27:0xffffffff x24=0xfffffff8
     451415.000 ns	     45140	80009354	002fe533	or	x10,x31,x2	 x31:0x3d93b000  x2:0x00000001 x10=0x3d93b001
     451425.000 ns	     45141	80009358	86dba1b7	lui	x3,0x86dba	  x3=0x86dba000
     451445.000 ns	     45143	8000935c	287c9ad3	fmax.s	f21,f25,f7	 f25:0x3f800000  f7:0x00000000 f21=0x3f800000
     451465.000 ns	     45145	80009360	01ec4233	xor	x4,x24,x30	 x24:0xfffffff8 x30:0x888877c9  x4=0x77778831
     451475.000 ns	     45146	80009364	004da033	slt	x0,x27,x4	 x27:0xffffffff  x4:0xcffedaae
     451485.000 ns	     45147	80009368	403ed693	srai	x13,x29,0x3	 x29:0x00000000 x13=0x00000000
     451505.000 ns	     45149	8000936c	a07914d3	flt.s	x9,f18,f7	 f18:0xdccc6000  f7:0x00000000  x9=0x00000001
     451525.000 ns	     45151	80009370	00c110b3	sll	x1,x2,x12	  x2:0x00000001 x12:0x7dbab2e4  x1=0x00000010
     451545.000 ns	     45153	80009374	03f592b3	mulh	x5,x11,x31	 x11:0xfffffe1f x31:0x3d93b000  x5=0xffffff8c
     451915.000 ns	     45190	80009378	038d75b3	remu	x11,x26,x24	 x26:0x80040fe4 x24:0xfffffff8 x11=0x80040fe4
     451945.000 ns	     45193	8000937c	d00c3ad3	fcvt.s.w	f21,x24	 x24:0xfffffff8 f21=0xc1000000
     452315.000 ns	     45230	80009380	021255b3	divu	x11,x4,x1	  x4:0x77778831  x1:0x00000010 x11=0x07777883
     452345.000 ns	     45233	80009384	28168253	fmin.s	f4,f13,f1	 f13:0x00000000  f1:0xcedc1dc0  f4=0xcedc1dc0
     452715.000 ns	     45270	80009388	0237cd33	div	x26,x15,x3	 x15:0x80040fe4  x3:0x86dba000 x26=0x00000001
     452745.000 ns	     45273	8000938c	d0127e53	fcvt.s.wu	f28,x4	  x4:0x77778831 f28=0x4eeeef10
     452785.000 ns	     45277	80009390	18039dd3	fdiv.s	f27,f7,f0	  f7:0x00000000  f0:0x4edc1dc0 f27=0x00000000
     452805.000 ns	     45279	80009394	009d24b3	slt	x9,x26,x9	 x26:0x00000001  x9:0x00000001  x9=0x00000000
     452825.000 ns	     45281	80009398	21819453	fsgnjn.s	f8,f3,f24	  f3:0x00000000 f24:0x0e392982  f8=0x80000000
     452855.000 ns	     45284	8000939c	c012f8d3	fcvt.wu.s	x17,f5	  f5:0x30e3929a x17=0x00000000
     452885.000 ns	     45287	800093a0	e00e92d3	fclass.s	x5,f29	 f29:0x7fc00000  x5=0x00000200
     452905.000 ns	     45289	800093a4	003b6bb3	or	x23,x22,x3	 x22:0xffff3e19  x3:0x86dba000 x23=0xffffbe19
     452925.000 ns	     45291	800093a8	e0091d53	fclass.s	x26,f18	 f18:0xdccc6000 x26=0x00000002
     452955.000 ns	     45294	800093ac	c016f4d3	fcvt.wu.s	x9,f13	 f13:0x00000000  x9=0x00000000
     452975.000 ns	     45296	800093b0	00fda533	slt	x10,x27,x15	 x27:0xffffffff x15:0x80040fe4 x10=0x00000000
     452995.000 ns	     45298	800093b4	f0078553	fmv.w.x	f10,x15	 x15:0x80040fe4 f10=0x80040fe4
     453015.000 ns	     45300	800093b8	01c65133	srl	x2,x12,x28	 x12:0x7dbab2e4 x28:0xc743f000  x2=0x7dbab2e4
     453025.000 ns	     45301	800093bc	00000013	addi	x0,x0,0	  x0:0x00000000
     453035.000 ns	     45302	800093c0	2e2cf193	andi	x3,x25,738	 x25:0x0e392982  x3=0x00000082
     453055.000 ns	     45304	800093c4	a0bdadd3	feq.s	x27,f27,f11	 f27:0x00000000 f11:0x4edc1dc0 x27=0x00000000
     453075.000 ns	     45306	800093c8	a622c393	xori	x7,x5,-1438	  x5:0x00000200  x7=0xfffff862
     453095.000 ns	     45308	800093cc	a01f0a53	fle.s	x20,f30,f1	 f30:0x7fc00000  f1:0xcedc1dc0 x20=0x00000000
     453125.000 ns	     45311	800093d0	283009d3	fmin.s	f19,f0,f3	  f0:0x4edc1dc0  f3:0x00000000 f19=0x00000000
     453155.000 ns	     45314	800093d4	29078ad3	fmin.s	f21,f15,f16	 f15:0x7fc00000 f16:0x7fc00000 f21=0x7fc00000
     453175.000 ns	     45316	800093d8	e13c6413	ori	x8,x24,-493	 x24:0xfffffff8  x8=0xfffffffb
     453195.000 ns	     45318	800093dc	20eca4d3	fsgnjx.s	f9,f25,f14	 f25:0x3f800000 f14:0x3f800000  f9=0x3f800000
     453225.000 ns	     45321	800093e0	02dcbd33	mulhu	x26,x25,x13	 x25:0x0e392982 x13:0x00000000 x26=0x00000000
     453275.000 ns	     45326	800093e4	09c3fbd3	fsub.s	f23,f7,f28	  f7:0x00000000 f28:0x4eeeef10 f23=0xceeeef10
     453305.000 ns	     45329	800093e8	d014b4d3	fcvt.s.wu	f9,x9	  x9:0x00000000  f9=0x00000000
     453325.000 ns	     45331	800093ec	58edb297	auipc	x5,0x58edb	  x5=0xd8ee43ec
     453335.000 ns	     45332	800093f0	011abdb3	sltu	x27,x21,x17	 x21:0x00000000 x17:0x00000000 x27=0x00000000
     453355.000 ns	     45334	800093f4	c01f82d3	fcvt.wu.s	x5,f31	 f31:0xcc000410  x5=0x02001040
     453375.000 ns	     45336	800093f8	00093933	sltu	x18,x18,x0	 x18:0xcffedaae  x0:0x00000000 x18=0x00000000
     453385.000 ns	     45337	800093fc	49bbeb93	ori	x23,x23,1179	 x23:0xffffbe19 x23=0xffffbe9b
     453405.000 ns	     45339	80009400	21eca1d3	fsgnjx.s	f3,f25,f30	 f25:0x3f800000 f30:0x7fc00000  f3=0x3f800000
     453435.000 ns	     45342	80009404	03baba33	mulhu	x20,x21,x27	 x21:0x00000000 x27:0x00000000 x20=0x00000000
     453475.000 ns	     45346	80009408	11bdf553	fmul.s	f10,f27,f27	 f27:0x00000000 f27:0x00000000 f10=0x00000000
     453495.000 ns	     45348	8000940c	733a7593	andi	x11,x20,1843	 x20:0x00000000 x11=0x00000000
     453515.000 ns	     45350	80009410	a0451853	flt.s	x16,f10,f4	 f10:0x00000000  f4:0xcedc1dc0 x16=0x00000000
     453535.000 ns	     45352	80009414	005f2133	slt	x2,x30,x5	 x30:0x888877c9  x5:0x02001040  x2=0x00000001
     453545.000 ns	     45353	80009418	00d710b3	sll	x1,x14,x13	 x14:0x00000000 x13:0x00000000  x1=0x00000000
     453555.000 ns	     45354	8000941c	406b08b3	sub	x17,x22,x6	 x22:0xffff3e19  x6:0x80041024 x17=0x7ffb2df5
     453575.000 ns	     45356	80009420	c00b0fd3	fcvt.w.s	x31,f22	 f22:0x72c8117e x31=0x7fffffff
     453625.000 ns	     45361	80009424	009039d3	fadd.s	f19,f0,f9	  f0:0x4edc1dc0  f9:0x00000000 f19=0x4edc1dc0
     453645.000 ns	     45363	80009428	00662eb3	slt	x29,x12,x6	 x12:0x7dbab2e4  x6:0x80041024 x29=0x00000000
     453675.000 ns	     45366	8000942c	11333153	fmul.s	f2,f6,f19	  f6:0xdccc5fff f19:0x4edc1dc0  f2=0xec2fba3f
     453695.000 ns	     45368	80009430	00765633	srl	x12,x12,x7	 x12:0x7dbab2e4  x7:0xfffff862 x12=0x1f6eacb9
     453715.000 ns	     45370	80009434	e00d0e53	fmv.x.w	x28,f26	 f26:0x00000000 x28=0x00000000
     453735.000 ns	     45372	80009438	bd389597	auipc	x11,0xbd389	 x11=0x3d392438
     454095.000 ns	     45408	8000943c	024e6733	rem	x14,x28,x4	 x28:0x00000000  x4:0x77778831 x14=0x00000000
     454125.000 ns	     45411	80009440	a0468d53	fle.s	x26,f13,f4	 f13:0x00000000  f4:0xcedc1dc0 x26=0x00000000
     454155.000 ns	     45414	80009444	a1f40fd3	fle.s	x31,f8,f31	  f8:0x80000000 f31:0xcc000410 x31=0x00000000
     454185.000 ns	     45417	80009448	c0079d53	fcvt.w.s	x26,f15	 f15:0x7fc00000 x26=0x7fffffff
     454205.000 ns	     45419	8000944c	a5616693	ori	x13,x2,-1450	  x2:0x00000001 x13=0xfffffa57
     454225.000 ns	     45421	80009450	c0013553	fcvt.w.s	x10,f2	  f2:0xec2fba3f x10=0x80000000
     454265.000 ns	     45425	80009454	101ac2d3	fmul.s	f5,f21,f1	 f21:0x7fc00000  f1:0xcedc1dc0  f5=0x7fc00000
     454285.000 ns	     45427	80009458	9051aa93	slti	x21,x3,-1787	  x3:0x00000082 x21=0x00000000
     454645.000 ns	     45463	8000945c	038bf9b3	remu	x19,x23,x24	 x23:0xffffbe9b x24:0xfffffff8 x19=0xffffbe9b
     454665.000 ns	     45465	80009460	002e5e33	srl	x28,x28,x2	 x28:0x00000000  x2:0x00000001 x28=0x00000000
     454685.000 ns	     45467	80009464	021181b3	mul	x3,x3,x1	  x3:0x00000082  x1:0x00000000  x3=0x00000000
     454705.000 ns	     45469	80009468	01ea5813	srli	x16,x20,0x1e	 x20:0x00000000 x16=0x00000000
     454715.000 ns	     45470	8000946c	76023413	sltiu	x8,x4,1888	  x4:0x77778831  x8=0x00000000
     455075.000 ns	     45506	80009470	025f4533	div	x10,x30,x5	 x30:0x888877c9  x5:0x02001040 x10=0xffffffc5
     455095.000 ns	     45508	80009474	003b18b3	sll	x17,x22,x3	 x22:0xffff3e19  x3:0x00000000 x17=0xffff3e19
     455115.000 ns	     45510	80009478	211f1c53	fsgnjn.s	f24,f30,f17	 f30:0x7fc00000 f17:0x7fc00000 f24=0xffc00000
     455135.000 ns	     45512	8000947c	00289613	slli	x12,x17,0x2	 x17:0x7ffb2df5 x12=0xfffcf864
     455155.000 ns	     45514	80009480	d0160253	fcvt.s.wu	f4,x12	 x12:0x1f6eacb9  f4=0x4f7ffcf8
     455185.000 ns	     45517	80009484	021c03b3	mul	x7,x24,x1	 x24:0xfffffff8  x1:0x00000000  x7=0x00000000
     455215.000 ns	     45520	80009488	21cea1d3	fsgnjx.s	f3,f29,f28	 f29:0x7fc00000 f28:0x4eeeef10  f3=0x7fc00000
     455245.000 ns	     45523	8000948c	03b26933	rem	x18,x4,x27	  x4:0x77778831 x27:0x00000000 x18=0x77778831
     455275.000 ns	     45526	80009490	d01e44d3	fcvt.s.wu	f9,x28	 x28:0x00000000  f9=0x00000000
     455305.000 ns	     45529	80009494	d01e9a53	fcvt.s.wu	f20,x29	 x29:0x00000000 f20=0x00000000
     455325.000 ns	     45531	80009498	010a9833	sll	x16,x21,x16	 x21:0x00000000 x16:0x00000000 x16=0x00000000
     455345.000 ns	     45533	8000949c	21032553	fsgnjx.s	f10,f6,f16	  f6:0xdccc5fff f16:0x7fc00000 f10=0xdccc5fff
     455375.000 ns	     45536	800094a0	02eb7fb3	remu	x31,x22,x14	 x22:0xffff3e19 x14:0x00000000 x31=0xffff3e19
     455405.000 ns	     45539	800094a4	03fd1733	mulh	x14,x26,x31	 x26:0x7fffffff x31:0x00000000 x14=0xffff9f0c
     455425.000 ns	     45541	800094a8	d7fdcf13	xori	x30,x27,-641	 x27:0x00000000 x30=0xfffffd7f
     455445.000 ns	     45543	800094ac	02960fb3	mul	x31,x12,x9	 x12:0xfffcf864  x9:0x00000000 x31=0x00000000
     455495.000 ns	     45548	800094b0	093df253	fsub.s	f4,f27,f19	 f27:0x00000000 f19:0x4edc1dc0  f4=0xcedc1dc0
     455865.000 ns	     45585	800094b4	02a97fb3	remu	x31,x18,x10	 x18:0x77778831 x10:0xffffffc5 x31=0x77778831
     455885.000 ns	     45587	800094b8	012d23b3	slt	x7,x26,x18	 x26:0x7fffffff x18:0x77778831  x7=0x00000000
     455905.000 ns	     45589	800094bc	03d9ddb3	divu	x27,x19,x29	 x19:0xffffbe9b x29:0x00000000 x27=0xffffffff
     455935.000 ns	     45592	800094c0	020bb2b3	mulhu	x5,x23,x0	 x23:0xffffbe9b  x0:0x00000000  x5=0x00000000
     455965.000 ns	     45595	800094c4	0255f033	remu	x0,x11,x5	 x11:0x3d392438  x5:0x02001040
     455995.000 ns	     45598	800094c8	a1bfa853	feq.s	x16,f31,f27	 f31:0xcc000410 f27:0x00000000 x16=0x00000000
     456025.000 ns	     45601	800094cc	028045b3	div	x11,x0,x8	  x0:0x00000000  x8:0x00000000 x11=0xffffffff
     456065.000 ns	     45605	800094d0	190176d3	fdiv.s	f13,f2,f16	  f2:0xec2fba3f f16:0x7fc00000 f13=0x7fc00000
     456085.000 ns	     45607	800094d4	00fadf13	srli	x30,x21,0xf	 x21:0x00000000 x30=0x00000000
     456105.000 ns	     45609	800094d8	e0050a53	fmv.x.w	x20,f10	 f10:0xdccc5fff x20=0xdccc5fff
     456135.000 ns	     45612	800094dc	e0028653	fmv.x.w	x12,f5	  f5:0x7fc00000 x12=0x7fc00000
     456155.000 ns	     45614	800094e0	00bcdf13	srli	x30,x25,0xb	 x25:0x0e392982 x30=0x0001c725
     456165.000 ns	     45615	800094e4	40825f93	srai	x31,x4,0x8	  x4:0x77778831 x31=0x00777788
     456525.000 ns	     45651	800094e8	024cf6b3	remu	x13,x25,x4	 x25:0x0e392982  x4:0x77778831 x13=0x0e392982
     456545.000 ns	     45653	800094ec	00000013	addi	x0,x0,0	  x0:0x00000000
     456585.000 ns	     45657	800094f0	00997bd3	fadd.s	f23,f18,f9	 f18:0xdccc6000  f9:0x00000000 f23=0xdccc6000
     456605.000 ns	     45659	800094f4	0071bbb3	sltu	x23,x3,x7	  x3:0x00000000  x7:0x00000000 x23=0x00000000
     456615.000 ns	     45660	800094f8	41b7d833	sra	x16,x15,x27	 x15:0x80040fe4 x27:0xffffffff x16=0xffffffff
     456625.000 ns	     45661	800094fc	00000013	addi	x0,x0,0	  x0:0x00000000
     456645.000 ns	     45663	80009500	a09690d3	flt.s	x1,f13,f9	 f13:0x7fc00000  f9:0x00000000  x1=0x00000000
     456675.000 ns	     45666	80009504	029c3933	mulhu	x18,x24,x9	 x24:0xfffffff8  x9:0x00000000 x18=0x00000000
     456705.000 ns	     45669	80009508	e00e0a53	fmv.x.w	x20,f28	 f28:0x4eeeef10 x20=0x4eeeef10
     456735.000 ns	     45672	8000950c	a04f03d3	fle.s	x7,f30,f4	 f30:0x7fc00000  f4:0xcedc1dc0  x7=0x00000000
     456755.000 ns	     45674	80009510	774843b7	lui	x7,0x77484	  x7=0x77484000
     456775.000 ns	     45676	80009514	c017f653	fcvt.wu.s	x12,f15	 f15:0x7fc00000 x12=0xffffffff
     456805.000 ns	     45679	80009518	a199a053	feq.s	x0,f19,f25	 f19:0x4edc1dc0 f25:0x3f800000
     456825.000 ns	     45681	8000951c	ebfd8d97	auipc	x27,0xebfd8	 x27=0x6bfe151c
     456845.000 ns	     45683	80009520	298a0e53	fmin.s	f28,f20,f24	 f20:0x00000000 f24:0xffc00000 f28=0x00000000
     456875.000 ns	     45686	80009524	c00144d3	fcvt.w.s	x9,f2	  f2:0xec2fba3f  x9=0x80000000
     456915.000 ns	     45690	80009528	18042353	fdiv.s	f6,f8,f0	  f8:0x80000000  f0:0x4edc1dc0  f6=0x80000000
     456935.000 ns	     45692	8000952c	fbcdc993	xori	x19,x27,-68	 x27:0x6bfe151c x19=0x9401eaa0
     456945.000 ns	     45693	80009530	00e80033	add	x0,x16,x14	 x16:0xffffffff x14:0xffff9f0c
     456965.000 ns	     45695	80009534	03298eb3	mul	x29,x19,x18	 x19:0xffffbe9b x18:0x00000000 x29=0x00000000
     456995.000 ns	     45698	80009538	03b5af33	mulhsu	x30,x11,x27	 x11:0xffffffff x27:0x6bfe151c x30=0xffffffff
     457025.000 ns	     45701	8000953c	d00ff553	fcvt.s.w	f10,x31	 x31:0x00777788 f10=0x4aeeef10
     457045.000 ns	     45703	80009540	000f8a33	add	x20,x31,x0	 x31:0x00777788  x0:0x00000000 x20=0x00777788
     457405.000 ns	     45739	80009544	030a70b3	remu	x1,x20,x16	 x20:0x4eeeef10 x16:0xffffffff  x1=0x00777788
     457775.000 ns	     45776	80009548	0361f433	remu	x8,x3,x22	  x3:0x00000000 x22:0xffff3e19  x8=0x00000000
     457815.000 ns	     45780	8000954c	11fd8953	fmul.s	f18,f27,f31	 f27:0x00000000 f31:0xcc000410 f18=0x80000000
     457865.000 ns	     45785	80009550	0989f153	fsub.s	f2,f19,f24	 f19:0x4edc1dc0 f24:0xffc00000  f2=0x7fc00000
     457915.000 ns	     45790	80009554	08cdf753	fsub.s	f14,f27,f12	 f27:0x00000000 f12:0x4c000410 f14=0xcc000410
     457945.000 ns	     45793	80009558	21548f53	fsgnj.s	f30,f9,f21	  f9:0x00000000 f21:0x7fc00000 f30=0x00000000
     457965.000 ns	     45795	8000955c	008e5b33	srl	x22,x28,x8	 x28:0x00000000  x8:0x00000000 x22=0x00000000
     458005.000 ns	     45799	80009560	004229d3	fadd.s	f19,f4,f4	  f4:0xcedc1dc0  f4:0xcedc1dc0 f19=0xcf5c1dc0
     458025.000 ns	     45801	80009564	0048d033	srl	x0,x17,x4	 x17:0xffff3e19  x4:0x77778831
     458035.000 ns	     45802	80009568	01bd4733	xor	x14,x26,x27	 x26:0x7fffffff x27:0x6bfe151c x14=0x1401eae3
     458395.000 ns	     45838	8000956c	02484833	div	x16,x16,x4	 x16:0xffffffff  x4:0x77778831 x16=0x00000000
     458415.000 ns	     45840	80009570	40cf55b3	sra	x11,x30,x12	 x30:0xffffffff x12:0xffffffff x11=0xffffffff
     458425.000 ns	     45841	80009574	194f2a97	auipc	x21,0x194f2	 x21=0x994fb574
     458435.000 ns	     45842	80009578	001282b3	add	x5,x5,x1	  x5:0x00000000  x1:0x00777788  x5=0x00777788
     458795.000 ns	     45878	8000957c	03466833	rem	x16,x12,x20	 x12:0xffffffff x20:0x00777788 x16=0xffffffff
     458815.000 ns	     45880	80009580	df446f13	ori	x30,x8,-524	  x8:0x00000000 x30=0xfffffdf4
     458855.000 ns	     45884	80009584	08f1c5d3	fsub.s	f11,f3,f15	  f3:0x7fc00000 f15:0x7fc00000 f11=0x7fc00000
     458875.000 ns	     45886	80009588	012a6533	or	x10,x20,x18	 x20:0x00777788 x18:0x00000000 x10=0x00777788
     458915.000 ns	     45890	8000958c	004f77d3	fadd.s	f15,f30,f4	 f30:0x00000000  f4:0xcedc1dc0 f15=0xcedc1dc0
     458945.000 ns	     45893	80009590	200a1c53	fsgnjn.s	f24,f20,f0	 f20:0x00000000  f0:0x4edc1dc0 f24=0x80000000
     458965.000 ns	     45895	80009594	adc96f13	ori	x30,x18,-1316	 x18:0x00000000 x30=0xfffffadc
     458975.000 ns	     45896	80009598	e59cee93	ori	x29,x25,-423	 x25:0x0e392982 x29=0xffffffdb
     458985.000 ns	     45897	8000959c	01159a93	slli	x21,x11,0x11	 x11:0xffffffff x21=0xfffe0000
     458995.000 ns	     45898	800095a0	33e13113	sltiu	x2,x2,830	  x2:0x00000001  x2=0x00000001
     459005.000 ns	     45899	800095a4	b018a593	slti	x11,x17,-1279	 x17:0xffff3e19 x11=0x00000001
     459365.000 ns	     45935	800095a8	039344b3	div	x9,x6,x25	  x6:0x80041024 x25:0x0e392982  x9=0xfffffff8
     459385.000 ns	     45937	800095ac	015e7f33	and	x30,x28,x21	 x28:0x00000000 x21:0xfffe0000 x30=0x00000000
     459405.000 ns	     45939	800095b0	e0009153	fclass.s	x2,f1	  f1:0xcedc1dc0  x2=0x00000002
     459435.000 ns	     45942	800095b4	03c8b1b3	mulhu	x3,x17,x28	 x17:0xffff3e19 x28:0x00000000  x3=0x00000000
     459465.000 ns	     45945	800095b8	e00108d3	fmv.x.w	x17,f2	  f2:0x7fc00000 x17=0x7fc00000
     459495.000 ns	     45948	800095bc	03727b33	remu	x22,x4,x23	  x4:0x77778831 x23:0x00000000 x22=0x77778831
     459865.000 ns	     45985	800095c0	02a1e933	rem	x18,x3,x10	  x3:0x00000000 x10:0x00777788 x18=0x00000000
     459895.000 ns	     45988	800095c4	03cabd33	mulhu	x26,x21,x28	 x21:0xfffe0000 x28:0x00000000 x26=0x00000000
     459925.000 ns	     45991	800095c8	29d98ed3	fmin.s	f29,f19,f29	 f19:0xcf5c1dc0 f29:0x7fc00000 f29=0xcf5c1dc0
     459945.000 ns	     45993	800095cc	019d1f13	slli	x30,x26,0x19	 x26:0x00000000 x30=0x00000000
     459965.000 ns	     45995	800095d0	21fb9553	fsgnjn.s	f10,f23,f31	 f23:0xdccc6000 f31:0xcc000410 f10=0x5ccc6000
     459985.000 ns	     45997	800095d4	00cdc833	xor	x16,x27,x12	 x27:0x6bfe151c x12:0xffffffff x16=0x9401eae3
     460005.000 ns	     45999	800095d8	030a83b3	mul	x7,x21,x16	 x21:0xfffe0000 x16:0xffffffff  x7=0x2a3a0000
     460025.000 ns	     46001	800095dc	0065deb3	srl	x29,x11,x6	 x11:0x00000001  x6:0x80041024 x29=0x00000000
     460035.000 ns	     46002	800095e0	40448fb3	sub	x31,x9,x4	  x9:0xfffffff8  x4:0x77778831 x31=0x888877c7
     460045.000 ns	     46003	800095e4	70e0fe17	auipc	x28,0x70e0f	 x28=0xf0e185e4
     460055.000 ns	     46004	800095e8	017ed0b3	srl	x1,x29,x23	 x29:0x00000000 x23:0x00000000  x1=0x00000000
     460065.000 ns	     46005	800095ec	01fd7c33	and	x24,x26,x31	 x26:0x00000000 x31:0x888877c7 x24=0x00000000
     460075.000 ns	     46006	800095f0	0036c1b3	xor	x3,x13,x3	 x13:0x0e392982  x3:0x00000000  x3=0x0e392982
     460085.000 ns	     46007	800095f4	b4574993	xori	x19,x14,-1211	 x14:0x1401eae3 x19=0xebfe11a6
     460095.000 ns	     46008	800095f8	95fae193	ori	x3,x21,-1697	 x21:0xfffe0000  x3=0xfffff95f
     460105.000 ns	     46009	800095fc	014fedb3	or	x27,x31,x20	 x31:0x888877c7 x20:0x00777788 x27=0x88ff77cf
     460115.000 ns	     46010	80009600	00000013	addi	x0,x0,0	  x0:0x00000000
     460155.000 ns	     46014	80009604	018af6d3	fadd.s	f13,f21,f24	 f21:0x7fc00000 f24:0x80000000 f13=0x7fc00000
     460175.000 ns	     46016	80009608	d463c437	lui	x8,0xd463c	  x8=0xd463c000
     460185.000 ns	     46017	8000960c	d9d52913	slti	x18,x10,-611	 x10:0x00777788 x18=0x00000000
     460195.000 ns	     46018	80009610	00000013	addi	x0,x0,0	  x0:0x00000000
     460215.000 ns	     46020	80009614	296f8453	fmin.s	f8,f31,f22	 f31:0xcc000410 f22:0x72c8117e  f8=0xcc000410
     460245.000 ns	     46023	80009618	c002f653	fcvt.w.s	x12,f5	  f5:0x7fc00000 x12=0x7fffffff
     460275.000 ns	     46026	8000961c	20858d53	fsgnj.s	f26,f11,f8	 f11:0x7fc00000  f8:0xcc000410 f26=0xffc00000
     460295.000 ns	     46028	80009620	a39dc513	xori	x10,x27,-1479	 x27:0x88ff77cf x10=0x77008df6
     460315.000 ns	     46030	80009624	21a00a53	fsgnj.s	f20,f0,f26	  f0:0x4edc1dc0 f26:0xffc00000 f20=0xcedc1dc0
     460345.000 ns	     46033	80009628	21a00c53	fsgnj.s	f24,f0,f26	  f0:0x4edc1dc0 f26:0xffc00000 f24=0xcedc1dc0
     460375.000 ns	     46036	8000962c	e0099a53	fclass.s	x20,f19	 f19:0xcf5c1dc0 x20=0x00000002
     460405.000 ns	     46039	80009630	c000ffd3	fcvt.w.s	x31,f1	  f1:0xcedc1dc0 x31=0x6e0ee000
     460435.000 ns	     46042	80009634	e0068f53	fmv.x.w	x30,f13	 f13:0x7fc00000 x30=0x7fc00000
     460455.000 ns	     46044	80009638	65167417	auipc	x8,0x65167	  x8=0xe5170638
     460495.000 ns	     46048	8000963c	01d293d3	fadd.s	f7,f5,f29	  f5:0x7fc00000 f29:0xcf5c1dc0  f7=0x7fc00000
     460515.000 ns	     46050	80009640	00b1a4b3	slt	x9,x3,x11	  x3:0xfffff95f x11:0x00000001  x9=0x00000001
     460525.000 ns	     46051	80009644	faabf693	andi	x13,x23,-86	 x23:0x00000000 x13=0x00000000
     460545.000 ns	     46053	80009648	03e93033	mulhu	x0,x18,x30	 x18:0x00000000 x30:0x7fc00000
     460565.000 ns	     46055	8000964c	00441013	slli	x0,x8,0x4	  x8:0xe5170638
     460575.000 ns	     46056	80009650	00b5beb3	sltu	x29,x11,x11	 x11:0x00000001 x11:0x00000001 x29=0x00000000
     460595.000 ns	     46058	80009654	03da9133	mulh	x2,x21,x29	 x21:0xfffe0000 x29:0x00000000  x2=0x00000000
     460625.000 ns	     46061	80009658	c00ffa53	fcvt.w.s	x20,f31	 f31:0xcc000410 x20=0x02001040
     460655.000 ns	     46064	8000965c	03411233	mulh	x4,x2,x20	  x2:0x00000000 x20:0x00000002  x4=0x00000000
     460675.000 ns	     46066	80009660	61b58497	auipc	x9,0x61b58	  x9=0xe1b61660
     460695.000 ns	     46068	80009664	02227433	remu	x8,x4,x2	  x4:0x00000000  x2:0x00000000  x8=0x00000000
     460725.000 ns	     46071	80009668	a16ea1d3	feq.s	x3,f29,f22	 f29:0xcf5c1dc0 f22:0x72c8117e  x3=0x00000000
     460745.000 ns	     46073	8000966c	25e7a013	slti	x0,x15,606	 x15:0x80040fe4
     460765.000 ns	     46075	80009670	d0063553	fcvt.s.w	f10,x12	 x12:0x7fffffff f10=0x4f000000
     461135.000 ns	     46112	80009674	03f3d1b3	divu	x3,x7,x31	  x7:0x2a3a0000 x31:0x6e0ee000  x3=0x00000000
     461175.000 ns	     46116	80009678	580339d3	fsqrt.s	f19,f6	  f6:0x80000000 f19=0x80000000
     461195.000 ns	     46118	8000967c	40075d93	srai	x27,x14,0x0	 x14:0x1401eae3 x27=0x1401eae3
     461205.000 ns	     46119	80009680	00cbdbb3	srl	x23,x23,x12	 x23:0x00000000 x12:0x7fffffff x23=0x00000000
     461225.000 ns	     46121	80009684	d003ff53	fcvt.s.w	f30,x7	  x7:0x2a3a0000 f30=0x4e28e800
     461265.000 ns	     46125	80009688	18a6f953	fdiv.s	f18,f13,f10	 f13:0x7fc00000 f10:0x4f000000 f18=0x7fc00000
     461295.000 ns	     46128	8000968c	03d462b3	rem	x5,x8,x29	  x8:0x00000000 x29:0x00000000  x5=0x00000000
     461315.000 ns	     46130	80009690	58347113	andi	x2,x8,1411	  x8:0x00000000  x2=0x00000000
     461335.000 ns	     46132	80009694	a04e80d3	fle.s	x1,f29,f4	 f29:0xcf5c1dc0  f4:0xcedc1dc0  x1=0x00000001
     461355.000 ns	     46134	80009698	4071d693	srai	x13,x3,0x7	  x3:0x00000000 x13=0x00000000
     461715.000 ns	     46170	8000969c	03e75733	divu	x14,x14,x30	 x14:0x1401eae3 x30:0x7fc00000 x14=0x00000000
     461735.000 ns	     46172	800096a0	41965093	srai	x1,x12,0x19	 x12:0x7fffffff  x1=0x0000003f
     461745.000 ns	     46173	800096a4	d156e297	auipc	x5,0xd156e	  x5=0x515776a4
     461765.000 ns	     46175	800096a8	d01ac253	fcvt.s.wu	f4,x21	 x21:0xfffe0000  f4=0x4f7ffe00
     462135.000 ns	     46212	800096ac	02777633	remu	x12,x14,x7	 x14:0x00000000  x7:0x2a3a0000 x12=0x00000000
     462165.000 ns	     46215	800096b0	20df9cd3	fsgnjn.s	f25,f31,f13	 f31:0xcc000410 f13:0x7fc00000 f25=0xcc000410
     462185.000 ns	     46217	800096b4	41075f33	sra	x30,x14,x16	 x14:0x00000000 x16:0x9401eae3 x30=0x00000000
     462195.000 ns	     46218	800096b8	0122c4b3	xor	x9,x5,x18	  x5:0x515776a4 x18:0x00000000  x9=0x515776a4
     462215.000 ns	     46220	800096bc	a19ba1d3	feq.s	x3,f23,f25	 f23:0xdccc6000 f25:0xcc000410  x3=0x00000000
     462245.000 ns	     46223	800096c0	a13515d3	flt.s	x11,f10,f19	 f10:0x4f000000 f19:0x80000000 x11=0x00000000
     462295.000 ns	     46228	800096c4	09f5ce53	fsub.s	f28,f11,f31	 f11:0x7fc00000 f31:0xcc000410 f28=0x7fc00000
     462325.000 ns	     46231	800096c8	213aa453	fsgnjx.s	f8,f21,f19	 f21:0x7fc00000 f19:0x80000000  f8=0xffc00000
     462355.000 ns	     46234	800096cc	d016fbd3	fcvt.s.wu	f23,x13	 x13:0x00000000 f23=0x00000000
     462385.000 ns	     46237	800096d0	e00183d3	fmv.x.w	x7,f3	  f3:0x7fc00000  x7=0x7fc00000
     462405.000 ns	     46239	800096d4	01161d93	slli	x27,x12,0x11	 x12:0x00000000 x27=0x00000000
     462425.000 ns	     46241	800096d8	c0027a53	fcvt.w.s	x20,f4	  f4:0x4f7ffe00 x20=0x7fffffff
     462445.000 ns	     46243	800096dc	77e03113	sltiu	x2,x0,1918	  x0:0x00000000  x2=0x00000001
     462465.000 ns	     46245	800096e0	02c0b5b3	mulhu	x11,x1,x12	  x1:0x0000003f x12:0x00000000 x11=0x00000000
     462495.000 ns	     46248	800096e4	29aa8453	fmin.s	f8,f21,f26	 f21:0x7fc00000 f26:0xffc00000  f8=0x7fc00000
     462545.000 ns	     46253	800096e8	0999f2d3	fsub.s	f5,f19,f25	 f19:0x80000000 f25:0xcc000410  f5=0x4c000410
     462915.000 ns	     46290	800096ec	033566b3	rem	x13,x10,x19	 x10:0x77008df6 x19:0xebfe11a6 x13=0x12f6e634
     462955.000 ns	     46294	800096f0	19a2f4d3	fdiv.s	f9,f5,f26	  f5:0x4c000410 f26:0xffc00000  f9=0x7fc00000
     462985.000 ns	     46297	800096f4	e0058253	fmv.x.w	x4,f11	 f11:0x7fc00000  x4=0x7fc00000
     463015.000 ns	     46300	800096f8	a040a853	feq.s	x16,f1,f4	  f1:0xcedc1dc0  f4:0x4f7ffe00 x16=0x00000000
     463045.000 ns	     46303	800096fc	029536b3	mulhu	x13,x10,x9	 x10:0x77008df6  x9:0x515776a4 x13=0x25cfd541
     463065.000 ns	     46305	80009700	00ad2033	slt	x0,x26,x10	 x26:0x00000000 x10:0x77008df6
     463085.000 ns	     46307	80009704	038e35b3	mulhu	x11,x28,x24	 x28:0xf0e185e4 x24:0x00000000 x11=0x00000000
     463455.000 ns	     46344	80009708	027fc233	div	x4,x31,x7	 x31:0x6e0ee000  x7:0x7fc00000  x4=0x00000000
     463495.000 ns	     46348	8000970c	5809fad3	fsqrt.s	f21,f19	 f19:0x80000000 f21=0x80000000
     463515.000 ns	     46350	80009710	59680293	addi	x5,x16,1430	 x16:0x00000000  x5=0x00000596
     463525.000 ns	     46351	80009714	00bd9613	slli	x12,x27,0xb	 x27:0x00000000 x12=0x00000000
     463535.000 ns	     46352	80009718	006624b3	slt	x9,x12,x6	 x12:0x00000000  x6:0x80041024  x9=0x00000000
     463555.000 ns	     46354	8000971c	e00c06d3	fmv.x.w	x13,f24	 f24:0xcedc1dc0 x13=0xcedc1dc0
     463575.000 ns	     46356	80009720	ed67cb13	xori	x22,x15,-298	 x15:0x80040fe4 x22=0x7ffbf132
     463595.000 ns	     46358	80009724	2150a853	fsgnjx.s	f16,f1,f21	  f1:0xcedc1dc0 f21:0x80000000 f16=0x4edc1dc0
     463615.000 ns	     46360	80009728	00c711b3	sll	x3,x14,x12	 x14:0x00000000 x12:0x00000000  x3=0x00000000
     463635.000 ns	     46362	8000972c	a135ab53	feq.s	x22,f11,f19	 f11:0x7fc00000 f19:0x80000000 x22=0x00000000
     463665.000 ns	     46365	80009730	03814033	div	x0,x2,x24	  x2:0x00000001 x24:0x00000000
     463685.000 ns	     46367	80009734	40a5d913	srai	x18,x11,0xa	 x11:0x00000000 x18=0x00000000
     463695.000 ns	     46368	80009738	01182bb3	slt	x23,x16,x17	 x16:0x00000000 x17:0x7fc00000 x23=0x00000001
     463705.000 ns	     46369	8000973c	0007d233	srl	x4,x15,x0	 x15:0x80040fe4  x0:0x00000000  x4=0x80040fe4
     463725.000 ns	     46371	80009740	20c41a53	fsgnjn.s	f20,f8,f12	  f8:0x7fc00000 f12:0x4c000410 f20=0xffc00000
     463755.000 ns	     46374	80009744	2000a3d3	fsgnjx.s	f7,f1,f0	  f1:0xcedc1dc0  f0:0x4edc1dc0  f7=0xcedc1dc0
     463775.000 ns	     46376	80009748	406e5493	srai	x9,x28,0x6	 x28:0xf0e185e4  x9=0xffc38617
     463785.000 ns	     46377	8000974c	0085d513	srli	x10,x11,0x8	 x11:0x00000000 x10=0x00000000
     463795.000 ns	     46378	80009750	c8cbf613	andi	x12,x23,-884	 x23:0x00000001 x12=0x00000000
     463825.000 ns	     46381	80009754	19acb6d3	fdiv.s	f13,f25,f26	 f25:0xcc000410 f26:0xffc00000 f13=0x7fc00000
     463855.000 ns	     46384	80009758	a13396d3	flt.s	x13,f7,f19	  f7:0xcedc1dc0 f19:0x80000000 x13=0x00000001
     463905.000 ns	     46389	8000975c	0087ccd3	fadd.s	f25,f15,f8	 f15:0xcedc1dc0  f8:0x7fc00000 f25=0x7fc00000
     464275.000 ns	     46426	80009760	026ad933	divu	x18,x21,x6	 x21:0xfffe0000  x6:0x80041024 x18=0x00000001
     464305.000 ns	     46429	80009764	02ef1ab3	mulh	x21,x30,x14	 x30:0x00000000 x14:0x00000000 x21=0x00000000
     464335.000 ns	     46432	80009768	a1a9aed3	feq.s	x29,f19,f26	 f19:0x80000000 f26:0xffc00000 x29=0x00000000
     464355.000 ns	     46434	8000976c	559e8a13	addi	x20,x29,1369	 x29:0x00000000 x20=0x00000559
     464375.000 ns	     46436	80009770	e00a81d3	fmv.x.w	x3,f21	 f21:0x80000000  x3=0x80000000
     464405.000 ns	     46439	80009774	a1a892d3	flt.s	x5,f17,f26	 f17:0x7fc00000 f26:0xffc00000  x5=0x00000000
     464425.000 ns	     46441	80009778	01313a33	sltu	x20,x2,x19	  x2:0x00000001 x19:0xebfe11a6 x20=0x00000001
     464435.000 ns	     46442	8000977c	671aa893	slti	x17,x21,1649	 x21:0x00000000 x17=0x00000001
     464455.000 ns	     46444	80009780	288c11d3	fmax.s	f3,f24,f8	 f24:0xcedc1dc0  f8:0x7fc00000  f3=0xcedc1dc0
     464475.000 ns	     46446	80009784	00f7a533	slt	x10,x15,x15	 x15:0x80040fe4 x15:0x80040fe4 x10=0x00000000
     464485.000 ns	     46447	80009788	001dcdb3	xor	x27,x27,x1	 x27:0x00000000  x1:0x0000003f x27=0x0000003f
     464495.000 ns	     46448	8000978c	51310413	addi	x8,x2,1299	  x2:0x00000001  x8=0x00000514
     464505.000 ns	     46449	80009790	8c863a97	auipc	x21,0x8c863	 x21=0x0c86c790
     464525.000 ns	     46451	80009794	d014f053	fcvt.s.wu	f0,x9	  x9:0xffc38617  f0=0x4f7fc386
     464555.000 ns	     46454	80009798	d00aa1d3	fcvt.s.w	f3,x21	 x21:0x00000000  f3=0x4d486c79
     464595.000 ns	     46458	8000979c	58008f53	fsqrt.s	f30,f1	  f1:0xcedc1dc0 f30=0x7fc00000
     464625.000 ns	     46461	800097a0	a1931bd3	flt.s	x23,f6,f25	  f6:0x80000000 f25:0x7fc00000 x23=0x00000000
     464675.000 ns	     46466	800097a4	0867ad53	fsub.s	f26,f15,f6	 f15:0xcedc1dc0  f6:0x80000000 f26=0xcedc1dc0
     464695.000 ns	     46468	800097a8	0075abb3	slt	x23,x11,x7	 x11:0x00000000  x7:0x7fc00000 x23=0x00000001
     464715.000 ns	     46470	800097ac	d018fe53	fcvt.s.wu	f28,x17	 x17:0x00000001 f28=0x3f800000
     464735.000 ns	     46472	800097b0	00000013	addi	x0,x0,0	  x0:0x00000000
     464745.000 ns	     46473	800097b4	00e76db3	or	x27,x14,x14	 x14:0x00000000 x14:0x00000000 x27=0x00000000
     464755.000 ns	     46474	800097b8	01c91513	slli	x10,x18,0x1c	 x18:0x00000001 x10=0x10000000
     464765.000 ns	     46475	800097bc	00f00fb3	add	x31,x0,x15	  x0:0x00000000 x15:0x80040fe4 x31=0x80040fe4
     464785.000 ns	     46477	800097c0	d0054753	fcvt.s.w	f14,x10	 x10:0x00000000 f14=0x4d800000
     464805.000 ns	     46479	800097c4	0092ed33	or	x26,x5,x9	  x5:0x00000000  x9:0xffc38617 x26=0xffc38617
     464825.000 ns	     46481	800097c8	03563ab3	mulhu	x21,x12,x21	 x12:0x00000000 x21:0x0c86c790 x21=0x00000000
     464845.000 ns	     46483	800097cc	68832493	slti	x9,x6,1672	  x6:0x80041024  x9=0x00000001
     464855.000 ns	     46484	800097d0	41455f93	srai	x31,x10,0x14	 x10:0x10000000 x31=0x00000100
     464865.000 ns	     46485	800097d4	f6c74e93	xori	x29,x14,-148	 x14:0x00000000 x29=0xffffff6c
     464875.000 ns	     46486	800097d8	6eb66037	lui	x0,0x6eb66	
     464885.000 ns	     46487	800097dc	0194b633	sltu	x12,x9,x25	  x9:0x00000001 x25:0x0e392982 x12=0x00000001
     464905.000 ns	     46489	800097e0	e0028953	fmv.x.w	x18,f5	  f5:0x4c000410 x18=0x4c000410
     464935.000 ns	     46492	800097e4	28c30453	fmin.s	f8,f6,f12	  f6:0x80000000 f12:0x4c000410  f8=0x80000000
     464965.000 ns	     46495	800097e8	218200d3	fsgnj.s	f1,f4,f24	  f4:0x4f7ffe00 f24:0xcedc1dc0  f1=0xcf7ffe00
     464985.000 ns	     46497	800097ec	018ad6b3	srl	x13,x21,x24	 x21:0x00000000 x24:0x00000000 x13=0x00000000
     464995.000 ns	     46498	800097f0	269ff193	andi	x3,x31,617	 x31:0x00000100  x3=0x00000000
     465005.000 ns	     46499	800097f4	006a1633	sll	x12,x20,x6	 x20:0x00000001  x6:0x80041024 x12=0x00000010
     465035.000 ns	     46502	800097f8	580bf4d3	fsqrt.s	f9,f23	 f23:0x00000000  f9=0x00000000
     465065.000 ns	     46505	800097fc	c01c9153	fcvt.wu.s	x2,f25	 f25:0x7fc00000  x2=0xffffffff
     465095.000 ns	     46508	80009800	c00770d3	fcvt.w.s	x1,f14	 f14:0x4d800000  x1=0x10000000
     465115.000 ns	     46510	80009804	4187dc33	sra	x24,x15,x24	 x15:0x80040fe4 x24:0x00000000 x24=0x80040fe4
     465125.000 ns	     46511	80009808	0123da13	srli	x20,x7,0x12	  x7:0x7fc00000 x20=0x00001ff0
     465145.000 ns	     46513	8000980c	28e60b53	fmin.s	f22,f12,f14	 f12:0x4c000410 f14:0x4d800000 f22=0x4c000410
     465175.000 ns	     46516	80009810	03b78833	mul	x16,x15,x27	 x15:0x80040fe4 x27:0x00000000 x16=0x00000000
     465205.000 ns	     46519	80009814	f00800d3	fmv.w.x	f1,x16	 x16:0x00000000  f1=0x00000000
     465235.000 ns	     46522	80009818	f0070453	fmv.w.x	f8,x14	 x14:0x00000000  f8=0x00000000
     465265.000 ns	     46525	8000981c	282a8fd3	fmin.s	f31,f21,f2	 f21:0x80000000  f2:0x7fc00000 f31=0x80000000
     465285.000 ns	     46527	80009820	c0c07913	andi	x18,x0,-1012	  x0:0x00000000 x18=0x00000000
     465295.000 ns	     46528	80009824	7e284713	xori	x14,x16,2018	 x16:0x00000000 x14=0x000007e2
     465315.000 ns	     46530	80009828	e00b15d3	fclass.s	x11,f22	 f22:0x4c000410 x11=0x00000040
     465345.000 ns	     46533	8000982c	e00d99d3	fclass.s	x19,f27	 f27:0x00000000 x19=0x00000010
     465395.000 ns	     46538	80009830	00e9c9d3	fadd.s	f19,f19,f14	 f19:0x80000000 f14:0x4d800000 f19=0x4d800000
     465435.000 ns	     46542	80009834	11e725d3	fmul.s	f11,f14,f30	 f14:0x4d800000 f30:0x7fc00000 f11=0x7fc00000
     465465.000 ns	     46545	80009838	c00678d3	fcvt.w.s	x17,f12	 f12:0x4c000410 x17=0x02001040
     465835.000 ns	     46582	8000983c	02aef9b3	remu	x19,x29,x10	 x29:0xffffff6c x10:0x10000000 x19=0x0fffff6c
     465855.000 ns	     46584	80009840	00e1c933	xor	x18,x3,x14	  x3:0x00000000 x14:0x000007e2 x18=0x000007e2
     465865.000 ns	     46585	80009844	00451413	slli	x8,x10,0x4	 x10:0x10000000  x8=0x00000000
     465885.000 ns	     46587	80009848	e00698d3	fclass.s	x17,f13	 f13:0x7fc00000 x17=0x00000200
     465915.000 ns	     46590	8000984c	f0018d53	fmv.w.x	f26,x3	  x3:0x00000000 f26=0x00000000
     465945.000 ns	     46593	80009850	d00c99d3	fcvt.s.w	f19,x25	 x25:0x0e392982 f19=0x4d639298
     465965.000 ns	     46595	80009854	00000013	addi	x0,x0,0	  x0:0x00000000
     465975.000 ns	     46596	80009858	10e53713	sltiu	x14,x10,270	 x10:0x10000000 x14=0x00000000
     466335.000 ns	     46632	8000985c	021a6ab3	rem	x21,x20,x1	 x20:0x00001ff0  x1:0x10000000 x21=0x00001ff0
     466365.000 ns	     46635	80009860	218f9b53	fsgnjn.s	f22,f31,f24	 f31:0x80000000 f24:0xcedc1dc0 f22=0x00000000
     466385.000 ns	     46637	80009864	01ff9733	sll	x14,x31,x31	 x31:0x00000100 x31:0x00000100 x14=0x00000100
     466405.000 ns	     46639	80009868	21e597d3	fsgnjn.s	f15,f11,f30	 f11:0x7fc00000 f30:0x7fc00000 f15=0xffc00000
     466435.000 ns	     46642	8000986c	d005fbd3	fcvt.s.w	f23,x11	 x11:0x00000040 f23=0x42800000
     466455.000 ns	     46644	80009870	01b5f4b3	and	x9,x11,x27	 x11:0x00000040 x27:0x00000000  x9=0x00000000
     466475.000 ns	     46646	80009874	a0c59953	flt.s	x18,f11,f12	 f11:0x7fc00000 f12:0x4c000410 x18=0x00000000
     466495.000 ns	     46648	80009878	00c74d33	xor	x26,x14,x12	 x14:0x00000100 x12:0x00000010 x26=0x00000110
     466515.000 ns	     46650	8000987c	e0018b53	fmv.x.w	x22,f3	  f3:0x4d486c79 x22=0x4d486c79
     466555.000 ns	     46654	80009880	1919fb53	fdiv.s	f22,f19,f17	 f19:0x4d639298 f17:0x7fc00000 f22=0x7fc00000
     466575.000 ns	     46656	80009884	007ddf93	srli	x31,x27,0x7	 x27:0x00000000 x31=0x00000000
     466935.000 ns	     46692	80009888	03ccd1b3	divu	x3,x25,x28	 x25:0x0e392982 x28:0xf0e185e4  x3=0x00000000
     467275.000 ns	     46726	8000988c	1932fb53	fdiv.s	f22,f5,f19	  f5:0x4c000410 f19:0x4d639298 f22=0x3e000410
     467295.000 ns	     46728	80009890	4002d733	sra	x14,x5,x0	  x5:0x00000000  x0:0x00000000 x14=0x00000000
     467305.000 ns	     46729	80009894	8e0ef613	andi	x12,x29,-1824	 x29:0xffffff6c x12=0xfffff860
     467325.000 ns	     46731	80009898	e00a0653	fmv.x.w	x12,f20	 f20:0xffc00000 x12=0xffc00000
     467345.000 ns	     46733	8000989c	00082eb3	slt	x29,x16,x0	 x16:0x00000000  x0:0x00000000 x29=0x00000000
     467355.000 ns	     46734	800098a0	00000013	addi	x0,x0,0	  x0:0x00000000
     467375.000 ns	     46736	800098a4	031a1133	mulh	x2,x20,x17	 x20:0x00001ff0 x17:0x00000200  x2=0x00000000
     467395.000 ns	     46738	800098a8	df6fc913	xori	x18,x31,-522	 x31:0x00000000 x18=0xfffffdf6
     467725.000 ns	     46771	800098ac	198e3653	fdiv.s	f12,f28,f24	 f28:0x3f800000 f24:0xcedc1dc0 f12=0xb0000000
     467745.000 ns	     46773	800098b0	07ab12b7	lui	x5,0x7ab1	  x5=0x07ab1000
     467765.000 ns	     46775	800098b4	a0e09e53	flt.s	x28,f1,f14	  f1:0x00000000 f14:0x4d800000 x28=0x00000001
     467795.000 ns	     46778	800098b8	20b81ed3	fsgnjn.s	f29,f16,f11	 f16:0x4edc1dc0 f11:0x7fc00000 f29=0xcedc1dc0
     467825.000 ns	     46781	800098bc	29550453	fmin.s	f8,f10,f21	 f10:0x4f000000 f21:0x80000000  f8=0x80000000
     467845.000 ns	     46783	800098c0	41335733	sra	x14,x6,x19	  x6:0x80041024 x19:0x0fffff6c x14=0xfff80041
     467855.000 ns	     46784	800098c4	01c052b3	srl	x5,x0,x28	  x0:0x00000000 x28:0x00000001  x5=0x00000000
     467875.000 ns	     46786	800098c8	29081bd3	fmax.s	f23,f16,f16	 f16:0x4edc1dc0 f16:0x4edc1dc0 f23=0x4edc1dc0
     467905.000 ns	     46789	800098cc	c00c3953	fcvt.w.s	x18,f24	 f24:0xcedc1dc0 x18=0x91f12000
     467935.000 ns	     46792	800098d0	28809a53	fmax.s	f20,f1,f8	  f1:0x00000000  f8:0x80000000 f20=0x00000000
     468305.000 ns	     46829	800098d4	03337833	remu	x16,x6,x19	  x6:0x80041024 x19:0x0fffff6c x16=0x000414c4
     468325.000 ns	     46831	800098d8	67922b97	auipc	x23,0x67922	 x23=0xe792b8d8
     468335.000 ns	     46832	800098dc	4f2e4113	xori	x2,x28,1266	 x28:0x00000001  x2=0x000004f3
     468355.000 ns	     46834	800098e0	294b96d3	fmax.s	f13,f23,f20	 f23:0x4edc1dc0 f20:0x00000000 f13=0x4edc1dc0
     468385.000 ns	     46837	800098e4	285595d3	fmax.s	f11,f11,f5	 f11:0x7fc00000  f5:0x4c000410 f11=0x4c000410
     468405.000 ns	     46839	800098e8	40fd81b3	sub	x3,x27,x15	 x27:0x00000000 x15:0x80040fe4  x3=0x7ffbf01c
     468415.000 ns	     46840	800098ec	0014b0b3	sltu	x1,x9,x1	  x9:0x00000000  x1:0x10000000  x1=0x00000001
     468425.000 ns	     46841	800098f0	008a3f33	sltu	x30,x20,x8	 x20:0x00001ff0  x8:0x00000000 x30=0x00000000
     468445.000 ns	     46843	800098f4	038f8933	mul	x18,x31,x24	 x31:0x00000000 x24:0x80040fe4 x18=0x00000000
     468815.000 ns	     46880	800098f8	024ffa33	remu	x20,x31,x4	 x31:0x00000000  x4:0x80040fe4 x20=0x00000000
     468845.000 ns	     46883	800098fc	03d4e2b3	rem	x5,x9,x29	  x9:0x00000000 x29:0x00000000  x5=0x00000000
     468865.000 ns	     46885	80009900	600b0993	addi	x19,x22,1536	 x22:0x4d486c79 x19=0x4d487279
     468875.000 ns	     46886	80009904	7da3cb93	xori	x23,x7,2010	  x7:0x7fc00000 x23=0x7fc007da
     468895.000 ns	     46888	80009908	c015f2d3	fcvt.wu.s	x5,f11	 f11:0x4c000410  x5=0x02001040
     468915.000 ns	     46890	8000990c	0103d713	srli	x14,x7,0x10	  x7:0x7fc00000 x14=0x00007fc0
     468925.000 ns	     46891	80009910	7c8ce717	auipc	x14,0x7c8ce	 x14=0xfc8d7910
     468935.000 ns	     46892	80009914	009eec33	or	x24,x29,x9	 x29:0x00000000  x9:0x00000000 x24=0x00000000
     468945.000 ns	     46893	80009918	00639f33	sll	x30,x7,x6	  x7:0x7fc00000  x6:0x80041024 x30=0xfc000000
     468955.000 ns	     46894	8000991c	00d51233	sll	x4,x10,x13	 x10:0x10000000 x13:0x00000000  x4=0x10000000
     468975.000 ns	     46896	80009920	a1388b53	fle.s	x22,f17,f19	 f17:0x7fc00000 f19:0x4d639298 x22=0x00000000
     469015.000 ns	     46900	80009924	10217153	fmul.s	f2,f2,f2	  f2:0x7fc00000  f2:0x7fc00000  f2=0x7fc00000
     469035.000 ns	     46902	80009928	14457b37	lui	x22,0x14457	 x22=0x14457000
     469045.000 ns	     46903	8000992c	0c568a13	addi	x20,x13,197	 x13:0x00000000 x20=0x000000c5
     469065.000 ns	     46905	80009930	02073eb3	mulhu	x29,x14,x0	 x14:0xfc8d7910  x0:0x00000000 x29=0x00000000
     469095.000 ns	     46908	80009934	0265a2b3	mulhsu	x5,x11,x6	 x11:0x00000040  x6:0x80041024  x5=0x00000020
     469115.000 ns	     46910	80009938	41a784b7	lui	x9,0x41a78	  x9=0x41a78000
     469125.000 ns	     46911	8000993c	41145033	sra	x0,x8,x17	  x8:0x00000000 x17:0x00000200
     469135.000 ns	     46912	80009940	002b1bb3	sll	x23,x22,x2	 x22:0x14457000  x2:0x000004f3 x23=0x80000000
     469155.000 ns	     46914	80009944	f00a84d3	fmv.w.x	f9,x21	 x21:0x00001ff0  f9=0x00001ff0
     469185.000 ns	     46917	80009948	e0028e53	fmv.x.w	x28,f5	  f5:0x4c000410 x28=0x4c000410
     469225.000 ns	     46921	8000994c	198d4353	fdiv.s	f6,f26,f24	 f26:0x00000000 f24:0xcedc1dc0  f6=0x80000000
     469245.000 ns	     46923	80009950	01516b33	or	x22,x2,x21	  x2:0x000004f3 x21:0x00001ff0 x22=0x00001ff3
     469255.000 ns	     46924	80009954	00e89493	slli	x9,x17,0xe	 x17:0x00000200  x9=0x00800000
     469265.000 ns	     46925	80009958	00cfe0b3	or	x1,x31,x12	 x31:0x00000000 x12:0xffc00000  x1=0xffc00000
     469285.000 ns	     46927	8000995c	03a10c33	mul	x24,x2,x26	  x2:0x000004f3 x26:0x00000110 x24=0x00054230
     469305.000 ns	     46929	80009960	92064093	xori	x1,x12,-1760	 x12:0xffc00000  x1=0x003ff920
     469325.000 ns	     46931	80009964	02dc0fb3	mul	x31,x24,x13	 x24:0x00054230 x13:0x00000000 x31=0x00000000
     469695.000 ns	     46968	80009968	03496db3	rem	x27,x18,x20	 x18:0x00000000 x20:0x000000c5 x27=0x00000000
     469715.000 ns	     46970	8000996c	008c6fb3	or	x31,x24,x8	 x24:0x00054230  x8:0x00000000 x31=0x00054230
     469735.000 ns	     46972	80009970	03dd60b3	rem	x1,x26,x29	 x26:0x00000110 x29:0x00000000  x1=0x00000110
     469765.000 ns	     46975	80009974	21938553	fsgnj.s	f10,f7,f25	  f7:0xcedc1dc0 f25:0x7fc00000 f10=0x4edc1dc0
     469795.000 ns	     46978	80009978	d01296d3	fcvt.s.wu	f13,x5	  x5:0x00000020 f13=0x42000000
     469825.000 ns	     46981	8000997c	c01bb953	fcvt.wu.s	x18,f23	 f23:0x4edc1dc0 x18=0x6e0ee000
     469855.000 ns	     46984	80009980	a0992ad3	feq.s	x21,f18,f9	 f18:0x7fc00000  f9:0x00001ff0 x21=0x00000000
     469875.000 ns	     46986	80009984	858c8113	addi	x2,x25,-1960	 x25:0x0e392982  x2=0x0e3921da
     469895.000 ns	     46988	80009988	03658db3	mul	x27,x11,x22	 x11:0x00000040 x22:0x00001ff3 x27=0x0007fcc0
     470265.000 ns	     47025	8000998c	023774b3	remu	x9,x14,x3	 x14:0xfc8d7910  x3:0x7ffbf01c  x9=0x7c9188f4
     470305.000 ns	     47029	80009990	114eb653	fmul.s	f12,f29,f20	 f29:0xcedc1dc0 f20:0x00000000 f12=0x80000000
     470325.000 ns	     47031	80009994	41cfda13	srai	x20,x31,0x1c	 x31:0x00054230 x20=0x00000000
     470335.000 ns	     47032	80009998	01e65bb3	srl	x23,x12,x30	 x12:0xffc00000 x30:0xfc000000 x23=0xffc00000
     470345.000 ns	     47033	8000999c	00721b13	slli	x22,x4,0x7	  x4:0x10000000 x22=0x00000000
     470705.000 ns	     47069	800099a0	03344933	div	x18,x8,x19	  x8:0x00000000 x19:0x4d487279 x18=0x00000000
     470735.000 ns	     47072	800099a4	d00475d3	fcvt.s.w	f11,x8	  x8:0x00000000 f11=0x00000000
     470755.000 ns	     47074	800099a8	41d2da33	sra	x20,x5,x29	  x5:0x00000020 x29:0x00000000 x20=0x00000020
     470775.000 ns	     47076	800099ac	c002b5d3	fcvt.w.s	x11,f5	  f5:0x4c000410 x11=0x02001040
     470805.000 ns	     47079	800099b0	02e51eb3	mulh	x29,x10,x14	 x10:0x10000000 x14:0xfc8d7910 x29=0xffc8d791
     470835.000 ns	     47082	800099b4	0321b533	mulhu	x10,x3,x18	  x3:0x7ffbf01c x18:0x00000000 x10=0x00000000
     470865.000 ns	     47085	800099b8	e0069853	fclass.s	x16,f13	 f13:0x42000000 x16=0x00000040
     470895.000 ns	     47088	800099bc	e00314d3	fclass.s	x9,f6	  f6:0x80000000  x9=0x00000008
     470925.000 ns	     47091	800099c0	e00d9fd3	fclass.s	x31,f27	 f27:0x00000000 x31=0x00000010
     470955.000 ns	     47094	800099c4	20d20bd3	fsgnj.s	f23,f4,f13	  f4:0x4f7ffe00 f13:0x42000000 f23=0x4f7ffe00
     470985.000 ns	     47097	800099c8	20cd1253	fsgnjn.s	f4,f26,f12	 f26:0x00000000 f12:0x80000000  f4=0x00000000
     471015.000 ns	     47100	800099cc	21018cd3	fsgnj.s	f25,f3,f16	  f3:0x4d486c79 f16:0x4edc1dc0 f25=0x4d486c79
     471045.000 ns	     47103	800099d0	c0187f53	fcvt.wu.s	x30,f16	 f16:0x4edc1dc0 x30=0x6e0ee000
     471075.000 ns	     47106	800099d4	028eab33	mulhsu	x22,x29,x8	 x29:0xffc8d791  x8:0x00000000 x22=0x00000000
     471445.000 ns	     47143	800099d8	02975e33	divu	x28,x14,x9	 x14:0xfc8d7910  x9:0x00000008 x28=0x1f91af22
     471815.000 ns	     47180	800099dc	03385233	divu	x4,x16,x19	 x16:0x00000040 x19:0x4d487279  x4=0x00000000
     471835.000 ns	     47182	800099e0	01ea6633	or	x12,x20,x30	 x20:0x00000020 x30:0x6e0ee000 x12=0x6e0ee020
     471845.000 ns	     47183	800099e4	00241533	sll	x10,x8,x2	  x8:0x00000000  x2:0x0e3921da x10=0x00000000
     471855.000 ns	     47184	800099e8	354c3a97	auipc	x21,0x354c3	 x21=0xb54cc9e8
     471895.000 ns	     47188	800099ec	09e70cd3	fsub.s	f25,f14,f30	 f14:0x4d800000 f30:0x7fc00000 f25=0x7fc00000
     472265.000 ns	     47225	800099f0	03e9f2b3	remu	x5,x19,x30	 x19:0x4d487279 x30:0x6e0ee000  x5=0x4d487279
     472285.000 ns	     47227	800099f4	0097ed33	or	x26,x15,x9	 x15:0x80040fe4  x9:0x00000008 x26=0x80040fec
     472305.000 ns	     47229	800099f8	200c22d3	fsgnjx.s	f5,f24,f0	 f24:0xcedc1dc0  f0:0x4f7fc386  f5=0xcedc1dc0
     472335.000 ns	     47232	800099fc	21290fd3	fsgnj.s	f31,f18,f18	 f18:0x7fc00000 f18:0x7fc00000 f31=0x7fc00000
     472705.000 ns	     47269	80009a00	022d64b3	rem	x9,x26,x2	 x26:0x80040fec  x2:0x0e3921da  x9=0xf1cd1ebc
     472735.000 ns	     47272	80009a04	c00e7ad3	fcvt.w.s	x21,f28	 f28:0x3f800000 x21=0x00000001
     472765.000 ns	     47275	80009a08	d01f7053	fcvt.s.wu	f0,x30	 x30:0x6e0ee000  f0=0x4edc1dc0
     472785.000 ns	     47277	80009a0c	14dac093	xori	x1,x21,333	 x21:0x00000001  x1=0x0000014c
     472805.000 ns	     47279	80009a10	a1b7a5d3	feq.s	x11,f15,f27	 f15:0xffc00000 f27:0x00000000 x11=0x00000000
     472835.000 ns	     47282	80009a14	d00a71d3	fcvt.s.w	f3,x20	 x20:0x00000020  f3=0x42000000
     472865.000 ns	     47285	80009a18	a06c9853	flt.s	x16,f25,f6	 f25:0x7fc00000  f6:0x80000000 x16=0x00000000
     472885.000 ns	     47287	80009a1c	e0721917	auipc	x18,0xe0721	 x18=0x6072aa1c
     472905.000 ns	     47289	80009a20	02aee633	rem	x12,x29,x10	 x29:0xffc8d791 x10:0x00000000 x12=0xffc8d791
     472925.000 ns	     47291	80009a24	01747533	and	x10,x8,x23	  x8:0x00000000 x23:0xffc00000 x10=0x00000000
     472935.000 ns	     47292	80009a28	01527433	and	x8,x4,x21	  x4:0x00000000 x21:0x00000001  x8=0x00000000
     472945.000 ns	     47293	80009a2c	be586b13	ori	x22,x16,-1051	 x16:0x00000000 x22=0xfffffbe5
     472965.000 ns	     47295	80009a30	02a15733	divu	x14,x2,x10	  x2:0x0e3921da x10:0x00000000 x14=0xffffffff
     472995.000 ns	     47298	80009a34	28219ed3	fmax.s	f29,f3,f2	  f3:0x42000000  f2:0x7fc00000 f29=0x42000000
     473035.000 ns	     47302	80009a38	11434853	fmul.s	f16,f6,f20	  f6:0x80000000 f20:0x00000000 f16=0x80000000
     473065.000 ns	     47305	80009a3c	d0097353	fcvt.s.w	f6,x18	 x18:0x6072aa1c  f6=0x4ec0e554
     473095.000 ns	     47308	80009a40	a128a2d3	feq.s	x5,f17,f18	 f17:0x7fc00000 f18:0x7fc00000  x5=0x00000000
     473135.000 ns	     47312	80009a44	1830c653	fdiv.s	f12,f1,f3	  f1:0x00000000  f3:0x42000000 f12=0x00000000
     473165.000 ns	     47315	80009a48	036d2d33	mulhsu	x26,x26,x22	 x26:0x80040fec x22:0xfffffbe5 x26=0x800411f9
     473195.000 ns	     47318	80009a4c	208228d3	fsgnjx.s	f17,f4,f8	  f4:0x00000000  f8:0x80000000 f17=0x80000000
     473215.000 ns	     47320	80009a50	b7350693	addi	x13,x10,-1165	 x10:0x00000000 x13=0xfffffb73
     473225.000 ns	     47321	80009a54	01c79913	slli	x18,x15,0x1c	 x15:0x80040fe4 x18=0x40000000
     473235.000 ns	     47322	80009a58	00e08613	addi	x12,x1,14	  x1:0x0000014c x12=0x0000015a
     473255.000 ns	     47324	80009a5c	02058b33	mul	x22,x11,x0	 x11:0x00000000  x0:0x00000000 x22=0x00000000
     473275.000 ns	     47326	80009a60	00000013	addi	x0,x0,0	  x0:0x00000000
     473285.000 ns	     47327	80009a64	005000b3	add	x1,x0,x5	  x0:0x00000000  x5:0x00000000  x1=0x00000000
     473315.000 ns	     47330	80009a68	1164ca53	fmul.s	f20,f9,f22	  f9:0x00001ff0 f22:0x3e000410 f20=0x000003ff
     473335.000 ns	     47332	80009a6c	01255bb3	srl	x23,x10,x18	 x10:0x00000000 x18:0x40000000 x23=0x00000000
     473345.000 ns	     47333	80009a70	00c50eb3	add	x29,x10,x12	 x10:0x00000000 x12:0x0000015a x29=0x0000015a
     473365.000 ns	     47335	80009a74	03d891b3	mulh	x3,x17,x29	 x17:0x00000200 x29:0xffc8d791  x3=0x00000000
     473385.000 ns	     47337	80009a78	01926e33	or	x28,x4,x25	  x4:0x00000000 x25:0x0e392982 x28=0x0e392982
     473395.000 ns	     47338	80009a7c	00f669b3	or	x19,x12,x15	 x12:0x0000015a x15:0x80040fe4 x19=0x80040ffe
     473405.000 ns	     47339	80009a80	39744037	lui	x0,0x39744	
     473415.000 ns	     47340	80009a84	415358b3	sra	x17,x6,x21	  x6:0x80041024 x21:0x00000001 x17=0xc0020812
     473425.000 ns	     47341	80009a88	fdde9017	auipc	x0,0xfdde9	
     473445.000 ns	     47343	80009a8c	f00c0a53	fmv.w.x	f20,x24	 x24:0x00054230 f20=0x00054230
     473485.000 ns	     47347	80009a90	18ff3853	fdiv.s	f16,f30,f15	 f30:0x7fc00000 f15:0xffc00000 f16=0x7fc00000
     473505.000 ns	     47349	80009a94	ca5be513	ori	x10,x23,-859	 x23:0x00000000 x10=0xfffffca5
     473525.000 ns	     47351	80009a98	20a11cd3	fsgnjn.s	f25,f2,f10	  f2:0x7fc00000 f10:0x4edc1dc0 f25=0xffc00000
     473565.000 ns	     47355	80009a9c	58027753	fsqrt.s	f14,f4	  f4:0x00000000 f14=0x00000000
     473585.000 ns	     47357	80009aa0	40cfd833	sra	x16,x31,x12	 x31:0x00000010 x12:0x0000015a x16=0x00000000
     473595.000 ns	     47358	80009aa4	f8d36213	ori	x4,x6,-115	  x6:0x80041024  x4=0xffffffad
     473615.000 ns	     47360	80009aa8	d019fc53	fcvt.s.wu	f24,x19	 x19:0x80040ffe f24=0x4f00040f
     473635.000 ns	     47362	80009aac	01a71db3	sll	x27,x14,x26	 x14:0xffffffff x26:0x800411f9 x27=0xfe000000
     473645.000 ns	     47363	80009ab0	01ab4433	xor	x8,x22,x26	 x22:0x00000000 x26:0x800411f9  x8=0x800411f9
     474005.000 ns	     47399	80009ab4	03f44b33	div	x22,x8,x31	  x8:0x00000000 x31:0x00000010 x22=0xf8004120
     474055.000 ns	     47404	80009ab8	08b418d3	fsub.s	f17,f8,f11	  f8:0x80000000 f11:0x00000000 f17=0x80000000
     474075.000 ns	     47406	80009abc	aaf8c413	xori	x8,x17,-1361	 x17:0xc0020812  x8=0x3ffdf2bd
     474085.000 ns	     47407	80009ac0	2f42b493	sltiu	x9,x5,756	  x5:0x00000000  x9=0x00000001
     474115.000 ns	     47410	80009ac4	188af2d3	fdiv.s	f5,f21,f8	 f21:0x80000000  f8:0x80000000  f5=0x7fc00000
     474155.000 ns	     47414	80009ac8	115b03d3	fmul.s	f7,f22,f21	 f22:0x3e000410 f21:0x80000000  f7=0x80000000
     474175.000 ns	     47416	80009acc	177dfe93	andi	x29,x27,375	 x27:0xfe000000 x29=0x00000000
     474195.000 ns	     47418	80009ad0	d01e7253	fcvt.s.wu	f4,x28	 x28:0x0e392982  f4=0x4d639298
     474215.000 ns	     47420	80009ad4	0139d433	srl	x8,x19,x19	 x19:0x80040ffe x19:0x80040ffe  x8=0x00000002
     474225.000 ns	     47421	80009ad8	247be913	ori	x18,x23,583	 x23:0x00000000 x18=0x00000247
     474265.000 ns	     47425	80009adc	09bcab53	fsub.s	f22,f25,f27	 f25:0xffc00000 f27:0x00000000 f22=0x7fc00000
     474295.000 ns	     47428	80009ae0	e0020e53	fmv.x.w	x28,f4	  f4:0x4d639298 x28=0x4d639298
     474315.000 ns	     47430	80009ae4	01be0533	add	x10,x28,x27	 x28:0x0e392982 x27:0xfe000000 x10=0x4b639298
     474335.000 ns	     47432	80009ae8	e0051ed3	fclass.s	x29,f10	 f10:0x4edc1dc0 x29=0x00000040
     474355.000 ns	     47434	80009aec	000902b3	add	x5,x18,x0	 x18:0x00000247  x0:0x00000000  x5=0x00000247
     474375.000 ns	     47436	80009af0	03982933	mulhsu	x18,x16,x25	 x16:0x00000000 x25:0x0e392982 x18=0x00000000
     474395.000 ns	     47438	80009af4	0004b833	sltu	x16,x9,x0	  x9:0x00000001  x0:0x00000000 x16=0x00000000
     474415.000 ns	     47440	80009af8	d01e0253	fcvt.s.wu	f4,x28	 x28:0x4d639298  f4=0x4e9ac725
     474445.000 ns	     47443	80009afc	f00582d3	fmv.w.x	f5,x11	 x11:0x00000000  f5=0x00000000
     474475.000 ns	     47446	80009b00	c00814d3	fcvt.w.s	x9,f16	 f16:0x7fc00000  x9=0x7fffffff
     474495.000 ns	     47448	80009b04	0096f633	and	x12,x13,x9	 x13:0xfffffb73  x9:0x00000001 x12=0x7ffffb73
     474515.000 ns	     47450	80009b08	e00e1a53	fclass.s	x20,f28	 f28:0x3f800000 x20=0x00000040
     474535.000 ns	     47452	80009b0c	01559593	slli	x11,x11,0x15	 x11:0x00000000 x11=0x00000000
     474545.000 ns	     47453	80009b10	d8eb8f13	addi	x30,x23,-626	 x23:0x00000000 x30=0xfffffd8e
     474565.000 ns	     47455	80009b14	0295b133	mulhu	x2,x11,x9	 x11:0x00000000  x9:0x7fffffff  x2=0x00000000
     474935.000 ns	     47492	80009b18	0247eab3	rem	x21,x15,x4	 x15:0x80040fe4  x4:0xffffffad x21=0xffffffcf
     474965.000 ns	     47495	80009b1c	29a89353	fmax.s	f6,f17,f26	 f17:0x80000000 f26:0x00000000  f6=0x00000000
     474985.000 ns	     47497	80009b20	001ba633	slt	x12,x23,x1	 x23:0x00000000  x1:0x00000000 x12=0x00000000
     474995.000 ns	     47498	80009b24	00000013	addi	x0,x0,0	  x0:0x00000000
     475005.000 ns	     47499	80009b28	00df0db3	add	x27,x30,x13	 x30:0xfffffd8e x13:0xfffffb73 x27=0xfffff901
     475025.000 ns	     47501	80009b2c	298c8653	fmin.s	f12,f25,f24	 f25:0xffc00000 f24:0x4f00040f f12=0x4f00040f
     475055.000 ns	     47504	80009b30	f00f05d3	fmv.w.x	f11,x30	 x30:0xfffffd8e f11=0xfffffd8e
     475075.000 ns	     47506	80009b34	00000013	addi	x0,x0,0	  x0:0x00000000
     475095.000 ns	     47508	80009b38	a1ff1853	flt.s	x16,f30,f31	 f30:0x7fc00000 f31:0x7fc00000 x16=0x00000000
     475115.000 ns	     47510	80009b3c	4d1ea013	slti	x0,x29,1233	 x29:0x00000040
     475475.000 ns	     47546	80009b40	02fee933	rem	x18,x29,x15	 x29:0x00000040 x15:0x80040fe4 x18=0x00000040
     475495.000 ns	     47548	80009b44	4181d693	srai	x13,x3,0x18	  x3:0x00000000 x13=0x00000000
     475855.000 ns	     47584	80009b48	03d7e1b3	rem	x3,x15,x29	 x15:0x80040fe4 x29:0x00000040  x3=0xffffffe4
     475885.000 ns	     47587	80009b4c	a0a212d3	flt.s	x5,f4,f10	  f4:0x4e9ac725 f10:0x4edc1dc0  x5=0x00000001
     475905.000 ns	     47589	80009b50	00235093	srli	x1,x6,0x2	  x6:0x80041024  x1=0x20010409
     475935.000 ns	     47592	80009b54	117cacd3	fmul.s	f25,f25,f23	 f25:0xffc00000 f23:0x4f7ffe00 f25=0x7fc00000
     476305.000 ns	     47629	80009b58	036142b3	div	x5,x2,x22	  x2:0x00000000 x22:0xf8004120  x5=0x00000000
     476325.000 ns	     47631	80009b5c	00794233	xor	x4,x18,x7	 x18:0x00000040  x7:0x7fc00000  x4=0x7fc00040
     476355.000 ns	     47634	80009b60	58029253	fsqrt.s	f4,f5	  f5:0x00000000  f4=0x00000000
     476725.000 ns	     47671	80009b64	02e0cfb3	div	x31,x1,x14	  x1:0x20010409 x14:0xffffffff x31=0xdffefbf7
     476745.000 ns	     47673	80009b68	b828b593	sltiu	x11,x17,-1150	 x17:0xc0020812 x11=0x00000001
     476755.000 ns	     47674	80009b6c	8087f913	andi	x18,x15,-2040	 x15:0x80040fe4 x18=0x80040800
     476775.000 ns	     47676	80009b70	d000a8d3	fcvt.s.w	f17,x1	  x1:0x20010409 f17=0x4e000411
     476825.000 ns	     47681	80009b74	015901d3	fadd.s	f3,f18,f21	 f18:0x7fc00000 f21:0x80000000  f3=0x7fc00000
     476845.000 ns	     47683	80009b78	012eb133	sltu	x2,x29,x18	 x29:0x00000040 x18:0x80040800  x2=0x00000001
     476865.000 ns	     47685	80009b7c	02bf8e33	mul	x28,x31,x11	 x31:0xdffefbf7 x11:0x00000001 x28=0xdffefbf7
     476905.000 ns	     47689	80009b80	105bf9d3	fmul.s	f19,f23,f5	 f23:0x4f7ffe00  f5:0x00000000 f19=0x00000000
     476925.000 ns	     47691	80009b84	e779e113	ori	x2,x19,-393	 x19:0x80040ffe  x2=0xffffffff
     476945.000 ns	     47693	80009b88	d00cf2d3	fcvt.s.w	f5,x25	 x25:0x0e392982  f5=0x4d639298
     476965.000 ns	     47695	80009b8c	00b59233	sll	x4,x11,x11	 x11:0x00000001 x11:0x00000001  x4=0x00000002
     476975.000 ns	     47696	80009b90	942d8f13	addi	x30,x27,-1726	 x27:0xfffff901 x30=0xfffff243
     476995.000 ns	     47698	80009b94	c0040ad3	fcvt.w.s	x21,f8	  f8:0x80000000 x21=0x00000000
     477365.000 ns	     47735	80009b98	036a5733	divu	x14,x20,x22	 x20:0x00000040 x22:0xf8004120 x14=0x00000000
     477385.000 ns	     47737	80009b9c	40f08833	sub	x16,x1,x15	  x1:0x20010409 x15:0x80040fe4 x16=0x9ffcf425
     477405.000 ns	     47739	80009ba0	0370a733	mulhsu	x14,x1,x23	  x1:0x20010409 x23:0x00000000 x14=0x00000000
     477425.000 ns	     47741	80009ba4	11e5ea13	ori	x20,x11,286	 x11:0x00000001 x20=0x0000011f
     477445.000 ns	     47743	80009ba8	a089a4d3	feq.s	x9,f19,f8	 f19:0x00000000  f8:0x80000000  x9=0x00000001
     477465.000 ns	     47745	80009bac	01ac2433	slt	x8,x24,x26	 x24:0x00054230 x26:0x800411f9  x8=0x00000000
     477475.000 ns	     47746	80009bb0	af5df113	andi	x2,x27,-1291	 x27:0xfffff901  x2=0xfffff801
     477485.000 ns	     47747	80009bb4	00c09833	sll	x16,x1,x12	  x1:0x20010409 x12:0x00000000 x16=0x20010409
     477495.000 ns	     47748	80009bb8	05dcf493	andi	x9,x25,93	 x25:0x0e392982  x9=0x00000000
     477855.000 ns	     47784	80009bbc	03fb7933	remu	x18,x22,x31	 x22:0xf8004120 x31:0xdffefbf7 x18=0x18014529
     477885.000 ns	     47787	80009bc0	206c1ed3	fsgnjn.s	f29,f24,f6	 f24:0x4f00040f  f6:0x00000000 f29=0xcf00040f
     477905.000 ns	     47789	80009bc4	f558b113	sltiu	x2,x17,-171	 x17:0xc0020812  x2=0x00000001
     477925.000 ns	     47791	80009bc8	20de0a53	fsgnj.s	f20,f28,f13	 f28:0x3f800000 f13:0x42000000 f20=0x3f800000
     477945.000 ns	     47793	80009bcc	407c84b3	sub	x9,x25,x7	 x25:0x0e392982  x7:0x7fc00000  x9=0x8e792982
     477975.000 ns	     47796	80009bd0	580e9953	fsqrt.s	f18,f29	 f29:0xcf00040f f18=0x7fc00000
     478345.000 ns	     47833	80009bd4	03ecc1b3	div	x3,x25,x30	 x25:0x0e392982 x30:0xfffff243  x3=0xfffef6f7
     478715.000 ns	     47870	80009bd8	031e53b3	divu	x7,x28,x17	 x28:0xdffefbf7 x17:0xc0020812  x7=0x00000001
     478735.000 ns	     47872	80009bdc	3dd3bd13	sltiu	x26,x7,989	  x7:0x7fc00000 x26=0x00000001
     478755.000 ns	     47874	80009be0	d0147453	fcvt.s.wu	f8,x8	  x8:0x00000000  f8=0x00000000
     478785.000 ns	     47877	80009be4	032410b3	mulh	x1,x8,x18	  x8:0x00000000 x18:0x18014529  x1=0x00000000
     478815.000 ns	     47880	80009be8	03ed3233	mulhu	x4,x26,x30	 x26:0x00000001 x30:0xfffff243  x4=0x00000000
     478865.000 ns	     47885	80009bec	01204bd3	fadd.s	f23,f0,f18	  f0:0x4edc1dc0 f18:0x7fc00000 f23=0x7fc00000
     478895.000 ns	     47888	80009bf0	c005ad53	fcvt.w.s	x26,f11	 f11:0xfffffd8e x26=0x7fffffff
     478915.000 ns	     47890	80009bf4	004a4933	xor	x18,x20,x4	 x20:0x0000011f  x4:0x00000000 x18=0x0000011f
     479275.000 ns	     47926	80009bf8	030cd5b3	divu	x11,x25,x16	 x25:0x0e392982 x16:0x20010409 x11=0x00000000
     479295.000 ns	     47928	80009bfc	0120bfb3	sltu	x31,x1,x18	  x1:0x00000000 x18:0x18014529 x31=0x00000001
     479305.000 ns	     47929	80009c00	016323b3	slt	x7,x6,x22	  x6:0x80041024 x22:0xf8004120  x7=0x00000001
     479315.000 ns	     47930	80009c04	00000013	addi	x0,x0,0	  x0:0x00000000
     479675.000 ns	     47966	80009c08	038b54b3	divu	x9,x22,x24	 x22:0xf8004120 x24:0x00054230  x9=0x00002f29
     479715.000 ns	     47970	80009c0c	58099153	fsqrt.s	f2,f19	 f19:0x00000000  f2=0x00000000
     479735.000 ns	     47972	80009c10	f03e8113	addi	x2,x29,-253	 x29:0x00000040  x2=0xffffff43
     479755.000 ns	     47974	80009c14	02ac3c33	mulhu	x24,x24,x10	 x24:0x00054230 x10:0x4b639298 x24=0x00018c6f
     479785.000 ns	     47977	80009c18	02ec66b3	rem	x13,x24,x14	 x24:0x00054230 x14:0x00000000 x13=0x00018c6f
     479805.000 ns	     47979	80009c1c	0004d813	srli	x16,x9,0x0	  x9:0x00002f29 x16=0x00002f29
     479815.000 ns	     47980	80009c20	f6bfbfb7	lui	x31,0xf6bfb	 x31=0xf6bfb000
     479825.000 ns	     47981	80009c24	0199f8b3	and	x17,x19,x25	 x19:0x80040ffe x25:0x0e392982 x17=0x00000982
     479835.000 ns	     47982	80009c28	013aa133	slt	x2,x21,x19	 x21:0x00000000 x19:0x80040ffe  x2=0x00000000
     479855.000 ns	     47984	80009c2c	a0dc13d3	flt.s	x7,f24,f13	 f24:0x4f00040f f13:0x42000000  x7=0x00000000
     479885.000 ns	     47987	80009c30	c011c753	fcvt.wu.s	x14,f3	  f3:0x7fc00000 x14=0xffffffff
     479915.000 ns	     47990	80009c34	29a702d3	fmin.s	f5,f14,f26	 f14:0x00000000 f26:0x00000000  f5=0x00000000
     479945.000 ns	     47993	80009c38	20680bd3	fsgnj.s	f23,f16,f6	 f16:0x7fc00000  f6:0x00000000 f23=0x7fc00000
     479965.000 ns	     47995	80009c3c	01396f33	or	x30,x18,x19	 x18:0x0000011f x19:0x80040ffe x30=0x80040fff
     479995.000 ns	     47998	80009c40	10d2f053	fmul.s	f0,f5,f13	  f5:0x00000000 f13:0x42000000  f0=0x00000000
     480025.000 ns	     48001	80009c44	21939cd3	fsgnjn.s	f25,f7,f25	  f7:0x80000000 f25:0x7fc00000 f25=0x80000000
     480045.000 ns	     48003	80009c48	01901fb3	sll	x31,x0,x25	  x0:0x00000000 x25:0x0e392982 x31=0x00000000
     480065.000 ns	     48005	80009c4c	026e16b3	mulh	x13,x28,x6	 x28:0xdffefbf7  x6:0x80041024 x13=0x0ffffffb
     480435.000 ns	     48042	80009c50	033afeb3	remu	x29,x21,x19	 x21:0x00000000 x19:0x80040ffe x29=0x00000000
     480465.000 ns	     48045	80009c54	e00d1d53	fclass.s	x26,f26	 f26:0x00000000 x26=0x00000010
     480485.000 ns	     48047	80009c58	f7142d13	slti	x26,x8,-143	  x8:0x00000000 x26=0x00000000
     480495.000 ns	     48048	80009c5c	16a22113	slti	x2,x4,362	  x4:0x00000000  x2=0x00000001
     480505.000 ns	     48049	80009c60	072ee2b7	lui	x5,0x72ee	  x5=0x072ee000
     480515.000 ns	     48050	80009c64	416c5033	sra	x0,x24,x22	 x24:0x00018c6f x22:0xf8004120
     480535.000 ns	     48052	80009c68	28b28053	fmin.s	f0,f5,f11	  f5:0x00000000 f11:0xfffffd8e  f0=0x00000000
     480555.000 ns	     48054	80009c6c	00071713	slli	x14,x14,0x0	 x14:0xffffffff x14=0xffffffff
     480565.000 ns	     48055	80009c70	00000013	addi	x0,x0,0	  x0:0x00000000
     480575.000 ns	     48056	80009c74	a297c213	xori	x4,x15,-1495	 x15:0x80040fe4  x4=0x7ffbf5cd
     480935.000 ns	     48092	80009c78	02f252b3	divu	x5,x4,x15	  x4:0x00000000 x15:0x80040fe4  x5=0x00000000
     480955.000 ns	     48094	80009c7c	017099b3	sll	x19,x1,x23	  x1:0x00000000 x23:0x00000000 x19=0x00000000
     480975.000 ns	     48096	80009c80	207ca053	fsgnjx.s	f0,f25,f7	 f25:0x80000000  f7:0x80000000  f0=0x00000000
     480995.000 ns	     48098	80009c84	01385193	srli	x3,x16,0x13	 x16:0x00002f29  x3=0x00000000
     481015.000 ns	     48100	80009c88	f00a00d3	fmv.w.x	f1,x20	 x20:0x0000011f  f1=0x0000011f
     481045.000 ns	     48103	80009c8c	d01ffbd3	fcvt.s.wu	f23,x31	 x31:0x00000000 f23=0x00000000
     481065.000 ns	     48105	80009c90	01b79593	slli	x11,x15,0x1b	 x15:0x80040fe4 x11=0x20000000
     481075.000 ns	     48106	80009c94	002a9533	sll	x10,x21,x2	 x21:0x00000000  x2:0x00000001 x10=0x00000000
     481095.000 ns	     48108	80009c98	a1188fd3	fle.s	x31,f17,f17	 f17:0x4e000411 f17:0x4e000411 x31=0x00000001
     481115.000 ns	     48110	80009c9c	017eaeb3	slt	x29,x29,x23	 x29:0x00000000 x23:0x00000000 x29=0x00000000
     481125.000 ns	     48111	80009ca0	29e62213	slti	x4,x12,670	 x12:0x00000000  x4=0x00000001
     481145.000 ns	     48113	80009ca4	a11e2c53	feq.s	x24,f28,f17	 f28:0x3f800000 f17:0x4e000411 x24=0x00000000
     481165.000 ns	     48115	80009ca8	40225eb3	sra	x29,x4,x2	  x4:0x7ffbf5cd  x2:0x00000001 x29=0x00000000
     481175.000 ns	     48116	80009cac	880f8b13	addi	x22,x31,-1920	 x31:0x00000001 x22=0xfffff881
     481185.000 ns	     48117	80009cb0	40e28b33	sub	x22,x5,x14	  x5:0x00000000 x14:0xffffffff x22=0x00000001
     481195.000 ns	     48118	80009cb4	9d77b697	auipc	x13,0x9d77b	 x13=0x1d784cb4
     481205.000 ns	     48119	80009cb8	01134033	xor	x0,x6,x17	  x6:0x80041024 x17:0x00000982
     481225.000 ns	     48121	80009cbc	c019f0d3	fcvt.wu.s	x1,f19	 f19:0x00000000  x1=0x00000000
     481245.000 ns	     48123	80009cc0	00c00db3	add	x27,x0,x12	  x0:0x00000000 x12:0x00000000 x27=0x00000000
     481255.000 ns	     48124	80009cc4	9065fe13	andi	x28,x11,-1786	 x11:0x20000000 x28=0x20000000
     481275.000 ns	     48126	80009cc8	21d51ed3	fsgnjn.s	f29,f10,f29	 f10:0x4edc1dc0 f29:0xcf00040f f29=0x4edc1dc0
     481305.000 ns	     48129	80009ccc	a010a853	feq.s	x16,f1,f1	  f1:0x0000011f  f1:0x0000011f x16=0x00000001
     481675.000 ns	     48166	80009cd0	024de733	rem	x14,x27,x4	 x27:0x00000000  x4:0x00000001 x14=0x00000000
     481705.000 ns	     48169	80009cd4	0236ae33	mulhsu	x28,x13,x3	 x13:0x1d784cb4  x3:0x00000000 x28=0x00000000
     481725.000 ns	     48171	80009cd8	937c2d13	slti	x26,x24,-1737	 x24:0x00000000 x26=0x00000000
     481745.000 ns	     48173	80009cdc	02d58033	mul	x0,x11,x13	 x11:0x20000000 x13:0x1d784cb4
     481765.000 ns	     48175	80009ce0	aabf95b7	lui	x11,0xaabf9	 x11=0xaabf9000
     481785.000 ns	     48177	80009ce4	21a188d3	fsgnj.s	f17,f3,f26	  f3:0x7fc00000 f26:0x00000000 f17=0x7fc00000
     481805.000 ns	     48179	80009ce8	018236b3	sltu	x13,x4,x24	  x4:0x00000001 x24:0x00000000 x13=0x00000000
     481815.000 ns	     48180	80009cec	6d75e893	ori	x17,x11,1751	 x11:0xaabf9000 x17=0xaabf96d7
     481825.000 ns	     48181	80009cf0	015c7fb3	and	x31,x24,x21	 x24:0x00000000 x21:0x00000000 x31=0x00000000
     481845.000 ns	     48183	80009cf4	02811133	mulh	x2,x2,x8	  x2:0x00000001  x8:0x00000000  x2=0x00000000
     481875.000 ns	     48186	80009cf8	a1e8a453	feq.s	x8,f17,f30	 f17:0x7fc00000 f30:0x7fc00000  x8=0x00000000
     481905.000 ns	     48189	80009cfc	e0031c53	fclass.s	x24,f6	  f6:0x00000000 x24=0x00000010
     481935.000 ns	     48192	80009d00	c019f053	fcvt.wu.s	x0,f19	 f19:0x00000000
     481955.000 ns	     48194	80009d04	01a91833	sll	x16,x18,x26	 x18:0x0000011f x26:0x00000000 x16=0x0000011f
     481975.000 ns	     48196	80009d08	c017fc53	fcvt.wu.s	x24,f15	 f15:0xffc00000 x24=0xffffffff
     481995.000 ns	     48198	80009d0c	01bb9d33	sll	x26,x23,x27	 x23:0x00000000 x27:0x00000000 x26=0x00000000
     482005.000 ns	     48199	80009d10	40255993	srai	x19,x10,0x2	 x10:0x00000000 x19=0x00000000
     482025.000 ns	     48201	80009d14	03e28833	mul	x16,x5,x30	  x5:0x00000000 x30:0x80040fff x16=0x00000000
     482055.000 ns	     48204	80009d18	02aa6e33	rem	x28,x20,x10	 x20:0x0000011f x10:0x00000000 x28=0x0000011f
     482075.000 ns	     48206	80009d1c	006c00b3	add	x1,x24,x6	 x24:0xffffffff  x6:0x80041024  x1=0x80041023
     482085.000 ns	     48207	80009d20	01ddf1b3	and	x3,x27,x29	 x27:0x00000000 x29:0x00000000  x3=0x00000000
     482105.000 ns	     48209	80009d24	d01e8bd3	fcvt.s.wu	f23,x29	 x29:0x00000000 f23=0x00000000
     482125.000 ns	     48211	80009d28	db8d7413	andi	x8,x26,-584	 x26:0x00000000  x8=0x00000000
     482145.000 ns	     48213	80009d2c	c0091253	fcvt.w.s	x4,f18	 f18:0x7fc00000  x4=0x7fffffff
     482185.000 ns	     48217	80009d30	19fcf453	fdiv.s	f8,f25,f31	 f25:0x80000000 f31:0x7fc00000  f8=0x7fc00000
     482205.000 ns	     48219	80009d34	24be2513	slti	x10,x28,587	 x28:0x0000011f x10=0x00000001
     482215.000 ns	     48220	80009d38	00000013	addi	x0,x0,0	  x0:0x00000000
     482235.000 ns	     48222	80009d3c	28d41653	fmax.s	f12,f8,f13	  f8:0x7fc00000 f13:0x42000000 f12=0x42000000
     482255.000 ns	     48224	80009d40	75037493	andi	x9,x6,1872	  x6:0x80041024  x9=0x00000000
     482265.000 ns	     48225	80009d44	01ed1893	slli	x17,x26,0x1e	 x26:0x00000000 x17=0x00000000
     482295.000 ns	     48228	80009d48	1024fbd3	fmul.s	f23,f9,f2	  f9:0x00001ff0  f2:0x00000000 f23=0x00000000
     482325.000 ns	     48231	80009d4c	f0048653	fmv.w.x	f12,x9	  x9:0x00000000 f12=0x00000000
     482355.000 ns	     48234	80009d50	21bc02d3	fsgnj.s	f5,f24,f27	 f24:0x4f00040f f27:0x00000000  f5=0x4f00040f
     482385.000 ns	     48237	80009d54	e00c9653	fclass.s	x12,f25	 f25:0x80000000 x12=0x00000008
     482425.000 ns	     48241	80009d58	18a3f153	fdiv.s	f2,f7,f10	  f7:0x80000000 f10:0x4edc1dc0  f2=0x80000000
     482445.000 ns	     48243	80009d5c	e1953213	sltiu	x4,x10,-487	 x10:0x00000001  x4=0x00000001
     482455.000 ns	     48244	80009d60	005b4db3	xor	x27,x22,x5	 x22:0x00000001  x5:0x00000000 x27=0x00000001
     482465.000 ns	     48245	80009d64	00fd1db3	sll	x27,x26,x15	 x26:0x00000000 x15:0x80040fe4 x27=0x00000000
     482485.000 ns	     48247	80009d68	20591353	fsgnjn.s	f6,f18,f5	 f18:0x7fc00000  f5:0x4f00040f  f6=0xffc00000
     482505.000 ns	     48249	80009d6c	70744113	xori	x2,x8,1799	  x8:0x00000000  x2=0x00000707
     482515.000 ns	     48250	80009d70	004845b3	xor	x11,x16,x4	 x16:0x00000000  x4:0x00000001 x11=0x00000001
     482545.000 ns	     48253	80009d74	58059853	fsqrt.s	f16,f11	 f11:0xfffffd8e f16=0x7fc00000
     482575.000 ns	     48256	80009d78	a0f501d3	fle.s	x3,f10,f15	 f10:0x4edc1dc0 f15:0xffc00000  x3=0x00000000
     482605.000 ns	     48259	80009d7c	d0137a53	fcvt.s.wu	f20,x6	  x6:0x80041024 f20=0x4f000410
     482635.000 ns	     48262	80009d80	a14c1dd3	flt.s	x27,f24,f20	 f24:0x4f00040f f20:0x3f800000 x27=0x00000001
     482655.000 ns	     48264	80009d84	576915b7	lui	x11,0x57691	 x11=0x57691000
     482695.000 ns	     48268	80009d88	089b3353	fsub.s	f6,f22,f9	 f22:0x7fc00000  f9:0x00001ff0  f6=0x7fc00000
     482725.000 ns	     48271	80009d8c	286199d3	fmax.s	f19,f3,f6	  f3:0x7fc00000  f6:0xffc00000 f19=0x7fc00000
     482755.000 ns	     48274	80009d90	c00549d3	fcvt.w.s	x19,f10	 f10:0x4edc1dc0 x19=0x6e0ee000
     482785.000 ns	     48277	80009d94	20e4a853	fsgnjx.s	f16,f9,f14	  f9:0x00001ff0 f14:0x00000000 f16=0x00001ff0
     482805.000 ns	     48279	80009d98	33773813	sltiu	x16,x14,823	 x14:0x00000000 x16=0x00000001
     482825.000 ns	     48281	80009d9c	215592d3	fsgnjn.s	f5,f11,f21	 f11:0xfffffd8e f21:0x80000000  f5=0x7ffffd8e
     482855.000 ns	     48284	80009da0	29b69e53	fmax.s	f28,f13,f27	 f13:0x42000000 f27:0x00000000 f28=0x42000000
     482875.000 ns	     48286	80009da4	9b4b7a13	andi	x20,x22,-1612	 x22:0x00000001 x20=0x00000000
     482885.000 ns	     48287	80009da8	00d85613	srli	x12,x16,0xd	 x16:0x00000001 x12=0x00000000
     482905.000 ns	     48289	80009dac	a13303d3	fle.s	x7,f6,f19	  f6:0x7fc00000 f19:0x7fc00000  x7=0x00000000
     482925.000 ns	     48291	80009db0	4064de93	srai	x29,x9,0x6	  x9:0x00000000 x29=0x00000000
     483285.000 ns	     48327	80009db4	02b8ec33	rem	x24,x17,x11	 x17:0x00000000 x11:0x57691000 x24=0x00000000
     483305.000 ns	     48329	80009db8	01c979b3	and	x19,x18,x28	 x18:0x0000011f x28:0x0000011f x19=0x0000011f
     483325.000 ns	     48331	80009dbc	c01a70d3	fcvt.wu.s	x1,f20	 f20:0x4f000410  x1=0x80041000
     483355.000 ns	     48334	80009dc0	c01a0b53	fcvt.wu.s	x22,f20	 f20:0x4f000410 x22=0x80041000
     483385.000 ns	     48337	80009dc4	202f0b53	fsgnj.s	f22,f30,f2	 f30:0x7fc00000  f2:0x80000000 f22=0xffc00000
     483415.000 ns	     48340	80009dc8	d01e96d3	fcvt.s.wu	f13,x29	 x29:0x00000000 f13=0x00000000
     483435.000 ns	     48342	80009dcc	aea30493	addi	x9,x6,-1302	  x6:0x80041024  x9=0x80040b0e
     483455.000 ns	     48344	80009dd0	03f19633	mulh	x12,x3,x31	  x3:0x00000000 x31:0x00000000 x12=0x00000000
     483475.000 ns	     48346	80009dd4	011d1c13	slli	x24,x26,0x11	 x26:0x00000000 x24=0x00000000
     483495.000 ns	     48348	80009dd8	03d49733	mulh	x14,x9,x29	  x9:0x80040b0e x29:0x00000000 x14=0x00000000
     483525.000 ns	     48351	80009ddc	e0088753	fmv.x.w	x14,f17	 f17:0x7fc00000 x14=0x7fc00000
     483555.000 ns	     48354	80009de0	a0ef14d3	flt.s	x9,f30,f14	 f30:0x7fc00000 f14:0x00000000  x9=0x00000000
     483585.000 ns	     48357	80009de4	03438133	mul	x2,x7,x20	  x7:0x00000000 x20:0x00000000  x2=0x00000000
     483615.000 ns	     48360	80009de8	d008a7d3	fcvt.s.w	f15,x17	 x17:0x00000000 f15=0x00000000
     483655.000 ns	     48364	80009dec	105efb53	fmul.s	f22,f29,f5	 f29:0x4edc1dc0  f5:0x7ffffd8e f22=0x7fc00000
     483675.000 ns	     48366	80009df0	4162d213	srai	x4,x5,0x16	  x5:0x00000000  x4=0x00000000
     483685.000 ns	     48367	80009df4	00a38fb3	add	x31,x7,x10	  x7:0x00000000 x10:0x00000001 x31=0x00000001
     483695.000 ns	     48368	80009df8	0009ce33	xor	x28,x19,x0	 x19:0x0000011f  x0:0x00000000 x28=0x0000011f
     483715.000 ns	     48370	80009dfc	d0048ad3	fcvt.s.w	f21,x9	  x9:0x00000000 f21=0x00000000
     484085.000 ns	     48407	80009e00	03e3edb3	rem	x27,x7,x30	  x7:0x00000000 x30:0x80040fff x27=0x00000000
     484105.000 ns	     48409	80009e04	39dd7693	andi	x13,x26,925	 x26:0x00000000 x13=0x00000000
     484115.000 ns	     48410	80009e08	0030d1b3	srl	x3,x1,x3	  x1:0x80041000  x3:0x00000000  x3=0x80041000
     484155.000 ns	     48414	80009e0c	01dda0d3	fadd.s	f1,f27,f29	 f27:0x00000000 f29:0x4edc1dc0  f1=0x4edc1dc0
     484185.000 ns	     48417	80009e10	e0051153	fclass.s	x2,f10	 f10:0x4edc1dc0  x2=0x00000040
     484205.000 ns	     48419	80009e14	849f6393	ori	x7,x30,-1975	 x30:0x80040fff  x7=0xffffffff
     484215.000 ns	     48420	80009e18	01fbdd93	srli	x27,x23,0x1f	 x23:0x00000000 x27=0x00000000
     484245.000 ns	     48423	80009e1c	18c38dd3	fdiv.s	f27,f7,f12	  f7:0x80000000 f12:0x00000000 f27=0x7fc00000
     484275.000 ns	     48426	80009e20	03f11933	mulh	x18,x2,x31	  x2:0x00000040 x31:0x00000001 x18=0x00000000
     484295.000 ns	     48428	80009e24	bb538b93	addi	x23,x7,-1099	  x7:0xffffffff x23=0xfffffbb4
     484305.000 ns	     48429	80009e28	005d9893	slli	x17,x27,0x5	 x27:0x00000000 x17=0x00000000
     484315.000 ns	     48430	80009e2c	ea6c4897	auipc	x17,0xea6c4	 x17=0x6a6cde2c
     484335.000 ns	     48432	80009e30	020a7733	remu	x14,x20,x0	 x20:0x00000000  x0:0x00000000 x14=0x00000000
     484355.000 ns	     48434	80009e34	d9a87c13	andi	x24,x16,-614	 x16:0x00000001 x24=0x00000000
     484365.000 ns	     48435	80009e38	0093c5b3	xor	x11,x7,x9	  x7:0xffffffff  x9:0x00000000 x11=0xffffffff
     484385.000 ns	     48437	80009e3c	d01d3ed3	fcvt.s.wu	f29,x26	 x26:0x00000000 f29=0x00000000
     484405.000 ns	     48439	80009e40	ea806837	lui	x16,0xea806	 x16=0xea806000
     484435.000 ns	     48442	80009e44	10f2f553	fmul.s	f10,f5,f15	  f5:0x7ffffd8e f15:0x00000000 f10=0x7fc00000
     484455.000 ns	     48444	80009e48	01a3e1b3	or	x3,x7,x26	  x7:0xffffffff x26:0x00000000  x3=0xffffffff
     484465.000 ns	     48445	80009e4c	01b79a13	slli	x20,x15,0x1b	 x15:0x80040fe4 x20=0x20000000
     484485.000 ns	     48447	80009e50	e00e9f53	fclass.s	x30,f29	 f29:0x00000000 x30=0x00000010
     484515.000 ns	     48450	80009e54	28fd82d3	fmin.s	f5,f27,f15	 f27:0x7fc00000 f15:0x00000000  f5=0x00000000
     484545.000 ns	     48453	80009e58	d00101d3	fcvt.s.w	f3,x2	  x2:0x00000040  f3=0x42800000
     484575.000 ns	     48456	80009e5c	03af48b3	div	x17,x30,x26	 x30:0x00000010 x26:0x00000000 x17=0xffffffff
     484615.000 ns	     48460	80009e60	105d3253	fmul.s	f4,f26,f5	 f26:0x00000000  f5:0x00000000  f4=0x00000000
     484645.000 ns	     48463	80009e64	d00370d3	fcvt.s.w	f1,x6	  x6:0x80041024  f1=0xcefff7df
     485015.000 ns	     48500	80009e68	03c84933	div	x18,x16,x28	 x16:0xea806000 x28:0x0000011f x18=0xffecd2d8
     485055.000 ns	     48504	80009e6c	19500f53	fdiv.s	f30,f0,f21	  f0:0x00000000 f21:0x00000000 f30=0x7fc00000
     485085.000 ns	     48507	80009e70	c01f0653	fcvt.wu.s	x12,f30	 f30:0x7fc00000 x12=0xffffffff
     485115.000 ns	     48510	80009e74	21af1f53	fsgnjn.s	f30,f30,f26	 f30:0x7fc00000 f26:0x00000000 f30=0xffc00000
     485145.000 ns	     48513	80009e78	025026b3	mulhsu	x13,x0,x5	  x0:0x00000000  x5:0x00000000 x13=0x00000000
     485175.000 ns	     48516	80009e7c	205695d3	fsgnjn.s	f11,f13,f5	 f13:0x00000000  f5:0x00000000 f11=0x80000000
     485205.000 ns	     48519	80009e80	d002afd3	fcvt.s.w	f31,x5	  x5:0x00000000 f31=0x00000000
     485235.000 ns	     48522	80009e84	c0100ed3	fcvt.wu.s	x29,f0	  f0:0x00000000 x29=0x00000000
     485265.000 ns	     48525	80009e88	a15691d3	flt.s	x3,f13,f21	 f13:0x00000000 f21:0x00000000  x3=0x00000000
     485285.000 ns	     48527	80009e8c	00f7ca33	xor	x20,x15,x15	 x15:0x80040fe4 x15:0x80040fe4 x20=0x00000000
     485305.000 ns	     48529	80009e90	0236dd33	divu	x26,x13,x3	 x13:0x00000000  x3:0x00000000 x26=0xffffffff
     485325.000 ns	     48531	80009e94	e7323a13	sltiu	x20,x4,-397	  x4:0x00000000 x20=0x00000001
     485335.000 ns	     48532	80009e98	cc34cb13	xori	x22,x9,-829	  x9:0x00000000 x22=0xfffffcc3
     485355.000 ns	     48534	80009e9c	a0ff1653	flt.s	x12,f30,f15	 f30:0xffc00000 f15:0x00000000 x12=0x00000000
     485375.000 ns	     48536	80009ea0	78d28437	lui	x8,0x78d28	  x8=0x78d28000
     485385.000 ns	     48537	80009ea4	41d201b3	sub	x3,x4,x29	  x4:0x00000000 x29:0x00000000  x3=0x00000000
     485395.000 ns	     48538	80009ea8	00000c97	auipc	x25,0x0	 x25=0x80009ea8
     485405.000 ns	     48539	80009eac	00cc8c93	addi	x25,x25,12	 x25:0x0e392982 x25=0x80009eb4
     485415.000 ns	     48540	80009eb0	000c8067	jalr	x0,x25,0	 x25:0x0e392982
     485465.000 ns	     48545	80009eb4	00100193	addi	x3,x0,1	  x0:0x00000000  x3=0x00000001
     485475.000 ns	     48546	80009eb8	00000073	ecall	
     485485.000 ns	     48547	80009ebc	00036f17	auipc	x30,0x36	 x30=0x8003febc
     485495.000 ns	     48548	80009ec0	143f2223	sw	x3,324(x30)	 x30:0x00000010  x3:0x00000001 PA:0xxxxxxxxx
     485515.000 ns	     48550	80009ec4	ff9ff06f	jal	x0,80009ec0	
     485565.000 ns	     48555	80009ebc	00036f17	auipc	x30,0x36	 x30=0x8003febc
     485575.000 ns	     48556	80009ec0	143f2223	sw	x3,324(x30)	 x30:0x8003febc  x3:0x00000001 PA:0xxxxxxxxx
     485595.000 ns	     48558	80009ec4	ff9ff06f	jal	x0,80009ec0	
     485645.000 ns	     48563	80009ebc	00036f17	auipc	x30,0x36	 x30=0x8003febc
     485655.000 ns	     48564	80009ec0	143f2223	sw	x3,324(x30)	 x30:0x8003febc  x3:0x00000001 PA:0xxxxxxxxx
     485675.000 ns	     48566	80009ec4	ff9ff06f	jal	x0,80009ec0	
     485725.000 ns	     48571	80009ebc	00036f17	auipc	x30,0x36	 x30=0x8003febc
     485735.000 ns	     48572	80009ec0	143f2223	sw	x3,324(x30)	 x30:0x8003febc  x3:0x00000001 PA:0xxxxxxxxx
     485755.000 ns	     48574	80009ec4	ff9ff06f	jal	x0,80009ec0	
     485805.000 ns	     48579	80009ebc	00036f17	auipc	x30,0x36	 x30=0x8003febc
     485815.000 ns	     48580	80009ec0	143f2223	sw	x3,324(x30)	 x30:0x8003febc  x3:0x00000001 PA:0xxxxxxxxx
     485835.000 ns	     48582	80009ec4	ff9ff06f	jal	x0,80009ec0	
     485885.000 ns	     48587	80009ebc	00036f17	auipc	x30,0x36	 x30=0x8003febc
     485895.000 ns	     48588	80009ec0	143f2223	sw	x3,324(x30)	 x30:0x8003febc  x3:0x00000001 PA:0xxxxxxxxx
     485915.000 ns	     48590	80009ec4	ff9ff06f	jal	x0,80009ec0	
     485965.000 ns	     48595	80009ebc	00036f17	auipc	x30,0x36	 x30=0x8003febc
     485975.000 ns	     48596	80009ec0	143f2223	sw	x3,324(x30)	 x30:0x8003febc  x3:0x00000001 PA:0xxxxxxxxx
     485995.000 ns	     48598	80009ec4	ff9ff06f	jal	x0,80009ec0	
     486045.000 ns	     48603	80009ebc	00036f17	auipc	x30,0x36	 x30=0x8003febc
     486055.000 ns	     48604	80009ec0	143f2223	sw	x3,324(x30)	 x30:0x8003febc  x3:0x00000001 PA:0xxxxxxxxx
     486075.000 ns	     48606	80009ec4	ff9ff06f	jal	x0,80009ec0	
     486125.000 ns	     48611	80009ebc	00036f17	auipc	x30,0x36	 x30=0x8003febc
     486135.000 ns	     48612	80009ec0	143f2223	sw	x3,324(x30)	 x30:0x8003febc  x3:0x00000001 PA:0xxxxxxxxx
     486155.000 ns	     48614	80009ec4	ff9ff06f	jal	x0,80009ec0	
     486205.000 ns	     48619	80009ebc	00036f17	auipc	x30,0x36	 x30=0x8003febc
     486215.000 ns	     48620	80009ec0	143f2223	sw	x3,324(x30)	 x30:0x8003febc  x3:0x00000001 PA:0xxxxxxxxx
     486235.000 ns	     48622	80009ec4	ff9ff06f	jal	x0,80009ec0	
     486285.000 ns	     48627	80009ebc	00036f17	auipc	x30,0x36	 x30=0x8003febc
     486295.000 ns	     48628	80009ec0	143f2223	sw	x3,324(x30)	 x30:0x8003febc  x3:0x00000001 PA:0xxxxxxxxx
     486315.000 ns	     48630	80009ec4	ff9ff06f	jal	x0,80009ec0	
     486365.000 ns	     48635	80009ebc	00036f17	auipc	x30,0x36	 x30=0x8003febc
     486375.000 ns	     48636	80009ec0	143f2223	sw	x3,324(x30)	 x30:0x8003febc  x3:0x00000001 PA:0xxxxxxxxx
     486395.000 ns	     48638	80009ec4	ff9ff06f	jal	x0,80009ec0	
     486445.000 ns	     48643	80009ebc	00036f17	auipc	x30,0x36	 x30=0x8003febc
     486455.000 ns	     48644	80009ec0	143f2223	sw	x3,324(x30)	 x30:0x8003febc  x3:0x00000001 PA:0xxxxxxxxx
     486475.000 ns	     48646	80009ec4	ff9ff06f	jal	x0,80009ec0	
     486525.000 ns	     48651	80009ebc	00036f17	auipc	x30,0x36	 x30=0x8003febc
     486535.000 ns	     48652	80009ec0	143f2223	sw	x3,324(x30)	 x30:0x8003febc  x3:0x00000001 PA:0xxxxxxxxx
     486555.000 ns	     48654	80009ec4	ff9ff06f	jal	x0,80009ec0	
     486605.000 ns	     48659	80009ebc	00036f17	auipc	x30,0x36	 x30=0x8003febc
     486615.000 ns	     48660	80009ec0	143f2223	sw	x3,324(x30)	 x30:0x8003febc  x3:0x00000001 PA:0xxxxxxxxx
     486635.000 ns	     48662	80009ec4	ff9ff06f	jal	x0,80009ec0	
     486685.000 ns	     48667	80009ebc	00036f17	auipc	x30,0x36	 x30=0x8003febc
     486695.000 ns	     48668	80009ec0	143f2223	sw	x3,324(x30)	 x30:0x8003febc  x3:0x00000001 PA:0xxxxxxxxx
     486715.000 ns	     48670	80009ec4	ff9ff06f	jal	x0,80009ec0	
     486765.000 ns	     48675	80009ebc	00036f17	auipc	x30,0x36	 x30=0x8003febc
     486775.000 ns	     48676	80009ec0	143f2223	sw	x3,324(x30)	 x30:0x8003febc  x3:0x00000001 PA:0xxxxxxxxx
     486795.000 ns	     48678	80009ec4	ff9ff06f	jal	x0,80009ec0	
     486845.000 ns	     48683	80009ebc	00036f17	auipc	x30,0x36	 x30=0x8003febc
     486855.000 ns	     48684	80009ec0	143f2223	sw	x3,324(x30)	 x30:0x8003febc  x3:0x00000001 PA:0xxxxxxxxx
     486875.000 ns	     48686	80009ec4	ff9ff06f	jal	x0,80009ec0	
     486925.000 ns	     48691	80009ebc	00036f17	auipc	x30,0x36	 x30=0x8003febc
     486935.000 ns	     48692	80009ec0	143f2223	sw	x3,324(x30)	 x30:0x8003febc  x3:0x00000001 PA:0xxxxxxxxx
     486955.000 ns	     48694	80009ec4	ff9ff06f	jal	x0,80009ec0	
     487005.000 ns	     48699	80009ebc	00036f17	auipc	x30,0x36	 x30=0x8003febc
     487015.000 ns	     48700	80009ec0	143f2223	sw	x3,324(x30)	 x30:0x8003febc  x3:0x00000001 PA:0xxxxxxxxx
     487035.000 ns	     48702	80009ec4	ff9ff06f	jal	x0,80009ec0	
     487085.000 ns	     48707	80009ebc	00036f17	auipc	x30,0x36	 x30=0x8003febc
     487095.000 ns	     48708	80009ec0	143f2223	sw	x3,324(x30)	 x30:0x8003febc  x3:0x00000001 PA:0xxxxxxxxx
     487115.000 ns	     48710	80009ec4	ff9ff06f	jal	x0,80009ec0	
     487165.000 ns	     48715	80009ebc	00036f17	auipc	x30,0x36	 x30=0x8003febc
     487175.000 ns	     48716	80009ec0	143f2223	sw	x3,324(x30)	 x30:0x8003febc  x3:0x00000001 PA:0xxxxxxxxx
     487195.000 ns	     48718	80009ec4	ff9ff06f	jal	x0,80009ec0	
     487245.000 ns	     48723	80009ebc	00036f17	auipc	x30,0x36	 x30=0x8003febc
     487255.000 ns	     48724	80009ec0	143f2223	sw	x3,324(x30)	 x30:0x8003febc  x3:0x00000001 PA:0xxxxxxxxx
     487275.000 ns	     48726	80009ec4	ff9ff06f	jal	x0,80009ec0	
     487325.000 ns	     48731	80009ebc	00036f17	auipc	x30,0x36	 x30=0x8003febc
     487335.000 ns	     48732	80009ec0	143f2223	sw	x3,324(x30)	 x30:0x8003febc  x3:0x00000001 PA:0xxxxxxxxx
     487355.000 ns	     48734	80009ec4	ff9ff06f	jal	x0,80009ec0	
     487405.000 ns	     48739	80009ebc	00036f17	auipc	x30,0x36	 x30=0x8003febc
     487415.000 ns	     48740	80009ec0	143f2223	sw	x3,324(x30)	 x30:0x8003febc  x3:0x00000001 PA:0xxxxxxxxx
     487435.000 ns	     48742	80009ec4	ff9ff06f	jal	x0,80009ec0	
     487485.000 ns	     48747	80009ebc	00036f17	auipc	x30,0x36	 x30=0x8003febc
     487495.000 ns	     48748	80009ec0	143f2223	sw	x3,324(x30)	 x30:0x8003febc  x3:0x00000001 PA:0xxxxxxxxx
     487515.000 ns	     48750	80009ec4	ff9ff06f	jal	x0,80009ec0	
     487565.000 ns	     48755	80009ebc	00036f17	auipc	x30,0x36	 x30=0x8003febc
     487575.000 ns	     48756	80009ec0	143f2223	sw	x3,324(x30)	 x30:0x8003febc  x3:0x00000001 PA:0xxxxxxxxx
     487595.000 ns	     48758	80009ec4	ff9ff06f	jal	x0,80009ec0	
     487645.000 ns	     48763	80009ebc	00036f17	auipc	x30,0x36	 x30=0x8003febc
     487655.000 ns	     48764	80009ec0	143f2223	sw	x3,324(x30)	 x30:0x8003febc  x3:0x00000001 PA:0xxxxxxxxx
     487675.000 ns	     48766	80009ec4	ff9ff06f	jal	x0,80009ec0	
     487725.000 ns	     48771	80009ebc	00036f17	auipc	x30,0x36	 x30=0x8003febc
     487735.000 ns	     48772	80009ec0	143f2223	sw	x3,324(x30)	 x30:0x8003febc  x3:0x00000001 PA:0xxxxxxxxx
     487755.000 ns	     48774	80009ec4	ff9ff06f	jal	x0,80009ec0	
     487805.000 ns	     48779	80009ebc	00036f17	auipc	x30,0x36	 x30=0x8003febc
     487815.000 ns	     48780	80009ec0	143f2223	sw	x3,324(x30)	 x30:0x8003febc  x3:0x00000001 PA:0xxxxxxxxx
     487835.000 ns	     48782	80009ec4	ff9ff06f	jal	x0,80009ec0	
     487885.000 ns	     48787	80009ebc	00036f17	auipc	x30,0x36	 x30=0x8003febc
     487895.000 ns	     48788	80009ec0	143f2223	sw	x3,324(x30)	 x30:0x8003febc  x3:0x00000001 PA:0xxxxxxxxx
     487915.000 ns	     48790	80009ec4	ff9ff06f	jal	x0,80009ec0	
     487965.000 ns	     48795	80009ebc	00036f17	auipc	x30,0x36	 x30=0x8003febc
     487975.000 ns	     48796	80009ec0	143f2223	sw	x3,324(x30)	 x30:0x8003febc  x3:0x00000001 PA:0xxxxxxxxx
     487995.000 ns	     48798	80009ec4	ff9ff06f	jal	x0,80009ec0	
     488045.000 ns	     48803	80009ebc	00036f17	auipc	x30,0x36	 x30=0x8003febc
     488055.000 ns	     48804	80009ec0	143f2223	sw	x3,324(x30)	 x30:0x8003febc  x3:0x00000001 PA:0xxxxxxxxx
     488075.000 ns	     48806	80009ec4	ff9ff06f	jal	x0,80009ec0	
     488125.000 ns	     48811	80009ebc	00036f17	auipc	x30,0x36	 x30=0x8003febc
     488135.000 ns	     48812	80009ec0	143f2223	sw	x3,324(x30)	 x30:0x8003febc  x3:0x00000001 PA:0xxxxxxxxx
     488155.000 ns	     48814	80009ec4	ff9ff06f	jal	x0,80009ec0	
     488205.000 ns	     48819	80009ebc	00036f17	auipc	x30,0x36	 x30=0x8003febc
     488215.000 ns	     48820	80009ec0	143f2223	sw	x3,324(x30)	 x30:0x8003febc  x3:0x00000001 PA:0xxxxxxxxx
     488235.000 ns	     48822	80009ec4	ff9ff06f	jal	x0,80009ec0	
     488285.000 ns	     48827	80009ebc	00036f17	auipc	x30,0x36	 x30=0x8003febc
     488295.000 ns	     48828	80009ec0	143f2223	sw	x3,324(x30)	 x30:0x8003febc  x3:0x00000001 PA:0xxxxxxxxx
     488315.000 ns	     48830	80009ec4	ff9ff06f	jal	x0,80009ec0	
     488365.000 ns	     48835	80009ebc	00036f17	auipc	x30,0x36	 x30=0x8003febc
     488375.000 ns	     48836	80009ec0	143f2223	sw	x3,324(x30)	 x30:0x8003febc  x3:0x00000001 PA:0xxxxxxxxx
     488395.000 ns	     48838	80009ec4	ff9ff06f	jal	x0,80009ec0	
     488445.000 ns	     48843	80009ebc	00036f17	auipc	x30,0x36	 x30=0x8003febc
     488455.000 ns	     48844	80009ec0	143f2223	sw	x3,324(x30)	 x30:0x8003febc  x3:0x00000001 PA:0xxxxxxxxx
     488475.000 ns	     48846	80009ec4	ff9ff06f	jal	x0,80009ec0	
     488525.000 ns	     48851	80009ebc	00036f17	auipc	x30,0x36	 x30=0x8003febc
     488535.000 ns	     48852	80009ec0	143f2223	sw	x3,324(x30)	 x30:0x8003febc  x3:0x00000001 PA:0xxxxxxxxx
     488555.000 ns	     48854	80009ec4	ff9ff06f	jal	x0,80009ec0	
     488605.000 ns	     48859	80009ebc	00036f17	auipc	x30,0x36	 x30=0x8003febc
     488615.000 ns	     48860	80009ec0	143f2223	sw	x3,324(x30)	 x30:0x8003febc  x3:0x00000001 PA:0xxxxxxxxx
     488635.000 ns	     48862	80009ec4	ff9ff06f	jal	x0,80009ec0	
     488685.000 ns	     48867	80009ebc	00036f17	auipc	x30,0x36	 x30=0x8003febc
     488695.000 ns	     48868	80009ec0	143f2223	sw	x3,324(x30)	 x30:0x8003febc  x3:0x00000001 PA:0xxxxxxxxx
     488715.000 ns	     48870	80009ec4	ff9ff06f	jal	x0,80009ec0	
     488765.000 ns	     48875	80009ebc	00036f17	auipc	x30,0x36	 x30=0x8003febc
     488775.000 ns	     48876	80009ec0	143f2223	sw	x3,324(x30)	 x30:0x8003febc  x3:0x00000001 PA:0xxxxxxxxx
     488795.000 ns	     48878	80009ec4	ff9ff06f	jal	x0,80009ec0	
     488845.000 ns	     48883	80009ebc	00036f17	auipc	x30,0x36	 x30=0x8003febc
     488855.000 ns	     48884	80009ec0	143f2223	sw	x3,324(x30)	 x30:0x8003febc  x3:0x00000001 PA:0xxxxxxxxx
     488875.000 ns	     48886	80009ec4	ff9ff06f	jal	x0,80009ec0	
     488925.000 ns	     48891	80009ebc	00036f17	auipc	x30,0x36	 x30=0x8003febc
     488935.000 ns	     48892	80009ec0	143f2223	sw	x3,324(x30)	 x30:0x8003febc  x3:0x00000001 PA:0xxxxxxxxx
     488955.000 ns	     48894	80009ec4	ff9ff06f	jal	x0,80009ec0	
     489005.000 ns	     48899	80009ebc	00036f17	auipc	x30,0x36	 x30=0x8003febc
     489015.000 ns	     48900	80009ec0	143f2223	sw	x3,324(x30)	 x30:0x8003febc  x3:0x00000001 PA:0xxxxxxxxx
     489035.000 ns	     48902	80009ec4	ff9ff06f	jal	x0,80009ec0	
     489085.000 ns	     48907	80009ebc	00036f17	auipc	x30,0x36	 x30=0x8003febc
     489095.000 ns	     48908	80009ec0	143f2223	sw	x3,324(x30)	 x30:0x8003febc  x3:0x00000001 PA:0xxxxxxxxx
     489115.000 ns	     48910	80009ec4	ff9ff06f	jal	x0,80009ec0	
     489165.000 ns	     48915	80009ebc	00036f17	auipc	x30,0x36	 x30=0x8003febc
     489175.000 ns	     48916	80009ec0	143f2223	sw	x3,324(x30)	 x30:0x8003febc  x3:0x00000001 PA:0xxxxxxxxx
     489195.000 ns	     48918	80009ec4	ff9ff06f	jal	x0,80009ec0	
     489245.000 ns	     48923	80009ebc	00036f17	auipc	x30,0x36	 x30=0x8003febc
     489255.000 ns	     48924	80009ec0	143f2223	sw	x3,324(x30)	 x30:0x8003febc  x3:0x00000001 PA:0xxxxxxxxx
     489275.000 ns	     48926	80009ec4	ff9ff06f	jal	x0,80009ec0	
     489325.000 ns	     48931	80009ebc	00036f17	auipc	x30,0x36	 x30=0x8003febc
     489335.000 ns	     48932	80009ec0	143f2223	sw	x3,324(x30)	 x30:0x8003febc  x3:0x00000001 PA:0xxxxxxxxx
     489355.000 ns	     48934	80009ec4	ff9ff06f	jal	x0,80009ec0	
     489405.000 ns	     48939	80009ebc	00036f17	auipc	x30,0x36	 x30=0x8003febc
     489415.000 ns	     48940	80009ec0	143f2223	sw	x3,324(x30)	 x30:0x8003febc  x3:0x00000001 PA:0xxxxxxxxx
     489435.000 ns	     48942	80009ec4	ff9ff06f	jal	x0,80009ec0	
     489485.000 ns	     48947	80009ebc	00036f17	auipc	x30,0x36	 x30=0x8003febc
     489495.000 ns	     48948	80009ec0	143f2223	sw	x3,324(x30)	 x30:0x8003febc  x3:0x00000001 PA:0xxxxxxxxx
     489515.000 ns	     48950	80009ec4	ff9ff06f	jal	x0,80009ec0	
     489565.000 ns	     48955	80009ebc	00036f17	auipc	x30,0x36	 x30=0x8003febc
     489575.000 ns	     48956	80009ec0	143f2223	sw	x3,324(x30)	 x30:0x8003febc  x3:0x00000001 PA:0xxxxxxxxx
     489595.000 ns	     48958	80009ec4	ff9ff06f	jal	x0,80009ec0	
     489645.000 ns	     48963	80009ebc	00036f17	auipc	x30,0x36	 x30=0x8003febc
     489655.000 ns	     48964	80009ec0	143f2223	sw	x3,324(x30)	 x30:0x8003febc  x3:0x00000001 PA:0xxxxxxxxx
     489675.000 ns	     48966	80009ec4	ff9ff06f	jal	x0,80009ec0	
     489725.000 ns	     48971	80009ebc	00036f17	auipc	x30,0x36	 x30=0x8003febc
     489735.000 ns	     48972	80009ec0	143f2223	sw	x3,324(x30)	 x30:0x8003febc  x3:0x00000001 PA:0xxxxxxxxx
     489755.000 ns	     48974	80009ec4	ff9ff06f	jal	x0,80009ec0	
     489805.000 ns	     48979	80009ebc	00036f17	auipc	x30,0x36	 x30=0x8003febc
     489815.000 ns	     48980	80009ec0	143f2223	sw	x3,324(x30)	 x30:0x8003febc  x3:0x00000001 PA:0xxxxxxxxx
     489835.000 ns	     48982	80009ec4	ff9ff06f	jal	x0,80009ec0	
     489885.000 ns	     48987	80009ebc	00036f17	auipc	x30,0x36	 x30=0x8003febc
     489895.000 ns	     48988	80009ec0	143f2223	sw	x3,324(x30)	 x30:0x8003febc  x3:0x00000001 PA:0xxxxxxxxx
     489915.000 ns	     48990	80009ec4	ff9ff06f	jal	x0,80009ec0	
     489965.000 ns	     48995	80009ebc	00036f17	auipc	x30,0x36	 x30=0x8003febc
     489975.000 ns	     48996	80009ec0	143f2223	sw	x3,324(x30)	 x30:0x8003febc  x3:0x00000001 PA:0xxxxxxxxx
     489995.000 ns	     48998	80009ec4	ff9ff06f	jal	x0,80009ec0	
     490045.000 ns	     49003	80009ebc	00036f17	auipc	x30,0x36	 x30=0x8003febc
     490055.000 ns	     49004	80009ec0	143f2223	sw	x3,324(x30)	 x30:0x8003febc  x3:0x00000001 PA:0xxxxxxxxx
     490075.000 ns	     49006	80009ec4	ff9ff06f	jal	x0,80009ec0	
     490125.000 ns	     49011	80009ebc	00036f17	auipc	x30,0x36	 x30=0x8003febc
     490135.000 ns	     49012	80009ec0	143f2223	sw	x3,324(x30)	 x30:0x8003febc  x3:0x00000001 PA:0xxxxxxxxx
     490155.000 ns	     49014	80009ec4	ff9ff06f	jal	x0,80009ec0	
     490205.000 ns	     49019	80009ebc	00036f17	auipc	x30,0x36	 x30=0x8003febc
     490215.000 ns	     49020	80009ec0	143f2223	sw	x3,324(x30)	 x30:0x8003febc  x3:0x00000001 PA:0xxxxxxxxx
     490235.000 ns	     49022	80009ec4	ff9ff06f	jal	x0,80009ec0	
     490285.000 ns	     49027	80009ebc	00036f17	auipc	x30,0x36	 x30=0x8003febc
     490295.000 ns	     49028	80009ec0	143f2223	sw	x3,324(x30)	 x30:0x8003febc  x3:0x00000001 PA:0xxxxxxxxx
     490315.000 ns	     49030	80009ec4	ff9ff06f	jal	x0,80009ec0	
     490365.000 ns	     49035	80009ebc	00036f17	auipc	x30,0x36	 x30=0x8003febc
     490375.000 ns	     49036	80009ec0	143f2223	sw	x3,324(x30)	 x30:0x8003febc  x3:0x00000001 PA:0xxxxxxxxx
     490395.000 ns	     49038	80009ec4	ff9ff06f	jal	x0,80009ec0	
     490445.000 ns	     49043	80009ebc	00036f17	auipc	x30,0x36	 x30=0x8003febc
     490455.000 ns	     49044	80009ec0	143f2223	sw	x3,324(x30)	 x30:0x8003febc  x3:0x00000001 PA:0xxxxxxxxx
     490475.000 ns	     49046	80009ec4	ff9ff06f	jal	x0,80009ec0	
     490525.000 ns	     49051	80009ebc	00036f17	auipc	x30,0x36	 x30=0x8003febc
     490535.000 ns	     49052	80009ec0	143f2223	sw	x3,324(x30)	 x30:0x8003febc  x3:0x00000001 PA:0xxxxxxxxx
     490555.000 ns	     49054	80009ec4	ff9ff06f	jal	x0,80009ec0	
     490605.000 ns	     49059	80009ebc	00036f17	auipc	x30,0x36	 x30=0x8003febc
     490615.000 ns	     49060	80009ec0	143f2223	sw	x3,324(x30)	 x30:0x8003febc  x3:0x00000001 PA:0xxxxxxxxx
     490635.000 ns	     49062	80009ec4	ff9ff06f	jal	x0,80009ec0	
     490685.000 ns	     49067	80009ebc	00036f17	auipc	x30,0x36	 x30=0x8003febc
     490695.000 ns	     49068	80009ec0	143f2223	sw	x3,324(x30)	 x30:0x8003febc  x3:0x00000001 PA:0xxxxxxxxx
     490715.000 ns	     49070	80009ec4	ff9ff06f	jal	x0,80009ec0	
     490765.000 ns	     49075	80009ebc	00036f17	auipc	x30,0x36	 x30=0x8003febc
     490775.000 ns	     49076	80009ec0	143f2223	sw	x3,324(x30)	 x30:0x8003febc  x3:0x00000001 PA:0xxxxxxxxx
     490795.000 ns	     49078	80009ec4	ff9ff06f	jal	x0,80009ec0	
     490845.000 ns	     49083	80009ebc	00036f17	auipc	x30,0x36	 x30=0x8003febc
     490855.000 ns	     49084	80009ec0	143f2223	sw	x3,324(x30)	 x30:0x8003febc  x3:0x00000001 PA:0xxxxxxxxx
     490875.000 ns	     49086	80009ec4	ff9ff06f	jal	x0,80009ec0	
     490925.000 ns	     49091	80009ebc	00036f17	auipc	x30,0x36	 x30=0x8003febc
     490935.000 ns	     49092	80009ec0	143f2223	sw	x3,324(x30)	 x30:0x8003febc  x3:0x00000001 PA:0xxxxxxxxx
     490955.000 ns	     49094	80009ec4	ff9ff06f	jal	x0,80009ec0	
     491005.000 ns	     49099	80009ebc	00036f17	auipc	x30,0x36	 x30=0x8003febc
     491015.000 ns	     49100	80009ec0	143f2223	sw	x3,324(x30)	 x30:0x8003febc  x3:0x00000001 PA:0xxxxxxxxx
     491035.000 ns	     49102	80009ec4	ff9ff06f	jal	x0,80009ec0	
     491085.000 ns	     49107	80009ebc	00036f17	auipc	x30,0x36	 x30=0x8003febc
     491095.000 ns	     49108	80009ec0	143f2223	sw	x3,324(x30)	 x30:0x8003febc  x3:0x00000001 PA:0xxxxxxxxx
     491115.000 ns	     49110	80009ec4	ff9ff06f	jal	x0,80009ec0	
     491165.000 ns	     49115	80009ebc	00036f17	auipc	x30,0x36	 x30=0x8003febc
     491175.000 ns	     49116	80009ec0	143f2223	sw	x3,324(x30)	 x30:0x8003febc  x3:0x00000001 PA:0xxxxxxxxx
     491195.000 ns	     49118	80009ec4	ff9ff06f	jal	x0,80009ec0	
     491245.000 ns	     49123	80009ebc	00036f17	auipc	x30,0x36	 x30=0x8003febc
     491255.000 ns	     49124	80009ec0	143f2223	sw	x3,324(x30)	 x30:0x8003febc  x3:0x00000001 PA:0xxxxxxxxx
     491275.000 ns	     49126	80009ec4	ff9ff06f	jal	x0,80009ec0	
     491325.000 ns	     49131	80009ebc	00036f17	auipc	x30,0x36	 x30=0x8003febc
     491335.000 ns	     49132	80009ec0	143f2223	sw	x3,324(x30)	 x30:0x8003febc  x3:0x00000001 PA:0xxxxxxxxx
     491355.000 ns	     49134	80009ec4	ff9ff06f	jal	x0,80009ec0	
     491405.000 ns	     49139	80009ebc	00036f17	auipc	x30,0x36	 x30=0x8003febc
     491415.000 ns	     49140	80009ec0	143f2223	sw	x3,324(x30)	 x30:0x8003febc  x3:0x00000001 PA:0xxxxxxxxx
     491435.000 ns	     49142	80009ec4	ff9ff06f	jal	x0,80009ec0	
     491485.000 ns	     49147	80009ebc	00036f17	auipc	x30,0x36	 x30=0x8003febc
     491495.000 ns	     49148	80009ec0	143f2223	sw	x3,324(x30)	 x30:0x8003febc  x3:0x00000001 PA:0xxxxxxxxx
     491515.000 ns	     49150	80009ec4	ff9ff06f	jal	x0,80009ec0	
     491565.000 ns	     49155	80009ebc	00036f17	auipc	x30,0x36	 x30=0x8003febc
     491575.000 ns	     49156	80009ec0	143f2223	sw	x3,324(x30)	 x30:0x8003febc  x3:0x00000001 PA:0xxxxxxxxx
     491595.000 ns	     49158	80009ec4	ff9ff06f	jal	x0,80009ec0	
     491645.000 ns	     49163	80009ebc	00036f17	auipc	x30,0x36	 x30=0x8003febc
     491655.000 ns	     49164	80009ec0	143f2223	sw	x3,324(x30)	 x30:0x8003febc  x3:0x00000001 PA:0xxxxxxxxx
     491675.000 ns	     49166	80009ec4	ff9ff06f	jal	x0,80009ec0	
     491725.000 ns	     49171	80009ebc	00036f17	auipc	x30,0x36	 x30=0x8003febc
     491735.000 ns	     49172	80009ec0	143f2223	sw	x3,324(x30)	 x30:0x8003febc  x3:0x00000001 PA:0xxxxxxxxx
     491755.000 ns	     49174	80009ec4	ff9ff06f	jal	x0,80009ec0	
     491805.000 ns	     49179	80009ebc	00036f17	auipc	x30,0x36	 x30=0x8003febc
     491815.000 ns	     49180	80009ec0	143f2223	sw	x3,324(x30)	 x30:0x8003febc  x3:0x00000001 PA:0xxxxxxxxx
     491835.000 ns	     49182	80009ec4	ff9ff06f	jal	x0,80009ec0	
     491885.000 ns	     49187	80009ebc	00036f17	auipc	x30,0x36	 x30=0x8003febc
     491895.000 ns	     49188	80009ec0	143f2223	sw	x3,324(x30)	 x30:0x8003febc  x3:0x00000001 PA:0xxxxxxxxx
     491915.000 ns	     49190	80009ec4	ff9ff06f	jal	x0,80009ec0	
     491965.000 ns	     49195	80009ebc	00036f17	auipc	x30,0x36	 x30=0x8003febc
     491975.000 ns	     49196	80009ec0	143f2223	sw	x3,324(x30)	 x30:0x8003febc  x3:0x00000001 PA:0xxxxxxxxx
     491995.000 ns	     49198	80009ec4	ff9ff06f	jal	x0,80009ec0	
     492045.000 ns	     49203	80009ebc	00036f17	auipc	x30,0x36	 x30=0x8003febc
     492055.000 ns	     49204	80009ec0	143f2223	sw	x3,324(x30)	 x30:0x8003febc  x3:0x00000001 PA:0xxxxxxxxx
     492075.000 ns	     49206	80009ec4	ff9ff06f	jal	x0,80009ec0	
     492125.000 ns	     49211	80009ebc	00036f17	auipc	x30,0x36	 x30=0x8003febc
     492135.000 ns	     49212	80009ec0	143f2223	sw	x3,324(x30)	 x30:0x8003febc  x3:0x00000001 PA:0xxxxxxxxx
     492155.000 ns	     49214	80009ec4	ff9ff06f	jal	x0,80009ec0	
     492205.000 ns	     49219	80009ebc	00036f17	auipc	x30,0x36	 x30=0x8003febc
     492215.000 ns	     49220	80009ec0	143f2223	sw	x3,324(x30)	 x30:0x8003febc  x3:0x00000001 PA:0xxxxxxxxx
     492235.000 ns	     49222	80009ec4	ff9ff06f	jal	x0,80009ec0	
     492285.000 ns	     49227	80009ebc	00036f17	auipc	x30,0x36	 x30=0x8003febc
     492295.000 ns	     49228	80009ec0	143f2223	sw	x3,324(x30)	 x30:0x8003febc  x3:0x00000001 PA:0xxxxxxxxx
     492315.000 ns	     49230	80009ec4	ff9ff06f	jal	x0,80009ec0	
     492365.000 ns	     49235	80009ebc	00036f17	auipc	x30,0x36	 x30=0x8003febc
     492375.000 ns	     49236	80009ec0	143f2223	sw	x3,324(x30)	 x30:0x8003febc  x3:0x00000001 PA:0xxxxxxxxx
     492395.000 ns	     49238	80009ec4	ff9ff06f	jal	x0,80009ec0	
     492445.000 ns	     49243	80009ebc	00036f17	auipc	x30,0x36	 x30=0x8003febc
     492455.000 ns	     49244	80009ec0	143f2223	sw	x3,324(x30)	 x30:0x8003febc  x3:0x00000001 PA:0xxxxxxxxx
     492475.000 ns	     49246	80009ec4	ff9ff06f	jal	x0,80009ec0	
     492525.000 ns	     49251	80009ebc	00036f17	auipc	x30,0x36	 x30=0x8003febc
     492535.000 ns	     49252	80009ec0	143f2223	sw	x3,324(x30)	 x30:0x8003febc  x3:0x00000001 PA:0xxxxxxxxx
     492555.000 ns	     49254	80009ec4	ff9ff06f	jal	x0,80009ec0	
     492605.000 ns	     49259	80009ebc	00036f17	auipc	x30,0x36	 x30=0x8003febc
     492615.000 ns	     49260	80009ec0	143f2223	sw	x3,324(x30)	 x30:0x8003febc  x3:0x00000001 PA:0xxxxxxxxx
     492635.000 ns	     49262	80009ec4	ff9ff06f	jal	x0,80009ec0	
     492685.000 ns	     49267	80009ebc	00036f17	auipc	x30,0x36	 x30=0x8003febc
     492695.000 ns	     49268	80009ec0	143f2223	sw	x3,324(x30)	 x30:0x8003febc  x3:0x00000001 PA:0xxxxxxxxx
     492715.000 ns	     49270	80009ec4	ff9ff06f	jal	x0,80009ec0	
     492765.000 ns	     49275	80009ebc	00036f17	auipc	x30,0x36	 x30=0x8003febc
     492775.000 ns	     49276	80009ec0	143f2223	sw	x3,324(x30)	 x30:0x8003febc  x3:0x00000001 PA:0xxxxxxxxx
     492795.000 ns	     49278	80009ec4	ff9ff06f	jal	x0,80009ec0	
     492845.000 ns	     49283	80009ebc	00036f17	auipc	x30,0x36	 x30=0x8003febc
     492855.000 ns	     49284	80009ec0	143f2223	sw	x3,324(x30)	 x30:0x8003febc  x3:0x00000001 PA:0xxxxxxxxx
     492875.000 ns	     49286	80009ec4	ff9ff06f	jal	x0,80009ec0	
     492925.000 ns	     49291	80009ebc	00036f17	auipc	x30,0x36	 x30=0x8003febc
     492935.000 ns	     49292	80009ec0	143f2223	sw	x3,324(x30)	 x30:0x8003febc  x3:0x00000001 PA:0xxxxxxxxx
     492955.000 ns	     49294	80009ec4	ff9ff06f	jal	x0,80009ec0	
     493005.000 ns	     49299	80009ebc	00036f17	auipc	x30,0x36	 x30=0x8003febc
     493015.000 ns	     49300	80009ec0	143f2223	sw	x3,324(x30)	 x30:0x8003febc  x3:0x00000001 PA:0xxxxxxxxx
     493035.000 ns	     49302	80009ec4	ff9ff06f	jal	x0,80009ec0	
     493085.000 ns	     49307	80009ebc	00036f17	auipc	x30,0x36	 x30=0x8003febc
     493095.000 ns	     49308	80009ec0	143f2223	sw	x3,324(x30)	 x30:0x8003febc  x3:0x00000001 PA:0xxxxxxxxx
     493115.000 ns	     49310	80009ec4	ff9ff06f	jal	x0,80009ec0	
     493165.000 ns	     49315	80009ebc	00036f17	auipc	x30,0x36	 x30=0x8003febc
     493175.000 ns	     49316	80009ec0	143f2223	sw	x3,324(x30)	 x30:0x8003febc  x3:0x00000001 PA:0xxxxxxxxx
     493195.000 ns	     49318	80009ec4	ff9ff06f	jal	x0,80009ec0	
     493245.000 ns	     49323	80009ebc	00036f17	auipc	x30,0x36	 x30=0x8003febc
     493255.000 ns	     49324	80009ec0	143f2223	sw	x3,324(x30)	 x30:0x8003febc  x3:0x00000001 PA:0xxxxxxxxx
     493275.000 ns	     49326	80009ec4	ff9ff06f	jal	x0,80009ec0	
     493325.000 ns	     49331	80009ebc	00036f17	auipc	x30,0x36	 x30=0x8003febc
     493335.000 ns	     49332	80009ec0	143f2223	sw	x3,324(x30)	 x30:0x8003febc  x3:0x00000001 PA:0xxxxxxxxx
     493355.000 ns	     49334	80009ec4	ff9ff06f	jal	x0,80009ec0	
     493405.000 ns	     49339	80009ebc	00036f17	auipc	x30,0x36	 x30=0x8003febc
     493415.000 ns	     49340	80009ec0	143f2223	sw	x3,324(x30)	 x30:0x8003febc  x3:0x00000001 PA:0xxxxxxxxx
     493435.000 ns	     49342	80009ec4	ff9ff06f	jal	x0,80009ec0	
     493485.000 ns	     49347	80009ebc	00036f17	auipc	x30,0x36	 x30=0x8003febc
     493495.000 ns	     49348	80009ec0	143f2223	sw	x3,324(x30)	 x30:0x8003febc  x3:0x00000001 PA:0xxxxxxxxx
     493515.000 ns	     49350	80009ec4	ff9ff06f	jal	x0,80009ec0	
     493565.000 ns	     49355	80009ebc	00036f17	auipc	x30,0x36	 x30=0x8003febc
     493575.000 ns	     49356	80009ec0	143f2223	sw	x3,324(x30)	 x30:0x8003febc  x3:0x00000001 PA:0xxxxxxxxx
     493595.000 ns	     49358	80009ec4	ff9ff06f	jal	x0,80009ec0	
     493645.000 ns	     49363	80009ebc	00036f17	auipc	x30,0x36	 x30=0x8003febc
     493655.000 ns	     49364	80009ec0	143f2223	sw	x3,324(x30)	 x30:0x8003febc  x3:0x00000001 PA:0xxxxxxxxx
     493675.000 ns	     49366	80009ec4	ff9ff06f	jal	x0,80009ec0	
     493725.000 ns	     49371	80009ebc	00036f17	auipc	x30,0x36	 x30=0x8003febc
     493735.000 ns	     49372	80009ec0	143f2223	sw	x3,324(x30)	 x30:0x8003febc  x3:0x00000001 PA:0xxxxxxxxx
     493755.000 ns	     49374	80009ec4	ff9ff06f	jal	x0,80009ec0	
     493805.000 ns	     49379	80009ebc	00036f17	auipc	x30,0x36	 x30=0x8003febc
     493815.000 ns	     49380	80009ec0	143f2223	sw	x3,324(x30)	 x30:0x8003febc  x3:0x00000001 PA:0xxxxxxxxx
     493835.000 ns	     49382	80009ec4	ff9ff06f	jal	x0,80009ec0	
     493885.000 ns	     49387	80009ebc	00036f17	auipc	x30,0x36	 x30=0x8003febc
     493895.000 ns	     49388	80009ec0	143f2223	sw	x3,324(x30)	 x30:0x8003febc  x3:0x00000001 PA:0xxxxxxxxx
     493915.000 ns	     49390	80009ec4	ff9ff06f	jal	x0,80009ec0	
     493965.000 ns	     49395	80009ebc	00036f17	auipc	x30,0x36	 x30=0x8003febc
     493975.000 ns	     49396	80009ec0	143f2223	sw	x3,324(x30)	 x30:0x8003febc  x3:0x00000001 PA:0xxxxxxxxx
     493995.000 ns	     49398	80009ec4	ff9ff06f	jal	x0,80009ec0	
     494045.000 ns	     49403	80009ebc	00036f17	auipc	x30,0x36	 x30=0x8003febc
     494055.000 ns	     49404	80009ec0	143f2223	sw	x3,324(x30)	 x30:0x8003febc  x3:0x00000001 PA:0xxxxxxxxx
     494075.000 ns	     49406	80009ec4	ff9ff06f	jal	x0,80009ec0	
     494125.000 ns	     49411	80009ebc	00036f17	auipc	x30,0x36	 x30=0x8003febc
     494135.000 ns	     49412	80009ec0	143f2223	sw	x3,324(x30)	 x30:0x8003febc  x3:0x00000001 PA:0xxxxxxxxx
     494155.000 ns	     49414	80009ec4	ff9ff06f	jal	x0,80009ec0	
     494205.000 ns	     49419	80009ebc	00036f17	auipc	x30,0x36	 x30=0x8003febc
     494215.000 ns	     49420	80009ec0	143f2223	sw	x3,324(x30)	 x30:0x8003febc  x3:0x00000001 PA:0xxxxxxxxx
     494235.000 ns	     49422	80009ec4	ff9ff06f	jal	x0,80009ec0	
     494285.000 ns	     49427	80009ebc	00036f17	auipc	x30,0x36	 x30=0x8003febc
     494295.000 ns	     49428	80009ec0	143f2223	sw	x3,324(x30)	 x30:0x8003febc  x3:0x00000001 PA:0xxxxxxxxx
     494315.000 ns	     49430	80009ec4	ff9ff06f	jal	x0,80009ec0	
     494365.000 ns	     49435	80009ebc	00036f17	auipc	x30,0x36	 x30=0x8003febc
     494375.000 ns	     49436	80009ec0	143f2223	sw	x3,324(x30)	 x30:0x8003febc  x3:0x00000001 PA:0xxxxxxxxx
     494395.000 ns	     49438	80009ec4	ff9ff06f	jal	x0,80009ec0	
     494445.000 ns	     49443	80009ebc	00036f17	auipc	x30,0x36	 x30=0x8003febc
     494455.000 ns	     49444	80009ec0	143f2223	sw	x3,324(x30)	 x30:0x8003febc  x3:0x00000001 PA:0xxxxxxxxx
     494475.000 ns	     49446	80009ec4	ff9ff06f	jal	x0,80009ec0	
     494525.000 ns	     49451	80009ebc	00036f17	auipc	x30,0x36	 x30=0x8003febc
     494535.000 ns	     49452	80009ec0	143f2223	sw	x3,324(x30)	 x30:0x8003febc  x3:0x00000001 PA:0xxxxxxxxx
     494555.000 ns	     49454	80009ec4	ff9ff06f	jal	x0,80009ec0	
     494605.000 ns	     49459	80009ebc	00036f17	auipc	x30,0x36	 x30=0x8003febc
     494615.000 ns	     49460	80009ec0	143f2223	sw	x3,324(x30)	 x30:0x8003febc  x3:0x00000001 PA:0xxxxxxxxx
     494635.000 ns	     49462	80009ec4	ff9ff06f	jal	x0,80009ec0	
     494685.000 ns	     49467	80009ebc	00036f17	auipc	x30,0x36	 x30=0x8003febc
     494695.000 ns	     49468	80009ec0	143f2223	sw	x3,324(x30)	 x30:0x8003febc  x3:0x00000001 PA:0xxxxxxxxx
     494715.000 ns	     49470	80009ec4	ff9ff06f	jal	x0,80009ec0	
     494765.000 ns	     49475	80009ebc	00036f17	auipc	x30,0x36	 x30=0x8003febc
     494775.000 ns	     49476	80009ec0	143f2223	sw	x3,324(x30)	 x30:0x8003febc  x3:0x00000001 PA:0xxxxxxxxx
     494795.000 ns	     49478	80009ec4	ff9ff06f	jal	x0,80009ec0	
     494845.000 ns	     49483	80009ebc	00036f17	auipc	x30,0x36	 x30=0x8003febc
     494855.000 ns	     49484	80009ec0	143f2223	sw	x3,324(x30)	 x30:0x8003febc  x3:0x00000001 PA:0xxxxxxxxx
     494875.000 ns	     49486	80009ec4	ff9ff06f	jal	x0,80009ec0	
     494925.000 ns	     49491	80009ebc	00036f17	auipc	x30,0x36	 x30=0x8003febc
     494935.000 ns	     49492	80009ec0	143f2223	sw	x3,324(x30)	 x30:0x8003febc  x3:0x00000001 PA:0xxxxxxxxx
     494955.000 ns	     49494	80009ec4	ff9ff06f	jal	x0,80009ec0	
     495005.000 ns	     49499	80009ebc	00036f17	auipc	x30,0x36	 x30=0x8003febc
     495015.000 ns	     49500	80009ec0	143f2223	sw	x3,324(x30)	 x30:0x8003febc  x3:0x00000001 PA:0xxxxxxxxx
     495035.000 ns	     49502	80009ec4	ff9ff06f	jal	x0,80009ec0	
     495085.000 ns	     49507	80009ebc	00036f17	auipc	x30,0x36	 x30=0x8003febc
     495095.000 ns	     49508	80009ec0	143f2223	sw	x3,324(x30)	 x30:0x8003febc  x3:0x00000001 PA:0xxxxxxxxx
     495115.000 ns	     49510	80009ec4	ff9ff06f	jal	x0,80009ec0	
     495165.000 ns	     49515	80009ebc	00036f17	auipc	x30,0x36	 x30=0x8003febc
     495175.000 ns	     49516	80009ec0	143f2223	sw	x3,324(x30)	 x30:0x8003febc  x3:0x00000001 PA:0xxxxxxxxx
     495195.000 ns	     49518	80009ec4	ff9ff06f	jal	x0,80009ec0	
     495245.000 ns	     49523	80009ebc	00036f17	auipc	x30,0x36	 x30=0x8003febc
     495255.000 ns	     49524	80009ec0	143f2223	sw	x3,324(x30)	 x30:0x8003febc  x3:0x00000001 PA:0xxxxxxxxx
     495275.000 ns	     49526	80009ec4	ff9ff06f	jal	x0,80009ec0	
     495325.000 ns	     49531	80009ebc	00036f17	auipc	x30,0x36	 x30=0x8003febc
     495335.000 ns	     49532	80009ec0	143f2223	sw	x3,324(x30)	 x30:0x8003febc  x3:0x00000001 PA:0xxxxxxxxx
     495355.000 ns	     49534	80009ec4	ff9ff06f	jal	x0,80009ec0	
     495405.000 ns	     49539	80009ebc	00036f17	auipc	x30,0x36	 x30=0x8003febc
     495415.000 ns	     49540	80009ec0	143f2223	sw	x3,324(x30)	 x30:0x8003febc  x3:0x00000001 PA:0xxxxxxxxx
     495435.000 ns	     49542	80009ec4	ff9ff06f	jal	x0,80009ec0	
     495485.000 ns	     49547	80009ebc	00036f17	auipc	x30,0x36	 x30=0x8003febc
     495495.000 ns	     49548	80009ec0	143f2223	sw	x3,324(x30)	 x30:0x8003febc  x3:0x00000001 PA:0xxxxxxxxx
     495515.000 ns	     49550	80009ec4	ff9ff06f	jal	x0,80009ec0	
     495565.000 ns	     49555	80009ebc	00036f17	auipc	x30,0x36	 x30=0x8003febc
     495575.000 ns	     49556	80009ec0	143f2223	sw	x3,324(x30)	 x30:0x8003febc  x3:0x00000001 PA:0xxxxxxxxx
     495595.000 ns	     49558	80009ec4	ff9ff06f	jal	x0,80009ec0	
     495645.000 ns	     49563	80009ebc	00036f17	auipc	x30,0x36	 x30=0x8003febc
     495655.000 ns	     49564	80009ec0	143f2223	sw	x3,324(x30)	 x30:0x8003febc  x3:0x00000001 PA:0xxxxxxxxx
     495675.000 ns	     49566	80009ec4	ff9ff06f	jal	x0,80009ec0	
     495725.000 ns	     49571	80009ebc	00036f17	auipc	x30,0x36	 x30=0x8003febc
     495735.000 ns	     49572	80009ec0	143f2223	sw	x3,324(x30)	 x30:0x8003febc  x3:0x00000001 PA:0xxxxxxxxx
     495755.000 ns	     49574	80009ec4	ff9ff06f	jal	x0,80009ec0	
     495805.000 ns	     49579	80009ebc	00036f17	auipc	x30,0x36	 x30=0x8003febc
     495815.000 ns	     49580	80009ec0	143f2223	sw	x3,324(x30)	 x30:0x8003febc  x3:0x00000001 PA:0xxxxxxxxx
     495835.000 ns	     49582	80009ec4	ff9ff06f	jal	x0,80009ec0	
     495885.000 ns	     49587	80009ebc	00036f17	auipc	x30,0x36	 x30=0x8003febc
     495895.000 ns	     49588	80009ec0	143f2223	sw	x3,324(x30)	 x30:0x8003febc  x3:0x00000001 PA:0xxxxxxxxx
     495915.000 ns	     49590	80009ec4	ff9ff06f	jal	x0,80009ec0	
     495965.000 ns	     49595	80009ebc	00036f17	auipc	x30,0x36	 x30=0x8003febc
     495975.000 ns	     49596	80009ec0	143f2223	sw	x3,324(x30)	 x30:0x8003febc  x3:0x00000001 PA:0xxxxxxxxx
     495995.000 ns	     49598	80009ec4	ff9ff06f	jal	x0,80009ec0	
     496045.000 ns	     49603	80009ebc	00036f17	auipc	x30,0x36	 x30=0x8003febc
     496055.000 ns	     49604	80009ec0	143f2223	sw	x3,324(x30)	 x30:0x8003febc  x3:0x00000001 PA:0xxxxxxxxx
     496075.000 ns	     49606	80009ec4	ff9ff06f	jal	x0,80009ec0	
     496125.000 ns	     49611	80009ebc	00036f17	auipc	x30,0x36	 x30=0x8003febc
     496135.000 ns	     49612	80009ec0	143f2223	sw	x3,324(x30)	 x30:0x8003febc  x3:0x00000001 PA:0xxxxxxxxx
     496155.000 ns	     49614	80009ec4	ff9ff06f	jal	x0,80009ec0	
     496205.000 ns	     49619	80009ebc	00036f17	auipc	x30,0x36	 x30=0x8003febc
     496215.000 ns	     49620	80009ec0	143f2223	sw	x3,324(x30)	 x30:0x8003febc  x3:0x00000001 PA:0xxxxxxxxx
     496235.000 ns	     49622	80009ec4	ff9ff06f	jal	x0,80009ec0	
     496285.000 ns	     49627	80009ebc	00036f17	auipc	x30,0x36	 x30=0x8003febc
     496295.000 ns	     49628	80009ec0	143f2223	sw	x3,324(x30)	 x30:0x8003febc  x3:0x00000001 PA:0xxxxxxxxx
     496315.000 ns	     49630	80009ec4	ff9ff06f	jal	x0,80009ec0	
     496365.000 ns	     49635	80009ebc	00036f17	auipc	x30,0x36	 x30=0x8003febc
     496375.000 ns	     49636	80009ec0	143f2223	sw	x3,324(x30)	 x30:0x8003febc  x3:0x00000001 PA:0xxxxxxxxx
     496395.000 ns	     49638	80009ec4	ff9ff06f	jal	x0,80009ec0	
     496445.000 ns	     49643	80009ebc	00036f17	auipc	x30,0x36	 x30=0x8003febc
     496455.000 ns	     49644	80009ec0	143f2223	sw	x3,324(x30)	 x30:0x8003febc  x3:0x00000001 PA:0xxxxxxxxx
     496475.000 ns	     49646	80009ec4	ff9ff06f	jal	x0,80009ec0	
     496525.000 ns	     49651	80009ebc	00036f17	auipc	x30,0x36	 x30=0x8003febc
     496535.000 ns	     49652	80009ec0	143f2223	sw	x3,324(x30)	 x30:0x8003febc  x3:0x00000001 PA:0xxxxxxxxx
     496555.000 ns	     49654	80009ec4	ff9ff06f	jal	x0,80009ec0	
     496605.000 ns	     49659	80009ebc	00036f17	auipc	x30,0x36	 x30=0x8003febc
     496615.000 ns	     49660	80009ec0	143f2223	sw	x3,324(x30)	 x30:0x8003febc  x3:0x00000001 PA:0xxxxxxxxx
     496635.000 ns	     49662	80009ec4	ff9ff06f	jal	x0,80009ec0	
     496685.000 ns	     49667	80009ebc	00036f17	auipc	x30,0x36	 x30=0x8003febc
     496695.000 ns	     49668	80009ec0	143f2223	sw	x3,324(x30)	 x30:0x8003febc  x3:0x00000001 PA:0xxxxxxxxx
     496715.000 ns	     49670	80009ec4	ff9ff06f	jal	x0,80009ec0	
     496765.000 ns	     49675	80009ebc	00036f17	auipc	x30,0x36	 x30=0x8003febc
     496775.000 ns	     49676	80009ec0	143f2223	sw	x3,324(x30)	 x30:0x8003febc  x3:0x00000001 PA:0xxxxxxxxx
     496795.000 ns	     49678	80009ec4	ff9ff06f	jal	x0,80009ec0	
     496845.000 ns	     49683	80009ebc	00036f17	auipc	x30,0x36	 x30=0x8003febc
     496855.000 ns	     49684	80009ec0	143f2223	sw	x3,324(x30)	 x30:0x8003febc  x3:0x00000001 PA:0xxxxxxxxx
     496875.000 ns	     49686	80009ec4	ff9ff06f	jal	x0,80009ec0	
     496925.000 ns	     49691	80009ebc	00036f17	auipc	x30,0x36	 x30=0x8003febc
     496935.000 ns	     49692	80009ec0	143f2223	sw	x3,324(x30)	 x30:0x8003febc  x3:0x00000001 PA:0xxxxxxxxx
     496955.000 ns	     49694	80009ec4	ff9ff06f	jal	x0,80009ec0	
     497005.000 ns	     49699	80009ebc	00036f17	auipc	x30,0x36	 x30=0x8003febc
     497015.000 ns	     49700	80009ec0	143f2223	sw	x3,324(x30)	 x30:0x8003febc  x3:0x00000001 PA:0xxxxxxxxx
     497035.000 ns	     49702	80009ec4	ff9ff06f	jal	x0,80009ec0	
     497085.000 ns	     49707	80009ebc	00036f17	auipc	x30,0x36	 x30=0x8003febc
     497095.000 ns	     49708	80009ec0	143f2223	sw	x3,324(x30)	 x30:0x8003febc  x3:0x00000001 PA:0xxxxxxxxx
     497115.000 ns	     49710	80009ec4	ff9ff06f	jal	x0,80009ec0	
     497165.000 ns	     49715	80009ebc	00036f17	auipc	x30,0x36	 x30=0x8003febc
     497175.000 ns	     49716	80009ec0	143f2223	sw	x3,324(x30)	 x30:0x8003febc  x3:0x00000001 PA:0xxxxxxxxx
     497195.000 ns	     49718	80009ec4	ff9ff06f	jal	x0,80009ec0	
     497245.000 ns	     49723	80009ebc	00036f17	auipc	x30,0x36	 x30=0x8003febc
     497255.000 ns	     49724	80009ec0	143f2223	sw	x3,324(x30)	 x30:0x8003febc  x3:0x00000001 PA:0xxxxxxxxx
     497275.000 ns	     49726	80009ec4	ff9ff06f	jal	x0,80009ec0	
     497325.000 ns	     49731	80009ebc	00036f17	auipc	x30,0x36	 x30=0x8003febc
     497335.000 ns	     49732	80009ec0	143f2223	sw	x3,324(x30)	 x30:0x8003febc  x3:0x00000001 PA:0xxxxxxxxx
     497355.000 ns	     49734	80009ec4	ff9ff06f	jal	x0,80009ec0	
     497405.000 ns	     49739	80009ebc	00036f17	auipc	x30,0x36	 x30=0x8003febc
     497415.000 ns	     49740	80009ec0	143f2223	sw	x3,324(x30)	 x30:0x8003febc  x3:0x00000001 PA:0xxxxxxxxx
     497435.000 ns	     49742	80009ec4	ff9ff06f	jal	x0,80009ec0	
     497485.000 ns	     49747	80009ebc	00036f17	auipc	x30,0x36	 x30=0x8003febc
     497495.000 ns	     49748	80009ec0	143f2223	sw	x3,324(x30)	 x30:0x8003febc  x3:0x00000001 PA:0xxxxxxxxx
     497515.000 ns	     49750	80009ec4	ff9ff06f	jal	x0,80009ec0	
     497565.000 ns	     49755	80009ebc	00036f17	auipc	x30,0x36	 x30=0x8003febc
     497575.000 ns	     49756	80009ec0	143f2223	sw	x3,324(x30)	 x30:0x8003febc  x3:0x00000001 PA:0xxxxxxxxx
     497595.000 ns	     49758	80009ec4	ff9ff06f	jal	x0,80009ec0	
     497645.000 ns	     49763	80009ebc	00036f17	auipc	x30,0x36	 x30=0x8003febc
     497655.000 ns	     49764	80009ec0	143f2223	sw	x3,324(x30)	 x30:0x8003febc  x3:0x00000001 PA:0xxxxxxxxx
     497675.000 ns	     49766	80009ec4	ff9ff06f	jal	x0,80009ec0	
     497725.000 ns	     49771	80009ebc	00036f17	auipc	x30,0x36	 x30=0x8003febc
     497735.000 ns	     49772	80009ec0	143f2223	sw	x3,324(x30)	 x30:0x8003febc  x3:0x00000001 PA:0xxxxxxxxx
     497755.000 ns	     49774	80009ec4	ff9ff06f	jal	x0,80009ec0	
     497805.000 ns	     49779	80009ebc	00036f17	auipc	x30,0x36	 x30=0x8003febc
     497815.000 ns	     49780	80009ec0	143f2223	sw	x3,324(x30)	 x30:0x8003febc  x3:0x00000001 PA:0xxxxxxxxx
     497835.000 ns	     49782	80009ec4	ff9ff06f	jal	x0,80009ec0	
     497885.000 ns	     49787	80009ebc	00036f17	auipc	x30,0x36	 x30=0x8003febc
     497895.000 ns	     49788	80009ec0	143f2223	sw	x3,324(x30)	 x30:0x8003febc  x3:0x00000001 PA:0xxxxxxxxx
     497915.000 ns	     49790	80009ec4	ff9ff06f	jal	x0,80009ec0	
     497965.000 ns	     49795	80009ebc	00036f17	auipc	x30,0x36	 x30=0x8003febc
     497975.000 ns	     49796	80009ec0	143f2223	sw	x3,324(x30)	 x30:0x8003febc  x3:0x00000001 PA:0xxxxxxxxx
     497995.000 ns	     49798	80009ec4	ff9ff06f	jal	x0,80009ec0	
     498045.000 ns	     49803	80009ebc	00036f17	auipc	x30,0x36	 x30=0x8003febc
     498055.000 ns	     49804	80009ec0	143f2223	sw	x3,324(x30)	 x30:0x8003febc  x3:0x00000001 PA:0xxxxxxxxx
     498075.000 ns	     49806	80009ec4	ff9ff06f	jal	x0,80009ec0	
     498125.000 ns	     49811	80009ebc	00036f17	auipc	x30,0x36	 x30=0x8003febc
     498135.000 ns	     49812	80009ec0	143f2223	sw	x3,324(x30)	 x30:0x8003febc  x3:0x00000001 PA:0xxxxxxxxx
     498155.000 ns	     49814	80009ec4	ff9ff06f	jal	x0,80009ec0	
     498205.000 ns	     49819	80009ebc	00036f17	auipc	x30,0x36	 x30=0x8003febc
     498215.000 ns	     49820	80009ec0	143f2223	sw	x3,324(x30)	 x30:0x8003febc  x3:0x00000001 PA:0xxxxxxxxx
     498235.000 ns	     49822	80009ec4	ff9ff06f	jal	x0,80009ec0	
     498285.000 ns	     49827	80009ebc	00036f17	auipc	x30,0x36	 x30=0x8003febc
     498295.000 ns	     49828	80009ec0	143f2223	sw	x3,324(x30)	 x30:0x8003febc  x3:0x00000001 PA:0xxxxxxxxx
     498315.000 ns	     49830	80009ec4	ff9ff06f	jal	x0,80009ec0	
     498365.000 ns	     49835	80009ebc	00036f17	auipc	x30,0x36	 x30=0x8003febc
     498375.000 ns	     49836	80009ec0	143f2223	sw	x3,324(x30)	 x30:0x8003febc  x3:0x00000001 PA:0xxxxxxxxx
     498395.000 ns	     49838	80009ec4	ff9ff06f	jal	x0,80009ec0	
     498445.000 ns	     49843	80009ebc	00036f17	auipc	x30,0x36	 x30=0x8003febc
     498455.000 ns	     49844	80009ec0	143f2223	sw	x3,324(x30)	 x30:0x8003febc  x3:0x00000001 PA:0xxxxxxxxx
     498475.000 ns	     49846	80009ec4	ff9ff06f	jal	x0,80009ec0	
     498525.000 ns	     49851	80009ebc	00036f17	auipc	x30,0x36	 x30=0x8003febc
     498535.000 ns	     49852	80009ec0	143f2223	sw	x3,324(x30)	 x30:0x8003febc  x3:0x00000001 PA:0xxxxxxxxx
     498555.000 ns	     49854	80009ec4	ff9ff06f	jal	x0,80009ec0	
     498605.000 ns	     49859	80009ebc	00036f17	auipc	x30,0x36	 x30=0x8003febc
     498615.000 ns	     49860	80009ec0	143f2223	sw	x3,324(x30)	 x30:0x8003febc  x3:0x00000001 PA:0xxxxxxxxx
     498635.000 ns	     49862	80009ec4	ff9ff06f	jal	x0,80009ec0	
     498685.000 ns	     49867	80009ebc	00036f17	auipc	x30,0x36	 x30=0x8003febc
     498695.000 ns	     49868	80009ec0	143f2223	sw	x3,324(x30)	 x30:0x8003febc  x3:0x00000001 PA:0xxxxxxxxx
     498715.000 ns	     49870	80009ec4	ff9ff06f	jal	x0,80009ec0	
     498765.000 ns	     49875	80009ebc	00036f17	auipc	x30,0x36	 x30=0x8003febc
     498775.000 ns	     49876	80009ec0	143f2223	sw	x3,324(x30)	 x30:0x8003febc  x3:0x00000001 PA:0xxxxxxxxx
     498795.000 ns	     49878	80009ec4	ff9ff06f	jal	x0,80009ec0	
     498845.000 ns	     49883	80009ebc	00036f17	auipc	x30,0x36	 x30=0x8003febc
     498855.000 ns	     49884	80009ec0	143f2223	sw	x3,324(x30)	 x30:0x8003febc  x3:0x00000001 PA:0xxxxxxxxx
     498875.000 ns	     49886	80009ec4	ff9ff06f	jal	x0,80009ec0	
     498925.000 ns	     49891	80009ebc	00036f17	auipc	x30,0x36	 x30=0x8003febc
     498935.000 ns	     49892	80009ec0	143f2223	sw	x3,324(x30)	 x30:0x8003febc  x3:0x00000001 PA:0xxxxxxxxx
     498955.000 ns	     49894	80009ec4	ff9ff06f	jal	x0,80009ec0	
     499005.000 ns	     49899	80009ebc	00036f17	auipc	x30,0x36	 x30=0x8003febc
     499015.000 ns	     49900	80009ec0	143f2223	sw	x3,324(x30)	 x30:0x8003febc  x3:0x00000001 PA:0xxxxxxxxx
     499035.000 ns	     49902	80009ec4	ff9ff06f	jal	x0,80009ec0	
     499085.000 ns	     49907	80009ebc	00036f17	auipc	x30,0x36	 x30=0x8003febc
     499095.000 ns	     49908	80009ec0	143f2223	sw	x3,324(x30)	 x30:0x8003febc  x3:0x00000001 PA:0xxxxxxxxx
     499115.000 ns	     49910	80009ec4	ff9ff06f	jal	x0,80009ec0	
     499165.000 ns	     49915	80009ebc	00036f17	auipc	x30,0x36	 x30=0x8003febc
     499175.000 ns	     49916	80009ec0	143f2223	sw	x3,324(x30)	 x30:0x8003febc  x3:0x00000001 PA:0xxxxxxxxx
     499195.000 ns	     49918	80009ec4	ff9ff06f	jal	x0,80009ec0	
     499245.000 ns	     49923	80009ebc	00036f17	auipc	x30,0x36	 x30=0x8003febc
     499255.000 ns	     49924	80009ec0	143f2223	sw	x3,324(x30)	 x30:0x8003febc  x3:0x00000001 PA:0xxxxxxxxx
     499275.000 ns	     49926	80009ec4	ff9ff06f	jal	x0,80009ec0	
     499325.000 ns	     49931	80009ebc	00036f17	auipc	x30,0x36	 x30=0x8003febc
     499335.000 ns	     49932	80009ec0	143f2223	sw	x3,324(x30)	 x30:0x8003febc  x3:0x00000001 PA:0xxxxxxxxx
     499355.000 ns	     49934	80009ec4	ff9ff06f	jal	x0,80009ec0	
     499405.000 ns	     49939	80009ebc	00036f17	auipc	x30,0x36	 x30=0x8003febc
     499415.000 ns	     49940	80009ec0	143f2223	sw	x3,324(x30)	 x30:0x8003febc  x3:0x00000001 PA:0xxxxxxxxx
     499435.000 ns	     49942	80009ec4	ff9ff06f	jal	x0,80009ec0	
     499485.000 ns	     49947	80009ebc	00036f17	auipc	x30,0x36	 x30=0x8003febc
     499495.000 ns	     49948	80009ec0	143f2223	sw	x3,324(x30)	 x30:0x8003febc  x3:0x00000001 PA:0xxxxxxxxx
     499515.000 ns	     49950	80009ec4	ff9ff06f	jal	x0,80009ec0	
     499565.000 ns	     49955	80009ebc	00036f17	auipc	x30,0x36	 x30=0x8003febc
     499575.000 ns	     49956	80009ec0	143f2223	sw	x3,324(x30)	 x30:0x8003febc  x3:0x00000001 PA:0xxxxxxxxx
     499595.000 ns	     49958	80009ec4	ff9ff06f	jal	x0,80009ec0	
     499645.000 ns	     49963	80009ebc	00036f17	auipc	x30,0x36	 x30=0x8003febc
     499655.000 ns	     49964	80009ec0	143f2223	sw	x3,324(x30)	 x30:0x8003febc  x3:0x00000001 PA:0xxxxxxxxx
     499675.000 ns	     49966	80009ec4	ff9ff06f	jal	x0,80009ec0	
     499725.000 ns	     49971	80009ebc	00036f17	auipc	x30,0x36	 x30=0x8003febc
     499735.000 ns	     49972	80009ec0	143f2223	sw	x3,324(x30)	 x30:0x8003febc  x3:0x00000001 PA:0xxxxxxxxx
     499755.000 ns	     49974	80009ec4	ff9ff06f	jal	x0,80009ec0	
     499805.000 ns	     49979	80009ebc	00036f17	auipc	x30,0x36	 x30=0x8003febc
     499815.000 ns	     49980	80009ec0	143f2223	sw	x3,324(x30)	 x30:0x8003febc  x3:0x00000001 PA:0xxxxxxxxx
     499835.000 ns	     49982	80009ec4	ff9ff06f	jal	x0,80009ec0	
     499885.000 ns	     49987	80009ebc	00036f17	auipc	x30,0x36	 x30=0x8003febc
     499895.000 ns	     49988	80009ec0	143f2223	sw	x3,324(x30)	 x30:0x8003febc  x3:0x00000001 PA:0xxxxxxxxx
     499915.000 ns	     49990	80009ec4	ff9ff06f	jal	x0,80009ec0	
     499965.000 ns	     49995	80009ebc	00036f17	auipc	x30,0x36	 x30=0x8003febc
     499975.000 ns	     49996	80009ec0	143f2223	sw	x3,324(x30)	 x30:0x8003febc  x3:0x00000001 PA:0xxxxxxxxx
