		Time			Cycle	PC		Insn	Decoded instruction	Register and memory contents
         65.000 ns	         5	80000000	f14022f3	csrrs	x5,mhartid,x0	  x0:0x00000000  x5=0xffffff14
         75.000 ns	         6	80000004	00000313	addi	x6,x0,0	  x0:0x00000000  x6=0x00000000
         85.000 ns	         7	80000008	00628263	beq	x5,x6,8000000c	  x5:0x00000000  x6:0x00000000
         95.000 ns	         8	8000000c	00000717	auipc	x14,0x0	 x14=0x8000000c
        105.000 ns	         9	80000010	00c70713	addi	x14,x14,12	 x14:0x00000000 x14=0x80000018
        115.000 ns	        10	80000014	00070067	jalr	x0,x14,0	 x14:0x00000000
        165.000 ns	        15	80000018	400013b7	lui	x7,0x40001	  x7=0x40001000
        175.000 ns	        16	8000001c	12038393	addi	x7,x7,288	  x7:0x00000000  x7=0x40001120
        185.000 ns	        17	80000020	30139073	csrrw	x0,misa,x7	  x7:0x00000000
        195.000 ns	        18	80000024	00041917	auipc	x18,0x41	 x18=0x80041024
        205.000 ns	        19	80000028	00090913	addi	x18,x18,0	 x18:0x00000000 x18=0x80041024
        215.000 ns	        20	8000002c	0000a397	auipc	x7,0xa	  x7=0x8000a02c
        225.000 ns	        21	80000030	e7c38393	addi	x7,x7,-388	  x7:0x40001120  x7=0x80009ea8
        235.000 ns	        22	80000034	0003e393	ori	x7,x7,0	  x7:0x40001120  x7=0x80009ea8
        245.000 ns	        23	80000038	30539073	csrrw	x0,mtvec,x7	  x7:0x8000a02c
        255.000 ns	        24	8000003c	00000397	auipc	x7,0x0	  x7=0x8000003c
        265.000 ns	        25	80000040	02838393	addi	x7,x7,40	  x7:0x80009ea8  x7=0x80000064
        275.000 ns	        26	80000044	34139073	csrrw	x0,mepc,x7	  x7:0x80009ea8
        285.000 ns	        27	80000048	00000013	addi	x0,x0,0	  x0:0x00000000
        295.000 ns	        28	8000004c	000043b7	lui	x7,0x4	  x7=0x00004000
        305.000 ns	        29	80000050	80038393	addi	x7,x7,-2048	  x7:0x80000064  x7=0x00003800
        315.000 ns	        30	80000054	30039073	csrrw	x0,mstatus,x7	  x7:0x80000064
        325.000 ns	        31	80000058	00000393	addi	x7,x0,0	  x0:0x00000000  x7=0x00000000
        335.000 ns	        32	8000005c	30439073	csrrw	x0,mie,x7	  x7:0x00003800
        345.000 ns	        33	80000060	30200073	mret	
        355.000 ns	        34	80000064	7fc003b7	lui	x7,0x7fc00	  x7=0x7fc00000
        375.000 ns	        36	80000068	f0038053	fmv.w.x	f0,x7	  x7:0x00000000  f0=0x7fc00000
        395.000 ns	        38	8000006c	c5f3c3b7	lui	x7,0xc5f3c	  x7=0xc5f3c000
        405.000 ns	        39	80000070	01138393	addi	x7,x7,17	  x7:0x7fc00000  x7=0xc5f3c011
        425.000 ns	        41	80000074	f00380d3	fmv.w.x	f1,x7	  x7:0x7fc00000  f1=0xc5f3c011
        445.000 ns	        43	80000078	ff8003b7	lui	x7,0xff800	  x7=0xff800000
        465.000 ns	        45	8000007c	f0038153	fmv.w.x	f2,x7	  x7:0xc5f3c011  f2=0xff800000
        485.000 ns	        47	80000080	996ba3b7	lui	x7,0x996ba	  x7=0x996ba000
        495.000 ns	        48	80000084	d3538393	addi	x7,x7,-715	  x7:0xff800000  x7=0x996b9d35
        515.000 ns	        50	80000088	f00381d3	fmv.w.x	f3,x7	  x7:0xff800000  f3=0x996b9d35
        535.000 ns	        52	8000008c	7f8003b7	lui	x7,0x7f800	  x7=0x7f800000
        555.000 ns	        54	80000090	f0038253	fmv.w.x	f4,x7	  x7:0x996b9d35  f4=0x7f800000
        575.000 ns	        56	80000094	800003b7	lui	x7,0x80000	  x7=0x80000000
        595.000 ns	        58	80000098	f00382d3	fmv.w.x	f5,x7	  x7:0x7f800000  f5=0x80000000
        615.000 ns	        60	8000009c	ff8003b7	lui	x7,0xff800	  x7=0xff800000
        635.000 ns	        62	800000a0	f0038353	fmv.w.x	f6,x7	  x7:0x80000000  f6=0xff800000
        655.000 ns	        64	800000a4	bbee73b7	lui	x7,0xbbee7	  x7=0xbbee7000
        665.000 ns	        65	800000a8	c8838393	addi	x7,x7,-888	  x7:0xff800000  x7=0xbbee6c88
        685.000 ns	        67	800000ac	f00383d3	fmv.w.x	f7,x7	  x7:0xff800000  f7=0xbbee6c88
        705.000 ns	        69	800000b0	449ef3b7	lui	x7,0x449ef	  x7=0x449ef000
        715.000 ns	        70	800000b4	99838393	addi	x7,x7,-1640	  x7:0xbbee6c88  x7=0x449ee998
        735.000 ns	        72	800000b8	f0038453	fmv.w.x	f8,x7	  x7:0xbbee6c88  f8=0x449ee998
        755.000 ns	        74	800000bc	00000393	addi	x7,x0,0	  x0:0x00000000  x7=0x00000000
        775.000 ns	        76	800000c0	f00384d3	fmv.w.x	f9,x7	  x7:0x449ee998  f9=0x00000000
        795.000 ns	        78	800000c4	7fc003b7	lui	x7,0x7fc00	  x7=0x7fc00000
        815.000 ns	        80	800000c8	f0038553	fmv.w.x	f10,x7	  x7:0x00000000 f10=0x7fc00000
        835.000 ns	        82	800000cc	7f8003b7	lui	x7,0x7f800	  x7=0x7f800000
        855.000 ns	        84	800000d0	f00385d3	fmv.w.x	f11,x7	  x7:0x7fc00000 f11=0x7f800000
        875.000 ns	        86	800000d4	804b83b7	lui	x7,0x804b8	  x7=0x804b8000
        885.000 ns	        87	800000d8	c7038393	addi	x7,x7,-912	  x7:0x7f800000  x7=0x804b7c70
        905.000 ns	        89	800000dc	f0038653	fmv.w.x	f12,x7	  x7:0x7f800000 f12=0x804b7c70
        925.000 ns	        91	800000e0	800003b7	lui	x7,0x80000	  x7=0x80000000
        945.000 ns	        93	800000e4	f00386d3	fmv.w.x	f13,x7	  x7:0x804b7c70 f13=0x80000000
        965.000 ns	        95	800000e8	7fc003b7	lui	x7,0x7fc00	  x7=0x7fc00000
        985.000 ns	        97	800000ec	f0038753	fmv.w.x	f14,x7	  x7:0x80000000 f14=0x7fc00000
       1005.000 ns	        99	800000f0	7fc003b7	lui	x7,0x7fc00	  x7=0x7fc00000
       1025.000 ns	       101	800000f4	f00387d3	fmv.w.x	f15,x7	  x7:0x7fc00000 f15=0x7fc00000
       1045.000 ns	       103	800000f8	ff8003b7	lui	x7,0xff800	  x7=0xff800000
       1055.000 ns	       104	800000fc	fff38393	addi	x7,x7,-1	  x7:0x7fc00000  x7=0xff7fffff
       1075.000 ns	       106	80000100	f0038853	fmv.w.x	f16,x7	  x7:0x7fc00000 f16=0xff7fffff
       1095.000 ns	       108	80000104	800003b7	lui	x7,0x80000	  x7=0x80000000
       1115.000 ns	       110	80000108	f00388d3	fmv.w.x	f17,x7	  x7:0xff7fffff f17=0x80000000
       1135.000 ns	       112	8000010c	00000393	addi	x7,x0,0	  x0:0x00000000  x7=0x00000000
       1155.000 ns	       114	80000110	f0038953	fmv.w.x	f18,x7	  x7:0x80000000 f18=0x00000000
       1175.000 ns	       116	80000114	803213b7	lui	x7,0x80321	  x7=0x80321000
       1185.000 ns	       117	80000118	8f338393	addi	x7,x7,-1805	  x7:0x00000000  x7=0x803208f3
       1205.000 ns	       119	8000011c	f00389d3	fmv.w.x	f19,x7	  x7:0x00000000 f19=0x803208f3
       1225.000 ns	       121	80000120	800003b7	lui	x7,0x80000	  x7=0x80000000
       1245.000 ns	       123	80000124	f0038a53	fmv.w.x	f20,x7	  x7:0x803208f3 f20=0x80000000
       1265.000 ns	       125	80000128	7fc003b7	lui	x7,0x7fc00	  x7=0x7fc00000
       1285.000 ns	       127	8000012c	f0038ad3	fmv.w.x	f21,x7	  x7:0x80000000 f21=0x7fc00000
       1305.000 ns	       129	80000130	801913b7	lui	x7,0x80191	  x7=0x80191000
       1315.000 ns	       130	80000134	d6438393	addi	x7,x7,-668	  x7:0x7fc00000  x7=0x80190d64
       1335.000 ns	       132	80000138	f0038b53	fmv.w.x	f22,x7	  x7:0x7fc00000 f22=0x80190d64
       1355.000 ns	       134	8000013c	8051a3b7	lui	x7,0x8051a	  x7=0x8051a000
       1365.000 ns	       135	80000140	89938393	addi	x7,x7,-1895	  x7:0x80190d64  x7=0x80519899
       1385.000 ns	       137	80000144	f0038bd3	fmv.w.x	f23,x7	  x7:0x80190d64 f23=0x80519899
       1405.000 ns	       139	80000148	00000393	addi	x7,x0,0	  x0:0x00000000  x7=0x00000000
       1425.000 ns	       141	8000014c	f0038c53	fmv.w.x	f24,x7	  x7:0x80519899 f24=0x00000000
       1445.000 ns	       143	80000150	ff8003b7	lui	x7,0xff800	  x7=0xff800000
       1465.000 ns	       145	80000154	f0038cd3	fmv.w.x	f25,x7	  x7:0x00000000 f25=0xff800000
       1485.000 ns	       147	80000158	800003b7	lui	x7,0x80000	  x7=0x80000000
       1505.000 ns	       149	8000015c	f0038d53	fmv.w.x	f26,x7	  x7:0xff800000 f26=0x80000000
       1525.000 ns	       151	80000160	ff8003b7	lui	x7,0xff800	  x7=0xff800000
       1535.000 ns	       152	80000164	fff38393	addi	x7,x7,-1	  x7:0x80000000  x7=0xff7fffff
       1555.000 ns	       154	80000168	f0038dd3	fmv.w.x	f27,x7	  x7:0x80000000 f27=0xff7fffff
       1575.000 ns	       156	8000016c	7fc003b7	lui	x7,0x7fc00	  x7=0x7fc00000
       1595.000 ns	       158	80000170	f0038e53	fmv.w.x	f28,x7	  x7:0xff7fffff f28=0x7fc00000
       1615.000 ns	       160	80000174	1f3113b7	lui	x7,0x1f311	  x7=0x1f311000
       1625.000 ns	       161	80000178	1b338393	addi	x7,x7,435	  x7:0x7fc00000  x7=0x1f3111b3
       1645.000 ns	       163	8000017c	f0038ed3	fmv.w.x	f29,x7	  x7:0x7fc00000 f29=0x1f3111b3
       1665.000 ns	       165	80000180	807b03b7	lui	x7,0x807b0	  x7=0x807b0000
       1675.000 ns	       166	80000184	f8538393	addi	x7,x7,-123	  x7:0x1f3111b3  x7=0x807aff85
       1695.000 ns	       168	80000188	f0038f53	fmv.w.x	f30,x7	  x7:0x1f3111b3 f30=0x807aff85
       1715.000 ns	       170	8000018c	800003b7	lui	x7,0x80000	  x7=0x80000000
       1735.000 ns	       172	80000190	f0038fd3	fmv.w.x	f31,x7	  x7:0x807aff85 f31=0x80000000
       1755.000 ns	       174	80000194	00225073	csrrwi	x0,frm,4	
       1765.000 ns	       175	80000198	80000037	lui	x0,0x80000	
       1775.000 ns	       176	8000019c	00000013	addi	x0,x0,0	  x0:0x00000000
       1785.000 ns	       177	800001a0	800000b7	lui	x1,0x80000	  x1=0x80000000
       1795.000 ns	       178	800001a4	80000137	lui	x2,0x80000	  x2=0x80000000
       1805.000 ns	       179	800001a8	6a9211b7	lui	x3,0x6a921	  x3=0x6a921000
       1815.000 ns	       180	800001ac	09518193	addi	x3,x3,149	  x3:0x00000000  x3=0x6a921095
       1825.000 ns	       181	800001b0	fb787237	lui	x4,0xfb787	  x4=0xfb787000
       1835.000 ns	       182	800001b4	b6c20213	addi	x4,x4,-1172	  x4:0x00000000  x4=0xfb786b6c
       1845.000 ns	       183	800001b8	800002b7	lui	x5,0x80000	  x5=0x80000000
       1855.000 ns	       184	800001bc	00000313	addi	x6,x0,0	  x0:0x00000000  x6=0x00000000
       1865.000 ns	       185	800001c0	00000393	addi	x7,x0,0	  x0:0x00000000  x7=0x00000000
       1875.000 ns	       186	800001c4	f27bc437	lui	x8,0xf27bc	  x8=0xf27bc000
       1885.000 ns	       187	800001c8	aa940413	addi	x8,x8,-1367	  x8:0x00000000  x8=0xf27bbaa9
       1895.000 ns	       188	800001cc	00f00493	addi	x9,x0,15	  x0:0x00000000  x9=0x0000000f
       1905.000 ns	       189	800001d0	80000537	lui	x10,0x80000	 x10=0x80000000
       1915.000 ns	       190	800001d4	800005b7	lui	x11,0x80000	 x11=0x80000000
       1925.000 ns	       191	800001d8	00000613	addi	x12,x0,0	  x0:0x00000000 x12=0x00000000
       1935.000 ns	       192	800001dc	c9f126b7	lui	x13,0xc9f12	 x13=0xc9f12000
       1945.000 ns	       193	800001e0	d7d68693	addi	x13,x13,-643	 x13:0x00000000 x13=0xc9f11d7d
       1955.000 ns	       194	800001e4	80000737	lui	x14,0x80000	 x14=0x80000000
       1965.000 ns	       195	800001e8	00100793	addi	x15,x0,1	  x0:0x00000000 x15=0x00000001
       1975.000 ns	       196	800001ec	f999e837	lui	x16,0xf999e	 x16=0xf999e000
       1985.000 ns	       197	800001f0	5cc80813	addi	x16,x16,1484	 x16:0x00000000 x16=0xf999e5cc
       1995.000 ns	       198	800001f4	00f00893	addi	x17,x0,15	  x0:0x00000000 x17=0x0000000f
       2005.000 ns	       199	800001f8	208629b7	lui	x19,0x20862	 x19=0x20862000
       2015.000 ns	       200	800001fc	e5198993	addi	x19,x19,-431	 x19:0x00000000 x19=0x20861e51
       2025.000 ns	       201	80000200	00900a13	addi	x20,x0,9	  x0:0x00000000 x20=0x00000009
       2035.000 ns	       202	80000204	cd720ab7	lui	x21,0xcd720	 x21=0xcd720000
       2045.000 ns	       203	80000208	21da8a93	addi	x21,x21,541	 x21:0x00000000 x21=0xcd72021d
       2055.000 ns	       204	8000020c	00c00b13	addi	x22,x0,12	  x0:0x00000000 x22=0x0000000c
       2065.000 ns	       205	80000210	bce39c37	lui	x24,0xbce39	 x24=0xbce39000
       2075.000 ns	       206	80000214	310c0c13	addi	x24,x24,784	 x24:0x00000000 x24=0xbce39310
       2085.000 ns	       207	80000218	80000cb7	lui	x25,0x80000	 x25=0x80000000
       2095.000 ns	       208	8000021c	80000d37	lui	x26,0x80000	 x26=0x80000000
       2105.000 ns	       209	80000220	904a0db7	lui	x27,0x904a0	 x27=0x904a0000
       2115.000 ns	       210	80000224	10cd8d93	addi	x27,x27,268	 x27:0x00000000 x27=0x904a010c
       2125.000 ns	       211	80000228	fc835e37	lui	x28,0xfc835	 x28=0xfc835000
       2135.000 ns	       212	8000022c	b0ce0e13	addi	x28,x28,-1268	 x28:0x00000000 x28=0xfc834b0c
       2145.000 ns	       213	80000230	00000e93	addi	x29,x0,0	  x0:0x00000000 x29=0x00000000
       2155.000 ns	       214	80000234	80000f37	lui	x30,0x80000	 x30=0x80000000
       2165.000 ns	       215	80000238	80000fb7	lui	x31,0x80000	 x31=0x80000000
       2175.000 ns	       216	8000023c	00041b97	auipc	x23,0x41	 x23=0x8004123c
       2185.000 ns	       217	80000240	da8b8b93	addi	x23,x23,-600	 x23:0x00000000 x23=0x80040fe4
       2545.000 ns	       253	80000244	02a65233	divu	x4,x12,x10	 x12:0x00000000 x10:0x80000000  x4=0x00000000
       2565.000 ns	       255	80000248	3f9c4093	xori	x1,x24,1017	 x24:0xbce39310  x1=0xbce390e9
       2585.000 ns	       257	8000024c	212f0553	fsgnj.s	f10,f30,f18	 f30:0x807aff85 f18:0x00000000 f10=0x007aff85
       2605.000 ns	       259	80000250	00235b13	srli	x22,x6,0x2	  x6:0x00000000 x22=0x00000000
       2635.000 ns	       262	80000254	18c48653	fdiv.s	f12,f9,f12	  f9:0x00000000 f12:0x804b7c70 f12=0x80000000
       2665.000 ns	       265	80000258	21dd9553	fsgnjn.s	f10,f27,f29	 f27:0xff7fffff f29:0x1f3111b3 f10=0xff7fffff
       2695.000 ns	       268	8000025c	d000fc53	fcvt.s.w	f24,x1	  x1:0xbce390e9 f24=0xce8638de
       2715.000 ns	       270	80000260	01266433	or	x8,x12,x18	 x12:0x00000000 x18:0x80041024  x8=0x80041024
       2735.000 ns	       272	80000264	29ac8553	fmin.s	f10,f25,f26	 f25:0xff800000 f26:0x80000000 f10=0xff800000
       2765.000 ns	       275	80000268	21410ed3	fsgnj.s	f29,f2,f20	  f2:0xff800000 f20:0x80000000 f29=0xff800000
       2785.000 ns	       277	8000026c	35b83213	sltiu	x4,x16,859	 x16:0xf999e5cc  x4=0x00000000
       2805.000 ns	       279	80000270	03e70fb3	mul	x31,x14,x30	 x14:0x80000000 x30:0x80000000 x31=0x00000000
       2825.000 ns	       281	80000274	00752e33	slt	x28,x10,x7	 x10:0x80000000  x7:0x00000000 x28=0x00000001
       2835.000 ns	       282	80000278	40db5433	sra	x8,x22,x13	 x22:0x00000000 x13:0xc9f11d7d  x8=0x00000000
       2845.000 ns	       283	8000027c	0107e333	or	x6,x15,x16	 x15:0x00000001 x16:0xf999e5cc  x6=0xf999e5cd
       3205.000 ns	       319	80000280	03e77e33	remu	x28,x14,x30	 x14:0x80000000 x30:0x80000000 x28=0x00000000
       3225.000 ns	       321	80000284	402c5813	srai	x16,x24,0x2	 x24:0xbce39310 x16=0xef38e4c4
       3235.000 ns	       322	80000288	01116433	or	x8,x2,x17	  x2:0x80000000 x17:0x0000000f  x8=0x8000000f
       3595.000 ns	       358	8000028c	0252f233	remu	x4,x5,x5	  x5:0x80000000  x5:0x80000000  x4=0x00000000
       3645.000 ns	       363	80000290	09d7f2d3	fsub.s	f5,f15,f29	 f15:0x7fc00000 f29:0xff800000  f5=0x7fc00000
       3675.000 ns	       366	80000294	21c29353	fsgnjn.s	f6,f5,f28	  f5:0x80000000 f28:0x7fc00000  f6=0xffc00000
       3695.000 ns	       368	80000298	013035b3	sltu	x11,x0,x19	  x0:0x00000000 x19:0x20861e51 x11=0x00000001
       3705.000 ns	       369	8000029c	010a09b3	add	x19,x20,x16	 x20:0x00000009 x16:0xef38e4c4 x19=0xef38e4cd
       3725.000 ns	       371	800002a0	c016c6d3	fcvt.wu.s	x13,f13	 f13:0x80000000 x13=0x00000000
       3745.000 ns	       373	800002a4	9dcfec13	ori	x24,x31,-1572	 x31:0x00000000 x24=0xfffff9dc
       3765.000 ns	       375	800002a8	285918d3	fmax.s	f17,f18,f5	 f18:0x00000000  f5:0x7fc00000 f17=0x00000000
       3795.000 ns	       378	800002ac	e0030253	fmv.x.w	x4,f6	  f6:0xffc00000  x4=0xffc00000
       3825.000 ns	       381	800002b0	a1238353	fle.s	x6,f7,f18	  f7:0xbbee6c88 f18:0x00000000  x6=0x00000001
       3845.000 ns	       383	800002b4	00909c33	sll	x24,x1,x9	  x1:0xbce390e9  x9:0x0000000f x24=0xc8748000
       3855.000 ns	       384	800002b8	01158fb3	add	x31,x11,x17	 x11:0x00000001 x17:0x0000000f x31=0x00000010
       3865.000 ns	       385	800002bc	40565b33	sra	x22,x12,x5	 x12:0x00000000  x5:0x80000000 x22=0x00000000
       3875.000 ns	       386	800002c0	40c50133	sub	x2,x10,x12	 x10:0x80000000 x12:0x00000000  x2=0x80000000
       3905.000 ns	       389	800002c4	1053f053	fmul.s	f0,f7,f5	  f7:0xbbee6c88  f5:0x7fc00000  f0=0x7fc00000
       3935.000 ns	       392	800002c8	02fe2a33	mulhsu	x20,x28,x15	 x28:0x00000000 x15:0x00000001 x20=0x00000000
       3955.000 ns	       394	800002cc	01261293	slli	x5,x12,0x12	 x12:0x00000000  x5=0x00000000
       3975.000 ns	       396	800002d0	d00bf7d3	fcvt.s.w	f15,x23	 x23:0x80040fe4 f15=0xcefff7e0
       3995.000 ns	       398	800002d4	013c5633	srl	x12,x24,x19	 x24:0xc8748000 x19:0xef38e4cd x12=0x000643a4
       4005.000 ns	       399	800002d8	403e8533	sub	x10,x29,x3	 x29:0x00000000  x3:0x6a921095 x10=0x956def6b
       4035.000 ns	       402	800002dc	18404d53	fdiv.s	f26,f0,f4	  f0:0x7fc00000  f4:0x7f800000 f26=0x7fc00000
       4055.000 ns	       404	800002e0	d7833fb7	lui	x31,0xd7833	 x31=0xd7833000
       4065.000 ns	       405	800002e4	00921233	sll	x4,x4,x9	  x4:0xffc00000  x9:0x0000000f  x4=0x00000000
       4085.000 ns	       407	800002e8	a1b72453	feq.s	x8,f14,f27	 f14:0x7fc00000 f27:0xff7fffff  x8=0x00000000
       4115.000 ns	       410	800002ec	29af9f53	fmax.s	f30,f31,f26	 f31:0x80000000 f26:0x7fc00000 f30=0x80000000
       4145.000 ns	       413	800002f0	02b91b33	mulh	x22,x18,x11	 x18:0x80041024 x11:0x00000001 x22=0xffffffff
       4165.000 ns	       415	800002f4	007628b3	slt	x17,x12,x7	 x12:0x000643a4  x7:0x00000000 x17=0x00000000
       4185.000 ns	       417	800002f8	21ae00d3	fsgnj.s	f1,f28,f26	 f28:0x7fc00000 f26:0x7fc00000  f1=0x7fc00000
       4205.000 ns	       419	800002fc	01fbb3b3	sltu	x7,x23,x31	 x23:0x80040fe4 x31:0xd7833000  x7=0x00000001
       4215.000 ns	       420	80000300	007576b3	and	x13,x10,x7	 x10:0x956def6b  x7:0x00000000 x13=0x00000001
       4255.000 ns	       424	80000304	09ca9953	fsub.s	f18,f21,f28	 f21:0x7fc00000 f28:0x7fc00000 f18=0x7fc00000
       4275.000 ns	       426	80000308	009de3b3	or	x7,x27,x9	 x27:0x904a010c  x9:0x0000000f  x7=0x904a010f
       4285.000 ns	       427	8000030c	00bad793	srli	x15,x21,0xb	 x21:0xcd72021d x15=0x0019ae40
       4315.000 ns	       430	80000310	107378d3	fmul.s	f17,f6,f7	  f6:0xffc00000  f7:0xbbee6c88 f17=0x7fc00000
       4335.000 ns	       432	80000314	00d95593	srli	x11,x18,0xd	 x18:0x80041024 x11=0x00040020
       4365.000 ns	       435	80000318	10300c53	fmul.s	f24,f0,f3	  f0:0x7fc00000  f3:0x996b9d35 f24=0x7fc00000
       4385.000 ns	       437	8000031c	ce806513	ori	x10,x0,-792	  x0:0x00000000 x10=0xfffffce8
       4405.000 ns	       439	80000320	02bfa7b3	mulhsu	x15,x31,x11	 x31:0xd7833000 x11:0x00040020 x15=0xffff5e07
       4425.000 ns	       441	80000324	00521d93	slli	x27,x4,0x5	  x4:0x00000000 x27=0x00000000
       4435.000 ns	       442	80000328	1fff6f93	ori	x31,x30,511	 x30:0x80000000 x31=0x800001ff
       4795.000 ns	       478	8000032c	0292f833	remu	x16,x5,x9	  x5:0x00000000  x9:0x0000000f x16=0x00000000
       4835.000 ns	       482	80000330	580bc5d3	fsqrt.s	f11,f23	 f23:0x80519899 f11=0x7fc00000
       4855.000 ns	       484	80000334	018162b3	or	x5,x2,x24	  x2:0x80000000 x24:0xc8748000  x5=0xc8748000
       4865.000 ns	       485	80000338	9a967f93	andi	x31,x12,-1623	 x12:0x000643a4 x31=0x000641a0
       4875.000 ns	       486	8000033c	2270cf93	xori	x31,x1,551	  x1:0xbce390e9 x31=0xbce392ce
       4885.000 ns	       487	80000340	41fbdf13	srai	x30,x23,0x1f	 x23:0x80040fe4 x30=0xffffffff
       4905.000 ns	       489	80000344	a13787d3	fle.s	x15,f15,f19	 f15:0xcefff7e0 f19:0x803208f3 x15=0x00000001
       5275.000 ns	       526	80000348	03797333	remu	x6,x18,x23	 x18:0x80041024 x23:0x80040fe4  x6=0x00000040
       5305.000 ns	       529	8000034c	a1731d53	flt.s	x26,f6,f23	  f6:0xffc00000 f23:0x80519899 x26=0x00000000
       5325.000 ns	       531	80000350	00b83fb3	sltu	x31,x16,x11	 x16:0x00000000 x11:0x00040020 x31=0x00000001
       5685.000 ns	       567	80000354	02645133	divu	x2,x8,x6	  x8:0x00000000  x6:0x00000040  x2=0x00000000
       5705.000 ns	       569	80000358	010da0b3	slt	x1,x27,x16	 x27:0x00000000 x16:0x00000000  x1=0x00000000
       5725.000 ns	       571	8000035c	20d50b53	fsgnj.s	f22,f10,f13	 f10:0xff800000 f13:0x80000000 f22=0xff800000
       5745.000 ns	       573	80000360	4197dfb3	sra	x31,x15,x25	 x15:0x00000001 x25:0x80000000 x31=0x00000001
       6105.000 ns	       609	80000364	02a562b3	rem	x5,x10,x10	 x10:0xfffffce8 x10:0xfffffce8  x5=0x00000000
       6125.000 ns	       611	80000368	3ed96e13	ori	x28,x18,1005	 x18:0x80041024 x28=0x800413ed
       6145.000 ns	       613	8000036c	c01e44d3	fcvt.wu.s	x9,f28	 f28:0x7fc00000  x9=0xffffffff
       6195.000 ns	       618	80000370	09e19653	fsub.s	f12,f3,f30	  f3:0x996b9d35 f30:0x80000000 f12=0x996b9d35
       6215.000 ns	       620	80000374	01f2d633	srl	x12,x5,x31	  x5:0x00000000 x31:0x00000001 x12=0x00000000
       6225.000 ns	       621	80000378	00fc9893	slli	x17,x25,0xf	 x25:0x80000000 x17=0x00000000
       6245.000 ns	       623	8000037c	028c4c33	div	x24,x24,x8	 x24:0xc8748000  x8:0x00000000 x24=0xffffffff
       6265.000 ns	       625	80000380	411ed433	sra	x8,x29,x17	 x29:0x00000000 x17:0x00000000  x8=0x00000000
       6275.000 ns	       626	80000384	004a2633	slt	x12,x20,x4	 x20:0x00000000  x4:0x00000000 x12=0x00000000
       6285.000 ns	       627	80000388	016a5c93	srli	x25,x20,0x16	 x20:0x00000000 x25=0x00000000
       6305.000 ns	       629	8000038c	a08c1d53	flt.s	x26,f24,f8	 f24:0x7fc00000  f8:0x449ee998 x26=0x00000000
       6325.000 ns	       631	80000390	1feaf437	lui	x8,0x1feaf	  x8=0x1feaf000
       6345.000 ns	       633	80000394	21001953	fsgnjn.s	f18,f0,f16	  f0:0x7fc00000 f16:0xff7fffff f18=0x7fc00000
       6365.000 ns	       635	80000398	009794b3	sll	x9,x15,x9	 x15:0x00000001  x9:0xffffffff  x9=0x80000000
       6385.000 ns	       637	8000039c	03f311b3	mulh	x3,x6,x31	  x6:0x00000040 x31:0x00000001  x3=0x00000000
       6425.000 ns	       641	800003a0	199717d3	fdiv.s	f15,f14,f25	 f14:0x7fc00000 f25:0xff800000 f15=0x7fc00000
       6445.000 ns	       643	800003a4	01a152b3	srl	x5,x2,x26	  x2:0x00000000 x26:0x00000000  x5=0x00000000
       6465.000 ns	       645	800003a8	02235133	divu	x2,x6,x2	  x6:0x00000040  x2:0x00000000  x2=0xffffffff
       6495.000 ns	       648	800003ac	f0048753	fmv.w.x	f14,x9	  x9:0x80000000 f14=0x80000000
       6535.000 ns	       652	800003b0	109bfd53	fmul.s	f26,f23,f9	 f23:0x80519899  f9:0x00000000 f26=0x80000000
       6565.000 ns	       655	800003b4	20740cd3	fsgnj.s	f25,f8,f7	  f8:0x449ee998  f7:0xbbee6c88 f25=0xc49ee998
       6595.000 ns	       658	800003b8	0327a0b3	mulhsu	x1,x15,x18	 x15:0x00000001 x18:0x80041024  x1=0x00000000
       6625.000 ns	       661	800003bc	03a996b3	mulh	x13,x19,x26	 x19:0xef38e4cd x26:0x00000000 x13=0x00000000
       6655.000 ns	       664	800003c0	a02dac53	feq.s	x24,f27,f2	 f27:0xff7fffff  f2:0xff800000 x24=0x00000000
       6685.000 ns	       667	800003c4	03aea033	mulhsu	x0,x29,x26	 x29:0x00000000 x26:0x00000000
       6715.000 ns	       670	800003c8	e0019353	fclass.s	x6,f3	  f3:0x996b9d35  x6=0x00000002
       6735.000 ns	       672	800003cc	01fa09b3	add	x19,x20,x31	 x20:0x00000000 x31:0x00000001 x19=0x00000001
       6755.000 ns	       674	800003d0	03910033	mul	x0,x2,x25	  x2:0xffffffff x25:0x00000000
       6785.000 ns	       677	800003d4	a15d1053	flt.s	x0,f26,f21	 f26:0x80000000 f21:0x7fc00000
       6825.000 ns	       681	800003d8	5800ffd3	fsqrt.s	f31,f1	  f1:0x7fc00000 f31=0x7fc00000
       6855.000 ns	       684	800003dc	a14e8f53	fle.s	x30,f29,f20	 f29:0xff800000 f20:0x80000000 x30=0x00000001
       6885.000 ns	       687	800003e0	c00e7b53	fcvt.w.s	x22,f28	 f28:0x7fc00000 x22=0x7fffffff
       6905.000 ns	       689	800003e4	a5a10d37	lui	x26,0xa5a10	 x26=0xa5a10000
       6915.000 ns	       690	800003e8	40305193	srai	x3,x0,0x3	  x0:0x00000000  x3=0x00000000
       6925.000 ns	       691	800003ec	fa613f13	sltiu	x30,x2,-90	  x2:0xffffffff x30=0x00000000
       6945.000 ns	       693	800003f0	d00476d3	fcvt.s.w	f13,x8	  x8:0x1feaf000 f13=0x4dff5780
       7315.000 ns	       730	800003f4	0333f333	remu	x6,x7,x19	  x7:0x904a010f x19:0x00000001  x6=0x00000000
       7335.000 ns	       732	800003f8	f257ea13	ori	x20,x15,-219	 x15:0x00000001 x20=0xffffff25
       7375.000 ns	       736	800003fc	09517cd3	fsub.s	f25,f2,f21	  f2:0xff800000 f21:0x7fc00000 f25=0x7fc00000
       7405.000 ns	       739	80000400	039182b3	mul	x5,x3,x25	  x3:0x00000000 x25:0x00000000  x5=0x00000000
       7425.000 ns	       741	80000404	01dccf33	xor	x30,x25,x29	 x25:0x00000000 x29:0x00000000 x30=0x00000000
       7445.000 ns	       743	80000408	c0127ad3	fcvt.wu.s	x21,f4	  f4:0x7f800000 x21=0xffffffff
       7465.000 ns	       745	8000040c	e2336493	ori	x9,x6,-477	  x6:0x00000000  x9=0xfffffe23
       7485.000 ns	       747	80000410	033b20b3	mulhsu	x1,x22,x19	 x22:0x7fffffff x19:0x00000001  x1=0x00000000
       7505.000 ns	       749	80000414	3d60ab13	slti	x22,x1,982	  x1:0x00000000 x22=0x00000001
       7525.000 ns	       751	80000418	0206fdb3	remu	x27,x13,x0	 x13:0x00000000  x0:0x00000000 x27=0x00000000
       7545.000 ns	       753	8000041c	00000013	addi	x0,x0,0	  x0:0x00000000
       7565.000 ns	       755	80000420	a0491cd3	flt.s	x25,f18,f4	 f18:0x7fc00000  f4:0x7f800000 x25=0x00000000
       7585.000 ns	       757	80000424	ff416f13	ori	x30,x2,-12	  x2:0xffffffff x30=0xffffffff
       7605.000 ns	       759	80000428	e00a8a53	fmv.x.w	x20,f21	 f21:0x7fc00000 x20=0x7fc00000
       7635.000 ns	       762	8000042c	280582d3	fmin.s	f5,f11,f0	 f11:0x7fc00000  f0:0x7fc00000  f5=0x7fc00000
       7665.000 ns	       765	80000430	023dfeb3	remu	x29,x27,x3	 x27:0x00000000  x3:0x00000000 x29=0x00000000
       7695.000 ns	       768	80000434	037e38b3	mulhu	x17,x28,x23	 x28:0x800413ed x23:0x80040fe4 x17=0x400411f9
       7715.000 ns	       770	80000438	2b20c413	xori	x8,x1,690	  x1:0x00000000  x8=0x000002b2
       7735.000 ns	       772	8000043c	e00a1a53	fclass.s	x20,f20	 f20:0x80000000 x20=0x00000008
       7775.000 ns	       776	80000440	1868fed3	fdiv.s	f29,f17,f6	 f17:0x7fc00000  f6:0xffc00000 f29=0x7fc00000
       7805.000 ns	       779	80000444	02c4a433	mulhsu	x8,x9,x12	  x9:0xfffffe23 x12:0x00000000  x8=0x00000000
       7835.000 ns	       782	80000448	029dad33	mulhsu	x26,x27,x9	 x27:0x00000000  x9:0xfffffe23 x26=0x00000000
       7855.000 ns	       784	8000044c	0100bb33	sltu	x22,x1,x16	  x1:0x00000000 x16:0x00000000 x22=0x00000000
       7885.000 ns	       787	80000450	10ca4353	fmul.s	f6,f20,f12	 f20:0x80000000 f12:0x996b9d35  f6=0x00000000
       7905.000 ns	       789	80000454	00079813	slli	x16,x15,0x0	 x15:0x00000001 x16=0x00000001
       7915.000 ns	       790	80000458	f6087e13	andi	x28,x16,-160	 x16:0x00000000 x28=0x00000000
       7935.000 ns	       792	8000045c	e00a0453	fmv.x.w	x8,f20	 f20:0x80000000  x8=0x80000000
       7955.000 ns	       794	80000460	01b5cd33	xor	x26,x11,x27	 x11:0x00040020 x27:0x00000000 x26=0x00040020
       7965.000 ns	       795	80000464	4a9e6c93	ori	x25,x28,1193	 x28:0x00000000 x25=0x000004a9
       7985.000 ns	       797	80000468	a10b25d3	feq.s	x11,f22,f16	 f22:0xff800000 f16:0xff7fffff x11=0x00000000
       8015.000 ns	       800	8000046c	20261553	fsgnjn.s	f10,f12,f2	 f12:0x996b9d35  f2:0xff800000 f10=0x196b9d35
       8045.000 ns	       803	80000470	f0038a53	fmv.w.x	f20,x7	  x7:0x904a010f f20=0x904a010f
       8415.000 ns	       840	80000474	02e6ce33	div	x28,x13,x14	 x13:0x00000000 x14:0x80000000 x28=0x00000000
       8435.000 ns	       842	80000478	00b10033	add	x0,x2,x11	  x2:0xffffffff x11:0x00000000
       8445.000 ns	       843	8000047c	a1340c93	addi	x25,x8,-1517	  x8:0x80000000 x25=0x7ffffa13
       8465.000 ns	       845	80000480	20ea1ad3	fsgnjn.s	f21,f20,f14	 f20:0x904a010f f14:0x80000000 f21=0x104a010f
       8485.000 ns	       847	80000484	00bca633	slt	x12,x25,x11	 x25:0x000004a9 x11:0x00000000 x12=0x00000000
       8505.000 ns	       849	80000488	02f72b33	mulhsu	x22,x14,x15	 x14:0x80000000 x15:0x00000001 x22=0xffffffff
       8535.000 ns	       852	8000048c	e0070dd3	fmv.x.w	x27,f14	 f14:0x80000000 x27=0x80000000
       8555.000 ns	       854	80000490	0198f2b3	and	x5,x17,x25	 x17:0x400411f9 x25:0x7ffffa13  x5=0x40041011
       8575.000 ns	       856	80000494	c0117a53	fcvt.wu.s	x20,f2	  f2:0xff800000 x20=0x00000000
       8595.000 ns	       858	80000498	c7754e93	xori	x29,x10,-905	 x10:0xfffffce8 x29=0x0000009f
       8615.000 ns	       860	8000049c	c01d2253	fcvt.wu.s	x4,f26	 f26:0x80000000  x4=0x00000000
       8645.000 ns	       863	800004a0	020ca1b3	mulhsu	x3,x25,x0	 x25:0x7ffffa13  x0:0x00000000  x3=0x00000000
       8685.000 ns	       867	800004a4	580df1d3	fsqrt.s	f3,f27	 f27:0xff7fffff  f3=0x7fc00000
       8705.000 ns	       869	800004a8	8c2697b7	lui	x15,0x8c269	 x15=0x8c269000
       8725.000 ns	       871	800004ac	294e00d3	fmin.s	f1,f28,f20	 f28:0x7fc00000 f20:0x904a010f  f1=0x904a010f
       8745.000 ns	       873	800004b0	0aac4c17	auipc	x24,0xaac4	 x24=0x8aac44b0
       8765.000 ns	       875	800004b4	204d8153	fsgnj.s	f2,f27,f4	 f27:0xff7fffff  f4:0x7f800000  f2=0x7f7fffff
       9135.000 ns	       912	800004b8	03f5e533	rem	x10,x11,x31	 x11:0x00000000 x31:0x00000001 x10=0x00000000
       9155.000 ns	       914	800004bc	0129d793	srli	x15,x19,0x12	 x19:0x00000001 x15=0x00000000
       9175.000 ns	       916	800004c0	037f8cb3	mul	x25,x31,x23	 x31:0x00000001 x23:0x80040fe4 x25=0x80040fe4
       9205.000 ns	       919	800004c4	0233d433	divu	x8,x7,x3	  x7:0x904a010f  x3:0x00000000  x8=0xffffffff
       9235.000 ns	       922	800004c8	20eb17d3	fsgnjn.s	f15,f22,f14	 f22:0xff800000 f14:0x80000000 f15=0x7f800000
       9605.000 ns	       959	800004cc	02224d33	div	x26,x4,x2	  x4:0x00000000  x2:0xffffffff x26=0x00000000
       9645.000 ns	       963	800004d0	580ff353	fsqrt.s	f6,f31	 f31:0x7fc00000  f6=0x7fc00000
       9665.000 ns	       965	800004d4	002568b3	or	x17,x10,x2	 x10:0x00000000  x2:0xffffffff x17=0xffffffff
       9685.000 ns	       967	800004d8	c00d4053	fcvt.w.s	x0,f26	 f26:0x80000000
       9715.000 ns	       970	800004dc	a195a253	feq.s	x4,f11,f25	 f11:0x7fc00000 f25:0x7fc00000  x4=0x00000000
       9735.000 ns	       972	800004e0	180c3093	sltiu	x1,x24,384	 x24:0x8aac44b0  x1=0x00000000
       9745.000 ns	       973	800004e4	0070fab3	and	x21,x1,x7	  x1:0x00000000  x7:0x904a010f x21=0x00000000
       9765.000 ns	       975	800004e8	a1419ed3	flt.s	x29,f3,f20	  f3:0x7fc00000 f20:0x904a010f x29=0x00000000
       9785.000 ns	       977	800004ec	99dae693	ori	x13,x21,-1635	 x21:0xffffffff x13=0xfffff99d
      10145.000 ns	      1013	800004f0	029871b3	remu	x3,x16,x9	 x16:0x00000001  x9:0xfffffe23  x3=0x00000001
      10175.000 ns	      1016	800004f4	a145a253	feq.s	x4,f11,f20	 f11:0x7fc00000 f20:0x904a010f  x4=0x00000000
      10195.000 ns	      1018	800004f8	0186da93	srli	x21,x13,0x18	 x13:0xfffff99d x21=0x000000ff
      10205.000 ns	      1019	800004fc	01f49b33	sll	x22,x9,x31	  x9:0xfffffe23 x31:0x00000001 x22=0xfffffc46
      10225.000 ns	      1021	80000500	d0067353	fcvt.s.w	f6,x12	 x12:0x00000000  f6=0x00000000
      10595.000 ns	      1058	80000504	036d4033	div	x0,x26,x22	 x26:0x00000000 x22:0xffffffff
      10615.000 ns	      1060	80000508	cc2cbe93	sltiu	x29,x25,-830	 x25:0x80040fe4 x29=0x00000001
      10635.000 ns	      1062	8000050c	20779253	fsgnjn.s	f4,f15,f7	 f15:0x7f800000  f7:0xbbee6c88  f4=0x7f800000
      10655.000 ns	      1064	80000510	66eabc97	auipc	x25,0x66eab	 x25=0xe6eab510
      10675.000 ns	      1066	80000514	03460133	mul	x2,x12,x20	 x12:0x00000000 x20:0x00000000  x2=0x00000000
      10695.000 ns	      1068	80000518	77da05b7	lui	x11,0x77da0	 x11=0x77da0000
      10705.000 ns	      1069	8000051c	f429f093	andi	x1,x19,-190	 x19:0x00000001  x1=0x00000000
      10715.000 ns	      1070	80000520	005f1413	slli	x8,x30,0x5	 x30:0xffffffff  x8=0xffffffe0
      10725.000 ns	      1071	80000524	011ae633	or	x12,x21,x17	 x21:0x000000ff x17:0xffffffff x12=0xffffffff
      10745.000 ns	      1073	80000528	0268c3b3	div	x7,x17,x6	 x17:0xffffffff  x6:0x00000000  x7=0xffffffff
      10765.000 ns	      1075	8000052c	00a4d593	srli	x11,x9,0xa	  x9:0xfffffe23 x11=0x003fffff
      10775.000 ns	      1076	80000530	00000013	addi	x0,x0,0	  x0:0x00000000
      10795.000 ns	      1078	80000534	20f81053	fsgnjn.s	f0,f16,f15	 f16:0xff7fffff f15:0x7f800000  f0=0xff7fffff
      10815.000 ns	      1080	80000538	009f5213	srli	x4,x30,0x9	 x30:0xffffffff  x4=0x007fffff
      10835.000 ns	      1082	8000053c	21829153	fsgnjn.s	f2,f5,f24	  f5:0x7fc00000 f24:0x7fc00000  f2=0xffc00000
      10885.000 ns	      1087	80000540	0995fdd3	fsub.s	f27,f11,f25	 f11:0x7fc00000 f25:0x7fc00000 f27=0x7fc00000
      10915.000 ns	      1090	80000544	c0062d53	fcvt.w.s	x26,f12	 f12:0x996b9d35 x26=0x00000000
      10935.000 ns	      1092	80000548	15ca4493	xori	x9,x20,348	 x20:0x00000000  x9=0x0000015c
      10975.000 ns	      1096	8000054c	010f7ad3	fadd.s	f21,f30,f16	 f30:0x80000000 f16:0xff7fffff f21=0xff7fffff
      11005.000 ns	      1099	80000550	20028153	fsgnj.s	f2,f5,f0	  f5:0x7fc00000  f0:0xff7fffff  f2=0xffc00000
      11035.000 ns	      1102	80000554	f0008153	fmv.w.x	f2,x1	  x1:0x00000000  f2=0x00000000
      11055.000 ns	      1104	80000558	a100c493	xori	x9,x1,-1520	  x1:0x00000000  x9=0xfffffa10
      11075.000 ns	      1106	8000055c	d017fc53	fcvt.s.wu	f24,x15	 x15:0x00000000 f24=0x00000000
      11095.000 ns	      1108	80000560	00000013	addi	x0,x0,0	  x0:0x00000000
      11455.000 ns	      1144	80000564	0231f133	remu	x2,x3,x3	  x3:0x00000001  x3:0x00000001  x2=0x00000000
      11505.000 ns	      1149	80000568	08904753	fsub.s	f14,f0,f9	  f0:0xff7fffff  f9:0x00000000 f14=0xff7fffff
      11535.000 ns	      1152	8000056c	a04d8b53	fle.s	x22,f27,f4	 f27:0x7fc00000  f4:0x7f800000 x22=0x00000000
      11555.000 ns	      1154	80000570	009f75b3	and	x11,x30,x9	 x30:0xffffffff  x9:0xfffffa10 x11=0xfffffa10
      11595.000 ns	      1158	80000574	095d77d3	fsub.s	f15,f26,f21	 f26:0x80000000 f21:0xff7fffff f15=0x7f7fffff
      11615.000 ns	      1160	80000578	00d977b3	and	x15,x18,x13	 x18:0x80041024 x13:0xfffff99d x15=0x80041004
      11635.000 ns	      1162	8000057c	0222b6b3	mulhu	x13,x5,x2	  x5:0x40041011  x2:0x00000000 x13=0x00000000
      11655.000 ns	      1164	80000580	65c1bd13	sltiu	x26,x3,1628	  x3:0x00000001 x26=0x00000001
      11665.000 ns	      1165	80000584	41fcd333	sra	x6,x25,x31	 x25:0xe6eab510 x31:0x00000001  x6=0xf3755a88
      11685.000 ns	      1167	80000588	e0019cd3	fclass.s	x25,f3	  f3:0x7fc00000 x25=0x00000200
      11715.000 ns	      1170	8000058c	21e404d3	fsgnj.s	f9,f8,f30	  f8:0x449ee998 f30:0x80000000  f9=0xc49ee998
      11735.000 ns	      1172	80000590	013400b3	add	x1,x8,x19	  x8:0xffffffe0 x19:0x00000001  x1=0xffffffe1
      11755.000 ns	      1174	80000594	28988e53	fmin.s	f28,f17,f9	 f17:0x7fc00000  f9:0xc49ee998 f28=0xc49ee998
      11785.000 ns	      1177	80000598	28411d53	fmax.s	f26,f2,f4	  f2:0x00000000  f4:0x7f800000 f26=0x7f800000
      12155.000 ns	      1214	8000059c	030a79b3	remu	x19,x20,x16	 x20:0x00000000 x16:0x00000001 x19=0x00000000
      12195.000 ns	      1218	800005a0	10681753	fmul.s	f14,f16,f6	 f16:0xff7fffff  f6:0x00000000 f14=0x80000000
      12225.000 ns	      1221	800005a4	d0049cd3	fcvt.s.w	f25,x9	  x9:0xfffffa10 f25=0xc4be0000
      12245.000 ns	      1223	800005a8	01324033	xor	x0,x4,x19	  x4:0x007fffff x19:0x00000000
      12255.000 ns	      1224	800005ac	ed1aee13	ori	x28,x21,-303	 x21:0x000000ff x28=0xfffffeff
      12275.000 ns	      1226	800005b0	21460553	fsgnj.s	f10,f12,f20	 f12:0x996b9d35 f20:0x904a010f f10=0x996b9d35
      12315.000 ns	      1230	800005b4	58003a53	fsqrt.s	f20,f0	  f0:0xff7fffff f20=0x7fc00000
      12335.000 ns	      1232	800005b8	8b4a2213	slti	x4,x20,-1868	 x20:0x00000000  x4=0x00000000
      12355.000 ns	      1234	800005bc	20a6a5d3	fsgnjx.s	f11,f13,f10	 f13:0x4dff5780 f10:0x996b9d35 f11=0xcdff5780
      12375.000 ns	      1236	800005c0	017d7e33	and	x28,x26,x23	 x26:0x00000001 x23:0x80040fe4 x28=0x00000000
      12385.000 ns	      1237	800005c4	0199d813	srli	x16,x19,0x19	 x19:0x00000000 x16=0x00000000
      12395.000 ns	      1238	800005c8	41f75eb3	sra	x29,x14,x31	 x14:0x80000000 x31:0x00000001 x29=0xc0000000
      12405.000 ns	      1239	800005cc	97b8b213	sltiu	x4,x17,-1669	 x17:0xffffffff  x4=0x00000000
      12735.000 ns	      1272	800005d0	1806fa53	fdiv.s	f20,f13,f0	 f13:0x4dff5780  f0:0xff7fffff f20=0xff800000
      12755.000 ns	      1274	800005d4	5d0c2c93	slti	x25,x24,1488	 x24:0x8aac44b0 x25=0x00000001
      12765.000 ns	      1275	800005d8	017bda93	srli	x21,x23,0x17	 x23:0x80040fe4 x21=0x00000100
      12785.000 ns	      1277	800005dc	d0091fd3	fcvt.s.w	f31,x18	 x18:0x80041024 f31=0xcefff7df
      12815.000 ns	      1280	800005e0	29fc9753	fmax.s	f14,f25,f31	 f25:0xc4be0000 f31:0x7fc00000 f14=0xc4be0000
      12865.000 ns	      1285	800005e4	097871d3	fsub.s	f3,f16,f23	 f16:0xff7fffff f23:0x80519899  f3=0xff7fffff
      12885.000 ns	      1287	800005e8	4a1bb313	sltiu	x6,x23,1185	 x23:0x80040fe4  x6=0x00000000
      13245.000 ns	      1323	800005ec	035fdc33	divu	x24,x31,x21	 x31:0x00000001 x21:0x00000100 x24=0x00000000
      13265.000 ns	      1325	800005f0	0000cfb3	xor	x31,x1,x0	  x1:0xffffffe1  x0:0x00000000 x31=0xffffffe1
      13285.000 ns	      1327	800005f4	d00844d3	fcvt.s.w	f9,x16	 x16:0x00000000  f9=0x00000000
      13325.000 ns	      1331	800005f8	107e7c53	fmul.s	f24,f28,f7	 f28:0xc49ee998  f7:0xbbee6c88 f24=0x4114008a
      13345.000 ns	      1333	800005fc	01a71f33	sll	x30,x14,x26	 x14:0x80000000 x26:0x00000001 x30=0x00000000
      13365.000 ns	      1335	80000600	e00892d3	fclass.s	x5,f17	 f17:0x7fc00000  x5=0x00000200
      13385.000 ns	      1337	80000604	44daef13	ori	x30,x21,1101	 x21:0x00000100 x30=0x0000054d
      13395.000 ns	      1338	80000608	183e0193	addi	x3,x28,387	 x28:0x00000000  x3=0x00000183
      13405.000 ns	      1339	8000060c	018f6433	or	x8,x30,x24	 x30:0x00000000 x24:0x00000000  x8=0x0000054d
      13445.000 ns	      1343	80000610	0146f353	fadd.s	f6,f13,f20	 f13:0x4dff5780 f20:0xff800000  f6=0xff800000
      13465.000 ns	      1345	80000614	9a36e893	ori	x17,x13,-1629	 x13:0x00000000 x17=0xfffff9a3
      13485.000 ns	      1347	80000618	a0040dd3	fle.s	x27,f8,f0	  f8:0x449ee998  f0:0xff7fffff x27=0x00000000
      13505.000 ns	      1349	8000061c	0120cc33	xor	x24,x1,x18	  x1:0xffffffe1 x18:0x80041024 x24=0x7ffbefc5
      13515.000 ns	      1350	80000620	417d5793	srai	x15,x26,0x17	 x26:0x00000001 x15=0x00000000
      13525.000 ns	      1351	80000624	409a8fb3	sub	x31,x21,x9	 x21:0x00000100  x9:0xfffffa10 x31=0x000006f0
      13535.000 ns	      1352	80000628	406edd13	srai	x26,x29,0x6	 x29:0xc0000000 x26=0xff000000
      13555.000 ns	      1354	8000062c	029a24b3	mulhsu	x9,x20,x9	 x20:0x00000000  x9:0xfffffa10  x9=0x00000000
      13575.000 ns	      1356	80000630	cfb88193	addi	x3,x17,-773	 x17:0xfffff9a3  x3=0xfffff69e
      13585.000 ns	      1357	80000634	434ab313	sltiu	x6,x21,1076	 x21:0x00000100  x6=0x00000001
      13595.000 ns	      1358	80000638	cb878093	addi	x1,x15,-840	 x15:0x00000000  x1=0xfffffcb8
      13605.000 ns	      1359	8000063c	01d08433	add	x8,x1,x29	  x1:0xffffffe1 x29:0xc0000000  x8=0xbffffcb8
      13625.000 ns	      1361	80000640	03e2bb33	mulhu	x22,x5,x30	  x5:0x00000200 x30:0x0000054d x22=0x00000000
      13645.000 ns	      1363	80000644	41368eb3	sub	x29,x13,x19	 x13:0x00000000 x19:0x00000000 x29=0x00000000
      13655.000 ns	      1364	80000648	00000013	addi	x0,x0,0	  x0:0x00000000
      13675.000 ns	      1366	8000064c	a01c2c53	feq.s	x24,f24,f1	 f24:0x4114008a  f1:0x904a010f x24=0x00000000
      13705.000 ns	      1369	80000650	f00c8fd3	fmv.w.x	f31,x25	 x25:0x00000001 f31=0x00000001
      13735.000 ns	      1372	80000654	29eb1a53	fmax.s	f20,f22,f30	 f22:0xff800000 f30:0x80000000 f20=0x80000000
      13755.000 ns	      1374	80000658	005d5413	srli	x8,x26,0x5	 x26:0xff000000  x8=0x07f80000
      13765.000 ns	      1375	8000065c	4160d313	srai	x6,x1,0x16	  x1:0xfffffcb8  x6=0xffffffff
      13785.000 ns	      1377	80000660	d00e3653	fcvt.s.w	f12,x28	 x28:0x00000000 f12=0x00000000
      13805.000 ns	      1379	80000664	7db1cf13	xori	x30,x3,2011	  x3:0xfffff69e x30=0xfffff145
      13825.000 ns	      1381	80000668	03b33d33	mulhu	x26,x6,x27	  x6:0xffffffff x27:0x00000000 x26=0x00000000
      13845.000 ns	      1383	8000066c	00c45333	srl	x6,x8,x12	  x8:0x07f80000 x12:0xffffffff  x6=0x00000000
      13875.000 ns	      1386	80000670	58021953	fsqrt.s	f18,f4	  f4:0x7f800000 f18=0x7f800000
      13895.000 ns	      1388	80000674	f47e4593	xori	x11,x28,-185	 x28:0x00000000 x11=0xffffff47
      13915.000 ns	      1390	80000678	021828b3	mulhsu	x17,x16,x1	 x16:0x00000000  x1:0xfffffcb8 x17=0x00000000
      13945.000 ns	      1393	8000067c	a0d62ed3	feq.s	x29,f12,f13	 f12:0x00000000 f13:0x4dff5780 x29=0x00000000
      14315.000 ns	      1430	80000680	02eafeb3	remu	x29,x21,x14	 x21:0x00000100 x14:0x80000000 x29=0x00000100
      14355.000 ns	      1434	80000684	58057553	fsqrt.s	f10,f10	 f10:0x996b9d35 f10=0x7fc00000
      14375.000 ns	      1436	80000688	41ba8133	sub	x2,x21,x27	 x21:0x00000100 x27:0x00000000  x2=0x00000100
      14395.000 ns	      1438	8000068c	03665f33	divu	x30,x12,x22	 x12:0xffffffff x22:0x00000000 x30=0xffffffff
      14415.000 ns	      1440	80000690	40f5d1b3	sra	x3,x11,x15	 x11:0xffffff47 x15:0x00000000  x3=0xffffff47
      14425.000 ns	      1441	80000694	016f6333	or	x6,x30,x22	 x30:0xffffffff x22:0x00000000  x6=0xffffffff
      14435.000 ns	      1442	80000698	5755ec93	ori	x25,x11,1397	 x11:0xffffff47 x25=0xffffff77
      14445.000 ns	      1443	8000069c	4151d4b3	sra	x9,x3,x21	  x3:0xffffff47 x21:0x00000100  x9=0xffffff47
      14805.000 ns	      1479	800006a0	02964fb3	div	x31,x12,x9	 x12:0xffffffff  x9:0x00000000 x31=0x00000000
      14835.000 ns	      1482	800006a4	d01170d3	fcvt.s.wu	f1,x2	  x2:0x00000100  f1=0x43800000
      14865.000 ns	      1485	800006a8	c012b153	fcvt.wu.s	x2,f5	  f5:0x7fc00000  x2=0xffffffff
      14895.000 ns	      1488	800006ac	283c02d3	fmin.s	f5,f24,f3	 f24:0x4114008a  f3:0xff7fffff  f5=0xff7fffff
      14915.000 ns	      1490	800006b0	41badf13	srai	x30,x21,0x1b	 x21:0x00000100 x30=0x00000000
      14925.000 ns	      1491	800006b4	00895993	srli	x19,x18,0x8	 x18:0x80041024 x19=0x00800410
      14935.000 ns	      1492	800006b8	00000013	addi	x0,x0,0	  x0:0x00000000
      14945.000 ns	      1493	800006bc	00511a13	slli	x20,x2,0x5	  x2:0xffffffff x20=0xffffffe0
      14965.000 ns	      1495	800006c0	210a8853	fsgnj.s	f16,f21,f16	 f21:0xff7fffff f16:0xff7fffff f16=0xff7fffff
      14995.000 ns	      1498	800006c4	c00f0dd3	fcvt.w.s	x27,f30	 f30:0x80000000 x27=0x00000000
      15025.000 ns	      1501	800006c8	28fe8c53	fmin.s	f24,f29,f15	 f29:0x7fc00000 f15:0x7f7fffff f24=0x7f7fffff
      15045.000 ns	      1503	800006cc	1b3d7613	andi	x12,x26,435	 x26:0x00000000 x12=0x00000000
      15065.000 ns	      1505	800006d0	201eaa53	fsgnjx.s	f20,f29,f1	 f29:0x7fc00000  f1:0x43800000 f20=0x7fc00000
      15095.000 ns	      1508	800006d4	a020a0d3	feq.s	x1,f1,f2	  f1:0x43800000  f2:0x00000000  x1=0x00000000
      15125.000 ns	      1511	800006d8	e00d98d3	fclass.s	x17,f27	 f27:0x7fc00000 x17=0x00000200
      15145.000 ns	      1513	800006dc	005a31b3	sltu	x3,x20,x5	 x20:0xffffffe0  x5:0x00000200  x3=0x00000000
      15155.000 ns	      1514	800006e0	ae1c8593	addi	x11,x25,-1311	 x25:0xffffff77 x11=0xfffffa58
      15165.000 ns	      1515	800006e4	95561237	lui	x4,0x95561	  x4=0x95561000
      15525.000 ns	      1551	800006e8	039ce833	rem	x16,x25,x25	 x25:0xffffff77 x25:0xffffff77 x16=0x00000000
      15545.000 ns	      1553	800006ec	01a903b3	add	x7,x18,x26	 x18:0x80041024 x26:0x00000000  x7=0x80041024
      15555.000 ns	      1554	800006f0	00000013	addi	x0,x0,0	  x0:0x00000000
      15565.000 ns	      1555	800006f4	417a85b3	sub	x11,x21,x23	 x21:0x00000100 x23:0x80040fe4 x11=0x7ffbf11c
      15575.000 ns	      1556	800006f8	01fc5133	srl	x2,x24,x31	 x24:0x00000000 x31:0x00000000  x2=0x00000000
      15585.000 ns	      1557	800006fc	b3ae3413	sltiu	x8,x28,-1222	 x28:0x00000000  x8=0x00000001
      15605.000 ns	      1559	80000700	d01f2ad3	fcvt.s.wu	f21,x30	 x30:0x00000000 f21=0x00000000
      15635.000 ns	      1562	80000704	030aea33	rem	x20,x21,x16	 x21:0x00000100 x16:0x00000000 x20=0x00000100
      15685.000 ns	      1567	80000708	0058f253	fadd.s	f4,f17,f5	 f17:0x7fc00000  f5:0xff7fffff  f4=0x7fc00000
      15705.000 ns	      1569	8000070c	0105dd13	srli	x26,x11,0x10	 x11:0x7ffbf11c x26=0x00007ffb
      15715.000 ns	      1570	80000710	d226a393	slti	x7,x13,-734	 x13:0x00000000  x7=0x00000000
      15735.000 ns	      1572	80000714	28e382d3	fmin.s	f5,f7,f14	  f7:0xbbee6c88 f14:0xc4be0000  f5=0xc4be0000
      15765.000 ns	      1575	80000718	a19b03d3	fle.s	x7,f22,f25	 f22:0xff800000 f25:0xc4be0000  x7=0x00000001
      16135.000 ns	      1612	8000071c	02e857b3	divu	x15,x16,x14	 x16:0x00000000 x14:0x80000000 x15=0x00000000
      16155.000 ns	      1614	80000720	00a3ec33	or	x24,x7,x10	  x7:0x00000001 x10:0x00000000 x24=0x00000001
      16165.000 ns	      1615	80000724	2a6f0297	auipc	x5,0x2a6f0	  x5=0xaa6f0724
      16185.000 ns	      1617	80000728	e00f1c53	fclass.s	x24,f30	 f30:0x80000000 x24=0x00000008
      16215.000 ns	      1620	8000072c	c01e2353	fcvt.wu.s	x6,f28	 f28:0xc49ee998  x6=0x000004f8
      16255.000 ns	      1624	80000730	58048dd3	fsqrt.s	f27,f9	  f9:0x00000000 f27=0x00000000
      16285.000 ns	      1627	80000734	e00a8553	fmv.x.w	x10,f21	 f21:0x00000000 x10=0x00000000
      16315.000 ns	      1630	80000738	03bcc6b3	div	x13,x25,x27	 x25:0xffffff77 x27:0x00000000 x13=0xffffffff
      16345.000 ns	      1633	8000073c	020dafb3	mulhsu	x31,x27,x0	 x27:0x00000000  x0:0x00000000 x31=0x00000000
      16375.000 ns	      1636	80000740	f00485d3	fmv.w.x	f11,x9	  x9:0xffffff47 f11=0xffffff47
      16405.000 ns	      1639	80000744	03519d33	mulh	x26,x3,x21	  x3:0x00000000 x21:0x00000100 x26=0x00000000
      16435.000 ns	      1642	80000748	a140aad3	feq.s	x21,f1,f20	  f1:0x43800000 f20:0x7fc00000 x21=0x00000000
      16455.000 ns	      1644	8000074c	764b4297	auipc	x5,0x764b4	  x5=0xf64b474c
      16475.000 ns	      1646	80000750	c01777d3	fcvt.wu.s	x15,f14	 f14:0xc4be0000 x15=0x000005f0
      16495.000 ns	      1648	80000754	401e5813	srai	x16,x28,0x1	 x28:0x00000000 x16=0x00000000
      16515.000 ns	      1650	80000758	a0979b53	flt.s	x22,f15,f9	 f15:0x7f7fffff  f9:0x00000000 x22=0x00000000
      16535.000 ns	      1652	8000075c	012edc33	srl	x24,x29,x18	 x29:0x00000100 x18:0x80041024 x24=0x00000010
      16555.000 ns	      1654	80000760	c00e3dd3	fcvt.w.s	x27,f28	 f28:0xc49ee998 x27=0xfffffb09
      16575.000 ns	      1656	80000764	7da5bf13	sltiu	x30,x11,2010	 x11:0x7ffbf11c x30=0x00000000
      16585.000 ns	      1657	80000768	bcc5b413	sltiu	x8,x11,-1076	 x11:0x7ffbf11c  x8=0x00000001
      16605.000 ns	      1659	8000076c	d0084353	fcvt.s.w	f6,x16	 x16:0x00000000  f6=0x00000000
      16625.000 ns	      1661	80000770	8b56f893	andi	x17,x13,-1867	 x13:0xffffffff x17=0xfffff8b5
      16635.000 ns	      1662	80000774	003e1513	slli	x10,x28,0x3	 x28:0x00000000 x10=0x00000000
      16645.000 ns	      1663	80000778	00ba80b3	add	x1,x21,x11	 x21:0x00000000 x11:0x7ffbf11c  x1=0x7ffbf11c
      16665.000 ns	      1665	8000077c	28548553	fmin.s	f10,f9,f5	  f9:0x00000000  f5:0xc4be0000 f10=0xc4be0000
      16685.000 ns	      1667	80000780	00511533	sll	x10,x2,x5	  x2:0x00000000  x5:0xf64b474c x10=0x00000000
      16695.000 ns	      1668	80000784	0148fdb3	and	x27,x17,x20	 x17:0xfffff8b5 x20:0x00000100 x27=0x00000000
      16705.000 ns	      1669	80000788	91f16993	ori	x19,x2,-1761	  x2:0x00000000 x19=0xfffff91f
      16725.000 ns	      1671	8000078c	e00b1853	fclass.s	x16,f22	 f22:0xff800000 x16=0x00000001
      16755.000 ns	      1674	80000790	a13da2d3	feq.s	x5,f27,f19	 f27:0x00000000 f19:0x803208f3  x5=0x00000000
      16785.000 ns	      1677	80000794	c01af1d3	fcvt.wu.s	x3,f21	 f21:0x00000000  x3=0x00000000
      16805.000 ns	      1679	80000798	01feec33	or	x24,x29,x31	 x29:0x00000100 x31:0x00000000 x24=0x00000100
      16845.000 ns	      1683	8000079c	00367b53	fadd.s	f22,f12,f3	 f12:0x00000000  f3:0xff7fffff f22=0xff7fffff
      16875.000 ns	      1686	800007a0	032dbd33	mulhu	x26,x27,x18	 x27:0x00000000 x18:0x80041024 x26=0x00000000
      16895.000 ns	      1688	800007a4	1233a897	auipc	x17,0x1233a	 x17=0x9233a7a4
      16905.000 ns	      1689	800007a8	00ebe533	or	x10,x23,x14	 x23:0x80040fe4 x14:0x80000000 x10=0x80040fe4
      16925.000 ns	      1691	800007ac	21a71853	fsgnjn.s	f16,f14,f26	 f14:0xc4be0000 f26:0x7f800000 f16=0xc4be0000
      16945.000 ns	      1693	800007b0	00000013	addi	x0,x0,0	  x0:0x00000000
      16965.000 ns	      1695	800007b4	28488f53	fmin.s	f30,f17,f4	 f17:0x7fc00000  f4:0x7fc00000 f30=0x7fc00000
      16995.000 ns	      1698	800007b8	03c5cdb3	div	x27,x11,x28	 x11:0x7ffbf11c x28:0x00000000 x27=0xffffffff
      17025.000 ns	      1701	800007bc	0241a133	mulhsu	x2,x3,x4	  x3:0x00000000  x4:0x95561000  x2=0x00000000
      17075.000 ns	      1706	800007c0	01d03753	fadd.s	f14,f0,f29	  f0:0xff7fffff f29:0x7fc00000 f14=0x7fc00000
      17105.000 ns	      1709	800007c4	a1622c53	feq.s	x24,f4,f22	  f4:0x7fc00000 f22:0xff7fffff x24=0x00000000
      17145.000 ns	      1713	800007c8	103db6d3	fmul.s	f13,f27,f3	 f27:0x00000000  f3:0xff7fffff f13=0x80000000
      17175.000 ns	      1716	800007cc	a17a95d3	flt.s	x11,f21,f23	 f21:0x00000000 f23:0x80519899 x11=0x00000000
      17195.000 ns	      1718	800007d0	0051d613	srli	x12,x3,0x5	  x3:0x00000000 x12=0x00000000
      17235.000 ns	      1722	800007d4	001e2053	fadd.s	f0,f28,f1	 f28:0xc49ee998  f1:0x43800000  f0=0xc47dd330
      17255.000 ns	      1724	800007d8	0116e233	or	x4,x13,x17	 x13:0xffffffff x17:0x9233a7a4  x4=0xffffffff
      17265.000 ns	      1725	800007dc	0050bd33	sltu	x26,x1,x5	  x1:0x7ffbf11c  x5:0x00000000 x26=0x00000000
      17275.000 ns	      1726	800007e0	ef504197	auipc	x3,0xef504	  x3=0x6f5047e0
      17305.000 ns	      1729	800007e4	58017a53	fsqrt.s	f20,f2	  f2:0x00000000 f20=0x00000000
      17335.000 ns	      1732	800007e8	20c19fd3	fsgnjn.s	f31,f3,f12	  f3:0xff7fffff f12:0x00000000 f31=0xff7fffff
      17375.000 ns	      1736	800007ec	19dd76d3	fdiv.s	f13,f26,f29	 f26:0x7f800000 f29:0x7fc00000 f13=0x7fc00000
      17405.000 ns	      1739	800007f0	21821b53	fsgnjn.s	f22,f4,f24	  f4:0x7fc00000 f24:0x7f7fffff f22=0xffc00000
      17435.000 ns	      1742	800007f4	035f80b3	mul	x1,x31,x21	 x31:0x00000000 x21:0x00000000  x1=0x00000000
      17465.000 ns	      1745	800007f8	f00687d3	fmv.w.x	f15,x13	 x13:0xffffffff f15=0xffffffff
      17485.000 ns	      1747	800007fc	019dc3b3	xor	x7,x27,x25	 x27:0xffffffff x25:0xffffff77  x7=0x00000088
      17495.000 ns	      1748	80000800	41c48b33	sub	x22,x9,x28	  x9:0xffffff47 x28:0x00000000 x22=0xffffff47
      17505.000 ns	      1749	80000804	016e9893	slli	x17,x29,0x16	 x29:0x00000100 x17=0x40000000
      17515.000 ns	      1750	80000808	0199df13	srli	x30,x19,0x19	 x19:0xfffff91f x30=0x0000007f
      17535.000 ns	      1752	8000080c	d0147153	fcvt.s.wu	f2,x8	  x8:0x00000001  f2=0x3f800000
      17565.000 ns	      1755	80000810	c00f4153	fcvt.w.s	x2,f30	 f30:0x7fc00000  x2=0x7fffffff
      17595.000 ns	      1758	80000814	293784d3	fmin.s	f9,f15,f19	 f15:0xffffffff f19:0x803208f3  f9=0x803208f3
      17645.000 ns	      1763	80000818	01c0f1d3	fadd.s	f3,f1,f28	  f1:0x43800000 f28:0xc49ee998  f3=0xc47dd330
      17665.000 ns	      1765	8000081c	401ed833	sra	x16,x29,x1	 x29:0x00000100  x1:0x00000000 x16=0x00000100
      17685.000 ns	      1767	80000820	e0081453	fclass.s	x8,f16	 f16:0xc4be0000  x8=0x00000002
      17725.000 ns	      1771	80000824	5801f8d3	fsqrt.s	f17,f3	  f3:0xc47dd330 f17=0x7fc00000
      17755.000 ns	      1774	80000828	02aabab3	mulhu	x21,x21,x10	 x21:0x00000000 x10:0x80040fe4 x21=0x00000000
      17785.000 ns	      1777	8000082c	20b42ed3	fsgnjx.s	f29,f8,f11	  f8:0x449ee998 f11:0xffffff47 f29=0xc49ee998
      17815.000 ns	      1780	80000830	21199453	fsgnjn.s	f8,f19,f17	 f19:0x803208f3 f17:0x7fc00000  f8=0x803208f3
      17845.000 ns	      1783	80000834	a131a5d3	feq.s	x11,f3,f19	  f3:0xc47dd330 f19:0x803208f3 x11=0x00000000
      17875.000 ns	      1786	80000838	033e1f33	mulh	x30,x28,x19	 x28:0x00000000 x19:0xfffff91f x30=0x00000000
      17895.000 ns	      1788	8000083c	019f3233	sltu	x4,x30,x25	 x30:0x0000007f x25:0xffffff77  x4=0x00000001
      17905.000 ns	      1789	80000840	2f78b693	sltiu	x13,x17,759	 x17:0x40000000 x13=0x00000000
      18265.000 ns	      1825	80000844	037ee4b3	rem	x9,x29,x23	 x29:0x00000100 x23:0x80040fe4  x9=0x00000100
      18295.000 ns	      1828	80000848	f00b0bd3	fmv.w.x	f23,x22	 x22:0xffffff47 f23=0xffffff47
      18325.000 ns	      1831	8000084c	293a0653	fmin.s	f12,f20,f19	 f20:0x00000000 f19:0x803208f3 f12=0x803208f3
      18345.000 ns	      1833	80000850	005b9513	slli	x10,x23,0x5	 x23:0x80040fe4 x10=0x0081fc80
      18355.000 ns	      1834	80000854	f6e2f637	lui	x12,0xf6e2f	 x12=0xf6e2f000
      18395.000 ns	      1838	80000858	0895b953	fsub.s	f18,f11,f9	 f11:0xffffff47  f9:0x803208f3 f18=0x7fc00000
      18415.000 ns	      1840	8000085c	0b4d6213	ori	x4,x26,180	 x26:0x00000000  x4=0x000000b4
      18435.000 ns	      1842	80000860	d00bfe53	fcvt.s.w	f28,x23	 x23:0x80040fe4 f28=0xcefff7e0
      18475.000 ns	      1846	80000864	580a79d3	fsqrt.s	f19,f20	 f20:0x00000000 f19=0x00000000
      18505.000 ns	      1849	80000868	d0100253	fcvt.s.wu	f4,x0	  x0:0x00000000  f4=0x00000000
      18535.000 ns	      1852	8000086c	295c9653	fmax.s	f12,f25,f21	 f25:0xc4be0000 f21:0x00000000 f12=0x00000000
      18555.000 ns	      1854	80000870	407e5033	sra	x0,x28,x7	 x28:0x00000000  x7:0x00000088
      18575.000 ns	      1856	80000874	02813d33	mulhu	x26,x2,x8	  x2:0x7fffffff  x8:0x00000002 x26=0x00000000
      18595.000 ns	      1858	80000878	41445133	sra	x2,x8,x20	  x8:0x00000002 x20:0x00000100  x2=0x00000002
      18605.000 ns	      1859	8000087c	017ae233	or	x4,x21,x23	 x21:0x00000000 x23:0x80040fe4  x4=0x80040fe4
      18965.000 ns	      1895	80000880	03bb4b33	div	x22,x22,x27	 x22:0xffffff47 x27:0xffffffff x22=0x000000b9
      19335.000 ns	      1932	80000884	029ac7b3	div	x15,x21,x9	 x21:0x00000000  x9:0x00000100 x15=0x00000000
      19385.000 ns	      1937	80000888	08167a53	fsub.s	f20,f12,f1	 f12:0x00000000  f1:0x43800000 f20=0xc3800000
      19405.000 ns	      1939	8000088c	016d13b3	sll	x7,x26,x22	 x26:0x00000000 x22:0x000000b9  x7=0x00000000
      19425.000 ns	      1941	80000890	29168053	fmin.s	f0,f13,f17	 f13:0x7fc00000 f17:0x7fc00000  f0=0x7fc00000
      19455.000 ns	      1944	80000894	c00cfdd3	fcvt.w.s	x27,f25	 f25:0xc4be0000 x27=0x000005f0
      19485.000 ns	      1947	80000898	e00d07d3	fmv.x.w	x15,f26	 f26:0x7f800000 x15=0x7f800000
      19505.000 ns	      1949	8000089c	b847e1b7	lui	x3,0xb847e	  x3=0xb847e000
      19515.000 ns	      1950	800008a0	01492d33	slt	x26,x18,x20	 x18:0x80041024 x20:0x00000100 x26=0x00000001
      19535.000 ns	      1952	800008a4	20939153	fsgnjn.s	f2,f7,f9	  f7:0xbbee6c88  f9:0x803208f3  f2=0x3bee6c88
      19565.000 ns	      1955	800008a8	f00209d3	fmv.w.x	f19,x4	  x4:0x80040fe4 f19=0x80040fe4
      19595.000 ns	      1958	800008ac	c0117a53	fcvt.wu.s	x20,f2	  f2:0x3bee6c88 x20=0x00000000
      19625.000 ns	      1961	800008b0	a12f0553	fle.s	x10,f30,f18	 f30:0x7fc00000 f18:0x7fc00000 x10=0x00000000
      19655.000 ns	      1964	800008b4	283e8a53	fmin.s	f20,f29,f3	 f29:0xc49ee998  f3:0xc47dd330 f20=0xc49ee998
      19685.000 ns	      1967	800008b8	0245adb3	mulhsu	x27,x11,x4	 x11:0x00000000  x4:0x80040fe4 x27=0x00000000
      19715.000 ns	      1970	800008bc	03e60233	mul	x4,x12,x30	 x12:0xf6e2f000 x30:0x00000000  x4=0x00000000
      19745.000 ns	      1973	800008c0	d00ef553	fcvt.s.w	f10,x29	 x29:0x00000100 f10=0x43800000
      20115.000 ns	      2010	800008c4	03307133	remu	x2,x0,x19	  x0:0x00000000 x19:0xfffff91f  x2=0x00000000
      20135.000 ns	      2012	800008c8	007f01b3	add	x3,x30,x7	 x30:0x00000000  x7:0x00000000  x3=0x00000000
      20155.000 ns	      2014	800008cc	288c1bd3	fmax.s	f23,f24,f8	 f24:0x7f7fffff  f8:0x803208f3 f23=0x7f7fffff
      20175.000 ns	      2016	800008d0	cb938513	addi	x10,x7,-839	  x7:0x00000000 x10=0xfffffcb9
      20185.000 ns	      2017	800008d4	01a36a33	or	x20,x6,x26	  x6:0x000004f8 x26:0x00000001 x20=0x000004f9
      20195.000 ns	      2018	800008d8	41945c93	srai	x25,x8,0x19	  x8:0x00000002 x25=0x00000000
      20215.000 ns	      2020	800008dc	285905d3	fmin.s	f11,f18,f5	 f18:0x7fc00000  f5:0xc4be0000 f11=0xc4be0000
      20255.000 ns	      2024	800008e0	58087453	fsqrt.s	f8,f16	 f16:0xc4be0000  f8=0x7fc00000
      20275.000 ns	      2026	800008e4	0861b693	sltiu	x13,x3,134	  x3:0x00000000 x13=0x00000001
      20295.000 ns	      2028	800008e8	291e88d3	fmin.s	f17,f29,f17	 f29:0xc49ee998 f17:0x7fc00000 f17=0xc49ee998
      20315.000 ns	      2030	800008ec	d8d94313	xori	x6,x18,-627	 x18:0x80041024  x6=0x7ffbeda9
      20325.000 ns	      2031	800008f0	01eb37b3	sltu	x15,x22,x30	 x22:0x000000b9 x30:0x00000000 x15=0x00000000
      20345.000 ns	      2033	800008f4	f00e8f53	fmv.w.x	f30,x29	 x29:0x00000100 f30=0x00000100
      20365.000 ns	      2035	800008f8	00c59013	slli	x0,x11,0xc	 x11:0x00000000
      20385.000 ns	      2037	800008fc	a0d4a1d3	feq.s	x3,f9,f13	  f9:0x803208f3 f13:0x7fc00000  x3=0x00000000
      20405.000 ns	      2039	80000900	00bb07b3	add	x15,x22,x11	 x22:0x000000b9 x11:0x00000000 x15=0x000000b9
      20435.000 ns	      2042	80000904	11cbf1d3	fmul.s	f3,f23,f28	 f23:0x7f7fffff f28:0xcefff7e0  f3=0xff800000
      20455.000 ns	      2044	80000908	010f4333	xor	x6,x30,x16	 x30:0x00000000 x16:0x00000100  x6=0x00000100
      20485.000 ns	      2047	8000090c	18011c53	fdiv.s	f24,f2,f0	  f2:0x3bee6c88  f0:0x7fc00000 f24=0x7fc00000
      20525.000 ns	      2051	80000910	11cb1a53	fmul.s	f20,f22,f28	 f22:0xffc00000 f28:0xcefff7e0 f20=0x7fc00000
      20545.000 ns	      2053	80000914	29523c93	sltiu	x25,x4,661	  x4:0x00000000 x25=0x00000001
      20555.000 ns	      2054	80000918	403b5f13	srai	x30,x22,0x3	 x22:0x000000b9 x30=0x00000017
      20575.000 ns	      2056	8000091c	a1d8a6d3	feq.s	x13,f17,f29	 f17:0xc49ee998 f29:0xc49ee998 x13=0x00000001
      20595.000 ns	      2058	80000920	4058d893	srai	x17,x17,0x5	 x17:0x40000000 x17=0x02000000
      20625.000 ns	      2061	80000924	580a78d3	fsqrt.s	f17,f20	 f20:0x7fc00000 f17=0x7fc00000
      20655.000 ns	      2064	80000928	039c9d33	mulh	x26,x25,x25	 x25:0x00000001 x25:0x00000001 x26=0x00000000
      20685.000 ns	      2067	8000092c	21818d53	fsgnj.s	f26,f3,f24	  f3:0xff800000 f24:0x7fc00000 f26=0x7f800000
      20705.000 ns	      2069	80000930	41f2d2b3	sra	x5,x5,x31	  x5:0x00000000 x31:0x00000000  x5=0x00000000
      20715.000 ns	      2070	80000934	41ebdcb3	sra	x25,x23,x30	 x23:0x80040fe4 x30:0x00000017 x25=0xffffff00
      20755.000 ns	      2074	80000938	08897853	fsub.s	f16,f18,f8	 f18:0x7fc00000  f8:0x7fc00000 f16=0x7fc00000
      20775.000 ns	      2076	8000093c	00000013	addi	x0,x0,0	  x0:0x00000000
      20785.000 ns	      2077	80000940	00b335b3	sltu	x11,x6,x11	  x6:0x00000100 x11:0x00000000 x11=0x00000000
      20795.000 ns	      2078	80000944	0132a5b3	slt	x11,x5,x19	  x5:0x00000000 x19:0xfffff91f x11=0x00000000
      20815.000 ns	      2080	80000948	03c8f533	remu	x10,x17,x28	 x17:0x02000000 x28:0x00000000 x10=0x02000000
      20845.000 ns	      2083	8000094c	c00026d3	fcvt.w.s	x13,f0	  f0:0x7fc00000 x13=0x7fffffff
      20865.000 ns	      2085	80000950	01d08433	add	x8,x1,x29	  x1:0x00000000 x29:0x00000100  x8=0x00000100
      20875.000 ns	      2086	80000954	009d91b3	sll	x3,x27,x9	 x27:0x00000000  x9:0x00000100  x3=0x00000000
      20885.000 ns	      2087	80000958	254701b7	lui	x3,0x25470	  x3=0x25470000
      20895.000 ns	      2088	8000095c	01ba1633	sll	x12,x20,x27	 x20:0x000004f9 x27:0x00000000 x12=0x000004f9
      20925.000 ns	      2091	80000960	58087e53	fsqrt.s	f28,f16	 f16:0x7fc00000 f28=0x7fc00000
      20975.000 ns	      2096	80000964	092f3453	fsub.s	f8,f30,f18	 f30:0x00000100 f18:0x7fc00000  f8=0x7fc00000
      21005.000 ns	      2099	80000968	c012fed3	fcvt.wu.s	x29,f5	  f5:0xc4be0000 x29=0x000005f0
      21035.000 ns	      2102	8000096c	f00a8a53	fmv.w.x	f20,x21	 x21:0x00000000 f20=0x00000000
      21055.000 ns	      2104	80000970	e6873e93	sltiu	x29,x14,-408	 x14:0x80000000 x29=0x00000001
      21095.000 ns	      2108	80000974	091d75d3	fsub.s	f11,f26,f17	 f26:0x7f800000 f17:0x7fc00000 f11=0x7fc00000
      21115.000 ns	      2110	80000978	41dddf93	srai	x31,x27,0x1d	 x27:0x00000000 x31=0x00000000
      21155.000 ns	      2114	8000097c	0018fcd3	fadd.s	f25,f17,f1	 f17:0x7fc00000  f1:0x43800000 f25=0x7fc00000
      21195.000 ns	      2118	80000980	11c0f4d3	fmul.s	f9,f1,f28	  f1:0x43800000 f28:0x7fc00000  f9=0x7fc00000
      21245.000 ns	      2123	80000984	091c7bd3	fsub.s	f23,f24,f17	 f24:0x7fc00000 f17:0x7fc00000 f23=0x7fc00000
      21295.000 ns	      2128	80000988	09614ad3	fsub.s	f21,f2,f22	  f2:0x3bee6c88 f22:0xffc00000 f21=0x7fc00000
      21315.000 ns	      2130	8000098c	00ac6fb3	or	x31,x24,x10	 x24:0x00000000 x10:0x02000000 x31=0x02000000
      21675.000 ns	      2166	80000990	026d4cb3	div	x25,x26,x6	 x26:0x00000000  x6:0x00000100 x25=0x00000000
      21695.000 ns	      2168	80000994	4a092a93	slti	x21,x18,1184	 x18:0x80041024 x21=0x00000001
      21715.000 ns	      2170	80000998	e00c0353	fmv.x.w	x6,f24	 f24:0x7fc00000  x6=0x7fc00000
      21765.000 ns	      2175	8000099c	0078f6d3	fadd.s	f13,f17,f7	 f17:0x7fc00000  f7:0xbbee6c88 f13=0x7fc00000
      21795.000 ns	      2178	800009a0	28039253	fmax.s	f4,f7,f0	  f7:0xbbee6c88  f0:0x7fc00000  f4=0xbbee6c88
      21825.000 ns	      2181	800009a4	f0070cd3	fmv.w.x	f25,x14	 x14:0x80000000 f25=0x80000000
      21855.000 ns	      2184	800009a8	f0040153	fmv.w.x	f2,x8	  x8:0x00000100  f2=0x00000100
      21905.000 ns	      2189	800009ac	01db7453	fadd.s	f8,f22,f29	 f22:0xffc00000 f29:0xc49ee998  f8=0x7fc00000
      21925.000 ns	      2191	800009b0	4cd6fb13	andi	x22,x13,1229	 x13:0x7fffffff x22=0x000004cd
      21955.000 ns	      2194	800009b4	580d7b53	fsqrt.s	f22,f26	 f26:0x7f800000 f22=0x7f800000
      21985.000 ns	      2197	800009b8	021f48b3	div	x17,x30,x1	 x30:0x00000017  x1:0x00000000 x17=0xffffffff
      22025.000 ns	      2201	800009bc	580cfe53	fsqrt.s	f28,f25	 f25:0x80000000 f28=0x80000000
      22055.000 ns	      2204	800009c0	a0620353	fle.s	x6,f4,f6	  f4:0xbbee6c88  f6:0x00000000  x6=0x00000001
      22075.000 ns	      2206	800009c4	00bb0233	add	x4,x22,x11	 x22:0x000004cd x11:0x00000000  x4=0x000004cd
      22085.000 ns	      2207	800009c8	007f1293	slli	x5,x30,0x7	 x30:0x00000017  x5=0x00000b80
      22105.000 ns	      2209	800009cc	e0071353	fclass.s	x6,f14	 f14:0x7fc00000  x6=0x00000200
      22135.000 ns	      2212	800009d0	21078fd3	fsgnj.s	f31,f15,f16	 f15:0xffffffff f16:0x7fc00000 f31=0x7fffffff
      22155.000 ns	      2214	800009d4	b0c6c693	xori	x13,x13,-1268	 x13:0x7fffffff x13=0x800004f3
      22175.000 ns	      2216	800009d8	c00f44d3	fcvt.w.s	x9,f30	 f30:0x00000100  x9=0x00000000
      22205.000 ns	      2219	800009dc	f0040c53	fmv.w.x	f24,x8	  x8:0x00000100 f24=0x00000100
      22225.000 ns	      2221	800009e0	00000013	addi	x0,x0,0	  x0:0x00000000
      22235.000 ns	      2222	800009e4	b177b193	sltiu	x3,x15,-1257	 x15:0x000000b9  x3=0x00000001
      22245.000 ns	      2223	800009e8	0026a833	slt	x16,x13,x2	 x13:0x800004f3  x2:0x00000000 x16=0x00000001
      22605.000 ns	      2259	800009ec	02acdb33	divu	x22,x25,x10	 x25:0x00000000 x10:0x02000000 x22=0x00000000
      22625.000 ns	      2261	800009f0	00000013	addi	x0,x0,0	  x0:0x00000000
      22645.000 ns	      2263	800009f4	c00e73d3	fcvt.w.s	x7,f28	 f28:0x80000000  x7=0x00000000
      22675.000 ns	      2266	800009f8	e0059ed3	fclass.s	x29,f11	 f11:0x7fc00000 x29=0x00000200
      22705.000 ns	      2269	800009fc	d01ec7d3	fcvt.s.wu	f15,x29	 x29:0x00000001 f15=0x44000000
      22735.000 ns	      2272	80000a00	e00e83d3	fmv.x.w	x7,f29	 f29:0xc49ee998  x7=0xc49ee998
      22765.000 ns	      2275	80000a04	e0010353	fmv.x.w	x6,f2	  f2:0x00000100  x6=0x00000100
      22785.000 ns	      2277	80000a08	407c5493	srai	x9,x24,0x7	 x24:0x00000000  x9=0x00000000
      22795.000 ns	      2278	80000a0c	fced0393	addi	x7,x26,-50	 x26:0x00000000  x7=0xffffffce
      22835.000 ns	      2282	80000a10	01eda753	fadd.s	f14,f27,f30	 f27:0x00000000 f30:0x00000100 f14=0x00000100
      22865.000 ns	      2285	80000a14	f00d0953	fmv.w.x	f18,x26	 x26:0x00000000 f18=0x00000000
      22885.000 ns	      2287	80000a18	402ad533	sra	x10,x21,x2	 x21:0x00000001  x2:0x00000000 x10=0x00000001
      22915.000 ns	      2290	80000a1c	10ea0ed3	fmul.s	f29,f20,f14	 f20:0x00000000 f14:0x00000100 f29=0x00000000
      22945.000 ns	      2293	80000a20	02b4e1b3	rem	x3,x9,x11	  x9:0x00000000 x11:0x00000000  x3=0x00000000
      22995.000 ns	      2298	80000a24	083e74d3	fsub.s	f9,f28,f3	 f28:0x80000000  f3:0xff800000  f9=0x7f800000
      23025.000 ns	      2301	80000a28	290f83d3	fmin.s	f7,f31,f16	 f31:0x7fffffff f16:0x7fc00000  f7=0x7fc00000
      23055.000 ns	      2304	80000a2c	20001c53	fsgnjn.s	f24,f0,f0	  f0:0x7fc00000  f0:0x7fc00000 f24=0xffc00000
      23425.000 ns	      2341	80000a30	03ffe233	rem	x4,x31,x31	 x31:0x02000000 x31:0x02000000  x4=0x00000000
      23445.000 ns	      2343	80000a34	41885133	sra	x2,x16,x24	 x16:0x00000001 x24:0x00000000  x2=0x00000001
      23455.000 ns	      2344	80000a38	012b1693	slli	x13,x22,0x12	 x22:0x00000000 x13=0x00000000
      23495.000 ns	      2348	80000a3c	0133f7d3	fadd.s	f15,f7,f19	  f7:0x7fc00000 f19:0x80040fe4 f15=0x7fc00000
      23515.000 ns	      2350	80000a40	da74f113	andi	x2,x9,-601	  x9:0x00000000  x2=0x00000000
      23535.000 ns	      2352	80000a44	02369eb3	mulh	x29,x13,x3	 x13:0x00000000  x3:0x00000000 x29=0x00000000
      23565.000 ns	      2355	80000a48	c01b3853	fcvt.wu.s	x16,f22	 f22:0x7f800000 x16=0xffffffff
      23595.000 ns	      2358	80000a4c	c01220d3	fcvt.wu.s	x1,f4	  f4:0xbbee6c88  x1=0x00000001
      23625.000 ns	      2361	80000a50	21e71b53	fsgnjn.s	f22,f14,f30	 f14:0x00000100 f30:0x00000100 f22=0x80000100
      23655.000 ns	      2364	80000a54	a0f59e53	flt.s	x28,f11,f15	 f11:0x7fc00000 f15:0x7fc00000 x28=0x00000000
      23685.000 ns	      2367	80000a58	293612d3	fmax.s	f5,f12,f19	 f12:0x00000000 f19:0x80040fe4  f5=0x00000000
      23705.000 ns	      2369	80000a5c	49810f93	addi	x31,x2,1176	  x2:0x00000000 x31=0x00000498
      23725.000 ns	      2371	80000a60	0263b8b3	mulhu	x17,x7,x6	  x7:0xffffffce  x6:0x00000100 x17=0x000000ff
      23745.000 ns	      2373	80000a64	00b95633	srl	x12,x18,x11	 x18:0x80041024 x11:0x00000000 x12=0x80041024
      23765.000 ns	      2375	80000a68	c01e17d3	fcvt.wu.s	x15,f28	 f28:0x80000000 x15=0x00000000
      23785.000 ns	      2377	80000a6c	5c584393	xori	x7,x16,1477	 x16:0xffffffff  x7=0xfffffa3a
      23805.000 ns	      2379	80000a70	0285a233	mulhsu	x4,x11,x8	 x11:0x00000000  x8:0x00000100  x4=0x00000000
      23835.000 ns	      2382	80000a74	a14294d3	flt.s	x9,f5,f20	  f5:0x00000000 f20:0x00000000  x9=0x00000000
      23855.000 ns	      2384	80000a78	41efde13	srai	x28,x31,0x1e	 x31:0x00000498 x28=0x00000000
      23875.000 ns	      2386	80000a7c	a03e8cd3	fle.s	x25,f29,f3	 f29:0x00000000  f3:0xff800000 x25=0x00000000
      23905.000 ns	      2389	80000a80	03248333	mul	x6,x9,x18	  x9:0x00000000 x18:0x80041024  x6=0x00000000
      23925.000 ns	      2391	80000a84	00633cb3	sltu	x25,x6,x6	  x6:0x00000100  x6:0x00000100 x25=0x00000000
      23945.000 ns	      2393	80000a88	a1900453	fle.s	x8,f0,f25	  f0:0x7fc00000 f25:0x80000000  x8=0x00000000
      23985.000 ns	      2397	80000a8c	1892f553	fdiv.s	f10,f5,f9	  f5:0x00000000  f9:0x7f800000 f10=0x00000000
      24015.000 ns	      2400	80000a90	a00202d3	fle.s	x5,f4,f0	  f4:0xbbee6c88  f0:0x7fc00000  x5=0x00000000
      24045.000 ns	      2403	80000a94	21939453	fsgnjn.s	f8,f7,f25	  f7:0x7fc00000 f25:0x80000000  f8=0x7fc00000
      24065.000 ns	      2405	80000a98	0f937c13	andi	x24,x6,249	  x6:0x00000000 x24=0x00000000
      24085.000 ns	      2407	80000a9c	03af6333	rem	x6,x30,x26	 x30:0x00000017 x26:0x00000000  x6=0x00000017
      24125.000 ns	      2411	80000aa0	1909f6d3	fdiv.s	f13,f19,f16	 f19:0x80040fe4 f16:0x7fc00000 f13=0x7fc00000
      24145.000 ns	      2413	80000aa4	8096be93	sltiu	x29,x13,-2039	 x13:0x00000000 x29=0x00000001
      24155.000 ns	      2414	80000aa8	006e5db3	srl	x27,x28,x6	 x28:0x00000000  x6:0x00000017 x27=0x00000000
      24165.000 ns	      2415	80000aac	01a87d33	and	x26,x16,x26	 x16:0xffffffff x26:0x00000000 x26=0x00000000
      24175.000 ns	      2416	80000ab0	00e02ab3	slt	x21,x0,x14	  x0:0x00000000 x14:0x80000000 x21=0x00000000
      24195.000 ns	      2418	80000ab4	0221ac33	mulhsu	x24,x3,x2	  x3:0x00000000  x2:0x00000000 x24=0x00000000
      24215.000 ns	      2420	80000ab8	e687bc93	sltiu	x25,x15,-408	 x15:0x00000000 x25=0x00000001
      24235.000 ns	      2422	80000abc	29be0a53	fmin.s	f20,f28,f27	 f28:0x80000000 f27:0x00000000 f20=0x80000000
      24255.000 ns	      2424	80000ac0	009d4533	xor	x10,x26,x9	 x26:0x00000000  x9:0x00000000 x10=0x00000000
      24275.000 ns	      2426	80000ac4	a0b19f53	flt.s	x30,f3,f11	  f3:0xff800000 f11:0x7fc00000 x30=0x00000000
      24305.000 ns	      2429	80000ac8	a0508553	fle.s	x10,f1,f5	  f1:0x43800000  f5:0x00000000 x10=0x00000000
      24325.000 ns	      2431	80000acc	01da0f33	add	x30,x20,x29	 x20:0x000004f9 x29:0x00000001 x30=0x000004fa
      24335.000 ns	      2432	80000ad0	00ab7133	and	x2,x22,x10	 x22:0x00000000 x10:0x00000000  x2=0x00000000
      24355.000 ns	      2434	80000ad4	03fd1ab3	mulh	x21,x26,x31	 x26:0x00000000 x31:0x00000498 x21=0x00000000
      24395.000 ns	      2438	80000ad8	58033bd3	fsqrt.s	f23,f6	  f6:0x00000000 f23=0x00000000
      24415.000 ns	      2440	80000adc	40ca52b3	sra	x5,x20,x12	 x20:0x000004f9 x12:0x80041024  x5=0x0000004f
      24435.000 ns	      2442	80000ae0	c00d03d3	fcvt.w.s	x7,f26	 f26:0x7f800000  x7=0x7fffffff
      24475.000 ns	      2446	80000ae4	11d529d3	fmul.s	f19,f10,f29	 f10:0x00000000 f29:0x00000000 f19=0x00000000
      24495.000 ns	      2448	80000ae8	b5d67d37	lui	x26,0xb5d67	 x26=0xb5d67000
      24525.000 ns	      2451	80000aec	18e60cd3	fdiv.s	f25,f12,f14	 f12:0x00000000 f14:0x00000100 f25=0x00000000
      24545.000 ns	      2453	80000af0	81fa0e13	addi	x28,x20,-2017	 x20:0x000004f9 x28=0xfffffd18
      24565.000 ns	      2455	80000af4	02f2bf33	mulhu	x30,x5,x15	  x5:0x0000004f x15:0x00000000 x30=0x00000000
      24585.000 ns	      2457	80000af8	0047c6b3	xor	x13,x15,x4	 x15:0x00000000  x4:0x00000000 x13=0x00000000
      24595.000 ns	      2458	80000afc	ac670d93	addi	x27,x14,-1338	 x14:0x80000000 x27=0x7ffffac6
      24605.000 ns	      2459	80000b00	41295d33	sra	x26,x18,x18	 x18:0x80041024 x18:0x80041024 x26=0xf8004102
      24625.000 ns	      2461	80000b04	02af41b3	div	x3,x30,x10	 x30:0x00000000 x10:0x00000000  x3=0xffffffff
      24655.000 ns	      2464	80000b08	d014fd53	fcvt.s.wu	f26,x9	  x9:0x00000000 f26=0x00000000
      24685.000 ns	      2467	80000b0c	02c221b3	mulhsu	x3,x4,x12	  x4:0x00000000 x12:0x80041024  x3=0x00000000
      24705.000 ns	      2469	80000b10	00000013	addi	x0,x0,0	  x0:0x00000000
      24715.000 ns	      2470	80000b14	5540bf93	sltiu	x31,x1,1364	  x1:0x00000001 x31=0x00000001
      24735.000 ns	      2472	80000b18	218b90d3	fsgnjn.s	f1,f23,f24	 f23:0x00000000 f24:0xffc00000  f1=0x00000000
      24755.000 ns	      2474	80000b1c	00f3b5b3	sltu	x11,x7,x15	  x7:0x7fffffff x15:0x00000000 x11=0x00000000
      24785.000 ns	      2477	80000b20	18877f53	fdiv.s	f30,f14,f8	 f14:0x00000100  f8:0x7fc00000 f30=0x7fc00000
      24835.000 ns	      2482	80000b24	09957753	fsub.s	f14,f10,f25	 f10:0x00000000 f25:0x00000000 f14=0x80000000
      24865.000 ns	      2485	80000b28	20991653	fsgnjn.s	f12,f18,f9	 f18:0x00000000  f9:0x7f800000 f12=0x80000000
      24895.000 ns	      2488	80000b2c	031f0333	mul	x6,x30,x17	 x30:0x00000000 x17:0x000000ff  x6=0x00000000
      24915.000 ns	      2490	80000b30	00f31b13	slli	x22,x6,0xf	  x6:0x00000017 x22=0x00000000
      24935.000 ns	      2492	80000b34	d0139453	fcvt.s.wu	f8,x7	  x7:0x7fffffff  f8=0x4effffff
      24955.000 ns	      2494	80000b38	a7fb3213	sltiu	x4,x22,-1409	 x22:0x00000000  x4=0x00000001
      24975.000 ns	      2496	80000b3c	028c3333	mulhu	x6,x24,x8	 x24:0x00000000  x8:0x00000000  x6=0x00000000
      24995.000 ns	      2498	80000b40	01f29813	slli	x16,x5,0x1f	  x5:0x0000004f x16=0x80000000
      25015.000 ns	      2500	80000b44	28928ad3	fmin.s	f21,f5,f9	  f5:0x00000000  f9:0x7f800000 f21=0x00000000
      25045.000 ns	      2503	80000b48	21128953	fsgnj.s	f18,f5,f17	  f5:0x00000000 f17:0x7fc00000 f18=0x00000000
      25075.000 ns	      2506	80000b4c	c00a72d3	fcvt.w.s	x5,f20	 f20:0x80000000  x5=0x00000000
      25095.000 ns	      2508	80000b50	018fed33	or	x26,x31,x24	 x31:0x00000001 x24:0x00000000 x26=0x00000001
      25115.000 ns	      2510	80000b54	035b98b3	mulh	x17,x23,x21	 x23:0x80040fe4 x21:0x00000000 x17=0x00000000
      25145.000 ns	      2513	80000b58	28c79e53	fmax.s	f28,f15,f12	 f15:0x7fc00000 f12:0x80000000 f28=0x80000000
      25175.000 ns	      2516	80000b5c	f00b8553	fmv.w.x	f10,x23	 x23:0x80040fe4 f10=0x80040fe4
      25205.000 ns	      2519	80000b60	c0114ad3	fcvt.wu.s	x21,f2	  f2:0x00000100 x21=0x00000000
      25225.000 ns	      2521	80000b64	01b4d533	srl	x10,x9,x27	  x9:0x00000000 x27:0x7ffffac6 x10=0x00000000
      25235.000 ns	      2522	80000b68	019489b3	add	x19,x9,x25	  x9:0x00000000 x25:0x00000001 x19=0x00000001
      25265.000 ns	      2525	80000b6c	19cefed3	fdiv.s	f29,f29,f28	 f29:0x00000000 f28:0x80000000 f29=0x7fc00000
      25305.000 ns	      2529	80000b70	101f8953	fmul.s	f18,f31,f1	 f31:0x7fffffff  f1:0x00000000 f18=0x7fc00000
      25335.000 ns	      2532	80000b74	28bb9cd3	fmax.s	f25,f23,f11	 f23:0x00000000 f11:0x7fc00000 f25=0x00000000
      25375.000 ns	      2536	80000b78	580c7ad3	fsqrt.s	f21,f24	 f24:0xffc00000 f21=0x7fc00000
      25745.000 ns	      2573	80000b7c	02ebc633	div	x12,x23,x14	 x23:0x80040fe4 x14:0x80000000 x12=0x00000000
      25775.000 ns	      2576	80000b80	a0490053	fle.s	x0,f18,f4	 f18:0x7fc00000  f4:0xbbee6c88
      25805.000 ns	      2579	80000b84	02729c33	mulh	x24,x5,x7	  x5:0x00000000  x7:0x7fffffff x24=0x00000000
      25835.000 ns	      2582	80000b88	024322b3	mulhsu	x5,x6,x4	  x6:0x00000000  x4:0x00000001  x5=0x00000000
      25865.000 ns	      2585	80000b8c	216d88d3	fsgnj.s	f17,f27,f22	 f27:0x00000000 f22:0x80000100 f17=0x80000000
      25885.000 ns	      2587	80000b90	7133b993	sltiu	x19,x7,1811	  x7:0x7fffffff x19=0x00000000
      25925.000 ns	      2591	80000b94	08392a53	fsub.s	f20,f18,f3	 f18:0x7fc00000  f3:0xff800000 f20=0x7fc00000
      25945.000 ns	      2593	80000b98	017f8233	add	x4,x31,x23	 x31:0x00000001 x23:0x80040fe4  x4=0x80040fe5
      25955.000 ns	      2594	80000b9c	0093dc13	srli	x24,x7,0x9	  x7:0x7fffffff x24=0x003fffff
      25975.000 ns	      2596	80000ba0	c01475d3	fcvt.wu.s	x11,f8	  f8:0x4effffff x11=0x7fffff80
      26005.000 ns	      2599	80000ba4	a1201653	flt.s	x12,f0,f18	  f0:0x7fc00000 f18:0x7fc00000 x12=0x00000000
      26025.000 ns	      2601	80000ba8	41c5d813	srai	x16,x11,0x1c	 x11:0x7fffff80 x16=0x00000007
      26035.000 ns	      2602	80000bac	00000013	addi	x0,x0,0	  x0:0x00000000
      26045.000 ns	      2603	80000bb0	07ae0f13	addi	x30,x28,122	 x28:0xfffffd18 x30=0xfffffd92
      26055.000 ns	      2604	80000bb4	3b348513	addi	x10,x9,947	  x9:0x00000000 x10=0x000003b3
      26075.000 ns	      2606	80000bb8	e00007d3	fmv.x.w	x15,f0	  f0:0x7fc00000 x15=0x7fc00000
      26105.000 ns	      2609	80000bbc	e0041253	fclass.s	x4,f8	  f8:0x4effffff  x4=0x00000040
      26135.000 ns	      2612	80000bc0	e0099ad3	fclass.s	x21,f19	 f19:0x00000000 x21=0x00000010
      26165.000 ns	      2615	80000bc4	e00601d3	fmv.x.w	x3,f12	 f12:0x80000000  x3=0x80000000
      26215.000 ns	      2620	80000bc8	01347253	fadd.s	f4,f8,f19	  f8:0x4effffff f19:0x00000000  f4=0x4effffff
      26235.000 ns	      2622	80000bcc	0111efb3	or	x31,x3,x17	  x3:0x80000000 x17:0x00000000 x31=0x80000000
      26255.000 ns	      2624	80000bd0	21b62d53	fsgnjx.s	f26,f12,f27	 f12:0x80000000 f27:0x00000000 f26=0x80000000
      26285.000 ns	      2627	80000bd4	03c010b3	mulh	x1,x0,x28	  x0:0x00000000 x28:0xfffffd18  x1=0x00000000
      26655.000 ns	      2664	80000bd8	03aa4133	div	x2,x20,x26	 x20:0x000004f9 x26:0x00000001  x2=0x000004f9
      26685.000 ns	      2667	80000bdc	d01a7553	fcvt.s.wu	f10,x20	 x20:0x000004f9 f10=0x449f2000
      26705.000 ns	      2669	80000be0	411b0c33	sub	x24,x22,x17	 x22:0x00000000 x17:0x00000000 x24=0x00000000
      26725.000 ns	      2671	80000be4	a042a4d3	feq.s	x9,f5,f4	  f5:0x00000000  f4:0x4effffff  x9=0x00000000
      26745.000 ns	      2673	80000be8	008c07b3	add	x15,x24,x8	 x24:0x003fffff  x8:0x00000000 x15=0x00000000
      26765.000 ns	      2675	80000bec	023f8b33	mul	x22,x31,x3	 x31:0x80000000  x3:0x80000000 x22=0x00000000
      26785.000 ns	      2677	80000bf0	625dec13	ori	x24,x27,1573	 x27:0x7ffffac6 x24=0x7ffffee7
      26795.000 ns	      2678	80000bf4	40fa0233	sub	x4,x20,x15	 x20:0x000004f9 x15:0x00000000  x4=0x000004f9
      26805.000 ns	      2679	80000bf8	00ad2d33	slt	x26,x26,x10	 x26:0x00000001 x10:0x000003b3 x26=0x00000001
      26815.000 ns	      2680	80000bfc	007ee9b3	or	x19,x29,x7	 x29:0x00000001  x7:0x7fffffff x19=0x7fffffff
      26825.000 ns	      2681	80000c00	0045dd13	srli	x26,x11,0x4	 x11:0x7fffff80 x26=0x07fffff8
      26835.000 ns	      2682	80000c04	40085113	srai	x2,x16,0x0	 x16:0x00000007  x2=0x00000007
      26865.000 ns	      2685	80000c08	5801f8d3	fsqrt.s	f17,f3	  f3:0xff800000 f17=0x7fc00000
      26885.000 ns	      2687	80000c0c	0036bd33	sltu	x26,x13,x3	 x13:0x00000000  x3:0x80000000 x26=0x00000001
      26895.000 ns	      2688	80000c10	2daa3a93	sltiu	x21,x20,730	 x20:0x000004f9 x21=0x00000000
      26915.000 ns	      2690	80000c14	e0009cd3	fclass.s	x25,f1	  f1:0x00000000 x25=0x00000010
      26945.000 ns	      2693	80000c18	02d81a33	mulh	x20,x16,x13	 x16:0x00000007 x13:0x00000000 x20=0x00000000
      26975.000 ns	      2696	80000c1c	0351cd33	div	x26,x3,x21	  x3:0x80000000 x21:0x00000000 x26=0xffffffff
      27015.000 ns	      2700	80000c20	11e5c353	fmul.s	f6,f11,f30	 f11:0x7fc00000 f30:0x7fc00000  f6=0x7fc00000
      27045.000 ns	      2703	80000c24	e00a02d3	fmv.x.w	x5,f20	 f20:0x7fc00000  x5=0x7fc00000
      27075.000 ns	      2706	80000c28	f0008b53	fmv.w.x	f22,x1	  x1:0x00000000 f22=0x00000000
      27095.000 ns	      2708	80000c2c	41100c33	sub	x24,x0,x17	  x0:0x00000000 x17:0x00000000 x24=0x00000000
      27115.000 ns	      2710	80000c30	0306a833	mulhsu	x16,x13,x16	 x13:0x00000000 x16:0x00000007 x16=0x00000000
      27145.000 ns	      2713	80000c34	c004c053	fcvt.w.s	x0,f9	  f9:0x7f800000
      27165.000 ns	      2715	80000c38	405ad6b3	sra	x13,x21,x5	 x21:0x00000000  x5:0x7fc00000 x13=0x00000000
      27175.000 ns	      2716	80000c3c	002f1833	sll	x16,x30,x2	 x30:0xfffffd92  x2:0x00000007 x16=0xfffec900
      27185.000 ns	      2717	80000c40	00041233	sll	x4,x8,x0	  x8:0x00000000  x0:0x00000000  x4=0x00000000
      27195.000 ns	      2718	80000c44	16214513	xori	x10,x2,354	  x2:0x00000007 x10=0x00000165
      27205.000 ns	      2719	80000c48	11b0a113	slti	x2,x1,283	  x1:0x00000000  x2=0x00000001
      27215.000 ns	      2720	80000c4c	018d0e13	addi	x28,x26,24	 x26:0xffffffff x28=0x00000017
      27225.000 ns	      2721	80000c50	9c482993	slti	x19,x16,-1596	 x16:0xfffec900 x19=0x00000001
      27235.000 ns	      2722	80000c54	4032d2b3	sra	x5,x5,x3	  x5:0x7fc00000  x3:0x80000000  x5=0x7fc00000
      27245.000 ns	      2723	80000c58	015ba633	slt	x12,x23,x21	 x23:0x80040fe4 x21:0x00000000 x12=0x00000001
      27605.000 ns	      2759	80000c5c	02afd233	divu	x4,x31,x10	 x31:0x80000000 x10:0x00000165  x4=0x005bc980
      27635.000 ns	      2762	80000c60	02fa10b3	mulh	x1,x20,x15	 x20:0x00000000 x15:0x00000000  x1=0x00000000
      28005.000 ns	      2799	80000c64	0326ccb3	div	x25,x13,x18	 x13:0x00000000 x18:0x80041024 x25=0x00000000
      28025.000 ns	      2801	80000c68	013d1113	slli	x2,x26,0x13	 x26:0xffffffff  x2=0xfff80000
      28045.000 ns	      2803	80000c6c	0245b4b3	mulhu	x9,x11,x4	 x11:0x7fffff80  x4:0x005bc980  x9=0x002de4bf
      28065.000 ns	      2805	80000c70	01901513	slli	x10,x0,0x19	  x0:0x00000000 x10=0x00000000
      28085.000 ns	      2807	80000c74	030225b3	mulhsu	x11,x4,x16	  x4:0x005bc980 x16:0xfffec900 x11=0x005bc910
      28115.000 ns	      2810	80000c78	a11704d3	fle.s	x9,f14,f17	 f14:0x80000000 f17:0x7fc00000  x9=0x00000000
      28145.000 ns	      2813	80000c7c	20c38bd3	fsgnj.s	f23,f7,f12	  f7:0x7fc00000 f12:0x80000000 f23=0xffc00000
      28175.000 ns	      2816	80000c80	029c9db3	mulh	x27,x25,x9	 x25:0x00000000  x9:0x00000000 x27=0x00000000
      28225.000 ns	      2821	80000c84	01c52353	fadd.s	f6,f10,f28	 f10:0x449f2000 f28:0x80000000  f6=0x449f2000
      28245.000 ns	      2823	80000c88	00a66033	or	x0,x12,x10	 x12:0x00000001 x10:0x00000000
      28265.000 ns	      2825	80000c8c	03d32ab3	mulhsu	x21,x6,x29	  x6:0x00000000 x29:0x00000001 x21=0x00000000
      28285.000 ns	      2827	80000c90	5f6dba93	sltiu	x21,x27,1526	 x27:0x00000000 x21=0x00000001
      28305.000 ns	      2829	80000c94	e00b82d3	fmv.x.w	x5,f23	 f23:0xffc00000  x5=0xffc00000
      28335.000 ns	      2832	80000c98	f00780d3	fmv.w.x	f1,x15	 x15:0x00000000  f1=0x00000000
      28365.000 ns	      2835	80000c9c	a09a9d53	flt.s	x26,f21,f9	 f21:0x7fc00000  f9:0x7f800000 x26=0x00000000
      28385.000 ns	      2837	80000ca0	004d3633	sltu	x12,x26,x4	 x26:0xffffffff  x4:0x005bc980 x12=0x00000001
      28395.000 ns	      2838	80000ca4	67088a93	addi	x21,x17,1648	 x17:0x00000000 x21=0x00000670
      28415.000 ns	      2840	80000ca8	f0010a53	fmv.w.x	f20,x2	  x2:0xfff80000 f20=0xfff80000
      28785.000 ns	      2877	80000cac	03f4e1b3	rem	x3,x9,x31	  x9:0x00000000 x31:0x80000000  x3=0x00000000
      29155.000 ns	      2914	80000cb0	03cc5133	divu	x2,x24,x28	 x24:0x00000000 x28:0x00000017  x2=0x00000000
      29175.000 ns	      2916	80000cb4	41a4d213	srai	x4,x9,0x1a	  x9:0x00000000  x4=0x00000000
      29195.000 ns	      2918	80000cb8	d0147ed3	fcvt.s.wu	f29,x8	  x8:0x00000000 f29=0x00000000
      29215.000 ns	      2920	80000cbc	013befb3	or	x31,x23,x19	 x23:0x80040fe4 x19:0x00000001 x31=0x80040fe5
      29225.000 ns	      2921	80000cc0	00832d33	slt	x26,x6,x8	  x6:0x00000000  x8:0x00000000 x26=0x00000000
      29265.000 ns	      2925	80000cc4	004d77d3	fadd.s	f15,f26,f4	 f26:0x80000000  f4:0x4effffff f15=0x4effffff
      29635.000 ns	      2962	80000cc8	02c6cb33	div	x22,x13,x12	 x13:0x00000000 x12:0x00000001 x22=0x00000000
      29655.000 ns	      2964	80000ccc	0124d693	srli	x13,x9,0x12	  x9:0x00000000 x13=0x00000000
      29675.000 ns	      2966	80000cd0	02ff2b33	mulhsu	x22,x30,x15	 x30:0xfffffd92 x15:0x00000000 x22=0x00000000
      29695.000 ns	      2968	80000cd4	73ecae13	slti	x28,x25,1854	 x25:0x00000000 x28=0x00000001
      29705.000 ns	      2969	80000cd8	41718833	sub	x16,x3,x23	  x3:0x00000000 x23:0x80040fe4 x16=0x7ffbf01c
      29715.000 ns	      2970	80000cdc	2ee9bf97	auipc	x31,0x2ee9b	 x31=0xaee9bcdc
      29725.000 ns	      2971	80000ce0	6d16ee93	ori	x29,x13,1745	 x13:0x00000000 x29=0x000006d1
      29745.000 ns	      2973	80000ce4	02e21a33	mulh	x20,x4,x14	  x4:0x00000000 x14:0x80000000 x20=0x00000000
      29765.000 ns	      2975	80000ce8	01a81013	slli	x0,x16,0x1a	 x16:0x7ffbf01c
      29775.000 ns	      2976	80000cec	8d862d13	slti	x26,x12,-1832	 x12:0x00000001 x26=0x00000000
      29795.000 ns	      2978	80000cf0	21fe1853	fsgnjn.s	f16,f28,f31	 f28:0x80000000 f31:0x7fffffff f16=0x80000000
      29825.000 ns	      2981	80000cf4	030e86b3	mul	x13,x29,x16	 x29:0x000006d1 x16:0x7ffbf01c x13=0x644faedc
      29855.000 ns	      2984	80000cf8	02c025b3	mulhsu	x11,x0,x12	  x0:0x00000000 x12:0x00000001 x11=0x00000000
      29885.000 ns	      2987	80000cfc	a06d0fd3	fle.s	x31,f26,f6	 f26:0x80000000  f6:0x449f2000 x31=0x00000001
      29925.000 ns	      2991	80000d00	115276d3	fmul.s	f13,f4,f21	  f4:0x4effffff f21:0x7fc00000 f13=0x7fc00000
      29945.000 ns	      2993	80000d04	41e28cb3	sub	x25,x5,x30	  x5:0xffc00000 x30:0xfffffd92 x25=0xffc0026e
      29955.000 ns	      2994	80000d08	40fadc93	srai	x25,x21,0xf	 x21:0x00000670 x25=0x00000000
      29965.000 ns	      2995	80000d0c	f8d1b793	sltiu	x15,x3,-115	  x3:0x00000000 x15=0x00000001
      29975.000 ns	      2996	80000d10	33f62213	slti	x4,x12,831	 x12:0x00000001  x4=0x00000001
      29995.000 ns	      2998	80000d14	e0001c53	fclass.s	x24,f0	  f0:0x7fc00000 x24=0x00000200
      30025.000 ns	      3001	80000d18	219898d3	fsgnjn.s	f17,f17,f25	 f17:0x7fc00000 f25:0x00000000 f17=0xffc00000
      30055.000 ns	      3004	80000d1c	294716d3	fmax.s	f13,f14,f20	 f14:0x80000000 f20:0xfff80000 f13=0x80000000
      30075.000 ns	      3006	80000d20	5229b393	sltiu	x7,x19,1314	 x19:0x00000001  x7=0x00000001
      30085.000 ns	      3007	80000d24	0dc28f93	addi	x31,x5,220	  x5:0xffc00000 x31=0xffc000dc
      30105.000 ns	      3009	80000d28	02a39033	mulh	x0,x7,x10	  x7:0x7fffffff x10:0x00000000
      30125.000 ns	      3011	80000d2c	00acba33	sltu	x20,x25,x10	 x25:0x00000000 x10:0x00000000 x20=0x00000000
      30135.000 ns	      3012	80000d30	01a4d793	srli	x15,x9,0x1a	  x9:0x00000000 x15=0x00000000
      30145.000 ns	      3013	80000d34	007f4333	xor	x6,x30,x7	 x30:0xfffffd92  x7:0x00000001  x6=0xfffffd93
      30155.000 ns	      3014	80000d38	41848833	sub	x16,x9,x24	  x9:0x00000000 x24:0x00000200 x16=0xfffffe00
      30165.000 ns	      3015	80000d3c	e478cf13	xori	x30,x17,-441	 x17:0x00000000 x30=0xfffffe47
      30185.000 ns	      3017	80000d40	03be8533	mul	x10,x29,x27	 x29:0x000006d1 x27:0x00000000 x10=0x00000000
      30215.000 ns	      3020	80000d44	286e1853	fmax.s	f16,f28,f6	 f28:0x80000000  f6:0x449f2000 f16=0x449f2000
      30245.000 ns	      3023	80000d48	0207ed33	rem	x26,x15,x0	 x15:0x00000000  x0:0x00000000 x26=0x00000000
      30265.000 ns	      3025	80000d4c	01b63f33	sltu	x30,x12,x27	 x12:0x00000001 x27:0x00000000 x30=0x00000000
      30275.000 ns	      3026	80000d50	b4608193	addi	x3,x1,-1210	  x1:0x00000000  x3=0xfffffb46
      30295.000 ns	      3028	80000d54	036d2233	mulhsu	x4,x26,x22	 x26:0x00000000 x22:0x00000000  x4=0x00000000
      30315.000 ns	      3030	80000d58	54383b13	sltiu	x22,x16,1347	 x16:0xfffffe00 x22=0x00000000
      30335.000 ns	      3032	80000d5c	e00b0c53	fmv.x.w	x24,f22	 f22:0x00000000 x24=0x00000000
      30705.000 ns	      3069	80000d60	032a7533	remu	x10,x20,x18	 x20:0x00000000 x18:0x80041024 x10=0x00000000
      30745.000 ns	      3073	80000d64	18d2ab53	fdiv.s	f22,f5,f13	  f5:0x00000000 f13:0x80000000 f22=0x7fc00000
      30765.000 ns	      3075	80000d68	58164813	xori	x16,x12,1409	 x12:0x00000001 x16=0x00000580
      31125.000 ns	      3111	80000d6c	026cf433	remu	x8,x25,x6	 x25:0x00000000  x6:0xfffffd93  x8=0x00000000
      31155.000 ns	      3114	80000d70	202a2953	fsgnjx.s	f18,f20,f2	 f20:0xfff80000  f2:0x00000100 f18=0xfff80000
      31195.000 ns	      3118	80000d74	11bb73d3	fmul.s	f7,f22,f27	 f22:0x7fc00000 f27:0x00000000  f7=0x7fc00000
      31245.000 ns	      3123	80000d78	090b75d3	fsub.s	f11,f22,f16	 f22:0x7fc00000 f16:0x449f2000 f11=0x7fc00000
      31275.000 ns	      3126	80000d7c	03816ab3	rem	x21,x2,x24	  x2:0x00000000 x24:0x00000000 x21=0x00000000
      31295.000 ns	      3128	80000d80	000c8433	add	x8,x25,x0	 x25:0x00000000  x0:0x00000000  x8=0x00000000
      31305.000 ns	      3129	80000d84	005b04b3	add	x9,x22,x5	 x22:0x00000000  x5:0xffc00000  x9=0xffc00000
      31315.000 ns	      3130	80000d88	017bd513	srli	x10,x23,0x17	 x23:0x80040fe4 x10=0x00000100
      31335.000 ns	      3132	80000d8c	c013f1d3	fcvt.wu.s	x3,f7	  f7:0x7fc00000  x3=0xffffffff
      31385.000 ns	      3137	80000d90	09647053	fsub.s	f0,f8,f22	  f8:0x4effffff f22:0x7fc00000  f0=0x7fc00000
      31405.000 ns	      3139	80000d94	013684b3	add	x9,x13,x19	 x13:0x644faedc x19:0x00000001  x9=0x644faedd
      31425.000 ns	      3141	80000d98	a1d61453	flt.s	x8,f12,f29	 f12:0x80000000 f29:0x00000000  x8=0x00000000
      31445.000 ns	      3143	80000d9c	c3def793	andi	x15,x29,-963	 x29:0x000006d1 x15=0x00000411
      31455.000 ns	      3144	80000da0	d6d0eb13	ori	x22,x1,-659	  x1:0x00000000 x22=0xfffffd6d
      31475.000 ns	      3146	80000da4	a06704d3	fle.s	x9,f14,f6	 f14:0x80000000  f6:0x449f2000  x9=0x00000001
      31495.000 ns	      3148	80000da8	00aa6333	or	x6,x20,x10	 x20:0x00000000 x10:0x00000100  x6=0x00000100
      31505.000 ns	      3149	80000dac	00811493	slli	x9,x2,0x8	  x2:0x00000000  x9=0x00000000
      31525.000 ns	      3151	80000db0	029613b3	mulh	x7,x12,x9	 x12:0x00000001  x9:0x00000001  x7=0x00000000
      31545.000 ns	      3153	80000db4	01439513	slli	x10,x7,0x14	  x7:0x00000001 x10=0x00000000
      31585.000 ns	      3157	80000db8	00d2fad3	fadd.s	f21,f5,f13	  f5:0x00000000 f13:0x80000000 f21=0x80000000
      31615.000 ns	      3160	80000dbc	02cd0333	mul	x6,x26,x12	 x26:0x00000000 x12:0x00000001  x6=0x00000000
      31645.000 ns	      3163	80000dc0	0201ccb3	div	x25,x3,x0	  x3:0xffffffff  x0:0x00000000 x25=0xffffffff
      31675.000 ns	      3166	80000dc4	21508353	fsgnj.s	f6,f1,f21	  f1:0x00000000 f21:0x80000000  f6=0x80000000
      31695.000 ns	      3168	80000dc8	00b45d33	srl	x26,x8,x11	  x8:0x00000000 x11:0x00000000 x26=0x00000000
      31715.000 ns	      3170	80000dcc	a1dd8c53	fle.s	x24,f27,f29	 f27:0x00000000 f29:0x00000000 x24=0x00000001
      31745.000 ns	      3173	80000dd0	290b9b53	fmax.s	f22,f23,f16	 f23:0xffc00000 f16:0x449f2000 f22=0x449f2000
      31775.000 ns	      3176	80000dd4	204328d3	fsgnjx.s	f17,f6,f4	  f6:0x80000000  f4:0x4effffff f17=0x80000000
      31805.000 ns	      3179	80000dd8	02742db3	mulhsu	x27,x8,x7	  x8:0x00000000  x7:0x00000000 x27=0x00000000
      31835.000 ns	      3182	80000ddc	c00d7853	fcvt.w.s	x16,f26	 f26:0x80000000 x16=0x00000000
      31865.000 ns	      3185	80000de0	021dc233	div	x4,x27,x1	 x27:0x00000000  x1:0x00000000  x4=0xffffffff
      31895.000 ns	      3188	80000de4	03c6adb3	mulhsu	x27,x13,x28	 x13:0x644faedc x28:0x00000001 x27=0x00000000
      31925.000 ns	      3191	80000de8	d0172253	fcvt.s.wu	f4,x14	 x14:0x80000000  f4=0x4f000000
      31945.000 ns	      3193	80000dec	72323b13	sltiu	x22,x4,1827	  x4:0xffffffff x22=0x00000000
      31955.000 ns	      3194	80000df0	01159fb3	sll	x31,x11,x17	 x11:0x00000000 x17:0x00000000 x31=0x00000000
      31965.000 ns	      3195	80000df4	41490c33	sub	x24,x18,x20	 x18:0x80041024 x20:0x00000000 x24=0x80041024
      31985.000 ns	      3197	80000df8	21381ad3	fsgnjn.s	f21,f16,f19	 f16:0x449f2000 f19:0x00000000 f21=0xc49f2000
      32035.000 ns	      3202	80000dfc	00cc77d3	fadd.s	f15,f24,f12	 f24:0xffc00000 f12:0x80000000 f15=0x7fc00000
      32065.000 ns	      3205	80000e00	c00cfad3	fcvt.w.s	x21,f25	 f25:0x00000000 x21=0x00000000
      32095.000 ns	      3208	80000e04	c0017153	fcvt.w.s	x2,f2	  f2:0x00000100  x2=0x00000000
      32125.000 ns	      3211	80000e08	03ff56b3	divu	x13,x30,x31	 x30:0x00000000 x31:0x00000000 x13=0xffffffff
      32155.000 ns	      3214	80000e0c	02dc0fb3	mul	x31,x24,x13	 x24:0x80041024 x13:0x644faedc x31=0x7ffbefdc
      32175.000 ns	      3216	80000e10	75f08e13	addi	x28,x1,1887	  x1:0x00000000 x28=0x0000075f
      32205.000 ns	      3219	80000e14	1190fad3	fmul.s	f21,f1,f25	  f1:0x00000000 f25:0x00000000 f21=0x00000000
      32235.000 ns	      3222	80000e18	20cdaa53	fsgnjx.s	f20,f27,f12	 f27:0x00000000 f12:0x80000000 f20=0x80000000
      32255.000 ns	      3224	80000e1c	0094d3b3	srl	x7,x9,x9	  x9:0x00000000  x9:0x00000000  x7=0x00000000
      32265.000 ns	      3225	80000e20	01bfa633	slt	x12,x31,x27	 x31:0x7ffbefdc x27:0x00000000 x12=0x00000000
      32305.000 ns	      3229	80000e24	015776d3	fadd.s	f13,f14,f21	 f14:0x80000000 f21:0x00000000 f13=0x00000000
      32675.000 ns	      3266	80000e28	024feb33	rem	x22,x31,x4	 x31:0x7ffbefdc  x4:0xffffffff x22=0x00000000
      32705.000 ns	      3269	80000e2c	03b1adb3	mulhsu	x27,x3,x27	  x3:0xffffffff x27:0x00000000 x27=0x00000000
      32725.000 ns	      3271	80000e30	01f76b33	or	x22,x14,x31	 x14:0x80000000 x31:0x7ffbefdc x22=0xfffbefdc
      32735.000 ns	      3272	80000e34	011add33	srl	x26,x21,x17	 x21:0x00000000 x17:0x00000000 x26=0x00000000
      33095.000 ns	      3308	80000e38	02e8d6b3	divu	x13,x17,x14	 x17:0x00000000 x14:0x80000000 x13=0x00000000
      33135.000 ns	      3312	80000e3c	184e7cd3	fdiv.s	f25,f28,f4	 f28:0x80000000  f4:0x4f000000 f25=0x80000000
      33155.000 ns	      3314	80000e40	003146b3	xor	x13,x2,x3	  x2:0x00000000  x3:0xffffffff x13=0xffffffff
      33165.000 ns	      3315	80000e44	415b5c13	srai	x24,x22,0x15	 x22:0xfffbefdc x24=0xffffffff
      33175.000 ns	      3316	80000e48	013407b3	add	x15,x8,x19	  x8:0x00000000 x19:0x00000001 x15=0x00000001
      33195.000 ns	      3318	80000e4c	204e1bd3	fsgnjn.s	f23,f28,f4	 f28:0x80000000  f4:0x4f000000 f23=0x80000000
      33215.000 ns	      3320	80000e50	89ce2c93	slti	x25,x28,-1892	 x28:0x0000075f x25=0x00000000
      33235.000 ns	      3322	80000e54	c0140153	fcvt.wu.s	x2,f8	  f8:0x4effffff  x2=0x7fffff80
      33265.000 ns	      3325	80000e58	a18f2853	feq.s	x16,f30,f24	 f30:0x7fc00000 f24:0xffc00000 x16=0x00000000
      33295.000 ns	      3328	80000e5c	028aeab3	rem	x21,x21,x8	 x21:0x00000000  x8:0x00000000 x21=0x00000000
      33345.000 ns	      3333	80000e60	0035fed3	fadd.s	f29,f11,f3	 f11:0x7fc00000  f3:0xff800000 f29=0x7fc00000
      33375.000 ns	      3336	80000e64	e0070d53	fmv.x.w	x26,f14	 f14:0x80000000 x26=0x80000000
      33415.000 ns	      3340	80000e68	18f38bd3	fdiv.s	f23,f7,f15	  f7:0x7fc00000 f15:0x7fc00000 f23=0x7fc00000
      33455.000 ns	      3344	80000e6c	5805f853	fsqrt.s	f16,f11	 f11:0x7fc00000 f16=0x7fc00000
      33495.000 ns	      3348	80000e70	196c1253	fdiv.s	f4,f24,f22	 f24:0xffc00000 f22:0x449f2000  f4=0x7fc00000
      33515.000 ns	      3350	80000e74	38a22e93	slti	x29,x4,906	  x4:0xffffffff x29=0x00000001
      33525.000 ns	      3351	80000e78	4000ddb3	sra	x27,x1,x0	  x1:0x00000000  x0:0x00000000 x27=0x00000000
      33535.000 ns	      3352	80000e7c	009f1433	sll	x8,x30,x9	 x30:0x00000000  x9:0x00000000  x8=0x00000000
      33545.000 ns	      3353	80000e80	01431393	slli	x7,x6,0x14	  x6:0x00000000  x7=0x00000000
      33565.000 ns	      3355	80000e84	205d1ad3	fsgnjn.s	f21,f26,f5	 f26:0x80000000  f5:0x00000000 f21=0x80000000
      33585.000 ns	      3357	80000e88	6040f293	andi	x5,x1,1540	  x1:0x00000000  x5=0x00000000
      33605.000 ns	      3359	80000e8c	e0060dd3	fmv.x.w	x27,f12	 f12:0x80000000 x27=0x80000000
      33625.000 ns	      3361	80000e90	00314c33	xor	x24,x2,x3	  x2:0x7fffff80  x3:0xffffffff x24=0x8000007f
      33645.000 ns	      3363	80000e94	f0020ed3	fmv.w.x	f29,x4	  x4:0xffffffff f29=0xffffffff
      33685.000 ns	      3367	80000e98	10667ad3	fmul.s	f21,f12,f6	 f12:0x80000000  f6:0x80000000 f21=0x00000000
      33715.000 ns	      3370	80000e9c	e00309d3	fmv.x.w	x19,f6	  f6:0x80000000 x19=0x80000000
      33735.000 ns	      3372	80000ea0	4018d8b3	sra	x17,x17,x1	 x17:0x00000000  x1:0x00000000 x17=0x00000000
      33745.000 ns	      3373	80000ea4	018c67b3	or	x15,x24,x24	 x24:0x8000007f x24:0x8000007f x15=0x8000007f
      33755.000 ns	      3374	80000ea8	00e1adb3	slt	x27,x3,x14	  x3:0xffffffff x14:0x80000000 x27=0x00000000
      33775.000 ns	      3376	80000eac	d011a0d3	fcvt.s.wu	f1,x3	  x3:0xffffffff  f1=0x4f800000
      33795.000 ns	      3378	80000eb0	996d6497	auipc	x9,0x996d6	  x9=0x196d6eb0
      33815.000 ns	      3380	80000eb4	e00718d3	fclass.s	x17,f14	 f14:0x80000000 x17=0x00000008
      33845.000 ns	      3383	80000eb8	214e1ad3	fsgnjn.s	f21,f28,f20	 f28:0x80000000 f20:0x80000000 f21=0x00000000
      33865.000 ns	      3385	80000ebc	47853993	sltiu	x19,x10,1144	 x10:0x00000000 x19=0x00000001
      33885.000 ns	      3387	80000ec0	025b34b3	mulhu	x9,x22,x5	 x22:0xfffbefdc  x5:0x00000000  x9=0x00000000
      33905.000 ns	      3389	80000ec4	01423433	sltu	x8,x4,x20	  x4:0xffffffff x20:0x00000000  x8=0x00000000
      33925.000 ns	      3391	80000ec8	f00f84d3	fmv.w.x	f9,x31	 x31:0x7ffbefdc  f9=0x7ffbefdc
      33955.000 ns	      3394	80000ecc	f0040bd3	fmv.w.x	f23,x8	  x8:0x00000000 f23=0x00000000
      33985.000 ns	      3397	80000ed0	c01535d3	fcvt.wu.s	x11,f10	 f10:0x449f2000 x11=0x000004f9
      34005.000 ns	      3399	80000ed4	faa19317	auipc	x6,0xfaa19	  x6=0x7aa19ed4
      34035.000 ns	      3402	80000ed8	18def753	fdiv.s	f14,f29,f13	 f29:0xffffffff f13:0x00000000 f14=0x7fc00000
      34055.000 ns	      3404	80000edc	87402097	auipc	x1,0x87402	  x1=0x07402edc
      34065.000 ns	      3405	80000ee0	0117d433	srl	x8,x15,x17	 x15:0x8000007f x17:0x00000008  x8=0x00800000
      34085.000 ns	      3407	80000ee4	d01af5d3	fcvt.s.wu	f11,x21	 x21:0x00000000 f11=0x00000000
      34105.000 ns	      3409	80000ee8	01e0eeb3	or	x29,x1,x30	  x1:0x07402edc x30:0x00000000 x29=0x07402edc
      34115.000 ns	      3410	80000eec	005ec2b3	xor	x5,x29,x5	 x29:0x00000001  x5:0x00000000  x5=0x07402edc
      34125.000 ns	      3411	80000ef0	44ea2793	slti	x15,x20,1102	 x20:0x00000000 x15=0x00000001
      34135.000 ns	      3412	80000ef4	2ad14493	xori	x9,x2,685	  x2:0x7fffff80  x9=0x7ffffd2d
      34145.000 ns	      3413	80000ef8	01df5f33	srl	x30,x30,x29	 x30:0x00000000 x29:0x07402edc x30=0x00000000
      34155.000 ns	      3414	80000efc	40d6df33	sra	x30,x13,x13	 x13:0xffffffff x13:0xffffffff x30=0xffffffff
      34515.000 ns	      3450	80000f00	029cc233	div	x4,x25,x9	 x25:0x00000000  x9:0x7ffffd2d  x4=0x00000000
      34535.000 ns	      3452	80000f04	3575b113	sltiu	x2,x11,855	 x11:0x000004f9  x2=0x00000000
      34555.000 ns	      3454	80000f08	a1e194d3	flt.s	x9,f3,f30	  f3:0xff800000 f30:0x7fc00000  x9=0x00000000
      34585.000 ns	      3457	80000f0c	03b2eeb3	rem	x29,x5,x27	  x5:0x07402edc x27:0x00000000 x29=0x07402edc
      34605.000 ns	      3459	80000f10	40f85f33	sra	x30,x16,x15	 x16:0x00000000 x15:0x00000001 x30=0x00000000
      34965.000 ns	      3495	80000f14	02b56333	rem	x6,x10,x11	 x10:0x00000000 x11:0x000004f9  x6=0x00000000
      34995.000 ns	      3498	80000f18	c008f0d3	fcvt.w.s	x1,f17	 f17:0x80000000  x1=0x00000000
      35015.000 ns	      3500	80000f1c	01825993	srli	x19,x4,0x18	  x4:0x00000000 x19=0x00000000
      35025.000 ns	      3501	80000f20	014c9013	slli	x0,x25,0x14	 x25:0x00000000
      35045.000 ns	      3503	80000f24	03fe3d33	mulhu	x26,x28,x31	 x28:0x0000075f x31:0x7ffbefdc x26=0x000003af
      35065.000 ns	      3505	80000f28	0130b633	sltu	x12,x1,x19	  x1:0x00000000 x19:0x00000000 x12=0x00000000
      35075.000 ns	      3506	80000f2c	00dd85b3	add	x11,x27,x13	 x27:0x00000000 x13:0xffffffff x11=0xffffffff
      35085.000 ns	      3507	80000f30	007ed9b3	srl	x19,x29,x7	 x29:0x07402edc  x7:0x00000000 x19=0x07402edc
      35105.000 ns	      3509	80000f34	02a19e33	mulh	x28,x3,x10	  x3:0xffffffff x10:0x00000000 x28=0x00000000
      35135.000 ns	      3512	80000f38	02fe0133	mul	x2,x28,x15	 x28:0x0000075f x15:0x00000001  x2=0x00000000
      35175.000 ns	      3516	80000f3c	108cf5d3	fmul.s	f11,f25,f8	 f25:0x80000000  f8:0x4effffff f11=0x80000000
      35195.000 ns	      3518	80000f40	90e84c37	lui	x24,0x90e84	 x24=0x90e84000
      35205.000 ns	      3519	80000f44	015406b3	add	x13,x8,x21	  x8:0x00800000 x21:0x00000000 x13=0x00800000
      35225.000 ns	      3521	80000f48	f0020dd3	fmv.w.x	f27,x4	  x4:0x00000000 f27=0x00000000
      35245.000 ns	      3523	80000f4c	40b952b3	sra	x5,x18,x11	 x18:0x80041024 x11:0xffffffff  x5=0xffffffff
      35265.000 ns	      3525	80000f50	0336afb3	mulhsu	x31,x13,x19	 x13:0x00800000 x19:0x07402edc x31=0x0003a017
      35305.000 ns	      3529	80000f54	19bc83d3	fdiv.s	f7,f25,f27	 f25:0x80000000 f27:0x00000000  f7=0x7fc00000
      35355.000 ns	      3534	80000f58	08327953	fsub.s	f18,f4,f3	  f4:0x7fc00000  f3:0xff800000 f18=0x7fc00000
      35375.000 ns	      3536	80000f5c	01c55cb3	srl	x25,x10,x28	 x10:0x00000000 x28:0x00000000 x25=0x00000000
      35385.000 ns	      3537	80000f60	40f75613	srai	x12,x14,0xf	 x14:0x80000000 x12=0xffff0000
      35395.000 ns	      3538	80000f64	76376593	ori	x11,x14,1891	 x14:0x80000000 x11=0x80000763
      35415.000 ns	      3540	80000f68	214428d3	fsgnjx.s	f17,f8,f20	  f8:0x4effffff f20:0x80000000 f17=0xceffffff
      35445.000 ns	      3543	80000f6c	c01fffd3	fcvt.wu.s	x31,f31	 f31:0x7fffffff x31=0xffffffff
      35465.000 ns	      3545	80000f70	63099337	lui	x6,0x63099	  x6=0x63099000
      35475.000 ns	      3546	80000f74	01cbe233	or	x4,x23,x28	 x23:0x80040fe4 x28:0x00000000  x4=0x80040fe4
      35485.000 ns	      3547	80000f78	00d4e333	or	x6,x9,x13	  x9:0x00000000 x13:0x00800000  x6=0x00800000
      35845.000 ns	      3583	80000f7c	0251d4b3	divu	x9,x3,x5	  x3:0xffffffff  x5:0xffffffff  x9=0x00000001
      35865.000 ns	      3585	80000f80	00d75413	srli	x8,x14,0xd	 x14:0x80000000  x8=0x00040000
      35875.000 ns	      3586	80000f84	0107f033	and	x0,x15,x16	 x15:0x00000001 x16:0x00000000
      35915.000 ns	      3590	80000f88	00ec2b53	fadd.s	f22,f24,f14	 f24:0xffc00000 f14:0x7fc00000 f22=0x7fc00000
      35945.000 ns	      3593	80000f8c	02fb8cb3	mul	x25,x23,x15	 x23:0x80040fe4 x15:0x00000001 x25=0x80040fe4
      36315.000 ns	      3630	80000f90	0293fa33	remu	x20,x7,x9	  x7:0x00000000  x9:0x00000001 x20=0x00000000
      36345.000 ns	      3633	80000f94	02318433	mul	x8,x3,x3	  x3:0xffffffff  x3:0xffffffff  x8=0x00000001
      36375.000 ns	      3636	80000f98	a0f08053	fle.s	x0,f1,f15	  f1:0x4f800000 f15:0x7fc00000
      36395.000 ns	      3638	80000f9c	41a8d9b3	sra	x19,x17,x26	 x17:0x00000008 x26:0x000003af x19=0x00000000
      36405.000 ns	      3639	80000fa0	01e6f433	and	x8,x13,x30	 x13:0x00800000 x30:0x00000000  x8=0x00000000
      36415.000 ns	      3640	80000fa4	012bd513	srli	x10,x23,0x12	 x23:0x80040fe4 x10=0x00002001
      36425.000 ns	      3641	80000fa8	008bbe33	sltu	x28,x23,x8	 x23:0x80040fe4  x8:0x00000001 x28=0x00000000
      36455.000 ns	      3644	80000fac	1108ced3	fmul.s	f29,f17,f16	 f17:0xceffffff f16:0x7fc00000 f29=0x7fc00000
      36485.000 ns	      3647	80000fb0	d00b7ad3	fcvt.s.w	f21,x22	 x22:0xfffbefdc f21=0xc8820480
      36515.000 ns	      3650	80000fb4	c0017c53	fcvt.w.s	x24,f2	  f2:0x00000100 x24=0x00000000
      36535.000 ns	      3652	80000fb8	406bd593	srai	x11,x23,0x6	 x23:0x80040fe4 x11=0xfe00103f
      36555.000 ns	      3654	80000fbc	211cac53	fsgnjx.s	f24,f25,f17	 f25:0x80000000 f17:0xceffffff f24=0x00000000
      36575.000 ns	      3656	80000fc0	74902613	slti	x12,x0,1865	  x0:0x00000000 x12=0x00000001
      36595.000 ns	      3658	80000fc4	02d12333	mulhsu	x6,x2,x13	  x2:0x00000000 x13:0x00800000  x6=0x00000000
      36625.000 ns	      3661	80000fc8	02f68333	mul	x6,x13,x15	 x13:0x00800000 x15:0x00000001  x6=0x00800000
      36645.000 ns	      3663	80000fcc	00000013	addi	x0,x0,0	  x0:0x00000000
      36675.000 ns	      3666	80000fd0	580ca853	fsqrt.s	f16,f25	 f25:0x80000000 f16=0x80000000
      36705.000 ns	      3669	80000fd4	03c7c9b3	div	x19,x15,x28	 x15:0x00000001 x28:0x00000000 x19=0xffffffff
      36735.000 ns	      3672	80000fd8	21f28e53	fsgnj.s	f28,f5,f31	  f5:0x00000000 f31:0x7fffffff f28=0x00000000
      36765.000 ns	      3675	80000fdc	a01115d3	flt.s	x11,f2,f1	  f2:0x00000100  f1:0x4f800000 x11=0x00000001
      36785.000 ns	      3677	80000fe0	00f9c3b3	xor	x7,x19,x15	 x19:0xffffffff x15:0x00000001  x7=0xfffffffe
      36805.000 ns	      3679	80000fe4	d01e7ed3	fcvt.s.wu	f29,x28	 x28:0x00000000 f29=0x00000000
      36835.000 ns	      3682	80000fe8	a1610153	fle.s	x2,f2,f22	  f2:0x00000100 f22:0x7fc00000  x2=0x00000000
      36865.000 ns	      3685	80000fec	026283b3	mul	x7,x5,x6	  x5:0xffffffff  x6:0x00800000  x7=0xff800000
      36885.000 ns	      3687	80000ff0	01090ab3	add	x21,x18,x16	 x18:0x80041024 x16:0x00000000 x21=0x80041024
      36895.000 ns	      3688	80000ff4	009f9113	slli	x2,x31,0x9	 x31:0xffffffff  x2=0xfffffe00
      36905.000 ns	      3689	80000ff8	2212d337	lui	x6,0x2212d	  x6=0x2212d000
      36915.000 ns	      3690	80000ffc	f8df2593	slti	x11,x30,-115	 x30:0x00000000 x11=0x00000000
      36935.000 ns	      3692	80001000	29ab93d3	fmax.s	f7,f23,f26	 f23:0x00000000 f26:0x80000000  f7=0x00000000
      36955.000 ns	      3694	80001004	00301c93	slli	x25,x0,0x3	  x0:0x00000000 x25=0x00000000
      36975.000 ns	      3696	80001008	03bbedb3	rem	x27,x23,x27	 x23:0x80040fe4 x27:0x00000000 x27=0x80040fe4
      36995.000 ns	      3698	8000100c	39a8bc93	sltiu	x25,x17,922	 x17:0x00000008 x25=0x00000001
      37015.000 ns	      3700	80001010	031e2333	mulhsu	x6,x28,x17	 x28:0x00000000 x17:0x00000008  x6=0x00000000
      37045.000 ns	      3703	80001014	20ed97d3	fsgnjn.s	f15,f27,f14	 f27:0x00000000 f14:0x7fc00000 f15=0x80000000
      37075.000 ns	      3706	80001018	02b674b3	remu	x9,x12,x11	 x12:0x00000001 x11:0x00000000  x9=0x00000001
      37095.000 ns	      3708	8000101c	00779f33	sll	x30,x15,x7	 x15:0x00000001  x7:0xff800000 x30=0x00000001
      37115.000 ns	      3710	80001020	023d9333	mulh	x6,x27,x3	 x27:0x80040fe4  x3:0xffffffff  x6=0x00000000
      37135.000 ns	      3712	80001024	6dfec193	xori	x3,x29,1759	 x29:0x07402edc  x3=0x07402803
      37155.000 ns	      3714	80001028	2085ae53	fsgnjx.s	f28,f11,f8	 f11:0x80000000  f8:0x4effffff f28=0x80000000
      37175.000 ns	      3716	8000102c	005f90b3	sll	x1,x31,x5	 x31:0xffffffff  x5:0xffffffff  x1=0x80000000
      37185.000 ns	      3717	80001030	413f5893	srai	x17,x30,0x13	 x30:0x00000001 x17=0x00000000
      37195.000 ns	      3718	80001034	00ad5e93	srli	x29,x26,0xa	 x26:0x000003af x29=0x00000000
      37215.000 ns	      3720	80001038	21e79ad3	fsgnjn.s	f21,f15,f30	 f15:0x80000000 f30:0x7fc00000 f21=0x80000000
      37235.000 ns	      3722	8000103c	00047133	and	x2,x8,x0	  x8:0x00000000  x0:0x00000000  x2=0x00000000
      37245.000 ns	      3723	80001040	019090b3	sll	x1,x1,x25	  x1:0x80000000 x25:0x00000001  x1=0x00000000
      37265.000 ns	      3725	80001044	03018e33	mul	x28,x3,x16	  x3:0x07402803 x16:0x00000000 x28=0x00000000
      37285.000 ns	      3727	80001048	37619117	auipc	x2,0x37619	  x2=0xb761a048
      37295.000 ns	      3728	8000104c	972b39b7	lui	x19,0x972b3	 x19=0x972b3000
      37315.000 ns	      3730	80001050	021b93b3	mulh	x7,x23,x1	 x23:0x80040fe4  x1:0x00000000  x7=0x00000000
      37345.000 ns	      3733	80001054	c006f4d3	fcvt.w.s	x9,f13	 f13:0x00000000  x9=0x00000000
      37365.000 ns	      3735	80001058	4dbd6193	ori	x3,x26,1243	 x26:0x000003af  x3=0x000007ff
      37395.000 ns	      3738	8000105c	580a86d3	fsqrt.s	f13,f21	 f21:0x80000000 f13=0x80000000
      37435.000 ns	      3742	80001060	1973f2d3	fdiv.s	f5,f7,f23	  f7:0x00000000 f23:0x00000000  f5=0x7fc00000
      37465.000 ns	      3745	80001064	03cff433	remu	x8,x31,x28	 x31:0xffffffff x28:0x00000000  x8=0xffffffff
      37485.000 ns	      3747	80001068	016049b3	xor	x19,x0,x22	  x0:0x00000000 x22:0xfffbefdc x19=0xfffbefdc
      37495.000 ns	      3748	8000106c	01d988b3	add	x17,x19,x29	 x19:0x972b3000 x29:0x00000000 x17=0xfffbefdc
      37515.000 ns	      3750	80001070	280f0a53	fmin.s	f20,f30,f0	 f30:0x7fc00000  f0:0x7fc00000 f20=0x7fc00000
      37545.000 ns	      3753	80001074	c00cf253	fcvt.w.s	x4,f25	 f25:0x80000000  x4=0x00000000
      37595.000 ns	      3758	80001078	00b3f553	fadd.s	f10,f7,f11	  f7:0x00000000 f11:0x80000000 f10=0x80000000
      37615.000 ns	      3760	8000107c	01eb4d33	xor	x26,x22,x30	 x22:0xfffbefdc x30:0x00000001 x26=0xfffbefdd
      37635.000 ns	      3762	80001080	e0038cd3	fmv.x.w	x25,f7	  f7:0x00000000 x25=0x00000000
      37655.000 ns	      3764	80001084	00000013	addi	x0,x0,0	  x0:0x00000000
      37675.000 ns	      3766	80001088	e0040353	fmv.x.w	x6,f8	  f8:0x4effffff  x6=0x4effffff
      37695.000 ns	      3768	8000108c	2f608393	addi	x7,x1,758	  x1:0x00000000  x7=0x000002f6
      37715.000 ns	      3770	80001090	28d11153	fmax.s	f2,f2,f13	  f2:0x00000100 f13:0x80000000  f2=0x00000100
      37745.000 ns	      3773	80001094	02a316b3	mulh	x13,x6,x10	  x6:0x4effffff x10:0x00002001 x13=0x000009e0
      37765.000 ns	      3775	80001098	01fc78b3	and	x17,x24,x31	 x24:0x00000000 x31:0xffffffff x17=0x00000000
      37785.000 ns	      3777	8000109c	024814b3	mulh	x9,x16,x4	 x16:0x00000000  x4:0x00000000  x9=0x00000000
      37805.000 ns	      3779	800010a0	01475fb3	srl	x31,x14,x20	 x14:0x80000000 x20:0x00000000 x31=0x80000000
      37815.000 ns	      3780	800010a4	41cd5493	srai	x9,x26,0x1c	 x26:0xfffbefdd  x9=0xffffffff
      37825.000 ns	      3781	800010a8	01b12cb3	slt	x25,x2,x27	  x2:0xb761a048 x27:0x80040fe4 x25=0x00000000
      37845.000 ns	      3783	800010ac	0238b5b3	mulhu	x11,x17,x3	 x17:0x00000000  x3:0x000007ff x11=0x00000000
      37875.000 ns	      3786	800010b0	03c22b33	mulhsu	x22,x4,x28	  x4:0x00000000 x28:0x00000000 x22=0x00000000
      37895.000 ns	      3788	800010b4	009a1d33	sll	x26,x20,x9	 x20:0x00000000  x9:0xffffffff x26=0x00000000
      37915.000 ns	      3790	800010b8	02bde033	rem	x0,x27,x11	 x27:0x80040fe4 x11:0x00000000
      37965.000 ns	      3795	800010bc	016fbc53	fadd.s	f24,f31,f22	 f31:0x7fffffff f22:0x7fc00000 f24=0x7fc00000
      37995.000 ns	      3798	800010c0	e0051453	fclass.s	x8,f10	 f10:0x80000000  x8=0x00000008
      38015.000 ns	      3800	800010c4	0076a433	slt	x8,x13,x7	 x13:0x000009e0  x7:0x000002f6  x8=0x00000000
      38025.000 ns	      3801	800010c8	a1b32393	slti	x7,x6,-1509	  x6:0x4effffff  x7=0x00000000
      38045.000 ns	      3803	800010cc	c01670d3	fcvt.wu.s	x1,f12	 f12:0x80000000  x1=0x00000000
      38075.000 ns	      3806	800010d0	02599033	mulh	x0,x19,x5	 x19:0xfffbefdc  x5:0xffffffff
      38095.000 ns	      3808	800010d4	41895433	sra	x8,x18,x24	 x18:0x80041024 x24:0x00000000  x8=0x80041024
      38105.000 ns	      3809	800010d8	01fcb633	sltu	x12,x25,x31	 x25:0x00000000 x31:0x80000000 x12=0x00000001
      38125.000 ns	      3811	800010dc	d00179d3	fcvt.s.w	f19,x2	  x2:0xb761a048 f19=0xce913cbf
      38165.000 ns	      3815	800010e0	18b17cd3	fdiv.s	f25,f2,f11	  f2:0x00000100 f11:0x80000000 f25=0xff800000
      38185.000 ns	      3817	800010e4	406289b3	sub	x19,x5,x6	  x5:0xffffffff  x6:0x4effffff x19=0xb1000000
      38195.000 ns	      3818	800010e8	520eac13	slti	x24,x29,1312	 x29:0x00000000 x24=0x00000001
      38215.000 ns	      3820	800010ec	020f5f33	divu	x30,x30,x0	 x30:0x00000001  x0:0x00000000 x30=0xffffffff
      38235.000 ns	      3822	800010f0	0047eb33	or	x22,x15,x4	 x15:0x00000001  x4:0x00000000 x22=0x00000001
      38255.000 ns	      3824	800010f4	a0ad17d3	flt.s	x15,f26,f10	 f26:0x80000000 f10:0x80000000 x15=0x00000000
      38275.000 ns	      3826	800010f8	41938a33	sub	x20,x7,x25	  x7:0x00000000 x25:0x00000000 x20=0x00000000
      38305.000 ns	      3829	800010fc	1835f2d3	fdiv.s	f5,f11,f3	 f11:0x80000000  f3:0xff800000  f5=0x00000000
      38335.000 ns	      3832	80001100	21cea1d3	fsgnjx.s	f3,f29,f28	 f29:0x00000000 f28:0x80000000  f3=0x80000000
      38355.000 ns	      3834	80001104	0105e7b3	or	x15,x11,x16	 x11:0x00000000 x16:0x00000000 x15=0x00000000
      38375.000 ns	      3836	80001108	e00517d3	fclass.s	x15,f10	 f10:0x80000000 x15=0x00000008
      38405.000 ns	      3839	8000110c	0361ae33	mulhsu	x28,x3,x22	  x3:0x000007ff x22:0x00000001 x28=0x00000000
      38425.000 ns	      3841	80001110	6441ed13	ori	x26,x3,1604	  x3:0x000007ff x26=0x000007ff
      38435.000 ns	      3842	80001114	00000013	addi	x0,x0,0	  x0:0x00000000
      38445.000 ns	      3843	80001118	006e4133	xor	x2,x28,x6	 x28:0x00000000  x6:0x4effffff  x2=0x4effffff
      38455.000 ns	      3844	8000111c	41e9d493	srai	x9,x19,0x1e	 x19:0xb1000000  x9=0xfffffffe
      38475.000 ns	      3846	80001120	022f2eb3	mulhsu	x29,x30,x2	 x30:0xffffffff  x2:0xb761a048 x29=0xffffffff
      38505.000 ns	      3849	80001124	28ea06d3	fmin.s	f13,f20,f14	 f20:0x7fc00000 f14:0x7fc00000 f13=0x7fc00000
      38535.000 ns	      3852	80001128	a1089353	flt.s	x6,f17,f16	 f17:0xceffffff f16:0x80000000  x6=0x00000001
      38555.000 ns	      3854	8000112c	004a49b3	xor	x19,x20,x4	 x20:0x00000000  x4:0x00000000 x19=0x00000000
      38575.000 ns	      3856	80001130	214684d3	fsgnj.s	f9,f13,f20	 f13:0x7fc00000 f20:0x7fc00000  f9=0x7fc00000
      38605.000 ns	      3859	80001134	20401a53	fsgnjn.s	f20,f0,f4	  f0:0x7fc00000  f4:0x7fc00000 f20=0xffc00000
      38635.000 ns	      3862	80001138	f00202d3	fmv.w.x	f5,x4	  x4:0x00000000  f5=0x00000000
      38665.000 ns	      3865	8000113c	02b455b3	divu	x11,x8,x11	  x8:0x80041024 x11:0x00000000 x11=0xffffffff
      38685.000 ns	      3867	80001140	01e55a13	srli	x20,x10,0x1e	 x10:0x00002001 x20=0x00000000
      38705.000 ns	      3869	80001144	a1f50653	fle.s	x12,f10,f31	 f10:0x80000000 f31:0x7fffffff x12=0x00000000
      38735.000 ns	      3872	80001148	c001f5d3	fcvt.w.s	x11,f3	  f3:0x80000000 x11=0x00000000
      38765.000 ns	      3875	8000114c	c019add3	fcvt.wu.s	x27,f19	 f19:0xce913cbf x27=0x489e5f80
      38795.000 ns	      3878	80001150	d002f9d3	fcvt.s.w	f19,x5	  x5:0xffffffff f19=0xbf800000
      38845.000 ns	      3883	80001154	0051fb53	fadd.s	f22,f3,f5	  f3:0x80000000  f5:0x00000000 f22=0x00000000
      38895.000 ns	      3888	80001158	08718f53	fsub.s	f30,f3,f7	  f3:0x80000000  f7:0x00000000 f30=0x80000000
      38925.000 ns	      3891	8000115c	a1e49b53	flt.s	x22,f9,f30	  f9:0x7fc00000 f30:0x7fc00000 x22=0x00000000
      38955.000 ns	      3894	80001160	02811133	mulh	x2,x2,x8	  x2:0x4effffff  x8:0x80041024  x2=0xd88140fb
      38995.000 ns	      3898	80001164	58097153	fsqrt.s	f2,f18	 f18:0x7fc00000  f2=0x7fc00000
      39025.000 ns	      3901	80001168	03a6a7b3	mulhsu	x15,x13,x26	 x13:0x000009e0 x26:0x000007ff x15=0x00000000
      39055.000 ns	      3904	8000116c	218e1953	fsgnjn.s	f18,f28,f24	 f28:0x80000000 f24:0x7fc00000 f18=0x80000000
      39075.000 ns	      3906	80001170	ff426a93	ori	x21,x4,-12	  x4:0x00000000 x21=0xfffffff4
      39095.000 ns	      3908	80001174	201f0dd3	fsgnj.s	f27,f30,f1	 f30:0x80000000  f1:0x4f800000 f27=0x00000000
      39125.000 ns	      3911	80001178	284806d3	fmin.s	f13,f16,f4	 f16:0x80000000  f4:0x7fc00000 f13=0x80000000
      39155.000 ns	      3914	8000117c	c01c7fd3	fcvt.wu.s	x31,f24	 f24:0x7fc00000 x31=0xffffffff
      39185.000 ns	      3917	80001180	039cff33	remu	x30,x25,x25	 x25:0x00000000 x25:0x00000000 x30=0x00000000
      39205.000 ns	      3919	80001184	01c484b3	add	x9,x9,x28	  x9:0xfffffffe x28:0x00000000  x9=0xfffffffe
      39215.000 ns	      3920	80001188	00000013	addi	x0,x0,0	  x0:0x00000000
      39225.000 ns	      3921	8000118c	40c58033	sub	x0,x11,x12	 x11:0x00000000 x12:0x00000000
      39245.000 ns	      3923	80001190	c0033053	fcvt.w.s	x0,f6	  f6:0x80000000
      39265.000 ns	      3925	80001194	34925417	auipc	x8,0x34925	  x8=0xb4926194
      39295.000 ns	      3928	80001198	19557553	fdiv.s	f10,f10,f21	 f10:0x80000000 f21:0x80000000 f10=0x7fc00000
      39665.000 ns	      3965	8000119c	02306a33	rem	x20,x0,x3	  x0:0x00000000  x3:0x000007ff x20=0x00000000
      39685.000 ns	      3967	800011a0	00d027b3	slt	x15,x0,x13	  x0:0x00000000 x13:0x000009e0 x15=0x00000001
      39705.000 ns	      3969	800011a4	03f0a133	mulhsu	x2,x1,x31	  x1:0x00000000 x31:0xffffffff  x2=0x00000000
      39735.000 ns	      3972	800011a8	0340b6b3	mulhu	x13,x1,x20	  x1:0x00000000 x20:0x00000000 x13=0x00000000
      39765.000 ns	      3975	800011ac	a0c98fd3	fle.s	x31,f19,f12	 f19:0xbf800000 f12:0x80000000 x31=0x00000001
      39785.000 ns	      3977	800011b0	00f0d593	srli	x11,x1,0xf	  x1:0x00000000 x11=0x00000000
      39795.000 ns	      3978	800011b4	000ed193	srli	x3,x29,0x0	 x29:0xffffffff  x3=0xffffffff
      39805.000 ns	      3979	800011b8	cc02ff13	andi	x30,x5,-832	  x5:0xffffffff x30=0xfffffcc0
      39845.000 ns	      3983	800011bc	00e8fd53	fadd.s	f26,f17,f14	 f17:0xceffffff f14:0x7fc00000 f26=0x7fc00000
      39865.000 ns	      3985	800011c0	67a5cd13	xori	x26,x11,1658	 x11:0x00000000 x26=0x0000067a
      39875.000 ns	      3986	800011c4	011e7ab3	and	x21,x28,x17	 x28:0x00000000 x17:0x00000000 x21=0x00000000
      39885.000 ns	      3987	800011c8	26fd6113	ori	x2,x26,623	 x26:0x000007ff  x2=0x0000067f
      39895.000 ns	      3988	800011cc	01995393	srli	x7,x18,0x19	 x18:0x80041024  x7=0x00000040
      39915.000 ns	      3990	800011d0	02ce10b3	mulh	x1,x28,x12	 x28:0x00000000 x12:0x00000000  x1=0x00000000
      39935.000 ns	      3992	800011d4	017fb233	sltu	x4,x31,x23	 x31:0x00000001 x23:0x80040fe4  x4=0x00000001
      39955.000 ns	      3994	800011d8	03e32f33	mulhsu	x30,x6,x30	  x6:0x00000001 x30:0xfffffcc0 x30=0x00000000
      39985.000 ns	      3997	800011dc	28e00bd3	fmin.s	f23,f0,f14	  f0:0x7fc00000 f14:0x7fc00000 f23=0x7fc00000
      40015.000 ns	      4000	800011e0	20e38a53	fsgnj.s	f20,f7,f14	  f7:0x00000000 f14:0x7fc00000 f20=0x00000000
      40045.000 ns	      4003	800011e4	217d15d3	fsgnjn.s	f11,f26,f23	 f26:0x7fc00000 f23:0x7fc00000 f11=0xffc00000
      40065.000 ns	      4005	800011e8	00000013	addi	x0,x0,0	  x0:0x00000000
      40075.000 ns	      4006	800011ec	015380b3	add	x1,x7,x21	  x7:0x00000040 x21:0x00000000  x1=0x00000040
      40085.000 ns	      4007	800011f0	3b38a893	slti	x17,x17,947	 x17:0x00000000 x17=0x00000001
      40095.000 ns	      4008	800011f4	00d365b3	or	x11,x6,x13	  x6:0x00000001 x13:0x00000000 x11=0x00000001
      40455.000 ns	      4044	800011f8	02eee533	rem	x10,x29,x14	 x29:0xffffffff x14:0x80000000 x10=0xffffffff
      40475.000 ns	      4046	800011fc	01fcdd13	srli	x26,x25,0x1f	 x25:0x00000000 x26=0x00000000
      40485.000 ns	      4047	80001200	01cf81b3	add	x3,x31,x28	 x31:0x00000001 x28:0x00000000  x3=0x00000001
      40495.000 ns	      4048	80001204	0125b7b3	sltu	x15,x11,x18	 x11:0x00000001 x18:0x80041024 x15=0x00000001
      40515.000 ns	      4050	80001208	02dbc833	div	x16,x23,x13	 x23:0x80040fe4 x13:0x00000000 x16=0xffffffff
      40535.000 ns	      4052	8000120c	1974e793	ori	x15,x9,407	  x9:0xfffffffe x15=0xffffffff
      40545.000 ns	      4053	80001210	01ff29b3	slt	x19,x30,x31	 x30:0x00000000 x31:0x00000001 x19=0x00000001
      40555.000 ns	      4054	80001214	54470ab7	lui	x21,0x54470	 x21=0x54470000
      40575.000 ns	      4056	80001218	201095d3	fsgnjn.s	f11,f1,f1	  f1:0x4f800000  f1:0x4f800000 f11=0xcf800000
      40595.000 ns	      4058	8000121c	8fe04293	xori	x5,x0,-1794	  x0:0x00000000  x5=0xfffff8fe
      40605.000 ns	      4059	80001220	00f05eb3	srl	x29,x0,x15	  x0:0x00000000 x15:0xffffffff x29=0x00000000
      40635.000 ns	      4062	80001224	198e7f53	fdiv.s	f30,f28,f24	 f28:0x80000000 f24:0x7fc00000 f30=0x7fc00000
      40655.000 ns	      4064	80001228	019d7133	and	x2,x26,x25	 x26:0x00000000 x25:0x00000000  x2=0x00000000
      40665.000 ns	      4065	8000122c	41cb5f13	srai	x30,x22,0x1c	 x22:0x00000000 x30=0x00000000
      40685.000 ns	      4067	80001230	21551153	fsgnjn.s	f2,f10,f21	 f10:0x7fc00000 f21:0x80000000  f2=0x7fc00000
      40715.000 ns	      4070	80001234	c00d75d3	fcvt.w.s	x11,f26	 f26:0x7fc00000 x11=0x7fffffff
      40745.000 ns	      4073	80001238	21b48453	fsgnj.s	f8,f9,f27	  f9:0x7fc00000 f27:0x00000000  f8=0x7fc00000
      40775.000 ns	      4076	8000123c	20bb0653	fsgnj.s	f12,f22,f11	 f22:0x00000000 f11:0xcf800000 f12=0x80000000
      40805.000 ns	      4079	80001240	d018fed3	fcvt.s.wu	f29,x17	 x17:0x00000001 f29=0x3f800000
      40855.000 ns	      4084	80001244	095dfc53	fsub.s	f24,f27,f21	 f27:0x00000000 f21:0x80000000 f24=0x00000000
      40875.000 ns	      4086	80001248	40f80b33	sub	x22,x16,x15	 x16:0xffffffff x15:0xffffffff x22=0x00000000
      40895.000 ns	      4088	8000124c	02e68d33	mul	x26,x13,x14	 x13:0x00000000 x14:0x80000000 x26=0x00000000
      40925.000 ns	      4091	80001250	c01133d3	fcvt.wu.s	x7,f2	  f2:0x7fc00000  x7=0xffffffff
      40955.000 ns	      4094	80001254	a07aa453	feq.s	x8,f21,f7	 f21:0x80000000  f7:0x00000000  x8=0x00000001
      40985.000 ns	      4097	80001258	20caa9d3	fsgnjx.s	f19,f21,f12	 f21:0x80000000 f12:0x80000000 f19=0x00000000
      41015.000 ns	      4100	8000125c	f0078bd3	fmv.w.x	f23,x15	 x15:0xffffffff f23=0xffffffff
      41045.000 ns	      4103	80001260	03ed7eb3	remu	x29,x26,x30	 x26:0x00000000 x30:0x00000000 x29=0x00000000
      41075.000 ns	      4106	80001264	d01776d3	fcvt.s.wu	f13,x14	 x14:0x80000000 f13=0x4f000000
      41095.000 ns	      4108	80001268	25487313	andi	x6,x16,596	 x16:0xffffffff  x6=0x00000254
      41105.000 ns	      4109	8000126c	01da5213	srli	x4,x20,0x1d	 x20:0x00000000  x4=0x00000000
      41465.000 ns	      4145	80001270	027dfe33	remu	x28,x27,x7	 x27:0x489e5f80  x7:0xffffffff x28=0x489e5f80
      41835.000 ns	      4182	80001274	0305d7b3	divu	x15,x11,x16	 x11:0x7fffffff x16:0xffffffff x15=0x00000000
      41865.000 ns	      4185	80001278	21de1d53	fsgnjn.s	f26,f28,f29	 f28:0x80000000 f29:0x3f800000 f26=0x80000000
      41895.000 ns	      4188	8000127c	21301f53	fsgnjn.s	f30,f0,f19	  f0:0x7fc00000 f19:0x00000000 f30=0xffc00000
      41915.000 ns	      4190	80001280	00545fb3	srl	x31,x8,x5	  x8:0x00000001  x5:0xfffff8fe x31=0x00000000
      41935.000 ns	      4192	80001284	21811fd3	fsgnjn.s	f31,f2,f24	  f2:0x7fc00000 f24:0x00000000 f31=0xffc00000
      41965.000 ns	      4195	80001288	e00f0fd3	fmv.x.w	x31,f30	 f30:0xffc00000 x31=0xffc00000
      41995.000 ns	      4198	8000128c	03dc68b3	rem	x17,x24,x29	 x24:0x00000001 x29:0x00000000 x17=0x00000001
      42035.000 ns	      4202	80001290	185172d3	fdiv.s	f5,f2,f5	  f2:0x7fc00000  f5:0x00000000  f5=0x7fc00000
      42055.000 ns	      4204	80001294	00dadf13	srli	x30,x21,0xd	 x21:0x54470000 x30=0x0002a238
      42415.000 ns	      4240	80001298	0297c3b3	div	x7,x15,x9	 x15:0x00000000  x9:0xfffffffe  x7=0x00000000
      42435.000 ns	      4242	8000129c	0abc1e37	lui	x28,0xabc1	 x28=0x0abc1000
      42445.000 ns	      4243	800012a0	73184413	xori	x8,x16,1841	 x16:0xffffffff  x8=0xfffff8ce
      42455.000 ns	      4244	800012a4	00018d33	add	x26,x3,x0	  x3:0x00000001  x0:0x00000000 x26=0x00000001
      42465.000 ns	      4245	800012a8	00c36833	or	x16,x6,x12	  x6:0x00000254 x12:0x00000000 x16=0x00000254
      42485.000 ns	      4247	800012ac	c012f9d3	fcvt.wu.s	x19,f5	  f5:0x7fc00000 x19=0xffffffff
      42515.000 ns	      4250	800012b0	03f59833	mulh	x16,x11,x31	 x11:0x7fffffff x31:0xffc00000 x16=0xffe00000
      42545.000 ns	      4253	800012b4	20e92e53	fsgnjx.s	f28,f18,f14	 f18:0x80000000 f14:0x7fc00000 f28=0x80000000
      42595.000 ns	      4258	800012b8	006c9353	fadd.s	f6,f25,f6	 f25:0xff800000  f6:0x80000000  f6=0xff800000
      42625.000 ns	      4261	800012bc	e0048853	fmv.x.w	x16,f9	  f9:0x7fc00000 x16=0x7fc00000
      42645.000 ns	      4263	800012c0	3bcaa517	auipc	x10,0x3bcaa	 x10=0xbbcab2c0
      42665.000 ns	      4265	800012c4	a1b99053	flt.s	x0,f19,f27	 f19:0x00000000 f27:0x00000000
      42705.000 ns	      4269	800012c8	580b2cd3	fsqrt.s	f25,f22	 f22:0x00000000 f25=0x00000000
      42725.000 ns	      4271	800012cc	6b2aac13	slti	x24,x21,1714	 x21:0x54470000 x24=0x00000000
      42755.000 ns	      4274	800012d0	10e892d3	fmul.s	f5,f17,f14	 f17:0xceffffff f14:0x7fc00000  f5=0x7fc00000
      42785.000 ns	      4277	800012d4	d019c553	fcvt.s.wu	f10,x19	 x19:0xffffffff f10=0x4f800000
      42815.000 ns	      4280	800012d8	02012b33	mulhsu	x22,x2,x0	  x2:0x00000000  x0:0x00000000 x22=0x00000000
      42835.000 ns	      4282	800012dc	01b37cb3	and	x25,x6,x27	  x6:0x00000254 x27:0x489e5f80 x25=0x00000200
      42855.000 ns	      4284	800012e0	215aa3d3	fsgnjx.s	f7,f21,f21	 f21:0x80000000 f21:0x80000000  f7=0x00000000
      42885.000 ns	      4287	800012e4	20692dd3	fsgnjx.s	f27,f18,f6	 f18:0x80000000  f6:0xff800000 f27=0x00000000
      42905.000 ns	      4289	800012e8	00cc2d33	slt	x26,x24,x12	 x24:0x00000000 x12:0x00000000 x26=0x00000000
      42915.000 ns	      4290	800012ec	00403ab3	sltu	x21,x0,x4	  x0:0x00000000  x4:0x00000000 x21=0x00000000
      42935.000 ns	      4292	800012f0	21531d53	fsgnjn.s	f26,f6,f21	  f6:0xff800000 f21:0x80000000 f26=0x7f800000
      42965.000 ns	      4295	800012f4	d00bfbd3	fcvt.s.w	f23,x23	 x23:0x80040fe4 f23=0xcefff7e0
      42985.000 ns	      4297	800012f8	44b90193	addi	x3,x18,1099	 x18:0x80041024  x3=0x8004146f
      43005.000 ns	      4299	800012fc	c0159e53	fcvt.wu.s	x28,f11	 f11:0xcf800000 x28=0x00000000
      43035.000 ns	      4302	80001300	21510953	fsgnj.s	f18,f2,f21	  f2:0x7fc00000 f21:0x80000000 f18=0xffc00000
      43065.000 ns	      4305	80001304	c01e7453	fcvt.wu.s	x8,f28	 f28:0x80000000  x8=0x00000000
      43095.000 ns	      4308	80001308	e00199d3	fclass.s	x19,f3	  f3:0x80000000 x19=0x00000008
      43115.000 ns	      4310	8000130c	01c3a333	slt	x6,x7,x28	  x7:0x00000000 x28:0x00000000  x6=0x00000000
      43135.000 ns	      4312	80001310	e0078c53	fmv.x.w	x24,f15	 f15:0x80000000 x24=0x80000000
      43155.000 ns	      4314	80001314	ea787413	andi	x8,x16,-345	 x16:0x7fc00000  x8=0x7fc00000
      43165.000 ns	      4315	80001318	c835f193	andi	x3,x11,-893	 x11:0x7fffffff  x3=0x7ffffc83
      43175.000 ns	      4316	8000131c	c6ceff93	andi	x31,x29,-916	 x29:0x00000000 x31=0x00000000
      43185.000 ns	      4317	80001320	0128a133	slt	x2,x17,x18	 x17:0x00000001 x18:0x80041024  x2=0x00000000
      43205.000 ns	      4319	80001324	020f7433	remu	x8,x30,x0	 x30:0x0002a238  x0:0x00000000  x8=0x0002a238
      43225.000 ns	      4321	80001328	8c942593	slti	x11,x8,-1847	  x8:0x7fc00000 x11=0x00000000
      43245.000 ns	      4323	8000132c	d005bb53	fcvt.s.w	f22,x11	 x11:0x7fffffff f22=0x00000000
      43615.000 ns	      4360	80001330	0291c633	div	x12,x3,x9	  x3:0x7ffffc83  x9:0xfffffffe x12=0xc00001bf
      43985.000 ns	      4397	80001334	0250ef33	rem	x30,x1,x5	  x1:0x00000040  x5:0xfffff8fe x30=0x00000040
      44005.000 ns	      4399	80001338	7c9ef493	andi	x9,x29,1993	 x29:0x00000000  x9=0x00000000
      44015.000 ns	      4400	8000133c	00000013	addi	x0,x0,0	  x0:0x00000000
      44055.000 ns	      4404	80001340	01e392d3	fadd.s	f5,f7,f30	  f7:0x00000000 f30:0xffc00000  f5=0x7fc00000
      44085.000 ns	      4407	80001344	e0010453	fmv.x.w	x8,f2	  f2:0x7fc00000  x8=0x7fc00000
      44105.000 ns	      4409	80001348	66f72217	auipc	x4,0x66f72	  x4=0xe6f73348
      44115.000 ns	      4410	8000134c	3ca20e13	addi	x28,x4,970	  x4:0x00000000 x28=0xe6f73712
      44125.000 ns	      4411	80001350	aa46b493	sltiu	x9,x13,-1372	 x13:0x00000000  x9=0x00000001
      44145.000 ns	      4413	80001354	03a18b33	mul	x22,x3,x26	  x3:0x7ffffc83 x26:0x00000000 x22=0x00000000
      44175.000 ns	      4416	80001358	d0108a53	fcvt.s.wu	f20,x1	  x1:0x00000040 f20=0x42800000
      44205.000 ns	      4419	8000135c	03fe58b3	divu	x17,x28,x31	 x28:0xe6f73712 x31:0x00000000 x17=0xffffffff
      44225.000 ns	      4421	80001360	9745c513	xori	x10,x11,-1676	 x11:0x00000000 x10=0xfffff974
      44245.000 ns	      4423	80001364	217c1a53	fsgnjn.s	f20,f24,f23	 f24:0x00000000 f23:0xcefff7e0 f20=0x00000000
      44265.000 ns	      4425	80001368	40bd5e33	sra	x28,x26,x11	 x26:0x00000000 x11:0x00000000 x28=0x00000000
      44295.000 ns	      4428	8000136c	580aa3d3	fsqrt.s	f7,f21	 f21:0x80000000  f7=0x80000000
      44325.000 ns	      4431	80001370	20182ed3	fsgnjx.s	f29,f16,f1	 f16:0x80000000  f1:0x4f800000 f29=0x80000000
      44345.000 ns	      4433	80001374	1f2b2a97	auipc	x21,0x1f2b2	 x21=0x9f2b3374
      44355.000 ns	      4434	80001378	00359893	slli	x17,x11,0x3	 x11:0x00000000 x17=0x00000000
      44365.000 ns	      4435	8000137c	0003bab3	sltu	x21,x7,x0	  x7:0x00000000  x0:0x00000000 x21=0x00000000
      44375.000 ns	      4436	80001380	000714b3	sll	x9,x14,x0	 x14:0x80000000  x0:0x00000000  x9=0x80000000
      44395.000 ns	      4438	80001384	032386b3	mul	x13,x7,x18	  x7:0x00000000 x18:0x80041024 x13=0x00000000
      44425.000 ns	      4441	80001388	202b0d53	fsgnj.s	f26,f22,f2	 f22:0x00000000  f2:0x7fc00000 f26=0x00000000
      44455.000 ns	      4444	8000138c	29cc1ed3	fmax.s	f29,f24,f28	 f24:0x00000000 f28:0x80000000 f29=0x00000000
      44475.000 ns	      4446	80001390	00ab0533	add	x10,x22,x10	 x22:0x00000000 x10:0xfffff974 x10=0xfffff974
      44495.000 ns	      4448	80001394	e0021653	fclass.s	x12,f4	  f4:0x7fc00000 x12=0x00000200
      44515.000 ns	      4450	80001398	4086d613	srai	x12,x13,0x8	 x13:0x00000000 x12=0x00000000
      44535.000 ns	      4452	8000139c	a0d89153	flt.s	x2,f17,f13	 f17:0xceffffff f13:0x4f000000  x2=0x00000001
      44555.000 ns	      4454	800013a0	c253e113	ori	x2,x7,-987	  x7:0x00000000  x2=0xfffffc25
      44575.000 ns	      4456	800013a4	02b77533	remu	x10,x14,x11	 x14:0x80000000 x11:0x00000000 x10=0x80000000
      44605.000 ns	      4459	800013a8	e00d1f53	fclass.s	x30,f26	 f26:0x00000000 x30=0x00000010
      44645.000 ns	      4463	800013ac	10d3ff53	fmul.s	f30,f7,f13	  f7:0x80000000 f13:0x4f000000 f30=0x80000000
      44675.000 ns	      4466	800013b0	e00e15d3	fclass.s	x11,f28	 f28:0x80000000 x11=0x00000008
      44695.000 ns	      4468	800013b4	01ec4333	xor	x6,x24,x30	 x24:0x80000000 x30:0x00000010  x6=0x80000010
      44705.000 ns	      4469	800013b8	00b4cab3	xor	x21,x9,x11	  x9:0x80000000 x11:0x00000008 x21=0x80000008
      44715.000 ns	      4470	800013bc	01664a93	xori	x21,x12,22	 x12:0x00000000 x21=0x00000016
      44735.000 ns	      4472	800013c0	e00b8153	fmv.x.w	x2,f23	 f23:0xcefff7e0  x2=0xcefff7e0
      44755.000 ns	      4474	800013c4	0100ca33	xor	x20,x1,x16	  x1:0x00000040 x16:0x7fc00000 x20=0x7fc00040
      44775.000 ns	      4476	800013c8	d01472d3	fcvt.s.wu	f5,x8	  x8:0x7fc00000  f5=0x4eff8000
      44795.000 ns	      4478	800013cc	003e5233	srl	x4,x28,x3	 x28:0x00000000  x3:0x7ffffc83  x4=0x00000000
      44835.000 ns	      4482	800013d0	01b9a7d3	fadd.s	f15,f19,f27	 f19:0x00000000 f27:0x00000000 f15=0x00000000
      44865.000 ns	      4485	800013d4	296b1a53	fmax.s	f20,f22,f22	 f22:0x00000000 f22:0x00000000 f20=0x00000000
      44885.000 ns	      4487	800013d8	00e879b3	and	x19,x16,x14	 x16:0x7fc00000 x14:0x80000000 x19=0x00000000
      44895.000 ns	      4488	800013dc	00fdac33	slt	x24,x27,x15	 x27:0x489e5f80 x15:0x00000000 x24=0x00000000
      44905.000 ns	      4489	800013e0	8f7e0293	addi	x5,x28,-1801	 x28:0x00000000  x5=0xfffff8f7
      44915.000 ns	      4490	800013e4	40c85f93	srai	x31,x16,0xc	 x16:0x7fc00000 x31=0x0007fc00
      44955.000 ns	      4494	800013e8	00beff53	fadd.s	f30,f29,f11	 f29:0x00000000 f11:0xcf800000 f30=0xcf800000
      44985.000 ns	      4497	800013ec	a0af9653	flt.s	x12,f31,f10	 f31:0xffc00000 f10:0x4f800000 x12=0x00000000
      45015.000 ns	      4500	800013f0	c01276d3	fcvt.wu.s	x13,f4	  f4:0x7fc00000 x13=0xffffffff
      45385.000 ns	      4537	800013f4	02dcfb33	remu	x22,x25,x13	 x25:0x00000200 x13:0x00000000 x22=0x00000200
      45405.000 ns	      4539	800013f8	40a0da33	sra	x20,x1,x10	  x1:0x00000040 x10:0x80000000 x20=0x00000040
      45435.000 ns	      4542	800013fc	10142ad3	fmul.s	f21,f8,f1	  f8:0x7fc00000  f1:0x4f800000 f21=0x7fc00000
      45485.000 ns	      4547	80001400	09aafdd3	fsub.s	f27,f21,f26	 f21:0x80000000 f26:0x00000000 f27=0x7fc00000
      45505.000 ns	      4549	80001404	2831be93	sltiu	x29,x3,643	  x3:0x7ffffc83 x29=0x00000000
      45515.000 ns	      4550	80001408	000e2f33	slt	x30,x28,x0	 x28:0x00000000  x0:0x00000000 x30=0x00000000
      45555.000 ns	      4554	8000140c	09bb8053	fsub.s	f0,f23,f27	 f23:0xcefff7e0 f27:0x7fc00000  f0=0x7fc00000
      45585.000 ns	      4557	80001410	d0047f53	fcvt.s.w	f30,x8	  x8:0x7fc00000 f30=0x4eff8000
      45615.000 ns	      4560	80001414	d0097153	fcvt.s.w	f2,x18	 x18:0x80041024  f2=0xcefff7df
      45635.000 ns	      4562	80001418	01511613	slli	x12,x2,0x15	  x2:0xcefff7e0 x12=0xfc000000
      45655.000 ns	      4564	8000141c	29120153	fmin.s	f2,f4,f17	  f4:0x7fc00000 f17:0xceffffff  f2=0xceffffff
      45675.000 ns	      4566	80001420	00905f13	srli	x30,x0,0x9	  x0:0x00000000 x30=0x00000000
      45685.000 ns	      4567	80001424	018b7c33	and	x24,x22,x24	 x22:0x00000200 x24:0x00000000 x24=0x00000000
      45705.000 ns	      4569	80001428	022e91b3	mulh	x3,x29,x2	 x29:0x00000000  x2:0xcefff7e0  x3=0x00000000
      45745.000 ns	      4573	8000142c	10b377d3	fmul.s	f15,f6,f11	  f6:0xff800000 f11:0xcf800000 f15=0x7f800000
      45765.000 ns	      4575	80001430	f2b67e17	auipc	x28,0xf2b67	 x28=0x72b68430
      45785.000 ns	      4577	80001434	022700b3	mul	x1,x14,x2	 x14:0x80000000  x2:0xcefff7e0  x1=0x00000000
      45805.000 ns	      4579	80001438	01adacb3	slt	x25,x27,x26	 x27:0x489e5f80 x26:0x00000000 x25=0x00000000
      45815.000 ns	      4580	8000143c	1b1fd437	lui	x8,0x1b1fd	  x8=0x1b1fd000
      45825.000 ns	      4581	80001440	00000013	addi	x0,x0,0	  x0:0x00000000
      45865.000 ns	      4585	80001444	0174a653	fadd.s	f12,f9,f23	  f9:0x7fc00000 f23:0xcefff7e0 f12=0x7fc00000
      45895.000 ns	      4588	80001448	21b09a53	fsgnjn.s	f20,f1,f27	  f1:0x4f800000 f27:0x7fc00000 f20=0xcf800000
      45925.000 ns	      4591	8000144c	028f00b3	mul	x1,x30,x8	 x30:0x00000000  x8:0x1b1fd000  x1=0x00000000
      45955.000 ns	      4594	80001450	0217dcb3	divu	x25,x15,x1	 x15:0x00000000  x1:0x00000000 x25=0xffffffff
      45985.000 ns	      4597	80001454	283b0bd3	fmin.s	f23,f22,f3	 f22:0x00000000  f3:0x80000000 f23=0x80000000
      46005.000 ns	      4599	80001458	d3824193	xori	x3,x4,-712	  x4:0x00000000  x3=0xfffffd38
      46365.000 ns	      4635	8000145c	0304d1b3	divu	x3,x9,x16	  x9:0x80000000 x16:0x7fc00000  x3=0x00000001
      46405.000 ns	      4639	80001460	10333ad3	fmul.s	f21,f6,f3	  f6:0xff800000  f3:0x80000000 f21=0x7fc00000
      46435.000 ns	      4642	80001464	f00c0153	fmv.w.x	f2,x24	 x24:0x00000000  f2=0x00000000
      46465.000 ns	      4645	80001468	20f0a253	fsgnjx.s	f4,f1,f15	  f1:0x4f800000 f15:0x7f800000  f4=0x4f800000
      46495.000 ns	      4648	8000146c	03e96633	rem	x12,x18,x30	 x18:0x80041024 x30:0x00000000 x12=0x80041024
      46865.000 ns	      4685	80001470	0364f333	remu	x6,x9,x22	  x9:0x80000000 x22:0x00000200  x6=0x00000000
      46915.000 ns	      4690	80001474	0058f253	fadd.s	f4,f17,f5	 f17:0xceffffff  f5:0x4eff8000  f4=0xca7ffe00
      46945.000 ns	      4693	80001478	e0099453	fclass.s	x8,f19	 f19:0x00000000  x8=0x00000010
      46965.000 ns	      4695	8000147c	281c7393	andi	x7,x24,641	 x24:0x00000000  x7=0x00000000
      46985.000 ns	      4697	80001480	c00ffb53	fcvt.w.s	x22,f31	 f31:0xffc00000 x22=0x7fffffff
      47015.000 ns	      4700	80001484	d000abd3	fcvt.s.w	f23,x1	  x1:0x00000000 f23=0x00000000
      47035.000 ns	      4702	80001488	01da1cb3	sll	x25,x20,x29	 x20:0x00000040 x29:0x00000000 x25=0x00000040
      47055.000 ns	      4704	8000148c	219eacd3	fsgnjx.s	f25,f29,f25	 f29:0x00000000 f25:0x00000000 f25=0x00000000
      47085.000 ns	      4707	80001490	20272d53	fsgnjx.s	f26,f14,f2	 f14:0x7fc00000  f2:0x00000000 f26=0x7fc00000
      47115.000 ns	      4710	80001494	d014a9d3	fcvt.s.wu	f19,x9	  x9:0x80000000 f19=0x4f000000
      47145.000 ns	      4713	80001498	a0060253	fle.s	x4,f12,f0	 f12:0x7fc00000  f0:0x7fc00000  x4=0x00000000
      47165.000 ns	      4715	8000149c	ed5ebd13	sltiu	x26,x29,-299	 x29:0x00000000 x26=0x00000001
      47175.000 ns	      4716	800014a0	008a62b3	or	x5,x20,x8	 x20:0x00000040  x8:0x00000010  x5=0x00000050
      47195.000 ns	      4718	800014a4	d0187553	fcvt.s.wu	f10,x16	 x16:0x7fc00000 f10=0x4eff8000
      47215.000 ns	      4720	800014a8	bf281497	auipc	x9,0xbf281	  x9=0x3f2824a8
      47225.000 ns	      4721	800014ac	00f58d33	add	x26,x11,x15	 x11:0x00000008 x15:0x00000000 x26=0x00000008
      47245.000 ns	      4723	800014b0	d00c81d3	fcvt.s.w	f3,x25	 x25:0x00000040  f3=0x42800000
      47265.000 ns	      4725	800014b4	41e65e13	srai	x28,x12,0x1e	 x12:0x80041024 x28=0xfffffffe
      47285.000 ns	      4727	800014b8	a02d1153	flt.s	x2,f26,f2	 f26:0x7fc00000  f2:0x00000000  x2=0x00000000
      47315.000 ns	      4730	800014bc	201f11d3	fsgnjn.s	f3,f30,f1	 f30:0x4eff8000  f1:0x4f800000  f3=0xceff8000
      47355.000 ns	      4734	800014c0	5807b9d3	fsqrt.s	f19,f15	 f15:0x7f800000 f19=0x7f800000
      47405.000 ns	      4739	800014c4	090af253	fsub.s	f4,f21,f16	 f21:0x7fc00000 f16:0x80000000  f4=0x7fc00000
      47425.000 ns	      4741	800014c8	232efd93	andi	x27,x29,562	 x29:0x00000000 x27=0x00000000
      47445.000 ns	      4743	800014cc	c00c7653	fcvt.w.s	x12,f24	 f24:0x00000000 x12=0x00000000
      47475.000 ns	      4746	800014d0	203186d3	fsgnj.s	f13,f3,f3	  f3:0xceff8000  f3:0xceff8000 f13=0xceff8000
      47495.000 ns	      4748	800014d4	013bf233	and	x4,x23,x19	 x23:0x80040fe4 x19:0x00000000  x4=0x00000000
      47515.000 ns	      4750	800014d8	e00a96d3	fclass.s	x13,f21	 f21:0x7fc00000 x13=0x00000200
      47535.000 ns	      4752	800014dc	01e68eb3	add	x29,x13,x30	 x13:0xffffffff x30:0x00000000 x29=0x00000200
      47555.000 ns	      4754	800014e0	a0ee09d3	fle.s	x19,f28,f14	 f28:0x80000000 f14:0x7fc00000 x19=0x00000000
      47585.000 ns	      4757	800014e4	28898cd3	fmin.s	f25,f19,f8	 f19:0x7f800000  f8:0x7fc00000 f25=0x7f800000
      47615.000 ns	      4760	800014e8	c004b2d3	fcvt.w.s	x5,f9	  f9:0x7fc00000  x5=0x7fffffff
      47645.000 ns	      4763	800014ec	a0f08153	fle.s	x2,f1,f15	  f1:0x4f800000 f15:0x7f800000  x2=0x00000001
      47685.000 ns	      4767	800014f0	197911d3	fdiv.s	f3,f18,f23	 f18:0xffc00000 f23:0x00000000  f3=0x7fc00000
      47705.000 ns	      4769	800014f4	872dec93	ori	x25,x27,-1934	 x27:0x00000000 x25=0xfffff872
      47745.000 ns	      4773	800014f8	0164f5d3	fadd.s	f11,f9,f22	  f9:0x7fc00000 f22:0x00000000 f11=0x7fc00000
      47775.000 ns	      4776	800014fc	f00f8253	fmv.w.x	f4,x31	 x31:0x0007fc00  f4=0x0007fc00
      47795.000 ns	      4778	80001500	476b5817	auipc	x16,0x476b5	 x16=0xc76b6500
      48155.000 ns	      4814	80001504	02d5eb33	rem	x22,x11,x13	 x11:0x00000008 x13:0x00000200 x22=0x00000008
      48185.000 ns	      4817	80001508	f00c8053	fmv.w.x	f0,x25	 x25:0xfffff872  f0=0xfffff872
      48205.000 ns	      4819	8000150c	ae212293	slti	x5,x2,-1310	  x2:0x00000001  x5=0x00000000
      48225.000 ns	      4821	80001510	03939833	mulh	x16,x7,x25	  x7:0x00000000 x25:0xfffff872 x16=0x00000000
      48275.000 ns	      4826	80001514	008e71d3	fadd.s	f3,f28,f8	 f28:0x80000000  f8:0x7fc00000  f3=0x7fc00000
      48295.000 ns	      4828	80001518	40ebd993	srai	x19,x23,0xe	 x23:0x80040fe4 x19=0xfffe0010
      48315.000 ns	      4830	8000151c	e00807d3	fmv.x.w	x15,f16	 f16:0x80000000 x15=0x80000000
      48345.000 ns	      4833	80001520	e00898d3	fclass.s	x17,f17	 f17:0xceffffff x17=0x00000002
      48365.000 ns	      4835	80001524	00ab5b13	srli	x22,x22,0xa	 x22:0x00000008 x22=0x00000000
      48385.000 ns	      4837	80001528	a15911d3	flt.s	x3,f18,f21	 f18:0xffc00000 f21:0x7fc00000  x3=0x00000000
      48755.000 ns	      4874	8000152c	0220d033	divu	x0,x1,x2	  x1:0x00000000  x2:0x00000001
      48785.000 ns	      4877	80001530	0330a133	mulhsu	x2,x1,x19	  x1:0x00000000 x19:0xfffe0010  x2=0x00000000
      48805.000 ns	      4879	80001534	e849f613	andi	x12,x19,-380	 x19:0xfffe0010 x12=0xfffe0000
      48815.000 ns	      4880	80001538	00000013	addi	x0,x0,0	  x0:0x00000000
      48835.000 ns	      4882	8000153c	d0182553	fcvt.s.wu	f10,x16	 x16:0x00000000 f10=0x00000000
      48855.000 ns	      4884	80001540	23b2e813	ori	x16,x5,571	  x5:0x00000000 x16=0x0000023b
      49215.000 ns	      4920	80001544	030cf1b3	remu	x3,x25,x16	 x25:0xfffff872 x16:0x00000000  x3=0x000001b0
      49235.000 ns	      4922	80001548	00c05813	srli	x16,x0,0xc	  x0:0x00000000 x16=0x00000000
      49255.000 ns	      4924	8000154c	c019fed3	fcvt.wu.s	x29,f19	 f19:0x7f800000 x29=0xffffffff
      49285.000 ns	      4927	80001550	21d199d3	fsgnjn.s	f19,f3,f29	  f3:0x7fc00000 f29:0x00000000 f19=0xffc00000
      49335.000 ns	      4932	80001554	08abf8d3	fsub.s	f17,f23,f10	 f23:0x00000000 f10:0x00000000 f17=0x80000000
      49385.000 ns	      4937	80001558	01ecc4d3	fadd.s	f9,f25,f30	 f25:0x7f800000 f30:0x4eff8000  f9=0x7f800000
      49405.000 ns	      4939	8000155c	00eb76b3	and	x13,x22,x14	 x22:0x00000000 x14:0x80000000 x13=0x00000000
      49425.000 ns	      4941	80001560	a13c8cd3	fle.s	x25,f25,f19	 f25:0x7f800000 f19:0xffc00000 x25=0x00000000
      49455.000 ns	      4944	80001564	a1a70853	fle.s	x16,f14,f26	 f14:0x7fc00000 f26:0x7fc00000 x16=0x00000000
      49485.000 ns	      4947	80001568	036693b3	mulh	x7,x13,x22	 x13:0x00000000 x22:0x00000000  x7=0x00000000
      49535.000 ns	      4952	8000156c	088bf053	fsub.s	f0,f23,f8	 f23:0x00000000  f8:0x7fc00000  f0=0x7fc00000
      49565.000 ns	      4955	80001570	a1499453	flt.s	x8,f19,f20	 f19:0xffc00000 f20:0xcf800000  x8=0x00000000
      49595.000 ns	      4958	80001574	03fb82b3	mul	x5,x23,x31	 x23:0x80040fe4 x31:0x0007fc00  x5=0x6ee07000
      49615.000 ns	      4960	80001578	04778893	addi	x17,x15,71	 x15:0x80000000 x17=0x80000047
      49975.000 ns	      4996	8000157c	02ac68b3	rem	x17,x24,x10	 x24:0x00000000 x10:0x80000000 x17=0x00000000
      49995.000 ns	      4998	80001580	012f9e93	slli	x29,x31,0x12	 x31:0x0007fc00 x29=0xf0000000
      50005.000 ns	      4999	80001584	014cb7b3	sltu	x15,x25,x20	 x25:0x00000000 x20:0x00000040 x15=0x00000001
      50015.000 ns	      5000	80001588	00000013	addi	x0,x0,0	  x0:0x00000000
      50035.000 ns	      5002	8000158c	a0f7add3	feq.s	x27,f15,f15	 f15:0x7f800000 f15:0x7f800000 x27=0x00000001
      50055.000 ns	      5004	80001590	0001da13	srli	x20,x3,0x0	  x3:0x000001b0 x20=0x000001b0
      50065.000 ns	      5005	80001594	41b58033	sub	x0,x11,x27	 x11:0x00000008 x27:0x00000001
      50085.000 ns	      5007	80001598	02c83db3	mulhu	x27,x16,x12	 x16:0x00000000 x12:0xfffe0000 x27=0x00000000
      50105.000 ns	      5009	8000159c	140dcd97	auipc	x27,0x140dc	 x27=0x940dd59c
      50115.000 ns	      5010	800015a0	00564e33	xor	x28,x12,x5	 x12:0xfffe0000  x5:0x6ee07000 x28=0x911e7000
      50475.000 ns	      5046	800015a4	03f7db33	divu	x22,x15,x31	 x15:0x00000001 x31:0x0007fc00 x22=0x00000000
      50495.000 ns	      5048	800015a8	247ffd13	andi	x26,x31,583	 x31:0x0007fc00 x26=0x00000000
      50515.000 ns	      5050	800015ac	0391eab3	rem	x21,x3,x25	  x3:0x000001b0 x25:0x00000000 x21=0x000001b0
      50535.000 ns	      5052	800015b0	4174dd33	sra	x26,x9,x23	  x9:0x3f2824a8 x23:0x80040fe4 x26=0x03f2824a
      50545.000 ns	      5053	800015b4	00dae6b3	or	x13,x21,x13	 x21:0x000001b0 x13:0x00000000 x13=0x000001b0
      50565.000 ns	      5055	800015b8	d0050753	fcvt.s.w	f14,x10	 x10:0x80000000 f14=0xcf000000
      50595.000 ns	      5058	800015bc	a0ee0853	fle.s	x16,f28,f14	 f28:0x80000000 f14:0x7fc00000 x16=0x00000000
      50625.000 ns	      5061	800015c0	0306a9b3	mulhsu	x19,x13,x16	 x13:0x000001b0 x16:0x00000000 x19=0x00000000
      50665.000 ns	      5065	800015c4	580cc7d3	fsqrt.s	f15,f25	 f25:0x7f800000 f15=0x7f800000
      50695.000 ns	      5068	800015c8	0222ffb3	remu	x31,x5,x2	  x5:0x6ee07000  x2:0x00000000 x31=0x6ee07000
      50715.000 ns	      5070	800015cc	5d4fb093	sltiu	x1,x31,1492	 x31:0x0007fc00  x1=0x00000000
      50745.000 ns	      5073	800015d0	109e1753	fmul.s	f14,f28,f9	 f28:0x80000000  f9:0x7f800000 f14=0x7fc00000
      50775.000 ns	      5076	800015d4	0369ad33	mulhsu	x26,x19,x22	 x19:0x00000000 x22:0x00000000 x26=0x00000000
      50805.000 ns	      5079	800015d8	c01af6d3	fcvt.wu.s	x13,f21	 f21:0x7fc00000 x13=0xffffffff
      51175.000 ns	      5116	800015dc	02d5fdb3	remu	x27,x11,x13	 x11:0x00000008 x13:0x000001b0 x27=0x00000008
      51195.000 ns	      5118	800015e0	0004ef33	or	x30,x9,x0	  x9:0x3f2824a8  x0:0x00000000 x30=0x3f2824a8
      51215.000 ns	      5120	800015e4	d00e4053	fcvt.s.w	f0,x28	 x28:0x911e7000  f0=0xceddc320
      51235.000 ns	      5122	800015e8	122dfc93	andi	x25,x27,290	 x27:0x00000008 x25=0x00000000
      51245.000 ns	      5123	800015ec	41935ab3	sra	x21,x6,x25	  x6:0x00000000 x25:0x00000000 x21=0x00000000
      51265.000 ns	      5125	800015f0	28f00f53	fmin.s	f30,f0,f15	  f0:0xceddc320 f15:0x7f800000 f30=0xceddc320
      51285.000 ns	      5127	800015f4	41d5dcb3	sra	x25,x11,x29	 x11:0x00000008 x29:0xf0000000 x25=0x00000008
      51295.000 ns	      5128	800015f8	00000013	addi	x0,x0,0	  x0:0x00000000
      51315.000 ns	      5130	800015fc	d001fcd3	fcvt.s.w	f25,x3	  x3:0x000001b0 f25=0x43d80000
      51345.000 ns	      5133	80001600	020e6f33	rem	x30,x28,x0	 x28:0x911e7000  x0:0x00000000 x30=0x911e7000
      51375.000 ns	      5136	80001604	c00c2dd3	fcvt.w.s	x27,f24	 f24:0x00000000 x27=0x00000000
      51395.000 ns	      5138	80001608	59a10297	auipc	x5,0x59a10	  x5=0xd9a11608
      51415.000 ns	      5140	8000160c	e0038053	fmv.x.w	x0,f7	  f7:0x80000000
      51445.000 ns	      5143	80001610	d01975d3	fcvt.s.wu	f11,x18	 x18:0x80041024 f11=0x4f000410
      51465.000 ns	      5145	80001614	c8c14c93	xori	x25,x2,-884	  x2:0x00000000 x25=0xfffffc8c
      51475.000 ns	      5146	80001618	00bed793	srli	x15,x29,0xb	 x29:0xf0000000 x15=0x001e0000
      51495.000 ns	      5148	8000161c	02be2833	mulhsu	x16,x28,x11	 x28:0x911e7000 x11:0x00000008 x16=0xfffffffc
      51515.000 ns	      5150	80001620	9165f493	andi	x9,x11,-1770	 x11:0x00000008  x9=0x00000000
      51535.000 ns	      5152	80001624	a0749ed3	flt.s	x29,f9,f7	  f9:0x7f800000  f7:0x80000000 x29=0x00000000
      51555.000 ns	      5154	80001628	0e57e493	ori	x9,x15,229	 x15:0x001e0000  x9=0x001e00e5
      51565.000 ns	      5155	8000162c	01e332b3	sltu	x5,x6,x30	  x6:0x00000000 x30:0x911e7000  x5=0x00000001
      51585.000 ns	      5157	80001630	03586c33	rem	x24,x16,x21	 x16:0xfffffffc x21:0x00000000 x24=0xfffffffc
      51605.000 ns	      5159	80001634	682ff193	andi	x3,x31,1666	 x31:0x6ee07000  x3=0x00000000
      51625.000 ns	      5161	80001638	205905d3	fsgnj.s	f11,f18,f5	 f18:0xffc00000  f5:0x4eff8000 f11=0x7fc00000
      51645.000 ns	      5163	8000163c	00d895b3	sll	x11,x17,x13	 x17:0x00000000 x13:0xffffffff x11=0x00000000
      52005.000 ns	      5199	80001640	039be7b3	rem	x15,x23,x25	 x23:0x80040fe4 x25:0xfffffc8c x15=0x00000000
      52045.000 ns	      5203	80001644	10c9ba53	fmul.s	f20,f19,f12	 f19:0xffc00000 f12:0x7fc00000 f20=0x7fc00000
      52065.000 ns	      5205	80001648	412ed2b3	sra	x5,x29,x18	 x29:0x00000000 x18:0x80041024  x5=0x00000000
      52085.000 ns	      5207	8000164c	21f5abd3	fsgnjx.s	f23,f11,f31	 f11:0x7fc00000 f31:0xffc00000 f23=0xffc00000
      52135.000 ns	      5212	80001650	091b7153	fsub.s	f2,f22,f17	 f22:0x00000000 f17:0x80000000  f2=0x00000000
      52155.000 ns	      5214	80001654	d7cd8497	auipc	x9,0xd7cd8	  x9=0x57cd9654
      53325.000 ns	      5331	80001658	58027dd3	fsqrt.s	f27,f4	  f4:0x0007fc00 f27=0x1f404f0a
      53375.000 ns	      5336	8000165c	0881f953	fsub.s	f18,f3,f8	  f3:0x7fc00000  f8:0x7fc00000 f18=0x7fc00000
      53405.000 ns	      5339	80001660	e0081f53	fclass.s	x30,f16	 f16:0x80000000 x30=0x00000008
      53435.000 ns	      5342	80001664	e00b0e53	fmv.x.w	x28,f22	 f22:0x00000000 x28=0x00000000
      53455.000 ns	      5344	80001668	022d0c13	addi	x24,x26,34	 x26:0x00000000 x24=0x00000022
      53815.000 ns	      5380	8000166c	02ab69b3	rem	x19,x22,x10	 x22:0x00000000 x10:0x80000000 x19=0x00000000
      53845.000 ns	      5383	80001670	02516033	rem	x0,x2,x5	  x2:0x00000000  x5:0x00000000
      53885.000 ns	      5387	80001674	580d0c53	fsqrt.s	f24,f26	 f26:0x7fc00000 f24=0x7fc00000
      53905.000 ns	      5389	80001678	407187b3	sub	x15,x3,x7	  x3:0x00000000  x7:0x00000000 x15=0x00000000
      53935.000 ns	      5392	8000167c	58013953	fsqrt.s	f18,f2	  f2:0x00000000 f18=0x00000000
      53955.000 ns	      5394	80001680	408e5893	srai	x17,x28,0x8	 x28:0x00000000 x17=0x00000000
      54315.000 ns	      5430	80001684	02ec4833	div	x16,x24,x14	 x24:0x00000022 x14:0x80000000 x16=0x00000000
      54345.000 ns	      5433	80001688	219b01d3	fsgnj.s	f3,f22,f25	 f22:0x00000000 f25:0x43d80000  f3=0x00000000
      54365.000 ns	      5435	8000168c	9bab8313	addi	x6,x23,-1606	 x23:0x80040fe4  x6=0x8004099e
      54385.000 ns	      5437	80001690	a0809c53	flt.s	x24,f1,f8	  f1:0x4f800000  f8:0x7fc00000 x24=0x00000000
      54405.000 ns	      5439	80001694	a403e413	ori	x8,x7,-1472	  x7:0x00000000  x8=0xfffffa40
      54435.000 ns	      5442	80001698	11d6f8d3	fmul.s	f17,f13,f29	 f13:0xceff8000 f29:0x00000000 f17=0x80000000
      54465.000 ns	      5445	8000169c	f00f83d3	fmv.w.x	f7,x31	 x31:0x6ee07000  f7=0x6ee07000
      54485.000 ns	      5447	800016a0	11608593	addi	x11,x1,278	  x1:0x00000000 x11=0x00000116
      54495.000 ns	      5448	800016a4	01be8433	add	x8,x29,x27	 x29:0x00000000 x27:0x00000000  x8=0x00000000
      54515.000 ns	      5450	800016a8	0365a433	mulhsu	x8,x11,x22	 x11:0x00000000 x22:0x00000000  x8=0x00000000
      54535.000 ns	      5452	800016ac	40688cb3	sub	x25,x17,x6	 x17:0x00000000  x6:0x8004099e x25=0x7ffbf662
      55705.000 ns	      5569	800016b0	580cf4d3	fsqrt.s	f9,f25	 f25:0x43d80000  f9=0x41a646e2
      55725.000 ns	      5571	800016b4	ea7df613	andi	x12,x27,-345	 x27:0x00000000 x12=0x00000000
      55745.000 ns	      5573	800016b8	e00617d3	fclass.s	x15,f12	 f12:0x7fc00000 x15=0x00000200
      55765.000 ns	      5575	800016bc	008c5213	srli	x4,x24,0x8	 x24:0x00000000  x4=0x00000000
      55795.000 ns	      5578	800016c0	580bb4d3	fsqrt.s	f9,f23	 f23:0xffc00000  f9=0x7fc00000
      55825.000 ns	      5581	800016c4	203312d3	fsgnjn.s	f5,f6,f3	  f6:0xff800000  f3:0x00000000  f5=0xff800000
      55855.000 ns	      5584	800016c8	a0679553	flt.s	x10,f15,f6	 f15:0x7f800000  f6:0xff800000 x10=0x00000000
      55875.000 ns	      5586	800016cc	01d83433	sltu	x8,x16,x29	 x16:0x00000000 x29:0x00000000  x8=0x00000000
      55895.000 ns	      5588	800016d0	f00186d3	fmv.w.x	f13,x3	  x3:0x00000000 f13=0x00000000
      55915.000 ns	      5590	800016d4	acb07f93	andi	x31,x0,-1333	  x0:0x00000000 x31=0x00000000
      55935.000 ns	      5592	800016d8	d01af7d3	fcvt.s.wu	f15,x21	 x21:0x00000000 f15=0x00000000
      55965.000 ns	      5595	800016dc	a13229d3	feq.s	x19,f4,f19	  f4:0x0007fc00 f19:0xffc00000 x19=0x00000000
      55985.000 ns	      5597	800016e0	03b28293	addi	x5,x5,59	  x5:0x00000000  x5=0x0000003b
      56015.000 ns	      5600	800016e4	109c7853	fmul.s	f16,f24,f9	 f24:0x7fc00000  f9:0x7fc00000 f16=0x7fc00000
      56035.000 ns	      5602	800016e8	410adeb3	sra	x29,x21,x16	 x21:0x00000000 x16:0x00000000 x29=0x00000000
      56045.000 ns	      5603	800016ec	25e72413	slti	x8,x14,606	 x14:0x80000000  x8=0x00000001
      56055.000 ns	      5604	800016f0	019a8833	add	x16,x21,x25	 x21:0x00000000 x25:0x7ffbf662 x16=0x7ffbf662
      56075.000 ns	      5606	800016f4	290b9b53	fmax.s	f22,f23,f16	 f23:0xffc00000 f16:0x7fc00000 f22=0x7fc00000
      56095.000 ns	      5608	800016f8	a9f77693	andi	x13,x14,-1377	 x14:0x80000000 x13=0x80000000
      56105.000 ns	      5609	800016fc	dbd8a293	slti	x5,x17,-579	 x17:0x00000000  x5=0x00000000
      56115.000 ns	      5610	80001700	00000013	addi	x0,x0,0	  x0:0x00000000
      56125.000 ns	      5611	80001704	19ac0f93	addi	x31,x24,410	 x24:0x00000000 x31=0x0000019a
      56145.000 ns	      5613	80001708	289219d3	fmax.s	f19,f4,f9	  f4:0x0007fc00  f9:0x7fc00000 f19=0x0007fc00
      56175.000 ns	      5616	8000170c	28898053	fmin.s	f0,f19,f8	 f19:0xffc00000  f8:0x7fc00000  f0=0x0007fc00
      56195.000 ns	      5618	80001710	00cfd8b3	srl	x17,x31,x12	 x31:0x0000019a x12:0x00000000 x17=0x0000019a
      56215.000 ns	      5620	80001714	a1440ed3	fle.s	x29,f8,f20	  f8:0x7fc00000 f20:0x7fc00000 x29=0x00000000
      56235.000 ns	      5622	80001718	9be82017	auipc	x0,0x9be82	
      56255.000 ns	      5624	8000171c	03863133	mulhu	x2,x12,x24	 x12:0x00000000 x24:0x00000000  x2=0x00000000
      56275.000 ns	      5626	80001720	001d1cb3	sll	x25,x26,x1	 x26:0x00000000  x1:0x00000000 x25=0x00000000
      56295.000 ns	      5628	80001724	02b4b0b3	mulhu	x1,x9,x11	  x9:0x57cd9654 x11:0x00000116  x1=0x0000005f
      56325.000 ns	      5631	80001728	d0067153	fcvt.s.w	f2,x12	 x12:0x00000000  f2=0x00000000
      56355.000 ns	      5634	8000172c	280a1b53	fmax.s	f22,f20,f0	 f20:0x7fc00000  f0:0x0007fc00 f22=0x0007fc00
      56385.000 ns	      5637	80001730	03a71a33	mulh	x20,x14,x26	 x14:0x80000000 x26:0x00000000 x20=0x00000000
      56415.000 ns	      5640	80001734	296998d3	fmax.s	f17,f19,f22	 f19:0x0007fc00 f22:0x0007fc00 f17=0x0007fc00
      56445.000 ns	      5643	80001738	e00e84d3	fmv.x.w	x9,f29	 f29:0x00000000  x9=0x00000000
      56475.000 ns	      5646	8000173c	028005b3	mul	x11,x0,x8	  x0:0x00000000  x8:0x00000001 x11=0x00000000
      56505.000 ns	      5649	80001740	f00081d3	fmv.w.x	f3,x1	  x1:0x0000005f  f3=0x0000005f
      56525.000 ns	      5651	80001744	01c6c033	xor	x0,x13,x28	 x13:0x80000000 x28:0x00000000
      56535.000 ns	      5652	80001748	016882b3	add	x5,x17,x22	 x17:0x0000019a x22:0x00000000  x5=0x0000019a
      56545.000 ns	      5653	8000174c	00faefb3	or	x31,x21,x15	 x21:0x00000000 x15:0x00000200 x31=0x00000200
      56555.000 ns	      5654	80001750	015fae33	slt	x28,x31,x21	 x31:0x0000019a x21:0x00000000 x28=0x00000000
      56575.000 ns	      5656	80001754	028617b3	mulh	x15,x12,x8	 x12:0x00000000  x8:0x00000001 x15=0x00000000
      56595.000 ns	      5658	80001758	00a7da33	srl	x20,x15,x10	 x15:0x00000200 x10:0x00000000 x20=0x00000000
      56615.000 ns	      5660	8000175c	21998cd3	fsgnj.s	f25,f19,f25	 f19:0x0007fc00 f25:0x43d80000 f25=0x0007fc00
      56645.000 ns	      5663	80001760	20962953	fsgnjx.s	f18,f12,f9	 f12:0x7fc00000  f9:0x7fc00000 f18=0x7fc00000
      56675.000 ns	      5666	80001764	a14d0a53	fle.s	x20,f26,f20	 f26:0x7fc00000 f20:0x7fc00000 x20=0x00000000
      56695.000 ns	      5668	80001768	91412293	slti	x5,x2,-1772	  x2:0x00000000  x5=0x00000000
      56715.000 ns	      5670	8000176c	038172b3	remu	x5,x2,x24	  x2:0x00000000 x24:0x00000000  x5=0x00000000
      56745.000 ns	      5673	80001770	02fe2033	mulhsu	x0,x28,x15	 x28:0x00000000 x15:0x00000000
      56775.000 ns	      5676	80001774	03887b33	remu	x22,x16,x24	 x16:0x7ffbf662 x24:0x00000000 x22=0x7ffbf662
      56805.000 ns	      5679	80001778	02ad71b3	remu	x3,x26,x10	 x26:0x00000000 x10:0x00000000  x3=0x00000000
      56855.000 ns	      5684	8000177c	0956f4d3	fsub.s	f9,f13,f21	 f13:0x00000000 f21:0x7fc00000  f9=0x7fc00000
      56895.000 ns	      5688	80001780	112c2853	fmul.s	f16,f24,f18	 f24:0x7fc00000 f18:0x7fc00000 f16=0x7fc00000
      56915.000 ns	      5690	80001784	64beef13	ori	x30,x29,1611	 x29:0x00000000 x30=0x0000064b
      56925.000 ns	      5691	80001788	00f23c33	sltu	x24,x4,x15	  x4:0x00000000 x15:0x00000000 x24=0x00000000
      56935.000 ns	      5692	8000178c	009eb533	sltu	x10,x29,x9	 x29:0x00000000  x9:0x00000000 x10=0x00000000
      56945.000 ns	      5693	80001790	01b3dc13	srli	x24,x7,0x1b	  x7:0x00000000 x24=0x00000000
      56955.000 ns	      5694	80001794	0028dc93	srli	x25,x17,0x2	 x17:0x0000019a x25=0x00000066
      56975.000 ns	      5696	80001798	a09f97d3	flt.s	x15,f31,f9	 f31:0xffc00000  f9:0x7fc00000 x15=0x00000000
      56995.000 ns	      5698	8000179c	107dc037	lui	x0,0x107dc	
      57015.000 ns	      5700	800017a0	03ad7033	remu	x0,x26,x26	 x26:0x00000000 x26:0x00000000
      57065.000 ns	      5705	800017a4	00c409d3	fadd.s	f19,f8,f12	  f8:0x7fc00000 f12:0x7fc00000 f19=0x7fc00000
      57095.000 ns	      5708	800017a8	21861dd3	fsgnjn.s	f27,f12,f24	 f12:0x7fc00000 f24:0x7fc00000 f27=0xffc00000
      57115.000 ns	      5710	800017ac	011f1ab3	sll	x21,x30,x17	 x30:0x0000064b x17:0x0000019a x21=0x2c000000
      57125.000 ns	      5711	800017b0	00ee29b3	slt	x19,x28,x14	 x28:0x00000000 x14:0x80000000 x19=0x00000000
      57135.000 ns	      5712	800017b4	01fdadb3	slt	x27,x27,x31	 x27:0x00000000 x31:0x00000200 x27=0x00000001
      57155.000 ns	      5714	800017b8	e00f1253	fclass.s	x4,f30	 f30:0xceddc320  x4=0x00000002
      57195.000 ns	      5718	800017bc	58047253	fsqrt.s	f4,f8	  f8:0x7fc00000  f4=0x7fc00000
      57225.000 ns	      5721	800017c0	e0059ad3	fclass.s	x21,f11	 f11:0x7fc00000 x21=0x00000200
      57245.000 ns	      5723	800017c4	00000013	addi	x0,x0,0	  x0:0x00000000
      57255.000 ns	      5724	800017c8	00ff42b3	xor	x5,x30,x15	 x30:0x0000064b x15:0x00000000  x5=0x0000064b
      57275.000 ns	      5726	800017cc	039c3333	mulhu	x6,x24,x25	 x24:0x00000000 x25:0x00000066  x6=0x00000000
      57305.000 ns	      5729	800017d0	0236b433	mulhu	x8,x13,x3	 x13:0x80000000  x3:0x00000000  x8=0x00000000
      57675.000 ns	      5766	800017d4	02e7f1b3	remu	x3,x15,x14	 x15:0x00000000 x14:0x80000000  x3=0x00000000
      57705.000 ns	      5769	800017d8	03f98a33	mul	x20,x19,x31	 x19:0x00000000 x31:0x00000200 x20=0x00000000
      57725.000 ns	      5771	800017dc	005e9613	slli	x12,x29,0x5	 x29:0x00000000 x12=0x00000000
      57765.000 ns	      5775	800017e0	08d1f9d3	fsub.s	f19,f3,f13	  f3:0x0000005f f13:0x00000000 f19=0x0000005f
      57795.000 ns	      5778	800017e4	03f102b3	mul	x5,x2,x31	  x2:0x00000000 x31:0x00000200  x5=0x00000000
      57815.000 ns	      5780	800017e8	f306a793	slti	x15,x13,-208	 x13:0x80000000 x15=0x00000001
      58985.000 ns	      5897	800017ec	58007a53	fsqrt.s	f20,f0	  f0:0x0007fc00 f20=0x1f404f0a
      59005.000 ns	      5899	800017f0	0131d193	srli	x3,x3,0x13	  x3:0x00000000  x3=0x00000000
      59025.000 ns	      5901	800017f4	21b280d3	fsgnj.s	f1,f5,f27	  f5:0xff800000 f27:0xffc00000  f1=0xff800000
      59045.000 ns	      5903	800017f8	655ad017	auipc	x0,0x655ad	
      59085.000 ns	      5907	800017fc	09203f53	fsub.s	f30,f0,f18	  f0:0x0007fc00 f18:0x7fc00000 f30=0x7fc00000
      59115.000 ns	      5910	80001800	034533b3	mulhu	x7,x10,x20	 x10:0x00000000 x20:0x00000000  x7=0x00000000
      59135.000 ns	      5912	80001804	074c8213	addi	x4,x25,116	 x25:0x00000066  x4=0x000000da
      59145.000 ns	      5913	80001808	00c06c33	or	x24,x0,x12	  x0:0x00000000 x12:0x00000000 x24=0x00000000
      59155.000 ns	      5914	8000180c	36639fb7	lui	x31,0x36639	 x31=0x36639000
      59515.000 ns	      5950	80001810	02db5db3	divu	x27,x22,x13	 x22:0x7ffbf662 x13:0x80000000 x27=0x00000000
      59535.000 ns	      5952	80001814	61576d93	ori	x27,x14,1557	 x14:0x80000000 x27=0x80000615
      59555.000 ns	      5954	80001818	03d95533	divu	x10,x18,x29	 x18:0x80041024 x29:0x00000000 x10=0xffffffff
      59585.000 ns	      5957	8000181c	c01e1ed3	fcvt.wu.s	x29,f28	 f28:0x80000000 x29=0x00000000
      59605.000 ns	      5959	80001820	00cf57b3	srl	x15,x30,x12	 x30:0x0000064b x12:0x00000000 x15=0x0000064b
      59625.000 ns	      5961	80001824	288e98d3	fmax.s	f17,f29,f8	 f29:0x00000000  f8:0x7fc00000 f17=0x00000000
      59645.000 ns	      5963	80001828	00b03633	sltu	x12,x0,x11	  x0:0x00000000 x11:0x00000000 x12=0x00000000
      59665.000 ns	      5965	8000182c	d01ff9d3	fcvt.s.wu	f19,x31	 x31:0x36639000 f19=0x4e598e40
      59685.000 ns	      5967	80001830	948f6093	ori	x1,x30,-1720	 x30:0x0000064b  x1=0xffffff4b
      59695.000 ns	      5968	80001834	013d6d33	or	x26,x26,x19	 x26:0x00000000 x19:0x00000000 x26=0x00000000
      59705.000 ns	      5969	80001838	64c83a13	sltiu	x20,x16,1612	 x16:0x7ffbf662 x20=0x00000000
      59715.000 ns	      5970	8000183c	012979b3	and	x19,x18,x18	 x18:0x80041024 x18:0x80041024 x19=0x80041024
      60075.000 ns	      6006	80001840	03367db3	remu	x27,x12,x19	 x12:0x00000000 x19:0x00000000 x27=0x00000000
      60095.000 ns	      6008	80001844	16de2c97	auipc	x25,0x16de2	 x25=0x96de3844
      60105.000 ns	      6009	80001848	01d11033	sll	x0,x2,x29	  x2:0x00000000 x29:0x00000000
      60115.000 ns	      6010	8000184c	00332233	slt	x4,x6,x3	  x6:0x00000000  x3:0x00000000  x4=0x00000000
      60125.000 ns	      6011	80001850	013c83b3	add	x7,x25,x19	 x25:0x96de3844 x19:0x80041024  x7=0x16e24868
      60135.000 ns	      6012	80001854	01a1ed33	or	x26,x3,x26	  x3:0x00000000 x26:0x00000000 x26=0x00000000
      60145.000 ns	      6013	80001858	40e28eb3	sub	x29,x5,x14	  x5:0x00000000 x14:0x80000000 x29=0x80000000
      60155.000 ns	      6014	8000185c	012fdd33	srl	x26,x31,x18	 x31:0x36639000 x18:0x80041024 x26=0x03663900
      60185.000 ns	      6017	80001860	108c18d3	fmul.s	f17,f24,f8	 f24:0x7fc00000  f8:0x7fc00000 f17=0x7fc00000
      60215.000 ns	      6020	80001864	e00287d3	fmv.x.w	x15,f5	  f5:0xff800000 x15=0xff800000
      60245.000 ns	      6023	80001868	e0080653	fmv.x.w	x12,f16	 f16:0x7fc00000 x12=0x7fc00000
      60285.000 ns	      6027	8000186c	19b7cfd3	fdiv.s	f31,f15,f27	 f15:0x00000000 f27:0xffc00000 f31=0x7fc00000
      60305.000 ns	      6029	80001870	019d6cb3	or	x25,x26,x25	 x26:0x03663900 x25:0x96de3844 x25=0x97fe3944
      60325.000 ns	      6031	80001874	026bf133	remu	x2,x23,x6	 x23:0x80040fe4  x6:0x00000000  x2=0x80040fe4
      60345.000 ns	      6033	80001878	01c09033	sll	x0,x1,x28	  x1:0xffffff4b x28:0x00000000
      60355.000 ns	      6034	8000187c	01c3edb3	or	x27,x7,x28	  x7:0x16e24868 x28:0x00000000 x27=0x16e24868
      60365.000 ns	      6035	80001880	01195eb3	srl	x29,x18,x17	 x18:0x80041024 x17:0x0000019a x29=0x00000020
      60385.000 ns	      6037	80001884	02e12a33	mulhsu	x20,x2,x14	  x2:0x80040fe4 x14:0x80000000 x20=0xc00207f2
      60415.000 ns	      6040	80001888	03478833	mul	x16,x15,x20	 x15:0xff800000 x20:0x00000000 x16=0x07000000
      60445.000 ns	      6043	8000188c	c001a853	fcvt.w.s	x16,f3	  f3:0x0000005f x16=0x00000000
      60485.000 ns	      6047	80001890	580ba3d3	fsqrt.s	f7,f23	 f23:0xffc00000  f7=0x7fc00000
      60505.000 ns	      6049	80001894	8d0af993	andi	x19,x21,-1840	 x21:0x00000200 x19=0x00000000
      60525.000 ns	      6051	80001898	020eafb3	mulhsu	x31,x29,x0	 x29:0x00000020  x0:0x00000000 x31=0x00000000
      60575.000 ns	      6056	8000189c	014a75d3	fadd.s	f11,f20,f20	 f20:0x1f404f0a f20:0x1f404f0a f11=0x1fc04f0a
      60595.000 ns	      6058	800018a0	98ab3613	sltiu	x12,x22,-1654	 x22:0x7ffbf662 x12=0x00000001
      60605.000 ns	      6059	800018a4	f5617d97	auipc	x27,0xf5617	 x27=0x756188a4
      60625.000 ns	      6061	800018a8	0291c6b3	div	x13,x3,x9	  x3:0x00000000  x9:0x00000000 x13=0xffffffff
      60655.000 ns	      6064	800018ac	e0021153	fclass.s	x2,f4	  f4:0x7fc00000  x2=0x00000200
      60675.000 ns	      6066	800018b0	0053a633	slt	x12,x7,x5	  x7:0x16e24868  x5:0x00000000 x12=0x00000000
      60695.000 ns	      6068	800018b4	28030d53	fmin.s	f26,f6,f0	  f6:0xff800000  f0:0x0007fc00 f26=0xff800000
      60735.000 ns	      6072	800018b8	186675d3	fdiv.s	f11,f12,f6	 f12:0x7fc00000  f6:0xff800000 f11=0x7fc00000
      60765.000 ns	      6075	800018bc	c01c7cd3	fcvt.wu.s	x25,f24	 f24:0x7fc00000 x25=0xffffffff
      60795.000 ns	      6078	800018c0	02543333	mulhu	x6,x8,x5	  x8:0x00000000  x5:0x00000000  x6=0x00000000
      60815.000 ns	      6080	800018c4	5874ee13	ori	x28,x9,1415	  x9:0x00000000 x28=0x00000587
      60835.000 ns	      6082	800018c8	d0031ed3	fcvt.s.w	f29,x6	  x6:0x00000000 f29=0x00000000
      60865.000 ns	      6085	800018cc	02ee03b3	mul	x7,x28,x14	 x28:0x00000000 x14:0x80000000  x7=0x80000000
      60885.000 ns	      6087	800018d0	4157d833	sra	x16,x15,x21	 x15:0xff800000 x21:0x00000200 x16=0xff800000
      60905.000 ns	      6089	800018d4	d0124753	fcvt.s.wu	f14,x4	  x4:0x00000000 f14=0x00000000
      60925.000 ns	      6091	800018d8	004cc833	xor	x16,x25,x4	 x25:0xffffffff  x4:0x00000000 x16=0xffffffff
      60945.000 ns	      6093	800018dc	a14115d3	flt.s	x11,f2,f20	  f2:0x00000000 f20:0x1f404f0a x11=0x00000001
      60965.000 ns	      6095	800018e0	00000013	addi	x0,x0,0	  x0:0x00000000
      60975.000 ns	      6096	800018e4	01151eb3	sll	x29,x10,x17	 x10:0xffffffff x17:0x0000019a x29=0xfc000000
      60985.000 ns	      6097	800018e8	012a2c33	slt	x24,x20,x18	 x20:0xc00207f2 x18:0x80041024 x24=0x00000000
      60995.000 ns	      6098	800018ec	405d5313	srai	x6,x26,0x5	 x26:0x03663900  x6=0x001b31c8
      61015.000 ns	      6100	800018f0	025134b3	mulhu	x9,x2,x5	  x2:0x00000200  x5:0x00000000  x9=0x00000000
      61045.000 ns	      6103	800018f4	a1af01d3	fle.s	x3,f30,f26	 f30:0x7fc00000 f26:0xff800000  x3=0x00000000
      61415.000 ns	      6140	800018f8	02e57c33	remu	x24,x10,x14	 x10:0xffffffff x14:0x80000000 x24=0x7fffffff
      61435.000 ns	      6142	800018fc	004a55b3	srl	x11,x20,x4	 x20:0xc00207f2  x4:0x00000000 x11=0xc00207f2
      61445.000 ns	      6143	80001900	40e25413	srai	x8,x4,0xe	  x4:0x00000000  x8=0x00000000
      61455.000 ns	      6144	80001904	01b6ee33	or	x28,x13,x27	 x13:0xffffffff x27:0x756188a4 x28=0xffffffff
      61815.000 ns	      6180	80001908	0325d833	divu	x16,x11,x18	 x11:0xc00207f2 x18:0x80041024 x16=0x00000001
      61845.000 ns	      6183	8000190c	02a400b3	mul	x1,x8,x10	  x8:0x00000000 x10:0xffffffff  x1=0x00000000
      61875.000 ns	      6186	80001910	c0182f53	fcvt.wu.s	x30,f16	 f16:0x7fc00000 x30=0xffffffff
      62245.000 ns	      6223	80001914	03b760b3	rem	x1,x14,x27	 x14:0x80000000 x27:0x756188a4  x1=0xf56188a4
      62275.000 ns	      6226	80001918	e00980d3	fmv.x.w	x1,f19	 f19:0x4e598e40  x1=0x4e598e40
      62305.000 ns	      6229	8000191c	028ee433	rem	x8,x29,x8	 x29:0xfc000000  x8:0x00000000  x8=0xfc000000
      62325.000 ns	      6231	80001920	00d58e37	lui	x28,0xd58	 x28=0x00d58000
      62345.000 ns	      6233	80001924	038812b3	mulh	x5,x16,x24	 x16:0x00000001 x24:0x7fffffff  x5=0x00000000
      62375.000 ns	      6236	80001928	298c8d53	fmin.s	f26,f25,f24	 f25:0x0007fc00 f24:0x7fc00000 f26=0x0007fc00
      62405.000 ns	      6239	8000192c	d002f953	fcvt.s.w	f18,x5	  x5:0x00000000 f18=0x00000000
      62425.000 ns	      6241	80001930	403e8b33	sub	x22,x29,x3	 x29:0xfc000000  x3:0x00000000 x22=0xfc000000
      62445.000 ns	      6243	80001934	c00d1f53	fcvt.w.s	x30,f26	 f26:0x0007fc00 x30=0x00000000
      62475.000 ns	      6246	80001938	e00a82d3	fmv.x.w	x5,f21	 f21:0x7fc00000  x5=0x7fc00000
      62505.000 ns	      6249	8000193c	c012f053	fcvt.wu.s	x0,f5	  f5:0xff800000
      62525.000 ns	      6251	80001940	003a25b3	slt	x11,x20,x3	 x20:0xc00207f2  x3:0x00000000 x11=0x00000001
      62535.000 ns	      6252	80001944	007317b3	sll	x15,x6,x7	  x6:0x001b31c8  x7:0x80000000 x15=0x001b31c8
      62555.000 ns	      6254	80001948	02750f33	mul	x30,x10,x7	 x10:0xffffffff  x7:0x80000000 x30=0x80000000
      62575.000 ns	      6256	8000194c	000256b3	srl	x13,x4,x0	  x4:0x00000000  x0:0x00000000 x13=0x00000000
      62585.000 ns	      6257	80001950	82e5f317	auipc	x6,0x82e5f	  x6=0x02e60950
      62605.000 ns	      6259	80001954	20f414d3	fsgnjn.s	f9,f8,f15	  f8:0x7fc00000 f15:0x00000000  f9=0xffc00000
      62625.000 ns	      6261	80001958	01135893	srli	x17,x6,0x11	  x6:0x001b31c8 x17=0x00000173
      62645.000 ns	      6263	8000195c	a038ad53	feq.s	x26,f17,f3	 f17:0x7fc00000  f3:0x0000005f x26=0x00000000
      62675.000 ns	      6266	80001960	03a86233	rem	x4,x16,x26	 x16:0x00000001 x26:0x03663900  x4=0x00000001
      62705.000 ns	      6269	80001964	c00ff7d3	fcvt.w.s	x15,f31	 f31:0x7fc00000 x15=0x7fffffff
      62735.000 ns	      6272	80001968	024980b3	mul	x1,x19,x4	 x19:0x00000000  x4:0x00000001  x1=0x00000000
      62765.000 ns	      6275	8000196c	e0008c53	fmv.x.w	x24,f1	  f1:0xff800000 x24=0xff800000
      62785.000 ns	      6277	80001970	014af9b3	and	x19,x21,x20	 x21:0x00000200 x20:0xc00207f2 x19=0x00000200
      62795.000 ns	      6278	80001974	410a0433	sub	x8,x20,x16	 x20:0xc00207f2 x16:0x00000001  x8=0xc00207f1
      62805.000 ns	      6279	80001978	01359313	slli	x6,x11,0x13	 x11:0x00000001  x6=0x00080000
      62815.000 ns	      6280	8000197c	870d8213	addi	x4,x27,-1936	 x27:0x756188a4  x4=0x75618114
      62835.000 ns	      6282	80001980	d01a8fd3	fcvt.s.wu	f31,x21	 x21:0x00000200 f31=0x44000000
      62855.000 ns	      6284	80001984	01725db3	srl	x27,x4,x23	  x4:0x00000001 x23:0x80040fe4 x27=0x07561811
      62875.000 ns	      6286	80001988	d011f453	fcvt.s.wu	f8,x3	  x3:0x00000000  f8=0x00000000
      62915.000 ns	      6290	8000198c	580299d3	fsqrt.s	f19,f5	  f5:0xff800000 f19=0x7fc00000
      62935.000 ns	      6292	80001990	414ed293	srai	x5,x29,0x14	 x29:0xfc000000  x5=0xffffffc0
      62955.000 ns	      6294	80001994	d01574d3	fcvt.s.wu	f9,x10	 x10:0xffffffff  f9=0x4f7fffff
      62975.000 ns	      6296	80001998	a8827a13	andi	x20,x4,-1400	  x4:0x75618114 x20=0x75618000
      62995.000 ns	      6298	8000199c	e00306d3	fmv.x.w	x13,f6	  f6:0xff800000 x13=0xff800000
      63045.000 ns	      6303	800019a0	013b26d3	fadd.s	f13,f22,f19	 f22:0x0007fc00 f19:0x7fc00000 f13=0x7fc00000
      63065.000 ns	      6305	800019a4	009c87b3	add	x15,x25,x9	 x25:0xffffffff  x9:0x00000000 x15=0xffffffff
      63085.000 ns	      6307	800019a8	d00a3a53	fcvt.s.w	f20,x20	 x20:0x75618000 f20=0x4eeac300
      63105.000 ns	      6309	800019ac	41df5fb3	sra	x31,x30,x29	 x30:0x80000000 x29:0xfc000000 x31=0x80000000
      63125.000 ns	      6311	800019b0	c00c95d3	fcvt.w.s	x11,f25	 f25:0x0007fc00 x11=0x00000000
      63155.000 ns	      6314	800019b4	02cf82b3	mul	x5,x31,x12	 x31:0x00000000 x12:0x00000000  x5=0x00000000
      63175.000 ns	      6316	800019b8	00921d33	sll	x26,x4,x9	  x4:0x75618114  x9:0x00000000 x26=0x75618114
      63185.000 ns	      6317	800019bc	01c6c433	xor	x8,x13,x28	 x13:0xff800000 x28:0x00d58000  x8=0xff558000
      63195.000 ns	      6318	800019c0	00b9aeb3	slt	x29,x19,x11	 x19:0x00000200 x11:0x00000000 x29=0x00000000
      63205.000 ns	      6319	800019c4	85364413	xori	x8,x12,-1965	 x12:0x00000000  x8=0xfffff853
      63225.000 ns	      6321	800019c8	c007b3d3	fcvt.w.s	x7,f15	 f15:0x00000000  x7=0x00000000
      63255.000 ns	      6324	800019cc	0292d4b3	divu	x9,x5,x9	  x5:0x00000000  x9:0x00000000  x9=0xffffffff
      63295.000 ns	      6328	800019d0	10dda3d3	fmul.s	f7,f27,f13	 f27:0xffc00000 f13:0x7fc00000  f7=0x7fc00000
      63325.000 ns	      6331	800019d4	e0028fd3	fmv.x.w	x31,f5	  f5:0xff800000 x31=0xff800000
      63345.000 ns	      6333	800019d8	00000013	addi	x0,x0,0	  x0:0x00000000
      63355.000 ns	      6334	800019dc	4085d1b3	sra	x3,x11,x8	 x11:0x00000000  x8:0xfffff853  x3=0x00000000
      63375.000 ns	      6336	800019e0	d008f2d3	fcvt.s.w	f5,x17	 x17:0x00000173  f5=0x43b98000
      63395.000 ns	      6338	800019e4	00000013	addi	x0,x0,0	  x0:0x00000000
      63425.000 ns	      6341	800019e8	199e29d3	fdiv.s	f19,f28,f25	 f28:0x80000000 f25:0x0007fc00 f19=0x80000000
      64605.000 ns	      6459	800019ec	5801f653	fsqrt.s	f12,f3	  f3:0x0000005f f12=0x1f35050a
      64655.000 ns	      6464	800019f0	01564253	fadd.s	f4,f12,f21	 f12:0x7fc00000 f21:0x7fc00000  f4=0x7fc00000
      64675.000 ns	      6466	800019f4	f399a893	slti	x17,x19,-199	 x19:0x00000200 x17=0x00000000
      65845.000 ns	      6583	800019f8	5802f2d3	fsqrt.s	f5,f5	  f5:0x43b98000  f5=0x419a1737
      66215.000 ns	      6620	800019fc	03c3cb33	div	x22,x7,x28	  x7:0x00000000 x28:0x00d58000 x22=0x00000000
      66245.000 ns	      6623	80001a00	c0057e53	fcvt.w.s	x28,f10	 f10:0x00000000 x28=0x00000000
      66265.000 ns	      6625	80001a04	52b5fe93	andi	x29,x11,1323	 x11:0x00000000 x29=0x00000000
      66285.000 ns	      6627	80001a08	d0191053	fcvt.s.wu	f0,x18	 x18:0x80041024  f0=0x4f000410
      66305.000 ns	      6629	80001a0c	64d7f993	andi	x19,x15,1613	 x15:0xffffffff x19=0x0000064d
      66325.000 ns	      6631	80001a10	28560cd3	fmin.s	f25,f12,f5	 f12:0x1f35050a  f5:0x419a1737 f25=0x1f35050a
      66695.000 ns	      6668	80001a14	02f6c1b3	div	x3,x13,x15	 x13:0xff800000 x15:0xffffffff  x3=0x00800000
      66725.000 ns	      6671	80001a18	21981d53	fsgnjn.s	f26,f16,f25	 f16:0x7fc00000 f25:0x1f35050a f26=0xffc00000
      66745.000 ns	      6673	80001a1c	e5a4af93	slti	x31,x9,-422	  x9:0xffffffff x31=0x00000000
      67105.000 ns	      6709	80001a20	02a7ff33	remu	x30,x15,x10	 x15:0xffffffff x10:0xffffffff x30=0x00000000
      67145.000 ns	      6713	80001a24	18bcfb53	fdiv.s	f22,f25,f11	 f25:0x1f35050a f11:0x7fc00000 f22=0x7fc00000
      67165.000 ns	      6715	80001a28	005f7333	and	x6,x30,x5	 x30:0x00000000  x5:0x00000000  x6=0x00000000
      67175.000 ns	      6716	80001a2c	00000013	addi	x0,x0,0	  x0:0x00000000
      67185.000 ns	      6717	80001a30	016c9b13	slli	x22,x25,0x16	 x25:0xffffffff x22=0xffc00000
      67195.000 ns	      6718	80001a34	01e3e333	or	x6,x7,x30	  x7:0x00000000 x30:0x00000000  x6=0x00000000
      67225.000 ns	      6721	80001a38	106ab353	fmul.s	f6,f21,f6	 f21:0x7fc00000  f6:0xff800000  f6=0x7fc00000
      67245.000 ns	      6723	80001a3c	010d9393	slli	x7,x27,0x10	 x27:0x07561811  x7=0x18110000
      67265.000 ns	      6725	80001a40	a1f714d3	flt.s	x9,f14,f31	 f14:0x00000000 f31:0x44000000  x9=0x00000001
      67295.000 ns	      6728	80001a44	03c6fdb3	remu	x27,x13,x28	 x13:0xff800000 x28:0x00000000 x27=0xff800000
      67315.000 ns	      6730	80001a48	ee297997	auipc	x19,0xee297	 x19=0x6e298a48
      67335.000 ns	      6732	80001a4c	03432db3	mulhsu	x27,x6,x20	  x6:0x00000000 x20:0x75618000 x27=0x00000000
      67365.000 ns	      6735	80001a50	21b7a0d3	fsgnjx.s	f1,f15,f27	 f15:0x00000000 f27:0xffc00000  f1=0x80000000
      67395.000 ns	      6738	80001a54	d0027553	fcvt.s.w	f10,x4	  x4:0x75618114 f10=0x4eeac302
      67415.000 ns	      6740	80001a58	41ed8cb3	sub	x25,x27,x30	 x27:0x00000000 x30:0x00000000 x25=0x00000000
      67425.000 ns	      6741	80001a5c	01b348b3	xor	x17,x6,x27	  x6:0x00000000 x27:0x00000000 x17=0x00000000
      67435.000 ns	      6742	80001a60	40950d33	sub	x26,x10,x9	 x10:0xffffffff  x9:0x00000001 x26=0xfffffffe
      67455.000 ns	      6744	80001a64	a0ce26d3	feq.s	x13,f28,f12	 f28:0x80000000 f12:0x1f35050a x13=0x00000000
      67475.000 ns	      6746	80001a68	00e193b3	sll	x7,x3,x14	  x3:0x00800000 x14:0x80000000  x7=0x00800000
      67505.000 ns	      6749	80001a6c	199e11d3	fdiv.s	f3,f28,f25	 f28:0x80000000 f25:0x1f35050a  f3=0x80000000
      67525.000 ns	      6751	80001a70	e9288a93	addi	x21,x17,-366	 x17:0x00000000 x21=0xfffffe92
      67535.000 ns	      6752	80001a74	01e7b233	sltu	x4,x15,x30	 x15:0xffffffff x30:0x00000000  x4=0x00000000
      67555.000 ns	      6754	80001a78	a0b411d3	flt.s	x3,f8,f11	  f8:0x00000000 f11:0x7fc00000  x3=0x00000000
      67585.000 ns	      6757	80001a7c	21452d53	fsgnjx.s	f26,f10,f20	 f10:0x4eeac302 f20:0x4eeac300 f26=0x4eeac302
      67615.000 ns	      6760	80001a80	e00892d3	fclass.s	x5,f17	 f17:0x7fc00000  x5=0x00000200
      67635.000 ns	      6762	80001a84	00000013	addi	x0,x0,0	  x0:0x00000000
      67645.000 ns	      6763	80001a88	002023b3	slt	x7,x0,x2	  x0:0x00000000  x2:0x00000200  x7=0x00000001
      67655.000 ns	      6764	80001a8c	41ead213	srai	x4,x21,0x1e	 x21:0xfffffe92  x4=0xffffffff
      68825.000 ns	      6881	80001a90	580ff2d3	fsqrt.s	f5,f31	 f31:0x44000000  f5=0x41350482
      68855.000 ns	      6884	80001a94	02187db3	remu	x27,x16,x1	 x16:0x00000001  x1:0x00000000 x27=0x00000001
      68895.000 ns	      6888	80001a98	109a8153	fmul.s	f2,f21,f9	 f21:0x7fc00000  f9:0x4f7fffff  f2=0x7fc00000
      68915.000 ns	      6890	80001a9c	01cf9fb3	sll	x31,x31,x28	 x31:0x00000000 x28:0x00000000 x31=0x00000000
      68935.000 ns	      6892	80001aa0	0250b9b3	mulhu	x19,x1,x5	  x1:0x00000000  x5:0x00000200 x19=0x00000000
      68965.000 ns	      6895	80001aa4	c015cf53	fcvt.wu.s	x30,f11	 f11:0x7fc00000 x30=0xffffffff
      68995.000 ns	      6898	80001aa8	a1012853	feq.s	x16,f2,f16	  f2:0x7fc00000 f16:0x7fc00000 x16=0x00000000
      69025.000 ns	      6901	80001aac	02588033	mul	x0,x17,x5	 x17:0x00000000  x5:0x00000200
      69045.000 ns	      6903	80001ab0	96467097	auipc	x1,0x96467	  x1=0x16468ab0
      70215.000 ns	      7020	80001ab4	580571d3	fsqrt.s	f3,f10	 f10:0x4eeac302  f3=0x472d590f
      70235.000 ns	      7022	80001ab8	01bd7033	and	x0,x26,x27	 x26:0xfffffffe x27:0x00000001
      70255.000 ns	      7024	80001abc	d00bf053	fcvt.s.w	f0,x23	 x23:0x80040fe4  f0=0xcefff7e0
      70275.000 ns	      7026	80001ac0	c750ba93	sltiu	x21,x1,-907	  x1:0x16468ab0 x21=0x00000001
      70285.000 ns	      7027	80001ac4	01ec5a13	srli	x20,x24,0x1e	 x24:0xff800000 x20=0x00000003
      70295.000 ns	      7028	80001ac8	00610d33	add	x26,x2,x6	  x2:0x00000200  x6:0x00000000 x26=0x00000200
      70315.000 ns	      7030	80001acc	02ae98b3	mulh	x17,x29,x10	 x29:0x00000000 x10:0xffffffff x17=0x00000000
      70335.000 ns	      7032	80001ad0	0155d293	srli	x5,x11,0x15	 x11:0x00000000  x5=0x00000000
      70365.000 ns	      7035	80001ad4	101a78d3	fmul.s	f17,f20,f1	 f20:0x4eeac300  f1:0x80000000 f17=0x80000000
      70735.000 ns	      7072	80001ad8	034461b3	rem	x3,x8,x20	  x8:0xfffff853 x20:0x00000003  x3=0x00000000
      70765.000 ns	      7075	80001adc	e00f86d3	fmv.x.w	x13,f31	 f31:0x44000000 x13=0x44000000
      70785.000 ns	      7077	80001ae0	bd666c93	ori	x25,x12,-1066	 x12:0x00000000 x25=0xfffffbd6
      70795.000 ns	      7078	80001ae4	bd114d17	auipc	x26,0xbd114	 x26=0x3d115ae4
      70815.000 ns	      7080	80001ae8	030a33b3	mulhu	x7,x20,x16	 x20:0x00000003 x16:0x00000000  x7=0x00000000
      70855.000 ns	      7084	80001aec	1183f053	fmul.s	f0,f7,f24	  f7:0x7fc00000 f24:0x7fc00000  f0=0x7fc00000
      70875.000 ns	      7086	80001af0	46d68c93	addi	x25,x13,1133	 x13:0x44000000 x25=0x4400046d
      70905.000 ns	      7089	80001af4	111b75d3	fmul.s	f11,f22,f17	 f22:0x7fc00000 f17:0x80000000 f11=0x7fc00000
      70925.000 ns	      7091	80001af8	01a59533	sll	x10,x11,x26	 x11:0x00000000 x26:0x3d115ae4 x10=0x00000000
      70935.000 ns	      7092	80001afc	808a6813	ori	x16,x20,-2040	 x20:0x00000003 x16=0xfffff80b
      70945.000 ns	      7093	80001b00	0177da33	srl	x20,x15,x23	 x15:0xffffffff x23:0x80040fe4 x20=0x0fffffff
      70955.000 ns	      7094	80001b04	2418b193	sltiu	x3,x17,577	 x17:0x00000000  x3=0x00000001
      70965.000 ns	      7095	80001b08	98306993	ori	x19,x0,-1661	  x0:0x00000000 x19=0xfffff983
      70975.000 ns	      7096	80001b0c	245d4d93	xori	x27,x26,581	 x26:0x3d115ae4 x27=0x3d1158a1
      70995.000 ns	      7098	80001b10	020945b3	div	x11,x18,x0	 x18:0x80041024  x0:0x00000000 x11=0xffffffff
      71025.000 ns	      7101	80001b14	21462853	fsgnjx.s	f16,f12,f20	 f12:0x1f35050a f20:0x4eeac300 f16=0x1f35050a
      71055.000 ns	      7104	80001b18	a03c0f53	fle.s	x30,f24,f3	 f24:0x7fc00000  f3:0x472d590f x30=0x00000000
      71085.000 ns	      7107	80001b1c	02664433	div	x8,x12,x6	 x12:0x00000000  x6:0x00000000  x8=0xffffffff
      71455.000 ns	      7144	80001b20	035b66b3	rem	x13,x22,x21	 x22:0xffc00000 x21:0x00000001 x13=0x00000000
      71825.000 ns	      7181	80001b24	035df8b3	remu	x17,x27,x21	 x27:0x3d1158a1 x21:0x00000001 x17=0x00000000
      71845.000 ns	      7183	80001b28	00000013	addi	x0,x0,0	  x0:0x00000000
      71865.000 ns	      7185	80001b2c	20522c53	fsgnjx.s	f24,f4,f5	  f4:0x7fc00000  f5:0x41350482 f24=0x7fc00000
      71885.000 ns	      7187	80001b30	016664b3	or	x9,x12,x22	 x12:0x00000000 x22:0xffc00000  x9=0xffc00000
      71905.000 ns	      7189	80001b34	0252bcb3	mulhu	x25,x5,x5	  x5:0x00000000  x5:0x00000000 x25=0x00000000
      71935.000 ns	      7192	80001b38	02d44fb3	div	x31,x8,x13	  x8:0xffffffff x13:0x00000000 x31=0xffffffff
      71965.000 ns	      7195	80001b3c	28f889d3	fmin.s	f19,f17,f15	 f17:0x80000000 f15:0x00000000 f19=0x80000000
      72015.000 ns	      7200	80001b40	08d3f3d3	fsub.s	f7,f7,f13	  f7:0x7fc00000 f13:0x7fc00000  f7=0x7fc00000
      72035.000 ns	      7202	80001b44	b849f093	andi	x1,x19,-1148	 x19:0xfffff983  x1=0xfffff980
      72065.000 ns	      7205	80001b48	580f79d3	fsqrt.s	f19,f30	 f30:0x7fc00000 f19=0x7fc00000
      72085.000 ns	      7207	80001b4c	f59ea593	slti	x11,x29,-167	 x29:0x00000000 x11=0x00000000
      72095.000 ns	      7208	80001b50	00000013	addi	x0,x0,0	  x0:0x00000000
      72105.000 ns	      7209	80001b54	93c1bc93	sltiu	x25,x3,-1732	  x3:0x00000001 x25=0x00000001
      72135.000 ns	      7212	80001b58	580b9c53	fsqrt.s	f24,f23	 f23:0xffc00000 f24=0x7fc00000
      72175.000 ns	      7216	80001b5c	18fef4d3	fdiv.s	f9,f29,f15	 f29:0x00000000 f15:0x00000000  f9=0x7fc00000
      72195.000 ns	      7218	80001b60	86461317	auipc	x6,0x86461	  x6=0x06462b60
      72205.000 ns	      7219	80001b64	00409d33	sll	x26,x1,x4	  x1:0xfffff980  x4:0xffffffff x26=0x00000000
      72225.000 ns	      7221	80001b68	031793b3	mulh	x7,x15,x17	 x15:0xffffffff x17:0x00000000  x7=0x00000000
      72245.000 ns	      7223	80001b6c	dea54693	xori	x13,x10,-534	 x10:0x00000000 x13=0xfffffdea
      72255.000 ns	      7224	80001b70	87996113	ori	x2,x18,-1927	 x18:0x80041024  x2=0xfffff87d
      72265.000 ns	      7225	80001b74	01861fb3	sll	x31,x12,x24	 x12:0x00000000 x24:0xff800000 x31=0x00000000
      72275.000 ns	      7226	80001b78	8fb60a97	auipc	x21,0x8fb60	 x21=0x0fb61b78
      72295.000 ns	      7228	80001b7c	c008fad3	fcvt.w.s	x21,f17	 f17:0x80000000 x21=0x00000000
      72315.000 ns	      7230	80001b80	01ef8633	add	x12,x31,x30	 x31:0x00000000 x30:0x00000000 x12=0x00000000
      72345.000 ns	      7233	80001b84	11e3fcd3	fmul.s	f25,f7,f30	  f7:0x7fc00000 f30:0x7fc00000 f25=0x7fc00000
      72365.000 ns	      7235	80001b88	00a99513	slli	x10,x19,0xa	 x19:0xfffff983 x10=0xffe60c00
      72385.000 ns	      7237	80001b8c	a1580d53	fle.s	x26,f16,f21	 f16:0x1f35050a f21:0x7fc00000 x26=0x00000000
      72405.000 ns	      7239	80001b90	ced92e13	slti	x28,x18,-787	 x18:0x80041024 x28=0x00000001
      72765.000 ns	      7275	80001b94	038b4fb3	div	x31,x22,x24	 x22:0xffc00000 x24:0xff800000 x31=0x00000000
      72795.000 ns	      7278	80001b98	03dc2c33	mulhsu	x24,x24,x29	 x24:0xff800000 x29:0x00000000 x24=0x00000000
      72815.000 ns	      7280	80001b9c	11ad4793	xori	x15,x26,282	 x26:0x00000000 x15=0x0000011a
      72825.000 ns	      7281	80001ba0	005bffb3	and	x31,x23,x5	 x23:0x80040fe4  x5:0x00000000 x31=0x00000000
      72835.000 ns	      7282	80001ba4	006b3233	sltu	x4,x22,x6	 x22:0xffc00000  x6:0x06462b60  x4=0x00000000
      72855.000 ns	      7284	80001ba8	d01f7e53	fcvt.s.wu	f28,x30	 x30:0x00000000 f28=0x00000000
      72885.000 ns	      7287	80001bac	e00e0653	fmv.x.w	x12,f28	 f28:0x80000000 x12=0x00000000
      72905.000 ns	      7289	80001bb0	01a196b3	sll	x13,x3,x26	  x3:0x00000001 x26:0x00000000 x13=0x00000001
      72925.000 ns	      7291	80001bb4	c01ef153	fcvt.wu.s	x2,f29	 f29:0x00000000  x2=0x00000000
      72945.000 ns	      7293	80001bb8	015f4b33	xor	x22,x30,x21	 x30:0x00000000 x21:0x00000000 x22=0x00000000
      72955.000 ns	      7294	80001bbc	411cdeb3	sra	x29,x25,x17	 x25:0x00000001 x17:0x00000000 x29=0x00000001
      72965.000 ns	      7295	80001bc0	015430b3	sltu	x1,x8,x21	  x8:0xffffffff x21:0x00000000  x1=0x00000000
      72985.000 ns	      7297	80001bc4	c00ff4d3	fcvt.w.s	x9,f31	 f31:0x44000000  x9=0x00000200
      73005.000 ns	      7299	80001bc8	eab3f613	andi	x12,x7,-341	  x7:0x00000000 x12=0x00000000
      73015.000 ns	      7300	80001bcc	00bad013	srli	x0,x21,0xb	 x21:0x00000000
      73025.000 ns	      7301	80001bd0	00a92233	slt	x4,x18,x10	 x18:0x80041024 x10:0xffe60c00  x4=0x00000001
      73045.000 ns	      7303	80001bd4	02c89e33	mulh	x28,x17,x12	 x17:0x00000000 x12:0x00000000 x28=0x00000000
      73095.000 ns	      7308	80001bd8	006831d3	fadd.s	f3,f16,f6	 f16:0x1f35050a  f6:0x7fc00000  f3=0x7fc00000
      73145.000 ns	      7313	80001bdc	094e38d3	fsub.s	f17,f28,f20	 f28:0x00000000 f20:0x4eeac300 f17=0xceeac300
      73165.000 ns	      7315	80001be0	edf46313	ori	x6,x8,-289	  x8:0xffffffff  x6=0xffffffff
      73185.000 ns	      7317	80001be4	a11128d3	feq.s	x17,f2,f17	  f2:0x7fc00000 f17:0xceeac300 x17=0x00000000
      73235.000 ns	      7322	80001be8	0903f2d3	fsub.s	f5,f7,f16	  f7:0x7fc00000 f16:0x1f35050a  f5=0x7fc00000
      73255.000 ns	      7324	80001bec	8435af97	auipc	x31,0x8435a	 x31=0x0435bbec
      73275.000 ns	      7326	80001bf0	f00183d3	fmv.w.x	f7,x3	  x3:0x00000001  f7=0x00000001
      73295.000 ns	      7328	80001bf4	00c08f33	add	x30,x1,x12	  x1:0x00000000 x12:0x00000000 x30=0x00000000
      73315.000 ns	      7330	80001bf8	a0a68dd3	fle.s	x27,f13,f10	 f13:0x7fc00000 f10:0x4eeac302 x27=0x00000000
      73345.000 ns	      7333	80001bfc	f00e0153	fmv.w.x	f2,x28	 x28:0x00000000  f2=0x00000000
      73375.000 ns	      7336	80001c00	023a08b3	mul	x17,x20,x3	 x20:0x0fffffff  x3:0x00000001 x17=0x0fffffff
      73405.000 ns	      7339	80001c04	20cbac53	fsgnjx.s	f24,f23,f12	 f23:0xffc00000 f12:0x1f35050a f24=0xffc00000
      73425.000 ns	      7341	80001c08	0120ea33	or	x20,x1,x18	  x1:0x00000000 x18:0x80041024 x20=0x80041024
      73445.000 ns	      7343	80001c0c	a0f89ad3	flt.s	x21,f17,f15	 f17:0xceeac300 f15:0x00000000 x21=0x00000001
      73465.000 ns	      7345	80001c10	40d309b3	sub	x19,x6,x13	  x6:0xffffffff x13:0x00000001 x19=0xfffffffe
      73475.000 ns	      7346	80001c14	00fc9313	slli	x6,x25,0xf	 x25:0x00000001  x6=0x00008000
      73505.000 ns	      7349	80001c18	580e95d3	fsqrt.s	f11,f29	 f29:0x00000000 f11=0x00000000
      73525.000 ns	      7351	80001c1c	006cb9b3	sltu	x19,x25,x6	 x25:0x00000001  x6:0xffffffff x19=0x00000001
      73545.000 ns	      7353	80001c20	c01143d3	fcvt.wu.s	x7,f2	  f2:0x00000000  x7=0x00000000
      73575.000 ns	      7356	80001c24	c0170453	fcvt.wu.s	x8,f14	 f14:0x00000000  x8=0x00000000
      73605.000 ns	      7359	80001c28	a01b09d3	fle.s	x19,f22,f1	 f22:0x7fc00000  f1:0x80000000 x19=0x00000000
      73635.000 ns	      7362	80001c2c	218a90d3	fsgnjn.s	f1,f21,f24	 f21:0x7fc00000 f24:0xffc00000  f1=0x7fc00000
      73665.000 ns	      7365	80001c30	21c52fd3	fsgnjx.s	f31,f10,f28	 f10:0x4eeac302 f28:0x00000000 f31=0x4eeac302
      73685.000 ns	      7367	80001c34	413adc33	sra	x24,x21,x19	 x21:0x00000001 x19:0x00000000 x24=0x00000001
      73705.000 ns	      7369	80001c38	a1c789d3	fle.s	x19,f15,f28	 f15:0x00000000 f28:0x00000000 x19=0x00000001
      74075.000 ns	      7406	80001c3c	0304d433	divu	x8,x9,x16	  x9:0x00000200 x16:0xfffff80b  x8=0x00000000
      74445.000 ns	      7443	80001c40	039271b3	remu	x3,x4,x25	  x4:0x00000001 x25:0x00000001  x3=0x00000000
      74475.000 ns	      7446	80001c44	290212d3	fmax.s	f5,f4,f16	  f4:0x7fc00000 f16:0x1f35050a  f5=0x1f35050a
      74495.000 ns	      7448	80001c48	010e6a33	or	x20,x28,x16	 x28:0x00000000 x16:0xfffff80b x20=0xfffff80b
      74855.000 ns	      7484	80001c4c	0346eab3	rem	x21,x13,x20	 x13:0x00000001 x20:0x80041024 x21=0x00000001
      74885.000 ns	      7487	80001c50	023e8d33	mul	x26,x29,x3	 x29:0x00000001  x3:0x00000000 x26=0x00000000
      74915.000 ns	      7490	80001c54	e00d16d3	fclass.s	x13,f26	 f26:0x4eeac302 x13=0x00000040
      76095.000 ns	      7608	80001c58	5802f253	fsqrt.s	f4,f5	  f5:0x1f35050a  f4=0x2effffe4
      76125.000 ns	      7611	80001c5c	280d8153	fmin.s	f2,f27,f0	 f27:0xffc00000  f0:0x7fc00000  f2=0x7fc00000
      76495.000 ns	      7648	80001c60	03d160b3	rem	x1,x2,x29	  x2:0x00000000 x29:0x00000001  x1=0x00000000
      76525.000 ns	      7651	80001c64	e00002d3	fmv.x.w	x5,f0	  f0:0x7fc00000  x5=0x7fc00000
      76575.000 ns	      7656	80001c68	01e211d3	fadd.s	f3,f4,f30	  f4:0x2effffe4 f30:0x7fc00000  f3=0x7fc00000
      76615.000 ns	      7660	80001c6c	10fd94d3	fmul.s	f9,f27,f15	 f27:0xffc00000 f15:0x00000000  f9=0x7fc00000
      76635.000 ns	      7662	80001c70	016b8833	add	x16,x23,x22	 x23:0x80040fe4 x22:0x00000000 x16=0x80040fe4
      76655.000 ns	      7664	80001c74	2196a753	fsgnjx.s	f14,f13,f25	 f13:0x7fc00000 f25:0x7fc00000 f14=0x7fc00000
      77835.000 ns	      7782	80001c78	580389d3	fsqrt.s	f19,f7	  f7:0x00000001 f19=0x1f350483
      77855.000 ns	      7784	80001c7c	9dae0613	addi	x12,x28,-1574	 x28:0x00000000 x12=0xfffff9da
      77875.000 ns	      7786	80001c80	200fa1d3	fsgnjx.s	f3,f31,f0	 f31:0x4eeac302  f0:0x7fc00000  f3=0x4eeac302
      77905.000 ns	      7789	80001c84	f0050053	fmv.w.x	f0,x10	 x10:0xffe60c00  f0=0xffe60c00
      77935.000 ns	      7792	80001c88	c009f5d3	fcvt.w.s	x11,f19	 f19:0x1f350483 x11=0x00000000
      77955.000 ns	      7794	80001c8c	01f99433	sll	x8,x19,x31	 x19:0x00000001 x31:0x0435bbec  x8=0x00001000
      77965.000 ns	      7795	80001c90	01f56ab3	or	x21,x10,x31	 x10:0xffe60c00 x31:0x0435bbec x21=0xfff7bfec
      77985.000 ns	      7797	80001c94	d01777d3	fcvt.s.wu	f15,x14	 x14:0x80000000 f15=0x4f000000
      78015.000 ns	      7800	80001c98	a0920853	fle.s	x16,f4,f9	  f4:0x2effffe4  f9:0x7fc00000 x16=0x00000000
      78045.000 ns	      7803	80001c9c	e00e8553	fmv.x.w	x10,f29	 f29:0x00000000 x10=0x00000000
      78075.000 ns	      7806	80001ca0	a1270ed3	fle.s	x29,f14,f18	 f14:0x7fc00000 f18:0x00000000 x29=0x00000000
      78105.000 ns	      7809	80001ca4	e00715d3	fclass.s	x11,f14	 f14:0x7fc00000 x11=0x00000200
      78125.000 ns	      7811	80001ca8	bd437593	andi	x11,x6,-1068	  x6:0x00008000 x11=0x00008000
      78135.000 ns	      7812	80001cac	8d854813	xori	x16,x10,-1832	 x10:0x00000000 x16=0xfffff8d8
      78155.000 ns	      7814	80001cb0	c01e70d3	fcvt.wu.s	x1,f28	 f28:0x00000000  x1=0x00000000
      78195.000 ns	      7818	80001cb4	193723d3	fdiv.s	f7,f14,f19	 f14:0x7fc00000 f19:0x1f350483  f7=0x7fc00000
      78225.000 ns	      7821	80001cb8	a0ec9cd3	flt.s	x25,f25,f14	 f25:0x7fc00000 f14:0x7fc00000 x25=0x00000000
      78245.000 ns	      7823	80001cbc	00ff7233	and	x4,x30,x15	 x30:0x00000000 x15:0x0000011a  x4=0x00000000
      78285.000 ns	      7827	80001cc0	00e40353	fadd.s	f6,f8,f14	  f8:0x00000000 f14:0x7fc00000  f6=0x7fc00000
      78305.000 ns	      7829	80001cc4	588ab613	sltiu	x12,x21,1416	 x21:0xfff7bfec x12=0x00000000
      78315.000 ns	      7830	80001cc8	f765a593	slti	x11,x11,-138	 x11:0x00008000 x11=0x00000000
      78335.000 ns	      7832	80001ccc	a12f8e53	fle.s	x28,f31,f18	 f31:0x4eeac302 f18:0x00000000 x28=0x00000000
      78365.000 ns	      7835	80001cd0	028b2533	mulhsu	x10,x22,x8	 x22:0x00000000  x8:0x00001000 x10=0x00000000
      78735.000 ns	      7872	80001cd4	033aff33	remu	x30,x21,x19	 x21:0xfff7bfec x19:0x00000001 x30=0x00000000
      78765.000 ns	      7875	80001cd8	036c2db3	mulhsu	x27,x24,x22	 x24:0x00000001 x22:0x00000000 x27=0x00000000
      78795.000 ns	      7878	80001cdc	20a70d53	fsgnj.s	f26,f14,f10	 f14:0x7fc00000 f10:0x4eeac302 f26=0x7fc00000
      78825.000 ns	      7881	80001ce0	03d41d33	mulh	x26,x8,x29	  x8:0x00001000 x29:0x00000000 x26=0x00000000
      78845.000 ns	      7883	80001ce4	000261b3	or	x3,x4,x0	  x4:0x00000000  x0:0x00000000  x3=0x00000000
      78865.000 ns	      7885	80001ce8	f0038dd3	fmv.w.x	f27,x7	  x7:0x00000000 f27=0x00000000
      78885.000 ns	      7887	80001cec	6e36a613	slti	x12,x13,1763	 x13:0x00000040 x12=0x00000001
      78895.000 ns	      7888	80001cf0	ebdba0b7	lui	x1,0xebdba	  x1=0xebdba000
      79255.000 ns	      7924	80001cf4	02e359b3	divu	x19,x6,x14	  x6:0x00008000 x14:0x80000000 x19=0x00000000
      79285.000 ns	      7927	80001cf8	027823b3	mulhsu	x7,x16,x7	 x16:0xfffff8d8  x7:0x00000000  x7=0x00000000
      79305.000 ns	      7929	80001cfc	00be56b3	srl	x13,x28,x11	 x28:0x00000000 x11:0x00000000 x13=0x00000000
      79335.000 ns	      7932	80001d00	19dbf153	fdiv.s	f2,f23,f29	 f23:0xffc00000 f29:0x00000000  f2=0x7fc00000
      79365.000 ns	      7935	80001d04	216a0253	fsgnj.s	f4,f20,f22	 f20:0x4eeac300 f22:0x7fc00000  f4=0x4eeac300
      79385.000 ns	      7937	80001d08	00000013	addi	x0,x0,0	  x0:0x00000000
      79395.000 ns	      7938	80001d0c	4047d813	srai	x16,x15,0x4	 x15:0x0000011a x16=0x00000011
      79415.000 ns	      7940	80001d10	0396f033	remu	x0,x13,x25	 x13:0x00000000 x25:0x00000000
      79435.000 ns	      7942	80001d14	3efe8393	addi	x7,x29,1007	 x29:0x00000000  x7=0x000003ef
      79445.000 ns	      7943	80001d18	a0714213	xori	x4,x2,-1529	  x2:0x00000000  x4=0xfffffa07
      79455.000 ns	      7944	80001d1c	b9bc1097	auipc	x1,0xb9bc1	  x1=0x39bc2d1c
      79475.000 ns	      7946	80001d20	21482bd3	fsgnjx.s	f23,f16,f20	 f16:0x1f35050a f20:0x4eeac300 f23=0x1f35050a
      79845.000 ns	      7983	80001d24	02494db3	div	x27,x18,x4	 x18:0x80041024  x4:0xfffffa07 x27=0x00156da7
      79875.000 ns	      7986	80001d28	f00c8553	fmv.w.x	f10,x25	 x25:0x00000000 f10=0x00000000
      79895.000 ns	      7988	80001d2c	41d65b13	srai	x22,x12,0x1d	 x12:0x00000001 x22=0x00000000
      80255.000 ns	      8024	80001d30	02e96db3	rem	x27,x18,x14	 x18:0x80041024 x14:0x80000000 x27=0x80041024
      80275.000 ns	      8026	80001d34	417d8833	sub	x16,x27,x23	 x27:0x00156da7 x23:0x80040fe4 x16=0x00000040
      80305.000 ns	      8029	80001d38	10cd3153	fmul.s	f2,f26,f12	 f26:0x7fc00000 f12:0x1f35050a  f2=0x7fc00000
      80345.000 ns	      8033	80001d3c	58017953	fsqrt.s	f18,f2	  f2:0x7fc00000 f18=0x7fc00000
      80375.000 ns	      8036	80001d40	0398bfb3	mulhu	x31,x17,x25	 x17:0x0fffffff x25:0x00000000 x31=0x00000000
      80395.000 ns	      8038	80001d44	006b3133	sltu	x2,x22,x6	 x22:0x00000000  x6:0x00008000  x2=0x00000001
      80405.000 ns	      8039	80001d48	41cdde33	sra	x28,x27,x28	 x27:0x80041024 x28:0x00000000 x28=0x80041024
      80425.000 ns	      8041	80001d4c	20e32853	fsgnjx.s	f16,f6,f14	  f6:0x7fc00000 f14:0x7fc00000 f16=0x7fc00000
      80455.000 ns	      8044	80001d50	02718c33	mul	x24,x3,x7	  x3:0x00000000  x7:0x000003ef x24=0x00000000
      80485.000 ns	      8047	80001d54	d008b6d3	fcvt.s.w	f13,x17	 x17:0x0fffffff f13=0x4d800000
      80505.000 ns	      8049	80001d58	e3616793	ori	x15,x2,-458	  x2:0x00000001 x15=0xfffffe37
      80515.000 ns	      8050	80001d5c	1c2f7f13	andi	x30,x30,450	 x30:0x00000000 x30=0x00000000
      80525.000 ns	      8051	80001d60	64bdbe93	sltiu	x29,x27,1611	 x27:0x80041024 x29=0x00000000
      80545.000 ns	      8053	80001d64	02c2b0b3	mulhu	x1,x5,x12	  x5:0x7fc00000 x12:0x00000001  x1=0x00000000
      80575.000 ns	      8056	80001d68	d00b73d3	fcvt.s.w	f7,x22	 x22:0x00000000  f7=0x00000000
      80605.000 ns	      8059	80001d6c	038fef33	rem	x30,x31,x24	 x31:0x00000000 x24:0x00000000 x30=0x00000000
      80975.000 ns	      8096	80001d70	035f4b33	div	x22,x30,x21	 x30:0x00000000 x21:0xfff7bfec x22=0x00000000
      81005.000 ns	      8099	80001d74	038d0c33	mul	x24,x26,x24	 x26:0x00000000 x24:0x00000000 x24=0x00000000
      81025.000 ns	      8101	80001d78	81d47d17	auipc	x26,0x81d47	 x26=0x01d48d78
      81045.000 ns	      8103	80001d7c	284d17d3	fmax.s	f15,f26,f4	 f26:0x7fc00000  f4:0x4eeac300 f15=0x4eeac300
      81065.000 ns	      8105	80001d80	01445033	srl	x0,x8,x20	  x8:0x00001000 x20:0xfffff80b
      81085.000 ns	      8107	80001d84	021ee7b3	rem	x15,x29,x1	 x29:0x00000000  x1:0x00000000 x15=0x00000000
      81125.000 ns	      8111	80001d88	180b7f53	fdiv.s	f30,f22,f0	 f22:0x7fc00000  f0:0xffe60c00 f30=0x7fc00000
      81145.000 ns	      8113	80001d8c	012464b3	or	x9,x8,x18	  x8:0x00001000 x18:0x80041024  x9=0x80041024
      81155.000 ns	      8114	80001d90	3bb47e13	andi	x28,x8,955	  x8:0x00001000 x28=0x00000000
      81175.000 ns	      8116	80001d94	d008f353	fcvt.s.w	f6,x17	 x17:0x0fffffff  f6=0x4d7fffff
      81205.000 ns	      8119	80001d98	d013c453	fcvt.s.wu	f8,x7	  x7:0x000003ef  f8=0x447bc000
      81225.000 ns	      8121	80001d9c	34ab0a93	addi	x21,x22,842	 x22:0x00000000 x21=0x0000034a
      81235.000 ns	      8122	80001da0	40b5d393	srai	x7,x11,0xb	 x11:0x00000000  x7=0x00000000
      81245.000 ns	      8123	80001da4	009cd993	srli	x19,x25,0x9	 x25:0x00000000 x19=0x00000000
      81605.000 ns	      8159	80001da8	02437cb3	remu	x25,x6,x4	  x6:0x00008000  x4:0xfffffa07 x25=0x00008000
      81625.000 ns	      8161	80001dac	00547633	and	x12,x8,x5	  x8:0x00001000  x5:0x7fc00000 x12=0x00000000
      81635.000 ns	      8162	80001db0	018c2cb3	slt	x25,x24,x24	 x24:0x00000000 x24:0x00000000 x25=0x00000000
      81655.000 ns	      8164	80001db4	03c5c633	div	x12,x11,x28	 x11:0x00000000 x28:0x00000000 x12=0xffffffff
      81675.000 ns	      8166	80001db8	0025e033	or	x0,x11,x2	 x11:0x00000000  x2:0x00000001
      81695.000 ns	      8168	80001dbc	28b40fd3	fmin.s	f31,f8,f11	  f8:0x447bc000 f11:0x00000000 f31=0x00000000
      81715.000 ns	      8170	80001dc0	da44f2b7	lui	x5,0xda44f	  x5=0xda44f000
      81735.000 ns	      8172	80001dc4	21f01b53	fsgnjn.s	f22,f0,f31	  f0:0xffe60c00 f31:0x00000000 f22=0xffe60c00
      81755.000 ns	      8174	80001dc8	00b5b333	sltu	x6,x11,x11	 x11:0x00000000 x11:0x00000000  x6=0x00000000
      81765.000 ns	      8175	80001dcc	00969cb3	sll	x25,x13,x9	 x13:0x00000000  x9:0x80041024 x25=0x00000000
      81785.000 ns	      8177	80001dd0	c01f4d53	fcvt.wu.s	x26,f30	 f30:0x7fc00000 x26=0xffffffff
      81805.000 ns	      8179	80001dd4	fdf3c493	xori	x9,x7,-33	  x7:0x00000000  x9=0xffffffdf
      81815.000 ns	      8180	80001dd8	00cc47b3	xor	x15,x24,x12	 x24:0x00000000 x12:0xffffffff x15=0xffffffff
      81835.000 ns	      8182	80001ddc	f0088a53	fmv.w.x	f20,x17	 x17:0x0fffffff f20=0x0fffffff
      81865.000 ns	      8185	80001de0	f00e02d3	fmv.w.x	f5,x28	 x28:0x00000000  f5=0x00000000
      81885.000 ns	      8187	80001de4	01a78a33	add	x20,x15,x26	 x15:0xffffffff x26:0xffffffff x20=0xfffffffe
      81905.000 ns	      8189	80001de8	e0018553	fmv.x.w	x10,f3	  f3:0x4eeac302 x10=0x4eeac302
      81925.000 ns	      8191	80001dec	405857b3	sra	x15,x16,x5	 x16:0x00000040  x5:0xda44f000 x15=0x00000040
      82285.000 ns	      8227	80001df0	03a36eb3	rem	x29,x6,x26	  x6:0x00000000 x26:0xffffffff x29=0x00000000
      82305.000 ns	      8229	80001df4	01807233	and	x4,x0,x24	  x0:0x00000000 x24:0x00000000  x4=0x00000000
      82315.000 ns	      8230	80001df8	00831f13	slli	x30,x6,0x8	  x6:0x00000000 x30=0x00000000
      82335.000 ns	      8232	80001dfc	02a01a33	mulh	x20,x0,x10	  x0:0x00000000 x10:0x4eeac302 x20=0x00000000
      82355.000 ns	      8234	80001e00	40f7d513	srai	x10,x15,0xf	 x15:0x00000040 x10=0x00000000
      82365.000 ns	      8235	80001e04	40acdc33	sra	x24,x25,x10	 x25:0x00000000 x10:0x4eeac302 x24=0x00000000
      82385.000 ns	      8237	80001e08	200cafd3	fsgnjx.s	f31,f25,f0	 f25:0x7fc00000  f0:0xffe60c00 f31=0xffc00000
      82415.000 ns	      8240	80001e0c	d011b753	fcvt.s.wu	f14,x3	  x3:0x00000000 f14=0x00000000
      82435.000 ns	      8242	80001e10	004c9413	slli	x8,x25,0x4	 x25:0x00000000  x8=0x00000000
      82795.000 ns	      8278	80001e14	025de0b3	rem	x1,x27,x5	 x27:0x80041024  x5:0xda44f000  x1=0xf1354024
      82825.000 ns	      8281	80001e18	02ac57b3	divu	x15,x24,x10	 x24:0x00000000 x10:0x00000000 x15=0xffffffff
      82845.000 ns	      8283	80001e1c	40bcdc33	sra	x24,x25,x11	 x25:0x00000000 x11:0x00000000 x24=0x00000000
      82865.000 ns	      8285	80001e20	028c7e33	remu	x28,x24,x8	 x24:0x00000000  x8:0x00000000 x28=0x00000000
      82885.000 ns	      8287	80001e24	6a3f3393	sltiu	x7,x30,1699	 x30:0x00000000  x7=0x00000001
      82905.000 ns	      8289	80001e28	28e48453	fmin.s	f8,f9,f14	  f9:0x7fc00000 f14:0x00000000  f8=0x00000000
      82935.000 ns	      8292	80001e2c	a15daad3	feq.s	x21,f27,f21	 f27:0x00000000 f21:0x7fc00000 x21=0x00000000
      83305.000 ns	      8329	80001e30	02507233	remu	x4,x0,x5	  x0:0x00000000  x5:0xda44f000  x4=0x00000000
      83355.000 ns	      8334	80001e34	08777253	fsub.s	f4,f14,f7	 f14:0x00000000  f7:0x00000000  f4=0x80000000
      83385.000 ns	      8337	80001e38	f0020353	fmv.w.x	f6,x4	  x4:0x00000000  f6=0x00000000
      83415.000 ns	      8340	80001e3c	210513d3	fsgnjn.s	f7,f10,f16	 f10:0x00000000 f16:0x7fc00000  f7=0x80000000
      83435.000 ns	      8342	80001e40	00000013	addi	x0,x0,0	  x0:0x00000000
      83455.000 ns	      8344	80001e44	d0052cd3	fcvt.s.w	f25,x10	 x10:0x00000000 f25=0x00000000
      83495.000 ns	      8348	80001e48	11307f53	fmul.s	f30,f0,f19	  f0:0xffe60c00 f19:0x1f350483 f30=0x7fc00000
      83865.000 ns	      8385	80001e4c	02e87833	remu	x16,x16,x14	 x16:0x00000040 x14:0x80000000 x16=0x00000040
      83895.000 ns	      8388	80001e50	a0cf2d53	feq.s	x26,f30,f12	 f30:0x7fc00000 f12:0x1f35050a x26=0x00000000
      83915.000 ns	      8390	80001e54	00af3cb3	sltu	x25,x30,x10	 x30:0x00000000 x10:0x00000000 x25=0x00000000
      83935.000 ns	      8392	80001e58	c00dffd3	fcvt.w.s	x31,f27	 f27:0x00000000 x31=0x00000000
      83955.000 ns	      8394	80001e5c	410b5c93	srai	x25,x22,0x10	 x22:0x00000000 x25=0x00000000
      83975.000 ns	      8396	80001e60	020a08b3	mul	x17,x20,x0	 x20:0x00000000  x0:0x00000000 x17=0x00000000
      84005.000 ns	      8399	80001e64	c00f7553	fcvt.w.s	x10,f30	 f30:0x7fc00000 x10=0x7fffffff
      84025.000 ns	      8401	80001e68	41278cb3	sub	x25,x15,x18	 x15:0xffffffff x18:0x80041024 x25=0x7ffbefdb
      84035.000 ns	      8402	80001e6c	014fdcb3	srl	x25,x31,x20	 x31:0x00000000 x20:0x00000000 x25=0x00000000
      84055.000 ns	      8404	80001e70	c0107cd3	fcvt.wu.s	x25,f0	  f0:0xffe60c00 x25=0xffffffff
      84075.000 ns	      8406	80001e74	f7043013	sltiu	x0,x8,-144	  x8:0x00000000
      84085.000 ns	      8407	80001e78	41915a93	srai	x21,x2,0x19	  x2:0x00000001 x21=0x00000000
      84115.000 ns	      8410	80001e7c	18249a53	fdiv.s	f20,f9,f2	  f9:0x7fc00000  f2:0x7fc00000 f20=0x7fc00000
      84135.000 ns	      8412	80001e80	fe22af13	slti	x30,x5,-30	  x5:0xda44f000 x30=0x00000001
      84155.000 ns	      8414	80001e84	20a99ed3	fsgnjn.s	f29,f19,f10	 f19:0x1f350483 f10:0x00000000 f29=0x9f350483
      84175.000 ns	      8416	80001e88	40605333	sra	x6,x0,x6	  x0:0x00000000  x6:0x00000000  x6=0x00000000
      84185.000 ns	      8417	80001e8c	41b20b33	sub	x22,x4,x27	  x4:0x00000000 x27:0x80041024 x22=0x7ffbefdc
      84195.000 ns	      8418	80001e90	4145d613	srai	x12,x11,0x14	 x11:0x00000000 x12=0x00000000
      84205.000 ns	      8419	80001e94	4130d0b3	sra	x1,x1,x19	  x1:0xf1354024 x19:0x00000000  x1=0xf1354024
      84215.000 ns	      8420	80001e98	fd1f8093	addi	x1,x31,-47	 x31:0x00000000  x1=0xffffffd1
      84225.000 ns	      8421	80001e9c	00e4cc33	xor	x24,x9,x14	  x9:0xffffffdf x14:0x80000000 x24=0x7fffffdf
      84235.000 ns	      8422	80001ea0	1ab147b7	lui	x15,0x1ab14	 x15=0x1ab14000
      84265.000 ns	      8425	80001ea4	580e7fd3	fsqrt.s	f31,f28	 f28:0x00000000 f31=0x00000000
      84295.000 ns	      8428	80001ea8	a0868653	fle.s	x12,f13,f8	 f13:0x4d800000  f8:0x00000000 x12=0x00000000
      84315.000 ns	      8430	80001eac	1c99fb37	lui	x22,0x1c99f	 x22=0x1c99f000
      84335.000 ns	      8432	80001eb0	02d39c33	mulh	x24,x7,x13	  x7:0x00000001 x13:0x00000000 x24=0x00000000
      84355.000 ns	      8434	80001eb4	40c00a33	sub	x20,x0,x12	  x0:0x00000000 x12:0x00000000 x20=0x00000000
      84375.000 ns	      8436	80001eb8	28b58dd3	fmin.s	f27,f11,f11	 f11:0x00000000 f11:0x00000000 f27=0x00000000
      84395.000 ns	      8438	80001ebc	010da133	slt	x2,x27,x16	 x27:0x80041024 x16:0x00000040  x2=0x00000001
      84415.000 ns	      8440	80001ec0	21802ed3	fsgnjx.s	f29,f0,f24	  f0:0xffe60c00 f24:0xffc00000 f29=0x7fe60c00
      84445.000 ns	      8443	80001ec4	289e93d3	fmax.s	f7,f29,f9	 f29:0x9f350483  f9:0x7fc00000  f7=0x7fc00000
      84485.000 ns	      8447	80001ec8	106908d3	fmul.s	f17,f18,f6	 f18:0x7fc00000  f6:0x00000000 f17=0x7fc00000
      84515.000 ns	      8450	80001ecc	02ee0ab3	mul	x21,x28,x14	 x28:0x00000000 x14:0x80000000 x21=0x00000000
      84545.000 ns	      8453	80001ed0	d0007853	fcvt.s.w	f16,x0	  x0:0x00000000 f16=0x00000000
      84575.000 ns	      8456	80001ed4	2038a953	fsgnjx.s	f18,f17,f3	 f17:0x7fc00000  f3:0x4eeac302 f18=0x7fc00000
      84605.000 ns	      8459	80001ed8	a179a453	feq.s	x8,f19,f23	 f19:0x1f350483 f23:0x1f35050a  x8=0x00000000
      84635.000 ns	      8462	80001edc	e00e98d3	fclass.s	x17,f29	 f29:0x7fe60c00 x17=0x00000200
      84665.000 ns	      8465	80001ee0	03f28f33	mul	x30,x5,x31	  x5:0xda44f000 x31:0x00000000 x30=0x00000000
      84695.000 ns	      8468	80001ee4	f00f0453	fmv.w.x	f8,x30	 x30:0x00000001  f8=0x00000000
      84715.000 ns	      8470	80001ee8	41945513	srai	x10,x8,0x19	  x8:0x00000000 x10=0x00000000
      84735.000 ns	      8472	80001eec	a0e42c53	feq.s	x24,f8,f14	  f8:0x00000000 f14:0x00000000 x24=0x00000001
      84755.000 ns	      8474	80001ef0	419486b3	sub	x13,x9,x25	  x9:0xffffffdf x25:0xffffffff x13=0xffffffe0
      84785.000 ns	      8477	80001ef4	58057bd3	fsqrt.s	f23,f10	 f10:0x00000000 f23=0x00000000
      84805.000 ns	      8479	80001ef8	010970b3	and	x1,x18,x16	 x18:0x80041024 x16:0x00000040  x1=0x00000000
      84815.000 ns	      8480	80001efc	d8d40693	addi	x13,x8,-627	  x8:0x00000000 x13=0xfffffd8d
      84825.000 ns	      8481	80001f00	a22013b7	lui	x7,0xa2201	  x7=0xa2201000
      84835.000 ns	      8482	80001f04	b7e0b113	sltiu	x2,x1,-1154	  x1:0x00000000  x2=0x00000001
      84855.000 ns	      8484	80001f08	023996b3	mulh	x13,x19,x3	 x19:0x00000000  x3:0x00000000 x13=0x00000000
      84905.000 ns	      8489	80001f0c	0092f0d3	fadd.s	f1,f5,f9	  f5:0x00000000  f9:0x7fc00000  f1=0x7fc00000
      84935.000 ns	      8492	80001f10	29b48353	fmin.s	f6,f9,f27	  f9:0x7fc00000 f27:0x00000000  f6=0x00000000
      84965.000 ns	      8495	80001f14	d0173453	fcvt.s.wu	f8,x14	 x14:0x80000000  f8=0x4f000000
      84985.000 ns	      8497	80001f18	4dbce293	ori	x5,x25,1243	 x25:0xffffffff  x5=0xffffffff
      85345.000 ns	      8533	80001f1c	02ea6b33	rem	x22,x20,x14	 x20:0x00000000 x14:0x80000000 x22=0x00000000
      85375.000 ns	      8536	80001f20	c010cf53	fcvt.wu.s	x30,f1	  f1:0x7fc00000 x30=0xffffffff
      85425.000 ns	      8541	80001f24	0925bdd3	fsub.s	f27,f11,f18	 f11:0x00000000 f18:0x7fc00000 f27=0x7fc00000
      85455.000 ns	      8544	80001f28	e00318d3	fclass.s	x17,f6	  f6:0x00000000 x17=0x00000010
      85475.000 ns	      8546	80001f2c	1dc58017	auipc	x0,0x1dc58	
      85485.000 ns	      8547	80001f30	40bbd893	srai	x17,x23,0xb	 x23:0x80040fe4 x17=0xfff00081
      85505.000 ns	      8549	80001f34	02b87233	remu	x4,x16,x11	 x16:0x00000040 x11:0x00000000  x4=0x00000040
      85555.000 ns	      8554	80001f38	098df0d3	fsub.s	f1,f27,f24	 f27:0x7fc00000 f24:0xffc00000  f1=0x7fc00000
      85585.000 ns	      8557	80001f3c	287d15d3	fmax.s	f11,f26,f7	 f26:0x7fc00000  f7:0x7fc00000 f11=0x7fc00000
      85605.000 ns	      8559	80001f40	01e7b8b3	sltu	x17,x15,x30	 x15:0x1ab14000 x30:0xffffffff x17=0x00000001
      85625.000 ns	      8561	80001f44	024136b3	mulhu	x13,x2,x4	  x2:0x00000001  x4:0x00000040 x13=0x00000000
      85645.000 ns	      8563	80001f48	002bddb3	srl	x27,x23,x2	 x23:0x80040fe4  x2:0x00000001 x27=0x400207f2
      85655.000 ns	      8564	80001f4c	40ba52b3	sra	x5,x20,x11	 x20:0x00000000 x11:0x00000000  x5=0x00000000
      85665.000 ns	      8565	80001f50	015a0833	add	x16,x20,x21	 x20:0x00000000 x21:0x00000000 x16=0x00000000
      85685.000 ns	      8567	80001f54	037aa3b3	mulhsu	x7,x21,x23	 x21:0x00000000 x23:0x80040fe4  x7=0x00000000
      85715.000 ns	      8570	80001f58	f0010c53	fmv.w.x	f24,x2	  x2:0x00000001 f24=0x00000001
      85735.000 ns	      8572	80001f5c	12d28a17	auipc	x20,0x12d28	 x20=0x92d29f5c
      85755.000 ns	      8574	80001f60	035c9c33	mulh	x24,x25,x21	 x25:0xffffffff x21:0x00000000 x24=0x00000000
      85775.000 ns	      8576	80001f64	00000013	addi	x0,x0,0	  x0:0x00000000
      85785.000 ns	      8577	80001f68	ff1c8d13	addi	x26,x25,-15	 x25:0xffffffff x26=0xfffffff0
      85795.000 ns	      8578	80001f6c	01fe5593	srli	x11,x28,0x1f	 x28:0x00000000 x11=0x00000000
      85815.000 ns	      8580	80001f70	e0081853	fclass.s	x16,f16	 f16:0x00000000 x16=0x00000010
      85835.000 ns	      8582	80001f74	771774b7	lui	x9,0x77177	  x9=0x77177000
      85845.000 ns	      8583	80001f78	0152c333	xor	x6,x5,x21	  x5:0x00000000 x21:0x00000000  x6=0x00000000
      85855.000 ns	      8584	80001f7c	417a05b3	sub	x11,x20,x23	 x20:0x92d29f5c x23:0x80040fe4 x11=0x12ce8f78
      85895.000 ns	      8588	80001f80	08dd7bd3	fsub.s	f23,f26,f13	 f26:0x7fc00000 f13:0x4d800000 f23=0x7fc00000
      85925.000 ns	      8591	80001f84	282613d3	fmax.s	f7,f12,f2	 f12:0x1f35050a  f2:0x7fc00000  f7=0x1f35050a
      85955.000 ns	      8594	80001f88	e00f07d3	fmv.x.w	x15,f30	 f30:0x7fc00000 x15=0x7fc00000
      85985.000 ns	      8597	80001f8c	033dfcb3	remu	x25,x27,x19	 x27:0x400207f2 x19:0x00000000 x25=0x400207f2
      86015.000 ns	      8600	80001f90	f00308d3	fmv.w.x	f17,x6	  x6:0x00000000 f17=0x00000000
      86055.000 ns	      8604	80001f94	110ca053	fmul.s	f0,f25,f16	 f25:0x00000000 f16:0x00000000  f0=0x00000000
      86075.000 ns	      8606	80001f98	00000013	addi	x0,x0,0	  x0:0x00000000
      86095.000 ns	      8608	80001f9c	d0004ad3	fcvt.s.w	f21,x0	  x0:0x00000000 f21=0x00000000
      86115.000 ns	      8610	80001fa0	01ab1513	slli	x10,x22,0x1a	 x22:0x00000000 x10=0x00000000
      86135.000 ns	      8612	80001fa4	a0bc2ed3	feq.s	x29,f24,f11	 f24:0x00000001 f11:0x7fc00000 x29=0x00000000
      86155.000 ns	      8614	80001fa8	01154a33	xor	x20,x10,x17	 x10:0x00000000 x17:0x00000001 x20=0x00000001
      86165.000 ns	      8615	80001fac	0196afb3	slt	x31,x13,x25	 x13:0x00000000 x25:0x400207f2 x31=0x00000001
      86175.000 ns	      8616	80001fb0	40975993	srai	x19,x14,0x9	 x14:0x80000000 x19=0xffc00000
      86185.000 ns	      8617	80001fb4	001b6e33	or	x28,x22,x1	 x22:0x00000000  x1:0x00000000 x28=0x00000000
      86195.000 ns	      8618	80001fb8	59832d13	slti	x26,x6,1432	  x6:0x00000000 x26=0x00000001
      86215.000 ns	      8620	80001fbc	d0148dd3	fcvt.s.wu	f27,x9	  x9:0x77177000 f27=0x4eee2ee0
      86235.000 ns	      8622	80001fc0	897ec997	auipc	x19,0x897ec	 x19=0x097edfc0
      86255.000 ns	      8624	80001fc4	29339353	fmax.s	f6,f7,f19	  f7:0x1f35050a f19:0x1f350483  f6=0x1f35050a
      86625.000 ns	      8661	80001fc8	037ccab3	div	x21,x25,x23	 x25:0x400207f2 x23:0x80040fe4 x21=0x00000000
      86645.000 ns	      8663	80001fcc	0164d9b3	srl	x19,x9,x22	  x9:0x77177000 x22:0x00000000 x19=0x77177000
      86655.000 ns	      8664	80001fd0	01713ab3	sltu	x21,x2,x23	  x2:0x00000001 x23:0x80040fe4 x21=0x00000001
      86675.000 ns	      8666	80001fd4	c00f7053	fcvt.w.s	x0,f30	 f30:0x7fc00000
      86705.000 ns	      8669	80001fd8	20daae53	fsgnjx.s	f28,f21,f13	 f21:0x00000000 f13:0x4d800000 f28=0x00000000
      86725.000 ns	      8671	80001fdc	00b84833	xor	x16,x16,x11	 x16:0x00000010 x11:0x12ce8f78 x16=0x12ce8f68
      86745.000 ns	      8673	80001fe0	a0a39653	flt.s	x12,f7,f10	  f7:0x1f35050a f10:0x00000000 x12=0x00000000
      86775.000 ns	      8676	80001fe4	a1a98b53	fle.s	x22,f19,f26	 f19:0x1f350483 f26:0x7fc00000 x22=0x00000000
      86805.000 ns	      8679	80001fe8	a0c983d3	fle.s	x7,f19,f12	 f19:0x1f350483 f12:0x1f35050a  x7=0x00000001
      86825.000 ns	      8681	80001fec	00031c13	slli	x24,x6,0x0	  x6:0x00000000 x24=0x00000000
      86845.000 ns	      8683	80001ff0	02a685b3	mul	x11,x13,x10	 x13:0x00000000 x10:0x00000000 x11=0x00000000
      86865.000 ns	      8685	80001ff4	9977ab13	slti	x22,x15,-1641	 x15:0x7fc00000 x22=0x00000000
      86885.000 ns	      8687	80001ff8	d01f0d53	fcvt.s.wu	f26,x30	 x30:0xffffffff f26=0x4f800000
      86905.000 ns	      8689	80001ffc	003ed4b3	srl	x9,x29,x3	 x29:0x00000000  x3:0x00000000  x9=0x00000000
      86925.000 ns	      8691	80002000	d00e9ad3	fcvt.s.w	f21,x29	 x29:0x00000000 f21=0x00000000
      86955.000 ns	      8694	80002004	a05a9153	flt.s	x2,f21,f5	 f21:0x00000000  f5:0x00000000  x2=0x00000000
      86975.000 ns	      8696	80002008	0111d7b3	srl	x15,x3,x17	  x3:0x00000000 x17:0x00000001 x15=0x00000000
      86995.000 ns	      8698	8000200c	03789533	mulh	x10,x17,x23	 x17:0x00000001 x23:0x80040fe4 x10=0xffffffff
      87025.000 ns	      8701	80002010	03b199b3	mulh	x19,x3,x27	  x3:0x00000000 x27:0x400207f2 x19=0x00000000
      87045.000 ns	      8703	80002014	cda2c213	xori	x4,x5,-806	  x5:0x00000000  x4=0xfffffcda
      87085.000 ns	      8707	80002018	08eb75d3	fsub.s	f11,f22,f14	 f22:0xffe60c00 f14:0x00000000 f11=0x7fc00000
      87115.000 ns	      8710	8000201c	026b4cb3	div	x25,x22,x6	 x22:0x00000000  x6:0x00000000 x25=0xffffffff
      87135.000 ns	      8712	80002020	001640b3	xor	x1,x12,x1	 x12:0x00000000  x1:0x00000000  x1=0x00000000
      87495.000 ns	      8748	80002024	027e7a33	remu	x20,x28,x7	 x28:0x00000000  x7:0x00000001 x20=0x00000000
      87865.000 ns	      8785	80002028	02e47db3	remu	x27,x8,x14	  x8:0x00000000 x14:0x80000000 x27=0x00000000
      87885.000 ns	      8787	8000202c	ebb2ad13	slti	x26,x5,-325	  x5:0x00000000 x26=0x00000000
      87895.000 ns	      8788	80002030	efcb5097	auipc	x1,0xefcb5	  x1=0x6fcb7030
      87935.000 ns	      8792	80002034	0191ffd3	fadd.s	f31,f3,f25	  f3:0x4eeac302 f25:0x00000000 f31=0x4eeac302
      87975.000 ns	      8796	80002038	580872d3	fsqrt.s	f5,f16	 f16:0x00000000  f5=0x00000000
      87995.000 ns	      8798	8000203c	ad0ae513	ori	x10,x21,-1328	 x21:0x00000001 x10=0xfffffad1
      88015.000 ns	      8800	80002040	02fafb33	remu	x22,x21,x15	 x21:0x00000001 x15:0x00000000 x22=0x00000001
      88045.000 ns	      8803	80002044	20712ed3	fsgnjx.s	f29,f2,f7	  f2:0x7fc00000  f7:0x1f35050a f29=0x7fc00000
      88075.000 ns	      8806	80002048	a1d41553	flt.s	x10,f8,f29	  f8:0x4f000000 f29:0x7fe60c00 x10=0x00000000
      88095.000 ns	      8808	8000204c	a6898193	addi	x3,x19,-1432	 x19:0x00000000  x3=0xfffffa68
      88105.000 ns	      8809	80002050	008dd893	srli	x17,x27,0x8	 x27:0x00000000 x17=0x00000000
      88115.000 ns	      8810	80002054	012b06b3	add	x13,x22,x18	 x22:0x00000001 x18:0x80041024 x13=0x80041025
      88135.000 ns	      8812	80002058	02a15533	divu	x10,x2,x10	  x2:0x00000000 x10:0x00000000 x10=0xffffffff
      88155.000 ns	      8814	8000205c	01915593	srli	x11,x2,0x19	  x2:0x00000000 x11=0x00000000
      88175.000 ns	      8816	80002060	026a8b33	mul	x22,x21,x6	 x21:0x00000001  x6:0x00000000 x22=0x00000000
      88205.000 ns	      8819	80002064	e0008d53	fmv.x.w	x26,f1	  f1:0x7fc00000 x26=0x7fc00000
      88235.000 ns	      8822	80002068	e00996d3	fclass.s	x13,f19	 f19:0x1f350483 x13=0x00000040
      88255.000 ns	      8824	8000206c	00f49c33	sll	x24,x9,x15	  x9:0x00000000 x15:0x00000000 x24=0x00000000
      88275.000 ns	      8826	80002070	206f8c53	fsgnj.s	f24,f31,f6	 f31:0x4eeac302  f6:0x1f35050a f24=0x4eeac302
      88295.000 ns	      8828	80002074	000716b3	sll	x13,x14,x0	 x14:0x80000000  x0:0x00000000 x13=0x80000000
      88305.000 ns	      8829	80002078	00000013	addi	x0,x0,0	  x0:0x00000000
      88315.000 ns	      8830	8000207c	01aaf6b3	and	x13,x21,x26	 x21:0x00000001 x26:0x7fc00000 x13=0x00000000
      88335.000 ns	      8832	80002080	025e2c33	mulhsu	x24,x28,x5	 x28:0x00000000  x5:0x00000000 x24=0x00000000
      88355.000 ns	      8834	80002084	7c456113	ori	x2,x10,1988	 x10:0xffffffff  x2=0xffffffff
      88375.000 ns	      8836	80002088	f0000353	fmv.w.x	f6,x0	  x0:0x00000000  f6=0x00000000
      88745.000 ns	      8873	8000208c	039369b3	rem	x19,x6,x25	  x6:0x00000000 x25:0xffffffff x19=0x00000000
      88775.000 ns	      8876	80002090	210e1c53	fsgnjn.s	f24,f28,f16	 f28:0x00000000 f16:0x00000000 f24=0x80000000
      88805.000 ns	      8879	80002094	e0068ed3	fmv.x.w	x29,f13	 f13:0x4d800000 x29=0x4d800000
      88835.000 ns	      8882	80002098	20fd25d3	fsgnjx.s	f11,f26,f15	 f26:0x4f800000 f15:0x4eeac300 f11=0x4f800000
      88865.000 ns	      8885	8000209c	a12700d3	fle.s	x1,f14,f18	 f14:0x00000000 f18:0x7fc00000  x1=0x00000000
      88895.000 ns	      8888	800020a0	038dce33	div	x28,x27,x24	 x27:0x00000000 x24:0x00000000 x28=0xffffffff
      88915.000 ns	      8890	800020a4	00a4cab3	xor	x21,x9,x10	  x9:0x00000000 x10:0xffffffff x21=0xffffffff
      88935.000 ns	      8892	800020a8	21ef9853	fsgnjn.s	f16,f31,f30	 f31:0x4eeac302 f30:0x7fc00000 f16=0xceeac302
      89305.000 ns	      8929	800020ac	02316a33	rem	x20,x2,x3	  x2:0xffffffff  x3:0xfffffa68 x20=0xffffffff
      89325.000 ns	      8931	800020b0	00000013	addi	x0,x0,0	  x0:0x00000000
      89335.000 ns	      8932	800020b4	00ca06b3	add	x13,x20,x12	 x20:0xffffffff x12:0x00000000 x13=0xffffffff
      89355.000 ns	      8934	800020b8	a04317d3	flt.s	x15,f6,f4	  f6:0x00000000  f4:0x80000000 x15=0x00000000
      89375.000 ns	      8936	800020bc	00afdd33	srl	x26,x31,x10	 x31:0x00000001 x10:0xffffffff x26=0x00000000
      89385.000 ns	      8937	800020c0	01805a33	srl	x20,x0,x24	  x0:0x00000000 x24:0x00000000 x20=0x00000000
      89395.000 ns	      8938	800020c4	010e89b3	add	x19,x29,x16	 x29:0x4d800000 x16:0x12ce8f68 x19=0x604e8f68
      89435.000 ns	      8942	800020c8	08fd78d3	fsub.s	f17,f26,f15	 f26:0x4f800000 f15:0x4eeac300 f17=0x4f0a9e80
      89465.000 ns	      8945	800020cc	d0182ad3	fcvt.s.wu	f21,x16	 x16:0x12ce8f68 f21=0x4d96747c
      89485.000 ns	      8947	800020d0	01936033	or	x0,x6,x25	  x6:0x00000000 x25:0xffffffff
      89495.000 ns	      8948	800020d4	016ea7b3	slt	x15,x29,x22	 x29:0x4d800000 x22:0x00000000 x15=0x00000000
      89505.000 ns	      8949	800020d8	01678cb3	add	x25,x15,x22	 x15:0x00000000 x22:0x00000000 x25=0x00000000
      89515.000 ns	      8950	800020dc	002f4a33	xor	x20,x30,x2	 x30:0xffffffff  x2:0xffffffff x20=0x00000000
      89535.000 ns	      8952	800020e0	e00d1853	fclass.s	x16,f26	 f26:0x4f800000 x16=0x00000040
      89575.000 ns	      8956	800020e4	580c2a53	fsqrt.s	f20,f24	 f24:0x80000000 f20=0x80000000
      89595.000 ns	      8958	800020e8	003d9813	slli	x16,x27,0x3	 x27:0x00000000 x16=0x00000000
      89615.000 ns	      8960	800020ec	e00486d3	fmv.x.w	x13,f9	  f9:0x7fc00000 x13=0x7fc00000
      89645.000 ns	      8963	800020f0	209a2c53	fsgnjx.s	f24,f20,f9	 f20:0x80000000  f9:0x7fc00000 f24=0x80000000
      89665.000 ns	      8965	800020f4	9c83ca93	xori	x21,x7,-1592	  x7:0x00000001 x21=0xfffff9c9
      89705.000 ns	      8969	800020f8	094677d3	fsub.s	f15,f12,f20	 f12:0x1f35050a f20:0x80000000 f15=0x1f35050a
      89735.000 ns	      8972	800020fc	03698233	mul	x4,x19,x22	 x19:0x604e8f68 x22:0x00000000  x4=0x00000000
      89755.000 ns	      8974	80002100	c29bbf93	sltiu	x31,x23,-983	 x23:0x80040fe4 x31=0x00000001
      89765.000 ns	      8975	80002104	419d5613	srai	x12,x26,0x19	 x26:0x00000000 x12=0x00000000
      90125.000 ns	      9011	80002108	02d34033	div	x0,x6,x13	  x6:0x00000000 x13:0x7fc00000
      90145.000 ns	      9013	8000210c	b030f317	auipc	x6,0xb030f	  x6=0x3031110c
      90155.000 ns	      9014	80002110	02a73693	sltiu	x13,x14,42	 x14:0x80000000 x13=0x00000000
      90175.000 ns	      9016	80002114	030c0d33	mul	x26,x24,x16	 x24:0x00000000 x16:0x00000000 x26=0x00000000
      90195.000 ns	      9018	80002118	01d3c8b3	xor	x17,x7,x29	  x7:0x00000001 x29:0x4d800000 x17=0x4d800001
      90205.000 ns	      9019	8000211c	1d6beb37	lui	x22,0x1d6be	 x22=0x1d6be000
      90215.000 ns	      9020	80002120	3569f613	andi	x12,x19,854	 x19:0x604e8f68 x12=0x00000340
      90235.000 ns	      9022	80002124	e00d9253	fclass.s	x4,f27	 f27:0x4eee2ee0  x4=0x00000040
      90255.000 ns	      9024	80002128	01a6edb3	or	x27,x13,x26	 x13:0x00000000 x26:0x00000000 x27=0x00000000
      90265.000 ns	      9025	8000212c	ee440313	addi	x6,x8,-284	  x8:0x00000000  x6=0xfffffee4
      90285.000 ns	      9027	80002130	0286a3b3	mulhsu	x7,x13,x8	 x13:0x00000000  x8:0x00000000  x7=0x00000000
      90655.000 ns	      9064	80002134	032a6033	rem	x0,x20,x18	 x20:0x00000000 x18:0x80041024
      90685.000 ns	      9067	80002138	28711153	fmax.s	f2,f2,f7	  f2:0x7fc00000  f7:0x1f35050a  f2=0x1f35050a
      90715.000 ns	      9070	8000213c	21a9a7d3	fsgnjx.s	f15,f19,f26	 f19:0x1f350483 f26:0x4f800000 f15=0x1f350483
      90735.000 ns	      9072	80002140	00ddecb3	or	x25,x27,x13	 x27:0x00000000 x13:0x00000000 x25=0x00000000
      90745.000 ns	      9073	80002144	01a04d33	xor	x26,x0,x26	  x0:0x00000000 x26:0x00000000 x26=0x00000000
      90755.000 ns	      9074	80002148	3eb4b093	sltiu	x1,x9,1003	  x9:0x00000000  x1=0x00000001
      90775.000 ns	      9076	8000214c	c01a4c53	fcvt.wu.s	x24,f20	 f20:0x80000000 x24=0x00000000
      90795.000 ns	      9078	80002150	57abbd13	sltiu	x26,x23,1402	 x23:0x80040fe4 x26=0x00000000
      90815.000 ns	      9080	80002154	a0dc9453	flt.s	x8,f25,f13	 f25:0x00000000 f13:0x4d800000  x8=0x00000001
      90845.000 ns	      9083	80002158	29ee0cd3	fmin.s	f25,f28,f30	 f28:0x00000000 f30:0x7fc00000 f25=0x00000000
      91215.000 ns	      9120	8000215c	0249cfb3	div	x31,x19,x4	 x19:0x604e8f68  x4:0x00000040 x31=0x01813a3d
      91585.000 ns	      9157	80002160	03e068b3	rem	x17,x0,x30	  x0:0x00000000 x30:0xffffffff x17=0x00000000
      91605.000 ns	      9159	80002164	40348a33	sub	x20,x9,x3	  x9:0x00000000  x3:0xfffffa68 x20=0x00000598
      91615.000 ns	      9160	80002168	b8ffb113	sltiu	x2,x31,-1137	 x31:0x01813a3d  x2=0x00000001
      91625.000 ns	      9161	8000216c	38d80193	addi	x3,x16,909	 x16:0x00000000  x3=0x0000038d
      91635.000 ns	      9162	80002170	404e5a33	sra	x20,x28,x4	 x28:0xffffffff  x4:0x00000040 x20=0xffffffff
      91655.000 ns	      9164	80002174	0319edb3	rem	x27,x19,x17	 x19:0x604e8f68 x17:0x00000000 x27=0x604e8f68
      91675.000 ns	      9166	80002178	007274b3	and	x9,x4,x7	  x4:0x00000040  x7:0x00000000  x9=0x00000000
      91695.000 ns	      9168	8000217c	a14f17d3	flt.s	x15,f30,f20	 f30:0x7fc00000 f20:0x80000000 x15=0x00000000
      91725.000 ns	      9171	80002180	02f2da33	divu	x20,x5,x15	  x5:0x00000000 x15:0x00000000 x20=0xffffffff
      91755.000 ns	      9174	80002184	20069553	fsgnjn.s	f10,f13,f0	 f13:0x4d800000  f0:0x00000000 f10=0xcd800000
      91785.000 ns	      9177	80002188	a15319d3	flt.s	x19,f6,f21	  f6:0x00000000 f21:0x4d96747c x19=0x00000001
      91805.000 ns	      9179	8000218c	004efeb3	and	x29,x29,x4	 x29:0x4d800000  x4:0x00000040 x29=0x00000000
      91815.000 ns	      9180	80002190	35c58b17	auipc	x22,0x35c58	 x22=0xb5c5a190
      92985.000 ns	      9297	80002194	5807cbd3	fsqrt.s	f23,f15	 f15:0x1f350483 f23=0x2effff26
      93005.000 ns	      9299	80002198	9a588793	addi	x15,x17,-1627	 x17:0x00000000 x15=0xfffff9a5
      93025.000 ns	      9301	8000219c	29769a53	fmax.s	f20,f13,f23	 f13:0x4d800000 f23:0x2effff26 f20=0x4d800000
      93055.000 ns	      9304	800021a0	f0068553	fmv.w.x	f10,x13	 x13:0x00000000 f10=0x00000000
      93085.000 ns	      9307	800021a4	c015fdd3	fcvt.wu.s	x27,f11	 f11:0x4f800000 x27=0x00000000
      93115.000 ns	      9310	800021a8	c016b553	fcvt.wu.s	x10,f13	 f13:0x4d800000 x10=0x10000000
      93135.000 ns	      9312	800021ac	03bd6a93	ori	x21,x26,59	 x26:0x00000000 x21=0x0000003b
      93165.000 ns	      9315	800021b0	1168f353	fmul.s	f6,f17,f22	 f17:0x4f0a9e80 f22:0xffe60c00  f6=0x7fc00000
      93185.000 ns	      9317	800021b4	01fbd1b3	srl	x3,x23,x31	 x23:0x80040fe4 x31:0x01813a3d  x3=0x00000004
      93195.000 ns	      9318	800021b8	6f23fa13	andi	x20,x7,1778	  x7:0x00000000 x20=0x00000000
      93215.000 ns	      9320	800021bc	c00705d3	fcvt.w.s	x11,f14	 f14:0x00000000 x11=0x00000000
      93255.000 ns	      9324	800021c0	19973cd3	fdiv.s	f25,f14,f25	 f14:0x00000000 f25:0x00000000 f25=0x7fc00000
      93275.000 ns	      9326	800021c4	0049da13	srli	x20,x19,0x4	 x19:0x00000001 x20=0x00000000
      93295.000 ns	      9328	800021c8	c0108dd3	fcvt.wu.s	x27,f1	  f1:0x7fc00000 x27=0xffffffff
      93315.000 ns	      9330	800021cc	01657eb3	and	x29,x10,x22	 x10:0x10000000 x22:0xb5c5a190 x29=0x10000000
      93325.000 ns	      9331	800021d0	40bbd213	srai	x4,x23,0xb	 x23:0x80040fe4  x4=0xfff00081
      93335.000 ns	      9332	800021d4	0051cc33	xor	x24,x3,x5	  x3:0x00000004  x5:0x00000000 x24=0x00000004
      93355.000 ns	      9334	800021d8	205623d3	fsgnjx.s	f7,f12,f5	 f12:0x1f35050a  f5:0x00000000  f7=0x1f35050a
      93385.000 ns	      9337	800021dc	29820253	fmin.s	f4,f4,f24	  f4:0x80000000 f24:0x80000000  f4=0x80000000
      93405.000 ns	      9339	800021e0	01791fb3	sll	x31,x18,x23	 x18:0x80041024 x23:0x80040fe4 x31=0x00410240
      93425.000 ns	      9341	800021e4	d001f9d3	fcvt.s.w	f19,x3	  x3:0x00000004 f19=0x40800000
      93445.000 ns	      9343	800021e8	4097d333	sra	x6,x15,x9	 x15:0xfffff9a5  x9:0x00000000  x6=0xfffff9a5
      93455.000 ns	      9344	800021ec	52e67fb7	lui	x31,0x52e67	 x31=0x52e67000
      93475.000 ns	      9346	800021f0	0207fa33	remu	x20,x15,x0	 x15:0xfffff9a5  x0:0x00000000 x20=0xfffff9a5
      93495.000 ns	      9348	800021f4	017de633	or	x12,x27,x23	 x27:0xffffffff x23:0x80040fe4 x12=0xffffffff
      93515.000 ns	      9350	800021f8	02542eb3	mulhsu	x29,x8,x5	  x8:0x00000001  x5:0x00000000 x29=0x00000000
      93555.000 ns	      9354	800021fc	580e79d3	fsqrt.s	f19,f28	 f28:0x00000000 f19=0x00000000
      93575.000 ns	      9356	80002200	5ee9e213	ori	x4,x19,1518	 x19:0x00000001  x4=0x000005ef
      93595.000 ns	      9358	80002204	e00183d3	fmv.x.w	x7,f3	  f3:0x4eeac302  x7=0x4eeac302
      93625.000 ns	      9361	80002208	c00572d3	fcvt.w.s	x5,f10	 f10:0x00000000  x5=0x00000000
      93655.000 ns	      9364	8000220c	a17ba353	feq.s	x6,f23,f23	 f23:0x2effff26 f23:0x2effff26  x6=0x00000001
      93675.000 ns	      9366	80002210	00cd5c33	srl	x24,x26,x12	 x26:0x00000000 x12:0xffffffff x24=0x00000000
      94035.000 ns	      9402	80002214	023ee0b3	rem	x1,x29,x3	 x29:0x00000000  x3:0x00000004  x1=0x00000000
      94375.000 ns	      9436	80002218	1916fbd3	fdiv.s	f23,f13,f17	 f13:0x4d800000 f17:0x4f0a9e80 f23=0x3d800000
      94405.000 ns	      9439	8000221c	02301533	mulh	x10,x0,x3	  x0:0x00000000  x3:0x00000004 x10=0x00000000
      94425.000 ns	      9441	80002220	007492b3	sll	x5,x9,x7	  x9:0x00000000  x7:0x4eeac302  x5=0x00000000
      94435.000 ns	      9442	80002224	bb2ecf93	xori	x31,x29,-1102	 x29:0x00000000 x31=0xfffffbb2
      94445.000 ns	      9443	80002228	01f4e033	or	x0,x9,x31	  x9:0x00000000 x31:0x52e67000
      94455.000 ns	      9444	8000222c	b1617f37	lui	x30,0xb1617	 x30=0xb1617000
      94465.000 ns	      9445	80002230	01896c33	or	x24,x18,x24	 x18:0x80041024 x24:0x00000000 x24=0x80041024
      94495.000 ns	      9448	80002234	102594d3	fmul.s	f9,f11,f2	 f11:0x4f800000  f2:0x1f35050a  f9=0x2f35050a
      94515.000 ns	      9450	80002238	1736fd93	andi	x27,x13,371	 x13:0x00000000 x27=0x00000000
      94525.000 ns	      9451	8000223c	00000013	addi	x0,x0,0	  x0:0x00000000
      94565.000 ns	      9455	80002240	01eb71d3	fadd.s	f3,f22,f30	 f22:0xffe60c00 f30:0x7fc00000  f3=0x7fc00000
      94585.000 ns	      9457	80002244	01d43eb3	sltu	x29,x8,x29	  x8:0x00000001 x29:0x00000000 x29=0x00000000
      94595.000 ns	      9458	80002248	c709ba37	lui	x20,0xc709b	 x20=0xc709b000
      94605.000 ns	      9459	8000224c	01d0edb3	or	x27,x1,x29	  x1:0x00000000 x29:0x00000000 x27=0x00000000
      94625.000 ns	      9461	80002250	a12e29d3	feq.s	x19,f28,f18	 f28:0x00000000 f18:0x7fc00000 x19=0x00000000
      94645.000 ns	      9463	80002254	4161da33	sra	x20,x3,x22	  x3:0x00000004 x22:0xb5c5a190 x20=0x00000000
      95815.000 ns	      9580	80002258	580bf3d3	fsqrt.s	f7,f23	 f23:0x3d800000  f7=0x3dffffae
      95835.000 ns	      9582	8000225c	007b9c93	slli	x25,x23,0x7	 x23:0x80040fe4 x25=0x0207f200
      95855.000 ns	      9584	80002260	e00b8cd3	fmv.x.w	x25,f23	 f23:0x3d800000 x25=0x3d800000
      95875.000 ns	      9586	80002264	003659b3	srl	x19,x12,x3	 x12:0xffffffff  x3:0x00000004 x19=0x0fffffff
      95895.000 ns	      9588	80002268	e00f1e53	fclass.s	x28,f30	 f30:0x7fc00000 x28=0x00000200
      95915.000 ns	      9590	8000226c	01e9deb3	srl	x29,x19,x30	 x19:0x00000000 x30:0xb1617000 x29=0x0fffffff
      95935.000 ns	      9592	80002270	a1038e53	fle.s	x28,f7,f16	  f7:0x3dffffae f16:0xceeac302 x28=0x00000000
      95965.000 ns	      9595	80002274	20be8453	fsgnj.s	f8,f29,f11	 f29:0x7fc00000 f11:0x4f800000  f8=0x7fc00000
      95995.000 ns	      9598	80002278	e00388d3	fmv.x.w	x17,f7	  f7:0x3dffffae x17=0x3dffffae
      96015.000 ns	      9600	8000227c	014284b3	add	x9,x5,x20	  x5:0x00000000 x20:0x00000000  x9=0x00000000
      96035.000 ns	      9602	80002280	029a70b3	remu	x1,x20,x9	 x20:0x00000000  x9:0x00000000  x1=0x00000000
      96405.000 ns	      9639	80002284	03da73b3	remu	x7,x20,x29	 x20:0x00000000 x29:0x0fffffff  x7=0x00000000
      96445.000 ns	      9643	80002288	18d74753	fdiv.s	f14,f14,f13	 f14:0x00000000 f13:0x4d800000 f14=0x00000000
      96495.000 ns	      9648	8000228c	08d97053	fsub.s	f0,f18,f13	 f18:0x7fc00000 f13:0x4d800000  f0=0x7fc00000
      96535.000 ns	      9652	80002290	580ca853	fsqrt.s	f16,f25	 f25:0x7fc00000 f16=0x7fc00000
      96565.000 ns	      9655	80002294	a01faf53	feq.s	x30,f31,f1	 f31:0x4eeac302  f1:0x7fc00000 x30=0x00000000
      96585.000 ns	      9657	80002298	1672e413	ori	x8,x5,359	  x5:0x00000000  x8=0x00000167
      96945.000 ns	      9693	8000229c	0285c6b3	div	x13,x11,x8	 x11:0x00000000  x8:0x00000001 x13=0x00000000
      96965.000 ns	      9695	800022a0	41d75c93	srai	x25,x14,0x1d	 x14:0x80000000 x25=0xfffffffc
      97005.000 ns	      9699	800022a4	00f2f553	fadd.s	f10,f5,f15	  f5:0x00000000 f15:0x1f350483 f10=0x1f350483
      97035.000 ns	      9702	800022a8	03718d33	mul	x26,x3,x23	  x3:0x00000004 x23:0x80040fe4 x26=0x00103f90
      97055.000 ns	      9704	800022ac	0106d6b3	srl	x13,x13,x16	 x13:0x00000000 x16:0x00000000 x13=0x00000000
      97075.000 ns	      9706	800022b0	02a798b3	mulh	x17,x15,x10	 x15:0xfffff9a5 x10:0x00000000 x17=0x00000000
      97105.000 ns	      9709	800022b4	21dc23d3	fsgnjx.s	f7,f24,f29	 f24:0x80000000 f29:0x7fc00000  f7=0x80000000
      97135.000 ns	      9712	800022b8	21ac21d3	fsgnjx.s	f3,f24,f26	 f24:0x80000000 f26:0x4f800000  f3=0x80000000
      97165.000 ns	      9715	800022bc	28d103d3	fmin.s	f7,f2,f13	  f2:0x1f35050a f13:0x4d800000  f7=0x1f35050a
      97195.000 ns	      9718	800022c0	f00e0353	fmv.w.x	f6,x28	 x28:0x00000000  f6=0x00000000
      97215.000 ns	      9720	800022c4	d7f27b17	auipc	x22,0xd7f27	 x22=0x57f292c4
      97225.000 ns	      9721	800022c8	01485113	srli	x2,x16,0x14	 x16:0x00000000  x2=0x00000000
      97245.000 ns	      9723	800022cc	a07189d3	fle.s	x19,f3,f7	  f3:0x80000000  f7:0x1f35050a x19=0x00000001
      97615.000 ns	      9760	800022d0	03a1e7b3	rem	x15,x3,x26	  x3:0x00000004 x26:0x00103f90 x15=0x00000004
      97635.000 ns	      9762	800022d4	0d91ca93	xori	x21,x3,217	  x3:0x00000004 x21=0x000000dd
      97655.000 ns	      9764	800022d8	29509c53	fmax.s	f24,f1,f21	  f1:0x7fc00000 f21:0x4d96747c f24=0x4d96747c
      97675.000 ns	      9766	800022dc	01ba2db3	slt	x27,x20,x27	 x20:0x00000000 x27:0x00000000 x27=0x00000000
      97715.000 ns	      9770	800022e0	08d5a253	fsub.s	f4,f11,f13	 f11:0x4f800000 f13:0x4d800000  f4=0x4f700000
      97735.000 ns	      9772	800022e4	019ef033	and	x0,x29,x25	 x29:0x0fffffff x25:0xfffffffc
      97755.000 ns	      9774	800022e8	02150e33	mul	x28,x10,x1	 x10:0x00000000  x1:0x00000000 x28=0x00000000
      97775.000 ns	      9776	800022ec	db1b3617	auipc	x12,0xdb1b3	 x12=0x5b1b52ec
      97795.000 ns	      9778	800022f0	21a09fd3	fsgnjn.s	f31,f1,f26	  f1:0x7fc00000 f26:0x4f800000 f31=0xffc00000
      97825.000 ns	      9781	800022f4	e0001653	fclass.s	x12,f0	  f0:0x7fc00000 x12=0x00000200
      97855.000 ns	      9784	800022f8	a0d89653	flt.s	x12,f17,f13	 f17:0x4f0a9e80 f13:0x4d800000 x12=0x00000000
      97875.000 ns	      9786	800022fc	415f5c93	srai	x25,x30,0x15	 x30:0x00000000 x25=0x00000000
      97885.000 ns	      9787	80002300	1becb593	sltiu	x11,x25,446	 x25:0xfffffffc x11=0x00000001
      97895.000 ns	      9788	80002304	e669ba13	sltiu	x20,x19,-410	 x19:0x00000001 x20=0x00000001
      97905.000 ns	      9789	80002308	00fbd233	srl	x4,x23,x15	 x23:0x80040fe4 x15:0x00000004  x4=0x080040fe
      97925.000 ns	      9791	8000230c	e00507d3	fmv.x.w	x15,f10	 f10:0x1f350483 x15=0x1f350483
      97955.000 ns	      9794	80002310	a07fa9d3	feq.s	x19,f31,f7	 f31:0xffc00000  f7:0x1f35050a x19=0x00000000
      97985.000 ns	      9797	80002314	e0081a53	fclass.s	x20,f16	 f16:0x7fc00000 x20=0x00000200
      98005.000 ns	      9799	80002318	00acdcb3	srl	x25,x25,x10	 x25:0x00000000 x10:0x00000000 x25=0x00000000
      98015.000 ns	      9800	8000231c	55d40cb7	lui	x25,0x55d40	 x25=0x55d40000
      98035.000 ns	      9802	80002320	28ee8bd3	fmin.s	f23,f29,f14	 f29:0x7fc00000 f14:0x00000000 f23=0x00000000
      98065.000 ns	      9805	80002324	02085ab3	divu	x21,x16,x0	 x16:0x00000000  x0:0x00000000 x21=0xffffffff
      98095.000 ns	      9808	80002328	287c8453	fmin.s	f8,f25,f7	 f25:0x7fc00000  f7:0x1f35050a  f8=0x1f35050a
      98115.000 ns	      9810	8000232c	05d43a17	auipc	x20,0x5d43	 x20=0x85d4532c
      98135.000 ns	      9812	80002330	201a8a53	fsgnj.s	f20,f21,f1	 f21:0x4d96747c  f1:0x7fc00000 f20=0x4d96747c
      98165.000 ns	      9815	80002334	28060653	fmin.s	f12,f12,f0	 f12:0x1f35050a  f0:0x7fc00000 f12=0x1f35050a
      98195.000 ns	      9818	80002338	024b9ab3	mulh	x21,x23,x4	 x23:0x80040fe4  x4:0x080040fe x21=0xfc000001
      98215.000 ns	      9820	8000233c	07f9b013	sltiu	x0,x19,127	 x19:0x00000000
      98235.000 ns	      9822	80002340	020ee9b3	rem	x19,x29,x0	 x29:0x0fffffff  x0:0x00000000 x19=0x0fffffff
      98255.000 ns	      9824	80002344	edaf0d93	addi	x27,x30,-294	 x30:0x00000000 x27=0xfffffeda
      98275.000 ns	      9826	80002348	a17da5d3	feq.s	x11,f27,f23	 f27:0x4eee2ee0 f23:0x00000000 x11=0x00000000
      98315.000 ns	      9830	8000234c	110af1d3	fmul.s	f3,f21,f16	 f21:0x4d96747c f16:0x7fc00000  f3=0x7fc00000
      98335.000 ns	      9832	80002350	01315633	srl	x12,x2,x19	  x2:0x00000000 x19:0x0fffffff x12=0x00000000
      98355.000 ns	      9834	80002354	027ffa33	remu	x20,x31,x7	 x31:0xfffffbb2  x7:0x00000000 x20=0xfffffbb2
      98375.000 ns	      9836	80002358	01b13033	sltu	x0,x2,x27	  x2:0x00000000 x27:0xfffffeda
      98385.000 ns	      9837	8000235c	0107dc13	srli	x24,x15,0x10	 x15:0x1f350483 x24=0x00001f35
      98405.000 ns	      9839	80002360	d01d2b53	fcvt.s.wu	f22,x26	 x26:0x00103f90 f22=0x4981fc80
      98425.000 ns	      9841	80002364	c8a68493	addi	x9,x13,-886	 x13:0x00000000  x9=0xfffffc8a
      98435.000 ns	      9842	80002368	00fb8f33	add	x30,x23,x15	 x23:0x80040fe4 x15:0x1f350483 x30=0x9f391467
      98445.000 ns	      9843	8000236c	41ab5a33	sra	x20,x22,x26	 x22:0x57f292c4 x26:0x00103f90 x20=0x000057f2
      98475.000 ns	      9846	80002370	19e17c53	fdiv.s	f24,f2,f30	  f2:0x1f35050a f30:0x7fc00000 f24=0x7fc00000
      98505.000 ns	      9849	80002374	206123d3	fsgnjx.s	f7,f2,f6	  f2:0x1f35050a  f6:0x00000000  f7=0x1f35050a
      98525.000 ns	      9851	80002378	01276a33	or	x20,x14,x18	 x14:0x80000000 x18:0x80041024 x20=0x80041024
      98545.000 ns	      9853	8000237c	03f31c33	mulh	x24,x6,x31	  x6:0x00000001 x31:0xfffffbb2 x24=0xffffffff
      98565.000 ns	      9855	80002380	af88f813	andi	x16,x17,-1288	 x17:0x00000000 x16=0x00000000
      98585.000 ns	      9857	80002384	c00ff153	fcvt.w.s	x2,f31	 f31:0xffc00000  x2=0x7fffffff
      98955.000 ns	      9894	80002388	03fb52b3	divu	x5,x22,x31	 x22:0x57f292c4 x31:0xfffffbb2  x5=0x00000000
      98975.000 ns	      9896	8000238c	4035d4b3	sra	x9,x11,x3	 x11:0x00000000  x3:0x00000004  x9=0x00000000
      98995.000 ns	      9898	80002390	f0030453	fmv.w.x	f8,x6	  x6:0x00000001  f8=0x00000001
      99045.000 ns	      9903	80002394	09a192d3	fsub.s	f5,f3,f26	  f3:0x7fc00000 f26:0x4f800000  f5=0x7fc00000
      99065.000 ns	      9905	80002398	01a0c4b3	xor	x9,x1,x26	  x1:0x00000000 x26:0x00103f90  x9=0x00103f90
      99085.000 ns	      9907	8000239c	d005f6d3	fcvt.s.w	f13,x11	 x11:0x00000000 f13=0x00000000
      99115.000 ns	      9910	800023a0	027abf33	mulhu	x30,x21,x7	 x21:0xfc000001  x7:0x00000000 x30=0x00000000
      99145.000 ns	      9913	800023a4	e0018653	fmv.x.w	x12,f3	  f3:0x7fc00000 x12=0x7fc00000
      99515.000 ns	      9950	800023a8	02f854b3	divu	x9,x16,x15	 x16:0x00000000 x15:0x1f350483  x9=0x00000000
      99885.000 ns	      9987	800023ac	03427e33	remu	x28,x4,x20	  x4:0x080040fe x20:0x80041024 x28=0x080040fe
      99915.000 ns	      9990	800023b0	29620753	fmin.s	f14,f4,f22	  f4:0x4f700000 f22:0x4981fc80 f14=0x4981fc80
      99935.000 ns	      9992	800023b4	d2f5fe97	auipc	x29,0xd2f5f	 x29=0x52f613b4
      99955.000 ns	      9994	800023b8	025f2133	mulhsu	x2,x30,x5	 x30:0x00000000  x5:0x00000000  x2=0x00000000
      99985.000 ns	      9997	800023bc	297d8ad3	fmin.s	f21,f27,f23	 f27:0x4eee2ee0 f23:0x00000000 f21=0x00000000
     100005.000 ns	      9999	800023c0	41d6d333	sra	x6,x13,x29	 x13:0x00000000 x29:0x52f613b4  x6=0x00000000
     100365.000 ns	     10035	800023c4	0244d4b3	divu	x9,x9,x4	  x9:0x00000000  x4:0x080040fe  x9=0x00000000
     100385.000 ns	     10037	800023c8	00eb55b3	srl	x11,x22,x14	 x22:0x57f292c4 x14:0x80000000 x11=0x57f292c4
     100415.000 ns	     10040	800023cc	1099ac53	fmul.s	f24,f19,f9	 f19:0x00000000  f9:0x2f35050a f24=0x00000000
     100435.000 ns	     10042	800023d0	01bd9633	sll	x12,x27,x27	 x27:0xfffffeda x27:0xfffffeda x12=0x68000000
     100445.000 ns	     10043	800023d4	01457cb3	and	x25,x10,x20	 x10:0x00000000 x20:0x80041024 x25=0x00000000
     100805.000 ns	     10079	800023d8	03deccb3	div	x25,x29,x29	 x29:0x52f613b4 x29:0x52f613b4 x25=0x00000001
     100825.000 ns	     10081	800023dc	01b8af33	slt	x30,x17,x27	 x17:0x00000000 x27:0xfffffeda x30=0x00000000
     100845.000 ns	     10083	800023e0	c015fad3	fcvt.wu.s	x21,f11	 f11:0x4f800000 x21=0x00000000
     100885.000 ns	     10087	800023e4	580cb753	fsqrt.s	f14,f25	 f25:0x7fc00000 f14=0x7fc00000
     100905.000 ns	     10089	800023e8	00000013	addi	x0,x0,0	  x0:0x00000000
     100925.000 ns	     10091	800023ec	218d91d3	fsgnjn.s	f3,f27,f24	 f27:0x4eee2ee0 f24:0x00000000  f3=0xceee2ee0
     100955.000 ns	     10094	800023f0	219688d3	fsgnj.s	f17,f13,f25	 f13:0x00000000 f25:0x7fc00000 f17=0x00000000
     100975.000 ns	     10096	800023f4	013f37b3	sltu	x15,x30,x19	 x30:0x00000000 x19:0x0fffffff x15=0x00000001
     102025.000 ns	     10201	800023f8	58057dd3	fsqrt.s	f27,f10	 f10:0x1f350483 f27=0x2effff26
     102055.000 ns	     10204	800023fc	025d6fb3	rem	x31,x26,x5	 x26:0x00103f90  x5:0x00000000 x31=0x00103f90
     102085.000 ns	     10207	80002400	286d8053	fmin.s	f0,f27,f6	 f27:0x2effff26  f6:0x00000000  f0=0x00000000
     102135.000 ns	     10212	80002404	019a98d3	fadd.s	f17,f21,f25	 f21:0x00000000 f25:0x7fc00000 f17=0x7fc00000
     102155.000 ns	     10214	80002408	79c13d93	sltiu	x27,x2,1948	  x2:0x00000000 x27=0x00000001
     102165.000 ns	     10215	8000240c	00e4de33	srl	x28,x9,x14	  x9:0x00000000 x14:0x80000000 x28=0x00000000
     102175.000 ns	     10216	80002410	555c9d97	auipc	x27,0x555c9	 x27=0xd55cb410
     102195.000 ns	     10218	80002414	03e21fb3	mulh	x31,x4,x30	  x4:0x080040fe x30:0x00000000 x31=0x00000000
     102215.000 ns	     10220	80002418	00000013	addi	x0,x0,0	  x0:0x00000000
     102235.000 ns	     10222	8000241c	e00f1c53	fclass.s	x24,f30	 f30:0x7fc00000 x24=0x00000200
     102265.000 ns	     10225	80002420	207f2153	fsgnjx.s	f2,f30,f7	 f30:0x7fc00000  f7:0x1f35050a  f2=0x7fc00000
     102285.000 ns	     10227	80002424	010e16b3	sll	x13,x28,x16	 x28:0x00000000 x16:0x00000000 x13=0x00000000
     102305.000 ns	     10229	80002428	a0509e53	flt.s	x28,f1,f5	  f1:0x7fc00000  f5:0x7fc00000 x28=0x00000000
     102335.000 ns	     10232	8000242c	a06a0253	fle.s	x4,f20,f6	 f20:0x4d96747c  f6:0x00000000  x4=0x00000000
     102365.000 ns	     10235	80002430	20c78953	fsgnj.s	f18,f15,f12	 f15:0x1f350483 f12:0x1f35050a f18=0x1f350483
     102395.000 ns	     10238	80002434	c014f853	fcvt.wu.s	x16,f9	  f9:0x2f35050a x16=0x00000000
     102425.000 ns	     10241	80002438	c017bed3	fcvt.wu.s	x29,f15	 f15:0x1f350483 x29=0x00000000
     102455.000 ns	     10244	8000243c	c008fad3	fcvt.w.s	x21,f17	 f17:0x7fc00000 x21=0x7fffffff
     102485.000 ns	     10247	80002440	036c36b3	mulhu	x13,x24,x22	 x24:0x00000200 x22:0x57f292c4 x13=0x000000af
     102515.000 ns	     10250	80002444	c00ba6d3	fcvt.w.s	x13,f23	 f23:0x00000000 x13=0x00000000
     102545.000 ns	     10253	80002448	c01600d3	fcvt.wu.s	x1,f12	 f12:0x1f35050a  x1=0x00000000
     102565.000 ns	     10255	8000244c	d8a60a13	addi	x20,x12,-630	 x12:0x68000000 x20=0x67fffd8a
     102575.000 ns	     10256	80002450	01bfadb3	slt	x27,x31,x27	 x31:0x00000000 x27:0xd55cb410 x27=0x00000000
     102935.000 ns	     10292	80002454	03605133	divu	x2,x0,x22	  x0:0x00000000 x22:0x57f292c4  x2=0x00000000
     102965.000 ns	     10295	80002458	a1a79353	flt.s	x6,f15,f26	 f15:0x1f350483 f26:0x4f800000  x6=0x00000001
     102985.000 ns	     10297	8000245c	41b8d013	srai	x0,x17,0x1b	 x17:0x00000000
     102995.000 ns	     10298	80002460	e265c417	auipc	x8,0xe265c	  x8=0x6265e460
     103035.000 ns	     10302	80002464	088709d3	fsub.s	f19,f14,f8	 f14:0x7fc00000  f8:0x00000001 f19=0x7fc00000
     103055.000 ns	     10304	80002468	00000013	addi	x0,x0,0	  x0:0x00000000
     103075.000 ns	     10306	8000246c	03133cb3	mulhu	x25,x6,x17	  x6:0x00000001 x17:0x00000000 x25=0x00000000
     103095.000 ns	     10308	80002470	01af9293	slli	x5,x31,0x1a	 x31:0x00000000  x5=0x00000000
     103115.000 ns	     10310	80002474	c01b99d3	fcvt.wu.s	x19,f23	 f23:0x00000000 x19=0x00000000
     103145.000 ns	     10313	80002478	a1ed8553	fle.s	x10,f27,f30	 f27:0x2effff26 f30:0x7fc00000 x10=0x00000000
     103175.000 ns	     10316	8000247c	03888db3	mul	x27,x17,x24	 x17:0x00000000 x24:0x00000200 x27=0x00000000
     103195.000 ns	     10318	80002480	0064feb3	and	x29,x9,x6	  x9:0x00000000  x6:0x00000001 x29=0x00000000
     103555.000 ns	     10354	80002484	03784eb3	div	x29,x16,x23	 x16:0x00000000 x23:0x80040fe4 x29=0x00000000
     103585.000 ns	     10357	80002488	207ba3d3	fsgnjx.s	f7,f23,f7	 f23:0x00000000  f7:0x1f35050a  f7=0x00000000
     103625.000 ns	     10361	8000248c	1827fdd3	fdiv.s	f27,f15,f2	 f15:0x1f350483  f2:0x7fc00000 f27=0x7fc00000
     103655.000 ns	     10364	80002490	a1fb0153	fle.s	x2,f22,f31	 f22:0x4981fc80 f31:0xffc00000  x2=0x00000000
     103675.000 ns	     10366	80002494	01531b33	sll	x22,x6,x21	  x6:0x00000001 x21:0x7fffffff x22=0x80000000
     103685.000 ns	     10367	80002498	00000013	addi	x0,x0,0	  x0:0x00000000
     103705.000 ns	     10369	8000249c	f0008953	fmv.w.x	f18,x1	  x1:0x00000000 f18=0x00000000
     103735.000 ns	     10372	800024a0	a0482453	feq.s	x8,f16,f4	 f16:0x7fc00000  f4:0x4f700000  x8=0x00000000
     103765.000 ns	     10375	800024a4	d0013353	fcvt.s.w	f6,x2	  x2:0x00000000  f6=0x00000000
     103785.000 ns	     10377	800024a8	00ef1d33	sll	x26,x30,x14	 x30:0x00000000 x14:0x80000000 x26=0x00000000
     103815.000 ns	     10380	800024ac	18e2fbd3	fdiv.s	f23,f5,f14	  f5:0x7fc00000 f14:0x7fc00000 f23=0x7fc00000
     103835.000 ns	     10382	800024b0	00ca7db3	and	x27,x20,x12	 x20:0x67fffd8a x12:0x68000000 x27=0x60000000
     104195.000 ns	     10418	800024b4	02ce6633	rem	x12,x28,x12	 x28:0x00000000 x12:0x68000000 x12=0x00000000
     104225.000 ns	     10421	800024b8	02c6ae33	mulhsu	x28,x13,x12	 x13:0x00000000 x12:0x68000000 x28=0x00000000
     104255.000 ns	     10424	800024bc	03ddad33	mulhsu	x26,x27,x29	 x27:0x60000000 x29:0x00000000 x26=0x00000000
     104285.000 ns	     10427	800024c0	0332aeb3	mulhsu	x29,x5,x19	  x5:0x00000000 x19:0x00000000 x29=0x00000000
     104315.000 ns	     10430	800024c4	20c99d53	fsgnjn.s	f26,f19,f12	 f19:0x7fc00000 f12:0x1f35050a f26=0xffc00000
     104335.000 ns	     10432	800024c8	d8b00993	addi	x19,x0,-629	  x0:0x00000000 x19=0xfffffd8b
     104345.000 ns	     10433	800024cc	00000013	addi	x0,x0,0	  x0:0x00000000
     104365.000 ns	     10435	800024d0	c00b71d3	fcvt.w.s	x3,f22	 f22:0x4981fc80  x3=0x00103f90
     104385.000 ns	     10437	800024d4	bc6f0893	addi	x17,x30,-1082	 x30:0x00000000 x17=0xfffffbc6
     104405.000 ns	     10439	800024d8	e00f8553	fmv.x.w	x10,f31	 f31:0xffc00000 x10=0xffc00000
     104425.000 ns	     10441	800024dc	00e4d393	srli	x7,x9,0xe	  x9:0x00000000  x7=0x00000000
     104435.000 ns	     10442	800024e0	003ff333	and	x6,x31,x3	 x31:0x00000000  x3:0x00103f90  x6=0x00000000
     104455.000 ns	     10444	800024e4	e00f0853	fmv.x.w	x16,f30	 f30:0x7fc00000 x16=0x7fc00000
     104485.000 ns	     10447	800024e8	e00680d3	fmv.x.w	x1,f13	 f13:0x00000000  x1=0x00000000
     104515.000 ns	     10450	800024ec	c00af353	fcvt.w.s	x6,f21	 f21:0x00000000  x6=0x00000000
     104545.000 ns	     10453	800024f0	e00f0dd3	fmv.x.w	x27,f30	 f30:0x7fc00000 x27=0x7fc00000
     104575.000 ns	     10456	800024f4	036404b3	mul	x9,x8,x22	  x8:0x00000000 x22:0x80000000  x9=0x00000000
     104595.000 ns	     10458	800024f8	b842ff93	andi	x31,x5,-1148	  x5:0x00000000 x31=0x00000000
     104605.000 ns	     10459	800024fc	408e5c13	srai	x24,x28,0x8	 x28:0x00000000 x24=0x00000000
     104615.000 ns	     10460	80002500	00c63533	sltu	x10,x12,x12	 x12:0x00000000 x12:0x00000000 x10=0x00000000
     104635.000 ns	     10462	80002504	03f3a433	mulhsu	x8,x7,x31	  x7:0x00000000 x31:0x00000000  x8=0x00000000
     105005.000 ns	     10499	80002508	02b44a33	div	x20,x8,x11	  x8:0x00000000 x11:0x57f292c4 x20=0x00000000
     105035.000 ns	     10502	8000250c	a04a1353	flt.s	x6,f20,f4	 f20:0x4d96747c  f4:0x4f700000  x6=0x00000001
     105055.000 ns	     10504	80002510	0101e033	or	x0,x3,x16	  x3:0x00103f90 x16:0x7fc00000
     105075.000 ns	     10506	80002514	28e20653	fmin.s	f12,f4,f14	  f4:0x4f700000 f14:0x7fc00000 f12=0x4f700000
     105095.000 ns	     10508	80002518	004c4d33	xor	x26,x24,x4	 x24:0x00000000  x4:0x00000000 x26=0x00000000
     105115.000 ns	     10510	8000251c	02b50fb3	mul	x31,x10,x11	 x10:0x00000000 x11:0x57f292c4 x31=0x00000000
     105135.000 ns	     10512	80002520	592c8f13	addi	x30,x25,1426	 x25:0x00000000 x30=0x00000592
     105155.000 ns	     10514	80002524	c000a553	fcvt.w.s	x10,f1	  f1:0x7fc00000 x10=0x7fffffff
     105175.000 ns	     10516	80002528	0130f1b3	and	x3,x1,x19	  x1:0x00000000 x19:0xfffffd8b  x3=0x00000000
     105195.000 ns	     10518	8000252c	28f78053	fmin.s	f0,f15,f15	 f15:0x1f350483 f15:0x1f350483  f0=0x1f350483
     105215.000 ns	     10520	80002530	000acd33	xor	x26,x21,x0	 x21:0x7fffffff  x0:0x00000000 x26=0x7fffffff
     105255.000 ns	     10524	80002534	095bc4d3	fsub.s	f9,f23,f21	 f23:0x7fc00000 f21:0x00000000  f9=0x7fc00000
     105285.000 ns	     10527	80002538	03c394b3	mulh	x9,x7,x28	  x7:0x00000000 x28:0x00000000  x9=0x00000000
     105315.000 ns	     10530	8000253c	023e4db3	div	x27,x28,x3	 x28:0x00000000  x3:0x00000000 x27=0xffffffff
     105345.000 ns	     10533	80002540	285589d3	fmin.s	f19,f11,f5	 f11:0x4f800000  f5:0x7fc00000 f19=0x4f800000
     105375.000 ns	     10536	80002544	f00b0a53	fmv.w.x	f20,x22	 x22:0x80000000 f20=0x80000000
     105395.000 ns	     10538	80002548	375aad97	auipc	x27,0x375aa	 x27=0xb75ac548
     105415.000 ns	     10540	8000254c	d0160353	fcvt.s.wu	f6,x12	 x12:0x00000000  f6=0x00000000
     105435.000 ns	     10542	80002550	fbf14a37	lui	x20,0xfbf14	 x20=0xfbf14000
     105455.000 ns	     10544	80002554	284f12d3	fmax.s	f5,f30,f4	 f30:0x7fc00000  f4:0x4f700000  f5=0x4f700000
     105485.000 ns	     10547	80002558	03b51db3	mulh	x27,x10,x27	 x10:0x7fffffff x27:0xb75ac548 x27=0xdbad62a4
     105525.000 ns	     10551	8000255c	198dab53	fdiv.s	f22,f27,f24	 f27:0x7fc00000 f24:0x00000000 f22=0x7fc00000
     105545.000 ns	     10553	80002560	c4364d13	xori	x26,x12,-957	 x12:0x00000000 x26=0xfffffc43
     105565.000 ns	     10555	80002564	02fe25b3	mulhsu	x11,x28,x15	 x28:0x00000000 x15:0x00000001 x11=0x00000000
     105595.000 ns	     10558	80002568	033d1033	mulh	x0,x26,x19	 x26:0x7fffffff x19:0xfffffd8b
     105625.000 ns	     10561	8000256c	d009f9d3	fcvt.s.w	f19,x19	 x19:0xfffffd8b f19=0xc41d4000
     105655.000 ns	     10564	80002570	021782b3	mul	x5,x15,x1	 x15:0x00000001  x1:0x00000000  x5=0x00000000
     105675.000 ns	     10566	80002574	00d1d293	srli	x5,x3,0xd	  x3:0x00000000  x5=0x00000000
     105685.000 ns	     10567	80002578	a25b7037	lui	x0,0xa25b7	
     105695.000 ns	     10568	8000257c	28ec8337	lui	x6,0x28ec8	  x6=0x28ec8000
     105705.000 ns	     10569	80002580	74ccaa93	slti	x21,x25,1868	 x25:0x00000000 x21=0x00000001
     105725.000 ns	     10571	80002584	20238953	fsgnj.s	f18,f7,f2	  f7:0x00000000  f2:0x7fc00000 f18=0x00000000
     105745.000 ns	     10573	80002588	0487fa93	andi	x21,x15,72	 x15:0x00000001 x21=0x00000000
     105765.000 ns	     10575	8000258c	02c8db33	divu	x22,x17,x12	 x17:0xfffffbc6 x12:0x00000000 x22=0xffffffff
     105785.000 ns	     10577	80002590	00000013	addi	x0,x0,0	  x0:0x00000000
     105805.000 ns	     10579	80002594	0349a033	mulhsu	x0,x19,x20	 x19:0xfffffd8b x20:0xfbf14000
     105825.000 ns	     10581	80002598	00aa5eb3	srl	x29,x20,x10	 x20:0xfbf14000 x10:0x7fffffff x29=0x00000001
     105835.000 ns	     10582	8000259c	6e674793	xori	x15,x14,1766	 x14:0x80000000 x15=0x800006e6
     105855.000 ns	     10584	800025a0	d016f653	fcvt.s.wu	f12,x13	 x13:0x00000000 f12=0x00000000
     105875.000 ns	     10586	800025a4	0066b2b3	sltu	x5,x13,x6	 x13:0x00000000  x6:0x28ec8000  x5=0x00000001
     105885.000 ns	     10587	800025a8	87498cb7	lui	x25,0x87498	 x25=0x87498000
     105905.000 ns	     10589	800025ac	28878d53	fmin.s	f26,f15,f8	 f15:0x1f350483  f8:0x00000001 f26=0x00000001
     105935.000 ns	     10592	800025b0	28f09353	fmax.s	f6,f1,f15	  f1:0x7fc00000 f15:0x1f350483  f6=0x1f350483
     105955.000 ns	     10594	800025b4	000c5a33	srl	x20,x24,x0	 x24:0x00000000  x0:0x00000000 x20=0x00000000
     105975.000 ns	     10596	800025b8	0289c0b3	div	x1,x19,x8	 x19:0xfffffd8b  x8:0x00000000  x1=0xffffffff
     106005.000 ns	     10599	800025bc	e00e1353	fclass.s	x6,f28	 f28:0x00000000  x6=0x00000010
     106035.000 ns	     10602	800025c0	0281e2b3	rem	x5,x3,x8	  x3:0x00000000  x8:0x00000000  x5=0x00000000
     106055.000 ns	     10604	800025c4	0177da33	srl	x20,x15,x23	 x15:0x800006e6 x23:0x80040fe4 x20=0x0800006e
     106075.000 ns	     10606	800025c8	e00b85d3	fmv.x.w	x11,f23	 f23:0x7fc00000 x11=0x7fc00000
     106105.000 ns	     10609	800025cc	0248fd33	remu	x26,x17,x4	 x17:0xfffffbc6  x4:0x00000000 x26=0xfffffbc6
     106135.000 ns	     10612	800025d0	02c827b3	mulhsu	x15,x16,x12	 x16:0x7fc00000 x12:0x00000000 x15=0x00000000
     106175.000 ns	     10616	800025d4	1164f653	fmul.s	f12,f9,f22	  f9:0x7fc00000 f22:0x7fc00000 f12=0x7fc00000
     106205.000 ns	     10619	800025d8	e00c9653	fclass.s	x12,f25	 f25:0x7fc00000 x12=0x00000200
     106225.000 ns	     10621	800025dc	f8b84693	xori	x13,x16,-117	 x16:0x7fc00000 x13=0x803fff8b
     106235.000 ns	     10622	800025e0	01af1113	slli	x2,x30,0x1a	 x30:0x00000592  x2=0x48000000
     106245.000 ns	     10623	800025e4	01006c33	or	x24,x0,x16	  x0:0x00000000 x16:0x7fc00000 x24=0x7fc00000
     106255.000 ns	     10624	800025e8	01c1e433	or	x8,x3,x28	  x3:0x00000000 x28:0x00000000  x8=0x00000000
     106265.000 ns	     10625	800025ec	81bda213	slti	x4,x27,-2021	 x27:0xdbad62a4  x4=0x00000001
     106295.000 ns	     10628	800025f0	10effd53	fmul.s	f26,f31,f14	 f31:0xffc00000 f14:0x7fc00000 f26=0x7fc00000
     106325.000 ns	     10631	800025f4	215f0453	fsgnj.s	f8,f30,f21	 f30:0x7fc00000 f21:0x00000000  f8=0x7fc00000
     106355.000 ns	     10634	800025f8	21fa1753	fsgnjn.s	f14,f20,f31	 f20:0x80000000 f31:0xffc00000 f14=0x00000000
     106395.000 ns	     10638	800025fc	58061053	fsqrt.s	f0,f12	 f12:0x7fc00000  f0=0x7fc00000
     106415.000 ns	     10640	80002600	23b10193	addi	x3,x2,571	  x2:0x48000000  x3=0x4800023b
     106435.000 ns	     10642	80002604	e00380d3	fmv.x.w	x1,f7	  f7:0x00000000  x1=0x00000000
     106455.000 ns	     10644	80002608	0739ac13	slti	x24,x19,115	 x19:0xfffffd8b x24=0x00000001
     106465.000 ns	     10645	8000260c	44c0cd17	auipc	x26,0x44c0c	 x26=0xc4c0e60c
     106825.000 ns	     10681	80002610	03ba4f33	div	x30,x20,x27	 x20:0x0800006e x27:0xdbad62a4 x30=0x00000000
     106845.000 ns	     10683	80002614	0107ceb3	xor	x29,x15,x16	 x15:0x00000000 x16:0x7fc00000 x29=0x7fc00000
     106855.000 ns	     10684	80002618	009bb0b3	sltu	x1,x23,x9	 x23:0x80040fe4  x9:0x00000000  x1=0x00000000
     106875.000 ns	     10686	8000261c	c0064553	fcvt.w.s	x10,f12	 f12:0x7fc00000 x10=0x7fffffff
     106905.000 ns	     10689	80002620	e00b8a53	fmv.x.w	x20,f23	 f23:0x7fc00000 x20=0x7fc00000
     106925.000 ns	     10691	80002624	009ae4b3	or	x9,x21,x9	 x21:0x00000000  x9:0x00000000  x9=0x00000000
     106935.000 ns	     10692	80002628	00591ab3	sll	x21,x18,x5	 x18:0x80041024  x5:0x00000000 x21=0x80041024
     106955.000 ns	     10694	8000262c	026f2eb3	mulhsu	x29,x30,x6	 x30:0x00000000  x6:0x00000010 x29=0x00000000
     106985.000 ns	     10697	80002630	f00d83d3	fmv.w.x	f7,x27	 x27:0xdbad62a4  f7=0xdbad62a4
     107005.000 ns	     10699	80002634	40698233	sub	x4,x19,x6	 x19:0xfffffd8b  x6:0x00000010  x4=0xfffffd7b
     107025.000 ns	     10701	80002638	a1a60353	fle.s	x6,f12,f26	 f12:0x7fc00000 f26:0x7fc00000  x6=0x00000000
     107045.000 ns	     10703	8000263c	b6493093	sltiu	x1,x18,-1180	 x18:0x80041024  x1=0x00000001
     107055.000 ns	     10704	80002640	01665a33	srl	x20,x12,x22	 x12:0x00000200 x22:0xffffffff x20=0x00000000
     107065.000 ns	     10705	80002644	0013db33	srl	x22,x7,x1	  x7:0x00000000  x1:0x00000000 x22=0x00000000
     107085.000 ns	     10707	80002648	f00a8153	fmv.w.x	f2,x21	 x21:0x80041024  f2=0x80041024
     107105.000 ns	     10709	8000264c	004f9333	sll	x6,x31,x4	 x31:0x00000000  x4:0xfffffd7b  x6=0x00000000
     107115.000 ns	     10710	80002650	00d9ddb3	srl	x27,x19,x13	 x19:0xfffffd8b x13:0x803fff8b x27=0x001fffff
     107145.000 ns	     10713	80002654	115698d3	fmul.s	f17,f13,f21	 f13:0x00000000 f21:0x00000000 f17=0x00000000
     107165.000 ns	     10715	80002658	0938e617	auipc	x12,0x938e	 x12=0x89390658
     107185.000 ns	     10717	8000265c	2007a7d3	fsgnjx.s	f15,f15,f0	 f15:0x1f350483  f0:0x7fc00000 f15=0x1f350483
     107205.000 ns	     10719	80002660	78962313	slti	x6,x12,1929	 x12:0x00000200  x6=0x00000001
     107225.000 ns	     10721	80002664	a0968c53	fle.s	x24,f13,f9	 f13:0x00000000  f9:0x7fc00000 x24=0x00000000
     107275.000 ns	     10726	80002668	01421453	fadd.s	f8,f4,f20	  f4:0x4f700000 f20:0x80000000  f8=0x4f700000
     107325.000 ns	     10731	8000266c	01874753	fadd.s	f14,f14,f24	 f14:0x00000000 f24:0x00000000 f14=0x00000000
     107345.000 ns	     10733	80002670	008e1a13	slli	x20,x28,0x8	 x28:0x00000000 x20=0x00000000
     107365.000 ns	     10735	80002674	c0147fd3	fcvt.wu.s	x31,f8	  f8:0x4f700000 x31=0xf0000000
     107395.000 ns	     10738	80002678	29e999d3	fmax.s	f19,f19,f30	 f19:0xc41d4000 f30:0x7fc00000 f19=0xc41d4000
     107415.000 ns	     10740	8000267c	017c79b3	and	x19,x24,x23	 x24:0x00000000 x23:0x80040fe4 x19=0x00000000
     107425.000 ns	     10741	80002680	41360433	sub	x8,x12,x19	 x12:0x89390658 x19:0xfffffd8b  x8=0x89390658
     107465.000 ns	     10745	80002684	01e3bed3	fadd.s	f29,f7,f30	  f7:0xdbad62a4 f30:0x7fc00000 f29=0x7fc00000
     107495.000 ns	     10748	80002688	d013fd53	fcvt.s.wu	f26,x7	  x7:0x00000000 f26=0x00000000
     107515.000 ns	     10750	8000268c	d5b5f437	lui	x8,0xd5b5f	  x8=0xd5b5f000
     107535.000 ns	     10752	80002690	0237be33	mulhu	x28,x15,x3	 x15:0x00000000  x3:0x4800023b x28=0x00000000
     107575.000 ns	     10756	80002694	1997ced3	fdiv.s	f29,f15,f25	 f15:0x1f350483 f25:0x7fc00000 f29=0x7fc00000
     107595.000 ns	     10758	80002698	4a172193	slti	x3,x14,1185	 x14:0x80000000  x3=0x00000001
     107615.000 ns	     10760	8000269c	a0b29ed3	flt.s	x29,f5,f11	  f5:0x4f700000 f11:0x4f800000 x29=0x00000001
     107645.000 ns	     10763	800026a0	03c380b3	mul	x1,x7,x28	  x7:0x00000000 x28:0x00000000  x1=0x00000000
     107675.000 ns	     10766	800026a4	e00a9cd3	fclass.s	x25,f21	 f21:0x00000000 x25=0x00000010
     107705.000 ns	     10769	800026a8	c00b7253	fcvt.w.s	x4,f22	 f22:0x7fc00000  x4=0x7fffffff
     107725.000 ns	     10771	800026ac	b0fab093	sltiu	x1,x21,-1265	 x21:0x80041024  x1=0x00000001
     107735.000 ns	     10772	800026b0	0a3c5f37	lui	x30,0xa3c5	 x30=0x0a3c5000
     108095.000 ns	     10808	800026b4	037ec2b3	div	x5,x29,x23	 x29:0x00000001 x23:0x80040fe4  x5=0x00000000
     108115.000 ns	     10810	800026b8	01179813	slli	x16,x15,0x11	 x15:0x00000000 x16=0x00000000
     108125.000 ns	     10811	800026bc	00d92db3	slt	x27,x18,x13	 x18:0x80041024 x13:0x803fff8b x27=0x00000001
     108145.000 ns	     10813	800026c0	f0000553	fmv.w.x	f10,x0	  x0:0x00000000 f10=0x00000000
     108165.000 ns	     10815	800026c4	41545d93	srai	x27,x8,0x15	  x8:0xd5b5f000 x27=0xfffffead
     108525.000 ns	     10851	800026c8	0212d1b3	divu	x3,x5,x1	  x5:0x00000000  x1:0x00000001  x3=0x00000000
     108555.000 ns	     10854	800026cc	28db9853	fmax.s	f16,f23,f13	 f23:0x7fc00000 f13:0x00000000 f16=0x00000000
     108575.000 ns	     10856	800026d0	41785093	srai	x1,x16,0x17	 x16:0x00000000  x1=0x00000000
     108595.000 ns	     10858	800026d4	282e0953	fmin.s	f18,f28,f2	 f28:0x00000000  f2:0x80041024 f18=0x80041024
     108645.000 ns	     10863	800026d8	01c87fd3	fadd.s	f31,f16,f28	 f16:0x00000000 f28:0x00000000 f31=0x00000000
     108665.000 ns	     10865	800026dc	41f8d133	sra	x2,x17,x31	 x17:0xfffffbc6 x31:0xf0000000  x2=0xfffffbc6
     108675.000 ns	     10866	800026e0	01d39a13	slli	x20,x7,0x1d	  x7:0x00000000 x20=0x00000000
     108715.000 ns	     10870	800026e4	0941fb53	fsub.s	f22,f3,f20	  f3:0xceee2ee0 f20:0x80000000 f22=0xceee2ee0
     108735.000 ns	     10872	800026e8	017f5313	srli	x6,x30,0x17	 x30:0x0a3c5000  x6=0x00000014
     108755.000 ns	     10874	800026ec	c01f7ed3	fcvt.wu.s	x29,f30	 f30:0x7fc00000 x29=0xffffffff
     108775.000 ns	     10876	800026f0	01279b13	slli	x22,x15,0x12	 x15:0x00000000 x22=0x00000000
     108785.000 ns	     10877	800026f4	00cf9093	slli	x1,x31,0xc	 x31:0xf0000000  x1=0x00000000
     108805.000 ns	     10879	800026f8	c01a79d3	fcvt.wu.s	x19,f20	 f20:0x80000000 x19=0x00000000
     108835.000 ns	     10882	800026fc	02e4a8b3	mulhsu	x17,x9,x14	  x9:0x00000000 x14:0x80000000 x17=0x00000000
     108855.000 ns	     10884	80002700	ebeaad37	lui	x26,0xebeaa	 x26=0xebeaa000
     108865.000 ns	     10885	80002704	46953c37	lui	x24,0x46953	 x24=0x46953000
     108885.000 ns	     10887	80002708	02a9aa33	mulhsu	x20,x19,x10	 x19:0x00000000 x10:0x7fffffff x20=0x00000000
     108915.000 ns	     10890	8000270c	02aa35b3	mulhu	x11,x20,x10	 x20:0x00000000 x10:0x7fffffff x11=0x00000000
     108935.000 ns	     10892	80002710	0131f033	and	x0,x3,x19	  x3:0x00000000 x19:0x00000000
     108945.000 ns	     10893	80002714	8a7a8293	addi	x5,x21,-1881	 x21:0x80041024  x5=0x800408cb
     108955.000 ns	     10894	80002718	85924193	xori	x3,x4,-1959	  x4:0x7fffffff  x3=0x800007a6
     108975.000 ns	     10896	8000271c	03ba18b3	mulh	x17,x20,x27	 x20:0x00000000 x27:0xfffffead x17=0x00000000
     109005.000 ns	     10899	80002720	a0fb0cd3	fle.s	x25,f22,f15	 f22:0xceee2ee0 f15:0x1f350483 x25=0x00000001
     109035.000 ns	     10902	80002724	02bbc2b3	div	x5,x23,x11	 x23:0x80040fe4 x11:0x00000000  x5=0xffffffff
     109055.000 ns	     10904	80002728	01d18db3	add	x27,x3,x29	  x3:0x800007a6 x29:0xffffffff x27=0x800007a5
     109075.000 ns	     10906	8000272c	a08883d3	fle.s	x7,f17,f8	 f17:0x00000000  f8:0x4f700000  x7=0x00000001
     109095.000 ns	     10908	80002730	c4ab6413	ori	x8,x22,-950	 x22:0x00000000  x8=0xfffffc4a
     109115.000 ns	     10910	80002734	20d29753	fsgnjn.s	f14,f5,f13	  f5:0x4f700000 f13:0x00000000 f14=0xcf700000
     109135.000 ns	     10912	80002738	00ef57b3	srl	x15,x30,x14	 x30:0x0a3c5000 x14:0x80000000 x15=0x0a3c5000
     109145.000 ns	     10913	8000273c	00dd0c33	add	x24,x26,x13	 x26:0xebeaa000 x13:0x803fff8b x24=0x6c2a9f8b
     109165.000 ns	     10915	80002740	20088753	fsgnj.s	f14,f17,f0	 f17:0x00000000  f0:0x7fc00000 f14=0x00000000
     109185.000 ns	     10917	80002744	407c87b3	sub	x15,x25,x7	 x25:0x00000001  x7:0x00000001 x15=0x00000000
     109195.000 ns	     10918	80002748	86b639b7	lui	x19,0x86b63	 x19=0x86b63000
     109205.000 ns	     10919	8000274c	41450f33	sub	x30,x10,x20	 x10:0x7fffffff x20:0x00000000 x30=0x7fffffff
     109225.000 ns	     10921	80002750	d009fa53	fcvt.s.w	f20,x19	 x19:0x00000000 f20=0xcef293a0
     109595.000 ns	     10958	80002754	028376b3	remu	x13,x6,x8	  x6:0x00000014  x8:0xfffffc4a x13=0x00000014
     109625.000 ns	     10961	80002758	a05c96d3	flt.s	x13,f25,f5	 f25:0x7fc00000  f5:0x4f700000 x13=0x00000000
     109655.000 ns	     10964	8000275c	e00103d3	fmv.x.w	x7,f2	  f2:0x80041024  x7=0x80041024
     109685.000 ns	     10967	80002760	c014a353	fcvt.wu.s	x6,f9	  f9:0x7fc00000  x6=0xffffffff
     109715.000 ns	     10970	80002764	a071a253	feq.s	x4,f3,f7	  f3:0xceee2ee0  f7:0xdbad62a4  x4=0x00000000
     109745.000 ns	     10973	80002768	21c596d3	fsgnjn.s	f13,f11,f28	 f11:0x4f800000 f28:0x00000000 f13=0xcf800000
     109775.000 ns	     10976	8000276c	022fb4b3	mulhu	x9,x31,x2	 x31:0xf0000000  x2:0xfffffbc6  x9=0xeffffc09
     109795.000 ns	     10978	80002770	971e0a93	addi	x21,x28,-1679	 x28:0x00000000 x21=0xfffff971
     109815.000 ns	     10980	80002774	a0119ed3	flt.s	x29,f3,f1	  f3:0xceee2ee0  f1:0x7fc00000 x29=0x00000000
     109835.000 ns	     10982	80002778	00000013	addi	x0,x0,0	  x0:0x00000000
     110195.000 ns	     11018	8000277c	0263f533	remu	x10,x7,x6	  x7:0x80041024  x6:0xffffffff x10=0x80041024
     110215.000 ns	     11020	80002780	010391b3	sll	x3,x7,x16	  x7:0x80041024 x16:0x00000000  x3=0x80041024
     110575.000 ns	     11056	80002784	02657a33	remu	x20,x10,x6	 x10:0x80041024  x6:0xffffffff x20=0x80041024
     110595.000 ns	     11058	80002788	016f2533	slt	x10,x30,x22	 x30:0x7fffffff x22:0x00000000 x10=0x00000000
     110615.000 ns	     11060	8000278c	d00b48d3	fcvt.s.w	f17,x22	 x22:0x00000000 f17=0x00000000
     110635.000 ns	     11062	80002790	01096ab3	or	x21,x18,x16	 x18:0x80041024 x16:0x00000000 x21=0x80041024
     110645.000 ns	     11063	80002794	bd1c2393	slti	x7,x24,-1071	 x24:0x6c2a9f8b  x7=0x00000000
     110655.000 ns	     11064	80002798	5d7dc613	xori	x12,x27,1495	 x27:0x800007a5 x12=0x80000272
     110665.000 ns	     11065	8000279c	009528b3	slt	x17,x10,x9	 x10:0x00000000  x9:0xeffffc09 x17=0x00000000
     110675.000 ns	     11066	800027a0	f9a77297	auipc	x5,0xf9a77	  x5=0x79a797a0
     110695.000 ns	     11068	800027a4	c0049853	fcvt.w.s	x16,f9	  f9:0x7fc00000 x16=0x7fffffff
     110715.000 ns	     11070	800027a8	418ad233	sra	x4,x21,x24	 x21:0x80041024 x24:0x6c2a9f8b  x4=0xfff00082
     111075.000 ns	     11106	800027ac	03a3f333	remu	x6,x7,x26	  x7:0x00000000 x26:0xebeaa000  x6=0x00000000
     111445.000 ns	     11143	800027b0	0300f3b3	remu	x7,x1,x16	  x1:0x00000000 x16:0x7fffffff  x7=0x00000000
     111475.000 ns	     11146	800027b4	024ba333	mulhsu	x6,x23,x4	 x23:0x80040fe4  x4:0xfff00082  x6=0x800c0f62
     111505.000 ns	     11149	800027b8	218fa353	fsgnjx.s	f6,f31,f24	 f31:0x00000000 f24:0x00000000  f6=0x00000000
     111525.000 ns	     11151	800027bc	000bff33	and	x30,x23,x0	 x23:0x80040fe4  x0:0x00000000 x30=0x00000000
     111545.000 ns	     11153	800027c0	2037aa53	fsgnjx.s	f20,f15,f3	 f15:0x1f350483  f3:0xceee2ee0 f20=0x9f350483
     111575.000 ns	     11156	800027c4	a13e90d3	flt.s	x1,f29,f19	 f29:0x7fc00000 f19:0xc41d4000  x1=0x00000000
     111605.000 ns	     11159	800027c8	03cf3cb3	mulhu	x25,x30,x28	 x30:0x00000000 x28:0x00000000 x25=0x00000000
     111625.000 ns	     11161	800027cc	009e8333	add	x6,x29,x9	 x29:0x00000000  x9:0xeffffc09  x6=0xeffffc09
     111645.000 ns	     11163	800027d0	a12d0d53	fle.s	x26,f26,f18	 f26:0x00000000 f18:0x80041024 x26=0x00000000
     111675.000 ns	     11166	800027d4	02441e33	mulh	x28,x8,x4	  x8:0xfffffc4a  x4:0xfff00082 x28=0x00000000
     111695.000 ns	     11168	800027d8	4134d3b3	sra	x7,x9,x19	  x9:0xeffffc09 x19:0x86b63000  x7=0xeffffc09
     111705.000 ns	     11169	800027dc	00747cb3	and	x25,x8,x7	  x8:0xfffffc4a  x7:0x00000000 x25=0xeffffc08
     111725.000 ns	     11171	800027e0	c0193cd3	fcvt.wu.s	x25,f18	 f18:0x80041024 x25=0x00000000
     111765.000 ns	     11175	800027e4	11c811d3	fmul.s	f3,f16,f28	 f16:0x00000000 f28:0x00000000  f3=0x00000000
     111795.000 ns	     11178	800027e8	d00a94d3	fcvt.s.w	f9,x21	 x21:0x80041024  f9=0xcefff7df
     111815.000 ns	     11180	800027ec	007e1413	slli	x8,x28,0x7	 x28:0x00000000  x8=0x00000000
     111835.000 ns	     11182	800027f0	e00d04d3	fmv.x.w	x9,f26	 f26:0x00000000  x9=0x00000000
     111855.000 ns	     11184	800027f4	bf119497	auipc	x9,0xbf119	  x9=0x3f11b7f4
     111865.000 ns	     11185	800027f8	01dffb33	and	x22,x31,x29	 x31:0xf0000000 x29:0x00000000 x22=0x00000000
     111875.000 ns	     11186	800027fc	cc982213	slti	x4,x16,-823	 x16:0x7fffffff  x4=0x00000000
     111895.000 ns	     11188	80002800	02b68233	mul	x4,x13,x11	 x13:0x00000000 x11:0x00000000  x4=0x00000000
     112265.000 ns	     11225	80002804	03b7f9b3	remu	x19,x15,x27	 x15:0x00000000 x27:0x800007a5 x19=0x00000000
     112285.000 ns	     11227	80002808	0ff14093	xori	x1,x2,255	  x2:0xfffffbc6  x1=0xfffffb39
     112305.000 ns	     11229	8000280c	a1ba8c53	fle.s	x24,f21,f27	 f21:0x00000000 f27:0x7fc00000 x24=0x00000000
     112335.000 ns	     11232	80002810	e00298d3	fclass.s	x17,f5	  f5:0x4f700000 x17=0x00000040
     112355.000 ns	     11234	80002814	8edeb197	auipc	x3,0x8edeb	  x3=0x0eded814
     112365.000 ns	     11235	80002818	00e0e033	or	x0,x1,x14	  x1:0xfffffb39 x14:0x80000000
     112375.000 ns	     11236	8000281c	00bd6e33	or	x28,x26,x11	 x26:0x00000000 x11:0x00000000 x28=0x00000000
     112385.000 ns	     11237	80002820	bef5b017	auipc	x0,0xbef5b	
     112405.000 ns	     11239	80002824	c00f3d53	fcvt.w.s	x26,f30	 f30:0x7fc00000 x26=0x7fffffff
     112425.000 ns	     11241	80002828	011264b3	or	x9,x4,x17	  x4:0x00000000 x17:0x00000040  x9=0x00000040
     112435.000 ns	     11242	8000282c	00741eb3	sll	x29,x8,x7	  x8:0x00000000  x7:0xeffffc09 x29=0x00000000
     112455.000 ns	     11244	80002830	02cdad33	mulhsu	x26,x27,x12	 x27:0x800007a5 x12:0x80000272 x26=0xc0000299
     112485.000 ns	     11247	80002834	e00e8ed3	fmv.x.w	x29,f29	 f29:0x7fc00000 x29=0x7fc00000
     112505.000 ns	     11249	80002838	014eb633	sltu	x12,x29,x20	 x29:0x00000000 x20:0x80041024 x12=0x00000001
     112515.000 ns	     11250	8000283c	01261893	slli	x17,x12,0x12	 x12:0x80000272 x17=0x00040000
     112535.000 ns	     11252	80002840	036951b3	divu	x3,x18,x22	 x18:0x80041024 x22:0x00000000  x3=0xffffffff
     112905.000 ns	     11289	80002844	0213d1b3	divu	x3,x7,x1	  x7:0xeffffc09  x1:0xfffffb39  x3=0x00000000
     112935.000 ns	     11292	80002848	d01d3c53	fcvt.s.wu	f24,x26	 x26:0xc0000299 f24=0x4f400003
     112965.000 ns	     11295	8000284c	d01677d3	fcvt.s.wu	f15,x12	 x12:0x00000001 f15=0x3f800000
     112995.000 ns	     11298	80002850	29ca8d53	fmin.s	f26,f21,f28	 f21:0x00000000 f28:0x00000000 f26=0x00000000
     113025.000 ns	     11301	80002854	e00587d3	fmv.x.w	x15,f11	 f11:0x4f800000 x15=0x4f800000
     113045.000 ns	     11303	80002858	019bc533	xor	x10,x23,x25	 x23:0x80040fe4 x25:0x00000000 x10=0x80040fe4
     113065.000 ns	     11305	8000285c	a0e68cd3	fle.s	x25,f13,f14	 f13:0xcf800000 f14:0x00000000 x25=0x00000001
     113085.000 ns	     11307	80002860	004588b3	add	x17,x11,x4	 x11:0x00000000  x4:0x00000000 x17=0x00000000
     113105.000 ns	     11309	80002864	0267a2b3	mulhsu	x5,x15,x6	 x15:0x4f800000  x6:0xeffffc09  x5=0x4a87fec4
     113125.000 ns	     11311	80002868	41525613	srai	x12,x4,0x15	  x4:0x00000000 x12=0x00000000
     113165.000 ns	     11315	8000286c	00e03d53	fadd.s	f26,f0,f14	  f0:0x7fc00000 f14:0x00000000 f26=0x7fc00000
     113195.000 ns	     11318	80002870	e00d1253	fclass.s	x4,f26	 f26:0x00000000  x4=0x00000200
     113245.000 ns	     11323	80002874	010ccf53	fadd.s	f30,f25,f16	 f25:0x7fc00000 f16:0x00000000 f30=0x7fc00000
     113275.000 ns	     11326	80002878	02eb96b3	mulh	x13,x23,x14	 x23:0x80040fe4 x14:0x80000000 x13=0x3ffdf80e
     113305.000 ns	     11329	8000287c	213d89d3	fsgnj.s	f19,f27,f19	 f27:0x7fc00000 f19:0xc41d4000 f19=0xffc00000
     113325.000 ns	     11331	80002880	414305b3	sub	x11,x6,x20	  x6:0xeffffc09 x20:0x80041024 x11=0x6ffbebe5
     113345.000 ns	     11333	80002884	c00eb153	fcvt.w.s	x2,f29	 f29:0x7fc00000  x2=0x7fffffff
     113375.000 ns	     11336	80002888	e00f9b53	fclass.s	x22,f31	 f31:0x00000000 x22=0x00000010
     113405.000 ns	     11339	8000288c	28aa8153	fmin.s	f2,f21,f10	 f21:0x00000000 f10:0x00000000  f2=0x00000000
     113435.000 ns	     11342	80002890	209f90d3	fsgnjn.s	f1,f31,f9	 f31:0x00000000  f9:0xcefff7df  f1=0x00000000
     113475.000 ns	     11346	80002894	10788253	fmul.s	f4,f17,f7	 f17:0x00000000  f7:0xdbad62a4  f4=0x80000000
     113495.000 ns	     11348	80002898	01141313	slli	x6,x8,0x11	  x8:0x00000000  x6=0x00000000
     113515.000 ns	     11350	8000289c	e00318d3	fclass.s	x17,f6	  f6:0x00000000 x17=0x00000010
     113535.000 ns	     11352	800028a0	412b06b3	sub	x13,x22,x18	 x22:0x00000010 x18:0x80041024 x13=0x7ffbefec
     113555.000 ns	     11354	800028a4	a19418d3	flt.s	x17,f8,f25	  f8:0x4f700000 f25:0x7fc00000 x17=0x00000000
     113575.000 ns	     11356	800028a8	743c7493	andi	x9,x24,1859	 x24:0x00000000  x9=0x00000000
     113595.000 ns	     11358	800028ac	c010c6d3	fcvt.wu.s	x13,f1	  f1:0x00000000 x13=0x00000000
     113635.000 ns	     11362	800028b0	580571d3	fsqrt.s	f3,f10	 f10:0x00000000  f3=0x00000000
     113665.000 ns	     11365	800028b4	038e6b33	rem	x22,x28,x24	 x28:0x00000000 x24:0x00000000 x22=0x00000000
     113695.000 ns	     11368	800028b8	a0c600d3	fle.s	x1,f12,f12	 f12:0x7fc00000 f12:0x7fc00000  x1=0x00000000
     113725.000 ns	     11371	800028bc	d00df253	fcvt.s.w	f4,x27	 x27:0x800007a5  f4=0xcefffff0
     113755.000 ns	     11374	800028c0	e00f0653	fmv.x.w	x12,f30	 f30:0x7fc00000 x12=0x7fc00000
     113785.000 ns	     11377	800028c4	2035aa53	fsgnjx.s	f20,f11,f3	 f11:0x4f800000  f3:0x00000000 f20=0x4f800000
     113815.000 ns	     11380	800028c8	c002ff53	fcvt.w.s	x30,f5	  f5:0x4f700000 x30=0x7fffffff
     113835.000 ns	     11382	800028cc	0104aa33	slt	x20,x9,x16	  x9:0x00000000 x16:0x7fffffff x20=0x00000001
     113855.000 ns	     11384	800028d0	a0662153	feq.s	x2,f12,f6	 f12:0x7fc00000  f6:0x00000000  x2=0x00000000
     113885.000 ns	     11387	800028d4	20d387d3	fsgnj.s	f15,f7,f13	  f7:0xdbad62a4 f13:0xcf800000 f15=0xdbad62a4
     113915.000 ns	     11390	800028d8	f0060b53	fmv.w.x	f22,x12	 x12:0x7fc00000 f22=0x7fc00000
     113935.000 ns	     11392	800028dc	00d0d8b3	srl	x17,x1,x13	  x1:0x00000000 x13:0x00000000 x17=0x00000000
     113945.000 ns	     11393	800028e0	00fca533	slt	x10,x25,x15	 x25:0x00000001 x15:0x4f800000 x10=0x00000001
     113955.000 ns	     11394	800028e4	401ad0b3	sra	x1,x21,x1	 x21:0x80041024  x1:0x00000000  x1=0x80041024
     113975.000 ns	     11396	800028e8	a1908b53	fle.s	x22,f1,f25	  f1:0x00000000 f25:0x7fc00000 x22=0x00000000
     114345.000 ns	     11433	800028ec	03b366b3	rem	x13,x6,x27	  x6:0x00000000 x27:0x800007a5 x13=0x00000000
     114365.000 ns	     11435	800028f0	40d383b3	sub	x7,x7,x13	  x7:0xeffffc09 x13:0x00000000  x7=0xeffffc09
     114395.000 ns	     11438	800028f4	199e7dd3	fdiv.s	f27,f28,f25	 f28:0x00000000 f25:0x7fc00000 f27=0x7fc00000
     114425.000 ns	     11441	800028f8	026890b3	mulh	x1,x17,x6	 x17:0x00000000  x6:0x00000000  x1=0x00000000
     114455.000 ns	     11444	800028fc	023d1833	mulh	x16,x26,x3	 x26:0xc0000299  x3:0x00000000 x16=0x00000000
     114495.000 ns	     11448	80002900	1002f753	fmul.s	f14,f5,f0	  f5:0x4f700000  f0:0x7fc00000 f14=0x7fc00000
     114525.000 ns	     11451	80002904	02439ab3	mulh	x21,x7,x4	  x7:0xeffffc09  x4:0x00000200 x21=0xffffffdf
     114575.000 ns	     11456	80002908	000911d3	fadd.s	f3,f18,f0	 f18:0x80041024  f0:0x7fc00000  f3=0x7fc00000
     114595.000 ns	     11458	8000290c	00ac36b3	sltu	x13,x24,x10	 x24:0x00000000 x10:0x00000001 x13=0x00000001
     114605.000 ns	     11459	80002910	00394533	xor	x10,x18,x3	 x18:0x80041024  x3:0x00000000 x10=0x80041024
     114615.000 ns	     11460	80002914	b836e593	ori	x11,x13,-1149	 x13:0x00000000 x11=0xfffffb83
     114625.000 ns	     11461	80002918	014efc33	and	x24,x29,x20	 x29:0x7fc00000 x20:0x00000001 x24=0x00000000
     114645.000 ns	     11463	8000291c	f00a05d3	fmv.w.x	f11,x20	 x20:0x00000001 f11=0x00000001
     114665.000 ns	     11465	80002920	011faa33	slt	x20,x31,x17	 x31:0xf0000000 x17:0x00000000 x20=0x00000001
     114685.000 ns	     11467	80002924	c0087553	fcvt.w.s	x10,f16	 f16:0x00000000 x10=0x00000000
     114725.000 ns	     11471	80002928	5803fc53	fsqrt.s	f24,f7	  f7:0xdbad62a4 f24=0x7fc00000
     114745.000 ns	     11473	8000292c	017cb833	sltu	x16,x25,x23	 x25:0x00000001 x23:0x80040fe4 x16=0x00000001
     114765.000 ns	     11475	80002930	28c294d3	fmax.s	f9,f5,f12	  f5:0x4f700000 f12:0x7fc00000  f9=0x4f700000
     114795.000 ns	     11478	80002934	a05aaa53	feq.s	x20,f21,f5	 f21:0x00000000  f5:0x4f700000 x20=0x00000000
     114825.000 ns	     11481	80002938	20541b53	fsgnjn.s	f22,f8,f5	  f8:0x4f700000  f5:0x4f700000 f22=0xcf700000
     114855.000 ns	     11484	8000293c	02d722b3	mulhsu	x5,x14,x13	 x14:0x80000000 x13:0x00000001  x5=0xffffffff
     114885.000 ns	     11487	80002940	213119d3	fsgnjn.s	f19,f2,f19	  f2:0x00000000 f19:0xffc00000 f19=0x00000000
     114915.000 ns	     11490	80002944	02a22433	mulhsu	x8,x4,x10	  x4:0x00000200 x10:0x00000000  x8=0x00000000
     114945.000 ns	     11493	80002948	c004f653	fcvt.w.s	x12,f9	  f9:0x4f700000 x12=0x7fffffff
     115315.000 ns	     11530	8000294c	02ec4b33	div	x22,x24,x14	 x24:0x00000000 x14:0x80000000 x22=0x00000000
     115335.000 ns	     11532	80002950	3cdae2b7	lui	x5,0x3cdae	  x5=0x3cdae000
     115355.000 ns	     11534	80002954	f00d8753	fmv.w.x	f14,x27	 x27:0x800007a5 f14=0x800007a5
     115375.000 ns	     11536	80002958	f0ccfa13	andi	x20,x25,-244	 x25:0x00000001 x20=0x00000000
     115395.000 ns	     11538	8000295c	033dc533	div	x10,x27,x19	 x27:0x800007a5 x19:0x00000000 x10=0xffffffff
     115415.000 ns	     11540	80002960	01b4dfb3	srl	x31,x9,x27	  x9:0x00000000 x27:0x800007a5 x31=0x00000000
     115435.000 ns	     11542	80002964	21860953	fsgnj.s	f18,f12,f24	 f12:0x7fc00000 f24:0x7fc00000 f18=0x7fc00000
     115455.000 ns	     11544	80002968	40e08cb3	sub	x25,x1,x14	  x1:0x00000000 x14:0x80000000 x25=0x80000000
     115475.000 ns	     11546	8000296c	a1cd13d3	flt.s	x7,f26,f28	 f26:0x7fc00000 f28:0x00000000  x7=0x00000000
     115515.000 ns	     11550	80002970	58084553	fsqrt.s	f10,f16	 f16:0x00000000 f10=0x00000000
     115535.000 ns	     11552	80002974	81233993	sltiu	x19,x6,-2030	  x6:0x00000000 x19=0x00000001
     115555.000 ns	     11554	80002978	20d517d3	fsgnjn.s	f15,f10,f13	 f10:0x00000000 f13:0xcf800000 f15=0x00000000
     115575.000 ns	     11556	8000297c	4116d2b3	sra	x5,x13,x17	 x13:0x00000001 x17:0x00000000  x5=0x00000001
     115605.000 ns	     11559	80002980	580272d3	fsqrt.s	f5,f4	  f4:0xcefffff0  f5=0x7fc00000
     115975.000 ns	     11596	80002984	030fdab3	divu	x21,x31,x16	 x31:0x00000000 x16:0x00000001 x21=0x00000000
     116005.000 ns	     11599	80002988	a0e79dd3	flt.s	x27,f15,f14	 f15:0x00000000 f14:0x800007a5 x27=0x00000000
     116025.000 ns	     11601	8000298c	6f4af113	andi	x2,x21,1780	 x21:0x00000000  x2=0x00000000
     116385.000 ns	     11637	80002990	02a247b3	div	x15,x4,x10	  x4:0x00000200 x10:0xffffffff x15=0xfffffe00
     116405.000 ns	     11639	80002994	9387f993	andi	x19,x15,-1736	 x15:0x4f800000 x19=0xfffff800
     116425.000 ns	     11641	80002998	02a695b3	mulh	x11,x13,x10	 x13:0x00000001 x10:0xffffffff x11=0xffffffff
     116455.000 ns	     11644	8000299c	038ba6b3	mulhsu	x13,x23,x24	 x23:0x80040fe4 x24:0x00000000 x13=0x00000000
     116485.000 ns	     11647	800029a0	e0068c53	fmv.x.w	x24,f13	 f13:0xcf800000 x24=0xcf800000
     116515.000 ns	     11650	800029a4	03beb9b3	mulhu	x19,x29,x27	 x29:0x7fc00000 x27:0x00000000 x19=0x00000000
     116545.000 ns	     11653	800029a8	e00e9ed3	fclass.s	x29,f29	 f29:0x7fc00000 x29=0x00000200
     116575.000 ns	     11656	800029ac	e00005d3	fmv.x.w	x11,f0	  f0:0x7fc00000 x11=0x7fc00000
     116595.000 ns	     11658	800029b0	4f2eac13	slti	x24,x29,1266	 x29:0x00000200 x24=0x00000001
     116605.000 ns	     11659	800029b4	01111013	slli	x0,x2,0x11	  x2:0x00000000
     116645.000 ns	     11663	800029b8	018574d3	fadd.s	f9,f10,f24	 f10:0x00000000 f24:0x7fc00000  f9=0x7fc00000
     116665.000 ns	     11665	800029bc	01823c33	sltu	x24,x4,x24	  x4:0x00000200 x24:0x00000001 x24=0x00000000
     116685.000 ns	     11667	800029c0	a1ac2f53	feq.s	x30,f24,f26	 f24:0x7fc00000 f26:0x7fc00000 x30=0x00000000
     116715.000 ns	     11670	800029c4	c00177d3	fcvt.w.s	x15,f2	  f2:0x00000000 x15=0x00000000
     116745.000 ns	     11673	800029c8	03391533	mulh	x10,x18,x19	 x18:0x80041024 x19:0x00000000 x10=0x00000000
     116795.000 ns	     11678	800029cc	00417b53	fadd.s	f22,f2,f4	  f2:0x00000000  f4:0xcefffff0 f22=0xcefffff0
     116825.000 ns	     11681	800029d0	280402d3	fmin.s	f5,f8,f0	  f8:0x4f700000  f0:0x7fc00000  f5=0x4f700000
     116845.000 ns	     11683	800029d4	01c95d93	srli	x27,x18,0x1c	 x18:0x80041024 x27=0x00000008
     116855.000 ns	     11684	800029d8	0072b033	sltu	x0,x5,x7	  x5:0x00000001  x7:0x00000000
     116865.000 ns	     11685	800029dc	005c7cb3	and	x25,x24,x5	 x24:0x00000000  x5:0x00000001 x25=0x00000000
     116875.000 ns	     11686	800029e0	404804b3	sub	x9,x16,x4	 x16:0x00000001  x4:0x00000200  x9=0xfffffe01
     116885.000 ns	     11687	800029e4	012e6833	or	x16,x28,x18	 x28:0x00000000 x18:0x80041024 x16=0x80041024
     116895.000 ns	     11688	800029e8	017e6233	or	x4,x28,x23	 x28:0x00000000 x23:0x80040fe4  x4=0x80040fe4
     116915.000 ns	     11690	800029ec	29f79d53	fmax.s	f26,f15,f31	 f15:0x00000000 f31:0x00000000 f26=0x00000000
     116935.000 ns	     11692	800029f0	004d9493	slli	x9,x27,0x4	 x27:0x00000008  x9=0x00000080
     116955.000 ns	     11694	800029f4	e0020ad3	fmv.x.w	x21,f4	  f4:0xcefffff0 x21=0xcefffff0
     116985.000 ns	     11697	800029f8	c01e7ad3	fcvt.wu.s	x21,f28	 f28:0x00000000 x21=0x00000000
     117005.000 ns	     11699	800029fc	01f1b533	sltu	x10,x3,x31	  x3:0x00000000 x31:0x00000000 x10=0x00000000
     117025.000 ns	     11701	80002a00	037e0633	mul	x12,x28,x23	 x28:0x00000000 x23:0x80040fe4 x12=0x00000000
     117045.000 ns	     11703	80002a04	00001a93	slli	x21,x0,0x0	  x0:0x00000000 x21=0x00000000
     117055.000 ns	     11704	80002a08	1da57813	andi	x16,x10,474	 x10:0x00000000 x16=0x00000000
     117075.000 ns	     11706	80002a0c	f0050453	fmv.w.x	f8,x10	 x10:0x00000000  f8=0x00000000
     117115.000 ns	     11710	80002a10	112a7953	fmul.s	f18,f20,f18	 f20:0x4f800000 f18:0x7fc00000 f18=0x7fc00000
     117145.000 ns	     11713	80002a14	20b58dd3	fsgnj.s	f27,f11,f11	 f11:0x00000001 f11:0x00000001 f27=0x00000001
     117165.000 ns	     11715	80002a18	00e2b2b3	sltu	x5,x5,x14	  x5:0x00000001 x14:0x80000000  x5=0x00000001
     117175.000 ns	     11716	80002a1c	014e1c33	sll	x24,x28,x20	 x28:0x00000000 x20:0x00000000 x24=0x00000000
     117195.000 ns	     11718	80002a20	c01676d3	fcvt.wu.s	x13,f12	 f12:0x7fc00000 x13=0xffffffff
     117215.000 ns	     11720	80002a24	00d17db3	and	x27,x2,x13	  x2:0x00000000 x13:0x00000000 x27=0x00000000
     117225.000 ns	     11721	80002a28	00bc1493	slli	x9,x24,0xb	 x24:0x00000000  x9=0x00000000
     117235.000 ns	     11722	80002a2c	00605633	srl	x12,x0,x6	  x0:0x00000000  x6:0x00000000 x12=0x00000000
     117255.000 ns	     11724	80002a30	28a114d3	fmax.s	f9,f2,f10	  f2:0x00000000 f10:0x00000000  f9=0x00000000
     117285.000 ns	     11727	80002a34	0307d5b3	divu	x11,x15,x16	 x15:0x00000000 x16:0x00000000 x11=0xffffffff
     117305.000 ns	     11729	80002a38	5dabac13	slti	x24,x23,1498	 x23:0x80040fe4 x24=0x00000001
     117335.000 ns	     11732	80002a3c	19e2add3	fdiv.s	f27,f5,f30	  f5:0x4f700000 f30:0x7fc00000 f27=0x7fc00000
     117365.000 ns	     11735	80002a40	f00b0253	fmv.w.x	f4,x22	 x22:0x00000000  f4=0x00000000
     117395.000 ns	     11738	80002a44	02ad2233	mulhsu	x4,x26,x10	 x26:0xc0000299 x10:0x00000000  x4=0x00000000
     117445.000 ns	     11743	80002a48	091a94d3	fsub.s	f9,f21,f17	 f21:0x00000000 f17:0x00000000  f9=0x80000000
     117465.000 ns	     11745	80002a4c	0002f233	and	x4,x5,x0	  x5:0x00000001  x0:0x00000000  x4=0x00000000
     117485.000 ns	     11747	80002a50	284806d3	fmin.s	f13,f16,f4	 f16:0x00000000  f4:0x00000000 f13=0x00000000
     117505.000 ns	     11749	80002a54	7a25ca13	xori	x20,x11,1954	 x11:0xffffffff x20=0xfffff85d
     117515.000 ns	     11750	80002a58	00000013	addi	x0,x0,0	  x0:0x00000000
     117525.000 ns	     11751	80002a5c	ab924fb7	lui	x31,0xab924	 x31=0xab924000
     117545.000 ns	     11753	80002a60	03eb7fb3	remu	x31,x22,x30	 x22:0x00000000 x30:0x00000000 x31=0x00000000
     117575.000 ns	     11756	80002a64	c008a653	fcvt.w.s	x12,f17	 f17:0x00000000 x12=0x00000000
     117605.000 ns	     11759	80002a68	03677d33	remu	x26,x14,x22	 x14:0x80000000 x22:0x00000000 x26=0x80000000
     117625.000 ns	     11761	80002a6c	8f774d13	xori	x26,x14,-1801	 x14:0x80000000 x26=0x7ffff8f7
     117635.000 ns	     11762	80002a70	4194db13	srai	x22,x9,0x19	  x9:0x00000000 x22=0x00000000
     117675.000 ns	     11766	80002a74	08ce7153	fsub.s	f2,f28,f12	 f28:0x00000000 f12:0x7fc00000  f2=0x7fc00000
     117705.000 ns	     11769	80002a78	d00873d3	fcvt.s.w	f7,x16	 x16:0x00000000  f7=0x00000000
     117725.000 ns	     11771	80002a7c	813bf893	andi	x17,x23,-2029	 x23:0x80040fe4 x17=0x80040800
     117745.000 ns	     11773	80002a80	20e602d3	fsgnj.s	f5,f12,f14	 f12:0x7fc00000 f14:0x800007a5  f5=0xffc00000
     117775.000 ns	     11776	80002a84	02010633	mul	x12,x2,x0	  x2:0x00000000  x0:0x00000000 x12=0x00000000
     117795.000 ns	     11778	80002a88	018eb033	sltu	x0,x29,x24	 x29:0x00000200 x24:0x00000001
     117805.000 ns	     11779	80002a8c	5cc7fe13	andi	x28,x15,1484	 x15:0x00000000 x28=0x00000000
     117825.000 ns	     11781	80002a90	282414d3	fmax.s	f9,f8,f2	  f8:0x00000000  f2:0x7fc00000  f9=0x00000000
     117845.000 ns	     11783	80002a94	40bcd7b3	sra	x15,x25,x11	 x25:0x00000000 x11:0xffffffff x15=0x00000000
     117855.000 ns	     11784	80002a98	7ea2a6b7	lui	x13,0x7ea2a	 x13=0x7ea2a000
     117875.000 ns	     11786	80002a9c	201a94d3	fsgnjn.s	f9,f21,f1	 f21:0x00000000  f1:0x00000000  f9=0x80000000
     117905.000 ns	     11789	80002aa0	033dec33	rem	x24,x27,x19	 x27:0x00000000 x19:0x00000000 x24=0x00000000
     117945.000 ns	     11793	80002aa4	19f34953	fdiv.s	f18,f6,f31	  f6:0x00000000 f31:0x00000000 f18=0x7fc00000
     117975.000 ns	     11796	80002aa8	c01c1ed3	fcvt.wu.s	x29,f24	 f24:0x7fc00000 x29=0xffffffff
     117995.000 ns	     11798	80002aac	00000013	addi	x0,x0,0	  x0:0x00000000
     118005.000 ns	     11799	80002ab0	40d5d113	srai	x2,x11,0xd	 x11:0xffffffff  x2=0xffffffff
     118025.000 ns	     11801	80002ab4	023bf8b3	remu	x17,x23,x3	 x23:0x80040fe4  x3:0x00000000 x17=0x80040fe4
     118055.000 ns	     11804	80002ab8	a1f894d3	flt.s	x9,f17,f31	 f17:0x00000000 f31:0x00000000  x9=0x00000000
     118085.000 ns	     11807	80002abc	20bc2dd3	fsgnjx.s	f27,f24,f11	 f24:0x7fc00000 f11:0x00000001 f27=0x7fc00000
     118105.000 ns	     11809	80002ac0	01651233	sll	x4,x10,x22	 x10:0x00000000 x22:0x00000000  x4=0x00000000
     118125.000 ns	     11811	80002ac4	a0061b53	flt.s	x22,f12,f0	 f12:0x7fc00000  f0:0x7fc00000 x22=0x00000000
     118155.000 ns	     11814	80002ac8	e00c9453	fclass.s	x8,f25	 f25:0x7fc00000  x8=0x00000200
     118185.000 ns	     11817	80002acc	21682a53	fsgnjx.s	f20,f16,f22	 f16:0x00000000 f22:0xcefffff0 f20=0x80000000
     118225.000 ns	     11821	80002ad0	580c7353	fsqrt.s	f6,f24	 f24:0x7fc00000  f6=0x7fc00000
     118255.000 ns	     11824	80002ad4	d00fffd3	fcvt.s.w	f31,x31	 x31:0x00000000 f31=0x00000000
     118275.000 ns	     11826	80002ad8	01cb04b3	add	x9,x22,x28	 x22:0x00000000 x28:0x00000000  x9=0x00000000
     118305.000 ns	     11829	80002adc	186e7dd3	fdiv.s	f27,f28,f6	 f28:0x00000000  f6:0x7fc00000 f27=0x7fc00000
     118335.000 ns	     11832	80002ae0	d01411d3	fcvt.s.wu	f3,x8	  x8:0x00000200  f3=0x44000000
     118365.000 ns	     11835	80002ae4	03973033	mulhu	x0,x14,x25	 x14:0x80000000 x25:0x00000000
     118395.000 ns	     11838	80002ae8	0242a5b3	mulhsu	x11,x5,x4	  x5:0x00000001  x4:0x00000000 x11=0x00000000
     118415.000 ns	     11840	80002aec	3ba66d93	ori	x27,x12,954	 x12:0x00000000 x27=0x000003ba
     118445.000 ns	     11843	80002af0	10bffcd3	fmul.s	f25,f31,f11	 f31:0x00000000 f11:0x00000001 f25=0x00000000
     118465.000 ns	     11845	80002af4	00000013	addi	x0,x0,0	  x0:0x00000000
     118475.000 ns	     11846	80002af8	01699113	slli	x2,x19,0x16	 x19:0x00000000  x2=0x00000000
     118495.000 ns	     11848	80002afc	e0070153	fmv.x.w	x2,f14	 f14:0x800007a5  x2=0x800007a5
     118525.000 ns	     11851	80002b00	c00677d3	fcvt.w.s	x15,f12	 f12:0x7fc00000 x15=0x7fffffff
     118545.000 ns	     11853	80002b04	401054b3	sra	x9,x0,x1	  x0:0x00000000  x1:0x00000000  x9=0x00000000
     118565.000 ns	     11855	80002b08	a1422253	feq.s	x4,f4,f20	  f4:0x00000000 f20:0x80000000  x4=0x00000001
     118595.000 ns	     11858	80002b0c	f00b08d3	fmv.w.x	f17,x22	 x22:0x00000000 f17=0x00000000
     118625.000 ns	     11861	80002b10	03411a33	mulh	x20,x2,x20	  x2:0x800007a5 x20:0xfffff85d x20=0x000003d1
     118655.000 ns	     11864	80002b14	a0b29cd3	flt.s	x25,f5,f11	  f5:0xffc00000 f11:0x00000001 x25=0x00000000
     118675.000 ns	     11866	80002b18	f82dc493	xori	x9,x27,-126	 x27:0x000003ba  x9=0xfffffc38
     118685.000 ns	     11867	80002b1c	55c0a393	slti	x7,x1,1372	  x1:0x00000000  x7=0x00000001
     118705.000 ns	     11869	80002b20	d016f6d3	fcvt.s.wu	f13,x13	 x13:0x7ea2a000 f13=0x4efd4540
     118725.000 ns	     11871	80002b24	de594e97	auipc	x29,0xde594	 x29=0x5e596b24
     118735.000 ns	     11872	80002b28	35dc8993	addi	x19,x25,861	 x25:0x00000000 x19=0x0000035d
     118745.000 ns	     11873	80002b2c	00271ab3	sll	x21,x14,x2	 x14:0x80000000  x2:0x800007a5 x21=0x00000000
     118755.000 ns	     11874	80002b30	003ea3b3	slt	x7,x29,x3	 x29:0x5e596b24  x3:0x00000000  x7=0x00000000
     118775.000 ns	     11876	80002b34	d00e1d53	fcvt.s.w	f26,x28	 x28:0x00000000 f26=0x00000000
     118795.000 ns	     11878	80002b38	41770e33	sub	x28,x14,x23	 x14:0x80000000 x23:0x80040fe4 x28=0xfffbf01c
     118815.000 ns	     11880	80002b3c	e00795d3	fclass.s	x11,f15	 f15:0x00000000 x11=0x00000010
     118845.000 ns	     11883	80002b40	0353c7b3	div	x15,x7,x21	  x7:0x00000000 x21:0x00000000 x15=0xffffffff
     118865.000 ns	     11885	80002b44	7a7d2193	slti	x3,x26,1959	 x26:0x7ffff8f7  x3=0x00000000
     118875.000 ns	     11886	80002b48	22ac6337	lui	x6,0x22ac6	  x6=0x22ac6000
     118885.000 ns	     11887	80002b4c	0040efb3	or	x31,x1,x4	  x1:0x00000000  x4:0x00000001 x31=0x00000001
     118895.000 ns	     11888	80002b50	40f7d813	srai	x16,x15,0xf	 x15:0xffffffff x16=0xffffffff
     118915.000 ns	     11890	80002b54	03d6a533	mulhsu	x10,x13,x29	 x13:0x7ea2a000 x29:0x5e596b24 x10=0x2eabf249
     118945.000 ns	     11893	80002b58	a0bd0ad3	fle.s	x21,f26,f11	 f26:0x00000000 f11:0x00000001 x21=0x00000001
     118965.000 ns	     11895	80002b5c	4619cc13	xori	x24,x19,1121	 x19:0x0000035d x24=0x0000073c
     118985.000 ns	     11897	80002b60	207f8bd3	fsgnj.s	f23,f31,f7	 f31:0x00000000  f7:0x00000000 f23=0x00000000
     119015.000 ns	     11900	80002b64	02981fb3	mulh	x31,x16,x9	 x16:0xffffffff  x9:0xfffffc38 x31=0x00000000
     119045.000 ns	     11903	80002b68	a13003d3	fle.s	x7,f0,f19	  f0:0x7fc00000 f19:0x00000000  x7=0x00000000
     119065.000 ns	     11905	80002b6c	01276e33	or	x28,x14,x18	 x14:0x80000000 x18:0x80041024 x28=0x80041024
     119095.000 ns	     11908	80002b70	580df3d3	fsqrt.s	f7,f27	 f27:0x7fc00000  f7=0x7fc00000
     119465.000 ns	     11945	80002b74	02a6f133	remu	x2,x13,x10	 x13:0x7ea2a000 x10:0x2eabf249  x2=0x214abb6e
     119485.000 ns	     11947	80002b78	027a4293	xori	x5,x20,39	 x20:0x000003d1  x5=0x000003f6
     119505.000 ns	     11949	80002b7c	f00c0553	fmv.w.x	f10,x24	 x24:0x0000073c f10=0x0000073c
     119525.000 ns	     11951	80002b80	403407b3	sub	x15,x8,x3	  x8:0x00000200  x3:0x00000000 x15=0x00000200
     119535.000 ns	     11952	80002b84	40138a33	sub	x20,x7,x1	  x7:0x00000000  x1:0x00000000 x20=0x00000000
     119565.000 ns	     11955	80002b88	18ce13d3	fdiv.s	f7,f28,f12	 f28:0x00000000 f12:0x7fc00000  f7=0x7fc00000
     119585.000 ns	     11957	80002b8c	1221cc13	xori	x24,x3,290	  x3:0x00000000 x24=0x00000122
     119605.000 ns	     11959	80002b90	e00489d3	fmv.x.w	x19,f9	  f9:0x80000000 x19=0x80000000
     119625.000 ns	     11961	80002b94	c549aa93	slti	x21,x19,-940	 x19:0x0000035d x21=0x00000001
     119645.000 ns	     11963	80002b98	021317b3	mulh	x15,x6,x1	  x6:0x22ac6000  x1:0x00000000 x15=0x00000000
     119685.000 ns	     11967	80002b9c	1922f2d3	fdiv.s	f5,f5,f18	  f5:0xffc00000 f18:0x7fc00000  f5=0x7fc00000
     119705.000 ns	     11969	80002ba0	41efd413	srai	x8,x31,0x1e	 x31:0x00000000  x8=0x00000000
     119715.000 ns	     11970	80002ba4	00239ab3	sll	x21,x7,x2	  x7:0x00000000  x2:0x214abb6e x21=0x00000000
     119735.000 ns	     11972	80002ba8	f0088853	fmv.w.x	f16,x17	 x17:0x80040fe4 f16=0x80040fe4
     119755.000 ns	     11974	80002bac	16b78f13	addi	x30,x15,363	 x15:0x00000000 x30=0x0000016b
     119765.000 ns	     11975	80002bb0	bb71e893	ori	x17,x3,-1097	  x3:0x00000000 x17=0xfffffbb7
     119775.000 ns	     11976	80002bb4	003009b3	add	x19,x0,x3	  x0:0x00000000  x3:0x00000000 x19=0x00000000
     119795.000 ns	     11978	80002bb8	21b08e53	fsgnj.s	f28,f1,f27	  f1:0x00000000 f27:0x7fc00000 f28=0x00000000
     119815.000 ns	     11980	80002bbc	00000013	addi	x0,x0,0	  x0:0x00000000
     119835.000 ns	     11982	80002bc0	025830b3	mulhu	x1,x16,x5	 x16:0xffffffff  x5:0x000003f6  x1=0x000003f5
     119875.000 ns	     11986	80002bc4	580dfbd3	fsqrt.s	f23,f27	 f27:0x7fc00000 f23=0x7fc00000
     119905.000 ns	     11989	80002bc8	023a2533	mulhsu	x10,x20,x3	 x20:0x00000000  x3:0x00000000 x10=0x00000000
     119935.000 ns	     11992	80002bcc	205e9bd3	fsgnjn.s	f23,f29,f5	 f29:0x7fc00000  f5:0x7fc00000 f23=0xffc00000
     119965.000 ns	     11995	80002bd0	03d39433	mulh	x8,x7,x29	  x7:0x00000000 x29:0x5e596b24  x8=0x00000000
     119985.000 ns	     11997	80002bd4	0115e833	or	x16,x11,x17	 x11:0x00000010 x17:0xfffffbb7 x16=0xfffffbb7
     120345.000 ns	     12033	80002bd8	03db62b3	rem	x5,x22,x29	 x22:0x00000000 x29:0x5e596b24  x5=0x00000000
     120715.000 ns	     12070	80002bdc	03266cb3	rem	x25,x12,x18	 x12:0x00000000 x18:0x80041024 x25=0x00000000
     120745.000 ns	     12073	80002be0	03e313b3	mulh	x7,x6,x30	  x6:0x22ac6000 x30:0x0000016b  x7=0x00000031
     120765.000 ns	     12075	80002be4	010e9233	sll	x4,x29,x16	 x29:0x5e596b24 x16:0xfffffbb7  x4=0x92000000
     120785.000 ns	     12077	80002be8	d01b1553	fcvt.s.wu	f10,x22	 x22:0x00000000 f10=0x00000000
     120805.000 ns	     12079	80002bec	00ac9f13	slli	x30,x25,0xa	 x25:0x00000000 x30=0x00000000
     120815.000 ns	     12080	80002bf0	1288b293	sltiu	x5,x17,296	 x17:0xfffffbb7  x5=0x00000000
     120835.000 ns	     12082	80002bf4	c01d72d3	fcvt.wu.s	x5,f26	 f26:0x00000000  x5=0x00000000
     120875.000 ns	     12086	80002bf8	5809f253	fsqrt.s	f4,f19	 f19:0x00000000  f4=0x00000000
     120895.000 ns	     12088	80002bfc	001c75b3	and	x11,x24,x1	 x24:0x00000122  x1:0x000003f5 x11=0x00000120
     120905.000 ns	     12089	80002c00	411b87b3	sub	x15,x23,x17	 x23:0x80040fe4 x17:0xfffffbb7 x15=0x8004142d
     120915.000 ns	     12090	80002c04	cf87c813	xori	x16,x15,-776	 x15:0x00000000 x16=0x7ffbe8d5
     121275.000 ns	     12126	80002c08	03cb72b3	remu	x5,x22,x28	 x22:0x00000000 x28:0x80041024  x5=0x00000000
     121315.000 ns	     12130	80002c0c	11601553	fmul.s	f10,f0,f22	  f0:0x7fc00000 f22:0xcefffff0 f10=0x7fc00000
     121335.000 ns	     12132	80002c10	00752433	slt	x8,x10,x7	 x10:0x00000000  x7:0x00000031  x8=0x00000001
     121345.000 ns	     12133	80002c14	01792a33	slt	x20,x18,x23	 x18:0x80041024 x23:0x80040fe4 x20=0x00000000
     121355.000 ns	     12134	80002c18	d7ff5617	auipc	x12,0xd7ff5	 x12=0x57ff7c18
     121385.000 ns	     12137	80002c1c	19f0fcd3	fdiv.s	f25,f1,f31	  f1:0x00000000 f31:0x00000000 f25=0x7fc00000
     121415.000 ns	     12140	80002c20	a1371ed3	flt.s	x29,f14,f19	 f14:0x800007a5 f19:0x00000000 x29=0x00000001
     121435.000 ns	     12142	80002c24	016b1893	slli	x17,x22,0x16	 x22:0x00000000 x17=0x00000000
     121445.000 ns	     12143	80002c28	019cd0b3	srl	x1,x25,x25	 x25:0x00000000 x25:0x00000000  x1=0x00000000
     121805.000 ns	     12179	80002c2c	024ed0b3	divu	x1,x29,x4	 x29:0x00000001  x4:0x92000000  x1=0x00000000
     121855.000 ns	     12184	80002c30	09b6afd3	fsub.s	f31,f13,f27	 f13:0x4efd4540 f27:0x7fc00000 f31=0x7fc00000
     121885.000 ns	     12187	80002c34	d0117d53	fcvt.s.wu	f26,x2	  x2:0x214abb6e f26=0x4e052aed
     121905.000 ns	     12189	80002c38	40e551b3	sra	x3,x10,x14	 x10:0x00000000 x14:0x80000000  x3=0x00000000
     121925.000 ns	     12191	80002c3c	c01bb853	fcvt.wu.s	x16,f23	 f23:0xffc00000 x16=0xffffffff
     121945.000 ns	     12193	80002c40	00cb02b3	add	x5,x22,x12	 x22:0x00000000 x12:0x57ff7c18  x5=0x57ff7c18
     121965.000 ns	     12195	80002c44	211c21d3	fsgnjx.s	f3,f24,f17	 f24:0x7fc00000 f17:0x00000000  f3=0x7fc00000
     122335.000 ns	     12232	80002c48	03dbcd33	div	x26,x23,x29	 x23:0x80040fe4 x29:0x00000001 x26=0x80040fe4
     122365.000 ns	     12235	80002c4c	a12b0453	fle.s	x8,f22,f18	 f22:0xcefffff0 f18:0x7fc00000  x8=0x00000000
     122385.000 ns	     12237	80002c50	58f3c413	xori	x8,x7,1423	  x7:0x00000031  x8=0x000005be
     122395.000 ns	     12238	80002c54	01bd8ab3	add	x21,x27,x27	 x27:0x000003ba x27:0x000003ba x21=0x00000774
     122405.000 ns	     12239	80002c58	41290033	sub	x0,x18,x18	 x18:0x80041024 x18:0x80041024
     122425.000 ns	     12241	80002c5c	c01576d3	fcvt.wu.s	x13,f10	 f10:0x7fc00000 x13=0xffffffff
     122445.000 ns	     12243	80002c60	016bd093	srli	x1,x23,0x16	 x23:0x80040fe4  x1=0x00000200
     122465.000 ns	     12245	80002c64	28f289d3	fmin.s	f19,f5,f15	  f5:0x7fc00000 f15:0x00000000 f19=0x00000000
     122835.000 ns	     12282	80002c68	022ad0b3	divu	x1,x21,x2	 x21:0x00000774  x2:0x214abb6e  x1=0x00000000
     122855.000 ns	     12284	80002c6c	d56d6513	ori	x10,x26,-682	 x26:0x80040fe4 x10=0xfffffff6
     122865.000 ns	     12285	80002c70	4101d333	sra	x6,x3,x16	  x3:0x00000000 x16:0xffffffff  x6=0x00000000
     122875.000 ns	     12286	80002c74	ff3eef93	ori	x31,x29,-13	 x29:0x00000001 x31=0xfffffff3
     122885.000 ns	     12287	80002c78	40ff8b33	sub	x22,x31,x15	 x31:0x00000000 x15:0x8004142d x22=0x7ffbebc6
     122895.000 ns	     12288	80002c7c	95d04eb7	lui	x29,0x95d04	 x29=0x95d04000
     122915.000 ns	     12290	80002c80	20b712d3	fsgnjn.s	f5,f14,f11	 f14:0x800007a5 f11:0x00000001  f5=0x800007a5
     122935.000 ns	     12292	80002c84	410d86b3	sub	x13,x27,x16	 x27:0x000003ba x16:0xffffffff x13=0x000003bb
     122955.000 ns	     12294	80002c88	c00170d3	fcvt.w.s	x1,f2	  f2:0x7fc00000  x1=0x7fffffff
     123325.000 ns	     12331	80002c8c	0228ceb3	div	x29,x17,x2	 x17:0x00000000  x2:0x214abb6e x29=0x00000000
     123355.000 ns	     12334	80002c90	a1268153	fle.s	x2,f13,f18	 f13:0x4efd4540 f18:0x7fc00000  x2=0x00000000
     123375.000 ns	     12336	80002c94	019cea33	or	x20,x25,x25	 x25:0x00000000 x25:0x00000000 x20=0x00000000
     123405.000 ns	     12339	80002c98	1908fdd3	fdiv.s	f27,f17,f16	 f17:0x00000000 f16:0x80040fe4 f27=0x80000000
     123455.000 ns	     12344	80002c9c	09e6c1d3	fsub.s	f3,f13,f30	 f13:0x4efd4540 f30:0x7fc00000  f3=0x7fc00000
     123475.000 ns	     12346	80002ca0	ac02e413	ori	x8,x5,-1344	  x5:0x57ff7c18  x8=0xfffffed8
     123485.000 ns	     12347	80002ca4	00718033	add	x0,x3,x7	  x3:0x00000000  x7:0x00000031
     123505.000 ns	     12349	80002ca8	a1ac29d3	feq.s	x19,f24,f26	 f24:0x7fc00000 f26:0x4e052aed x19=0x00000000
     123525.000 ns	     12351	80002cac	010bdd13	srli	x26,x23,0x10	 x23:0x80040fe4 x26=0x00008004
     123885.000 ns	     12387	80002cb0	0213c3b3	div	x7,x7,x1	  x7:0x00000031  x1:0x7fffffff  x7=0x00000000
     123915.000 ns	     12390	80002cb4	a0a599d3	flt.s	x19,f11,f10	 f11:0x00000001 f10:0x7fc00000 x19=0x00000000
     123935.000 ns	     12392	80002cb8	0152b5b3	sltu	x11,x5,x21	  x5:0x57ff7c18 x21:0x00000774 x11=0x00000000
     123955.000 ns	     12394	80002cbc	c012ae53	fcvt.wu.s	x28,f5	  f5:0x800007a5 x28=0x00000000
     124005.000 ns	     12399	80002cc0	01cf7b53	fadd.s	f22,f30,f28	 f30:0x7fc00000 f28:0x00000000 f22=0x7fc00000
     124045.000 ns	     12403	80002cc4	580a1dd3	fsqrt.s	f27,f20	 f20:0x80000000 f27=0x80000000
     124065.000 ns	     12405	80002cc8	01802233	slt	x4,x0,x24	  x0:0x00000000 x24:0x00000122  x4=0x00000001
     124085.000 ns	     12407	80002ccc	e0049ad3	fclass.s	x21,f9	  f9:0x80000000 x21=0x00000008
     124455.000 ns	     12444	80002cd0	03854ab3	div	x21,x10,x24	 x10:0xfffffff6 x24:0x00000122 x21=0x00000000
     124475.000 ns	     12446	80002cd4	76d6ba93	sltiu	x21,x13,1901	 x13:0x000003bb x21=0x00000001
     124485.000 ns	     12447	80002cd8	003bd9b3	srl	x19,x23,x3	 x23:0x80040fe4  x3:0x00000000 x19=0x80040fe4
     124495.000 ns	     12448	80002cdc	40ed05b3	sub	x11,x26,x14	 x26:0x00008004 x14:0x80000000 x11=0x80008004
     124525.000 ns	     12451	80002ce0	58077b53	fsqrt.s	f22,f14	 f14:0x800007a5 f22=0x7fc00000
     124545.000 ns	     12453	80002ce4	3cfd4d13	xori	x26,x26,975	 x26:0x00008004 x26=0x000083cb
     124555.000 ns	     12454	80002ce8	d859ed93	ori	x27,x19,-635	 x19:0x80040fe4 x27=0xffffffe5
     124575.000 ns	     12456	80002cec	03b29eb3	mulh	x29,x5,x27	  x5:0x57ff7c18 x27:0x000003ba x29=0xfffffff6
     124605.000 ns	     12459	80002cf0	d001c753	fcvt.s.w	f14,x3	  x3:0x00000000 f14=0x00000000
     124635.000 ns	     12462	80002cf4	a088a5d3	feq.s	x11,f17,f8	 f17:0x00000000  f8:0x00000000 x11=0x00000001
     124685.000 ns	     12467	80002cf8	0034f953	fadd.s	f18,f9,f3	  f9:0x80000000  f3:0x7fc00000 f18=0x7fc00000
     124715.000 ns	     12470	80002cfc	a0890d53	fle.s	x26,f18,f8	 f18:0x7fc00000  f8:0x00000000 x26=0x00000000
     124735.000 ns	     12472	80002d00	130bad93	slti	x27,x23,304	 x23:0x80040fe4 x27=0x00000001
     124755.000 ns	     12474	80002d04	28649b53	fmax.s	f22,f9,f6	  f9:0x80000000  f6:0x7fc00000 f22=0x80000000
     124775.000 ns	     12476	80002d08	0099f3b3	and	x7,x19,x9	 x19:0x80040fe4  x9:0xfffffc38  x7=0x80040c20
     125135.000 ns	     12512	80002d0c	028364b3	rem	x9,x6,x8	  x6:0x00000000  x8:0xfffffed8  x9=0x00000000
     125155.000 ns	     12514	80002d10	a9bec313	xori	x6,x29,-1381	 x29:0xfffffff6  x6=0x0000056d
     125165.000 ns	     12515	80002d14	276fa893	slti	x17,x31,630	 x31:0xfffffff3 x17=0x00000001
     125525.000 ns	     12551	80002d18	03b8e6b3	rem	x13,x17,x27	 x17:0x00000000 x27:0x00000001 x13=0x00000000
     125555.000 ns	     12554	80002d1c	02d88db3	mul	x27,x17,x13	 x17:0x00000000 x13:0x000003bb x27=0x00000000
     125585.000 ns	     12557	80002d20	21f88b53	fsgnj.s	f22,f17,f31	 f17:0x00000000 f31:0x7fc00000 f22=0x00000000
     125615.000 ns	     12560	80002d24	21721dd3	fsgnjn.s	f27,f4,f23	  f4:0x00000000 f23:0xffc00000 f27=0x00000000
     125635.000 ns	     12562	80002d28	40495613	srai	x12,x18,0x4	 x18:0x80041024 x12=0xf8004102
     125655.000 ns	     12564	80002d2c	d0060f53	fcvt.s.w	f30,x12	 x12:0x57ff7c18 f30=0xccfff7df
     125675.000 ns	     12566	80002d30	419788b3	sub	x17,x15,x25	 x15:0x8004142d x25:0x00000000 x17=0x8004142d
     125695.000 ns	     12568	80002d34	025f18b3	mulh	x17,x30,x5	 x30:0x00000000  x5:0x57ff7c18 x17=0x00000000
     125715.000 ns	     12570	80002d38	411583b3	sub	x7,x11,x17	 x11:0x00000001 x17:0x00000001  x7=0x00000001
     125735.000 ns	     12572	80002d3c	d00df753	fcvt.s.w	f14,x27	 x27:0x00000000 f14=0x00000000
     125755.000 ns	     12574	80002d40	0aa56537	lui	x10,0xaa56	 x10=0x0aa56000
     125775.000 ns	     12576	80002d44	20b620d3	fsgnjx.s	f1,f12,f11	 f12:0x7fc00000 f11:0x00000001  f1=0x7fc00000
     125805.000 ns	     12579	80002d48	02511333	mulh	x6,x2,x5	  x2:0x00000000  x5:0x57ff7c18  x6=0x00000000
     125825.000 ns	     12581	80002d4c	01bae6b3	or	x13,x21,x27	 x21:0x00000001 x27:0x00000000 x13=0x00000001
     125855.000 ns	     12584	80002d50	580037d3	fsqrt.s	f15,f0	  f0:0x7fc00000 f15=0x7fc00000
     125875.000 ns	     12586	80002d54	9b53de37	lui	x28,0x9b53d	 x28=0x9b53d000
     125885.000 ns	     12587	80002d58	4ef608b7	lui	x17,0x4ef60	 x17=0x4ef60000
     125895.000 ns	     12588	80002d5c	0090f1b3	and	x3,x1,x9	  x1:0x7fffffff  x9:0x00000000  x3=0x00000000
     125905.000 ns	     12589	80002d60	00af66b3	or	x13,x30,x10	 x30:0x00000000 x10:0x0aa56000 x13=0x0aa56000
     126265.000 ns	     12625	80002d64	02f6c2b3	div	x5,x13,x15	 x13:0x00000001 x15:0x8004142d  x5=0x00000000
     126285.000 ns	     12627	80002d68	009f2333	slt	x6,x30,x9	 x30:0x00000000  x9:0x00000000  x6=0x00000000
     126315.000 ns	     12630	80002d6c	199ef1d3	fdiv.s	f3,f29,f25	 f29:0x7fc00000 f25:0x7fc00000  f3=0x7fc00000
     126335.000 ns	     12632	80002d70	01cdd613	srli	x12,x27,0x1c	 x27:0x00000000 x12=0x00000000
     126345.000 ns	     12633	80002d74	e6907e13	andi	x28,x0,-407	  x0:0x00000000 x28=0x00000000
     126365.000 ns	     12635	80002d78	a03b88d3	fle.s	x17,f23,f3	 f23:0xffc00000  f3:0x7fc00000 x17=0x00000000
     126395.000 ns	     12638	80002d7c	03fbb8b3	mulhu	x17,x23,x31	 x23:0x80040fe4 x31:0xfffffff3 x17=0x80040fdd
     126415.000 ns	     12640	80002d80	e4482793	slti	x15,x16,-444	 x16:0xffffffff x15=0x00000000
     126775.000 ns	     12676	80002d84	021e79b3	remu	x19,x28,x1	 x28:0x00000000  x1:0x7fffffff x19=0x00000000
     127145.000 ns	     12713	80002d88	03146eb3	rem	x29,x8,x17	  x8:0xfffffed8 x17:0x80040fdd x29=0xfffffed8
     127515.000 ns	     12750	80002d8c	021953b3	divu	x7,x18,x1	 x18:0x80041024  x1:0x7fffffff  x7=0x00000001
     127535.000 ns	     12752	80002d90	da47c513	xori	x10,x15,-604	 x15:0x00000000 x10=0xfffffda4
     127555.000 ns	     12754	80002d94	035c9533	mulh	x10,x25,x21	 x25:0x00000000 x21:0x00000001 x10=0x00000000
     127585.000 ns	     12757	80002d98	03043333	mulhu	x6,x8,x16	  x8:0xfffffed8 x16:0xffffffff  x6=0xfffffed7
     127615.000 ns	     12760	80002d9c	e0069f53	fclass.s	x30,f13	 f13:0x4efd4540 x30=0x00000040
     127635.000 ns	     12762	80002da0	01735a13	srli	x20,x6,0x17	  x6:0xfffffed7 x20=0x000001ff
     127655.000 ns	     12764	80002da4	28211ad3	fmax.s	f21,f2,f2	  f2:0x7fc00000  f2:0x7fc00000 f21=0x7fc00000
     127675.000 ns	     12766	80002da8	417c5593	srai	x11,x24,0x17	 x24:0x00000122 x11=0x00000000
     127685.000 ns	     12767	80002dac	01de0333	add	x6,x28,x29	 x28:0x00000000 x29:0xfffffed8  x6=0xfffffed8
     127695.000 ns	     12768	80002db0	406f8f33	sub	x30,x31,x6	 x31:0xfffffff3  x6:0xfffffed7 x30=0x0000011b
     127705.000 ns	     12769	80002db4	4caae813	ori	x16,x21,1226	 x21:0x00000001 x16=0x000004cb
     128875.000 ns	     12886	80002db8	5805fbd3	fsqrt.s	f23,f11	 f11:0x00000001 f23=0x1f350483
     128895.000 ns	     12888	80002dbc	345f1137	lui	x2,0x345f1	  x2=0x345f1000
     128915.000 ns	     12890	80002dc0	210d8b53	fsgnj.s	f22,f27,f16	 f27:0x00000000 f16:0x80040fe4 f22=0x80000000
     128935.000 ns	     12892	80002dc4	eb127513	andi	x10,x4,-335	  x4:0x00000001 x10=0x00000001
     128955.000 ns	     12894	80002dc8	209baf53	fsgnjx.s	f30,f23,f9	 f23:0x1f350483  f9:0x80000000 f30=0x9f350483
     128975.000 ns	     12896	80002dcc	415bd613	srai	x12,x23,0x15	 x23:0x80040fe4 x12=0xfffffc00
     128985.000 ns	     12897	80002dd0	01e18133	add	x2,x3,x30	  x3:0x00000000 x30:0x0000011b  x2=0x0000011b
     128995.000 ns	     12898	80002dd4	9eecb693	sltiu	x13,x25,-1554	 x25:0x00000000 x13=0x00000001
     129005.000 ns	     12899	80002dd8	6fa0b393	sltiu	x7,x1,1786	  x1:0x7fffffff  x7=0x00000000
     129365.000 ns	     12935	80002ddc	034adcb3	divu	x25,x21,x20	 x21:0x00000001 x20:0x000001ff x25=0x00000000
     129385.000 ns	     12937	80002de0	008017b3	sll	x15,x0,x8	  x0:0x00000000  x8:0xfffffed8 x15=0x00000000
     129405.000 ns	     12939	80002de4	d003b453	fcvt.s.w	f8,x7	  x7:0x00000000  f8=0x00000000
     129425.000 ns	     12941	80002de8	18fb7013	andi	x0,x22,399	 x22:0x7ffbebc6
     129435.000 ns	     12942	80002dec	00b89b13	slli	x22,x17,0xb	 x17:0x80040fdd x22=0x207ee800
     129445.000 ns	     12943	80002df0	00a2efb3	or	x31,x5,x10	  x5:0x00000000 x10:0x00000001 x31=0x00000001
     129485.000 ns	     12947	80002df4	00b17dd3	fadd.s	f27,f2,f11	  f2:0x7fc00000 f11:0x00000001 f27=0x7fc00000
     129515.000 ns	     12950	80002df8	03b6bb33	mulhu	x22,x13,x27	 x13:0x00000001 x27:0x00000000 x22=0x00000000
     129545.000 ns	     12953	80002dfc	c002ba53	fcvt.w.s	x20,f5	  f5:0x800007a5 x20=0x00000000
     129565.000 ns	     12955	80002e00	41605793	srai	x15,x0,0x16	  x0:0x00000000 x15=0x00000000
     129575.000 ns	     12956	80002e04	41e2d993	srai	x19,x5,0x1e	  x5:0x00000000 x19=0x00000000
     129605.000 ns	     12959	80002e08	11eff753	fmul.s	f14,f31,f30	 f31:0x7fc00000 f30:0x9f350483 f14=0x7fc00000
     129635.000 ns	     12962	80002e0c	292d1553	fmax.s	f10,f26,f18	 f26:0x4e052aed f18:0x7fc00000 f10=0x4e052aed
     129665.000 ns	     12965	80002e10	286f0b53	fmin.s	f22,f30,f6	 f30:0x9f350483  f6:0x7fc00000 f22=0x9f350483
     129685.000 ns	     12967	80002e14	0109d213	srli	x4,x19,0x10	 x19:0x00000000  x4=0x00000000
     129695.000 ns	     12968	80002e18	df09ef13	ori	x30,x19,-528	 x19:0x00000000 x30=0xfffffdf0
     129705.000 ns	     12969	80002e1c	9f5f6213	ori	x4,x30,-1547	 x30:0x0000011b  x4=0xfffffdf5
     129725.000 ns	     12971	80002e20	e0080e53	fmv.x.w	x28,f16	 f16:0x80040fe4 x28=0x80040fe4
     130095.000 ns	     13008	80002e24	026a61b3	rem	x3,x20,x6	 x20:0x00000000  x6:0xfffffed8  x3=0x00000000
     130465.000 ns	     13045	80002e28	03e7d133	divu	x2,x15,x30	 x15:0x00000000 x30:0xfffffdf0  x2=0x00000000
     130495.000 ns	     13048	80002e2c	211621d3	fsgnjx.s	f3,f12,f17	 f12:0x7fc00000 f17:0x00000000  f3=0x7fc00000
     130515.000 ns	     13050	80002e30	9ba8f513	andi	x10,x17,-1606	 x17:0x80040fdd x10=0x80040998
     130535.000 ns	     13052	80002e34	02eeb1b3	mulhu	x3,x29,x14	 x29:0xfffffed8 x14:0x80000000  x3=0x7fffff6c
     130565.000 ns	     13055	80002e38	e0009e53	fclass.s	x28,f1	  f1:0x7fc00000 x28=0x00000200
     130585.000 ns	     13057	80002e3c	406259b3	sra	x19,x4,x6	  x4:0xfffffdf5  x6:0xfffffed8 x19=0xffffffff
     130595.000 ns	     13058	80002e40	34f76f13	ori	x30,x14,847	 x14:0x80000000 x30=0x8000034f
     130625.000 ns	     13061	80002e44	19397453	fdiv.s	f8,f18,f19	 f18:0x7fc00000 f19:0x00000000  f8=0x7fc00000
     130645.000 ns	     13063	80002e48	3baaae93	slti	x29,x21,954	 x21:0x00000001 x29=0x00000001
     130655.000 ns	     13064	80002e4c	4029dc13	srai	x24,x19,0x2	 x19:0xffffffff x24=0xffffffff
     130675.000 ns	     13066	80002e50	21cb8553	fsgnj.s	f10,f23,f28	 f23:0x1f350483 f28:0x00000000 f10=0x1f350483
     130705.000 ns	     13069	80002e54	214c8fd3	fsgnj.s	f31,f25,f20	 f25:0x7fc00000 f20:0x80000000 f31=0xffc00000
     130725.000 ns	     13071	80002e58	019c5593	srli	x11,x24,0x19	 x24:0xffffffff x11=0x0000007f
     130735.000 ns	     13072	80002e5c	8d038e13	addi	x28,x7,-1840	  x7:0x00000000 x28=0xfffff8d0
     130755.000 ns	     13074	80002e60	c01bb0d3	fcvt.wu.s	x1,f23	 f23:0x1f350483  x1=0x00000000
     130785.000 ns	     13077	80002e64	03cd1d33	mulh	x26,x26,x28	 x26:0x00000000 x28:0x00000200 x26=0x00000000
     130805.000 ns	     13079	80002e68	410f8ab3	sub	x21,x31,x16	 x31:0x00000001 x16:0x000004cb x21=0xfffffb36
     130825.000 ns	     13081	80002e6c	0336b5b3	mulhu	x11,x13,x19	 x13:0x00000001 x19:0xffffffff x11=0x00000000
     130855.000 ns	     13084	80002e70	d01b8d53	fcvt.s.wu	f26,x23	 x23:0x80040fe4 f26=0x4f000410
     130875.000 ns	     13086	80002e74	014cf4b3	and	x9,x25,x20	 x25:0x00000000 x20:0x00000000  x9=0x00000000
     130895.000 ns	     13088	80002e78	024f8133	mul	x2,x31,x4	 x31:0x00000001  x4:0xfffffdf5  x2=0xfffffdf5
     130915.000 ns	     13090	80002e7c	00bd79b3	and	x19,x26,x11	 x26:0x00000000 x11:0x00000000 x19=0x00000000
     130935.000 ns	     13092	80002e80	03551c33	mulh	x24,x10,x21	 x10:0x80040998 x21:0xfffffb36 x24=0x00000264
     130965.000 ns	     13095	80002e84	282c12d3	fmax.s	f5,f24,f2	 f24:0x7fc00000  f2:0x7fc00000  f5=0x7fc00000
     130985.000 ns	     13097	80002e88	62fe7893	andi	x17,x28,1583	 x28:0xfffff8d0 x17=0x00000000
     131345.000 ns	     13133	80002e8c	0239e1b3	rem	x3,x19,x3	 x19:0x00000000  x3:0x7fffff6c  x3=0x00000000
     131365.000 ns	     13135	80002e90	00169293	slli	x5,x13,0x1	 x13:0x00000001  x5=0x00000002
     131405.000 ns	     13139	80002e94	097a23d3	fsub.s	f7,f20,f23	 f20:0x80000000 f23:0x1f350483  f7=0x9f350483
     131425.000 ns	     13141	80002e98	01429cb3	sll	x25,x5,x20	  x5:0x00000000 x20:0x00000000 x25=0x00000002
     131435.000 ns	     13142	80002e9c	40fcd8b3	sra	x17,x25,x15	 x25:0x00000000 x15:0x00000000 x17=0x00000002
     131795.000 ns	     13178	80002ea0	0264d333	divu	x6,x9,x6	  x9:0x00000000  x6:0xfffffed8  x6=0x00000000
     131815.000 ns	     13180	80002ea4	00587033	and	x0,x16,x5	 x16:0x000004cb  x5:0x00000002
     131825.000 ns	     13181	80002ea8	00406f33	or	x30,x0,x4	  x0:0x00000000  x4:0xfffffdf5 x30=0xfffffdf5
     131845.000 ns	     13183	80002eac	037a9833	mulh	x16,x21,x23	 x21:0xfffffb36 x23:0x80040fe4 x16=0x00000264
     131865.000 ns	     13185	80002eb0	40bfde33	sra	x28,x31,x11	 x31:0x00000001 x11:0x00000000 x28=0x00000001
     131875.000 ns	     13186	80002eb4	00000013	addi	x0,x0,0	  x0:0x00000000
     131885.000 ns	     13187	80002eb8	40b68b33	sub	x22,x13,x11	 x13:0x00000001 x11:0x00000000 x22=0x00000001
     131895.000 ns	     13188	80002ebc	beb9cb13	xori	x22,x19,-1045	 x19:0x00000000 x22=0xfffffbeb
     131915.000 ns	     13190	80002ec0	294783d3	fmin.s	f7,f15,f20	 f15:0x7fc00000 f20:0x80000000  f7=0x80000000
     131945.000 ns	     13193	80002ec4	02fd2533	mulhsu	x10,x26,x15	 x26:0x00000000 x15:0x00000000 x10=0x00000000
     131975.000 ns	     13196	80002ec8	d006b853	fcvt.s.w	f16,x13	 x13:0x00000001 f16=0x3f800000
     132005.000 ns	     13199	80002ecc	d01f7053	fcvt.s.wu	f0,x30	 x30:0xfffffdf5  f0=0x4f7ffffd
     132025.000 ns	     13201	80002ed0	14cd7193	andi	x3,x26,332	 x26:0x00000000  x3=0x00000000
     132045.000 ns	     13203	80002ed4	a0c89253	flt.s	x4,f17,f12	 f17:0x00000000 f12:0x7fc00000  x4=0x00000000
     132075.000 ns	     13206	80002ed8	a03424d3	feq.s	x9,f8,f3	  f8:0x7fc00000  f3:0x7fc00000  x9=0x00000000
     132095.000 ns	     13208	80002edc	4eee0e13	addi	x28,x28,1262	 x28:0x00000001 x28=0x000004ef
     132135.000 ns	     13212	80002ee0	00bd7f53	fadd.s	f30,f26,f11	 f26:0x4f000410 f11:0x00000001 f30=0x4f000410
     132155.000 ns	     13214	80002ee4	00007fb3	and	x31,x0,x0	  x0:0x00000000  x0:0x00000000 x31=0x00000000
     132515.000 ns	     13250	80002ee8	02c9de33	divu	x28,x19,x12	 x19:0x00000000 x12:0xfffffc00 x28=0x00000000
     132545.000 ns	     13253	80002eec	c012fdd3	fcvt.wu.s	x27,f5	  f5:0x7fc00000 x27=0xffffffff
     132565.000 ns	     13255	80002ef0	01f41c13	slli	x24,x8,0x1f	  x8:0xfffffed8 x24=0x00000000
     132925.000 ns	     13291	80002ef4	0256e333	rem	x6,x13,x5	 x13:0x00000001  x5:0x00000002  x6=0x00000001
     132945.000 ns	     13293	80002ef8	00f5a033	slt	x0,x11,x15	 x11:0x00000000 x15:0x00000000
     132955.000 ns	     13294	80002efc	eae4e837	lui	x16,0xeae4e	 x16=0xeae4e000
     132975.000 ns	     13296	80002f00	c0013453	fcvt.w.s	x8,f2	  f2:0x7fc00000  x8=0x7fffffff
     133005.000 ns	     13299	80002f04	29ac85d3	fmin.s	f11,f25,f26	 f25:0x7fc00000 f26:0x4f000410 f11=0x4f000410
     133375.000 ns	     13336	80002f08	03ddcfb3	div	x31,x27,x29	 x27:0xffffffff x29:0x00000001 x31=0xffffffff
     133405.000 ns	     13339	80002f0c	02879033	mulh	x0,x15,x8	 x15:0x00000000  x8:0x7fffffff
     133425.000 ns	     13341	80002f10	01b24433	xor	x8,x4,x27	  x4:0x00000000 x27:0xffffffff  x8=0xffffffff
     133435.000 ns	     13342	80002f14	017b1cb3	sll	x25,x22,x23	 x22:0xfffffbeb x23:0x80040fe4 x25=0xffffbeb0
     133455.000 ns	     13344	80002f18	29228153	fmin.s	f2,f5,f18	  f5:0x7fc00000 f18:0x7fc00000  f2=0x7fc00000
     133475.000 ns	     13346	80002f1c	0122e0b3	or	x1,x5,x18	  x5:0x00000002 x18:0x80041024  x1=0x80041026
     133495.000 ns	     13348	80002f20	f00909d3	fmv.w.x	f19,x18	 x18:0x80041024 f19=0x80041024
     133515.000 ns	     13350	80002f24	401804b3	sub	x9,x16,x1	 x16:0xeae4e000  x1:0x00000000  x9=0x6ae0cfda
     133535.000 ns	     13352	80002f28	a0cbaed3	feq.s	x29,f23,f12	 f23:0x1f350483 f12:0x7fc00000 x29=0x00000000
     133555.000 ns	     13354	80002f2c	41f55f33	sra	x30,x10,x31	 x10:0x00000000 x31:0xffffffff x30=0x00000000
     133575.000 ns	     13356	80002f30	21a482d3	fsgnj.s	f5,f9,f26	  f9:0x80000000 f26:0x4f000410  f5=0x00000000
     133595.000 ns	     13358	80002f34	000776b3	and	x13,x14,x0	 x14:0x80000000  x0:0x00000000 x13=0x00000000
     133615.000 ns	     13360	80002f38	d005bfd3	fcvt.s.w	f31,x11	 x11:0x00000000 f31=0x00000000
     133655.000 ns	     13364	80002f3c	580ffcd3	fsqrt.s	f25,f31	 f31:0xffc00000 f25=0x00000000
     133685.000 ns	     13367	80002f40	026a34b3	mulhu	x9,x20,x6	 x20:0x00000000  x6:0x00000001  x9=0x00000000
     133705.000 ns	     13369	80002f44	003f8633	add	x12,x31,x3	 x31:0xffffffff  x3:0x00000000 x12=0xffffffff
     133735.000 ns	     13372	80002f48	18e97bd3	fdiv.s	f23,f18,f14	 f18:0x7fc00000 f14:0x7fc00000 f23=0x7fc00000
     133765.000 ns	     13375	80002f4c	21a228d3	fsgnjx.s	f17,f4,f26	  f4:0x00000000 f26:0x4f000410 f17=0x00000000
     133795.000 ns	     13378	80002f50	a1eea7d3	feq.s	x15,f29,f30	 f29:0x7fc00000 f30:0x4f000410 x15=0x00000000
     133825.000 ns	     13381	80002f54	d014fd53	fcvt.s.wu	f26,x9	  x9:0x00000000 f26=0x00000000
     133845.000 ns	     13383	80002f58	40eed813	srai	x16,x29,0xe	 x29:0x00000000 x16=0x00000000
     133865.000 ns	     13385	80002f5c	a15c80d3	fle.s	x1,f25,f21	 f25:0x00000000 f21:0x7fc00000  x1=0x00000000
     133885.000 ns	     13387	80002f60	0050c537	lui	x10,0x50c	 x10=0x0050c000
     133905.000 ns	     13389	80002f64	217c0953	fsgnj.s	f18,f24,f23	 f24:0x7fc00000 f23:0x7fc00000 f18=0x7fc00000
     134275.000 ns	     13426	80002f68	03bdfd33	remu	x26,x27,x27	 x27:0xffffffff x27:0xffffffff x26=0x00000000
     134315.000 ns	     13430	80002f6c	180df7d3	fdiv.s	f15,f27,f0	 f27:0x7fc00000  f0:0x4f7ffffd f15=0x7fc00000
     134335.000 ns	     13432	80002f70	01986eb3	or	x29,x16,x25	 x16:0x00000000 x25:0xffffbeb0 x29=0xffffbeb0
     134355.000 ns	     13434	80002f74	a0c791d3	flt.s	x3,f15,f12	 f15:0x7fc00000 f12:0x7fc00000  x3=0x00000000
     134375.000 ns	     13436	80002f78	effe0893	addi	x17,x28,-257	 x28:0x00000000 x17=0xfffffeff
     134735.000 ns	     13472	80002f7c	02c1fdb3	remu	x27,x3,x12	  x3:0x00000000 x12:0xffffffff x27=0x00000000
     134765.000 ns	     13475	80002f80	c01373d3	fcvt.wu.s	x7,f6	  f6:0x7fc00000  x7=0xffffffff
     134785.000 ns	     13477	80002f84	95192613	slti	x12,x18,-1711	 x18:0x80041024 x12=0x00000001
     135145.000 ns	     13513	80002f88	031765b3	rem	x11,x14,x17	 x14:0x80000000 x17:0xfffffeff x11=0xffffff7f
     135175.000 ns	     13516	80002f8c	03108633	mul	x12,x1,x17	  x1:0x00000000 x17:0xfffffeff x12=0x00000000
     135205.000 ns	     13519	80002f90	a16b87d3	fle.s	x15,f23,f22	 f23:0x7fc00000 f22:0x9f350483 x15=0x00000000
     135235.000 ns	     13522	80002f94	2107a3d3	fsgnjx.s	f7,f15,f16	 f15:0x7fc00000 f16:0x3f800000  f7=0x7fc00000
     135255.000 ns	     13524	80002f98	419a04b3	sub	x9,x20,x25	 x20:0x00000000 x25:0xffffbeb0  x9=0x00004150
     135275.000 ns	     13526	80002f9c	2193a4d3	fsgnjx.s	f9,f7,f25	  f7:0x7fc00000 f25:0x00000000  f9=0x7fc00000
     135305.000 ns	     13529	80002fa0	e0001353	fclass.s	x6,f0	  f0:0x4f7ffffd  x6=0x00000040
     135325.000 ns	     13531	80002fa4	00ad8133	add	x2,x27,x10	 x27:0x00000000 x10:0x0050c000  x2=0x0050c000
     135335.000 ns	     13532	80002fa8	c9d98e13	addi	x28,x19,-867	 x19:0x00000000 x28=0xfffffc9d
     135355.000 ns	     13534	80002fac	e0099fd3	fclass.s	x31,f19	 f19:0x80041024 x31=0x00000004
     135405.000 ns	     13539	80002fb0	08a9f953	fsub.s	f18,f19,f10	 f19:0x80041024 f10:0x1f350483 f18=0x9f350483
     135435.000 ns	     13542	80002fb4	202c1b53	fsgnjn.s	f22,f24,f2	 f24:0x7fc00000  f2:0x7fc00000 f22=0xffc00000
     135465.000 ns	     13545	80002fb8	20bc1253	fsgnjn.s	f4,f24,f11	 f24:0x7fc00000 f11:0x4f000410  f4=0xffc00000
     135515.000 ns	     13550	80002fbc	01a5ca53	fadd.s	f20,f11,f26	 f11:0x4f000410 f26:0x00000000 f20=0x4f000410
     135535.000 ns	     13552	80002fc0	dd643493	sltiu	x9,x8,-554	  x8:0xffffffff  x9=0x00000000
     135555.000 ns	     13554	80002fc4	d00393d3	fcvt.s.w	f7,x7	  x7:0xffffffff  f7=0xbf800000
     135575.000 ns	     13556	80002fc8	a138de17	auipc	x28,0xa138d	 x28=0x2138ffc8
     135585.000 ns	     13557	80002fcc	015c5013	srli	x0,x24,0x15	 x24:0x00000000
     135615.000 ns	     13560	80002fd0	197dc953	fdiv.s	f18,f27,f23	 f27:0x7fc00000 f23:0x7fc00000 f18=0x7fc00000
     135645.000 ns	     13563	80002fd4	024235b3	mulhu	x11,x4,x4	  x4:0x00000000  x4:0x00000000 x11=0x00000000
     135675.000 ns	     13566	80002fd8	20a51053	fsgnjn.s	f0,f10,f10	 f10:0x1f350483 f10:0x1f350483  f0=0x9f350483
     135715.000 ns	     13570	80002fdc	189cb553	fdiv.s	f10,f25,f9	 f25:0x00000000  f9:0x7fc00000 f10=0x7fc00000
     135745.000 ns	     13573	80002fe0	02c1c533	div	x10,x3,x12	  x3:0x00000000 x12:0x00000000 x10=0xffffffff
     135775.000 ns	     13576	80002fe4	f0000d53	fmv.w.x	f26,x0	  x0:0x00000000 f26=0x00000000
     135795.000 ns	     13578	80002fe8	001e9e93	slli	x29,x29,0x1	 x29:0xffffbeb0 x29=0xffff7d60
     135825.000 ns	     13581	80002fec	18b979d3	fdiv.s	f19,f18,f11	 f18:0x7fc00000 f11:0x4f000410 f19=0x7fc00000
     135855.000 ns	     13584	80002ff0	d01d7553	fcvt.s.wu	f10,x26	 x26:0x00000000 f10=0x00000000
     135885.000 ns	     13587	80002ff4	a01ea553	feq.s	x10,f29,f1	 f29:0x7fc00000  f1:0x7fc00000 x10=0x00000000
     135915.000 ns	     13590	80002ff8	2090a1d3	fsgnjx.s	f3,f1,f9	  f1:0x7fc00000  f9:0x7fc00000  f3=0x7fc00000
     135945.000 ns	     13593	80002ffc	d01379d3	fcvt.s.wu	f19,x6	  x6:0x00000040 f19=0x42800000
     135975.000 ns	     13596	80003000	e00d8d53	fmv.x.w	x26,f27	 f27:0x7fc00000 x26=0x7fc00000
     136345.000 ns	     13633	80003004	03a7fcb3	remu	x25,x15,x26	 x15:0x00000000 x26:0x00000000 x25=0x00000000
     136375.000 ns	     13636	80003008	d01ef9d3	fcvt.s.wu	f19,x29	 x29:0xffff7d60 f19=0x4f7fff7d
     136405.000 ns	     13639	8000300c	02b98fb3	mul	x31,x19,x11	 x19:0x00000000 x11:0x00000000 x31=0x00000000
     136435.000 ns	     13642	80003010	039d8b33	mul	x22,x27,x25	 x27:0x00000000 x25:0x00000000 x22=0x00000000
     136455.000 ns	     13644	80003014	00ad0e33	add	x28,x26,x10	 x26:0x7fc00000 x10:0x00000000 x28=0x7fc00000
     136475.000 ns	     13646	80003018	a08f9453	flt.s	x8,f31,f8	 f31:0x00000000  f8:0x7fc00000  x8=0x00000000
     136505.000 ns	     13649	8000301c	02d35633	divu	x12,x6,x13	  x6:0x00000040 x13:0x00000000 x12=0xffffffff
     136535.000 ns	     13652	80003020	c00f7b53	fcvt.w.s	x22,f30	 f30:0x4f000410 x22=0x7fffffff
     136905.000 ns	     13689	80003024	036e5533	divu	x10,x28,x22	 x28:0x7fc00000 x22:0x00000000 x10=0x00000000
     136925.000 ns	     13691	80003028	d48140b7	lui	x1,0xd4814	  x1=0xd4814000
     136935.000 ns	     13692	8000302c	9d09aa93	slti	x21,x19,-1584	 x19:0x00000000 x21=0x00000000
     136955.000 ns	     13694	80003030	023213b3	mulh	x7,x4,x3	  x4:0x00000000  x3:0x00000000  x7=0x00000000
     136975.000 ns	     13696	80003034	010fe4b3	or	x9,x31,x16	 x31:0x00000000 x16:0x00000000  x9=0x00000000
     136995.000 ns	     13698	80003038	03c51c33	mulh	x24,x10,x28	 x10:0x00000000 x28:0x7fc00000 x24=0x00000000
     137025.000 ns	     13701	8000303c	03431633	mulh	x12,x6,x20	  x6:0x00000040 x20:0x00000000 x12=0x00000000
     137045.000 ns	     13703	80003040	011bf533	and	x10,x23,x17	 x23:0x80040fe4 x17:0xfffffeff x10=0x80040ee4
     137055.000 ns	     13704	80003044	73284513	xori	x10,x16,1842	 x16:0x00000000 x10=0x00000732
     137065.000 ns	     13705	80003048	da9b7a37	lui	x20,0xda9b7	 x20=0xda9b7000
     137075.000 ns	     13706	8000304c	001d6db3	or	x27,x26,x1	 x26:0x7fc00000  x1:0xd4814000 x27=0xffc14000
     137085.000 ns	     13707	80003050	7627b6b7	lui	x13,0x7627b	 x13=0x7627b000
     137095.000 ns	     13708	80003054	002a5e13	srli	x28,x20,0x2	 x20:0xda9b7000 x28=0x36a6dc00
     137115.000 ns	     13710	80003058	02b7e5b3	rem	x11,x15,x11	 x15:0x00000000 x11:0x00000000 x11=0x00000000
     137145.000 ns	     13713	8000305c	e0060cd3	fmv.x.w	x25,f12	 f12:0x7fc00000 x25=0x7fc00000
     137165.000 ns	     13715	80003060	00d95293	srli	x5,x18,0xd	 x18:0x80041024  x5=0x00040020
     137175.000 ns	     13716	80003064	01b65c33	srl	x24,x12,x27	 x12:0x00000000 x27:0xffc14000 x24=0x00000000
     137185.000 ns	     13717	80003068	002e9c13	slli	x24,x29,0x2	 x29:0xffff7d60 x24=0xfffdf580
     137205.000 ns	     13719	8000306c	c0127ad3	fcvt.wu.s	x21,f4	  f4:0xffc00000 x21=0xffffffff
     137235.000 ns	     13722	80003070	20cc8fd3	fsgnj.s	f31,f25,f12	 f25:0x00000000 f12:0x7fc00000 f31=0x00000000
     137255.000 ns	     13724	80003074	41f2d9b3	sra	x19,x5,x31	  x5:0x00040020 x31:0x00000000 x19=0x00040020
     137265.000 ns	     13725	80003078	bac31e97	auipc	x29,0xbac31	 x29=0x3ac34078
     137285.000 ns	     13727	8000307c	d01e4bd3	fcvt.s.wu	f23,x28	 x28:0x36a6dc00 f23=0x4e5a9b70
     137315.000 ns	     13730	80003080	038e8d33	mul	x26,x29,x24	 x29:0xffff7d60 x24:0xfffdf580 x26=0x7ceb1400
     137335.000 ns	     13732	80003084	0195a833	slt	x16,x11,x25	 x11:0x00000000 x25:0x7fc00000 x16=0x00000001
     137355.000 ns	     13734	80003088	f0028ed3	fmv.w.x	f29,x5	  x5:0x00040020 f29=0x00040020
     137405.000 ns	     13739	8000308c	08f07453	fsub.s	f8,f0,f15	  f0:0x9f350483 f15:0x7fc00000  f8=0x7fc00000
     137435.000 ns	     13742	80003090	a0e80353	fle.s	x6,f16,f14	 f16:0x3f800000 f14:0x7fc00000  x6=0x00000000
     137465.000 ns	     13745	80003094	21fba6d3	fsgnjx.s	f13,f23,f31	 f23:0x4e5a9b70 f31:0x00000000 f13=0x4e5a9b70
     137495.000 ns	     13748	80003098	e0091ed3	fclass.s	x29,f18	 f18:0x7fc00000 x29=0x00000200
     137515.000 ns	     13750	8000309c	36233793	sltiu	x15,x6,866	  x6:0x00000000 x15=0x00000001
     137525.000 ns	     13751	800030a0	ec5402b7	lui	x5,0xec540	  x5=0xec540000
     137545.000 ns	     13753	800030a4	e00d03d3	fmv.x.w	x7,f26	 f26:0x00000000  x7=0x00000000
     137565.000 ns	     13755	800030a8	83c9a113	slti	x2,x19,-1988	 x19:0x00040020  x2=0x00000000
     137595.000 ns	     13758	800030ac	58047753	fsqrt.s	f14,f8	  f8:0x7fc00000 f14=0x7fc00000
     137625.000 ns	     13761	800030b0	d0047ad3	fcvt.s.w	f21,x8	  x8:0x00000000 f21=0x00000000
     137645.000 ns	     13763	800030b4	011f55b3	srl	x11,x30,x17	 x30:0x00000000 x17:0xfffffeff x11=0x00000000
     137665.000 ns	     13765	800030b8	c000fe53	fcvt.w.s	x28,f1	  f1:0x7fc00000 x28=0x7fffffff
     137685.000 ns	     13767	800030bc	000e78b3	and	x17,x28,x0	 x28:0x36a6dc00  x0:0x00000000 x17=0x00000000
     137705.000 ns	     13769	800030c0	0280aeb3	mulhsu	x29,x1,x8	  x1:0xd4814000  x8:0x00000000 x29=0x00000000
     137735.000 ns	     13772	800030c4	03c09333	mulh	x6,x1,x28	  x1:0xd4814000 x28:0x7fffffff  x6=0xea40a000
     137765.000 ns	     13775	800030c8	023fbfb3	mulhu	x31,x31,x3	 x31:0x00000000  x3:0x00000000 x31=0x00000000
     137785.000 ns	     13777	800030cc	4114dd93	srai	x27,x9,0x11	  x9:0x00000000 x27=0x00000000
     137805.000 ns	     13779	800030d0	c01538d3	fcvt.wu.s	x17,f10	 f10:0x00000000 x17=0x00000000
     137855.000 ns	     13784	800030d4	01967253	fadd.s	f4,f12,f25	 f12:0x7fc00000 f25:0x00000000  f4=0x7fc00000
     137885.000 ns	     13787	800030d8	a0df2c53	feq.s	x24,f30,f13	 f30:0x4f000410 f13:0x4e5a9b70 x24=0x00000000
     137915.000 ns	     13790	800030dc	02eea033	mulhsu	x0,x29,x14	 x29:0x00000000 x14:0x80000000
     137945.000 ns	     13793	800030e0	29bb99d3	fmax.s	f19,f23,f27	 f23:0x4e5a9b70 f27:0x7fc00000 f19=0x4e5a9b70
     137965.000 ns	     13795	800030e4	008cda33	srl	x20,x25,x8	 x25:0x7fc00000  x8:0x00000000 x20=0x7fc00000
     137975.000 ns	     13796	800030e8	016718b3	sll	x17,x14,x22	 x14:0x80000000 x22:0x7fffffff x17=0x00000000
     137985.000 ns	     13797	800030ec	884d7017	auipc	x0,0x884d7	
     138005.000 ns	     13799	800030f0	a17907d3	fle.s	x15,f18,f23	 f18:0x7fc00000 f23:0x4e5a9b70 x15=0x00000000
     138025.000 ns	     13801	800030f4	00da61b3	or	x3,x20,x13	 x20:0x7fc00000 x13:0x7627b000  x3=0x7fe7b000
     138035.000 ns	     13802	800030f8	41eb88b3	sub	x17,x23,x30	 x23:0x80040fe4 x30:0x00000000 x17=0x80040fe4
     138045.000 ns	     13803	800030fc	3e1e8193	addi	x3,x29,993	 x29:0x00000000  x3=0x000003e1
     138065.000 ns	     13805	80003100	28bd0653	fmin.s	f12,f26,f11	 f26:0x00000000 f11:0x4f000410 f12=0x00000000
     138095.000 ns	     13808	80003104	a0979e53	flt.s	x28,f15,f9	 f15:0x7fc00000  f9:0x7fc00000 x28=0x00000000
     138115.000 ns	     13810	80003108	00fcfa33	and	x20,x25,x15	 x25:0x7fc00000 x15:0x00000000 x20=0x00000000
     138135.000 ns	     13812	8000310c	288b1b53	fmax.s	f22,f22,f8	 f22:0xffc00000  f8:0x7fc00000 f22=0x7fc00000
     138165.000 ns	     13815	80003110	e0001253	fclass.s	x4,f0	  f0:0x9f350483  x4=0x00000002
     138195.000 ns	     13818	80003114	c00b2ed3	fcvt.w.s	x29,f22	 f22:0x7fc00000 x29=0x7fffffff
     138235.000 ns	     13822	80003118	1910f0d3	fdiv.s	f1,f1,f17	  f1:0x7fc00000 f17:0x00000000  f1=0x7fc00000
     138275.000 ns	     13826	8000311c	58049fd3	fsqrt.s	f31,f9	  f9:0x7fc00000 f31=0x7fc00000
     138295.000 ns	     13828	80003120	40848cb3	sub	x25,x9,x8	  x9:0x00000000  x8:0x00000000 x25=0x00000000
     138315.000 ns	     13830	80003124	c01f4e53	fcvt.wu.s	x28,f30	 f30:0x4f000410 x28=0x80041000
     138345.000 ns	     13833	80003128	c00af653	fcvt.w.s	x12,f21	 f21:0x00000000 x12=0x00000000
     138365.000 ns	     13835	8000312c	00fc8033	add	x0,x25,x15	 x25:0x00000000 x15:0x00000000
     138385.000 ns	     13837	80003130	0359bdb3	mulhu	x27,x19,x21	 x19:0x00040020 x21:0xffffffff x27=0x0004001f
     138405.000 ns	     13839	80003134	01035993	srli	x19,x6,0x10	  x6:0xea40a000 x19=0x0000ea40
     138415.000 ns	     13840	80003138	1d4b6a37	lui	x20,0x1d4b6	 x20=0x1d4b6000
     138435.000 ns	     13842	8000313c	02d88833	mul	x16,x17,x13	 x17:0x80040fe4 x13:0x7627b000 x16=0x4ea8c000
     138475.000 ns	     13846	80003140	19fc4853	fdiv.s	f16,f24,f31	 f24:0x7fc00000 f31:0x7fc00000 f16=0x7fc00000
     138505.000 ns	     13849	80003144	03f1b233	mulhu	x4,x3,x31	  x3:0x000003e1 x31:0x00000000  x4=0x00000000
     138525.000 ns	     13851	80003148	01609513	slli	x10,x1,0x16	  x1:0xd4814000 x10=0x00000000
     138535.000 ns	     13852	8000314c	00d51eb3	sll	x29,x10,x13	 x10:0x00000732 x13:0x7627b000 x29=0x00000000
     138545.000 ns	     13853	80003150	01251793	slli	x15,x10,0x12	 x10:0x00000732 x15=0x00000000
     138565.000 ns	     13855	80003154	e00997d3	fclass.s	x15,f19	 f19:0x4e5a9b70 x15=0x00000040
     138585.000 ns	     13857	80003158	fb870793	addi	x15,x14,-72	 x14:0x80000000 x15=0x7fffffb8
     138595.000 ns	     13858	8000315c	3c848f93	addi	x31,x9,968	  x9:0x00000000 x31=0x000003c8
     138615.000 ns	     13860	80003160	f00688d3	fmv.w.x	f17,x13	 x13:0x7627b000 f17=0x7627b000
     138635.000 ns	     13862	80003164	cbd83a13	sltiu	x20,x16,-835	 x16:0x4ea8c000 x20=0x00000001
     138645.000 ns	     13863	80003168	d2d71d97	auipc	x27,0xd2d71	 x27=0x52d74168
     138665.000 ns	     13865	8000316c	c00316d3	fcvt.w.s	x13,f6	  f6:0x7fc00000 x13=0x7fffffff
     138685.000 ns	     13867	80003170	34ed0097	auipc	x1,0x34ed0	  x1=0xb4ed3170
     138705.000 ns	     13869	80003174	03f93533	mulhu	x10,x18,x31	 x18:0x80041024 x31:0x000003c8 x10=0x000001e4
     138725.000 ns	     13871	80003178	7da44393	xori	x7,x8,2010	  x8:0x00000000  x7=0x000007da
     138735.000 ns	     13872	8000317c	d8507693	andi	x13,x0,-635	  x0:0x00000000 x13=0x00000000
     138745.000 ns	     13873	80003180	40750033	sub	x0,x10,x7	 x10:0x000001e4  x7:0x00000000
     138765.000 ns	     13875	80003184	c0177553	fcvt.wu.s	x10,f14	 f14:0x7fc00000 x10=0xffffffff
     138815.000 ns	     13880	80003188	015f7e53	fadd.s	f28,f30,f21	 f30:0x4f000410 f21:0x00000000 f28=0x4f000410
     138835.000 ns	     13882	8000318c	f070be13	sltiu	x28,x1,-249	  x1:0xb4ed3170 x28=0x00000001
     138855.000 ns	     13884	80003190	02c94fb3	div	x31,x18,x12	 x18:0x80041024 x12:0x00000000 x31=0xffffffff
     139225.000 ns	     13921	80003194	0370f2b3	remu	x5,x1,x23	  x1:0xb4ed3170 x23:0x80040fe4  x5=0x34e9218c
     139245.000 ns	     13923	80003198	401d8d33	sub	x26,x27,x1	 x27:0x52d74168  x1:0xb4ed3170 x26=0x9dea0ff8
     139265.000 ns	     13925	8000319c	d00b26d3	fcvt.s.w	f13,x22	 x22:0x7fffffff f13=0x4f000000
     139285.000 ns	     13927	800031a0	41745193	srai	x3,x8,0x17	  x8:0x00000000  x3=0x00000000
     139295.000 ns	     13928	800031a4	0049d693	srli	x13,x19,0x4	 x19:0x0000ea40 x13=0x00000ea4
     139315.000 ns	     13930	800031a8	d01d7cd3	fcvt.s.wu	f25,x26	 x26:0x9dea0ff8 f25=0x4f1dea0f
     139345.000 ns	     13933	800031ac	207f02d3	fsgnj.s	f5,f30,f7	 f30:0x4f000410  f7:0xbf800000  f5=0xcf000410
     139375.000 ns	     13936	800031b0	a12b1653	flt.s	x12,f22,f18	 f22:0x7fc00000 f18:0x7fc00000 x12=0x00000000
     139395.000 ns	     13938	800031b4	0180f633	and	x12,x1,x24	  x1:0xb4ed3170 x24:0x00000000 x12=0x00000000
     139425.000 ns	     13941	800031b8	11c2f153	fmul.s	f2,f5,f28	  f5:0xcf000410 f28:0x4f000410  f2=0xde800820
     139465.000 ns	     13945	800031bc	58027053	fsqrt.s	f0,f4	  f4:0x7fc00000  f0=0x7fc00000
     140605.000 ns	     14059	800031c0	5805fcd3	fsqrt.s	f25,f11	 f11:0x4f000410 f25=0x46b50a40
     140625.000 ns	     14061	800031c4	00abf4b3	and	x9,x23,x10	 x23:0x80040fe4 x10:0xffffffff  x9=0x80040fe4
     140645.000 ns	     14063	800031c8	03e2cf33	div	x30,x5,x30	  x5:0x34e9218c x30:0x00000000 x30=0xffffffff
     140675.000 ns	     14066	800031cc	c01a71d3	fcvt.wu.s	x3,f20	 f20:0x4f000410  x3=0x80041000
     140695.000 ns	     14068	800031d0	01336f33	or	x30,x6,x19	  x6:0xea40a000 x19:0x0000ea40 x30=0xea40ea40
     140705.000 ns	     14069	800031d4	016b83b3	add	x7,x23,x22	 x23:0x80040fe4 x22:0x7fffffff  x7=0x00040fe3
     140725.000 ns	     14071	800031d8	21b1a5d3	fsgnjx.s	f11,f3,f27	  f3:0x7fc00000 f27:0x7fc00000 f11=0x7fc00000
     140745.000 ns	     14073	800031dc	076eef13	ori	x30,x29,118	 x29:0x00000000 x30=0x00000076
     140765.000 ns	     14075	800031e0	a0152553	feq.s	x10,f10,f1	 f10:0x00000000  f1:0x7fc00000 x10=0x00000000
     140785.000 ns	     14077	800031e4	006effb3	and	x31,x29,x6	 x29:0x00000000  x6:0xea40a000 x31=0x00000000
     140795.000 ns	     14078	800031e8	019b7e33	and	x28,x22,x25	 x22:0x7fffffff x25:0x00000000 x28=0x00000000
     140805.000 ns	     14079	800031ec	00236ab3	or	x21,x6,x2	  x6:0xea40a000  x2:0x00000000 x21=0xea40a000
     140815.000 ns	     14080	800031f0	019b12b3	sll	x5,x22,x25	 x22:0x7fffffff x25:0x00000000  x5=0x7fffffff
     140825.000 ns	     14081	800031f4	4dbb8693	addi	x13,x23,1243	 x23:0x80040fe4 x13=0x800414bf
     140835.000 ns	     14082	800031f8	40bed093	srai	x1,x29,0xb	 x29:0x00000000  x1=0x00000000
     140855.000 ns	     14084	800031fc	d0191453	fcvt.s.wu	f8,x18	 x18:0x80041024  f8=0x4f000410
     140885.000 ns	     14087	80003200	f00a0cd3	fmv.w.x	f25,x20	 x20:0x00000001 f25=0x00000001
     140915.000 ns	     14090	80003204	d0049cd3	fcvt.s.w	f25,x9	  x9:0x80040fe4 f25=0xcefff7e0
     140935.000 ns	     14092	80003208	408ed833	sra	x16,x29,x8	 x29:0x00000000  x8:0x00000000 x16=0x00000000
     140945.000 ns	     14093	8000320c	00000013	addi	x0,x0,0	  x0:0x00000000
     140965.000 ns	     14095	80003210	c01538d3	fcvt.wu.s	x17,f10	 f10:0x00000000 x17=0x00000000
     141005.000 ns	     14099	80003214	18649653	fdiv.s	f12,f9,f6	  f9:0x7fc00000  f6:0x7fc00000 f12=0x7fc00000
     141035.000 ns	     14102	80003218	a0460f53	fle.s	x30,f12,f4	 f12:0x00000000  f4:0x7fc00000 x30=0x00000000
     141405.000 ns	     14139	8000321c	034d4eb3	div	x29,x26,x20	 x26:0x9dea0ff8 x20:0x00000001 x29=0x9dea0ff8
     141425.000 ns	     14141	80003220	013cc4b3	xor	x9,x25,x19	 x25:0x00000000 x19:0x0000ea40  x9=0x0000ea40
     141435.000 ns	     14142	80003224	01aef333	and	x6,x29,x26	 x29:0x9dea0ff8 x26:0x9dea0ff8  x6=0x9dea0ff8
     141795.000 ns	     14178	80003228	0230ee33	rem	x28,x1,x3	  x1:0x00000000  x3:0x80041000 x28=0x00000000
     141815.000 ns	     14180	8000322c	dc1f8e13	addi	x28,x31,-575	 x31:0x00000000 x28=0xfffffdc1
     141835.000 ns	     14182	80003230	e00e8853	fmv.x.w	x16,f29	 f29:0x00040020 x16=0x00040020
     141855.000 ns	     14184	80003234	01a5acb3	slt	x25,x11,x26	 x11:0x00000000 x26:0x9dea0ff8 x25=0x00000000
     141875.000 ns	     14186	80003238	29f39953	fmax.s	f18,f7,f31	  f7:0xbf800000 f31:0x7fc00000 f18=0xbf800000
     141895.000 ns	     14188	8000323c	01c3aeb3	slt	x29,x7,x28	  x7:0x00040fe3 x28:0xfffffdc1 x29=0x00000000
     141905.000 ns	     14189	80003240	00208cb3	add	x25,x1,x2	  x1:0x00000000  x2:0x00000000 x25=0x00000000
     141935.000 ns	     14192	80003244	18bc1353	fdiv.s	f6,f24,f11	 f24:0x7fc00000 f11:0x7fc00000  f6=0x7fc00000
     141955.000 ns	     14194	80003248	00bf36b3	sltu	x13,x30,x11	 x30:0x00000000 x11:0x00000000 x13=0x00000000
     141975.000 ns	     14196	8000324c	c00d9053	fcvt.w.s	x0,f27	 f27:0x7fc00000
     142005.000 ns	     14199	80003250	0359aeb3	mulhsu	x29,x19,x21	 x19:0x0000ea40 x21:0xea40a000 x29=0x0000d659
     142035.000 ns	     14202	80003254	e0089253	fclass.s	x4,f17	 f17:0x7627b000  x4=0x00000040
     142055.000 ns	     14204	80003258	01d9e6b3	or	x13,x19,x29	 x19:0x0000ea40 x29:0x0000d659 x13=0x0000fe59
     142065.000 ns	     14205	8000325c	0021d633	srl	x12,x3,x2	  x3:0x80041000  x2:0x00000000 x12=0x80041000
     142085.000 ns	     14207	80003260	036aba33	mulhu	x20,x21,x22	 x21:0xea40a000 x22:0x7fffffff x20=0x75204fff
     142115.000 ns	     14210	80003264	f00e0a53	fmv.w.x	f20,x28	 x28:0xfffffdc1 f20=0xfffffdc1
     142145.000 ns	     14213	80003268	20af19d3	fsgnjn.s	f19,f30,f10	 f30:0x4f000410 f10:0x00000000 f19=0xcf000410
     142195.000 ns	     14218	8000326c	096df4d3	fsub.s	f9,f27,f22	 f27:0x7fc00000 f22:0x7fc00000  f9=0x7fc00000
     142225.000 ns	     14221	80003270	c00d97d3	fcvt.w.s	x15,f27	 f27:0x7fc00000 x15=0x7fffffff
     142245.000 ns	     14223	80003274	401ed533	sra	x10,x29,x1	 x29:0x0000d659  x1:0x00000000 x10=0x0000d659
     142265.000 ns	     14225	80003278	a05fa0d3	feq.s	x1,f31,f5	 f31:0x7fc00000  f5:0xcf000410  x1=0x00000000
     142635.000 ns	     14262	8000327c	02e849b3	div	x19,x16,x14	 x16:0x00040020 x14:0x80000000 x19=0x00000000
     142665.000 ns	     14265	80003280	02a53f33	mulhu	x30,x10,x10	 x10:0x0000d659 x10:0x0000d659 x30=0x00000000
     142685.000 ns	     14267	80003284	0111d1b3	srl	x3,x3,x17	  x3:0x80041000 x17:0x00000000  x3=0x80041000
     142695.000 ns	     14268	80003288	03393013	sltiu	x0,x18,51	 x18:0x80041024
     142725.000 ns	     14271	8000328c	11f8f4d3	fmul.s	f9,f17,f31	 f17:0x7627b000 f31:0x7fc00000  f9=0x7fc00000
     142755.000 ns	     14274	80003290	028e8e33	mul	x28,x29,x8	 x29:0x0000d659  x8:0x00000000 x28=0x00000000
     142775.000 ns	     14276	80003294	febdf837	lui	x16,0xfebdf	 x16=0xfebdf000
     142785.000 ns	     14277	80003298	41905313	srai	x6,x0,0x19	  x0:0x00000000  x6=0x00000000
     142805.000 ns	     14279	8000329c	21962453	fsgnjx.s	f8,f12,f25	 f12:0x7fc00000 f25:0xcefff7e0  f8=0xffc00000
     142835.000 ns	     14282	800032a0	21f21c53	fsgnjn.s	f24,f4,f31	  f4:0x7fc00000 f31:0x7fc00000 f24=0xffc00000
     143205.000 ns	     14319	800032a4	023970b3	remu	x1,x18,x3	 x18:0x80041024  x3:0x80041000  x1=0x00000024
     143255.000 ns	     14324	800032a8	09603753	fsub.s	f14,f0,f22	  f0:0x7fc00000 f22:0x7fc00000 f14=0x7fc00000
     143285.000 ns	     14327	800032ac	02e10d33	mul	x26,x2,x14	  x2:0x00000000 x14:0x80000000 x26=0x00000000
     143315.000 ns	     14330	800032b0	034d26b3	mulhsu	x13,x26,x20	 x26:0x9dea0ff8 x20:0x75204fff x13=0x00000000
     143345.000 ns	     14333	800032b4	21588ad3	fsgnj.s	f21,f17,f21	 f17:0x7627b000 f21:0x00000000 f21=0x7627b000
     143365.000 ns	     14335	800032b8	006390b3	sll	x1,x7,x6	  x7:0x00040fe3  x6:0x00000000  x1=0x00040fe3
     143385.000 ns	     14337	800032bc	d00cb253	fcvt.s.w	f4,x25	 x25:0x00000000  f4=0x00000000
     143415.000 ns	     14340	800032c0	03b811b3	mulh	x3,x16,x27	 x16:0xfebdf000 x27:0x52d74168  x3=0xff97c812
     143435.000 ns	     14342	800032c4	00a15fb3	srl	x31,x2,x10	  x2:0x00000000 x10:0x0000d659 x31=0x00000000
     143445.000 ns	     14343	800032c8	aeac4113	xori	x2,x24,-1302	 x24:0x00000000  x2=0xfffffaea
     143455.000 ns	     14344	800032cc	88bbfa93	andi	x21,x23,-1909	 x23:0x80040fe4 x21=0x80040880
     143495.000 ns	     14348	800032d0	01bfcb53	fadd.s	f22,f31,f27	 f31:0x7fc00000 f27:0x7fc00000 f22=0x7fc00000
     143515.000 ns	     14350	800032d4	002f3833	sltu	x16,x30,x2	 x30:0x00000000  x2:0xfffffaea x16=0x00000001
     143525.000 ns	     14351	800032d8	41235d93	srai	x27,x6,0x12	  x6:0x00000000 x27=0x00000000
     143535.000 ns	     14352	800032dc	2b68b593	sltiu	x11,x17,694	 x17:0x00000000 x11=0x00000001
     143545.000 ns	     14353	800032e0	8283b293	sltiu	x5,x7,-2008	  x7:0x00040fe3  x5=0x00000001
     143565.000 ns	     14355	800032e4	20339453	fsgnjn.s	f8,f7,f3	  f7:0xbf800000  f3:0x7fc00000  f8=0xbf800000
     143585.000 ns	     14357	800032e8	013ad533	srl	x10,x21,x19	 x21:0x80040880 x19:0x00000000 x10=0x80040880
     143605.000 ns	     14359	800032ec	02bf29b3	mulhsu	x19,x30,x11	 x30:0x00000000 x11:0x00000001 x19=0x00000000
     143625.000 ns	     14361	800032f0	006585b3	add	x11,x11,x6	 x11:0x00000001  x6:0x00000000 x11=0x00000001
     143635.000 ns	     14362	800032f4	003effb3	and	x31,x29,x3	 x29:0x0000d659  x3:0xff97c812 x31=0x0000c010
     143655.000 ns	     14364	800032f8	20ababd3	fsgnjx.s	f23,f23,f10	 f23:0x4e5a9b70 f10:0x00000000 f23=0x4e5a9b70
     143675.000 ns	     14366	800032fc	40c1df33	sra	x30,x3,x12	  x3:0xff97c812 x12:0x80041000 x30=0xff97c812
     143685.000 ns	     14367	80003300	00156d33	or	x26,x10,x1	 x10:0x80040880  x1:0x00040fe3 x26=0x80040fe3
     143725.000 ns	     14371	80003304	0918c753	fsub.s	f14,f17,f17	 f17:0x7627b000 f17:0x7627b000 f14=0x80000000
     143745.000 ns	     14373	80003308	002956b3	srl	x13,x18,x2	 x18:0x80041024  x2:0xfffffaea x13=0x00200104
     143755.000 ns	     14374	8000330c	00e42833	slt	x16,x8,x14	  x8:0x00000000 x14:0x80000000 x16=0x00000000
     143775.000 ns	     14376	80003310	206406d3	fsgnj.s	f13,f8,f6	  f8:0xbf800000  f6:0x7fc00000 f13=0x3f800000
     143795.000 ns	     14378	80003314	fd1cc013	xori	x0,x25,-47	 x25:0x00000000
     143805.000 ns	     14379	80003318	018ed7b3	srl	x15,x29,x24	 x29:0x0000d659 x24:0x00000000 x15=0x0000d659
     143835.000 ns	     14382	8000331c	1841f053	fdiv.s	f0,f3,f4	  f3:0x7fc00000  f4:0x00000000  f0=0x7fc00000
     143855.000 ns	     14384	80003320	406bd013	srai	x0,x23,0x6	 x23:0x80040fe4
     143865.000 ns	     14385	80003324	012d1d33	sll	x26,x26,x18	 x26:0x80040fe3 x18:0x80041024 x26=0x0040fe30
     143885.000 ns	     14387	80003328	03844233	div	x4,x8,x24	  x8:0x00000000 x24:0x00000000  x4=0xffffffff
     143915.000 ns	     14390	8000332c	e00d83d3	fmv.x.w	x7,f27	 f27:0x7fc00000  x7=0x7fc00000
     143945.000 ns	     14393	80003330	f0030953	fmv.w.x	f18,x6	  x6:0x00000000 f18=0x00000000
     143975.000 ns	     14396	80003334	022faf33	mulhsu	x30,x31,x2	 x31:0x0000c010  x2:0xfffffaea x30=0x0000c00f
     143995.000 ns	     14398	80003338	8b5bef93	ori	x31,x23,-1867	 x23:0x80040fe4 x31=0xfffffff5
     144005.000 ns	     14399	8000333c	4ac1ea13	ori	x20,x3,1196	  x3:0xff97c812 x20=0xff97ccbe
     144025.000 ns	     14401	80003340	03e328b3	mulhsu	x17,x6,x30	  x6:0x00000000 x30:0x0000c00f x17=0x00000000
     144055.000 ns	     14404	80003344	c0107153	fcvt.wu.s	x2,f0	  f0:0x7fc00000  x2=0xffffffff
     144075.000 ns	     14406	80003348	c1b34f93	xori	x31,x6,-997	  x6:0x00000000 x31=0xfffffc1b
     144085.000 ns	     14407	8000334c	e7e57893	andi	x17,x10,-386	 x10:0x80040880 x17=0x80040800
     144105.000 ns	     14409	80003350	c018f653	fcvt.wu.s	x12,f17	 f17:0x7627b000 x12=0xffffffff
     144135.000 ns	     14412	80003354	034e9633	mulh	x12,x29,x20	 x29:0x0000d659 x20:0xff97ccbe x12=0xffffffa8
     144155.000 ns	     14414	80003358	00000013	addi	x0,x0,0	  x0:0x00000000
     144175.000 ns	     14416	8000335c	d0132fd3	fcvt.s.wu	f31,x6	  x6:0x00000000 f31=0x00000000
     144205.000 ns	     14419	80003360	a1c00d53	fle.s	x26,f0,f28	  f0:0x7fc00000 f28:0x4f000410 x26=0x00000000
     144235.000 ns	     14422	80003364	f00584d3	fmv.w.x	f9,x11	 x11:0x00000001  f9=0x00000001
     144255.000 ns	     14424	80003368	00f24c33	xor	x24,x4,x15	  x4:0xffffffff x15:0x0000d659 x24=0xffff29a6
     144265.000 ns	     14425	8000336c	0032e5b3	or	x11,x5,x3	  x5:0x00000001  x3:0xff97c812 x11=0xff97c813
     144275.000 ns	     14426	80003370	ca604e13	xori	x28,x0,-858	  x0:0x00000000 x28=0xfffffca6
     144285.000 ns	     14427	80003374	23960493	addi	x9,x12,569	 x12:0xffffffa8  x9=0x000001e1
     144305.000 ns	     14429	80003378	e00199d3	fclass.s	x19,f3	  f3:0x7fc00000 x19=0x00000200
     144325.000 ns	     14431	8000337c	409e8433	sub	x8,x29,x9	 x29:0x0000d659  x9:0x0000ea40  x8=0x0000d478
     144365.000 ns	     14435	80003380	0839fbd3	fsub.s	f23,f19,f3	 f19:0xcf000410  f3:0x7fc00000 f23=0x7fc00000
     144395.000 ns	     14438	80003384	d01c4d53	fcvt.s.wu	f26,x24	 x24:0xffff29a6 f26=0x4f7fff2a
     144765.000 ns	     14475	80003388	0377e233	rem	x4,x15,x23	 x15:0x0000d659 x23:0x80040fe4  x4=0x0000d659
     144785.000 ns	     14477	8000338c	01a38fb3	add	x31,x7,x26	  x7:0x7fc00000 x26:0x00000000 x31=0x7fc00000
     144805.000 ns	     14479	80003390	e0061453	fclass.s	x8,f12	 f12:0x7fc00000  x8=0x00000200
     144825.000 ns	     14481	80003394	8b41c093	xori	x1,x3,-1868	  x3:0xff97c812  x1=0x006830a6
     144835.000 ns	     14482	80003398	0050c9b3	xor	x19,x1,x5	  x1:0x00040fe3  x5:0x00000001 x19=0x006830a7
     144845.000 ns	     14483	8000339c	70c6a113	slti	x2,x13,1804	 x13:0x00200104  x2=0x00000000
     144865.000 ns	     14485	800033a0	020ca3b3	mulhsu	x7,x25,x0	 x25:0x00000000  x0:0x00000000  x7=0x00000000
     144915.000 ns	     14490	800033a4	09c279d3	fsub.s	f19,f4,f28	  f4:0x00000000 f28:0x4f000410 f19=0xcf000410
     144935.000 ns	     14492	800033a8	015c9833	sll	x16,x25,x21	 x25:0x00000000 x21:0x80040880 x16=0x00000000
     144945.000 ns	     14493	800033ac	40b75393	srai	x7,x14,0xb	 x14:0x80000000  x7=0xfff00000
     144955.000 ns	     14494	800033b0	c04dba93	sltiu	x21,x27,-1020	 x27:0x00000000 x21=0x00000001
     144965.000 ns	     14495	800033b4	407351b3	sra	x3,x6,x7	  x6:0x00000000  x7:0x00000000  x3=0x00000000
     144995.000 ns	     14498	800033b8	11d411d3	fmul.s	f3,f8,f29	  f8:0xbf800000 f29:0x00040020  f3=0x80040020
     145025.000 ns	     14501	800033bc	298a90d3	fmax.s	f1,f21,f24	 f21:0x7627b000 f24:0xffc00000  f1=0x7627b000
     145055.000 ns	     14504	800033c0	210718d3	fsgnjn.s	f17,f14,f16	 f14:0x80000000 f16:0x7fc00000 f17=0x80000000
     145085.000 ns	     14507	800033c4	20710ad3	fsgnj.s	f21,f2,f7	  f2:0xde800820  f7:0xbf800000 f21=0xde800820
     145135.000 ns	     14512	800033c8	015972d3	fadd.s	f5,f18,f21	 f18:0x00000000 f21:0x7627b000  f5=0xde800820
     145165.000 ns	     14515	800033cc	a14693d3	flt.s	x7,f13,f20	 f13:0x3f800000 f20:0xfffffdc1  x7=0x00000000
     145195.000 ns	     14518	800033d0	f00c8053	fmv.w.x	f0,x25	 x25:0x00000000  f0=0x00000000
     145215.000 ns	     14520	800033d4	00000013	addi	x0,x0,0	  x0:0x00000000
     145225.000 ns	     14521	800033d8	4186dc33	sra	x24,x13,x24	 x13:0x00200104 x24:0xffff29a6 x24=0x00008004
     145245.000 ns	     14523	800033dc	c019a853	fcvt.wu.s	x16,f19	 f19:0xcf000410 x16=0x80041000
     145265.000 ns	     14525	800033e0	e440a513	slti	x10,x1,-444	  x1:0x006830a6 x10=0x00000000
     145275.000 ns	     14526	800033e4	00000013	addi	x0,x0,0	  x0:0x00000000
     145295.000 ns	     14528	800033e8	02c31233	mulh	x4,x6,x12	  x6:0x00000000 x12:0xffffffa8  x4=0x00000000
     145345.000 ns	     14533	800033ec	01b4ae53	fadd.s	f28,f9,f27	  f9:0x00000001 f27:0x7fc00000 f28=0x7fc00000
     145365.000 ns	     14535	800033f0	51d8fe13	andi	x28,x17,1309	 x17:0x80040800 x28=0x00000000
     145385.000 ns	     14537	800033f4	0394d1b3	divu	x3,x9,x25	  x9:0x000001e1 x25:0x00000000  x3=0xffffffff
     145415.000 ns	     14540	800033f8	03dba333	mulhsu	x6,x23,x29	 x23:0x80040fe4 x29:0x0000d659  x6=0xffff94d6
     145435.000 ns	     14542	800033fc	00711693	slli	x13,x2,0x7	  x2:0x00000000 x13=0x00000000
     145445.000 ns	     14543	80003400	77b04e93	xori	x29,x0,1915	  x0:0x00000000 x29=0x0000077b
     145465.000 ns	     14545	80003404	a0d6a6d3	feq.s	x13,f13,f13	 f13:0x3f800000 f13:0x3f800000 x13=0x00000001
     145495.000 ns	     14548	80003408	20fa09d3	fsgnj.s	f19,f20,f15	 f20:0xfffffdc1 f15:0x7fc00000 f19=0x7ffffdc1
     145525.000 ns	     14551	8000340c	c0089e53	fcvt.w.s	x28,f17	 f17:0x80000000 x28=0x00000000
     145555.000 ns	     14554	80003410	024e6d33	rem	x26,x28,x4	 x28:0x00000000  x4:0x00000000 x26=0x00000000
     145575.000 ns	     14556	80003414	00605e33	srl	x28,x0,x6	  x0:0x00000000  x6:0xffff94d6 x28=0x00000000
     145585.000 ns	     14557	80003418	223d3493	sltiu	x9,x26,547	 x26:0x00000000  x9=0x00000001
     145605.000 ns	     14559	8000341c	a0aa2653	feq.s	x12,f20,f10	 f20:0xfffffdc1 f10:0x00000000 x12=0x00000000
     145625.000 ns	     14561	80003420	8d5a3037	lui	x0,0x8d5a3	
     145645.000 ns	     14563	80003424	20602d53	fsgnjx.s	f26,f0,f6	  f0:0x00000000  f6:0x7fc00000 f26=0x00000000
     145675.000 ns	     14566	80003428	a1459c53	flt.s	x24,f11,f20	 f11:0x7fc00000 f20:0xfffffdc1 x24=0x00000000
     145705.000 ns	     14569	8000342c	c01d23d3	fcvt.wu.s	x7,f26	 f26:0x00000000  x7=0x00000000
     145725.000 ns	     14571	80003430	f839b493	sltiu	x9,x19,-125	 x19:0x006830a7  x9=0x00000001
     145735.000 ns	     14572	80003434	010dd333	srl	x6,x27,x16	 x27:0x00000000 x16:0x80041000  x6=0x00000000
     145755.000 ns	     14574	80003438	e0039553	fclass.s	x10,f7	  f7:0xbf800000 x10=0x00000002
     145775.000 ns	     14576	8000343c	01fab233	sltu	x4,x21,x31	 x21:0x00000001 x31:0x7fc00000  x4=0x00000001
     145795.000 ns	     14578	80003440	29d30ed3	fmin.s	f29,f6,f29	  f6:0x7fc00000 f29:0x00040020 f29=0x00040020
     146165.000 ns	     14615	80003444	02d5ed33	rem	x26,x11,x13	 x11:0xff97c813 x13:0x00000001 x26=0x00000000
     146185.000 ns	     14617	80003448	00aaffb3	and	x31,x21,x10	 x21:0x00000001 x10:0x00000002 x31=0x00000000
     146195.000 ns	     14618	8000344c	3d11bc97	auipc	x25,0x3d11b	 x25=0xbd11e44c
     146215.000 ns	     14620	80003450	a14628d3	feq.s	x17,f12,f20	 f12:0x7fc00000 f20:0xfffffdc1 x17=0x00000000
     146235.000 ns	     14622	80003454	01fa50b3	srl	x1,x20,x31	 x20:0xff97ccbe x31:0x00000000  x1=0xff97ccbe
     146275.000 ns	     14626	80003458	01e57cd3	fadd.s	f25,f10,f30	 f10:0x00000000 f30:0x4f000410 f25=0x4f000410
     146295.000 ns	     14628	8000345c	fc151117	auipc	x2,0xfc151	  x2=0x7c15445c
     146315.000 ns	     14630	80003460	a14fa253	feq.s	x4,f31,f20	 f31:0x00000000 f20:0xfffffdc1  x4=0x00000000
     146345.000 ns	     14633	80003464	218123d3	fsgnjx.s	f7,f2,f24	  f2:0xde800820 f24:0xffc00000  f7=0x5e800820
     146375.000 ns	     14636	80003468	d00426d3	fcvt.s.w	f13,x8	  x8:0x00000200 f13=0x44000000
     146405.000 ns	     14639	8000346c	a0238fd3	fle.s	x31,f7,f2	  f7:0x5e800820  f2:0xde800820 x31=0x00000000
     146425.000 ns	     14641	80003470	67620237	lui	x4,0x67620	  x4=0x67620000
     146445.000 ns	     14643	80003474	a0380653	fle.s	x12,f16,f3	 f16:0x7fc00000  f3:0x80040020 x12=0x00000000
     146475.000 ns	     14646	80003478	20c39ad3	fsgnjn.s	f21,f7,f12	  f7:0x5e800820 f12:0x7fc00000 f21=0xde800820
     146505.000 ns	     14649	8000347c	20bd83d3	fsgnj.s	f7,f27,f11	 f27:0x7fc00000 f11:0x7fc00000  f7=0x7fc00000
     146525.000 ns	     14651	80003480	01c6b833	sltu	x16,x13,x28	 x13:0x00000001 x28:0x00000000 x16=0x00000000
     146545.000 ns	     14653	80003484	20aaacd3	fsgnjx.s	f25,f21,f10	 f21:0xde800820 f10:0x00000000 f25=0xde800820
     146575.000 ns	     14656	80003488	298002d3	fmin.s	f5,f0,f24	  f0:0x00000000 f24:0xffc00000  f5=0x00000000
     146595.000 ns	     14658	8000348c	771e7ab7	lui	x21,0x771e7	 x21=0x771e7000
     146605.000 ns	     14659	80003490	01e19893	slli	x17,x3,0x1e	  x3:0xffffffff x17=0xc0000000
     146645.000 ns	     14663	80003494	0806fc53	fsub.s	f24,f13,f0	 f13:0x44000000  f0:0x00000000 f24=0x44000000
     146675.000 ns	     14666	80003498	0386b233	mulhu	x4,x13,x24	 x13:0x00000001 x24:0x00000000  x4=0x00000000
     146695.000 ns	     14668	8000349c	00d6adb3	slt	x27,x13,x13	 x13:0x00000001 x13:0x00000001 x27=0x00000000
     146705.000 ns	     14669	800034a0	1fc6c393	xori	x7,x13,508	 x13:0x00000001  x7=0x000001fd
     146725.000 ns	     14671	800034a4	206481d3	fsgnj.s	f3,f9,f6	  f9:0x00000001  f6:0x7fc00000  f3=0x00000001
     146745.000 ns	     14673	800034a8	00afd6b3	srl	x13,x31,x10	 x31:0x00000000 x10:0x00000002 x13=0x00000000
     146785.000 ns	     14677	800034ac	00e0f753	fadd.s	f14,f1,f14	  f1:0x7627b000 f14:0x80000000 f14=0x7627b000
     147155.000 ns	     14714	800034b0	023b41b3	div	x3,x22,x3	 x22:0x7fffffff  x3:0xffffffff  x3=0x80000001
     147195.000 ns	     14718	800034b4	10404953	fmul.s	f18,f0,f4	  f0:0x00000000  f4:0x00000000 f18=0x00000000
     147225.000 ns	     14721	800034b8	02d84c33	div	x24,x16,x13	 x16:0x00000000 x13:0x00000000 x24=0xffffffff
     147245.000 ns	     14723	800034bc	81b41097	auipc	x1,0x81b41	  x1=0x01b444bc
     147255.000 ns	     14724	800034c0	c7348493	addi	x9,x9,-909	  x9:0x00000001  x9=0xfffffc74
     147275.000 ns	     14726	800034c4	033c0133	mul	x2,x24,x19	 x24:0xffffffff x19:0x006830a7  x2=0xff97cf59
     147305.000 ns	     14729	800034c8	03b7af33	mulhsu	x30,x15,x27	 x15:0x0000d659 x27:0x00000000 x30=0x00000000
     147325.000 ns	     14731	800034cc	0dd243b7	lui	x7,0xdd24	  x7=0x0dd24000
     147335.000 ns	     14732	800034d0	da552193	slti	x3,x10,-603	 x10:0x00000002  x3=0x00000000
     147695.000 ns	     14768	800034d4	033dfb33	remu	x22,x27,x19	 x27:0x00000000 x19:0x006830a7 x22=0x00000000
     147725.000 ns	     14771	800034d8	d001fdd3	fcvt.s.w	f27,x3	  x3:0x80000001 f27=0x00000000
     147745.000 ns	     14773	800034dc	41815a93	srai	x21,x2,0x18	  x2:0xff97cf59 x21=0xffffffff
     147765.000 ns	     14775	800034e0	a11c1a53	flt.s	x20,f24,f17	 f24:0x44000000 f17:0x80000000 x20=0x00000000
     147795.000 ns	     14778	800034e4	025db833	mulhu	x16,x27,x5	 x27:0x00000000  x5:0x00000001 x16=0x00000000
     147825.000 ns	     14781	800034e8	d0160fd3	fcvt.s.wu	f31,x12	 x12:0x00000000 f31=0x00000000
     147855.000 ns	     14784	800034ec	a0380cd3	fle.s	x25,f16,f3	 f16:0x7fc00000  f3:0x00000001 x25=0x00000000
     147875.000 ns	     14786	800034f0	0157ed33	or	x26,x15,x21	 x15:0x0000d659 x21:0xffffffff x26=0xffffffff
     147895.000 ns	     14788	800034f4	a0e31d53	flt.s	x26,f6,f14	  f6:0x7fc00000 f14:0x7627b000 x26=0x00000000
     147945.000 ns	     14793	800034f8	088cffd3	fsub.s	f31,f25,f8	 f25:0xde800820  f8:0xbf800000 f31=0xde800820
     147975.000 ns	     14796	800034fc	d01b7fd3	fcvt.s.wu	f31,x22	 x22:0x00000000 f31=0x00000000
     147995.000 ns	     14798	80003500	903ebf93	sltiu	x31,x29,-1789	 x29:0x0000077b x31=0x00000001
     148015.000 ns	     14800	80003504	e0090c53	fmv.x.w	x24,f18	 f18:0x00000000 x24=0x00000000
     148035.000 ns	     14802	80003508	ab31e113	ori	x2,x3,-1357	  x3:0x00000000  x2=0xfffffab3
     148055.000 ns	     14804	8000350c	c00e17d3	fcvt.w.s	x15,f28	 f28:0x7fc00000 x15=0x7fffffff
     148425.000 ns	     14841	80003510	0270f7b3	remu	x15,x1,x7	  x1:0x01b444bc  x7:0x0dd24000 x15=0x01b444bc
     148455.000 ns	     14844	80003514	21c609d3	fsgnj.s	f19,f12,f28	 f12:0x7fc00000 f28:0x7fc00000 f19=0x7fc00000
     148505.000 ns	     14849	80003518	01faccd3	fadd.s	f25,f21,f31	 f21:0xde800820 f31:0x00000000 f25=0xde800820
     148525.000 ns	     14851	8000351c	40620b33	sub	x22,x4,x6	  x4:0x00000000  x6:0x00000000 x22=0x00000000
     148535.000 ns	     14852	80003520	01369133	sll	x2,x13,x19	 x13:0x00000000 x19:0x006830a7  x2=0x00000000
     148555.000 ns	     14854	80003524	d01972d3	fcvt.s.wu	f5,x18	 x18:0x80041024  f5=0x4f000410
     148575.000 ns	     14856	80003528	e58b21b7	lui	x3,0xe58b2	  x3=0xe58b2000
     148585.000 ns	     14857	8000352c	0095e233	or	x4,x11,x9	 x11:0xff97c813  x9:0xfffffc74  x4=0xfffffc77
     148605.000 ns	     14859	80003530	02ec2833	mulhsu	x16,x24,x14	 x24:0x00000000 x14:0x80000000 x16=0x00000000
     148635.000 ns	     14862	80003534	d00f0653	fcvt.s.w	f12,x30	 x30:0x00000000 f12=0x00000000
     148665.000 ns	     14865	80003538	29140353	fmin.s	f6,f8,f17	  f8:0xbf800000 f17:0x80000000  f6=0xbf800000
     148685.000 ns	     14867	8000353c	00f85613	srli	x12,x16,0xf	 x16:0x00000000 x12=0x00000000
     148705.000 ns	     14869	80003540	a0adaa53	feq.s	x20,f27,f10	 f27:0x00000000 f10:0x00000000 x20=0x00000001
     148725.000 ns	     14871	80003544	009dedb3	or	x27,x27,x9	 x27:0x00000000  x9:0xfffffc74 x27=0xfffffc74
     148765.000 ns	     14875	80003548	01020953	fadd.s	f18,f4,f16	  f4:0x00000000 f16:0x7fc00000 f18=0x7fc00000
     148805.000 ns	     14879	8000354c	580a75d3	fsqrt.s	f11,f20	 f20:0xfffffdc1 f11=0x7fc00000
     148825.000 ns	     14881	80003550	50090313	addi	x6,x18,1280	 x18:0x80041024  x6=0x80041524
     148835.000 ns	     14882	80003554	002eb0b3	sltu	x1,x29,x2	 x29:0x0000077b  x2:0x00000000  x1=0x00000000
     148855.000 ns	     14884	80003558	d00649d3	fcvt.s.w	f19,x12	 x12:0x00000000 f19=0x00000000
     149225.000 ns	     14921	8000355c	026075b3	remu	x11,x0,x6	  x0:0x00000000  x6:0x80041524 x11=0x00000000
     149255.000 ns	     14924	80003560	e00414d3	fclass.s	x9,f8	  f8:0xbf800000  x9=0x00000002
     149275.000 ns	     14926	80003564	0113fdb3	and	x27,x7,x17	  x7:0x0dd24000 x17:0xc0000000 x27=0x00000000
     149315.000 ns	     14930	80003568	00d74c53	fadd.s	f24,f14,f13	 f14:0x7627b000 f13:0x44000000 f24=0x7627b000
     149345.000 ns	     14933	8000356c	e00b9c53	fclass.s	x24,f23	 f23:0x7fc00000 x24=0x00000200
     149365.000 ns	     14935	80003570	00000013	addi	x0,x0,0	  x0:0x00000000
     149405.000 ns	     14939	80003574	01ebfb53	fadd.s	f22,f23,f30	 f23:0x7fc00000 f30:0x4f000410 f22=0x7fc00000
     149425.000 ns	     14941	80003578	01462b33	slt	x22,x12,x20	 x12:0x00000000 x20:0x00000001 x22=0x00000001
     149435.000 ns	     14942	8000357c	000d5d13	srli	x26,x26,0x0	 x26:0x00000000 x26=0x00000000
     149445.000 ns	     14943	80003580	40b755b3	sra	x11,x14,x11	 x14:0x80000000 x11:0x00000000 x11=0x80000000
     149455.000 ns	     14944	80003584	0057d013	srli	x0,x15,0x5	 x15:0x01b444bc
     149475.000 ns	     14946	80003588	213ea553	fsgnjx.s	f10,f29,f19	 f29:0x00040020 f19:0x00000000 f10=0x00040020
     149505.000 ns	     14949	8000358c	03b877b3	remu	x15,x16,x27	 x16:0x00000000 x27:0x00000000 x15=0x00000000
     149525.000 ns	     14951	80003590	017c9093	slli	x1,x25,0x17	 x25:0x00000000  x1=0x00000000
     149535.000 ns	     14952	80003594	00a18cb3	add	x25,x3,x10	  x3:0xe58b2000 x10:0x00000002 x25=0xe58b2002
     149555.000 ns	     14954	80003598	02883033	mulhu	x0,x16,x8	 x16:0x00000000  x8:0x00000200
     149585.000 ns	     14957	8000359c	c008fa53	fcvt.w.s	x20,f17	 f17:0x80000000 x20=0x00000000
     149615.000 ns	     14960	800035a0	28a19ed3	fmax.s	f29,f3,f10	  f3:0x00000001 f10:0x00040020 f29=0x00040020
     149635.000 ns	     14962	800035a4	46c1b9b7	lui	x19,0x46c1b	 x19=0x46c1b000
     149995.000 ns	     14998	800035a8	03f56eb3	rem	x29,x10,x31	 x10:0x00000002 x31:0x00000001 x29=0x00000000
     150015.000 ns	     15000	800035ac	4b430393	addi	x7,x6,1204	  x6:0x80041524  x7=0x800419d8
     150035.000 ns	     15002	800035b0	e00f0a53	fmv.x.w	x20,f30	 f30:0x4f000410 x20=0x4f000410
     150055.000 ns	     15004	800035b4	ad8e7f93	andi	x31,x28,-1320	 x28:0x00000000 x31=0x00000000
     150075.000 ns	     15006	800035b8	297298d3	fmax.s	f17,f5,f23	  f5:0x4f000410 f23:0x7fc00000 f17=0x4f000410
     150095.000 ns	     15008	800035bc	01fc2b33	slt	x22,x24,x31	 x24:0x00000200 x31:0x00000001 x22=0x00000000
     150105.000 ns	     15009	800035c0	01651893	slli	x17,x10,0x16	 x10:0x00000002 x17=0x00800000
     150115.000 ns	     15010	800035c4	00000013	addi	x0,x0,0	  x0:0x00000000
     150125.000 ns	     15011	800035c8	00255c33	srl	x24,x10,x2	 x10:0x00000002  x2:0x00000000 x24=0x00000002
     150165.000 ns	     15015	800035cc	003cbbd3	fadd.s	f23,f25,f3	 f25:0xde800820  f3:0x00000001 f23=0xde800820
     150185.000 ns	     15017	800035d0	01cb4413	xori	x8,x22,28	 x22:0x00000000  x8=0x0000001c
     150205.000 ns	     15019	800035d4	d01d73d3	fcvt.s.wu	f7,x26	 x26:0x00000000  f7=0x00000000
     150225.000 ns	     15021	800035d8	fa5bc193	xori	x3,x23,-91	 x23:0x80040fe4  x3=0x7ffbf041
     150235.000 ns	     15022	800035dc	41635313	srai	x6,x6,0x16	  x6:0x80041524  x6=0xfffffe00
     150275.000 ns	     15026	800035e0	0900f653	fsub.s	f12,f1,f16	  f1:0x7627b000 f16:0x7fc00000 f12=0x7fc00000
     150325.000 ns	     15031	800035e4	09c07153	fsub.s	f2,f0,f28	  f0:0x00000000 f28:0x7fc00000  f2=0x7fc00000
     150345.000 ns	     15033	800035e8	01bf81b3	add	x3,x31,x27	 x31:0x00000000 x27:0x00000000  x3=0x00000000
     150365.000 ns	     15035	800035ec	03ad77b3	remu	x15,x26,x26	 x26:0x00000000 x26:0x00000000 x15=0x00000000
     150395.000 ns	     15038	800035f0	218e0cd3	fsgnj.s	f25,f28,f24	 f28:0x7fc00000 f24:0x7627b000 f25=0x7fc00000
     150415.000 ns	     15040	800035f4	0b84be13	sltiu	x28,x9,184	  x9:0x00000002 x28=0x00000001
     150425.000 ns	     15041	800035f8	e93294b7	lui	x9,0xe9329	  x9=0xe9329000
     150435.000 ns	     15042	800035fc	01c6d613	srli	x12,x13,0x1c	 x13:0x00000000 x12=0x00000000
     150445.000 ns	     15043	80003600	cb590093	addi	x1,x18,-843	 x18:0x80041024  x1=0x80040cd9
     150455.000 ns	     15044	80003604	866e0db7	lui	x27,0x866e0	 x27=0x866e0000
     150465.000 ns	     15045	80003608	c8ad6393	ori	x7,x26,-886	 x26:0x00000000  x7=0xfffffc8a
     150475.000 ns	     15046	8000360c	48f1cc93	xori	x25,x3,1167	  x3:0x00000000 x25=0x0000048f
     150495.000 ns	     15048	80003610	023d83b3	mul	x7,x27,x3	 x27:0x866e0000  x3:0x00000000  x7=0x00000000
     150525.000 ns	     15051	80003614	a17f08d3	fle.s	x17,f30,f23	 f30:0x4f000410 f23:0xde800820 x17=0x00000000
     150545.000 ns	     15053	80003618	a3902093	slti	x1,x0,-1479	  x0:0x00000000  x1=0x00000000
     150555.000 ns	     15054	8000361c	01e4d993	srli	x19,x9,0x1e	  x9:0xe9329000 x19=0x00000003
     150565.000 ns	     15055	80003620	00000013	addi	x0,x0,0	  x0:0x00000000
     150575.000 ns	     15056	80003624	268a8113	addi	x2,x21,616	 x21:0xffffffff  x2=0x00000267
     150585.000 ns	     15057	80003628	01f05d93	srli	x27,x0,0x1f	  x0:0x00000000 x27=0x00000000
     150595.000 ns	     15058	8000362c	0160edb3	or	x27,x1,x22	  x1:0x00000000 x22:0x00000000 x27=0x00000000
     150605.000 ns	     15059	80003630	40ca5093	srai	x1,x20,0xc	 x20:0x4f000410  x1=0x0004f000
     150965.000 ns	     15095	80003634	034650b3	divu	x1,x12,x20	 x12:0x00000000 x20:0x4f000410  x1=0x00000000
     151015.000 ns	     15100	80003638	01b57cd3	fadd.s	f25,f10,f27	 f10:0x00040020 f27:0x00000000 f25=0x00040020
     151035.000 ns	     15102	8000363c	01d642b3	xor	x5,x12,x29	 x12:0x00000000 x29:0x00000000  x5=0x00000000
     151045.000 ns	     15103	80003640	1a9fa413	slti	x8,x31,425	 x31:0x00000000  x8=0x00000001
     151375.000 ns	     15136	80003644	1954f5d3	fdiv.s	f11,f9,f21	  f9:0x00000001 f21:0xde800820 f11=0x80000000
     151425.000 ns	     15141	80003648	0979f4d3	fsub.s	f9,f19,f23	 f19:0x00000000 f23:0xde800820  f9=0x5e800820
     151465.000 ns	     15145	8000364c	19b3fe53	fdiv.s	f28,f7,f27	  f7:0x00000000 f27:0x00000000 f28=0x7fc00000
     151505.000 ns	     15149	80003650	11030bd3	fmul.s	f23,f6,f16	  f6:0xbf800000 f16:0x7fc00000 f23=0x7fc00000
     151535.000 ns	     15152	80003654	03701ab3	mulh	x21,x0,x23	  x0:0x00000000 x23:0x80040fe4 x21=0x00000000
     151565.000 ns	     15155	80003658	c0010853	fcvt.w.s	x16,f2	  f2:0x7fc00000 x16=0x7fffffff
     151585.000 ns	     15157	8000365c	c6fcae93	slti	x29,x25,-913	 x25:0x0000048f x29=0x00000000
     151605.000 ns	     15159	80003660	03189633	mulh	x12,x17,x17	 x17:0x00000000 x17:0x00000000 x12=0x00000000
     151625.000 ns	     15161	80003664	41e90b33	sub	x22,x18,x30	 x18:0x80041024 x30:0x00000000 x22=0x80041024
     151645.000 ns	     15163	80003668	02ae00b3	mul	x1,x28,x10	 x28:0x00000001 x10:0x00000002  x1=0x00000002
     151665.000 ns	     15165	8000366c	41fb0033	sub	x0,x22,x31	 x22:0x00000000 x31:0x00000000
     151685.000 ns	     15167	80003670	032628b3	mulhsu	x17,x12,x18	 x12:0x00000000 x18:0x80041024 x17=0x00000000
     151705.000 ns	     15169	80003674	b693a593	slti	x11,x7,-1175	  x7:0x00000000 x11=0x00000000
     151725.000 ns	     15171	80003678	02702fb3	mulhsu	x31,x0,x7	  x0:0x00000000  x7:0x00000000 x31=0x00000000
     152905.000 ns	     15289	8000367c	5808c953	fsqrt.s	f18,f17	 f17:0x4f000410 f18=0x46b50a40
     152935.000 ns	     15292	80003680	21f50cd3	fsgnj.s	f25,f10,f31	 f10:0x00040020 f31:0x00000000 f25=0x00040020
     152965.000 ns	     15295	80003684	c0117a53	fcvt.wu.s	x20,f2	  f2:0x7fc00000 x20=0xffffffff
     153005.000 ns	     15299	80003688	5807f753	fsqrt.s	f14,f15	 f15:0x7fc00000 f14=0x7fc00000
     153035.000 ns	     15302	8000368c	0353c8b3	div	x17,x7,x21	  x7:0x00000000 x21:0x00000000 x17=0xffffffff
     153055.000 ns	     15304	80003690	00000013	addi	x0,x0,0	  x0:0x00000000
     153065.000 ns	     15305	80003694	00a35f33	srl	x30,x6,x10	  x6:0xfffffe00 x10:0x00000002 x30=0x3fffff80
     153075.000 ns	     15306	80003698	41730b33	sub	x22,x6,x23	  x6:0xfffffe00 x23:0x80040fe4 x22=0x7ffbee1c
     153085.000 ns	     15307	8000369c	9d51b693	sltiu	x13,x3,-1579	  x3:0x00000000 x13=0x00000001
     153095.000 ns	     15308	800036a0	40930133	sub	x2,x6,x9	  x6:0xfffffe00  x9:0xe9329000  x2=0x16cd6e00
     153105.000 ns	     15309	800036a4	f8fe3993	sltiu	x19,x28,-113	 x28:0x00000001 x19=0x00000001
     153125.000 ns	     15311	800036a8	21db9c53	fsgnjn.s	f24,f23,f29	 f23:0x7fc00000 f29:0x00040020 f24=0xffc00000
     153145.000 ns	     15313	800036ac	bf072797	auipc	x15,0xbf072	 x15=0x3f0756ac
     153155.000 ns	     15314	800036b0	414d8433	sub	x8,x27,x20	 x27:0x00000000 x20:0xffffffff  x8=0x00000001
     153175.000 ns	     15316	800036b4	e00b1a53	fclass.s	x20,f22	 f22:0x7fc00000 x20=0x00000200
     153205.000 ns	     15319	800036b8	c00a81d3	fcvt.w.s	x3,f21	 f21:0xde800820  x3=0x80000000
     153225.000 ns	     15321	800036bc	0c854c13	xori	x24,x10,200	 x10:0x00000002 x24=0x000000ca
     153235.000 ns	     15322	800036c0	74f22d13	slti	x26,x4,1871	  x4:0xfffffc77 x26=0x00000001
     153255.000 ns	     15324	800036c4	c01f7f53	fcvt.wu.s	x30,f30	 f30:0x4f000410 x30=0x80041000
     153285.000 ns	     15327	800036c8	c01d8053	fcvt.wu.s	x0,f27	 f27:0x00000000
     153315.000 ns	     15330	800036cc	02b05633	divu	x12,x0,x11	  x0:0x00000000 x11:0x00000000 x12=0xffffffff
     153335.000 ns	     15332	800036d0	010061b3	or	x3,x0,x16	  x0:0x00000000 x16:0x7fffffff  x3=0x7fffffff
     153355.000 ns	     15334	800036d4	03f94e33	div	x28,x18,x31	 x18:0x80041024 x31:0x00000000 x28=0xffffffff
     153375.000 ns	     15336	800036d8	cac54797	auipc	x15,0xcac54	 x15=0x4ac576d8
     153385.000 ns	     15337	800036dc	6f430c93	addi	x25,x6,1780	  x6:0xfffffe00 x25=0x000004f4
     153405.000 ns	     15339	800036e0	28829753	fmax.s	f14,f5,f8	  f5:0x4f000410  f8:0xbf800000 f14=0x4f000410
     153435.000 ns	     15342	800036e4	e0090cd3	fmv.x.w	x25,f18	 f18:0x46b50a40 x25=0x46b50a40
     153465.000 ns	     15345	800036e8	d00af053	fcvt.s.w	f0,x21	 x21:0x00000000  f0=0x00000000
     153505.000 ns	     15349	800036ec	580111d3	fsqrt.s	f3,f2	  f2:0x7fc00000  f3=0x7fc00000
     153525.000 ns	     15351	800036f0	00000013	addi	x0,x0,0	  x0:0x00000000
     153535.000 ns	     15352	800036f4	013600b3	add	x1,x12,x19	 x12:0xffffffff x19:0x00000001  x1=0x00000000
     153555.000 ns	     15354	800036f8	02481fb3	mulh	x31,x16,x4	 x16:0x7fffffff  x4:0xfffffc77 x31=0xfffffe3b
     153605.000 ns	     15359	800036fc	01b53653	fadd.s	f12,f10,f27	 f10:0x00040020 f27:0x00000000 f12=0x00040020
     153625.000 ns	     15361	80003700	017d1a93	slli	x21,x26,0x17	 x26:0x00000001 x21=0x00800000
     153645.000 ns	     15363	80003704	a1b2ad53	feq.s	x26,f5,f27	  f5:0x4f000410 f27:0x00000000 x26=0x00000000
     153675.000 ns	     15366	80003708	f00a8bd3	fmv.w.x	f23,x21	 x21:0x00000000 f23=0x00800000
     153705.000 ns	     15369	8000370c	028bb833	mulhu	x16,x23,x8	 x23:0x80040fe4  x8:0x00000001 x16=0x00000000
     153735.000 ns	     15372	80003710	032b8fb3	mul	x31,x23,x18	 x23:0x80040fe4 x18:0x80041024 x31=0x81207c10
     153765.000 ns	     15375	80003714	f00f8953	fmv.w.x	f18,x31	 x31:0xfffffe3b f18=0x81207c10
     153785.000 ns	     15377	80003718	01e61693	slli	x13,x12,0x1e	 x12:0xffffffff x13=0xc0000000
     153795.000 ns	     15378	8000371c	01962f33	slt	x30,x12,x25	 x12:0xffffffff x25:0x46b50a40 x30=0x00000001
     153805.000 ns	     15379	80003720	40e2dd13	srai	x26,x5,0xe	  x5:0x00000000 x26=0x00000000
     153815.000 ns	     15380	80003724	41245c33	sra	x24,x8,x18	  x8:0x00000001 x18:0x80041024 x24=0x00000000
     153825.000 ns	     15381	80003728	cdbd7a13	andi	x20,x26,-805	 x26:0x00000000 x20=0x00000000
     153835.000 ns	     15382	8000372c	40c4d6b3	sra	x13,x9,x12	  x9:0xe9329000 x12:0xffffffff x13=0xffffffff
     153845.000 ns	     15383	80003730	01685013	srli	x0,x16,0x16	 x16:0x00000000
     153865.000 ns	     15385	80003734	283310d3	fmax.s	f1,f6,f3	  f6:0xbf800000  f3:0x7fc00000  f1=0xbf800000
     153885.000 ns	     15387	80003738	7a17a693	slti	x13,x15,1953	 x15:0x4ac576d8 x13=0x00000000
     153925.000 ns	     15391	8000373c	00c9ca53	fadd.s	f20,f19,f12	 f19:0x00000000 f12:0x00040020 f20=0x00040020
     153945.000 ns	     15393	80003740	006d02b3	add	x5,x26,x6	 x26:0x00000000  x6:0xfffffe00  x5=0xfffffe00
     153955.000 ns	     15394	80003744	01dfd993	srli	x19,x31,0x1d	 x31:0x81207c10 x19=0x00000004
     153965.000 ns	     15395	80003748	41025493	srai	x9,x4,0x10	  x4:0xfffffc77  x9=0xffffffff
     153985.000 ns	     15397	8000374c	d008a3d3	fcvt.s.w	f7,x17	 x17:0xffffffff  f7=0xbf800000
     154005.000 ns	     15399	80003750	7bd9b013	sltiu	x0,x19,1981	 x19:0x00000004
     154025.000 ns	     15401	80003754	28a11c53	fmax.s	f24,f2,f10	  f2:0x7fc00000 f10:0x00040020 f24=0x00040020
     154045.000 ns	     15403	80003758	754fe413	ori	x8,x31,1876	 x31:0x81207c10  x8=0x81207f54
     154055.000 ns	     15404	8000375c	01386233	or	x4,x16,x19	 x16:0x00000000 x19:0x00000004  x4=0x00000004
     154095.000 ns	     15408	80003760	09007153	fsub.s	f2,f0,f16	  f0:0x00000000 f16:0x7fc00000  f2=0x7fc00000
     154115.000 ns	     15410	80003764	9e0b7d13	andi	x26,x22,-1568	 x22:0x7ffbee1c x26=0x7ffbe800
     154125.000 ns	     15411	80003768	98a87013	andi	x0,x16,-1654	 x16:0x00000000
     154135.000 ns	     15412	8000376c	412d5033	sra	x0,x26,x18	 x26:0x00000000 x18:0x80041024
     154145.000 ns	     15413	80003770	015911b3	sll	x3,x18,x21	 x18:0x80041024 x21:0x00800000  x3=0x80041024
     154155.000 ns	     15414	80003774	00beec33	or	x24,x29,x11	 x29:0x00000000 x11:0x00000000 x24=0x00000000
     154165.000 ns	     15415	80003778	cb830413	addi	x8,x6,-840	  x6:0xfffffe00  x8=0xfffffab8
     154185.000 ns	     15417	8000377c	02c601b3	mul	x3,x12,x12	 x12:0xffffffff x12:0xffffffff  x3=0x00000001
     154205.000 ns	     15419	80003780	01808a33	add	x20,x1,x24	  x1:0x00000000 x24:0x00000000 x20=0x00000000
     154215.000 ns	     15420	80003784	411d5213	srai	x4,x26,0x11	 x26:0x7ffbe800  x4=0x00003ffd
     154225.000 ns	     15421	80003788	72f35997	auipc	x19,0x72f35	 x19=0xf2f38788
     154235.000 ns	     15422	8000378c	53988493	addi	x9,x17,1337	 x17:0xffffffff  x9=0x00000538
     154245.000 ns	     15423	80003790	01f2ac33	slt	x24,x5,x31	  x5:0xfffffe00 x31:0x81207c10 x24=0x00000000
     154285.000 ns	     15427	80003794	0006bfd3	fadd.s	f31,f13,f0	 f13:0x44000000  f0:0x00000000 f31=0x44000000
     154315.000 ns	     15430	80003798	036ba4b3	mulhsu	x9,x23,x22	 x23:0x80040fe4 x22:0x7ffbee1c  x9=0xc00410d3
     154335.000 ns	     15432	8000379c	81714013	xori	x0,x2,-2025	  x2:0x16cd6e00
     154355.000 ns	     15434	800037a0	a0d8a053	feq.s	x0,f17,f13	 f17:0x4f000410 f13:0x44000000
     154375.000 ns	     15436	800037a4	001f1db3	sll	x27,x30,x1	 x30:0x00000001  x1:0x00000000 x27=0x00000001
     154385.000 ns	     15437	800037a8	d1583037	lui	x0,0xd1583	
     154395.000 ns	     15438	800037ac	f4bfc637	lui	x12,0xf4bfc	 x12=0xf4bfc000
     154405.000 ns	     15439	800037b0	00000013	addi	x0,x0,0	  x0:0x00000000
     154425.000 ns	     15441	800037b4	02bafc33	remu	x24,x21,x11	 x21:0x00800000 x11:0x00000000 x24=0x00800000
     154475.000 ns	     15446	800037b8	09a49253	fsub.s	f4,f9,f26	  f9:0x5e800820 f26:0x00000000  f4=0x5e800820
     154495.000 ns	     15448	800037bc	019ae6b3	or	x13,x21,x25	 x21:0x00800000 x25:0x46b50a40 x13=0x46b50a40
     154515.000 ns	     15450	800037c0	c0087053	fcvt.w.s	x0,f16	 f16:0x7fc00000
     154535.000 ns	     15452	800037c4	09e40613	addi	x12,x8,158	  x8:0xfffffab8 x12=0xfffffb56
     154545.000 ns	     15453	800037c8	23020013	addi	x0,x4,560	  x4:0x00003ffd
     154555.000 ns	     15454	800037cc	5ff88e93	addi	x29,x17,1535	 x17:0xffffffff x29=0x000005fe
     154575.000 ns	     15456	800037d0	c0074ad3	fcvt.w.s	x21,f14	 f14:0x4f000410 x21=0x7fffffff
     154605.000 ns	     15459	800037d4	02b77a33	remu	x20,x14,x11	 x14:0x80000000 x11:0x00000000 x20=0x80000000
     154645.000 ns	     15463	800037d8	5805fcd3	fsqrt.s	f25,f11	 f11:0x80000000 f25=0x80000000
     154675.000 ns	     15466	800037dc	21878e53	fsgnj.s	f28,f15,f24	 f15:0x7fc00000 f24:0x00040020 f28=0x7fc00000
     154705.000 ns	     15469	800037e0	a04d98d3	flt.s	x17,f27,f4	 f27:0x00000000  f4:0x5e800820 x17=0x00000001
     154725.000 ns	     15471	800037e4	019badb3	slt	x27,x23,x25	 x23:0x80040fe4 x25:0x46b50a40 x27=0x00000001
     155085.000 ns	     15507	800037e8	02594ab3	div	x21,x18,x5	 x18:0x80041024  x5:0xfffffe00 x21=0x003ffdf7
     155105.000 ns	     15509	800037ec	00f749b3	xor	x19,x14,x15	 x14:0x80000000 x15:0x4ac576d8 x19=0xcac576d8
     155135.000 ns	     15512	800037f0	117875d3	fmul.s	f11,f16,f23	 f16:0x7fc00000 f23:0x00800000 f11=0x7fc00000
     155165.000 ns	     15515	800037f4	e00d1d53	fclass.s	x26,f26	 f26:0x00000000 x26=0x00000010
     155195.000 ns	     15518	800037f8	a1329253	flt.s	x4,f5,f19	  f5:0x4f000410 f19:0x00000000  x4=0x00000000
     155225.000 ns	     15521	800037fc	e00e0353	fmv.x.w	x6,f28	 f28:0x7fc00000  x6=0x7fc00000
     155245.000 ns	     15523	80003800	e139b993	sltiu	x19,x19,-493	 x19:0xcac576d8 x19=0x00000001
     155265.000 ns	     15525	80003804	026117b3	mulh	x15,x2,x6	  x2:0x16cd6e00  x6:0x7fc00000 x15=0x0b6103a4
     155285.000 ns	     15527	80003808	26383d13	sltiu	x26,x16,611	 x16:0x00000000 x26=0x00000001
     155295.000 ns	     15528	8000380c	a647ab13	slti	x22,x15,-1436	 x15:0x0b6103a4 x22=0x00000000
     155335.000 ns	     15532	80003810	081d9ed3	fsub.s	f29,f27,f1	 f27:0x00000000  f1:0xbf800000 f29=0x3f800000
     155385.000 ns	     15537	80003814	0063f253	fadd.s	f4,f7,f6	  f7:0xbf800000  f6:0xbf800000  f4=0xc0000000
     155415.000 ns	     15540	80003818	21de8e53	fsgnj.s	f28,f29,f29	 f29:0x3f800000 f29:0x3f800000 f28=0x3f800000
     155445.000 ns	     15543	8000381c	03075133	divu	x2,x14,x16	 x14:0x80000000 x16:0x00000000  x2=0xffffffff
     155465.000 ns	     15545	80003820	41670a33	sub	x20,x14,x22	 x14:0x80000000 x22:0x00000000 x20=0x80000000
     155505.000 ns	     15549	80003824	001b1053	fadd.s	f0,f22,f1	 f22:0x7fc00000  f1:0xbf800000  f0=0x7fc00000
     155535.000 ns	     15552	80003828	d0112253	fcvt.s.wu	f4,x2	  x2:0xffffffff  f4=0x4f800000
     155575.000 ns	     15556	8000382c	10477cd3	fmul.s	f25,f14,f4	 f14:0x4f000410  f4:0xc0000000 f25=0x5f000410
     155595.000 ns	     15558	80003830	01833633	sltu	x12,x6,x24	  x6:0x7fc00000 x24:0x00800000 x12=0x00000000
     155605.000 ns	     15559	80003834	011fbdb3	sltu	x27,x31,x17	 x31:0x81207c10 x17:0x00000001 x27=0x00000000
     155625.000 ns	     15561	80003838	02c51433	mulh	x8,x10,x12	 x10:0x00000002 x12:0xfffffb56  x8=0x00000000
     155665.000 ns	     15565	8000383c	58097cd3	fsqrt.s	f25,f18	 f18:0x81207c10 f25=0x7fc00000
     155685.000 ns	     15567	80003840	d1165397	auipc	x7,0xd1165	  x7=0x51168840
     155715.000 ns	     15570	80003844	58092453	fsqrt.s	f8,f18	 f18:0x81207c10  f8=0x7fc00000
     155745.000 ns	     15573	80003848	03cca6b3	mulhsu	x13,x25,x28	 x25:0x46b50a40 x28:0xffffffff x13=0x46b50a3f
     155765.000 ns	     15575	8000384c	29fbb113	sltiu	x2,x23,671	 x23:0x80040fe4  x2=0x00000000
     155785.000 ns	     15577	80003850	d0171953	fcvt.s.wu	f18,x14	 x14:0x80000000 f18=0x4f000000
     155805.000 ns	     15579	80003854	40748433	sub	x8,x9,x7	  x9:0xc00410d3  x7:0x51168840  x8=0x6eed8893
     155815.000 ns	     15580	80003858	0191da33	srl	x20,x3,x25	  x3:0x00000001 x25:0x46b50a40 x20=0x00000001
     155835.000 ns	     15582	8000385c	03de10b3	mulh	x1,x28,x29	 x28:0xffffffff x29:0x000005fe  x1=0xffffffff
     155855.000 ns	     15584	80003860	c35b2493	slti	x9,x22,-971	 x22:0x00000000  x9=0x00000000
     155885.000 ns	     15587	80003864	19b38053	fdiv.s	f0,f7,f27	  f7:0xbf800000 f27:0x00000000  f0=0xff800000
     155915.000 ns	     15590	80003868	03cb9db3	mulh	x27,x23,x28	 x23:0x80040fe4 x28:0xffffffff x27=0x00000000
     155935.000 ns	     15592	8000386c	41f1d3b3	sra	x7,x3,x31	  x3:0x00000001 x31:0x81207c10  x7=0x00000000
     155955.000 ns	     15594	80003870	e00287d3	fmv.x.w	x15,f5	  f5:0x4f000410 x15=0x4f000410
     155985.000 ns	     15597	80003874	02bda4b3	mulhsu	x9,x27,x11	 x27:0x00000000 x11:0x00000000  x9=0x00000000
     156015.000 ns	     15600	80003878	03eb86b3	mul	x13,x23,x30	 x23:0x80040fe4 x30:0x00000001 x13=0x80040fe4
     156065.000 ns	     15605	8000387c	00b5f653	fadd.s	f12,f11,f11	 f11:0x7fc00000 f11:0x7fc00000 f12=0x7fc00000
     156095.000 ns	     15608	80003880	c01b74d3	fcvt.wu.s	x9,f22	 f22:0x7fc00000  x9=0xffffffff
     156115.000 ns	     15610	80003884	ca434837	lui	x16,0xca434	 x16=0xca434000
     156125.000 ns	     15611	80003888	408401b3	sub	x3,x8,x8	  x8:0x6eed8893  x8:0x6eed8893  x3=0x00000000
     156145.000 ns	     15613	8000388c	a15c02d3	fle.s	x5,f24,f21	 f24:0x00040020 f21:0xde800820  x5=0x00000000
     156175.000 ns	     15616	80003890	d01df1d3	fcvt.s.wu	f3,x27	 x27:0x00000000  f3=0x00000000
     156195.000 ns	     15618	80003894	409c5833	sra	x16,x24,x9	 x24:0x00800000  x9:0xffffffff x16=0x00000000
     156205.000 ns	     15619	80003898	199c6e13	ori	x28,x24,409	 x24:0x00800000 x28=0x00800199
     156215.000 ns	     15620	8000389c	50fe4d97	auipc	x27,0x50fe4	 x27=0xd0fe789c
     156255.000 ns	     15624	800038a0	000796d3	fadd.s	f13,f15,f0	 f15:0x7fc00000  f0:0xff800000 f13=0x7fc00000
     156285.000 ns	     15627	800038a4	d00eb653	fcvt.s.w	f12,x29	 x29:0x000005fe f12=0x44bfc000
     156305.000 ns	     15629	800038a8	5a97fc13	andi	x24,x15,1449	 x15:0x4f000410 x24=0x00000400
     156315.000 ns	     15630	800038ac	631fc693	xori	x13,x31,1585	 x31:0x81207c10 x13=0x81207a21
     156335.000 ns	     15632	800038b0	c00970d3	fcvt.w.s	x1,f18	 f18:0x4f000000  x1=0x7fffffff
     156355.000 ns	     15634	800038b4	000f9093	slli	x1,x31,0x0	 x31:0x81207c10  x1=0x81207c10
     156375.000 ns	     15636	800038b8	f00682d3	fmv.w.x	f5,x13	 x13:0x81207a21  f5=0x81207a21
     156395.000 ns	     15638	800038bc	4e6dcc93	xori	x25,x27,1254	 x27:0xd0fe789c x25=0xd0fe7c7a
     156405.000 ns	     15639	800038c0	00107cb3	and	x25,x0,x1	  x0:0x00000000  x1:0x81207c10 x25=0x00000000
     156425.000 ns	     15641	800038c4	d01d42d3	fcvt.s.wu	f5,x26	 x26:0x00000001  f5=0x3f800000
     156455.000 ns	     15644	800038c8	29081ed3	fmax.s	f29,f16,f16	 f16:0x7fc00000 f16:0x7fc00000 f29=0x7fc00000
     156475.000 ns	     15646	800038cc	4012d813	srai	x16,x5,0x1	  x5:0x00000000 x16=0x00000000
     156485.000 ns	     15647	800038d0	01815133	srl	x2,x2,x24	  x2:0x00000000 x24:0x00000400  x2=0x00000000
     156515.000 ns	     15650	800038d4	5803fa53	fsqrt.s	f20,f7	  f7:0xbf800000 f20=0x7fc00000
     156545.000 ns	     15653	800038d8	21d78253	fsgnj.s	f4,f15,f29	 f15:0x7fc00000 f29:0x7fc00000  f4=0x7fc00000
     157655.000 ns	     15764	800038dc	5802b2d3	fsqrt.s	f5,f5	  f5:0x3f800000  f5=0x3f7fffae
     157675.000 ns	     15766	800038e0	413fd533	sra	x10,x31,x19	 x31:0x81207c10 x19:0x00000001 x10=0xc0903e08
     157685.000 ns	     15767	800038e4	01d10cb3	add	x25,x2,x29	  x2:0x00000000 x29:0x000005fe x25=0x000005fe
     157705.000 ns	     15769	800038e8	280985d3	fmin.s	f11,f19,f0	 f19:0x00000000  f0:0xff800000 f11=0xff800000
     157735.000 ns	     15772	800038ec	02a027b3	mulhsu	x15,x0,x10	  x0:0x00000000 x10:0xc0903e08 x15=0x00000000
     157755.000 ns	     15774	800038f0	0132c333	xor	x6,x5,x19	  x5:0x00000000 x19:0x00000001  x6=0x00000001
     157765.000 ns	     15775	800038f4	a4415837	lui	x16,0xa4415	 x16=0xa4415000
     157775.000 ns	     15776	800038f8	01107d33	and	x26,x0,x17	  x0:0x00000000 x17:0x00000001 x26=0x00000000
     157785.000 ns	     15777	800038fc	012226b3	slt	x13,x4,x18	  x4:0x00000000 x18:0x80041024 x13=0x00000000
     157795.000 ns	     15778	80003900	34a0ac93	slti	x25,x1,842	  x1:0x81207c10 x25=0x00000001
     157805.000 ns	     15779	80003904	017d42b3	xor	x5,x26,x23	 x26:0x00000000 x23:0x80040fe4  x5=0x80040fe4
     158165.000 ns	     15815	80003908	033ecb33	div	x22,x29,x19	 x29:0x000005fe x19:0x00000001 x22=0x000005fe
     158185.000 ns	     15817	8000390c	409d5f33	sra	x30,x26,x9	 x26:0x00000000  x9:0xffffffff x30=0x00000000
     158205.000 ns	     15819	80003910	e00b9f53	fclass.s	x30,f23	 f23:0x00800000 x30=0x00000040
     158225.000 ns	     15821	80003914	01d931b3	sltu	x3,x18,x29	 x18:0x80041024 x29:0x000005fe  x3=0x00000000
     158235.000 ns	     15822	80003918	00fe49b3	xor	x19,x28,x15	 x28:0x00800199 x15:0x00000000 x19=0x00800199
     158255.000 ns	     15824	8000391c	c0187353	fcvt.wu.s	x6,f16	 f16:0x7fc00000  x6=0xffffffff
     158285.000 ns	     15827	80003920	f00b8953	fmv.w.x	f18,x23	 x23:0x80040fe4 f18=0x80040fe4
     158305.000 ns	     15829	80003924	004ee6b3	or	x13,x29,x4	 x29:0x000005fe  x4:0x00000000 x13=0x000005fe
     158325.000 ns	     15831	80003928	21b70153	fsgnj.s	f2,f14,f27	 f14:0x4f000410 f27:0x00000000  f2=0x4f000410
     158345.000 ns	     15833	8000392c	40b50333	sub	x6,x10,x11	 x10:0xc0903e08 x11:0x00000000  x6=0xc0903e08
     158705.000 ns	     15869	80003930	03c1c7b3	div	x15,x3,x28	  x3:0x00000000 x28:0x00800199 x15=0x00000000
     158735.000 ns	     15872	80003934	200f88d3	fsgnj.s	f17,f31,f0	 f31:0x44000000  f0:0xff800000 f17=0xc4000000
     158755.000 ns	     15874	80003938	a7a82893	slti	x17,x16,-1414	 x16:0xa4415000 x17=0x00000001
     158765.000 ns	     15875	8000393c	010578b3	and	x17,x10,x16	 x10:0xc0903e08 x16:0xa4415000 x17=0x80001000
     159125.000 ns	     15911	80003940	033543b3	div	x7,x10,x19	 x10:0xc0903e08 x19:0x00800199  x7=0xffffff82
     159145.000 ns	     15913	80003944	40b956b3	sra	x13,x18,x11	 x18:0x80041024 x11:0x00000000 x13=0x80041024
     159165.000 ns	     15915	80003948	e00315d3	fclass.s	x11,f6	  f6:0xbf800000 x11=0x00000002
     159195.000 ns	     15918	8000394c	28d906d3	fmin.s	f13,f18,f13	 f18:0x80040fe4 f13:0x7fc00000 f13=0x80040fe4
     159225.000 ns	     15921	80003950	02bf34b3	mulhu	x9,x30,x11	 x30:0x00000040 x11:0x00000002  x9=0x00000000
     159245.000 ns	     15923	80003954	013869b3	or	x19,x16,x19	 x16:0xa4415000 x19:0x00800199 x19=0xa4c15199
     159255.000 ns	     15924	80003958	013aa3b3	slt	x7,x21,x19	 x21:0x003ffdf7 x19:0x00800199  x7=0x00000000
     159265.000 ns	     15925	8000395c	009ed513	srli	x10,x29,0x9	 x29:0x000005fe x10=0x00000002
     159275.000 ns	     15926	80003960	a6204013	xori	x0,x0,-1438	  x0:0x00000000
     159285.000 ns	     15927	80003964	93cf1c17	auipc	x24,0x93cf1	 x24=0x13cf4964
     159645.000 ns	     15963	80003968	02ed4d33	div	x26,x26,x14	 x26:0x00000000 x14:0x80000000 x26=0x00000000
     159665.000 ns	     15965	8000396c	00bbb9b3	sltu	x19,x23,x11	 x23:0x80040fe4 x11:0x00000002 x19=0x00000000
     159675.000 ns	     15966	80003970	eb58cd17	auipc	x26,0xeb58c	 x26=0x6b58f970
     159685.000 ns	     15967	80003974	0097b433	sltu	x8,x15,x9	 x15:0x00000000  x9:0x00000000  x8=0x00000000
     159705.000 ns	     15969	80003978	02226233	rem	x4,x4,x2	  x4:0x00000000  x2:0x00000000  x4=0x00000000
     160075.000 ns	     16006	8000397c	032cc433	div	x8,x25,x18	 x25:0x00000001 x18:0x80041024  x8=0x00000000
     160095.000 ns	     16008	80003980	0101dcb3	srl	x25,x3,x16	  x3:0x00000000 x16:0xa4415000 x25=0x00000000
     160115.000 ns	     16010	80003984	02fc92b3	mulh	x5,x25,x15	 x25:0x00000001 x15:0x00000000  x5=0x00000000
     160135.000 ns	     16012	80003988	3d17a993	slti	x19,x15,977	 x15:0x00000000 x19=0x00000001
     160145.000 ns	     16013	8000398c	04b3bc13	sltiu	x24,x7,75	  x7:0x00000000 x24=0x00000001
     161315.000 ns	     16130	80003990	58067053	fsqrt.s	f0,f12	 f12:0x44bfc000  f0=0x421caa47
     161655.000 ns	     16164	80003994	185e7253	fdiv.s	f4,f28,f5	 f28:0x3f800000  f5:0x3f7fffae  f4=0x3fffff8a
     161995.000 ns	     16198	80003998	18d373d3	fdiv.s	f7,f6,f13	  f6:0xbf800000 f13:0x80040fe4  f7=0x7e34b4b6
     162025.000 ns	     16201	8000399c	29e48dd3	fmin.s	f27,f9,f30	  f9:0x5e800820 f30:0x4f000410 f27=0x4f000410
     162055.000 ns	     16204	800039a0	a0d395d3	flt.s	x11,f7,f13	  f7:0x7e34b4b6 f13:0x80040fe4 x11=0x00000000
     162075.000 ns	     16206	800039a4	41868533	sub	x10,x13,x24	 x13:0x80041024 x24:0x00000001 x10=0x80041023
     162095.000 ns	     16208	800039a8	20830bd3	fsgnj.s	f23,f6,f8	  f6:0xbf800000  f8:0x7fc00000 f23=0x3f800000
     162125.000 ns	     16211	800039ac	026d2133	mulhsu	x2,x26,x6	 x26:0x6b58f970  x6:0xc0903e08  x2=0x50bf3723
     162145.000 ns	     16213	800039b0	41ded313	srai	x6,x29,0x1d	 x29:0x000005fe  x6=0x00000000
     162165.000 ns	     16215	800039b4	c018ff53	fcvt.wu.s	x30,f17	 f17:0xc4000000 x30=0x00000200
     162185.000 ns	     16217	800039b8	dd023393	sltiu	x7,x4,-560	  x4:0x00000000  x7=0x00000001
     162195.000 ns	     16218	800039bc	00b868b3	or	x17,x16,x11	 x16:0xa4415000 x11:0x00000000 x17=0xa4415000
     162205.000 ns	     16219	800039c0	e2946013	ori	x0,x8,-471	  x8:0x00000000
     162215.000 ns	     16220	800039c4	ba76fc93	andi	x25,x13,-1113	 x13:0x80041024 x25=0x80041024
     162225.000 ns	     16221	800039c8	00000013	addi	x0,x0,0	  x0:0x00000000
     162245.000 ns	     16223	800039cc	f0098953	fmv.w.x	f18,x19	 x19:0x00000001 f18=0x00000001
     162265.000 ns	     16225	800039d0	01e989b3	add	x19,x19,x30	 x19:0x00000001 x30:0x00000200 x19=0x00000201
     162275.000 ns	     16226	800039d4	405d8db3	sub	x27,x27,x5	 x27:0xd0fe789c  x5:0x00000000 x27=0xd0fe789c
     162295.000 ns	     16228	800039d8	c01c1cd3	fcvt.wu.s	x25,f24	 f24:0x00040020 x25=0x00000000
     162665.000 ns	     16265	800039dc	02ede9b3	rem	x19,x27,x14	 x27:0xd0fe789c x14:0x80000000 x19=0xd0fe789c
     162695.000 ns	     16268	800039e0	02305833	divu	x16,x0,x3	  x0:0x00000000  x3:0x00000000 x16=0xffffffff
     162715.000 ns	     16270	800039e4	00385f13	srli	x30,x16,0x3	 x16:0xa4415000 x30=0x1fffffff
     162755.000 ns	     16274	800039e8	099c7a53	fsub.s	f20,f24,f25	 f24:0x00040020 f25:0x7fc00000 f20=0x7fc00000
     162785.000 ns	     16277	800039ec	21c0ab53	fsgnjx.s	f22,f1,f28	  f1:0xbf800000 f28:0x3f800000 f22=0xbf800000
     162815.000 ns	     16280	800039f0	e00e9653	fclass.s	x12,f29	 f29:0x7fc00000 x12=0x00000200
     162835.000 ns	     16282	800039f4	016368b3	or	x17,x6,x22	  x6:0x00000000 x22:0x000005fe x17=0x000005fe
     162845.000 ns	     16283	800039f8	41465d13	srai	x26,x12,0x14	 x12:0x00000200 x26=0x00000000
     162865.000 ns	     16285	800039fc	a0e39b53	flt.s	x22,f7,f14	  f7:0x7e34b4b6 f14:0x4f000410 x22=0x00000000
     162895.000 ns	     16288	80003a00	039a60b3	rem	x1,x20,x25	 x20:0x00000001 x25:0x00000000  x1=0x00000001
     162945.000 ns	     16293	80003a04	08dc73d3	fsub.s	f7,f24,f13	 f24:0x00040020 f13:0x80040fe4  f7=0x00081004
     162975.000 ns	     16296	80003a08	a157a5d3	feq.s	x11,f15,f21	 f15:0x7fc00000 f21:0xde800820 x11=0x00000000
     162995.000 ns	     16298	80003a0c	2efe8693	addi	x13,x29,751	 x29:0x000005fe x13=0x000008ed
     163005.000 ns	     16299	80003a10	0088fdb3	and	x27,x17,x8	 x17:0x000005fe  x8:0x00000000 x27=0x00000000
     163025.000 ns	     16301	80003a14	d00e19d3	fcvt.s.w	f19,x28	 x28:0x00800199 f19=0x4b000199
     163045.000 ns	     16303	80003a18	01b45ab3	srl	x21,x8,x27	  x8:0x00000000 x27:0xd0fe789c x21=0x00000000
     163055.000 ns	     16304	80003a1c	00000013	addi	x0,x0,0	  x0:0x00000000
     163085.000 ns	     16307	80003a20	5801c753	fsqrt.s	f14,f3	  f3:0x00000000 f14=0x00000000
     163115.000 ns	     16310	80003a24	034534b3	mulhu	x9,x10,x20	 x10:0x80041023 x20:0x00000001  x9=0x00000000
     163135.000 ns	     16312	80003a28	40bd5313	srai	x6,x26,0xb	 x26:0x00000000  x6=0x00000000
     163155.000 ns	     16314	80003a2c	c0083a53	fcvt.w.s	x20,f16	 f16:0x7fc00000 x20=0x7fffffff
     163175.000 ns	     16316	80003a30	b6d42093	slti	x1,x8,-1171	  x8:0x00000000  x1=0x00000000
     163195.000 ns	     16318	80003a34	21892853	fsgnjx.s	f16,f18,f24	 f18:0x00000001 f24:0x00040020 f16=0x00000001
     163225.000 ns	     16321	80003a38	d002f8d3	fcvt.s.w	f17,x5	  x5:0x00000000 f17=0x00000000
     163255.000 ns	     16324	80003a3c	03601f33	mulh	x30,x0,x22	  x0:0x00000000 x22:0x00000000 x30=0x00000000
     163275.000 ns	     16326	80003a40	d412cc93	xori	x25,x5,-703	  x5:0x00000000 x25=0xfffffd41
     163285.000 ns	     16327	80003a44	1713f693	andi	x13,x7,369	  x7:0x00000001 x13=0x00000001
     163295.000 ns	     16328	80003a48	2fcd8013	addi	x0,x27,764	 x27:0x00000000
     163305.000 ns	     16329	80003a4c	01509f13	slli	x30,x1,0x15	  x1:0x00000000 x30=0x00000000
     163315.000 ns	     16330	80003a50	414add13	srai	x26,x21,0x14	 x21:0x00000000 x26=0x00000000
     163325.000 ns	     16331	80003a54	2c19bf93	sltiu	x31,x19,705	 x19:0xd0fe789c x31=0x00000000
     163685.000 ns	     16367	80003a58	03954433	div	x8,x10,x25	 x10:0x80041023 x25:0xfffffd41  x8=0x002e9b1b
     163705.000 ns	     16369	80003a5c	004874b3	and	x9,x16,x4	 x16:0xffffffff  x4:0x00000000  x9=0x00000000
     163725.000 ns	     16371	80003a60	03ebaeb3	mulhsu	x29,x23,x30	 x23:0x80040fe4 x30:0x00000000 x29=0x00000000
     163745.000 ns	     16373	80003a64	555af897	auipc	x17,0x555af	 x17=0xd55b2a64
     163755.000 ns	     16374	80003a68	007a38b3	sltu	x17,x20,x7	 x20:0x7fffffff  x7:0x00000001 x17=0x00000000
     163765.000 ns	     16375	80003a6c	00f38cb3	add	x25,x7,x15	  x7:0x00000001 x15:0x00000000 x25=0x00000001
     163785.000 ns	     16377	80003a70	e00880d3	fmv.x.w	x1,f17	 f17:0x00000000  x1=0x00000000
     163815.000 ns	     16380	80003a74	206da653	fsgnjx.s	f12,f27,f6	 f27:0x4f000410  f6:0xbf800000 f12=0xcf000410
     163845.000 ns	     16383	80003a78	a0ba15d3	flt.s	x11,f20,f11	 f20:0x7fc00000 f11:0xff800000 x11=0x00000000
     164215.000 ns	     16420	80003a7c	02d548b3	div	x17,x10,x13	 x10:0x80041023 x13:0x00000001 x17=0x80041023
     164585.000 ns	     16457	80003a80	034c4033	div	x0,x24,x20	 x24:0x00000001 x20:0x7fffffff
     164605.000 ns	     16459	80003a84	00760ab3	add	x21,x12,x7	 x12:0x00000200  x7:0x00000001 x21=0x00000201
     164625.000 ns	     16461	80003a88	0206cc33	div	x24,x13,x0	 x13:0x00000001  x0:0x00000000 x24=0xffffffff
     164995.000 ns	     16498	80003a8c	0373edb3	rem	x27,x7,x23	  x7:0x00000001 x23:0x80040fe4 x27=0x00000001
     165025.000 ns	     16501	80003a90	28210d53	fmin.s	f26,f2,f2	  f2:0x4f000410  f2:0x4f000410 f26=0x4f000410
     165055.000 ns	     16504	80003a94	c01d8853	fcvt.wu.s	x16,f27	 f27:0x4f000410 x16=0x80041000
     165075.000 ns	     16506	80003a98	01961593	slli	x11,x12,0x19	 x12:0x00000200 x11=0x00000000
     165095.000 ns	     16508	80003a9c	a0bf2cd3	feq.s	x25,f30,f11	 f30:0x4f000410 f11:0xff800000 x25=0x00000000
     165125.000 ns	     16511	80003aa0	a06f0053	fle.s	x0,f30,f6	 f30:0x4f000410  f6:0xbf800000
     165145.000 ns	     16513	80003aa4	41968eb3	sub	x29,x13,x25	 x13:0x00000001 x25:0x00000000 x29=0x00000001
     165165.000 ns	     16515	80003aa8	283c1553	fmax.s	f10,f24,f3	 f24:0x00040020  f3:0x00000000 f10=0x00040020
     165195.000 ns	     16518	80003aac	02968db3	mul	x27,x13,x9	 x13:0x00000001  x9:0x00000000 x27=0x00000000
     165225.000 ns	     16521	80003ab0	205e09d3	fsgnj.s	f19,f28,f5	 f28:0x3f800000  f5:0x3f7fffae f19=0x3f800000
     165255.000 ns	     16524	80003ab4	20359cd3	fsgnjn.s	f25,f11,f3	 f11:0xff800000  f3:0x00000000 f25=0xff800000
     165285.000 ns	     16527	80003ab8	0356afb3	mulhsu	x31,x13,x21	 x13:0x00000001 x21:0x00000201 x31=0x00000000
     165315.000 ns	     16530	80003abc	295289d3	fmin.s	f19,f5,f21	  f5:0x3f7fffae f21:0xde800820 f19=0xde800820
     165685.000 ns	     16567	80003ac0	030eed33	rem	x26,x29,x16	 x29:0x00000001 x16:0x80041000 x26=0x00000001
     165705.000 ns	     16569	80003ac4	40fb56b3	sra	x13,x22,x15	 x22:0x00000000 x15:0x00000000 x13=0x00000000
     165715.000 ns	     16570	80003ac8	eabf4a93	xori	x21,x30,-341	 x30:0x00000000 x21=0xfffffeab
     165725.000 ns	     16571	80003acc	4031df33	sra	x30,x3,x3	  x3:0x00000000  x3:0x00000000 x30=0x00000000
     165765.000 ns	     16575	80003ad0	093f4dd3	fsub.s	f27,f30,f19	 f30:0x4f000410 f19:0xde800820 f27=0x5e800820
     165795.000 ns	     16578	80003ad4	025f63b3	rem	x7,x30,x5	 x30:0x00000000  x5:0x00000000  x7=0x00000000
     165825.000 ns	     16581	80003ad8	037e8033	mul	x0,x29,x23	 x29:0x00000001 x23:0x80040fe4
     165855.000 ns	     16584	80003adc	a0df29d3	feq.s	x19,f30,f13	 f30:0x4f000410 f13:0x80040fe4 x19=0x00000000
     165875.000 ns	     16586	80003ae0	01bddd13	srli	x26,x27,0x1b	 x27:0x00000000 x26=0x00000000
     165895.000 ns	     16588	80003ae4	c00cfdd3	fcvt.w.s	x27,f25	 f25:0xff800000 x27=0x80000000
     165925.000 ns	     16591	80003ae8	a1048153	fle.s	x2,f9,f16	  f9:0x5e800820 f16:0x00000001  x2=0x00000000
     165945.000 ns	     16593	80003aec	25083013	sltiu	x0,x16,592	 x16:0x80041000
     165965.000 ns	     16595	80003af0	a0b38653	fle.s	x12,f7,f11	  f7:0x00081004 f11:0xff800000 x12=0x00000000
     165995.000 ns	     16598	80003af4	2008a853	fsgnjx.s	f16,f17,f0	 f17:0x00000000  f0:0x421caa47 f16=0x00000000
     166015.000 ns	     16600	80003af8	01c97133	and	x2,x18,x28	 x18:0x80041024 x28:0x00800199  x2=0x00000000
     166025.000 ns	     16601	80003afc	01576ab3	or	x21,x14,x21	 x14:0x80000000 x21:0xfffffeab x21=0xfffffeab
     166035.000 ns	     16602	80003b00	4191da93	srai	x21,x3,0x19	  x3:0x00000000 x21=0x00000000
     166045.000 ns	     16603	80003b04	01be9d13	slli	x26,x29,0x1b	 x29:0x00000001 x26=0x08000000
     166065.000 ns	     16605	80003b08	d01e8853	fcvt.s.wu	f16,x29	 x29:0x00000001 f16=0x3f800000
     166095.000 ns	     16608	80003b0c	e0091cd3	fclass.s	x25,f18	 f18:0x00000001 x25=0x00000020
     166125.000 ns	     16611	80003b10	03efa833	mulhsu	x16,x31,x30	 x31:0x00000000 x30:0x00000000 x16=0x00000000
     166155.000 ns	     16614	80003b14	214d15d3	fsgnjn.s	f11,f26,f20	 f26:0x4f000410 f20:0x7fc00000 f11=0xcf000410
     166185.000 ns	     16617	80003b18	026f7db3	remu	x27,x30,x6	 x30:0x00000000  x6:0x00000000 x27=0x00000000
     166525.000 ns	     16651	80003b1c	196fc0d3	fdiv.s	f1,f31,f22	 f31:0x44000000 f22:0xbf800000  f1=0xc3845ede
     166545.000 ns	     16653	80003b20	d8727a13	andi	x20,x4,-633	  x4:0x00000000 x20=0x00000000
     166555.000 ns	     16654	80003b24	00c59293	slli	x5,x11,0xc	 x11:0x00000000  x5=0x00000000
     166585.000 ns	     16657	80003b28	10d2f4d3	fmul.s	f9,f5,f13	  f5:0x3f7fffae f13:0x80040fe4  f9=0x80040fe3
     166615.000 ns	     16660	80003b2c	03026db3	rem	x27,x4,x16	  x4:0x00000000 x16:0x00000000 x27=0x00000000
     166655.000 ns	     16664	80003b30	58044153	fsqrt.s	f2,f8	  f8:0x7fc00000  f2=0x7fc00000
     166685.000 ns	     16667	80003b34	c007f853	fcvt.w.s	x16,f15	 f15:0x7fc00000 x16=0x7fffffff
     166715.000 ns	     16670	80003b38	036449b3	div	x19,x8,x22	  x8:0x002e9b1b x22:0x00000000 x19=0xffffffff
     166745.000 ns	     16673	80003b3c	d0007fd3	fcvt.s.w	f31,x0	  x0:0x00000000 f31=0x00000000
     167085.000 ns	     16707	80003b40	19aba0d3	fdiv.s	f1,f23,f26	 f23:0x3f800000 f26:0x4f000410  f1=0x2f800000
     167115.000 ns	     16710	80003b44	d01615d3	fcvt.s.wu	f11,x12	 x12:0x00000000 f11=0x00000000
     167145.000 ns	     16713	80003b48	d0154e53	fcvt.s.wu	f28,x10	 x10:0x80041023 f28=0x4f000410
     167165.000 ns	     16715	80003b4c	4041d4b3	sra	x9,x3,x4	  x3:0x00000000  x4:0x00000000  x9=0x00000000
     167185.000 ns	     16717	80003b50	205f1cd3	fsgnjn.s	f25,f30,f5	 f30:0x4f000410  f5:0x3f7fffae f25=0xcf000410
     167215.000 ns	     16720	80003b54	d00cfb53	fcvt.s.w	f22,x25	 x25:0x00000020 f22=0x42000000
     167245.000 ns	     16723	80003b58	20482753	fsgnjx.s	f14,f16,f4	 f16:0x3f800000  f4:0x3fffff8a f14=0x3f800000
     167275.000 ns	     16726	80003b5c	036a9ab3	mulh	x21,x21,x22	 x21:0x00000000 x22:0x00000000 x21=0x00000000
     167305.000 ns	     16729	80003b60	f0038d53	fmv.w.x	f26,x7	  x7:0x00000000 f26=0x00000000
     167325.000 ns	     16731	80003b64	f6a2fe93	andi	x29,x5,-150	  x5:0x00000000 x29=0x00000000
     167335.000 ns	     16732	80003b68	0155b8b3	sltu	x17,x11,x21	 x11:0x00000000 x21:0x00000000 x17=0x00000000
     167345.000 ns	     16733	80003b6c	018cb633	sltu	x12,x25,x24	 x25:0x00000020 x24:0xffffffff x12=0x00000001
     167355.000 ns	     16734	80003b70	418a5a93	srai	x21,x20,0x18	 x20:0x00000000 x21=0x00000000
     167365.000 ns	     16735	80003b74	0135dc13	srli	x24,x11,0x13	 x11:0x00000000 x24=0x00000000
     167385.000 ns	     16737	80003b78	21d28553	fsgnj.s	f10,f5,f29	  f5:0x3f7fffae f29:0x7fc00000 f10=0x3f7fffae
     167755.000 ns	     16774	80003b7c	03276533	rem	x10,x14,x18	 x14:0x80000000 x18:0x80041024 x10=0xfffbefdc
     167805.000 ns	     16779	80003b80	08cc8053	fsub.s	f0,f25,f12	 f25:0xcf000410 f12:0xcf000410  f0=0x00000000
     167835.000 ns	     16782	80003b84	d003f6d3	fcvt.s.w	f13,x7	  x7:0x00000000 f13=0x00000000
     167855.000 ns	     16784	80003b88	41858b33	sub	x22,x11,x24	 x11:0x00000000 x24:0x00000000 x22=0x00000000
     167865.000 ns	     16785	80003b8c	7a400c93	addi	x25,x0,1956	  x0:0x00000000 x25=0x000007a4
     167875.000 ns	     16786	80003b90	26746213	ori	x4,x8,615	  x8:0x002e9b1b  x4=0x002e9b7f
     167885.000 ns	     16787	80003b94	80944f93	xori	x31,x8,-2039	  x8:0x002e9b1b x31=0xffd16312
     167895.000 ns	     16788	80003b98	413d0cb3	sub	x25,x26,x19	 x26:0x08000000 x19:0xffffffff x25=0x08000001
     167905.000 ns	     16789	80003b9c	8466ee93	ori	x29,x13,-1978	 x13:0x00000000 x29=0xfffff846
     168265.000 ns	     16825	80003ba0	02877b33	remu	x22,x14,x8	 x14:0x80000000  x8:0x002e9b1b x22=0x000410db
     168635.000 ns	     16862	80003ba4	03c1cf33	div	x30,x3,x28	  x3:0x00000000 x28:0x00800199 x30=0x00000000
     168675.000 ns	     16866	80003ba8	11a98853	fmul.s	f16,f19,f26	 f19:0xde800820 f26:0x00000000 f16=0x80000000
     168705.000 ns	     16869	80003bac	200b8fd3	fsgnj.s	f31,f23,f0	 f23:0x3f800000  f0:0x00000000 f31=0x3f800000
     168735.000 ns	     16872	80003bb0	03b2b633	mulhu	x12,x5,x27	  x5:0x00000000 x27:0x00000000 x12=0x00000000
     168765.000 ns	     16875	80003bb4	d01afc53	fcvt.s.wu	f24,x21	 x21:0x00000000 f24=0x00000000
     168785.000 ns	     16877	80003bb8	3a009d17	auipc	x26,0x3a009	 x26=0xba00cbb8
     168795.000 ns	     16878	80003bbc	482afeb7	lui	x29,0x482af	 x29=0x482af000
     168805.000 ns	     16879	80003bc0	00eea333	slt	x6,x29,x14	 x29:0xfffff846 x14:0x80000000  x6=0x00000000
     168845.000 ns	     16883	80003bc4	08eeffd3	fsub.s	f31,f29,f14	 f29:0x7fc00000 f14:0x3f800000 f31=0x7fc00000
     168865.000 ns	     16885	80003bc8	002fd233	srl	x4,x31,x2	 x31:0xffd16312  x2:0x00000000  x4=0xffd16312
     168875.000 ns	     16886	80003bcc	3da74a13	xori	x20,x14,986	 x14:0x80000000 x20=0x800003da
     168885.000 ns	     16887	80003bd0	41f00233	sub	x4,x0,x31	  x0:0x00000000 x31:0xffd16312  x4=0x002e9cee
     168905.000 ns	     16889	80003bd4	027af2b3	remu	x5,x21,x7	 x21:0x00000000  x7:0x00000000  x5=0x00000000
     168935.000 ns	     16892	80003bd8	a0de9ad3	flt.s	x21,f29,f13	 f29:0x7fc00000 f13:0x00000000 x21=0x00000000
     168955.000 ns	     16894	80003bdc	7813e437	lui	x8,0x7813e	  x8=0x7813e000
     168965.000 ns	     16895	80003be0	01651a33	sll	x20,x10,x22	 x10:0xfffbefdc x22:0x000410db x20=0xe0000000
     168985.000 ns	     16897	80003be4	e0020253	fmv.x.w	x4,f4	  f4:0x3fffff8a  x4=0x3fffff8a
     169005.000 ns	     16899	80003be8	00ef3eb3	sltu	x29,x30,x14	 x30:0x00000000 x14:0x80000000 x29=0x00000001
     169015.000 ns	     16900	80003bec	4112d593	srai	x11,x5,0x11	  x5:0x00000000 x11=0x00000000
     169025.000 ns	     16901	80003bf0	00f35cb3	srl	x25,x6,x15	  x6:0x00000000 x15:0x00000000 x25=0x00000000
     169035.000 ns	     16902	80003bf4	01f67533	and	x10,x12,x31	 x12:0x00000000 x31:0xffd16312 x10=0x00000000
     169045.000 ns	     16903	80003bf8	005cdf33	srl	x30,x25,x5	 x25:0x08000001  x5:0x00000000 x30=0x00000000
     169065.000 ns	     16905	80003bfc	d00409d3	fcvt.s.w	f19,x8	  x8:0x7813e000 f19=0x4ef027c0
     169095.000 ns	     16908	80003c00	290110d3	fmax.s	f1,f2,f16	  f2:0x7fc00000 f16:0x80000000  f1=0x80000000
     169115.000 ns	     16910	80003c04	01e69113	slli	x2,x13,0x1e	 x13:0x00000000  x2=0x00000000
     169135.000 ns	     16912	80003c08	c0098e53	fcvt.w.s	x28,f19	 f19:0x4ef027c0 x28=0x7813e000
     169155.000 ns	     16914	80003c0c	00a13133	sltu	x2,x2,x10	  x2:0x00000000 x10:0x00000000  x2=0x00000000
     169175.000 ns	     16916	80003c10	a14da353	feq.s	x6,f27,f20	 f27:0x5e800820 f20:0x7fc00000  x6=0x00000000
     169195.000 ns	     16918	80003c14	00000013	addi	x0,x0,0	  x0:0x00000000
     169205.000 ns	     16919	80003c18	00000013	addi	x0,x0,0	  x0:0x00000000
     169215.000 ns	     16920	80003c1c	008760b3	or	x1,x14,x8	 x14:0x80000000  x8:0x7813e000  x1=0xf813e000
     169255.000 ns	     16924	80003c20	00d33853	fadd.s	f16,f6,f13	  f6:0xbf800000 f13:0x00000000 f16=0xbf800000
     169275.000 ns	     16926	80003c24	257a3493	sltiu	x9,x20,599	 x20:0xe0000000  x9=0x00000000
     169305.000 ns	     16929	80003c28	11ccf4d3	fmul.s	f9,f25,f28	 f25:0xcf000410 f28:0x4f000410  f9=0xde800820
     170485.000 ns	     17047	80003c2c	580b7e53	fsqrt.s	f28,f22	 f22:0x42000000 f28=0x40350482
     170505.000 ns	     17049	80003c30	0035bdb3	sltu	x27,x11,x3	 x11:0x00000000  x3:0x00000000 x27=0x00000000
     170525.000 ns	     17051	80003c34	03e6cfb3	div	x31,x13,x30	 x13:0x00000000 x30:0x00000000 x31=0xffffffff
     170555.000 ns	     17054	80003c38	030609b3	mul	x19,x12,x16	 x12:0x00000000 x16:0x7fffffff x19=0x00000000
     170575.000 ns	     17056	80003c3c	01246b33	or	x22,x8,x18	  x8:0x7813e000 x18:0x80041024 x22=0xf817f024
     170585.000 ns	     17057	80003c40	01511a93	slli	x21,x2,0x15	  x2:0x00000000 x21=0x00000000
     170605.000 ns	     17059	80003c44	d0077bd3	fcvt.s.w	f23,x14	 x14:0x80000000 f23=0xcf000000
     170635.000 ns	     17062	80003c48	e00f92d3	fclass.s	x5,f31	 f31:0x7fc00000  x5=0x00000200
     170655.000 ns	     17064	80003c4c	00000013	addi	x0,x0,0	  x0:0x00000000
     170675.000 ns	     17066	80003c50	d0084753	fcvt.s.w	f14,x16	 x16:0x7fffffff f14=0x4f000000
     170695.000 ns	     17068	80003c54	01431d93	slli	x27,x6,0x14	  x6:0x00000000 x27=0x00000000
     170705.000 ns	     17069	80003c58	501e7613	andi	x12,x28,1281	 x28:0x7813e000 x12=0x00000000
     170715.000 ns	     17070	80003c5c	fd13cc13	xori	x24,x7,-47	  x7:0x00000000 x24=0xffffffd1
     170735.000 ns	     17072	80003c60	d0057b53	fcvt.s.w	f22,x10	 x10:0x00000000 f22=0x00000000
     170755.000 ns	     17074	80003c64	33f5bd93	sltiu	x27,x11,831	 x11:0x00000000 x27=0x00000001
     170765.000 ns	     17075	80003c68	a44bbf13	sltiu	x30,x23,-1468	 x23:0x80040fe4 x30=0x00000001
     170775.000 ns	     17076	80003c6c	40215413	srai	x8,x2,0x2	  x2:0x00000000  x8=0x00000000
     170785.000 ns	     17077	80003c70	011d1333	sll	x6,x26,x17	 x26:0xba00cbb8 x17:0x00000000  x6=0xba00cbb8
     170795.000 ns	     17078	80003c74	f5ffb037	lui	x0,0xf5ffb	
     170815.000 ns	     17080	80003c78	02dafd33	remu	x26,x21,x13	 x21:0x00000000 x13:0x00000000 x26=0x00000000
     170835.000 ns	     17082	80003c7c	01c1df13	srli	x30,x3,0x1c	  x3:0x00000000 x30=0x00000000
     170855.000 ns	     17084	80003c80	e0058153	fmv.x.w	x2,f11	 f11:0x00000000  x2=0x00000000
     170875.000 ns	     17086	80003c84	2b1c7437	lui	x8,0x2b1c7	  x8=0x2b1c7000
     170915.000 ns	     17090	80003c88	012534d3	fadd.s	f9,f10,f18	 f10:0x3f7fffae f18:0x00000001  f9=0x3f7fffae
     170945.000 ns	     17093	80003c8c	a12014d3	flt.s	x9,f0,f18	  f0:0x00000000 f18:0x00000001  x9=0x00000001
     170995.000 ns	     17098	80003c90	00127d53	fadd.s	f26,f4,f1	  f4:0x3fffff8a  f1:0x80000000 f26=0x3fffff8a
     171025.000 ns	     17101	80003c94	d004c4d3	fcvt.s.w	f9,x9	  x9:0x00000001  f9=0x3f800000
     171045.000 ns	     17103	80003c98	01b908b3	add	x17,x18,x27	 x18:0x80041024 x27:0x00000001 x17=0x80041025
     171055.000 ns	     17104	80003c9c	013df833	and	x16,x27,x19	 x27:0x00000001 x19:0x00000000 x16=0x00000000
     171075.000 ns	     17106	80003ca0	f00e83d3	fmv.w.x	f7,x29	 x29:0x00000001  f7=0x00000001
     171105.000 ns	     17109	80003ca4	20651dd3	fsgnjn.s	f27,f10,f6	 f10:0x3f7fffae  f6:0xbf800000 f27=0x3f7fffae
     171125.000 ns	     17111	80003ca8	c4942393	slti	x7,x8,-951	  x8:0x2b1c7000  x7=0x00000000
     171145.000 ns	     17113	80003cac	02f7cd33	div	x26,x15,x15	 x15:0x00000000 x15:0x00000000 x26=0xffffffff
     171185.000 ns	     17117	80003cb0	11d179d3	fmul.s	f19,f2,f29	  f2:0x7fc00000 f29:0x7fc00000 f19=0x7fc00000
     171215.000 ns	     17120	80003cb4	21411fd3	fsgnjn.s	f31,f2,f20	  f2:0x7fc00000 f20:0x7fc00000 f31=0xffc00000
     171235.000 ns	     17122	80003cb8	004d1293	slli	x5,x26,0x4	 x26:0xffffffff  x5=0xfffffff0
     171245.000 ns	     17123	80003cbc	0148f7b3	and	x15,x17,x20	 x17:0x80041025 x20:0xe0000000 x15=0x80000000
     171265.000 ns	     17125	80003cc0	02a73e33	mulhu	x28,x14,x10	 x14:0x80000000 x10:0x00000000 x28=0x00000000
     171285.000 ns	     17127	80003cc4	40ef00b3	sub	x1,x30,x14	 x30:0x00000000 x14:0x80000000  x1=0x80000000
     171295.000 ns	     17128	80003cc8	01a633b3	sltu	x7,x12,x26	 x12:0x00000000 x26:0xffffffff  x7=0x00000001
     171655.000 ns	     17164	80003ccc	025f7033	remu	x0,x30,x5	 x30:0x00000000  x5:0xfffffff0
     171675.000 ns	     17166	80003cd0	010d3c33	sltu	x24,x26,x16	 x26:0xffffffff x16:0x00000000 x24=0x00000000
     171695.000 ns	     17168	80003cd4	02119b33	mulh	x22,x3,x1	  x3:0x00000000  x1:0x80000000 x22=0x00000000
     171725.000 ns	     17171	80003cd8	e0018d53	fmv.x.w	x26,f3	  f3:0x00000000 x26=0x00000000
     171745.000 ns	     17173	80003cdc	eac46013	ori	x0,x8,-340	  x8:0x2b1c7000
     171765.000 ns	     17175	80003ce0	a044ac53	feq.s	x24,f9,f4	  f9:0x3f800000  f4:0x3fffff8a x24=0x00000000
     171795.000 ns	     17178	80003ce4	c00072d3	fcvt.w.s	x5,f0	  f0:0x00000000  x5=0x00000000
     171825.000 ns	     17181	80003ce8	a1a70153	fle.s	x2,f14,f26	 f14:0x4f000000 f26:0x3fffff8a  x2=0x00000000
     171855.000 ns	     17184	80003cec	200c8ad3	fsgnj.s	f21,f25,f0	 f25:0xcf000410  f0:0x00000000 f21=0x4f000410
     171895.000 ns	     17188	80003cf0	18847553	fdiv.s	f10,f8,f8	  f8:0x7fc00000  f8:0x7fc00000 f10=0x7fc00000
     171915.000 ns	     17190	80003cf4	00630eb3	add	x29,x6,x6	  x6:0xba00cbb8  x6:0xba00cbb8 x29=0x74019770
     171935.000 ns	     17192	80003cf8	e0078253	fmv.x.w	x4,f15	 f15:0x7fc00000  x4=0x7fc00000
     171975.000 ns	     17196	80003cfc	180421d3	fdiv.s	f3,f8,f0	  f8:0x7fc00000  f0:0x00000000  f3=0x7fc00000
     172025.000 ns	     17201	80003d00	0171fdd3	fadd.s	f27,f3,f23	  f3:0x00000000 f23:0xcf000000 f27=0x7fc00000
     172045.000 ns	     17203	80003d04	014cb2b3	sltu	x5,x25,x20	 x25:0x00000000 x20:0xe0000000  x5=0x00000001
     172055.000 ns	     17204	80003d08	00ccc4b3	xor	x9,x25,x12	 x25:0x00000000 x12:0x00000000  x9=0x00000000
     172075.000 ns	     17206	80003d0c	020b5133	divu	x2,x22,x0	 x22:0x00000000  x0:0x00000000  x2=0xffffffff
     172115.000 ns	     17210	80003d10	1082f7d3	fmul.s	f15,f5,f8	  f5:0x3f7fffae  f8:0x7fc00000 f15=0x7fc00000
     172135.000 ns	     17212	80003d14	01a444b3	xor	x9,x8,x26	  x8:0x2b1c7000 x26:0x00000000  x9=0x2b1c7000
     172145.000 ns	     17213	80003d18	310710b7	lui	x1,0x31071	  x1=0x31071000
     172165.000 ns	     17215	80003d1c	d01b7e53	fcvt.s.wu	f28,x22	 x22:0x00000000 f28=0x00000000
     172195.000 ns	     17218	80003d20	a01c1dd3	flt.s	x27,f24,f1	 f24:0x00000000  f1:0x80000000 x27=0x00000000
     172215.000 ns	     17220	80003d24	017fc233	xor	x4,x31,x23	 x31:0xffffffff x23:0x80040fe4  x4=0x7ffbf01b
     172235.000 ns	     17222	80003d28	a0dc94d3	flt.s	x9,f25,f13	 f25:0xcf000410 f13:0x00000000  x9=0x00000001
     172285.000 ns	     17227	80003d2c	09b133d3	fsub.s	f7,f2,f27	  f2:0x7fc00000 f27:0x7fc00000  f7=0x7fc00000
     172305.000 ns	     17229	80003d30	0184a9b3	slt	x19,x9,x24	  x9:0x00000001 x24:0x00000000 x19=0x00000000
     172325.000 ns	     17231	80003d34	f00a8e53	fmv.w.x	f28,x21	 x21:0x00000000 f28=0x00000000
     172355.000 ns	     17234	80003d38	02b48fb3	mul	x31,x9,x11	  x9:0x00000001 x11:0x00000000 x31=0x00000000
     172395.000 ns	     17238	80003d3c	198a7353	fdiv.s	f6,f20,f24	 f20:0x7fc00000 f24:0x00000000  f6=0x7fc00000
     172425.000 ns	     17241	80003d40	02491d33	mulh	x26,x18,x4	 x18:0x80041024  x4:0x7ffbf01b x26=0xc0040ff3
     172445.000 ns	     17243	80003d44	eb2e6e93	ori	x29,x28,-334	 x28:0x00000000 x29=0xfffffeb2
     172455.000 ns	     17244	80003d48	40b15cb3	sra	x25,x2,x11	  x2:0xffffffff x11:0x00000000 x25=0xffffffff
     172465.000 ns	     17245	80003d4c	401fd533	sra	x10,x31,x1	 x31:0x00000000  x1:0x31071000 x10=0x00000000
     172475.000 ns	     17246	80003d50	00000013	addi	x0,x0,0	  x0:0x00000000
     172505.000 ns	     17249	80003d54	5800fbd3	fsqrt.s	f23,f1	  f1:0x80000000 f23=0x80000000
     172525.000 ns	     17251	80003d58	00000013	addi	x0,x0,0	  x0:0x00000000
     172555.000 ns	     17254	80003d5c	194cf453	fdiv.s	f8,f25,f20	 f25:0xcf000410 f20:0x7fc00000  f8=0x7fc00000
     172585.000 ns	     17257	80003d60	205299d3	fsgnjn.s	f19,f5,f5	  f5:0x3f7fffae  f5:0x3f7fffae f19=0xbf7fffae
     172615.000 ns	     17260	80003d64	289890d3	fmax.s	f1,f17,f9	 f17:0x00000000  f9:0x3f800000  f1=0x3f800000
     172635.000 ns	     17262	80003d68	01054fb3	xor	x31,x10,x16	 x10:0x00000000 x16:0x00000000 x31=0x00000000
     172665.000 ns	     17265	80003d6c	10ad18d3	fmul.s	f17,f26,f10	 f26:0x3fffff8a f10:0x7fc00000 f17=0x7fc00000
     172695.000 ns	     17268	80003d70	20da12d3	fsgnjn.s	f5,f20,f13	 f20:0x7fc00000 f13:0x00000000  f5=0xffc00000
     172725.000 ns	     17271	80003d74	208a8b53	fsgnj.s	f22,f21,f8	 f21:0x4f000410  f8:0x7fc00000 f22=0x4f000410
     172755.000 ns	     17274	80003d78	c00e71d3	fcvt.w.s	x3,f28	 f28:0x00000000  x3=0x00000000
     172775.000 ns	     17276	80003d7c	0101bd33	sltu	x26,x3,x16	  x3:0x00000000 x16:0x00000000 x26=0x00000000
     173135.000 ns	     17312	80003d80	031ef533	remu	x10,x29,x17	 x29:0xfffffeb2 x17:0x80041025 x10=0x7ffbee8d
     173165.000 ns	     17315	80003d84	20c289d3	fsgnj.s	f19,f5,f12	  f5:0xffc00000 f12:0xcf000410 f19=0xffc00000
     173185.000 ns	     17317	80003d88	4144d0b3	sra	x1,x9,x20	  x9:0x00000001 x20:0xe0000000  x1=0x00000001
     173195.000 ns	     17318	80003d8c	03c9dcb7	lui	x25,0x3c9d	 x25=0x03c9d000
     173205.000 ns	     17319	80003d90	df594393	xori	x7,x18,-523	 x18:0x80041024  x7=0x7ffbedd1
     173215.000 ns	     17320	80003d94	0076de33	srl	x28,x13,x7	 x13:0x00000000  x7:0x00000001 x28=0x00000000
     173225.000 ns	     17321	80003d98	0106e7b3	or	x15,x13,x16	 x13:0x00000000 x16:0x00000000 x15=0x00000000
     173245.000 ns	     17323	80003d9c	c0097653	fcvt.w.s	x12,f18	 f18:0x00000001 x12=0x00000000
     173275.000 ns	     17326	80003da0	a0b8a1d3	feq.s	x3,f17,f11	 f17:0x7fc00000 f11:0x00000000  x3=0x00000000
     173295.000 ns	     17328	80003da4	3a4e4313	xori	x6,x28,932	 x28:0x00000000  x6=0x000003a4
     173315.000 ns	     17330	80003da8	e0078253	fmv.x.w	x4,f15	 f15:0x7fc00000  x4=0x7fc00000
     173335.000 ns	     17332	80003dac	18431f37	lui	x30,0x18431	 x30=0x18431000
     173345.000 ns	     17333	80003db0	00ce8ab3	add	x21,x29,x12	 x29:0xfffffeb2 x12:0x00000000 x21=0xfffffeb2
     173355.000 ns	     17334	80003db4	017a2c33	slt	x24,x20,x23	 x20:0xe0000000 x23:0x80040fe4 x24=0x00000000
     173365.000 ns	     17335	80003db8	019fc4b3	xor	x9,x31,x25	 x31:0x00000000 x25:0x03c9d000  x9=0x03c9d000
     173375.000 ns	     17336	80003dbc	015b1d13	slli	x26,x22,0x15	 x22:0x00000000 x26=0x00000000
     173385.000 ns	     17337	80003dc0	df966c13	ori	x24,x12,-519	 x12:0x00000000 x24=0xfffffdf9
     173405.000 ns	     17339	80003dc4	02ffa033	mulhsu	x0,x31,x15	 x31:0x00000000 x15:0x00000000
     173425.000 ns	     17341	80003dc8	00cba9b3	slt	x19,x23,x12	 x23:0x80040fe4 x12:0x00000000 x19=0x00000001
     173435.000 ns	     17342	80003dcc	0032ab33	slt	x22,x5,x3	  x5:0x00000001  x3:0x00000000 x22=0x00000000
     173795.000 ns	     17378	80003dd0	035ced33	rem	x26,x25,x21	 x25:0x03c9d000 x21:0xfffffeb2 x26=0x00000068
     173825.000 ns	     17381	80003dd4	29248753	fmin.s	f14,f9,f18	  f9:0x3f800000 f18:0x00000001 f14=0x00000001
     173845.000 ns	     17383	80003dd8	68600313	addi	x6,x0,1670	  x0:0x00000000  x6=0x00000686
     173865.000 ns	     17385	80003ddc	d014fbd3	fcvt.s.wu	f23,x9	  x9:0x03c9d000 f23=0x4c727400
     173895.000 ns	     17388	80003de0	d0177353	fcvt.s.wu	f6,x14	 x14:0x80000000  f6=0x4f000000
     173915.000 ns	     17390	80003de4	55fd1c17	auipc	x24,0x55fd1	 x24=0xd5fd4de4
     173925.000 ns	     17391	80003de8	01205eb3	srl	x29,x0,x18	  x0:0x00000000 x18:0x80041024 x29=0x00000000
     173935.000 ns	     17392	80003dec	00c365b3	or	x11,x6,x12	  x6:0x00000686 x12:0x00000000 x11=0x00000686
     173945.000 ns	     17393	80003df0	01ae59b3	srl	x19,x28,x26	 x28:0x00000000 x26:0x00000068 x19=0x00000000
     173965.000 ns	     17395	80003df4	e00a1553	fclass.s	x10,f20	 f20:0x7fc00000 x10=0x00000200
     173985.000 ns	     17397	80003df8	0061be33	sltu	x28,x3,x6	  x3:0x00000000  x6:0x00000686 x28=0x00000001
     173995.000 ns	     17398	80003dfc	009755b3	srl	x11,x14,x9	 x14:0x80000000  x9:0x03c9d000 x11=0x80000000
     174005.000 ns	     17399	80003e00	01cb11b3	sll	x3,x22,x28	 x22:0x00000000 x28:0x00000000  x3=0x00000000
     174035.000 ns	     17402	80003e04	11757453	fmul.s	f8,f10,f23	 f10:0x7fc00000 f23:0x4c727400  f8=0x7fc00000
     174065.000 ns	     17405	80003e08	02eba7b3	mulhsu	x15,x23,x14	 x23:0x80040fe4 x14:0x80000000 x15=0xc00207f2
     174085.000 ns	     17407	80003e0c	42077d17	auipc	x26,0x42077	 x26=0xc207ae0c
     174095.000 ns	     17408	80003e10	41c85313	srai	x6,x16,0x1c	 x16:0x00000000  x6=0x00000000
     174455.000 ns	     17444	80003e14	03a9e233	rem	x4,x19,x26	 x19:0x00000000 x26:0x00000068  x4=0x00000000
     174495.000 ns	     17448	80003e18	199474d3	fdiv.s	f9,f8,f25	  f8:0x7fc00000 f25:0xcf000410  f9=0x7fc00000
     174525.000 ns	     17451	80003e1c	20ec0853	fsgnj.s	f16,f24,f14	 f24:0x00000000 f14:0x00000001 f16=0x00000000
     174555.000 ns	     17454	80003e20	a00a95d3	flt.s	x11,f21,f0	 f21:0x4f000410  f0:0x00000000 x11=0x00000000
     174585.000 ns	     17457	80003e24	d00cac53	fcvt.s.w	f24,x25	 x25:0x03c9d000 f24=0x4c727400
     174605.000 ns	     17459	80003e28	402e0d33	sub	x26,x28,x2	 x28:0x00000001  x2:0xffffffff x26=0x00000002
     174615.000 ns	     17460	80003e2c	30246513	ori	x10,x8,770	  x8:0x2b1c7000 x10=0x2b1c7302
     174975.000 ns	     17496	80003e30	025f55b3	divu	x11,x30,x5	 x30:0x18431000  x5:0x00000001 x11=0x18431000
     175005.000 ns	     17499	80003e34	02f7a9b3	mulhsu	x19,x15,x15	 x15:0xc00207f2 x15:0xc00207f2 x19=0xd00103fd
     175025.000 ns	     17501	80003e38	005474b3	and	x9,x8,x5	  x8:0x2b1c7000  x5:0x00000001  x9=0x00000000
     175035.000 ns	     17502	80003e3c	5a96b293	sltiu	x5,x13,1449	 x13:0x00000000  x5=0x00000001
     175045.000 ns	     17503	80003e40	0188d893	srli	x17,x17,0x18	 x17:0x80041025 x17=0x00000080
     175075.000 ns	     17506	80003e44	58014353	fsqrt.s	f6,f2	  f2:0x7fc00000  f6=0x7fc00000
     175105.000 ns	     17509	80003e48	290f8353	fmin.s	f6,f31,f16	 f31:0xffc00000 f16:0x00000000  f6=0x00000000
     175125.000 ns	     17511	80003e4c	0001ecb3	or	x25,x3,x0	  x3:0x00000000  x0:0x00000000 x25=0x00000000
     175145.000 ns	     17513	80003e50	03cc24b3	mulhsu	x9,x24,x28	 x24:0xd5fd4de4 x28:0x00000001  x9=0xffffffff
     175515.000 ns	     17550	80003e54	02ff4233	div	x4,x30,x15	 x30:0x18431000 x15:0xc00207f2  x4=0x00000000
     175545.000 ns	     17553	80003e58	a1142c53	feq.s	x24,f8,f17	  f8:0x7fc00000 f17:0x7fc00000 x24=0x00000000
     175565.000 ns	     17555	80003e5c	26bab1b7	lui	x3,0x26bab	  x3=0x26bab000
     175585.000 ns	     17557	80003e60	c00871d3	fcvt.w.s	x3,f16	 f16:0x00000000  x3=0x00000000
     175605.000 ns	     17559	80003e64	4a55a313	slti	x6,x11,1189	 x11:0x18431000  x6=0x00000000
     175615.000 ns	     17560	80003e68	41e8d233	sra	x4,x17,x30	 x17:0x00000080 x30:0x18431000  x4=0x00000080
     175625.000 ns	     17561	80003e6c	00c01213	slli	x4,x0,0xc	  x0:0x00000000  x4=0x00000000
     175635.000 ns	     17562	80003e70	409a5b33	sra	x22,x20,x9	 x20:0xe0000000  x9:0xffffffff x22=0xffffffff
     175665.000 ns	     17565	80003e74	185df453	fdiv.s	f8,f27,f5	 f27:0x7fc00000  f5:0xffc00000  f8=0x7fc00000
     175705.000 ns	     17569	80003e78	11b889d3	fmul.s	f19,f17,f27	 f17:0x7fc00000 f27:0x7fc00000 f19=0x7fc00000
     175725.000 ns	     17571	80003e7c	86365117	auipc	x2,0x86365	  x2=0x06368e7c
     175735.000 ns	     17572	80003e80	01d9a533	slt	x10,x19,x29	 x19:0xd00103fd x29:0x00000000 x10=0x00000001
     176095.000 ns	     17608	80003e84	02f0feb3	remu	x29,x1,x15	  x1:0x00000001 x15:0xc00207f2 x29=0x00000001
     176115.000 ns	     17610	80003e88	00000013	addi	x0,x0,0	  x0:0x00000000
     176125.000 ns	     17611	80003e8c	01136c33	or	x24,x6,x17	  x6:0x00000000 x17:0x00000080 x24=0x00000080
     176145.000 ns	     17613	80003e90	a1171d53	flt.s	x26,f14,f17	 f14:0x00000001 f17:0x7fc00000 x26=0x00000000
     176165.000 ns	     17615	80003e94	00054333	xor	x6,x10,x0	 x10:0x00000001  x0:0x00000000  x6=0x00000001
     176185.000 ns	     17617	80003e98	d0030553	fcvt.s.w	f10,x6	  x6:0x00000000 f10=0x3f800000
     176215.000 ns	     17620	80003e9c	a1a217d3	flt.s	x15,f4,f26	  f4:0x3fffff8a f26:0x3fffff8a x15=0x00000000
     176235.000 ns	     17622	80003ea0	0088f133	and	x2,x17,x8	 x17:0x00000080  x8:0x2b1c7000  x2=0x00000000
     176255.000 ns	     17624	80003ea4	02f521b3	mulhsu	x3,x10,x15	 x10:0x00000001 x15:0x00000000  x3=0x00000000
     176275.000 ns	     17626	80003ea8	00651693	slli	x13,x10,0x6	 x10:0x00000001 x13=0x00000040
     176285.000 ns	     17627	80003eac	885e0e93	addi	x29,x28,-1915	 x28:0x00000001 x29=0xfffff886
     176295.000 ns	     17628	80003eb0	01fad7b3	srl	x15,x21,x31	 x21:0xfffffeb2 x31:0x00000000 x15=0xfffffeb2
     176305.000 ns	     17629	80003eb4	4066df13	srai	x30,x13,0x6	 x13:0x00000040 x30=0x00000001
     176325.000 ns	     17631	80003eb8	29320053	fmin.s	f0,f4,f19	  f4:0x3fffff8a f19:0x7fc00000  f0=0x3fffff8a
     176355.000 ns	     17634	80003ebc	e00002d3	fmv.x.w	x5,f0	  f0:0x00000000  x5=0x3fffff8a
     177535.000 ns	     17752	80003ec0	58097453	fsqrt.s	f8,f18	 f18:0x00000001  f8=0x1f350483
     177565.000 ns	     17755	80003ec4	21788a53	fsgnj.s	f20,f17,f23	 f17:0x7fc00000 f23:0x4c727400 f20=0x7fc00000
     177585.000 ns	     17757	80003ec8	01439fb3	sll	x31,x7,x20	  x7:0x7ffbedd1 x20:0xe0000000 x31=0x7ffbedd1
     177595.000 ns	     17758	80003ecc	04043513	sltiu	x10,x8,64	  x8:0x2b1c7000 x10=0x00000000
     177615.000 ns	     17760	80003ed0	28ae9153	fmax.s	f2,f29,f10	 f29:0x7fc00000 f10:0x3f800000  f2=0x3f800000
     177645.000 ns	     17763	80003ed4	d0011ed3	fcvt.s.w	f29,x2	  x2:0x00000000 f29=0x00000000
     177675.000 ns	     17766	80003ed8	a0110d53	fle.s	x26,f2,f1	  f2:0x3f800000  f1:0x3f800000 x26=0x00000001
     177695.000 ns	     17768	80003edc	01bc85b3	add	x11,x25,x27	 x25:0x00000000 x27:0x00000000 x11=0x00000000
     177705.000 ns	     17769	80003ee0	005733b3	sltu	x7,x14,x5	 x14:0x80000000  x5:0x3fffff8a  x7=0x00000000
     177715.000 ns	     17770	80003ee4	67dabb13	sltiu	x22,x21,1661	 x21:0xfffffeb2 x22=0x00000000
     177735.000 ns	     17772	80003ee8	21bc96d3	fsgnjn.s	f13,f25,f27	 f25:0xcf000410 f27:0x7fc00000 f13=0xcf000410
     177765.000 ns	     17775	80003eec	0305ff33	remu	x30,x11,x16	 x11:0x00000000 x16:0x00000000 x30=0x00000000
     177795.000 ns	     17778	80003ef0	d0107553	fcvt.s.wu	f10,x0	  x0:0x00000000 f10=0x00000000
     177815.000 ns	     17780	80003ef4	017e6033	or	x0,x28,x23	 x28:0x00000001 x23:0x80040fe4
     177825.000 ns	     17781	80003ef8	00ee2b33	slt	x22,x28,x14	 x28:0x00000001 x14:0x80000000 x22=0x00000000
     177845.000 ns	     17783	80003efc	02cacdb3	div	x27,x21,x12	 x21:0xfffffeb2 x12:0x00000000 x27=0xffffffff
     177865.000 ns	     17785	80003f00	00a85a13	srli	x20,x16,0xa	 x16:0x00000000 x20=0x00000000
     177875.000 ns	     17786	80003f04	407ad293	srai	x5,x21,0x7	 x21:0xfffffeb2  x5=0xfffffffd
     177885.000 ns	     17787	80003f08	5789be37	lui	x28,0x5789b	 x28=0x5789b000
     178245.000 ns	     17823	80003f0c	03d8dcb3	divu	x25,x17,x29	 x17:0x00000080 x29:0xfffff886 x25=0x00000000
     178265.000 ns	     17825	80003f10	0149d293	srli	x5,x19,0x14	 x19:0xd00103fd  x5=0x00000d00
     178275.000 ns	     17826	80003f14	00395193	srli	x3,x18,0x3	 x18:0x80041024  x3=0x10008204
     178285.000 ns	     17827	80003f18	011f46b3	xor	x13,x30,x17	 x30:0x00000000 x17:0x00000080 x13=0x00000080
     178305.000 ns	     17829	80003f1c	0301c833	div	x16,x3,x16	  x3:0x00000000 x16:0x00000000 x16=0xffffffff
     178335.000 ns	     17832	80003f20	c011c8d3	fcvt.wu.s	x17,f3	  f3:0x7fc00000 x17=0xffffffff
     178365.000 ns	     17835	80003f24	020790b3	mulh	x1,x15,x0	 x15:0xfffffeb2  x0:0x00000000  x1=0x00000000
     178395.000 ns	     17838	80003f28	294897d3	fmax.s	f15,f17,f20	 f17:0x7fc00000 f20:0x7fc00000 f15=0x7fc00000
     178415.000 ns	     17840	80003f2c	13566493	ori	x9,x12,309	 x12:0x00000000  x9=0x00000135
     178435.000 ns	     17842	80003f30	f00e0dd3	fmv.w.x	f27,x28	 x28:0x5789b000 f27=0x5789b000
     178465.000 ns	     17845	80003f34	28c18e53	fmin.s	f28,f3,f12	  f3:0x7fc00000 f12:0xcf000410 f28=0xcf000410
     178485.000 ns	     17847	80003f38	012a9f33	sll	x30,x21,x18	 x21:0xfffffeb2 x18:0x80041024 x30=0xffffeb20
     178505.000 ns	     17849	80003f3c	291a9cd3	fmax.s	f25,f21,f17	 f21:0x4f000410 f17:0x7fc00000 f25=0x4f000410
     178545.000 ns	     17853	80003f40	1010a6d3	fmul.s	f13,f1,f1	  f1:0x3f800000  f1:0x3f800000 f13=0x3f800000
     178565.000 ns	     17855	80003f44	2e669637	lui	x12,0x2e669	 x12=0x2e669000
     178575.000 ns	     17856	80003f48	5f626393	ori	x7,x4,1526	  x4:0x00000000  x7=0x000005f6
     178595.000 ns	     17858	80003f4c	0394a6b3	mulhsu	x13,x9,x25	  x9:0x00000135 x25:0x00000000 x13=0x00000000
     178625.000 ns	     17861	80003f50	28c695d3	fmax.s	f11,f13,f12	 f13:0x3f800000 f12:0xcf000410 f11=0x3f800000
     178655.000 ns	     17864	80003f54	d00fff53	fcvt.s.w	f30,x31	 x31:0x7ffbedd1 f30=0x4efff7db
     178685.000 ns	     17867	80003f58	e00f00d3	fmv.x.w	x1,f30	 f30:0x4f000410  x1=0x4efff7db
     178705.000 ns	     17869	80003f5c	003731b3	sltu	x3,x14,x3	 x14:0x80000000  x3:0x10008204  x3=0x00000000
     178725.000 ns	     17871	80003f60	a1fa13d3	flt.s	x7,f20,f31	 f20:0x7fc00000 f31:0xffc00000  x7=0x00000000
     178755.000 ns	     17874	80003f64	a0d38f53	fle.s	x30,f7,f13	  f7:0x7fc00000 f13:0x3f800000 x30=0x00000000
     178785.000 ns	     17877	80003f68	20e6a2d3	fsgnjx.s	f5,f13,f14	 f13:0x3f800000 f14:0x00000001  f5=0x3f800000
     178805.000 ns	     17879	80003f6c	f943aab7	lui	x21,0xf943a	 x21=0xf943a000
     178815.000 ns	     17880	80003f70	941a3113	sltiu	x2,x20,-1727	 x20:0x00000000  x2=0x00000001
     178855.000 ns	     17884	80003f74	017fb9d3	fadd.s	f19,f31,f23	 f31:0xffc00000 f23:0x4c727400 f19=0x7fc00000
     179195.000 ns	     17918	80003f78	18e67353	fdiv.s	f6,f12,f14	 f12:0xcf000410 f14:0x00000001  f6=0xff800000
     179225.000 ns	     17921	80003f7c	21b116d3	fsgnjn.s	f13,f2,f27	  f2:0x3f800000 f27:0x5789b000 f13=0xbf800000
     179255.000 ns	     17924	80003f80	a0ae85d3	fle.s	x11,f29,f10	 f29:0x00000000 f10:0x00000000 x11=0x00000001
     179275.000 ns	     17926	80003f84	011b91b3	sll	x3,x23,x17	 x23:0x80040fe4 x17:0xffffffff  x3=0x00000000
     179635.000 ns	     17962	80003f88	038fdfb3	divu	x31,x31,x24	 x31:0x7ffbedd1 x24:0x00000080 x31=0x00fff7db
     179665.000 ns	     17965	80003f8c	e00b1ed3	fclass.s	x29,f22	 f22:0x4f000410 x29=0x00000040
     179695.000 ns	     17968	80003f90	28c88653	fmin.s	f12,f17,f12	 f17:0x7fc00000 f12:0xcf000410 f12=0xcf000410
     179715.000 ns	     17970	80003f94	00105533	srl	x10,x0,x1	  x0:0x00000000  x1:0x4efff7db x10=0x00000000
     179755.000 ns	     17974	80003f98	080b1d53	fsub.s	f26,f22,f0	 f22:0x4f000410  f0:0x3fffff8a f26=0x4f00040f
     180125.000 ns	     18011	80003f9c	03ade833	rem	x16,x27,x26	 x27:0xffffffff x26:0x00000001 x16=0x00000000
     180155.000 ns	     18014	80003fa0	c00fad53	fcvt.w.s	x26,f31	 f31:0xffc00000 x26=0x7fffffff
     180205.000 ns	     18019	80003fa4	01d04f53	fadd.s	f30,f0,f29	  f0:0x3fffff8a f29:0x00000000 f30=0x3fffff8a
     180235.000 ns	     18022	80003fa8	e00a9b53	fclass.s	x22,f21	 f21:0x4f000410 x22=0x00000040
     180265.000 ns	     18025	80003fac	c01898d3	fcvt.wu.s	x17,f17	 f17:0x7fc00000 x17=0xffffffff
     180285.000 ns	     18027	80003fb0	00af71b3	and	x3,x30,x10	 x30:0x00000000 x10:0x00000000  x3=0x00000000
     180295.000 ns	     18028	80003fb4	af7ca537	lui	x10,0xaf7ca	 x10=0xaf7ca000
     180305.000 ns	     18029	80003fb8	7db96993	ori	x19,x18,2011	 x18:0x80041024 x19=0x800417ff
     181475.000 ns	     18146	80003fbc	58003853	fsqrt.s	f16,f0	  f0:0x3fffff8a f16=0x3fb50482
     181495.000 ns	     18148	80003fc0	b3a68e93	addi	x29,x13,-1222	 x13:0x00000000 x29=0xfffffb3a
     181515.000 ns	     18150	80003fc4	c0111653	fcvt.wu.s	x12,f2	  f2:0x3f800000 x12=0x00000001
     181535.000 ns	     18152	80003fc8	00fb1a13	slli	x20,x22,0xf	 x22:0x00000040 x20=0x00200000
     181545.000 ns	     18153	80003fcc	7c9a0137	lui	x2,0x7c9a0	  x2=0x7c9a0000
     181555.000 ns	     18154	80003fd0	01f3b7b3	sltu	x15,x7,x31	  x7:0x00000000 x31:0x00fff7db x15=0x00000001
     181575.000 ns	     18156	80003fd4	f00c0253	fmv.w.x	f4,x24	 x24:0x00000080  f4=0x00000080
     181595.000 ns	     18158	80003fd8	fb85b7b7	lui	x15,0xfb85b	 x15=0xfb85b000
     181605.000 ns	     18159	80003fdc	01c6dd93	srli	x27,x13,0x1c	 x13:0x00000000 x27=0x00000000
     181625.000 ns	     18161	80003fe0	028d0133	mul	x2,x26,x8	 x26:0x7fffffff  x8:0x2b1c7000  x2=0xd4e39000
     181645.000 ns	     18163	80003fe4	e82df137	lui	x2,0xe82df	  x2=0xe82df000
     181655.000 ns	     18164	80003fe8	0075d013	srli	x0,x11,0x7	 x11:0x00000001
     181665.000 ns	     18165	80003fec	00ed3b33	sltu	x22,x26,x14	 x26:0x7fffffff x14:0x80000000 x22=0x00000001
     181685.000 ns	     18167	80003ff0	a0330cd3	fle.s	x25,f6,f3	  f6:0xff800000  f3:0x7fc00000 x25=0x00000000
     181715.000 ns	     18170	80003ff4	e0071353	fclass.s	x6,f14	 f14:0x00000001  x6=0x00000020
     181735.000 ns	     18172	80003ff8	40cc0033	sub	x0,x24,x12	 x24:0x00000080 x12:0x00000001
     181745.000 ns	     18173	80003ffc	46279637	lui	x12,0x46279	 x12=0x46279000
     181755.000 ns	     18174	80004000	2305bb13	sltiu	x22,x11,560	 x11:0x00000001 x22=0x00000001
     181765.000 ns	     18175	80004004	01789a13	slli	x20,x17,0x17	 x17:0xffffffff x20=0xff800000
     182125.000 ns	     18211	80004008	031a46b3	div	x13,x20,x17	 x20:0x00200000 x17:0xffffffff x13=0x00800000
     182165.000 ns	     18215	8000400c	112bfe53	fmul.s	f28,f23,f18	 f23:0x4c727400 f18:0x00000001 f28=0x01f27401
     182185.000 ns	     18217	80004010	403659b3	sra	x19,x12,x3	 x12:0x46279000  x3:0x00000000 x19=0x46279000
     182195.000 ns	     18218	80004014	41d8d233	sra	x4,x17,x29	 x17:0xffffffff x29:0xfffffb3a  x4=0xffffffff
     182205.000 ns	     18219	80004018	89038793	addi	x15,x7,-1904	  x7:0x00000000 x15=0xfffff890
     182215.000 ns	     18220	8000401c	3aaaee93	ori	x29,x21,938	 x21:0xf943a000 x29=0xf943a3aa
     182255.000 ns	     18224	80004020	088efdd3	fsub.s	f27,f29,f8	 f29:0x00000000  f8:0x1f350483 f27=0x9f350483
     182275.000 ns	     18226	80004024	dae72493	slti	x9,x14,-594	 x14:0x80000000  x9=0x00000001
     182295.000 ns	     18228	80004028	c01041d3	fcvt.wu.s	x3,f0	  f0:0x3fffff8a  x3=0x00000002
     182325.000 ns	     18231	8000402c	03e63233	mulhu	x4,x12,x30	 x12:0x46279000 x30:0x00000000  x4=0x00000000
     182355.000 ns	     18234	80004030	e0069e53	fclass.s	x28,f13	 f13:0xbf800000 x28=0x00000002
     182385.000 ns	     18237	80004034	0309a2b3	mulhsu	x5,x19,x16	 x19:0x46279000 x16:0x00000000  x5=0x00000000
     183565.000 ns	     18355	80004038	58097bd3	fsqrt.s	f23,f18	 f18:0x00000001 f23=0x1f350483
     183595.000 ns	     18358	8000403c	c013f453	fcvt.wu.s	x8,f7	  f7:0x7fc00000  x8=0xffffffff
     183635.000 ns	     18362	80004040	104b74d3	fmul.s	f9,f22,f4	 f22:0x4f000410  f4:0x00000080  f9=0x08000410
     183665.000 ns	     18365	80004044	d00441d3	fcvt.s.w	f3,x8	  x8:0xffffffff  f3=0xbf800000
     183695.000 ns	     18368	80004048	d0107953	fcvt.s.wu	f18,x0	  x0:0x00000000 f18=0x00000000
     183725.000 ns	     18371	8000404c	20f694d3	fsgnjn.s	f9,f13,f15	 f13:0xbf800000 f15:0x7fc00000  f9=0xbf800000
     183745.000 ns	     18373	80004050	41efd8b3	sra	x17,x31,x30	 x31:0x00fff7db x30:0x00000000 x17=0x00fff7db
     183765.000 ns	     18375	80004054	e00190d3	fclass.s	x1,f3	  f3:0xbf800000  x1=0x00000002
     183785.000 ns	     18377	80004058	0125f3b3	and	x7,x11,x18	 x11:0x00000001 x18:0x80041024  x7=0x00000000
     184145.000 ns	     18413	8000405c	03597133	remu	x2,x18,x21	 x18:0x80041024 x21:0xf943a000  x2=0x80041024
     184165.000 ns	     18415	80004060	41d50eb3	sub	x29,x10,x29	 x10:0xaf7ca000 x29:0xf943a3aa x29=0xb638fc56
     184175.000 ns	     18416	80004064	697aa313	slti	x6,x21,1687	 x21:0xf943a000  x6=0x00000001
     184195.000 ns	     18418	80004068	d01723d3	fcvt.s.wu	f7,x14	 x14:0x80000000  f7=0x4f000000
     184215.000 ns	     18420	8000406c	0046bb33	sltu	x22,x13,x4	 x13:0x00800000  x4:0x00000000 x22=0x00000000
     184225.000 ns	     18421	80004070	ca614413	xori	x8,x2,-858	  x2:0x80041024  x8=0x7ffbec82
     184235.000 ns	     18422	80004074	017affb3	and	x31,x21,x23	 x21:0xf943a000 x23:0x80040fe4 x31=0x80000000
     184255.000 ns	     18424	80004078	a1879b53	flt.s	x22,f15,f24	 f15:0x7fc00000 f24:0x4c727400 x22=0x00000000
     184285.000 ns	     18427	8000407c	c01cf9d3	fcvt.wu.s	x19,f25	 f25:0x4f000410 x19=0x80041000
     184305.000 ns	     18429	80004080	00d92e33	slt	x28,x18,x13	 x18:0x80041024 x13:0x00800000 x28=0x00000001
     184325.000 ns	     18431	80004084	c00b02d3	fcvt.w.s	x5,f22	 f22:0x4f000410  x5=0x7fffffff
     184695.000 ns	     18468	80004088	0215e3b3	rem	x7,x11,x1	 x11:0x00000001  x1:0x00000002  x7=0x00000001
     184725.000 ns	     18471	8000408c	e0079c53	fclass.s	x24,f15	 f15:0x7fc00000 x24=0x00000200
     184745.000 ns	     18473	80004090	003e9e93	slli	x29,x29,0x3	 x29:0xb638fc56 x29=0xb1c7e2b0
     184755.000 ns	     18474	80004094	006e9033	sll	x0,x29,x6	 x29:0xb638fc56  x6:0x00000001
     184765.000 ns	     18475	80004098	364e3513	sltiu	x10,x28,868	 x28:0x00000001 x10=0x00000001
     184775.000 ns	     18476	8000409c	50eec693	xori	x13,x29,1294	 x29:0xb1c7e2b0 x13=0xb1c7e7be
     184785.000 ns	     18477	800040a0	003b9f13	slli	x30,x23,0x3	 x23:0x80040fe4 x30=0x00207f20
     184795.000 ns	     18478	800040a4	bca4aa13	slti	x20,x9,-1078	  x9:0x00000001 x20=0x00000000
     184815.000 ns	     18480	800040a8	28b182d3	fmin.s	f5,f3,f11	  f3:0xbf800000 f11:0x3f800000  f5=0xbf800000
     184835.000 ns	     18482	800040ac	d27e3d93	sltiu	x27,x28,-729	 x28:0x00000001 x27=0x00000001
     184855.000 ns	     18484	800040b0	e0050553	fmv.x.w	x10,f10	 f10:0x00000000 x10=0x00000000
     184885.000 ns	     18487	800040b4	a15094d3	flt.s	x9,f1,f21	  f1:0x3f800000 f21:0x4f000410  x9=0x00000001
     184905.000 ns	     18489	800040b8	5c320d13	addi	x26,x4,1475	  x4:0x00000000 x26=0x000005c3
     184915.000 ns	     18490	800040bc	1dd87493	andi	x9,x16,477	 x16:0x00000000  x9=0x00000000
     184925.000 ns	     18491	800040c0	265a0d93	addi	x27,x20,613	 x20:0x00000000 x27=0x00000265
     184935.000 ns	     18492	800040c4	7c46f813	andi	x16,x13,1988	 x13:0xb1c7e7be x16=0x00000784
     184955.000 ns	     18494	800040c8	201729d3	fsgnjx.s	f19,f14,f1	 f14:0x00000001  f1:0x3f800000 f19=0x00000001
     185325.000 ns	     18531	800040cc	028edd33	divu	x26,x29,x8	 x29:0xb1c7e2b0  x8:0x7ffbec82 x26=0x00000001
     185695.000 ns	     18568	800040d0	02ba4a33	div	x20,x20,x11	 x20:0x00000000 x11:0x00000001 x20=0x00000000
     185725.000 ns	     18571	800040d4	a0fb0dd3	fle.s	x27,f22,f15	 f22:0x4f000410 f15:0x7fc00000 x27=0x00000000
     185745.000 ns	     18573	800040d8	0068cc33	xor	x24,x17,x6	 x17:0x00fff7db  x6:0x00000001 x24=0x00fff7da
     186075.000 ns	     18606	800040dc	1859f4d3	fdiv.s	f9,f19,f5	 f19:0x00000001  f5:0xbf800000  f9=0x80000000
     186095.000 ns	     18608	800040e0	ad5a6c13	ori	x24,x20,-1323	 x20:0x00000000 x24=0xfffffad5
     186105.000 ns	     18609	800040e4	01538fb3	add	x31,x7,x21	  x7:0x00000001 x21:0xf943a000 x31=0xf943a001
     186145.000 ns	     18613	800040e8	01450653	fadd.s	f12,f10,f20	 f10:0x00000000 f20:0x7fc00000 f12=0x7fc00000
     186165.000 ns	     18615	800040ec	40de5313	srai	x6,x28,0xd	 x28:0x00000001  x6=0x00000000
     186175.000 ns	     18616	800040f0	00a0d9b3	srl	x19,x1,x10	  x1:0x00000002 x10:0x00000000 x19=0x00000002
     186195.000 ns	     18618	800040f4	21291b53	fsgnjn.s	f22,f18,f18	 f18:0x00000000 f18:0x00000000 f22=0x80000000
     186215.000 ns	     18620	800040f8	00000013	addi	x0,x0,0	  x0:0x00000000
     186235.000 ns	     18622	800040fc	284080d3	fmin.s	f1,f1,f4	  f1:0x3f800000  f4:0x00000080  f1=0x00000080
     186265.000 ns	     18625	80004100	a1e1af53	feq.s	x30,f3,f30	  f3:0xbf800000 f30:0x3fffff8a x30=0x00000000
     186285.000 ns	     18627	80004104	41ef8db3	sub	x27,x31,x30	 x31:0xf943a001 x30:0x00207f20 x27=0xf943a001
     186295.000 ns	     18628	80004108	00991133	sll	x2,x18,x9	 x18:0x80041024  x9:0x00000000  x2=0x80041024
     186305.000 ns	     18629	8000410c	bc647617	auipc	x12,0xbc647	 x12=0x3c64b10c
     186335.000 ns	     18632	80004110	10b29153	fmul.s	f2,f5,f11	  f5:0xbf800000 f11:0x3f800000  f2=0xbf800000
     186355.000 ns	     18634	80004114	a8e43e37	lui	x28,0xa8e43	 x28=0xa8e43000
     186715.000 ns	     18670	80004118	025465b3	rem	x11,x8,x5	  x8:0x7ffbec82  x5:0x7fffffff x11=0x7ffbec82
     186735.000 ns	     18672	8000411c	261ec513	xori	x10,x29,609	 x29:0xb1c7e2b0 x10=0xb1c7e0d1
     186755.000 ns	     18674	80004120	03fc1433	mulh	x8,x24,x31	 x24:0xfffffad5 x31:0xf943a001  x8=0x00000022
     186795.000 ns	     18678	80004124	580b7e53	fsqrt.s	f28,f22	 f22:0x80000000 f28=0x80000000
     186825.000 ns	     18681	80004128	039e27b3	mulhsu	x15,x28,x25	 x28:0xa8e43000 x25:0x00000000 x15=0x00000000
     186855.000 ns	     18684	8000412c	a0ac96d3	flt.s	x13,f25,f10	 f25:0x4f000410 f10:0x00000000 x13=0x00000000
     186875.000 ns	     18686	80004130	43f8a313	slti	x6,x17,1087	 x17:0x00fff7db  x6=0x00000000
     186885.000 ns	     18687	80004134	016b6a33	or	x20,x22,x22	 x22:0x00000000 x22:0x00000000 x20=0x00000000
     186895.000 ns	     18688	80004138	00836033	or	x0,x6,x8	  x6:0x00000000  x8:0x00000022
     186915.000 ns	     18690	8000413c	a0ad8a53	fle.s	x20,f27,f10	 f27:0x9f350483 f10:0x00000000 x20=0x00000001
     186965.000 ns	     18695	80004140	0865f3d3	fsub.s	f7,f11,f6	 f11:0x3f800000  f6:0xff800000  f7=0x7f800000
     187005.000 ns	     18699	80004144	5804f4d3	fsqrt.s	f9,f9	  f9:0x80000000  f9=0x80000000
     187025.000 ns	     18701	80004148	8047c397	auipc	x7,0x8047c	  x7=0x00480148
     187045.000 ns	     18703	8000414c	d0157053	fcvt.s.wu	f0,x10	 x10:0xb1c7e0d1  f0=0x4f31c7e0
     187065.000 ns	     18705	80004150	ef843a13	sltiu	x20,x8,-264	  x8:0x00000022 x20=0x00000001
     187075.000 ns	     18706	80004154	002838b3	sltu	x17,x16,x2	 x16:0x00000784  x2:0x80041024 x17=0x00000001
     187085.000 ns	     18707	80004158	411ed793	srai	x15,x29,0x11	 x29:0xb1c7e2b0 x15=0xffffd8e3
     187095.000 ns	     18708	8000415c	5bb883b7	lui	x7,0x5bb88	  x7=0x5bb88000
     187115.000 ns	     18710	80004160	21c7a2d3	fsgnjx.s	f5,f15,f28	 f15:0x7fc00000 f28:0x80000000  f5=0xffc00000
     187145.000 ns	     18713	80004164	02070e33	mul	x28,x14,x0	 x14:0x80000000  x0:0x00000000 x28=0x00000000
     187165.000 ns	     18715	80004168	161cfe93	andi	x29,x25,353	 x25:0x00000000 x29=0x00000000
     187175.000 ns	     18716	8000416c	4016d133	sra	x2,x13,x1	 x13:0x00000000  x1:0x00000002  x2=0x00000000
     187215.000 ns	     18720	80004170	01d80253	fadd.s	f4,f16,f29	 f16:0x3fb50482 f29:0x00000000  f4=0x3fb50482
     187235.000 ns	     18722	80004174	4645ad93	slti	x27,x11,1124	 x11:0x7ffbec82 x27=0x00000000
     187255.000 ns	     18724	80004178	c0127253	fcvt.wu.s	x4,f4	  f4:0x3fb50482  x4=0x00000001
     187275.000 ns	     18726	8000417c	0121a233	slt	x4,x3,x18	  x3:0x00000002 x18:0x80041024  x4=0x00000000
     187285.000 ns	     18727	80004180	71470113	addi	x2,x14,1812	 x14:0x80000000  x2=0x80000714
     187645.000 ns	     18763	80004184	030c7333	remu	x6,x24,x16	 x24:0xfffffad5 x16:0x00000784  x6=0x000005fd
     187675.000 ns	     18766	80004188	a08f8053	fle.s	x0,f31,f8	 f31:0xffc00000  f8:0x1f350483
     188045.000 ns	     18803	8000418c	0330fa33	remu	x20,x1,x19	  x1:0x00000002 x19:0x00000002 x20=0x00000000
     188075.000 ns	     18806	80004190	020ed5b3	divu	x11,x29,x0	 x29:0x00000000  x0:0x00000000 x11=0xffffffff
     188105.000 ns	     18809	80004194	032898b3	mulh	x17,x17,x18	 x17:0x00000001 x18:0x80041024 x17=0xffffffff
     188135.000 ns	     18812	80004198	a1ed8c53	fle.s	x24,f27,f30	 f27:0x9f350483 f30:0x3fffff8a x24=0x00000001
     188505.000 ns	     18849	8000419c	02824333	div	x6,x4,x8	  x4:0x00000000  x8:0x00000022  x6=0x00000000
     188545.000 ns	     18853	800041a0	11a04d53	fmul.s	f26,f0,f26	  f0:0x4f31c7e0 f26:0x4f00040f f26=0x5eb1cd84
     188565.000 ns	     18855	800041a4	400ed233	sra	x4,x29,x0	 x29:0x00000000  x0:0x00000000  x4=0x00000000
     188585.000 ns	     18857	800041a8	d01330d3	fcvt.s.wu	f1,x6	  x6:0x00000000  f1=0x00000000
     188605.000 ns	     18859	800041ac	002fdc33	srl	x24,x31,x2	 x31:0xf943a001  x2:0x80000714 x24=0x00000f94
     188615.000 ns	     18860	800041b0	204ee413	ori	x8,x29,516	 x29:0x00000000  x8=0x00000204
     188625.000 ns	     18861	800041b4	25556093	ori	x1,x10,597	 x10:0xb1c7e0d1  x1=0xb1c7e2d5
     188635.000 ns	     18862	800041b8	00b5a5b3	slt	x11,x11,x11	 x11:0xffffffff x11:0xffffffff x11=0x00000000
     188645.000 ns	     18863	800041bc	3fcd3213	sltiu	x4,x26,1020	 x26:0x00000001  x4=0x00000001
     188655.000 ns	     18864	800041c0	00679d93	slli	x27,x15,0x6	 x15:0xffffd8e3 x27=0xfff638c0
     188695.000 ns	     18868	800041c4	015e7fd3	fadd.s	f31,f28,f21	 f28:0x80000000 f21:0x4f000410 f31=0x4f000410
     188715.000 ns	     18870	800041c8	01352033	slt	x0,x10,x19	 x10:0xb1c7e0d1 x19:0x00000002
     188725.000 ns	     18871	800041cc	01e35793	srli	x15,x6,0x1e	  x6:0x00000000 x15=0x00000000
     188735.000 ns	     18872	800041d0	413bd113	srai	x2,x23,0x13	 x23:0x80040fe4  x2=0xfffff000
     189095.000 ns	     18908	800041d4	03b776b3	remu	x13,x14,x27	 x14:0x80000000 x27:0xfff638c0 x13=0x80000000
     189115.000 ns	     18910	800041d8	97c8be13	sltiu	x28,x17,-1668	 x17:0xffffffff x28=0x00000000
     189145.000 ns	     18913	800041dc	19c475d3	fdiv.s	f11,f8,f28	  f8:0x1f350483 f28:0x80000000 f11=0xff800000
     189165.000 ns	     18915	800041e0	adf49a17	auipc	x20,0xadf49	 x20=0x2df4d1e0
     189185.000 ns	     18917	800041e4	02bf8fb3	mul	x31,x31,x11	 x31:0xf943a001 x11:0x00000000 x31=0x00000000
     190365.000 ns	     19035	800041e8	58042ad3	fsqrt.s	f21,f8	  f8:0x1f350483 f21=0x2effff26
     190395.000 ns	     19038	800041ec	023b9233	mulh	x4,x23,x3	 x23:0x80040fe4  x3:0x00000002  x4=0xffffffff
     190425.000 ns	     19041	800041f0	02096133	rem	x2,x18,x0	 x18:0x80041024  x0:0x00000000  x2=0x80041024
     190445.000 ns	     19043	800041f4	863c4613	xori	x12,x24,-1949	 x24:0x00000f94 x12=0xfffff7f7
     190465.000 ns	     19045	800041f8	a1359dd3	flt.s	x27,f11,f19	 f11:0xff800000 f19:0x00000001 x27=0x00000001
     190495.000 ns	     19048	800041fc	c00aaa53	fcvt.w.s	x20,f21	 f21:0x2effff26 x20=0x00000000
     190525.000 ns	     19051	80004200	c01affd3	fcvt.wu.s	x31,f21	 f21:0x2effff26 x31=0x00000000
     190555.000 ns	     19054	80004204	024584b3	mul	x9,x11,x4	 x11:0x00000000  x4:0xffffffff  x9=0x00000000
     190575.000 ns	     19056	80004208	ca94b413	sltiu	x8,x9,-855	  x9:0x00000000  x8=0x00000001
     190595.000 ns	     19058	8000420c	a0d92ad3	feq.s	x21,f18,f13	 f18:0x00000000 f13:0xbf800000 x21=0x00000000
     190625.000 ns	     19061	80004210	d00176d3	fcvt.s.w	f13,x2	  x2:0x80041024 f13=0xcefff7df
     190655.000 ns	     19064	80004214	d010c753	fcvt.s.wu	f14,x1	  x1:0xb1c7e2d5 f14=0x4f31c7e3
     190675.000 ns	     19066	80004218	575f6e13	ori	x28,x30,1397	 x30:0x00000000 x28=0x00000575
     190685.000 ns	     19067	8000421c	901b3b13	sltiu	x22,x22,-1791	 x22:0x00000000 x22=0x00000001
     190695.000 ns	     19068	80004220	01b9d313	srli	x6,x19,0x1b	 x19:0x00000002  x6=0x00000000
     190705.000 ns	     19069	80004224	a9e06513	ori	x10,x0,-1378	  x0:0x00000000 x10=0xfffffa9e
     190715.000 ns	     19070	80004228	005db3b3	sltu	x7,x27,x5	 x27:0x00000001  x5:0x7fffffff  x7=0x00000001
     190735.000 ns	     19072	8000422c	03cb0133	mul	x2,x22,x28	 x22:0x00000001 x28:0x00000575  x2=0x00000575
     190765.000 ns	     19075	80004230	021aab33	mulhsu	x22,x21,x1	 x21:0x00000000  x1:0xb1c7e2d5 x22=0x00000000
     190785.000 ns	     19077	80004234	00aa55b3	srl	x11,x20,x10	 x20:0x00000000 x10:0xfffffa9e x11=0x00000000
     190795.000 ns	     19078	80004238	00000013	addi	x0,x0,0	  x0:0x00000000
     190805.000 ns	     19079	8000423c	289d6493	ori	x9,x26,649	 x26:0x00000001  x9=0x00000289
     190815.000 ns	     19080	80004240	015ad2b3	srl	x5,x21,x21	 x21:0x00000000 x21:0x00000000  x5=0x00000000
     190825.000 ns	     19081	80004244	41a45b33	sra	x22,x8,x26	  x8:0x00000001 x26:0x00000001 x22=0x00000000
     190845.000 ns	     19083	80004248	c0070d53	fcvt.w.s	x26,f14	 f14:0x4f31c7e3 x26=0x7fffffff
     190875.000 ns	     19086	8000424c	a14318d3	flt.s	x17,f6,f20	  f6:0xff800000 f20:0x7fc00000 x17=0x00000000
     190895.000 ns	     19088	80004250	6fdabe93	sltiu	x29,x21,1789	 x21:0x00000000 x29=0x00000001
     190915.000 ns	     19090	80004254	29568653	fmin.s	f12,f13,f21	 f13:0xcefff7df f21:0x2effff26 f12=0xcefff7df
     190945.000 ns	     19093	80004258	212a1ed3	fsgnjn.s	f29,f20,f18	 f20:0x7fc00000 f18:0x00000000 f29=0xffc00000
     190965.000 ns	     19095	8000425c	40a85413	srai	x8,x16,0xa	 x16:0x00000784  x8=0x00000001
     190985.000 ns	     19097	80004260	a07282d3	fle.s	x5,f5,f7	  f5:0xffc00000  f7:0x7f800000  x5=0x00000000
     191005.000 ns	     19099	80004264	411dd213	srai	x4,x27,0x11	 x27:0x00000001  x4=0x00000000
     191015.000 ns	     19100	80004268	013e01b3	add	x3,x28,x19	 x28:0x00000575 x19:0x00000002  x3=0x00000577
     191035.000 ns	     19102	8000426c	a0c925d3	feq.s	x11,f18,f12	 f18:0x00000000 f12:0xcefff7df x11=0x00000000
     191065.000 ns	     19105	80004270	d00af6d3	fcvt.s.w	f13,x21	 x21:0x00000000 f13=0x00000000
     191435.000 ns	     19142	80004274	027fd2b3	divu	x5,x31,x7	 x31:0x00000000  x7:0x00000001  x5=0x00000000
     191455.000 ns	     19144	80004278	002434b3	sltu	x9,x8,x2	  x8:0x00000001  x2:0x00000575  x9=0x00000001
     191465.000 ns	     19145	8000427c	019cdd33	srl	x26,x25,x25	 x25:0x00000000 x25:0x00000000 x26=0x00000000
     191475.000 ns	     19146	80004280	7af52313	slti	x6,x10,1967	 x10:0xfffffa9e  x6=0x00000001
     191485.000 ns	     19147	80004284	98e6a113	slti	x2,x13,-1650	 x13:0x80000000  x2=0x00000001
     191495.000 ns	     19148	80004288	004fc1b3	xor	x3,x31,x4	 x31:0x00000000  x4:0x00000000  x3=0x00000000
     191515.000 ns	     19150	8000428c	0399ae33	mulhsu	x28,x19,x25	 x19:0x00000002 x25:0x00000000 x28=0x00000000
     191535.000 ns	     19152	80004290	f2a94793	xori	x15,x18,-214	 x18:0x80041024 x15=0x7ffbef0e
     191545.000 ns	     19153	80004294	4129d793	srai	x15,x19,0x12	 x19:0x00000002 x15=0x00000000
     191565.000 ns	     19155	80004298	21bb15d3	fsgnjn.s	f11,f22,f27	 f22:0x80000000 f27:0x9f350483 f11=0x00000000
     191905.000 ns	     19189	8000429c	19bff153	fdiv.s	f2,f31,f27	 f31:0x4f000410 f27:0x9f350483  f2=0xef34ba72
     191935.000 ns	     19192	800042a0	a0d6a3d3	feq.s	x7,f13,f13	 f13:0x00000000 f13:0x00000000  x7=0x00000001
     191965.000 ns	     19195	800042a4	c01f7f53	fcvt.wu.s	x30,f30	 f30:0x3fffff8a x30=0x00000001
     191995.000 ns	     19198	800042a8	02b6df33	divu	x30,x13,x11	 x13:0x80000000 x11:0x00000000 x30=0xffffffff
     192025.000 ns	     19201	800042ac	299716d3	fmax.s	f13,f14,f25	 f14:0x4f31c7e3 f25:0x4f000410 f13=0x4f31c7e3
     192075.000 ns	     19206	800042b0	08e7cd53	fsub.s	f26,f15,f14	 f15:0x7fc00000 f14:0x4f31c7e3 f26=0x7fc00000
     192095.000 ns	     19208	800042b4	014a1333	sll	x6,x20,x20	 x20:0x00000000 x20:0x00000000  x6=0x00000000
     192115.000 ns	     19210	800042b8	022102b3	mul	x5,x2,x2	  x2:0x00000001  x2:0x00000001  x5=0x00000001
     192135.000 ns	     19212	800042bc	00000013	addi	x0,x0,0	  x0:0x00000000
     192145.000 ns	     19213	800042c0	9fe2fa93	andi	x21,x5,-1538	  x5:0x00000001 x21=0x00000000
     192165.000 ns	     19215	800042c4	e00a9cd3	fclass.s	x25,f21	 f21:0x2effff26 x25=0x00000040
     192505.000 ns	     19249	800042c8	184c72d3	fdiv.s	f5,f24,f4	 f24:0x4c727400  f4:0x3fb50482  f5=0x4c5d5877
     192535.000 ns	     19252	800042cc	e00213d3	fclass.s	x7,f4	  f4:0x3fb50482  x7=0x00000040
     192555.000 ns	     19254	800042d0	1272b793	sltiu	x15,x5,295	  x5:0x00000001 x15=0x00000001
     192565.000 ns	     19255	800042d4	4165d133	sra	x2,x11,x22	 x11:0x00000000 x22:0x00000000  x2=0x00000000
     192925.000 ns	     19291	800042d8	021358b3	divu	x17,x6,x1	  x6:0x00000000  x1:0xb1c7e2d5 x17=0x00000000
     192945.000 ns	     19293	800042dc	c8337993	andi	x19,x6,-893	  x6:0x00000000 x19=0x00000000
     192965.000 ns	     19295	800042e0	024e0ab3	mul	x21,x28,x4	 x28:0x00000000  x4:0x00000000 x21=0x00000000
     192985.000 ns	     19297	800042e4	e8b7c613	xori	x12,x15,-373	 x15:0x00000001 x12=0xfffffe8a
     193005.000 ns	     19299	800042e8	0349beb3	mulhu	x29,x19,x20	 x19:0x00000000 x20:0x00000000 x29=0x00000000
     193035.000 ns	     19302	800042ec	a0f59653	flt.s	x12,f11,f15	 f11:0x00000000 f15:0x7fc00000 x12=0x00000000
     193075.000 ns	     19306	800042f0	5804c6d3	fsqrt.s	f13,f9	  f9:0x80000000 f13=0x80000000
     193095.000 ns	     19308	800042f4	0078d633	srl	x12,x17,x7	 x17:0x00000000  x7:0x00000040 x12=0x00000000
     193105.000 ns	     19309	800042f8	dac40e93	addi	x29,x8,-596	  x8:0x00000001 x29=0xfffffdad
     193115.000 ns	     19310	800042fc	00516833	or	x16,x2,x5	  x2:0x00000000  x5:0x00000001 x16=0x00000001
     193125.000 ns	     19311	80004300	87f7ba13	sltiu	x20,x15,-1921	 x15:0x00000001 x20=0x00000001
     193135.000 ns	     19312	80004304	01c228b3	slt	x17,x4,x28	  x4:0x00000000 x28:0x00000000 x17=0x00000000
     193145.000 ns	     19313	80004308	0022a133	slt	x2,x5,x2	  x5:0x00000001  x2:0x00000000  x2=0x00000000
     193165.000 ns	     19315	8000430c	a1b38453	fle.s	x8,f7,f27	  f7:0x7f800000 f27:0x9f350483  x8=0x00000000
     193195.000 ns	     19318	80004310	28eb1053	fmax.s	f0,f22,f14	 f22:0x80000000 f14:0x4f31c7e3  f0=0x4f31c7e3
     193225.000 ns	     19321	80004314	216c2ad3	fsgnjx.s	f21,f24,f22	 f24:0x4c727400 f22:0x80000000 f21=0xcc727400
     193255.000 ns	     19324	80004318	035e9f33	mulh	x30,x29,x21	 x29:0xfffffdad x21:0x00000000 x30=0x00000000
     193285.000 ns	     19327	8000431c	a15d9e53	flt.s	x28,f27,f21	 f27:0x9f350483 f21:0xcc727400 x28=0x00000000
     193315.000 ns	     19330	80004320	28378f53	fmin.s	f30,f15,f3	 f15:0x7fc00000  f3:0xbf800000 f30=0xbf800000
     193345.000 ns	     19333	80004324	d013f4d3	fcvt.s.wu	f9,x7	  x7:0x00000040  f9=0x42800000
     194215.000 ns	     19420	80004328	5809bc53	fsqrt.s	f24,f19	 f19:0x00000001 f24=0x1f350486
     194245.000 ns	     19423	8000432c	a0ec9f53	flt.s	x30,f25,f14	 f25:0x4f000410 f14:0x4f31c7e3 x30=0x00000001
     194265.000 ns	     19425	80004330	01aae7b3	or	x15,x21,x26	 x21:0x00000000 x26:0x00000000 x15=0x00000000
     194275.000 ns	     19426	80004334	00c48433	add	x8,x9,x12	  x9:0x00000001 x12:0x00000000  x8=0x00000001
     194295.000 ns	     19428	80004338	d00289d3	fcvt.s.w	f19,x5	  x5:0x00000001 f19=0x3f800000
     194325.000 ns	     19431	8000433c	022f9c33	mulh	x24,x31,x2	 x31:0x00000000  x2:0x00000000 x24=0x00000000
     194345.000 ns	     19433	80004340	001e6533	or	x10,x28,x1	 x28:0x00000000  x1:0xb1c7e2d5 x10=0xb1c7e2d5
     194365.000 ns	     19435	80004344	d0197053	fcvt.s.wu	f0,x18	 x18:0x80041024  f0=0x4f000410
     194385.000 ns	     19437	80004348	ef09c693	xori	x13,x19,-272	 x19:0x00000000 x13=0xfffffef0
     194405.000 ns	     19439	8000434c	e00b8253	fmv.x.w	x4,f23	 f23:0x1f350483  x4=0x1f350483
     194425.000 ns	     19441	80004350	4105d593	srai	x11,x11,0x10	 x11:0x00000000 x11=0x00000000
     194445.000 ns	     19443	80004354	29f308d3	fmin.s	f17,f6,f31	  f6:0xff800000 f31:0x4f000410 f17=0xff800000
     194465.000 ns	     19445	80004358	002f2f33	slt	x30,x30,x2	 x30:0x00000001  x2:0x00000000 x30=0x00000000
     194475.000 ns	     19446	8000435c	94e28993	addi	x19,x5,-1714	  x5:0x00000001 x19=0xfffff94f
     194495.000 ns	     19448	80004360	d01695d3	fcvt.s.wu	f11,x13	 x13:0xfffffef0 f11=0x4f7ffffe
     194525.000 ns	     19451	80004364	d01178d3	fcvt.s.wu	f17,x2	  x2:0x00000000 f17=0x00000000
     194555.000 ns	     19454	80004368	0298b1b3	mulhu	x3,x17,x9	 x17:0x00000000  x9:0x00000001  x3=0x00000000
     194575.000 ns	     19456	8000436c	00000013	addi	x0,x0,0	  x0:0x00000000
     194595.000 ns	     19458	80004370	03de12b3	mulh	x5,x28,x29	 x28:0x00000000 x29:0xfffffdad  x5=0x00000000
     194615.000 ns	     19460	80004374	00f92f33	slt	x30,x18,x15	 x18:0x80041024 x15:0x00000000 x30=0x00000001
     194625.000 ns	     19461	80004378	013e32b3	sltu	x5,x28,x19	 x28:0x00000000 x19:0xfffff94f  x5=0x00000001
     194645.000 ns	     19463	8000437c	c017fe53	fcvt.wu.s	x28,f15	 f15:0x7fc00000 x28=0xffffffff
     194675.000 ns	     19466	80004380	e00e93d3	fclass.s	x7,f29	 f29:0xffc00000  x7=0x00000200
     194705.000 ns	     19469	80004384	a1f429d3	feq.s	x19,f8,f31	  f8:0x1f350483 f31:0x4f000410 x19=0x00000000
     194725.000 ns	     19471	80004388	00137ab3	and	x21,x6,x1	  x6:0x00000000  x1:0xb1c7e2d5 x21=0x00000000
     194735.000 ns	     19472	8000438c	40ab04b3	sub	x9,x22,x10	 x22:0x00000000 x10:0xb1c7e2d5  x9=0x4e381d2b
     194755.000 ns	     19474	80004390	03f30fb3	mul	x31,x6,x31	  x6:0x00000000 x31:0x00000000 x31=0x00000000
     194785.000 ns	     19477	80004394	0215b633	mulhu	x12,x11,x1	 x11:0x00000000  x1:0xb1c7e2d5 x12=0x00000000
     194815.000 ns	     19480	80004398	0355a433	mulhsu	x8,x11,x21	 x11:0x00000000 x21:0x00000000  x8=0x00000000
     194835.000 ns	     19482	8000439c	00faec33	or	x24,x21,x15	 x21:0x00000000 x15:0x00000000 x24=0x00000000
     195195.000 ns	     19518	800043a0	03c7f4b3	remu	x9,x15,x28	 x15:0x00000000 x28:0xffffffff  x9=0x00000000
     195235.000 ns	     19522	800043a4	10cdf4d3	fmul.s	f9,f27,f12	 f27:0x9f350483 f12:0xcefff7df  f9=0x2eb4fec4
     195255.000 ns	     19524	800043a8	0198fa33	and	x20,x17,x25	 x17:0x00000000 x25:0x00000040 x20=0x00000000
     195265.000 ns	     19525	800043ac	0090ddb3	srl	x27,x1,x9	  x1:0xb1c7e2d5  x9:0x00000000 x27=0xb1c7e2d5
     195275.000 ns	     19526	800043b0	e73b4a13	xori	x20,x22,-397	 x22:0x00000000 x20=0xfffffe73
     195295.000 ns	     19528	800043b4	283d0e53	fmin.s	f28,f26,f3	 f26:0x7fc00000  f3:0xbf800000 f28=0xbf800000
     195315.000 ns	     19530	800043b8	00000013	addi	x0,x0,0	  x0:0x00000000
     195345.000 ns	     19533	800043bc	1040b753	fmul.s	f14,f1,f4	  f1:0x00000000  f4:0x3fb50482 f14=0x00000000
     195365.000 ns	     19535	800043c0	0068bcb3	sltu	x25,x17,x6	 x17:0x00000000  x6:0x00000000 x25=0x00000000
     195385.000 ns	     19537	800043c4	21b20953	fsgnj.s	f18,f4,f27	  f4:0x3fb50482 f27:0x9f350483 f18=0xbfb50482
     195415.000 ns	     19540	800043c8	212923d3	fsgnjx.s	f7,f18,f18	 f18:0x00000000 f18:0x00000000  f7=0x3fb50482
     195435.000 ns	     19542	800043cc	4d091417	auipc	x8,0x4d091	  x8=0xcd0953cc
     195445.000 ns	     19543	800043d0	01532333	slt	x6,x6,x21	  x6:0x00000000 x21:0x00000000  x6=0x00000000
     195465.000 ns	     19545	800043d4	29f108d3	fmin.s	f17,f2,f31	  f2:0xef34ba72 f31:0x4f000410 f17=0xef34ba72
     195495.000 ns	     19548	800043d8	e0058a53	fmv.x.w	x20,f11	 f11:0x4f7ffffe x20=0x4f7ffffe
     195515.000 ns	     19550	800043dc	00000013	addi	x0,x0,0	  x0:0x00000000
     195545.000 ns	     19553	800043e0	580d7dd3	fsqrt.s	f27,f26	 f26:0x7fc00000 f27=0x7fc00000
     195565.000 ns	     19555	800043e4	000989b3	add	x19,x19,x0	 x19:0x00000000  x0:0x00000000 x19=0x00000000
     195575.000 ns	     19556	800043e8	70798413	addi	x8,x19,1799	 x19:0x00000000  x8=0x00000707
     195595.000 ns	     19558	800043ec	c00bf253	fcvt.w.s	x4,f23	 f23:0x1f350483  x4=0x00000000
     195615.000 ns	     19560	800043f0	00871893	slli	x17,x14,0x8	 x14:0x80000000 x17=0x00000000
     195635.000 ns	     19562	800043f4	200ba5d3	fsgnjx.s	f11,f23,f0	 f23:0x1f350483  f0:0x4f000410 f11=0x1f350483
     196005.000 ns	     19599	800043f8	0370f6b3	remu	x13,x1,x23	  x1:0xb1c7e2d5 x23:0x80040fe4 x13=0x31c3d2f1
     196025.000 ns	     19601	800043fc	01481a13	slli	x20,x16,0x14	 x16:0x00000001 x20=0x00100000
     196045.000 ns	     19603	80004400	291311d3	fmax.s	f3,f6,f17	  f6:0xff800000 f17:0xef34ba72  f3=0xef34ba72
     196065.000 ns	     19605	80004404	017943b3	xor	x7,x18,x23	 x18:0x80041024 x23:0x80040fe4  x7=0x00001fc0
     196085.000 ns	     19607	80004408	e0019153	fclass.s	x2,f3	  f3:0xef34ba72  x2=0x00000002
     196105.000 ns	     19609	8000440c	019ce9b3	or	x19,x25,x25	 x25:0x00000000 x25:0x00000000 x19=0x00000000
     196125.000 ns	     19611	80004410	d011a753	fcvt.s.wu	f14,x3	  x3:0x00000000 f14=0x00000000
     196145.000 ns	     19613	80004414	011a9013	slli	x0,x21,0x11	 x21:0x00000000
     196165.000 ns	     19615	80004418	c01e26d3	fcvt.wu.s	x13,f28	 f28:0xbf800000 x13=0x00000001
     196195.000 ns	     19618	8000441c	033c6c33	rem	x24,x24,x19	 x24:0x00000000 x19:0x00000000 x24=0x00000000
     196225.000 ns	     19621	80004420	035b3db3	mulhu	x27,x22,x21	 x22:0x00000000 x21:0x00000000 x27=0x00000000
     196255.000 ns	     19624	80004424	d00dfbd3	fcvt.s.w	f23,x27	 x27:0xb1c7e2d5 f23=0x00000000
     196285.000 ns	     19627	80004428	a0078053	fle.s	x0,f15,f0	 f15:0x7fc00000  f0:0x4f000410
     196315.000 ns	     19630	8000442c	c004f4d3	fcvt.w.s	x9,f9	  f9:0x2eb4fec4  x9=0x00000000
     196345.000 ns	     19633	80004430	f00401d3	fmv.w.x	f3,x8	  x8:0x00000707  f3=0x00000707
     196375.000 ns	     19636	80004434	035acc33	div	x24,x21,x21	 x21:0x00000000 x21:0x00000000 x24=0xffffffff
     196405.000 ns	     19639	80004438	02beb8b3	mulhu	x17,x29,x11	 x29:0xfffffdad x11:0x00000000 x17=0x00000000
     196425.000 ns	     19641	8000443c	a1ebc613	xori	x12,x23,-1506	 x23:0x80040fe4 x12=0x7ffbf5fa
     196435.000 ns	     19642	80004440	7f942213	slti	x4,x8,2041	  x8:0x00000707  x4=0x00000001
     196765.000 ns	     19675	80004444	1921afd3	fdiv.s	f31,f3,f18	  f3:0x00000707 f18:0xbfb50482 f31=0x80000000
     196805.000 ns	     19679	80004448	11fcbfd3	fmul.s	f31,f25,f31	 f25:0x4f000410 f31:0x4f000410 f31=0x80000000
     196825.000 ns	     19681	8000444c	ad3c7a13	andi	x20,x24,-1325	 x24:0xffffffff x20=0xfffffad3
     196845.000 ns	     19683	80004450	02db9533	mulh	x10,x23,x13	 x23:0x80040fe4 x13:0x00000001 x10=0xffffffff
     196875.000 ns	     19686	80004454	e0071453	fclass.s	x8,f14	 f14:0x00000000  x8=0x00000010
     196905.000 ns	     19689	80004458	02e10133	mul	x2,x2,x14	  x2:0x00000002 x14:0x80000000  x2=0x00000000
     196935.000 ns	     19692	8000445c	02e31f33	mulh	x30,x6,x14	  x6:0x00000000 x14:0x80000000 x30=0x00000000
     196955.000 ns	     19694	80004460	01f3ecb3	or	x25,x7,x31	  x7:0x00001fc0 x31:0x00000000 x25=0x00001fc0
     196975.000 ns	     19696	80004464	20cc9d53	fsgnjn.s	f26,f25,f12	 f25:0x4f000410 f12:0xcefff7df f26=0x4f000410
     196995.000 ns	     19698	80004468	008c5433	srl	x8,x24,x8	 x24:0xffffffff  x8:0x00000010  x8=0x0000ffff
     197015.000 ns	     19700	8000446c	03aeaa33	mulhsu	x20,x29,x26	 x29:0xfffffdad x26:0x00000000 x20=0x00000000
     197045.000 ns	     19703	80004470	c0111a53	fcvt.wu.s	x20,f2	  f2:0xef34ba72 x20=0x00000000
     197075.000 ns	     19706	80004474	a0f80cd3	fle.s	x25,f16,f15	 f16:0x3fb50482 f15:0x7fc00000 x25=0x00000000
     197105.000 ns	     19709	80004478	207626d3	fsgnjx.s	f13,f12,f7	 f12:0xcefff7df  f7:0x3fb50482 f13=0xcefff7df
     197135.000 ns	     19712	8000447c	a09c1f53	flt.s	x30,f24,f9	 f24:0x1f350486  f9:0x2eb4fec4 x30=0x00000001
     197155.000 ns	     19714	80004480	00c95093	srli	x1,x18,0xc	 x18:0x80041024  x1=0x00080041
     197165.000 ns	     19715	80004484	00b4e3b3	or	x7,x9,x11	  x9:0x00000000 x11:0x00000000  x7=0x00000000
     197175.000 ns	     19716	80004488	00096133	or	x2,x18,x0	 x18:0x80041024  x0:0x00000000  x2=0x80041024
     197185.000 ns	     19717	8000448c	aabe6d93	ori	x27,x28,-1365	 x28:0xffffffff x27=0xffffffff
     197195.000 ns	     19718	80004490	01cd6133	or	x2,x26,x28	 x26:0x00000000 x28:0xffffffff  x2=0xffffffff
     197215.000 ns	     19720	80004494	29698e53	fmin.s	f28,f19,f22	 f19:0x3f800000 f22:0x80000000 f28=0x80000000
     197235.000 ns	     19722	80004498	75a98d93	addi	x27,x19,1882	 x19:0x00000000 x27=0x0000075a
     197255.000 ns	     19724	8000449c	021632b3	mulhu	x5,x12,x1	 x12:0x7ffbf5fa  x1:0x00080041  x5=0x00040000
     197305.000 ns	     19729	800044a0	08aaf4d3	fsub.s	f9,f21,f10	 f21:0xcc727400 f10:0x00000000  f9=0xcc727400
     197335.000 ns	     19732	800044a4	20872553	fsgnjx.s	f10,f14,f8	 f14:0x00000000  f8:0x1f350483 f10=0x00000000
     197355.000 ns	     19734	800044a8	0121f7b3	and	x15,x3,x18	  x3:0x00000000 x18:0x80041024 x15=0x00000000
     197375.000 ns	     19736	800044ac	a0a114d3	flt.s	x9,f2,f10	  f2:0xef34ba72 f10:0x00000000  x9=0x00000001
     197405.000 ns	     19739	800044b0	281213d3	fmax.s	f7,f4,f1	  f4:0x3fb50482  f1:0x00000000  f7=0x3fb50482
     197425.000 ns	     19741	800044b4	85992d93	slti	x27,x18,-1959	 x18:0x80041024 x27=0x00000001
     197435.000 ns	     19742	800044b8	40cad633	sra	x12,x21,x12	 x21:0x00000000 x12:0x7ffbf5fa x12=0x00000000
     197445.000 ns	     19743	800044bc	01a64e33	xor	x28,x12,x26	 x12:0x7ffbf5fa x26:0x00000000 x28=0x00000000
     197455.000 ns	     19744	800044c0	e67b2793	slti	x15,x22,-409	 x22:0x00000000 x15=0x00000000
     197475.000 ns	     19746	800044c4	c013f1d3	fcvt.wu.s	x3,f7	  f7:0x3fb50482  x3=0x00000001
     197495.000 ns	     19748	800044c8	00dc0db3	add	x27,x24,x13	 x24:0xffffffff x13:0x00000001 x27=0x00000000
     197505.000 ns	     19749	800044cc	400a87b3	sub	x15,x21,x0	 x21:0x00000000  x0:0x00000000 x15=0x00000000
     197865.000 ns	     19785	800044d0	02406b33	rem	x22,x0,x4	  x0:0x00000000  x4:0x00000001 x22=0x00000000
     197895.000 ns	     19788	800044d4	2070a153	fsgnjx.s	f2,f1,f7	  f1:0x00000000  f7:0x3fb50482  f2=0x00000000
     197915.000 ns	     19790	800044d8	f3d263b7	lui	x7,0xf3d26	  x7=0xf3d26000
     197935.000 ns	     19792	800044dc	213618d3	fsgnjn.s	f17,f12,f19	 f12:0xcefff7df f19:0x3f800000 f17=0xcefff7df
     197965.000 ns	     19795	800044e0	c00b8253	fcvt.w.s	x4,f23	 f23:0x00000000  x4=0x00000000
     197985.000 ns	     19797	800044e4	00286f33	or	x30,x16,x2	 x16:0x00000001  x2:0xffffffff x30=0xffffffff
     197995.000 ns	     19798	800044e8	8475ad97	auipc	x27,0x8475a	 x27=0x0475e4e8
     198015.000 ns	     19800	800044ec	a036a153	feq.s	x2,f13,f3	 f13:0xcefff7df  f3:0x00000707  x2=0x00000000
     198045.000 ns	     19803	800044f0	f00d88d3	fmv.w.x	f17,x27	 x27:0x00000000 f17=0x0475e4e8
     198075.000 ns	     19806	800044f4	035e0ab3	mul	x21,x28,x21	 x28:0x00000000 x21:0x00000000 x21=0x00000000
     198105.000 ns	     19809	800044f8	c0093ad3	fcvt.w.s	x21,f18	 f18:0xbfb50482 x21=0xffffffff
     198125.000 ns	     19811	800044fc	01ce01b3	add	x3,x28,x28	 x28:0x00000000 x28:0x00000000  x3=0x00000000
     198155.000 ns	     19814	80004500	113bfb53	fmul.s	f22,f23,f19	 f23:0x00000000 f19:0x3f800000 f22=0x00000000
     198175.000 ns	     19816	80004504	00e82633	slt	x12,x16,x14	 x16:0x00000001 x14:0x80000000 x12=0x00000000
     198205.000 ns	     19819	80004508	18078853	fdiv.s	f16,f15,f0	 f15:0x7fc00000  f0:0x4f000410 f16=0x7fc00000
     198235.000 ns	     19822	8000450c	20a11353	fsgnjn.s	f6,f2,f10	  f2:0x00000000 f10:0x00000000  f6=0x80000000
     198255.000 ns	     19824	80004510	4eb77d93	andi	x27,x14,1259	 x14:0x80000000 x27=0x00000000
     198265.000 ns	     19825	80004514	df648693	addi	x13,x9,-522	  x9:0x00000001 x13=0xfffffdf7
     198285.000 ns	     19827	80004518	c017f4d3	fcvt.wu.s	x9,f15	 f15:0x7fc00000  x9=0xffffffff
     198305.000 ns	     19829	8000451c	01d35633	srl	x12,x6,x29	  x6:0x00000000 x29:0xfffffdad x12=0x00000000
     198325.000 ns	     19831	80004520	022f0233	mul	x4,x30,x2	 x30:0xffffffff  x2:0x00000000  x4=0x00000000
     198345.000 ns	     19833	80004524	308b4393	xori	x7,x22,776	 x22:0x00000000  x7=0x00000308
     198355.000 ns	     19834	80004528	019b6e33	or	x28,x22,x25	 x22:0x00000000 x25:0x00000000 x28=0x00000000
     198365.000 ns	     19835	8000452c	6d9bba37	lui	x20,0x6d9bb	 x20=0x6d9bb000
     198385.000 ns	     19837	80004530	29400ad3	fmin.s	f21,f0,f20	  f0:0x4f000410 f20:0x7fc00000 f21=0x4f000410
     198405.000 ns	     19839	80004534	b6d97313	andi	x6,x18,-1171	 x18:0x80041024  x6=0x80041024
     198425.000 ns	     19841	80004538	02f128b3	mulhsu	x17,x2,x15	  x2:0x00000000 x15:0x00000000 x17=0x00000000
     198455.000 ns	     19844	8000453c	20f49253	fsgnjn.s	f4,f9,f15	  f9:0xcc727400 f15:0x7fc00000  f4=0xcc727400
     198485.000 ns	     19847	80004540	a0651cd3	flt.s	x25,f10,f6	 f10:0x00000000  f6:0x80000000 x25=0x00000000
     198515.000 ns	     19850	80004544	28d61053	fmax.s	f0,f12,f13	 f12:0xcefff7df f13:0xcefff7df  f0=0xcefff7df
     199695.000 ns	     19968	80004548	5802a1d3	fsqrt.s	f3,f5	  f5:0x4c5d5877  f3=0x459c83d2
     199715.000 ns	     19970	8000454c	0149cb33	xor	x22,x19,x20	 x19:0x00000000 x20:0x6d9bb000 x22=0x6d9bb000
     199725.000 ns	     19971	80004550	41768c33	sub	x24,x13,x23	 x13:0xfffffdf7 x23:0x80040fe4 x24=0x7ffbee13
     200895.000 ns	     20088	80004554	580af2d3	fsqrt.s	f5,f21	 f21:0x4f000410  f5=0x46b50a40
     200915.000 ns	     20090	80004558	41d55993	srai	x19,x10,0x1d	 x10:0xffffffff x19=0xffffffff
     200945.000 ns	     20093	8000455c	18e21bd3	fdiv.s	f23,f4,f14	  f4:0xcc727400 f14:0x00000000 f23=0xff800000
     200975.000 ns	     20096	80004560	03462633	mulhsu	x12,x12,x20	 x12:0x00000000 x20:0x6d9bb000 x12=0x00000000
     200995.000 ns	     20098	80004564	b5767617	auipc	x12,0xb5767	 x12=0x3576b564
     201015.000 ns	     20100	80004568	e0001553	fclass.s	x10,f0	  f0:0xcefff7df x10=0x00000002
     201045.000 ns	     20103	8000456c	a06e1a53	flt.s	x20,f28,f6	 f28:0x80000000  f6:0x80000000 x20=0x00000000
     202225.000 ns	     20221	80004570	580ac353	fsqrt.s	f6,f21	 f21:0x4f000410  f6=0x46b50a40
     202245.000 ns	     20223	80004574	e4340797	auipc	x15,0xe4340	 x15=0x64344574
     202265.000 ns	     20225	80004578	0245ba33	mulhu	x20,x11,x4	 x11:0x00000000  x4:0x00000000 x20=0x00000000
     202295.000 ns	     20228	8000457c	a1000f53	fle.s	x30,f0,f16	  f0:0xcefff7df f16:0x7fc00000 x30=0x00000000
     202325.000 ns	     20231	80004580	d01c7a53	fcvt.s.wu	f20,x24	 x24:0x7ffbee13 f20=0x4efff7dc
     202355.000 ns	     20234	80004584	d017f453	fcvt.s.wu	f8,x15	 x15:0x64344574  f8=0x4ec8688a
     202375.000 ns	     20236	80004588	7bcc7813	andi	x16,x24,1980	 x24:0x7ffbee13 x16=0x00000610
     202395.000 ns	     20238	8000458c	c00c72d3	fcvt.w.s	x5,f24	 f24:0x1f350486  x5=0x00000000
     202425.000 ns	     20241	80004590	21411f53	fsgnjn.s	f30,f2,f20	  f2:0x00000000 f20:0x4efff7dc f30=0x80000000
     202455.000 ns	     20244	80004594	0397c0b3	div	x1,x15,x25	 x15:0x64344574 x25:0x00000000  x1=0xffffffff
     202485.000 ns	     20247	80004598	a0cca853	feq.s	x16,f25,f12	 f25:0x4f000410 f12:0xcefff7df x16=0x00000000
     202525.000 ns	     20251	8000459c	18df29d3	fdiv.s	f19,f30,f13	 f30:0x80000000 f13:0xcefff7df f19=0x00000000
     202545.000 ns	     20253	800045a0	67225a17	auipc	x20,0x67225	 x20=0xe72295a0
     202555.000 ns	     20254	800045a4	012b31b3	sltu	x3,x22,x18	 x22:0x6d9bb000 x18:0x80041024  x3=0x00000001
     202565.000 ns	     20255	800045a8	2d3a4c93	xori	x25,x20,723	 x20:0x00000000 x25=0xe7229773
     202585.000 ns	     20257	800045ac	d00bfc53	fcvt.s.w	f24,x23	 x23:0x80040fe4 f24=0xcefff7e0
     202615.000 ns	     20260	800045b0	a15c17d3	flt.s	x15,f24,f21	 f24:0x1f350486 f21:0x4f000410 x15=0x00000001
     202645.000 ns	     20263	800045b4	a0920253	fle.s	x4,f4,f9	  f4:0xcc727400  f9:0xcc727400  x4=0x00000001
     202665.000 ns	     20265	800045b8	00e4d813	srli	x16,x9,0xe	  x9:0xffffffff x16=0x0003ffff
     202675.000 ns	     20266	800045bc	01bf81b3	add	x3,x31,x27	 x31:0x00000000 x27:0x00000000  x3=0x00000000
     202685.000 ns	     20267	800045c0	00881d13	slli	x26,x16,0x8	 x16:0x00000000 x26=0x03ffff00
     202705.000 ns	     20269	800045c4	c0094653	fcvt.w.s	x12,f18	 f18:0xbfb50482 x12=0xffffffff
     202735.000 ns	     20272	800045c8	02e42133	mulhsu	x2,x8,x14	  x8:0x0000ffff x14:0x80000000  x2=0x00007fff
     202765.000 ns	     20275	800045cc	d019ca53	fcvt.s.wu	f20,x19	 x19:0xffffffff f20=0x4f800000
     202785.000 ns	     20277	800045d0	0163e1b3	or	x3,x7,x22	  x7:0x00000308 x22:0x6d9bb000  x3=0x6d9bb308
     202805.000 ns	     20279	800045d4	d009f253	fcvt.s.w	f4,x19	 x19:0xffffffff  f4=0xbf800000
     202835.000 ns	     20282	800045d8	d009b8d3	fcvt.s.w	f17,x19	 x19:0xffffffff f17=0xbf800000
     202855.000 ns	     20284	800045dc	01465c33	srl	x24,x12,x20	 x12:0xffffffff x20:0xe72295a0 x24=0xffffffff
     202865.000 ns	     20285	800045e0	e0688c13	addi	x24,x17,-506	 x17:0x00000000 x24=0xfffffe06
     202885.000 ns	     20287	800045e4	03952c33	mulhsu	x24,x10,x25	 x10:0x00000002 x25:0xe7229773 x24=0x00000001
     202905.000 ns	     20289	800045e8	852d6193	ori	x3,x26,-1966	 x26:0x03ffff00  x3=0xffffff52
     202925.000 ns	     20291	800045ec	282b8ed3	fmin.s	f29,f23,f2	 f23:0xff800000  f2:0x00000000 f29=0xff800000
     202945.000 ns	     20293	800045f0	f53cf697	auipc	x13,0xf53cf	 x13=0x753d35f0
     202955.000 ns	     20294	800045f4	40b80ab3	sub	x21,x16,x11	 x16:0x0003ffff x11:0x00000000 x21=0x0003ffff
     202975.000 ns	     20296	800045f8	20e396d3	fsgnjn.s	f13,f7,f14	  f7:0x3fb50482 f14:0x00000000 f13=0xbfb50482
     202995.000 ns	     20298	800045fc	417085b3	sub	x11,x1,x23	  x1:0xffffffff x23:0x80040fe4 x11=0x7ffbf01b
     203005.000 ns	     20299	80004600	00d59993	slli	x19,x11,0xd	 x11:0x00000000 x19=0x7e036000
     203025.000 ns	     20301	80004604	d0027b53	fcvt.s.w	f22,x4	  x4:0x00000001 f22=0x3f800000
     203065.000 ns	     20305	80004608	1132c653	fmul.s	f12,f5,f19	  f5:0x46b50a40 f19:0x00000000 f12=0x00000000
     203095.000 ns	     20308	8000460c	e00912d3	fclass.s	x5,f18	 f18:0xbfb50482  x5=0x00000002
     203115.000 ns	     20310	80004610	00f5dcb3	srl	x25,x11,x15	 x11:0x7ffbf01b x15:0x00000001 x25=0x3ffdf80d
     203135.000 ns	     20312	80004614	a0732053	feq.s	x0,f6,f7	  f6:0x46b50a40  f7:0x3fb50482
     203165.000 ns	     20315	80004618	f00f8853	fmv.w.x	f16,x31	 x31:0x00000000 f16=0x00000000
     203185.000 ns	     20317	8000461c	0f360113	addi	x2,x12,243	 x12:0xffffffff  x2=0x000000f2
     203205.000 ns	     20319	80004620	29ef15d3	fmax.s	f11,f30,f30	 f30:0x80000000 f30:0x80000000 f11=0x80000000
     203225.000 ns	     20321	80004624	01115c93	srli	x25,x2,0x11	  x2:0x00007fff x25=0x00000000
     203245.000 ns	     20323	80004628	a16fa7d3	feq.s	x15,f31,f22	 f31:0x80000000 f22:0x3f800000 x15=0x00000000
     203285.000 ns	     20327	8000462c	18454153	fdiv.s	f2,f10,f4	 f10:0x00000000  f4:0xbf800000  f2=0x80000000
     203315.000 ns	     20330	80004630	d005b853	fcvt.s.w	f16,x11	 x11:0x7ffbf01b f16=0x4efff7e1
     203335.000 ns	     20332	80004634	01bcc333	xor	x6,x25,x27	 x25:0x00000000 x27:0x00000000  x6=0x00000000
     203695.000 ns	     20368	80004638	03de4eb3	div	x29,x28,x29	 x28:0x00000000 x29:0xfffffdad x29=0x00000000
     203715.000 ns	     20370	8000463c	97b57617	auipc	x12,0x97b57	 x12=0x17b5b63c
     203735.000 ns	     20372	80004640	c0047ed3	fcvt.w.s	x29,f8	  f8:0x4ec8688a x29=0x64344500
     203765.000 ns	     20375	80004644	a09f9b53	flt.s	x22,f31,f9	 f31:0x80000000  f9:0xcc727400 x22=0x00000000
     203785.000 ns	     20377	80004648	402e5413	srai	x8,x28,0x2	 x28:0x00000000  x8=0x00000000
     203795.000 ns	     20378	8000464c	6aef7a97	auipc	x21,0x6aef7	 x21=0xeaefb64c
     203815.000 ns	     20380	80004650	02848cb3	mul	x25,x9,x8	  x9:0xffffffff  x8:0x0000ffff x25=0x00000000
     203845.000 ns	     20383	80004654	03738333	mul	x6,x7,x23	  x7:0x00000308 x23:0x80040fe4  x6=0x0c502b20
     203895.000 ns	     20388	80004658	09e7c353	fsub.s	f6,f15,f30	 f15:0x7fc00000 f30:0x80000000  f6=0x7fc00000
     203935.000 ns	     20392	8000465c	580984d3	fsqrt.s	f9,f19	 f19:0x00000000  f9=0x00000000
     204305.000 ns	     20429	80004660	02cbcab3	div	x21,x23,x12	 x23:0x80040fe4 x12:0x17b5b63c x21=0xfffffffb
     204325.000 ns	     20431	80004664	403eddb3	sra	x27,x29,x3	 x29:0x64344500  x3:0xffffff52 x27=0x0000190d
     204345.000 ns	     20433	80004668	02c63033	mulhu	x0,x12,x12	 x12:0x17b5b63c x12:0x17b5b63c
     204375.000 ns	     20436	8000466c	f0058f53	fmv.w.x	f30,x11	 x11:0x7ffbf01b f30=0x7ffbf01b
     204405.000 ns	     20439	80004670	d00fc253	fcvt.s.w	f4,x31	 x31:0x00000000  f4=0x00000000
     204425.000 ns	     20441	80004674	9809f593	andi	x11,x19,-1664	 x19:0x7e036000 x11=0x7e036000
     204445.000 ns	     20443	80004678	e0061a53	fclass.s	x20,f12	 f12:0x00000000 x20=0x00000010
     204465.000 ns	     20445	8000467c	3f017c17	auipc	x24,0x3f017	 x24=0xbf01b67c
     204485.000 ns	     20447	80004680	c0097fd3	fcvt.w.s	x31,f18	 f18:0xbfb50482 x31=0x00000001
     204505.000 ns	     20449	80004684	c6c80613	addi	x12,x16,-916	 x16:0x0003ffff x12=0x0003fc6b
     204525.000 ns	     20451	80004688	e00a0c53	fmv.x.w	x24,f20	 f20:0x4f800000 x24=0x4f800000
     204555.000 ns	     20454	8000468c	29169ed3	fmax.s	f29,f13,f17	 f13:0xbfb50482 f17:0xbf800000 f29=0xbf800000
     204585.000 ns	     20457	80004690	034aa4b3	mulhsu	x9,x21,x20	 x21:0xfffffffb x20:0x00000010  x9=0xffffffff
     204615.000 ns	     20460	80004694	02aea133	mulhsu	x2,x29,x10	 x29:0x64344500 x10:0x00000002  x2=0x00000000
     204635.000 ns	     20462	80004698	0075d6b3	srl	x13,x11,x7	 x11:0x7e036000  x7:0x00000308 x13=0x007e0360
     204655.000 ns	     20464	8000469c	28a18453	fmin.s	f8,f3,f10	  f3:0x459c83d2 f10:0x00000000  f8=0x00000000
     204685.000 ns	     20467	800046a0	d0058a53	fcvt.s.w	f20,x11	 x11:0x7e036000 f20=0x4efc06c0
     204705.000 ns	     20469	800046a4	014bcb33	xor	x22,x23,x20	 x23:0x80040fe4 x20:0x00000010 x22=0x80040ff4
     204715.000 ns	     20470	800046a8	01a91c13	slli	x24,x18,0x1a	 x18:0x80041024 x24=0x90000000
     204745.000 ns	     20473	800046ac	5805f753	fsqrt.s	f14,f11	 f11:0x80000000 f14=0x80000000
     204775.000 ns	     20476	800046b0	a0d51453	flt.s	x8,f10,f13	 f10:0x00000000 f13:0xbfb50482  x8=0x00000000
     204795.000 ns	     20478	800046b4	4102d4b3	sra	x9,x5,x16	  x5:0x00000002 x16:0x0003ffff  x9=0x00000000
     204815.000 ns	     20480	800046b8	02edacb3	mulhsu	x25,x27,x14	 x27:0x0000190d x14:0x80000000 x25=0x00000c86
     204835.000 ns	     20482	800046bc	00cd07b3	add	x15,x26,x12	 x26:0x03ffff00 x12:0x0003fc6b x15=0x0403fb6b
     204855.000 ns	     20484	800046c0	21248e53	fsgnj.s	f28,f9,f18	  f9:0x00000000 f18:0xbfb50482 f28=0x80000000
     204885.000 ns	     20487	800046c4	02108cb3	mul	x25,x1,x1	  x1:0xffffffff  x1:0xffffffff x25=0x00000001
     204905.000 ns	     20489	800046c8	56477413	andi	x8,x14,1380	 x14:0x80000000  x8=0x00000000
     205265.000 ns	     20525	800046cc	0390d9b3	divu	x19,x1,x25	  x1:0xffffffff x25:0x00000001 x19=0xffffffff
     205295.000 ns	     20528	800046d0	c01570d3	fcvt.wu.s	x1,f10	 f10:0x00000000  x1=0x00000000
     205315.000 ns	     20530	800046d4	d918eb13	ori	x22,x17,-623	 x17:0x00000000 x22=0xfffffd91
     205345.000 ns	     20533	800046d8	5805ced3	fsqrt.s	f29,f11	 f11:0x80000000 f29=0x80000000
     205715.000 ns	     20570	800046dc	03815633	divu	x12,x2,x24	  x2:0x00000000 x24:0x90000000 x12=0x00000000
     205735.000 ns	     20572	800046e0	408306b3	sub	x13,x6,x8	  x6:0x0c502b20  x8:0x00000000 x13=0x0c502b20
     205745.000 ns	     20573	800046e4	00fec133	xor	x2,x29,x15	 x29:0x64344500 x15:0x0403fb6b  x2=0x6037be6b
     205765.000 ns	     20575	800046e8	c0129653	fcvt.wu.s	x12,f5	  f5:0x46b50a40 x12=0x00005a85
     205805.000 ns	     20579	800046ec	5807ab53	fsqrt.s	f22,f15	 f15:0x7fc00000 f22=0x7fc00000
     205835.000 ns	     20582	800046f0	0203aeb3	mulhsu	x29,x7,x0	  x7:0x00000308  x0:0x00000000 x29=0x00000000
     205855.000 ns	     20584	800046f4	01ee41b3	xor	x3,x28,x30	 x28:0x00000000 x30:0x00000000  x3=0x00000000
     205865.000 ns	     20585	800046f8	413a4793	xori	x15,x20,1043	 x20:0x00000010 x15=0x00000403
     205885.000 ns	     20587	800046fc	0318e333	rem	x6,x17,x17	 x17:0x00000000 x17:0x00000000  x6=0x00000000
     205905.000 ns	     20589	80004700	00000013	addi	x0,x0,0	  x0:0x00000000
     205915.000 ns	     20590	80004704	89f4f313	andi	x6,x9,-1889	  x9:0x00000000  x6=0x00000000
     205935.000 ns	     20592	80004708	a01a8fd3	fle.s	x31,f21,f1	 f21:0x4f000410  f1:0x00000000 x31=0x00000000
     205965.000 ns	     20595	8000470c	a0cb05d3	fle.s	x11,f22,f12	 f22:0x7fc00000 f12:0x00000000 x11=0x00000000
     205985.000 ns	     20597	80004710	00040b33	add	x22,x8,x0	  x8:0x00000000  x0:0x00000000 x22=0x00000000
     205995.000 ns	     20598	80004714	f4d4f793	andi	x15,x9,-179	  x9:0x00000000 x15=0x00000000
     206005.000 ns	     20599	80004718	bb4b2297	auipc	x5,0xbb4b2	  x5=0x3b4b6718
     206035.000 ns	     20602	8000471c	58088b53	fsqrt.s	f22,f17	 f17:0xbf800000 f22=0x7fc00000
     206405.000 ns	     20639	80004720	03877eb3	remu	x29,x14,x24	 x14:0x80000000 x24:0x90000000 x29=0x80000000
     206425.000 ns	     20641	80004724	348e6893	ori	x17,x28,840	 x28:0x00000000 x17=0x00000348
     206435.000 ns	     20642	80004728	40fc0033	sub	x0,x24,x15	 x24:0x90000000 x15:0x00000000
     206445.000 ns	     20643	8000472c	01159193	slli	x3,x11,0x11	 x11:0x00000000  x3=0x00000000
     206455.000 ns	     20644	80004730	01c71e33	sll	x28,x14,x28	 x14:0x80000000 x28:0x00000000 x28=0x80000000
     206465.000 ns	     20645	80004734	004934b3	sltu	x9,x18,x4	 x18:0x80041024  x4:0x00000001  x9=0x00000000
     206475.000 ns	     20646	80004738	40e35213	srai	x4,x6,0xe	  x6:0x00000000  x4=0x00000000
     206485.000 ns	     20647	8000473c	4198df13	srai	x30,x17,0x19	 x17:0x00000348 x30=0x00000000
     206495.000 ns	     20648	80004740	67c8fc93	andi	x25,x17,1660	 x17:0x00000348 x25=0x00000248
     206515.000 ns	     20650	80004744	21f3a3d3	fsgnjx.s	f7,f7,f31	  f7:0x3fb50482 f31:0x80000000  f7=0xbfb50482
     206535.000 ns	     20652	80004748	59867a13	andi	x20,x12,1432	 x12:0x00005a85 x20=0x00000080
     206545.000 ns	     20653	8000474c	00e4d613	srli	x12,x9,0xe	  x9:0x00000000 x12=0x00000000
     206565.000 ns	     20655	80004750	c000b7d3	fcvt.w.s	x15,f1	  f1:0x00000000 x15=0x00000000
     206585.000 ns	     20657	80004754	ca7ade97	auipc	x29,0xca7ad	 x29=0x4a7b1754
     206605.000 ns	     20659	80004758	29469c53	fmax.s	f24,f13,f20	 f13:0xbfb50482 f20:0x4efc06c0 f24=0x4efc06c0
     206635.000 ns	     20662	8000475c	f0070353	fmv.w.x	f6,x14	 x14:0x80000000  f6=0x80000000
     206665.000 ns	     20665	80004760	03888fb3	mul	x31,x17,x24	 x17:0x00000348 x24:0x90000000 x31=0x80000000
     206685.000 ns	     20667	80004764	406bd513	srai	x10,x23,0x6	 x23:0x80040fe4 x10=0xfe00103f
     206715.000 ns	     20670	80004768	19e29b53	fdiv.s	f22,f5,f30	  f5:0x46b50a40 f30:0x7ffbf01b f22=0x7fc00000
     206735.000 ns	     20672	8000476c	00334d33	xor	x26,x6,x3	  x6:0x00000000  x3:0x00000000 x26=0x00000000
     206755.000 ns	     20674	80004770	a0d82e53	feq.s	x28,f16,f13	 f16:0x4efff7e1 f13:0xbfb50482 x28=0x00000000
     206775.000 ns	     20676	80004774	ab5a0693	addi	x13,x20,-1355	 x20:0x00000080 x13=0xfffffb35
     206795.000 ns	     20678	80004778	218c2e53	fsgnjx.s	f28,f24,f24	 f24:0x4efc06c0 f24:0x4efc06c0 f28=0x4efc06c0
     206815.000 ns	     20680	8000477c	98592337	lui	x6,0x98592	  x6=0x98592000
     206835.000 ns	     20682	80004780	28f50cd3	fmin.s	f25,f10,f15	 f10:0x00000000 f15:0x7fc00000 f25=0x00000000
     206855.000 ns	     20684	80004784	9376ae93	slti	x29,x13,-1737	 x13:0xfffffb35 x29=0x00000000
     206865.000 ns	     20685	80004788	00c720b3	slt	x1,x14,x12	 x14:0x80000000 x12:0x00000000  x1=0x00000001
     206875.000 ns	     20686	8000478c	011ed5b3	srl	x11,x29,x17	 x29:0x4a7b1754 x17:0x00000348 x11=0x00000000
     206885.000 ns	     20687	80004790	410e09b3	sub	x19,x28,x16	 x28:0x00000000 x16:0x0003ffff x19=0xfffc0001
     206905.000 ns	     20689	80004794	03c8f1b3	remu	x3,x17,x28	 x17:0x00000348 x28:0x00000000  x3=0x00000348
     206935.000 ns	     20692	80004798	a0a21153	flt.s	x2,f4,f10	  f4:0x00000000 f10:0x00000000  x2=0x00000000
     206955.000 ns	     20694	8000479c	de0bb493	sltiu	x9,x23,-544	 x23:0x80040fe4  x9=0x00000001
     206975.000 ns	     20696	800047a0	03ac3f33	mulhu	x30,x24,x26	 x24:0x90000000 x26:0x00000000 x30=0x00000000
     207005.000 ns	     20699	800047a4	a1171cd3	flt.s	x25,f14,f17	 f14:0x80000000 f17:0xbf800000 x25=0x00000000
     207025.000 ns	     20701	800047a8	009a18b3	sll	x17,x20,x9	 x20:0x00000080  x9:0x00000001 x17=0x00000100
     207385.000 ns	     20737	800047ac	034e51b3	divu	x3,x28,x20	 x28:0x00000000 x20:0x00000080  x3=0x00000000
     207405.000 ns	     20739	800047b0	01e50e33	add	x28,x10,x30	 x10:0xfe00103f x30:0x00000000 x28=0xfe00103f
     207415.000 ns	     20740	800047b4	01dd62b3	or	x5,x26,x29	 x26:0x00000000 x29:0x00000000  x5=0x00000000
     207425.000 ns	     20741	800047b8	01ecd133	srl	x2,x25,x30	 x25:0x00000000 x30:0x00000000  x2=0x00000000
     207465.000 ns	     20745	800047bc	083e2853	fsub.s	f16,f28,f3	 f28:0x4efc06c0  f3:0x459c83d2 f16=0x4efc0698
     207495.000 ns	     20748	800047c0	03e56b33	rem	x22,x10,x30	 x10:0xfe00103f x30:0x00000000 x22=0xfe00103f
     207515.000 ns	     20750	800047c4	d4738d13	addi	x26,x7,-697	  x7:0x00000308 x26=0x0000004f
     207525.000 ns	     20751	800047c8	018005b3	add	x11,x0,x24	  x0:0x00000000 x24:0x90000000 x11=0x90000000
     207565.000 ns	     20755	800047cc	080af3d3	fsub.s	f7,f21,f0	 f21:0x4f000410  f0:0xcefff7df  f7=0x4f7fffff
     207585.000 ns	     20757	800047d0	4013de13	srai	x28,x7,0x1	  x7:0x00000308 x28=0x00000184
     207605.000 ns	     20759	800047d4	e00a0153	fmv.x.w	x2,f20	 f20:0x4efc06c0  x2=0x4efc06c0
     207625.000 ns	     20761	800047d8	0005c5b3	xor	x11,x11,x0	 x11:0x90000000  x0:0x00000000 x11=0x90000000
     207645.000 ns	     20763	800047dc	e0099f53	fclass.s	x30,f19	 f19:0x00000000 x30=0x00000010
     207665.000 ns	     20765	800047e0	00000013	addi	x0,x0,0	  x0:0x00000000
     207675.000 ns	     20766	800047e4	f40cc113	xori	x2,x25,-192	 x25:0x00000000  x2=0xffffff40
     207685.000 ns	     20767	800047e8	cfb75537	lui	x10,0xcfb75	 x10=0xcfb75000
     207705.000 ns	     20769	800047ec	02b208b3	mul	x17,x4,x11	  x4:0x00000000 x11:0x90000000 x17=0x00000000
     207735.000 ns	     20772	800047f0	a1a32c53	feq.s	x24,f6,f26	  f6:0x80000000 f26:0x4f000410 x24=0x00000000
     207765.000 ns	     20775	800047f4	a13502d3	fle.s	x5,f10,f19	 f10:0x00000000 f19:0x00000000  x5=0x00000001
     207785.000 ns	     20777	800047f8	497c3093	sltiu	x1,x24,1175	 x24:0x00000000  x1=0x00000001
     207805.000 ns	     20779	800047fc	03eb25b3	mulhsu	x11,x22,x30	 x22:0xfe00103f x30:0x00000010 x11=0xffffffff
     207825.000 ns	     20781	80004800	00b914b3	sll	x9,x18,x11	 x18:0x80041024 x11:0x90000000  x9=0x00000000
     207845.000 ns	     20783	80004804	0294e8b3	rem	x17,x9,x9	  x9:0x00000001  x9:0x00000001 x17=0x00000000
     207865.000 ns	     20785	80004808	b6232113	slti	x2,x6,-1182	  x6:0x98592000  x2=0x00000001
     207895.000 ns	     20788	8000480c	10e5bd53	fmul.s	f26,f11,f14	 f11:0x80000000 f14:0x80000000 f26=0x00000000
     207925.000 ns	     20791	80004810	a06582d3	fle.s	x5,f11,f6	 f11:0x80000000  f6:0x80000000  x5=0x00000001
     207955.000 ns	     20794	80004814	20b20a53	fsgnj.s	f20,f4,f11	  f4:0x00000000 f11:0x80000000 f20=0x80000000
     207975.000 ns	     20796	80004818	19b9a113	slti	x2,x19,411	 x19:0xfffc0001  x2=0x00000001
     207995.000 ns	     20798	8000481c	c0137553	fcvt.wu.s	x10,f6	  f6:0x80000000 x10=0x00000000
     208015.000 ns	     20800	80004820	007c1c93	slli	x25,x24,0x7	 x24:0x00000000 x25=0x00000000
     208025.000 ns	     20801	80004824	2451c193	xori	x3,x3,581	  x3:0x00000000  x3=0x00000245
     208045.000 ns	     20803	80004828	d00b7ed3	fcvt.s.w	f29,x22	 x22:0xfe00103f f29=0xcbfff7e0
     208085.000 ns	     20807	8000482c	580274d3	fsqrt.s	f9,f4	  f4:0x00000000  f9=0x00000000
     208125.000 ns	     20811	80004830	101bf753	fmul.s	f14,f23,f1	 f23:0xff800000  f1:0x00000000 f14=0x7fc00000
     208145.000 ns	     20813	80004834	005947b3	xor	x15,x18,x5	 x18:0x80041024  x5:0x00000001 x15=0x80041025
     208155.000 ns	     20814	80004838	4efe7c17	auipc	x24,0x4efe7	 x24=0xcefeb838
     208195.000 ns	     20818	8000483c	009974d3	fadd.s	f9,f18,f9	 f18:0xbfb50482  f9:0x00000000  f9=0xbfb50482
     208225.000 ns	     20821	80004840	21399053	fsgnjn.s	f0,f19,f19	 f19:0x00000000 f19:0x00000000  f0=0x80000000
     208255.000 ns	     20824	80004844	03458433	mul	x8,x11,x20	 x11:0xffffffff x20:0x00000080  x8=0xffffff80
     208275.000 ns	     20826	80004848	409dde93	srai	x29,x27,0x9	 x27:0x0000190d x29=0x0000000c
     208295.000 ns	     20828	8000484c	d00bf453	fcvt.s.w	f8,x23	 x23:0x80040fe4  f8=0xcefff7e0
     208315.000 ns	     20830	80004850	408a52b3	sra	x5,x20,x8	 x20:0x00000080  x8:0xffffff80  x5=0x00000080
     208325.000 ns	     20831	80004854	4fcc7a97	auipc	x21,0x4fcc7	 x21=0xcfccb854
     208335.000 ns	     20832	80004858	0187f233	and	x4,x15,x24	 x15:0x80041025 x24:0xcefeb838  x4=0x80041020
     208345.000 ns	     20833	8000485c	00000013	addi	x0,x0,0	  x0:0x00000000
     208355.000 ns	     20834	80004860	60d9a813	slti	x16,x19,1549	 x19:0xfffc0001 x16=0x00000001
     208375.000 ns	     20836	80004864	e00881d3	fmv.x.w	x3,f17	 f17:0xbf800000  x3=0xbf800000
     208405.000 ns	     20839	80004868	207c0d53	fsgnj.s	f26,f24,f7	 f24:0x4efc06c0  f7:0x4f7fffff f26=0x4efc06c0
     208425.000 ns	     20841	8000486c	01e81333	sll	x6,x16,x30	 x16:0x00000001 x30:0x00000010  x6=0x00010000
     208435.000 ns	     20842	80004870	03aa8317	auipc	x6,0x3aa8	  x6=0x83aac870
     208455.000 ns	     20844	80004874	20c211d3	fsgnjn.s	f3,f4,f12	  f4:0x00000000 f12:0x00000000  f3=0x80000000
     208505.000 ns	     20849	80004878	0852f653	fsub.s	f12,f5,f5	  f5:0x46b50a40  f5:0x46b50a40 f12=0x80000000
     208535.000 ns	     20852	8000487c	c0062ed3	fcvt.w.s	x29,f12	 f12:0x00000000 x29=0x00000000
     208555.000 ns	     20854	80004880	01f41d13	slli	x26,x8,0x1f	  x8:0xffffff80 x26=0x00000000
     208575.000 ns	     20856	80004884	038e9a33	mulh	x20,x29,x24	 x29:0x00000000 x24:0xcefeb838 x20=0x00000000
     208595.000 ns	     20858	80004888	00db5513	srli	x10,x22,0xd	 x22:0xfe00103f x10=0x0007f000
     208605.000 ns	     20859	8000488c	01859793	slli	x15,x11,0x18	 x11:0xffffffff x15=0xff000000
     208625.000 ns	     20861	80004890	0351b9b3	mulhu	x19,x3,x21	  x3:0xbf800000 x21:0xcfccb854 x19=0x9b71a3e2
     208655.000 ns	     20864	80004894	0281b133	mulhu	x2,x3,x8	  x3:0xbf800000  x8:0xffffff80  x2=0xbf7fffa0
     208675.000 ns	     20866	80004898	ab483e13	sltiu	x28,x16,-1356	 x16:0x00000001 x28=0x00000001
     208685.000 ns	     20867	8000489c	00a0f633	and	x12,x1,x10	  x1:0x00000001 x10:0x0007f000 x12=0x00000000
     208695.000 ns	     20868	800048a0	41bfd293	srai	x5,x31,0x1b	 x31:0x80000000  x5=0xfffffff0
     208705.000 ns	     20869	800048a4	2abfc597	auipc	x11,0x2abfc	 x11=0xaac008a4
     208725.000 ns	     20871	800048a8	023514b3	mulh	x9,x10,x3	 x10:0x0007f000  x3:0xbf800000  x9=0xfffe0008
     208755.000 ns	     20874	800048ac	d013a453	fcvt.s.wu	f8,x7	  x7:0x00000308  f8=0x44420000
     208795.000 ns	     20878	800048b0	19657e53	fdiv.s	f28,f10,f22	 f10:0x00000000 f22:0x7fc00000 f28=0x7fc00000
     208825.000 ns	     20881	800048b4	d0009753	fcvt.s.w	f14,x1	  x1:0x00000001 f14=0x3f800000
     208845.000 ns	     20883	800048b8	b2650693	addi	x13,x10,-1242	 x10:0x0007f000 x13=0x0007eb26
     208855.000 ns	     20884	800048bc	018c44b3	xor	x9,x24,x24	 x24:0xcefeb838 x24:0xcefeb838  x9=0x00000000
     208865.000 ns	     20885	800048c0	464e3393	sltiu	x7,x28,1124	 x28:0x00000001  x7=0x00000001
     208885.000 ns	     20887	800048c4	210fa253	fsgnjx.s	f4,f31,f16	 f31:0x80000000 f16:0x4efc0698  f4=0x80000000
     208905.000 ns	     20889	800048c8	3355c113	xori	x2,x11,821	 x11:0xaac008a4  x2=0xaac00b91
     208915.000 ns	     20890	800048cc	1bb46513	ori	x10,x8,443	  x8:0xffffff80 x10=0xffffffbb
     208935.000 ns	     20892	800048d0	03adceb3	div	x29,x27,x26	 x27:0x0000190d x26:0x00000000 x29=0xffffffff
     208965.000 ns	     20895	800048d4	02268533	mul	x10,x13,x2	 x13:0x0007eb26  x2:0xaac00b91 x10=0xf416d286
     208995.000 ns	     20898	800048d8	a122a7d3	feq.s	x15,f5,f18	  f5:0x46b50a40 f18:0xbfb50482 x15=0x00000000
     209365.000 ns	     20935	800048dc	0320e333	rem	x6,x1,x18	  x1:0x00000001 x18:0x80041024  x6=0x00000001
     209395.000 ns	     20938	800048e0	29549d53	fmax.s	f26,f9,f21	  f9:0xbfb50482 f21:0x4f000410 f26=0x4f000410
     209425.000 ns	     20941	800048e4	03a29d33	mulh	x26,x5,x26	  x5:0xfffffff0 x26:0x00000000 x26=0x00000000
     209455.000 ns	     20944	800048e8	03b523b3	mulhsu	x7,x10,x27	 x10:0xf416d286 x27:0x0000190d  x7=0xfffffed5
     209475.000 ns	     20946	800048ec	000a1b33	sll	x22,x20,x0	 x20:0x00000000  x0:0x00000000 x22=0x00000000
     209495.000 ns	     20948	800048f0	218c2753	fsgnjx.s	f14,f24,f24	 f24:0x4efc06c0 f24:0x4efc06c0 f14=0x4efc06c0
     209525.000 ns	     20951	800048f4	026f94b3	mulh	x9,x31,x6	 x31:0x80000000  x6:0x00000001  x9=0xffffffff
     209545.000 ns	     20953	800048f8	3f193013	sltiu	x0,x18,1009	 x18:0x80041024
     209555.000 ns	     20954	800048fc	011cfeb3	and	x29,x25,x17	 x25:0x00000000 x17:0x00000000 x29=0x00000000
     209565.000 ns	     20955	80004900	00f364b3	or	x9,x6,x15	  x6:0x00000001 x15:0x00000000  x9=0x00000001
     209585.000 ns	     20957	80004904	280e9453	fmax.s	f8,f29,f0	 f29:0xcbfff7e0  f0:0x80000000  f8=0x80000000
     209615.000 ns	     20960	80004908	21e5ae53	fsgnjx.s	f28,f11,f30	 f11:0x80000000 f30:0x7ffbf01b f28=0x80000000
     209645.000 ns	     20963	8000490c	d015f4d3	fcvt.s.wu	f9,x11	 x11:0xaac008a4  f9=0x4f2ac008
     209675.000 ns	     20966	80004910	20bd9a53	fsgnjn.s	f20,f27,f11	 f27:0x7fc00000 f11:0x80000000 f20=0x7fc00000
     209705.000 ns	     20969	80004914	c0144353	fcvt.wu.s	x6,f8	  f8:0x80000000  x6=0x00000000
     209735.000 ns	     20972	80004918	e0010253	fmv.x.w	x4,f2	  f2:0x80000000  x4=0x80000000
     209755.000 ns	     20974	8000491c	b4f9b593	sltiu	x11,x19,-1201	 x19:0x9b71a3e2 x11=0x00000001
     209765.000 ns	     20975	80004920	00000013	addi	x0,x0,0	  x0:0x00000000
     209775.000 ns	     20976	80004924	5de91637	lui	x12,0x5de91	 x12=0x5de91000
     209795.000 ns	     20978	80004928	28789dd3	fmax.s	f27,f17,f7	 f17:0xbf800000  f7:0x4f7fffff f27=0x4f7fffff
     209825.000 ns	     20981	8000492c	285001d3	fmin.s	f3,f0,f5	  f0:0x80000000  f5:0x46b50a40  f3=0x80000000
     209845.000 ns	     20983	80004930	0025f0b3	and	x1,x11,x2	 x11:0x00000001  x2:0xaac00b91  x1=0x00000001
     209865.000 ns	     20985	80004934	289f98d3	fmax.s	f17,f31,f9	 f31:0x80000000  f9:0x4f2ac008 f17=0x4f2ac008
     209885.000 ns	     20987	80004938	4b2e2293	slti	x5,x28,1202	 x28:0x00000001  x5=0x00000001
     209895.000 ns	     20988	8000493c	1689c493	xori	x9,x19,360	 x19:0x9b71a3e2  x9=0x9b71a28a
     209935.000 ns	     20992	80004940	00f273d3	fadd.s	f7,f4,f15	  f4:0x80000000 f15:0x7fc00000  f7=0x7fc00000
     209955.000 ns	     20994	80004944	6af50b13	addi	x22,x10,1711	 x10:0xf416d286 x22=0xf416d935
     209965.000 ns	     20995	80004948	01dc17b3	sll	x15,x24,x29	 x24:0xcefeb838 x29:0x00000000 x15=0xcefeb838
     209985.000 ns	     20997	8000494c	21879653	fsgnjn.s	f12,f15,f24	 f15:0x7fc00000 f24:0x4efc06c0 f12=0xffc00000
     210005.000 ns	     20999	80004950	0033c0b3	xor	x1,x7,x3	  x7:0xfffffed5  x3:0xbf800000  x1=0x407ffed5
     210015.000 ns	     21000	80004954	40f20e33	sub	x28,x4,x15	  x4:0x80000000 x15:0xcefeb838 x28=0xb10147c8
     210025.000 ns	     21001	80004958	cff84593	xori	x11,x16,-769	 x16:0x00000001 x11=0xfffffcfe
     210035.000 ns	     21002	8000495c	411ed593	srai	x11,x29,0x11	 x29:0x00000000 x11=0x00000000
     210055.000 ns	     21004	80004960	a18f2ed3	feq.s	x29,f30,f24	 f30:0x7ffbf01b f24:0x4efc06c0 x29=0x00000000
     210085.000 ns	     21007	80004964	d00df753	fcvt.s.w	f14,x27	 x27:0x0000190d f14=0x45c86800
     210115.000 ns	     21010	80004968	20979053	fsgnjn.s	f0,f15,f9	 f15:0x7fc00000  f9:0x4f2ac008  f0=0xffc00000
     210135.000 ns	     21012	8000496c	dc327213	andi	x4,x4,-573	  x4:0x80000000  x4=0x80000000
     210155.000 ns	     21014	80004970	02d03333	mulhu	x6,x0,x13	  x0:0x00000000 x13:0x0007eb26  x6=0x00000000
     210175.000 ns	     21016	80004974	00aef9b3	and	x19,x29,x10	 x29:0x00000000 x10:0xf416d286 x19=0x00000000
     210195.000 ns	     21018	80004978	c011bfd3	fcvt.wu.s	x31,f3	  f3:0x80000000 x31=0x00000000
     210215.000 ns	     21020	8000497c	00dc3c33	sltu	x24,x24,x13	 x24:0xcefeb838 x13:0x0007eb26 x24=0x00000000
     210235.000 ns	     21022	80004980	02b6da33	divu	x20,x13,x11	 x13:0x0007eb26 x11:0x00000000 x20=0xffffffff
     210265.000 ns	     21025	80004984	e0029653	fclass.s	x12,f5	  f5:0x46b50a40 x12=0x00000040
     210285.000 ns	     21027	80004988	009e9333	sll	x6,x29,x9	 x29:0x00000000  x9:0x9b71a28a  x6=0x00000000
     210305.000 ns	     21029	8000498c	038edb33	divu	x22,x29,x24	 x29:0x00000000 x24:0x00000000 x22=0xffffffff
     210335.000 ns	     21032	80004990	026432b3	mulhu	x5,x8,x6	  x8:0xffffff80  x6:0x00000000  x5=0x00000000
     210365.000 ns	     21035	80004994	03f246b3	div	x13,x4,x31	  x4:0x80000000 x31:0x00000000 x13=0xffffffff
     210385.000 ns	     21037	80004998	40bf5233	sra	x4,x30,x11	 x30:0x00000010 x11:0x00000000  x4=0x00000010
     210395.000 ns	     21038	8000499c	00d8e8b3	or	x17,x17,x13	 x17:0x00000000 x13:0xffffffff x17=0xffffffff
     210405.000 ns	     21039	800049a0	52637613	andi	x12,x6,1318	  x6:0x00000000 x12=0x00000000
     210425.000 ns	     21041	800049a4	a1a72453	feq.s	x8,f14,f26	 f14:0x45c86800 f26:0x4f000410  x8=0x00000000
     210455.000 ns	     21044	800049a8	2091afd3	fsgnjx.s	f31,f3,f9	  f3:0x80000000  f9:0x4f2ac008 f31=0x80000000
     210485.000 ns	     21047	800049ac	d0141853	fcvt.s.wu	f16,x8	  x8:0x00000000 f16=0x00000000
     210515.000 ns	     21050	800049b0	20460153	fsgnj.s	f2,f12,f4	 f12:0xffc00000  f4:0x80000000  f2=0xffc00000
     210545.000 ns	     21053	800049b4	03db95b3	mulh	x11,x23,x29	 x23:0x80040fe4 x29:0x00000000 x11=0x00000000
     210565.000 ns	     21055	800049b8	00c5fa33	and	x20,x11,x12	 x11:0x00000000 x12:0x00000000 x20=0x00000000
     210575.000 ns	     21056	800049bc	2394b613	sltiu	x12,x9,569	  x9:0x9b71a28a x12=0x00000000
     210585.000 ns	     21057	800049c0	41fd5833	sra	x16,x26,x31	 x26:0x00000000 x31:0x00000000 x16=0x00000000
     210595.000 ns	     21058	800049c4	392c8113	addi	x2,x25,914	 x25:0x00000000  x2=0x00000392
     210625.000 ns	     21061	800049c8	185170d3	fdiv.s	f1,f2,f5	  f2:0xffc00000  f5:0x46b50a40  f1=0x7fc00000
     210655.000 ns	     21064	800049cc	c00e21d3	fcvt.w.s	x3,f28	 f28:0x80000000  x3=0x00000000
     210675.000 ns	     21066	800049d0	df9b6d13	ori	x26,x22,-519	 x22:0xffffffff x26=0xffffffff
     211845.000 ns	     21183	800049d4	5802f053	fsqrt.s	f0,f5	  f5:0x46b50a40  f0=0x43183a19
     211875.000 ns	     21186	800049d8	e00b10d3	fclass.s	x1,f22	 f22:0x7fc00000  x1=0x00000200
     211905.000 ns	     21189	800049dc	a14a01d3	fle.s	x3,f20,f20	 f20:0x7fc00000 f20:0x7fc00000  x3=0x00000000
     211935.000 ns	     21192	800049e0	d016f0d3	fcvt.s.wu	f1,x13	 x13:0xffffffff  f1=0x4f7fffff
     211955.000 ns	     21194	800049e4	00f3f1b3	and	x3,x7,x15	  x7:0xfffffed5 x15:0xcefeb838  x3=0xcefeb810
     211965.000 ns	     21195	800049e8	b9f06e13	ori	x28,x0,-1121	  x0:0x00000000 x28=0xfffffb9f
     211985.000 ns	     21197	800049ec	f0080453	fmv.w.x	f8,x16	 x16:0x00000000  f8=0x00000000
     212005.000 ns	     21199	800049f0	01e9a333	slt	x6,x19,x30	 x19:0x00000000 x30:0x00000010  x6=0x00000001
     212015.000 ns	     21200	800049f4	00cf03b3	add	x7,x30,x12	 x30:0x00000010 x12:0x00000000  x7=0x00000010
     212025.000 ns	     21201	800049f8	00000013	addi	x0,x0,0	  x0:0x00000000
     212045.000 ns	     21203	800049fc	28a71e53	fmax.s	f28,f14,f10	 f14:0x45c86800 f10:0x00000000 f28=0x45c86800
     212415.000 ns	     21240	80004a00	0292d2b3	divu	x5,x5,x9	  x5:0x00000000  x9:0x9b71a28a  x5=0x00000000
     212445.000 ns	     21243	80004a04	a08d1453	flt.s	x8,f26,f8	 f26:0x4f000410  f8:0x00000000  x8=0x00000000
     212465.000 ns	     21245	80004a08	413dd413	srai	x8,x27,0x13	 x27:0x0000190d  x8=0x00000000
     212485.000 ns	     21247	80004a0c	d00844d3	fcvt.s.w	f9,x16	 x16:0x00000000  f9=0x00000000
     212515.000 ns	     21250	80004a10	02f9bfb3	mulhu	x31,x19,x15	 x19:0x00000000 x15:0xcefeb838 x31=0x00000000
     212535.000 ns	     21252	80004a14	72cce593	ori	x11,x25,1836	 x25:0x00000000 x11=0x0000072c
     212545.000 ns	     21253	80004a18	00a8feb3	and	x29,x17,x10	 x17:0xffffffff x10:0xf416d286 x29=0xf416d286
     212565.000 ns	     21255	80004a1c	c00d89d3	fcvt.w.s	x19,f27	 f27:0x4f7fffff x19=0x7fffffff
     212595.000 ns	     21258	80004a20	21bd2e53	fsgnjx.s	f28,f26,f27	 f26:0x4f000410 f27:0x4f7fffff f28=0x4f000410
     212625.000 ns	     21261	80004a24	c005add3	fcvt.w.s	x27,f11	 f11:0x80000000 x27=0x00000000
     212655.000 ns	     21264	80004a28	29c187d3	fmin.s	f15,f3,f28	  f3:0x80000000 f28:0x4f000410 f15=0x80000000
     212675.000 ns	     21266	80004a2c	41645b33	sra	x22,x8,x22	  x8:0x00000000 x22:0xffffffff x22=0x00000000
     212695.000 ns	     21268	80004a30	20f125d3	fsgnjx.s	f11,f2,f15	  f2:0xffc00000 f15:0x80000000 f11=0x7fc00000
     212715.000 ns	     21270	80004a34	015b1093	slli	x1,x22,0x15	 x22:0xffffffff  x1=0x00000000
     213075.000 ns	     21306	80004a38	032cea33	rem	x20,x25,x18	 x25:0x00000000 x18:0x80041024 x20=0x00000000
     213105.000 ns	     21309	80004a3c	d0072ed3	fcvt.s.w	f29,x14	 x14:0x80000000 f29=0xcf000000
     213125.000 ns	     21311	80004a40	31d80d93	addi	x27,x16,797	 x16:0x00000000 x27=0x0000031d
     213485.000 ns	     21347	80004a44	02d8c433	div	x8,x17,x13	 x17:0xffffffff x13:0xffffffff  x8=0x00000001
     213505.000 ns	     21349	80004a48	1f6ca993	slti	x19,x25,502	 x25:0x00000000 x19=0x00000001
     213525.000 ns	     21351	80004a4c	21e382d3	fsgnj.s	f5,f7,f30	  f7:0x7fc00000 f30:0x7ffbf01b  f5=0x7fc00000
     213555.000 ns	     21354	80004a50	203f0b53	fsgnj.s	f22,f30,f3	 f30:0x7ffbf01b  f3:0x80000000 f22=0xfffbf01b
     213575.000 ns	     21356	80004a54	9f9ea813	slti	x16,x29,-1543	 x29:0xf416d286 x16=0x00000001
     213585.000 ns	     21357	80004a58	011d26b3	slt	x13,x26,x17	 x26:0xffffffff x17:0xffffffff x13=0x00000000
     213605.000 ns	     21359	80004a5c	c014f453	fcvt.wu.s	x8,f9	  f9:0x00000000  x8=0x00000000
     213635.000 ns	     21362	80004a60	d0077153	fcvt.s.w	f2,x14	 x14:0x80000000  f2=0xcf000000
     213655.000 ns	     21364	80004a64	71642f93	slti	x31,x8,1814	  x8:0x00000000 x31=0x00000001
     213675.000 ns	     21366	80004a68	c0129fd3	fcvt.wu.s	x31,f5	  f5:0x7fc00000 x31=0xffffffff
     213705.000 ns	     21369	80004a6c	205f2a53	fsgnjx.s	f20,f30,f5	 f30:0x7ffbf01b  f5:0x7fc00000 f20=0x7ffbf01b
     213725.000 ns	     21371	80004a70	00000013	addi	x0,x0,0	  x0:0x00000000
     213735.000 ns	     21372	80004a74	6e497793	andi	x15,x18,1764	 x18:0x80041024 x15=0x00000024
     213755.000 ns	     21374	80004a78	a01583d3	fle.s	x7,f11,f1	 f11:0x7fc00000  f1:0x4f7fffff  x7=0x00000000
     213785.000 ns	     21377	80004a7c	a0131853	flt.s	x16,f6,f1	  f6:0x80000000  f1:0x4f7fffff x16=0x00000001
     214155.000 ns	     21414	80004a80	0233f7b3	remu	x15,x7,x3	  x7:0x00000000  x3:0xcefeb810 x15=0x00000000
     214175.000 ns	     21416	80004a84	f5b921b7	lui	x3,0xf5b92	  x3=0xf5b92000
     214185.000 ns	     21417	80004a88	401ed393	srai	x7,x29,0x1	 x29:0xf416d286  x7=0xfa0b6943
     214205.000 ns	     21419	80004a8c	02ab08b3	mul	x17,x22,x10	 x22:0x00000000 x10:0xf416d286 x17=0x00000000
     214235.000 ns	     21422	80004a90	e0028653	fmv.x.w	x12,f5	  f5:0x7fc00000 x12=0x7fc00000
     214265.000 ns	     21425	80004a94	e0069453	fclass.s	x8,f13	 f13:0xbfb50482  x8=0x00000002
     214285.000 ns	     21427	80004a98	b23f2b17	auipc	x22,0xb23f2	 x22=0x323f6a98
     214295.000 ns	     21428	80004a9c	4aa33a37	lui	x20,0x4aa33	 x20=0x4aa33000
     214315.000 ns	     21430	80004aa0	a1e9a3d3	feq.s	x7,f19,f30	 f19:0x00000000 f30:0x7ffbf01b  x7=0x00000000
     214345.000 ns	     21433	80004aa4	a12f1c53	flt.s	x24,f30,f18	 f30:0x7ffbf01b f18:0xbfb50482 x24=0x00000000
     214715.000 ns	     21470	80004aa8	03d765b3	rem	x11,x14,x29	 x14:0x80000000 x29:0xf416d286 x11=0xf71bc6c4
     214745.000 ns	     21473	80004aac	d004bd53	fcvt.s.w	f26,x9	  x9:0x9b71a28a f26=0xcec91cbb
     214765.000 ns	     21475	80004ab0	00130eb3	add	x29,x6,x1	  x6:0x00000001  x1:0x00000000 x29=0x00000001
     215125.000 ns	     21511	80004ab4	02966233	rem	x4,x12,x9	 x12:0x7fc00000  x9:0x9b71a28a  x4=0x1b31a28a
     215145.000 ns	     21513	80004ab8	d1094d93	xori	x27,x18,-752	 x18:0x80041024 x27=0x7ffbed34
     215155.000 ns	     21514	80004abc	1230ce13	xori	x28,x1,291	  x1:0x00000000 x28=0x00000123
     215165.000 ns	     21515	80004ac0	8d14f113	andi	x2,x9,-1839	  x9:0x9b71a28a  x2=0x9b71a080
     215175.000 ns	     21516	80004ac4	4b77ec93	ori	x25,x15,1207	 x15:0x00000000 x25=0x000004b7
     215185.000 ns	     21517	80004ac8	4156dd33	sra	x26,x13,x21	 x13:0x00000000 x21:0xcfccb854 x26=0x00000000
     215195.000 ns	     21518	80004acc	0001dd93	srli	x27,x3,0x0	  x3:0xf5b92000 x27=0xf5b92000
     215215.000 ns	     21520	80004ad0	298b8553	fmin.s	f10,f23,f24	 f23:0xff800000 f24:0x4efc06c0 f10=0xff800000
     215245.000 ns	     21523	80004ad4	036ba2b3	mulhsu	x5,x23,x22	 x23:0x80040fe4 x22:0x323f6a98  x5=0xe6e116d0
     215265.000 ns	     21525	80004ad8	41148633	sub	x12,x9,x17	  x9:0x9b71a28a x17:0x00000000 x12=0x9b71a28a
     215275.000 ns	     21526	80004adc	014d0333	add	x6,x26,x20	 x26:0x00000000 x20:0x4aa33000  x6=0x4aa33000
     215295.000 ns	     21528	80004ae0	a09a98d3	flt.s	x17,f21,f9	 f21:0x4f000410  f9:0x00000000 x17=0x00000000
     215325.000 ns	     21531	80004ae4	02734b33	div	x22,x6,x7	  x6:0x00000001  x7:0x00000000 x22=0xffffffff
     215375.000 ns	     21536	80004ae8	01727253	fadd.s	f4,f4,f23	  f4:0x80000000 f23:0xff800000  f4=0xff800000
     215395.000 ns	     21538	80004aec	0038a2b3	slt	x5,x17,x3	 x17:0x00000000  x3:0xf5b92000  x5=0x00000000
     215755.000 ns	     21574	80004af0	03cec433	div	x8,x29,x28	 x29:0x00000001 x28:0x00000123  x8=0x00000000
     215785.000 ns	     21577	80004af4	02ac2833	mulhsu	x16,x24,x10	 x24:0x00000000 x10:0xf416d286 x16=0x00000000
     215805.000 ns	     21579	80004af8	6c23f417	auipc	x8,0x6c23f	  x8=0xec243af8
     215815.000 ns	     21580	80004afc	01e9cc33	xor	x24,x19,x30	 x19:0x00000001 x30:0x00000010 x24=0x00000011
     215825.000 ns	     21581	80004b00	00d54ab3	xor	x21,x10,x13	 x10:0xf416d286 x13:0x00000000 x21=0xf416d286
     215845.000 ns	     21583	80004b04	29b11753	fmax.s	f14,f2,f27	  f2:0xcf000000 f27:0x4f7fffff f14=0x4f7fffff
     215865.000 ns	     21585	80004b08	00845c33	srl	x24,x8,x8	  x8:0xec243af8  x8:0xec243af8 x24=0x000000ec
     215885.000 ns	     21587	80004b0c	a10c18d3	flt.s	x17,f24,f16	 f24:0x4efc06c0 f16:0x00000000 x17=0x00000000
     215915.000 ns	     21590	80004b10	e0091f53	fclass.s	x30,f18	 f18:0xbfb50482 x30=0x00000002
     215945.000 ns	     21593	80004b14	a0661ad3	flt.s	x21,f12,f6	 f12:0xffc00000  f6:0x80000000 x21=0x00000000
     216315.000 ns	     21630	80004b18	03c3f833	remu	x16,x7,x28	  x7:0x00000000 x28:0x00000123 x16=0x00000000
     216345.000 ns	     21633	80004b1c	21371c53	fsgnjn.s	f24,f14,f19	 f14:0x4f7fffff f19:0x00000000 f24=0xcf7fffff
     216365.000 ns	     21635	80004b20	01d62433	slt	x8,x12,x29	 x12:0x9b71a28a x29:0x00000001  x8=0x00000001
     216385.000 ns	     21637	80004b24	a04d2ed3	feq.s	x29,f26,f4	 f26:0xcec91cbb  f4:0xff800000 x29=0x00000000
     216405.000 ns	     21639	80004b28	00f680b3	add	x1,x13,x15	 x13:0x00000000 x15:0x00000000  x1=0x00000000
     216425.000 ns	     21641	80004b2c	032da7b3	mulhsu	x15,x27,x18	 x27:0xf5b92000 x18:0x80041024 x15=0xfadc663e
     216455.000 ns	     21644	80004b30	a03404d3	fle.s	x9,f8,f3	  f8:0x00000000  f3:0x80000000  x9=0x00000001
     216485.000 ns	     21647	80004b34	28e298d3	fmax.s	f17,f5,f14	  f5:0x7fc00000 f14:0x4f7fffff f17=0x4f7fffff
     216505.000 ns	     21649	80004b38	1eee2797	auipc	x15,0x1eee2	 x15=0x9eee6b38
     216515.000 ns	     21650	80004b3c	93f0a093	slti	x1,x1,-1729	  x1:0x00000000  x1=0x00000000
     216535.000 ns	     21652	80004b40	f0050dd3	fmv.w.x	f27,x10	 x10:0xf416d286 f27=0xf416d286
     216905.000 ns	     21689	80004b44	03c7ed33	rem	x26,x15,x28	 x15:0x9eee6b38 x28:0x00000123 x26=0xffffff1c
     216925.000 ns	     21691	80004b48	00000013	addi	x0,x0,0	  x0:0x00000000
     216935.000 ns	     21692	80004b4c	18940013	addi	x0,x8,393	  x8:0x00000001
     216945.000 ns	     21693	80004b50	d9a9e813	ori	x16,x19,-614	 x19:0x00000001 x16=0xfffffd9b
     216955.000 ns	     21694	80004b54	dd9e6193	ori	x3,x28,-551	 x28:0x00000123  x3=0xfffffdfb
     217315.000 ns	     21730	80004b58	022245b3	div	x11,x4,x2	  x4:0x1b31a28a  x2:0x9b71a080 x11=0x00000000
     217685.000 ns	     21767	80004b5c	0335d233	divu	x4,x11,x19	 x11:0xf71bc6c4 x19:0x00000001  x4=0x00000000
     217705.000 ns	     21769	80004b60	00514a33	xor	x20,x2,x5	  x2:0x9b71a080  x5:0x00000000 x20=0x9b71a080
     217745.000 ns	     21773	80004b64	09ea7bd3	fsub.s	f23,f20,f30	 f20:0x7ffbf01b f30:0x7ffbf01b f23=0x7fc00000
     217765.000 ns	     21775	80004b68	0102e633	or	x12,x5,x16	  x5:0x00000000 x16:0xfffffd9b x12=0xfffffd9b
     217775.000 ns	     21776	80004b6c	02f23593	sltiu	x11,x4,47	  x4:0x00000000 x11=0x00000001
     217795.000 ns	     21778	80004b70	c012c8d3	fcvt.wu.s	x17,f5	  f5:0x7fc00000 x17=0xffffffff
     217815.000 ns	     21780	80004b74	00839113	slli	x2,x7,0x8	  x7:0x00000000  x2=0x00000000
     217835.000 ns	     21782	80004b78	03de3633	mulhu	x12,x28,x29	 x28:0x00000123 x29:0x00000000 x12=0x00000000
     217865.000 ns	     21785	80004b7c	0216ed33	rem	x26,x13,x1	 x13:0x00000000  x1:0x00000000 x26=0x00000000
     217905.000 ns	     21789	80004b80	104d01d3	fmul.s	f3,f26,f4	 f26:0xcec91cbb  f4:0xff800000  f3=0x7f800000
     217935.000 ns	     21792	80004b84	206f11d3	fsgnjn.s	f3,f30,f6	 f30:0x7ffbf01b  f6:0x80000000  f3=0x7ffbf01b
     217955.000 ns	     21794	80004b88	8f03a813	slti	x16,x7,-1808	  x7:0x00000000 x16=0x00000000
     217965.000 ns	     21795	80004b8c	41a358b3	sra	x17,x6,x26	  x6:0x4aa33000 x26:0x00000000 x17=0x4aa33000
     218325.000 ns	     21831	80004b90	039642b3	div	x5,x12,x25	 x12:0x00000000 x25:0x000004b7  x5=0x00000000
     218345.000 ns	     21833	80004b94	d180c493	xori	x9,x1,-744	  x1:0x00000000  x9=0xfffffd18
     218365.000 ns	     21835	80004b98	a1aea553	feq.s	x10,f29,f26	 f29:0xcf000000 f26:0xcec91cbb x10=0x00000000
     218385.000 ns	     21837	80004b9c	00fc9833	sll	x16,x25,x15	 x25:0x000004b7 x15:0x9eee6b38 x16=0xb7000000
     218395.000 ns	     21838	80004ba0	01f85a13	srli	x20,x16,0x1f	 x16:0x00000000 x20=0x00000001
     218405.000 ns	     21839	80004ba4	fc9e4013	xori	x0,x28,-55	 x28:0x00000123
     218415.000 ns	     21840	80004ba8	419e53b3	sra	x7,x28,x25	 x28:0x00000123 x25:0x000004b7  x7=0x00000000
     218435.000 ns	     21842	80004bac	f0038a53	fmv.w.x	f20,x7	  x7:0x00000000 f20=0x00000000
     218465.000 ns	     21845	80004bb0	f0010dd3	fmv.w.x	f27,x2	  x2:0x00000000 f27=0x00000000
     218495.000 ns	     21848	80004bb4	02257133	remu	x2,x10,x2	 x10:0x00000000  x2:0x00000000  x2=0x00000000
     218515.000 ns	     21850	80004bb8	015adb13	srli	x22,x21,0x15	 x21:0x00000000 x22=0x00000000
     218535.000 ns	     21852	80004bbc	21df8453	fsgnj.s	f8,f31,f29	 f31:0x80000000 f29:0xcf000000  f8=0x80000000
     218555.000 ns	     21854	80004bc0	c92f6393	ori	x7,x30,-878	 x30:0x00000002  x7=0xfffffc92
     218575.000 ns	     21856	80004bc4	02240433	mul	x8,x8,x2	  x8:0x00000001  x2:0x00000000  x8=0x00000000
     218595.000 ns	     21858	80004bc8	007fae33	slt	x28,x31,x7	 x31:0xffffffff  x7:0x00000000 x28=0x00000000
     218605.000 ns	     21859	80004bcc	ecf652b7	lui	x5,0xecf65	  x5=0xecf65000
     218615.000 ns	     21860	80004bd0	513bc293	xori	x5,x23,1299	 x23:0x80040fe4  x5=0x80040af7
     218625.000 ns	     21861	80004bd4	0092ad33	slt	x26,x5,x9	  x5:0x00000000  x9:0xfffffd18 x26=0x00000001
     218645.000 ns	     21863	80004bd8	e0090653	fmv.x.w	x12,f18	 f18:0xbfb50482 x12=0xbfb50482
     218665.000 ns	     21865	80004bdc	000807b3	add	x15,x16,x0	 x16:0xb7000000  x0:0x00000000 x15=0xb7000000
     218675.000 ns	     21866	80004be0	01b85233	srl	x4,x16,x27	 x16:0xb7000000 x27:0xf5b92000  x4=0xb7000000
     218695.000 ns	     21868	80004be4	e00f8cd3	fmv.x.w	x25,f31	 f31:0x80000000 x25=0x80000000
     218725.000 ns	     21871	80004be8	f00f0953	fmv.w.x	f18,x30	 x30:0x00000002 f18=0x00000002
     218745.000 ns	     21873	80004bec	55c54c13	xori	x24,x10,1372	 x10:0x00000000 x24=0x0000055c
     218765.000 ns	     21875	80004bf0	03778233	mul	x4,x15,x23	 x15:0xb7000000 x23:0x80040fe4  x4=0xfc000000
     218795.000 ns	     21878	80004bf4	d01b75d3	fcvt.s.wu	f11,x22	 x22:0x00000000 f11=0x00000000
     218825.000 ns	     21881	80004bf8	036fe6b3	rem	x13,x31,x22	 x31:0xffffffff x22:0x00000000 x13=0xffffffff
     218845.000 ns	     21883	80004bfc	0135a033	slt	x0,x11,x19	 x11:0x00000001 x19:0x00000001
     218855.000 ns	     21884	80004c00	0192edb3	or	x27,x5,x25	  x5:0x80040af7 x25:0x80000000 x27=0x80040af7
     218875.000 ns	     21886	80004c04	214306d3	fsgnj.s	f13,f6,f20	  f6:0x80000000 f20:0x00000000 f13=0x00000000
     218895.000 ns	     21888	80004c08	0138a433	slt	x8,x17,x19	 x17:0x4aa33000 x19:0x00000001  x8=0x00000000
     218905.000 ns	     21889	80004c0c	4136a237	lui	x4,0x4136a	  x4=0x4136a000
     218945.000 ns	     21893	80004c10	08fdf453	fsub.s	f8,f27,f15	 f27:0x00000000 f15:0x80000000  f8=0x00000000
     218965.000 ns	     21895	80004c14	00961013	slli	x0,x12,0x9	 x12:0xbfb50482
     219005.000 ns	     21899	80004c18	015c8453	fadd.s	f8,f25,f21	 f25:0x00000000 f21:0x4f000410  f8=0x4f000410
     219025.000 ns	     21901	80004c1c	f62d0493	addi	x9,x26,-158	 x26:0x00000001  x9=0xffffff63
     219045.000 ns	     21903	80004c20	a0151453	flt.s	x8,f10,f1	 f10:0xff800000  f1:0x4f7fffff  x8=0x00000001
     219075.000 ns	     21906	80004c24	d00b7953	fcvt.s.w	f18,x22	 x22:0x00000000 f18=0x00000000
     219095.000 ns	     21908	80004c28	00000013	addi	x0,x0,0	  x0:0x00000000
     219105.000 ns	     21909	80004c2c	70ef7c13	andi	x24,x30,1806	 x30:0x00000002 x24=0x00000002
     219115.000 ns	     21910	80004c30	51d88e93	addi	x29,x17,1309	 x17:0x4aa33000 x29=0x4aa3351d
     219135.000 ns	     21912	80004c34	c0129ed3	fcvt.wu.s	x29,f5	  f5:0x7fc00000 x29=0xffffffff
     219505.000 ns	     21949	80004c38	028f50b3	divu	x1,x30,x8	 x30:0x00000002  x8:0x00000001  x1=0x00000002
     219535.000 ns	     21952	80004c3c	02a649b3	div	x19,x12,x10	 x12:0xbfb50482 x10:0x00000000 x19=0xffffffff
     219565.000 ns	     21955	80004c40	f00585d3	fmv.w.x	f11,x11	 x11:0x00000001 f11=0x00000001
     219935.000 ns	     21992	80004c44	03ecdeb3	divu	x29,x25,x30	 x25:0x80000000 x30:0x00000002 x29=0x40000000
     219965.000 ns	     21995	80004c48	2131a653	fsgnjx.s	f12,f3,f19	  f3:0x7ffbf01b f19:0x00000000 f12=0x7ffbf01b
     219985.000 ns	     21997	80004c4c	00a45533	srl	x10,x8,x10	  x8:0x00000001 x10:0x00000000 x10=0x00000001
     219995.000 ns	     21998	80004c50	014db833	sltu	x16,x27,x20	 x27:0x80040af7 x20:0x00000001 x16=0x00000000
     220015.000 ns	     22000	80004c54	0251a033	mulhsu	x0,x3,x5	  x3:0xfffffdfb  x5:0x80040af7
     220035.000 ns	     22002	80004c58	41aade93	srai	x29,x21,0x1a	 x21:0x00000000 x29=0x00000000
     220055.000 ns	     22004	80004c5c	027438b3	mulhu	x17,x8,x7	  x8:0x00000001  x7:0xfffffc92 x17=0x00000000
     220075.000 ns	     22006	80004c60	b6c3c213	xori	x4,x7,-1172	  x7:0xfffffc92  x4=0x000007fe
     220095.000 ns	     22008	80004c64	02393f33	mulhu	x30,x18,x3	 x18:0x80041024  x3:0xfffffdfb x30=0x80040f21
     220125.000 ns	     22011	80004c68	a07e1f53	flt.s	x30,f28,f7	 f28:0x4f000410  f7:0x7fc00000 x30=0x00000000
     220145.000 ns	     22013	80004c6c	010b5e33	srl	x28,x22,x16	 x22:0x00000000 x16:0x00000000 x28=0x00000000
     220165.000 ns	     22015	80004c70	28668053	fmin.s	f0,f13,f6	 f13:0x00000000  f6:0x80000000  f0=0x80000000
     220535.000 ns	     22052	80004c74	034ec533	div	x10,x29,x20	 x29:0x00000000 x20:0x00000001 x10=0x00000000
     220555.000 ns	     22054	80004c78	35eea513	slti	x10,x29,862	 x29:0x00000000 x10=0x00000001
     220575.000 ns	     22056	80004c7c	020062b3	rem	x5,x0,x0	  x0:0x00000000  x0:0x00000000  x5=0x00000000
     220595.000 ns	     22058	80004c80	01515e33	srl	x28,x2,x21	  x2:0x00000000 x21:0x00000000 x28=0x00000000
     220615.000 ns	     22060	80004c84	281d91d3	fmax.s	f3,f27,f1	 f27:0x00000000  f1:0x4f7fffff  f3=0x4f7fffff
     220635.000 ns	     22062	80004c88	af9ef513	andi	x10,x29,-1287	 x29:0x00000000 x10=0x00000000
     220645.000 ns	     22063	80004c8c	007871b3	and	x3,x16,x7	 x16:0x00000000  x7:0xfffffc92  x3=0x00000000
     220655.000 ns	     22064	80004c90	4b097513	andi	x10,x18,1200	 x18:0x80041024 x10=0x00000020
     220675.000 ns	     22066	80004c94	a170a053	feq.s	x0,f1,f23	  f1:0x4f7fffff f23:0x7fc00000
     220715.000 ns	     22070	80004c98	58054b53	fsqrt.s	f22,f10	 f10:0xff800000 f22=0x7fc00000
     220735.000 ns	     22072	80004c9c	40b80db3	sub	x27,x16,x11	 x16:0x00000000 x11:0x00000001 x27=0xffffffff
     220755.000 ns	     22074	80004ca0	0200f3b3	remu	x7,x1,x0	  x1:0x00000002  x0:0x00000000  x7=0x00000002
     220775.000 ns	     22076	80004ca4	b9a4a813	slti	x16,x9,-1126	  x9:0xffffff63 x16=0x00000000
     220795.000 ns	     22078	80004ca8	c00bf3d3	fcvt.w.s	x7,f23	 f23:0x7fc00000  x7=0x7fffffff
     220815.000 ns	     22080	80004cac	40f00f33	sub	x30,x0,x15	  x0:0x00000000 x15:0xb7000000 x30=0x49000000
     220825.000 ns	     22081	80004cb0	01189c13	slli	x24,x17,0x11	 x17:0x00000000 x24=0x00000000
     220835.000 ns	     22082	80004cb4	004b5a93	srli	x21,x22,0x4	 x22:0x00000000 x21=0x00000000
     220855.000 ns	     22084	80004cb8	02e9aeb3	mulhsu	x29,x19,x14	 x19:0xffffffff x14:0x80000000 x29=0xffffffff
     220875.000 ns	     22086	80004cbc	00719413	slli	x8,x3,0x7	  x3:0x00000000  x8=0x00000000
     220885.000 ns	     22087	80004cc0	0113ed33	or	x26,x7,x17	  x7:0x7fffffff x17:0x00000000 x26=0x7fffffff
     220895.000 ns	     22088	80004cc4	008e9ab3	sll	x21,x29,x8	 x29:0xffffffff  x8:0x00000001 x21=0xffffffff
     220905.000 ns	     22089	80004cc8	003d1f93	slli	x31,x26,0x3	 x26:0x00000001 x31=0xfffffff8
     220915.000 ns	     22090	80004ccc	078f4f17	auipc	x30,0x78f4	 x30=0x878f8ccc
     220925.000 ns	     22091	80004cd0	cfdc6d13	ori	x26,x24,-771	 x24:0x00000000 x26=0xfffffcfd
     220935.000 ns	     22092	80004cd4	f1014f93	xori	x31,x2,-240	  x2:0x00000000 x31=0xffffff10
     220955.000 ns	     22094	80004cd8	025e08b3	mul	x17,x28,x5	 x28:0x00000000  x5:0x00000000 x17=0x00000000
     220985.000 ns	     22097	80004cdc	d00306d3	fcvt.s.w	f13,x6	  x6:0x4aa33000 f13=0x4e954660
     221005.000 ns	     22099	80004ce0	0063c4b3	xor	x9,x7,x6	  x7:0x7fffffff  x6:0x4aa33000  x9=0x355ccfff
     221045.000 ns	     22103	80004ce4	097b7ad3	fsub.s	f21,f22,f23	 f22:0x7fc00000 f23:0x7fc00000 f21=0x7fc00000
     221415.000 ns	     22140	80004ce8	02a5db33	divu	x22,x11,x10	 x11:0x00000001 x10:0x00000020 x22=0x00000000
     221445.000 ns	     22143	80004cec	d00c4bd3	fcvt.s.w	f23,x24	 x24:0x00000000 f23=0x00000000
     221475.000 ns	     22146	80004cf0	a0709dd3	flt.s	x27,f1,f7	  f1:0x4f7fffff  f7:0x7fc00000 x27=0x00000000
     221505.000 ns	     22149	80004cf4	a1c6a553	feq.s	x10,f13,f28	 f13:0x4e954660 f28:0x4f000410 x10=0x00000000
     221545.000 ns	     22153	80004cf8	580278d3	fsqrt.s	f17,f4	  f4:0xff800000 f17=0x7fc00000
     221565.000 ns	     22155	80004cfc	160a7793	andi	x15,x20,352	 x20:0x00000001 x15=0x00000000
     221585.000 ns	     22157	80004d00	03553433	mulhu	x8,x10,x21	 x10:0x00000000 x21:0xffffffff  x8=0x00000000
     221615.000 ns	     22160	80004d04	02e88a33	mul	x20,x17,x14	 x17:0x00000000 x14:0x80000000 x20=0x00000000
     221645.000 ns	     22163	80004d08	038b2db3	mulhsu	x27,x22,x24	 x22:0x00000000 x24:0x00000000 x27=0x00000000
     221665.000 ns	     22165	80004d0c	00021513	slli	x10,x4,0x0	  x4:0x000007fe x10=0x000007fe
     221685.000 ns	     22167	80004d10	28c71253	fmax.s	f4,f14,f12	 f14:0x4f7fffff f12:0x7ffbf01b  f4=0x4f7fffff
     221715.000 ns	     22170	80004d14	e0018ed3	fmv.x.w	x29,f3	  f3:0x4f7fffff x29=0x4f7fffff
     221735.000 ns	     22172	80004d18	0113c8b3	xor	x17,x7,x17	  x7:0x7fffffff x17:0x00000000 x17=0x7fffffff
     221745.000 ns	     22173	80004d1c	ce3e0113	addi	x2,x28,-797	 x28:0x00000000  x2=0xfffffce3
     221755.000 ns	     22174	80004d20	0082ceb3	xor	x29,x5,x8	  x5:0x00000000  x8:0x00000000 x29=0x00000000
     221765.000 ns	     22175	80004d24	f22e3193	sltiu	x3,x28,-222	 x28:0x00000000  x3=0x00000001
     221775.000 ns	     22176	80004d28	01ee9413	slli	x8,x29,0x1e	 x29:0x4f7fffff  x8=0x00000000
     221785.000 ns	     22177	80004d2c	01949293	slli	x5,x9,0x19	  x9:0x355ccfff  x5=0xfe000000
     221795.000 ns	     22178	80004d30	41db8333	sub	x6,x23,x29	 x23:0x80040fe4 x29:0x00000000  x6=0x80040fe4
     221805.000 ns	     22179	80004d34	01f15893	srli	x17,x2,0x1f	  x2:0xfffffce3 x17=0x00000001
     221815.000 ns	     22180	80004d38	fb5c6813	ori	x16,x24,-75	 x24:0x00000000 x16=0xffffffb5
     221835.000 ns	     22182	80004d3c	205e0d53	fsgnj.s	f26,f28,f5	 f28:0x4f000410  f5:0x7fc00000 f26=0x4f000410
     221865.000 ns	     22185	80004d40	d00cfbd3	fcvt.s.w	f23,x25	 x25:0x80000000 f23=0xcf000000
     221895.000 ns	     22188	80004d44	030397b3	mulh	x15,x7,x16	  x7:0x7fffffff x16:0xffffffb5 x15=0xffffffda
     221915.000 ns	     22190	80004d48	01c01533	sll	x10,x0,x28	  x0:0x00000000 x28:0x00000000 x10=0x00000000
     221925.000 ns	     22191	80004d4c	006690b3	sll	x1,x13,x6	 x13:0xffffffff  x6:0x80040fe4  x1=0xfffffff0
     221935.000 ns	     22192	80004d50	012fa1b3	slt	x3,x31,x18	 x31:0xffffff10 x18:0x80041024  x3=0x00000000
     222295.000 ns	     22228	80004d54	030b7e33	remu	x28,x22,x16	 x22:0x00000000 x16:0xffffffb5 x28=0x00000000
     222315.000 ns	     22230	80004d58	c86a4e13	xori	x28,x20,-890	 x20:0x00000000 x28=0xfffffc86
     222325.000 ns	     22231	80004d5c	4443ee13	ori	x28,x7,1092	  x7:0x7fffffff x28=0x7fffffff
     222345.000 ns	     22233	80004d60	f0010b53	fmv.w.x	f22,x2	  x2:0xfffffce3 f22=0xfffffce3
     222365.000 ns	     22235	80004d64	014c5f13	srli	x30,x24,0x14	 x24:0x00000000 x30=0x00000000
     222385.000 ns	     22237	80004d68	e00b86d3	fmv.x.w	x13,f23	 f23:0xcf000000 x13=0xcf000000
     222405.000 ns	     22239	80004d6c	01ca3533	sltu	x10,x20,x28	 x20:0x00000000 x28:0x7fffffff x10=0x00000001
     222415.000 ns	     22240	80004d70	40595b33	sra	x22,x18,x5	 x18:0x80041024  x5:0xfe000000 x22=0x80041024
     222775.000 ns	     22276	80004d74	02256433	rem	x8,x10,x2	 x10:0x00000000  x2:0xfffffce3  x8=0x00000001
     223145.000 ns	     22313	80004d78	028afc33	remu	x24,x21,x8	 x21:0xffffffff  x8:0x00000000 x24=0x00000000
     223165.000 ns	     22315	80004d7c	019e9f13	slli	x30,x29,0x19	 x29:0x00000000 x30=0x00000000
     223525.000 ns	     22351	80004d80	02667eb3	remu	x29,x12,x6	 x12:0xbfb50482  x6:0x80040fe4 x29=0x3fb0f49e
     223555.000 ns	     22354	80004d84	a02b8653	fle.s	x12,f23,f2	 f23:0xcf000000  f2:0xcf000000 x12=0x00000001
     223605.000 ns	     22359	80004d88	0065f453	fadd.s	f8,f11,f6	 f11:0x00000001  f6:0x80000000  f8=0x00000001
     223625.000 ns	     22361	80004d8c	cb639117	auipc	x2,0xcb639	  x2=0x4b63dd8c
     223635.000 ns	     22362	80004d90	00effa33	and	x20,x31,x14	 x31:0xffffff10 x14:0x80000000 x20=0x80000000
     223645.000 ns	     22363	80004d94	01a07e33	and	x28,x0,x26	  x0:0x00000000 x26:0xfffffcfd x28=0x00000000
     223665.000 ns	     22365	80004d98	28308553	fmin.s	f10,f1,f3	  f1:0x4f7fffff  f3:0x4f7fffff f10=0x4f7fffff
     223685.000 ns	     22367	80004d9c	415a8c33	sub	x24,x21,x21	 x21:0xffffffff x21:0xffffffff x24=0x00000000
     223695.000 ns	     22368	80004da0	00000013	addi	x0,x0,0	  x0:0x00000000
     223715.000 ns	     22370	80004da4	02c08f33	mul	x30,x1,x12	  x1:0xfffffff0 x12:0x00000001 x30=0xfffffff0
     224085.000 ns	     22407	80004da8	02b1db33	divu	x22,x3,x11	  x3:0x00000000 x11:0x00000001 x22=0x00000000
     224115.000 ns	     22410	80004dac	a0ab10d3	flt.s	x1,f22,f10	 f22:0xfffffce3 f10:0x4f7fffff  x1=0x00000000
     224135.000 ns	     22412	80004db0	00451833	sll	x16,x10,x4	 x10:0x00000001  x4:0x000007fe x16=0x40000000
     224155.000 ns	     22414	80004db4	c0037853	fcvt.w.s	x16,f6	  f6:0x80000000 x16=0x00000000
     224175.000 ns	     22416	80004db8	00000013	addi	x0,x0,0	  x0:0x00000000
     224195.000 ns	     22418	80004dbc	d0104cd3	fcvt.s.wu	f25,x0	  x0:0x00000000 f25=0x00000000
     224225.000 ns	     22421	80004dc0	02882433	mulhsu	x8,x16,x8	 x16:0x00000000  x8:0x00000001  x8=0x00000000
     224245.000 ns	     22423	80004dc4	5317f393	andi	x7,x15,1329	 x15:0xffffffda  x7=0x00000510
     224255.000 ns	     22424	80004dc8	84cf0313	addi	x6,x30,-1972	 x30:0xfffffff0  x6=0xfffff83c
     224615.000 ns	     22460	80004dcc	02f2edb3	rem	x27,x5,x15	  x5:0xfe000000 x15:0xffffffda x27=0xfffffff2
     224645.000 ns	     22463	80004dd0	a00498d3	flt.s	x17,f9,f0	  f9:0x00000000  f0:0x80000000 x17=0x00000000
     224665.000 ns	     22465	80004dd4	0028fc33	and	x24,x17,x2	 x17:0x00000001  x2:0x4b63dd8c x24=0x00000000
     224685.000 ns	     22467	80004dd8	21608fd3	fsgnj.s	f31,f1,f22	  f1:0x4f7fffff f22:0xfffffce3 f31=0xcf7fffff
     224705.000 ns	     22469	80004ddc	012071b3	and	x3,x0,x18	  x0:0x00000000 x18:0x80041024  x3=0x00000000
     224715.000 ns	     22470	80004de0	01238d33	add	x26,x7,x18	  x7:0x00000510 x18:0x80041024 x26=0x80041534
     224725.000 ns	     22471	80004de4	014a8b33	add	x22,x21,x20	 x21:0xffffffff x20:0x80000000 x22=0x7fffffff
     224745.000 ns	     22473	80004de8	c00a95d3	fcvt.w.s	x11,f21	 f21:0x7fc00000 x11=0x7fffffff
     224775.000 ns	     22476	80004dec	2195aed3	fsgnjx.s	f29,f11,f25	 f11:0x00000001 f25:0x00000000 f29=0x00000001
     224805.000 ns	     22479	80004df0	c003c1d3	fcvt.w.s	x3,f7	  f7:0x7fc00000  x3=0x7fffffff
     224835.000 ns	     22482	80004df4	29240953	fmin.s	f18,f8,f18	  f8:0x00000001 f18:0x00000000 f18=0x00000000
     224855.000 ns	     22484	80004df8	f6703a13	sltiu	x20,x0,-153	  x0:0x00000000 x20=0x00000001
     224865.000 ns	     22485	80004dfc	000515b3	sll	x11,x10,x0	 x10:0x00000001  x0:0x00000000 x11=0x00000001
     224885.000 ns	     22487	80004e00	21a79553	fsgnjn.s	f10,f15,f26	 f15:0x80000000 f26:0x4f000410 f10=0x80000000
     224905.000 ns	     22489	80004e04	4142d993	srai	x19,x5,0x14	  x5:0xfe000000 x19=0xffffffe0
     224925.000 ns	     22491	80004e08	0215a133	mulhsu	x2,x11,x1	 x11:0x00000001  x1:0x00000000  x2=0x00000000
     224955.000 ns	     22494	80004e0c	e00b96d3	fclass.s	x13,f23	 f23:0xcf000000 x13=0x00000002
     224975.000 ns	     22496	80004e10	00000013	addi	x0,x0,0	  x0:0x00000000
     224995.000 ns	     22498	80004e14	21820a53	fsgnj.s	f20,f4,f24	  f4:0x4f7fffff f24:0xcf7fffff f20=0xcf7fffff
     225025.000 ns	     22501	80004e18	c00832d3	fcvt.w.s	x5,f16	 f16:0x00000000  x5=0x00000000
     226205.000 ns	     22619	80004e1c	580d45d3	fsqrt.s	f11,f26	 f26:0x4f000410 f11=0x46b50a40
     226235.000 ns	     22622	80004e20	c0167cd3	fcvt.wu.s	x25,f12	 f12:0x7ffbf01b x25=0xffffffff
     226255.000 ns	     22624	80004e24	000e37b3	sltu	x15,x28,x0	 x28:0x00000000  x0:0x00000000 x15=0x00000000
     226265.000 ns	     22625	80004e28	4064d2b3	sra	x5,x9,x6	  x9:0x355ccfff  x6:0xfffff83c  x5=0x00000003
     226285.000 ns	     22627	80004e2c	286a80d3	fmin.s	f1,f21,f6	 f21:0x7fc00000  f6:0x80000000  f1=0x80000000
     226305.000 ns	     22629	80004e30	43ff0293	addi	x5,x30,1087	 x30:0xfffffff0  x5=0x0000042f
     226325.000 ns	     22631	80004e34	20820353	fsgnj.s	f6,f4,f8	  f4:0x4f7fffff  f8:0x00000001  f6=0x4f7fffff
     226345.000 ns	     22633	80004e38	01bcfab3	and	x21,x25,x27	 x25:0xffffffff x27:0xfffffff2 x21=0xfffffff2
     226365.000 ns	     22635	80004e3c	21270253	fsgnj.s	f4,f14,f18	 f14:0x4f7fffff f18:0x00000000  f4=0x4f7fffff
     226735.000 ns	     22672	80004e40	02314833	div	x16,x2,x3	  x2:0x00000000  x3:0x7fffffff x16=0x00000000
     226755.000 ns	     22674	80004e44	3a46a2b7	lui	x5,0x3a46a	  x5=0x3a46a000
     226775.000 ns	     22676	80004e48	a1680b53	fle.s	x22,f16,f22	 f16:0x00000000 f22:0xfffffce3 x22=0x00000000
     226795.000 ns	     22678	80004e4c	a8b82a13	slti	x20,x16,-1397	 x16:0x00000000 x20=0x00000000
     226815.000 ns	     22680	80004e50	c014f7d3	fcvt.wu.s	x15,f9	  f9:0x00000000 x15=0x00000000
     226835.000 ns	     22682	80004e54	b7b3e993	ori	x19,x7,-1157	  x7:0x00000510 x19=0xffffff7b
     226855.000 ns	     22684	80004e58	a0fe23d3	feq.s	x7,f28,f15	 f28:0x4f000410 f15:0x80000000  x7=0x00000000
     226885.000 ns	     22687	80004e5c	a04b99d3	flt.s	x19,f23,f4	 f23:0xcf000000  f4:0x4f7fffff x19=0x00000001
     226905.000 ns	     22689	80004e60	01a205b3	add	x11,x4,x26	  x4:0x000007fe x26:0x80041534 x11=0x80041d32
     226925.000 ns	     22691	80004e64	a1ed1b53	flt.s	x22,f26,f30	 f26:0x4f000410 f30:0x7ffbf01b x22=0x00000000
     226945.000 ns	     22693	80004e68	0137d1b3	srl	x3,x15,x19	 x15:0x00000000 x19:0x00000001  x3=0x00000000
     226955.000 ns	     22694	80004e6c	2e817437	lui	x8,0x2e817	  x8=0x2e817000
     227285.000 ns	     22727	80004e70	188d7fd3	fdiv.s	f31,f26,f8	 f26:0x4f000410  f8:0x00000001 f31=0x7f800000
     227305.000 ns	     22729	80004e74	016d86b3	add	x13,x27,x22	 x27:0xfffffff2 x22:0x00000000 x13=0xfffffff2
     227315.000 ns	     22730	80004e78	40698433	sub	x8,x19,x6	 x19:0x00000001  x6:0xfffff83c  x8=0x000007c5
     227335.000 ns	     22732	80004e7c	292995d3	fmax.s	f11,f19,f18	 f19:0x00000000 f18:0x00000000 f11=0x00000000
     227355.000 ns	     22734	80004e80	6f5b7f93	andi	x31,x22,1781	 x22:0x00000000 x31=0x00000000
     227395.000 ns	     22738	80004e84	00d1f953	fadd.s	f18,f3,f13	  f3:0x4f7fffff f13:0x4e954660 f18=0x4fa55197
     227425.000 ns	     22741	80004e88	d013c153	fcvt.s.wu	f2,x7	  x7:0x00000000  f2=0x00000000
     227795.000 ns	     22778	80004e8c	02e2f1b3	remu	x3,x5,x14	  x5:0x3a46a000 x14:0x80000000  x3=0x3a46a000
     227835.000 ns	     22782	80004e90	58051053	fsqrt.s	f0,f10	 f10:0x80000000  f0=0x80000000
     227855.000 ns	     22784	80004e94	ac750193	addi	x3,x10,-1337	 x10:0x00000001  x3=0xfffffac8
     227865.000 ns	     22785	80004e98	49f3f493	andi	x9,x7,1183	  x7:0x00000000  x9=0x00000000
     227885.000 ns	     22787	80004e9c	210414d3	fsgnjn.s	f9,f8,f16	  f8:0x00000001 f16:0x00000000  f9=0x80000001
     227915.000 ns	     22790	80004ea0	21808853	fsgnj.s	f16,f1,f24	  f1:0x80000000 f24:0xcf7fffff f16=0x80000000
     227955.000 ns	     22794	80004ea4	196cfb53	fdiv.s	f22,f25,f22	 f25:0x00000000 f22:0xfffffce3 f22=0x7fc00000
     227975.000 ns	     22796	80004ea8	404882b3	sub	x5,x17,x4	 x17:0x00000000  x4:0x000007fe  x5=0xfffff802
     227985.000 ns	     22797	80004eac	8f734513	xori	x10,x6,-1801	  x6:0xfffff83c x10=0x000000cb
     228345.000 ns	     22833	80004eb0	03ba7ab3	remu	x21,x20,x27	 x20:0x00000000 x27:0xfffffff2 x21=0x00000000
     228365.000 ns	     22835	80004eb4	0111d3b3	srl	x7,x3,x17	  x3:0xfffffac8 x17:0x00000000  x7=0xfffffac8
     228385.000 ns	     22837	80004eb8	a0d497d3	flt.s	x15,f9,f13	  f9:0x80000001 f13:0x4e954660 x15=0x00000001
     228415.000 ns	     22840	80004ebc	03c00033	mul	x0,x0,x28	  x0:0x00000000 x28:0x00000000
     228445.000 ns	     22843	80004ec0	a02887d3	fle.s	x15,f17,f2	 f17:0x7fc00000  f2:0x00000000 x15=0x00000000
     228475.000 ns	     22846	80004ec4	d0187653	fcvt.s.wu	f12,x16	 x16:0x00000000 f12=0x00000000
     228525.000 ns	     22851	80004ec8	00d27253	fadd.s	f4,f4,f13	  f4:0x4f7fffff f13:0x4e954660  f4=0x4fa55197
     228545.000 ns	     22853	80004ecc	b3a64813	xori	x16,x12,-1222	 x12:0x00000001 x16=0xfffffb3b
     228555.000 ns	     22854	80004ed0	00f03f33	sltu	x30,x0,x15	  x0:0x00000000 x15:0x00000000 x30=0x00000000
     228575.000 ns	     22856	80004ed4	20b70bd3	fsgnj.s	f23,f14,f11	 f14:0x4f7fffff f11:0x00000000 f23=0x4f7fffff
     228595.000 ns	     22858	80004ed8	01c3dab3	srl	x21,x7,x28	  x7:0xfffffac8 x28:0x00000000 x21=0xfffffac8
     228615.000 ns	     22860	80004edc	29710353	fmin.s	f6,f2,f23	  f2:0x00000000 f23:0x4f7fffff  f6=0x00000000
     228645.000 ns	     22863	80004ee0	a05fa8d3	feq.s	x17,f31,f5	 f31:0x7f800000  f5:0x7fc00000 x17=0x00000000
     228665.000 ns	     22865	80004ee4	011b5b13	srli	x22,x22,0x11	 x22:0x00000000 x22=0x00000000
     228675.000 ns	     22866	80004ee8	9d40f293	andi	x5,x1,-1580	  x1:0x00000000  x5=0x00000000
     228685.000 ns	     22867	80004eec	1973c813	xori	x16,x7,407	  x7:0xfffffac8 x16=0xfffffb5f
     228695.000 ns	     22868	80004ef0	407fdb33	sra	x22,x31,x7	 x31:0x00000000  x7:0xfffffac8 x22=0x00000000
     228705.000 ns	     22869	80004ef4	008f5d93	srli	x27,x30,0x8	 x30:0x00000000 x27=0x00000000
     228715.000 ns	     22870	80004ef8	01c1cb33	xor	x22,x3,x28	  x3:0xfffffac8 x28:0x00000000 x22=0xfffffac8
     228725.000 ns	     22871	80004efc	01d7d333	srl	x6,x15,x29	 x15:0x00000000 x29:0x3fb0f49e  x6=0x00000000
     228735.000 ns	     22872	80004f00	400055b3	sra	x11,x0,x0	  x0:0x00000000  x0:0x00000000 x11=0x00000000
     229095.000 ns	     22908	80004f04	03d2df33	divu	x30,x5,x29	  x5:0x00000000 x29:0x3fb0f49e x30=0x00000000
     229115.000 ns	     22910	80004f08	4097da33	sra	x20,x15,x9	 x15:0x00000000  x9:0x00000000 x20=0x00000000
     229155.000 ns	     22914	80004f0c	083b72d3	fsub.s	f5,f22,f3	 f22:0x7fc00000  f3:0x4f7fffff  f5=0x7fc00000
     229185.000 ns	     22917	80004f10	217d2753	fsgnjx.s	f14,f26,f23	 f26:0x4f000410 f23:0x4f7fffff f14=0x4f000410
     229215.000 ns	     22920	80004f14	025a17b3	mulh	x15,x20,x5	 x20:0x00000000  x5:0x00000000 x15=0x00000000
     229235.000 ns	     22922	80004f18	2ac298b7	lui	x17,0x2ac29	 x17=0x2ac29000
     229245.000 ns	     22923	80004f1c	00ff8033	add	x0,x31,x15	 x31:0x00000000 x15:0x00000000
     229255.000 ns	     22924	80004f20	cf860493	addi	x9,x12,-776	 x12:0x00000001  x9=0xfffffcf9
     229265.000 ns	     22925	80004f24	00855333	srl	x6,x10,x8	 x10:0x000000cb  x8:0x000007c5  x6=0x00000006
     229275.000 ns	     22926	80004f28	404d5c33	sra	x24,x26,x4	 x26:0x80041534  x4:0x000007fe x24=0xfffffffe
     229285.000 ns	     22927	80004f2c	01d61333	sll	x6,x12,x29	 x12:0x00000001 x29:0x3fb0f49e  x6=0x40000000
     229295.000 ns	     22928	80004f30	01d75b33	srl	x22,x14,x29	 x14:0x80000000 x29:0x3fb0f49e x22=0x00000002
     229305.000 ns	     22929	80004f34	005d7333	and	x6,x26,x5	 x26:0x80041534  x5:0x00000000  x6=0x00000000
     229325.000 ns	     22931	80004f38	c0047553	fcvt.w.s	x10,f8	  f8:0x00000001 x10=0x00000000
     229345.000 ns	     22933	80004f3c	ed096693	ori	x13,x18,-304	 x18:0x80041024 x13=0xfffffef4
     229385.000 ns	     22937	80004f40	00facad3	fadd.s	f21,f21,f15	 f21:0x7fc00000 f15:0x80000000 f21=0x7fc00000
     229435.000 ns	     22942	80004f44	00ad7fd3	fadd.s	f31,f26,f10	 f26:0x4f000410 f10:0x80000000 f31=0x4f000410
     229455.000 ns	     22944	80004f48	2bee2c93	slti	x25,x28,702	 x28:0x00000000 x25=0x00000001
     229485.000 ns	     22947	80004f4c	580c99d3	fsqrt.s	f19,f25	 f25:0x00000000 f19=0x00000000
     229515.000 ns	     22950	80004f50	02ef8133	mul	x2,x31,x14	 x31:0x00000000 x14:0x80000000  x2=0x00000000
     229535.000 ns	     22952	80004f54	6c472093	slti	x1,x14,1732	 x14:0x80000000  x1=0x00000001
     229865.000 ns	     22985	80004f58	19c77cd3	fdiv.s	f25,f14,f28	 f14:0x4f000410 f28:0x4f000410 f25=0x3f000410
     229885.000 ns	     22987	80004f5c	01afbfb3	sltu	x31,x31,x26	 x31:0x00000000 x26:0x80041534 x31=0x00000001
     229895.000 ns	     22988	80004f60	53703513	sltiu	x10,x0,1335	  x0:0x00000000 x10=0x00000001
     229905.000 ns	     22989	80004f64	3fcebc93	sltiu	x25,x29,1020	 x29:0x3fb0f49e x25=0x00000000
     229915.000 ns	     22990	80004f68	010f94b3	sll	x9,x31,x16	 x31:0x00000001 x16:0xfffffb5f  x9=0x80000000
     229925.000 ns	     22991	80004f6c	016aff33	and	x30,x21,x22	 x21:0xfffffac8 x22:0x00000002 x30=0x00000000
     229935.000 ns	     22992	80004f70	01f4df93	srli	x31,x9,0x1f	  x9:0xfffffcf9 x31=0x00000001
     229945.000 ns	     22993	80004f74	302bc493	xori	x9,x23,770	 x23:0x80040fe4  x9=0x80040ce6
     229965.000 ns	     22995	80004f78	2081af53	fsgnjx.s	f30,f3,f8	  f3:0x4f7fffff  f8:0x00000001 f30=0x4f7fffff
     229995.000 ns	     22998	80004f7c	e00f8253	fmv.x.w	x4,f31	 f31:0x4f000410  x4=0x4f000410
     230025.000 ns	     23001	80004f80	e00e0453	fmv.x.w	x8,f28	 f28:0x4f000410  x8=0x4f000410
     230055.000 ns	     23004	80004f84	02d414b3	mulh	x9,x8,x13	  x8:0x000007c5 x13:0xfffffef4  x9=0xffffffad
     230075.000 ns	     23006	80004f88	73303a13	sltiu	x20,x0,1843	  x0:0x00000000 x20=0x00000001
     230095.000 ns	     23008	80004f8c	d01272d3	fcvt.s.wu	f5,x4	  x4:0x4f000410  f5=0x4e9e0008
     230125.000 ns	     23011	80004f90	e00a0453	fmv.x.w	x8,f20	 f20:0xcf7fffff  x8=0xcf7fffff
     230145.000 ns	     23013	80004f94	00d0b4b3	sltu	x9,x1,x13	  x1:0x00000001 x13:0xfffffef4  x9=0x00000001
     230155.000 ns	     23014	80004f98	002007b3	add	x15,x0,x2	  x0:0x00000000  x2:0x00000000 x15=0x00000000
     230175.000 ns	     23016	80004f9c	02a01133	mulh	x2,x0,x10	  x0:0x00000000 x10:0x00000001  x2=0x00000000
     230195.000 ns	     23018	80004fa0	419f86b3	sub	x13,x31,x25	 x31:0x00000001 x25:0x00000000 x13=0x00000001
     230205.000 ns	     23019	80004fa4	0032d7b3	srl	x15,x5,x3	  x5:0x00000000  x3:0xfffffac8 x15=0x00000000
     230225.000 ns	     23021	80004fa8	29b70353	fmin.s	f6,f14,f27	 f14:0x4f000410 f27:0x00000000  f6=0x00000000
     230245.000 ns	     23023	80004fac	d62fd5b7	lui	x11,0xd62fd	 x11=0xd62fd000
     230255.000 ns	     23024	80004fb0	6b874413	xori	x8,x14,1720	 x14:0x80000000  x8=0x800006b8
     230275.000 ns	     23026	80004fb4	d00bfb53	fcvt.s.w	f22,x23	 x23:0x80040fe4 f22=0xcefff7e0
     230305.000 ns	     23029	80004fb8	2175ab53	fsgnjx.s	f22,f11,f23	 f11:0x00000000 f23:0x4f7fffff f22=0x00000000
     230325.000 ns	     23031	80004fbc	0152ccb3	xor	x25,x5,x21	  x5:0x00000000 x21:0xfffffac8 x25=0xfffffac8
     230335.000 ns	     23032	80004fc0	9a860993	addi	x19,x12,-1624	 x12:0x00000001 x19=0xfffff9a9
     230355.000 ns	     23034	80004fc4	28fe8853	fmin.s	f16,f29,f15	 f29:0x00000001 f15:0x80000000 f16=0x80000000
     231535.000 ns	     23152	80004fc8	580bae53	fsqrt.s	f28,f23	 f23:0x4f7fffff f28=0x47350461
     231565.000 ns	     23155	80004fcc	e0080253	fmv.x.w	x4,f16	 f16:0x80000000  x4=0x80000000
     231585.000 ns	     23157	80004fd0	075ec697	auipc	x13,0x75ec	 x13=0x875f0fd0
     231595.000 ns	     23158	80004fd4	01f99493	slli	x9,x19,0x1f	 x19:0xfffff9a9  x9=0x80000000
     231605.000 ns	     23159	80004fd8	01b9ceb3	xor	x29,x19,x27	 x19:0xfffff9a9 x27:0x00000000 x29=0xfffff9a9
     231625.000 ns	     23161	80004fdc	e0050453	fmv.x.w	x8,f10	 f10:0x80000000  x8=0x80000000
     231645.000 ns	     23163	80004fe0	01d646b3	xor	x13,x12,x29	 x12:0x00000001 x29:0x3fb0f49e x13=0xfffff9a8
     231655.000 ns	     23164	80004fe4	110a6393	ori	x7,x20,272	 x20:0x00000001  x7=0x00000111
     231675.000 ns	     23166	80004fe8	a05b1353	flt.s	x6,f22,f5	 f22:0x00000000  f5:0x4e9e0008  x6=0x00000001
     231695.000 ns	     23168	80004fec	01ea2eb3	slt	x29,x20,x30	 x20:0x00000001 x30:0x00000000 x29=0x00000000
     231715.000 ns	     23170	80004ff0	a1300853	fle.s	x16,f0,f19	  f0:0x80000000 f19:0x00000000 x16=0x00000001
     231745.000 ns	     23173	80004ff4	d0163dd3	fcvt.s.wu	f27,x12	 x12:0x00000001 f27=0x3f800000
     231775.000 ns	     23176	80004ff8	d002f453	fcvt.s.w	f8,x5	  x5:0x00000000  f8=0x00000000
     231805.000 ns	     23179	80004ffc	02bd83b3	mul	x7,x27,x11	 x27:0x00000000 x11:0xd62fd000  x7=0x00000000
     231835.000 ns	     23182	80005000	e00b92d3	fclass.s	x5,f23	 f23:0x4f7fffff  x5=0x00000040
     231855.000 ns	     23184	80005004	01971493	slli	x9,x14,0x19	 x14:0x80000000  x9=0x00000000
     231875.000 ns	     23186	80005008	21fa80d3	fsgnj.s	f1,f21,f31	 f21:0x7fc00000 f31:0x4f000410  f1=0x7fc00000
     231895.000 ns	     23188	8000500c	0e7fc113	xori	x2,x31,231	 x31:0x00000001  x2=0x000000e6
     231905.000 ns	     23189	80005010	014185b3	add	x11,x3,x20	  x3:0xfffffac8 x20:0x00000001 x11=0xfffffac9
     231925.000 ns	     23191	80005014	a1dc1453	flt.s	x8,f24,f29	 f24:0xcf7fffff f29:0x00000001  x8=0x00000001
     231965.000 ns	     23195	80005018	115f2e53	fmul.s	f28,f30,f21	 f30:0x4f7fffff f21:0x7fc00000 f28=0x7fc00000
     231985.000 ns	     23197	8000501c	012a6433	or	x8,x20,x18	 x20:0x00000001 x18:0x80041024  x8=0x80041025
     232345.000 ns	     23233	80005020	024772b3	remu	x5,x14,x4	 x14:0x80000000  x4:0x80000000  x5=0x00000000
     232365.000 ns	     23235	80005024	00fbf333	and	x6,x23,x15	 x23:0x80040fe4 x15:0x00000000  x6=0x00000000
     232375.000 ns	     23236	80005028	414ed313	srai	x6,x29,0x14	 x29:0x00000000  x6=0x00000000
     232395.000 ns	     23238	8000502c	020005b3	mul	x11,x0,x0	  x0:0x00000000  x0:0x00000000 x11=0x00000000
     232425.000 ns	     23241	80005030	02da2eb3	mulhsu	x29,x20,x13	 x20:0x00000001 x13:0xfffff9a8 x29=0x00000000
     232465.000 ns	     23245	80005034	186d3853	fdiv.s	f16,f26,f6	 f26:0x4f000410  f6:0x00000000 f16=0x7f800000
     232485.000 ns	     23247	80005038	91926d13	ori	x26,x4,-1767	  x4:0x80000000 x26=0xfffff919
     232495.000 ns	     23248	8000503c	7e5c0413	addi	x8,x24,2021	 x24:0xfffffffe  x8=0x000007e3
     232505.000 ns	     23249	80005040	41045293	srai	x5,x8,0x10	  x8:0x80041025  x5=0x00000000
     232515.000 ns	     23250	80005044	4f72e417	auipc	x8,0x4f72e	  x8=0xcf733044
     232535.000 ns	     23252	80005048	d0100d53	fcvt.s.wu	f26,x0	  x0:0x00000000 f26=0x00000000
     232575.000 ns	     23256	8000504c	10e2f9d3	fmul.s	f19,f5,f14	  f5:0x4e9e0008 f14:0x4f000410 f19=0x5e1e050c
     232595.000 ns	     23258	80005050	403109b3	sub	x19,x2,x3	  x2:0x000000e6  x3:0xfffffac8 x19=0x0000061e
     232605.000 ns	     23259	80005054	f8c68293	addi	x5,x13,-116	 x13:0xfffff9a8  x5=0xfffff934
     232615.000 ns	     23260	80005058	a8459117	auipc	x2,0xa8459	  x2=0x2845e058
     232625.000 ns	     23261	8000505c	40920e33	sub	x28,x4,x9	  x4:0x80000000  x9:0x00000000 x28=0x80000000
     232635.000 ns	     23262	80005060	f7843d13	sltiu	x26,x8,-136	  x8:0xcf733044 x26=0x00000001
     232645.000 ns	     23263	80005064	01e5b7b3	sltu	x15,x11,x30	 x11:0x00000000 x30:0x00000000 x15=0x00000000
     232655.000 ns	     23264	80005068	00119db3	sll	x27,x3,x1	  x3:0xfffffac8  x1:0x00000001 x27=0xfffff590
     232675.000 ns	     23266	8000506c	20aa9ed3	fsgnjn.s	f29,f21,f10	 f21:0x7fc00000 f10:0x80000000 f29=0x7fc00000
     232695.000 ns	     23268	80005070	4016df93	srai	x31,x13,0x1	 x13:0xfffff9a8 x31=0xfffffcd4
     232705.000 ns	     23269	80005074	41e7d833	sra	x16,x15,x30	 x15:0x00000000 x30:0x00000000 x16=0x00000000
     232715.000 ns	     23270	80005078	3c6d2113	slti	x2,x26,966	 x26:0x00000001  x2=0x00000001
     232755.000 ns	     23274	8000507c	0054ca53	fadd.s	f20,f9,f5	  f9:0x80000001  f5:0x4e9e0008 f20=0x4e9e0008
     232775.000 ns	     23276	80005080	ec488413	addi	x8,x17,-316	 x17:0x2ac29000  x8=0x2ac28ec4
     232795.000 ns	     23278	80005084	03570c33	mul	x24,x14,x21	 x14:0x80000000 x21:0xfffffac8 x24=0x00000000
     232815.000 ns	     23280	80005088	00cae2b3	or	x5,x21,x12	 x21:0xfffffac8 x12:0x00000001  x5=0xfffffac9
     232825.000 ns	     23281	8000508c	00910833	add	x16,x2,x9	  x2:0x00000001  x9:0x00000000 x16=0x00000001
     232845.000 ns	     23283	80005090	02f38033	mul	x0,x7,x15	  x7:0x00000000 x15:0x00000000
     234025.000 ns	     23401	80005094	5809fbd3	fsqrt.s	f23,f19	 f19:0x5e1e050c f23=0x4e5f78aa
     234045.000 ns	     23403	80005098	ef04e693	ori	x13,x9,-272	  x9:0x00000000 x13=0xfffffef0
     234055.000 ns	     23404	8000509c	00beb9b3	sltu	x19,x29,x11	 x29:0x00000000 x11:0x00000000 x19=0x00000000
     234085.000 ns	     23407	800050a0	18fa7cd3	fdiv.s	f25,f20,f15	 f20:0x4e9e0008 f15:0x80000000 f25=0xff800000
     234115.000 ns	     23410	800050a4	03943133	mulhu	x2,x8,x25	  x8:0x2ac28ec4 x25:0xfffffac8  x2=0x2ac28de4
     234165.000 ns	     23415	800050a8	09d0f653	fsub.s	f12,f1,f29	  f1:0x7fc00000 f29:0x7fc00000 f12=0x7fc00000
     234185.000 ns	     23417	800050ac	00bd4533	xor	x10,x26,x11	 x26:0x00000001 x11:0x00000000 x10=0x00000001
     234215.000 ns	     23420	800050b0	183803d3	fdiv.s	f7,f16,f3	 f16:0x7f800000  f3:0x4f7fffff  f7=0x7f800000
     234245.000 ns	     23423	800050b4	29ae11d3	fmax.s	f3,f28,f26	 f28:0x7fc00000 f26:0x00000000  f3=0x00000000
     234265.000 ns	     23425	800050b8	00197833	and	x16,x18,x1	 x18:0x80041024  x1:0x00000001 x16=0x00000000
     234285.000 ns	     23427	800050bc	02034833	div	x16,x6,x0	  x6:0x00000000  x0:0x00000000 x16=0xffffffff
     234655.000 ns	     23464	800050c0	025d5a33	divu	x20,x26,x5	 x26:0x00000001  x5:0xfffffac9 x20=0x00000000
     234685.000 ns	     23467	800050c4	2147a8d3	fsgnjx.s	f17,f15,f20	 f15:0x80000000 f20:0x4e9e0008 f17=0x80000000
     234705.000 ns	     23469	800050c8	411d8c93	addi	x25,x27,1041	 x27:0xfffff590 x25=0xfffff9a1
     234715.000 ns	     23470	800050cc	00fdffb3	and	x31,x27,x15	 x27:0xfffff590 x15:0x00000000 x31=0x00000000
     234725.000 ns	     23471	800050d0	0136bb33	sltu	x22,x13,x19	 x13:0xfffffef0 x19:0x00000000 x22=0x00000000
     234745.000 ns	     23473	800050d4	28af98d3	fmax.s	f17,f31,f10	 f31:0x4f000410 f10:0x80000000 f17=0x4f000410
     234765.000 ns	     23475	800050d8	b0a5f513	andi	x10,x11,-1270	 x11:0x00000000 x10=0x00000000
     234795.000 ns	     23478	800050dc	1822f4d3	fdiv.s	f9,f5,f2	  f5:0x4e9e0008  f2:0x00000000  f9=0x7f800000
     234815.000 ns	     23480	800050e0	504c6393	ori	x7,x24,1284	 x24:0x00000000  x7=0x00000504
     234835.000 ns	     23482	800050e4	e00101d3	fmv.x.w	x3,f2	  f2:0x00000000  x3=0x00000000
     234865.000 ns	     23485	800050e8	02ed03b3	mul	x7,x26,x14	 x26:0x00000001 x14:0x80000000  x7=0x80000000
     234905.000 ns	     23489	800050ec	118ff753	fmul.s	f14,f31,f24	 f31:0x4f000410 f24:0xcf7fffff f14=0xdf00040f
     234935.000 ns	     23492	800050f0	03d0d5b3	divu	x11,x1,x29	  x1:0x00000001 x29:0x00000000 x11=0xffffffff
     234965.000 ns	     23495	800050f4	c015a153	fcvt.wu.s	x2,f11	 f11:0x00000000  x2=0x00000000
     234995.000 ns	     23498	800050f8	03360433	mul	x8,x12,x19	 x12:0x00000001 x19:0x00000000  x8=0x00000000
     235015.000 ns	     23500	800050fc	01b39293	slli	x5,x7,0x1b	  x7:0x80000000  x5=0x00000000
     235035.000 ns	     23502	80005100	a10d8ed3	fle.s	x29,f27,f16	 f27:0x3f800000 f16:0x7f800000 x29=0x00000001
     235065.000 ns	     23505	80005104	03e45633	divu	x12,x8,x30	  x8:0x00000000 x30:0x00000000 x12=0xffffffff
     235085.000 ns	     23507	80005108	ce349c37	lui	x24,0xce349	 x24=0xce349000
     235095.000 ns	     23508	8000510c	8786a693	slti	x13,x13,-1928	 x13:0xfffffef0 x13=0x00000000
     235105.000 ns	     23509	80005110	01a42433	slt	x8,x8,x26	  x8:0x00000000 x26:0x00000001  x8=0x00000001
     235125.000 ns	     23511	80005114	c00d71d3	fcvt.w.s	x3,f26	 f26:0x00000000  x3=0x00000000
     235155.000 ns	     23514	80005118	20e79553	fsgnjn.s	f10,f15,f14	 f15:0x80000000 f14:0xdf00040f f10=0x00000000
     235175.000 ns	     23516	8000511c	00000013	addi	x0,x0,0	  x0:0x00000000
     235185.000 ns	     23517	80005120	b55b7f13	andi	x30,x22,-1195	 x22:0x00000000 x30=0x00000000
     235205.000 ns	     23519	80005124	e00408d3	fmv.x.w	x17,f8	  f8:0x00000000 x17=0x00000000
     235225.000 ns	     23521	80005128	01f0eab3	or	x21,x1,x31	  x1:0x00000001 x31:0x00000000 x21=0x00000001
     235245.000 ns	     23523	8000512c	2043add3	fsgnjx.s	f27,f7,f4	  f7:0x7f800000  f4:0x4fa55197 f27=0x7f800000
     235275.000 ns	     23526	80005130	e00f1553	fclass.s	x10,f30	 f30:0x4f7fffff x10=0x00000040
     235325.000 ns	     23531	80005134	089b0f53	fsub.s	f30,f22,f9	 f22:0x00000000  f9:0x7f800000 f30=0xff800000
     235345.000 ns	     23533	80005138	0050d633	srl	x12,x1,x5	  x1:0x00000001  x5:0x00000000 x12=0x00000001
     235355.000 ns	     23534	8000513c	00c4f9b3	and	x19,x9,x12	  x9:0x00000000 x12:0xffffffff x19=0x00000000
     235375.000 ns	     23536	80005140	28958ed3	fmin.s	f29,f11,f9	 f11:0x00000000  f9:0x7f800000 f29=0x00000000
     235395.000 ns	     23538	80005144	26323813	sltiu	x16,x4,611	  x4:0x80000000 x16=0x00000000
     235435.000 ns	     23542	80005148	01a0f2d3	fadd.s	f5,f1,f26	  f1:0x7fc00000 f26:0x00000000  f5=0x7fc00000
     235485.000 ns	     23547	8000514c	09c4a953	fsub.s	f18,f9,f28	  f9:0x7f800000 f28:0x7fc00000 f18=0x7fc00000
     235855.000 ns	     23584	80005150	02b7f0b3	remu	x1,x15,x11	 x15:0x00000000 x11:0xffffffff  x1=0x00000000
     235875.000 ns	     23586	80005154	2626c893	xori	x17,x13,610	 x13:0x00000000 x17=0x00000262
     235885.000 ns	     23587	80005158	84164417	auipc	x8,0x84164	  x8=0x04169158
     235895.000 ns	     23588	8000515c	012deb33	or	x22,x27,x18	 x27:0xfffff590 x18:0x80041024 x22=0xfffff5b4
     235905.000 ns	     23589	80005160	4073df93	srai	x31,x7,0x7	  x7:0x80000000 x31=0xff000000
     235925.000 ns	     23591	80005164	a1228453	fle.s	x8,f5,f18	  f5:0x7fc00000 f18:0x7fc00000  x8=0x00000000
     235945.000 ns	     23593	80005168	10a6ff13	andi	x30,x13,266	 x13:0x00000000 x30=0x00000000
     235955.000 ns	     23594	8000516c	c0dead93	slti	x27,x29,-1011	 x29:0x00000001 x27=0x00000000
     235975.000 ns	     23596	80005170	039f22b3	mulhsu	x5,x30,x25	 x30:0x00000000 x25:0xfffff9a1  x5=0x00000000
     235995.000 ns	     23598	80005174	6d923213	sltiu	x4,x4,1753	  x4:0x80000000  x4=0x00000000
     236005.000 ns	     23599	80005178	4188dcb3	sra	x25,x17,x24	 x17:0x00000262 x24:0xce349000 x25=0x00000262
     236365.000 ns	     23635	8000517c	02ae7f33	remu	x30,x28,x10	 x28:0x80000000 x10:0x00000040 x30=0x00000000
     236385.000 ns	     23637	80005180	00cb5f13	srli	x30,x22,0xc	 x22:0xfffff5b4 x30=0x000fffff
     236395.000 ns	     23638	80005184	3f9bcf93	xori	x31,x23,1017	 x23:0x80040fe4 x31=0x80040c1d
     236755.000 ns	     23674	80005188	036cf2b3	remu	x5,x25,x22	 x25:0x00000262 x22:0xfffff5b4  x5=0x00000262
     236775.000 ns	     23676	8000518c	0100d233	srl	x4,x1,x16	  x1:0x00000000 x16:0x00000000  x4=0x00000000
     236795.000 ns	     23678	80005190	d002fbd3	fcvt.s.w	f23,x5	  x5:0x00000262 f23=0x44188000
     236825.000 ns	     23681	80005194	f00d0553	fmv.w.x	f10,x26	 x26:0x00000001 f10=0x00000001
     236845.000 ns	     23683	80005198	00000013	addi	x0,x0,0	  x0:0x00000000
     236865.000 ns	     23685	8000519c	022230b3	mulhu	x1,x4,x2	  x4:0x00000000  x2:0x00000000  x1=0x00000000
     236885.000 ns	     23687	800051a0	9e15e393	ori	x7,x11,-1567	 x11:0xffffffff  x7=0xffffffff
     236905.000 ns	     23689	800051a4	e0099553	fclass.s	x10,f19	 f19:0x5e1e050c x10=0x00000040
     236935.000 ns	     23692	800051a8	d01d7053	fcvt.s.wu	f0,x26	 x26:0x00000001  f0=0x3f800000
     236955.000 ns	     23694	800051ac	016921b3	slt	x3,x18,x22	 x18:0x80041024 x22:0xfffff5b4  x3=0x00000001
     236975.000 ns	     23696	800051b0	028eaab3	mulhsu	x21,x29,x8	 x29:0x00000001  x8:0x00000000 x21=0x00000000
     237005.000 ns	     23699	800051b4	d0037253	fcvt.s.w	f4,x6	  x6:0x00000000  f4=0x00000000
     237025.000 ns	     23701	800051b8	dbcd7e17	auipc	x28,0xdbcd7	 x28=0x5bcdc1b8
     237035.000 ns	     23702	800051bc	00000013	addi	x0,x0,0	  x0:0x00000000
     237055.000 ns	     23704	800051c0	21a72bd3	fsgnjx.s	f23,f14,f26	 f14:0xdf00040f f26:0x00000000 f23=0xdf00040f
     237085.000 ns	     23707	800051c4	d0107cd3	fcvt.s.wu	f25,x0	  x0:0x00000000 f25=0x00000000
     237115.000 ns	     23710	800051c8	03633d33	mulhu	x26,x6,x22	  x6:0x00000000 x22:0xfffff5b4 x26=0x00000000
     237145.000 ns	     23713	800051cc	2001a7d3	fsgnjx.s	f15,f3,f0	  f3:0x00000000  f0:0x3f800000 f15=0x00000000
     237165.000 ns	     23715	800051d0	012550b3	srl	x1,x10,x18	 x10:0x00000040 x18:0x80041024  x1=0x00000004
     237185.000 ns	     23717	800051d4	02338633	mul	x12,x7,x3	  x7:0xffffffff  x3:0x00000001 x12=0xffffffff
     237215.000 ns	     23720	800051d8	20b41753	fsgnjn.s	f14,f8,f11	  f8:0x00000000 f11:0x00000000 f14=0x80000000
     237245.000 ns	     23723	800051dc	2003aad3	fsgnjx.s	f21,f7,f0	  f7:0x7f800000  f0:0x3f800000 f21=0x7f800000
     237265.000 ns	     23725	800051e0	00099693	slli	x13,x19,0x0	 x19:0x00000000 x13=0x00000000
     237285.000 ns	     23727	800051e4	a0b207d3	fle.s	x15,f4,f11	  f4:0x00000000 f11:0x00000000 x15=0x00000001
     237305.000 ns	     23729	800051e8	409c07b3	sub	x15,x24,x9	 x24:0xce349000  x9:0x00000000 x15=0xce349000
     237315.000 ns	     23730	800051ec	00000013	addi	x0,x0,0	  x0:0x00000000
     237335.000 ns	     23732	800051f0	c001f453	fcvt.w.s	x8,f3	  f3:0x00000000  x8=0x00000000
     237355.000 ns	     23734	800051f4	00ab15b3	sll	x11,x22,x10	 x22:0xfffff5b4 x10:0x00000040 x11=0xfffff5b4
     237365.000 ns	     23735	800051f8	1647bd97	auipc	x27,0x1647b	 x27=0x964801f8
     237375.000 ns	     23736	800051fc	e0c88113	addi	x2,x17,-500	 x17:0x00000262  x2=0x0000006e
     237395.000 ns	     23738	80005200	a16d1cd3	flt.s	x25,f26,f22	 f26:0x00000000 f22:0x00000000 x25=0x00000000
     237415.000 ns	     23740	80005204	01a2dab3	srl	x21,x5,x26	  x5:0x00000262 x26:0x00000000 x21=0x00000262
     237425.000 ns	     23741	80005208	a75d1d37	lui	x26,0xa75d1	 x26=0xa75d1000
     237435.000 ns	     23742	8000520c	40205c93	srai	x25,x0,0x2	  x0:0x00000000 x25=0x00000000
     237445.000 ns	     23743	80005210	00c6d133	srl	x2,x13,x12	 x13:0x00000000 x12:0xffffffff  x2=0x00000000
     237465.000 ns	     23745	80005214	c0057fd3	fcvt.w.s	x31,f10	 f10:0x00000001 x31=0x00000000
     237495.000 ns	     23748	80005218	024b2d33	mulhsu	x26,x22,x4	 x22:0xfffff5b4  x4:0x00000000 x26=0x00000000
     237515.000 ns	     23750	8000521c	00f9b7b3	sltu	x15,x19,x15	 x19:0x00000000 x15:0xce349000 x15=0x00000001
     237525.000 ns	     23751	80005220	6f5cf813	andi	x16,x25,1781	 x25:0x00000000 x16=0x00000000
     237545.000 ns	     23753	80005224	03bf14b3	mulh	x9,x30,x27	 x30:0x000fffff x27:0x964801f8  x9=0xfff96480
     237575.000 ns	     23756	80005228	a05f2653	feq.s	x12,f30,f5	 f30:0xff800000  f5:0x7fc00000 x12=0x00000000
     237615.000 ns	     23760	8000522c	1153b153	fmul.s	f2,f7,f21	  f7:0x7f800000 f21:0x7f800000  f2=0x7f800000
     237635.000 ns	     23762	80005230	00eaf533	and	x10,x21,x14	 x21:0x00000262 x14:0x80000000 x10=0x00000000
     237645.000 ns	     23763	80005234	3672a013	slti	x0,x5,871	  x5:0x00000262
     237665.000 ns	     23765	80005238	d013ffd3	fcvt.s.wu	f31,x7	  x7:0xffffffff f31=0x4f7fffff
     237695.000 ns	     23768	8000523c	d00227d3	fcvt.s.w	f15,x4	  x4:0x00000000 f15=0x00000000
     237725.000 ns	     23771	80005240	20e40353	fsgnj.s	f6,f8,f14	  f8:0x00000000 f14:0x80000000  f6=0x80000000
     237745.000 ns	     23773	80005244	41a15793	srai	x15,x2,0x1a	  x2:0x00000000 x15=0x00000000
     237765.000 ns	     23775	80005248	215821d3	fsgnjx.s	f3,f16,f21	 f16:0x7f800000 f21:0x7f800000  f3=0x7f800000
     237795.000 ns	     23778	8000524c	28b804d3	fmin.s	f9,f16,f11	 f16:0x7f800000 f11:0x00000000  f9=0x00000000
     237825.000 ns	     23781	80005250	289e8653	fmin.s	f12,f29,f9	 f29:0x00000000  f9:0x7f800000 f12=0x00000000
     237855.000 ns	     23784	80005254	c0178453	fcvt.wu.s	x8,f15	 f15:0x00000000  x8=0x00000000
     237885.000 ns	     23787	80005258	02ace233	rem	x4,x25,x10	 x25:0x00000000 x10:0x00000000  x4=0x00000000
     237905.000 ns	     23789	8000525c	0143ee33	or	x28,x7,x20	  x7:0xffffffff x20:0x00000000 x28=0xffffffff
     237925.000 ns	     23791	80005260	025e26b3	mulhsu	x13,x28,x5	 x28:0x5bcdc1b8  x5:0x00000262 x13=0xffffffff
     237945.000 ns	     23793	80005264	00601513	slli	x10,x0,0x6	  x0:0x00000000 x10=0x00000000
     237985.000 ns	     23797	80005268	084d7153	fsub.s	f2,f26,f4	 f26:0x00000000  f4:0x00000000  f2=0x80000000
     238015.000 ns	     23800	8000526c	a07326d3	feq.s	x13,f6,f7	  f6:0x80000000  f7:0x7f800000 x13=0x00000000
     238045.000 ns	     23803	80005270	c0197053	fcvt.wu.s	x0,f18	 f18:0x7fc00000
     238065.000 ns	     23805	80005274	01c5f9b3	and	x19,x11,x28	 x11:0xfffff5b4 x28:0xffffffff x19=0xfffff5b4
     238425.000 ns	     23841	80005278	03bbd9b3	divu	x19,x23,x27	 x23:0x80040fe4 x27:0x964801f8 x19=0x00000000
     238455.000 ns	     23844	8000527c	28591d53	fmax.s	f26,f18,f5	 f18:0x7fc00000  f5:0x7fc00000 f26=0x7fc00000
     238485.000 ns	     23847	80005280	e00b9a53	fclass.s	x20,f23	 f23:0xdf00040f x20=0x00000002
     238505.000 ns	     23849	80005284	0180db13	srli	x22,x1,0x18	  x1:0x00000004 x22=0x00000000
     238515.000 ns	     23850	80005288	00f48eb3	add	x29,x9,x15	  x9:0xfff96480 x15:0x00000000 x29=0xfff96480
     238535.000 ns	     23852	8000528c	281f90d3	fmax.s	f1,f31,f1	 f31:0x4f7fffff  f1:0x7fc00000  f1=0x4f7fffff
     238565.000 ns	     23855	80005290	024b9db3	mulh	x27,x23,x4	 x23:0x80040fe4  x4:0x00000000 x27=0x00000000
     238595.000 ns	     23858	80005294	03dda133	mulhsu	x2,x27,x29	 x27:0x964801f8 x29:0xfff96480  x2=0x00000000
     238625.000 ns	     23861	80005298	29701153	fmax.s	f2,f0,f23	  f0:0x3f800000 f23:0xdf00040f  f2=0x3f800000
     238655.000 ns	     23864	8000529c	03e59c33	mulh	x24,x11,x30	 x11:0xfffff5b4 x30:0x000fffff x24=0xffffffff
     238685.000 ns	     23867	800052a0	c0034453	fcvt.w.s	x8,f6	  f6:0x80000000  x8=0x00000000
     238705.000 ns	     23869	800052a4	008f9213	slli	x4,x31,0x8	 x31:0x00000000  x4=0x00000000
     238715.000 ns	     23870	800052a8	015a1133	sll	x2,x20,x21	 x20:0x00000002 x21:0x00000262  x2=0x00000008
     238725.000 ns	     23871	800052ac	b542e893	ori	x17,x5,-1196	  x5:0x00000262 x17=0xfffffb76
     238735.000 ns	     23872	800052b0	d736bc93	sltiu	x25,x13,-653	 x13:0x00000000 x25=0x00000001
     238745.000 ns	     23873	800052b4	00a01493	slli	x9,x0,0xa	  x0:0x00000000  x9=0x00000000
     238755.000 ns	     23874	800052b8	97c57f13	andi	x30,x10,-1668	 x10:0x00000000 x30=0x00000000
     238765.000 ns	     23875	800052bc	01215cb3	srl	x25,x2,x18	  x2:0x00000008 x18:0x80041024 x25=0x00000000
     238775.000 ns	     23876	800052c0	00000013	addi	x0,x0,0	  x0:0x00000000
     238795.000 ns	     23878	800052c4	03a015b3	mulh	x11,x0,x26	  x0:0x00000000 x26:0x00000000 x11=0x00000000
     238825.000 ns	     23881	800052c8	20b99bd3	fsgnjn.s	f23,f19,f11	 f19:0x5e1e050c f11:0x00000000 f23=0xde1e050c
     238855.000 ns	     23884	800052cc	03589633	mulh	x12,x17,x21	 x17:0xfffffb76 x21:0x00000262 x12=0xffffffff
     238875.000 ns	     23886	800052d0	47066c13	ori	x24,x12,1136	 x12:0x00000000 x24=0xffffffff
     238895.000 ns	     23888	800052d4	d0168d53	fcvt.s.wu	f26,x13	 x13:0x00000000 f26=0x00000000
     238945.000 ns	     23893	800052d8	01087ad3	fadd.s	f21,f16,f16	 f16:0x7f800000 f16:0x7f800000 f21=0x00000000
     238985.000 ns	     23897	800052dc	11d60d53	fmul.s	f26,f12,f29	 f12:0x00000000 f29:0x00000000 f26=0x00000000
     239015.000 ns	     23900	800052e0	20ab1c53	fsgnjn.s	f24,f22,f10	 f22:0x00000000 f10:0x00000001 f24=0x80000000
     239045.000 ns	     23903	800052e4	03c11a33	mulh	x20,x2,x28	  x2:0x00000008 x28:0xffffffff x20=0xffffffff
     239075.000 ns	     23906	800052e8	03adca33	div	x20,x27,x26	 x27:0x00000000 x26:0x00000000 x20=0xffffffff
     239095.000 ns	     23908	800052ec	0144da33	srl	x20,x9,x20	  x9:0x00000000 x20:0xffffffff x20=0x00000000
     239115.000 ns	     23910	800052f0	d015a7d3	fcvt.s.wu	f15,x11	 x11:0x00000000 f15=0x00000000
     239135.000 ns	     23912	800052f4	1c6abd93	sltiu	x27,x21,454	 x21:0x00000262 x27=0x00000000
     239155.000 ns	     23914	800052f8	03f7cd33	div	x26,x15,x31	 x15:0x00000000 x31:0x00000000 x26=0xffffffff
     239195.000 ns	     23918	800052fc	10067353	fmul.s	f6,f12,f0	 f12:0x00000000  f0:0x3f800000  f6=0x00000000
     239215.000 ns	     23920	80005300	007e53b3	srl	x7,x28,x7	 x28:0xffffffff  x7:0xffffffff  x7=0x00000001
     239225.000 ns	     23921	80005304	01fd3133	sltu	x2,x26,x31	 x26:0xffffffff x31:0x00000000  x2=0x00000000
     239245.000 ns	     23923	80005308	f00d87d3	fmv.w.x	f15,x27	 x27:0x00000000 f15=0x00000000
     239275.000 ns	     23926	8000530c	20542553	fsgnjx.s	f10,f8,f5	  f8:0x00000000  f5:0x7fc00000 f10=0x00000000
     239295.000 ns	     23928	80005310	58876f93	ori	x31,x14,1416	 x14:0x80000000 x31=0x80000588
     239315.000 ns	     23930	80005314	a170acd3	feq.s	x25,f1,f23	  f1:0x4f7fffff f23:0xde1e050c x25=0x00000000
     239335.000 ns	     23932	80005318	01ce2333	slt	x6,x28,x28	 x28:0xffffffff x28:0xffffffff  x6=0x00000000
     239695.000 ns	     23968	8000531c	03ff7c33	remu	x24,x30,x31	 x30:0x00000000 x31:0x80000588 x24=0x00000000
     239725.000 ns	     23971	80005320	291307d3	fmin.s	f15,f6,f17	  f6:0x00000000 f17:0x4f000410 f15=0x00000000
     239755.000 ns	     23974	80005324	e00a8dd3	fmv.x.w	x27,f21	 f21:0x00000000 x27=0x00000000
     239785.000 ns	     23977	80005328	029b8db3	mul	x27,x23,x9	 x23:0x80040fe4  x9:0x00000000 x27=0x00000000
     239805.000 ns	     23979	8000532c	0153b213	sltiu	x4,x7,21	  x7:0x00000001  x4=0x00000001
     239815.000 ns	     23980	80005330	a3efe193	ori	x3,x31,-1474	 x31:0x80000588  x3=0xffffffbe
     239825.000 ns	     23981	80005334	01649833	sll	x16,x9,x22	  x9:0x00000000 x22:0x00000000 x16=0x00000000
     239835.000 ns	     23982	80005338	28c40d93	addi	x27,x8,652	  x8:0x00000000 x27=0x0000028c
     239865.000 ns	     23985	8000533c	1034f253	fmul.s	f4,f9,f3	  f9:0x00000000  f3:0x7f800000  f4=0x7fc00000
     239885.000 ns	     23987	80005340	665383b7	lui	x7,0x66538	  x7=0x66538000
     239895.000 ns	     23988	80005344	417656b3	sra	x13,x12,x23	 x12:0xffffffff x23:0x80040fe4 x13=0xffffffff
     239905.000 ns	     23989	80005348	96b33f37	lui	x30,0x96b33	 x30=0x96b33000
     239925.000 ns	     23991	8000534c	f00b0753	fmv.w.x	f14,x22	 x22:0x00000000 f14=0x00000000
     239955.000 ns	     23994	80005350	03391eb3	mulh	x29,x18,x19	 x18:0x80041024 x19:0x00000000 x29=0x00000000
     239985.000 ns	     23997	80005354	a1cfa853	feq.s	x16,f31,f28	 f31:0x4f7fffff f28:0x7fc00000 x16=0x00000000
     240025.000 ns	     24001	80005358	11963b53	fmul.s	f22,f12,f25	 f12:0x00000000 f25:0x00000000 f22=0x00000000
     240055.000 ns	     24004	8000535c	03799533	mulh	x10,x19,x23	 x19:0x00000000 x23:0x80040fe4 x10=0x00000000
     240425.000 ns	     24041	80005360	02325833	divu	x16,x4,x3	  x4:0x00000001  x3:0xffffffbe x16=0x00000000
     240455.000 ns	     24044	80005364	a1770f53	fle.s	x30,f14,f23	 f14:0x00000000 f23:0xde1e050c x30=0x00000000
     240475.000 ns	     24046	80005368	00e31c93	slli	x25,x6,0xe	  x6:0x00000000 x25=0x00000000
     240495.000 ns	     24048	8000536c	282d0153	fmin.s	f2,f26,f2	 f26:0x00000000  f2:0x3f800000  f2=0x00000000
     240515.000 ns	     24050	80005370	9a35f413	andi	x8,x11,-1629	 x11:0x00000000  x8=0x00000000
     240535.000 ns	     24052	80005374	c00ef4d3	fcvt.w.s	x9,f29	 f29:0x00000000  x9=0x00000000
     240575.000 ns	     24056	80005378	10de1cd3	fmul.s	f25,f28,f13	 f28:0x7fc00000 f13:0x4e954660 f25=0x7fc00000
     240595.000 ns	     24058	8000537c	98d46413	ori	x8,x8,-1651	  x8:0x00000000  x8=0xfffff98d
     240615.000 ns	     24060	80005380	d0098ad3	fcvt.s.w	f21,x19	 x19:0x00000000 f21=0x00000000
     240645.000 ns	     24063	80005384	e0000c53	fmv.x.w	x24,f0	  f0:0x3f800000 x24=0x3f800000
     240665.000 ns	     24065	80005388	0145da13	srli	x20,x11,0x14	 x11:0x00000000 x20=0x00000000
     240675.000 ns	     24066	8000538c	007f59b3	srl	x19,x30,x7	 x30:0x00000000  x7:0x66538000 x19=0x00000000
     240695.000 ns	     24068	80005390	c01c7dd3	fcvt.wu.s	x27,f24	 f24:0x80000000 x27=0x00000000
     240725.000 ns	     24071	80005394	20651cd3	fsgnjn.s	f25,f10,f6	 f10:0x00000000  f6:0x00000000 f25=0x80000000
     240745.000 ns	     24073	80005398	df0b2d13	slti	x26,x22,-528	 x22:0x00000000 x26=0x00000000
     241105.000 ns	     24109	8000539c	03ce7233	remu	x4,x28,x28	 x28:0xffffffff x28:0xffffffff  x4=0x00000000
     241135.000 ns	     24112	800053a0	029e9b33	mulh	x22,x29,x9	 x29:0x00000000  x9:0x00000000 x22=0x00000000
     241155.000 ns	     24114	800053a4	01d89613	slli	x12,x17,0x1d	 x17:0xfffffb76 x12=0xc0000000
     241175.000 ns	     24116	800053a8	e00a87d3	fmv.x.w	x15,f21	 f21:0x00000000 x15=0x00000000
     241205.000 ns	     24119	800053ac	a0d90ed3	fle.s	x29,f18,f13	 f18:0x7fc00000 f13:0x4e954660 x29=0x00000000
     241225.000 ns	     24121	800053b0	00f3d993	srli	x19,x7,0xf	  x7:0x66538000 x19=0x0000cca7
     241235.000 ns	     24122	800053b4	009cc133	xor	x2,x25,x9	 x25:0x00000000  x9:0x00000000  x2=0x00000000
     241255.000 ns	     24124	800053b8	d00a7ad3	fcvt.s.w	f21,x20	 x20:0x00000000 f21=0x00000000
     241275.000 ns	     24126	800053bc	404d5f33	sra	x30,x26,x4	 x26:0x00000000  x4:0x00000000 x30=0x00000000
     241285.000 ns	     24127	800053c0	51a1ef37	lui	x30,0x51a1e	 x30=0x51a1e000
     241305.000 ns	     24129	800053c4	03359fb3	mulh	x31,x11,x19	 x11:0x00000000 x19:0x0000cca7 x31=0x00000000
     241325.000 ns	     24131	800053c8	01e536b3	sltu	x13,x10,x30	 x10:0x00000000 x30:0x00000000 x13=0x00000001
     241335.000 ns	     24132	800053cc	40f688b3	sub	x17,x13,x15	 x13:0xffffffff x15:0x00000000 x17=0x00000001
     241355.000 ns	     24134	800053d0	02286033	rem	x0,x16,x2	 x16:0x00000000  x2:0x00000000
     241385.000 ns	     24137	800053d4	03abd3b3	divu	x7,x23,x26	 x23:0x80040fe4 x26:0x00000000  x7=0xffffffff
     241405.000 ns	     24139	800053d8	41b901b3	sub	x3,x18,x27	 x18:0x80041024 x27:0x00000000  x3=0x80041024
     241415.000 ns	     24140	800053dc	4ffe8613	addi	x12,x29,1279	 x29:0x00000000 x12=0x000004ff
     241435.000 ns	     24142	800053e0	21c82f53	fsgnjx.s	f30,f16,f28	 f16:0x7f800000 f28:0x7fc00000 f30=0x7f800000
     241485.000 ns	     24147	800053e4	08d2a753	fsub.s	f14,f5,f13	  f5:0x7fc00000 f13:0x4e954660 f14=0x7fc00000
     241505.000 ns	     24149	800053e8	e9d6ea13	ori	x20,x13,-355	 x13:0x00000001 x20=0xfffffe9d
     241525.000 ns	     24151	800053ec	d002f6d3	fcvt.s.w	f13,x5	  x5:0x00000262 f13=0x44188000
     241545.000 ns	     24153	800053f0	004aefb3	or	x31,x21,x4	 x21:0x00000262  x4:0x00000000 x31=0x00000262
     241565.000 ns	     24155	800053f4	e00980d3	fmv.x.w	x1,f19	 f19:0x5e1e050c  x1=0x5e1e050c
     241585.000 ns	     24157	800053f8	0015c133	xor	x2,x11,x1	 x11:0x00000000  x1:0x00000004  x2=0x5e1e050c
     241595.000 ns	     24158	800053fc	401907b3	sub	x15,x18,x1	 x18:0x80041024  x1:0x5e1e050c x15=0x21e60b18
     241605.000 ns	     24159	80005400	00000013	addi	x0,x0,0	  x0:0x00000000
     241625.000 ns	     24161	80005404	d00e0253	fcvt.s.w	f4,x28	 x28:0xffffffff  f4=0xbf800000
     241665.000 ns	     24165	80005408	1963c6d3	fdiv.s	f13,f7,f22	  f7:0x7f800000 f22:0x00000000 f13=0x7f800000
     241695.000 ns	     24168	8000540c	29b29753	fmax.s	f14,f5,f27	  f5:0x7fc00000 f27:0x7f800000 f14=0x7f800000
     241725.000 ns	     24171	80005410	28d31a53	fmax.s	f20,f6,f13	  f6:0x00000000 f13:0x7f800000 f20=0x7f800000
     241745.000 ns	     24173	80005414	01efd3b3	srl	x7,x31,x30	 x31:0x00000262 x30:0x51a1e000  x7=0x00000262
     241755.000 ns	     24174	80005418	01de69b3	or	x19,x28,x29	 x28:0xffffffff x29:0x00000000 x19=0xffffffff
     241765.000 ns	     24175	8000541c	9226bd93	sltiu	x27,x13,-1758	 x13:0x00000001 x27=0x00000001
     241785.000 ns	     24177	80005420	200c1f53	fsgnjn.s	f30,f24,f0	 f24:0x80000000  f0:0x3f800000 f30=0x80000000
     241805.000 ns	     24179	80005424	01dd52b3	srl	x5,x26,x29	 x26:0x00000000 x29:0x00000000  x5=0x00000000
     241825.000 ns	     24181	80005428	0300f033	remu	x0,x1,x16	  x1:0x5e1e050c x16:0x00000000
     241845.000 ns	     24183	8000542c	00000013	addi	x0,x0,0	  x0:0x00000000
     241865.000 ns	     24185	80005430	029442b3	div	x5,x8,x9	  x8:0xfffff98d  x9:0x00000000  x5=0xffffffff
     241885.000 ns	     24187	80005434	f4473b13	sltiu	x22,x14,-188	 x14:0x80000000 x22=0x00000001
     241895.000 ns	     24188	80005438	0092d2b3	srl	x5,x5,x9	  x5:0xffffffff  x9:0x00000000  x5=0xffffffff
     241905.000 ns	     24189	8000543c	01ba0b33	add	x22,x20,x27	 x20:0xfffffe9d x27:0x00000001 x22=0xfffffe9e
     241925.000 ns	     24191	80005440	c01bb8d3	fcvt.wu.s	x17,f23	 f23:0xde1e050c x17=0x00000000
     241945.000 ns	     24193	80005444	409457b3	sra	x15,x8,x9	  x8:0xfffff98d  x9:0x00000000 x15=0xfffff98d
     241955.000 ns	     24194	80005448	0130d1b3	srl	x3,x1,x19	  x1:0x5e1e050c x19:0xffffffff  x3=0x00000000
     241965.000 ns	     24195	8000544c	01e570b3	and	x1,x10,x30	 x10:0x00000000 x30:0x51a1e000  x1=0x00000000
     241985.000 ns	     24197	80005450	0386a3b3	mulhsu	x7,x13,x24	 x13:0x00000001 x24:0x3f800000  x7=0x00000000
     242005.000 ns	     24199	80005454	01e19d93	slli	x27,x3,0x1e	  x3:0x00000000 x27=0x00000000
     242015.000 ns	     24200	80005458	d7307ab7	lui	x21,0xd7307	 x21=0xd7307000
     242035.000 ns	     24202	8000545c	027af2b3	remu	x5,x21,x7	 x21:0x00000262  x7:0x00000000  x5=0xd7307000
     242055.000 ns	     24204	80005460	007075b3	and	x11,x0,x7	  x0:0x00000000  x7:0x00000000 x11=0x00000000
     242075.000 ns	     24206	80005464	a199a353	feq.s	x6,f19,f25	 f19:0x5e1e050c f25:0x80000000  x6=0x00000000
     242105.000 ns	     24209	80005468	d00df7d3	fcvt.s.w	f15,x27	 x27:0x00000000 f15=0x00000000
     242135.000 ns	     24212	8000546c	2100a0d3	fsgnjx.s	f1,f1,f16	  f1:0x4f7fffff f16:0x7f800000  f1=0x4f7fffff
     242155.000 ns	     24214	80005470	d9f472b7	lui	x5,0xd9f47	  x5=0xd9f47000
     242175.000 ns	     24216	80005474	d004f9d3	fcvt.s.w	f19,x9	  x9:0x00000000 f19=0x00000000
     242195.000 ns	     24218	80005478	4183d893	srai	x17,x7,0x18	  x7:0x00000000 x17=0x00000000
     242215.000 ns	     24220	8000547c	a1a48ad3	fle.s	x21,f9,f26	  f9:0x00000000 f26:0x00000000 x21=0x00000001
     242235.000 ns	     24222	80005480	40d5fd97	auipc	x27,0x40d5f	 x27=0xc0d64480
     242265.000 ns	     24225	80005484	58067b53	fsqrt.s	f22,f12	 f12:0x00000000 f22=0x00000000
     242315.000 ns	     24230	80005488	000186d3	fadd.s	f13,f3,f0	  f3:0x7f800000  f0:0x3f800000 f13=0x7f800000
     242335.000 ns	     24232	8000548c	9fba7e13	andi	x28,x20,-1541	 x20:0xfffffe9d x28=0xfffff899
     242355.000 ns	     24234	80005490	03ae4fb3	div	x31,x28,x26	 x28:0xffffffff x26:0x00000000 x31=0xffffffff
     242385.000 ns	     24237	80005494	21a599d3	fsgnjn.s	f19,f11,f26	 f11:0x00000000 f26:0x00000000 f19=0x80000000
     242415.000 ns	     24240	80005498	02589833	mulh	x16,x17,x5	 x17:0x00000000  x5:0xd9f47000 x16=0x00000000
     242435.000 ns	     24242	8000549c	415a56b3	sra	x13,x20,x21	 x20:0xfffffe9d x21:0x00000001 x13=0xffffff4e
     242445.000 ns	     24243	800054a0	40940db3	sub	x27,x8,x9	  x8:0xfffff98d  x9:0x00000000 x27=0xfffff98d
     242455.000 ns	     24244	800054a4	01416ab3	or	x21,x2,x20	  x2:0x5e1e050c x20:0xfffffe9d x21=0xffffff9d
     242465.000 ns	     24245	800054a8	289fda37	lui	x20,0x289fd	 x20=0x289fd000
     242825.000 ns	     24281	800054ac	03527cb3	remu	x25,x4,x21	  x4:0x00000000 x21:0x00000001 x25=0x00000000
     242855.000 ns	     24284	800054b0	217396d3	fsgnjn.s	f13,f7,f23	  f7:0x7f800000 f23:0xde1e050c f13=0x7f800000
     242885.000 ns	     24287	800054b4	03f113b3	mulh	x7,x2,x31	  x2:0x5e1e050c x31:0xffffffff  x7=0xffffffff
     243255.000 ns	     24324	800054b8	02f5d7b3	divu	x15,x11,x15	 x11:0x00000000 x15:0xfffff98d x15=0x00000000
     243285.000 ns	     24327	800054bc	e00519d3	fclass.s	x19,f10	 f10:0x00000000 x19=0x00000010
     243655.000 ns	     24364	800054c0	038cdcb3	divu	x25,x25,x24	 x25:0x00000000 x24:0x3f800000 x25=0x00000000
     243675.000 ns	     24366	800054c4	417a8033	sub	x0,x21,x23	 x21:0xffffff9d x23:0x80040fe4
     243695.000 ns	     24368	800054c8	21c00dd3	fsgnj.s	f27,f0,f28	  f0:0x3f800000 f28:0x7fc00000 f27=0x3f800000
     243715.000 ns	     24370	800054cc	2f0fb393	sltiu	x7,x31,752	 x31:0xffffffff  x7=0x00000000
     243735.000 ns	     24372	800054d0	a0e606d3	fle.s	x13,f12,f14	 f12:0x00000000 f14:0x7f800000 x13=0x00000001
     243755.000 ns	     24374	800054d4	c2d4af13	slti	x30,x9,-979	  x9:0x00000000 x30=0x00000000
     243795.000 ns	     24378	800054d8	00643ad3	fadd.s	f21,f8,f6	  f8:0x00000000  f6:0x00000000 f21=0x00000000
     243825.000 ns	     24381	800054dc	a0f92453	feq.s	x8,f18,f15	 f18:0x7fc00000 f15:0x00000000  x8=0x00000000
     243845.000 ns	     24383	800054e0	00ae9633	sll	x12,x29,x10	 x29:0x00000000 x10:0x00000000 x12=0x00000000
     243865.000 ns	     24385	800054e4	294b8fd3	fmin.s	f31,f23,f20	 f23:0xde1e050c f20:0x7f800000 f31=0xde1e050c
     243895.000 ns	     24388	800054e8	29491bd3	fmax.s	f23,f18,f20	 f18:0x7fc00000 f20:0x7f800000 f23=0x7f800000
     243925.000 ns	     24391	800054ec	0216acb3	mulhsu	x25,x13,x1	 x13:0x00000001  x1:0x00000000 x25=0x00000000
     243945.000 ns	     24393	800054f0	00000013	addi	x0,x0,0	  x0:0x00000000
     243965.000 ns	     24395	800054f4	c0169353	fcvt.wu.s	x6,f13	 f13:0x7f800000  x6=0xffffffff
     243995.000 ns	     24398	800054f8	024d7a33	remu	x20,x26,x4	 x26:0x00000000  x4:0x00000000 x20=0x00000000
     244015.000 ns	     24400	800054fc	00ec1293	slli	x5,x24,0xe	 x24:0x3f800000  x5=0x00000000
     244025.000 ns	     24401	80005500	41f156b3	sra	x13,x2,x31	  x2:0x5e1e050c x31:0xffffffff x13=0x00000000
     244045.000 ns	     24403	80005504	a12587d3	fle.s	x15,f11,f18	 f11:0x00000000 f18:0x7fc00000 x15=0x00000000
     244065.000 ns	     24405	80005508	00284eb3	xor	x29,x16,x2	 x16:0x00000000  x2:0x5e1e050c x29=0x5e1e050c
     244085.000 ns	     24407	8000550c	29c806d3	fmin.s	f13,f16,f28	 f16:0x7f800000 f28:0x7fc00000 f13=0x7f800000
     244115.000 ns	     24410	80005510	021f8fb3	mul	x31,x31,x1	 x31:0xffffffff  x1:0x00000000 x31=0x00000000
     244135.000 ns	     24412	80005514	01d39013	slli	x0,x7,0x1d	  x7:0x00000000
     244175.000 ns	     24416	80005518	00291453	fadd.s	f8,f18,f2	 f18:0x7fc00000  f2:0x00000000  f8=0x7fc00000
     244195.000 ns	     24418	8000551c	002e7533	and	x10,x28,x2	 x28:0xfffff899  x2:0x5e1e050c x10=0x5e1e0008
     244205.000 ns	     24419	80005520	009e8f33	add	x30,x29,x9	 x29:0x5e1e050c  x9:0x00000000 x30=0x5e1e050c
     244215.000 ns	     24420	80005524	8d6f3e13	sltiu	x28,x30,-1834	 x30:0x00000000 x28=0x00000001
     244225.000 ns	     24421	80005528	00a514b3	sll	x9,x10,x10	 x10:0x5e1e0008 x10:0x5e1e0008  x9=0x1e000800
     244245.000 ns	     24423	8000552c	20631dd3	fsgnjn.s	f27,f6,f6	  f6:0x00000000  f6:0x00000000 f27=0x80000000
     244265.000 ns	     24425	80005530	19b16f93	ori	x31,x2,411	  x2:0x5e1e050c x31=0x5e1e059f
     244285.000 ns	     24427	80005534	032a89b3	mul	x19,x21,x18	 x21:0xffffff9d x18:0x80041024 x19=0x7e6dc214
     244315.000 ns	     24430	80005538	20c713d3	fsgnjn.s	f7,f14,f12	 f14:0x7f800000 f12:0x00000000  f7=0xff800000
     244345.000 ns	     24433	8000553c	03414633	div	x12,x2,x20	  x2:0x5e1e050c x20:0x00000000 x12=0xffffffff
     244365.000 ns	     24435	80005540	09779217	auipc	x4,0x9779	  x4=0x8977e540
     244395.000 ns	     24438	80005544	580af653	fsqrt.s	f12,f21	 f21:0x00000000 f12=0x00000000
     244425.000 ns	     24441	80005548	a15c2c53	feq.s	x24,f24,f21	 f24:0x80000000 f21:0x00000000 x24=0x00000001
     244455.000 ns	     24444	8000554c	298003d3	fmin.s	f7,f0,f24	  f0:0x3f800000 f24:0x80000000  f7=0x80000000
     244825.000 ns	     24481	80005550	03544833	div	x16,x8,x21	  x8:0x00000000 x21:0xffffff9d x16=0x00000000
     244855.000 ns	     24484	80005554	a0a88f53	fle.s	x30,f17,f10	 f17:0x4f000410 f10:0x00000000 x30=0x00000000
     244875.000 ns	     24486	80005558	01f60e33	add	x28,x12,x31	 x12:0xffffffff x31:0x5e1e059f x28=0x5e1e059e
     244895.000 ns	     24488	8000555c	e00387d3	fmv.x.w	x15,f7	  f7:0x80000000 x15=0x80000000
     244925.000 ns	     24491	80005560	297b1753	fmax.s	f14,f22,f23	 f22:0x00000000 f23:0x7f800000 f14=0x7f800000
     244945.000 ns	     24493	80005564	41065013	srai	x0,x12,0x10	 x12:0xffffffff
     244955.000 ns	     24494	80005568	418604b3	sub	x9,x12,x24	 x12:0xffffffff x24:0x00000001  x9=0xfffffffe
     244995.000 ns	     24498	8000556c	09393c53	fsub.s	f24,f18,f19	 f18:0x7fc00000 f19:0x80000000 f24=0x7fc00000
     245025.000 ns	     24501	80005570	e0030f53	fmv.x.w	x30,f6	  f6:0x00000000 x30=0x00000000
     245045.000 ns	     24503	80005574	4082d393	srai	x7,x5,0x8	  x5:0x00000000  x7=0x00000000
     245055.000 ns	     24504	80005578	6c6a3493	sltiu	x9,x20,1734	 x20:0x00000000  x9=0x00000001
     246225.000 ns	     24621	8000557c	580078d3	fsqrt.s	f17,f0	  f0:0x3f800000 f17=0x3f7fffae
     246255.000 ns	     24624	80005580	d01a0253	fcvt.s.wu	f4,x20	 x20:0x00000000  f4=0x00000000
     246285.000 ns	     24627	80005584	031335b3	mulhu	x11,x6,x17	  x6:0xffffffff x17:0x00000000 x11=0x00000000
     246305.000 ns	     24629	80005588	a094e813	ori	x16,x9,-1527	  x9:0x00000001 x16=0xfffffa09
     246325.000 ns	     24631	8000558c	02b3a633	mulhsu	x12,x7,x11	  x7:0x00000000 x11:0x00000000 x12=0x00000000
     246345.000 ns	     24633	80005590	40d6d093	srai	x1,x13,0xd	 x13:0x00000000  x1=0x00000000
     246355.000 ns	     24634	80005594	e4be8e93	addi	x29,x29,-437	 x29:0x5e1e050c x29=0x5e1e0357
     246365.000 ns	     24635	80005598	00eded33	or	x26,x27,x14	 x27:0xfffff98d x14:0x80000000 x26=0xfffff98d
     246385.000 ns	     24637	8000559c	210f0253	fsgnj.s	f4,f30,f16	 f30:0x80000000 f16:0x7f800000  f4=0x00000000
     246415.000 ns	     24640	800055a0	a0f1a653	feq.s	x12,f3,f15	  f3:0x7f800000 f15:0x00000000 x12=0x00000000
     246465.000 ns	     24645	800055a4	009c32d3	fadd.s	f5,f24,f9	 f24:0x7fc00000  f9:0x00000000  f5=0x7fc00000
     246495.000 ns	     24648	800055a8	218a09d3	fsgnj.s	f19,f20,f24	 f20:0x7f800000 f24:0x7fc00000 f19=0x7f800000
     246525.000 ns	     24651	800055ac	285f9153	fmax.s	f2,f31,f5	 f31:0xde1e050c  f5:0x7fc00000  f2=0xde1e050c
     246545.000 ns	     24653	800055b0	00f815b3	sll	x11,x16,x15	 x16:0xfffffa09 x15:0x80000000 x11=0xfffffa09
     246555.000 ns	     24654	800055b4	9fae2313	slti	x6,x28,-1542	 x28:0x5e1e059e  x6=0x00000000
     246565.000 ns	     24655	800055b8	01051693	slli	x13,x10,0x10	 x10:0x5e1e0008 x13=0x00080000
     246575.000 ns	     24656	800055bc	011ed313	srli	x6,x29,0x11	 x29:0x5e1e0357  x6=0x00002f0f
     246585.000 ns	     24657	800055c0	c5d9fa93	andi	x21,x19,-931	 x19:0x7e6dc214 x21=0x7e6dc014
     246595.000 ns	     24658	800055c4	89118a93	addi	x21,x3,-1903	  x3:0x00000000 x21=0xfffff891
     246605.000 ns	     24659	800055c8	00000013	addi	x0,x0,0	  x0:0x00000000
     246615.000 ns	     24660	800055cc	0141a233	slt	x4,x3,x20	  x3:0x00000000 x20:0x00000000  x4=0x00000000
     246635.000 ns	     24662	800055d0	0249b033	mulhu	x0,x19,x4	 x19:0x7e6dc214  x4:0x8977e540
     246665.000 ns	     24665	800055d4	a17c14d3	flt.s	x9,f24,f23	 f24:0x7fc00000 f23:0x7f800000  x9=0x00000000
     246685.000 ns	     24667	800055d8	0dd23297	auipc	x5,0xdd23	  x5=0x8dd285d8
     246705.000 ns	     24669	800055dc	d006f4d3	fcvt.s.w	f9,x13	 x13:0x00080000  f9=0x49000000
     246735.000 ns	     24672	800055e0	a1e5aa53	feq.s	x20,f11,f30	 f11:0x00000000 f30:0x80000000 x20=0x00000001
     246765.000 ns	     24675	800055e4	c0189153	fcvt.wu.s	x2,f17	 f17:0x3f7fffae  x2=0x00000000
     246785.000 ns	     24677	800055e8	2ee58593	addi	x11,x11,750	 x11:0xfffffa09 x11=0xfffffcf7
     246795.000 ns	     24678	800055ec	f419e493	ori	x9,x19,-191	 x19:0x7e6dc214  x9=0xffffff55
     246805.000 ns	     24679	800055f0	00309893	slli	x17,x1,0x3	  x1:0x00000000 x17=0x00000000
     246825.000 ns	     24681	800055f4	d0128953	fcvt.s.wu	f18,x5	  x5:0x8dd285d8 f18=0x4f0dd286
     246845.000 ns	     24683	800055f8	0169edb3	or	x27,x19,x22	 x19:0x7e6dc214 x22:0xfffffe9e x27=0xfffffe9e
     246855.000 ns	     24684	800055fc	33158f13	addi	x30,x11,817	 x11:0xfffffcf7 x30=0x00000028
     247215.000 ns	     24720	80005600	026ac5b3	div	x11,x21,x6	 x21:0xfffff891  x6:0x00002f0f x11=0x00000000
     247255.000 ns	     24724	80005604	1874a953	fdiv.s	f18,f9,f7	  f9:0x49000000  f7:0x80000000 f18=0xff800000
     247275.000 ns	     24726	80005608	7290aa93	slti	x21,x1,1833	  x1:0x00000000 x21=0x00000001
     247295.000 ns	     24728	8000560c	a0dca553	feq.s	x10,f25,f13	 f25:0x80000000 f13:0x7f800000 x10=0x00000000
     247335.000 ns	     24732	80005610	106b1ad3	fmul.s	f21,f22,f6	 f22:0x00000000  f6:0x00000000 f21=0x00000000
     247355.000 ns	     24734	80005614	a401ab13	slti	x22,x3,-1472	  x3:0x00000000 x22=0x00000000
     247365.000 ns	     24735	80005618	414e0d93	addi	x27,x28,1044	 x28:0x5e1e059e x27=0x5e1e09b2
     247375.000 ns	     24736	8000561c	007e61b3	or	x3,x28,x7	 x28:0x5e1e059e  x7:0x00000000  x3=0x5e1e059e
     247385.000 ns	     24737	80005620	00b418b3	sll	x17,x8,x11	  x8:0x00000000 x11:0x00000000 x17=0x00000000
     247405.000 ns	     24739	80005624	e00b8b53	fmv.x.w	x22,f23	 f23:0x7f800000 x22=0x7f800000
     247435.000 ns	     24742	80005628	02107a33	remu	x20,x0,x1	  x0:0x00000000  x1:0x00000000 x20=0x00000000
     247465.000 ns	     24745	8000562c	d00d8cd3	fcvt.s.w	f25,x27	 x27:0x5e1e09b2 f25=0x4ebc3c13
     247495.000 ns	     24748	80005630	038aacb3	mulhsu	x25,x21,x24	 x21:0x00000001 x24:0x00000001 x25=0x00000000
     247525.000 ns	     24751	80005634	e0008dd3	fmv.x.w	x27,f1	  f1:0x4f7fffff x27=0x4f7fffff
     247555.000 ns	     24754	80005638	a1e897d3	flt.s	x15,f17,f30	 f17:0x3f7fffae f30:0x80000000 x15=0x00000000
     247585.000 ns	     24757	8000563c	d01af153	fcvt.s.wu	f2,x21	 x21:0x00000001  f2=0x3f800000
     247615.000 ns	     24760	80005640	c0127853	fcvt.wu.s	x16,f4	  f4:0x00000000 x16=0x00000000
     247645.000 ns	     24763	80005644	c00ef153	fcvt.w.s	x2,f29	 f29:0x00000000  x2=0x00000000
     247665.000 ns	     24765	80005648	41f904b3	sub	x9,x18,x31	 x18:0x80041024 x31:0x5e1e059f  x9=0x21e60a85
     247675.000 ns	     24766	8000564c	00b8bd33	sltu	x26,x17,x11	 x17:0x00000000 x11:0x00000000 x26=0x00000000
     248845.000 ns	     24883	80005650	5808f153	fsqrt.s	f2,f17	 f17:0x3f7fffae  f2=0x3f35042a
     248875.000 ns	     24886	80005654	21070753	fsgnj.s	f14,f14,f16	 f14:0x7f800000 f16:0x7f800000 f14=0x7f800000
     248905.000 ns	     24889	80005658	e00097d3	fclass.s	x15,f1	  f1:0x4f7fffff x15=0x00000040
     248945.000 ns	     24893	8000565c	58037d53	fsqrt.s	f26,f6	  f6:0x00000000 f26=0x00000000
     248965.000 ns	     24895	80005660	128f7193	andi	x3,x30,296	 x30:0x00000028  x3=0x00000028
     248985.000 ns	     24897	80005664	a0b12653	feq.s	x12,f2,f11	  f2:0x3f35042a f11:0x00000000 x12=0x00000000
     249015.000 ns	     24900	80005668	c00c33d3	fcvt.w.s	x7,f24	 f24:0x7fc00000  x7=0x7fffffff
     249035.000 ns	     24902	8000566c	406b88b3	sub	x17,x23,x6	 x23:0x80040fe4  x6:0x00002f0f x17=0x8003e0d5
     249045.000 ns	     24903	80005670	d33c2097	auipc	x1,0xd33c2	  x1=0x533c7670
     249055.000 ns	     24904	80005674	cb020997	auipc	x19,0xcb020	 x19=0x4b025674
     249065.000 ns	     24905	80005678	004f7633	and	x12,x30,x4	 x30:0x00000028  x4:0x00000000 x12=0x00000000
     249085.000 ns	     24907	8000567c	03ac50b3	divu	x1,x24,x26	 x24:0x00000001 x26:0x00000000  x1=0xffffffff
     249105.000 ns	     24909	80005680	004079b3	and	x19,x0,x4	  x0:0x00000000  x4:0x00000000 x19=0x00000000
     249115.000 ns	     24910	80005684	40a95f93	srai	x31,x18,0xa	 x18:0x80041024 x31=0xffe00104
     249135.000 ns	     24912	80005688	035ea3b3	mulhsu	x7,x29,x21	 x29:0x5e1e0357 x21:0x00000001  x7=0x00000000
     249165.000 ns	     24915	8000568c	21238ed3	fsgnj.s	f29,f7,f18	  f7:0x80000000 f18:0xff800000 f29=0x80000000
     249195.000 ns	     24918	80005690	03907533	remu	x10,x0,x25	  x0:0x00000000 x25:0x00000000 x10=0x00000000
     249215.000 ns	     24920	80005694	7d92a793	slti	x15,x5,2009	  x5:0x8dd285d8 x15=0x00000001
     249225.000 ns	     24921	80005698	016cde93	srli	x29,x25,0x16	 x25:0x00000000 x29=0x00000000
     249235.000 ns	     24922	8000569c	41d0d793	srai	x15,x1,0x1d	  x1:0xffffffff x15=0xffffffff
     249255.000 ns	     24924	800056a0	203b14d3	fsgnjn.s	f9,f22,f3	 f22:0x00000000  f3:0x7f800000  f9=0x80000000
     249285.000 ns	     24927	800056a4	21579153	fsgnjn.s	f2,f15,f21	 f15:0x00000000 f21:0x00000000  f2=0x80000000
     249305.000 ns	     24929	800056a8	00f55633	srl	x12,x10,x15	 x10:0x00000000 x15:0xffffffff x12=0x00000000
     249325.000 ns	     24931	800056ac	d0098753	fcvt.s.w	f14,x19	 x19:0x00000000 f14=0x00000000
     249355.000 ns	     24934	800056b0	c010a6d3	fcvt.wu.s	x13,f1	  f1:0x4f7fffff x13=0xffffff00
     249375.000 ns	     24936	800056b4	2e6ff213	andi	x4,x31,742	 x31:0xffe00104  x4=0x00000004
     249395.000 ns	     24938	800056b8	0387a0b3	mulhsu	x1,x15,x24	 x15:0xffffffff x24:0x00000001  x1=0xffffffff
     249425.000 ns	     24941	800056bc	023231b3	mulhu	x3,x4,x3	  x4:0x00000000  x3:0x00000028  x3=0x00000000
     249445.000 ns	     24943	800056c0	964e8393	addi	x7,x29,-1692	 x29:0x00000000  x7=0xfffff964
     249465.000 ns	     24945	800056c4	027232b3	mulhu	x5,x4,x7	  x4:0x00000004  x7:0x00000000  x5=0x00000003
     249485.000 ns	     24947	800056c8	0151c1b3	xor	x3,x3,x21	  x3:0x00000000 x21:0x00000001  x3=0x00000001
     249515.000 ns	     24950	800056cc	11251253	fmul.s	f4,f10,f18	 f10:0x00000000 f18:0xff800000  f4=0x7fc00000
     249535.000 ns	     24952	800056d0	5664df37	lui	x30,0x5664d	 x30=0x5664d000
     249545.000 ns	     24953	800056d4	49610193	addi	x3,x2,1174	  x2:0x00000000  x3=0x00000496
     249555.000 ns	     24954	800056d8	1713b517	auipc	x10,0x1713b	 x10=0x971406d8
     249575.000 ns	     24956	800056dc	a07790d3	flt.s	x1,f15,f7	 f15:0x00000000  f7:0x80000000  x1=0x00000000
     249605.000 ns	     24959	800056e0	03af5133	divu	x2,x30,x26	 x30:0x5664d000 x26:0x00000000  x2=0xffffffff
     249625.000 ns	     24961	800056e4	0134cc33	xor	x24,x9,x19	  x9:0x21e60a85 x19:0x00000000 x24=0x21e60a85
     249645.000 ns	     24963	800056e8	c001f3d3	fcvt.w.s	x7,f3	  f3:0x7f800000  x7=0x7fffffff
     249665.000 ns	     24965	800056ec	004790b3	sll	x1,x15,x4	 x15:0xffffffff  x4:0x00000004  x1=0xfffffff0
     250025.000 ns	     25001	800056f0	021177b3	remu	x15,x2,x1	  x2:0xffffffff  x1:0x00000000 x15=0x0000000f
     250045.000 ns	     25003	800056f4	2ef57413	andi	x8,x10,751	 x10:0x971406d8  x8=0x000002c8
     250065.000 ns	     25005	800056f8	e00e1353	fclass.s	x6,f28	 f28:0x7fc00000  x6=0x00000200
     250095.000 ns	     25008	800056fc	211399d3	fsgnjn.s	f19,f7,f17	  f7:0x80000000 f17:0x3f7fffae f19=0x80000000
     250125.000 ns	     25011	80005700	030cd333	divu	x6,x25,x16	 x25:0x00000000 x16:0x00000000  x6=0xffffffff
     250155.000 ns	     25014	80005704	20331353	fsgnjn.s	f6,f6,f3	  f6:0x00000000  f3:0x7f800000  f6=0x80000000
     250175.000 ns	     25016	80005708	40e7d393	srai	x7,x15,0xe	 x15:0x0000000f  x7=0x00000000
     250195.000 ns	     25018	8000570c	29428bd3	fmin.s	f23,f5,f20	  f5:0x7fc00000 f20:0x7f800000 f23=0x7f800000
     250215.000 ns	     25020	80005710	00484133	xor	x2,x16,x4	 x16:0x00000000  x4:0x00000004  x2=0x00000004
     250225.000 ns	     25021	80005714	adbde493	ori	x9,x27,-1317	 x27:0x4f7fffff  x9=0xffffffff
     250235.000 ns	     25022	80005718	b3338e93	addi	x29,x7,-1229	  x7:0x00000000 x29=0xfffffb33
     250255.000 ns	     25024	8000571c	03ffb9b3	mulhu	x19,x31,x31	 x31:0xffe00104 x31:0xffe00104 x19=0xffc00607
     250275.000 ns	     25026	80005720	01c44833	xor	x16,x8,x28	  x8:0x000002c8 x28:0x5e1e059e x16=0x5e1e0756
     250285.000 ns	     25027	80005724	44877513	andi	x10,x14,1096	 x14:0x80000000 x10=0x00000000
     250295.000 ns	     25028	80005728	b3f4e297	auipc	x5,0xb3f4e	  x5=0x33f53728
     250315.000 ns	     25030	8000572c	2088a453	fsgnjx.s	f8,f17,f8	 f17:0x3f7fffae  f8:0x7fc00000  f8=0x3f7fffae
     250685.000 ns	     25067	80005730	03dddf33	divu	x30,x27,x29	 x27:0x4f7fffff x29:0xfffffb33 x30=0x00000000
     250715.000 ns	     25070	80005734	f00d07d3	fmv.w.x	f15,x26	 x26:0x00000000 f15=0x00000000
     250745.000 ns	     25073	80005738	e00f07d3	fmv.x.w	x15,f30	 f30:0x80000000 x15=0x80000000
     250765.000 ns	     25075	8000573c	0b7e0f13	addi	x30,x28,183	 x28:0x5e1e059e x30=0x5e1e0655
     250775.000 ns	     25076	80005740	850e0993	addi	x19,x28,-1968	 x28:0x5e1e059e x19=0x5e1dfdee
     250795.000 ns	     25078	80005744	03483db3	mulhu	x27,x16,x20	 x16:0x5e1e0756 x20:0x00000000 x27=0x00000000
     250815.000 ns	     25080	80005748	2a8988b7	lui	x17,0x2a898	 x17=0x2a898000
     250825.000 ns	     25081	8000574c	007cbd33	sltu	x26,x25,x7	 x25:0x00000000  x7:0x00000000 x26=0x00000000
     250835.000 ns	     25082	80005750	0125dc93	srli	x25,x11,0x12	 x11:0x00000000 x25=0x00000000
     250845.000 ns	     25083	80005754	00a213b3	sll	x7,x4,x10	  x4:0x00000004 x10:0x00000000  x7=0x00000004
     251205.000 ns	     25119	80005758	022244b3	div	x9,x4,x2	  x4:0x00000004  x2:0x00000004  x9=0x00000001
     251225.000 ns	     25121	8000575c	01782433	slt	x8,x16,x23	 x16:0x5e1e0756 x23:0x80040fe4  x8=0x00000000
     251245.000 ns	     25123	80005760	a05109d3	fle.s	x19,f2,f5	  f2:0x80000000  f5:0x7fc00000 x19=0x00000000
     251275.000 ns	     25126	80005764	a05da3d3	feq.s	x7,f27,f5	 f27:0x80000000  f5:0x7fc00000  x7=0x00000000
     251305.000 ns	     25129	80005768	02790f33	mul	x30,x18,x7	 x18:0x80041024  x7:0x00000004 x30=0x00000000
     251325.000 ns	     25131	8000576c	92942693	slti	x13,x8,-1751	  x8:0x00000000 x13=0x00000000
     251345.000 ns	     25133	80005770	026888b3	mul	x17,x17,x6	 x17:0x2a898000  x6:0xffffffff x17=0xd5768000
     251375.000 ns	     25136	80005774	293612d3	fmax.s	f5,f12,f19	 f12:0x00000000 f19:0x80000000  f5=0x00000000
     251405.000 ns	     25139	80005778	2007a353	fsgnjx.s	f6,f15,f0	 f15:0x00000000  f0:0x3f800000  f6=0x00000000
     251435.000 ns	     25142	8000577c	a0001453	flt.s	x8,f0,f0	  f0:0x3f800000  f0:0x3f800000  x8=0x00000000
     251465.000 ns	     25145	80005780	20ed0dd3	fsgnj.s	f27,f26,f14	 f26:0x00000000 f14:0x00000000 f27=0x00000000
     252645.000 ns	     25263	80005784	580034d3	fsqrt.s	f9,f0	  f0:0x3f800000  f9=0x3f7fffae
     252665.000 ns	     25265	80005788	cfbb8693	addi	x13,x23,-773	 x23:0x80040fe4 x13=0x80040cdf
     252705.000 ns	     25269	8000578c	08aa7fd3	fsub.s	f31,f20,f10	 f20:0x7f800000 f10:0x00000000 f31=0x7f800000
     252735.000 ns	     25272	80005790	284e0753	fmin.s	f14,f28,f4	 f28:0x7fc00000  f4:0x7fc00000 f14=0x7fc00000
     252785.000 ns	     25277	80005794	000977d3	fadd.s	f15,f18,f0	 f18:0xff800000  f0:0x3f800000 f15=0xff800000
     252815.000 ns	     25280	80005798	a1ab87d3	fle.s	x15,f23,f26	 f23:0x7f800000 f26:0x00000000 x15=0x00000000
     252845.000 ns	     25283	8000579c	c0049853	fcvt.w.s	x16,f9	  f9:0x3f7fffae x16=0x00000000
     252865.000 ns	     25285	800057a0	00000013	addi	x0,x0,0	  x0:0x00000000
     252885.000 ns	     25287	800057a4	030e7a33	remu	x20,x28,x16	 x28:0x5e1e059e x16:0x00000000 x20=0x5e1e059e
     252905.000 ns	     25289	800057a8	00e832b3	sltu	x5,x16,x14	 x16:0x00000000 x14:0x80000000  x5=0x00000001
     252925.000 ns	     25291	800057ac	c00f40d3	fcvt.w.s	x1,f30	 f30:0x80000000  x1=0x00000000
     252965.000 ns	     25295	800057b0	181d08d3	fdiv.s	f17,f26,f1	 f26:0x00000000  f1:0x4f7fffff f17=0x00000000
     252985.000 ns	     25297	800057b4	01b4cd33	xor	x26,x9,x27	  x9:0x00000001 x27:0x00000000 x26=0x00000001
     253015.000 ns	     25300	800057b8	18a608d3	fdiv.s	f17,f12,f10	 f12:0x00000000 f10:0x00000000 f17=0x7fc00000
     253035.000 ns	     25302	800057bc	0130c6b3	xor	x13,x1,x19	  x1:0x00000000 x19:0x00000000 x13=0x00000000
     253055.000 ns	     25304	800057c0	a06004d3	fle.s	x9,f0,f6	  f0:0x3f800000  f6:0x00000000  x9=0x00000000
     253085.000 ns	     25307	800057c4	21719ad3	fsgnjn.s	f21,f3,f23	  f3:0x7f800000 f23:0x7f800000 f21=0xff800000
     253105.000 ns	     25309	800057c8	97653a13	sltiu	x20,x10,-1674	 x10:0x00000000 x20=0x00000001
     253125.000 ns	     25311	800057cc	29e71453	fmax.s	f8,f14,f30	 f14:0x7fc00000 f30:0x80000000  f8=0x80000000
     253145.000 ns	     25313	800057d0	589c0e13	addi	x28,x24,1417	 x24:0x21e60a85 x28=0x21e6100e
     253175.000 ns	     25316	800057d4	115c1153	fmul.s	f2,f24,f21	 f24:0x7fc00000 f21:0xff800000  f2=0x7fc00000
     253205.000 ns	     25319	800057d8	f00a88d3	fmv.w.x	f17,x21	 x21:0x00000001 f17=0x00000001
     253245.000 ns	     25323	800057dc	580c0f53	fsqrt.s	f30,f24	 f24:0x7fc00000 f30=0x7fc00000
     253275.000 ns	     25326	800057e0	219506d3	fsgnj.s	f13,f10,f25	 f10:0x00000000 f25:0x4ebc3c13 f13=0x00000000
     253295.000 ns	     25328	800057e4	35d8c513	xori	x10,x17,861	 x17:0xd5768000 x10=0xd576835d
     253305.000 ns	     25329	800057e8	012fceb3	xor	x29,x31,x18	 x31:0xffe00104 x18:0x80041024 x29=0x7fe41120
     253325.000 ns	     25331	800057ec	02f312b3	mulh	x5,x6,x15	  x6:0xffffffff x15:0x00000000  x5=0x00000000
     253345.000 ns	     25333	800057f0	40b65d13	srai	x26,x12,0xb	 x12:0x00000000 x26=0x00000000
     253355.000 ns	     25334	800057f4	4927a593	slti	x11,x15,1170	 x15:0x00000000 x11=0x00000001
     253375.000 ns	     25336	800057f8	03b4df33	divu	x30,x9,x27	  x9:0x00000000 x27:0x00000000 x30=0xffffffff
     253395.000 ns	     25338	800057fc	00d55d13	srli	x26,x10,0xd	 x10:0xd576835d x26=0x0006abb4
     253415.000 ns	     25340	80005800	02c0eb33	rem	x22,x1,x12	  x1:0x00000000 x12:0x00000000 x22=0x00000000
     253435.000 ns	     25342	80005804	01edbb33	sltu	x22,x27,x30	 x27:0x00000000 x30:0xffffffff x22=0x00000001
     253455.000 ns	     25344	80005808	28349ed3	fmax.s	f29,f9,f3	  f9:0x3f7fffae  f3:0x7f800000 f29=0x7f800000
     253475.000 ns	     25346	8000580c	41105eb3	sra	x29,x0,x17	  x0:0x00000000 x17:0xd5768000 x29=0x00000000
     253495.000 ns	     25348	80005810	c0148553	fcvt.wu.s	x10,f9	  f9:0x3f7fffae x10=0x00000001
     253515.000 ns	     25350	80005814	009a9533	sll	x10,x21,x9	 x21:0x00000001  x9:0x00000000 x10=0x00000001
     253535.000 ns	     25352	80005818	a0c4add3	feq.s	x27,f9,f12	  f9:0x3f7fffae f12:0x00000000 x27=0x00000000
     253565.000 ns	     25355	8000581c	d01c0ed3	fcvt.s.wu	f29,x24	 x24:0x21e60a85 f29=0x4e07982a
     253585.000 ns	     25357	80005820	d1b3e313	ori	x6,x7,-741	  x7:0x00000000  x6=0xfffffd1b
     253595.000 ns	     25358	80005824	01c49633	sll	x12,x9,x28	  x9:0x00000000 x28:0x21e6100e x12=0x00000000
     253615.000 ns	     25360	80005828	c00f4dd3	fcvt.w.s	x27,f30	 f30:0x7fc00000 x27=0x7fffffff
     253645.000 ns	     25363	8000582c	e00c9553	fclass.s	x10,f25	 f25:0x4ebc3c13 x10=0x00000040
     253675.000 ns	     25366	80005830	a1ae28d3	feq.s	x17,f28,f26	 f28:0x7fc00000 f26:0x00000000 x17=0x00000000
     253725.000 ns	     25371	80005834	098af9d3	fsub.s	f19,f21,f24	 f21:0xff800000 f24:0x7fc00000 f19=0x7fc00000
     253755.000 ns	     25374	80005838	d009b5d3	fcvt.s.w	f11,x19	 x19:0x00000000 f11=0x00000000
     253775.000 ns	     25376	8000583c	00a7feb3	and	x29,x15,x10	 x15:0x00000000 x10:0x00000040 x29=0x00000000
     253795.000 ns	     25378	80005840	020b2cb3	mulhsu	x25,x22,x0	 x22:0x00000001  x0:0x00000000 x25=0x00000000
     253825.000 ns	     25381	80005844	020d45b3	div	x11,x26,x0	 x26:0x0006abb4  x0:0x00000000 x11=0xffffffff
     253845.000 ns	     25383	80005848	0e4ecd13	xori	x26,x29,228	 x29:0x00000000 x26=0x000000e4
     253865.000 ns	     25385	8000584c	03ec13b3	mulh	x7,x24,x30	 x24:0x21e60a85 x30:0xffffffff  x7=0xffffffff
     253895.000 ns	     25388	80005850	03dc67b3	rem	x15,x24,x29	 x24:0x21e60a85 x29:0x00000000 x15=0x21e60a85
     253915.000 ns	     25390	80005854	28aad237	lui	x4,0x28aad	  x4=0x28aad000
     253935.000 ns	     25392	80005858	298e9153	fmax.s	f2,f29,f24	 f29:0x4e07982a f24:0x7fc00000  f2=0x4e07982a
     253965.000 ns	     25395	8000585c	02c40db3	mul	x27,x8,x12	  x8:0x00000000 x12:0x00000000 x27=0x00000000
     253985.000 ns	     25397	80005860	00000013	addi	x0,x0,0	  x0:0x00000000
     253995.000 ns	     25398	80005864	01a3a3b3	slt	x7,x7,x26	  x7:0xffffffff x26:0x000000e4  x7=0x00000001
     254005.000 ns	     25399	80005868	104f0637	lui	x12,0x104f0	 x12=0x104f0000
     254015.000 ns	     25400	8000586c	01cbf233	and	x4,x23,x28	 x23:0x80040fe4 x28:0x21e6100e  x4=0x00040004
     254035.000 ns	     25402	80005870	e0081e53	fclass.s	x28,f16	 f16:0x7f800000 x28=0x00000080
     254055.000 ns	     25404	80005874	4bcf4313	xori	x6,x30,1212	 x30:0xffffffff  x6=0xfffffb43
     254065.000 ns	     25405	80005878	00000013	addi	x0,x0,0	  x0:0x00000000
     254075.000 ns	     25406	8000587c	47606a93	ori	x21,x0,1142	  x0:0x00000000 x21=0x00000476
     254085.000 ns	     25407	80005880	c3546037	lui	x0,0xc3546	
     254095.000 ns	     25408	80005884	f70aef93	ori	x31,x21,-144	 x21:0x00000001 x31=0xffffff76
     254125.000 ns	     25411	80005888	190f8153	fdiv.s	f2,f31,f16	 f31:0x7f800000 f16:0x7f800000  f2=0x7fc00000
     254145.000 ns	     25413	8000588c	640e4293	xori	x5,x28,1600	 x28:0x00000080  x5=0x000006c0
     254165.000 ns	     25415	80005890	03d5cf33	div	x30,x11,x29	 x11:0xffffffff x29:0x00000000 x30=0xffffffff
     254185.000 ns	     25417	80005894	41bed313	srai	x6,x29,0x1b	 x29:0x00000000  x6=0x00000000
     254205.000 ns	     25419	80005898	28f402d3	fmin.s	f5,f8,f15	  f8:0x80000000 f15:0xff800000  f5=0xff800000
     254225.000 ns	     25421	8000589c	0190c0b3	xor	x1,x1,x25	  x1:0x00000000 x25:0x00000000  x1=0x00000000
     254585.000 ns	     25457	800058a0	02bede33	divu	x28,x29,x11	 x29:0x00000000 x11:0xffffffff x28=0x00000000
     254635.000 ns	     25462	800058a4	0836c753	fsub.s	f14,f13,f3	 f13:0x00000000  f3:0x7f800000 f14=0xff800000
     255005.000 ns	     25499	800058a8	027fc333	div	x6,x31,x7	 x31:0xffffff76  x7:0x00000001  x6=0xffffff76
     255035.000 ns	     25502	800058ac	d019fcd3	fcvt.s.wu	f25,x19	 x19:0x00000000 f25=0x00000000
     255405.000 ns	     25539	800058b0	0253f5b3	remu	x11,x7,x5	  x7:0x00000001  x5:0x000006c0 x11=0x00000001
     255435.000 ns	     25542	800058b4	c01e0353	fcvt.wu.s	x6,f28	 f28:0x7fc00000  x6=0xffffffff
     255465.000 ns	     25545	800058b8	02da1633	mulh	x12,x20,x13	 x20:0x00000001 x13:0x00000000 x12=0x00000000
     255495.000 ns	     25548	800058bc	a19c0fd3	fle.s	x31,f24,f25	 f24:0x7fc00000 f25:0x00000000 x31=0x00000000
     255525.000 ns	     25551	800058c0	f0048a53	fmv.w.x	f20,x9	  x9:0x00000000 f20=0x00000000
     255545.000 ns	     25553	800058c4	0132c533	xor	x10,x5,x19	  x5:0x000006c0 x19:0x00000000 x10=0x000006c0
     255555.000 ns	     25554	800058c8	03dfa093	slti	x1,x31,61	 x31:0x00000000  x1=0x00000001
     255585.000 ns	     25557	800058cc	11eef953	fmul.s	f18,f29,f30	 f29:0x4e07982a f30:0x7fc00000 f18=0x7fc00000
     255625.000 ns	     25561	800058d0	11b8bd53	fmul.s	f26,f17,f27	 f17:0x00000001 f27:0x00000000 f26=0x00000000
     255655.000 ns	     25564	800058d4	a0f78453	fle.s	x8,f15,f15	 f15:0xff800000 f15:0xff800000  x8=0x00000001
     255685.000 ns	     25567	800058d8	a0080053	fle.s	x0,f16,f0	 f16:0x7f800000  f0:0x3f800000
     255715.000 ns	     25570	800058dc	d018c653	fcvt.s.wu	f12,x17	 x17:0x00000000 f12=0x00000000
     255735.000 ns	     25572	800058e0	781b4513	xori	x10,x22,1921	 x22:0x00000001 x10=0x00000780
     255745.000 ns	     25573	800058e4	0084deb3	srl	x29,x9,x8	  x9:0x00000000  x8:0x00000001 x29=0x00000000
     255755.000 ns	     25574	800058e8	0063a433	slt	x8,x7,x6	  x7:0x00000001  x6:0xffffffff  x8=0x00000000
     255775.000 ns	     25576	800058ec	02e13c33	mulhu	x24,x2,x14	  x2:0x00000004 x14:0x80000000 x24=0x00000002
     255795.000 ns	     25578	800058f0	01e29eb3	sll	x29,x5,x30	  x5:0x000006c0 x30:0xffffffff x29=0x00000000
     255825.000 ns	     25581	800058f4	19231353	fdiv.s	f6,f6,f18	  f6:0x00000000 f18:0x7fc00000  f6=0x7fc00000
     255855.000 ns	     25584	800058f8	f0060a53	fmv.w.x	f20,x12	 x12:0x00000000 f20=0x00000000
     255885.000 ns	     25587	800058fc	a0cf8553	fle.s	x10,f31,f12	 f31:0x7f800000 f12:0x00000000 x10=0x00000000
     255905.000 ns	     25589	80005900	c0fc2493	slti	x9,x24,-1009	 x24:0x00000002  x9=0x00000000
     255925.000 ns	     25591	80005904	0391f0b3	remu	x1,x3,x25	  x3:0x00000496 x25:0x00000000  x1=0x00000496
     255945.000 ns	     25593	80005908	00380833	add	x16,x16,x3	 x16:0x00000000  x3:0x00000496 x16=0x00000496
     255955.000 ns	     25594	8000590c	00000013	addi	x0,x0,0	  x0:0x00000000
     255965.000 ns	     25595	80005910	9a22b813	sltiu	x16,x5,-1630	  x5:0x000006c0 x16=0x00000001
     255975.000 ns	     25596	80005914	0104de93	srli	x29,x9,0x10	  x9:0x00000000 x29=0x00000000
     255995.000 ns	     25598	80005918	03fd6433	rem	x8,x26,x31	 x26:0x000000e4 x31:0x00000000  x8=0x000000e4
     256015.000 ns	     25600	8000591c	7beaa217	auipc	x4,0x7beaa	  x4=0xfbeaf91c
     256045.000 ns	     25603	80005920	58072b53	fsqrt.s	f22,f14	 f14:0xff800000 f22=0x7fc00000
     256065.000 ns	     25605	80005924	b33f7693	andi	x13,x30,-1229	 x30:0xffffffff x13=0xfffffb33
     256105.000 ns	     25609	80005928	012f7253	fadd.s	f4,f30,f18	 f30:0x7fc00000 f18:0x7fc00000  f4=0x7fc00000
     256135.000 ns	     25612	8000592c	034b1f33	mulh	x30,x22,x20	 x22:0x00000001 x20:0x00000001 x30=0x00000000
     256155.000 ns	     25614	80005930	00000013	addi	x0,x0,0	  x0:0x00000000
     256175.000 ns	     25616	80005934	d01af153	fcvt.s.wu	f2,x21	 x21:0x00000476  f2=0x448ec000
     256205.000 ns	     25619	80005938	d01ff6d3	fcvt.s.wu	f13,x31	 x31:0x00000000 f13=0x00000000
     256235.000 ns	     25622	8000593c	216ea1d3	fsgnjx.s	f3,f29,f22	 f29:0x4e07982a f22:0x7fc00000  f3=0x4e07982a
     256265.000 ns	     25625	80005940	c001f653	fcvt.w.s	x12,f3	  f3:0x7f800000 x12=0x21e60a80
     256295.000 ns	     25628	80005944	a13d0fd3	fle.s	x31,f26,f19	 f26:0x00000000 f19:0x7fc00000 x31=0x00000000
     256315.000 ns	     25630	80005948	24fecf13	xori	x30,x29,591	 x29:0x00000000 x30=0x0000024f
     256325.000 ns	     25631	8000594c	01f9f233	and	x4,x19,x31	 x19:0x00000000 x31:0x00000000  x4=0x00000000
     256335.000 ns	     25632	80005950	327d4517	auipc	x10,0x327d4	 x10=0xb27d9950
     256345.000 ns	     25633	80005954	82302513	slti	x10,x0,-2013	  x0:0x00000000 x10=0x00000000
     256355.000 ns	     25634	80005958	401d59b3	sra	x19,x26,x1	 x26:0x000000e4  x1:0x00000496 x19=0x00000000
     256375.000 ns	     25636	8000595c	d01a7b53	fcvt.s.wu	f22,x20	 x20:0x00000001 f22=0x3f800000
     256395.000 ns	     25638	80005960	235e3d37	lui	x26,0x235e3	 x26=0x235e3000
     256405.000 ns	     25639	80005964	69423893	sltiu	x17,x4,1684	  x4:0x00000000 x17=0x00000001
     256415.000 ns	     25640	80005968	ad26ec93	ori	x25,x13,-1326	 x13:0xfffffb33 x25=0xfffffbf3
     256425.000 ns	     25641	8000596c	00a319b3	sll	x19,x6,x10	  x6:0xffffffff x10:0x00000000 x19=0xffffffff
     256435.000 ns	     25642	80005970	411e08b3	sub	x17,x28,x17	 x28:0x00000000 x17:0x00000001 x17=0xffffffff
     256445.000 ns	     25643	80005974	e6203ab7	lui	x21,0xe6203	 x21=0xe6203000
     256465.000 ns	     25645	80005978	d00a07d3	fcvt.s.w	f15,x20	 x20:0x00000001 f15=0x3f800000
     256495.000 ns	     25648	8000597c	a0312cd3	feq.s	x25,f2,f3	  f2:0x448ec000  f3:0x4e07982a x25=0x00000000
     256515.000 ns	     25650	80005980	0068f233	and	x4,x17,x6	 x17:0xffffffff  x6:0xffffffff  x4=0xffffffff
     256535.000 ns	     25652	80005984	f00686d3	fmv.w.x	f13,x13	 x13:0xfffffb33 f13=0xfffffb33
     256555.000 ns	     25654	80005988	e2e62a13	slti	x20,x12,-466	 x12:0x21e60a80 x20=0x00000000
     256575.000 ns	     25656	8000598c	03da75b3	remu	x11,x20,x29	 x20:0x00000001 x29:0x00000000 x11=0x00000000
     256595.000 ns	     25658	80005990	015c5633	srl	x12,x24,x21	 x24:0x00000002 x21:0xe6203000 x12=0x00000002
     256615.000 ns	     25660	80005994	e00d9253	fclass.s	x4,f27	 f27:0x00000000  x4=0x00000010
     256645.000 ns	     25663	80005998	d00e8953	fcvt.s.w	f18,x29	 x29:0x00000000 f18=0x00000000
     256665.000 ns	     25665	8000599c	7fd2cc13	xori	x24,x5,2045	  x5:0x000006c0 x24=0x0000013d
     256675.000 ns	     25666	800059a0	c69d8b13	addi	x22,x27,-919	 x27:0x00000000 x22=0xfffffc69
     256705.000 ns	     25669	800059a4	108ec1d3	fmul.s	f3,f29,f8	 f29:0x4e07982a  f8:0x80000000  f3=0x80000000
     256725.000 ns	     25671	800059a8	e5f7deb7	lui	x29,0xe5f7d	 x29=0xe5f7d000
     256745.000 ns	     25673	800059ac	e00c10d3	fclass.s	x1,f24	 f24:0x7fc00000  x1=0x00000200
     256765.000 ns	     25675	800059b0	c503d3b7	lui	x7,0xc503d	  x7=0xc503d000
     256785.000 ns	     25677	800059b4	d0079dd3	fcvt.s.w	f27,x15	 x15:0x21e60a85 f27=0x4e07982a
     256805.000 ns	     25679	800059b8	199d36b7	lui	x13,0x199d3	 x13=0x199d3000
     256815.000 ns	     25680	800059bc	2254e793	ori	x15,x9,549	  x9:0x00000000 x15=0x00000225
     256835.000 ns	     25682	800059c0	03f806b3	mul	x13,x16,x31	 x16:0x00000001 x31:0x00000000 x13=0x00000000
     256865.000 ns	     25685	800059c4	e0061853	fclass.s	x16,f12	 f12:0x00000000 x16=0x00000010
     256895.000 ns	     25688	800059c8	f0028ad3	fmv.w.x	f21,x5	  x5:0x000006c0 f21=0x000006c0
     256915.000 ns	     25690	800059cc	9de97693	andi	x13,x18,-1570	 x18:0x80041024 x13=0x80041004
     257275.000 ns	     25726	800059d0	032cda33	divu	x20,x25,x18	 x25:0x00000000 x18:0x80041024 x20=0x00000000
     257295.000 ns	     25728	800059d4	41d2d113	srai	x2,x5,0x1d	  x5:0x000006c0  x2=0x00000000
     257305.000 ns	     25729	800059d8	41f902b3	sub	x5,x18,x31	 x18:0x80041024 x31:0x00000000  x5=0x80041024
     257315.000 ns	     25730	800059dc	00a3f0b3	and	x1,x7,x10	  x7:0xc503d000 x10:0x00000000  x1=0x00000000
     257325.000 ns	     25731	800059e0	1cdc2393	slti	x7,x24,461	 x24:0x0000013d  x7=0x00000001
     257335.000 ns	     25732	800059e4	004b1ab3	sll	x21,x22,x4	 x22:0xfffffc69  x4:0x00000010 x21=0xfc690000
     257375.000 ns	     25736	800059e8	083ff453	fsub.s	f8,f31,f3	 f31:0x7f800000  f3:0x80000000  f8=0x7f800000
     257395.000 ns	     25738	800059ec	958488b7	lui	x17,0x95848	 x17=0x95848000
     257405.000 ns	     25739	800059f0	dac08113	addi	x2,x1,-596	  x1:0x00000000  x2=0xfffffdac
     257445.000 ns	     25743	800059f4	099dfb53	fsub.s	f22,f27,f25	 f27:0x4e07982a f25:0x00000000 f22=0x4e07982a
     257465.000 ns	     25745	800059f8	e0462f97	auipc	x31,0xe0462	 x31=0x604679f8
     257485.000 ns	     25747	800059fc	022b2e33	mulhsu	x28,x22,x2	 x22:0xfffffc69  x2:0xfffffdac x28=0xfffffc69
     257505.000 ns	     25749	80005a00	006562b3	or	x5,x10,x6	 x10:0x00000000  x6:0xffffffff  x5=0xffffffff
     257515.000 ns	     25750	80005a04	fc014613	xori	x12,x2,-64	  x2:0xfffffdac x12=0x0000026c
     257525.000 ns	     25751	80005a08	003cc033	xor	x0,x25,x3	 x25:0x00000000  x3:0x00000496
     257545.000 ns	     25753	80005a0c	03b1ca33	div	x20,x3,x27	  x3:0x00000496 x27:0x00000000 x20=0xffffffff
     257565.000 ns	     25755	80005a10	41450c33	sub	x24,x10,x20	 x10:0x00000000 x20:0x00000000 x24=0x00000001
     257585.000 ns	     25757	80005a14	026920b3	mulhsu	x1,x18,x6	 x18:0x80041024  x6:0xffffffff  x1=0x80041024
     257615.000 ns	     25760	80005a18	c0118cd3	fcvt.wu.s	x25,f3	  f3:0x80000000 x25=0x00000000
     257635.000 ns	     25762	80005a1c	00edeb33	or	x22,x27,x14	 x27:0x00000000 x14:0x80000000 x22=0x80000000
     257655.000 ns	     25764	80005a20	039a48b3	div	x17,x20,x25	 x20:0xffffffff x25:0x00000000 x17=0xffffffff
     257685.000 ns	     25767	80005a24	20cb8ad3	fsgnj.s	f21,f23,f12	 f23:0x7f800000 f12:0x00000000 f21=0x7f800000
     257705.000 ns	     25769	80005a28	00de17b3	sll	x15,x28,x13	 x28:0xfffffc69 x13:0x80041004 x15=0xffffc690
     258065.000 ns	     25805	80005a2c	023b6ab3	rem	x21,x22,x3	 x22:0x80000000  x3:0x00000496 x21=0xfffffe0c
     258095.000 ns	     25808	80005a30	d01bf6d3	fcvt.s.wu	f13,x23	 x23:0x80040fe4 f13=0x4f00040f
     258115.000 ns	     25810	80005a34	001ac133	xor	x2,x21,x1	 x21:0xfffffe0c  x1:0x80041024  x2=0x7ffbee28
     258135.000 ns	     25812	80005a38	a1b00f53	fle.s	x30,f0,f27	  f0:0x3f800000 f27:0x4e07982a x30=0x00000001
     258165.000 ns	     25815	80005a3c	21931ad3	fsgnjn.s	f21,f6,f25	  f6:0x7fc00000 f25:0x00000000 f21=0xffc00000
     258535.000 ns	     25852	80005a40	03a8e3b3	rem	x7,x17,x26	 x17:0xffffffff x26:0x235e3000  x7=0xffffffff
     258565.000 ns	     25855	80005a44	21df8353	fsgnj.s	f6,f31,f29	 f31:0x7f800000 f29:0x4e07982a  f6=0x7f800000
     258595.000 ns	     25858	80005a48	025834b3	mulhu	x9,x16,x5	 x16:0x00000010  x5:0xffffffff  x9=0x0000000f
     258625.000 ns	     25861	80005a4c	213da953	fsgnjx.s	f18,f27,f19	 f27:0x4e07982a f19:0x7fc00000 f18=0x4e07982a
     258655.000 ns	     25864	80005a50	f00e8053	fmv.w.x	f0,x29	 x29:0xe5f7d000  f0=0xe5f7d000
     258675.000 ns	     25866	80005a54	01a7d393	srli	x7,x15,0x1a	 x15:0xffffc690  x7=0x0000003f
     258685.000 ns	     25867	80005a58	f2517a93	andi	x21,x2,-219	  x2:0x7ffbee28 x21=0x7ffbee20
     259045.000 ns	     25903	80005a5c	02ea7cb3	remu	x25,x20,x14	 x20:0xffffffff x14:0x80000000 x25=0x7fffffff
     259415.000 ns	     25940	80005a60	0227c2b3	div	x5,x15,x2	 x15:0xffffc690  x2:0x7ffbee28  x5=0x00000000
     259445.000 ns	     25943	80005a64	f00d00d3	fmv.w.x	f1,x26	 x26:0x235e3000  f1=0x235e3000
     259475.000 ns	     25946	80005a68	a1e31fd3	flt.s	x31,f6,f30	  f6:0x7f800000 f30:0x7fc00000 x31=0x00000000
     259845.000 ns	     25983	80005a6c	0392d4b3	divu	x9,x5,x25	  x5:0x00000000 x25:0x7fffffff  x9=0x00000000
     259865.000 ns	     25985	80005a70	00bf5b13	srli	x22,x30,0xb	 x30:0x00000001 x22=0x00000000
     259875.000 ns	     25986	80005a74	56655797	auipc	x15,0x56655	 x15=0xd665aa74
     259895.000 ns	     25988	80005a78	d007c5d3	fcvt.s.w	f11,x15	 x15:0xffffc690 f11=0xce266956
     259925.000 ns	     25991	80005a7c	0296e7b3	rem	x15,x13,x9	 x13:0x80041004  x9:0x00000000 x15=0x80041004
     259955.000 ns	     25994	80005a80	0341a833	mulhsu	x16,x3,x20	  x3:0x00000496 x20:0xffffffff x16=0x00000495
     260325.000 ns	     26031	80005a84	0337df33	divu	x30,x15,x19	 x15:0x80041004 x19:0xffffffff x30=0x00000000
     260355.000 ns	     26034	80005a88	e00f1f53	fclass.s	x30,f30	 f30:0x7fc00000 x30=0x00000200
     260375.000 ns	     26036	80005a8c	01ba1833	sll	x16,x20,x27	 x20:0xffffffff x27:0x00000000 x16=0xffffffff
     260385.000 ns	     26037	80005a90	00bf1193	slli	x3,x30,0xb	 x30:0x00000200  x3=0x00100000
     260405.000 ns	     26039	80005a94	a1182853	feq.s	x16,f16,f17	 f16:0x7f800000 f17:0x00000001 x16=0x00000000
     260455.000 ns	     26044	80005a98	08981653	fsub.s	f12,f16,f9	 f16:0x7f800000  f9:0x3f7fffae f12=0x7f800000
     260475.000 ns	     26046	80005a9c	a4cc6213	ori	x4,x24,-1460	 x24:0x00000001  x4=0xfffffa4d
     260495.000 ns	     26048	80005aa0	a1700353	fle.s	x6,f0,f23	  f0:0xe5f7d000 f23:0x7f800000  x6=0x00000001
     260515.000 ns	     26050	80005aa4	66bac697	auipc	x13,0x66bac	 x13=0xe6bb1aa4
     260555.000 ns	     26054	80005aa8	09c5f053	fsub.s	f0,f11,f28	 f11:0xce266956 f28:0x7fc00000  f0=0x7fc00000
     260585.000 ns	     26057	80005aac	d0127353	fcvt.s.wu	f6,x4	  x4:0xfffffa4d  f6=0x4f7ffffa
     260605.000 ns	     26059	80005ab0	01ba0833	add	x16,x20,x27	 x20:0xffffffff x27:0x00000000 x16=0xffffffff
     260635.000 ns	     26062	80005ab4	580c8753	fsqrt.s	f14,f25	 f25:0x00000000 f14=0x00000000
     260655.000 ns	     26064	80005ab8	d0b85d97	auipc	x27,0xd0b85	 x27=0x50b8aab8
     260665.000 ns	     26065	80005abc	00fad413	srli	x8,x21,0xf	 x21:0x7ffbee20  x8=0x0000fff7
     260675.000 ns	     26066	80005ac0	00000013	addi	x0,x0,0	  x0:0x00000000
     260685.000 ns	     26067	80005ac4	01681d93	slli	x27,x16,0x16	 x16:0xffffffff x27=0xffc00000
     261045.000 ns	     26103	80005ac8	037161b3	rem	x3,x2,x23	  x2:0x7ffbee28 x23:0x80040fe4  x3=0x7ffbee28
     261075.000 ns	     26106	80005acc	20851253	fsgnjn.s	f4,f10,f8	 f10:0x00000000  f8:0x7f800000  f4=0x80000000
     261095.000 ns	     26108	80005ad0	40cbdc33	sra	x24,x23,x12	 x23:0x80040fe4 x12:0x0000026c x24=0xfff80040
     261105.000 ns	     26109	80005ad4	01fb9333	sll	x6,x23,x31	 x23:0x80040fe4 x31:0x00000000  x6=0x80040fe4
     261115.000 ns	     26110	80005ad8	0138bcb3	sltu	x25,x17,x19	 x17:0xffffffff x19:0xffffffff x25=0x00000000
     261125.000 ns	     26111	80005adc	0067d393	srli	x7,x15,0x6	 x15:0x80041004  x7=0x02001040
     261145.000 ns	     26113	80005ae0	c01d8c53	fcvt.wu.s	x24,f27	 f27:0x4e07982a x24=0x21e60a80
     261165.000 ns	     26115	80005ae4	003018b3	sll	x17,x0,x3	  x0:0x00000000  x3:0x7ffbee28 x17=0x00000000
     261175.000 ns	     26116	80005ae8	41aa5eb3	sra	x29,x20,x26	 x20:0xffffffff x26:0x235e3000 x29=0xffffffff
     261185.000 ns	     26117	80005aec	00418233	add	x4,x3,x4	  x3:0x7ffbee28  x4:0xfffffa4d  x4=0x7ffbe875
     261195.000 ns	     26118	80005af0	01e65f13	srli	x30,x12,0x1e	 x12:0x0000026c x30=0x00000000
     261555.000 ns	     26154	80005af4	033c6433	rem	x8,x24,x19	 x24:0x21e60a80 x19:0xffffffff  x8=0x00000000
     261575.000 ns	     26156	80005af8	00295eb3	srl	x29,x18,x2	 x18:0x80041024  x2:0x7ffbee28 x29=0x00800410
     261585.000 ns	     26157	80005afc	00000013	addi	x0,x0,0	  x0:0x00000000
     261605.000 ns	     26159	80005b00	c01ff053	fcvt.wu.s	x0,f31	 f31:0x7f800000
     261975.000 ns	     26196	80005b04	032363b3	rem	x7,x6,x18	  x6:0x80040fe4 x18:0x80041024  x7=0xffffffc0
     261995.000 ns	     26198	80005b08	0110e1b3	or	x3,x1,x17	  x1:0x80041024 x17:0x00000000  x3=0x80041024
     262015.000 ns	     26200	80005b0c	02821633	mulh	x12,x4,x8	  x4:0x7ffbe875  x8:0x00000000 x12=0x00000000
     262035.000 ns	     26202	80005b10	00bb1b33	sll	x22,x22,x11	 x22:0x00000000 x11:0x00000000 x22=0x00000000
     262055.000 ns	     26204	80005b14	e00e84d3	fmv.x.w	x9,f29	 f29:0x4e07982a  x9=0x4e07982a
     262085.000 ns	     26207	80005b18	c0162a53	fcvt.wu.s	x20,f12	 f12:0x7f800000 x20=0xffffffff
     262115.000 ns	     26210	80005b1c	026920b3	mulhsu	x1,x18,x6	 x18:0x80041024  x6:0x80040fe4  x1=0xc0000030
     262135.000 ns	     26212	80005b20	01054a33	xor	x20,x10,x16	 x10:0x00000000 x16:0xffffffff x20=0xffffffff
     262155.000 ns	     26214	80005b24	c0089b53	fcvt.w.s	x22,f17	 f17:0x00000001 x22=0x00000000
     262175.000 ns	     26216	80005b28	f31e2813	slti	x16,x28,-207	 x28:0xfffffc69 x16=0x00000001
     262185.000 ns	     26217	80005b2c	018c1a13	slli	x20,x24,0x18	 x24:0x21e60a80 x20=0x80000000
     262205.000 ns	     26219	80005b30	29ec0053	fmin.s	f0,f24,f30	 f24:0x7fc00000 f30:0x7fc00000  f0=0x7fc00000
     262225.000 ns	     26221	80005b34	00f7ff33	and	x30,x15,x15	 x15:0x80041004 x15:0x80041004 x30=0x80041004
     262235.000 ns	     26222	80005b38	0049d2b3	srl	x5,x19,x4	 x19:0xffffffff  x4:0x7ffbe875  x5=0x000007ff
     262255.000 ns	     26224	80005b3c	e0069653	fclass.s	x12,f13	 f13:0x4f00040f x12=0x00000040
     262275.000 ns	     26226	80005b40	016872b3	and	x5,x16,x22	 x16:0x00000001 x22:0x00000000  x5=0x00000000
     262295.000 ns	     26228	80005b44	03f849b3	div	x19,x16,x31	 x16:0x00000001 x31:0x00000000 x19=0xffffffff
     262315.000 ns	     26230	80005b48	00d5d093	srli	x1,x11,0xd	 x11:0x00000000  x1=0x00000000
     262335.000 ns	     26232	80005b4c	a129a453	feq.s	x8,f19,f18	 f19:0x7fc00000 f18:0x4e07982a  x8=0x00000000
     262385.000 ns	     26237	80005b50	00029653	fadd.s	f12,f5,f0	  f5:0xff800000  f0:0x7fc00000 f12=0x7fc00000
     262405.000 ns	     26239	80005b54	00eb7a33	and	x20,x22,x14	 x22:0x00000000 x14:0x80000000 x20=0x00000000
     262415.000 ns	     26240	80005b58	f2a69d37	lui	x26,0xf2a69	 x26=0xf2a69000
     262775.000 ns	     26276	80005b5c	026276b3	remu	x13,x4,x6	  x4:0x7ffbe875  x6:0x80040fe4 x13=0x7ffbe875
     262795.000 ns	     26278	80005b60	00656133	or	x2,x10,x6	 x10:0x00000000  x6:0x80040fe4  x2=0x80040fe4
     262805.000 ns	     26279	80005b64	161f9a17	auipc	x20,0x161f9	 x20=0x961feb64
     262815.000 ns	     26280	80005b68	40a85633	sra	x12,x16,x10	 x16:0x00000001 x10:0x00000000 x12=0x00000001
     262835.000 ns	     26282	80005b6c	0200ceb3	div	x29,x1,x0	  x1:0x00000000  x0:0x00000000 x29=0xffffffff
     262855.000 ns	     26284	80005b70	00348333	add	x6,x9,x3	  x9:0x4e07982a  x3:0x80041024  x6=0xce0ba84e
     262875.000 ns	     26286	80005b74	a0bd1b53	flt.s	x22,f26,f11	 f26:0x00000000 f11:0xce266956 x22=0x00000000
     262895.000 ns	     26288	80005b78	008f0433	add	x8,x30,x8	 x30:0x80041004  x8:0x00000000  x8=0x80041004
     262915.000 ns	     26290	80005b7c	02f83233	mulhu	x4,x16,x15	 x16:0x00000001 x15:0x80041004  x4=0x00000000
     262945.000 ns	     26293	80005b80	03ef23b3	mulhsu	x7,x30,x30	 x30:0x80041004 x30:0x80041004  x7=0xc0000010
     262975.000 ns	     26296	80005b84	207b92d3	fsgnjn.s	f5,f23,f7	 f23:0x7f800000  f7:0x80000000  f5=0x7f800000
     263005.000 ns	     26299	80005b88	d00eabd3	fcvt.s.w	f23,x29	 x29:0xffffffff f23=0xbf800000
     263025.000 ns	     26301	80005b8c	40cfd093	srai	x1,x31,0xc	 x31:0x00000000  x1=0x00000000
     263035.000 ns	     26302	80005b90	3443ddb7	lui	x27,0x3443d	 x27=0x3443d000
     263045.000 ns	     26303	80005b94	e429a8b7	lui	x17,0xe429a	 x17=0xe429a000
     263065.000 ns	     26305	80005b98	a16b1cd3	flt.s	x25,f22,f22	 f22:0x4e07982a f22:0x4e07982a x25=0x00000000
     263085.000 ns	     26307	80005b9c	014f9a33	sll	x20,x31,x20	 x31:0x00000000 x20:0x961feb64 x20=0x00000000
     263095.000 ns	     26308	80005ba0	def29a37	lui	x20,0xdef29	 x20=0xdef29000
     263115.000 ns	     26310	80005ba4	21959d53	fsgnjn.s	f26,f11,f25	 f11:0xce266956 f25:0x00000000 f26=0xce266956
     263145.000 ns	     26313	80005ba8	21811153	fsgnjn.s	f2,f2,f24	  f2:0x448ec000 f24:0x7fc00000  f2=0xc48ec000
     263515.000 ns	     26350	80005bac	03117833	remu	x16,x2,x17	  x2:0x80040fe4 x17:0xe429a000 x16=0x80040fe4
     263885.000 ns	     26387	80005bb0	0306e033	rem	x0,x13,x16	 x13:0x7ffbe875 x16:0x00000001
     263905.000 ns	     26389	80005bb4	00db48b3	xor	x17,x22,x13	 x22:0x00000000 x13:0x7ffbe875 x17=0x7ffbe875
     263935.000 ns	     26392	80005bb8	580d3753	fsqrt.s	f14,f26	 f26:0xce266956 f14=0x7fc00000
     263955.000 ns	     26394	80005bbc	ab690117	auipc	x2,0xab690	  x2=0x2b695bbc
     263965.000 ns	     26395	80005bc0	64f07693	andi	x13,x0,1615	  x0:0x00000000 x13=0x00000000
     263985.000 ns	     26397	80005bc4	02780433	mul	x8,x16,x7	 x16:0x80040fe4  x7:0xc0000010  x8=0x0040fe40
     264005.000 ns	     26399	80005bc8	09d06c17	auipc	x24,0x9d06	 x24=0x89d0bbc8
     264025.000 ns	     26401	80005bcc	e00793d3	fclass.s	x7,f15	 f15:0x3f800000  x7=0x00000040
     264395.000 ns	     26438	80005bd0	03595ab3	divu	x21,x18,x21	 x18:0x80041024 x21:0x7ffbee20 x21=0x00000001
     264425.000 ns	     26441	80005bd4	033f9633	mulh	x12,x31,x19	 x31:0x00000000 x19:0xffffffff x12=0x00000000
     264795.000 ns	     26478	80005bd8	0270e633	rem	x12,x1,x7	  x1:0x00000000  x7:0x00000040 x12=0x00000000
     264815.000 ns	     26480	80005bdc	418ad793	srai	x15,x21,0x18	 x21:0x00000001 x15=0x00000000
     264835.000 ns	     26482	80005be0	c01c7b53	fcvt.wu.s	x22,f24	 f24:0x7fc00000 x22=0xffffffff
     264865.000 ns	     26485	80005be4	02f55833	divu	x16,x10,x15	 x10:0x00000000 x15:0x80041004 x16=0xffffffff
     264895.000 ns	     26488	80005be8	21c693d3	fsgnjn.s	f7,f13,f28	 f13:0x4f00040f f28:0x7fc00000  f7=0xcf00040f
     264925.000 ns	     26491	80005bec	c00775d3	fcvt.w.s	x11,f14	 f14:0x7fc00000 x11=0x7fffffff
     264945.000 ns	     26493	80005bf0	9ff97d17	auipc	x26,0x9ff97	 x26=0x1ff9cbf0
     264985.000 ns	     26497	80005bf4	01f2f1d3	fadd.s	f3,f5,f31	  f5:0x7f800000 f31:0x7f800000  f3=0x00000000
     265005.000 ns	     26499	80005bf8	73af0797	auipc	x15,0x73af0	 x15=0xf3af5bf8
     265015.000 ns	     26500	80005bfc	3c116097	auipc	x1,0x3c116	  x1=0xbc11bbfc
     265025.000 ns	     26501	80005c00	00de5e33	srl	x28,x28,x13	 x28:0xfffffc69 x13:0x00000000 x28=0xfffffc69
     265035.000 ns	     26502	80005c04	01504133	xor	x2,x0,x21	  x0:0x00000000 x21:0x00000001  x2=0x00000001
     265055.000 ns	     26504	80005c08	29a69f53	fmax.s	f30,f13,f26	 f13:0x4f00040f f26:0xce266956 f30=0x4f00040f
     265075.000 ns	     26506	80005c0c	01e0bd33	sltu	x26,x1,x30	  x1:0xbc11bbfc x30:0x80041004 x26=0x00000000
     265095.000 ns	     26508	80005c10	e00e0c53	fmv.x.w	x24,f28	 f28:0x7fc00000 x24=0x7fc00000
     265115.000 ns	     26510	80005c14	40abd093	srai	x1,x23,0xa	 x23:0x80040fe4  x1=0xffe00103
     265125.000 ns	     26511	80005c18	6d686893	ori	x17,x16,1750	 x16:0xffffffff x17=0xffffffff
     265135.000 ns	     26512	80005c1c	01ee21b3	slt	x3,x28,x30	 x28:0xfffffc69 x30:0x80041004  x3=0x00000000
     265145.000 ns	     26513	80005c20	41e5dc13	srai	x24,x11,0x1e	 x11:0x7fffffff x24=0x00000001
     265155.000 ns	     26514	80005c24	01cae3b3	or	x7,x21,x28	 x21:0x00000001 x28:0xfffffc69  x7=0xfffffc69
     265165.000 ns	     26515	80005c28	93936a17	auipc	x20,0x93936	 x20=0x1393bc28
     265175.000 ns	     26516	80005c2c	9990a093	slti	x1,x1,-1639	  x1:0xffe00103  x1=0x00000001
     265185.000 ns	     26517	80005c30	01b6c8b3	xor	x17,x13,x27	 x13:0x00000000 x27:0x3443d000 x17=0x3443d000
     265205.000 ns	     26519	80005c34	034791b3	mulh	x3,x15,x20	 x15:0xf3af5bf8 x20:0x1393bc28  x3=0xff0ee878
     265235.000 ns	     26522	80005c38	02e22db3	mulhsu	x27,x4,x14	  x4:0x00000000 x14:0x80000000 x27=0x00000000
     265265.000 ns	     26525	80005c3c	a1612853	feq.s	x16,f2,f22	  f2:0xc48ec000 f22:0x4e07982a x16=0x00000000
     265285.000 ns	     26527	80005c40	012c6593	ori	x11,x24,18	 x24:0x00000001 x11=0x00000013
     265305.000 ns	     26529	80005c44	03209533	mulh	x10,x1,x18	  x1:0x00000001 x18:0x80041024 x10=0xffffffff
     265335.000 ns	     26532	80005c48	28820253	fmin.s	f4,f4,f8	  f4:0x80000000  f8:0x7f800000  f4=0x80000000
     265355.000 ns	     26534	80005c4c	009575b3	and	x11,x10,x9	 x10:0xffffffff  x9:0x4e07982a x11=0x4e07982a
     265365.000 ns	     26535	80005c50	014344b3	xor	x9,x6,x20	  x6:0xce0ba84e x20:0x1393bc28  x9=0xdd981466
     265375.000 ns	     26536	80005c54	fa6600b7	lui	x1,0xfa660	  x1=0xfa660000
     265395.000 ns	     26538	80005c58	a02901d3	fle.s	x3,f18,f2	 f18:0x4e07982a  f2:0xc48ec000  x3=0x00000000
     265425.000 ns	     26541	80005c5c	d017f353	fcvt.s.wu	f6,x15	 x15:0xf3af5bf8  f6=0x4f73af5b
     265455.000 ns	     26544	80005c60	03a3a333	mulhsu	x6,x7,x26	  x7:0xfffffc69 x26:0x00000000  x6=0x00000000
     265475.000 ns	     26546	80005c64	00772f33	slt	x30,x14,x7	 x14:0x80000000  x7:0xfffffc69 x30=0x00000001
     265485.000 ns	     26547	80005c68	00982133	slt	x2,x16,x9	 x16:0x00000000  x9:0xdd981466  x2=0x00000000
     265505.000 ns	     26549	80005c6c	21152ed3	fsgnjx.s	f29,f10,f17	 f10:0x00000000 f17:0x00000001 f29=0x00000000
     265525.000 ns	     26551	80005c70	01d93233	sltu	x4,x18,x29	 x18:0x80041024 x29:0xffffffff  x4=0x00000001
     265545.000 ns	     26553	80005c74	e00293d3	fclass.s	x7,f5	  f5:0x7f800000  x7=0x00000080
     265565.000 ns	     26555	80005c78	00e8f133	and	x2,x17,x14	 x17:0x3443d000 x14:0x80000000  x2=0x00000000
     265575.000 ns	     26556	80005c7c	00000013	addi	x0,x0,0	  x0:0x00000000
     265595.000 ns	     26558	80005c80	a1b9aad3	feq.s	x21,f19,f27	 f19:0x7fc00000 f27:0x4e07982a x21=0x00000000
     265935.000 ns	     26592	80005c84	181d7f53	fdiv.s	f30,f26,f1	 f26:0xce266956  f1:0x235e3000 f30=0xea6aef12
     265955.000 ns	     26594	80005c88	54d6c313	xori	x6,x13,1357	 x13:0x00000000  x6=0x0000054d
     265975.000 ns	     26596	80005c8c	a1b71b53	flt.s	x22,f14,f27	 f14:0x7fc00000 f27:0x4e07982a x22=0x00000000
     266005.000 ns	     26599	80005c90	20c61a53	fsgnjn.s	f20,f12,f12	 f12:0x7fc00000 f12:0x7fc00000 f20=0xffc00000
     266025.000 ns	     26601	80005c94	414985b3	sub	x11,x19,x20	 x19:0xffffffff x20:0x1393bc28 x11=0xec6c43d7
     266055.000 ns	     26604	80005c98	114cfa53	fmul.s	f20,f25,f20	 f25:0x00000000 f20:0xffc00000 f20=0x7fc00000
     266085.000 ns	     26607	80005c9c	e00404d3	fmv.x.w	x9,f8	  f8:0x7f800000  x9=0x7f800000
     266105.000 ns	     26609	80005ca0	00000013	addi	x0,x0,0	  x0:0x00000000
     266115.000 ns	     26610	80005ca4	40740ab3	sub	x21,x8,x7	  x8:0x0040fe40  x7:0x00000080 x21=0x0040fdc0
     266155.000 ns	     26614	80005ca8	00960dd3	fadd.s	f27,f12,f9	 f12:0x7fc00000  f9:0x3f7fffae f27=0x7fc00000
     266175.000 ns	     26616	80005cac	0ef27997	auipc	x19,0xef27	 x19=0x8ef2ccac
     266195.000 ns	     26618	80005cb0	a0cc82d3	fle.s	x5,f25,f12	 f25:0x00000000 f12:0x7fc00000  x5=0x00000000
     266215.000 ns	     26620	80005cb4	01c60833	add	x16,x12,x28	 x12:0x00000000 x28:0xfffffc69 x16=0xfffffc69
     266225.000 ns	     26621	80005cb8	40adde13	srai	x28,x27,0xa	 x27:0x00000000 x28=0x00000000
     266585.000 ns	     26657	80005cbc	028f43b3	div	x7,x30,x8	 x30:0x00000001  x8:0x0040fe40  x7=0x00000000
     266625.000 ns	     26661	80005cc0	112ace53	fmul.s	f28,f21,f18	 f21:0xffc00000 f18:0x4e07982a f28=0x7fc00000
     266645.000 ns	     26663	80005cc4	519b0013	addi	x0,x22,1305	 x22:0x00000000
     266665.000 ns	     26665	80005cc8	033a8133	mul	x2,x21,x19	 x21:0x0040fdc0 x19:0x8ef2ccac  x2=0x555f7d00
     266685.000 ns	     26667	80005ccc	01bce8b3	or	x17,x25,x27	 x25:0x00000000 x27:0x00000000 x17=0x00000000
     266695.000 ns	     26668	80005cd0	50f4ed13	ori	x26,x9,1295	  x9:0x7f800000 x26=0x7f80050f
     266715.000 ns	     26670	80005cd4	21071ad3	fsgnjn.s	f21,f14,f16	 f14:0x7fc00000 f16:0x7f800000 f21=0xffc00000
     267085.000 ns	     26707	80005cd8	02f440b3	div	x1,x8,x15	  x8:0x0040fe40 x15:0xf3af5bf8  x1=0x00000000
     267105.000 ns	     26709	80005cdc	41bfdf33	sra	x30,x31,x27	 x31:0x00000000 x27:0x00000000 x30=0x00000000
     267125.000 ns	     26711	80005ce0	a1391d53	flt.s	x26,f18,f19	 f18:0x4e07982a f19:0x7fc00000 x26=0x00000000
     267155.000 ns	     26714	80005ce4	028ebdb3	mulhu	x27,x29,x8	 x29:0xffffffff  x8:0x0040fe40 x27=0x0040fe3f
     267185.000 ns	     26717	80005ce8	d011b6d3	fcvt.s.wu	f13,x3	  x3:0x00000000 f13=0x00000000
     267215.000 ns	     26720	80005cec	298b0153	fmin.s	f2,f22,f24	 f22:0x4e07982a f24:0x7fc00000  f2=0x4e07982a
     267245.000 ns	     26723	80005cf0	c00c9353	fcvt.w.s	x6,f25	 f25:0x00000000  x6=0x00000000
     267275.000 ns	     26726	80005cf4	e00a8553	fmv.x.w	x10,f21	 f21:0xffc00000 x10=0xffc00000
     267305.000 ns	     26729	80005cf8	03812a33	mulhsu	x20,x2,x24	  x2:0x555f7d00 x24:0x00000001 x20=0x00000000
     267325.000 ns	     26731	80005cfc	9e303e97	auipc	x29,0x9e303	 x29=0x1e308cfc
     267335.000 ns	     26732	80005d00	01700cb3	add	x25,x0,x23	  x0:0x00000000 x23:0x80040fe4 x25=0x80040fe4
     267355.000 ns	     26734	80005d04	20540cd3	fsgnj.s	f25,f8,f5	  f8:0x7f800000  f5:0x7f800000 f25=0x7f800000
     267725.000 ns	     26771	80005d08	02f667b3	rem	x15,x12,x15	 x12:0x00000000 x15:0xf3af5bf8 x15=0x00000000
     267755.000 ns	     26774	80005d0c	a0941553	flt.s	x10,f8,f9	  f8:0x7f800000  f9:0x3f7fffae x10=0x00000000
     267775.000 ns	     26776	80005d10	01bbe7b3	or	x15,x23,x27	 x23:0x80040fe4 x27:0x0040fe3f x15=0x8044ffff
     267785.000 ns	     26777	80005d14	c56ec513	xori	x10,x29,-938	 x29:0x1e308cfc x10=0xe1cf70aa
     267805.000 ns	     26779	80005d18	03fb29b3	mulhsu	x19,x22,x31	 x22:0x00000000 x31:0x00000000 x19=0x00000000
     267835.000 ns	     26782	80005d1c	c00d88d3	fcvt.w.s	x17,f27	 f27:0x7fc00000 x17=0x7fffffff
     267865.000 ns	     26785	80005d20	03099cb3	mulh	x25,x19,x16	 x19:0x00000000 x16:0xfffffc69 x25=0x00000000
     267885.000 ns	     26787	80005d24	0187bc33	sltu	x24,x15,x24	 x15:0x8044ffff x24:0x00000001 x24=0x00000000
     267895.000 ns	     26788	80005d28	00c979b3	and	x19,x18,x12	 x18:0x80041024 x12:0x00000000 x19=0x00000000
     267905.000 ns	     26789	80005d2c	013c13b3	sll	x7,x24,x19	 x24:0x00000001 x19:0x00000000  x7=0x00000000
     267915.000 ns	     26790	80005d30	5349af17	auipc	x30,0x5349a	 x30=0xd349fd30
     268275.000 ns	     26826	80005d34	0328f433	remu	x8,x17,x18	 x17:0x7fffffff x18:0x80041024  x8=0x7fffffff
     268315.000 ns	     26830	80005d38	185ac7d3	fdiv.s	f15,f21,f5	 f21:0xffc00000  f5:0x7f800000 f15=0x7fc00000
     268335.000 ns	     26832	80005d3c	0117fdb3	and	x27,x15,x17	 x15:0x8044ffff x17:0x7fffffff x27=0x0044ffff
     268355.000 ns	     26834	80005d40	030e9033	mulh	x0,x29,x16	 x29:0x1e308cfc x16:0xfffffc69
     268385.000 ns	     26837	80005d44	d00f0b53	fcvt.s.w	f22,x30	 x30:0xd349fd30 f22=0xce32d80b
     268415.000 ns	     26840	80005d48	c00637d3	fcvt.w.s	x15,f12	 f12:0x7fc00000 x15=0x7fffffff
     268445.000 ns	     26843	80005d4c	021367b3	rem	x15,x6,x1	  x6:0x00000000  x1:0x00000000 x15=0x00000000
     268465.000 ns	     26845	80005d50	01e51d13	slli	x26,x10,0x1e	 x10:0xe1cf70aa x26=0x80000000
     268485.000 ns	     26847	80005d54	21fd9dd3	fsgnjn.s	f27,f27,f31	 f27:0x7fc00000 f31:0x7f800000 f27=0xffc00000
     268525.000 ns	     26851	80005d58	10dec5d3	fmul.s	f11,f29,f13	 f29:0x00000000 f13:0x00000000 f11=0x00000000
     268555.000 ns	     26854	80005d5c	03cd41b3	div	x3,x26,x28	 x26:0x80000000 x28:0x00000000  x3=0xffffffff
     268925.000 ns	     26891	80005d60	022de7b3	rem	x15,x27,x2	 x27:0x0044ffff  x2:0x555f7d00 x15=0x0044ffff
     268955.000 ns	     26894	80005d64	a12404d3	fle.s	x9,f8,f18	  f8:0x7f800000 f18:0x4e07982a  x9=0x00000000
     268985.000 ns	     26897	80005d68	034cb133	mulhu	x2,x25,x20	 x25:0x00000000 x20:0x00000000  x2=0x00000000
     269015.000 ns	     26900	80005d6c	29011ad3	fmax.s	f21,f2,f16	  f2:0x4e07982a f16:0x7f800000 f21=0x7f800000
     269045.000 ns	     26903	80005d70	20e78d53	fsgnj.s	f26,f15,f14	 f15:0x7fc00000 f14:0x7fc00000 f26=0x7fc00000
     269065.000 ns	     26905	80005d74	01b4e4b3	or	x9,x9,x27	  x9:0x00000000 x27:0x0044ffff  x9=0x0044ffff
     269075.000 ns	     26906	80005d78	00c44e33	xor	x28,x8,x12	  x8:0x7fffffff x12:0x00000000 x28=0x7fffffff
     269095.000 ns	     26908	80005d7c	029037b3	mulhu	x15,x0,x9	  x0:0x00000000  x9:0x00000000 x15=0x00000000
     269135.000 ns	     26912	80005d80	11cc7f53	fmul.s	f30,f24,f28	 f24:0x7fc00000 f28:0x7fc00000 f30=0x7fc00000
     269155.000 ns	     26914	80005d84	00000013	addi	x0,x0,0	  x0:0x00000000
     269165.000 ns	     26915	80005d88	00462d33	slt	x26,x12,x4	 x12:0x00000000  x4:0x00000001 x26=0x00000001
     269185.000 ns	     26917	80005d8c	a00f9dd3	flt.s	x27,f31,f0	 f31:0x7f800000  f0:0x7fc00000 x27=0x00000000
     269205.000 ns	     26919	80005d90	0ced9497	auipc	x9,0xced9	  x9=0x8ceded90
     269215.000 ns	     26920	80005d94	409651b3	sra	x3,x12,x9	 x12:0x00000000  x9:0x0044ffff  x3=0x00000000
     269225.000 ns	     26921	80005d98	00afbab3	sltu	x21,x31,x10	 x31:0x00000000 x10:0xe1cf70aa x21=0x00000001
     269245.000 ns	     26923	80005d9c	28291753	fmax.s	f14,f18,f2	 f18:0x4e07982a  f2:0x4e07982a f14=0x4e07982a
     269265.000 ns	     26925	80005da0	00a43db3	sltu	x27,x8,x10	  x8:0x7fffffff x10:0xe1cf70aa x27=0x00000001
     269275.000 ns	     26926	80005da4	0098c013	xori	x0,x17,9	 x17:0x7fffffff
     269295.000 ns	     26928	80005da8	029c0ab3	mul	x21,x24,x9	 x24:0x00000000  x9:0x8ceded90 x21=0x00000000
     269325.000 ns	     26931	80005dac	e0079f53	fclass.s	x30,f15	 f15:0x7fc00000 x30=0x00000200
     269355.000 ns	     26934	80005db0	f00a84d3	fmv.w.x	f9,x21	 x21:0x00000000  f9=0x00000000
     269375.000 ns	     26936	80005db4	0028bc33	sltu	x24,x17,x2	 x17:0x7fffffff  x2:0x00000000 x24=0x00000000
     269395.000 ns	     26938	80005db8	025b3833	mulhu	x16,x22,x5	 x22:0x00000000  x5:0x00000000 x16=0x00000000
     269425.000 ns	     26941	80005dbc	e0031e53	fclass.s	x28,f6	  f6:0x4f73af5b x28=0x00000040
     269445.000 ns	     26943	80005dc0	01f83433	sltu	x8,x16,x31	 x16:0x00000000 x31:0x00000000  x8=0x00000000
     269465.000 ns	     26945	80005dc4	a0da2853	feq.s	x16,f20,f13	 f20:0x7fc00000 f13:0x00000000 x16=0x00000000
     269515.000 ns	     26950	80005dc8	00624653	fadd.s	f12,f4,f6	  f4:0x80000000  f6:0x4f73af5b f12=0x4f73af5b
     269535.000 ns	     26952	80005dcc	a7dc4b13	xori	x22,x24,-1411	 x24:0x00000000 x22=0xfffffa7d
     269565.000 ns	     26955	80005dd0	11acfad3	fmul.s	f21,f25,f26	 f25:0x7f800000 f26:0x7fc00000 f21=0x7fc00000
     269595.000 ns	     26958	80005dd4	f0078fd3	fmv.w.x	f31,x15	 x15:0x00000000 f31=0x00000000
     269615.000 ns	     26960	80005dd8	21b26893	ori	x17,x4,539	  x4:0x00000001 x17=0x0000021b
     269625.000 ns	     26961	80005ddc	01ac9f93	slli	x31,x25,0x1a	 x25:0x00000000 x31=0x00000000
     269645.000 ns	     26963	80005de0	c005f453	fcvt.w.s	x8,f11	 f11:0x00000000  x8=0x00000000
     269675.000 ns	     26966	80005de4	e00204d3	fmv.x.w	x9,f4	  f4:0x80000000  x9=0x80000000
     269695.000 ns	     26968	80005de8	4033deb3	sra	x29,x7,x3	  x7:0x00000000  x3:0x00000000 x29=0x00000000
     269715.000 ns	     26970	80005dec	a01d96d3	flt.s	x13,f27,f1	 f27:0xffc00000  f1:0x235e3000 x13=0x00000000
     269745.000 ns	     26973	80005df0	f00f8b53	fmv.w.x	f22,x31	 x31:0x00000000 f22=0x00000000
     269765.000 ns	     26975	80005df4	41f75c93	srai	x25,x14,0x1f	 x14:0x80000000 x25=0xffffffff
     269775.000 ns	     26976	80005df8	00c10f33	add	x30,x2,x12	  x2:0x00000000 x12:0x00000000 x30=0x00000000
     269795.000 ns	     26978	80005dfc	02d33fb3	mulhu	x31,x6,x13	  x6:0x00000000 x13:0x00000000 x31=0x00000000
     269825.000 ns	     26981	80005e00	02bb1833	mulh	x16,x22,x11	 x22:0xfffffa7d x11:0xec6c43d7 x16=0x0000006b
     269855.000 ns	     26984	80005e04	028e4f33	div	x30,x28,x8	 x28:0x00000040  x8:0x00000000 x30=0xffffffff
     270225.000 ns	     27021	80005e08	03615db3	divu	x27,x2,x22	  x2:0x00000000 x22:0xfffffa7d x27=0x00000000
     270255.000 ns	     27024	80005e0c	20fd2953	fsgnjx.s	f18,f26,f15	 f26:0x7fc00000 f15:0x7fc00000 f18=0x7fc00000
     270285.000 ns	     27027	80005e10	a154a6d3	feq.s	x13,f9,f21	  f9:0x00000000 f21:0x7fc00000 x13=0x00000000
     270305.000 ns	     27029	80005e14	0106e033	or	x0,x13,x16	 x13:0x00000000 x16:0x0000006b
     270325.000 ns	     27031	80005e18	a1d78d53	fle.s	x26,f15,f29	 f15:0x7fc00000 f29:0x00000000 x26=0x00000000
     270345.000 ns	     27033	80005e1c	017cdab3	srl	x21,x25,x23	 x25:0xffffffff x23:0x80040fe4 x21=0x0fffffff
     270705.000 ns	     27069	80005e20	035fd333	divu	x6,x31,x21	 x31:0x00000000 x21:0x00000000  x6=0x00000000
     270735.000 ns	     27072	80005e24	e0059053	fclass.s	x0,f11	 f11:0x00000000
     271105.000 ns	     27109	80005e28	039cce33	div	x28,x25,x25	 x25:0xffffffff x25:0xffffffff x28=0x00000001
     271125.000 ns	     27111	80005e2c	00c72db3	slt	x27,x14,x12	 x14:0x80000000 x12:0x00000000 x27=0x00000001
     271135.000 ns	     27112	80005e30	67c9e593	ori	x11,x19,1660	 x19:0x00000000 x11=0x0000067c
     271165.000 ns	     27115	80005e34	580e1d53	fsqrt.s	f26,f28	 f28:0x7fc00000 f26=0x7fc00000
     271195.000 ns	     27118	80005e38	03a97833	remu	x16,x18,x26	 x18:0x80041024 x26:0x00000000 x16=0x80041024
     271245.000 ns	     27123	80005e3c	09bdf253	fsub.s	f4,f27,f27	 f27:0xffc00000 f27:0xffc00000  f4=0x7fc00000
     271275.000 ns	     27126	80005e40	e00d0253	fmv.x.w	x4,f26	 f26:0x7fc00000  x4=0x7fc00000
     271295.000 ns	     27128	80005e44	409adc13	srai	x24,x21,0x9	 x21:0x0fffffff x24=0x0007ffff
     271315.000 ns	     27130	80005e48	034bafb3	mulhsu	x31,x23,x20	 x23:0x80040fe4 x20:0x00000000 x31=0x00000000
     271335.000 ns	     27132	80005e4c	0185e133	or	x2,x11,x24	 x11:0x0000067c x24:0x00000000  x2=0x0007ffff
     271365.000 ns	     27135	80005e50	110275d3	fmul.s	f11,f4,f16	  f4:0x7fc00000 f16:0x7f800000 f11=0x7fc00000
     271395.000 ns	     27138	80005e54	21101bd3	fsgnjn.s	f23,f0,f17	  f0:0x7fc00000 f17:0x00000001 f23=0xffc00000
     271425.000 ns	     27141	80005e58	c0197b53	fcvt.wu.s	x22,f18	 f18:0x7fc00000 x22=0xffffffff
     271455.000 ns	     27144	80005e5c	205084d3	fsgnj.s	f9,f1,f5	  f1:0x235e3000  f5:0x7f800000  f9=0x235e3000
     271485.000 ns	     27147	80005e60	e00712d3	fclass.s	x5,f14	 f14:0x4e07982a  x5=0x00000040
     271505.000 ns	     27149	80005e64	0147ac33	slt	x24,x15,x20	 x15:0x00000000 x20:0x00000000 x24=0x00000000
     271515.000 ns	     27150	80005e68	5e838013	addi	x0,x7,1512	  x7:0x00000000
     271535.000 ns	     27152	80005e6c	023e9433	mulh	x8,x29,x3	 x29:0x00000000  x3:0x00000000  x8=0x00000000
     271555.000 ns	     27154	80005e70	59b36c13	ori	x24,x6,1435	  x6:0x00000000 x24=0x0000059b
     271575.000 ns	     27156	80005e74	d006b2d3	fcvt.s.w	f5,x13	 x13:0x00000000  f5=0x00000000
     271605.000 ns	     27159	80005e78	a10894d3	flt.s	x9,f17,f16	 f17:0x00000001 f16:0x7f800000  x9=0x00000001
     271625.000 ns	     27161	80005e7c	b435a497	auipc	x9,0xb435a	  x9=0x3435fe7c
     271635.000 ns	     27162	80005e80	01c27db3	and	x27,x4,x28	  x4:0x7fc00000 x28:0x00000001 x27=0x00000000
     271645.000 ns	     27163	80005e84	00ec9033	sll	x0,x25,x14	 x25:0xffffffff x14:0x80000000
     271685.000 ns	     27167	80005e88	01e1fcd3	fadd.s	f25,f3,f30	  f3:0x00000000 f30:0x7fc00000 f25=0x7fc00000
     271715.000 ns	     27170	80005e8c	a14a1a53	flt.s	x20,f20,f20	 f20:0x7fc00000 f20:0x7fc00000 x20=0x00000000
     271735.000 ns	     27172	80005e90	002e8e33	add	x28,x29,x2	 x29:0x00000000  x2:0x0007ffff x28=0x0007ffff
     271755.000 ns	     27174	80005e94	02f092b3	mulh	x5,x1,x15	  x1:0x00000000 x15:0x00000000  x5=0x00000000
     271775.000 ns	     27176	80005e98	00e42333	slt	x6,x8,x14	  x8:0x00000000 x14:0x80000000  x6=0x00000000
     271785.000 ns	     27177	80005e9c	e936cd37	lui	x26,0xe936c	 x26=0xe936c000
     271795.000 ns	     27178	80005ea0	6f433893	sltiu	x17,x6,1780	  x6:0x00000000 x17=0x00000001
     271805.000 ns	     27179	80005ea4	0183d433	srl	x8,x7,x24	  x7:0x00000000 x24:0x0000059b  x8=0x00000000
     271825.000 ns	     27181	80005ea8	20d80f53	fsgnj.s	f30,f16,f13	 f16:0x7f800000 f13:0x00000000 f30=0x7f800000
     271845.000 ns	     27183	80005eac	001bae33	slt	x28,x23,x1	 x23:0x80040fe4  x1:0x00000000 x28=0x00000001
     271855.000 ns	     27184	80005eb0	002b7d33	and	x26,x22,x2	 x22:0xffffffff  x2:0x0007ffff x26=0x0007ffff
     271875.000 ns	     27186	80005eb4	031301b3	mul	x3,x6,x17	  x6:0x00000000 x17:0x00000001  x3=0x00000000
     271905.000 ns	     27189	80005eb8	a0449853	flt.s	x16,f9,f4	  f9:0x235e3000  f4:0x7fc00000 x16=0x00000000
     271925.000 ns	     27191	80005ebc	01c0c233	xor	x4,x1,x28	  x1:0x00000000 x28:0x00000001  x4=0x00000001
     271945.000 ns	     27193	80005ec0	0223ae33	mulhsu	x28,x7,x2	  x7:0x00000000  x2:0x0007ffff x28=0x00000000
     271975.000 ns	     27196	80005ec4	02683b33	mulhu	x22,x16,x6	 x16:0x00000000  x6:0x00000000 x22=0x00000000
     271995.000 ns	     27198	80005ec8	0196e633	or	x12,x13,x25	 x13:0x00000000 x25:0xffffffff x12=0xffffffff
     272005.000 ns	     27199	80005ecc	41c8d3b3	sra	x7,x17,x28	 x17:0x00000001 x28:0x00000000  x7=0x00000001
     272015.000 ns	     27200	80005ed0	41a98533	sub	x10,x19,x26	 x19:0x00000000 x26:0x0007ffff x10=0xfff80001
     272035.000 ns	     27202	80005ed4	a0a281d3	fle.s	x3,f5,f10	  f5:0x00000000 f10:0x00000000  x3=0x00000001
     272065.000 ns	     27205	80005ed8	f0058a53	fmv.w.x	f20,x11	 x11:0x0000067c f20=0x0000067c
     272435.000 ns	     27242	80005edc	02297333	remu	x6,x18,x2	 x18:0x80041024  x2:0x0007ffff  x6=0x00042024
     272465.000 ns	     27245	80005ee0	d005fcd3	fcvt.s.w	f25,x11	 x11:0x0000067c f25=0x44cf8000
     272485.000 ns	     27247	80005ee4	01026ab3	or	x21,x4,x16	  x4:0x00000001 x16:0x00000000 x21=0x00000001
     272495.000 ns	     27248	80005ee8	83108e13	addi	x28,x1,-1999	  x1:0x00000000 x28=0xfffff831
     272515.000 ns	     27250	80005eec	a0dd01d3	fle.s	x3,f26,f13	 f26:0x7fc00000 f13:0x00000000  x3=0x00000000
     272545.000 ns	     27253	80005ef0	a1038f53	fle.s	x30,f7,f16	  f7:0xcf00040f f16:0x7f800000 x30=0x00000001
     272575.000 ns	     27256	80005ef4	a09a9e53	flt.s	x28,f21,f9	 f21:0x7fc00000  f9:0x235e3000 x28=0x00000000
     272605.000 ns	     27259	80005ef8	c01fa653	fcvt.wu.s	x12,f31	 f31:0x00000000 x12=0x00000000
     272635.000 ns	     27262	80005efc	03b48f33	mul	x30,x9,x27	  x9:0x3435fe7c x27:0x00000000 x30=0x00000000
     272655.000 ns	     27264	80005f00	01bb9cb3	sll	x25,x23,x27	 x23:0x80040fe4 x27:0x00000000 x25=0x80040fe4
     272665.000 ns	     27265	80005f04	01e31c33	sll	x24,x6,x30	  x6:0x00042024 x30:0x00000000 x24=0x00042024
     272675.000 ns	     27266	80005f08	32342d13	slti	x26,x8,803	  x8:0x00000000 x26=0x00000001
     272695.000 ns	     27268	80005f0c	a01e8553	fle.s	x10,f29,f1	 f29:0x00000000  f1:0x235e3000 x10=0x00000001
     272715.000 ns	     27270	80005f10	4071d193	srai	x3,x3,0x7	  x3:0x00000000  x3=0x00000000
     272735.000 ns	     27272	80005f14	a01494d3	flt.s	x9,f9,f1	  f9:0x235e3000  f1:0x235e3000  x9=0x00000000
     272765.000 ns	     27275	80005f18	20ef14d3	fsgnjn.s	f9,f30,f14	 f30:0x7f800000 f14:0x4e07982a  f9=0xff800000
     272785.000 ns	     27277	80005f1c	be4b2c13	slti	x24,x22,-1052	 x22:0x00000000 x24=0x00000000
     272795.000 ns	     27278	80005f20	01910833	add	x16,x2,x25	  x2:0x0007ffff x25:0x80040fe4 x16=0x800c0fe3
     272805.000 ns	     27279	80005f24	00435433	srl	x8,x6,x4	  x6:0x00042024  x4:0x00000001  x8=0x00021012
     272815.000 ns	     27280	80005f28	00623833	sltu	x16,x4,x6	  x4:0x00000001  x6:0x00042024 x16=0x00000001
     272825.000 ns	     27281	80005f2c	00000013	addi	x0,x0,0	  x0:0x00000000
     272835.000 ns	     27282	80005f30	6864bc93	sltiu	x25,x9,1670	  x9:0x00000000 x25=0x00000001
     272845.000 ns	     27283	80005f34	01d64cb3	xor	x25,x12,x29	 x12:0x00000000 x29:0x00000000 x25=0x00000000
     272865.000 ns	     27285	80005f38	c0077553	fcvt.w.s	x10,f14	 f14:0x4e07982a x10=0x21e60a80
     272895.000 ns	     27288	80005f3c	29c49e53	fmax.s	f28,f9,f28	  f9:0xff800000 f28:0x7fc00000 f28=0xff800000
     272925.000 ns	     27291	80005f40	e00c1053	fclass.s	x0,f24	 f24:0x7fc00000
     272955.000 ns	     27294	80005f44	297a97d3	fmax.s	f15,f21,f23	 f21:0x7fc00000 f23:0xffc00000 f15=0x7fc00000
     272975.000 ns	     27296	80005f48	008cbeb3	sltu	x29,x25,x8	 x25:0x00000000  x8:0x00021012 x29=0x00000001
     273335.000 ns	     27332	80005f4c	02bef833	remu	x16,x29,x11	 x29:0x00000000 x11:0x0000067c x16=0x00000001
     273355.000 ns	     27334	80005f50	00ed9493	slli	x9,x27,0xe	 x27:0x00000000  x9=0x00000000
     273365.000 ns	     27335	80005f54	01ce45b3	xor	x11,x28,x28	 x28:0x00000000 x28:0x00000000 x11=0x00000000
     273375.000 ns	     27336	80005f58	401d0fb3	sub	x31,x26,x1	 x26:0x00000001  x1:0x00000000 x31=0x00000001
     273385.000 ns	     27337	80005f5c	6b9f5037	lui	x0,0x6b9f5	
     273395.000 ns	     27338	80005f60	3b5e8393	addi	x7,x29,949	 x29:0x00000001  x7=0x000003b6
     273405.000 ns	     27339	80005f64	da7eea93	ori	x21,x29,-601	 x29:0x00000001 x21=0xfffffda7
     273415.000 ns	     27340	80005f68	4081d413	srai	x8,x3,0x8	  x3:0x00000000  x8=0x00000000
     273435.000 ns	     27342	80005f6c	d00a2053	fcvt.s.w	f0,x20	 x20:0x00000000  f0=0x00000000
     273485.000 ns	     27347	80005f70	09eea753	fsub.s	f14,f29,f30	 f29:0x00000000 f30:0x7f800000 f14=0xff800000
     273855.000 ns	     27384	80005f74	03a044b3	div	x9,x0,x26	  x0:0x00000000 x26:0x00000001  x9=0x00000000
     273885.000 ns	     27387	80005f78	2037ac53	fsgnjx.s	f24,f15,f3	 f15:0x7fc00000  f3:0x00000000 f24=0x7fc00000
     273905.000 ns	     27389	80005f7c	4154d433	sra	x8,x9,x21	  x9:0x00000000 x21:0xfffffda7  x8=0x00000000
     273925.000 ns	     27391	80005f80	e00a8053	fmv.x.w	x0,f21	 f21:0x7fc00000
     273955.000 ns	     27394	80005f84	d00a12d3	fcvt.s.w	f5,x20	 x20:0x00000000  f5=0x00000000
     273975.000 ns	     27396	80005f88	0167a3b3	slt	x7,x15,x22	 x15:0x00000000 x22:0x00000000  x7=0x00000000
     273995.000 ns	     27398	80005f8c	a0880153	fle.s	x2,f16,f8	 f16:0x7f800000  f8:0x7f800000  x2=0x00000001
     274045.000 ns	     27403	80005f90	084af753	fsub.s	f14,f21,f4	 f21:0x7fc00000  f4:0x7fc00000 f14=0x7fc00000
     274075.000 ns	     27406	80005f94	c0083653	fcvt.w.s	x12,f16	 f16:0x7f800000 x12=0x7fffffff
     274115.000 ns	     27410	80005f98	580770d3	fsqrt.s	f1,f14	 f14:0x7fc00000  f1=0x7fc00000
     274135.000 ns	     27412	80005f9c	01a3f3b3	and	x7,x7,x26	  x7:0x00000000 x26:0x00000001  x7=0x00000000
     274155.000 ns	     27414	80005fa0	a04d8cd3	fle.s	x25,f27,f4	 f27:0xffc00000  f4:0x7fc00000 x25=0x00000000
     274195.000 ns	     27418	80005fa4	580073d3	fsqrt.s	f7,f0	  f0:0x00000000  f7=0x00000000
     274225.000 ns	     27421	80005fa8	216982d3	fsgnj.s	f5,f19,f22	 f19:0x7fc00000 f22:0x00000000  f5=0x7fc00000
     274255.000 ns	     27424	80005fac	e0059553	fclass.s	x10,f11	 f11:0x7fc00000 x10=0x00000200
     274275.000 ns	     27426	80005fb0	01c09a33	sll	x20,x1,x28	  x1:0x00000000 x28:0x00000000 x20=0x00000000
     274295.000 ns	     27428	80005fb4	d00c1c53	fcvt.s.w	f24,x24	 x24:0x00000000 f24=0x00000000
     274315.000 ns	     27430	80005fb8	41b6d8b3	sra	x17,x13,x27	 x13:0x00000000 x27:0x00000000 x17=0x00000000
     274325.000 ns	     27431	80005fbc	00fbdb33	srl	x22,x23,x15	 x23:0x80040fe4 x15:0x00000000 x22=0x80040fe4
     274345.000 ns	     27433	80005fc0	28360c53	fmin.s	f24,f12,f3	 f12:0x4f73af5b  f3:0x00000000 f24=0x00000000
     274385.000 ns	     27437	80005fc4	5804a9d3	fsqrt.s	f19,f9	  f9:0xff800000 f19=0x7fc00000
     274435.000 ns	     27442	80005fc8	01a3ced3	fadd.s	f29,f7,f26	  f7:0x00000000 f26:0x7fc00000 f29=0x7fc00000
     274465.000 ns	     27445	80005fcc	02948e33	mul	x28,x9,x9	  x9:0x00000000  x9:0x00000000 x28=0x00000000
     274485.000 ns	     27447	80005fd0	00b5e2b3	or	x5,x11,x11	 x11:0x00000000 x11:0x00000000  x5=0x00000000
     274495.000 ns	     27448	80005fd4	c2ab0e13	addi	x28,x22,-982	 x22:0x80040fe4 x28=0x80040c0e
     274505.000 ns	     27449	80005fd8	403e5e93	srai	x29,x28,0x3	 x28:0x00000000 x29=0xf0008181
     274515.000 ns	     27450	80005fdc	0049b0b3	sltu	x1,x19,x4	 x19:0x00000000  x4:0x00000001  x1=0x00000001
     274535.000 ns	     27452	80005fe0	03408a33	mul	x20,x1,x20	  x1:0x00000000 x20:0x00000000 x20=0x00000000
     274565.000 ns	     27455	80005fe4	296988d3	fmin.s	f17,f19,f22	 f19:0x7fc00000 f22:0x00000000 f17=0x00000000
     274595.000 ns	     27458	80005fe8	029ffeb3	remu	x29,x31,x9	 x31:0x00000001  x9:0x00000000 x29=0x00000001
     274625.000 ns	     27461	80005fec	c0099b53	fcvt.w.s	x22,f19	 f19:0x7fc00000 x22=0x7fffffff
     274645.000 ns	     27463	80005ff0	f9bfaa93	slti	x21,x31,-101	 x31:0x00000001 x21=0x00000000
     274665.000 ns	     27465	80005ff4	03249b33	mulh	x22,x9,x18	  x9:0x00000000 x18:0x80041024 x22=0x00000000
     274685.000 ns	     27467	80005ff8	144fff93	andi	x31,x31,324	 x31:0x00000001 x31=0x00000000
     274695.000 ns	     27468	80005ffc	00fbe2b3	or	x5,x23,x15	 x23:0x80040fe4 x15:0x00000000  x5=0x80040fe4
     274715.000 ns	     27470	80006000	f00a02d3	fmv.w.x	f5,x20	 x20:0x00000000  f5=0x00000000
     274735.000 ns	     27472	80006004	00313033	sltu	x0,x2,x3	  x2:0x00000001  x3:0x00000000
     274755.000 ns	     27474	80006008	20ecad53	fsgnjx.s	f26,f25,f14	 f25:0x44cf8000 f14:0x7fc00000 f26=0x44cf8000
     274785.000 ns	     27477	8000600c	215e1553	fsgnjn.s	f10,f28,f21	 f28:0xff800000 f21:0x7fc00000 f10=0xff800000
     274815.000 ns	     27480	80006010	f0028f53	fmv.w.x	f30,x5	  x5:0x80040fe4 f30=0x80040fe4
     274845.000 ns	     27483	80006014	036d4033	div	x0,x26,x22	 x26:0x00000001 x22:0x00000000
     274865.000 ns	     27485	80006018	01bd9f93	slli	x31,x27,0x1b	 x27:0x00000000 x31=0x00000000
     274875.000 ns	     27486	8000601c	00e98db3	add	x27,x19,x14	 x19:0x00000000 x14:0x80000000 x27=0x80000000
     274895.000 ns	     27488	80006020	e00689d3	fmv.x.w	x19,f13	 f13:0x00000000 x19=0x00000000
     275265.000 ns	     27525	80006024	024142b3	div	x5,x2,x4	  x2:0x00000001  x4:0x00000001  x5=0x00000001
     275295.000 ns	     27528	80006028	c00d7cd3	fcvt.w.s	x25,f26	 f26:0x44cf8000 x25=0x0000067c
     275315.000 ns	     27530	8000602c	f3ee6013	ori	x0,x28,-194	 x28:0x80040c0e
     275335.000 ns	     27532	80006030	a1d99153	flt.s	x2,f19,f29	 f19:0x7fc00000 f29:0x7fc00000  x2=0x00000000
     275385.000 ns	     27537	80006034	00483b53	fadd.s	f22,f16,f4	 f16:0x7f800000  f4:0x7fc00000 f22=0x7fc00000
     275415.000 ns	     27540	80006038	039fb533	mulhu	x10,x31,x25	 x31:0x00000000 x25:0x0000067c x10=0x00000000
     275445.000 ns	     27543	8000603c	a1e30d53	fle.s	x26,f6,f30	  f6:0x4f73af5b f30:0x80040fe4 x26=0x00000000
     275475.000 ns	     27546	80006040	d014ba53	fcvt.s.wu	f20,x9	  x9:0x00000000 f20=0x00000000
     275505.000 ns	     27549	80006044	03ae4a33	div	x20,x28,x26	 x28:0x80040c0e x26:0x00000000 x20=0xffffffff
     275535.000 ns	     27552	80006048	a0ca9ed3	flt.s	x29,f21,f12	 f21:0x7fc00000 f12:0x4f73af5b x29=0x00000000
     275565.000 ns	     27555	8000604c	02288633	mul	x12,x17,x2	 x17:0x00000000  x2:0x00000000 x12=0x00000000
     275595.000 ns	     27558	80006050	a027a053	feq.s	x0,f15,f2	 f15:0x7fc00000  f2:0x4e07982a
     275625.000 ns	     27561	80006054	0345b6b3	mulhu	x13,x11,x20	 x11:0x00000000 x20:0xffffffff x13=0x00000000
     275675.000 ns	     27566	80006058	00807ed3	fadd.s	f29,f0,f8	  f0:0x00000000  f8:0x7f800000 f29=0x7f800000
     275705.000 ns	     27569	8000605c	21f61553	fsgnjn.s	f10,f12,f31	 f12:0x4f73af5b f31:0x00000000 f10=0xcf73af5b
     275725.000 ns	     27571	80006060	004d92b3	sll	x5,x27,x4	 x27:0x80000000  x4:0x00000001  x5=0x00000000
     275745.000 ns	     27573	80006064	c01a7d53	fcvt.wu.s	x26,f20	 f20:0x00000000 x26=0x00000000
     275775.000 ns	     27576	80006068	29ab80d3	fmin.s	f1,f23,f26	 f23:0xffc00000 f26:0x44cf8000  f1=0x44cf8000
     275795.000 ns	     27578	8000606c	016b74b3	and	x9,x22,x22	 x22:0x00000000 x22:0x00000000  x9=0x00000000
     275815.000 ns	     27580	80006070	02a7cb33	div	x22,x15,x10	 x15:0x00000000 x10:0x00000000 x22=0xffffffff
     275845.000 ns	     27583	80006074	20fc83d3	fsgnj.s	f7,f25,f15	 f25:0x44cf8000 f15:0x7fc00000  f7=0x44cf8000
     275865.000 ns	     27585	80006078	0108c533	xor	x10,x17,x16	 x17:0x00000000 x16:0x00000001 x10=0x00000001
     275885.000 ns	     27587	8000607c	02748d33	mul	x26,x9,x7	  x9:0x00000000  x7:0x00000000 x26=0x00000000
     275905.000 ns	     27589	80006080	9933a093	slti	x1,x7,-1645	  x7:0x00000000  x1=0x00000000
     275925.000 ns	     27591	80006084	025739b3	mulhu	x19,x14,x5	 x14:0x80000000  x5:0x00000000 x19=0x00000000
     275955.000 ns	     27594	80006088	0332ac33	mulhsu	x24,x5,x19	  x5:0x00000000 x19:0x00000000 x24=0x00000000
     275995.000 ns	     27598	8000608c	580f97d3	fsqrt.s	f15,f31	 f31:0x00000000 f15=0x00000000
     276035.000 ns	     27602	80006090	580dc953	fsqrt.s	f18,f27	 f27:0xffc00000 f18=0x7fc00000
     276065.000 ns	     27605	80006094	02cb3ab3	mulhu	x21,x22,x12	 x22:0xffffffff x12:0x00000000 x21=0x00000000
     276095.000 ns	     27608	80006098	03af2433	mulhsu	x8,x30,x26	 x30:0x00000000 x26:0x00000000  x8=0x00000000
     276125.000 ns	     27611	8000609c	e0090553	fmv.x.w	x10,f18	 f18:0x7fc00000 x10=0x7fc00000
     276155.000 ns	     27614	800060a0	0336adb3	mulhsu	x27,x13,x19	 x13:0x00000000 x19:0x00000000 x27=0x00000000
     276185.000 ns	     27617	800060a4	e00b01d3	fmv.x.w	x3,f22	 f22:0x7fc00000  x3=0x7fc00000
     276205.000 ns	     27619	800060a8	01836633	or	x12,x6,x24	  x6:0x00042024 x24:0x00000000 x12=0x00042024
     276225.000 ns	     27621	800060ac	025e84b3	mul	x9,x29,x5	 x29:0x00000000  x5:0x00000000  x9=0x00000000
     276255.000 ns	     27624	800060b0	c01d76d3	fcvt.wu.s	x13,f26	 f26:0x44cf8000 x13=0x0000067c
     276275.000 ns	     27626	800060b4	005b52b3	srl	x5,x22,x5	 x22:0xffffffff  x5:0x00000000  x5=0xffffffff
     276285.000 ns	     27627	800060b8	0144bdb3	sltu	x27,x9,x20	  x9:0x00000000 x20:0xffffffff x27=0x00000001
     276295.000 ns	     27628	800060bc	59f8c093	xori	x1,x17,1439	 x17:0x00000000  x1=0x0000059f
     276305.000 ns	     27629	800060c0	00261613	slli	x12,x12,0x2	 x12:0x00042024 x12=0x00108090
     276325.000 ns	     27631	800060c4	c01474d3	fcvt.wu.s	x9,f8	  f8:0x7f800000  x9=0xffffffff
     276695.000 ns	     27668	800060c8	03677533	remu	x10,x14,x22	 x14:0x80000000 x22:0xffffffff x10=0x80000000
     276725.000 ns	     27671	800060cc	0205a5b3	mulhsu	x11,x11,x0	 x11:0x00000000  x0:0x00000000 x11=0x00000000
     276755.000 ns	     27674	800060d0	a1c49a53	flt.s	x20,f9,f28	  f9:0xff800000 f28:0xff800000 x20=0x00000000
     276785.000 ns	     27677	800060d4	a1961553	flt.s	x10,f12,f25	 f12:0x4f73af5b f25:0x44cf8000 x10=0x00000000
     276815.000 ns	     27680	800060d8	02a64cb3	div	x25,x12,x10	 x12:0x00108090 x10:0x80000000 x25=0xffffffff
     276845.000 ns	     27683	800060dc	e0021153	fclass.s	x2,f4	  f4:0x7fc00000  x2=0x00000200
     276865.000 ns	     27685	800060e0	01ecb7b3	sltu	x15,x25,x30	 x25:0xffffffff x30:0x00000000 x15=0x00000000
     276875.000 ns	     27686	800060e4	01bcec33	or	x24,x25,x27	 x25:0xffffffff x27:0x00000001 x24=0xffffffff
     276885.000 ns	     27687	800060e8	01aa58b3	srl	x17,x20,x26	 x20:0x00000000 x26:0x00000000 x17=0x00000000
     276905.000 ns	     27689	800060ec	a03583d3	fle.s	x7,f11,f3	 f11:0x7fc00000  f3:0x00000000  x7=0x00000000
     276935.000 ns	     27692	800060f0	21112e53	fsgnjx.s	f28,f2,f17	  f2:0x4e07982a f17:0x00000000 f28=0x4e07982a
     276965.000 ns	     27695	800060f4	a19eab53	feq.s	x22,f29,f25	 f29:0x7f800000 f25:0x44cf8000 x22=0x00000000
     277005.000 ns	     27699	800060f8	19f17cd3	fdiv.s	f25,f2,f31	  f2:0x4e07982a f31:0x00000000 f25=0x7f800000
     277055.000 ns	     27704	800060fc	098f3a53	fsub.s	f20,f30,f24	 f30:0x80040fe4 f24:0x00000000 f20=0x80040fe4
     277085.000 ns	     27707	80006100	031d37b3	mulhu	x15,x26,x17	 x26:0x00000000 x17:0x00000000 x15=0x00000000
     277115.000 ns	     27710	80006104	034cbeb3	mulhu	x29,x25,x20	 x25:0xffffffff x20:0x00000000 x29=0x00000000
     277135.000 ns	     27712	80006108	00673e33	sltu	x28,x14,x6	 x14:0x80000000  x6:0x00042024 x28=0x00000000
     277155.000 ns	     27714	8000610c	e0070f53	fmv.x.w	x30,f14	 f14:0x7fc00000 x30=0x7fc00000
     277195.000 ns	     27718	80006110	10161bd3	fmul.s	f23,f12,f1	 f12:0x4f73af5b  f1:0x44cf8000 f23=0x54c584a2
     277215.000 ns	     27720	80006114	00931213	slli	x4,x6,0x9	  x6:0x00042024  x4=0x08404800
     277255.000 ns	     27724	80006118	08b5f953	fsub.s	f18,f11,f11	 f11:0x7fc00000 f11:0x7fc00000 f18=0x7fc00000
     277285.000 ns	     27727	8000611c	f00c8fd3	fmv.w.x	f31,x25	 x25:0xffffffff f31=0xffffffff
     277315.000 ns	     27730	80006120	a16c0653	fle.s	x12,f24,f22	 f24:0x00000000 f22:0x7fc00000 x12=0x00000000
     277355.000 ns	     27734	80006124	10ecf0d3	fmul.s	f1,f25,f14	 f25:0x7f800000 f14:0x7fc00000  f1=0x7fc00000
     277375.000 ns	     27736	80006128	c3478893	addi	x17,x15,-972	 x15:0x00000000 x17=0xfffffc34
     277385.000 ns	     27737	8000612c	008821b3	slt	x3,x16,x8	 x16:0x00000001  x8:0x00000000  x3=0x00000000
     277415.000 ns	     27740	80006130	181223d3	fdiv.s	f7,f4,f1	  f4:0x7fc00000  f1:0x7fc00000  f7=0x7fc00000
     277445.000 ns	     27743	80006134	e00a1ad3	fclass.s	x21,f20	 f20:0x80040fe4 x21=0x00000004
     277465.000 ns	     27745	80006138	008f90b3	sll	x1,x31,x8	 x31:0x00000000  x8:0x00000000  x1=0x00000000
     277485.000 ns	     27747	8000613c	034443b3	div	x7,x8,x20	  x8:0x00000000 x20:0x00000000  x7=0xffffffff
     277515.000 ns	     27750	80006140	d011f353	fcvt.s.wu	f6,x3	  x3:0x00000000  f6=0x00000000
     277545.000 ns	     27753	80006144	282a88d3	fmin.s	f17,f21,f2	 f21:0x7fc00000  f2:0x4e07982a f17=0x4e07982a
     277915.000 ns	     27790	80006148	027cd833	divu	x16,x25,x7	 x25:0xffffffff  x7:0xffffffff x16=0x00000001
     277945.000 ns	     27793	8000614c	02f55fb3	divu	x31,x10,x15	 x10:0x00000000 x15:0x00000000 x31=0xffffffff
     277965.000 ns	     27795	80006150	017b7cb3	and	x25,x22,x23	 x22:0x00000000 x23:0x80040fe4 x25=0x00000000
     277985.000 ns	     27797	80006154	c009fcd3	fcvt.w.s	x25,f19	 f19:0x7fc00000 x25=0x7fffffff
     278015.000 ns	     27800	80006158	0350b9b3	mulhu	x19,x1,x21	  x1:0x00000000 x21:0x00000004 x19=0x00000000
     278045.000 ns	     27803	8000615c	a1b48ed3	fle.s	x29,f9,f27	  f9:0xff800000 f27:0xffc00000 x29=0x00000000
     278065.000 ns	     27805	80006160	e84b0e93	addi	x29,x22,-380	 x22:0x00000000 x29=0xfffffe84
     278075.000 ns	     27806	80006164	012766b3	or	x13,x14,x18	 x14:0x80000000 x18:0x80041024 x13=0x80041024
     278105.000 ns	     27809	80006168	580c97d3	fsqrt.s	f15,f25	 f25:0x7f800000 f15=0x7f800000
     278125.000 ns	     27811	8000616c	01607c33	and	x24,x0,x22	  x0:0x00000000 x22:0x00000000 x24=0x00000000
     278145.000 ns	     27813	80006170	a0d12053	feq.s	x0,f2,f13	  f2:0x4e07982a f13:0x00000000
     278165.000 ns	     27815	80006174	003b26b3	slt	x13,x22,x3	 x22:0x00000000  x3:0x00000000 x13=0x00000000
     278185.000 ns	     27817	80006178	d0167f53	fcvt.s.wu	f30,x12	 x12:0x00000000 f30=0x00000000
     278215.000 ns	     27820	8000617c	a09e14d3	flt.s	x9,f28,f9	 f28:0x4e07982a  f9:0xff800000  x9=0x00000000
     278235.000 ns	     27822	80006180	01ab94b3	sll	x9,x23,x26	 x23:0x80040fe4 x26:0x00000000  x9=0x80040fe4
     278245.000 ns	     27823	80006184	419a8133	sub	x2,x21,x25	 x21:0x00000004 x25:0x7fffffff  x2=0x80000005
     278265.000 ns	     27825	80006188	295c93d3	fmax.s	f7,f25,f21	 f25:0x7f800000 f21:0x7fc00000  f7=0x7f800000
     278295.000 ns	     27828	8000618c	28968ed3	fmin.s	f29,f13,f9	 f13:0x00000000  f9:0xff800000 f29=0xff800000
     278315.000 ns	     27830	80006190	01c73a33	sltu	x20,x14,x28	 x14:0x80000000 x28:0x00000000 x20=0x00000000
     278325.000 ns	     27831	80006194	00cab3b3	sltu	x7,x21,x12	 x21:0x00000004 x12:0x00000000  x7=0x00000000
     278335.000 ns	     27832	80006198	41dc0233	sub	x4,x24,x29	 x24:0x00000000 x29:0xfffffe84  x4=0x0000017c
     278355.000 ns	     27834	8000619c	02ff5cb3	divu	x25,x30,x15	 x30:0x7fc00000 x15:0x00000000 x25=0xffffffff
     278375.000 ns	     27836	800061a0	2779f813	andi	x16,x19,631	 x19:0x00000000 x16=0x00000000
     278395.000 ns	     27838	800061a4	d0101dd3	fcvt.s.wu	f27,x0	  x0:0x00000000 f27=0x00000000
     278425.000 ns	     27841	800061a8	a133a653	feq.s	x12,f7,f19	  f7:0x7f800000 f19:0x7fc00000 x12=0x00000000
     278795.000 ns	     27878	800061ac	03194d33	div	x26,x18,x17	 x18:0x80041024 x17:0xfffffc34 x26=0x0021b52f
     278845.000 ns	     27883	800061b0	001674d3	fadd.s	f9,f12,f1	 f12:0x4f73af5b  f1:0x7fc00000  f9=0x7fc00000
     278875.000 ns	     27886	800061b4	f00b8ad3	fmv.w.x	f21,x23	 x23:0x80040fe4 f21=0x80040fe4
     278925.000 ns	     27891	800061b8	013a75d3	fadd.s	f11,f20,f19	 f20:0x80040fe4 f19:0x7fc00000 f11=0x7fc00000
     278955.000 ns	     27894	800061bc	f00f0553	fmv.w.x	f10,x30	 x30:0x7fc00000 f10=0x7fc00000
     278975.000 ns	     27896	800061c0	10acb693	sltiu	x13,x25,266	 x25:0xffffffff x13=0x00000000
     278995.000 ns	     27898	800061c4	29f595d3	fmax.s	f11,f11,f31	 f11:0x7fc00000 f31:0xffffffff f11=0x7fc00000
     279015.000 ns	     27900	800061c8	bd96d037	lui	x0,0xbd96d	
     279035.000 ns	     27902	800061cc	a02d0d53	fle.s	x26,f26,f2	 f26:0x44cf8000  f2:0x4e07982a x26=0x00000001
     279065.000 ns	     27905	800061d0	f00f88d3	fmv.w.x	f17,x31	 x31:0xffffffff f17=0xffffffff
     279435.000 ns	     27942	800061d4	029b6033	rem	x0,x22,x9	 x22:0x00000000  x9:0x80040fe4
     279455.000 ns	     27944	800061d8	00e164b3	or	x9,x2,x14	  x2:0x80000005 x14:0x80000000  x9=0x80000005
     279465.000 ns	     27945	800061dc	96dfbb13	sltiu	x22,x31,-1683	 x31:0xffffffff x22=0x00000000
     279485.000 ns	     27947	800061e0	0339f3b3	remu	x7,x19,x19	 x19:0x00000000 x19:0x00000000  x7=0x00000000
     279515.000 ns	     27950	800061e4	20f30653	fsgnj.s	f12,f6,f15	  f6:0x00000000 f15:0x7f800000 f12=0x00000000
     279545.000 ns	     27953	800061e8	294b9fd3	fmax.s	f31,f23,f20	 f23:0x54c584a2 f20:0x80040fe4 f31=0x54c584a2
     279565.000 ns	     27955	800061ec	b309e413	ori	x8,x19,-1232	 x19:0x00000000  x8=0xfffffb30
     279585.000 ns	     27957	800061f0	e0001453	fclass.s	x8,f0	  f0:0x00000000  x8=0x00000010
     279615.000 ns	     27960	800061f4	21769e53	fsgnjn.s	f28,f13,f23	 f13:0x00000000 f23:0x54c584a2 f28=0x80000000
     279635.000 ns	     27962	800061f8	183d0d13	addi	x26,x26,387	 x26:0x00000001 x26=0x00000184
     279645.000 ns	     27963	800061fc	411287b3	sub	x15,x5,x17	  x5:0xffffffff x17:0xfffffc34 x15=0x000003cb
     279675.000 ns	     27966	80006200	188a8bd3	fdiv.s	f23,f21,f8	 f21:0x80040fe4  f8:0x7f800000 f23=0x80000000
     279715.000 ns	     27970	80006204	11297253	fmul.s	f4,f18,f18	 f18:0x7fc00000 f18:0x7fc00000  f4=0x7fc00000
     279735.000 ns	     27972	80006208	01fe82b3	add	x5,x29,x31	 x29:0xfffffe84 x31:0xffffffff  x5=0xfffffe83
     280095.000 ns	     28008	8000620c	03bf7d33	remu	x26,x30,x27	 x30:0x7fc00000 x27:0x00000001 x26=0x00000000
     280125.000 ns	     28011	80006210	d0017a53	fcvt.s.w	f20,x2	  x2:0x80000005 f20=0xceffffff
     280145.000 ns	     28013	80006214	66112413	slti	x8,x2,1633	  x2:0x80000005  x8=0x00000001
     280155.000 ns	     28014	80006218	00b22f33	slt	x30,x4,x11	  x4:0x0000017c x11:0x00000000 x30=0x00000000
     280175.000 ns	     28016	8000621c	29a28853	fmin.s	f16,f5,f26	  f5:0x00000000 f26:0x44cf8000 f16=0x00000000
     280195.000 ns	     28018	80006220	e9668eb7	lui	x29,0xe9668	 x29=0xe9668000
     280215.000 ns	     28020	80006224	20d928d3	fsgnjx.s	f17,f18,f13	 f18:0x7fc00000 f13:0x00000000 f17=0x7fc00000
     280235.000 ns	     28022	80006228	342c7a13	andi	x20,x24,834	 x24:0x00000000 x20=0x00000000
     280245.000 ns	     28023	8000622c	0086d013	srli	x0,x13,0x8	 x13:0x00000000
     280255.000 ns	     28024	80006230	001b66b3	or	x13,x22,x1	 x22:0x00000000  x1:0x00000000 x13=0x00000000
     280275.000 ns	     28026	80006234	214c23d3	fsgnjx.s	f7,f24,f20	 f24:0x00000000 f20:0xceffffff  f7=0x80000000
     280295.000 ns	     28028	80006238	95290193	addi	x3,x18,-1710	 x18:0x80041024  x3=0x80040976
     280305.000 ns	     28029	8000623c	01a19013	slli	x0,x3,0x1a	  x3:0x00000000
     280325.000 ns	     28031	80006240	e00d0a53	fmv.x.w	x20,f26	 f26:0x44cf8000 x20=0x44cf8000
     280355.000 ns	     28034	80006244	e00d0fd3	fmv.x.w	x31,f26	 f26:0x44cf8000 x31=0x44cf8000
     280385.000 ns	     28037	80006248	209707d3	fsgnj.s	f15,f14,f9	 f14:0x7fc00000  f9:0x7fc00000 f15=0x7fc00000
     280405.000 ns	     28039	8000624c	001f1293	slli	x5,x30,0x1	 x30:0x00000000  x5=0x00000000
     280415.000 ns	     28040	80006250	017afb33	and	x22,x21,x23	 x21:0x00000004 x23:0x80040fe4 x22=0x00000004
     280435.000 ns	     28042	80006254	20a68653	fsgnj.s	f12,f13,f10	 f13:0x00000000 f10:0x7fc00000 f12=0x00000000
     280455.000 ns	     28044	80006258	00eded33	or	x26,x27,x14	 x27:0x00000001 x14:0x80000000 x26=0x80000001
     280475.000 ns	     28046	8000625c	f0090953	fmv.w.x	f18,x18	 x18:0x80041024 f18=0x80041024
     280505.000 ns	     28049	80006260	e00980d3	fmv.x.w	x1,f19	 f19:0x7fc00000  x1=0x7fc00000
     280525.000 ns	     28051	80006264	00fd4533	xor	x10,x26,x15	 x26:0x80000001 x15:0x000003cb x10=0x800003ca
     280545.000 ns	     28053	80006268	a0c084d3	fle.s	x9,f1,f12	  f1:0x7fc00000 f12:0x00000000  x9=0x00000000
     280575.000 ns	     28056	8000626c	a18caed3	feq.s	x29,f25,f24	 f25:0x7f800000 f24:0x00000000 x29=0x00000000
     280625.000 ns	     28061	80006270	09e70a53	fsub.s	f20,f14,f30	 f14:0x7fc00000 f30:0x00000000 f20=0x7fc00000
     280645.000 ns	     28063	80006274	4033d093	srai	x1,x7,0x3	  x7:0x00000000  x1=0x00000000
     281005.000 ns	     28099	80006278	03bbd0b3	divu	x1,x23,x27	 x23:0x80040fe4 x27:0x00000001  x1=0x80040fe4
     281035.000 ns	     28102	8000627c	03e6d533	divu	x10,x13,x30	 x13:0x00000000 x30:0x00000000 x10=0xffffffff
     281055.000 ns	     28104	80006280	00000013	addi	x0,x0,0	  x0:0x00000000
     281065.000 ns	     28105	80006284	01a138b3	sltu	x17,x2,x26	  x2:0x80000005 x26:0x80000001 x17=0x00000000
     281075.000 ns	     28106	80006288	15423117	auipc	x2,0x15423	  x2=0x95429288
     281095.000 ns	     28108	8000628c	20791453	fsgnjn.s	f8,f18,f7	 f18:0x80041024  f7:0x80000000  f8=0x00041024
     281115.000 ns	     28110	80006290	00d1eb33	or	x22,x3,x13	  x3:0x80040976 x13:0x00000000 x22=0x80040976
     281135.000 ns	     28112	80006294	a02c1853	flt.s	x16,f24,f2	 f24:0x00000000  f2:0x4e07982a x16=0x00000001
     281155.000 ns	     28114	80006298	011bbf33	sltu	x30,x23,x17	 x23:0x80040fe4 x17:0x00000000 x30=0x00000000
     281175.000 ns	     28116	8000629c	0396b9b3	mulhu	x19,x13,x25	 x13:0x00000000 x25:0xffffffff x19=0x00000000
     281195.000 ns	     28118	800062a0	533a6813	ori	x16,x20,1331	 x20:0x44cf8000 x16=0x44cf8533
     281205.000 ns	     28119	800062a4	65dac113	xori	x2,x21,1629	 x21:0x00000004  x2=0x00000659
     281565.000 ns	     28155	800062a8	032cd433	divu	x8,x25,x18	 x25:0xffffffff x18:0x80041024  x8=0x00000001
     281585.000 ns	     28157	800062ac	00f78b33	add	x22,x15,x15	 x15:0x000003cb x15:0x000003cb x22=0x00000796
     281605.000 ns	     28159	800062b0	e00090d3	fclass.s	x1,f1	  f1:0x7fc00000  x1=0x00000200
     281635.000 ns	     28162	800062b4	e0008853	fmv.x.w	x16,f1	  f1:0x7fc00000 x16=0x7fc00000
     281665.000 ns	     28165	800062b8	c01cf553	fcvt.wu.s	x10,f25	 f25:0x7f800000 x10=0xffffffff
     281685.000 ns	     28167	800062bc	1cdead93	slti	x27,x29,461	 x29:0x00000000 x27=0x00000001
     281705.000 ns	     28169	800062c0	e00885d3	fmv.x.w	x11,f17	 f17:0x7fc00000 x11=0x7fc00000
     281735.000 ns	     28172	800062c4	d018fd53	fcvt.s.wu	f26,x17	 x17:0x00000000 f26=0x00000000
     281765.000 ns	     28175	800062c8	e0028f53	fmv.x.w	x30,f5	  f5:0x00000000 x30=0x00000000
     281795.000 ns	     28178	800062cc	284c8153	fmin.s	f2,f25,f4	 f25:0x7f800000  f4:0x7fc00000  f2=0x7f800000
     281815.000 ns	     28180	800062d0	006daeb3	slt	x29,x27,x6	 x27:0x00000001  x6:0x00042024 x29=0x00000001
     281835.000 ns	     28182	800062d4	039810b3	mulh	x1,x16,x25	 x16:0x7fc00000 x25:0xffffffff  x1=0xffffffff
     281875.000 ns	     28186	800062d8	580b4453	fsqrt.s	f8,f22	 f22:0x7fc00000  f8=0x7fc00000
     281905.000 ns	     28189	800062dc	028a09b3	mul	x19,x20,x8	 x20:0x44cf8000  x8:0x00000001 x19=0x44cf8000
     281935.000 ns	     28192	800062e0	038aad33	mulhsu	x26,x21,x24	 x21:0x00000004 x24:0x00000000 x26=0x00000000
     281965.000 ns	     28195	800062e4	d01874d3	fcvt.s.wu	f9,x16	 x16:0x7fc00000  f9=0x4eff8000
     281985.000 ns	     28197	800062e8	a81fbc93	sltiu	x25,x31,-1407	 x31:0x44cf8000 x25=0x00000001
     281995.000 ns	     28198	800062ec	01c68533	add	x10,x13,x28	 x13:0x00000000 x28:0x00000000 x10=0x00000000
     282005.000 ns	     28199	800062f0	c014f493	andi	x9,x9,-1023	  x9:0x00000000  x9=0x00000000
     282015.000 ns	     28200	800062f4	7ed3af13	slti	x30,x7,2029	  x7:0x00000000 x30=0x00000001
     282025.000 ns	     28201	800062f8	01a1cab3	xor	x21,x3,x26	  x3:0x80040976 x26:0x00000000 x21=0x80040976
     282035.000 ns	     28202	800062fc	01f8a3b3	slt	x7,x17,x31	 x17:0x00000000 x31:0x44cf8000  x7=0x00000001
     282045.000 ns	     28203	80006300	c3026193	ori	x3,x4,-976	  x4:0x0000017c  x3=0xfffffd7c
     282055.000 ns	     28204	80006304	00520433	add	x8,x4,x5	  x4:0x0000017c  x5:0x00000000  x8=0x0000017c
     282095.000 ns	     28208	80006308	00013c53	fadd.s	f24,f2,f0	  f2:0x7f800000  f0:0x00000000 f24=0x7f800000
     282115.000 ns	     28210	8000630c	00b940b3	xor	x1,x18,x11	 x18:0x80041024 x11:0x7fc00000  x1=0xffc41024
     282135.000 ns	     28212	80006310	d019b053	fcvt.s.wu	f0,x19	 x19:0x44cf8000  f0=0x4e899f00
     282165.000 ns	     28215	80006314	d01b7c53	fcvt.s.wu	f24,x22	 x22:0x00000796 f24=0x44f2c000
     282535.000 ns	     28252	80006318	03eefe33	remu	x28,x29,x30	 x29:0x00000001 x30:0x00000001 x28=0x00000000
     282555.000 ns	     28254	8000631c	00000013	addi	x0,x0,0	  x0:0x00000000
     282575.000 ns	     28256	80006320	a160a5d3	feq.s	x11,f1,f22	  f1:0x7fc00000 f22:0x7fc00000 x11=0x00000000
     282945.000 ns	     28293	80006324	03956f33	rem	x30,x10,x25	 x10:0x00000000 x25:0x00000001 x30=0x00000000
     283315.000 ns	     28330	80006328	039ac333	div	x6,x21,x25	 x21:0x80040976 x25:0x00000001  x6=0x80040976
     283335.000 ns	     28332	8000632c	a6dcad97	auipc	x27,0xa6dca	 x27=0x26dd032c
     283355.000 ns	     28334	80006330	0364b9b3	mulhu	x19,x9,x22	  x9:0x00000000 x22:0x00000796 x19=0x00000000
     283375.000 ns	     28336	80006334	40e184b3	sub	x9,x3,x14	  x3:0xfffffd7c x14:0x80000000  x9=0x7ffffd7c
     283385.000 ns	     28337	80006338	00a89e13	slli	x28,x17,0xa	 x17:0x00000000 x28=0x00000000
     283405.000 ns	     28339	8000633c	28870853	fmin.s	f16,f14,f8	 f14:0x7fc00000  f8:0x7fc00000 f16=0x7fc00000
     283455.000 ns	     28344	80006340	00208f53	fadd.s	f30,f1,f2	  f1:0x7fc00000  f2:0x7f800000 f30=0x7fc00000
     283495.000 ns	     28348	80006344	18d2f653	fdiv.s	f12,f5,f13	  f5:0x00000000 f13:0x00000000 f12=0x7fc00000
     283525.000 ns	     28351	80006348	0255ffb3	remu	x31,x11,x5	 x11:0x00000000  x5:0x00000000 x31=0x00000000
     283545.000 ns	     28353	8000634c	00000013	addi	x0,x0,0	  x0:0x00000000
     283555.000 ns	     28354	80006350	00000013	addi	x0,x0,0	  x0:0x00000000
     283575.000 ns	     28356	80006354	e00c9e53	fclass.s	x28,f25	 f25:0x7f800000 x28=0x00000080
     283605.000 ns	     28359	80006358	a12f2fd3	feq.s	x31,f30,f18	 f30:0x7fc00000 f18:0x80041024 x31=0x00000000
     283635.000 ns	     28362	8000635c	e00013d3	fclass.s	x7,f0	  f0:0x4e899f00  x7=0x00000040
     283655.000 ns	     28364	80006360	004ad633	srl	x12,x21,x4	 x21:0x80040976  x4:0x0000017c x12=0x00000008
     283685.000 ns	     28367	80006364	184589d3	fdiv.s	f19,f11,f4	 f11:0x7fc00000  f4:0x7fc00000 f19=0x7fc00000
     284055.000 ns	     28404	80006368	03b8ca33	div	x20,x17,x27	 x17:0x00000000 x27:0x26dd032c x20=0x00000000
     284085.000 ns	     28407	8000636c	a1199853	flt.s	x16,f19,f17	 f19:0x7fc00000 f17:0x7fc00000 x16=0x00000000
     284115.000 ns	     28410	80006370	e00a9e53	fclass.s	x28,f21	 f21:0x80040fe4 x28=0x00000004
     284135.000 ns	     28412	80006374	bfea2813	slti	x16,x20,-1026	 x20:0x00000000 x16=0x00000000
     284155.000 ns	     28414	80006378	28020e53	fmin.s	f28,f4,f0	  f4:0x7fc00000  f0:0x4e899f00 f28=0x4e899f00
     284175.000 ns	     28416	8000637c	00000013	addi	x0,x0,0	  x0:0x00000000
     284215.000 ns	     28420	80006380	09f0cad3	fsub.s	f21,f1,f31	  f1:0x7fc00000 f31:0x54c584a2 f21=0x7fc00000
     284235.000 ns	     28422	80006384	0161e8b3	or	x17,x3,x22	  x3:0xfffffd7c x22:0x00000796 x17=0xfffffffe
     284245.000 ns	     28423	80006388	004cc233	xor	x4,x25,x4	 x25:0x00000001  x4:0x0000017c  x4=0x0000017d
     284265.000 ns	     28425	8000638c	a11489d3	fle.s	x19,f9,f17	  f9:0x4eff8000 f17:0x7fc00000 x19=0x00000000
     284285.000 ns	     28427	80006390	4143ed93	ori	x27,x7,1044	  x7:0x00000040 x27=0x00000454
     284295.000 ns	     28428	80006394	006925b3	slt	x11,x18,x6	 x18:0x80041024  x6:0x80040976 x11=0x00000000
     284325.000 ns	     28431	80006398	10311fd3	fmul.s	f31,f2,f3	  f2:0x7f800000  f3:0x00000000 f31=0x7fc00000
     284355.000 ns	     28434	8000639c	c00b82d3	fcvt.w.s	x5,f23	 f23:0x80000000  x5=0x00000000
     284375.000 ns	     28436	800063a0	000c6133	or	x2,x24,x0	 x24:0x00000000  x0:0x00000000  x2=0x00000000
     284395.000 ns	     28438	800063a4	034e2233	mulhsu	x4,x28,x20	 x28:0x00000004 x20:0x00000000  x4=0x00000000
     284415.000 ns	     28440	800063a8	00581f93	slli	x31,x16,0x5	 x16:0x00000000 x31=0x00000000
     284435.000 ns	     28442	800063ac	e00d0253	fmv.x.w	x4,f26	 f26:0x00000000  x4=0x00000000
     284475.000 ns	     28446	800063b0	19d1bbd3	fdiv.s	f23,f3,f29	  f3:0x00000000 f29:0xff800000 f23=0x80000000
     284495.000 ns	     28448	800063b4	061f6a93	ori	x21,x30,97	 x30:0x00000000 x21=0x00000061
     284515.000 ns	     28450	800063b8	c0187c53	fcvt.wu.s	x24,f16	 f16:0x7fc00000 x24=0xffffffff
     284535.000 ns	     28452	800063bc	012c0fb3	add	x31,x24,x18	 x24:0x00000000 x18:0x80041024 x31=0x80041023
     284545.000 ns	     28453	800063c0	6ad1ed93	ori	x27,x3,1709	  x3:0xfffffd7c x27=0xfffffffd
     284555.000 ns	     28454	800063c4	b0a8ea13	ori	x20,x17,-1270	 x17:0xfffffffe x20=0xfffffffe
     284565.000 ns	     28455	800063c8	00721d33	sll	x26,x4,x7	  x4:0x00000000  x7:0x00000040 x26=0x00000000
     284575.000 ns	     28456	800063cc	dc90f693	andi	x13,x1,-567	  x1:0xffc41024 x13=0xffc41000
     284595.000 ns	     28458	800063d0	20a40253	fsgnj.s	f4,f8,f10	  f8:0x7fc00000 f10:0x7fc00000  f4=0x7fc00000
     284615.000 ns	     28460	800063d4	24bb4593	xori	x11,x22,587	 x22:0x00000796 x11=0x000005dd
     284635.000 ns	     28462	800063d8	28978053	fmin.s	f0,f15,f9	 f15:0x7fc00000  f9:0x4eff8000  f0=0x4eff8000
     284655.000 ns	     28464	800063dc	00000013	addi	x0,x0,0	  x0:0x00000000
     284675.000 ns	     28466	800063e0	02537b33	remu	x22,x6,x5	  x6:0x80040976  x5:0x00000000 x22=0x80040976
     284695.000 ns	     28468	800063e4	004fdeb3	srl	x29,x31,x4	 x31:0x80041023  x4:0x00000000 x29=0x80041023
     284715.000 ns	     28470	800063e8	21c623d3	fsgnjx.s	f7,f12,f28	 f12:0x7fc00000 f28:0x4e899f00  f7=0x7fc00000
     284735.000 ns	     28472	800063ec	fdac6397	auipc	x7,0xfdac6	  x7=0x7dacc3ec
     284755.000 ns	     28474	800063f0	d01c2c53	fcvt.s.wu	f24,x24	 x24:0xffffffff f24=0x4f800000
     284775.000 ns	     28476	800063f4	11324493	xori	x9,x4,275	  x4:0x00000000  x9=0x00000113
     284785.000 ns	     28477	800063f8	302f7213	andi	x4,x30,770	 x30:0x00000000  x4=0x00000000
     284805.000 ns	     28479	800063fc	c018fc53	fcvt.wu.s	x24,f17	 f17:0x7fc00000 x24=0xffffffff
     284825.000 ns	     28481	80006400	00bf1d13	slli	x26,x30,0xb	 x30:0x00000000 x26=0x00000000
     285185.000 ns	     28517	80006404	031fce33	div	x28,x31,x17	 x31:0x80041023 x17:0xfffffffe x28=0x3ffdf7ee
     285205.000 ns	     28519	80006408	0803ce93	xori	x29,x7,128	  x7:0x7dacc3ec x29=0x7dacc36c
     285225.000 ns	     28521	8000640c	03110533	mul	x10,x2,x17	  x2:0x00000000 x17:0xfffffffe x10=0x00000000
     285255.000 ns	     28524	80006410	03a2edb3	rem	x27,x5,x26	  x5:0x00000000 x26:0x00000000 x27=0x00000000
     285285.000 ns	     28527	80006414	20e718d3	fsgnjn.s	f17,f14,f14	 f14:0x7fc00000 f14:0x7fc00000 f17=0xffc00000
     285305.000 ns	     28529	80006418	00bc1d33	sll	x26,x24,x11	 x24:0xffffffff x11:0x000005dd x26=0xe0000000
     285325.000 ns	     28531	8000641c	02459833	mulh	x16,x11,x4	 x11:0x000005dd  x4:0x00000000 x16=0x00000000
     285345.000 ns	     28533	80006420	01e803b3	add	x7,x16,x30	 x16:0x00000000 x30:0x00000000  x7=0x00000000
     285355.000 ns	     28534	80006424	41b185b3	sub	x11,x3,x27	  x3:0xfffffd7c x27:0x00000000 x11=0xfffffd7c
     285375.000 ns	     28536	80006428	c00a8653	fcvt.w.s	x12,f21	 f21:0x7fc00000 x12=0x7fffffff
     285405.000 ns	     28539	8000642c	d0147753	fcvt.s.wu	f14,x8	  x8:0x0000017c f14=0x43be0000
     285435.000 ns	     28542	80006430	a01411d3	flt.s	x3,f8,f1	  f8:0x7fc00000  f1:0x7fc00000  x3=0x00000000
     285455.000 ns	     28544	80006434	e0bf5c17	auipc	x24,0xe0bf5	 x24=0x60bfb434
     285465.000 ns	     28545	80006438	7bb36413	ori	x8,x6,1979	  x6:0x80040976  x8=0x80040fff
     285475.000 ns	     28546	8000643c	4067d893	srai	x17,x15,0x6	 x15:0x000003cb x17=0x0000000f
     285485.000 ns	     28547	80006440	0008d493	srli	x9,x17,0x0	 x17:0xfffffffe  x9=0x0000000f
     285495.000 ns	     28548	80006444	414d0e33	sub	x28,x26,x20	 x26:0xe0000000 x20:0xfffffffe x28=0xe0000002
     285855.000 ns	     28584	80006448	02c360b3	rem	x1,x6,x12	  x6:0x80040976 x12:0x7fffffff  x1=0x80040976
     285875.000 ns	     28586	8000644c	00480eb3	add	x29,x16,x4	 x16:0x00000000  x4:0x00000000 x29=0x00000000
     285915.000 ns	     28590	80006450	0832f053	fsub.s	f0,f5,f3	  f5:0x00000000  f3:0x00000000  f0=0x80000000
     285935.000 ns	     28592	80006454	fb167513	andi	x10,x12,-79	 x12:0x7fffffff x10=0x7fffffb1
     285945.000 ns	     28593	80006458	00d6e633	or	x12,x13,x13	 x13:0xffc41000 x13:0xffc41000 x12=0xffc41000
     285965.000 ns	     28595	8000645c	20f02fd3	fsgnjx.s	f31,f0,f15	  f0:0x80000000 f15:0x7fc00000 f31=0x80000000
     285995.000 ns	     28598	80006460	a07b2d53	feq.s	x26,f22,f7	 f22:0x7fc00000  f7:0x7fc00000 x26=0x00000000
     286015.000 ns	     28600	80006464	41f85a33	sra	x20,x16,x31	 x16:0x00000000 x31:0x80041023 x20=0x00000000
     286025.000 ns	     28601	80006468	e5908593	addi	x11,x1,-423	  x1:0x80040976 x11=0x800407cf
     286035.000 ns	     28602	8000646c	a1002213	slti	x4,x0,-1520	  x0:0x00000000  x4=0x00000000
     286055.000 ns	     28604	80006470	d008fe53	fcvt.s.w	f28,x17	 x17:0x0000000f f28=0x41700000
     286085.000 ns	     28607	80006474	212596d3	fsgnjn.s	f13,f11,f18	 f11:0x7fc00000 f18:0x80041024 f13=0x7fc00000
     286105.000 ns	     28609	80006478	01bbd533	srl	x10,x23,x27	 x23:0x80040fe4 x27:0x00000000 x10=0x80040fe4
     286115.000 ns	     28610	8000647c	017b5f13	srli	x30,x22,0x17	 x22:0x80040976 x30=0x00000100
     286135.000 ns	     28612	80006480	20c486d3	fsgnj.s	f13,f9,f12	  f9:0x4eff8000 f12:0x7fc00000 f13=0x4eff8000
     286155.000 ns	     28614	80006484	018f7033	and	x0,x30,x24	 x30:0x00000000 x24:0x60bfb434
     286175.000 ns	     28616	80006488	f00300d3	fmv.w.x	f1,x6	  x6:0x80040976  f1=0x80040976
     286195.000 ns	     28618	8000648c	34cd8d13	addi	x26,x27,844	 x27:0x00000000 x26=0x0000034c
     286205.000 ns	     28619	80006490	00000013	addi	x0,x0,0	  x0:0x00000000
     286215.000 ns	     28620	80006494	4097d393	srai	x7,x15,0x9	 x15:0x000003cb  x7=0x00000001
     286235.000 ns	     28622	80006498	a07b0353	fle.s	x6,f22,f7	 f22:0x7fc00000  f7:0x7fc00000  x6=0x00000000
     286265.000 ns	     28625	8000649c	29740a53	fmin.s	f20,f8,f23	  f8:0x7fc00000 f23:0x80000000 f20=0x80000000
     286295.000 ns	     28628	800064a0	d0077c53	fcvt.s.w	f24,x14	 x14:0x80000000 f24=0xcf000000
     286325.000 ns	     28631	800064a4	c003ca53	fcvt.w.s	x20,f7	  f7:0x7fc00000 x20=0x7fffffff
     286355.000 ns	     28634	800064a8	e0011c53	fclass.s	x24,f2	  f2:0x7f800000 x24=0x00000080
     286375.000 ns	     28636	800064ac	610f7b13	andi	x22,x30,1552	 x30:0x00000100 x22=0x00000000
     286395.000 ns	     28638	800064b0	d0137fd3	fcvt.s.wu	f31,x6	  x6:0x00000000 f31=0x00000000
     286415.000 ns	     28640	800064b4	0181f4b3	and	x9,x3,x24	  x3:0x00000000 x24:0x00000080  x9=0x00000000
     286435.000 ns	     28642	800064b8	f00b03d3	fmv.w.x	f7,x22	 x22:0x00000000  f7=0x00000000
     286455.000 ns	     28644	800064bc	00f940b3	xor	x1,x18,x15	 x18:0x80041024 x15:0x000003cb  x1=0x800413ef
     286475.000 ns	     28646	800064c0	0325bfb3	mulhu	x31,x11,x18	 x11:0x800407cf x18:0x80041024 x31=0x40040c09
     286495.000 ns	     28648	800064c4	01b165b3	or	x11,x2,x27	  x2:0x00000000 x27:0x00000000 x11=0x00000000
     286515.000 ns	     28650	800064c8	c00070d3	fcvt.w.s	x1,f0	  f0:0x80000000  x1=0x00000000
     286545.000 ns	     28653	800064cc	a14f2053	feq.s	x0,f30,f20	 f30:0x7fc00000 f20:0x80000000
     286575.000 ns	     28656	800064d0	288d98d3	fmax.s	f17,f27,f8	 f27:0x00000000  f8:0x7fc00000 f17=0x00000000
     286595.000 ns	     28658	800064d4	00315333	srl	x6,x2,x3	  x2:0x00000000  x3:0x00000000  x6=0x00000000
     286605.000 ns	     28659	800064d8	1a4ab193	sltiu	x3,x21,420	 x21:0x00000061  x3=0x00000001
     286625.000 ns	     28661	800064dc	28dc98d3	fmax.s	f17,f25,f13	 f25:0x7f800000 f13:0x4eff8000 f17=0x7f800000
     286675.000 ns	     28666	800064e0	002c0ad3	fadd.s	f21,f24,f2	 f24:0xcf000000  f2:0x7f800000 f21=0x7f800000
     286695.000 ns	     28668	800064e4	0195cfb3	xor	x31,x11,x25	 x11:0x00000000 x25:0x00000001 x31=0x00000001
     286705.000 ns	     28669	800064e8	40b35213	srai	x4,x6,0xb	  x6:0x00000000  x4=0x00000000
     286725.000 ns	     28671	800064ec	e0040053	fmv.x.w	x0,f8	  f8:0x7fc00000
     286765.000 ns	     28675	800064f0	5801f453	fsqrt.s	f8,f3	  f3:0x00000000  f8=0x00000000
     286785.000 ns	     28677	800064f4	0139d833	srl	x16,x19,x19	 x19:0x00000000 x19:0x00000000 x16=0x00000000
     286795.000 ns	     28678	800064f8	003178b3	and	x17,x2,x3	  x2:0x00000000  x3:0x00000001 x17=0x00000000
     286815.000 ns	     28680	800064fc	28149bd3	fmax.s	f23,f9,f1	  f9:0x4eff8000  f1:0x80040976 f23=0x4eff8000
     286835.000 ns	     28682	80006500	232a4013	xori	x0,x20,562	 x20:0x7fffffff
     286845.000 ns	     28683	80006504	018aea33	or	x20,x21,x24	 x21:0x00000061 x24:0x00000080 x20=0x000000e1
     286865.000 ns	     28685	80006508	02ef0e33	mul	x28,x30,x14	 x30:0x00000100 x14:0x80000000 x28=0x00000000
     286895.000 ns	     28688	8000650c	291b0f53	fmin.s	f30,f22,f17	 f22:0x7fc00000 f17:0x7f800000 f30=0x7f800000
     286935.000 ns	     28692	80006510	18ac8953	fdiv.s	f18,f25,f10	 f25:0x7f800000 f10:0x7fc00000 f18=0x7fc00000
     286955.000 ns	     28694	80006514	00000013	addi	x0,x0,0	  x0:0x00000000
     286975.000 ns	     28696	80006518	e0019653	fclass.s	x12,f3	  f3:0x00000000 x12=0x00000010
     286995.000 ns	     28698	8000651c	01ab1a93	slli	x21,x22,0x1a	 x22:0x00000000 x21=0x00000000
     287015.000 ns	     28700	80006520	f00402d3	fmv.w.x	f5,x8	  x8:0x80040fff  f5=0x80040fff
     287035.000 ns	     28702	80006524	0122dd93	srli	x27,x5,0x12	  x5:0x00000000 x27=0x00000000
     287055.000 ns	     28704	80006528	d01c4553	fcvt.s.wu	f10,x24	 x24:0x00000080 f10=0x43000000
     287075.000 ns	     28706	8000652c	d9ae4c37	lui	x24,0xd9ae4	 x24=0xd9ae4000
     287085.000 ns	     28707	80006530	01efd6b3	srl	x13,x31,x30	 x31:0x00000001 x30:0x00000100 x13=0x00000001
     287105.000 ns	     28709	80006534	e00d1253	fclass.s	x4,f26	 f26:0x00000000  x4=0x00000010
     287125.000 ns	     28711	80006538	01f0a333	slt	x6,x1,x31	  x1:0x00000000 x31:0x00000001  x6=0x00000001
     287145.000 ns	     28713	8000653c	037b2633	mulhsu	x12,x22,x23	 x22:0x00000000 x23:0x80040fe4 x12=0x00000000
     287175.000 ns	     28716	80006540	a060af53	feq.s	x30,f1,f6	  f1:0x80040976  f6:0x00000000 x30=0x00000000
     287205.000 ns	     28719	80006544	02a583b3	mul	x7,x11,x10	 x11:0x00000000 x10:0x80040fe4  x7=0x00000000
     287235.000 ns	     28722	80006548	f0030453	fmv.w.x	f8,x6	  x6:0x00000001  f8=0x00000001
     287265.000 ns	     28725	8000654c	03f43633	mulhu	x12,x8,x31	  x8:0x80040fff x31:0x00000001 x12=0x00000000
     287285.000 ns	     28727	80006550	0130be33	sltu	x28,x1,x19	  x1:0x00000000 x19:0x00000000 x28=0x00000000
     287305.000 ns	     28729	80006554	a0d22553	feq.s	x10,f4,f13	  f4:0x7fc00000 f13:0x4eff8000 x10=0x00000000
     287335.000 ns	     28732	80006558	f00e0653	fmv.w.x	f12,x28	 x28:0x00000000 f12=0x00000000
     287365.000 ns	     28735	8000655c	21e98ad3	fsgnj.s	f21,f19,f30	 f19:0x7fc00000 f30:0x7f800000 f21=0x7fc00000
     287395.000 ns	     28738	80006560	a1941c53	flt.s	x24,f8,f25	  f8:0x00000001 f25:0x7f800000 x24=0x00000001
     287425.000 ns	     28741	80006564	c016ba53	fcvt.wu.s	x20,f13	 f13:0x4eff8000 x20=0x7fc00000
     287455.000 ns	     28744	80006568	a1fa8ad3	fle.s	x21,f21,f31	 f21:0x7fc00000 f31:0x00000000 x21=0x00000000
     287475.000 ns	     28746	8000656c	00102633	slt	x12,x0,x1	  x0:0x00000000  x1:0x00000000 x12=0x00000000
     287495.000 ns	     28748	80006570	e00b0353	fmv.x.w	x6,f22	 f22:0x7fc00000  x6=0x7fc00000
     287515.000 ns	     28750	80006574	6e956d13	ori	x26,x10,1769	 x10:0x00000000 x26=0x000006e9
     287525.000 ns	     28751	80006578	0056dd93	srli	x27,x13,0x5	 x13:0x00000001 x27=0x00000000
     287535.000 ns	     28752	8000657c	1732c693	xori	x13,x5,371	  x5:0x00000000 x13=0x00000173
     287545.000 ns	     28753	80006580	018246b3	xor	x13,x4,x24	  x4:0x00000010 x24:0x00000001 x13=0x00000011
     287565.000 ns	     28755	80006584	20f20cd3	fsgnj.s	f25,f4,f15	  f4:0x7fc00000 f15:0x7fc00000 f25=0x7fc00000
     287605.000 ns	     28759	80006588	18c0f2d3	fdiv.s	f5,f1,f12	  f1:0x80040976 f12:0x00000000  f5=0xff800000
     287625.000 ns	     28761	8000658c	41de5f13	srai	x30,x28,0x1d	 x28:0x00000000 x30=0x00000000
     287635.000 ns	     28762	80006590	77806997	auipc	x19,0x77806	 x19=0xf780c590
     287655.000 ns	     28764	80006594	c011f053	fcvt.wu.s	x0,f3	  f3:0x00000000
     287685.000 ns	     28767	80006598	f00a88d3	fmv.w.x	f17,x21	 x21:0x00000000 f17=0x00000000
     288055.000 ns	     28804	8000659c	038ce1b3	rem	x3,x25,x24	 x25:0x00000001 x24:0x00000001  x3=0x00000000
     288075.000 ns	     28806	800065a0	40075a13	srai	x20,x14,0x0	 x14:0x80000000 x20=0x80000000
     288085.000 ns	     28807	800065a4	2ee067b7	lui	x15,0x2ee06	 x15=0x2ee06000
     288095.000 ns	     28808	800065a8	00000013	addi	x0,x0,0	  x0:0x00000000
     288105.000 ns	     28809	800065ac	98467417	auipc	x8,0x98467	  x8=0x1846d5ac
     288115.000 ns	     28810	800065b0	369477b7	lui	x15,0x36947	 x15=0x36947000
     288135.000 ns	     28812	800065b4	a0b31553	flt.s	x10,f6,f11	  f6:0x00000000 f11:0x7fc00000 x10=0x00000000
     288155.000 ns	     28814	800065b8	5576e113	ori	x2,x13,1367	 x13:0x00000011  x2=0x00000557
     288185.000 ns	     28817	800065bc	104973d3	fmul.s	f7,f18,f4	 f18:0x7fc00000  f4:0x7fc00000  f7=0x7fc00000
     288205.000 ns	     28819	800065c0	8daf7393	andi	x7,x30,-1830	 x30:0x00000000  x7=0x00000000
     288225.000 ns	     28821	800065c4	d0097fd3	fcvt.s.w	f31,x18	 x18:0x80041024 f31=0xcefff7df
     288245.000 ns	     28823	800065c8	40f5d013	srai	x0,x11,0xf	 x11:0x00000000
     288255.000 ns	     28824	800065cc	f0d2c493	xori	x9,x5,-243	  x5:0x00000000  x9=0xffffff0d
     288265.000 ns	     28825	800065d0	b28ef093	andi	x1,x29,-1240	 x29:0x00000000  x1=0x00000000
     288285.000 ns	     28827	800065d4	28701553	fmax.s	f10,f0,f7	  f0:0x80000000  f7:0x7fc00000 f10=0x80000000
     288315.000 ns	     28830	800065d8	02acd833	divu	x16,x25,x10	 x25:0x00000001 x10:0x00000000 x16=0xffffffff
     288345.000 ns	     28833	800065dc	036a88b3	mul	x17,x21,x22	 x21:0x00000000 x22:0x00000000 x17=0x00000000
     288365.000 ns	     28835	800065e0	729fd2b7	lui	x5,0x729fd	  x5=0x729fd000
     288385.000 ns	     28837	800065e4	020a5233	divu	x4,x20,x0	 x20:0x80000000  x0:0x00000000  x4=0xffffffff
     288415.000 ns	     28840	800065e8	f0058953	fmv.w.x	f18,x11	 x11:0x00000000 f18=0x00000000
     288435.000 ns	     28842	800065ec	dddee813	ori	x16,x29,-547	 x29:0x00000000 x16=0xfffffddd
     288475.000 ns	     28846	800065f0	09ea1dd3	fsub.s	f27,f20,f30	 f20:0x80000000 f30:0x7f800000 f27=0xff800000
     288495.000 ns	     28848	800065f4	148ce813	ori	x16,x25,328	 x25:0x00000001 x16=0x00000149
     288505.000 ns	     28849	800065f8	faf23813	sltiu	x16,x4,-81	  x4:0xffffffff x16=0x00000000
     288515.000 ns	     28850	800065fc	00814c33	xor	x24,x2,x8	  x2:0x00000557  x8:0x1846d5ac x24=0x1846d0fb
     288525.000 ns	     28851	80006600	4182d593	srai	x11,x5,0x18	  x5:0x729fd000 x11=0x00000072
     288545.000 ns	     28853	80006604	29d39953	fmax.s	f18,f7,f29	  f7:0x7fc00000 f29:0xff800000 f18=0xff800000
     288575.000 ns	     28856	80006608	a13c2ad3	feq.s	x21,f24,f19	 f24:0xcf000000 f19:0x7fc00000 x21=0x00000000
     288625.000 ns	     28861	8000660c	0061fc53	fadd.s	f24,f3,f6	  f3:0x00000000  f6:0x00000000 f24=0x00000000
     288645.000 ns	     28863	80006610	89050693	addi	x13,x10,-1904	 x10:0x00000000 x13=0xfffff890
     288665.000 ns	     28865	80006614	29468953	fmin.s	f18,f13,f20	 f13:0x4eff8000 f20:0x80000000 f18=0x80000000
     288705.000 ns	     28869	80006618	580afe53	fsqrt.s	f28,f21	 f21:0x7fc00000 f28=0x7fc00000
     288755.000 ns	     28874	8000661c	09c3cfd3	fsub.s	f31,f7,f28	  f7:0x7fc00000 f28:0x41700000 f31=0x7fc00000
     288775.000 ns	     28876	80006620	8275dc37	lui	x24,0x8275d	 x24=0x8275d000
     288795.000 ns	     28878	80006624	03e7fe33	remu	x28,x15,x30	 x15:0x36947000 x30:0x00000000 x28=0x36947000
     288835.000 ns	     28882	80006628	58060453	fsqrt.s	f8,f12	 f12:0x00000000  f8=0x00000000
     288855.000 ns	     28884	8000662c	21dee693	ori	x13,x29,541	 x29:0x00000000 x13=0x0000021d
     288875.000 ns	     28886	80006630	e0099cd3	fclass.s	x25,f19	 f19:0x7fc00000 x25=0x00000200
     288905.000 ns	     28889	80006634	d01e1753	fcvt.s.wu	f14,x28	 x28:0x36947000 f14=0x4e5a51c0
     288935.000 ns	     28892	80006638	2179a5d3	fsgnjx.s	f11,f19,f23	 f19:0x7fc00000 f23:0x4eff8000 f11=0x7fc00000
     288965.000 ns	     28895	8000663c	c01632d3	fcvt.wu.s	x5,f12	 f12:0x00000000  x5=0x00000000
     288985.000 ns	     28897	80006640	01ebd393	srli	x7,x23,0x1e	 x23:0x80040fe4  x7=0x00000002
     288995.000 ns	     28898	80006644	e0537793	andi	x15,x6,-507	  x6:0x7fc00000 x15=0x7fc00000
     289035.000 ns	     28902	80006648	09897e53	fsub.s	f28,f18,f24	 f18:0x80000000 f24:0x00000000 f28=0x80000000
     289055.000 ns	     28904	8000664c	00000013	addi	x0,x0,0	  x0:0x00000000
     289065.000 ns	     28905	80006650	6c74b113	sltiu	x2,x9,1735	  x9:0xffffff0d  x2=0x00000000
     289075.000 ns	     28906	80006654	a2e6b213	sltiu	x4,x13,-1490	 x13:0x0000021d  x4=0x00000001
     289095.000 ns	     28908	80006658	21c015d3	fsgnjn.s	f11,f0,f28	  f0:0x80000000 f28:0x80000000 f11=0x00000000
     289125.000 ns	     28911	8000665c	d00ffe53	fcvt.s.w	f28,x31	 x31:0x00000001 f28=0x3f800000
     289155.000 ns	     28914	80006660	201a80d3	fsgnj.s	f1,f21,f1	 f21:0x7fc00000  f1:0x80040976  f1=0xffc00000
     289185.000 ns	     28917	80006664	d0097a53	fcvt.s.w	f20,x18	 x18:0x80041024 f20=0xcefff7df
     289215.000 ns	     28920	80006668	c01679d3	fcvt.wu.s	x19,f12	 f12:0x00000000 x19=0x00000000
     289245.000 ns	     28923	8000666c	02e78333	mul	x6,x15,x14	 x15:0x7fc00000 x14:0x80000000  x6=0x00000000
     289265.000 ns	     28925	80006670	00a851b3	srl	x3,x16,x10	 x16:0x00000000 x10:0x00000000  x3=0x00000000
     289275.000 ns	     28926	80006674	002e5433	srl	x8,x28,x2	 x28:0x36947000  x2:0x00000000  x8=0x36947000
     289295.000 ns	     28928	80006678	e0021553	fclass.s	x10,f4	  f4:0x7fc00000 x10=0x00000200
     289325.000 ns	     28931	8000667c	033fb1b3	mulhu	x3,x31,x19	 x31:0x00000001 x19:0x00000000  x3=0x00000000
     289355.000 ns	     28934	80006680	e0010fd3	fmv.x.w	x31,f2	  f2:0x7f800000 x31=0x7f800000
     289375.000 ns	     28936	80006684	41d7d313	srai	x6,x15,0x1d	 x15:0x7fc00000  x6=0x00000003
     289395.000 ns	     28938	80006688	f0060bd3	fmv.w.x	f23,x12	 x12:0x00000000 f23=0x00000000
     289425.000 ns	     28941	8000668c	29c681d3	fmin.s	f3,f13,f28	 f13:0x4eff8000 f28:0x3f800000  f3=0x3f800000
     289445.000 ns	     28943	80006690	001d4133	xor	x2,x26,x1	 x26:0x000006e9  x1:0x00000000  x2=0x000006e9
     289455.000 ns	     28944	80006694	372e7a13	andi	x20,x28,882	 x28:0x36947000 x20=0x00000000
     289475.000 ns	     28946	80006698	d00da153	fcvt.s.w	f2,x27	 x27:0x00000000  f2=0x00000000
     289505.000 ns	     28949	8000669c	03f23eb3	mulhu	x29,x4,x31	  x4:0x00000001 x31:0x7f800000 x29=0x00000000
     289535.000 ns	     28952	800066a0	a0922ad3	feq.s	x21,f4,f9	  f4:0x7fc00000  f9:0x4eff8000 x21=0x00000000
     289565.000 ns	     28955	800066a4	032d1433	mulh	x8,x26,x18	 x26:0x000006e9 x18:0x80041024  x8=0xfffffc8b
     289595.000 ns	     28958	800066a8	029311b3	mulh	x3,x6,x9	  x6:0x00000003  x9:0xffffff0d  x3=0xffffffff
     289625.000 ns	     28961	800066ac	c01646d3	fcvt.wu.s	x13,f12	 f12:0x00000000 x13=0x00000000
     289655.000 ns	     28964	800066b0	a03c2dd3	feq.s	x27,f24,f3	 f24:0x00000000  f3:0x3f800000 x27=0x00000000
     289685.000 ns	     28967	800066b4	032c9e33	mulh	x28,x25,x18	 x25:0x00000200 x18:0x80041024 x28=0xffffff00
     289715.000 ns	     28970	800066b8	a03484d3	fle.s	x9,f9,f3	  f9:0x4eff8000  f3:0x3f800000  x9=0x00000000
     289755.000 ns	     28974	800066bc	11531bd3	fmul.s	f23,f6,f21	  f6:0x00000000 f21:0x7fc00000 f23=0x7fc00000
     289785.000 ns	     28977	800066c0	03a18333	mul	x6,x3,x26	  x3:0xffffffff x26:0x000006e9  x6=0xfffff917
     289805.000 ns	     28979	800066c4	003b9633	sll	x12,x23,x3	 x23:0x80040fe4  x3:0xffffffff x12=0x00000000
     289825.000 ns	     28981	800066c8	03abb333	mulhu	x6,x23,x26	 x23:0x80040fe4 x26:0x000006e9  x6=0x00000374
     289855.000 ns	     28984	800066cc	02583e33	mulhu	x28,x16,x5	 x16:0x00000000  x5:0x00000000 x28=0x00000000
     289885.000 ns	     28987	800066d0	0218ba33	mulhu	x20,x17,x1	 x17:0x00000000  x1:0x00000000 x20=0x00000000
     289905.000 ns	     28989	800066d4	6d1e6e13	ori	x28,x28,1745	 x28:0x00000000 x28=0x000006d1
     289925.000 ns	     28991	800066d8	20789053	fsgnjn.s	f0,f17,f7	 f17:0x00000000  f7:0x7fc00000  f0=0x80000000
     289975.000 ns	     28996	800066dc	01e2ffd3	fadd.s	f31,f5,f30	  f5:0xff800000 f30:0x7f800000 f31=0x00000000
     290015.000 ns	     29000	800066e0	1057f6d3	fmul.s	f13,f15,f5	 f15:0x7fc00000  f5:0xff800000 f13=0x7fc00000
     290045.000 ns	     29003	800066e4	200c09d3	fsgnj.s	f19,f24,f0	 f24:0x00000000  f0:0x80000000 f19=0x80000000
     290415.000 ns	     29040	800066e8	0261f6b3	remu	x13,x3,x6	  x3:0xffffffff  x6:0x00000374 x13=0x000000ff
     290445.000 ns	     29043	800066ec	21af2e53	fsgnjx.s	f28,f30,f26	 f30:0x7f800000 f26:0x00000000 f28=0x7f800000
     290485.000 ns	     29047	800066f0	106d8053	fmul.s	f0,f27,f6	 f27:0xff800000  f6:0x00000000  f0=0x7fc00000
     290505.000 ns	     29049	800066f4	40dadf93	srai	x31,x21,0xd	 x21:0x00000000 x31=0x00000000
     290515.000 ns	     29050	800066f8	973f9037	lui	x0,0x973f9	
     290535.000 ns	     29052	800066fc	29089cd3	fmax.s	f25,f17,f16	 f17:0x00000000 f16:0x7fc00000 f25=0x00000000
     290585.000 ns	     29057	80006700	099efcd3	fsub.s	f25,f29,f25	 f29:0xff800000 f25:0x7fc00000 f25=0xff800000
     290615.000 ns	     29060	80006704	e00a80d3	fmv.x.w	x1,f21	 f21:0x7fc00000  x1=0x7fc00000
     290635.000 ns	     29062	80006708	418c8593	addi	x11,x25,1048	 x25:0x00000200 x11=0x00000618
     290645.000 ns	     29063	8000670c	e97f0297	auipc	x5,0xe97f0	  x5=0x697f670c
     290655.000 ns	     29064	80006710	37ccf613	andi	x12,x25,892	 x25:0x00000200 x12=0x00000200
     290685.000 ns	     29067	80006714	5803c5d3	fsqrt.s	f11,f7	  f7:0x7fc00000 f11=0x7fc00000
     290705.000 ns	     29069	80006718	001a7633	and	x12,x20,x1	 x20:0x00000000  x1:0x7fc00000 x12=0x00000000
     290725.000 ns	     29071	8000671c	f0000dd3	fmv.w.x	f27,x0	  x0:0x00000000 f27=0x00000000
     290745.000 ns	     29073	80006720	35fa6493	ori	x9,x20,863	 x20:0x00000000  x9=0x0000035f
     290755.000 ns	     29074	80006724	7901f793	andi	x15,x3,1936	  x3:0xffffffff x15=0x00000790
     290765.000 ns	     29075	80006728	08694637	lui	x12,0x8694	 x12=0x08694000
     290785.000 ns	     29077	8000672c	c004c553	fcvt.w.s	x10,f9	  f9:0x4eff8000 x10=0x7fc00000
     290805.000 ns	     29079	80006730	00e088b3	add	x17,x1,x14	  x1:0x7fc00000 x14:0x80000000 x17=0xffc00000
     290835.000 ns	     29082	80006734	191b9bd3	fdiv.s	f23,f23,f17	 f23:0x7fc00000 f17:0x00000000 f23=0x7fc00000
     290865.000 ns	     29085	80006738	29b71553	fmax.s	f10,f14,f27	 f14:0x4e5a51c0 f27:0x00000000 f10=0x4e5a51c0
     290885.000 ns	     29087	8000673c	004c1533	sll	x10,x24,x4	 x24:0x8275d000  x4:0x00000001 x10=0x04eba000
     290905.000 ns	     29089	80006740	030d5c33	divu	x24,x26,x16	 x26:0x000006e9 x16:0x00000000 x24=0xffffffff
     290925.000 ns	     29091	80006744	8a7fa413	slti	x8,x31,-1881	 x31:0x00000000  x8=0x00000000
     290935.000 ns	     29092	80006748	6ef73013	sltiu	x0,x14,1775	 x14:0x80000000
     290955.000 ns	     29094	8000674c	e00f99d3	fclass.s	x19,f31	 f31:0x00000000 x19=0x00000010
     290985.000 ns	     29097	80006750	a1398a53	fle.s	x20,f19,f19	 f19:0x80000000 f19:0x80000000 x20=0x00000001
     291005.000 ns	     29099	80006754	41ec8c33	sub	x24,x25,x30	 x25:0x00000200 x30:0x00000000 x24=0x00000200
     291015.000 ns	     29100	80006758	10332fb7	lui	x31,0x10332	 x31=0x10332000
     291025.000 ns	     29101	8000675c	012c93b3	sll	x7,x25,x18	 x25:0x00000200 x18:0x80041024  x7=0x00002000
     291055.000 ns	     29104	80006760	1938f553	fdiv.s	f10,f17,f19	 f17:0x00000000 f19:0x80000000 f10=0x7fc00000
     291075.000 ns	     29106	80006764	495c4793	xori	x15,x24,1173	 x24:0x00000200 x15=0x00000695
     291105.000 ns	     29109	80006768	1062fdd3	fmul.s	f27,f5,f6	  f5:0xff800000  f6:0x00000000 f27=0x7fc00000
     291135.000 ns	     29112	8000676c	e0070e53	fmv.x.w	x28,f14	 f14:0x4e5a51c0 x28=0x4e5a51c0
     291165.000 ns	     29115	80006770	023ba233	mulhsu	x4,x23,x3	 x23:0x80040fe4  x3:0xffffffff  x4=0x80040fe4
     291195.000 ns	     29118	80006774	29618253	fmin.s	f4,f3,f22	  f3:0x3f800000 f22:0x7fc00000  f4=0x3f800000
     291565.000 ns	     29155	80006778	02bfccb3	div	x25,x31,x11	 x31:0x10332000 x11:0x00000618 x25=0x0002a88d
     291585.000 ns	     29157	8000677c	f5f5bc13	sltiu	x24,x11,-161	 x11:0x00000618 x24=0x00000001
     291605.000 ns	     29159	80006780	036ddd33	divu	x26,x27,x22	 x27:0x00000000 x22:0x00000000 x26=0xffffffff
     292785.000 ns	     29277	80006784	58027a53	fsqrt.s	f20,f4	  f4:0x3f800000 f20=0x3f7fffae
     292815.000 ns	     29280	80006788	d0167353	fcvt.s.wu	f6,x12	 x12:0x08694000  f6=0x4d069400
     292835.000 ns	     29282	8000678c	00352ab3	slt	x21,x10,x3	 x10:0x04eba000  x3:0xffffffff x21=0x00000000
     292855.000 ns	     29284	80006790	20728bd3	fsgnj.s	f23,f5,f7	  f5:0xff800000  f7:0x7fc00000 f23=0x7f800000
     292885.000 ns	     29287	80006794	d01a7453	fcvt.s.wu	f8,x20	 x20:0x00000001  f8=0x3f800000
     292925.000 ns	     29291	80006798	10297ad3	fmul.s	f21,f18,f2	 f18:0x80000000  f2:0x00000000 f21=0x80000000
     292945.000 ns	     29293	8000679c	42554b13	xori	x22,x10,1061	 x10:0x04eba000 x22=0x04eba425
     292955.000 ns	     29294	800067a0	0574b793	sltiu	x15,x9,87	  x9:0x0000035f x15=0x00000000
     293315.000 ns	     29330	800067a4	03617233	remu	x4,x2,x22	  x2:0x000006e9 x22:0x00000000  x4=0x000006e9
     293335.000 ns	     29332	800067a8	00995b13	srli	x22,x18,0x9	 x18:0x80041024 x22=0x00400208
     293345.000 ns	     29333	800067ac	41e15093	srai	x1,x2,0x1e	  x2:0x000006e9  x1=0x00000000
     293355.000 ns	     29334	800067b0	d0d76e93	ori	x29,x14,-755	 x14:0x80000000 x29=0xfffffd0d
     293715.000 ns	     29370	800067b4	03f850b3	divu	x1,x16,x31	 x16:0x00000000 x31:0x10332000  x1=0x00000000
     293735.000 ns	     29372	800067b8	017cd293	srli	x5,x25,0x17	 x25:0x0002a88d  x5=0x00000000
     293755.000 ns	     29374	800067bc	032d92b3	mulh	x5,x27,x18	 x27:0x00000000 x18:0x80041024  x5=0x00000000
     293785.000 ns	     29377	800067c0	d00475d3	fcvt.s.w	f11,x8	  x8:0x00000000 f11=0x00000000
     293805.000 ns	     29379	800067c4	010ada33	srl	x20,x21,x16	 x21:0x00000000 x16:0x00000000 x20=0x00000000
     293815.000 ns	     29380	800067c8	00000013	addi	x0,x0,0	  x0:0x00000000
     293835.000 ns	     29382	800067cc	29b28953	fmin.s	f18,f5,f27	  f5:0xff800000 f27:0x7fc00000 f18=0xff800000
     293855.000 ns	     29384	800067d0	6dae8317	auipc	x6,0x6dae8	  x6=0xedaee7d0
     293865.000 ns	     29385	800067d4	017f0633	add	x12,x30,x23	 x30:0x00000000 x23:0x80040fe4 x12=0x80040fe4
     293895.000 ns	     29388	800067d8	58039a53	fsqrt.s	f20,f7	  f7:0x7fc00000 f20=0x7fc00000
     293925.000 ns	     29391	800067dc	0254b3b3	mulhu	x7,x9,x5	  x9:0x0000035f  x5:0x00000000  x7=0x00000000
     293955.000 ns	     29394	800067e0	28bd04d3	fmin.s	f9,f26,f11	 f26:0x00000000 f11:0x00000000  f9=0x00000000
     293975.000 ns	     29396	800067e4	00000013	addi	x0,x0,0	  x0:0x00000000
     293995.000 ns	     29398	800067e8	e00608d3	fmv.x.w	x17,f12	 f12:0x00000000 x17=0x00000000
     294015.000 ns	     29400	800067ec	c2848393	addi	x7,x9,-984	  x9:0x0000035f  x7=0xffffff87
     294035.000 ns	     29402	800067f0	29d50953	fmin.s	f18,f10,f29	 f10:0x7fc00000 f29:0xff800000 f18=0xff800000
     294405.000 ns	     29439	800067f4	02a0d5b3	divu	x11,x1,x10	  x1:0x00000000 x10:0x04eba000 x11=0x00000000
     294435.000 ns	     29442	800067f8	025507b3	mul	x15,x10,x5	 x10:0x04eba000  x5:0x00000000 x15=0x00000000
     294465.000 ns	     29445	800067fc	03bc6f33	rem	x30,x24,x27	 x24:0x00000001 x27:0x00000000 x30=0x00000001
     294485.000 ns	     29447	80006800	60a455b7	lui	x11,0x60a45	 x11=0x60a45000
     294845.000 ns	     29483	80006804	03274033	div	x0,x14,x18	 x14:0x80000000 x18:0x80041024
     294865.000 ns	     29485	80006808	018e72b3	and	x5,x28,x24	 x28:0x4e5a51c0 x24:0x00000001  x5=0x00000000
     294885.000 ns	     29487	8000680c	03ab86b3	mul	x13,x23,x26	 x23:0x80040fe4 x26:0xffffffff x13=0x7ffbf01c
     294905.000 ns	     29489	80006810	b9982db7	lui	x27,0xb9982	 x27=0xb9982000
     294925.000 ns	     29491	80006814	e0000453	fmv.x.w	x8,f0	  f0:0x7fc00000  x8=0x7fc00000
     294945.000 ns	     29493	80006818	00f85e33	srl	x28,x16,x15	 x16:0x00000000 x15:0x00000000 x28=0x00000000
     294955.000 ns	     29494	8000681c	88a3ec37	lui	x24,0x88a3e	 x24=0x88a3e000
     294965.000 ns	     29495	80006820	0047eeb3	or	x29,x15,x4	 x15:0x00000000  x4:0x000006e9 x29=0x000006e9
     294985.000 ns	     29497	80006824	e0059cd3	fclass.s	x25,f11	 f11:0x00000000 x25=0x00000010
     295005.000 ns	     29499	80006828	016ed5b3	srl	x11,x29,x22	 x29:0xfffffd0d x22:0x00400208 x11=0x00000006
     295015.000 ns	     29500	8000682c	0071cf33	xor	x30,x3,x7	  x3:0xffffffff  x7:0xffffff87 x30=0x00000078
     295035.000 ns	     29502	80006830	f00503d3	fmv.w.x	f7,x10	 x10:0x04eba000  f7=0x04eba000
     295085.000 ns	     29507	80006834	085cf153	fsub.s	f2,f25,f5	 f25:0xff800000  f5:0xff800000  f2=0x00000000
     295105.000 ns	     29509	80006838	6b8ef193	andi	x3,x29,1720	 x29:0x000006e9  x3=0x000006a8
     295465.000 ns	     29545	8000683c	022ad033	divu	x0,x21,x2	 x21:0x00000000  x2:0x000006e9
     295495.000 ns	     29548	80006840	d015a653	fcvt.s.wu	f12,x11	 x11:0x00000006 f12=0x40c00000
     295525.000 ns	     29551	80006844	20eeaf53	fsgnjx.s	f30,f29,f14	 f29:0xff800000 f14:0x4e5a51c0 f30=0xff800000
     295555.000 ns	     29554	80006848	03743e33	mulhu	x28,x8,x23	  x8:0x7fc00000 x23:0x80040fe4 x28=0x3fe206ee
     295585.000 ns	     29557	8000684c	c01a77d3	fcvt.wu.s	x15,f20	 f20:0x7fc00000 x15=0xffffffff
     295615.000 ns	     29560	80006850	02041c33	mulh	x24,x8,x0	  x8:0x7fc00000  x0:0x00000000 x24=0x00000000
     295985.000 ns	     29597	80006854	029862b3	rem	x5,x16,x9	 x16:0x00000000  x9:0x0000035f  x5=0x00000000
     296015.000 ns	     29600	80006858	c019fed3	fcvt.wu.s	x29,f19	 f19:0x80000000 x29=0x00000000
     296035.000 ns	     29602	8000685c	40730ab3	sub	x21,x6,x7	  x6:0xedaee7d0  x7:0xffffff87 x21=0xedaee849
     296055.000 ns	     29604	80006860	d0048653	fcvt.s.w	f12,x9	  x9:0x0000035f f12=0x4457c000
     296425.000 ns	     29641	80006864	03c1f9b3	remu	x19,x3,x28	  x3:0x000006a8 x28:0x3fe206ee x19=0x000006a8
     296455.000 ns	     29644	80006868	28a01e53	fmax.s	f28,f0,f10	  f0:0x7fc00000 f10:0x7fc00000 f28=0x7fc00000
     296475.000 ns	     29646	8000686c	8525f013	andi	x0,x11,-1966	 x11:0x00000006
     296495.000 ns	     29648	80006870	286f81d3	fmin.s	f3,f31,f6	 f31:0x00000000  f6:0x4d069400  f3=0x00000000
     296865.000 ns	     29685	80006874	0284db33	divu	x22,x9,x8	  x9:0x0000035f  x8:0x7fc00000 x22=0x00000000
     296895.000 ns	     29688	80006878	a17a1653	flt.s	x12,f20,f23	 f20:0x7fc00000 f23:0x7f800000 x12=0x00000000
     296925.000 ns	     29691	8000687c	29d19053	fmax.s	f0,f3,f29	  f3:0x00000000 f29:0xff800000  f0=0x00000000
     297295.000 ns	     29728	80006880	0260d6b3	divu	x13,x1,x6	  x1:0x00000000  x6:0xedaee7d0 x13=0x00000000
     297315.000 ns	     29730	80006884	012351b3	srl	x3,x6,x18	  x6:0xedaee7d0 x18:0x80041024  x3=0x0edaee7d
     297325.000 ns	     29731	80006888	81590a93	addi	x21,x18,-2027	 x18:0x80041024 x21=0x80040839
     297345.000 ns	     29733	8000688c	c01504d3	fcvt.wu.s	x9,f10	 f10:0x7fc00000  x9=0xffffffff
     297375.000 ns	     29736	80006890	284a8f53	fmin.s	f30,f21,f4	 f21:0x80000000  f4:0x3f800000 f30=0x80000000
     297745.000 ns	     29773	80006894	029cd533	divu	x10,x25,x9	 x25:0x00000010  x9:0xffffffff x10=0x00000000
     297765.000 ns	     29775	80006898	00185c13	srli	x24,x16,0x1	 x16:0x00000000 x24=0x00000000
     298125.000 ns	     29811	8000689c	02226b33	rem	x22,x4,x2	  x4:0x000006e9  x2:0x000006e9 x22=0x00000000
     298145.000 ns	     29813	800068a0	779b6693	ori	x13,x22,1913	 x22:0x00000000 x13=0x00000779
     298155.000 ns	     29814	800068a4	0164dd93	srli	x27,x9,0x16	  x9:0xffffffff x27=0x000003ff
     298175.000 ns	     29816	800068a8	e00f9853	fclass.s	x16,f31	 f31:0x00000000 x16=0x00000010
     298205.000 ns	     29819	800068ac	d0087fd3	fcvt.s.w	f31,x16	 x16:0x00000000 f31=0x41800000
     298575.000 ns	     29856	800068b0	033a7ab3	remu	x21,x20,x19	 x20:0x00000000 x19:0x000006a8 x21=0x00000000
     298625.000 ns	     29861	800068b4	00bcfa53	fadd.s	f20,f25,f11	 f25:0xff800000 f11:0x00000000 f20=0xff800000
     298645.000 ns	     29863	800068b8	27079797	auipc	x15,0x27079	 x15=0xa707f8b8
     298665.000 ns	     29865	800068bc	0316f5b3	remu	x11,x13,x17	 x13:0x00000779 x17:0x00000000 x11=0x00000779
     298685.000 ns	     29867	800068c0	da1ee693	ori	x13,x29,-607	 x29:0x00000000 x13=0xfffffda1
     298695.000 ns	     29868	800068c4	018f71b3	and	x3,x30,x24	 x30:0x00000078 x24:0x00000000  x3=0x00000000
     298715.000 ns	     29870	800068c8	e0069a53	fclass.s	x20,f13	 f13:0x7fc00000 x20=0x00000200
     298735.000 ns	     29872	800068cc	01808133	add	x2,x1,x24	  x1:0x00000000 x24:0x00000000  x2=0x00000000
     299095.000 ns	     29908	800068d0	03727333	remu	x6,x4,x23	  x4:0x000006e9 x23:0x80040fe4  x6=0x000006e9
     299115.000 ns	     29910	800068d4	01985593	srli	x11,x16,0x19	 x16:0x00000010 x11=0x00000000
     299135.000 ns	     29912	800068d8	f00306d3	fmv.w.x	f13,x6	  x6:0x000006e9 f13=0x000006e9
     299165.000 ns	     29915	800068dc	d01afc53	fcvt.s.wu	f24,x21	 x21:0x00000000 f24=0x00000000
     299185.000 ns	     29917	800068e0	0173c033	xor	x0,x7,x23	  x7:0xffffff87 x23:0x80040fe4
     299195.000 ns	     29918	800068e4	019d7d33	and	x26,x26,x25	 x26:0xffffffff x25:0x00000010 x26=0x00000010
     299555.000 ns	     29954	800068e8	0290d2b3	divu	x5,x1,x9	  x1:0x00000000  x9:0xffffffff  x5=0x00000000
     299585.000 ns	     29957	800068ec	d004f953	fcvt.s.w	f18,x9	  x9:0xffffffff f18=0xbf800000
     299605.000 ns	     29959	800068f0	d3a9cd93	xori	x27,x19,-710	 x19:0x000006a8 x27=0xfffffb92
     299625.000 ns	     29961	800068f4	a01b2453	feq.s	x8,f22,f1	 f22:0x7fc00000  f1:0xffc00000  x8=0x00000000
     299655.000 ns	     29964	800068f8	d0107dd3	fcvt.s.wu	f27,x0	  x0:0x00000000 f27=0x00000000
     299685.000 ns	     29967	800068fc	e00e1653	fclass.s	x12,f28	 f28:0x7fc00000 x12=0x00000200
     299715.000 ns	     29970	80006900	c0058fd3	fcvt.w.s	x31,f11	 f11:0x00000000 x31=0x00000000
     299735.000 ns	     29972	80006904	40120433	sub	x8,x4,x1	  x4:0x000006e9  x1:0x00000000  x8=0x000006e9
     299765.000 ns	     29975	80006908	5805f953	fsqrt.s	f18,f11	 f11:0x00000000 f18=0x00000000
     299785.000 ns	     29977	8000690c	40ee5013	srai	x0,x28,0xe	 x28:0x3fe206ee
     300145.000 ns	     30013	80006910	02f8c633	div	x12,x17,x15	 x17:0x00000000 x15:0xa707f8b8 x12=0x00000000
     300165.000 ns	     30015	80006914	01cd1f33	sll	x30,x26,x28	 x26:0x00000010 x28:0x3fe206ee x30=0x00040000
     300175.000 ns	     30016	80006918	00cbe8b3	or	x17,x23,x12	 x23:0x80040fe4 x12:0x00000000 x17=0x80040fe4
     300195.000 ns	     30018	8000691c	03ff2eb3	mulhsu	x29,x30,x31	 x30:0x00000078 x31:0x00000000 x29=0x00000000
     300225.000 ns	     30021	80006920	a13327d3	feq.s	x15,f6,f19	  f6:0x4d069400 f19:0x80000000 x15=0x00000000
     300275.000 ns	     30026	80006924	099421d3	fsub.s	f3,f8,f25	  f8:0x3f800000 f25:0xff800000  f3=0x7f800000
     300295.000 ns	     30028	80006928	0108da33	srl	x20,x17,x16	 x17:0x80040fe4 x16:0x00000010 x20=0x00008004
     300655.000 ns	     30064	8000692c	02d2dfb3	divu	x31,x5,x13	  x5:0x00000000 x13:0xfffffda1 x31=0x00000000
     300695.000 ns	     30068	80006930	58049753	fsqrt.s	f14,f9	  f9:0x00000000 f14=0x00000000
     300725.000 ns	     30071	80006934	d0077353	fcvt.s.w	f6,x14	 x14:0x80000000  f6=0xcf000000
     300755.000 ns	     30074	80006938	d016c853	fcvt.s.wu	f16,x13	 x13:0xfffffda1 f16=0x4f7ffffe
     300775.000 ns	     30076	8000693c	00000013	addi	x0,x0,0	  x0:0x00000000
     300785.000 ns	     30077	80006940	aa1aa893	slti	x17,x21,-1375	 x21:0x00000000 x17=0x00000000
     300825.000 ns	     30081	80006944	0923cbd3	fsub.s	f23,f7,f18	  f7:0x04eba000 f18:0x00000000 f23=0x04eba000
     300865.000 ns	     30085	80006948	1894fb53	fdiv.s	f22,f9,f9	  f9:0x00000000  f9:0x00000000 f22=0x7fc00000
     300905.000 ns	     30089	8000694c	18354b53	fdiv.s	f22,f10,f3	 f10:0x7fc00000  f3:0x7f800000 f22=0x7fc00000
     300935.000 ns	     30092	80006950	e00f9353	fclass.s	x6,f31	 f31:0x41800000  x6=0x00000040
     300955.000 ns	     30094	80006954	00892833	slt	x16,x18,x8	 x18:0x80041024  x8:0x000006e9 x16=0x00000001
     300965.000 ns	     30095	80006958	bad36997	auipc	x19,0xbad36	 x19=0x3ad3c958
     300975.000 ns	     30096	8000695c	5a950993	addi	x19,x10,1449	 x10:0x00000000 x19=0x000005a9
     300995.000 ns	     30098	80006960	02a98ab3	mul	x21,x19,x10	 x19:0x000006a8 x10:0x00000000 x21=0x00000000
     301015.000 ns	     30100	80006964	00684ab3	xor	x21,x16,x6	 x16:0x00000001  x6:0x00000040 x21=0x00000041
     301035.000 ns	     30102	80006968	21721453	fsgnjn.s	f8,f4,f23	  f4:0x3f800000 f23:0x04eba000  f8=0xbf800000
     301055.000 ns	     30104	8000696c	00859c93	slli	x25,x11,0x8	 x11:0x00000000 x25=0x00000000
     301065.000 ns	     30105	80006970	01891113	slli	x2,x18,0x18	 x18:0x80041024  x2=0x24000000
     301075.000 ns	     30106	80006974	00402db3	slt	x27,x0,x4	  x0:0x00000000  x4:0x000006e9 x27=0x00000001
     301085.000 ns	     30107	80006978	014d6633	or	x12,x26,x20	 x26:0x00000010 x20:0x00008004 x12=0x00008014
     301095.000 ns	     30108	8000697c	00000013	addi	x0,x0,0	  x0:0x00000000
     301115.000 ns	     30110	80006980	202588d3	fsgnj.s	f17,f11,f2	 f11:0x00000000  f2:0x00000000 f17=0x00000000
     301145.000 ns	     30113	80006984	03d0ff33	remu	x30,x1,x29	  x1:0x00000000 x29:0x00000000 x30=0x00000000
     301175.000 ns	     30116	80006988	f0018053	fmv.w.x	f0,x3	  x3:0x00000000  f0=0x00000000
     301205.000 ns	     30119	8000698c	a0a922d3	feq.s	x5,f18,f10	 f18:0x00000000 f10:0x7fc00000  x5=0x00000000
     301225.000 ns	     30121	80006990	008013b3	sll	x7,x0,x8	  x0:0x00000000  x8:0x000006e9  x7=0x00000000
     302395.000 ns	     30238	80006994	58084fd3	fsqrt.s	f31,f16	 f16:0x4f7ffffe f31=0x47350461
     302425.000 ns	     30241	80006998	205b1353	fsgnjn.s	f6,f22,f5	 f22:0x7fc00000  f5:0xff800000  f6=0x7fc00000
     302445.000 ns	     30243	8000699c	09807597	auipc	x11,0x9807	 x11=0x8980d99c
     302455.000 ns	     30244	800069a0	071e6f97	auipc	x31,0x71e6	 x31=0x871ec9a0
     302465.000 ns	     30245	800069a4	409609b3	sub	x19,x12,x9	 x12:0x00008014  x9:0xffffffff x19=0x00008015
     302495.000 ns	     30248	800069a8	19260653	fdiv.s	f12,f12,f18	 f12:0x4457c000 f18:0x00000000 f12=0x7f800000
     302515.000 ns	     30250	800069ac	0107d9b3	srl	x19,x15,x16	 x15:0x00000000 x16:0x00000001 x19=0x00000000
     302525.000 ns	     30251	800069b0	89acffb7	lui	x31,0x89acf	 x31=0x89acf000
     302545.000 ns	     30253	800069b4	219803d3	fsgnj.s	f7,f16,f25	 f16:0x4f7ffffe f25:0xff800000  f7=0xcf7ffffe
     302915.000 ns	     30290	800069b8	026d6db3	rem	x27,x26,x6	 x26:0x00000010  x6:0x00000040 x27=0x00000010
     302935.000 ns	     30292	800069bc	56376d13	ori	x26,x14,1379	 x14:0x80000000 x26=0x80000563
     302955.000 ns	     30294	800069c0	28869953	fmax.s	f18,f13,f8	 f13:0x000006e9  f8:0xbf800000 f18=0x000006e9
     302985.000 ns	     30297	800069c4	d008f753	fcvt.s.w	f14,x17	 x17:0x00000000 f14=0x00000000
     303015.000 ns	     30300	800069c8	02c61c33	mulh	x24,x12,x12	 x12:0x00008014 x12:0x00008014 x24=0x00000000
     303045.000 ns	     30303	800069cc	21f61d53	fsgnjn.s	f26,f12,f31	 f12:0x7f800000 f31:0x47350461 f26=0xff800000
     303065.000 ns	     30305	800069d0	447faf93	slti	x31,x31,1095	 x31:0x89acf000 x31=0x00000001
     303075.000 ns	     30306	800069d4	00b9ca33	xor	x20,x19,x11	 x19:0x00000000 x11:0x8980d99c x20=0x8980d99c
     303115.000 ns	     30310	800069d8	0058c7d3	fadd.s	f15,f17,f5	 f17:0x00000000  f5:0xff800000 f15=0xff800000
     303145.000 ns	     30313	800069dc	c0107f53	fcvt.wu.s	x30,f0	  f0:0x00000000 x30=0x00000000
     303175.000 ns	     30316	800069e0	c00b7853	fcvt.w.s	x16,f22	 f22:0x7fc00000 x16=0x7fffffff
     303195.000 ns	     30318	800069e4	01619fb3	sll	x31,x3,x22	  x3:0x00000000 x22:0x00000000 x31=0x00000000
     303215.000 ns	     30320	800069e8	d0057bd3	fcvt.s.w	f23,x10	 x10:0x00000000 f23=0x00000000
     303255.000 ns	     30324	800069ec	10173ed3	fmul.s	f29,f14,f1	 f14:0x00000000  f1:0xffc00000 f29=0x7fc00000
     303285.000 ns	     30327	800069f0	a0890dd3	fle.s	x27,f18,f8	 f18:0x000006e9  f8:0xbf800000 x27=0x00000000
     303315.000 ns	     30330	800069f4	20d98d53	fsgnj.s	f26,f19,f13	 f19:0x80000000 f13:0x000006e9 f26=0x00000000
     303345.000 ns	     30333	800069f8	a1492cd3	feq.s	x25,f18,f20	 f18:0x000006e9 f20:0xff800000 x25=0x00000000
     303365.000 ns	     30335	800069fc	007871b3	and	x3,x16,x7	 x16:0x7fffffff  x7:0x00000000  x3=0x00000000
     303375.000 ns	     30336	80006a00	0062f0b3	and	x1,x5,x6	  x5:0x00000000  x6:0x00000040  x1=0x00000000
     303395.000 ns	     30338	80006a04	a0440653	fle.s	x12,f8,f4	  f8:0xbf800000  f4:0x3f800000 x12=0x00000001
     303415.000 ns	     30340	80006a08	017542b3	xor	x5,x10,x23	 x10:0x00000000 x23:0x80040fe4  x5=0x80040fe4
     303435.000 ns	     30342	80006a0c	208b0353	fsgnj.s	f6,f22,f8	 f22:0x7fc00000  f8:0xbf800000  f6=0xffc00000
     303465.000 ns	     30345	80006a10	a0d581d3	fle.s	x3,f11,f13	 f11:0x00000000 f13:0x000006e9  x3=0x00000001
     303495.000 ns	     30348	80006a14	03501233	mulh	x4,x0,x21	  x0:0x00000000 x21:0x00000041  x4=0x00000000
     303525.000 ns	     30351	80006a18	d0092053	fcvt.s.w	f0,x18	 x18:0x80041024  f0=0xcefff7e0
     303545.000 ns	     30353	80006a1c	41030b33	sub	x22,x6,x16	  x6:0x00000040 x16:0x7fffffff x22=0x80000041
     303555.000 ns	     30354	80006a20	00ca5793	srli	x15,x20,0xc	 x20:0x8980d99c x15=0x0008980d
     303575.000 ns	     30356	80006a24	0255a9b3	mulhsu	x19,x11,x5	 x11:0x8980d99c  x5:0x80040fe4 x19=0xc4be8b76
     303595.000 ns	     30358	80006a28	41c45293	srai	x5,x8,0x1c	  x8:0x000006e9  x5=0x00000000
     303605.000 ns	     30359	80006a2c	d40f3493	sltiu	x9,x30,-704	 x30:0x00000000  x9=0x00000001
     303615.000 ns	     30360	80006a30	003076b3	and	x13,x0,x3	  x0:0x00000000  x3:0x00000001 x13=0x00000000
     303635.000 ns	     30362	80006a34	0245bfb3	mulhu	x31,x11,x4	 x11:0x8980d99c  x4:0x00000000 x31=0x00000000
     304005.000 ns	     30399	80006a38	03a0d1b3	divu	x3,x1,x26	  x1:0x00000000 x26:0x80000563  x3=0x00000000
     304035.000 ns	     30402	80006a3c	d010f653	fcvt.s.wu	f12,x1	  x1:0x00000000 f12=0x00000000
     304055.000 ns	     30404	80006a40	01e65f33	srl	x30,x12,x30	 x12:0x00000001 x30:0x00000000 x30=0x00000001
     304065.000 ns	     30405	80006a44	01946033	or	x0,x8,x25	  x8:0x000006e9 x25:0x00000000
     304075.000 ns	     30406	80006a48	40248833	sub	x16,x9,x2	  x9:0x00000001  x2:0x24000000 x16=0xdc000001
     304085.000 ns	     30407	80006a4c	01172db3	slt	x27,x14,x17	 x14:0x80000000 x17:0x00000000 x27=0x00000001
     304105.000 ns	     30409	80006a50	d011b0d3	fcvt.s.wu	f1,x3	  x3:0x00000000  f1=0x00000000
     304135.000 ns	     30412	80006a54	217b0d53	fsgnj.s	f26,f22,f23	 f22:0x7fc00000 f23:0x00000000 f26=0x7fc00000
     304155.000 ns	     30414	80006a58	01a75b13	srli	x22,x14,0x1a	 x14:0x80000000 x22=0x00000020
     304165.000 ns	     30415	80006a5c	01276633	or	x12,x14,x18	 x14:0x80000000 x18:0x80041024 x12=0x80041024
     304175.000 ns	     30416	80006a60	013a5313	srli	x6,x20,0x13	 x20:0x8980d99c  x6=0x00001130
     304185.000 ns	     30417	80006a64	2e594f93	xori	x31,x18,741	 x18:0x80041024 x31=0x800412c1
     304205.000 ns	     30419	80006a68	0205e433	rem	x8,x11,x0	 x11:0x8980d99c  x0:0x00000000  x8=0x8980d99c
     304225.000 ns	     30421	80006a6c	010538b3	sltu	x17,x10,x16	 x10:0x00000000 x16:0xdc000001 x17=0x00000001
     304235.000 ns	     30422	80006a70	00dd9c93	slli	x25,x27,0xd	 x27:0x00000001 x25=0x00002000
     304245.000 ns	     30423	80006a74	011a5813	srli	x16,x20,0x11	 x20:0x8980d99c x16=0x000044c0
     304265.000 ns	     30425	80006a78	02962f33	mulhsu	x30,x12,x9	 x12:0x80041024  x9:0x00000001 x30=0xffffffff
     304295.000 ns	     30428	80006a7c	c01f0353	fcvt.wu.s	x6,f30	 f30:0x80000000  x6=0x00000000
     304315.000 ns	     30430	80006a80	00456133	or	x2,x10,x4	 x10:0x00000000  x4:0x00000000  x2=0x00000000
     304325.000 ns	     30431	80006a84	fd68f793	andi	x15,x17,-42	 x17:0x00000001 x15=0x00000000
     304365.000 ns	     30435	80006a88	01650f53	fadd.s	f30,f10,f22	 f10:0x7fc00000 f22:0x7fc00000 f30=0x7fc00000
     304395.000 ns	     30438	80006a8c	f00c87d3	fmv.w.x	f15,x25	 x25:0x00002000 f15=0x00002000
     304425.000 ns	     30441	80006a90	02c707b3	mul	x15,x14,x12	 x14:0x80000000 x12:0x80041024 x15=0x00000000
     304445.000 ns	     30443	80006a94	0010e7b3	or	x15,x1,x1	  x1:0x00000000  x1:0x00000000 x15=0x00000000
     304455.000 ns	     30444	80006a98	017615b3	sll	x11,x12,x23	 x12:0x80041024 x23:0x80040fe4 x11=0x00410240
     304465.000 ns	     30445	80006a9c	001452b3	srl	x5,x8,x1	  x8:0x8980d99c  x1:0x00000000  x5=0x8980d99c
     304485.000 ns	     30447	80006aa0	0269a8b3	mulhsu	x17,x19,x6	 x19:0xc4be8b76  x6:0x00000000 x17=0x00000000
     304505.000 ns	     30449	80006aa4	00b7de13	srli	x28,x15,0xb	 x15:0x00000000 x28=0x00000000
     304515.000 ns	     30450	80006aa8	01d4dab3	srl	x21,x9,x29	  x9:0x00000001 x29:0x00000000 x21=0x00000001
     304525.000 ns	     30451	80006aac	a0c00a13	addi	x20,x0,-1524	  x0:0x00000000 x20=0xfffffa0c
     304545.000 ns	     30453	80006ab0	d002f653	fcvt.s.w	f12,x5	  x5:0x8980d99c f12=0xceecfe4c
     304565.000 ns	     30455	80006ab4	01c68333	add	x6,x13,x28	 x13:0x00000000 x28:0x00000000  x6=0x00000000
     304575.000 ns	     30456	80006ab8	010a1e33	sll	x28,x20,x16	 x20:0xfffffa0c x16:0x000044c0 x28=0xfffffa0c
     304615.000 ns	     30460	80006abc	0933cdd3	fsub.s	f27,f7,f19	  f7:0xcf7ffffe f19:0x80000000 f27=0xcf7ffffe
     304645.000 ns	     30463	80006ac0	214a2053	fsgnjx.s	f0,f20,f20	 f20:0xff800000 f20:0xff800000  f0=0x7f800000
     304685.000 ns	     30467	80006ac4	115f7dd3	fmul.s	f27,f30,f21	 f30:0x7fc00000 f21:0x80000000 f27=0x7fc00000
     304705.000 ns	     30469	80006ac8	40d7d0b3	sra	x1,x15,x13	 x15:0x00000000 x13:0x00000000  x1=0x00000000
     304725.000 ns	     30471	80006acc	02c62033	mulhsu	x0,x12,x12	 x12:0x80041024 x12:0x80041024
     304745.000 ns	     30473	80006ad0	014ee633	or	x12,x29,x20	 x29:0x00000000 x20:0xfffffa0c x12=0xfffffa0c
     304755.000 ns	     30474	80006ad4	006efc33	and	x24,x29,x6	 x29:0x00000000  x6:0x00000000 x24=0x00000000
     304765.000 ns	     30475	80006ad8	76f73293	sltiu	x5,x14,1903	 x14:0x80000000  x5=0x00000000
     304785.000 ns	     30477	80006adc	d003a1d3	fcvt.s.w	f3,x7	  x7:0x00000000  f3=0x00000000
     304805.000 ns	     30479	80006ae0	b9cf3093	sltiu	x1,x30,-1124	 x30:0xffffffff  x1=0x00000000
     304815.000 ns	     30480	80006ae4	01765b13	srli	x22,x12,0x17	 x12:0xfffffa0c x22=0x000001ff
     304835.000 ns	     30482	80006ae8	a15215d3	flt.s	x11,f4,f21	  f4:0x3f800000 f21:0x80000000 x11=0x00000000
     304855.000 ns	     30484	80006aec	0157d433	srl	x8,x15,x21	 x15:0x00000000 x21:0x00000001  x8=0x00000000
     304875.000 ns	     30486	80006af0	038cf033	remu	x0,x25,x24	 x25:0x00002000 x24:0x00000000
     304905.000 ns	     30489	80006af4	29f58a53	fmin.s	f20,f11,f31	 f11:0x00000000 f31:0x47350461 f20=0x00000000
     304935.000 ns	     30492	80006af8	213d15d3	fsgnjn.s	f11,f26,f19	 f26:0x7fc00000 f19:0x80000000 f11=0x7fc00000
     304955.000 ns	     30494	80006afc	b6cefe13	andi	x28,x29,-1172	 x29:0x00000000 x28=0x00000000
     304985.000 ns	     30497	80006b00	19b98ed3	fdiv.s	f29,f19,f27	 f19:0x80000000 f27:0x7fc00000 f29=0x7fc00000
     305015.000 ns	     30500	80006b04	02204ab3	div	x21,x0,x2	  x0:0x00000000  x2:0x00000000 x21=0xffffffff
     305385.000 ns	     30537	80006b08	03fa7433	remu	x8,x20,x31	 x20:0xfffffa0c x31:0x800412c1  x8=0x7ffbe74b
     305415.000 ns	     30540	80006b0c	02669e33	mulh	x28,x13,x6	 x13:0x00000000  x6:0x00000000 x28=0x00000000
     305445.000 ns	     30543	80006b10	21329dd3	fsgnjn.s	f27,f5,f19	  f5:0xff800000 f19:0x80000000 f27=0x7f800000
     305475.000 ns	     30546	80006b14	02a8c4b3	div	x9,x17,x10	 x17:0x00000000 x10:0x00000000  x9=0xffffffff
     305505.000 ns	     30549	80006b18	a16e93d3	flt.s	x7,f29,f22	 f29:0x7fc00000 f22:0x7fc00000  x7=0x00000000
     305555.000 ns	     30554	80006b1c	084d79d3	fsub.s	f19,f26,f4	 f26:0x7fc00000  f4:0x3f800000 f19=0x7fc00000
     305575.000 ns	     30556	80006b20	416c57b3	sra	x15,x24,x22	 x24:0x00000000 x22:0x000001ff x15=0x00000000
     305585.000 ns	     30557	80006b24	407005b3	sub	x11,x0,x7	  x0:0x00000000  x7:0x00000000 x11=0x00000000
     305605.000 ns	     30559	80006b28	a0520e53	fle.s	x28,f4,f5	  f4:0x3f800000  f5:0xff800000 x28=0x00000000
     305625.000 ns	     30561	80006b2c	405c8b33	sub	x22,x25,x5	 x25:0x00002000  x5:0x00000000 x22=0x00002000
     305645.000 ns	     30563	80006b30	21bfa9d3	fsgnjx.s	f19,f31,f27	 f31:0x47350461 f27:0x7f800000 f19=0x47350461
     305685.000 ns	     30567	80006b34	184e7b53	fdiv.s	f22,f28,f4	 f28:0x7fc00000  f4:0x3f800000 f22=0x7fc00000
     305705.000 ns	     30569	80006b38	00987133	and	x2,x16,x9	 x16:0x000044c0  x9:0xffffffff  x2=0x000044c0
     306065.000 ns	     30605	80006b3c	03ae4e33	div	x28,x28,x26	 x28:0x00000000 x26:0x80000563 x28=0x00000000
     306085.000 ns	     30607	80006b40	41885233	sra	x4,x16,x24	 x16:0x000044c0 x24:0x00000000  x4=0x000044c0
     306105.000 ns	     30609	80006b44	02b852b3	divu	x5,x16,x11	 x16:0x000044c0 x11:0x00000000  x5=0xffffffff
     306125.000 ns	     30611	80006b48	00dd73b3	and	x7,x26,x13	 x26:0x80000563 x13:0x00000000  x7=0x00000000
     306145.000 ns	     30613	80006b4c	021d39b3	mulhu	x19,x26,x1	 x26:0x80000563  x1:0x00000000 x19=0x00000000
     306175.000 ns	     30616	80006b50	c01672d3	fcvt.wu.s	x5,f12	 f12:0xceecfe4c  x5=0x767f2600
     306205.000 ns	     30619	80006b54	f0068353	fmv.w.x	f6,x13	 x13:0x00000000  f6=0x00000000
     306225.000 ns	     30621	80006b58	a8387f93	andi	x31,x16,-1405	 x16:0x000044c0 x31=0x00004080
     306245.000 ns	     30623	80006b5c	a126a653	feq.s	x12,f13,f18	 f13:0x000006e9 f18:0x000006e9 x12=0x00000001
     306265.000 ns	     30625	80006b60	00208633	add	x12,x1,x2	  x1:0x00000000  x2:0x000044c0 x12=0x000044c0
     306285.000 ns	     30627	80006b64	a111a853	feq.s	x16,f3,f17	  f3:0x00000000 f17:0x00000000 x16=0x00000001
     306305.000 ns	     30629	80006b68	ae272513	slti	x10,x14,-1310	 x14:0x80000000 x10=0x00000001
     306315.000 ns	     30630	80006b6c	00f77c33	and	x24,x14,x15	 x14:0x80000000 x15:0x00000000 x24=0x00000000
     306345.000 ns	     30633	80006b70	1007f153	fmul.s	f2,f15,f0	 f15:0x00002000  f0:0x7f800000  f2=0x7f800000
     306365.000 ns	     30635	80006b74	00b1afb3	slt	x31,x3,x11	  x3:0x00000000 x11:0x00000000 x31=0x00000000
     306375.000 ns	     30636	80006b78	010408b3	add	x17,x8,x16	  x8:0x7ffbe74b x16:0x00000001 x17=0x7ffbe74c
     306395.000 ns	     30638	80006b7c	29791b53	fmax.s	f22,f18,f23	 f18:0x000006e9 f23:0x00000000 f22=0x000006e9
     306415.000 ns	     30640	80006b80	011ad093	srli	x1,x21,0x11	 x21:0xffffffff  x1=0x00007fff
     306425.000 ns	     30641	80006b84	0185d313	srli	x6,x11,0x18	 x11:0x00000000  x6=0x00000000
     306445.000 ns	     30643	80006b88	a14700d3	fle.s	x1,f14,f20	 f14:0x00000000 f20:0x00000000  x1=0x00000001
     306465.000 ns	     30645	80006b8c	76684e13	xori	x28,x16,1894	 x16:0x00000001 x28=0x00000767
     306495.000 ns	     30648	80006b90	105ffbd3	fmul.s	f23,f31,f5	 f31:0x47350461  f5:0xff800000 f23=0xff800000
     306515.000 ns	     30650	80006b94	3585e813	ori	x16,x11,856	 x11:0x00000000 x16=0x00000358
     306535.000 ns	     30652	80006b98	a1cd1a53	flt.s	x20,f26,f28	 f26:0x7fc00000 f28:0x7fc00000 x20=0x00000000
     306565.000 ns	     30655	80006b9c	a1750553	fle.s	x10,f10,f23	 f10:0x7fc00000 f23:0xff800000 x10=0x00000000
     306595.000 ns	     30658	80006ba0	d00871d3	fcvt.s.w	f3,x16	 x16:0x00000358  f3=0x44560000
     306615.000 ns	     30660	80006ba4	72088593	addi	x11,x17,1824	 x17:0x7ffbe74c x11=0x7ffbee6c
     306655.000 ns	     30664	80006ba8	00a87353	fadd.s	f6,f16,f10	 f16:0x4f7ffffe f10:0x7fc00000  f6=0x7fc00000
     306685.000 ns	     30667	80006bac	284a98d3	fmax.s	f17,f21,f4	 f21:0x80000000  f4:0x3f800000 f17=0x3f800000
     306715.000 ns	     30670	80006bb0	f00a05d3	fmv.w.x	f11,x20	 x20:0x00000000 f11=0x00000000
     306745.000 ns	     30673	80006bb4	297d95d3	fmax.s	f11,f27,f23	 f27:0x7f800000 f23:0xff800000 f11=0x7f800000
     306795.000 ns	     30678	80006bb8	08269c53	fsub.s	f24,f13,f2	 f13:0x000006e9  f2:0x7f800000 f24=0xff800000
     306815.000 ns	     30680	80006bbc	c0406313	ori	x6,x0,-1020	  x0:0x00000000  x6=0xfffffc04
     306835.000 ns	     30682	80006bc0	28bc0ad3	fmin.s	f21,f24,f11	 f24:0xff800000 f11:0x7f800000 f21=0xff800000
     306865.000 ns	     30685	80006bc4	215c2453	fsgnjx.s	f8,f24,f21	 f24:0xff800000 f21:0x80000000  f8=0x7f800000
     306895.000 ns	     30688	80006bc8	a19ea0d3	feq.s	x1,f29,f25	 f29:0x7fc00000 f25:0xff800000  x1=0x00000000
     306915.000 ns	     30690	80006bcc	006efeb3	and	x29,x29,x6	 x29:0x00000000  x6:0xfffffc04 x29=0x00000000
     306935.000 ns	     30692	80006bd0	c017ff53	fcvt.wu.s	x30,f15	 f15:0x00002000 x30=0x00000000
     306955.000 ns	     30694	80006bd4	1ffd0793	addi	x15,x26,511	 x26:0x80000563 x15=0x80000762
     306975.000 ns	     30696	80006bd8	e00f8453	fmv.x.w	x8,f31	 f31:0x47350461  x8=0x47350461
     307005.000 ns	     30699	80006bdc	0334c233	div	x4,x9,x19	  x9:0xffffffff x19:0x00000000  x4=0xffffffff
     307035.000 ns	     30702	80006be0	033623b3	mulhsu	x7,x12,x19	 x12:0x000044c0 x19:0x00000000  x7=0x00000000
     307055.000 ns	     30704	80006be4	40fd5d93	srai	x27,x26,0xf	 x26:0x80000563 x27=0xffff0000
     307065.000 ns	     30705	80006be8	6b006e93	ori	x29,x0,1712	  x0:0x00000000 x29=0x000006b0
     307085.000 ns	     30707	80006bec	293387d3	fmin.s	f15,f7,f19	  f7:0xcf7ffffe f19:0x47350461 f15=0xcf7ffffe
     307105.000 ns	     30709	80006bf0	412bdf93	srai	x31,x23,0x12	 x23:0x80040fe4 x31=0xffffe001
     307125.000 ns	     30711	80006bf4	c011ac53	fcvt.wu.s	x24,f3	  f3:0x44560000 x24=0x00000358
     307145.000 ns	     30713	80006bf8	b8aa6d13	ori	x26,x20,-1142	 x20:0x00000000 x26=0xfffffb8a
     307165.000 ns	     30715	80006bfc	03838eb3	mul	x29,x7,x24	  x7:0x00000000 x24:0x00000358 x29=0x00000000
     307185.000 ns	     30717	80006c00	9a754d93	xori	x27,x10,-1625	 x10:0x00000000 x27=0xfffff9a7
     307205.000 ns	     30719	80006c04	c00df1d3	fcvt.w.s	x3,f27	 f27:0x7f800000  x3=0x7fffffff
     307225.000 ns	     30721	80006c08	552e4437	lui	x8,0x552e4	  x8=0x552e4000
     307585.000 ns	     30757	80006c0c	0297ddb3	divu	x27,x15,x9	 x15:0x80000762  x9:0xffffffff x27=0x00000000
     307605.000 ns	     30759	80006c10	7d4d2013	slti	x0,x26,2004	 x26:0xfffffb8a
     307615.000 ns	     30760	80006c14	015d5613	srli	x12,x26,0x15	 x26:0xfffffb8a x12=0x000007ff
     307945.000 ns	     30793	80006c18	184781d3	fdiv.s	f3,f15,f4	 f15:0xcf7ffffe  f4:0x3f800000  f3=0xcf7fff36
     307975.000 ns	     30796	80006c1c	203291d3	fsgnjn.s	f3,f5,f3	  f5:0xff800000  f3:0x44560000  f3=0x7f800000
     308005.000 ns	     30799	80006c20	e0080dd3	fmv.x.w	x27,f16	 f16:0x4f7ffffe x27=0x4f7ffffe
     308035.000 ns	     30802	80006c24	d01c73d3	fcvt.s.wu	f7,x24	 x24:0x00000358  f7=0x44560000
     308065.000 ns	     30805	80006c28	c00cc4d3	fcvt.w.s	x9,f25	 f25:0xff800000  x9=0x80000000
     308435.000 ns	     30842	80006c2c	026a47b3	div	x15,x20,x6	 x20:0x00000000  x6:0xfffffc04 x15=0x00000000
     308455.000 ns	     30844	80006c30	0cbc6513	ori	x10,x24,203	 x24:0x00000358 x10=0x000003db
     308465.000 ns	     30845	80006c34	701fcd93	xori	x27,x31,1793	 x31:0xffffe001 x27=0xffffe700
     308485.000 ns	     30847	80006c38	e00f14d3	fclass.s	x9,f30	 f30:0x7fc00000  x9=0x00000200
     308505.000 ns	     30849	80006c3c	ff0f8ab7	lui	x21,0xff0f8	 x21=0xff0f8000
     308525.000 ns	     30851	80006c40	20e10f53	fsgnj.s	f30,f2,f14	  f2:0x7f800000 f14:0x00000000 f30=0x7f800000
     308545.000 ns	     30853	80006c44	7a410f93	addi	x31,x2,1956	  x2:0x000044c0 x31=0x00004c64
     308565.000 ns	     30855	80006c48	d0017fd3	fcvt.s.w	f31,x2	  x2:0x000044c0 f31=0x46898000
     308585.000 ns	     30857	80006c4c	00e3a9b3	slt	x19,x7,x14	  x7:0x00000000 x14:0x80000000 x19=0x00000000
     308605.000 ns	     30859	80006c50	e00f9253	fclass.s	x4,f31	 f31:0x46898000  x4=0x00000040
     308625.000 ns	     30861	80006c54	062a6493	ori	x9,x20,98	 x20:0x00000000  x9=0x00000062
     308645.000 ns	     30863	80006c58	284603d3	fmin.s	f7,f12,f4	 f12:0xceecfe4c  f4:0x3f800000  f7=0xceecfe4c
     308665.000 ns	     30865	80006c5c	406bdcb3	sra	x25,x23,x6	 x23:0x80040fe4  x6:0xfffffc04 x25=0xf80040fe
     308675.000 ns	     30866	80006c60	00191e33	sll	x28,x18,x1	 x18:0x80041024  x1:0x00000000 x28=0x80041024
     308685.000 ns	     30867	80006c64	01802533	slt	x10,x0,x24	  x0:0x00000000 x24:0x00000358 x10=0x00000001
     308695.000 ns	     30868	80006c68	401d0eb3	sub	x29,x26,x1	 x26:0xfffffb8a  x1:0x00000000 x29=0xfffffb8a
     308705.000 ns	     30869	80006c6c	01545333	srl	x6,x8,x21	  x8:0x552e4000 x21:0xff0f8000  x6=0x552e4000
     308725.000 ns	     30871	80006c70	026c9d33	mulh	x26,x25,x6	 x25:0xf80040fe  x6:0xfffffc04 x26=0xfd56a3a0
     308755.000 ns	     30874	80006c74	02c79233	mulh	x4,x15,x12	 x15:0x00000000 x12:0x000007ff  x4=0x00000000
     308785.000 ns	     30877	80006c78	028aad33	mulhsu	x26,x21,x8	 x21:0xff0f8000  x8:0x552e4000 x26=0xffaffa0c
     308815.000 ns	     30880	80006c7c	e00601d3	fmv.x.w	x3,f12	 f12:0xceecfe4c  x3=0xceecfe4c
     308835.000 ns	     30882	80006c80	92dac413	xori	x8,x21,-1747	 x21:0xff0f8000  x8=0x00f0792d
     308855.000 ns	     30884	80006c84	a1b41ed3	flt.s	x29,f8,f27	  f8:0x7f800000 f27:0x7f800000 x29=0x00000000
     308885.000 ns	     30887	80006c88	e00f8f53	fmv.x.w	x30,f31	 f31:0x46898000 x30=0x46898000
     308905.000 ns	     30889	80006c8c	d9d6e213	ori	x4,x13,-611	 x13:0x00000000  x4=0xfffffd9d
     308915.000 ns	     30890	80006c90	01ef3a33	sltu	x20,x30,x30	 x30:0x46898000 x30:0x46898000 x20=0x00000000
     308935.000 ns	     30892	80006c94	c001a8d3	fcvt.w.s	x17,f3	  f3:0x7f800000 x17=0x7fffffff
     308955.000 ns	     30894	80006c98	410cdc33	sra	x24,x25,x16	 x25:0xf80040fe x16:0x00000358 x24=0xfffffff8
     308965.000 ns	     30895	80006c9c	155541b7	lui	x3,0x15554	  x3=0x15554000
     308995.000 ns	     30898	80006ca0	11eecbd3	fmul.s	f23,f29,f30	 f29:0x7fc00000 f30:0x7f800000 f23=0x7fc00000
     309015.000 ns	     30900	80006ca4	00e29d93	slli	x27,x5,0xe	  x5:0x767f2600 x27=0xc9800000
     309035.000 ns	     30902	80006ca8	02b5b033	mulhu	x0,x11,x11	 x11:0x7ffbee6c x11:0x7ffbee6c
     309055.000 ns	     30904	80006cac	41655333	sra	x6,x10,x22	 x10:0x00000001 x22:0x00002000  x6=0x00000001
     309415.000 ns	     30940	80006cb0	0303df33	divu	x30,x7,x16	  x7:0x00000000 x16:0x00000358 x30=0x00000000
     309435.000 ns	     30942	80006cb4	1568eb13	ori	x22,x17,342	 x17:0x7fffffff x22=0x7fffffff
     309445.000 ns	     30943	80006cb8	01b4a7b3	slt	x15,x9,x27	  x9:0x00000062 x27:0xc9800000 x15=0x00000000
     309455.000 ns	     30944	80006cbc	40558833	sub	x16,x11,x5	 x11:0x7ffbee6c  x5:0x767f2600 x16=0x097cc86c
     309465.000 ns	     30945	80006cc0	00faba33	sltu	x20,x21,x15	 x21:0xff0f8000 x15:0x00000000 x20=0x00000000
     309825.000 ns	     30981	80006cc4	02bed9b3	divu	x19,x29,x11	 x29:0x00000000 x11:0x7ffbee6c x19=0x00000000
     309845.000 ns	     30983	80006cc8	00355c33	srl	x24,x10,x3	 x10:0x00000001  x3:0x15554000 x24=0x00000001
     309855.000 ns	     30984	80006ccc	850a9837	lui	x16,0x850a9	 x16=0x850a9000
     309875.000 ns	     30986	80006cd0	2013abd3	fsgnjx.s	f23,f7,f1	  f7:0xceecfe4c  f1:0x00000000 f23=0xceecfe4c
     309895.000 ns	     30988	80006cd4	0074dc33	srl	x24,x9,x7	  x9:0x00000062  x7:0x00000000 x24=0x00000062
     309905.000 ns	     30989	80006cd8	00a22d33	slt	x26,x4,x10	  x4:0xfffffd9d x10:0x00000001 x26=0x00000001
     309915.000 ns	     30990	80006cdc	00dd2d33	slt	x26,x26,x13	 x26:0xffaffa0c x13:0x00000000 x26=0x00000000
     309935.000 ns	     30992	80006ce0	216423d3	fsgnjx.s	f7,f8,f22	  f8:0x7f800000 f22:0x000006e9  f7=0x7f800000
     309955.000 ns	     30994	80006ce4	014d6db3	or	x27,x26,x20	 x26:0x00000001 x20:0x00000000 x27=0x00000000
     309965.000 ns	     30995	80006ce8	002d9b13	slli	x22,x27,0x2	 x27:0xc9800000 x22=0x00000000
     309975.000 ns	     30996	80006cec	40bdd313	srai	x6,x27,0xb	 x27:0xc9800000  x6=0x00000000
     309995.000 ns	     30998	80006cf0	e00a8dd3	fmv.x.w	x27,f21	 f21:0xff800000 x27=0xff800000
     310045.000 ns	     31003	80006cf4	09da38d3	fsub.s	f17,f20,f29	 f20:0x00000000 f29:0x7fc00000 f17=0x7fc00000
     310075.000 ns	     31006	80006cf8	29ad01d3	fmin.s	f3,f26,f26	 f26:0x7fc00000 f26:0x7fc00000  f3=0x7fc00000
     310095.000 ns	     31008	80006cfc	574dcdb7	lui	x27,0x574dc	 x27=0x574dc000
     310115.000 ns	     31010	80006d00	03ca1e33	mulh	x28,x20,x28	 x20:0x00000000 x28:0x80041024 x28=0x00000000
     310135.000 ns	     31012	80006d04	015faf33	slt	x30,x31,x21	 x31:0x00004c64 x21:0xff0f8000 x30=0x00000000
     310155.000 ns	     31014	80006d08	21d887d3	fsgnj.s	f15,f17,f29	 f17:0x7fc00000 f29:0x7fc00000 f15=0x7fc00000
     310525.000 ns	     31051	80006d0c	03b9ef33	rem	x30,x19,x27	 x19:0x00000000 x27:0x574dc000 x30=0x00000000
     310565.000 ns	     31055	80006d10	18ad7cd3	fdiv.s	f25,f26,f10	 f26:0x7fc00000 f10:0x7fc00000 f25=0x7fc00000
     310585.000 ns	     31057	80006d14	64b00993	addi	x19,x0,1611	  x0:0x00000000 x19=0x0000064b
     310595.000 ns	     31058	80006d18	00d46db3	or	x27,x8,x13	  x8:0x00f0792d x13:0x00000000 x27=0x00f0792d
     310605.000 ns	     31059	80006d1c	010dd133	srl	x2,x27,x16	 x27:0x574dc000 x16:0x850a9000  x2=0x00f0792d
     310625.000 ns	     31061	80006d20	d00098d3	fcvt.s.w	f17,x1	  x1:0x00000000 f17=0x00000000
     310645.000 ns	     31063	80006d24	d3450537	lui	x10,0xd3450	 x10=0xd3450000
     310655.000 ns	     31064	80006d28	00aab5b3	sltu	x11,x21,x10	 x21:0xff0f8000 x10:0x00000001 x11=0x00000000
     310675.000 ns	     31066	80006d2c	e0081253	fclass.s	x4,f16	 f16:0x4f7ffffe  x4=0x00000040
     310705.000 ns	     31069	80006d30	e00b1f53	fclass.s	x30,f22	 f22:0x000006e9 x30=0x00000020
     310735.000 ns	     31072	80006d34	02729033	mulh	x0,x5,x7	  x5:0x767f2600  x7:0x00000000
     310755.000 ns	     31074	80006d38	1d3d4513	xori	x10,x26,467	 x26:0x00000000 x10=0x000001d3
     310775.000 ns	     31076	80006d3c	20f81dd3	fsgnjn.s	f27,f16,f15	 f16:0x4f7ffffe f15:0x7fc00000 f27=0xcf7ffffe
     310795.000 ns	     31078	80006d40	411f0b33	sub	x22,x30,x17	 x30:0x00000020 x17:0x7fffffff x22=0x80000021
     310805.000 ns	     31079	80006d44	419385b3	sub	x11,x7,x25	  x7:0x00000000 x25:0xf80040fe x11=0x07ffbf02
     310825.000 ns	     31081	80006d48	027aa433	mulhsu	x8,x21,x7	 x21:0xff0f8000  x7:0x00000000  x8=0x00000000
     310845.000 ns	     31083	80006d4c	aea08f93	addi	x31,x1,-1302	  x1:0x00000000 x31=0xfffffaea
     310855.000 ns	     31084	80006d50	005a6333	or	x6,x20,x5	 x20:0x00000000  x5:0x767f2600  x6=0x767f2600
     310865.000 ns	     31085	80006d54	005a90b3	sll	x1,x21,x5	 x21:0xff0f8000  x5:0x767f2600  x1=0xff0f8000
     310895.000 ns	     31088	80006d58	18fa1353	fdiv.s	f6,f20,f15	 f20:0x00000000 f15:0x7fc00000  f6=0x7fc00000
     310925.000 ns	     31091	80006d5c	c01dcb53	fcvt.wu.s	x22,f27	 f27:0xcf7ffffe x22=0xfffffe00
     310945.000 ns	     31093	80006d60	213ae393	ori	x7,x21,531	 x21:0xff0f8000  x7=0xff0f8213
     310965.000 ns	     31095	80006d64	29a88153	fmin.s	f2,f17,f26	 f17:0x00000000 f26:0x7fc00000  f2=0x00000000
     310995.000 ns	     31098	80006d68	d0004c53	fcvt.s.w	f24,x0	  x0:0x00000000 f24=0x00000000
     311025.000 ns	     31101	80006d6c	e0018053	fmv.x.w	x0,f3	  f3:0x7fc00000
     311055.000 ns	     31104	80006d70	c01affd3	fcvt.wu.s	x31,f21	 f21:0xff800000 x31=0x00000000
     311075.000 ns	     31106	80006d74	402d02b3	sub	x5,x26,x2	 x26:0x00000000  x2:0x00f0792d  x5=0xff0f86d3
     311115.000 ns	     31110	80006d78	01768453	fadd.s	f8,f13,f23	 f13:0x000006e9 f23:0xceecfe4c  f8=0xceecfe4c
     311145.000 ns	     31113	80006d7c	a1109d53	flt.s	x26,f1,f17	  f1:0x00000000 f17:0x00000000 x26=0x00000000
     311175.000 ns	     31116	80006d80	a05f26d3	feq.s	x13,f30,f5	 f30:0x7f800000  f5:0xff800000 x13=0x00000000
     311205.000 ns	     31119	80006d84	20fc0553	fsgnj.s	f10,f24,f15	 f24:0x00000000 f15:0x7fc00000 f10=0x00000000
     311225.000 ns	     31121	80006d88	41038633	sub	x12,x7,x16	  x7:0xff0f8213 x16:0x850a9000 x12=0x7a04f213
     311255.000 ns	     31124	80006d8c	1156f953	fmul.s	f18,f13,f21	 f13:0x000006e9 f21:0xff800000 f18=0xff800000
     311285.000 ns	     31127	80006d90	c0107fd3	fcvt.wu.s	x31,f0	  f0:0x7f800000 x31=0xffffffff
     311315.000 ns	     31130	80006d94	e0009653	fclass.s	x12,f1	  f1:0x00000000 x12=0x00000010
     311655.000 ns	     31164	80006d98	19040953	fdiv.s	f18,f8,f16	  f8:0xceecfe4c f16:0x4f7ffffe f18=0xbeecfe4c
     312025.000 ns	     31201	80006d9c	02154333	div	x6,x10,x1	 x10:0x000001d3  x1:0xff0f8000  x6=0x00000000
     312065.000 ns	     31205	80006da0	114679d3	fmul.s	f19,f12,f20	 f12:0xceecfe4c f20:0x00000000 f19=0x80000000
     312085.000 ns	     31207	80006da4	402a5393	srai	x7,x20,0x2	 x20:0x00000000  x7=0x00000000
     312095.000 ns	     31208	80006da8	001627b3	slt	x15,x12,x1	 x12:0x00000010  x1:0xff0f8000 x15=0x00000000
     312135.000 ns	     31212	80006dac	096dfe53	fsub.s	f28,f27,f22	 f27:0xcf7ffffe f22:0x000006e9 f28=0xcf7ffffe
     312155.000 ns	     31214	80006db0	415059b3	sra	x19,x0,x21	  x0:0x00000000 x21:0xff0f8000 x19=0x00000000
     312515.000 ns	     31250	80006db4	024b4233	div	x4,x22,x4	 x22:0xfffffe00  x4:0x00000040  x4=0xfffffff8
     312545.000 ns	     31253	80006db8	028e66b3	rem	x13,x28,x8	 x28:0x00000000  x8:0x00000000 x13=0x00000000
     312565.000 ns	     31255	80006dbc	f0117393	andi	x7,x2,-255	  x2:0x00f0792d  x7=0x00f07901
     312575.000 ns	     31256	80006dc0	00181433	sll	x8,x16,x1	 x16:0x850a9000  x1:0xff0f8000  x8=0x850a9000
     312605.000 ns	     31259	80006dc4	58047ed3	fsqrt.s	f29,f8	  f8:0xceecfe4c f29=0x7fc00000
     312635.000 ns	     31262	80006dc8	024032b3	mulhu	x5,x0,x4	  x0:0x00000000  x4:0xfffffff8  x5=0x00000000
     312655.000 ns	     31264	80006dcc	01c08133	add	x2,x1,x28	  x1:0xff0f8000 x28:0x00000000  x2=0xff0f8000
     313015.000 ns	     31300	80006dd0	030c6133	rem	x2,x24,x16	 x24:0x00000062 x16:0x850a9000  x2=0x00000062
     313035.000 ns	     31302	80006dd4	7a339097	auipc	x1,0x7a339	  x1=0xfa33fdd4
     313055.000 ns	     31304	80006dd8	a0acab53	feq.s	x22,f25,f10	 f25:0x7fc00000 f10:0x00000000 x22=0x00000000
     313075.000 ns	     31306	80006ddc	bacbb313	sltiu	x6,x23,-1108	 x23:0x80040fe4  x6=0x00000001
     313085.000 ns	     31307	80006de0	010e9693	slli	x13,x29,0x10	 x29:0x00000000 x13=0x00000000
     313125.000 ns	     31311	80006de4	09d87153	fsub.s	f2,f16,f29	 f16:0x4f7ffffe f29:0x7fc00000  f2=0x7fc00000
     313155.000 ns	     31314	80006de8	036251b3	divu	x3,x4,x22	  x4:0xfffffff8 x22:0x00000000  x3=0xffffffff
     313175.000 ns	     31316	80006dec	d8900e93	addi	x29,x0,-631	  x0:0x00000000 x29=0xfffffd89
     313185.000 ns	     31317	80006df0	00000013	addi	x0,x0,0	  x0:0x00000000
     313205.000 ns	     31319	80006df4	c002c3d3	fcvt.w.s	x7,f5	  f5:0xff800000  x7=0x80000000
     313225.000 ns	     31321	80006df8	00000013	addi	x0,x0,0	  x0:0x00000000
     313235.000 ns	     31322	80006dfc	00910db3	add	x27,x2,x9	  x2:0x00000062  x9:0x00000062 x27=0x000000c4
     313245.000 ns	     31323	80006e00	41188333	sub	x6,x17,x17	 x17:0x7fffffff x17:0x7fffffff  x6=0x00000000
     313265.000 ns	     31325	80006e04	02f855b3	divu	x11,x16,x15	 x16:0x850a9000 x15:0x00000000 x11=0xffffffff
     313295.000 ns	     31328	80006e08	29011bd3	fmax.s	f23,f2,f16	  f2:0x7fc00000 f16:0x4f7ffffe f23=0x4f7ffffe
     313315.000 ns	     31330	80006e0c	376d6f13	ori	x30,x26,886	 x26:0x00000000 x30=0x00000376
     313325.000 ns	     31331	80006e10	013b6233	or	x4,x22,x19	 x22:0x00000000 x19:0x00000000  x4=0x00000000
     313335.000 ns	     31332	80006e14	414ad213	srai	x4,x21,0x14	 x21:0xff0f8000  x4=0xfffffff0
     313345.000 ns	     31333	80006e18	00b0aab3	slt	x21,x1,x11	  x1:0xfa33fdd4 x11:0xffffffff x21=0x00000001
     313355.000 ns	     31334	80006e1c	01e843b3	xor	x7,x16,x30	 x16:0x850a9000 x30:0x00000376  x7=0x850a9376
     313365.000 ns	     31335	80006e20	00a0d6b3	srl	x13,x1,x10	  x1:0xfa33fdd4 x10:0x000001d3 x13=0x00001f46
     313385.000 ns	     31337	80006e24	03f41b33	mulh	x22,x8,x31	  x8:0x850a9000 x31:0xffffffff x22=0x00000000
     313405.000 ns	     31339	80006e28	2b8acd93	xori	x27,x21,696	 x21:0x00000001 x27=0x000002b9
     313415.000 ns	     31340	80006e2c	afdb7093	andi	x1,x22,-1283	 x22:0x00000000  x1=0x00000000
     313425.000 ns	     31341	80006e30	f54b2593	slti	x11,x22,-172	 x22:0x00000000 x11=0x00000000
     313445.000 ns	     31343	80006e34	02662633	mulhsu	x12,x12,x6	 x12:0x00000010  x6:0x00000000 x12=0x00000000
     313815.000 ns	     31380	80006e38	0378deb3	divu	x29,x17,x23	 x17:0x7fffffff x23:0x80040fe4 x29=0x00000000
     313835.000 ns	     31382	80006e3c	01515113	srli	x2,x2,0x15	  x2:0x00000062  x2=0x00000000
     313855.000 ns	     31384	80006e40	02c3d433	divu	x8,x7,x12	  x7:0x850a9376 x12:0x00000000  x8=0xffffffff
     313875.000 ns	     31386	80006e44	40f488b3	sub	x17,x9,x15	  x9:0x00000062 x15:0x00000000 x17=0x00000062
     313895.000 ns	     31388	80006e48	02b7fdb3	remu	x27,x15,x11	 x15:0x00000000 x11:0x00000000 x27=0x00000000
     313925.000 ns	     31391	80006e4c	f00b0e53	fmv.w.x	f28,x22	 x22:0x00000000 f28=0x00000000
     313955.000 ns	     31394	80006e50	a1f996d3	flt.s	x13,f19,f31	 f19:0x80000000 f31:0x46898000 x13=0x00000001
     313985.000 ns	     31397	80006e54	e00280d3	fmv.x.w	x1,f5	  f5:0xff800000  x1=0xff800000
     314015.000 ns	     31400	80006e58	a0f6a553	feq.s	x10,f13,f15	 f13:0x000006e9 f15:0x7fc00000 x10=0x00000000
     314045.000 ns	     31403	80006e5c	e0089dd3	fclass.s	x27,f17	 f17:0x00000000 x27=0x00000010
     314065.000 ns	     31405	80006e60	009e7833	and	x16,x28,x9	 x28:0x00000000  x9:0x00000062 x16=0x00000000
     314095.000 ns	     31408	80006e64	58071fd3	fsqrt.s	f31,f14	 f14:0x00000000 f31=0x00000000
     314115.000 ns	     31410	80006e68	002b66b3	or	x13,x22,x2	 x22:0x00000000  x2:0x00000000 x13=0x00000000
     314125.000 ns	     31411	80006e6c	d4458c93	addi	x25,x11,-700	 x11:0x00000000 x25=0xfffffd44
     314135.000 ns	     31412	80006e70	005b2633	slt	x12,x22,x5	 x22:0x00000000  x5:0x00000000 x12=0x00000000
     314155.000 ns	     31414	80006e74	e00a89d3	fmv.x.w	x19,f21	 f21:0xff800000 x19=0xff800000
     314185.000 ns	     31417	80006e78	297f8553	fmin.s	f10,f31,f23	 f31:0x00000000 f23:0x4f7ffffe f10=0x00000000
     314205.000 ns	     31419	80006e7c	018610b3	sll	x1,x12,x24	 x12:0x00000000 x24:0x00000062  x1=0x00000000
     314215.000 ns	     31420	80006e80	00640533	add	x10,x8,x6	  x8:0xffffffff  x6:0x00000000 x10=0xffffffff
     314225.000 ns	     31421	80006e84	fd4d3c13	sltiu	x24,x26,-44	 x26:0x00000000 x24=0x00000001
     314235.000 ns	     31422	80006e88	410289b3	sub	x19,x5,x16	  x5:0x00000000 x16:0x00000000 x19=0x00000000
     314255.000 ns	     31424	80006e8c	20be08d3	fsgnj.s	f17,f28,f11	 f28:0x00000000 f11:0x7f800000 f17=0x00000000
     314285.000 ns	     31427	80006e90	209902d3	fsgnj.s	f5,f18,f9	 f18:0xbeecfe4c  f9:0x00000000  f5=0x3eecfe4c
     314305.000 ns	     31429	80006e94	011001b3	add	x3,x0,x17	  x0:0x00000000 x17:0x00000062  x3=0x00000062
     314325.000 ns	     31431	80006e98	a02301d3	fle.s	x3,f6,f2	  f6:0x7fc00000  f2:0x7fc00000  x3=0x00000000
     314345.000 ns	     31433	80006e9c	00be00b3	add	x1,x28,x11	 x28:0x00000000 x11:0x00000000  x1=0x00000000
     314365.000 ns	     31435	80006ea0	d015fad3	fcvt.s.wu	f21,x11	 x11:0x00000000 f21=0x00000000
     314395.000 ns	     31438	80006ea4	292115d3	fmax.s	f11,f2,f18	  f2:0x7fc00000 f18:0xbeecfe4c f11=0xbeecfe4c
     314425.000 ns	     31441	80006ea8	c01ef0d3	fcvt.wu.s	x1,f29	 f29:0x7fc00000  x1=0xffffffff
     314455.000 ns	     31444	80006eac	033bd1b3	divu	x3,x23,x19	 x23:0x80040fe4 x19:0x00000000  x3=0xffffffff
     314485.000 ns	     31447	80006eb0	f0030753	fmv.w.x	f14,x6	  x6:0x00000000 f14=0x00000000
     314525.000 ns	     31451	80006eb4	580ef5d3	fsqrt.s	f11,f29	 f29:0x7fc00000 f11=0x7fc00000
     314545.000 ns	     31453	80006eb8	da97f693	andi	x13,x15,-599	 x15:0x00000000 x13=0x00000000
     314565.000 ns	     31455	80006ebc	a0c315d3	flt.s	x11,f6,f12	  f6:0x7fc00000 f12:0xceecfe4c x11=0x00000000
     314595.000 ns	     31458	80006ec0	2027a1d3	fsgnjx.s	f3,f15,f2	 f15:0x7fc00000  f2:0x7fc00000  f3=0x7fc00000
     314625.000 ns	     31461	80006ec4	a14990d3	flt.s	x1,f19,f20	 f19:0x80000000 f20:0x00000000  x1=0x00000000
     314655.000 ns	     31464	80006ec8	285d1f53	fmax.s	f30,f26,f5	 f26:0x7fc00000  f5:0x3eecfe4c f30=0x3eecfe4c
     315025.000 ns	     31501	80006ecc	03f0d0b3	divu	x1,x1,x31	  x1:0x00000000 x31:0xffffffff  x1=0x00000000
     315045.000 ns	     31503	80006ed0	000c8e33	add	x28,x25,x0	 x25:0xfffffd44  x0:0x00000000 x28=0xfffffd44
     315055.000 ns	     31504	80006ed4	41dc8133	sub	x2,x25,x29	 x25:0xfffffd44 x29:0x00000000  x2=0xfffffd44
     315065.000 ns	     31505	80006ed8	012b0c33	add	x24,x22,x18	 x22:0x00000000 x18:0x80041024 x24=0x80041024
     315085.000 ns	     31507	80006edc	290a0e53	fmin.s	f28,f20,f16	 f20:0x00000000 f16:0x4f7ffffe f28=0x00000000
     315115.000 ns	     31510	80006ee0	d0117953	fcvt.s.wu	f18,x2	  x2:0xfffffd44 f18=0x4f7ffffd
     315135.000 ns	     31512	80006ee4	00000013	addi	x0,x0,0	  x0:0x00000000
     315155.000 ns	     31514	80006ee8	a0e6a553	feq.s	x10,f13,f14	 f13:0x000006e9 f14:0x00000000 x10=0x00000000
     315175.000 ns	     31516	80006eec	00328433	add	x8,x5,x3	  x5:0x00000000  x3:0xffffffff  x8=0xffffffff
     315185.000 ns	     31517	80006ef0	f3482d93	slti	x27,x16,-204	 x16:0x00000000 x27=0x00000000
     315205.000 ns	     31519	80006ef4	20638353	fsgnj.s	f6,f7,f6	  f7:0x7f800000  f6:0x7fc00000  f6=0x7f800000
     315235.000 ns	     31522	80006ef8	03df5db3	divu	x27,x30,x29	 x30:0x00000376 x29:0x00000000 x27=0xffffffff
     315265.000 ns	     31525	80006efc	21890653	fsgnj.s	f12,f18,f24	 f18:0x4f7ffffd f24:0x00000000 f12=0x4f7ffffd
     315315.000 ns	     31530	80006f00	01f7fe53	fadd.s	f28,f15,f31	 f15:0x7fc00000 f31:0x00000000 f28=0x7fc00000
     315345.000 ns	     31533	80006f04	c0147fd3	fcvt.wu.s	x31,f8	  f8:0xceecfe4c x31=0x767f2600
     315385.000 ns	     31537	80006f08	1881abd3	fdiv.s	f23,f3,f8	  f3:0x7fc00000  f8:0xceecfe4c f23=0x7fc00000
     315405.000 ns	     31539	80006f0c	01ba4cb3	xor	x25,x20,x27	 x20:0x00000000 x27:0xffffffff x25=0xffffffff
     315445.000 ns	     31543	80006f10	00aaf1d3	fadd.s	f3,f21,f10	 f21:0x00000000 f10:0x00000000  f3=0x00000000
     315465.000 ns	     31545	80006f14	00c82ab3	slt	x21,x16,x12	 x16:0x00000000 x12:0x00000000 x21=0x00000000
     315475.000 ns	     31546	80006f18	19a684b7	lui	x9,0x19a68	  x9=0x19a68000
     315485.000 ns	     31547	80006f1c	74ec7393	andi	x7,x24,1870	 x24:0x80041024  x7=0x00000004
     315505.000 ns	     31549	80006f20	02fcc233	div	x4,x25,x15	 x25:0xffffffff x15:0x00000000  x4=0xffffffff
     315535.000 ns	     31552	80006f24	204fad53	fsgnjx.s	f26,f31,f4	 f31:0x00000000  f4:0x3f800000 f26=0x00000000
     315565.000 ns	     31555	80006f28	02daa633	mulhsu	x12,x21,x13	 x21:0x00000000 x13:0x00000000 x12=0x00000000
     315595.000 ns	     31558	80006f2c	f0078b53	fmv.w.x	f22,x15	 x15:0x00000000 f22=0x00000000
     315625.000 ns	     31561	80006f30	e0089153	fclass.s	x2,f17	 f17:0x00000000  x2=0x00000010
     315645.000 ns	     31563	80006f34	01f55533	srl	x10,x10,x31	 x10:0x00000000 x31:0x767f2600 x10=0x00000000
     315655.000 ns	     31564	80006f38	01bc6d33	or	x26,x24,x27	 x24:0x80041024 x27:0xffffffff x26=0xffffffff
     315665.000 ns	     31565	80006f3c	415cd313	srai	x6,x25,0x15	 x25:0xffffffff  x6=0xffffffff
     315685.000 ns	     31567	80006f40	024fbe33	mulhu	x28,x31,x4	 x31:0x767f2600  x4:0xffffffff x28=0x767f25ff
     315715.000 ns	     31570	80006f44	21bf9bd3	fsgnjn.s	f23,f31,f27	 f31:0x00000000 f27:0xcf7ffffe f23=0x00000000
     315745.000 ns	     31573	80006f48	f0050f53	fmv.w.x	f30,x10	 x10:0x00000000 f30=0x00000000
     315775.000 ns	     31576	80006f4c	03075c33	divu	x24,x14,x16	 x14:0x80000000 x16:0x00000000 x24=0xffffffff
     315805.000 ns	     31579	80006f50	02a2d3b3	divu	x7,x5,x10	  x5:0x00000000 x10:0x00000000  x7=0xffffffff
     315835.000 ns	     31582	80006f54	02df8c33	mul	x24,x31,x13	 x31:0x767f2600 x13:0x00000000 x24=0x00000000
     315855.000 ns	     31584	80006f58	77d58993	addi	x19,x11,1917	 x11:0x00000000 x19=0x0000077d
     315865.000 ns	     31585	80006f5c	e3ccc013	xori	x0,x25,-452	 x25:0xffffffff
     315875.000 ns	     31586	80006f60	002fa6b3	slt	x13,x31,x2	 x31:0x767f2600  x2:0x00000010 x13=0x00000000
     315885.000 ns	     31587	80006f64	005b3eb3	sltu	x29,x22,x5	 x22:0x00000000  x5:0x00000000 x29=0x00000000
     315895.000 ns	     31588	80006f68	00268633	add	x12,x13,x2	 x13:0x00000000  x2:0x00000010 x12=0x00000010
     315915.000 ns	     31590	80006f6c	d01c7ad3	fcvt.s.wu	f21,x24	 x24:0x00000000 f21=0x00000000
     315935.000 ns	     31592	80006f70	415086b3	sub	x13,x1,x21	  x1:0x00000000 x21:0x00000000 x13=0x00000000
     315945.000 ns	     31593	80006f74	00c4d6b3	srl	x13,x9,x12	  x9:0x19a68000 x12:0x00000010 x13=0x000019a6
     315955.000 ns	     31594	80006f78	01a29113	slli	x2,x5,0x1a	  x5:0x00000000  x2=0x00000000
     315965.000 ns	     31595	80006f7c	933c6893	ori	x17,x24,-1741	 x24:0x00000000 x17=0xfffff933
     315975.000 ns	     31596	80006f80	00cb1a93	slli	x21,x22,0xc	 x22:0x00000000 x21=0x00000000
     315995.000 ns	     31598	80006f84	a11e2253	feq.s	x4,f28,f17	 f28:0x7fc00000 f17:0x00000000  x4=0x00000000
     316015.000 ns	     31600	80006f88	50e2b113	sltiu	x2,x5,1294	  x5:0x00000000  x2=0x00000001
     316035.000 ns	     31602	80006f8c	02517333	remu	x6,x2,x5	  x2:0x00000000  x5:0x00000000  x6=0x00000001
     316055.000 ns	     31604	80006f90	e2e74813	xori	x16,x14,-466	 x14:0x80000000 x16=0x7ffffe2e
     316415.000 ns	     31640	80006f94	03c8e7b3	rem	x15,x17,x28	 x17:0xfffff933 x28:0x767f25ff x15=0xfffff933
     316435.000 ns	     31642	80006f98	a20b2313	slti	x6,x22,-1504	 x22:0x00000000  x6=0x00000000
     316445.000 ns	     31643	80006f9c	012f27b3	slt	x15,x30,x18	 x30:0x00000376 x18:0x80041024 x15=0x00000000
     316465.000 ns	     31645	80006fa0	03b4ad33	mulhsu	x26,x9,x27	  x9:0x19a68000 x27:0xffffffff x26=0x19a67fff
     316495.000 ns	     31648	80006fa4	20db13d3	fsgnjn.s	f7,f22,f13	 f22:0x00000000 f13:0x000006e9  f7=0x80000000
     316835.000 ns	     31682	80006fa8	18d43cd3	fdiv.s	f25,f8,f13	  f8:0xceecfe4c f13:0x000006e9 f25=0xff800000
     316865.000 ns	     31685	80006fac	29c09bd3	fmax.s	f23,f1,f28	  f1:0x00000000 f28:0x7fc00000 f23=0x00000000
     316895.000 ns	     31688	80006fb0	a1bea6d3	feq.s	x13,f29,f27	 f29:0x7fc00000 f27:0xcf7ffffe x13=0x00000000
     317265.000 ns	     31725	80006fb4	028066b3	rem	x13,x0,x8	  x0:0x00000000  x8:0xffffffff x13=0x00000000
     317295.000 ns	     31728	80006fb8	03de9fb3	mulh	x31,x29,x29	 x29:0x00000000 x29:0x00000000 x31=0x00000000
     317325.000 ns	     31731	80006fbc	e0091ed3	fclass.s	x29,f18	 f18:0x4f7ffffd x29=0x00000040
     317355.000 ns	     31734	80006fc0	f00a0b53	fmv.w.x	f22,x20	 x20:0x00000000 f22=0x00000000
     317385.000 ns	     31737	80006fc4	e0089fd3	fclass.s	x31,f17	 f17:0x00000000 x31=0x00000010
     317415.000 ns	     31740	80006fc8	02b273b3	remu	x7,x4,x11	  x4:0x00000000 x11:0x00000000  x7=0x00000000
     317445.000 ns	     31743	80006fcc	e0001dd3	fclass.s	x27,f0	  f0:0x7f800000 x27=0x00000080
     317465.000 ns	     31745	80006fd0	016c9f93	slli	x31,x25,0x16	 x25:0xffffffff x31=0xffc00000
     317485.000 ns	     31747	80006fd4	285a81d3	fmin.s	f3,f21,f5	 f21:0x00000000  f5:0x3eecfe4c  f3=0x00000000
     317505.000 ns	     31749	80006fd8	008c9f93	slli	x31,x25,0x8	 x25:0xffffffff x31=0xffffff00
     317515.000 ns	     31750	80006fdc	4198db33	sra	x22,x17,x25	 x17:0xfffff933 x25:0xffffffff x22=0xffffffff
     317535.000 ns	     31752	80006fe0	a0af18d3	flt.s	x17,f30,f10	 f30:0x00000000 f10:0x00000000 x17=0x00000000
     317565.000 ns	     31755	80006fe4	a0fcae53	feq.s	x28,f25,f15	 f25:0xff800000 f15:0x7fc00000 x28=0x00000000
     317595.000 ns	     31758	80006fe8	0319d8b3	divu	x17,x19,x17	 x19:0x0000077d x17:0x00000000 x17=0xffffffff
     317625.000 ns	     31761	80006fec	e00989d3	fmv.x.w	x19,f19	 f19:0x80000000 x19=0x80000000
     317655.000 ns	     31764	80006ff0	02a539b3	mulhu	x19,x10,x10	 x10:0x00000000 x10:0x00000000 x19=0x00000000
     318025.000 ns	     31801	80006ff4	03e163b3	rem	x7,x2,x30	  x2:0x00000001 x30:0x00000376  x7=0x00000001
     318045.000 ns	     31803	80006ff8	7e410817	auipc	x16,0x7e410	 x16=0xfe416ff8
     318075.000 ns	     31806	80006ffc	19897353	fdiv.s	f6,f18,f24	 f18:0x4f7ffffd f24:0x00000000  f6=0x7f800000
     318105.000 ns	     31809	80007000	21130f53	fsgnj.s	f30,f6,f17	  f6:0x7f800000 f17:0x00000000 f30=0x7f800000
     318125.000 ns	     31811	80007004	01a89c33	sll	x24,x17,x26	 x17:0xffffffff x26:0x19a67fff x24=0x80000000
     318145.000 ns	     31813	80007008	e00e0e53	fmv.x.w	x28,f28	 f28:0x7fc00000 x28=0x7fc00000
     318515.000 ns	     31850	8000700c	0236cdb3	div	x27,x13,x3	 x13:0x00000000  x3:0xffffffff x27=0x00000000
     318535.000 ns	     31852	80007010	40de5a13	srai	x20,x28,0xd	 x28:0x7fc00000 x20=0x0003fe00
     318575.000 ns	     31856	80007014	0952f4d3	fsub.s	f9,f5,f21	  f5:0x3eecfe4c f21:0x00000000  f9=0x3eecfe4c
     318595.000 ns	     31858	80007018	40100cb3	sub	x25,x0,x1	  x0:0x00000000  x1:0x00000000 x25=0x00000000
     318625.000 ns	     31861	8000701c	18699f53	fdiv.s	f30,f19,f6	 f19:0x80000000  f6:0x7f800000 f30=0x80000000
     318645.000 ns	     31863	80007020	00e4d993	srli	x19,x9,0xe	  x9:0x19a68000 x19=0x0000669a
     318655.000 ns	     31864	80007024	01a69a33	sll	x20,x13,x26	 x13:0x00000000 x26:0x19a67fff x20=0x00000000
     318665.000 ns	     31865	80007028	4ea0e593	ori	x11,x1,1258	  x1:0x00000000 x11=0x000004ea
     318675.000 ns	     31866	8000702c	00ff6e33	or	x28,x30,x15	 x30:0x00000376 x15:0x00000000 x28=0x00000376
     318685.000 ns	     31867	80007030	1113f893	andi	x17,x7,273	  x7:0x00000001 x17=0x00000001
     318725.000 ns	     31871	80007034	01d87253	fadd.s	f4,f16,f29	 f16:0x4f7ffffe f29:0x7fc00000  f4=0x7fc00000
     318745.000 ns	     31873	80007038	5f363613	sltiu	x12,x12,1523	 x12:0x00000010 x12=0x00000001
     318755.000 ns	     31874	8000703c	c9ae4697	auipc	x13,0xc9ae4	 x13=0x49aeb03c
     319115.000 ns	     31910	80007040	02e3d2b3	divu	x5,x7,x14	  x7:0x00000001 x14:0x80000000  x5=0x00000000
     319135.000 ns	     31912	80007044	406c02b3	sub	x5,x24,x6	 x24:0x80000000  x6:0x00000000  x5=0x80000000
     319165.000 ns	     31915	80007048	580fbfd3	fsqrt.s	f31,f31	 f31:0x00000000 f31=0x00000000
     319195.000 ns	     31918	8000704c	02b425b3	mulhsu	x11,x8,x11	  x8:0xffffffff x11:0x000004ea x11=0xffffffff
     319225.000 ns	     31921	80007050	03942a33	mulhsu	x20,x8,x25	  x8:0xffffffff x25:0x00000000 x20=0x00000000
     319245.000 ns	     31923	80007054	9f704813	xori	x16,x0,-1545	  x0:0x00000000 x16=0xfffff9f7
     319265.000 ns	     31925	80007058	a0c10153	fle.s	x2,f2,f12	  f2:0x7fc00000 f12:0x4f7ffffd  x2=0x00000000
     319285.000 ns	     31927	8000705c	36b54813	xori	x16,x10,875	 x10:0x00000000 x16=0x0000036b
     319295.000 ns	     31928	80007060	37438a13	addi	x20,x7,884	  x7:0x00000001 x20=0x00000375
     319305.000 ns	     31929	80007064	34e3f613	andi	x12,x7,846	  x7:0x00000001 x12=0x00000000
     319315.000 ns	     31930	80007068	007348b3	xor	x17,x6,x7	  x6:0x00000000  x7:0x00000001 x17=0x00000001
     319325.000 ns	     31931	8000706c	95723693	sltiu	x13,x4,-1705	  x4:0x00000000 x13=0x00000001
     319345.000 ns	     31933	80007070	a04e03d3	fle.s	x7,f28,f4	 f28:0x7fc00000  f4:0x7fc00000  x7=0x00000000
     319375.000 ns	     31936	80007074	027c47b3	div	x15,x24,x7	 x24:0x80000000  x7:0x00000001 x15=0xffffffff
     319405.000 ns	     31939	80007078	f00089d3	fmv.w.x	f19,x1	  x1:0x00000000 f19=0x00000000
     319425.000 ns	     31941	8000707c	e2413213	sltiu	x4,x2,-476	  x2:0x00000000  x4=0x00000001
     319445.000 ns	     31943	80007080	03188c33	mul	x24,x17,x17	 x17:0x00000001 x17:0x00000001 x24=0x00000001
     319495.000 ns	     31948	80007084	0057f2d3	fadd.s	f5,f15,f5	 f15:0x7fc00000  f5:0x3eecfe4c  f5=0x7fc00000
     319515.000 ns	     31950	80007088	410086b3	sub	x13,x1,x16	  x1:0x00000000 x16:0x0000036b x13=0xfffffc95
     319525.000 ns	     31951	8000708c	00555f33	srl	x30,x10,x5	 x10:0x00000000  x5:0x80000000 x30=0x00000000
     319545.000 ns	     31953	80007090	03b40cb3	mul	x25,x8,x27	  x8:0xffffffff x27:0x00000000 x25=0x00000000
     319565.000 ns	     31955	80007094	00255a33	srl	x20,x10,x2	 x10:0x00000000  x2:0x00000000 x20=0x00000000
     319585.000 ns	     31957	80007098	21472e53	fsgnjx.s	f28,f14,f20	 f14:0x00000000 f20:0x00000000 f28=0x00000000
     319605.000 ns	     31959	8000709c	419fdf13	srai	x30,x31,0x19	 x31:0xffffff00 x30=0xffffffff
     319615.000 ns	     31960	800070a0	00e19293	slli	x5,x3,0xe	  x3:0xffffffff  x5=0xffffc000
     319625.000 ns	     31961	800070a4	012cb5b3	sltu	x11,x25,x18	 x25:0x00000000 x18:0x80041024 x11=0x00000001
     319985.000 ns	     31997	800070a8	030250b3	divu	x1,x4,x16	  x4:0x00000001 x16:0x0000036b  x1=0x00000000
     320015.000 ns	     32000	800070ac	036e12b3	mulh	x5,x28,x22	 x28:0x00000376 x22:0xffffffff  x5=0xffffffff
     320045.000 ns	     32003	800070b0	20d605d3	fsgnj.s	f11,f12,f13	 f12:0x4f7ffffd f13:0x000006e9 f11=0x4f7ffffd
     320075.000 ns	     32006	800070b4	29bc92d3	fmax.s	f5,f25,f27	 f25:0xff800000 f27:0xcf7ffffe  f5=0xcf7ffffe
     320095.000 ns	     32008	800070b8	012fda93	srli	x21,x31,0x12	 x31:0xffffff00 x21=0x00003fff
     320115.000 ns	     32010	800070bc	c013ff53	fcvt.wu.s	x30,f7	  f7:0x80000000 x30=0x00000000
     320145.000 ns	     32013	800070c0	a1ec87d3	fle.s	x15,f25,f30	 f25:0xff800000 f30:0x80000000 x15=0x00000001
     320165.000 ns	     32015	800070c4	00a2f8b3	and	x17,x5,x10	  x5:0xffffffff x10:0x00000000 x17=0x00000000
     320185.000 ns	     32017	800070c8	f00704d3	fmv.w.x	f9,x14	 x14:0x80000000  f9=0x80000000
     320205.000 ns	     32019	800070cc	ea7c2a13	slti	x20,x24,-345	 x24:0x00000001 x20=0x00000000
     320225.000 ns	     32021	800070d0	a0b611d3	flt.s	x3,f12,f11	 f12:0x4f7ffffd f11:0x4f7ffffd  x3=0x00000000
     320595.000 ns	     32058	800070d4	028fc633	div	x12,x31,x8	 x31:0xffffff00  x8:0xffffffff x12=0x00000100
     320615.000 ns	     32060	800070d8	ffc0ae37	lui	x28,0xffc0a	 x28=0xffc0a000
     320625.000 ns	     32061	800070dc	ea957437	lui	x8,0xea957	  x8=0xea957000
     320645.000 ns	     32063	800070e0	20372153	fsgnjx.s	f2,f14,f3	 f14:0x00000000  f3:0x00000000  f2=0x00000000
     320675.000 ns	     32066	800070e4	031aaf33	mulhsu	x30,x21,x17	 x21:0x00003fff x17:0x00000000 x30=0x00000000
     320705.000 ns	     32069	800070e8	0219ceb3	div	x29,x19,x1	 x19:0x0000669a  x1:0x00000000 x29=0xffffffff
     320725.000 ns	     32071	800070ec	4be0e813	ori	x16,x1,1214	  x1:0x00000000 x16=0x000004be
     321895.000 ns	     32188	800070f0	5806f2d3	fsqrt.s	f5,f13	 f13:0x000006e9  f5=0x1f350e4a
     321915.000 ns	     32190	800070f4	4183d1b3	sra	x3,x7,x24	  x7:0x00000000 x24:0x00000001  x3=0x00000000
     322275.000 ns	     32226	800070f8	02c3c333	div	x6,x7,x12	  x7:0x00000000 x12:0x00000100  x6=0x00000000
     322305.000 ns	     32229	800070fc	a1e688d3	fle.s	x17,f13,f30	 f13:0x000006e9 f30:0x80000000 x17=0x00000000
     322675.000 ns	     32266	80007100	029fd0b3	divu	x1,x31,x9	 x31:0xffffff00  x9:0x19a68000  x1=0x00000009
     322695.000 ns	     32268	80007104	007721b3	slt	x3,x14,x7	 x14:0x80000000  x7:0x00000000  x3=0x00000001
     322715.000 ns	     32270	80007108	a0c792d3	flt.s	x5,f15,f12	 f15:0x7fc00000 f12:0x4f7ffffd  x5=0x00000000
     322745.000 ns	     32273	8000710c	20fb15d3	fsgnjn.s	f11,f22,f15	 f22:0x00000000 f15:0x7fc00000 f11=0x80000000
     322785.000 ns	     32277	80007110	19c875d3	fdiv.s	f11,f16,f28	 f16:0x4f7ffffe f28:0x00000000 f11=0x7f800000
     322805.000 ns	     32279	80007114	0045bdb3	sltu	x27,x11,x4	 x11:0x00000001  x4:0x00000001 x27=0x00000000
     323165.000 ns	     32315	80007118	0231e8b3	rem	x17,x3,x3	  x3:0x00000001  x3:0x00000001 x17=0x00000000
     323185.000 ns	     32317	8000711c	2c107e93	andi	x29,x0,705	  x0:0x00000000 x29=0x00000000
     323195.000 ns	     32318	80007120	009d18b3	sll	x17,x26,x9	 x26:0x19a67fff  x9:0x19a68000 x17=0x19a67fff
     323215.000 ns	     32320	80007124	f0070853	fmv.w.x	f16,x14	 x14:0x80000000 f16=0x80000000
     323245.000 ns	     32323	80007128	d001b9d3	fcvt.s.w	f19,x3	  x3:0x00000001 f19=0x3f800000
     323265.000 ns	     32325	8000712c	40c3d3b3	sra	x7,x7,x12	  x7:0x00000000 x12:0x00000100  x7=0x00000000
     323275.000 ns	     32326	80007130	b228ca97	auipc	x21,0xb228c	 x21=0x32293130
     323285.000 ns	     32327	80007134	f658a2b7	lui	x5,0xf658a	  x5=0xf658a000
     323295.000 ns	     32328	80007138	01271513	slli	x10,x14,0x12	 x14:0x80000000 x10=0x00000000
     323335.000 ns	     32332	8000713c	08417ed3	fsub.s	f29,f2,f4	  f2:0x00000000  f4:0x7fc00000 f29=0x7fc00000
     323355.000 ns	     32334	80007140	01062e33	slt	x28,x12,x16	 x12:0x00000100 x16:0x000004be x28=0x00000001
     323375.000 ns	     32336	80007144	a17782d3	fle.s	x5,f15,f23	 f15:0x7fc00000 f23:0x00000000  x5=0x00000000
     323405.000 ns	     32339	80007148	03b915b3	mulh	x11,x18,x27	 x18:0x80041024 x27:0x00000000 x11=0x00000000
     323435.000 ns	     32342	8000714c	f00581d3	fmv.w.x	f3,x11	 x11:0x00000001  f3=0x00000000
     323465.000 ns	     32345	80007150	211d9dd3	fsgnjn.s	f27,f27,f17	 f27:0xcf7ffffe f17:0x00000000 f27=0xcf7ffffe
     323485.000 ns	     32347	80007154	01e847b3	xor	x15,x16,x30	 x16:0x000004be x30:0x00000000 x15=0x000004be
     323525.000 ns	     32351	80007158	0801f9d3	fsub.s	f19,f3,f0	  f3:0x00000000  f0:0x7f800000 f19=0xff800000
     323545.000 ns	     32353	8000715c	8a908a93	addi	x21,x1,-1879	  x1:0x00000009 x21=0xfffff8b2
     323555.000 ns	     32354	80007160	00ba5413	srli	x8,x20,0xb	 x20:0x00000000  x8=0x00000000
     323565.000 ns	     32355	80007164	00e4a233	slt	x4,x9,x14	  x9:0x19a68000 x14:0x80000000  x4=0x00000000
     323575.000 ns	     32356	80007168	01b977b3	and	x15,x18,x27	 x18:0x80041024 x27:0x00000000 x15=0x00000000
     323595.000 ns	     32358	8000716c	a1b617d3	flt.s	x15,f12,f27	 f12:0x4f7ffffd f27:0xcf7ffffe x15=0x00000000
     323625.000 ns	     32361	80007170	20780653	fsgnj.s	f12,f16,f7	 f16:0x80000000  f7:0x80000000 f12=0x80000000
     323655.000 ns	     32364	80007174	29e98a53	fmin.s	f20,f19,f30	 f19:0xff800000 f30:0x80000000 f20=0xff800000
     323685.000 ns	     32367	80007178	e00f8253	fmv.x.w	x4,f31	 f31:0x00000000  x4=0x00000000
     324055.000 ns	     32404	8000717c	036f6a33	rem	x20,x30,x22	 x30:0x00000000 x22:0xffffffff x20=0x00000000
     324085.000 ns	     32407	80007180	d015f7d3	fcvt.s.wu	f15,x11	 x11:0x00000000 f15=0x00000000
     324105.000 ns	     32409	80007184	0074d633	srl	x12,x9,x7	  x9:0x19a68000  x7:0x00000000 x12=0x19a68000
     324125.000 ns	     32411	80007188	29519f53	fmax.s	f30,f3,f21	  f3:0x00000000 f21:0x00000000 f30=0x00000000
     324495.000 ns	     32448	8000718c	02d643b3	div	x7,x12,x13	 x12:0x00000100 x13:0xfffffc95  x7=0xfff87ed5
     324525.000 ns	     32451	80007190	a1e61453	flt.s	x8,f12,f30	 f12:0x80000000 f30:0x00000000  x8=0x00000000
     324545.000 ns	     32453	80007194	00cf9093	slli	x1,x31,0xc	 x31:0xffffff00  x1=0xfff00000
     324555.000 ns	     32454	80007198	0095fc33	and	x24,x11,x9	 x11:0x00000000  x9:0x19a68000 x24=0x00000000
     324575.000 ns	     32456	8000719c	21898053	fsgnj.s	f0,f19,f24	 f19:0xff800000 f24:0x00000000  f0=0x7f800000
     324605.000 ns	     32459	800071a0	e00d01d3	fmv.x.w	x3,f26	 f26:0x00000000  x3=0x00000000
     324635.000 ns	     32462	800071a4	20fc1a53	fsgnjn.s	f20,f24,f15	 f24:0x00000000 f15:0x00000000 f20=0x80000000
     324655.000 ns	     32464	800071a8	00bdc333	xor	x6,x27,x11	 x27:0x00000000 x11:0x00000000  x6=0x00000000
     324675.000 ns	     32466	800071ac	02702833	mulhsu	x16,x0,x7	  x0:0x00000000  x7:0xfff87ed5 x16=0x00000000
     324705.000 ns	     32469	800071b0	c012f8d3	fcvt.wu.s	x17,f5	  f5:0x1f350e4a x17=0x00000000
     324755.000 ns	     32474	800071b4	0068fc53	fadd.s	f24,f17,f6	 f17:0x00000000  f6:0x7f800000 f24=0x7f800000
     324795.000 ns	     32478	800071b8	100378d3	fmul.s	f17,f6,f0	  f6:0x7f800000  f0:0x7f800000 f17=0x7f800000
     324825.000 ns	     32481	800071bc	03c730b3	mulhu	x1,x14,x28	 x14:0x80000000 x28:0x00000001  x1=0x00000000
     324865.000 ns	     32485	800071c0	181ef3d3	fdiv.s	f7,f29,f1	 f29:0x7fc00000  f1:0x00000000  f7=0x7fc00000
     324885.000 ns	     32487	800071c4	003e3133	sltu	x2,x28,x3	 x28:0x00000001  x3:0x00000000  x2=0x00000000
     324895.000 ns	     32488	800071c8	400dd1b3	sra	x3,x27,x0	 x27:0x00000000  x0:0x00000000  x3=0x00000000
     324915.000 ns	     32490	800071cc	026f08b3	mul	x17,x30,x6	 x30:0x00000000  x6:0x00000000 x17=0x00000000
     324945.000 ns	     32493	800071d0	d0187853	fcvt.s.wu	f16,x16	 x16:0x00000000 f16=0x00000000
     324965.000 ns	     32495	800071d4	41375793	srai	x15,x14,0x13	 x14:0x80000000 x15=0xfffff000
     324985.000 ns	     32497	800071d8	c00ffad3	fcvt.w.s	x21,f31	 f31:0x00000000 x21=0x00000000
     325005.000 ns	     32499	800071dc	417685b3	sub	x11,x13,x23	 x13:0xfffffc95 x23:0x80040fe4 x11=0x7ffbecb1
     325025.000 ns	     32501	800071e0	d01079d3	fcvt.s.wu	f19,x0	  x0:0x00000000 f19=0x00000000
     325045.000 ns	     32503	800071e4	41285813	srai	x16,x16,0x12	 x16:0x00000000 x16=0x00000000
     325055.000 ns	     32504	800071e8	409dde93	srai	x29,x27,0x9	 x27:0x00000000 x29=0x00000000
     325075.000 ns	     32506	800071ec	d00577d3	fcvt.s.w	f15,x10	 x10:0x00000000 f15=0x00000000
     325095.000 ns	     32508	800071f0	00076eb3	or	x29,x14,x0	 x14:0x80000000  x0:0x00000000 x29=0x80000000
     325125.000 ns	     32511	800071f4	19ff21d3	fdiv.s	f3,f30,f31	 f30:0x00000000 f31:0x00000000  f3=0x7fc00000
     325145.000 ns	     32513	800071f8	00061a33	sll	x20,x12,x0	 x12:0x19a68000  x0:0x00000000 x20=0x19a68000
     325185.000 ns	     32517	800071fc	08547053	fsub.s	f0,f8,f5	  f8:0xceecfe4c  f5:0x1f350e4a  f0=0xceecfe4c
     325215.000 ns	     32520	80007200	0269eeb3	rem	x29,x19,x6	 x19:0x0000669a  x6:0x00000000 x29=0x0000669a
     325245.000 ns	     32523	80007204	297c1753	fmax.s	f14,f24,f23	 f24:0x7f800000 f23:0x00000000 f14=0x7f800000
     325275.000 ns	     32526	80007208	f00783d3	fmv.w.x	f7,x15	 x15:0xfffff000  f7=0xfffff000
     325305.000 ns	     32529	8000720c	a0ba0353	fle.s	x6,f20,f11	 f20:0x80000000 f11:0x7f800000  x6=0x00000001
     325325.000 ns	     32531	80007210	40d70cb3	sub	x25,x14,x13	 x14:0x80000000 x13:0xfffffc95 x25=0x8000036b
     325345.000 ns	     32533	80007214	e0048ad3	fmv.x.w	x21,f9	  f9:0x80000000 x21=0x80000000
     325375.000 ns	     32536	80007218	2195a453	fsgnjx.s	f8,f11,f25	 f11:0x7f800000 f25:0xff800000  f8=0xff800000
     325395.000 ns	     32538	8000721c	012b9513	slli	x10,x23,0x12	 x23:0x80040fe4 x10=0x3f900000
     325415.000 ns	     32540	80007220	286a9b53	fmax.s	f22,f21,f6	 f21:0x00000000  f6:0x7f800000 f22=0x7f800000
     325445.000 ns	     32543	80007224	a11d8853	fle.s	x16,f27,f17	 f27:0xcf7ffffe f17:0x7f800000 x16=0x00000001
     325465.000 ns	     32545	80007228	00299c33	sll	x24,x19,x2	 x19:0x0000669a  x2:0x00000000 x24=0x0000669a
     325485.000 ns	     32547	8000722c	20e925d3	fsgnjx.s	f11,f18,f14	 f18:0x4f7ffffd f14:0x7f800000 f11=0x4f7ffffd
     325505.000 ns	     32549	80007230	4024d293	srai	x5,x9,0x2	  x9:0x19a68000  x5=0x0669a000
     325525.000 ns	     32551	80007234	a02b0ed3	fle.s	x29,f22,f2	 f22:0x7f800000  f2:0x00000000 x29=0x00000000
     325565.000 ns	     32555	80007238	18bcf3d3	fdiv.s	f7,f25,f11	 f25:0xff800000 f11:0x4f7ffffd  f7=0xff800000
     325585.000 ns	     32557	8000723c	01355793	srli	x15,x10,0x13	 x10:0x3f900000 x15=0x000007f2
     325615.000 ns	     32560	80007240	58047453	fsqrt.s	f8,f8	  f8:0xff800000  f8=0x7fc00000
     325645.000 ns	     32563	80007244	027c2eb3	mulhsu	x29,x24,x7	 x24:0x0000669a  x7:0xfff87ed5 x29=0x00006696
     325675.000 ns	     32566	80007248	f0070453	fmv.w.x	f8,x14	 x14:0x80000000  f8=0x80000000
     325695.000 ns	     32568	8000724c	04e68193	addi	x3,x13,78	 x13:0xfffffc95  x3=0xfffffce3
     325715.000 ns	     32570	80007250	20ea2dd3	fsgnjx.s	f27,f20,f14	 f20:0x80000000 f14:0x7f800000 f27=0x80000000
     325755.000 ns	     32574	80007254	58018fd3	fsqrt.s	f31,f3	  f3:0x7fc00000 f31=0x7fc00000
     325775.000 ns	     32576	80007258	01e981b3	add	x3,x19,x30	 x19:0x0000669a x30:0x00000000  x3=0x0000669a
     325795.000 ns	     32578	8000725c	c0048dd3	fcvt.w.s	x27,f9	  f9:0x80000000 x27=0x00000000
     325825.000 ns	     32581	80007260	a1220353	fle.s	x6,f4,f18	  f4:0x7fc00000 f18:0x4f7ffffd  x6=0x00000000
     325845.000 ns	     32583	80007264	40205133	sra	x2,x0,x2	  x0:0x00000000  x2:0x00000000  x2=0x00000000
     325855.000 ns	     32584	80007268	00d166b3	or	x13,x2,x13	  x2:0x00000000 x13:0xfffffc95 x13=0xfffffc95
     325875.000 ns	     32586	8000726c	20c7a153	fsgnjx.s	f2,f15,f12	 f15:0x00000000 f12:0x80000000  f2=0x80000000
     325905.000 ns	     32589	80007270	28789f53	fmax.s	f30,f17,f7	 f17:0x7f800000  f7:0xff800000 f30=0x7f800000
     325935.000 ns	     32592	80007274	a1d22153	feq.s	x2,f4,f29	  f4:0x7fc00000 f29:0x7fc00000  x2=0x00000000
     325985.000 ns	     32597	80007278	00d3f6d3	fadd.s	f13,f7,f13	  f7:0xff800000 f13:0x000006e9 f13=0xff800000
     326015.000 ns	     32600	8000727c	a05817d3	flt.s	x15,f16,f5	 f16:0x00000000  f5:0x1f350e4a x15=0x00000001
     326035.000 ns	     32602	80007280	005512b3	sll	x5,x10,x5	 x10:0x3f900000  x5:0x0669a000  x5=0x3f900000
     326045.000 ns	     32603	80007284	f59b4d97	auipc	x27,0xf59b4	 x27=0x759bb284
     326065.000 ns	     32605	80007288	028632b3	mulhu	x5,x12,x8	 x12:0x19a68000  x8:0x00000000  x5=0x00000000
     326085.000 ns	     32607	8000728c	4061d4b3	sra	x9,x3,x6	  x3:0x0000669a  x6:0x00000000  x9=0x0000669a
     326105.000 ns	     32609	80007290	20551ad3	fsgnjn.s	f21,f10,f5	 f10:0x00000000  f5:0x1f350e4a f21=0x80000000
     326135.000 ns	     32612	80007294	0223aeb3	mulhsu	x29,x7,x2	  x7:0xfff87ed5  x2:0x00000000 x29=0x00000000
     326165.000 ns	     32615	80007298	291e1253	fmax.s	f4,f28,f17	 f28:0x00000000 f17:0x7f800000  f4=0x7f800000
     326185.000 ns	     32617	8000729c	1c2b4213	xori	x4,x22,450	 x22:0xffffffff  x4=0xfffffe3d
     326195.000 ns	     32618	800072a0	beb93813	sltiu	x16,x18,-1045	 x18:0x80041024 x16=0x00000001
     326225.000 ns	     32621	800072a4	183c75d3	fdiv.s	f11,f24,f3	 f24:0x7f800000  f3:0x7fc00000 f11=0x7fc00000
     326255.000 ns	     32624	800072a8	03ee0f33	mul	x30,x28,x30	 x28:0x00000001 x30:0x00000000 x30=0x00000000
     326275.000 ns	     32626	800072ac	012bc3b3	xor	x7,x23,x18	 x23:0x80040fe4 x18:0x80041024  x7=0x00001fc0
     326295.000 ns	     32628	800072b0	28d20ad3	fmin.s	f21,f4,f13	  f4:0x7f800000 f13:0xff800000 f21=0xff800000
     326325.000 ns	     32631	800072b4	c0117ed3	fcvt.wu.s	x29,f2	  f2:0x80000000 x29=0x00000000
     326355.000 ns	     32634	800072b8	21c98cd3	fsgnj.s	f25,f19,f28	 f19:0x00000000 f28:0x00000000 f25=0x00000000
     326385.000 ns	     32637	800072bc	d01e7653	fcvt.s.wu	f12,x28	 x28:0x00000001 f12=0x3f800000
     326415.000 ns	     32640	800072c0	02c19e33	mulh	x28,x3,x12	  x3:0x0000669a x12:0x19a68000 x28=0x00000a47
     326785.000 ns	     32677	800072c4	0332ff33	remu	x30,x5,x19	  x5:0x00000000 x19:0x0000669a x30=0x00000000
     326815.000 ns	     32680	800072c8	f0098cd3	fmv.w.x	f25,x19	 x19:0x0000669a f25=0x0000669a
     326835.000 ns	     32682	800072cc	f14ed297	auipc	x5,0xf14ed	  x5=0x714f42cc
     327195.000 ns	     32718	800072d0	03724e33	div	x28,x4,x23	  x4:0xfffffe3d x23:0x80040fe4 x28=0x00000000
     327215.000 ns	     32720	800072d4	00ef53b3	srl	x7,x30,x14	 x30:0x00000000 x14:0x80000000  x7=0x00000000
     327225.000 ns	     32721	800072d8	0061c6b3	xor	x13,x3,x6	  x3:0x0000669a  x6:0x00000000 x13=0x0000669a
     327245.000 ns	     32723	800072dc	02149ab3	mulh	x21,x9,x1	  x9:0x0000669a  x1:0x00000000 x21=0x00000000
     327265.000 ns	     32725	800072e0	01840a33	add	x20,x8,x24	  x8:0x00000000 x24:0x0000669a x20=0x0000669a
     327285.000 ns	     32727	800072e4	d01cf7d3	fcvt.s.wu	f15,x25	 x25:0x8000036b f15=0x4f000003
     327305.000 ns	     32729	800072e8	01b76db3	or	x27,x14,x27	 x14:0x80000000 x27:0x759bb284 x27=0xf59bb284
     327315.000 ns	     32730	800072ec	40dcd993	srai	x19,x25,0xd	 x25:0x8000036b x19=0xfffc0000
     327325.000 ns	     32731	800072f0	40685313	srai	x6,x16,0x6	 x16:0x00000001  x6=0x00000000
     327365.000 ns	     32735	800072f4	09d1f0d3	fsub.s	f1,f3,f29	  f3:0x7fc00000 f29:0x7fc00000  f1=0x7fc00000
     327385.000 ns	     32737	800072f8	00f3b1b3	sltu	x3,x7,x15	  x7:0x00000000 x15:0x00000001  x3=0x00000001
     327395.000 ns	     32738	800072fc	1337b013	sltiu	x0,x15,307	 x15:0x00000001
     327755.000 ns	     32774	80007300	0395ffb3	remu	x31,x11,x25	 x11:0x7ffbecb1 x25:0x8000036b x31=0x7ffbecb1
     327785.000 ns	     32777	80007304	21c4a0d3	fsgnjx.s	f1,f9,f28	  f9:0x80000000 f28:0x00000000  f1=0x80000000
     327805.000 ns	     32779	80007308	016927b3	slt	x15,x18,x22	 x18:0x80041024 x22:0xffffffff x15=0x00000001
     327815.000 ns	     32780	8000730c	4016d813	srai	x16,x13,0x1	 x13:0x0000669a x16=0x0000334d
     327835.000 ns	     32782	80007310	21a68153	fsgnj.s	f2,f13,f26	 f13:0xff800000 f26:0x00000000  f2=0x7f800000
     327855.000 ns	     32784	80007314	017d6d33	or	x26,x26,x23	 x26:0x19a67fff x23:0x80040fe4 x26=0x99a67fff
     327875.000 ns	     32786	80007318	20260cd3	fsgnj.s	f25,f12,f2	 f12:0x3f800000  f2:0x7f800000 f25=0x3f800000
     327905.000 ns	     32789	8000731c	205a0853	fsgnj.s	f16,f20,f5	 f20:0x80000000  f5:0x1f350e4a f16=0x00000000
     327935.000 ns	     32792	80007320	219aab53	fsgnjx.s	f22,f21,f25	 f21:0xff800000 f25:0x3f800000 f22=0xff800000
     328305.000 ns	     32829	80007324	02e94633	div	x12,x18,x14	 x18:0x80041024 x14:0x80000000 x12=0x00000000
     328325.000 ns	     32831	80007328	91002893	slti	x17,x0,-1776	  x0:0x00000000 x17=0x00000000
     328335.000 ns	     32832	8000732c	0044f0b3	and	x1,x9,x4	  x9:0x0000669a  x4:0xfffffe3d  x1=0x00006618
     328355.000 ns	     32834	80007330	c0187ad3	fcvt.wu.s	x21,f16	 f16:0x00000000 x21=0x00000000
     328385.000 ns	     32837	80007334	21c4a2d3	fsgnjx.s	f5,f9,f28	  f9:0x80000000 f28:0x00000000  f5=0x80000000
     328405.000 ns	     32839	80007338	6b65b293	sltiu	x5,x11,1718	 x11:0x7ffbecb1  x5=0x00000000
     328425.000 ns	     32841	8000733c	028232b3	mulhu	x5,x4,x8	  x4:0xfffffe3d  x8:0x00000000  x5=0x00000000
     328455.000 ns	     32844	80007340	a03e2e53	feq.s	x28,f28,f3	 f28:0x00000000  f3:0x7fc00000 x28=0x00000000
     328485.000 ns	     32847	80007344	29460bd3	fmin.s	f23,f12,f20	 f12:0x3f800000 f20:0x80000000 f23=0x80000000
     328515.000 ns	     32850	80007348	a0f81853	flt.s	x16,f16,f15	 f16:0x00000000 f15:0x4f000003 x16=0x00000001
     328545.000 ns	     32853	8000734c	03e35833	divu	x16,x6,x30	  x6:0x00000000 x30:0x00000000 x16=0xffffffff
     328565.000 ns	     32855	80007350	40f75993	srai	x19,x14,0xf	 x14:0x80000000 x19=0xffff0000
     328585.000 ns	     32857	80007354	21e61d53	fsgnjn.s	f26,f12,f30	 f12:0x3f800000 f30:0x7f800000 f26=0xbf800000
     328615.000 ns	     32860	80007358	02ee3eb3	mulhu	x29,x28,x14	 x28:0x00000000 x14:0x80000000 x29=0x00000000
     328635.000 ns	     32862	8000735c	41f65693	srai	x13,x12,0x1f	 x12:0x00000000 x13=0x00000000
     328645.000 ns	     32863	80007360	00195ab3	srl	x21,x18,x1	 x18:0x80041024  x1:0x00006618 x21=0x00000080
     328665.000 ns	     32865	80007364	c01d3553	fcvt.wu.s	x10,f26	 f26:0xbf800000 x10=0x00000001
     328685.000 ns	     32867	80007368	001fa6b3	slt	x13,x31,x1	 x31:0x7ffbecb1  x1:0x00006618 x13=0x00000000
     328695.000 ns	     32868	8000736c	6a0c7513	andi	x10,x24,1696	 x24:0x0000669a x10=0x00000680
     328705.000 ns	     32869	80007370	0109a3b3	slt	x7,x19,x16	 x19:0xffff0000 x16:0xffffffff  x7=0x00000001
     328715.000 ns	     32870	80007374	002065b3	or	x11,x0,x2	  x0:0x00000000  x2:0x00000000 x11=0x00000000
     328745.000 ns	     32873	80007378	580e0fd3	fsqrt.s	f31,f28	 f28:0x00000000 f31=0x00000000
     328765.000 ns	     32875	8000737c	41d20eb3	sub	x29,x4,x29	  x4:0xfffffe3d x29:0x00000000 x29=0xfffffe3d
     328785.000 ns	     32877	80007380	20c7a7d3	fsgnjx.s	f15,f15,f12	 f15:0x4f000003 f12:0x3f800000 f15=0x4f000003
     328805.000 ns	     32879	80007384	01a83633	sltu	x12,x16,x26	 x16:0xffffffff x26:0x99a67fff x12=0x00000000
     328825.000 ns	     32881	80007388	034f2db3	mulhsu	x27,x30,x20	 x30:0x00000000 x20:0x0000669a x27=0x00000000
     328855.000 ns	     32884	8000738c	a0830cd3	fle.s	x25,f6,f8	  f6:0x7f800000  f8:0x80000000 x25=0x00000000
     328885.000 ns	     32887	80007390	21302ad3	fsgnjx.s	f21,f0,f19	  f0:0xceecfe4c f19:0x00000000 f21=0xceecfe4c
     328915.000 ns	     32890	80007394	21640d53	fsgnj.s	f26,f8,f22	  f8:0x80000000 f22:0xff800000 f26=0x80000000
     328935.000 ns	     32892	80007398	003bccb3	xor	x25,x23,x3	 x23:0x80040fe4  x3:0x00000001 x25=0x80040fe5
     328955.000 ns	     32894	8000739c	c00ef453	fcvt.w.s	x8,f29	 f29:0x7fc00000  x8=0x7fffffff
     329005.000 ns	     32899	800073a0	0030c953	fadd.s	f18,f1,f3	  f1:0x80000000  f3:0x7fc00000 f18=0x7fc00000
     329035.000 ns	     32902	800073a4	03c7a333	mulhsu	x6,x15,x28	 x15:0x00000001 x28:0x00000000  x6=0x00000000
     329055.000 ns	     32904	800073a8	00b522b3	slt	x5,x10,x11	 x10:0x00000680 x11:0x00000000  x5=0x00000000
     329075.000 ns	     32906	800073ac	a1f9ab53	feq.s	x22,f19,f31	 f19:0x00000000 f31:0x00000000 x22=0x00000001
     329095.000 ns	     32908	800073b0	59f27f13	andi	x30,x4,1439	  x4:0xfffffe3d x30=0x0000041d
     329115.000 ns	     32910	800073b4	03b96433	rem	x8,x18,x27	 x18:0x80041024 x27:0x00000000  x8=0x80041024
     329135.000 ns	     32912	800073b8	003a9eb3	sll	x29,x21,x3	 x21:0x00000080  x3:0x00000001 x29=0x00000100
     329155.000 ns	     32914	800073bc	d01cf053	fcvt.s.wu	f0,x25	 x25:0x80040fe5  f0=0x4f00040f
     329175.000 ns	     32916	800073c0	e3177213	andi	x4,x14,-463	 x14:0x80000000  x4=0x80000000
     329195.000 ns	     32918	800073c4	2023a2d3	fsgnjx.s	f5,f7,f2	  f7:0xff800000  f2:0x7f800000  f5=0xff800000
     329225.000 ns	     32921	800073c8	a05905d3	fle.s	x11,f18,f5	 f18:0x7fc00000  f5:0x80000000 x11=0x00000000
     329255.000 ns	     32924	800073cc	03709f33	mulh	x30,x1,x23	  x1:0x00006618 x23:0x80040fe4 x30=0xffffccf5
     329275.000 ns	     32926	800073d0	e85c6097	auipc	x1,0xe85c6	  x1=0x685cd3d0
     329305.000 ns	     32929	800073d4	192206d3	fdiv.s	f13,f4,f18	  f4:0x7f800000 f18:0x7fc00000 f13=0x7fc00000
     329335.000 ns	     32932	800073d8	f0070a53	fmv.w.x	f20,x14	 x14:0x80000000 f20=0x80000000
     329365.000 ns	     32935	800073dc	d005c153	fcvt.s.w	f2,x11	 x11:0x00000000  f2=0x00000000
     329415.000 ns	     32940	800073e0	01d2aed3	fadd.s	f29,f5,f29	  f5:0xff800000 f29:0x7fc00000 f29=0x7fc00000
     329445.000 ns	     32943	800073e4	a072a6d3	feq.s	x13,f5,f7	  f5:0xff800000  f7:0xff800000 x13=0x00000001
     329465.000 ns	     32945	800073e8	05dbcf13	xori	x30,x23,93	 x23:0x80040fe4 x30=0x80040fb9
     329485.000 ns	     32947	800073ec	02882133	mulhsu	x2,x16,x8	 x16:0xffffffff  x8:0x80041024  x2=0xffffffff
     329515.000 ns	     32950	800073f0	c00e3ed3	fcvt.w.s	x29,f28	 f28:0x00000000 x29=0x00000000
     329545.000 ns	     32953	800073f4	021220b3	mulhsu	x1,x4,x1	  x4:0x80000000  x1:0x685cd3d0  x1=0xcbd19618
     329565.000 ns	     32955	800073f8	a4062113	slti	x2,x12,-1472	 x12:0x00000000  x2=0x00000000
     329585.000 ns	     32957	800073fc	a1cf02d3	fle.s	x5,f30,f28	 f30:0x7f800000 f28:0x00000000  x5=0x00000000
     329625.000 ns	     32961	80007400	58047153	fsqrt.s	f2,f8	  f8:0x80000000  f2=0x80000000
     329655.000 ns	     32964	80007404	28de92d3	fmax.s	f5,f29,f13	 f29:0x7fc00000 f13:0x7fc00000  f5=0x7fc00000
     329675.000 ns	     32966	80007408	b0bc34b7	lui	x9,0xb0bc3	  x9=0xb0bc3000
     329685.000 ns	     32967	8000740c	4707cc93	xori	x25,x15,1136	 x15:0x00000001 x25=0x00000471
     329705.000 ns	     32969	80007410	28e21ad3	fmax.s	f21,f4,f14	  f4:0x7f800000 f14:0x7f800000 f21=0x7f800000
     329725.000 ns	     32971	80007414	00019db3	sll	x27,x3,x0	  x3:0x00000001  x0:0x00000000 x27=0x00000001
     329765.000 ns	     32975	80007418	01b1fc53	fadd.s	f24,f3,f27	  f3:0x7fc00000 f27:0x80000000 f24=0x7fc00000
     329795.000 ns	     32978	8000741c	20b8add3	fsgnjx.s	f27,f17,f11	 f17:0x7f800000 f11:0x7fc00000 f27=0x7f800000
     329815.000 ns	     32980	80007420	401d0eb3	sub	x29,x26,x1	 x26:0x99a67fff  x1:0xcbd19618 x29=0xcdd4e9e7
     329825.000 ns	     32981	80007424	0020f033	and	x0,x1,x2	  x1:0xcbd19618  x2:0x00000000
     329855.000 ns	     32984	80007428	58023c53	fsqrt.s	f24,f4	  f4:0x7f800000 f24=0x7f800000
     329875.000 ns	     32986	8000742c	40bb5593	srai	x11,x22,0xb	 x22:0x00000001 x11=0x00000000
     329895.000 ns	     32988	80007430	e00f0253	fmv.x.w	x4,f30	 f30:0x7f800000  x4=0x7f800000
     329925.000 ns	     32991	80007434	03cc0e33	mul	x28,x24,x28	 x24:0x0000669a x28:0x00000000 x28=0x00000000
     329955.000 ns	     32994	80007438	e0088b53	fmv.x.w	x22,f17	 f17:0x7f800000 x22=0x7f800000
     329985.000 ns	     32997	8000743c	e0089b53	fclass.s	x22,f17	 f17:0x7f800000 x22=0x00000080
     330355.000 ns	     33034	80007440	03f864b3	rem	x9,x16,x31	 x16:0xffffffff x31:0x7ffbecb1  x9=0xffffffff
     330385.000 ns	     33037	80007444	e00b8fd3	fmv.x.w	x31,f23	 f23:0x80000000 x31=0x80000000
     330405.000 ns	     33039	80007448	5140fd13	andi	x26,x1,1300	  x1:0xcbd19618 x26=0x00000410
     330425.000 ns	     33041	8000744c	a01a8453	fle.s	x8,f21,f1	 f21:0x7f800000  f1:0x80000000  x8=0x00000000
     330455.000 ns	     33044	80007450	02f8a033	mulhsu	x0,x17,x15	 x17:0x00000000 x15:0x00000001
     330485.000 ns	     33047	80007454	036eb1b3	mulhu	x3,x29,x22	 x29:0xcdd4e9e7 x22:0x00000080  x3=0x00000066
     330505.000 ns	     33049	80007458	0878dfb7	lui	x31,0x878d	 x31=0x0878d000
     330525.000 ns	     33051	8000745c	c01d7ed3	fcvt.wu.s	x29,f26	 f26:0x80000000 x29=0x00000000
     330555.000 ns	     33054	80007460	2185a8d3	fsgnjx.s	f17,f11,f24	 f11:0x7fc00000 f24:0x7f800000 f17=0x7fc00000
     330605.000 ns	     33059	80007464	00137b53	fadd.s	f22,f6,f1	  f6:0x7f800000  f1:0x80000000 f22=0x7f800000
     330625.000 ns	     33061	80007468	01c23333	sltu	x6,x4,x28	  x4:0x7f800000 x28:0x00000000  x6=0x00000000
     330635.000 ns	     33062	8000746c	41fe5f93	srai	x31,x28,0x1f	 x28:0x00000000 x31=0x00000000
     330645.000 ns	     33063	80007470	4175d533	sra	x10,x11,x23	 x11:0x00000000 x23:0x80040fe4 x10=0x00000000
     330665.000 ns	     33065	80007474	e00e95d3	fclass.s	x11,f29	 f29:0x7fc00000 x11=0x00000200
     330695.000 ns	     33068	80007478	d0197d53	fcvt.s.wu	f26,x18	 x18:0x80041024 f26=0x4f000410
     330715.000 ns	     33070	8000747c	41ca06b3	sub	x13,x20,x28	 x20:0x0000669a x28:0x00000000 x13=0x0000669a
     330725.000 ns	     33071	80007480	002094b3	sll	x9,x1,x2	  x1:0xcbd19618  x2:0x00000000  x9=0xcbd19618
     330735.000 ns	     33072	80007484	8204c793	xori	x15,x9,-2016	  x9:0xffffffff x15=0x342e6e38
     331905.000 ns	     33189	80007488	58064253	fsqrt.s	f4,f12	 f12:0x3f800000  f4=0x3f7fffae
     331925.000 ns	     33191	8000748c	a9499437	lui	x8,0xa9499	  x8=0xa9499000
     331935.000 ns	     33192	80007490	01e87ab3	and	x21,x16,x30	 x16:0xffffffff x30:0x80040fb9 x21=0x80040fb9
     331955.000 ns	     33194	80007494	e0058e53	fmv.x.w	x28,f11	 f11:0x7fc00000 x28=0x7fc00000
     331975.000 ns	     33196	80007498	01bc45b3	xor	x11,x24,x27	 x24:0x0000669a x27:0x00000001 x11=0x0000669b
     331995.000 ns	     33198	8000749c	a1282253	feq.s	x4,f16,f18	 f16:0x00000000 f18:0x7fc00000  x4=0x00000000
     332015.000 ns	     33200	800074a0	c630cc93	xori	x25,x1,-925	  x1:0xcbd19618 x25=0x342e6a7b
     332025.000 ns	     33201	800074a4	00f1ac33	slt	x24,x3,x15	  x3:0x00000066 x15:0x342e6e38 x24=0x00000001
     332045.000 ns	     33203	800074a8	297e0ad3	fmin.s	f21,f28,f23	 f28:0x00000000 f23:0x80000000 f21=0x80000000
     332075.000 ns	     33206	800074ac	028a9b33	mulh	x22,x21,x8	 x21:0x80040fb9  x8:0xa9499000 x22=0x2b59d7d2
     332115.000 ns	     33210	800074b0	102af9d3	fmul.s	f19,f21,f2	 f21:0x80000000  f2:0x80000000 f19=0x00000000
     332145.000 ns	     33213	800074b4	c0029c53	fcvt.w.s	x24,f5	  f5:0x7fc00000 x24=0x7fffffff
     332515.000 ns	     33250	800074b8	02d0c133	div	x2,x1,x13	  x1:0xcbd19618 x13:0x0000669a  x2=0xffff7dce
     332535.000 ns	     33252	800074bc	42b97313	andi	x6,x18,1067	 x18:0x80041024  x6=0x00000020
     332555.000 ns	     33254	800074c0	c01dc3d3	fcvt.wu.s	x7,f27	 f27:0x7f800000  x7=0xffffffff
     332585.000 ns	     33257	800074c4	f00300d3	fmv.w.x	f1,x6	  x6:0x00000000  f1=0x00000020
     332615.000 ns	     33260	800074c8	d00c7753	fcvt.s.w	f14,x24	 x24:0x7fffffff f14=0x4effffff
     332985.000 ns	     33297	800074cc	036b68b3	rem	x17,x22,x22	 x22:0x2b59d7d2 x22:0x2b59d7d2 x17=0x00000000
     333015.000 ns	     33300	800074d0	a0c8a153	feq.s	x2,f17,f12	 f17:0x7fc00000 f12:0x3f800000  x2=0x00000000
     333045.000 ns	     33303	800074d4	d00282d3	fcvt.s.w	f5,x5	  x5:0x00000000  f5=0x00000000
     333075.000 ns	     33306	800074d8	c00ff053	fcvt.w.s	x0,f31	 f31:0x00000000
     333105.000 ns	     33309	800074dc	a03b0e53	fle.s	x28,f22,f3	 f22:0x7f800000  f3:0x7fc00000 x28=0x00000000
     333135.000 ns	     33312	800074e0	e00592d3	fclass.s	x5,f11	 f11:0x7fc00000  x5=0x00000200
     333155.000 ns	     33314	800074e4	40e75113	srai	x2,x14,0xe	 x14:0x80000000  x2=0xfffe0000
     333195.000 ns	     33318	800074e8	0977f1d3	fsub.s	f3,f15,f23	 f15:0x4f000003 f23:0x80000000  f3=0x4f000003
     333215.000 ns	     33320	800074ec	023a4a13	xori	x20,x20,35	 x20:0x0000669a x20=0x000066b9
     333235.000 ns	     33322	800074f0	d0107dd3	fcvt.s.wu	f27,x0	  x0:0x00000000 f27=0x00000000
     333255.000 ns	     33324	800074f4	33753993	sltiu	x19,x10,823	 x10:0x00000000 x19=0x00000001
     333275.000 ns	     33326	800074f8	d00bb9d3	fcvt.s.w	f19,x23	 x23:0x80040fe4 f19=0xcefff7e1
     333295.000 ns	     33328	800074fc	fc668293	addi	x5,x13,-58	 x13:0x0000669a  x5=0x00006660
     333315.000 ns	     33330	80007500	f0048d53	fmv.w.x	f26,x9	  x9:0xcbd19618 f26=0xcbd19618
     333345.000 ns	     33333	80007504	d00d9753	fcvt.s.w	f14,x27	 x27:0x00000001 f14=0x3f800000
     333365.000 ns	     33335	80007508	18392013	slti	x0,x18,387	 x18:0x80041024
     333385.000 ns	     33337	8000750c	a0731fd3	flt.s	x31,f6,f7	  f6:0x7f800000  f7:0xff800000 x31=0x00000000
     333405.000 ns	     33339	80007510	0015cab3	xor	x21,x11,x1	 x11:0x0000669b  x1:0xcbd19618 x21=0xcbd1f083
     333415.000 ns	     33340	80007514	00439cb3	sll	x25,x7,x4	  x7:0xffffffff  x4:0x00000000 x25=0xffffffff
     333435.000 ns	     33342	80007518	03e0b1b3	mulhu	x3,x1,x30	  x1:0xcbd19618 x30:0x80040fb9  x3=0x65ec06d6
     333455.000 ns	     33344	8000751c	01e89fb3	sll	x31,x17,x30	 x17:0x00000000 x30:0x80040fb9 x31=0x00000000
     333475.000 ns	     33346	80007520	a0fb2f53	feq.s	x30,f22,f15	 f22:0x7f800000 f15:0x4f000003 x30=0x00000000
     333495.000 ns	     33348	80007524	00afc633	xor	x12,x31,x10	 x31:0x00000000 x10:0x00000000 x12=0x00000000
     333505.000 ns	     33349	80007528	0d0d7c37	lui	x24,0xd0d7	 x24=0x0d0d7000
     333515.000 ns	     33350	8000752c	00f4e5b3	or	x11,x9,x15	  x9:0xcbd19618 x15:0x342e6e38 x11=0xfffffe38
     333525.000 ns	     33351	80007530	41bcd3b3	sra	x7,x25,x27	 x25:0xffffffff x27:0x00000001  x7=0xffffffff
     333545.000 ns	     33353	80007534	021f16b3	mulh	x13,x30,x1	 x30:0x00000000  x1:0xcbd19618 x13=0x00000000
     333575.000 ns	     33356	80007538	02db9033	mulh	x0,x23,x13	 x23:0x80040fe4 x13:0x0000669a
     333605.000 ns	     33359	8000753c	a0e9af53	feq.s	x30,f19,f14	 f19:0xcefff7e1 f14:0x3f800000 x30=0x00000000
     333625.000 ns	     33361	80007540	d3b77f13	andi	x30,x14,-709	 x14:0x80000000 x30=0x80000000
     333665.000 ns	     33365	80007544	09ea74d3	fsub.s	f9,f20,f30	 f20:0x80000000 f30:0x7f800000  f9=0xff800000
     333685.000 ns	     33367	80007548	33c23d13	sltiu	x26,x4,828	  x4:0x00000000 x26=0x00000001
     333695.000 ns	     33368	8000754c	37768c93	addi	x25,x13,887	 x13:0x00000000 x25=0x00000377
     333705.000 ns	     33369	80007550	00441f13	slli	x30,x8,0x4	  x8:0xa9499000 x30=0x94990000
     333715.000 ns	     33370	80007554	00351213	slli	x4,x10,0x3	 x10:0x00000000  x4=0x00000000
     333725.000 ns	     33371	80007558	01b027b3	slt	x15,x0,x27	  x0:0x00000000 x27:0x00000001 x15=0x00000001
     333735.000 ns	     33372	8000755c	67a6a313	slti	x6,x13,1658	 x13:0x00000000  x6=0x00000001
     333745.000 ns	     33373	80007560	41255413	srai	x8,x10,0x12	 x10:0x00000000  x8=0x00000000
     333755.000 ns	     33374	80007564	4e06d417	auipc	x8,0x4e06d	  x8=0xce074564
     333765.000 ns	     33375	80007568	002e28b3	slt	x17,x28,x2	 x28:0x00000000  x2:0xfffe0000 x17=0x00000000
     333785.000 ns	     33377	8000756c	0273be33	mulhu	x28,x7,x7	  x7:0xffffffff  x7:0xffffffff x28=0xfffffffe
     333825.000 ns	     33381	80007570	580e1ad3	fsqrt.s	f21,f28	 f28:0x00000000 f21=0x00000000
     333875.000 ns	     33386	80007574	08f204d3	fsub.s	f9,f4,f15	  f4:0x3f7fffae f15:0x4f000003  f9=0xcf000003
     333905.000 ns	     33389	80007578	a1be2e53	feq.s	x28,f28,f27	 f28:0x00000000 f27:0x00000000 x28=0x00000001
     333945.000 ns	     33393	8000757c	5803aad3	fsqrt.s	f21,f7	  f7:0xff800000 f21=0x7fc00000
     333965.000 ns	     33395	80007580	001b96b3	sll	x13,x23,x1	 x23:0x80040fe4  x1:0xcbd19618 x13=0xe4000000
     333985.000 ns	     33397	80007584	298a0953	fmin.s	f18,f20,f24	 f20:0x80000000 f24:0x7f800000 f18=0x80000000
     334015.000 ns	     33400	80007588	a0340653	fle.s	x12,f8,f3	  f8:0x80000000  f3:0x4f000003 x12=0x00000001
     334035.000 ns	     33402	8000758c	013aafb3	slt	x31,x21,x19	 x21:0xcbd1f083 x19:0x00000001 x31=0x00000001
     334055.000 ns	     33404	80007590	a1fb07d3	fle.s	x15,f22,f31	 f22:0x7f800000 f31:0x00000000 x15=0x00000000
     334075.000 ns	     33406	80007594	a4e0a893	slti	x17,x1,-1458	  x1:0xcbd19618 x17=0x00000001
     334085.000 ns	     33407	80007598	016a1b33	sll	x22,x20,x22	 x20:0x000066b9 x22:0x2b59d7d2 x22=0x9ae40000
     334095.000 ns	     33408	8000759c	00772233	slt	x4,x14,x7	 x14:0x80000000  x7:0xffffffff  x4=0x00000001
     334115.000 ns	     33410	800075a0	e0041a53	fclass.s	x20,f8	  f8:0x80000000 x20=0x00000008
     334135.000 ns	     33412	800075a4	0160f333	and	x6,x1,x22	  x1:0xcbd19618 x22:0x9ae40000  x6=0x8ac00000
     334145.000 ns	     33413	800075a8	c00a3113	sltiu	x2,x20,-1024	 x20:0x00000008  x2=0x00000001
     334165.000 ns	     33415	800075ac	e00d1f53	fclass.s	x30,f26	 f26:0xcbd19618 x30=0x00000002
     334185.000 ns	     33417	800075b0	6c122c13	slti	x24,x4,1729	  x4:0x00000001 x24=0x00000001
     334195.000 ns	     33418	800075b4	71668693	addi	x13,x13,1814	 x13:0xe4000000 x13=0xe4000716
     334225.000 ns	     33421	800075b8	19534f53	fdiv.s	f30,f6,f21	  f6:0x7f800000 f21:0x7fc00000 f30=0x7fc00000
     334255.000 ns	     33424	800075bc	f00b0fd3	fmv.w.x	f31,x22	 x22:0x9ae40000 f31=0x9ae40000
     334285.000 ns	     33427	800075c0	02c63533	mulhu	x10,x12,x12	 x12:0x00000001 x12:0x00000001 x10=0x00000000
     334305.000 ns	     33429	800075c4	0346b113	sltiu	x2,x13,52	 x13:0xe4000716  x2=0x00000000
     334345.000 ns	     33433	800075c8	012a8fd3	fadd.s	f31,f21,f18	 f21:0x7fc00000 f18:0x80000000 f31=0x7fc00000
     334385.000 ns	     33437	800075cc	580ff953	fsqrt.s	f18,f31	 f31:0x9ae40000 f18=0x7fc00000
     334415.000 ns	     33440	800075d0	a18f86d3	fle.s	x13,f31,f24	 f31:0x7fc00000 f24:0x7f800000 x13=0x00000000
     334785.000 ns	     33477	800075d4	026ee833	rem	x16,x29,x6	 x29:0x00000000  x6:0x8ac00000 x16=0x00000000
     334805.000 ns	     33479	800075d8	01999693	slli	x13,x19,0x19	 x19:0x00000001 x13=0x02000000
     334815.000 ns	     33480	800075dc	d683ad93	slti	x27,x7,-664	  x7:0xffffffff x27=0x00000000
     334835.000 ns	     33482	800075e0	28518a53	fmin.s	f20,f3,f5	  f3:0x4f000003  f5:0x00000000 f20=0x00000000
     334855.000 ns	     33484	800075e4	40b0d233	sra	x4,x1,x11	  x1:0xcbd19618 x11:0xfffffe38  x4=0xffffffcb
     334865.000 ns	     33485	800075e8	004569b3	or	x19,x10,x4	 x10:0x00000000  x4:0x00000001 x19=0xffffffcb
     334875.000 ns	     33486	800075ec	0515c793	xori	x15,x11,81	 x11:0xfffffe38 x15=0xfffffe69
     334915.000 ns	     33490	800075f0	00ee05d3	fadd.s	f11,f28,f14	 f28:0x00000000 f14:0x3f800000 f11=0x3f800000
     334965.000 ns	     33495	800075f4	01947553	fadd.s	f10,f8,f25	  f8:0x80000000 f25:0x3f800000 f10=0x3f800000
     334985.000 ns	     33497	800075f8	01dea9b3	slt	x19,x29,x29	 x29:0x00000000 x29:0x00000000 x19=0x00000000
     334995.000 ns	     33498	800075fc	008aa333	slt	x6,x21,x8	 x21:0xcbd1f083  x8:0xce074564  x6=0x00000001
     335035.000 ns	     33502	80007600	095d7dd3	fsub.s	f27,f26,f21	 f26:0xcbd19618 f21:0x7fc00000 f27=0x7fc00000
     335055.000 ns	     33504	80007604	f85b7813	andi	x16,x22,-123	 x22:0x9ae40000 x16=0x9ae40000
     335065.000 ns	     33505	80007608	41d88f33	sub	x30,x17,x29	 x17:0x00000001 x29:0x00000000 x30=0x00000001
     335085.000 ns	     33507	8000760c	a1930053	fle.s	x0,f6,f25	  f6:0x7f800000 f25:0x3f800000
     335105.000 ns	     33509	80007610	40905db3	sra	x27,x0,x9	  x0:0x00000000  x9:0xcbd19618 x27=0x00000000
     335125.000 ns	     33511	80007614	d0097c53	fcvt.s.w	f24,x18	 x18:0x80041024 f24=0xcefff7df
     335145.000 ns	     33513	80007618	018b32b3	sltu	x5,x22,x24	 x22:0x9ae40000 x24:0x00000001  x5=0x00000000
     335155.000 ns	     33514	8000761c	f6b7cf37	lui	x30,0xf6b7c	 x30=0xf6b7c000
     335165.000 ns	     33515	80007620	9fbe92b7	lui	x5,0x9fbe9	  x5=0x9fbe9000
     335185.000 ns	     33517	80007624	a1c6a053	feq.s	x0,f13,f28	 f13:0x7fc00000 f28:0x00000000
     335555.000 ns	     33554	80007628	03186d33	rem	x26,x16,x17	 x16:0x9ae40000 x17:0x00000001 x26=0x00000000
     335585.000 ns	     33557	8000762c	217caad3	fsgnjx.s	f21,f25,f23	 f25:0x3f800000 f23:0x80000000 f21=0xbf800000
     335605.000 ns	     33559	80007630	40978eb3	sub	x29,x15,x9	 x15:0xfffffe69  x9:0xcbd19618 x29=0x342e6851
     335635.000 ns	     33562	80007634	58098bd3	fsqrt.s	f23,f19	 f19:0xcefff7e1 f23=0x7fc00000
     335665.000 ns	     33565	80007638	a15c8153	fle.s	x2,f25,f21	 f25:0x3f800000 f21:0xbf800000  x2=0x00000000
     335685.000 ns	     33567	8000763c	40915293	srai	x5,x2,0x9	  x2:0x00000000  x5=0x00000000
     335695.000 ns	     33568	80007640	0035dc93	srli	x25,x11,0x3	 x11:0xfffffe38 x25=0x1fffffc7
     335725.000 ns	     33571	80007644	1136f4d3	fmul.s	f9,f13,f19	 f13:0x7fc00000 f19:0xcefff7e1  f9=0x7fc00000
     335745.000 ns	     33573	80007648	c469c593	xori	x11,x19,-954	 x19:0x00000000 x11=0xfffffc46
     335755.000 ns	     33574	8000764c	f36f2313	slti	x6,x30,-202	 x30:0xf6b7c000  x6=0x00000001
     335775.000 ns	     33576	80007650	e00d0453	fmv.x.w	x8,f26	 f26:0xcbd19618  x8=0xcbd19618
     335805.000 ns	     33579	80007654	a1bc19d3	flt.s	x19,f24,f27	 f24:0xcefff7df f27:0x7fc00000 x19=0x00000000
     335835.000 ns	     33582	80007658	0219a0b3	mulhsu	x1,x19,x1	 x19:0x00000000  x1:0xcbd19618  x1=0x00000000
     335855.000 ns	     33584	8000765c	9c7bc893	xori	x17,x23,-1593	 x23:0x80040fe4 x17=0x7ffbf623
     335875.000 ns	     33586	80007660	d002abd3	fcvt.s.w	f23,x5	  x5:0x00000000 f23=0x00000000
     335905.000 ns	     33589	80007664	c0147b53	fcvt.wu.s	x22,f8	  f8:0x80000000 x22=0x00000000
     335935.000 ns	     33592	80007668	21eea7d3	fsgnjx.s	f15,f29,f30	 f29:0x7fc00000 f30:0x7fc00000 f15=0x7fc00000
     335955.000 ns	     33594	8000766c	406c05b3	sub	x11,x24,x6	 x24:0x00000001  x6:0x00000001 x11=0x00000000
     335965.000 ns	     33595	80007670	019c3c33	sltu	x24,x24,x25	 x24:0x00000001 x25:0x1fffffc7 x24=0x00000001
     335975.000 ns	     33596	80007674	80bdcf97	auipc	x31,0x80bdc	 x31=0x00be3674
     335985.000 ns	     33597	80007678	6b1e6613	ori	x12,x28,1713	 x28:0x00000001 x12=0x000006b1
     336345.000 ns	     33633	8000767c	03057333	remu	x6,x10,x16	 x10:0x00000000 x16:0x9ae40000  x6=0x00000000
     336365.000 ns	     33635	80007680	00000013	addi	x0,x0,0	  x0:0x00000000
     337535.000 ns	     33752	80007684	58003d53	fsqrt.s	f26,f0	  f0:0x4f00040f f26=0x46b50a40
     337565.000 ns	     33755	80007688	020e3433	mulhu	x8,x28,x0	 x28:0x00000001  x0:0x00000000  x8=0x00000000
     337595.000 ns	     33758	8000768c	e00e81d3	fmv.x.w	x3,f29	 f29:0x7fc00000  x3=0x7fc00000
     337625.000 ns	     33761	80007690	28a01c53	fmax.s	f24,f0,f10	  f0:0x4f00040f f10:0x3f800000 f24=0x4f00040f
     337645.000 ns	     33763	80007694	407b0133	sub	x2,x22,x7	 x22:0x00000000  x7:0xffffffff  x2=0x00000001
     337655.000 ns	     33764	80007698	7a7c6a13	ori	x20,x24,1959	 x24:0x00000001 x20=0x000007a7
     337665.000 ns	     33765	8000769c	0145b8b3	sltu	x17,x11,x20	 x11:0x00000000 x20:0x00000008 x17=0x00000001
     337685.000 ns	     33767	800076a0	0212ea33	rem	x20,x5,x1	  x5:0x00000000  x1:0x00000000 x20=0x00000000
     337735.000 ns	     33772	800076a4	01597f53	fadd.s	f30,f18,f21	 f18:0x7fc00000 f21:0xbf800000 f30=0x7fc00000
     337765.000 ns	     33775	800076a8	02980fb3	mul	x31,x16,x9	 x16:0x9ae40000  x9:0xcbd19618 x31=0x1d600000
     337785.000 ns	     33777	800076ac	4063d513	srai	x10,x7,0x6	  x7:0xffffffff x10=0xffffffff
     337805.000 ns	     33779	800076b0	21da9153	fsgnjn.s	f2,f21,f29	 f21:0xbf800000 f29:0x7fc00000  f2=0xbf800000
     337835.000 ns	     33782	800076b4	a03915d3	flt.s	x11,f18,f3	 f18:0x7fc00000  f3:0x4f000003 x11=0x00000000
     337865.000 ns	     33785	800076b8	a0fb8ed3	fle.s	x29,f23,f15	 f23:0x00000000 f15:0x7fc00000 x29=0x00000000
     337905.000 ns	     33789	800076bc	580e7253	fsqrt.s	f4,f28	 f28:0x00000000  f4=0x00000000
     337935.000 ns	     33792	800076c0	d0092553	fcvt.s.w	f10,x18	 x18:0x80041024 f10=0xcefff7e0
     337965.000 ns	     33795	800076c4	03891cb3	mulh	x25,x18,x24	 x18:0x80041024 x24:0x00000001 x25=0xffffffff
     337995.000 ns	     33798	800076c8	a00d0853	fle.s	x16,f26,f0	 f26:0x46b50a40  f0:0x4f00040f x16=0x00000001
     338025.000 ns	     33801	800076cc	a1fdadd3	feq.s	x27,f27,f31	 f27:0x7fc00000 f31:0x7fc00000 x27=0x00000000
     338045.000 ns	     33803	800076d0	019b54b3	srl	x9,x22,x25	 x22:0x00000000 x25:0xffffffff  x9=0x00000000
     338055.000 ns	     33804	800076d4	0023de33	srl	x28,x7,x2	  x7:0xffffffff  x2:0x00000001 x28=0x7fffffff
     338065.000 ns	     33805	800076d8	40a2d8b3	sra	x17,x5,x10	  x5:0x00000000 x10:0xffffffff x17=0x00000000
     338075.000 ns	     33806	800076dc	00000013	addi	x0,x0,0	  x0:0x00000000
     338435.000 ns	     33842	800076e0	032262b3	rem	x5,x4,x18	  x4:0xffffffcb x18:0x80041024  x5=0xffffffcb
     338465.000 ns	     33845	800076e4	200a1cd3	fsgnjn.s	f25,f20,f0	 f20:0x00000000  f0:0x4f00040f f25=0x80000000
     338485.000 ns	     33847	800076e8	41a4dfb3	sra	x31,x9,x26	  x9:0x00000000 x26:0x00000000 x31=0x00000000
     338515.000 ns	     33850	800076ec	1116f5d3	fmul.s	f11,f13,f17	 f13:0x7fc00000 f17:0x7fc00000 f11=0x7fc00000
     338545.000 ns	     33853	800076f0	d01bf0d3	fcvt.s.wu	f1,x23	 x23:0x80040fe4  f1=0x4f00040f
     338585.000 ns	     33857	800076f4	580f8753	fsqrt.s	f14,f31	 f31:0x7fc00000 f14=0x7fc00000
     338615.000 ns	     33860	800076f8	21861953	fsgnjn.s	f18,f12,f24	 f12:0x3f800000 f24:0x4f00040f f18=0xbf800000
     338635.000 ns	     33862	800076fc	00892ab3	slt	x21,x18,x8	 x18:0x80041024  x8:0x00000000 x21=0x00000001
     338645.000 ns	     33863	80007700	00b6d5b3	srl	x11,x13,x11	 x13:0x02000000 x11:0x00000000 x11=0x02000000
     338665.000 ns	     33865	80007704	a1c8a153	feq.s	x2,f17,f28	 f17:0x7fc00000 f28:0x00000000  x2=0x00000000
     338695.000 ns	     33868	80007708	d01efad3	fcvt.s.wu	f21,x29	 x29:0x00000000 f21=0x00000000
     338725.000 ns	     33871	8000770c	e0060e53	fmv.x.w	x28,f12	 f12:0x3f800000 x28=0x3f800000
     338755.000 ns	     33874	80007710	a16e8a53	fle.s	x20,f29,f22	 f29:0x7fc00000 f22:0x7f800000 x20=0x00000000
     338785.000 ns	     33877	80007714	c01972d3	fcvt.wu.s	x5,f18	 f18:0xbf800000  x5=0x00000001
     338815.000 ns	     33880	80007718	03f7d8b3	divu	x17,x15,x31	 x15:0xfffffe69 x31:0x00000000 x17=0xffffffff
     338835.000 ns	     33882	8000771c	277b3e93	sltiu	x29,x22,631	 x22:0x00000000 x29=0x00000001
     339195.000 ns	     33918	80007720	032d4333	div	x6,x26,x18	 x26:0x00000000 x18:0x80041024  x6=0x00000000
     339225.000 ns	     33921	80007724	286d8bd3	fmin.s	f23,f27,f6	 f27:0x7fc00000  f6:0x7f800000 f23=0x7f800000
     339255.000 ns	     33924	80007728	c0189053	fcvt.wu.s	x0,f17	 f17:0x7fc00000
     339285.000 ns	     33927	8000772c	d01cf153	fcvt.s.wu	f2,x25	 x25:0xffffffff  f2=0x4f7fffff
     339305.000 ns	     33929	80007730	67900413	addi	x8,x0,1657	  x0:0x00000000  x8=0x00000679
     339665.000 ns	     33965	80007734	031be4b3	rem	x9,x23,x17	 x23:0x80040fe4 x17:0xffffffff  x9=0x00000000
     339695.000 ns	     33968	80007738	29a49cd3	fmax.s	f25,f9,f26	  f9:0x7fc00000 f26:0x46b50a40 f25=0x46b50a40
     339735.000 ns	     33972	8000773c	19a872d3	fdiv.s	f5,f16,f26	 f16:0x00000000 f26:0x46b50a40  f5=0x00000000
     339765.000 ns	     33975	80007740	e00a8453	fmv.x.w	x8,f21	 f21:0x00000000  x8=0x00000000
     339795.000 ns	     33978	80007744	028f1db3	mulh	x27,x30,x8	 x30:0xf6b7c000  x8:0x00000679 x27=0x00000000
     339825.000 ns	     33981	80007748	e00f15d3	fclass.s	x11,f30	 f30:0x7fc00000 x11=0x00000200
     339845.000 ns	     33983	8000774c	01685293	srli	x5,x16,0x16	 x16:0x00000001  x5=0x00000000
     339875.000 ns	     33986	80007750	10f4cfd3	fmul.s	f31,f9,f15	  f9:0x7fc00000 f15:0x7fc00000 f31=0x7fc00000
     339895.000 ns	     33988	80007754	01380133	add	x2,x16,x19	 x16:0x00000001 x19:0x00000000  x2=0x00000001
     339915.000 ns	     33990	80007758	03f3c6b3	div	x13,x7,x31	  x7:0xffffffff x31:0x00000000 x13=0xffffffff
     339935.000 ns	     33992	8000775c	410f82b3	sub	x5,x31,x16	 x31:0x00000000 x16:0x00000001  x5=0xffffffff
     340295.000 ns	     34028	80007760	0254e433	rem	x8,x9,x5	  x9:0x00000000  x5:0x00000000  x8=0x00000000
     340315.000 ns	     34030	80007764	41815393	srai	x7,x2,0x18	  x2:0x00000001  x7=0x00000000
     340335.000 ns	     34032	80007768	c0143853	fcvt.wu.s	x16,f8	  f8:0x80000000 x16=0x00000000
     340355.000 ns	     34034	8000776c	0cc5a793	slti	x15,x11,204	 x11:0x00000200 x15=0x00000000
     340375.000 ns	     34036	80007770	02b39f33	mulh	x30,x7,x11	  x7:0x00000000 x11:0x00000200 x30=0x00000000
     340395.000 ns	     34038	80007774	40c65193	srai	x3,x12,0xc	 x12:0x000006b1  x3=0x00000000
     340405.000 ns	     34039	80007778	0178e533	or	x10,x17,x23	 x17:0xffffffff x23:0x80040fe4 x10=0xffffffff
     340435.000 ns	     34042	8000777c	186b40d3	fdiv.s	f1,f22,f6	 f22:0x7f800000  f6:0x7f800000  f1=0x7fc00000
     340475.000 ns	     34046	80007780	58087f53	fsqrt.s	f30,f16	 f16:0x00000000 f30=0x00000000
     340505.000 ns	     34049	80007784	c0184ad3	fcvt.wu.s	x21,f16	 f16:0x00000000 x21=0x00000000
     340535.000 ns	     34052	80007788	e00b9c53	fclass.s	x24,f23	 f23:0x7f800000 x24=0x00000080
     340555.000 ns	     34054	8000778c	003ed333	srl	x6,x29,x3	 x29:0x00000001  x3:0x00000000  x6=0x00000001
     340575.000 ns	     34056	80007790	e0049dd3	fclass.s	x27,f9	  f9:0x7fc00000 x27=0x00000200
     340595.000 ns	     34058	80007794	00000013	addi	x0,x0,0	  x0:0x00000000
     340625.000 ns	     34061	80007798	19e23153	fdiv.s	f2,f4,f30	  f4:0x00000000 f30:0x00000000  f2=0x7fc00000
     340645.000 ns	     34063	8000779c	0ef97417	auipc	x8,0xef97	  x8=0x8ef9e79c
     340655.000 ns	     34064	800077a0	d5872797	auipc	x15,0xd5872	 x15=0x558797a0
     340665.000 ns	     34065	800077a4	915fa993	slti	x19,x31,-1771	 x31:0x00000000 x19=0x00000000
     340685.000 ns	     34067	800077a8	f00a0dd3	fmv.w.x	f27,x20	 x20:0x00000000 f27=0x00000000
     340715.000 ns	     34070	800077ac	e0010453	fmv.x.w	x8,f2	  f2:0x7fc00000  x8=0x7fc00000
     340745.000 ns	     34073	800077b0	e00c1cd3	fclass.s	x25,f24	 f24:0x4f00040f x25=0x00000040
     340765.000 ns	     34075	800077b4	b50f8ab7	lui	x21,0xb50f8	 x21=0xb50f8000
     340785.000 ns	     34077	800077b8	c019f7d3	fcvt.wu.s	x15,f19	 f19:0xcefff7e1 x15=0x7ffbf080
     340805.000 ns	     34079	800077bc	0066ecb3	or	x25,x13,x6	 x13:0xffffffff  x6:0x00000001 x25=0xffffffff
     340815.000 ns	     34080	800077c0	bc2a3a13	sltiu	x20,x20,-1086	 x20:0x00000000 x20=0x00000001
     340855.000 ns	     34084	800077c4	00a5ffd3	fadd.s	f31,f11,f10	 f11:0x7fc00000 f10:0xcefff7e0 f31=0x7fc00000
     340885.000 ns	     34087	800077c8	a0252a53	feq.s	x20,f10,f2	 f10:0xcefff7e0  f2:0x7fc00000 x20=0x00000000
     340905.000 ns	     34089	800077cc	013e6eb3	or	x29,x28,x19	 x28:0x3f800000 x19:0x00000000 x29=0x3f800000
     340935.000 ns	     34092	800077d0	197d1f53	fdiv.s	f30,f26,f23	 f26:0x46b50a40 f23:0x7f800000 f30=0x00000000
     340955.000 ns	     34094	800077d4	01a48fb3	add	x31,x9,x26	  x9:0x00000000 x26:0x00000000 x31=0x00000000
     340965.000 ns	     34095	800077d8	76cde237	lui	x4,0x76cde	  x4=0x76cde000
     340985.000 ns	     34097	800077dc	a03ca353	feq.s	x6,f25,f3	 f25:0x46b50a40  f3:0x4f000003  x6=0x00000000
     341015.000 ns	     34100	800077e0	02fd02b3	mul	x5,x26,x15	 x26:0x00000000 x15:0x7ffbf080  x5=0x00000000
     341035.000 ns	     34102	800077e4	000d5e13	srli	x28,x26,0x0	 x26:0x00000000 x28=0x00000000
     341055.000 ns	     34104	800077e8	a04a86d3	fle.s	x13,f21,f4	 f21:0x00000000  f4:0x00000000 x13=0x00000001
     341085.000 ns	     34107	800077ec	d0002fd3	fcvt.s.w	f31,x0	  x0:0x00000000 f31=0x00000000
     341115.000 ns	     34110	800077f0	a1b61653	flt.s	x12,f12,f27	 f12:0x3f800000 f27:0x00000000 x12=0x00000000
     341135.000 ns	     34112	800077f4	00d2e4b3	or	x9,x5,x13	  x5:0x00000000 x13:0x00000001  x9=0x00000001
     341145.000 ns	     34113	800077f8	41a1d5b3	sra	x11,x3,x26	  x3:0x00000000 x26:0x00000000 x11=0x00000000
     341155.000 ns	     34114	800077fc	00fdc033	xor	x0,x27,x15	 x27:0x00000200 x15:0x7ffbf080
     341165.000 ns	     34115	80007800	00000013	addi	x0,x0,0	  x0:0x00000000
     341175.000 ns	     34116	80007804	00f75c93	srli	x25,x14,0xf	 x14:0x80000000 x25=0x00010000
     341195.000 ns	     34118	80007808	a18b9853	flt.s	x16,f23,f24	 f23:0x7f800000 f24:0x4f00040f x16=0x00000000
     341215.000 ns	     34120	8000780c	c9cab693	sltiu	x13,x21,-868	 x21:0xb50f8000 x13=0x00000001
     341575.000 ns	     34156	80007810	032ee3b3	rem	x7,x29,x18	 x29:0x3f800000 x18:0x80041024  x7=0x3f800000
     341595.000 ns	     34158	80007814	007eaeb3	slt	x29,x29,x7	 x29:0x3f800000  x7:0x00000000 x29=0x00000000
     341615.000 ns	     34160	80007818	c0022dd3	fcvt.w.s	x27,f4	  f4:0x00000000 x27=0x00000000
     341635.000 ns	     34162	8000781c	2cd7f593	andi	x11,x15,717	 x15:0x7ffbf080 x11=0x00000080
     341655.000 ns	     34164	80007820	036ce6b3	rem	x13,x25,x22	 x25:0x00010000 x22:0x00000000 x13=0x00010000
     341685.000 ns	     34167	80007824	291c8953	fmin.s	f18,f25,f17	 f25:0x46b50a40 f17:0x7fc00000 f18=0x46b50a40
     341715.000 ns	     34170	80007828	02360433	mul	x8,x12,x3	 x12:0x00000000  x3:0x00000000  x8=0x00000000
     341745.000 ns	     34173	8000782c	0344a133	mulhsu	x2,x9,x20	  x9:0x00000001 x20:0x00000000  x2=0x00000000
     341775.000 ns	     34176	80007830	a16026d3	feq.s	x13,f0,f22	  f0:0x4f00040f f22:0x7f800000 x13=0x00000000
     341805.000 ns	     34179	80007834	a04a9053	flt.s	x0,f21,f4	 f21:0x00000000  f4:0x00000000
     341845.000 ns	     34183	80007838	580b76d3	fsqrt.s	f13,f22	 f22:0x7f800000 f13=0x7f800000
     341875.000 ns	     34186	8000783c	0265cab3	div	x21,x11,x6	 x11:0x00000080  x6:0x00000000 x21=0xffffffff
     341905.000 ns	     34189	80007840	e0090653	fmv.x.w	x12,f18	 f18:0x46b50a40 x12=0x46b50a40
     341955.000 ns	     34194	80007844	011a1f53	fadd.s	f30,f20,f17	 f20:0x00000000 f17:0x7fc00000 f30=0x7fc00000
     341975.000 ns	     34196	80007848	01742db3	slt	x27,x8,x23	  x8:0x00000000 x23:0x80040fe4 x27=0x00000000
     342005.000 ns	     34199	8000784c	182504d3	fdiv.s	f9,f10,f2	 f10:0xcefff7e0  f2:0x7fc00000  f9=0x7fc00000
     342025.000 ns	     34201	80007850	01135613	srli	x12,x6,0x11	  x6:0x00000000 x12=0x00000000
     342045.000 ns	     34203	80007854	c004c153	fcvt.w.s	x2,f9	  f9:0x7fc00000  x2=0x7fffffff
     342075.000 ns	     34206	80007858	02630fb3	mul	x31,x6,x6	  x6:0x00000000  x6:0x00000000 x31=0x00000000
     342105.000 ns	     34209	8000785c	20d3acd3	fsgnjx.s	f25,f7,f13	  f7:0xff800000 f13:0x7f800000 f25=0xff800000
     342125.000 ns	     34211	80007860	00016eb3	or	x29,x2,x0	  x2:0x7fffffff  x0:0x00000000 x29=0x7fffffff
     342145.000 ns	     34213	80007864	037c27b3	mulhsu	x15,x24,x23	 x24:0x00000080 x23:0x80040fe4 x15=0x00000040
     342165.000 ns	     34215	80007868	011b30b3	sltu	x1,x22,x17	 x22:0x00000000 x17:0xffffffff  x1=0x00000001
     342185.000 ns	     34217	8000786c	033aacb3	mulhsu	x25,x21,x19	 x21:0xffffffff x19:0x00000000 x25=0x00000000
     342205.000 ns	     34219	80007870	a8614513	xori	x10,x2,-1402	  x2:0x7fffffff x10=0x80000579
     342225.000 ns	     34221	80007874	2125a2d3	fsgnjx.s	f5,f11,f18	 f11:0x7fc00000 f18:0x46b50a40  f5=0x7fc00000
     342245.000 ns	     34223	80007878	62d96b13	ori	x22,x18,1581	 x18:0x80041024 x22=0x8004162d
     342275.000 ns	     34226	8000787c	193cbf53	fdiv.s	f30,f25,f19	 f25:0xff800000 f19:0xcefff7e1 f30=0x7f800000
     342305.000 ns	     34229	80007880	d010fbd3	fcvt.s.wu	f23,x1	  x1:0x00000001 f23=0x3f800000
     342345.000 ns	     34233	80007884	18891a53	fdiv.s	f20,f18,f8	 f18:0x46b50a40  f8:0x80000000 f20=0xff800000
     342365.000 ns	     34235	80007888	01036fb3	or	x31,x6,x16	  x6:0x00000000 x16:0x00000000 x31=0x00000000
     342375.000 ns	     34236	8000788c	4fca90b7	lui	x1,0x4fca9	  x1=0x4fca9000
     342385.000 ns	     34237	80007890	40772d13	slti	x26,x14,1031	 x14:0x80000000 x26=0x00000001
     342395.000 ns	     34238	80007894	ef59b113	sltiu	x2,x19,-267	 x19:0x00000000  x2=0x00000001
     342405.000 ns	     34239	80007898	017ddcb3	srl	x25,x27,x23	 x27:0x00000000 x23:0x80040fe4 x25=0x00000000
     342415.000 ns	     34240	8000789c	406152b3	sra	x5,x2,x6	  x2:0x7fffffff  x6:0x00000000  x5=0x00000001
     343585.000 ns	     34357	800078a0	580d3c53	fsqrt.s	f24,f26	 f26:0x46b50a40 f24=0x43183a19
     343615.000 ns	     34360	800078a4	a17113d3	flt.s	x7,f2,f23	  f2:0x7fc00000 f23:0x3f800000  x7=0x00000000
     343665.000 ns	     34365	800078a8	09cbfb53	fsub.s	f22,f23,f28	 f23:0x3f800000 f28:0x00000000 f22=0x3f800000
     343705.000 ns	     34369	800078ac	580a33d3	fsqrt.s	f7,f20	 f20:0xff800000  f7=0x7fc00000
     343735.000 ns	     34372	800078b0	031d07b3	mul	x15,x26,x17	 x26:0x00000001 x17:0xffffffff x15=0xffffffff
     343765.000 ns	     34375	800078b4	c012f6d3	fcvt.wu.s	x13,f5	  f5:0x7fc00000 x13=0xffffffff
     343785.000 ns	     34377	800078b8	007ce8b3	or	x17,x25,x7	 x25:0x00000000  x7:0x00000000 x17=0x00000000
     343805.000 ns	     34379	800078bc	e0009f53	fclass.s	x30,f1	  f1:0x7fc00000 x30=0x00000200
     344175.000 ns	     34416	800078c0	0218d433	divu	x8,x17,x1	 x17:0xffffffff  x1:0x4fca9000  x8=0x00000000
     344205.000 ns	     34419	800078c4	f0080e53	fmv.w.x	f28,x16	 x16:0x00000000 f28=0x00000000
     344225.000 ns	     34421	800078c8	01785513	srli	x10,x16,0x17	 x16:0x00000000 x10=0x00000000
     344235.000 ns	     34422	800078cc	45c76813	ori	x16,x14,1116	 x14:0x80000000 x16=0x8000045c
     344245.000 ns	     34423	800078d0	ffbaa893	slti	x17,x21,-5	 x21:0xffffffff x17=0x00000000
     344255.000 ns	     34424	800078d4	00a7c433	xor	x8,x15,x10	 x15:0xffffffff x10:0x00000000  x8=0xffffffff
     344265.000 ns	     34425	800078d8	41b85233	sra	x4,x16,x27	 x16:0x8000045c x27:0x00000000  x4=0x8000045c
     344285.000 ns	     34427	800078dc	a0772dd3	feq.s	x27,f14,f7	 f14:0x7fc00000  f7:0x7fc00000 x27=0x00000000
     344305.000 ns	     34429	800078e0	40b85c93	srai	x25,x16,0xb	 x16:0x8000045c x25=0xfff00000
     344335.000 ns	     34432	800078e4	58098cd3	fsqrt.s	f25,f19	 f19:0xcefff7e1 f25=0x7fc00000
     344365.000 ns	     34435	800078e8	020cfab3	remu	x21,x25,x0	 x25:0x00000000  x0:0x00000000 x21=0xfff00000
     344385.000 ns	     34437	800078ec	01928433	add	x8,x5,x25	  x5:0x00000001 x25:0xfff00000  x8=0xfff00001
     344405.000 ns	     34439	800078f0	21c59f53	fsgnjn.s	f30,f11,f28	 f11:0x7fc00000 f28:0x00000000 f30=0xffc00000
     344435.000 ns	     34442	800078f4	290916d3	fmax.s	f13,f18,f16	 f18:0x46b50a40 f16:0x00000000 f13=0x46b50a40
     344455.000 ns	     34444	800078f8	00166ab3	or	x21,x12,x1	 x12:0x00000000  x1:0x4fca9000 x21=0x4fca9000
     344465.000 ns	     34445	800078fc	01669513	slli	x10,x13,0x16	 x13:0xffffffff x10=0xffc00000
     344485.000 ns	     34447	80007900	a05d9dd3	flt.s	x27,f27,f5	 f27:0x00000000  f5:0x7fc00000 x27=0x00000000
     344515.000 ns	     34450	80007904	f00e03d3	fmv.w.x	f7,x28	 x28:0x00000000  f7=0x00000000
     344545.000 ns	     34453	80007908	e00714d3	fclass.s	x9,f14	 f14:0x7fc00000  x9=0x00000200
     344575.000 ns	     34456	8000790c	29e798d3	fmax.s	f17,f15,f30	 f15:0x7fc00000 f30:0xffc00000 f17=0x7fc00000
     344595.000 ns	     34458	80007910	014640b3	xor	x1,x12,x20	 x12:0x00000000 x20:0x00000000  x1=0x00000000
     344635.000 ns	     34462	80007914	094ef2d3	fsub.s	f5,f29,f20	 f29:0x7fc00000 f20:0xff800000  f5=0x7fc00000
     344655.000 ns	     34464	80007918	001ed5b3	srl	x11,x29,x1	 x29:0x7fffffff  x1:0x4fca9000 x11=0x7fffffff
     344665.000 ns	     34465	8000791c	402a8ab3	sub	x21,x21,x2	 x21:0x4fca9000  x2:0x00000001 x21=0x4fca8fff
     344685.000 ns	     34467	80007920	03a91433	mulh	x8,x18,x26	 x18:0x80041024 x26:0x00000001  x8=0xffffffff
     344725.000 ns	     34471	80007924	183efe53	fdiv.s	f28,f29,f3	 f29:0x7fc00000  f3:0x4f000003 f28=0x7fc00000
     345095.000 ns	     34508	80007928	0397efb3	rem	x31,x15,x25	 x15:0xffffffff x25:0xfff00000 x31=0xffffffff
     345125.000 ns	     34511	8000792c	e0069cd3	fclass.s	x25,f13	 f13:0x46b50a40 x25=0x00000040
     345495.000 ns	     34548	80007930	03e0f6b3	remu	x13,x1,x30	  x1:0x00000000 x30:0x00000200 x13=0x00000000
     345515.000 ns	     34550	80007934	01d41cb3	sll	x25,x8,x29	  x8:0xffffffff x29:0x7fffffff x25=0x80000000
     345545.000 ns	     34553	80007938	1900b4d3	fdiv.s	f9,f1,f16	  f1:0x7fc00000 f16:0x00000000  f9=0x7fc00000
     345575.000 ns	     34556	8000793c	c01aafd3	fcvt.wu.s	x31,f21	 f21:0x00000000 x31=0x00000000
     345595.000 ns	     34558	80007940	00f743b3	xor	x7,x14,x15	 x14:0x80000000 x15:0xffffffff  x7=0x7fffffff
     345605.000 ns	     34559	80007944	00c87433	and	x8,x16,x12	 x16:0x8000045c x12:0x00000000  x8=0x00000000
     345625.000 ns	     34561	80007948	21708fd3	fsgnj.s	f31,f1,f23	  f1:0x7fc00000 f23:0x3f800000 f31=0x7fc00000
     345645.000 ns	     34563	8000794c	00455993	srli	x19,x10,0x4	 x10:0xffc00000 x19=0x0ffc0000
     345665.000 ns	     34565	80007950	030700b3	mul	x1,x14,x16	 x14:0x80000000 x16:0x8000045c  x1=0x00000000
     345685.000 ns	     34567	80007954	40cd8633	sub	x12,x27,x12	 x27:0x00000000 x12:0x00000000 x12=0x00000000
     345725.000 ns	     34571	80007958	0079f1d3	fadd.s	f3,f19,f7	 f19:0xcefff7e1  f7:0x00000000  f3=0xcefff7e1
     346095.000 ns	     34608	8000795c	02af45b3	div	x11,x30,x10	 x30:0x00000200 x10:0xffc00000 x11=0x00000000
     346115.000 ns	     34610	80007960	0acfc293	xori	x5,x31,172	 x31:0x00000000  x5=0x000000ac
     346135.000 ns	     34612	80007964	a0e91ad3	flt.s	x21,f18,f14	 f18:0x46b50a40 f14:0x7fc00000 x21=0x00000000
     346165.000 ns	     34615	80007968	e00284d3	fmv.x.w	x9,f5	  f5:0x7fc00000  x9=0x7fc00000
     346195.000 ns	     34618	8000796c	c005fad3	fcvt.w.s	x21,f11	 f11:0x7fc00000 x21=0x7fffffff
     346215.000 ns	     34620	80007970	7fa04cb7	lui	x25,0x7fa04	 x25=0x7fa04000
     346235.000 ns	     34622	80007974	034d3633	mulhu	x12,x26,x20	 x26:0x00000001 x20:0x00000000 x12=0x00000000
     346275.000 ns	     34626	80007978	580e7bd3	fsqrt.s	f23,f28	 f28:0x7fc00000 f23=0x7fc00000
     346305.000 ns	     34629	8000797c	20352153	fsgnjx.s	f2,f10,f3	 f10:0xcefff7e0  f3:0xcefff7e1  f2=0x4efff7e0
     346335.000 ns	     34632	80007980	c0037c53	fcvt.w.s	x24,f6	  f6:0x7f800000 x24=0x7fffffff
     346355.000 ns	     34634	80007984	0080c3b3	xor	x7,x1,x8	  x1:0x00000000  x8:0x00000000  x7=0x00000000
     346375.000 ns	     34636	80007988	21e8aad3	fsgnjx.s	f21,f17,f30	 f17:0x7fc00000 f30:0xffc00000 f21=0xffc00000
     346395.000 ns	     34638	8000798c	4093dd13	srai	x26,x7,0x9	  x7:0x7fffffff x26=0x00000000
     346405.000 ns	     34639	80007990	007075b3	and	x11,x0,x7	  x0:0x00000000  x7:0x00000000 x11=0x00000000
     346445.000 ns	     34643	80007994	09bf98d3	fsub.s	f17,f31,f27	 f31:0x7fc00000 f27:0x00000000 f17=0x7fc00000
     346465.000 ns	     34645	80007998	4587ff93	andi	x31,x15,1112	 x15:0xffffffff x31=0x00000458
     346475.000 ns	     34646	8000799c	0f31f1b7	lui	x3,0xf31f	  x3=0x0f31f000
     346495.000 ns	     34648	800079a0	d013f253	fcvt.s.wu	f4,x7	  x7:0x00000000  f4=0x00000000
     346525.000 ns	     34651	800079a4	29a489d3	fmin.s	f19,f9,f26	  f9:0x7fc00000 f26:0x46b50a40 f19=0x46b50a40
     346555.000 ns	     34654	800079a8	03e4bfb3	mulhu	x31,x9,x30	  x9:0x7fc00000 x30:0x00000200 x31=0x000000ff
     346585.000 ns	     34657	800079ac	03fc3433	mulhu	x8,x24,x31	 x24:0x7fffffff x31:0x00000458  x8=0x0000007f
     346605.000 ns	     34659	800079b0	41c35133	sra	x2,x6,x28	  x6:0x00000000 x28:0x00000000  x2=0x00000000
     346625.000 ns	     34661	800079b4	02194533	div	x10,x18,x1	 x18:0x80041024  x1:0x00000000 x10=0xffffffff
     346645.000 ns	     34663	800079b8	01649313	slli	x6,x9,0x16	  x9:0x7fc00000  x6=0x00000000
     346665.000 ns	     34665	800079bc	e0098ed3	fmv.x.w	x29,f19	 f19:0x46b50a40 x29=0x46b50a40
     347035.000 ns	     34702	800079c0	0385c033	div	x0,x11,x24	 x11:0x00000000 x24:0x7fffffff
     347055.000 ns	     34704	800079c4	010bacb3	slt	x25,x23,x16	 x23:0x80040fe4 x16:0x8000045c x25=0x00000000
     347075.000 ns	     34706	800079c8	28489653	fmax.s	f12,f17,f4	 f17:0x7fc00000  f4:0x00000000 f12=0x00000000
     347095.000 ns	     34708	800079cc	86366193	ori	x3,x12,-1949	 x12:0x00000000  x3=0xfffff863
     347105.000 ns	     34709	800079d0	3bc67013	andi	x0,x12,956	 x12:0x00000000
     347115.000 ns	     34710	800079d4	011d7f33	and	x30,x26,x17	 x26:0x00000000 x17:0x00000000 x30=0x00000000
     347125.000 ns	     34711	800079d8	b48d3297	auipc	x5,0xb48d3	  x5=0x348da9d8
     347145.000 ns	     34713	800079dc	03ec2e33	mulhsu	x28,x24,x30	 x24:0x7fffffff x30:0x00000200 x28=0x00000000
     347165.000 ns	     34715	800079e0	00000013	addi	x0,x0,0	  x0:0x00000000
     347185.000 ns	     34717	800079e4	03a801b3	mul	x3,x16,x26	 x16:0x8000045c x26:0x00000000  x3=0x00000000
     347225.000 ns	     34721	800079e8	1824a653	fdiv.s	f12,f9,f2	  f9:0x7fc00000  f2:0x4efff7e0 f12=0x7fc00000
     347255.000 ns	     34724	800079ec	e00795d3	fclass.s	x11,f15	 f15:0x7fc00000 x11=0x00000200
     347275.000 ns	     34726	800079f0	017895b3	sll	x11,x17,x23	 x17:0x00000000 x23:0x80040fe4 x11=0x00000000
     347295.000 ns	     34728	800079f4	298c0253	fmin.s	f4,f24,f24	 f24:0x43183a19 f24:0x43183a19  f4=0x43183a19
     347315.000 ns	     34730	800079f8	e90acf93	xori	x31,x21,-368	 x21:0x7fffffff x31=0x8000016f
     347355.000 ns	     34734	800079fc	00f6b653	fadd.s	f12,f13,f15	 f13:0x46b50a40 f15:0x7fc00000 f12=0x7fc00000
     347405.000 ns	     34739	80007a00	00e9ae53	fadd.s	f28,f19,f14	 f19:0x46b50a40 f14:0x7fc00000 f28=0x7fc00000
     347425.000 ns	     34741	80007a04	40a7dd33	sra	x26,x15,x10	 x15:0xffffffff x10:0xffffffff x26=0xffffffff
     347445.000 ns	     34743	80007a08	d018f553	fcvt.s.wu	f10,x17	 x17:0x00000000 f10=0x00000000
     347475.000 ns	     34746	80007a0c	20268553	fsgnj.s	f10,f13,f2	 f13:0x46b50a40  f2:0x4efff7e0 f10=0x46b50a40
     347505.000 ns	     34749	80007a10	f00f82d3	fmv.w.x	f5,x31	 x31:0x8000016f  f5=0x8000016f
     347525.000 ns	     34751	80007a14	401d5393	srai	x7,x26,0x1	 x26:0xffffffff  x7=0xffffffff
     347545.000 ns	     34753	80007a18	e00b1553	fclass.s	x10,f22	 f22:0x3f800000 x10=0x00000040
     347575.000 ns	     34756	80007a1c	02d98033	mul	x0,x19,x13	 x19:0x0ffc0000 x13:0x00000000
     347595.000 ns	     34758	80007a20	79eeb293	sltiu	x5,x29,1950	 x29:0x46b50a40  x5=0x00000000
     347605.000 ns	     34759	80007a24	415dd6b3	sra	x13,x27,x21	 x27:0x00000000 x21:0x7fffffff x13=0x00000000
     347615.000 ns	     34760	80007a28	00000013	addi	x0,x0,0	  x0:0x00000000
     347625.000 ns	     34761	80007a2c	40325db3	sra	x27,x4,x3	  x4:0x8000045c  x3:0x00000000 x27=0x8000045c
     347635.000 ns	     34762	80007a30	93e63213	sltiu	x4,x12,-1730	 x12:0x00000000  x4=0x00000001
     347645.000 ns	     34763	80007a34	01b23433	sltu	x8,x4,x27	  x4:0x8000045c x27:0x00000000  x8=0x00000001
     347665.000 ns	     34765	80007a38	020fb1b3	mulhu	x3,x31,x0	 x31:0x8000016f  x0:0x00000000  x3=0x00000000
     347685.000 ns	     34767	80007a3c	003152b3	srl	x5,x2,x3	  x2:0x00000000  x3:0x00000000  x5=0x00000000
     347695.000 ns	     34768	80007a40	40705f33	sra	x30,x0,x7	  x0:0x00000000  x7:0xffffffff x30=0x00000000
     347705.000 ns	     34769	80007a44	00adbdb3	sltu	x27,x27,x10	 x27:0x8000045c x10:0x00000040 x27=0x00000000
     347715.000 ns	     34770	80007a48	010f97b3	sll	x15,x31,x16	 x31:0x8000016f x16:0x8000045c x15=0xf0000000
     347735.000 ns	     34772	80007a4c	290390d3	fmax.s	f1,f7,f16	  f7:0x00000000 f16:0x00000000  f1=0x00000000
     347765.000 ns	     34775	80007a50	03ae02b3	mul	x5,x28,x26	 x28:0x00000000 x26:0xffffffff  x5=0x00000000
     347785.000 ns	     34777	80007a54	40725433	sra	x8,x4,x7	  x4:0x00000001  x7:0xffffffff  x8=0x00000000
     347795.000 ns	     34778	80007a58	009c32b3	sltu	x5,x24,x9	 x24:0x7fffffff  x9:0x7fc00000  x5=0x00000000
     347815.000 ns	     34780	80007a5c	e0051253	fclass.s	x4,f10	 f10:0x46b50a40  x4=0x00000040
     347835.000 ns	     34782	80007a60	01fbb6b3	sltu	x13,x23,x31	 x23:0x80040fe4 x31:0x8000016f x13=0x00000000
     347855.000 ns	     34784	80007a64	d005ffd3	fcvt.s.w	f31,x11	 x11:0x00000000 f31=0x00000000
     347885.000 ns	     34787	80007a68	29de0253	fmin.s	f4,f28,f29	 f28:0x7fc00000 f29:0x7fc00000  f4=0x7fc00000
     347905.000 ns	     34789	80007a6c	4022d4b3	sra	x9,x5,x2	  x5:0x00000000  x2:0x00000000  x9=0x00000000
     347915.000 ns	     34790	80007a70	01f51633	sll	x12,x10,x31	 x10:0x00000040 x31:0x8000016f x12=0x00200000
     347945.000 ns	     34793	80007a74	580e74d3	fsqrt.s	f9,f28	 f28:0x7fc00000  f9=0x7fc00000
     347995.000 ns	     34798	80007a78	09a424d3	fsub.s	f9,f8,f26	  f8:0x80000000 f26:0x46b50a40  f9=0xc6b50a40
     348025.000 ns	     34801	80007a7c	03118db3	mul	x27,x3,x17	  x3:0x00000000 x17:0x00000000 x27=0x00000000
     348055.000 ns	     34804	80007a80	0290efb3	rem	x31,x1,x9	  x1:0x00000000  x9:0x00000000 x31=0x00000000
     348395.000 ns	     34838	80007a84	18207c53	fdiv.s	f24,f0,f2	  f0:0x4f00040f  f2:0x4efff7e0 f24=0x3f800410
     348415.000 ns	     34840	80007a88	4d7a8493	addi	x9,x21,1239	 x21:0x7fffffff  x9=0x800004d6
     348425.000 ns	     34841	80007a8c	01ad9133	sll	x2,x27,x26	 x27:0x00000000 x26:0xffffffff  x2=0x00000000
     348455.000 ns	     34844	80007a90	11c88753	fmul.s	f14,f17,f28	 f17:0x7fc00000 f28:0x7fc00000 f14=0x7fc00000
     348475.000 ns	     34846	80007a94	fa5be997	auipc	x19,0xfa5be	 x19=0x7a5c5a94
     348485.000 ns	     34847	80007a98	000f4f33	xor	x30,x30,x0	 x30:0x00000000  x0:0x00000000 x30=0x00000000
     348505.000 ns	     34849	80007a9c	e00b9fd3	fclass.s	x31,f23	 f23:0x7fc00000 x31=0x00000200
     348525.000 ns	     34851	80007aa0	002b9833	sll	x16,x23,x2	 x23:0x80040fe4  x2:0x00000000 x16=0x80040fe4
     348535.000 ns	     34852	80007aa4	40c057b3	sra	x15,x0,x12	  x0:0x00000000 x12:0x00200000 x15=0x00000000
     348555.000 ns	     34854	80007aa8	20ec2453	fsgnjx.s	f8,f24,f14	 f24:0x3f800410 f14:0x7fc00000  f8=0x3f800410
     348585.000 ns	     34857	80007aac	c0191cd3	fcvt.wu.s	x25,f18	 f18:0x46b50a40 x25=0x00005a85
     348605.000 ns	     34859	80007ab0	014786b3	add	x13,x15,x20	 x15:0x00000000 x20:0x00000000 x13=0x00000000
     348625.000 ns	     34861	80007ab4	283f1ed3	fmax.s	f29,f30,f3	 f30:0xffc00000  f3:0xcefff7e1 f29=0xcefff7e1
     348655.000 ns	     34864	80007ab8	e00e0153	fmv.x.w	x2,f28	 f28:0x7fc00000  x2=0x7fc00000
     348705.000 ns	     34869	80007abc	0882b353	fsub.s	f6,f5,f8	  f5:0x8000016f  f8:0x3f800410  f6=0xbf800410
     348745.000 ns	     34873	80007ac0	199f8fd3	fdiv.s	f31,f31,f25	 f31:0x00000000 f25:0x7fc00000 f31=0x7fc00000
     348775.000 ns	     34876	80007ac4	038c0333	mul	x6,x24,x24	 x24:0x7fffffff x24:0x7fffffff  x6=0x00000001
     348805.000 ns	     34879	80007ac8	f00202d3	fmv.w.x	f5,x4	  x4:0x00000040  f5=0x00000040
     348835.000 ns	     34882	80007acc	e0048453	fmv.x.w	x8,f9	  f9:0xc6b50a40  x8=0xc6b50a40
     348875.000 ns	     34886	80007ad0	18f41cd3	fdiv.s	f25,f8,f15	  f8:0x3f800410 f15:0x7fc00000 f25=0x7fc00000
     348895.000 ns	     34888	80007ad4	416f0833	sub	x16,x30,x22	 x30:0x00000000 x22:0x8004162d x16=0x7ffbe9d3
     348915.000 ns	     34890	80007ad8	a1330853	fle.s	x16,f6,f19	  f6:0xbf800410 f19:0x46b50a40 x16=0x00000001
     348935.000 ns	     34892	80007adc	00425c13	srli	x24,x4,0x4	  x4:0x00000040 x24=0x00000004
     348945.000 ns	     34893	80007ae0	00000013	addi	x0,x0,0	  x0:0x00000000
     348955.000 ns	     34894	80007ae4	40e27f37	lui	x30,0x40e27	 x30=0x40e27000
     348975.000 ns	     34896	80007ae8	a01b8e53	fle.s	x28,f23,f1	 f23:0x7fc00000  f1:0x00000000 x28=0x00000000
     349345.000 ns	     34933	80007aec	03d466b3	rem	x13,x8,x29	  x8:0xc6b50a40 x29:0x46b50a40 x13=0xc6b50a40
     349365.000 ns	     34935	80007af0	01344433	xor	x8,x8,x19	  x8:0xc6b50a40 x19:0x7a5c5a94  x8=0xbce950d4
     349375.000 ns	     34936	80007af4	016e0db3	add	x27,x28,x22	 x28:0x00000000 x22:0x8004162d x27=0x8004162d
     349385.000 ns	     34937	80007af8	00cee693	ori	x13,x29,12	 x29:0x46b50a40 x13=0x46b50a4c
     349745.000 ns	     34973	80007afc	02c0ccb3	div	x25,x1,x12	  x1:0x00000000 x12:0x00200000 x25=0x00000000
     349775.000 ns	     34976	80007b00	21c006d3	fsgnj.s	f13,f0,f28	  f0:0x4f00040f f28:0x7fc00000 f13=0x4f00040f
     350145.000 ns	     35013	80007b04	03e9e833	rem	x16,x19,x30	 x19:0x7a5c5a94 x30:0x40e27000 x16=0x3979ea94
     350165.000 ns	     35015	80007b08	e3ff3893	sltiu	x17,x30,-449	 x30:0x40e27000 x17=0x00000001
     350175.000 ns	     35016	80007b0c	00161493	slli	x9,x12,0x1	 x12:0x00200000  x9=0x00400000
     350195.000 ns	     35018	80007b10	d011fd53	fcvt.s.wu	f26,x3	  x3:0x00000000 f26=0x00000000
     350215.000 ns	     35020	80007b14	0029e333	or	x6,x19,x2	 x19:0x7a5c5a94  x2:0x7fc00000  x6=0x7fdc5a94
     350225.000 ns	     35021	80007b18	fb7d45b7	lui	x11,0xfb7d4	 x11=0xfb7d4000
     350235.000 ns	     35022	80007b1c	00144e33	xor	x28,x8,x1	  x8:0xbce950d4  x1:0x00000000 x28=0xbce950d4
     350245.000 ns	     35023	80007b20	00b8b533	sltu	x10,x17,x11	 x17:0x00000001 x11:0x00000000 x10=0x00000001
     350265.000 ns	     35025	80007b24	e00892d3	fclass.s	x5,f17	 f17:0x7fc00000  x5=0x00000200
     350285.000 ns	     35027	80007b28	01341fb3	sll	x31,x8,x19	  x8:0xbce950d4 x19:0x7a5c5a94 x31=0x0d400000
     350295.000 ns	     35028	80007b2c	003c7433	and	x8,x24,x3	 x24:0x00000004  x3:0x00000000  x8=0x00000000
     350305.000 ns	     35029	80007b30	41e08a33	sub	x20,x1,x30	  x1:0x00000000 x30:0x40e27000 x20=0xbf1d9000
     350315.000 ns	     35030	80007b34	fc956293	ori	x5,x10,-55	 x10:0x00000001  x5=0xffffffc9
     350335.000 ns	     35032	80007b38	d01c7453	fcvt.s.wu	f8,x24	 x24:0x00000004  f8=0x40800000
     350355.000 ns	     35034	80007b3c	2ecbc293	xori	x5,x23,748	 x23:0x80040fe4  x5=0x80040d08
     350375.000 ns	     35036	80007b40	28681fd3	fmax.s	f31,f16,f6	 f16:0x00000000  f6:0xbf800410 f31=0x00000000
     350405.000 ns	     35039	80007b44	218126d3	fsgnjx.s	f13,f2,f24	  f2:0x4efff7e0 f24:0x3f800410 f13=0x4efff7e0
     350455.000 ns	     35044	80007b48	09a07053	fsub.s	f0,f0,f26	  f0:0x4f00040f f26:0x00000000  f0=0x4f00040f
     350475.000 ns	     35046	80007b4c	010141b3	xor	x3,x2,x16	  x2:0x7fc00000 x16:0x3979ea94  x3=0x46b9ea94
     350805.000 ns	     35079	80007b50	18533253	fdiv.s	f4,f6,f5	  f6:0xbf800410  f5:0x00000040  f4=0xfe34ba72
     350825.000 ns	     35081	80007b54	4a29e393	ori	x7,x19,1186	 x19:0x7a5c5a94  x7=0x7a5c5eb6
     350845.000 ns	     35083	80007b58	29709453	fmax.s	f8,f1,f23	  f1:0x00000000 f23:0x7fc00000  f8=0x00000000
     350865.000 ns	     35085	80007b5c	00fc5813	srli	x16,x24,0xf	 x24:0x00000004 x16=0x00000000
     350875.000 ns	     35086	80007b60	00000013	addi	x0,x0,0	  x0:0x00000000
     350885.000 ns	     35087	80007b64	4036d4b3	sra	x9,x13,x3	 x13:0x46b50a4c  x3:0x46b9ea94  x9=0x0000046b
     350895.000 ns	     35088	80007b68	01c05133	srl	x2,x0,x28	  x0:0x00000000 x28:0xbce950d4  x2=0x00000000
     350905.000 ns	     35089	80007b6c	40b65093	srai	x1,x12,0xb	 x12:0x00200000  x1=0x00000400
     350915.000 ns	     35090	80007b70	412d5e93	srai	x29,x26,0x12	 x26:0xffffffff x29=0xffffffff
     350925.000 ns	     35091	80007b74	00d9c0b3	xor	x1,x19,x13	 x19:0x7a5c5a94 x13:0x46b50a4c  x1=0x3ce950d8
     350935.000 ns	     35092	80007b78	2c28a097	auipc	x1,0x2c28a	  x1=0xac291b78
     350975.000 ns	     35096	80007b7c	09e31853	fsub.s	f16,f6,f30	  f6:0xbf800410 f30:0xffc00000 f16=0x7fc00000
     350995.000 ns	     35098	80007b80	0059dc93	srli	x25,x19,0x5	 x19:0x7a5c5a94 x25=0x03d2e2d4
     351005.000 ns	     35099	80007b84	00000013	addi	x0,x0,0	  x0:0x00000000
     351035.000 ns	     35102	80007b88	580af2d3	fsqrt.s	f5,f21	 f21:0xffc00000  f5=0x7fc00000
     351055.000 ns	     35104	80007b8c	0158c6b3	xor	x13,x17,x21	 x17:0x00000001 x21:0x7fffffff x13=0x7ffffffe
     351065.000 ns	     35105	80007b90	000158b3	srl	x17,x2,x0	  x2:0x00000000  x0:0x00000000 x17=0x00000000
     351075.000 ns	     35106	80007b94	003bd6b3	srl	x13,x23,x3	 x23:0x80040fe4  x3:0x46b9ea94 x13=0x00000800
     351085.000 ns	     35107	80007b98	00bbb9b3	sltu	x19,x23,x11	 x23:0x80040fe4 x11:0xfb7d4000 x19=0x00000001
     351095.000 ns	     35108	80007b9c	013f2c33	slt	x24,x30,x19	 x30:0x40e27000 x19:0x7a5c5a94 x24=0x00000000
     351105.000 ns	     35109	80007ba0	41b653b3	sra	x7,x12,x27	 x12:0x00200000 x27:0x8004162d  x7=0x00000100
     351115.000 ns	     35110	80007ba4	410d0233	sub	x4,x26,x16	 x26:0xffffffff x16:0x00000000  x4=0xffffffff
     351125.000 ns	     35111	80007ba8	d7122393	slti	x7,x4,-655	  x4:0x00000040  x7=0x00000000
     351135.000 ns	     35112	80007bac	00db0fb3	add	x31,x22,x13	 x22:0x8004162d x13:0x00000800 x31=0x80041e2d
     351175.000 ns	     35116	80007bb0	08200253	fsub.s	f4,f0,f2	  f0:0x4f00040f  f2:0x4efff7e0  f4=0x4901f000
     351545.000 ns	     35153	80007bb4	03a07333	remu	x6,x0,x26	  x0:0x00000000 x26:0xffffffff  x6=0x00000000
     351575.000 ns	     35156	80007bb8	022221b3	mulhsu	x3,x4,x2	  x4:0xffffffff  x2:0x00000000  x3=0x00000000
     351605.000 ns	     35159	80007bbc	037e8db3	mul	x27,x29,x23	 x29:0xffffffff x23:0x80040fe4 x27=0x7ffbf01c
     351635.000 ns	     35162	80007bc0	c00a78d3	fcvt.w.s	x17,f20	 f20:0xff800000 x17=0x80000000
     351665.000 ns	     35165	80007bc4	d009f6d3	fcvt.s.w	f13,x19	 x19:0x00000001 f13=0x3f800000
     351695.000 ns	     35168	80007bc8	20c1ad53	fsgnjx.s	f26,f3,f12	  f3:0xcefff7e1 f12:0x7fc00000 f26=0xcefff7e1
     351725.000 ns	     35171	80007bcc	02aba4b3	mulhsu	x9,x23,x10	 x23:0x80040fe4 x10:0x00000001  x9=0xffffffff
     351755.000 ns	     35174	80007bd0	d0111ad3	fcvt.s.wu	f21,x2	  x2:0x00000000 f21=0x00000000
     351805.000 ns	     35179	80007bd4	010bff53	fadd.s	f30,f23,f16	 f23:0x7fc00000 f16:0x7fc00000 f30=0x7fc00000
     351835.000 ns	     35182	80007bd8	03723633	mulhu	x12,x4,x23	  x4:0xffffffff x23:0x80040fe4 x12=0x80040fe3
     352205.000 ns	     35219	80007bdc	0299c0b3	div	x1,x19,x9	 x19:0x00000001  x9:0xffffffff  x1=0xffffffff
     352225.000 ns	     35221	80007be0	00f7be33	sltu	x28,x15,x15	 x15:0x00000000 x15:0x00000000 x28=0x00000000
     352235.000 ns	     35222	80007be4	00000013	addi	x0,x0,0	  x0:0x00000000
     352245.000 ns	     35223	80007be8	00973333	sltu	x6,x14,x9	 x14:0x80000000  x9:0xffffffff  x6=0x00000001
     352255.000 ns	     35224	80007bec	011aec33	or	x24,x21,x17	 x21:0x7fffffff x17:0x80000000 x24=0xffffffff
     352265.000 ns	     35225	80007bf0	93ce7813	andi	x16,x28,-1732	 x28:0x00000000 x16=0x00000000
     352285.000 ns	     35227	80007bf4	214110d3	fsgnjn.s	f1,f2,f20	  f2:0x4efff7e0 f20:0xff800000  f1=0x4efff7e0
     352315.000 ns	     35230	80007bf8	21fd1953	fsgnjn.s	f18,f26,f31	 f26:0xcefff7e1 f31:0x00000000 f18=0xcefff7e1
     352365.000 ns	     35235	80007bfc	08287453	fsub.s	f8,f16,f2	 f16:0x7fc00000  f2:0x4efff7e0  f8=0x7fc00000
     352385.000 ns	     35237	80007c00	010f93b3	sll	x7,x31,x16	 x31:0x80041e2d x16:0x00000000  x7=0x80041e2d
     352395.000 ns	     35238	80007c04	3f200c13	addi	x24,x0,1010	  x0:0x00000000 x24=0x000003f2
     352435.000 ns	     35242	80007c08	00f02f53	fadd.s	f30,f0,f15	  f0:0x4f00040f f15:0x7fc00000 f30=0x7fc00000
     352455.000 ns	     35244	80007c0c	202bd7b7	lui	x15,0x202bd	 x15=0x202bd000
     352475.000 ns	     35246	80007c10	c01bf553	fcvt.wu.s	x10,f23	 f23:0x7fc00000 x10=0xffffffff
     352505.000 ns	     35249	80007c14	d01df053	fcvt.s.wu	f0,x27	 x27:0x7ffbf01c  f0=0x4efff7e0
     352535.000 ns	     35252	80007c18	21952ed3	fsgnjx.s	f29,f10,f25	 f10:0x46b50a40 f25:0x7fc00000 f29=0x46b50a40
     352575.000 ns	     35256	80007c1c	191b92d3	fdiv.s	f5,f23,f17	 f23:0x7fc00000 f17:0x7fc00000  f5=0x7fc00000
     352615.000 ns	     35260	80007c20	102674d3	fmul.s	f9,f12,f2	 f12:0x7fc00000  f2:0x4efff7e0  f9=0x7fc00000
     352635.000 ns	     35262	80007c24	aaabda97	auipc	x21,0xaaabd	 x21=0x2aac4c24
     352645.000 ns	     35263	80007c28	a6463193	sltiu	x3,x12,-1436	 x12:0x80040fe3  x3=0x00000001
     352665.000 ns	     35265	80007c2c	29c016d3	fmax.s	f13,f0,f28	  f0:0x4efff7e0 f28:0x7fc00000 f13=0x4efff7e0
     352695.000 ns	     35268	80007c30	a1c80ed3	fle.s	x29,f16,f28	 f16:0x7fc00000 f28:0x7fc00000 x29=0x00000000
     352715.000 ns	     35270	80007c34	78b08513	addi	x10,x1,1931	  x1:0xffffffff x10=0x0000078a
     352725.000 ns	     35271	80007c38	92a54093	xori	x1,x10,-1750	 x10:0xffffffff  x1=0xfffffea0
     353085.000 ns	     35307	80007c3c	0342d633	divu	x12,x5,x20	  x5:0x80040d08 x20:0xbf1d9000 x12=0x00000000
     353125.000 ns	     35311	80007c40	104c0ad3	fmul.s	f21,f24,f4	 f24:0x3f800410  f4:0x4901f000 f21=0x4901f420
     353145.000 ns	     35313	80007c44	01b7f7b3	and	x15,x15,x27	 x15:0x202bd000 x27:0x7ffbf01c x15=0x202bd000
     353165.000 ns	     35315	80007c48	a1102e53	feq.s	x28,f0,f17	  f0:0x4efff7e0 f17:0x7fc00000 x28=0x00000000
     353205.000 ns	     35319	80007c4c	11f7a353	fmul.s	f6,f15,f31	 f15:0x7fc00000 f31:0x00000000  f6=0x7fc00000
     353225.000 ns	     35321	80007c50	4068d133	sra	x2,x17,x6	 x17:0x80000000  x6:0x00000001  x2=0xc0000000
     353235.000 ns	     35322	80007c54	d49b3b13	sltiu	x22,x22,-695	 x22:0x8004162d x22=0x00000001
     353245.000 ns	     35323	80007c58	faa5fe93	andi	x29,x11,-86	 x11:0xfb7d4000 x29=0xfb7d4000
     353265.000 ns	     35325	80007c5c	2048a053	fsgnjx.s	f0,f17,f4	 f17:0x7fc00000  f4:0x4901f000  f0=0x7fc00000
     353635.000 ns	     35362	80007c60	02fcd7b3	divu	x15,x25,x15	 x25:0x03d2e2d4 x15:0x202bd000 x15=0x00000000
     354005.000 ns	     35399	80007c64	034f6033	rem	x0,x30,x20	 x30:0x40e27000 x20:0xbf1d9000
     354035.000 ns	     35402	80007c68	21aa2653	fsgnjx.s	f12,f20,f26	 f20:0xff800000 f26:0xcefff7e1 f12=0x7f800000
     354055.000 ns	     35404	80007c6c	01a98233	add	x4,x19,x26	 x19:0x00000001 x26:0xffffffff  x4=0x00000000
     354075.000 ns	     35406	80007c70	0298ba33	mulhu	x20,x17,x9	 x17:0x80000000  x9:0xffffffff x20=0x7fffffff
     354105.000 ns	     35409	80007c74	03e13eb3	mulhu	x29,x2,x30	  x2:0xc0000000 x30:0x40e27000 x29=0x30a9d400
     354125.000 ns	     35411	80007c78	00b354b3	srl	x9,x6,x11	  x6:0x00000001 x11:0xfb7d4000  x9=0x00000001
     354135.000 ns	     35412	80007c7c	ec124f37	lui	x30,0xec124	 x30=0xec124000
     354155.000 ns	     35414	80007c80	d015f253	fcvt.s.wu	f4,x11	 x11:0xfb7d4000  f4=0x4f7b7d40
     354175.000 ns	     35416	80007c84	fca30c13	addi	x24,x6,-54	  x6:0x00000001 x24=0xffffffcb
     354185.000 ns	     35417	80007c88	40db5e33	sra	x28,x22,x13	 x22:0x00000001 x13:0x00000800 x28=0x00000001
     354205.000 ns	     35419	80007c8c	020015b3	mulh	x11,x0,x0	  x0:0x00000000  x0:0x00000000 x11=0x00000000
     354235.000 ns	     35422	80007c90	a1aca553	feq.s	x10,f25,f26	 f25:0x7fc00000 f26:0xcefff7e1 x10=0x00000000
     354265.000 ns	     35425	80007c94	a083a4d3	feq.s	x9,f7,f8	  f7:0x00000000  f8:0x7fc00000  x9=0x00000000
     354285.000 ns	     35427	80007c98	40e3dd13	srai	x26,x7,0xe	  x7:0x80041e2d x26=0xfffe0010
     354305.000 ns	     35429	80007c9c	036f3d33	mulhu	x26,x30,x22	 x30:0xec124000 x22:0x00000001 x26=0x00000000
     354335.000 ns	     35432	80007ca0	e0041853	fclass.s	x16,f8	  f8:0x7fc00000 x16=0x00000200
     354355.000 ns	     35434	80007ca4	191b2393	slti	x7,x22,401	 x22:0x00000001  x7=0x00000001
     354375.000 ns	     35436	80007ca8	d01af753	fcvt.s.wu	f14,x21	 x21:0x2aac4c24 f14=0x4e2ab130
     354395.000 ns	     35438	80007cac	00b2b533	sltu	x10,x5,x11	  x5:0x80040d08 x11:0x00000000 x10=0x00000000
     354415.000 ns	     35440	80007cb0	a0d49c53	flt.s	x24,f9,f13	  f9:0x7fc00000 f13:0x4efff7e0 x24=0x00000000
     354445.000 ns	     35443	80007cb4	296916d3	fmax.s	f13,f18,f22	 f18:0xcefff7e1 f22:0x3f800000 f13=0x3f800000
     354475.000 ns	     35446	80007cb8	21a0a0d3	fsgnjx.s	f1,f1,f26	  f1:0x4efff7e0 f26:0xcefff7e1  f1=0xcefff7e0
     354505.000 ns	     35449	80007cbc	20b881d3	fsgnj.s	f3,f17,f11	 f17:0x7fc00000 f11:0x7fc00000  f3=0x7fc00000
     354535.000 ns	     35452	80007cc0	293e1f53	fmax.s	f30,f28,f19	 f28:0x7fc00000 f19:0x46b50a40 f30=0x46b50a40
     354565.000 ns	     35455	80007cc4	0254b9b3	mulhu	x19,x9,x5	  x9:0x00000000  x5:0x80040d08 x19=0x00000000
     354595.000 ns	     35458	80007cc8	f00e0053	fmv.w.x	f0,x28	 x28:0x00000001  f0=0x00000001
     354615.000 ns	     35460	80007ccc	ce7e6f13	ori	x30,x28,-793	 x28:0x00000001 x30=0xfffffce7
     354635.000 ns	     35462	80007cd0	023f2233	mulhsu	x4,x30,x3	 x30:0xec124000  x3:0x00000001  x4=0xffffffff
     354655.000 ns	     35464	80007cd4	0009bab3	sltu	x21,x19,x0	 x19:0x00000000  x0:0x00000000 x21=0x00000000
     354685.000 ns	     35467	80007cd8	1078b3d3	fmul.s	f7,f17,f7	 f17:0x7fc00000  f7:0x00000000  f7=0x7fc00000
     354705.000 ns	     35469	80007cdc	00149333	sll	x6,x9,x1	  x9:0x00000000  x1:0xfffffea0  x6=0x00000000
     354715.000 ns	     35470	80007ce0	000c7633	and	x12,x24,x0	 x24:0x00000000  x0:0x00000000 x12=0x00000000
     354735.000 ns	     35472	80007ce4	a1fd11d3	flt.s	x3,f26,f31	 f26:0xcefff7e1 f31:0x00000000  x3=0x00000001
     354765.000 ns	     35475	80007ce8	f00505d3	fmv.w.x	f11,x10	 x10:0x00000000 f11=0x00000000
     354795.000 ns	     35478	80007cec	e00d97d3	fclass.s	x15,f27	 f27:0x00000000 x15=0x00000010
     354815.000 ns	     35480	80007cf0	4160da13	srai	x20,x1,0x16	  x1:0xfffffea0 x20=0xffffffff
     354835.000 ns	     35482	80007cf4	021fb233	mulhu	x4,x31,x1	 x31:0x80041e2d  x1:0xfffffea0  x4=0x80041d7c
     354855.000 ns	     35484	80007cf8	af578313	addi	x6,x15,-1291	 x15:0x00000010  x6=0xfffffb05
     354875.000 ns	     35486	80007cfc	03be2b33	mulhsu	x22,x28,x27	 x28:0x00000001 x27:0x7ffbf01c x22=0x00000000
     354895.000 ns	     35488	80007d00	d234ca97	auipc	x21,0xd234c	 x21=0x52353d00
     354915.000 ns	     35490	80007d04	d01efbd3	fcvt.s.wu	f23,x29	 x29:0x30a9d400 f23=0x4e42a750
     354935.000 ns	     35492	80007d08	01ac96b3	sll	x13,x25,x26	 x25:0x03d2e2d4 x26:0x00000000 x13=0x03d2e2d4
     354945.000 ns	     35493	80007d0c	a7576213	ori	x4,x14,-1419	 x14:0x80000000  x4=0xfffffa75
     354955.000 ns	     35494	80007d10	34729f17	auipc	x30,0x34729	 x30=0xb4730d10
     354985.000 ns	     35497	80007d14	5807f2d3	fsqrt.s	f5,f15	 f15:0x7fc00000  f5=0x7fc00000
     355005.000 ns	     35499	80007d18	4155d533	sra	x10,x11,x21	 x11:0x00000000 x21:0x52353d00 x10=0x00000000
     355015.000 ns	     35500	80007d1c	00000013	addi	x0,x0,0	  x0:0x00000000
     355045.000 ns	     35503	80007d20	1102f753	fmul.s	f14,f5,f16	  f5:0x7fc00000 f16:0x7fc00000 f14=0x7fc00000
     355075.000 ns	     35506	80007d24	03c51eb3	mulh	x29,x10,x28	 x10:0x00000000 x28:0x00000001 x29=0x00000000
     355105.000 ns	     35509	80007d28	02bd2533	mulhsu	x10,x26,x11	 x26:0x00000000 x11:0x00000000 x10=0x00000000
     355125.000 ns	     35511	80007d2c	00d26133	or	x2,x4,x13	  x4:0xfffffa75 x13:0x03d2e2d4  x2=0xfffffaf5
     355145.000 ns	     35513	80007d30	c01cc3d3	fcvt.wu.s	x7,f25	 f25:0x7fc00000  x7=0xffffffff
     355175.000 ns	     35516	80007d34	286199d3	fmax.s	f19,f3,f6	  f3:0x7fc00000  f6:0x7fc00000 f19=0x7fc00000
     355195.000 ns	     35518	80007d38	4036d513	srai	x10,x13,0x3	 x13:0x03d2e2d4 x10=0x007a5c5a
     355205.000 ns	     35519	80007d3c	497aa1b7	lui	x3,0x497aa	  x3=0x497aa000
     355225.000 ns	     35521	80007d40	02bde3b3	rem	x7,x27,x11	 x27:0x7ffbf01c x11:0x00000000  x7=0x7ffbf01c
     355255.000 ns	     35524	80007d44	a14b1e53	flt.s	x28,f22,f20	 f22:0x3f800000 f20:0xff800000 x28=0x00000000
     355275.000 ns	     35526	80007d48	01594d33	xor	x26,x18,x21	 x18:0x80041024 x21:0x52353d00 x26=0xd2312d24
     355285.000 ns	     35527	80007d4c	01f22633	slt	x12,x4,x31	  x4:0xfffffa75 x31:0x80041e2d x12=0x00000000
     355305.000 ns	     35529	80007d50	e00019d3	fclass.s	x19,f0	  f0:0x00000001 x19=0x00000020
     355335.000 ns	     35532	80007d54	c01d38d3	fcvt.wu.s	x17,f26	 f26:0xcefff7e1 x17=0x7ffbf080
     355365.000 ns	     35535	80007d58	d01fc9d3	fcvt.s.wu	f19,x31	 x31:0x80041e2d f19=0x4f00041e
     355385.000 ns	     35537	80007d5c	0132d1b3	srl	x3,x5,x19	  x5:0x80040d08 x19:0x00000020  x3=0x80040d08
     355405.000 ns	     35539	80007d60	297416d3	fmax.s	f13,f8,f23	  f8:0x7fc00000 f23:0x4e42a750 f13=0x4e42a750
     355435.000 ns	     35542	80007d64	e0038d53	fmv.x.w	x26,f7	  f7:0x7fc00000 x26=0x7fc00000
     355455.000 ns	     35544	80007d68	4a92ae13	slti	x28,x5,1193	  x5:0x80040d08 x28=0x00000001
     355495.000 ns	     35548	80007d6c	0021a7d3	fadd.s	f15,f3,f2	  f3:0x7fc00000  f2:0x4efff7e0 f15=0x7fc00000
     355525.000 ns	     35551	80007d70	c0141053	fcvt.wu.s	x0,f8	  f8:0x7fc00000
     355545.000 ns	     35553	80007d74	01f06633	or	x12,x0,x31	  x0:0x00000000 x31:0x80041e2d x12=0x80041e2d
     355575.000 ns	     35556	80007d78	11cc9253	fmul.s	f4,f25,f28	 f25:0x7fc00000 f28:0x7fc00000  f4=0x7fc00000
     355605.000 ns	     35559	80007d7c	210020d3	fsgnjx.s	f1,f0,f16	  f0:0x00000001 f16:0x7fc00000  f1=0x00000001
     355635.000 ns	     35562	80007d80	d01ccf53	fcvt.s.wu	f30,x25	 x25:0x03d2e2d4 f30=0x4c74b8b5
     355665.000 ns	     35565	80007d84	209b28d3	fsgnjx.s	f17,f22,f9	 f22:0x3f800000  f9:0x7fc00000 f17=0x3f800000
     356035.000 ns	     35602	80007d88	02666033	rem	x0,x12,x6	 x12:0x80041e2d  x6:0xfffffb05
     356055.000 ns	     35604	80007d8c	e4186313	ori	x6,x16,-447	 x16:0x00000200  x6=0xfffffe41
     356065.000 ns	     35605	80007d90	00000013	addi	x0,x0,0	  x0:0x00000000
     356425.000 ns	     35641	80007d94	039e72b3	remu	x5,x28,x25	 x28:0x00000001 x25:0x03d2e2d4  x5=0x00000001
     356795.000 ns	     35678	80007d98	03e27ab3	remu	x21,x4,x30	  x4:0xfffffa75 x30:0xb4730d10 x21=0x4b8ced65
     356835.000 ns	     35682	80007d9c	19d38053	fdiv.s	f0,f7,f29	  f7:0x7fc00000 f29:0x46b50a40  f0=0x7fc00000
     356855.000 ns	     35684	80007da0	fadf3513	sltiu	x10,x30,-83	 x30:0xb4730d10 x10=0x00000001
     356875.000 ns	     35686	80007da4	c0030e53	fcvt.w.s	x28,f6	  f6:0x7fc00000 x28=0x7fffffff
     356895.000 ns	     35688	80007da8	01a0ac33	slt	x24,x1,x26	  x1:0xfffffea0 x26:0x7fc00000 x24=0x00000001
     356915.000 ns	     35690	80007dac	a15b93d3	flt.s	x7,f23,f21	 f23:0x4e42a750 f21:0x4901f420  x7=0x00000000
     356935.000 ns	     35692	80007db0	00c37fb3	and	x31,x6,x12	  x6:0xfffffe41 x12:0x80041e2d x31=0x80041e01
     356945.000 ns	     35693	80007db4	00aa1533	sll	x10,x20,x10	 x20:0xffffffff x10:0x00000001 x10=0xfffffffe
     356965.000 ns	     35695	80007db8	d001fa53	fcvt.s.w	f20,x3	  x3:0x80040d08 f20=0xcefff7e5
     356995.000 ns	     35698	80007dbc	d005f353	fcvt.s.w	f6,x11	 x11:0x00000000  f6=0x00000000
     357025.000 ns	     35701	80007dc0	c00275d3	fcvt.w.s	x11,f4	  f4:0x7fc00000 x11=0x7fffffff
     357045.000 ns	     35703	80007dc4	00816ab3	or	x21,x2,x8	  x2:0xfffffaf5  x8:0x00000000 x21=0xfffffaf5
     357065.000 ns	     35705	80007dc8	e00890d3	fclass.s	x1,f17	 f17:0x3f800000  x1=0x00000040
     357085.000 ns	     35707	80007dcc	00110c33	add	x24,x2,x1	  x2:0xfffffaf5  x1:0xfffffea0 x24=0xfffffb35
     357095.000 ns	     35708	80007dd0	00291b33	sll	x22,x18,x2	 x18:0x80041024  x2:0xfffffaf5 x22=0x04800000
     357105.000 ns	     35709	80007dd4	00000013	addi	x0,x0,0	  x0:0x00000000
     357115.000 ns	     35710	80007dd8	1cdf7597	auipc	x11,0x1cdf7	 x11=0x9cdfedd8
     357125.000 ns	     35711	80007ddc	6f662693	slti	x13,x12,1782	 x12:0x80041e2d x13=0x00000001
     357135.000 ns	     35712	80007de0	002aaa33	slt	x20,x21,x2	 x21:0xfffffaf5  x2:0xfffffaf5 x20=0x00000000
     357155.000 ns	     35714	80007de4	03150db3	mul	x27,x10,x17	 x10:0xfffffffe x17:0x7ffbf080 x27=0x00081f00
     357525.000 ns	     35751	80007de8	023f48b3	div	x17,x30,x3	 x30:0xb4730d10  x3:0x80040d08 x17=0x00000000
     357555.000 ns	     35754	80007dec	028a8233	mul	x4,x21,x8	 x21:0xfffffaf5  x8:0x00000000  x4=0x00000000
     357575.000 ns	     35756	80007df0	010e37b3	sltu	x15,x28,x16	 x28:0x7fffffff x16:0x00000200 x15=0x00000000
     357585.000 ns	     35757	80007df4	b9a6a997	auipc	x19,0xb9a6a	 x19=0x39a71df4
     357605.000 ns	     35759	80007df8	a18e82d3	fle.s	x5,f29,f24	 f29:0x46b50a40 f24:0x3f800410  x5=0x00000000
     357625.000 ns	     35761	80007dfc	30702593	slti	x11,x0,775	  x0:0x00000000 x11=0x00000001
     357645.000 ns	     35763	80007e00	201f2053	fsgnjx.s	f0,f30,f1	 f30:0x4c74b8b5  f1:0x00000001  f0=0x4c74b8b5
     357695.000 ns	     35768	80007e04	0121f753	fadd.s	f14,f3,f18	  f3:0x7fc00000 f18:0xcefff7e1 f14=0x7fc00000
     357725.000 ns	     35771	80007e08	02f1d433	divu	x8,x3,x15	  x3:0x80040d08 x15:0x00000000  x8=0xffffffff
     357745.000 ns	     35773	80007e0c	00b08cb3	add	x25,x1,x11	  x1:0x00000040 x11:0x00000001 x25=0x00000041
     357765.000 ns	     35775	80007e10	030f06b3	mul	x13,x30,x16	 x30:0xb4730d10 x16:0x00000200 x13=0xe61a2000
     358135.000 ns	     35812	80007e14	03c1d6b3	divu	x13,x3,x28	  x3:0x80040d08 x28:0x7fffffff x13=0x00000001
     358185.000 ns	     35817	80007e18	09b0fcd3	fsub.s	f25,f1,f27	  f1:0x00000001 f27:0x00000000 f25=0x00000001
     358205.000 ns	     35819	80007e1c	000678b3	and	x17,x12,x0	 x12:0x80041e2d  x0:0x00000000 x17=0x00000000
     358215.000 ns	     35820	80007e20	413401b3	sub	x3,x8,x19	  x8:0xffffffff x19:0x39a71df4  x3=0xc658e20b
     358225.000 ns	     35821	80007e24	41050eb3	sub	x29,x10,x16	 x10:0xfffffffe x16:0x00000200 x29=0xfffffdfe
     358255.000 ns	     35824	80007e28	115ecb53	fmul.s	f22,f29,f21	 f29:0x46b50a40 f21:0x4901f420 f22=0x5037cd9e
     358285.000 ns	     35827	80007e2c	c00089d3	fcvt.w.s	x19,f1	  f1:0x00000001 x19=0x00000000
     358315.000 ns	     35830	80007e30	020f7fb3	remu	x31,x30,x0	 x30:0xb4730d10  x0:0x00000000 x31=0xb4730d10
     358335.000 ns	     35832	80007e34	016416b3	sll	x13,x8,x22	  x8:0xffffffff x22:0x04800000 x13=0xffffffff
     358355.000 ns	     35834	80007e38	20bb2e53	fsgnjx.s	f28,f22,f11	 f22:0x5037cd9e f11:0x00000000 f28=0x5037cd9e
     358385.000 ns	     35837	80007e3c	027287b3	mul	x15,x5,x7	  x5:0x00000000  x7:0x00000000 x15=0x00000000
     358415.000 ns	     35840	80007e40	c0017153	fcvt.w.s	x2,f2	  f2:0x4efff7e0  x2=0x7ffbf000
     358435.000 ns	     35842	80007e44	001812b3	sll	x5,x16,x1	 x16:0x00000200  x1:0x00000040  x5=0x00000200
     358445.000 ns	     35843	80007e48	0100d3b3	srl	x7,x1,x16	  x1:0x00000040 x16:0x00000200  x7=0x00000040
     358455.000 ns	     35844	80007e4c	01a599b3	sll	x19,x11,x26	 x11:0x00000001 x26:0x7fc00000 x19=0x00000001
     358475.000 ns	     35846	80007e50	f0008353	fmv.w.x	f6,x1	  x1:0x00000040  f6=0x00000040
     358515.000 ns	     35850	80007e54	58044ed3	fsqrt.s	f29,f8	  f8:0x7fc00000 f29=0x7fc00000
     358545.000 ns	     35853	80007e58	02de31b3	mulhu	x3,x28,x13	 x28:0x7fffffff x13:0xffffffff  x3=0x7ffffffe
     358565.000 ns	     35855	80007e5c	00f635b3	sltu	x11,x12,x15	 x12:0x80041e2d x15:0x00000000 x11=0x00000000
     358585.000 ns	     35857	80007e60	21b127d3	fsgnjx.s	f15,f2,f27	  f2:0x4efff7e0 f27:0x00000000 f15=0x4efff7e0
     358955.000 ns	     35894	80007e64	035f43b3	div	x7,x30,x21	 x30:0xb4730d10 x21:0xfffffaf5  x7=0x000efb3b
     358975.000 ns	     35896	80007e68	4c02bc93	sltiu	x25,x5,1216	  x5:0x00000200 x25=0x00000001
     358985.000 ns	     35897	80007e6c	00ac8f33	add	x30,x25,x10	 x25:0x00000041 x10:0xfffffffe x30=0xffffffff
     360155.000 ns	     36014	80007e70	58057853	fsqrt.s	f16,f10	 f10:0x46b50a40 f16=0x43183a19
     360175.000 ns	     36016	80007e74	00b0b0b3	sltu	x1,x1,x11	  x1:0x00000040 x11:0x00000000  x1=0x00000000
     360195.000 ns	     36018	80007e78	c0117ad3	fcvt.wu.s	x21,f2	  f2:0x4efff7e0 x21=0x7ffbf000
     360235.000 ns	     36022	80007e7c	5804fdd3	fsqrt.s	f27,f9	  f9:0x7fc00000 f27=0x7fc00000
     360265.000 ns	     36025	80007e80	295d9e53	fmax.s	f28,f27,f21	 f27:0x00000000 f21:0x4901f420 f28=0x4901f420
     360305.000 ns	     36029	80007e84	5801c2d3	fsqrt.s	f5,f3	  f3:0x7fc00000  f5=0x7fc00000
     360335.000 ns	     36032	80007e88	21aeaed3	fsgnjx.s	f29,f29,f26	 f29:0x7fc00000 f26:0xcefff7e1 f29=0xffc00000
     360675.000 ns	     36066	80007e8c	199b0a53	fdiv.s	f20,f22,f25	 f22:0x5037cd9e f25:0x00000001 f20=0x7f800000
     360705.000 ns	     36069	80007e90	e0029cd3	fclass.s	x25,f5	  f5:0x7fc00000 x25=0x00000200
     360735.000 ns	     36072	80007e94	02e108b3	mul	x17,x2,x14	  x2:0x7ffbf000 x14:0x80000000 x17=0x00000000
     360755.000 ns	     36074	80007e98	36963f93	sltiu	x31,x12,873	 x12:0x80041e2d x31=0x00000000
     360775.000 ns	     36076	80007e9c	e00d1553	fclass.s	x10,f26	 f26:0xcefff7e1 x10=0x00000002
     360795.000 ns	     36078	80007ea0	06622d13	slti	x26,x4,102	  x4:0x00000000 x26=0x00000001
     360805.000 ns	     36079	80007ea4	4093de33	sra	x28,x7,x9	  x7:0x000efb3b  x9:0x00000000 x28=0x000efb3b
     360825.000 ns	     36081	80007ea8	a1dda853	feq.s	x16,f27,f29	 f27:0x7fc00000 f29:0xffc00000 x16=0x00000000
     360845.000 ns	     36083	80007eac	40c3d313	srai	x6,x7,0xc	  x7:0x000efb3b  x6=0x000000ef
     360865.000 ns	     36085	80007eb0	206824d3	fsgnjx.s	f9,f16,f6	 f16:0x43183a19  f6:0x00000040  f9=0x43183a19
     360885.000 ns	     36087	80007eb4	776af617	auipc	x12,0x776af	 x12=0xf76b6eb4
     360905.000 ns	     36089	80007eb8	0371b533	mulhu	x10,x3,x23	  x3:0x7ffffffe x23:0x80040fe4 x10=0x400207f0
     361275.000 ns	     36126	80007ebc	02eee833	rem	x16,x29,x14	 x29:0xfffffdfe x14:0x80000000 x16=0xfffffdfe
     361645.000 ns	     36163	80007ec0	02277633	remu	x12,x14,x2	 x14:0x80000000  x2:0x7ffbf000 x12=0x00041000
     361675.000 ns	     36166	80007ec4	20158153	fsgnj.s	f2,f11,f1	 f11:0x00000000  f1:0x00000001  f2=0x00000000
     361705.000 ns	     36169	80007ec8	e0091153	fclass.s	x2,f18	 f18:0xcefff7e1  x2=0x00000002
     361725.000 ns	     36171	80007ecc	41e4d393	srai	x7,x9,0x1e	  x9:0x00000000  x7=0x00000000
     361735.000 ns	     36172	80007ed0	009cdd13	srli	x26,x25,0x9	 x25:0x00000200 x26=0x00000001
     361745.000 ns	     36173	80007ed4	00a6f4b3	and	x9,x13,x10	 x13:0xffffffff x10:0x400207f0  x9=0x400207f0
     361755.000 ns	     36174	80007ed8	00fb5113	srli	x2,x22,0xf	 x22:0x04800000  x2=0x00000900
     361775.000 ns	     36176	80007edc	e0020fd3	fmv.x.w	x31,f4	  f4:0x7fc00000 x31=0x7fc00000
     361805.000 ns	     36179	80007ee0	03154533	div	x10,x10,x17	 x10:0x400207f0 x17:0x00000000 x10=0xffffffff
     361835.000 ns	     36182	80007ee4	d0007a53	fcvt.s.w	f20,x0	  x0:0x00000000 f20=0x00000000
     361865.000 ns	     36185	80007ee8	c009c553	fcvt.w.s	x10,f19	 f19:0x4f00041e x10=0x7fffffff
     361895.000 ns	     36188	80007eec	a0c02353	feq.s	x6,f0,f12	  f0:0x4c74b8b5 f12:0x7f800000  x6=0x00000000
     361925.000 ns	     36191	80007ef0	03b419b3	mulh	x19,x8,x27	  x8:0xffffffff x27:0x00081f00 x19=0xffffffff
     361955.000 ns	     36194	80007ef4	a0f4a153	feq.s	x2,f9,f15	  f9:0x43183a19 f15:0x4efff7e0  x2=0x00000000
     361985.000 ns	     36197	80007ef8	c0068d53	fcvt.w.s	x26,f13	 f13:0x4e42a750 x26=0x30a9d400
     362355.000 ns	     36234	80007efc	032257b3	divu	x15,x4,x18	  x4:0x00000000 x18:0x80041024 x15=0x00000000
     362385.000 ns	     36237	80007f00	217698d3	fsgnjn.s	f17,f13,f23	 f13:0x4e42a750 f23:0x4e42a750 f17=0xce42a750
     363565.000 ns	     36355	80007f04	580aabd3	fsqrt.s	f23,f21	 f21:0x4901f420 f23=0x43b7c7c2
     363585.000 ns	     36357	80007f08	41f3d793	srai	x15,x7,0x1f	  x7:0x00000000 x15=0x00000000
     363605.000 ns	     36359	80007f0c	20310753	fsgnj.s	f14,f2,f3	  f2:0x00000000  f3:0x7fc00000 f14=0x00000000
     363625.000 ns	     36361	80007f10	a4bf5097	auipc	x1,0xa4bf5	  x1=0x24bfcf10
     363635.000 ns	     36362	80007f14	410659b3	sra	x19,x12,x16	 x12:0x00041000 x16:0xfffffdfe x19=0x00000000
     363645.000 ns	     36363	80007f18	009fb8b3	sltu	x17,x31,x9	 x31:0x7fc00000  x9:0x400207f0 x17=0x00000000
     363665.000 ns	     36365	80007f1c	029b9633	mulh	x12,x23,x9	 x23:0x80040fe4  x9:0x400207f0 x12=0xe0000009
     363695.000 ns	     36368	80007f20	21611ad3	fsgnjn.s	f21,f2,f22	  f2:0x00000000 f22:0x5037cd9e f21=0x80000000
     363725.000 ns	     36371	80007f24	02b95b33	divu	x22,x18,x11	 x18:0x80041024 x11:0x00000000 x22=0xffffffff
     363745.000 ns	     36373	80007f28	0051c633	xor	x12,x3,x5	  x3:0x7ffffffe  x5:0x00000200 x12=0x7ffffdfe
     363765.000 ns	     36375	80007f2c	d003fbd3	fcvt.s.w	f23,x7	  x7:0x00000000 f23=0x00000000
     363795.000 ns	     36378	80007f30	02af30b3	mulhu	x1,x30,x10	 x30:0xffffffff x10:0x7fffffff  x1=0x7ffffffe
     363825.000 ns	     36381	80007f34	03a736b3	mulhu	x13,x14,x26	 x14:0x80000000 x26:0x30a9d400 x13=0x1854ea00
     363845.000 ns	     36383	80007f38	453f7013	andi	x0,x30,1107	 x30:0xffffffff
     363855.000 ns	     36384	80007f3c	003143b3	xor	x7,x2,x3	  x2:0x00000000  x3:0x7ffffffe  x7=0x7ffffffe
     363875.000 ns	     36386	80007f40	03edac33	mulhsu	x24,x27,x30	 x27:0x00081f00 x30:0xffffffff x24=0x00081eff
     364245.000 ns	     36423	80007f44	03b75a33	divu	x20,x14,x27	 x14:0x80000000 x27:0x00081f00 x20=0x00000fc2
     364275.000 ns	     36426	80007f48	02658fb3	mul	x31,x11,x6	 x11:0x00000000  x6:0x00000000 x31=0x00000000
     364305.000 ns	     36429	80007f4c	02f7a533	mulhsu	x10,x15,x15	 x15:0x00000000 x15:0x00000000 x10=0x00000000
     364335.000 ns	     36432	80007f50	28448053	fmin.s	f0,f9,f4	  f9:0x43183a19  f4:0x7fc00000  f0=0x43183a19
     364355.000 ns	     36434	80007f54	d3bc1d37	lui	x26,0xd3bc1	 x26=0xd3bc1000
     364375.000 ns	     36436	80007f58	e00318d3	fclass.s	x17,f6	  f6:0x00000040 x17=0x00000020
     364405.000 ns	     36439	80007f5c	a03728d3	feq.s	x17,f14,f3	 f14:0x00000000  f3:0x7fc00000 x17=0x00000000
     364425.000 ns	     36441	80007f60	00d44cb3	xor	x25,x8,x13	  x8:0xffffffff x13:0x1854ea00 x25=0xe7ab15ff
     364435.000 ns	     36442	80007f64	34f64c13	xori	x24,x12,847	 x12:0x7ffffdfe x24=0x7ffffeb1
     364455.000 ns	     36444	80007f68	e00d8853	fmv.x.w	x16,f27	 f27:0x7fc00000 x16=0x7fc00000
     364485.000 ns	     36447	80007f6c	c00587d3	fcvt.w.s	x15,f11	 f11:0x00000000 x15=0x00000000
     364505.000 ns	     36449	80007f70	24976c13	ori	x24,x14,585	 x14:0x80000000 x24=0x80000249
     364515.000 ns	     36450	80007f74	00e49f93	slli	x31,x9,0xe	  x9:0x400207f0 x31=0x81fc0000
     364525.000 ns	     36451	80007f78	01c73b33	sltu	x22,x14,x28	 x14:0x80000000 x28:0x000efb3b x22=0x00000000
     364535.000 ns	     36452	80007f7c	41638333	sub	x6,x7,x22	  x7:0x7ffffffe x22:0xffffffff  x6=0x7ffffffe
     364895.000 ns	     36488	80007f80	035456b3	divu	x13,x8,x21	  x8:0xffffffff x21:0x7ffbf000 x13=0x00000002
     364915.000 ns	     36490	80007f84	7528c497	auipc	x9,0x7528c	  x9=0xf5293f84
     364935.000 ns	     36492	80007f88	a1e12fd3	feq.s	x31,f2,f30	  f2:0x00000000 f30:0x4c74b8b5 x31=0x00000000
     364975.000 ns	     36496	80007f8c	104a9253	fmul.s	f4,f21,f4	 f21:0x80000000  f4:0x7fc00000  f4=0x7fc00000
     364995.000 ns	     36498	80007f90	01bb61b3	or	x3,x22,x27	 x22:0x00000000 x27:0x00081f00  x3=0x00081f00
     365005.000 ns	     36499	80007f94	0088a7b3	slt	x15,x17,x8	 x17:0x00000000  x8:0xffffffff x15=0x00000000
     365015.000 ns	     36500	80007f98	000bdd13	srli	x26,x23,0x0	 x23:0x80040fe4 x26=0x80040fe4
     365025.000 ns	     36501	80007f9c	57e57493	andi	x9,x10,1406	 x10:0x00000000  x9=0x00000000
     365035.000 ns	     36502	80007fa0	01b8da33	srl	x20,x17,x27	 x17:0x00000000 x27:0x00081f00 x20=0x00000000
     365055.000 ns	     36504	80007fa4	a1951353	flt.s	x6,f10,f25	 f10:0x46b50a40 f25:0x00000001  x6=0x00000000
     365085.000 ns	     36507	80007fa8	283815d3	fmax.s	f11,f16,f3	 f16:0x43183a19  f3:0x7fc00000 f11=0x43183a19
     365105.000 ns	     36509	80007fac	4173d5b3	sra	x11,x7,x23	  x7:0x7ffffffe x23:0x80040fe4 x11=0x07ffffff
     366275.000 ns	     36626	80007fb0	5807b9d3	fsqrt.s	f19,f15	 f15:0x4efff7e0 f19=0x473501cc
     366295.000 ns	     36628	80007fb4	0182d433	srl	x8,x5,x24	  x5:0x00000200 x24:0x80000249  x8=0x00000001
     366305.000 ns	     36629	80007fb8	41cf5013	srai	x0,x30,0x1c	 x30:0xffffffff
     366325.000 ns	     36631	80007fbc	28098053	fmin.s	f0,f19,f0	 f19:0x473501cc  f0:0x43183a19  f0=0x43183a19
     366345.000 ns	     36633	80007fc0	410103b3	sub	x7,x2,x16	  x2:0x00000000 x16:0x7fc00000  x7=0x80400000
     366365.000 ns	     36635	80007fc4	d0074753	fcvt.s.w	f14,x14	 x14:0x80000000 f14=0xcf000000
     366395.000 ns	     36638	80007fc8	21ff9fd3	fsgnjn.s	f31,f31,f31	 f31:0x00000000 f31:0x00000000 f31=0x80000000
     366445.000 ns	     36643	80007fcc	006d0553	fadd.s	f10,f26,f6	 f26:0xcefff7e1  f6:0x00000040 f10=0xcefff7e1
     366465.000 ns	     36645	80007fd0	00dce4b3	or	x9,x25,x13	 x25:0xe7ab15ff x13:0x00000002  x9=0xe7ab15ff
     366475.000 ns	     36646	80007fd4	e1314313	xori	x6,x2,-493	  x2:0x00000000  x6=0xfffffe13
     366515.000 ns	     36650	80007fd8	088eaad3	fsub.s	f21,f29,f8	 f29:0xffc00000  f8:0x7fc00000 f21=0x7fc00000
     366535.000 ns	     36652	80007fdc	528d3793	sltiu	x15,x26,1320	 x26:0x80040fe4 x15=0x00000000
     366555.000 ns	     36654	80007fe0	026d16b3	mulh	x13,x26,x6	 x26:0x80040fe4  x6:0xfffffe13 x13=0x000000f6
     366575.000 ns	     36656	80007fe4	41b95e13	srai	x28,x18,0x1b	 x18:0x80041024 x28=0xfffffff0
     367745.000 ns	     36773	80007fe8	5809f953	fsqrt.s	f18,f19	 f19:0x473501cc f18=0x42fffb4e
     367765.000 ns	     36775	80007fec	41af00b3	sub	x1,x30,x26	 x30:0xffffffff x26:0x80040fe4  x1=0x7ffbf01b
     367775.000 ns	     36776	80007ff0	01a915b3	sll	x11,x18,x26	 x18:0x80041024 x26:0x80040fe4 x11=0x00410240
     367785.000 ns	     36777	80007ff4	d238b113	sltiu	x2,x17,-733	 x17:0x00000000  x2=0x00000001
     367795.000 ns	     36778	80007ff8	01e07fb3	and	x31,x0,x30	  x0:0x00000000 x30:0xffffffff x31=0x00000000
     367815.000 ns	     36780	80007ffc	0310efb3	rem	x31,x1,x17	  x1:0x7ffbf01b x17:0x00000000 x31=0x7ffbf01b
     367835.000 ns	     36782	80008000	002189b3	add	x19,x3,x2	  x3:0x00081f00  x2:0x00000001 x19=0x00081f01
     367845.000 ns	     36783	80008004	010dbfb3	sltu	x31,x27,x16	 x27:0x00081f00 x16:0x7fc00000 x31=0x00000001
     367865.000 ns	     36785	80008008	29789f53	fmax.s	f30,f17,f23	 f17:0xce42a750 f23:0x00000000 f30=0x00000000
     367895.000 ns	     36788	8000800c	e00a9ed3	fclass.s	x29,f21	 f21:0x7fc00000 x29=0x00000200
     367925.000 ns	     36791	80008010	c01874d3	fcvt.wu.s	x9,f16	 f16:0x43183a19  x9=0x00000098
     367965.000 ns	     36795	80008014	19f6f0d3	fdiv.s	f1,f13,f31	 f13:0x4e42a750 f31:0x80000000  f1=0xff800000
     368015.000 ns	     36800	80008018	01907453	fadd.s	f8,f0,f25	  f0:0x43183a19 f25:0x00000001  f8=0x43183a19
     368035.000 ns	     36802	8000801c	8f9c8637	lui	x12,0x8f9c8	 x12=0x8f9c8000
     368045.000 ns	     36803	80008020	792fca13	xori	x20,x31,1938	 x31:0x00000001 x20=0x00000793
     368055.000 ns	     36804	80008024	01409db3	sll	x27,x1,x20	  x1:0x7ffbf01b x20:0x00000000 x27=0x80d80000
     368065.000 ns	     36805	80008028	0044c8b3	xor	x17,x9,x4	  x9:0x00000098  x4:0x00000000 x17=0x00000098
     368075.000 ns	     36806	8000802c	350d2ab7	lui	x21,0x350d2	 x21=0x350d2000
     368095.000 ns	     36808	80008030	c00ef3d3	fcvt.w.s	x7,f29	 f29:0xffc00000  x7=0x7fffffff
     368115.000 ns	     36810	80008034	ab97fb13	andi	x22,x15,-1351	 x15:0x00000000 x22=0x00000000
     368125.000 ns	     36811	80008038	d9b8a813	slti	x16,x17,-613	 x17:0x00000098 x16=0x00000000
     368145.000 ns	     36813	8000803c	294b9c53	fmax.s	f24,f23,f20	 f23:0x00000000 f20:0x00000000 f24=0x00000000
     368175.000 ns	     36816	80008040	282d1153	fmax.s	f2,f26,f2	 f26:0xcefff7e1  f2:0x00000000  f2=0x00000000
     368205.000 ns	     36819	80008044	029f3433	mulhu	x8,x30,x9	 x30:0xffffffff  x9:0x00000098  x8=0x00000097
     368235.000 ns	     36822	80008048	d002fad3	fcvt.s.w	f21,x5	  x5:0x00000200 f21=0x44000000
     368285.000 ns	     36827	8000804c	096ec753	fsub.s	f14,f29,f22	 f29:0xffc00000 f22:0x5037cd9e f14=0x7fc00000
     368305.000 ns	     36829	80008050	01b3f6b3	and	x13,x7,x27	  x7:0x7fffffff x27:0x80d80000 x13=0x00d80000
     368315.000 ns	     36830	80008054	5ff46f13	ori	x30,x8,1535	  x8:0x00000097 x30=0x000005ff
     368335.000 ns	     36832	80008058	e0051353	fclass.s	x6,f10	 f10:0xcefff7e1  x6=0x00000002
     368355.000 ns	     36834	8000805c	41f3de13	srai	x28,x7,0x1f	  x7:0x7fffffff x28=0x00000000
     368365.000 ns	     36835	80008060	40538a33	sub	x20,x7,x5	  x7:0x7fffffff  x5:0x00000200 x20=0x7ffffdff
     368385.000 ns	     36837	80008064	031f3a33	mulhu	x20,x30,x17	 x30:0x000005ff x17:0x00000098 x20=0x00000000
     368405.000 ns	     36839	80008068	01a0bdb3	sltu	x27,x1,x26	  x1:0x7ffbf01b x26:0x80040fe4 x27=0x00000001
     369575.000 ns	     36956	8000806c	580b7b53	fsqrt.s	f22,f22	 f22:0x5037cd9e f22=0x4781f7d6
     369595.000 ns	     36958	80008070	003296b3	sll	x13,x5,x3	  x5:0x00000200  x3:0x00081f00 x13=0x00000200
     369605.000 ns	     36959	80008074	00afafb3	slt	x31,x31,x10	 x31:0x00000001 x10:0x00000000 x31=0x00000000
     369625.000 ns	     36961	80008078	e00c8853	fmv.x.w	x16,f25	 f25:0x00000001 x16=0x00000001
     369645.000 ns	     36963	8000807c	000212b3	sll	x5,x4,x0	  x4:0x00000000  x0:0x00000000  x5=0x00000000
     369655.000 ns	     36964	80008080	c64e0d13	addi	x26,x28,-924	 x28:0x00000000 x26=0xfffffc64
     369665.000 ns	     36965	80008084	618f8893	addi	x17,x31,1560	 x31:0x00000000 x17=0x00000618
     369675.000 ns	     36966	80008088	00bddf33	srl	x30,x27,x11	 x27:0x00000001 x11:0x00410240 x30=0x00000001
     369715.000 ns	     36970	8000808c	010f7c53	fadd.s	f24,f30,f16	 f30:0x00000000 f16:0x43183a19 f24=0x43183a19
     369745.000 ns	     36973	80008090	037d9e33	mulh	x28,x27,x23	 x27:0x00000001 x23:0x80040fe4 x28=0xffffffff
     369775.000 ns	     36976	80008094	028d05b3	mul	x11,x26,x8	 x26:0xfffffc64  x8:0x00000097 x11=0xfffddefc
     369805.000 ns	     36979	80008098	02be2c33	mulhsu	x24,x28,x11	 x28:0xffffffff x11:0x00410240 x24=0xffffffff
     369835.000 ns	     36982	8000809c	217111d3	fsgnjn.s	f3,f2,f23	  f2:0x00000000 f23:0x00000000  f3=0x80000000
     369865.000 ns	     36985	800080a0	a01e0f53	fle.s	x30,f28,f1	 f28:0x4901f420  f1:0xff800000 x30=0x00000000
     369895.000 ns	     36988	800080a4	020e51b3	divu	x3,x28,x0	 x28:0xffffffff  x0:0x00000000  x3=0xffffffff
     369915.000 ns	     36990	800080a8	01922333	slt	x6,x4,x25	  x4:0x00000000 x25:0xe7ab15ff  x6=0x00000000
     369935.000 ns	     36992	800080ac	29a91853	fmax.s	f16,f18,f26	 f18:0x42fffb4e f26:0xcefff7e1 f16=0x42fffb4e
     369985.000 ns	     36997	800080b0	080033d3	fsub.s	f7,f0,f0	  f0:0x43183a19  f0:0x43183a19  f7=0x80000000
     370015.000 ns	     37000	800080b4	28e91f53	fmax.s	f30,f18,f14	 f18:0x42fffb4e f14:0x7fc00000 f30=0x42fffb4e
     370035.000 ns	     37002	800080b8	401f0633	sub	x12,x30,x1	 x30:0x00000000  x1:0x7ffbf01b x12=0x80040fe5
     370055.000 ns	     37004	800080bc	038f16b3	mulh	x13,x30,x24	 x30:0x00000000 x24:0xffffffff x13=0x00000000
     370075.000 ns	     37006	800080c0	01e63eb3	sltu	x29,x12,x30	 x12:0x8f9c8000 x30:0x00000000 x29=0x00000000
     370085.000 ns	     37007	800080c4	00423633	sltu	x12,x4,x4	  x4:0x00000000  x4:0x00000000 x12=0x00000000
     371255.000 ns	     37124	800080c8	580072d3	fsqrt.s	f5,f0	  f0:0x43183a19  f5=0x40d7476c
     371275.000 ns	     37126	800080cc	40f20db3	sub	x27,x4,x15	  x4:0x00000000 x15:0x00000000 x27=0x00000000
     371295.000 ns	     37128	800080d0	f00587d3	fmv.w.x	f15,x11	 x11:0xfffddefc f15=0xfffddefc
     371665.000 ns	     37165	800080d4	0358dab3	divu	x21,x17,x21	 x17:0x00000618 x21:0x350d2000 x21=0x00000000
     371685.000 ns	     37167	800080d8	13ff8f13	addi	x30,x31,319	 x31:0x00000000 x30=0x0000013f
     371695.000 ns	     37168	800080dc	01cc3cb3	sltu	x25,x24,x28	 x24:0xffffffff x28:0xffffffff x25=0x00000000
     371715.000 ns	     37170	800080e0	03d76333	rem	x6,x14,x29	 x14:0x80000000 x29:0x00000000  x6=0x80000000
     371735.000 ns	     37172	800080e4	41eed093	srai	x1,x29,0x1e	 x29:0x00000000  x1=0x00000000
     371745.000 ns	     37173	800080e8	01383db3	sltu	x27,x16,x19	 x16:0x00000001 x19:0x00081f01 x27=0x00000001
     371765.000 ns	     37175	800080ec	201e0253	fsgnj.s	f4,f28,f1	 f28:0x4901f420  f1:0xff800000  f4=0xc901f420
     371785.000 ns	     37177	800080f0	017b9e33	sll	x28,x23,x23	 x23:0x80040fe4 x23:0x80040fe4 x28=0x0040fe40
     371795.000 ns	     37178	800080f4	01bcb233	sltu	x4,x25,x27	 x25:0x00000000 x27:0x00000001  x4=0x00000001
     371805.000 ns	     37179	800080f8	00947233	and	x4,x8,x9	  x8:0x00000097  x9:0x00000098  x4=0x00000090
     371825.000 ns	     37181	800080fc	290c9e53	fmax.s	f28,f25,f16	 f25:0x00000001 f16:0x42fffb4e f28=0x42fffb4e
     371855.000 ns	     37184	80008100	c016f7d3	fcvt.wu.s	x15,f13	 f13:0x4e42a750 x15=0x30a9d400
     371875.000 ns	     37186	80008104	01604a33	xor	x20,x0,x22	  x0:0x00000000 x22:0x00000000 x20=0x00000000
     371895.000 ns	     37188	80008108	a1222553	feq.s	x10,f4,f18	  f4:0xc901f420 f18:0x42fffb4e x10=0x00000000
     371925.000 ns	     37191	8000810c	a14a1ed3	flt.s	x29,f20,f20	 f20:0x00000000 f20:0x00000000 x29=0x00000000
     371955.000 ns	     37194	80008110	a07c84d3	fle.s	x9,f25,f7	 f25:0x00000001  f7:0x80000000  x9=0x00000000
     371975.000 ns	     37196	80008114	00b935b3	sltu	x11,x18,x11	 x18:0x80041024 x11:0xfffddefc x11=0x00000001
     371995.000 ns	     37198	80008118	036abf33	mulhu	x30,x21,x22	 x21:0x00000000 x22:0x00000000 x30=0x00000000
     372015.000 ns	     37200	8000811c	12404c13	xori	x24,x0,292	  x0:0x00000000 x24=0x00000124
     372025.000 ns	     37201	80008120	11cd2f97	auipc	x31,0x11cd2	 x31=0x91cda120
     373195.000 ns	     37318	80008124	580c7353	fsqrt.s	f6,f24	 f24:0x43183a19  f6=0x40d7476c
     373225.000 ns	     37321	80008128	02ae4233	div	x4,x28,x10	 x28:0x0040fe40 x10:0x00000000  x4=0xffffffff
     373265.000 ns	     37325	8000812c	183a46d3	fdiv.s	f13,f20,f3	 f20:0x00000000  f3:0x80000000 f13=0x7fc00000
     373295.000 ns	     37328	80008130	02ca06b3	mul	x13,x20,x12	 x20:0x00000000 x12:0x00000000 x13=0x00000000
     373325.000 ns	     37331	80008134	039e6db3	rem	x27,x28,x25	 x28:0x0040fe40 x25:0x00000000 x27=0x0040fe40
     373345.000 ns	     37333	80008138	00ef21b3	slt	x3,x30,x14	 x30:0x00000000 x14:0x80000000  x3=0x00000000
     373705.000 ns	     37369	8000813c	02bde433	rem	x8,x27,x11	 x27:0x0040fe40 x11:0x00000001  x8=0x00000000
     373725.000 ns	     37371	80008140	00ae3033	sltu	x0,x28,x10	 x28:0x0040fe40 x10:0x00000000
     374085.000 ns	     37407	80008144	0241c3b3	div	x7,x3,x4	  x3:0x00000000  x4:0xffffffff  x7=0x00000000
     374105.000 ns	     37409	80008148	41b20fb3	sub	x31,x4,x27	  x4:0xffffffff x27:0x0040fe40 x31=0xffbf01bf
     374145.000 ns	     37413	8000814c	0098fc53	fadd.s	f24,f17,f9	 f17:0xce42a750  f9:0x43183a19 f24=0xce42a74d
     374185.000 ns	     37417	80008150	19e67353	fdiv.s	f6,f12,f30	 f12:0x7f800000 f30:0x42fffb4e  f6=0x7f800000
     374215.000 ns	     37420	80008154	f00f0553	fmv.w.x	f10,x30	 x30:0x00000000 f10=0x00000000
     374255.000 ns	     37424	80008158	10c433d3	fmul.s	f7,f8,f12	  f8:0x43183a19 f12:0x7f800000  f7=0x7f800000
     374285.000 ns	     37427	8000815c	e00f93d3	fclass.s	x7,f31	 f31:0x80000000  x7=0x00000008
     374305.000 ns	     37429	80008160	07b23613	sltiu	x12,x4,123	  x4:0xffffffff x12=0x00000000
     374315.000 ns	     37430	80008164	0053d893	srli	x17,x7,0x5	  x7:0x00000008 x17=0x00000000
     374335.000 ns	     37432	80008168	a01315d3	flt.s	x11,f6,f1	  f6:0x7f800000  f1:0xff800000 x11=0x00000000
     374365.000 ns	     37435	8000816c	21a02253	fsgnjx.s	f4,f0,f26	  f0:0x43183a19 f26:0xcefff7e1  f4=0xc3183a19
     374395.000 ns	     37438	80008170	29a21853	fmax.s	f16,f4,f26	  f4:0xc901f420 f26:0xcefff7e1 f16=0xc3183a19
     374425.000 ns	     37441	80008174	e00789d3	fmv.x.w	x19,f15	 f15:0xfffddefc x19=0xfffddefc
     374455.000 ns	     37444	80008178	036c3333	mulhu	x6,x24,x22	 x24:0x00000124 x22:0x00000000  x6=0x00000000
     374475.000 ns	     37446	8000817c	601f0513	addi	x10,x30,1537	 x30:0x00000000 x10=0x00000601
     374485.000 ns	     37447	80008180	011dac33	slt	x24,x27,x17	 x27:0x0040fe40 x17:0x00000000 x24=0x00000000
     374495.000 ns	     37448	80008184	76d1ee93	ori	x29,x3,1901	  x3:0x00000000 x29=0x0000076d
     374535.000 ns	     37452	80008188	08b97c53	fsub.s	f24,f18,f11	 f18:0x42fffb4e f11:0x43183a19 f24=0xc1c1e390
     374565.000 ns	     37455	8000818c	02617233	remu	x4,x2,x6	  x2:0x00000001  x6:0x00000000  x4=0x00000001
     374935.000 ns	     37492	80008190	02fa74b3	remu	x9,x20,x15	 x20:0x00000000 x15:0x30a9d400  x9=0x00000000
     374955.000 ns	     37494	80008194	0e29e213	ori	x4,x19,226	 x19:0xfffddefc  x4=0xfffddefe
     374975.000 ns	     37496	80008198	a1d82553	feq.s	x10,f16,f29	 f16:0xc3183a19 f29:0xffc00000 x10=0x00000000
     374995.000 ns	     37498	8000819c	41aa5f13	srai	x30,x20,0x1a	 x20:0x00000000 x30=0x00000000
     375015.000 ns	     37500	800081a0	e0008dd3	fmv.x.w	x27,f1	  f1:0xff800000 x27=0xff800000
     375035.000 ns	     37502	800081a4	27166c13	ori	x24,x12,625	 x12:0x00000000 x24=0x00000271
     375055.000 ns	     37504	800081a8	e00d9f53	fclass.s	x30,f27	 f27:0x7fc00000 x30=0x00000200
     375085.000 ns	     37507	800081ac	20c493d3	fsgnjn.s	f7,f9,f12	  f9:0x43183a19 f12:0x7f800000  f7=0xc3183a19
     375105.000 ns	     37509	800081b0	a34eca13	xori	x20,x29,-1484	 x29:0x0000076d x20=0xfffffd59
     375145.000 ns	     37513	800081b4	01def1d3	fadd.s	f3,f29,f29	 f29:0xffc00000 f29:0xffc00000  f3=0x7fc00000
     375175.000 ns	     37516	800081b8	d01312d3	fcvt.s.wu	f5,x6	  x6:0x00000000  f5=0x00000000
     375195.000 ns	     37518	800081bc	0075e9b3	or	x19,x11,x7	 x11:0x00000000  x7:0x00000008 x19=0x00000008
     375525.000 ns	     37551	800081c0	1804ffd3	fdiv.s	f31,f9,f0	  f9:0x43183a19  f0:0x43183a19 f31=0x3f412d34
     375545.000 ns	     37553	800081c4	01045eb3	srl	x29,x8,x16	  x8:0x00000000 x16:0x00000001 x29=0x00000000
     375565.000 ns	     37555	800081c8	d0047ed3	fcvt.s.w	f29,x8	  x8:0x00000000 f29=0x00000000
     375585.000 ns	     37557	800081cc	013953b3	srl	x7,x18,x19	 x18:0x80041024 x19:0x00000008  x7=0x00800410
     375595.000 ns	     37558	800081d0	01b5b2b3	sltu	x5,x11,x27	 x11:0x00000000 x27:0xff800000  x5=0x00000001
     375635.000 ns	     37562	800081d4	08dcf953	fsub.s	f18,f25,f13	 f25:0x00000001 f13:0x7fc00000 f18=0x7fc00000
     375665.000 ns	     37565	800081d8	02a7c8b3	div	x17,x15,x10	 x15:0x30a9d400 x10:0x00000000 x17=0xffffffff
     375685.000 ns	     37567	800081dc	00000013	addi	x0,x0,0	  x0:0x00000000
     375695.000 ns	     37568	800081e0	3cc4e693	ori	x13,x9,972	  x9:0x00000000 x13=0x000003cc
     375705.000 ns	     37569	800081e4	017450b3	srl	x1,x8,x23	  x8:0x00000000 x23:0x80040fe4  x1=0x00000000
     375715.000 ns	     37570	800081e8	011f5d33	srl	x26,x30,x17	 x30:0x00000200 x17:0xffffffff x26=0x00000000
     375735.000 ns	     37572	800081ec	a07704d3	fle.s	x9,f14,f7	 f14:0x7fc00000  f7:0xc3183a19  x9=0x00000000
     375755.000 ns	     37574	800081f0	00000013	addi	x0,x0,0	  x0:0x00000000
     375765.000 ns	     37575	800081f4	01eac233	xor	x4,x21,x30	 x21:0x00000000 x30:0x00000200  x4=0x00000200
     375785.000 ns	     37577	800081f8	e00b14d3	fclass.s	x9,f22	 f22:0x4781f7d6  x9=0x00000040
     375815.000 ns	     37580	800081fc	026de5b3	rem	x11,x27,x6	 x27:0xff800000  x6:0x00000000 x11=0xff800000
     375845.000 ns	     37583	80008200	03389d33	mulh	x26,x17,x19	 x17:0xffffffff x19:0x00000008 x26=0xffffffff
     375885.000 ns	     37587	80008204	19193cd3	fdiv.s	f25,f18,f17	 f18:0x7fc00000 f17:0xce42a750 f25=0x7fc00000
     375915.000 ns	     37590	80008208	024e1fb3	mulh	x31,x28,x4	 x28:0x0040fe40  x4:0x00000200 x31=0x00000000
     375935.000 ns	     37592	8000820c	d9b9c213	xori	x4,x19,-613	 x19:0x00000008  x4=0xfffffd93
     375955.000 ns	     37594	80008210	20b89bd3	fsgnjn.s	f23,f17,f11	 f17:0xce42a750 f11:0x43183a19 f23=0xce42a750
     375985.000 ns	     37597	80008214	e00497d3	fclass.s	x15,f9	  f9:0x43183a19 x15=0x00000040
     376005.000 ns	     37599	80008218	01929793	slli	x15,x5,0x19	  x5:0x00000001 x15=0x02000000
     376025.000 ns	     37601	8000821c	e0080153	fmv.x.w	x2,f16	 f16:0xc3183a19  x2=0xc3183a19
     376075.000 ns	     37606	80008220	08adf7d3	fsub.s	f15,f27,f10	 f27:0x7fc00000 f10:0x00000000 f15=0x7fc00000
     376095.000 ns	     37608	80008224	40598c33	sub	x24,x19,x5	 x19:0x00000008  x5:0x00000001 x24=0x00000007
     376115.000 ns	     37610	80008228	02ae0433	mul	x8,x28,x10	 x28:0x0040fe40 x10:0x00000000  x8=0x00000000
     376145.000 ns	     37613	8000822c	d00eb2d3	fcvt.s.w	f5,x29	 x29:0x00000000  f5=0x00000000
     376165.000 ns	     37615	80008230	00000013	addi	x0,x0,0	  x0:0x00000000
     376185.000 ns	     37617	80008234	c0053253	fcvt.w.s	x4,f10	 f10:0x00000000  x4=0x00000000
     376235.000 ns	     37622	80008238	006f79d3	fadd.s	f19,f30,f6	 f30:0x42fffb4e  f6:0x7f800000 f19=0x7f800000
     376265.000 ns	     37625	8000823c	a0e42b53	feq.s	x22,f8,f14	  f8:0x43183a19 f14:0x7fc00000 x22=0x00000000
     376605.000 ns	     37659	80008240	19887c53	fdiv.s	f24,f16,f24	 f16:0xc3183a19 f24:0xc1c1e390 f24=0x40ae4886
     376975.000 ns	     37696	80008244	03b27e33	remu	x28,x4,x27	  x4:0x00000000 x27:0xff800000 x28=0x00000000
     376995.000 ns	     37698	80008248	0172af33	slt	x30,x5,x23	  x5:0x00000001 x23:0x80040fe4 x30=0x00000000
     377015.000 ns	     37700	8000824c	d0091553	fcvt.s.w	f10,x18	 x18:0x80041024 f10=0xcefff7df
     377035.000 ns	     37702	80008250	01d61833	sll	x16,x12,x29	 x12:0x00000000 x29:0x00000000 x16=0x00000000
     377055.000 ns	     37704	80008254	023a9133	mulh	x2,x21,x3	 x21:0x00000000  x3:0x00000000  x2=0x00000000
     377085.000 ns	     37707	80008258	03a182b3	mul	x5,x3,x26	  x3:0x00000000 x26:0xffffffff  x5=0x00000000
     377105.000 ns	     37709	8000825c	40f55633	sra	x12,x10,x15	 x10:0x00000000 x15:0x02000000 x12=0x00000000
     377125.000 ns	     37711	80008260	d00bfad3	fcvt.s.w	f21,x23	 x23:0x80040fe4 f21=0xcefff7e0
     377165.000 ns	     37715	80008264	11fbf5d3	fmul.s	f11,f23,f31	 f23:0xce42a750 f31:0x3f412d34 f11=0xce12e282
     377185.000 ns	     37717	80008268	0197de33	srl	x28,x15,x25	 x15:0x02000000 x25:0x00000000 x28=0x02000000
     377195.000 ns	     37718	8000826c	00e2d233	srl	x4,x5,x14	  x5:0x00000000 x14:0x80000000  x4=0x00000000
     377215.000 ns	     37720	80008270	03e32d33	mulhsu	x26,x6,x30	  x6:0x00000000 x30:0x00000000 x26=0x00000000
     377235.000 ns	     37722	80008274	d1962813	slti	x16,x12,-743	 x12:0x00000000 x16=0x00000000
     377245.000 ns	     37723	80008278	01171a33	sll	x20,x14,x17	 x14:0x80000000 x17:0xffffffff x20=0x00000000
     377265.000 ns	     37725	8000827c	28d30cd3	fmin.s	f25,f6,f13	  f6:0x7f800000 f13:0x7fc00000 f25=0x7f800000
     377295.000 ns	     37728	80008280	026ca533	mulhsu	x10,x25,x6	 x25:0x00000000  x6:0x00000000 x10=0x00000000
     377325.000 ns	     37731	80008284	02645433	divu	x8,x8,x6	  x8:0x00000000  x6:0x00000000  x8=0xffffffff
     377355.000 ns	     37734	80008288	21c4af53	fsgnjx.s	f30,f9,f28	  f9:0x43183a19 f28:0x42fffb4e f30=0x43183a19
     377385.000 ns	     37737	8000828c	e00c1f53	fclass.s	x30,f24	 f24:0x40ae4886 x30=0x00000040
     377415.000 ns	     37740	80008290	e00890d3	fclass.s	x1,f17	 f17:0xce42a750  x1=0x00000002
     377445.000 ns	     37743	80008294	20688c53	fsgnj.s	f24,f17,f6	 f17:0xce42a750  f6:0x7f800000 f24=0x4e42a750
     377465.000 ns	     37745	80008298	417ed413	srai	x8,x29,0x17	 x29:0x00000000  x8=0x00000000
     377485.000 ns	     37747	8000829c	a19a11d3	flt.s	x3,f20,f25	 f20:0x00000000 f25:0x7f800000  x3=0x00000001
     377505.000 ns	     37749	800082a0	405f55b3	sra	x11,x30,x5	 x30:0x00000040  x5:0x00000000 x11=0x00000040
     377525.000 ns	     37751	800082a4	d000fcd3	fcvt.s.w	f25,x1	  x1:0x00000002 f25=0x40000000
     377555.000 ns	     37754	800082a8	03a58133	mul	x2,x11,x26	 x11:0xff800000 x26:0x00000000  x2=0x00000000
     377575.000 ns	     37756	800082ac	00675a33	srl	x20,x14,x6	 x14:0x80000000  x6:0x00000000 x20=0x80000000
     377585.000 ns	     37757	800082b0	fe44e693	ori	x13,x9,-28	  x9:0x00000040 x13=0xffffffe4
     377605.000 ns	     37759	800082b4	21918553	fsgnj.s	f10,f3,f25	  f3:0x7fc00000 f25:0x40000000 f10=0x7fc00000
     377625.000 ns	     37761	800082b8	409e8333	sub	x6,x29,x9	 x29:0x00000000  x9:0x00000040  x6=0xffffffc0
     377635.000 ns	     37762	800082bc	004fe633	or	x12,x31,x4	 x31:0x00000000  x4:0x00000000 x12=0x00000000
     377645.000 ns	     37763	800082c0	007bd033	srl	x0,x23,x7	 x23:0x80040fe4  x7:0x00800410
     377665.000 ns	     37765	800082c4	033d8e33	mul	x28,x27,x19	 x27:0xff800000 x19:0x00000008 x28=0xfc000000
     377705.000 ns	     37769	800082c8	19337253	fdiv.s	f4,f6,f19	  f6:0x7f800000 f19:0x7f800000  f4=0x7fc00000
     377725.000 ns	     37771	800082cc	017e6233	or	x4,x28,x23	 x28:0xfc000000 x23:0x80040fe4  x4=0xfc040fe4
     377745.000 ns	     37773	800082d0	03dc9533	mulh	x10,x25,x29	 x25:0x00000000 x29:0x00000000 x10=0x00000000
     377765.000 ns	     37775	800082d4	40138e33	sub	x28,x7,x1	  x7:0x00800410  x1:0x00000002 x28=0x0080040e
     377775.000 ns	     37776	800082d8	01766033	or	x0,x12,x23	 x12:0x00000000 x23:0x80040fe4
     377785.000 ns	     37777	800082dc	a62ff193	andi	x3,x31,-1438	 x31:0x00000000  x3=0x00000000
     377795.000 ns	     37778	800082e0	54aa6793	ori	x15,x20,1354	 x20:0x80000000 x15=0x8000054a
     377805.000 ns	     37779	800082e4	40b255b3	sra	x11,x4,x11	  x4:0xfc040fe4 x11:0x00000040 x11=0xfc040fe4
     378165.000 ns	     37815	800082e8	02f16d33	rem	x26,x2,x15	  x2:0x00000000 x15:0x02000000 x26=0x00000000
     378535.000 ns	     37852	800082ec	03276c33	rem	x24,x14,x18	 x14:0x80000000 x18:0x80041024 x24=0xfffbefdc
     378555.000 ns	     37854	800082f0	01895293	srli	x5,x18,0x18	 x18:0x80041024  x5=0x00000080
     378575.000 ns	     37856	800082f4	02ade433	rem	x8,x27,x10	 x27:0xff800000 x10:0x00000000  x8=0xff800000
     378615.000 ns	     37860	800082f8	19592353	fdiv.s	f6,f18,f21	 f18:0x7fc00000 f21:0xcefff7e0  f6=0x7fc00000
     378635.000 ns	     37862	800082fc	00000013	addi	x0,x0,0	  x0:0x00000000
     378645.000 ns	     37863	80008300	da880493	addi	x9,x16,-600	 x16:0x00000000  x9=0xfffffda8
     378665.000 ns	     37865	80008304	02ad3333	mulhu	x6,x26,x10	 x26:0x00000000 x10:0x00000000  x6=0x00000000
     379035.000 ns	     37902	80008308	037073b3	remu	x7,x0,x23	  x0:0x00000000 x23:0x80040fe4  x7=0x00000000
     379065.000 ns	     37905	8000830c	02a88fb3	mul	x31,x17,x10	 x17:0xffffffff x10:0x00000000 x31=0x00000000
     379085.000 ns	     37907	80008310	0120ca33	xor	x20,x1,x18	  x1:0x00000002 x18:0x80041024 x20=0x80041026
     379095.000 ns	     37908	80008314	40e2ddb3	sra	x27,x5,x14	  x5:0x00000080 x14:0x80000000 x27=0x00000080
     379105.000 ns	     37909	80008318	3cd53393	sltiu	x7,x10,973	 x10:0x00000000  x7=0x00000001
     379115.000 ns	     37910	8000831c	62d10c97	auipc	x25,0x62d10	 x25=0xe2d1831c
     379125.000 ns	     37911	80008320	41658d33	sub	x26,x11,x22	 x11:0xfc040fe4 x22:0x00000000 x26=0xfc040fe4
     379135.000 ns	     37912	80008324	54ab0813	addi	x16,x22,1354	 x22:0x00000000 x16=0x0000054a
     379155.000 ns	     37914	80008328	02c614b3	mulh	x9,x12,x12	 x12:0x00000000 x12:0x00000000  x9=0x00000000
     379175.000 ns	     37916	8000832c	01dc7333	and	x6,x24,x29	 x24:0xfffbefdc x29:0x00000000  x6=0x00000000
     379205.000 ns	     37919	80008330	111ff253	fmul.s	f4,f31,f17	 f31:0x3f412d34 f17:0xce42a750  f4=0xce12e282
     379225.000 ns	     37921	80008334	00000013	addi	x0,x0,0	  x0:0x00000000
     379555.000 ns	     37954	80008338	1954ac53	fdiv.s	f24,f9,f21	  f9:0x43183a19 f21:0xcefff7e0 f24=0xb3983a1a
     379925.000 ns	     37991	8000833c	03b15f33	divu	x30,x2,x27	  x2:0x00000000 x27:0x00000080 x30=0x00000000
     379945.000 ns	     37993	80008340	40235193	srai	x3,x6,0x2	  x6:0x00000000  x3=0x00000000
     380305.000 ns	     38029	80008344	03734833	div	x16,x6,x23	  x6:0x00000000 x23:0x80040fe4 x16=0x00000000
     380335.000 ns	     38032	80008348	f00d8f53	fmv.w.x	f30,x27	 x27:0x00000080 f30=0x00000080
     380365.000 ns	     38035	8000834c	f00a0c53	fmv.w.x	f24,x20	 x20:0x80041026 f24=0x80041026
     380395.000 ns	     38038	80008350	0339a833	mulhsu	x16,x19,x19	 x19:0x00000008 x19:0x00000008 x16=0x00000000
     380425.000 ns	     38041	80008354	d00533d3	fcvt.s.w	f7,x10	 x10:0x00000000  f7=0x00000000
     380445.000 ns	     38043	80008358	40825213	srai	x4,x4,0x8	  x4:0xfc040fe4  x4=0xfffc040f
     380455.000 ns	     38044	8000835c	41a75c13	srai	x24,x14,0x1a	 x14:0x80000000 x24=0xffffffe0
     380465.000 ns	     38045	80008360	019e0a33	add	x20,x28,x25	 x28:0x0080040e x25:0xe2d1831c x20=0xe351872a
     380825.000 ns	     38081	80008364	02ff51b3	divu	x3,x30,x15	 x30:0x00000000 x15:0x8000054a  x3=0x00000000
     380845.000 ns	     38083	80008368	00f10533	add	x10,x2,x15	  x2:0x00000000 x15:0x8000054a x10=0x8000054a
     380865.000 ns	     38085	8000836c	02618e33	mul	x28,x3,x6	  x3:0x00000000  x6:0x00000000 x28=0x00000000
     380885.000 ns	     38087	80008370	403c5113	srai	x2,x24,0x3	 x24:0xffffffe0  x2=0xfffffffc
     380895.000 ns	     38088	80008374	97004013	xori	x0,x0,-1680	  x0:0x00000000
     380905.000 ns	     38089	80008378	341f6097	auipc	x1,0x341f6	  x1=0xb41fe378
     380915.000 ns	     38090	8000837c	00d98e33	add	x28,x19,x13	 x19:0x00000008 x13:0xffffffe4 x28=0xffffffec
     380925.000 ns	     38091	80008380	01e749b3	xor	x19,x14,x30	 x14:0x80000000 x30:0x00000000 x19=0x80000000
     381285.000 ns	     38127	80008384	02217133	remu	x2,x2,x2	  x2:0xfffffffc  x2:0xfffffffc  x2=0x00000000
     381305.000 ns	     38129	80008388	00bf1b13	slli	x22,x30,0xb	 x30:0x00000000 x22=0x00000000
     381325.000 ns	     38131	8000838c	29c98653	fmin.s	f12,f19,f28	 f19:0x7f800000 f28:0x42fffb4e f12=0x42fffb4e
     381695.000 ns	     38168	80008390	02a16133	rem	x2,x2,x10	  x2:0x00000000 x10:0x8000054a  x2=0x00000000
     381725.000 ns	     38171	80008394	03232433	mulhsu	x8,x6,x18	  x6:0x00000000 x18:0x80041024  x8=0x00000000
     381745.000 ns	     38173	80008398	00000013	addi	x0,x0,0	  x0:0x00000000
     381765.000 ns	     38175	8000839c	c01ef453	fcvt.wu.s	x8,f29	 f29:0x00000000  x8=0x00000000
     381795.000 ns	     38178	800083a0	022806b3	mul	x13,x16,x2	 x16:0x00000000  x2:0x00000000 x13=0x00000000
     381825.000 ns	     38181	800083a4	a00606d3	fle.s	x13,f12,f0	 f12:0x42fffb4e  f0:0x43183a19 x13=0x00000001
     381855.000 ns	     38184	800083a8	d0103c53	fcvt.s.wu	f24,x0	  x0:0x00000000 f24=0x00000000
     381875.000 ns	     38186	800083ac	41df8eb3	sub	x29,x31,x29	 x31:0x00000000 x29:0x00000000 x29=0x00000000
     381885.000 ns	     38187	800083b0	76890393	addi	x7,x18,1896	 x18:0x80041024  x7=0x8004178c
     381895.000 ns	     38188	800083b4	011afa33	and	x20,x21,x17	 x21:0x00000000 x17:0xffffffff x20=0x00000000
     381905.000 ns	     38189	800083b8	0bcc6197	auipc	x3,0xbcc6	  x3=0x8bcce3b8
     381925.000 ns	     38191	800083bc	c01533d3	fcvt.wu.s	x7,f10	 f10:0x7fc00000  x7=0xffffffff
     381945.000 ns	     38193	800083c0	007eb033	sltu	x0,x29,x7	 x29:0x00000000  x7:0x8004178c
     381955.000 ns	     38194	800083c4	0041d313	srli	x6,x3,0x4	  x3:0x8bcce3b8  x6=0x08bcce3b
     381965.000 ns	     38195	800083c8	9f4dea93	ori	x21,x27,-1548	 x27:0x00000080 x21=0xfffff9f4
     381995.000 ns	     38198	800083cc	182b9453	fdiv.s	f8,f23,f2	 f23:0xce42a750  f2:0x00000000  f8=0xff800000
     382015.000 ns	     38200	800083d0	520527b7	lui	x15,0x52052	 x15=0x52052000
     382025.000 ns	     38201	800083d4	00a1a9b3	slt	x19,x3,x10	  x3:0x8bcce3b8 x10:0x8000054a x19=0x00000000
     382065.000 ns	     38205	800083d8	00e938d3	fadd.s	f17,f18,f14	 f18:0x7fc00000 f14:0x7fc00000 f17=0x7fc00000
     382095.000 ns	     38208	800083dc	d00d0ad3	fcvt.s.w	f21,x26	 x26:0xfc040fe4 f21=0xcc7efc07
     382115.000 ns	     38210	800083e0	40a6db13	srai	x22,x13,0xa	 x13:0x00000001 x22=0x00000000
     382125.000 ns	     38211	800083e4	015eca33	xor	x20,x29,x21	 x29:0x00000000 x21:0xfffff9f4 x20=0xfffff9f4
     382135.000 ns	     38212	800083e8	008919b3	sll	x19,x18,x8	 x18:0x80041024  x8:0x00000000 x19=0x80041024
     382175.000 ns	     38216	800083ec	092f8053	fsub.s	f0,f31,f18	 f31:0x3f412d34 f18:0x7fc00000  f0=0x7fc00000
     382195.000 ns	     38218	800083f0	016e1513	slli	x10,x28,0x16	 x28:0xffffffec x10=0xfb000000
     382555.000 ns	     38254	800083f4	03c0e1b3	rem	x3,x1,x28	  x1:0xb41fe378 x28:0xffffffec  x3=0xfffffff8
     382575.000 ns	     38256	800083f8	ffefaf17	auipc	x30,0xffefa	 x30=0x7ff023f8
     382595.000 ns	     38258	800083fc	036b89b3	mul	x19,x23,x22	 x23:0x80040fe4 x22:0x00000000 x19=0x00000000
     382615.000 ns	     38260	80008400	0142d333	srl	x6,x5,x20	  x5:0x00000080 x20:0xfffff9f4  x6=0x00000000
     382625.000 ns	     38261	80008404	01c93e33	sltu	x28,x18,x28	 x18:0x80041024 x28:0xffffffec x28=0x00000001
     382645.000 ns	     38263	80008408	03e2bdb3	mulhu	x27,x5,x30	  x5:0x00000080 x30:0x7ff023f8 x27=0x0000003f
     382665.000 ns	     38265	8000840c	47fb2893	slti	x17,x22,1151	 x22:0x00000000 x17=0x00000001
     382685.000 ns	     38267	80008410	28ff01d3	fmin.s	f3,f30,f15	 f30:0x00000080 f15:0x7fc00000  f3=0x00000080
     382715.000 ns	     38270	80008414	02110d33	mul	x26,x2,x1	  x2:0x00000000  x1:0xb41fe378 x26=0x00000000
     382745.000 ns	     38273	80008418	02854633	div	x12,x10,x8	 x10:0xfb000000  x8:0x00000000 x12=0xffffffff
     382765.000 ns	     38275	8000841c	30ae2f13	slti	x30,x28,778	 x28:0x00000001 x30=0x00000001
     382785.000 ns	     38277	80008420	036bc8b3	div	x17,x23,x22	 x23:0x80040fe4 x22:0x00000000 x17=0xffffffff
     382815.000 ns	     38280	80008424	20ea07d3	fsgnj.s	f15,f20,f14	 f20:0x00000000 f14:0x7fc00000 f15=0x00000000
     382845.000 ns	     38283	80008428	e0089653	fclass.s	x12,f17	 f17:0x7fc00000 x12=0x00000200
     382875.000 ns	     38286	8000842c	02681f33	mulh	x30,x16,x6	 x16:0x00000000  x6:0x00000000 x30=0x00000000
     382895.000 ns	     38288	80008430	414c8133	sub	x2,x25,x20	 x25:0xe2d1831c x20:0xfffff9f4  x2=0xe2d18928
     382905.000 ns	     38289	80008434	8b2d3613	sltiu	x12,x26,-1870	 x26:0x00000000 x12=0x00000001
     382925.000 ns	     38291	80008438	f0070053	fmv.w.x	f0,x14	 x14:0x80000000  f0=0x80000000
     382955.000 ns	     38294	8000843c	29418f53	fmin.s	f30,f3,f20	  f3:0x00000080 f20:0x00000000 f30=0x00000000
     383295.000 ns	     38328	80008440	189cfbd3	fdiv.s	f23,f25,f9	 f25:0x40000000  f9:0x43183a19 f23=0x3c226eb8
     383325.000 ns	     38331	80008444	03b5bab3	mulhu	x21,x11,x27	 x11:0xfc040fe4 x27:0x0000003f x21=0x0000003e
     383345.000 ns	     38333	80008448	01479db3	sll	x27,x15,x20	 x15:0x52052000 x20:0xfffff9f4 x27=0x00000000
     383355.000 ns	     38334	8000844c	016b8133	add	x2,x23,x22	 x23:0x80040fe4 x22:0x00000000  x2=0x80040fe4
     383365.000 ns	     38335	80008450	720fc993	xori	x19,x31,1824	 x31:0x00000000 x19=0x00000720
     383385.000 ns	     38337	80008454	a0298653	fle.s	x12,f19,f2	 f19:0x7f800000  f2:0x00000000 x12=0x00000000
     383405.000 ns	     38339	80008458	8d4fef93	ori	x31,x31,-1836	 x31:0x00000000 x31=0xfffff8d4
     383425.000 ns	     38341	8000845c	f0050bd3	fmv.w.x	f23,x10	 x10:0xfb000000 f23=0xfb000000
     383455.000 ns	     38344	80008460	f0090453	fmv.w.x	f8,x18	 x18:0x80041024  f8=0x80041024
     383475.000 ns	     38346	80008464	00000013	addi	x0,x0,0	  x0:0x00000000
     383495.000 ns	     38348	80008468	21c62553	fsgnjx.s	f10,f12,f28	 f12:0x42fffb4e f28:0x42fffb4e f10=0x42fffb4e
     383525.000 ns	     38351	8000846c	f00f84d3	fmv.w.x	f9,x31	 x31:0xfffff8d4  f9=0xfffff8d4
     383545.000 ns	     38353	80008470	715fbe13	sltiu	x28,x31,1813	 x31:0xfffff8d4 x28=0x00000000
     383555.000 ns	     38354	80008474	00731093	slli	x1,x6,0x7	  x6:0x00000000  x1=0x00000000
     383565.000 ns	     38355	80008478	fb20ca93	xori	x21,x1,-78	  x1:0xb41fe378 x21=0xffffffb2
     383585.000 ns	     38357	8000847c	a1992cd3	feq.s	x25,f18,f25	 f18:0x7fc00000 f25:0x40000000 x25=0x00000000
     383605.000 ns	     38359	80008480	00fb83b3	add	x7,x23,x15	 x23:0x80040fe4 x15:0x52052000  x7=0xd2092fe4
     383615.000 ns	     38360	80008484	01bc17b3	sll	x15,x24,x27	 x24:0xffffffe0 x27:0x00000000 x15=0xffffffe0
     383625.000 ns	     38361	80008488	f99ce813	ori	x16,x25,-103	 x25:0x00000000 x16=0xffffff99
     383645.000 ns	     38363	8000848c	c00322d3	fcvt.w.s	x5,f6	  f6:0x7fc00000  x5=0x7fffffff
     383675.000 ns	     38366	80008490	a1de2ad3	feq.s	x21,f28,f29	 f28:0x42fffb4e f29:0x00000000 x21=0x00000000
     383695.000 ns	     38368	80008494	418dd393	srai	x7,x27,0x18	 x27:0x00000000  x7=0x00000000
     383715.000 ns	     38370	80008498	d002b7d3	fcvt.s.w	f15,x5	  x5:0x7fffffff f15=0x4f000000
     383735.000 ns	     38372	8000849c	4194d2b3	sra	x5,x9,x25	  x9:0x00000000 x25:0x00000000  x5=0x00000000
     383745.000 ns	     38373	800084a0	998baa13	slti	x20,x23,-1640	 x23:0x80040fe4 x20=0x00000001
     383765.000 ns	     38375	800084a4	c01295d3	fcvt.wu.s	x11,f5	  f5:0x00000000 x11=0x00000000
     383785.000 ns	     38377	800084a8	2b788837	lui	x16,0x2b788	 x16=0x2b788000
     383815.000 ns	     38380	800084ac	18007853	fdiv.s	f16,f0,f0	  f0:0x80000000  f0:0x80000000 f16=0x7fc00000
     383865.000 ns	     38385	800084b0	0805fd53	fsub.s	f26,f11,f0	 f11:0xce12e282  f0:0x80000000 f26=0xce12e282
     383915.000 ns	     38390	800084b4	0922c9d3	fsub.s	f19,f5,f18	  f5:0x00000000 f18:0x7fc00000 f19=0x7fc00000
     383935.000 ns	     38392	800084b8	0069c2b3	xor	x5,x19,x6	 x19:0x00000720  x6:0x00000000  x5=0x00000720
     383955.000 ns	     38394	800084bc	a005a7d3	feq.s	x15,f11,f0	 f11:0xce12e282  f0:0x80000000 x15=0x00000000
     383975.000 ns	     38396	800084c0	41248693	addi	x13,x9,1042	  x9:0x00000000 x13=0x00000412
     383985.000 ns	     38397	800084c4	311ca893	slti	x17,x25,785	 x25:0x00000000 x17=0x00000001
     384005.000 ns	     38399	800084c8	201c8d53	fsgnj.s	f26,f25,f1	 f25:0x40000000  f1:0xff800000 f26=0xc0000000
     384035.000 ns	     38402	800084cc	02c0ecb3	rem	x25,x1,x12	  x1:0x00000000 x12:0x00000000 x25=0x00000000
     384055.000 ns	     38404	800084d0	40405d13	srai	x26,x0,0x4	  x0:0x00000000 x26=0x00000000
     384065.000 ns	     38405	800084d4	799b8e13	addi	x28,x23,1945	 x23:0x80040fe4 x28=0x8004177d
     384075.000 ns	     38406	800084d8	00176eb3	or	x29,x14,x1	 x14:0x80000000  x1:0x00000000 x29=0x80000000
     384095.000 ns	     38408	800084dc	d019f653	fcvt.s.wu	f12,x19	 x19:0x00000720 f12=0x44e40000
     384115.000 ns	     38410	800084e0	00f29433	sll	x8,x5,x15	  x5:0x00000720 x15:0x00000000  x8=0x00000720
     384145.000 ns	     38413	800084e4	181c2653	fdiv.s	f12,f24,f1	 f24:0x00000000  f1:0xff800000 f12=0x80000000
     384175.000 ns	     38416	800084e8	03048233	mul	x4,x9,x16	  x9:0x00000000 x16:0x2b788000  x4=0x00000000
     384205.000 ns	     38419	800084ec	0392b333	mulhu	x6,x5,x25	  x5:0x00000720 x25:0x00000000  x6=0x00000000
     384235.000 ns	     38422	800084f0	a02198d3	flt.s	x17,f3,f2	  f3:0x00000080  f2:0x00000000 x17=0x00000000
     384265.000 ns	     38425	800084f4	a097a6d3	feq.s	x13,f15,f9	 f15:0x4f000000  f9:0xfffff8d4 x13=0x00000000
     384285.000 ns	     38427	800084f8	865f6393	ori	x7,x30,-1947	 x30:0x00000000  x7=0xfffff865
     384315.000 ns	     38430	800084fc	18107d53	fdiv.s	f26,f0,f1	  f0:0x80000000  f1:0xff800000 f26=0x00000000
     384335.000 ns	     38432	80008500	00fc7f33	and	x30,x24,x15	 x24:0xffffffe0 x15:0x00000000 x30=0x00000000
     384355.000 ns	     38434	80008504	f00b88d3	fmv.w.x	f17,x23	 x23:0x80040fe4 f17=0x80040fe4
     384385.000 ns	     38437	80008508	a0c82253	feq.s	x4,f16,f12	 f16:0x7fc00000 f12:0x80000000  x4=0x00000000
     384405.000 ns	     38439	8000850c	59f5fe13	andi	x28,x11,1439	 x11:0x00000000 x28=0x00000000
     384765.000 ns	     38475	80008510	0346e5b3	rem	x11,x13,x20	 x13:0x00000000 x20:0x00000001 x11=0x00000000
     384795.000 ns	     38478	80008514	a0ba1353	flt.s	x6,f20,f11	 f20:0x00000000 f11:0xce12e282  x6=0x00000000
     384815.000 ns	     38480	80008518	00a3f4b3	and	x9,x7,x10	  x7:0xfffff865 x10:0xfb000000  x9=0xfb000000
     384825.000 ns	     38481	8000851c	635e0e13	addi	x28,x28,1589	 x28:0x00000000 x28=0x00000635
     384835.000 ns	     38482	80008520	41c8d433	sra	x8,x17,x28	 x17:0x00000000 x28:0x00000000  x8=0x00000000
     384855.000 ns	     38484	80008524	a1562453	feq.s	x8,f12,f21	 f12:0x80000000 f21:0xcc7efc07  x8=0x00000000
     384875.000 ns	     38486	80008528	6e757593	andi	x11,x10,1767	 x10:0xfb000000 x11=0x00000000
     384885.000 ns	     38487	8000852c	408b5a93	srai	x21,x22,0x8	 x22:0x00000000 x21=0x00000000
     384895.000 ns	     38488	80008530	01369513	slli	x10,x13,0x13	 x13:0x00000000 x10=0x00000000
     384925.000 ns	     38491	80008534	11f2f4d3	fmul.s	f9,f5,f31	  f5:0x00000000 f31:0x3f412d34  f9=0x00000000
     384955.000 ns	     38494	80008538	a04604d3	fle.s	x9,f12,f4	 f12:0x80000000  f4:0xce12e282  x9=0x00000000
     384985.000 ns	     38497	8000853c	0354f833	remu	x16,x9,x21	  x9:0xfb000000 x21:0x00000000 x16=0x00000000
     385015.000 ns	     38500	80008540	02b4b7b3	mulhu	x15,x9,x11	  x9:0x00000000 x11:0x00000000 x15=0x00000000
     385035.000 ns	     38502	80008544	7485cc93	xori	x25,x11,1864	 x11:0x00000000 x25=0x00000748
     385055.000 ns	     38504	80008548	d0120dd3	fcvt.s.wu	f27,x4	  x4:0x00000000 f27=0x00000000
     385075.000 ns	     38506	8000854c	019c87b3	add	x15,x25,x25	 x25:0x00000000 x25:0x00000000 x15=0x00000e90
     385085.000 ns	     38507	80008550	335ea413	slti	x8,x29,821	 x29:0x80000000  x8=0x00000001
     385095.000 ns	     38508	80008554	6fd80417	auipc	x8,0x6fd80	  x8=0xefd88554
     385115.000 ns	     38510	80008558	02137fb3	remu	x31,x6,x1	  x6:0x00000000  x1:0x00000000 x31=0x00000000
     385145.000 ns	     38513	8000855c	02bc9633	mulh	x12,x25,x11	 x25:0x00000748 x11:0x00000000 x12=0x00000000
     385175.000 ns	     38516	80008560	c010f253	fcvt.wu.s	x4,f1	  f1:0xff800000  x4=0x00000000
     385195.000 ns	     38518	80008564	41568a33	sub	x20,x13,x21	 x13:0x00000000 x21:0x00000000 x20=0x00000000
     385555.000 ns	     38554	80008568	037ed533	divu	x10,x29,x23	 x29:0x80000000 x23:0x80040fe4 x10=0x00000000
     385575.000 ns	     38556	8000856c	01143833	sltu	x16,x8,x17	  x8:0xefd88554 x17:0x00000000 x16=0x00000000
     385585.000 ns	     38557	80008570	fcf04097	auipc	x1,0xfcf04	  x1=0x7cf0c570
     385605.000 ns	     38559	80008574	02cf5e33	divu	x28,x30,x12	 x30:0x00000000 x12:0x00000000 x28=0xffffffff
     385625.000 ns	     38561	80008578	41985b13	srai	x22,x16,0x19	 x16:0x00000000 x22=0x00000000
     385635.000 ns	     38562	8000857c	41fa5e33	sra	x28,x20,x31	 x20:0x00000000 x31:0x00000000 x28=0x00000000
     385645.000 ns	     38563	80008580	0097b133	sltu	x2,x15,x9	 x15:0x00000e90  x9:0x00000000  x2=0x00000000
     385665.000 ns	     38565	80008584	281a93d3	fmax.s	f7,f21,f1	 f21:0xcc7efc07  f1:0xff800000  f7=0xcc7efc07
     386035.000 ns	     38602	80008588	027146b3	div	x13,x2,x7	  x2:0x80040fe4  x7:0xfffff865 x13=0x00000000
     386065.000 ns	     38605	8000858c	032fa7b3	mulhsu	x15,x31,x18	 x31:0x00000000 x18:0x80041024 x15=0x00000000
     386085.000 ns	     38607	80008590	de20b517	auipc	x10,0xde20b	 x10=0x5e213590
     386095.000 ns	     38608	80008594	01ba5a13	srli	x20,x20,0x1b	 x20:0x00000000 x20=0x00000000
     386125.000 ns	     38611	80008598	58073d53	fsqrt.s	f26,f14	 f14:0x7fc00000 f26=0x7fc00000
     386145.000 ns	     38613	8000859c	407e8a33	sub	x20,x29,x7	 x29:0x80000000  x7:0xfffff865 x20=0x8000079b
     386165.000 ns	     38615	800085a0	f0030453	fmv.w.x	f8,x6	  x6:0x00000000  f8=0x00000000
     386205.000 ns	     38619	800085a4	107a8753	fmul.s	f14,f21,f7	 f21:0xcc7efc07  f7:0xcc7efc07 f14=0x597df916
     386225.000 ns	     38621	800085a8	8c5674b7	lui	x9,0x8c567	  x9=0x8c567000
     386245.000 ns	     38623	800085ac	c0077d53	fcvt.w.s	x26,f14	 f14:0x597df916 x26=0x7fffffff
     386275.000 ns	     38626	800085b0	c0014453	fcvt.w.s	x8,f2	  f2:0x00000000  x8=0x00000000
     386305.000 ns	     38629	800085b4	a0fa28d3	feq.s	x17,f20,f15	 f20:0x00000000 f15:0x4f000000 x17=0x00000000
     386675.000 ns	     38666	800085b8	034ec4b3	div	x9,x29,x20	 x29:0x80000000 x20:0x8000079b  x9=0x00000001
     386695.000 ns	     38668	800085bc	d0044693	xori	x13,x8,-768	  x8:0x00000000 x13=0xfffffd00
     386715.000 ns	     38670	800085c0	28078cd3	fmin.s	f25,f15,f0	 f15:0x4f000000  f0:0x80000000 f25=0x80000000
     386735.000 ns	     38672	800085c4	565f8793	addi	x15,x31,1381	 x31:0x00000000 x15=0x00000565
     386755.000 ns	     38674	800085c8	028a7e33	remu	x28,x20,x8	 x20:0x8000079b  x8:0x00000000 x28=0x8000079b
     387125.000 ns	     38711	800085cc	02e874b3	remu	x9,x16,x14	 x16:0x00000000 x14:0x80000000  x9=0x00000000
     387155.000 ns	     38714	800085d0	03f4e433	rem	x8,x9,x31	  x9:0x00000001 x31:0x00000000  x8=0x00000000
     387525.000 ns	     38751	800085d4	034070b3	remu	x1,x0,x20	  x0:0x00000000 x20:0x8000079b  x1=0x00000000
     387545.000 ns	     38753	800085d8	95643013	sltiu	x0,x8,-1706	  x8:0x00000000
     387565.000 ns	     38755	800085dc	d005ca53	fcvt.s.w	f20,x11	 x11:0x00000000 f20=0x00000000
     387585.000 ns	     38757	800085e0	b5b3a113	slti	x2,x7,-1189	  x7:0xfffff865  x2=0x00000001
     387605.000 ns	     38759	800085e4	a1f81d53	flt.s	x26,f16,f31	 f16:0x7fc00000 f31:0x3f412d34 x26=0x00000000
     387625.000 ns	     38761	800085e8	419359b7	lui	x19,0x41935	 x19=0x41935000
     387645.000 ns	     38763	800085ec	d0017a53	fcvt.s.w	f20,x2	  x2:0x00000001 f20=0x3f800000
     387665.000 ns	     38765	800085f0	409dd533	sra	x10,x27,x9	 x27:0x00000000  x9:0x00000000 x10=0x00000000
     387685.000 ns	     38767	800085f4	c009c453	fcvt.w.s	x8,f19	 f19:0x7fc00000  x8=0x7fffffff
     387715.000 ns	     38770	800085f8	c01e7fd3	fcvt.wu.s	x31,f28	 f28:0x42fffb4e x31=0x0000007f
     387745.000 ns	     38773	800085fc	a14b9153	flt.s	x2,f23,f20	 f23:0xfb000000 f20:0x3f800000  x2=0x00000001
     387765.000 ns	     38775	80008600	00efad33	slt	x26,x31,x14	 x31:0x0000007f x14:0x80000000 x26=0x00000000
     387775.000 ns	     38776	80008604	412bdc33	sra	x24,x23,x18	 x23:0x80040fe4 x18:0x80041024 x24=0xf80040fe
     387795.000 ns	     38778	80008608	21888553	fsgnj.s	f10,f17,f24	 f17:0x80040fe4 f24:0x00000000 f10=0x00040fe4
     387825.000 ns	     38781	8000860c	20e72fd3	fsgnjx.s	f31,f14,f14	 f14:0x597df916 f14:0x597df916 f31=0x597df916
     387845.000 ns	     38783	80008610	4120f013	andi	x0,x1,1042	  x1:0x00000000
     387855.000 ns	     38784	80008614	00000013	addi	x0,x0,0	  x0:0x00000000
     387875.000 ns	     38786	80008618	e0060e53	fmv.x.w	x28,f12	 f12:0x80000000 x28=0x80000000
     387895.000 ns	     38788	8000861c	30ba2213	slti	x4,x20,779	 x20:0x8000079b  x4=0x00000001
     387915.000 ns	     38790	80008620	210d1753	fsgnjn.s	f14,f26,f16	 f26:0x7fc00000 f16:0x7fc00000 f14=0xffc00000
     387935.000 ns	     38792	80008624	404057b3	sra	x15,x0,x4	  x0:0x00000000  x4:0x00000000 x15=0x00000000
     387945.000 ns	     38793	80008628	e006a813	slti	x16,x13,-512	 x13:0xfffffd00 x16=0x00000001
     387965.000 ns	     38795	8000862c	280911d3	fmax.s	f3,f18,f0	 f18:0x7fc00000  f0:0x80000000  f3=0x80000000
     387985.000 ns	     38797	80008630	23f36b13	ori	x22,x6,575	  x6:0x00000000 x22=0x0000023f
     388345.000 ns	     38833	80008634	0220f6b3	remu	x13,x1,x2	  x1:0x00000000  x2:0x00000001 x13=0x00000000
     388375.000 ns	     38836	80008638	02b241b3	div	x3,x4,x11	  x4:0x00000001 x11:0x00000000  x3=0xffffffff
     388405.000 ns	     38839	8000863c	02538133	mul	x2,x7,x5	  x7:0xfffff865  x5:0x00000720  x2=0xffc9cfa0
     388435.000 ns	     38842	80008640	c01475d3	fcvt.wu.s	x11,f8	  f8:0x00000000 x11=0x00000000
     388465.000 ns	     38845	80008644	d01b0ad3	fcvt.s.wu	f21,x22	 x22:0x0000023f f21=0x440fc000
     388495.000 ns	     38848	80008648	030100b3	mul	x1,x2,x16	  x2:0xffc9cfa0 x16:0x00000001  x1=0xffc9cfa0
     388515.000 ns	     38850	8000864c	01ca5a13	srli	x20,x20,0x1c	 x20:0x8000079b x20=0x00000008
     388525.000 ns	     38851	80008650	00000013	addi	x0,x0,0	  x0:0x00000000
     388545.000 ns	     38853	80008654	e00012d3	fclass.s	x5,f0	  f0:0x80000000  x5=0x00000008
     388915.000 ns	     38890	80008658	028ac2b3	div	x5,x21,x8	 x21:0x00000000  x8:0x7fffffff  x5=0x00000000
     388945.000 ns	     38893	8000865c	d00b79d3	fcvt.s.w	f19,x22	 x22:0x0000023f f19=0x440fc000
     388965.000 ns	     38895	80008660	cfd3f213	andi	x4,x7,-771	  x7:0xfffff865  x4=0xfffff865
     388975.000 ns	     38896	80008664	6c72a393	slti	x7,x5,1735	  x5:0x00000000  x7=0x00000001
     388995.000 ns	     38898	80008668	d015ffd3	fcvt.s.wu	f31,x11	 x11:0x00000000 f31=0x00000000
     389025.000 ns	     38901	8000866c	297c8ed3	fmin.s	f29,f25,f23	 f25:0x80000000 f23:0xfb000000 f29=0xfb000000
     389075.000 ns	     38906	80008670	01784ed3	fadd.s	f29,f16,f23	 f16:0x7fc00000 f23:0xfb000000 f29=0x7fc00000
     389445.000 ns	     38943	80008674	03c07ab3	remu	x21,x0,x28	  x0:0x00000000 x28:0x80000000 x21=0x00000000
     389815.000 ns	     38980	80008678	028bd2b3	divu	x5,x23,x8	 x23:0x80040fe4  x8:0x7fffffff  x5=0x00000001
     389845.000 ns	     38983	8000867c	02091033	mulh	x0,x18,x0	 x18:0x80041024  x0:0x00000000
     389865.000 ns	     38985	80008680	012a9b33	sll	x22,x21,x18	 x21:0x00000000 x18:0x80041024 x22=0x00000000
     389885.000 ns	     38987	80008684	e00081d3	fmv.x.w	x3,f1	  f1:0xff800000  x3=0xff800000
     389915.000 ns	     38990	80008688	e0099653	fclass.s	x12,f19	 f19:0x440fc000 x12=0x00000040
     389935.000 ns	     38992	8000868c	14bda3b7	lui	x7,0x14bda	  x7=0x14bda000
     389955.000 ns	     38994	80008690	a100aa53	feq.s	x20,f1,f16	  f1:0xff800000 f16:0x7fc00000 x20=0x00000000
     389995.000 ns	     38998	80008694	58059cd3	fsqrt.s	f25,f11	 f11:0xce12e282 f25=0x7fc00000
     390045.000 ns	     39003	80008698	092875d3	fsub.s	f11,f16,f18	 f16:0x7fc00000 f18:0x7fc00000 f11=0x7fc00000
     390065.000 ns	     39005	8000869c	01d853b3	srl	x7,x16,x29	 x16:0x00000001 x29:0x80000000  x7=0x00000001
     390105.000 ns	     39009	800086a0	08549953	fsub.s	f18,f9,f5	  f9:0x00000000  f5:0x00000000 f18=0x80000000
     390125.000 ns	     39011	800086a4	40c70833	sub	x16,x14,x12	 x14:0x80000000 x12:0x00000040 x16=0x7fffffc0
     390145.000 ns	     39013	800086a8	a1432e53	feq.s	x28,f6,f20	  f6:0x7fc00000 f20:0x3f800000 x28=0x00000000
     390165.000 ns	     39015	800086ac	00f37c33	and	x24,x6,x15	  x6:0x00000000 x15:0x00000000 x24=0x00000000
     390175.000 ns	     39016	800086b0	9bd3aa93	slti	x21,x7,-1603	  x7:0x00000001 x21=0x00000000
     390195.000 ns	     39018	800086b4	035456b3	divu	x13,x8,x21	  x8:0x7fffffff x21:0x00000000 x13=0xffffffff
     390225.000 ns	     39021	800086b8	03bf4133	div	x2,x30,x27	 x30:0x00000000 x27:0x00000000  x2=0xffffffff
     390245.000 ns	     39023	800086bc	09bac993	xori	x19,x21,155	 x21:0x00000000 x19=0x0000009b
     390255.000 ns	     39024	800086c0	01566833	or	x16,x12,x21	 x12:0x00000040 x21:0x00000000 x16=0x00000040
     390275.000 ns	     39026	800086c4	a05d8dd3	fle.s	x27,f27,f5	 f27:0x00000000  f5:0x00000000 x27=0x00000001
     390295.000 ns	     39028	800086c8	0145f2b3	and	x5,x11,x20	 x11:0x00000000 x20:0x00000000  x5=0x00000000
     390305.000 ns	     39029	800086cc	492c7293	andi	x5,x24,1170	 x24:0x00000000  x5=0x00000000
     390315.000 ns	     39030	800086d0	8e041ab7	lui	x21,0x8e041	 x21=0x8e041000
     390335.000 ns	     39032	800086d4	a13d06d3	fle.s	x13,f26,f19	 f26:0x7fc00000 f19:0x440fc000 x13=0x00000000
     390365.000 ns	     39035	800086d8	20a38853	fsgnj.s	f16,f7,f10	  f7:0xcc7efc07 f10:0x00040fe4 f16=0x4c7efc07
     390395.000 ns	     39038	800086dc	034b0033	mul	x0,x22,x20	 x22:0x00000000 x20:0x00000000
     390425.000 ns	     39041	800086e0	21c103d3	fsgnj.s	f7,f2,f28	  f2:0x00000000 f28:0x42fffb4e  f7=0x00000000
     390455.000 ns	     39044	800086e4	02483fb3	mulhu	x31,x16,x4	 x16:0x00000040  x4:0xfffff865 x31=0x0000003f
     390485.000 ns	     39047	800086e8	20b70d53	fsgnj.s	f26,f14,f11	 f14:0xffc00000 f11:0x7fc00000 f26=0x7fc00000
     390515.000 ns	     39050	800086ec	c01676d3	fcvt.wu.s	x13,f12	 f12:0x80000000 x13=0x00000000
     390555.000 ns	     39054	800086f0	19909ad3	fdiv.s	f21,f1,f25	  f1:0xff800000 f25:0x7fc00000 f21=0x7fc00000
     390575.000 ns	     39056	800086f4	32763393	sltiu	x7,x12,807	 x12:0x00000040  x7=0x00000001
     390585.000 ns	     39057	800086f8	92e4ff93	andi	x31,x9,-1746	  x9:0x00000000 x31=0x00000000
     390595.000 ns	     39058	800086fc	8b3e3ab7	lui	x21,0x8b3e3	 x21=0x8b3e3000
     390605.000 ns	     39059	80008700	01ac3c33	sltu	x24,x24,x26	 x24:0x00000000 x26:0x00000000 x24=0x00000000
     390615.000 ns	     39060	80008704	00831333	sll	x6,x6,x8	  x6:0x00000000  x8:0x7fffffff  x6=0x00000000
     390635.000 ns	     39062	80008708	20aa06d3	fsgnj.s	f13,f20,f10	 f20:0x3f800000 f10:0x00040fe4 f13=0x3f800000
     390655.000 ns	     39064	8000870c	dbc8e393	ori	x7,x17,-580	 x17:0x00000000  x7=0xfffffdbc
     391015.000 ns	     39100	80008710	023ece33	div	x28,x29,x3	 x29:0x80000000  x3:0xff800000 x28=0x00000100
     391045.000 ns	     39103	80008714	28291f53	fmax.s	f30,f18,f2	 f18:0x80000000  f2:0x00000000 f30=0x00000000
     391415.000 ns	     39140	80008718	0213c2b3	div	x5,x7,x1	  x7:0xfffffdbc  x1:0xffc9cfa0  x5=0x00000000
     391455.000 ns	     39144	8000871c	192022d3	fdiv.s	f5,f0,f18	  f0:0x80000000 f18:0x80000000  f5=0x7fc00000
     391475.000 ns	     39146	80008720	e6493a13	sltiu	x20,x18,-412	 x18:0x80041024 x20=0x00000001
     391515.000 ns	     39150	80008724	01c4f3d3	fadd.s	f7,f9,f28	  f9:0x00000000 f28:0x42fffb4e  f7=0x42fffb4e
     391545.000 ns	     39153	80008728	0372ac33	mulhsu	x24,x5,x23	  x5:0x00000000 x23:0x80040fe4 x24=0x00000000
     391575.000 ns	     39156	8000872c	a0279ed3	flt.s	x29,f15,f2	 f15:0x4f000000  f2:0x00000000 x29=0x00000000
     391595.000 ns	     39158	80008730	00d0c233	xor	x4,x1,x13	  x1:0xffc9cfa0 x13:0x00000000  x4=0xffc9cfa0
     391605.000 ns	     39159	80008734	009e1c33	sll	x24,x28,x9	 x28:0x00000100  x9:0x00000000 x24=0x00000100
     391615.000 ns	     39160	80008738	00aa3d33	sltu	x26,x20,x10	 x20:0x00000001 x10:0x00000000 x26=0x00000000
     391975.000 ns	     39196	8000873c	02c461b3	rem	x3,x8,x12	  x8:0x7fffffff x12:0x00000040  x3=0x0000003f
     391995.000 ns	     39198	80008740	000ac2b3	xor	x5,x21,x0	 x21:0x8b3e3000  x0:0x00000000  x5=0x8b3e3000
     392005.000 ns	     39199	80008744	86163813	sltiu	x16,x12,-1951	 x12:0x00000040 x16=0x00000001
     392015.000 ns	     39200	80008748	a8d94f93	xori	x31,x18,-1395	 x18:0x80041024 x31=0x7ffbeaa9
     392035.000 ns	     39202	8000874c	e0088653	fmv.x.w	x12,f17	 f17:0x80040fe4 x12=0x80040fe4
     392055.000 ns	     39204	80008750	00000013	addi	x0,x0,0	  x0:0x00000000
     392065.000 ns	     39205	80008754	beb38613	addi	x12,x7,-1045	  x7:0xfffffdbc x12=0xfffff9a7
     392075.000 ns	     39206	80008758	41e15813	srai	x16,x2,0x1e	  x2:0xffffffff x16=0xffffffff
     392115.000 ns	     39210	8000875c	08154453	fsub.s	f8,f10,f1	 f10:0x00040fe4  f1:0xff800000  f8=0x7f800000
     392145.000 ns	     39213	80008760	e0011dd3	fclass.s	x27,f2	  f2:0x00000000 x27=0x00000010
     392175.000 ns	     39216	80008764	c00db4d3	fcvt.w.s	x9,f27	 f27:0x00000000  x9=0x00000000
     392225.000 ns	     39221	80008768	01b6f4d3	fadd.s	f9,f13,f27	 f13:0x3f800000 f27:0x00000000  f9=0x3f800000
     392245.000 ns	     39223	8000876c	00364833	xor	x16,x12,x3	 x12:0xfffff9a7  x3:0x0000003f x16=0xfffff998
     392285.000 ns	     39227	80008770	000efb53	fadd.s	f22,f29,f0	 f29:0x7fc00000  f0:0x80000000 f22=0x7fc00000
     392305.000 ns	     39229	80008774	066cf493	andi	x9,x25,102	 x25:0x00000748  x9=0x00000040
     392345.000 ns	     39233	80008778	090c27d3	fsub.s	f15,f24,f16	 f24:0x00000000 f16:0x4c7efc07 f15=0xcc7efc07
     392375.000 ns	     39236	8000877c	03def633	remu	x12,x29,x29	 x29:0x00000000 x29:0x00000000 x12=0x00000000
     392405.000 ns	     39239	80008780	02ed34b3	mulhu	x9,x26,x14	 x26:0x00000000 x14:0x80000000  x9=0x00000000
     392425.000 ns	     39241	80008784	00f90b33	add	x22,x18,x15	 x18:0x80041024 x15:0x00000000 x22=0x80041024
     392445.000 ns	     39243	80008788	20eba153	fsgnjx.s	f2,f23,f14	 f23:0xfb000000 f14:0xffc00000  f2=0x7b000000
     392465.000 ns	     39245	8000878c	40b75d33	sra	x26,x14,x11	 x14:0x80000000 x11:0x00000000 x26=0x80000000
     392485.000 ns	     39247	80008790	c00bfc53	fcvt.w.s	x24,f23	 f23:0xfb000000 x24=0x80000000
     392505.000 ns	     39249	80008794	2458f693	andi	x13,x17,581	 x17:0x00000000 x13=0x00000000
     392545.000 ns	     39253	80008798	0886f7d3	fsub.s	f15,f13,f8	 f13:0x3f800000  f8:0x7f800000 f15=0xff800000
     392565.000 ns	     39255	8000879c	aaab8193	addi	x3,x23,-1366	 x23:0x80040fe4  x3=0x80040a8e
     392605.000 ns	     39259	800087a0	0078ffd3	fadd.s	f31,f17,f7	 f17:0x80040fe4  f7:0x42fffb4e f31=0x42fffb4e
     392635.000 ns	     39262	800087a4	206987d3	fsgnj.s	f15,f19,f6	 f19:0x440fc000  f6:0x7fc00000 f15=0x440fc000
     392655.000 ns	     39264	800087a8	419903b3	sub	x7,x18,x25	 x18:0x80041024 x25:0x00000748  x7=0x800408dc
     392675.000 ns	     39266	800087ac	02a21cb3	mulh	x25,x4,x10	  x4:0xffc9cfa0 x10:0x00000000 x25=0x00000000
     392705.000 ns	     39269	800087b0	204a1753	fsgnjn.s	f14,f20,f4	 f20:0x3f800000  f4:0xce12e282 f14=0x3f800000
     392725.000 ns	     39271	800087b4	00769093	slli	x1,x13,0x7	 x13:0x00000000  x1=0x00000000
     392735.000 ns	     39272	800087b8	2a85a513	slti	x10,x11,680	 x11:0x00000000 x10=0x00000001
     392745.000 ns	     39273	800087bc	01241433	sll	x8,x8,x18	  x8:0x7fffffff x18:0x80041024  x8=0xfffffff0
     392755.000 ns	     39274	800087c0	019ed633	srl	x12,x29,x25	 x29:0x00000000 x25:0x00000000 x12=0x00000000
     392765.000 ns	     39275	800087c4	0155b4b3	sltu	x9,x11,x21	 x11:0x00000000 x21:0x8b3e3000  x9=0x00000001
     392775.000 ns	     39276	800087c8	0162beb3	sltu	x29,x5,x22	  x5:0x8b3e3000 x22:0x80041024 x29=0x00000000
     392795.000 ns	     39278	800087cc	03c71ab3	mulh	x21,x14,x28	 x14:0x80000000 x28:0x00000100 x21=0xffffff80
     392825.000 ns	     39281	800087d0	02c8c5b3	div	x11,x17,x12	 x17:0x00000000 x12:0x00000000 x11=0xffffffff
     392845.000 ns	     39283	800087d4	d01eeb13	ori	x22,x29,-767	 x29:0x00000000 x22=0xfffffd01
     392865.000 ns	     39285	800087d8	a0a724d3	feq.s	x9,f14,f10	 f14:0x3f800000 f10:0x00040fe4  x9=0x00000000
     392895.000 ns	     39288	800087dc	284d9a53	fmax.s	f20,f27,f4	 f27:0x00000000  f4:0xce12e282 f20=0x00000000
     392915.000 ns	     39290	800087e0	1ee66213	ori	x4,x12,494	 x12:0x00000000  x4=0x000001ee
     392935.000 ns	     39292	800087e4	e0011a53	fclass.s	x20,f2	  f2:0x7b000000 x20=0x00000040
     392955.000 ns	     39294	800087e8	d353a797	auipc	x15,0xd353a	 x15=0x535427e8
     392965.000 ns	     39295	800087ec	4074d593	srai	x11,x9,0x7	  x9:0x00000000 x11=0x00000000
     392975.000 ns	     39296	800087f0	001c09b3	add	x19,x24,x1	 x24:0x80000000  x1:0x00000000 x19=0x80000000
     392995.000 ns	     39298	800087f4	0214f533	remu	x10,x9,x1	  x9:0x00000000  x1:0x00000000 x10=0x00000000
     393025.000 ns	     39301	800087f8	21cd0ed3	fsgnj.s	f29,f26,f28	 f26:0x7fc00000 f28:0x42fffb4e f29=0x7fc00000
     393055.000 ns	     39304	800087fc	28c687d3	fmin.s	f15,f13,f12	 f13:0x3f800000 f12:0x80000000 f15=0x80000000
     393085.000 ns	     39307	80008800	d00e7553	fcvt.s.w	f10,x28	 x28:0x00000100 f10=0x43800000
     393105.000 ns	     39309	80008804	45ef3793	sltiu	x15,x30,1118	 x30:0x00000000 x15=0x00000001
     393115.000 ns	     39310	80008808	40665993	srai	x19,x12,0x6	 x12:0x00000000 x19=0x00000000
     393125.000 ns	     39311	8000880c	0159c4b3	xor	x9,x19,x21	 x19:0x80000000 x21:0xffffff80  x9=0xffffff80
     393145.000 ns	     39313	80008810	c01f0353	fcvt.wu.s	x6,f30	 f30:0x00000000  x6=0x00000000
     393175.000 ns	     39316	80008814	d00ef8d3	fcvt.s.w	f17,x29	 x29:0x00000000 f17=0x00000000
     393195.000 ns	     39318	80008818	0ec8f293	andi	x5,x17,236	 x17:0x00000000  x5=0x00000000
     393225.000 ns	     39321	8000881c	10fb19d3	fmul.s	f19,f22,f15	 f22:0x7fc00000 f15:0x80000000 f19=0x7fc00000
     393595.000 ns	     39358	80008820	0375ff33	remu	x30,x11,x23	 x11:0x00000000 x23:0x80040fe4 x30=0x00000000
     393625.000 ns	     39361	80008824	a1c71c53	flt.s	x24,f14,f28	 f14:0x3f800000 f28:0x42fffb4e x24=0x00000001
     393665.000 ns	     39365	80008828	19c37dd3	fdiv.s	f27,f6,f28	  f6:0x7fc00000 f28:0x42fffb4e f27=0x7fc00000
     393685.000 ns	     39367	8000882c	0004c233	xor	x4,x9,x0	  x9:0xffffff80  x0:0x00000000  x4=0xffffff80
     393705.000 ns	     39369	80008830	293610d3	fmax.s	f1,f12,f19	 f12:0x80000000 f19:0x7fc00000  f1=0x80000000
     393735.000 ns	     39372	80008834	213b29d3	fsgnjx.s	f19,f22,f19	 f22:0x7fc00000 f19:0x7fc00000 f19=0x7fc00000
     394105.000 ns	     39409	80008838	0365fcb3	remu	x25,x11,x22	 x11:0x00000000 x22:0xfffffd01 x25=0x00000000
     394135.000 ns	     39412	8000883c	216f2e53	fsgnjx.s	f28,f30,f22	 f30:0x00000000 f22:0x7fc00000 f28=0x00000000
     394165.000 ns	     39415	80008840	a191ab53	feq.s	x22,f3,f25	  f3:0x80000000 f25:0x7fc00000 x22=0x00000000
     394195.000 ns	     39418	80008844	d0054853	fcvt.s.w	f16,x10	 x10:0x00000000 f16=0x00000000
     394215.000 ns	     39420	80008848	017089b3	add	x19,x1,x23	  x1:0x00000000 x23:0x80040fe4 x19=0x80040fe4
     394225.000 ns	     39421	8000884c	00e2bc33	sltu	x24,x5,x14	  x5:0x00000000 x14:0x80000000 x24=0x00000001
     394235.000 ns	     39422	80008850	00871cb3	sll	x25,x14,x8	 x14:0x80000000  x8:0xfffffff0 x25=0x00000000
     394265.000 ns	     39425	80008854	11b8f753	fmul.s	f14,f17,f27	 f17:0x00000000 f27:0x7fc00000 f14=0x7fc00000
     394295.000 ns	     39428	80008858	d0063bd3	fcvt.s.w	f23,x12	 x12:0x00000000 f23=0x00000000
     394325.000 ns	     39431	8000885c	c0107853	fcvt.wu.s	x16,f0	  f0:0x80000000 x16=0x00000000
     394355.000 ns	     39434	80008860	a15b14d3	flt.s	x9,f22,f21	 f22:0x7fc00000 f21:0x7fc00000  x9=0x00000000
     394385.000 ns	     39437	80008864	036614b3	mulh	x9,x12,x22	 x12:0x00000000 x22:0x00000000  x9=0x00000000
     394405.000 ns	     39439	80008868	01473e33	sltu	x28,x14,x20	 x14:0x80000000 x20:0x00000040 x28=0x00000000
     394445.000 ns	     39443	8000886c	00327cd3	fadd.s	f25,f4,f3	  f4:0xce12e282  f3:0x80000000 f25=0xce12e282
     394475.000 ns	     39446	80008870	a02aa7d3	feq.s	x15,f21,f2	 f21:0x7fc00000  f2:0x7b000000 x15=0x00000000
     394495.000 ns	     39448	80008874	417f8f33	sub	x30,x31,x23	 x31:0x7ffbeaa9 x23:0x80040fe4 x30=0xfff7dac5
     394505.000 ns	     39449	80008878	409e0eb3	sub	x29,x28,x9	 x28:0x00000000  x9:0x00000000 x29=0x00000000
     394525.000 ns	     39451	8000887c	c0027d53	fcvt.w.s	x26,f4	  f4:0xce12e282 x26=0x24b8a080
     394555.000 ns	     39454	80008880	f0040d53	fmv.w.x	f26,x8	  x8:0xfffffff0 f26=0xfffffff0
     394585.000 ns	     39457	80008884	03f9a3b3	mulhsu	x7,x19,x31	 x19:0x80040fe4 x31:0x7ffbeaa9  x7=0xc004128c
     394605.000 ns	     39459	80008888	c7982b13	slti	x22,x16,-903	 x16:0x00000000 x22=0x00000000
     394645.000 ns	     39463	8000888c	004af7d3	fadd.s	f15,f21,f4	 f21:0x7fc00000  f4:0xce12e282 f15=0x7fc00000
     394675.000 ns	     39466	80008890	20082bd3	fsgnjx.s	f23,f16,f0	 f16:0x00000000  f0:0x80000000 f23=0x80000000
     394705.000 ns	     39469	80008894	021257b3	divu	x15,x4,x1	  x4:0xffffff80  x1:0x00000000 x15=0xffffffff
     394735.000 ns	     39472	80008898	21540c53	fsgnj.s	f24,f8,f21	  f8:0x7f800000 f21:0x7fc00000 f24=0x7f800000
     394765.000 ns	     39475	8000889c	291b8353	fmin.s	f6,f23,f17	 f23:0x80000000 f17:0x00000000  f6=0x80000000
     394795.000 ns	     39478	800088a0	02031ab3	mulh	x21,x6,x0	  x6:0x00000000  x0:0x00000000 x21=0x00000000
     394825.000 ns	     39481	800088a4	206d90d3	fsgnjn.s	f1,f27,f6	 f27:0x7fc00000  f6:0x80000000  f1=0x7fc00000
     394855.000 ns	     39484	800088a8	d0167553	fcvt.s.wu	f10,x12	 x12:0x00000000 f10=0x00000000
     394875.000 ns	     39486	800088ac	c37a3213	sltiu	x4,x20,-969	 x20:0x00000040  x4=0x00000001
     394885.000 ns	     39487	800088b0	30532213	slti	x4,x6,773	  x6:0x00000000  x4=0x00000001
     394905.000 ns	     39489	800088b4	e0010fd3	fmv.x.w	x31,f2	  f2:0x7b000000 x31=0x7b000000
     394925.000 ns	     39491	800088b8	416c5093	srai	x1,x24,0x16	 x24:0x00000001  x1=0x00000000
     395285.000 ns	     39527	800088bc	03344eb3	div	x29,x8,x19	  x8:0xfffffff0 x19:0x80040fe4 x29=0x00000000
     395305.000 ns	     39529	800088c0	22d64c93	xori	x25,x12,557	 x12:0x00000000 x25=0x0000022d
     395325.000 ns	     39531	800088c4	e00c83d3	fmv.x.w	x7,f25	 f25:0xce12e282  x7=0xce12e282
     395365.000 ns	     39535	800088c8	1999f5d3	fdiv.s	f11,f19,f25	 f19:0x7fc00000 f25:0xce12e282 f11=0x7fc00000
     395385.000 ns	     39537	800088cc	415d8333	sub	x6,x27,x21	 x27:0x00000010 x21:0x00000000  x6=0x00000010
     395405.000 ns	     39539	800088d0	d0191b53	fcvt.s.wu	f22,x18	 x18:0x80041024 f22=0x4f000410
     395435.000 ns	     39542	800088d4	d0009ad3	fcvt.s.w	f21,x1	  x1:0x00000000 f21=0x00000000
     395475.000 ns	     39546	800088d8	106c4153	fmul.s	f2,f24,f6	 f24:0x7f800000  f6:0x80000000  f2=0x7fc00000
     395505.000 ns	     39549	800088dc	c008f553	fcvt.w.s	x10,f17	 f17:0x00000000 x10=0x00000000
     395535.000 ns	     39552	800088e0	0313ed33	rem	x26,x7,x17	  x7:0xce12e282 x17:0x00000000 x26=0xce12e282
     395565.000 ns	     39555	800088e4	214989d3	fsgnj.s	f19,f19,f20	 f19:0x7fc00000 f20:0x00000000 f19=0x7fc00000
     395605.000 ns	     39559	800088e8	187745d3	fdiv.s	f11,f14,f7	 f14:0x7fc00000  f7:0x42fffb4e f11=0x7fc00000
     395635.000 ns	     39562	800088ec	e00b83d3	fmv.x.w	x7,f23	 f23:0x80000000  x7=0x80000000
     395675.000 ns	     39566	800088f0	199d3cd3	fdiv.s	f25,f26,f25	 f26:0xfffffff0 f25:0xce12e282 f25=0x7fc00000
     395705.000 ns	     39569	800088f4	201082d3	fsgnj.s	f5,f1,f1	  f1:0x7fc00000  f1:0x7fc00000  f5=0x7fc00000
     395735.000 ns	     39572	800088f8	28d08853	fmin.s	f16,f1,f13	  f1:0x7fc00000 f13:0x3f800000 f16=0x3f800000
     395765.000 ns	     39575	800088fc	20149653	fsgnjn.s	f12,f9,f1	  f9:0x3f800000  f1:0x7fc00000 f12=0xbf800000
     395785.000 ns	     39577	80008900	00326c33	or	x24,x4,x3	  x4:0x00000001  x3:0x80040a8e x24=0x80040a8f
     395805.000 ns	     39579	80008904	29e090d3	fmax.s	f1,f1,f30	  f1:0x7fc00000 f30:0x00000000  f1=0x00000000
     395835.000 ns	     39582	80008908	0367f1b3	remu	x3,x15,x22	 x15:0xffffffff x22:0x00000000  x3=0xffffffff
     395855.000 ns	     39584	8000890c	0080c333	xor	x6,x1,x8	  x1:0x00000000  x8:0xfffffff0  x6=0xfffffff0
     395875.000 ns	     39586	80008910	d01b7553	fcvt.s.wu	f10,x22	 x22:0x00000000 f10=0x00000000
     395925.000 ns	     39591	80008914	014b7153	fadd.s	f2,f22,f20	 f22:0x4f000410 f20:0x00000000  f2=0x4f000410
     395955.000 ns	     39594	80008918	03899833	mulh	x16,x19,x24	 x19:0x80040fe4 x24:0x80040a8f x16=0x3ffbf2d6
     395985.000 ns	     39597	8000891c	c006b653	fcvt.w.s	x12,f13	 f13:0x3f800000 x12=0x00000001
     396025.000 ns	     39601	80008920	5808f9d3	fsqrt.s	f19,f17	 f17:0x00000000 f19=0x00000000
     396055.000 ns	     39604	80008924	206b1bd3	fsgnjn.s	f23,f22,f6	 f22:0x4f000410  f6:0x80000000 f23=0x4f000410
     396075.000 ns	     39606	80008928	899319b7	lui	x19,0x89931	 x19=0x89931000
     396095.000 ns	     39608	8000892c	03554b33	div	x22,x10,x21	 x10:0x00000000 x21:0x00000000 x22=0xffffffff
     397165.000 ns	     39715	80008930	580fadd3	fsqrt.s	f27,f31	 f31:0x42fffb4e f27=0x41350303
     397195.000 ns	     39718	80008934	e00d83d3	fmv.x.w	x7,f27	 f27:0x7fc00000  x7=0x41350303
     397225.000 ns	     39721	80008938	e00290d3	fclass.s	x1,f5	  f5:0x7fc00000  x1=0x00000200
     397255.000 ns	     39724	8000893c	c008fc53	fcvt.w.s	x24,f17	 f17:0x00000000 x24=0x00000000
     397285.000 ns	     39727	80008940	a0088ed3	fle.s	x29,f17,f0	 f17:0x00000000  f0:0x80000000 x29=0x00000001
     397305.000 ns	     39729	80008944	00000013	addi	x0,x0,0	  x0:0x00000000
     397325.000 ns	     39731	80008948	02062cb3	mulhsu	x25,x12,x0	 x12:0x00000001  x0:0x00000000 x25=0x00000000
     397365.000 ns	     39735	8000894c	10ea7453	fmul.s	f8,f20,f14	 f20:0x00000000 f14:0x7fc00000  f8=0x7fc00000
     397385.000 ns	     39737	80008950	41b65cb3	sra	x25,x12,x27	 x12:0x00000001 x27:0x00000010 x25=0x00000000
     397415.000 ns	     39740	80008954	183a77d3	fdiv.s	f15,f20,f3	 f20:0x00000000  f3:0x80000000 f15=0x7fc00000
     397445.000 ns	     39743	80008958	e0098853	fmv.x.w	x16,f19	 f19:0x00000000 x16=0x00000000
     397495.000 ns	     39748	8000895c	098c0f53	fsub.s	f30,f24,f24	 f24:0x7f800000 f24:0x7f800000 f30=0x80000000
     397545.000 ns	     39753	80008960	08a7f953	fsub.s	f18,f15,f10	 f15:0x7fc00000 f10:0x00000000 f18=0x7fc00000
     397565.000 ns	     39755	80008964	37287a93	andi	x21,x16,882	 x16:0x00000000 x21=0x00000000
     397575.000 ns	     39756	80008968	005210b3	sll	x1,x4,x5	  x4:0x00000001  x5:0x00000000  x1=0x00000001
     397585.000 ns	     39757	8000896c	f0a00693	addi	x13,x0,-246	  x0:0x00000000 x13=0xffffff0a
     397595.000 ns	     39758	80008970	01569e93	slli	x29,x13,0x15	 x13:0x00000000 x29=0xe1400000
     397615.000 ns	     39760	80008974	a11c9ad3	flt.s	x21,f25,f17	 f25:0x7fc00000 f17:0x00000000 x21=0x00000000
     398795.000 ns	     39878	80008978	580170d3	fsqrt.s	f1,f2	  f2:0x4f000410  f1=0x46b50a40
     399165.000 ns	     39915	8000897c	0260d0b3	divu	x1,x1,x6	  x1:0x00000001  x6:0xfffffff0  x1=0x00000000
     399185.000 ns	     39917	80008980	e738ac93	slti	x25,x17,-397	 x17:0x00000000 x25=0x00000000
     399205.000 ns	     39919	80008984	c00239d3	fcvt.w.s	x19,f4	  f4:0xce12e282 x19=0xdb475f80
     399255.000 ns	     39924	80008988	08e0c753	fsub.s	f14,f1,f14	  f1:0x46b50a40 f14:0x7fc00000 f14=0x7fc00000
     399285.000 ns	     39927	8000898c	28b90453	fmin.s	f8,f18,f11	 f18:0x7fc00000 f11:0x7fc00000  f8=0x7fc00000
     399325.000 ns	     39931	80008990	11c57153	fmul.s	f2,f10,f28	 f10:0x00000000 f28:0x00000000  f2=0x00000000
     399355.000 ns	     39934	80008994	024217b3	mulh	x15,x4,x4	  x4:0x00000001  x4:0x00000001 x15=0x00000000
     399375.000 ns	     39936	80008998	00bdedb3	or	x27,x27,x11	 x27:0x00000010 x11:0x00000000 x27=0x00000010
     399395.000 ns	     39938	8000899c	a00a80d3	fle.s	x1,f21,f0	 f21:0x00000000  f0:0x80000000  x1=0x00000001
     399425.000 ns	     39941	800089a0	20f20dd3	fsgnj.s	f27,f4,f15	  f4:0xce12e282 f15:0x7fc00000 f27=0x4e12e282
     399445.000 ns	     39943	800089a4	865fb493	sltiu	x9,x31,-1947	 x31:0x7b000000  x9=0x00000001
     399805.000 ns	     39979	800089a8	021bc7b3	div	x15,x23,x1	 x23:0x80040fe4  x1:0x00000001 x15=0x80040fe4
     399825.000 ns	     39981	800089ac	2cb20017	auipc	x0,0x2cb20	
     399845.000 ns	     39983	800089b0	20c80fd3	fsgnj.s	f31,f16,f12	 f16:0x3f800000 f12:0xbf800000 f31=0xbf800000
     399875.000 ns	     39986	800089b4	2021a7d3	fsgnjx.s	f15,f3,f2	  f3:0x80000000  f2:0x00000000 f15=0x80000000
     399905.000 ns	     39989	800089b8	211027d3	fsgnjx.s	f15,f0,f17	  f0:0x80000000 f17:0x00000000 f15=0x80000000
     399925.000 ns	     39991	800089bc	003e1c93	slli	x25,x28,0x3	 x28:0x00000000 x25=0x00000000
     399935.000 ns	     39992	800089c0	00d95813	srli	x16,x18,0xd	 x18:0x80041024 x16=0x00040020
     400295.000 ns	     40028	800089c4	03b7d5b3	divu	x11,x15,x27	 x15:0x80040fe4 x27:0x00000010 x11=0x080040fe
     400315.000 ns	     40030	800089c8	40b206b3	sub	x13,x4,x11	  x4:0x00000001 x11:0x00000000 x13=0xf7ffbf03
     400325.000 ns	     40031	800089cc	b4178d13	addi	x26,x15,-1215	 x15:0x80040fe4 x26=0x80040b25
     400685.000 ns	     40067	800089d0	0335eb33	rem	x22,x11,x19	 x11:0x080040fe x19:0xdb475f80 x22=0x080040fe
     401055.000 ns	     40104	800089d4	03d564b3	rem	x9,x10,x29	 x10:0x00000000 x29:0xe1400000  x9=0x00000000
     401085.000 ns	     40107	800089d8	202c0cd3	fsgnj.s	f25,f24,f2	 f24:0x7f800000  f2:0x00000000 f25=0x7f800000
     401115.000 ns	     40110	800089dc	f0018553	fmv.w.x	f10,x3	  x3:0xffffffff f10=0xffffffff
     401485.000 ns	     40147	800089e0	027c6e33	rem	x28,x24,x7	 x24:0x00000000  x7:0x41350303 x28=0x00000000
     401505.000 ns	     40149	800089e4	40115233	sra	x4,x2,x1	  x2:0xffffffff  x1:0x00000001  x4=0xffffffff
     401515.000 ns	     40150	800089e8	01281f93	slli	x31,x16,0x12	 x16:0x00040020 x31=0x00800000
     401545.000 ns	     40153	800089ec	58002953	fsqrt.s	f18,f0	  f0:0x80000000 f18=0x80000000
     401575.000 ns	     40156	800089f0	d00410d3	fcvt.s.w	f1,x8	  x8:0xfffffff0  f1=0xc1800000
     401595.000 ns	     40158	800089f4	ac9e6d13	ori	x26,x28,-1335	 x28:0x00000000 x26=0xfffffac9
     401615.000 ns	     40160	800089f8	a106a553	feq.s	x10,f13,f16	 f13:0x3f800000 f16:0x3f800000 x10=0x00000001
     401635.000 ns	     40162	800089fc	46412a13	slti	x20,x2,1124	  x2:0xffffffff x20=0x00000001
     401645.000 ns	     40163	80008a00	9c484693	xori	x13,x16,-1596	 x16:0x00040020 x13=0xfffbf9e4
     401665.000 ns	     40165	80008a04	a1af08d3	fle.s	x17,f30,f26	 f30:0x80000000 f26:0xfffffff0 x17=0x00000000
     401685.000 ns	     40167	80008a08	6862f297	auipc	x5,0x6862f	  x5=0xe8637a08
     401695.000 ns	     40168	80008a0c	000e9333	sll	x6,x29,x0	 x29:0xe1400000  x0:0x00000000  x6=0xe1400000
     401705.000 ns	     40169	80008a10	000d9893	slli	x17,x27,0x0	 x27:0x00000010 x17=0x00000010
     401715.000 ns	     40170	80008a14	4051d433	sra	x8,x3,x5	  x3:0xffffffff  x5:0xe8637a08  x8=0xffffffff
     401755.000 ns	     40174	80008a18	09837453	fsub.s	f8,f6,f24	  f6:0x80000000 f24:0x7f800000  f8=0xff800000
     401775.000 ns	     40176	80008a1c	54360f17	auipc	x30,0x54360	 x30=0xd4368a1c
     401795.000 ns	     40178	80008a20	0359b833	mulhu	x16,x19,x21	 x19:0xdb475f80 x21:0x00000000 x16=0x00000000
     401825.000 ns	     40181	80008a24	d01b3f53	fcvt.s.wu	f30,x22	 x22:0x080040fe f30=0x4d000410
     401845.000 ns	     40183	80008a28	018480b3	add	x1,x9,x24	  x9:0x00000000 x24:0x00000000  x1=0x00000000
     401865.000 ns	     40185	80008a2c	039a9f33	mulh	x30,x21,x25	 x21:0x00000000 x25:0x00000000 x30=0x00000000
     401915.000 ns	     40190	80008a30	093178d3	fsub.s	f17,f2,f19	  f2:0x00000000 f19:0x00000000 f17=0x80000000
     401945.000 ns	     40193	80008a34	a15aaa53	feq.s	x20,f21,f21	 f21:0x00000000 f21:0x00000000 x20=0x00000001
     401965.000 ns	     40195	80008a38	00a729b3	slt	x19,x14,x10	 x14:0x80000000 x10:0x00000001 x19=0x00000001
     401985.000 ns	     40197	80008a3c	a09924d3	feq.s	x9,f18,f9	 f18:0x80000000  f9:0x3f800000  x9=0x00000000
     402005.000 ns	     40199	80008a40	20ac6793	ori	x15,x24,522	 x24:0x00000000 x15=0x0000020a
     402015.000 ns	     40200	80008a44	066bb213	sltiu	x4,x23,102	 x23:0x80040fe4  x4=0x00000000
     402025.000 ns	     40201	80008a48	003fbfb3	sltu	x31,x31,x3	 x31:0x00800000  x3:0xffffffff x31=0x00000001
     402045.000 ns	     40203	80008a4c	20dda053	fsgnjx.s	f0,f27,f13	 f27:0x4e12e282 f13:0x3f800000  f0=0x4e12e282
     402065.000 ns	     40205	80008a50	00ab83b3	add	x7,x23,x10	 x23:0x80040fe4 x10:0x00000001  x7=0x80040fe5
     402085.000 ns	     40207	80008a54	a0199553	flt.s	x10,f19,f1	 f19:0x00000000  f1:0xc1800000 x10=0x00000000
     402125.000 ns	     40211	80008a58	108d7e53	fmul.s	f28,f26,f8	 f26:0xfffffff0  f8:0xff800000 f28=0x7fc00000
     402145.000 ns	     40213	80008a5c	0052a033	slt	x0,x5,x5	  x5:0xe8637a08  x5:0xe8637a08
     402165.000 ns	     40215	80008a60	293a0dd3	fmin.s	f27,f20,f19	 f20:0x00000000 f19:0x00000000 f27=0x00000000
     402195.000 ns	     40218	80008a64	c00ef1d3	fcvt.w.s	x3,f29	 f29:0x7fc00000  x3=0x7fffffff
     402225.000 ns	     40221	80008a68	20ad9053	fsgnjn.s	f0,f27,f10	 f27:0x00000000 f10:0xffffffff  f0=0x00000000
     402245.000 ns	     40223	80008a6c	cbbca113	slti	x2,x25,-837	 x25:0x00000000  x2=0x00000000
     402255.000 ns	     40224	80008a70	004bd093	srli	x1,x23,0x4	 x23:0x80040fe4  x1=0x080040fe
     402275.000 ns	     40226	80008a74	21338b53	fsgnj.s	f22,f7,f19	  f7:0x42fffb4e f19:0x00000000 f22=0x42fffb4e
     402305.000 ns	     40229	80008a78	21092853	fsgnjx.s	f16,f18,f16	 f18:0x80000000 f16:0x3f800000 f16=0x80000000
     402335.000 ns	     40232	80008a7c	02927cb3	remu	x25,x4,x9	  x4:0x00000000  x9:0x00000000 x25=0x00000000
     402355.000 ns	     40234	80008a80	00c4de93	srli	x29,x9,0xc	  x9:0x00000000 x29=0x00000000
     402375.000 ns	     40236	80008a84	e00e0ad3	fmv.x.w	x21,f28	 f28:0x7fc00000 x21=0x7fc00000
     402405.000 ns	     40239	80008a88	031d12b3	mulh	x5,x26,x17	 x26:0xfffffac9 x17:0x00000010  x5=0xffffffff
     402425.000 ns	     40241	80008a8c	41e5db13	srai	x22,x11,0x1e	 x11:0x080040fe x22=0x00000000
     402445.000 ns	     40243	80008a90	202996d3	fsgnjn.s	f13,f19,f2	 f19:0x00000000  f2:0x00000000 f13=0x80000000
     402465.000 ns	     40245	80008a94	01b7ce33	xor	x28,x15,x27	 x15:0x0000020a x27:0x00000010 x28=0x0000021a
     402475.000 ns	     40246	80008a98	019fbdb3	sltu	x27,x31,x25	 x31:0x00000001 x25:0x00000000 x27=0x00000000
     402505.000 ns	     40249	80008a9c	1866fed3	fdiv.s	f29,f13,f6	 f13:0x80000000  f6:0x80000000 f29=0x7fc00000
     402525.000 ns	     40251	80008aa0	40a587b3	sub	x15,x11,x10	 x11:0x080040fe x10:0x00000000 x15=0x080040fe
     402535.000 ns	     40252	80008aa4	00734d33	xor	x26,x6,x7	  x6:0xe1400000  x7:0x80040fe5 x26=0x61440fe5
     402555.000 ns	     40254	80008aa8	03f631b3	mulhu	x3,x12,x31	 x12:0x00000001 x31:0x00000001  x3=0x00000000
     402585.000 ns	     40257	80008aac	f0048ed3	fmv.w.x	f29,x9	  x9:0x00000000 f29=0x00000000
     402615.000 ns	     40260	80008ab0	030470b3	remu	x1,x8,x16	  x8:0xffffffff x16:0x00000000  x1=0xffffffff
     402635.000 ns	     40262	80008ab4	01718433	add	x8,x3,x23	  x3:0x00000000 x23:0x80040fe4  x8=0x80040fe4
     402655.000 ns	     40264	80008ab8	f00e84d3	fmv.w.x	f9,x29	 x29:0x00000000  f9=0x00000000
     403025.000 ns	     40301	80008abc	03f9e9b3	rem	x19,x19,x31	 x19:0x00000001 x31:0x00000001 x19=0x00000000
     403075.000 ns	     40306	80008ac0	0866c1d3	fsub.s	f3,f13,f6	 f13:0x80000000  f6:0x80000000  f3=0x00000000
     403115.000 ns	     40310	80008ac4	186e34d3	fdiv.s	f9,f28,f6	 f28:0x7fc00000  f6:0x80000000  f9=0x7fc00000
     403135.000 ns	     40312	80008ac8	00000013	addi	x0,x0,0	  x0:0x00000000
     403155.000 ns	     40314	80008acc	03bd59b3	divu	x19,x26,x27	 x26:0x61440fe5 x27:0x00000000 x19=0xffffffff
     403195.000 ns	     40318	80008ad0	580dc4d3	fsqrt.s	f9,f27	 f27:0x00000000  f9=0x00000000
     403235.000 ns	     40322	80008ad4	11437dd3	fmul.s	f27,f6,f20	  f6:0x80000000 f20:0x00000000 f27=0x80000000
     403265.000 ns	     40325	80008ad8	033d0333	mul	x6,x26,x19	 x26:0x61440fe5 x19:0xffffffff  x6=0x9ebbf01b
     403635.000 ns	     40362	80008adc	027064b3	rem	x9,x0,x7	  x0:0x00000000  x7:0x80040fe5  x9=0x00000000
     403665.000 ns	     40365	80008ae0	d018ca53	fcvt.s.wu	f20,x17	 x17:0x00000010 f20=0x41800000
     403685.000 ns	     40367	80008ae4	b8b04613	xori	x12,x0,-1141	  x0:0x00000000 x12=0xfffffb8b
     403705.000 ns	     40369	80008ae8	025e0db3	mul	x27,x28,x5	 x28:0x0000021a  x5:0xffffffff x27=0xfffffde6
     403725.000 ns	     40371	80008aec	3a3f81b7	lui	x3,0x3a3f8	  x3=0x3a3f8000
     403735.000 ns	     40372	80008af0	9c736293	ori	x5,x6,-1593	  x6:0x9ebbf01b  x5=0xfffff9df
     403765.000 ns	     40375	80008af4	189027d3	fdiv.s	f15,f0,f9	  f0:0x00000000  f9:0x00000000 f15=0x7fc00000
     403795.000 ns	     40378	80008af8	d008bd53	fcvt.s.w	f26,x17	 x17:0x00000010 f26=0x41800000
     403815.000 ns	     40380	80008afc	00389433	sll	x8,x17,x3	 x17:0x00000010  x3:0x3a3f8000  x8=0x00000010
     403825.000 ns	     40381	80008b00	ab917e97	auipc	x29,0xab917	 x29=0x2b91fb00
     403835.000 ns	     40382	80008b04	a1ebbf17	auipc	x30,0xa1ebb	 x30=0x21ec3b04
     403845.000 ns	     40383	80008b08	00ae5893	srli	x17,x28,0xa	 x28:0x0000021a x17=0x00000000
     403855.000 ns	     40384	80008b0c	0172cf33	xor	x30,x5,x23	  x5:0xfffff9df x23:0x80040fe4 x30=0x7ffbf63b
     403875.000 ns	     40386	80008b10	03763eb3	mulhu	x29,x12,x23	 x12:0xfffffb8b x23:0x80040fe4 x29=0x80040da9
     403905.000 ns	     40389	80008b14	e00005d3	fmv.x.w	x11,f0	  f0:0x00000000 x11=0x00000000
     403925.000 ns	     40391	80008b18	cfd2fc93	andi	x25,x5,-771	  x5:0xfffff9df x25=0xfffff8dd
     403935.000 ns	     40392	80008b1c	00e17e33	and	x28,x2,x14	  x2:0x00000000 x14:0x80000000 x28=0x00000000
     403955.000 ns	     40394	80008b20	d01008d3	fcvt.s.wu	f17,x0	  x0:0x00000000 f17=0x00000000
     403975.000 ns	     40396	80008b24	0109d2b3	srl	x5,x19,x16	 x19:0xffffffff x16:0x00000000  x5=0xffffffff
     403985.000 ns	     40397	80008b28	003465b3	or	x11,x8,x3	  x8:0x00000010  x3:0x3a3f8000 x11=0x3a3f8010
     404005.000 ns	     40399	80008b2c	a09480d3	fle.s	x1,f9,f9	  f9:0x00000000  f9:0x00000000  x1=0x00000001
     404025.000 ns	     40401	80008b30	0066ae33	slt	x28,x13,x6	 x13:0xfffbf9e4  x6:0x9ebbf01b x28=0x00000000
     404385.000 ns	     40437	80008b34	03adfcb3	remu	x25,x27,x26	 x27:0xfffffde6 x26:0x61440fe5 x25=0x3d77de1c
     404435.000 ns	     40442	80008b38	00fa04d3	fadd.s	f9,f20,f15	 f20:0x41800000 f15:0x7fc00000  f9=0x7fc00000
     404455.000 ns	     40444	80008b3c	41ee88b3	sub	x17,x29,x30	 x29:0x80040da9 x30:0x7ffbf63b x17=0x0008176e
     404465.000 ns	     40445	80008b40	39f04513	xori	x10,x0,927	  x0:0x00000000 x10=0x0000039f
     404485.000 ns	     40447	80008b44	e00a8dd3	fmv.x.w	x27,f21	 f21:0x00000000 x27=0x00000000
     404515.000 ns	     40450	80008b48	0274b233	mulhu	x4,x9,x7	  x9:0x00000000  x7:0x80040fe5  x4=0x00000000
     404545.000 ns	     40453	80008b4c	a064ae53	feq.s	x28,f9,f6	  f9:0x7fc00000  f6:0x80000000 x28=0x00000000
     404585.000 ns	     40457	80008b50	11da78d3	fmul.s	f17,f20,f29	 f20:0x41800000 f29:0x00000000 f17=0x00000000
     404615.000 ns	     40460	80008b54	f0018653	fmv.w.x	f12,x3	  x3:0x3a3f8000 f12=0x3a3f8000
     404635.000 ns	     40462	80008b58	71baf613	andi	x12,x21,1819	 x21:0x7fc00000 x12=0x00000000
     404645.000 ns	     40463	80008b5c	0193d133	srl	x2,x7,x25	  x7:0x80040fe5 x25:0x3d77de1c  x2=0x00000008
     404665.000 ns	     40465	80008b60	20798bd3	fsgnj.s	f23,f19,f7	 f19:0x00000000  f7:0x42fffb4e f23=0x00000000
     404695.000 ns	     40468	80008b64	2149a553	fsgnjx.s	f10,f19,f20	 f19:0x00000000 f20:0x41800000 f10=0x00000000
     404725.000 ns	     40471	80008b68	a13f84d3	fle.s	x9,f31,f19	 f31:0xbf800000 f19:0x00000000  x9=0x00000001
     404755.000 ns	     40474	80008b6c	20f006d3	fsgnj.s	f13,f0,f15	  f0:0x00000000 f15:0x7fc00000 f13=0x00000000
     404785.000 ns	     40477	80008b70	d00690d3	fcvt.s.w	f1,x13	 x13:0xfffbf9e4  f1=0xc880c380
     404805.000 ns	     40479	80008b74	e1c56a93	ori	x21,x10,-484	 x10:0x0000039f x21=0xffffff9f
     404815.000 ns	     40480	80008b78	01835693	srli	x13,x6,0x18	  x6:0x9ebbf01b x13=0x0000009e
     405175.000 ns	     40516	80008b7c	02355833	divu	x16,x10,x3	 x10:0x0000039f  x3:0x3a3f8000 x16=0x00000000
     405205.000 ns	     40519	80008b80	03b006b3	mul	x13,x0,x27	  x0:0x00000000 x27:0x00000000 x13=0x00000000
     405235.000 ns	     40522	80008b84	f00e89d3	fmv.w.x	f19,x29	 x29:0x80040da9 f19=0x80040da9
     405605.000 ns	     40559	80008b88	03727433	remu	x8,x4,x23	  x4:0x00000000 x23:0x80040fe4  x8=0x00000000
     405635.000 ns	     40562	80008b8c	c0157ed3	fcvt.wu.s	x29,f10	 f10:0x00000000 x29=0x00000000
     405655.000 ns	     40564	80008b90	00551813	slli	x16,x10,0x5	 x10:0x0000039f x16=0x000073e0
     406015.000 ns	     40600	80008b94	031ee333	rem	x6,x29,x17	 x29:0x00000000 x17:0x0008176e  x6=0x00000000
     406045.000 ns	     40603	80008b98	c001ff53	fcvt.w.s	x30,f3	  f3:0x00000000 x30=0x00000000
     406065.000 ns	     40605	80008b9c	01b2a0b3	slt	x1,x5,x27	  x5:0xffffffff x27:0x00000000  x1=0x00000001
     406085.000 ns	     40607	80008ba0	d0150b53	fcvt.s.wu	f22,x10	 x10:0x0000039f f22=0x4467c000
     406115.000 ns	     40610	80008ba4	287f8453	fmin.s	f8,f31,f7	 f31:0xbf800000  f7:0x42fffb4e  f8=0xbf800000
     406135.000 ns	     40612	80008ba8	01ef7233	and	x4,x30,x30	 x30:0x00000000 x30:0x00000000  x4=0x00000000
     406175.000 ns	     40616	80008bac	008817d3	fadd.s	f15,f16,f8	 f16:0x80000000  f8:0xbf800000 f15=0xbf800000
     406225.000 ns	     40621	80008bb0	013e2e53	fadd.s	f28,f28,f19	 f28:0x7fc00000 f19:0x80040da9 f28=0x7fc00000
     406255.000 ns	     40624	80008bb4	03f20fb3	mul	x31,x4,x31	  x4:0x00000000 x31:0x00000001 x31=0x00000000
     406285.000 ns	     40627	80008bb8	206da1d3	fsgnjx.s	f3,f27,f6	 f27:0x80000000  f6:0x80000000  f3=0x00000000
     406305.000 ns	     40629	80008bbc	82634597	auipc	x11,0x82634	 x11=0x0263cbbc
     406325.000 ns	     40631	80008bc0	a19a80d3	fle.s	x1,f21,f25	 f21:0x00000000 f25:0x7f800000  x1=0x00000001
     406345.000 ns	     40633	80008bc4	00dd16b3	sll	x13,x26,x13	 x26:0x61440fe5 x13:0x00000000 x13=0x61440fe5
     406355.000 ns	     40634	80008bc8	c879b213	sltiu	x4,x19,-889	 x19:0xffffffff  x4=0x00000000
     406365.000 ns	     40635	80008bcc	00000013	addi	x0,x0,0	  x0:0x00000000
     406385.000 ns	     40637	80008bd0	28ed06d3	fmin.s	f13,f26,f14	 f26:0x41800000 f14:0x7fc00000 f13=0x41800000
     406405.000 ns	     40639	80008bd4	004d84b3	add	x9,x27,x4	 x27:0x00000000  x4:0x00000000  x9=0x00000000
     406425.000 ns	     40641	80008bd8	215fa7d3	fsgnjx.s	f15,f31,f21	 f31:0xbf800000 f21:0x00000000 f15=0xbf800000
     406765.000 ns	     40675	80008bdc	188b13d3	fdiv.s	f7,f22,f8	 f22:0x4467c000  f8:0xbf800000  f7=0xc3efa9c2
     406805.000 ns	     40679	80008be0	19f5f9d3	fdiv.s	f19,f11,f31	 f11:0x7fc00000 f31:0xbf800000 f19=0x7fc00000
     406835.000 ns	     40682	80008be4	a06b8ad3	fle.s	x21,f23,f6	 f23:0x00000000  f6:0x80000000 x21=0x00000001
     406865.000 ns	     40685	80008be8	287d8153	fmin.s	f2,f27,f7	 f27:0x80000000  f7:0xc3efa9c2  f2=0xc3efa9c2
     406895.000 ns	     40688	80008bec	032388b3	mul	x17,x7,x18	  x7:0x80040fe5 x18:0x80041024 x17=0x01248c34
     406915.000 ns	     40690	80008bf0	0013b333	sltu	x6,x7,x1	  x7:0x80040fe5  x1:0x00000001  x6=0x00000000
     406935.000 ns	     40692	80008bf4	02d38a33	mul	x20,x7,x13	  x7:0x80040fe5 x13:0x61440fe5 x20=0xbe64a2d9
     406965.000 ns	     40695	80008bf8	d01197d3	fcvt.s.wu	f15,x3	  x3:0x3a3f8000 f15=0x4e68fe00
     406985.000 ns	     40697	80008bfc	01f86cb3	or	x25,x16,x31	 x16:0x000073e0 x31:0x00000000 x25=0x000073e0
     406995.000 ns	     40698	80008c00	4041f613	andi	x12,x3,1028	  x3:0x3a3f8000 x12=0x00000000
     407005.000 ns	     40699	80008c04	834b8a13	addi	x20,x23,-1996	 x23:0x80040fe4 x20=0x80040818
     407015.000 ns	     40700	80008c08	007ed493	srli	x9,x29,0x7	 x29:0x00000000  x9=0x00000000
     407035.000 ns	     40702	80008c0c	d003a953	fcvt.s.w	f18,x7	  x7:0x80040fe5 f18=0xcefff7e1
     407075.000 ns	     40706	80008c10	19b1fbd3	fdiv.s	f23,f3,f27	  f3:0x00000000 f27:0x80000000 f23=0x7fc00000
     407095.000 ns	     40708	80008c14	01fcb133	sltu	x2,x25,x31	 x25:0x000073e0 x31:0x00000000  x2=0x00000000
     407115.000 ns	     40710	80008c18	a19d8b53	fle.s	x22,f27,f25	 f27:0x80000000 f25:0x7f800000 x22=0x00000001
     407145.000 ns	     40713	80008c1c	c01c7ad3	fcvt.wu.s	x21,f24	 f24:0x7f800000 x21=0xffffffff
     407165.000 ns	     40715	80008c20	011056b3	srl	x13,x0,x17	  x0:0x00000000 x17:0x01248c34 x13=0x00000000
     407185.000 ns	     40717	80008c24	03c60c33	mul	x24,x12,x28	 x12:0x00000000 x28:0x00000000 x24=0x00000000
     407235.000 ns	     40722	80008c28	08e37cd3	fsub.s	f25,f6,f14	  f6:0x80000000 f14:0x7fc00000 f25=0x7fc00000
     407255.000 ns	     40724	80008c2c	9d857113	andi	x2,x10,-1576	 x10:0x0000039f  x2=0x00000198
     407265.000 ns	     40725	80008c30	22bd3413	sltiu	x8,x26,555	 x26:0x61440fe5  x8=0x00000000
     407285.000 ns	     40727	80008c34	f0050253	fmv.w.x	f4,x10	 x10:0x0000039f  f4=0x0000039f
     407315.000 ns	     40730	80008c38	d00bf8d3	fcvt.s.w	f17,x23	 x23:0x80040fe4 f17=0xcefff7e0
     407335.000 ns	     40732	80008c3c	8e894f93	xori	x31,x18,-1816	 x18:0x80041024 x31=0x7ffbe8cc
     407355.000 ns	     40734	80008c40	21c99553	fsgnjn.s	f10,f19,f28	 f19:0x7fc00000 f28:0x7fc00000 f10=0xffc00000
     407385.000 ns	     40737	80008c44	d006fb53	fcvt.s.w	f22,x13	 x13:0x00000000 f22=0x00000000
     407415.000 ns	     40740	80008c48	e00214d3	fclass.s	x9,f4	  f4:0x0000039f  x9=0x00000020
     407435.000 ns	     40742	80008c4c	016580b3	add	x1,x11,x22	 x11:0x0263cbbc x22:0x00000001  x1=0x0263cbbd
     407445.000 ns	     40743	80008c50	8a41af13	slti	x30,x3,-1884	  x3:0x3a3f8000 x30=0x00000000
     407465.000 ns	     40745	80008c54	280e93d3	fmax.s	f7,f29,f0	 f29:0x00000000  f0:0x00000000  f7=0x00000000
     407515.000 ns	     40750	80008c58	019749d3	fadd.s	f19,f14,f25	 f14:0x7fc00000 f25:0x7fc00000 f19=0x7fc00000
     407545.000 ns	     40753	80008c5c	212204d3	fsgnj.s	f9,f4,f18	  f4:0x0000039f f18:0xcefff7e1  f9=0x8000039f
     407575.000 ns	     40756	80008c60	e00215d3	fclass.s	x11,f4	  f4:0x0000039f x11=0x00000020
     407595.000 ns	     40758	80008c64	00965f13	srli	x30,x12,0x9	 x12:0x00000000 x30=0x00000000
     407615.000 ns	     40760	80008c68	21189353	fsgnjn.s	f6,f17,f17	 f17:0xcefff7e0 f17:0xcefff7e0  f6=0x4efff7e0
     407635.000 ns	     40762	80008c6c	dd278197	auipc	x3,0xdd278	  x3=0x5d280c6c
     407645.000 ns	     40763	80008c70	00e89693	slli	x13,x17,0xe	 x17:0x01248c34 x13=0x230d0000
     408005.000 ns	     40799	80008c74	0213d633	divu	x12,x7,x1	  x7:0x80040fe5  x1:0x0263cbbd x12=0x00000035
     408035.000 ns	     40802	80008c78	d003b0d3	fcvt.s.w	f1,x7	  x7:0x80040fe5  f1=0xcefff7e1
     408065.000 ns	     40805	80008c7c	e0018cd3	fmv.x.w	x25,f3	  f3:0x00000000 x25=0x00000000
     408085.000 ns	     40807	80008c80	44250f13	addi	x30,x10,1090	 x10:0x0000039f x30=0x000007e1
     408095.000 ns	     40808	80008c84	4162da93	srai	x21,x5,0x16	  x5:0xffffffff x21=0xffffffff
     408105.000 ns	     40809	80008c88	00e15113	srli	x2,x2,0xe	  x2:0x00000198  x2=0x00000000
     408135.000 ns	     40812	80008c8c	1002b1d3	fmul.s	f3,f5,f0	  f5:0x7fc00000  f0:0x00000000  f3=0x7fc00000
     408155.000 ns	     40814	80008c90	0009b1b3	sltu	x3,x19,x0	 x19:0xffffffff  x0:0x00000000  x3=0x00000000
     408165.000 ns	     40815	80008c94	010dc0b3	xor	x1,x27,x16	 x27:0x00000000 x16:0x000073e0  x1=0x000073e0
     408175.000 ns	     40816	80008c98	40f08233	sub	x4,x1,x15	  x1:0x0263cbbd x15:0x080040fe  x4=0xf80032e2
     408185.000 ns	     40817	80008c9c	00ea6533	or	x10,x20,x14	 x20:0x80040818 x14:0x80000000 x10=0x80040818
     408205.000 ns	     40819	80008ca0	c012cdd3	fcvt.wu.s	x27,f5	  f5:0x7fc00000 x27=0xffffffff
     408235.000 ns	     40822	80008ca4	a1fda7d3	feq.s	x15,f27,f31	 f27:0x80000000 f31:0xbf800000 x15=0x00000000
     408255.000 ns	     40824	80008ca8	c3862213	slti	x4,x12,-968	 x12:0x00000035  x4=0x00000000
     408275.000 ns	     40826	80008cac	02b6a6b3	mulhsu	x13,x13,x11	 x13:0x230d0000 x11:0x00000020 x13=0x00000004
     408305.000 ns	     40829	80008cb0	e00413d3	fclass.s	x7,f8	  f8:0xbf800000  x7=0x00000002
     408335.000 ns	     40832	80008cb4	216411d3	fsgnjn.s	f3,f8,f22	  f8:0xbf800000 f22:0x00000000  f3=0xbf800000
     408365.000 ns	     40835	80008cb8	02ff9a33	mulh	x20,x31,x15	 x31:0x7ffbe8cc x15:0x00000000 x20=0x00000000
     408385.000 ns	     40837	80008cbc	2d71cc93	xori	x25,x3,727	  x3:0x00000000 x25=0x000002d7
     408395.000 ns	     40838	80008cc0	4f724537	lui	x10,0x4f724	 x10=0x4f724000
     408405.000 ns	     40839	80008cc4	208f2113	slti	x2,x30,520	 x30:0x000007e1  x2=0x00000000
     408415.000 ns	     40840	80008cc8	01ea1133	sll	x2,x20,x30	 x20:0x00000000 x30:0x000007e1  x2=0x00000000
     408435.000 ns	     40842	80008ccc	21ab1653	fsgnjn.s	f12,f22,f26	 f22:0x00000000 f26:0x41800000 f12=0x80000000
     408465.000 ns	     40845	80008cd0	205101d3	fsgnj.s	f3,f2,f5	  f2:0xc3efa9c2  f5:0x7fc00000  f3=0x43efa9c2
     408495.000 ns	     40848	80008cd4	e00215d3	fclass.s	x11,f4	  f4:0x0000039f x11=0x00000020
     408515.000 ns	     40850	80008cd8	d2777493	andi	x9,x14,-729	 x14:0x80000000  x9=0x80000000
     408535.000 ns	     40852	80008cdc	026cf2b3	remu	x5,x25,x6	 x25:0x000002d7  x6:0x00000000  x5=0x000002d7
     408555.000 ns	     40854	80008ce0	00000013	addi	x0,x0,0	  x0:0x00000000
     408575.000 ns	     40856	80008ce4	02b23633	mulhu	x12,x4,x11	  x4:0x00000000 x11:0x00000020 x12=0x00000000
     408595.000 ns	     40858	80008ce8	403a08b3	sub	x17,x20,x3	 x20:0x00000000  x3:0x00000000 x17=0x00000000
     408615.000 ns	     40860	80008cec	206999d3	fsgnjn.s	f19,f19,f6	 f19:0x7fc00000  f6:0x4efff7e0 f19=0xffc00000
     408635.000 ns	     40862	80008cf0	a78bae13	slti	x28,x23,-1416	 x23:0x80040fe4 x28=0x00000001
     408655.000 ns	     40864	80008cf4	a1001553	flt.s	x10,f0,f16	  f0:0x00000000 f16:0x80000000 x10=0x00000000
     408685.000 ns	     40867	80008cf8	a08fa553	feq.s	x10,f31,f8	 f31:0xbf800000  f8:0xbf800000 x10=0x00000001
     408715.000 ns	     40870	80008cfc	a01512d3	flt.s	x5,f10,f1	 f10:0xffc00000  f1:0xcefff7e1  x5=0x00000000
     408735.000 ns	     40872	80008d00	009c5c33	srl	x24,x24,x9	 x24:0x00000000  x9:0x80000000 x24=0x00000000
     408755.000 ns	     40874	80008d04	d00f74d3	fcvt.s.w	f9,x30	 x30:0x000007e1  f9=0x44fc2000
     408785.000 ns	     40877	80008d08	a02206d3	fle.s	x13,f4,f2	  f4:0x0000039f  f2:0xc3efa9c2 x13=0x00000000
     408805.000 ns	     40879	80008d0c	0241ee17	auipc	x28,0x241e	 x28=0x82426d0c
     408815.000 ns	     40880	80008d10	0034df33	srl	x30,x9,x3	  x9:0x80000000  x3:0x00000000 x30=0x80000000
     408835.000 ns	     40882	80008d14	e00b8ed3	fmv.x.w	x29,f23	 f23:0x7fc00000 x29=0x7fc00000
     408875.000 ns	     40886	80008d18	1962f553	fdiv.s	f10,f5,f22	  f5:0x7fc00000 f22:0x00000000 f10=0x7fc00000
     408905.000 ns	     40889	80008d1c	211b1353	fsgnjn.s	f6,f22,f17	 f22:0x00000000 f17:0xcefff7e0  f6=0x00000000
     408935.000 ns	     40892	80008d20	e00c9253	fclass.s	x4,f25	 f25:0x7fc00000  x4=0x00000200
     408965.000 ns	     40895	80008d24	d00872d3	fcvt.s.w	f5,x16	 x16:0x000073e0  f5=0x46e7c000
     409005.000 ns	     40899	80008d28	1132f153	fmul.s	f2,f5,f19	  f5:0x7fc00000 f19:0xffc00000  f2=0x7fc00000
     409025.000 ns	     40901	80008d2c	41df8533	sub	x10,x31,x29	 x31:0x7ffbe8cc x29:0x7fc00000 x10=0x003be8cc
     409035.000 ns	     40902	80008d30	00089993	slli	x19,x17,0x0	 x17:0x00000000 x19=0x00000000
     409055.000 ns	     40904	80008d34	034ce9b3	rem	x19,x25,x20	 x25:0x000002d7 x20:0x00000000 x19=0x000002d7
     409075.000 ns	     40906	80008d38	41198b33	sub	x22,x19,x17	 x19:0xffffffff x17:0x00000000 x22=0x000002d7
     410245.000 ns	     41023	80008d3c	5801f5d3	fsqrt.s	f11,f3	  f3:0x43efa9c2 f11=0x41af25e8
     410265.000 ns	     41025	80008d40	0197de93	srli	x29,x15,0x19	 x15:0x00000000 x29=0x00000000
     410275.000 ns	     41026	80008d44	00931593	slli	x11,x6,0x9	  x6:0x00000000 x11=0x00000000
     410295.000 ns	     41028	80008d48	28300453	fmin.s	f8,f0,f3	  f0:0x00000000  f3:0x43efa9c2  f8=0x00000000
     410315.000 ns	     41030	80008d4c	01fbfb33	and	x22,x23,x31	 x23:0x80040fe4 x31:0x7ffbe8cc x22=0x000008c4
     410335.000 ns	     41032	80008d50	02fcaf33	mulhsu	x30,x25,x15	 x25:0x000002d7 x15:0x00000000 x30=0x00000000
     410385.000 ns	     41037	80008d54	01cffa53	fadd.s	f20,f31,f28	 f31:0xbf800000 f28:0x7fc00000 f20=0x7fc00000
     410425.000 ns	     41041	80008d58	185ea353	fdiv.s	f6,f29,f5	 f29:0x00000000  f5:0x46e7c000  f6=0x00000000
     410445.000 ns	     41043	80008d5c	4105d233	sra	x4,x11,x16	 x11:0x00000000 x16:0x000073e0  x4=0x00000000
     410465.000 ns	     41045	80008d60	a19b2c53	feq.s	x24,f22,f25	 f22:0x00000000 f25:0x7fc00000 x24=0x00000000
     410495.000 ns	     41048	80008d64	21dd04d3	fsgnj.s	f9,f26,f29	 f26:0x41800000 f29:0x00000000  f9=0x41800000
     410515.000 ns	     41050	80008d68	014ea5b3	slt	x11,x29,x20	 x29:0x00000000 x20:0x00000000 x11=0x00000000
     410525.000 ns	     41051	80008d6c	40bddc93	srai	x25,x27,0xb	 x27:0xffffffff x25=0xffffffff
     410535.000 ns	     41052	80008d70	005ce6b3	or	x13,x25,x5	 x25:0x000002d7  x5:0x00000000 x13=0xffffffff
     410555.000 ns	     41054	80008d74	c016f7d3	fcvt.wu.s	x15,f13	 f13:0x41800000 x15=0x00000010
     410585.000 ns	     41057	80008d78	a0e80dd3	fle.s	x27,f16,f14	 f16:0x80000000 f14:0x7fc00000 x27=0x00000000
     410615.000 ns	     41060	80008d7c	c00490d3	fcvt.w.s	x1,f9	  f9:0x41800000  x1=0x00000010
     410645.000 ns	     41063	80008d80	208092d3	fsgnjn.s	f5,f1,f8	  f1:0xcefff7e1  f8:0x00000000  f5=0xcefff7e1
     410675.000 ns	     41066	80008d84	a1470fd3	fle.s	x31,f14,f20	 f14:0x7fc00000 f20:0x7fc00000 x31=0x00000000
     410705.000 ns	     41069	80008d88	030baab3	mulhsu	x21,x23,x16	 x23:0x80040fe4 x16:0x000073e0 x21=0xffffc611
     410735.000 ns	     41072	80008d8c	e0070ed3	fmv.x.w	x29,f14	 f14:0x7fc00000 x29=0x7fc00000
     410765.000 ns	     41075	80008d90	29ba8bd3	fmin.s	f23,f21,f27	 f21:0x00000000 f27:0x80000000 f23=0x80000000
     410795.000 ns	     41078	80008d94	212da3d3	fsgnjx.s	f7,f27,f18	 f27:0x80000000 f18:0xcefff7e1  f7=0x00000000
     410825.000 ns	     41081	80008d98	03c30133	mul	x2,x6,x28	  x6:0x00000000 x28:0x82426d0c  x2=0x00000000
     410855.000 ns	     41084	80008d9c	d00576d3	fcvt.s.w	f13,x10	 x10:0x003be8cc f13=0x4a6fa330
     410885.000 ns	     41087	80008da0	02c95cb3	divu	x25,x18,x12	 x18:0x80041024 x12:0x00000000 x25=0xffffffff
     410915.000 ns	     41090	80008da4	214183d3	fsgnj.s	f7,f3,f20	  f3:0x43efa9c2 f20:0x7fc00000  f7=0x43efa9c2
     410945.000 ns	     41093	80008da8	d0057553	fcvt.s.w	f10,x10	 x10:0x003be8cc f10=0x4a6fa330
     410975.000 ns	     41096	80008dac	03e356b3	divu	x13,x6,x30	  x6:0x00000000 x30:0x00000000 x13=0xffffffff
     410995.000 ns	     41098	80008db0	4bf2bd93	sltiu	x27,x5,1215	  x5:0x00000000 x27=0x00000001
     412165.000 ns	     41215	80008db4	58057053	fsqrt.s	f0,f10	 f10:0x4a6fa330  f0=0x44a972f8
     412195.000 ns	     41218	80008db8	f0088e53	fmv.w.x	f28,x17	 x17:0x00000000 f28=0x00000000
     412215.000 ns	     41220	80008dbc	401781b3	sub	x3,x15,x1	 x15:0x00000010  x1:0x00000010  x3=0x00000000
     412225.000 ns	     41221	80008dc0	967559b7	lui	x19,0x96755	 x19=0x96755000
     412245.000 ns	     41223	80008dc4	20b42a53	fsgnjx.s	f20,f8,f11	  f8:0x00000000 f11:0x41af25e8 f20=0x00000000
     412615.000 ns	     41260	80008dc8	032f6333	rem	x6,x30,x18	 x30:0x00000000 x18:0x80041024  x6=0x00000000
     412635.000 ns	     41262	80008dcc	25f74d93	xori	x27,x14,607	 x14:0x80000000 x27=0x8000025f
     412655.000 ns	     41264	80008dd0	c00bccd3	fcvt.w.s	x25,f23	 f23:0x80000000 x25=0x00000000
     412685.000 ns	     41267	80008dd4	e0050cd3	fmv.x.w	x25,f10	 f10:0x4a6fa330 x25=0x4a6fa330
     412715.000 ns	     41270	80008dd8	20f296d3	fsgnjn.s	f13,f5,f15	  f5:0xcefff7e1 f15:0x4e68fe00 f13=0xcefff7e1
     412745.000 ns	     41273	80008ddc	21780453	fsgnj.s	f8,f16,f23	 f16:0x80000000 f23:0x80000000  f8=0x80000000
     412775.000 ns	     41276	80008de0	02456233	rem	x4,x10,x4	 x10:0x003be8cc  x4:0x00000000  x4=0x003be8cc
     412805.000 ns	     41279	80008de4	e0029ed3	fclass.s	x29,f5	  f5:0xcefff7e1 x29=0x00000002
     412835.000 ns	     41282	80008de8	e0038853	fmv.x.w	x16,f7	  f7:0x43efa9c2 x16=0x43efa9c2
     412855.000 ns	     41284	80008dec	d311a793	slti	x15,x3,-719	  x3:0x00000000 x15=0x00000000
     412865.000 ns	     41285	80008df0	01c448b3	xor	x17,x8,x28	  x8:0x00000000 x28:0x82426d0c x17=0x82426d0c
     412875.000 ns	     41286	80008df4	00000013	addi	x0,x0,0	  x0:0x00000000
     412885.000 ns	     41287	80008df8	cac82a13	slti	x20,x16,-852	 x16:0x43efa9c2 x20=0x00000000
     412905.000 ns	     41289	80008dfc	c00376d3	fcvt.w.s	x13,f6	  f6:0x00000000 x13=0x00000000
     412935.000 ns	     41292	80008e00	e00095d3	fclass.s	x11,f1	  f1:0xcefff7e1 x11=0x00000002
     412955.000 ns	     41294	80008e04	bcd0e993	ori	x19,x1,-1075	  x1:0x00000010 x19=0xfffffbdd
     412995.000 ns	     41298	80008e08	08a89ed3	fsub.s	f29,f17,f10	 f17:0xcefff7e0 f10:0x4a6fa330 f29=0xcf0037d8
     413025.000 ns	     41301	80008e0c	28749953	fmax.s	f18,f9,f7	  f9:0x41800000  f7:0x43efa9c2 f18=0x43efa9c2
     413055.000 ns	     41304	80008e10	284193d3	fmax.s	f7,f3,f4	  f3:0x43efa9c2  f4:0x0000039f  f7=0x43efa9c2
     413075.000 ns	     41306	80008e14	008d92b3	sll	x5,x27,x8	 x27:0x8000025f  x8:0x00000000  x5=0x8000025f
     413085.000 ns	     41307	80008e18	a7227193	andi	x3,x4,-1422	  x4:0x003be8cc  x3=0x003be840
     413095.000 ns	     41308	80008e1c	41abda13	srai	x20,x23,0x1a	 x23:0x80040fe4 x20=0xffffffe0
     413105.000 ns	     41309	80008e20	00798233	add	x4,x19,x7	 x19:0xfffffbdd  x7:0x00000002  x4=0xfffffbdf
     413115.000 ns	     41310	80008e24	416c0433	sub	x8,x24,x22	 x24:0x00000000 x22:0x000008c4  x8=0xfffff73c
     413135.000 ns	     41312	80008e28	d01e16d3	fcvt.s.wu	f13,x28	 x28:0x82426d0c f13=0x4f02426d
     413165.000 ns	     41315	80008e2c	290d0253	fmin.s	f4,f26,f16	 f26:0x41800000 f16:0x80000000  f4=0x80000000
     413195.000 ns	     41318	80008e30	036ca0b3	mulhsu	x1,x25,x22	 x25:0x4a6fa330 x22:0x000008c4  x1=0x0000028c
     413225.000 ns	     41321	80008e34	026c0fb3	mul	x31,x24,x6	 x24:0x00000000  x6:0x00000000 x31=0x00000000
     413255.000 ns	     41324	80008e38	21edad53	fsgnjx.s	f26,f27,f30	 f27:0x80000000 f30:0x4d000410 f26=0x80000000
     413625.000 ns	     41361	80008e3c	033177b3	remu	x15,x2,x19	  x2:0x00000000 x19:0xfffffbdd x15=0x00000000
     413655.000 ns	     41364	80008e40	f00a8cd3	fmv.w.x	f25,x21	 x21:0xffffc611 f25=0xffffc611
     413685.000 ns	     41367	80008e44	f0010353	fmv.w.x	f6,x2	  x2:0x00000000  f6=0x00000000
     413705.000 ns	     41369	80008e48	01457333	and	x6,x10,x20	 x10:0x003be8cc x20:0xffffffe0  x6=0x003be8c0
     413725.000 ns	     41371	80008e4c	286b8ad3	fmin.s	f21,f23,f6	 f23:0x80000000  f6:0x00000000 f21=0x80000000
     413745.000 ns	     41373	80008e50	7dc63513	sltiu	x10,x12,2012	 x12:0x00000000 x10=0x00000001
     413755.000 ns	     41374	80008e54	00000013	addi	x0,x0,0	  x0:0x00000000
     414115.000 ns	     41410	80008e58	039dc033	div	x0,x27,x25	 x27:0x8000025f x25:0x4a6fa330
     414135.000 ns	     41412	80008e5c	43e2b413	sltiu	x8,x5,1086	  x5:0x8000025f  x8=0x00000000
     414145.000 ns	     41413	80008e60	9f6f0313	addi	x6,x30,-1546	 x30:0x00000000  x6=0xfffff9f6
     414165.000 ns	     41415	80008e64	c00a9e53	fcvt.w.s	x28,f21	 f21:0x80000000 x28=0x00000000
     414205.000 ns	     41419	80008e68	58077253	fsqrt.s	f4,f14	 f14:0x7fc00000  f4=0x7fc00000
     414235.000 ns	     41422	80008e6c	a09ea9d3	feq.s	x19,f29,f9	 f29:0xcf0037d8  f9:0x41800000 x19=0x00000000
     414255.000 ns	     41424	80008e70	09d07613	andi	x12,x0,157	  x0:0x00000000 x12=0x00000000
     414615.000 ns	     41460	80008e74	02add133	divu	x2,x27,x10	 x27:0x8000025f x10:0x00000001  x2=0x8000025f
     414645.000 ns	     41463	80008e78	02390533	mul	x10,x18,x3	 x18:0x80041024  x3:0x003be840 x10=0x67f0a900
     414665.000 ns	     41465	80008e7c	00d75f13	srli	x30,x14,0xd	 x14:0x80000000 x30=0x00040000
     414685.000 ns	     41467	80008e80	206a0dd3	fsgnj.s	f27,f20,f6	 f20:0x00000000  f6:0x00000000 f27=0x00000000
     414705.000 ns	     41469	80008e84	384f6813	ori	x16,x30,900	 x30:0x00000000 x16=0x00040384
     414715.000 ns	     41470	80008e88	95243d93	sltiu	x27,x8,-1710	  x8:0x00000000 x27=0x00000001
     414725.000 ns	     41471	80008e8c	01def533	and	x10,x29,x29	 x29:0x00000002 x29:0x00000002 x10=0x00000002
     415085.000 ns	     41507	80008e90	03925433	divu	x8,x4,x25	  x4:0xfffffbdf x25:0x4a6fa330  x8=0x00000003
     415455.000 ns	     41544	80008e94	02b94db3	div	x27,x18,x11	 x18:0x80041024 x11:0x00000002 x27=0xc0020812
     415475.000 ns	     41546	80008e98	01791213	slli	x4,x18,0x17	 x18:0x80041024  x4=0x12000000
     415495.000 ns	     41548	80008e9c	28371153	fmax.s	f2,f14,f3	 f14:0x7fc00000  f3:0x43efa9c2  f2=0x43efa9c2
     415515.000 ns	     41550	80008ea0	41c70313	addi	x6,x14,1052	 x14:0x80000000  x6=0x8000041c
     415535.000 ns	     41552	80008ea4	f0070753	fmv.w.x	f14,x14	 x14:0x80000000 f14=0x80000000
     415585.000 ns	     41557	80008ea8	09c943d3	fsub.s	f7,f18,f28	 f18:0x43efa9c2 f28:0x00000000  f7=0x43efa9c2
     415955.000 ns	     41594	80008eac	022b7a33	remu	x20,x22,x2	 x22:0x000008c4  x2:0x8000025f x20=0x000008c4
     415975.000 ns	     41596	80008eb0	5d7e3d93	sltiu	x27,x28,1495	 x28:0x00000000 x27=0x00000001
     415985.000 ns	     41597	80008eb4	0067f1b3	and	x3,x15,x6	 x15:0x00000000  x6:0x8000041c  x3=0x00000000
     416005.000 ns	     41599	80008eb8	c00f7ed3	fcvt.w.s	x29,f30	 f30:0x4d000410 x29=0x08004100
     416035.000 ns	     41602	80008ebc	211a9153	fsgnjn.s	f2,f21,f17	 f21:0x80000000 f17:0xcefff7e0  f2=0x00000000
     416055.000 ns	     41604	80008ec0	40005233	sra	x4,x0,x0	  x0:0x00000000  x0:0x00000000  x4=0x00000000
     416415.000 ns	     41640	80008ec4	035dfc33	remu	x24,x27,x21	 x27:0x00000001 x21:0xffffc611 x24=0x00000001
     416435.000 ns	     41642	80008ec8	01e121b3	slt	x3,x2,x30	  x2:0x8000025f x30:0x00040000  x3=0x00000001
     416445.000 ns	     41643	80008ecc	7f71ca93	xori	x21,x3,2039	  x3:0x00000000 x21=0x000007f6
     416805.000 ns	     41679	80008ed0	0230e1b3	rem	x3,x1,x3	  x1:0x0000028c  x3:0x00000000  x3=0x00000000
     416825.000 ns	     41681	80008ed4	00000013	addi	x0,x0,0	  x0:0x00000000
     416835.000 ns	     41682	80008ed8	01170d33	add	x26,x14,x17	 x14:0x80000000 x17:0x82426d0c x26=0x02426d0c
     416855.000 ns	     41684	80008edc	a0a89653	flt.s	x12,f17,f10	 f17:0xcefff7e0 f10:0x4a6fa330 x12=0x00000001
     416875.000 ns	     41686	80008ee0	015030b3	sltu	x1,x0,x21	  x0:0x00000000 x21:0x000007f6  x1=0x00000001
     416885.000 ns	     41687	80008ee4	00e855b3	srl	x11,x16,x14	 x16:0x00040384 x14:0x80000000 x11=0x00040384
     416895.000 ns	     41688	80008ee8	006a0633	add	x12,x20,x6	 x20:0x000008c4  x6:0x8000041c x12=0x80000ce0
     416905.000 ns	     41689	80008eec	40d0d1b3	sra	x3,x1,x13	  x1:0x00000001 x13:0x00000000  x3=0x00000001
     416925.000 ns	     41691	80008ef0	02c78eb3	mul	x29,x15,x12	 x15:0x00000000 x12:0x00000001 x29=0x00000000
     416955.000 ns	     41694	80008ef4	c00876d3	fcvt.w.s	x13,f16	 f16:0x80000000 x13=0x00000000
     416975.000 ns	     41696	80008ef8	4177dc93	srai	x25,x15,0x17	 x15:0x00000000 x25=0x00000000
     416985.000 ns	     41697	80008efc	01987f33	and	x30,x16,x25	 x16:0x00040384 x25:0x4a6fa330 x30=0x00000000
     416995.000 ns	     41698	80008f00	008c1693	slli	x13,x24,0x8	 x24:0x00000001 x13=0x00000100
     417005.000 ns	     41699	80008f04	59c6cd13	xori	x26,x13,1436	 x13:0x00000000 x26=0x0000049c
     417365.000 ns	     41735	80008f08	025cdc33	divu	x24,x25,x5	 x25:0x00000000  x5:0x8000025f x24=0x00000000
     417385.000 ns	     41737	80008f0c	011e14b3	sll	x9,x28,x17	 x28:0x00000000 x17:0x82426d0c  x9=0x00000000
     417405.000 ns	     41739	80008f10	c01d82d3	fcvt.wu.s	x5,f27	 f27:0x00000000  x5=0x00000000
     417425.000 ns	     41741	80008f14	01de2033	slt	x0,x28,x29	 x28:0x00000000 x29:0x00000000
     417445.000 ns	     41743	80008f18	e00f98d3	fclass.s	x17,f31	 f31:0xbf800000 x17=0x00000002
     417465.000 ns	     41745	80008f1c	00ca62b3	or	x5,x20,x12	 x20:0x000008c4 x12:0x80000ce0  x5=0x80000ce4
     417485.000 ns	     41747	80008f20	0264a433	mulhsu	x8,x9,x6	  x9:0x00000000  x6:0x8000041c  x8=0x00000000
     417505.000 ns	     41749	80008f24	417500b3	sub	x1,x10,x23	 x10:0x00000002 x23:0x80040fe4  x1=0x7ffbf01e
     417525.000 ns	     41751	80008f28	d00d7153	fcvt.s.w	f2,x26	 x26:0x0000049c  f2=0x44938000
     417555.000 ns	     41754	80008f2c	c0190a53	fcvt.wu.s	x20,f18	 f18:0x43efa9c2 x20=0x000001df
     417575.000 ns	     41756	80008f30	016eefb3	or	x31,x29,x22	 x29:0x00000000 x22:0x000008c4 x31=0x000008c4
     417585.000 ns	     41757	80008f34	40a85c33	sra	x24,x16,x10	 x16:0x00040384 x10:0x00000002 x24=0x000100e1
     417595.000 ns	     41758	80008f38	406a89b3	sub	x19,x21,x6	 x21:0x000007f6  x6:0x8000041c x19=0x800003da
     417605.000 ns	     41759	80008f3c	0011b533	sltu	x10,x3,x1	  x3:0x00000001  x1:0x7ffbf01e x10=0x00000001
     417635.000 ns	     41762	80008f40	183afcd3	fdiv.s	f25,f21,f3	 f21:0x80000000  f3:0x43efa9c2 f25=0x80000000
     417655.000 ns	     41764	80008f44	01726533	or	x10,x4,x23	  x4:0x00000000 x23:0x80040fe4 x10=0x80040fe4
     417665.000 ns	     41765	80008f48	6c8b7437	lui	x8,0x6c8b7	  x8=0x6c8b7000
     417695.000 ns	     41768	80008f4c	194effd3	fdiv.s	f31,f29,f20	 f29:0xcf0037d8 f20:0x00000000 f31=0xff800000
     417725.000 ns	     41771	80008f50	a0ca2dd3	feq.s	x27,f20,f12	 f20:0x00000000 f12:0x80000000 x27=0x00000001
     417745.000 ns	     41773	80008f54	005ec133	xor	x2,x29,x5	 x29:0x00000000  x5:0x80000ce4  x2=0x80000ce4
     417765.000 ns	     41775	80008f58	02949eb3	mulh	x29,x9,x9	  x9:0x00000000  x9:0x00000000 x29=0x00000000
     417795.000 ns	     41778	80008f5c	024ee833	rem	x16,x29,x4	 x29:0x00000000  x4:0x00000000 x16=0x00000000
     417815.000 ns	     41780	80008f60	40530333	sub	x6,x6,x5	  x6:0x8000041c  x5:0x80000ce4  x6=0xfffff738
     417825.000 ns	     41781	80008f64	01487133	and	x2,x16,x20	 x16:0x00000000 x20:0x000001df  x2=0x00000000
     417845.000 ns	     41783	80008f68	a1da83d3	fle.s	x7,f21,f29	 f21:0x80000000 f29:0xcf0037d8  x7=0x00000000
     417865.000 ns	     41785	80008f6c	60036613	ori	x12,x6,1536	  x6:0xfffff738 x12=0xfffff738
     417875.000 ns	     41786	80008f70	4123df13	srai	x30,x7,0x12	  x7:0x00000000 x30=0x00000000
     417885.000 ns	     41787	80008f74	00b0fb33	and	x22,x1,x11	  x1:0x7ffbf01e x11:0x00040384 x22=0x00000004
     417895.000 ns	     41788	80008f78	7133ee13	ori	x28,x7,1811	  x7:0x00000000 x28=0x00000713
     417935.000 ns	     41792	80008f7c	08d39853	fsub.s	f16,f7,f13	  f7:0x43efa9c2 f13:0x4f02426d f16=0xcf02426b
     417985.000 ns	     41797	80008f80	095c2e53	fsub.s	f28,f24,f21	 f24:0x7f800000 f21:0x80000000 f28=0x7f800000
     418015.000 ns	     41800	80008f84	03363db3	mulhu	x27,x12,x19	 x12:0xfffff738 x19:0x800003da x27=0x7fffff75
     418045.000 ns	     41803	80008f88	20398fd3	fsgnj.s	f31,f19,f3	 f19:0xffc00000  f3:0x43efa9c2 f31=0x7fc00000
     418075.000 ns	     41806	80008f8c	02369333	mulh	x6,x13,x3	 x13:0x00000100  x3:0x00000001  x6=0x00000000
     418105.000 ns	     41809	80008f90	211706d3	fsgnj.s	f13,f14,f17	 f14:0x80000000 f17:0xcefff7e0 f13=0x80000000
     418155.000 ns	     41814	80008f94	09be76d3	fsub.s	f13,f28,f27	 f28:0x7f800000 f27:0x00000000 f13=0x7f800000
     418175.000 ns	     41816	80008f98	00f342b3	xor	x5,x6,x15	  x6:0x00000000 x15:0x00000000  x5=0x00000000
     418185.000 ns	     41817	80008f9c	2135f993	andi	x19,x11,531	 x11:0x00040384 x19=0x00000200
     418205.000 ns	     41819	80008fa0	e00599d3	fclass.s	x19,f11	 f11:0x41af25e8 x19=0x00000040
     418235.000 ns	     41822	80008fa4	c0027353	fcvt.w.s	x6,f4	  f4:0x7fc00000  x6=0x7fffffff
     418265.000 ns	     41825	80008fa8	f0020cd3	fmv.w.x	f25,x4	  x4:0x00000000 f25=0x00000000
     418295.000 ns	     41828	80008fac	e0010153	fmv.x.w	x2,f2	  f2:0x44938000  x2=0x44938000
     418315.000 ns	     41830	80008fb0	01fc9013	slli	x0,x25,0x1f	 x25:0x00000000
     418325.000 ns	     41831	80008fb4	40fe0f33	sub	x30,x28,x15	 x28:0x00000713 x15:0x00000000 x30=0x00000713
     418345.000 ns	     41833	80008fb8	d0197553	fcvt.s.wu	f10,x18	 x18:0x80041024 f10=0x4f000410
     418365.000 ns	     41835	80008fbc	dc808c93	addi	x25,x1,-568	  x1:0x7ffbf01e x25=0x7ffbede6
     418385.000 ns	     41837	80008fc0	0237b333	mulhu	x6,x15,x3	 x15:0x00000000  x3:0x00000001  x6=0x00000000
     418405.000 ns	     41839	80008fc4	8e287197	auipc	x3,0x8e287	  x3=0x0e28ffc4
     418435.000 ns	     41842	80008fc8	580271d3	fsqrt.s	f3,f4	  f4:0x7fc00000  f3=0x7fc00000
     418455.000 ns	     41844	80008fcc	00aa74b3	and	x9,x20,x10	 x20:0x000001df x10:0x80040fe4  x9=0x000001c4
     418465.000 ns	     41845	80008fd0	00d0de13	srli	x28,x1,0xd	  x1:0x7ffbf01e x28=0x0003ffdf
     418475.000 ns	     41846	80008fd4	7a2d2f93	slti	x31,x26,1954	 x26:0x0000049c x31=0x00000001
     418485.000 ns	     41847	80008fd8	417c5633	sra	x12,x24,x23	 x24:0x000100e1 x23:0x80040fe4 x12=0x0000100e
     418515.000 ns	     41850	80008fdc	580fbad3	fsqrt.s	f21,f31	 f31:0x7fc00000 f21=0x7fc00000
     418535.000 ns	     41852	80008fe0	40205233	sra	x4,x0,x2	  x0:0x00000000  x2:0x44938000  x4=0x00000000
     418545.000 ns	     41853	80008fe4	7c076f13	ori	x30,x14,1984	 x14:0x80000000 x30=0x800007c0
     418565.000 ns	     41855	80008fe8	c016a4d3	fcvt.wu.s	x9,f13	 f13:0x7f800000  x9=0xffffffff
     418615.000 ns	     41860	80008fec	09cbcbd3	fsub.s	f23,f23,f28	 f23:0x80000000 f28:0x7f800000 f23=0xff800000
     418645.000 ns	     41863	80008ff0	d0137253	fcvt.s.wu	f4,x6	  x6:0x00000000  f4=0x00000000
     418665.000 ns	     41865	80008ff4	40475c33	sra	x24,x14,x4	 x14:0x80000000  x4:0x00000000 x24=0x80000000
     418675.000 ns	     41866	80008ff8	9d9d8d13	addi	x26,x27,-1575	 x27:0x7fffff75 x26=0x7ffff94e
     419035.000 ns	     41902	80008ffc	0299f633	remu	x12,x19,x9	 x19:0x00000040  x9:0xffffffff x12=0x00000040
     419075.000 ns	     41906	80009000	10940ed3	fmul.s	f29,f8,f9	  f8:0x80000000  f9:0x41800000 f29=0x80000000
     419105.000 ns	     41909	80009004	21fa8cd3	fsgnj.s	f25,f21,f31	 f21:0x7fc00000 f31:0x7fc00000 f25=0x7fc00000
     419125.000 ns	     41911	80009008	40565c93	srai	x25,x12,0x5	 x12:0x00000040 x25=0x00000002
     419485.000 ns	     41947	8000900c	0391e7b3	rem	x15,x3,x25	  x3:0x0e28ffc4 x25:0x7ffbede6 x15=0x00000000
     419855.000 ns	     41984	80009010	0348e2b3	rem	x5,x17,x20	 x17:0x00000002 x20:0x000001df  x5=0x00000002
     419875.000 ns	     41986	80009014	01810fb3	add	x31,x2,x24	  x2:0x44938000 x24:0x80000000 x31=0xc4938000
     419895.000 ns	     41988	80009018	21271c53	fsgnjn.s	f24,f14,f18	 f14:0x80000000 f18:0x43efa9c2 f24=0x80000000
     419925.000 ns	     41991	8000901c	020a4433	div	x8,x20,x0	 x20:0x000001df  x0:0x00000000  x8=0xffffffff
     419955.000 ns	     41994	80009020	e0010653	fmv.x.w	x12,f2	  f2:0x44938000 x12=0x44938000
     419985.000 ns	     41997	80009024	20450653	fsgnj.s	f12,f10,f4	 f10:0x4f000410  f4:0x00000000 f12=0x4f000410
     420015.000 ns	     42000	80009028	284785d3	fmin.s	f11,f15,f4	 f15:0x4e68fe00  f4:0x00000000 f11=0x00000000
     420045.000 ns	     42003	8000902c	20a4ac53	fsgnjx.s	f24,f9,f10	  f9:0x41800000 f10:0x4f000410 f24=0x41800000
     420095.000 ns	     42008	80009030	003ff453	fadd.s	f8,f31,f3	 f31:0x7fc00000  f3:0x7fc00000  f8=0x7fc00000
     420115.000 ns	     42010	80009034	416b8433	sub	x8,x23,x22	 x23:0x80040fe4 x22:0x00000004  x8=0x80040fe0
     420135.000 ns	     42012	80009038	20750ed3	fsgnj.s	f29,f10,f7	 f10:0x4f000410  f7:0x43efa9c2 f29=0x4f000410
     420155.000 ns	     42014	8000903c	82468a97	auipc	x21,0x82468	 x21=0x0247103c
     420175.000 ns	     42016	80009040	03380eb3	mul	x29,x16,x19	 x16:0x00000000 x19:0x00000040 x29=0x00000000
     420545.000 ns	     42053	80009044	02906fb3	rem	x31,x0,x9	  x0:0x00000000  x9:0xffffffff x31=0x00000000
     420575.000 ns	     42056	80009048	202327d3	fsgnjx.s	f15,f6,f2	  f6:0x00000000  f2:0x44938000 f15=0x00000000
     420615.000 ns	     42060	8000904c	58084bd3	fsqrt.s	f23,f16	 f16:0xcf02426b f23=0x7fc00000
     420635.000 ns	     42062	80009050	6f4e0a93	addi	x21,x28,1780	 x28:0x0003ffdf x21=0x000406d3
     420655.000 ns	     42064	80009054	03ab89b3	mul	x19,x23,x26	 x23:0x80040fe4 x26:0x7ffff94e x19=0xe4cd9b78
     420675.000 ns	     42066	80009058	0017ddb3	srl	x27,x15,x1	 x15:0x00000000  x1:0x7ffbf01e x27=0x00000000
     421755.000 ns	     42174	8000905c	58097853	fsqrt.s	f16,f18	 f18:0x43efa9c2 f16=0x41af25e8
     421785.000 ns	     42177	80009060	037c2eb3	mulhsu	x29,x24,x23	 x24:0x80000000 x23:0x80040fe4 x29=0xbffdf80e
     421815.000 ns	     42180	80009064	29d194d3	fmax.s	f9,f3,f29	  f3:0x7fc00000 f29:0x4f000410  f9=0x4f000410
     421855.000 ns	     42184	80009068	580e79d3	fsqrt.s	f19,f28	 f28:0x7f800000 f19=0x7f800000
     421885.000 ns	     42187	8000906c	a0be2653	feq.s	x12,f28,f11	 f28:0x7f800000 f11:0x00000000 x12=0x00000000
     421905.000 ns	     42189	80009070	8a920f13	addi	x30,x4,-1879	  x4:0x00000000 x30=0xfffff8a9
     421915.000 ns	     42190	80009074	01e7eeb3	or	x29,x15,x30	 x15:0x00000000 x30:0x800007c0 x29=0xfffff8a9
     421935.000 ns	     42192	80009078	02cc6333	rem	x6,x24,x12	 x24:0x80000000 x12:0x00000000  x6=0x80000000
     421965.000 ns	     42195	8000907c	d01b9853	fcvt.s.wu	f16,x23	 x23:0x80040fe4 f16=0x4f00040f
     421995.000 ns	     42198	80009080	a086a2d3	feq.s	x5,f13,f8	 f13:0x7f800000  f8:0x7fc00000  x5=0x00000000
     422025.000 ns	     42201	80009084	02180e33	mul	x28,x16,x1	 x16:0x00000000  x1:0x7ffbf01e x28=0x00000000
     422055.000 ns	     42204	80009088	e00d8a53	fmv.x.w	x20,f27	 f27:0x00000000 x20=0x00000000
     422075.000 ns	     42206	8000908c	3af42393	slti	x7,x8,943	  x8:0x80040fe0  x7=0x00000001
     422085.000 ns	     42207	80009090	00d2f633	and	x12,x5,x13	  x5:0x00000000 x13:0x00000100 x12=0x00000000
     422105.000 ns	     42209	80009094	20de9bd3	fsgnjn.s	f23,f29,f13	 f29:0x4f000410 f13:0x7f800000 f23=0xcf000410
     422475.000 ns	     42246	80009098	02dbd9b3	divu	x19,x23,x13	 x23:0x80040fe4 x13:0x00000100 x19=0x0080040f
     422495.000 ns	     42248	8000909c	41b00b33	sub	x22,x0,x27	  x0:0x00000000 x27:0x00000000 x22=0x00000000
     422505.000 ns	     42249	800090a0	91cd2b17	auipc	x22,0x91cd2	 x22=0x11cdb0a0
     423675.000 ns	     42366	800090a4	580f4b53	fsqrt.s	f22,f30	 f30:0x4d000410 f22=0x45b50a40
     423695.000 ns	     42368	800090a8	0a497d93	andi	x27,x18,164	 x18:0x80041024 x27=0x00000024
     423705.000 ns	     42369	800090ac	041f2c13	slti	x24,x30,65	 x30:0xfffff8a9 x24=0x00000001
     423725.000 ns	     42371	800090b0	f00402d3	fmv.w.x	f5,x8	  x8:0x80040fe0  f5=0x80040fe0
     423745.000 ns	     42373	800090b4	41fadf13	srai	x30,x21,0x1f	 x21:0x000406d3 x30=0x00000000
     423755.000 ns	     42374	800090b8	00921e13	slli	x28,x4,0x9	  x4:0x00000000 x28=0x00000000
     423775.000 ns	     42376	800090bc	037bb133	mulhu	x2,x23,x23	 x23:0x80040fe4 x23:0x80040fe4  x2=0x40040ff4
     423805.000 ns	     42379	800090c0	03712b33	mulhsu	x22,x2,x23	  x2:0x44938000 x23:0x80040fe4 x22=0x20030c03
     423825.000 ns	     42381	800090c4	00000013	addi	x0,x0,0	  x0:0x00000000
     423835.000 ns	     42382	800090c8	002bccb3	xor	x25,x23,x2	 x23:0x80040fe4  x2:0x40040ff4 x25=0xc0000010
     423845.000 ns	     42383	800090cc	019493b3	sll	x7,x9,x25	  x9:0xffffffff x25:0x00000002  x7=0xffff0000
     425015.000 ns	     42500	800090d0	580c3ed3	fsqrt.s	f29,f24	 f24:0x41800000 f29=0x407fffae
     425035.000 ns	     42502	800090d4	40538133	sub	x2,x7,x5	  x7:0x00000001  x5:0x00000000  x2=0xffff0000
     425065.000 ns	     42505	800090d8	18bc2c53	fdiv.s	f24,f24,f11	 f24:0x41800000 f11:0x00000000 f24=0x7f800000
     425085.000 ns	     42507	800090dc	00466333	or	x6,x12,x4	 x12:0x00000000  x4:0x00000000  x6=0x00000000
     425095.000 ns	     42508	800090e0	55b12313	slti	x6,x2,1371	  x2:0xffff0000  x6=0x00000001
     425115.000 ns	     42510	800090e4	21d91d53	fsgnjn.s	f26,f18,f29	 f18:0x43efa9c2 f29:0x407fffae f26=0xc3efa9c2
     425145.000 ns	     42513	800090e8	03610033	mul	x0,x2,x22	  x2:0xffff0000 x22:0x20030c03
     425175.000 ns	     42516	800090ec	a0409f53	flt.s	x30,f1,f4	  f1:0xcefff7e1  f4:0x00000000 x30=0x00000001
     425195.000 ns	     42518	800090f0	8ecb0e13	addi	x28,x22,-1812	 x22:0x20030c03 x28=0x200304ef
     425205.000 ns	     42519	800090f4	2d70f893	andi	x17,x1,727	  x1:0x7ffbf01e x17=0x00000016
     425225.000 ns	     42521	800090f8	d01f0253	fcvt.s.wu	f4,x30	 x30:0x00000001  f4=0x3f800000
     425255.000 ns	     42524	800090fc	e00d8c53	fmv.x.w	x24,f27	 f27:0x00000000 x24=0x00000000
     425285.000 ns	     42527	80009100	292896d3	fmax.s	f13,f17,f18	 f17:0xcefff7e0 f18:0x43efa9c2 f13=0x43efa9c2
     425315.000 ns	     42530	80009104	03fdef33	rem	x30,x27,x31	 x27:0x00000024 x31:0x00000000 x30=0x00000024
     425335.000 ns	     42532	80009108	36dd2293	slti	x5,x26,877	 x26:0x7ffff94e  x5=0x00000000
     425355.000 ns	     42534	8000910c	03f976b3	remu	x13,x18,x31	 x18:0x80041024 x31:0x00000000 x13=0x80041024
     425375.000 ns	     42536	80009110	41c650b3	sra	x1,x12,x28	 x12:0x00000000 x28:0x200304ef  x1=0x00000000
     425395.000 ns	     42538	80009114	c0040fd3	fcvt.w.s	x31,f8	  f8:0x7fc00000 x31=0x7fffffff
     425425.000 ns	     42541	80009118	d014f8d3	fcvt.s.wu	f17,x9	  x9:0xffffffff f17=0x4f7fffff
     425455.000 ns	     42544	8000911c	e00c1553	fclass.s	x10,f24	 f24:0x7f800000 x10=0x00000080
     425475.000 ns	     42546	80009120	aa9fe513	ori	x10,x31,-1367	 x31:0x7fffffff x10=0xffffffff
     425495.000 ns	     42548	80009124	c01427d3	fcvt.wu.s	x15,f8	  f8:0x7fc00000 x15=0xffffffff
     425515.000 ns	     42550	80009128	00411433	sll	x8,x2,x4	  x2:0xffff0000  x4:0x00000000  x8=0xffff0000
     425535.000 ns	     42552	8000912c	d0081ad3	fcvt.s.w	f21,x16	 x16:0x00000000 f21=0x00000000
     425555.000 ns	     42554	80009130	01957833	and	x16,x10,x25	 x10:0xffffffff x25:0xc0000010 x16=0xc0000010
     425565.000 ns	     42555	80009134	73f3af13	slti	x30,x7,1855	  x7:0xffff0000 x30=0x00000001
     425575.000 ns	     42556	80009138	019de133	or	x2,x27,x25	 x27:0x00000024 x25:0xc0000010  x2=0xc0000034
     425585.000 ns	     42557	8000913c	0142eb33	or	x22,x5,x20	  x5:0x00000000 x20:0x00000000 x22=0x00000000
     425595.000 ns	     42558	80009140	b37a0013	addi	x0,x20,-1225	 x20:0x00000000
     425605.000 ns	     42559	80009144	008c0b33	add	x22,x24,x8	 x24:0x00000000  x8:0xffff0000 x22=0xffff0000
     425625.000 ns	     42561	80009148	f00c8c53	fmv.w.x	f24,x25	 x25:0xc0000010 f24=0xc0000010
     425655.000 ns	     42564	8000914c	a1c6afd3	feq.s	x31,f13,f28	 f13:0x43efa9c2 f28:0x7f800000 x31=0x00000000
     425675.000 ns	     42566	80009150	01e2b6b3	sltu	x13,x5,x30	  x5:0x00000000 x30:0x00000001 x13=0x00000001
     425695.000 ns	     42568	80009154	c0048153	fcvt.w.s	x2,f9	  f9:0x4f000410  x2=0x7fffffff
     425715.000 ns	     42570	80009158	0631a513	slti	x10,x3,99	  x3:0x0e28ffc4 x10=0x00000000
     425735.000 ns	     42572	8000915c	025337b3	mulhu	x15,x6,x5	  x6:0x00000001  x5:0x00000000 x15=0x00000000
     425765.000 ns	     42575	80009160	03b02233	mulhsu	x4,x0,x27	  x0:0x00000000 x27:0x00000024  x4=0x00000000
     425785.000 ns	     42577	80009164	eb79f093	andi	x1,x19,-329	 x19:0x0080040f  x1=0x00800407
     425805.000 ns	     42579	80009168	c0169553	fcvt.wu.s	x10,f13	 f13:0x43efa9c2 x10=0x000001df
     425825.000 ns	     42581	8000916c	00c35d13	srli	x26,x6,0xc	  x6:0x00000001 x26=0x00000000
     425845.000 ns	     42583	80009170	03b217b3	mulh	x15,x4,x27	  x4:0x00000000 x27:0x00000024 x15=0x00000000
     425875.000 ns	     42586	80009174	e00c05d3	fmv.x.w	x11,f24	 f24:0xc0000010 x11=0xc0000010
     425895.000 ns	     42588	80009178	23479fb7	lui	x31,0x23479	 x31=0x23479000
     425905.000 ns	     42589	8000917c	0097a033	slt	x0,x15,x9	 x15:0x00000000  x9:0xffffffff
     425915.000 ns	     42590	80009180	40835e93	srai	x29,x6,0x8	  x6:0x00000001 x29=0x00000000
     425935.000 ns	     42592	80009184	02e3b6b3	mulhu	x13,x7,x14	  x7:0xffff0000 x14:0x80000000 x13=0x7fff8000
     425965.000 ns	     42595	80009188	a10e2fd3	feq.s	x31,f28,f16	 f28:0x7f800000 f16:0x4f00040f x31=0x00000000
     425995.000 ns	     42598	8000918c	c01b7c53	fcvt.wu.s	x24,f22	 f22:0x45b50a40 x24=0x000016a1
     426025.000 ns	     42601	80009190	e0078fd3	fmv.x.w	x31,f15	 f15:0x00000000 x31=0x00000000
     426045.000 ns	     42603	80009194	00839813	slli	x16,x7,0x8	  x7:0xffff0000 x16=0xff000000
     426065.000 ns	     42605	80009198	03caaeb3	mulhsu	x29,x21,x28	 x21:0x000406d3 x28:0x200304ef x29=0x000080e6
     426095.000 ns	     42608	8000919c	f00408d3	fmv.w.x	f17,x8	  x8:0xffff0000 f17=0xffff0000
     426125.000 ns	     42611	800091a0	21e6a753	fsgnjx.s	f14,f13,f30	 f13:0x43efa9c2 f30:0x4d000410 f14=0x43efa9c2
     426155.000 ns	     42614	800091a4	a0d58e53	fle.s	x28,f11,f13	 f11:0x00000000 f13:0x43efa9c2 x28=0x00000001
     426185.000 ns	     42617	800091a8	e00c09d3	fmv.x.w	x19,f24	 f24:0xc0000010 x19=0xc0000010
     426205.000 ns	     42619	800091ac	d1a3c237	lui	x4,0xd1a3c	  x4=0xd1a3c000
     426215.000 ns	     42620	800091b0	0166fcb3	and	x25,x13,x22	 x13:0x7fff8000 x22:0xffff0000 x25=0x7fff0000
     426235.000 ns	     42622	800091b4	21f199d3	fsgnjn.s	f19,f3,f31	  f3:0x7fc00000 f31:0x7fc00000 f19=0xffc00000
     426265.000 ns	     42625	800091b8	d008b653	fcvt.s.w	f12,x17	 x17:0x00000016 f12=0x41b00000
     426295.000 ns	     42628	800091bc	c017ced3	fcvt.wu.s	x29,f15	 f15:0x00000000 x29=0x00000000
     426315.000 ns	     42630	800091c0	00179d33	sll	x26,x15,x1	 x15:0x00000000  x1:0x00800407 x26=0x00000000
     426325.000 ns	     42631	800091c4	d341ac93	slti	x25,x3,-716	  x3:0x0e28ffc4 x25=0x00000000
     426345.000 ns	     42633	800091c8	02e6a133	mulhsu	x2,x13,x14	 x13:0x7fff8000 x14:0x80000000  x2=0x3fffc000
     426375.000 ns	     42636	800091cc	205b9453	fsgnjn.s	f8,f23,f5	 f23:0xcf000410  f5:0x80040fe0  f8=0x4f000410
     426745.000 ns	     42673	800091d0	032069b3	rem	x19,x0,x18	  x0:0x00000000 x18:0x80041024 x19=0x00000000
     426775.000 ns	     42676	800091d4	025b6fb3	rem	x31,x22,x5	 x22:0xffff0000  x5:0x00000000 x31=0xffff0000
     426795.000 ns	     42678	800091d8	41025813	srai	x16,x4,0x10	  x4:0xd1a3c000 x16=0xffffd1a3
     426815.000 ns	     42680	800091dc	a11321d3	feq.s	x3,f6,f17	  f6:0x00000000 f17:0xffff0000  x3=0x00000000
     426835.000 ns	     42682	800091e0	6b0fec93	ori	x25,x31,1712	 x31:0xffff0000 x25=0xffff06b0
     426865.000 ns	     42685	800091e4	5801cfd3	fsqrt.s	f31,f3	  f3:0x7fc00000 f31=0x7fc00000
     426895.000 ns	     42688	800091e8	0240a333	mulhsu	x6,x1,x4	  x1:0x00800407  x4:0xd1a3c000  x6=0x0068d52c
     426925.000 ns	     42691	800091ec	f0068253	fmv.w.x	f4,x13	 x13:0x7fff8000  f4=0x7fff8000
     426965.000 ns	     42695	800091f0	18de77d3	fdiv.s	f15,f28,f13	 f28:0x7f800000 f13:0x43efa9c2 f15=0x7f800000
     427335.000 ns	     42732	800091f4	0308e9b3	rem	x19,x17,x16	 x17:0x00000016 x16:0xffffd1a3 x19=0x00000016
     427365.000 ns	     42735	800091f8	03e8afb3	mulhsu	x31,x17,x30	 x17:0x00000016 x30:0x00000001 x31=0x00000000
     427385.000 ns	     42737	800091fc	006a0fb3	add	x31,x20,x6	 x20:0x00000000  x6:0x0068d52c x31=0x0068d52c
     427405.000 ns	     42739	80009200	a1dc88d3	fle.s	x17,f25,f29	 f25:0x7fc00000 f29:0x407fffae x17=0x00000000
     427445.000 ns	     42743	80009204	190a1bd3	fdiv.s	f23,f20,f16	 f20:0x00000000 f16:0x4f00040f f23=0x00000000
     427495.000 ns	     42748	80009208	009e4953	fadd.s	f18,f28,f9	 f28:0x7f800000  f9:0x4f000410 f18=0x7f800000
     427515.000 ns	     42750	8000920c	00715f13	srli	x30,x2,0x7	  x2:0x3fffc000 x30=0x007fff80
     427535.000 ns	     42752	80009210	29010bd3	fmin.s	f23,f2,f16	  f2:0x44938000 f16:0x4f00040f f23=0x44938000
     427565.000 ns	     42755	80009214	0384b4b3	mulhu	x9,x9,x24	  x9:0xffffffff x24:0x000016a1  x9=0x000016a0
     427595.000 ns	     42758	80009218	d00e31d3	fcvt.s.w	f3,x28	 x28:0x00000001  f3=0x3f800000
     427635.000 ns	     42762	8000921c	1102a0d3	fmul.s	f1,f5,f16	  f5:0x80040fe0 f16:0x4f00040f  f1=0x8d820020
     427665.000 ns	     42765	80009220	c016fb53	fcvt.wu.s	x22,f13	 f13:0x43efa9c2 x22=0x000001df
     427695.000 ns	     42768	80009224	a0bf2dd3	feq.s	x27,f30,f11	 f30:0x4d000410 f11:0x00000000 x27=0x00000000
     427725.000 ns	     42771	80009228	02f2fdb3	remu	x27,x5,x15	  x5:0x00000000 x15:0x00000000 x27=0x00000000
     427745.000 ns	     42773	8000922c	4bba6c13	ori	x24,x20,1211	 x20:0x00000000 x24=0x000004bb
     427755.000 ns	     42774	80009230	e7cab613	sltiu	x12,x21,-388	 x21:0x000406d3 x12=0x00000001
     427775.000 ns	     42776	80009234	03a01c33	mulh	x24,x0,x26	  x0:0x00000000 x26:0x00000000 x24=0x00000000
     427795.000 ns	     42778	80009238	00911e93	slli	x29,x2,0x9	  x2:0x3fffc000 x29=0xff800000
     427815.000 ns	     42780	8000923c	d01ef0d3	fcvt.s.wu	f1,x29	 x29:0x00000000  f1=0x4f7f8000
     428155.000 ns	     42814	80009240	18e6f4d3	fdiv.s	f9,f13,f14	 f13:0x43efa9c2 f14:0x43efa9c2  f9=0x3fea19de
     428175.000 ns	     42816	80009244	00000013	addi	x0,x0,0	  x0:0x00000000
     428185.000 ns	     42817	80009248	01f10eb3	add	x29,x2,x31	  x2:0x3fffc000 x31:0x0068d52c x29=0x4068952c
     428205.000 ns	     42819	8000924c	03271233	mulh	x4,x14,x18	 x14:0x80000000 x18:0x80041024  x4=0x3ffdf7ee
     428225.000 ns	     42821	80009250	cc547c13	andi	x24,x8,-827	  x8:0xffff0000 x24=0xffff0000
     428235.000 ns	     42822	80009254	003d26b3	slt	x13,x26,x3	 x26:0x00000000  x3:0x00000000 x13=0x00000000
     428245.000 ns	     42823	80009258	019c7233	and	x4,x24,x25	 x24:0x00000000 x25:0xffff06b0  x4=0xffff0000
     428255.000 ns	     42824	8000925c	01a591b3	sll	x3,x11,x26	 x11:0xc0000010 x26:0x00000000  x3=0xc0000010
     428265.000 ns	     42825	80009260	003405b3	add	x11,x8,x3	  x8:0xffff0000  x3:0x00000000 x11=0xbfff0010
     428285.000 ns	     42827	80009264	03c02533	mulhsu	x10,x0,x28	  x0:0x00000000 x28:0x00000001 x10=0x00000000
     428315.000 ns	     42830	80009268	a08f9653	flt.s	x12,f31,f8	 f31:0x7fc00000  f8:0x4f000410 x12=0x00000000
     428365.000 ns	     42835	8000926c	00407f53	fadd.s	f30,f0,f4	  f0:0x44a972f8  f4:0x7fff8000 f30=0x7fc00000
     428395.000 ns	     42838	80009270	21822a53	fsgnjx.s	f20,f4,f24	  f4:0x7fff8000 f24:0xc0000010 f20=0xffff8000
     428425.000 ns	     42841	80009274	20e28e53	fsgnj.s	f28,f5,f14	  f5:0x80040fe0 f14:0x43efa9c2 f28=0x00040fe0
     428445.000 ns	     42843	80009278	00250033	add	x0,x10,x2	 x10:0x00000000  x2:0x3fffc000
     428465.000 ns	     42845	8000927c	c00d4f53	fcvt.w.s	x30,f26	 f26:0xc3efa9c2 x30=0xfffffe21
     428485.000 ns	     42847	80009280	01809eb3	sll	x29,x1,x24	  x1:0x00800407 x24:0xffff0000 x29=0x00800407
     428495.000 ns	     42848	80009284	00859113	slli	x2,x11,0x8	 x11:0xbfff0010  x2=0xff001000
     428515.000 ns	     42850	80009288	28ec0553	fmin.s	f10,f24,f14	 f24:0xc0000010 f14:0x43efa9c2 f10=0xc0000010
     428565.000 ns	     42855	8000928c	00ccfbd3	fadd.s	f23,f25,f12	 f25:0x7fc00000 f12:0x41b00000 f23=0x7fc00000
     428595.000 ns	     42858	80009290	02aa9533	mulh	x10,x21,x10	 x21:0x000406d3 x10:0x00000000 x10=0x00000000
     428625.000 ns	     42861	80009294	e0068a53	fmv.x.w	x20,f13	 f13:0x43efa9c2 x20=0x43efa9c2
     428665.000 ns	     42865	80009298	102938d3	fmul.s	f17,f18,f2	 f18:0x7f800000  f2:0x44938000 f17=0x7f800000
     428685.000 ns	     42867	8000929c	01fb2533	slt	x10,x22,x31	 x22:0x000001df x31:0x0068d52c x10=0x00000001
     429045.000 ns	     42903	800092a0	028c7eb3	remu	x29,x24,x8	 x24:0xffff0000  x8:0xffff0000 x29=0x00000000
     429065.000 ns	     42905	800092a4	552eff13	andi	x30,x29,1362	 x29:0x00800407 x30=0x00000000
     429085.000 ns	     42907	800092a8	2074acd3	fsgnjx.s	f25,f9,f7	  f9:0x3fea19de  f7:0x43efa9c2 f25=0x3fea19de
     429115.000 ns	     42910	800092ac	218900d3	fsgnj.s	f1,f18,f24	 f18:0x7f800000 f24:0xc0000010  f1=0xff800000
     429135.000 ns	     42912	800092b0	409c5c33	sra	x24,x24,x9	 x24:0xffff0000  x9:0x000016a0 x24=0xffff0000
     429495.000 ns	     42948	800092b4	026879b3	remu	x19,x16,x6	 x16:0xffffd1a3  x6:0x0068d52c x19=0x000f6137
     429525.000 ns	     42951	800092b8	f00b85d3	fmv.w.x	f11,x23	 x23:0x80040fe4 f11=0x80040fe4
     429545.000 ns	     42953	800092bc	0083feb3	and	x29,x7,x8	  x7:0xffff0000  x8:0xffff0000 x29=0xffff0000
     429565.000 ns	     42955	800092c0	f0038ad3	fmv.w.x	f21,x7	  x7:0xffff0000 f21=0xffff0000
     429595.000 ns	     42958	800092c4	d0149ad3	fcvt.s.wu	f21,x9	  x9:0x000016a0 f21=0x45b50000
     430775.000 ns	     43076	800092c8	58081453	fsqrt.s	f8,f16	 f16:0x4f00040f  f8=0x46b50a40
     430795.000 ns	     43078	800092cc	dc200d93	addi	x27,x0,-574	  x0:0x00000000 x27=0xfffffdc2
     430815.000 ns	     43080	800092d0	203b2f53	fsgnjx.s	f30,f22,f3	 f22:0x45b50a40  f3:0x3f800000 f30=0x45b50a40
     430835.000 ns	     43082	800092d4	5a396313	ori	x6,x18,1443	 x18:0x80041024  x6=0x800415a7
     430845.000 ns	     43083	800092d8	4020dfb3	sra	x31,x1,x2	  x1:0x00800407  x2:0xff001000 x31=0x00800407
     431205.000 ns	     43119	800092dc	0302e133	rem	x2,x5,x16	  x5:0x00000000 x16:0xffffd1a3  x2=0x00000000
     431225.000 ns	     43121	800092e0	00005ab3	srl	x21,x0,x0	  x0:0x00000000  x0:0x00000000 x21=0x00000000
     431245.000 ns	     43123	800092e4	e0071b53	fclass.s	x22,f14	 f14:0x43efa9c2 x22=0x00000040
     431265.000 ns	     43125	800092e8	7e873537	lui	x10,0x7e873	 x10=0x7e873000
     431275.000 ns	     43126	800092ec	01f1dfb3	srl	x31,x3,x31	  x3:0xc0000010 x31:0x00800407 x31=0x01800000
     431285.000 ns	     43127	800092f0	412d03b3	sub	x7,x26,x18	 x26:0x00000000 x18:0x80041024  x7=0x7ffbefdc
     431305.000 ns	     43129	800092f4	03ec83b3	mul	x7,x25,x30	 x25:0xffff06b0 x30:0x00000000  x7=0x00000000
     431335.000 ns	     43132	800092f8	284207d3	fmin.s	f15,f4,f4	  f4:0x7fff8000  f4:0x7fff8000 f15=0x7fc00000
     431365.000 ns	     43135	800092fc	a1f984d3	fle.s	x9,f19,f31	 f19:0xffc00000 f31:0x7fc00000  x9=0x00000000
     431395.000 ns	     43138	80009300	a13401d3	fle.s	x3,f8,f19	  f8:0x46b50a40 f19:0xffc00000  x3=0x00000000
     431765.000 ns	     43175	80009304	03be6f33	rem	x30,x28,x27	 x28:0x00000001 x27:0xfffffdc2 x30=0x00000001
     431795.000 ns	     43178	80009308	c01fbcd3	fcvt.wu.s	x25,f31	 f31:0x7fc00000 x25=0xffffffff
     431815.000 ns	     43180	8000930c	006564b3	or	x9,x10,x6	 x10:0x7e873000  x6:0x800415a7  x9=0xfe8735a7
     431825.000 ns	     43181	80009310	404f5cb3	sra	x25,x30,x4	 x30:0x00000001  x4:0xffff0000 x25=0x00000001
     431845.000 ns	     43183	80009314	21fbaa53	fsgnjx.s	f20,f23,f31	 f23:0x7fc00000 f31:0x7fc00000 f20=0x7fc00000
     431865.000 ns	     43185	80009318	8e4d3313	sltiu	x6,x26,-1820	 x26:0x00000000  x6=0x00000001
     431875.000 ns	     43186	8000931c	01a39093	slli	x1,x7,0x1a	  x7:0x00000000  x1=0x00000000
     431905.000 ns	     43189	80009320	580225d3	fsqrt.s	f11,f4	  f4:0x7fff8000 f11=0x7fc00000
     431925.000 ns	     43191	80009324	415b2693	slti	x13,x22,1045	 x22:0x00000040 x13=0x00000001
     431935.000 ns	     43192	80009328	40745533	sra	x10,x8,x7	  x8:0xffff0000  x7:0x00000000 x10=0xffff0000
     431955.000 ns	     43194	8000932c	280d16d3	fmax.s	f13,f26,f0	 f26:0xc3efa9c2  f0:0x44a972f8 f13=0x44a972f8
     431985.000 ns	     43197	80009330	0258cd33	div	x26,x17,x5	 x17:0x00000000  x5:0x00000000 x26=0xffffffff
     432005.000 ns	     43199	80009334	36760493	addi	x9,x12,871	 x12:0x00000000  x9=0x00000367
     432035.000 ns	     43202	80009338	19cbaa53	fdiv.s	f20,f23,f28	 f23:0x7fc00000 f28:0x00040fe0 f20=0x7fc00000
     432065.000 ns	     43205	8000933c	02f62fb3	mulhsu	x31,x12,x15	 x12:0x00000000 x15:0x00000000 x31=0x00000000
     432085.000 ns	     43207	80009340	00789eb3	sll	x29,x17,x7	 x17:0x00000000  x7:0x00000000 x29=0x00000000
     432105.000 ns	     43209	80009344	e00f8a53	fmv.x.w	x20,f31	 f31:0x7fc00000 x20=0x7fc00000
     432475.000 ns	     43246	80009348	036c63b3	rem	x7,x24,x22	 x24:0xffff0000 x22:0x00000040  x7=0x00000000
     432495.000 ns	     43248	8000934c	28933113	sltiu	x2,x6,649	  x6:0x00000001  x2=0x00000001
     432515.000 ns	     43250	80009350	28890fd3	fmin.s	f31,f18,f8	 f18:0x7f800000  f8:0x46b50a40 f31=0x46b50a40
     432535.000 ns	     43252	80009354	00ab61b3	or	x3,x22,x10	 x22:0x00000040 x10:0xffff0000  x3=0xffff0040
     432545.000 ns	     43253	80009358	4036d7b3	sra	x15,x13,x3	 x13:0x00000001  x3:0x00000000 x15=0x00000001
     432565.000 ns	     43255	8000935c	0253a0b3	mulhsu	x1,x7,x5	  x7:0x00000000  x5:0x00000000  x1=0x00000000
     432585.000 ns	     43257	80009360	1bb77413	andi	x8,x14,443	 x14:0x80000000  x8=0x00000000
     432595.000 ns	     43258	80009364	01ec8533	add	x10,x25,x30	 x25:0x00000001 x30:0x00000001 x10=0x00000002
     432605.000 ns	     43259	80009368	01f54833	xor	x16,x10,x31	 x10:0xffff0000 x31:0x00000000 x16=0x00000002
     432625.000 ns	     43261	8000936c	28430dd3	fmin.s	f27,f6,f4	  f6:0x00000000  f4:0x7fff8000 f27=0x00000000
     432655.000 ns	     43264	80009370	a1aba153	feq.s	x2,f23,f26	 f23:0x7fc00000 f26:0xc3efa9c2  x2=0x00000000
     432995.000 ns	     43298	80009374	185b7153	fdiv.s	f2,f22,f5	 f22:0x45b50a40  f5:0x80040fe0  f2=0xff800000
     433025.000 ns	     43301	80009378	03e7aeb3	mulhsu	x29,x15,x30	 x15:0x00000001 x30:0x00000001 x29=0x00000000
     433045.000 ns	     43303	8000937c	ba26a297	auipc	x5,0xba26a	  x5=0x3a27337c
     433055.000 ns	     43304	80009380	613e2413	slti	x8,x28,1555	 x28:0x00000001  x8=0x00000001
     433065.000 ns	     43305	80009384	0107b9b3	sltu	x19,x15,x16	 x15:0x00000001 x16:0x00000002 x19=0x00000001
     433085.000 ns	     43307	80009388	f0010f53	fmv.w.x	f30,x2	  x2:0x00000000 f30=0x00000000
     433115.000 ns	     43310	8000938c	e00c8ed3	fmv.x.w	x29,f25	 f25:0x3fea19de x29=0x3fea19de
     433145.000 ns	     43313	80009390	21f01153	fsgnjn.s	f2,f0,f31	  f0:0x44a972f8 f31:0x46b50a40  f2=0xc4a972f8
     433175.000 ns	     43316	80009394	211d1c53	fsgnjn.s	f24,f26,f17	 f26:0xc3efa9c2 f17:0x7f800000 f24=0xc3efa9c2
     433215.000 ns	     43320	80009398	117e8ed3	fmul.s	f29,f29,f23	 f29:0x407fffae f23:0x7fc00000 f29=0x7fc00000
     433235.000 ns	     43322	8000939c	0161eab3	or	x21,x3,x22	  x3:0xffff0040 x22:0x00000040 x21=0xffff0040
     433595.000 ns	     43358	800093a0	02957eb3	remu	x29,x10,x9	 x10:0x00000002  x9:0x00000367 x29=0x00000002
     433615.000 ns	     43360	800093a4	01fb19b3	sll	x19,x22,x31	 x22:0x00000040 x31:0x00000000 x19=0x00000040
     433625.000 ns	     43361	800093a8	01651333	sll	x6,x10,x22	 x10:0x00000002 x22:0x00000040  x6=0x00000002
     433655.000 ns	     43364	800093ac	10eda653	fmul.s	f12,f27,f14	 f27:0x00000000 f14:0x43efa9c2 f12=0x00000000
     434025.000 ns	     43401	800093b0	02496fb3	rem	x31,x18,x4	 x18:0x80041024  x4:0xffff0000 x31=0xffff1024
     434045.000 ns	     43403	800093b4	012e93b3	sll	x7,x29,x18	 x29:0x00000002 x18:0x80041024  x7=0x00000020
     434055.000 ns	     43404	800093b8	00000013	addi	x0,x0,0	  x0:0x00000000
     434075.000 ns	     43406	800093bc	c00af153	fcvt.w.s	x2,f21	 f21:0x45b50000  x2=0x000016a0
     434125.000 ns	     43411	800093c0	00b37253	fadd.s	f4,f6,f11	  f6:0x00000000 f11:0x7fc00000  f4=0x7fc00000
     434145.000 ns	     43413	800093c4	5d63ac13	slti	x24,x7,1494	  x7:0x00000020 x24=0x00000001
     434185.000 ns	     43417	800093c8	01f47b53	fadd.s	f22,f8,f31	  f8:0x46b50a40 f31:0x46b50a40 f22=0x47350a40
     434205.000 ns	     43419	800093cc	01b18f33	add	x30,x3,x27	  x3:0xffff0040 x27:0xfffffdc2 x30=0xfffefe02
     434215.000 ns	     43420	800093d0	00000013	addi	x0,x0,0	  x0:0x00000000
     434235.000 ns	     43422	800093d4	20320dd3	fsgnj.s	f27,f4,f3	  f4:0x7fc00000  f3:0x3f800000 f27=0x7fc00000
     434255.000 ns	     43424	800093d8	5d674397	auipc	x7,0x5d674	  x7=0xdd67d3d8
     434265.000 ns	     43425	800093dc	00000013	addi	x0,x0,0	  x0:0x00000000
     434285.000 ns	     43427	800093e0	d01b4e53	fcvt.s.wu	f28,x22	 x22:0x00000040 f28=0x42800000
     434625.000 ns	     43461	800093e4	19c47253	fdiv.s	f4,f8,f28	  f8:0x46b50a40 f28:0x00040fe0  f4=0x43814484
     434655.000 ns	     43464	800093e8	e0068ed3	fmv.x.w	x29,f13	 f13:0x44a972f8 x29=0x44a972f8
     434675.000 ns	     43466	800093ec	41f88db3	sub	x27,x17,x31	 x17:0x00000000 x31:0xffff1024 x27=0x0000efdc
     435035.000 ns	     43502	800093f0	0378f8b3	remu	x17,x17,x23	 x17:0x00000000 x23:0x80040fe4 x17=0x00000000
     435055.000 ns	     43504	800093f4	a92d2493	slti	x9,x26,-1390	 x26:0xffffffff  x9=0x00000000
     435065.000 ns	     43505	800093f8	e375e593	ori	x11,x11,-457	 x11:0xbfff0010 x11=0xfffffe37
     435085.000 ns	     43507	800093fc	03e6b833	mulhu	x16,x13,x30	 x13:0x00000001 x30:0xfffefe02 x16=0x00000000
     435115.000 ns	     43510	80009400	e0019cd3	fclass.s	x25,f3	  f3:0x3f800000 x25=0x00000040
     435145.000 ns	     43513	80009404	d00e4753	fcvt.s.w	f14,x28	 x28:0x00000001 f14=0x3f800000
     435175.000 ns	     43516	80009408	02125233	divu	x4,x4,x1	  x4:0xffff0000  x1:0x00000000  x4=0xffffffff
     436355.000 ns	     43634	8000940c	580070d3	fsqrt.s	f1,f0	  f0:0x44a972f8  f1=0x421345e2
     436375.000 ns	     43636	80009410	00000013	addi	x0,x0,0	  x0:0x00000000
     436385.000 ns	     43637	80009414	018f6c33	or	x24,x30,x24	 x30:0xfffefe02 x24:0x00000001 x24=0xfffefe03
     436395.000 ns	     43638	80009418	9cdd6c13	ori	x24,x26,-1587	 x26:0xffffffff x24=0xffffffff
     436755.000 ns	     43674	8000941c	02504633	div	x12,x0,x5	  x0:0x00000000  x5:0x3a27337c x12=0x00000000
     436775.000 ns	     43676	80009420	b0b3fa17	auipc	x20,0xb0b3f	 x20=0x30b48420
     436785.000 ns	     43677	80009424	3e098013	addi	x0,x19,992	 x19:0x00000040
     436795.000 ns	     43678	80009428	00f0b7b3	sltu	x15,x1,x15	  x1:0x00000000 x15:0x00000001 x15=0x00000001
     436805.000 ns	     43679	8000942c	14c26313	ori	x6,x4,332	  x4:0xffffffff  x6=0xffffffff
     437135.000 ns	     43712	80009430	196a9653	fdiv.s	f12,f21,f22	 f21:0x45b50000 f22:0x47350a40 f12=0x3dc8fcd2
     437165.000 ns	     43715	80009434	297091d3	fmax.s	f3,f1,f23	  f1:0x421345e2 f23:0x7fc00000  f3=0x421345e2
     437195.000 ns	     43718	80009438	287e86d3	fmin.s	f13,f29,f7	 f29:0x7fc00000  f7:0x43efa9c2 f13=0x43efa9c2
     437215.000 ns	     43720	8000943c	f35c2d93	slti	x27,x24,-203	 x24:0xffffffff x27=0x00000000
     437235.000 ns	     43722	80009440	a058a153	feq.s	x2,f17,f5	 f17:0x7f800000  f5:0x80040fe0  x2=0x00000000
     437265.000 ns	     43725	80009444	a01b2553	feq.s	x10,f22,f1	 f22:0x47350a40  f1:0x421345e2 x10=0x00000000
     437305.000 ns	     43729	80009448	10347f53	fmul.s	f30,f8,f3	  f8:0x46b50a40  f3:0x421345e2 f30=0x49504c9c
     437345.000 ns	     43733	8000944c	1899f453	fdiv.s	f8,f19,f9	 f19:0xffc00000  f9:0x3fea19de  f8=0x7fc00000
     437375.000 ns	     43736	80009450	29f78d53	fmin.s	f26,f15,f31	 f15:0x7fc00000 f31:0x46b50a40 f26=0x46b50a40
     437395.000 ns	     43738	80009454	386ebd13	sltiu	x26,x29,902	 x29:0x44a972f8 x26=0x00000000
     437755.000 ns	     43774	80009458	0352e4b3	rem	x9,x5,x21	  x5:0x3a27337c x21:0xffff0040  x9=0x0000c0bc
     438125.000 ns	     43811	8000945c	036952b3	divu	x5,x18,x22	 x18:0x80041024 x22:0x00000040  x5=0x02001040
     438155.000 ns	     43814	80009460	201e00d3	fsgnj.s	f1,f28,f1	 f28:0x42800000  f1:0x421345e2  f1=0x42800000
     438185.000 ns	     43817	80009464	a12e9253	flt.s	x4,f29,f18	 f29:0x7fc00000 f18:0x7f800000  x4=0x00000000
     438205.000 ns	     43819	80009468	a7684793	xori	x15,x16,-1418	 x16:0x00000000 x15=0xfffffa76
     438215.000 ns	     43820	8000946c	c8584e13	xori	x28,x16,-891	 x16:0x00000000 x28=0xfffffc85
     438255.000 ns	     43824	80009470	08377ed3	fsub.s	f29,f14,f3	 f14:0x3f800000  f3:0x421345e2 f29=0xc20f45e2
     438275.000 ns	     43826	80009474	007ac9b3	xor	x19,x21,x7	 x21:0xffff0040  x7:0xdd67d3d8 x19=0x2298d398
     438635.000 ns	     43862	80009478	02f27e33	remu	x28,x4,x15	  x4:0x00000000 x15:0xfffffa76 x28=0x00000000
     438655.000 ns	     43864	8000947c	00cd23b3	slt	x7,x26,x12	 x26:0x00000000 x12:0x00000000  x7=0x00000000
     438675.000 ns	     43866	80009480	f0060753	fmv.w.x	f14,x12	 x12:0x00000000 f14=0x00000000
     438705.000 ns	     43869	80009484	281c06d3	fmin.s	f13,f24,f1	 f24:0xc3efa9c2  f1:0x42800000 f13=0xc3efa9c2
     438735.000 ns	     43872	80009488	201b9753	fsgnjn.s	f14,f23,f1	 f23:0x7fc00000  f1:0x42800000 f14=0xffc00000
     438765.000 ns	     43875	8000948c	03d121b3	mulhsu	x3,x2,x29	  x2:0x00000000 x29:0x44a972f8  x3=0x00000000
     438795.000 ns	     43878	80009490	292213d3	fmax.s	f7,f4,f18	  f4:0x43814484 f18:0x7f800000  f7=0x7f800000
     438845.000 ns	     43883	80009494	09337a53	fsub.s	f20,f6,f19	  f6:0x00000000 f19:0xffc00000 f20=0x7fc00000
     438875.000 ns	     43886	80009498	a19690d3	flt.s	x1,f13,f25	 f13:0xc3efa9c2 f25:0x3fea19de  x1=0x00000001
     438925.000 ns	     43891	8000949c	08e17a53	fsub.s	f20,f2,f14	  f2:0xc4a972f8 f14:0xffc00000 f20=0x7fc00000
     438955.000 ns	     43894	800094a0	218ea053	fsgnjx.s	f0,f29,f24	 f29:0xc20f45e2 f24:0xc3efa9c2  f0=0x420f45e2
     438995.000 ns	     43898	800094a4	119bcb53	fmul.s	f22,f23,f25	 f23:0x7fc00000 f25:0x3fea19de f22=0x7fc00000
     439015.000 ns	     43900	800094a8	b4312d93	slti	x27,x2,-1213	  x2:0x00000000 x27=0x00000000
     439025.000 ns	     43901	800094ac	1fdda417	auipc	x8,0x1fdda	  x8=0x9fde34ac
     439045.000 ns	     43903	800094b0	e00f0253	fmv.x.w	x4,f30	 f30:0x49504c9c  x4=0x49504c9c
     439095.000 ns	     43908	800094b4	00bcafd3	fadd.s	f31,f25,f11	 f25:0x3fea19de f11:0x7fc00000 f31=0x7fc00000
     439115.000 ns	     43910	800094b8	fd5f8137	lui	x2,0xfd5f8	  x2=0xfd5f8000
     439155.000 ns	     43914	800094bc	0947f2d3	fsub.s	f5,f15,f20	 f15:0x7fc00000 f20:0x7fc00000  f5=0x7fc00000
     439185.000 ns	     43917	800094c0	c01efb53	fcvt.wu.s	x22,f29	 f29:0xc20f45e2 x22=0x00000023
     439555.000 ns	     43954	800094c4	0393eeb3	rem	x29,x7,x25	  x7:0x00000000 x25:0x00000040 x29=0x00000000
     439925.000 ns	     43991	800094c8	0216edb3	rem	x27,x13,x1	 x13:0x00000001  x1:0x00000001 x27=0x00000000
     439945.000 ns	     43993	800094cc	aa48ef13	ori	x30,x17,-1372	 x17:0x00000000 x30=0xfffffaa4
     439965.000 ns	     43995	800094d0	d01ef153	fcvt.s.wu	f2,x29	 x29:0x00000000  f2=0x00000000
     439985.000 ns	     43997	800094d4	001eda93	srli	x21,x29,0x1	 x29:0x00000000 x21=0x00000000
     439995.000 ns	     43998	800094d8	41fd5213	srai	x4,x26,0x1f	 x26:0x00000000  x4=0x00000000
     440015.000 ns	     44000	800094dc	e0020a53	fmv.x.w	x20,f4	  f4:0x43814484 x20=0x43814484
     440035.000 ns	     44002	800094e0	d053ec93	ori	x25,x7,-763	  x7:0x00000000 x25=0xfffffd05
     440395.000 ns	     44038	800094e4	022c59b3	divu	x19,x24,x2	 x24:0xffffffff  x2:0xfd5f8000 x19=0x00000001
     440425.000 ns	     44041	800094e8	031c4fb3	div	x31,x24,x17	 x24:0xffffffff x17:0x00000000 x31=0xffffffff
     440455.000 ns	     44044	800094ec	a00796d3	flt.s	x13,f15,f0	 f15:0x7fc00000  f0:0x420f45e2 x13=0x00000000
     440485.000 ns	     44047	800094f0	03e49db3	mulh	x27,x9,x30	  x9:0x0000c0bc x30:0xfffffaa4 x27=0xffffffff
     440535.000 ns	     44052	800094f4	01aec153	fadd.s	f2,f29,f26	 f29:0xc20f45e2 f26:0x46b50a40  f2=0x46b4c29d
     440555.000 ns	     44054	800094f8	00000013	addi	x0,x0,0	  x0:0x00000000
     440575.000 ns	     44056	800094fc	03b6aab3	mulhsu	x21,x13,x27	 x13:0x00000000 x27:0xffffffff x21=0x00000000
     440595.000 ns	     44058	80009500	15ffdfb7	lui	x31,0x15ffd	 x31=0x15ffd000
     440605.000 ns	     44059	80009504	6e18ea93	ori	x21,x17,1761	 x17:0x00000000 x21=0x000006e1
     440625.000 ns	     44061	80009508	281015d3	fmax.s	f11,f0,f1	  f0:0x420f45e2  f1:0x42800000 f11=0x42800000
     440655.000 ns	     44064	8000950c	c01efed3	fcvt.wu.s	x29,f29	 f29:0xc20f45e2 x29=0x00000023
     440675.000 ns	     44066	80009510	017f8333	add	x6,x31,x23	 x31:0x15ffd000 x23:0x80040fe4  x6=0x9603dfe4
     440685.000 ns	     44067	80009514	00361893	slli	x17,x12,0x3	 x12:0x00000000 x17=0x00000000
     440705.000 ns	     44069	80009518	037a9233	mulh	x4,x21,x23	 x21:0x000006e1 x23:0x80040fe4  x4=0xfffffc8f
     440735.000 ns	     44072	8000951c	a1fe9f53	flt.s	x30,f29,f31	 f29:0xc20f45e2 f31:0x7fc00000 x30=0x00000000
     440765.000 ns	     44075	80009520	c001f153	fcvt.w.s	x2,f3	  f3:0x421345e2  x2=0x00000024
     440795.000 ns	     44078	80009524	e0071653	fclass.s	x12,f14	 f14:0xffc00000 x12=0x00000200
     440815.000 ns	     44080	80009528	eac71317	auipc	x6,0xeac71	  x6=0x6ac7a528
     441175.000 ns	     44116	8000952c	02cbec33	rem	x24,x23,x12	 x23:0x80040fe4 x12:0x00000200 x24=0xffffffe4
     441195.000 ns	     44118	80009530	01f69f33	sll	x30,x13,x31	 x13:0x00000000 x31:0x15ffd000 x30=0x00000000
     441215.000 ns	     44120	80009534	a1550153	fle.s	x2,f10,f21	 f10:0xc0000010 f21:0x45b50000  x2=0x00000001
     441235.000 ns	     44122	80009538	01942633	slt	x12,x8,x25	  x8:0x9fde34ac x25:0xfffffd05 x12=0x00000001
     441245.000 ns	     44123	8000953c	008bd4b3	srl	x9,x23,x8	 x23:0x80040fe4  x8:0x9fde34ac  x9=0x00080040
     441255.000 ns	     44124	80009540	e0f88837	lui	x16,0xe0f88	 x16=0xe0f88000
     441265.000 ns	     44125	80009544	7acf3413	sltiu	x8,x30,1964	 x30:0x00000000  x8=0x00000001
     441275.000 ns	     44126	80009548	00aa6ab3	or	x21,x20,x10	 x20:0x43814484 x10:0x00000000 x21=0x43814484
     441315.000 ns	     44130	8000954c	083a74d3	fsub.s	f9,f20,f3	 f20:0x7fc00000  f3:0x421345e2  f9=0x7fc00000
     441685.000 ns	     44167	80009550	034fd133	divu	x2,x31,x20	 x31:0x15ffd000 x20:0x43814484  x2=0x00000000
     441715.000 ns	     44170	80009554	297c0453	fmin.s	f8,f24,f23	 f24:0xc3efa9c2 f23:0x7fc00000  f8=0xc3efa9c2
     441745.000 ns	     44173	80009558	206c93d3	fsgnjn.s	f7,f25,f6	 f25:0x3fea19de  f6:0x00000000  f7=0xbfea19de
     441765.000 ns	     44175	8000955c	00ec3d33	sltu	x26,x24,x14	 x24:0xffffffe4 x14:0x80000000 x26=0x00000000
     441775.000 ns	     44176	80009560	007e0633	add	x12,x28,x7	 x28:0x00000000  x7:0x00000000 x12=0x00000000
     441795.000 ns	     44178	80009564	03ca60b3	rem	x1,x20,x28	 x20:0x43814484 x28:0x00000000  x1=0x43814484
     441825.000 ns	     44181	80009568	02f7b6b3	mulhu	x13,x15,x15	 x15:0xfffffa76 x15:0xfffffa76 x13=0xfffff4ec
     441855.000 ns	     44184	8000956c	28f49653	fmax.s	f12,f9,f15	  f9:0x7fc00000 f15:0x7fc00000 f12=0x7fc00000
     441885.000 ns	     44187	80009570	e0080dd3	fmv.x.w	x27,f16	 f16:0x4f00040f x27=0x4f00040f
     441915.000 ns	     44190	80009574	d0169e53	fcvt.s.wu	f28,x13	 x13:0xfffff4ec f28=0x4f7ffff4
     441935.000 ns	     44192	80009578	00eaa133	slt	x2,x21,x14	 x21:0x43814484 x14:0x80000000  x2=0x00000000
     441955.000 ns	     44194	8000957c	28949553	fmax.s	f10,f9,f9	  f9:0x7fc00000  f9:0x7fc00000 f10=0x7fc00000
     441975.000 ns	     44196	80009580	015ea0b3	slt	x1,x29,x21	 x29:0x00000023 x21:0x43814484  x1=0x00000001
     442005.000 ns	     44199	80009584	58037bd3	fsqrt.s	f23,f6	  f6:0x00000000 f23=0x00000000
     442025.000 ns	     44201	80009588	1f2ea593	slti	x11,x29,498	 x29:0x00000023 x11=0x00000001
     442045.000 ns	     44203	8000958c	28ed88d3	fmin.s	f17,f27,f14	 f27:0x7fc00000 f14:0xffc00000 f17=0x7fc00000
     442075.000 ns	     44206	80009590	035ba233	mulhsu	x4,x23,x21	 x23:0x80040fe4 x21:0x43814484  x4=0xde406ff3
     442095.000 ns	     44208	80009594	8bf588b7	lui	x17,0x8bf58	 x17=0x8bf58000
     442105.000 ns	     44209	80009598	0080c9b3	xor	x19,x1,x8	  x1:0x00000001  x8:0x00000001 x19=0x00000000
     442115.000 ns	     44210	8000959c	40ccd293	srai	x5,x25,0xc	 x25:0xfffffd05  x5=0xffffffff
     442135.000 ns	     44212	800095a0	a1711ed3	flt.s	x29,f2,f23	  f2:0x46b4c29d f23:0x00000000 x29=0x00000000
     442165.000 ns	     44215	800095a4	c015f153	fcvt.wu.s	x2,f11	 f11:0x42800000  x2=0x00000040
     442195.000 ns	     44218	800095a8	21f2a053	fsgnjx.s	f0,f5,f31	  f5:0x7fc00000 f31:0x7fc00000  f0=0x7fc00000
     442215.000 ns	     44220	800095ac	01b78a33	add	x20,x15,x27	 x15:0xfffffa76 x27:0x4f00040f x20=0x4efffe85
     442235.000 ns	     44222	800095b0	a092ab53	feq.s	x22,f5,f9	  f5:0x7fc00000  f9:0x7fc00000 x22=0x00000000
     442265.000 ns	     44225	800095b4	02661e33	mulh	x28,x12,x6	 x12:0x00000000  x6:0x6ac7a528 x28=0x00000000
     442295.000 ns	     44228	800095b8	d01ffb53	fcvt.s.wu	f22,x31	 x31:0x15ffd000 f22=0x4daffe80
     442325.000 ns	     44231	800095bc	e0018553	fmv.x.w	x10,f3	  f3:0x421345e2 x10=0x421345e2
     442695.000 ns	     44268	800095c0	02f56533	rem	x10,x10,x15	 x10:0x00000000 x15:0xfffffa76 x10=0x000003c2
     442725.000 ns	     44271	800095c4	219498d3	fsgnjn.s	f17,f9,f25	  f9:0x7fc00000 f25:0x3fea19de f17=0xffc00000
     442745.000 ns	     44273	800095c8	019e9313	slli	x6,x29,0x19	 x29:0x00000000  x6=0x00000000
     442775.000 ns	     44276	800095cc	10522a53	fmul.s	f20,f4,f5	  f4:0x43814484  f5:0x7fc00000 f20=0x7fc00000
     443115.000 ns	     44310	800095d0	1901fbd3	fdiv.s	f23,f3,f16	  f3:0x421345e2 f16:0x4f00040f f23=0x321345e2
     443485.000 ns	     44347	800095d4	02816433	rem	x8,x2,x8	  x2:0x00000040  x8:0x00000001  x8=0x00000000
     443505.000 ns	     44349	800095d8	008ad213	srli	x4,x21,0x8	 x21:0x43814484  x4=0x00438144
     443515.000 ns	     44350	800095dc	005e9313	slli	x6,x29,0x5	 x29:0x00000000  x6=0x00000000
     443535.000 ns	     44352	800095e0	e0049653	fclass.s	x12,f9	  f9:0x7fc00000 x12=0x00000200
     443575.000 ns	     44356	800095e4	10ef78d3	fmul.s	f17,f30,f14	 f30:0x49504c9c f14:0xffc00000 f17=0x7fc00000
     443595.000 ns	     44358	800095e8	004fbb33	sltu	x22,x31,x4	 x31:0x15ffd000  x4:0x00438144 x22=0x00000000
     443615.000 ns	     44360	800095ec	0258afb3	mulhsu	x31,x17,x5	 x17:0x8bf58000  x5:0xffffffff x31=0x8bf58000
     443655.000 ns	     44364	800095f0	11707753	fmul.s	f14,f0,f23	  f0:0x7fc00000 f23:0x321345e2 f14=0x7fc00000
     443675.000 ns	     44366	800095f4	00000013	addi	x0,x0,0	  x0:0x00000000
     443685.000 ns	     44367	800095f8	00e4eeb3	or	x29,x9,x14	  x9:0x00080040 x14:0x80000000 x29=0x80080040
     443695.000 ns	     44368	800095fc	8102f413	andi	x8,x5,-2032	  x5:0xffffffff  x8=0xfffff810
     443705.000 ns	     44369	80009600	be0fa813	slti	x16,x31,-1056	 x31:0x8bf58000 x16=0x00000001
     443715.000 ns	     44370	80009604	40a15e33	sra	x28,x2,x10	  x2:0x00000040 x10:0x000003c2 x28=0x00000010
     443735.000 ns	     44372	80009608	c01cf053	fcvt.wu.s	x0,f25	 f25:0x3fea19de
     443755.000 ns	     44374	8000960c	1fa67213	andi	x4,x12,506	 x12:0x00000200  x4=0x00000000
     443775.000 ns	     44376	80009610	e0049b53	fclass.s	x22,f9	  f9:0x7fc00000 x22=0x00000200
     443805.000 ns	     44379	80009614	c013f653	fcvt.wu.s	x12,f7	  f7:0xbfea19de x12=0x00000001
     443825.000 ns	     44381	80009618	41ae0f33	sub	x30,x28,x26	 x28:0x00000010 x26:0x00000000 x30=0x00000010
     444185.000 ns	     44417	8000961c	021b4a33	div	x20,x22,x1	 x22:0x00000200  x1:0x00000001 x20=0x00000200
     444205.000 ns	     44419	80009620	0081df33	srl	x30,x3,x8	  x3:0x00000000  x8:0xfffff810 x30=0x00000000
     444215.000 ns	     44420	80009624	00000013	addi	x0,x0,0	  x0:0x00000000
     444235.000 ns	     44422	80009628	d01ef153	fcvt.s.wu	f2,x29	 x29:0x80080040  f2=0x4f000800
     444255.000 ns	     44424	8000962c	0e646e13	ori	x28,x8,230	  x8:0xfffff810 x28=0xfffff8f6
     444275.000 ns	     44426	80009630	280f05d3	fmin.s	f11,f30,f0	 f30:0x49504c9c  f0:0x7fc00000 f11=0x49504c9c
     444305.000 ns	     44429	80009634	21601b53	fsgnjn.s	f22,f0,f22	  f0:0x7fc00000 f22:0x4daffe80 f22=0xffc00000
     444325.000 ns	     44431	80009638	00354633	xor	x12,x10,x3	 x10:0x000003c2  x3:0x00000000 x12=0x000003c2
     444345.000 ns	     44433	8000963c	026558b3	divu	x17,x10,x6	 x10:0x000003c2  x6:0x00000000 x17=0xffffffff
     444365.000 ns	     44435	80009640	00669893	slli	x17,x13,0x6	 x13:0xfffff4ec x17=0xfffd3b00
     444375.000 ns	     44436	80009644	6a920393	addi	x7,x4,1705	  x4:0x00000000  x7=0x000006a9
     444385.000 ns	     44437	80009648	5d01ea93	ori	x21,x3,1488	  x3:0x00000000 x21=0x000005d0
     444405.000 ns	     44439	8000964c	023377b3	remu	x15,x6,x3	  x6:0x00000000  x3:0x00000000 x15=0x00000000
     444425.000 ns	     44441	80009650	4051d613	srai	x12,x3,0x5	  x3:0x00000000 x12=0x00000000
     444435.000 ns	     44442	80009654	19e86d13	ori	x26,x16,414	 x16:0x00000001 x26=0x0000019f
     444445.000 ns	     44443	80009658	00000013	addi	x0,x0,0	  x0:0x00000000
     444465.000 ns	     44445	8000965c	e00b84d3	fmv.x.w	x9,f23	 f23:0x321345e2  x9=0x321345e2
     444485.000 ns	     44447	80009660	27aef037	lui	x0,0x27aef	
     444505.000 ns	     44449	80009664	29d61ed3	fmax.s	f29,f12,f29	 f12:0x7fc00000 f29:0xc20f45e2 f29=0xc20f45e2
     444535.000 ns	     44452	80009668	03922633	mulhsu	x12,x4,x25	  x4:0x00000000 x25:0xfffffd05 x12=0x00000000
     444555.000 ns	     44454	8000966c	016e4533	xor	x10,x28,x22	 x28:0xfffff8f6 x22:0x00000200 x10=0xfffffaf6
     444575.000 ns	     44456	80009670	037434b3	mulhu	x9,x8,x23	  x8:0xfffff810 x23:0x80040fe4  x9=0x80040beb
     444625.000 ns	     44461	80009674	00af74d3	fadd.s	f9,f30,f10	 f30:0x49504c9c f10:0x7fc00000  f9=0x7fc00000
     444655.000 ns	     44464	80009678	21cd92d3	fsgnjn.s	f5,f27,f28	 f27:0x7fc00000 f28:0x4f7ffff4  f5=0xffc00000
     444695.000 ns	     44468	8000967c	1137cbd3	fmul.s	f23,f15,f19	 f15:0x7fc00000 f19:0xffc00000 f23=0x7fc00000
     444725.000 ns	     44471	80009680	03350a33	mul	x20,x10,x19	 x10:0xfffffaf6 x19:0x00000000 x20=0x00000000
     444755.000 ns	     44474	80009684	e00b15d3	fclass.s	x11,f22	 f22:0xffc00000 x11=0x00000200
     444805.000 ns	     44479	80009688	003f0dd3	fadd.s	f27,f30,f3	 f30:0x49504c9c  f3:0x421345e2 f27=0x49504ee9
     444825.000 ns	     44481	8000968c	017440b3	xor	x1,x8,x23	  x8:0xfffff810 x23:0x80040fe4  x1=0x7ffbf7f4
     444835.000 ns	     44482	80009690	18183a93	sltiu	x21,x16,385	 x16:0x00000001 x21=0x00000001
     444845.000 ns	     44483	80009694	cc550e13	addi	x28,x10,-827	 x10:0xfffffaf6 x28=0xfffff7bb
     444875.000 ns	     44486	80009698	10ed7c53	fmul.s	f24,f26,f14	 f26:0x46b50a40 f14:0x7fc00000 f24=0x7fc00000
     444895.000 ns	     44488	8000969c	415581b3	sub	x3,x11,x21	 x11:0x00000200 x21:0x00000001  x3=0x000001ff
     444915.000 ns	     44490	800096a0	21d91e53	fsgnjn.s	f28,f18,f29	 f18:0x7f800000 f29:0xc20f45e2 f28=0x7f800000
     444945.000 ns	     44493	800096a4	28eb9153	fmax.s	f2,f23,f14	 f23:0x7fc00000 f14:0x7fc00000  f2=0x7fc00000
     444975.000 ns	     44496	800096a8	03038833	mul	x16,x7,x16	  x7:0x000006a9 x16:0x00000001 x16=0x000006a9
     445005.000 ns	     44499	800096ac	d00bfd53	fcvt.s.w	f26,x23	 x23:0x80040fe4 f26=0xcefff7e0
     445375.000 ns	     44536	800096b0	02937633	remu	x12,x6,x9	  x6:0x00000000  x9:0x80040beb x12=0x00000000
     445415.000 ns	     44540	800096b4	10affed3	fmul.s	f29,f31,f10	 f31:0x7fc00000 f10:0x7fc00000 f29=0x7fc00000
     445785.000 ns	     44577	800096b8	0291e0b3	rem	x1,x3,x9	  x3:0x000001ff  x9:0x80040beb  x1=0x000001ff
     445815.000 ns	     44580	800096bc	21f62b53	fsgnjx.s	f22,f12,f31	 f12:0x7fc00000 f31:0x7fc00000 f22=0x7fc00000
     445835.000 ns	     44582	800096c0	e9917a93	andi	x21,x2,-359	  x2:0x00000040 x21=0x00000000
     445855.000 ns	     44584	800096c4	d01ff753	fcvt.s.wu	f14,x31	 x31:0x8bf58000 f14=0x4f0bf580
     445875.000 ns	     44586	800096c8	4080d313	srai	x6,x1,0x8	  x1:0x000001ff  x6=0x00000001
     445895.000 ns	     44588	800096cc	f0090053	fmv.w.x	f0,x18	 x18:0x80041024  f0=0x80041024
     445915.000 ns	     44590	800096d0	01b242b3	xor	x5,x4,x27	  x4:0x00000000 x27:0x4f00040f  x5=0x4f00040f
     445925.000 ns	     44591	800096d4	0c21f417	auipc	x8,0xc21f	  x8=0x8c2286d4
     445945.000 ns	     44593	800096d8	28218e53	fmin.s	f28,f3,f2	  f3:0x421345e2  f2:0x7fc00000 f28=0x421345e2
     445965.000 ns	     44595	800096dc	41ecdfb3	sra	x31,x25,x30	 x25:0xfffffd05 x30:0x00000000 x31=0xfffffd05
     445975.000 ns	     44596	800096e0	41670d33	sub	x26,x14,x22	 x14:0x80000000 x22:0x00000200 x26=0x7ffffe00
     445995.000 ns	     44598	800096e4	02438fb3	mul	x31,x7,x4	  x7:0x000006a9  x4:0x00000000 x31=0x00000000
     446015.000 ns	     44600	800096e8	01e77e33	and	x28,x14,x30	 x14:0x80000000 x30:0x00000000 x28=0x00000000
     446025.000 ns	     44601	800096ec	01a3d833	srl	x16,x7,x26	  x7:0x000006a9 x26:0x7ffffe00 x16=0x000006a9
     446045.000 ns	     44603	800096f0	03718db3	mul	x27,x3,x23	  x3:0x000001ff x23:0x80040fe4 x27=0x881bb81c
     446065.000 ns	     44605	800096f4	018302b3	add	x5,x6,x24	  x6:0x00000001 x24:0xffffffe4  x5=0xffffffe5
     446085.000 ns	     44607	800096f8	d010ff53	fcvt.s.wu	f30,x1	  x1:0x000001ff f30=0x43ff8000
     446135.000 ns	     44612	800096fc	011d8353	fadd.s	f6,f27,f17	 f27:0x49504ee9 f17:0x7fc00000  f6=0x7fc00000
     446155.000 ns	     44614	80009700	d7a10e93	addi	x29,x2,-646	  x2:0x00000040 x29=0xfffffdba
     446175.000 ns	     44616	80009704	0216a0b3	mulhsu	x1,x13,x1	 x13:0xfffff4ec  x1:0x000001ff  x1=0xffffffff
     446205.000 ns	     44619	80009708	218e95d3	fsgnjn.s	f11,f29,f24	 f29:0x7fc00000 f24:0x7fc00000 f11=0xffc00000
     446575.000 ns	     44656	8000970c	02a1ddb3	divu	x27,x3,x10	  x3:0x000001ff x10:0xfffffaf6 x27=0x00000000
     446595.000 ns	     44658	80009710	004a9033	sll	x0,x21,x4	 x21:0x00000000  x4:0x00000000
     446615.000 ns	     44660	80009714	21859f53	fsgnjn.s	f30,f11,f24	 f11:0xffc00000 f24:0x7fc00000 f30=0xffc00000
     446635.000 ns	     44662	80009718	026d1f17	auipc	x30,0x26d1	 x30=0x826da718
     446655.000 ns	     44664	8000971c	02c0f333	remu	x6,x1,x12	  x1:0xffffffff x12:0x00000000  x6=0xffffffff
     446675.000 ns	     44666	80009720	019b5793	srli	x15,x22,0x19	 x22:0x00000200 x15=0x00000000
     446685.000 ns	     44667	80009724	7f940b13	addi	x22,x8,2041	  x8:0x8c2286d4 x22=0x8c228ecd
     446705.000 ns	     44669	80009728	03a0a133	mulhsu	x2,x1,x26	  x1:0xffffffff x26:0x7ffffe00  x2=0xffffffff
     446735.000 ns	     44672	8000972c	0349ec33	rem	x24,x19,x20	 x19:0x00000000 x20:0x00000000 x24=0x00000000
     446765.000 ns	     44675	80009730	e00b1cd3	fclass.s	x25,f22	 f22:0x7fc00000 x25=0x00000200
     446795.000 ns	     44678	80009734	02508f33	mul	x30,x1,x5	  x1:0xffffffff  x5:0xffffffe5 x30=0x0000001b
     446825.000 ns	     44681	80009738	e0069453	fclass.s	x8,f13	 f13:0xc3efa9c2  x8=0x00000002
     446855.000 ns	     44684	8000973c	285e12d3	fmax.s	f5,f28,f5	 f28:0x421345e2  f5:0xffc00000  f5=0x421345e2
     446875.000 ns	     44686	80009740	0024bdb3	sltu	x27,x9,x2	  x9:0x80040beb  x2:0xffffffff x27=0x00000001
     446885.000 ns	     44687	80009744	00000013	addi	x0,x0,0	  x0:0x00000000
     446895.000 ns	     44688	80009748	41b6d113	srai	x2,x13,0x1b	 x13:0xfffff4ec  x2=0xffffffff
     446905.000 ns	     44689	8000974c	d8c48f93	addi	x31,x9,-628	  x9:0x80040beb x31=0x80040977
     447265.000 ns	     44725	80009750	0326fdb3	remu	x27,x13,x18	 x13:0xfffff4ec x18:0x80041024 x27=0x7ffbe4c8
     447285.000 ns	     44727	80009754	9731cc93	xori	x25,x3,-1677	  x3:0x000001ff x25=0xfffff88c
     447295.000 ns	     44728	80009758	54c7f813	andi	x16,x15,1356	 x15:0x00000000 x16=0x00000000
     447325.000 ns	     44731	8000975c	10c83bd3	fmul.s	f23,f16,f12	 f16:0x4f00040f f12:0x7fc00000 f23=0x7fc00000
     447355.000 ns	     44734	80009760	03fbad33	mulhsu	x26,x23,x31	 x23:0x80040fe4 x31:0x80040977 x26=0xc0000346
     447375.000 ns	     44736	80009764	1932cf13	xori	x30,x5,403	  x5:0xffffffe5 x30=0xfffffe76
     447385.000 ns	     44737	80009768	57893313	sltiu	x6,x18,1400	 x18:0x80041024  x6=0x00000000
     447395.000 ns	     44738	8000976c	004e1b13	slli	x22,x28,0x4	 x28:0x00000000 x22=0x00000000
     447405.000 ns	     44739	80009770	01bd70b3	and	x1,x26,x27	 x26:0xc0000346 x27:0x7ffbe4c8  x1=0x40000040
     447425.000 ns	     44741	80009774	02238333	mul	x6,x7,x2	  x7:0x000006a9  x2:0xffffffff  x6=0xfffff957
     447445.000 ns	     44743	80009778	0ff64117	auipc	x2,0xff64	  x2=0x8ff6d778
     447455.000 ns	     44744	8000977c	0098ed33	or	x26,x17,x9	 x17:0xfffd3b00  x9:0x80040beb x26=0xfffd3beb
     447475.000 ns	     44746	80009780	c01576d3	fcvt.wu.s	x13,f10	 f10:0x7fc00000 x13=0xffffffff
     447505.000 ns	     44749	80009784	02b312b3	mulh	x5,x6,x11	  x6:0xfffff957 x11:0x00000200  x5=0xffffffff
     447535.000 ns	     44752	80009788	c01670d3	fcvt.wu.s	x1,f12	 f12:0x7fc00000  x1=0xffffffff
     447565.000 ns	     44755	8000978c	c015a3d3	fcvt.wu.s	x7,f11	 f11:0xffc00000  x7=0xffffffff
     447585.000 ns	     44757	80009790	40dc8f33	sub	x30,x25,x13	 x25:0xfffff88c x13:0xffffffff x30=0xfffff88d
     447625.000 ns	     44761	80009794	089dfdd3	fsub.s	f27,f27,f9	 f27:0x49504ee9  f9:0x7fc00000 f27=0x7fc00000
     447645.000 ns	     44763	80009798	015716b3	sll	x13,x14,x21	 x14:0x80000000 x21:0x00000000 x13=0x80000000
     447655.000 ns	     44764	8000979c	0197eb33	or	x22,x15,x25	 x15:0x00000000 x25:0xfffff88c x22=0xfffff88c
     447675.000 ns	     44766	800097a0	02ee1333	mulh	x6,x28,x14	 x28:0x00000000 x14:0x80000000  x6=0x00000000
     447695.000 ns	     44768	800097a4	eca97293	andi	x5,x18,-310	 x18:0x80041024  x5=0x80041000
     447705.000 ns	     44769	800097a8	c4937193	andi	x3,x6,-951	  x6:0x00000000  x3=0x00000000
     447725.000 ns	     44771	800097ac	c001f253	fcvt.w.s	x4,f3	  f3:0x421345e2  x4=0x00000024
     447755.000 ns	     44774	800097b0	d01199d3	fcvt.s.wu	f19,x3	  x3:0x000001ff f19=0x00000000
     447775.000 ns	     44776	800097b4	2213f513	andi	x10,x7,545	  x7:0xffffffff x10=0x00000221
     447785.000 ns	     44777	800097b8	01746c33	or	x24,x8,x23	  x8:0x00000002 x23:0x80040fe4 x24=0x80040fe6
     448145.000 ns	     44813	800097bc	0254c8b3	div	x17,x9,x5	  x9:0x80040beb  x5:0x80041000 x17=0x00000001
     448165.000 ns	     44815	800097c0	40cc8133	sub	x2,x25,x12	 x25:0xfffff88c x12:0x00000000  x2=0xfffff88c
     448175.000 ns	     44816	800097c4	015b43b3	xor	x7,x22,x21	 x22:0xfffff88c x21:0x00000000  x7=0xfffff88c
     448195.000 ns	     44818	800097c8	29b60cd3	fmin.s	f25,f12,f27	 f12:0x7fc00000 f27:0x7fc00000 f25=0x7fc00000
     448225.000 ns	     44821	800097cc	e0070053	fmv.x.w	x0,f14	 f14:0x4f0bf580
     448255.000 ns	     44824	800097d0	0226b4b3	mulhu	x9,x13,x2	 x13:0x80000000  x2:0xfffff88c  x9=0x7ffffc46
     448275.000 ns	     44826	800097d4	014e29b3	slt	x19,x28,x20	 x28:0x00000000 x20:0x00000000 x19=0x00000000
     448295.000 ns	     44828	800097d8	e00f08d3	fmv.x.w	x17,f30	 f30:0xffc00000 x17=0xffc00000
     448315.000 ns	     44830	800097dc	41935793	srai	x15,x6,0x19	  x6:0x00000000 x15=0x00000000
     448345.000 ns	     44833	800097e0	11c678d3	fmul.s	f17,f12,f28	 f12:0x7fc00000 f28:0x421345e2 f17=0x7fc00000
     448715.000 ns	     44870	800097e4	032f7f33	remu	x30,x30,x18	 x30:0xfffff88d x18:0x80041024 x30=0x7ffbe869
     448735.000 ns	     44872	800097e8	00000013	addi	x0,x0,0	  x0:0x00000000
     448745.000 ns	     44873	800097ec	00a7d0b3	srl	x1,x15,x10	 x15:0x00000000 x10:0x00000221  x1=0x00000000
     448755.000 ns	     44874	800097f0	40325f33	sra	x30,x4,x3	  x4:0x00000024  x3:0x00000000 x30=0x00000024
     448775.000 ns	     44876	800097f4	20488653	fsgnj.s	f12,f17,f4	 f17:0x7fc00000  f4:0x43814484 f12=0x7fc00000
     448795.000 ns	     44878	800097f8	00c0ae13	slti	x28,x1,12	  x1:0x00000000 x28=0x00000001
     448815.000 ns	     44880	800097fc	d01bfdd3	fcvt.s.wu	f27,x23	 x23:0x80040fe4 f27=0x4f00040f
     448855.000 ns	     44884	80009800	10abf3d3	fmul.s	f7,f23,f10	 f23:0x7fc00000 f10:0x7fc00000  f7=0x7fc00000
     448875.000 ns	     44886	80009804	20bd50b7	lui	x1,0x20bd5	  x1=0x20bd5000
     448885.000 ns	     44887	80009808	00beaf33	slt	x30,x29,x11	 x29:0xfffffdba x11:0x00000200 x30=0x00000001
     449245.000 ns	     44923	8000980c	03b04e33	div	x28,x0,x27	  x0:0x00000000 x27:0x7ffbe4c8 x28=0x00000000
     449285.000 ns	     44927	80009810	19847ad3	fdiv.s	f21,f8,f24	  f8:0xc3efa9c2 f24:0x7fc00000 f21=0x7fc00000
     449315.000 ns	     44930	80009814	a1e31353	flt.s	x6,f6,f30	  f6:0x7fc00000 f30:0xffc00000  x6=0x00000000
     449335.000 ns	     44932	80009818	01277fb3	and	x31,x14,x18	 x14:0x80000000 x18:0x80041024 x31=0x80000000
     449345.000 ns	     44933	8000981c	00ac5033	srl	x0,x24,x10	 x24:0x80040fe6 x10:0x00000221
     449365.000 ns	     44935	80009820	e0048453	fmv.x.w	x8,f9	  f9:0x7fc00000  x8=0x7fc00000
     449385.000 ns	     44937	80009824	0b2ba413	slti	x8,x23,178	 x23:0x80040fe4  x8=0x00000001
     449405.000 ns	     44939	80009828	026c66b3	rem	x13,x24,x6	 x24:0x80040fe6  x6:0x00000000 x13=0x80040fe6
     449435.000 ns	     44942	8000982c	a1dda453	feq.s	x8,f27,f29	 f27:0x4f00040f f29:0x7fc00000  x8=0x00000000
     449465.000 ns	     44945	80009830	213785d3	fsgnj.s	f11,f15,f19	 f15:0x7fc00000 f19:0x00000000 f11=0x7fc00000
     449495.000 ns	     44948	80009834	217f03d3	fsgnj.s	f7,f30,f23	 f30:0xffc00000 f23:0x7fc00000  f7=0x7fc00000
     449515.000 ns	     44950	80009838	00000013	addi	x0,x0,0	  x0:0x00000000
     449535.000 ns	     44952	8000983c	03243fb3	mulhu	x31,x8,x18	  x8:0x00000000 x18:0x80041024 x31=0x00000000
     449565.000 ns	     44955	80009840	29af1ed3	fmax.s	f29,f30,f26	 f30:0xffc00000 f26:0xcefff7e0 f29=0xcefff7e0
     449595.000 ns	     44958	80009844	29658453	fmin.s	f8,f11,f22	 f11:0x7fc00000 f22:0x7fc00000  f8=0x7fc00000
     449615.000 ns	     44960	80009848	02876d13	ori	x26,x14,40	 x14:0x80000000 x26=0x80000028
     449645.000 ns	     44963	8000984c	58030a53	fsqrt.s	f20,f6	  f6:0x7fc00000 f20=0x7fc00000
     449665.000 ns	     44965	80009850	010bd693	srli	x13,x23,0x10	 x23:0x80040fe4 x13=0x00008004
     449675.000 ns	     44966	80009854	00fdfc33	and	x24,x27,x15	 x27:0x7ffbe4c8 x15:0x00000000 x24=0x00000000
     449695.000 ns	     44968	80009858	031b9833	mulh	x16,x23,x17	 x23:0x80040fe4 x17:0xffc00000 x16=0x001ffefc
     449715.000 ns	     44970	8000985c	004f1a13	slli	x20,x30,0x4	 x30:0x00000001 x20=0x00000010
     449735.000 ns	     44972	80009860	e0080d53	fmv.x.w	x26,f16	 f16:0x4f00040f x26=0x4f00040f
     449755.000 ns	     44974	80009864	9724d137	lui	x2,0x9724d	  x2=0x9724d000
     449765.000 ns	     44975	80009868	40beda13	srai	x20,x29,0xb	 x29:0xfffffdba x20=0xffffffff
     449785.000 ns	     44977	8000986c	02a22cb3	mulhsu	x25,x4,x10	  x4:0x00000024 x10:0x00000221 x25=0x00000000
     449815.000 ns	     44980	80009870	03223033	mulhu	x0,x4,x18	  x4:0x00000024 x18:0x80041024
     449835.000 ns	     44982	80009874	402f09b3	sub	x19,x30,x2	 x30:0x00000001  x2:0x9724d000 x19=0x68db3001
     450195.000 ns	     45018	80009878	0336cb33	div	x22,x13,x19	 x13:0x00008004 x19:0x00000000 x22=0x00000000
     450235.000 ns	     45022	8000987c	580625d3	fsqrt.s	f11,f12	 f12:0x7fc00000 f11=0x7fc00000
     450265.000 ns	     45025	80009880	f0000853	fmv.w.x	f16,x0	  x0:0x00000000 f16=0x00000000
     450315.000 ns	     45030	80009884	0141f3d3	fadd.s	f7,f3,f20	  f3:0x421345e2 f20:0x7fc00000  f7=0x7fc00000
     450345.000 ns	     45033	80009888	21d48253	fsgnj.s	f4,f9,f29	  f9:0x7fc00000 f29:0xcefff7e0  f4=0xffc00000
     450365.000 ns	     45035	8000988c	016adb33	srl	x22,x21,x22	 x21:0x00000000 x22:0x00000000 x22=0x00000000
     450385.000 ns	     45037	80009890	d005aad3	fcvt.s.w	f21,x11	 x11:0x00000200 f21=0x44000000
     450405.000 ns	     45039	80009894	403d8833	sub	x16,x27,x3	 x27:0x7ffbe4c8  x3:0x00000000 x16=0x7ffbe4c8
     450425.000 ns	     45041	80009898	28b08ad3	fmin.s	f21,f1,f11	  f1:0x42800000 f11:0x7fc00000 f21=0x42800000
     450445.000 ns	     45043	8000989c	41185033	sra	x0,x16,x17	 x16:0x001ffefc x17:0xffc00000
     450465.000 ns	     45045	800098a0	21882a53	fsgnjx.s	f20,f16,f24	 f16:0x00000000 f24:0x7fc00000 f20=0x00000000
     450505.000 ns	     45049	800098a4	11e4f8d3	fmul.s	f17,f9,f30	  f9:0x7fc00000 f30:0xffc00000 f17=0x7fc00000
     450525.000 ns	     45051	800098a8	40e087b3	sub	x15,x1,x14	  x1:0x20bd5000 x14:0x80000000 x15=0xa0bd5000
     450545.000 ns	     45053	800098ac	e0018653	fmv.x.w	x12,f3	  f3:0x421345e2 x12=0x421345e2
     450565.000 ns	     45055	800098b0	672fc513	xori	x10,x31,1650	 x31:0x00000000 x10=0x00000672
     450585.000 ns	     45057	800098b4	d01d71d3	fcvt.s.wu	f3,x26	 x26:0x4f00040f  f3=0x4e9e0008
     450955.000 ns	     45094	800098b8	024a5cb3	divu	x25,x20,x4	 x20:0xffffffff  x4:0x00000024 x25=0x071c71c7
     450975.000 ns	     45096	800098bc	007aef33	or	x30,x21,x7	 x21:0x00000000  x7:0xfffff88c x30=0xfffff88c
     450995.000 ns	     45098	800098c0	29c30ed3	fmin.s	f29,f6,f28	  f6:0x7fc00000 f28:0x421345e2 f29=0x421345e2
     451025.000 ns	     45101	800098c4	f0070b53	fmv.w.x	f22,x14	 x14:0x80000000 f22=0x80000000
     451055.000 ns	     45104	800098c8	03fb0233	mul	x4,x22,x31	 x22:0x00000000 x31:0x00000000  x4=0x00000000
     451075.000 ns	     45106	800098cc	413c5f93	srai	x31,x24,0x13	 x24:0x00000000 x31=0x00000000
     451095.000 ns	     45108	800098d0	a1440f53	fle.s	x30,f8,f20	  f8:0x7fc00000 f20:0x00000000 x30=0x00000000
     451125.000 ns	     45111	800098d4	034798b3	mulh	x17,x15,x20	 x15:0xa0bd5000 x20:0xffffffff x17=0x00000000
     451145.000 ns	     45113	800098d8	2d822a13	slti	x20,x4,728	  x4:0x00000000 x20=0x00000001
     451175.000 ns	     45116	800098dc	19ea8253	fdiv.s	f4,f21,f30	 f21:0x42800000 f30:0xffc00000  f4=0x7fc00000
     451205.000 ns	     45119	800098e0	f00d85d3	fmv.w.x	f11,x27	 x27:0x7ffbe4c8 f11=0x7ffbe4c8
     451225.000 ns	     45121	800098e4	41fc52b3	sra	x5,x24,x31	 x24:0x00000000 x31:0x00000000  x5=0x00000000
     451255.000 ns	     45124	800098e8	580547d3	fsqrt.s	f15,f10	 f10:0x7fc00000 f15=0x7fc00000
     451285.000 ns	     45127	800098ec	a1680ed3	fle.s	x29,f16,f22	 f16:0x00000000 f22:0x80000000 x29=0x00000001
     451305.000 ns	     45129	800098f0	00ecf0b3	and	x1,x25,x14	 x25:0x071c71c7 x14:0x80000000  x1=0x00000000
     451345.000 ns	     45133	800098f4	09e3f753	fsub.s	f14,f7,f30	  f7:0x7fc00000 f30:0xffc00000 f14=0x7fc00000
     451375.000 ns	     45136	800098f8	e0019553	fclass.s	x10,f3	  f3:0x4e9e0008 x10=0x00000040
     451395.000 ns	     45138	800098fc	005e43b3	xor	x7,x28,x5	 x28:0x00000000  x5:0x00000000  x7=0x00000000
     451405.000 ns	     45139	80009900	00000013	addi	x0,x0,0	  x0:0x00000000
     451435.000 ns	     45142	80009904	58011353	fsqrt.s	f6,f2	  f2:0x7fc00000  f6=0x7fc00000
     451805.000 ns	     45179	80009908	0329d8b3	divu	x17,x19,x18	 x19:0x68db3001 x18:0x80041024 x17=0x00000000
     451825.000 ns	     45181	8000990c	001c1213	slli	x4,x24,0x1	 x24:0x00000000  x4=0x00000000
     451835.000 ns	     45182	80009910	00cfa633	slt	x12,x31,x12	 x31:0x00000000 x12:0x421345e2 x12=0x00000001
     451845.000 ns	     45183	80009914	016852b3	srl	x5,x16,x22	 x16:0x7ffbe4c8 x22:0x00000000  x5=0x7ffbe4c8
     451865.000 ns	     45185	80009918	a02110d3	flt.s	x1,f2,f2	  f2:0x7fc00000  f2:0x7fc00000  x1=0x00000000
     451895.000 ns	     45188	8000991c	d005ff53	fcvt.s.w	f30,x11	 x11:0x00000200 f30=0x44000000
     451925.000 ns	     45191	80009920	21a82953	fsgnjx.s	f18,f16,f26	 f16:0x00000000 f26:0xcefff7e0 f18=0x80000000
     451955.000 ns	     45194	80009924	02c81833	mulh	x16,x16,x12	 x16:0x7ffbe4c8 x12:0x00000001 x16=0x00000000
     451985.000 ns	     45197	80009928	a0f3a353	feq.s	x6,f7,f15	  f7:0x7fc00000 f15:0x7fc00000  x6=0x00000000
     452015.000 ns	     45200	8000992c	a182a653	feq.s	x12,f5,f24	  f5:0x421345e2 f24:0x7fc00000 x12=0x00000000
     452065.000 ns	     45205	80009930	09af7653	fsub.s	f12,f30,f26	 f30:0x44000000 f26:0xcefff7e0 f12=0x4efff7e4
     452095.000 ns	     45208	80009934	a1659253	flt.s	x4,f11,f22	 f11:0x7ffbe4c8 f22:0x80000000  x4=0x00000000
     452115.000 ns	     45210	80009938	b3726d93	ori	x27,x4,-1225	  x4:0x00000000 x27=0xfffffb37
     452125.000 ns	     45211	8000993c	001ed413	srli	x8,x29,0x1	 x29:0x00000001  x8=0x00000000
     452135.000 ns	     45212	80009940	00000013	addi	x0,x0,0	  x0:0x00000000
     452155.000 ns	     45214	80009944	033d0333	mul	x6,x26,x19	 x26:0x4f00040f x19:0x68db3001  x6=0xe097d40f
     452185.000 ns	     45217	80009948	f00c0053	fmv.w.x	f0,x24	 x24:0x00000000  f0=0x00000000
     452215.000 ns	     45220	8000994c	28579153	fmax.s	f2,f15,f5	 f15:0x7fc00000  f5:0x421345e2  f2=0x421345e2
     452245.000 ns	     45223	80009950	a08f2ed3	feq.s	x29,f30,f8	 f30:0x44000000  f8:0x7fc00000 x29=0x00000000
     452275.000 ns	     45226	80009954	28db0e53	fmin.s	f28,f22,f13	 f22:0x80000000 f13:0xc3efa9c2 f28=0xc3efa9c2
     452305.000 ns	     45229	80009958	a1ed0e53	fle.s	x28,f26,f30	 f26:0xcefff7e0 f30:0x44000000 x28=0x00000001
     452325.000 ns	     45231	8000995c	01d0e3b3	or	x7,x1,x29	  x1:0x00000000 x29:0x00000000  x7=0x00000000
     452335.000 ns	     45232	80009960	008826b3	slt	x13,x16,x8	 x16:0x00000000  x8:0x00000000 x13=0x00000000
     452345.000 ns	     45233	80009964	40c1d3b3	sra	x7,x3,x12	  x3:0x00000000 x12:0x00000000  x7=0x00000000
     452365.000 ns	     45235	80009968	e00d0853	fmv.x.w	x16,f26	 f26:0xcefff7e0 x16=0xcefff7e0
     452395.000 ns	     45238	8000996c	a0af1b53	flt.s	x22,f30,f10	 f30:0x44000000 f10:0x7fc00000 x22=0x00000000
     452415.000 ns	     45240	80009970	21fecf93	xori	x31,x29,543	 x29:0x00000000 x31=0x0000021f
     452435.000 ns	     45242	80009974	f00e8a53	fmv.w.x	f20,x29	 x29:0x00000000 f20=0x00000000
     452475.000 ns	     45246	80009978	112f33d3	fmul.s	f7,f30,f18	 f30:0x44000000 f18:0x80000000  f7=0x80000000
     452505.000 ns	     45249	8000997c	202f21d3	fsgnjx.s	f3,f30,f2	 f30:0x44000000  f2:0x421345e2  f3=0x44000000
     452875.000 ns	     45286	80009980	022844b3	div	x9,x16,x2	 x16:0xcefff7e0  x2:0x9724d000  x9=0x00000000
     452905.000 ns	     45289	80009984	f0048253	fmv.w.x	f4,x9	  x9:0x7ffffc46  f4=0x00000000
     452955.000 ns	     45294	80009988	08bdf6d3	fsub.s	f13,f27,f11	 f27:0x4f00040f f11:0x7ffbe4c8 f13=0x7fc00000
     452985.000 ns	     45297	8000998c	20170e53	fsgnj.s	f28,f14,f1	 f14:0x7fc00000  f1:0x42800000 f28=0x7fc00000
     453025.000 ns	     45301	80009990	110f27d3	fmul.s	f15,f30,f16	 f30:0x44000000 f16:0x00000000 f15=0x00000000
     453075.000 ns	     45306	80009994	08ecc753	fsub.s	f14,f25,f14	 f25:0x7fc00000 f14:0x7fc00000 f14=0x7fc00000
     453105.000 ns	     45309	80009998	d0107ed3	fcvt.s.wu	f29,x0	  x0:0x00000000 f29=0x00000000
     453135.000 ns	     45312	8000999c	d01f7753	fcvt.s.wu	f14,x30	 x30:0x00000000 f14=0x00000000
     453165.000 ns	     45315	800099a0	a1180ad3	fle.s	x21,f16,f17	 f16:0x00000000 f17:0x7fc00000 x21=0x00000000
     453185.000 ns	     45317	800099a4	01af9db3	sll	x27,x31,x26	 x31:0x0000021f x26:0x4f00040f x27=0x010f8000
     453195.000 ns	     45318	800099a8	01dd61b3	or	x3,x26,x29	 x26:0x4f00040f x29:0x00000000  x3=0x4f00040f
     453205.000 ns	     45319	800099ac	00fc2333	slt	x6,x24,x15	 x24:0x00000000 x15:0xa0bd5000  x6=0x00000000
     453215.000 ns	     45320	800099b0	36ee8193	addi	x3,x29,878	 x29:0x00000000  x3=0x0000036e
     453575.000 ns	     45356	800099b4	02a45fb3	divu	x31,x8,x10	  x8:0x00000000 x10:0x00000040 x31=0x00000000
     453945.000 ns	     45393	800099b8	02b8ef33	rem	x30,x17,x11	 x17:0x00000000 x11:0x00000200 x30=0x00000000
     453965.000 ns	     45395	800099bc	4152d193	srai	x3,x5,0x15	  x5:0x7ffbe4c8  x3=0x000003ff
     453995.000 ns	     45398	800099c0	11d177d3	fmul.s	f15,f2,f29	  f2:0x421345e2 f29:0x00000000 f15=0x00000000
     454015.000 ns	     45400	800099c4	39263c93	sltiu	x25,x12,914	 x12:0x00000000 x25=0x00000001
     454025.000 ns	     45401	800099c8	41645493	srai	x9,x8,0x16	  x8:0x00000000  x9=0x00000000
     454035.000 ns	     45402	800099cc	334e8a13	addi	x20,x29,820	 x29:0x00000000 x20=0x00000334
     454045.000 ns	     45403	800099d0	4017de33	sra	x28,x15,x1	 x15:0xa0bd5000  x1:0x00000000 x28=0xa0bd5000
     454055.000 ns	     45404	800099d4	00d0ddb3	srl	x27,x1,x13	  x1:0x00000000 x13:0x00000000 x27=0x00000000
     454065.000 ns	     45405	800099d8	00000013	addi	x0,x0,0	  x0:0x00000000
     454075.000 ns	     45406	800099dc	01a96e33	or	x28,x18,x26	 x18:0x80041024 x26:0x4f00040f x28=0xcf04142f
     454085.000 ns	     45407	800099e0	40c158b3	sra	x17,x2,x12	  x2:0x9724d000 x12:0x00000000 x17=0x9724d000
     454095.000 ns	     45408	800099e4	e79f0193	addi	x3,x30,-391	 x30:0x00000000  x3=0xfffffe79
     454115.000 ns	     45410	800099e8	039aaab3	mulhsu	x21,x21,x25	 x21:0x00000000 x25:0x00000001 x21=0x00000000
     454145.000 ns	     45413	800099ec	02618c33	mul	x24,x3,x6	  x3:0x000003ff  x6:0x00000000 x24=0x00000000
     454165.000 ns	     45415	800099f0	01f4a3b3	slt	x7,x9,x31	  x9:0x00000000 x31:0x00000000  x7=0x00000000
     455335.000 ns	     45532	800099f4	580118d3	fsqrt.s	f17,f2	  f2:0x421345e2 f17=0x405045e2
     455705.000 ns	     45569	800099f8	033fd4b3	divu	x9,x31,x19	 x31:0x00000000 x19:0x68db3001  x9=0x00000000
     455735.000 ns	     45572	800099fc	280104d3	fmin.s	f9,f2,f0	  f2:0x421345e2  f0:0x00000000  f9=0x00000000
     455775.000 ns	     45576	80009a00	11cc2453	fmul.s	f8,f24,f28	 f24:0x7fc00000 f28:0x7fc00000  f8=0x7fc00000
     456145.000 ns	     45613	80009a04	03adf8b3	remu	x17,x27,x26	 x27:0x00000000 x26:0x4f00040f x17=0x00000000
     456175.000 ns	     45616	80009a08	c00cf3d3	fcvt.w.s	x7,f25	 f25:0x7fc00000  x7=0x7fffffff
     456195.000 ns	     45618	80009a0c	01774c33	xor	x24,x14,x23	 x14:0x80000000 x23:0x80040fe4 x24=0x00040fe4
     456205.000 ns	     45619	80009a10	00000013	addi	x0,x0,0	  x0:0x00000000
     456225.000 ns	     45621	80009a14	21839d53	fsgnjn.s	f26,f7,f24	  f7:0x80000000 f24:0x7fc00000 f26=0x80000000
     456245.000 ns	     45623	80009a18	00d84533	xor	x10,x16,x13	 x16:0xcefff7e0 x13:0x00000000 x10=0xcefff7e0
     456265.000 ns	     45625	80009a1c	c001f1d3	fcvt.w.s	x3,f3	  f3:0x44000000  x3=0x00000200
     456285.000 ns	     45627	80009a20	01cef017	auipc	x0,0x1cef	
     456305.000 ns	     45629	80009a24	028d86b3	mul	x13,x27,x8	 x27:0x00000000  x8:0x00000000 x13=0x00000000
     456325.000 ns	     45631	80009a28	5cfa4e97	auipc	x29,0x5cfa4	 x29=0xdcfada28
     456335.000 ns	     45632	80009a2c	0165cab3	xor	x21,x11,x22	 x11:0x00000200 x22:0x00000000 x21=0x00000200
     456355.000 ns	     45634	80009a30	28498453	fmin.s	f8,f19,f4	 f19:0x00000000  f4:0x00000000  f8=0x00000000
     456375.000 ns	     45636	80009a34	419f0eb3	sub	x29,x30,x25	 x30:0x00000000 x25:0x00000001 x29=0xffffffff
     457545.000 ns	     45753	80009a38	580d8553	fsqrt.s	f10,f27	 f27:0x4f00040f f10=0x46b50a40
     457575.000 ns	     45756	80009a3c	c00174d3	fcvt.w.s	x9,f2	  f2:0x421345e2  x9=0x00000024
     457605.000 ns	     45759	80009a40	a12b2353	feq.s	x6,f22,f18	 f22:0x80000000 f18:0x80000000  x6=0x00000001
     457635.000 ns	     45762	80009a44	20b29cd3	fsgnjn.s	f25,f5,f11	  f5:0x421345e2 f11:0x7ffbe4c8 f25=0xc21345e2
     458005.000 ns	     45799	80009a48	02bf6233	rem	x4,x30,x11	 x30:0x00000000 x11:0x00000200  x4=0x00000000
     458035.000 ns	     45802	80009a4c	f00c8453	fmv.w.x	f8,x25	 x25:0x00000001  f8=0x00000001
     458055.000 ns	     45804	80009a50	419c0f33	sub	x30,x24,x25	 x24:0x00040fe4 x25:0x00000001 x30=0x00040fe3
     458065.000 ns	     45805	80009a54	12be7493	andi	x9,x28,299	 x28:0xcf04142f  x9=0x0000002b
     458075.000 ns	     45806	80009a58	01fa1c33	sll	x24,x20,x31	 x20:0x00000334 x31:0x00000000 x24=0x00000334
     458095.000 ns	     45808	80009a5c	03feb4b3	mulhu	x9,x29,x31	 x29:0xffffffff x31:0x00000000  x9=0x00000000
     458115.000 ns	     45810	80009a60	015011b3	sll	x3,x0,x21	  x0:0x00000000 x21:0x00000200  x3=0x00000000
     458125.000 ns	     45811	80009a64	00e6b393	sltiu	x7,x13,14	 x13:0x00000000  x7=0x00000001
     458135.000 ns	     45812	80009a68	49c74193	xori	x3,x14,1180	 x14:0x80000000  x3=0x8000049c
     458155.000 ns	     45814	80009a6c	208b8153	fsgnj.s	f2,f23,f8	 f23:0x7fc00000  f8:0x00000001  f2=0x7fc00000
     458185.000 ns	     45817	80009a70	a0ae8ed3	fle.s	x29,f29,f10	 f29:0x00000000 f10:0x46b50a40 x29=0x00000001
     458215.000 ns	     45820	80009a74	f0040053	fmv.w.x	f0,x8	  x8:0x00000000  f0=0x00000000
     458255.000 ns	     45824	80009a78	18cb7953	fdiv.s	f18,f22,f12	 f22:0x80000000 f12:0x4efff7e4 f18=0x80000000
     458285.000 ns	     45827	80009a7c	a140add3	feq.s	x27,f1,f20	  f1:0x42800000 f20:0x00000000 x27=0x00000000
     458305.000 ns	     45829	80009a80	67700117	auipc	x2,0x67700	  x2=0xe7709a80
     458665.000 ns	     45865	80009a84	0373d333	divu	x6,x7,x23	  x7:0x00000001 x23:0x80040fe4  x6=0x00000000
     458695.000 ns	     45868	80009a88	a11119d3	flt.s	x19,f2,f17	  f2:0x7fc00000 f17:0x405045e2 x19=0x00000000
     458725.000 ns	     45871	80009a8c	0290a7b3	mulhsu	x15,x1,x9	  x1:0x00000000  x9:0x00000000 x15=0x00000000
     458745.000 ns	     45873	80009a90	00d8e633	or	x12,x17,x13	 x17:0x00000000 x13:0x00000000 x12=0x00000000
     458755.000 ns	     45874	80009a94	016c82b3	add	x5,x25,x22	 x25:0x00000001 x22:0x00000000  x5=0x00000001
     458775.000 ns	     45876	80009a98	a08b84d3	fle.s	x9,f23,f8	 f23:0x7fc00000  f8:0x00000001  x9=0x00000000
     458805.000 ns	     45879	80009a9c	a1c382d3	fle.s	x5,f7,f28	  f7:0x80000000 f28:0x7fc00000  x5=0x00000000
     459175.000 ns	     45916	80009aa0	032062b3	rem	x5,x0,x18	  x0:0x00000000 x18:0x80041024  x5=0x00000000
     459195.000 ns	     45918	80009aa4	00cb1593	slli	x11,x22,0xc	 x22:0x00000000 x11=0x00000000
     459215.000 ns	     45920	80009aa8	033d97b3	mulh	x15,x27,x19	 x27:0x00000000 x19:0x00000000 x15=0x00000000
     459245.000 ns	     45923	80009aac	213422d3	fsgnjx.s	f5,f8,f19	  f8:0x00000001 f19:0x00000000  f5=0x00000001
     459275.000 ns	     45926	80009ab0	02099eb3	mulh	x29,x19,x0	 x19:0x00000000  x0:0x00000000 x29=0x00000000
     459305.000 ns	     45929	80009ab4	f0050a53	fmv.w.x	f20,x10	 x10:0xcefff7e0 f20=0xcefff7e0
     459325.000 ns	     45931	80009ab8	014ec7b3	xor	x15,x29,x20	 x29:0x00000000 x20:0x00000334 x15=0x00000334
     459335.000 ns	     45932	80009abc	41c881b3	sub	x3,x17,x28	 x17:0x00000000 x28:0xcf04142f  x3=0x30fbebd1
     459345.000 ns	     45933	80009ac0	417a85b3	sub	x11,x21,x23	 x21:0x00000200 x23:0x80040fe4 x11=0x7ffbf21c
     459355.000 ns	     45934	80009ac4	0139bf33	sltu	x30,x19,x19	 x19:0x00000000 x19:0x00000000 x30=0x00000000
     459375.000 ns	     45936	80009ac8	c00d7c53	fcvt.w.s	x24,f26	 f26:0x80000000 x24=0x00000000
     459395.000 ns	     45938	80009acc	416edf93	srai	x31,x29,0x16	 x29:0x00000000 x31=0x00000000
     459405.000 ns	     45939	80009ad0	01107e33	and	x28,x0,x17	  x0:0x00000000 x17:0x00000000 x28=0x00000000
     459425.000 ns	     45941	80009ad4	29fc0553	fmin.s	f10,f24,f31	 f24:0x7fc00000 f31:0x7fc00000 f10=0x7fc00000
     459445.000 ns	     45943	80009ad8	01b95393	srli	x7,x18,0x1b	 x18:0x80041024  x7=0x00000010
     459485.000 ns	     45947	80009adc	09ecfc53	fsub.s	f24,f25,f30	 f25:0xc21345e2 f30:0x44000000 f24=0xc409345e
     459505.000 ns	     45949	80009ae0	b0e36e93	ori	x29,x6,-1266	  x6:0x00000000 x29=0xfffffb0e
     459865.000 ns	     45985	80009ae4	02abcb33	div	x22,x23,x10	 x23:0x80040fe4 x10:0xcefff7e0 x22=0x00000002
     459885.000 ns	     45987	80009ae8	07854d13	xori	x26,x10,120	 x10:0xcefff7e0 x26=0xcefff798
     459905.000 ns	     45989	80009aec	02482833	mulhsu	x16,x16,x4	 x16:0xcefff7e0  x4:0x00000000 x16=0x00000000
     459925.000 ns	     45991	80009af0	011cfc33	and	x24,x25,x17	 x25:0x00000001 x17:0x00000000 x24=0x00000000
     459955.000 ns	     45994	80009af4	5807f553	fsqrt.s	f10,f15	 f15:0x00000000 f10=0x00000000
     459985.000 ns	     45997	80009af8	2131a9d3	fsgnjx.s	f19,f3,f19	  f3:0x44000000 f19:0x00000000 f19=0x44000000
     460005.000 ns	     45999	80009afc	44d43993	sltiu	x19,x8,1101	  x8:0x00000000 x19=0x00000001
     460025.000 ns	     46001	80009b00	d0114d53	fcvt.s.wu	f26,x2	  x2:0xe7709a80 f26=0x4f67709b
     460075.000 ns	     46006	80009b04	09517ad3	fsub.s	f21,f2,f21	  f2:0x7fc00000 f21:0x42800000 f21=0x7fc00000
     460095.000 ns	     46008	80009b08	046d8d13	addi	x26,x27,70	 x27:0x00000000 x26=0x00000046
     460105.000 ns	     46009	80009b0c	41b0aa13	slti	x20,x1,1051	  x1:0x00000000 x20=0x00000001
     460125.000 ns	     46011	80009b10	0276a133	mulhsu	x2,x13,x7	 x13:0x00000000  x7:0x00000010  x2=0x00000000
     460175.000 ns	     46016	80009b14	09b70b53	fsub.s	f22,f14,f27	 f14:0x00000000 f27:0x4f00040f f22=0xcf00040f
     460205.000 ns	     46019	80009b18	e0099553	fclass.s	x10,f19	 f19:0x44000000 x10=0x00000040
     460255.000 ns	     46024	80009b1c	00a6f8d3	fadd.s	f17,f13,f10	 f13:0x7fc00000 f10:0x00000000 f17=0x7fc00000
     460275.000 ns	     46026	80009b20	41018033	sub	x0,x3,x16	  x3:0x30fbebd1 x16:0x00000000
     460285.000 ns	     46027	80009b24	008490b3	sll	x1,x9,x8	  x9:0x00000000  x8:0x00000000  x1=0x00000000
     460295.000 ns	     46028	80009b28	0179cc33	xor	x24,x19,x23	 x19:0x00000001 x23:0x80040fe4 x24=0x80040fe5
     460305.000 ns	     46029	80009b2c	0a3c4a13	xori	x20,x24,163	 x24:0x00000000 x20=0x80040f46
     460635.000 ns	     46062	80009b30	19ab7553	fdiv.s	f10,f22,f26	 f22:0xcf00040f f26:0x4f67709b f10=0xbf000410
     461005.000 ns	     46099	80009b34	02f05db3	divu	x27,x0,x15	  x0:0x00000000 x15:0x00000334 x27=0x00000000
     461025.000 ns	     46101	80009b38	00110c33	add	x24,x2,x1	  x2:0x00000000  x1:0x00000000 x24=0x00000000
     461045.000 ns	     46103	80009b3c	02422ab3	mulhsu	x21,x4,x4	  x4:0x00000000  x4:0x00000000 x21=0x00000000
     461415.000 ns	     46140	80009b40	0320e6b3	rem	x13,x1,x18	  x1:0x00000000 x18:0x80041024 x13=0x00000000
     461435.000 ns	     46142	80009b44	412585b3	sub	x11,x11,x18	 x11:0x7ffbf21c x18:0x80041024 x11=0xfff7e1f8
     461445.000 ns	     46143	80009b48	01dfa433	slt	x8,x31,x29	 x31:0x00000000 x29:0xfffffb0e  x8=0x00000000
     461465.000 ns	     46145	80009b4c	02c711b3	mulh	x3,x14,x12	 x14:0x80000000 x12:0x00000000  x3=0x00000000
     461505.000 ns	     46149	80009b50	580173d3	fsqrt.s	f7,f2	  f2:0x7fc00000  f7=0x7fc00000
     461525.000 ns	     46151	80009b54	ce187f13	andi	x30,x16,-799	 x16:0x00000000 x30=0x00000000
     461545.000 ns	     46153	80009b58	03c486b3	mul	x13,x9,x28	  x9:0x00000000 x28:0x00000000 x13=0x00000000
     461565.000 ns	     46155	80009b5c	00234cb3	xor	x25,x6,x2	  x6:0x00000000  x2:0x00000000 x25=0x00000000
     461585.000 ns	     46157	80009b60	0258c4b3	div	x9,x17,x5	 x17:0x00000000  x5:0x00000000  x9=0xffffffff
     461605.000 ns	     46159	80009b64	2c66e5b7	lui	x11,0x2c66e	 x11=0x2c66e000
     461625.000 ns	     46161	80009b68	03888033	mul	x0,x17,x24	 x17:0x00000000 x24:0x00000000
     461655.000 ns	     46164	80009b6c	e00f0853	fmv.x.w	x16,f30	 f30:0x44000000 x16=0x44000000
     462025.000 ns	     46201	80009b70	027dcd33	div	x26,x27,x7	 x27:0x00000000  x7:0x00000010 x26=0x00000000
     462055.000 ns	     46204	80009b74	28e50c53	fmin.s	f24,f10,f14	 f10:0xbf000410 f14:0x00000000 f24=0xbf000410
     462085.000 ns	     46207	80009b78	03162a33	mulhsu	x20,x12,x17	 x12:0x00000000 x17:0x00000000 x20=0x00000000
     462105.000 ns	     46209	80009b7c	417d5213	srai	x4,x26,0x17	 x26:0x00000000  x4=0x00000000
     462125.000 ns	     46211	80009b80	03e9b533	mulhu	x10,x19,x30	 x19:0x00000001 x30:0x00000000 x10=0x00000000
     462155.000 ns	     46214	80009b84	a1e31fd3	flt.s	x31,f6,f30	  f6:0x7fc00000 f30:0x44000000 x31=0x00000000
     462175.000 ns	     46216	80009b88	3dc0fa13	andi	x20,x1,988	  x1:0x00000000 x20=0x00000000
     462195.000 ns	     46218	80009b8c	c0053553	fcvt.w.s	x10,f10	 f10:0xbf000410 x10=0x00000000
     462215.000 ns	     46220	80009b90	01901013	slli	x0,x0,0x19	  x0:0x00000000
     462225.000 ns	     46221	80009b94	01d85833	srl	x16,x16,x29	 x16:0x44000000 x29:0xfffffb0e x16=0x00011000
     462245.000 ns	     46223	80009b98	20e40bd3	fsgnj.s	f23,f8,f14	  f8:0x00000001 f14:0x00000000 f23=0x00000001
     462615.000 ns	     46260	80009b9c	02e84833	div	x16,x16,x14	 x16:0x44000000 x14:0x80000000 x16=0x00000000
     462645.000 ns	     46263	80009ba0	035d4fb3	div	x31,x26,x21	 x26:0x00000000 x21:0x00000000 x31=0xffffffff
     462695.000 ns	     46268	80009ba4	00c47653	fadd.s	f12,f8,f12	  f8:0x00000001 f12:0x4efff7e4 f12=0x4efff7e4
     462725.000 ns	     46271	80009ba8	03303b33	mulhu	x22,x0,x19	  x0:0x00000000 x19:0x00000001 x22=0x00000000
     462755.000 ns	     46274	80009bac	03f48133	mul	x2,x9,x31	  x9:0xffffffff x31:0xffffffff  x2=0x00000001
     462775.000 ns	     46276	80009bb0	01f7f8b3	and	x17,x15,x31	 x15:0x00000334 x31:0xffffffff x17=0x00000334
     462785.000 ns	     46277	80009bb4	b5679997	auipc	x19,0xb5679	 x19=0x35682bb4
     462805.000 ns	     46279	80009bb8	29f60353	fmin.s	f6,f12,f31	 f12:0x4efff7e4 f31:0x7fc00000  f6=0x4efff7e4
     462825.000 ns	     46281	80009bbc	00b604b3	add	x9,x12,x11	 x12:0x00000000 x11:0x2c66e000  x9=0x2c66e000
     462835.000 ns	     46282	80009bc0	9f602813	slti	x16,x0,-1546	  x0:0x00000000 x16=0x00000000
     462845.000 ns	     46283	80009bc4	006b5f13	srli	x30,x22,0x6	 x22:0x00000000 x30=0x00000000
     462885.000 ns	     46287	80009bc8	08a28bd3	fsub.s	f23,f5,f10	  f5:0x00000001 f10:0xbf000410 f23=0x3f000410
     462915.000 ns	     46290	80009bcc	a059a8d3	feq.s	x17,f19,f5	 f19:0x44000000  f5:0x00000001 x17=0x00000000
     463255.000 ns	     46324	80009bd0	188f75d3	fdiv.s	f11,f30,f8	 f30:0x44000000  f8:0x00000001 f11=0x7f800000
     463285.000 ns	     46327	80009bd4	02db2c33	mulhsu	x24,x22,x13	 x22:0x00000000 x13:0x00000000 x24=0x00000000
     463315.000 ns	     46330	80009bd8	e00e8fd3	fmv.x.w	x31,f29	 f29:0x00000000 x31=0x00000000
     463335.000 ns	     46332	80009bdc	f2f1a793	slti	x15,x3,-209	  x3:0x00000000 x15=0x00000000
     463355.000 ns	     46334	80009be0	c00b0453	fcvt.w.s	x8,f22	 f22:0xcf00040f  x8=0x80000000
     463385.000 ns	     46337	80009be4	209113d3	fsgnjn.s	f7,f2,f9	  f2:0x7fc00000  f9:0x00000000  f7=0xffc00000
     463415.000 ns	     46340	80009be8	f0040ed3	fmv.w.x	f29,x8	  x8:0x80000000 f29=0x80000000
     463445.000 ns	     46343	80009bec	c01d8fd3	fcvt.wu.s	x31,f27	 f27:0x4f00040f x31=0x80040f00
     463465.000 ns	     46345	80009bf0	00f812b3	sll	x5,x16,x15	 x16:0x00000000 x15:0x00000000  x5=0x00000000
     463485.000 ns	     46347	80009bf4	28b299d3	fmax.s	f19,f5,f11	  f5:0x00000001 f11:0x7f800000 f19=0x7f800000
     463515.000 ns	     46350	80009bf8	e00f03d3	fmv.x.w	x7,f30	 f30:0x44000000  x7=0x44000000
     463545.000 ns	     46353	80009bfc	a1472253	feq.s	x4,f14,f20	 f14:0x00000000 f20:0xcefff7e0  x4=0x00000000
     463565.000 ns	     46355	80009c00	00189113	slli	x2,x17,0x1	 x17:0x00000000  x2=0x00000000
     463575.000 ns	     46356	80009c04	01c1c433	xor	x8,x3,x28	  x3:0x00000000 x28:0x00000000  x8=0x00000000
     463595.000 ns	     46358	80009c08	d00da553	fcvt.s.w	f10,x27	 x27:0x00000000 f10=0x00000000
     463625.000 ns	     46361	80009c0c	0285f9b3	remu	x19,x11,x8	 x11:0x2c66e000  x8:0x80000000 x19=0x2c66e000
     463655.000 ns	     46364	80009c10	c0031c53	fcvt.w.s	x24,f6	  f6:0x4efff7e4 x24=0x7ffbf200
     463685.000 ns	     46367	80009c14	28779e53	fmax.s	f28,f15,f7	 f15:0x00000000  f7:0xffc00000 f28=0x00000000
     463715.000 ns	     46370	80009c18	02046033	rem	x0,x8,x0	  x8:0x00000000  x0:0x00000000
     463765.000 ns	     46375	80009c1c	00af10d3	fadd.s	f1,f30,f10	 f30:0x44000000 f10:0x00000000  f1=0x44000000
     463795.000 ns	     46378	80009c20	02827ab3	remu	x21,x4,x8	  x4:0x00000000  x8:0x00000000 x21=0x00000000
     463825.000 ns	     46381	80009c24	039d14b3	mulh	x9,x26,x25	 x26:0x00000000 x25:0x00000000  x9=0x00000000
     463855.000 ns	     46384	80009c28	e0039453	fclass.s	x8,f7	  f7:0xffc00000  x8=0x00000200
     463875.000 ns	     46386	80009c2c	3203ef93	ori	x31,x7,800	  x7:0x44000000 x31=0x44000320
     463895.000 ns	     46388	80009c30	03103ab3	mulhu	x21,x0,x17	  x0:0x00000000 x17:0x00000000 x21=0x00000000
     464265.000 ns	     46425	80009c34	02ba7133	remu	x2,x20,x11	 x20:0x00000000 x11:0x2c66e000  x2=0x00000000
     464295.000 ns	     46428	80009c38	021b0133	mul	x2,x22,x1	 x22:0x00000000  x1:0x00000000  x2=0x00000000
     464315.000 ns	     46430	80009c3c	016cfab3	and	x21,x25,x22	 x25:0x00000000 x22:0x00000000 x21=0x00000000
     464335.000 ns	     46432	80009c40	e0079e53	fclass.s	x28,f15	 f15:0x00000000 x28=0x00000010
     464355.000 ns	     46434	80009c44	00783833	sltu	x16,x16,x7	 x16:0x00000000  x7:0x44000000 x16=0x00000001
     464365.000 ns	     46435	80009c48	6fe64d13	xori	x26,x12,1790	 x12:0x00000000 x26=0x000006fe
     464375.000 ns	     46436	80009c4c	00000013	addi	x0,x0,0	  x0:0x00000000
     464385.000 ns	     46437	80009c50	40705633	sra	x12,x0,x7	  x0:0x00000000  x7:0x44000000 x12=0x00000000
     464395.000 ns	     46438	80009c54	01c56133	or	x2,x10,x28	 x10:0x00000000 x28:0x00000010  x2=0x00000010
     464405.000 ns	     46439	80009c58	00efd113	srli	x2,x31,0xe	 x31:0x44000320  x2=0x00011000
     464435.000 ns	     46442	80009c5c	19347953	fdiv.s	f18,f8,f19	  f8:0x00000001 f19:0x7f800000 f18=0x00000000
     464455.000 ns	     46444	80009c60	46e3cc13	xori	x24,x7,1134	  x7:0x44000000 x24=0x4400046e
     464465.000 ns	     46445	80009c64	00a19d33	sll	x26,x3,x10	  x3:0x00000000 x10:0x00000000 x26=0x00000000
     464475.000 ns	     46446	80009c68	f238e793	ori	x15,x17,-221	 x17:0x00000000 x15=0xffffff23
     464485.000 ns	     46447	80009c6c	e18bc813	xori	x16,x23,-488	 x23:0x80040fe4 x16=0x7ffbf1fc
     464505.000 ns	     46449	80009c70	03ae9fb3	mulh	x31,x29,x26	 x29:0xfffffb0e x26:0x00000000 x31=0x00000000
     464535.000 ns	     46452	80009c74	02f927b3	mulhsu	x15,x18,x15	 x18:0x80041024 x15:0xffffff23 x15=0x80041092
     464565.000 ns	     46455	80009c78	d0107dd3	fcvt.s.wu	f27,x0	  x0:0x00000000 f27=0x00000000
     464585.000 ns	     46457	80009c7c	40ee51b3	sra	x3,x28,x14	 x28:0x00000010 x14:0x80000000  x3=0x00000010
     464595.000 ns	     46458	80009c80	00000013	addi	x0,x0,0	  x0:0x00000000
     464605.000 ns	     46459	80009c84	e2688697	auipc	x13,0xe2688	 x13=0x62691c84
     464625.000 ns	     46461	80009c88	21cb0253	fsgnj.s	f4,f22,f28	 f22:0xcf00040f f28:0x00000000  f4=0x4f00040f
     464645.000 ns	     46463	80009c8c	01c583b3	add	x7,x11,x28	 x11:0x2c66e000 x28:0x00000010  x7=0x2c66e010
     464655.000 ns	     46464	80009c90	015cba33	sltu	x20,x25,x21	 x25:0x00000000 x21:0x00000000 x20=0x00000000
     464675.000 ns	     46466	80009c94	a1328253	fle.s	x4,f5,f19	  f5:0x00000001 f19:0x7f800000  x4=0x00000001
     464705.000 ns	     46469	80009c98	a1ac8dd3	fle.s	x27,f25,f26	 f25:0xc21345e2 f26:0x4f67709b x27=0x00000001
     464735.000 ns	     46472	80009c9c	e0099153	fclass.s	x2,f19	 f19:0x7f800000  x2=0x00000080
     464755.000 ns	     46474	80009ca0	12a13a93	sltiu	x21,x2,298	  x2:0x00011000 x21=0x00000001
     464775.000 ns	     46476	80009ca4	20f19bd3	fsgnjn.s	f23,f3,f15	  f3:0x44000000 f15:0x00000000 f23=0xc4000000
     464795.000 ns	     46478	80009ca8	000627b3	slt	x15,x12,x0	 x12:0x00000000  x0:0x00000000 x15=0x00000000
     464805.000 ns	     46479	80009cac	007c7c33	and	x24,x24,x7	 x24:0x4400046e  x7:0x2c66e010 x24=0x04000000
     464825.000 ns	     46481	80009cb0	e0038ad3	fmv.x.w	x21,f7	  f7:0xffc00000 x21=0xffc00000
     464845.000 ns	     46483	80009cb4	00244133	xor	x2,x8,x2	  x8:0x00000200  x2:0x00000080  x2=0x00000280
     465175.000 ns	     46516	80009cb8	19731bd3	fdiv.s	f23,f6,f23	  f6:0x4efff7e4 f23:0xc4000000 f23=0xca4b3717
     465205.000 ns	     46519	80009cbc	291b9a53	fmax.s	f20,f23,f17	 f23:0xc4000000 f17:0x7fc00000 f20=0xca4b3717
     465255.000 ns	     46524	80009cc0	015c07d3	fadd.s	f15,f24,f21	 f24:0xbf000410 f21:0x7fc00000 f15=0x7fc00000
     465285.000 ns	     46527	80009cc4	21701853	fsgnjn.s	f16,f0,f23	  f0:0x00000000 f23:0xca4b3717 f16=0x00000000
     465315.000 ns	     46530	80009cc8	03b2a533	mulhsu	x10,x5,x27	  x5:0x00000000 x27:0x00000001 x10=0x00000000
     465345.000 ns	     46533	80009ccc	216a8fd3	fsgnj.s	f31,f21,f22	 f21:0x7fc00000 f22:0xcf00040f f31=0xffc00000
     465375.000 ns	     46536	80009cd0	a0ef9353	flt.s	x6,f31,f14	 f31:0x7fc00000 f14:0x00000000  x6=0x00000000
     465405.000 ns	     46539	80009cd4	217208d3	fsgnj.s	f17,f4,f23	  f4:0x4f00040f f23:0xca4b3717 f17=0xcf00040f
     465425.000 ns	     46541	80009cd8	0021bcb3	sltu	x25,x3,x2	  x3:0x00000010  x2:0x00000280 x25=0x00000001
     465435.000 ns	     46542	80009cdc	da183a93	sltiu	x21,x16,-607	 x16:0x7ffbf1fc x21=0x00000001
     465765.000 ns	     46575	80009ce0	1968f953	fdiv.s	f18,f17,f22	 f17:0xcf00040f f22:0xcf00040f f18=0x3f000410
     465795.000 ns	     46578	80009ce4	029c3c33	mulhu	x24,x24,x9	 x24:0x04000000  x9:0x00000000 x24=0x00000000
     465815.000 ns	     46580	80009ce8	009ad7b3	srl	x15,x21,x9	 x21:0x00000001  x9:0x00000000 x15=0x00000001
     465835.000 ns	     46582	80009cec	02194033	div	x0,x18,x1	 x18:0x80041024  x1:0x00000000
     465855.000 ns	     46584	80009cf0	409b0eb3	sub	x29,x22,x9	 x22:0x00000000  x9:0x00000000 x29=0x00000000
     465865.000 ns	     46585	80009cf4	f0766d93	ori	x27,x12,-249	 x12:0x00000000 x27=0xffffff07
     465885.000 ns	     46587	80009cf8	f0070353	fmv.w.x	f6,x14	 x14:0x80000000  f6=0x80000000
     465915.000 ns	     46590	80009cfc	021c81b3	mul	x3,x25,x1	 x25:0x00000001  x1:0x00000000  x3=0x00000000
     465935.000 ns	     46592	80009d00	0042eb33	or	x22,x5,x4	  x5:0x00000000  x4:0x00000001 x22=0x00000001
     465955.000 ns	     46594	80009d04	03c90ab3	mul	x21,x18,x28	 x18:0x80041024 x28:0x00000010 x21=0x00410240
     465985.000 ns	     46597	80009d08	028b17b3	mulh	x15,x22,x8	 x22:0x00000000  x8:0x00000200 x15=0x00000000
     466005.000 ns	     46599	80009d0c	94bfa337	lui	x6,0x94bfa	  x6=0x94bfa000
     466035.000 ns	     46602	80009d10	19457653	fdiv.s	f12,f10,f20	 f10:0x00000000 f20:0xca4b3717 f12=0x80000000
     466055.000 ns	     46604	80009d14	002d46b3	xor	x13,x26,x2	 x26:0x00000000  x2:0x00000280 x13=0x00000280
     466075.000 ns	     46606	80009d18	02d12133	mulhsu	x2,x2,x13	  x2:0x00000280 x13:0x62691c84  x2=0x00000000
     466095.000 ns	     46608	80009d1c	00d8ec13	ori	x24,x17,13	 x17:0x00000000 x24=0x0000000d
     466105.000 ns	     46609	80009d20	00053e33	sltu	x28,x10,x0	 x10:0x00000000  x0:0x00000000 x28=0x00000000
     466125.000 ns	     46611	80009d24	02429ab3	mulh	x21,x5,x4	  x5:0x00000000  x4:0x00000001 x21=0x00000000
     466145.000 ns	     46613	80009d28	be273c13	sltiu	x24,x14,-1054	 x14:0x80000000 x24=0x00000001
     466175.000 ns	     46616	80009d2c	1906c953	fdiv.s	f18,f13,f16	 f13:0x7fc00000 f16:0x00000000 f18=0x7fc00000
     466195.000 ns	     46618	80009d30	01a6a033	slt	x0,x13,x26	 x13:0x00000280 x26:0x00000000
     466215.000 ns	     46620	80009d34	02ea9133	mulh	x2,x21,x14	 x21:0x00000000 x14:0x80000000  x2=0x00000000
     466245.000 ns	     46623	80009d38	c002b853	fcvt.w.s	x16,f5	  f5:0x00000001 x16=0x00000000
     466265.000 ns	     46625	80009d3c	00c5d493	srli	x9,x11,0xc	 x11:0x2c66e000  x9=0x0002c66e
     466285.000 ns	     46627	80009d40	a0699c53	flt.s	x24,f19,f6	 f19:0x7f800000  f6:0x80000000 x24=0x00000000
     466315.000 ns	     46630	80009d44	02390cb3	mul	x25,x18,x3	 x18:0x80041024  x3:0x00000000 x25=0x00000000
     466345.000 ns	     46633	80009d48	e0099453	fclass.s	x8,f19	 f19:0x7f800000  x8=0x00000080
     466375.000 ns	     46636	80009d4c	21ea2dd3	fsgnjx.s	f27,f20,f30	 f20:0xca4b3717 f30:0x44000000 f27=0xca4b3717
     466395.000 ns	     46638	80009d50	00c41a13	slli	x20,x8,0xc	  x8:0x00000080 x20=0x00080000
     466415.000 ns	     46640	80009d54	a10fafd3	feq.s	x31,f31,f16	 f31:0xffc00000 f16:0x00000000 x31=0x00000000
     466455.000 ns	     46644	80009d58	5806f1d3	fsqrt.s	f3,f13	 f13:0x7fc00000  f3=0x7fc00000
     466475.000 ns	     46646	80009d5c	001102b3	add	x5,x2,x1	  x2:0x00000000  x1:0x00000000  x5=0x00000000
     466835.000 ns	     46682	80009d60	034944b3	div	x9,x18,x20	 x18:0x80041024 x20:0x00080000  x9=0xfffff001
     466865.000 ns	     46685	80009d64	02f7e9b3	rem	x19,x15,x15	 x15:0x00000000 x15:0x00000000 x19=0x00000000
     466895.000 ns	     46688	80009d68	a12f95d3	flt.s	x11,f31,f18	 f31:0xffc00000 f18:0x7fc00000 x11=0x00000000
     466915.000 ns	     46690	80009d6c	0038d513	srli	x10,x17,0x3	 x17:0x00000000 x10=0x00000000
     466935.000 ns	     46692	80009d70	02beb0b3	mulhu	x1,x29,x11	 x29:0x00000000 x11:0x00000000  x1=0x00000000
     466955.000 ns	     46694	80009d74	00000013	addi	x0,x0,0	  x0:0x00000000
     466965.000 ns	     46695	80009d78	e0b38793	addi	x15,x7,-501	  x7:0x2c66e010 x15=0x2c66de1b
     466995.000 ns	     46698	80009d7c	18e0fd53	fdiv.s	f26,f1,f14	  f1:0x44000000 f14:0x00000000 f26=0x7f800000
     467365.000 ns	     46735	80009d80	034a4cb3	div	x25,x20,x20	 x20:0x00080000 x20:0x00080000 x25=0x00000001
     467415.000 ns	     46740	80009d84	001871d3	fadd.s	f3,f16,f1	 f16:0x00000000  f1:0x44000000  f3=0x44000000
     467785.000 ns	     46777	80009d88	02f960b3	rem	x1,x18,x15	 x18:0x80041024 x15:0x2c66de1b  x1=0xd8d1cc5a
     467805.000 ns	     46779	80009d8c	25d16793	ori	x15,x2,605	  x2:0x00000000 x15=0x0000025d
     467825.000 ns	     46781	80009d90	29018653	fmin.s	f12,f3,f16	  f3:0x44000000 f16:0x00000000 f12=0x00000000
     467855.000 ns	     46784	80009d94	02a25cb3	divu	x25,x4,x10	  x4:0x00000001 x10:0x00000000 x25=0xffffffff
     467875.000 ns	     46786	80009d98	00000013	addi	x0,x0,0	  x0:0x00000000
     467895.000 ns	     46788	80009d9c	21c3a6d3	fsgnjx.s	f13,f7,f28	  f7:0xffc00000 f28:0x00000000 f13=0xffc00000
     467915.000 ns	     46790	80009da0	525205b7	lui	x11,0x52520	 x11=0x52520000
     467935.000 ns	     46792	80009da4	f00988d3	fmv.w.x	f17,x19	 x19:0x00000000 f17=0x00000000
     467955.000 ns	     46794	80009da8	40c5dab3	sra	x21,x11,x12	 x11:0x00000000 x12:0x00000000 x21=0x52520000
     467975.000 ns	     46796	80009dac	e0000c53	fmv.x.w	x24,f0	  f0:0x00000000 x24=0x00000000
     467995.000 ns	     46798	80009db0	cf18ec37	lui	x24,0xcf18e	 x24=0xcf18e000
     468005.000 ns	     46799	80009db4	4c4ab093	sltiu	x1,x21,1220	 x21:0x52520000  x1=0x00000000
     468025.000 ns	     46801	80009db8	036bb5b3	mulhu	x11,x23,x22	 x23:0x80040fe4 x22:0x00000001 x11=0x00000000
     468045.000 ns	     46803	80009dbc	01cbf6b3	and	x13,x23,x28	 x23:0x80040fe4 x28:0x00000000 x13=0x00000000
     468405.000 ns	     46839	80009dc0	0247e3b3	rem	x7,x15,x4	 x15:0x0000025d  x4:0x00000001  x7=0x00000000
     468435.000 ns	     46842	80009dc4	d00af753	fcvt.s.w	f14,x21	 x21:0x52520000 f14=0x4ea4a400
     468465.000 ns	     46845	80009dc8	a1c81cd3	flt.s	x25,f16,f28	 f16:0x00000000 f28:0x00000000 x25=0x00000000
     468495.000 ns	     46848	80009dcc	03cfcd33	div	x26,x31,x28	 x31:0x00000000 x28:0x00000000 x26=0xffffffff
     468515.000 ns	     46850	80009dd0	410e85b3	sub	x11,x29,x16	 x29:0x00000000 x16:0x00000000 x11=0x00000000
     468525.000 ns	     46851	80009dd4	01a3ccb3	xor	x25,x7,x26	  x7:0x00000000 x26:0xffffffff x25=0xffffffff
     468535.000 ns	     46852	80009dd8	012815b3	sll	x11,x16,x18	 x16:0x00000000 x18:0x80041024 x11=0x00000000
     468545.000 ns	     46853	80009ddc	c86ab693	sltiu	x13,x21,-890	 x21:0x52520000 x13=0x00000001
     468905.000 ns	     46889	80009de0	02f4dab3	divu	x21,x9,x15	  x9:0xfffff001 x15:0x0000025d x21=0x006c52e8
     468955.000 ns	     46894	80009de4	016b95d3	fadd.s	f11,f23,f22	 f23:0xca4b3717 f22:0xcf00040f f11=0xcf0036dc
     468975.000 ns	     46896	80009de8	23c98513	addi	x10,x19,572	 x19:0x00000000 x10=0x0000023c
     469335.000 ns	     46932	80009dec	03a4edb3	rem	x27,x9,x26	  x9:0xfffff001 x26:0xffffffff x27=0x00000000
     469365.000 ns	     46935	80009df0	021962b3	rem	x5,x18,x1	 x18:0x80041024  x1:0x00000000  x5=0x80041024
     469395.000 ns	     46938	80009df4	20a91dd3	fsgnjn.s	f27,f18,f10	 f18:0x7fc00000 f10:0x00000000 f27=0xffc00000
     469765.000 ns	     46975	80009df8	034f7a33	remu	x20,x30,x20	 x30:0x00000000 x20:0x00080000 x20=0x00000000
     469785.000 ns	     46977	80009dfc	cf2f3293	sltiu	x5,x30,-782	 x30:0x00000000  x5=0x00000001
     469795.000 ns	     46978	80009e00	01cb8633	add	x12,x23,x28	 x23:0x80040fe4 x28:0x00000000 x12=0x80040fe4
     469805.000 ns	     46979	80009e04	002697b3	sll	x15,x13,x2	 x13:0x00000001  x2:0x00000000 x15=0x00000001
     469815.000 ns	     46980	80009e08	da578a13	addi	x20,x15,-603	 x15:0x0000025d x20=0xfffffda6
     469825.000 ns	     46981	80009e0c	b2f2e113	ori	x2,x5,-1233	  x5:0x00000001  x2=0xfffffb2f
     469845.000 ns	     46983	80009e10	d011ffd3	fcvt.s.wu	f31,x3	  x3:0x00000000 f31=0x00000000
     469865.000 ns	     46985	80009e14	94b0ba97	auipc	x21,0x94b0b	 x21=0x14b14e14
     469875.000 ns	     46986	80009e18	003b55b3	srl	x11,x22,x3	 x22:0x00000001  x3:0x00000000 x11=0x00000001
     469895.000 ns	     46988	80009e1c	e00a11d3	fclass.s	x3,f20	 f20:0xca4b3717  x3=0x00000002
     469925.000 ns	     46991	80009e20	e00014d3	fclass.s	x9,f0	  f0:0x00000000  x9=0x00000010
     469965.000 ns	     46995	80009e24	10031853	fmul.s	f16,f6,f0	  f6:0x80000000  f0:0x00000000 f16=0x80000000
     469985.000 ns	     46997	80009e28	001435b3	sltu	x11,x8,x1	  x8:0x00000080  x1:0x00000000 x11=0x00000000
     470015.000 ns	     47000	80009e2c	1100ffd3	fmul.s	f31,f1,f16	  f1:0x44000000 f16:0x80000000 f31=0x80000000
     470035.000 ns	     47002	80009e30	013ec0b3	xor	x1,x29,x19	 x29:0x00000000 x19:0x00000000  x1=0x00000000
     470055.000 ns	     47004	80009e34	2027acd3	fsgnjx.s	f25,f15,f2	 f15:0x7fc00000  f2:0x7fc00000 f25=0x7fc00000
     470085.000 ns	     47007	80009e38	d01ca4d3	fcvt.s.wu	f9,x25	 x25:0xffffffff  f9=0x4f800000
     470105.000 ns	     47009	80009e3c	01ce9433	sll	x8,x29,x28	 x29:0x00000000 x28:0x00000000  x8=0x00000000
     470115.000 ns	     47010	80009e40	0178a433	slt	x8,x17,x23	 x17:0x00000000 x23:0x80040fe4  x8=0x00000000
     470125.000 ns	     47011	80009e44	41375613	srai	x12,x14,0x13	 x14:0x80000000 x12=0xfffff000
     470145.000 ns	     47013	80009e48	204b09d3	fsgnj.s	f19,f22,f4	 f22:0xcf00040f  f4:0x4f00040f f19=0x4f00040f
     470175.000 ns	     47016	80009e4c	d011b6d3	fcvt.s.wu	f13,x3	  x3:0x00000002 f13=0x40000000
     470205.000 ns	     47019	80009e50	2079a9d3	fsgnjx.s	f19,f19,f7	 f19:0x4f00040f  f7:0xffc00000 f19=0xcf00040f
     470235.000 ns	     47022	80009e54	c015acd3	fcvt.wu.s	x25,f11	 f11:0xcf0036dc x25=0x8036dc00
     470265.000 ns	     47025	80009e58	a1521653	flt.s	x12,f4,f21	  f4:0x4f00040f f21:0x7fc00000 x12=0x00000000
     470285.000 ns	     47027	80009e5c	01172233	slt	x4,x14,x17	 x14:0x80000000 x17:0x00000000  x4=0x00000001
     470305.000 ns	     47029	80009e60	210b1253	fsgnjn.s	f4,f22,f16	 f22:0xcf00040f f16:0x80000000  f4=0x4f00040f
     470325.000 ns	     47031	80009e64	013acdb3	xor	x27,x21,x19	 x21:0x14b14e14 x19:0x00000000 x27=0x14b14e14
     470335.000 ns	     47032	80009e68	00dbd033	srl	x0,x23,x13	 x23:0x80040fe4 x13:0x00000001
     470355.000 ns	     47034	80009e6c	281f0953	fmin.s	f18,f30,f1	 f30:0x44000000  f1:0x44000000 f18=0x44000000
     470375.000 ns	     47036	80009e70	5e71dd17	auipc	x26,0x5e71d	 x26=0xde726e70
     470395.000 ns	     47038	80009e74	286294d3	fmax.s	f9,f5,f6	  f5:0x00000001  f6:0x80000000  f9=0x00000001
     470425.000 ns	     47041	80009e78	03ba2033	mulhsu	x0,x20,x27	 x20:0xfffffda6 x27:0x14b14e14
     470445.000 ns	     47043	80009e7c	005182b3	add	x5,x3,x5	  x3:0x00000002  x5:0x00000001  x5=0x00000003
     470485.000 ns	     47047	80009e80	093aa0d3	fsub.s	f1,f21,f19	 f21:0x7fc00000 f19:0xcf00040f  f1=0x7fc00000
     470505.000 ns	     47049	80009e84	00000717	auipc	x14,0x0	 x14=0x80009e84
     470515.000 ns	     47050	80009e88	00c70713	addi	x14,x14,12	 x14:0x80000000 x14=0x80009e90
     470525.000 ns	     47051	80009e8c	00070067	jalr	x0,x14,0	 x14:0x80000000
     470575.000 ns	     47056	80009e90	00100193	addi	x3,x0,1	  x0:0x00000000  x3=0x00000001
     470585.000 ns	     47057	80009e94	00000073	ecall	
     470595.000 ns	     47058	80009e98	00036f17	auipc	x30,0x36	 x30=0x8003fe98
     470605.000 ns	     47059	80009e9c	163f2423	sw	x3,360(x30)	 x30:0x00000000  x3:0x00000001 PA:0xxxxxxxxx
     470625.000 ns	     47061	80009ea0	ff9ff06f	jal	x0,80009e9c	
     470675.000 ns	     47066	80009e98	00036f17	auipc	x30,0x36	 x30=0x8003fe98
     470685.000 ns	     47067	80009e9c	163f2423	sw	x3,360(x30)	 x30:0x8003fe98  x3:0x00000001 PA:0xxxxxxxxx
     470705.000 ns	     47069	80009ea0	ff9ff06f	jal	x0,80009e9c	
     470755.000 ns	     47074	80009e98	00036f17	auipc	x30,0x36	 x30=0x8003fe98
     470765.000 ns	     47075	80009e9c	163f2423	sw	x3,360(x30)	 x30:0x8003fe98  x3:0x00000001 PA:0xxxxxxxxx
     470785.000 ns	     47077	80009ea0	ff9ff06f	jal	x0,80009e9c	
     470835.000 ns	     47082	80009e98	00036f17	auipc	x30,0x36	 x30=0x8003fe98
     470845.000 ns	     47083	80009e9c	163f2423	sw	x3,360(x30)	 x30:0x8003fe98  x3:0x00000001 PA:0xxxxxxxxx
     470865.000 ns	     47085	80009ea0	ff9ff06f	jal	x0,80009e9c	
     470915.000 ns	     47090	80009e98	00036f17	auipc	x30,0x36	 x30=0x8003fe98
     470925.000 ns	     47091	80009e9c	163f2423	sw	x3,360(x30)	 x30:0x8003fe98  x3:0x00000001 PA:0xxxxxxxxx
     470945.000 ns	     47093	80009ea0	ff9ff06f	jal	x0,80009e9c	
     470995.000 ns	     47098	80009e98	00036f17	auipc	x30,0x36	 x30=0x8003fe98
     471005.000 ns	     47099	80009e9c	163f2423	sw	x3,360(x30)	 x30:0x8003fe98  x3:0x00000001 PA:0xxxxxxxxx
     471025.000 ns	     47101	80009ea0	ff9ff06f	jal	x0,80009e9c	
     471075.000 ns	     47106	80009e98	00036f17	auipc	x30,0x36	 x30=0x8003fe98
     471085.000 ns	     47107	80009e9c	163f2423	sw	x3,360(x30)	 x30:0x8003fe98  x3:0x00000001 PA:0xxxxxxxxx
     471105.000 ns	     47109	80009ea0	ff9ff06f	jal	x0,80009e9c	
     471155.000 ns	     47114	80009e98	00036f17	auipc	x30,0x36	 x30=0x8003fe98
     471165.000 ns	     47115	80009e9c	163f2423	sw	x3,360(x30)	 x30:0x8003fe98  x3:0x00000001 PA:0xxxxxxxxx
     471185.000 ns	     47117	80009ea0	ff9ff06f	jal	x0,80009e9c	
     471235.000 ns	     47122	80009e98	00036f17	auipc	x30,0x36	 x30=0x8003fe98
     471245.000 ns	     47123	80009e9c	163f2423	sw	x3,360(x30)	 x30:0x8003fe98  x3:0x00000001 PA:0xxxxxxxxx
     471265.000 ns	     47125	80009ea0	ff9ff06f	jal	x0,80009e9c	
     471315.000 ns	     47130	80009e98	00036f17	auipc	x30,0x36	 x30=0x8003fe98
     471325.000 ns	     47131	80009e9c	163f2423	sw	x3,360(x30)	 x30:0x8003fe98  x3:0x00000001 PA:0xxxxxxxxx
     471345.000 ns	     47133	80009ea0	ff9ff06f	jal	x0,80009e9c	
     471395.000 ns	     47138	80009e98	00036f17	auipc	x30,0x36	 x30=0x8003fe98
     471405.000 ns	     47139	80009e9c	163f2423	sw	x3,360(x30)	 x30:0x8003fe98  x3:0x00000001 PA:0xxxxxxxxx
     471425.000 ns	     47141	80009ea0	ff9ff06f	jal	x0,80009e9c	
     471475.000 ns	     47146	80009e98	00036f17	auipc	x30,0x36	 x30=0x8003fe98
     471485.000 ns	     47147	80009e9c	163f2423	sw	x3,360(x30)	 x30:0x8003fe98  x3:0x00000001 PA:0xxxxxxxxx
     471505.000 ns	     47149	80009ea0	ff9ff06f	jal	x0,80009e9c	
     471555.000 ns	     47154	80009e98	00036f17	auipc	x30,0x36	 x30=0x8003fe98
     471565.000 ns	     47155	80009e9c	163f2423	sw	x3,360(x30)	 x30:0x8003fe98  x3:0x00000001 PA:0xxxxxxxxx
     471585.000 ns	     47157	80009ea0	ff9ff06f	jal	x0,80009e9c	
     471635.000 ns	     47162	80009e98	00036f17	auipc	x30,0x36	 x30=0x8003fe98
     471645.000 ns	     47163	80009e9c	163f2423	sw	x3,360(x30)	 x30:0x8003fe98  x3:0x00000001 PA:0xxxxxxxxx
     471665.000 ns	     47165	80009ea0	ff9ff06f	jal	x0,80009e9c	
     471715.000 ns	     47170	80009e98	00036f17	auipc	x30,0x36	 x30=0x8003fe98
     471725.000 ns	     47171	80009e9c	163f2423	sw	x3,360(x30)	 x30:0x8003fe98  x3:0x00000001 PA:0xxxxxxxxx
     471745.000 ns	     47173	80009ea0	ff9ff06f	jal	x0,80009e9c	
     471795.000 ns	     47178	80009e98	00036f17	auipc	x30,0x36	 x30=0x8003fe98
     471805.000 ns	     47179	80009e9c	163f2423	sw	x3,360(x30)	 x30:0x8003fe98  x3:0x00000001 PA:0xxxxxxxxx
     471825.000 ns	     47181	80009ea0	ff9ff06f	jal	x0,80009e9c	
     471875.000 ns	     47186	80009e98	00036f17	auipc	x30,0x36	 x30=0x8003fe98
     471885.000 ns	     47187	80009e9c	163f2423	sw	x3,360(x30)	 x30:0x8003fe98  x3:0x00000001 PA:0xxxxxxxxx
     471905.000 ns	     47189	80009ea0	ff9ff06f	jal	x0,80009e9c	
     471955.000 ns	     47194	80009e98	00036f17	auipc	x30,0x36	 x30=0x8003fe98
     471965.000 ns	     47195	80009e9c	163f2423	sw	x3,360(x30)	 x30:0x8003fe98  x3:0x00000001 PA:0xxxxxxxxx
     471985.000 ns	     47197	80009ea0	ff9ff06f	jal	x0,80009e9c	
     472035.000 ns	     47202	80009e98	00036f17	auipc	x30,0x36	 x30=0x8003fe98
     472045.000 ns	     47203	80009e9c	163f2423	sw	x3,360(x30)	 x30:0x8003fe98  x3:0x00000001 PA:0xxxxxxxxx
     472065.000 ns	     47205	80009ea0	ff9ff06f	jal	x0,80009e9c	
     472115.000 ns	     47210	80009e98	00036f17	auipc	x30,0x36	 x30=0x8003fe98
     472125.000 ns	     47211	80009e9c	163f2423	sw	x3,360(x30)	 x30:0x8003fe98  x3:0x00000001 PA:0xxxxxxxxx
     472145.000 ns	     47213	80009ea0	ff9ff06f	jal	x0,80009e9c	
     472195.000 ns	     47218	80009e98	00036f17	auipc	x30,0x36	 x30=0x8003fe98
     472205.000 ns	     47219	80009e9c	163f2423	sw	x3,360(x30)	 x30:0x8003fe98  x3:0x00000001 PA:0xxxxxxxxx
     472225.000 ns	     47221	80009ea0	ff9ff06f	jal	x0,80009e9c	
     472275.000 ns	     47226	80009e98	00036f17	auipc	x30,0x36	 x30=0x8003fe98
     472285.000 ns	     47227	80009e9c	163f2423	sw	x3,360(x30)	 x30:0x8003fe98  x3:0x00000001 PA:0xxxxxxxxx
     472305.000 ns	     47229	80009ea0	ff9ff06f	jal	x0,80009e9c	
     472355.000 ns	     47234	80009e98	00036f17	auipc	x30,0x36	 x30=0x8003fe98
     472365.000 ns	     47235	80009e9c	163f2423	sw	x3,360(x30)	 x30:0x8003fe98  x3:0x00000001 PA:0xxxxxxxxx
     472385.000 ns	     47237	80009ea0	ff9ff06f	jal	x0,80009e9c	
     472435.000 ns	     47242	80009e98	00036f17	auipc	x30,0x36	 x30=0x8003fe98
     472445.000 ns	     47243	80009e9c	163f2423	sw	x3,360(x30)	 x30:0x8003fe98  x3:0x00000001 PA:0xxxxxxxxx
     472465.000 ns	     47245	80009ea0	ff9ff06f	jal	x0,80009e9c	
     472515.000 ns	     47250	80009e98	00036f17	auipc	x30,0x36	 x30=0x8003fe98
     472525.000 ns	     47251	80009e9c	163f2423	sw	x3,360(x30)	 x30:0x8003fe98  x3:0x00000001 PA:0xxxxxxxxx
     472545.000 ns	     47253	80009ea0	ff9ff06f	jal	x0,80009e9c	
     472595.000 ns	     47258	80009e98	00036f17	auipc	x30,0x36	 x30=0x8003fe98
     472605.000 ns	     47259	80009e9c	163f2423	sw	x3,360(x30)	 x30:0x8003fe98  x3:0x00000001 PA:0xxxxxxxxx
     472625.000 ns	     47261	80009ea0	ff9ff06f	jal	x0,80009e9c	
     472675.000 ns	     47266	80009e98	00036f17	auipc	x30,0x36	 x30=0x8003fe98
     472685.000 ns	     47267	80009e9c	163f2423	sw	x3,360(x30)	 x30:0x8003fe98  x3:0x00000001 PA:0xxxxxxxxx
     472705.000 ns	     47269	80009ea0	ff9ff06f	jal	x0,80009e9c	
     472755.000 ns	     47274	80009e98	00036f17	auipc	x30,0x36	 x30=0x8003fe98
     472765.000 ns	     47275	80009e9c	163f2423	sw	x3,360(x30)	 x30:0x8003fe98  x3:0x00000001 PA:0xxxxxxxxx
     472785.000 ns	     47277	80009ea0	ff9ff06f	jal	x0,80009e9c	
     472835.000 ns	     47282	80009e98	00036f17	auipc	x30,0x36	 x30=0x8003fe98
     472845.000 ns	     47283	80009e9c	163f2423	sw	x3,360(x30)	 x30:0x8003fe98  x3:0x00000001 PA:0xxxxxxxxx
     472865.000 ns	     47285	80009ea0	ff9ff06f	jal	x0,80009e9c	
     472915.000 ns	     47290	80009e98	00036f17	auipc	x30,0x36	 x30=0x8003fe98
     472925.000 ns	     47291	80009e9c	163f2423	sw	x3,360(x30)	 x30:0x8003fe98  x3:0x00000001 PA:0xxxxxxxxx
     472945.000 ns	     47293	80009ea0	ff9ff06f	jal	x0,80009e9c	
     472995.000 ns	     47298	80009e98	00036f17	auipc	x30,0x36	 x30=0x8003fe98
     473005.000 ns	     47299	80009e9c	163f2423	sw	x3,360(x30)	 x30:0x8003fe98  x3:0x00000001 PA:0xxxxxxxxx
     473025.000 ns	     47301	80009ea0	ff9ff06f	jal	x0,80009e9c	
     473075.000 ns	     47306	80009e98	00036f17	auipc	x30,0x36	 x30=0x8003fe98
     473085.000 ns	     47307	80009e9c	163f2423	sw	x3,360(x30)	 x30:0x8003fe98  x3:0x00000001 PA:0xxxxxxxxx
     473105.000 ns	     47309	80009ea0	ff9ff06f	jal	x0,80009e9c	
     473155.000 ns	     47314	80009e98	00036f17	auipc	x30,0x36	 x30=0x8003fe98
     473165.000 ns	     47315	80009e9c	163f2423	sw	x3,360(x30)	 x30:0x8003fe98  x3:0x00000001 PA:0xxxxxxxxx
     473185.000 ns	     47317	80009ea0	ff9ff06f	jal	x0,80009e9c	
     473235.000 ns	     47322	80009e98	00036f17	auipc	x30,0x36	 x30=0x8003fe98
     473245.000 ns	     47323	80009e9c	163f2423	sw	x3,360(x30)	 x30:0x8003fe98  x3:0x00000001 PA:0xxxxxxxxx
     473265.000 ns	     47325	80009ea0	ff9ff06f	jal	x0,80009e9c	
     473315.000 ns	     47330	80009e98	00036f17	auipc	x30,0x36	 x30=0x8003fe98
     473325.000 ns	     47331	80009e9c	163f2423	sw	x3,360(x30)	 x30:0x8003fe98  x3:0x00000001 PA:0xxxxxxxxx
     473345.000 ns	     47333	80009ea0	ff9ff06f	jal	x0,80009e9c	
     473395.000 ns	     47338	80009e98	00036f17	auipc	x30,0x36	 x30=0x8003fe98
     473405.000 ns	     47339	80009e9c	163f2423	sw	x3,360(x30)	 x30:0x8003fe98  x3:0x00000001 PA:0xxxxxxxxx
     473425.000 ns	     47341	80009ea0	ff9ff06f	jal	x0,80009e9c	
     473475.000 ns	     47346	80009e98	00036f17	auipc	x30,0x36	 x30=0x8003fe98
     473485.000 ns	     47347	80009e9c	163f2423	sw	x3,360(x30)	 x30:0x8003fe98  x3:0x00000001 PA:0xxxxxxxxx
     473505.000 ns	     47349	80009ea0	ff9ff06f	jal	x0,80009e9c	
     473555.000 ns	     47354	80009e98	00036f17	auipc	x30,0x36	 x30=0x8003fe98
     473565.000 ns	     47355	80009e9c	163f2423	sw	x3,360(x30)	 x30:0x8003fe98  x3:0x00000001 PA:0xxxxxxxxx
     473585.000 ns	     47357	80009ea0	ff9ff06f	jal	x0,80009e9c	
     473635.000 ns	     47362	80009e98	00036f17	auipc	x30,0x36	 x30=0x8003fe98
     473645.000 ns	     47363	80009e9c	163f2423	sw	x3,360(x30)	 x30:0x8003fe98  x3:0x00000001 PA:0xxxxxxxxx
     473665.000 ns	     47365	80009ea0	ff9ff06f	jal	x0,80009e9c	
     473715.000 ns	     47370	80009e98	00036f17	auipc	x30,0x36	 x30=0x8003fe98
     473725.000 ns	     47371	80009e9c	163f2423	sw	x3,360(x30)	 x30:0x8003fe98  x3:0x00000001 PA:0xxxxxxxxx
     473745.000 ns	     47373	80009ea0	ff9ff06f	jal	x0,80009e9c	
     473795.000 ns	     47378	80009e98	00036f17	auipc	x30,0x36	 x30=0x8003fe98
     473805.000 ns	     47379	80009e9c	163f2423	sw	x3,360(x30)	 x30:0x8003fe98  x3:0x00000001 PA:0xxxxxxxxx
     473825.000 ns	     47381	80009ea0	ff9ff06f	jal	x0,80009e9c	
     473875.000 ns	     47386	80009e98	00036f17	auipc	x30,0x36	 x30=0x8003fe98
     473885.000 ns	     47387	80009e9c	163f2423	sw	x3,360(x30)	 x30:0x8003fe98  x3:0x00000001 PA:0xxxxxxxxx
     473905.000 ns	     47389	80009ea0	ff9ff06f	jal	x0,80009e9c	
     473955.000 ns	     47394	80009e98	00036f17	auipc	x30,0x36	 x30=0x8003fe98
     473965.000 ns	     47395	80009e9c	163f2423	sw	x3,360(x30)	 x30:0x8003fe98  x3:0x00000001 PA:0xxxxxxxxx
     473985.000 ns	     47397	80009ea0	ff9ff06f	jal	x0,80009e9c	
     474035.000 ns	     47402	80009e98	00036f17	auipc	x30,0x36	 x30=0x8003fe98
     474045.000 ns	     47403	80009e9c	163f2423	sw	x3,360(x30)	 x30:0x8003fe98  x3:0x00000001 PA:0xxxxxxxxx
     474065.000 ns	     47405	80009ea0	ff9ff06f	jal	x0,80009e9c	
     474115.000 ns	     47410	80009e98	00036f17	auipc	x30,0x36	 x30=0x8003fe98
     474125.000 ns	     47411	80009e9c	163f2423	sw	x3,360(x30)	 x30:0x8003fe98  x3:0x00000001 PA:0xxxxxxxxx
     474145.000 ns	     47413	80009ea0	ff9ff06f	jal	x0,80009e9c	
     474195.000 ns	     47418	80009e98	00036f17	auipc	x30,0x36	 x30=0x8003fe98
     474205.000 ns	     47419	80009e9c	163f2423	sw	x3,360(x30)	 x30:0x8003fe98  x3:0x00000001 PA:0xxxxxxxxx
     474225.000 ns	     47421	80009ea0	ff9ff06f	jal	x0,80009e9c	
     474275.000 ns	     47426	80009e98	00036f17	auipc	x30,0x36	 x30=0x8003fe98
     474285.000 ns	     47427	80009e9c	163f2423	sw	x3,360(x30)	 x30:0x8003fe98  x3:0x00000001 PA:0xxxxxxxxx
     474305.000 ns	     47429	80009ea0	ff9ff06f	jal	x0,80009e9c	
     474355.000 ns	     47434	80009e98	00036f17	auipc	x30,0x36	 x30=0x8003fe98
     474365.000 ns	     47435	80009e9c	163f2423	sw	x3,360(x30)	 x30:0x8003fe98  x3:0x00000001 PA:0xxxxxxxxx
     474385.000 ns	     47437	80009ea0	ff9ff06f	jal	x0,80009e9c	
     474435.000 ns	     47442	80009e98	00036f17	auipc	x30,0x36	 x30=0x8003fe98
     474445.000 ns	     47443	80009e9c	163f2423	sw	x3,360(x30)	 x30:0x8003fe98  x3:0x00000001 PA:0xxxxxxxxx
     474465.000 ns	     47445	80009ea0	ff9ff06f	jal	x0,80009e9c	
     474515.000 ns	     47450	80009e98	00036f17	auipc	x30,0x36	 x30=0x8003fe98
     474525.000 ns	     47451	80009e9c	163f2423	sw	x3,360(x30)	 x30:0x8003fe98  x3:0x00000001 PA:0xxxxxxxxx
     474545.000 ns	     47453	80009ea0	ff9ff06f	jal	x0,80009e9c	
     474595.000 ns	     47458	80009e98	00036f17	auipc	x30,0x36	 x30=0x8003fe98
     474605.000 ns	     47459	80009e9c	163f2423	sw	x3,360(x30)	 x30:0x8003fe98  x3:0x00000001 PA:0xxxxxxxxx
     474625.000 ns	     47461	80009ea0	ff9ff06f	jal	x0,80009e9c	
     474675.000 ns	     47466	80009e98	00036f17	auipc	x30,0x36	 x30=0x8003fe98
     474685.000 ns	     47467	80009e9c	163f2423	sw	x3,360(x30)	 x30:0x8003fe98  x3:0x00000001 PA:0xxxxxxxxx
     474705.000 ns	     47469	80009ea0	ff9ff06f	jal	x0,80009e9c	
     474755.000 ns	     47474	80009e98	00036f17	auipc	x30,0x36	 x30=0x8003fe98
     474765.000 ns	     47475	80009e9c	163f2423	sw	x3,360(x30)	 x30:0x8003fe98  x3:0x00000001 PA:0xxxxxxxxx
     474785.000 ns	     47477	80009ea0	ff9ff06f	jal	x0,80009e9c	
     474835.000 ns	     47482	80009e98	00036f17	auipc	x30,0x36	 x30=0x8003fe98
     474845.000 ns	     47483	80009e9c	163f2423	sw	x3,360(x30)	 x30:0x8003fe98  x3:0x00000001 PA:0xxxxxxxxx
     474865.000 ns	     47485	80009ea0	ff9ff06f	jal	x0,80009e9c	
     474915.000 ns	     47490	80009e98	00036f17	auipc	x30,0x36	 x30=0x8003fe98
     474925.000 ns	     47491	80009e9c	163f2423	sw	x3,360(x30)	 x30:0x8003fe98  x3:0x00000001 PA:0xxxxxxxxx
     474945.000 ns	     47493	80009ea0	ff9ff06f	jal	x0,80009e9c	
     474995.000 ns	     47498	80009e98	00036f17	auipc	x30,0x36	 x30=0x8003fe98
     475005.000 ns	     47499	80009e9c	163f2423	sw	x3,360(x30)	 x30:0x8003fe98  x3:0x00000001 PA:0xxxxxxxxx
     475025.000 ns	     47501	80009ea0	ff9ff06f	jal	x0,80009e9c	
     475075.000 ns	     47506	80009e98	00036f17	auipc	x30,0x36	 x30=0x8003fe98
     475085.000 ns	     47507	80009e9c	163f2423	sw	x3,360(x30)	 x30:0x8003fe98  x3:0x00000001 PA:0xxxxxxxxx
     475105.000 ns	     47509	80009ea0	ff9ff06f	jal	x0,80009e9c	
     475155.000 ns	     47514	80009e98	00036f17	auipc	x30,0x36	 x30=0x8003fe98
     475165.000 ns	     47515	80009e9c	163f2423	sw	x3,360(x30)	 x30:0x8003fe98  x3:0x00000001 PA:0xxxxxxxxx
     475185.000 ns	     47517	80009ea0	ff9ff06f	jal	x0,80009e9c	
     475235.000 ns	     47522	80009e98	00036f17	auipc	x30,0x36	 x30=0x8003fe98
     475245.000 ns	     47523	80009e9c	163f2423	sw	x3,360(x30)	 x30:0x8003fe98  x3:0x00000001 PA:0xxxxxxxxx
     475265.000 ns	     47525	80009ea0	ff9ff06f	jal	x0,80009e9c	
     475315.000 ns	     47530	80009e98	00036f17	auipc	x30,0x36	 x30=0x8003fe98
     475325.000 ns	     47531	80009e9c	163f2423	sw	x3,360(x30)	 x30:0x8003fe98  x3:0x00000001 PA:0xxxxxxxxx
     475345.000 ns	     47533	80009ea0	ff9ff06f	jal	x0,80009e9c	
     475395.000 ns	     47538	80009e98	00036f17	auipc	x30,0x36	 x30=0x8003fe98
     475405.000 ns	     47539	80009e9c	163f2423	sw	x3,360(x30)	 x30:0x8003fe98  x3:0x00000001 PA:0xxxxxxxxx
     475425.000 ns	     47541	80009ea0	ff9ff06f	jal	x0,80009e9c	
     475475.000 ns	     47546	80009e98	00036f17	auipc	x30,0x36	 x30=0x8003fe98
     475485.000 ns	     47547	80009e9c	163f2423	sw	x3,360(x30)	 x30:0x8003fe98  x3:0x00000001 PA:0xxxxxxxxx
     475505.000 ns	     47549	80009ea0	ff9ff06f	jal	x0,80009e9c	
     475555.000 ns	     47554	80009e98	00036f17	auipc	x30,0x36	 x30=0x8003fe98
     475565.000 ns	     47555	80009e9c	163f2423	sw	x3,360(x30)	 x30:0x8003fe98  x3:0x00000001 PA:0xxxxxxxxx
     475585.000 ns	     47557	80009ea0	ff9ff06f	jal	x0,80009e9c	
     475635.000 ns	     47562	80009e98	00036f17	auipc	x30,0x36	 x30=0x8003fe98
     475645.000 ns	     47563	80009e9c	163f2423	sw	x3,360(x30)	 x30:0x8003fe98  x3:0x00000001 PA:0xxxxxxxxx
     475665.000 ns	     47565	80009ea0	ff9ff06f	jal	x0,80009e9c	
     475715.000 ns	     47570	80009e98	00036f17	auipc	x30,0x36	 x30=0x8003fe98
     475725.000 ns	     47571	80009e9c	163f2423	sw	x3,360(x30)	 x30:0x8003fe98  x3:0x00000001 PA:0xxxxxxxxx
     475745.000 ns	     47573	80009ea0	ff9ff06f	jal	x0,80009e9c	
     475795.000 ns	     47578	80009e98	00036f17	auipc	x30,0x36	 x30=0x8003fe98
     475805.000 ns	     47579	80009e9c	163f2423	sw	x3,360(x30)	 x30:0x8003fe98  x3:0x00000001 PA:0xxxxxxxxx
     475825.000 ns	     47581	80009ea0	ff9ff06f	jal	x0,80009e9c	
     475875.000 ns	     47586	80009e98	00036f17	auipc	x30,0x36	 x30=0x8003fe98
     475885.000 ns	     47587	80009e9c	163f2423	sw	x3,360(x30)	 x30:0x8003fe98  x3:0x00000001 PA:0xxxxxxxxx
     475905.000 ns	     47589	80009ea0	ff9ff06f	jal	x0,80009e9c	
     475955.000 ns	     47594	80009e98	00036f17	auipc	x30,0x36	 x30=0x8003fe98
     475965.000 ns	     47595	80009e9c	163f2423	sw	x3,360(x30)	 x30:0x8003fe98  x3:0x00000001 PA:0xxxxxxxxx
     475985.000 ns	     47597	80009ea0	ff9ff06f	jal	x0,80009e9c	
     476035.000 ns	     47602	80009e98	00036f17	auipc	x30,0x36	 x30=0x8003fe98
     476045.000 ns	     47603	80009e9c	163f2423	sw	x3,360(x30)	 x30:0x8003fe98  x3:0x00000001 PA:0xxxxxxxxx
     476065.000 ns	     47605	80009ea0	ff9ff06f	jal	x0,80009e9c	
     476115.000 ns	     47610	80009e98	00036f17	auipc	x30,0x36	 x30=0x8003fe98
     476125.000 ns	     47611	80009e9c	163f2423	sw	x3,360(x30)	 x30:0x8003fe98  x3:0x00000001 PA:0xxxxxxxxx
     476145.000 ns	     47613	80009ea0	ff9ff06f	jal	x0,80009e9c	
     476195.000 ns	     47618	80009e98	00036f17	auipc	x30,0x36	 x30=0x8003fe98
     476205.000 ns	     47619	80009e9c	163f2423	sw	x3,360(x30)	 x30:0x8003fe98  x3:0x00000001 PA:0xxxxxxxxx
     476225.000 ns	     47621	80009ea0	ff9ff06f	jal	x0,80009e9c	
     476275.000 ns	     47626	80009e98	00036f17	auipc	x30,0x36	 x30=0x8003fe98
     476285.000 ns	     47627	80009e9c	163f2423	sw	x3,360(x30)	 x30:0x8003fe98  x3:0x00000001 PA:0xxxxxxxxx
     476305.000 ns	     47629	80009ea0	ff9ff06f	jal	x0,80009e9c	
     476355.000 ns	     47634	80009e98	00036f17	auipc	x30,0x36	 x30=0x8003fe98
     476365.000 ns	     47635	80009e9c	163f2423	sw	x3,360(x30)	 x30:0x8003fe98  x3:0x00000001 PA:0xxxxxxxxx
     476385.000 ns	     47637	80009ea0	ff9ff06f	jal	x0,80009e9c	
     476435.000 ns	     47642	80009e98	00036f17	auipc	x30,0x36	 x30=0x8003fe98
     476445.000 ns	     47643	80009e9c	163f2423	sw	x3,360(x30)	 x30:0x8003fe98  x3:0x00000001 PA:0xxxxxxxxx
     476465.000 ns	     47645	80009ea0	ff9ff06f	jal	x0,80009e9c	
     476515.000 ns	     47650	80009e98	00036f17	auipc	x30,0x36	 x30=0x8003fe98
     476525.000 ns	     47651	80009e9c	163f2423	sw	x3,360(x30)	 x30:0x8003fe98  x3:0x00000001 PA:0xxxxxxxxx
     476545.000 ns	     47653	80009ea0	ff9ff06f	jal	x0,80009e9c	
     476595.000 ns	     47658	80009e98	00036f17	auipc	x30,0x36	 x30=0x8003fe98
     476605.000 ns	     47659	80009e9c	163f2423	sw	x3,360(x30)	 x30:0x8003fe98  x3:0x00000001 PA:0xxxxxxxxx
     476625.000 ns	     47661	80009ea0	ff9ff06f	jal	x0,80009e9c	
     476675.000 ns	     47666	80009e98	00036f17	auipc	x30,0x36	 x30=0x8003fe98
     476685.000 ns	     47667	80009e9c	163f2423	sw	x3,360(x30)	 x30:0x8003fe98  x3:0x00000001 PA:0xxxxxxxxx
     476705.000 ns	     47669	80009ea0	ff9ff06f	jal	x0,80009e9c	
     476755.000 ns	     47674	80009e98	00036f17	auipc	x30,0x36	 x30=0x8003fe98
     476765.000 ns	     47675	80009e9c	163f2423	sw	x3,360(x30)	 x30:0x8003fe98  x3:0x00000001 PA:0xxxxxxxxx
     476785.000 ns	     47677	80009ea0	ff9ff06f	jal	x0,80009e9c	
     476835.000 ns	     47682	80009e98	00036f17	auipc	x30,0x36	 x30=0x8003fe98
     476845.000 ns	     47683	80009e9c	163f2423	sw	x3,360(x30)	 x30:0x8003fe98  x3:0x00000001 PA:0xxxxxxxxx
     476865.000 ns	     47685	80009ea0	ff9ff06f	jal	x0,80009e9c	
     476915.000 ns	     47690	80009e98	00036f17	auipc	x30,0x36	 x30=0x8003fe98
     476925.000 ns	     47691	80009e9c	163f2423	sw	x3,360(x30)	 x30:0x8003fe98  x3:0x00000001 PA:0xxxxxxxxx
     476945.000 ns	     47693	80009ea0	ff9ff06f	jal	x0,80009e9c	
     476995.000 ns	     47698	80009e98	00036f17	auipc	x30,0x36	 x30=0x8003fe98
     477005.000 ns	     47699	80009e9c	163f2423	sw	x3,360(x30)	 x30:0x8003fe98  x3:0x00000001 PA:0xxxxxxxxx
     477025.000 ns	     47701	80009ea0	ff9ff06f	jal	x0,80009e9c	
     477075.000 ns	     47706	80009e98	00036f17	auipc	x30,0x36	 x30=0x8003fe98
     477085.000 ns	     47707	80009e9c	163f2423	sw	x3,360(x30)	 x30:0x8003fe98  x3:0x00000001 PA:0xxxxxxxxx
     477105.000 ns	     47709	80009ea0	ff9ff06f	jal	x0,80009e9c	
     477155.000 ns	     47714	80009e98	00036f17	auipc	x30,0x36	 x30=0x8003fe98
     477165.000 ns	     47715	80009e9c	163f2423	sw	x3,360(x30)	 x30:0x8003fe98  x3:0x00000001 PA:0xxxxxxxxx
     477185.000 ns	     47717	80009ea0	ff9ff06f	jal	x0,80009e9c	
     477235.000 ns	     47722	80009e98	00036f17	auipc	x30,0x36	 x30=0x8003fe98
     477245.000 ns	     47723	80009e9c	163f2423	sw	x3,360(x30)	 x30:0x8003fe98  x3:0x00000001 PA:0xxxxxxxxx
     477265.000 ns	     47725	80009ea0	ff9ff06f	jal	x0,80009e9c	
     477315.000 ns	     47730	80009e98	00036f17	auipc	x30,0x36	 x30=0x8003fe98
     477325.000 ns	     47731	80009e9c	163f2423	sw	x3,360(x30)	 x30:0x8003fe98  x3:0x00000001 PA:0xxxxxxxxx
     477345.000 ns	     47733	80009ea0	ff9ff06f	jal	x0,80009e9c	
     477395.000 ns	     47738	80009e98	00036f17	auipc	x30,0x36	 x30=0x8003fe98
     477405.000 ns	     47739	80009e9c	163f2423	sw	x3,360(x30)	 x30:0x8003fe98  x3:0x00000001 PA:0xxxxxxxxx
     477425.000 ns	     47741	80009ea0	ff9ff06f	jal	x0,80009e9c	
     477475.000 ns	     47746	80009e98	00036f17	auipc	x30,0x36	 x30=0x8003fe98
     477485.000 ns	     47747	80009e9c	163f2423	sw	x3,360(x30)	 x30:0x8003fe98  x3:0x00000001 PA:0xxxxxxxxx
     477505.000 ns	     47749	80009ea0	ff9ff06f	jal	x0,80009e9c	
     477555.000 ns	     47754	80009e98	00036f17	auipc	x30,0x36	 x30=0x8003fe98
     477565.000 ns	     47755	80009e9c	163f2423	sw	x3,360(x30)	 x30:0x8003fe98  x3:0x00000001 PA:0xxxxxxxxx
     477585.000 ns	     47757	80009ea0	ff9ff06f	jal	x0,80009e9c	
     477635.000 ns	     47762	80009e98	00036f17	auipc	x30,0x36	 x30=0x8003fe98
     477645.000 ns	     47763	80009e9c	163f2423	sw	x3,360(x30)	 x30:0x8003fe98  x3:0x00000001 PA:0xxxxxxxxx
     477665.000 ns	     47765	80009ea0	ff9ff06f	jal	x0,80009e9c	
     477715.000 ns	     47770	80009e98	00036f17	auipc	x30,0x36	 x30=0x8003fe98
     477725.000 ns	     47771	80009e9c	163f2423	sw	x3,360(x30)	 x30:0x8003fe98  x3:0x00000001 PA:0xxxxxxxxx
     477745.000 ns	     47773	80009ea0	ff9ff06f	jal	x0,80009e9c	
     477795.000 ns	     47778	80009e98	00036f17	auipc	x30,0x36	 x30=0x8003fe98
     477805.000 ns	     47779	80009e9c	163f2423	sw	x3,360(x30)	 x30:0x8003fe98  x3:0x00000001 PA:0xxxxxxxxx
     477825.000 ns	     47781	80009ea0	ff9ff06f	jal	x0,80009e9c	
     477875.000 ns	     47786	80009e98	00036f17	auipc	x30,0x36	 x30=0x8003fe98
     477885.000 ns	     47787	80009e9c	163f2423	sw	x3,360(x30)	 x30:0x8003fe98  x3:0x00000001 PA:0xxxxxxxxx
     477905.000 ns	     47789	80009ea0	ff9ff06f	jal	x0,80009e9c	
     477955.000 ns	     47794	80009e98	00036f17	auipc	x30,0x36	 x30=0x8003fe98
     477965.000 ns	     47795	80009e9c	163f2423	sw	x3,360(x30)	 x30:0x8003fe98  x3:0x00000001 PA:0xxxxxxxxx
     477985.000 ns	     47797	80009ea0	ff9ff06f	jal	x0,80009e9c	
     478035.000 ns	     47802	80009e98	00036f17	auipc	x30,0x36	 x30=0x8003fe98
     478045.000 ns	     47803	80009e9c	163f2423	sw	x3,360(x30)	 x30:0x8003fe98  x3:0x00000001 PA:0xxxxxxxxx
     478065.000 ns	     47805	80009ea0	ff9ff06f	jal	x0,80009e9c	
     478115.000 ns	     47810	80009e98	00036f17	auipc	x30,0x36	 x30=0x8003fe98
     478125.000 ns	     47811	80009e9c	163f2423	sw	x3,360(x30)	 x30:0x8003fe98  x3:0x00000001 PA:0xxxxxxxxx
     478145.000 ns	     47813	80009ea0	ff9ff06f	jal	x0,80009e9c	
     478195.000 ns	     47818	80009e98	00036f17	auipc	x30,0x36	 x30=0x8003fe98
     478205.000 ns	     47819	80009e9c	163f2423	sw	x3,360(x30)	 x30:0x8003fe98  x3:0x00000001 PA:0xxxxxxxxx
     478225.000 ns	     47821	80009ea0	ff9ff06f	jal	x0,80009e9c	
     478275.000 ns	     47826	80009e98	00036f17	auipc	x30,0x36	 x30=0x8003fe98
     478285.000 ns	     47827	80009e9c	163f2423	sw	x3,360(x30)	 x30:0x8003fe98  x3:0x00000001 PA:0xxxxxxxxx
     478305.000 ns	     47829	80009ea0	ff9ff06f	jal	x0,80009e9c	
     478355.000 ns	     47834	80009e98	00036f17	auipc	x30,0x36	 x30=0x8003fe98
     478365.000 ns	     47835	80009e9c	163f2423	sw	x3,360(x30)	 x30:0x8003fe98  x3:0x00000001 PA:0xxxxxxxxx
     478385.000 ns	     47837	80009ea0	ff9ff06f	jal	x0,80009e9c	
     478435.000 ns	     47842	80009e98	00036f17	auipc	x30,0x36	 x30=0x8003fe98
     478445.000 ns	     47843	80009e9c	163f2423	sw	x3,360(x30)	 x30:0x8003fe98  x3:0x00000001 PA:0xxxxxxxxx
     478465.000 ns	     47845	80009ea0	ff9ff06f	jal	x0,80009e9c	
     478515.000 ns	     47850	80009e98	00036f17	auipc	x30,0x36	 x30=0x8003fe98
     478525.000 ns	     47851	80009e9c	163f2423	sw	x3,360(x30)	 x30:0x8003fe98  x3:0x00000001 PA:0xxxxxxxxx
     478545.000 ns	     47853	80009ea0	ff9ff06f	jal	x0,80009e9c	
     478595.000 ns	     47858	80009e98	00036f17	auipc	x30,0x36	 x30=0x8003fe98
     478605.000 ns	     47859	80009e9c	163f2423	sw	x3,360(x30)	 x30:0x8003fe98  x3:0x00000001 PA:0xxxxxxxxx
     478625.000 ns	     47861	80009ea0	ff9ff06f	jal	x0,80009e9c	
     478675.000 ns	     47866	80009e98	00036f17	auipc	x30,0x36	 x30=0x8003fe98
     478685.000 ns	     47867	80009e9c	163f2423	sw	x3,360(x30)	 x30:0x8003fe98  x3:0x00000001 PA:0xxxxxxxxx
     478705.000 ns	     47869	80009ea0	ff9ff06f	jal	x0,80009e9c	
     478755.000 ns	     47874	80009e98	00036f17	auipc	x30,0x36	 x30=0x8003fe98
     478765.000 ns	     47875	80009e9c	163f2423	sw	x3,360(x30)	 x30:0x8003fe98  x3:0x00000001 PA:0xxxxxxxxx
     478785.000 ns	     47877	80009ea0	ff9ff06f	jal	x0,80009e9c	
     478835.000 ns	     47882	80009e98	00036f17	auipc	x30,0x36	 x30=0x8003fe98
     478845.000 ns	     47883	80009e9c	163f2423	sw	x3,360(x30)	 x30:0x8003fe98  x3:0x00000001 PA:0xxxxxxxxx
     478865.000 ns	     47885	80009ea0	ff9ff06f	jal	x0,80009e9c	
     478915.000 ns	     47890	80009e98	00036f17	auipc	x30,0x36	 x30=0x8003fe98
     478925.000 ns	     47891	80009e9c	163f2423	sw	x3,360(x30)	 x30:0x8003fe98  x3:0x00000001 PA:0xxxxxxxxx
     478945.000 ns	     47893	80009ea0	ff9ff06f	jal	x0,80009e9c	
     478995.000 ns	     47898	80009e98	00036f17	auipc	x30,0x36	 x30=0x8003fe98
     479005.000 ns	     47899	80009e9c	163f2423	sw	x3,360(x30)	 x30:0x8003fe98  x3:0x00000001 PA:0xxxxxxxxx
     479025.000 ns	     47901	80009ea0	ff9ff06f	jal	x0,80009e9c	
     479075.000 ns	     47906	80009e98	00036f17	auipc	x30,0x36	 x30=0x8003fe98
     479085.000 ns	     47907	80009e9c	163f2423	sw	x3,360(x30)	 x30:0x8003fe98  x3:0x00000001 PA:0xxxxxxxxx
     479105.000 ns	     47909	80009ea0	ff9ff06f	jal	x0,80009e9c	
     479155.000 ns	     47914	80009e98	00036f17	auipc	x30,0x36	 x30=0x8003fe98
     479165.000 ns	     47915	80009e9c	163f2423	sw	x3,360(x30)	 x30:0x8003fe98  x3:0x00000001 PA:0xxxxxxxxx
     479185.000 ns	     47917	80009ea0	ff9ff06f	jal	x0,80009e9c	
     479235.000 ns	     47922	80009e98	00036f17	auipc	x30,0x36	 x30=0x8003fe98
     479245.000 ns	     47923	80009e9c	163f2423	sw	x3,360(x30)	 x30:0x8003fe98  x3:0x00000001 PA:0xxxxxxxxx
     479265.000 ns	     47925	80009ea0	ff9ff06f	jal	x0,80009e9c	
     479315.000 ns	     47930	80009e98	00036f17	auipc	x30,0x36	 x30=0x8003fe98
     479325.000 ns	     47931	80009e9c	163f2423	sw	x3,360(x30)	 x30:0x8003fe98  x3:0x00000001 PA:0xxxxxxxxx
     479345.000 ns	     47933	80009ea0	ff9ff06f	jal	x0,80009e9c	
     479395.000 ns	     47938	80009e98	00036f17	auipc	x30,0x36	 x30=0x8003fe98
     479405.000 ns	     47939	80009e9c	163f2423	sw	x3,360(x30)	 x30:0x8003fe98  x3:0x00000001 PA:0xxxxxxxxx
     479425.000 ns	     47941	80009ea0	ff9ff06f	jal	x0,80009e9c	
     479475.000 ns	     47946	80009e98	00036f17	auipc	x30,0x36	 x30=0x8003fe98
     479485.000 ns	     47947	80009e9c	163f2423	sw	x3,360(x30)	 x30:0x8003fe98  x3:0x00000001 PA:0xxxxxxxxx
     479505.000 ns	     47949	80009ea0	ff9ff06f	jal	x0,80009e9c	
     479555.000 ns	     47954	80009e98	00036f17	auipc	x30,0x36	 x30=0x8003fe98
     479565.000 ns	     47955	80009e9c	163f2423	sw	x3,360(x30)	 x30:0x8003fe98  x3:0x00000001 PA:0xxxxxxxxx
     479585.000 ns	     47957	80009ea0	ff9ff06f	jal	x0,80009e9c	
     479635.000 ns	     47962	80009e98	00036f17	auipc	x30,0x36	 x30=0x8003fe98
     479645.000 ns	     47963	80009e9c	163f2423	sw	x3,360(x30)	 x30:0x8003fe98  x3:0x00000001 PA:0xxxxxxxxx
     479665.000 ns	     47965	80009ea0	ff9ff06f	jal	x0,80009e9c	
     479715.000 ns	     47970	80009e98	00036f17	auipc	x30,0x36	 x30=0x8003fe98
     479725.000 ns	     47971	80009e9c	163f2423	sw	x3,360(x30)	 x30:0x8003fe98  x3:0x00000001 PA:0xxxxxxxxx
     479745.000 ns	     47973	80009ea0	ff9ff06f	jal	x0,80009e9c	
     479795.000 ns	     47978	80009e98	00036f17	auipc	x30,0x36	 x30=0x8003fe98
     479805.000 ns	     47979	80009e9c	163f2423	sw	x3,360(x30)	 x30:0x8003fe98  x3:0x00000001 PA:0xxxxxxxxx
     479825.000 ns	     47981	80009ea0	ff9ff06f	jal	x0,80009e9c	
     479875.000 ns	     47986	80009e98	00036f17	auipc	x30,0x36	 x30=0x8003fe98
     479885.000 ns	     47987	80009e9c	163f2423	sw	x3,360(x30)	 x30:0x8003fe98  x3:0x00000001 PA:0xxxxxxxxx
     479905.000 ns	     47989	80009ea0	ff9ff06f	jal	x0,80009e9c	
     479955.000 ns	     47994	80009e98	00036f17	auipc	x30,0x36	 x30=0x8003fe98
     479965.000 ns	     47995	80009e9c	163f2423	sw	x3,360(x30)	 x30:0x8003fe98  x3:0x00000001 PA:0xxxxxxxxx
     479985.000 ns	     47997	80009ea0	ff9ff06f	jal	x0,80009e9c	
     480035.000 ns	     48002	80009e98	00036f17	auipc	x30,0x36	 x30=0x8003fe98
     480045.000 ns	     48003	80009e9c	163f2423	sw	x3,360(x30)	 x30:0x8003fe98  x3:0x00000001 PA:0xxxxxxxxx
     480065.000 ns	     48005	80009ea0	ff9ff06f	jal	x0,80009e9c	
     480115.000 ns	     48010	80009e98	00036f17	auipc	x30,0x36	 x30=0x8003fe98
     480125.000 ns	     48011	80009e9c	163f2423	sw	x3,360(x30)	 x30:0x8003fe98  x3:0x00000001 PA:0xxxxxxxxx
     480145.000 ns	     48013	80009ea0	ff9ff06f	jal	x0,80009e9c	
     480195.000 ns	     48018	80009e98	00036f17	auipc	x30,0x36	 x30=0x8003fe98
     480205.000 ns	     48019	80009e9c	163f2423	sw	x3,360(x30)	 x30:0x8003fe98  x3:0x00000001 PA:0xxxxxxxxx
     480225.000 ns	     48021	80009ea0	ff9ff06f	jal	x0,80009e9c	
     480275.000 ns	     48026	80009e98	00036f17	auipc	x30,0x36	 x30=0x8003fe98
     480285.000 ns	     48027	80009e9c	163f2423	sw	x3,360(x30)	 x30:0x8003fe98  x3:0x00000001 PA:0xxxxxxxxx
     480305.000 ns	     48029	80009ea0	ff9ff06f	jal	x0,80009e9c	
     480355.000 ns	     48034	80009e98	00036f17	auipc	x30,0x36	 x30=0x8003fe98
     480365.000 ns	     48035	80009e9c	163f2423	sw	x3,360(x30)	 x30:0x8003fe98  x3:0x00000001 PA:0xxxxxxxxx
     480385.000 ns	     48037	80009ea0	ff9ff06f	jal	x0,80009e9c	
     480435.000 ns	     48042	80009e98	00036f17	auipc	x30,0x36	 x30=0x8003fe98
     480445.000 ns	     48043	80009e9c	163f2423	sw	x3,360(x30)	 x30:0x8003fe98  x3:0x00000001 PA:0xxxxxxxxx
     480465.000 ns	     48045	80009ea0	ff9ff06f	jal	x0,80009e9c	
     480515.000 ns	     48050	80009e98	00036f17	auipc	x30,0x36	 x30=0x8003fe98
     480525.000 ns	     48051	80009e9c	163f2423	sw	x3,360(x30)	 x30:0x8003fe98  x3:0x00000001 PA:0xxxxxxxxx
     480545.000 ns	     48053	80009ea0	ff9ff06f	jal	x0,80009e9c	
     480595.000 ns	     48058	80009e98	00036f17	auipc	x30,0x36	 x30=0x8003fe98
     480605.000 ns	     48059	80009e9c	163f2423	sw	x3,360(x30)	 x30:0x8003fe98  x3:0x00000001 PA:0xxxxxxxxx
     480625.000 ns	     48061	80009ea0	ff9ff06f	jal	x0,80009e9c	
     480675.000 ns	     48066	80009e98	00036f17	auipc	x30,0x36	 x30=0x8003fe98
     480685.000 ns	     48067	80009e9c	163f2423	sw	x3,360(x30)	 x30:0x8003fe98  x3:0x00000001 PA:0xxxxxxxxx
     480705.000 ns	     48069	80009ea0	ff9ff06f	jal	x0,80009e9c	
     480755.000 ns	     48074	80009e98	00036f17	auipc	x30,0x36	 x30=0x8003fe98
     480765.000 ns	     48075	80009e9c	163f2423	sw	x3,360(x30)	 x30:0x8003fe98  x3:0x00000001 PA:0xxxxxxxxx
     480785.000 ns	     48077	80009ea0	ff9ff06f	jal	x0,80009e9c	
     480835.000 ns	     48082	80009e98	00036f17	auipc	x30,0x36	 x30=0x8003fe98
     480845.000 ns	     48083	80009e9c	163f2423	sw	x3,360(x30)	 x30:0x8003fe98  x3:0x00000001 PA:0xxxxxxxxx
     480865.000 ns	     48085	80009ea0	ff9ff06f	jal	x0,80009e9c	
     480915.000 ns	     48090	80009e98	00036f17	auipc	x30,0x36	 x30=0x8003fe98
     480925.000 ns	     48091	80009e9c	163f2423	sw	x3,360(x30)	 x30:0x8003fe98  x3:0x00000001 PA:0xxxxxxxxx
     480945.000 ns	     48093	80009ea0	ff9ff06f	jal	x0,80009e9c	
     480995.000 ns	     48098	80009e98	00036f17	auipc	x30,0x36	 x30=0x8003fe98
     481005.000 ns	     48099	80009e9c	163f2423	sw	x3,360(x30)	 x30:0x8003fe98  x3:0x00000001 PA:0xxxxxxxxx
     481025.000 ns	     48101	80009ea0	ff9ff06f	jal	x0,80009e9c	
     481075.000 ns	     48106	80009e98	00036f17	auipc	x30,0x36	 x30=0x8003fe98
     481085.000 ns	     48107	80009e9c	163f2423	sw	x3,360(x30)	 x30:0x8003fe98  x3:0x00000001 PA:0xxxxxxxxx
     481105.000 ns	     48109	80009ea0	ff9ff06f	jal	x0,80009e9c	
     481155.000 ns	     48114	80009e98	00036f17	auipc	x30,0x36	 x30=0x8003fe98
     481165.000 ns	     48115	80009e9c	163f2423	sw	x3,360(x30)	 x30:0x8003fe98  x3:0x00000001 PA:0xxxxxxxxx
     481185.000 ns	     48117	80009ea0	ff9ff06f	jal	x0,80009e9c	
     481235.000 ns	     48122	80009e98	00036f17	auipc	x30,0x36	 x30=0x8003fe98
     481245.000 ns	     48123	80009e9c	163f2423	sw	x3,360(x30)	 x30:0x8003fe98  x3:0x00000001 PA:0xxxxxxxxx
     481265.000 ns	     48125	80009ea0	ff9ff06f	jal	x0,80009e9c	
     481315.000 ns	     48130	80009e98	00036f17	auipc	x30,0x36	 x30=0x8003fe98
     481325.000 ns	     48131	80009e9c	163f2423	sw	x3,360(x30)	 x30:0x8003fe98  x3:0x00000001 PA:0xxxxxxxxx
     481345.000 ns	     48133	80009ea0	ff9ff06f	jal	x0,80009e9c	
     481395.000 ns	     48138	80009e98	00036f17	auipc	x30,0x36	 x30=0x8003fe98
     481405.000 ns	     48139	80009e9c	163f2423	sw	x3,360(x30)	 x30:0x8003fe98  x3:0x00000001 PA:0xxxxxxxxx
     481425.000 ns	     48141	80009ea0	ff9ff06f	jal	x0,80009e9c	
     481475.000 ns	     48146	80009e98	00036f17	auipc	x30,0x36	 x30=0x8003fe98
     481485.000 ns	     48147	80009e9c	163f2423	sw	x3,360(x30)	 x30:0x8003fe98  x3:0x00000001 PA:0xxxxxxxxx
     481505.000 ns	     48149	80009ea0	ff9ff06f	jal	x0,80009e9c	
     481555.000 ns	     48154	80009e98	00036f17	auipc	x30,0x36	 x30=0x8003fe98
     481565.000 ns	     48155	80009e9c	163f2423	sw	x3,360(x30)	 x30:0x8003fe98  x3:0x00000001 PA:0xxxxxxxxx
     481585.000 ns	     48157	80009ea0	ff9ff06f	jal	x0,80009e9c	
     481635.000 ns	     48162	80009e98	00036f17	auipc	x30,0x36	 x30=0x8003fe98
     481645.000 ns	     48163	80009e9c	163f2423	sw	x3,360(x30)	 x30:0x8003fe98  x3:0x00000001 PA:0xxxxxxxxx
     481665.000 ns	     48165	80009ea0	ff9ff06f	jal	x0,80009e9c	
     481715.000 ns	     48170	80009e98	00036f17	auipc	x30,0x36	 x30=0x8003fe98
     481725.000 ns	     48171	80009e9c	163f2423	sw	x3,360(x30)	 x30:0x8003fe98  x3:0x00000001 PA:0xxxxxxxxx
     481745.000 ns	     48173	80009ea0	ff9ff06f	jal	x0,80009e9c	
     481795.000 ns	     48178	80009e98	00036f17	auipc	x30,0x36	 x30=0x8003fe98
     481805.000 ns	     48179	80009e9c	163f2423	sw	x3,360(x30)	 x30:0x8003fe98  x3:0x00000001 PA:0xxxxxxxxx
     481825.000 ns	     48181	80009ea0	ff9ff06f	jal	x0,80009e9c	
     481875.000 ns	     48186	80009e98	00036f17	auipc	x30,0x36	 x30=0x8003fe98
     481885.000 ns	     48187	80009e9c	163f2423	sw	x3,360(x30)	 x30:0x8003fe98  x3:0x00000001 PA:0xxxxxxxxx
     481905.000 ns	     48189	80009ea0	ff9ff06f	jal	x0,80009e9c	
     481955.000 ns	     48194	80009e98	00036f17	auipc	x30,0x36	 x30=0x8003fe98
     481965.000 ns	     48195	80009e9c	163f2423	sw	x3,360(x30)	 x30:0x8003fe98  x3:0x00000001 PA:0xxxxxxxxx
     481985.000 ns	     48197	80009ea0	ff9ff06f	jal	x0,80009e9c	
     482035.000 ns	     48202	80009e98	00036f17	auipc	x30,0x36	 x30=0x8003fe98
     482045.000 ns	     48203	80009e9c	163f2423	sw	x3,360(x30)	 x30:0x8003fe98  x3:0x00000001 PA:0xxxxxxxxx
     482065.000 ns	     48205	80009ea0	ff9ff06f	jal	x0,80009e9c	
     482115.000 ns	     48210	80009e98	00036f17	auipc	x30,0x36	 x30=0x8003fe98
     482125.000 ns	     48211	80009e9c	163f2423	sw	x3,360(x30)	 x30:0x8003fe98  x3:0x00000001 PA:0xxxxxxxxx
     482145.000 ns	     48213	80009ea0	ff9ff06f	jal	x0,80009e9c	
     482195.000 ns	     48218	80009e98	00036f17	auipc	x30,0x36	 x30=0x8003fe98
     482205.000 ns	     48219	80009e9c	163f2423	sw	x3,360(x30)	 x30:0x8003fe98  x3:0x00000001 PA:0xxxxxxxxx
     482225.000 ns	     48221	80009ea0	ff9ff06f	jal	x0,80009e9c	
     482275.000 ns	     48226	80009e98	00036f17	auipc	x30,0x36	 x30=0x8003fe98
     482285.000 ns	     48227	80009e9c	163f2423	sw	x3,360(x30)	 x30:0x8003fe98  x3:0x00000001 PA:0xxxxxxxxx
     482305.000 ns	     48229	80009ea0	ff9ff06f	jal	x0,80009e9c	
     482355.000 ns	     48234	80009e98	00036f17	auipc	x30,0x36	 x30=0x8003fe98
     482365.000 ns	     48235	80009e9c	163f2423	sw	x3,360(x30)	 x30:0x8003fe98  x3:0x00000001 PA:0xxxxxxxxx
     482385.000 ns	     48237	80009ea0	ff9ff06f	jal	x0,80009e9c	
     482435.000 ns	     48242	80009e98	00036f17	auipc	x30,0x36	 x30=0x8003fe98
     482445.000 ns	     48243	80009e9c	163f2423	sw	x3,360(x30)	 x30:0x8003fe98  x3:0x00000001 PA:0xxxxxxxxx
     482465.000 ns	     48245	80009ea0	ff9ff06f	jal	x0,80009e9c	
     482515.000 ns	     48250	80009e98	00036f17	auipc	x30,0x36	 x30=0x8003fe98
     482525.000 ns	     48251	80009e9c	163f2423	sw	x3,360(x30)	 x30:0x8003fe98  x3:0x00000001 PA:0xxxxxxxxx
     482545.000 ns	     48253	80009ea0	ff9ff06f	jal	x0,80009e9c	
     482595.000 ns	     48258	80009e98	00036f17	auipc	x30,0x36	 x30=0x8003fe98
     482605.000 ns	     48259	80009e9c	163f2423	sw	x3,360(x30)	 x30:0x8003fe98  x3:0x00000001 PA:0xxxxxxxxx
     482625.000 ns	     48261	80009ea0	ff9ff06f	jal	x0,80009e9c	
     482675.000 ns	     48266	80009e98	00036f17	auipc	x30,0x36	 x30=0x8003fe98
     482685.000 ns	     48267	80009e9c	163f2423	sw	x3,360(x30)	 x30:0x8003fe98  x3:0x00000001 PA:0xxxxxxxxx
     482705.000 ns	     48269	80009ea0	ff9ff06f	jal	x0,80009e9c	
     482755.000 ns	     48274	80009e98	00036f17	auipc	x30,0x36	 x30=0x8003fe98
     482765.000 ns	     48275	80009e9c	163f2423	sw	x3,360(x30)	 x30:0x8003fe98  x3:0x00000001 PA:0xxxxxxxxx
     482785.000 ns	     48277	80009ea0	ff9ff06f	jal	x0,80009e9c	
     482835.000 ns	     48282	80009e98	00036f17	auipc	x30,0x36	 x30=0x8003fe98
     482845.000 ns	     48283	80009e9c	163f2423	sw	x3,360(x30)	 x30:0x8003fe98  x3:0x00000001 PA:0xxxxxxxxx
     482865.000 ns	     48285	80009ea0	ff9ff06f	jal	x0,80009e9c	
     482915.000 ns	     48290	80009e98	00036f17	auipc	x30,0x36	 x30=0x8003fe98
     482925.000 ns	     48291	80009e9c	163f2423	sw	x3,360(x30)	 x30:0x8003fe98  x3:0x00000001 PA:0xxxxxxxxx
     482945.000 ns	     48293	80009ea0	ff9ff06f	jal	x0,80009e9c	
     482995.000 ns	     48298	80009e98	00036f17	auipc	x30,0x36	 x30=0x8003fe98
     483005.000 ns	     48299	80009e9c	163f2423	sw	x3,360(x30)	 x30:0x8003fe98  x3:0x00000001 PA:0xxxxxxxxx
     483025.000 ns	     48301	80009ea0	ff9ff06f	jal	x0,80009e9c	
     483075.000 ns	     48306	80009e98	00036f17	auipc	x30,0x36	 x30=0x8003fe98
     483085.000 ns	     48307	80009e9c	163f2423	sw	x3,360(x30)	 x30:0x8003fe98  x3:0x00000001 PA:0xxxxxxxxx
     483105.000 ns	     48309	80009ea0	ff9ff06f	jal	x0,80009e9c	
     483155.000 ns	     48314	80009e98	00036f17	auipc	x30,0x36	 x30=0x8003fe98
     483165.000 ns	     48315	80009e9c	163f2423	sw	x3,360(x30)	 x30:0x8003fe98  x3:0x00000001 PA:0xxxxxxxxx
     483185.000 ns	     48317	80009ea0	ff9ff06f	jal	x0,80009e9c	
     483235.000 ns	     48322	80009e98	00036f17	auipc	x30,0x36	 x30=0x8003fe98
     483245.000 ns	     48323	80009e9c	163f2423	sw	x3,360(x30)	 x30:0x8003fe98  x3:0x00000001 PA:0xxxxxxxxx
     483265.000 ns	     48325	80009ea0	ff9ff06f	jal	x0,80009e9c	
     483315.000 ns	     48330	80009e98	00036f17	auipc	x30,0x36	 x30=0x8003fe98
     483325.000 ns	     48331	80009e9c	163f2423	sw	x3,360(x30)	 x30:0x8003fe98  x3:0x00000001 PA:0xxxxxxxxx
     483345.000 ns	     48333	80009ea0	ff9ff06f	jal	x0,80009e9c	
     483395.000 ns	     48338	80009e98	00036f17	auipc	x30,0x36	 x30=0x8003fe98
     483405.000 ns	     48339	80009e9c	163f2423	sw	x3,360(x30)	 x30:0x8003fe98  x3:0x00000001 PA:0xxxxxxxxx
     483425.000 ns	     48341	80009ea0	ff9ff06f	jal	x0,80009e9c	
     483475.000 ns	     48346	80009e98	00036f17	auipc	x30,0x36	 x30=0x8003fe98
     483485.000 ns	     48347	80009e9c	163f2423	sw	x3,360(x30)	 x30:0x8003fe98  x3:0x00000001 PA:0xxxxxxxxx
     483505.000 ns	     48349	80009ea0	ff9ff06f	jal	x0,80009e9c	
     483555.000 ns	     48354	80009e98	00036f17	auipc	x30,0x36	 x30=0x8003fe98
     483565.000 ns	     48355	80009e9c	163f2423	sw	x3,360(x30)	 x30:0x8003fe98  x3:0x00000001 PA:0xxxxxxxxx
     483585.000 ns	     48357	80009ea0	ff9ff06f	jal	x0,80009e9c	
     483635.000 ns	     48362	80009e98	00036f17	auipc	x30,0x36	 x30=0x8003fe98
     483645.000 ns	     48363	80009e9c	163f2423	sw	x3,360(x30)	 x30:0x8003fe98  x3:0x00000001 PA:0xxxxxxxxx
     483665.000 ns	     48365	80009ea0	ff9ff06f	jal	x0,80009e9c	
     483715.000 ns	     48370	80009e98	00036f17	auipc	x30,0x36	 x30=0x8003fe98
     483725.000 ns	     48371	80009e9c	163f2423	sw	x3,360(x30)	 x30:0x8003fe98  x3:0x00000001 PA:0xxxxxxxxx
     483745.000 ns	     48373	80009ea0	ff9ff06f	jal	x0,80009e9c	
     483795.000 ns	     48378	80009e98	00036f17	auipc	x30,0x36	 x30=0x8003fe98
     483805.000 ns	     48379	80009e9c	163f2423	sw	x3,360(x30)	 x30:0x8003fe98  x3:0x00000001 PA:0xxxxxxxxx
     483825.000 ns	     48381	80009ea0	ff9ff06f	jal	x0,80009e9c	
     483875.000 ns	     48386	80009e98	00036f17	auipc	x30,0x36	 x30=0x8003fe98
     483885.000 ns	     48387	80009e9c	163f2423	sw	x3,360(x30)	 x30:0x8003fe98  x3:0x00000001 PA:0xxxxxxxxx
     483905.000 ns	     48389	80009ea0	ff9ff06f	jal	x0,80009e9c	
     483955.000 ns	     48394	80009e98	00036f17	auipc	x30,0x36	 x30=0x8003fe98
     483965.000 ns	     48395	80009e9c	163f2423	sw	x3,360(x30)	 x30:0x8003fe98  x3:0x00000001 PA:0xxxxxxxxx
     483985.000 ns	     48397	80009ea0	ff9ff06f	jal	x0,80009e9c	
     484035.000 ns	     48402	80009e98	00036f17	auipc	x30,0x36	 x30=0x8003fe98
     484045.000 ns	     48403	80009e9c	163f2423	sw	x3,360(x30)	 x30:0x8003fe98  x3:0x00000001 PA:0xxxxxxxxx
     484065.000 ns	     48405	80009ea0	ff9ff06f	jal	x0,80009e9c	
     484115.000 ns	     48410	80009e98	00036f17	auipc	x30,0x36	 x30=0x8003fe98
     484125.000 ns	     48411	80009e9c	163f2423	sw	x3,360(x30)	 x30:0x8003fe98  x3:0x00000001 PA:0xxxxxxxxx
     484145.000 ns	     48413	80009ea0	ff9ff06f	jal	x0,80009e9c	
     484195.000 ns	     48418	80009e98	00036f17	auipc	x30,0x36	 x30=0x8003fe98
     484205.000 ns	     48419	80009e9c	163f2423	sw	x3,360(x30)	 x30:0x8003fe98  x3:0x00000001 PA:0xxxxxxxxx
     484225.000 ns	     48421	80009ea0	ff9ff06f	jal	x0,80009e9c	
     484275.000 ns	     48426	80009e98	00036f17	auipc	x30,0x36	 x30=0x8003fe98
     484285.000 ns	     48427	80009e9c	163f2423	sw	x3,360(x30)	 x30:0x8003fe98  x3:0x00000001 PA:0xxxxxxxxx
     484305.000 ns	     48429	80009ea0	ff9ff06f	jal	x0,80009e9c	
     484355.000 ns	     48434	80009e98	00036f17	auipc	x30,0x36	 x30=0x8003fe98
     484365.000 ns	     48435	80009e9c	163f2423	sw	x3,360(x30)	 x30:0x8003fe98  x3:0x00000001 PA:0xxxxxxxxx
     484385.000 ns	     48437	80009ea0	ff9ff06f	jal	x0,80009e9c	
     484435.000 ns	     48442	80009e98	00036f17	auipc	x30,0x36	 x30=0x8003fe98
     484445.000 ns	     48443	80009e9c	163f2423	sw	x3,360(x30)	 x30:0x8003fe98  x3:0x00000001 PA:0xxxxxxxxx
     484465.000 ns	     48445	80009ea0	ff9ff06f	jal	x0,80009e9c	
     484515.000 ns	     48450	80009e98	00036f17	auipc	x30,0x36	 x30=0x8003fe98
     484525.000 ns	     48451	80009e9c	163f2423	sw	x3,360(x30)	 x30:0x8003fe98  x3:0x00000001 PA:0xxxxxxxxx
     484545.000 ns	     48453	80009ea0	ff9ff06f	jal	x0,80009e9c	
     484595.000 ns	     48458	80009e98	00036f17	auipc	x30,0x36	 x30=0x8003fe98
     484605.000 ns	     48459	80009e9c	163f2423	sw	x3,360(x30)	 x30:0x8003fe98  x3:0x00000001 PA:0xxxxxxxxx
     484625.000 ns	     48461	80009ea0	ff9ff06f	jal	x0,80009e9c	
     484675.000 ns	     48466	80009e98	00036f17	auipc	x30,0x36	 x30=0x8003fe98
     484685.000 ns	     48467	80009e9c	163f2423	sw	x3,360(x30)	 x30:0x8003fe98  x3:0x00000001 PA:0xxxxxxxxx
     484705.000 ns	     48469	80009ea0	ff9ff06f	jal	x0,80009e9c	
     484755.000 ns	     48474	80009e98	00036f17	auipc	x30,0x36	 x30=0x8003fe98
     484765.000 ns	     48475	80009e9c	163f2423	sw	x3,360(x30)	 x30:0x8003fe98  x3:0x00000001 PA:0xxxxxxxxx
     484785.000 ns	     48477	80009ea0	ff9ff06f	jal	x0,80009e9c	
     484835.000 ns	     48482	80009e98	00036f17	auipc	x30,0x36	 x30=0x8003fe98
     484845.000 ns	     48483	80009e9c	163f2423	sw	x3,360(x30)	 x30:0x8003fe98  x3:0x00000001 PA:0xxxxxxxxx
     484865.000 ns	     48485	80009ea0	ff9ff06f	jal	x0,80009e9c	
     484915.000 ns	     48490	80009e98	00036f17	auipc	x30,0x36	 x30=0x8003fe98
     484925.000 ns	     48491	80009e9c	163f2423	sw	x3,360(x30)	 x30:0x8003fe98  x3:0x00000001 PA:0xxxxxxxxx
     484945.000 ns	     48493	80009ea0	ff9ff06f	jal	x0,80009e9c	
     484995.000 ns	     48498	80009e98	00036f17	auipc	x30,0x36	 x30=0x8003fe98
     485005.000 ns	     48499	80009e9c	163f2423	sw	x3,360(x30)	 x30:0x8003fe98  x3:0x00000001 PA:0xxxxxxxxx
     485025.000 ns	     48501	80009ea0	ff9ff06f	jal	x0,80009e9c	
     485075.000 ns	     48506	80009e98	00036f17	auipc	x30,0x36	 x30=0x8003fe98
     485085.000 ns	     48507	80009e9c	163f2423	sw	x3,360(x30)	 x30:0x8003fe98  x3:0x00000001 PA:0xxxxxxxxx
     485105.000 ns	     48509	80009ea0	ff9ff06f	jal	x0,80009e9c	
     485155.000 ns	     48514	80009e98	00036f17	auipc	x30,0x36	 x30=0x8003fe98
     485165.000 ns	     48515	80009e9c	163f2423	sw	x3,360(x30)	 x30:0x8003fe98  x3:0x00000001 PA:0xxxxxxxxx
     485185.000 ns	     48517	80009ea0	ff9ff06f	jal	x0,80009e9c	
     485235.000 ns	     48522	80009e98	00036f17	auipc	x30,0x36	 x30=0x8003fe98
     485245.000 ns	     48523	80009e9c	163f2423	sw	x3,360(x30)	 x30:0x8003fe98  x3:0x00000001 PA:0xxxxxxxxx
     485265.000 ns	     48525	80009ea0	ff9ff06f	jal	x0,80009e9c	
     485315.000 ns	     48530	80009e98	00036f17	auipc	x30,0x36	 x30=0x8003fe98
     485325.000 ns	     48531	80009e9c	163f2423	sw	x3,360(x30)	 x30:0x8003fe98  x3:0x00000001 PA:0xxxxxxxxx
     485345.000 ns	     48533	80009ea0	ff9ff06f	jal	x0,80009e9c	
     485395.000 ns	     48538	80009e98	00036f17	auipc	x30,0x36	 x30=0x8003fe98
     485405.000 ns	     48539	80009e9c	163f2423	sw	x3,360(x30)	 x30:0x8003fe98  x3:0x00000001 PA:0xxxxxxxxx
     485425.000 ns	     48541	80009ea0	ff9ff06f	jal	x0,80009e9c	
     485475.000 ns	     48546	80009e98	00036f17	auipc	x30,0x36	 x30=0x8003fe98
     485485.000 ns	     48547	80009e9c	163f2423	sw	x3,360(x30)	 x30:0x8003fe98  x3:0x00000001 PA:0xxxxxxxxx
     485505.000 ns	     48549	80009ea0	ff9ff06f	jal	x0,80009e9c	
     485555.000 ns	     48554	80009e98	00036f17	auipc	x30,0x36	 x30=0x8003fe98
     485565.000 ns	     48555	80009e9c	163f2423	sw	x3,360(x30)	 x30:0x8003fe98  x3:0x00000001 PA:0xxxxxxxxx
     485585.000 ns	     48557	80009ea0	ff9ff06f	jal	x0,80009e9c	
     485635.000 ns	     48562	80009e98	00036f17	auipc	x30,0x36	 x30=0x8003fe98
     485645.000 ns	     48563	80009e9c	163f2423	sw	x3,360(x30)	 x30:0x8003fe98  x3:0x00000001 PA:0xxxxxxxxx
     485665.000 ns	     48565	80009ea0	ff9ff06f	jal	x0,80009e9c	
     485715.000 ns	     48570	80009e98	00036f17	auipc	x30,0x36	 x30=0x8003fe98
     485725.000 ns	     48571	80009e9c	163f2423	sw	x3,360(x30)	 x30:0x8003fe98  x3:0x00000001 PA:0xxxxxxxxx
     485745.000 ns	     48573	80009ea0	ff9ff06f	jal	x0,80009e9c	
     485795.000 ns	     48578	80009e98	00036f17	auipc	x30,0x36	 x30=0x8003fe98
     485805.000 ns	     48579	80009e9c	163f2423	sw	x3,360(x30)	 x30:0x8003fe98  x3:0x00000001 PA:0xxxxxxxxx
     485825.000 ns	     48581	80009ea0	ff9ff06f	jal	x0,80009e9c	
     485875.000 ns	     48586	80009e98	00036f17	auipc	x30,0x36	 x30=0x8003fe98
     485885.000 ns	     48587	80009e9c	163f2423	sw	x3,360(x30)	 x30:0x8003fe98  x3:0x00000001 PA:0xxxxxxxxx
     485905.000 ns	     48589	80009ea0	ff9ff06f	jal	x0,80009e9c	
     485955.000 ns	     48594	80009e98	00036f17	auipc	x30,0x36	 x30=0x8003fe98
     485965.000 ns	     48595	80009e9c	163f2423	sw	x3,360(x30)	 x30:0x8003fe98  x3:0x00000001 PA:0xxxxxxxxx
     485985.000 ns	     48597	80009ea0	ff9ff06f	jal	x0,80009e9c	
     486035.000 ns	     48602	80009e98	00036f17	auipc	x30,0x36	 x30=0x8003fe98
     486045.000 ns	     48603	80009e9c	163f2423	sw	x3,360(x30)	 x30:0x8003fe98  x3:0x00000001 PA:0xxxxxxxxx
     486065.000 ns	     48605	80009ea0	ff9ff06f	jal	x0,80009e9c	
     486115.000 ns	     48610	80009e98	00036f17	auipc	x30,0x36	 x30=0x8003fe98
     486125.000 ns	     48611	80009e9c	163f2423	sw	x3,360(x30)	 x30:0x8003fe98  x3:0x00000001 PA:0xxxxxxxxx
     486145.000 ns	     48613	80009ea0	ff9ff06f	jal	x0,80009e9c	
     486195.000 ns	     48618	80009e98	00036f17	auipc	x30,0x36	 x30=0x8003fe98
     486205.000 ns	     48619	80009e9c	163f2423	sw	x3,360(x30)	 x30:0x8003fe98  x3:0x00000001 PA:0xxxxxxxxx
     486225.000 ns	     48621	80009ea0	ff9ff06f	jal	x0,80009e9c	
     486275.000 ns	     48626	80009e98	00036f17	auipc	x30,0x36	 x30=0x8003fe98
     486285.000 ns	     48627	80009e9c	163f2423	sw	x3,360(x30)	 x30:0x8003fe98  x3:0x00000001 PA:0xxxxxxxxx
     486305.000 ns	     48629	80009ea0	ff9ff06f	jal	x0,80009e9c	
     486355.000 ns	     48634	80009e98	00036f17	auipc	x30,0x36	 x30=0x8003fe98
     486365.000 ns	     48635	80009e9c	163f2423	sw	x3,360(x30)	 x30:0x8003fe98  x3:0x00000001 PA:0xxxxxxxxx
     486385.000 ns	     48637	80009ea0	ff9ff06f	jal	x0,80009e9c	
     486435.000 ns	     48642	80009e98	00036f17	auipc	x30,0x36	 x30=0x8003fe98
     486445.000 ns	     48643	80009e9c	163f2423	sw	x3,360(x30)	 x30:0x8003fe98  x3:0x00000001 PA:0xxxxxxxxx
     486465.000 ns	     48645	80009ea0	ff9ff06f	jal	x0,80009e9c	
     486515.000 ns	     48650	80009e98	00036f17	auipc	x30,0x36	 x30=0x8003fe98
     486525.000 ns	     48651	80009e9c	163f2423	sw	x3,360(x30)	 x30:0x8003fe98  x3:0x00000001 PA:0xxxxxxxxx
     486545.000 ns	     48653	80009ea0	ff9ff06f	jal	x0,80009e9c	
     486595.000 ns	     48658	80009e98	00036f17	auipc	x30,0x36	 x30=0x8003fe98
     486605.000 ns	     48659	80009e9c	163f2423	sw	x3,360(x30)	 x30:0x8003fe98  x3:0x00000001 PA:0xxxxxxxxx
     486625.000 ns	     48661	80009ea0	ff9ff06f	jal	x0,80009e9c	
     486675.000 ns	     48666	80009e98	00036f17	auipc	x30,0x36	 x30=0x8003fe98
     486685.000 ns	     48667	80009e9c	163f2423	sw	x3,360(x30)	 x30:0x8003fe98  x3:0x00000001 PA:0xxxxxxxxx
     486705.000 ns	     48669	80009ea0	ff9ff06f	jal	x0,80009e9c	
     486755.000 ns	     48674	80009e98	00036f17	auipc	x30,0x36	 x30=0x8003fe98
     486765.000 ns	     48675	80009e9c	163f2423	sw	x3,360(x30)	 x30:0x8003fe98  x3:0x00000001 PA:0xxxxxxxxx
     486785.000 ns	     48677	80009ea0	ff9ff06f	jal	x0,80009e9c	
     486835.000 ns	     48682	80009e98	00036f17	auipc	x30,0x36	 x30=0x8003fe98
     486845.000 ns	     48683	80009e9c	163f2423	sw	x3,360(x30)	 x30:0x8003fe98  x3:0x00000001 PA:0xxxxxxxxx
     486865.000 ns	     48685	80009ea0	ff9ff06f	jal	x0,80009e9c	
     486915.000 ns	     48690	80009e98	00036f17	auipc	x30,0x36	 x30=0x8003fe98
     486925.000 ns	     48691	80009e9c	163f2423	sw	x3,360(x30)	 x30:0x8003fe98  x3:0x00000001 PA:0xxxxxxxxx
     486945.000 ns	     48693	80009ea0	ff9ff06f	jal	x0,80009e9c	
     486995.000 ns	     48698	80009e98	00036f17	auipc	x30,0x36	 x30=0x8003fe98
     487005.000 ns	     48699	80009e9c	163f2423	sw	x3,360(x30)	 x30:0x8003fe98  x3:0x00000001 PA:0xxxxxxxxx
     487025.000 ns	     48701	80009ea0	ff9ff06f	jal	x0,80009e9c	
     487075.000 ns	     48706	80009e98	00036f17	auipc	x30,0x36	 x30=0x8003fe98
     487085.000 ns	     48707	80009e9c	163f2423	sw	x3,360(x30)	 x30:0x8003fe98  x3:0x00000001 PA:0xxxxxxxxx
     487105.000 ns	     48709	80009ea0	ff9ff06f	jal	x0,80009e9c	
     487155.000 ns	     48714	80009e98	00036f17	auipc	x30,0x36	 x30=0x8003fe98
     487165.000 ns	     48715	80009e9c	163f2423	sw	x3,360(x30)	 x30:0x8003fe98  x3:0x00000001 PA:0xxxxxxxxx
     487185.000 ns	     48717	80009ea0	ff9ff06f	jal	x0,80009e9c	
     487235.000 ns	     48722	80009e98	00036f17	auipc	x30,0x36	 x30=0x8003fe98
     487245.000 ns	     48723	80009e9c	163f2423	sw	x3,360(x30)	 x30:0x8003fe98  x3:0x00000001 PA:0xxxxxxxxx
     487265.000 ns	     48725	80009ea0	ff9ff06f	jal	x0,80009e9c	
     487315.000 ns	     48730	80009e98	00036f17	auipc	x30,0x36	 x30=0x8003fe98
     487325.000 ns	     48731	80009e9c	163f2423	sw	x3,360(x30)	 x30:0x8003fe98  x3:0x00000001 PA:0xxxxxxxxx
     487345.000 ns	     48733	80009ea0	ff9ff06f	jal	x0,80009e9c	
     487395.000 ns	     48738	80009e98	00036f17	auipc	x30,0x36	 x30=0x8003fe98
     487405.000 ns	     48739	80009e9c	163f2423	sw	x3,360(x30)	 x30:0x8003fe98  x3:0x00000001 PA:0xxxxxxxxx
     487425.000 ns	     48741	80009ea0	ff9ff06f	jal	x0,80009e9c	
     487475.000 ns	     48746	80009e98	00036f17	auipc	x30,0x36	 x30=0x8003fe98
     487485.000 ns	     48747	80009e9c	163f2423	sw	x3,360(x30)	 x30:0x8003fe98  x3:0x00000001 PA:0xxxxxxxxx
     487505.000 ns	     48749	80009ea0	ff9ff06f	jal	x0,80009e9c	
     487555.000 ns	     48754	80009e98	00036f17	auipc	x30,0x36	 x30=0x8003fe98
     487565.000 ns	     48755	80009e9c	163f2423	sw	x3,360(x30)	 x30:0x8003fe98  x3:0x00000001 PA:0xxxxxxxxx
     487585.000 ns	     48757	80009ea0	ff9ff06f	jal	x0,80009e9c	
     487635.000 ns	     48762	80009e98	00036f17	auipc	x30,0x36	 x30=0x8003fe98
     487645.000 ns	     48763	80009e9c	163f2423	sw	x3,360(x30)	 x30:0x8003fe98  x3:0x00000001 PA:0xxxxxxxxx
     487665.000 ns	     48765	80009ea0	ff9ff06f	jal	x0,80009e9c	
     487715.000 ns	     48770	80009e98	00036f17	auipc	x30,0x36	 x30=0x8003fe98
     487725.000 ns	     48771	80009e9c	163f2423	sw	x3,360(x30)	 x30:0x8003fe98  x3:0x00000001 PA:0xxxxxxxxx
     487745.000 ns	     48773	80009ea0	ff9ff06f	jal	x0,80009e9c	
     487795.000 ns	     48778	80009e98	00036f17	auipc	x30,0x36	 x30=0x8003fe98
     487805.000 ns	     48779	80009e9c	163f2423	sw	x3,360(x30)	 x30:0x8003fe98  x3:0x00000001 PA:0xxxxxxxxx
     487825.000 ns	     48781	80009ea0	ff9ff06f	jal	x0,80009e9c	
     487875.000 ns	     48786	80009e98	00036f17	auipc	x30,0x36	 x30=0x8003fe98
     487885.000 ns	     48787	80009e9c	163f2423	sw	x3,360(x30)	 x30:0x8003fe98  x3:0x00000001 PA:0xxxxxxxxx
     487905.000 ns	     48789	80009ea0	ff9ff06f	jal	x0,80009e9c	
     487955.000 ns	     48794	80009e98	00036f17	auipc	x30,0x36	 x30=0x8003fe98
     487965.000 ns	     48795	80009e9c	163f2423	sw	x3,360(x30)	 x30:0x8003fe98  x3:0x00000001 PA:0xxxxxxxxx
     487985.000 ns	     48797	80009ea0	ff9ff06f	jal	x0,80009e9c	
     488035.000 ns	     48802	80009e98	00036f17	auipc	x30,0x36	 x30=0x8003fe98
     488045.000 ns	     48803	80009e9c	163f2423	sw	x3,360(x30)	 x30:0x8003fe98  x3:0x00000001 PA:0xxxxxxxxx
     488065.000 ns	     48805	80009ea0	ff9ff06f	jal	x0,80009e9c	
     488115.000 ns	     48810	80009e98	00036f17	auipc	x30,0x36	 x30=0x8003fe98
     488125.000 ns	     48811	80009e9c	163f2423	sw	x3,360(x30)	 x30:0x8003fe98  x3:0x00000001 PA:0xxxxxxxxx
     488145.000 ns	     48813	80009ea0	ff9ff06f	jal	x0,80009e9c	
     488195.000 ns	     48818	80009e98	00036f17	auipc	x30,0x36	 x30=0x8003fe98
     488205.000 ns	     48819	80009e9c	163f2423	sw	x3,360(x30)	 x30:0x8003fe98  x3:0x00000001 PA:0xxxxxxxxx
     488225.000 ns	     48821	80009ea0	ff9ff06f	jal	x0,80009e9c	
     488275.000 ns	     48826	80009e98	00036f17	auipc	x30,0x36	 x30=0x8003fe98
     488285.000 ns	     48827	80009e9c	163f2423	sw	x3,360(x30)	 x30:0x8003fe98  x3:0x00000001 PA:0xxxxxxxxx
     488305.000 ns	     48829	80009ea0	ff9ff06f	jal	x0,80009e9c	
     488355.000 ns	     48834	80009e98	00036f17	auipc	x30,0x36	 x30=0x8003fe98
     488365.000 ns	     48835	80009e9c	163f2423	sw	x3,360(x30)	 x30:0x8003fe98  x3:0x00000001 PA:0xxxxxxxxx
     488385.000 ns	     48837	80009ea0	ff9ff06f	jal	x0,80009e9c	
     488435.000 ns	     48842	80009e98	00036f17	auipc	x30,0x36	 x30=0x8003fe98
     488445.000 ns	     48843	80009e9c	163f2423	sw	x3,360(x30)	 x30:0x8003fe98  x3:0x00000001 PA:0xxxxxxxxx
     488465.000 ns	     48845	80009ea0	ff9ff06f	jal	x0,80009e9c	
     488515.000 ns	     48850	80009e98	00036f17	auipc	x30,0x36	 x30=0x8003fe98
     488525.000 ns	     48851	80009e9c	163f2423	sw	x3,360(x30)	 x30:0x8003fe98  x3:0x00000001 PA:0xxxxxxxxx
     488545.000 ns	     48853	80009ea0	ff9ff06f	jal	x0,80009e9c	
     488595.000 ns	     48858	80009e98	00036f17	auipc	x30,0x36	 x30=0x8003fe98
     488605.000 ns	     48859	80009e9c	163f2423	sw	x3,360(x30)	 x30:0x8003fe98  x3:0x00000001 PA:0xxxxxxxxx
     488625.000 ns	     48861	80009ea0	ff9ff06f	jal	x0,80009e9c	
     488675.000 ns	     48866	80009e98	00036f17	auipc	x30,0x36	 x30=0x8003fe98
     488685.000 ns	     48867	80009e9c	163f2423	sw	x3,360(x30)	 x30:0x8003fe98  x3:0x00000001 PA:0xxxxxxxxx
     488705.000 ns	     48869	80009ea0	ff9ff06f	jal	x0,80009e9c	
     488755.000 ns	     48874	80009e98	00036f17	auipc	x30,0x36	 x30=0x8003fe98
     488765.000 ns	     48875	80009e9c	163f2423	sw	x3,360(x30)	 x30:0x8003fe98  x3:0x00000001 PA:0xxxxxxxxx
     488785.000 ns	     48877	80009ea0	ff9ff06f	jal	x0,80009e9c	
     488835.000 ns	     48882	80009e98	00036f17	auipc	x30,0x36	 x30=0x8003fe98
     488845.000 ns	     48883	80009e9c	163f2423	sw	x3,360(x30)	 x30:0x8003fe98  x3:0x00000001 PA:0xxxxxxxxx
     488865.000 ns	     48885	80009ea0	ff9ff06f	jal	x0,80009e9c	
     488915.000 ns	     48890	80009e98	00036f17	auipc	x30,0x36	 x30=0x8003fe98
     488925.000 ns	     48891	80009e9c	163f2423	sw	x3,360(x30)	 x30:0x8003fe98  x3:0x00000001 PA:0xxxxxxxxx
     488945.000 ns	     48893	80009ea0	ff9ff06f	jal	x0,80009e9c	
     488995.000 ns	     48898	80009e98	00036f17	auipc	x30,0x36	 x30=0x8003fe98
     489005.000 ns	     48899	80009e9c	163f2423	sw	x3,360(x30)	 x30:0x8003fe98  x3:0x00000001 PA:0xxxxxxxxx
     489025.000 ns	     48901	80009ea0	ff9ff06f	jal	x0,80009e9c	
     489075.000 ns	     48906	80009e98	00036f17	auipc	x30,0x36	 x30=0x8003fe98
     489085.000 ns	     48907	80009e9c	163f2423	sw	x3,360(x30)	 x30:0x8003fe98  x3:0x00000001 PA:0xxxxxxxxx
     489105.000 ns	     48909	80009ea0	ff9ff06f	jal	x0,80009e9c	
     489155.000 ns	     48914	80009e98	00036f17	auipc	x30,0x36	 x30=0x8003fe98
     489165.000 ns	     48915	80009e9c	163f2423	sw	x3,360(x30)	 x30:0x8003fe98  x3:0x00000001 PA:0xxxxxxxxx
     489185.000 ns	     48917	80009ea0	ff9ff06f	jal	x0,80009e9c	
     489235.000 ns	     48922	80009e98	00036f17	auipc	x30,0x36	 x30=0x8003fe98
     489245.000 ns	     48923	80009e9c	163f2423	sw	x3,360(x30)	 x30:0x8003fe98  x3:0x00000001 PA:0xxxxxxxxx
     489265.000 ns	     48925	80009ea0	ff9ff06f	jal	x0,80009e9c	
     489315.000 ns	     48930	80009e98	00036f17	auipc	x30,0x36	 x30=0x8003fe98
     489325.000 ns	     48931	80009e9c	163f2423	sw	x3,360(x30)	 x30:0x8003fe98  x3:0x00000001 PA:0xxxxxxxxx
     489345.000 ns	     48933	80009ea0	ff9ff06f	jal	x0,80009e9c	
     489395.000 ns	     48938	80009e98	00036f17	auipc	x30,0x36	 x30=0x8003fe98
     489405.000 ns	     48939	80009e9c	163f2423	sw	x3,360(x30)	 x30:0x8003fe98  x3:0x00000001 PA:0xxxxxxxxx
     489425.000 ns	     48941	80009ea0	ff9ff06f	jal	x0,80009e9c	
     489475.000 ns	     48946	80009e98	00036f17	auipc	x30,0x36	 x30=0x8003fe98
     489485.000 ns	     48947	80009e9c	163f2423	sw	x3,360(x30)	 x30:0x8003fe98  x3:0x00000001 PA:0xxxxxxxxx
     489505.000 ns	     48949	80009ea0	ff9ff06f	jal	x0,80009e9c	
     489555.000 ns	     48954	80009e98	00036f17	auipc	x30,0x36	 x30=0x8003fe98
     489565.000 ns	     48955	80009e9c	163f2423	sw	x3,360(x30)	 x30:0x8003fe98  x3:0x00000001 PA:0xxxxxxxxx
     489585.000 ns	     48957	80009ea0	ff9ff06f	jal	x0,80009e9c	
     489635.000 ns	     48962	80009e98	00036f17	auipc	x30,0x36	 x30=0x8003fe98
     489645.000 ns	     48963	80009e9c	163f2423	sw	x3,360(x30)	 x30:0x8003fe98  x3:0x00000001 PA:0xxxxxxxxx
     489665.000 ns	     48965	80009ea0	ff9ff06f	jal	x0,80009e9c	
     489715.000 ns	     48970	80009e98	00036f17	auipc	x30,0x36	 x30=0x8003fe98
     489725.000 ns	     48971	80009e9c	163f2423	sw	x3,360(x30)	 x30:0x8003fe98  x3:0x00000001 PA:0xxxxxxxxx
     489745.000 ns	     48973	80009ea0	ff9ff06f	jal	x0,80009e9c	
     489795.000 ns	     48978	80009e98	00036f17	auipc	x30,0x36	 x30=0x8003fe98
     489805.000 ns	     48979	80009e9c	163f2423	sw	x3,360(x30)	 x30:0x8003fe98  x3:0x00000001 PA:0xxxxxxxxx
     489825.000 ns	     48981	80009ea0	ff9ff06f	jal	x0,80009e9c	
     489875.000 ns	     48986	80009e98	00036f17	auipc	x30,0x36	 x30=0x8003fe98
     489885.000 ns	     48987	80009e9c	163f2423	sw	x3,360(x30)	 x30:0x8003fe98  x3:0x00000001 PA:0xxxxxxxxx
     489905.000 ns	     48989	80009ea0	ff9ff06f	jal	x0,80009e9c	
     489955.000 ns	     48994	80009e98	00036f17	auipc	x30,0x36	 x30=0x8003fe98
     489965.000 ns	     48995	80009e9c	163f2423	sw	x3,360(x30)	 x30:0x8003fe98  x3:0x00000001 PA:0xxxxxxxxx
     489985.000 ns	     48997	80009ea0	ff9ff06f	jal	x0,80009e9c	
     490035.000 ns	     49002	80009e98	00036f17	auipc	x30,0x36	 x30=0x8003fe98
     490045.000 ns	     49003	80009e9c	163f2423	sw	x3,360(x30)	 x30:0x8003fe98  x3:0x00000001 PA:0xxxxxxxxx
     490065.000 ns	     49005	80009ea0	ff9ff06f	jal	x0,80009e9c	
     490115.000 ns	     49010	80009e98	00036f17	auipc	x30,0x36	 x30=0x8003fe98
     490125.000 ns	     49011	80009e9c	163f2423	sw	x3,360(x30)	 x30:0x8003fe98  x3:0x00000001 PA:0xxxxxxxxx
     490145.000 ns	     49013	80009ea0	ff9ff06f	jal	x0,80009e9c	
     490195.000 ns	     49018	80009e98	00036f17	auipc	x30,0x36	 x30=0x8003fe98
     490205.000 ns	     49019	80009e9c	163f2423	sw	x3,360(x30)	 x30:0x8003fe98  x3:0x00000001 PA:0xxxxxxxxx
     490225.000 ns	     49021	80009ea0	ff9ff06f	jal	x0,80009e9c	
     490275.000 ns	     49026	80009e98	00036f17	auipc	x30,0x36	 x30=0x8003fe98
     490285.000 ns	     49027	80009e9c	163f2423	sw	x3,360(x30)	 x30:0x8003fe98  x3:0x00000001 PA:0xxxxxxxxx
     490305.000 ns	     49029	80009ea0	ff9ff06f	jal	x0,80009e9c	
     490355.000 ns	     49034	80009e98	00036f17	auipc	x30,0x36	 x30=0x8003fe98
     490365.000 ns	     49035	80009e9c	163f2423	sw	x3,360(x30)	 x30:0x8003fe98  x3:0x00000001 PA:0xxxxxxxxx
     490385.000 ns	     49037	80009ea0	ff9ff06f	jal	x0,80009e9c	
     490435.000 ns	     49042	80009e98	00036f17	auipc	x30,0x36	 x30=0x8003fe98
     490445.000 ns	     49043	80009e9c	163f2423	sw	x3,360(x30)	 x30:0x8003fe98  x3:0x00000001 PA:0xxxxxxxxx
     490465.000 ns	     49045	80009ea0	ff9ff06f	jal	x0,80009e9c	
     490515.000 ns	     49050	80009e98	00036f17	auipc	x30,0x36	 x30=0x8003fe98
     490525.000 ns	     49051	80009e9c	163f2423	sw	x3,360(x30)	 x30:0x8003fe98  x3:0x00000001 PA:0xxxxxxxxx
     490545.000 ns	     49053	80009ea0	ff9ff06f	jal	x0,80009e9c	
     490595.000 ns	     49058	80009e98	00036f17	auipc	x30,0x36	 x30=0x8003fe98
     490605.000 ns	     49059	80009e9c	163f2423	sw	x3,360(x30)	 x30:0x8003fe98  x3:0x00000001 PA:0xxxxxxxxx
     490625.000 ns	     49061	80009ea0	ff9ff06f	jal	x0,80009e9c	
     490675.000 ns	     49066	80009e98	00036f17	auipc	x30,0x36	 x30=0x8003fe98
     490685.000 ns	     49067	80009e9c	163f2423	sw	x3,360(x30)	 x30:0x8003fe98  x3:0x00000001 PA:0xxxxxxxxx
     490705.000 ns	     49069	80009ea0	ff9ff06f	jal	x0,80009e9c	
     490755.000 ns	     49074	80009e98	00036f17	auipc	x30,0x36	 x30=0x8003fe98
     490765.000 ns	     49075	80009e9c	163f2423	sw	x3,360(x30)	 x30:0x8003fe98  x3:0x00000001 PA:0xxxxxxxxx
     490785.000 ns	     49077	80009ea0	ff9ff06f	jal	x0,80009e9c	
     490835.000 ns	     49082	80009e98	00036f17	auipc	x30,0x36	 x30=0x8003fe98
     490845.000 ns	     49083	80009e9c	163f2423	sw	x3,360(x30)	 x30:0x8003fe98  x3:0x00000001 PA:0xxxxxxxxx
     490865.000 ns	     49085	80009ea0	ff9ff06f	jal	x0,80009e9c	
     490915.000 ns	     49090	80009e98	00036f17	auipc	x30,0x36	 x30=0x8003fe98
     490925.000 ns	     49091	80009e9c	163f2423	sw	x3,360(x30)	 x30:0x8003fe98  x3:0x00000001 PA:0xxxxxxxxx
     490945.000 ns	     49093	80009ea0	ff9ff06f	jal	x0,80009e9c	
     490995.000 ns	     49098	80009e98	00036f17	auipc	x30,0x36	 x30=0x8003fe98
     491005.000 ns	     49099	80009e9c	163f2423	sw	x3,360(x30)	 x30:0x8003fe98  x3:0x00000001 PA:0xxxxxxxxx
     491025.000 ns	     49101	80009ea0	ff9ff06f	jal	x0,80009e9c	
     491075.000 ns	     49106	80009e98	00036f17	auipc	x30,0x36	 x30=0x8003fe98
     491085.000 ns	     49107	80009e9c	163f2423	sw	x3,360(x30)	 x30:0x8003fe98  x3:0x00000001 PA:0xxxxxxxxx
     491105.000 ns	     49109	80009ea0	ff9ff06f	jal	x0,80009e9c	
     491155.000 ns	     49114	80009e98	00036f17	auipc	x30,0x36	 x30=0x8003fe98
     491165.000 ns	     49115	80009e9c	163f2423	sw	x3,360(x30)	 x30:0x8003fe98  x3:0x00000001 PA:0xxxxxxxxx
     491185.000 ns	     49117	80009ea0	ff9ff06f	jal	x0,80009e9c	
     491235.000 ns	     49122	80009e98	00036f17	auipc	x30,0x36	 x30=0x8003fe98
     491245.000 ns	     49123	80009e9c	163f2423	sw	x3,360(x30)	 x30:0x8003fe98  x3:0x00000001 PA:0xxxxxxxxx
     491265.000 ns	     49125	80009ea0	ff9ff06f	jal	x0,80009e9c	
     491315.000 ns	     49130	80009e98	00036f17	auipc	x30,0x36	 x30=0x8003fe98
     491325.000 ns	     49131	80009e9c	163f2423	sw	x3,360(x30)	 x30:0x8003fe98  x3:0x00000001 PA:0xxxxxxxxx
     491345.000 ns	     49133	80009ea0	ff9ff06f	jal	x0,80009e9c	
     491395.000 ns	     49138	80009e98	00036f17	auipc	x30,0x36	 x30=0x8003fe98
     491405.000 ns	     49139	80009e9c	163f2423	sw	x3,360(x30)	 x30:0x8003fe98  x3:0x00000001 PA:0xxxxxxxxx
     491425.000 ns	     49141	80009ea0	ff9ff06f	jal	x0,80009e9c	
     491475.000 ns	     49146	80009e98	00036f17	auipc	x30,0x36	 x30=0x8003fe98
     491485.000 ns	     49147	80009e9c	163f2423	sw	x3,360(x30)	 x30:0x8003fe98  x3:0x00000001 PA:0xxxxxxxxx
     491505.000 ns	     49149	80009ea0	ff9ff06f	jal	x0,80009e9c	
     491555.000 ns	     49154	80009e98	00036f17	auipc	x30,0x36	 x30=0x8003fe98
     491565.000 ns	     49155	80009e9c	163f2423	sw	x3,360(x30)	 x30:0x8003fe98  x3:0x00000001 PA:0xxxxxxxxx
     491585.000 ns	     49157	80009ea0	ff9ff06f	jal	x0,80009e9c	
     491635.000 ns	     49162	80009e98	00036f17	auipc	x30,0x36	 x30=0x8003fe98
     491645.000 ns	     49163	80009e9c	163f2423	sw	x3,360(x30)	 x30:0x8003fe98  x3:0x00000001 PA:0xxxxxxxxx
     491665.000 ns	     49165	80009ea0	ff9ff06f	jal	x0,80009e9c	
     491715.000 ns	     49170	80009e98	00036f17	auipc	x30,0x36	 x30=0x8003fe98
     491725.000 ns	     49171	80009e9c	163f2423	sw	x3,360(x30)	 x30:0x8003fe98  x3:0x00000001 PA:0xxxxxxxxx
     491745.000 ns	     49173	80009ea0	ff9ff06f	jal	x0,80009e9c	
     491795.000 ns	     49178	80009e98	00036f17	auipc	x30,0x36	 x30=0x8003fe98
     491805.000 ns	     49179	80009e9c	163f2423	sw	x3,360(x30)	 x30:0x8003fe98  x3:0x00000001 PA:0xxxxxxxxx
     491825.000 ns	     49181	80009ea0	ff9ff06f	jal	x0,80009e9c	
     491875.000 ns	     49186	80009e98	00036f17	auipc	x30,0x36	 x30=0x8003fe98
     491885.000 ns	     49187	80009e9c	163f2423	sw	x3,360(x30)	 x30:0x8003fe98  x3:0x00000001 PA:0xxxxxxxxx
     491905.000 ns	     49189	80009ea0	ff9ff06f	jal	x0,80009e9c	
     491955.000 ns	     49194	80009e98	00036f17	auipc	x30,0x36	 x30=0x8003fe98
     491965.000 ns	     49195	80009e9c	163f2423	sw	x3,360(x30)	 x30:0x8003fe98  x3:0x00000001 PA:0xxxxxxxxx
     491985.000 ns	     49197	80009ea0	ff9ff06f	jal	x0,80009e9c	
     492035.000 ns	     49202	80009e98	00036f17	auipc	x30,0x36	 x30=0x8003fe98
     492045.000 ns	     49203	80009e9c	163f2423	sw	x3,360(x30)	 x30:0x8003fe98  x3:0x00000001 PA:0xxxxxxxxx
     492065.000 ns	     49205	80009ea0	ff9ff06f	jal	x0,80009e9c	
     492115.000 ns	     49210	80009e98	00036f17	auipc	x30,0x36	 x30=0x8003fe98
     492125.000 ns	     49211	80009e9c	163f2423	sw	x3,360(x30)	 x30:0x8003fe98  x3:0x00000001 PA:0xxxxxxxxx
     492145.000 ns	     49213	80009ea0	ff9ff06f	jal	x0,80009e9c	
     492195.000 ns	     49218	80009e98	00036f17	auipc	x30,0x36	 x30=0x8003fe98
     492205.000 ns	     49219	80009e9c	163f2423	sw	x3,360(x30)	 x30:0x8003fe98  x3:0x00000001 PA:0xxxxxxxxx
     492225.000 ns	     49221	80009ea0	ff9ff06f	jal	x0,80009e9c	
     492275.000 ns	     49226	80009e98	00036f17	auipc	x30,0x36	 x30=0x8003fe98
     492285.000 ns	     49227	80009e9c	163f2423	sw	x3,360(x30)	 x30:0x8003fe98  x3:0x00000001 PA:0xxxxxxxxx
     492305.000 ns	     49229	80009ea0	ff9ff06f	jal	x0,80009e9c	
     492355.000 ns	     49234	80009e98	00036f17	auipc	x30,0x36	 x30=0x8003fe98
     492365.000 ns	     49235	80009e9c	163f2423	sw	x3,360(x30)	 x30:0x8003fe98  x3:0x00000001 PA:0xxxxxxxxx
     492385.000 ns	     49237	80009ea0	ff9ff06f	jal	x0,80009e9c	
     492435.000 ns	     49242	80009e98	00036f17	auipc	x30,0x36	 x30=0x8003fe98
     492445.000 ns	     49243	80009e9c	163f2423	sw	x3,360(x30)	 x30:0x8003fe98  x3:0x00000001 PA:0xxxxxxxxx
     492465.000 ns	     49245	80009ea0	ff9ff06f	jal	x0,80009e9c	
     492515.000 ns	     49250	80009e98	00036f17	auipc	x30,0x36	 x30=0x8003fe98
     492525.000 ns	     49251	80009e9c	163f2423	sw	x3,360(x30)	 x30:0x8003fe98  x3:0x00000001 PA:0xxxxxxxxx
     492545.000 ns	     49253	80009ea0	ff9ff06f	jal	x0,80009e9c	
     492595.000 ns	     49258	80009e98	00036f17	auipc	x30,0x36	 x30=0x8003fe98
     492605.000 ns	     49259	80009e9c	163f2423	sw	x3,360(x30)	 x30:0x8003fe98  x3:0x00000001 PA:0xxxxxxxxx
     492625.000 ns	     49261	80009ea0	ff9ff06f	jal	x0,80009e9c	
     492675.000 ns	     49266	80009e98	00036f17	auipc	x30,0x36	 x30=0x8003fe98
     492685.000 ns	     49267	80009e9c	163f2423	sw	x3,360(x30)	 x30:0x8003fe98  x3:0x00000001 PA:0xxxxxxxxx
     492705.000 ns	     49269	80009ea0	ff9ff06f	jal	x0,80009e9c	
     492755.000 ns	     49274	80009e98	00036f17	auipc	x30,0x36	 x30=0x8003fe98
     492765.000 ns	     49275	80009e9c	163f2423	sw	x3,360(x30)	 x30:0x8003fe98  x3:0x00000001 PA:0xxxxxxxxx
     492785.000 ns	     49277	80009ea0	ff9ff06f	jal	x0,80009e9c	
     492835.000 ns	     49282	80009e98	00036f17	auipc	x30,0x36	 x30=0x8003fe98
     492845.000 ns	     49283	80009e9c	163f2423	sw	x3,360(x30)	 x30:0x8003fe98  x3:0x00000001 PA:0xxxxxxxxx
     492865.000 ns	     49285	80009ea0	ff9ff06f	jal	x0,80009e9c	
     492915.000 ns	     49290	80009e98	00036f17	auipc	x30,0x36	 x30=0x8003fe98
     492925.000 ns	     49291	80009e9c	163f2423	sw	x3,360(x30)	 x30:0x8003fe98  x3:0x00000001 PA:0xxxxxxxxx
     492945.000 ns	     49293	80009ea0	ff9ff06f	jal	x0,80009e9c	
     492995.000 ns	     49298	80009e98	00036f17	auipc	x30,0x36	 x30=0x8003fe98
     493005.000 ns	     49299	80009e9c	163f2423	sw	x3,360(x30)	 x30:0x8003fe98  x3:0x00000001 PA:0xxxxxxxxx
     493025.000 ns	     49301	80009ea0	ff9ff06f	jal	x0,80009e9c	
     493075.000 ns	     49306	80009e98	00036f17	auipc	x30,0x36	 x30=0x8003fe98
     493085.000 ns	     49307	80009e9c	163f2423	sw	x3,360(x30)	 x30:0x8003fe98  x3:0x00000001 PA:0xxxxxxxxx
     493105.000 ns	     49309	80009ea0	ff9ff06f	jal	x0,80009e9c	
     493155.000 ns	     49314	80009e98	00036f17	auipc	x30,0x36	 x30=0x8003fe98
     493165.000 ns	     49315	80009e9c	163f2423	sw	x3,360(x30)	 x30:0x8003fe98  x3:0x00000001 PA:0xxxxxxxxx
     493185.000 ns	     49317	80009ea0	ff9ff06f	jal	x0,80009e9c	
     493235.000 ns	     49322	80009e98	00036f17	auipc	x30,0x36	 x30=0x8003fe98
     493245.000 ns	     49323	80009e9c	163f2423	sw	x3,360(x30)	 x30:0x8003fe98  x3:0x00000001 PA:0xxxxxxxxx
     493265.000 ns	     49325	80009ea0	ff9ff06f	jal	x0,80009e9c	
     493315.000 ns	     49330	80009e98	00036f17	auipc	x30,0x36	 x30=0x8003fe98
     493325.000 ns	     49331	80009e9c	163f2423	sw	x3,360(x30)	 x30:0x8003fe98  x3:0x00000001 PA:0xxxxxxxxx
     493345.000 ns	     49333	80009ea0	ff9ff06f	jal	x0,80009e9c	
     493395.000 ns	     49338	80009e98	00036f17	auipc	x30,0x36	 x30=0x8003fe98
     493405.000 ns	     49339	80009e9c	163f2423	sw	x3,360(x30)	 x30:0x8003fe98  x3:0x00000001 PA:0xxxxxxxxx
     493425.000 ns	     49341	80009ea0	ff9ff06f	jal	x0,80009e9c	
     493475.000 ns	     49346	80009e98	00036f17	auipc	x30,0x36	 x30=0x8003fe98
     493485.000 ns	     49347	80009e9c	163f2423	sw	x3,360(x30)	 x30:0x8003fe98  x3:0x00000001 PA:0xxxxxxxxx
     493505.000 ns	     49349	80009ea0	ff9ff06f	jal	x0,80009e9c	
     493555.000 ns	     49354	80009e98	00036f17	auipc	x30,0x36	 x30=0x8003fe98
     493565.000 ns	     49355	80009e9c	163f2423	sw	x3,360(x30)	 x30:0x8003fe98  x3:0x00000001 PA:0xxxxxxxxx
     493585.000 ns	     49357	80009ea0	ff9ff06f	jal	x0,80009e9c	
     493635.000 ns	     49362	80009e98	00036f17	auipc	x30,0x36	 x30=0x8003fe98
     493645.000 ns	     49363	80009e9c	163f2423	sw	x3,360(x30)	 x30:0x8003fe98  x3:0x00000001 PA:0xxxxxxxxx
     493665.000 ns	     49365	80009ea0	ff9ff06f	jal	x0,80009e9c	
     493715.000 ns	     49370	80009e98	00036f17	auipc	x30,0x36	 x30=0x8003fe98
     493725.000 ns	     49371	80009e9c	163f2423	sw	x3,360(x30)	 x30:0x8003fe98  x3:0x00000001 PA:0xxxxxxxxx
     493745.000 ns	     49373	80009ea0	ff9ff06f	jal	x0,80009e9c	
     493795.000 ns	     49378	80009e98	00036f17	auipc	x30,0x36	 x30=0x8003fe98
     493805.000 ns	     49379	80009e9c	163f2423	sw	x3,360(x30)	 x30:0x8003fe98  x3:0x00000001 PA:0xxxxxxxxx
     493825.000 ns	     49381	80009ea0	ff9ff06f	jal	x0,80009e9c	
     493875.000 ns	     49386	80009e98	00036f17	auipc	x30,0x36	 x30=0x8003fe98
     493885.000 ns	     49387	80009e9c	163f2423	sw	x3,360(x30)	 x30:0x8003fe98  x3:0x00000001 PA:0xxxxxxxxx
     493905.000 ns	     49389	80009ea0	ff9ff06f	jal	x0,80009e9c	
     493955.000 ns	     49394	80009e98	00036f17	auipc	x30,0x36	 x30=0x8003fe98
     493965.000 ns	     49395	80009e9c	163f2423	sw	x3,360(x30)	 x30:0x8003fe98  x3:0x00000001 PA:0xxxxxxxxx
     493985.000 ns	     49397	80009ea0	ff9ff06f	jal	x0,80009e9c	
     494035.000 ns	     49402	80009e98	00036f17	auipc	x30,0x36	 x30=0x8003fe98
     494045.000 ns	     49403	80009e9c	163f2423	sw	x3,360(x30)	 x30:0x8003fe98  x3:0x00000001 PA:0xxxxxxxxx
     494065.000 ns	     49405	80009ea0	ff9ff06f	jal	x0,80009e9c	
     494115.000 ns	     49410	80009e98	00036f17	auipc	x30,0x36	 x30=0x8003fe98
     494125.000 ns	     49411	80009e9c	163f2423	sw	x3,360(x30)	 x30:0x8003fe98  x3:0x00000001 PA:0xxxxxxxxx
     494145.000 ns	     49413	80009ea0	ff9ff06f	jal	x0,80009e9c	
     494195.000 ns	     49418	80009e98	00036f17	auipc	x30,0x36	 x30=0x8003fe98
     494205.000 ns	     49419	80009e9c	163f2423	sw	x3,360(x30)	 x30:0x8003fe98  x3:0x00000001 PA:0xxxxxxxxx
     494225.000 ns	     49421	80009ea0	ff9ff06f	jal	x0,80009e9c	
     494275.000 ns	     49426	80009e98	00036f17	auipc	x30,0x36	 x30=0x8003fe98
     494285.000 ns	     49427	80009e9c	163f2423	sw	x3,360(x30)	 x30:0x8003fe98  x3:0x00000001 PA:0xxxxxxxxx
     494305.000 ns	     49429	80009ea0	ff9ff06f	jal	x0,80009e9c	
     494355.000 ns	     49434	80009e98	00036f17	auipc	x30,0x36	 x30=0x8003fe98
     494365.000 ns	     49435	80009e9c	163f2423	sw	x3,360(x30)	 x30:0x8003fe98  x3:0x00000001 PA:0xxxxxxxxx
     494385.000 ns	     49437	80009ea0	ff9ff06f	jal	x0,80009e9c	
     494435.000 ns	     49442	80009e98	00036f17	auipc	x30,0x36	 x30=0x8003fe98
     494445.000 ns	     49443	80009e9c	163f2423	sw	x3,360(x30)	 x30:0x8003fe98  x3:0x00000001 PA:0xxxxxxxxx
     494465.000 ns	     49445	80009ea0	ff9ff06f	jal	x0,80009e9c	
     494515.000 ns	     49450	80009e98	00036f17	auipc	x30,0x36	 x30=0x8003fe98
     494525.000 ns	     49451	80009e9c	163f2423	sw	x3,360(x30)	 x30:0x8003fe98  x3:0x00000001 PA:0xxxxxxxxx
     494545.000 ns	     49453	80009ea0	ff9ff06f	jal	x0,80009e9c	
     494595.000 ns	     49458	80009e98	00036f17	auipc	x30,0x36	 x30=0x8003fe98
     494605.000 ns	     49459	80009e9c	163f2423	sw	x3,360(x30)	 x30:0x8003fe98  x3:0x00000001 PA:0xxxxxxxxx
     494625.000 ns	     49461	80009ea0	ff9ff06f	jal	x0,80009e9c	
     494675.000 ns	     49466	80009e98	00036f17	auipc	x30,0x36	 x30=0x8003fe98
     494685.000 ns	     49467	80009e9c	163f2423	sw	x3,360(x30)	 x30:0x8003fe98  x3:0x00000001 PA:0xxxxxxxxx
     494705.000 ns	     49469	80009ea0	ff9ff06f	jal	x0,80009e9c	
     494755.000 ns	     49474	80009e98	00036f17	auipc	x30,0x36	 x30=0x8003fe98
     494765.000 ns	     49475	80009e9c	163f2423	sw	x3,360(x30)	 x30:0x8003fe98  x3:0x00000001 PA:0xxxxxxxxx
     494785.000 ns	     49477	80009ea0	ff9ff06f	jal	x0,80009e9c	
     494835.000 ns	     49482	80009e98	00036f17	auipc	x30,0x36	 x30=0x8003fe98
     494845.000 ns	     49483	80009e9c	163f2423	sw	x3,360(x30)	 x30:0x8003fe98  x3:0x00000001 PA:0xxxxxxxxx
     494865.000 ns	     49485	80009ea0	ff9ff06f	jal	x0,80009e9c	
     494915.000 ns	     49490	80009e98	00036f17	auipc	x30,0x36	 x30=0x8003fe98
     494925.000 ns	     49491	80009e9c	163f2423	sw	x3,360(x30)	 x30:0x8003fe98  x3:0x00000001 PA:0xxxxxxxxx
     494945.000 ns	     49493	80009ea0	ff9ff06f	jal	x0,80009e9c	
     494995.000 ns	     49498	80009e98	00036f17	auipc	x30,0x36	 x30=0x8003fe98
     495005.000 ns	     49499	80009e9c	163f2423	sw	x3,360(x30)	 x30:0x8003fe98  x3:0x00000001 PA:0xxxxxxxxx
     495025.000 ns	     49501	80009ea0	ff9ff06f	jal	x0,80009e9c	
     495075.000 ns	     49506	80009e98	00036f17	auipc	x30,0x36	 x30=0x8003fe98
     495085.000 ns	     49507	80009e9c	163f2423	sw	x3,360(x30)	 x30:0x8003fe98  x3:0x00000001 PA:0xxxxxxxxx
     495105.000 ns	     49509	80009ea0	ff9ff06f	jal	x0,80009e9c	
     495155.000 ns	     49514	80009e98	00036f17	auipc	x30,0x36	 x30=0x8003fe98
     495165.000 ns	     49515	80009e9c	163f2423	sw	x3,360(x30)	 x30:0x8003fe98  x3:0x00000001 PA:0xxxxxxxxx
     495185.000 ns	     49517	80009ea0	ff9ff06f	jal	x0,80009e9c	
     495235.000 ns	     49522	80009e98	00036f17	auipc	x30,0x36	 x30=0x8003fe98
     495245.000 ns	     49523	80009e9c	163f2423	sw	x3,360(x30)	 x30:0x8003fe98  x3:0x00000001 PA:0xxxxxxxxx
     495265.000 ns	     49525	80009ea0	ff9ff06f	jal	x0,80009e9c	
     495315.000 ns	     49530	80009e98	00036f17	auipc	x30,0x36	 x30=0x8003fe98
     495325.000 ns	     49531	80009e9c	163f2423	sw	x3,360(x30)	 x30:0x8003fe98  x3:0x00000001 PA:0xxxxxxxxx
     495345.000 ns	     49533	80009ea0	ff9ff06f	jal	x0,80009e9c	
     495395.000 ns	     49538	80009e98	00036f17	auipc	x30,0x36	 x30=0x8003fe98
     495405.000 ns	     49539	80009e9c	163f2423	sw	x3,360(x30)	 x30:0x8003fe98  x3:0x00000001 PA:0xxxxxxxxx
     495425.000 ns	     49541	80009ea0	ff9ff06f	jal	x0,80009e9c	
     495475.000 ns	     49546	80009e98	00036f17	auipc	x30,0x36	 x30=0x8003fe98
     495485.000 ns	     49547	80009e9c	163f2423	sw	x3,360(x30)	 x30:0x8003fe98  x3:0x00000001 PA:0xxxxxxxxx
     495505.000 ns	     49549	80009ea0	ff9ff06f	jal	x0,80009e9c	
     495555.000 ns	     49554	80009e98	00036f17	auipc	x30,0x36	 x30=0x8003fe98
     495565.000 ns	     49555	80009e9c	163f2423	sw	x3,360(x30)	 x30:0x8003fe98  x3:0x00000001 PA:0xxxxxxxxx
     495585.000 ns	     49557	80009ea0	ff9ff06f	jal	x0,80009e9c	
     495635.000 ns	     49562	80009e98	00036f17	auipc	x30,0x36	 x30=0x8003fe98
     495645.000 ns	     49563	80009e9c	163f2423	sw	x3,360(x30)	 x30:0x8003fe98  x3:0x00000001 PA:0xxxxxxxxx
     495665.000 ns	     49565	80009ea0	ff9ff06f	jal	x0,80009e9c	
     495715.000 ns	     49570	80009e98	00036f17	auipc	x30,0x36	 x30=0x8003fe98
     495725.000 ns	     49571	80009e9c	163f2423	sw	x3,360(x30)	 x30:0x8003fe98  x3:0x00000001 PA:0xxxxxxxxx
     495745.000 ns	     49573	80009ea0	ff9ff06f	jal	x0,80009e9c	
     495795.000 ns	     49578	80009e98	00036f17	auipc	x30,0x36	 x30=0x8003fe98
     495805.000 ns	     49579	80009e9c	163f2423	sw	x3,360(x30)	 x30:0x8003fe98  x3:0x00000001 PA:0xxxxxxxxx
     495825.000 ns	     49581	80009ea0	ff9ff06f	jal	x0,80009e9c	
     495875.000 ns	     49586	80009e98	00036f17	auipc	x30,0x36	 x30=0x8003fe98
     495885.000 ns	     49587	80009e9c	163f2423	sw	x3,360(x30)	 x30:0x8003fe98  x3:0x00000001 PA:0xxxxxxxxx
     495905.000 ns	     49589	80009ea0	ff9ff06f	jal	x0,80009e9c	
     495955.000 ns	     49594	80009e98	00036f17	auipc	x30,0x36	 x30=0x8003fe98
     495965.000 ns	     49595	80009e9c	163f2423	sw	x3,360(x30)	 x30:0x8003fe98  x3:0x00000001 PA:0xxxxxxxxx
     495985.000 ns	     49597	80009ea0	ff9ff06f	jal	x0,80009e9c	
     496035.000 ns	     49602	80009e98	00036f17	auipc	x30,0x36	 x30=0x8003fe98
     496045.000 ns	     49603	80009e9c	163f2423	sw	x3,360(x30)	 x30:0x8003fe98  x3:0x00000001 PA:0xxxxxxxxx
     496065.000 ns	     49605	80009ea0	ff9ff06f	jal	x0,80009e9c	
     496115.000 ns	     49610	80009e98	00036f17	auipc	x30,0x36	 x30=0x8003fe98
     496125.000 ns	     49611	80009e9c	163f2423	sw	x3,360(x30)	 x30:0x8003fe98  x3:0x00000001 PA:0xxxxxxxxx
     496145.000 ns	     49613	80009ea0	ff9ff06f	jal	x0,80009e9c	
     496195.000 ns	     49618	80009e98	00036f17	auipc	x30,0x36	 x30=0x8003fe98
     496205.000 ns	     49619	80009e9c	163f2423	sw	x3,360(x30)	 x30:0x8003fe98  x3:0x00000001 PA:0xxxxxxxxx
     496225.000 ns	     49621	80009ea0	ff9ff06f	jal	x0,80009e9c	
     496275.000 ns	     49626	80009e98	00036f17	auipc	x30,0x36	 x30=0x8003fe98
     496285.000 ns	     49627	80009e9c	163f2423	sw	x3,360(x30)	 x30:0x8003fe98  x3:0x00000001 PA:0xxxxxxxxx
     496305.000 ns	     49629	80009ea0	ff9ff06f	jal	x0,80009e9c	
     496355.000 ns	     49634	80009e98	00036f17	auipc	x30,0x36	 x30=0x8003fe98
     496365.000 ns	     49635	80009e9c	163f2423	sw	x3,360(x30)	 x30:0x8003fe98  x3:0x00000001 PA:0xxxxxxxxx
     496385.000 ns	     49637	80009ea0	ff9ff06f	jal	x0,80009e9c	
     496435.000 ns	     49642	80009e98	00036f17	auipc	x30,0x36	 x30=0x8003fe98
     496445.000 ns	     49643	80009e9c	163f2423	sw	x3,360(x30)	 x30:0x8003fe98  x3:0x00000001 PA:0xxxxxxxxx
     496465.000 ns	     49645	80009ea0	ff9ff06f	jal	x0,80009e9c	
     496515.000 ns	     49650	80009e98	00036f17	auipc	x30,0x36	 x30=0x8003fe98
     496525.000 ns	     49651	80009e9c	163f2423	sw	x3,360(x30)	 x30:0x8003fe98  x3:0x00000001 PA:0xxxxxxxxx
     496545.000 ns	     49653	80009ea0	ff9ff06f	jal	x0,80009e9c	
     496595.000 ns	     49658	80009e98	00036f17	auipc	x30,0x36	 x30=0x8003fe98
     496605.000 ns	     49659	80009e9c	163f2423	sw	x3,360(x30)	 x30:0x8003fe98  x3:0x00000001 PA:0xxxxxxxxx
     496625.000 ns	     49661	80009ea0	ff9ff06f	jal	x0,80009e9c	
     496675.000 ns	     49666	80009e98	00036f17	auipc	x30,0x36	 x30=0x8003fe98
     496685.000 ns	     49667	80009e9c	163f2423	sw	x3,360(x30)	 x30:0x8003fe98  x3:0x00000001 PA:0xxxxxxxxx
     496705.000 ns	     49669	80009ea0	ff9ff06f	jal	x0,80009e9c	
     496755.000 ns	     49674	80009e98	00036f17	auipc	x30,0x36	 x30=0x8003fe98
     496765.000 ns	     49675	80009e9c	163f2423	sw	x3,360(x30)	 x30:0x8003fe98  x3:0x00000001 PA:0xxxxxxxxx
     496785.000 ns	     49677	80009ea0	ff9ff06f	jal	x0,80009e9c	
     496835.000 ns	     49682	80009e98	00036f17	auipc	x30,0x36	 x30=0x8003fe98
     496845.000 ns	     49683	80009e9c	163f2423	sw	x3,360(x30)	 x30:0x8003fe98  x3:0x00000001 PA:0xxxxxxxxx
     496865.000 ns	     49685	80009ea0	ff9ff06f	jal	x0,80009e9c	
     496915.000 ns	     49690	80009e98	00036f17	auipc	x30,0x36	 x30=0x8003fe98
     496925.000 ns	     49691	80009e9c	163f2423	sw	x3,360(x30)	 x30:0x8003fe98  x3:0x00000001 PA:0xxxxxxxxx
     496945.000 ns	     49693	80009ea0	ff9ff06f	jal	x0,80009e9c	
     496995.000 ns	     49698	80009e98	00036f17	auipc	x30,0x36	 x30=0x8003fe98
     497005.000 ns	     49699	80009e9c	163f2423	sw	x3,360(x30)	 x30:0x8003fe98  x3:0x00000001 PA:0xxxxxxxxx
     497025.000 ns	     49701	80009ea0	ff9ff06f	jal	x0,80009e9c	
     497075.000 ns	     49706	80009e98	00036f17	auipc	x30,0x36	 x30=0x8003fe98
     497085.000 ns	     49707	80009e9c	163f2423	sw	x3,360(x30)	 x30:0x8003fe98  x3:0x00000001 PA:0xxxxxxxxx
     497105.000 ns	     49709	80009ea0	ff9ff06f	jal	x0,80009e9c	
     497155.000 ns	     49714	80009e98	00036f17	auipc	x30,0x36	 x30=0x8003fe98
     497165.000 ns	     49715	80009e9c	163f2423	sw	x3,360(x30)	 x30:0x8003fe98  x3:0x00000001 PA:0xxxxxxxxx
     497185.000 ns	     49717	80009ea0	ff9ff06f	jal	x0,80009e9c	
     497235.000 ns	     49722	80009e98	00036f17	auipc	x30,0x36	 x30=0x8003fe98
     497245.000 ns	     49723	80009e9c	163f2423	sw	x3,360(x30)	 x30:0x8003fe98  x3:0x00000001 PA:0xxxxxxxxx
     497265.000 ns	     49725	80009ea0	ff9ff06f	jal	x0,80009e9c	
     497315.000 ns	     49730	80009e98	00036f17	auipc	x30,0x36	 x30=0x8003fe98
     497325.000 ns	     49731	80009e9c	163f2423	sw	x3,360(x30)	 x30:0x8003fe98  x3:0x00000001 PA:0xxxxxxxxx
     497345.000 ns	     49733	80009ea0	ff9ff06f	jal	x0,80009e9c	
     497395.000 ns	     49738	80009e98	00036f17	auipc	x30,0x36	 x30=0x8003fe98
     497405.000 ns	     49739	80009e9c	163f2423	sw	x3,360(x30)	 x30:0x8003fe98  x3:0x00000001 PA:0xxxxxxxxx
     497425.000 ns	     49741	80009ea0	ff9ff06f	jal	x0,80009e9c	
     497475.000 ns	     49746	80009e98	00036f17	auipc	x30,0x36	 x30=0x8003fe98
     497485.000 ns	     49747	80009e9c	163f2423	sw	x3,360(x30)	 x30:0x8003fe98  x3:0x00000001 PA:0xxxxxxxxx
     497505.000 ns	     49749	80009ea0	ff9ff06f	jal	x0,80009e9c	
     497555.000 ns	     49754	80009e98	00036f17	auipc	x30,0x36	 x30=0x8003fe98
     497565.000 ns	     49755	80009e9c	163f2423	sw	x3,360(x30)	 x30:0x8003fe98  x3:0x00000001 PA:0xxxxxxxxx
     497585.000 ns	     49757	80009ea0	ff9ff06f	jal	x0,80009e9c	
     497635.000 ns	     49762	80009e98	00036f17	auipc	x30,0x36	 x30=0x8003fe98
     497645.000 ns	     49763	80009e9c	163f2423	sw	x3,360(x30)	 x30:0x8003fe98  x3:0x00000001 PA:0xxxxxxxxx
     497665.000 ns	     49765	80009ea0	ff9ff06f	jal	x0,80009e9c	
     497715.000 ns	     49770	80009e98	00036f17	auipc	x30,0x36	 x30=0x8003fe98
     497725.000 ns	     49771	80009e9c	163f2423	sw	x3,360(x30)	 x30:0x8003fe98  x3:0x00000001 PA:0xxxxxxxxx
     497745.000 ns	     49773	80009ea0	ff9ff06f	jal	x0,80009e9c	
     497795.000 ns	     49778	80009e98	00036f17	auipc	x30,0x36	 x30=0x8003fe98
     497805.000 ns	     49779	80009e9c	163f2423	sw	x3,360(x30)	 x30:0x8003fe98  x3:0x00000001 PA:0xxxxxxxxx
     497825.000 ns	     49781	80009ea0	ff9ff06f	jal	x0,80009e9c	
     497875.000 ns	     49786	80009e98	00036f17	auipc	x30,0x36	 x30=0x8003fe98
     497885.000 ns	     49787	80009e9c	163f2423	sw	x3,360(x30)	 x30:0x8003fe98  x3:0x00000001 PA:0xxxxxxxxx
     497905.000 ns	     49789	80009ea0	ff9ff06f	jal	x0,80009e9c	
     497955.000 ns	     49794	80009e98	00036f17	auipc	x30,0x36	 x30=0x8003fe98
     497965.000 ns	     49795	80009e9c	163f2423	sw	x3,360(x30)	 x30:0x8003fe98  x3:0x00000001 PA:0xxxxxxxxx
     497985.000 ns	     49797	80009ea0	ff9ff06f	jal	x0,80009e9c	
     498035.000 ns	     49802	80009e98	00036f17	auipc	x30,0x36	 x30=0x8003fe98
     498045.000 ns	     49803	80009e9c	163f2423	sw	x3,360(x30)	 x30:0x8003fe98  x3:0x00000001 PA:0xxxxxxxxx
     498065.000 ns	     49805	80009ea0	ff9ff06f	jal	x0,80009e9c	
     498115.000 ns	     49810	80009e98	00036f17	auipc	x30,0x36	 x30=0x8003fe98
     498125.000 ns	     49811	80009e9c	163f2423	sw	x3,360(x30)	 x30:0x8003fe98  x3:0x00000001 PA:0xxxxxxxxx
     498145.000 ns	     49813	80009ea0	ff9ff06f	jal	x0,80009e9c	
     498195.000 ns	     49818	80009e98	00036f17	auipc	x30,0x36	 x30=0x8003fe98
     498205.000 ns	     49819	80009e9c	163f2423	sw	x3,360(x30)	 x30:0x8003fe98  x3:0x00000001 PA:0xxxxxxxxx
     498225.000 ns	     49821	80009ea0	ff9ff06f	jal	x0,80009e9c	
     498275.000 ns	     49826	80009e98	00036f17	auipc	x30,0x36	 x30=0x8003fe98
     498285.000 ns	     49827	80009e9c	163f2423	sw	x3,360(x30)	 x30:0x8003fe98  x3:0x00000001 PA:0xxxxxxxxx
     498305.000 ns	     49829	80009ea0	ff9ff06f	jal	x0,80009e9c	
     498355.000 ns	     49834	80009e98	00036f17	auipc	x30,0x36	 x30=0x8003fe98
     498365.000 ns	     49835	80009e9c	163f2423	sw	x3,360(x30)	 x30:0x8003fe98  x3:0x00000001 PA:0xxxxxxxxx
     498385.000 ns	     49837	80009ea0	ff9ff06f	jal	x0,80009e9c	
     498435.000 ns	     49842	80009e98	00036f17	auipc	x30,0x36	 x30=0x8003fe98
     498445.000 ns	     49843	80009e9c	163f2423	sw	x3,360(x30)	 x30:0x8003fe98  x3:0x00000001 PA:0xxxxxxxxx
     498465.000 ns	     49845	80009ea0	ff9ff06f	jal	x0,80009e9c	
     498515.000 ns	     49850	80009e98	00036f17	auipc	x30,0x36	 x30=0x8003fe98
     498525.000 ns	     49851	80009e9c	163f2423	sw	x3,360(x30)	 x30:0x8003fe98  x3:0x00000001 PA:0xxxxxxxxx
     498545.000 ns	     49853	80009ea0	ff9ff06f	jal	x0,80009e9c	
     498595.000 ns	     49858	80009e98	00036f17	auipc	x30,0x36	 x30=0x8003fe98
     498605.000 ns	     49859	80009e9c	163f2423	sw	x3,360(x30)	 x30:0x8003fe98  x3:0x00000001 PA:0xxxxxxxxx
     498625.000 ns	     49861	80009ea0	ff9ff06f	jal	x0,80009e9c	
     498675.000 ns	     49866	80009e98	00036f17	auipc	x30,0x36	 x30=0x8003fe98
     498685.000 ns	     49867	80009e9c	163f2423	sw	x3,360(x30)	 x30:0x8003fe98  x3:0x00000001 PA:0xxxxxxxxx
     498705.000 ns	     49869	80009ea0	ff9ff06f	jal	x0,80009e9c	
     498755.000 ns	     49874	80009e98	00036f17	auipc	x30,0x36	 x30=0x8003fe98
     498765.000 ns	     49875	80009e9c	163f2423	sw	x3,360(x30)	 x30:0x8003fe98  x3:0x00000001 PA:0xxxxxxxxx
     498785.000 ns	     49877	80009ea0	ff9ff06f	jal	x0,80009e9c	
     498835.000 ns	     49882	80009e98	00036f17	auipc	x30,0x36	 x30=0x8003fe98
     498845.000 ns	     49883	80009e9c	163f2423	sw	x3,360(x30)	 x30:0x8003fe98  x3:0x00000001 PA:0xxxxxxxxx
     498865.000 ns	     49885	80009ea0	ff9ff06f	jal	x0,80009e9c	
     498915.000 ns	     49890	80009e98	00036f17	auipc	x30,0x36	 x30=0x8003fe98
     498925.000 ns	     49891	80009e9c	163f2423	sw	x3,360(x30)	 x30:0x8003fe98  x3:0x00000001 PA:0xxxxxxxxx
     498945.000 ns	     49893	80009ea0	ff9ff06f	jal	x0,80009e9c	
     498995.000 ns	     49898	80009e98	00036f17	auipc	x30,0x36	 x30=0x8003fe98
     499005.000 ns	     49899	80009e9c	163f2423	sw	x3,360(x30)	 x30:0x8003fe98  x3:0x00000001 PA:0xxxxxxxxx
     499025.000 ns	     49901	80009ea0	ff9ff06f	jal	x0,80009e9c	
     499075.000 ns	     49906	80009e98	00036f17	auipc	x30,0x36	 x30=0x8003fe98
     499085.000 ns	     49907	80009e9c	163f2423	sw	x3,360(x30)	 x30:0x8003fe98  x3:0x00000001 PA:0xxxxxxxxx
     499105.000 ns	     49909	80009ea0	ff9ff06f	jal	x0,80009e9c	
     499155.000 ns	     49914	80009e98	00036f17	auipc	x30,0x36	 x30=0x8003fe98
     499165.000 ns	     49915	80009e9c	163f2423	sw	x3,360(x30)	 x30:0x8003fe98  x3:0x00000001 PA:0xxxxxxxxx
     499185.000 ns	     49917	80009ea0	ff9ff06f	jal	x0,80009e9c	
     499235.000 ns	     49922	80009e98	00036f17	auipc	x30,0x36	 x30=0x8003fe98
     499245.000 ns	     49923	80009e9c	163f2423	sw	x3,360(x30)	 x30:0x8003fe98  x3:0x00000001 PA:0xxxxxxxxx
     499265.000 ns	     49925	80009ea0	ff9ff06f	jal	x0,80009e9c	
     499315.000 ns	     49930	80009e98	00036f17	auipc	x30,0x36	 x30=0x8003fe98
     499325.000 ns	     49931	80009e9c	163f2423	sw	x3,360(x30)	 x30:0x8003fe98  x3:0x00000001 PA:0xxxxxxxxx
     499345.000 ns	     49933	80009ea0	ff9ff06f	jal	x0,80009e9c	
     499395.000 ns	     49938	80009e98	00036f17	auipc	x30,0x36	 x30=0x8003fe98
     499405.000 ns	     49939	80009e9c	163f2423	sw	x3,360(x30)	 x30:0x8003fe98  x3:0x00000001 PA:0xxxxxxxxx
     499425.000 ns	     49941	80009ea0	ff9ff06f	jal	x0,80009e9c	
     499475.000 ns	     49946	80009e98	00036f17	auipc	x30,0x36	 x30=0x8003fe98
     499485.000 ns	     49947	80009e9c	163f2423	sw	x3,360(x30)	 x30:0x8003fe98  x3:0x00000001 PA:0xxxxxxxxx
     499505.000 ns	     49949	80009ea0	ff9ff06f	jal	x0,80009e9c	
     499555.000 ns	     49954	80009e98	00036f17	auipc	x30,0x36	 x30=0x8003fe98
     499565.000 ns	     49955	80009e9c	163f2423	sw	x3,360(x30)	 x30:0x8003fe98  x3:0x00000001 PA:0xxxxxxxxx
     499585.000 ns	     49957	80009ea0	ff9ff06f	jal	x0,80009e9c	
     499635.000 ns	     49962	80009e98	00036f17	auipc	x30,0x36	 x30=0x8003fe98
     499645.000 ns	     49963	80009e9c	163f2423	sw	x3,360(x30)	 x30:0x8003fe98  x3:0x00000001 PA:0xxxxxxxxx
     499665.000 ns	     49965	80009ea0	ff9ff06f	jal	x0,80009e9c	
     499715.000 ns	     49970	80009e98	00036f17	auipc	x30,0x36	 x30=0x8003fe98
     499725.000 ns	     49971	80009e9c	163f2423	sw	x3,360(x30)	 x30:0x8003fe98  x3:0x00000001 PA:0xxxxxxxxx
     499745.000 ns	     49973	80009ea0	ff9ff06f	jal	x0,80009e9c	
     499795.000 ns	     49978	80009e98	00036f17	auipc	x30,0x36	 x30=0x8003fe98
     499805.000 ns	     49979	80009e9c	163f2423	sw	x3,360(x30)	 x30:0x8003fe98  x3:0x00000001 PA:0xxxxxxxxx
     499825.000 ns	     49981	80009ea0	ff9ff06f	jal	x0,80009e9c	
     499875.000 ns	     49986	80009e98	00036f17	auipc	x30,0x36	 x30=0x8003fe98
     499885.000 ns	     49987	80009e9c	163f2423	sw	x3,360(x30)	 x30:0x8003fe98  x3:0x00000001 PA:0xxxxxxxxx
     499905.000 ns	     49989	80009ea0	ff9ff06f	jal	x0,80009e9c	
     499955.000 ns	     49994	80009e98	00036f17	auipc	x30,0x36	 x30=0x8003fe98
     499965.000 ns	     49995	80009e9c	163f2423	sw	x3,360(x30)	 x30:0x8003fe98  x3:0x00000001 PA:0xxxxxxxxx
     499985.000 ns	     49997	80009ea0	ff9ff06f	jal	x0,80009e9c	
