		Time			Cycle	PC		Insn	Decoded instruction	Register and memory contents
         65.000 ns	         5	80000000	f14022f3	csrrs	x5,mhartid,x0	  x0:0x00000000  x5=0xffffff14
         75.000 ns	         6	80000004	00000313	addi	x6,x0,0	  x0:0x00000000  x6=0x00000000
         85.000 ns	         7	80000008	00628263	beq	x5,x6,8000000c	  x5:0x00000000  x6:0x00000000
         95.000 ns	         8	8000000c	00000c97	auipc	x25,0x0	 x25=0x8000000c
        105.000 ns	         9	80000010	00cc8c93	addi	x25,x25,12	 x25:0x00000000 x25=0x80000018
        115.000 ns	        10	80000014	000c8067	jalr	x0,x25,0	 x25:0x00000000
        165.000 ns	        15	80000018	40001c37	lui	x24,0x40001	 x24=0x40001000
        175.000 ns	        16	8000001c	120c0c13	addi	x24,x24,288	 x24:0x00000000 x24=0x40001120
        185.000 ns	        17	80000020	301c1073	csrrw	x0,misa,x24	 x24:0x00000000
        195.000 ns	        18	80000024	00041a97	auipc	x21,0x41	 x21=0x80041024
        205.000 ns	        19	80000028	000a8a93	addi	x21,x21,0	 x21:0x00000000 x21=0x80041024
        215.000 ns	        20	8000002c	0000bc17	auipc	x24,0xb	 x24=0x8000b02c
        225.000 ns	        21	80000030	8b4c0c13	addi	x24,x24,-1868	 x24:0x40001120 x24=0x8000a8e0
        235.000 ns	        22	80000034	001c6c13	ori	x24,x24,1	 x24:0x40001120 x24=0x8000a8e1
        245.000 ns	        23	80000038	305c1073	csrrw	x0,mtvec,x24	 x24:0x8000b02c
        255.000 ns	        24	8000003c	00000c17	auipc	x24,0x0	 x24=0x8000003c
        265.000 ns	        25	80000040	028c0c13	addi	x24,x24,40	 x24:0x8000a8e1 x24=0x80000064
        275.000 ns	        26	80000044	341c1073	csrrw	x0,mepc,x24	 x24:0x8000a8e1
        285.000 ns	        27	80000048	00000013	addi	x0,x0,0	  x0:0x00000000
        295.000 ns	        28	8000004c	00004c37	lui	x24,0x4	 x24=0x00004000
        305.000 ns	        29	80000050	800c0c13	addi	x24,x24,-2048	 x24:0x80000064 x24=0x00003800
        315.000 ns	        30	80000054	300c1073	csrrw	x0,mstatus,x24	 x24:0x80000064
        325.000 ns	        31	80000058	00000c13	addi	x24,x0,0	  x0:0x00000000 x24=0x00000000
        335.000 ns	        32	8000005c	304c1073	csrrw	x0,mie,x24	 x24:0x00003800
        345.000 ns	        33	80000060	30200073	mret	
        355.000 ns	        34	80000064	ff800c37	lui	x24,0xff800	 x24=0xff800000
        375.000 ns	        36	80000068	f00c0053	fmv.w.x	f0,x24	 x24:0x00000000  f0=0xff800000
        395.000 ns	        38	8000006c	7f800c37	lui	x24,0x7f800	 x24=0x7f800000
        405.000 ns	        39	80000070	001c0c13	addi	x24,x24,1	 x24:0xff800000 x24=0x7f800001
        425.000 ns	        41	80000074	f00c00d3	fmv.w.x	f1,x24	 x24:0xff800000  f1=0x7f800001
        445.000 ns	        43	80000078	00000c13	addi	x24,x0,0	  x0:0x00000000 x24=0x00000000
        465.000 ns	        45	8000007c	f00c0153	fmv.w.x	f2,x24	 x24:0x7f800001  f2=0x00000000
        485.000 ns	        47	80000080	7f800c37	lui	x24,0x7f800	 x24=0x7f800000
        505.000 ns	        49	80000084	f00c01d3	fmv.w.x	f3,x24	 x24:0x00000000  f3=0x7f800000
        525.000 ns	        51	80000088	007afc37	lui	x24,0x7af	 x24=0x007af000
        535.000 ns	        52	8000008c	e5dc0c13	addi	x24,x24,-419	 x24:0x7f800000 x24=0x007aee5d
        555.000 ns	        54	80000090	f00c0253	fmv.w.x	f4,x24	 x24:0x7f800000  f4=0x007aee5d
        575.000 ns	        56	80000094	ff800c37	lui	x24,0xff800	 x24=0xff800000
        585.000 ns	        57	80000098	fffc0c13	addi	x24,x24,-1	 x24:0x007aee5d x24=0xff7fffff
        605.000 ns	        59	8000009c	f00c02d3	fmv.w.x	f5,x24	 x24:0x007aee5d  f5=0xff7fffff
        625.000 ns	        61	800000a0	00193c37	lui	x24,0x193	 x24=0x00193000
        635.000 ns	        62	800000a4	207c0c13	addi	x24,x24,519	 x24:0xff7fffff x24=0x00193207
        655.000 ns	        64	800000a8	f00c0353	fmv.w.x	f6,x24	 x24:0xff7fffff  f6=0x00193207
        675.000 ns	        66	800000ac	a95a4c37	lui	x24,0xa95a4	 x24=0xa95a4000
        685.000 ns	        67	800000b0	b61c0c13	addi	x24,x24,-1183	 x24:0x00193207 x24=0xa95a3b61
        705.000 ns	        69	800000b4	f00c03d3	fmv.w.x	f7,x24	 x24:0x00193207  f7=0xa95a3b61
        725.000 ns	        71	800000b8	ff800c37	lui	x24,0xff800	 x24=0xff800000
        745.000 ns	        73	800000bc	f00c0453	fmv.w.x	f8,x24	 x24:0xa95a3b61  f8=0xff800000
        765.000 ns	        75	800000c0	7f800c37	lui	x24,0x7f800	 x24=0x7f800000
        785.000 ns	        77	800000c4	f00c04d3	fmv.w.x	f9,x24	 x24:0xff800000  f9=0x7f800000
        805.000 ns	        79	800000c8	ff800c37	lui	x24,0xff800	 x24=0xff800000
        815.000 ns	        80	800000cc	fffc0c13	addi	x24,x24,-1	 x24:0x7f800000 x24=0xff7fffff
        835.000 ns	        82	800000d0	f00c0553	fmv.w.x	f10,x24	 x24:0x7f800000 f10=0xff7fffff
        855.000 ns	        84	800000d4	ff800c37	lui	x24,0xff800	 x24=0xff800000
        875.000 ns	        86	800000d8	f00c05d3	fmv.w.x	f11,x24	 x24:0xff7fffff f11=0xff800000
        895.000 ns	        88	800000dc	7f800c37	lui	x24,0x7f800	 x24=0x7f800000
        905.000 ns	        89	800000e0	fffc0c13	addi	x24,x24,-1	 x24:0xff800000 x24=0x7f7fffff
        925.000 ns	        91	800000e4	f00c0653	fmv.w.x	f12,x24	 x24:0xff800000 f12=0x7f7fffff
        945.000 ns	        93	800000e8	7f800c37	lui	x24,0x7f800	 x24=0x7f800000
        955.000 ns	        94	800000ec	fffc0c13	addi	x24,x24,-1	 x24:0x7f7fffff x24=0x7f7fffff
        975.000 ns	        96	800000f0	f00c06d3	fmv.w.x	f13,x24	 x24:0x7f7fffff f13=0x7f7fffff
        995.000 ns	        98	800000f4	80000c37	lui	x24,0x80000	 x24=0x80000000
       1015.000 ns	       100	800000f8	f00c0753	fmv.w.x	f14,x24	 x24:0x7f7fffff f14=0x80000000
       1035.000 ns	       102	800000fc	00127c37	lui	x24,0x127	 x24=0x00127000
       1045.000 ns	       103	80000100	9f1c0c13	addi	x24,x24,-1551	 x24:0x80000000 x24=0x001269f1
       1065.000 ns	       105	80000104	f00c07d3	fmv.w.x	f15,x24	 x24:0x80000000 f15=0x001269f1
       1085.000 ns	       107	80000108	ff800c37	lui	x24,0xff800	 x24=0xff800000
       1095.000 ns	       108	8000010c	fffc0c13	addi	x24,x24,-1	 x24:0x001269f1 x24=0xff7fffff
       1115.000 ns	       110	80000110	f00c0853	fmv.w.x	f16,x24	 x24:0x001269f1 f16=0xff7fffff
       1135.000 ns	       112	80000114	7fc00c37	lui	x24,0x7fc00	 x24=0x7fc00000
       1155.000 ns	       114	80000118	f00c08d3	fmv.w.x	f17,x24	 x24:0xff7fffff f17=0x7fc00000
       1175.000 ns	       116	8000011c	7f800c37	lui	x24,0x7f800	 x24=0x7f800000
       1185.000 ns	       117	80000120	001c0c13	addi	x24,x24,1	 x24:0x7fc00000 x24=0x7f800001
       1205.000 ns	       119	80000124	f00c0953	fmv.w.x	f18,x24	 x24:0x7fc00000 f18=0x7f800001
       1225.000 ns	       121	80000128	7f800c37	lui	x24,0x7f800	 x24=0x7f800000
       1235.000 ns	       122	8000012c	fffc0c13	addi	x24,x24,-1	 x24:0x7f800001 x24=0x7f7fffff
       1255.000 ns	       124	80000130	f00c09d3	fmv.w.x	f19,x24	 x24:0x7f800001 f19=0x7f7fffff
       1275.000 ns	       126	80000134	7f800c37	lui	x24,0x7f800	 x24=0x7f800000
       1295.000 ns	       128	80000138	f00c0a53	fmv.w.x	f20,x24	 x24:0x7f7fffff f20=0x7f800000
       1315.000 ns	       130	8000013c	80229c37	lui	x24,0x80229	 x24=0x80229000
       1325.000 ns	       131	80000140	becc0c13	addi	x24,x24,-1044	 x24:0x7f800000 x24=0x80228bec
       1345.000 ns	       133	80000144	f00c0ad3	fmv.w.x	f21,x24	 x24:0x7f800000 f21=0x80228bec
       1365.000 ns	       135	80000148	7fc00c37	lui	x24,0x7fc00	 x24=0x7fc00000
       1385.000 ns	       137	8000014c	f00c0b53	fmv.w.x	f22,x24	 x24:0x80228bec f22=0x7fc00000
       1405.000 ns	       139	80000150	7f800c37	lui	x24,0x7f800	 x24=0x7f800000
       1415.000 ns	       140	80000154	001c0c13	addi	x24,x24,1	 x24:0x7fc00000 x24=0x7f800001
       1435.000 ns	       142	80000158	f00c0bd3	fmv.w.x	f23,x24	 x24:0x7fc00000 f23=0x7f800001
       1455.000 ns	       144	8000015c	7f800c37	lui	x24,0x7f800	 x24=0x7f800000
       1475.000 ns	       146	80000160	f00c0c53	fmv.w.x	f24,x24	 x24:0x7f800001 f24=0x7f800000
       1495.000 ns	       148	80000164	ff800c37	lui	x24,0xff800	 x24=0xff800000
       1505.000 ns	       149	80000168	fffc0c13	addi	x24,x24,-1	 x24:0x7f800000 x24=0xff7fffff
       1525.000 ns	       151	8000016c	f00c0cd3	fmv.w.x	f25,x24	 x24:0x7f800000 f25=0xff7fffff
       1545.000 ns	       153	80000170	00000c13	addi	x24,x0,0	  x0:0x00000000 x24=0x00000000
       1565.000 ns	       155	80000174	f00c0d53	fmv.w.x	f26,x24	 x24:0xff7fffff f26=0x00000000
       1585.000 ns	       157	80000178	80673c37	lui	x24,0x80673	 x24=0x80673000
       1595.000 ns	       158	8000017c	c55c0c13	addi	x24,x24,-939	 x24:0x00000000 x24=0x80672c55
       1615.000 ns	       160	80000180	f00c0dd3	fmv.w.x	f27,x24	 x24:0x00000000 f27=0x80672c55
       1635.000 ns	       162	80000184	805a5c37	lui	x24,0x805a5	 x24=0x805a5000
       1645.000 ns	       163	80000188	3e9c0c13	addi	x24,x24,1001	 x24:0x80672c55 x24=0x805a53e9
       1665.000 ns	       165	8000018c	f00c0e53	fmv.w.x	f28,x24	 x24:0x80672c55 f28=0x805a53e9
       1685.000 ns	       167	80000190	7f800c37	lui	x24,0x7f800	 x24=0x7f800000
       1695.000 ns	       168	80000194	001c0c13	addi	x24,x24,1	 x24:0x805a53e9 x24=0x7f800001
       1715.000 ns	       170	80000198	f00c0ed3	fmv.w.x	f29,x24	 x24:0x805a53e9 f29=0x7f800001
       1735.000 ns	       172	8000019c	7f800c37	lui	x24,0x7f800	 x24=0x7f800000
       1755.000 ns	       174	800001a0	f00c0f53	fmv.w.x	f30,x24	 x24:0x7f800001 f30=0x7f800000
       1775.000 ns	       176	800001a4	7f800c37	lui	x24,0x7f800	 x24=0x7f800000
       1785.000 ns	       177	800001a8	001c0c13	addi	x24,x24,1	 x24:0x7f800000 x24=0x7f800001
       1805.000 ns	       179	800001ac	f00c0fd3	fmv.w.x	f31,x24	 x24:0x7f800000 f31=0x7f800001
       1825.000 ns	       181	800001b0	00215073	csrrwi	x0,frm,2	
       1835.000 ns	       182	800001b4	eae74037	lui	x0,0xeae74	
       1845.000 ns	       183	800001b8	37800013	addi	x0,x0,888	  x0:0x00000000
       1855.000 ns	       184	800001bc	fd9fc0b7	lui	x1,0xfd9fc	  x1=0xfd9fc000
       1865.000 ns	       185	800001c0	e3a08093	addi	x1,x1,-454	  x1:0x00000000  x1=0xfd9fbe3a
       1875.000 ns	       186	800001c4	80000137	lui	x2,0x80000	  x2=0x80000000
       1885.000 ns	       187	800001c8	00f00193	addi	x3,x0,15	  x0:0x00000000  x3=0x0000000f
       1895.000 ns	       188	800001cc	80000237	lui	x4,0x80000	  x4=0x80000000
       1905.000 ns	       189	800001d0	00000293	addi	x5,x0,0	  x0:0x00000000  x5=0x00000000
       1915.000 ns	       190	800001d4	b9e76337	lui	x6,0xb9e76	  x6=0xb9e76000
       1925.000 ns	       191	800001d8	d1c30313	addi	x6,x6,-740	  x6:0x00000000  x6=0xb9e75d1c
       1935.000 ns	       192	800001dc	800003b7	lui	x7,0x80000	  x7=0x80000000
       1945.000 ns	       193	800001e0	fa608437	lui	x8,0xfa608	  x8=0xfa608000
       1955.000 ns	       194	800001e4	04040413	addi	x8,x8,64	  x8:0x00000000  x8=0xfa608040
       1965.000 ns	       195	800001e8	00000513	addi	x10,x0,0	  x0:0x00000000 x10=0x00000000
       1975.000 ns	       196	800001ec	800005b7	lui	x11,0x80000	 x11=0x80000000
       1985.000 ns	       197	800001f0	faae5637	lui	x12,0xfaae5	 x12=0xfaae5000
       1995.000 ns	       198	800001f4	ab360613	addi	x12,x12,-1357	 x12:0x00000000 x12=0xfaae4ab3
       2005.000 ns	       199	800001f8	f67726b7	lui	x13,0xf6772	 x13=0xf6772000
       2015.000 ns	       200	800001fc	17268693	addi	x13,x13,370	 x13:0x00000000 x13=0xf6772172
       2025.000 ns	       201	80000200	80000737	lui	x14,0x80000	 x14=0x80000000
       2035.000 ns	       202	80000204	800007b7	lui	x15,0x80000	 x15=0x80000000
       2045.000 ns	       203	80000208	00d00813	addi	x16,x0,13	  x0:0x00000000 x16=0x0000000d
       2055.000 ns	       204	8000020c	c68838b7	lui	x17,0xc6883	 x17=0xc6883000
       2065.000 ns	       205	80000210	ba088893	addi	x17,x17,-1120	 x17:0x00000000 x17=0xc6882ba0
       2075.000 ns	       206	80000214	00000913	addi	x18,x0,0	  x0:0x00000000 x18=0x00000000
       2085.000 ns	       207	80000218	75be99b7	lui	x19,0x75be9	 x19=0x75be9000
       2095.000 ns	       208	8000021c	5dc98993	addi	x19,x19,1500	 x19:0x00000000 x19=0x75be95dc
       2105.000 ns	       209	80000220	f69c0a37	lui	x20,0xf69c0	 x20=0xf69c0000
       2115.000 ns	       210	80000224	91da0a13	addi	x20,x20,-1763	 x20:0x00000000 x20=0xf69bf91d
       2125.000 ns	       211	80000228	80000b37	lui	x22,0x80000	 x22=0x80000000
       2135.000 ns	       212	8000022c	fe349bb7	lui	x23,0xfe349	 x23=0xfe349000
       2145.000 ns	       213	80000230	35cb8b93	addi	x23,x23,860	 x23:0x00000000 x23=0xfe34935c
       2155.000 ns	       214	80000234	80000c37	lui	x24,0x80000	 x24=0x80000000
       2165.000 ns	       215	80000238	9a072cb7	lui	x25,0x9a072	 x25=0x9a072000
       2175.000 ns	       216	8000023c	54cc8c93	addi	x25,x25,1356	 x25:0x80000018 x25=0x9a07254c
       2185.000 ns	       217	80000240	00000d13	addi	x26,x0,0	  x0:0x00000000 x26=0x00000000
       2195.000 ns	       218	80000244	f6ad1db7	lui	x27,0xf6ad1	 x27=0xf6ad1000
       2205.000 ns	       219	80000248	1f6d8d93	addi	x27,x27,502	 x27:0x00000000 x27=0xf6ad11f6
       2215.000 ns	       220	8000024c	00b00e13	addi	x28,x0,11	  x0:0x00000000 x28=0x0000000b
       2225.000 ns	       221	80000250	ffe8aeb7	lui	x29,0xffe8a	 x29=0xffe8a000
       2235.000 ns	       222	80000254	2b7e8e93	addi	x29,x29,695	 x29:0x00000000 x29=0xffe8a2b7
       2245.000 ns	       223	80000258	80000f37	lui	x30,0x80000	 x30=0x80000000
       2255.000 ns	       224	8000025c	80000fb7	lui	x31,0x80000	 x31=0x80000000
       2265.000 ns	       225	80000260	00041497	auipc	x9,0x41	  x9=0x80041260
       2275.000 ns	       226	80000264	d8448493	addi	x9,x9,-636	  x9:0x00000000  x9=0x80040fe4
       2315.000 ns	       230	80000268	09e42ad3	fsub.s	f21,f8,f30	  f8:0xff800000 f30:0x7f800000 f21=0x80000000
       2685.000 ns	       267	8000026c	02cf6633	rem	x12,x30,x12	 x30:0x80000000 x12:0xfaae4ab3 x12=0xffa8ff38
       2705.000 ns	       269	80000270	e20d6413	ori	x8,x26,-480	 x26:0x00000000  x8=0xfffffe20
       2725.000 ns	       271	80000274	02f6a6b3	mulhsu	x13,x13,x15	 x13:0xf6772172 x15:0x80000000 x13=0xfb3b90b9
       2755.000 ns	       274	80000278	215b2ed3	fsgnjx.s	f29,f22,f21	 f22:0x7fc00000 f21:0x80000000 f29=0xffc00000
       3125.000 ns	       311	8000027c	035fda33	divu	x20,x31,x21	 x31:0x80000000 x21:0x80041024 x20=0x00000000
       3165.000 ns	       315	80000280	5803f1d3	fsqrt.s	f3,f7	  f7:0xa95a3b61  f3=0x7fc00000
       3185.000 ns	       317	80000284	000d0933	add	x18,x26,x0	 x26:0x00000000  x0:0x00000000 x18=0x00000000
       3195.000 ns	       318	80000288	00df3fb3	sltu	x31,x30,x13	 x30:0x80000000 x13:0xfb3b90b9 x31=0x00000001
       3205.000 ns	       319	8000028c	bb862813	slti	x16,x12,-1096	 x12:0xffa8ff38 x16=0x00000001
       3215.000 ns	       320	80000290	8a787393	andi	x7,x16,-1881	 x16:0x0000000d  x7=0x00000001
       3245.000 ns	       323	80000294	18fd7653	fdiv.s	f12,f26,f15	 f26:0x00000000 f15:0x001269f1 f12=0x00000000
       3285.000 ns	       327	80000298	5803c653	fsqrt.s	f12,f7	  f7:0xa95a3b61 f12=0x7fc00000
       3305.000 ns	       329	8000029c	00f28133	add	x2,x5,x15	  x5:0x00000000 x15:0x80000000  x2=0x80000000
       3345.000 ns	       333	800002a0	00b1f253	fadd.s	f4,f3,f11	  f3:0x7fc00000 f11:0xff800000  f4=0x7fc00000
       3365.000 ns	       335	800002a4	329b2417	auipc	x8,0x329b2	  x8=0xb29b22a4
       3385.000 ns	       337	800002a8	02e41533	mulh	x10,x8,x14	  x8:0xfffffe20 x14:0x80000000 x10=0x26b26eae
       3415.000 ns	       340	800002ac	a1988753	fle.s	x14,f17,f25	 f17:0x7fc00000 f25:0xff7fffff x14=0x00000000
       3445.000 ns	       343	800002b0	211e05d3	fsgnj.s	f11,f28,f17	 f28:0x805a53e9 f17:0x7fc00000 f11=0x005a53e9
       3465.000 ns	       345	800002b4	e1063093	sltiu	x1,x12,-496	 x12:0xffa8ff38  x1=0x00000001
       3475.000 ns	       346	800002b8	17005c37	lui	x24,0x17005	 x24=0x17005000
       3485.000 ns	       347	800002bc	00181913	slli	x18,x16,0x1	 x16:0x00000001 x18=0x00000002
       3505.000 ns	       349	800002c0	28c78a53	fmin.s	f20,f15,f12	 f15:0x001269f1 f12:0x7fc00000 f20=0x001269f1
       3535.000 ns	       352	800002c4	e00c1fd3	fclass.s	x31,f24	 f24:0x7f800000 x31=0x00000080
       3555.000 ns	       354	800002c8	1c300393	addi	x7,x0,451	  x0:0x00000000  x7=0x000001c3
       3575.000 ns	       356	800002cc	a05821d3	feq.s	x3,f16,f5	 f16:0xff7fffff  f5:0xff7fffff  x3=0x00000001
       3595.000 ns	       358	800002d0	77806713	ori	x14,x0,1912	  x0:0x00000000 x14=0x00000778
       3615.000 ns	       360	800002d4	03fda933	mulhsu	x18,x27,x31	 x27:0xf6ad11f6 x31:0x00000080 x18=0xfffffffb
       3635.000 ns	       362	800002d8	9480c913	xori	x18,x1,-1720	  x1:0x00000001 x18=0xfffff949
       3645.000 ns	       363	800002dc	4142d5b3	sra	x11,x5,x20	  x5:0x00000000 x20:0x00000000 x11=0x00000000
       3655.000 ns	       364	800002e0	786f0c13	addi	x24,x30,1926	 x30:0x80000000 x24=0x80000786
       3665.000 ns	       365	800002e4	c0cf2213	slti	x4,x30,-1012	 x30:0x80000000  x4=0x00000001
       3675.000 ns	       366	800002e8	013f7c33	and	x24,x30,x19	 x30:0x80000000 x19:0x75be95dc x24=0x00000000
       3695.000 ns	       368	800002ec	020e88b3	mul	x17,x29,x0	 x29:0xffe8a2b7  x0:0x00000000 x17=0x00000000
       3715.000 ns	       370	800002f0	00b03533	sltu	x10,x0,x11	  x0:0x00000000 x11:0x00000000 x10=0x00000000
       3725.000 ns	       371	800002f4	004f1993	slli	x19,x30,0x4	 x30:0x80000000 x19=0x00000000
       3745.000 ns	       373	800002f8	201594d3	fsgnjn.s	f9,f11,f1	 f11:0x005a53e9  f1:0x7f800001  f9=0x805a53e9
       3765.000 ns	       375	800002fc	01fe02b3	add	x5,x28,x31	 x28:0x0000000b x31:0x00000080  x5=0x0000008b
       3805.000 ns	       379	80000300	09eb71d3	fsub.s	f3,f22,f30	 f22:0x7fc00000 f30:0x7f800000  f3=0x7fc00000
       3835.000 ns	       382	80000304	c00073d3	fcvt.w.s	x7,f0	  f0:0xff800000  x7=0x80000000
       3855.000 ns	       384	80000308	41a203b3	sub	x7,x4,x26	  x4:0x00000001 x26:0x00000000  x7=0x00000001
       3865.000 ns	       385	8000030c	405cdb33	sra	x22,x25,x5	 x25:0x9a07254c  x5:0x0000008b x22=0xfff340e4
       3875.000 ns	       386	80000310	f2a9e997	auipc	x19,0xf2a9e	 x19=0x72a9e310
       3895.000 ns	       388	80000314	03d28433	mul	x8,x5,x29	  x5:0x0000008b x29:0xffe8a2b7  x8=0xf350595d
       3925.000 ns	       391	80000318	03cc9fb3	mulh	x31,x25,x28	 x25:0x9a07254c x28:0x0000000b x31=0xfffffffb
       3945.000 ns	       393	8000031c	005afdb3	and	x27,x21,x5	 x21:0x80041024  x5:0x0000008b x27=0x00000000
       3955.000 ns	       394	80000320	00b7aa33	slt	x20,x15,x11	 x15:0x80000000 x11:0x00000000 x20=0x00000001
       3965.000 ns	       395	80000324	00196033	or	x0,x18,x1	 x18:0xfffff949  x1:0x00000001
       3985.000 ns	       397	80000328	02a8b5b3	mulhu	x11,x17,x10	 x17:0x00000000 x10:0x00000000 x11=0x00000000
       4015.000 ns	       400	8000032c	034c0633	mul	x12,x24,x20	 x24:0x00000000 x20:0x00000001 x12=0x00000000
       4045.000 ns	       403	80000330	03a54533	div	x10,x10,x26	 x10:0x00000000 x26:0x00000000 x10=0xffffffff
       4065.000 ns	       405	80000334	404c55b3	sra	x11,x24,x4	 x24:0x00000000  x4:0x00000001 x11=0x00000000
       4075.000 ns	       406	80000338	00000013	addi	x0,x0,0	  x0:0x00000000
       4085.000 ns	       407	8000033c	6d664617	auipc	x12,0x6d664	 x12=0xed66433c
       4095.000 ns	       408	80000340	01f65733	srl	x14,x12,x31	 x12:0x00000000 x31:0xfffffffb x14=0x0000001d
       4115.000 ns	       410	80000344	c0103fd3	fcvt.wu.s	x31,f0	  f0:0xff800000 x31=0x00000000
       4135.000 ns	       412	80000348	604ba193	slti	x3,x23,1540	 x23:0xfe34935c  x3=0x00000001
       4145.000 ns	       413	8000034c	418e03b3	sub	x7,x28,x24	 x28:0x0000000b x24:0x00000000  x7=0x0000000b
       4165.000 ns	       415	80000350	0301b533	mulhu	x10,x3,x16	  x3:0x00000001 x16:0x00000001 x10=0x00000000
       4185.000 ns	       417	80000354	0163ab33	slt	x22,x7,x22	  x7:0x00000001 x22:0xfff340e4 x22=0x00000000
       4205.000 ns	       419	80000358	d01078d3	fcvt.s.wu	f17,x0	  x0:0x00000000 f17=0x00000000
       4225.000 ns	       421	8000035c	403ad393	srai	x7,x21,0x3	 x21:0x80041024  x7=0xf0008204
       4245.000 ns	       423	80000360	e00e9f53	fclass.s	x30,f29	 f29:0xffc00000 x30=0x00000200
       4265.000 ns	       425	80000364	ec03be13	sltiu	x28,x7,-320	  x7:0x0000000b x28=0x00000001
       4285.000 ns	       427	80000368	d01e4853	fcvt.s.wu	f16,x28	 x28:0x0000000b f16=0x3f800000
       4305.000 ns	       429	8000036c	00fdeb33	or	x22,x27,x15	 x27:0x00000000 x15:0x80000000 x22=0x80000000
       4315.000 ns	       430	80000370	00caedb3	or	x27,x21,x12	 x21:0x80041024 x12:0xed66433c x27=0xed66533c
       4335.000 ns	       432	80000374	e00080d3	fmv.x.w	x1,f1	  f1:0x7f800001  x1=0x7f800001
       4355.000 ns	       434	80000378	41d78eb3	sub	x29,x15,x29	 x15:0x80000000 x29:0xffe8a2b7 x29=0x80175d49
       4365.000 ns	       435	8000037c	0009d093	srli	x1,x19,0x0	 x19:0x72a9e310  x1=0x72a9e310
       4375.000 ns	       436	80000380	3464c093	xori	x1,x9,838	  x9:0x80040fe4  x1=0x80040ca2
       4385.000 ns	       437	80000384	40e95bb3	sra	x23,x18,x14	 x18:0xfffff949 x14:0x0000001d x23=0xffffffff
       4395.000 ns	       438	80000388	00fa1eb3	sll	x29,x20,x15	 x20:0x00000001 x15:0x80000000 x29=0x00000001
       4755.000 ns	       474	8000038c	027bf7b3	remu	x15,x23,x7	 x23:0xfe34935c  x7:0xf0008204 x15=0x0fff7dfb
       5125.000 ns	       511	80000390	023bce33	div	x28,x23,x3	 x23:0xffffffff  x3:0x00000001 x28=0xffffffff
       5145.000 ns	       513	80000394	40645bb3	sra	x23,x8,x6	  x8:0xf350595d  x6:0xb9e75d1c x23=0xffffffff
       5185.000 ns	       517	80000398	01387653	fadd.s	f12,f16,f19	 f16:0x3f800000 f19:0x7f7fffff f12=0x7f7fffff
       5215.000 ns	       520	8000039c	a0152c53	feq.s	x24,f10,f1	 f10:0xff7fffff  f1:0x7f800001 x24=0x00000000
       5245.000 ns	       523	800003a0	d011bc53	fcvt.s.wu	f24,x3	  x3:0x00000001 f24=0x3f800000
       5275.000 ns	       526	800003a4	20b68353	fsgnj.s	f6,f13,f11	 f13:0x7f7fffff f11:0x005a53e9  f6=0x7f7fffff
       5305.000 ns	       529	800003a8	20dc20d3	fsgnjx.s	f1,f24,f13	 f24:0x3f800000 f13:0x7f7fffff  f1=0x3f800000
       5335.000 ns	       532	800003ac	28f01753	fmax.s	f14,f0,f15	  f0:0xff800000 f15:0x001269f1 f14=0x001269f1
       5365.000 ns	       535	800003b0	209d08d3	fsgnj.s	f17,f26,f9	 f26:0x00000000  f9:0x805a53e9 f17=0x80000000
       5735.000 ns	       572	800003b4	0364f133	remu	x2,x9,x22	  x9:0x80040fe4 x22:0x80000000  x2=0x00040fe4
       6915.000 ns	       690	800003b8	580c41d3	fsqrt.s	f3,f24	 f24:0x3f800000  f3=0x3f7fffae
       6935.000 ns	       692	800003bc	00000013	addi	x0,x0,0	  x0:0x00000000
       6955.000 ns	       694	800003c0	21ef9c53	fsgnjn.s	f24,f31,f30	 f31:0x7f800001 f30:0x7f800000 f24=0xff800001
       6975.000 ns	       696	800003c4	00f54f33	xor	x30,x10,x15	 x10:0x00000000 x15:0x0fff7dfb x30=0x0fff7dfb
       6995.000 ns	       698	800003c8	d0037c53	fcvt.s.w	f24,x6	  x6:0xb9e75d1c f24=0xce8c3145
       7025.000 ns	       701	800003cc	e0000053	fmv.x.w	x0,f0	  f0:0xff800000
       7055.000 ns	       704	800003d0	a05e1953	flt.s	x18,f28,f5	 f28:0x805a53e9  f5:0xff7fffff x18=0x00000000
       7425.000 ns	       741	800003d4	027c75b3	remu	x11,x24,x7	 x24:0x00000000  x7:0xf0008204 x11=0x00000000
       7445.000 ns	       743	800003d8	010f4033	xor	x0,x30,x16	 x30:0x0fff7dfb x16:0x00000001
       7465.000 ns	       745	800003dc	29c38153	fmin.s	f2,f7,f28	  f7:0xa95a3b61 f28:0x805a53e9  f2=0xa95a3b61
       7495.000 ns	       748	800003e0	21ed0553	fsgnj.s	f10,f26,f30	 f26:0x00000000 f30:0x7f800000 f10=0x00000000
       7525.000 ns	       751	800003e4	20ce20d3	fsgnjx.s	f1,f28,f12	 f28:0x805a53e9 f12:0x7f7fffff  f1=0x805a53e9
       7555.000 ns	       754	800003e8	029dba33	mulhu	x20,x27,x9	 x27:0xed66533c  x9:0x80040fe4 x20=0x76b6edf3
       7585.000 ns	       757	800003ec	d014fd53	fcvt.s.wu	f26,x9	  x9:0x80040fe4 f26=0x4f00040f
       7615.000 ns	       760	800003f0	21a594d3	fsgnjn.s	f9,f11,f26	 f11:0x005a53e9 f26:0x00000000  f9=0x805a53e9
       7645.000 ns	       763	800003f4	c006a2d3	fcvt.w.s	x5,f13	 f13:0x7f7fffff  x5=0x7fffffff
       7675.000 ns	       766	800003f8	a05d1053	flt.s	x0,f26,f5	 f26:0x4f00040f  f5:0xff7fffff
       7695.000 ns	       768	800003fc	3da77b13	andi	x22,x14,986	 x14:0x0000001d x22=0x00000018
       7715.000 ns	       770	80000400	f0068a53	fmv.w.x	f20,x13	 x13:0xfb3b90b9 f20=0xfb3b90b9
       7745.000 ns	       773	80000404	028a1533	mulh	x10,x20,x8	 x20:0x76b6edf3  x8:0xf350595d x10=0xfa1df885
       7765.000 ns	       775	80000408	000caf33	slt	x30,x25,x0	 x25:0x9a07254c  x0:0x00000000 x30=0x00000001
       7775.000 ns	       776	8000040c	417ade93	srai	x29,x21,0x17	 x21:0x80041024 x29=0xffffff00
       7785.000 ns	       777	80000410	01a1b1b3	sltu	x3,x3,x26	  x3:0x00000001 x26:0x00000000  x3=0x00000000
       7805.000 ns	       779	80000414	20f88b53	fsgnj.s	f22,f17,f15	 f17:0x80000000 f15:0x001269f1 f22=0x00000000
       7835.000 ns	       782	80000418	03591eb3	mulh	x29,x18,x21	 x18:0x00000000 x21:0x80041024 x29=0x00000000
       7855.000 ns	       784	8000041c	9c433193	sltiu	x3,x6,-1596	  x6:0xb9e75d1c  x3=0x00000001
       7865.000 ns	       785	80000420	409b50b3	sra	x1,x22,x9	 x22:0x00000018  x9:0x80040fe4  x1=0x00000001
       7885.000 ns	       787	80000424	e00796d3	fclass.s	x13,f15	 f15:0x001269f1 x13=0x00000020
       7905.000 ns	       789	80000428	e4e6ce93	xori	x29,x13,-434	 x13:0xfb3b90b9 x29=0xfffffe6e
       7925.000 ns	       791	8000042c	03f20b33	mul	x22,x4,x31	  x4:0x00000001 x31:0x00000000 x22=0x00000000
       7955.000 ns	       794	80000430	039c9933	mulh	x18,x25,x25	 x25:0x9a07254c x25:0x9a07254c x18=0x289e4e7a
       7975.000 ns	       796	80000434	00c4d7b3	srl	x15,x9,x12	  x9:0x80040fe4 x12:0xed66433c x15=0x00000008
       7995.000 ns	       798	80000438	f0030b53	fmv.w.x	f22,x6	  x6:0xb9e75d1c f22=0xb9e75d1c
       8015.000 ns	       800	8000043c	005d0c33	add	x24,x26,x5	 x26:0x00000000  x5:0x7fffffff x24=0x7fffffff
       8055.000 ns	       804	80000440	01d63553	fadd.s	f10,f12,f29	 f12:0x7f7fffff f29:0xffc00000 f10=0x7fc00000
       8085.000 ns	       807	80000444	d0067c53	fcvt.s.w	f24,x12	 x12:0xed66433c f24=0xcd94cde6
       8115.000 ns	       810	80000448	a1012353	feq.s	x6,f2,f16	  f2:0xa95a3b61 f16:0x3f800000  x6=0x00000000
       8135.000 ns	       812	8000044c	00570433	add	x8,x14,x5	 x14:0x0000001d  x5:0x7fffffff  x8=0x8000001c
       8155.000 ns	       814	80000450	284c8053	fmin.s	f0,f25,f4	 f25:0xff7fffff  f4:0x7fc00000  f0=0xff7fffff
       8205.000 ns	       819	80000454	005b9fd3	fadd.s	f31,f23,f5	 f23:0x7f800001  f5:0xff7fffff f31=0x7fc00000
       8245.000 ns	       823	80000458	102bf453	fmul.s	f8,f23,f2	 f23:0x7f800001  f2:0xa95a3b61  f8=0x7fc00000
       8265.000 ns	       825	8000045c	00301d93	slli	x27,x0,0x3	  x0:0x00000000 x27=0x00000000
       8285.000 ns	       827	80000460	02ee2eb3	mulhsu	x29,x28,x14	 x28:0xffffffff x14:0x0000001d x29=0xffffffff
       8335.000 ns	       832	80000464	08ac4153	fsub.s	f2,f24,f10	 f24:0xcd94cde6 f10:0x7fc00000  f2=0x7fc00000
       8365.000 ns	       835	80000468	a1aca7d3	feq.s	x15,f25,f26	 f25:0xff7fffff f26:0x4f00040f x15=0x00000000
       8385.000 ns	       837	8000046c	00000013	addi	x0,x0,0	  x0:0x00000000
       8405.000 ns	       839	80000470	e00c0553	fmv.x.w	x10,f24	 f24:0xcd94cde6 x10=0xcd94cde6
       8425.000 ns	       841	80000474	017a8c33	add	x24,x21,x23	 x21:0x80041024 x23:0xffffffff x24=0x80041023
       8445.000 ns	       843	80000478	026887b3	mul	x15,x17,x6	 x17:0x00000000  x6:0x00000000 x15=0x00000000
       8475.000 ns	       846	8000047c	28c30fd3	fmin.s	f31,f6,f12	  f6:0x7f7fffff f12:0x7f7fffff f31=0x7f7fffff
       8495.000 ns	       848	80000480	413a0733	sub	x14,x20,x19	 x20:0x76b6edf3 x19:0x72a9e310 x14=0x040d0ae3
       8515.000 ns	       850	80000484	28f28953	fmin.s	f18,f5,f15	  f5:0xff7fffff f15:0x001269f1 f18=0xff7fffff
       8545.000 ns	       853	80000488	c0054853	fcvt.w.s	x16,f10	 f10:0x7fc00000 x16=0x7fffffff
       8575.000 ns	       856	8000048c	d0027553	fcvt.s.w	f10,x4	  x4:0x00000001 f10=0x3f800000
       8605.000 ns	       859	80000490	21a7a253	fsgnjx.s	f4,f15,f26	 f15:0x001269f1 f26:0x4f00040f  f4=0x001269f1
       8625.000 ns	       861	80000494	4049da13	srai	x20,x19,0x4	 x19:0x72a9e310 x20=0x072a9e31
       8655.000 ns	       864	80000498	188a7853	fdiv.s	f16,f20,f8	 f20:0xfb3b90b9  f8:0x7fc00000 f16=0x7fc00000
       8685.000 ns	       867	8000049c	a0c70b53	fle.s	x22,f14,f12	 f14:0x001269f1 f12:0x7f7fffff x22=0x00000001
       8705.000 ns	       869	800004a0	a6d96f13	ori	x30,x18,-1427	 x18:0x289e4e7a x30=0xfffffe7f
       8715.000 ns	       870	800004a4	011dd533	srl	x10,x27,x17	 x27:0x00000000 x17:0x00000000 x10=0x00000000
       8725.000 ns	       871	800004a8	00000013	addi	x0,x0,0	  x0:0x00000000
       8735.000 ns	       872	800004ac	41ac0a33	sub	x20,x24,x26	 x24:0x80041023 x26:0x00000000 x20=0x80041023
       8745.000 ns	       873	800004b0	000b9c33	sll	x24,x23,x0	 x23:0xffffffff  x0:0x00000000 x24=0xffffffff
       8765.000 ns	       875	800004b4	02a0a533	mulhsu	x10,x1,x10	  x1:0x00000001 x10:0x00000000 x10=0x00000000
       8785.000 ns	       877	800004b8	00366fb3	or	x31,x12,x3	 x12:0xed66433c  x3:0x00000001 x31=0xed66433d
       8795.000 ns	       878	800004bc	4003ddb3	sra	x27,x7,x0	  x7:0xf0008204  x0:0x00000000 x27=0xf0008204
       8805.000 ns	       879	800004c0	01b99a13	slli	x20,x19,0x1b	 x19:0x72a9e310 x20=0x80000000
       8825.000 ns	       881	800004c4	03f52a33	mulhsu	x20,x10,x31	 x10:0x00000000 x31:0xed66433d x20=0x00000000
       8855.000 ns	       884	800004c8	21b88d53	fsgnj.s	f26,f17,f27	 f17:0x80000000 f27:0x80672c55 f26=0x80000000
       8885.000 ns	       887	800004cc	a08a0453	fle.s	x8,f20,f8	 f20:0xfb3b90b9  f8:0x7fc00000  x8=0x00000000
       8905.000 ns	       889	800004d0	2cf3e393	ori	x7,x7,719	  x7:0xf0008204  x7=0xf00082cf
       8915.000 ns	       890	800004d4	6d5e35b7	lui	x11,0x6d5e3	 x11=0x6d5e3000
       9275.000 ns	       926	800004d8	03b449b3	div	x19,x8,x27	  x8:0x00000000 x27:0xf0008204 x19=0x00000000
       9295.000 ns	       928	800004dc	01acaa33	slt	x20,x25,x26	 x25:0x9a07254c x26:0x00000000 x20=0x00000001
       9315.000 ns	       930	800004e0	03bd10b3	mulh	x1,x26,x27	 x26:0x00000000 x27:0xf0008204  x1=0x00000000
       9345.000 ns	       933	800004e4	c015bed3	fcvt.wu.s	x29,f11	 f11:0x005a53e9 x29=0x00000000
       9365.000 ns	       935	800004e8	40165f33	sra	x30,x12,x1	 x12:0xed66433c  x1:0x00000000 x30=0xed66433c
       9385.000 ns	       937	800004ec	026afe33	remu	x28,x21,x6	 x21:0x80041024  x6:0x00000000 x28=0x80041024
       9425.000 ns	       941	800004f0	10a78fd3	fmul.s	f31,f15,f10	 f15:0x001269f1 f10:0x3f800000 f31=0x001269f2
       9475.000 ns	       946	800004f4	08d6a8d3	fsub.s	f17,f13,f13	 f13:0x7f7fffff f13:0x7f7fffff f17=0x80000000
       9515.000 ns	       950	800004f8	580bcdd3	fsqrt.s	f27,f23	 f23:0x7f800001 f27=0x7fc00000
       9555.000 ns	       954	800004fc	1036a1d3	fmul.s	f3,f13,f3	 f13:0x7f7fffff  f3:0x3f7fffae  f3=0x7f7fffad
       9585.000 ns	       957	80000500	a1128053	fle.s	x0,f5,f17	  f5:0xff7fffff f17:0x80000000
       9605.000 ns	       959	80000504	01f76713	ori	x14,x14,31	 x14:0x040d0ae3 x14=0x040d0aff
       9625.000 ns	       961	80000508	e00e8753	fmv.x.w	x14,f29	 f29:0xffc00000 x14=0xffc00000
       9965.000 ns	       995	8000050c	18b9f753	fdiv.s	f14,f19,f11	 f19:0x7f7fffff f11:0x005a53e9 f14=0x7f800000
      10015.000 ns	      1000	80000510	014970d3	fadd.s	f1,f18,f20	 f18:0xff7fffff f20:0xfb3b90b9  f1=0xff800000
      10045.000 ns	      1003	80000514	a0a2ad53	feq.s	x26,f5,f10	  f5:0xff7fffff f10:0x3f800000 x26=0x00000000
      10075.000 ns	      1006	80000518	c0197b53	fcvt.wu.s	x22,f18	 f18:0xff7fffff x22=0x00000000
      10105.000 ns	      1009	8000051c	21598ad3	fsgnj.s	f21,f19,f21	 f19:0x7f7fffff f21:0x80000000 f21=0xff7fffff
      10135.000 ns	      1012	80000520	c01c7a53	fcvt.wu.s	x20,f24	 f24:0xcd94cde6 x20=0x1299bcc0
      10165.000 ns	      1015	80000524	f0068753	fmv.w.x	f14,x13	 x13:0x00000020 f14=0x00000020
      10195.000 ns	      1018	80000528	20798ed3	fsgnj.s	f29,f19,f7	 f19:0x7f7fffff  f7:0xa95a3b61 f29=0xff7fffff
      10225.000 ns	      1021	8000052c	d00e3cd3	fcvt.s.w	f25,x28	 x28:0x80041024 f25=0xcefff7e0
      10245.000 ns	      1023	80000530	418088b3	sub	x17,x1,x24	  x1:0x00000000 x24:0xffffffff x17=0x00000001
      10255.000 ns	      1024	80000534	00e22333	slt	x6,x4,x14	  x4:0x00000001 x14:0xffc00000  x6=0x00000000
      10265.000 ns	      1025	80000538	c9416613	ori	x12,x2,-876	  x2:0x00040fe4 x12=0xfffffff4
      10295.000 ns	      1028	8000053c	185d9dd3	fdiv.s	f27,f27,f5	 f27:0x7fc00000  f5:0xff7fffff f27=0x7fc00000
      10325.000 ns	      1031	80000540	283f9553	fmax.s	f10,f31,f3	 f31:0x001269f2  f3:0x7f7fffad f10=0x7f7fffad
      10355.000 ns	      1034	80000544	037110b3	mulh	x1,x2,x23	  x2:0x00040fe4 x23:0xffffffff  x1=0xffffffff
      10375.000 ns	      1036	80000548	e5274893	xori	x17,x14,-430	 x14:0xffc00000 x17=0x003ffe52
      11545.000 ns	      1153	8000054c	580779d3	fsqrt.s	f19,f14	 f14:0x00000020 f19=0x1f3504b2
      11575.000 ns	      1156	80000550	21ed17d3	fsgnjn.s	f15,f26,f30	 f26:0x80000000 f30:0x7f800000 f15=0x80000000
      11945.000 ns	      1193	80000554	02c5d533	divu	x10,x11,x12	 x11:0x6d5e3000 x12:0xfffffff4 x10=0x00000000
      11975.000 ns	      1196	80000558	033cef33	rem	x30,x25,x19	 x25:0x9a07254c x19:0x00000000 x30=0x9a07254c
      12005.000 ns	      1199	8000055c	02d3bc33	mulhu	x24,x7,x13	  x7:0xf00082cf x13:0x00000020 x24=0x0000001e
      12025.000 ns	      1201	80000560	000112b3	sll	x5,x2,x0	  x2:0x00040fe4  x0:0x00000000  x5=0x00040fe4
      12035.000 ns	      1202	80000564	00a81d13	slli	x26,x16,0xa	 x16:0x7fffffff x26=0xfffffc00
      12075.000 ns	      1206	80000568	083978d3	fsub.s	f17,f18,f3	 f18:0xff7fffff  f3:0x7f7fffad f17=0xff800000
      12095.000 ns	      1208	8000056c	00a99e13	slli	x28,x19,0xa	 x19:0x00000000 x28=0x00000000
      12135.000 ns	      1212	80000570	01c971d3	fadd.s	f3,f18,f28	 f18:0xff7fffff f28:0x805a53e9  f3=0xff7fffff
      12155.000 ns	      1214	80000574	41badeb3	sra	x29,x21,x27	 x21:0x80041024 x27:0xf0008204 x29=0xf8004102
      12165.000 ns	      1215	80000578	0073a9b3	slt	x19,x7,x7	  x7:0xf00082cf  x7:0xf00082cf x19=0x00000000
      12205.000 ns	      1219	8000057c	0188f7d3	fadd.s	f15,f17,f24	 f17:0xff800000 f24:0xcd94cde6 f15=0xff800000
      12235.000 ns	      1222	80000580	21efa8d3	fsgnjx.s	f17,f31,f30	 f31:0x001269f2 f30:0x7f800000 f17=0x001269f2
      12605.000 ns	      1259	80000584	03f3f533	remu	x10,x7,x31	  x7:0xf00082cf x31:0xed66433d x10=0x029a3f92
      12635.000 ns	      1262	80000588	03961433	mulh	x8,x12,x25	 x12:0xfffffff4 x25:0x9a07254c  x8=0x00000004
      12675.000 ns	      1266	8000058c	1147ff53	fmul.s	f30,f15,f20	 f15:0xff800000 f20:0xfb3b90b9 f30=0x7f800000
      12705.000 ns	      1269	80000590	20849fd3	fsgnjn.s	f31,f9,f8	  f9:0x805a53e9  f8:0x7fc00000 f31=0x805a53e9
      12725.000 ns	      1271	80000594	01b45213	srli	x4,x8,0x1b	  x8:0x00000004  x4=0x00000000
      12755.000 ns	      1274	80000598	1822fe53	fdiv.s	f28,f5,f2	  f5:0xff7fffff  f2:0x7fc00000 f28=0x7fc00000
      12785.000 ns	      1277	8000059c	e00d8dd3	fmv.x.w	x27,f27	 f27:0x7fc00000 x27=0x7fc00000
      12805.000 ns	      1279	800005a0	00a83db3	sltu	x27,x16,x10	 x16:0x7fffffff x10:0x029a3f92 x27=0x00000000
      12815.000 ns	      1280	800005a4	01560533	add	x10,x12,x21	 x12:0xfffffff4 x21:0x80041024 x10=0x80041018
      12825.000 ns	      1281	800005a8	41eb0b33	sub	x22,x22,x30	 x22:0x00000000 x30:0x9a07254c x22=0x65f8dab4
      12845.000 ns	      1283	800005ac	c00072d3	fcvt.w.s	x5,f0	  f0:0xff7fffff  x5=0x80000000
      12875.000 ns	      1286	800005b0	29b710d3	fmax.s	f1,f14,f27	 f14:0x00000020 f27:0x7fc00000  f1=0x00000020
      12895.000 ns	      1288	800005b4	6a0aab37	lui	x22,0x6a0aa	 x22=0x6a0aa000
      12915.000 ns	      1290	800005b8	02d89233	mulh	x4,x17,x13	 x17:0x003ffe52 x13:0x00000020  x4=0x00000000
      12935.000 ns	      1292	800005bc	01681f33	sll	x30,x16,x22	 x16:0x7fffffff x22:0x65f8dab4 x30=0x7fffffff
      12945.000 ns	      1293	800005c0	00aac033	xor	x0,x21,x10	 x21:0x80041024 x10:0x80041018
      12965.000 ns	      1295	800005c4	03fc16b3	mulh	x13,x24,x31	 x24:0x0000001e x31:0xed66433d x13=0xfffffffd
      12985.000 ns	      1297	800005c8	012b42b3	xor	x5,x22,x18	 x22:0x6a0aa000 x18:0x289e4e7a  x5=0x4294ee7a
      12995.000 ns	      1298	800005cc	4135d2b3	sra	x5,x11,x19	 x11:0x6d5e3000 x19:0x00000000  x5=0x6d5e3000
      13015.000 ns	      1300	800005d0	c01f4353	fcvt.wu.s	x6,f30	 f30:0x7f800000  x6=0xffffffff
      13055.000 ns	      1304	800005d4	100cf0d3	fmul.s	f1,f25,f0	 f25:0xcefff7e0  f0:0xff7fffff  f1=0x7f800000
      13075.000 ns	      1306	800005d8	004a1933	sll	x18,x20,x4	 x20:0x1299bcc0  x4:0x00000000 x18=0x1299bcc0
      13435.000 ns	      1342	800005dc	0219e733	rem	x14,x19,x1	 x19:0x00000000  x1:0xffffffff x14=0x00000000
      13455.000 ns	      1344	800005e0	00c65233	srl	x4,x12,x12	 x12:0xfffffff4 x12:0xfffffff4  x4=0x00000fff
      13485.000 ns	      1347	800005e4	580ef5d3	fsqrt.s	f11,f29	 f29:0xff7fffff f11=0x7fc00000
      13505.000 ns	      1349	800005e8	41f40d33	sub	x26,x8,x31	  x8:0x00000004 x31:0xed66433d x26=0x1299bcc7
      13525.000 ns	      1351	800005ec	28ec8bd3	fmin.s	f23,f25,f14	 f25:0xcefff7e0 f14:0x00000020 f23=0xcefff7e0
      13545.000 ns	      1353	800005f0	3595ff93	andi	x31,x11,857	 x11:0x6d5e3000 x31=0x00000000
      13565.000 ns	      1355	800005f4	030a9d33	mulh	x26,x21,x16	 x21:0x80041024 x16:0x7fffffff x26=0xc0020812
      13585.000 ns	      1357	800005f8	0131dd13	srli	x26,x3,0x13	  x3:0x00000001 x26=0x00000000
      13605.000 ns	      1359	800005fc	03209833	mulh	x16,x1,x18	  x1:0xffffffff x18:0x1299bcc0 x16=0xffffffff
      13635.000 ns	      1362	80000600	e00f9bd3	fclass.s	x23,f31	 f31:0x805a53e9 x23=0x00000004
      13655.000 ns	      1364	80000604	41d55593	srai	x11,x10,0x1d	 x10:0x80041018 x11=0xfffffffc
      13665.000 ns	      1365	80000608	01f79633	sll	x12,x15,x31	 x15:0x00000000 x31:0x00000000 x12=0x00000000
      13675.000 ns	      1366	8000060c	002c7033	and	x0,x24,x2	 x24:0x0000001e  x2:0x00040fe4
      14035.000 ns	      1402	80000610	029778b3	remu	x17,x14,x9	 x14:0x00000000  x9:0x80040fe4 x17=0x00000000
      14065.000 ns	      1405	80000614	e00e9e53	fclass.s	x28,f29	 f29:0xff7fffff x28=0x00000002
      14085.000 ns	      1407	80000618	0162db93	srli	x23,x5,0x16	  x5:0x6d5e3000 x23=0x000001b5
      14105.000 ns	      1409	8000061c	20ea98d3	fsgnjn.s	f17,f21,f14	 f21:0xff7fffff f14:0x00000020 f17=0xff7fffff
      14125.000 ns	      1411	80000620	d5981f37	lui	x30,0xd5981	 x30=0xd5981000
      14485.000 ns	      1447	80000624	02bfdfb3	divu	x31,x31,x11	 x31:0x00000000 x11:0xfffffffc x31=0x00000000
      14505.000 ns	      1449	80000628	00000013	addi	x0,x0,0	  x0:0x00000000
      14545.000 ns	      1453	8000062c	010f1e53	fadd.s	f28,f30,f16	 f30:0x7f800000 f16:0x7fc00000 f28=0x7fc00000
      14565.000 ns	      1455	80000630	40188fb3	sub	x31,x17,x1	 x17:0x00000000  x1:0xffffffff x31=0x00000001
      14585.000 ns	      1457	80000634	a19d17d3	flt.s	x15,f26,f25	 f26:0x80000000 f25:0xcefff7e0 x15=0x00000000
      14615.000 ns	      1460	80000638	206d2cd3	fsgnjx.s	f25,f26,f6	 f26:0x80000000  f6:0x7f7fffff f25=0x80000000
      14645.000 ns	      1463	8000063c	c0000653	fcvt.w.s	x12,f0	  f0:0xff7fffff x12=0x80000000
      14665.000 ns	      1465	80000640	00000013	addi	x0,x0,0	  x0:0x00000000
      14685.000 ns	      1467	80000644	038b2833	mulhsu	x16,x22,x24	 x22:0x6a0aa000 x24:0x0000001e x16=0x0000000c
      14705.000 ns	      1469	80000648	008f0bb3	add	x23,x30,x8	 x30:0xd5981000  x8:0x00000004 x23=0xd5981004
      14715.000 ns	      1470	8000064c	017eab33	slt	x22,x29,x23	 x29:0xf8004102 x23:0x000001b5 x22=0x00000000
      14755.000 ns	      1474	80000650	0875f4d3	fsub.s	f9,f11,f7	 f11:0x7fc00000  f7:0xa95a3b61  f9=0x7fc00000
      14775.000 ns	      1476	80000654	41375797	auipc	x15,0x41375	 x15=0xc1375654
      15135.000 ns	      1512	80000658	025d7033	remu	x0,x26,x5	 x26:0x00000000  x5:0x6d5e3000
      15155.000 ns	      1514	8000065c	f1336437	lui	x8,0xf1336	  x8=0xf1336000
      15165.000 ns	      1515	80000660	00149613	slli	x12,x9,0x1	  x9:0x80040fe4 x12=0x00081fc8
      15175.000 ns	      1516	80000664	01205db3	srl	x27,x0,x18	  x0:0x00000000 x18:0x1299bcc0 x27=0x00000000
      15205.000 ns	      1519	80000668	11de8b53	fmul.s	f22,f29,f29	 f29:0xff7fffff f29:0xff7fffff f22=0x7f800000
      15225.000 ns	      1521	8000066c	0010a433	slt	x8,x1,x1	  x1:0xffffffff  x1:0xffffffff  x8=0x00000000
      15235.000 ns	      1522	80000670	22634d37	lui	x26,0x22634	 x26=0x22634000
      15245.000 ns	      1523	80000674	00d17633	and	x12,x2,x13	  x2:0x00040fe4 x13:0xfffffffd x12=0x00040fe4
      15265.000 ns	      1525	80000678	d01cc153	fcvt.s.wu	f2,x25	 x25:0x9a07254c  f2=0x4f1a0725
      15635.000 ns	      1562	8000067c	021ef633	remu	x12,x29,x1	 x29:0xf8004102  x1:0xffffffff x12=0xf8004102
      15655.000 ns	      1564	80000680	01040f33	add	x30,x8,x16	  x8:0x00000000 x16:0x0000000c x30=0x0000000c
      15665.000 ns	      1565	80000684	005168b3	or	x17,x2,x5	  x2:0x00040fe4  x5:0x6d5e3000 x17=0x6d5e3fe4
      15675.000 ns	      1566	80000688	00a0d513	srli	x10,x1,0xa	  x1:0xffffffff x10=0x003fffff
      16035.000 ns	      1602	8000068c	037e6a33	rem	x20,x28,x23	 x28:0x00000002 x23:0xd5981004 x20=0x00000002
      16065.000 ns	      1605	80000690	a1522d53	feq.s	x26,f4,f21	  f4:0x001269f1 f21:0xff7fffff x26=0x00000000
      16095.000 ns	      1608	80000694	a09d15d3	flt.s	x11,f26,f9	 f26:0x80000000  f9:0x7fc00000 x11=0x00000000
      16115.000 ns	      1610	80000698	3ef1a893	slti	x17,x3,1007	  x3:0x00000001 x17=0x00000001
      16125.000 ns	      1611	8000069c	fe6b0993	addi	x19,x22,-26	 x22:0x00000000 x19=0xffffffe6
      16145.000 ns	      1613	800006a0	29348bd3	fmin.s	f23,f9,f19	  f9:0x7fc00000 f19:0x1f3504b2 f23=0x1f3504b2
      16175.000 ns	      1616	800006a4	e0090f53	fmv.x.w	x30,f18	 f18:0xff7fffff x30=0xff7fffff
      16225.000 ns	      1621	800006a8	0858b153	fsub.s	f2,f17,f5	 f17:0xff7fffff  f5:0xff7fffff  f2=0x00000000
      16245.000 ns	      1623	800006ac	010fc6b3	xor	x13,x31,x16	 x31:0x00000001 x16:0x0000000c x13=0x0000000d
      16255.000 ns	      1624	800006b0	fd39b997	auipc	x19,0xfd39b	 x19=0x7d39b6b0
      16265.000 ns	      1625	800006b4	95fb0813	addi	x16,x22,-1697	 x22:0x00000000 x16=0xfffff95f
      16625.000 ns	      1661	800006b8	02dcdc33	divu	x24,x25,x13	 x25:0x9a07254c x13:0x0000000d x24=0x0bd92a40
      16655.000 ns	      1664	800006bc	202c9d53	fsgnjn.s	f26,f25,f2	 f25:0x80000000  f2:0x00000000 f26=0x80000000
      17025.000 ns	      1701	800006c0	02a2d833	divu	x16,x5,x10	  x5:0x6d5e3000 x10:0x003fffff x16=0x000001b5
      17055.000 ns	      1704	800006c4	205e8cd3	fsgnj.s	f25,f29,f5	 f29:0xff7fffff  f5:0xff7fffff f25=0xff7fffff
      17105.000 ns	      1709	800006c8	01f943d3	fadd.s	f7,f18,f31	 f18:0xff7fffff f31:0x805a53e9  f7=0xff7fffff
      17125.000 ns	      1711	800006cc	00000013	addi	x0,x0,0	  x0:0x00000000
      17145.000 ns	      1713	800006d0	a06106d3	fle.s	x13,f2,f6	  f2:0x00000000  f6:0x7f7fffff x13=0x00000001
      17165.000 ns	      1715	800006d4	4a91a797	auipc	x15,0x4a91a	 x15=0xca91a6d4
      17175.000 ns	      1716	800006d8	f1328d17	auipc	x26,0xf1328	 x26=0x713286d8
      17195.000 ns	      1718	800006dc	a1f1a353	feq.s	x6,f3,f31	  f3:0xff7fffff f31:0x805a53e9  x6=0x00000000
      17215.000 ns	      1720	800006e0	8708ac13	slti	x24,x17,-1936	 x17:0x00000001 x24=0x00000000
      17235.000 ns	      1722	800006e4	a05d9bd3	flt.s	x23,f27,f5	 f27:0x7fc00000  f5:0xff7fffff x23=0x00000000
      17255.000 ns	      1724	800006e8	00edf0b3	and	x1,x27,x14	 x27:0x00000000 x14:0x00000000  x1=0x00000000
      17275.000 ns	      1726	800006ec	21322cd3	fsgnjx.s	f25,f4,f19	  f4:0x001269f1 f19:0x1f3504b2 f25=0x001269f1
      17645.000 ns	      1763	800006f0	02f955b3	divu	x11,x18,x15	 x18:0x1299bcc0 x15:0xca91a6d4 x11=0x00000000
      17675.000 ns	      1766	800006f4	d0047253	fcvt.s.w	f4,x8	  x8:0x00000000  f4=0x00000000
      17725.000 ns	      1771	800006f8	01598f53	fadd.s	f30,f19,f21	 f19:0x1f3504b2 f21:0xff7fffff f30=0xff7fffff
      17755.000 ns	      1774	800006fc	201f8953	fsgnj.s	f18,f31,f1	 f31:0x805a53e9  f1:0x7f800000 f18=0x005a53e9
      17785.000 ns	      1777	80000700	f0058353	fmv.w.x	f6,x11	 x11:0x00000000  f6=0x00000000
      17815.000 ns	      1780	80000704	03b4cfb3	div	x31,x9,x27	  x9:0x80040fe4 x27:0x00000000 x31=0xffffffff
      17835.000 ns	      1782	80000708	00e20fb3	add	x31,x4,x14	  x4:0x00000fff x14:0x00000000 x31=0x00000fff
      17845.000 ns	      1783	8000070c	010ed333	srl	x6,x29,x16	 x29:0xf8004102 x16:0x000001b5  x6=0x000007c0
      17865.000 ns	      1785	80000710	d000f453	fcvt.s.w	f8,x1	  x1:0x00000000  f8=0x00000000
      18235.000 ns	      1822	80000714	02d2e033	rem	x0,x5,x13	  x5:0x6d5e3000 x13:0x00000001
      18255.000 ns	      1824	80000718	0199c033	xor	x0,x19,x25	 x19:0x7d39b6b0 x25:0x9a07254c
      18275.000 ns	      1826	8000071c	f0080ed3	fmv.w.x	f29,x16	 x16:0x000001b5 f29=0x000001b5
      18295.000 ns	      1828	80000720	0107ce33	xor	x28,x15,x16	 x15:0xca91a6d4 x16:0x000001b5 x28=0xca91a761
      18305.000 ns	      1829	80000724	aa523217	auipc	x4,0xaa523	  x4=0x2a523724
      18315.000 ns	      1830	80000728	00000013	addi	x0,x0,0	  x0:0x00000000
      18325.000 ns	      1831	8000072c	0180a7b3	slt	x15,x1,x24	  x1:0x00000000 x24:0x00000000 x15=0x00000000
      18655.000 ns	      1864	80000730	1852a4d3	fdiv.s	f9,f5,f5	  f5:0xff7fffff  f5:0xff7fffff  f9=0x7f800000
      18685.000 ns	      1867	80000734	a121add3	feq.s	x27,f3,f18	  f3:0xff7fffff f18:0x005a53e9 x27=0x00000000
      18705.000 ns	      1869	80000738	1acf4d93	xori	x27,x30,428	 x30:0xff7fffff x27=0xff7ffe53
      18725.000 ns	      1871	8000073c	e00796d3	fclass.s	x13,f15	 f15:0xff800000 x13=0x00000001
      18755.000 ns	      1874	80000740	a1e98553	fle.s	x10,f19,f30	 f19:0x1f3504b2 f30:0xff7fffff x10=0x00000000
      19095.000 ns	      1908	80000744	19269fd3	fdiv.s	f31,f13,f18	 f13:0x7f7fffff f18:0x005a53e9 f31=0x7f800000
      19125.000 ns	      1911	80000748	d0047ad3	fcvt.s.w	f21,x8	  x8:0x00000000 f21=0x00000000
      19145.000 ns	      1913	8000074c	00ad6eb3	or	x29,x26,x10	 x26:0x713286d8 x10:0x00000000 x29=0x713286d8
      19155.000 ns	      1914	80000750	01dcc3b3	xor	x7,x25,x29	 x25:0x9a07254c x29:0xf8004102  x7=0xeb35a394
      19165.000 ns	      1915	80000754	3864f813	andi	x16,x9,902	  x9:0x80040fe4 x16=0x00000384
      19185.000 ns	      1917	80000758	285f9dd3	fmax.s	f27,f31,f5	 f31:0x7f800000  f5:0xff7fffff f27=0x7f800000
      19225.000 ns	      1921	8000075c	1033b253	fmul.s	f4,f7,f3	  f7:0xff7fffff  f3:0xff7fffff  f4=0x7f800000
      19245.000 ns	      1923	80000760	4145d333	sra	x6,x11,x20	 x11:0x00000000 x20:0x00000002  x6=0x00000000
      20415.000 ns	      2040	80000764	580bae53	fsqrt.s	f28,f23	 f23:0x1f3504b2 f28=0x2effff66
      20445.000 ns	      2043	80000768	28210453	fmin.s	f8,f2,f2	  f2:0x00000000  f2:0x00000000  f8=0x00000000
      20475.000 ns	      2046	8000076c	a0051dd3	flt.s	x27,f10,f0	 f10:0x7f7fffad  f0:0xff7fffff x27=0x00000000
      20505.000 ns	      2049	80000770	20f49853	fsgnjn.s	f16,f9,f15	  f9:0x7f800000 f15:0xff800000 f16=0x7f800000
      20525.000 ns	      2051	80000774	004f7fb3	and	x31,x30,x4	 x30:0xff7fffff  x4:0x2a523724 x31=0x2a523724
      20565.000 ns	      2055	80000778	01bb72d3	fadd.s	f5,f22,f27	 f22:0x7f800000 f27:0x7f800000  f5=0x00000000
      20585.000 ns	      2057	8000077c	01fac433	xor	x8,x21,x31	 x21:0x80041024 x31:0x00000fff  x8=0xaa562700
      20595.000 ns	      2058	80000780	01049213	slli	x4,x9,0x10	  x9:0x80040fe4  x4=0x0fe40000
      20615.000 ns	      2060	80000784	d011aad3	fcvt.s.wu	f21,x3	  x3:0x00000001 f21=0x3f800000
      20635.000 ns	      2062	80000788	018a12b3	sll	x5,x20,x24	 x20:0x00000002 x24:0x00000000  x5=0x00000002
      20655.000 ns	      2064	8000078c	21f2a4d3	fsgnjx.s	f9,f5,f31	  f5:0x00000000 f31:0x7f800000  f9=0x00000000
      20675.000 ns	      2066	80000790	00dfb233	sltu	x4,x31,x13	 x31:0x2a523724 x13:0x00000001  x4=0x00000000
      20695.000 ns	      2068	80000794	024a95b3	mulh	x11,x21,x4	 x21:0x80041024  x4:0x0fe40000 x11=0x00000000
      20715.000 ns	      2070	80000798	01697bb3	and	x23,x18,x22	 x18:0x1299bcc0 x22:0x00000000 x23=0x00000000
      20725.000 ns	      2071	8000079c	0184eb33	or	x22,x9,x24	  x9:0x80040fe4 x24:0x00000000 x22=0x80040fe4
      20745.000 ns	      2073	800007a0	20558653	fsgnj.s	f12,f11,f5	 f11:0x7fc00000  f5:0x00000000 f12=0x7fc00000
      20765.000 ns	      2075	800007a4	95957693	andi	x13,x10,-1703	 x10:0x00000000 x13=0x00000000
      20785.000 ns	      2077	800007a8	a1358ed3	fle.s	x29,f11,f19	 f11:0x7fc00000 f19:0x1f3504b2 x29=0x00000000
      20805.000 ns	      2079	800007ac	00f42133	slt	x2,x8,x15	  x8:0xaa562700 x15:0x00000000  x2=0x00000001
      20825.000 ns	      2081	800007b0	a1660253	fle.s	x4,f12,f22	 f12:0x7fc00000 f22:0x7f800000  x4=0x00000000
      20845.000 ns	      2083	800007b4	00c79213	slli	x4,x15,0xc	 x15:0x00000000  x4=0x00000000
      20865.000 ns	      2085	800007b8	026f6233	rem	x4,x30,x6	 x30:0xff7fffff  x6:0x00000000  x4=0xff7fffff
      20895.000 ns	      2088	800007bc	a16d00d3	fle.s	x1,f26,f22	 f26:0x80000000 f22:0x7f800000  x1=0x00000001
      20915.000 ns	      2090	800007c0	1b736d13	ori	x26,x6,439	  x6:0x00000000 x26=0x000001b7
      20945.000 ns	      2093	800007c4	1887f3d3	fdiv.s	f7,f15,f8	 f15:0xff800000  f8:0x00000000  f7=0xff800000
      20975.000 ns	      2096	800007c8	a0e41553	flt.s	x10,f8,f14	  f8:0x00000000 f14:0x00000020 x10=0x00000001
      21005.000 ns	      2099	800007cc	20128f53	fsgnj.s	f30,f5,f1	  f5:0x00000000  f1:0x7f800000 f30=0x00000000
      21035.000 ns	      2102	800007d0	28e80653	fmin.s	f12,f16,f14	 f16:0x7f800000 f14:0x00000020 f12=0x00000020
      21055.000 ns	      2104	800007d4	f4b30513	addi	x10,x6,-181	  x6:0x00000000 x10=0xffffff4b
      21075.000 ns	      2106	800007d8	f00189d3	fmv.w.x	f19,x3	  x3:0x00000001 f19=0x00000001
      21105.000 ns	      2109	800007dc	f00a0953	fmv.w.x	f18,x20	 x20:0x00000002 f18=0x00000002
      21475.000 ns	      2146	800007e0	025542b3	div	x5,x10,x5	 x10:0xffffff4b  x5:0x00000002  x5=0xffffffa6
      21515.000 ns	      2150	800007e4	18e2a4d3	fdiv.s	f9,f5,f14	  f5:0x00000000 f14:0x00000020  f9=0x00000000
      22695.000 ns	      2268	800007e8	580cfdd3	fsqrt.s	f27,f25	 f25:0x001269f1 f27=0x1f4f0ed6
      22715.000 ns	      2270	800007ec	74eb0e93	addi	x29,x22,1870	 x22:0x80040fe4 x29=0x80041732
      22735.000 ns	      2272	800007f0	212aa9d3	fsgnjx.s	f19,f21,f18	 f21:0x3f800000 f18:0x00000002 f19=0x3f800000
      22755.000 ns	      2274	800007f4	01920333	add	x6,x4,x25	  x4:0xff7fffff x25:0x9a07254c  x6=0x9987254b
      22775.000 ns	      2276	800007f8	e00c9f53	fclass.s	x30,f25	 f25:0x001269f1 x30=0x00000020
      22795.000 ns	      2278	800007fc	009e1713	slli	x14,x28,0x9	 x28:0xca91a761 x14=0x234ec200
      22805.000 ns	      2279	80000800	40e5dfb3	sra	x31,x11,x14	 x11:0x00000000 x14:0x00000000 x31=0x00000000
      22825.000 ns	      2281	80000804	28988853	fmin.s	f16,f17,f9	 f17:0xff7fffff  f9:0x00000000 f16=0xff7fffff
      22845.000 ns	      2283	80000808	01cd29b3	slt	x19,x26,x28	 x26:0x000001b7 x28:0xca91a761 x19=0x00000000
      22855.000 ns	      2284	8000080c	00b95c13	srli	x24,x18,0xb	 x18:0x1299bcc0 x24=0x00025337
      22885.000 ns	      2287	80000810	108cfad3	fmul.s	f21,f25,f8	 f25:0x001269f1  f8:0x00000000 f21=0x00000000
      22925.000 ns	      2291	80000814	1932fad3	fdiv.s	f21,f5,f19	  f5:0x00000000 f19:0x3f800000 f21=0x00000000
      22945.000 ns	      2293	80000818	01869f13	slli	x30,x13,0x18	 x13:0x00000000 x30=0x00000000
      22965.000 ns	      2295	8000081c	027231b3	mulhu	x3,x4,x7	  x4:0xff7fffff  x7:0xeb35a394  x3=0xeac008c1
      22995.000 ns	      2298	80000820	c00878d3	fcvt.w.s	x17,f16	 f16:0xff7fffff x17=0x80000000
      23025.000 ns	      2301	80000824	029e27b3	mulhsu	x15,x28,x9	 x28:0xca91a761  x9:0x80040fe4 x15=0xe547faa6
      23055.000 ns	      2304	80000828	c003b7d3	fcvt.w.s	x15,f7	  f7:0xff800000 x15=0x80000000
      23075.000 ns	      2306	8000082c	4083d933	sra	x18,x7,x8	  x7:0xeb35a394  x8:0xaa562700 x18=0xeb35a394
      23095.000 ns	      2308	80000830	0319b2b3	mulhu	x5,x19,x17	 x19:0x00000000 x17:0x80000000  x5=0x00000000
      23465.000 ns	      2345	80000834	026fd0b3	divu	x1,x31,x6	 x31:0x00000000  x6:0x9987254b  x1=0x00000000
      23495.000 ns	      2348	80000838	c01f1a53	fcvt.wu.s	x20,f30	 f30:0x00000000 x20=0x00000000
      23545.000 ns	      2353	8000083c	0931b853	fsub.s	f16,f3,f19	  f3:0xff7fffff f19:0x3f800000 f16=0xff7fffff
      23575.000 ns	      2356	80000840	f0050dd3	fmv.w.x	f27,x10	 x10:0xffffff4b f27=0xffffff4b
      23605.000 ns	      2359	80000844	a01d2253	feq.s	x4,f26,f1	 f26:0x80000000  f1:0x7f800000  x4=0x00000000
      23975.000 ns	      2396	80000848	029ed1b3	divu	x3,x29,x9	 x29:0x80041732  x9:0x80040fe4  x3=0x00000001
      23995.000 ns	      2398	8000084c	00088933	add	x18,x17,x0	 x17:0x80000000  x0:0x00000000 x18=0x80000000
      24015.000 ns	      2400	80000850	024a1633	mulh	x12,x20,x4	 x20:0x00000000  x4:0x00000000 x12=0x00000000
      24045.000 ns	      2403	80000854	e0091a53	fclass.s	x20,f18	 f18:0x00000002 x20=0x00000020
      24085.000 ns	      2407	80000858	10b678d3	fmul.s	f17,f12,f11	 f12:0x00000020 f11:0x7fc00000 f17=0x7fc00000
      24115.000 ns	      2410	8000085c	e0008b53	fmv.x.w	x22,f1	  f1:0x7f800000 x22=0x7f800000
      24135.000 ns	      2412	80000860	00a090b3	sll	x1,x1,x10	  x1:0x00000000 x10:0xffffff4b  x1=0x00000000
      24145.000 ns	      2413	80000864	01439513	slli	x10,x7,0x14	  x7:0xeb35a394 x10=0x39400000
      24155.000 ns	      2414	80000868	40540a33	sub	x20,x8,x5	  x8:0xaa562700  x5:0x00000000 x20=0xaa562700
      24175.000 ns	      2416	8000086c	e00a1353	fclass.s	x6,f20	 f20:0xfb3b90b9  x6=0x00000002
      24205.000 ns	      2419	80000870	202e8953	fsgnj.s	f18,f29,f2	 f29:0x000001b5  f2:0x00000000 f18=0x000001b5
      24225.000 ns	      2421	80000874	014487b3	add	x15,x9,x20	  x9:0x80040fe4 x20:0xaa562700 x15=0x2a5a36e4
      24235.000 ns	      2422	80000878	00fd8e33	add	x28,x27,x15	 x27:0x00000000 x15:0x80000000 x28=0x2a5a36e4
      24245.000 ns	      2423	8000087c	cdbb3393	sltiu	x7,x22,-805	 x22:0x7f800000  x7=0x00000001
      24265.000 ns	      2425	80000880	212b1353	fsgnjn.s	f6,f22,f18	 f22:0x7f800000 f18:0x000001b5  f6=0xff800000
      24295.000 ns	      2428	80000884	a0632bd3	feq.s	x23,f6,f6	  f6:0x00000000  f6:0x00000000 x23=0x00000001
      24315.000 ns	      2430	80000888	01a53533	sltu	x10,x10,x26	 x10:0x39400000 x26:0x000001b7 x10=0x00000000
      24335.000 ns	      2432	8000088c	e00a16d3	fclass.s	x13,f20	 f20:0xfb3b90b9 x13=0x00000002
      24355.000 ns	      2434	80000890	00a88e33	add	x28,x17,x10	 x17:0x80000000 x10:0x39400000 x28=0x80000000
      24365.000 ns	      2435	80000894	002fadb3	slt	x27,x31,x2	 x31:0x00000000  x2:0x00000001 x27=0x00000001
      24405.000 ns	      2439	80000898	01cb3a53	fadd.s	f20,f22,f28	 f22:0x7f800000 f28:0x2effff66 f20=0x7f800000
      24425.000 ns	      2441	8000089c	0197fe33	and	x28,x15,x25	 x15:0x2a5a36e4 x25:0x9a07254c x28=0x0a022444
      24435.000 ns	      2442	800008a0	157e3b93	sltiu	x23,x28,343	 x28:0x80000000 x23=0x00000000
      24445.000 ns	      2443	800008a4	57770917	auipc	x18,0x57770	 x18=0xd77708a4
      24455.000 ns	      2444	800008a8	01611d93	slli	x27,x2,0x16	  x2:0x00000001 x27=0x00400000
      24465.000 ns	      2445	800008ac	0199d193	srli	x3,x19,0x19	 x19:0x00000000  x3=0x00000000
      24825.000 ns	      2481	800008b0	02fa4833	div	x16,x20,x15	 x20:0xaa562700 x15:0x2a5a36e4 x16=0xfffffffe
      24845.000 ns	      2483	800008b4	37d12937	lui	x18,0x37d12	 x18=0x37d12000
      25205.000 ns	      2519	800008b8	02e44333	div	x6,x8,x14	  x8:0xaa562700 x14:0x234ec200  x6=0xfffffffe
      25245.000 ns	      2523	800008bc	195cf053	fdiv.s	f0,f25,f21	 f25:0x001269f1 f21:0x00000000  f0=0x7f800000
      25285.000 ns	      2527	800008c0	58007dd3	fsqrt.s	f27,f0	  f0:0xff7fffff f27=0x7f800000
      25325.000 ns	      2531	800008c4	580d0453	fsqrt.s	f8,f26	 f26:0x80000000  f8=0x80000000
      25345.000 ns	      2533	800008c8	00000013	addi	x0,x0,0	  x0:0x00000000
      25355.000 ns	      2534	800008cc	00c9a7b3	slt	x15,x19,x12	 x19:0x00000000 x12:0x00000000 x15=0x00000000
      25365.000 ns	      2535	800008d0	3e2bb293	sltiu	x5,x23,994	 x23:0x00000000  x5=0x00000001
      25385.000 ns	      2537	800008d4	21fba8d3	fsgnjx.s	f17,f23,f31	 f23:0x1f3504b2 f31:0x7f800000 f17=0x1f3504b2
      25405.000 ns	      2539	800008d8	579fdf97	auipc	x31,0x579fd	 x31=0xd79fd8d8
      25425.000 ns	      2541	800008dc	283614d3	fmax.s	f9,f12,f3	 f12:0x00000020  f3:0xff7fffff  f9=0x00000020
      25445.000 ns	      2543	800008e0	01b2de13	srli	x28,x5,0x1b	  x5:0x00000001 x28=0x00000000
      25465.000 ns	      2545	800008e4	e0051ed3	fclass.s	x29,f10	 f10:0x7f7fffad x29=0x00000040
      25495.000 ns	      2548	800008e8	d014fe53	fcvt.s.wu	f28,x9	  x9:0x80040fe4 f28=0x4f00040f
      25525.000 ns	      2551	800008ec	20552b53	fsgnjx.s	f22,f10,f5	 f10:0x7f7fffad  f5:0x00000000 f22=0x7f7fffad
      25575.000 ns	      2556	800008f0	087a3f53	fsub.s	f30,f20,f7	 f20:0x7f800000  f7:0xff800000 f30=0x00000000
      25605.000 ns	      2559	800008f4	f00c0253	fmv.w.x	f4,x24	 x24:0x00025337  f4=0x00025337
      25635.000 ns	      2562	800008f8	212e8153	fsgnj.s	f2,f29,f18	 f29:0x000001b5 f18:0x000001b5  f2=0x000001b5
      25655.000 ns	      2564	800008fc	9cb84113	xori	x2,x16,-1589	 x16:0xfffffffe  x2=0x00000635
      25665.000 ns	      2565	80000900	007d9db3	sll	x27,x27,x7	 x27:0x00400000  x7:0x00000001 x27=0x00800000
      25675.000 ns	      2566	80000904	5cf4fd93	andi	x27,x9,1487	  x9:0x80040fe4 x27=0x000005c4
      25685.000 ns	      2567	80000908	01b413b3	sll	x7,x8,x27	  x8:0xaa562700 x27:0x00400000  x7=0xa5627000
      26045.000 ns	      2603	8000090c	03d056b3	divu	x13,x0,x29	  x0:0x00000000 x29:0x00000040 x13=0x00000000
      26085.000 ns	      2607	80000910	116af6d3	fmul.s	f13,f21,f22	 f21:0x00000000 f22:0x7f7fffad f13=0x00000000
      26105.000 ns	      2609	80000914	00829fb3	sll	x31,x5,x8	  x5:0x00000001  x8:0xaa562700 x31=0x00000001
      26115.000 ns	      2610	80000918	bb3c4a13	xori	x20,x24,-1101	 x24:0x00025337 x20=0xfffda884
      26135.000 ns	      2612	8000091c	d016fcd3	fcvt.s.wu	f25,x13	 x13:0x00000000 f25=0x00000000
      26155.000 ns	      2614	80000920	00000013	addi	x0,x0,0	  x0:0x00000000
      26165.000 ns	      2615	80000924	44724613	xori	x12,x4,1095	  x4:0x00000000 x12=0x00000447
      26185.000 ns	      2617	80000928	02a763b3	rem	x7,x14,x10	 x14:0x234ec200 x10:0x00000000  x7=0x234ec200
      26215.000 ns	      2620	8000092c	02061333	mulh	x6,x12,x0	 x12:0x00000000  x0:0x00000000  x6=0x00000000
      26265.000 ns	      2625	80000930	09d338d3	fsub.s	f17,f6,f29	  f6:0xff800000 f29:0x000001b5 f17=0xff800000
      26295.000 ns	      2628	80000934	d00f4353	fcvt.s.w	f6,x30	 x30:0x00000000  f6=0x00000000
      26325.000 ns	      2631	80000938	a17e10d3	flt.s	x1,f28,f23	 f28:0x4f00040f f23:0x1f3504b2  x1=0x00000000
      26695.000 ns	      2668	8000093c	03f2c333	div	x6,x5,x31	  x5:0x00000001 x31:0x00000001  x6=0x00000001
      26725.000 ns	      2671	80000940	e00605d3	fmv.x.w	x11,f12	 f12:0x00000020 x11=0x00000020
      26745.000 ns	      2673	80000944	00229813	slli	x16,x5,0x2	  x5:0x00000001 x16=0x00000004
      26755.000 ns	      2674	80000948	01d5df33	srl	x30,x11,x29	 x11:0x00000020 x29:0x00000040 x30=0x00000020
      26765.000 ns	      2675	8000094c	411ed133	sra	x2,x29,x17	 x29:0x00000040 x17:0x80000000  x2=0x00000040
      26785.000 ns	      2677	80000950	c01b7b53	fcvt.wu.s	x22,f22	 f22:0x7f7fffad x22=0xffffffff
      26815.000 ns	      2680	80000954	287f9053	fmax.s	f0,f31,f7	 f31:0x7f800000  f7:0xff800000  f0=0x7f800000
      26835.000 ns	      2682	80000958	00f839b3	sltu	x19,x16,x15	 x16:0x00000004 x15:0x00000000 x19=0x00000000
      26855.000 ns	      2684	8000095c	c004f153	fcvt.w.s	x2,f9	  f9:0x00000020  x2=0x00000000
      27195.000 ns	      2718	80000960	19c4ad53	fdiv.s	f26,f9,f28	  f9:0x00000020 f28:0x4f00040f f26=0x00000000
      27225.000 ns	      2721	80000964	a1b296d3	flt.s	x13,f5,f27	  f5:0x00000000 f27:0x7f800000 x13=0x00000001
      27265.000 ns	      2725	80000968	106ab7d3	fmul.s	f15,f21,f6	 f21:0x00000000  f6:0x00000000 f15=0x00000000
      27285.000 ns	      2727	8000096c	017d38b3	sltu	x17,x26,x23	 x26:0x000001b7 x23:0x00000000 x17=0x00000000
      27305.000 ns	      2729	80000970	038223b3	mulhsu	x7,x4,x24	  x4:0x00000000 x24:0x00025337  x7=0x00000000
      27335.000 ns	      2732	80000974	e00482d3	fmv.x.w	x5,f9	  f9:0x00000020  x5=0x00000020
      27355.000 ns	      2734	80000978	88183993	sltiu	x19,x16,-1919	 x16:0x00000004 x19=0x00000001
      27365.000 ns	      2735	8000097c	41968813	addi	x16,x13,1049	 x13:0x00000001 x16=0x0000041a
      27375.000 ns	      2736	80000980	01069813	slli	x16,x13,0x10	 x13:0x00000001 x16=0x00010000
      27395.000 ns	      2738	80000984	03d88d33	mul	x26,x17,x29	 x17:0x00000000 x29:0x00000040 x26=0x00000000
      27415.000 ns	      2740	80000988	016ea933	slt	x18,x29,x22	 x29:0x00000040 x22:0xffffffff x18=0x00000000
      27435.000 ns	      2742	8000098c	021a1db3	mulh	x27,x20,x1	 x20:0xfffda884  x1:0x00000000 x27=0x00000000
      27465.000 ns	      2745	80000990	281a9553	fmax.s	f10,f21,f1	 f21:0x00000000  f1:0x7f800000 f10=0x7f800000
      27495.000 ns	      2748	80000994	d00c96d3	fcvt.s.w	f13,x25	 x25:0x9a07254c f13=0xcecbf1b5
      27865.000 ns	      2785	80000998	03dedc33	divu	x24,x29,x29	 x29:0x00000040 x29:0x00000040 x24=0x00000001
      27895.000 ns	      2788	8000099c	a0982b53	feq.s	x22,f16,f9	 f16:0xff7fffff  f9:0x00000020 x22=0x00000000
      27925.000 ns	      2791	800009a0	20888e53	fsgnj.s	f28,f17,f8	 f17:0xff800000  f8:0x80000000 f28=0xff800000
      28265.000 ns	      2825	800009a4	196236d3	fdiv.s	f13,f4,f22	  f4:0x00025337 f22:0x7f7fffad f13=0x00000000
      28285.000 ns	      2827	800009a8	0193e1b3	or	x3,x7,x25	  x7:0x00000000 x25:0x9a07254c  x3=0x9a07254c
      28305.000 ns	      2829	800009ac	02d4a233	mulhsu	x4,x9,x13	  x9:0x80040fe4 x13:0x00000001  x4=0xffffffff
      28325.000 ns	      2831	800009b0	00000013	addi	x0,x0,0	  x0:0x00000000
      28335.000 ns	      2832	800009b4	c4160713	addi	x14,x12,-959	 x12:0x00000447 x14=0x00000088
      28355.000 ns	      2834	800009b8	c008fe53	fcvt.w.s	x28,f17	 f17:0xff800000 x28=0x80000000
      28375.000 ns	      2836	800009bc	00938033	add	x0,x7,x9	  x7:0x00000000  x9:0x80040fe4
      28385.000 ns	      2837	800009c0	00000013	addi	x0,x0,0	  x0:0x00000000
      28415.000 ns	      2840	800009c4	580dfcd3	fsqrt.s	f25,f27	 f27:0x7f800000 f25=0x7f800000
      28435.000 ns	      2842	800009c8	00000013	addi	x0,x0,0	  x0:0x00000000
      28475.000 ns	      2846	800009cc	000b7dd3	fadd.s	f27,f22,f0	 f22:0x7f7fffad  f0:0x7f800000 f27=0x7f800000
      28495.000 ns	      2848	800009d0	cd8a7813	andi	x16,x20,-808	 x20:0xfffda884 x16=0xfffda880
      28855.000 ns	      2884	800009d4	03da7533	remu	x10,x20,x29	 x20:0xfffda884 x29:0x00000040 x10=0x00000004
      28875.000 ns	      2886	800009d8	b64e7893	andi	x17,x28,-1180	 x28:0x80000000 x17=0x80000000
      28885.000 ns	      2887	800009dc	017ffb13	andi	x22,x31,23	 x31:0x00000001 x22=0x00000001
      28895.000 ns	      2888	800009e0	6f733693	sltiu	x13,x6,1783	  x6:0x00000001 x13=0x00000001
      28915.000 ns	      2890	800009e4	032ba7b3	mulhsu	x15,x23,x18	 x23:0x00000000 x18:0x00000000 x15=0x00000000
      28935.000 ns	      2892	800009e8	00daf233	and	x4,x21,x13	 x21:0x80041024 x13:0x00000001  x4=0x00000000
      28945.000 ns	      2893	800009ec	62cdf593	andi	x11,x27,1580	 x27:0x00000000 x11=0x00000000
      28965.000 ns	      2895	800009f0	20140bd3	fsgnj.s	f23,f8,f1	  f8:0x80000000  f1:0x7f800000 f23=0x00000000
      29005.000 ns	      2899	800009f4	100379d3	fmul.s	f19,f6,f0	  f6:0x00000000  f0:0x7f800000 f19=0x7fc00000
      29045.000 ns	      2903	800009f8	11403fd3	fmul.s	f31,f0,f20	  f0:0x7f800000 f20:0x7f800000 f31=0x7f800000
      29075.000 ns	      2906	800009fc	d0168fd3	fcvt.s.wu	f31,x13	 x13:0x00000001 f31=0x3f800000
      29095.000 ns	      2908	80000a00	66e74d13	xori	x26,x14,1646	 x14:0x00000088 x26=0x000006e6
      29105.000 ns	      2909	80000a04	e8bef913	andi	x18,x29,-373	 x29:0x00000040 x18=0x00000000
      29115.000 ns	      2910	80000a08	42ab2f13	slti	x30,x22,1066	 x22:0x00000001 x30=0x00000001
      29125.000 ns	      2911	80000a0c	ec713913	sltiu	x18,x2,-313	  x2:0x00000000 x18=0x00000001
      29145.000 ns	      2913	80000a10	a05e86d3	fle.s	x13,f29,f5	 f29:0x000001b5  f5:0x00000000 x13=0x00000000
      29515.000 ns	      2950	80000a14	03577733	remu	x14,x14,x21	 x14:0x00000088 x21:0x80041024 x14=0x00000088
      29545.000 ns	      2953	80000a18	025d3933	mulhu	x18,x26,x5	 x26:0x000006e6  x5:0x00000020 x18=0x00000000
      29565.000 ns	      2955	80000a1c	4dbb0037	lui	x0,0x4dbb0	
      29575.000 ns	      2956	80000a20	00000013	addi	x0,x0,0	  x0:0x00000000
      29585.000 ns	      2957	80000a24	a62e5417	auipc	x8,0xa62e5	  x8=0x262e5a24
      29605.000 ns	      2959	80000a28	a0eda553	feq.s	x10,f27,f14	 f27:0x7f800000 f14:0x00000020 x10=0x00000000
      29625.000 ns	      2961	80000a2c	2e5f4c37	lui	x24,0x2e5f4	 x24=0x2e5f4000
      29645.000 ns	      2963	80000a30	f00182d3	fmv.w.x	f5,x3	  x3:0x9a07254c  f5=0x9a07254c
      29675.000 ns	      2966	80000a34	20430bd3	fsgnj.s	f23,f6,f4	  f6:0x00000000  f4:0x00025337 f23=0x00000000
      29705.000 ns	      2969	80000a38	e00617d3	fclass.s	x15,f12	 f12:0x00000020 x15=0x00000020
      30075.000 ns	      3006	80000a3c	023056b3	divu	x13,x0,x3	  x0:0x00000000  x3:0x9a07254c x13=0x00000000
      31255.000 ns	      3124	80000a40	580676d3	fsqrt.s	f13,f12	 f12:0x00000020 f13=0x1f3504b2
      31275.000 ns	      3126	80000a44	cfcc7293	andi	x5,x24,-772	 x24:0x2e5f4000  x5=0x2e5f4000
      31635.000 ns	      3162	80000a48	0387e833	rem	x16,x15,x24	 x15:0x00000020 x24:0x2e5f4000 x16=0x00000020
      31655.000 ns	      3164	80000a4c	db83c113	xori	x2,x7,-584	  x7:0x00000000  x2=0xfffffdb8
      31665.000 ns	      3165	80000a50	016b7b33	and	x22,x22,x22	 x22:0x00000001 x22:0x00000001 x22=0x00000001
      31675.000 ns	      3166	80000a54	00c798b3	sll	x17,x15,x12	 x15:0x00000020 x12:0x00000447 x17=0x00001000
      31685.000 ns	      3167	80000a58	01b7c1b3	xor	x3,x15,x27	 x15:0x00000020 x27:0x00000000  x3=0x00000020
      32045.000 ns	      3203	80000a5c	02356033	rem	x0,x10,x3	 x10:0x00000000  x3:0x9a07254c
      32065.000 ns	      3205	80000a60	00aa0c33	add	x24,x20,x10	 x20:0xfffda884 x10:0x00000000 x24=0xfffda884
      32075.000 ns	      3206	80000a64	00233133	sltu	x2,x6,x2	  x6:0x00000001  x2:0xfffffdb8  x2=0x00000001
      32095.000 ns	      3208	80000a68	2130ab53	fsgnjx.s	f22,f1,f19	  f1:0x7f800000 f19:0x7fc00000 f22=0x7f800000
      32125.000 ns	      3211	80000a6c	289a9053	fmax.s	f0,f21,f9	 f21:0x00000000  f9:0x00000020  f0=0x00000020
      32155.000 ns	      3214	80000a70	a10125d3	feq.s	x11,f2,f16	  f2:0x000001b5 f16:0xff7fffff x11=0x00000000
      32175.000 ns	      3216	80000a74	f05db817	auipc	x16,0xf05db	 x16=0x705dba74
      32205.000 ns	      3219	80000a78	11a1f5d3	fmul.s	f11,f3,f26	  f3:0xff7fffff f26:0x00000000 f11=0x80000000
      32235.000 ns	      3222	80000a7c	20d20353	fsgnj.s	f6,f4,f13	  f4:0x00025337 f13:0x1f3504b2  f6=0x00025337
      32255.000 ns	      3224	80000a80	4022d233	sra	x4,x5,x2	  x5:0x2e5f4000  x2:0x00000001  x4=0x172fa000
      32265.000 ns	      3225	80000a84	0119d533	srl	x10,x19,x17	 x19:0x00000001 x17:0x00001000 x10=0x00000001
      32285.000 ns	      3227	80000a88	215b2f53	fsgnjx.s	f30,f22,f21	 f22:0x7f800000 f21:0x00000000 f30=0x7f800000
      32305.000 ns	      3229	80000a8c	415c5693	srai	x13,x24,0x15	 x24:0xfffda884 x13=0xffffffff
      32325.000 ns	      3231	80000a90	205b1253	fsgnjn.s	f4,f22,f5	 f22:0x7f800000  f5:0x9a07254c  f4=0x7f800000
      32355.000 ns	      3234	80000a94	e0019d53	fclass.s	x26,f3	  f3:0xff7fffff x26=0x00000002
      33535.000 ns	      3352	80000a98	58063dd3	fsqrt.s	f27,f12	 f12:0x00000020 f27=0x1f3504b2
      33565.000 ns	      3355	80000a9c	d00fc853	fcvt.s.w	f16,x31	 x31:0x00000001 f16=0x3f800000
      33595.000 ns	      3358	80000aa0	028b9b33	mulh	x22,x23,x8	 x23:0x00000000  x8:0x262e5a24 x22=0x00000000
      33625.000 ns	      3361	80000aa4	29f292d3	fmax.s	f5,f5,f31	  f5:0x9a07254c f31:0x3f800000  f5=0x3f800000
      33995.000 ns	      3398	80000aa8	0228e433	rem	x8,x17,x2	 x17:0x00001000  x2:0x00000001  x8=0x00000000
      34015.000 ns	      3400	80000aac	41560bb3	sub	x23,x12,x21	 x12:0x00000447 x21:0x80041024 x23=0x7ffbf423
      34025.000 ns	      3401	80000ab0	00bef633	and	x12,x29,x11	 x29:0x00000040 x11:0x00000000 x12=0x00000000
      34065.000 ns	      3405	80000ab4	00f92d53	fadd.s	f26,f18,f15	 f18:0x000001b5 f15:0x00000000 f26=0x000001b5
      34085.000 ns	      3407	80000ab8	0149c7b3	xor	x15,x19,x20	 x19:0x00000001 x20:0xfffda884 x15=0xfffda885
      34115.000 ns	      3410	80000abc	199777d3	fdiv.s	f15,f14,f25	 f14:0x00000020 f25:0x7f800000 f15=0x00000000
      34145.000 ns	      3413	80000ac0	036e3b33	mulhu	x22,x28,x22	 x28:0x80000000 x22:0x00000000 x22=0x00000000
      34165.000 ns	      3415	80000ac4	86f2e613	ori	x12,x5,-1937	  x5:0x2e5f4000 x12=0xfffff86f
      34175.000 ns	      3416	80000ac8	01bb5c33	srl	x24,x22,x27	 x22:0x00000000 x27:0x00000000 x24=0x00000000
      34195.000 ns	      3418	80000acc	03c418b3	mulh	x17,x8,x28	  x8:0x00000000 x28:0x80000000 x17=0x00000000
      34245.000 ns	      3423	80000ad0	0811f053	fsub.s	f0,f3,f1	  f3:0xff7fffff  f1:0x7f800000  f0=0xff800000
      34265.000 ns	      3425	80000ad4	002c6f33	or	x30,x24,x2	 x24:0x00000000  x2:0x00000001 x30=0x00000001
      34275.000 ns	      3426	80000ad8	3788e837	lui	x16,0x3788e	 x16=0x3788e000
      34285.000 ns	      3427	80000adc	0d814713	xori	x14,x2,216	  x2:0x00000001 x14=0x000000d9
      34305.000 ns	      3429	80000ae0	031f0eb3	mul	x29,x30,x17	 x30:0x00000001 x17:0x00000000 x29=0x00000000
      34675.000 ns	      3466	80000ae4	02636433	rem	x8,x6,x6	  x6:0x00000001  x6:0x00000001  x8=0x00000000
      35045.000 ns	      3503	80000ae8	039869b3	rem	x19,x16,x25	 x16:0x3788e000 x25:0x9a07254c x19=0x3788e000
      35415.000 ns	      3540	80000aec	033b7733	remu	x14,x22,x19	 x22:0x00000000 x19:0x00000001 x14=0x00000000
      35465.000 ns	      3545	80000af0	084a17d3	fsub.s	f15,f20,f4	 f20:0x7f800000  f4:0x7f800000 f15=0x80000000
      35485.000 ns	      3547	80000af4	01eacd33	xor	x26,x21,x30	 x21:0x80041024 x30:0x00000001 x26=0x80041025
      35495.000 ns	      3548	80000af8	018a6e33	or	x28,x20,x24	 x20:0xfffda884 x24:0x00000000 x28=0xfffda884
      35515.000 ns	      3550	80000afc	02e536b3	mulhu	x13,x10,x14	 x10:0x00000001 x14:0x00000000 x13=0x00000000
      35545.000 ns	      3553	80000b00	d012f3d3	fcvt.s.wu	f7,x5	  x5:0x2e5f4000  f7=0x4e397d00
      35575.000 ns	      3556	80000b04	20b08653	fsgnj.s	f12,f1,f11	  f1:0x7f800000 f11:0x80000000 f12=0xff800000
      35605.000 ns	      3559	80000b08	28c713d3	fmax.s	f7,f14,f12	 f14:0x00000020 f12:0x00000020  f7=0x00000020
      35625.000 ns	      3561	80000b0c	009a4033	xor	x0,x20,x9	 x20:0xfffda884  x9:0x80040fe4
      35635.000 ns	      3562	80000b10	deac8d13	addi	x26,x25,-534	 x25:0x9a07254c x26=0x9a072336
      35645.000 ns	      3563	80000b14	00d71d93	slli	x27,x14,0xd	 x14:0x00000000 x27=0x00000000
      35655.000 ns	      3564	80000b18	01e81793	slli	x15,x16,0x1e	 x16:0x3788e000 x15=0x00000000
      35665.000 ns	      3565	80000b1c	0162d833	srl	x16,x5,x22	  x5:0x2e5f4000 x22:0x00000000 x16=0x2e5f4000
      35675.000 ns	      3566	80000b20	d54faa13	slti	x20,x31,-684	 x31:0x00000001 x20=0x00000000
      35695.000 ns	      3568	80000b24	03319933	mulh	x18,x3,x19	  x3:0x00000020 x19:0x3788e000 x18=0x00000006
      35725.000 ns	      3571	80000b28	03223d33	mulhu	x26,x4,x18	  x4:0x172fa000 x18:0x00000000 x26=0x00000000
      35765.000 ns	      3575	80000b2c	10420253	fmul.s	f4,f4,f4	  f4:0x7f800000  f4:0x7f800000  f4=0x7f800000
      36135.000 ns	      3612	80000b30	0269ec33	rem	x24,x19,x6	 x19:0x3788e000  x6:0x00000001 x24=0x00000000
      36155.000 ns	      3614	80000b34	00aa9513	slli	x10,x21,0xa	 x21:0x80041024 x10=0x10409000
      36515.000 ns	      3650	80000b38	0299f333	remu	x6,x19,x9	 x19:0x3788e000  x9:0x80040fe4  x6=0x3788e000
      36535.000 ns	      3652	80000b3c	0119a9b3	slt	x19,x19,x17	 x19:0x3788e000 x17:0x00000000 x19=0x00000000
      36545.000 ns	      3653	80000b40	60b1f693	andi	x13,x3,1547	  x3:0x00000020 x13=0x00000000
      36565.000 ns	      3655	80000b44	d00affd3	fcvt.s.w	f31,x21	 x21:0x80041024 f31=0xcefff7df
      36585.000 ns	      3657	80000b48	41215eb3	sra	x29,x2,x18	  x2:0x00000001 x18:0x00000006 x29=0x00000000
      36605.000 ns	      3659	80000b4c	21f2a8d3	fsgnjx.s	f17,f5,f31	  f5:0x3f800000 f31:0xcefff7df f17=0xbf800000
      36625.000 ns	      3661	80000b50	40f1d433	sra	x8,x3,x15	  x3:0x00000020 x15:0x00000000  x8=0x00000020
      36985.000 ns	      3697	80000b54	0253ebb3	rem	x23,x7,x5	  x7:0x00000000  x5:0x2e5f4000 x23=0x00000000
      37015.000 ns	      3700	80000b58	d00cccd3	fcvt.s.w	f25,x25	 x25:0x9a07254c f25=0xcecbf1b5
      37055.000 ns	      3704	80000b5c	58047153	fsqrt.s	f2,f8	  f8:0x80000000  f2=0x80000000
      37085.000 ns	      3707	80000b60	2188ac53	fsgnjx.s	f24,f17,f24	 f17:0xbf800000 f24:0xcd94cde6 f24=0x3f800000
      37105.000 ns	      3709	80000b64	33285c17	auipc	x24,0x33285	 x24=0xb3285b64
      37465.000 ns	      3745	80000b68	03cbcd33	div	x26,x23,x28	 x23:0x00000000 x28:0xfffda884 x26=0x00000000
      37495.000 ns	      3748	80000b6c	213fa8d3	fsgnjx.s	f17,f31,f19	 f31:0xcefff7df f19:0x7fc00000 f17=0xcefff7df
      37515.000 ns	      3750	80000b70	01240db3	add	x27,x8,x18	  x8:0x00000020 x18:0x00000006 x27=0x00000026
      37535.000 ns	      3752	80000b74	c0178853	fcvt.wu.s	x16,f15	 f15:0x80000000 x16=0x00000000
      37565.000 ns	      3755	80000b78	02d67833	remu	x16,x12,x13	 x12:0xfffff86f x13:0x00000000 x16=0xfffff86f
      37595.000 ns	      3758	80000b7c	d0120853	fcvt.s.wu	f16,x4	  x4:0x172fa000 f16=0x4db97d00
      37625.000 ns	      3761	80000b80	212ca653	fsgnjx.s	f12,f25,f18	 f25:0xcecbf1b5 f18:0x000001b5 f12=0xcecbf1b5
      37645.000 ns	      3763	80000b84	4469fdb7	lui	x27,0x4469f	 x27=0x4469f000
      38005.000 ns	      3799	80000b88	03557033	remu	x0,x10,x21	 x10:0x10409000 x21:0x80041024
      38035.000 ns	      3802	80000b8c	20b42fd3	fsgnjx.s	f31,f8,f11	  f8:0x80000000 f11:0x80000000 f31=0x00000000
      38055.000 ns	      3804	80000b90	b91ef413	andi	x8,x29,-1135	 x29:0x00000000  x8=0x00000000
      38065.000 ns	      3805	80000b94	47034093	xori	x1,x6,1136	  x6:0x3788e000  x1=0x3788e470
      38085.000 ns	      3807	80000b98	a0a90f53	fle.s	x30,f18,f10	 f18:0x000001b5 f10:0x7f800000 x30=0x00000001
      38115.000 ns	      3810	80000b9c	03f5a0b3	mulhsu	x1,x11,x31	 x11:0x00000000 x31:0x00000001  x1=0x00000000
      38155.000 ns	      3814	80000ba0	1184f2d3	fmul.s	f5,f9,f24	  f9:0x00000020 f24:0x3f800000  f5=0x00000020
      38175.000 ns	      3816	80000ba4	f9694413	xori	x8,x18,-106	 x18:0x00000006  x8=0xffffff90
      38185.000 ns	      3817	80000ba8	45c51637	lui	x12,0x45c51	 x12=0x45c51000
      38195.000 ns	      3818	80000bac	017523b3	slt	x7,x10,x23	 x10:0x10409000 x23:0x00000000  x7=0x00000000
      38205.000 ns	      3819	80000bb0	41965613	srai	x12,x12,0x19	 x12:0xfffff86f x12=0x00000022
      38225.000 ns	      3821	80000bb4	29d60f53	fmin.s	f30,f12,f29	 f12:0xcecbf1b5 f29:0x000001b5 f30=0xcecbf1b5
      38245.000 ns	      3823	80000bb8	01085813	srli	x16,x16,0x10	 x16:0xfffff86f x16=0x0000ffff
      38265.000 ns	      3825	80000bbc	03b7a733	mulhsu	x14,x15,x27	 x15:0x00000000 x27:0x4469f000 x14=0x00000000
      38285.000 ns	      3827	80000bc0	01f6da33	srl	x20,x13,x31	 x13:0x00000000 x31:0x00000001 x20=0x00000000
      38315.000 ns	      3830	80000bc4	1021cd53	fmul.s	f26,f3,f2	  f3:0xff7fffff  f2:0x80000000 f26=0x00000000
      38335.000 ns	      3832	80000bc8	4062dbb3	sra	x23,x5,x6	  x5:0x2e5f4000  x6:0x3788e000 x23=0x2e5f4000
      38355.000 ns	      3834	80000bcc	d017f2d3	fcvt.s.wu	f5,x15	 x15:0x00000000  f5=0x00000000
      38385.000 ns	      3837	80000bd0	0343c233	div	x4,x7,x20	  x7:0x00000000 x20:0x00000000  x4=0xffffffff
      38415.000 ns	      3840	80000bd4	02e0bc33	mulhu	x24,x1,x14	  x1:0x00000000 x14:0x00000000 x24=0x00000000
      38445.000 ns	      3843	80000bd8	02024933	div	x18,x4,x0	  x4:0xffffffff  x0:0x00000000 x18=0xffffffff
      38465.000 ns	      3845	80000bdc	8d4e9c37	lui	x24,0x8d4e9	 x24=0x8d4e9000
      38485.000 ns	      3847	80000be0	f0040953	fmv.w.x	f18,x8	  x8:0xffffff90 f18=0xffffff90
      38505.000 ns	      3849	80000be4	4ee4ac13	slti	x24,x9,1262	  x9:0x80040fe4 x24=0x00000001
      38515.000 ns	      3850	80000be8	01d9c833	xor	x16,x19,x29	 x19:0x00000000 x29:0x00000000 x16=0x00000000
      38525.000 ns	      3851	80000bec	002512b3	sll	x5,x10,x2	 x10:0x10409000  x2:0x00000001  x5=0x20812000
      38545.000 ns	      3853	80000bf0	020bd6b3	divu	x13,x23,x0	 x23:0x2e5f4000  x0:0x00000000 x13=0xffffffff
      38565.000 ns	      3855	80000bf4	f0e16113	ori	x2,x2,-242	  x2:0x00000001  x2=0xffffff0f
      38575.000 ns	      3856	80000bf8	01e5fe33	and	x28,x11,x30	 x11:0x00000000 x30:0x00000001 x28=0x00000000
      38585.000 ns	      3857	80000bfc	5754c893	xori	x17,x9,1397	  x9:0x80040fe4 x17=0x80040a91
      38605.000 ns	      3859	80000c00	20769353	fsgnjn.s	f6,f13,f7	 f13:0x1f3504b2  f7:0x00000020  f6=0x9f3504b2
      38625.000 ns	      3861	80000c04	400559b3	sra	x19,x10,x0	 x10:0x10409000  x0:0x00000000 x19=0x10409000
      38985.000 ns	      3897	80000c08	0399f833	remu	x16,x19,x25	 x19:0x00000000 x25:0x9a07254c x16=0x10409000
      39025.000 ns	      3901	80000c0c	10ed7ad3	fmul.s	f21,f26,f14	 f26:0x00000000 f14:0x00000020 f21=0x00000000
      39045.000 ns	      3903	80000c10	00000013	addi	x0,x0,0	  x0:0x00000000
      39065.000 ns	      3905	80000c14	a05f8e53	fle.s	x28,f31,f5	 f31:0x00000000  f5:0x00000000 x28=0x00000001
      39095.000 ns	      3908	80000c18	c019f5d3	fcvt.wu.s	x11,f19	 f19:0x7fc00000 x11=0xffffffff
      39145.000 ns	      3913	80000c1c	080ff753	fsub.s	f14,f31,f0	 f31:0x00000000  f0:0xff800000 f14=0x7f800000
      39515.000 ns	      3950	80000c20	0242c2b3	div	x5,x5,x4	  x5:0x20812000  x4:0xffffffff  x5=0xdf7ee000
      39545.000 ns	      3953	80000c24	02727333	remu	x6,x4,x7	  x4:0xffffffff  x7:0x00000000  x6=0xffffffff
      39565.000 ns	      3955	80000c28	00000013	addi	x0,x0,0	  x0:0x00000000
      39585.000 ns	      3957	80000c2c	f0038bd3	fmv.w.x	f23,x7	  x7:0x00000000 f23=0x00000000
      39615.000 ns	      3960	80000c30	29a21753	fmax.s	f14,f4,f26	  f4:0x7f800000 f26:0x00000000 f14=0x7f800000
      39665.000 ns	      3965	80000c34	0076f1d3	fadd.s	f3,f13,f7	 f13:0x1f3504b2  f7:0x00000020  f3=0x1f3504b2
      39695.000 ns	      3968	80000c38	034b6633	rem	x12,x22,x20	 x22:0x00000000 x20:0x00000000 x12=0x00000000
      39745.000 ns	      3973	80000c3c	0949fbd3	fsub.s	f23,f19,f20	 f19:0x7fc00000 f20:0x7f800000 f23=0x7fc00000
      39765.000 ns	      3975	80000c40	41ab5d93	srai	x27,x22,0x1a	 x22:0x00000000 x27=0x00000000
      39775.000 ns	      3976	80000c44	002addb3	srl	x27,x21,x2	 x21:0x80041024  x2:0xffffff0f x27=0x00010008
      39785.000 ns	      3977	80000c48	008aaf33	slt	x30,x21,x8	 x21:0x80041024  x8:0xffffff90 x30=0x00000001
      39805.000 ns	      3979	80000c4c	f0020ed3	fmv.w.x	f29,x4	  x4:0xffffffff f29=0xffffffff
      39835.000 ns	      3982	80000c50	027553b3	divu	x7,x10,x7	 x10:0x10409000  x7:0x00000000  x7=0xffffffff
      39885.000 ns	      3987	80000c54	0871f253	fsub.s	f4,f3,f7	  f3:0x1f3504b2  f7:0x00000020  f4=0x1f3504b2
      39915.000 ns	      3990	80000c58	f00e0c53	fmv.w.x	f24,x28	 x28:0x00000001 f24=0x00000001
      39935.000 ns	      3992	80000c5c	408ed893	srai	x17,x29,0x8	 x29:0x00000000 x17=0x00000000
      39955.000 ns	      3994	80000c60	20e090d3	fsgnjn.s	f1,f1,f14	  f1:0x7f800000 f14:0x7f800000  f1=0xff800000
      39985.000 ns	      3997	80000c64	a0502753	feq.s	x14,f0,f5	  f0:0xff800000  f5:0x00000000 x14=0x00000000
      40005.000 ns	      3999	80000c68	963c0517	auipc	x10,0x963c0	 x10=0x163c0c68
      40025.000 ns	      4001	80000c6c	d01e0553	fcvt.s.wu	f10,x28	 x28:0x00000001 f10=0x3f800000
      40055.000 ns	      4004	80000c70	022b8db3	mul	x27,x23,x2	 x23:0x2e5f4000  x2:0xffffff0f x27=0x5854c000
      40425.000 ns	      4041	80000c74	03ed49b3	div	x19,x26,x30	 x26:0x00000000 x30:0x00000001 x19=0x00000000
      40445.000 ns	      4043	80000c78	416e5e13	srai	x28,x28,0x16	 x28:0x00000001 x28=0x00000000
      40465.000 ns	      4045	80000c7c	a15e0753	fle.s	x14,f28,f21	 f28:0xff800000 f21:0x00000000 x14=0x00000001
      40485.000 ns	      4047	80000c80	ff688613	addi	x12,x17,-10	 x17:0x00000000 x12=0xfffffff6
      40845.000 ns	      4083	80000c84	03bbec33	rem	x24,x23,x27	 x23:0x2e5f4000 x27:0x5854c000 x24=0x2e5f4000
      40885.000 ns	      4087	80000c88	5808acd3	fsqrt.s	f25,f17	 f17:0xcefff7df f25=0x7fc00000
      41255.000 ns	      4124	80000c8c	02d8d0b3	divu	x1,x17,x13	 x17:0x00000000 x13:0xffffffff  x1=0x00000000
      41275.000 ns	      4126	80000c90	01eded33	or	x26,x27,x30	 x27:0x5854c000 x30:0x00000001 x26=0x5854c001
      41295.000 ns	      4128	80000c94	297197d3	fmax.s	f15,f3,f23	  f3:0x1f3504b2 f23:0x7fc00000 f15=0x1f3504b2
      41325.000 ns	      4131	80000c98	a17b8753	fle.s	x14,f23,f23	 f23:0x7fc00000 f23:0x7fc00000 x14=0x00000000
      41345.000 ns	      4133	80000c9c	416f80b3	sub	x1,x31,x22	 x31:0x00000001 x22:0x00000000  x1=0x00000001
      41355.000 ns	      4134	80000ca0	408a85b3	sub	x11,x21,x8	 x21:0x80041024  x8:0xffffff90 x11=0x80041094
      41365.000 ns	      4135	80000ca4	0103feb3	and	x29,x7,x16	  x7:0xffffffff x16:0x10409000 x29=0x10409000
      41375.000 ns	      4136	80000ca8	0174b933	sltu	x18,x9,x23	  x9:0x80040fe4 x23:0x2e5f4000 x18=0x00000000
      41385.000 ns	      4137	80000cac	01d841b3	xor	x3,x16,x29	 x16:0x10409000 x29:0x00000000  x3=0x00000000
      41395.000 ns	      4138	80000cb0	01d99e33	sll	x28,x19,x29	 x19:0x00000000 x29:0x10409000 x28=0x00000000
      41405.000 ns	      4139	80000cb4	8cd836b7	lui	x13,0x8cd83	 x13=0x8cd83000
      41765.000 ns	      4175	80000cb8	0376f7b3	remu	x15,x13,x23	 x13:0xffffffff x23:0x2e5f4000 x15=0x01ba7000
      41795.000 ns	      4178	80000cbc	032cfb33	remu	x22,x25,x18	 x25:0x9a07254c x18:0x00000000 x22=0x9a07254c
      41825.000 ns	      4181	80000cc0	0284ba33	mulhu	x20,x9,x8	  x9:0x80040fe4  x8:0xffffff90 x20=0x80040fab
      41845.000 ns	      4183	80000cc4	00000013	addi	x0,x0,0	  x0:0x00000000
      41865.000 ns	      4185	80000cc8	e00195d3	fclass.s	x11,f3	  f3:0x1f3504b2 x11=0x00000040
      41885.000 ns	      4187	80000ccc	41985f93	srai	x31,x16,0x19	 x16:0x10409000 x31=0x00000008
      41895.000 ns	      4188	80000cd0	a1486893	ori	x17,x16,-1516	 x16:0x10409000 x17=0xfffffa14
      41905.000 ns	      4189	80000cd4	00000013	addi	x0,x0,0	  x0:0x00000000
      41915.000 ns	      4190	80000cd8	00000013	addi	x0,x0,0	  x0:0x00000000
      41925.000 ns	      4191	80000cdc	4157d013	srai	x0,x15,0x15	 x15:0x01ba7000
      42285.000 ns	      4227	80000ce0	02837933	remu	x18,x6,x8	  x6:0xffffffff  x8:0xffffff90 x18=0x0000006f
      42305.000 ns	      4229	80000ce4	01d2ef33	or	x30,x5,x29	  x5:0xdf7ee000 x29:0x10409000 x30=0xdf7ef000
      42325.000 ns	      4231	80000ce8	02b9a5b3	mulhsu	x11,x19,x11	 x19:0x00000000 x11:0x00000040 x11=0x00000000
      42345.000 ns	      4233	80000cec	0186ca33	xor	x20,x13,x24	 x13:0x8cd83000 x24:0x2e5f4000 x20=0xa2877000
      42365.000 ns	      4235	80000cf0	02b46433	rem	x8,x8,x11	  x8:0xffffff90 x11:0x00000000  x8=0xffffff90
      42385.000 ns	      4237	80000cf4	128a63b7	lui	x7,0x128a6	  x7=0x128a6000
      42405.000 ns	      4239	80000cf8	a1472f53	feq.s	x30,f14,f20	 f14:0x7f800000 f20:0x7f800000 x30=0x00000001
      42775.000 ns	      4276	80000cfc	03af7833	remu	x16,x30,x26	 x30:0xdf7ef000 x26:0x5854c001 x16=0x00000001
      42795.000 ns	      4278	80000d00	40ea5433	sra	x8,x20,x14	 x20:0xa2877000 x14:0x00000000  x8=0xa2877000
      42825.000 ns	      4281	80000d04	116fc453	fmul.s	f8,f31,f22	 f31:0x00000000 f22:0x7f800000  f8=0x7fc00000
      42855.000 ns	      4284	80000d08	c00e1b53	fcvt.w.s	x22,f28	 f28:0xff800000 x22=0x80000000
      42885.000 ns	      4287	80000d0c	03c81633	mulh	x12,x16,x28	 x16:0x00000001 x28:0x00000000 x12=0x00000000
      42915.000 ns	      4290	80000d10	d013bc53	fcvt.s.wu	f24,x7	  x7:0x128a6000 f24=0x4d945300
      42945.000 ns	      4293	80000d14	e0071453	fclass.s	x8,f14	 f14:0x7f800000  x8=0x00000080
      42965.000 ns	      4295	80000d18	261d2197	auipc	x3,0x261d2	  x3=0xa61d2d18
      42975.000 ns	      4296	80000d1c	00c3e733	or	x14,x7,x12	  x7:0x128a6000 x12:0x00000000 x14=0x128a6000
      43015.000 ns	      4300	80000d20	01d47d53	fadd.s	f26,f8,f29	  f8:0x7fc00000 f29:0xffffffff f26=0x7fc00000
      43045.000 ns	      4303	80000d24	038db433	mulhu	x8,x27,x24	 x27:0x5854c000 x24:0x2e5f4000  x8=0x10001808
      43415.000 ns	      4340	80000d28	0265ea33	rem	x20,x11,x6	 x11:0x00000000  x6:0xffffffff x20=0x00000000
      43445.000 ns	      4343	80000d2c	c01cc0d3	fcvt.wu.s	x1,f25	 f25:0x7fc00000  x1=0xffffffff
      43475.000 ns	      4346	80000d30	209e0953	fsgnj.s	f18,f28,f9	 f28:0xff800000  f9:0x00000020 f18=0x7f800000
      43515.000 ns	      4350	80000d34	5809a6d3	fsqrt.s	f13,f19	 f19:0x7fc00000 f13=0x7fc00000
      43555.000 ns	      4354	80000d38	180ef7d3	fdiv.s	f15,f29,f0	 f29:0xffffffff  f0:0xff800000 f15=0x7fc00000
      43585.000 ns	      4357	80000d3c	20e8af53	fsgnjx.s	f30,f17,f14	 f17:0xcefff7df f14:0x7f800000 f30=0xcefff7df
      43615.000 ns	      4360	80000d40	d01289d3	fcvt.s.wu	f19,x5	  x5:0xdf7ee000 f19=0x4f5f7ee0
      43635.000 ns	      4362	80000d44	37474097	auipc	x1,0x37474	  x1=0xb7474d44
      43655.000 ns	      4364	80000d48	a06f0353	fle.s	x6,f30,f6	 f30:0xcefff7df  f6:0x9f3504b2  x6=0x00000001
      43685.000 ns	      4367	80000d4c	e00a0453	fmv.x.w	x8,f20	 f20:0x7f800000  x8=0x7f800000
      43705.000 ns	      4369	80000d50	00529313	slli	x6,x5,0x5	  x5:0xdf7ee000  x6=0xefdc0000
      43725.000 ns	      4371	80000d54	a0c8ab53	feq.s	x22,f17,f12	 f17:0xcefff7df f12:0xcecbf1b5 x22=0x00000000
      43765.000 ns	      4375	80000d58	10a81653	fmul.s	f12,f16,f10	 f16:0x4db97d00 f10:0x3f800000 f12=0x4db97d00
      43795.000 ns	      4378	80000d5c	c0017bd3	fcvt.w.s	x23,f2	  f2:0x80000000 x23=0x00000000
      43815.000 ns	      4380	80000d60	00c22f33	slt	x30,x4,x12	  x4:0xffffffff x12:0x00000000 x30=0x00000001
      43825.000 ns	      4381	80000d64	af44cf93	xori	x31,x9,-1292	  x9:0x80040fe4 x31=0x7ffbf510
      43835.000 ns	      4382	80000d68	01095d93	srli	x27,x18,0x10	 x18:0x0000006f x27=0x00000000
      43845.000 ns	      4383	80000d6c	41ee8eb3	sub	x29,x29,x30	 x29:0x10409000 x30:0x00000001 x29=0x10408fff
      43855.000 ns	      4384	80000d70	01b49213	slli	x4,x9,0x1b	  x9:0x80040fe4  x4=0x20000000
      43865.000 ns	      4385	80000d74	54f38293	addi	x5,x7,1359	  x7:0x128a6000  x5=0x128a654f
      43885.000 ns	      4387	80000d78	20ab0153	fsgnj.s	f2,f22,f10	 f22:0x7f800000 f10:0x3f800000  f2=0x7f800000
      43905.000 ns	      4389	80000d7c	01fb8733	add	x14,x23,x31	 x23:0x00000000 x31:0x7ffbf510 x14=0x7ffbf510
      43915.000 ns	      4390	80000d80	002ab2b3	sltu	x5,x21,x2	 x21:0x80041024  x2:0xffffff0f  x5=0x00000001
      43925.000 ns	      4391	80000d84	415cdc33	sra	x24,x25,x21	 x25:0x9a07254c x21:0x80041024 x24=0xf9a07254
      43945.000 ns	      4393	80000d88	d01c75d3	fcvt.s.wu	f11,x24	 x24:0x2e5f4000 f11=0x4f79a072
      43965.000 ns	      4395	80000d8c	002c5633	srl	x12,x24,x2	 x24:0x2e5f4000  x2:0xffffff0f x12=0x0001f340
      43985.000 ns	      4397	80000d90	28cc84d3	fmin.s	f9,f25,f12	 f25:0x7fc00000 f12:0x4db97d00  f9=0x4db97d00
      44005.000 ns	      4399	80000d94	01d14733	xor	x14,x2,x29	  x2:0xffffff0f x29:0x10408fff x14=0xefbf70f0
      44365.000 ns	      4435	80000d98	0356cb33	div	x22,x13,x21	 x13:0x8cd83000 x21:0x80041024 x22=0x00000000
      44395.000 ns	      4438	80000d9c	20380a53	fsgnj.s	f20,f16,f3	 f16:0x4db97d00  f3:0x1f3504b2 f20=0x4db97d00
      44435.000 ns	      4442	80000da0	58077553	fsqrt.s	f10,f14	 f14:0x7f800000 f10=0x7f800000
      44805.000 ns	      4479	80000da4	0319ec33	rem	x24,x19,x17	 x19:0x00000000 x17:0xfffffa14 x24=0x00000000
      44825.000 ns	      4481	80000da8	002ad413	srli	x8,x21,0x2	 x21:0x80041024  x8=0x20010409
      44835.000 ns	      4482	80000dac	00361293	slli	x5,x12,0x3	 x12:0x0001f340  x5=0x000f9a00
      44855.000 ns	      4484	80000db0	29a899d3	fmax.s	f19,f17,f26	 f17:0xcefff7df f26:0x7fc00000 f19=0xcefff7df
      44875.000 ns	      4486	80000db4	41e60133	sub	x2,x12,x30	 x12:0x0001f340 x30:0x00000001  x2=0x0001f33f
      44895.000 ns	      4488	80000db8	208f1953	fsgnjn.s	f18,f30,f8	 f30:0xcefff7df  f8:0x7fc00000 f18=0xcefff7df
      44925.000 ns	      4491	80000dbc	e0059853	fclass.s	x16,f11	 f11:0x4f79a072 x16=0x00000040
      44965.000 ns	      4495	80000dc0	19a67353	fdiv.s	f6,f12,f26	 f12:0x4db97d00 f26:0x7fc00000  f6=0x7fc00000
      44995.000 ns	      4498	80000dc4	d011f253	fcvt.s.wu	f4,x3	  x3:0xa61d2d18  f4=0x4f261d2d
      45015.000 ns	      4500	80000dc8	5d25b713	sltiu	x14,x11,1490	 x11:0x00000000 x14=0x00000001
      45035.000 ns	      4502	80000dcc	284f1753	fmax.s	f14,f30,f4	 f30:0xcefff7df  f4:0x4f261d2d f14=0x4f261d2d
      45375.000 ns	      4536	80000dd0	19b98ad3	fdiv.s	f21,f19,f27	 f19:0xcefff7df f27:0x1f3504b2 f21=0xef34aef9
      45405.000 ns	      4539	80000dd4	28c884d3	fmin.s	f9,f17,f12	 f17:0xcefff7df f12:0x4db97d00  f9=0xcefff7df
      45425.000 ns	      4541	80000dd8	2cb2cb93	xori	x23,x5,715	  x5:0x000f9a00 x23=0x000f98cb
      45445.000 ns	      4543	80000ddc	280b90d3	fmax.s	f1,f23,f0	 f23:0x7fc00000  f0:0xff800000  f1=0xff800000
      45465.000 ns	      4545	80000de0	0040c833	xor	x16,x1,x4	  x1:0xb7474d44  x4:0x20000000 x16=0x97474d44
      45475.000 ns	      4546	80000de4	d3a83c13	sltiu	x24,x16,-710	 x16:0x00000040 x24=0x00000001
      45485.000 ns	      4547	80000de8	007a0033	add	x0,x20,x7	 x20:0x00000000  x7:0x128a6000
      45505.000 ns	      4549	80000dec	29c08853	fmin.s	f16,f1,f28	  f1:0xff800000 f28:0xff800000 f16=0xff800000
      45535.000 ns	      4552	80000df0	c0067dd3	fcvt.w.s	x27,f12	 f12:0x4db97d00 x27=0x172fa000
      45565.000 ns	      4555	80000df4	f00e85d3	fmv.w.x	f11,x29	 x29:0x10408fff f11=0x10408fff
      45605.000 ns	      4559	80000df8	107879d3	fmul.s	f19,f16,f7	 f16:0xff800000  f7:0x00000020 f19=0xff800000
      45635.000 ns	      4562	80000dfc	02890b33	mul	x22,x18,x8	 x18:0x0000006f  x8:0x20010409 x22=0xe070bfe7
      45665.000 ns	      4565	80000e00	a08491d3	flt.s	x3,f9,f8	  f9:0xcefff7df  f8:0x7fc00000  x3=0x00000000
      45685.000 ns	      4567	80000e04	011b9033	sll	x0,x23,x17	 x23:0x000f98cb x17:0xfffffa14
      45705.000 ns	      4569	80000e08	20222253	fsgnjx.s	f4,f4,f2	  f4:0x4f261d2d  f2:0x7f800000  f4=0x4f261d2d
      45755.000 ns	      4574	80000e0c	00c07f53	fadd.s	f30,f0,f12	  f0:0xff800000 f12:0x4db97d00 f30=0xff800000
      45795.000 ns	      4578	80000e10	58007153	fsqrt.s	f2,f0	  f0:0xff800000  f2=0x7fc00000
      45815.000 ns	      4580	80000e14	01b69033	sll	x0,x13,x27	 x13:0x8cd83000 x27:0x172fa000
      45835.000 ns	      4582	80000e18	03a8ad33	mulhsu	x26,x17,x26	 x17:0xfffffa14 x26:0x5854c001 x26=0xfffffdf4
      45865.000 ns	      4585	80000e1c	a04e9fd3	flt.s	x31,f29,f4	 f29:0xffffffff  f4:0x4f261d2d x31=0x00000000
      45885.000 ns	      4587	80000e20	00c98933	add	x18,x19,x12	 x19:0x00000000 x12:0x0001f340 x18=0x0001f340
      45905.000 ns	      4589	80000e24	e00e1253	fclass.s	x4,f28	 f28:0xff800000  x4=0x00000001
      45935.000 ns	      4592	80000e28	f0038bd3	fmv.w.x	f23,x7	  x7:0x128a6000 f23=0x128a6000
      45955.000 ns	      4594	80000e2c	0176b9b3	sltu	x19,x13,x23	 x13:0x8cd83000 x23:0x000f98cb x19=0x00000000
      45975.000 ns	      4596	80000e30	20fba6d3	fsgnjx.s	f13,f23,f15	 f23:0x128a6000 f15:0x7fc00000 f13=0x128a6000
      46005.000 ns	      4599	80000e34	c005c953	fcvt.w.s	x18,f11	 f11:0x10408fff x18=0x00000000
      46035.000 ns	      4602	80000e38	283788d3	fmin.s	f17,f15,f3	 f15:0x7fc00000  f3:0x1f3504b2 f17=0x1f3504b2
      46055.000 ns	      4604	80000e3c	011b11b3	sll	x3,x22,x17	 x22:0xe070bfe7 x17:0xfffffa14  x3=0xfe700000
      46065.000 ns	      4605	80000e40	19596193	ori	x3,x18,405	 x18:0x00000000  x3=0x00000195
      46085.000 ns	      4607	80000e44	a0e7a553	feq.s	x10,f15,f14	 f15:0x7fc00000 f14:0x4f261d2d x10=0x00000000
      46115.000 ns	      4610	80000e48	29ef8dd3	fmin.s	f27,f31,f30	 f31:0x00000000 f30:0xff800000 f27=0xff800000
      46145.000 ns	      4613	80000e4c	02e3b333	mulhu	x6,x7,x14	  x7:0x128a6000 x14:0x00000001  x6=0x00000000
      46165.000 ns	      4615	80000e50	00009793	slli	x15,x1,0x0	  x1:0xb7474d44 x15=0xb7474d44
      46185.000 ns	      4617	80000e54	28780fd3	fmin.s	f31,f16,f7	 f16:0xff800000  f7:0x00000020 f31=0xff800000
      46205.000 ns	      4619	80000e58	4ac88f93	addi	x31,x17,1196	 x17:0xfffffa14 x31=0xfffffec0
      46565.000 ns	      4655	80000e5c	0306e233	rem	x4,x13,x16	 x13:0x8cd83000 x16:0x97474d44  x4=0xf590e2bc
      46605.000 ns	      4659	80000e60	18899053	fdiv.s	f0,f19,f8	 f19:0xff800000  f8:0x7fc00000  f0=0x7fc00000
      46975.000 ns	      4696	80000e64	0358deb3	divu	x29,x17,x21	 x17:0xfffffa14 x21:0x80041024 x29=0x00000001
      46995.000 ns	      4698	80000e68	40bdde93	srai	x29,x27,0xb	 x27:0x172fa000 x29=0x0002e5f4
      47015.000 ns	      4700	80000e6c	020600b3	mul	x1,x12,x0	 x12:0x0001f340  x0:0x00000000  x1=0x00000000
      47045.000 ns	      4703	80000e70	02107933	remu	x18,x0,x1	  x0:0x00000000  x1:0xb7474d44 x18=0x00000000
      47075.000 ns	      4706	80000e74	a1598a53	fle.s	x20,f19,f21	 f19:0xff800000 f21:0xef34aef9 x20=0x00000001
      47095.000 ns	      4708	80000e78	01b91e93	slli	x29,x18,0x1b	 x18:0x00000000 x29=0x00000000
      47135.000 ns	      4712	80000e7c	09cf17d3	fsub.s	f15,f30,f28	 f30:0xff800000 f28:0xff800000 f15=0x00000000
      47165.000 ns	      4715	80000e80	c01aff53	fcvt.wu.s	x30,f21	 f21:0xef34aef9 x30=0x00000000
      47185.000 ns	      4717	80000e84	9714f913	andi	x18,x9,-1679	  x9:0x80040fe4 x18=0x80040960
      47195.000 ns	      4718	80000e88	010bb733	sltu	x14,x23,x16	 x23:0x000f98cb x16:0x97474d44 x14=0x00000001
      47215.000 ns	      4720	80000e8c	e0031f53	fclass.s	x30,f6	  f6:0x7fc00000 x30=0x00000200
      47585.000 ns	      4757	80000e90	03f4d6b3	divu	x13,x9,x31	  x9:0x80040fe4 x31:0xfffffec0 x13=0x00000000
      47605.000 ns	      4759	80000e94	4111d133	sra	x2,x3,x17	  x3:0x00000195 x17:0xfffffa14  x2=0x00000000
      47645.000 ns	      4763	80000e98	010a0453	fadd.s	f8,f20,f16	 f20:0x4db97d00 f16:0xff800000  f8=0xff800000
      47665.000 ns	      4765	80000e9c	82b7a293	slti	x5,x15,-2005	 x15:0xb7474d44  x5=0x00000001
      47675.000 ns	      4766	80000ea0	4c386513	ori	x10,x16,1219	 x16:0x97474d44 x10=0x97474dc7
      47685.000 ns	      4767	80000ea4	00704e33	xor	x28,x0,x7	  x0:0x00000000  x7:0x128a6000 x28=0x128a6000
      47715.000 ns	      4770	80000ea8	10b2afd3	fmul.s	f31,f5,f11	  f5:0x00000000 f11:0x10408fff f31=0x00000000
      47735.000 ns	      4772	80000eac	003a22b3	slt	x5,x20,x3	 x20:0x00000001  x3:0x00000195  x5=0x00000001
      47745.000 ns	      4773	80000eb0	001a1213	slli	x4,x20,0x1	 x20:0x00000001  x4=0x00000002
      47775.000 ns	      4776	80000eb4	10a875d3	fmul.s	f11,f16,f10	 f16:0xff800000 f10:0x7f800000 f11=0xff800000
      47795.000 ns	      4778	80000eb8	00929733	sll	x14,x5,x9	  x5:0x00000001  x9:0x80040fe4 x14=0x00000010
      47815.000 ns	      4780	80000ebc	0220f033	remu	x0,x1,x2	  x1:0x00000000  x2:0x00000000
      47855.000 ns	      4784	80000ec0	18df7153	fdiv.s	f2,f30,f13	 f30:0xff800000 f13:0x128a6000  f2=0xff800000
      47885.000 ns	      4787	80000ec4	03d1f833	remu	x16,x3,x29	  x3:0x00000195 x29:0x00000000 x16=0x00000195
      47915.000 ns	      4790	80000ec8	a10c9c53	flt.s	x24,f25,f16	 f25:0x7fc00000 f16:0xff800000 x24=0x00000000
      48285.000 ns	      4827	80000ecc	0249c333	div	x6,x19,x4	 x19:0x00000000  x4:0x00000002  x6=0x00000000
      48315.000 ns	      4830	80000ed0	02216333	rem	x6,x2,x2	  x2:0x00000000  x2:0x00000000  x6=0x00000000
      48655.000 ns	      4864	80000ed4	18d27fd3	fdiv.s	f31,f4,f13	  f4:0x4f261d2d f13:0x128a6000 f31=0x7bea838c
      49025.000 ns	      4901	80000ed8	03b45233	divu	x4,x8,x27	  x8:0x20010409 x27:0x172fa000  x4=0x00000001
      49055.000 ns	      4904	80000edc	a1ea2f53	feq.s	x30,f20,f30	 f20:0x4db97d00 f30:0xff800000 x30=0x00000000
      49085.000 ns	      4907	80000ee0	d00c7253	fcvt.s.w	f4,x24	 x24:0x00000000  f4=0x00000000
      49105.000 ns	      4909	80000ee4	00000013	addi	x0,x0,0	  x0:0x00000000
      49125.000 ns	      4911	80000ee8	a1be10d3	flt.s	x1,f28,f27	 f28:0xff800000 f27:0xff800000  x1=0x00000000
      49155.000 ns	      4914	80000eec	283e1b53	fmax.s	f22,f28,f3	 f28:0xff800000  f3:0x1f3504b2 f22=0x1f3504b2
      49525.000 ns	      4951	80000ef0	0359f3b3	remu	x7,x19,x21	 x19:0x00000000 x21:0x80041024  x7=0x00000000
      49545.000 ns	      4953	80000ef4	01a652b3	srl	x5,x12,x26	 x12:0x0001f340 x26:0xfffffdf4  x5=0x00000000
      49555.000 ns	      4954	80000ef8	0122c933	xor	x18,x5,x18	  x5:0x00000001 x18:0x80040960 x18=0x80040960
      49575.000 ns	      4956	80000efc	e00819d3	fclass.s	x19,f16	 f16:0xff800000 x19=0x00000001
      49605.000 ns	      4959	80000f00	a035ab53	feq.s	x22,f11,f3	 f11:0xff800000  f3:0x1f3504b2 x22=0x00000000
      49635.000 ns	      4962	80000f04	c01d3f53	fcvt.wu.s	x30,f26	 f26:0x7fc00000 x30=0xffffffff
      49665.000 ns	      4965	80000f08	02d82bb3	mulhsu	x23,x16,x13	 x16:0x00000195 x13:0x00000000 x23=0x00000000
      49715.000 ns	      4970	80000f0c	082ffa53	fsub.s	f20,f31,f2	 f31:0x7bea838c  f2:0xff800000 f20=0x7f800000
      49745.000 ns	      4973	80000f10	027578b3	remu	x17,x10,x7	 x10:0x97474dc7  x7:0x00000000 x17=0x97474dc7
      49775.000 ns	      4976	80000f14	a0b0afd3	feq.s	x31,f1,f11	  f1:0xff800000 f11:0xff800000 x31=0x00000001
      49795.000 ns	      4978	80000f18	52296093	ori	x1,x18,1314	 x18:0x80040960  x1=0x80040d62
      50155.000 ns	      5014	80000f1c	02fcc0b3	div	x1,x25,x15	 x25:0x9a07254c x15:0xb7474d44  x1=0x00000001
      50175.000 ns	      5016	80000f20	01d147b3	xor	x15,x2,x29	  x2:0x00000000 x29:0x00000000 x15=0x00000000
      50205.000 ns	      5019	80000f24	1055afd3	fmul.s	f31,f11,f5	 f11:0xff800000  f5:0x00000000 f31=0x7fc00000
      50235.000 ns	      5022	80000f28	203ba8d3	fsgnjx.s	f17,f23,f3	 f23:0x128a6000  f3:0x1f3504b2 f17=0x128a6000
      50255.000 ns	      5024	80000f2c	8b28c113	xori	x2,x17,-1870	 x17:0x97474dc7  x2=0x68b8b575
      50265.000 ns	      5025	80000f30	014782b3	add	x5,x15,x20	 x15:0x00000000 x20:0x00000001  x5=0x00000001
      50275.000 ns	      5026	80000f34	004c6c33	or	x24,x24,x4	 x24:0x00000000  x4:0x00000001 x24=0x00000001
      50285.000 ns	      5027	80000f38	40998fb3	sub	x31,x19,x9	 x19:0x00000001  x9:0x80040fe4 x31=0x7ffbf01d
      50295.000 ns	      5028	80000f3c	40f75093	srai	x1,x14,0xf	 x14:0x00000010  x1=0x00000000
      50315.000 ns	      5030	80000f40	f00200d3	fmv.w.x	f1,x4	  x4:0x00000001  f1=0x00000001
      50345.000 ns	      5033	80000f44	02111e33	mulh	x28,x2,x1	  x2:0x68b8b575  x1:0x00000001 x28=0x00000000
      50365.000 ns	      5035	80000f48	016b07b3	add	x15,x22,x22	 x22:0x00000000 x22:0x00000000 x15=0x00000000
      50385.000 ns	      5037	80000f4c	c000f753	fcvt.w.s	x14,f1	  f1:0x00000001 x14=0x00000000
      50415.000 ns	      5040	80000f50	c01affd3	fcvt.wu.s	x31,f21	 f21:0xef34aef9 x31=0x00000000
      50445.000 ns	      5043	80000f54	20df0853	fsgnj.s	f16,f30,f13	 f30:0xff800000 f13:0x128a6000 f16=0x7f800000
      50465.000 ns	      5045	80000f58	00eb8d33	add	x26,x23,x14	 x23:0x00000000 x14:0x00000000 x26=0x00000000
      50485.000 ns	      5047	80000f5c	03f69a33	mulh	x20,x13,x31	 x13:0x00000000 x31:0x00000000 x20=0x00000000
      50515.000 ns	      5050	80000f60	a10396d3	flt.s	x13,f7,f16	  f7:0x00000020 f16:0x7f800000 x13=0x00000001
      50535.000 ns	      5052	80000f64	400fddb3	sra	x27,x31,x0	 x31:0x00000000  x0:0x00000000 x27=0x00000000
      50565.000 ns	      5055	80000f68	19e0f2d3	fdiv.s	f5,f1,f30	  f1:0x00000001 f30:0xff800000  f5=0x80000000
      50595.000 ns	      5058	80000f6c	c001f553	fcvt.w.s	x10,f3	  f3:0x1f3504b2 x10=0x00000000
      50625.000 ns	      5061	80000f70	036e9b33	mulh	x22,x29,x22	 x29:0x00000000 x22:0x00000000 x22=0x00000000
      50995.000 ns	      5098	80000f74	022d6033	rem	x0,x26,x2	 x26:0x00000000  x2:0x68b8b575
      51045.000 ns	      5103	80000f78	081df053	fsub.s	f0,f27,f1	 f27:0xff800000  f1:0x00000001  f0=0xff800000
      51075.000 ns	      5106	80000f7c	a17a09d3	fle.s	x19,f20,f23	 f20:0x7f800000 f23:0x128a6000 x19=0x00000000
      51095.000 ns	      5108	80000f80	6d703b13	sltiu	x22,x0,1751	  x0:0x00000000 x22=0x00000001
      51105.000 ns	      5109	80000f84	00039033	sll	x0,x7,x0	  x7:0x00000000  x0:0x00000000
      51115.000 ns	      5110	80000f88	00aa6eb3	or	x29,x20,x10	 x20:0x00000000 x10:0x00000000 x29=0x00000000
      51125.000 ns	      5111	80000f8c	0061a033	slt	x0,x3,x6	  x3:0x00000195  x6:0x00000000
      51145.000 ns	      5113	80000f90	c00b1953	fcvt.w.s	x18,f22	 f22:0x1f3504b2 x18=0x00000000
      51175.000 ns	      5116	80000f94	f0010953	fmv.w.x	f18,x2	  x2:0x68b8b575 f18=0x68b8b575
      51205.000 ns	      5119	80000f98	21301453	fsgnjn.s	f8,f0,f19	  f0:0xff800000 f19:0xff800000  f8=0x7f800000
      51225.000 ns	      5121	80000f9c	53543393	sltiu	x7,x8,1333	  x8:0x20010409  x7=0x00000000
      51235.000 ns	      5122	80000fa0	00bdf8b3	and	x17,x27,x11	 x27:0x00000000 x11:0x00000000 x17=0x00000000
      51275.000 ns	      5126	80000fa4	0006f453	fadd.s	f8,f13,f0	 f13:0x128a6000  f0:0xff800000  f8=0xff800000
      51295.000 ns	      5128	80000fa8	b7224e13	xori	x28,x4,-1166	  x4:0x00000001 x28=0xfffffb73
      51305.000 ns	      5129	80000fac	00bdcbb3	xor	x23,x27,x11	 x27:0x00000000 x11:0x00000000 x23=0x00000000
      51325.000 ns	      5131	80000fb0	027aca33	div	x20,x21,x7	 x21:0x80041024  x7:0x00000000 x20=0xffffffff
      51355.000 ns	      5134	80000fb4	20cba153	fsgnjx.s	f2,f23,f12	 f23:0x128a6000 f12:0x4db97d00  f2=0x128a6000
      51375.000 ns	      5136	80000fb8	77233613	sltiu	x12,x6,1906	  x6:0x00000000 x12=0x00000001
      51405.000 ns	      5139	80000fbc	10c8c553	fmul.s	f10,f17,f12	 f17:0x128a6000 f12:0x4db97d00 f10=0x20c885e2
      51435.000 ns	      5142	80000fc0	293d12d3	fmax.s	f5,f26,f19	 f26:0x7fc00000 f19:0xff800000  f5=0xff800000
      51465.000 ns	      5145	80000fc4	c0113d53	fcvt.wu.s	x26,f2	  f2:0x128a6000 x26=0x00000000
      51495.000 ns	      5148	80000fc8	a10aa7d3	feq.s	x15,f21,f16	 f21:0xef34aef9 f16:0x7f800000 x15=0x00000000
      51515.000 ns	      5150	80000fcc	a233a793	slti	x15,x7,-1501	  x7:0x00000000 x15=0x00000000
      51525.000 ns	      5151	80000fd0	0118de93	srli	x29,x17,0x11	 x17:0x00000000 x29=0x00000000
      51545.000 ns	      5153	80000fd4	21b4a953	fsgnjx.s	f18,f9,f27	  f9:0xcefff7df f27:0xff800000 f18=0x4efff7df
      51575.000 ns	      5156	80000fd8	02011833	mulh	x16,x2,x0	  x2:0x68b8b575  x0:0x00000000 x16=0x00000000
      51605.000 ns	      5159	80000fdc	03483733	mulhu	x14,x16,x20	 x16:0x00000195 x20:0xffffffff x14=0x00000000
      51625.000 ns	      5161	80000fe0	00000013	addi	x0,x0,0	  x0:0x00000000
      51645.000 ns	      5163	80000fe4	020fe9b3	rem	x19,x31,x0	 x31:0x00000000  x0:0x00000000 x19=0x00000000
      51665.000 ns	      5165	80000fe8	f3370293	addi	x5,x14,-205	 x14:0x00000000  x5=0xffffff33
      51685.000 ns	      5167	80000fec	a1041153	flt.s	x2,f8,f16	  f8:0xff800000 f16:0x7f800000  x2=0x00000001
      51715.000 ns	      5170	80000ff0	28588653	fmin.s	f12,f17,f5	 f17:0x128a6000  f5:0xff800000 f12=0xff800000
      51745.000 ns	      5173	80000ff4	03dbb1b3	mulhu	x3,x23,x29	 x23:0x00000000 x29:0x00000000  x3=0x00000000
      51775.000 ns	      5176	80000ff8	028189b3	mul	x19,x3,x8	  x3:0x00000195  x8:0x20010409 x19=0x00000000
      51795.000 ns	      5178	80000ffc	25e5af37	lui	x30,0x25e5a	 x30=0x25e5a000
      51805.000 ns	      5179	80001000	e0860313	addi	x6,x12,-504	 x12:0x00000001  x6=0xfffffe09
      51825.000 ns	      5181	80001004	026736b3	mulhu	x13,x14,x6	 x14:0x00000000  x6:0x00000000 x13=0x00000000
      51845.000 ns	      5183	80001008	4db3f193	andi	x3,x7,1243	  x7:0x00000000  x3=0x00000000
      51855.000 ns	      5184	8000100c	01807eb3	and	x29,x0,x24	  x0:0x00000000 x24:0x00000001 x29=0x00000000
      51865.000 ns	      5185	80001010	40e68b33	sub	x22,x13,x14	 x13:0x00000000 x14:0x00000000 x22=0x00000000
      51885.000 ns	      5187	80001014	02ea62b3	rem	x5,x20,x14	 x20:0xffffffff x14:0x00000000  x5=0xffffffff
      51915.000 ns	      5190	80001018	e0090b53	fmv.x.w	x22,f18	 f18:0x4efff7df x22=0x4efff7df
      51945.000 ns	      5193	8000101c	c0158c53	fcvt.wu.s	x24,f11	 f11:0xff800000 x24=0x00000000
      51965.000 ns	      5195	80001020	00d730b3	sltu	x1,x14,x13	 x14:0x00000000 x13:0x00000000  x1=0x00000000
      51985.000 ns	      5197	80001024	0382fdb3	remu	x27,x5,x24	  x5:0xffffffff x24:0x00000000 x27=0xffffffff
      52355.000 ns	      5234	80001028	03b0feb3	remu	x29,x1,x27	  x1:0x00000000 x27:0x00000000 x29=0x00000000
      52375.000 ns	      5236	8000102c	5e024013	xori	x0,x4,1504	  x4:0x00000001
      52735.000 ns	      5272	80001030	03e7efb3	rem	x31,x15,x30	 x15:0x00000000 x30:0x25e5a000 x31=0x00000000
      52765.000 ns	      5275	80001034	02b963b3	rem	x7,x18,x11	 x18:0x00000000 x11:0x00000000  x7=0x00000000
      52795.000 ns	      5278	80001038	29db86d3	fmin.s	f13,f23,f29	 f23:0x128a6000 f29:0xffffffff f13=0x128a6000
      52815.000 ns	      5280	8000103c	7937be93	sltiu	x29,x15,1939	 x15:0x00000000 x29=0x00000001
      52825.000 ns	      5281	80001040	008dbfb3	sltu	x31,x27,x8	 x27:0xffffffff  x8:0x20010409 x31=0x00000000
      52835.000 ns	      5282	80001044	01dca5b3	slt	x11,x25,x29	 x25:0x9a07254c x29:0x00000000 x11=0x00000001
      52855.000 ns	      5284	80001048	d0018fd3	fcvt.s.w	f31,x3	  x3:0x00000000 f31=0x00000000
      52885.000 ns	      5287	8000104c	d00d04d3	fcvt.s.w	f9,x26	 x26:0x00000000  f9=0x00000000
      52905.000 ns	      5289	80001050	005847b3	xor	x15,x16,x5	 x16:0x00000000  x5:0xffffffff x15=0xffffffff
      52915.000 ns	      5290	80001054	00e2f333	and	x6,x5,x14	  x5:0xffffffff x14:0x00000000  x6=0x00000000
      52925.000 ns	      5291	80001058	01d79713	slli	x14,x15,0x1d	 x15:0x00000000 x14=0xe0000000
      52935.000 ns	      5292	8000105c	00000013	addi	x0,x0,0	  x0:0x00000000
      52955.000 ns	      5294	80001060	28629c53	fmax.s	f24,f5,f6	  f5:0xff800000  f6:0x7fc00000 f24=0xff800000
      52975.000 ns	      5296	80001064	b008ad13	slti	x26,x17,-1280	 x17:0x00000000 x26=0x00000000
      53335.000 ns	      5332	80001068	025d7733	remu	x14,x26,x5	 x26:0x00000000  x5:0xffffffff x14=0x00000000
      53355.000 ns	      5334	8000106c	018d86b3	add	x13,x27,x24	 x27:0xffffffff x24:0x00000000 x13=0xffffffff
      53365.000 ns	      5335	80001070	01fbf8b3	and	x17,x23,x31	 x23:0x00000000 x31:0x00000000 x17=0x00000000
      53385.000 ns	      5337	80001074	20668553	fsgnj.s	f10,f13,f6	 f13:0x128a6000  f6:0x7fc00000 f10=0x128a6000
      53415.000 ns	      5340	80001078	022bb733	mulhu	x14,x23,x2	 x23:0x00000000  x2:0x00000001 x14=0x00000000
      53455.000 ns	      5344	8000107c	5805c8d3	fsqrt.s	f17,f11	 f11:0xff800000 f17=0x7fc00000
      53485.000 ns	      5347	80001080	208f2cd3	fsgnjx.s	f25,f30,f8	 f30:0xff800000  f8:0xff800000 f25=0x7f800000
      53525.000 ns	      5351	80001084	112e0dd3	fmul.s	f27,f28,f18	 f28:0xff800000 f18:0x4efff7df f27=0xff800000
      53555.000 ns	      5354	80001088	037006b3	mul	x13,x0,x23	  x0:0x00000000 x23:0x00000000 x13=0x00000000
      53585.000 ns	      5357	8000108c	a1930a53	fle.s	x20,f6,f25	  f6:0x7fc00000 f25:0x7f800000 x20=0x00000000
      53625.000 ns	      5361	80001090	1958f4d3	fdiv.s	f9,f17,f21	 f17:0x7fc00000 f21:0xef34aef9  f9=0x7fc00000
      53645.000 ns	      5363	80001094	01230733	add	x14,x6,x18	  x6:0x00000000 x18:0x00000000 x14=0x00000000
      53665.000 ns	      5365	80001098	034f2433	mulhsu	x8,x30,x20	 x30:0x25e5a000 x20:0x00000000  x8=0x00000000
      53685.000 ns	      5367	8000109c	4eec89b7	lui	x19,0x4eec8	 x19=0x4eec8000
      53705.000 ns	      5369	800010a0	03ca9e33	mulh	x28,x21,x28	 x21:0x80041024 x28:0xfffffb73 x28=0x00000246
      53725.000 ns	      5371	800010a4	00970033	add	x0,x14,x9	 x14:0x00000000  x9:0x80040fe4
      53735.000 ns	      5372	800010a8	41d35393	srai	x7,x6,0x1d	  x6:0x00000000  x7=0x00000000
      53745.000 ns	      5373	800010ac	41ccd1b3	sra	x3,x25,x28	 x25:0x9a07254c x28:0x00000246  x3=0xfe681c95
      53755.000 ns	      5374	800010b0	053f3193	sltiu	x3,x30,83	 x30:0x25e5a000  x3=0x00000000
      53775.000 ns	      5376	800010b4	e00e9153	fclass.s	x2,f29	 f29:0xffffffff  x2=0x00000200
      53795.000 ns	      5378	800010b8	01299793	slli	x15,x19,0x12	 x19:0x4eec8000 x15=0x00000000
      53815.000 ns	      5380	800010bc	a03e0253	fle.s	x4,f28,f3	 f28:0xff800000  f3:0x1f3504b2  x4=0x00000001
      53835.000 ns	      5382	800010c0	01bd4533	xor	x10,x26,x27	 x26:0x00000000 x27:0xffffffff x10=0xffffffff
      53865.000 ns	      5385	800010c4	11fdf2d3	fmul.s	f5,f27,f31	 f27:0xff800000 f31:0x00000000  f5=0x7fc00000
      53885.000 ns	      5387	800010c8	01d2c433	xor	x8,x5,x29	  x5:0xffffffff x29:0x00000001  x8=0xfffffffe
      53895.000 ns	      5388	800010cc	41bb0d33	sub	x26,x22,x27	 x22:0x4efff7df x27:0xffffffff x26=0x4efff7e0
      53905.000 ns	      5389	800010d0	40b7da33	sra	x20,x15,x11	 x15:0x00000000 x11:0x00000001 x20=0x00000000
      53925.000 ns	      5391	800010d4	d01dfcd3	fcvt.s.wu	f25,x27	 x27:0xffffffff f25=0x4f7fffff
      53945.000 ns	      5393	800010d8	0043adb3	slt	x27,x7,x4	  x7:0x00000000  x4:0x00000001 x27=0x00000001
      53975.000 ns	      5396	800010dc	10943053	fmul.s	f0,f8,f9	  f8:0xff800000  f9:0x7fc00000  f0=0x7fc00000
      54005.000 ns	      5399	800010e0	037afa33	remu	x20,x21,x23	 x21:0x80041024 x23:0x00000000 x20=0x80041024
      54035.000 ns	      5402	800010e4	02468133	mul	x2,x13,x4	 x13:0x00000000  x4:0x00000001  x2=0x00000000
      54065.000 ns	      5405	800010e8	c0118453	fcvt.wu.s	x8,f3	  f3:0x1f3504b2  x8=0x00000000
      54095.000 ns	      5408	800010ec	d01230d3	fcvt.s.wu	f1,x4	  x4:0x00000001  f1=0x3f800000
      54135.000 ns	      5412	800010f0	1942bcd3	fdiv.s	f25,f5,f20	  f5:0x7fc00000 f20:0x7f800000 f25=0x7fc00000
      54165.000 ns	      5415	800010f4	02df4e33	div	x28,x30,x13	 x30:0x25e5a000 x13:0x00000000 x28=0xffffffff
      54185.000 ns	      5417	800010f8	2c276e13	ori	x28,x14,706	 x14:0x00000000 x28=0x000002c2
      54195.000 ns	      5418	800010fc	0175f0b3	and	x1,x11,x23	 x11:0x00000001 x23:0x00000000  x1=0x00000000
      54555.000 ns	      5454	80001100	03c249b3	div	x19,x4,x28	  x4:0x00000001 x28:0xffffffff x19=0x00000000
      54585.000 ns	      5457	80001104	28da0053	fmin.s	f0,f20,f13	 f20:0x7f800000 f13:0x128a6000  f0=0x128a6000
      54605.000 ns	      5459	80001108	014146b3	xor	x13,x2,x20	  x2:0x00000000 x20:0x80041024 x13=0x80041024
      54625.000 ns	      5461	8000110c	024db6b3	mulhu	x13,x27,x4	 x27:0x00000001  x4:0x00000001 x13=0x00000000
      54645.000 ns	      5463	80001110	01fed193	srli	x3,x29,0x1f	 x29:0x00000001  x3=0x00000000
      54665.000 ns	      5465	80001114	03d8b233	mulhu	x4,x17,x29	 x17:0x00000000 x29:0x00000001  x4=0x00000000
      54695.000 ns	      5468	80001118	0338cdb3	div	x27,x17,x19	 x17:0x00000000 x19:0x00000000 x27=0xffffffff
      54725.000 ns	      5471	8000111c	a0128c53	fle.s	x24,f5,f1	  f5:0x7fc00000  f1:0x3f800000 x24=0x00000000
      54755.000 ns	      5474	80001120	032e17b3	mulh	x15,x28,x18	 x28:0x000002c2 x18:0x00000000 x15=0x00000000
      54785.000 ns	      5477	80001124	03bb18b3	mulh	x17,x22,x27	 x22:0x4efff7df x27:0xffffffff x17=0xffffffff
      54815.000 ns	      5480	80001128	a1940fd3	fle.s	x31,f8,f25	  f8:0xff800000 f25:0x7fc00000 x31=0x00000000
      54845.000 ns	      5483	8000112c	02b68eb3	mul	x29,x13,x11	 x13:0x00000000 x11:0x00000001 x29=0x00000000
      54875.000 ns	      5486	80001130	a0829653	flt.s	x12,f5,f8	  f5:0x7fc00000  f8:0xff800000 x12=0x00000000
      54895.000 ns	      5488	80001134	41ea0c33	sub	x24,x20,x30	 x20:0x80041024 x30:0x25e5a000 x24=0x5a1e7024
      54905.000 ns	      5489	80001138	f2bc5f37	lui	x30,0xf2bc5	 x30=0xf2bc5000
      54935.000 ns	      5492	8000113c	580e40d3	fsqrt.s	f1,f28	 f28:0xff800000  f1=0x7fc00000
      54965.000 ns	      5495	80001140	21671853	fsgnjn.s	f16,f14,f22	 f14:0x4f261d2d f22:0x1f3504b2 f16=0xcf261d2d
      54985.000 ns	      5497	80001144	cc5f0b13	addi	x22,x30,-827	 x30:0xf2bc5000 x22=0xf2bc4cc5
      55025.000 ns	      5501	80001148	00e3a0d3	fadd.s	f1,f7,f14	  f7:0x00000020 f14:0x4f261d2d  f1=0x4f261d2d
      55045.000 ns	      5503	8000114c	71822113	slti	x2,x4,1816	  x4:0x00000000  x2=0x00000001
      55065.000 ns	      5505	80001150	28970c53	fmin.s	f24,f14,f9	 f14:0x4f261d2d  f9:0x7fc00000 f24=0x4f261d2d
      55085.000 ns	      5507	80001154	0a6d0817	auipc	x16,0xa6d0	 x16=0x8a6d1154
      55095.000 ns	      5508	80001158	00000013	addi	x0,x0,0	  x0:0x00000000
      55455.000 ns	      5544	8000115c	0223e133	rem	x2,x7,x2	  x7:0x00000000  x2:0x00000001  x2=0x00000000
      55485.000 ns	      5547	80001160	e00c8a53	fmv.x.w	x20,f25	 f25:0x7fc00000 x20=0x7fc00000
      55515.000 ns	      5550	80001164	e0089f53	fclass.s	x30,f17	 f17:0x7fc00000 x30=0x00000200
      55535.000 ns	      5552	80001168	4c424413	xori	x8,x4,1220	  x4:0x00000000  x8=0x000004c4
      55545.000 ns	      5553	8000116c	6d6d96b7	lui	x13,0x6d6d9	 x13=0x6d6d9000
      55555.000 ns	      5554	80001170	f226ac17	auipc	x24,0xf226a	 x24=0x7226b170
      55585.000 ns	      5557	80001174	580cf9d3	fsqrt.s	f19,f25	 f25:0x7fc00000 f19=0x7fc00000
      55625.000 ns	      5561	80001178	580cbbd3	fsqrt.s	f23,f25	 f25:0x7fc00000 f23=0x7fc00000
      55645.000 ns	      5563	8000117c	0030db33	srl	x22,x1,x3	  x1:0x00000000  x3:0x00000000 x22=0x00000000
      55665.000 ns	      5565	80001180	c009f0d3	fcvt.w.s	x1,f19	 f19:0x7fc00000  x1=0x7fffffff
      55695.000 ns	      5568	80001184	d0049ad3	fcvt.s.w	f21,x9	  x9:0x80040fe4 f21=0xcefff7e0
      55715.000 ns	      5570	80001188	0094c433	xor	x8,x9,x9	  x9:0x80040fe4  x9:0x80040fe4  x8=0x00000000
      55725.000 ns	      5571	8000118c	00bd1113	slli	x2,x26,0xb	 x26:0x4efff7e0  x2=0xffbf0000
      55745.000 ns	      5573	80001190	0398b033	mulhu	x0,x17,x25	 x17:0xffffffff x25:0x9a07254c
      55765.000 ns	      5575	80001194	0042fa33	and	x20,x5,x4	  x5:0xffffffff  x4:0x00000000 x20=0x00000000
      55775.000 ns	      5576	80001198	039bb213	sltiu	x4,x23,57	 x23:0x00000000  x4=0x00000001
      55785.000 ns	      5577	8000119c	584c2013	slti	x0,x24,1412	 x24:0x7226b170
      55805.000 ns	      5579	800011a0	28f48fd3	fmin.s	f31,f9,f15	  f9:0x7fc00000 f15:0x00000000 f31=0x00000000
      55825.000 ns	      5581	800011a4	00ccd1b3	srl	x3,x25,x12	 x25:0x9a07254c x12:0x00000000  x3=0x9a07254c
      55835.000 ns	      5582	800011a8	2fe6e2b7	lui	x5,0x2fe6e	  x5=0x2fe6e000
      55855.000 ns	      5584	800011ac	c0181ed3	fcvt.wu.s	x29,f16	 f16:0xcf261d2d x29=0xa61d2d00
      55885.000 ns	      5587	800011b0	214d8653	fsgnj.s	f12,f27,f20	 f27:0xff800000 f20:0x7f800000 f12=0x7f800000
      55915.000 ns	      5590	800011b4	035a1533	mulh	x10,x20,x21	 x20:0x00000000 x21:0x80041024 x10=0x00000000
      55945.000 ns	      5593	800011b8	0293ae33	mulhsu	x28,x7,x9	  x7:0x00000000  x9:0x80040fe4 x28=0x00000000
      55965.000 ns	      5595	800011bc	00b2d093	srli	x1,x5,0xb	  x5:0x2fe6e000  x1=0x0005fcdc
      55985.000 ns	      5597	800011c0	03a21533	mulh	x10,x4,x26	  x4:0x00000001 x26:0x4efff7e0 x10=0x00000000
      56015.000 ns	      5600	800011c4	f0068f53	fmv.w.x	f30,x13	 x13:0x6d6d9000 f30=0x6d6d9000
      56385.000 ns	      5637	800011c8	038963b3	rem	x7,x18,x24	 x18:0x00000000 x24:0x7226b170  x7=0x00000000
      56415.000 ns	      5640	800011cc	02f9e633	rem	x12,x19,x15	 x19:0x00000000 x15:0x00000000 x12=0x00000000
      56445.000 ns	      5643	800011d0	03ec9033	mulh	x0,x25,x30	 x25:0x9a07254c x30:0x00000200
      56495.000 ns	      5648	800011d4	0085f8d3	fadd.s	f17,f11,f8	 f11:0xff800000  f8:0xff800000 f17=0x80000000
      56525.000 ns	      5651	800011d8	03404733	div	x14,x0,x20	  x0:0x00000000 x20:0x00000000 x14=0xffffffff
      56545.000 ns	      5653	800011dc	a4ae8013	addi	x0,x29,-1462	 x29:0xa61d2d00
      56565.000 ns	      5655	800011e0	03b31233	mulh	x4,x6,x27	  x6:0x00000000 x27:0xffffffff  x4=0x00000000
      56585.000 ns	      5657	800011e4	41db87b3	sub	x15,x23,x29	 x23:0x00000000 x29:0xa61d2d00 x15=0x59e2d300
      56595.000 ns	      5658	800011e8	01d829b3	slt	x19,x16,x29	 x16:0x8a6d1154 x29:0xa61d2d00 x19=0x00000001
      56615.000 ns	      5660	800011ec	e00d1a53	fclass.s	x20,f26	 f26:0x7fc00000 x20=0x00000200
      56645.000 ns	      5663	800011f0	2172a853	fsgnjx.s	f16,f5,f23	  f5:0x7fc00000 f23:0x7fc00000 f16=0x7fc00000
      56665.000 ns	      5665	800011f4	004c9033	sll	x0,x25,x4	 x25:0x9a07254c  x4:0x00000000
      56685.000 ns	      5667	800011f8	02abb3b3	mulhu	x7,x23,x10	 x23:0x00000000 x10:0x00000000  x7=0x00000000
      56715.000 ns	      5670	800011fc	a0bf8753	fle.s	x14,f31,f11	 f31:0x00000000 f11:0xff800000 x14=0x00000000
      56735.000 ns	      5672	80001200	41f60293	addi	x5,x12,1055	 x12:0x00000000  x5=0x0000041f
      56745.000 ns	      5673	80001204	00cb9093	slli	x1,x23,0xc	 x23:0x00000000  x1=0x00000000
      56775.000 ns	      5676	80001208	114d75d3	fmul.s	f11,f26,f20	 f26:0x7fc00000 f20:0x7f800000 f11=0x7fc00000
      56805.000 ns	      5679	8000120c	0331a633	mulhsu	x12,x3,x19	  x3:0x9a07254c x19:0x00000001 x12=0xffffffff
      57175.000 ns	      5716	80001210	023743b3	div	x7,x14,x3	 x14:0x00000000  x3:0x9a07254c  x7=0x00000000
      57195.000 ns	      5718	80001214	01b9c133	xor	x2,x19,x27	 x19:0x00000001 x27:0xffffffff  x2=0xfffffffe
      57215.000 ns	      5720	80001218	023d9a33	mulh	x20,x27,x3	 x27:0xffffffff  x3:0x9a07254c x20=0x00000000
      57245.000 ns	      5723	8000121c	033b9eb3	mulh	x29,x23,x19	 x23:0x00000000 x19:0x00000001 x29=0x00000000
      57285.000 ns	      5727	80001220	11ad73d3	fmul.s	f7,f26,f26	 f26:0x7fc00000 f26:0x7fc00000  f7=0x7fc00000
      57315.000 ns	      5730	80001224	2103ad53	fsgnjx.s	f26,f7,f16	  f7:0x00000020 f16:0x7fc00000 f26=0x7fc00000
      57335.000 ns	      5732	80001228	efbba313	slti	x6,x23,-261	 x23:0x00000000  x6=0x00000000
      57365.000 ns	      5735	8000122c	580dc5d3	fsqrt.s	f11,f27	 f27:0xff800000 f11=0x7fc00000
      57405.000 ns	      5739	80001230	58047253	fsqrt.s	f4,f8	  f8:0xff800000  f4=0x7fc00000
      57435.000 ns	      5742	80001234	c00926d3	fcvt.w.s	x13,f18	 f18:0x4efff7df x13=0x7ffbef80
      57455.000 ns	      5744	80001238	01916e33	or	x28,x2,x25	  x2:0xfffffffe x25:0x9a07254c x28=0xfffffffe
      57465.000 ns	      5745	8000123c	b09a4737	lui	x14,0xb09a4	 x14=0xb09a4000
      57475.000 ns	      5746	80001240	400c83b3	sub	x7,x25,x0	 x25:0x9a07254c  x0:0x00000000  x7=0x9a07254c
      57515.000 ns	      5750	80001244	00f3f4d3	fadd.s	f9,f7,f15	  f7:0x7fc00000 f15:0x00000000  f9=0x7fc00000
      57545.000 ns	      5753	80001248	a1539bd3	flt.s	x23,f7,f21	  f7:0x7fc00000 f21:0xcefff7e0 x23=0x00000000
      57565.000 ns	      5755	8000124c	01d4dd93	srli	x27,x9,0x1d	  x9:0x80040fe4 x27=0x00000004
      57585.000 ns	      5757	80001250	c00d0953	fcvt.w.s	x18,f26	 f26:0x7fc00000 x18=0x7fffffff
      57605.000 ns	      5759	80001254	001bf433	and	x8,x23,x1	 x23:0x00000000  x1:0x00000000  x8=0x00000000
      57625.000 ns	      5761	80001258	20fe21d3	fsgnjx.s	f3,f28,f15	 f28:0xff800000 f15:0x00000000  f3=0xff800000
      57655.000 ns	      5764	8000125c	037ff1b3	remu	x3,x31,x23	 x31:0x00000000 x23:0x00000000  x3=0x00000000
      58025.000 ns	      5801	80001260	025f77b3	remu	x15,x30,x5	 x30:0x00000200  x5:0x0000041f x15=0x00000200
      58045.000 ns	      5803	80001264	01e85993	srli	x19,x16,0x1e	 x16:0x8a6d1154 x19=0x00000002
      58065.000 ns	      5805	80001268	d01a7253	fcvt.s.wu	f4,x20	 x20:0x00000000  f4=0x00000000
      58085.000 ns	      5807	8000126c	00822b33	slt	x22,x4,x8	  x4:0x00000000  x8:0x00000000 x22=0x00000000
      58445.000 ns	      5843	80001270	03ab69b3	rem	x19,x22,x26	 x22:0x00000000 x26:0x4efff7e0 x19=0x00000000
      58465.000 ns	      5845	80001274	00391d93	slli	x27,x18,0x3	 x18:0x7fffffff x27=0xfffffff8
      58475.000 ns	      5846	80001278	418756b3	sra	x13,x14,x24	 x14:0xb09a4000 x24:0x7226b170 x13=0xffffb09a
      58485.000 ns	      5847	8000127c	f53ea993	slti	x19,x29,-173	 x29:0x00000000 x19=0x00000000
      58525.000 ns	      5851	80001280	007e3fd3	fadd.s	f31,f28,f7	 f28:0xff800000  f7:0x7fc00000 f31=0x7fc00000
      58555.000 ns	      5854	80001284	29068f53	fmin.s	f30,f13,f16	 f13:0x128a6000 f16:0x7fc00000 f30=0x128a6000
      58585.000 ns	      5857	80001288	21182053	fsgnjx.s	f0,f16,f17	 f16:0x7fc00000 f17:0x80000000  f0=0xffc00000
      58615.000 ns	      5860	8000128c	02a0c733	div	x14,x1,x10	  x1:0x00000000 x10:0x00000000 x14=0xffffffff
      58635.000 ns	      5862	80001290	002549b3	xor	x19,x10,x2	 x10:0x00000000  x2:0xfffffffe x19=0xfffffffe
      58655.000 ns	      5864	80001294	d00cf2d3	fcvt.s.w	f5,x25	 x25:0x9a07254c  f5=0xcecbf1b5
      58685.000 ns	      5867	80001298	c001c8d3	fcvt.w.s	x17,f3	  f3:0xff800000 x17=0x80000000
      58725.000 ns	      5871	8000129c	18b00fd3	fdiv.s	f31,f0,f11	  f0:0xffc00000 f11:0x7fc00000 f31=0x7fc00000
      59905.000 ns	      5989	800012a0	58097653	fsqrt.s	f12,f18	 f18:0x4efff7df f12=0x473501cb
      59925.000 ns	      5991	800012a4	dce75537	lui	x10,0xdce75	 x10=0xdce75000
      59935.000 ns	      5992	800012a8	69857337	lui	x6,0x69857	  x6=0x69857000
      59955.000 ns	      5994	800012ac	c016a453	fcvt.wu.s	x8,f13	 f13:0x128a6000  x8=0x00000000
      59995.000 ns	      5998	800012b0	5807f4d3	fsqrt.s	f9,f15	 f15:0x00000000  f9=0x00000000
      60015.000 ns	      6000	800012b4	f6343f93	sltiu	x31,x8,-157	  x8:0x00000000 x31=0x00000001
      60025.000 ns	      6001	800012b8	400d5b13	srai	x22,x26,0x0	 x26:0x4efff7e0 x22=0x4efff7e0
      60035.000 ns	      6002	800012bc	01835233	srl	x4,x6,x24	  x6:0x69857000 x24:0x7226b170  x4=0x00006985
      60045.000 ns	      6003	800012c0	269a0c13	addi	x24,x20,617	 x20:0x00000000 x24=0x00000269
      60055.000 ns	      6004	800012c4	00f8c1b3	xor	x3,x17,x15	 x17:0x80000000 x15:0x00000200  x3=0x80000200
      60065.000 ns	      6005	800012c8	405d8db3	sub	x27,x27,x5	 x27:0xfffffff8  x5:0x0000041f x27=0xfffffbd9
      60085.000 ns	      6007	800012cc	29dd0853	fmin.s	f16,f26,f29	 f26:0x7fc00000 f29:0xffffffff f16=0x7fc00000
      60105.000 ns	      6009	800012d0	0124d3b3	srl	x7,x9,x18	  x9:0x80040fe4 x18:0x7fffffff  x7=0x00000001
      60115.000 ns	      6010	800012d4	006e3633	sltu	x12,x28,x6	 x28:0xfffffffe  x6:0x69857000 x12=0x00000000
      60475.000 ns	      6046	800012d8	025c7db3	remu	x27,x24,x5	 x24:0x00000269  x5:0x0000041f x27=0x00000269
      60525.000 ns	      6051	800012dc	00ba0b53	fadd.s	f22,f20,f11	 f20:0x7f800000 f11:0x7fc00000 f22=0x7fc00000
      60545.000 ns	      6053	800012e0	c1db8b13	addi	x22,x23,-995	 x23:0x00000000 x22=0xfffffc1d
      60555.000 ns	      6054	800012e4	e5e495b7	lui	x11,0xe5e49	 x11=0xe5e49000
      60575.000 ns	      6056	800012e8	c01b7853	fcvt.wu.s	x16,f22	 f22:0x7fc00000 x16=0xffffffff
      60595.000 ns	      6058	800012ec	cfeac293	xori	x5,x21,-770	 x21:0x80041024  x5=0x7ffbecda
      60605.000 ns	      6059	800012f0	40cf82b3	sub	x5,x31,x12	 x31:0x00000001 x12:0x00000000  x5=0x00000001
      60625.000 ns	      6061	800012f4	a00498d3	flt.s	x17,f9,f0	  f9:0x00000000  f0:0xffc00000 x17=0x00000000
      60655.000 ns	      6064	800012f8	a04087d3	fle.s	x15,f1,f4	  f1:0x4f261d2d  f4:0x00000000 x15=0x00000000
      60675.000 ns	      6066	800012fc	402bd533	sra	x10,x23,x2	 x23:0x00000000  x2:0xfffffffe x10=0x00000000
      60695.000 ns	      6068	80001300	c00c4253	fcvt.w.s	x4,f24	 f24:0x4f261d2d  x4=0x7fffffff
      60715.000 ns	      6070	80001304	01129bb3	sll	x23,x5,x17	  x5:0x00000001 x17:0x00000000 x23=0x00000001
      60735.000 ns	      6072	80001308	028386b3	mul	x13,x7,x8	  x7:0x00000001  x8:0x00000000 x13=0x00000000
      60765.000 ns	      6075	8000130c	03b28733	mul	x14,x5,x27	  x5:0x00000001 x27:0x00000269 x14=0x00000269
      60795.000 ns	      6078	80001310	03f00733	mul	x14,x0,x31	  x0:0x00000000 x31:0x00000001 x14=0x00000000
      60815.000 ns	      6080	80001314	00753933	sltu	x18,x10,x7	 x10:0x00000000  x7:0x00000001 x18=0x00000001
      60835.000 ns	      6082	80001318	e00695d3	fclass.s	x11,f13	 f13:0x128a6000 x11=0x00000040
      60865.000 ns	      6085	8000131c	c01bc653	fcvt.wu.s	x12,f23	 f23:0x7fc00000 x12=0xffffffff
      60895.000 ns	      6088	80001320	c0188d53	fcvt.wu.s	x26,f17	 f17:0x80000000 x26=0x00000000
      60925.000 ns	      6091	80001324	a05d8e53	fle.s	x28,f27,f5	 f27:0xff800000  f5:0xcecbf1b5 x28=0x00000001
      60955.000 ns	      6094	80001328	a00c2153	feq.s	x2,f24,f0	 f24:0x4f261d2d  f0:0xffc00000  x2=0x00000000
      60985.000 ns	      6097	8000132c	d0137853	fcvt.s.wu	f16,x6	  x6:0x69857000 f16=0x4ed30ae0
      61005.000 ns	      6099	80001330	00a75413	srli	x8,x14,0xa	 x14:0x00000000  x8=0x00000000
      62175.000 ns	      6216	80001334	580f34d3	fsqrt.s	f9,f30	 f30:0x128a6000  f9=0x288515ed
      62205.000 ns	      6219	80001338	03c3a633	mulhsu	x12,x7,x28	  x7:0x00000001 x28:0x00000001 x12=0x00000000
      62235.000 ns	      6222	8000133c	a1fd8bd3	fle.s	x23,f27,f31	 f27:0xff800000 f31:0x7fc00000 x23=0x00000000
      62265.000 ns	      6225	80001340	28dc8f53	fmin.s	f30,f25,f13	 f25:0x7fc00000 f13:0x128a6000 f30=0x128a6000
      62285.000 ns	      6227	80001344	00000013	addi	x0,x0,0	  x0:0x00000000
      62305.000 ns	      6229	80001348	c004f6d3	fcvt.w.s	x13,f9	  f9:0x288515ed x13=0x00000000
      62325.000 ns	      6231	8000134c	00092333	slt	x6,x18,x0	 x18:0x00000001  x0:0x00000000  x6=0x00000000
      62335.000 ns	      6232	80001350	b5b40613	addi	x12,x8,-1189	  x8:0x00000000 x12=0xfffffb5b
      62375.000 ns	      6236	80001354	00bef853	fadd.s	f16,f29,f11	 f29:0xffffffff f11:0x7fc00000 f16=0x7fc00000
      62405.000 ns	      6239	80001358	03d59033	mulh	x0,x11,x29	 x11:0x00000040 x29:0x00000000
      62425.000 ns	      6241	8000135c	fb7dad13	slti	x26,x27,-73	 x27:0x00000269 x26=0x00000000
      62435.000 ns	      6242	80001360	0058ac33	slt	x24,x17,x5	 x17:0x00000000  x5:0x00000001 x24=0x00000001
      62445.000 ns	      6243	80001364	4041deb3	sra	x29,x3,x4	  x3:0x80000200  x4:0x7fffffff x29=0xffffffff
      62455.000 ns	      6244	80001368	0078ca33	xor	x20,x17,x7	 x17:0x00000000  x7:0x00000001 x20=0x00000001
      62495.000 ns	      6248	8000136c	009bf2d3	fadd.s	f5,f23,f9	 f23:0x7fc00000  f9:0x288515ed  f5=0x7fc00000
      62515.000 ns	      6250	80001370	01b77433	and	x8,x14,x27	 x14:0x00000000 x27:0x00000269  x8=0x00000000
      62535.000 ns	      6252	80001374	a0872c53	feq.s	x24,f14,f8	 f14:0x4f261d2d  f8:0xff800000 x24=0x00000000
      62555.000 ns	      6254	80001378	00680c33	add	x24,x16,x6	 x16:0xffffffff  x6:0x00000000 x24=0xffffffff
      62565.000 ns	      6255	8000137c	408adb13	srai	x22,x21,0x8	 x21:0x80041024 x22=0xff800410
      62925.000 ns	      6291	80001380	025f5433	divu	x8,x30,x5	 x30:0x00000200  x5:0x00000001  x8=0x00000200
      62955.000 ns	      6294	80001384	a1142453	feq.s	x8,f8,f17	  f8:0xff800000 f17:0x80000000  x8=0x00000000
      62985.000 ns	      6297	80001388	c0094ed3	fcvt.w.s	x29,f18	 f18:0x4efff7df x29=0x7ffbef80
      63015.000 ns	      6300	8000138c	28020c53	fmin.s	f24,f4,f0	  f4:0x00000000  f0:0xffc00000 f24=0x00000000
      63035.000 ns	      6302	80001390	0155ec33	or	x24,x11,x21	 x11:0x00000040 x21:0x80041024 x24=0x80041064
      63045.000 ns	      6303	80001394	006299b3	sll	x19,x5,x6	  x5:0x00000001  x6:0x00000000 x19=0x00000001
      63065.000 ns	      6305	80001398	02a6b033	mulhu	x0,x13,x10	 x13:0x00000000 x10:0x00000000
      63095.000 ns	      6308	8000139c	0346b1b3	mulhu	x3,x13,x20	 x13:0x00000000 x20:0x00000001  x3=0x00000000
      63125.000 ns	      6311	800013a0	a14691d3	flt.s	x3,f13,f20	 f13:0x128a6000 f20:0x7f800000  x3=0x00000001
      63145.000 ns	      6313	800013a4	40895413	srai	x8,x18,0x8	 x18:0x00000001  x8=0x00000000
      63155.000 ns	      6314	800013a8	41b95833	sra	x16,x18,x27	 x18:0x00000001 x27:0x00000269 x16=0x00000000
      63165.000 ns	      6315	800013ac	bfcc4093	xori	x1,x24,-1028	 x24:0x80041064  x1=0x7ffbeb98
      63185.000 ns	      6317	800013b0	a14819d3	flt.s	x19,f16,f20	 f16:0x7fc00000 f20:0x7f800000 x19=0x00000000
      63205.000 ns	      6319	800013b4	4091dc33	sra	x24,x3,x9	  x3:0x00000001  x9:0x80040fe4 x24=0x00000000
      63225.000 ns	      6321	800013b8	d0027953	fcvt.s.w	f18,x4	  x4:0x7fffffff f18=0x4effffff
      63255.000 ns	      6324	800013bc	c01f2953	fcvt.wu.s	x18,f30	 f30:0x128a6000 x18=0x00000000
      63285.000 ns	      6327	800013c0	20d91fd3	fsgnjn.s	f31,f18,f13	 f18:0x4effffff f13:0x128a6000 f31=0xceffffff
      63315.000 ns	      6330	800013c4	03c1aa33	mulhsu	x20,x3,x28	  x3:0x00000001 x28:0x00000001 x20=0x00000000
      63345.000 ns	      6333	800013c8	02ac9633	mulh	x12,x25,x10	 x25:0x9a07254c x10:0x00000000 x12=0x00000000
      63365.000 ns	      6335	800013cc	40dad113	srai	x2,x21,0xd	 x21:0x80041024  x2=0xfffc0020
      63375.000 ns	      6336	800013d0	24328293	addi	x5,x5,579	  x5:0x00000001  x5=0x00000244
      63385.000 ns	      6337	800013d4	0167a833	slt	x16,x15,x22	 x15:0x00000000 x22:0xff800410 x16=0x00000000
      63745.000 ns	      6373	800013d8	0218ee33	rem	x28,x17,x1	 x17:0x00000000  x1:0x7ffbeb98 x28=0x00000000
      63765.000 ns	      6375	800013dc	001d5913	srli	x18,x26,0x1	 x26:0x00000000 x18=0x00000000
      64095.000 ns	      6408	800013e0	18d48bd3	fdiv.s	f23,f9,f13	  f9:0x288515ed f13:0x128a6000 f23=0x553be2ba
      64125.000 ns	      6411	800013e4	d0119f53	fcvt.s.wu	f30,x3	  x3:0x00000001 f30=0x3f800000
      64155.000 ns	      6414	800013e8	e00b0bd3	fmv.x.w	x23,f22	 f22:0x7fc00000 x23=0x7fc00000
      64175.000 ns	      6416	800013ec	00579993	slli	x19,x15,0x5	 x15:0x00000000 x19=0x00000000
      64185.000 ns	      6417	800013f0	012bc7b3	xor	x15,x23,x18	 x23:0x7fc00000 x18:0x00000000 x15=0x7fc00000
      64205.000 ns	      6419	800013f4	03a20e33	mul	x28,x4,x26	  x4:0x7fffffff x26:0x00000000 x28=0x00000000
      64235.000 ns	      6422	800013f8	2025a6d3	fsgnjx.s	f13,f11,f2	 f11:0x7fc00000  f2:0x128a6000 f13=0x7fc00000
      64255.000 ns	      6424	800013fc	403482b3	sub	x5,x9,x3	  x9:0x80040fe4  x3:0x00000001  x5=0x80040fe3
      64265.000 ns	      6425	80001400	00bf0a33	add	x20,x30,x11	 x30:0x00000200 x11:0x00000040 x20=0x00000240
      64305.000 ns	      6429	80001404	01814ad3	fadd.s	f21,f2,f24	  f2:0x128a6000 f24:0x00000000 f21=0x128a6000
      64325.000 ns	      6431	80001408	00000013	addi	x0,x0,0	  x0:0x00000000
      64335.000 ns	      6432	8000140c	41278033	sub	x0,x15,x18	 x15:0x7fc00000 x18:0x00000000
      64345.000 ns	      6433	80001410	00c34bb3	xor	x23,x6,x12	  x6:0x00000000 x12:0x00000000 x23=0x00000000
      64365.000 ns	      6435	80001414	d0107c53	fcvt.s.wu	f24,x0	  x0:0x00000000 f24=0x00000000
      64405.000 ns	      6439	80001418	18509453	fdiv.s	f8,f1,f5	  f1:0x4f261d2d  f5:0x7fc00000  f8=0x7fc00000
      64425.000 ns	      6441	8000141c	003d5613	srli	x12,x26,0x3	 x26:0x00000000 x12=0x00000000
      64465.000 ns	      6445	80001420	099f3353	fsub.s	f6,f30,f25	 f30:0x3f800000 f25:0x7fc00000  f6=0x7fc00000
      64485.000 ns	      6447	80001424	0108b133	sltu	x2,x17,x16	 x17:0x00000000 x16:0x00000000  x2=0x00000000
      64495.000 ns	      6448	80001428	012583b3	add	x7,x11,x18	 x11:0x00000040 x18:0x00000000  x7=0x00000040
      64505.000 ns	      6449	8000142c	008bd513	srli	x10,x23,0x8	 x23:0x00000000 x10=0x00000000
      64525.000 ns	      6451	80001430	02a15133	divu	x2,x2,x10	  x2:0x00000000 x10:0x00000000  x2=0xffffffff
      64555.000 ns	      6454	80001434	0368a5b3	mulhsu	x11,x17,x22	 x17:0x00000000 x22:0xff800410 x11=0x00000000
      64585.000 ns	      6457	80001438	a11baf53	feq.s	x30,f23,f17	 f23:0x553be2ba f17:0x80000000 x30=0x00000000
      64615.000 ns	      6460	8000143c	03c32a33	mulhsu	x20,x6,x28	  x6:0x00000000 x28:0x00000000 x20=0x00000000
      64635.000 ns	      6462	80001440	f5cfc693	xori	x13,x31,-164	 x31:0x00000001 x13=0xffffff5d
      64645.000 ns	      6463	80001444	c255c513	xori	x10,x11,-987	 x11:0x00000000 x10=0xfffffc25
      64665.000 ns	      6465	80001448	d00f7a53	fcvt.s.w	f20,x30	 x30:0x00000000 f20=0x00000000
      64685.000 ns	      6467	8000144c	7b1c0f13	addi	x30,x24,1969	 x24:0x00000000 x30=0x000007b1
      64725.000 ns	      6471	80001450	081ac6d3	fsub.s	f13,f21,f1	 f21:0x128a6000  f1:0x4f261d2d f13=0xcf261d2d
      64755.000 ns	      6474	80001454	e0021b53	fclass.s	x22,f4	  f4:0x00000000 x22=0x00000010
      64775.000 ns	      6476	80001458	007fd2b3	srl	x5,x31,x7	 x31:0x00000001  x7:0x00000040  x5=0x00000001
      64805.000 ns	      6479	8000145c	100076d3	fmul.s	f13,f0,f0	  f0:0xffc00000  f0:0xffc00000 f13=0x7fc00000
      64855.000 ns	      6484	80001460	017170d3	fadd.s	f1,f2,f23	  f2:0x128a6000 f23:0x553be2ba  f1=0x553be2ba
      64885.000 ns	      6487	80001464	297907d3	fmin.s	f15,f18,f23	 f18:0x4effffff f23:0x553be2ba f15=0x4effffff
      64905.000 ns	      6489	80001468	fca3c293	xori	x5,x7,-54	  x7:0x00000040  x5=0xffffff8a
      64925.000 ns	      6491	8000146c	20201653	fsgnjn.s	f12,f0,f2	  f0:0xffc00000  f2:0x128a6000 f12=0xffc00000
      64955.000 ns	      6494	80001470	025d9133	mulh	x2,x27,x5	 x27:0x00000269  x5:0x00000001  x2=0xffffffff
      64975.000 ns	      6496	80001474	cbffac13	slti	x24,x31,-833	 x31:0x00000001 x24=0x00000000
      64995.000 ns	      6498	80001478	f00286d3	fmv.w.x	f13,x5	  x5:0xffffff8a f13=0xffffff8a
      65025.000 ns	      6501	8000147c	e00418d3	fclass.s	x17,f8	  f8:0x7fc00000 x17=0x00000200
      65065.000 ns	      6505	80001480	580f82d3	fsqrt.s	f5,f31	 f31:0xceffffff  f5=0x7fc00000
      65095.000 ns	      6508	80001484	280398d3	fmax.s	f17,f7,f0	  f7:0x7fc00000  f0:0xffc00000 f17=0x7fc00000
      65125.000 ns	      6511	80001488	21be22d3	fsgnjx.s	f5,f28,f27	 f28:0xff800000 f27:0xff800000  f5=0x7f800000
      65155.000 ns	      6514	8000148c	02c0c5b3	div	x11,x1,x12	  x1:0x7ffbeb98 x12:0x00000000 x11=0xffffffff
      65195.000 ns	      6518	80001490	110197d3	fmul.s	f15,f3,f16	  f3:0xff800000 f16:0x7fc00000 f15=0x7fc00000
      65225.000 ns	      6521	80001494	d01d44d3	fcvt.s.wu	f9,x26	 x26:0x00000000  f9=0x00000000
      65245.000 ns	      6523	80001498	410ed913	srai	x18,x29,0x10	 x29:0x7ffbef80 x18=0x00007ffb
      65275.000 ns	      6526	8000149c	580c1953	fsqrt.s	f18,f24	 f24:0x00000000 f18=0x00000000
      65325.000 ns	      6531	800014a0	08243cd3	fsub.s	f25,f8,f2	  f8:0x7fc00000  f2:0x128a6000 f25=0x7fc00000
      65355.000 ns	      6534	800014a4	03a51e33	mulh	x28,x10,x26	 x10:0xfffffc25 x26:0x00000000 x28=0x00000000
      65395.000 ns	      6538	800014a8	188700d3	fdiv.s	f1,f14,f8	 f14:0x4f261d2d  f8:0x7fc00000  f1=0x7fc00000
      65415.000 ns	      6540	800014ac	0052d113	srli	x2,x5,0x5	  x5:0xffffff8a  x2=0x07fffffc
      65435.000 ns	      6542	800014b0	c002b653	fcvt.w.s	x12,f5	  f5:0x7f800000 x12=0x7fffffff
      65455.000 ns	      6544	800014b4	00cdbbb3	sltu	x23,x27,x12	 x27:0x00000269 x12:0x00000000 x23=0x00000001
      65475.000 ns	      6546	800014b8	292a9a53	fmax.s	f20,f21,f18	 f21:0x128a6000 f18:0x00000000 f20=0x128a6000
      65515.000 ns	      6550	800014bc	1004bad3	fmul.s	f21,f9,f0	  f9:0x00000000  f0:0xffc00000 f21=0x7fc00000
      65545.000 ns	      6553	800014c0	28cf01d3	fmin.s	f3,f30,f12	 f30:0x3f800000 f12:0xffc00000  f3=0x3f800000
      65915.000 ns	      6590	800014c4	0376f833	remu	x16,x13,x23	 x13:0xffffff5d x23:0x00000001 x16=0x00000000
      66285.000 ns	      6627	800014c8	03b3ebb3	rem	x23,x7,x27	  x7:0x00000040 x27:0x00000269 x23=0x00000040
      66315.000 ns	      6630	800014cc	296091d3	fmax.s	f3,f1,f22	  f1:0x7fc00000 f22:0x7fc00000  f3=0x7fc00000
      66345.000 ns	      6633	800014d0	02aeb6b3	mulhu	x13,x29,x10	 x29:0x7ffbef80 x10:0xfffffc25 x13=0x7ffbed92
      66365.000 ns	      6635	800014d4	01728633	add	x12,x5,x23	  x5:0xffffff8a x23:0x00000040 x12=0xffffffca
      66385.000 ns	      6637	800014d8	d0162cd3	fcvt.s.wu	f25,x12	 x12:0x7fffffff f25=0x4f800000
      66405.000 ns	      6639	800014dc	000f5633	srl	x12,x30,x0	 x30:0x000007b1  x0:0x00000000 x12=0x000007b1
      66425.000 ns	      6641	800014e0	e0009453	fclass.s	x8,f1	  f1:0x7fc00000  x8=0x00000200
      66445.000 ns	      6643	800014e4	10d18793	addi	x15,x3,269	  x3:0x00000001 x15=0x0000010e
      66465.000 ns	      6645	800014e8	2060acd3	fsgnjx.s	f25,f1,f6	  f1:0x7fc00000  f6:0x7fc00000 f25=0x7fc00000
      66505.000 ns	      6649	800014ec	10c9ff53	fmul.s	f30,f19,f12	 f19:0x7fc00000 f12:0xffc00000 f30=0x7fc00000
      66525.000 ns	      6651	800014f0	0067bbb3	sltu	x23,x15,x6	 x15:0x0000010e  x6:0x00000000 x23=0x00000000
      66535.000 ns	      6652	800014f4	00000013	addi	x0,x0,0	  x0:0x00000000
      66545.000 ns	      6653	800014f8	006960b3	or	x1,x18,x6	 x18:0x00007ffb  x6:0x00000000  x1=0x00007ffb
      66555.000 ns	      6654	800014fc	008c25b3	slt	x11,x24,x8	 x24:0x00000000  x8:0x00000200 x11=0x00000001
      66565.000 ns	      6655	80001500	415ad1b3	sra	x3,x21,x21	 x21:0x80041024 x21:0x80041024  x3=0xf8004102
      66585.000 ns	      6657	80001504	21e80753	fsgnj.s	f14,f16,f30	 f16:0x7fc00000 f30:0x7fc00000 f14=0x7fc00000
      66615.000 ns	      6660	80001508	28d811d3	fmax.s	f3,f16,f13	 f16:0x7fc00000 f13:0xffffff8a  f3=0x7fc00000
      66635.000 ns	      6662	8000150c	00ee9933	sll	x18,x29,x14	 x29:0x7ffbef80 x14:0x00000000 x18=0x7ffbef80
      66655.000 ns	      6664	80001510	03da1833	mulh	x16,x20,x29	 x20:0x00000000 x29:0x7ffbef80 x16=0x00000000
      66675.000 ns	      6666	80001514	00bc7eb3	and	x29,x24,x11	 x24:0x00000000 x11:0x00000001 x29=0x00000000
      66685.000 ns	      6667	80001518	443a3b93	sltiu	x23,x20,1091	 x20:0x00000000 x23=0x00000001
      66695.000 ns	      6668	8000151c	9bb44f93	xori	x31,x8,-1605	  x8:0x00000200 x31=0xfffffbbb
      66715.000 ns	      6670	80001520	c01e0a53	fcvt.wu.s	x20,f28	 f28:0xff800000 x20=0x00000000
      66765.000 ns	      6675	80001524	01a531d3	fadd.s	f3,f10,f26	 f10:0x128a6000 f26:0x7fc00000  f3=0x7fc00000
      66795.000 ns	      6678	80001528	f0010653	fmv.w.x	f12,x2	  x2:0x07fffffc f12=0x07fffffc
      66815.000 ns	      6680	8000152c	41aa89b3	sub	x19,x21,x26	 x21:0x80041024 x26:0x00000000 x19=0x80041024
      66825.000 ns	      6681	80001530	3b81fc17	auipc	x24,0x3b81f	 x24=0xbb820530
      66835.000 ns	      6682	80001534	62d5ff13	andi	x30,x11,1581	 x11:0x00000001 x30=0x00000001
      66865.000 ns	      6685	80001538	580e71d3	fsqrt.s	f3,f28	 f28:0xff800000  f3=0x7fc00000
      66885.000 ns	      6687	8000153c	008271b3	and	x3,x4,x8	  x4:0x7fffffff  x8:0x00000200  x3=0x00000200
      66895.000 ns	      6688	80001540	21607997	auipc	x19,0x21607	 x19=0xa1608540
      67255.000 ns	      6724	80001544	031bcbb3	div	x23,x23,x17	 x23:0x00000001 x17:0x00000200 x23=0x00000000
      67285.000 ns	      6727	80001548	032aa433	mulhsu	x8,x21,x18	 x21:0x80041024 x18:0x7ffbef80  x8=0xc0041041
      67305.000 ns	      6729	8000154c	00a1fe33	and	x28,x3,x10	  x3:0x00000200 x10:0xfffffc25 x28=0x00000000
      67315.000 ns	      6730	80001550	01e867b3	or	x15,x16,x30	 x16:0x00000000 x30:0x00000001 x15=0x00000001
      67325.000 ns	      6731	80001554	30dc0e93	addi	x29,x24,781	 x24:0xbb820530 x29=0xbb82083d
      67335.000 ns	      6732	80001558	01ee0833	add	x16,x28,x30	 x28:0x00000000 x30:0x00000001 x16=0x00000001
      67355.000 ns	      6734	8000155c	f0040853	fmv.w.x	f16,x8	  x8:0xc0041041 f16=0xc0041041
      67385.000 ns	      6737	80001560	c012f653	fcvt.wu.s	x12,f5	  f5:0x7f800000 x12=0xffffffff
      67415.000 ns	      6740	80001564	e0000753	fmv.x.w	x14,f0	  f0:0xffc00000 x14=0xffc00000
      67785.000 ns	      6777	80001568	02e378b3	remu	x17,x6,x14	  x6:0x00000000 x14:0x00000000 x17=0x00000000
      67815.000 ns	      6780	8000156c	02d626b3	mulhsu	x13,x12,x13	 x12:0xffffffff x13:0x7ffbed92 x13=0xffffffff
      67835.000 ns	      6782	80001570	0046de33	srl	x28,x13,x4	 x13:0x7ffbed92  x4:0x7fffffff x28=0x00000001
      67865.000 ns	      6785	80001574	58037fd3	fsqrt.s	f31,f6	  f6:0x7fc00000 f31=0x7fc00000
      67885.000 ns	      6787	80001578	99b95537	lui	x10,0x99b95	 x10=0x99b95000
      67905.000 ns	      6789	8000157c	215121d3	fsgnjx.s	f3,f2,f21	  f2:0x128a6000 f21:0x7fc00000  f3=0x128a6000
      67925.000 ns	      6791	80001580	415156b3	sra	x13,x2,x21	  x2:0x07fffffc x21:0x80041024 x13=0x007fffff
      67935.000 ns	      6792	80001584	004fd213	srli	x4,x31,0x4	 x31:0xfffffbbb  x4=0x0fffffbb
      67955.000 ns	      6794	80001588	c0010bd3	fcvt.w.s	x23,f2	  f2:0x128a6000 x23=0x00000000
      67975.000 ns	      6796	8000158c	00b8f033	and	x0,x17,x11	 x17:0x00000000 x11:0x00000001
      67995.000 ns	      6798	80001590	c00ef7d3	fcvt.w.s	x15,f29	 f29:0xffffffff x15=0x7fffffff
      68015.000 ns	      6800	80001594	00521293	slli	x5,x4,0x5	  x4:0x0fffffbb  x5=0xfffff760
      68045.000 ns	      6803	80001598	5804b5d3	fsqrt.s	f11,f9	  f9:0x00000000 f11=0x00000000
      68075.000 ns	      6806	8000159c	031cd333	divu	x6,x25,x17	 x25:0x9a07254c x17:0x00000000  x6=0xffffffff
      68105.000 ns	      6809	800015a0	20aaa053	fsgnjx.s	f0,f21,f10	 f21:0x7fc00000 f10:0x128a6000  f0=0x7fc00000
      68135.000 ns	      6812	800015a4	f0098ad3	fmv.w.x	f21,x19	 x19:0xa1608540 f21=0xa1608540
      68155.000 ns	      6814	800015a8	00d97633	and	x12,x18,x13	 x18:0x7ffbef80 x13:0x007fffff x12=0x007bef80
      68175.000 ns	      6816	800015ac	f0098c53	fmv.w.x	f24,x19	 x19:0xa1608540 f24=0xa1608540
      68205.000 ns	      6819	800015b0	f0070753	fmv.w.x	f14,x14	 x14:0xffc00000 f14=0xffc00000
      68235.000 ns	      6822	800015b4	e0021f53	fclass.s	x30,f4	  f4:0x00000000 x30=0x00000010
      68255.000 ns	      6824	800015b8	40688733	sub	x14,x17,x6	 x17:0x00000000  x6:0xffffffff x14=0x00000001
      68265.000 ns	      6825	800015bc	45e86913	ori	x18,x16,1118	 x16:0x00000001 x18=0x0000045f
      68295.000 ns	      6828	800015c0	19a10653	fdiv.s	f12,f2,f26	  f2:0x128a6000 f26:0x7fc00000 f12=0x7fc00000
      68325.000 ns	      6831	800015c4	a00f0953	fle.s	x18,f30,f0	 f30:0x7fc00000  f0:0x7fc00000 x18=0x00000000
      68355.000 ns	      6834	800015c8	e00c8753	fmv.x.w	x14,f25	 f25:0x7fc00000 x14=0x7fc00000
      68385.000 ns	      6837	800015cc	02179d33	mulh	x26,x15,x1	 x15:0x7fffffff  x1:0x00007ffb x26=0x00003ffd
      68415.000 ns	      6840	800015d0	a08d9e53	flt.s	x28,f27,f8	 f27:0xff800000  f8:0x7fc00000 x28=0x00000000
      68445.000 ns	      6843	800015d4	292500d3	fmin.s	f1,f10,f18	 f10:0x128a6000 f18:0x00000000  f1=0x00000000
      68465.000 ns	      6845	800015d8	82488b93	addi	x23,x17,-2012	 x17:0x00000000 x23=0xfffff824
      68485.000 ns	      6847	800015dc	a10e9dd3	flt.s	x27,f29,f16	 f29:0xffffffff f16:0xc0041041 x27=0x00000000
      68505.000 ns	      6849	800015e0	ee2b6793	ori	x15,x22,-286	 x22:0x00000010 x15=0xfffffef2
      68515.000 ns	      6850	800015e4	01a82db3	slt	x27,x16,x26	 x16:0x00000001 x26:0x00003ffd x27=0x00000001
      68525.000 ns	      6851	800015e8	40e28f33	sub	x30,x5,x14	  x5:0xfffff760 x14:0x7fc00000 x30=0x803ff760
      68535.000 ns	      6852	800015ec	a834c693	xori	x13,x9,-1405	  x9:0x80040fe4 x13=0x7ffbf567
      68555.000 ns	      6854	800015f0	e00c03d3	fmv.x.w	x7,f24	 f24:0xa1608540  x7=0xa1608540
      68585.000 ns	      6857	800015f4	d012f0d3	fcvt.s.wu	f1,x5	  x5:0xfffff760  f1=0x4f7ffff7
      68615.000 ns	      6860	800015f8	a02d99d3	flt.s	x19,f27,f2	 f27:0xff800000  f2:0x128a6000 x19=0x00000001
      68635.000 ns	      6862	800015fc	63a1a413	slti	x8,x3,1594	  x3:0x00000200  x8=0x00000001
      68645.000 ns	      6863	80001600	40868633	sub	x12,x13,x8	 x13:0x7ffbf567  x8:0xc0041041 x12=0x7ffbf566
      68665.000 ns	      6865	80001604	280f0453	fmin.s	f8,f30,f0	 f30:0x7fc00000  f0:0x7fc00000  f8=0x7fc00000
      68695.000 ns	      6868	80001608	020cd3b3	divu	x7,x25,x0	 x25:0x9a07254c  x0:0x00000000  x7=0xffffffff
      68725.000 ns	      6871	8000160c	03a59233	mulh	x4,x11,x26	 x11:0x00000001 x26:0x00003ffd  x4=0x00000000
      68755.000 ns	      6874	80001610	a0fe9f53	flt.s	x30,f29,f15	 f29:0xffffffff f15:0x7fc00000 x30=0x00000000
      68785.000 ns	      6877	80001614	21e12dd3	fsgnjx.s	f27,f2,f30	  f2:0x128a6000 f30:0x7fc00000 f27=0x128a6000
      68815.000 ns	      6880	80001618	0270af33	mulhsu	x30,x1,x7	  x1:0x00007ffb  x7:0xffffffff x30=0x00007ffa
      68835.000 ns	      6882	8000161c	414a8f33	sub	x30,x21,x20	 x21:0x80041024 x20:0x00000000 x30=0x80041024
      68855.000 ns	      6884	80001620	a17715d3	flt.s	x11,f14,f23	 f14:0xffc00000 f23:0x553be2ba x11=0x00000000
      68875.000 ns	      6886	80001624	1454e293	ori	x5,x9,325	  x9:0x80040fe4  x5=0x80040fe5
      68885.000 ns	      6887	80001628	00d81793	slli	x15,x16,0xd	 x16:0x00000001 x15=0x00002000
      68895.000 ns	      6888	8000162c	e0853093	sltiu	x1,x10,-504	 x10:0x99b95000  x1=0x00000001
      68915.000 ns	      6890	80001630	29e487d3	fmin.s	f15,f9,f30	  f9:0x00000000 f30:0x7fc00000 f15=0x00000000
      68965.000 ns	      6895	80001634	085ec253	fsub.s	f4,f29,f5	 f29:0xffffffff  f5:0x7f800000  f4=0x7fc00000
      68985.000 ns	      6897	80001638	0cb0b993	sltiu	x19,x1,203	  x1:0x00000001 x19=0x00000001
      68995.000 ns	      6898	8000163c	8013cd13	xori	x26,x7,-2047	  x7:0xffffffff x26=0x000007fe
      69015.000 ns	      6900	80001640	03b11b33	mulh	x22,x2,x27	  x2:0x07fffffc x27:0x00000001 x22=0x00000000
      69045.000 ns	      6903	80001644	216b16d3	fsgnjn.s	f13,f22,f22	 f22:0x7fc00000 f22:0x7fc00000 f13=0xffc00000
      69065.000 ns	      6905	80001648	00b545b3	xor	x11,x10,x11	 x10:0x99b95000 x11:0x00000000 x11=0x99b95000
      69085.000 ns	      6907	8000164c	02a38333	mul	x6,x7,x10	  x7:0xffffffff x10:0x99b95000  x6=0x6646b000
      69105.000 ns	      6909	80001650	01f128b3	slt	x17,x2,x31	  x2:0x07fffffc x31:0xfffffbbb x17=0x00000000
      69135.000 ns	      6912	80001654	580343d3	fsqrt.s	f7,f6	  f6:0x7fc00000  f7=0x7fc00000
      69165.000 ns	      6915	80001658	02218133	mul	x2,x3,x2	  x3:0x00000200  x2:0x07fffffc  x2=0xfffff800
      69185.000 ns	      6917	8000165c	017ed593	srli	x11,x29,0x17	 x29:0xbb82083d x11=0x00000177
      69195.000 ns	      6918	80001660	01391f33	sll	x30,x18,x19	 x18:0x00000000 x19:0x00000001 x30=0x00000000
      69205.000 ns	      6919	80001664	00ba2133	slt	x2,x20,x11	 x20:0x00000000 x11:0x99b95000  x2=0x00000001
      69215.000 ns	      6920	80001668	17897213	andi	x4,x18,376	 x18:0x00000000  x4=0x00000000
      69255.000 ns	      6924	8000166c	08d5fcd3	fsub.s	f25,f11,f13	 f11:0x00000000 f13:0xffc00000 f25=0x7fc00000
      69285.000 ns	      6927	80001670	c01e4753	fcvt.wu.s	x14,f28	 f28:0xff800000 x14=0x00000000
      69305.000 ns	      6929	80001674	00e37233	and	x4,x6,x14	  x6:0x6646b000 x14:0x7fc00000  x4=0x00000000
      69325.000 ns	      6931	80001678	c018f0d3	fcvt.wu.s	x1,f17	 f17:0x7fc00000  x1=0xffffffff
      69345.000 ns	      6933	8000167c	00000013	addi	x0,x0,0	  x0:0x00000000
      69355.000 ns	      6934	80001680	003a1d13	slli	x26,x20,0x3	 x20:0x00000000 x26=0x00000000
      69365.000 ns	      6935	80001684	005e00b3	add	x1,x28,x5	 x28:0x00000000  x5:0x80040fe5  x1=0x80040fe5
      69375.000 ns	      6936	80001688	01a55113	srli	x2,x10,0x1a	 x10:0x99b95000  x2=0x00000026
      69395.000 ns	      6938	8000168c	02c91033	mulh	x0,x18,x12	 x18:0x00000000 x12:0x7ffbf566
      69425.000 ns	      6941	80001690	28150353	fmin.s	f6,f10,f1	 f10:0x128a6000  f1:0x4f7ffff7  f6=0x128a6000
      69445.000 ns	      6943	80001694	dbf88c37	lui	x24,0xdbf88	 x24=0xdbf88000
      69455.000 ns	      6944	80001698	ee4471b7	lui	x3,0xee447	  x3=0xee447000
      69815.000 ns	      6980	8000169c	03d5d1b3	divu	x3,x11,x29	 x11:0x00000177 x29:0xbb82083d  x3=0x00000000
      69835.000 ns	      6982	800016a0	b3d4a313	slti	x6,x9,-1219	  x9:0x80040fe4  x6=0x00000001
      69855.000 ns	      6984	800016a4	290b1b53	fmax.s	f22,f22,f16	 f22:0x7fc00000 f16:0xc0041041 f22=0xc0041041
      69885.000 ns	      6987	800016a8	20b717d3	fsgnjn.s	f15,f14,f11	 f14:0xffc00000 f11:0x00000000 f15=0xffc00000
      69905.000 ns	      6989	800016ac	d9050393	addi	x7,x10,-624	 x10:0x99b95000  x7=0x99b94d90
      69925.000 ns	      6991	800016b0	a1690d53	fle.s	x26,f18,f22	 f18:0x00000000 f22:0xc0041041 x26=0x00000000
      69945.000 ns	      6993	800016b4	006e1d33	sll	x26,x28,x6	 x28:0x00000000  x6:0x00000001 x26=0x00000000
      69955.000 ns	      6994	800016b8	01a36733	or	x14,x6,x26	  x6:0x00000001 x26:0x00000000 x14=0x00000001
      70315.000 ns	      7030	800016bc	0380e533	rem	x10,x1,x24	  x1:0x80040fe5 x24:0xdbf88000 x10=0xec1a8fe5
      70335.000 ns	      7032	800016c0	ec18ef93	ori	x31,x17,-319	 x17:0x00000000 x31=0xfffffec1
      70345.000 ns	      7033	800016c4	01962333	slt	x6,x12,x25	 x12:0x7ffbf566 x25:0x9a07254c  x6=0x00000000
      70375.000 ns	      7036	800016c8	199296d3	fdiv.s	f13,f5,f25	  f5:0x7f800000 f25:0x7fc00000 f13=0x7fc00000
      70415.000 ns	      7040	800016cc	18437e53	fdiv.s	f28,f6,f4	  f6:0x128a6000  f4:0x7fc00000 f28=0x7fc00000
      70435.000 ns	      7042	800016d0	01f61fb3	sll	x31,x12,x31	 x12:0x7ffbf566 x31:0xfffffec1 x31=0xfff7eacc
      70445.000 ns	      7043	800016d4	41795a13	srai	x20,x18,0x17	 x18:0x00000000 x20=0x00000000
      70465.000 ns	      7045	800016d8	c01eab53	fcvt.wu.s	x22,f29	 f29:0xffffffff x22=0xffffffff
      70495.000 ns	      7048	800016dc	02b18e33	mul	x28,x3,x11	  x3:0x00000000 x11:0x00000177 x28=0x00000000
      70515.000 ns	      7050	800016e0	41118d33	sub	x26,x3,x17	  x3:0x00000000 x17:0x00000000 x26=0x00000000
      70535.000 ns	      7052	800016e4	201885d3	fsgnj.s	f11,f17,f1	 f17:0x7fc00000  f1:0x4f7ffff7 f11=0x7fc00000
      70575.000 ns	      7056	800016e8	10ff7f53	fmul.s	f30,f30,f15	 f30:0x7fc00000 f15:0xffc00000 f30=0x7fc00000
      70615.000 ns	      7060	800016ec	19c0f4d3	fdiv.s	f9,f1,f28	  f1:0x4f7ffff7 f28:0x7fc00000  f9=0x7fc00000
      70985.000 ns	      7097	800016f0	037fd8b3	divu	x17,x31,x23	 x31:0xfff7eacc x23:0xfffff824 x17=0x00000000
      71005.000 ns	      7099	800016f4	e4635797	auipc	x15,0xe4635	 x15=0x646366f4
      71015.000 ns	      7100	800016f8	013550b3	srl	x1,x10,x19	 x10:0xec1a8fe5 x19:0x00000001  x1=0x760d47f2
      71035.000 ns	      7102	800016fc	e0010153	fmv.x.w	x2,f2	  f2:0x128a6000  x2=0x128a6000
      71055.000 ns	      7104	80001700	01297633	and	x12,x18,x18	 x18:0x00000000 x18:0x00000000 x12=0x00000000
      71075.000 ns	      7106	80001704	a14d0c53	fle.s	x24,f26,f20	 f26:0x7fc00000 f20:0x128a6000 x24=0x00000000
      71105.000 ns	      7109	80001708	21802053	fsgnjx.s	f0,f0,f24	  f0:0x7fc00000 f24:0xa1608540  f0=0xffc00000
      71135.000 ns	      7112	8000170c	a1c518d3	flt.s	x17,f10,f28	 f10:0x128a6000 f28:0x7fc00000 x17=0x00000000
      71165.000 ns	      7115	80001710	20d3a053	fsgnjx.s	f0,f7,f13	  f7:0x7fc00000 f13:0x7fc00000  f0=0x7fc00000
      71185.000 ns	      7117	80001714	01fa02b3	add	x5,x20,x31	 x20:0x00000000 x31:0xfff7eacc  x5=0xfff7eacc
      71195.000 ns	      7118	80001718	ff6a9e17	auipc	x28,0xff6a9	 x28=0x7f6aa718
      71235.000 ns	      7122	8000171c	003730d3	fadd.s	f1,f14,f3	 f14:0xffc00000  f3:0x128a6000  f1=0x7fc00000
      71255.000 ns	      7124	80001720	00567c33	and	x24,x12,x5	 x12:0x00000000  x5:0xfff7eacc x24=0x00000000
      71265.000 ns	      7125	80001724	018a82b3	add	x5,x21,x24	 x21:0x80041024 x24:0x00000000  x5=0x80041024
      71285.000 ns	      7127	80001728	03de2f33	mulhsu	x30,x28,x29	 x28:0x7f6aa718 x29:0xbb82083d x30=0x5d53a051
      71305.000 ns	      7129	8000172c	41fa5333	sra	x6,x20,x31	 x20:0x00000000 x31:0xfff7eacc  x6=0x00000000
      71315.000 ns	      7130	80001730	00294633	xor	x12,x18,x2	 x18:0x00000000  x2:0x128a6000 x12=0x128a6000
      71675.000 ns	      7166	80001734	0256f2b3	remu	x5,x13,x5	 x13:0x7ffbf567  x5:0x80041024  x5=0x7ffbf567
      71705.000 ns	      7169	80001738	d009f9d3	fcvt.s.w	f19,x19	 x19:0x00000001 f19=0x3f800000
      71725.000 ns	      7171	8000173c	017db133	sltu	x2,x27,x23	 x27:0x00000001 x23:0xfffff824  x2=0x00000001
      71745.000 ns	      7173	80001740	a081ad53	feq.s	x26,f3,f8	  f3:0x128a6000  f8:0x7fc00000 x26=0x00000000
      71765.000 ns	      7175	80001744	01decfb3	xor	x31,x29,x29	 x29:0xbb82083d x29:0xbb82083d x31=0x00000000
      71775.000 ns	      7176	80001748	5099a113	slti	x2,x19,1289	 x19:0x00000001  x2=0x00000001
      71815.000 ns	      7180	8000174c	00541e53	fadd.s	f28,f8,f5	  f8:0x7fc00000  f5:0x7f800000 f28=0x7fc00000
      71835.000 ns	      7182	80001750	c73c6893	ori	x17,x24,-909	 x24:0x00000000 x17=0xfffffc73
      71845.000 ns	      7183	80001754	00070eb3	add	x29,x14,x0	 x14:0x00000001  x0:0x00000000 x29=0x00000001
      71875.000 ns	      7186	80001758	1100f153	fmul.s	f2,f1,f16	  f1:0x7fc00000 f16:0xc0041041  f2=0x7fc00000
      71895.000 ns	      7188	8000175c	001df133	and	x2,x27,x1	 x27:0x00000001  x1:0x760d47f2  x2=0x00000000
      71905.000 ns	      7189	80001760	6e32cf93	xori	x31,x5,1763	  x5:0x7ffbf567 x31=0x7ffbf384
      71915.000 ns	      7190	80001764	012ca8b3	slt	x17,x25,x18	 x25:0x9a07254c x18:0x00000000 x17=0x00000001
      71935.000 ns	      7192	80001768	c01bf2d3	fcvt.wu.s	x5,f23	 f23:0x553be2ba  x5=0xffffffff
      71955.000 ns	      7194	8000176c	3a3932b7	lui	x5,0x3a393	  x5=0x3a393000
      71985.000 ns	      7197	80001770	116ff2d3	fmul.s	f5,f31,f22	 f31:0x7fc00000 f22:0xc0041041  f5=0x7fc00000
      73165.000 ns	      7315	80001774	58053f53	fsqrt.s	f30,f10	 f10:0x128a6000 f30=0x288515ed
      73195.000 ns	      7318	80001778	f00c0d53	fmv.w.x	f26,x24	 x24:0x00000000 f26=0x00000000
      73215.000 ns	      7320	8000177c	4451a913	slti	x18,x3,1093	  x3:0x00000000 x18=0x00000001
      73225.000 ns	      7321	80001780	01af7b33	and	x22,x30,x26	 x30:0x5d53a051 x26:0x00000000 x22=0x00000000
      73245.000 ns	      7323	80001784	e00992d3	fclass.s	x5,f19	 f19:0x3f800000  x5=0x00000040
      73285.000 ns	      7327	80001788	18cf7253	fdiv.s	f4,f30,f12	 f30:0x288515ed f12:0x7fc00000  f4=0x7fc00000
      73305.000 ns	      7329	8000178c	29fa1837	lui	x16,0x29fa1	 x16=0x29fa1000
      73315.000 ns	      7330	80001790	413289b3	sub	x19,x5,x19	  x5:0x00000040 x19:0x00000001 x19=0x0000003f
      73335.000 ns	      7332	80001794	20ee04d3	fsgnj.s	f9,f28,f14	 f28:0x7fc00000 f14:0xffc00000  f9=0xffc00000
      73355.000 ns	      7334	80001798	0088e0b3	or	x1,x17,x8	 x17:0x00000001  x8:0x00000001  x1=0x00000001
      73365.000 ns	      7335	8000179c	0010abb3	slt	x23,x1,x1	  x1:0x760d47f2  x1:0x760d47f2 x23=0x00000000
      73375.000 ns	      7336	800017a0	9569a413	slti	x8,x19,-1706	 x19:0x0000003f  x8=0x00000000
      73395.000 ns	      7338	800017a4	03c8b933	mulhu	x18,x17,x28	 x17:0x00000001 x28:0x7f6aa718 x18=0x00000000
      73415.000 ns	      7340	800017a8	fc114393	xori	x7,x2,-63	  x2:0x00000000  x7=0xffffffc1
      73425.000 ns	      7341	800017ac	00958bb3	add	x23,x11,x9	 x11:0x00000177  x9:0x80040fe4 x23=0x8004115b
      73435.000 ns	      7342	800017b0	00b69513	slli	x10,x13,0xb	 x13:0x7ffbf567 x10=0xdfab3800
      73445.000 ns	      7343	800017b4	00681c33	sll	x24,x16,x6	 x16:0x29fa1000  x6:0x00000000 x24=0x29fa1000
      73485.000 ns	      7347	800017b8	00714453	fadd.s	f8,f2,f7	  f2:0x7fc00000  f7:0x7fc00000  f8=0x7fc00000
      73505.000 ns	      7349	800017bc	6042c913	xori	x18,x5,1540	  x5:0x00000040 x18=0x00000644
      73515.000 ns	      7350	800017c0	00000013	addi	x0,x0,0	  x0:0x00000000
      73525.000 ns	      7351	800017c4	41830233	sub	x4,x6,x24	  x6:0x00000000 x24:0x29fa1000  x4=0xd605f000
      73535.000 ns	      7352	800017c8	9f80b113	sltiu	x2,x1,-1544	  x1:0x00000001  x2=0x00000001
      73555.000 ns	      7354	800017cc	03c985b3	mul	x11,x19,x28	 x19:0x0000003f x28:0x7f6aa718 x11=0x5b3f1ee8
      73605.000 ns	      7359	800017d0	093df3d3	fsub.s	f7,f27,f19	 f27:0x128a6000 f19:0x3f800000  f7=0xbf800000
      73975.000 ns	      7396	800017d4	0258d1b3	divu	x3,x17,x5	 x17:0x00000001  x5:0x00000040  x3=0x00000000
      74015.000 ns	      7400	800017d8	19a2fad3	fdiv.s	f21,f5,f26	  f5:0x7fc00000 f26:0x00000000 f21=0x7fc00000
      74045.000 ns	      7403	800017dc	21822153	fsgnjx.s	f2,f4,f24	  f4:0x7fc00000 f24:0xa1608540  f2=0xffc00000
      74075.000 ns	      7406	800017e0	20030bd3	fsgnj.s	f23,f6,f0	  f6:0x128a6000  f0:0x7fc00000 f23=0x128a6000
      74095.000 ns	      7408	800017e4	00000013	addi	x0,x0,0	  x0:0x00000000
      74105.000 ns	      7409	800017e8	00e7b233	sltu	x4,x15,x14	 x15:0x646366f4 x14:0x00000001  x4=0x00000000
      74125.000 ns	      7411	800017ec	e0018753	fmv.x.w	x14,f3	  f3:0x128a6000 x14=0x128a6000
      74145.000 ns	      7413	800017f0	0012fd33	and	x26,x5,x1	  x5:0x00000040  x1:0x00000001 x26=0x00000000
      74165.000 ns	      7415	800017f4	d01b1253	fcvt.s.wu	f4,x22	 x22:0x00000000  f4=0x00000000
      74195.000 ns	      7418	800017f8	a11a8653	fle.s	x12,f21,f17	 f21:0x7fc00000 f17:0x7fc00000 x12=0x00000000
      74565.000 ns	      7455	800017fc	02fcc3b3	div	x7,x25,x15	 x25:0x9a07254c x15:0x646366f4  x7=0xffffffff
      74595.000 ns	      7458	80001800	c00c1753	fcvt.w.s	x14,f24	 f24:0xa1608540 x14=0x00000000
      74615.000 ns	      7460	80001804	403257b3	sra	x15,x4,x3	  x4:0x00000000  x3:0x00000000 x15=0x00000000
      74655.000 ns	      7464	80001808	0096b553	fadd.s	f10,f13,f9	 f13:0x7fc00000  f9:0xffc00000 f10=0x7fc00000
      74675.000 ns	      7466	8000180c	5ba98293	addi	x5,x19,1466	 x19:0x0000003f  x5=0x000005f9
      74695.000 ns	      7468	80001810	e0091853	fclass.s	x16,f18	 f18:0x00000000 x16=0x00000010
      74725.000 ns	      7471	80001814	d0032653	fcvt.s.w	f12,x6	  x6:0x00000000 f12=0x00000000
      74755.000 ns	      7474	80001818	a150af53	feq.s	x30,f1,f21	  f1:0x7fc00000 f21:0x7fc00000 x30=0x00000000
      74785.000 ns	      7477	8000181c	03799833	mulh	x16,x19,x23	 x19:0x0000003f x23:0x8004115b x16=0xffffffe0
      74825.000 ns	      7481	80001820	18197a53	fdiv.s	f20,f18,f1	 f18:0x00000000  f1:0x7fc00000 f20=0x7fc00000
      74855.000 ns	      7484	80001824	a1aa97d3	flt.s	x15,f21,f26	 f21:0x7fc00000 f26:0x00000000 x15=0x00000000
      74875.000 ns	      7486	80001828	40fe5533	sra	x10,x28,x15	 x28:0x7f6aa718 x15:0x00000000 x10=0x7f6aa718
      74885.000 ns	      7487	8000182c	0189e733	or	x14,x19,x24	 x19:0x0000003f x24:0x29fa1000 x14=0x29fa103f
      74905.000 ns	      7489	80001830	c01da653	fcvt.wu.s	x12,f27	 f27:0x128a6000 x12=0x00000000
      74925.000 ns	      7491	80001834	41e50933	sub	x18,x10,x30	 x10:0x7f6aa718 x30:0x00000000 x18=0x7f6aa718
      74935.000 ns	      7492	80001838	012d4b33	xor	x22,x26,x18	 x26:0x00000000 x18:0x00000644 x22=0x7f6aa718
      74975.000 ns	      7496	8000183c	0800f153	fsub.s	f2,f1,f0	  f1:0x7fc00000  f0:0x7fc00000  f2=0x7fc00000
      74995.000 ns	      7498	80001840	3296cf13	xori	x30,x13,809	 x13:0x7ffbf567 x30=0x7ffbf64e
      75005.000 ns	      7499	80001844	005848b3	xor	x17,x16,x5	 x16:0xffffffe0  x5:0x000005f9 x17=0xfffffa19
      75025.000 ns	      7501	80001848	02f8ef33	rem	x30,x17,x15	 x17:0x00000001 x15:0x00000000 x30=0xfffffa19
      75055.000 ns	      7504	8000184c	0346e0b3	rem	x1,x13,x20	 x13:0x7ffbf567 x20:0x00000000  x1=0x7ffbf567
      75085.000 ns	      7507	80001850	c007fdd3	fcvt.w.s	x27,f15	 f15:0xffc00000 x27=0x7fffffff
      75105.000 ns	      7509	80001854	1405e793	ori	x15,x11,320	 x11:0x5b3f1ee8 x15=0x5b3f1fe8
      75115.000 ns	      7510	80001858	d2c3f593	andi	x11,x7,-724	  x7:0xffffffff x11=0xfffffd2c
      75125.000 ns	      7511	8000185c	00000013	addi	x0,x0,0	  x0:0x00000000
      75155.000 ns	      7514	80001860	11da79d3	fmul.s	f19,f20,f29	 f20:0x7fc00000 f29:0xffffffff f19=0x7fc00000
      75195.000 ns	      7518	80001864	11799b53	fmul.s	f22,f19,f23	 f19:0x3f800000 f23:0x128a6000 f22=0x7fc00000
      75215.000 ns	      7520	80001868	0098bf33	sltu	x30,x17,x9	 x17:0xfffffa19  x9:0x80040fe4 x30=0x00000000
      75235.000 ns	      7522	8000186c	294f95d3	fmax.s	f11,f31,f20	 f31:0x7fc00000 f20:0x7fc00000 f11=0x7fc00000
      75255.000 ns	      7524	80001870	4076dd33	sra	x26,x13,x7	 x13:0x7ffbf567  x7:0xffffffff x26=0x00000000
      75275.000 ns	      7526	80001874	02cc69b3	rem	x19,x24,x12	 x24:0x29fa1000 x12:0x00000000 x19=0x29fa1000
      75295.000 ns	      7528	80001878	0131f2b3	and	x5,x3,x19	  x3:0x00000000 x19:0x0000003f  x5=0x00000000
      75315.000 ns	      7530	8000187c	d01ff0d3	fcvt.s.wu	f1,x31	 x31:0x7ffbf384  f1=0x4efff7e7
      75335.000 ns	      7532	80001880	004390b3	sll	x1,x7,x4	  x7:0xffffffff  x4:0x00000000  x1=0xffffffff
      75355.000 ns	      7534	80001884	037a8833	mul	x16,x21,x23	 x21:0x80041024 x23:0x8004115b x16=0x071420cc
      75395.000 ns	      7538	80001888	18b99d53	fdiv.s	f26,f19,f11	 f19:0x7fc00000 f11:0x7fc00000 f26=0x7fc00000
      75415.000 ns	      7540	8000188c	01c8db93	srli	x23,x17,0x1c	 x17:0xfffffa19 x23=0x0000000f
      75445.000 ns	      7543	80001890	58067753	fsqrt.s	f14,f12	 f12:0x00000000 f14=0x00000000
      75465.000 ns	      7545	80001894	00000013	addi	x0,x0,0	  x0:0x00000000
      75475.000 ns	      7546	80001898	414d0333	sub	x6,x26,x20	 x26:0x00000000 x20:0x00000000  x6=0x00000000
      75485.000 ns	      7547	8000189c	89a62897	auipc	x17,0x89a62	 x17=0x09a6389c
      75525.000 ns	      7551	800018a0	00cbb5d3	fadd.s	f11,f23,f12	 f23:0x128a6000 f12:0x00000000 f11=0x128a6000
      75545.000 ns	      7553	800018a4	e0bbe593	ori	x11,x23,-501	 x23:0x0000000f x11=0xfffffe0f
      75555.000 ns	      7554	800018a8	49326117	auipc	x2,0x49326	  x2=0xc93278a8
      75575.000 ns	      7556	800018ac	02681b33	mulh	x22,x16,x6	 x16:0x071420cc  x6:0x00000000 x22=0x00000000
      75595.000 ns	      7558	800018b0	000cf6b3	and	x13,x25,x0	 x25:0x9a07254c  x0:0x00000000 x13=0x00000000
      75955.000 ns	      7594	800018b4	03bddbb3	divu	x23,x27,x27	 x27:0x7fffffff x27:0x7fffffff x23=0x00000001
      75975.000 ns	      7596	800018b8	578f0e13	addi	x28,x30,1400	 x30:0x00000000 x28=0x00000578
      75985.000 ns	      7597	800018bc	00e75533	srl	x10,x14,x14	 x14:0x29fa103f x14:0x29fa103f x10=0x00000000
      76005.000 ns	      7599	800018c0	a1a71053	flt.s	x0,f14,f26	 f14:0x00000000 f26:0x7fc00000
      76035.000 ns	      7602	800018c4	c01aa5d3	fcvt.wu.s	x11,f21	 f21:0x7fc00000 x11=0xffffffff
      76405.000 ns	      7639	800018c8	032c53b3	divu	x7,x24,x18	 x24:0x29fa1000 x18:0x7f6aa718  x7=0x00000000
      76425.000 ns	      7641	800018cc	e31c89b7	lui	x19,0xe31c8	 x19=0xe31c8000
      76445.000 ns	      7643	800018d0	025513b3	mulh	x7,x10,x5	 x10:0x00000000  x5:0x00000000  x7=0x00000000
      76475.000 ns	      7646	800018d4	c0087dd3	fcvt.w.s	x27,f16	 f16:0xc0041041 x27=0x00000002
      76495.000 ns	      7648	800018d8	00cb9333	sll	x6,x23,x12	 x23:0x00000001 x12:0x00000000  x6=0x00000001
      76515.000 ns	      7650	800018dc	a032a953	feq.s	x18,f5,f3	  f5:0x7fc00000  f3:0x128a6000 x18=0x00000000
      76535.000 ns	      7652	800018e0	01a01733	sll	x14,x0,x26	  x0:0x00000000 x26:0x00000000 x14=0x00000000
      76895.000 ns	      7688	800018e4	029646b3	div	x13,x12,x9	 x12:0x00000000  x9:0x80040fe4 x13=0x00000000
      76925.000 ns	      7691	800018e8	039ba8b3	mulhsu	x17,x23,x25	 x23:0x00000001 x25:0x9a07254c x17=0x00000000
      76955.000 ns	      7694	800018ec	0275d9b3	divu	x19,x11,x7	 x11:0xffffffff  x7:0x00000000 x19=0xffffffff
      76975.000 ns	      7696	800018f0	017e16b3	sll	x13,x28,x23	 x28:0x00000578 x23:0x00000001 x13=0x00000af0
      76995.000 ns	      7698	800018f4	29b48653	fmin.s	f12,f9,f27	  f9:0xffc00000 f27:0x128a6000 f12=0x128a6000
      77015.000 ns	      7700	800018f8	01031533	sll	x10,x6,x16	  x6:0x00000001 x16:0x071420cc x10=0x00001000
      77025.000 ns	      7701	800018fc	00e68333	add	x6,x13,x14	 x13:0x00000af0 x14:0x00000000  x6=0x00000af0
      77385.000 ns	      7737	80001900	02b34f33	div	x30,x6,x11	  x6:0x00000001 x11:0xffffffff x30=0xfffff510
      77415.000 ns	      7740	80001904	a05f9f53	flt.s	x30,f31,f5	 f31:0x7fc00000  f5:0x7fc00000 x30=0x00000000
      77435.000 ns	      7742	80001908	0045b3b3	sltu	x7,x11,x4	 x11:0xffffffff  x4:0x00000000  x7=0x00000000
      77455.000 ns	      7744	8000190c	03848bb3	mul	x23,x9,x24	  x9:0x80040fe4 x24:0x29fa1000 x23=0x49a64000
      77485.000 ns	      7747	80001910	e00a1a53	fclass.s	x20,f20	 f20:0x7fc00000 x20=0x00000200
      77535.000 ns	      7752	80001914	0035a353	fadd.s	f6,f11,f3	 f11:0x128a6000  f3:0x128a6000  f6=0x130a6000
      77565.000 ns	      7755	80001918	20619153	fsgnjn.s	f2,f3,f6	  f3:0x128a6000  f6:0x128a6000  f2=0x928a6000
      77585.000 ns	      7757	8000191c	01837eb3	and	x29,x6,x24	  x6:0x00000af0 x24:0x29fa1000 x29=0x00000000
      77595.000 ns	      7758	80001920	00f58533	add	x10,x11,x15	 x11:0xffffffff x15:0x5b3f1fe8 x10=0x5b3f1fe7
      77605.000 ns	      7759	80001924	406ed1b3	sra	x3,x29,x6	 x29:0x00000001  x6:0x00000af0  x3=0x00000000
      77625.000 ns	      7761	80001928	e0060153	fmv.x.w	x2,f12	 f12:0x128a6000  x2=0x128a6000
      77645.000 ns	      7763	8000192c	41a20bb3	sub	x23,x4,x26	  x4:0x00000000 x26:0x00000000 x23=0x00000000
      77655.000 ns	      7764	80001930	8cc48013	addi	x0,x9,-1844	  x9:0x80040fe4
      77675.000 ns	      7766	80001934	03a53eb3	mulhu	x29,x10,x26	 x10:0x5b3f1fe7 x26:0x00000000 x29=0x00000000
      77705.000 ns	      7769	80001938	20290bd3	fsgnj.s	f23,f18,f2	 f18:0x00000000  f2:0x928a6000 f23=0x80000000
      77735.000 ns	      7772	8000193c	214801d3	fsgnj.s	f3,f16,f20	 f16:0xc0041041 f20:0x7fc00000  f3=0x40041041
      77765.000 ns	      7775	80001940	d01774d3	fcvt.s.wu	f9,x14	 x14:0x00000000  f9=0x00000000
      77795.000 ns	      7778	80001944	027ce0b3	rem	x1,x25,x7	 x25:0x9a07254c  x7:0x00000000  x1=0x9a07254c
      77815.000 ns	      7780	80001948	41b1d9b3	sra	x19,x3,x27	  x3:0x00000000 x27:0x00000002 x19=0x00000000
      77855.000 ns	      7784	8000194c	00af9c53	fadd.s	f24,f31,f10	 f31:0x7fc00000 f10:0x7fc00000 f24=0x7fc00000
      77885.000 ns	      7787	80001950	03b20c33	mul	x24,x4,x27	  x4:0x00000000 x27:0x00000002 x24=0x00000000
      77915.000 ns	      7790	80001954	29f70f53	fmin.s	f30,f14,f31	 f14:0x00000000 f31:0x7fc00000 f30=0x00000000
      77935.000 ns	      7792	80001958	017a63b3	or	x7,x20,x23	 x20:0x00000200 x23:0x00000000  x7=0x00000200
      77955.000 ns	      7794	8000195c	03f32233	mulhsu	x4,x6,x31	  x6:0x00000af0 x31:0x7ffbf384  x4=0x00000577
      77975.000 ns	      7796	80001960	59b98737	lui	x14,0x59b98	 x14=0x59b98000
      77995.000 ns	      7798	80001964	f00a02d3	fmv.w.x	f5,x20	 x20:0x00000200  f5=0x00000200
      78015.000 ns	      7800	80001968	8ffa8893	addi	x17,x21,-1793	 x21:0x80041024 x17=0x80040923
      78025.000 ns	      7801	8000196c	c43af613	andi	x12,x21,-957	 x21:0x80041024 x12=0x80041000
      78045.000 ns	      7803	80001970	e0038e53	fmv.x.w	x28,f7	  f7:0xbf800000 x28=0xbf800000
      78065.000 ns	      7805	80001974	5b27fd13	andi	x26,x15,1458	 x15:0x5b3f1fe8 x26=0x000005a0
      78095.000 ns	      7808	80001978	5807f653	fsqrt.s	f12,f15	 f15:0xffc00000 f12=0x7fc00000
      78125.000 ns	      7811	8000197c	d009c153	fcvt.s.w	f2,x19	 x19:0x00000000  f2=0x00000000
      78155.000 ns	      7814	80001980	031821b3	mulhsu	x3,x16,x17	 x16:0x071420cc x17:0x80040923  x3=0x038a2cf7
      78185.000 ns	      7817	80001984	037e2033	mulhsu	x0,x28,x23	 x28:0xbf800000 x23:0x00000000
      78215.000 ns	      7820	80001988	d00114d3	fcvt.s.w	f9,x2	  x2:0x128a6000  f9=0x4d945300
      78235.000 ns	      7822	8000198c	00b17a33	and	x20,x2,x11	  x2:0x128a6000 x11:0xffffffff x20=0x128a6000
      78255.000 ns	      7824	80001990	e00401d3	fmv.x.w	x3,f8	  f8:0x7fc00000  x3=0x7fc00000
      78275.000 ns	      7826	80001994	00000013	addi	x0,x0,0	  x0:0x00000000
      78295.000 ns	      7828	80001998	a0809553	flt.s	x10,f1,f8	  f1:0x4efff7e7  f8:0x7fc00000 x10=0x00000000
      78665.000 ns	      7865	8000199c	02f46f33	rem	x30,x8,x15	  x8:0x00000000 x15:0x5b3f1fe8 x30=0x00000000
      78685.000 ns	      7867	800019a0	c43c2f37	lui	x30,0xc43c2	 x30=0xc43c2000
      78705.000 ns	      7869	800019a4	023c00b3	mul	x1,x24,x3	 x24:0x00000000  x3:0x7fc00000  x1=0x00000000
      78725.000 ns	      7871	800019a8	40afd213	srai	x4,x31,0xa	 x31:0x7ffbf384  x4=0x001ffefc
      78765.000 ns	      7875	800019ac	094b21d3	fsub.s	f3,f22,f20	 f22:0x7fc00000 f20:0x7fc00000  f3=0x7fc00000
      78795.000 ns	      7878	800019b0	d01735d3	fcvt.s.wu	f11,x14	 x14:0x59b98000 f11=0x4eb37300
      78825.000 ns	      7881	800019b4	21e08753	fsgnj.s	f14,f1,f30	  f1:0x4efff7e7 f30:0x00000000 f14=0x4efff7e7
      78855.000 ns	      7884	800019b8	03e7a733	mulhsu	x14,x15,x30	 x15:0x5b3f1fe8 x30:0xc43c2000 x14=0x45f1c2a0
      78895.000 ns	      7888	800019bc	11d9c753	fmul.s	f14,f19,f29	 f19:0x7fc00000 f29:0xffffffff f14=0x7fc00000
      78945.000 ns	      7893	800019c0	0096ffd3	fadd.s	f31,f13,f9	 f13:0x7fc00000  f9:0x4d945300 f31=0x7fc00000
      78975.000 ns	      7896	800019c4	03528bb3	mul	x23,x5,x21	  x5:0x00000000 x21:0x80041024 x23=0x00000000
      79005.000 ns	      7899	800019c8	21ad90d3	fsgnjn.s	f1,f27,f26	 f27:0x128a6000 f26:0x7fc00000  f1=0x928a6000
      79045.000 ns	      7903	800019cc	196a9ed3	fdiv.s	f29,f21,f22	 f21:0x7fc00000 f22:0x7fc00000 f29=0x7fc00000
      79075.000 ns	      7906	800019d0	28ae92d3	fmax.s	f5,f29,f10	 f29:0xffffffff f10:0x7fc00000  f5=0x7fc00000
      79105.000 ns	      7909	800019d4	a16e9ed3	flt.s	x29,f29,f22	 f29:0x7fc00000 f22:0x7fc00000 x29=0x00000000
      79135.000 ns	      7912	800019d8	0212ca33	div	x20,x5,x1	  x5:0x00000000  x1:0x00000000 x20=0xffffffff
      79185.000 ns	      7917	800019dc	00e2f2d3	fadd.s	f5,f5,f14	  f5:0x7fc00000 f14:0x7fc00000  f5=0x7fc00000
      79205.000 ns	      7919	800019e0	008ce1b3	or	x3,x25,x8	 x25:0x9a07254c  x8:0x00000000  x3=0x9a07254c
      79235.000 ns	      7922	800019e4	19adf153	fdiv.s	f2,f27,f26	 f27:0x128a6000 f26:0x7fc00000  f2=0x7fc00000
      79275.000 ns	      7926	800019e8	580d7ad3	fsqrt.s	f21,f26	 f26:0x7fc00000 f21=0x7fc00000
      79305.000 ns	      7929	800019ec	20f3aad3	fsgnjx.s	f21,f7,f15	  f7:0xbf800000 f15:0xffc00000 f21=0x3f800000
      79325.000 ns	      7931	800019f0	019cf033	and	x0,x25,x25	 x25:0x9a07254c x25:0x9a07254c
      79345.000 ns	      7933	800019f4	28790553	fmin.s	f10,f18,f7	 f18:0x00000000  f7:0xbf800000 f10=0xbf800000
      79375.000 ns	      7936	800019f8	028b5633	divu	x12,x22,x8	 x22:0x00000000  x8:0x00000000 x12=0xffffffff
      79405.000 ns	      7939	800019fc	20bb0c53	fsgnj.s	f24,f22,f11	 f22:0x7fc00000 f11:0x4eb37300 f24=0x7fc00000
      79435.000 ns	      7942	80001a00	039c0633	mul	x12,x24,x25	 x24:0x00000000 x25:0x9a07254c x12=0x00000000
      79465.000 ns	      7945	80001a04	0326c6b3	div	x13,x13,x18	 x13:0x00000af0 x18:0x00000000 x13=0xffffffff
      79495.000 ns	      7948	80001a08	295692d3	fmax.s	f5,f13,f21	 f13:0x7fc00000 f21:0x3f800000  f5=0x3f800000
      79525.000 ns	      7951	80001a0c	c0140c53	fcvt.wu.s	x24,f8	  f8:0x7fc00000 x24=0xffffffff
      79545.000 ns	      7953	80001a10	0049deb3	srl	x29,x19,x4	 x19:0x00000000  x4:0x001ffefc x29=0x00000000
      79555.000 ns	      7954	80001a14	11cf1037	lui	x0,0x11cf1	
      79565.000 ns	      7955	80001a18	016ddb93	srli	x23,x27,0x16	 x27:0x00000002 x23=0x00000000
      79575.000 ns	      7956	80001a1c	006e5193	srli	x3,x28,0x6	 x28:0xbf800000  x3=0x02fe0000
      79595.000 ns	      7958	80001a20	c01f7b53	fcvt.wu.s	x22,f30	 f30:0x00000000 x22=0x00000000
      79615.000 ns	      7960	80001a24	01b961b3	or	x3,x18,x27	 x18:0x00000000 x27:0x00000002  x3=0x00000002
      79625.000 ns	      7961	80001a28	a529af17	auipc	x30,0xa529a	 x30=0x2529ba28
      79645.000 ns	      7963	80001a2c	d00d24d3	fcvt.s.w	f9,x26	 x26:0x000005a0  f9=0x44b40000
      79665.000 ns	      7965	80001a30	09390113	addi	x2,x18,147	 x18:0x00000000  x2=0x00000093
      79675.000 ns	      7966	80001a34	6bf4f393	andi	x7,x9,1727	  x9:0x80040fe4  x7=0x000006a4
      79685.000 ns	      7967	80001a38	a6a2bf13	sltiu	x30,x5,-1430	  x5:0x00000000 x30=0x00000001
      79695.000 ns	      7968	80001a3c	4033d633	sra	x12,x7,x3	  x7:0x00000200  x3:0x00000002 x12=0x000001a9
      79715.000 ns	      7970	80001a40	03d603b3	mul	x7,x12,x29	 x12:0x00000000 x29:0x00000000  x7=0x00000000
      79745.000 ns	      7973	80001a44	20368fd3	fsgnj.s	f31,f13,f3	 f13:0x7fc00000  f3:0x7fc00000 f31=0x7fc00000
      79765.000 ns	      7975	80001a48	00000013	addi	x0,x0,0	  x0:0x00000000
      79785.000 ns	      7977	80001a4c	d019afd3	fcvt.s.wu	f31,x19	 x19:0x00000000 f31=0x00000000
      79805.000 ns	      7979	80001a50	0194b233	sltu	x4,x9,x25	  x9:0x80040fe4 x25:0x9a07254c  x4=0x00000001
      79825.000 ns	      7981	80001a54	a0800bd3	fle.s	x23,f0,f8	  f0:0x7fc00000  f8:0x7fc00000 x23=0x00000000
      79855.000 ns	      7984	80001a58	2198a9d3	fsgnjx.s	f19,f17,f25	 f17:0x7fc00000 f25:0x7fc00000 f19=0x7fc00000
      79875.000 ns	      7986	80001a5c	5bdeb393	sltiu	x7,x29,1469	 x29:0x00000000  x7=0x00000001
      79895.000 ns	      7988	80001a60	02e83733	mulhu	x14,x16,x14	 x16:0x071420cc x14:0x45f1c2a0 x14=0x01ef1c2b
      79915.000 ns	      7990	80001a64	0831b893	sltiu	x17,x3,131	  x3:0x00000002 x17=0x00000001
      79925.000 ns	      7991	80001a68	0f87a013	slti	x0,x15,248	 x15:0x5b3f1fe8
      79945.000 ns	      7993	80001a6c	e00c8953	fmv.x.w	x18,f25	 f25:0x7fc00000 x18=0x7fc00000
      79975.000 ns	      7996	80001a70	d002f8d3	fcvt.s.w	f17,x5	  x5:0x00000000 f17=0x00000000
      79995.000 ns	      7998	80001a74	00ab0633	add	x12,x22,x10	 x22:0x00000000 x10:0x00000000 x12=0x00000000
      80015.000 ns	      8000	80001a78	20d32853	fsgnjx.s	f16,f6,f13	  f6:0x130a6000 f13:0x7fc00000 f16=0x130a6000
      80035.000 ns	      8002	80001a7c	0043dc13	srli	x24,x7,0x4	  x7:0x00000001 x24=0x00000000
      80055.000 ns	      8004	80001a80	290a9653	fmax.s	f12,f21,f16	 f21:0x3f800000 f16:0x130a6000 f12=0x3f800000
      80085.000 ns	      8007	80001a84	29a405d3	fmin.s	f11,f8,f26	  f8:0x7fc00000 f26:0x7fc00000 f11=0x7fc00000
      80125.000 ns	      8011	80001a88	580a3cd3	fsqrt.s	f25,f20	 f20:0x7fc00000 f25=0x7fc00000
      80155.000 ns	      8014	80001a8c	d017fdd3	fcvt.s.wu	f27,x15	 x15:0x5b3f1fe8 f27=0x4eb67e3f
      80205.000 ns	      8019	80001a90	08707b53	fsub.s	f22,f0,f7	  f0:0x7fc00000  f7:0xbf800000 f22=0x7fc00000
      80225.000 ns	      8021	80001a94	01b5eeb3	or	x29,x11,x27	 x11:0xffffffff x27:0x00000002 x29=0xffffffff
      80265.000 ns	      8025	80001a98	084ca5d3	fsub.s	f11,f25,f4	 f25:0x7fc00000  f4:0x00000000 f11=0x7fc00000
      80285.000 ns	      8027	80001a9c	87e97f13	andi	x30,x18,-1922	 x18:0x7fc00000 x30=0x7fc00000
      80305.000 ns	      8029	80001aa0	28c78ed3	fmin.s	f29,f15,f12	 f15:0xffc00000 f12:0x3f800000 f29=0x3f800000
      80325.000 ns	      8031	80001aa4	1f177413	andi	x8,x14,497	 x14:0x01ef1c2b  x8=0x00000021
      80335.000 ns	      8032	80001aa8	d1667d17	auipc	x26,0xd1667	 x26=0x51668aa8
      80365.000 ns	      8035	80001aac	10137ad3	fmul.s	f21,f6,f1	  f6:0x130a6000  f1:0x928a6000 f21=0xe6159748
      80385.000 ns	      8037	80001ab0	0112d533	srl	x10,x5,x17	  x5:0x00000000 x17:0x00000001 x10=0x00000000
      80405.000 ns	      8039	80001ab4	02ae71b3	remu	x3,x28,x10	 x28:0xbf800000 x10:0x00000000  x3=0xbf800000
      80775.000 ns	      8076	80001ab8	02f36833	rem	x16,x6,x15	  x6:0x00000af0 x15:0x5b3f1fe8 x16=0x00000af0
      81145.000 ns	      8113	80001abc	02986433	rem	x8,x16,x9	 x16:0x071420cc  x9:0x80040fe4  x8=0x00000af0
      81175.000 ns	      8116	80001ac0	02aa8533	mul	x10,x21,x10	 x21:0x80041024 x10:0x00000000 x10=0x00000000
      81215.000 ns	      8120	80001ac4	19c005d3	fdiv.s	f11,f0,f28	  f0:0x7fc00000 f28:0x7fc00000 f11=0x7fc00000
      81255.000 ns	      8124	80001ac8	1093fd53	fmul.s	f26,f7,f9	  f7:0xbf800000  f9:0x44b40000 f26=0xc4b40000
      81625.000 ns	      8161	80001acc	02746f33	rem	x30,x8,x7	  x8:0x00000af0  x7:0x00000001 x30=0x00000000
      81655.000 ns	      8164	80001ad0	021a1633	mulh	x12,x20,x1	 x20:0xffffffff  x1:0x00000000 x12=0x00000000
      81675.000 ns	      8166	80001ad4	0aca3613	sltiu	x12,x20,172	 x20:0xffffffff x12=0x00000000
      81685.000 ns	      8167	80001ad8	00e723b3	slt	x7,x14,x14	 x14:0x01ef1c2b x14:0x01ef1c2b  x7=0x00000000
      81705.000 ns	      8169	80001adc	f0088fd3	fmv.w.x	f31,x17	 x17:0x00000001 f31=0x00000001
      81735.000 ns	      8172	80001ae0	021147b3	div	x15,x2,x1	  x2:0x00000093  x1:0x00000000 x15=0xffffffff
      81755.000 ns	      8174	80001ae4	c0963217	auipc	x4,0xc0963	  x4=0x40964ae4
      81795.000 ns	      8178	80001ae8	01798b53	fadd.s	f22,f19,f23	 f19:0x7fc00000 f23:0x80000000 f22=0x7fc00000
      81815.000 ns	      8180	80001aec	441e4b97	auipc	x23,0x441e4	 x23=0xc41e5aec
      81835.000 ns	      8182	80001af0	a03c1e53	flt.s	x28,f24,f3	 f24:0x7fc00000  f3:0x7fc00000 x28=0x00000000
      81855.000 ns	      8184	80001af4	41c8de93	srai	x29,x17,0x1c	 x17:0x00000001 x29=0x00000000
      81875.000 ns	      8186	80001af8	a16781d3	fle.s	x3,f15,f22	 f15:0xffc00000 f22:0x7fc00000  x3=0x00000000
      81895.000 ns	      8188	80001afc	b853a413	slti	x8,x7,-1147	  x7:0x00000000  x8=0x00000000
      81905.000 ns	      8189	80001b00	00000013	addi	x0,x0,0	  x0:0x00000000
      82265.000 ns	      8225	80001b04	024e5133	divu	x2,x28,x4	 x28:0x00000000  x4:0x40964ae4  x2=0x00000000
      82285.000 ns	      8227	80001b08	01ab1bb3	sll	x23,x22,x26	 x22:0x00000000 x26:0x51668aa8 x23=0x00000000
      82295.000 ns	      8228	80001b0c	0174edb3	or	x27,x9,x23	  x9:0x80040fe4 x23:0xc41e5aec x27=0x80040fe4
      82315.000 ns	      8230	80001b10	a1082653	feq.s	x12,f16,f16	 f16:0x130a6000 f16:0x130a6000 x12=0x00000001
      82685.000 ns	      8267	80001b14	03135f33	divu	x30,x6,x17	  x6:0x00000af0 x17:0x00000001 x30=0x00000af0
      82705.000 ns	      8269	80001b18	9c709b37	lui	x22,0x9c709	 x22=0x9c709000
      82725.000 ns	      8271	80001b1c	29590bd3	fmin.s	f23,f18,f21	 f18:0x00000000 f21:0xe6159748 f23=0xe6159748
      82755.000 ns	      8274	80001b20	e0059bd3	fclass.s	x23,f11	 f11:0x7fc00000 x23=0x00000200
      82775.000 ns	      8276	80001b24	00b21e13	slli	x28,x4,0xb	  x4:0x40964ae4 x28=0xb2572000
      82805.000 ns	      8279	80001b28	580c9fd3	fsqrt.s	f31,f25	 f25:0x7fc00000 f31=0x7fc00000
      82825.000 ns	      8281	80001b2c	010b9c13	slli	x24,x23,0x10	 x23:0x00000200 x24=0x02000000
      82835.000 ns	      8282	80001b30	e855f193	andi	x3,x11,-379	 x11:0xffffffff  x3=0xfffffe85
      82855.000 ns	      8284	80001b34	03ded8b3	divu	x17,x29,x29	 x29:0x00000000 x29:0x00000000 x17=0xffffffff
      82885.000 ns	      8287	80001b38	288e9dd3	fmax.s	f27,f29,f8	 f29:0x3f800000  f8:0x7fc00000 f27=0x3f800000
      82905.000 ns	      8289	80001b3c	016df3b3	and	x7,x27,x22	 x27:0x80040fe4 x22:0x9c709000  x7=0x80000000
      82945.000 ns	      8293	80001b40	012fb9d3	fadd.s	f19,f31,f18	 f31:0x7fc00000 f18:0x00000000 f19=0x7fc00000
      82975.000 ns	      8296	80001b44	211b0bd3	fsgnj.s	f23,f22,f17	 f22:0x7fc00000 f17:0x00000000 f23=0x7fc00000
      83005.000 ns	      8299	80001b48	21b10e53	fsgnj.s	f28,f2,f27	  f2:0x7fc00000 f27:0x3f800000 f28=0x7fc00000
      83035.000 ns	      8302	80001b4c	280d0753	fmin.s	f14,f26,f0	 f26:0xc4b40000  f0:0x7fc00000 f14=0xc4b40000
      83055.000 ns	      8304	80001b50	c6b54117	auipc	x2,0xc6b54	  x2=0x46b55b50
      83075.000 ns	      8306	80001b54	a197ae53	feq.s	x28,f15,f25	 f15:0xffc00000 f25:0x7fc00000 x28=0x00000000
      83105.000 ns	      8309	80001b58	d0107353	fcvt.s.wu	f6,x0	  x0:0x00000000  f6=0x00000000
      83125.000 ns	      8311	80001b5c	01f74a33	xor	x20,x14,x31	 x14:0x01ef1c2b x31:0x7ffbf384 x20=0x7e14efaf
      83145.000 ns	      8313	80001b60	28871cd3	fmax.s	f25,f14,f8	 f14:0xc4b40000  f8:0x7fc00000 f25=0xc4b40000
      83175.000 ns	      8316	80001b64	a0a327d3	feq.s	x15,f6,f10	  f6:0x00000000 f10:0xbf800000 x15=0x00000000
      83215.000 ns	      8320	80001b68	18df3fd3	fdiv.s	f31,f30,f13	 f30:0x00000000 f13:0x7fc00000 f31=0x7fc00000
      83245.000 ns	      8323	80001b6c	e00a8dd3	fmv.x.w	x27,f21	 f21:0xe6159748 x27=0xe6159748
      83265.000 ns	      8325	80001b70	0044d7b3	srl	x15,x9,x4	  x9:0x80040fe4  x4:0x40964ae4 x15=0x080040fe
      83295.000 ns	      8328	80001b74	116f00d3	fmul.s	f1,f30,f22	 f30:0x00000000 f22:0x7fc00000  f1=0x7fc00000
      83315.000 ns	      8330	80001b78	88bca113	slti	x2,x25,-1909	 x25:0x9a07254c  x2=0x00000001
      83325.000 ns	      8331	80001b7c	403fd113	srai	x2,x31,0x3	 x31:0x7ffbf384  x2=0x0fff7e70
      83335.000 ns	      8332	80001b80	005d3433	sltu	x8,x26,x5	 x26:0x51668aa8  x5:0x00000000  x8=0x00000000
      83355.000 ns	      8334	80001b84	21e60153	fsgnj.s	f2,f12,f30	 f12:0x3f800000 f30:0x00000000  f2=0x3f800000
      83395.000 ns	      8338	80001b88	100ab2d3	fmul.s	f5,f21,f0	 f21:0xe6159748  f0:0x7fc00000  f5=0x7fc00000
      83425.000 ns	      8341	80001b8c	0293a7b3	mulhsu	x15,x7,x9	  x7:0x80000000  x9:0x80040fe4 x15=0xbffdf80e
      83455.000 ns	      8344	80001b90	e00291d3	fclass.s	x3,f5	  f5:0x7fc00000  x3=0x00000200
      83475.000 ns	      8346	80001b94	78f8c013	xori	x0,x17,1935	 x17:0xffffffff
      83485.000 ns	      8347	80001b98	fe2c3513	sltiu	x10,x24,-30	 x24:0x02000000 x10=0x00000001
      83495.000 ns	      8348	80001b9c	404d0633	sub	x12,x26,x4	 x26:0x51668aa8  x4:0x40964ae4 x12=0x10d03fc4
      83505.000 ns	      8349	80001ba0	eeb03313	sltiu	x6,x0,-277	  x0:0x00000000  x6=0x00000001
      83525.000 ns	      8351	80001ba4	2114a453	fsgnjx.s	f8,f9,f17	  f9:0x44b40000 f17:0x00000000  f8=0x44b40000
      83555.000 ns	      8354	80001ba8	033089b3	mul	x19,x1,x19	  x1:0x00000000 x19:0x00000000 x19=0x00000000
      83585.000 ns	      8357	80001bac	29981a53	fmax.s	f20,f16,f25	 f16:0x130a6000 f25:0xc4b40000 f20=0x130a6000
      83615.000 ns	      8360	80001bb0	a1289b53	flt.s	x22,f17,f18	 f17:0x00000000 f18:0x00000000 x22=0x00000000
      83645.000 ns	      8363	80001bb4	037b3233	mulhu	x4,x22,x23	 x22:0x9c709000 x23:0x00000200  x4=0x00000000
      83665.000 ns	      8365	80001bb8	002a1113	slli	x2,x20,0x2	 x20:0x7e14efaf  x2=0xf853bebc
      83685.000 ns	      8367	80001bbc	03c22bb3	mulhsu	x23,x4,x28	  x4:0x00000000 x28:0x00000000 x23=0x00000000
      83715.000 ns	      8370	80001bc0	a1661e53	flt.s	x28,f12,f22	 f12:0x3f800000 f22:0x7fc00000 x28=0x00000000
      83735.000 ns	      8372	80001bc4	410ed533	sra	x10,x29,x16	 x29:0x00000000 x16:0x00000af0 x10=0x00000000
      83755.000 ns	      8374	80001bc8	a1d90253	fle.s	x4,f18,f29	 f18:0x00000000 f29:0x3f800000  x4=0x00000001
      83785.000 ns	      8377	80001bcc	299007d3	fmin.s	f15,f0,f25	  f0:0x7fc00000 f25:0xc4b40000 f15=0xc4b40000
      83815.000 ns	      8380	80001bd0	f0020c53	fmv.w.x	f24,x4	  x4:0x00000001 f24=0x00000001
      83845.000 ns	      8383	80001bd4	a0951e53	flt.s	x28,f10,f9	 f10:0xbf800000  f9:0x44b40000 x28=0x00000001
      83865.000 ns	      8385	80001bd8	9dac6017	auipc	x0,0x9dac6	
      83885.000 ns	      8387	80001bdc	f00a8053	fmv.w.x	f0,x21	 x21:0x80041024  f0=0x80041024
      83915.000 ns	      8390	80001be0	03071733	mulh	x14,x14,x16	 x14:0x01ef1c2b x16:0x00000af0 x14=0x00000015
      83935.000 ns	      8392	80001be4	40ffd133	sra	x2,x31,x15	 x31:0x7ffbf384 x15:0xbffdf80e  x2=0x0001ffef
      83955.000 ns	      8394	80001be8	02b58eb3	mul	x29,x11,x11	 x11:0xffffffff x11:0xffffffff x29=0x00000001
      83985.000 ns	      8397	80001bec	219790d3	fsgnjn.s	f1,f15,f25	 f15:0xc4b40000 f25:0xc4b40000  f1=0x44b40000
      84015.000 ns	      8400	80001bf0	d00f10d3	fcvt.s.w	f1,x30	 x30:0x00000af0  f1=0x452f0000
      84035.000 ns	      8402	80001bf4	00f54433	xor	x8,x10,x15	 x10:0x00000000 x15:0xbffdf80e  x8=0xbffdf80e
      84045.000 ns	      8403	80001bf8	003023b3	slt	x7,x0,x3	  x0:0x00000000  x3:0x00000200  x7=0x00000001
      84065.000 ns	      8405	80001bfc	a1442f53	feq.s	x30,f8,f20	  f8:0x44b40000 f20:0x130a6000 x30=0x00000000
      84095.000 ns	      8408	80001c00	025f2d33	mulhsu	x26,x30,x5	 x30:0x00000af0  x5:0x00000000 x26=0x00000000
      84115.000 ns	      8410	80001c04	40f5d693	srai	x13,x11,0xf	 x11:0xffffffff x13=0xffffffff
      84125.000 ns	      8411	80001c08	e8056d93	ori	x27,x10,-384	 x10:0x00000000 x27=0xfffffe80
      84145.000 ns	      8413	80001c0c	039fa233	mulhsu	x4,x31,x25	 x31:0x7ffbf384 x25:0x9a07254c  x4=0x4d012306
      84175.000 ns	      8416	80001c10	02affc33	remu	x24,x31,x10	 x31:0x7ffbf384 x10:0x00000000 x24=0x7ffbf384
      84195.000 ns	      8418	80001c14	bf610793	addi	x15,x2,-1034	  x2:0x0001ffef x15=0x0001fbe5
      84215.000 ns	      8420	80001c18	28359953	fmax.s	f18,f11,f3	 f11:0x7fc00000  f3:0x7fc00000 f18=0x7fc00000
      84235.000 ns	      8422	80001c1c	415dd1b3	sra	x3,x27,x21	 x27:0xfffffe80 x21:0x80041024  x3=0xffffffe8
      84245.000 ns	      8423	80001c20	a34a4713	xori	x14,x20,-1484	 x20:0x7e14efaf x14=0x81eb159b
      84255.000 ns	      8424	80001c24	762ccc13	xori	x24,x25,1890	 x25:0x9a07254c x24=0x9a07222e
      84265.000 ns	      8425	80001c28	7f360113	addi	x2,x12,2035	 x12:0x10d03fc4  x2=0x10d047b7
      84275.000 ns	      8426	80001c2c	002af033	and	x0,x21,x2	 x21:0x80041024  x2:0x0001ffef
      84295.000 ns	      8428	80001c30	020575b3	remu	x11,x10,x0	 x10:0x00000000  x0:0x00000000 x11=0x00000000
      84315.000 ns	      8430	80001c34	00cf2db3	slt	x27,x30,x12	 x30:0x00000000 x12:0x10d03fc4 x27=0x00000001
      84325.000 ns	      8431	80001c38	009d6333	or	x6,x26,x9	 x26:0x00000000  x9:0x80040fe4  x6=0x80040fe4
      84345.000 ns	      8433	80001c3c	2112ac53	fsgnjx.s	f24,f5,f17	  f5:0x7fc00000 f17:0x00000000 f24=0x7fc00000
      84375.000 ns	      8436	80001c40	298c8bd3	fmin.s	f23,f25,f24	 f25:0xc4b40000 f24:0x00000001 f23=0xc4b40000
      84405.000 ns	      8439	80001c44	28d11d53	fmax.s	f26,f2,f13	  f2:0x3f800000 f13:0x7fc00000 f26=0x3f800000
      84425.000 ns	      8441	80001c48	015dd613	srli	x12,x27,0x15	 x27:0x00000001 x12=0x00000000
      84435.000 ns	      8442	80001c4c	9818c893	xori	x17,x17,-1663	 x17:0xffffffff x17=0x0000067e
      84455.000 ns	      8444	80001c50	c00e00d3	fcvt.w.s	x1,f28	 f28:0x7fc00000  x1=0x7fffffff
      84485.000 ns	      8447	80001c54	a015a753	feq.s	x14,f11,f1	 f11:0x7fc00000  f1:0x452f0000 x14=0x00000000
      84515.000 ns	      8450	80001c58	e00c8153	fmv.x.w	x2,f25	 f25:0xc4b40000  x2=0xc4b40000
      84535.000 ns	      8452	80001c5c	8a970f93	addi	x31,x14,-1879	 x14:0x00000000 x31=0xfffff8a9
      84565.000 ns	      8455	80001c60	11effb53	fmul.s	f22,f31,f30	 f31:0x7fc00000 f30:0x00000000 f22=0x7fc00000
      84595.000 ns	      8458	80001c64	219aac53	fsgnjx.s	f24,f21,f25	 f21:0xe6159748 f25:0xc4b40000 f24=0x66159748
      84625.000 ns	      8461	80001c68	29a29653	fmax.s	f12,f5,f26	  f5:0x7fc00000 f26:0x3f800000 f12=0x3f800000
      84645.000 ns	      8463	80001c6c	00000013	addi	x0,x0,0	  x0:0x00000000
      84655.000 ns	      8464	80001c70	016a6b33	or	x22,x20,x22	 x20:0x7e14efaf x22:0x00000000 x22=0x7e14efaf
      84675.000 ns	      8466	80001c74	a1b99d53	flt.s	x26,f19,f27	 f19:0x7fc00000 f27:0x3f800000 x26=0x00000000
      84705.000 ns	      8469	80001c78	285517d3	fmax.s	f15,f10,f5	 f10:0xbf800000  f5:0x7fc00000 f15=0xbf800000
      84725.000 ns	      8471	80001c7c	c5e68d93	addi	x27,x13,-930	 x13:0xffffffff x27=0xfffffc5d
      84735.000 ns	      8472	80001c80	00701193	slli	x3,x0,0x7	  x0:0x00000000  x3=0x00000000
      84755.000 ns	      8474	80001c84	036627b3	mulhsu	x15,x12,x22	 x12:0x00000000 x22:0x7e14efaf x15=0x00000000
      84785.000 ns	      8477	80001c88	d01e1b53	fcvt.s.wu	f22,x28	 x28:0x00000001 f22=0x3f800000
      84805.000 ns	      8479	80001c8c	00000013	addi	x0,x0,0	  x0:0x00000000
      85165.000 ns	      8515	80001c90	039befb3	rem	x31,x23,x25	 x23:0x00000000 x25:0x9a07254c x31=0x00000000
      85195.000 ns	      8518	80001c94	a01a8f53	fle.s	x30,f21,f1	 f21:0xe6159748  f1:0x452f0000 x30=0x00000001
      85235.000 ns	      8522	80001c98	11a806d3	fmul.s	f13,f16,f26	 f16:0x130a6000 f26:0x3f800000 f13=0x130a6000
      85255.000 ns	      8524	80001c9c	00b6f6b3	and	x13,x13,x11	 x13:0xffffffff x11:0x00000000 x13=0x00000000
      85295.000 ns	      8528	80001ca0	09d13053	fsub.s	f0,f2,f29	  f2:0x3f800000 f29:0x3f800000  f0=0x80000000
      85325.000 ns	      8531	80001ca4	a12a0d53	fle.s	x26,f20,f18	 f20:0x130a6000 f18:0x7fc00000 x26=0x00000000
      85355.000 ns	      8534	80001ca8	28ed9c53	fmax.s	f24,f27,f14	 f27:0x3f800000 f14:0xc4b40000 f24=0x3f800000
      85375.000 ns	      8536	80001cac	ceebc913	xori	x18,x23,-786	 x23:0x00000000 x18=0xfffffcee
      85385.000 ns	      8537	80001cb0	4105d233	sra	x4,x11,x16	 x11:0x00000000 x16:0x00000af0  x4=0x00000000
      85395.000 ns	      8538	80001cb4	b665ff93	andi	x31,x11,-1178	 x11:0x00000000 x31=0x00000000
      85415.000 ns	      8540	80001cb8	025f2c33	mulhsu	x24,x30,x5	 x30:0x00000001  x5:0x00000000 x24=0x00000000
      85755.000 ns	      8574	80001cbc	18f71bd3	fdiv.s	f23,f14,f15	 f14:0xc4b40000 f15:0xbf800000 f23=0x443a2568
      85785.000 ns	      8577	80001cc0	d002f0d3	fcvt.s.w	f1,x5	  x5:0x00000000  f1=0x00000000
      85805.000 ns	      8579	80001cc4	ca6c3193	sltiu	x3,x24,-858	 x24:0x00000000  x3=0x00000001
      85825.000 ns	      8581	80001cc8	d017ab53	fcvt.s.wu	f22,x15	 x15:0x00000000 f22=0x00000000
      85865.000 ns	      8585	80001ccc	105770d3	fmul.s	f1,f14,f5	 f14:0xc4b40000  f5:0x7fc00000  f1=0x7fc00000
      85895.000 ns	      8588	80001cd0	034e9b33	mulh	x22,x29,x20	 x29:0x00000001 x20:0x7e14efaf x22=0x00000000
      85915.000 ns	      8590	80001cd4	01644233	xor	x4,x8,x22	  x8:0xbffdf80e x22:0x7e14efaf  x4=0xbffdf80e
      85925.000 ns	      8591	80001cd8	6d262193	slti	x3,x12,1746	 x12:0x00000000  x3=0x00000001
      85945.000 ns	      8593	80001cdc	02b6a2b3	mulhsu	x5,x13,x11	 x13:0x00000000 x11:0x00000000  x5=0x00000000
      85985.000 ns	      8597	80001ce0	10749353	fmul.s	f6,f9,f7	  f9:0x44b40000  f7:0xbf800000  f6=0xc4b40000
      86015.000 ns	      8600	80001ce4	03b83533	mulhu	x10,x16,x27	 x16:0x00000af0 x27:0xfffffc5d x10=0x00000aef
      86385.000 ns	      8637	80001ce8	02404333	div	x6,x0,x4	  x0:0x00000000  x4:0xbffdf80e  x6=0x00000000
      86415.000 ns	      8640	80001cec	02eed633	divu	x12,x29,x14	 x29:0x00000001 x14:0x00000000 x12=0xffffffff
      86445.000 ns	      8643	80001cf0	0333fd33	remu	x26,x7,x19	  x7:0x00000001 x19:0x00000000 x26=0x00000001
      86465.000 ns	      8645	80001cf4	019e1613	slli	x12,x28,0x19	 x28:0x00000001 x12=0x02000000
      86485.000 ns	      8647	80001cf8	02208fb3	mul	x31,x1,x2	  x1:0x7fffffff  x2:0xc4b40000 x31=0x3b4c0000
      86535.000 ns	      8652	80001cfc	0008aad3	fadd.s	f21,f17,f0	 f17:0x00000000  f0:0x80000000 f21=0x80000000
      86565.000 ns	      8655	80001d00	204e2453	fsgnjx.s	f8,f28,f4	 f28:0x7fc00000  f4:0x00000000  f8=0x7fc00000
      86935.000 ns	      8692	80001d04	02a8c233	div	x4,x17,x10	 x17:0x0000067e x10:0x00000aef  x4=0x00000000
      86965.000 ns	      8695	80001d08	03e328b3	mulhsu	x17,x6,x30	  x6:0x00000000 x30:0x00000001 x17=0x00000000
      86985.000 ns	      8697	80001d0c	00000013	addi	x0,x0,0	  x0:0x00000000
      87005.000 ns	      8699	80001d10	a0dfa8d3	feq.s	x17,f31,f13	 f31:0x7fc00000 f13:0x130a6000 x17=0x00000000
      87025.000 ns	      8701	80001d14	00000013	addi	x0,x0,0	  x0:0x00000000
      87035.000 ns	      8702	80001d18	014662b3	or	x5,x12,x20	 x12:0x02000000 x20:0x7e14efaf  x5=0x7e14efaf
      87055.000 ns	      8704	80001d1c	e00a8753	fmv.x.w	x14,f21	 f21:0x80000000 x14=0x80000000
      87085.000 ns	      8707	80001d20	209f22d3	fsgnjx.s	f5,f30,f9	 f30:0x00000000  f9:0x44b40000  f5=0x00000000
      87135.000 ns	      8712	80001d24	00e97353	fadd.s	f6,f18,f14	 f18:0x7fc00000 f14:0xc4b40000  f6=0x7fc00000
      87175.000 ns	      8716	80001d28	11f120d3	fmul.s	f1,f2,f31	  f2:0x3f800000 f31:0x7fc00000  f1=0x7fc00000
      87205.000 ns	      8719	80001d2c	d009fad3	fcvt.s.w	f21,x19	 x19:0x00000000 f21=0x00000000
      87575.000 ns	      8756	80001d30	0309c0b3	div	x1,x19,x16	 x19:0x00000000 x16:0x00000af0  x1=0x00000000
      87605.000 ns	      8759	80001d34	e00b0353	fmv.x.w	x6,f22	 f22:0x00000000  x6=0x00000000
      87655.000 ns	      8764	80001d38	00d0ccd3	fadd.s	f25,f1,f13	  f1:0x7fc00000 f13:0x130a6000 f25=0x7fc00000
      87685.000 ns	      8767	80001d3c	212d2a53	fsgnjx.s	f20,f26,f18	 f26:0x3f800000 f18:0x7fc00000 f20=0x3f800000
      87715.000 ns	      8770	80001d40	a14aa453	feq.s	x8,f21,f20	 f21:0x00000000 f20:0x130a6000  x8=0x00000000
      87735.000 ns	      8772	80001d44	008a0b33	add	x22,x20,x8	 x20:0x7e14efaf  x8:0xbffdf80e x22=0x7e14efaf
      87755.000 ns	      8774	80001d48	021c8eb3	mul	x29,x25,x1	 x25:0x9a07254c  x1:0x00000000 x29=0x00000000
      88095.000 ns	      8808	80001d4c	1987c653	fdiv.s	f12,f15,f24	 f15:0xbf800000 f24:0x3f800000 f12=0xbf7fff38
      88115.000 ns	      8810	80001d50	014b6eb3	or	x29,x22,x20	 x22:0x7e14efaf x20:0x7e14efaf x29=0x7e14efaf
      88135.000 ns	      8812	80001d54	021316b3	mulh	x13,x6,x1	  x6:0x00000000  x1:0x00000000 x13=0x00000000
      88165.000 ns	      8815	80001d58	a07f8bd3	fle.s	x23,f31,f7	 f31:0x7fc00000  f7:0xbf800000 x23=0x00000000
      88185.000 ns	      8817	80001d5c	00000013	addi	x0,x0,0	  x0:0x00000000
      88205.000 ns	      8819	80001d60	e0018ed3	fmv.x.w	x29,f3	  f3:0x7fc00000 x29=0x7fc00000
      88225.000 ns	      8821	80001d64	00ff82b3	add	x5,x31,x15	 x31:0x3b4c0000 x15:0x00000000  x5=0x3b4c0000
      88245.000 ns	      8823	80001d68	281312d3	fmax.s	f5,f6,f1	  f6:0x7fc00000  f1:0x7fc00000  f5=0x7fc00000
      88275.000 ns	      8826	80001d6c	209ea9d3	fsgnjx.s	f19,f29,f9	 f29:0x3f800000  f9:0x44b40000 f19=0x3f800000
      88305.000 ns	      8829	80001d70	286a1f53	fmax.s	f30,f20,f6	 f20:0x3f800000  f6:0x7fc00000 f30=0x3f800000
      88675.000 ns	      8866	80001d74	02a36033	rem	x0,x6,x10	  x6:0x00000000 x10:0x00000aef
      89045.000 ns	      8903	80001d78	02e1cc33	div	x24,x3,x14	  x3:0x00000001 x14:0x80000000 x24=0x00000000
      89065.000 ns	      8905	80001d7c	9258ff93	andi	x31,x17,-1755	 x17:0x00000000 x31=0x00000000
      89075.000 ns	      8906	80001d80	009b4833	xor	x16,x22,x9	 x22:0x7e14efaf  x9:0x80040fe4 x16=0xfe10e04b
      89435.000 ns	      8942	80001d84	02c377b3	remu	x15,x6,x12	  x6:0x00000000 x12:0x02000000 x15=0x00000000
      89465.000 ns	      8945	80001d88	28270bd3	fmin.s	f23,f14,f2	 f14:0xc4b40000  f2:0x3f800000 f23=0xc4b40000
      89485.000 ns	      8947	80001d8c	41cb5893	srai	x17,x22,0x1c	 x22:0x7e14efaf x17=0x00000007
      89845.000 ns	      8983	80001d90	031b6e33	rem	x28,x22,x17	 x22:0x7e14efaf x17:0x00000000 x28=0x00000002
      89885.000 ns	      8987	80001d94	101577d3	fmul.s	f15,f10,f1	 f10:0xbf800000  f1:0x7fc00000 f15=0x7fc00000
      89905.000 ns	      8989	80001d98	401008b3	sub	x17,x0,x1	  x0:0x00000000  x1:0x00000000 x17=0x00000000
      89925.000 ns	      8991	80001d9c	024ca2b3	mulhsu	x5,x25,x4	 x25:0x9a07254c  x4:0x00000000  x5=0x00000000
      89945.000 ns	      8993	80001da0	00cfaa33	slt	x20,x31,x12	 x31:0x00000000 x12:0x02000000 x20=0x00000001
      89965.000 ns	      8995	80001da4	d00af3d3	fcvt.s.w	f7,x21	 x21:0x80041024  f7=0xcefff7df
      89985.000 ns	      8997	80001da8	01388a17	auipc	x20,0x1388	 x20=0x81389da8
      89995.000 ns	      8998	80001dac	01a1f833	and	x16,x3,x26	  x3:0x00000001 x26:0x00000001 x16=0x00000001
      90005.000 ns	      8999	80001db0	321a6c13	ori	x24,x20,801	 x20:0x00000001 x24=0x81389fa9
      90025.000 ns	      9001	80001db4	02f1a033	mulhsu	x0,x3,x15	  x3:0x00000001 x15:0x00000000
      90045.000 ns	      9003	80001db8	017d1b93	slli	x23,x26,0x17	 x26:0x00000001 x23=0x00800000
      90055.000 ns	      9004	80001dbc	40d206b3	sub	x13,x4,x13	  x4:0x00000000 x13:0x00000000 x13=0x00000000
      90065.000 ns	      9005	80001dc0	01096533	or	x10,x18,x16	 x18:0xfffffcee x16:0x00000001 x10=0xfffffcef
      91235.000 ns	      9122	80001dc4	5804fbd3	fsqrt.s	f23,f9	  f9:0x44b40000 f23=0x4217c9fe
      91265.000 ns	      9125	80001dc8	c00c9dd3	fcvt.w.s	x27,f25	 f25:0x7fc00000 x27=0x7fffffff
      91295.000 ns	      9128	80001dcc	c0067dd3	fcvt.w.s	x27,f12	 f12:0xbf7fff38 x27=0x00000000
      91325.000 ns	      9131	80001dd0	033defb3	rem	x31,x27,x19	 x27:0x7fffffff x19:0x00000000 x31=0x00000000
      91345.000 ns	      9133	80001dd4	01bc1933	sll	x18,x24,x27	 x24:0x81389fa9 x27:0x00000000 x18=0x81389fa9
      92515.000 ns	      9250	80001dd8	580d7853	fsqrt.s	f16,f26	 f26:0x3f800000 f16=0x3f7fffae
      92535.000 ns	      9252	80001ddc	00b7c3b3	xor	x7,x15,x11	 x15:0x00000000 x11:0x00000000  x7=0x00000000
      92545.000 ns	      9253	80001de0	00403eb3	sltu	x29,x0,x4	  x0:0x00000000  x4:0x00000000 x29=0x00000000
      92555.000 ns	      9254	80001de4	bf0fb993	sltiu	x19,x31,-1040	 x31:0x00000000 x19=0x00000001
      92565.000 ns	      9255	80001de8	5d686a13	ori	x20,x16,1494	 x16:0x00000001 x20=0x000005d7
      92585.000 ns	      9257	80001dec	f00800d3	fmv.w.x	f1,x16	 x16:0x00000001  f1=0x00000001
      92605.000 ns	      9259	80001df0	e9058413	addi	x8,x11,-368	 x11:0x00000000  x8=0xfffffe90
      92645.000 ns	      9263	80001df4	08b8fbd3	fsub.s	f23,f17,f11	 f17:0x00000000 f11:0x7fc00000 f23=0x7fc00000
      92685.000 ns	      9267	80001df8	188a3bd3	fdiv.s	f23,f20,f8	 f20:0x3f800000  f8:0x7fc00000 f23=0x7fc00000
      92705.000 ns	      9269	80001dfc	015c0033	add	x0,x24,x21	 x24:0x81389fa9 x21:0x80041024
      93065.000 ns	      9305	80001e00	03447e33	remu	x28,x8,x20	  x8:0xfffffe90 x20:0x000005d7 x28=0x0000035f
      93085.000 ns	      9307	80001e04	00a21833	sll	x16,x4,x10	  x4:0x00000000 x10:0xfffffcef x16=0x00000000
      93445.000 ns	      9343	80001e08	032e62b3	rem	x5,x28,x18	 x28:0x0000035f x18:0x81389fa9  x5=0x0000035f
      93465.000 ns	      9345	80001e0c	00914033	xor	x0,x2,x9	  x2:0xc4b40000  x9:0x80040fe4
      93485.000 ns	      9347	80001e10	a137a9d3	feq.s	x19,f15,f19	 f15:0x7fc00000 f19:0x3f800000 x19=0x00000000
      93525.000 ns	      9351	80001e14	58023bd3	fsqrt.s	f23,f4	  f4:0x00000000 f23=0x00000000
      93555.000 ns	      9354	80001e18	d01fa453	fcvt.s.wu	f8,x31	 x31:0x00000000  f8=0x00000000
      93585.000 ns	      9357	80001e1c	a08a2b53	feq.s	x22,f20,f8	 f20:0x3f800000  f8:0x7fc00000 x22=0x00000000
      93615.000 ns	      9360	80001e20	a02ea3d3	feq.s	x7,f29,f2	 f29:0x3f800000  f2:0x3f800000  x7=0x00000001
      93985.000 ns	      9397	80001e24	038ac0b3	div	x1,x21,x24	 x21:0x80041024 x24:0x81389fa9  x1=0x00000001
      94035.000 ns	      9402	80001e28	00ca94d3	fadd.s	f9,f21,f12	 f21:0x00000000 f12:0xbf7fff38  f9=0xbf7fff38
      94065.000 ns	      9405	80001e2c	e0029ed3	fclass.s	x29,f5	  f5:0x7fc00000 x29=0x00000200
      94095.000 ns	      9408	80001e30	e00187d3	fmv.x.w	x15,f3	  f3:0x7fc00000 x15=0x7fc00000
      94125.000 ns	      9411	80001e34	02adabb3	mulhsu	x23,x27,x10	 x27:0x00000000 x10:0xfffffcef x23=0x00000000
      94145.000 ns	      9413	80001e38	19f48c13	addi	x24,x9,415	  x9:0x80040fe4 x24=0x80041183
      94155.000 ns	      9414	80001e3c	1495df17	auipc	x30,0x1495d	 x30=0x9495ee3c
      94165.000 ns	      9415	80001e40	006edc13	srli	x24,x29,0x6	 x29:0x00000200 x24=0x00000008
      94175.000 ns	      9416	80001e44	b30ae213	ori	x4,x21,-1232	 x21:0x80041024  x4=0xfffffb34
      94185.000 ns	      9417	80001e48	656e3a13	sltiu	x20,x28,1622	 x28:0x0000035f x20=0x00000001
      94195.000 ns	      9418	80001e4c	006bffb3	and	x31,x23,x6	 x23:0x00000000  x6:0x00000000 x31=0x00000000
      94215.000 ns	      9420	80001e50	02d4a6b3	mulhsu	x13,x9,x13	  x9:0x80040fe4 x13:0x00000000 x13=0x00000000
      94235.000 ns	      9422	80001e54	019a1713	slli	x14,x20,0x19	 x20:0x00000001 x14=0x02000000
      94255.000 ns	      9424	80001e58	025da7b3	mulhsu	x15,x27,x5	 x27:0x00000000  x5:0x0000035f x15=0x00000000
      94275.000 ns	      9426	80001e5c	403dde93	srai	x29,x27,0x3	 x27:0x00000000 x29=0x00000000
      94285.000 ns	      9427	80001e60	01979233	sll	x4,x15,x25	 x15:0x00000000 x25:0x9a07254c  x4=0x00000000
      94295.000 ns	      9428	80001e64	00127433	and	x8,x4,x1	  x4:0xfffffb34  x1:0x00000001  x8=0x00000000
      94315.000 ns	      9430	80001e68	c016f5d3	fcvt.wu.s	x11,f13	 f13:0x130a6000 x11=0x00000000
      94335.000 ns	      9432	80001e6c	00000013	addi	x0,x0,0	  x0:0x00000000
      94345.000 ns	      9433	80001e70	01884233	xor	x4,x16,x24	 x16:0x00000000 x24:0x00000008  x4=0x00000008
      94365.000 ns	      9435	80001e74	e00196d3	fclass.s	x13,f3	  f3:0x7fc00000 x13=0x00000200
      94395.000 ns	      9438	80001e78	e0078753	fmv.x.w	x14,f15	 f15:0x7fc00000 x14=0x7fc00000
      94415.000 ns	      9440	80001e7c	002bdc33	srl	x24,x23,x2	 x23:0x00000000  x2:0xc4b40000 x24=0x00000000
      94425.000 ns	      9441	80001e80	406b82b3	sub	x5,x23,x6	 x23:0x00000000  x6:0x00000000  x5=0x00000000
      94435.000 ns	      9442	80001e84	d720ff97	auipc	x31,0xd720f	 x31=0x57210e84
      94455.000 ns	      9444	80001e88	2123a753	fsgnjx.s	f14,f7,f18	  f7:0xcefff7df f18:0x7fc00000 f14=0xcefff7df
      94475.000 ns	      9446	80001e8c	004367b3	or	x15,x6,x4	  x6:0x00000000  x4:0x00000008 x15=0x00000008
      94495.000 ns	      9448	80001e90	a0a28bd3	fle.s	x23,f5,f10	  f5:0x7fc00000 f10:0xbf800000 x23=0x00000000
      94515.000 ns	      9450	80001e94	410adb13	srai	x22,x21,0x10	 x21:0x80041024 x22=0xffff8004
      94535.000 ns	      9452	80001e98	03688d33	mul	x26,x17,x22	 x17:0x00000000 x22:0x00000000 x26=0x00000000
      94565.000 ns	      9455	80001e9c	e0040ed3	fmv.x.w	x29,f8	  f8:0x00000000 x29=0x00000000
      94935.000 ns	      9492	80001ea0	0324cf33	div	x30,x9,x18	  x9:0x80040fe4 x18:0x81389fa9 x30=0x00000001
      94965.000 ns	      9495	80001ea4	c01d7053	fcvt.wu.s	x0,f26	 f26:0x3f800000
      94985.000 ns	      9497	80001ea8	011b9433	sll	x8,x23,x17	 x23:0x00000000 x17:0x00000000  x8=0x00000000
      95005.000 ns	      9499	80001eac	c0084ed3	fcvt.w.s	x29,f16	 f16:0x3f7fffae x29=0x00000001
      95025.000 ns	      9501	80001eb0	411e5c33	sra	x24,x28,x17	 x28:0x0000035f x17:0x00000000 x24=0x0000035f
      95035.000 ns	      9502	80001eb4	08a8cc13	xori	x24,x17,138	 x17:0x00000000 x24=0x0000008a
      95055.000 ns	      9504	80001eb8	f00801d3	fmv.w.x	f3,x16	 x16:0x00000000  f3=0x00000000
      95105.000 ns	      9509	80001ebc	0834c053	fsub.s	f0,f9,f3	  f9:0xbf7fff38  f3:0x7fc00000  f0=0xbf7fff38
      95125.000 ns	      9511	80001ec0	01a845b3	xor	x11,x16,x26	 x16:0x00000000 x26:0x00000000 x11=0x00000000
      95145.000 ns	      9513	80001ec4	29ec9e53	fmax.s	f28,f25,f30	 f25:0x7fc00000 f30:0x3f800000 f28=0x3f800000
      95515.000 ns	      9550	80001ec8	0348c2b3	div	x5,x17,x20	 x17:0x00000000 x20:0x00000001  x5=0x00000000
      95885.000 ns	      9587	80001ecc	02e756b3	divu	x13,x14,x14	 x14:0x7fc00000 x14:0x7fc00000 x13=0x00000001
      95905.000 ns	      9589	80001ed0	013dd293	srli	x5,x27,0x13	 x27:0x00000000  x5=0x00000000
      96265.000 ns	      9625	80001ed4	039760b3	rem	x1,x14,x25	 x14:0x7fc00000 x25:0x9a07254c  x1=0x19c7254c
      96285.000 ns	      9627	80001ed8	41d85213	srai	x4,x16,0x1d	 x16:0x00000000  x4=0x00000000
      96295.000 ns	      9628	80001edc	00bbbeb3	sltu	x29,x23,x11	 x23:0x00000000 x11:0x00000000 x29=0x00000000
      96305.000 ns	      9629	80001ee0	40af0b33	sub	x22,x30,x10	 x30:0x00000001 x10:0xfffffcef x22=0x00000312
      96325.000 ns	      9631	80001ee4	037761b3	rem	x3,x14,x23	 x14:0x7fc00000 x23:0x00000000  x3=0x7fc00000
      96345.000 ns	      9633	80001ee8	00000013	addi	x0,x0,0	  x0:0x00000000
      96375.000 ns	      9636	80001eec	58053753	fsqrt.s	f14,f10	 f10:0xbf800000 f14=0x7fc00000
      96395.000 ns	      9638	80001ef0	41cad1b3	sra	x3,x21,x28	 x21:0x80041024 x28:0x0000035f  x3=0xffffffff
      96405.000 ns	      9639	80001ef4	7d6e1417	auipc	x8,0x7d6e1	  x8=0xfd6e2ef4
      96425.000 ns	      9641	80001ef8	a04f8153	fle.s	x2,f31,f4	 f31:0x7fc00000  f4:0x00000000  x2=0x00000000
      96455.000 ns	      9644	80001efc	03d6e3b3	rem	x7,x13,x29	 x13:0x00000001 x29:0x00000000  x7=0x00000001
      96485.000 ns	      9647	80001f00	02ae10b3	mulh	x1,x28,x10	 x28:0x0000035f x10:0xfffffcef  x1=0xffffffff
      96505.000 ns	      9649	80001f04	015acbb3	xor	x23,x21,x21	 x21:0x80041024 x21:0x80041024 x23=0x00000000
      96545.000 ns	      9653	80001f08	089ecad3	fsub.s	f21,f29,f9	 f29:0x3f800000  f9:0xbf7fff38 f21=0x3fffff9c
      96575.000 ns	      9656	80001f0c	209a28d3	fsgnjx.s	f17,f20,f9	 f20:0x3f800000  f9:0xbf7fff38 f17=0xbf800000
      96605.000 ns	      9659	80001f10	29c09f53	fmax.s	f30,f1,f28	  f1:0x00000001 f28:0x3f800000 f30=0x3f800000
      96635.000 ns	      9662	80001f14	02497033	remu	x0,x18,x4	 x18:0x81389fa9  x4:0x00000000
      96665.000 ns	      9665	80001f18	e00485d3	fmv.x.w	x11,f9	  f9:0xbf7fff38 x11=0xbf7fff38
      96685.000 ns	      9667	80001f1c	41fc05b3	sub	x11,x24,x31	 x24:0x0000008a x31:0x57210e84 x11=0xa8def206
      97045.000 ns	      9703	80001f20	0230c433	div	x8,x1,x3	  x1:0xffffffff  x3:0xffffffff  x8=0x00000001
      97075.000 ns	      9706	80001f24	a11c8a53	fle.s	x20,f25,f17	 f25:0x7fc00000 f17:0xbf800000 x20=0x00000000
      97105.000 ns	      9709	80001f28	f00686d3	fmv.w.x	f13,x13	 x13:0x00000001 f13=0x00000001
      98285.000 ns	      9827	80001f2c	580efd53	fsqrt.s	f26,f29	 f29:0x3f800000 f26=0x3f7fffae
      98305.000 ns	      9829	80001f30	405857b3	sra	x15,x16,x5	 x16:0x00000000  x5:0x00000000 x15=0x00000000
      98325.000 ns	      9831	80001f34	03b08933	mul	x18,x1,x27	  x1:0xffffffff x27:0x00000000 x18=0x00000000
      98355.000 ns	      9834	80001f38	025ac9b3	div	x19,x21,x5	 x21:0x80041024  x5:0x00000000 x19=0xffffffff
      98385.000 ns	      9837	80001f3c	028016b3	mulh	x13,x0,x8	  x0:0x00000000  x8:0x00000001 x13=0x00000000
      98405.000 ns	      9839	80001f40	017f2eb3	slt	x29,x30,x23	 x30:0x00000001 x23:0x00000000 x29=0x00000000
      98415.000 ns	      9840	80001f44	00321993	slli	x19,x4,0x3	  x4:0x00000000 x19=0x00000000
      98435.000 ns	      9842	80001f48	f00102d3	fmv.w.x	f5,x2	  x2:0x00000000  f5=0x00000000
      98465.000 ns	      9845	80001f4c	c00f70d3	fcvt.w.s	x1,f30	 f30:0x3f800000  x1=0x00000001
      98495.000 ns	      9848	80001f50	033521b3	mulhsu	x3,x10,x19	 x10:0xfffffcef x19:0x00000000  x3=0x00000000
      98515.000 ns	      9850	80001f54	93d772b7	lui	x5,0x93d77	  x5=0x93d77000
      98535.000 ns	      9852	80001f58	03a445b3	div	x11,x8,x26	  x8:0x00000001 x26:0x00000000 x11=0xffffffff
      98565.000 ns	      9855	80001f5c	03bd7f33	remu	x30,x26,x27	 x26:0x00000000 x27:0x00000000 x30=0x00000000
      98595.000 ns	      9858	80001f60	a0ce01d3	fle.s	x3,f28,f12	 f28:0x3f800000 f12:0xbf7fff38  x3=0x00000000
      98615.000 ns	      9860	80001f64	3d690013	addi	x0,x18,982	 x18:0x00000000
      98655.000 ns	      9864	80001f68	08d1f7d3	fsub.s	f15,f3,f13	  f3:0x00000000 f13:0x00000001 f15=0x80000001
      98675.000 ns	      9866	80001f6c	df396893	ori	x17,x18,-525	 x18:0x00000000 x17=0xfffffdf3
      99845.000 ns	      9983	80001f70	580df5d3	fsqrt.s	f11,f27	 f27:0x3f800000 f11=0x3f7fffae
      99875.000 ns	      9986	80001f74	f00588d3	fmv.w.x	f17,x11	 x11:0xffffffff f17=0xffffffff
      99905.000 ns	      9989	80001f78	d00c74d3	fcvt.s.w	f9,x24	 x24:0x0000008a  f9=0x430a0000
      99925.000 ns	      9991	80001f7c	40f8d413	srai	x8,x17,0xf	 x17:0xfffffdf3  x8=0xffffffff
     100255.000 ns	     10024	80001f80	18ddfed3	fdiv.s	f29,f27,f13	 f27:0x3f800000 f13:0x00000001 f29=0x7e34b4b6
     100285.000 ns	     10027	80001f84	034966b3	rem	x13,x18,x20	 x18:0x00000000 x20:0x00000000 x13=0x00000000
     100315.000 ns	     10030	80001f88	29ff1e53	fmax.s	f28,f30,f31	 f30:0x3f800000 f31:0x7fc00000 f28=0x3f800000
     100335.000 ns	     10032	80001f8c	408686b3	sub	x13,x13,x8	 x13:0x00000000  x8:0xffffffff x13=0x00000001
     100345.000 ns	     10033	80001f90	01a55033	srl	x0,x10,x26	 x10:0xfffffcef x26:0x00000000
     100365.000 ns	     10035	80001f94	02191533	mulh	x10,x18,x1	 x18:0x00000000  x1:0x00000001 x10=0x00000000
     100385.000 ns	     10037	80001f98	c1522313	slti	x6,x4,-1003	  x4:0x00000000  x6=0x00000000
     100745.000 ns	     10073	80001f9c	02887f33	remu	x30,x16,x8	 x16:0x00000000  x8:0xffffffff x30=0x00000000
     100795.000 ns	     10078	80001fa0	08d1c753	fsub.s	f14,f3,f13	  f3:0x00000000 f13:0x00000001 f14=0x80000001
     100815.000 ns	     10080	80001fa4	6c11f437	lui	x8,0x6c11f	  x8=0x6c11f000
     100825.000 ns	     10081	80001fa8	012210b3	sll	x1,x4,x18	  x4:0x00000000 x18:0x00000000  x1=0x00000000
     100835.000 ns	     10082	80001fac	52f89917	auipc	x18,0x52f89	 x18=0xd2f8afac
     100855.000 ns	     10084	80001fb0	c0167e53	fcvt.wu.s	x28,f12	 f12:0xbf7fff38 x28=0x00000000
     100875.000 ns	     10086	80001fb4	42512413	slti	x8,x2,1061	  x2:0x00000000  x8=0x00000001
     100885.000 ns	     10087	80001fb8	5608e017	auipc	x0,0x5608e	
     100905.000 ns	     10089	80001fbc	02878c33	mul	x24,x15,x8	 x15:0x00000000  x8:0x6c11f000 x24=0x00000000
     100925.000 ns	     10091	80001fc0	c5e73d93	sltiu	x27,x14,-930	 x14:0x7fc00000 x27=0x00000001
     100945.000 ns	     10093	80001fc4	d01e39d3	fcvt.s.wu	f19,x28	 x28:0x00000000 f19=0x00000000
     100975.000 ns	     10096	80001fc8	028c0033	mul	x0,x24,x8	 x24:0x00000000  x8:0x00000001
     101005.000 ns	     10099	80001fcc	e00116d3	fclass.s	x13,f2	  f2:0x3f800000 x13=0x00000040
     101035.000 ns	     10102	80001fd0	033920b3	mulhsu	x1,x18,x19	 x18:0xd2f8afac x19:0x00000000  x1=0x00000000
     101065.000 ns	     10105	80001fd4	d001a453	fcvt.s.w	f8,x3	  x3:0x00000000  f8=0x00000000
     101095.000 ns	     10108	80001fd8	e00290d3	fclass.s	x1,f5	  f5:0x00000000  x1=0x00000010
     101125.000 ns	     10111	80001fdc	026b7eb3	remu	x29,x22,x6	 x22:0x00000312  x6:0x00000000 x29=0x00000312
     101155.000 ns	     10114	80001fe0	29691453	fmax.s	f8,f18,f22	 f18:0x7fc00000 f22:0x00000000  f8=0x00000000
     101175.000 ns	     10116	80001fe4	402f8233	sub	x4,x31,x2	 x31:0x57210e84  x2:0x00000000  x4=0x57210e84
     101215.000 ns	     10120	80001fe8	084770d3	fsub.s	f1,f14,f4	 f14:0x80000001  f4:0x00000000  f1=0x80000001
     101245.000 ns	     10123	80001fec	c0180a53	fcvt.wu.s	x20,f16	 f16:0x3f7fffae x20=0x00000001
     101265.000 ns	     10125	80001ff0	0137e433	or	x8,x15,x19	 x15:0x00000000 x19:0x00000000  x8=0x00000000
     101275.000 ns	     10126	80001ff4	0174d593	srli	x11,x9,0x17	  x9:0x80040fe4 x11=0x00000100
     101635.000 ns	     10162	80001ff8	03f7d833	divu	x16,x15,x31	 x15:0x00000000 x31:0x57210e84 x16=0x00000000
     101665.000 ns	     10165	80001ffc	0215bdb3	mulhu	x27,x11,x1	 x11:0xffffffff  x1:0x00000010 x27=0x00000000
     101685.000 ns	     10167	80002000	0012e5b3	or	x11,x5,x1	  x5:0x93d77000  x1:0x00000010 x11=0x93d77010
     101695.000 ns	     10168	80002004	014f9233	sll	x4,x31,x20	 x31:0x57210e84 x20:0x00000001  x4=0xae421d08
     101715.000 ns	     10170	80002008	a1be21d3	feq.s	x3,f28,f27	 f28:0x3f800000 f27:0x3f800000  x3=0x00000001
     101745.000 ns	     10173	8000200c	030fe533	rem	x10,x31,x16	 x31:0x57210e84 x16:0x00000000 x10=0x57210e84
     101765.000 ns	     10175	80002010	00000013	addi	x0,x0,0	  x0:0x00000000
     101785.000 ns	     10177	80002014	216301d3	fsgnj.s	f3,f6,f22	  f6:0x7fc00000 f22:0x00000000  f3=0x7fc00000
     101805.000 ns	     10179	80002018	001a3bb3	sltu	x23,x20,x1	 x20:0x00000001  x1:0x00000010 x23=0x00000001
     102975.000 ns	     10296	8000201c	580c2d53	fsqrt.s	f26,f24	 f24:0x3f800000 f26=0x3f7fffae
     102995.000 ns	     10298	80002020	008bc233	xor	x4,x23,x8	 x23:0x00000000  x8:0x00000000  x4=0x00000001
     103015.000 ns	     10300	80002024	214a1cd3	fsgnjn.s	f25,f20,f20	 f20:0x3f800000 f20:0x3f800000 f25=0xbf800000
     103035.000 ns	     10302	80002028	23238593	addi	x11,x7,562	  x7:0x00000001 x11=0x00000233
     103055.000 ns	     10304	8000202c	28818753	fmin.s	f14,f3,f8	  f3:0x7fc00000  f8:0x00000000 f14=0x00000000
     103085.000 ns	     10307	80002030	20829453	fsgnjn.s	f8,f5,f8	  f5:0x00000000  f8:0x00000000  f8=0x80000000
     103115.000 ns	     10310	80002034	d0027653	fcvt.s.w	f12,x4	  x4:0x00000001 f12=0x3f800000
     103145.000 ns	     10313	80002038	0233b8b3	mulhu	x17,x7,x3	  x7:0x00000001  x3:0x00000001 x17=0x00000000
     103485.000 ns	     10347	8000203c	1940fc53	fdiv.s	f24,f1,f20	  f1:0x80000001 f20:0x3f800000 f24=0x80000000
     103515.000 ns	     10350	80002040	03ea57b3	divu	x15,x20,x30	 x20:0x00000001 x30:0x00000000 x15=0xffffffff
     103535.000 ns	     10352	80002044	014157b3	srl	x15,x2,x20	  x2:0x00000000 x20:0x00000001 x15=0x00000000
     103555.000 ns	     10354	80002048	a0aba553	feq.s	x10,f23,f10	 f23:0x00000000 f10:0xbf800000 x10=0x00000000
     103575.000 ns	     10356	8000204c	41378bb3	sub	x23,x15,x19	 x15:0xffffffff x19:0x00000000 x23=0x00000000
     103585.000 ns	     10357	80002050	40890c33	sub	x24,x18,x8	 x18:0xd2f8afac  x8:0x00000000 x24=0xd2f8afac
     103605.000 ns	     10359	80002054	0205f133	remu	x2,x11,x0	 x11:0x00000233  x0:0x00000000  x2=0x00000233
     103975.000 ns	     10396	80002058	02e9f5b3	remu	x11,x19,x14	 x19:0x00000000 x14:0x7fc00000 x11=0x00000000
     104005.000 ns	     10399	8000205c	21618e53	fsgnj.s	f28,f3,f22	  f3:0x7fc00000 f22:0x00000000 f28=0x7fc00000
     104035.000 ns	     10402	80002060	21e38b53	fsgnj.s	f22,f7,f30	  f7:0xcefff7df f30:0x3f800000 f22=0x4efff7df
     104055.000 ns	     10404	80002064	01e1f233	and	x4,x3,x30	  x3:0x00000001 x30:0x00000000  x4=0x00000000
     104075.000 ns	     10406	80002068	28d98ad3	fmin.s	f21,f19,f13	 f19:0x00000000 f13:0x00000001 f21=0x00000000
     104095.000 ns	     10408	8000206c	40be5733	sra	x14,x28,x11	 x28:0x00000000 x11:0x00000000 x14=0x00000000
     104105.000 ns	     10409	80002070	01548433	add	x8,x9,x21	  x9:0x80040fe4 x21:0x80041024  x8=0x00082008
     104465.000 ns	     10445	80002074	03586433	rem	x8,x16,x21	 x16:0x00000000 x21:0x80041024  x8=0x00000000
     104485.000 ns	     10447	80002078	0c6f3593	sltiu	x11,x30,198	 x30:0x00000000 x11=0x00000001
     104505.000 ns	     10449	8000207c	a1dbaa53	feq.s	x20,f23,f29	 f23:0x00000000 f29:0x7e34b4b6 x20=0x00000000
     104525.000 ns	     10451	80002080	014241b3	xor	x3,x4,x20	  x4:0x00000000 x20:0x00000001  x3=0x00000000
     104545.000 ns	     10453	80002084	03aea1b3	mulhsu	x3,x29,x26	 x29:0x00000312 x26:0x00000000  x3=0x00000000
     104565.000 ns	     10455	80002088	e4f08397	auipc	x7,0xe4f08	  x7=0x64f0a088
     104605.000 ns	     10459	8000208c	01e63cd3	fadd.s	f25,f12,f30	 f12:0x3f800000 f30:0x3f800000 f25=0x40000000
     104625.000 ns	     10461	80002090	00f75c13	srli	x24,x14,0xf	 x14:0x00000000 x24=0x00000000
     104635.000 ns	     10462	80002094	88b6a613	slti	x12,x13,-1909	 x13:0x00000040 x12=0x00000000
     104655.000 ns	     10464	80002098	d00ea153	fcvt.s.w	f2,x29	 x29:0x00000312  f2=0x44448000
     104685.000 ns	     10467	8000209c	28c50bd3	fmin.s	f23,f10,f12	 f10:0xbf800000 f12:0x3f800000 f23=0xbf800000
     105025.000 ns	     10501	800020a0	181b7fd3	fdiv.s	f31,f22,f1	 f22:0x4efff7df  f1:0x80000001 f31=0xff800000
     105045.000 ns	     10503	800020a4	102dbc37	lui	x24,0x102db	 x24=0x102db000
     105055.000 ns	     10504	800020a8	d11e7313	andi	x6,x28,-751	 x28:0x00000000  x6=0x00000000
     105075.000 ns	     10506	800020ac	02402633	mulhsu	x12,x0,x4	  x0:0x00000000  x4:0x00000000 x12=0x00000000
     105125.000 ns	     10511	800020b0	08ca7153	fsub.s	f2,f20,f12	 f20:0x3f800000 f12:0x3f800000  f2=0x80000000
     105145.000 ns	     10513	800020b4	ebe76f93	ori	x31,x14,-322	 x14:0x00000000 x31=0xfffffebe
     105155.000 ns	     10514	800020b8	00a71033	sll	x0,x14,x10	 x14:0x00000000 x10:0x00000000
     105165.000 ns	     10515	800020bc	00bea0b3	slt	x1,x29,x11	 x29:0x00000312 x11:0x00000001  x1=0x00000000
     105185.000 ns	     10517	800020c0	039daf33	mulhsu	x30,x27,x25	 x27:0x00000000 x25:0x9a07254c x30=0x00000000
     105215.000 ns	     10520	800020c4	025231b3	mulhu	x3,x4,x5	  x4:0x00000000  x5:0x93d77000  x3=0x00000000
     105245.000 ns	     10523	800020c8	d0182253	fcvt.s.wu	f4,x16	 x16:0x00000000  f4=0x00000000
     105275.000 ns	     10526	800020cc	c018fed3	fcvt.wu.s	x29,f17	 f17:0xffffffff x29=0xffffffff
     105315.000 ns	     10530	800020d0	11b07d53	fmul.s	f26,f0,f27	  f0:0xbf7fff38 f27:0x3f800000 f26=0xbf7fff38
     105335.000 ns	     10532	800020d4	017fd233	srl	x4,x31,x23	 x31:0xfffffebe x23:0x00000000  x4=0xfffffebe
     105695.000 ns	     10568	800020d8	03245fb3	divu	x31,x8,x18	  x8:0x00000000 x18:0xd2f8afac x31=0x00000000
     105715.000 ns	     10570	800020dc	e6062213	slti	x4,x12,-416	 x12:0x00000000  x4=0x00000000
     105735.000 ns	     10572	800020e0	03579bb3	mulh	x23,x15,x21	 x15:0x00000000 x21:0x80041024 x23=0x00000000
     105755.000 ns	     10574	800020e4	01a87433	and	x8,x16,x26	 x16:0x00000000 x26:0x00000000  x8=0x00000000
     105765.000 ns	     10575	800020e8	00944533	xor	x10,x8,x9	  x8:0x00000000  x9:0x80040fe4 x10=0x80040fe4
     105795.000 ns	     10578	800020ec	1177fc53	fmul.s	f24,f15,f23	 f15:0x80000001 f23:0xbf800000 f24=0x00000002
     105825.000 ns	     10581	800020f0	28bd0ad3	fmin.s	f21,f26,f11	 f26:0xbf7fff38 f11:0x3f7fffae f21=0xbf7fff38
     105855.000 ns	     10584	800020f4	289a9a53	fmax.s	f20,f21,f9	 f21:0x00000000  f9:0x430a0000 f20=0x430a0000
     105885.000 ns	     10587	800020f8	d00bfbd3	fcvt.s.w	f23,x23	 x23:0x00000000 f23=0x00000000
     105915.000 ns	     10590	800020fc	283f9453	fmax.s	f8,f31,f3	 f31:0xff800000  f3:0x7fc00000  f8=0xff800000
     105945.000 ns	     10593	80002100	28299a53	fmax.s	f20,f19,f2	 f19:0x00000000  f2:0x80000000 f20=0x00000000
     105975.000 ns	     10596	80002104	03476fb3	rem	x31,x14,x20	 x14:0x00000000 x20:0x00000000 x31=0x00000000
     106005.000 ns	     10599	80002108	a0de0a53	fle.s	x20,f28,f13	 f28:0x7fc00000 f13:0x00000001 x20=0x00000000
     106035.000 ns	     10602	8000210c	d006aed3	fcvt.s.w	f29,x13	 x13:0x00000040 f29=0x42800000
     106065.000 ns	     10605	80002110	c0051c53	fcvt.w.s	x24,f10	 f10:0xbf800000 x24=0xffffffff
     106085.000 ns	     10607	80002114	39243713	sltiu	x14,x8,914	  x8:0x00000000 x14=0x00000001
     106095.000 ns	     10608	80002118	00ec32b3	sltu	x5,x24,x14	 x24:0xffffffff x14:0x00000000  x5=0x00000000
     106105.000 ns	     10609	8000211c	0142c7b3	xor	x15,x5,x20	  x5:0x93d77000 x20:0x00000000 x15=0x00000000
     106115.000 ns	     10610	80002120	31c1a513	slti	x10,x3,796	  x3:0x00000000 x10=0x00000001
     106125.000 ns	     10611	80002124	1deeb993	sltiu	x19,x29,478	 x29:0xffffffff x19=0x00000000
     106135.000 ns	     10612	80002128	012f97b3	sll	x15,x31,x18	 x31:0x00000000 x18:0xd2f8afac x15=0x00000000
     106155.000 ns	     10614	8000212c	e0060f53	fmv.x.w	x30,f12	 f12:0x3f800000 x30=0x3f800000
     106185.000 ns	     10617	80002130	02f2c2b3	div	x5,x5,x15	  x5:0x00000000 x15:0x00000000  x5=0xffffffff
     106215.000 ns	     10620	80002134	c019f5d3	fcvt.wu.s	x11,f19	 f19:0x00000000 x11=0x00000000
     106235.000 ns	     10622	80002138	402f03b3	sub	x7,x30,x2	 x30:0x3f800000  x2:0x00000233  x7=0x3f7ffdcd
     106265.000 ns	     10625	8000213c	580af153	fsqrt.s	f2,f21	 f21:0xbf7fff38  f2=0x7fc00000
     106285.000 ns	     10627	80002140	3e5ef113	andi	x2,x29,997	 x29:0xffffffff  x2=0x000003e5
     106295.000 ns	     10628	80002144	22251f17	auipc	x30,0x22251	 x30=0xa2253144
     106315.000 ns	     10630	80002148	02771233	mulh	x4,x14,x7	 x14:0x00000001  x7:0x3f7ffdcd  x4=0x00000000
     106355.000 ns	     10634	8000214c	186e7c53	fdiv.s	f24,f28,f6	 f28:0x7fc00000  f6:0x7fc00000 f24=0x7fc00000
     106375.000 ns	     10636	80002150	00d167b3	or	x15,x2,x13	  x2:0x000003e5 x13:0x00000040 x15=0x000003e5
     106395.000 ns	     10638	80002154	03cc29b3	mulhsu	x19,x24,x28	 x24:0xffffffff x28:0x00000000 x19=0x00000000
     106425.000 ns	     10641	80002158	03a782b3	mul	x5,x15,x26	 x15:0x00000000 x26:0x00000000  x5=0x00000000
     106765.000 ns	     10675	8000215c	18f78053	fdiv.s	f0,f15,f15	 f15:0x80000001 f15:0x80000001  f0=0x33b4b4b7
     106785.000 ns	     10677	80002160	e4261037	lui	x0,0xe4261	
     106805.000 ns	     10679	80002164	a0030f53	fle.s	x30,f6,f0	  f6:0x7fc00000  f0:0x33b4b4b7 x30=0x00000000
     106825.000 ns	     10681	80002168	00e7f3b3	and	x7,x15,x14	 x15:0x000003e5 x14:0x00000001  x7=0x00000001
     106845.000 ns	     10683	8000216c	d01c7b53	fcvt.s.wu	f22,x24	 x24:0xffffffff f22=0x4f7fffff
     106865.000 ns	     10685	80002170	013bd933	srl	x18,x23,x19	 x23:0x00000000 x19:0x00000000 x18=0x00000000
     106875.000 ns	     10686	80002174	29165a17	auipc	x20,0x29165	 x20=0xa9167174
     106895.000 ns	     10688	80002178	034f2b33	mulhsu	x22,x30,x20	 x30:0x00000000 x20:0x00000000 x22=0x00000000
     106925.000 ns	     10691	8000217c	d00cf5d3	fcvt.s.w	f11,x25	 x25:0x9a07254c f11=0xcecbf1b5
     106945.000 ns	     10693	80002180	7af64bb7	lui	x23,0x7af64	 x23=0x7af64000
     106955.000 ns	     10694	80002184	d7064713	xori	x14,x12,-656	 x12:0x00000000 x14=0xfffffd70
     106965.000 ns	     10695	80002188	00000013	addi	x0,x0,0	  x0:0x00000000
     106985.000 ns	     10697	8000218c	21fc85d3	fsgnj.s	f11,f25,f31	 f25:0x40000000 f31:0xff800000 f11=0xc0000000
     107035.000 ns	     10702	80002190	00dd7853	fadd.s	f16,f26,f13	 f26:0xbf7fff38 f13:0x00000001 f16=0xbf7fff38
     107055.000 ns	     10704	80002194	00de9793	slli	x15,x29,0xd	 x29:0xffffffff x15=0xffffe000
     107065.000 ns	     10705	80002198	40a8d893	srai	x17,x17,0xa	 x17:0x00000000 x17=0x00000000
     107075.000 ns	     10706	8000219c	0012a433	slt	x8,x5,x1	  x5:0x00000000  x1:0x00000000  x8=0x00000000
     107085.000 ns	     10707	800021a0	40f6d0b3	sra	x1,x13,x15	 x13:0x00000040 x15:0xffffe000  x1=0x00000040
     107105.000 ns	     10709	800021a4	e00a0053	fmv.x.w	x0,f20	 f20:0x00000000
     107145.000 ns	     10713	800021a8	1973bad3	fdiv.s	f21,f7,f23	  f7:0xcefff7df f23:0x00000000 f21=0xff800000
     107165.000 ns	     10715	800021ac	0c87e393	ori	x7,x15,200	 x15:0xffffe000  x7=0xffffe0c8
     107185.000 ns	     10717	800021b0	20521653	fsgnjn.s	f12,f4,f5	  f4:0x00000000  f5:0x00000000 f12=0x80000000
     107205.000 ns	     10719	800021b4	00b66b33	or	x22,x12,x11	 x12:0x00000000 x11:0x00000000 x22=0x00000000
     107215.000 ns	     10720	800021b8	01eeb633	sltu	x12,x29,x30	 x29:0xffffffff x30:0x00000000 x12=0x00000000
     107235.000 ns	     10722	800021bc	d01dfbd3	fcvt.s.wu	f23,x27	 x27:0x00000000 f23=0x00000000
     107255.000 ns	     10724	800021c0	75cabf93	sltiu	x31,x21,1884	 x21:0x80041024 x31=0x00000000
     107275.000 ns	     10726	800021c4	a0e20253	fle.s	x4,f4,f14	  f4:0x00000000 f14:0x00000000  x4=0x00000001
     107295.000 ns	     10728	800021c8	8c056613	ori	x12,x10,-1856	 x10:0x00000001 x12=0xfffff8c1
     107315.000 ns	     10730	800021cc	f00f8f53	fmv.w.x	f30,x31	 x31:0x00000000 f30=0x00000000
     107335.000 ns	     10732	800021d0	8cc39d17	auipc	x26,0x8cc39	 x26=0x0cc3b1d0
     107695.000 ns	     10768	800021d4	02494533	div	x10,x18,x4	 x18:0x00000000  x4:0x00000001 x10=0x00000000
     107715.000 ns	     10770	800021d8	a5a6cb37	lui	x22,0xa5a6c	 x22=0xa5a6c000
     107735.000 ns	     10772	800021dc	a1bd9d53	flt.s	x26,f27,f27	 f27:0x3f800000 f27:0x3f800000 x26=0x00000000
     107765.000 ns	     10775	800021e0	c0134253	fcvt.wu.s	x4,f6	  f6:0x7fc00000  x4=0xffffffff
     107805.000 ns	     10779	800021e4	11b29dd3	fmul.s	f27,f5,f27	  f5:0x00000000 f27:0x3f800000 f27=0x00000000
     107825.000 ns	     10781	800021e8	405352b3	sra	x5,x6,x5	  x6:0x00000000  x5:0x00000000  x5=0x00000000
     107835.000 ns	     10782	800021ec	fd403b17	auipc	x22,0xfd403	 x22=0x7d4051ec
     107855.000 ns	     10784	800021f0	c01e7d53	fcvt.wu.s	x26,f28	 f28:0x7fc00000 x26=0xffffffff
     107875.000 ns	     10786	800021f4	0114a9b3	slt	x19,x9,x17	  x9:0x80040fe4 x17:0x00000000 x19=0x00000001
     107895.000 ns	     10788	800021f8	e0071f53	fclass.s	x30,f14	 f14:0x00000000 x30=0x00000010
     107915.000 ns	     10790	800021fc	00000013	addi	x0,x0,0	  x0:0x00000000
     107935.000 ns	     10792	80002200	d01bf1d3	fcvt.s.wu	f3,x23	 x23:0x7af64000  f3=0x4ef5ec80
     107965.000 ns	     10795	80002204	216284d3	fsgnj.s	f9,f5,f22	  f5:0x00000000 f22:0x4f7fffff  f9=0x00000000
     108015.000 ns	     10800	80002208	010effd3	fadd.s	f31,f29,f16	 f29:0x42800000 f16:0xbf7fff38 f31=0x427c0002
     108045.000 ns	     10803	8000220c	02ee9533	mulh	x10,x29,x14	 x29:0xffffffff x14:0xfffffd70 x10=0x00000000
     108075.000 ns	     10806	80002210	c0158d53	fcvt.wu.s	x26,f11	 f11:0xc0000000 x26=0x00000002
     108095.000 ns	     10808	80002214	7e357093	andi	x1,x10,2019	 x10:0x00000000  x1=0x00000000
     108105.000 ns	     10809	80002218	4c6d4e13	xori	x28,x26,1222	 x26:0x00000002 x28=0x000004c4
     108125.000 ns	     10811	8000221c	e00e8fd3	fmv.x.w	x31,f29	 f29:0x42800000 x31=0x42800000
     108145.000 ns	     10813	80002220	0154da33	srl	x20,x9,x21	  x9:0x80040fe4 x21:0x80041024 x20=0x080040fe
     108155.000 ns	     10814	80002224	92a90313	addi	x6,x18,-1750	 x18:0x00000000  x6=0xfffff92a
     108175.000 ns	     10816	80002228	f0018bd3	fmv.w.x	f23,x3	  x3:0x00000000 f23=0x00000000
     108205.000 ns	     10819	8000222c	03a68bb3	mul	x23,x13,x26	 x13:0x00000040 x26:0x00000002 x23=0x00000080
     108245.000 ns	     10823	80002230	1135cf53	fmul.s	f30,f11,f19	 f11:0xc0000000 f19:0x00000000 f30=0x80000000
     108275.000 ns	     10826	80002234	29190ed3	fmin.s	f29,f18,f17	 f18:0x7fc00000 f17:0xffffffff f29=0x7fc00000
     109455.000 ns	     10944	80002238	580ca753	fsqrt.s	f14,f25	 f25:0x40000000 f14=0x3f350482
     109475.000 ns	     10946	8000223c	14693d93	sltiu	x27,x18,326	 x18:0x00000000 x27=0x00000001
     109505.000 ns	     10949	80002240	1176b853	fmul.s	f16,f13,f23	 f13:0x00000001 f23:0x00000000 f16=0x00000000
     109535.000 ns	     10952	80002244	20ac2753	fsgnjx.s	f14,f24,f10	 f24:0x7fc00000 f10:0xbf800000 f14=0xffc00000
     109555.000 ns	     10954	80002248	0135cdb3	xor	x27,x11,x19	 x11:0x00000000 x19:0x00000001 x27=0x00000001
     109565.000 ns	     10955	8000224c	41cad813	srai	x16,x21,0x1c	 x21:0x80041024 x16=0xfffffff8
     109575.000 ns	     10956	80002250	00000013	addi	x0,x0,0	  x0:0x00000000
     109595.000 ns	     10958	80002254	c01b91d3	fcvt.wu.s	x3,f23	 f23:0x00000000  x3=0x00000000
     109615.000 ns	     10960	80002258	7c25c313	xori	x6,x11,1986	 x11:0x00000000  x6=0x000007c2
     109635.000 ns	     10962	8000225c	a1ae0f53	fle.s	x30,f28,f26	 f28:0x7fc00000 f26:0xbf7fff38 x30=0x00000000
     109655.000 ns	     10964	80002260	40aa5113	srai	x2,x20,0xa	 x20:0x080040fe  x2=0x00020010
     109675.000 ns	     10966	80002264	037f8c33	mul	x24,x31,x23	 x31:0x42800000 x23:0x00000080 x24=0x40000000
     109715.000 ns	     10970	80002268	19de26d3	fdiv.s	f13,f28,f29	 f28:0x7fc00000 f29:0x7fc00000 f13=0x7fc00000
     109735.000 ns	     10972	8000226c	01b431b3	sltu	x3,x8,x27	  x8:0x00000000 x27:0x00000001  x3=0x00000001
     109755.000 ns	     10974	80002270	e00195d3	fclass.s	x11,f3	  f3:0x4ef5ec80 x11=0x00000040
     109775.000 ns	     10976	80002274	90d3fd13	andi	x26,x7,-1779	  x7:0xffffe0c8 x26=0xffffe008
     109815.000 ns	     10980	80002278	01b47e53	fadd.s	f28,f8,f27	  f8:0xff800000 f27:0x00000000 f28=0xff800000
     109845.000 ns	     10983	8000227c	e00296d3	fclass.s	x13,f5	  f5:0x00000000 x13=0x00000010
     109875.000 ns	     10986	80002280	038f0633	mul	x12,x30,x24	 x30:0x00000000 x24:0x40000000 x12=0x00000000
     109895.000 ns	     10988	80002284	c82bc137	lui	x2,0xc82bc	  x2=0xc82bc000
     109915.000 ns	     10990	80002288	20779bd3	fsgnjn.s	f23,f15,f7	 f15:0x80000001  f7:0xcefff7df f23=0x00000001
     109965.000 ns	     10995	8000228c	08cc9853	fsub.s	f16,f25,f12	 f25:0x40000000 f12:0x80000000 f16=0x40000000
     109985.000 ns	     10997	80002290	01b6c133	xor	x2,x13,x27	 x13:0x00000010 x27:0x00000001  x2=0x00000011
     109995.000 ns	     10998	80002294	40d8d6b3	sra	x13,x17,x13	 x17:0x00000000 x13:0x00000010 x13=0x00000000
     110035.000 ns	     11002	80002298	00571253	fadd.s	f4,f14,f5	 f14:0xffc00000  f5:0x00000000  f4=0x7fc00000
     110055.000 ns	     11004	8000229c	00d12a17	auipc	x20,0xd12	 x20=0x80d1429c
     110065.000 ns	     11005	800022a0	72236813	ori	x16,x6,1826	  x6:0x000007c2 x16=0x000007e2
     110085.000 ns	     11007	800022a4	21c2a553	fsgnjx.s	f10,f5,f28	  f5:0x00000000 f28:0xff800000 f10=0x80000000
     110105.000 ns	     11009	800022a8	5a48ed37	lui	x26,0x5a48e	 x26=0x5a48e000
     110125.000 ns	     11011	800022ac	e0068153	fmv.x.w	x2,f13	 f13:0x7fc00000  x2=0x7fc00000
     110155.000 ns	     11014	800022b0	20d010d3	fsgnjn.s	f1,f0,f13	  f0:0x33b4b4b7 f13:0x7fc00000  f1=0xb3b4b4b7
     110175.000 ns	     11016	800022b4	0002cc33	xor	x24,x5,x0	  x5:0x00000000  x0:0x00000000 x24=0x00000000
     110195.000 ns	     11018	800022b8	f00b0153	fmv.w.x	f2,x22	 x22:0x7d4051ec  f2=0x7d4051ec
     110215.000 ns	     11020	800022bc	dc3cb213	sltiu	x4,x25,-573	 x25:0x9a07254c  x4=0x00000001
     110225.000 ns	     11021	800022c0	01ecd133	srl	x2,x25,x30	 x25:0x9a07254c x30:0x00000000  x2=0x9a07254c
     110245.000 ns	     11023	800022c4	28b50ad3	fmin.s	f21,f10,f11	 f10:0x80000000 f11:0xc0000000 f21=0xc0000000
     110265.000 ns	     11025	800022c8	0bb8b413	sltiu	x8,x17,187	 x17:0x00000000  x8=0x00000001
     110275.000 ns	     11026	800022cc	e00eeb17	auipc	x22,0xe00ee	 x22=0x600f02cc
     110285.000 ns	     11027	800022d0	008d3db3	sltu	x27,x26,x8	 x26:0x5a48e000  x8:0x00000000 x27=0x00000000
     110305.000 ns	     11029	800022d4	e0038553	fmv.x.w	x10,f7	  f7:0xcefff7df x10=0xcefff7df
     110335.000 ns	     11032	800022d8	e00f85d3	fmv.x.w	x11,f31	 f31:0x427c0002 x11=0x427c0002
     110355.000 ns	     11034	800022dc	006f5093	srli	x1,x30,0x6	 x30:0x00000000  x1=0x00000000
     110385.000 ns	     11037	800022e0	10df7d53	fmul.s	f26,f30,f13	 f30:0x80000000 f13:0x7fc00000 f26=0x7fc00000
     110415.000 ns	     11040	800022e4	214ea8d3	fsgnjx.s	f17,f29,f20	 f29:0x7fc00000 f20:0x00000000 f17=0x7fc00000
     110435.000 ns	     11042	800022e8	2daecf93	xori	x31,x29,730	 x29:0xffffffff x31=0xfffffd25
     110445.000 ns	     11043	800022ec	41f95293	srai	x5,x18,0x1f	 x18:0x00000000  x5=0x00000000
     110465.000 ns	     11045	800022f0	03f8bbb3	mulhu	x23,x17,x31	 x17:0x00000000 x31:0x42800000 x23=0x00000000
     110515.000 ns	     11050	800022f4	088f75d3	fsub.s	f11,f30,f8	 f30:0x80000000  f8:0xff800000 f11=0x7f800000
     110545.000 ns	     11053	800022f8	28f71053	fmax.s	f0,f14,f15	 f14:0xffc00000 f15:0x80000001  f0=0x80000001
     110565.000 ns	     11055	800022fc	00000013	addi	x0,x0,0	  x0:0x00000000
     110585.000 ns	     11057	80002300	29829f53	fmax.s	f30,f5,f24	  f5:0x00000000 f24:0x7fc00000 f30=0x00000000
     110615.000 ns	     11060	80002304	a1901553	flt.s	x10,f0,f25	  f0:0x80000001 f25:0x40000000 x10=0x00000001
     110635.000 ns	     11062	80002308	5d7d0937	lui	x18,0x5d7d0	 x18=0x5d7d0000
     110645.000 ns	     11063	8000230c	90cffa13	andi	x20,x31,-1780	 x31:0xfffffd25 x20=0xfffff904
     110655.000 ns	     11064	80002310	00000013	addi	x0,x0,0	  x0:0x00000000
     110675.000 ns	     11066	80002314	f0018d53	fmv.w.x	f26,x3	  x3:0x00000001 f26=0x00000001
     110725.000 ns	     11071	80002318	01e02653	fadd.s	f12,f0,f30	  f0:0x80000001 f30:0x00000000 f12=0x80000001
     110765.000 ns	     11075	8000231c	103533d3	fmul.s	f7,f10,f3	 f10:0x80000000  f3:0x4ef5ec80  f7=0x80000000
     110795.000 ns	     11078	80002320	c001c5d3	fcvt.w.s	x11,f3	  f3:0x4ef5ec80 x11=0x7af64000
     110815.000 ns	     11080	80002324	00349633	sll	x12,x9,x3	  x9:0x80040fe4  x3:0x00000001 x12=0x00081fc8
     110855.000 ns	     11084	80002328	019325d3	fadd.s	f11,f6,f25	  f6:0x7fc00000 f25:0x40000000 f11=0x7fc00000
     110875.000 ns	     11086	8000232c	00000013	addi	x0,x0,0	  x0:0x00000000
     110885.000 ns	     11087	80002330	01cf9993	slli	x19,x31,0x1c	 x31:0xfffffd25 x19=0x50000000
     110905.000 ns	     11089	80002334	d0067c53	fcvt.s.w	f24,x12	 x12:0x00081fc8 f24=0x4901fc80
     110925.000 ns	     11091	80002338	009169b3	or	x19,x2,x9	  x2:0x9a07254c  x9:0x80040fe4 x19=0x9a072fec
     110935.000 ns	     11092	8000233c	e04b8693	addi	x13,x23,-508	 x23:0x00000000 x13=0xfffffe04
     110955.000 ns	     11094	80002340	03b8c9b3	div	x19,x17,x27	 x17:0x00000000 x27:0x00000000 x19=0xffffffff
     110995.000 ns	     11098	80002344	1895f8d3	fdiv.s	f17,f11,f9	 f11:0x7fc00000  f9:0x00000000 f17=0x7fc00000
     111015.000 ns	     11100	80002348	010f5c33	srl	x24,x30,x16	 x30:0x00000000 x16:0x000007e2 x24=0x00000000
     111035.000 ns	     11102	8000234c	a0012153	feq.s	x2,f2,f0	  f2:0x7d4051ec  f0:0x80000001  x2=0x00000000
     111065.000 ns	     11105	80002350	03099533	mulh	x10,x19,x16	 x19:0xffffffff x16:0x000007e2 x10=0xffffffff
     111095.000 ns	     11108	80002354	28af0e53	fmin.s	f28,f30,f10	 f30:0x00000000 f10:0x80000000 f28=0x80000000
     111125.000 ns	     11111	80002358	030b9033	mulh	x0,x23,x16	 x23:0x00000000 x16:0x000007e2
     111145.000 ns	     11113	8000235c	41e459b3	sra	x19,x8,x30	  x8:0x00000001 x30:0x00000000 x19=0x00000001
     111165.000 ns	     11115	80002360	c01aab53	fcvt.wu.s	x22,f21	 f21:0xc0000000 x22=0x00000002
     111195.000 ns	     11118	80002364	034110b3	mulh	x1,x2,x20	  x2:0x00000000 x20:0xfffff904  x1=0x00000000
     111225.000 ns	     11121	80002368	204e1653	fsgnjn.s	f12,f28,f4	 f28:0x80000000  f4:0x7fc00000 f12=0x80000000
     111245.000 ns	     11123	8000236c	41dede93	srai	x29,x29,0x1d	 x29:0xffffffff x29=0xffffffff
     111265.000 ns	     11125	80002370	20402553	fsgnjx.s	f10,f0,f4	  f0:0x80000001  f4:0x7fc00000 f10=0x80000001
     111285.000 ns	     11127	80002374	2af66093	ori	x1,x12,687	 x12:0x00081fc8  x1=0x00081fef
     111305.000 ns	     11129	80002378	29be0653	fmin.s	f12,f28,f27	 f28:0x80000000 f27:0x00000000 f12=0x80000000
     111325.000 ns	     11131	8000237c	01a19f93	slli	x31,x3,0x1a	  x3:0x00000001 x31=0x04000000
     111345.000 ns	     11133	80002380	21508dd3	fsgnj.s	f27,f1,f21	  f1:0xb3b4b4b7 f21:0xc0000000 f27=0xb3b4b4b7
     111365.000 ns	     11135	80002384	72427813	andi	x16,x4,1828	  x4:0x00000001 x16=0x00000000
     111385.000 ns	     11137	80002388	e0009053	fclass.s	x0,f1	  f1:0xb3b4b4b7
     111405.000 ns	     11139	8000238c	e94c6117	auipc	x2,0xe94c6	  x2=0x694c838c
     111415.000 ns	     11140	80002390	008c9993	slli	x19,x25,0x8	 x25:0x9a07254c x19=0x07254c00
     111425.000 ns	     11141	80002394	ecb57293	andi	x5,x10,-309	 x10:0xffffffff  x5=0xfffffecb
     111465.000 ns	     11145	80002398	01558953	fadd.s	f18,f11,f21	 f11:0x7fc00000 f21:0xc0000000 f18=0x7fc00000
     111495.000 ns	     11148	8000239c	0314ec33	rem	x24,x9,x17	  x9:0x80040fe4 x17:0x00000000 x24=0x80040fe4
     111525.000 ns	     11151	800023a0	02a496b3	mulh	x13,x9,x10	  x9:0x80040fe4 x10:0xffffffff x13=0x00000000
     111555.000 ns	     11154	800023a4	a0fa89d3	fle.s	x19,f21,f15	 f21:0xc0000000 f15:0x80000001 x19=0x00000001
     111605.000 ns	     11159	800023a8	01f32ed3	fadd.s	f29,f6,f31	  f6:0x7fc00000 f31:0x427c0002 f29=0x7fc00000
     111635.000 ns	     11162	800023ac	a07e2053	feq.s	x0,f28,f7	 f28:0x80000000  f7:0x80000000
     111655.000 ns	     11164	800023b0	01e1b7b3	sltu	x15,x3,x30	  x3:0x00000001 x30:0x00000000 x15=0x00000000
     111675.000 ns	     11166	800023b4	03188733	mul	x14,x17,x17	 x17:0x00000000 x17:0x00000000 x14=0x00000000
     111725.000 ns	     11171	800023b8	00c778d3	fadd.s	f17,f14,f12	 f14:0xffc00000 f12:0x80000000 f17=0x7fc00000
     111745.000 ns	     11173	800023bc	a8168613	addi	x12,x13,-1407	 x13:0x00000000 x12=0xfffffa81
     111755.000 ns	     11174	800023c0	407a8533	sub	x10,x21,x7	 x21:0x80041024  x7:0xffffe0c8 x10=0x80042f5c
     111775.000 ns	     11176	800023c4	d00bf853	fcvt.s.w	f16,x23	 x23:0x00000000 f16=0x00000000
     111825.000 ns	     11181	800023c8	090028d3	fsub.s	f17,f0,f16	  f0:0x80000001 f16:0x40000000 f17=0x80000001
     111845.000 ns	     11183	800023cc	6db86693	ori	x13,x16,1755	 x16:0x00000000 x13=0x000006db
     111855.000 ns	     11184	800023d0	b76c7337	lui	x6,0xb76c7	  x6=0xb76c7000
     111875.000 ns	     11186	800023d4	e00e16d3	fclass.s	x13,f28	 f28:0x80000000 x13=0x00000008
     111895.000 ns	     11188	800023d8	09ea3317	auipc	x6,0x9ea3	  x6=0x89ea53d8
     111915.000 ns	     11190	800023dc	a19b9a53	flt.s	x20,f23,f25	 f23:0x00000001 f25:0x40000000 x20=0x00000001
     111945.000 ns	     11193	800023e0	21fc10d3	fsgnjn.s	f1,f24,f31	 f24:0x4901fc80 f31:0x427c0002  f1=0xc901fc80
     111975.000 ns	     11196	800023e4	a1381b53	flt.s	x22,f16,f19	 f16:0x00000000 f19:0x00000000 x22=0x00000000
     111995.000 ns	     11198	800023e8	60582593	slti	x11,x16,1541	 x16:0x00000000 x11=0x00000001
     112005.000 ns	     11199	800023ec	01442fb3	slt	x31,x8,x20	  x8:0x00000001 x20:0x00000001 x31=0x00000000
     112015.000 ns	     11200	800023f0	16c568b7	lui	x17,0x16c56	 x17=0x16c56000
     112025.000 ns	     11201	800023f4	00000013	addi	x0,x0,0	  x0:0x00000000
     112045.000 ns	     11203	800023f8	21509cd3	fsgnjn.s	f25,f1,f21	  f1:0xc901fc80 f21:0xc0000000 f25=0x4901fc80
     112095.000 ns	     11208	800023fc	09e7b253	fsub.s	f4,f15,f30	 f15:0x80000001 f30:0x00000000  f4=0x80000001
     112125.000 ns	     11211	80002400	e00896d3	fclass.s	x13,f17	 f17:0x80000001 x13=0x00000004
     112145.000 ns	     11213	80002404	319c6813	ori	x16,x24,793	 x24:0x80040fe4 x16=0x80040ffd
     112165.000 ns	     11215	80002408	f0050a53	fmv.w.x	f20,x10	 x10:0x80042f5c f20=0x80042f5c
     112185.000 ns	     11217	8000240c	b737dfb7	lui	x31,0xb737d	 x31=0xb737d000
     112195.000 ns	     11218	80002410	01416bb3	or	x23,x2,x20	  x2:0x694c838c x20:0x00000001 x23=0x694c838d
     112205.000 ns	     11219	80002414	014f1b13	slli	x22,x30,0x14	 x30:0x00000000 x22=0x00000000
     112215.000 ns	     11220	80002418	c155ce13	xori	x28,x11,-1003	 x11:0x00000001 x28=0xfffffc14
     112235.000 ns	     11222	8000241c	d01079d3	fcvt.s.wu	f19,x0	  x0:0x00000000 f19=0x00000000
     112255.000 ns	     11224	80002420	009297b3	sll	x15,x5,x9	  x5:0xfffffecb  x9:0x80040fe4 x15=0xffffecb0
     112275.000 ns	     11226	80002424	28069cd3	fmax.s	f25,f13,f0	 f13:0x7fc00000  f0:0x80000001 f25=0x80000001
     112295.000 ns	     11228	80002428	000975b3	and	x11,x18,x0	 x18:0x5d7d0000  x0:0x00000000 x11=0x00000000
     112315.000 ns	     11230	8000242c	21480bd3	fsgnj.s	f23,f16,f20	 f16:0x00000000 f20:0x80042f5c f23=0x80000000
     112335.000 ns	     11232	80002430	4bf75897	auipc	x17,0x4bf75	 x17=0xcbf77430
     112355.000 ns	     11234	80002434	c00a8853	fcvt.w.s	x16,f21	 f21:0xc0000000 x16=0xfffffffe
     112375.000 ns	     11236	80002438	74c98e93	addi	x29,x19,1868	 x19:0x00000001 x29=0x0000074d
     112385.000 ns	     11237	8000243c	41f0d133	sra	x2,x1,x31	  x1:0x00081fef x31:0xb737d000  x2=0x00081fef
     112415.000 ns	     11240	80002440	5802a253	fsqrt.s	f4,f5	  f5:0x00000000  f4=0x00000000
     112435.000 ns	     11242	80002444	403b51b3	sra	x3,x22,x3	 x22:0x00000000  x3:0x00000001  x3=0x00000000
     112445.000 ns	     11243	80002448	01239b13	slli	x22,x7,0x12	  x7:0xffffe0c8 x22=0x83200000
     112455.000 ns	     11244	8000244c	03812c13	slti	x24,x2,56	  x2:0x00081fef x24=0x00000000
     112465.000 ns	     11245	80002450	00b4d8b3	srl	x17,x9,x11	  x9:0x80040fe4 x11:0x00000000 x17=0x80040fe4
     112485.000 ns	     11247	80002454	21610a53	fsgnj.s	f20,f2,f22	  f2:0x7d4051ec f22:0x4f7fffff f20=0x7d4051ec
     112505.000 ns	     11249	80002458	8582c413	xori	x8,x5,-1960	  x5:0xfffffecb  x8=0x00000693
     112525.000 ns	     11251	8000245c	023009b3	mul	x19,x0,x3	  x0:0x00000000  x3:0x00000000 x19=0x00000000
     112895.000 ns	     11288	80002460	035dffb3	remu	x31,x27,x21	 x27:0x00000000 x21:0x80041024 x31=0x00000000
     113265.000 ns	     11325	80002464	02f7efb3	rem	x31,x15,x15	 x15:0xffffecb0 x15:0xffffecb0 x31=0x00000000
     113285.000 ns	     11327	80002468	4142dbb3	sra	x23,x5,x20	  x5:0xfffffecb x20:0x00000001 x23=0xffffff65
     113295.000 ns	     11328	8000246c	41785f13	srai	x30,x16,0x17	 x16:0xfffffffe x30=0xffffffff
     113305.000 ns	     11329	80002470	412e0c33	sub	x24,x28,x18	 x28:0xfffffc14 x18:0x5d7d0000 x24=0xa282fc14
     113325.000 ns	     11331	80002474	a1002ed3	feq.s	x29,f0,f16	  f0:0x80000001 f16:0x00000000 x29=0x00000000
     113355.000 ns	     11334	80002478	02b76033	rem	x0,x14,x11	 x14:0x00000000 x11:0x00000000
     113385.000 ns	     11337	8000247c	20922b53	fsgnjx.s	f22,f4,f9	  f4:0x00000000  f9:0x00000000 f22=0x00000000
     113435.000 ns	     11342	80002480	0044f3d3	fadd.s	f7,f9,f4	  f9:0x00000000  f4:0x00000000  f7=0x00000000
     113455.000 ns	     11344	80002484	008c2eb3	slt	x29,x24,x8	 x24:0xa282fc14  x8:0x00000693 x29=0x00000001
     113495.000 ns	     11348	80002488	003571d3	fadd.s	f3,f10,f3	 f10:0x80000001  f3:0x4ef5ec80  f3=0x4ef5ec80
     113515.000 ns	     11350	8000248c	00d7d7b3	srl	x15,x15,x13	 x15:0xffffecb0 x13:0x00000004 x15=0x0ffffecb
     113535.000 ns	     11352	80002490	03861733	mulh	x14,x12,x24	 x12:0xfffffa81 x24:0xa282fc14 x14=0x00000201
     113555.000 ns	     11354	80002494	01968933	add	x18,x13,x25	 x13:0x00000004 x25:0x9a07254c x18=0x9a072550
     113915.000 ns	     11390	80002498	0269ea33	rem	x20,x19,x6	 x19:0x00000000  x6:0x89ea53d8 x20=0x00000000
     113945.000 ns	     11393	8000249c	d012ad53	fcvt.s.wu	f26,x5	  x5:0xfffffecb f26=0x4f7fffff
     113965.000 ns	     11395	800024a0	40ba5213	srai	x4,x20,0xb	 x20:0x00000000  x4=0x00000000
     113985.000 ns	     11397	800024a4	036796b3	mulh	x13,x15,x22	 x15:0x0ffffecb x22:0x83200000 x13=0xf8320096
     114015.000 ns	     11400	800024a8	e00890d3	fclass.s	x1,f17	 f17:0x80000001  x1=0x00000004
     114035.000 ns	     11402	800024ac	010f3d33	sltu	x26,x30,x16	 x30:0xffffffff x16:0xfffffffe x26=0x00000000
     114045.000 ns	     11403	800024b0	e57fe913	ori	x18,x31,-425	 x31:0x00000000 x18=0xfffffe57
     114055.000 ns	     11404	800024b4	9d486637	lui	x12,0x9d486	 x12=0x9d486000
     114075.000 ns	     11406	800024b8	212e8dd3	fsgnj.s	f27,f29,f18	 f29:0x7fc00000 f18:0x7fc00000 f27=0x7fc00000
     114105.000 ns	     11409	800024bc	02bd8733	mul	x14,x27,x11	 x27:0x00000000 x11:0x00000000 x14=0x00000000
     114125.000 ns	     11411	800024c0	004dd313	srli	x6,x27,0x4	 x27:0x00000000  x6=0x00000000
     114135.000 ns	     11412	800024c4	013e0bb3	add	x23,x28,x19	 x28:0xfffffc14 x19:0x00000000 x23=0xfffffc14
     114155.000 ns	     11414	800024c8	c01f2ed3	fcvt.wu.s	x29,f30	 f30:0x00000000 x29=0x00000000
     114175.000 ns	     11416	800024cc	4183da13	srai	x20,x7,0x18	  x7:0xffffe0c8 x20=0xffffffff
     114185.000 ns	     11417	800024d0	75ff0e97	auipc	x29,0x75ff0	 x29=0xf5ff24d0
     114195.000 ns	     11418	800024d4	f0297117	auipc	x2,0xf0297	  x2=0x702994d4
     114235.000 ns	     11422	800024d8	016cf3d3	fadd.s	f7,f25,f22	 f25:0x80000001 f22:0x00000000  f7=0x80000001
     114265.000 ns	     11425	800024dc	21acaed3	fsgnjx.s	f29,f25,f26	 f25:0x80000001 f26:0x4f7fffff f29=0x80000001
     114295.000 ns	     11428	800024e0	20a324d3	fsgnjx.s	f9,f6,f10	  f6:0x7fc00000 f10:0x80000001  f9=0xffc00000
     114325.000 ns	     11431	800024e4	219aa753	fsgnjx.s	f14,f21,f25	 f21:0xc0000000 f25:0x80000001 f14=0x40000000
     114345.000 ns	     11433	800024e8	00000013	addi	x0,x0,0	  x0:0x00000000
     114355.000 ns	     11434	800024ec	00ab9a33	sll	x20,x23,x10	 x23:0xfffffc14 x10:0x80042f5c x20=0x40000000
     114375.000 ns	     11436	800024f0	c0127c53	fcvt.wu.s	x24,f4	  f4:0x00000000 x24=0x00000000
     114405.000 ns	     11439	800024f4	02f3b233	mulhu	x4,x7,x15	  x7:0xffffe0c8 x15:0x0ffffecb  x4=0x0ffffcd7
     114435.000 ns	     11442	800024f8	d01b7653	fcvt.s.wu	f12,x22	 x22:0x83200000 f12=0x4f032000
     114475.000 ns	     11446	800024fc	117cf5d3	fmul.s	f11,f25,f23	 f25:0x80000001 f23:0x80000000 f11=0x00000000
     114505.000 ns	     11449	80002500	c01601d3	fcvt.wu.s	x3,f12	 f12:0x4f032000  x3=0x83200000
     114875.000 ns	     11486	80002504	035bcd33	div	x26,x23,x21	 x23:0xfffffc14 x21:0x80041024 x26=0x00000000
     114905.000 ns	     11489	80002508	c010ae53	fcvt.wu.s	x28,f1	  f1:0xc901fc80 x28=0x00081fc8
     114935.000 ns	     11492	8000250c	e00c9453	fclass.s	x8,f25	 f25:0x80000001  x8=0x00000004
     114955.000 ns	     11494	80002510	003d3c33	sltu	x24,x26,x3	 x26:0x00000000  x3:0x83200000 x24=0x00000001
     114965.000 ns	     11495	80002514	017db833	sltu	x16,x27,x23	 x27:0x00000000 x23:0xfffffc14 x16=0x00000001
     115325.000 ns	     11531	80002518	02a3ec33	rem	x24,x7,x10	  x7:0xffffe0c8 x10:0x80042f5c x24=0xffffe0c8
     115355.000 ns	     11534	8000251c	218aa4d3	fsgnjx.s	f9,f21,f24	 f21:0xc0000000 f24:0x4901fc80  f9=0xc0000000
     115725.000 ns	     11571	80002520	025fc9b3	div	x19,x31,x5	 x31:0x00000000  x5:0xfffffecb x19=0x00000000
     115775.000 ns	     11576	80002524	0173b8d3	fadd.s	f17,f7,f23	  f7:0x80000001 f23:0x80000000 f17=0x80000001
     115805.000 ns	     11579	80002528	c008f353	fcvt.w.s	x6,f17	 f17:0x80000001  x6=0x00000000
     115835.000 ns	     11582	8000252c	205407d3	fsgnj.s	f15,f8,f5	  f8:0xff800000  f5:0x00000000 f15=0x7f800000
     115865.000 ns	     11585	80002530	03d83233	mulhu	x4,x16,x29	 x16:0x00000001 x29:0xf5ff24d0  x4=0x00000000
     115895.000 ns	     11588	80002534	d00da0d3	fcvt.s.w	f1,x27	 x27:0x00000000  f1=0x00000000
     115915.000 ns	     11590	80002538	0163f533	and	x10,x7,x22	  x7:0xffffe0c8 x22:0x83200000 x10=0x83200000
     115935.000 ns	     11592	8000253c	f00a0dd3	fmv.w.x	f27,x20	 x20:0x40000000 f27=0x40000000
     115965.000 ns	     11595	80002540	e00a0dd3	fmv.x.w	x27,f20	 f20:0x7d4051ec x27=0x7d4051ec
     115985.000 ns	     11597	80002544	93223137	lui	x2,0x93223	  x2=0x93223000
     116345.000 ns	     11633	80002548	025fc7b3	div	x15,x31,x5	 x31:0x00000000  x5:0xfffffecb x15=0x00000000
     116365.000 ns	     11635	8000254c	00b102b3	add	x5,x2,x11	  x2:0x702994d4 x11:0x00000000  x5=0x93223000
     116375.000 ns	     11636	80002550	17b1ca13	xori	x20,x3,379	  x3:0x83200000 x20=0x8320017b
     116415.000 ns	     11640	80002554	01992fd3	fadd.s	f31,f18,f25	 f18:0x7fc00000 f25:0x80000001 f31=0x7fc00000
     116435.000 ns	     11642	80002558	6a6e4693	xori	x13,x28,1702	 x28:0x00081fc8 x13=0x0008196e
     116445.000 ns	     11643	8000255c	00186633	or	x12,x16,x1	 x16:0x00000001  x1:0x00000004 x12=0x00000005
     116805.000 ns	     11679	80002560	028edeb3	divu	x29,x29,x8	 x29:0xf5ff24d0  x8:0x00000004 x29=0x3d7fc934
     116835.000 ns	     11682	80002564	e0051853	fclass.s	x16,f10	 f10:0x80000001 x16=0x00000004
     116865.000 ns	     11685	80002568	029992b3	mulh	x5,x19,x9	 x19:0x00000000  x9:0x80040fe4  x5=0x00000000
     116885.000 ns	     11687	8000256c	00a03233	sltu	x4,x0,x10	  x0:0x00000000 x10:0x83200000  x4=0x00000001
     116905.000 ns	     11689	80002570	a0e818d3	flt.s	x17,f16,f14	 f16:0x00000000 f14:0x40000000 x17=0x00000001
     116935.000 ns	     11692	80002574	f0020053	fmv.w.x	f0,x4	  x4:0x00000000  f0=0x00000001
     116965.000 ns	     11695	80002578	28581dd3	fmax.s	f27,f16,f5	 f16:0x00000000  f5:0x00000000 f27=0x00000000
     116995.000 ns	     11698	8000257c	a1699fd3	flt.s	x31,f19,f22	 f19:0x00000000 f22:0x00000000 x31=0x00000000
     117015.000 ns	     11700	80002580	40f25413	srai	x8,x4,0xf	  x4:0x00000001  x8=0x00000000
     117025.000 ns	     11701	80002584	00415593	srli	x11,x2,0x4	  x2:0x93223000 x11=0x09322300
     117045.000 ns	     11703	80002588	d014c4d3	fcvt.s.wu	f9,x9	  x9:0x80040fe4  f9=0x4f000410
     117065.000 ns	     11705	8000258c	01ea7d33	and	x26,x20,x30	 x20:0x8320017b x30:0xffffffff x26=0x8320017b
     117425.000 ns	     11741	80002590	039c5433	divu	x8,x24,x25	 x24:0xffffe0c8 x25:0x9a07254c  x8=0x00000001
     117445.000 ns	     11743	80002594	01229233	sll	x4,x5,x18	  x5:0x00000000 x18:0xfffffe57  x4=0x00000000
     117465.000 ns	     11745	80002598	c00f76d3	fcvt.w.s	x13,f30	 f30:0x00000000 x13=0x00000000
     117485.000 ns	     11747	8000259c	40e985b3	sub	x11,x19,x14	 x19:0x00000000 x14:0x00000000 x11=0x00000000
     117495.000 ns	     11748	800025a0	4196d393	srai	x7,x13,0x19	 x13:0x00000000  x7=0x00000000
     117505.000 ns	     11749	800025a4	00648fb3	add	x31,x9,x6	  x9:0x80040fe4  x6:0x00000000 x31=0x80040fe4
     117525.000 ns	     11751	800025a8	0312a8b3	mulhsu	x17,x5,x17	  x5:0x00000000 x17:0x00000001 x17=0x00000000
     117895.000 ns	     11788	800025ac	023dd2b3	divu	x5,x27,x3	 x27:0x7d4051ec  x3:0x83200000  x5=0x00000000
     118265.000 ns	     11825	800025b0	02c15133	divu	x2,x2,x12	  x2:0x93223000 x12:0x00000005  x2=0x1d6d3ccc
     118295.000 ns	     11828	800025b4	032e8133	mul	x2,x29,x18	 x29:0x3d7fc934 x18:0xfffffe57  x2=0xe6daf8ac
     118325.000 ns	     11831	800025b8	a11b0053	fle.s	x0,f22,f17	 f22:0x00000000 f17:0x80000001
     118345.000 ns	     11833	800025bc	406d5d33	sra	x26,x26,x6	 x26:0x8320017b  x6:0x00000000 x26=0x8320017b
     118365.000 ns	     11835	800025c0	c01e93d3	fcvt.wu.s	x7,f29	 f29:0x80000001  x7=0x00000000
     118385.000 ns	     11837	800025c4	0187bd33	sltu	x26,x15,x24	 x15:0x00000000 x24:0xffffe0c8 x26=0x00000001
     118745.000 ns	     11873	800025c8	03fef933	remu	x18,x29,x31	 x29:0x3d7fc934 x31:0x80040fe4 x18=0x3d7fc934
     118765.000 ns	     11875	800025cc	01591db3	sll	x27,x18,x21	 x18:0xfffffe57 x21:0x80041024 x27=0xd7fc9340
     118775.000 ns	     11876	800025d0	70d47593	andi	x11,x8,1805	  x8:0x00000001 x11=0x00000001
     118785.000 ns	     11877	800025d4	0082d933	srl	x18,x5,x8	  x5:0x00000000  x8:0x00000001 x18=0x00000000
     118805.000 ns	     11879	800025d8	215d0cd3	fsgnj.s	f25,f26,f21	 f26:0x4f7fffff f21:0xc0000000 f25=0xcf7fffff
     118835.000 ns	     11882	800025dc	02c691b3	mulh	x3,x13,x12	 x13:0x00000000 x12:0x00000005  x3=0x00000000
     118855.000 ns	     11884	800025e0	00c63013	sltiu	x0,x12,12	 x12:0x00000005
     118875.000 ns	     11886	800025e4	03c61233	mulh	x4,x12,x28	 x12:0x00000005 x28:0x00081fc8  x4=0x00000000
     118905.000 ns	     11889	800025e8	03fa2f33	mulhsu	x30,x20,x31	 x20:0x8320017b x31:0x80040fe4 x30=0xc18e057d
     118935.000 ns	     11892	800025ec	02706333	rem	x6,x0,x7	  x0:0x00000000  x7:0x00000000  x6=0x00000000
     118955.000 ns	     11894	800025f0	ddbffa13	andi	x20,x31,-549	 x31:0x80040fe4 x20=0x80040dc0
     118965.000 ns	     11895	800025f4	098a6393	ori	x7,x20,152	 x20:0x8320017b  x7=0x80040dd8
     118975.000 ns	     11896	800025f8	dfcb0893	addi	x17,x22,-516	 x22:0x83200000 x17=0x831ffdfc
     118995.000 ns	     11898	800025fc	02133033	mulhu	x0,x6,x1	  x6:0x00000000  x1:0x00000004
     119015.000 ns	     11900	80002600	47daf613	andi	x12,x21,1149	 x21:0x80041024 x12=0x00000024
     119025.000 ns	     11901	80002604	01213bb3	sltu	x23,x2,x18	  x2:0xe6daf8ac x18:0x00000000 x23=0x00000000
     119035.000 ns	     11902	80002608	41db07b3	sub	x15,x22,x29	 x22:0x83200000 x29:0x3d7fc934 x15=0x45a036cc
     119055.000 ns	     11904	8000260c	d007fd53	fcvt.s.w	f26,x15	 x15:0x00000000 f26=0x4e8b406d
     119075.000 ns	     11906	80002610	008b1613	slli	x12,x22,0x8	 x22:0x83200000 x12=0x20000000
     119085.000 ns	     11907	80002614	00000013	addi	x0,x0,0	  x0:0x00000000
     119095.000 ns	     11908	80002618	402edf13	srai	x30,x29,0x2	 x29:0x3d7fc934 x30=0x0f5ff24d
     119115.000 ns	     11910	8000261c	02139c33	mulh	x24,x7,x1	  x7:0x80040dd8  x1:0x00000004 x24=0xfffffffe
     119485.000 ns	     11947	80002620	022b7fb3	remu	x31,x22,x2	 x22:0x83200000  x2:0xe6daf8ac x31=0x83200000
     119515.000 ns	     11950	80002624	d006bed3	fcvt.s.w	f29,x13	 x13:0x00000000 f29=0x00000000
     119535.000 ns	     11952	80002628	af3b7917	auipc	x18,0xaf3b7	 x18=0x2f3b9628
     119865.000 ns	     11985	8000262c	187176d3	fdiv.s	f13,f2,f7	  f2:0x7d4051ec  f7:0x80000001 f13=0xff800000
     119895.000 ns	     11988	80002630	218996d3	fsgnjn.s	f13,f19,f24	 f19:0x00000000 f24:0x4901fc80 f13=0x80000000
     119915.000 ns	     11990	80002634	0049efb3	or	x31,x19,x4	 x19:0x00000000  x4:0x00000000 x31=0x00000000
     119925.000 ns	     11991	80002638	00d15633	srl	x12,x2,x13	  x2:0xe6daf8ac x13:0x00000000 x12=0xe6daf8ac
     119945.000 ns	     11993	8000263c	29649253	fmax.s	f4,f9,f22	  f9:0x4f000410 f22:0x00000000  f4=0x4f000410
     119975.000 ns	     11996	80002640	038b8e33	mul	x28,x23,x24	 x23:0x00000000 x24:0xfffffffe x28=0x00000000
     120015.000 ns	     12000	80002644	5803b353	fsqrt.s	f6,f7	  f7:0x80000001  f6=0x7fc00000
     120385.000 ns	     12037	80002648	036ed8b3	divu	x17,x29,x22	 x29:0x3d7fc934 x22:0x83200000 x17=0x00000000
     120415.000 ns	     12040	8000264c	e0079e53	fclass.s	x28,f15	 f15:0x7f800000 x28=0x00000080
     120445.000 ns	     12043	80002650	a03b9053	flt.s	x0,f23,f3	 f23:0x80000000  f3:0x4ef5ec80
     120495.000 ns	     12048	80002654	09d98ad3	fsub.s	f21,f19,f29	 f19:0x00000000 f29:0x00000000 f21=0x80000000
     120515.000 ns	     12050	80002658	00809013	slli	x0,x1,0x8	  x1:0x00000004
     120525.000 ns	     12051	8000265c	0196a9b3	slt	x19,x13,x25	 x13:0x00000000 x25:0x9a07254c x19=0x00000000
     120535.000 ns	     12052	80002660	0063a7b3	slt	x15,x7,x6	  x7:0x80040dd8  x6:0x00000000 x15=0x00000001
     120555.000 ns	     12054	80002664	d01e48d3	fcvt.s.wu	f17,x28	 x28:0x00000080 f17=0x43000000
     120585.000 ns	     12057	80002668	038d8433	mul	x8,x27,x24	 x27:0xd7fc9340 x24:0xfffffffe  x8=0x5006d980
     120605.000 ns	     12059	8000266c	913efa13	andi	x20,x29,-1773	 x29:0x3d7fc934 x20=0x3d7fc910
     120615.000 ns	     12060	80002670	7ca22213	slti	x4,x4,1994	  x4:0x00000000  x4=0x00000001
     120635.000 ns	     12062	80002674	02ffb5b3	mulhu	x11,x31,x15	 x31:0x00000000 x15:0x00000001 x11=0x00000000
     120685.000 ns	     12067	80002678	090179d3	fsub.s	f19,f2,f16	  f2:0x7d4051ec f16:0x00000000 f19=0x7d4051ec
     121055.000 ns	     12104	8000267c	0324f933	remu	x18,x9,x18	  x9:0x80040fe4 x18:0x2f3b9628 x18=0x218ce394
     121075.000 ns	     12106	80002680	8ad8bf93	sltiu	x31,x17,-1875	 x17:0x00000000 x31=0x00000001
     121095.000 ns	     12108	80002684	02c0a833	mulhsu	x16,x1,x12	  x1:0x00000004 x12:0xe6daf8ac x16=0x00000003
     121125.000 ns	     12111	80002688	d01d76d3	fcvt.s.wu	f13,x26	 x26:0x00000001 f13=0x3f800000
     121155.000 ns	     12114	8000268c	a18a8f53	fle.s	x30,f21,f24	 f21:0x80000000 f24:0x4901fc80 x30=0x00000001
     121175.000 ns	     12116	80002690	00000013	addi	x0,x0,0	  x0:0x00000000
     121195.000 ns	     12118	80002694	033ac3b3	div	x7,x21,x19	 x21:0x80041024 x19:0x00000000  x7=0xffffffff
     121225.000 ns	     12121	80002698	d0037c53	fcvt.s.w	f24,x6	  x6:0x00000000 f24=0x00000000
     121245.000 ns	     12123	8000269c	fbe68937	lui	x18,0xfbe68	 x18=0xfbe68000
     121255.000 ns	     12124	800026a0	01953433	sltu	x8,x10,x25	 x10:0x83200000 x25:0x9a07254c  x8=0x00000001
     121275.000 ns	     12126	800026a4	20c412d3	fsgnjn.s	f5,f8,f12	  f8:0xff800000 f12:0x4f032000  f5=0xff800000
     121645.000 ns	     12163	800026a8	02454533	div	x10,x10,x4	 x10:0x83200000  x4:0x00000001 x10=0x83200000
     121665.000 ns	     12165	800026ac	e4b9f113	andi	x2,x19,-437	 x19:0x00000000  x2=0x00000000
     121675.000 ns	     12166	800026b0	01402033	slt	x0,x0,x20	  x0:0x00000000 x20:0x3d7fc910
     121685.000 ns	     12167	800026b4	3c21c193	xori	x3,x3,962	  x3:0x00000000  x3=0x000003c2
     122015.000 ns	     12200	800026b8	189386d3	fdiv.s	f13,f7,f9	  f7:0x80000001  f9:0x4f000410 f13=0x80000000
     122035.000 ns	     12202	800026bc	011a48b3	xor	x17,x20,x17	 x20:0x3d7fc910 x17:0x00000000 x17=0x3d7fc910
     122055.000 ns	     12204	800026c0	2173a0d3	fsgnjx.s	f1,f7,f23	  f7:0x80000001 f23:0x80000000  f1=0x00000001
     122075.000 ns	     12206	800026c4	009e5333	srl	x6,x28,x9	 x28:0x00000080  x9:0x80040fe4  x6=0x00000008
     122095.000 ns	     12208	800026c8	f0068e53	fmv.w.x	f28,x13	 x13:0x00000000 f28=0x00000000
     122125.000 ns	     12211	800026cc	c01da753	fcvt.wu.s	x14,f27	 f27:0x00000000 x14=0x00000000
     122155.000 ns	     12214	800026d0	a0290153	fle.s	x2,f18,f2	 f18:0x7fc00000  f2:0x7d4051ec  x2=0x00000000
     122175.000 ns	     12216	800026d4	b230a193	slti	x3,x1,-1245	  x1:0x00000004  x3=0x00000000
     122535.000 ns	     12252	800026d8	03ab7233	remu	x4,x22,x26	 x22:0x83200000 x26:0x00000001  x4=0x00000000
     122565.000 ns	     12255	800026dc	023b8d33	mul	x26,x23,x3	 x23:0x00000000  x3:0x000003c2 x26=0x00000000
     122585.000 ns	     12257	800026e0	01cd5213	srli	x4,x26,0x1c	 x26:0x00000001  x4=0x00000000
     122625.000 ns	     12261	800026e4	095d0ad3	fsub.s	f21,f26,f21	 f26:0x4e8b406d f21:0x80000000 f21=0x4e8b406d
     122655.000 ns	     12264	800026e8	d01ba4d3	fcvt.s.wu	f9,x23	 x23:0x00000000  f9=0x00000000
     122685.000 ns	     12267	800026ec	21b42353	fsgnjx.s	f6,f8,f27	  f8:0xff800000 f27:0x00000000  f6=0xff800000
     122715.000 ns	     12270	800026f0	a02d17d3	flt.s	x15,f26,f2	 f26:0x4e8b406d  f2:0x7d4051ec x15=0x00000001
     122735.000 ns	     12272	800026f4	00d91a33	sll	x20,x18,x13	 x18:0xfbe68000 x13:0x00000000 x20=0xfbe68000
     122755.000 ns	     12274	800026f8	029139b3	mulhu	x19,x2,x9	  x2:0x00000000  x9:0x80040fe4 x19=0x00000000
     122785.000 ns	     12277	800026fc	f00e05d3	fmv.w.x	f11,x28	 x28:0x00000080 f11=0x00000080
     122805.000 ns	     12279	80002700	4191d613	srai	x12,x3,0x19	  x3:0x00000000 x12=0x00000000
     122825.000 ns	     12281	80002704	03dc0b33	mul	x22,x24,x29	 x24:0xfffffffe x29:0x3d7fc934 x22=0x85006d98
     122845.000 ns	     12283	80002708	402b06b3	sub	x13,x22,x2	 x22:0x83200000  x2:0x00000000 x13=0x85006d98
     122855.000 ns	     12284	8000270c	0cc6b693	sltiu	x13,x13,204	 x13:0x00000000 x13=0x00000000
     122865.000 ns	     12285	80002710	3ad43713	sltiu	x14,x8,941	  x8:0x00000001 x14=0x00000001
     122885.000 ns	     12287	80002714	d019fad3	fcvt.s.wu	f21,x19	 x19:0x00000000 f21=0x00000000
     122905.000 ns	     12289	80002718	3a850313	addi	x6,x10,936	 x10:0x83200000  x6=0x832003a8
     122935.000 ns	     12292	8000271c	115f75d3	fmul.s	f11,f30,f21	 f30:0x00000000 f21:0x00000000 f11=0x00000000
     122965.000 ns	     12295	80002720	02bfec33	rem	x24,x31,x11	 x31:0x00000001 x11:0x00000000 x24=0x00000001
     122985.000 ns	     12297	80002724	ce8cc113	xori	x2,x25,-792	 x25:0x9a07254c  x2=0x65f8d9a4
     122995.000 ns	     12298	80002728	01d75db3	srl	x27,x14,x29	 x14:0x00000001 x29:0x3d7fc934 x27=0x00000000
     123035.000 ns	     12302	8000272c	0872c7d3	fsub.s	f15,f5,f7	  f5:0xff800000  f7:0x80000001 f15=0xff800000
     123055.000 ns	     12304	80002730	4129d313	srai	x6,x19,0x12	 x19:0x00000000  x6=0x00000000
     123075.000 ns	     12306	80002734	d006b9d3	fcvt.s.w	f19,x13	 x13:0x00000000 f19=0x00000000
     123095.000 ns	     12308	80002738	138f6393	ori	x7,x30,312	 x30:0x00000001  x7=0x00000139
     123455.000 ns	     12344	8000273c	0313de33	divu	x28,x7,x17	  x7:0xffffffff x17:0x3d7fc910 x28=0x00000000
     123475.000 ns	     12346	80002740	00000013	addi	x0,x0,0	  x0:0x00000000
     123495.000 ns	     12348	80002744	289d8dd3	fmin.s	f27,f27,f9	 f27:0x00000000  f9:0x00000000 f27=0x00000000
     123515.000 ns	     12350	80002748	00d6adb3	slt	x27,x13,x13	 x13:0x00000000 x13:0x00000000 x27=0x00000000
     123525.000 ns	     12351	8000274c	00a07eb3	and	x29,x0,x10	  x0:0x00000000 x10:0x83200000 x29=0x00000000
     123545.000 ns	     12353	80002750	287495d3	fmax.s	f11,f9,f7	  f9:0x00000000  f7:0x80000001 f11=0x00000000
     123565.000 ns	     12355	80002754	004f1f93	slli	x31,x30,0x4	 x30:0x00000001 x31=0x00000010
     123575.000 ns	     12356	80002758	cf757b93	andi	x23,x10,-777	 x10:0x83200000 x23=0x83200000
     123595.000 ns	     12358	8000275c	02f0b6b3	mulhu	x13,x1,x15	  x1:0x00000004 x15:0x00000001 x13=0x00000000
     123625.000 ns	     12361	80002760	298d1bd3	fmax.s	f23,f26,f24	 f26:0x4e8b406d f24:0x00000000 f23=0x4e8b406d
     123655.000 ns	     12364	80002764	a14306d3	fle.s	x13,f6,f20	  f6:0xff800000 f20:0x7d4051ec x13=0x00000001
     123705.000 ns	     12369	80002768	014a8bd3	fadd.s	f23,f21,f20	 f21:0x00000000 f20:0x7d4051ec f23=0x7d4051ec
     123725.000 ns	     12371	8000276c	00a85413	srli	x8,x16,0xa	 x16:0x00000003  x8=0x00000000
     123735.000 ns	     12372	80002770	7fd0b993	sltiu	x19,x1,2045	  x1:0x00000004 x19=0x00000001
     123755.000 ns	     12374	80002774	f00a8d53	fmv.w.x	f26,x21	 x21:0x80041024 f26=0x80041024
     123795.000 ns	     12378	80002778	19e772d3	fdiv.s	f5,f14,f30	 f14:0x40000000 f30:0x00000000  f5=0x7f800000
     123825.000 ns	     12381	8000277c	c017a953	fcvt.wu.s	x18,f15	 f15:0xff800000 x18=0x00000000
     123845.000 ns	     12383	80002780	00000013	addi	x0,x0,0	  x0:0x00000000
     123865.000 ns	     12385	80002784	c00478d3	fcvt.w.s	x17,f8	  f8:0xff800000 x17=0x80000000
     123885.000 ns	     12387	80002788	06fbf193	andi	x3,x23,111	 x23:0x83200000  x3=0x00000000
     123915.000 ns	     12390	8000278c	189b7d53	fdiv.s	f26,f22,f9	 f22:0x00000000  f9:0x00000000 f26=0x7fc00000
     123935.000 ns	     12392	80002790	ae9f7c13	andi	x24,x30,-1303	 x30:0x00000001 x24=0x00000001
     123955.000 ns	     12394	80002794	29bb8853	fmin.s	f16,f23,f27	 f23:0x7d4051ec f27:0x00000000 f16=0x00000000
     123975.000 ns	     12396	80002798	40858bb3	sub	x23,x11,x8	 x11:0x00000000  x8:0x00000000 x23=0x00000000
     123995.000 ns	     12398	8000279c	f00d0ed3	fmv.w.x	f29,x26	 x26:0x00000000 f29=0x00000000
     124025.000 ns	     12401	800027a0	a1d927d3	feq.s	x15,f18,f29	 f18:0x7fc00000 f29:0x00000000 x15=0x00000000
     124055.000 ns	     12404	800027a4	20271653	fsgnjn.s	f12,f14,f2	 f14:0x40000000  f2:0x7d4051ec f12=0xc0000000
     124085.000 ns	     12407	800027a8	c01a77d3	fcvt.wu.s	x15,f20	 f20:0x7d4051ec x15=0xffffffff
     124135.000 ns	     12412	800027ac	01337c53	fadd.s	f24,f6,f19	  f6:0xff800000 f19:0x00000000 f24=0xff800000
     124155.000 ns	     12414	800027b0	00a81d33	sll	x26,x16,x10	 x16:0x00000003 x10:0x83200000 x26=0x00000003
     124175.000 ns	     12416	800027b4	c01d97d3	fcvt.wu.s	x15,f27	 f27:0x00000000 x15=0x00000000
     124195.000 ns	     12418	800027b8	00f540b3	xor	x1,x10,x15	 x10:0x83200000 x15:0xffffffff  x1=0x83200000
     124205.000 ns	     12419	800027bc	01c5d313	srli	x6,x11,0x1c	 x11:0x00000000  x6=0x00000000
     124565.000 ns	     12455	800027c0	03f9c8b3	div	x17,x19,x31	 x19:0x00000001 x31:0x00000010 x17=0x00000000
     124585.000 ns	     12457	800027c4	011c32b3	sltu	x5,x24,x17	 x24:0x00000001 x17:0x80000000  x5=0x00000000
     124605.000 ns	     12459	800027c8	02d4b333	mulhu	x6,x9,x13	  x9:0x80040fe4 x13:0x00000001  x6=0x00000000
     124635.000 ns	     12462	800027cc	e00e1bd3	fclass.s	x23,f28	 f28:0x00000000 x23=0x00000010
     124665.000 ns	     12465	800027d0	a1a12c53	feq.s	x24,f2,f26	  f2:0x7d4051ec f26:0x7fc00000 x24=0x00000000
     124685.000 ns	     12467	800027d4	40d55eb3	sra	x29,x10,x13	 x10:0x83200000 x13:0x00000001 x29=0xc1900000
     124695.000 ns	     12468	800027d8	00a538b3	sltu	x17,x10,x10	 x10:0x83200000 x10:0x83200000 x17=0x00000000
     124715.000 ns	     12470	800027dc	a14917d3	flt.s	x15,f18,f20	 f18:0x7fc00000 f20:0x7d4051ec x15=0x00000000
     124765.000 ns	     12475	800027e0	00cff7d3	fadd.s	f15,f31,f12	 f31:0x7fc00000 f12:0xc0000000 f15=0x7fc00000
     124785.000 ns	     12477	800027e4	d3907393	andi	x7,x0,-711	  x0:0x00000000  x7=0x00000000
     124805.000 ns	     12479	800027e8	031d17b3	mulh	x15,x26,x17	 x26:0x00000003 x17:0x00000000 x15=0x00000000
     125175.000 ns	     12516	800027ec	03417d33	remu	x26,x2,x20	  x2:0x65f8d9a4 x20:0xfbe68000 x26=0x65f8d9a4
     125195.000 ns	     12518	800027f0	4077d3b3	sra	x7,x15,x7	 x15:0x00000000  x7:0x00000000  x7=0x00000000
     125215.000 ns	     12520	800027f4	036925b3	mulhsu	x11,x18,x22	 x18:0x00000000 x22:0x85006d98 x11=0x00000000
     125585.000 ns	     12557	800027f8	035bdc33	divu	x24,x23,x21	 x23:0x00000010 x21:0x80041024 x24=0x00000000
     125615.000 ns	     12560	800027fc	c0031d53	fcvt.w.s	x26,f6	  f6:0xff800000 x26=0x80000000
     125645.000 ns	     12563	80002800	03f618b3	mulh	x17,x12,x31	 x12:0x00000000 x31:0x00000010 x17=0x00000000
     125665.000 ns	     12565	80002804	41385a13	srai	x20,x16,0x13	 x16:0x00000003 x20=0x00000000
     125675.000 ns	     12566	80002808	41d80513	addi	x10,x16,1053	 x16:0x00000003 x10=0x00000420
     125685.000 ns	     12567	8000280c	d2328837	lui	x16,0xd2328	 x16=0xd2328000
     125695.000 ns	     12568	80002810	008ad713	srli	x14,x21,0x8	 x21:0x80041024 x14=0x00800410
     125715.000 ns	     12570	80002814	28c108d3	fmin.s	f17,f2,f12	  f2:0x7d4051ec f12:0xc0000000 f17=0xc0000000
     126085.000 ns	     12607	80002818	02215f33	divu	x30,x2,x2	  x2:0x65f8d9a4  x2:0x65f8d9a4 x30=0x00000001
     126105.000 ns	     12609	8000281c	3d456593	ori	x11,x10,980	 x10:0x00000420 x11=0x000007f4
     126125.000 ns	     12611	80002820	29cf82d3	fmin.s	f5,f31,f28	 f31:0x7fc00000 f28:0x00000000  f5=0x00000000
     126165.000 ns	     12615	80002824	192bafd3	fdiv.s	f31,f23,f18	 f23:0x7d4051ec f18:0x7fc00000 f31=0x7fc00000
     126185.000 ns	     12617	80002828	00000013	addi	x0,x0,0	  x0:0x00000000
     126195.000 ns	     12618	8000282c	00000013	addi	x0,x0,0	  x0:0x00000000
     126205.000 ns	     12619	80002830	29a76297	auipc	x5,0x29a76	  x5=0xa9a78830
     126215.000 ns	     12620	80002834	014e1913	slli	x18,x28,0x14	 x28:0x00000000 x18=0x00000000
     126225.000 ns	     12621	80002838	cfb74793	xori	x15,x14,-773	 x14:0x00800410 x15=0xff7ff8eb
     126585.000 ns	     12657	8000283c	029defb3	rem	x31,x27,x9	 x27:0x00000000  x9:0x80040fe4 x31=0x00000000
     126625.000 ns	     12661	80002840	580f7e53	fsqrt.s	f28,f30	 f30:0x00000000 f28=0x00000000
     126645.000 ns	     12663	80002844	40bfdf33	sra	x30,x31,x11	 x31:0x00000000 x11:0x000007f4 x30=0x00000000
     126655.000 ns	     12664	80002848	002b1e13	slli	x28,x22,0x2	 x22:0x85006d98 x28=0x1401b660
     126665.000 ns	     12665	8000284c	ca56ac13	slti	x24,x13,-859	 x13:0x00000001 x24=0x00000000
     126685.000 ns	     12667	80002850	291d96d3	fmax.s	f13,f27,f17	 f27:0x00000000 f17:0xc0000000 f13=0x00000000
     126705.000 ns	     12669	80002854	007ea1b3	slt	x3,x29,x7	 x29:0xc1900000  x7:0x00000000  x3=0x00000001
     126715.000 ns	     12670	80002858	fccea297	auipc	x5,0xfccea	  x5=0x7ccec858
     126725.000 ns	     12671	8000285c	2dd18893	addi	x17,x3,733	  x3:0x00000000 x17=0x000002de
     126735.000 ns	     12672	80002860	40325eb3	sra	x29,x4,x3	  x4:0x00000000  x3:0x00000001 x29=0x00000000
     126745.000 ns	     12673	80002864	014ab1b3	sltu	x3,x21,x20	 x21:0x80041024 x20:0x00000000  x3=0x00000000
     126765.000 ns	     12675	80002868	f00a03d3	fmv.w.x	f7,x20	 x20:0x00000000  f7=0x00000000
     126785.000 ns	     12677	8000286c	a203a313	slti	x6,x7,-1504	  x7:0x00000000  x6=0x00000000
     126825.000 ns	     12681	80002870	08ff06d3	fsub.s	f13,f30,f15	 f30:0x00000000 f15:0x7fc00000 f13=0x7fc00000
     126855.000 ns	     12684	80002874	a0ce03d3	fle.s	x7,f28,f12	 f28:0x00000000 f12:0xc0000000  x7=0x00000000
     126875.000 ns	     12686	80002878	017835b3	sltu	x11,x16,x23	 x16:0xd2328000 x23:0x00000010 x11=0x00000000
     126905.000 ns	     12689	8000287c	58078153	fsqrt.s	f2,f15	 f15:0x7fc00000  f2=0x7fc00000
     126925.000 ns	     12691	80002880	1d870813	addi	x16,x14,472	 x14:0x00800410 x16=0x008005e8
     126945.000 ns	     12693	80002884	2132ad53	fsgnjx.s	f26,f5,f19	  f5:0x00000000 f19:0x00000000 f26=0x00000000
     126985.000 ns	     12697	80002888	580aced3	fsqrt.s	f29,f21	 f21:0x00000000 f29=0x00000000
     127025.000 ns	     12701	8000288c	5806f053	fsqrt.s	f0,f13	 f13:0x7fc00000  f0=0x7fc00000
     127075.000 ns	     12706	80002890	01937ed3	fadd.s	f29,f6,f25	  f6:0xff800000 f25:0xcf7fffff f29=0xff800000
     127105.000 ns	     12709	80002894	034dc033	div	x0,x27,x20	 x27:0x00000000 x20:0x00000000
     127145.000 ns	     12713	80002898	580ac853	fsqrt.s	f16,f21	 f21:0x00000000 f16=0x00000000
     127195.000 ns	     12718	8000289c	08e07e53	fsub.s	f28,f0,f14	  f0:0x7fc00000 f14:0x40000000 f28=0x7fc00000
     127215.000 ns	     12720	800028a0	0181ea33	or	x20,x3,x24	  x3:0x00000000 x24:0x00000000 x20=0x00000000
     127255.000 ns	     12724	800028a4	0963f053	fsub.s	f0,f7,f22	  f7:0x00000000 f22:0x00000000  f0=0x80000000
     127275.000 ns	     12726	800028a8	01b64933	xor	x18,x12,x27	 x12:0x00000000 x27:0x00000000 x18=0x00000000
     127305.000 ns	     12729	800028ac	580a9cd3	fsqrt.s	f25,f21	 f21:0x00000000 f25=0x00000000
     127335.000 ns	     12732	800028b0	21ce2cd3	fsgnjx.s	f25,f28,f28	 f28:0x7fc00000 f28:0x7fc00000 f25=0x7fc00000
     127375.000 ns	     12736	800028b4	58067753	fsqrt.s	f14,f12	 f12:0xc0000000 f14=0x7fc00000
     127395.000 ns	     12738	800028b8	b3972313	slti	x6,x14,-1223	 x14:0x00800410  x6=0x00000000
     127405.000 ns	     12739	800028bc	71f6c713	xori	x14,x13,1823	 x13:0x00000001 x14=0x0000071e
     127415.000 ns	     12740	800028c0	00fc1c13	slli	x24,x24,0xf	 x24:0x00000000 x24=0x00000000
     127455.000 ns	     12744	800028c4	085897d3	fsub.s	f15,f17,f5	 f17:0xc0000000  f5:0x00000000 f15=0xc0000000
     127475.000 ns	     12746	800028c8	01cf50b3	srl	x1,x30,x28	 x30:0x00000000 x28:0x1401b660  x1=0x00000000
     127495.000 ns	     12748	800028cc	026ebd33	mulhu	x26,x29,x6	 x29:0x00000000  x6:0x00000000 x26=0x00000000
     127525.000 ns	     12751	800028d0	21e61153	fsgnjn.s	f2,f12,f30	 f12:0xc0000000 f30:0x00000000  f2=0xc0000000
     127555.000 ns	     12754	800028d4	d003fe53	fcvt.s.w	f28,x7	  x7:0x00000000 f28=0x00000000
     127585.000 ns	     12757	800028d8	020f0bb3	mul	x23,x30,x0	 x30:0x00000000  x0:0x00000000 x23=0x00000000
     127605.000 ns	     12759	800028dc	00663bb3	sltu	x23,x12,x6	 x12:0x00000000  x6:0x00000000 x23=0x00000000
     127935.000 ns	     12792	800028e0	18a13553	fdiv.s	f10,f2,f10	  f2:0xc0000000 f10:0x80000001 f10=0x7eb4b4b6
     127965.000 ns	     12795	800028e4	03cf8533	mul	x10,x31,x28	 x31:0x00000000 x28:0x1401b660 x10=0x00000000
     127985.000 ns	     12797	800028e8	01be07b3	add	x15,x28,x27	 x28:0x1401b660 x27:0x00000000 x15=0x1401b660
     128005.000 ns	     12799	800028ec	e0089d53	fclass.s	x26,f17	 f17:0xc0000000 x26=0x00000002
     128035.000 ns	     12802	800028f0	28d807d3	fmin.s	f15,f16,f13	 f16:0x00000000 f13:0x7fc00000 f15=0x00000000
     128075.000 ns	     12806	800028f4	580e7bd3	fsqrt.s	f23,f28	 f28:0x00000000 f23=0x00000000
     128115.000 ns	     12810	800028f8	11783b53	fmul.s	f22,f16,f23	 f16:0x00000000 f23:0x7d4051ec f22=0x00000000
     128145.000 ns	     12813	800028fc	02169933	mulh	x18,x13,x1	 x13:0x00000001  x1:0x00000000 x18=0x00000000
     128175.000 ns	     12816	80002900	215425d3	fsgnjx.s	f11,f8,f21	  f8:0xff800000 f21:0x00000000 f11=0xff800000
     128195.000 ns	     12818	80002904	cce7bc13	sltiu	x24,x15,-818	 x15:0x1401b660 x24=0x00000001
     128205.000 ns	     12819	80002908	0004d5b3	srl	x11,x9,x0	  x9:0x80040fe4  x0:0x00000000 x11=0x80040fe4
     128565.000 ns	     12855	8000290c	033679b3	remu	x19,x12,x19	 x12:0x00000000 x19:0x00000001 x19=0x00000000
     128585.000 ns	     12857	80002910	e2bb8313	addi	x6,x23,-469	 x23:0x00000000  x6=0xfffffe2b
     128605.000 ns	     12859	80002914	d000f2d3	fcvt.s.w	f5,x1	  x1:0x00000000  f5=0x00000000
     128625.000 ns	     12861	80002918	40cad7b3	sra	x15,x21,x12	 x21:0x80041024 x12:0x00000000 x15=0x80041024
     128655.000 ns	     12864	8000291c	11c17053	fmul.s	f0,f2,f28	  f2:0xc0000000 f28:0x00000000  f0=0x80000000
     128685.000 ns	     12867	80002920	03a91933	mulh	x18,x18,x26	 x18:0x00000000 x26:0x00000002 x18=0x00000000
     128705.000 ns	     12869	80002924	00908433	add	x8,x1,x9	  x1:0x00000000  x9:0x80040fe4  x8=0x80040fe4
     128715.000 ns	     12870	80002928	47856117	auipc	x2,0x47856	  x2=0xc7858928
     128725.000 ns	     12871	8000292c	5873ad13	slti	x26,x7,1415	  x7:0x00000000 x26=0x00000001
     128735.000 ns	     12872	80002930	010a5913	srli	x18,x20,0x10	 x20:0x00000000 x18=0x00000000
     128755.000 ns	     12874	80002934	297e1053	fmax.s	f0,f28,f23	 f28:0x00000000 f23:0x00000000  f0=0x00000000
     128785.000 ns	     12877	80002938	c01f46d3	fcvt.wu.s	x13,f30	 f30:0x00000000 x13=0x00000000
     128815.000 ns	     12880	8000293c	03662033	mulhsu	x0,x12,x22	 x12:0x00000000 x22:0x85006d98
     128845.000 ns	     12883	80002940	d00677d3	fcvt.s.w	f15,x12	 x12:0x00000000 f15=0x00000000
     129215.000 ns	     12920	80002944	039458b3	divu	x17,x8,x25	  x8:0x80040fe4 x25:0x9a07254c x17=0x00000000
     129245.000 ns	     12923	80002948	02222733	mulhsu	x14,x4,x2	  x4:0x00000000  x2:0xc7858928 x14=0x00000000
     129265.000 ns	     12925	8000294c	415dd1b3	sra	x3,x27,x21	 x27:0x00000000 x21:0x80041024  x3=0x00000000
     129275.000 ns	     12926	80002950	0124c733	xor	x14,x9,x18	  x9:0x80040fe4 x18:0x00000000 x14=0x80040fe4
     129285.000 ns	     12927	80002954	018ba933	slt	x18,x23,x24	 x23:0x00000000 x24:0x00000001 x18=0x00000001
     129295.000 ns	     12928	80002958	2d22e593	ori	x11,x5,722	  x5:0x7ccec858 x11=0x7ccecada
     129305.000 ns	     12929	8000295c	417fde13	srai	x28,x31,0x17	 x31:0x00000000 x28=0x00000000
     129315.000 ns	     12930	80002960	2581b793	sltiu	x15,x3,600	  x3:0x00000000 x15=0x00000001
     129325.000 ns	     12931	80002964	01a19c13	slli	x24,x3,0x1a	  x3:0x00000000 x24=0x00000000
     129335.000 ns	     12932	80002968	001d81b3	add	x3,x27,x1	 x27:0x00000000  x1:0x00000000  x3=0x00000000
     129345.000 ns	     12933	8000296c	01ee8d33	add	x26,x29,x30	 x29:0x00000000 x30:0x00000000 x26=0x00000000
     129365.000 ns	     12935	80002970	c01bf8d3	fcvt.wu.s	x17,f23	 f23:0x00000000 x17=0x00000000
     129415.000 ns	     12940	80002974	081f9ad3	fsub.s	f21,f31,f1	 f31:0x7fc00000  f1:0x00000001 f21=0x7fc00000
     129435.000 ns	     12942	80002978	00f4d7b3	srl	x15,x9,x15	  x9:0x80040fe4 x15:0x00000001 x15=0x400207f2
     129455.000 ns	     12944	8000297c	03f19f33	mulh	x30,x3,x31	  x3:0x00000000 x31:0x00000000 x30=0x00000000
     129475.000 ns	     12946	80002980	33fc4213	xori	x4,x24,831	 x24:0x00000000  x4=0x0000033f
     129495.000 ns	     12948	80002984	a09ea6d3	feq.s	x13,f29,f9	 f29:0xff800000  f9:0x00000000 x13=0x00000000
     129515.000 ns	     12950	80002988	000187b3	add	x15,x3,x0	  x3:0x00000000  x0:0x00000000 x15=0x00000000
     129525.000 ns	     12951	8000298c	01df2b33	slt	x22,x30,x29	 x30:0x00000000 x29:0x00000000 x22=0x00000000
     129535.000 ns	     12952	80002990	000698b3	sll	x17,x13,x0	 x13:0x00000000  x0:0x00000000 x17=0x00000000
     129545.000 ns	     12953	80002994	01c2e6b3	or	x13,x5,x28	  x5:0x7ccec858 x28:0x00000000 x13=0x7ccec858
     129575.000 ns	     12956	80002998	19844753	fdiv.s	f14,f8,f24	  f8:0xff800000 f24:0xff800000 f14=0x7fc00000
     129595.000 ns	     12958	8000299c	40425b33	sra	x22,x4,x4	  x4:0x0000033f  x4:0x0000033f x22=0x00000000
     129625.000 ns	     12961	800029a0	19444b53	fdiv.s	f22,f8,f20	  f8:0xff800000 f20:0x7d4051ec f22=0xff800000
     129645.000 ns	     12963	800029a4	01f9adb3	slt	x27,x19,x31	 x19:0x00000000 x31:0x00000000 x27=0x00000000
     129665.000 ns	     12965	800029a8	d01d72d3	fcvt.s.wu	f5,x26	 x26:0x00000000  f5=0x00000000
     129695.000 ns	     12968	800029ac	0377bf33	mulhu	x30,x15,x23	 x15:0x00000000 x23:0x00000000 x30=0x00000000
     129715.000 ns	     12970	800029b0	00000013	addi	x0,x0,0	  x0:0x00000000
     129725.000 ns	     12971	800029b4	41d68233	sub	x4,x13,x29	 x13:0x7ccec858 x29:0x00000000  x4=0x7ccec858
     129735.000 ns	     12972	800029b8	0197b8b3	sltu	x17,x15,x25	 x15:0x00000000 x25:0x9a07254c x17=0x00000001
     129755.000 ns	     12974	800029bc	21fb1bd3	fsgnjn.s	f23,f22,f31	 f22:0xff800000 f31:0x7fc00000 f23=0xff800000
     129785.000 ns	     12977	800029c0	02330fb3	mul	x31,x6,x3	  x6:0xfffffe2b  x3:0x00000000 x31=0x00000000
     129815.000 ns	     12980	800029c4	02191a33	mulh	x20,x18,x1	 x18:0x00000001  x1:0x00000000 x20=0x00000000
     129835.000 ns	     12982	800029c8	019095b3	sll	x11,x1,x25	  x1:0x00000000 x25:0x9a07254c x11=0x00000000
     129845.000 ns	     12983	800029cc	00000013	addi	x0,x0,0	  x0:0x00000000
     129865.000 ns	     12985	800029d0	0215cf33	div	x30,x11,x1	 x11:0x7ccecada  x1:0x00000000 x30=0xffffffff
     129885.000 ns	     12987	800029d4	405e5f33	sra	x30,x28,x5	 x28:0x00000000  x5:0x7ccec858 x30=0x00000000
     129915.000 ns	     12990	800029d8	117172d3	fmul.s	f5,f2,f23	  f2:0xc0000000 f23:0xff800000  f5=0x7f800000
     129945.000 ns	     12993	800029dc	02d93333	mulhu	x6,x18,x13	 x18:0x00000001 x13:0x7ccec858  x6=0x00000000
     129975.000 ns	     12996	800029e0	e00a92d3	fclass.s	x5,f21	 f21:0x7fc00000  x5=0x00000200
     130005.000 ns	     12999	800029e4	03812f33	mulhsu	x30,x2,x24	  x2:0xc7858928 x24:0x00000000 x30=0x00000000
     130025.000 ns	     13001	800029e8	00882133	slt	x2,x16,x8	 x16:0x008005e8  x8:0x80040fe4  x2=0x00000000
     130035.000 ns	     13002	800029ec	01a9fd33	and	x26,x19,x26	 x19:0x00000000 x26:0x00000000 x26=0x00000000
     130045.000 ns	     13003	800029f0	82a40813	addi	x16,x8,-2006	  x8:0x80040fe4 x16=0x8004080e
     130055.000 ns	     13004	800029f4	e7343717	auipc	x14,0xe7343	 x14=0x673459f4
     130095.000 ns	     13008	800029f8	0130b6d3	fadd.s	f13,f1,f19	  f1:0x00000001 f19:0x00000000 f13=0x00000001
     130125.000 ns	     13011	800029fc	c006c753	fcvt.w.s	x14,f13	 f13:0x7fc00000 x14=0x00000000
     130155.000 ns	     13014	80002a00	e00688d3	fmv.x.w	x17,f13	 f13:0x00000001 x17=0x00000001
     130185.000 ns	     13017	80002a04	03dfa533	mulhsu	x10,x31,x29	 x31:0x00000000 x29:0x00000000 x10=0x00000000
     130205.000 ns	     13019	80002a08	0035d513	srli	x10,x11,0x3	 x11:0x00000000 x10=0x00000000
     130225.000 ns	     13021	80002a0c	a0d49453	flt.s	x8,f9,f13	  f9:0x00000000 f13:0x00000001  x8=0x00000001
     130245.000 ns	     13023	80002a10	40ddd8b3	sra	x17,x27,x13	 x27:0x00000000 x13:0x7ccec858 x17=0x00000000
     130255.000 ns	     13024	80002a14	411dd333	sra	x6,x27,x17	 x27:0x00000000 x17:0x00000001  x6=0x00000000
     130265.000 ns	     13025	80002a18	017fc733	xor	x14,x31,x23	 x31:0x00000000 x23:0x00000000 x14=0x00000000
     130285.000 ns	     13027	80002a1c	c000f6d3	fcvt.w.s	x13,f1	  f1:0x00000001 x13=0x00000000
     130315.000 ns	     13030	80002a20	c001afd3	fcvt.w.s	x31,f3	  f3:0x4ef5ec80 x31=0x7af64000
     130335.000 ns	     13032	80002a24	40468633	sub	x12,x13,x4	 x13:0x00000000  x4:0x7ccec858 x12=0x833137a8
     130345.000 ns	     13033	80002a28	01965db3	srl	x27,x12,x25	 x12:0x00000000 x25:0x9a07254c x27=0x00083313
     130355.000 ns	     13034	80002a2c	80e1c613	xori	x12,x3,-2034	  x3:0x00000000 x12=0xfffff80e
     130365.000 ns	     13035	80002a30	78e98b13	addi	x22,x19,1934	 x19:0x00000000 x22=0x0000078e
     130375.000 ns	     13036	80002a34	83cb2613	slti	x12,x22,-1988	 x22:0x00000000 x12=0x00000000
     130395.000 ns	     13038	80002a38	21eb8bd3	fsgnj.s	f23,f23,f30	 f23:0xff800000 f30:0x00000000 f23=0x7f800000
     130415.000 ns	     13040	80002a3c	00920033	add	x0,x4,x9	  x4:0x7ccec858  x9:0x80040fe4
     130455.000 ns	     13044	80002a40	01438053	fadd.s	f0,f7,f20	  f7:0x00000000 f20:0x7d4051ec  f0=0x7d4051ec
     130495.000 ns	     13048	80002a44	580fa9d3	fsqrt.s	f19,f31	 f31:0x7fc00000 f19=0x7fc00000
     130515.000 ns	     13050	80002a48	817f0093	addi	x1,x30,-2025	 x30:0x00000000  x1=0xfffff817
     130875.000 ns	     13086	80002a4c	036ee533	rem	x10,x29,x22	 x29:0x00000000 x22:0x0000078e x10=0x00000000
     130925.000 ns	     13091	80002a50	09bafd53	fsub.s	f26,f21,f27	 f21:0x7fc00000 f27:0x00000000 f26=0x7fc00000
     130945.000 ns	     13093	80002a54	33e1fb93	andi	x23,x3,830	  x3:0x00000000 x23=0x00000000
     130965.000 ns	     13095	80002a58	a13010d3	flt.s	x1,f0,f19	  f0:0x7d4051ec f19:0x7fc00000  x1=0x00000000
     130985.000 ns	     13097	80002a5c	0185d413	srli	x8,x11,0x18	 x11:0x00000000  x8=0x00000000
     131005.000 ns	     13099	80002a60	0287bfb3	mulhu	x31,x15,x8	 x15:0x00000000  x8:0x00000001 x31=0x00000000
     131025.000 ns	     13101	80002a64	00a62eb3	slt	x29,x12,x10	 x12:0x00000000 x10:0x00000000 x29=0x00000000
     131035.000 ns	     13102	80002a68	b2aea313	slti	x6,x29,-1238	 x29:0x00000000  x6=0x00000000
     131075.000 ns	     13106	80002a6c	08cb7bd3	fsub.s	f23,f22,f12	 f22:0xff800000 f12:0xc0000000 f23=0xff800000
     131095.000 ns	     13108	80002a70	004c1933	sll	x18,x24,x4	 x24:0x00000000  x4:0x7ccec858 x18=0x00000000
     131115.000 ns	     13110	80002a74	02080c33	mul	x24,x16,x0	 x16:0x8004080e  x0:0x00000000 x24=0x00000000
     131145.000 ns	     13113	80002a78	031878b3	remu	x17,x16,x17	 x16:0x8004080e x17:0x00000000 x17=0x8004080e
     131175.000 ns	     13116	80002a7c	0203afb3	mulhsu	x31,x7,x0	  x7:0x00000000  x0:0x00000000 x31=0x00000000
     131195.000 ns	     13118	80002a80	0bf92613	slti	x12,x18,191	 x18:0x00000000 x12=0x00000001
     131235.000 ns	     13122	80002a84	01f2fc53	fadd.s	f24,f5,f31	  f5:0x7f800000 f31:0x7fc00000 f24=0x7fc00000
     131265.000 ns	     13125	80002a88	f0028c53	fmv.w.x	f24,x5	  x5:0x00000200 f24=0x00000200
     131315.000 ns	     13130	80002a8c	09c61c53	fsub.s	f24,f12,f28	 f12:0xc0000000 f28:0x00000000 f24=0xc0000000
     131345.000 ns	     13133	80002a90	a14527d3	feq.s	x15,f10,f20	 f10:0x7eb4b4b6 f20:0x7d4051ec x15=0x00000000
     131375.000 ns	     13136	80002a94	d00a4653	fcvt.s.w	f12,x20	 x20:0x00000000 f12=0x00000000
     131405.000 ns	     13139	80002a98	02a6dc33	divu	x24,x13,x10	 x13:0x00000000 x10:0x00000000 x24=0xffffffff
     131425.000 ns	     13141	80002a9c	00000013	addi	x0,x0,0	  x0:0x00000000
     131435.000 ns	     13142	80002aa0	00b1d613	srli	x12,x3,0xb	  x3:0x00000000 x12=0x00000000
     131455.000 ns	     13144	80002aa4	e00893d3	fclass.s	x7,f17	 f17:0xc0000000  x7=0x00000002
     131485.000 ns	     13147	80002aa8	a010a553	feq.s	x10,f1,f1	  f1:0x00000001  f1:0x00000001 x10=0x00000001
     131505.000 ns	     13149	80002aac	00594533	xor	x10,x18,x5	 x18:0x00000000  x5:0x00000200 x10=0x00000200
     131525.000 ns	     13151	80002ab0	020661b3	rem	x3,x12,x0	 x12:0x00000000  x0:0x00000000  x3=0x00000000
     131545.000 ns	     13153	80002ab4	406d89b3	sub	x19,x27,x6	 x27:0x00083313  x6:0x00000000 x19=0x00083313
     131555.000 ns	     13154	80002ab8	00f3b433	sltu	x8,x7,x15	  x7:0x00000002 x15:0x00000000  x8=0x00000000
     131575.000 ns	     13156	80002abc	a1fd0a53	fle.s	x20,f26,f31	 f26:0x7fc00000 f31:0x7fc00000 x20=0x00000000
     131605.000 ns	     13159	80002ac0	21bb0253	fsgnj.s	f4,f22,f27	 f22:0xff800000 f27:0x00000000  f4=0x7f800000
     131625.000 ns	     13161	80002ac4	3de56913	ori	x18,x10,990	 x10:0x00000200 x18=0x000003de
     131635.000 ns	     13162	80002ac8	00755f93	srli	x31,x10,0x7	 x10:0x00000200 x31=0x00000004
     131645.000 ns	     13163	80002acc	2e48ed93	ori	x27,x17,740	 x17:0x8004080e x27=0x80040aee
     131655.000 ns	     13164	80002ad0	01966fb3	or	x31,x12,x25	 x12:0x00000000 x25:0x9a07254c x31=0x9a07254c
     131665.000 ns	     13165	80002ad4	00000013	addi	x0,x0,0	  x0:0x00000000
     131685.000 ns	     13167	80002ad8	02f9ab33	mulhsu	x22,x19,x15	 x19:0x00083313 x15:0x00000000 x22=0x00000000
     131715.000 ns	     13170	80002adc	0385b6b3	mulhu	x13,x11,x24	 x11:0x00000000 x24:0xffffffff x13=0x00000000
     131735.000 ns	     13172	80002ae0	0194d513	srli	x10,x9,0x19	  x9:0x80040fe4 x10=0x00000040
     131765.000 ns	     13175	80002ae4	11cc70d3	fmul.s	f1,f24,f28	 f24:0xc0000000 f28:0x00000000  f1=0x80000000
     131785.000 ns	     13177	80002ae8	0087a933	slt	x18,x15,x8	 x15:0x00000000  x8:0x00000000 x18=0x00000000
     131805.000 ns	     13179	80002aec	039a3b33	mulhu	x22,x20,x25	 x20:0x00000000 x25:0x9a07254c x22=0x00000000
     131825.000 ns	     13181	80002af0	d6b5a993	slti	x19,x11,-661	 x11:0x00000000 x19=0x00000000
     131835.000 ns	     13182	80002af4	005c0e33	add	x28,x24,x5	 x24:0xffffffff  x5:0x00000200 x28=0x000001ff
     131845.000 ns	     13183	80002af8	01ce3eb3	sltu	x29,x28,x28	 x28:0x00000000 x28:0x00000000 x29=0x00000000
     131865.000 ns	     13185	80002afc	28488d53	fmin.s	f26,f17,f4	 f17:0xc0000000  f4:0x7f800000 f26=0xc0000000
     131885.000 ns	     13187	80002b00	0014dd13	srli	x26,x9,0x1	  x9:0x80040fe4 x26=0x400207f2
     131895.000 ns	     13188	80002b04	01de1213	slli	x4,x28,0x1d	 x28:0x000001ff  x4=0xe0000000
     131915.000 ns	     13190	80002b08	d0053653	fcvt.s.w	f12,x10	 x10:0x00000040 f12=0x42800000
     131935.000 ns	     13192	80002b0c	6e071b17	auipc	x22,0x6e071	 x22=0xee073b0c
     131945.000 ns	     13193	80002b10	004519b3	sll	x19,x10,x4	 x10:0x00000040  x4:0xe0000000 x19=0x00000040
     131965.000 ns	     13195	80002b14	206f2053	fsgnjx.s	f0,f30,f6	 f30:0x00000000  f6:0xff800000  f0=0x80000000
     131995.000 ns	     13198	80002b18	20098d53	fsgnj.s	f26,f19,f0	 f19:0x7fc00000  f0:0x7d4051ec f26=0xffc00000
     132035.000 ns	     13202	80002b1c	107ca2d3	fmul.s	f5,f25,f7	 f25:0x7fc00000  f7:0x00000000  f5=0x7fc00000
     132055.000 ns	     13204	80002b20	011d43b3	xor	x7,x26,x17	 x26:0x400207f2 x17:0x8004080e  x7=0xc0060ffc
     132095.000 ns	     13208	80002b24	08367e53	fsub.s	f28,f12,f3	 f12:0x42800000  f3:0x4ef5ec80 f28=0xcef5ec7f
     132125.000 ns	     13211	80002b28	c0034a53	fcvt.w.s	x20,f6	  f6:0xff800000 x20=0x80000000
     132145.000 ns	     13213	80002b2c	3238e093	ori	x1,x17,803	 x17:0x8004080e  x1=0x80040b2f
     132155.000 ns	     13214	80002b30	f8e43613	sltiu	x12,x8,-114	  x8:0x00000000 x12=0x00000001
     132195.000 ns	     13218	80002b34	010cc2d3	fadd.s	f5,f25,f16	 f25:0x7fc00000 f16:0x00000000  f5=0x7fc00000
     132215.000 ns	     13220	80002b38	4cefcd93	xori	x27,x31,1230	 x31:0x9a07254c x27=0x9a072182
     132575.000 ns	     13256	80002b3c	0346cdb3	div	x27,x13,x20	 x13:0x00000000 x20:0x80000000 x27=0x00000000
     132605.000 ns	     13259	80002b40	c001f953	fcvt.w.s	x18,f3	  f3:0x4ef5ec80 x18=0x7af64000
     132625.000 ns	     13261	80002b44	40b58bb3	sub	x23,x11,x11	 x11:0x00000000 x11:0x00000000 x23=0x00000000
     132645.000 ns	     13263	80002b48	e0088953	fmv.x.w	x18,f17	 f17:0xc0000000 x18=0xc0000000
     132675.000 ns	     13266	80002b4c	290f8853	fmin.s	f16,f31,f16	 f31:0x7fc00000 f16:0x00000000 f16=0x00000000
     132695.000 ns	     13268	80002b50	5a5a0013	addi	x0,x20,1445	 x20:0x80000000
     132705.000 ns	     13269	80002b54	019157b3	srl	x15,x2,x25	  x2:0x00000000 x25:0x9a07254c x15=0x00000000
     132715.000 ns	     13270	80002b58	0055d733	srl	x14,x11,x5	 x11:0x00000000  x5:0x00000200 x14=0x00000000
     132735.000 ns	     13272	80002b5c	e0080753	fmv.x.w	x14,f16	 f16:0x00000000 x14=0x00000000
     132765.000 ns	     13275	80002b60	025c9fb3	mulh	x31,x25,x5	 x25:0x9a07254c  x5:0x00000200 x31=0xffffff34
     132795.000 ns	     13278	80002b64	20ef0d53	fsgnj.s	f26,f30,f14	 f30:0x00000000 f14:0x7fc00000 f26=0x00000000
     132825.000 ns	     13281	80002b68	e0049d53	fclass.s	x26,f9	  f9:0x00000000 x26=0x00000010
     132855.000 ns	     13284	80002b6c	02558c33	mul	x24,x11,x5	 x11:0x00000000  x5:0x00000200 x24=0x00000000
     132885.000 ns	     13287	80002b70	21779453	fsgnjn.s	f8,f15,f23	 f15:0x00000000 f23:0xff800000  f8=0x00000000
     132915.000 ns	     13290	80002b74	c01bb6d3	fcvt.wu.s	x13,f23	 f23:0xff800000 x13=0x00000000
     132945.000 ns	     13293	80002b78	e00a1553	fclass.s	x10,f20	 f20:0x7d4051ec x10=0x00000040
     132965.000 ns	     13295	80002b7c	01609133	sll	x2,x1,x22	  x1:0x80040b2f x22:0xee073b0c  x2=0x40b2f000
     132985.000 ns	     13297	80002b80	c01d0853	fcvt.wu.s	x16,f26	 f26:0x00000000 x16=0x00000000
     133015.000 ns	     13300	80002b84	212e1653	fsgnjn.s	f12,f28,f18	 f28:0xcef5ec7f f18:0x7fc00000 f12=0xcef5ec7f
     133045.000 ns	     13303	80002b88	02ee21b3	mulhsu	x3,x28,x14	 x28:0x000001ff x14:0x00000000  x3=0x00000000
     133065.000 ns	     13305	80002b8c	01334a33	xor	x20,x6,x19	  x6:0x00000000 x19:0x00000040 x20=0x00000040
     133085.000 ns	     13307	80002b90	29639c53	fmax.s	f24,f7,f22	  f7:0x00000000 f22:0xff800000 f24=0x00000000
     133115.000 ns	     13310	80002b94	e0048a53	fmv.x.w	x20,f9	  f9:0x00000000 x20=0x00000000
     133145.000 ns	     13313	80002b98	f00c09d3	fmv.w.x	f19,x24	 x24:0x00000000 f19=0x00000000
     133175.000 ns	     13316	80002b9c	d00d2ed3	fcvt.s.w	f29,x26	 x26:0x00000010 f29=0x41800000
     133195.000 ns	     13318	80002ba0	003e75b3	and	x11,x28,x3	 x28:0x000001ff  x3:0x00000000 x11=0x00000000
     133205.000 ns	     13319	80002ba4	4017d433	sra	x8,x15,x1	 x15:0x00000000  x1:0x80040b2f  x8=0x00000000
     133225.000 ns	     13321	80002ba8	29409fd3	fmax.s	f31,f1,f20	  f1:0x80000000 f20:0x7d4051ec f31=0x7d4051ec
     133275.000 ns	     13326	80002bac	01817c53	fadd.s	f24,f2,f24	  f2:0xc0000000 f24:0x00000000 f24=0xc0000000
     133295.000 ns	     13328	80002bb0	f370b813	sltiu	x16,x1,-201	  x1:0x80040b2f x16=0x00000001
     133325.000 ns	     13331	80002bb4	181084d3	fdiv.s	f9,f1,f1	  f1:0x80000000  f1:0x80000000  f9=0x7fc00000
     133355.000 ns	     13334	80002bb8	28e189d3	fmin.s	f19,f3,f14	  f3:0x4ef5ec80 f14:0x7fc00000 f19=0x4ef5ec80
     133375.000 ns	     13336	80002bbc	7b1a0d13	addi	x26,x20,1969	 x20:0x00000000 x26=0x000007b1
     133385.000 ns	     13337	80002bc0	007cedb3	or	x27,x25,x7	 x25:0x9a07254c  x7:0xc0060ffc x27=0xda072ffc
     133395.000 ns	     13338	80002bc4	01772333	slt	x6,x14,x23	 x14:0x00000000 x23:0x00000000  x6=0x00000000
     133405.000 ns	     13339	80002bc8	013e22b3	slt	x5,x28,x19	 x28:0x000001ff x19:0x00000040  x5=0x00000000
     133415.000 ns	     13340	80002bcc	f39d7017	auipc	x0,0xf39d7	
     133425.000 ns	     13341	80002bd0	01407433	and	x8,x0,x20	  x0:0x00000000 x20:0x00000000  x8=0x00000000
     133755.000 ns	     13374	80002bd4	18364953	fdiv.s	f18,f12,f3	 f12:0xcef5ec7f  f3:0x4ef5ec80 f18=0xbf75ec80
     133775.000 ns	     13376	80002bd8	002a1213	slli	x4,x20,0x2	 x20:0x00000000  x4=0x00000000
     133785.000 ns	     13377	80002bdc	00de9993	slli	x19,x29,0xd	 x29:0x00000000 x19=0x00000000
     133805.000 ns	     13379	80002be0	c0137453	fcvt.wu.s	x8,f6	  f6:0xff800000  x8=0x00000000
     133825.000 ns	     13381	80002be4	40715eb3	sra	x29,x2,x7	  x2:0x40b2f000  x7:0xc0060ffc x29=0x00000004
     133845.000 ns	     13383	80002be8	028d0fb3	mul	x31,x26,x8	 x26:0x000007b1  x8:0x00000000 x31=0x00000000
     133895.000 ns	     13388	80002bec	081b7453	fsub.s	f8,f22,f1	 f22:0xff800000  f1:0x80000000  f8=0xff800000
     133925.000 ns	     13391	80002bf0	026df5b3	remu	x11,x27,x6	 x27:0xda072ffc  x6:0x00000000 x11=0xda072ffc
     133955.000 ns	     13394	80002bf4	29361fd3	fmax.s	f31,f12,f19	 f12:0xcef5ec7f f19:0x4ef5ec80 f31=0x4ef5ec80
     133985.000 ns	     13397	80002bf8	e0080f53	fmv.x.w	x30,f16	 f16:0x00000000 x30=0x00000000
     134005.000 ns	     13399	80002bfc	003020b3	slt	x1,x0,x3	  x0:0x00000000  x3:0x00000000  x1=0x00000000
     134015.000 ns	     13400	80002c00	1a25f713	andi	x14,x11,418	 x11:0xda072ffc x14=0x000001a0
     134035.000 ns	     13402	80002c04	f00086d3	fmv.w.x	f13,x1	  x1:0x80040b2f f13=0x00000000
     134065.000 ns	     13405	80002c08	031f3db3	mulhu	x27,x30,x17	 x30:0x00000000 x17:0x8004080e x27=0x00000000
     134095.000 ns	     13408	80002c0c	20ec92d3	fsgnjn.s	f5,f25,f14	 f25:0x7fc00000 f14:0x7fc00000  f5=0xffc00000
     134125.000 ns	     13411	80002c10	a0a29453	flt.s	x8,f5,f10	  f5:0x7fc00000 f10:0x7eb4b4b6  x8=0x00000000
     134175.000 ns	     13416	80002c14	09bb8553	fsub.s	f10,f23,f27	 f23:0xff800000 f27:0x00000000 f10=0xff800000
     134195.000 ns	     13418	80002c18	0017f9b3	and	x19,x15,x1	 x15:0x00000000  x1:0x00000000 x19=0x00000000
     134215.000 ns	     13420	80002c1c	211ca2d3	fsgnjx.s	f5,f25,f17	 f25:0x7fc00000 f17:0xc0000000  f5=0xffc00000
     134245.000 ns	     13423	80002c20	f00a00d3	fmv.w.x	f1,x20	 x20:0x00000000  f1=0x00000000
     134275.000 ns	     13426	80002c24	02ac82b3	mul	x5,x25,x10	 x25:0x9a07254c x10:0x00000040  x5=0x81c95300
     134295.000 ns	     13428	80002c28	41828fb3	sub	x31,x5,x24	  x5:0x00000000 x24:0x00000000 x31=0x81c95300
     134315.000 ns	     13430	80002c2c	032b0d33	mul	x26,x22,x18	 x22:0xee073b0c x18:0xc0000000 x26=0x00000000
     134335.000 ns	     13432	80002c30	40808633	sub	x12,x1,x8	  x1:0x00000000  x8:0x00000000 x12=0x00000000
     134345.000 ns	     13433	80002c34	01b3c533	xor	x10,x7,x27	  x7:0xc0060ffc x27:0x00000000 x10=0xc0060ffc
     134365.000 ns	     13435	80002c38	a0862653	feq.s	x12,f12,f8	 f12:0xcef5ec7f  f8:0xff800000 x12=0x00000000
     134405.000 ns	     13439	80002c3c	19f57053	fdiv.s	f0,f10,f31	 f10:0xff800000 f31:0x4ef5ec80  f0=0xff800000
     134425.000 ns	     13441	80002c40	00a1ee33	or	x28,x3,x10	  x3:0x00000000 x10:0xc0060ffc x28=0xc0060ffc
     134435.000 ns	     13442	80002c44	35d2f193	andi	x3,x5,861	  x5:0x81c95300  x3=0x00000300
     134445.000 ns	     13443	80002c48	00798533	add	x10,x19,x7	 x19:0x00000000  x7:0xc0060ffc x10=0xc0060ffc
     134455.000 ns	     13444	80002c4c	26e1e113	ori	x2,x3,622	  x3:0x00000000  x2=0x0000036e
     134475.000 ns	     13446	80002c50	28890553	fmin.s	f10,f18,f8	 f18:0xbf75ec80  f8:0xff800000 f10=0xff800000
     134515.000 ns	     13450	80002c54	110cf753	fmul.s	f14,f25,f16	 f25:0x7fc00000 f16:0x00000000 f14=0x7fc00000
     134565.000 ns	     13455	80002c58	087e7253	fsub.s	f4,f28,f7	 f28:0xcef5ec7f  f7:0x00000000  f4=0xcef5ec7f
     134585.000 ns	     13457	80002c5c	4030d593	srai	x11,x1,0x3	  x1:0x00000000 x11=0x00000000
     134605.000 ns	     13459	80002c60	296f98d3	fmax.s	f17,f31,f22	 f31:0x4ef5ec80 f22:0xff800000 f17=0x4ef5ec80
     134635.000 ns	     13462	80002c64	296d91d3	fmax.s	f3,f27,f22	 f27:0x00000000 f22:0xff800000  f3=0x00000000
     134675.000 ns	     13466	80002c68	102e7ad3	fmul.s	f21,f28,f2	 f28:0xcef5ec7f  f2:0xc0000000 f21=0x4f75ec80
     134695.000 ns	     13468	80002c6c	943ae097	auipc	x1,0x943ae	  x1=0x143b0c6c
     135055.000 ns	     13504	80002c70	02225a33	divu	x20,x4,x2	  x4:0x00000000  x2:0x0000036e x20=0x00000000
     135105.000 ns	     13509	80002c74	09e51cd3	fsub.s	f25,f10,f30	 f10:0xff800000 f30:0x00000000 f25=0xff800000
     135125.000 ns	     13511	80002c78	0474b393	sltiu	x7,x9,71	  x9:0x80040fe4  x7=0x00000000
     135135.000 ns	     13512	80002c7c	4070d513	srai	x10,x1,0x7	  x1:0x143b0c6c x10=0x00287618
     135145.000 ns	     13513	80002c80	017a1693	slli	x13,x20,0x17	 x20:0x00000000 x13=0x00000000
     135165.000 ns	     13515	80002c84	026467b3	rem	x15,x8,x6	  x8:0x00000000  x6:0x00000000 x15=0x00000000
     135195.000 ns	     13518	80002c88	c00ffbd3	fcvt.w.s	x23,f31	 f31:0x4ef5ec80 x23=0x7af64000
     135225.000 ns	     13521	80002c8c	022eb733	mulhu	x14,x29,x2	 x29:0x00000004  x2:0x0000036e x14=0x00000000
     135255.000 ns	     13524	80002c90	c007c6d3	fcvt.w.s	x13,f15	 f15:0x00000000 x13=0x00000000
     135275.000 ns	     13526	80002c94	ceebceb7	lui	x29,0xceebc	 x29=0xceebc000
     135295.000 ns	     13528	80002c98	d0097453	fcvt.s.w	f8,x18	 x18:0xc0000000  f8=0xce800000
     135325.000 ns	     13531	80002c9c	f00b81d3	fmv.w.x	f3,x23	 x23:0x7af64000  f3=0x7af64000
     135355.000 ns	     13534	80002ca0	03f71333	mulh	x6,x14,x31	 x14:0x00000000 x31:0x81c95300  x6=0x00000000
     135385.000 ns	     13537	80002ca4	d012ced3	fcvt.s.wu	f29,x5	  x5:0x81c95300 f29=0x4f01c953
     135405.000 ns	     13539	80002ca8	00000013	addi	x0,x0,0	  x0:0x00000000
     135415.000 ns	     13540	80002cac	00d11e93	slli	x29,x2,0xd	  x2:0x0000036e x29=0x006dc000
     135425.000 ns	     13541	80002cb0	0039d2b3	srl	x5,x19,x3	 x19:0x00000000  x3:0x00000300  x5=0x00000000
     135445.000 ns	     13543	80002cb4	28518f53	fmin.s	f30,f3,f5	  f3:0x7af64000  f5:0xffc00000 f30=0x7af64000
     135465.000 ns	     13545	80002cb8	01bc4a33	xor	x20,x24,x27	 x24:0x00000000 x27:0x00000000 x20=0x00000000
     135485.000 ns	     13547	80002cbc	20f725d3	fsgnjx.s	f11,f14,f15	 f14:0x7fc00000 f15:0x00000000 f11=0x7fc00000
     135515.000 ns	     13550	80002cc0	d01c3353	fcvt.s.wu	f6,x24	 x24:0x00000000  f6=0x00000000
     135535.000 ns	     13552	80002cc4	00677c33	and	x24,x14,x6	 x14:0x00000000  x6:0x00000000 x24=0x00000000
     135545.000 ns	     13553	80002cc8	014e1bb3	sll	x23,x28,x20	 x28:0xc0060ffc x20:0x00000000 x23=0xc0060ffc
     135565.000 ns	     13555	80002ccc	28100453	fmin.s	f8,f0,f1	  f0:0xff800000  f1:0x00000000  f8=0xff800000
     135605.000 ns	     13559	80002cd0	5806ad53	fsqrt.s	f26,f13	 f13:0x00000000 f26=0x00000000
     135655.000 ns	     13564	80002cd4	00ce2bd3	fadd.s	f23,f28,f12	 f28:0xcef5ec7f f12:0xcef5ec7f f23=0xcf75ec7f
     135675.000 ns	     13566	80002cd8	00000013	addi	x0,x0,0	  x0:0x00000000
     135685.000 ns	     13567	80002cdc	013da533	slt	x10,x27,x19	 x27:0x00000000 x19:0x00000000 x10=0x00000000
     135695.000 ns	     13568	80002ce0	00f8efb3	or	x31,x17,x15	 x17:0x8004080e x15:0x00000000 x31=0x8004080e
     135715.000 ns	     13570	80002ce4	02f27433	remu	x8,x4,x15	  x4:0x00000000 x15:0x00000000  x8=0x00000000
     135735.000 ns	     13572	80002ce8	58a4e093	ori	x1,x9,1418	  x9:0x80040fe4  x1=0x80040fee
     135765.000 ns	     13575	80002cec	19373953	fdiv.s	f18,f14,f19	 f14:0x7fc00000 f19:0x4ef5ec80 f18=0x7fc00000
     135785.000 ns	     13577	80002cf0	0008a1b3	slt	x3,x17,x0	 x17:0x8004080e  x0:0x00000000  x3=0x00000001
     135795.000 ns	     13578	80002cf4	404689b3	sub	x19,x13,x4	 x13:0x00000000  x4:0x00000000 x19=0x00000000
     135815.000 ns	     13580	80002cf8	e0040e53	fmv.x.w	x28,f8	  f8:0xff800000 x28=0xff800000
     135835.000 ns	     13582	80002cfc	01715993	srli	x19,x2,0x17	  x2:0x0000036e x19=0x00000000
     135855.000 ns	     13584	80002d00	02f97bb3	remu	x23,x18,x15	 x18:0xc0000000 x15:0x00000000 x23=0xc0000000
     135895.000 ns	     13588	80002d04	1077c053	fmul.s	f0,f15,f7	 f15:0x00000000  f7:0x00000000  f0=0x00000000
     135925.000 ns	     13591	80002d08	02de37b3	mulhu	x15,x28,x13	 x28:0xff800000 x13:0x00000000 x15=0x00000000
     135945.000 ns	     13593	80002d0c	003313b3	sll	x7,x6,x3	  x6:0x00000000  x3:0x00000001  x7=0x00000000
     135965.000 ns	     13595	80002d10	026b4033	div	x0,x22,x6	 x22:0xee073b0c  x6:0x00000000
     135985.000 ns	     13597	80002d14	01111d13	slli	x26,x2,0x11	  x2:0x0000036e x26=0x06dc0000
     135995.000 ns	     13598	80002d18	018a47b3	xor	x15,x20,x24	 x20:0x00000000 x24:0x00000000 x15=0x00000000
     136035.000 ns	     13602	80002d1c	0119f3d3	fadd.s	f7,f19,f17	 f19:0x4ef5ec80 f17:0x4ef5ec80  f7=0x4f75ec80
     136065.000 ns	     13605	80002d20	03733833	mulhu	x16,x6,x23	  x6:0x00000000 x23:0xc0000000 x16=0x00000000
     136095.000 ns	     13608	80002d24	29471ad3	fmax.s	f21,f14,f20	 f14:0x7fc00000 f20:0x7d4051ec f21=0x7d4051ec
     136115.000 ns	     13610	80002d28	59e6c3b7	lui	x7,0x59e6c	  x7=0x59e6c000
     136155.000 ns	     13614	80002d2c	088ac4d3	fsub.s	f9,f21,f8	 f21:0x7d4051ec  f8:0xff800000  f9=0x7f800000
     136175.000 ns	     13616	80002d30	200e0313	addi	x6,x28,512	 x28:0xff800000  x6=0xff800200
     136195.000 ns	     13618	80002d34	e00b88d3	fmv.x.w	x17,f23	 f23:0xcf75ec7f x17=0xcf75ec7f
     136215.000 ns	     13620	80002d38	412e5793	srai	x15,x28,0x12	 x28:0xff800000 x15=0xffffffe0
     136225.000 ns	     13621	80002d3c	00bf5fb3	srl	x31,x30,x11	 x30:0x00000000 x11:0x00000000 x31=0x00000000
     136245.000 ns	     13623	80002d40	02047c33	remu	x24,x8,x0	  x8:0x00000000  x0:0x00000000 x24=0x00000000
     136265.000 ns	     13625	80002d44	01fb0833	add	x16,x22,x31	 x22:0xee073b0c x31:0x8004080e x16=0xee073b0c
     136275.000 ns	     13626	80002d48	a7fa6313	ori	x6,x20,-1409	 x20:0x00000000  x6=0xfffffa7f
     136295.000 ns	     13628	80002d4c	c0047fd3	fcvt.w.s	x31,f8	  f8:0xff800000 x31=0x80000000
     136325.000 ns	     13631	80002d50	a14818d3	flt.s	x17,f16,f20	 f16:0x00000000 f20:0x7d4051ec x17=0x00000001
     136345.000 ns	     13633	80002d54	b2702913	slti	x18,x0,-1241	  x0:0x00000000 x18=0x00000000
     136365.000 ns	     13635	80002d58	29410653	fmin.s	f12,f2,f20	  f2:0xc0000000 f20:0x7d4051ec f12=0xc0000000
     136385.000 ns	     13637	80002d5c	00377933	and	x18,x14,x3	 x14:0x00000000  x3:0x00000001 x18=0x00000000
     136405.000 ns	     13639	80002d60	20220753	fsgnj.s	f14,f4,f2	  f4:0xcef5ec7f  f2:0xc0000000 f14=0xcef5ec7f
     137585.000 ns	     13757	80002d64	5801acd3	fsqrt.s	f25,f3	  f3:0x7af64000 f25=0x5d3189d8
     137615.000 ns	     13760	80002d68	0248ea33	rem	x20,x17,x4	 x17:0x00000001  x4:0x00000000 x20=0x00000001
     137645.000 ns	     13763	80002d6c	02428933	mul	x18,x5,x4	  x5:0x00000000  x4:0x00000000 x18=0x00000000
     137695.000 ns	     13768	80002d70	0912a053	fsub.s	f0,f5,f17	  f5:0xffc00000 f17:0x4ef5ec80  f0=0x7fc00000
     137745.000 ns	     13773	80002d74	001a98d3	fadd.s	f17,f21,f1	 f21:0x7d4051ec  f1:0x00000000 f17=0x7d4051ec
     137765.000 ns	     13775	80002d78	00115033	srl	x0,x2,x1	  x2:0x0000036e  x1:0x80040fee
     137785.000 ns	     13777	80002d7c	e00516d3	fclass.s	x13,f10	 f10:0xff800000 x13=0x00000001
     137835.000 ns	     13782	80002d80	084cfdd3	fsub.s	f27,f25,f4	 f25:0x5d3189d8  f4:0xcef5ec7f f27=0x5d3189d8
     137865.000 ns	     13785	80002d84	0397beb3	mulhu	x29,x15,x25	 x15:0xffffffe0 x25:0x9a07254c x29=0x9a072538
     137895.000 ns	     13788	80002d88	a0718dd3	fle.s	x27,f3,f7	  f3:0x7af64000  f7:0x4f75ec80 x27=0x00000000
     137935.000 ns	     13792	80002d8c	11df34d3	fmul.s	f9,f30,f29	 f30:0x7af64000 f29:0x4f01c953  f9=0x7f800000
     137955.000 ns	     13794	80002d90	00000013	addi	x0,x0,0	  x0:0x00000000
     137975.000 ns	     13796	80002d94	a0718453	fle.s	x8,f3,f7	  f3:0x7af64000  f7:0x4f75ec80  x8=0x00000000
     138315.000 ns	     13830	80002d98	183bbe53	fdiv.s	f28,f23,f3	 f23:0xcf75ec7f  f3:0x7af64000 f28=0x93f5ec80
     138345.000 ns	     13833	80002d9c	20c09653	fsgnjn.s	f12,f1,f12	  f1:0x00000000 f12:0xc0000000 f12=0x00000000
     138375.000 ns	     13836	80002da0	023dbdb3	mulhu	x27,x27,x3	 x27:0x00000000  x3:0x00000001 x27=0x00000000
     138405.000 ns	     13839	80002da4	a12c03d3	fle.s	x7,f24,f18	 f24:0xc0000000 f18:0x7fc00000  x7=0x00000000
     138455.000 ns	     13844	80002da8	013d7ed3	fadd.s	f29,f26,f19	 f26:0x00000000 f19:0x4ef5ec80 f29=0x4ef5ec80
     138485.000 ns	     13847	80002dac	215c92d3	fsgnjn.s	f5,f25,f21	 f25:0x5d3189d8 f21:0x7d4051ec  f5=0xdd3189d8
     138515.000 ns	     13850	80002db0	029a9033	mulh	x0,x21,x9	 x21:0x80041024  x9:0x80040fe4
     138535.000 ns	     13852	80002db4	007a69b3	or	x19,x20,x7	 x20:0x00000001  x7:0x00000000 x19=0x00000001
     138545.000 ns	     13853	80002db8	01f79e13	slli	x28,x15,0x1f	 x15:0xffffffe0 x28=0x00000000
     138565.000 ns	     13855	80002dbc	21ec2ed3	fsgnjx.s	f29,f24,f30	 f24:0xc0000000 f30:0x7af64000 f29=0xc0000000
     138595.000 ns	     13858	80002dc0	03e11033	mulh	x0,x2,x30	  x2:0x0000036e x30:0x00000000
     138625.000 ns	     13861	80002dc4	d003a653	fcvt.s.w	f12,x7	  x7:0x00000000 f12=0x00000000
     138655.000 ns	     13864	80002dc8	028531b3	mulhu	x3,x10,x8	 x10:0x00000000  x8:0x00000000  x3=0x00000000
     139025.000 ns	     13901	80002dcc	0317c033	div	x0,x15,x17	 x15:0xffffffe0 x17:0x00000001
     139045.000 ns	     13903	80002dd0	01e6b0b3	sltu	x1,x13,x30	 x13:0x00000001 x30:0x00000000  x1=0x00000000
     139085.000 ns	     13907	80002dd4	01af17d3	fadd.s	f15,f30,f26	 f30:0x7af64000 f26:0x00000000 f15=0x7af64000
     139105.000 ns	     13909	80002dd8	24eb6e13	ori	x28,x22,590	 x22:0xee073b0c x28=0xee073b4e
     139465.000 ns	     13945	80002ddc	0371ec33	rem	x24,x3,x23	  x3:0x00000000 x23:0xc0000000 x24=0x00000000
     139485.000 ns	     13947	80002de0	014397b3	sll	x15,x7,x20	  x7:0x00000000 x20:0x00000001 x15=0x00000000
     139495.000 ns	     13948	80002de4	00000013	addi	x0,x0,0	  x0:0x00000000
     139515.000 ns	     13950	80002de8	e00f8c53	fmv.x.w	x24,f31	 f31:0x4ef5ec80 x24=0x4ef5ec80
     139535.000 ns	     13952	80002dec	006cba33	sltu	x20,x25,x6	 x25:0x9a07254c  x6:0xfffffa7f x20=0x00000001
     139545.000 ns	     13953	80002df0	01de7c33	and	x24,x28,x29	 x28:0xee073b4e x29:0x9a072538 x24=0x8a072108
     139555.000 ns	     13954	80002df4	41830b33	sub	x22,x6,x24	  x6:0xfffffa7f x24:0x4ef5ec80 x22=0x75f8d977
     139565.000 ns	     13955	80002df8	009f9013	slli	x0,x31,0x9	 x31:0x80000000
     139585.000 ns	     13957	80002dfc	c01cf5d3	fcvt.wu.s	x11,f25	 f25:0x5d3189d8 x11=0xffffffff
     139635.000 ns	     13962	80002e00	00db7153	fadd.s	f2,f22,f13	 f22:0xff800000 f13:0x00000000  f2=0xff800000
     139655.000 ns	     13964	80002e04	002ef5b3	and	x11,x29,x2	 x29:0x9a072538  x2:0x0000036e x11=0x00000128
     139665.000 ns	     13965	80002e08	001a1c13	slli	x24,x20,0x1	 x20:0x00000001 x24=0x00000002
     139675.000 ns	     13966	80002e0c	009b4e33	xor	x28,x22,x9	 x22:0x75f8d977  x9:0x80040fe4 x28=0xf5fcd693
     139685.000 ns	     13967	80002e10	29462e93	slti	x29,x12,660	 x12:0x00000000 x29=0x00000001
     139695.000 ns	     13968	80002e14	00000013	addi	x0,x0,0	  x0:0x00000000
     139705.000 ns	     13969	80002e18	007ffbb3	and	x23,x31,x7	 x31:0x80000000  x7:0x00000000 x23=0x00000000
     139715.000 ns	     13970	80002e1c	00e3d233	srl	x4,x7,x14	  x7:0x00000000 x14:0x00000000  x4=0x00000000
     139725.000 ns	     13971	80002e20	00e903b3	add	x7,x18,x14	 x18:0x00000000 x14:0x00000000  x7=0x00000000
     139765.000 ns	     13975	80002e24	0943b0d3	fsub.s	f1,f7,f20	  f7:0x4f75ec80 f20:0x7d4051ec  f1=0xfd4051ec
     139795.000 ns	     13978	80002e28	a1f70f53	fle.s	x30,f14,f31	 f14:0xcef5ec7f f31:0x4ef5ec80 x30=0x00000001
     139825.000 ns	     13981	80002e2c	a12785d3	fle.s	x11,f15,f18	 f15:0x7af64000 f18:0x7fc00000 x11=0x00000000
     139845.000 ns	     13983	80002e30	0112e433	or	x8,x5,x17	  x5:0x00000000 x17:0x00000001  x8=0x00000001
     139865.000 ns	     13985	80002e34	037f5733	divu	x14,x30,x23	 x30:0x00000001 x23:0x00000000 x14=0xffffffff
     140235.000 ns	     14022	80002e38	02dfef33	rem	x30,x31,x13	 x31:0x80000000 x13:0x00000001 x30=0x00000000
     140255.000 ns	     14024	80002e3c	5420ee93	ori	x29,x1,1346	  x1:0x00000000 x29=0x00000542
     140265.000 ns	     14025	80002e40	a2802a13	slti	x20,x0,-1496	  x0:0x00000000 x20=0x00000000
     140275.000 ns	     14026	80002e44	00000013	addi	x0,x0,0	  x0:0x00000000
     140295.000 ns	     14028	80002e48	02b143b3	div	x7,x2,x11	  x2:0x0000036e x11:0x00000000  x7=0xffffffff
     140315.000 ns	     14030	80002e4c	0174b1b3	sltu	x3,x9,x23	  x9:0x80040fe4 x23:0x00000000  x3=0x00000000
     140335.000 ns	     14032	80002e50	e0020453	fmv.x.w	x8,f4	  f4:0xcef5ec7f  x8=0xcef5ec7f
     140355.000 ns	     14034	80002e54	01a7b933	sltu	x18,x15,x26	 x15:0x00000000 x26:0x06dc0000 x18=0x00000001
     140365.000 ns	     14035	80002e58	40d58c33	sub	x24,x11,x13	 x11:0x00000000 x13:0x00000001 x24=0xffffffff
     140375.000 ns	     14036	80002e5c	9c3c2e13	slti	x28,x24,-1597	 x24:0x00000002 x28=0x00000000
     140405.000 ns	     14039	80002e60	11037453	fmul.s	f8,f6,f16	  f6:0x00000000 f16:0x00000000  f8=0x00000000
     140425.000 ns	     14041	80002e64	017f2433	slt	x8,x30,x23	 x30:0x00000000 x23:0x00000000  x8=0x00000000
     140435.000 ns	     14042	80002e68	019a5bb3	srl	x23,x20,x25	 x20:0x00000000 x25:0x9a07254c x23=0x00000000
     140445.000 ns	     14043	80002e6c	b6860513	addi	x10,x12,-1176	 x12:0x00000000 x10=0xfffffb68
     140465.000 ns	     14045	80002e70	e0010253	fmv.x.w	x4,f2	  f2:0xff800000  x4=0xff800000
     140485.000 ns	     14047	80002e74	cc77ce93	xori	x29,x15,-825	 x15:0x00000000 x29=0xfffffcc7
     140505.000 ns	     14049	80002e78	f00102d3	fmv.w.x	f5,x2	  x2:0x0000036e  f5=0x0000036e
     140875.000 ns	     14086	80002e7c	03f373b3	remu	x7,x6,x31	  x6:0xfffffa7f x31:0x80000000  x7=0x7ffffa7f
     140895.000 ns	     14088	80002e80	0085d513	srli	x10,x11,0x8	 x11:0x00000000 x10=0x00000000
     140915.000 ns	     14090	80002e84	e00c8f53	fmv.x.w	x30,f25	 f25:0x5d3189d8 x30=0x5d3189d8
     140945.000 ns	     14093	80002e88	e00c89d3	fmv.x.w	x19,f25	 f25:0x5d3189d8 x19=0x5d3189d8
     140965.000 ns	     14095	80002e8c	00a5bf33	sltu	x30,x11,x10	 x11:0x00000000 x10:0x00000000 x30=0x00000000
     140985.000 ns	     14097	80002e90	0339bfb3	mulhu	x31,x19,x19	 x19:0x5d3189d8 x19:0x5d3189d8 x31=0x21ed07bc
     141005.000 ns	     14099	80002e94	e8b4e213	ori	x4,x9,-373	  x9:0x80040fe4  x4=0xffffffef
     141025.000 ns	     14101	80002e98	c015a6d3	fcvt.wu.s	x13,f11	 f11:0x7fc00000 x13=0xffffffff
     141055.000 ns	     14104	80002e9c	20b3a8d3	fsgnjx.s	f17,f7,f11	  f7:0x4f75ec80 f11:0x7fc00000 f17=0x4f75ec80
     141085.000 ns	     14107	80002ea0	287a05d3	fmin.s	f11,f20,f7	 f20:0x7d4051ec  f7:0x4f75ec80 f11=0x4f75ec80
     141115.000 ns	     14110	80002ea4	02a30033	mul	x0,x6,x10	  x6:0xfffffa7f x10:0x00000000
     141145.000 ns	     14113	80002ea8	e0088c53	fmv.x.w	x24,f17	 f17:0x4f75ec80 x24=0x4f75ec80
     141165.000 ns	     14115	80002eac	00fd9a13	slli	x20,x27,0xf	 x27:0x00000000 x20=0x00000000
     141185.000 ns	     14117	80002eb0	03472233	mulhsu	x4,x14,x20	 x14:0xffffffff x20:0x00000000  x4=0x00000000
     141215.000 ns	     14120	80002eb4	d00e0253	fcvt.s.w	f4,x28	 x28:0x00000000  f4=0x00000000
     141245.000 ns	     14123	80002eb8	02e500b3	mul	x1,x10,x14	 x10:0x00000000 x14:0xffffffff  x1=0x00000000
     141275.000 ns	     14126	80002ebc	f00583d3	fmv.w.x	f7,x11	 x11:0x00000000  f7=0x00000000
     141295.000 ns	     14128	80002ec0	ce276013	ori	x0,x14,-798	 x14:0xffffffff
     141315.000 ns	     14130	80002ec4	e00706d3	fmv.x.w	x13,f14	 f14:0xcef5ec7f x13=0xcef5ec7f
     141345.000 ns	     14133	80002ec8	025870b3	remu	x1,x16,x5	 x16:0xee073b0c  x5:0x00000000  x1=0xee073b0c
     141685.000 ns	     14167	80002ecc	199e2853	fdiv.s	f16,f28,f25	 f28:0x93f5ec80 f25:0x5d3189d8 f16=0xf5f5ec80
     141705.000 ns	     14169	80002ed0	01383f33	sltu	x30,x16,x19	 x16:0xee073b0c x19:0x5d3189d8 x30=0x00000000
     141725.000 ns	     14171	80002ed4	03042733	mulhsu	x14,x8,x16	  x8:0x00000000 x16:0xee073b0c x14=0x00000000
     141755.000 ns	     14174	80002ed8	d0027f53	fcvt.s.w	f30,x4	  x4:0x00000000 f30=0x00000000
     141775.000 ns	     14176	80002edc	010d7eb3	and	x29,x26,x16	 x26:0x06dc0000 x16:0xee073b0c x29=0x06040000
     141785.000 ns	     14177	80002ee0	412e0333	sub	x6,x28,x18	 x28:0x00000000 x18:0x00000001  x6=0xffffffff
     141795.000 ns	     14178	80002ee4	3b452893	slti	x17,x10,948	 x10:0x00000000 x17=0x00000001
     141815.000 ns	     14180	80002ee8	200625d3	fsgnjx.s	f11,f12,f0	 f12:0x00000000  f0:0x7fc00000 f11=0x00000000
     141845.000 ns	     14183	80002eec	e0088953	fmv.x.w	x18,f17	 f17:0x4f75ec80 x18=0x4f75ec80
     141865.000 ns	     14185	80002ef0	742fcf93	xori	x31,x31,1858	 x31:0x21ed07bc x31=0x21ed00fe
     141875.000 ns	     14186	80002ef4	00522a33	slt	x20,x4,x5	  x4:0x00000000  x5:0x00000000 x20=0x00000000
     142235.000 ns	     14222	80002ef8	032ad6b3	divu	x13,x21,x18	 x21:0x80041024 x18:0x4f75ec80 x13=0x00000001
     142255.000 ns	     14224	80002efc	01e0e593	ori	x11,x1,30	  x1:0xee073b0c x11=0xee073b1e
     142265.000 ns	     14225	80002f00	01dbc833	xor	x16,x23,x29	 x23:0x00000000 x29:0x06040000 x16=0x06040000
     142275.000 ns	     14226	80002f04	00d38b33	add	x22,x7,x13	  x7:0x7ffffa7f x13:0x00000001 x22=0x7ffffa80
     142295.000 ns	     14228	80002f08	20cd1ed3	fsgnjn.s	f29,f26,f12	 f26:0x00000000 f12:0x00000000 f29=0x80000000
     142325.000 ns	     14231	80002f0c	c010ce53	fcvt.wu.s	x28,f1	  f1:0xfd4051ec x28=0x00000000
     142345.000 ns	     14233	80002f10	00000013	addi	x0,x0,0	  x0:0x00000000
     142365.000 ns	     14235	80002f14	2040abd3	fsgnjx.s	f23,f1,f4	  f1:0xfd4051ec  f4:0x00000000 f23=0xfd4051ec
     142395.000 ns	     14238	80002f18	20a29cd3	fsgnjn.s	f25,f5,f10	  f5:0x0000036e f10:0xff800000 f25=0x0000036e
     142425.000 ns	     14241	80002f1c	216528d3	fsgnjx.s	f17,f10,f22	 f10:0xff800000 f22:0xff800000 f17=0x7f800000
     142445.000 ns	     14243	80002f20	01c769b3	or	x19,x14,x28	 x14:0x00000000 x28:0x00000000 x19=0x00000000
     142455.000 ns	     14244	80002f24	01bf8db3	add	x27,x31,x27	 x31:0x21ed00fe x27:0x00000000 x27=0x21ed00fe
     142475.000 ns	     14246	80002f28	02e25b33	divu	x22,x4,x14	  x4:0x00000000 x14:0x00000000 x22=0xffffffff
     142495.000 ns	     14248	80002f2c	eae02f13	slti	x30,x0,-338	  x0:0x00000000 x30=0x00000000
     142535.000 ns	     14252	80002f30	01e6f9d3	fadd.s	f19,f13,f30	 f13:0x00000000 f30:0x00000000 f19=0x00000000
     142555.000 ns	     14254	80002f34	2d71eb93	ori	x23,x3,727	  x3:0x00000000 x23=0x000002d7
     142565.000 ns	     14255	80002f38	0035ad33	slt	x26,x11,x3	 x11:0xee073b1e  x3:0x00000000 x26=0x00000001
     142585.000 ns	     14257	80002f3c	c0097c53	fcvt.w.s	x24,f18	 f18:0x7fc00000 x24=0x7fffffff
     142605.000 ns	     14259	80002f40	59034697	auipc	x13,0x59034	 x13=0xd9036f40
     142625.000 ns	     14261	80002f44	d00d1dd3	fcvt.s.w	f27,x26	 x26:0x00000001 f27=0x3f800000
     142655.000 ns	     14264	80002f48	29b69fd3	fmax.s	f31,f13,f27	 f13:0x00000000 f27:0x5d3189d8 f31=0x3f800000
     143025.000 ns	     14301	80002f4c	03975633	divu	x12,x14,x25	 x14:0x00000000 x25:0x9a07254c x12=0x00000000
     143055.000 ns	     14304	80002f50	219f96d3	fsgnjn.s	f13,f31,f25	 f31:0x3f800000 f25:0x0000036e f13=0xbf800000
     143075.000 ns	     14306	80002f54	01775b93	srli	x23,x14,0x17	 x14:0x00000000 x23=0x00000000
     143095.000 ns	     14308	80002f58	20fb2b53	fsgnjx.s	f22,f22,f15	 f22:0xff800000 f15:0x7af64000 f22=0xff800000
     143125.000 ns	     14311	80002f5c	02f385b3	mul	x11,x7,x15	  x7:0x7ffffa7f x15:0x00000000 x11=0x00000000
     143165.000 ns	     14315	80002f60	11b5f1d3	fmul.s	f3,f11,f27	 f11:0x00000000 f27:0x3f800000  f3=0x00000000
     143185.000 ns	     14317	80002f64	00000013	addi	x0,x0,0	  x0:0x00000000
     143545.000 ns	     14353	80002f68	03567233	remu	x4,x12,x21	 x12:0x00000000 x21:0x80041024  x4=0x00000000
     143565.000 ns	     14355	80002f6c	0051c6b3	xor	x13,x3,x5	  x3:0x00000000  x5:0x00000000 x13=0x00000000
     143575.000 ns	     14356	80002f70	c9628917	auipc	x18,0xc9628	 x18=0x4962af70
     143585.000 ns	     14357	80002f74	006bd533	srl	x10,x23,x6	 x23:0x00000000  x6:0xffffffff x10=0x00000000
     143595.000 ns	     14358	80002f78	01aa07b3	add	x15,x20,x26	 x20:0x00000000 x26:0x00000001 x15=0x00000001
     143625.000 ns	     14361	80002f7c	58077153	fsqrt.s	f2,f14	 f14:0xcef5ec7f  f2=0x7fc00000
     143645.000 ns	     14363	80002f80	a82b6597	auipc	x11,0xa82b6	 x11=0x282b8f80
     144005.000 ns	     14399	80002f84	0316c533	div	x10,x13,x17	 x13:0x00000000 x17:0x00000001 x10=0x00000000
     144035.000 ns	     14402	80002f88	29c21753	fmax.s	f14,f4,f28	  f4:0x00000000 f28:0x93f5ec80 f14=0x00000000
     144055.000 ns	     14404	80002f8c	008e5193	srli	x3,x28,0x8	 x28:0x00000000  x3=0x00000000
     144065.000 ns	     14405	80002f90	827e0193	addi	x3,x28,-2009	 x28:0x00000000  x3=0xfffff827
     144085.000 ns	     14407	80002f94	c01b71d3	fcvt.wu.s	x3,f22	 f22:0xff800000  x3=0x00000000
     144115.000 ns	     14410	80002f98	21a70fd3	fsgnj.s	f31,f14,f26	 f14:0x00000000 f26:0x00000000 f31=0x00000000
     144135.000 ns	     14412	80002f9c	39548013	addi	x0,x9,917	  x9:0x80040fe4
     144145.000 ns	     14413	80002fa0	00000013	addi	x0,x0,0	  x0:0x00000000
     144155.000 ns	     14414	80002fa4	01871813	slli	x16,x14,0x18	 x14:0x00000000 x16=0x00000000
     144195.000 ns	     14418	80002fa8	0157c453	fadd.s	f8,f15,f21	 f15:0x7af64000 f21:0x7d4051ec  f8=0x7d4803ec
     144235.000 ns	     14422	80002fac	5804fe53	fsqrt.s	f28,f9	  f9:0x7f800000 f28=0x7f800000
     144265.000 ns	     14425	80002fb0	a157a0d3	feq.s	x1,f15,f21	 f15:0x7af64000 f21:0x7d4051ec  x1=0x00000000
     144305.000 ns	     14429	80002fb4	19e27153	fdiv.s	f2,f4,f30	  f4:0x00000000 f30:0x00000000  f2=0x7fc00000
     144325.000 ns	     14431	80002fb8	825bc393	xori	x7,x23,-2011	 x23:0x00000000  x7=0xfffff825
     144365.000 ns	     14435	80002fbc	01337953	fadd.s	f18,f6,f19	  f6:0x00000000 f19:0x00000000 f18=0x00000000
     144385.000 ns	     14437	80002fc0	b079ba17	auipc	x20,0xb079b	 x20=0x3079dfc0
     144415.000 ns	     14440	80002fc4	10ad26d3	fmul.s	f13,f26,f10	 f26:0x00000000 f10:0xff800000 f13=0x7fc00000
     144435.000 ns	     14442	80002fc8	01c05e33	srl	x28,x0,x28	  x0:0x00000000 x28:0x00000000 x28=0x00000000
     144445.000 ns	     14443	80002fcc	00c70db3	add	x27,x14,x12	 x14:0x00000000 x12:0x00000000 x27=0x00000000
     144465.000 ns	     14445	80002fd0	20cf8d53	fsgnj.s	f26,f31,f12	 f31:0x00000000 f12:0x00000000 f26=0x00000000
     144485.000 ns	     14447	80002fd4	27164413	xori	x8,x12,625	 x12:0x00000000  x8=0x00000271
     144505.000 ns	     14449	80002fd8	02320933	mul	x18,x4,x3	  x4:0x00000000  x3:0x00000000 x18=0x00000000
     144535.000 ns	     14452	80002fdc	a03e8a53	fle.s	x20,f29,f3	 f29:0x80000000  f3:0x00000000 x20=0x00000001
     144565.000 ns	     14455	80002fe0	28531453	fmax.s	f8,f6,f5	  f6:0x00000000  f5:0x0000036e  f8=0x0000036e
     144595.000 ns	     14458	80002fe4	a1fc21d3	feq.s	x3,f24,f31	 f24:0xc0000000 f31:0x00000000  x3=0x00000000
     144625.000 ns	     14461	80002fe8	d0017bd3	fcvt.s.w	f23,x2	  x2:0x0000036e f23=0x445b8000
     144645.000 ns	     14463	80002fec	40630fb3	sub	x31,x6,x6	  x6:0xffffffff  x6:0xffffffff x31=0x00000000
     144665.000 ns	     14465	80002ff0	20f32753	fsgnjx.s	f14,f6,f15	  f6:0x00000000 f15:0x7af64000 f14=0x00000000
     144685.000 ns	     14467	80002ff4	007b9413	slli	x8,x23,0x7	 x23:0x00000000  x8=0x00000000
     144695.000 ns	     14468	80002ff8	00ecde33	srl	x28,x25,x14	 x25:0x9a07254c x14:0x00000000 x28=0x9a07254c
     144705.000 ns	     14469	80002ffc	01e0c2b3	xor	x5,x1,x30	  x1:0x00000000 x30:0x00000000  x5=0x00000000
     144735.000 ns	     14472	80003000	58021853	fsqrt.s	f16,f4	  f4:0x00000000 f16=0x00000000
     144755.000 ns	     14474	80003004	ed3f3d13	sltiu	x26,x30,-301	 x30:0x00000000 x26=0x00000001
     144765.000 ns	     14475	80003008	c6254b93	xori	x23,x10,-926	 x10:0x00000000 x23=0xfffffc62
     144775.000 ns	     14476	8000300c	01dd6133	or	x2,x26,x29	 x26:0x00000001 x29:0x06040000  x2=0x06040001
     144785.000 ns	     14477	80003010	00d0bc33	sltu	x24,x1,x13	  x1:0x00000000 x13:0x00000000 x24=0x00000000
     144815.000 ns	     14480	80003014	10adf853	fmul.s	f16,f27,f10	 f27:0x3f800000 f10:0xff800000 f16=0xff800000
     144845.000 ns	     14483	80003018	21afafd3	fsgnjx.s	f31,f31,f26	 f31:0x00000000 f26:0x00000000 f31=0x00000000
     144885.000 ns	     14487	8000301c	11ddffd3	fmul.s	f31,f27,f29	 f27:0x3f800000 f29:0x80000000 f31=0x80000000
     144915.000 ns	     14490	80003020	030ba533	mulhsu	x10,x23,x16	 x23:0xfffffc62 x16:0x00000000 x10=0x00000000
     144935.000 ns	     14492	80003024	40125333	sra	x6,x4,x1	  x4:0x00000000  x1:0x00000000  x6=0x00000000
     144945.000 ns	     14493	80003028	2a07b397	auipc	x7,0x2a07b	  x7=0xaa07e028
     144965.000 ns	     14495	8000302c	290c9f53	fmax.s	f30,f25,f16	 f25:0x0000036e f16:0xff800000 f30=0x0000036e
     144995.000 ns	     14498	80003030	f0018c53	fmv.w.x	f24,x3	  x3:0x00000000 f24=0x00000000
     145025.000 ns	     14501	80003034	03e0adb3	mulhsu	x27,x1,x30	  x1:0x00000000 x30:0x00000000 x27=0x00000000
     145045.000 ns	     14503	80003038	b18ee413	ori	x8,x29,-1256	 x29:0x06040000  x8=0xfffffb18
     145055.000 ns	     14504	8000303c	014725b3	slt	x11,x14,x20	 x14:0x00000000 x20:0x00000001 x11=0x00000001
     145095.000 ns	     14508	80003040	00429053	fadd.s	f0,f5,f4	  f5:0x0000036e  f4:0x00000000  f0=0x0000036e
     145125.000 ns	     14511	80003044	c00b4553	fcvt.w.s	x10,f22	 f22:0xff800000 x10=0x80000000
     145145.000 ns	     14513	80003048	00bb3833	sltu	x16,x22,x11	 x22:0xffffffff x11:0x00000001 x16=0x00000000
     145155.000 ns	     14514	8000304c	00f43db3	sltu	x27,x8,x15	  x8:0xfffffb18 x15:0x00000001 x27=0x00000000
     145175.000 ns	     14516	80003050	293a0253	fmin.s	f4,f20,f19	 f20:0x7d4051ec f19:0x00000000  f4=0x00000000
     145205.000 ns	     14519	80003054	033717b3	mulh	x15,x14,x19	 x14:0x00000000 x19:0x00000000 x15=0x00000000
     145235.000 ns	     14522	80003058	218b0ed3	fsgnj.s	f29,f22,f24	 f22:0xff800000 f24:0x00000000 f29=0x7f800000
     145265.000 ns	     14525	8000305c	f0038bd3	fmv.w.x	f23,x7	  x7:0xaa07e028 f23=0xaa07e028
     145635.000 ns	     14562	80003060	03c340b3	div	x1,x6,x28	  x6:0x00000000 x28:0x9a07254c  x1=0x00000000
     145665.000 ns	     14565	80003064	a1130c53	fle.s	x24,f6,f17	  f6:0x00000000 f17:0x7f800000 x24=0x00000001
     145695.000 ns	     14568	80003068	283c0dd3	fmin.s	f27,f24,f3	 f24:0x00000000  f3:0x00000000 f27=0x00000000
     145725.000 ns	     14571	8000306c	d00b37d3	fcvt.s.w	f15,x22	 x22:0xffffffff f15=0xbf800000
     145755.000 ns	     14574	80003070	a06fa653	feq.s	x12,f31,f6	 f31:0x80000000  f6:0x00000000 x12=0x00000001
     145775.000 ns	     14576	80003074	0e5a2e13	slti	x28,x20,229	 x20:0x00000001 x28=0x00000001
     145795.000 ns	     14578	80003078	c0157bd3	fcvt.wu.s	x23,f10	 f10:0xff800000 x23=0x00000000
     145825.000 ns	     14581	8000307c	02d2c933	div	x18,x5,x13	  x5:0x00000000 x13:0x00000000 x18=0xffffffff
     145845.000 ns	     14583	80003080	01338eb3	add	x29,x7,x19	  x7:0xaa07e028 x19:0x00000000 x29=0xaa07e028
     145865.000 ns	     14585	80003084	285f0b53	fmin.s	f22,f30,f5	 f30:0x0000036e  f5:0x0000036e f22=0x0000036e
     145885.000 ns	     14587	80003088	41688433	sub	x8,x17,x22	 x17:0x00000001 x22:0xffffffff  x8=0x00000002
     145905.000 ns	     14589	8000308c	a0e3a253	feq.s	x4,f7,f14	  f7:0x00000000 f14:0x00000000  x4=0x00000001
     145945.000 ns	     14593	80003090	117205d3	fmul.s	f11,f4,f23	  f4:0x00000000 f23:0xaa07e028 f11=0x80000000
     145975.000 ns	     14596	80003094	28c28fd3	fmin.s	f31,f5,f12	  f5:0x0000036e f12:0x00000000 f31=0x00000000
     145995.000 ns	     14598	80003098	00000013	addi	x0,x0,0	  x0:0x00000000
     146005.000 ns	     14599	8000309c	007fe133	or	x2,x31,x7	 x31:0x00000000  x7:0xaa07e028  x2=0xaa07e028
     146025.000 ns	     14601	800030a0	208caad3	fsgnjx.s	f21,f25,f8	 f25:0x0000036e  f8:0x0000036e f21=0x0000036e
     146055.000 ns	     14604	800030a4	d002f253	fcvt.s.w	f4,x5	  x5:0x00000000  f4=0x00000000
     146105.000 ns	     14609	800030a8	015dfa53	fadd.s	f20,f27,f21	 f27:0x00000000 f21:0x0000036e f20=0x0000036e
     146145.000 ns	     14613	800030ac	117a3553	fmul.s	f10,f20,f23	 f20:0x7d4051ec f23:0xaa07e028 f10=0x80000000
     146175.000 ns	     14616	800030b0	e0079f53	fclass.s	x30,f15	 f15:0xbf800000 x30=0x00000002
     146205.000 ns	     14619	800030b4	d003f853	fcvt.s.w	f16,x7	  x7:0xaa07e028 f16=0xceabf03f
     146245.000 ns	     14623	800030b8	18dcfb53	fdiv.s	f22,f25,f13	 f25:0x0000036e f13:0x7fc00000 f22=0x7fc00000
     146275.000 ns	     14626	800030bc	e00298d3	fclass.s	x17,f5	  f5:0x0000036e x17=0x00000020
     146295.000 ns	     14628	800030c0	41b75d33	sra	x26,x14,x27	 x14:0x00000000 x27:0x00000000 x26=0x00000000
     146305.000 ns	     14629	800030c4	28290913	addi	x18,x18,642	 x18:0xffffffff x18=0x00000281
     146315.000 ns	     14630	800030c8	56b8ad93	slti	x27,x17,1387	 x17:0x00000020 x27=0x00000001
     146325.000 ns	     14631	800030cc	01a046b3	xor	x13,x0,x26	  x0:0x00000000 x26:0x00000000 x13=0x00000000
     146345.000 ns	     14633	800030d0	e00b0bd3	fmv.x.w	x23,f22	 f22:0x7fc00000 x23=0x7fc00000
     146715.000 ns	     14670	800030d4	03ecf133	remu	x2,x25,x30	 x25:0x9a07254c x30:0x00000002  x2=0x00000000
     146745.000 ns	     14673	800030d8	f00f8a53	fmv.w.x	f20,x31	 x31:0x00000000 f20=0x00000000
     146765.000 ns	     14675	800030dc	1075b613	sltiu	x12,x11,263	 x11:0x00000001 x12=0x00000001
     146775.000 ns	     14676	800030e0	01dd79b3	and	x19,x26,x29	 x26:0x00000000 x29:0xaa07e028 x19=0x00000000
     147135.000 ns	     14712	800030e4	03cc7733	remu	x14,x24,x28	 x24:0x00000001 x28:0x00000001 x14=0x00000000
     147165.000 ns	     14715	800030e8	c01db453	fcvt.wu.s	x8,f27	 f27:0x00000000  x8=0x00000000
     147185.000 ns	     14717	800030ec	0106df93	srli	x31,x13,0x10	 x13:0x00000000 x31=0x00000000
     147205.000 ns	     14719	800030f0	29e51e53	fmax.s	f28,f10,f30	 f10:0x80000000 f30:0x0000036e f28=0x0000036e
     147235.000 ns	     14722	800030f4	027312b3	mulh	x5,x6,x7	  x6:0x00000000  x7:0xaa07e028  x5=0x00000000
     148415.000 ns	     14840	800030f8	580433d3	fsqrt.s	f7,f8	  f8:0x0000036e  f7=0x1f35095c
     148435.000 ns	     14842	800030fc	415cd8b3	sra	x17,x25,x21	 x25:0x9a07254c x21:0x80041024 x17=0xf9a07254
     148445.000 ns	     14843	80003100	00884833	xor	x16,x16,x8	 x16:0x00000000  x8:0x00000000 x16=0x00000000
     148465.000 ns	     14845	80003104	20bba353	fsgnjx.s	f6,f23,f11	 f23:0xaa07e028 f11:0x80000000  f6=0x2a07e028
     148495.000 ns	     14848	80003108	02a7a433	mulhsu	x8,x15,x10	 x15:0x00000000 x10:0x80000000  x8=0x00000000
     148525.000 ns	     14851	8000310c	03202933	mulhsu	x18,x0,x18	  x0:0x00000000 x18:0x00000281 x18=0x00000000
     148555.000 ns	     14854	80003110	d0047f53	fcvt.s.w	f30,x8	  x8:0x00000000 f30=0x00000000
     148575.000 ns	     14856	80003114	6332b013	sltiu	x0,x5,1587	  x5:0x00000000
     148595.000 ns	     14858	80003118	28b40f53	fmin.s	f30,f8,f11	  f8:0x0000036e f11:0x80000000 f30=0x80000000
     148615.000 ns	     14860	8000311c	01837fb3	and	x31,x6,x24	  x6:0x00000000 x24:0x00000001 x31=0x00000000
     148635.000 ns	     14862	80003120	21e723d3	fsgnjx.s	f7,f14,f30	 f14:0x00000000 f30:0x80000000  f7=0x80000000
     148655.000 ns	     14864	80003124	01195d93	srli	x27,x18,0x11	 x18:0x00000000 x27=0x00000000
     148665.000 ns	     14865	80003128	00253833	sltu	x16,x10,x2	 x10:0x80000000  x2:0x00000000 x16=0x00000000
     148685.000 ns	     14867	8000312c	03d89333	mulh	x6,x17,x29	 x17:0xf9a07254 x29:0xaa07e028  x6=0x0223e766
     148725.000 ns	     14871	80003130	110cf153	fmul.s	f2,f25,f16	 f25:0x0000036e f16:0xceabf03f  f2=0x89136c7f
     148755.000 ns	     14874	80003134	03810bb3	mul	x23,x2,x24	  x2:0x00000000 x24:0x00000001 x23=0x00000000
     148785.000 ns	     14877	80003138	29880653	fmin.s	f12,f16,f24	 f16:0xceabf03f f24:0x00000000 f12=0xceabf03f
     148815.000 ns	     14880	8000313c	299b9253	fmax.s	f4,f23,f25	 f23:0xaa07e028 f25:0x0000036e  f4=0x0000036e
     148845.000 ns	     14883	80003140	035e80b3	mul	x1,x29,x21	 x29:0xaa07e028 x21:0x80041024  x1=0xe7be05a0
     148875.000 ns	     14886	80003144	0224f833	remu	x16,x9,x2	  x9:0x80040fe4  x2:0x00000000 x16=0x80040fe4
     148895.000 ns	     14888	80003148	018e4c33	xor	x24,x28,x24	 x28:0x00000001 x24:0x00000001 x24=0x00000000
     148905.000 ns	     14889	8000314c	b12eeb93	ori	x23,x29,-1262	 x29:0xaa07e028 x23=0xfffffb3a
     148935.000 ns	     14892	80003150	10c2a3d3	fmul.s	f7,f5,f12	  f5:0x0000036e f12:0xceabf03f  f7=0x89136c7f
     148965.000 ns	     14895	80003154	d00301d3	fcvt.s.w	f3,x6	  x6:0x0223e766  f3=0x4c08f9da
     148995.000 ns	     14898	80003158	02337133	remu	x2,x6,x3	  x6:0x0223e766  x3:0x00000000  x2=0x0223e766
     149025.000 ns	     14901	8000315c	0306b9b3	mulhu	x19,x13,x16	 x13:0x00000000 x16:0x80040fe4 x19=0x00000000
     149055.000 ns	     14904	80003160	a1d52853	feq.s	x16,f10,f29	 f10:0x80000000 f29:0x7f800000 x16=0x00000000
     149085.000 ns	     14907	80003164	283d0353	fmin.s	f6,f26,f3	 f26:0x00000000  f3:0x4c08f9da  f6=0x00000000
     149105.000 ns	     14909	80003168	00148eb3	add	x29,x9,x1	  x9:0x80040fe4  x1:0xe7be05a0 x29=0x67c21584
     149125.000 ns	     14911	8000316c	02dcd6b3	divu	x13,x25,x13	 x25:0x9a07254c x13:0x00000000 x13=0xffffffff
     149145.000 ns	     14913	80003170	41fd5f13	srai	x30,x26,0x1f	 x26:0x00000000 x30=0x00000000
     149155.000 ns	     14914	80003174	02a33113	sltiu	x2,x6,42	  x6:0x0223e766  x2=0x00000000
     149165.000 ns	     14915	80003178	01014eb3	xor	x29,x2,x16	  x2:0x0223e766 x16:0x00000000 x29=0x00000000
     149175.000 ns	     14916	8000317c	f89cfe17	auipc	x28,0xf89cf	 x28=0x789d217c
     149535.000 ns	     14952	80003180	02b7dc33	divu	x24,x15,x11	 x15:0x00000000 x11:0x00000001 x24=0x00000000
     149565.000 ns	     14955	80003184	c01c7c53	fcvt.wu.s	x24,f24	 f24:0x00000000 x24=0x00000000
     149595.000 ns	     14958	80003188	28d083d3	fmin.s	f7,f1,f13	  f1:0xfd4051ec f13:0x7fc00000  f7=0xfd4051ec
     149625.000 ns	     14961	8000318c	d00c79d3	fcvt.s.w	f19,x24	 x24:0x00000000 f19=0x00000000
     149655.000 ns	     14964	80003190	f00180d3	fmv.w.x	f1,x3	  x3:0x00000000  f1=0x00000000
     149675.000 ns	     14966	80003194	01f1fa33	and	x20,x3,x31	  x3:0x00000000 x31:0x00000000 x20=0x00000000
     149695.000 ns	     14968	80003198	c00aa2d3	fcvt.w.s	x5,f21	 f21:0x0000036e  x5=0x00000000
     149745.000 ns	     14973	8000319c	01adfa53	fadd.s	f20,f27,f26	 f27:0x00000000 f26:0x00000000 f20=0x00000000
     149765.000 ns	     14975	800031a0	73a2ef13	ori	x30,x5,1850	  x5:0x00000000 x30=0x0000073a
     150125.000 ns	     15011	800031a4	02da62b3	rem	x5,x20,x13	 x20:0x00000000 x13:0xffffffff  x5=0x00000000
     150145.000 ns	     15013	800031a8	01430133	add	x2,x6,x20	  x6:0x0223e766 x20:0x00000000  x2=0x0223e766
     150165.000 ns	     15015	800031ac	21189e53	fsgnjn.s	f28,f17,f17	 f17:0x7f800000 f17:0x7f800000 f28=0xff800000
     150535.000 ns	     15052	800031b0	0268fd33	remu	x26,x17,x6	 x17:0xf9a07254  x6:0x0223e766 x26=0x015b981c
     150555.000 ns	     15054	800031b4	0025e2b3	or	x5,x11,x2	 x11:0x00000001  x2:0x0223e766  x5=0x0223e767
     150565.000 ns	     15055	800031b8	72ef4a13	xori	x20,x30,1838	 x30:0x0000073a x20=0x00000014
     150585.000 ns	     15057	800031bc	037491b3	mulh	x3,x9,x23	  x9:0x80040fe4 x23:0xfffffb3a  x3=0x00000262
     150605.000 ns	     15059	800031c0	4037d3b3	sra	x7,x15,x3	 x15:0x00000000  x3:0x00000000  x7=0x00000000
     150615.000 ns	     15060	800031c4	01e9e033	or	x0,x19,x30	 x19:0x00000000 x30:0x0000073a
     150625.000 ns	     15061	800031c8	44720d93	addi	x27,x4,1095	  x4:0x00000001 x27=0x00000448
     150635.000 ns	     15062	800031cc	41f35733	sra	x14,x6,x31	  x6:0x0223e766 x31:0x00000000 x14=0x0223e766
     150655.000 ns	     15064	800031d0	022e93b3	mulh	x7,x29,x2	 x29:0x00000000  x2:0x0223e766  x7=0x00000000
     150675.000 ns	     15066	800031d4	8dc32c13	slti	x24,x6,-1828	  x6:0x0223e766 x24=0x00000000
     150685.000 ns	     15067	800031d8	6a277713	andi	x14,x14,1698	 x14:0x0223e766 x14=0x00000622
     150695.000 ns	     15068	800031dc	bf383117	auipc	x2,0xbf383	  x2=0x3f3861dc
     150705.000 ns	     15069	800031e0	00000013	addi	x0,x0,0	  x0:0x00000000
     150735.000 ns	     15072	800031e4	19c57bd3	fdiv.s	f23,f10,f28	 f10:0x80000000 f28:0xff800000 f23=0x00000000
     151915.000 ns	     15190	800031e8	580cfdd3	fsqrt.s	f27,f25	 f25:0x0000036e f27=0x1f35095c
     151935.000 ns	     15192	800031ec	4ad14b37	lui	x22,0x4ad14	 x22=0x4ad14000
     151945.000 ns	     15193	800031f0	00a5d333	srl	x6,x11,x10	 x11:0x00000001 x10:0x80000000  x6=0x00000001
     151965.000 ns	     15195	800031f4	c00d23d3	fcvt.w.s	x7,f26	 f26:0x00000000  x7=0x00000000
     152335.000 ns	     15232	800031f8	02aafd33	remu	x26,x21,x10	 x21:0x80041024 x10:0x80000000 x26=0x00041024
     152385.000 ns	     15237	800031fc	09b2b7d3	fsub.s	f15,f5,f27	  f5:0x0000036e f27:0x1f35095c f15=0x9f35095c
     152415.000 ns	     15240	80003200	d0027f53	fcvt.s.w	f30,x4	  x4:0x00000001 f30=0x3f800000
     152445.000 ns	     15243	80003204	c00f7c53	fcvt.w.s	x24,f30	 f30:0x80000000 x24=0x00000001
     152475.000 ns	     15246	80003208	207d0ed3	fsgnj.s	f29,f26,f7	 f26:0x00000000  f7:0xfd4051ec f29=0x80000000
     152515.000 ns	     15250	8000320c	11d37f53	fmul.s	f30,f6,f29	  f6:0x00000000 f29:0x7f800000 f30=0x80000000
     152535.000 ns	     15252	80003210	00f849b3	xor	x19,x16,x15	 x16:0x00000000 x15:0x00000000 x19=0x00000000
     152545.000 ns	     15253	80003214	40ab5913	srai	x18,x22,0xa	 x22:0x4ad14000 x18=0x0012b450
     152565.000 ns	     15255	80003218	29c20c53	fmin.s	f24,f4,f28	  f4:0x0000036e f28:0xff800000 f24=0xff800000
     152615.000 ns	     15260	8000321c	081800d3	fsub.s	f1,f16,f1	 f16:0xceabf03f  f1:0x00000000  f1=0xceabf03f
     152645.000 ns	     15263	80003220	020b9bb3	mulh	x23,x23,x0	 x23:0xfffffb3a  x0:0x00000000 x23=0x00000000
     152675.000 ns	     15266	80003224	d0117fd3	fcvt.s.wu	f31,x2	  x2:0x3f3861dc f31=0x4e7ce187
     152705.000 ns	     15269	80003228	a0a906d3	fle.s	x13,f18,f10	 f18:0x00000000 f10:0x80000000 x13=0x00000001
     152725.000 ns	     15271	8000322c	9e55a797	auipc	x15,0x9e55a	 x15=0x1e55d22c
     152745.000 ns	     15273	80003230	d01072d3	fcvt.s.wu	f5,x0	  x0:0x00000000  f5=0x00000000
     152765.000 ns	     15275	80003234	d843b593	sltiu	x11,x7,-636	  x7:0x00000000 x11=0x00000001
     152775.000 ns	     15276	80003238	0082d833	srl	x16,x5,x8	  x5:0x0223e767  x8:0x00000000 x16=0x0223e767
     152795.000 ns	     15278	8000323c	03dc1333	mulh	x6,x24,x29	 x24:0x00000001 x29:0x00000000  x6=0x00000000
     152815.000 ns	     15280	80003240	1e603813	sltiu	x16,x0,486	  x0:0x00000000 x16=0x00000001
     152835.000 ns	     15282	80003244	033c1b33	mulh	x22,x24,x19	 x24:0x00000001 x19:0x00000000 x22=0x00000000
     152865.000 ns	     15285	80003248	2102a3d3	fsgnjx.s	f7,f5,f16	  f5:0x00000000 f16:0xceabf03f  f7=0x80000000
     153235.000 ns	     15322	8000324c	02b3fd33	remu	x26,x7,x11	  x7:0x00000000 x11:0x00000001 x26=0x00000000
     153255.000 ns	     15324	80003250	0144f7b3	and	x15,x9,x20	  x9:0x80040fe4 x20:0x00000014 x15=0x00000004
     153295.000 ns	     15328	80003254	01ef3553	fadd.s	f10,f30,f30	 f30:0x80000000 f30:0x80000000 f10=0x80000000
     153315.000 ns	     15330	80003258	dbc50093	addi	x1,x10,-580	 x10:0x80000000  x1=0x7ffffdbc
     153335.000 ns	     15332	8000325c	a0009dd3	flt.s	x27,f1,f0	  f1:0xceabf03f  f0:0x0000036e x27=0x00000001
     153355.000 ns	     15334	80003260	00442033	slt	x0,x8,x4	  x8:0x00000000  x4:0x00000001
     153375.000 ns	     15336	80003264	020c25b3	mulhsu	x11,x24,x0	 x24:0x00000001  x0:0x00000000 x11=0x00000000
     153405.000 ns	     15339	80003268	a1051953	flt.s	x18,f10,f16	 f10:0x80000000 f16:0xceabf03f x18=0x00000000
     153435.000 ns	     15342	8000326c	f0048fd3	fmv.w.x	f31,x9	  x9:0x80040fe4 f31=0x80040fe4
     153465.000 ns	     15345	80003270	21fd98d3	fsgnjn.s	f17,f27,f31	 f27:0x1f35095c f31:0x4e7ce187 f17=0x1f35095c
     153495.000 ns	     15348	80003274	022d31b3	mulhu	x3,x26,x2	 x26:0x00000000  x2:0x3f3861dc  x3=0x00000000
     153515.000 ns	     15350	80003278	01c76733	or	x14,x14,x28	 x14:0x00000622 x28:0x789d217c x14=0x789d277e
     153535.000 ns	     15352	8000327c	028d9033	mulh	x0,x27,x8	 x27:0x00000001  x8:0x00000000
     153555.000 ns	     15354	80003280	54eaaf17	auipc	x30,0x54eaa	 x30=0xd4ead280
     153565.000 ns	     15355	80003284	41675e13	srai	x28,x14,0x16	 x14:0x789d277e x28=0x000001e2
     153575.000 ns	     15356	80003288	9da4a313	slti	x6,x9,-1574	  x9:0x80040fe4  x6=0x00000001
     153595.000 ns	     15358	8000328c	a1f4a853	feq.s	x16,f9,f31	  f9:0x7f800000 f31:0x80040fe4 x16=0x00000000
     153615.000 ns	     15360	80003290	017e6533	or	x10,x28,x23	 x28:0x000001e2 x23:0x00000000 x10=0x000001e2
     153635.000 ns	     15362	80003294	f00b0ed3	fmv.w.x	f29,x22	 x22:0x00000000 f29=0x00000000
     153655.000 ns	     15364	80003298	41025433	sra	x8,x4,x16	  x4:0x00000001 x16:0x00000000  x8=0x00000001
     153665.000 ns	     15365	8000329c	d9e56993	ori	x19,x10,-610	 x10:0x000001e2 x19=0xfffffdfe
     153675.000 ns	     15366	800032a0	00000013	addi	x0,x0,0	  x0:0x00000000
     153695.000 ns	     15368	800032a4	e0068353	fmv.x.w	x6,f13	 f13:0x7fc00000  x6=0x7fc00000
     153715.000 ns	     15370	800032a8	01e85c13	srli	x24,x16,0x1e	 x16:0x00000000 x24=0x00000000
     153725.000 ns	     15371	800032ac	014fe1b3	or	x3,x31,x20	 x31:0x00000000 x20:0x00000014  x3=0x00000014
     153755.000 ns	     15374	800032b0	115875d3	fmul.s	f11,f16,f21	 f16:0xceabf03f f21:0x0000036e f11=0x89136c7f
     153785.000 ns	     15377	800032b4	219c2ad3	fsgnjx.s	f21,f24,f25	 f24:0xff800000 f25:0x0000036e f21=0xff800000
     153805.000 ns	     15379	800032b8	c6ed0d37	lui	x26,0xc6ed0	 x26=0xc6ed0000
     153825.000 ns	     15381	800032bc	e0019453	fclass.s	x8,f3	  f3:0x4c08f9da  x8=0x00000040
     154195.000 ns	     15418	800032c0	0299fa33	remu	x20,x19,x9	 x19:0xfffffdfe  x9:0x80040fe4 x20=0x7ffbee1a
     154215.000 ns	     15420	800032c4	11094f13	xori	x30,x18,272	 x18:0x00000000 x30=0x00000110
     154235.000 ns	     15422	800032c8	c00b4653	fcvt.w.s	x12,f22	 f22:0x7fc00000 x12=0x7fffffff
     154605.000 ns	     15459	800032cc	03b17633	remu	x12,x2,x27	  x2:0x3f3861dc x27:0x00000001 x12=0x00000000
     154625.000 ns	     15461	800032d0	0042b433	sltu	x8,x5,x4	  x5:0x0223e767  x4:0x00000001  x8=0x00000000
     154635.000 ns	     15462	800032d4	4a030713	addi	x14,x6,1184	  x6:0x7fc00000 x14=0x7fc004a0
     154655.000 ns	     15464	800032d8	c00b7453	fcvt.w.s	x8,f22	 f22:0x7fc00000  x8=0x7fffffff
     154675.000 ns	     15466	800032dc	14744713	xori	x14,x8,327	  x8:0x00000000 x14=0x7ffffeb8
     154685.000 ns	     15467	800032e0	014d75b3	and	x11,x26,x20	 x26:0xc6ed0000 x20:0x7ffbee1a x11=0x46e90000
     154705.000 ns	     15469	800032e4	03820933	mul	x18,x4,x24	  x4:0x00000001 x24:0x00000000 x18=0x00000000
     154725.000 ns	     15471	800032e8	528e3093	sltiu	x1,x28,1320	 x28:0x000001e2  x1=0x00000001
     154765.000 ns	     15475	800032ec	00eef853	fadd.s	f16,f29,f14	 f29:0x00000000 f14:0x00000000 f16=0x00000000
     154795.000 ns	     15478	800032f0	02c66333	rem	x6,x12,x12	 x12:0x00000000 x12:0x00000000  x6=0x00000000
     154815.000 ns	     15480	800032f4	93a2f213	andi	x4,x5,-1734	  x5:0x0223e767  x4=0x0223e122
     154825.000 ns	     15481	800032f8	41e9dc13	srai	x24,x19,0x1e	 x19:0xfffffdfe x24=0xffffffff
     154845.000 ns	     15483	800032fc	027cb8b3	mulhu	x17,x25,x7	 x25:0x9a07254c  x7:0x00000000 x17=0x00000000
     155215.000 ns	     15520	80003300	03b4e333	rem	x6,x9,x27	  x9:0x80040fe4 x27:0x00000001  x6=0x00000000
     155235.000 ns	     15522	80003304	a4c57613	andi	x12,x10,-1460	 x10:0x000001e2 x12=0x00000040
     155255.000 ns	     15524	80003308	296206d3	fmin.s	f13,f4,f22	  f4:0x0000036e f22:0x7fc00000 f13=0x0000036e
     155275.000 ns	     15526	8000330c	c8c35d97	auipc	x27,0xc8c35	 x27=0x48c3830c
     155295.000 ns	     15528	80003310	299212d3	fmax.s	f5,f4,f25	  f4:0x0000036e f25:0x0000036e  f5=0x0000036e
     155325.000 ns	     15531	80003314	f0020c53	fmv.w.x	f24,x4	  x4:0x0223e122 f24=0x0223e122
     155345.000 ns	     15533	80003318	f5a88217	auipc	x4,0xf5a88	  x4=0x75a8b318
     155355.000 ns	     15534	8000331c	019ed533	srl	x10,x29,x25	 x29:0x00000000 x25:0x9a07254c x10=0x00000000
     155365.000 ns	     15535	80003320	c0a02293	slti	x5,x0,-1014	  x0:0x00000000  x5=0x00000000
     155375.000 ns	     15536	80003324	004855b3	srl	x11,x16,x4	 x16:0x00000000  x4:0x75a8b318 x11=0x00000000
     155385.000 ns	     15537	80003328	00000013	addi	x0,x0,0	  x0:0x00000000
     155405.000 ns	     15539	8000332c	021d1b33	mulh	x22,x26,x1	 x26:0xc6ed0000  x1:0x00000001 x22=0xffffffff
     155435.000 ns	     15542	80003330	a0280a53	fle.s	x20,f16,f2	 f16:0x00000000  f2:0x89136c7f x20=0x00000000
     155465.000 ns	     15545	80003334	28d11c53	fmax.s	f24,f2,f13	  f2:0x89136c7f f13:0x0000036e f24=0x0000036e
     155485.000 ns	     15547	80003338	0f72f113	andi	x2,x5,247	  x5:0x00000000  x2=0x00000000
     155525.000 ns	     15551	8000333c	006fc8d3	fadd.s	f17,f31,f6	 f31:0x80040fe4  f6:0x00000000 f17=0x80040fe4
     155555.000 ns	     15554	80003340	20272653	fsgnjx.s	f12,f14,f2	 f14:0x00000000  f2:0x89136c7f f12=0x80000000
     155585.000 ns	     15557	80003344	a0fa1d53	flt.s	x26,f20,f15	 f20:0x00000000 f15:0x9f35095c x26=0x00000000
     155615.000 ns	     15560	80003348	c001f5d3	fcvt.w.s	x11,f3	  f3:0x4c08f9da x11=0x0223e768
     155645.000 ns	     15563	8000334c	02111333	mulh	x6,x2,x1	  x2:0x00000000  x1:0x00000001  x6=0x00000000
     155675.000 ns	     15566	80003350	03fe29b3	mulhsu	x19,x28,x31	 x28:0x000001e2 x31:0x00000000 x19=0x00000000
     155705.000 ns	     15569	80003354	290b9853	fmax.s	f16,f23,f16	 f23:0x00000000 f16:0x00000000 f16=0x00000000
     155735.000 ns	     15572	80003358	e0041f53	fclass.s	x30,f8	  f8:0x0000036e x30=0x00000020
     155785.000 ns	     15577	8000335c	004979d3	fadd.s	f19,f18,f4	 f18:0x00000000  f4:0x0000036e f19=0x0000036e
     155805.000 ns	     15579	80003360	40f55c13	srai	x24,x10,0xf	 x10:0x00000000 x24=0x00000000
     155845.000 ns	     15583	80003364	016b79d3	fadd.s	f19,f22,f22	 f22:0x7fc00000 f22:0x7fc00000 f19=0x7fc00000
     155865.000 ns	     15585	80003368	007e1633	sll	x12,x28,x7	 x28:0x000001e2  x7:0x00000000 x12=0x000001e2
     155895.000 ns	     15588	8000336c	1045f2d3	fmul.s	f5,f11,f4	 f11:0x89136c7f  f4:0x0000036e  f5=0x80000001
     155925.000 ns	     15591	80003370	29d00fd3	fmin.s	f31,f0,f29	  f0:0x0000036e f29:0x00000000 f31=0x00000000
     155945.000 ns	     15593	80003374	00609e33	sll	x28,x1,x6	  x1:0x00000001  x6:0x00000000 x28=0x00000001
     156305.000 ns	     15629	80003378	02cde8b3	rem	x17,x27,x12	 x27:0x48c3830c x12:0x000001e2 x17=0x00000086
     156675.000 ns	     15666	8000337c	03554733	div	x14,x10,x21	 x10:0x00000000 x21:0x80041024 x14=0x00000000
     157045.000 ns	     15703	80003380	03eaeeb3	rem	x29,x21,x30	 x21:0x80041024 x30:0x00000020 x29=0xffffffe4
     157065.000 ns	     15705	80003384	33a99037	lui	x0,0x33a99	
     157075.000 ns	     15706	80003388	f9ca4d37	lui	x26,0xf9ca4	 x26=0xf9ca4000
     157085.000 ns	     15707	8000338c	561b6e13	ori	x28,x22,1377	 x22:0xffffffff x28=0xffffffff
     157445.000 ns	     15743	80003390	02117033	remu	x0,x2,x1	  x2:0x00000000  x1:0x00000001
     157475.000 ns	     15746	80003394	e00893d3	fclass.s	x7,f17	 f17:0x80040fe4  x7=0x00000004
     157525.000 ns	     15751	80003398	00b57b53	fadd.s	f22,f10,f11	 f10:0x80000000 f11:0x89136c7f f22=0x89136c7f
     157555.000 ns	     15754	8000339c	a05ea953	feq.s	x18,f29,f5	 f29:0x00000000  f5:0x80000001 x18=0x00000000
     157925.000 ns	     15791	800033a0	0278e933	rem	x18,x17,x7	 x17:0x00000086  x7:0x00000004 x18=0x00000002
     157945.000 ns	     15793	800033a4	410cdb13	srai	x22,x25,0x10	 x25:0x9a07254c x22=0xffff9a07
     158305.000 ns	     15829	800033a8	03db52b3	divu	x5,x22,x29	 x22:0xffffffff x29:0xffffffe4  x5=0x00000000
     158325.000 ns	     15831	800033ac	237b8793	addi	x15,x23,567	 x23:0x00000000 x15=0x00000237
     158685.000 ns	     15867	800033b0	03bcd633	divu	x12,x25,x27	 x25:0x9a07254c x27:0x48c3830c x12=0x00000002
     158705.000 ns	     15869	800033b4	0003bd33	sltu	x26,x7,x0	  x7:0x00000004  x0:0x00000000 x26=0x00000000
     158715.000 ns	     15870	800033b8	4124deb3	sra	x29,x9,x18	  x9:0x80040fe4 x18:0x00000002 x29=0xe00103f9
     158745.000 ns	     15873	800033bc	58067bd3	fsqrt.s	f23,f12	 f12:0x80000000 f23=0x80000000
     158775.000 ns	     15876	800033c0	035201b3	mul	x3,x4,x21	  x4:0x75a8b318 x21:0x80041024  x3=0xe34aaf60
     158805.000 ns	     15879	800033c4	03a81333	mulh	x6,x16,x26	 x16:0x00000000 x26:0x00000000  x6=0x00000000
     158835.000 ns	     15882	800033c8	21962dd3	fsgnjx.s	f27,f12,f25	 f12:0x80000000 f25:0x0000036e f27=0x80000000
     158885.000 ns	     15887	800033cc	000d7853	fadd.s	f16,f26,f0	 f26:0x00000000  f0:0x0000036e f16=0x0000036e
     158915.000 ns	     15890	800033d0	282391d3	fmax.s	f3,f7,f2	  f7:0x80000000  f2:0x89136c7f  f3=0x80000000
     158945.000 ns	     15893	800033d4	e00813d3	fclass.s	x7,f16	 f16:0x0000036e  x7=0x00000020
     158975.000 ns	     15896	800033d8	29fb01d3	fmin.s	f3,f22,f31	 f22:0x89136c7f f31:0x00000000  f3=0x89136c7f
     158995.000 ns	     15898	800033dc	745f7d17	auipc	x26,0x745f7	 x26=0xf45fa3dc
     159015.000 ns	     15900	800033e0	e0021953	fclass.s	x18,f4	  f4:0x0000036e x18=0x00000020
     159385.000 ns	     15937	800033e4	0270c1b3	div	x3,x1,x7	  x1:0x00000001  x7:0x00000020  x3=0x00000000
     159755.000 ns	     15974	800033e8	035fd833	divu	x16,x31,x21	 x31:0x00000000 x21:0x80041024 x16=0x00000000
     159775.000 ns	     15976	800033ec	00225633	srl	x12,x4,x2	  x4:0x75a8b318  x2:0x00000000 x12=0x75a8b318
     159795.000 ns	     15978	800033f0	02a4b833	mulhu	x16,x9,x10	  x9:0x80040fe4 x10:0x00000000 x16=0x00000000
     160165.000 ns	     16015	800033f4	02dd55b3	divu	x11,x26,x13	 x26:0xf45fa3dc x13:0x00000001 x11=0xf45fa3dc
     160185.000 ns	     16017	800033f8	26f5a093	slti	x1,x11,623	 x11:0x0223e768  x1=0x00000001
     160205.000 ns	     16019	800033fc	d009a053	fcvt.s.w	f0,x19	 x19:0x00000000  f0=0x00000000
     160225.000 ns	     16021	80003400	41bfdc13	srai	x24,x31,0x1b	 x31:0x00000000 x24=0x00000000
     160245.000 ns	     16023	80003404	02a030b3	mulhu	x1,x0,x10	  x0:0x00000000 x10:0x00000000  x1=0x00000000
     160275.000 ns	     16026	80003408	e00a1653	fclass.s	x12,f20	 f20:0x00000000 x12=0x00000010
     160295.000 ns	     16028	8000340c	36352517	auipc	x10,0x36352	 x10=0xb635540c
     160315.000 ns	     16030	80003410	022c5fb3	divu	x31,x24,x2	 x24:0x00000000  x2:0x00000000 x31=0xffffffff
     160345.000 ns	     16033	80003414	216322d3	fsgnjx.s	f5,f6,f22	  f6:0x00000000 f22:0x89136c7f  f5=0x80000000
     160365.000 ns	     16035	80003418	018ff9b3	and	x19,x31,x24	 x31:0xffffffff x24:0x00000000 x19=0x00000000
     160385.000 ns	     16037	8000341c	026a0333	mul	x6,x20,x6	 x20:0x00000000  x6:0x00000000  x6=0x00000000
     160415.000 ns	     16040	80003420	03b79a33	mulh	x20,x15,x27	 x15:0x00000237 x27:0x48c3830c x20=0x000000a1
     160445.000 ns	     16043	80003424	021a4033	div	x0,x20,x1	 x20:0x00000000  x1:0x00000000
     160465.000 ns	     16045	80003428	005732b3	sltu	x5,x14,x5	 x14:0x00000000  x5:0x00000000  x5=0x00000000
     160475.000 ns	     16046	8000342c	8fc60017	auipc	x0,0x8fc60	
     160495.000 ns	     16048	80003430	c01cf1d3	fcvt.wu.s	x3,f25	 f25:0x0000036e  x3=0x00000000
     160525.000 ns	     16051	80003434	02818e33	mul	x28,x3,x8	  x3:0x00000000  x8:0x7fffffff x28=0x00000000
     160555.000 ns	     16054	80003438	02dc1433	mulh	x8,x24,x13	 x24:0x00000000 x13:0x00000001  x8=0x00000000
     160595.000 ns	     16058	8000343c	580af8d3	fsqrt.s	f17,f21	 f21:0xff800000 f17=0x7fc00000
     160615.000 ns	     16060	80003440	019a0db3	add	x27,x20,x25	 x20:0x000000a1 x25:0x9a07254c x27=0x9a0725ed
     160655.000 ns	     16064	80003444	08e218d3	fsub.s	f17,f4,f14	  f4:0x0000036e f14:0x00000000 f17=0x0000036e
     160695.000 ns	     16068	80003448	103ca6d3	fmul.s	f13,f25,f3	 f25:0x0000036e  f3:0x89136c7f f13=0x80000001
     160725.000 ns	     16071	8000344c	c00bc5d3	fcvt.w.s	x11,f23	 f23:0x80000000 x11=0x00000000
     160745.000 ns	     16073	80003450	015e9633	sll	x12,x29,x21	 x29:0xe00103f9 x21:0x80041024 x12=0x00103f90
     160755.000 ns	     16074	80003454	e44f3993	sltiu	x19,x30,-444	 x30:0x00000020 x19=0x00000001
     160765.000 ns	     16075	80003458	00701833	sll	x16,x0,x7	  x0:0x00000000  x7:0x00000020 x16=0x00000000
     160775.000 ns	     16076	8000345c	00000013	addi	x0,x0,0	  x0:0x00000000
     160785.000 ns	     16077	80003460	c8e88f93	addi	x31,x17,-882	 x17:0x00000086 x31=0xfffffd14
     160795.000 ns	     16078	80003464	01a93db3	sltu	x27,x18,x26	 x18:0x00000020 x26:0xf45fa3dc x27=0x00000001
     160815.000 ns	     16080	80003468	c00f7ed3	fcvt.w.s	x29,f30	 f30:0x80000000 x29=0x00000000
     160845.000 ns	     16083	8000346c	a0f9a3d3	feq.s	x7,f19,f15	 f19:0x7fc00000 f15:0x9f35095c  x7=0x00000000
     160865.000 ns	     16085	80003470	01041093	slli	x1,x8,0x10	  x8:0x00000000  x1=0x00000000
     160885.000 ns	     16087	80003474	a1f382d3	fle.s	x5,f7,f31	  f7:0x80000000 f31:0x00000000  x5=0x00000001
     160915.000 ns	     16090	80003478	e00b9f53	fclass.s	x30,f23	 f23:0x80000000 x30=0x00000008
     160935.000 ns	     16092	8000347c	01d89613	slli	x12,x17,0x1d	 x17:0x00000086 x12=0xc0000000
     160955.000 ns	     16094	80003480	2115abd3	fsgnjx.s	f23,f11,f17	 f11:0x89136c7f f17:0x0000036e f23=0x89136c7f
     161005.000 ns	     16099	80003484	003cf553	fadd.s	f10,f25,f3	 f25:0x0000036e  f3:0x89136c7f f10=0x89136c7e
     161035.000 ns	     16102	80003488	d01a95d3	fcvt.s.wu	f11,x21	 x21:0x80041024 f11=0x4f000410
     161055.000 ns	     16104	8000348c	24794b13	xori	x22,x18,583	 x18:0x00000020 x22=0x00000267
     161065.000 ns	     16105	80003490	00000013	addi	x0,x0,0	  x0:0x00000000
     161075.000 ns	     16106	80003494	08985617	auipc	x12,0x8985	 x12=0x88988494
     161095.000 ns	     16108	80003498	02953a33	mulhu	x20,x10,x9	 x10:0xb635540c  x9:0x80040fe4 x20=0x5b1d8e2a
     161115.000 ns	     16110	8000349c	6019a413	slti	x8,x19,1537	 x19:0x00000001  x8=0x00000001
     161135.000 ns	     16112	800034a0	a07b0d53	fle.s	x26,f22,f7	 f22:0x89136c7f  f7:0x80000000 x26=0x00000001
     161155.000 ns	     16114	800034a4	0077db13	srli	x22,x15,0x7	 x15:0x00000237 x22=0x00000004
     162325.000 ns	     16231	800034a8	580210d3	fsqrt.s	f1,f4	  f4:0x0000036e  f1=0x1f35095c
     162345.000 ns	     16233	800034ac	40b90933	sub	x18,x18,x11	 x18:0x00000020 x11:0x00000000 x18=0x00000020
     162355.000 ns	     16234	800034b0	00c1e9b3	or	x19,x3,x12	  x3:0x00000000 x12:0x88988494 x19=0x88988494
     162375.000 ns	     16236	800034b4	d00ec053	fcvt.s.w	f0,x29	 x29:0x00000000  f0=0x00000000
     162405.000 ns	     16239	800034b8	02f735b3	mulhu	x11,x14,x15	 x14:0x00000000 x15:0x00000237 x11=0x00000000
     162425.000 ns	     16241	800034bc	d2abf613	andi	x12,x23,-726	 x23:0x00000000 x12=0x00000000
     162435.000 ns	     16242	800034c0	dd27c393	xori	x7,x15,-558	 x15:0x00000237  x7=0xffffffe5
     162455.000 ns	     16244	800034c4	02bb83b3	mul	x7,x23,x11	 x23:0x00000000 x11:0x00000000  x7=0x00000000
     162485.000 ns	     16247	800034c8	02c1b033	mulhu	x0,x3,x12	  x3:0x00000000 x12:0x00000000
     162515.000 ns	     16250	800034cc	20d5a153	fsgnjx.s	f2,f11,f13	 f11:0x4f000410 f13:0x80000001  f2=0xcf000410
     162545.000 ns	     16253	800034d0	c01f46d3	fcvt.wu.s	x13,f30	 f30:0x80000000 x13=0x00000000
     162915.000 ns	     16290	800034d4	0397c0b3	div	x1,x15,x25	 x15:0x00000237 x25:0x9a07254c  x1=0x00000000
     162945.000 ns	     16293	800034d8	d000f9d3	fcvt.s.w	f19,x1	  x1:0x00000000 f19=0x00000000
     162975.000 ns	     16296	800034dc	e00c9a53	fclass.s	x20,f25	 f25:0x0000036e x20=0x00000020
     163015.000 ns	     16300	800034e0	181ff153	fdiv.s	f2,f31,f1	 f31:0x00000000  f1:0x1f35095c  f2=0x00000000
     163035.000 ns	     16302	800034e4	017fd533	srl	x10,x31,x23	 x31:0xfffffd14 x23:0x00000000 x10=0xfffffd14
     163045.000 ns	     16303	800034e8	00811013	slli	x0,x2,0x8	  x2:0x00000000
     163065.000 ns	     16305	800034ec	03057b33	remu	x22,x10,x16	 x10:0xb635540c x16:0x00000000 x22=0xfffffd14
     163085.000 ns	     16307	800034f0	40b086b3	sub	x13,x1,x11	  x1:0x00000000 x11:0x00000000 x13=0x00000000
     163445.000 ns	     16343	800034f4	0247d133	divu	x2,x15,x4	 x15:0x00000237  x4:0x75a8b318  x2=0x00000000
     163465.000 ns	     16345	800034f8	96f40593	addi	x11,x8,-1681	  x8:0x00000001 x11=0xfffff970
     163475.000 ns	     16346	800034fc	56177a13	andi	x20,x14,1377	 x14:0x00000000 x20=0x00000000
     163485.000 ns	     16347	80003500	00665293	srli	x5,x12,0x6	 x12:0x00000000  x5=0x00000000
     163525.000 ns	     16351	80003504	00307153	fadd.s	f2,f0,f3	  f0:0x00000000  f3:0x89136c7f  f2=0x89136c7f
     163545.000 ns	     16353	80003508	02a1f213	andi	x4,x3,42	  x3:0x00000000  x4=0x00000000
     163565.000 ns	     16355	8000350c	f00f8b53	fmv.w.x	f22,x31	 x31:0xfffffd14 f22=0xfffffd14
     163595.000 ns	     16358	80003510	f00e0fd3	fmv.w.x	f31,x28	 x28:0x00000000 f31=0x00000000
     163625.000 ns	     16361	80003514	03acbf33	mulhu	x30,x25,x26	 x25:0x9a07254c x26:0x00000001 x30=0x00000000
     163655.000 ns	     16364	80003518	d0137a53	fcvt.s.wu	f20,x6	  x6:0x00000000 f20=0x00000000
     163675.000 ns	     16366	8000351c	0053d733	srl	x14,x7,x5	  x7:0x00000000  x5:0x00000000 x14=0x00000000
     163685.000 ns	     16367	80003520	01faffb3	and	x31,x21,x31	 x21:0x80041024 x31:0xfffffd14 x31=0x80041004
     163695.000 ns	     16368	80003524	01205713	srli	x14,x0,0x12	  x0:0x00000000 x14=0x00000000
     163705.000 ns	     16369	80003528	1569dc37	lui	x24,0x1569d	 x24=0x1569d000
     163725.000 ns	     16371	8000352c	a18a9e53	flt.s	x28,f21,f24	 f21:0xff800000 f24:0x0000036e x28=0x00000001
     163755.000 ns	     16374	80003530	20981953	fsgnjn.s	f18,f16,f9	 f16:0x0000036e  f9:0x7f800000 f18=0x8000036e
     163775.000 ns	     16376	80003534	a44dc293	xori	x5,x27,-1468	 x27:0x00000001  x5=0xfffffa45
     163795.000 ns	     16378	80003538	20358a53	fsgnj.s	f20,f11,f3	 f11:0x4f000410  f3:0x89136c7f f20=0xcf000410
     163825.000 ns	     16381	8000353c	f0048c53	fmv.w.x	f24,x9	  x9:0x80040fe4 f24=0x80040fe4
     163845.000 ns	     16383	80003540	00659033	sll	x0,x11,x6	 x11:0xfffff970  x6:0x00000000
     163855.000 ns	     16384	80003544	385f2f93	slti	x31,x30,901	 x30:0x00000000 x31=0x00000001
     163875.000 ns	     16386	80003548	037776b3	remu	x13,x14,x23	 x14:0x00000000 x23:0x00000000 x13=0x00000000
     163895.000 ns	     16388	8000354c	e8bb7713	andi	x14,x22,-373	 x22:0xfffffd14 x14=0xfffffc00
     163905.000 ns	     16389	80003550	00000013	addi	x0,x0,0	  x0:0x00000000
     163925.000 ns	     16391	80003554	e00502d3	fmv.x.w	x5,f10	 f10:0x89136c7e  x5=0x89136c7e
     163945.000 ns	     16393	80003558	01913333	sltu	x6,x2,x25	  x2:0x00000000 x25:0x9a07254c  x6=0x00000001
     163965.000 ns	     16395	8000355c	e0020b53	fmv.x.w	x22,f4	  f4:0x0000036e x22=0x0000036e
     163985.000 ns	     16397	80003560	00bd82b3	add	x5,x27,x11	 x27:0x00000001 x11:0xfffff970  x5=0xfffff971
     163995.000 ns	     16398	80003564	b9b12797	auipc	x15,0xb9b12	 x15=0x39b15564
     164005.000 ns	     16399	80003568	00000013	addi	x0,x0,0	  x0:0x00000000
     164025.000 ns	     16401	8000356c	e0019bd3	fclass.s	x23,f3	  f3:0x89136c7f x23=0x00000002
     164055.000 ns	     16404	80003570	f0098053	fmv.w.x	f0,x19	 x19:0x88988494  f0=0x88988494
     164105.000 ns	     16409	80003574	00aec3d3	fadd.s	f7,f29,f10	 f29:0x00000000 f10:0x89136c7e  f7=0x89136c7e
     164135.000 ns	     16412	80003578	a0fbadd3	feq.s	x27,f23,f15	 f23:0x89136c7f f15:0x9f35095c x27=0x00000000
     164155.000 ns	     16414	8000357c	00990bb3	add	x23,x18,x9	 x18:0x00000020  x9:0x80040fe4 x23=0x80041004
     164165.000 ns	     16415	80003580	01faf933	and	x18,x21,x31	 x21:0x80041024 x31:0x00000001 x18=0x00000000
     164175.000 ns	     16416	80003584	e4c84737	lui	x14,0xe4c84	 x14=0xe4c84000
     164195.000 ns	     16418	80003588	202721d3	fsgnjx.s	f3,f14,f2	 f14:0x00000000  f2:0x89136c7f  f3=0x80000000
     164565.000 ns	     16455	8000358c	029e75b3	remu	x11,x28,x9	 x28:0x00000001  x9:0x80040fe4 x11=0x00000001
     164585.000 ns	     16457	80003590	00fd8db3	add	x27,x27,x15	 x27:0x00000000 x15:0x39b15564 x27=0x39b15564
     164605.000 ns	     16459	80003594	a1641253	flt.s	x4,f8,f22	  f8:0x0000036e f22:0xfffffd14  x4=0x00000000
     164625.000 ns	     16461	80003598	006cc533	xor	x10,x25,x6	 x25:0x9a07254c  x6:0x00000001 x10=0x9a07254d
     164635.000 ns	     16462	8000359c	be700213	addi	x4,x0,-1049	  x0:0x00000000  x4=0xfffffbe7
     164645.000 ns	     16463	800035a0	00da5d13	srli	x26,x20,0xd	 x20:0x00000000 x26=0x00000000
     164665.000 ns	     16465	800035a4	c0181d53	fcvt.wu.s	x26,f16	 f16:0x0000036e x26=0x00000000
     164685.000 ns	     16467	800035a8	40768a33	sub	x20,x13,x7	 x13:0x00000000  x7:0x00000000 x20=0x00000000
     164705.000 ns	     16469	800035ac	03a8dfb3	divu	x31,x17,x26	 x17:0x00000086 x26:0x00000000 x31=0xffffffff
     164735.000 ns	     16472	800035b0	023d4433	div	x8,x26,x3	 x26:0x00000000  x3:0x00000000  x8=0xffffffff
     164755.000 ns	     16474	800035b4	017bdc33	srl	x24,x23,x23	 x23:0x80041004 x23:0x80041004 x24=0x08004100
     164785.000 ns	     16477	800035b8	580ebe53	fsqrt.s	f28,f29	 f29:0x00000000 f28=0x00000000
     164815.000 ns	     16480	800035bc	d01bf653	fcvt.s.wu	f12,x23	 x23:0x80041004 f12=0x4f000410
     164845.000 ns	     16483	800035c0	e00e1fd3	fclass.s	x31,f28	 f28:0x00000000 x31=0x00000010
     164865.000 ns	     16485	800035c4	d68f3b17	auipc	x22,0xd68f3	 x22=0x568f65c4
     164875.000 ns	     16486	800035c8	5042a217	auipc	x4,0x5042a	  x4=0xd042d5c8
     164915.000 ns	     16490	800035cc	08e940d3	fsub.s	f1,f18,f14	 f18:0x8000036e f14:0x00000000  f1=0x8000036e
     164945.000 ns	     16493	800035d0	02671633	mulh	x12,x14,x6	 x14:0xe4c84000  x6:0x00000001 x12=0xffffffff
     164965.000 ns	     16495	800035d4	00bcd333	srl	x6,x25,x11	 x25:0x9a07254c x11:0x00000001  x6=0x4d0392a6
     164985.000 ns	     16497	800035d8	21f78dd3	fsgnj.s	f27,f15,f31	 f15:0x9f35095c f31:0x00000000 f27=0x1f35095c
     165015.000 ns	     16500	800035dc	e0019853	fclass.s	x16,f3	  f3:0x80000000 x16=0x00000008
     165045.000 ns	     16503	800035e0	29379fd3	fmax.s	f31,f15,f19	 f15:0x9f35095c f19:0x00000000 f31=0x00000000
     165075.000 ns	     16506	800035e4	d00ff4d3	fcvt.s.w	f9,x31	 x31:0x00000010  f9=0x41800000
     165445.000 ns	     16543	800035e8	03fb60b3	rem	x1,x22,x31	 x22:0x568f65c4 x31:0x00000010  x1=0x00000004
     165475.000 ns	     16546	800035ec	d009f753	fcvt.s.w	f14,x19	 x19:0x88988494 f14=0xceeecef6
     165525.000 ns	     16551	800035f0	08c3f953	fsub.s	f18,f7,f12	  f7:0x89136c7e f12:0x4f000410 f18=0xcf000410
     165555.000 ns	     16554	800035f4	e00d8353	fmv.x.w	x6,f27	 f27:0x1f35095c  x6=0x1f35095c
     165595.000 ns	     16558	800035f8	580742d3	fsqrt.s	f5,f14	 f14:0xceeecef6  f5=0x7fc00000
     165625.000 ns	     16561	800035fc	f0030cd3	fmv.w.x	f25,x6	  x6:0x1f35095c f25=0x1f35095c
     165645.000 ns	     16563	80003600	40f2dd93	srai	x27,x5,0xf	  x5:0xfffff971 x27=0xffffffff
     165655.000 ns	     16564	80003604	883d6b13	ori	x22,x26,-1917	 x26:0x00000000 x22=0xfffff883
     165675.000 ns	     16566	80003608	289c00d3	fmin.s	f1,f24,f9	 f24:0x80040fe4  f9:0x41800000  f1=0x80040fe4
     165695.000 ns	     16568	8000360c	01f1df13	srli	x30,x3,0x1f	  x3:0x00000000 x30=0x00000000
     165705.000 ns	     16569	80003610	40b10533	sub	x10,x2,x11	  x2:0x00000000 x11:0x00000001 x10=0xffffffff
     165725.000 ns	     16571	80003614	c010f7d3	fcvt.wu.s	x15,f1	  f1:0x80040fe4 x15=0x00000000
     165745.000 ns	     16573	80003618	da0f0793	addi	x15,x30,-608	 x30:0x00000000 x15=0xfffffda0
     165755.000 ns	     16574	8000361c	0112fc33	and	x24,x5,x17	  x5:0xfffff971 x17:0x00000086 x24=0x00000000
     165765.000 ns	     16575	80003620	0e7c2813	slti	x16,x24,231	 x24:0x08004100 x16=0x00000001
     165775.000 ns	     16576	80003624	d236ae13	slti	x28,x13,-733	 x13:0x00000000 x28=0x00000000
     165795.000 ns	     16578	80003628	c01fa053	fcvt.wu.s	x0,f31	 f31:0x00000000
     165825.000 ns	     16581	8000362c	f00804d3	fmv.w.x	f9,x16	 x16:0x00000001  f9=0x00000001
     165845.000 ns	     16583	80003630	41ad8233	sub	x4,x27,x26	 x27:0xffffffff x26:0x00000000  x4=0xffffffff
     165855.000 ns	     16584	80003634	ef937213	andi	x4,x6,-263	  x6:0x1f35095c  x4=0x1f350858
     165875.000 ns	     16586	80003638	023b67b3	rem	x15,x22,x3	 x22:0xfffff883  x3:0x00000000 x15=0xfffff883
     165895.000 ns	     16588	8000363c	0028b6b3	sltu	x13,x17,x2	 x17:0x00000086  x2:0x00000000 x13=0x00000000
     165915.000 ns	     16590	80003640	20e00fd3	fsgnj.s	f31,f0,f14	  f0:0x88988494 f14:0xceeecef6 f31=0x88988494
     165935.000 ns	     16592	80003644	33607e13	andi	x28,x0,822	  x0:0x00000000 x28=0x00000000
     165945.000 ns	     16593	80003648	dcd297b7	lui	x15,0xdcd29	 x15=0xdcd29000
     165965.000 ns	     16595	8000364c	a1a1a653	feq.s	x12,f3,f26	  f3:0x80000000 f26:0x00000000 x12=0x00000001
     166305.000 ns	     16629	80003650	18184553	fdiv.s	f10,f16,f1	 f16:0x0000036e  f1:0x80040fe4 f10=0xb89af0f3
     166325.000 ns	     16631	80003654	01ab8c33	add	x24,x23,x26	 x23:0x80041004 x26:0x00000000 x24=0x80041004
     166345.000 ns	     16633	80003658	d00c4c53	fcvt.s.w	f24,x24	 x24:0x00000000 f24=0xcefff7e0
     166365.000 ns	     16635	8000365c	01771a33	sll	x20,x14,x23	 x14:0xe4c84000 x23:0x80041004 x20=0x4c840000
     166385.000 ns	     16637	80003660	d004f853	fcvt.s.w	f16,x9	  x9:0x80040fe4 f16=0xcefff7e0
     166755.000 ns	     16674	80003664	031768b3	rem	x17,x14,x17	 x14:0xe4c84000 x17:0x00000086 x17=0xffffff9e
     166785.000 ns	     16677	80003668	20e99153	fsgnjn.s	f2,f19,f14	 f19:0x00000000 f14:0xceeecef6  f2=0x00000000
     166805.000 ns	     16679	8000366c	00000013	addi	x0,x0,0	  x0:0x00000000
     166815.000 ns	     16680	80003670	019a5d13	srli	x26,x20,0x19	 x20:0x4c840000 x26=0x00000026
     166835.000 ns	     16682	80003674	032955b3	divu	x11,x18,x18	 x18:0x00000000 x18:0x00000000 x11=0xffffffff
     166865.000 ns	     16685	80003678	213808d3	fsgnj.s	f17,f16,f19	 f16:0xcefff7e0 f19:0x00000000 f17=0x4efff7e0
     166885.000 ns	     16687	8000367c	093a0093	addi	x1,x20,147	 x20:0x4c840000  x1=0x4c840093
     166895.000 ns	     16688	80003680	00000013	addi	x0,x0,0	  x0:0x00000000
     166905.000 ns	     16689	80003684	003c7233	and	x4,x24,x3	 x24:0x80041004  x3:0x00000000  x4=0x00000000
     166935.000 ns	     16692	80003688	1167f653	fmul.s	f12,f15,f22	 f15:0x9f35095c f22:0xfffffd14 f12=0x7fc00000
     166955.000 ns	     16694	8000368c	12bdb513	sltiu	x10,x27,299	 x27:0xffffffff x10=0x00000000
     168125.000 ns	     16811	80003690	5808c4d3	fsqrt.s	f9,f17	 f17:0x4efff7e0  f9=0x473501cc
     168155.000 ns	     16814	80003694	c00c7653	fcvt.w.s	x12,f24	 f24:0xcefff7e0 x12=0x7ffbf000
     168185.000 ns	     16817	80003698	e0000953	fmv.x.w	x18,f0	  f0:0x88988494 x18=0x88988494
     168205.000 ns	     16819	8000369c	0036b733	sltu	x14,x13,x3	 x13:0x00000000  x3:0x00000000 x14=0x00000000
     168215.000 ns	     16820	800036a0	459e61b7	lui	x3,0x459e6	  x3=0x459e6000
     168235.000 ns	     16822	800036a4	28391dd3	fmax.s	f27,f18,f3	 f18:0xcf000410  f3:0x80000000 f27=0x80000000
     168265.000 ns	     16825	800036a8	28b88153	fmin.s	f2,f17,f11	 f17:0x4efff7e0 f11:0x4f000410  f2=0x4efff7e0
     168295.000 ns	     16828	800036ac	e00701d3	fmv.x.w	x3,f14	 f14:0xceeecef6  x3=0xceeecef6
     168325.000 ns	     16831	800036b0	f00608d3	fmv.w.x	f17,x12	 x12:0x7ffbf000 f17=0x7ffbf000
     168345.000 ns	     16833	800036b4	00c113b3	sll	x7,x2,x12	  x2:0x00000000 x12:0x7ffbf000  x7=0x00000000
     168365.000 ns	     16835	800036b8	f0058853	fmv.w.x	f16,x11	 x11:0xffffffff f16=0xffffffff
     168395.000 ns	     16838	800036bc	d0047b53	fcvt.s.w	f22,x8	  x8:0xffffffff f22=0xbf800000
     168425.000 ns	     16841	800036c0	209f1353	fsgnjn.s	f6,f30,f9	 f30:0x80000000  f9:0x473501cc  f6=0x80000000
     168445.000 ns	     16843	800036c4	0044e533	or	x10,x9,x4	  x9:0x80040fe4  x4:0x00000000 x10=0x80040fe4
     168465.000 ns	     16845	800036c8	f0070e53	fmv.w.x	f28,x14	 x14:0x00000000 f28=0x00000000
     168495.000 ns	     16848	800036cc	21401cd3	fsgnjn.s	f25,f0,f20	  f0:0x88988494 f20:0xcf000410 f25=0x08988494
     168525.000 ns	     16851	800036d0	e0098f53	fmv.x.w	x30,f19	 f19:0x00000000 x30=0x00000000
     168555.000 ns	     16854	800036d4	c007c753	fcvt.w.s	x14,f15	 f15:0x9f35095c x14=0x00000000
     168925.000 ns	     16891	800036d8	0363d033	divu	x0,x7,x22	  x7:0x00000000 x22:0xfffff883
     168955.000 ns	     16894	800036dc	20869bd3	fsgnjn.s	f23,f13,f8	 f13:0x80000001  f8:0x0000036e f23=0x80000001
     168975.000 ns	     16896	800036e0	32876393	ori	x7,x14,808	 x14:0x00000000  x7=0x00000328
     168985.000 ns	     16897	800036e4	1a25a213	slti	x4,x11,418	 x11:0xffffffff  x4=0x00000001
     168995.000 ns	     16898	800036e8	cdb7ef93	ori	x31,x15,-805	 x15:0xdcd29000 x31=0xfffffcdb
     169005.000 ns	     16899	800036ec	3dbcf413	andi	x8,x25,987	 x25:0x9a07254c  x8=0x00000148
     169025.000 ns	     16901	800036f0	21329dd3	fsgnjn.s	f27,f5,f19	  f5:0x7fc00000 f19:0x00000000 f27=0xffc00000
     169045.000 ns	     16903	800036f4	40a786b3	sub	x13,x15,x10	 x15:0xdcd29000 x10:0x80040fe4 x13=0x5cce801c
     169085.000 ns	     16907	800036f8	09913853	fsub.s	f16,f2,f25	  f2:0x4efff7e0 f25:0x08988494 f16=0x4efff7e0
     169115.000 ns	     16910	800036fc	a1b41953	flt.s	x18,f8,f27	  f8:0x0000036e f27:0xffc00000 x18=0x00000000
     169135.000 ns	     16912	80003700	93b80813	addi	x16,x16,-1733	 x16:0x00000001 x16=0xfffff93c
     169145.000 ns	     16913	80003704	78424f93	xori	x31,x4,1924	  x4:0x00000001 x31=0x00000785
     169155.000 ns	     16914	80003708	ff93e937	lui	x18,0xff93e	 x18=0xff93e000
     169185.000 ns	     16917	8000370c	580c31d3	fsqrt.s	f3,f24	 f24:0xcefff7e0  f3=0x7fc00000
     169215.000 ns	     16920	80003710	02b809b3	mul	x19,x16,x11	 x16:0xfffff93c x11:0xffffffff x19=0x000006c4
     169245.000 ns	     16923	80003714	29691ed3	fmax.s	f29,f18,f22	 f18:0xcf000410 f22:0xbf800000 f29=0xbf800000
     169275.000 ns	     16926	80003718	03c32f33	mulhsu	x30,x6,x28	  x6:0x1f35095c x28:0x00000000 x30=0x00000000
     169305.000 ns	     16929	8000371c	28551dd3	fmax.s	f27,f10,f5	 f10:0xb89af0f3  f5:0x7fc00000 f27=0xb89af0f3
     169675.000 ns	     16966	80003720	038160b3	rem	x1,x2,x24	  x2:0x00000000 x24:0x80041004  x1=0x00000000
     169705.000 ns	     16969	80003724	a1ed2fd3	feq.s	x31,f26,f30	 f26:0x00000000 f30:0x80000000 x31=0x00000001
     169725.000 ns	     16971	80003728	9aeb7b17	auipc	x22,0x9aeb7	 x22=0x1aeba728
     169765.000 ns	     16975	8000372c	09eaffd3	fsub.s	f31,f21,f30	 f21:0xff800000 f30:0x80000000 f31=0xff800000
     169795.000 ns	     16978	80003730	02aaa033	mulhsu	x0,x21,x10	 x21:0x80041024 x10:0x80040fe4
     169835.000 ns	     16982	80003734	10f678d3	fmul.s	f17,f12,f15	 f12:0x7fc00000 f15:0x9f35095c f17=0x7fc00000
     169855.000 ns	     16984	80003738	41ba09b3	sub	x19,x20,x27	 x20:0x4c840000 x27:0xffffffff x19=0x4c840001
     169875.000 ns	     16986	8000373c	d00c88d3	fcvt.s.w	f17,x25	 x25:0x9a07254c f17=0xcecbf1b5
     169905.000 ns	     16989	80003740	28d31753	fmax.s	f14,f6,f13	  f6:0x80000000 f13:0x80000001 f14=0x80000000
     169935.000 ns	     16992	80003744	a13d8153	fle.s	x2,f27,f19	 f27:0xb89af0f3 f19:0x00000000  x2=0x00000001
     169965.000 ns	     16995	80003748	f00f8ed3	fmv.w.x	f29,x31	 x31:0x00000001 f29=0x00000001
     169995.000 ns	     16998	8000374c	210412d3	fsgnjn.s	f5,f8,f16	  f8:0x0000036e f16:0x4efff7e0  f5=0x8000036e
     170015.000 ns	     17000	80003750	001296b3	sll	x13,x5,x1	  x5:0xfffff971  x1:0x00000000 x13=0xfffff971
     170375.000 ns	     17036	80003754	025f68b3	rem	x17,x30,x5	 x30:0x00000000  x5:0xfffff971 x17=0x00000000
     170395.000 ns	     17038	80003758	01a95913	srli	x18,x18,0x1a	 x18:0xff93e000 x18=0x0000003f
     170405.000 ns	     17039	8000375c	00000013	addi	x0,x0,0	  x0:0x00000000
     170425.000 ns	     17041	80003760	217d95d3	fsgnjn.s	f11,f27,f23	 f27:0xb89af0f3 f23:0x80000001 f11=0x389af0f3
     170455.000 ns	     17044	80003764	c01e9a53	fcvt.wu.s	x20,f29	 f29:0x00000001 x20=0x00000000
     170475.000 ns	     17046	80003768	01285233	srl	x4,x16,x18	 x16:0xfffff93c x18:0x0000003f  x4=0x00000001
     170495.000 ns	     17048	8000376c	e0000f53	fmv.x.w	x30,f0	  f0:0x88988494 x30=0x88988494
     170525.000 ns	     17051	80003770	a0a92e53	feq.s	x28,f18,f10	 f18:0xcf000410 f10:0xb89af0f3 x28=0x00000000
     170555.000 ns	     17054	80003774	c0159dd3	fcvt.wu.s	x27,f11	 f11:0x389af0f3 x27=0x00000000
     170585.000 ns	     17057	80003778	21fda2d3	fsgnjx.s	f5,f27,f31	 f27:0xb89af0f3 f31:0xff800000  f5=0x389af0f3
     170635.000 ns	     17062	8000377c	01647bd3	fadd.s	f23,f8,f22	  f8:0x0000036e f22:0xbf800000 f23=0xbf800000
     170665.000 ns	     17065	80003780	211780d3	fsgnj.s	f1,f15,f17	 f15:0x9f35095c f17:0xcecbf1b5  f1=0x9f35095c
     170695.000 ns	     17068	80003784	f0058053	fmv.w.x	f0,x11	 x11:0xffffffff  f0=0xffffffff
     170725.000 ns	     17071	80003788	a1adac53	feq.s	x24,f27,f26	 f27:0xb89af0f3 f26:0x00000000 x24=0x00000000
     170755.000 ns	     17074	8000378c	f00f0b53	fmv.w.x	f22,x30	 x30:0x88988494 f22=0x88988494
     170795.000 ns	     17078	80003790	11d60fd3	fmul.s	f31,f12,f29	 f12:0x7fc00000 f29:0x00000001 f31=0x7fc00000
     170825.000 ns	     17081	80003794	03ce4233	div	x4,x28,x28	 x28:0x00000000 x28:0x00000000  x4=0xffffffff
     170855.000 ns	     17084	80003798	c006f953	fcvt.w.s	x18,f13	 f13:0x80000001 x18=0x00000000
     170885.000 ns	     17087	8000379c	28168c53	fmin.s	f24,f13,f1	 f13:0x80000001  f1:0x9f35095c f24=0x9f35095c
     170905.000 ns	     17089	800037a0	00dc8233	add	x4,x25,x13	 x25:0x9a07254c x13:0xfffff971  x4=0x9a071ebd
     170935.000 ns	     17092	800037a4	11ef2253	fmul.s	f4,f30,f30	 f30:0x80000000 f30:0x80000000  f4=0x00000000
     170955.000 ns	     17094	800037a8	000bb1b3	sltu	x3,x23,x0	 x23:0x80041004  x0:0x00000000  x3=0x00000000
     170975.000 ns	     17096	800037ac	02b82db3	mulhsu	x27,x16,x11	 x16:0xfffff93c x11:0xffffffff x27=0xfffff93c
     171345.000 ns	     17133	800037b0	0390cd33	div	x26,x1,x25	  x1:0x00000000 x25:0x9a07254c x26=0x00000000
     171365.000 ns	     17135	800037b4	7d6e0393	addi	x7,x28,2006	 x28:0x00000000  x7=0x000007d6
     171385.000 ns	     17137	800037b8	29bf9353	fmax.s	f6,f31,f27	 f31:0x7fc00000 f27:0xb89af0f3  f6=0xb89af0f3
     171405.000 ns	     17139	800037bc	0106d793	srli	x15,x13,0x10	 x13:0xfffff971 x15=0x0000ffff
     171425.000 ns	     17141	800037c0	c0148253	fcvt.wu.s	x4,f9	  f9:0x473501cc  x4=0x0000b502
     171475.000 ns	     17146	800037c4	089709d3	fsub.s	f19,f14,f9	 f14:0x80000000  f9:0x473501cc f19=0xc73501cc
     171505.000 ns	     17149	800037c8	a1fd08d3	fle.s	x17,f26,f31	 f26:0x00000000 f31:0x7fc00000 x17=0x00000000
     171875.000 ns	     17186	800037cc	033bf333	remu	x6,x23,x19	 x23:0x80041004 x19:0x4c840001  x6=0x33801003
     171895.000 ns	     17188	800037d0	7c2fc513	xori	x10,x31,1986	 x31:0x00000001 x10=0x000007c3
     171905.000 ns	     17189	800037d4	055c7a13	andi	x20,x24,85	 x24:0x00000000 x20=0x00000000
     171925.000 ns	     17191	800037d8	a11f97d3	flt.s	x15,f31,f17	 f31:0x7fc00000 f17:0xcecbf1b5 x15=0x00000000
     171975.000 ns	     17196	800037dc	085b7a53	fsub.s	f20,f22,f5	 f22:0x88988494  f5:0x389af0f3 f20=0xb89af0f3
     172005.000 ns	     17199	800037e0	037cbb33	mulhu	x22,x25,x23	 x25:0x9a07254c x23:0x80041004 x22=0x4d060465
     172035.000 ns	     17202	800037e4	208e9753	fsgnjn.s	f14,f29,f8	 f29:0x00000001  f8:0x0000036e f14=0x80000001
     172065.000 ns	     17205	800037e8	20ff9f53	fsgnjn.s	f30,f31,f15	 f31:0x7fc00000 f15:0x9f35095c f30=0x7fc00000
     172085.000 ns	     17207	800037ec	41add333	sra	x6,x27,x26	 x27:0xfffff93c x26:0x00000000  x6=0xfffff93c
     172105.000 ns	     17209	800037f0	02ff5f33	divu	x30,x30,x15	 x30:0x88988494 x15:0x00000000 x30=0xffffffff
     172125.000 ns	     17211	800037f4	00fd0bb3	add	x23,x26,x15	 x26:0x00000000 x15:0x00000000 x23=0x00000000
     172145.000 ns	     17213	800037f8	d0022053	fcvt.s.w	f0,x4	  x4:0x0000b502  f0=0x47350200
     172175.000 ns	     17216	800037fc	d009fd53	fcvt.s.w	f26,x19	 x19:0x4c840001 f26=0x4e990800
     172205.000 ns	     17219	80003800	035b35b3	mulhu	x11,x22,x21	 x22:0x4d060465 x21:0x80041024 x11=0x26843b25
     172245.000 ns	     17223	80003804	184a0ed3	fdiv.s	f29,f20,f4	 f20:0xb89af0f3  f4:0x00000000 f29=0xff800000
     172285.000 ns	     17227	80003808	180f46d3	fdiv.s	f13,f30,f0	 f30:0x7fc00000  f0:0x47350200 f13=0x7fc00000
     172305.000 ns	     17229	8000380c	01888d13	addi	x26,x17,24	 x17:0x00000000 x26=0x00000018
     172325.000 ns	     17231	80003810	211597d3	fsgnjn.s	f15,f11,f17	 f11:0x389af0f3 f17:0xcecbf1b5 f15=0x389af0f3
     172355.000 ns	     17234	80003814	e0038453	fmv.x.w	x8,f7	  f7:0x89136c7e  x8=0x89136c7e
     172375.000 ns	     17236	80003818	01056b33	or	x22,x10,x16	 x10:0x000007c3 x16:0xfffff93c x22=0xffffffff
     172395.000 ns	     17238	8000381c	21859853	fsgnjn.s	f16,f11,f24	 f11:0x389af0f3 f24:0x9f35095c f16=0x389af0f3
     172425.000 ns	     17241	80003820	02fc9533	mulh	x10,x25,x15	 x25:0x9a07254c x15:0x00000000 x10=0x00000000
     172445.000 ns	     17243	80003824	00f03fb3	sltu	x31,x0,x15	  x0:0x00000000 x15:0x00000000 x31=0x00000000
     172455.000 ns	     17244	80003828	0071db93	srli	x23,x3,0x7	  x3:0x00000000 x23=0x00000000
     172465.000 ns	     17245	8000382c	41598233	sub	x4,x19,x21	 x19:0x4c840001 x21:0x80041024  x4=0xcc7fefdd
     172485.000 ns	     17247	80003830	02f1c1b3	div	x3,x3,x15	  x3:0x00000000 x15:0x00000000  x3=0xffffffff
     172515.000 ns	     17250	80003834	e0039fd3	fclass.s	x31,f7	  f7:0x89136c7e x31=0x00000002
     172545.000 ns	     17253	80003838	c018f6d3	fcvt.wu.s	x13,f17	 f17:0xcecbf1b5 x13=0x65f8da80
     172575.000 ns	     17256	8000383c	c007f8d3	fcvt.w.s	x17,f15	 f15:0x389af0f3 x17=0x00000000
     172595.000 ns	     17258	80003840	01aebeb3	sltu	x29,x29,x26	 x29:0x00000000 x26:0x00000018 x29=0x00000001
     172605.000 ns	     17259	80003844	01d5fbb3	and	x23,x11,x29	 x11:0x26843b25 x29:0x00000000 x23=0x00000001
     172625.000 ns	     17261	80003848	d01dff53	fcvt.s.wu	f30,x27	 x27:0xfffff93c f30=0x4f7ffff9
     172645.000 ns	     17263	8000384c	40c95e13	srai	x28,x18,0xc	 x18:0x00000000 x28=0x00000000
     172655.000 ns	     17264	80003850	4172d1b3	sra	x3,x5,x23	  x5:0xfffff971 x23:0x00000001  x3=0xfffffcb8
     172675.000 ns	     17266	80003854	0312a0b3	mulhsu	x1,x5,x17	  x5:0xfffff971 x17:0x00000000  x1=0x00000000
     172695.000 ns	     17268	80003858	00fab433	sltu	x8,x21,x15	 x21:0x80041024 x15:0x00000000  x8=0x00000000
     173055.000 ns	     17304	8000385c	0266cbb3	div	x23,x13,x6	 x13:0x65f8da80  x6:0xfffff93c x23=0xfff0ed8c
     173425.000 ns	     17341	80003860	023449b3	div	x19,x8,x3	  x8:0x89136c7e  x3:0xfffffcb8 x19=0x00000000
     173455.000 ns	     17344	80003864	207507d3	fsgnj.s	f15,f10,f7	 f10:0xb89af0f3  f7:0x89136c7e f15=0xb89af0f3
     173475.000 ns	     17346	80003868	0177d793	srli	x15,x15,0x17	 x15:0x00000000 x15=0x00000000
     173485.000 ns	     17347	8000386c	0104d013	srli	x0,x9,0x10	  x9:0x80040fe4
     173505.000 ns	     17349	80003870	d0027453	fcvt.s.w	f8,x4	  x4:0xcc7fefdd  f8=0xce4e0040
     173525.000 ns	     17351	80003874	6875d537	lui	x10,0x6875d	 x10=0x6875d000
     173535.000 ns	     17352	80003878	00d9dd13	srli	x26,x19,0xd	 x19:0x00000000 x26=0x00000000
     173555.000 ns	     17354	8000387c	d0058553	fcvt.s.w	f10,x11	 x11:0x26843b25 f10=0x4e1a10ec
     173925.000 ns	     17391	80003880	0395d3b3	divu	x7,x11,x25	 x11:0x26843b25 x25:0x9a07254c  x7=0x00000000
     173955.000 ns	     17394	80003884	035e08b3	mul	x17,x28,x21	 x28:0x00000000 x21:0x80041024 x17=0x00000000
     173975.000 ns	     17396	80003888	41648f33	sub	x30,x9,x22	  x9:0x80040fe4 x22:0xffffffff x30=0x80040fe5
     173985.000 ns	     17397	8000388c	0040d693	srli	x13,x1,0x4	  x1:0x00000000 x13=0x00000000
     174005.000 ns	     17399	80003890	a17b12d3	flt.s	x5,f22,f23	 f22:0x88988494 f23:0xbf800000  x5=0x00000000
     174025.000 ns	     17401	80003894	e34f4113	xori	x2,x30,-460	 x30:0x80040fe5  x2=0x7ffbf1d1
     174065.000 ns	     17405	80003898	01c72c53	fadd.s	f24,f14,f28	 f14:0x80000001 f28:0x00000000 f24=0x80000001
     174115.000 ns	     17410	8000389c	083df553	fsub.s	f10,f27,f3	 f27:0xb89af0f3  f3:0x7fc00000 f10=0x7fc00000
     174135.000 ns	     17412	800038a0	01aa5613	srli	x12,x20,0x1a	 x20:0x00000000 x12=0x00000000
     174145.000 ns	     17413	800038a4	000f1913	slli	x18,x30,0x0	 x30:0x80040fe5 x18=0x80040fe5
     174165.000 ns	     17415	800038a8	0301a033	mulhsu	x0,x3,x16	  x3:0xfffffcb8 x16:0xfffff93c
     174185.000 ns	     17417	800038ac	a18e8213	addi	x4,x29,-1512	 x29:0x00000001  x4=0xfffffa19
     174195.000 ns	     17418	800038b0	01109e13	slli	x28,x1,0x11	  x1:0x00000000 x28=0x00000000
     174205.000 ns	     17419	800038b4	0083cb33	xor	x22,x7,x8	  x7:0x00000000  x8:0x00000000 x22=0x00000000
     174245.000 ns	     17423	800038b8	093af953	fsub.s	f18,f21,f19	 f21:0xff800000 f19:0xc73501cc f18=0xff800000
     174265.000 ns	     17425	800038bc	008efbb3	and	x23,x29,x8	 x29:0x00000001  x8:0x00000000 x23=0x00000000
     174285.000 ns	     17427	800038c0	212e21d3	fsgnjx.s	f3,f28,f18	 f28:0x00000000 f18:0xff800000  f3=0x80000000
     174315.000 ns	     17430	800038c4	d01878d3	fcvt.s.wu	f17,x16	 x16:0xfffff93c f17=0x4f7ffff9
     174335.000 ns	     17432	800038c8	af23b093	sltiu	x1,x7,-1294	  x7:0x00000000  x1=0x00000001
     174355.000 ns	     17434	800038cc	2144a2d3	fsgnjx.s	f5,f9,f20	  f9:0x473501cc f20:0xb89af0f3  f5=0xc73501cc
     174385.000 ns	     17437	800038d0	0380fe33	remu	x28,x1,x24	  x1:0x00000000 x24:0x00000000 x28=0x00000001
     174405.000 ns	     17439	800038d4	0045ba33	sltu	x20,x11,x4	 x11:0x26843b25  x4:0xfffffa19 x20=0x00000001
     174415.000 ns	     17440	800038d8	41aad133	sra	x2,x21,x26	 x21:0x80041024 x26:0x00000000  x2=0x80041024
     174425.000 ns	     17441	800038dc	01f3c3b3	xor	x7,x7,x31	  x7:0x00000000 x31:0x00000002  x7=0x00000002
     174445.000 ns	     17443	800038e0	e00386d3	fmv.x.w	x13,f7	  f7:0x89136c7e x13=0x89136c7e
     174465.000 ns	     17445	800038e4	40a3d2b3	sra	x5,x7,x10	  x7:0x00000000 x10:0x6875d000  x5=0x00000002
     174475.000 ns	     17446	800038e8	70e2fa13	andi	x20,x5,1806	  x5:0x00000000 x20=0x00000002
     174485.000 ns	     17447	800038ec	019c86b3	add	x13,x25,x25	 x25:0x9a07254c x25:0x9a07254c x13=0x340e4a98
     174505.000 ns	     17449	800038f0	02fcb133	mulhu	x2,x25,x15	 x25:0x9a07254c x15:0x00000000  x2=0x00000000
     174555.000 ns	     17454	800038f4	01c9f353	fadd.s	f6,f19,f28	 f19:0xc73501cc f28:0x00000000  f6=0xc73501cc
     174575.000 ns	     17456	800038f8	001abbb3	sltu	x23,x21,x1	 x21:0x80041024  x1:0x00000001 x23=0x00000000
     174595.000 ns	     17458	800038fc	29409f53	fmax.s	f30,f1,f20	  f1:0x9f35095c f20:0xb89af0f3 f30=0x9f35095c
     174615.000 ns	     17460	80003900	01f041b3	xor	x3,x0,x31	  x0:0x00000000 x31:0x00000002  x3=0x00000002
     174625.000 ns	     17461	80003904	002cf633	and	x12,x25,x2	 x25:0x9a07254c  x2:0x00000000 x12=0x00000000
     174635.000 ns	     17462	80003908	01dc0f33	add	x30,x24,x29	 x24:0x00000000 x29:0x00000001 x30=0x00000001
     174645.000 ns	     17463	8000390c	fd6f38b7	lui	x17,0xfd6f3	 x17=0xfd6f3000
     174665.000 ns	     17465	80003910	d0094653	fcvt.s.w	f12,x18	 x18:0x80040fe5 f12=0xcefff7e0
     174695.000 ns	     17468	80003914	02c691b3	mulh	x3,x13,x12	 x13:0x340e4a98 x12:0x00000000  x3=0x00000000
     174725.000 ns	     17471	80003918	219da9d3	fsgnjx.s	f19,f27,f25	 f27:0xb89af0f3 f25:0x08988494 f19=0xb89af0f3
     174745.000 ns	     17473	8000391c	c19fc893	xori	x17,x31,-999	 x31:0x00000002 x17=0xfffffc1b
     174765.000 ns	     17475	80003920	e00a99d3	fclass.s	x19,f21	 f21:0xff800000 x19=0x00000001
     175105.000 ns	     17509	80003924	18e43b53	fdiv.s	f22,f8,f14	  f8:0xce4e0040 f14:0x80000001 f22=0x7f800000
     175125.000 ns	     17511	80003928	0193dd13	srli	x26,x7,0x19	  x7:0x00000002 x26=0x00000000
     175135.000 ns	     17512	8000392c	662fed13	ori	x26,x31,1634	 x31:0x00000002 x26=0x00000662
     175155.000 ns	     17514	80003930	29149e53	fmax.s	f28,f9,f17	  f9:0x473501cc f17:0x4f7ffff9 f28=0x4f7ffff9
     175175.000 ns	     17516	80003934	404507b3	sub	x15,x10,x4	 x10:0x6875d000  x4:0xfffffa19 x15=0x6875d5e7
     175185.000 ns	     17517	80003938	01c9ad33	slt	x26,x19,x28	 x19:0x00000001 x28:0x00000001 x26=0x00000000
     175215.000 ns	     17520	8000393c	18adf453	fdiv.s	f8,f27,f10	 f27:0xb89af0f3 f10:0x7fc00000  f8=0x7fc00000
     175255.000 ns	     17524	80003940	580df2d3	fsqrt.s	f5,f27	 f27:0xb89af0f3  f5=0x7fc00000
     175275.000 ns	     17526	80003944	b5098c13	addi	x24,x19,-1200	 x19:0x00000001 x24=0xfffffb51
     175295.000 ns	     17528	80003948	204e8853	fsgnj.s	f16,f29,f4	 f29:0xff800000  f4:0x00000000 f16=0x7f800000
     175315.000 ns	     17530	8000394c	01d8d213	srli	x4,x17,0x1d	 x17:0xfffffc1b  x4=0x00000007
     175325.000 ns	     17531	80003950	40928133	sub	x2,x5,x9	  x5:0x00000002  x9:0x80040fe4  x2=0x7ffbf01e
     175335.000 ns	     17532	80003954	00a49fb3	sll	x31,x9,x10	  x9:0x80040fe4 x10:0x6875d000 x31=0x80040fe4
     175345.000 ns	     17533	80003958	a27cce13	xori	x28,x25,-1497	 x25:0x9a07254c x28=0x65f8df6b
     175355.000 ns	     17534	8000395c	44134f93	xori	x31,x6,1089	  x6:0xfffff93c x31=0xfffffd7d
     175365.000 ns	     17535	80003960	f369a897	auipc	x17,0xf369a	 x17=0x7369d960
     175405.000 ns	     17539	80003964	09e37953	fsub.s	f18,f6,f30	  f6:0xc73501cc f30:0x9f35095c f18=0xc73501cc
     175425.000 ns	     17541	80003968	413e03b3	sub	x7,x28,x19	 x28:0x65f8df6b x19:0x00000001  x7=0x65f8df6a
     175445.000 ns	     17543	8000396c	0338bfb3	mulhu	x31,x17,x19	 x17:0x7369d960 x19:0x00000001 x31=0x00000000
     175475.000 ns	     17546	80003970	205002d3	fsgnj.s	f5,f0,f5	  f0:0x47350200  f5:0x7fc00000  f5=0x47350200
     175495.000 ns	     17548	80003974	41a80f33	sub	x30,x16,x26	 x16:0xfffff93c x26:0x00000000 x30=0xfffff93c
     175505.000 ns	     17549	80003978	3b1ecbb7	lui	x23,0x3b1ec	 x23=0x3b1ec000
     175525.000 ns	     17551	8000397c	024b2eb3	mulhsu	x29,x22,x4	 x22:0x00000000  x4:0x00000007 x29=0x00000000
     175895.000 ns	     17588	80003980	0384c2b3	div	x5,x9,x24	  x9:0x80040fe4 x24:0xfffffb51  x5=0x001b5378
     175925.000 ns	     17591	80003984	20932cd3	fsgnjx.s	f25,f6,f9	  f6:0xc73501cc  f9:0x473501cc f25=0xc73501cc
     175945.000 ns	     17593	80003988	e5328e93	addi	x29,x5,-429	  x5:0x001b5378 x29=0x001b51cb
     175955.000 ns	     17594	8000398c	01a09a13	slli	x20,x1,0x1a	  x1:0x00000001 x20=0x04000000
     176315.000 ns	     17630	80003990	025ce3b3	rem	x7,x25,x5	 x25:0x9a07254c  x5:0x001b5378  x7=0xfff785f4
     176335.000 ns	     17632	80003994	003df7b3	and	x15,x27,x3	 x27:0xfffff93c  x3:0x00000000 x15=0x00000000
     176355.000 ns	     17634	80003998	f0050e53	fmv.w.x	f28,x10	 x10:0x6875d000 f28=0x6875d000
     176385.000 ns	     17637	8000399c	02f11bb3	mulh	x23,x2,x15	  x2:0x7ffbf01e x15:0x6875d5e7 x23=0x00000000
     176405.000 ns	     17639	800039a0	00ac39b3	sltu	x19,x24,x10	 x24:0xfffffb51 x10:0x6875d000 x19=0x00000000
     176765.000 ns	     17675	800039a4	0212cb33	div	x22,x5,x1	  x5:0x001b5378  x1:0x00000001 x22=0x001b5378
     176785.000 ns	     17677	800039a8	014b7237	lui	x4,0x14b7	  x4=0x014b7000
     176805.000 ns	     17679	800039ac	a196a6d3	feq.s	x13,f13,f25	 f13:0x7fc00000 f25:0xc73501cc x13=0x00000000
     176825.000 ns	     17681	800039b0	005a61b3	or	x3,x20,x5	 x20:0x04000000  x5:0x001b5378  x3=0x041b5378
     176835.000 ns	     17682	800039b4	0f548f93	addi	x31,x9,245	  x9:0x80040fe4 x31=0x800410d9
     176845.000 ns	     17683	800039b8	8819e213	ori	x4,x19,-1919	 x19:0x00000000  x4=0xfffff881
     176875.000 ns	     17686	800039bc	1903c9d3	fdiv.s	f19,f7,f16	  f7:0x89136c7e f16:0x7f800000 f19=0x80000000
     176905.000 ns	     17689	800039c0	c0008153	fcvt.w.s	x2,f1	  f1:0x9f35095c  x2=0x00000000
     176955.000 ns	     17694	800039c4	00b88053	fadd.s	f0,f17,f11	 f17:0x4f7ffff9 f11:0x389af0f3  f0=0x4f7ffff9
     176995.000 ns	     17698	800039c8	11442dd3	fmul.s	f27,f8,f20	  f8:0x7fc00000 f20:0xb89af0f3 f27=0x7fc00000
     177015.000 ns	     17700	800039cc	009482b3	add	x5,x9,x9	  x9:0x80040fe4  x9:0x80040fe4  x5=0x00081fc8
     177035.000 ns	     17702	800039d0	033a0db3	mul	x27,x20,x19	 x20:0x04000000 x19:0x00000000 x27=0x00000000
     177065.000 ns	     17705	800039d4	20521453	fsgnjn.s	f8,f4,f5	  f4:0x00000000  f5:0x47350200  f8=0x80000000
     177095.000 ns	     17708	800039d8	e00e1d53	fclass.s	x26,f28	 f28:0x6875d000 x26=0x00000040
     177115.000 ns	     17710	800039dc	4726f613	andi	x12,x13,1138	 x13:0x00000000 x12=0x00000000
     177135.000 ns	     17712	800039e0	d01ef9d3	fcvt.s.wu	f19,x29	 x29:0x001b51cb f19=0x49da8e58
     177165.000 ns	     17715	800039e4	03160133	mul	x2,x12,x17	 x12:0x00000000 x17:0x7369d960  x2=0x00000000
     177195.000 ns	     17718	800039e8	21d1a153	fsgnjx.s	f2,f3,f29	  f3:0x80000000 f29:0xff800000  f2=0x00000000
     177225.000 ns	     17721	800039ec	a0e0ad53	feq.s	x26,f1,f14	  f1:0x9f35095c f14:0x80000001 x26=0x00000000
     177255.000 ns	     17724	800039f0	03283eb3	mulhu	x29,x16,x18	 x16:0xfffff93c x18:0x80040fe5 x29=0x80040c82
     177285.000 ns	     17727	800039f4	a0f0a3d3	feq.s	x7,f1,f15	  f1:0x9f35095c f15:0xb89af0f3  x7=0x00000000
     177305.000 ns	     17729	800039f8	006152b3	srl	x5,x2,x6	  x2:0x00000000  x6:0xfffff93c  x5=0x00000000
     177325.000 ns	     17731	800039fc	215d8853	fsgnj.s	f16,f27,f21	 f27:0x7fc00000 f21:0xff800000 f16=0xffc00000
     177345.000 ns	     17733	80003a00	8438eb13	ori	x22,x17,-1981	 x17:0x7369d960 x22=0xfffff963
     177365.000 ns	     17735	80003a04	03ad46b3	div	x13,x26,x26	 x26:0x00000000 x26:0x00000000 x13=0xffffffff
     177395.000 ns	     17738	80003a08	a1d09153	flt.s	x2,f1,f29	  f1:0x9f35095c f29:0xff800000  x2=0x00000000
     177415.000 ns	     17740	80003a0c	caee7893	andi	x17,x28,-850	 x28:0x65f8df6b x17=0x65f8dc2a
     177435.000 ns	     17742	80003a10	f00988d3	fmv.w.x	f17,x19	 x19:0x00000000 f17=0x00000000
     177465.000 ns	     17745	80003a14	d0103953	fcvt.s.wu	f18,x0	  x0:0x00000000 f18=0x00000000
     177485.000 ns	     17747	80003a18	a2b3ab93	slti	x23,x7,-1493	  x7:0x00000000 x23=0x00000000
     177495.000 ns	     17748	80003a1c	9aeaed93	ori	x27,x21,-1618	 x21:0x80041024 x27=0xfffff9ae
     177855.000 ns	     17784	80003a20	02d1c633	div	x12,x3,x13	  x3:0x041b5378 x13:0xffffffff x12=0xfbe4ac88
     177905.000 ns	     17789	80003a24	09cdf153	fsub.s	f2,f27,f28	 f27:0x7fc00000 f28:0x6875d000  f2=0x7fc00000
     177945.000 ns	     17793	80003a28	19b57953	fdiv.s	f18,f10,f27	 f10:0x7fc00000 f27:0x7fc00000 f18=0x7fc00000
     177975.000 ns	     17796	80003a2c	035f1e33	mulh	x28,x30,x21	 x30:0xfffff93c x21:0x80041024 x28=0x00000361
     178015.000 ns	     17800	80003a30	10210a53	fmul.s	f20,f2,f2	  f2:0x7fc00000  f2:0x7fc00000 f20=0x7fc00000
     178035.000 ns	     17802	80003a34	01a29d13	slli	x26,x5,0x1a	  x5:0x00000000 x26=0x00000000
     178055.000 ns	     17804	80003a38	022408b3	mul	x17,x8,x2	  x8:0x00000000  x2:0x00000000 x17=0x00000000
     178075.000 ns	     17806	80003a3c	01dc9913	slli	x18,x25,0x1d	 x25:0x9a07254c x18=0x80000000
     178085.000 ns	     17807	80003a40	01a11433	sll	x8,x2,x26	  x2:0x00000000 x26:0x00000000  x8=0x00000000
     178105.000 ns	     17809	80003a44	02b42533	mulhsu	x10,x8,x11	  x8:0x00000000 x11:0x26843b25 x10=0x00000000
     178135.000 ns	     17812	80003a48	a0401753	flt.s	x14,f0,f4	  f0:0x4f7ffff9  f4:0x00000000 x14=0x00000000
     178165.000 ns	     17815	80003a4c	20bbaad3	fsgnjx.s	f21,f23,f11	 f23:0xbf800000 f11:0x389af0f3 f21=0xbf800000
     178185.000 ns	     17817	80003a50	b0ebf213	andi	x4,x23,-1266	 x23:0x00000000  x4=0x00000000
     178195.000 ns	     17818	80003a54	41720833	sub	x16,x4,x23	  x4:0xfffff881 x23:0x00000000 x16=0x00000000
     178215.000 ns	     17820	80003a58	c002fc53	fcvt.w.s	x24,f5	  f5:0x47350200 x24=0x0000b502
     178245.000 ns	     17823	80003a5c	a19e9f53	flt.s	x30,f29,f25	 f29:0xff800000 f25:0xc73501cc x30=0x00000001
     178275.000 ns	     17826	80003a60	02970fb3	mul	x31,x14,x9	 x14:0x00000000  x9:0x80040fe4 x31=0x00000000
     178315.000 ns	     17830	80003a64	580cf3d3	fsqrt.s	f7,f25	 f25:0xc73501cc  f7=0x7fc00000
     178335.000 ns	     17832	80003a68	0096d913	srli	x18,x13,0x9	 x13:0xffffffff x18=0x007fffff
     178345.000 ns	     17833	80003a6c	01ca41b3	xor	x3,x20,x28	 x20:0x04000000 x28:0x00000361  x3=0x04000361
     178365.000 ns	     17835	80003a70	02ed0433	mul	x8,x26,x14	 x26:0x00000000 x14:0x00000000  x8=0x00000000
     178385.000 ns	     17837	80003a74	15594f93	xori	x31,x18,341	 x18:0x007fffff x31=0x007ffeaa
     178395.000 ns	     17838	80003a78	0070d013	srli	x0,x1,0x7	  x1:0x00000001
     178415.000 ns	     17840	80003a7c	e0051dd3	fclass.s	x27,f10	 f10:0x7fc00000 x27=0x00000200
     178435.000 ns	     17842	80003a80	97a0cd93	xori	x27,x1,-1670	  x1:0x00000001 x27=0xfffff97b
     178455.000 ns	     17844	80003a84	02024d33	div	x26,x4,x0	  x4:0x00000000  x0:0x00000000 x26=0xffffffff
     178485.000 ns	     17847	80003a88	d01988d3	fcvt.s.wu	f17,x19	 x19:0x00000000 f17=0x00000000
     178515.000 ns	     17850	80003a8c	02cd27b3	mulhsu	x15,x26,x12	 x26:0xffffffff x12:0xfbe4ac88 x15=0xffffffff
     178545.000 ns	     17853	80003a90	c0142053	fcvt.wu.s	x0,f8	  f8:0x80000000
     178575.000 ns	     17856	80003a94	d004c9d3	fcvt.s.w	f19,x9	  x9:0x80040fe4 f19=0xcefff7e0
     178605.000 ns	     17859	80003a98	c0040bd3	fcvt.w.s	x23,f8	  f8:0x80000000 x23=0x00000000
     178635.000 ns	     17862	80003a9c	20718bd3	fsgnj.s	f23,f3,f7	  f3:0x80000000  f7:0x7fc00000 f23=0x00000000
     178655.000 ns	     17864	80003aa0	0037da13	srli	x20,x15,0x3	 x15:0xffffffff x20=0x1fffffff
     178665.000 ns	     17865	80003aa4	5c76f137	lui	x2,0x5c76f	  x2=0x5c76f000
     178685.000 ns	     17867	80003aa8	a159a7d3	feq.s	x15,f19,f21	 f19:0xcefff7e0 f21:0xbf800000 x15=0x00000000
     179055.000 ns	     17904	80003aac	022adb33	divu	x22,x21,x2	 x21:0x80041024  x2:0x00000000 x22=0x00000001
     179085.000 ns	     17907	80003ab0	03a09433	mulh	x8,x1,x26	  x1:0x00000001 x26:0xffffffff  x8=0xffffffff
     179115.000 ns	     17910	80003ab4	0378c933	div	x18,x17,x23	 x17:0x00000000 x23:0x00000000 x18=0xffffffff
     179145.000 ns	     17913	80003ab8	e0019fd3	fclass.s	x31,f3	  f3:0x80000000 x31=0x00000008
     179165.000 ns	     17915	80003abc	0155d393	srli	x7,x11,0x15	 x11:0x26843b25  x7=0x00000134
     179495.000 ns	     17948	80003ac0	18667cd3	fdiv.s	f25,f12,f6	 f12:0xcefff7e0  f6:0xc73501cc f25=0x470df8fe
     179515.000 ns	     17950	80003ac4	00b050b3	srl	x1,x0,x11	  x0:0x00000000 x11:0x26843b25  x1=0x00000000
     179555.000 ns	     17954	80003ac8	01430253	fadd.s	f4,f6,f20	  f6:0xc73501cc f20:0x7fc00000  f4=0x7fc00000
     179575.000 ns	     17956	80003acc	b307bb13	sltiu	x22,x15,-1232	 x15:0x00000000 x22=0x00000001
     179595.000 ns	     17958	80003ad0	03ac11b3	mulh	x3,x24,x26	 x24:0x0000b502 x26:0xffffffff  x3=0xffffffff
     179625.000 ns	     17961	80003ad4	214b9253	fsgnjn.s	f4,f23,f20	 f23:0x00000000 f20:0x7fc00000  f4=0x80000000
     179645.000 ns	     17963	80003ad8	00dd4fb3	xor	x31,x26,x13	 x26:0xffffffff x13:0xffffffff x31=0x00000000
     179675.000 ns	     17966	80003adc	580383d3	fsqrt.s	f7,f7	  f7:0x7fc00000  f7=0x7fc00000
     179705.000 ns	     17969	80003ae0	218a03d3	fsgnj.s	f7,f20,f24	 f20:0x7fc00000 f24:0x80000001  f7=0xffc00000
     179725.000 ns	     17971	80003ae4	01490033	add	x0,x18,x20	 x18:0xffffffff x20:0x1fffffff
     179735.000 ns	     17972	80003ae8	bf6f6a13	ori	x20,x30,-1034	 x30:0x00000001 x20=0xfffffbf7
     179755.000 ns	     17974	80003aec	02030333	mul	x6,x6,x0	  x6:0xfffff93c  x0:0x00000000  x6=0x00000000
     179785.000 ns	     17977	80003af0	024ec733	div	x14,x29,x4	 x29:0x80040c82  x4:0x00000000 x14=0xffffffff
     179805.000 ns	     17979	80003af4	0039f1b3	and	x3,x19,x3	 x19:0x00000000  x3:0xffffffff  x3=0x00000000
     179835.000 ns	     17982	80003af8	19f0c753	fdiv.s	f14,f1,f31	  f1:0x9f35095c f31:0x7fc00000 f14=0x7fc00000
     179865.000 ns	     17985	80003afc	21bfa0d3	fsgnjx.s	f1,f31,f27	 f31:0x7fc00000 f27:0x7fc00000  f1=0x7fc00000
     179895.000 ns	     17988	80003b00	c00d0553	fcvt.w.s	x10,f26	 f26:0x4e990800 x10=0x4c840000
     179925.000 ns	     17991	80003b04	0233e7b3	rem	x15,x7,x3	  x7:0x00000134  x3:0x00000000 x15=0x00000134
     179965.000 ns	     17995	80003b08	187609d3	fdiv.s	f19,f12,f7	 f12:0xcefff7e0  f7:0xffc00000 f19=0x7fc00000
     180005.000 ns	     17999	80003b0c	580ffbd3	fsqrt.s	f23,f31	 f31:0x7fc00000 f23=0x7fc00000
     180025.000 ns	     18001	80003b10	2230dc37	lui	x24,0x2230d	 x24=0x2230d000
     180035.000 ns	     18002	80003b14	7d05e693	ori	x13,x11,2000	 x11:0x26843b25 x13=0x26843ff5
     180055.000 ns	     18004	80003b18	20400e53	fsgnj.s	f28,f0,f4	  f0:0x4f7ffff9  f4:0x80000000 f28=0xcf7ffff9
     180085.000 ns	     18007	80003b1c	e0078d53	fmv.x.w	x26,f15	 f15:0xb89af0f3 x26=0xb89af0f3
     180105.000 ns	     18009	80003b20	d43f4013	xori	x0,x30,-701	 x30:0x00000001
     180115.000 ns	     18010	80003b24	00841533	sll	x10,x8,x8	  x8:0xffffffff  x8:0xffffffff x10=0x80000000
     180125.000 ns	     18011	80003b28	01bed933	srl	x18,x29,x27	 x29:0x80040c82 x27:0xfffff97b x18=0x00000010
     180145.000 ns	     18013	80003b2c	29b49b53	fmax.s	f22,f9,f27	  f9:0x473501cc f27:0x7fc00000 f22=0x473501cc
     180165.000 ns	     18015	80003b30	83eec913	xori	x18,x29,-1986	 x29:0x80040c82 x18=0x7ffbf4bc
     180175.000 ns	     18016	80003b34	004ea7b3	slt	x15,x29,x4	 x29:0x80040c82  x4:0x00000000 x15=0x00000001
     180535.000 ns	     18052	80003b38	02a7f8b3	remu	x17,x15,x10	 x15:0x00000134 x10:0x80000000 x17=0x00000001
     180565.000 ns	     18055	80003b3c	283b9dd3	fmax.s	f27,f23,f3	 f23:0x7fc00000  f3:0x80000000 f27=0x80000000
     180585.000 ns	     18057	80003b40	40acd533	sra	x10,x25,x10	 x25:0x9a07254c x10:0x80000000 x10=0x9a07254c
     180605.000 ns	     18059	80003b44	e0061e53	fclass.s	x28,f12	 f12:0xcefff7e0 x28=0x00000002
     180635.000 ns	     18062	80003b48	a03707d3	fle.s	x15,f14,f3	 f14:0x7fc00000  f3:0x80000000 x15=0x00000000
     180655.000 ns	     18064	80003b4c	00e77d33	and	x26,x14,x14	 x14:0xffffffff x14:0xffffffff x26=0xffffffff
     180665.000 ns	     18065	80003b50	004f1213	slli	x4,x30,0x4	 x30:0x00000001  x4=0x00000010
     180675.000 ns	     18066	80003b54	a0ac2013	slti	x0,x24,-1526	 x24:0x2230d000
     180685.000 ns	     18067	80003b58	407e8e33	sub	x28,x29,x7	 x29:0x80040c82  x7:0x00000134 x28=0x80040b4e
     180695.000 ns	     18068	80003b5c	00985913	srli	x18,x16,0x9	 x16:0x00000000 x18=0x00000000
     180715.000 ns	     18070	80003b60	030a59b3	divu	x19,x20,x16	 x20:0xfffffbf7 x16:0x00000000 x19=0xffffffff
     180735.000 ns	     18072	80003b64	00c71413	slli	x8,x14,0xc	 x14:0xffffffff  x8=0xfffff000
     180755.000 ns	     18074	80003b68	c01a3853	fcvt.wu.s	x16,f20	 f20:0x7fc00000 x16=0xffffffff
     180775.000 ns	     18076	80003b6c	01de1b33	sll	x22,x28,x29	 x28:0x80040b4e x29:0x80040c82 x22=0x00102d38
     180785.000 ns	     18077	80003b70	d13828b7	lui	x17,0xd1382	 x17=0xd1382000
     180795.000 ns	     18078	80003b74	ce1d8e37	lui	x28,0xce1d8	 x28=0xce1d8000
     180815.000 ns	     18080	80003b78	a1e41d53	flt.s	x26,f8,f30	  f8:0x80000000 f30:0x9f35095c x26=0x00000000
     180835.000 ns	     18082	80003b7c	01e54d33	xor	x26,x10,x30	 x10:0x9a07254c x30:0x00000001 x26=0x9a07254d
     180845.000 ns	     18083	80003b80	019ede13	srli	x28,x29,0x19	 x29:0x80040c82 x28=0x00000040
     180855.000 ns	     18084	80003b84	00e9d233	srl	x4,x19,x14	 x19:0xffffffff x14:0xffffffff  x4=0x00000001
     180875.000 ns	     18086	80003b88	a1bf9953	flt.s	x18,f31,f27	 f31:0x7fc00000 f27:0x80000000 x18=0x00000000
     180895.000 ns	     18088	80003b8c	0053b3b3	sltu	x7,x7,x5	  x7:0x00000134  x5:0x00000000  x7=0x00000000
     181225.000 ns	     18121	80003b90	18fe7c53	fdiv.s	f24,f28,f15	 f28:0xcf7ffff9 f15:0xb89af0f3 f24=0x5634c571
     181245.000 ns	     18123	80003b94	41095db3	sra	x27,x18,x16	 x18:0x00000000 x16:0xffffffff x27=0x00000000
     181255.000 ns	     18124	80003b98	b637e697	auipc	x13,0xb637e	 x13=0x36381b98
     181265.000 ns	     18125	80003b9c	01451033	sll	x0,x10,x20	 x10:0x9a07254c x20:0xfffffbf7
     181285.000 ns	     18127	80003ba0	e00a9753	fclass.s	x14,f21	 f21:0xbf800000 x14=0x00000002
     181305.000 ns	     18129	80003ba4	26c5a013	slti	x0,x11,620	 x11:0x26843b25
     181325.000 ns	     18131	80003ba8	c00c8dd3	fcvt.w.s	x27,f25	 f25:0x470df8fe x27=0x00008df9
     181365.000 ns	     18135	80003bac	114233d3	fmul.s	f7,f4,f20	  f4:0x80000000 f20:0x7fc00000  f7=0x7fc00000
     181395.000 ns	     18138	80003bb0	293b19d3	fmax.s	f19,f22,f19	 f22:0x473501cc f19:0x7fc00000 f19=0x473501cc
     181425.000 ns	     18141	80003bb4	a1b299d3	flt.s	x19,f5,f27	  f5:0x47350200 f27:0x80000000 x19=0x00000000
     181475.000 ns	     18146	80003bb8	019875d3	fadd.s	f11,f16,f25	 f16:0xffc00000 f25:0x470df8fe f11=0x7fc00000
     181495.000 ns	     18148	80003bbc	2d90a413	slti	x8,x1,729	  x1:0x00000000  x8=0x00000001
     181515.000 ns	     18150	80003bc0	0282b433	mulhu	x8,x5,x8	  x5:0x00000000  x8:0xfffff000  x8=0x00000000
     181535.000 ns	     18152	80003bc4	c99c6f93	ori	x31,x24,-871	 x24:0x2230d000 x31=0xfffffc99
     181565.000 ns	     18155	80003bc8	19f87ed3	fdiv.s	f29,f16,f31	 f16:0xffc00000 f31:0x7fc00000 f29=0x7fc00000
     181585.000 ns	     18157	80003bcc	c14ccb93	xori	x23,x25,-1004	 x25:0x9a07254c x23=0x65f8d958
     181945.000 ns	     18193	80003bd0	035c5833	divu	x16,x24,x21	 x24:0x2230d000 x21:0x80041024 x16=0x00000000
     181965.000 ns	     18195	80003bd4	01de9eb3	sll	x29,x29,x29	 x29:0x80040c82 x29:0x80040c82 x29=0x00103208
     181995.000 ns	     18198	80003bd8	10b02f53	fmul.s	f30,f0,f11	  f0:0x4f7ffff9 f11:0x7fc00000 f30=0x7fc00000
     182015.000 ns	     18200	80003bdc	3fcea893	slti	x17,x29,1020	 x29:0x80040c82 x17=0x00000000
     182025.000 ns	     18201	80003be0	00000013	addi	x0,x0,0	  x0:0x00000000
     182035.000 ns	     18202	80003be4	0161d193	srli	x3,x3,0x16	  x3:0x00000000  x3=0x00000000
     182045.000 ns	     18203	80003be8	a72ef713	andi	x14,x29,-1422	 x29:0x00103208 x14=0x00103200
     182055.000 ns	     18204	80003bec	da7e4f93	xori	x31,x28,-601	 x28:0x00000040 x31=0xfffffde7
     182075.000 ns	     18206	80003bf0	03483fb3	mulhu	x31,x16,x20	 x16:0x00000000 x20:0xfffffbf7 x31=0x00000000
     182105.000 ns	     18209	80003bf4	03799933	mulh	x18,x19,x23	 x19:0x00000000 x23:0x65f8d958 x18=0x00000000
     182135.000 ns	     18212	80003bf8	d00082d3	fcvt.s.w	f5,x1	  x1:0x00000000  f5=0x00000000
     182165.000 ns	     18215	80003bfc	022636b3	mulhu	x13,x12,x2	 x12:0xfbe4ac88  x2:0x5c76f000 x13=0x5afb358e
     182215.000 ns	     18220	80003c00	08142a53	fsub.s	f20,f8,f1	  f8:0x80000000  f1:0x7fc00000 f20=0x7fc00000
     182235.000 ns	     18222	80003c04	0194d133	srl	x2,x9,x25	  x9:0x80040fe4 x25:0x9a07254c  x2=0x00080040
     182275.000 ns	     18226	80003c08	085f22d3	fsub.s	f5,f30,f5	 f30:0x7fc00000  f5:0x00000000  f5=0x7fc00000
     182305.000 ns	     18229	80003c0c	02a42933	mulhsu	x18,x8,x10	  x8:0x00000000 x10:0x9a07254c x18=0x00000000
     182675.000 ns	     18266	80003c10	0294edb3	rem	x27,x9,x9	  x9:0x80040fe4  x9:0x80040fe4 x27=0x00000000
     182695.000 ns	     18268	80003c14	01125d13	srli	x26,x4,0x11	  x4:0x00000001 x26=0x00000000
     182715.000 ns	     18270	80003c18	285d1953	fmax.s	f18,f26,f5	 f26:0x4e990800  f5:0x7fc00000 f18=0x4e990800
     182745.000 ns	     18273	80003c1c	03acc9b3	div	x19,x25,x26	 x25:0x9a07254c x26:0x9a07254d x19=0xffffffff
     182765.000 ns	     18275	80003c20	7d7d7e13	andi	x28,x26,2007	 x26:0x00000000 x28=0x00000000
     182775.000 ns	     18276	80003c24	01495833	srl	x16,x18,x20	 x18:0x00000000 x20:0xfffffbf7 x16=0x00000000
     182795.000 ns	     18278	80003c28	e0061fd3	fclass.s	x31,f12	 f12:0xcefff7e0 x31=0x00000002
     182845.000 ns	     18283	80003c2c	013cfdd3	fadd.s	f27,f25,f19	 f25:0x470df8fe f19:0x473501cc f27=0x47a17d65
     182865.000 ns	     18285	80003c30	01725f93	srli	x31,x4,0x17	  x4:0x00000001 x31=0x00000000
     183225.000 ns	     18321	80003c34	0224d8b3	divu	x17,x9,x2	  x9:0x80040fe4  x2:0x00080040 x17=0x00001000
     183245.000 ns	     18323	80003c38	40d25413	srai	x8,x4,0xd	  x4:0x00000001  x8=0x00000000
     183255.000 ns	     18324	80003c3c	40a2d513	srai	x10,x5,0xa	  x5:0x00000000 x10=0x00000000
     183265.000 ns	     18325	80003c40	28ea10b7	lui	x1,0x28ea1	  x1=0x28ea1000
     183275.000 ns	     18326	80003c44	41bad233	sra	x4,x21,x27	 x21:0x80041024 x27:0x00000000  x4=0x80041024
     183285.000 ns	     18327	80003c48	a8d0c413	xori	x8,x1,-1395	  x1:0x00000000  x8=0xd715ea8d
     183295.000 ns	     18328	80003c4c	01bca733	slt	x14,x25,x27	 x25:0x9a07254c x27:0x00000000 x14=0x00000001
     183655.000 ns	     18364	80003c50	037a7d33	remu	x26,x20,x23	 x20:0xfffffbf7 x23:0x65f8d958 x26=0x340e4947
     183685.000 ns	     18367	80003c54	c01ac853	fcvt.wu.s	x16,f21	 f21:0xbf800000 x16=0x00000001
     183705.000 ns	     18369	80003c58	01bfa2b3	slt	x5,x31,x27	 x31:0x00000000 x27:0x00000000  x5=0x00000000
     183725.000 ns	     18371	80003c5c	c0127a53	fcvt.wu.s	x20,f4	  f4:0x80000000 x20=0x00000000
     183745.000 ns	     18373	80003c60	0066e233	or	x4,x13,x6	 x13:0x5afb358e  x6:0x00000000  x4=0x5afb358e
     183755.000 ns	     18374	80003c64	e65ec897	auipc	x17,0xe65ec	 x17=0x665efc64
     183775.000 ns	     18376	80003c68	038c21b3	mulhsu	x3,x24,x24	 x24:0x2230d000 x24:0x2230d000  x3=0x0491008e
     183795.000 ns	     18378	80003c6c	00839293	slli	x5,x7,0x8	  x7:0x00000000  x5=0x00000000
     183805.000 ns	     18379	80003c70	00b0c5b3	xor	x11,x1,x11	  x1:0x28ea1000 x11:0x26843b25 x11=0x0e6e2b25
     183845.000 ns	     18383	80003c74	00a7b4d3	fadd.s	f9,f15,f10	 f15:0xb89af0f3 f10:0x7fc00000  f9=0x7fc00000
     183875.000 ns	     18386	80003c78	039c9433	mulh	x8,x25,x25	 x25:0x9a07254c x25:0x9a07254c  x8=0x289e4e7a
     183905.000 ns	     18389	80003c7c	20b591d3	fsgnjn.s	f3,f11,f11	 f11:0x7fc00000 f11:0x7fc00000  f3=0xffc00000
     183925.000 ns	     18391	80003c80	00000013	addi	x0,x0,0	  x0:0x00000000
     183935.000 ns	     18392	80003c84	01eae7b3	or	x15,x21,x30	 x21:0x80041024 x30:0x00000001 x15=0x80041025
     183955.000 ns	     18394	80003c88	292c9ed3	fmax.s	f29,f25,f18	 f25:0x470df8fe f18:0x4e990800 f29=0x4e990800
     183985.000 ns	     18397	80003c8c	a0c80653	fle.s	x12,f16,f12	 f16:0xffc00000 f12:0xcefff7e0 x12=0x00000000
     184015.000 ns	     18400	80003c90	d0153a53	fcvt.s.wu	f20,x10	 x10:0x00000000 f20=0x00000000
     184385.000 ns	     18437	80003c94	02f55bb3	divu	x23,x10,x15	 x10:0x00000000 x15:0x80041025 x23=0x00000000
     184415.000 ns	     18440	80003c98	03aca6b3	mulhsu	x13,x25,x26	 x25:0x9a07254c x26:0x340e4947 x13=0xeb43c2c7
     184435.000 ns	     18442	80003c9c	40d185b3	sub	x11,x3,x13	  x3:0x0491008e x13:0x5afb358e x11=0x194d3dc7
     184455.000 ns	     18444	80003ca0	02192b33	mulhsu	x22,x18,x1	 x18:0x00000000  x1:0x28ea1000 x22=0x00000000
     184495.000 ns	     18448	80003ca4	58029953	fsqrt.s	f18,f5	  f5:0x7fc00000 f18=0x7fc00000
     184515.000 ns	     18450	80003ca8	00ec3b33	sltu	x22,x24,x14	 x24:0x2230d000 x14:0x00000001 x22=0x00000000
     184535.000 ns	     18452	80003cac	d0174ad3	fcvt.s.wu	f21,x14	 x14:0x00000001 f21=0x3f800000
     184565.000 ns	     18455	80003cb0	a1ed1153	flt.s	x2,f26,f30	 f26:0x4e990800 f30:0x7fc00000  x2=0x00000000
     184615.000 ns	     18460	80003cb4	018b4053	fadd.s	f0,f22,f24	 f22:0x473501cc f24:0x5634c571  f0=0x5634c571
     184635.000 ns	     18462	80003cb8	dbeac413	xori	x8,x21,-578	 x21:0x80041024  x8=0x7ffbed9a
     184645.000 ns	     18463	80003cbc	00342d33	slt	x26,x8,x3	  x8:0x289e4e7a  x3:0x0491008e x26=0x00000000
     184655.000 ns	     18464	80003cc0	00a0f6b3	and	x13,x1,x10	  x1:0x28ea1000 x10:0x00000000 x13=0x00000000
     184665.000 ns	     18465	80003cc4	5296b093	sltiu	x1,x13,1321	 x13:0xeb43c2c7  x1=0x00000001
     184685.000 ns	     18467	80003cc8	20d29553	fsgnjn.s	f10,f5,f13	  f5:0x7fc00000 f13:0x7fc00000 f10=0xffc00000
     184705.000 ns	     18469	80003ccc	4049d113	srai	x2,x19,0x4	 x19:0xffffffff  x2=0xffffffff
     184725.000 ns	     18471	80003cd0	200e85d3	fsgnj.s	f11,f29,f0	 f29:0x4e990800  f0:0x5634c571 f11=0x4e990800
     184745.000 ns	     18473	80003cd4	01d111b3	sll	x3,x2,x29	  x2:0x00000000 x29:0x00103208  x3=0xffffff00
     184765.000 ns	     18475	80003cd8	0238ac33	mulhsu	x24,x17,x3	 x17:0x665efc64  x3:0x0491008e x24=0x665efbfd
     184785.000 ns	     18477	80003cdc	11777193	andi	x3,x14,279	 x14:0x00000001  x3=0x00000001
     184805.000 ns	     18479	80003ce0	02697833	remu	x16,x18,x6	 x18:0x00000000  x6:0x00000000 x16=0x00000000
     184825.000 ns	     18481	80003ce4	409ed6b3	sra	x13,x29,x9	 x29:0x00103208  x9:0x80040fe4 x13=0x00010320
     184845.000 ns	     18483	80003ce8	c00d28d3	fcvt.w.s	x17,f26	 f26:0x4e990800 x17=0x4c840000
     186025.000 ns	     18601	80003cec	5805fcd3	fsqrt.s	f25,f11	 f11:0x4e990800 f25=0x470bf4d3
     186045.000 ns	     18603	80003cf0	00371e33	sll	x28,x14,x3	 x14:0x00000001  x3:0x00000001 x28=0x00000002
     186065.000 ns	     18605	80003cf4	d00a0f53	fcvt.s.w	f30,x20	 x20:0x00000000 f30=0x00000000
     186085.000 ns	     18607	80003cf8	01b72533	slt	x10,x14,x27	 x14:0x00000001 x27:0x00000000 x10=0x00000000
     186105.000 ns	     18609	80003cfc	21c49553	fsgnjn.s	f10,f9,f28	  f9:0x7fc00000 f28:0xcf7ffff9 f10=0x7fc00000
     186125.000 ns	     18611	80003d00	eba74893	xori	x17,x14,-326	 x14:0x00000001 x17=0xfffffebb
     186155.000 ns	     18614	80003d04	19b3f153	fdiv.s	f2,f7,f27	  f7:0x7fc00000 f27:0x47a17d65  f2=0x7fc00000
     186185.000 ns	     18617	80003d08	026a82b3	mul	x5,x21,x6	 x21:0x80041024  x6:0x00000000  x5=0x00000000
     186205.000 ns	     18619	80003d0c	13e30193	addi	x3,x6,318	  x6:0x00000000  x3=0x0000013e
     186225.000 ns	     18621	80003d10	c01d1853	fcvt.wu.s	x16,f26	 f26:0x4e990800 x16=0x4c840000
     186255.000 ns	     18624	80003d14	a13c00d3	fle.s	x1,f24,f19	 f24:0x5634c571 f19:0x473501cc  x1=0x00000000
     186285.000 ns	     18627	80003d18	a0e2a753	feq.s	x14,f5,f14	  f5:0x7fc00000 f14:0x7fc00000 x14=0x00000000
     186315.000 ns	     18630	80003d1c	021de3b3	rem	x7,x27,x1	 x27:0x00000000  x1:0x00000000  x7=0x00000000
     186345.000 ns	     18633	80003d20	037f4a33	div	x20,x30,x23	 x30:0x00000001 x23:0x00000000 x20=0xffffffff
     186365.000 ns	     18635	80003d24	41465033	sra	x0,x12,x20	 x12:0x00000000 x20:0x00000000
     186385.000 ns	     18637	80003d28	c00087d3	fcvt.w.s	x15,f1	  f1:0x7fc00000 x15=0x7fffffff
     186415.000 ns	     18640	80003d2c	0337aeb3	mulhsu	x29,x15,x19	 x15:0x80041025 x19:0xffffffff x29=0x7ffffffe
     186445.000 ns	     18643	80003d30	021f1633	mulh	x12,x30,x1	 x30:0x00000001  x1:0x00000000 x12=0x00000000
     186465.000 ns	     18645	80003d34	e9f00113	addi	x2,x0,-353	  x0:0x00000000  x2=0xfffffe9f
     186475.000 ns	     18646	80003d38	01ca30b3	sltu	x1,x20,x28	 x20:0xffffffff x28:0x00000002  x1=0x00000000
     186485.000 ns	     18647	80003d3c	012f1a13	slli	x20,x30,0x12	 x30:0x00000001 x20=0x00040000
     186845.000 ns	     18683	80003d40	033f49b3	div	x19,x30,x19	 x30:0x00000001 x19:0xffffffff x19=0xffffffff
     186865.000 ns	     18685	80003d44	00cc62b3	or	x5,x24,x12	 x24:0x665efbfd x12:0x00000000  x5=0x665efbfd
     186875.000 ns	     18686	80003d48	41ab5bb3	sra	x23,x22,x26	 x22:0x00000000 x26:0x00000000 x23=0x00000000
     186885.000 ns	     18687	80003d4c	37eb8313	addi	x6,x23,894	 x23:0x00000000  x6=0x0000037e
     186895.000 ns	     18688	80003d50	413ad093	srai	x1,x21,0x13	 x21:0x80041024  x1=0xfffff000
     186905.000 ns	     18689	80003d54	00aea933	slt	x18,x29,x10	 x29:0x7ffffffe x10:0x00000000 x18=0x00000000
     186915.000 ns	     18690	80003d58	013adc13	srli	x24,x21,0x13	 x21:0x80041024 x24=0x00001000
     186935.000 ns	     18692	80003d5c	e0028353	fmv.x.w	x6,f5	  f5:0x7fc00000  x6=0x7fc00000
     186955.000 ns	     18694	80003d60	411bd893	srai	x17,x23,0x11	 x23:0x00000000 x17=0x00000000
     186975.000 ns	     18696	80003d64	21669f53	fsgnjn.s	f30,f13,f22	 f13:0x7fc00000 f22:0x473501cc f30=0xffc00000
     186995.000 ns	     18698	80003d68	01611033	sll	x0,x2,x22	  x2:0xfffffe9f x22:0x00000000
     187025.000 ns	     18701	80003d6c	10cef553	fmul.s	f10,f29,f12	 f29:0x4e990800 f12:0xcefff7e0 f10=0xde190325
     187045.000 ns	     18703	80003d70	00650f33	add	x30,x10,x6	 x10:0x00000000  x6:0x7fc00000 x30=0x7fc00000
     187055.000 ns	     18704	80003d74	00000013	addi	x0,x0,0	  x0:0x00000000
     187065.000 ns	     18705	80003d78	415706b3	sub	x13,x14,x21	 x14:0x00000000 x21:0x80041024 x13=0x7ffbefdc
     187085.000 ns	     18707	80003d7c	219904d3	fsgnj.s	f9,f18,f25	 f18:0x7fc00000 f25:0x470bf4d3  f9=0x7fc00000
     187115.000 ns	     18710	80003d80	a1aa8953	fle.s	x18,f21,f26	 f21:0x3f800000 f26:0x4e990800 x18=0x00000001
     187145.000 ns	     18713	80003d84	c01e7353	fcvt.wu.s	x6,f28	 f28:0xcf7ffff9  x6=0xfffff900
     187165.000 ns	     18715	80003d88	00690c33	add	x24,x18,x6	 x18:0x00000001  x6:0x7fc00000 x24=0xfffff901
     187185.000 ns	     18717	80003d8c	c0197953	fcvt.wu.s	x18,f18	 f18:0x7fc00000 x18=0xffffffff
     187215.000 ns	     18720	80003d90	e00a1a53	fclass.s	x20,f20	 f20:0x00000000 x20=0x00000010
     187245.000 ns	     18723	80003d94	02e70533	mul	x10,x14,x14	 x14:0x00000000 x14:0x00000000 x10=0x00000000
     187275.000 ns	     18726	80003d98	e0019bd3	fclass.s	x23,f3	  f3:0xffc00000 x23=0x00000200
     187305.000 ns	     18729	80003d9c	203a99d3	fsgnjn.s	f19,f21,f3	 f21:0x3f800000  f3:0xffc00000 f19=0x3f800000
     187335.000 ns	     18732	80003da0	02670b33	mul	x22,x14,x6	 x14:0x00000000  x6:0xfffff900 x22=0x00000000
     187355.000 ns	     18734	80003da4	0044cdb3	xor	x27,x9,x4	  x9:0x80040fe4  x4:0x5afb358e x27=0xdaff3a6a
     187365.000 ns	     18735	80003da8	a4e30113	addi	x2,x6,-1458	  x6:0xfffff900  x2=0xfffff34e
     187385.000 ns	     18737	80003dac	20ee1353	fsgnjn.s	f6,f28,f14	 f28:0xcf7ffff9 f14:0x7fc00000  f6=0xcf7ffff9
     187425.000 ns	     18741	80003db0	1930f0d3	fdiv.s	f1,f1,f19	  f1:0x7fc00000 f19:0x3f800000  f1=0x7fc00000
     187455.000 ns	     18744	80003db4	02af52b3	divu	x5,x30,x10	 x30:0x7fc00000 x10:0x00000000  x5=0xffffffff
     187475.000 ns	     18746	80003db8	dc0e9c17	auipc	x24,0xdc0e9	 x24=0x5c0ecdb8
     187495.000 ns	     18748	80003dbc	03e9a2b3	mulhsu	x5,x19,x30	 x19:0xffffffff x30:0x7fc00000  x5=0xffffffff
     187525.000 ns	     18751	80003dc0	02f7a0b3	mulhsu	x1,x15,x15	 x15:0x7fffffff x15:0x7fffffff  x1=0x3fffffff
     187555.000 ns	     18754	80003dc4	033c28b3	mulhsu	x17,x24,x19	 x24:0x5c0ecdb8 x19:0xffffffff x17=0x5c0ecdb7
     187925.000 ns	     18791	80003dc8	03726eb3	rem	x29,x4,x23	  x4:0x5afb358e x23:0x00000200 x29=0x0000018e
     187955.000 ns	     18794	80003dcc	288d9cd3	fmax.s	f25,f27,f8	 f27:0x47a17d65  f8:0x80000000 f25=0x47a17d65
     187985.000 ns	     18797	80003dd0	c01c4353	fcvt.wu.s	x6,f24	 f24:0x5634c571  x6=0xffffffff
     188005.000 ns	     18799	80003dd4	ab006113	ori	x2,x0,-1360	  x0:0x00000000  x2=0xfffffab0
     188015.000 ns	     18800	80003dd8	2b200e13	addi	x28,x0,690	  x0:0x00000000 x28=0x000002b2
     188035.000 ns	     18802	80003ddc	c012c953	fcvt.wu.s	x18,f5	  f5:0x7fc00000 x18=0xffffffff
     188055.000 ns	     18804	80003de0	264e7393	andi	x7,x28,612	 x28:0x00000002  x7=0x00000220
     188075.000 ns	     18806	80003de4	e0058e53	fmv.x.w	x28,f11	 f11:0x4e990800 x28=0x4e990800
     188095.000 ns	     18808	80003de8	2101a293	slti	x5,x3,528	  x3:0x0000013e  x5=0x00000001
     188455.000 ns	     18844	80003dec	0352d1b3	divu	x3,x5,x21	  x5:0xffffffff x21:0x80041024  x3=0x00000000
     188485.000 ns	     18847	80003df0	a1ee01d3	fle.s	x3,f28,f30	 f28:0xcf7ffff9 f30:0xffc00000  x3=0x00000000
     188515.000 ns	     18850	80003df4	d01b7953	fcvt.s.wu	f18,x22	 x22:0x00000000 f18=0x00000000
     188545.000 ns	     18853	80003df8	c0083153	fcvt.w.s	x2,f16	 f16:0xffc00000  x2=0x7fffffff
     188565.000 ns	     18855	80003dfc	7c094f13	xori	x30,x18,1984	 x18:0xffffffff x30=0xfffff83f
     188585.000 ns	     18857	80003e00	209028d3	fsgnjx.s	f17,f0,f9	  f0:0x5634c571  f9:0x7fc00000 f17=0x5634c571
     188635.000 ns	     18862	80003e04	0930b1d3	fsub.s	f3,f1,f19	  f1:0x7fc00000 f19:0x3f800000  f3=0x7fc00000
     189005.000 ns	     18899	80003e08	038c7bb3	remu	x23,x24,x24	 x24:0x5c0ecdb8 x24:0x5c0ecdb8 x23=0x00000000
     189035.000 ns	     18902	80003e0c	c01d0753	fcvt.wu.s	x14,f26	 f26:0x4e990800 x14=0x4c840000
     189055.000 ns	     18904	80003e10	40395b93	srai	x23,x18,0x3	 x18:0xffffffff x23=0xffffffff
     189065.000 ns	     18905	80003e14	408d5713	srai	x14,x26,0x8	 x26:0x00000000 x14=0x00000000
     189105.000 ns	     18909	80003e18	090e1953	fsub.s	f18,f28,f16	 f28:0xcf7ffff9 f16:0xffc00000 f18=0x7fc00000
     189135.000 ns	     18912	80003e1c	e00081d3	fmv.x.w	x3,f1	  f1:0x7fc00000  x3=0x7fc00000
     189165.000 ns	     18915	80003e20	283e8dd3	fmin.s	f27,f29,f3	 f29:0x4e990800  f3:0x7fc00000 f27=0x4e990800
     189195.000 ns	     18918	80003e24	29c510d3	fmax.s	f1,f10,f28	 f10:0xde190325 f28:0xcf7ffff9  f1=0xcf7ffff9
     189225.000 ns	     18921	80003e28	02e555b3	divu	x11,x10,x14	 x10:0x00000000 x14:0x00000000 x11=0xffffffff
     189245.000 ns	     18923	80003e2c	418ddc33	sra	x24,x27,x24	 x27:0xdaff3a6a x24:0x5c0ecdb8 x24=0xffffffda
     189265.000 ns	     18925	80003e30	e0038dd3	fmv.x.w	x27,f7	  f7:0x7fc00000 x27=0x7fc00000
     189285.000 ns	     18927	80003e34	007d2c33	slt	x24,x26,x7	 x26:0x00000000  x7:0x00000220 x24=0x00000001
     189645.000 ns	     18963	80003e38	02144a33	div	x20,x8,x1	  x8:0x7ffbed9a  x1:0x3fffffff x20=0x00000001
     189665.000 ns	     18965	80003e3c	40e6d513	srai	x10,x13,0xe	 x13:0x7ffbefdc x10=0x0001ffef
     189675.000 ns	     18966	80003e40	40ef5a13	srai	x20,x30,0xe	 x30:0xfffff83f x20=0xffffffff
     189695.000 ns	     18968	80003e44	21e22853	fsgnjx.s	f16,f4,f30	  f4:0x80000000 f30:0xffc00000 f16=0x00000000
     189725.000 ns	     18971	80003e48	02e9d333	divu	x6,x19,x14	 x19:0xffffffff x14:0x00000000  x6=0xffffffff
     189755.000 ns	     18974	80003e4c	a046ac53	feq.s	x24,f13,f4	 f13:0x7fc00000  f4:0x80000000 x24=0x00000000
     189775.000 ns	     18976	80003e50	00ed28b3	slt	x17,x26,x14	 x26:0x00000000 x14:0x00000000 x17=0x00000000
     189785.000 ns	     18977	80003e54	1fe74d93	xori	x27,x14,510	 x14:0x00000000 x27=0x000001fe
     189795.000 ns	     18978	80003e58	2312f313	andi	x6,x5,561	  x5:0x00000001  x6=0x00000001
     189805.000 ns	     18979	80003e5c	016bb033	sltu	x0,x23,x22	 x23:0xffffffff x22:0x00000000
     189815.000 ns	     18980	80003e60	8eda7617	auipc	x12,0x8eda7	 x12=0x0edaae60
     189835.000 ns	     18982	80003e64	29fc0653	fmin.s	f12,f24,f31	 f24:0x5634c571 f31:0x7fc00000 f12=0x5634c571
     189865.000 ns	     18985	80003e68	031a1e33	mulh	x28,x20,x17	 x20:0xffffffff x17:0x00000000 x28=0x00000000
     189885.000 ns	     18987	80003e6c	40ce5393	srai	x7,x28,0xc	 x28:0x4e990800  x7=0x00000000
     190245.000 ns	     19023	80003e70	02b8f9b3	remu	x19,x17,x11	 x17:0x00000000 x11:0xffffffff x19=0x00000000
     190265.000 ns	     19025	80003e74	016e1c33	sll	x24,x28,x22	 x28:0x00000000 x22:0x00000000 x24=0x00000000
     190285.000 ns	     19027	80003e78	e00990d3	fclass.s	x1,f19	 f19:0x3f800000  x1=0x00000040
     190305.000 ns	     19029	80003e7c	f80b4b93	xori	x23,x22,-128	 x22:0x00000000 x23=0xffffff80
     190345.000 ns	     19033	80003e80	01459c53	fadd.s	f24,f11,f20	 f11:0x4e990800 f20:0x00000000 f24=0x4e990800
     190365.000 ns	     19035	80003e84	35e0a193	slti	x3,x1,862	  x1:0x00000040  x3=0x00000001
     190375.000 ns	     19036	80003e88	1c7c8f13	addi	x30,x25,455	 x25:0x9a07254c x30=0x9a072713
     190385.000 ns	     19037	80003e8c	40f05b33	sra	x22,x0,x15	  x0:0x00000000 x15:0x7fffffff x22=0x00000000
     190405.000 ns	     19039	80003e90	a00f12d3	flt.s	x5,f30,f0	 f30:0xffc00000  f0:0x5634c571  x5=0x00000000
     190425.000 ns	     19041	80003e94	0127adb3	slt	x27,x15,x18	 x15:0x7fffffff x18:0xffffffff x27=0x00000000
     190435.000 ns	     19042	80003e98	53b0b1b7	lui	x3,0x53b0b	  x3=0x53b0b000
     190445.000 ns	     19043	80003e9c	29850513	addi	x10,x10,664	 x10:0x0001ffef x10=0x00020287
     190455.000 ns	     19044	80003ea0	010fdbb3	srl	x23,x31,x16	 x31:0x00000000 x16:0x4c840000 x23=0x00000000
     190475.000 ns	     19046	80003ea4	f00e03d3	fmv.w.x	f7,x28	 x28:0x00000000  f7=0x00000000
     190495.000 ns	     19048	80003ea8	4ed12f13	slti	x30,x2,1261	  x2:0x7fffffff x30=0x00000000
     190515.000 ns	     19050	80003eac	03f36d33	rem	x26,x6,x31	  x6:0x00000001 x31:0x00000000 x26=0x00000001
     190545.000 ns	     19053	80003eb0	214e8253	fsgnj.s	f4,f29,f20	 f29:0x4e990800 f20:0x00000000  f4=0x4e990800
     190565.000 ns	     19055	80003eb4	41500233	sub	x4,x0,x21	  x0:0x00000000 x21:0x80041024  x4=0x7ffbefdc
     190585.000 ns	     19057	80003eb8	a1fcaed3	feq.s	x29,f25,f31	 f25:0x47a17d65 f31:0x7fc00000 x29=0x00000000
     190615.000 ns	     19060	80003ebc	d00b0bd3	fcvt.s.w	f23,x22	 x22:0x00000000 f23=0x00000000
     190645.000 ns	     19063	80003ec0	28bf1dd3	fmax.s	f27,f30,f11	 f30:0xffc00000 f11:0x4e990800 f27=0x4e990800
     191015.000 ns	     19100	80003ec4	03097133	remu	x2,x18,x16	 x18:0xffffffff x16:0x4c840000  x2=0x1a73ffff
     191045.000 ns	     19103	80003ec8	a091a9d3	feq.s	x19,f3,f9	  f3:0x7fc00000  f9:0x7fc00000 x19=0x00000000
     191075.000 ns	     19106	80003ecc	c002a053	fcvt.w.s	x0,f5	  f5:0x7fc00000
     191095.000 ns	     19108	80003ed0	01d97333	and	x6,x18,x29	 x18:0xffffffff x29:0x00000000  x6=0x00000000
     191135.000 ns	     19112	80003ed4	09202753	fsub.s	f14,f0,f18	  f0:0x5634c571 f18:0x7fc00000 f14=0x7fc00000
     191155.000 ns	     19114	80003ed8	01eccf33	xor	x30,x25,x30	 x25:0x9a07254c x30:0x00000000 x30=0x9a07254c
     191185.000 ns	     19117	80003edc	58038853	fsqrt.s	f16,f7	  f7:0x00000000 f16=0x00000000
     191215.000 ns	     19120	80003ee0	a0409bd3	flt.s	x23,f1,f4	  f1:0xcf7ffff9  f4:0x4e990800 x23=0x00000001
     191235.000 ns	     19122	80003ee4	00669393	slli	x7,x13,0x6	 x13:0x7ffbefdc  x7=0xfefbf700
     191245.000 ns	     19123	80003ee8	00c88133	add	x2,x17,x12	 x17:0x00000000 x12:0x0edaae60  x2=0x0edaae60
     191265.000 ns	     19125	80003eec	c01788d3	fcvt.wu.s	x17,f15	 f15:0xb89af0f3 x17=0x00000000
     191635.000 ns	     19162	80003ef0	02f2c0b3	div	x1,x5,x15	  x5:0x00000000 x15:0x7fffffff  x1=0x00000000
     191655.000 ns	     19164	80003ef4	01076433	or	x8,x14,x16	 x14:0x00000000 x16:0x4c840000  x8=0x4c840000
     191665.000 ns	     19165	80003ef8	253e2393	slti	x7,x28,595	 x28:0x00000000  x7=0x00000001
     191685.000 ns	     19167	80003efc	a18912d3	flt.s	x5,f18,f24	 f18:0x7fc00000 f24:0x4e990800  x5=0x00000000
     191715.000 ns	     19170	80003f00	d015f353	fcvt.s.wu	f6,x11	 x11:0xffffffff  f6=0x4f7fffff
     191745.000 ns	     19173	80003f04	a08717d3	flt.s	x15,f14,f8	 f14:0x7fc00000  f8:0x80000000 x15=0x00000000
     191785.000 ns	     19177	80003f08	580e78d3	fsqrt.s	f17,f28	 f28:0xcf7ffff9 f17=0x7fc00000
     191805.000 ns	     19179	80003f0c	4051d733	sra	x14,x3,x5	  x3:0x53b0b000  x5:0x00000000 x14=0x53b0b000
     191825.000 ns	     19181	80003f10	a1540853	fle.s	x16,f8,f21	  f8:0x80000000 f21:0x3f800000 x16=0x00000001
     191865.000 ns	     19185	80003f14	19f571d3	fdiv.s	f3,f10,f31	 f10:0xde190325 f31:0x7fc00000  f3=0x7fc00000
     191895.000 ns	     19188	80003f18	f00486d3	fmv.w.x	f13,x9	  x9:0x80040fe4 f13=0x80040fe4
     191915.000 ns	     19190	80003f1c	00249f93	slli	x31,x9,0x2	  x9:0x80040fe4 x31=0x00103f90
     191955.000 ns	     19194	80003f20	09954ed3	fsub.s	f29,f10,f25	 f10:0xde190325 f25:0x47a17d65 f29=0xde190325
     191975.000 ns	     19196	80003f24	00d1f1b3	and	x3,x3,x13	  x3:0x53b0b000 x13:0x7ffbefdc  x3=0x53b0a000
     191985.000 ns	     19197	80003f28	3c476593	ori	x11,x14,964	 x14:0x53b0b000 x11=0x53b0b3c4
     192005.000 ns	     19199	80003f2c	d01d7f53	fcvt.s.wu	f30,x26	 x26:0x00000001 f30=0x3f800000
     192045.000 ns	     19203	80003f30	11ca7ad3	fmul.s	f21,f20,f28	 f20:0x00000000 f28:0xcf7ffff9 f21=0x80000000
     192065.000 ns	     19205	80003f34	00271b13	slli	x22,x14,0x2	 x14:0x53b0b000 x22=0x4ec2c000
     192075.000 ns	     19206	80003f38	01f4f333	and	x6,x9,x31	  x9:0x80040fe4 x31:0x00103f90  x6=0x00000f80
     192085.000 ns	     19207	80003f3c	01f50a33	add	x20,x10,x31	 x10:0x00020287 x31:0x00103f90 x20=0x00124217
     192105.000 ns	     19209	80003f40	a1729653	flt.s	x12,f5,f23	  f5:0x7fc00000 f23:0x00000000 x12=0x00000000
     192145.000 ns	     19213	80003f44	10c743d3	fmul.s	f7,f14,f12	 f14:0x7fc00000 f12:0x5634c571  f7=0x7fc00000
     192175.000 ns	     19216	80003f48	20379b53	fsgnjn.s	f22,f15,f3	 f15:0xb89af0f3  f3:0x7fc00000 f22=0xb89af0f3
     192205.000 ns	     19219	80003f4c	c0007ed3	fcvt.w.s	x29,f0	  f0:0x5634c571 x29=0x7fffffff
     192235.000 ns	     19222	80003f50	a13f2dd3	feq.s	x27,f30,f19	 f30:0x3f800000 f19:0x3f800000 x27=0x00000001
     192265.000 ns	     19225	80003f54	e00088d3	fmv.x.w	x17,f1	  f1:0xcf7ffff9 x17=0xcf7ffff9
     192635.000 ns	     19262	80003f58	02b7f7b3	remu	x15,x15,x11	 x15:0x00000000 x11:0x53b0b3c4 x15=0x00000000
     193005.000 ns	     19299	80003f5c	0370ddb3	divu	x27,x1,x23	  x1:0x00000000 x23:0x00000001 x27=0x00000000
     193025.000 ns	     19301	80003f60	81764837	lui	x16,0x81764	 x16=0x81764000
     193035.000 ns	     19302	80003f64	01a6f633	and	x12,x13,x26	 x13:0x7ffbefdc x26:0x00000001 x12=0x00000000
     193395.000 ns	     19338	80003f68	03904833	div	x16,x0,x25	  x0:0x00000000 x25:0x9a07254c x16=0x00000000
     193435.000 ns	     19342	80003f6c	5808fa53	fsqrt.s	f20,f17	 f17:0x7fc00000 f20=0x7fc00000
     193455.000 ns	     19344	80003f70	004615b3	sll	x11,x12,x4	 x12:0x00000000  x4:0x7ffbefdc x11=0x00000000
     193475.000 ns	     19346	80003f74	c01effd3	fcvt.wu.s	x31,f29	 f29:0xde190325 x31=0x00000000
     193845.000 ns	     19383	80003f78	02ea7733	remu	x14,x20,x14	 x20:0x00124217 x14:0x53b0b000 x14=0x00124217
     193865.000 ns	     19385	80003f7c	4183d6b3	sra	x13,x7,x24	  x7:0x00000001 x24:0x00000000 x13=0x00000001
     193885.000 ns	     19387	80003f80	29a30853	fmin.s	f16,f6,f26	  f6:0x4f7fffff f26:0x4e990800 f16=0x4e990800
     193915.000 ns	     19390	80003f84	02135fb3	divu	x31,x6,x1	  x6:0x00000f80  x1:0x00000000 x31=0xffffffff
     193935.000 ns	     19392	80003f88	ac4d4093	xori	x1,x26,-1340	 x26:0x00000001  x1=0xfffffac5
     193945.000 ns	     19393	80003f8c	002cdbb3	srl	x23,x25,x2	 x25:0x9a07254c  x2:0x0edaae60 x23=0x9a07254c
     193965.000 ns	     19395	80003f90	02c4ea33	rem	x20,x9,x12	  x9:0x80040fe4 x12:0x00000000 x20=0x80040fe4
     193985.000 ns	     19397	80003f94	00fb5b13	srli	x22,x22,0xf	 x22:0x4ec2c000 x22=0x00009d85
     194005.000 ns	     19399	80003f98	e0071a53	fclass.s	x20,f14	 f14:0x7fc00000 x20=0x00000200
     194055.000 ns	     19404	80003f9c	09f20153	fsub.s	f2,f4,f31	  f4:0x4e990800 f31:0x7fc00000  f2=0x7fc00000
     194075.000 ns	     19406	80003fa0	01a636b3	sltu	x13,x12,x26	 x12:0x00000000 x26:0x00000001 x13=0x00000001
     194085.000 ns	     19407	80003fa4	0156eb33	or	x22,x13,x21	 x13:0x00000001 x21:0x80041024 x22=0x80041025
     194105.000 ns	     19409	80003fa8	a1120b53	fle.s	x22,f4,f17	  f4:0x4e990800 f17:0x7fc00000 x22=0x00000000
     194135.000 ns	     19412	80003fac	21c52153	fsgnjx.s	f2,f10,f28	 f10:0xde190325 f28:0xcf7ffff9  f2=0x5e190325
     194505.000 ns	     19449	80003fb0	0239deb3	divu	x29,x19,x3	 x19:0x00000000  x3:0x53b0a000 x29=0x00000000
     194875.000 ns	     19486	80003fb4	02ae6433	rem	x8,x28,x10	 x28:0x00000000 x10:0x00020287  x8=0x00000000
     194905.000 ns	     19489	80003fb8	d0077753	fcvt.s.w	f14,x14	 x14:0x00124217 f14=0x499210b8
     194935.000 ns	     19492	80003fbc	03de0533	mul	x10,x28,x29	 x28:0x00000000 x29:0x00000000 x10=0x00000000
     194965.000 ns	     19495	80003fc0	03881e33	mulh	x28,x16,x24	 x16:0x00000000 x24:0x00000000 x28=0x00000000
     194995.000 ns	     19498	80003fc4	02fee9b3	rem	x19,x29,x15	 x29:0x00000000 x15:0x00000000 x19=0x00000000
     195025.000 ns	     19501	80003fc8	a1928453	fle.s	x8,f5,f25	  f5:0x7fc00000 f25:0x47a17d65  x8=0x00000000
     195065.000 ns	     19505	80003fcc	103a93d3	fmul.s	f7,f21,f3	 f21:0x80000000  f3:0x7fc00000  f7=0x7fc00000
     195095.000 ns	     19508	80003fd0	02b676b3	remu	x13,x12,x11	 x12:0x00000000 x11:0x00000000 x13=0x00000000
     195125.000 ns	     19511	80003fd4	29bc9d53	fmax.s	f26,f25,f27	 f25:0x47a17d65 f27:0x4e990800 f26=0x4e990800
     195145.000 ns	     19513	80003fd8	4087f413	andi	x8,x15,1032	 x15:0x00000000  x8=0x00000000
     195165.000 ns	     19515	80003fdc	a03c93d3	flt.s	x7,f25,f3	 f25:0x47a17d65  f3:0x7fc00000  x7=0x00000000
     195195.000 ns	     19518	80003fe0	034f9a33	mulh	x20,x31,x20	 x31:0xffffffff x20:0x00000200 x20=0xffffffff
     195235.000 ns	     19522	80003fe4	19effc53	fdiv.s	f24,f31,f30	 f31:0x7fc00000 f30:0x3f800000 f24=0x7fc00000
     195265.000 ns	     19525	80003fe8	201908d3	fsgnj.s	f17,f18,f1	 f18:0x7fc00000  f1:0xcf7ffff9 f17=0xffc00000
     195295.000 ns	     19528	80003fec	a0999453	flt.s	x8,f19,f9	 f19:0x3f800000  f9:0x7fc00000  x8=0x00000000
     195315.000 ns	     19530	80003ff0	00479313	slli	x6,x15,0x4	 x15:0x00000000  x6=0x00000000
     195335.000 ns	     19532	80003ff4	02c0dbb3	divu	x23,x1,x12	  x1:0xfffffac5 x12:0x00000000 x23=0xffffffff
     195365.000 ns	     19535	80003ff8	d00e7253	fcvt.s.w	f4,x28	 x28:0x00000000  f4=0x00000000
     195395.000 ns	     19538	80003ffc	21c49ed3	fsgnjn.s	f29,f9,f28	  f9:0x7fc00000 f28:0xcf7ffff9 f29=0x7fc00000
     195425.000 ns	     19541	80004000	03d0e0b3	rem	x1,x1,x29	  x1:0xfffffac5 x29:0x00000000  x1=0xfffffac5
     195455.000 ns	     19544	80004004	02644c33	div	x24,x8,x6	  x8:0x00000000  x6:0x00000000 x24=0xffffffff
     195475.000 ns	     19546	80004008	001e6933	or	x18,x28,x1	 x28:0x00000000  x1:0xfffffac5 x18=0xfffffac5
     195485.000 ns	     19547	8000400c	4127d133	sra	x2,x15,x18	 x15:0x00000000 x18:0xffffffff  x2=0x00000000
     195505.000 ns	     19549	80004010	20861053	fsgnjn.s	f0,f12,f8	 f12:0x5634c571  f8:0x80000000  f0=0x5634c571
     195545.000 ns	     19553	80004014	58093f53	fsqrt.s	f30,f18	 f18:0x7fc00000 f30=0x7fc00000
     195575.000 ns	     19556	80004018	d01ef2d3	fcvt.s.wu	f5,x29	 x29:0x00000000  f5=0x00000000
     195615.000 ns	     19560	8000401c	1095f453	fmul.s	f8,f11,f9	 f11:0x4e990800  f9:0x7fc00000  f8=0x7fc00000
     195645.000 ns	     19563	80004020	e00611d3	fclass.s	x3,f12	 f12:0x5634c571  x3=0x00000040
     195665.000 ns	     19565	80004024	01085913	srli	x18,x16,0x10	 x16:0x00000000 x18=0x00000000
     195675.000 ns	     19566	80004028	0198e733	or	x14,x17,x25	 x17:0xcf7ffff9 x25:0x9a07254c x14=0xdf7ffffd
     195685.000 ns	     19567	8000402c	002a9f33	sll	x30,x21,x2	 x21:0x80041024  x2:0x00000000 x30=0x80041024
     195695.000 ns	     19568	80004030	aa6a2413	slti	x8,x20,-1370	 x20:0xffffffff  x8=0x00000000
     195715.000 ns	     19570	80004034	a0ee29d3	feq.s	x19,f28,f14	 f28:0xcf7ffff9 f14:0x499210b8 x19=0x00000000
     195745.000 ns	     19573	80004038	e00f8053	fmv.x.w	x0,f31	 f31:0x7fc00000
     195765.000 ns	     19575	8000403c	0ab81897	auipc	x17,0xab81	 x17=0x8ab8503c
     195775.000 ns	     19576	80004040	00cd5113	srli	x2,x26,0xc	 x26:0x00000001  x2=0x00000000
     195795.000 ns	     19578	80004044	20e521d3	fsgnjx.s	f3,f10,f14	 f10:0xde190325 f14:0x499210b8  f3=0xde190325
     195825.000 ns	     19581	80004048	214d24d3	fsgnjx.s	f9,f26,f20	 f26:0x4e990800 f20:0x7fc00000  f9=0x4e990800
     195845.000 ns	     19583	8000404c	01385c33	srl	x24,x16,x19	 x16:0x00000000 x19:0x00000000 x24=0x00000000
     195855.000 ns	     19584	80004050	01d3ddb3	srl	x27,x7,x29	  x7:0x00000000 x29:0x00000000 x27=0x00000000
     195875.000 ns	     19586	80004054	289e9c53	fmax.s	f24,f29,f9	 f29:0x7fc00000  f9:0x4e990800 f24=0x4e990800
     195895.000 ns	     19588	80004058	6703fa13	andi	x20,x7,1648	  x7:0x00000000 x20=0x00000000
     195915.000 ns	     19590	8000405c	025c8d33	mul	x26,x25,x5	 x25:0x9a07254c  x5:0x00000000 x26=0x00000000
     195945.000 ns	     19593	80004060	28710553	fmin.s	f10,f2,f7	  f2:0x5e190325  f7:0x7fc00000 f10=0x5e190325
     195965.000 ns	     19595	80004064	00074eb3	xor	x29,x14,x0	 x14:0xdf7ffffd  x0:0x00000000 x29=0xdf7ffffd
     195975.000 ns	     19596	80004068	40a70e33	sub	x28,x14,x10	 x14:0xdf7ffffd x10:0x00000000 x28=0xdf7ffffd
     195985.000 ns	     19597	8000406c	41e48fb3	sub	x31,x9,x30	  x9:0x80040fe4 x30:0x80041024 x31=0xffffffc0
     195995.000 ns	     19598	80004070	418f5913	srai	x18,x30,0x18	 x30:0x80041024 x18=0xffffff80
     196005.000 ns	     19599	80004074	000f56b3	srl	x13,x30,x0	 x30:0x80041024  x0:0x00000000 x13=0x80041024
     196025.000 ns	     19601	80004078	02656433	rem	x8,x10,x6	 x10:0x00000000  x6:0x00000000  x8=0x00000000
     196055.000 ns	     19604	8000407c	c01f7d53	fcvt.wu.s	x26,f30	 f30:0x7fc00000 x26=0xffffffff
     196075.000 ns	     19606	80004080	0c7bb293	sltiu	x5,x23,199	 x23:0xffffffff  x5=0x00000000
     196095.000 ns	     19608	80004084	28b21f53	fmax.s	f30,f4,f11	  f4:0x00000000 f11:0x4e990800 f30=0x4e990800
     196115.000 ns	     19610	80004088	4ffc3093	sltiu	x1,x24,1279	 x24:0x00000000  x1=0x00000001
     196125.000 ns	     19611	8000408c	40d95d93	srai	x27,x18,0xd	 x18:0xffffff80 x27=0xffffffff
     196135.000 ns	     19612	80004090	0186b8b3	sltu	x17,x13,x24	 x13:0x80041024 x24:0x00000000 x17=0x00000000
     196155.000 ns	     19614	80004094	e0009353	fclass.s	x6,f1	  f1:0xcf7ffff9  x6=0x00000002
     196185.000 ns	     19617	80004098	c0068853	fcvt.w.s	x16,f13	 f13:0x80040fe4 x16=0x00000000
     196215.000 ns	     19620	8000409c	03f6bd33	mulhu	x26,x13,x31	 x13:0x80041024 x31:0xffffffc0 x26=0x80041003
     196255.000 ns	     19624	800040a0	580afdd3	fsqrt.s	f27,f21	 f21:0x80000000 f27=0x80000000
     196285.000 ns	     19627	800040a4	d017b153	fcvt.s.wu	f2,x15	 x15:0x00000000  f2=0x00000000
     196315.000 ns	     19630	800040a8	a04d9453	flt.s	x8,f27,f4	 f27:0x80000000  f4:0x00000000  x8=0x00000000
     196335.000 ns	     19632	800040ac	01ca8e33	add	x28,x21,x28	 x21:0x80041024 x28:0xdf7ffffd x28=0x5f841021
     196355.000 ns	     19634	800040b0	a1a898d3	flt.s	x17,f17,f26	 f17:0xffc00000 f26:0x4e990800 x17=0x00000000
     196385.000 ns	     19637	800040b4	215a11d3	fsgnjn.s	f3,f20,f21	 f20:0x7fc00000 f21:0x80000000  f3=0x7fc00000
     196725.000 ns	     19671	800040b8	189b37d3	fdiv.s	f15,f22,f9	 f22:0xb89af0f3  f9:0x4e990800 f15=0xa91af0f4
     196745.000 ns	     19673	800040bc	01f5b0b3	sltu	x1,x11,x31	 x11:0x00000000 x31:0xffffffc0  x1=0x00000001
     196765.000 ns	     19675	800040c0	02ed2333	mulhsu	x6,x26,x14	 x26:0x80041003 x14:0xdf7ffffd  x6=0x90438bfc
     196795.000 ns	     19678	800040c4	a0e2aed3	feq.s	x29,f5,f14	  f5:0x00000000 f14:0x499210b8 x29=0x00000000
     196825.000 ns	     19681	800040c8	02dd88b3	mul	x17,x27,x13	 x27:0xffffffff x13:0x80041024 x17=0x7ffbefdc
     196855.000 ns	     19684	800040cc	a15e1653	flt.s	x12,f28,f21	 f28:0xcf7ffff9 f21:0x80000000 x12=0x00000001
     196875.000 ns	     19686	800040d0	21fb7d13	andi	x26,x22,543	 x22:0x00000000 x26=0x00000000
     196895.000 ns	     19688	800040d4	21cfa753	fsgnjx.s	f14,f31,f28	 f31:0x7fc00000 f28:0xcf7ffff9 f14=0xffc00000
     196915.000 ns	     19690	800040d8	01dc80b3	add	x1,x25,x29	 x25:0x9a07254c x29:0x00000000  x1=0x9a07254c
     196925.000 ns	     19691	800040dc	88510f37	lui	x30,0x88510	 x30=0x88510000
     196945.000 ns	     19693	800040e0	d00526d3	fcvt.s.w	f13,x10	 x10:0x00000000 f13=0x00000000
     196975.000 ns	     19696	800040e4	c00b27d3	fcvt.w.s	x15,f22	 f22:0xb89af0f3 x15=0xffffffff
     196995.000 ns	     19698	800040e8	45d6a613	slti	x12,x13,1117	 x13:0x80041024 x12=0x00000001
     197005.000 ns	     19699	800040ec	42a5aa13	slti	x20,x11,1066	 x11:0x00000000 x20=0x00000001
     197015.000 ns	     19700	800040f0	012f4b33	xor	x22,x30,x18	 x30:0x88510000 x18:0xffffff80 x22=0x77aeff80
     197035.000 ns	     19702	800040f4	293d9f53	fmax.s	f30,f27,f19	 f27:0x80000000 f19:0x3f800000 f30=0x3f800000
     197055.000 ns	     19704	800040f8	78162993	slti	x19,x12,1921	 x12:0x00000001 x19=0x00000001
     197075.000 ns	     19706	800040fc	02de8333	mul	x6,x29,x13	 x29:0x00000000 x13:0x80041024  x6=0x00000000
     197105.000 ns	     19709	80004100	d00e7b53	fcvt.s.w	f22,x28	 x28:0x5f841021 f22=0x4ebf0820
     197125.000 ns	     19711	80004104	7c1f3993	sltiu	x19,x30,1985	 x30:0x88510000 x19=0x00000000
     197145.000 ns	     19713	80004108	02612433	mulhsu	x8,x2,x6	  x2:0x00000000  x6:0x00000000  x8=0x00000000
     197515.000 ns	     19750	8000410c	02d7e9b3	rem	x19,x15,x13	 x15:0xffffffff x13:0x80041024 x19=0xffffffff
     197535.000 ns	     19752	80004110	2c31b613	sltiu	x12,x3,707	  x3:0x00000040 x12=0x00000001
     197555.000 ns	     19754	80004114	a0cd27d3	feq.s	x15,f26,f12	 f26:0x4e990800 f12:0x5634c571 x15=0x00000000
     197585.000 ns	     19757	80004118	f00d08d3	fmv.w.x	f17,x26	 x26:0x00000000 f17=0x00000000
     197615.000 ns	     19760	8000411c	03caab33	mulhsu	x22,x21,x28	 x21:0x80041024 x28:0x5f841021 x22=0xd03f7c05
     197635.000 ns	     19762	80004120	00a6adb3	slt	x27,x13,x10	 x13:0x80041024 x10:0x00000000 x27=0x00000001
     197655.000 ns	     19764	80004124	28dc83d3	fmin.s	f7,f25,f13	 f25:0x47a17d65 f13:0x00000000  f7=0x00000000
     197675.000 ns	     19766	80004128	01c84db3	xor	x27,x16,x28	 x16:0x00000000 x28:0x5f841021 x27=0x5f841021
     197685.000 ns	     19767	8000412c	001dd913	srli	x18,x27,0x1	 x27:0x00000001 x18=0x2fc20810
     197705.000 ns	     19769	80004130	0221d1b3	divu	x3,x3,x2	  x3:0x00000040  x2:0x00000000  x3=0xffffffff
     197735.000 ns	     19772	80004134	f0040053	fmv.w.x	f0,x8	  x8:0x00000000  f0=0x00000000
     197765.000 ns	     19775	80004138	a19a08d3	fle.s	x17,f20,f25	 f20:0x7fc00000 f25:0x47a17d65 x17=0x00000000
     197785.000 ns	     19777	8000413c	00fd8633	add	x12,x27,x15	 x27:0x5f841021 x15:0x00000000 x12=0x5f841021
     197805.000 ns	     19779	80004140	a09083d3	fle.s	x7,f1,f9	  f1:0xcf7ffff9  f9:0x4e990800  x7=0x00000001
     198175.000 ns	     19816	80004144	03706b33	rem	x22,x0,x23	  x0:0x00000000 x23:0xffffffff x22=0x00000000
     198215.000 ns	     19820	80004148	10ec1953	fmul.s	f18,f24,f14	 f24:0x4e990800 f14:0xffc00000 f18=0x7fc00000
     198235.000 ns	     19822	8000414c	00000013	addi	x0,x0,0	  x0:0x00000000
     198245.000 ns	     19823	80004150	00e1c533	xor	x10,x3,x14	  x3:0xffffffff x14:0xdf7ffffd x10=0x20800002
     198265.000 ns	     19825	80004154	d00121d3	fcvt.s.w	f3,x2	  x2:0x00000000  f3=0x00000000
     198295.000 ns	     19828	80004158	d0117453	fcvt.s.wu	f8,x2	  x2:0x00000000  f8=0x00000000
     198315.000 ns	     19830	8000415c	00000013	addi	x0,x0,0	  x0:0x00000000
     198355.000 ns	     19834	80004160	09733ad3	fsub.s	f21,f6,f23	  f6:0x4f7fffff f23:0x00000000 f21=0x4f7fffff
     198375.000 ns	     19836	80004164	48027f93	andi	x31,x4,1152	  x4:0x7ffbefdc x31=0x00000480
     198395.000 ns	     19838	80004168	219faf53	fsgnjx.s	f30,f31,f25	 f31:0x7fc00000 f25:0x47a17d65 f30=0x7fc00000
     198425.000 ns	     19841	8000416c	28060753	fmin.s	f14,f12,f0	 f12:0x5634c571  f0:0x00000000 f14=0x00000000
     198445.000 ns	     19843	80004170	41138733	sub	x14,x7,x17	  x7:0x00000001 x17:0x00000000 x14=0x00000001
     198455.000 ns	     19844	80004174	55686b13	ori	x22,x16,1366	 x16:0x00000000 x22=0x00000556
     198475.000 ns	     19846	80004178	031a2a33	mulhsu	x20,x20,x17	 x20:0x00000001 x17:0x00000000 x20=0x00000000
     198505.000 ns	     19849	8000417c	d011ff53	fcvt.s.wu	f30,x3	  x3:0xffffffff f30=0x4f7fffff
     198535.000 ns	     19852	80004180	032fa0b3	mulhsu	x1,x31,x18	 x31:0x00000480 x18:0x2fc20810  x1=0x000000d6
     198565.000 ns	     19855	80004184	e00307d3	fmv.x.w	x15,f6	  f6:0x4f7fffff x15=0x4f7fffff
     198585.000 ns	     19857	80004188	c5ddbf93	sltiu	x31,x27,-931	 x27:0x5f841021 x31=0x00000001
     198595.000 ns	     19858	8000418c	6565f893	andi	x17,x11,1622	 x11:0x00000000 x17=0x00000000
     198625.000 ns	     19861	80004190	18287ed3	fdiv.s	f29,f16,f2	 f16:0x4e990800  f2:0x00000000 f29=0x7f800000
     198665.000 ns	     19865	80004194	580f9453	fsqrt.s	f8,f31	 f31:0x7fc00000  f8=0x7fc00000
     198695.000 ns	     19868	80004198	212d9f53	fsgnjn.s	f30,f27,f18	 f27:0x80000000 f18:0x7fc00000 f30=0x80000000
     198725.000 ns	     19871	8000419c	214782d3	fsgnj.s	f5,f15,f20	 f15:0xa91af0f4 f20:0x7fc00000  f5=0x291af0f4
     198745.000 ns	     19873	800041a0	411d0033	sub	x0,x26,x17	 x26:0x00000000 x17:0x00000000
     198765.000 ns	     19875	800041a4	031769b3	rem	x19,x14,x17	 x14:0x00000001 x17:0x00000000 x19=0x00000001
     198785.000 ns	     19877	800041a8	41875eb3	sra	x29,x14,x24	 x14:0x00000001 x24:0x00000000 x29=0x00000001
     198825.000 ns	     19881	800041ac	08437bd3	fsub.s	f23,f6,f4	  f6:0x4f7fffff  f4:0x00000000 f23=0x4f7fffff
     198845.000 ns	     19883	800041b0	55c4c7b7	lui	x15,0x55c4c	 x15=0x55c4c000
     198865.000 ns	     19885	800041b4	03410733	mul	x14,x2,x20	  x2:0x00000000 x20:0x00000000 x14=0x00000000
     198885.000 ns	     19887	800041b8	a4e02893	slti	x17,x0,-1458	  x0:0x00000000 x17=0x00000000
     198895.000 ns	     19888	800041bc	00ec1f33	sll	x30,x24,x14	 x24:0x00000000 x14:0x00000000 x30=0x00000000
     198915.000 ns	     19890	800041c0	209dadd3	fsgnjx.s	f27,f27,f9	 f27:0x80000000  f9:0x4e990800 f27=0x80000000
     198955.000 ns	     19894	800041c4	1896f1d3	fdiv.s	f3,f13,f9	 f13:0x00000000  f9:0x4e990800  f3=0x00000000
     198985.000 ns	     19897	800041c8	02a425b3	mulhsu	x11,x8,x10	  x8:0x00000000 x10:0x20800002 x11=0x00000000
     199005.000 ns	     19899	800041cc	b74f3293	sltiu	x5,x30,-1164	 x30:0x00000000  x5=0x00000001
     199025.000 ns	     19901	800041d0	c01b79d3	fcvt.wu.s	x19,f22	 f22:0x4ebf0820 x19=0x5f841000
     199045.000 ns	     19903	800041d4	00769133	sll	x2,x13,x7	 x13:0x80041024  x7:0x00000001  x2=0x00082048
     199055.000 ns	     19904	800041d8	5ac23513	sltiu	x10,x4,1452	  x4:0x7ffbefdc x10=0x00000000
     199065.000 ns	     19905	800041dc	41235713	srai	x14,x6,0x12	  x6:0x00000000 x14=0x00000000
     199425.000 ns	     19941	800041e0	02777bb3	remu	x23,x14,x7	 x14:0x00000000  x7:0x00000001 x23=0x00000000
     199465.000 ns	     19945	800041e4	5808f653	fsqrt.s	f12,f17	 f17:0x00000000 f12=0x00000000
     199495.000 ns	     19948	800041e8	21f681d3	fsgnj.s	f3,f13,f31	 f13:0x00000000 f31:0x7fc00000  f3=0x00000000
     199515.000 ns	     19950	800041ec	c495b113	sltiu	x2,x11,-951	 x11:0x00000000  x2=0x00000001
     199525.000 ns	     19951	800041f0	01553a33	sltu	x20,x10,x21	 x10:0x00000000 x21:0x80041024 x20=0x00000001
     199535.000 ns	     19952	800041f4	40eb8733	sub	x14,x23,x14	 x23:0x00000000 x14:0x00000000 x14=0x00000000
     199555.000 ns	     19954	800041f8	a1c7aa53	feq.s	x20,f15,f28	 f15:0xa91af0f4 f28:0xcf7ffff9 x20=0x00000000
     199585.000 ns	     19957	800041fc	21ca82d3	fsgnj.s	f5,f21,f28	 f21:0x4f7fffff f28:0xcf7ffff9  f5=0xcf7fffff
     199615.000 ns	     19960	80004200	a0702453	feq.s	x8,f0,f7	  f0:0x00000000  f7:0x00000000  x8=0x00000001
     199645.000 ns	     19963	80004204	a040abd3	feq.s	x23,f1,f4	  f1:0xcf7ffff9  f4:0x00000000 x23=0x00000000
     199665.000 ns	     19965	80004208	9536c293	xori	x5,x13,-1709	 x13:0x80041024  x5=0x7ffbe977
     199675.000 ns	     19966	8000420c	feb1a217	auipc	x4,0xfeb1a	  x4=0x7eb1e20c
     199695.000 ns	     19968	80004210	02645c33	divu	x24,x8,x6	  x8:0x00000001  x6:0x00000000 x24=0xffffffff
     200065.000 ns	     20005	80004214	024873b3	remu	x7,x16,x4	 x16:0x00000000  x4:0x7ffbefdc  x7=0x00000000
     200435.000 ns	     20042	80004218	02995b33	divu	x22,x18,x9	 x18:0x2fc20810  x9:0x80040fe4 x22=0x00000000
     200455.000 ns	     20044	8000421c	01ed2e33	slt	x28,x26,x30	 x26:0x00000000 x30:0x00000000 x28=0x00000000
     200465.000 ns	     20045	80004220	01a48b33	add	x22,x9,x26	  x9:0x80040fe4 x26:0x00000000 x22=0x80040fe4
     200485.000 ns	     20047	80004224	e0081fd3	fclass.s	x31,f16	 f16:0x4e990800 x31=0x00000040
     200505.000 ns	     20049	80004228	00d8e033	or	x0,x17,x13	 x17:0x00000000 x13:0x80041024
     200515.000 ns	     20050	8000422c	bbc36713	ori	x14,x6,-1092	  x6:0x00000000 x14=0xfffffbbc
     200535.000 ns	     20052	80004230	a12c9dd3	flt.s	x27,f25,f18	 f25:0x47a17d65 f18:0x7fc00000 x27=0x00000000
     200565.000 ns	     20055	80004234	219896d3	fsgnjn.s	f13,f17,f25	 f17:0x00000000 f25:0x47a17d65 f13=0x80000000
     200595.000 ns	     20058	80004238	0272cb33	div	x22,x5,x7	  x5:0x7ffbe977  x7:0x00000000 x22=0xffffffff
     200615.000 ns	     20060	8000423c	00e4ffb3	and	x31,x9,x14	  x9:0x80040fe4 x14:0xfffffbbc x31=0x80040ba4
     200625.000 ns	     20061	80004240	01413bb3	sltu	x23,x2,x20	  x2:0x00000001 x20:0x00000000 x23=0x00000000
     200645.000 ns	     20063	80004244	03a44a33	div	x20,x8,x26	  x8:0x00000001 x26:0x00000000 x20=0xffffffff
     200665.000 ns	     20065	80004248	40d6dd93	srai	x27,x13,0xd	 x13:0x80041024 x27=0xfffc0020
     200675.000 ns	     20066	8000424c	000b6533	or	x10,x22,x0	 x22:0xffffffff  x0:0x00000000 x10=0xffffffff
     200695.000 ns	     20068	80004250	28320c53	fmin.s	f24,f4,f3	  f4:0x00000000  f3:0x00000000 f24=0x00000000
     200725.000 ns	     20071	80004254	20ba94d3	fsgnjn.s	f9,f21,f11	 f21:0x4f7fffff f11:0x4e990800  f9=0xcf7fffff
     200745.000 ns	     20073	80004258	00492f33	slt	x30,x18,x4	 x18:0x2fc20810  x4:0x7eb1e20c x30=0x00000001
     200755.000 ns	     20074	8000425c	01d9db13	srli	x22,x19,0x1d	 x19:0x5f841000 x22=0x00000002
     200795.000 ns	     20078	80004260	01ea75d3	fadd.s	f11,f20,f30	 f20:0x7fc00000 f30:0x80000000 f11=0x7fc00000
     200815.000 ns	     20080	80004264	00936f33	or	x30,x6,x9	  x6:0x00000000  x9:0x80040fe4 x30=0x80040fe4
     200835.000 ns	     20082	80004268	a00f1fd3	flt.s	x31,f30,f0	 f30:0x80000000  f0:0x00000000 x31=0x00000000
     200865.000 ns	     20085	8000426c	a0388053	fle.s	x0,f17,f3	 f17:0x00000000  f3:0x00000000
     200885.000 ns	     20087	80004270	0144a133	slt	x2,x9,x20	  x9:0x80040fe4 x20:0xffffffff  x2=0x00000001
     200905.000 ns	     20089	80004274	e00a1e53	fclass.s	x28,f20	 f20:0x7fc00000 x28=0x00000200
     200925.000 ns	     20091	80004278	00519033	sll	x0,x3,x5	  x3:0xffffffff  x5:0x7ffbe977
     200945.000 ns	     20093	8000427c	c01aa053	fcvt.wu.s	x0,f21	 f21:0x4f7fffff
     200975.000 ns	     20096	80004280	213619d3	fsgnjn.s	f19,f12,f19	 f12:0x00000000 f19:0x3f800000 f19=0x80000000
     200995.000 ns	     20098	80004284	a96d3d37	lui	x26,0xa96d3	 x26=0xa96d3000
     201005.000 ns	     20099	80004288	2d964813	xori	x16,x12,729	 x12:0x5f841021 x16=0x5f8412f8
     201025.000 ns	     20101	8000428c	02a91833	mulh	x16,x18,x10	 x18:0x2fc20810 x10:0xffffffff x16=0xffffffff
     201055.000 ns	     20104	80004290	038a1233	mulh	x4,x20,x24	 x20:0xffffffff x24:0xffffffff  x4=0x00000000
     201085.000 ns	     20107	80004294	21050f53	fsgnj.s	f30,f10,f16	 f10:0x5e190325 f16:0x4e990800 f30=0x5e190325
     201105.000 ns	     20109	80004298	41adda33	sra	x20,x27,x26	 x27:0xfffc0020 x26:0xa96d3000 x20=0xfffc0020
     201115.000 ns	     20110	8000429c	0080e733	or	x14,x1,x8	  x1:0x000000d6  x8:0x00000001 x14=0x000000d7
     201125.000 ns	     20111	800042a0	0082f2b3	and	x5,x5,x8	  x5:0x7ffbe977  x8:0x00000001  x5=0x00000001
     201165.000 ns	     20115	800042a4	09a4fad3	fsub.s	f21,f9,f26	  f9:0xcf7fffff f26:0x4e990800 f21=0xcfa641ff
     201185.000 ns	     20117	800042a8	85cbfd97	auipc	x27,0x85cbf	 x27=0x05cc32a8
     201195.000 ns	     20118	800042ac	69723613	sltiu	x12,x4,1687	  x4:0x00000000 x12=0x00000001
     201225.000 ns	     20121	800042b0	5803fdd3	fsqrt.s	f27,f7	  f7:0x00000000 f27=0x00000000
     201255.000 ns	     20124	800042b4	03f0f533	remu	x10,x1,x31	  x1:0x000000d6 x31:0x00000000 x10=0x000000d6
     201275.000 ns	     20126	800042b8	01da90b3	sll	x1,x21,x29	 x21:0x80041024 x29:0x00000001  x1=0x00082048
     201295.000 ns	     20128	800042bc	030f83b3	mul	x7,x31,x16	 x31:0x00000000 x16:0xffffffff  x7=0x00000000
     201665.000 ns	     20165	800042c0	0234c6b3	div	x13,x9,x3	  x9:0x80040fe4  x3:0xffffffff x13=0x7ffbf01c
     201685.000 ns	     20167	800042c4	33537b37	lui	x22,0x33537	 x22=0x33537000
     201695.000 ns	     20168	800042c8	81c97b93	andi	x23,x18,-2020	 x18:0x2fc20810 x23=0x2fc20810
     201705.000 ns	     20169	800042cc	fb4d6813	ori	x16,x26,-76	 x26:0xa96d3000 x16=0xffffffb4
     201745.000 ns	     20173	800042d0	01e1cdd3	fadd.s	f27,f3,f30	  f3:0x00000000 f30:0x5e190325 f27=0x5e190325
     201775.000 ns	     20176	800042d4	d01d7c53	fcvt.s.wu	f24,x26	 x26:0xa96d3000 f24=0x4f296d30
     201805.000 ns	     20179	800042d8	21a6a253	fsgnjx.s	f4,f13,f26	 f13:0x80000000 f26:0x4e990800  f4=0x80000000
     201835.000 ns	     20182	800042dc	211e9753	fsgnjn.s	f14,f29,f17	 f29:0x7f800000 f17:0x00000000 f14=0xff800000
     201855.000 ns	     20184	800042e0	00b31393	slli	x7,x6,0xb	  x6:0x00000000  x7=0x00000000
     201875.000 ns	     20186	800042e4	d013f4d3	fcvt.s.wu	f9,x7	  x7:0x00000000  f9=0x00000000
     201905.000 ns	     20189	800042e8	20359ad3	fsgnjn.s	f21,f11,f3	 f11:0x7fc00000  f3:0x00000000 f21=0xffc00000
     203085.000 ns	     20307	800042ec	580c0dd3	fsqrt.s	f27,f24	 f24:0x4f296d30 f27=0x46ef9a88
     203455.000 ns	     20344	800042f0	02ddf7b3	remu	x15,x27,x13	 x27:0x05cc32a8 x13:0x7ffbf01c x15=0x05cc32a8
     203485.000 ns	     20347	800042f4	02c09c33	mulh	x24,x1,x12	  x1:0x00082048 x12:0x00000001 x24=0x00000000
     203505.000 ns	     20349	800042f8	0026df13	srli	x30,x13,0x2	 x13:0x7ffbf01c x30=0x1ffefc07
     203515.000 ns	     20350	800042fc	0008ceb3	xor	x29,x17,x0	 x17:0x00000000  x0:0x00000000 x29=0x00000000
     203525.000 ns	     20351	80004300	0139feb3	and	x29,x19,x19	 x19:0x5f841000 x19:0x5f841000 x29=0x5f841000
     203535.000 ns	     20352	80004304	0137f233	and	x4,x15,x19	 x15:0x05cc32a8 x19:0x5f841000  x4=0x05841000
     203555.000 ns	     20354	80004308	f00a8f53	fmv.w.x	f30,x21	 x21:0x80041024 f30=0x80041024
     203575.000 ns	     20356	8000430c	1cdce897	auipc	x17,0x1cdce	 x17=0x9cdd230c
     203935.000 ns	     20392	80004310	0214f9b3	remu	x19,x9,x1	  x9:0x80040fe4  x1:0x00082048 x19=0x0007a1e4
     203965.000 ns	     20395	80004314	e0069153	fclass.s	x2,f13	 f13:0x80000000  x2=0x00000008
     203995.000 ns	     20398	80004318	c00d9853	fcvt.w.s	x16,f27	 f27:0x46ef9a88 x16=0x000077cd
     204025.000 ns	     20401	8000431c	a04fa653	feq.s	x12,f31,f4	 f31:0x7fc00000  f4:0x80000000 x12=0x00000000
     204055.000 ns	     20404	80004320	c00d76d3	fcvt.w.s	x13,f26	 f26:0x4e990800 x13=0x4c840000
     204085.000 ns	     20407	80004324	03559c33	mulh	x24,x11,x21	 x11:0x00000000 x21:0x80041024 x24=0x00000000
     204115.000 ns	     20410	80004328	027e4fb3	div	x31,x28,x7	 x28:0x00000200  x7:0x00000000 x31=0xffffffff
     204155.000 ns	     20414	8000432c	10dbf353	fmul.s	f6,f23,f13	 f23:0x4f7fffff f13:0x80000000  f6=0x80000000
     204175.000 ns	     20416	80004330	32804a13	xori	x20,x0,808	  x0:0x00000000 x20=0x00000328
     204195.000 ns	     20418	80004334	20ef0c53	fsgnj.s	f24,f30,f14	 f30:0x80041024 f14:0xff800000 f24=0x80041024
     204225.000 ns	     20421	80004338	0251a8b3	mulhsu	x17,x3,x5	  x3:0xffffffff  x5:0x00000001 x17=0xffffffff
     204245.000 ns	     20423	8000433c	011e6eb3	or	x29,x28,x17	 x28:0x00000200 x17:0x9cdd230c x29=0xffffffff
     204265.000 ns	     20425	80004340	c013fdd3	fcvt.wu.s	x27,f7	  f7:0x00000000 x27=0x00000000
     204285.000 ns	     20427	80004344	7eb5ba13	sltiu	x20,x11,2027	 x11:0x00000000 x20=0x00000001
     204295.000 ns	     20428	80004348	446d0eb7	lui	x29,0x446d0	 x29=0x446d0000
     204305.000 ns	     20429	8000434c	10ef2c13	slti	x24,x30,270	 x30:0x1ffefc07 x24=0x00000000
     204325.000 ns	     20431	80004350	a0741f53	flt.s	x30,f8,f7	  f8:0x7fc00000  f7:0x00000000 x30=0x00000000
     204345.000 ns	     20433	80004354	0043ec33	or	x24,x7,x4	  x7:0x00000000  x4:0x05841000 x24=0x05841000
     204355.000 ns	     20434	80004358	7079f697	auipc	x13,0x7079f	 x13=0xf07a3358
     204375.000 ns	     20436	8000435c	a0881453	flt.s	x8,f16,f8	 f16:0x4e990800  f8:0x7fc00000  x8=0x00000000
     204395.000 ns	     20438	80004360	0099d413	srli	x8,x19,0x9	 x19:0x0007a1e4  x8=0x000003d0
     204755.000 ns	     20474	80004364	036dcbb3	div	x23,x27,x22	 x27:0x00000000 x22:0x33537000 x23=0x00000000
     204775.000 ns	     20476	80004368	00f21bb3	sll	x23,x4,x15	  x4:0x05841000 x15:0x05cc32a8 x23=0x84100000
     204795.000 ns	     20478	8000436c	02c93d33	mulhu	x26,x18,x12	 x18:0x2fc20810 x12:0x00000000 x26=0x00000000
     204845.000 ns	     20483	80004370	09f071d3	fsub.s	f3,f0,f31	  f0:0x00000000 f31:0x7fc00000  f3=0x7fc00000
     204865.000 ns	     20485	80004374	f50b7e13	andi	x28,x22,-176	 x22:0x33537000 x28=0x33537000
     204885.000 ns	     20487	80004378	02fc0633	mul	x12,x24,x15	 x24:0x05841000 x15:0x05cc32a8 x12=0x29ca8000
     204935.000 ns	     20492	8000437c	001e71d3	fadd.s	f3,f28,f1	 f28:0xcf7ffff9  f1:0xcf7ffff9  f3=0xcffffff9
     204955.000 ns	     20494	80004380	da51b693	sltiu	x13,x3,-603	  x3:0xffffffff x13=0x00000000
     204985.000 ns	     20497	80004384	11e0a853	fmul.s	f16,f1,f30	  f1:0xcf7ffff9 f30:0x80041024 f16=0x0e02047c
     205015.000 ns	     20500	80004388	a03c9453	flt.s	x8,f25,f3	 f25:0x47a17d65  f3:0xcffffff9  x8=0x00000000
     205045.000 ns	     20503	8000438c	284a1253	fmax.s	f4,f20,f4	 f20:0x7fc00000  f4:0x80000000  f4=0x80000000
     205085.000 ns	     20507	80004390	58002cd3	fsqrt.s	f25,f0	  f0:0x00000000 f25=0x00000000
     205105.000 ns	     20509	80004394	0029a833	slt	x16,x19,x2	 x19:0x0007a1e4  x2:0x00000008 x16=0x00000000
     205115.000 ns	     20510	80004398	402fbf17	auipc	x30,0x402fb	 x30=0xc02ff398
     205135.000 ns	     20512	8000439c	a1501e53	flt.s	x28,f0,f21	  f0:0x00000000 f21:0xffc00000 x28=0x00000000
     205165.000 ns	     20515	800043a0	209c1f53	fsgnjn.s	f30,f24,f9	 f24:0x80041024  f9:0x00000000 f30=0x80041024
     205195.000 ns	     20518	800043a4	a1d1a653	feq.s	x12,f3,f29	  f3:0xcffffff9 f29:0x7f800000 x12=0x00000000
     205215.000 ns	     20520	800043a8	974f6813	ori	x16,x30,-1676	 x30:0xc02ff398 x16=0xfffffbfc
     205225.000 ns	     20521	800043ac	e7a3d737	lui	x14,0xe7a3d	 x14=0xe7a3d000
     205245.000 ns	     20523	800043b0	e00e0153	fmv.x.w	x2,f28	 f28:0xcf7ffff9  x2=0xcf7ffff9
     205275.000 ns	     20526	800043b4	026769b3	rem	x19,x14,x6	 x14:0x000000d7  x6:0x00000000 x19=0xe7a3d000
     205295.000 ns	     20528	800043b8	a79295b7	lui	x11,0xa7929	 x11=0xa7929000
     205305.000 ns	     20529	800043bc	02982b93	slti	x23,x16,41	 x16:0xfffffbfc x23=0x00000001
     205325.000 ns	     20531	800043c0	c010b653	fcvt.wu.s	x12,f1	  f1:0xcf7ffff9 x12=0xfffff900
     205355.000 ns	     20534	800043c4	d011ff53	fcvt.s.wu	f30,x3	  x3:0xffffffff f30=0x4f7fffff
     205375.000 ns	     20536	800043c8	01fcd193	srli	x3,x25,0x1f	 x25:0x9a07254c  x3=0x00000001
     205385.000 ns	     20537	800043cc	01f18bb3	add	x23,x3,x31	  x3:0xffffffff x31:0xffffffff x23=0x00000000
     205395.000 ns	     20538	800043d0	00000013	addi	x0,x0,0	  x0:0x00000000
     205405.000 ns	     20539	800043d4	33076813	ori	x16,x14,816	 x14:0xe7a3d000 x16=0xe7a3d330
     205425.000 ns	     20541	800043d8	28c90553	fmin.s	f10,f18,f12	 f18:0x7fc00000 f12:0x00000000 f10=0x00000000
     205445.000 ns	     20543	800043dc	459b7813	andi	x16,x22,1113	 x22:0x33537000 x16=0x00000000
     205455.000 ns	     20544	800043e0	01f493b3	sll	x7,x9,x31	  x9:0x80040fe4 x31:0xffffffff  x7=0x00000000
     205475.000 ns	     20546	800043e4	a1d31a53	flt.s	x20,f6,f29	  f6:0x80000000 f29:0x7f800000 x20=0x00000001
     205505.000 ns	     20549	800043e8	f0008d53	fmv.w.x	f26,x1	  x1:0x00082048 f26=0x00082048
     205535.000 ns	     20552	800043ec	d0097653	fcvt.s.w	f12,x18	 x18:0x2fc20810 f12=0x4e3f0820
     205555.000 ns	     20554	800043f0	3c1ff313	andi	x6,x31,961	 x31:0xffffffff  x6=0x000003c1
     205585.000 ns	     20557	800043f4	119f99d3	fmul.s	f19,f31,f25	 f31:0x7fc00000 f25:0x00000000 f19=0x7fc00000
     205615.000 ns	     20560	800043f8	a0d39953	flt.s	x18,f7,f13	  f7:0x00000000 f13:0x80000000 x18=0x00000000
     205645.000 ns	     20563	800043fc	286c1153	fmax.s	f2,f24,f6	 f24:0x80041024  f6:0x80000000  f2=0x80000000
     205665.000 ns	     20565	80004400	40b486b3	sub	x13,x9,x11	  x9:0x80040fe4 x11:0xa7929000 x13=0xd8717fe4
     205675.000 ns	     20566	80004404	990a4e13	xori	x28,x20,-1648	 x20:0x00000001 x28=0xfffff991
     205695.000 ns	     20568	80004408	21240c53	fsgnj.s	f24,f8,f18	  f8:0x7fc00000 f18:0x7fc00000 f24=0x7fc00000
     205715.000 ns	     20570	8000440c	009c7d33	and	x26,x24,x9	 x24:0x05841000  x9:0x80040fe4 x26=0x00040000
     205725.000 ns	     20571	80004410	050f4b93	xori	x23,x30,80	 x30:0xc02ff398 x23=0xc02ff3c8
     205735.000 ns	     20572	80004414	0772e213	ori	x4,x5,119	  x5:0x00000001  x4=0x00000077
     205745.000 ns	     20573	80004418	357ae793	ori	x15,x21,855	 x21:0x80041024 x15=0x80041377
     205765.000 ns	     20575	8000441c	20be2053	fsgnjx.s	f0,f28,f11	 f28:0xcf7ffff9 f11:0x7fc00000  f0=0xcf7ffff9
     205795.000 ns	     20578	80004420	c00d4c53	fcvt.w.s	x24,f26	 f26:0x00082048 x24=0x00000000
     205825.000 ns	     20581	80004424	030478b3	remu	x17,x8,x16	  x8:0x00000000 x16:0x00000000 x17=0x00000000
     205845.000 ns	     20583	80004428	015dc533	xor	x10,x27,x21	 x27:0x00000000 x21:0x80041024 x10=0x80041024
     205855.000 ns	     20584	8000442c	99b76113	ori	x2,x14,-1637	 x14:0xe7a3d000  x2=0xfffff99b
     205865.000 ns	     20585	80004430	6ba00f93	addi	x31,x0,1722	  x0:0x00000000 x31=0x000006ba
     205875.000 ns	     20586	80004434	003781b3	add	x3,x15,x3	 x15:0x80041377  x3:0x00000001  x3=0x80041378
     205885.000 ns	     20587	80004438	0028a333	slt	x6,x17,x2	 x17:0x00000000  x2:0xfffff99b  x6=0x00000000
     205895.000 ns	     20588	8000443c	a5cc4613	xori	x12,x24,-1444	 x24:0x00000000 x12=0xfffffa5c
     205905.000 ns	     20589	80004440	4102b413	sltiu	x8,x5,1040	  x5:0x00000001  x8=0x00000001
     205915.000 ns	     20590	80004444	00955d13	srli	x26,x10,0x9	 x10:0x80041024 x26=0x00400208
     205925.000 ns	     20591	80004448	00409b13	slli	x22,x1,0x4	  x1:0x00082048 x22=0x00820480
     205965.000 ns	     20595	8000444c	09a17b53	fsub.s	f22,f2,f26	  f2:0x80000000 f26:0x00082048 f22=0x80082048
     205985.000 ns	     20597	80004450	01a7e8b3	or	x17,x15,x26	 x15:0x80041377 x26:0x00400208 x17=0x8044137f
     206015.000 ns	     20600	80004454	5806f353	fsqrt.s	f6,f13	 f13:0x80000000  f6=0x80000000
     206035.000 ns	     20602	80004458	3788a793	slti	x15,x17,888	 x17:0x00000000 x15=0x00000001
     206045.000 ns	     20603	8000445c	01803f33	sltu	x30,x0,x24	  x0:0x00000000 x24:0x00000000 x30=0x00000000
     206065.000 ns	     20605	80004460	219b1753	fsgnjn.s	f14,f22,f25	 f22:0x80082048 f25:0x00000000 f14=0x80082048
     206085.000 ns	     20607	80004464	01e05fb3	srl	x31,x0,x30	  x0:0x00000000 x30:0xc02ff398 x31=0x00000000
     206415.000 ns	     20640	80004468	18ef7e53	fdiv.s	f28,f30,f14	 f30:0x4f7fffff f14:0x80082048 f28=0xff800000
     206445.000 ns	     20643	8000446c	03558c33	mul	x24,x11,x21	 x11:0xa7929000 x21:0x80041024 x24=0xf99c4000
     206475.000 ns	     20646	80004470	f00009d3	fmv.w.x	f19,x0	  x0:0x00000000 f19=0x00000000
     206505.000 ns	     20649	80004474	a1608dd3	fle.s	x27,f1,f22	  f1:0xcf7ffff9 f22:0x80082048 x27=0x00000001
     206535.000 ns	     20652	80004478	d005ac53	fcvt.s.w	f24,x11	 x11:0xa7929000 f24=0xceb0dae0
     206575.000 ns	     20656	8000447c	18f8be53	fdiv.s	f28,f17,f15	 f17:0x00000000 f15:0xa91af0f4 f28=0x80000000
     206595.000 ns	     20658	80004480	00e9f733	and	x14,x19,x14	 x19:0xe7a3d000 x14:0xe7a3d000 x14=0xe7a3d000
     206605.000 ns	     20659	80004484	0187c133	xor	x2,x15,x24	 x15:0x00000001 x24:0xf99c4000  x2=0xf99c4001
     206615.000 ns	     20660	80004488	8929a713	slti	x14,x19,-1902	 x19:0xe7a3d000 x14=0x00000001
     206635.000 ns	     20662	8000448c	a10e02d3	fle.s	x5,f28,f16	 f28:0x80000000 f16:0x0e02047c  x5=0x00000001
     206655.000 ns	     20664	80004490	ce567c13	andi	x24,x12,-795	 x12:0xfffffa5c x24=0xfffff844
     206665.000 ns	     20665	80004494	00ebebb3	or	x23,x23,x14	 x23:0xc02ff3c8 x14:0x00000001 x23=0xc02ff3c9
     207025.000 ns	     20701	80004498	028650b3	divu	x1,x12,x8	 x12:0xfffffa5c  x8:0x00000001  x1=0xfffffa5c
     207055.000 ns	     20704	8000449c	a1149953	flt.s	x18,f9,f17	  f9:0x00000000 f17:0x00000000 x18=0x00000000
     207075.000 ns	     20706	800044a0	41dc07b3	sub	x15,x24,x29	 x24:0xfffff844 x29:0x446d0000 x15=0xbb92f844
     207095.000 ns	     20708	800044a4	a15423d3	feq.s	x7,f8,f21	  f8:0x7fc00000 f21:0xffc00000  x7=0x00000000
     207125.000 ns	     20711	800044a8	03d38033	mul	x0,x7,x29	  x7:0x00000000 x29:0x446d0000
     207155.000 ns	     20714	800044ac	a1ddabd3	feq.s	x23,f27,f29	 f27:0x46ef9a88 f29:0x7f800000 x23=0x00000000
     207175.000 ns	     20716	800044b0	010f1fb3	sll	x31,x30,x16	 x30:0x00000000 x16:0x00000000 x31=0x00000000
     207205.000 ns	     20719	800044b4	580af453	fsqrt.s	f8,f21	 f21:0xffc00000  f8=0x7fc00000
     207255.000 ns	     20724	800044b8	015cf253	fadd.s	f4,f25,f21	 f25:0x00000000 f21:0xffc00000  f4=0x7fc00000
     207275.000 ns	     20726	800044bc	0160a933	slt	x18,x1,x22	  x1:0xfffffa5c x22:0x00820480 x18=0x00000001
     207285.000 ns	     20727	800044c0	e5dfb317	auipc	x6,0xe5dfb	  x6=0x65dff4c0
     207305.000 ns	     20729	800044c4	20c21d53	fsgnjn.s	f26,f4,f12	  f4:0x7fc00000 f12:0x4e3f0820 f26=0xffc00000
     207325.000 ns	     20731	800044c8	45842d13	slti	x26,x8,1112	  x8:0x00000001 x26=0x00000001
     207365.000 ns	     20735	800044cc	08e09ad3	fsub.s	f21,f1,f14	  f1:0xcf7ffff9 f14:0x80082048 f21=0xcf7ffff9
     207385.000 ns	     20737	800044d0	5eeeb793	sltiu	x15,x29,1518	 x29:0x446d0000 x15=0x00000000
     207395.000 ns	     20738	800044d4	417c50b3	sra	x1,x24,x23	 x24:0xfffff844 x23:0x00000000  x1=0xfffff844
     207415.000 ns	     20740	800044d8	e00e1453	fclass.s	x8,f28	 f28:0x80000000  x8=0x00000008
     207465.000 ns	     20745	800044dc	00ebfc53	fadd.s	f24,f23,f14	 f23:0x4f7fffff f14:0x80082048 f24=0x4f7fffff
     207495.000 ns	     20748	800044e0	025b85b3	mul	x11,x23,x5	 x23:0x00000000  x5:0x00000001 x11=0x00000000
     207525.000 ns	     20751	800044e4	03f497b3	mulh	x15,x9,x31	  x9:0x80040fe4 x31:0x00000000 x15=0x00000000
     207545.000 ns	     20753	800044e8	2b14a193	slti	x3,x9,689	  x9:0x80040fe4  x3=0x00000001
     207905.000 ns	     20789	800044ec	03b3c2b3	div	x5,x7,x27	  x7:0x00000000 x27:0x00000001  x5=0x00000000
     207925.000 ns	     20791	800044f0	000247b3	xor	x15,x4,x0	  x4:0x00000077  x0:0x00000000 x15=0x00000077
     207955.000 ns	     20794	800044f4	11cd3b53	fmul.s	f22,f26,f28	 f26:0xffc00000 f28:0x80000000 f22=0x7fc00000
     207995.000 ns	     20798	800044f8	102a7b53	fmul.s	f22,f20,f2	 f20:0x7fc00000  f2:0x80000000 f22=0x7fc00000
     208015.000 ns	     20800	800044fc	95e9a8b7	lui	x17,0x95e9a	 x17=0x95e9a000
     208025.000 ns	     20801	80004500	b0f4ee13	ori	x28,x9,-1265	  x9:0x80040fe4 x28=0xffffffef
     208035.000 ns	     20802	80004504	00b392b3	sll	x5,x7,x11	  x7:0x00000000 x11:0x00000000  x5=0x00000000
     208045.000 ns	     20803	80004508	83f23113	sltiu	x2,x4,-1985	  x4:0x00000077  x2=0x00000001
     208075.000 ns	     20806	8000450c	11fdf4d3	fmul.s	f9,f27,f31	 f27:0x46ef9a88 f31:0x7fc00000  f9=0x7fc00000
     208095.000 ns	     20808	80004510	ed342693	slti	x13,x8,-301	  x8:0x00000008 x13=0x00000000
     208455.000 ns	     20844	80004514	036fcbb3	div	x23,x31,x22	 x31:0x00000000 x22:0x00820480 x23=0x00000000
     208485.000 ns	     20847	80004518	d00471d3	fcvt.s.w	f3,x8	  x8:0x00000008  f3=0x41000000
     208505.000 ns	     20849	8000451c	00471513	slli	x10,x14,0x4	 x14:0x00000001 x10=0x00000010
     208515.000 ns	     20850	80004520	01aca833	slt	x16,x25,x26	 x25:0x9a07254c x26:0x00000001 x16=0x00000001
     208525.000 ns	     20851	80004524	7d233413	sltiu	x8,x6,2002	  x6:0x65dff4c0  x8=0x00000000
     208545.000 ns	     20853	80004528	285e9453	fmax.s	f8,f29,f5	 f29:0x7f800000  f5:0xcf7fffff  f8=0x7f800000
     208565.000 ns	     20855	8000452c	9e2f57b7	lui	x15,0x9e2f5	 x15=0x9e2f5000
     208595.000 ns	     20858	80004530	58057ed3	fsqrt.s	f29,f10	 f10:0x00000000 f29=0x00000000
     208625.000 ns	     20861	80004534	d00afc53	fcvt.s.w	f24,x21	 x21:0x80041024 f24=0xcefff7df
     208655.000 ns	     20864	80004538	c0178653	fcvt.wu.s	x12,f15	 f15:0xa91af0f4 x12=0x00000000
     208675.000 ns	     20866	8000453c	00050eb3	add	x29,x10,x0	 x10:0x00000010  x0:0x00000000 x29=0x00000010
     208685.000 ns	     20867	80004540	0190d293	srli	x5,x1,0x19	  x1:0xfffff844  x5=0x0000007f
     208695.000 ns	     20868	80004544	016a3933	sltu	x18,x20,x22	 x20:0x00000001 x22:0x00820480 x18=0x00000001
     208715.000 ns	     20870	80004548	c00cfed3	fcvt.w.s	x29,f25	 f25:0x00000000 x29=0x00000000
     208735.000 ns	     20872	8000454c	01ea3233	sltu	x4,x20,x30	 x20:0x00000001 x30:0x00000000  x4=0x00000000
     208745.000 ns	     20873	80004550	536b4397	auipc	x7,0x536b4	  x7=0xd36b8550
     208765.000 ns	     20875	80004554	e0009ed3	fclass.s	x29,f1	  f1:0xcf7ffff9 x29=0x00000002
     208785.000 ns	     20877	80004558	414e5133	sra	x2,x28,x20	 x28:0xffffffef x20:0x00000001  x2=0xfffffff7
     208795.000 ns	     20878	8000455c	01ee1d13	slli	x26,x28,0x1e	 x28:0xffffffef x26=0xc0000000
     208815.000 ns	     20880	80004560	e0070fd3	fmv.x.w	x31,f14	 f14:0x80082048 x31=0x80082048
     208835.000 ns	     20882	80004564	002f7eb3	and	x29,x30,x2	 x30:0x00000000  x2:0xfffffff7 x29=0x00000000
     208855.000 ns	     20884	80004568	02031333	mulh	x6,x6,x0	  x6:0x65dff4c0  x0:0x00000000  x6=0x00000000
     208885.000 ns	     20887	8000456c	02ced033	divu	x0,x29,x12	 x29:0x00000002 x12:0x00000000
     208905.000 ns	     20889	80004570	01098a33	add	x20,x19,x16	 x19:0xe7a3d000 x16:0x00000001 x20=0xe7a3d001
     208925.000 ns	     20891	80004574	a1cb98d3	flt.s	x17,f23,f28	 f23:0x4f7fffff f28:0x80000000 x17=0x00000000
     208955.000 ns	     20894	80004578	03e70b33	mul	x22,x14,x30	 x14:0x00000001 x30:0x00000000 x22=0x00000000
     208975.000 ns	     20896	8000457c	468a7213	andi	x4,x20,1128	 x20:0xe7a3d001  x4=0x00000000
     208995.000 ns	     20898	80004580	0310adb3	mulhsu	x27,x1,x17	  x1:0xfffff844 x17:0x00000000 x27=0x00000000
     209035.000 ns	     20902	80004584	107848d3	fmul.s	f17,f16,f7	 f16:0x0e02047c  f7:0x00000000 f17=0x00000000
     209055.000 ns	     20904	80004588	011b5d33	srl	x26,x22,x17	 x22:0x00000000 x17:0x00000000 x26=0x00000000
     209095.000 ns	     20908	8000458c	09c877d3	fsub.s	f15,f16,f28	 f16:0x0e02047c f28:0x80000000 f15=0x0e02047c
     209115.000 ns	     20910	80004590	40395093	srai	x1,x18,0x3	 x18:0x00000001  x1=0x00000000
     209125.000 ns	     20911	80004594	b72a4537	lui	x10,0xb72a4	 x10=0xb72a4000
     209135.000 ns	     20912	80004598	4175d0b3	sra	x1,x11,x23	 x11:0x00000000 x23:0x00000000  x1=0x00000000
     209155.000 ns	     20914	8000459c	0380aeb3	mulhsu	x29,x1,x24	  x1:0x00000000 x24:0xfffff844 x29=0x00000000
     209175.000 ns	     20916	800045a0	0094b033	sltu	x0,x9,x9	  x9:0x80040fe4  x9:0x80040fe4
     209195.000 ns	     20918	800045a4	a14b2fd3	feq.s	x31,f22,f20	 f22:0x7fc00000 f20:0x7fc00000 x31=0x00000000
     209215.000 ns	     20920	800045a8	00f99693	slli	x13,x19,0xf	 x19:0xe7a3d000 x13=0xe8000000
     209235.000 ns	     20922	800045ac	f00c83d3	fmv.w.x	f7,x25	 x25:0x9a07254c  f7=0x9a07254c
     209265.000 ns	     20925	800045b0	d010c5d3	fcvt.s.wu	f11,x1	  x1:0x00000000 f11=0x00000000
     209285.000 ns	     20927	800045b4	3fadac37	lui	x24,0x3fada	 x24=0x3fada000
     209295.000 ns	     20928	800045b8	07b3c593	xori	x11,x7,123	  x7:0xd36b8550 x11=0xd36b852b
     209305.000 ns	     20929	800045bc	01601193	slli	x3,x0,0x16	  x0:0x00000000  x3=0x00000000
     209325.000 ns	     20931	800045c0	03cd1eb3	mulh	x29,x26,x28	 x26:0x00000000 x28:0xffffffef x29=0x00000000
     209355.000 ns	     20934	800045c4	e0091dd3	fclass.s	x27,f18	 f18:0x7fc00000 x27=0x00000200
     209375.000 ns	     20936	800045c8	4b6c3313	sltiu	x6,x24,1206	 x24:0x3fada000  x6=0x00000000
     209395.000 ns	     20938	800045cc	e00a8a53	fmv.x.w	x20,f21	 f21:0xcf7ffff9 x20=0xcf7ffff9
     209425.000 ns	     20941	800045d0	a10b18d3	flt.s	x17,f22,f16	 f22:0x7fc00000 f16:0x0e02047c x17=0x00000000
     209475.000 ns	     20946	800045d4	0915cad3	fsub.s	f21,f11,f17	 f11:0x00000000 f17:0x00000000 f21=0x80000000
     209505.000 ns	     20949	800045d8	02b28833	mul	x16,x5,x11	  x5:0x0000007f x11:0xd36b852b x16=0xe2571055
     209525.000 ns	     20951	800045dc	c6ded517	auipc	x10,0xc6ded	 x10=0x46df15dc
     209545.000 ns	     20953	800045e0	21e907d3	fsgnj.s	f15,f18,f30	 f18:0x7fc00000 f30:0x4f7fffff f15=0x7fc00000
     209575.000 ns	     20956	800045e4	027cb633	mulhu	x12,x25,x7	 x25:0x9a07254c  x7:0xd36b8550 x12=0x7f3494f0
     209605.000 ns	     20959	800045e8	02044433	div	x8,x8,x0	  x8:0x00000000  x0:0x00000000  x8=0xffffffff
     209625.000 ns	     20961	800045ec	0169dc33	srl	x24,x19,x22	 x19:0xe7a3d000 x22:0x00000000 x24=0xe7a3d000
     209635.000 ns	     20962	800045f0	da354113	xori	x2,x10,-605	 x10:0x46df15dc  x2=0xb920e87f
     209645.000 ns	     20963	800045f4	2ca72e93	slti	x29,x14,714	 x14:0x00000001 x29=0x00000001
     209655.000 ns	     20964	800045f8	401d5e33	sra	x28,x26,x1	 x26:0x00000000  x1:0x00000000 x28=0x00000000
     209665.000 ns	     20965	800045fc	e7266093	ori	x1,x12,-398	 x12:0x7f3494f0  x1=0xfffffef2
     209685.000 ns	     20967	80004600	a08022d3	feq.s	x5,f0,f8	  f0:0xcf7ffff9  f8:0x7f800000  x5=0x00000000
     209735.000 ns	     20972	80004604	01864053	fadd.s	f0,f12,f24	 f12:0x4e3f0820 f24:0xcefff7df  f0=0xcea073cf
     209755.000 ns	     20974	80004608	40ab5693	srai	x13,x22,0xa	 x22:0x00000000 x13=0x00000000
     209775.000 ns	     20976	8000460c	03f0b1b3	mulhu	x3,x1,x31	  x1:0xfffffef2 x31:0x00000000  x3=0x00000000
     209805.000 ns	     20979	80004610	21081f53	fsgnjn.s	f30,f16,f16	 f16:0x0e02047c f16:0x0e02047c f30=0x8e02047c
     209835.000 ns	     20982	80004614	022c9633	mulh	x12,x25,x2	 x25:0x9a07254c  x2:0xb920e87f x12=0x1c3ae8f0
     209865.000 ns	     20985	80004618	0288bf33	mulhu	x30,x17,x8	 x17:0x00000000  x8:0xffffffff x30=0x00000000
     209885.000 ns	     20987	8000461c	00c69333	sll	x6,x13,x12	 x13:0x00000000 x12:0x1c3ae8f0  x6=0x00000000
     209895.000 ns	     20988	80004620	f98fc313	xori	x6,x31,-104	 x31:0x00000000  x6=0xffffff98
     209905.000 ns	     20989	80004624	761aef13	ori	x30,x21,1889	 x21:0x80041024 x30=0x80041765
     209915.000 ns	     20990	80004628	4074d313	srai	x6,x9,0x7	  x9:0x80040fe4  x6=0xff00081f
     209945.000 ns	     20993	8000462c	10e07ed3	fmul.s	f29,f0,f14	  f0:0xcea073cf f14:0x80082048 f29=0x0da2fb42
     209985.000 ns	     20997	80004630	580c7fd3	fsqrt.s	f31,f24	 f24:0xcefff7df f31=0x7fc00000
     210355.000 ns	     21034	80004634	0223d233	divu	x4,x7,x2	  x7:0xd36b8550  x2:0xb920e87f  x4=0x00000001
     210375.000 ns	     21036	80004638	01d69e13	slli	x28,x13,0x1d	 x13:0x00000000 x28=0x00000000
     210385.000 ns	     21037	8000463c	35c0b513	sltiu	x10,x1,860	  x1:0xfffffef2 x10=0x00000000
     210405.000 ns	     21039	80004640	f0070d53	fmv.w.x	f26,x14	 x14:0x00000001 f26=0x00000001
     210435.000 ns	     21042	80004644	20839a53	fsgnjn.s	f20,f7,f8	  f7:0x9a07254c  f8:0x7f800000 f20=0x9a07254c
     210465.000 ns	     21045	80004648	e00b91d3	fclass.s	x3,f23	 f23:0x4f7fffff  x3=0x00000040
     210495.000 ns	     21048	8000464c	03e38eb3	mul	x29,x7,x30	  x7:0xd36b8550 x30:0x80041765 x29=0x27a5c890
     210865.000 ns	     21085	80004650	0308d333	divu	x6,x17,x16	 x17:0x00000000 x16:0xe2571055  x6=0x00000000
     210905.000 ns	     21089	80004654	107b3bd3	fmul.s	f23,f22,f7	 f22:0x7fc00000  f7:0x9a07254c f23=0x7fc00000
     210925.000 ns	     21091	80004658	01f33fb3	sltu	x31,x6,x31	  x6:0x00000000 x31:0x00000000 x31=0x00000000
     211285.000 ns	     21127	8000465c	02c8c633	div	x12,x17,x12	 x17:0x00000000 x12:0x1c3ae8f0 x12=0x00000000
     211315.000 ns	     21130	80004660	a1012fd3	feq.s	x31,f2,f16	  f2:0x80000000 f16:0x0e02047c x31=0x00000000
     211335.000 ns	     21132	80004664	405bdb93	srai	x23,x23,0x5	 x23:0x00000000 x23=0x00000000
     211355.000 ns	     21134	80004668	e0099e53	fclass.s	x28,f19	 f19:0x00000000 x28=0x00000010
     211385.000 ns	     21137	8000466c	d01c74d3	fcvt.s.wu	f9,x24	 x24:0xe7a3d000  f9=0x4f67a3d0
     211405.000 ns	     21139	80004670	41f45993	srai	x19,x8,0x1f	  x8:0xffffffff x19=0xffffffff
     211415.000 ns	     21140	80004674	a46afbb7	lui	x23,0xa46af	 x23=0xa46af000
     211425.000 ns	     21141	80004678	edd87237	lui	x4,0xedd87	  x4=0xedd87000
     211435.000 ns	     21142	8000467c	01d31513	slli	x10,x6,0x1d	  x6:0x00000000 x10=0x00000000
     211445.000 ns	     21143	80004680	5d836013	ori	x0,x6,1496	  x6:0x00000000
     211455.000 ns	     21144	80004684	001ec6b3	xor	x13,x29,x1	 x29:0x27a5c890  x1:0xfffffef2 x13=0xd85a3662
     211465.000 ns	     21145	80004688	403dde33	sra	x28,x27,x3	 x27:0x00000200  x3:0x00000040 x28=0x00000200
     211485.000 ns	     21147	8000468c	d01a7253	fcvt.s.wu	f4,x20	 x20:0xcf7ffff9  f4=0x4f4f7fff
     211505.000 ns	     21149	80004690	5c3b8013	addi	x0,x23,1475	 x23:0xa46af000
     211515.000 ns	     21150	80004694	004c5eb3	srl	x29,x24,x4	 x24:0xe7a3d000  x4:0xedd87000 x29=0xe7a3d000
     211555.000 ns	     21154	80004698	08b1c6d3	fsub.s	f13,f3,f11	  f3:0x41000000 f11:0x00000000 f13=0x41000000
     211575.000 ns	     21156	8000469c	592a2113	slti	x2,x20,1426	 x20:0xcf7ffff9  x2=0x00000001
     211585.000 ns	     21157	800046a0	00b71293	slli	x5,x14,0xb	 x14:0x00000001  x5=0x00000800
     211595.000 ns	     21158	800046a4	052c71b7	lui	x3,0x52c7	  x3=0x052c7000
     211625.000 ns	     21161	800046a8	11af15d3	fmul.s	f11,f30,f26	 f30:0x8e02047c f26:0x00000001 f11=0x80000000
     211645.000 ns	     21163	800046ac	d7f0e317	auipc	x6,0xd7f0e	  x6=0x57f126ac
     211665.000 ns	     21165	800046b0	20681ed3	fsgnjn.s	f29,f16,f6	 f16:0x0e02047c  f6:0x80000000 f29=0x0e02047c
     212035.000 ns	     21202	800046b4	02954db3	div	x27,x10,x9	 x10:0x00000000  x9:0x80040fe4 x27=0x00000000
     212065.000 ns	     21205	800046b8	d002a053	fcvt.s.w	f0,x5	  x5:0x00000800  f0=0x45000000
     212115.000 ns	     21210	800046bc	01f17e53	fadd.s	f28,f2,f31	  f2:0x80000000 f31:0x7fc00000 f28=0x7fc00000
     212145.000 ns	     21213	800046c0	29db1ed3	fmax.s	f29,f22,f29	 f22:0x7fc00000 f29:0x0e02047c f29=0x0e02047c
     212175.000 ns	     21216	800046c4	e00d8d53	fmv.x.w	x26,f27	 f27:0x46ef9a88 x26=0x46ef9a88
     212205.000 ns	     21219	800046c8	28580b53	fmin.s	f22,f16,f5	 f16:0x0e02047c  f5:0xcf7fffff f22=0xcf7fffff
     212225.000 ns	     21221	800046cc	5d2f7413	andi	x8,x30,1490	 x30:0x80041765  x8=0x00000540
     212245.000 ns	     21223	800046d0	a0c887d3	fle.s	x15,f17,f12	 f17:0x00000000 f12:0x4e3f0820 x15=0x00000001
     212265.000 ns	     21225	800046d4	4064dd33	sra	x26,x9,x6	  x9:0x80040fe4  x6:0x57f126ac x26=0xfff80040
     212285.000 ns	     21227	800046d8	21ad2a53	fsgnjx.s	f20,f26,f26	 f26:0x00000001 f26:0x00000001 f20=0x00000001
     212315.000 ns	     21230	800046dc	02ace1b3	rem	x3,x25,x10	 x25:0x9a07254c x10:0x00000000  x3=0x9a07254c
     212335.000 ns	     21232	800046e0	00000013	addi	x0,x0,0	  x0:0x00000000
     212375.000 ns	     21236	800046e4	013a4cd3	fadd.s	f25,f20,f19	 f20:0x00000001 f19:0x00000000 f25=0x00000001
     212745.000 ns	     21273	800046e8	02787533	remu	x10,x16,x7	 x16:0xe2571055  x7:0xd36b8550 x10=0x0eeb8b05
     213115.000 ns	     21310	800046ec	028c5b33	divu	x22,x24,x8	 x24:0xe7a3d000  x8:0x00000540 x22=0x002c1f33
     213145.000 ns	     21313	800046f0	d01e7f53	fcvt.s.wu	f30,x28	 x28:0x00000200 f30=0x44000000
     213165.000 ns	     21315	800046f4	79d2f737	lui	x14,0x79d2f	 x14=0x79d2f000
     213175.000 ns	     21316	800046f8	c1947613	andi	x12,x8,-999	  x8:0x00000540 x12=0x00000400
     213195.000 ns	     21318	800046fc	031666b3	rem	x13,x12,x17	 x12:0x00000000 x17:0x00000000 x13=0x00000400
     213225.000 ns	     21321	80004700	03091133	mulh	x2,x18,x16	 x18:0x00000001 x16:0xe2571055  x2=0xffffffff
     213245.000 ns	     21323	80004704	41c55b33	sra	x22,x10,x28	 x10:0x0eeb8b05 x28:0x00000200 x22=0x0eeb8b05
     213285.000 ns	     21327	80004708	00e675d3	fadd.s	f11,f12,f14	 f12:0x4e3f0820 f14:0x80082048 f11=0x4e3f0820
     213315.000 ns	     21330	8000470c	215c9ed3	fsgnjn.s	f29,f25,f21	 f25:0x00000001 f21:0x80000000 f29=0x00000001
     213335.000 ns	     21332	80004710	00000013	addi	x0,x0,0	  x0:0x00000000
     213345.000 ns	     21333	80004714	01566f33	or	x30,x12,x21	 x12:0x00000400 x21:0x80041024 x30=0x80041424
     213705.000 ns	     21369	80004718	02bd4033	div	x0,x26,x11	 x26:0xfff80040 x11:0xd36b852b
     213735.000 ns	     21372	8000471c	c004f053	fcvt.w.s	x0,f9	  f9:0x4f67a3d0
     213755.000 ns	     21374	80004720	33fb7937	lui	x18,0x33fb7	 x18=0x33fb7000
     213765.000 ns	     21375	80004724	00000013	addi	x0,x0,0	  x0:0x00000000
     213795.000 ns	     21378	80004728	113d7f53	fmul.s	f30,f26,f19	 f26:0x00000001 f19:0x00000000 f30=0x00000000
     213815.000 ns	     21380	8000472c	00f6d233	srl	x4,x13,x15	 x13:0x00000400 x15:0x00000001  x4=0x00000200
     213835.000 ns	     21382	80004730	203da6d3	fsgnjx.s	f13,f27,f3	 f27:0x46ef9a88  f3:0x41000000 f13=0x46ef9a88
     213865.000 ns	     21385	80004734	28d08c53	fmin.s	f24,f1,f13	  f1:0xcf7ffff9 f13:0x41000000 f24=0xcf7ffff9
     213895.000 ns	     21388	80004738	204a29d3	fsgnjx.s	f19,f20,f4	 f20:0x00000001  f4:0x4f4f7fff f19=0x00000001
     213915.000 ns	     21390	8000473c	01137633	and	x12,x6,x17	  x6:0x57f126ac x17:0x00000000 x12=0x00000000
     214275.000 ns	     21426	80004740	033c61b3	rem	x3,x24,x19	 x24:0xe7a3d000 x19:0xffffffff  x3=0x00000000
     214305.000 ns	     21429	80004744	29ff10d3	fmax.s	f1,f30,f31	 f30:0x00000000 f31:0x7fc00000  f1=0x00000000
     215485.000 ns	     21547	80004748	58002fd3	fsqrt.s	f31,f0	  f0:0x45000000 f31=0x41b50482
     215515.000 ns	     21550	8000474c	29d10253	fmin.s	f4,f2,f29	  f2:0x80000000 f29:0x00000001  f4=0x80000000
     215545.000 ns	     21553	80004750	216127d3	fsgnjx.s	f15,f2,f22	  f2:0x80000000 f22:0xcf7fffff f15=0x00000000
     215565.000 ns	     21555	80004754	be92c2b7	lui	x5,0xbe92c	  x5=0xbe92c000
     215585.000 ns	     21557	80004758	20142353	fsgnjx.s	f6,f8,f1	  f8:0x7f800000  f1:0x00000000  f6=0x7f800000
     215605.000 ns	     21559	8000475c	edf96613	ori	x12,x18,-289	 x18:0x33fb7000 x12=0xfffffedf
     215625.000 ns	     21561	80004760	d00ff153	fcvt.s.w	f2,x31	 x31:0x00000000  f2=0x00000000
     215645.000 ns	     21563	80004764	00085eb3	srl	x29,x16,x0	 x16:0xe2571055  x0:0x00000000 x29=0xe2571055
     215655.000 ns	     21564	80004768	0120d433	srl	x8,x1,x18	  x1:0xfffffef2 x18:0x33fb7000  x8=0xfffffef2
     215665.000 ns	     21565	8000476c	00000013	addi	x0,x0,0	  x0:0x00000000
     215705.000 ns	     21569	80004770	01f893d3	fadd.s	f7,f17,f31	 f17:0x00000000 f31:0x41b50482  f7=0x41b50482
     215735.000 ns	     21572	80004774	a11c9053	flt.s	x0,f25,f17	 f25:0x00000001 f17:0x00000000
     215755.000 ns	     21574	80004778	f9c7fb93	andi	x23,x15,-100	 x15:0x00000001 x23=0x00000000
     215775.000 ns	     21576	8000477c	03bdddb3	divu	x27,x27,x27	 x27:0x00000000 x27:0x00000000 x27=0xffffffff
     215805.000 ns	     21579	80004780	023d60b3	rem	x1,x26,x3	 x26:0xfff80040  x3:0x00000000  x1=0xfff80040
     215835.000 ns	     21582	80004784	02788233	mul	x4,x17,x7	 x17:0x00000000  x7:0xd36b8550  x4=0x00000000
     215865.000 ns	     21585	80004788	216598d3	fsgnjn.s	f17,f11,f22	 f11:0x4e3f0820 f22:0xcf7fffff f17=0x4e3f0820
     215895.000 ns	     21588	8000478c	a0d3afd3	feq.s	x31,f7,f13	  f7:0x41b50482 f13:0x46ef9a88 x31=0x00000000
     215925.000 ns	     21591	80004790	03730b33	mul	x22,x6,x23	  x6:0x57f126ac x23:0x00000000 x22=0x00000000
     215955.000 ns	     21594	80004794	027d9f33	mulh	x30,x27,x7	 x27:0xffffffff  x7:0xd36b8550 x30=0x00000000
     216005.000 ns	     21599	80004798	0050f953	fadd.s	f18,f1,f5	  f1:0x00000000  f5:0xcf7fffff f18=0xcf7fffff
     216035.000 ns	     21602	8000479c	02da82b3	mul	x5,x21,x13	 x21:0x80041024 x13:0x00000400  x5=0x10409000
     216055.000 ns	     21604	800047a0	00000013	addi	x0,x0,0	  x0:0x00000000
     216065.000 ns	     21605	800047a4	00000013	addi	x0,x0,0	  x0:0x00000000
     216085.000 ns	     21607	800047a8	03201133	mulh	x2,x0,x18	  x0:0x00000000 x18:0x33fb7000  x2=0x00000000
     216455.000 ns	     21644	800047ac	02d6f233	remu	x4,x13,x13	 x13:0x00000400 x13:0x00000400  x4=0x00000000
     216825.000 ns	     21681	800047b0	038143b3	div	x7,x2,x24	  x2:0x00000000 x24:0xe7a3d000  x7=0x00000000
     216845.000 ns	     21683	800047b4	013dd113	srli	x2,x27,0x13	 x27:0xffffffff  x2=0x00001fff
     216865.000 ns	     21685	800047b8	02f02d33	mulhsu	x26,x0,x15	  x0:0x00000000 x15:0x00000001 x26=0x00000000
     216885.000 ns	     21687	800047bc	01dcab33	slt	x22,x25,x29	 x25:0x9a07254c x29:0xe2571055 x22=0x00000001
     216895.000 ns	     21688	800047c0	20954693	xori	x13,x10,521	 x10:0x0eeb8b05 x13=0x0eeb890c
     216915.000 ns	     21690	800047c4	f00982d3	fmv.w.x	f5,x19	 x19:0xffffffff  f5=0xffffffff
     216945.000 ns	     21693	800047c8	d01cc9d3	fcvt.s.wu	f19,x25	 x25:0x9a07254c f19=0x4f1a0725
     216975.000 ns	     21696	800047cc	e00a96d3	fclass.s	x13,f21	 f21:0x80000000 x13=0x00000008
     217005.000 ns	     21699	800047d0	f00502d3	fmv.w.x	f5,x10	 x10:0x0eeb8b05  f5=0x0eeb8b05
     217025.000 ns	     21701	800047d4	01def9b3	and	x19,x29,x29	 x29:0xe2571055 x29:0xe2571055 x19=0xe2571055
     217035.000 ns	     21702	800047d8	8697c013	xori	x0,x15,-1943	 x15:0x00000001
     217045.000 ns	     21703	800047dc	41c88fb3	sub	x31,x17,x28	 x17:0x00000000 x28:0x00000200 x31=0xfffffe00
     217055.000 ns	     21704	800047e0	40970db3	sub	x27,x14,x9	 x14:0x79d2f000  x9:0x80040fe4 x27=0xf9cee01c
     217075.000 ns	     21706	800047e4	28539453	fmax.s	f8,f7,f5	  f7:0x41b50482  f5:0x0eeb8b05  f8=0x41b50482
     217095.000 ns	     21708	800047e8	01ae5513	srli	x10,x28,0x1a	 x28:0x00000200 x10=0x00000000
     217455.000 ns	     21744	800047ec	02d65fb3	divu	x31,x12,x13	 x12:0xfffffedf x13:0x00000008 x31=0x1fffffdb
     217475.000 ns	     21746	800047f0	01c51813	slli	x16,x10,0x1c	 x10:0x0eeb8b05 x16=0x00000000
     217485.000 ns	     21747	800047f4	7ac10c13	addi	x24,x2,1964	  x2:0x00001fff x24=0x000027ab
     217505.000 ns	     21749	800047f8	20148b53	fsgnj.s	f22,f9,f1	  f9:0x4f67a3d0  f1:0x00000000 f22=0x4f67a3d0
     217555.000 ns	     21754	800047fc	09d78a53	fsub.s	f20,f15,f29	 f15:0x00000000 f29:0x00000001 f20=0x80000001
     217575.000 ns	     21756	80004800	018dc033	xor	x0,x27,x24	 x27:0xf9cee01c x24:0x000027ab
     217585.000 ns	     21757	80004804	40b489b3	sub	x19,x9,x11	  x9:0x80040fe4 x11:0xd36b852b x19=0xac988ab9
     217615.000 ns	     21760	80004808	11ed4cd3	fmul.s	f25,f26,f30	 f26:0x00000001 f30:0x00000000 f25=0x00000000
     217635.000 ns	     21762	8000480c	a06e2413	slti	x8,x28,-1530	 x28:0x00000200  x8=0x00000000
     217645.000 ns	     21763	80004810	4016a293	slti	x5,x13,1025	 x13:0x00000008  x5=0x00000001
     217655.000 ns	     21764	80004814	01a08e33	add	x28,x1,x26	  x1:0xfff80040 x26:0x00000000 x28=0xfff80040
     217665.000 ns	     21765	80004818	0011b933	sltu	x18,x3,x1	  x3:0x00000000  x1:0xfff80040 x18=0x00000001
     217675.000 ns	     21766	8000481c	2fdc7993	andi	x19,x24,765	 x24:0x000027ab x19=0x000002a9
     217695.000 ns	     21768	80004820	c0177053	fcvt.wu.s	x0,f14	 f14:0x80082048
     217725.000 ns	     21771	80004824	a1ff2253	feq.s	x4,f30,f31	 f30:0x00000000 f31:0x41b50482  x4=0x00000000
     217745.000 ns	     21773	80004828	4058d5b3	sra	x11,x17,x5	 x17:0x00000000  x5:0x00000001 x11=0x00000000
     217765.000 ns	     21775	8000482c	02f60bb3	mul	x23,x12,x15	 x12:0xfffffedf x15:0x00000001 x23=0xfffffedf
     217795.000 ns	     21778	80004830	e00c9453	fclass.s	x8,f25	 f25:0x00000000  x8=0x00000010
     217815.000 ns	     21780	80004834	fc6da413	slti	x8,x27,-58	 x27:0xf9cee01c  x8=0x00000001
     217825.000 ns	     21781	80004838	41bc5893	srai	x17,x24,0x1b	 x24:0x000027ab x17=0x00000000
     217835.000 ns	     21782	8000483c	010c4133	xor	x2,x24,x16	 x24:0x000027ab x16:0x00000000  x2=0x000027ab
     218195.000 ns	     21818	80004840	02287433	remu	x8,x16,x2	 x16:0x00000000  x2:0x00001fff  x8=0x00000000
     218215.000 ns	     21820	80004844	a6b53313	sltiu	x6,x10,-1429	 x10:0x00000000  x6=0x00000001
     218235.000 ns	     21822	80004848	21cda7d3	fsgnjx.s	f15,f27,f28	 f27:0x46ef9a88 f28:0x7fc00000 f15=0x46ef9a88
     218265.000 ns	     21825	8000484c	d01d7dd3	fcvt.s.wu	f27,x26	 x26:0x00000000 f27=0x00000000
     218295.000 ns	     21828	80004850	c01978d3	fcvt.wu.s	x17,f18	 f18:0xcf7fffff x17=0xffffff00
     218345.000 ns	     21833	80004854	00ff1053	fadd.s	f0,f30,f15	 f30:0x00000000 f15:0x46ef9a88  f0=0x46ef9a88
     218375.000 ns	     21836	80004858	02103eb3	mulhu	x29,x0,x1	  x0:0x00000000  x1:0xfff80040 x29=0x00000000
     218405.000 ns	     21839	8000485c	281918d3	fmax.s	f17,f18,f1	 f18:0xcf7fffff  f1:0x00000000 f17=0x00000000
     218425.000 ns	     21841	80004860	0167d233	srl	x4,x15,x22	 x15:0x00000001 x22:0x00000001  x4=0x00000000
     218435.000 ns	     21842	80004864	4124dfb3	sra	x31,x9,x18	  x9:0x80040fe4 x18:0x00000001 x31=0xc00207f2
     218445.000 ns	     21843	80004868	005cf433	and	x8,x25,x5	 x25:0x9a07254c  x5:0x00000001  x8=0x00000000
     218455.000 ns	     21844	8000486c	0b8c8b13	addi	x22,x25,184	 x25:0x9a07254c x22=0x9a072604
     218465.000 ns	     21845	80004870	1f558593	addi	x11,x11,501	 x11:0x00000000 x11=0x000001f5
     218475.000 ns	     21846	80004874	d99a1f97	auipc	x31,0xd99a1	 x31=0x599a5874
     218485.000 ns	     21847	80004878	fd2ebf37	lui	x30,0xfd2eb	 x30=0xfd2eb000
     218815.000 ns	     21880	8000487c	19401953	fdiv.s	f18,f0,f20	  f0:0x46ef9a88 f20:0x80000001 f18=0xff800000
     218845.000 ns	     21883	80004880	e0009fd3	fclass.s	x31,f1	  f1:0x00000000 x31=0x00000010
     218895.000 ns	     21888	80004884	08110bd3	fsub.s	f23,f2,f1	  f2:0x00000000  f1:0x00000000 f23=0x80000000
     218925.000 ns	     21891	80004888	a1560f53	fle.s	x30,f12,f21	 f12:0x4e3f0820 f21:0x80000000 x30=0x00000000
     218955.000 ns	     21894	8000488c	f00e80d3	fmv.w.x	f1,x29	 x29:0x00000000  f1=0x00000000
     218975.000 ns	     21896	80004890	00fc5c13	srli	x24,x24,0xf	 x24:0x000027ab x24=0x00000000
     219335.000 ns	     21932	80004894	0370fb33	remu	x22,x1,x23	  x1:0xfff80040 x23:0xfffffedf x22=0xfff80040
     219365.000 ns	     21935	80004898	02e833b3	mulhu	x7,x16,x14	 x16:0x00000000 x14:0x79d2f000  x7=0x00000000
     219395.000 ns	     21938	8000489c	219009d3	fsgnj.s	f19,f0,f25	  f0:0x46ef9a88 f25:0x00000000 f19=0x46ef9a88
     219425.000 ns	     21941	800048a0	a1b806d3	fle.s	x13,f16,f27	 f16:0x0e02047c f27:0x00000000 x13=0x00000000
     219465.000 ns	     21945	800048a4	181f7153	fdiv.s	f2,f30,f1	 f30:0x00000000  f1:0x00000000  f2=0x7fc00000
     219485.000 ns	     21947	800048a8	00f2d333	srl	x6,x5,x15	  x5:0x00000001 x15:0x00000001  x6=0x00000000
     219505.000 ns	     21949	800048ac	20f58853	fsgnj.s	f16,f11,f15	 f11:0x4e3f0820 f15:0x46ef9a88 f16=0x4e3f0820
     219525.000 ns	     21951	800048b0	45216d97	auipc	x27,0x45216	 x27=0xc521a8b0
     219535.000 ns	     21952	800048b4	000f1f13	slli	x30,x30,0x0	 x30:0x00000000 x30=0x00000000
     219545.000 ns	     21953	800048b8	019ed1b3	srl	x3,x29,x25	 x29:0x00000000 x25:0x9a07254c  x3=0x00000000
     219565.000 ns	     21955	800048bc	f00e05d3	fmv.w.x	f11,x28	 x28:0xfff80040 f11=0xfff80040
     219595.000 ns	     21958	800048c0	d01b88d3	fcvt.s.wu	f17,x23	 x23:0xfffffedf f17=0x4f7fffff
     219615.000 ns	     21960	800048c4	001e9293	slli	x5,x29,0x1	 x29:0x00000000  x5=0x00000000
     219655.000 ns	     21964	800048c8	012a70d3	fadd.s	f1,f20,f18	 f20:0x80000001 f18:0xff800000  f1=0xff800000
     219685.000 ns	     21967	800048cc	e00c0b53	fmv.x.w	x22,f24	 f24:0xcf7ffff9 x22=0xcf7ffff9
     219705.000 ns	     21969	800048d0	0042ce33	xor	x28,x5,x4	  x5:0x00000000  x4:0x00000000 x28=0x00000000
     219725.000 ns	     21971	800048d4	f0038ad3	fmv.w.x	f21,x7	  x7:0x00000000 f21=0x00000000
     219755.000 ns	     21974	800048d8	0304dd33	divu	x26,x9,x16	  x9:0x80040fe4 x16:0x00000000 x26=0xffffffff
     219785.000 ns	     21977	800048dc	d0060753	fcvt.s.w	f14,x12	 x12:0xfffffedf f14=0xc3908000
     219815.000 ns	     21980	800048e0	f0068453	fmv.w.x	f8,x13	 x13:0x00000000  f8=0x00000000
     219835.000 ns	     21982	800048e4	40635033	sra	x0,x6,x6	  x6:0x00000000  x6:0x00000000
     219845.000 ns	     21983	800048e8	2788c093	xori	x1,x17,632	 x17:0xffffff00  x1=0xfffffd78
     219855.000 ns	     21984	800048ec	01ae6933	or	x18,x28,x26	 x28:0x00000000 x26:0xffffffff x18=0xffffffff
     219875.000 ns	     21986	800048f0	a0431553	flt.s	x10,f6,f4	  f6:0x7f800000  f4:0x80000000 x10=0x00000000
     219895.000 ns	     21988	800048f4	2234e413	ori	x8,x9,547	  x9:0x80040fe4  x8=0x80040fe7
     219915.000 ns	     21990	800048f8	c01e7253	fcvt.wu.s	x4,f28	 f28:0x7fc00000  x4=0xffffffff
     219945.000 ns	     21993	800048fc	206a06d3	fsgnj.s	f13,f20,f6	 f20:0x80000001  f6:0x7f800000 f13=0x00000001
     219975.000 ns	     21996	80004900	a196a153	feq.s	x2,f13,f25	 f13:0x46ef9a88 f25:0x00000000  x2=0x00000000
     220015.000 ns	     22000	80004904	1820f3d3	fdiv.s	f7,f1,f2	  f1:0xff800000  f2:0x7fc00000  f7=0x7fc00000
     220035.000 ns	     22002	80004908	019ec1b3	xor	x3,x29,x25	 x29:0x00000000 x25:0x9a07254c  x3=0x9a07254c
     220395.000 ns	     22038	8000490c	033dedb3	rem	x27,x27,x19	 x27:0xc521a8b0 x19:0x000002a9 x27=0xfffffead
     220425.000 ns	     22041	80004910	d01ff9d3	fcvt.s.wu	f19,x31	 x31:0x00000010 f19=0x41800000
     220475.000 ns	     22046	80004914	013a89d3	fadd.s	f19,f21,f19	 f21:0x00000000 f19:0x46ef9a88 f19=0x41800000
     220525.000 ns	     22051	80004918	08822053	fsub.s	f0,f4,f8	  f4:0x80000000  f8:0x00000000  f0=0x80000000
     220545.000 ns	     22053	8000491c	95e9be93	sltiu	x29,x19,-1698	 x19:0x000002a9 x29=0x00000001
     220905.000 ns	     22089	80004920	03d747b3	div	x15,x14,x29	 x14:0x79d2f000 x29:0x00000000 x15=0x79d2f000
     220945.000 ns	     22093	80004924	101995d3	fmul.s	f11,f19,f1	 f19:0x41800000  f1:0xff800000 f11=0xff800000
     220995.000 ns	     22098	80004928	09d2f6d3	fsub.s	f13,f5,f29	  f5:0x0eeb8b05 f29:0x00000001 f13=0x0eeb8b05
     221025.000 ns	     22101	8000492c	c002b153	fcvt.w.s	x2,f5	  f5:0x0eeb8b05  x2=0x00000000
     221045.000 ns	     22103	80004930	414fdd33	sra	x26,x31,x20	 x31:0x00000010 x20:0xcf7ffff9 x26=0x00000000
     221055.000 ns	     22104	80004934	93d47e93	andi	x29,x8,-1731	  x8:0x80040fe7 x29=0x80040925
     221065.000 ns	     22105	80004938	00000013	addi	x0,x0,0	  x0:0x00000000
     221075.000 ns	     22106	8000493c	445a8213	addi	x4,x21,1093	 x21:0x80041024  x4=0x80041469
     221105.000 ns	     22109	80004940	104745d3	fmul.s	f11,f14,f4	 f14:0xc3908000  f4:0x80000000 f11=0x00000000
     221125.000 ns	     22111	80004944	059aa113	slti	x2,x21,89	 x21:0x80041024  x2=0x00000001
     222295.000 ns	     22228	80004948	580b27d3	fsqrt.s	f15,f22	 f22:0x4f67a3d0 f15=0x4723cb4c
     222315.000 ns	     22230	8000494c	01c1be33	sltu	x28,x3,x28	  x3:0x9a07254c x28:0x00000000 x28=0x00000000
     222335.000 ns	     22232	80004950	207f2a53	fsgnjx.s	f20,f30,f7	 f30:0x00000000  f7:0x7fc00000 f20=0x00000000
     222355.000 ns	     22234	80004954	96a07b93	andi	x23,x0,-1686	  x0:0x00000000 x23=0x00000000
     222715.000 ns	     22270	80004958	02e3c6b3	div	x13,x7,x14	  x7:0x00000000 x14:0x79d2f000 x13=0x00000000
     222745.000 ns	     22273	8000495c	a0218353	fle.s	x6,f3,f2	  f3:0x41000000  f2:0x7fc00000  x6=0x00000000
     222775.000 ns	     22276	80004960	a0511053	flt.s	x0,f2,f5	  f2:0x7fc00000  f5:0x0eeb8b05
     222805.000 ns	     22279	80004964	02fd1533	mulh	x10,x26,x15	 x26:0x00000000 x15:0x79d2f000 x10=0x00000000
     222835.000 ns	     22282	80004968	21302b53	fsgnjx.s	f22,f0,f19	  f0:0x80000000 f19:0x41800000 f22=0x80000000
     222855.000 ns	     22284	8000496c	9217fd13	andi	x26,x15,-1759	 x15:0x79d2f000 x26=0x79d2f000
     222865.000 ns	     22285	80004970	eaca4813	xori	x16,x20,-340	 x20:0xcf7ffff9 x16=0x30800155
     222885.000 ns	     22287	80004974	217287d3	fsgnj.s	f15,f5,f23	  f5:0x0eeb8b05 f23:0x80000000 f15=0x8eeb8b05
     222905.000 ns	     22289	80004978	00000013	addi	x0,x0,0	  x0:0x00000000
     222945.000 ns	     22293	8000497c	00691ed3	fadd.s	f29,f18,f6	 f18:0xff800000  f6:0x7f800000 f29=0x00000000
     223285.000 ns	     22327	80004980	1836f2d3	fdiv.s	f5,f13,f3	 f13:0x0eeb8b05  f3:0x41000000  f5=0x0d27c73f
     223305.000 ns	     22329	80004984	008e5db3	srl	x27,x28,x8	 x28:0x00000000  x8:0x80040fe7 x27=0x00000000
     223325.000 ns	     22331	80004988	d013fed3	fcvt.s.wu	f29,x7	  x7:0x00000000 f29=0x00000000
     223345.000 ns	     22333	8000498c	40af5513	srai	x10,x30,0xa	 x30:0x00000000 x10=0x00000000
     223355.000 ns	     22334	80004990	0164cd33	xor	x26,x9,x22	  x9:0x80040fe4 x22:0xcf7ffff9 x26=0x4f7bf01d
     223395.000 ns	     22338	80004994	013fc053	fadd.s	f0,f31,f19	 f31:0x41b50482 f19:0x41800000  f0=0x421a8241
     223425.000 ns	     22341	80004998	02eb3033	mulhu	x0,x22,x14	 x22:0xcf7ffff9 x14:0x79d2f000
     223475.000 ns	     22346	8000499c	01f62753	fadd.s	f14,f12,f31	 f12:0x4e3f0820 f31:0x41b50482 f14=0x4e3f0820
     223505.000 ns	     22349	800049a0	d008a8d3	fcvt.s.w	f17,x17	 x17:0xffffff00 f17=0xc3800000
     223875.000 ns	     22386	800049a4	034868b3	rem	x17,x16,x20	 x16:0x30800155 x20:0xcf7ffff9 x17=0x0000014e
     223925.000 ns	     22391	800049a8	098e1ed3	fsub.s	f29,f28,f24	 f28:0x7fc00000 f24:0xcf7ffff9 f29=0x7fc00000
     223955.000 ns	     22394	800049ac	f00f0553	fmv.w.x	f10,x30	 x30:0x00000000 f10=0x00000000
     223985.000 ns	     22397	800049b0	03c0ee33	rem	x28,x1,x28	  x1:0xfffffd78 x28:0x00000000 x28=0xfffffd78
     224005.000 ns	     22399	800049b4	413cd133	sra	x2,x25,x19	 x25:0x9a07254c x19:0x000002a9  x2=0xffcd0392
     224015.000 ns	     22400	800049b8	017e5913	srli	x18,x28,0x17	 x28:0xfffffd78 x18=0x000001ff
     224035.000 ns	     22402	800049bc	025070b3	remu	x1,x0,x5	  x0:0x00000000  x5:0x00000000  x1=0x00000000
     224405.000 ns	     22439	800049c0	036c70b3	remu	x1,x24,x22	 x24:0x00000000 x22:0xcf7ffff9  x1=0x00000000
     224425.000 ns	     22441	800049c4	00000013	addi	x0,x0,0	  x0:0x00000000
     224435.000 ns	     22442	800049c8	00c2d6b3	srl	x13,x5,x12	  x5:0x00000000 x12:0xfffffedf x13=0x00000000
     224445.000 ns	     22443	800049cc	0101bf33	sltu	x30,x3,x16	  x3:0x9a07254c x16:0x30800155 x30=0x00000000
     224455.000 ns	     22444	800049d0	0188a9b3	slt	x19,x17,x24	 x17:0x0000014e x24:0x00000000 x19=0x00000000
     224465.000 ns	     22445	800049d4	00d947b3	xor	x15,x18,x13	 x18:0x000001ff x13:0x00000000 x15=0x000001ff
     224485.000 ns	     22447	800049d8	c013b1d3	fcvt.wu.s	x3,f7	  f7:0x7fc00000  x3=0xffffffff
     224505.000 ns	     22449	800049dc	0180cfb3	xor	x31,x1,x24	  x1:0x00000000 x24:0x00000000 x31=0x00000000
     224525.000 ns	     22451	800049e0	03b1e033	rem	x0,x3,x27	  x3:0xffffffff x27:0x00000000
     224895.000 ns	     22488	800049e4	02c6fb33	remu	x22,x13,x12	 x13:0x00000000 x12:0xfffffedf x22=0x00000000
     224915.000 ns	     22490	800049e8	af58b313	sltiu	x6,x17,-1291	 x17:0x0000014e  x6=0x00000001
     224935.000 ns	     22492	800049ec	037b66b3	rem	x13,x22,x23	 x22:0x00000000 x23:0x00000000 x13=0x00000000
     226115.000 ns	     22610	800049f0	58099853	fsqrt.s	f16,f19	 f19:0x41800000 f16=0x407fffae
     226135.000 ns	     22612	800049f4	00000013	addi	x0,x0,0	  x0:0x00000000
     226145.000 ns	     22613	800049f8	00000013	addi	x0,x0,0	  x0:0x00000000
     226505.000 ns	     22649	800049fc	032e6933	rem	x18,x28,x18	 x28:0xfffffd78 x18:0x000001ff x18=0xffffff77
     226525.000 ns	     22651	80004a00	002a7033	and	x0,x20,x2	 x20:0xcf7ffff9  x2:0xffcd0392
     226535.000 ns	     22652	80004a04	007c42b3	xor	x5,x24,x7	 x24:0x00000000  x7:0x00000000  x5=0x00000000
     226545.000 ns	     22653	80004a08	41efd233	sra	x4,x31,x30	 x31:0x00000000 x30:0x00000000  x4=0x00000000
     226555.000 ns	     22654	80004a0c	6e24fc13	andi	x24,x9,1762	  x9:0x80040fe4 x24=0x000006e0
     226575.000 ns	     22656	80004a10	297106d3	fmin.s	f13,f2,f23	  f2:0x7fc00000 f23:0x80000000 f13=0x80000000
     226605.000 ns	     22659	80004a14	03b527b3	mulhsu	x15,x10,x27	 x10:0x00000000 x27:0x00000000 x15=0x00000000
     226625.000 ns	     22661	80004a18	82b34413	xori	x8,x6,-2005	  x6:0x00000001  x8=0xfffff82a
     226635.000 ns	     22662	80004a1c	00000013	addi	x0,x0,0	  x0:0x00000000
     226655.000 ns	     22664	80004a20	e00991d3	fclass.s	x3,f19	 f19:0x41800000  x3=0x00000040
     226675.000 ns	     22666	80004a24	006e30b3	sltu	x1,x28,x6	 x28:0xfffffd78  x6:0x00000001  x1=0x00000000
     226695.000 ns	     22668	80004a28	03942333	mulhsu	x6,x8,x25	  x8:0xfffff82a x25:0x9a07254c  x6=0xfffffb49
     226725.000 ns	     22671	80004a2c	d00c12d3	fcvt.s.w	f5,x24	 x24:0x000006e0  f5=0x44dc0000
     226745.000 ns	     22673	80004a30	92ec4513	xori	x10,x24,-1746	 x24:0x000006e0 x10=0xffffffce
     226765.000 ns	     22675	80004a34	20d502d3	fsgnj.s	f5,f10,f13	 f10:0x00000000 f13:0x80000000  f5=0x80000000
     226795.000 ns	     22678	80004a38	297b06d3	fmin.s	f13,f22,f23	 f22:0x80000000 f23:0x80000000 f13=0x80000000
     226815.000 ns	     22680	80004a3c	012ed993	srli	x19,x29,0x12	 x29:0x80040925 x19=0x00002001
     226835.000 ns	     22682	80004a40	036ddc33	divu	x24,x27,x22	 x27:0x00000000 x22:0x00000000 x24=0xffffffff
     226865.000 ns	     22685	80004a44	20d793d3	fsgnjn.s	f7,f15,f13	 f15:0x8eeb8b05 f13:0x80000000  f7=0x0eeb8b05
     226885.000 ns	     22687	80004a48	0310c613	xori	x12,x1,49	  x1:0x00000000 x12=0x00000031
     226915.000 ns	     22690	80004a4c	58054953	fsqrt.s	f18,f10	 f10:0x00000000 f18=0x00000000
     226935.000 ns	     22692	80004a50	0030e433	or	x8,x1,x3	  x1:0x00000000  x3:0x00000040  x8=0x00000040
     226945.000 ns	     22693	80004a54	01cbd0b3	srl	x1,x23,x28	 x23:0x00000000 x28:0xfffffd78  x1=0x00000000
     226955.000 ns	     22694	80004a58	de9dbd13	sltiu	x26,x27,-535	 x27:0x00000000 x26=0x00000001
     226975.000 ns	     22696	80004a5c	20af0453	fsgnj.s	f8,f30,f10	 f30:0x00000000 f10:0x00000000  f8=0x00000000
     227005.000 ns	     22699	80004a60	0240e7b3	rem	x15,x1,x4	  x1:0x00000000  x4:0x00000000 x15=0x00000000
     227025.000 ns	     22701	80004a64	01bfe7b3	or	x15,x31,x27	 x31:0x00000000 x27:0x00000000 x15=0x00000000
     227035.000 ns	     22702	80004a68	01c75213	srli	x4,x14,0x1c	 x14:0x79d2f000  x4=0x00000007
     227055.000 ns	     22704	80004a6c	20700453	fsgnj.s	f8,f0,f7	  f0:0x421a8241  f7:0x0eeb8b05  f8=0x421a8241
     227075.000 ns	     22706	80004a70	4101de33	sra	x28,x3,x16	  x3:0x00000040 x16:0x30800155 x28=0x00000000
     227085.000 ns	     22707	80004a74	7ab63893	sltiu	x17,x12,1963	 x12:0x00000031 x17=0x00000001
     227105.000 ns	     22709	80004a78	d0187cd3	fcvt.s.wu	f25,x16	 x16:0x30800155 f25=0x4e420005
     227125.000 ns	     22711	80004a7c	0021ae33	slt	x28,x3,x2	  x3:0x00000040  x2:0xffcd0392 x28=0x00000000
     227145.000 ns	     22713	80004a80	295481d3	fmin.s	f3,f9,f21	  f9:0x4f67a3d0 f21:0x00000000  f3=0x00000000
     227195.000 ns	     22718	80004a84	084ef8d3	fsub.s	f17,f29,f4	 f29:0x7fc00000  f4:0x80000000 f17=0x7fc00000
     227225.000 ns	     22721	80004a88	a12f8bd3	fle.s	x23,f31,f18	 f31:0x41b50482 f18:0x00000000 x23=0x00000000
     227255.000 ns	     22724	80004a8c	e0048753	fmv.x.w	x14,f9	  f9:0x4f67a3d0 x14=0x4f67a3d0
     227295.000 ns	     22728	80004a90	10fec8d3	fmul.s	f17,f29,f15	 f29:0x7fc00000 f15:0x8eeb8b05 f17=0x7fc00000
     227315.000 ns	     22730	80004a94	ca698e93	addi	x29,x19,-858	 x19:0x00002001 x29=0x00001ca7
     227325.000 ns	     22731	80004a98	00000013	addi	x0,x0,0	  x0:0x00000000
     227335.000 ns	     22732	80004a9c	01ca0b33	add	x22,x20,x28	 x20:0xcf7ffff9 x28:0x00000000 x22=0xcf7ffff9
     227365.000 ns	     22735	80004aa0	580220d3	fsqrt.s	f1,f4	  f4:0x80000000  f1=0x80000000
     227415.000 ns	     22740	80004aa4	012dcad3	fadd.s	f21,f27,f18	 f27:0x00000000 f18:0x00000000 f21=0x00000000
     227435.000 ns	     22742	80004aa8	00000013	addi	x0,x0,0	  x0:0x00000000
     227455.000 ns	     22744	80004aac	e00a05d3	fmv.x.w	x11,f20	 f20:0x00000000 x11=0x00000000
     227475.000 ns	     22746	80004ab0	9e490093	addi	x1,x18,-1564	 x18:0xffffff77  x1=0xfffff95b
     227485.000 ns	     22747	80004ab4	40f1db93	srai	x23,x3,0xf	  x3:0x00000040 x23=0x00000000
     227845.000 ns	     22783	80004ab8	0233d3b3	divu	x7,x7,x3	  x7:0x00000000  x3:0x00000040  x7=0x00000000
     227875.000 ns	     22786	80004abc	d009f753	fcvt.s.w	f14,x19	 x19:0x00002001 f14=0x46000400
     227905.000 ns	     22789	80004ac0	e00e1d53	fclass.s	x26,f28	 f28:0x7fc00000 x26=0x00000200
     227925.000 ns	     22791	80004ac4	00806933	or	x18,x0,x8	  x0:0x00000000  x8:0x00000040 x18=0x00000040
     227945.000 ns	     22793	80004ac8	218ea853	fsgnjx.s	f16,f29,f24	 f29:0x7fc00000 f24:0xcf7ffff9 f16=0xffc00000
     227975.000 ns	     22796	80004acc	20e814d3	fsgnjn.s	f9,f16,f14	 f16:0x407fffae f14:0x46000400  f9=0xffc00000
     227995.000 ns	     22798	80004ad0	0167f2b3	and	x5,x15,x22	 x15:0x00000000 x22:0xcf7ffff9  x5=0x00000000
     228005.000 ns	     22799	80004ad4	5d6f7013	andi	x0,x30,1494	 x30:0x00000000
     228025.000 ns	     22801	80004ad8	03c6c3b3	div	x7,x13,x28	 x13:0x00000000 x28:0x00000000  x7=0xffffffff
     228055.000 ns	     22804	80004adc	027f2233	mulhsu	x4,x30,x7	 x30:0x00000000  x7:0x00000000  x4=0x00000000
     228075.000 ns	     22806	80004ae0	d0573e93	sltiu	x29,x14,-763	 x14:0x4f67a3d0 x29=0x00000001
     228085.000 ns	     22807	80004ae4	007b5033	srl	x0,x22,x7	 x22:0xcf7ffff9  x7:0xffffffff
     228105.000 ns	     22809	80004ae8	031c8233	mul	x4,x25,x17	 x25:0x9a07254c x17:0x00000001  x4=0x9a07254c
     228475.000 ns	     22846	80004aec	02ec4433	div	x8,x24,x14	 x24:0xffffffff x14:0x4f67a3d0  x8=0x00000000
     228515.000 ns	     22850	80004af0	5806c553	fsqrt.s	f10,f13	 f13:0x80000000 f10=0x80000000
     228535.000 ns	     22852	80004af4	00050e33	add	x28,x10,x0	 x10:0xffffffce  x0:0x00000000 x28=0xffffffce
     228555.000 ns	     22854	80004af8	0257b233	mulhu	x4,x15,x5	 x15:0x00000000  x5:0x00000000  x4=0x00000000
     228575.000 ns	     22856	80004afc	00c75913	srli	x18,x14,0xc	 x14:0x4f67a3d0 x18=0x0004f67a
     228595.000 ns	     22858	80004b00	0204f2b3	remu	x5,x9,x0	  x9:0x80040fe4  x0:0x00000000  x5=0x80040fe4
     228625.000 ns	     22861	80004b04	d00caed3	fcvt.s.w	f29,x25	 x25:0x9a07254c f29=0xcecbf1b6
     228655.000 ns	     22864	80004b08	e00c8b53	fmv.x.w	x22,f25	 f25:0x4e420005 x22=0x4e420005
     228675.000 ns	     22866	80004b0c	005b3c33	sltu	x24,x22,x5	 x22:0xcf7ffff9  x5:0x80040fe4 x24=0x00000001
     228695.000 ns	     22868	80004b10	d003fd53	fcvt.s.w	f26,x7	  x7:0xffffffff f26=0xbf800000
     228725.000 ns	     22871	80004b14	e00f1dd3	fclass.s	x27,f30	 f30:0x00000000 x27=0x00000010
     229095.000 ns	     22908	80004b18	0290e433	rem	x8,x1,x9	  x1:0xfffff95b  x9:0x80040fe4  x8=0xfffff95b
     229115.000 ns	     22910	80004b1c	01b1f133	and	x2,x3,x27	  x3:0x00000040 x27:0x00000010  x2=0x00000000
     229145.000 ns	     22913	80004b20	580b70d3	fsqrt.s	f1,f22	 f22:0x80000000  f1=0x80000000
     229175.000 ns	     22916	80004b24	d0182c53	fcvt.s.wu	f24,x16	 x16:0x30800155 f24=0x4e420006
     229205.000 ns	     22919	80004b28	a0410e53	fle.s	x28,f2,f4	  f2:0x7fc00000  f4:0x80000000 x28=0x00000000
     229245.000 ns	     22923	80004b2c	10b5f153	fmul.s	f2,f11,f11	 f11:0x00000000 f11:0x00000000  f2=0x00000000
     229275.000 ns	     22926	80004b30	d0047053	fcvt.s.w	f0,x8	  x8:0xfffff95b  f0=0xc4d4a000
     229295.000 ns	     22928	80004b34	015be933	or	x18,x23,x21	 x23:0x00000000 x21:0x80041024 x18=0x80041024
     229315.000 ns	     22930	80004b38	d0137f53	fcvt.s.wu	f30,x6	  x6:0xfffffb49 f30=0x4f7ffffb
     229345.000 ns	     22933	80004b3c	0207b533	mulhu	x10,x15,x0	 x15:0x00000000  x0:0x00000000 x10=0x00000000
     229365.000 ns	     22935	80004b40	ac415837	lui	x16,0xac415	 x16=0xac415000
     229375.000 ns	     22936	80004b44	4471f713	andi	x14,x3,1095	  x3:0x00000040 x14=0x00000040
     229415.000 ns	     22940	80004b48	08937ad3	fsub.s	f21,f6,f9	  f6:0x7f800000  f9:0xffc00000 f21=0x7fc00000
     229455.000 ns	     22944	80004b4c	1032b7d3	fmul.s	f15,f5,f3	  f5:0x80000000  f3:0x00000000 f15=0x80000000
     229485.000 ns	     22947	80004b50	20d208d3	fsgnj.s	f17,f4,f13	  f4:0x80000000 f13:0x80000000 f17=0x80000000
     229515.000 ns	     22950	80004b54	21d2ae53	fsgnjx.s	f28,f5,f29	  f5:0x80000000 f29:0xcecbf1b6 f28=0x00000000
     229545.000 ns	     22953	80004b58	28660c53	fmin.s	f24,f12,f6	 f12:0x4e3f0820  f6:0x7f800000 f24=0x4e3f0820
     229575.000 ns	     22956	80004b5c	200ba553	fsgnjx.s	f10,f23,f0	 f23:0x80000000  f0:0xc4d4a000 f10=0x00000000
     229625.000 ns	     22961	80004b60	0029fed3	fadd.s	f29,f19,f2	 f19:0x41800000  f2:0x00000000 f29=0x41800000
     229645.000 ns	     22963	80004b64	417e5613	srai	x12,x28,0x17	 x28:0x00000000 x12=0x00000000
     229665.000 ns	     22965	80004b68	a0551b53	flt.s	x22,f10,f5	 f10:0x00000000  f5:0x80000000 x22=0x00000000
     229695.000 ns	     22968	80004b6c	03f63b33	mulhu	x22,x12,x31	 x12:0x00000031 x31:0x00000000 x22=0x00000000
     229725.000 ns	     22971	80004b70	f00a00d3	fmv.w.x	f1,x20	 x20:0xcf7ffff9  f1=0xcf7ffff9
     229755.000 ns	     22974	80004b74	a1059753	flt.s	x14,f11,f16	 f11:0x00000000 f16:0xffc00000 x14=0x00000000
     229785.000 ns	     22977	80004b78	a12b83d3	fle.s	x7,f23,f18	 f23:0x80000000 f18:0x00000000  x7=0x00000001
     229805.000 ns	     22979	80004b7c	21f8e193	ori	x3,x17,543	 x17:0x00000001  x3=0x0000021f
     229825.000 ns	     22981	80004b80	02d738b3	mulhu	x17,x14,x13	 x14:0x00000000 x13:0x00000000 x17=0x00000000
     229855.000 ns	     22984	80004b84	e0030353	fmv.x.w	x6,f6	  f6:0x7f800000  x6=0x7f800000
     229875.000 ns	     22986	80004b88	00c31b33	sll	x22,x6,x12	  x6:0xfffffb49 x12:0x00000000 x22=0x7f800000
     229885.000 ns	     22987	80004b8c	00000013	addi	x0,x0,0	  x0:0x00000000
     229915.000 ns	     22990	80004b90	5801b853	fsqrt.s	f16,f3	  f3:0x00000000 f16=0x00000000
     229945.000 ns	     22993	80004b94	f00d0853	fmv.w.x	f16,x26	 x26:0x00000200 f16=0x00000200
     229965.000 ns	     22995	80004b98	001c68b3	or	x17,x24,x1	 x24:0x00000001  x1:0xfffff95b x17=0xfffff95b
     230325.000 ns	     23031	80004b9c	038adbb3	divu	x23,x21,x24	 x21:0x80041024 x24:0x00000001 x23=0x80041024
     230355.000 ns	     23034	80004ba0	02ea91b3	mulh	x3,x21,x14	 x21:0x80041024 x14:0x00000000  x3=0x00000000
     230385.000 ns	     23037	80004ba4	02ba1133	mulh	x2,x20,x11	 x20:0xcf7ffff9 x11:0x00000000  x2=0x00000000
     230415.000 ns	     23040	80004ba8	a0b327d3	feq.s	x15,f6,f11	  f6:0x7f800000 f11:0x00000000 x15=0x00000000
     230445.000 ns	     23043	80004bac	e00110d3	fclass.s	x1,f2	  f2:0x00000000  x1=0x00000010
     230475.000 ns	     23046	80004bb0	03ccfbb3	remu	x23,x25,x28	 x25:0x9a07254c x28:0x00000000 x23=0x9a07254c
     230505.000 ns	     23049	80004bb4	030e9bb3	mulh	x23,x29,x16	 x29:0x00000001 x16:0xac415000 x23=0xffffffff
     230525.000 ns	     23051	80004bb8	00000013	addi	x0,x0,0	  x0:0x00000000
     230545.000 ns	     23053	80004bbc	d0031053	fcvt.s.w	f0,x6	  x6:0x7f800000  f0=0x4eff0000
     230565.000 ns	     23055	80004bc0	01c75693	srli	x13,x14,0x1c	 x14:0x00000000 x13=0x00000000
     230575.000 ns	     23056	80004bc4	00bb31b3	sltu	x3,x22,x11	 x22:0x7f800000 x11:0x00000000  x3=0x00000000
     230595.000 ns	     23058	80004bc8	e0019c53	fclass.s	x24,f3	  f3:0x00000000 x24=0x00000010
     230965.000 ns	     23095	80004bcc	03d8ffb3	remu	x31,x17,x29	 x17:0xfffff95b x29:0x00000001 x31=0x00000000
     230995.000 ns	     23098	80004bd0	a1bf2ed3	feq.s	x29,f30,f27	 f30:0x4f7ffffb f27:0x00000000 x29=0x00000000
     231015.000 ns	     23100	80004bd4	00000013	addi	x0,x0,0	  x0:0x00000000
     231035.000 ns	     23102	80004bd8	025d9c33	mulh	x24,x27,x5	 x27:0x00000010  x5:0x80040fe4 x24=0xfffffff8
     231055.000 ns	     23104	80004bdc	42334713	xori	x14,x6,1059	  x6:0x7f800000 x14=0x7f800423
     231065.000 ns	     23105	80004be0	002eab33	slt	x22,x29,x2	 x29:0x00000000  x2:0x00000000 x22=0x00000000
     231105.000 ns	     23109	80004be4	01ad74d3	fadd.s	f9,f26,f26	 f26:0xbf800000 f26:0xbf800000  f9=0xc0000000
     231135.000 ns	     23112	80004be8	e0019253	fclass.s	x4,f3	  f3:0x00000000  x4=0x00000010
     231155.000 ns	     23114	80004bec	0043b433	sltu	x8,x7,x4	  x7:0x00000001  x4:0x00000000  x8=0x00000001
     231165.000 ns	     23115	80004bf0	01d6ed33	or	x26,x13,x29	 x13:0x00000000 x29:0x00000000 x26=0x00000000
     231185.000 ns	     23117	80004bf4	03a5e133	rem	x2,x11,x26	 x11:0x00000000 x26:0x00000200  x2=0x00000000
     231205.000 ns	     23119	80004bf8	d4290e93	addi	x29,x18,-702	 x18:0x80041024 x29=0x80040d66
     231215.000 ns	     23120	80004bfc	4ab34693	xori	x13,x6,1195	  x6:0x7f800000 x13=0x7f8004ab
     231225.000 ns	     23121	80004c00	010672b3	and	x5,x12,x16	 x12:0x00000000 x16:0xac415000  x5=0x00000000
     231235.000 ns	     23122	80004c04	412480b3	sub	x1,x9,x18	  x9:0x80040fe4 x18:0x80041024  x1=0xffffffc0
     231595.000 ns	     23158	80004c08	02d2c7b3	div	x15,x5,x13	  x5:0x80040fe4 x13:0x7f8004ab x15=0x00000000
     231615.000 ns	     23160	80004c0c	873452b7	lui	x5,0x87345	  x5=0x87345000
     231635.000 ns	     23162	80004c10	e00583d3	fmv.x.w	x7,f11	 f11:0x00000000  x7=0x00000000
     231665.000 ns	     23165	80004c14	02e58833	mul	x16,x11,x14	 x11:0x00000000 x14:0x7f800423 x16=0x00000000
     231705.000 ns	     23169	80004c18	19f696d3	fdiv.s	f13,f13,f31	 f13:0x80000000 f31:0x41b50482 f13=0x80000000
     231725.000 ns	     23171	80004c1c	e8dd7713	andi	x14,x26,-371	 x26:0x00000000 x14=0x00000000
     231745.000 ns	     23173	80004c20	c0057ed3	fcvt.w.s	x29,f10	 f10:0x00000000 x29=0x00000000
     231775.000 ns	     23176	80004c24	e0060253	fmv.x.w	x4,f12	 f12:0x4e3f0820  x4=0x4e3f0820
     231795.000 ns	     23178	80004c28	41cd8db3	sub	x27,x27,x28	 x27:0x00000010 x28:0x00000000 x27=0x00000010
     232155.000 ns	     23214	80004c2c	029af133	remu	x2,x21,x9	 x21:0x80041024  x9:0x80040fe4  x2=0x00000040
     232195.000 ns	     23218	80004c30	19ddfb53	fdiv.s	f22,f27,f29	 f27:0x00000000 f29:0x41800000 f22=0x00000000
     232215.000 ns	     23220	80004c34	01e12bb3	slt	x23,x2,x30	  x2:0x00000040 x30:0x00000000 x23=0x00000000
     232235.000 ns	     23222	80004c38	03e37933	remu	x18,x6,x30	  x6:0x7f800000 x30:0x00000000 x18=0x7f800000
     232265.000 ns	     23225	80004c3c	03463833	mulhu	x16,x12,x20	 x12:0x00000000 x20:0xcf7ffff9 x16=0x00000000
     232635.000 ns	     23262	80004c40	038a6e33	rem	x28,x20,x24	 x20:0xcf7ffff9 x24:0xfffffff8 x28=0xfffffff9
     232655.000 ns	     23264	80004c44	00d069b3	or	x19,x0,x13	  x0:0x00000000 x13:0x7f8004ab x19=0x7f8004ab
     232685.000 ns	     23267	80004c48	5807b653	fsqrt.s	f12,f15	 f15:0x80000000 f12=0x80000000
     232725.000 ns	     23271	80004c4c	1864f053	fdiv.s	f0,f9,f6	  f9:0xc0000000  f6:0x7f800000  f0=0x80000000
     232755.000 ns	     23274	80004c50	e00285d3	fmv.x.w	x11,f5	  f5:0x80000000 x11=0x80000000
     232785.000 ns	     23277	80004c54	c0167653	fcvt.wu.s	x12,f12	 f12:0x80000000 x12=0x00000000
     232805.000 ns	     23279	80004c58	00ea5a13	srli	x20,x20,0xe	 x20:0xcf7ffff9 x20=0x00033dff
     232835.000 ns	     23282	80004c5c	580293d3	fsqrt.s	f7,f5	  f5:0x80000000  f7=0x80000000
     232865.000 ns	     23285	80004c60	209593d3	fsgnjn.s	f7,f11,f9	 f11:0x00000000  f9:0xc0000000  f7=0x00000000
     233235.000 ns	     23322	80004c64	039e5233	divu	x4,x28,x25	 x28:0xfffffff9 x25:0x9a07254c  x4=0x00000001
     233265.000 ns	     23325	80004c68	03ba11b3	mulh	x3,x20,x27	 x20:0x00033dff x27:0x00000010  x3=0x00000000
     233295.000 ns	     23328	80004c6c	a09f0553	fle.s	x10,f30,f9	 f30:0x4f7ffffb  f9:0xc0000000 x10=0x00000000
     233315.000 ns	     23330	80004c70	a8398213	addi	x4,x19,-1405	 x19:0x7f8004ab  x4=0x7f7fff2e
     233335.000 ns	     23332	80004c74	d0157f53	fcvt.s.wu	f30,x10	 x10:0x00000000 f30=0x00000000
     233365.000 ns	     23335	80004c78	a0691ed3	flt.s	x29,f18,f6	 f18:0x00000000  f6:0x7f800000 x29=0x00000001
     233385.000 ns	     23337	80004c7c	ca853113	sltiu	x2,x10,-856	 x10:0x00000000  x2=0x00000001
     233405.000 ns	     23339	80004c80	28451e53	fmax.s	f28,f10,f4	 f10:0x00000000  f4:0x80000000 f28=0x00000000
     233435.000 ns	     23342	80004c84	036ffd33	remu	x26,x31,x22	 x31:0x00000000 x22:0x00000000 x26=0x00000000
     233465.000 ns	     23345	80004c88	29ef1153	fmax.s	f2,f30,f30	 f30:0x00000000 f30:0x00000000  f2=0x00000000
     233485.000 ns	     23347	80004c8c	01e4eeb3	or	x29,x9,x30	  x9:0x80040fe4 x30:0x00000000 x29=0x80040fe4
     233495.000 ns	     23348	80004c90	2a2d3e93	sltiu	x29,x26,674	 x26:0x00000000 x29=0x00000001
     233515.000 ns	     23350	80004c94	208ba1d3	fsgnjx.s	f3,f23,f8	 f23:0x80000000  f8:0x421a8241  f3=0x80000000
     233545.000 ns	     23353	80004c98	20698ed3	fsgnj.s	f29,f19,f6	 f19:0x41800000  f6:0x7f800000 f29=0x41800000
     233565.000 ns	     23355	80004c9c	00095293	srli	x5,x18,0x0	 x18:0x7f800000  x5=0x7f800000
     233575.000 ns	     23356	80004ca0	eaf87e13	andi	x28,x16,-337	 x16:0x00000000 x28=0x00000000
     233585.000 ns	     23357	80004ca4	4b30ed93	ori	x27,x1,1203	  x1:0xffffffc0 x27=0xfffffff3
     233605.000 ns	     23359	80004ca8	215d0c53	fsgnj.s	f24,f26,f21	 f26:0xbf800000 f21:0x7fc00000 f24=0x3f800000
     233625.000 ns	     23361	80004cac	014a0833	add	x16,x20,x20	 x20:0x00033dff x20:0x00033dff x16=0x00067bfe
     233645.000 ns	     23363	80004cb0	21e21553	fsgnjn.s	f10,f4,f30	  f4:0x80000000 f30:0x00000000 f10=0x80000000
     233665.000 ns	     23365	80004cb4	00000013	addi	x0,x0,0	  x0:0x00000000
     233675.000 ns	     23366	80004cb8	000d8bb3	add	x23,x27,x0	 x27:0xfffffff3  x0:0x00000000 x23=0xfffffff3
     233685.000 ns	     23367	80004cbc	01c3b0b3	sltu	x1,x7,x28	  x7:0x00000000 x28:0x00000000  x1=0x00000000
     233695.000 ns	     23368	80004cc0	40700133	sub	x2,x0,x7	  x0:0x00000000  x7:0x00000000  x2=0x00000000
     233705.000 ns	     23369	80004cc4	01671333	sll	x6,x14,x22	 x14:0x00000000 x22:0x00000000  x6=0x00000000
     233735.000 ns	     23372	80004cc8	108390d3	fmul.s	f1,f7,f8	  f7:0x00000000  f8:0x421a8241  f1=0x00000000
     233755.000 ns	     23374	80004ccc	4021d7b3	sra	x15,x3,x2	  x3:0x00000000  x2:0x00000000 x15=0x00000000
     233775.000 ns	     23376	80004cd0	20578353	fsgnj.s	f6,f15,f5	 f15:0x80000000  f5:0x80000000  f6=0x80000000
     233795.000 ns	     23378	80004cd4	00c39c13	slli	x24,x7,0xc	  x7:0x00000000 x24=0x00000000
     233815.000 ns	     23380	80004cd8	20389d53	fsgnjn.s	f26,f17,f3	 f17:0x80000000  f3:0x80000000 f26=0x00000000
     233835.000 ns	     23382	80004cdc	00000013	addi	x0,x0,0	  x0:0x00000000
     233865.000 ns	     23385	80004ce0	5802f7d3	fsqrt.s	f15,f5	  f5:0x80000000 f15=0x80000000
     233895.000 ns	     23388	80004ce4	a15818d3	flt.s	x17,f16,f21	 f16:0x00000200 f21:0x7fc00000 x17=0x00000000
     233915.000 ns	     23390	80004ce8	00217433	and	x8,x2,x2	  x2:0x00000000  x2:0x00000000  x8=0x00000000
     233935.000 ns	     23392	80004cec	a1d0a1d3	feq.s	x3,f1,f29	  f1:0x00000000 f29:0x41800000  x3=0x00000000
     233955.000 ns	     23394	80004cf0	7ac9ed93	ori	x27,x19,1964	 x19:0x7f8004ab x27=0x7f8007af
     233965.000 ns	     23395	80004cf4	01a1c2b3	xor	x5,x3,x26	  x3:0x00000000 x26:0x00000000  x5=0x00000000
     233975.000 ns	     23396	80004cf8	00011eb3	sll	x29,x2,x0	  x2:0x00000000  x0:0x00000000 x29=0x00000000
     233985.000 ns	     23397	80004cfc	41beda33	sra	x20,x29,x27	 x29:0x00000001 x27:0x7f8007af x20=0x00000000
     234005.000 ns	     23399	80004d00	034428b3	mulhsu	x17,x8,x20	  x8:0x00000000 x20:0x00033dff x17=0x00000000
     234035.000 ns	     23402	80004d04	02607433	remu	x8,x0,x6	  x0:0x00000000  x6:0x00000000  x8=0x00000000
     234055.000 ns	     23404	80004d08	41a8de13	srai	x28,x17,0x1a	 x17:0x00000000 x28=0x00000000
     234065.000 ns	     23405	80004d0c	014f3a33	sltu	x20,x30,x20	 x30:0x00000000 x20:0x00000000 x20=0x00000000
     234085.000 ns	     23407	80004d10	03d65333	divu	x6,x12,x29	 x12:0x00000000 x29:0x00000000  x6=0xffffffff
     234115.000 ns	     23410	80004d14	0383f0b3	remu	x1,x7,x24	  x7:0x00000000 x24:0x00000000  x1=0x00000000
     234135.000 ns	     23412	80004d18	01c3c933	xor	x18,x7,x28	  x7:0x00000000 x28:0x00000000 x18=0x00000000
     234155.000 ns	     23414	80004d1c	031c75b3	remu	x11,x24,x17	 x24:0x00000000 x17:0x00000000 x11=0x00000000
     234175.000 ns	     23416	80004d20	6be94013	xori	x0,x18,1726	 x18:0x7f800000
     234195.000 ns	     23418	80004d24	c004f253	fcvt.w.s	x4,f9	  f9:0xc0000000  x4=0x00000002
     234225.000 ns	     23421	80004d28	299394d3	fmax.s	f9,f7,f25	  f7:0x00000000 f25:0x4e420005  f9=0x4e420005
     234255.000 ns	     23424	80004d2c	203ea053	fsgnjx.s	f0,f29,f3	 f29:0x41800000  f3:0x80000000  f0=0xc1800000
     234285.000 ns	     23427	80004d30	c002fc53	fcvt.w.s	x24,f5	  f5:0x80000000 x24=0x00000000
     234305.000 ns	     23429	80004d34	0174c6b3	xor	x13,x9,x23	  x9:0x80040fe4 x23:0xfffffff3 x13=0x7ffbf017
     234315.000 ns	     23430	80004d38	01fc28b3	slt	x17,x24,x31	 x24:0x00000000 x31:0x00000000 x17=0x00000000
     234335.000 ns	     23432	80004d3c	03c8b733	mulhu	x14,x17,x28	 x17:0x00000000 x28:0x00000000 x14=0x00000000
     234365.000 ns	     23435	80004d40	c00cf653	fcvt.w.s	x12,f25	 f25:0x4e420005 x12=0x30800140
     234395.000 ns	     23438	80004d44	021729b3	mulhsu	x19,x14,x1	 x14:0x00000000  x1:0x00000000 x19=0x00000000
     234415.000 ns	     23440	80004d48	38b34f13	xori	x30,x6,907	  x6:0xffffffff x30=0xfffffc74
     234435.000 ns	     23442	80004d4c	e0040a53	fmv.x.w	x20,f8	  f8:0x421a8241 x20=0x421a8241
     234455.000 ns	     23444	80004d50	946aca13	xori	x20,x21,-1722	 x21:0x80041024 x20=0x7ffbe962
     234465.000 ns	     23445	80004d54	003b0433	add	x8,x22,x3	 x22:0x00000000  x3:0x00000000  x8=0x00000000
     234475.000 ns	     23446	80004d58	00117d33	and	x26,x2,x1	  x2:0x00000000  x1:0x00000000 x26=0x00000000
     234495.000 ns	     23448	80004d5c	e00b82d3	fmv.x.w	x5,f23	 f23:0x80000000  x5=0x80000000
     234515.000 ns	     23450	80004d60	413ed213	srai	x4,x29,0x13	 x29:0x00000000  x4=0x00000000
     234535.000 ns	     23452	80004d64	20791cd3	fsgnjn.s	f25,f18,f7	 f18:0x00000000  f7:0x00000000 f25=0x80000000
     234565.000 ns	     23455	80004d68	02de8e33	mul	x28,x29,x13	 x29:0x00000000 x13:0x7ffbf017 x28=0x00000000
     234585.000 ns	     23457	80004d6c	66bd0713	addi	x14,x26,1643	 x26:0x00000000 x14=0x0000066b
     234605.000 ns	     23459	80004d70	c01cff53	fcvt.wu.s	x30,f25	 f25:0x80000000 x30=0x00000000
     234635.000 ns	     23462	80004d74	02d23db3	mulhu	x27,x4,x13	  x4:0x00000000 x13:0x7ffbf017 x27=0x00000000
     234665.000 ns	     23465	80004d78	e0049753	fclass.s	x14,f9	  f9:0x4e420005 x14=0x00000040
     234695.000 ns	     23468	80004d7c	280286d3	fmin.s	f13,f5,f0	  f5:0x80000000  f0:0xc1800000 f13=0xc1800000
     234725.000 ns	     23471	80004d80	03bc6233	rem	x4,x24,x27	 x24:0x00000000 x27:0x00000000  x4=0x00000000
     234745.000 ns	     23473	80004d84	7da9b513	sltiu	x10,x19,2010	 x19:0x00000000 x10=0x00000001
     234755.000 ns	     23474	80004d88	00000013	addi	x0,x0,0	  x0:0x00000000
     234765.000 ns	     23475	80004d8c	fd300c13	addi	x24,x0,-45	  x0:0x00000000 x24=0xffffffd3
     234775.000 ns	     23476	80004d90	411d8c33	sub	x24,x27,x17	 x27:0x00000000 x17:0x00000000 x24=0x00000000
     234795.000 ns	     23478	80004d94	29878353	fmin.s	f6,f15,f24	 f15:0x80000000 f24:0x3f800000  f6=0x80000000
     234815.000 ns	     23480	80004d98	4933a613	slti	x12,x7,1171	  x7:0x00000000 x12=0x00000001
     234825.000 ns	     23481	80004d9c	40225a33	sra	x20,x4,x2	  x4:0x00000000  x2:0x00000000 x20=0x00000000
     234835.000 ns	     23482	80004da0	40743f13	sltiu	x30,x8,1031	  x8:0x00000000 x30=0x00000001
     234855.000 ns	     23484	80004da4	03cff933	remu	x18,x31,x28	 x31:0x00000000 x28:0x00000000 x18=0x00000000
     234885.000 ns	     23487	80004da8	0277b8b3	mulhu	x17,x15,x7	 x15:0x00000000  x7:0x00000000 x17=0x00000000
     234905.000 ns	     23489	80004dac	2d80af93	slti	x31,x1,728	  x1:0x00000000 x31=0x00000001
     234925.000 ns	     23491	80004db0	d00a7453	fcvt.s.w	f8,x20	 x20:0x00000000  f8=0x00000000
     234945.000 ns	     23493	80004db4	2bbf8013	addi	x0,x31,699	 x31:0x00000000
     234965.000 ns	     23495	80004db8	d01b78d3	fcvt.s.wu	f17,x22	 x22:0x00000000 f17=0x00000000
     234995.000 ns	     23498	80004dbc	0284f733	remu	x14,x9,x8	  x9:0x80040fe4  x8:0x00000000 x14=0x80040fe4
     235015.000 ns	     23500	80004dc0	00000013	addi	x0,x0,0	  x0:0x00000000
     235025.000 ns	     23501	80004dc4	014327b3	slt	x15,x6,x20	  x6:0xffffffff x20:0x00000000 x15=0x00000001
     235045.000 ns	     23503	80004dc8	29ab1453	fmax.s	f8,f22,f26	 f22:0x00000000 f26:0x00000000  f8=0x00000000
     235065.000 ns	     23505	80004dcc	3df78593	addi	x11,x15,991	 x15:0x00000000 x11=0x000003e0
     235085.000 ns	     23507	80004dd0	a1c526d3	feq.s	x13,f10,f28	 f10:0x80000000 f28:0x00000000 x13=0x00000001
     235115.000 ns	     23510	80004dd4	c0121a53	fcvt.wu.s	x20,f4	  f4:0x80000000 x20=0x00000000
     235155.000 ns	     23514	80004dd8	180a76d3	fdiv.s	f13,f20,f0	 f20:0x00000000  f0:0xc1800000 f13=0x80000000
     235185.000 ns	     23517	80004ddc	d00474d3	fcvt.s.w	f9,x8	  x8:0x00000000  f9=0x00000000
     235205.000 ns	     23519	80004de0	00be5f93	srli	x31,x28,0xb	 x28:0x00000000 x31=0x00000000
     235215.000 ns	     23520	80004de4	dc9c7537	lui	x10,0xdc9c7	 x10=0xdc9c7000
     235225.000 ns	     23521	80004de8	019d9093	slli	x1,x27,0x19	 x27:0x00000000  x1=0x00000000
     235255.000 ns	     23524	80004dec	580471d3	fsqrt.s	f3,f8	  f8:0x00000000  f3=0x00000000
     235275.000 ns	     23526	80004df0	00ae6b33	or	x22,x28,x10	 x28:0x00000000 x10:0xdc9c7000 x22=0xdc9c7000
     235285.000 ns	     23527	80004df4	0086d113	srli	x2,x13,0x8	 x13:0x00000001  x2=0x00000000
     235295.000 ns	     23528	80004df8	00000013	addi	x0,x0,0	  x0:0x00000000
     235315.000 ns	     23530	80004dfc	217818d3	fsgnjn.s	f17,f16,f23	 f16:0x00000200 f23:0x80000000 f17=0x00000200
     235335.000 ns	     23532	80004e00	01fdab33	slt	x22,x27,x31	 x27:0x00000000 x31:0x00000000 x22=0x00000000
     235355.000 ns	     23534	80004e04	a11da5d3	feq.s	x11,f27,f17	 f27:0x00000000 f17:0x00000200 x11=0x00000000
     235375.000 ns	     23536	80004e08	00014333	xor	x6,x2,x0	  x2:0x00000000  x0:0x00000000  x6=0x00000000
     235395.000 ns	     23538	80004e0c	0260d8b3	divu	x17,x1,x6	  x1:0x00000000  x6:0xffffffff x17=0xffffffff
     235415.000 ns	     23540	80004e10	41e0f713	andi	x14,x1,1054	  x1:0x00000000 x14=0x00000000
     235425.000 ns	     23541	80004e14	40e28bb3	sub	x23,x5,x14	  x5:0x80000000 x14:0x80040fe4 x23=0x80000000
     235435.000 ns	     23542	80004e18	00f2f5b3	and	x11,x5,x15	  x5:0x80000000 x15:0x00000001 x11=0x00000000
     235455.000 ns	     23544	80004e1c	d0167bd3	fcvt.s.wu	f23,x12	 x12:0x00000001 f23=0x3f800000
     235485.000 ns	     23547	80004e20	02e85db3	divu	x27,x16,x14	 x16:0x00067bfe x14:0x00000000 x27=0xffffffff
     235505.000 ns	     23549	80004e24	00cb6533	or	x10,x22,x12	 x22:0x00000000 x12:0x00000001 x10=0x00000001
     235515.000 ns	     23550	80004e28	a3c24313	xori	x6,x4,-1476	  x4:0x00000000  x6=0xfffffa3c
     235525.000 ns	     23551	80004e2c	41f7d793	srai	x15,x15,0x1f	 x15:0x00000001 x15=0x00000000
     235545.000 ns	     23553	80004e30	a0aa0f53	fle.s	x30,f20,f10	 f20:0x00000000 f10:0x80000000 x30=0x00000001
     235575.000 ns	     23556	80004e34	a0a88ed3	fle.s	x29,f17,f10	 f17:0x00000200 f10:0x80000000 x29=0x00000000
     235945.000 ns	     23593	80004e38	02db41b3	div	x3,x22,x13	 x22:0x00000000 x13:0x00000001  x3=0x00000000
     235975.000 ns	     23596	80004e3c	025b0f33	mul	x30,x22,x5	 x22:0x00000000  x5:0x80000000 x30=0x00000000
     235995.000 ns	     23598	80004e40	41f9dd33	sra	x26,x19,x31	 x19:0x00000000 x31:0x00000000 x26=0x00000000
     236005.000 ns	     23599	80004e44	b5e02913	slti	x18,x0,-1186	  x0:0x00000000 x18=0x00000000
     236015.000 ns	     23600	80004e48	012fd193	srli	x3,x31,0x12	 x31:0x00000000  x3=0x00000000
     236025.000 ns	     23601	80004e4c	00333c33	sltu	x24,x6,x3	  x6:0xfffffa3c  x3:0x00000000 x24=0x00000000
     236045.000 ns	     23603	80004e50	c006b0d3	fcvt.w.s	x1,f13	 f13:0x80000000  x1=0x00000000
     236065.000 ns	     23605	80004e54	9c76c013	xori	x0,x13,-1593	 x13:0x00000001
     236075.000 ns	     23606	80004e58	a3c14993	xori	x19,x2,-1476	  x2:0x00000000 x19=0xfffffa3c
     236085.000 ns	     23607	80004e5c	c1c2a713	slti	x14,x5,-996	  x5:0x80000000 x14=0x00000001
     236115.000 ns	     23610	80004e60	58039fd3	fsqrt.s	f31,f7	  f7:0x00000000 f31=0x00000000
     236145.000 ns	     23613	80004e64	20da19d3	fsgnjn.s	f19,f20,f13	 f20:0x00000000 f13:0x80000000 f19=0x00000000
     236175.000 ns	     23616	80004e68	a14d13d3	flt.s	x7,f26,f20	 f26:0x00000000 f20:0x00000000  x7=0x00000000
     236205.000 ns	     23619	80004e6c	a16b08d3	fle.s	x17,f22,f22	 f22:0x00000000 f22:0x00000000 x17=0x00000001
     236225.000 ns	     23621	80004e70	01405813	srli	x16,x0,0x14	  x0:0x00000000 x16=0x00000000
     236235.000 ns	     23622	80004e74	dc638bb7	lui	x23,0xdc638	 x23=0xdc638000
     236595.000 ns	     23658	80004e78	02cc49b3	div	x19,x24,x12	 x24:0x00000000 x12:0x00000001 x19=0x00000000
     236615.000 ns	     23660	80004e7c	f1552837	lui	x16,0xf1552	 x16=0xf1552000
     236625.000 ns	     23661	80004e80	4d018d93	addi	x27,x3,1232	  x3:0x00000000 x27=0x000004d0
     236635.000 ns	     23662	80004e84	40078133	sub	x2,x15,x0	 x15:0x00000000  x0:0x00000000  x2=0x00000000
     236655.000 ns	     23664	80004e88	d006f8d3	fcvt.s.w	f17,x13	 x13:0x00000001 f17=0x3f800000
     236675.000 ns	     23666	80004e8c	e879b393	sltiu	x7,x19,-377	 x19:0x00000000  x7=0x00000001
     236695.000 ns	     23668	80004e90	c00bf0d3	fcvt.w.s	x1,f23	 f23:0x3f800000  x1=0x00000001
     236725.000 ns	     23671	80004e94	02a335b3	mulhu	x11,x6,x10	  x6:0xfffffa3c x10:0x00000001 x11=0x00000000
     236755.000 ns	     23674	80004e98	29548953	fmin.s	f18,f9,f21	  f9:0x00000000 f21:0x7fc00000 f18=0x00000000
     236785.000 ns	     23677	80004e9c	286b9453	fmax.s	f8,f23,f6	 f23:0x3f800000  f6:0x80000000  f8=0x3f800000
     236805.000 ns	     23679	80004ea0	2722eb93	ori	x23,x5,626	  x5:0x80000000 x23=0x80000272
     236815.000 ns	     23680	80004ea4	01af02b3	add	x5,x30,x26	 x30:0x00000000 x26:0x00000000  x5=0x00000000
     236825.000 ns	     23681	80004ea8	01605313	srli	x6,x0,0x16	  x0:0x00000000  x6=0x00000000
     236845.000 ns	     23683	80004eac	c00ef353	fcvt.w.s	x6,f29	 f29:0x41800000  x6=0x00000010
     236885.000 ns	     23687	80004eb0	18c8b8d3	fdiv.s	f17,f17,f12	 f17:0x3f800000 f12:0x80000000 f17=0xff800000
     236915.000 ns	     23690	80004eb4	034e3733	mulhu	x14,x28,x20	 x28:0x00000000 x20:0x00000000 x14=0x00000000
     236935.000 ns	     23692	80004eb8	e98bfe93	andi	x29,x23,-360	 x23:0x80000272 x29=0x80000210
     236945.000 ns	     23693	80004ebc	00000013	addi	x0,x0,0	  x0:0x00000000
     236955.000 ns	     23694	80004ec0	00b790b3	sll	x1,x15,x11	 x15:0x00000000 x11:0x00000000  x1=0x00000000
     236975.000 ns	     23696	80004ec4	d0032dd3	fcvt.s.w	f27,x6	  x6:0x00000010 f27=0x41800000
     237015.000 ns	     23700	80004ec8	1078fcd3	fmul.s	f25,f17,f7	 f17:0xff800000  f7:0x00000000 f25=0x7fc00000
     237035.000 ns	     23702	80004ecc	97783037	lui	x0,0x97783	
     237045.000 ns	     23703	80004ed0	00c2cc33	xor	x24,x5,x12	  x5:0x00000000 x12:0x00000001 x24=0x00000001
     237065.000 ns	     23705	80004ed4	02ffc7b3	div	x15,x31,x15	 x31:0x00000000 x15:0x00000000 x15=0xffffffff
     237115.000 ns	     23710	80004ed8	00357953	fadd.s	f18,f10,f3	 f10:0x80000000  f3:0x00000000 f18=0x00000000
     237145.000 ns	     23713	80004edc	a1908dd3	fle.s	x27,f1,f25	  f1:0x00000000 f25:0x7fc00000 x27=0x00000000
     237175.000 ns	     23716	80004ee0	e00c9d53	fclass.s	x26,f25	 f25:0x7fc00000 x26=0x00000200
     237195.000 ns	     23718	80004ee4	40ecdb93	srai	x23,x25,0xe	 x25:0x9a07254c x23=0xfffe681c
     237555.000 ns	     23754	80004ee8	037643b3	div	x7,x12,x23	 x12:0x00000001 x23:0x80000272  x7=0x00000000
     237585.000 ns	     23757	80004eec	c010a053	fcvt.wu.s	x0,f1	  f1:0x00000000
     237615.000 ns	     23760	80004ef0	201fa153	fsgnjx.s	f2,f31,f1	 f31:0x00000000  f1:0x00000000  f2=0x00000000
     237635.000 ns	     23762	80004ef4	01b456b3	srl	x13,x8,x27	  x8:0x00000000 x27:0x00000000 x13=0x00000000
     237645.000 ns	     23763	80004ef8	01261f13	slli	x30,x12,0x12	 x12:0x00000001 x30=0x00040000
     237665.000 ns	     23765	80004efc	0221cdb3	div	x27,x3,x2	  x3:0x00000000  x2:0x00000000 x27=0xffffffff
     237695.000 ns	     23768	80004f00	036603b3	mul	x7,x12,x22	 x12:0x00000001 x22:0x00000000  x7=0x00000000
     237715.000 ns	     23770	80004f04	01a70633	add	x12,x14,x26	 x14:0x00000000 x26:0x00000200 x12=0x00000200
     237735.000 ns	     23772	80004f08	028bdfb3	divu	x31,x23,x8	 x23:0xfffe681c  x8:0x00000000 x31=0xffffffff
     237765.000 ns	     23775	80004f0c	0314b733	mulhu	x14,x9,x17	  x9:0x80040fe4 x17:0x00000001 x14=0x00000000
     237795.000 ns	     23778	80004f10	204fadd3	fsgnjx.s	f27,f31,f4	 f31:0x00000000  f4:0x80000000 f27=0x80000000
     237825.000 ns	     23781	80004f14	c0157a53	fcvt.wu.s	x20,f10	 f10:0x80000000 x20=0x00000000
     237855.000 ns	     23784	80004f18	29178ad3	fmin.s	f21,f15,f17	 f15:0x80000000 f17:0xff800000 f21=0xff800000
     237885.000 ns	     23787	80004f1c	c01d9c53	fcvt.wu.s	x24,f27	 f27:0x80000000 x24=0x00000000
     237905.000 ns	     23789	80004f20	0136ddb3	srl	x27,x13,x19	 x13:0x00000000 x19:0x00000000 x27=0x00000000
     237915.000 ns	     23790	80004f24	003053b3	srl	x7,x0,x3	  x0:0x00000000  x3:0x00000000  x7=0x00000000
     237935.000 ns	     23792	80004f28	0272e833	rem	x16,x5,x7	  x5:0x00000000  x7:0x00000000 x16=0x00000000
     237965.000 ns	     23795	80004f2c	f00702d3	fmv.w.x	f5,x14	 x14:0x00000000  f5=0x00000000
     237985.000 ns	     23797	80004f30	40d80d33	sub	x26,x16,x13	 x16:0x00000000 x13:0x00000000 x26=0x00000000
     238005.000 ns	     23799	80004f34	203a82d3	fsgnj.s	f5,f21,f3	 f21:0xff800000  f3:0x00000000  f5=0x7f800000
     238035.000 ns	     23802	80004f38	025c2fb3	mulhsu	x31,x24,x5	 x24:0x00000000  x5:0x00000000 x31=0x00000000
     238055.000 ns	     23804	80004f3c	413fda33	sra	x20,x31,x19	 x31:0xffffffff x19:0x00000000 x20=0x00000000
     238415.000 ns	     23840	80004f40	031a53b3	divu	x7,x20,x17	 x20:0x00000000 x17:0x00000001  x7=0x00000000
     238435.000 ns	     23842	80004f44	6bd30093	addi	x1,x6,1725	  x6:0x00000010  x1=0x000006cd
     238445.000 ns	     23843	80004f48	008c5933	srl	x18,x24,x8	 x24:0x00000000  x8:0x00000000 x18=0x00000000
     238455.000 ns	     23844	80004f4c	00000013	addi	x0,x0,0	  x0:0x00000000
     238465.000 ns	     23845	80004f50	01ea5d93	srli	x27,x20,0x1e	 x20:0x00000000 x27=0x00000000
     238485.000 ns	     23847	80004f54	a1908553	fle.s	x10,f1,f25	  f1:0x00000000 f25:0x7fc00000 x10=0x00000000
     238525.000 ns	     23851	80004f58	198c8753	fdiv.s	f14,f25,f24	 f25:0x7fc00000 f24:0x3f800000 f14=0x7fc00000
     238545.000 ns	     23853	80004f5c	005e5bb3	srl	x23,x28,x5	 x28:0x00000000  x5:0x00000000 x23=0x00000000
     238555.000 ns	     23854	80004f60	00150f33	add	x30,x10,x1	 x10:0x00000000  x1:0x000006cd x30=0x000006cd
     238565.000 ns	     23855	80004f64	00000013	addi	x0,x0,0	  x0:0x00000000
     238575.000 ns	     23856	80004f68	00a4c9b3	xor	x19,x9,x10	  x9:0x80040fe4 x10:0x00000000 x19=0x80040fe4
     238605.000 ns	     23859	80004f6c	104d7653	fmul.s	f12,f26,f4	 f26:0x00000000  f4:0x80000000 f12=0x80000000
     238625.000 ns	     23861	80004f70	1b5b0293	addi	x5,x22,437	 x22:0x00000000  x5=0x000001b5
     238655.000 ns	     23864	80004f74	5809f953	fsqrt.s	f18,f19	 f19:0x00000000 f18=0x00000000
     238675.000 ns	     23866	80004f78	00c70f33	add	x30,x14,x12	 x14:0x00000000 x12:0x00000200 x30=0x00000200
     238685.000 ns	     23867	80004f7c	019e85b3	add	x11,x29,x25	 x29:0x80000210 x25:0x9a07254c x11=0x1a07275c
     238705.000 ns	     23869	80004f80	02765a33	divu	x20,x12,x7	 x12:0x00000200  x7:0x00000000 x20=0xffffffff
     238735.000 ns	     23872	80004f84	03bcd8b3	divu	x17,x25,x27	 x25:0x9a07254c x27:0x00000000 x17=0xffffffff
     238765.000 ns	     23875	80004f88	c004f2d3	fcvt.w.s	x5,f9	  f9:0x00000000  x5=0x00000000
     238795.000 ns	     23878	80004f8c	28221e53	fmax.s	f28,f4,f2	  f4:0x80000000  f2:0x00000000 f28=0x00000000
     238815.000 ns	     23880	80004f90	6c230d37	lui	x26,0x6c230	 x26=0x6c230000
     239175.000 ns	     23916	80004f94	03e7db33	divu	x22,x15,x30	 x15:0xffffffff x30:0x00000200 x22=0x007fffff
     239205.000 ns	     23919	80004f98	038671b3	remu	x3,x12,x24	 x12:0x00000200 x24:0x00000000  x3=0x00000200
     239225.000 ns	     23921	80004f9c	019a5233	srl	x4,x20,x25	 x20:0xffffffff x25:0x9a07254c  x4=0x000fffff
     239585.000 ns	     23957	80004fa0	03a76fb3	rem	x31,x14,x26	 x14:0x00000000 x26:0x6c230000 x31=0x00000000
     239625.000 ns	     23961	80004fa4	580d76d3	fsqrt.s	f13,f26	 f26:0x00000000 f13=0x00000000
     239655.000 ns	     23964	80004fa8	e00408d3	fmv.x.w	x17,f8	  f8:0x3f800000 x17=0x3f800000
     239675.000 ns	     23966	80004fac	01fadd93	srli	x27,x21,0x1f	 x21:0x80041024 x27=0x00000001
     239695.000 ns	     23968	80004fb0	20b71d53	fsgnjn.s	f26,f14,f11	 f14:0x7fc00000 f11:0x00000000 f26=0xffc00000
     239725.000 ns	     23971	80004fb4	20712dd3	fsgnjx.s	f27,f2,f7	  f2:0x00000000  f7:0x00000000 f27=0x00000000
     240095.000 ns	     24008	80004fb8	02697333	remu	x6,x18,x6	 x18:0x00000000  x6:0x00000010  x6=0x00000000
     240125.000 ns	     24011	80004fbc	c0033553	fcvt.w.s	x10,f6	  f6:0x80000000 x10=0x00000000
     240155.000 ns	     24014	80004fc0	28018fd3	fmin.s	f31,f3,f0	  f3:0x00000000  f0:0xc1800000 f31=0xc1800000
     240175.000 ns	     24016	80004fc4	001185b3	add	x11,x3,x1	  x3:0x00000200  x1:0x000006cd x11=0x000008cd
     240185.000 ns	     24017	80004fc8	18d73f93	sltiu	x31,x14,397	 x14:0x00000000 x31=0x00000001
     240195.000 ns	     24018	80004fcc	4194dd33	sra	x26,x9,x25	  x9:0x80040fe4 x25:0x9a07254c x26=0xfff80040
     240215.000 ns	     24020	80004fd0	02a1fa33	remu	x20,x3,x10	  x3:0x00000200 x10:0x00000000 x20=0x00000200
     240235.000 ns	     24022	80004fd4	00000013	addi	x0,x0,0	  x0:0x00000000
     240265.000 ns	     24025	80004fd8	58037ad3	fsqrt.s	f21,f6	  f6:0x80000000 f21=0x80000000
     240295.000 ns	     24028	80004fdc	d0097f53	fcvt.s.w	f30,x18	 x18:0x00000000 f30=0x00000000
     240315.000 ns	     24030	80004fe0	40ab9997	auipc	x19,0x40ab9	 x19=0xc0abdfe0
     240335.000 ns	     24032	80004fe4	d01a1953	fcvt.s.wu	f18,x20	 x20:0x00000200 f18=0x44000000
     240355.000 ns	     24034	80004fe8	004e3733	sltu	x14,x28,x4	 x28:0x00000000  x4:0x000fffff x14=0x00000001
     240375.000 ns	     24036	80004fec	d00a4dd3	fcvt.s.w	f27,x20	 x20:0x00000200 f27=0x44000000
     240405.000 ns	     24039	80004ff0	02991833	mulh	x16,x18,x9	 x18:0x00000000  x9:0x80040fe4 x16=0x00000000
     240435.000 ns	     24042	80004ff4	0380bb33	mulhu	x22,x1,x24	  x1:0x000006cd x24:0x00000000 x22=0x00000000
     240465.000 ns	     24045	80004ff8	d01c06d3	fcvt.s.wu	f13,x24	 x24:0x00000000 f13=0x00000000
     240495.000 ns	     24048	80004ffc	e00812d3	fclass.s	x5,f16	 f16:0x00000200  x5=0x00000020
     240525.000 ns	     24051	80005000	f00086d3	fmv.w.x	f13,x1	  x1:0x000006cd f13=0x000006cd
     240565.000 ns	     24055	80005004	1999c653	fdiv.s	f12,f19,f25	 f19:0x00000000 f25:0x7fc00000 f12=0x7fc00000
     240935.000 ns	     24092	80005008	0392e0b3	rem	x1,x5,x25	  x5:0x00000020 x25:0x9a07254c  x1=0x00000020
     240965.000 ns	     24095	8000500c	a0649253	flt.s	x4,f9,f6	  f9:0x00000000  f6:0x80000000  x4=0x00000000
     240995.000 ns	     24098	80005010	d012bfd3	fcvt.s.wu	f31,x5	  x5:0x00000020 f31=0x42000000
     241015.000 ns	     24100	80005014	0060dc33	srl	x24,x1,x6	  x1:0x00000020  x6:0x00000000 x24=0x00000020
     241025.000 ns	     24101	80005018	01a6e033	or	x0,x13,x26	 x13:0x00000000 x26:0xfff80040
     241045.000 ns	     24103	8000501c	29799a53	fmax.s	f20,f19,f23	 f19:0x00000000 f23:0x3f800000 f20=0x3f800000
     241065.000 ns	     24105	80005020	89e4f613	andi	x12,x9,-1890	  x9:0x80040fe4 x12=0x80040884
     241075.000 ns	     24106	80005024	00743733	sltu	x14,x8,x7	  x8:0x00000000  x7:0x00000000 x14=0x00000000
     241105.000 ns	     24109	80005028	58074753	fsqrt.s	f14,f14	 f14:0x7fc00000 f14=0x7fc00000
     241135.000 ns	     24112	8000502c	02e0e2b3	rem	x5,x1,x14	  x1:0x00000020 x14:0x00000001  x5=0x00000020
     241155.000 ns	     24114	80005030	006ad693	srli	x13,x21,0x6	 x21:0x80041024 x13=0x02001040
     241165.000 ns	     24115	80005034	c31cc193	xori	x3,x25,-975	 x25:0x9a07254c  x3=0x65f8d97d
     241175.000 ns	     24116	80005038	a77ba913	slti	x18,x23,-1417	 x23:0x00000000 x18=0x00000000
     241185.000 ns	     24117	8000503c	01d4c2b3	xor	x5,x9,x29	  x9:0x80040fe4 x29:0x80000210  x5=0x00040df4
     241195.000 ns	     24118	80005040	00000013	addi	x0,x0,0	  x0:0x00000000
     241205.000 ns	     24119	80005044	0064d713	srli	x14,x9,0x6	  x9:0x80040fe4 x14=0x0200103f
     241225.000 ns	     24121	80005048	c019f153	fcvt.wu.s	x2,f19	 f19:0x00000000  x2=0x00000000
     241245.000 ns	     24123	8000504c	001e1393	slli	x7,x28,0x1	 x28:0x00000000  x7=0x00000000
     241265.000 ns	     24125	80005050	02bf20b3	mulhsu	x1,x30,x11	 x30:0x00000200 x11:0x000008cd  x1=0x00000000
     241285.000 ns	     24127	80005054	00b01513	slli	x10,x0,0xb	  x0:0x00000000 x10=0x00000000
     241305.000 ns	     24129	80005058	f00706d3	fmv.w.x	f13,x14	 x14:0x0200103f f13=0x0200103f
     241325.000 ns	     24131	8000505c	40c187b3	sub	x15,x3,x12	  x3:0x65f8d97d x12:0x80040884 x15=0xe5f4d0f9
     241335.000 ns	     24132	80005060	02aa6717	auipc	x14,0x2aa6	 x14=0x82aab060
     241355.000 ns	     24134	80005064	d00bfe53	fcvt.s.w	f28,x23	 x23:0x00000000 f28=0x00000000
     241725.000 ns	     24171	80005068	02b0f933	remu	x18,x1,x11	  x1:0x00000000 x11:0x000008cd x18=0x00000000
     241745.000 ns	     24173	8000506c	e745f413	andi	x8,x11,-396	 x11:0x000008cd  x8=0x00000844
     242105.000 ns	     24209	80005070	03f87a33	remu	x20,x16,x31	 x16:0x00000000 x31:0x00000001 x20=0x00000000
     242125.000 ns	     24211	80005074	e0884693	xori	x13,x16,-504	 x16:0x00000000 x13=0xfffffe08
     242155.000 ns	     24214	80005078	11a47853	fmul.s	f16,f8,f26	  f8:0x3f800000 f26:0xffc00000 f16=0x7fc00000
     242175.000 ns	     24216	8000507c	4d30f293	andi	x5,x1,1235	  x1:0x00000000  x5=0x00000000
     242185.000 ns	     24217	80005080	ff21f813	andi	x16,x3,-14	  x3:0x65f8d97d x16=0x65f8d970
     242195.000 ns	     24218	80005084	017c3db3	sltu	x27,x24,x23	 x24:0x00000020 x23:0x00000000 x27=0x00000000
     242215.000 ns	     24220	80005088	021047b3	div	x15,x0,x1	  x0:0x00000000  x1:0x00000000 x15=0xffffffff
     242255.000 ns	     24224	8000508c	1044fb53	fmul.s	f22,f9,f4	  f9:0x00000000  f4:0x80000000 f22=0x80000000
     242275.000 ns	     24226	80005090	0152d537	lui	x10,0x152d	 x10=0x0152d000
     242635.000 ns	     24262	80005094	03ae6db3	rem	x27,x28,x26	 x28:0x00000000 x26:0xfff80040 x27=0x00000000
     242655.000 ns	     24264	80005098	c78e8437	lui	x8,0xc78e8	  x8=0xc78e8000
     242675.000 ns	     24266	8000509c	038e1033	mulh	x0,x28,x24	 x28:0x00000000 x24:0x00000020
     242695.000 ns	     24268	800050a0	00000013	addi	x0,x0,0	  x0:0x00000000
     242705.000 ns	     24269	800050a4	006605b3	add	x11,x12,x6	 x12:0x80040884  x6:0x00000000 x11=0x80040884
     242745.000 ns	     24273	800050a8	0186ab53	fadd.s	f22,f13,f24	 f13:0x0200103f f24:0x3f800000 f22=0x3f800000
     242785.000 ns	     24277	800050ac	112b08d3	fmul.s	f17,f22,f18	 f22:0x80000000 f18:0x44000000 f17=0x44000000
     242815.000 ns	     24280	800050b0	295b94d3	fmax.s	f9,f23,f21	 f23:0x3f800000 f21:0x80000000  f9=0x3f800000
     243185.000 ns	     24317	800050b4	039e75b3	remu	x11,x28,x25	 x28:0x00000000 x25:0x9a07254c x11=0x00000000
     243215.000 ns	     24320	800050b8	d009f7d3	fcvt.s.w	f15,x19	 x19:0xc0abdfe0 f15=0xce7d5080
     243245.000 ns	     24323	800050bc	e0041553	fclass.s	x10,f8	  f8:0x3f800000 x10=0x00000040
     243275.000 ns	     24326	800050c0	03f13e33	mulhu	x28,x2,x31	  x2:0x00000000 x31:0x00000001 x28=0x00000000
     243305.000 ns	     24329	800050c4	21af2253	fsgnjx.s	f4,f30,f26	 f30:0x00000000 f26:0xffc00000  f4=0x80000000
     243325.000 ns	     24331	800050c8	00f7b2b3	sltu	x5,x15,x15	 x15:0xffffffff x15:0xffffffff  x5=0x00000000
     243365.000 ns	     24335	800050cc	086a71d3	fsub.s	f3,f20,f6	 f20:0x3f800000  f6:0x80000000  f3=0x3f800000
     243395.000 ns	     24338	800050d0	02f5b1b3	mulhu	x3,x11,x15	 x11:0x00000000 x15:0xffffffff  x3=0x00000000
     243415.000 ns	     24340	800050d4	01a95233	srl	x4,x18,x26	 x18:0x00000000 x26:0xfff80040  x4=0x00000000
     243445.000 ns	     24343	800050d8	58067053	fsqrt.s	f0,f12	 f12:0x7fc00000  f0=0x7fc00000
     243465.000 ns	     24345	800050dc	0012bbb3	sltu	x23,x5,x1	  x5:0x00000000  x1:0x00000000 x23=0x00000000
     243485.000 ns	     24347	800050e0	a1fd2c53	feq.s	x24,f26,f31	 f26:0xffc00000 f31:0x42000000 x24=0x00000000
     243855.000 ns	     24384	800050e4	033f5d33	divu	x26,x30,x19	 x30:0x00000200 x19:0xc0abdfe0 x26=0x00000000
     243875.000 ns	     24386	800050e8	017bb633	sltu	x12,x23,x23	 x23:0x00000000 x23:0x00000000 x12=0x00000000
     243895.000 ns	     24388	800050ec	a19ea1d3	feq.s	x3,f29,f25	 f29:0x41800000 f25:0x7fc00000  x3=0x00000000
     243925.000 ns	     24391	800050f0	21959fd3	fsgnjn.s	f31,f11,f25	 f11:0x00000000 f25:0x7fc00000 f31=0x80000000
     243945.000 ns	     24393	800050f4	c8686213	ori	x4,x16,-890	 x16:0x65f8d970  x4=0xfffffdf6
     243975.000 ns	     24396	800050f8	185dc553	fdiv.s	f10,f27,f5	 f27:0x44000000  f5:0x7f800000 f10=0x00000000
     244005.000 ns	     24399	800050fc	03a4a9b3	mulhsu	x19,x9,x26	  x9:0x80040fe4 x26:0x00000000 x19=0x00000000
     244025.000 ns	     24401	80005100	01fb3c33	sltu	x24,x22,x31	 x22:0x00000000 x31:0x00000001 x24=0x00000001
     244035.000 ns	     24402	80005104	a4767417	auipc	x8,0xa4767	  x8=0x2476c104
     244395.000 ns	     24438	80005108	039d7c33	remu	x24,x26,x25	 x26:0x00000000 x25:0x9a07254c x24=0x00000000
     244415.000 ns	     24440	8000510c	b59cbb93	sltiu	x23,x25,-1191	 x25:0x9a07254c x23=0x00000001
     244455.000 ns	     24444	80005110	009e77d3	fadd.s	f15,f28,f9	 f28:0x00000000  f9:0x3f800000 f15=0x3f800000
     244475.000 ns	     24446	80005114	4075d093	srai	x1,x11,0x7	 x11:0x00000000  x1=0x00000000
     244495.000 ns	     24448	80005118	207a1bd3	fsgnjn.s	f23,f20,f7	 f20:0x3f800000  f7:0x00000000 f23=0xbf800000
     244525.000 ns	     24451	8000511c	28878e53	fmin.s	f28,f15,f8	 f15:0x3f800000  f8:0x3f800000 f28=0x3f800000
     244545.000 ns	     24453	80005120	00c63733	sltu	x14,x12,x12	 x12:0x00000000 x12:0x00000000 x14=0x00000000
     244565.000 ns	     24455	80005124	e0048bd3	fmv.x.w	x23,f9	  f9:0x3f800000 x23=0x3f800000
     244605.000 ns	     24459	80005128	11481853	fmul.s	f16,f16,f20	 f16:0x7fc00000 f20:0x3f800000 f16=0x7fc00000
     244645.000 ns	     24463	8000512c	58001ad3	fsqrt.s	f21,f0	  f0:0x7fc00000 f21=0x7fc00000
     244665.000 ns	     24465	80005130	0c08fb93	andi	x23,x17,192	 x17:0x3f800000 x23=0x00000000
     244685.000 ns	     24467	80005134	f00e07d3	fmv.w.x	f15,x28	 x28:0x00000000 f15=0x00000000
     244705.000 ns	     24469	80005138	00000013	addi	x0,x0,0	  x0:0x00000000
     244715.000 ns	     24470	8000513c	00000013	addi	x0,x0,0	  x0:0x00000000
     244735.000 ns	     24472	80005140	03099233	mulh	x4,x19,x16	 x19:0x00000000 x16:0x65f8d970  x4=0x00000000
     244755.000 ns	     24474	80005144	417d5933	sra	x18,x26,x23	 x26:0x00000000 x23:0x00000000 x18=0x00000000
     244765.000 ns	     24475	80005148	0171b7b3	sltu	x15,x3,x23	  x3:0x00000000 x23:0x00000000 x15=0x00000000
     244775.000 ns	     24476	8000514c	01e99b93	slli	x23,x19,0x1e	 x19:0x00000000 x23=0x00000000
     244805.000 ns	     24479	80005150	18ac7fd3	fdiv.s	f31,f24,f10	 f24:0x3f800000 f10:0x00000000 f31=0x7f800000
     244825.000 ns	     24481	80005154	5debea37	lui	x20,0x5debe	 x20=0x5debe000
     244835.000 ns	     24482	80005158	005bebb3	or	x23,x23,x5	 x23:0x00000000  x5:0x00000000 x23=0x00000000
     244845.000 ns	     24483	8000515c	01308bb3	add	x23,x1,x19	  x1:0x00000000 x19:0x00000000 x23=0x00000000
     244865.000 ns	     24485	80005160	a1bfac53	feq.s	x24,f31,f27	 f31:0x7f800000 f27:0x44000000 x24=0x00000000
     244885.000 ns	     24487	80005164	b927f193	andi	x3,x15,-1134	 x15:0x00000000  x3=0x00000000
     244905.000 ns	     24489	80005168	03aa5fb3	divu	x31,x20,x26	 x20:0x5debe000 x26:0x00000000 x31=0xffffffff
     244935.000 ns	     24492	8000516c	0228f233	remu	x4,x17,x2	 x17:0x3f800000  x2:0x00000000  x4=0x3f800000
     244965.000 ns	     24495	80005170	03443533	mulhu	x10,x8,x20	  x8:0x2476c104 x20:0x5debe000 x10=0x0d60bd09
     244985.000 ns	     24497	80005174	018fe833	or	x16,x31,x24	 x31:0xffffffff x24:0x00000000 x16=0xffffffff
     244995.000 ns	     24498	80005178	00042db3	slt	x27,x8,x0	  x8:0x2476c104  x0:0x00000000 x27=0x00000000
     245005.000 ns	     24499	8000517c	003b90b3	sll	x1,x23,x3	 x23:0x00000000  x3:0x00000000  x1=0x00000000
     245025.000 ns	     24501	80005180	e00480d3	fmv.x.w	x1,f9	  f9:0x3f800000  x1=0x3f800000
     245395.000 ns	     24538	80005184	035cd5b3	divu	x11,x25,x21	 x25:0x9a07254c x21:0x80041024 x11=0x00000001
     245425.000 ns	     24541	80005188	a0849353	flt.s	x6,f9,f8	  f9:0x3f800000  f8:0x3f800000  x6=0x00000000
     245455.000 ns	     24544	8000518c	e00612d3	fclass.s	x5,f12	 f12:0x7fc00000  x5=0x00000200
     245475.000 ns	     24546	80005190	cd538393	addi	x7,x7,-811	  x7:0x00000000  x7=0xfffffcd5
     245485.000 ns	     24547	80005194	0010a3b3	slt	x7,x1,x1	  x1:0x3f800000  x1:0x3f800000  x7=0x00000000
     245495.000 ns	     24548	80005198	e88bbeb7	lui	x29,0xe88bb	 x29=0xe88bb000
     245515.000 ns	     24550	8000519c	e00611d3	fclass.s	x3,f12	 f12:0x7fc00000  x3=0x00000200
     245535.000 ns	     24552	800051a0	0177d793	srli	x15,x15,0x17	 x15:0x00000000 x15=0x00000000
     245545.000 ns	     24553	800051a4	00f8a1b3	slt	x3,x17,x15	 x17:0x3f800000 x15:0x00000000  x3=0x00000000
     245565.000 ns	     24555	800051a8	03738333	mul	x6,x7,x23	  x7:0x00000000 x23:0x00000000  x6=0x00000000
     245595.000 ns	     24558	800051ac	0227bdb3	mulhu	x27,x15,x2	 x15:0x00000000  x2:0x00000000 x27=0x00000000
     245615.000 ns	     24560	800051b0	8a7a7113	andi	x2,x20,-1881	 x20:0x5debe000  x2=0x5debe000
     245625.000 ns	     24561	800051b4	01c1e9b3	or	x19,x3,x28	  x3:0x00000000 x28:0x00000000 x19=0x00000000
     245645.000 ns	     24563	800051b8	03ce3233	mulhu	x4,x28,x28	 x28:0x00000000 x28:0x00000000  x4=0x00000000
     245675.000 ns	     24566	800051bc	02f5c533	div	x10,x11,x15	 x11:0x00000001 x15:0x00000000 x10=0xffffffff
     246045.000 ns	     24603	800051c0	0352e033	rem	x0,x5,x21	  x5:0x00000200 x21:0x80041024
     246075.000 ns	     24606	800051c4	20d325d3	fsgnjx.s	f11,f6,f13	  f6:0x80000000 f13:0x0200103f f11=0x80000000
     246105.000 ns	     24609	800051c8	d0151b53	fcvt.s.wu	f22,x10	 x10:0xffffffff f22=0x4f7fffff
     246125.000 ns	     24611	800051cc	01465f93	srli	x31,x12,0x14	 x12:0x00000000 x31=0x00000000
     246135.000 ns	     24612	800051d0	416e0233	sub	x4,x28,x22	 x28:0x00000000 x22:0x00000000  x4=0x00000000
     246155.000 ns	     24614	800051d4	a1041f53	flt.s	x30,f8,f16	  f8:0x3f800000 f16:0x7fc00000 x30=0x00000000
     246175.000 ns	     24616	800051d8	409f5f13	srai	x30,x30,0x9	 x30:0x00000200 x30=0x00000000
     246195.000 ns	     24618	800051dc	025499b3	mulh	x19,x9,x5	  x9:0x80040fe4  x5:0x00000200 x19=0xffffff00
     246215.000 ns	     24620	800051e0	00041893	slli	x17,x8,0x0	  x8:0x2476c104 x17=0x2476c104
     246235.000 ns	     24622	800051e4	20df9253	fsgnjn.s	f4,f31,f13	 f31:0x7f800000 f13:0x0200103f  f4=0xff800000
     246255.000 ns	     24624	800051e8	ef7da793	slti	x15,x27,-265	 x27:0x00000000 x15=0x00000000
     246265.000 ns	     24625	800051ec	00f0d413	srli	x8,x1,0xf	  x1:0x3f800000  x8=0x00007f00
     246275.000 ns	     24626	800051f0	d4dc3c13	sltiu	x24,x24,-691	 x24:0x00000000 x24=0x00000001
     246315.000 ns	     24630	800051f4	094923d3	fsub.s	f7,f18,f20	 f18:0x44000000 f20:0x3f800000  f7=0x43ff8000
     246335.000 ns	     24632	800051f8	00984533	xor	x10,x16,x9	 x16:0xffffffff  x9:0x80040fe4 x10=0x7ffbf01b
     246355.000 ns	     24634	800051fc	e00d1053	fclass.s	x0,f26	 f26:0xffc00000
     246375.000 ns	     24636	80005200	413650b3	sra	x1,x12,x19	 x12:0x00000000 x19:0xffffff00  x1=0x00000000
     246385.000 ns	     24637	80005204	e3fe7793	andi	x15,x28,-449	 x28:0x00000000 x15=0x00000000
     246405.000 ns	     24639	80005208	02497fb3	remu	x31,x18,x4	 x18:0x00000000  x4:0x00000000 x31=0x00000000
     246775.000 ns	     24676	8000520c	0395ec33	rem	x24,x11,x25	 x11:0x00000001 x25:0x9a07254c x24=0x00000001
     246795.000 ns	     24678	80005210	01af4533	xor	x10,x30,x26	 x30:0x00000000 x26:0x00000000 x10=0x00000000
     246805.000 ns	     24679	80005214	6a308d17	auipc	x26,0x6a308	 x26=0xea30d214
     246825.000 ns	     24681	80005218	c004f9d3	fcvt.w.s	x19,f9	  f9:0x3f800000 x19=0x00000001
     246845.000 ns	     24683	8000521c	40340333	sub	x6,x8,x3	  x8:0x00007f00  x3:0x00000000  x6=0x00007f00
     246885.000 ns	     24687	80005220	0832ff53	fsub.s	f30,f5,f3	  f5:0x7f800000  f3:0x3f800000 f30=0x7f800000
     246915.000 ns	     24690	80005224	a1e1a2d3	feq.s	x5,f3,f30	  f3:0x3f800000 f30:0x00000000  x5=0x00000000
     246945.000 ns	     24693	80005228	036903b3	mul	x7,x18,x22	 x18:0x00000000 x22:0x00000000  x7=0x00000000
     246965.000 ns	     24695	8000522c	00df17b3	sll	x15,x30,x13	 x30:0x00000000 x13:0xfffffe08 x15=0x00000000
     246985.000 ns	     24697	80005230	03c08933	mul	x18,x1,x28	  x1:0x00000000 x28:0x00000000 x18=0x00000000
     247005.000 ns	     24699	80005234	40440bb3	sub	x23,x8,x4	  x8:0x00007f00  x4:0x00000000 x23=0x00007f00
     247025.000 ns	     24701	80005238	a1790053	fle.s	x0,f18,f23	 f18:0x44000000 f23:0xbf800000
     247055.000 ns	     24704	8000523c	206fa253	fsgnjx.s	f4,f31,f6	 f31:0x7f800000  f6:0x80000000  f4=0xff800000
     247075.000 ns	     24706	80005240	01f060b3	or	x1,x0,x31	  x0:0x00000000 x31:0x00000000  x1=0x00000000
     247095.000 ns	     24708	80005244	e00f0753	fmv.x.w	x14,f30	 f30:0x7f800000 x14=0x7f800000
     247135.000 ns	     24712	80005248	186cfc53	fdiv.s	f24,f25,f6	 f25:0x7fc00000  f6:0x80000000 f24=0x7fc00000
     247165.000 ns	     24715	8000524c	020145b3	div	x11,x2,x0	  x2:0x5debe000  x0:0x00000000 x11=0xffffffff
     247535.000 ns	     24752	80005250	0223e5b3	rem	x11,x7,x2	  x7:0x00000000  x2:0x5debe000 x11=0x00000000
     247565.000 ns	     24755	80005254	d00c75d3	fcvt.s.w	f11,x24	 x24:0x00000001 f11=0x3f800000
     247595.000 ns	     24758	80005258	a1509d53	flt.s	x26,f1,f21	  f1:0x00000000 f21:0x7fc00000 x26=0x00000000
     247625.000 ns	     24761	8000525c	28dd1653	fmax.s	f12,f26,f13	 f26:0xffc00000 f13:0x0200103f f12=0x0200103f
     247645.000 ns	     24763	80005260	41a25a33	sra	x20,x4,x26	  x4:0x00000000 x26:0x00000000 x20=0x00000000
     247665.000 ns	     24765	80005264	e0010253	fmv.x.w	x4,f2	  f2:0x00000000  x4=0x00000000
     247695.000 ns	     24768	80005268	e0028e53	fmv.x.w	x28,f5	  f5:0x7f800000 x28=0x7f800000
     247715.000 ns	     24770	8000526c	30cd4513	xori	x10,x26,780	 x26:0x00000000 x10=0x0000030c
     247725.000 ns	     24771	80005270	933d7717	auipc	x14,0x933d7	 x14=0x133dc270
     247745.000 ns	     24773	80005274	29ef9ed3	fmax.s	f29,f31,f30	 f31:0x7f800000 f30:0x7f800000 f29=0x7f800000
     247785.000 ns	     24777	80005278	11c106d3	fmul.s	f13,f2,f28	  f2:0x00000000 f28:0x3f800000 f13=0x00000000
     247815.000 ns	     24780	8000527c	e0011b53	fclass.s	x22,f2	  f2:0x00000000 x22=0x00000010
     247835.000 ns	     24782	80005280	87243637	lui	x12,0x87243	 x12=0x87243000
     247845.000 ns	     24783	80005284	f1fcb193	sltiu	x3,x25,-225	 x25:0x9a07254c  x3=0x00000001
     247865.000 ns	     24785	80005288	c01c1053	fcvt.wu.s	x0,f24	 f24:0x7fc00000
     247895.000 ns	     24788	8000528c	02b4eb33	rem	x22,x9,x11	  x9:0x80040fe4 x11:0x00000000 x22=0x80040fe4
     247925.000 ns	     24791	80005290	20261e53	fsgnjn.s	f28,f12,f2	 f12:0x0200103f  f2:0x00000000 f28=0x8200103f
     247955.000 ns	     24794	80005294	21191653	fsgnjn.s	f12,f18,f17	 f18:0x44000000 f17:0x44000000 f12=0xc4000000
     247985.000 ns	     24797	80005298	2066a353	fsgnjx.s	f6,f13,f6	 f13:0x00000000  f6:0x80000000  f6=0x80000000
     248005.000 ns	     24799	8000529c	7c031137	lui	x2,0x7c031	  x2=0x7c031000
     248025.000 ns	     24801	800052a0	a0e6a653	feq.s	x12,f13,f14	 f13:0x00000000 f14:0x7fc00000 x12=0x00000000
     248045.000 ns	     24803	800052a4	00a9d913	srli	x18,x19,0xa	 x19:0x00000001 x18=0x00000000
     248055.000 ns	     24804	800052a8	011b9113	slli	x2,x23,0x11	 x23:0x00007f00  x2=0xfe000000
     248065.000 ns	     24805	800052ac	413c5913	srai	x18,x24,0x13	 x24:0x00000001 x18=0x00000000
     248075.000 ns	     24806	800052b0	01507533	and	x10,x0,x21	  x0:0x00000000 x21:0x80041024 x10=0x00000000
     248085.000 ns	     24807	800052b4	41265db3	sra	x27,x12,x18	 x12:0x00000000 x18:0x00000000 x27=0x00000000
     248095.000 ns	     24808	800052b8	7ca0b913	sltiu	x18,x1,1994	  x1:0x00000000 x18=0x00000001
     248105.000 ns	     24809	800052bc	01354433	xor	x8,x10,x19	 x10:0x00000000 x19:0x00000001  x8=0x00000001
     248115.000 ns	     24810	800052c0	01df9313	slli	x6,x31,0x1d	 x31:0x00000000  x6=0x00000000
     248135.000 ns	     24812	800052c4	028e2033	mulhsu	x0,x28,x8	 x28:0x7f800000  x8:0x00007f00
     248165.000 ns	     24815	800052c8	21f09fd3	fsgnjn.s	f31,f1,f31	  f1:0x00000000 f31:0x7f800000 f31=0x80000000
     248195.000 ns	     24818	800052cc	a04fa5d3	feq.s	x11,f31,f4	 f31:0x7f800000  f4:0xff800000 x11=0x00000000
     248215.000 ns	     24820	800052d0	40a1ddb3	sra	x27,x3,x10	  x3:0x00000001 x10:0x00000000 x27=0x00000001
     248225.000 ns	     24821	800052d4	01263fb3	sltu	x31,x12,x18	 x12:0x00000000 x18:0x00000001 x31=0x00000001
     248585.000 ns	     24857	800052d8	02825833	divu	x16,x4,x8	  x4:0x00000000  x8:0x00000001 x16=0x00000000
     248605.000 ns	     24859	800052dc	01939313	slli	x6,x7,0x19	  x7:0x00000000  x6=0x00000000
     248625.000 ns	     24861	800052e0	02019333	mulh	x6,x3,x0	  x3:0x00000001  x0:0x00000000  x6=0x00000000
     248995.000 ns	     24898	800052e4	03fc5033	divu	x0,x24,x31	 x24:0x00000001 x31:0x00000001
     249015.000 ns	     24900	800052e8	00b61513	slli	x10,x12,0xb	 x12:0x00000000 x10=0x00000000
     249035.000 ns	     24902	800052ec	20bb9d53	fsgnjn.s	f26,f23,f11	 f23:0xbf800000 f11:0x3f800000 f26=0xbf800000
     250215.000 ns	     25020	800052f0	5808b9d3	fsqrt.s	f19,f17	 f17:0x44000000 f19=0x41350482
     250245.000 ns	     25023	800052f4	29b48353	fmin.s	f6,f9,f27	  f9:0x3f800000 f27:0x44000000  f6=0x3f800000
     250275.000 ns	     25026	800052f8	0205ec33	rem	x24,x11,x0	 x11:0x00000000  x0:0x00000000 x24=0x00000000
     250295.000 ns	     25028	800052fc	000c7833	and	x16,x24,x0	 x24:0x00000001  x0:0x00000000 x16=0x00000000
     250305.000 ns	     25029	80005300	e60fc293	xori	x5,x31,-416	 x31:0x00000001  x5=0xfffffe61
     250325.000 ns	     25031	80005304	a1e48753	fle.s	x14,f9,f30	  f9:0x3f800000 f30:0x7f800000 x14=0x00000001
     250345.000 ns	     25033	80005308	0026da13	srli	x20,x13,0x2	 x13:0xfffffe08 x20=0x3fffff82
     250365.000 ns	     25035	8000530c	a0470c53	fle.s	x24,f14,f4	 f14:0x7fc00000  f4:0xff800000 x24=0x00000000
     250385.000 ns	     25037	80005310	d7d7be17	auipc	x28,0xd7d7b	 x28=0x57d80310
     250405.000 ns	     25039	80005314	d00989d3	fcvt.s.w	f19,x19	 x19:0x00000001 f19=0x3f800000
     250425.000 ns	     25041	80005318	0090d693	srli	x13,x1,0x9	  x1:0x00000000 x13=0x00000000
     250445.000 ns	     25043	8000531c	e0099153	fclass.s	x2,f19	 f19:0x3f800000  x2=0x00000040
     250475.000 ns	     25046	80005320	d00ef953	fcvt.s.w	f18,x29	 x29:0xe88bb000 f18=0xcdbba280
     250845.000 ns	     25083	80005324	0354c733	div	x14,x9,x21	  x9:0x80040fe4 x21:0x80041024 x14=0x00000001
     250875.000 ns	     25086	80005328	02420c33	mul	x24,x4,x4	  x4:0x00000000  x4:0x00000000 x24=0x00000000
     250905.000 ns	     25089	8000532c	035c9333	mulh	x6,x25,x21	 x25:0x9a07254c x21:0x80041024  x6=0x32facf08
     250935.000 ns	     25092	80005330	e00c8a53	fmv.x.w	x20,f25	 f25:0x7fc00000 x20=0x7fc00000
     250955.000 ns	     25094	80005334	412a5293	srai	x5,x20,0x12	 x20:0x3fffff82  x5=0x00001ff0
     250975.000 ns	     25096	80005338	c00bbd53	fcvt.w.s	x26,f23	 f23:0xbf800000 x26=0xffffffff
     251345.000 ns	     25133	8000533c	022fcf33	div	x30,x31,x2	 x31:0x00000001  x2:0x00000040 x30=0x00000000
     251375.000 ns	     25136	80005340	21a79853	fsgnjn.s	f16,f15,f26	 f15:0x00000000 f26:0xbf800000 f16=0x00000000
     251405.000 ns	     25139	80005344	c00aa0d3	fcvt.w.s	x1,f21	 f21:0x7fc00000  x1=0x7fffffff
     251455.000 ns	     25144	80005348	091af053	fsub.s	f0,f21,f17	 f21:0x7fc00000 f17:0x44000000  f0=0x7fc00000
     251485.000 ns	     25147	8000534c	02d56133	rem	x2,x10,x13	 x10:0x00000000 x13:0x00000000  x2=0x00000000
     251525.000 ns	     25151	80005350	1098f053	fmul.s	f0,f17,f9	 f17:0x44000000  f9:0x3f800000  f0=0x44000000
     251555.000 ns	     25154	80005354	0302e633	rem	x12,x5,x16	  x5:0x00001ff0 x16:0x00000000 x12=0x00001ff0
     251585.000 ns	     25157	80005358	a171a753	feq.s	x14,f3,f23	  f3:0x3f800000 f23:0xbf800000 x14=0x00000000
     251615.000 ns	     25160	8000535c	e00205d3	fmv.x.w	x11,f4	  f4:0xff800000 x11=0xff800000
     251645.000 ns	     25163	80005360	020446b3	div	x13,x8,x0	  x8:0x00000001  x0:0x00000000 x13=0xffffffff
     251665.000 ns	     25165	80005364	13647013	andi	x0,x8,310	  x8:0x00000001
     251675.000 ns	     25166	80005368	01a91eb3	sll	x29,x18,x26	 x18:0x00000001 x26:0xffffffff x29=0x80000000
     251705.000 ns	     25169	8000536c	58057153	fsqrt.s	f2,f10	 f10:0x00000000  f2=0x00000000
     251735.000 ns	     25172	80005370	02f73733	mulhu	x14,x14,x15	 x14:0x00000000 x15:0x00000000 x14=0x00000000
     251755.000 ns	     25174	80005374	000891b3	sll	x3,x17,x0	 x17:0x2476c104  x0:0x00000000  x3=0x2476c104
     251765.000 ns	     25175	80005378	00d5f3b3	and	x7,x11,x13	 x11:0xff800000 x13:0xffffffff  x7=0xff800000
     251775.000 ns	     25176	8000537c	0054ad33	slt	x26,x9,x5	  x9:0x80040fe4  x5:0x00001ff0 x26=0x00000001
     251795.000 ns	     25178	80005380	03dda733	mulhsu	x14,x27,x29	 x27:0x00000001 x29:0x80000000 x14=0x00000000
     251815.000 ns	     25180	80005384	e49e80b7	lui	x1,0xe49e8	  x1=0xe49e8000
     252175.000 ns	     25216	80005388	02cc5933	divu	x18,x24,x12	 x24:0x00000000 x12:0x00001ff0 x18=0x00000000
     252205.000 ns	     25219	8000538c	2081a053	fsgnjx.s	f0,f3,f8	  f3:0x3f800000  f8:0x3f800000  f0=0x3f800000
     252245.000 ns	     25223	80005390	105cf253	fmul.s	f4,f25,f5	 f25:0x7fc00000  f5:0x7f800000  f4=0x7fc00000
     252285.000 ns	     25227	80005394	58017253	fsqrt.s	f4,f2	  f2:0x00000000  f4=0x00000000
     252305.000 ns	     25229	80005398	8d634c13	xori	x24,x6,-1834	  x6:0x32facf08 x24=0xcd0537de
     252315.000 ns	     25230	8000539c	001f5b13	srli	x22,x30,0x1	 x30:0x00000000 x22=0x00000000
     252325.000 ns	     25231	800053a0	5aedab13	slti	x22,x27,1454	 x27:0x00000001 x22=0x00000001
     252335.000 ns	     25232	800053a4	40b1d333	sra	x6,x3,x11	  x3:0x2476c104 x11:0xff800000  x6=0x2476c104
     253425.000 ns	     25341	800053a8	580a7a53	fsqrt.s	f20,f20	 f20:0x3f800000 f20=0x3f7fffae
     253445.000 ns	     25343	800053ac	418dd993	srai	x19,x27,0x18	 x27:0x00000001 x19=0x00000000
     253455.000 ns	     25344	800053b0	40ff8a33	sub	x20,x31,x15	 x31:0x00000001 x15:0x00000000 x20=0x00000001
     253475.000 ns	     25346	800053b4	d0074353	fcvt.s.w	f6,x14	 x14:0x00000000  f6=0x00000000
     253495.000 ns	     25348	800053b8	5bf28213	addi	x4,x5,1471	  x5:0x00001ff0  x4=0x000025af
     253515.000 ns	     25350	800053bc	c0052153	fcvt.w.s	x2,f10	 f10:0x00000000  x2=0x00000000
     253535.000 ns	     25352	800053c0	332e7093	andi	x1,x28,818	 x28:0x57d80310  x1=0x00000310
     254705.000 ns	     25469	800053c4	5805ce53	fsqrt.s	f28,f11	 f11:0x3f800000 f28=0x3f7fffae
     254735.000 ns	     25472	800053c8	a07028d3	feq.s	x17,f0,f7	  f0:0x3f800000  f7:0x43ff8000 x17=0x00000000
     254765.000 ns	     25475	800053cc	c01533d3	fcvt.wu.s	x7,f10	 f10:0x00000000  x7=0x00000000
     254785.000 ns	     25477	800053d0	0116b5b3	sltu	x11,x13,x17	 x13:0xffffffff x17:0x00000000 x11=0x00000000
     254815.000 ns	     25480	800053d4	11d9f5d3	fmul.s	f11,f19,f29	 f19:0x3f800000 f29:0x7f800000 f11=0x7f800000
     254845.000 ns	     25483	800053d8	02706933	rem	x18,x0,x7	  x0:0x00000000  x7:0x00000000 x18=0x00000000
     254875.000 ns	     25486	800053dc	0255a9b3	mulhsu	x19,x11,x5	 x11:0x00000000  x5:0x00001ff0 x19=0x00000000
     254905.000 ns	     25489	800053e0	d01179d3	fcvt.s.wu	f19,x2	  x2:0x00000000 f19=0x00000000
     254925.000 ns	     25491	800053e4	14c3c013	xori	x0,x7,332	  x7:0x00000000
     254945.000 ns	     25493	800053e8	f00a87d3	fmv.w.x	f15,x21	 x21:0x80041024 f15=0x80041024
     254975.000 ns	     25496	800053ec	20c79953	fsgnjn.s	f18,f15,f12	 f15:0x00000000 f12:0xc4000000 f18=0x00041024
     255005.000 ns	     25499	800053f0	02d7beb3	mulhu	x29,x15,x13	 x15:0x00000000 x13:0xffffffff x29=0x00000000
     255025.000 ns	     25501	800053f4	019d3533	sltu	x10,x26,x25	 x26:0x00000001 x25:0x9a07254c x10=0x00000001
     255035.000 ns	     25502	800053f8	00000013	addi	x0,x0,0	  x0:0x00000000
     255045.000 ns	     25503	800053fc	019f4933	xor	x18,x30,x25	 x30:0x00000000 x25:0x9a07254c x18=0x9a07254c
     255055.000 ns	     25504	80005400	453f4e13	xori	x28,x30,1107	 x30:0x00000000 x28=0x00000453
     255065.000 ns	     25505	80005404	006e3f33	sltu	x30,x28,x6	 x28:0x57d80310  x6:0x2476c104 x30=0x00000001
     255085.000 ns	     25507	80005408	e00b9253	fclass.s	x4,f23	 f23:0xbf800000  x4=0x00000002
     255105.000 ns	     25509	8000540c	00e5bb33	sltu	x22,x11,x14	 x11:0x00000000 x14:0x00000000 x22=0x00000000
     255125.000 ns	     25511	80005410	e00297d3	fclass.s	x15,f5	  f5:0x7f800000 x15=0x00000080
     255145.000 ns	     25513	80005414	0179e233	or	x4,x19,x23	 x19:0x00000000 x23:0x00007f00  x4=0x00007f00
     255165.000 ns	     25515	80005418	021d1db3	mulh	x27,x26,x1	 x26:0x00000001  x1:0x00000310 x27=0x00000000
     255195.000 ns	     25518	8000541c	03004633	div	x12,x0,x16	  x0:0x00000000 x16:0x00000000 x12=0xffffffff
     255225.000 ns	     25521	80005420	21f79753	fsgnjn.s	f14,f15,f31	 f15:0x80041024 f31:0x80000000 f14=0x00041024
     255245.000 ns	     25523	80005424	00000013	addi	x0,x0,0	  x0:0x00000000
     255605.000 ns	     25559	80005428	029a5d33	divu	x26,x20,x9	 x20:0x00000001  x9:0x80040fe4 x26=0x00000000
     255635.000 ns	     25562	8000542c	d00e7953	fcvt.s.w	f18,x28	 x28:0x00000453 f18=0x448a6000
     255665.000 ns	     25565	80005430	f00003d3	fmv.w.x	f7,x0	  x0:0x00000000  f7=0x00000000
     256845.000 ns	     25683	80005434	5801f553	fsqrt.s	f10,f3	  f3:0x3f800000 f10=0x3f7fffae
     256875.000 ns	     25686	80005438	20248a53	fsgnj.s	f20,f9,f2	  f9:0x3f800000  f2:0x00000000 f20=0x3f800000
     256915.000 ns	     25690	8000543c	5802bad3	fsqrt.s	f21,f5	  f5:0x7f800000 f21=0x7f800000
     256935.000 ns	     25692	80005440	005ed7b3	srl	x15,x29,x5	 x29:0x00000000  x5:0x00001ff0 x15=0x00000000
     256945.000 ns	     25693	80005444	018be733	or	x14,x23,x24	 x23:0x00007f00 x24:0xcd0537de x14=0xcd057fde
     256965.000 ns	     25695	80005448	20832053	fsgnjx.s	f0,f6,f8	  f6:0x00000000  f8:0x3f800000  f0=0x00000000
     256985.000 ns	     25697	8000544c	413cd913	srai	x18,x25,0x13	 x25:0x9a07254c x18=0xfffff340
     256995.000 ns	     25698	80005450	012e6fb3	or	x31,x28,x18	 x28:0x00000453 x18:0x9a07254c x31=0xfffff753
     257015.000 ns	     25700	80005454	29250a53	fmin.s	f20,f10,f18	 f10:0x3f7fffae f18:0x448a6000 f20=0x3f7fffae
     257045.000 ns	     25703	80005458	a0508a53	fle.s	x20,f1,f5	  f1:0x00000000  f5:0x7f800000 x20=0x00000001
     257065.000 ns	     25705	8000545c	011978b3	and	x17,x18,x17	 x18:0xfffff340 x17:0x00000000 x17=0x00000000
     257085.000 ns	     25707	80005460	02f020b3	mulhsu	x1,x0,x15	  x0:0x00000000 x15:0x00000000  x1=0x00000000
     257115.000 ns	     25710	80005464	f00d8b53	fmv.w.x	f22,x27	 x27:0x00000000 f22=0x00000000
     257165.000 ns	     25715	80005468	09754353	fsub.s	f6,f10,f23	 f10:0x3f7fffae f23:0xbf800000  f6=0x3fffffd7
     258055.000 ns	     25804	8000546c	58097753	fsqrt.s	f14,f18	 f18:0x448a6000 f14=0x420515ed
     258085.000 ns	     25807	80005470	21049c53	fsgnjn.s	f24,f9,f16	  f9:0x3f800000 f16:0x00000000 f24=0xbf800000
     258115.000 ns	     25810	80005474	d01dfe53	fcvt.s.wu	f28,x27	 x27:0x00000000 f28=0x00000000
     258145.000 ns	     25813	80005478	28b319d3	fmax.s	f19,f6,f11	  f6:0x3fffffd7 f11:0x7f800000 f19=0x7f800000
     258165.000 ns	     25815	8000547c	cbc4c393	xori	x7,x9,-836	  x9:0x80040fe4  x7=0x7ffbf358
     258185.000 ns	     25817	80005480	20821053	fsgnjn.s	f0,f4,f8	  f4:0x00000000  f8:0x3f800000  f0=0x80000000
     258205.000 ns	     25819	80005484	00ee50b3	srl	x1,x28,x14	 x28:0x00000453 x14:0xcd057fde  x1=0x00000000
     258215.000 ns	     25820	80005488	002c17b3	sll	x15,x24,x2	 x24:0xcd0537de  x2:0x00000000 x15=0xcd0537de
     258225.000 ns	     25821	8000548c	f87c4293	xori	x5,x24,-121	 x24:0xcd0537de  x5=0x32fac859
     258245.000 ns	     25823	80005490	216b9253	fsgnjn.s	f4,f23,f22	 f23:0xbf800000 f22:0x00000000  f4=0xbf800000
     258275.000 ns	     25826	80005494	e0088e53	fmv.x.w	x28,f17	 f17:0x44000000 x28=0x44000000
     258305.000 ns	     25829	80005498	02b2a633	mulhsu	x12,x5,x11	  x5:0x32fac859 x11:0x00000000 x12=0x00000000
     258325.000 ns	     25831	8000549c	9c614b93	xori	x23,x2,-1594	  x2:0x00000000 x23=0xfffff9c6
     258345.000 ns	     25833	800054a0	e0028653	fmv.x.w	x12,f5	  f5:0x7f800000 x12=0x7f800000
     258375.000 ns	     25836	800054a4	a06d1953	flt.s	x18,f26,f6	 f26:0xbf800000  f6:0x3fffffd7 x18=0x00000001
     258395.000 ns	     25838	800054a8	01d19113	slli	x2,x3,0x1d	  x3:0x2476c104  x2=0x80000000
     258405.000 ns	     25839	800054ac	009f45b3	xor	x11,x30,x9	 x30:0x00000001  x9:0x80040fe4 x11=0x80040fe5
     258425.000 ns	     25841	800054b0	f0088253	fmv.w.x	f4,x17	 x17:0x00000000  f4=0x00000000
     258445.000 ns	     25843	800054b4	017c1113	slli	x2,x24,0x17	 x24:0xcd0537de  x2=0xef000000
     258455.000 ns	     25844	800054b8	f53aff13	andi	x30,x21,-173	 x21:0x80041024 x30=0x80041000
     258465.000 ns	     25845	800054bc	6819a697	auipc	x13,0x6819a	 x13=0xe819f4bc
     258475.000 ns	     25846	800054c0	01b31613	slli	x12,x6,0x1b	  x6:0x2476c104 x12=0x20000000
     258835.000 ns	     25882	800054c4	0236c533	div	x10,x13,x3	 x13:0xffffffff  x3:0x2476c104 x10=0x00000000
     258885.000 ns	     25887	800054c8	08be7c53	fsub.s	f24,f28,f11	 f28:0x00000000 f11:0x7f800000 f24=0xff800000
     258905.000 ns	     25889	800054cc	00937bb3	and	x23,x6,x9	  x6:0x2476c104  x9:0x80040fe4 x23=0x00040104
     258925.000 ns	     25891	800054d0	a0689253	flt.s	x4,f17,f6	 f17:0x44000000  f6:0x3fffffd7  x4=0x00000000
     258945.000 ns	     25893	800054d4	017e1893	slli	x17,x28,0x17	 x28:0x44000000 x17=0x00000000
     258955.000 ns	     25894	800054d8	1ad03d37	lui	x26,0x1ad03	 x26=0x1ad03000
     258965.000 ns	     25895	800054dc	10d6ed93	ori	x27,x13,269	 x13:0xe819f4bc x27=0xe819f5bd
     258985.000 ns	     25897	800054e0	21611453	fsgnjn.s	f8,f2,f22	  f2:0x00000000 f22:0x00000000  f8=0x80000000
     259015.000 ns	     25900	800054e4	e0060653	fmv.x.w	x12,f12	 f12:0xc4000000 x12=0xc4000000
     259035.000 ns	     25902	800054e8	00000013	addi	x0,x0,0	  x0:0x00000000
     259045.000 ns	     25903	800054ec	40ffdbb3	sra	x23,x31,x15	 x31:0xfffff753 x15:0xcd0537de x23=0xffffffff
     259065.000 ns	     25905	800054f0	206e9453	fsgnjn.s	f8,f29,f6	 f29:0x7f800000  f6:0x3fffffd7  f8=0xff800000
     259105.000 ns	     25909	800054f4	1100a053	fmul.s	f0,f1,f16	  f1:0x00000000 f16:0x00000000  f0=0x00000000
     259125.000 ns	     25911	800054f8	41c40c33	sub	x24,x8,x28	  x8:0x00000001 x28:0x44000000 x24=0xbc000001
     259135.000 ns	     25912	800054fc	52326693	ori	x13,x4,1315	  x4:0x00000000 x13=0x00000523
     259145.000 ns	     25913	80005500	0129f613	andi	x12,x19,18	 x19:0x00000000 x12=0x00000000
     259155.000 ns	     25914	80005504	170c4113	xori	x2,x24,368	 x24:0xbc000001  x2=0xbc000171
     259175.000 ns	     25916	80005508	c013f553	fcvt.wu.s	x10,f7	  f7:0x00000000 x10=0x00000000
     259205.000 ns	     25919	8000550c	a03b2353	feq.s	x6,f22,f3	 f22:0x00000000  f3:0x3f800000  x6=0x00000000
     259225.000 ns	     25921	80005510	4046d813	srai	x16,x13,0x4	 x13:0x00000523 x16=0x00000052
     259235.000 ns	     25922	80005514	01c0bfb3	sltu	x31,x1,x28	  x1:0x00000000 x28:0x44000000 x31=0x00000001
     259595.000 ns	     25958	80005518	02276033	rem	x0,x14,x2	 x14:0xcd057fde  x2:0xbc000171
     259615.000 ns	     25960	8000551c	009df9b3	and	x19,x27,x9	 x27:0xe819f5bd  x9:0x80040fe4 x19=0x800005a4
     259625.000 ns	     25961	80005520	0081c233	xor	x4,x3,x8	  x3:0x2476c104  x8:0x00000001  x4=0x2476c105
     259635.000 ns	     25962	80005524	00000013	addi	x0,x0,0	  x0:0x00000000
     259645.000 ns	     25963	80005528	40c10633	sub	x12,x2,x12	  x2:0xbc000171 x12:0x00000000 x12=0xbc000171
     259655.000 ns	     25964	8000552c	86018917	auipc	x18,0x86018	 x18=0x0601d52c
     259675.000 ns	     25966	80005530	e00a80d3	fmv.x.w	x1,f21	 f21:0x7f800000  x1=0x7f800000
     259695.000 ns	     25968	80005534	0137bbb3	sltu	x23,x15,x19	 x15:0xcd0537de x19:0x800005a4 x23=0x00000000
     259735.000 ns	     25972	80005538	00319c53	fadd.s	f24,f3,f3	  f3:0x3f800000  f3:0x3f800000 f24=0x40000000
     259755.000 ns	     25974	8000553c	004a10b3	sll	x1,x20,x4	 x20:0x00000001  x4:0x2476c105  x1=0x00000020
     259775.000 ns	     25976	80005540	20022ad3	fsgnjx.s	f21,f4,f0	  f4:0x00000000  f0:0x00000000 f21=0x00000000
     259795.000 ns	     25978	80005544	00d91513	slli	x10,x18,0xd	 x18:0x0601d52c x10=0x3aa58000
     259815.000 ns	     25980	80005548	a0ba9bd3	flt.s	x23,f21,f11	 f21:0x00000000 f11:0x7f800000 x23=0x00000001
     259845.000 ns	     25983	8000554c	c01f2653	fcvt.wu.s	x12,f30	 f30:0x7f800000 x12=0xffffffff
     259865.000 ns	     25985	80005550	00b55313	srli	x6,x10,0xb	 x10:0x3aa58000  x6=0x000754b0
     259885.000 ns	     25987	80005554	03aa21b3	mulhsu	x3,x20,x26	 x20:0x00000001 x26:0x1ad03000  x3=0x00000000
     259905.000 ns	     25989	80005558	53df0e93	addi	x29,x30,1341	 x30:0x80041000 x29=0x8004153d
     259915.000 ns	     25990	8000555c	41d05433	sra	x8,x0,x29	  x0:0x00000000 x29:0x00000000  x8=0x00000000
     259935.000 ns	     25992	80005560	a1d713d3	flt.s	x7,f14,f29	 f14:0x420515ed f29:0x7f800000  x7=0x00000001
     259955.000 ns	     25994	80005564	01ecc2b3	xor	x5,x25,x30	 x25:0x9a07254c x30:0x80041000  x5=0x1a03354c
     259965.000 ns	     25995	80005568	000b0eb3	add	x29,x22,x0	 x22:0x00000000  x0:0x00000000 x29=0x00000000
     259975.000 ns	     25996	8000556c	08bace13	xori	x28,x21,139	 x21:0x80041024 x28=0x800410af
     259995.000 ns	     25998	80005570	a06498d3	flt.s	x17,f9,f6	  f9:0x3f800000  f6:0x3fffffd7 x17=0x00000001
     260025.000 ns	     26001	80005574	f0068353	fmv.w.x	f6,x13	 x13:0x00000523  f6=0x00000523
     260045.000 ns	     26003	80005578	63004413	xori	x8,x0,1584	  x0:0x00000000  x8=0x00000630
     260065.000 ns	     26005	8000557c	022b29b3	mulhsu	x19,x22,x2	 x22:0x00000000  x2:0xbc000171 x19=0x00000000
     260095.000 ns	     26008	80005580	02969333	mulh	x6,x13,x9	 x13:0x00000523  x9:0x80040fe4  x6=0xfffffd6e
     260135.000 ns	     26012	80005584	580b06d3	fsqrt.s	f13,f22	 f22:0x00000000 f13=0x00000000
     260505.000 ns	     26049	80005588	0228d033	divu	x0,x17,x2	 x17:0x00000001  x2:0xbc000171
     260525.000 ns	     26051	8000558c	012707b3	add	x15,x14,x18	 x14:0xcd057fde x18:0x0601d52c x15=0xd307550a
     260535.000 ns	     26052	80005590	012020b3	slt	x1,x0,x18	  x0:0x00000000 x18:0x0601d52c  x1=0x00000001
     260565.000 ns	     26055	80005594	10c08353	fmul.s	f6,f1,f12	  f1:0x00000000 f12:0xc4000000  f6=0x80000000
     260595.000 ns	     26058	80005598	208319d3	fsgnjn.s	f19,f6,f8	  f6:0x00000523  f8:0xff800000 f19=0x00000000
     260615.000 ns	     26060	8000559c	00f4e633	or	x12,x9,x15	  x9:0x80040fe4 x15:0xd307550a x12=0xd3075fee
     260635.000 ns	     26062	800055a0	a0cf1d53	flt.s	x26,f30,f12	 f30:0x7f800000 f12:0xc4000000 x26=0x00000000
     260665.000 ns	     26065	800055a4	206a97d3	fsgnjn.s	f15,f21,f6	 f21:0x00000000  f6:0x80000000 f15=0x00000000
     260715.000 ns	     26070	800055a8	093522d3	fsub.s	f5,f10,f19	 f10:0x3f7fffae f19:0x00000000  f5=0x3f7fffae
     261085.000 ns	     26107	800055ac	02484633	div	x12,x16,x4	 x16:0x00000052  x4:0x2476c105 x12=0x00000000
     261115.000 ns	     26110	800055b0	d0174ed3	fcvt.s.wu	f29,x14	 x14:0xcd057fde f29=0x4f4d0580
     261145.000 ns	     26113	800055b4	e0028253	fmv.x.w	x4,f5	  f5:0x3f7fffae  x4=0x3f7fffae
     261165.000 ns	     26115	800055b8	8ec84213	xori	x4,x16,-1812	 x16:0x00000052  x4=0xfffff8be
     261185.000 ns	     26117	800055bc	020082b3	mul	x5,x1,x0	  x1:0x00000001  x0:0x00000000  x5=0x00000000
     261205.000 ns	     26119	800055c0	5a7110b7	lui	x1,0x5a711	  x1=0x5a711000
     261235.000 ns	     26122	800055c4	580cfe53	fsqrt.s	f28,f25	 f25:0x7fc00000 f28=0x7fc00000
     261265.000 ns	     26125	800055c8	025d9eb3	mulh	x29,x27,x5	 x27:0xe819f5bd  x5:0x00000000 x29=0x00000000
     261295.000 ns	     26128	800055cc	a061add3	feq.s	x27,f3,f6	  f3:0x3f800000  f6:0x80000000 x27=0x00000000
     261325.000 ns	     26131	800055d0	02513d33	mulhu	x26,x2,x5	  x2:0xbc000171  x5:0x00000000 x26=0x00000000
     261355.000 ns	     26134	800055d4	02c35733	divu	x14,x6,x12	  x6:0xfffffd6e x12:0x00000000 x14=0xffffffff
     261725.000 ns	     26171	800055d8	022b4933	div	x18,x22,x2	 x22:0x00000000  x2:0xbc000171 x18=0x00000000
     261765.000 ns	     26175	800055dc	1933f2d3	fdiv.s	f5,f7,f19	  f7:0x00000000 f19:0x00000000  f5=0x7fc00000
     261785.000 ns	     26177	800055e0	00b45433	srl	x8,x8,x11	  x8:0x00000630 x11:0x80040fe5  x8=0x00000031
     261795.000 ns	     26178	800055e4	c960fe13	andi	x28,x1,-874	  x1:0x5a711000 x28=0x5a711000
     261825.000 ns	     26181	800055e8	1957fd53	fdiv.s	f26,f15,f21	 f15:0x00000000 f21:0x00000000 f26=0x7fc00000
     261875.000 ns	     26186	800055ec	08f477d3	fsub.s	f15,f8,f15	  f8:0xff800000 f15:0x00000000 f15=0xff800000
     261905.000 ns	     26189	800055f0	02028f33	mul	x30,x5,x0	  x5:0x00000000  x0:0x00000000 x30=0x00000000
     261925.000 ns	     26191	800055f4	89f6c513	xori	x10,x13,-1889	 x13:0x00000523 x10=0xfffffdbc
     261935.000 ns	     26192	800055f8	4ce7e513	ori	x10,x15,1230	 x15:0xd307550a x10=0xd30755ce
     261945.000 ns	     26193	800055fc	c4698213	addi	x4,x19,-954	 x19:0x00000000  x4=0xfffffc46
     261965.000 ns	     26195	80005600	03189d33	mulh	x26,x17,x17	 x17:0x00000001 x17:0x00000001 x26=0x00000000
     262335.000 ns	     26232	80005604	03826e33	rem	x28,x4,x24	  x4:0xfffff8be x24:0xbc000001 x28=0xfffffc46
     262355.000 ns	     26234	80005608	0084f733	and	x14,x9,x8	  x9:0x80040fe4  x8:0x00000031 x14=0x00000020
     262365.000 ns	     26235	8000560c	0149c6b3	xor	x13,x19,x20	 x19:0x00000000 x20:0x00000001 x13=0x00000001
     262405.000 ns	     26239	80005610	0167a653	fadd.s	f12,f15,f22	 f15:0xff800000 f22:0x00000000 f12=0xff800000
     262425.000 ns	     26241	80005614	b393ea17	auipc	x20,0xb393e	 x20=0x33943614
     262445.000 ns	     26243	80005618	d00dfe53	fcvt.s.w	f28,x27	 x27:0x00000000 f28=0x00000000
     262465.000 ns	     26245	8000561c	0125c133	xor	x2,x11,x18	 x11:0x80040fe5 x18:0x00000000  x2=0x80040fe5
     262495.000 ns	     26248	80005620	1060fc53	fmul.s	f24,f1,f6	  f1:0x00000000  f6:0x80000000 f24=0x80000000
     262525.000 ns	     26251	80005624	29f29053	fmax.s	f0,f5,f31	  f5:0x7fc00000 f31:0x80000000  f0=0x80000000
     262555.000 ns	     26254	80005628	022a06b3	mul	x13,x20,x2	 x20:0x33943614  x2:0x80040fe5 x13=0xab0f8be4
     262595.000 ns	     26258	8000562c	1970a0d3	fdiv.s	f1,f1,f23	  f1:0x00000000 f23:0xbf800000  f1=0x80000000
     262615.000 ns	     26260	80005630	417d51b3	sra	x3,x26,x23	 x26:0x00000000 x23:0x00000001  x3=0x00000000
     262625.000 ns	     26261	80005634	018c8db3	add	x27,x25,x24	 x25:0x9a07254c x24:0xbc000001 x27=0x5607254d
     262985.000 ns	     26297	80005638	02a5e833	rem	x16,x11,x10	 x11:0x80040fe5 x10:0xd30755ce x16=0xd9f56449
     263015.000 ns	     26300	8000563c	d01dc153	fcvt.s.wu	f2,x27	 x27:0x00000000  f2=0x4eac0e4b
     263035.000 ns	     26302	80005640	00c270b3	and	x1,x4,x12	  x4:0xfffffc46 x12:0x00000000  x1=0x00000000
     263045.000 ns	     26303	80005644	ecf3e193	ori	x3,x7,-305	  x7:0x00000001  x3=0xfffffecf
     264215.000 ns	     26420	80005648	580a2453	fsqrt.s	f8,f20	 f20:0x3f7fffae  f8=0x3f35042a
     264235.000 ns	     26422	8000564c	013649b3	xor	x19,x12,x19	 x12:0x00000000 x19:0x00000000 x19=0x00000000
     264255.000 ns	     26424	80005650	e00c05d3	fmv.x.w	x11,f24	 f24:0x80000000 x11=0x80000000
     264275.000 ns	     26426	80005654	369dab37	lui	x22,0x369da	 x22=0x369da000
     264285.000 ns	     26427	80005658	77504013	xori	x0,x0,1909	  x0:0x00000000
     264295.000 ns	     26428	8000565c	00f14333	xor	x6,x2,x15	  x2:0x80040fe5 x15:0xd307550a  x6=0x53035aef
     264305.000 ns	     26429	80005660	01913eb3	sltu	x29,x2,x25	  x2:0x80040fe5 x25:0x9a07254c x29=0x00000001
     264325.000 ns	     26431	80005664	c007f853	fcvt.w.s	x16,f15	 f15:0xff800000 x16=0x80000000
     264355.000 ns	     26434	80005668	d0133ed3	fcvt.s.wu	f29,x6	  x6:0x53035aef f29=0x4ea606b6
     264375.000 ns	     26436	8000566c	00110733	add	x14,x2,x1	  x2:0x80040fe5  x1:0x00000000 x14=0x80040fe5
     264395.000 ns	     26438	80005670	215caad3	fsgnjx.s	f21,f25,f21	 f25:0x7fc00000 f21:0x00000000 f21=0x7fc00000
     264415.000 ns	     26440	80005674	00000013	addi	x0,x0,0	  x0:0x00000000
     264435.000 ns	     26442	80005678	d0079153	fcvt.s.w	f2,x15	 x15:0xd307550a  f2=0xce33e2ab
     264805.000 ns	     26479	8000567c	023dd3b3	divu	x7,x27,x3	 x27:0x5607254d  x3:0xfffffecf  x7=0x00000000
     264825.000 ns	     26481	80005680	01f65333	srl	x6,x12,x31	 x12:0x00000000 x31:0x00000001  x6=0x00000000
     264845.000 ns	     26483	80005684	e00502d3	fmv.x.w	x5,f10	 f10:0x3f7fffae  x5=0x3f7fffae
     264875.000 ns	     26486	80005688	a113a3d3	feq.s	x7,f7,f17	  f7:0x00000000 f17:0x44000000  x7=0x00000000
     264905.000 ns	     26489	8000568c	f00484d3	fmv.w.x	f9,x9	  x9:0x80040fe4  f9=0x80040fe4
     264935.000 ns	     26492	80005690	025abd33	mulhu	x26,x21,x5	 x21:0x80041024  x5:0x3f7fffae x26=0x1fc101d7
     264955.000 ns	     26494	80005694	018febb3	or	x23,x31,x24	 x31:0x00000001 x24:0xbc000001 x23=0xbc000001
     264965.000 ns	     26495	80005698	016e1c13	slli	x24,x28,0x16	 x28:0xfffffc46 x24=0x11800000
     265325.000 ns	     26531	8000569c	03cace33	div	x28,x21,x28	 x21:0x80041024 x28:0xfffffc46 x28=0x002257ff
     265345.000 ns	     26533	800056a0	01313913	sltiu	x18,x2,19	  x2:0x80040fe5 x18=0x00000000
     265355.000 ns	     26534	800056a4	000351b3	srl	x3,x6,x0	  x6:0x00000000  x0:0x00000000  x3=0x00000000
     265715.000 ns	     26570	800056a8	034bd733	divu	x14,x23,x20	 x23:0xbc000001 x20:0x33943614 x14=0x00000003
     266085.000 ns	     26607	800056ac	036157b3	divu	x15,x2,x22	  x2:0x80040fe5 x22:0x369da000 x15=0x00000002
     266105.000 ns	     26609	800056b0	01d018b3	sll	x17,x0,x29	  x0:0x00000000 x29:0x00000001 x17=0x00000000
     266125.000 ns	     26611	800056b4	a0ab2b53	feq.s	x22,f22,f10	 f22:0x00000000 f10:0x3f7fffae x22=0x00000000
     266145.000 ns	     26613	800056b8	004749b3	xor	x19,x14,x4	 x14:0x00000003  x4:0xfffffc46 x19=0xfffffc45
     266505.000 ns	     26649	800056bc	03fbf2b3	remu	x5,x23,x31	 x23:0xbc000001 x31:0x00000001  x5=0x00000000
     266875.000 ns	     26686	800056c0	03b95c33	divu	x24,x18,x27	 x18:0x00000000 x27:0x5607254d x24=0x00000000
     266915.000 ns	     26690	800056c4	58027653	fsqrt.s	f12,f4	  f4:0x00000000 f12=0x00000000
     266935.000 ns	     26692	800056c8	40af5fb3	sra	x31,x30,x10	 x30:0x00000000 x10:0xd30755ce x31=0x00000000
     266955.000 ns	     26694	800056cc	295e0b53	fmin.s	f22,f28,f21	 f28:0x00000000 f21:0x7fc00000 f22=0x00000000
     266985.000 ns	     26697	800056d0	03108a33	mul	x20,x1,x17	  x1:0x00000000 x17:0x00000000 x20=0x00000000
     267005.000 ns	     26699	800056d4	00ccc5b3	xor	x11,x25,x12	 x25:0x9a07254c x12:0x00000000 x11=0x9a07254c
     267025.000 ns	     26701	800056d8	f0070cd3	fmv.w.x	f25,x14	 x14:0x00000003 f25=0x00000003
     267055.000 ns	     26704	800056dc	a0b7a0d3	feq.s	x1,f15,f11	 f15:0xff800000 f11:0x7f800000  x1=0x00000000
     267105.000 ns	     26709	800056e0	00649f53	fadd.s	f30,f9,f6	  f9:0x80040fe4  f6:0x80000000 f30=0x80040fe4
     267125.000 ns	     26711	800056e4	0183b833	sltu	x16,x7,x24	  x7:0x00000000 x24:0x00000000 x16=0x00000000
     267485.000 ns	     26747	800056e8	03d779b3	remu	x19,x14,x29	 x14:0x00000003 x29:0x00000001 x19=0x00000000
     267515.000 ns	     26750	800056ec	2093ad53	fsgnjx.s	f26,f7,f9	  f7:0x00000000  f9:0x80040fe4 f26=0x80000000
     267535.000 ns	     26752	800056f0	d7f0a197	auipc	x3,0xd7f0a	  x3=0x57f0f6f0
     267545.000 ns	     26753	800056f4	40135793	srai	x15,x6,0x1	  x6:0x00000000 x15=0x00000000
     267565.000 ns	     26755	800056f8	026a5a33	divu	x20,x20,x6	 x20:0x00000000  x6:0x00000000 x20=0xffffffff
     267595.000 ns	     26758	800056fc	029aaa33	mulhsu	x20,x21,x9	 x21:0x80041024  x9:0x80040fe4 x20=0xc0000030
     267625.000 ns	     26761	80005700	d0167b53	fcvt.s.wu	f22,x12	 x12:0x00000000 f22=0x00000000
     267655.000 ns	     26764	80005704	02ca7433	remu	x8,x20,x12	 x20:0xc0000030 x12:0x00000000  x8=0xc0000030
     267675.000 ns	     26766	80005708	41d3dd33	sra	x26,x7,x29	  x7:0x00000000 x29:0x00000001 x26=0x00000000
     267705.000 ns	     26769	8000570c	186071d3	fdiv.s	f3,f0,f6	  f0:0x80000000  f6:0x80000000  f3=0x7fc00000
     267735.000 ns	     26772	80005710	03e38633	mul	x12,x7,x30	  x7:0x00000000 x30:0x00000000 x12=0x00000000
     267765.000 ns	     26775	80005714	d00b7f53	fcvt.s.w	f30,x22	 x22:0x00000000 f30=0x00000000
     267785.000 ns	     26777	80005718	0dcb7193	andi	x3,x22,220	 x22:0x00000000  x3=0x00000000
     267805.000 ns	     26779	8000571c	e00508d3	fmv.x.w	x17,f10	 f10:0x3f7fffae x17=0x3f7fffae
     267825.000 ns	     26781	80005720	0191c933	xor	x18,x3,x25	  x3:0x57f0f6f0 x25:0x9a07254c x18=0x9a07254c
     267835.000 ns	     26782	80005724	8a656097	auipc	x1,0x8a656	  x1=0x0a65b724
     267855.000 ns	     26784	80005728	a08699d3	flt.s	x19,f13,f8	 f13:0x00000000  f8:0x3f35042a x19=0x00000001
     267875.000 ns	     26786	8000572c	fce3bb97	auipc	x23,0xfce3b	 x23=0x7ce4072c
     267895.000 ns	     26788	80005730	207386d3	fsgnj.s	f13,f7,f7	  f7:0x00000000  f7:0x00000000 f13=0x00000000
     267925.000 ns	     26791	80005734	a1879453	flt.s	x8,f15,f24	 f15:0xff800000 f24:0x80000000  x8=0x00000001
     267945.000 ns	     26793	80005738	64f5b613	sltiu	x12,x11,1615	 x11:0x9a07254c x12=0x00000000
     267955.000 ns	     26794	8000573c	00961d93	slli	x27,x12,0x9	 x12:0x00000000 x27=0x00000000
     267985.000 ns	     26797	80005740	580c7253	fsqrt.s	f4,f24	 f24:0x80000000  f4=0x80000000
     268005.000 ns	     26799	80005744	01358533	add	x10,x11,x19	 x11:0x9a07254c x19:0x00000001 x10=0x9a07254d
     268025.000 ns	     26801	80005748	a0829253	flt.s	x4,f5,f8	  f5:0x7fc00000  f8:0x3f35042a  x4=0x00000000
     268065.000 ns	     26805	8000574c	58062753	fsqrt.s	f14,f12	 f12:0x00000000 f14=0x00000000
     268085.000 ns	     26807	80005750	6ffd8313	addi	x6,x27,1791	 x27:0x00000000  x6=0x000006ff
     268095.000 ns	     26808	80005754	000bf6b3	and	x13,x23,x0	 x23:0x7ce4072c  x0:0x00000000 x13=0x00000000
     268105.000 ns	     26809	80005758	01919633	sll	x12,x3,x25	  x3:0x00000000 x25:0x9a07254c x12=0x00000000
     268115.000 ns	     26810	8000575c	00221033	sll	x0,x4,x2	  x4:0x00000000  x2:0x80040fe5
     268135.000 ns	     26812	80005760	03698a33	mul	x20,x19,x22	 x19:0x00000001 x22:0x00000000 x20=0x00000000
     268155.000 ns	     26814	80005764	ddf44813	xori	x16,x8,-545	  x8:0x00000001 x16=0xfffffdde
     268165.000 ns	     26815	80005768	01e55bb3	srl	x23,x10,x30	 x10:0x9a07254d x30:0x00000000 x23=0x9a07254d
     268185.000 ns	     26817	8000576c	20548553	fsgnj.s	f10,f9,f5	  f9:0x80040fe4  f5:0x7fc00000 f10=0x00040fe4
     268555.000 ns	     26854	80005770	0373e3b3	rem	x7,x7,x23	  x7:0x00000000 x23:0x7ce4072c  x7=0x00000000
     268575.000 ns	     26856	80005774	41a3d1b3	sra	x3,x7,x26	  x7:0x00000000 x26:0x00000000  x3=0x00000000
     268585.000 ns	     26857	80005778	00000013	addi	x0,x0,0	  x0:0x00000000
     268605.000 ns	     26859	8000577c	03999333	mulh	x6,x19,x25	 x19:0x00000001 x25:0x9a07254c  x6=0xffffffff
     268625.000 ns	     26861	80005780	004a2a33	slt	x20,x20,x4	 x20:0x00000000  x4:0x00000000 x20=0x00000000
     268655.000 ns	     26864	80005784	185585d3	fdiv.s	f11,f11,f5	 f11:0x7f800000  f5:0x7fc00000 f11=0x7fc00000
     268675.000 ns	     26866	80005788	41665133	sra	x2,x12,x22	 x12:0x00000000 x22:0x00000000  x2=0x00000000
     268685.000 ns	     26867	8000578c	dcaa3913	sltiu	x18,x20,-566	 x20:0x00000000 x18=0x00000001
     268705.000 ns	     26869	80005790	0307a333	mulhsu	x6,x15,x16	 x15:0x00000000 x16:0xfffffdde  x6=0x00000000
     268735.000 ns	     26872	80005794	213910d3	fsgnjn.s	f1,f18,f19	 f18:0x448a6000 f19:0x00000000  f1=0xc48a6000
     268755.000 ns	     26874	80005798	00baa433	slt	x8,x21,x11	 x21:0x80041024 x11:0x9a07254c  x8=0x00000001
     268795.000 ns	     26878	8000579c	08120253	fsub.s	f4,f4,f1	  f4:0x80000000  f1:0xc48a6000  f4=0x448a6000
     268815.000 ns	     26880	800057a0	004cda13	srli	x20,x25,0x4	 x25:0x9a07254c x20=0x09a07254
     268835.000 ns	     26882	800057a4	208f1553	fsgnjn.s	f10,f30,f8	 f30:0x00000000  f8:0x3f35042a f10=0x80000000
     268855.000 ns	     26884	800057a8	41440a33	sub	x20,x8,x20	  x8:0x00000001 x20:0x00000000 x20=0xf65f8dad
     268865.000 ns	     26885	800057ac	1ad42c13	slti	x24,x8,429	  x8:0x00000001 x24=0x00000001
     268875.000 ns	     26886	800057b0	01466733	or	x14,x12,x20	 x12:0x00000000 x20:0x09a07254 x14=0xf65f8dad
     268885.000 ns	     26887	800057b4	000a9033	sll	x0,x21,x0	 x21:0x80041024  x0:0x00000000
     268905.000 ns	     26889	800057b8	02f47933	remu	x18,x8,x15	  x8:0x00000001 x15:0x00000000 x18=0x00000001
     268925.000 ns	     26891	800057bc	873ee113	ori	x2,x29,-1933	 x29:0x00000001  x2=0xfffff873
     268935.000 ns	     26892	800057c0	00f72fb3	slt	x31,x14,x15	 x14:0xf65f8dad x15:0x00000000 x31=0x00000001
     268945.000 ns	     26893	800057c4	a58a2a37	lui	x20,0xa58a2	 x20=0xa58a2000
     268965.000 ns	     26895	800057c8	02668133	mul	x2,x13,x6	 x13:0x00000000  x6:0x00000000  x2=0x00000000
     268995.000 ns	     26898	800057cc	29e60953	fmin.s	f18,f12,f30	 f12:0x00000000 f30:0x00000000 f18=0x00000000
     269015.000 ns	     26900	800057d0	16267537	lui	x10,0x16267	 x10=0x16267000
     269025.000 ns	     26901	800057d4	7ecb1037	lui	x0,0x7ecb1	
     269035.000 ns	     26902	800057d8	49bd7293	andi	x5,x26,1179	 x26:0x00000000  x5=0x00000000
     269055.000 ns	     26904	800057dc	29d38853	fmin.s	f16,f7,f29	  f7:0x00000000 f29:0x4ea606b6 f16=0x00000000
     269075.000 ns	     26906	800057e0	ccdef693	andi	x13,x29,-819	 x29:0x00000001 x13=0x00000001
     269095.000 ns	     26908	800057e4	02cf7033	remu	x0,x30,x12	 x30:0x00000000 x12:0x00000000
     269115.000 ns	     26910	800057e8	7d1f7513	andi	x10,x30,2001	 x30:0x00000000 x10=0x00000000
     269135.000 ns	     26912	800057ec	d012a853	fcvt.s.wu	f16,x5	  x5:0x00000000 f16=0x00000000
     269165.000 ns	     26915	800057f0	a1dda553	feq.s	x10,f27,f29	 f27:0x44000000 f29:0x4ea606b6 x10=0x00000000
     269185.000 ns	     26917	800057f4	01ac6233	or	x4,x24,x26	 x24:0x00000001 x26:0x00000000  x4=0x00000001
     269205.000 ns	     26919	800057f8	03a09a33	mulh	x20,x1,x26	  x1:0x0a65b724 x26:0x00000000 x20=0x00000000
     269225.000 ns	     26921	800057fc	0001bf33	sltu	x30,x3,x0	  x3:0x00000000  x0:0x00000000 x30=0x00000000
     269235.000 ns	     26922	80005800	47441bb7	lui	x23,0x47441	 x23=0x47441000
     269255.000 ns	     26924	80005804	a15f0bd3	fle.s	x23,f30,f21	 f30:0x00000000 f21:0x7fc00000 x23=0x00000000
     269275.000 ns	     26926	80005808	fe9f7a13	andi	x20,x30,-23	 x30:0x00000000 x20=0x00000000
     269285.000 ns	     26927	8000580c	01f5ee33	or	x28,x11,x31	 x11:0x9a07254c x31:0x00000001 x28=0x9a07254d
     269305.000 ns	     26929	80005810	205b09d3	fsgnj.s	f19,f22,f5	 f22:0x00000000  f5:0x7fc00000 f19=0x00000000
     269325.000 ns	     26931	80005814	01139fb3	sll	x31,x7,x17	  x7:0x00000000 x17:0x3f7fffae x31=0x00000000
     269345.000 ns	     26933	80005818	d01e7bd3	fcvt.s.wu	f23,x28	 x28:0x9a07254d f23=0x4f1a0725
     269365.000 ns	     26935	8000581c	b7c39f37	lui	x30,0xb7c39	 x30=0xb7c39000
     269385.000 ns	     26937	80005820	299a0153	fmin.s	f2,f20,f25	 f20:0x3f7fffae f25:0x00000003  f2=0x00000003
     269405.000 ns	     26939	80005824	f0ab8913	addi	x18,x23,-246	 x23:0x00000000 x18=0xffffff0a
     269425.000 ns	     26941	80005828	a07297d3	flt.s	x15,f5,f7	  f5:0x7fc00000  f7:0x00000000 x15=0x00000000
     269445.000 ns	     26943	8000582c	153b8613	addi	x12,x23,339	 x23:0x00000000 x12=0x00000153
     269455.000 ns	     26944	80005830	409fdb13	srai	x22,x31,0x9	 x31:0x00000000 x22=0x00000000
     269485.000 ns	     26947	80005834	580c4953	fsqrt.s	f18,f24	 f24:0x80000000 f18=0x80000000
     269515.000 ns	     26950	80005838	d00526d3	fcvt.s.w	f13,x10	 x10:0x00000000 f13=0x00000000
     269535.000 ns	     26952	8000583c	00000013	addi	x0,x0,0	  x0:0x00000000
     269555.000 ns	     26954	80005840	f0030c53	fmv.w.x	f24,x6	  x6:0x00000000 f24=0x00000000
     269575.000 ns	     26956	80005844	d6b4e313	ori	x6,x9,-661	  x9:0x80040fe4  x6=0xffffffef
     269615.000 ns	     26960	80005848	08fffad3	fsub.s	f21,f31,f15	 f31:0x80000000 f15:0xff800000 f21=0x7f800000
     269645.000 ns	     26963	8000584c	033720b3	mulhsu	x1,x14,x19	 x14:0xf65f8dad x19:0x00000001  x1=0xffffffff
     269665.000 ns	     26965	80005850	9fe8f693	andi	x13,x17,-1538	 x17:0x3f7fffae x13=0x3f7ff9ae
     269685.000 ns	     26967	80005854	021a3e33	mulhu	x28,x20,x1	 x20:0x00000000  x1:0xffffffff x28=0x00000000
     270055.000 ns	     27004	80005858	03114833	div	x16,x2,x17	  x2:0x00000000 x17:0x3f7fffae x16=0x00000000
     270075.000 ns	     27006	8000585c	01bd9e93	slli	x29,x27,0x1b	 x27:0x00000000 x29=0x00000000
     270085.000 ns	     27007	80005860	00e7e7b3	or	x15,x15,x14	 x15:0x00000000 x14:0xf65f8dad x15=0xf65f8dad
     270095.000 ns	     27008	80005864	87f30713	addi	x14,x6,-1921	  x6:0xffffffef x14=0xfffff86e
     270115.000 ns	     27010	80005868	e0010fd3	fmv.x.w	x31,f2	  f2:0x00000003 x31=0x00000003
     270135.000 ns	     27012	8000586c	01376b33	or	x22,x14,x19	 x14:0xf65f8dad x19:0x00000001 x22=0xfffff86f
     270145.000 ns	     27013	80005870	725b4713	xori	x14,x22,1829	 x22:0x00000000 x14=0xffffff4a
     270155.000 ns	     27014	80005874	0102db93	srli	x23,x5,0x10	  x5:0x00000000 x23=0x00000000
     270175.000 ns	     27016	80005878	02a448b3	div	x17,x8,x10	  x8:0x00000001 x10:0x00000000 x17=0xffffffff
     270205.000 ns	     27019	8000587c	a0f28ed3	fle.s	x29,f5,f15	  f5:0x7fc00000 f15:0xff800000 x29=0x00000000
     270225.000 ns	     27021	80005880	6ac13593	sltiu	x11,x2,1708	  x2:0x00000000 x11=0x00000001
     270235.000 ns	     27022	80005884	96b1ca37	lui	x20,0x96b1c	 x20=0x96b1c000
     270255.000 ns	     27024	80005888	206c8253	fsgnj.s	f4,f25,f6	 f25:0x00000003  f6:0x80000000  f4=0x80000003
     270275.000 ns	     27026	8000588c	016cc433	xor	x8,x25,x22	 x25:0x9a07254c x22:0xfffff86f  x8=0x65f8dd23
     270315.000 ns	     27030	80005890	0064fa53	fadd.s	f20,f9,f6	  f9:0x80040fe4  f6:0x80000000 f20=0x80040fe4
     270345.000 ns	     27033	80005894	288f09d3	fmin.s	f19,f30,f8	 f30:0x00000000  f8:0x3f35042a f19=0x00000000
     270375.000 ns	     27036	80005898	289f1153	fmax.s	f2,f30,f9	 f30:0x00000000  f9:0x80040fe4  f2=0x00000000
     270405.000 ns	     27039	8000589c	d00a74d3	fcvt.s.w	f9,x20	 x20:0x96b1c000  f9=0xced29c80
     270425.000 ns	     27041	800058a0	018250b3	srl	x1,x4,x24	  x4:0x00000001 x24:0x00000001  x1=0x00000000
     270435.000 ns	     27042	800058a4	a5e62f13	slti	x30,x12,-1442	 x12:0x00000153 x30=0x00000000
     270455.000 ns	     27044	800058a8	d01d7b53	fcvt.s.wu	f22,x26	 x26:0x00000000 f22=0x00000000
     270485.000 ns	     27047	800058ac	03992433	mulhsu	x8,x18,x25	 x18:0xffffff0a x25:0x9a07254c  x8=0xffffff6b
     270515.000 ns	     27050	800058b0	20e6abd3	fsgnjx.s	f23,f13,f14	 f13:0x00000000 f14:0x00000000 f23=0x00000000
     270545.000 ns	     27053	800058b4	2079afd3	fsgnjx.s	f31,f19,f7	 f19:0x00000000  f7:0x00000000 f31=0x00000000
     270565.000 ns	     27055	800058b8	01e1f5b3	and	x11,x3,x30	  x3:0x00000000 x30:0x00000000 x11=0x00000000
     270575.000 ns	     27056	800058bc	40c05b33	sra	x22,x0,x12	  x0:0x00000000 x12:0x00000153 x22=0x00000000
     270585.000 ns	     27057	800058c0	01e01413	slli	x8,x0,0x1e	  x0:0x00000000  x8=0x00000000
     270595.000 ns	     27058	800058c4	eeab8617	auipc	x12,0xeeab8	 x12=0x6eabd8c4
     270615.000 ns	     27060	800058c8	28248c53	fmin.s	f24,f9,f2	  f9:0xced29c80  f2:0x00000000 f24=0xced29c80
     270645.000 ns	     27063	800058cc	20a28c53	fsgnj.s	f24,f5,f10	  f5:0x7fc00000 f10:0x80000000 f24=0xffc00000
     270675.000 ns	     27066	800058d0	d0150b53	fcvt.s.wu	f22,x10	 x10:0x00000000 f22=0x00000000
     270725.000 ns	     27071	800058d4	00c37b53	fadd.s	f22,f6,f12	  f6:0x80000000 f12:0x00000000 f22=0x00000000
     270745.000 ns	     27073	800058d8	40fb0eb3	sub	x29,x22,x15	 x22:0x00000000 x15:0xf65f8dad x29=0x09a07253
     270765.000 ns	     27075	800058dc	2107a4d3	fsgnjx.s	f9,f15,f16	 f15:0xff800000 f16:0x00000000  f9=0xff800000
     270795.000 ns	     27078	800058e0	02111fb3	mulh	x31,x2,x1	  x2:0x00000000  x1:0x00000000 x31=0x00000000
     270815.000 ns	     27080	800058e4	01220e33	add	x28,x4,x18	  x4:0x00000001 x18:0xffffff0a x28=0xffffff0b
     270835.000 ns	     27082	800058e8	03f50c33	mul	x24,x10,x31	 x10:0x00000000 x31:0x00000000 x24=0x00000000
     270855.000 ns	     27084	800058ec	00a71933	sll	x18,x14,x10	 x14:0xffffff4a x10:0x00000000 x18=0xffffff4a
     270885.000 ns	     27087	800058f0	10be1853	fmul.s	f16,f28,f11	 f28:0x00000000 f11:0x7fc00000 f16=0x7fc00000
     270915.000 ns	     27090	800058f4	a0e381d3	fle.s	x3,f7,f14	  f7:0x00000000 f14:0x00000000  x3=0x00000001
     270935.000 ns	     27092	800058f8	002550b3	srl	x1,x10,x2	 x10:0x00000000  x2:0x00000000  x1=0x00000000
     270945.000 ns	     27093	800058fc	5bd4ee93	ori	x29,x9,1469	  x9:0x80040fe4 x29=0x80040ffd
     270955.000 ns	     27094	80005900	a46e6513	ori	x10,x28,-1466	 x28:0xffffff0b x10=0xffffff4f
     270975.000 ns	     27096	80005904	e0099fd3	fclass.s	x31,f19	 f19:0x00000000 x31=0x00000010
     271005.000 ns	     27099	80005908	c01e79d3	fcvt.wu.s	x19,f28	 f28:0x00000000 x19=0x00000000
     271035.000 ns	     27102	8000590c	03af8033	mul	x0,x31,x26	 x31:0x00000010 x26:0x00000000
     271065.000 ns	     27105	80005910	a1191bd3	flt.s	x23,f18,f17	 f18:0x80000000 f17:0x44000000 x23=0x00000001
     271105.000 ns	     27109	80005914	10d87dd3	fmul.s	f27,f16,f13	 f16:0x7fc00000 f13:0x00000000 f27=0x7fc00000
     271125.000 ns	     27111	80005918	00c8e533	or	x10,x17,x12	 x17:0xffffffff x12:0x6eabd8c4 x10=0xffffffff
     271485.000 ns	     27147	8000591c	037ff333	remu	x6,x31,x23	 x31:0x00000010 x23:0x00000001  x6=0x00000000
     271505.000 ns	     27149	80005920	e3acc193	xori	x3,x25,-454	 x25:0x9a07254c  x3=0x65f8db76
     271525.000 ns	     27151	80005924	29c79253	fmax.s	f4,f15,f28	 f15:0xff800000 f28:0x00000000  f4=0x00000000
     271545.000 ns	     27153	80005928	00711293	slli	x5,x2,0x7	  x2:0x00000000  x5=0x00000000
     271555.000 ns	     27154	8000592c	017e6033	or	x0,x28,x23	 x28:0xffffff0b x23:0x00000001
     271585.000 ns	     27157	80005930	580ab5d3	fsqrt.s	f11,f21	 f21:0x7f800000 f11=0x7f800000
     271605.000 ns	     27159	80005934	414cdf13	srai	x30,x25,0x14	 x25:0x9a07254c x30=0xfffff9a0
     271615.000 ns	     27160	80005938	01f450b3	srl	x1,x8,x31	  x8:0x00000000 x31:0x00000010  x1=0x00000000
     271975.000 ns	     27196	8000593c	02d4d033	divu	x0,x9,x13	  x9:0x80040fe4 x13:0x3f7ff9ae
     271995.000 ns	     27198	80005940	018e1913	slli	x18,x28,0x18	 x28:0xffffff0b x18=0x0b000000
     272005.000 ns	     27199	80005944	016ed3b3	srl	x7,x29,x22	 x29:0x80040ffd x22:0x00000000  x7=0x80040ffd
     272025.000 ns	     27201	80005948	21ed99d3	fsgnjn.s	f19,f27,f30	 f27:0x7fc00000 f30:0x00000000 f19=0xffc00000
     272055.000 ns	     27204	8000594c	020d2c33	mulhsu	x24,x26,x0	 x26:0x00000000  x0:0x00000000 x24=0x00000000
     272085.000 ns	     27207	80005950	e00d1553	fclass.s	x10,f26	 f26:0x80000000 x10=0x00000008
     272105.000 ns	     27209	80005954	402452b3	sra	x5,x8,x2	  x8:0x00000000  x2:0x00000000  x5=0x00000000
     272115.000 ns	     27210	80005958	413e47b7	lui	x15,0x413e4	 x15=0x413e4000
     272135.000 ns	     27212	8000595c	a0681fd3	flt.s	x31,f16,f6	 f16:0x7fc00000  f6:0x80000000 x31=0x00000000
     272155.000 ns	     27214	80005960	413b59b3	sra	x19,x22,x19	 x22:0x00000000 x19:0x00000000 x19=0x00000000
     272165.000 ns	     27215	80005964	4269f293	andi	x5,x19,1062	 x19:0x00000000  x5=0x00000000
     272205.000 ns	     27219	80005968	010b70d3	fadd.s	f1,f22,f16	 f22:0x00000000 f16:0x7fc00000  f1=0x7fc00000
     272235.000 ns	     27222	8000596c	c009a0d3	fcvt.w.s	x1,f19	 f19:0xffc00000  x1=0x7fffffff
     272255.000 ns	     27224	80005970	86f1ed93	ori	x27,x3,-1937	  x3:0x65f8db76 x27=0xfffffb7f
     272275.000 ns	     27226	80005974	281b0253	fmin.s	f4,f22,f1	 f22:0x00000000  f1:0x7fc00000  f4=0x00000000
     272295.000 ns	     27228	80005978	41fc5f33	sra	x30,x24,x31	 x24:0x00000000 x31:0x00000000 x30=0x00000000
     272335.000 ns	     27232	8000597c	08151ad3	fsub.s	f21,f10,f1	 f10:0x80000000  f1:0x7fc00000 f21=0x7fc00000
     272365.000 ns	     27235	80005980	03789833	mulh	x16,x17,x23	 x17:0xffffffff x23:0x00000001 x16=0xffffffff
     272385.000 ns	     27237	80005984	019a1393	slli	x7,x20,0x19	 x20:0x96b1c000  x7=0x00000000
     272395.000 ns	     27238	80005988	0ff45417	auipc	x8,0xff45	  x8=0x8ff4a988
     272415.000 ns	     27240	8000598c	c0128553	fcvt.wu.s	x10,f5	  f5:0x7fc00000 x10=0xffffffff
     272435.000 ns	     27242	80005990	007c9013	slli	x0,x25,0x7	 x25:0x9a07254c
     272445.000 ns	     27243	80005994	28802a17	auipc	x20,0x28802	 x20=0xa8807994
     272465.000 ns	     27245	80005998	0253e433	rem	x8,x7,x5	  x7:0x00000000  x5:0x00000000  x8=0x00000000
     272485.000 ns	     27247	8000599c	01d03333	sltu	x6,x0,x29	  x0:0x00000000 x29:0x80040ffd  x6=0x00000001
     272495.000 ns	     27248	800059a0	001c3133	sltu	x2,x24,x1	 x24:0x00000000  x1:0x7fffffff  x2=0x00000001
     272505.000 ns	     27249	800059a4	004de333	or	x6,x27,x4	 x27:0xfffffb7f  x4:0x00000001  x6=0xfffffb7f
     272515.000 ns	     27250	800059a8	b478f513	andi	x10,x17,-1209	 x17:0xffffffff x10=0xfffffb47
     272535.000 ns	     27252	800059ac	038f7b33	remu	x22,x30,x24	 x30:0x00000000 x24:0x00000000 x22=0x00000000
     272565.000 ns	     27255	800059b0	03680b33	mul	x22,x16,x22	 x16:0xffffffff x22:0x00000000 x22=0x00000000
     272595.000 ns	     27258	800059b4	038442b3	div	x5,x8,x24	  x8:0x00000000 x24:0x00000000  x5=0xffffffff
     272625.000 ns	     27261	800059b8	02970833	mul	x16,x14,x9	 x14:0xffffff4a  x9:0x80040fe4 x16=0xfd1cb3e8
     272675.000 ns	     27266	800059bc	005f9bd3	fadd.s	f23,f31,f5	 f31:0x00000000  f5:0x7fc00000 f23=0x7fc00000
     272705.000 ns	     27269	800059c0	f0008853	fmv.w.x	f16,x1	  x1:0x7fffffff f16=0x7fffffff
     272735.000 ns	     27272	800059c4	e00d9dd3	fclass.s	x27,f27	 f27:0x7fc00000 x27=0x00000200
     272755.000 ns	     27274	800059c8	00d1b233	sltu	x4,x3,x13	  x3:0x65f8db76 x13:0x3f7ff9ae  x4=0x00000000
     273115.000 ns	     27310	800059cc	025de2b3	rem	x5,x27,x5	 x27:0x00000200  x5:0xffffffff  x5=0x00000000
     273145.000 ns	     27313	800059d0	e00707d3	fmv.x.w	x15,f14	 f14:0x00000000 x15=0x00000000
     273515.000 ns	     27350	800059d4	023370b3	remu	x1,x6,x3	  x6:0xfffffb7f  x3:0x65f8db76  x1=0x340e4493
     273565.000 ns	     27355	800059d8	00b5f953	fadd.s	f18,f11,f11	 f11:0x7f800000 f11:0x7f800000 f18=0x00000000
     273605.000 ns	     27359	800059dc	11298ad3	fmul.s	f21,f19,f18	 f19:0xffc00000 f18:0x80000000 f21=0x7fc00000
     273635.000 ns	     27362	800059e0	a0c40ed3	fle.s	x29,f8,f12	  f8:0x3f35042a f12:0x00000000 x29=0x00000000
     273665.000 ns	     27365	800059e4	03061633	mulh	x12,x12,x16	 x12:0x6eabd8c4 x16:0xfd1cb3e8 x12=0xfec06507
     273685.000 ns	     27367	800059e8	ec653e93	sltiu	x29,x10,-314	 x10:0xfffffb47 x29=0x00000001
     273695.000 ns	     27368	800059ec	4169d0b3	sra	x1,x19,x22	 x19:0x00000000 x22:0x00000000  x1=0x00000000
     273715.000 ns	     27370	800059f0	e00e0953	fmv.x.w	x18,f28	 f28:0x00000000 x18=0x00000000
     273735.000 ns	     27372	800059f4	28ff0317	auipc	x6,0x28ff0	  x6=0xa8ff59f4
     273745.000 ns	     27373	800059f8	024c4293	xori	x5,x24,36	 x24:0x00000000  x5=0x00000024
     273765.000 ns	     27375	800059fc	a0938b53	fle.s	x22,f7,f9	  f7:0x00000000  f9:0xff800000 x22=0x00000000
     274135.000 ns	     27412	80005a00	03cf7433	remu	x8,x30,x28	 x30:0x00000000 x28:0xffffff0b  x8=0x00000000
     274165.000 ns	     27415	80005a04	037801b3	mul	x3,x16,x23	 x16:0xfd1cb3e8 x23:0x00000001  x3=0xfd1cb3e8
     274185.000 ns	     27417	80005a08	40245513	srai	x10,x8,0x2	  x8:0x00000000 x10=0x00000000
     274205.000 ns	     27419	80005a0c	a1fd2d53	feq.s	x26,f26,f31	 f26:0x80000000 f31:0x00000000 x26=0x00000001
     274225.000 ns	     27421	80005a10	7d5d4613	xori	x12,x26,2005	 x26:0x00000000 x12=0x000007d4
     274245.000 ns	     27423	80005a14	a1e40a53	fle.s	x20,f8,f30	  f8:0x3f35042a f30:0x00000000 x20=0x00000000
     274265.000 ns	     27425	80005a18	0178e433	or	x8,x17,x23	 x17:0xffffffff x23:0x00000001  x8=0xffffffff
     274275.000 ns	     27426	80005a1c	01b0a3b3	slt	x7,x1,x27	  x1:0x00000000 x27:0x00000200  x7=0x00000001
     274285.000 ns	     27427	80005a20	b0ed1b17	auipc	x22,0xb0ed1	 x22=0x30ed6a20
     274305.000 ns	     27429	80005a24	d0049e53	fcvt.s.w	f28,x9	  x9:0x80040fe4 f28=0xcefff7e0
     274335.000 ns	     27432	80005a28	29fc81d3	fmin.s	f3,f25,f31	 f25:0x00000003 f31:0x00000000  f3=0x00000000
     274355.000 ns	     27434	80005a2c	01f4d713	srli	x14,x9,0x1f	  x9:0x80040fe4 x14=0x00000001
     274385.000 ns	     27437	80005a30	580ff2d3	fsqrt.s	f5,f31	 f31:0x00000000  f5=0x00000000
     274415.000 ns	     27440	80005a34	02c51833	mulh	x16,x10,x12	 x10:0x00000000 x12:0x000007d4 x16=0x00000000
     274435.000 ns	     27442	80005a38	9300e093	ori	x1,x1,-1744	  x1:0x00000000  x1=0xfffff930
     274455.000 ns	     27444	80005a3c	f00f08d3	fmv.w.x	f17,x30	 x30:0x00000000 f17=0x00000000
     274475.000 ns	     27446	80005a40	40c6d013	srai	x0,x13,0xc	 x13:0x3f7ff9ae
     274485.000 ns	     27447	80005a44	410fff13	andi	x30,x31,1040	 x31:0x00000000 x30=0x00000000
     274495.000 ns	     27448	80005a48	11858913	addi	x18,x11,280	 x11:0x00000000 x18=0x00000118
     274515.000 ns	     27450	80005a4c	03aba833	mulhsu	x16,x23,x26	 x23:0x00000001 x26:0x00000001 x16=0x00000000
     274885.000 ns	     27487	80005a50	025f4eb3	div	x29,x30,x5	 x30:0x00000000  x5:0x00000024 x29=0x00000000
     274905.000 ns	     27489	80005a54	00000013	addi	x0,x0,0	  x0:0x00000000
     274915.000 ns	     27490	80005a58	a6bcef93	ori	x31,x25,-1429	 x25:0x9a07254c x31=0xffffff6f
     274945.000 ns	     27493	80005a5c	19f07dd3	fdiv.s	f27,f0,f31	  f0:0x80000000 f31:0x00000000 f27=0x7fc00000
     274975.000 ns	     27496	80005a60	e00088d3	fmv.x.w	x17,f1	  f1:0x7fc00000 x17=0x7fc00000
     274995.000 ns	     27498	80005a64	003701b3	add	x3,x14,x3	 x14:0x00000001  x3:0xfd1cb3e8  x3=0xfd1cb3e9
     275025.000 ns	     27501	80005a68	580f9fd3	fsqrt.s	f31,f31	 f31:0x00000000 f31=0x00000000
     275045.000 ns	     27503	80005a6c	01302833	slt	x16,x0,x19	  x0:0x00000000 x19:0x00000000 x16=0x00000000
     275405.000 ns	     27539	80005a70	023453b3	divu	x7,x8,x3	  x8:0xffffffff  x3:0xfd1cb3e9  x7=0x00000001
     275455.000 ns	     27544	80005a74	097a7ad3	fsub.s	f21,f20,f23	 f20:0x80040fe4 f23:0x7fc00000 f21=0x7fc00000
     275825.000 ns	     27581	80005a78	0218fdb3	remu	x27,x17,x1	 x17:0x7fc00000  x1:0xfffff930 x27=0x7fc00000
     275845.000 ns	     27583	80005a7c	01684bb3	xor	x23,x16,x22	 x16:0x00000000 x22:0x30ed6a20 x23=0x30ed6a20
     275865.000 ns	     27585	80005a80	020a9333	mulh	x6,x21,x0	 x21:0x80041024  x0:0x00000000  x6=0x00000000
     275895.000 ns	     27588	80005a84	a0dea753	feq.s	x14,f29,f13	 f29:0x4ea606b6 f13:0x00000000 x14=0x00000000
     275915.000 ns	     27590	80005a88	ea5de313	ori	x6,x27,-347	 x27:0x7fc00000  x6=0xfffffea5
     275925.000 ns	     27591	80005a8c	0145fa33	and	x20,x11,x20	 x11:0x00000000 x20:0x00000000 x20=0x00000000
     275935.000 ns	     27592	80005a90	c9c4b093	sltiu	x1,x9,-868	  x9:0x80040fe4  x1=0x00000001
     275965.000 ns	     27595	80005a94	10237dd3	fmul.s	f27,f6,f2	  f6:0x80000000  f2:0x00000000 f27=0x80000000
     275995.000 ns	     27598	80005a98	021a3033	mulhu	x0,x20,x1	 x20:0x00000000  x1:0xfffff930
     276035.000 ns	     27602	80005a9c	1072fdd3	fmul.s	f27,f5,f7	  f5:0x00000000  f7:0x00000000 f27=0x00000000
     276055.000 ns	     27604	80005aa0	402b5393	srai	x7,x22,0x2	 x22:0x30ed6a20  x7=0x0c3b5a88
     276065.000 ns	     27605	80005aa4	0166d393	srli	x7,x13,0x16	 x13:0x3f7ff9ae  x7=0x000000fd
     276085.000 ns	     27607	80005aa8	c0197953	fcvt.wu.s	x18,f18	 f18:0x00000000 x18=0x00000000
     276115.000 ns	     27610	80005aac	f0020dd3	fmv.w.x	f27,x4	  x4:0x00000000 f27=0x00000000
     276145.000 ns	     27613	80005ab0	c011f8d3	fcvt.wu.s	x17,f3	  f3:0x00000000 x17=0x00000000
     276165.000 ns	     27615	80005ab4	419bdeb3	sra	x29,x23,x25	 x23:0x30ed6a20 x25:0x9a07254c x29=0x00030ed6
     276185.000 ns	     27617	80005ab8	209a8753	fsgnj.s	f14,f21,f9	 f21:0x7fc00000  f9:0xff800000 f14=0xffc00000
     276215.000 ns	     27620	80005abc	039dae33	mulhsu	x28,x27,x25	 x27:0x7fc00000 x25:0x9a07254c x28=0x4cdd10dc
     276245.000 ns	     27623	80005ac0	f0070053	fmv.w.x	f0,x14	 x14:0x00000000  f0=0x00000000
     276265.000 ns	     27625	80005ac4	00a83e33	sltu	x28,x16,x10	 x16:0x00000000 x10:0x00000000 x28=0x00000000
     276285.000 ns	     27627	80005ac8	f0080f53	fmv.w.x	f30,x16	 x16:0x00000000 f30=0x00000000
     276305.000 ns	     27629	80005acc	26287c13	andi	x24,x16,610	 x16:0x00000000 x24=0x00000000
     276665.000 ns	     27665	80005ad0	03d2d533	divu	x10,x5,x29	  x5:0x00000024 x29:0x00030ed6 x10=0x00000000
     276685.000 ns	     27667	80005ad4	0163db33	srl	x22,x7,x22	  x7:0x000000fd x22:0x30ed6a20 x22=0x000000fd
     276695.000 ns	     27668	80005ad8	00c889b3	add	x19,x17,x12	 x17:0x00000000 x12:0x000007d4 x19=0x000007d4
     276715.000 ns	     27670	80005adc	a1171053	flt.s	x0,f14,f17	 f14:0xffc00000 f17:0x00000000
     276765.000 ns	     27675	80005ae0	092a0753	fsub.s	f14,f20,f18	 f20:0x80040fe4 f18:0x00000000 f14=0x80040fe4
     276785.000 ns	     27677	80005ae4	b5ad7113	andi	x2,x26,-1190	 x26:0x00000001  x2=0x00000000
     276795.000 ns	     27678	80005ae8	c48a5e37	lui	x28,0xc48a5	 x28=0xc48a5000
     276835.000 ns	     27682	80005aec	09a67fd3	fsub.s	f31,f12,f26	 f12:0x00000000 f26:0x80000000 f31=0x00000000
     276875.000 ns	     27686	80005af0	197f81d3	fdiv.s	f3,f31,f23	 f31:0x00000000 f23:0x7fc00000  f3=0x7fc00000
     276905.000 ns	     27689	80005af4	218716d3	fsgnjn.s	f13,f14,f24	 f14:0x80040fe4 f24:0xffc00000 f13=0x00040fe4
     276925.000 ns	     27691	80005af8	006160b3	or	x1,x2,x6	  x2:0x00000000  x6:0xfffffea5  x1=0xfffffea5
     276935.000 ns	     27692	80005afc	41ccd9b3	sra	x19,x25,x28	 x25:0x9a07254c x28:0xc48a5000 x19=0x9a07254c
     276955.000 ns	     27694	80005b00	28be0153	fmin.s	f2,f28,f11	 f28:0xcefff7e0 f11:0x7f800000  f2=0xcefff7e0
     277325.000 ns	     27731	80005b04	02cb7333	remu	x6,x22,x12	 x22:0x000000fd x12:0x000007d4  x6=0x000000fd
     277345.000 ns	     27733	80005b08	a2674413	xori	x8,x14,-1498	 x14:0x00000000  x8=0xfffffa26
     277365.000 ns	     27735	80005b0c	024038b3	mulhu	x17,x0,x4	  x0:0x00000000  x4:0x00000000 x17=0x00000000
     277395.000 ns	     27738	80005b10	2153a553	fsgnjx.s	f10,f7,f21	  f7:0x00000000 f21:0x7fc00000 f10=0x00000000
     277415.000 ns	     27740	80005b14	0028d713	srli	x14,x17,0x2	 x17:0x00000000 x14=0x00000000
     277425.000 ns	     27741	80005b18	01671513	slli	x10,x14,0x16	 x14:0x00000000 x10=0x00000000
     277465.000 ns	     27745	80005b1c	097b0853	fsub.s	f16,f22,f23	 f22:0x00000000 f23:0x7fc00000 f16=0x7fc00000
     277485.000 ns	     27747	80005b20	0167e133	or	x2,x15,x22	 x15:0x00000000 x22:0x000000fd  x2=0x000000fd
     277505.000 ns	     27749	80005b24	21ea18d3	fsgnjn.s	f17,f20,f30	 f20:0x80040fe4 f30:0x00000000 f17=0x80040fe4
     277525.000 ns	     27751	80005b28	007ab933	sltu	x18,x21,x7	 x21:0x80041024  x7:0x000000fd x18=0x00000000
     277535.000 ns	     27752	80005b2c	d9ed01b7	lui	x3,0xd9ed0	  x3=0xd9ed0000
     277545.000 ns	     27753	80005b30	41e2d913	srai	x18,x5,0x1e	  x5:0x00000024 x18=0x00000000
     277575.000 ns	     27756	80005b34	10dca453	fmul.s	f8,f25,f13	 f25:0x00000003 f13:0x00040fe4  f8=0x00000000
     277595.000 ns	     27758	80005b38	cf17be93	sltiu	x29,x15,-783	 x15:0x00000000 x29=0x00000001
     277605.000 ns	     27759	80005b3c	5e4cfb13	andi	x22,x25,1508	 x25:0x9a07254c x22=0x00000544
     277615.000 ns	     27760	80005b40	402c8133	sub	x2,x25,x2	 x25:0x9a07254c  x2:0x000000fd  x2=0x9a07244f
     277625.000 ns	     27761	80005b44	016503b3	add	x7,x10,x22	 x10:0x00000000 x22:0x000000fd  x7=0x00000544
     277645.000 ns	     27763	80005b48	c0020853	fcvt.w.s	x16,f4	  f4:0x00000000 x16=0x00000000
     277665.000 ns	     27765	80005b4c	00000013	addi	x0,x0,0	  x0:0x00000000
     277705.000 ns	     27769	80005b50	0864b253	fsub.s	f4,f9,f6	  f9:0xff800000  f6:0x80000000  f4=0xff800000
     277735.000 ns	     27772	80005b54	d017f9d3	fcvt.s.wu	f19,x15	 x15:0x00000000 f19=0x00000000
     277755.000 ns	     27774	80005b58	0059b733	sltu	x14,x19,x5	 x19:0x9a07254c  x5:0x00000024 x14=0x00000000
     277765.000 ns	     27775	80005b5c	01ed9d33	sll	x26,x27,x30	 x27:0x7fc00000 x30:0x00000000 x26=0x7fc00000
     277785.000 ns	     27777	80005b60	03fc3933	mulhu	x18,x24,x31	 x24:0x00000000 x31:0xffffff6f x18=0x00000000
     277815.000 ns	     27780	80005b64	a1f22753	feq.s	x14,f4,f31	  f4:0xff800000 f31:0x00000000 x14=0x00000000
     277845.000 ns	     27783	80005b68	29ac1653	fmax.s	f12,f24,f26	 f24:0xffc00000 f26:0x80000000 f12=0x80000000
     277865.000 ns	     27785	80005b6c	e684a713	slti	x14,x9,-408	  x9:0x80040fe4 x14=0x00000001
     277875.000 ns	     27786	80005b70	01816db3	or	x27,x2,x24	  x2:0x9a07244f x24:0x00000000 x27=0x9a07244f
     277895.000 ns	     27788	80005b74	a00e99d3	flt.s	x19,f29,f0	 f29:0x4ea606b6  f0:0x00000000 x19=0x00000000
     277915.000 ns	     27790	80005b78	41920133	sub	x2,x4,x25	  x4:0x00000000 x25:0x9a07254c  x2=0x65f8dab4
     277935.000 ns	     27792	80005b7c	20bb11d3	fsgnjn.s	f3,f22,f11	 f22:0x00000000 f11:0x7f800000  f3=0x80000000
     277965.000 ns	     27795	80005b80	a0968c53	fle.s	x24,f13,f9	 f13:0x00040fe4  f9:0xff800000 x24=0x00000000
     277995.000 ns	     27798	80005b84	285c09d3	fmin.s	f19,f24,f5	 f24:0xffc00000  f5:0x00000000 f19=0x00000000
     278015.000 ns	     27800	80005b88	005fd193	srli	x3,x31,0x5	 x31:0xffffff6f  x3=0x07fffffb
     278035.000 ns	     27802	80005b8c	a0252453	feq.s	x8,f10,f2	 f10:0x00000000  f2:0xcefff7e0  x8=0x00000000
     278075.000 ns	     27806	80005b90	114e75d3	fmul.s	f11,f28,f20	 f28:0xcefff7e0 f20:0x80040fe4 f11=0x0d81f860
     278095.000 ns	     27808	80005b94	2d95c097	auipc	x1,0x2d95c	  x1=0xad961b94
     278115.000 ns	     27810	80005b98	035c8333	mul	x6,x25,x21	 x25:0x9a07254c x21:0x80041024  x6=0xb085feb0
     278135.000 ns	     27812	80005b9c	ed3d2897	auipc	x17,0xed3d2	 x17=0x6d3d7b9c
     278465.000 ns	     27845	80005ba0	18be22d3	fdiv.s	f5,f28,f11	 f28:0xcefff7e0 f11:0x0d81f860  f5=0xff800000
     278495.000 ns	     27848	80005ba4	20062e53	fsgnjx.s	f28,f12,f0	 f12:0x80000000  f0:0x00000000 f28=0x80000000
     278525.000 ns	     27851	80005ba8	e0099153	fclass.s	x2,f19	 f19:0x00000000  x2=0x00000010
     278545.000 ns	     27853	80005bac	011fde93	srli	x29,x31,0x11	 x31:0xffffff6f x29=0x00007fff
     278565.000 ns	     27855	80005bb0	c01db1d3	fcvt.wu.s	x3,f27	 f27:0x00000000  x3=0x00000000
     278595.000 ns	     27858	80005bb4	e00d0053	fmv.x.w	x0,f26	 f26:0x80000000
     278615.000 ns	     27860	80005bb8	0756ef97	auipc	x31,0x756e	 x31=0x87573bb8
     278625.000 ns	     27861	80005bbc	01f93833	sltu	x16,x18,x31	 x18:0x00000000 x31:0xffffff6f x16=0x00000001
     278635.000 ns	     27862	80005bc0	01e1f133	and	x2,x3,x30	  x3:0x00000000 x30:0x00000000  x2=0x00000000
     278645.000 ns	     27863	80005bc4	40a10d33	sub	x26,x2,x10	  x2:0x00000010 x10:0x00000000 x26=0x00000000
     278655.000 ns	     27864	80005bc8	01b45733	srl	x14,x8,x27	  x8:0x00000000 x27:0x9a07244f x14=0x00000000
     278665.000 ns	     27865	80005bcc	00c0b833	sltu	x16,x1,x12	  x1:0xad961b94 x12:0x000007d4 x16=0x00000000
     278685.000 ns	     27867	80005bd0	e00e00d3	fmv.x.w	x1,f28	 f28:0x80000000  x1=0x80000000
     278705.000 ns	     27869	80005bd4	0179ee33	or	x28,x19,x23	 x19:0x00000000 x23:0x30ed6a20 x28=0x30ed6a20
     279065.000 ns	     27905	80005bd8	02c25f33	divu	x30,x4,x12	  x4:0x00000000 x12:0x000007d4 x30=0x00000000
     279085.000 ns	     27907	80005bdc	03d32513	slti	x10,x6,61	  x6:0xb085feb0 x10=0x00000001
     279125.000 ns	     27911	80005be0	00497bd3	fadd.s	f23,f18,f4	 f18:0x00000000  f4:0xff800000 f23=0xff800000
     279145.000 ns	     27913	80005be4	a7c13793	sltiu	x15,x2,-1412	  x2:0x00000000 x15=0x00000001
     279165.000 ns	     27915	80005be8	29ff04d3	fmin.s	f9,f30,f31	 f30:0x00000000 f31:0x00000000  f9=0x00000000
     279535.000 ns	     27952	80005bec	02635db3	divu	x27,x6,x6	  x6:0xb085feb0  x6:0xb085feb0 x27=0x00000001
     279555.000 ns	     27954	80005bf0	d4b8e293	ori	x5,x17,-693	 x17:0x6d3d7b9c  x5=0xffffffdf
     279575.000 ns	     27956	80005bf4	02eb2db3	mulhsu	x27,x22,x14	 x22:0x00000544 x14:0x00000000 x27=0x00000000
     279595.000 ns	     27958	80005bf8	0071e6b3	or	x13,x3,x7	  x3:0x00000000  x7:0x00000544 x13=0x00000544
     279605.000 ns	     27959	80005bfc	9753c713	xori	x14,x7,-1675	  x7:0x00000544 x14=0xfffffc31
     279615.000 ns	     27960	80005c00	40685513	srai	x10,x16,0x6	 x16:0x00000000 x10=0x00000000
     279635.000 ns	     27962	80005c04	02aeb933	mulhu	x18,x29,x10	 x29:0x00007fff x10:0x00000001 x18=0x00000000
     279655.000 ns	     27964	80005c08	7c346713	ori	x14,x8,1987	  x8:0x00000000 x14=0x000007c3
     280015.000 ns	     28000	80005c0c	03d9f3b3	remu	x7,x19,x29	 x19:0x00000000 x29:0x00007fff  x7=0x00000000
     280035.000 ns	     28002	80005c10	2703ae93	slti	x29,x7,624	  x7:0x00000544 x29=0x00000001
     280055.000 ns	     28004	80005c14	033e1333	mulh	x6,x28,x19	 x28:0x30ed6a20 x19:0x00000000  x6=0x00000000
     280075.000 ns	     28006	80005c18	012f5393	srli	x7,x30,0x12	 x30:0x00000000  x7=0x00000000
     280435.000 ns	     28042	80005c1c	036ef9b3	remu	x19,x29,x22	 x29:0x00000001 x22:0x00000544 x19=0x00000001
     280455.000 ns	     28044	80005c20	e73cbb93	sltiu	x23,x25,-397	 x25:0x9a07254c x23=0x00000001
     280465.000 ns	     28045	80005c24	000e5533	srl	x10,x28,x0	 x28:0x30ed6a20  x0:0x00000000 x10=0x30ed6a20
     280475.000 ns	     28046	80005c28	0128f397	auipc	x7,0x128f	  x7=0x81294c28
     280485.000 ns	     28047	80005c2c	5b7e6293	ori	x5,x28,1463	 x28:0x30ed6a20  x5=0x30ed6fb7
     280495.000 ns	     28048	80005c30	01fc5293	srli	x5,x24,0x1f	 x24:0x00000000  x5=0x00000000
     280515.000 ns	     28050	80005c34	21e72d53	fsgnjx.s	f26,f14,f30	 f14:0x80040fe4 f30:0x00000000 f26=0x80040fe4
     280565.000 ns	     28055	80005c38	01113153	fadd.s	f2,f2,f17	  f2:0xcefff7e0 f17:0x80040fe4  f2=0xcefff7e0
     280585.000 ns	     28057	80005c3c	00000013	addi	x0,x0,0	  x0:0x00000000
     280605.000 ns	     28059	80005c40	20f917d3	fsgnjn.s	f15,f18,f15	 f18:0x00000000 f15:0xff800000 f15=0x00000000
     280625.000 ns	     28061	80005c44	0182c0b3	xor	x1,x5,x24	  x5:0x00000000 x24:0x00000000  x1=0x00000000
     280645.000 ns	     28063	80005c48	c0160453	fcvt.wu.s	x8,f12	 f12:0x80000000  x8=0x00000000
     280675.000 ns	     28066	80005c4c	f00c89d3	fmv.w.x	f19,x25	 x25:0x9a07254c f19=0x9a07254c
     280695.000 ns	     28068	80005c50	46cab413	sltiu	x8,x21,1132	 x21:0x80041024  x8=0x00000000
     280705.000 ns	     28069	80005c54	00a95c33	srl	x24,x18,x10	 x18:0x00000000 x10:0x30ed6a20 x24=0x00000000
     280715.000 ns	     28070	80005c58	21fef913	andi	x18,x29,543	 x29:0x00000001 x18=0x00000001
     280745.000 ns	     28073	80005c5c	10ef2553	fmul.s	f10,f30,f14	 f30:0x00000000 f14:0x80040fe4 f10=0x80000000
     280765.000 ns	     28075	80005c60	01adcc33	xor	x24,x27,x26	 x27:0x00000000 x26:0x00000000 x24=0x00000000
     280785.000 ns	     28077	80005c64	039ab7b3	mulhu	x15,x21,x25	 x21:0x80041024 x25:0x9a07254c x15=0x4d060478
     280805.000 ns	     28079	80005c68	41070a33	sub	x20,x14,x16	 x14:0x000007c3 x16:0x00000000 x20=0x000007c3
     280835.000 ns	     28082	80005c6c	5801fa53	fsqrt.s	f20,f3	  f3:0x80000000 f20=0x80000000
     280855.000 ns	     28084	80005c70	44b17837	lui	x16,0x44b17	 x16=0x44b17000
     280875.000 ns	     28086	80005c74	f00c8153	fmv.w.x	f2,x25	 x25:0x9a07254c  f2=0x9a07254c
     280905.000 ns	     28089	80005c78	c01ef353	fcvt.wu.s	x6,f29	 f29:0x4ea606b6  x6=0x53035b00
     280935.000 ns	     28092	80005c7c	e00a15d3	fclass.s	x11,f20	 f20:0x80000000 x11=0x00000008
     280965.000 ns	     28095	80005c80	0350b033	mulhu	x0,x1,x21	  x1:0x00000000 x21:0x80041024
     280985.000 ns	     28097	80005c84	00000013	addi	x0,x0,0	  x0:0x00000000
     281005.000 ns	     28099	80005c88	a16815d3	flt.s	x11,f16,f22	 f16:0x7fc00000 f22:0x00000000 x11=0x00000000
     281035.000 ns	     28102	80005c8c	e00f9e53	fclass.s	x28,f31	 f31:0x00000000 x28=0x00000010
     281055.000 ns	     28104	80005c90	004e4593	xori	x11,x28,4	 x28:0x30ed6a20 x11=0x00000014
     281065.000 ns	     28105	80005c94	004c9eb3	sll	x29,x25,x4	 x25:0x9a07254c  x4:0x00000000 x29=0x9a07254c
     281075.000 ns	     28106	80005c98	00b54fb3	xor	x31,x10,x11	 x10:0x30ed6a20 x11:0x00000000 x31=0x30ed6a34
     281095.000 ns	     28108	80005c9c	c0141ed3	fcvt.wu.s	x29,f8	  f8:0x00000000 x29=0x00000000
     281115.000 ns	     28110	80005ca0	01a47c33	and	x24,x8,x26	  x8:0x00000000 x26:0x00000000 x24=0x00000000
     281125.000 ns	     28111	80005ca4	01741533	sll	x10,x8,x23	  x8:0x00000000 x23:0x00000001 x10=0x00000000
     281485.000 ns	     28147	80005ca8	027eda33	divu	x20,x29,x7	 x29:0x00000000  x7:0x81294c28 x20=0x00000000
     281515.000 ns	     28150	80005cac	200d81d3	fsgnj.s	f3,f27,f0	 f27:0x00000000  f0:0x00000000  f3=0x00000000
     281535.000 ns	     28152	80005cb0	00d3b833	sltu	x16,x7,x13	  x7:0x81294c28 x13:0x00000544 x16=0x00000000
     281565.000 ns	     28155	80005cb4	182ffcd3	fdiv.s	f25,f31,f2	 f31:0x00000000  f2:0x9a07254c f25=0x80000000
     281585.000 ns	     28157	80005cb8	43467213	andi	x4,x12,1076	 x12:0x000007d4  x4=0x00000414
     281595.000 ns	     28158	80005cbc	1a68ffb7	lui	x31,0x1a68f	 x31=0x1a68f000
     281605.000 ns	     28159	80005cc0	01646233	or	x4,x8,x22	  x8:0x00000000 x22:0x00000544  x4=0x00000544
     281645.000 ns	     28163	80005cc4	0858b853	fsub.s	f16,f17,f5	 f17:0x80040fe4  f5:0xff800000 f16=0x7f800000
     281665.000 ns	     28165	80005cc8	86bfe613	ori	x12,x31,-1941	 x31:0x1a68f000 x12=0xfffff86b
     281685.000 ns	     28167	80005ccc	d00b7cd3	fcvt.s.w	f25,x22	 x22:0x00000544 f25=0x44a88000
     281715.000 ns	     28170	80005cd0	e0041ed3	fclass.s	x29,f8	  f8:0x00000000 x29=0x00000010
     281745.000 ns	     28173	80005cd4	21a78bd3	fsgnj.s	f23,f15,f26	 f15:0x00000000 f26:0x80040fe4 f23=0x80000000
     281765.000 ns	     28175	80005cd8	00aec433	xor	x8,x29,x10	 x29:0x00000010 x10:0x00000000  x8=0x00000010
     281785.000 ns	     28177	80005cdc	d00b7ed3	fcvt.s.w	f29,x22	 x22:0x00000544 f29=0x44a88000
     281815.000 ns	     28180	80005ce0	03043e33	mulhu	x28,x8,x16	  x8:0x00000000 x16:0x00000000 x28=0x00000000
     281835.000 ns	     28182	80005ce4	2f60fb93	andi	x23,x1,758	  x1:0x00000000 x23=0x00000000
     281865.000 ns	     28185	80005ce8	19827c53	fdiv.s	f24,f4,f24	  f4:0xff800000 f24:0xffc00000 f24=0x7fc00000
     281895.000 ns	     28188	80005cec	a1ed2d53	feq.s	x26,f26,f30	 f26:0x80040fe4 f30:0x00000000 x26=0x00000000
     281925.000 ns	     28191	80005cf0	e0000e53	fmv.x.w	x28,f0	  f0:0x00000000 x28=0x00000000
     281955.000 ns	     28194	80005cf4	037d7b33	remu	x22,x26,x23	 x26:0x00000000 x23:0x00000000 x22=0x00000000
     281975.000 ns	     28196	80005cf8	00f51893	slli	x17,x10,0xf	 x10:0x00000000 x17=0x00000000
     281995.000 ns	     28198	80005cfc	e0001e53	fclass.s	x28,f0	  f0:0x00000000 x28=0x00000010
     282015.000 ns	     28200	80005d00	17b04393	xori	x7,x0,379	  x0:0x00000000  x7=0x0000017b
     282375.000 ns	     28236	80005d04	02c76eb3	rem	x29,x14,x12	 x14:0x000007c3 x12:0xfffff86b x29=0x0000002e
     282405.000 ns	     28239	80005d08	021f7133	remu	x2,x30,x1	 x30:0x00000000  x1:0x00000000  x2=0x00000000
     282425.000 ns	     28241	80005d0c	004dfd33	and	x26,x27,x4	 x27:0x00000000  x4:0x00000544 x26=0x00000000
     282445.000 ns	     28243	80005d10	0369cbb3	div	x23,x19,x22	 x19:0x00000001 x22:0x00000000 x23=0xffffffff
     282475.000 ns	     28246	80005d14	29511753	fmax.s	f14,f2,f21	  f2:0x9a07254c f21:0x7fc00000 f14=0x9a07254c
     282505.000 ns	     28249	80005d18	03af90b3	mulh	x1,x31,x26	 x31:0x1a68f000 x26:0x00000000  x1=0x00000000
     282525.000 ns	     28251	80005d1c	000b6233	or	x4,x22,x0	 x22:0x00000000  x0:0x00000000  x4=0x00000000
     282535.000 ns	     28252	80005d20	00425c33	srl	x24,x4,x4	  x4:0x00000544  x4:0x00000544 x24=0x00000000
     282545.000 ns	     28253	80005d24	a592fb13	andi	x22,x5,-1447	  x5:0x00000000 x22=0x00000000
     282585.000 ns	     28257	80005d28	005d2853	fadd.s	f16,f26,f5	 f26:0x80040fe4  f5:0xff800000 f16=0xff800000
     282615.000 ns	     28260	80005d2c	2152a2d3	fsgnjx.s	f5,f5,f21	  f5:0xff800000 f21:0x7fc00000  f5=0xff800000
     282635.000 ns	     28262	80005d30	01bf40b3	xor	x1,x30,x27	 x30:0x00000000 x27:0x00000000  x1=0x00000000
     282645.000 ns	     28263	80005d34	d1833513	sltiu	x10,x6,-744	  x6:0x53035b00 x10=0x00000001
     282655.000 ns	     28264	80005d38	0095cb33	xor	x22,x11,x9	 x11:0x00000014  x9:0x80040fe4 x22=0x80040ff0
     282665.000 ns	     28265	80005d3c	416e5e33	sra	x28,x28,x22	 x28:0x00000010 x22:0x00000000 x28=0x00000000
     282695.000 ns	     28268	80005d40	19509f53	fdiv.s	f30,f1,f21	  f1:0x7fc00000 f21:0x7fc00000 f30=0x7fc00000
     282725.000 ns	     28271	80005d44	c0158d53	fcvt.wu.s	x26,f11	 f11:0x0d81f860 x26=0x00000000
     282745.000 ns	     28273	80005d48	892aa293	slti	x5,x21,-1902	 x21:0x80041024  x5=0x00000001
     282765.000 ns	     28275	80005d4c	29121cd3	fmax.s	f25,f4,f17	  f4:0xff800000 f17:0x80040fe4 f25=0x80040fe4
     282795.000 ns	     28278	80005d50	c00fa5d3	fcvt.w.s	x11,f31	 f31:0x00000000 x11=0x00000000
     282825.000 ns	     28281	80005d54	c0069053	fcvt.w.s	x0,f13	 f13:0x00040fe4
     282845.000 ns	     28283	80005d58	95d96113	ori	x2,x18,-1699	 x18:0x00000001  x2=0xfffff95d
     282885.000 ns	     28287	80005d5c	00867053	fadd.s	f0,f12,f8	 f12:0x80000000  f8:0x00000000  f0=0x00000000
     282925.000 ns	     28291	80005d60	102afcd3	fmul.s	f25,f21,f2	 f21:0x7fc00000  f2:0x9a07254c f25=0x7fc00000
     282955.000 ns	     28294	80005d64	02ca3c33	mulhu	x24,x20,x12	 x20:0x00000000 x12:0xfffff86b x24=0x00000000
     282985.000 ns	     28297	80005d68	03083433	mulhu	x8,x16,x16	 x16:0x00000000 x16:0x00000000  x8=0x00000000
     283005.000 ns	     28299	80005d6c	01351113	slli	x2,x10,0x13	 x10:0x00000001  x2=0x00080000
     283015.000 ns	     28300	80005d70	000b9d13	slli	x26,x23,0x0	 x23:0xffffffff x26=0xffffffff
     283045.000 ns	     28303	80005d74	10be9453	fmul.s	f8,f29,f11	 f29:0x44a88000 f11:0x0d81f860  f8=0x12ab17f6
     283075.000 ns	     28306	80005d78	a1862b53	feq.s	x22,f12,f24	 f12:0x80000000 f24:0x7fc00000 x22=0x00000000
     283095.000 ns	     28308	80005d7c	2ba14137	lui	x2,0x2ba14	  x2=0x2ba14000
     283115.000 ns	     28310	80005d80	035c9633	mulh	x12,x25,x21	 x25:0x9a07254c x21:0x80041024 x12=0x32facf08
     283135.000 ns	     28312	80005d84	7a78bb13	sltiu	x22,x17,1959	 x17:0x00000000 x22=0x00000001
     283145.000 ns	     28313	80005d88	01f488b3	add	x17,x9,x31	  x9:0x80040fe4 x31:0x1a68f000 x17=0x9a6cffe4
     283165.000 ns	     28315	80005d8c	020282b3	mul	x5,x5,x0	  x5:0x00000001  x0:0x00000000  x5=0x00000000
     283535.000 ns	     28352	80005d90	027b5033	divu	x0,x22,x7	 x22:0x00000001  x7:0x0000017b
     283565.000 ns	     28355	80005d94	03b48433	mul	x8,x9,x27	  x9:0x80040fe4 x27:0x00000000  x8=0x00000000
     283585.000 ns	     28357	80005d98	fcff3993	sltiu	x19,x30,-49	 x30:0x00000000 x19=0x00000001
     283595.000 ns	     28358	80005d9c	00ea5213	srli	x4,x20,0xe	 x20:0x00000000  x4=0x00000000
     283605.000 ns	     28359	80005da0	41715e93	srai	x29,x2,0x17	  x2:0x2ba14000 x29=0x00000057
     283625.000 ns	     28361	80005da4	d0067653	fcvt.s.w	f12,x12	 x12:0x32facf08 f12=0x4e4beb3c
     283645.000 ns	     28363	80005da8	a0288693	addi	x13,x17,-1534	 x17:0x9a6cffe4 x13=0x9a6cf9e6
     283665.000 ns	     28365	80005dac	e00218d3	fclass.s	x17,f4	  f4:0xff800000 x17=0x00000001
     283685.000 ns	     28367	80005db0	00000013	addi	x0,x0,0	  x0:0x00000000
     283695.000 ns	     28368	80005db4	00908733	add	x14,x1,x9	  x1:0x00000000  x9:0x80040fe4 x14=0x80040fe4
     283705.000 ns	     28369	80005db8	01cfff33	and	x30,x31,x28	 x31:0x1a68f000 x28:0x00000000 x30=0x00000000
     283715.000 ns	     28370	80005dbc	012e5333	srl	x6,x28,x18	 x28:0x00000000 x18:0x00000001  x6=0x00000000
     283725.000 ns	     28371	80005dc0	416c0133	sub	x2,x24,x22	 x24:0x00000000 x22:0x00000001  x2=0xffffffff
     283755.000 ns	     28374	80005dc4	18db71d3	fdiv.s	f3,f22,f13	 f22:0x00000000 f13:0x00040fe4  f3=0x00000000
     283795.000 ns	     28378	80005dc8	18d57653	fdiv.s	f12,f10,f13	 f10:0x80000000 f13:0x00040fe4 f12=0x80000000
     283825.000 ns	     28381	80005dcc	d01b46d3	fcvt.s.wu	f13,x22	 x22:0x00000001 f13=0x3f800000
     283855.000 ns	     28384	80005dd0	a10ba2d3	feq.s	x5,f23,f16	 f23:0x80000000 f16:0xff800000  x5=0x00000000
     283875.000 ns	     28386	80005dd4	41ad0833	sub	x16,x26,x26	 x26:0xffffffff x26:0xffffffff x16=0x00000000
     283895.000 ns	     28388	80005dd8	21181653	fsgnjn.s	f12,f16,f17	 f16:0xff800000 f17:0x80040fe4 f12=0x7f800000
     283925.000 ns	     28391	80005ddc	28fd9ad3	fmax.s	f21,f27,f15	 f27:0x00000000 f15:0x00000000 f21=0x00000000
     283955.000 ns	     28394	80005de0	21d22653	fsgnjx.s	f12,f4,f29	  f4:0xff800000 f29:0x44a88000 f12=0xff800000
     283975.000 ns	     28396	80005de4	f4358013	addi	x0,x11,-189	 x11:0x00000000
     284005.000 ns	     28399	80005de8	199bf353	fdiv.s	f6,f23,f25	 f23:0x80000000 f25:0x7fc00000  f6=0x7fc00000
     284055.000 ns	     28404	80005dec	09fe4653	fsub.s	f12,f28,f31	 f28:0x80000000 f31:0x00000000 f12=0x80000000
     284095.000 ns	     28408	80005df0	580b94d3	fsqrt.s	f9,f23	 f23:0x80000000  f9=0x80000000
     284115.000 ns	     28410	80005df4	f6dfb297	auipc	x5,0xf6dfb	  x5=0x76e00df4
     284125.000 ns	     28411	80005df8	4180d933	sra	x18,x1,x24	  x1:0x00000000 x24:0x00000000 x18=0x00000000
     284135.000 ns	     28412	80005dfc	dd33fa13	andi	x20,x7,-557	  x7:0x0000017b x20=0x00000153
     284155.000 ns	     28414	80005e00	28369ed3	fmax.s	f29,f13,f3	 f13:0x3f800000  f3:0x00000000 f29=0x3f800000
     284185.000 ns	     28417	80005e04	a07d17d3	flt.s	x15,f26,f7	 f26:0x80040fe4  f7:0x00000000 x15=0x00000001
     284215.000 ns	     28420	80005e08	027ea433	mulhsu	x8,x29,x7	 x29:0x00000057  x7:0x0000017b  x8=0x00000000
     284235.000 ns	     28422	80005e0c	41df8733	sub	x14,x31,x29	 x31:0x1a68f000 x29:0x00000057 x14=0x1a68efa9
     284245.000 ns	     28423	80005e10	01ac9133	sll	x2,x25,x26	 x25:0x9a07254c x26:0xffffffff  x2=0x00000000
     284255.000 ns	     28424	80005e14	8a60c193	xori	x3,x1,-1882	  x1:0x00000000  x3=0xfffff8a6
     284285.000 ns	     28427	80005e18	10407ed3	fmul.s	f29,f0,f4	  f0:0x00000000  f4:0xff800000 f29=0x7fc00000
     284305.000 ns	     28429	80005e1c	00ee55b3	srl	x11,x28,x14	 x28:0x00000000 x14:0x1a68efa9 x11=0x00000000
     284665.000 ns	     28465	80005e20	03fa4533	div	x10,x20,x31	 x20:0x00000153 x31:0x1a68f000 x10=0x00000000
     284685.000 ns	     28467	80005e24	40a15033	sra	x0,x2,x10	  x2:0x00000000 x10:0x00000001
     284695.000 ns	     28468	80005e28	41ac5393	srai	x7,x24,0x1a	 x24:0x00000000  x7=0x00000000
     284715.000 ns	     28470	80005e2c	280a0c53	fmin.s	f24,f20,f0	 f20:0x80000000  f0:0x00000000 f24=0x80000000
     284745.000 ns	     28473	80005e30	a1b39e53	flt.s	x28,f7,f27	  f7:0x00000000 f27:0x00000000 x28=0x00000000
     285115.000 ns	     28510	80005e34	0348cdb3	div	x27,x17,x20	 x17:0x00000001 x20:0x00000153 x27=0x00000000
     285145.000 ns	     28513	80005e38	29d40053	fmin.s	f0,f8,f29	  f8:0x12ab17f6 f29:0x7fc00000  f0=0x12ab17f6
     285165.000 ns	     28515	80005e3c	41f70d33	sub	x26,x14,x31	 x14:0x1a68efa9 x31:0x1a68f000 x26=0xffffffa9
     285185.000 ns	     28517	80005e40	c00378d3	fcvt.w.s	x17,f6	  f6:0x7fc00000 x17=0x7fffffff
     285205.000 ns	     28519	80005e44	006169b3	or	x19,x2,x6	  x2:0x00000000  x6:0x00000000 x19=0x00000000
     285225.000 ns	     28521	80005e48	a18410d3	flt.s	x1,f8,f24	  f8:0x12ab17f6 f24:0x80000000  x1=0x00000000
     285275.000 ns	     28526	80005e4c	015ef753	fadd.s	f14,f29,f21	 f29:0x7fc00000 f21:0x00000000 f14=0x7fc00000
     285295.000 ns	     28528	80005e50	40ced213	srai	x4,x29,0xc	 x29:0x00000057  x4=0x00000000
     285315.000 ns	     28530	80005e54	a0a217d3	flt.s	x15,f4,f10	  f4:0xff800000 f10:0x80000000 x15=0x00000001
     285345.000 ns	     28533	80005e58	03b18433	mul	x8,x3,x27	  x3:0xfffff8a6 x27:0x00000000  x8=0x00000000
     285365.000 ns	     28535	80005e5c	4094dc13	srai	x24,x9,0x9	  x9:0x80040fe4 x24=0xffc00207
     285395.000 ns	     28538	80005e60	580af553	fsqrt.s	f10,f21	 f21:0x00000000 f10=0x00000000
     285415.000 ns	     28540	80005e64	e2623a13	sltiu	x20,x4,-474	  x4:0x00000000 x20=0x00000001
     285435.000 ns	     28542	80005e68	d01efbd3	fcvt.s.wu	f23,x29	 x29:0x00000057 f23=0x42ae0000
     285455.000 ns	     28544	80005e6c	9e923693	sltiu	x13,x4,-1559	  x4:0x00000000 x13=0x00000001
     285475.000 ns	     28546	80005e70	02ae3b33	mulhu	x22,x28,x10	 x28:0x00000000 x10:0x00000000 x22=0x00000000
     285495.000 ns	     28548	80005e74	4beb2813	slti	x16,x22,1214	 x22:0x00000001 x16=0x00000001
     285515.000 ns	     28550	80005e78	d01c3b53	fcvt.s.wu	f22,x24	 x24:0xffc00207 f22=0x4f7fc003
     285535.000 ns	     28552	80005e7c	76a22d13	slti	x26,x4,1898	  x4:0x00000000 x26=0x00000001
     285555.000 ns	     28554	80005e80	d01d2353	fcvt.s.wu	f6,x26	 x26:0xffffffa9  f6=0x3f800000
     285575.000 ns	     28556	80005e84	01160fb3	add	x31,x12,x17	 x12:0x32facf08 x17:0x7fffffff x31=0xb2facf07
     285585.000 ns	     28557	80005e88	153bf393	andi	x7,x23,339	 x23:0xffffffff  x7=0x00000153
     285595.000 ns	     28558	80005e8c	41bd8bb3	sub	x23,x27,x27	 x27:0x00000000 x27:0x00000000 x23=0x00000000
     285615.000 ns	     28560	80005e90	d00f9d53	fcvt.s.w	f26,x31	 x31:0xb2facf07 f26=0xce9a0a61
     285635.000 ns	     28562	80005e94	8f727393	andi	x7,x4,-1801	  x4:0x00000000  x7=0x00000000
     285645.000 ns	     28563	80005e98	7d3e0b13	addi	x22,x28,2003	 x28:0x00000000 x22=0x000007d3
     285655.000 ns	     28564	80005e9c	61902f93	slti	x31,x0,1561	  x0:0x00000000 x31=0x00000001
     285665.000 ns	     28565	80005ea0	01429913	slli	x18,x5,0x14	  x5:0x76e00df4 x18=0xdf400000
     285685.000 ns	     28567	80005ea4	02af6633	rem	x12,x30,x10	 x30:0x00000000 x10:0x00000000 x12=0x00000000
     285705.000 ns	     28569	80005ea8	ca917213	andi	x4,x2,-855	  x2:0x00000000  x4=0x00000000
     285715.000 ns	     28570	80005eac	015cff33	and	x30,x25,x21	 x25:0x9a07254c x21:0x80041024 x30=0x80040004
     285725.000 ns	     28571	80005eb0	009ed713	srli	x14,x29,0x9	 x29:0x00000057 x14=0x00000000
     285755.000 ns	     28574	80005eb4	199299d3	fdiv.s	f19,f5,f25	  f5:0xff800000 f25:0x7fc00000 f19=0x7fc00000
     285785.000 ns	     28577	80005eb8	d008f9d3	fcvt.s.w	f19,x17	 x17:0x7fffffff f19=0x4effffff
     286155.000 ns	     28614	80005ebc	031ec633	div	x12,x29,x17	 x29:0x00000057 x17:0x7fffffff x12=0x00000000
     286175.000 ns	     28616	80005ec0	01ec8333	add	x6,x25,x30	 x25:0x9a07254c x30:0x80040004  x6=0x1a0b2550
     286185.000 ns	     28617	80005ec4	012d6eb3	or	x29,x26,x18	 x26:0x00000001 x18:0xdf400000 x29=0xdf400001
     286195.000 ns	     28618	80005ec8	40e65613	srai	x12,x12,0xe	 x12:0x00000000 x12=0x00000000
     286215.000 ns	     28620	80005ecc	a0b48353	fle.s	x6,f9,f11	  f9:0x80000000 f11:0x0d81f860  x6=0x00000001
     286235.000 ns	     28622	80005ed0	641a6113	ori	x2,x20,1601	 x20:0x00000001  x2=0x00000641
     286255.000 ns	     28624	80005ed4	032b18b3	mulh	x17,x22,x18	 x22:0x000007d3 x18:0xdf400000 x17=0xfffffeff
     286285.000 ns	     28627	80005ed8	28941d53	fmax.s	f26,f8,f9	  f8:0x12ab17f6  f9:0x80000000 f26=0x12ab17f6
     286305.000 ns	     28629	80005edc	0006c333	xor	x6,x13,x0	 x13:0x00000001  x0:0x00000000  x6=0x00000001
     286315.000 ns	     28630	80005ee0	00cbd993	srli	x19,x23,0xc	 x23:0x00000000 x19=0x00000000
     286335.000 ns	     28632	80005ee4	215a0953	fsgnj.s	f18,f20,f21	 f20:0x80000000 f21:0x00000000 f18=0x00000000
     286705.000 ns	     28669	80005ee8	0315ce33	div	x28,x11,x17	 x11:0x00000000 x17:0xfffffeff x28=0x00000000
     286735.000 ns	     28672	80005eec	a01a9ed3	flt.s	x29,f21,f1	 f21:0x00000000  f1:0x7fc00000 x29=0x00000000
     286765.000 ns	     28675	80005ef0	d00f34d3	fcvt.s.w	f9,x30	 x30:0x80040004  f9=0xcefff800
     286795.000 ns	     28678	80005ef4	20f889d3	fsgnj.s	f19,f17,f15	 f17:0x80040fe4 f15:0x00000000 f19=0x00040fe4
     286815.000 ns	     28680	80005ef8	012923b3	slt	x7,x18,x18	 x18:0xdf400000 x18:0xdf400000  x7=0x00000000
     286835.000 ns	     28682	80005efc	a0a38f53	fle.s	x30,f7,f10	  f7:0x00000000 f10:0x00000000 x30=0x00000001
     286865.000 ns	     28685	80005f00	c00787d3	fcvt.w.s	x15,f15	 f15:0x00000000 x15=0x00000000
     286885.000 ns	     28687	80005f04	419107b3	sub	x15,x2,x25	  x2:0x00000641 x25:0x9a07254c x15=0x65f8e0f5
     286915.000 ns	     28690	80005f08	10ba2953	fmul.s	f18,f20,f11	 f20:0x80000000 f11:0x0d81f860 f18=0x80000000
     286955.000 ns	     28694	80005f0c	58017f53	fsqrt.s	f30,f2	  f2:0x9a07254c f30=0x7fc00000
     287325.000 ns	     28731	80005f10	0326d933	divu	x18,x13,x18	 x13:0x00000001 x18:0xdf400000 x18=0x00000000
     287355.000 ns	     28734	80005f14	e0081b53	fclass.s	x22,f16	 f16:0xff800000 x22=0x00000001
     287385.000 ns	     28737	80005f18	03353233	mulhu	x4,x10,x19	 x10:0x00000000 x19:0x00000000  x4=0x00000000
     287435.000 ns	     28742	80005f1c	002bf3d3	fadd.s	f7,f23,f2	 f23:0x42ae0000  f2:0x9a07254c  f7=0x42ae0000
     287455.000 ns	     28744	80005f20	000f4733	xor	x14,x30,x0	 x30:0x00000001  x0:0x00000000 x14=0x00000001
     287465.000 ns	     28745	80005f24	ac1aa217	auipc	x4,0xac1aa	  x4=0x2c1aff24
     287485.000 ns	     28747	80005f28	03256fb3	rem	x31,x10,x18	 x10:0x00000000 x18:0x00000000 x31=0x00000000
     287515.000 ns	     28750	80005f2c	20481053	fsgnjn.s	f0,f16,f4	 f16:0xff800000  f4:0xff800000  f0=0x7f800000
     287535.000 ns	     28752	80005f30	016e35b3	sltu	x11,x28,x22	 x28:0x00000000 x22:0x00000001 x11=0x00000001
     287895.000 ns	     28788	80005f34	024bff33	remu	x30,x23,x4	 x23:0x00000000  x4:0x2c1aff24 x30=0x00000000
     288265.000 ns	     28825	80005f38	0226c5b3	div	x11,x13,x2	 x13:0x00000001  x2:0x00000641 x11=0x00000000
     288285.000 ns	     28827	80005f3c	404e5613	srai	x12,x28,0x4	 x28:0x00000000 x12=0x00000000
     288305.000 ns	     28829	80005f40	c01df6d3	fcvt.wu.s	x13,f27	 f27:0x00000000 x13=0x00000000
     288335.000 ns	     28832	80005f44	f00706d3	fmv.w.x	f13,x14	 x14:0x00000001 f13=0x00000001
     288365.000 ns	     28835	80005f48	0376bdb3	mulhu	x27,x13,x23	 x13:0x00000000 x23:0x00000000 x27=0x00000000
     288385.000 ns	     28837	80005f4c	0057af33	slt	x30,x15,x5	 x15:0x65f8e0f5  x5:0x76e00df4 x30=0x00000001
     288405.000 ns	     28839	80005f50	29c41cd3	fmax.s	f25,f8,f28	  f8:0x12ab17f6 f28:0x80000000 f25=0x12ab17f6
     288425.000 ns	     28841	80005f54	00e58e33	add	x28,x11,x14	 x11:0x00000000 x14:0x00000001 x28=0x00000001
     288445.000 ns	     28843	80005f58	20191fd3	fsgnjn.s	f31,f18,f1	 f18:0x80000000  f1:0x7fc00000 f31=0x80000000
     288475.000 ns	     28846	80005f5c	03aaa633	mulhsu	x12,x21,x26	 x21:0x80041024 x26:0x00000001 x12=0xffffffff
     288505.000 ns	     28849	80005f60	289a88d3	fmin.s	f17,f21,f9	 f21:0x00000000  f9:0xcefff800 f17=0xcefff800
     288535.000 ns	     28852	80005f64	21a485d3	fsgnj.s	f11,f9,f26	  f9:0xcefff800 f26:0x12ab17f6 f11=0x4efff800
     288565.000 ns	     28855	80005f68	e00f9ed3	fclass.s	x29,f31	 f31:0x80000000 x29=0x00000008
     288615.000 ns	     28860	80005f6c	08772e53	fsub.s	f28,f14,f7	 f14:0x7fc00000  f7:0x42ae0000 f28=0x7fc00000
     288645.000 ns	     28863	80005f70	211c2ed3	fsgnjx.s	f29,f24,f17	 f24:0x80000000 f17:0xcefff800 f29=0x00000000
     288665.000 ns	     28865	80005f74	efb4d5b7	lui	x11,0xefb4d	 x11=0xefb4d000
     288685.000 ns	     28867	80005f78	02100933	mul	x18,x0,x1	  x0:0x00000000  x1:0x00000000 x18=0x00000000
     288705.000 ns	     28869	80005f7c	2e71ce13	xori	x28,x3,743	  x3:0xfffff8a6 x28=0xfffffa41
     288715.000 ns	     28870	80005f80	0082b033	sltu	x0,x5,x8	  x5:0x76e00df4  x8:0x00000000
     288735.000 ns	     28872	80005f84	e00f9853	fclass.s	x16,f31	 f31:0x80000000 x16=0x00000008
     288755.000 ns	     28874	80005f88	453fc117	auipc	x2,0x453fc	  x2=0xc5401f88
     288775.000 ns	     28876	80005f8c	03f41c33	mulh	x24,x8,x31	  x8:0x00000000 x31:0x00000000 x24=0x00000000
     288805.000 ns	     28879	80005f90	a0a42753	feq.s	x14,f8,f10	  f8:0x12ab17f6 f10:0x00000000 x14=0x00000000
     288835.000 ns	     28882	80005f94	21bf05d3	fsgnj.s	f11,f30,f27	 f30:0x7fc00000 f27:0x00000000 f11=0x7fc00000
     288865.000 ns	     28885	80005f98	03508a33	mul	x20,x1,x21	  x1:0x00000000 x21:0x80041024 x20=0x00000000
     288885.000 ns	     28887	80005f9c	0118db13	srli	x22,x17,0x11	 x17:0xfffffeff x22=0x00007fff
     288905.000 ns	     28889	80005fa0	21291453	fsgnjn.s	f8,f18,f18	 f18:0x80000000 f18:0x80000000  f8=0x00000000
     288925.000 ns	     28891	80005fa4	00637db3	and	x27,x6,x6	  x6:0x00000001  x6:0x00000001 x27=0x00000001
     288945.000 ns	     28893	80005fa8	e0029b53	fclass.s	x22,f5	  f5:0xff800000 x22=0x00000001
     289315.000 ns	     28930	80005fac	03b6f233	remu	x4,x13,x27	 x13:0x00000000 x27:0x00000000  x4=0x00000000
     289345.000 ns	     28933	80005fb0	a0281dd3	flt.s	x27,f16,f2	 f16:0xff800000  f2:0x9a07254c x27=0x00000001
     289365.000 ns	     28935	80005fb4	01e28bb3	add	x23,x5,x30	  x5:0x76e00df4 x30:0x00000001 x23=0x76e00df5
     289375.000 ns	     28936	80005fb8	15497d13	andi	x26,x18,340	 x18:0x00000000 x26=0x00000000
     289395.000 ns	     28938	80005fbc	c01db253	fcvt.wu.s	x4,f27	 f27:0x00000000  x4=0x00000000
     289445.000 ns	     28943	80005fc0	018f88d3	fadd.s	f17,f31,f24	 f31:0x80000000 f24:0x80000000 f17=0x80000000
     289475.000 ns	     28946	80005fc4	a01e87d3	fle.s	x15,f29,f1	 f29:0x00000000  f1:0x7fc00000 x15=0x00000000
     289495.000 ns	     28948	80005fc8	01d31433	sll	x8,x6,x29	  x6:0x00000001 x29:0x00000008  x8=0x00000100
     289515.000 ns	     28950	80005fcc	c008f253	fcvt.w.s	x4,f17	 f17:0x80000000  x4=0x00000000
     289535.000 ns	     28952	80005fd0	40e20533	sub	x10,x4,x14	  x4:0x00000000 x14:0x00000000 x10=0x00000000
     289545.000 ns	     28953	80005fd4	000c32b3	sltu	x5,x24,x0	 x24:0x00000000  x0:0x00000000  x5=0x00000000
     289565.000 ns	     28955	80005fd8	d012c1d3	fcvt.s.wu	f3,x5	  x5:0x76e00df4  f3=0x00000000
     289605.000 ns	     28959	80005fdc	109e0253	fmul.s	f4,f28,f9	 f28:0x7fc00000  f9:0xcefff800  f4=0x7fc00000
     289625.000 ns	     28961	80005fe0	41c600b3	sub	x1,x12,x28	 x12:0xffffffff x28:0xfffffa41  x1=0x000005be
     289635.000 ns	     28962	80005fe4	00202333	slt	x6,x0,x2	  x0:0x00000000  x2:0xc5401f88  x6=0x00000000
     289645.000 ns	     28963	80005fe8	00510db3	add	x27,x2,x5	  x2:0xc5401f88  x5:0x00000000 x27=0xc5401f88
     289655.000 ns	     28964	80005fec	6916bb93	sltiu	x23,x13,1681	 x13:0x00000000 x23=0x00000001
     289665.000 ns	     28965	80005ff0	40e4d2b3	sra	x5,x9,x14	  x9:0x80040fe4 x14:0x00000000  x5=0x80040fe4
     289685.000 ns	     28967	80005ff4	289d19d3	fmax.s	f19,f26,f9	 f26:0x12ab17f6  f9:0xcefff800 f19=0x12ab17f6
     289725.000 ns	     28971	80005ff8	1935f3d3	fdiv.s	f7,f11,f19	 f11:0x7fc00000 f19:0x00040fe4  f7=0x7fc00000
     289755.000 ns	     28974	80005ffc	02d457b3	divu	x15,x8,x13	  x8:0x00000100 x13:0x00000000 x15=0xffffffff
     289775.000 ns	     28976	80006000	003ff233	and	x4,x31,x3	 x31:0x00000000  x3:0xfffff8a6  x4=0x00000000
     289795.000 ns	     28978	80006004	022086b3	mul	x13,x1,x2	  x1:0x000005be  x2:0xc5401f88 x13=0xa6350ef0
     289815.000 ns	     28980	80006008	cfa0e593	ori	x11,x1,-774	  x1:0x000005be x11=0xfffffdfe
     289835.000 ns	     28982	8000600c	29f318d3	fmax.s	f17,f6,f31	  f6:0x3f800000 f31:0x80000000 f17=0x3f800000
     289865.000 ns	     28985	80006010	d0147dd3	fcvt.s.wu	f27,x8	  x8:0x00000100 f27=0x43800000
     290235.000 ns	     29022	80006014	03144e33	div	x28,x8,x17	  x8:0x00000100 x17:0xfffffeff x28=0x00000000
     290255.000 ns	     29024	80006018	01cadc13	srli	x24,x21,0x1c	 x21:0x80041024 x24=0x00000008
     290275.000 ns	     29026	8000601c	f0058dd3	fmv.w.x	f27,x11	 x11:0xfffffdfe f27=0xfffffdfe
     290305.000 ns	     29029	80006020	21f008d3	fsgnj.s	f17,f0,f31	  f0:0x7f800000 f31:0x80000000 f17=0xff800000
     290675.000 ns	     29066	80006024	022b7f33	remu	x30,x22,x2	 x22:0x00000001  x2:0xc5401f88 x30=0x00000001
     290695.000 ns	     29068	80006028	01782633	slt	x12,x16,x23	 x16:0x00000008 x23:0x00000001 x12=0x00000000
     290715.000 ns	     29070	8000602c	a09ca553	feq.s	x10,f25,f9	 f25:0x12ab17f6  f9:0xcefff800 x10=0x00000000
     290745.000 ns	     29073	80006030	290b07d3	fmin.s	f15,f22,f16	 f22:0x4f7fc003 f16:0xff800000 f15=0xff800000
     290765.000 ns	     29075	80006034	00c27633	and	x12,x4,x12	  x4:0x00000000 x12:0x00000000 x12=0x00000000
     290785.000 ns	     29077	80006038	a0db0453	fle.s	x8,f22,f13	 f22:0x4f7fc003 f13:0x00000001  x8=0x00000000
     290805.000 ns	     29079	8000603c	06648397	auipc	x7,0x6648	  x7=0x8664e03c
     290825.000 ns	     29081	80006040	20ada753	fsgnjx.s	f14,f27,f10	 f27:0xfffffdfe f10:0x00000000 f14=0xfffffdfe
     290845.000 ns	     29083	80006044	403b5233	sra	x4,x22,x3	 x22:0x00000001  x3:0xfffff8a6  x4=0x00000000
     290855.000 ns	     29084	80006048	00475533	srl	x10,x14,x4	 x14:0x00000000  x4:0x00000000 x10=0x00000000
     290875.000 ns	     29086	8000604c	e00912d3	fclass.s	x5,f18	 f18:0x80000000  x5=0x00000008
     291245.000 ns	     29123	80006050	02fe65b3	rem	x11,x28,x15	 x28:0x00000000 x15:0xffffffff x11=0x00000000
     291265.000 ns	     29125	80006054	011d8a33	add	x20,x27,x17	 x27:0xc5401f88 x17:0xfffffeff x20=0xc5401e87
     291285.000 ns	     29127	80006058	d0067553	fcvt.s.w	f10,x12	 x12:0x00000000 f10=0x00000000
     291305.000 ns	     29129	8000605c	00005993	srli	x19,x0,0x0	  x0:0x00000000 x19=0x00000000
     291315.000 ns	     29130	80006060	aede8813	addi	x16,x29,-1299	 x29:0x00000008 x16=0xfffffaf5
     291335.000 ns	     29132	80006064	a0468153	fle.s	x2,f13,f4	 f13:0x00000001  f4:0x7fc00000  x2=0x00000000
     291365.000 ns	     29135	80006068	d0157253	fcvt.s.wu	f4,x10	 x10:0x00000000  f4=0x00000000
     291395.000 ns	     29138	8000606c	28858253	fmin.s	f4,f11,f8	 f11:0x7fc00000  f8:0x00000000  f4=0x00000000
     291415.000 ns	     29140	80006070	00dddc13	srli	x24,x27,0xd	 x27:0xc5401f88 x24=0x00062a00
     291445.000 ns	     29143	80006074	195311d3	fdiv.s	f3,f6,f21	  f6:0x3f800000 f21:0x00000000  f3=0x7f800000
     291475.000 ns	     29146	80006078	d0107dd3	fcvt.s.wu	f27,x0	  x0:0x00000000 f27=0x00000000
     291495.000 ns	     29148	8000607c	2ba72e13	slti	x28,x14,698	 x14:0x00000000 x28=0x00000001
     291505.000 ns	     29149	80006080	002ac233	xor	x4,x21,x2	 x21:0x80041024  x2:0x00000000  x4=0x80041024
     291525.000 ns	     29151	80006084	02833fb3	mulhu	x31,x6,x8	  x6:0x00000000  x8:0x00000000 x31=0x00000000
     291565.000 ns	     29155	80006088	184b7653	fdiv.s	f12,f22,f4	 f22:0x4f7fc003  f4:0x00000000 f12=0x7f800000
     291595.000 ns	     29158	8000608c	295b8d53	fmin.s	f26,f23,f21	 f23:0x42ae0000 f21:0x00000000 f26=0x00000000
     291625.000 ns	     29161	80006090	d00c2553	fcvt.s.w	f10,x24	 x24:0x00062a00 f10=0x48c54000
     291645.000 ns	     29163	80006094	000893b3	sll	x7,x17,x0	 x17:0xfffffeff  x0:0x00000000  x7=0xfffffeff
     291975.000 ns	     29196	80006098	189b7653	fdiv.s	f12,f22,f9	 f22:0x4f7fc003  f9:0xcefff800 f12=0xbfffc004
     291995.000 ns	     29198	8000609c	01605833	srl	x16,x0,x22	  x0:0x00000000 x22:0x00000001 x16=0x00000000
     292015.000 ns	     29200	800060a0	f00308d3	fmv.w.x	f17,x6	  x6:0x00000000 f17=0x00000000
     292035.000 ns	     29202	800060a4	00000013	addi	x0,x0,0	  x0:0x00000000
     292055.000 ns	     29204	800060a8	027627b3	mulhsu	x15,x12,x7	 x12:0x00000000  x7:0xfffffeff x15=0x00000000
     292075.000 ns	     29206	800060ac	9a820f13	addi	x30,x4,-1624	  x4:0x80041024 x30=0x800409cc
     292435.000 ns	     29242	800060b0	03b0f3b3	remu	x7,x1,x27	  x1:0x000005be x27:0xc5401f88  x7=0x000005be
     292455.000 ns	     29244	800060b4	01ee2833	slt	x16,x28,x30	 x28:0x00000001 x30:0x00000001 x16=0x00000000
     292475.000 ns	     29246	800060b8	d01229d3	fcvt.s.wu	f19,x4	  x4:0x80041024 f19=0x4f000411
     292505.000 ns	     29249	800060bc	a0ba8353	fle.s	x6,f21,f11	 f21:0x00000000 f11:0x7fc00000  x6=0x00000000
     292525.000 ns	     29251	800060c0	db04f337	lui	x6,0xdb04f	  x6=0xdb04f000
     292535.000 ns	     29252	800060c4	002c47b3	xor	x15,x24,x2	 x24:0x00062a00  x2:0x00000000 x15=0x00062a00
     292555.000 ns	     29254	800060c8	e00d0dd3	fmv.x.w	x27,f26	 f26:0x00000000 x27=0x00000000
     292575.000 ns	     29256	800060cc	01a0f033	and	x0,x1,x26	  x1:0x000005be x26:0x00000000
     292585.000 ns	     29257	800060d0	00085733	srl	x14,x16,x0	 x16:0x00000000  x0:0x00000000 x14=0x00000000
     292595.000 ns	     29258	800060d4	0032d733	srl	x14,x5,x3	  x5:0x00000008  x3:0xfffff8a6 x14=0x00000000
     292605.000 ns	     29259	800060d8	b45abf13	sltiu	x30,x21,-1211	 x21:0x80041024 x30=0x00000001
     292625.000 ns	     29261	800060dc	a1f99dd3	flt.s	x27,f19,f31	 f19:0x4f000411 f31:0x80000000 x27=0x00000000
     292655.000 ns	     29264	800060e0	020c2133	mulhsu	x2,x24,x0	 x24:0x00062a00  x0:0x00000000  x2=0x00000000
     292675.000 ns	     29266	800060e4	d3d6a713	slti	x14,x13,-707	 x13:0xa6350ef0 x14=0x00000001
     292695.000 ns	     29268	800060e8	f0010ad3	fmv.w.x	f21,x2	  x2:0x00000000 f21=0x00000000
     292715.000 ns	     29270	800060ec	41bf8633	sub	x12,x31,x27	 x31:0x00000000 x27:0x00000000 x12=0x00000000
     292725.000 ns	     29271	800060f0	41428c33	sub	x24,x5,x20	  x5:0x00000008 x20:0xc5401e87 x24=0x3abfe181
     292735.000 ns	     29272	800060f4	b5230093	addi	x1,x6,-1198	  x6:0xdb04f000  x1=0xdb04eb52
     292745.000 ns	     29273	800060f8	00000013	addi	x0,x0,0	  x0:0x00000000
     292785.000 ns	     29277	800060fc	01923453	fadd.s	f8,f4,f25	  f4:0x00000000 f25:0x12ab17f6  f8=0x12ab17f6
     292805.000 ns	     29279	80006100	00d55713	srli	x14,x10,0xd	 x10:0x00000000 x14=0x00000000
     292815.000 ns	     29280	80006104	006a9613	slli	x12,x21,0x6	 x21:0x80041024 x12=0x01040900
     292825.000 ns	     29281	80006108	41718733	sub	x14,x3,x23	  x3:0xfffff8a6 x23:0x00000001 x14=0xfffff8a5
     292845.000 ns	     29283	8000610c	0359a833	mulhsu	x16,x19,x21	 x19:0x00000000 x21:0x80041024 x16=0x00000000
     292865.000 ns	     29285	80006110	04a8ce13	xori	x28,x17,74	 x17:0xfffffeff x28=0xfffffeb5
     292885.000 ns	     29287	80006114	c01d1253	fcvt.wu.s	x4,f26	 f26:0x00000000  x4=0x00000000
     292915.000 ns	     29290	80006118	c014a553	fcvt.wu.s	x10,f9	  f9:0xcefff800 x10=0x7ffc0000
     292935.000 ns	     29292	8000611c	006906b3	add	x13,x18,x6	 x18:0x00000000  x6:0xdb04f000 x13=0xdb04f000
     292945.000 ns	     29293	80006120	009ffbb3	and	x23,x31,x9	 x31:0x00000000  x9:0x80040fe4 x23=0x00000000
     292965.000 ns	     29295	80006124	a1ceadd3	feq.s	x27,f29,f28	 f29:0x00000000 f28:0x7fc00000 x27=0x00000000
     292985.000 ns	     29297	80006128	7f17c397	auipc	x7,0x7f17c	  x7=0xff182128
     292995.000 ns	     29298	8000612c	01a9cc33	xor	x24,x19,x26	 x19:0x00000000 x26:0x00000000 x24=0x00000000
     293005.000 ns	     29299	80006130	017a6633	or	x12,x20,x23	 x20:0xc5401e87 x23:0x00000000 x12=0xc5401e87
     293025.000 ns	     29301	80006134	0337db33	divu	x22,x15,x19	 x15:0x00062a00 x19:0x00000000 x22=0xffffffff
     293055.000 ns	     29304	80006138	0210bfb3	mulhu	x31,x1,x1	  x1:0xdb04eb52  x1:0xdb04eb52 x31=0xbb616ab6
     293075.000 ns	     29306	8000613c	76fbbd93	sltiu	x27,x23,1903	 x23:0x00000000 x27=0x00000001
     293095.000 ns	     29308	80006140	c00336d3	fcvt.w.s	x13,f6	  f6:0x3f800000 x13=0x00000001
     293115.000 ns	     29310	80006144	6589e193	ori	x3,x19,1624	 x19:0x00000000  x3=0x00000658
     293125.000 ns	     29311	80006148	00d832b3	sltu	x5,x16,x13	 x16:0x00000000 x13:0x00000001  x5=0x00000001
     293135.000 ns	     29312	8000614c	007d33b3	sltu	x7,x26,x7	 x26:0x00000000  x7:0xff182128  x7=0x00000001
     293495.000 ns	     29348	80006150	02e660b3	rem	x1,x12,x14	 x12:0xc5401e87 x14:0xfffff8a5  x1=0xfffffbef
     293515.000 ns	     29350	80006154	005c63b3	or	x7,x24,x5	 x24:0x00000000  x5:0x00000001  x7=0x00000001
     293535.000 ns	     29352	80006158	e00c00d3	fmv.x.w	x1,f24	 f24:0x80000000  x1=0x80000000
     293555.000 ns	     29354	8000615c	c5210537	lui	x10,0xc5210	 x10=0xc5210000
     293595.000 ns	     29358	80006160	017b3bd3	fadd.s	f23,f22,f23	 f22:0x4f7fc003 f23:0x42ae0000 f23=0x4f7fc004
     293615.000 ns	     29360	80006164	01f21293	slli	x5,x4,0x1f	  x4:0x00000000  x5=0x00000000
     293625.000 ns	     29361	80006168	551eaa37	lui	x20,0x551ea	 x20=0x551ea000
     293645.000 ns	     29363	8000616c	02c79233	mulh	x4,x15,x12	 x15:0x00062a00 x12:0xc5401e87  x4=0xfffe95dd
     294015.000 ns	     29400	80006170	02f45d33	divu	x26,x8,x15	  x8:0x00000000 x15:0x00062a00 x26=0x00000000
     294035.000 ns	     29402	80006174	42e44513	xori	x10,x8,1070	  x8:0x00000000 x10=0x0000042e
     294055.000 ns	     29404	80006178	28e112d3	fmax.s	f5,f2,f14	  f2:0x9a07254c f14:0xfffffdfe  f5=0x9a07254c
     294105.000 ns	     29409	8000617c	01c04153	fadd.s	f2,f0,f28	  f0:0x7f800000 f28:0x7fc00000  f2=0x7fc00000
     294135.000 ns	     29412	80006180	21ba9553	fsgnjn.s	f10,f21,f27	 f21:0x00000000 f27:0x00000000 f10=0x80000000
     294155.000 ns	     29414	80006184	96ab0993	addi	x19,x22,-1686	 x22:0xffffffff x19=0xfffff969
     294515.000 ns	     29450	80006188	03df7233	remu	x4,x30,x29	 x30:0x00000001 x29:0x00000008  x4=0x00000001
     294545.000 ns	     29453	8000618c	29c699d3	fmax.s	f19,f13,f28	 f13:0x00000001 f28:0x7fc00000 f19=0x00000001
     294585.000 ns	     29457	80006190	10caf653	fmul.s	f12,f21,f12	 f21:0x00000000 f12:0xbfffc004 f12=0x80000000
     294635.000 ns	     29462	80006194	01a8f3d3	fadd.s	f7,f17,f26	 f17:0x00000000 f26:0x00000000  f7=0x00000000
     294665.000 ns	     29465	80006198	29df10d3	fmax.s	f1,f30,f29	 f30:0x7fc00000 f29:0x00000000  f1=0x00000000
     294695.000 ns	     29468	8000619c	c016fc53	fcvt.wu.s	x24,f13	 f13:0x00000001 x24=0x00000000
     294725.000 ns	     29471	800061a0	03f4b833	mulhu	x16,x9,x31	  x9:0x80040fe4 x31:0xbb616ab6 x16=0x5db3ae82
     294755.000 ns	     29474	800061a4	209e9653	fsgnjn.s	f12,f29,f9	 f29:0x00000000  f9:0xcefff800 f12=0x00000000
     294775.000 ns	     29476	800061a8	01e056b3	srl	x13,x0,x30	  x0:0x00000000 x30:0x00000001 x13=0x00000000
     294795.000 ns	     29478	800061ac	e00f00d3	fmv.x.w	x1,f30	 f30:0x7fc00000  x1=0x7fc00000
     295165.000 ns	     29515	800061b0	03c9d033	divu	x0,x19,x28	 x19:0xfffff969 x28:0xfffffeb5
     295185.000 ns	     29517	800061b4	bf402993	slti	x19,x0,-1036	  x0:0x00000000 x19=0x00000000
     295195.000 ns	     29518	800061b8	9e0bbe13	sltiu	x28,x23,-1568	 x23:0x00000000 x28=0x00000001
     295215.000 ns	     29520	800061bc	21148ed3	fsgnj.s	f29,f9,f17	  f9:0xcefff800 f17:0x00000000 f29=0x4efff800
     295235.000 ns	     29522	800061c0	400106b3	sub	x13,x2,x0	  x2:0x00000000  x0:0x00000000 x13=0x00000000
     295245.000 ns	     29523	800061c4	003213b3	sll	x7,x4,x3	  x4:0x00000001  x3:0x00000658  x7=0x01000000
     295255.000 ns	     29524	800061c8	9ee3e213	ori	x4,x7,-1554	  x7:0x00000001  x4=0xfffff9ee
     295275.000 ns	     29526	800061cc	02f31bb3	mulh	x23,x6,x15	  x6:0xdb04f000 x15:0x00062a00 x23=0xffff1c0c
     295305.000 ns	     29529	800061d0	29159853	fmax.s	f16,f11,f17	 f11:0x7fc00000 f17:0x00000000 f16=0x00000000
     295325.000 ns	     29531	800061d4	406cd593	srai	x11,x25,0x6	 x25:0x9a07254c x11=0xfe681c95
     295345.000 ns	     29533	800061d8	030d39b3	mulhu	x19,x26,x16	 x26:0x00000000 x16:0x5db3ae82 x19=0x00000000
     295365.000 ns	     29535	800061dc	46928093	addi	x1,x5,1129	  x5:0x00000000  x1=0x00000469
     295375.000 ns	     29536	800061e0	00000013	addi	x0,x0,0	  x0:0x00000000
     295385.000 ns	     29537	800061e4	74e5b397	auipc	x7,0x74e5b	  x7=0xf4e611e4
     295745.000 ns	     29573	800061e8	03b9f8b3	remu	x17,x19,x27	 x19:0x00000000 x27:0x00000001 x17=0x00000000
     295775.000 ns	     29576	800061ec	e00798d3	fclass.s	x17,f15	 f15:0xff800000 x17=0x00000001
     295795.000 ns	     29578	800061f0	de0c0f13	addi	x30,x24,-544	 x24:0x00000000 x30=0xfffffde0
     295805.000 ns	     29579	800061f4	00d51633	sll	x12,x10,x13	 x10:0x0000042e x13:0x00000000 x12=0x0000042e
     295815.000 ns	     29580	800061f8	016ba0b3	slt	x1,x23,x22	 x23:0xffff1c0c x22:0xffffffff  x1=0x00000001
     295825.000 ns	     29581	800061fc	01c72d33	slt	x26,x14,x28	 x14:0xfffff8a5 x28:0x00000001 x26=0x00000001
     296185.000 ns	     29617	80006200	02145733	divu	x14,x8,x1	  x8:0x00000000  x1:0x00000469 x14=0x00000000
     296215.000 ns	     29620	80006204	f0040d53	fmv.w.x	f26,x8	  x8:0x00000000 f26=0x00000000
     296245.000 ns	     29623	80006208	28801ed3	fmax.s	f29,f0,f8	  f0:0x7f800000  f8:0x12ab17f6 f29=0x7f800000
     296265.000 ns	     29625	8000620c	00e076b3	and	x13,x0,x14	  x0:0x00000000 x14:0x00000000 x13=0x00000000
     296275.000 ns	     29626	80006210	01f04733	xor	x14,x0,x31	  x0:0x00000000 x31:0xbb616ab6 x14=0xbb616ab6
     296285.000 ns	     29627	80006214	01a342b3	xor	x5,x6,x26	  x6:0xdb04f000 x26:0x00000001  x5=0xdb04f001
     296295.000 ns	     29628	80006218	c8e58d93	addi	x27,x11,-882	 x11:0xfe681c95 x27=0xfe681923
     296315.000 ns	     29630	8000621c	296f0653	fmin.s	f12,f30,f22	 f30:0x7fc00000 f22:0x4f7fc003 f12=0x4f7fc003
     296345.000 ns	     29633	80006220	a00211d3	flt.s	x3,f4,f0	  f4:0x00000000  f0:0x7f800000  x3=0x00000001
     296375.000 ns	     29636	80006224	e00a81d3	fmv.x.w	x3,f21	 f21:0x00000000  x3=0x00000000
     296405.000 ns	     29639	80006228	205a17d3	fsgnjn.s	f15,f20,f5	 f20:0x80000000  f5:0x9a07254c f15=0x00000000
     296425.000 ns	     29641	8000622c	01a4efb3	or	x31,x9,x26	  x9:0x80040fe4 x26:0x00000001 x31=0x80040fe5
     296435.000 ns	     29642	80006230	536a0e93	addi	x29,x20,1334	 x20:0x551ea000 x29=0x551ea536
     296455.000 ns	     29644	80006234	c0107953	fcvt.wu.s	x18,f0	  f0:0x7f800000 x18=0xffffffff
     296475.000 ns	     29646	80006238	f1540013	addi	x0,x8,-235	  x8:0x00000000
     296485.000 ns	     29647	8000623c	411ad913	srai	x18,x21,0x11	 x21:0x80041024 x18=0xffffc002
     296505.000 ns	     29649	80006240	03f03db3	mulhu	x27,x0,x31	  x0:0x00000000 x31:0x80040fe5 x27=0x00000000
     296525.000 ns	     29651	80006244	0106d133	srl	x2,x13,x16	 x13:0x00000000 x16:0x5db3ae82  x2=0x00000000
     296535.000 ns	     29652	80006248	a8330837	lui	x16,0xa8330	 x16=0xa8330000
     296545.000 ns	     29653	8000624c	0d3ba893	slti	x17,x23,211	 x23:0xffff1c0c x17=0x00000001
     296555.000 ns	     29654	80006250	01189e13	slli	x28,x17,0x11	 x17:0x00000001 x28=0x00020000
     296565.000 ns	     29655	80006254	00eb6733	or	x14,x22,x14	 x22:0xffffffff x14:0xbb616ab6 x14=0xffffffff
     296575.000 ns	     29656	80006258	54eaa993	slti	x19,x21,1358	 x21:0x80041024 x19=0x00000001
     296585.000 ns	     29657	8000625c	0043bbb3	sltu	x23,x7,x4	  x7:0xf4e611e4  x4:0xfffff9ee x23=0x00000001
     296605.000 ns	     29659	80006260	028105b3	mul	x11,x2,x8	  x2:0x00000000  x8:0x00000000 x11=0x00000000
     296975.000 ns	     29696	80006264	0376c933	div	x18,x13,x23	 x13:0x00000000 x23:0xffff1c0c x18=0x00000000
     297005.000 ns	     29699	80006268	29ad0f53	fmin.s	f30,f26,f26	 f26:0x00000000 f26:0x00000000 f30=0x00000000
     297025.000 ns	     29701	8000626c	7cd6e913	ori	x18,x13,1997	 x13:0x00000000 x18=0x000007cd
     297035.000 ns	     29702	80006270	41cd01b3	sub	x3,x26,x28	 x26:0x00000001 x28:0x00020000  x3=0xfffe0001
     297055.000 ns	     29704	80006274	20d01a53	fsgnjn.s	f20,f0,f13	  f0:0x7f800000 f13:0x00000001 f20=0xff800000
     297085.000 ns	     29707	80006278	219529d3	fsgnjx.s	f19,f10,f25	 f10:0x80000000 f25:0x12ab17f6 f19=0x80000000
     297105.000 ns	     29709	8000627c	41355533	sra	x10,x10,x19	 x10:0x0000042e x19:0x00000001 x10=0x00000217
     297115.000 ns	     29710	80006280	af5d7f13	andi	x30,x26,-1291	 x26:0x00000001 x30=0x00000001
     297125.000 ns	     29711	80006284	00000013	addi	x0,x0,0	  x0:0x00000000
     297135.000 ns	     29712	80006288	014f5433	srl	x8,x30,x20	 x30:0xfffffde0 x20:0x551ea000  x8=0x00000001
     297145.000 ns	     29713	8000628c	40635b13	srai	x22,x6,0x6	  x6:0xdb04f000 x22=0xff6c13c0
     297505.000 ns	     29749	80006290	0215e533	rem	x10,x11,x1	 x11:0x00000000  x1:0x00000001 x10=0x00000000
     297875.000 ns	     29786	80006294	0296f533	remu	x10,x13,x9	 x13:0x00000000  x9:0x80040fe4 x10=0x00000000
     297905.000 ns	     29789	80006298	e00e8ed3	fmv.x.w	x29,f29	 f29:0x7f800000 x29=0x7f800000
     298275.000 ns	     29826	8000629c	026dde33	divu	x28,x27,x6	 x27:0x00000000  x6:0xdb04f000 x28=0x00000000
     298305.000 ns	     29829	800062a0	e00f1253	fclass.s	x4,f30	 f30:0x00000000  x4=0x00000010
     298335.000 ns	     29832	800062a4	e0018e53	fmv.x.w	x28,f3	  f3:0x7f800000 x28=0x7f800000
     298355.000 ns	     29834	800062a8	91921d17	auipc	x26,0x91921	 x26=0x119272a8
     298365.000 ns	     29835	800062ac	0189eb33	or	x22,x19,x24	 x19:0x00000001 x24:0x00000000 x22=0x00000001
     298385.000 ns	     29837	800062b0	e00801d3	fmv.x.w	x3,f16	 f16:0x00000000  x3=0x00000000
     298435.000 ns	     29842	800062b4	08137d53	fsub.s	f26,f6,f1	  f6:0x3f800000  f1:0x00000000 f26=0x3f800000
     298465.000 ns	     29845	800062b8	a1a88ed3	fle.s	x29,f17,f26	 f17:0x00000000 f26:0x00000000 x29=0x00000001
     298485.000 ns	     29847	800062bc	dfd5f413	andi	x8,x11,-515	 x11:0x00000000  x8=0x00000000
     298515.000 ns	     29850	800062c0	58057953	fsqrt.s	f18,f10	 f10:0x80000000 f18=0x80000000
     298545.000 ns	     29853	800062c4	e00809d3	fmv.x.w	x19,f16	 f16:0x00000000 x19=0x00000000
     298565.000 ns	     29855	800062c8	40bdd633	sra	x12,x27,x11	 x27:0x00000000 x11:0x00000000 x12=0x00000000
     298585.000 ns	     29857	800062cc	02571233	mulh	x4,x14,x5	 x14:0xffffffff  x5:0xdb04f001  x4=0x00000000
     298605.000 ns	     29859	800062d0	00dcc933	xor	x18,x25,x13	 x25:0x9a07254c x13:0x00000000 x18=0x9a07254c
     298625.000 ns	     29861	800062d4	d0187353	fcvt.s.wu	f6,x16	 x16:0xa8330000  f6=0x4f283300
     298675.000 ns	     29866	800062d8	08f679d3	fsub.s	f19,f12,f15	 f12:0x4f7fc003 f15:0x00000000 f19=0x4f7fc003
     298715.000 ns	     29870	800062dc	109aa553	fmul.s	f10,f21,f9	 f21:0x00000000  f9:0xcefff800 f10=0x80000000
     298745.000 ns	     29873	800062e0	a1482b53	feq.s	x22,f16,f20	 f16:0x00000000 f20:0xff800000 x22=0x00000000
     298765.000 ns	     29875	800062e4	003baa33	slt	x20,x23,x3	 x23:0x00000001  x3:0x00000000 x20=0x00000000
     298785.000 ns	     29877	800062e8	f0070753	fmv.w.x	f14,x14	 x14:0xffffffff f14=0xffffffff
     298805.000 ns	     29879	800062ec	017d3733	sltu	x14,x26,x23	 x26:0x119272a8 x23:0x00000001 x14=0x00000000
     298815.000 ns	     29880	800062f0	01f6feb3	and	x29,x13,x31	 x13:0x00000000 x31:0x80040fe5 x29=0x00000000
     298845.000 ns	     29883	800062f4	11977fd3	fmul.s	f31,f14,f25	 f14:0xffffffff f25:0x12ab17f6 f31=0x7fc00000
     298865.000 ns	     29885	800062f8	32f5e193	ori	x3,x11,815	 x11:0x00000000  x3=0x0000032f
     298875.000 ns	     29886	800062fc	01ce7bb3	and	x23,x28,x28	 x28:0x7f800000 x28:0x7f800000 x23=0x7f800000
     298895.000 ns	     29888	80006300	0369c1b3	div	x3,x19,x22	 x19:0x00000000 x22:0x00000000  x3=0xffffffff
     298915.000 ns	     29890	80006304	00ed9833	sll	x16,x27,x14	 x27:0x00000000 x14:0x00000000 x16=0x00000000
     298945.000 ns	     29893	80006308	580f73d3	fsqrt.s	f7,f30	 f30:0x00000000  f7=0x00000000
     299315.000 ns	     29930	8000630c	0212ddb3	divu	x27,x5,x1	  x5:0xdb04f001  x1:0x00000001 x27=0xdb04f001
     299335.000 ns	     29932	80006310	c9891837	lui	x16,0xc9891	 x16=0xc9891000
     299345.000 ns	     29933	80006314	c862f713	andi	x14,x5,-890	  x5:0xdb04f001 x14=0xdb04f000
     299355.000 ns	     29934	80006318	01f25393	srli	x7,x4,0x1f	  x4:0x00000000  x7=0x00000000
     299365.000 ns	     29935	8000631c	c672fb93	andi	x23,x5,-921	  x5:0xdb04f001 x23=0xdb04f001
     299385.000 ns	     29937	80006320	0349a1b3	mulhsu	x3,x19,x20	 x19:0x00000000 x20:0x00000000  x3=0x00000000
     299415.000 ns	     29940	80006324	03b012b3	mulh	x5,x0,x27	  x0:0x00000000 x27:0xdb04f001  x5=0x00000000
     299785.000 ns	     29977	80006328	0324dbb3	divu	x23,x9,x18	  x9:0x80040fe4 x18:0x9a07254c x23=0x00000000
     299805.000 ns	     29979	8000632c	4e6d80b7	lui	x1,0x4e6d8	  x1=0x4e6d8000
     299825.000 ns	     29981	80006330	f0020d53	fmv.w.x	f26,x4	  x4:0x00000000 f26=0x00000000
     299855.000 ns	     29984	80006334	f00084d3	fmv.w.x	f9,x1	  x1:0x00000001  f9=0x4e6d8000
     299885.000 ns	     29987	80006338	03b81e33	mulh	x28,x16,x27	 x16:0xc9891000 x27:0xdb04f001 x28=0x07de23c4
     299935.000 ns	     29992	8000633c	019f7253	fadd.s	f4,f30,f25	 f30:0x00000000 f25:0x12ab17f6  f4=0x12ab17f6
     299955.000 ns	     29994	80006340	005688b3	add	x17,x13,x5	 x13:0x00000000  x5:0x00000000 x17=0x00000000
     299965.000 ns	     29995	80006344	3eb47b13	andi	x22,x8,1003	  x8:0x00000000 x22=0x00000000
     299975.000 ns	     29996	80006348	00000013	addi	x0,x0,0	  x0:0x00000000
     299995.000 ns	     29998	8000634c	21688fd3	fsgnj.s	f31,f17,f22	 f17:0x00000000 f22:0x4f7fc003 f31=0x00000000
     300025.000 ns	     30001	80006350	a000a0d3	feq.s	x1,f1,f0	  f1:0x00000000  f0:0x7f800000  x1=0x00000000
     300045.000 ns	     30003	80006354	0051a633	slt	x12,x3,x5	  x3:0x00000000  x5:0x00000000 x12=0x00000000
     300065.000 ns	     30005	80006358	03d52133	mulhsu	x2,x10,x29	 x10:0x00000000 x29:0x00000000  x2=0x00000000
     300085.000 ns	     30007	8000635c	419107b3	sub	x15,x2,x25	  x2:0x00000000 x25:0x9a07254c x15=0x65f8dab4
     300105.000 ns	     30009	80006360	03e437b3	mulhu	x15,x8,x30	  x8:0x00000000 x30:0x00000001 x15=0x00000000
     300125.000 ns	     30011	80006364	00709813	slli	x16,x1,0x7	  x1:0x00000000 x16=0x00000000
     300135.000 ns	     30012	80006368	006e0933	add	x18,x28,x6	 x28:0x07de23c4  x6:0xdb04f000 x18=0xe2e313c4
     300465.000 ns	     30045	8000636c	18cca1d3	fdiv.s	f3,f25,f12	 f25:0x12ab17f6 f12:0x4f7fc003  f3=0x02ab17f6
     300835.000 ns	     30082	80006370	02e855b3	divu	x11,x16,x14	 x16:0x00000000 x14:0xdb04f000 x11=0x00000000
     300855.000 ns	     30084	80006374	0088d033	srl	x0,x17,x8	 x17:0x00000000  x8:0x00000000
     300865.000 ns	     30085	80006378	423bb313	sltiu	x6,x23,1059	 x23:0x00000000  x6=0x00000001
     300875.000 ns	     30086	8000637c	0237b913	sltiu	x18,x15,35	 x15:0x00000000 x18=0x00000001
     300885.000 ns	     30087	80006380	40d952b3	sra	x5,x18,x13	 x18:0xe2e313c4 x13:0x00000000  x5=0x00000001
     300905.000 ns	     30089	80006384	03782f33	mulhsu	x30,x16,x23	 x16:0x00000000 x23:0x00000000 x30=0x00000000
     300925.000 ns	     30091	80006388	e1b64f93	xori	x31,x12,-485	 x12:0x00000000 x31=0xfffffe1b
     300945.000 ns	     30093	8000638c	a09b0dd3	fle.s	x27,f22,f9	 f22:0x4f7fc003  f9:0x4e6d8000 x27=0x00000000
     300975.000 ns	     30096	80006390	0339a233	mulhsu	x4,x19,x19	 x19:0x00000000 x19:0x00000000  x4=0x00000000
     300995.000 ns	     30098	80006394	408a5d93	srai	x27,x20,0x8	 x20:0x00000000 x27=0x00000000
     301005.000 ns	     30099	80006398	00ae10b3	sll	x1,x28,x10	 x28:0x07de23c4 x10:0x00000000  x1=0x07de23c4
     301015.000 ns	     30100	8000639c	009a5893	srli	x17,x20,0x9	 x20:0x00000000 x17=0x00000000
     301035.000 ns	     30102	800063a0	218826d3	fsgnjx.s	f13,f16,f24	 f16:0x00000000 f24:0x80000000 f13=0x80000000
     301055.000 ns	     30104	800063a4	c51fb013	sltiu	x0,x31,-943	 x31:0xfffffe1b
     301065.000 ns	     30105	800063a8	4154d3b3	sra	x7,x9,x21	  x9:0x80040fe4 x21:0x80041024  x7=0xf80040fe
     301105.000 ns	     30109	800063ac	09ebfa53	fsub.s	f20,f23,f30	 f23:0x4f7fc004 f30:0x00000000 f20=0x4f7fc004
     301125.000 ns	     30111	800063b0	41db8a33	sub	x20,x23,x29	 x23:0x00000000 x29:0x00000000 x20=0x00000000
     301135.000 ns	     30112	800063b4	d610ca13	xori	x20,x1,-671	  x1:0x07de23c4 x20=0xf821dea5
     301155.000 ns	     30114	800063b8	217919d3	fsgnjn.s	f19,f18,f23	 f18:0x80000000 f23:0x4f7fc004 f19=0x80000000
     301185.000 ns	     30117	800063bc	a0c88fd3	fle.s	x31,f17,f12	 f17:0x00000000 f12:0x4f7fc003 x31=0x00000001
     301205.000 ns	     30119	800063c0	01366b33	or	x22,x12,x19	 x12:0x00000000 x19:0x00000000 x22=0x00000000
     301215.000 ns	     30120	800063c4	40330833	sub	x16,x6,x3	  x6:0x00000001  x3:0x00000000 x16=0x00000001
     301225.000 ns	     30121	800063c8	411286b3	sub	x13,x5,x17	  x5:0x00000001 x17:0x00000000 x13=0x00000001
     301235.000 ns	     30122	800063cc	01b81eb3	sll	x29,x16,x27	 x16:0x00000000 x27:0x00000000 x29=0x00000001
     301255.000 ns	     30124	800063d0	031f5bb3	divu	x23,x30,x17	 x30:0x00000000 x17:0x00000000 x23=0xffffffff
     301285.000 ns	     30127	800063d4	027f00b3	mul	x1,x30,x7	 x30:0x00000000  x7:0xf80040fe  x1=0x00000000
     301315.000 ns	     30130	800063d8	20b92f53	fsgnjx.s	f30,f18,f11	 f18:0x80000000 f11:0x7fc00000 f30=0x80000000
     301335.000 ns	     30132	800063dc	4177d1b3	sra	x3,x15,x23	 x15:0x00000000 x23:0xffffffff  x3=0x00000000
     301345.000 ns	     30133	800063e0	41e25893	srai	x17,x4,0x1e	  x4:0x00000000 x17=0x00000000
     301355.000 ns	     30134	800063e4	01336b33	or	x22,x6,x19	  x6:0x00000001 x19:0x00000000 x22=0x00000001
     301375.000 ns	     30136	800063e8	282615d3	fmax.s	f11,f12,f2	 f12:0x4f7fc003  f2:0x7fc00000 f11=0x4f7fc003
     301405.000 ns	     30139	800063ec	a17c0153	fle.s	x2,f24,f23	 f24:0x80000000 f23:0x4f7fc004  x2=0x00000001
     301435.000 ns	     30142	800063f0	e00a0953	fmv.x.w	x18,f20	 f20:0x4f7fc004 x18=0x4f7fc004
     301465.000 ns	     30145	800063f4	031199b3	mulh	x19,x3,x17	  x3:0x00000000 x17:0x00000000 x19=0x00000000
     301495.000 ns	     30148	800063f8	039f2bb3	mulhsu	x23,x30,x25	 x30:0x00000000 x25:0x9a07254c x23=0x00000000
     301525.000 ns	     30151	800063fc	21bb9ed3	fsgnjn.s	f29,f23,f27	 f23:0x4f7fc004 f27:0x00000000 f29=0xcf7fc004
     301565.000 ns	     30155	80006400	5802f9d3	fsqrt.s	f19,f5	  f5:0x9a07254c f19=0x7fc00000
     301585.000 ns	     30157	80006404	009c4533	xor	x10,x24,x9	 x24:0x00000000  x9:0x80040fe4 x10=0x80040fe4
     301595.000 ns	     30158	80006408	006ba833	slt	x16,x23,x6	 x23:0x00000000  x6:0x00000001 x16=0x00000001
     301635.000 ns	     30162	8000640c	093efa53	fsub.s	f20,f29,f19	 f29:0xcf7fc004 f19:0x7fc00000 f20=0x7fc00000
     301655.000 ns	     30164	80006410	36838593	addi	x11,x7,872	  x7:0xf80040fe x11=0xf8004466
     301685.000 ns	     30167	80006414	580c7d53	fsqrt.s	f26,f24	 f24:0x80000000 f26=0x80000000
     302055.000 ns	     30204	80006418	027efeb3	remu	x29,x29,x7	 x29:0x00000001  x7:0xf80040fe x29=0x00000001
     302085.000 ns	     30207	8000641c	c006f9d3	fcvt.w.s	x19,f13	 f13:0x80000000 x19=0x00000000
     302115.000 ns	     30210	80006420	020a0e33	mul	x28,x20,x0	 x20:0xf821dea5  x0:0x00000000 x28=0x00000000
     302135.000 ns	     30212	80006424	40d7d133	sra	x2,x15,x13	 x15:0x00000000 x13:0x00000001  x2=0x00000000
     302145.000 ns	     30213	80006428	01053333	sltu	x6,x10,x16	 x10:0x80040fe4 x16:0x00000001  x6=0x00000000
     302185.000 ns	     30217	8000642c	09bfc753	fsub.s	f14,f31,f27	 f31:0x00000000 f27:0x00000000 f14=0x80000000
     302205.000 ns	     30219	80006430	556e6593	ori	x11,x28,1366	 x28:0x00000000 x11=0x00000556
     302215.000 ns	     30220	80006434	accfbd93	sltiu	x27,x31,-1332	 x31:0x00000001 x27=0x00000001
     302235.000 ns	     30222	80006438	e0019c53	fclass.s	x24,f3	  f3:0x02ab17f6 x24=0x00000040
     302255.000 ns	     30224	8000643c	00152fb3	slt	x31,x10,x1	 x10:0x80040fe4  x1:0x00000000 x31=0x00000001
     302265.000 ns	     30225	80006440	01fbf2b3	and	x5,x23,x31	 x23:0x00000000 x31:0x00000001  x5=0x00000000
     302275.000 ns	     30226	80006444	e9667a13	andi	x20,x12,-362	 x12:0x00000000 x20=0x00000000
     302295.000 ns	     30228	80006448	d0128153	fcvt.s.wu	f2,x5	  x5:0x00000001  f2=0x00000000
     302325.000 ns	     30231	8000644c	028bd333	divu	x6,x23,x8	 x23:0x00000000  x8:0x00000000  x6=0xffffffff
     302345.000 ns	     30233	80006450	00257933	and	x18,x10,x2	 x10:0x80040fe4  x2:0x00000000 x18=0x00000000
     302365.000 ns	     30235	80006454	a02da1d3	feq.s	x3,f27,f2	 f27:0x00000000  f2:0x00000000  x3=0x00000001
     302395.000 ns	     30238	80006458	02418833	mul	x16,x3,x4	  x3:0x00000000  x4:0x00000000 x16=0x00000000
     302415.000 ns	     30240	8000645c	005ec7b3	xor	x15,x29,x5	 x29:0x00000001  x5:0x00000000 x15=0x00000001
     302425.000 ns	     30241	80006460	00000013	addi	x0,x0,0	  x0:0x00000000
     302435.000 ns	     30242	80006464	002b3d33	sltu	x26,x22,x2	 x22:0x00000001  x2:0x00000000 x26=0x00000000
     302475.000 ns	     30246	80006468	0119f053	fadd.s	f0,f19,f17	 f19:0x7fc00000 f17:0x00000000  f0=0x7fc00000
     302505.000 ns	     30249	8000646c	e0049f53	fclass.s	x30,f9	  f9:0x4e6d8000 x30=0x00000040
     302555.000 ns	     30254	80006470	08727953	fsub.s	f18,f4,f7	  f4:0x12ab17f6  f7:0x00000000 f18=0x12ab17f6
     302585.000 ns	     30257	80006474	a11c8253	fle.s	x4,f25,f17	 f25:0x12ab17f6 f17:0x00000000  x4=0x00000000
     302615.000 ns	     30260	80006478	213c0753	fsgnj.s	f14,f24,f19	 f24:0x80000000 f19:0x7fc00000 f14=0x00000000
     302635.000 ns	     30262	8000647c	01a3feb3	and	x29,x7,x26	  x7:0xf80040fe x26:0x00000000 x29=0x00000000
     302645.000 ns	     30263	80006480	01e47533	and	x10,x8,x30	  x8:0x00000000 x30:0x00000040 x10=0x00000000
     302665.000 ns	     30265	80006484	a16b1553	flt.s	x10,f22,f22	 f22:0x4f7fc003 f22:0x4f7fc003 x10=0x00000000
     302695.000 ns	     30268	80006488	f0068153	fmv.w.x	f2,x13	 x13:0x00000001  f2=0x00000001
     302725.000 ns	     30271	8000648c	c00c7353	fcvt.w.s	x6,f24	 f24:0x80000000  x6=0x00000000
     302745.000 ns	     30273	80006490	9e8b4f37	lui	x30,0x9e8b4	 x30=0x9e8b4000
     302765.000 ns	     30275	80006494	f00c8953	fmv.w.x	f18,x25	 x25:0x9a07254c f18=0x9a07254c
     302795.000 ns	     30278	80006498	21c51553	fsgnjn.s	f10,f10,f28	 f10:0x80000000 f28:0x7fc00000 f10=0x80000000
     302815.000 ns	     30280	8000649c	0052b8b3	sltu	x17,x5,x5	  x5:0x00000000  x5:0x00000000 x17=0x00000000
     302825.000 ns	     30281	800064a0	01bb1fb3	sll	x31,x22,x27	 x22:0x00000001 x27:0x00000001 x31=0x00000002
     302835.000 ns	     30282	800064a4	014c9293	slli	x5,x25,0x14	 x25:0x9a07254c  x5=0x54c00000
     302855.000 ns	     30284	800064a8	29651553	fmax.s	f10,f10,f22	 f10:0x80000000 f22:0x4f7fc003 f10=0x4f7fc003
     302885.000 ns	     30287	800064ac	20cb9dd3	fsgnjn.s	f27,f23,f12	 f23:0x4f7fc004 f12:0x4f7fc003 f27=0xcf7fc004
     302905.000 ns	     30289	800064b0	0065bf33	sltu	x30,x11,x6	 x11:0x00000556  x6:0x00000000 x30=0x00000000
     302915.000 ns	     30290	800064b4	34734793	xori	x15,x6,839	  x6:0x00000000 x15=0x00000347
     302925.000 ns	     30291	800064b8	d3d6f797	auipc	x15,0xd3d6f	 x15=0x53d754b8
     302945.000 ns	     30293	800064bc	28091053	fmax.s	f0,f18,f0	 f18:0x9a07254c  f0:0x7fc00000  f0=0x9a07254c
     302975.000 ns	     30296	800064c0	021d3233	mulhu	x4,x26,x1	 x26:0x00000000  x1:0x00000000  x4=0x00000000
     302995.000 ns	     30298	800064c4	b0d22413	slti	x8,x4,-1267	  x4:0x00000000  x8=0x00000000
     303015.000 ns	     30300	800064c8	f00904d3	fmv.w.x	f9,x18	 x18:0x00000000  f9=0x00000000
     303035.000 ns	     30302	800064cc	c8851997	auipc	x19,0xc8851	 x19=0x488574cc
     303045.000 ns	     30303	800064d0	0177f933	and	x18,x15,x23	 x15:0x53d754b8 x23:0x00000000 x18=0x00000000
     303065.000 ns	     30305	800064d4	a1bca0d3	feq.s	x1,f25,f27	 f25:0x12ab17f6 f27:0xcf7fc004  x1=0x00000000
     303085.000 ns	     30307	800064d8	9a4c46b7	lui	x13,0x9a4c4	 x13=0x9a4c4000
     303095.000 ns	     30308	800064dc	006f3233	sltu	x4,x30,x6	 x30:0x00000000  x6:0x00000000  x4=0x00000000
     303115.000 ns	     30310	800064e0	d006fbd3	fcvt.s.w	f23,x13	 x13:0x00000001 f23=0xcecb6780
     303145.000 ns	     30313	800064e4	d000f553	fcvt.s.w	f10,x1	  x1:0x00000000 f10=0x00000000
     303175.000 ns	     30316	800064e8	a19a28d3	feq.s	x17,f20,f25	 f20:0x7fc00000 f25:0x12ab17f6 x17=0x00000000
     303225.000 ns	     30321	800064ec	00ab7953	fadd.s	f18,f22,f10	 f22:0x4f7fc003 f10:0x00000000 f18=0x4f7fc003
     303255.000 ns	     30324	800064f0	a05099d3	flt.s	x19,f1,f5	  f1:0x00000000  f5:0x9a07254c x19=0x00000000
     303275.000 ns	     30326	800064f4	b34c0993	addi	x19,x24,-1228	 x24:0x00000040 x19=0xfffffb74
     303295.000 ns	     30328	800064f8	a10c8853	fle.s	x16,f25,f16	 f25:0x12ab17f6 f16:0x00000000 x16=0x00000000
     303315.000 ns	     30330	800064fc	41945e33	sra	x28,x8,x25	  x8:0x00000000 x25:0x9a07254c x28=0x00000000
     303325.000 ns	     30331	80006500	8492e113	ori	x2,x5,-1975	  x5:0x54c00000  x2=0xfffff849
     303355.000 ns	     30334	80006504	112bf353	fmul.s	f6,f23,f18	 f23:0xcecb6780 f18:0x4f7fc003  f6=0xdecb34a9
     303375.000 ns	     30336	80006508	58ec1337	lui	x6,0x58ec1	  x6=0x58ec1000
     303385.000 ns	     30337	8000650c	40a751b3	sra	x3,x14,x10	 x14:0xdb04f000 x10:0x00000000  x3=0xdb04f000
     303395.000 ns	     30338	80006510	bb7e7b97	auipc	x23,0xbb7e7	 x23=0x3b7ed510
     303405.000 ns	     30339	80006514	00000013	addi	x0,x0,0	  x0:0x00000000
     303415.000 ns	     30340	80006518	41c60633	sub	x12,x12,x28	 x12:0x00000000 x28:0x00000000 x12=0x00000000
     303425.000 ns	     30341	8000651c	40e25533	sra	x10,x4,x14	  x4:0x00000000 x14:0xdb04f000 x10=0x00000000
     303435.000 ns	     30342	80006520	40235c33	sra	x24,x6,x2	  x6:0x58ec1000  x2:0xfffff849 x24=0x002c7608
     303455.000 ns	     30344	80006524	28dd83d3	fmin.s	f7,f27,f13	 f27:0xcf7fc004 f13:0x80000000  f7=0xcf7fc004
     303475.000 ns	     30346	80006528	010da6b3	slt	x13,x27,x16	 x27:0x00000001 x16:0x00000000 x13=0x00000000
     303495.000 ns	     30348	8000652c	21efa7d3	fsgnjx.s	f15,f31,f30	 f31:0x00000000 f30:0x80000000 f15=0x80000000
     303525.000 ns	     30351	80006530	02b5a233	mulhsu	x4,x11,x11	 x11:0x00000556 x11:0x00000556  x4=0x00000000
     303555.000 ns	     30354	80006534	29fa1053	fmax.s	f0,f20,f31	 f20:0x7fc00000 f31:0x00000000  f0=0x00000000
     303925.000 ns	     30391	80006538	02bb6633	rem	x12,x22,x11	 x22:0x00000001 x11:0x00000556 x12=0x00000001
     303945.000 ns	     30393	8000653c	01e50bb3	add	x23,x10,x30	 x10:0x00000000 x30:0x00000000 x23=0x00000000
     303955.000 ns	     30394	80006540	75696193	ori	x3,x18,1878	 x18:0x00000000  x3=0x00000756
     303965.000 ns	     30395	80006544	37077693	andi	x13,x14,880	 x14:0xdb04f000 x13=0x00000000
     303995.000 ns	     30398	80006548	10107953	fmul.s	f18,f0,f1	  f0:0x00000000  f1:0x00000000 f18=0x00000000
     304025.000 ns	     30401	8000654c	d0181a53	fcvt.s.wu	f20,x16	 x16:0x00000000 f20=0x00000000
     304055.000 ns	     30404	80006550	03ba2d33	mulhsu	x26,x20,x27	 x20:0x00000000 x27:0x00000001 x26=0x00000000
     304425.000 ns	     30441	80006554	02ce5f33	divu	x30,x28,x12	 x28:0x00000000 x12:0x00000001 x30=0x00000000
     304455.000 ns	     30444	80006558	21ca9053	fsgnjn.s	f0,f21,f28	 f21:0x00000000 f28:0x7fc00000  f0=0x80000000
     304485.000 ns	     30447	8000655c	c00ea7d3	fcvt.w.s	x15,f29	 f29:0xcf7fc004 x15=0x80000000
     304515.000 ns	     30450	80006560	a0958dd3	fle.s	x27,f11,f9	 f11:0x4f7fc003  f9:0x00000000 x27=0x00000000
     304545.000 ns	     30453	80006564	024d10b3	mulh	x1,x26,x4	 x26:0x00000000  x4:0x00000000  x1=0x00000000
     304575.000 ns	     30456	80006568	e00013d3	fclass.s	x7,f0	  f0:0x80000000  x7=0x00000008
     304605.000 ns	     30459	8000656c	d009bd53	fcvt.s.w	f26,x19	 x19:0xfffffb74 f26=0xc4918000
     304625.000 ns	     30461	80006570	00cc0533	add	x10,x24,x12	 x24:0x002c7608 x12:0x00000001 x10=0x002c7609
     304645.000 ns	     30463	80006574	210012d3	fsgnjn.s	f5,f0,f16	  f0:0x80000000 f16:0x00000000  f5=0x80000000
     304675.000 ns	     30466	80006578	e0081a53	fclass.s	x20,f16	 f16:0x00000000 x20=0x00000010
     304695.000 ns	     30468	8000657c	01029733	sll	x14,x5,x16	  x5:0x54c00000 x16:0x00000000 x14=0x54c00000
     304715.000 ns	     30470	80006580	02146b33	rem	x22,x8,x1	  x8:0x00000000  x1:0x00000000 x22=0x00000000
     304745.000 ns	     30473	80006584	218e0b53	fsgnj.s	f22,f28,f24	 f28:0x7fc00000 f24:0x80000000 f22=0xffc00000
     304775.000 ns	     30476	80006588	03b6e6b3	rem	x13,x13,x27	 x13:0x00000000 x27:0x00000000 x13=0x00000000
     304795.000 ns	     30478	8000658c	0545e513	ori	x10,x11,84	 x11:0x00000556 x10=0x00000556
     304805.000 ns	     30479	80006590	01689f13	slli	x30,x17,0x16	 x17:0x00000000 x30=0x00000000
     304835.000 ns	     30482	80006594	5809f5d3	fsqrt.s	f11,f19	 f19:0x7fc00000 f11=0x7fc00000
     304855.000 ns	     30484	80006598	01466fb3	or	x31,x12,x20	 x12:0x00000001 x20:0x00000010 x31=0x00000011
     305215.000 ns	     30520	8000659c	0331c9b3	div	x19,x3,x19	  x3:0x00000756 x19:0xfffffb74 x19=0xffffffff
     305235.000 ns	     30522	800065a0	0141d1b3	srl	x3,x3,x20	  x3:0x00000756 x20:0x00000010  x3=0x00000000
     305255.000 ns	     30524	800065a4	21620753	fsgnj.s	f14,f4,f22	  f4:0x12ab17f6 f22:0xffc00000 f14=0x92ab17f6
     305625.000 ns	     30561	800065a8	0333fd33	remu	x26,x7,x19	  x7:0x00000008 x19:0xffffffff x26=0x00000008
     305665.000 ns	     30565	800065ac	580bf253	fsqrt.s	f4,f23	 f23:0xcecb6780  f4=0x7fc00000
     305695.000 ns	     30568	800065b0	e0009953	fclass.s	x18,f1	  f1:0x00000000 x18=0x00000010
     305725.000 ns	     30571	800065b4	d0167ed3	fcvt.s.wu	f29,x12	 x12:0x00000001 f29=0x3f800000
     305745.000 ns	     30573	800065b8	00215093	srli	x1,x2,0x2	  x2:0xfffff849  x1=0x3ffffe12
     305765.000 ns	     30575	800065bc	e00d07d3	fmv.x.w	x15,f26	 f26:0xc4918000 x15=0xc4918000
     305785.000 ns	     30577	800065c0	00aaadb3	slt	x27,x21,x10	 x21:0x80041024 x10:0x00000556 x27=0x00000001
     305805.000 ns	     30579	800065c4	03b298b3	mulh	x17,x5,x27	  x5:0x54c00000 x27:0x00000000 x17=0x00000000
     306175.000 ns	     30616	800065c8	02b9d533	divu	x10,x19,x11	 x19:0xffffffff x11:0x00000556 x10=0x002ffa00
     306195.000 ns	     30618	800065cc	0c1fe013	ori	x0,x31,193	 x31:0x00000011
     306555.000 ns	     30654	800065d0	02545233	divu	x4,x8,x5	  x8:0x00000000  x5:0x54c00000  x4=0x00000000
     306585.000 ns	     30657	800065d4	d004f753	fcvt.s.w	f14,x9	  x9:0x80040fe4 f14=0xcefff7e0
     306605.000 ns	     30659	800065d8	41bd0033	sub	x0,x26,x27	 x26:0x00000008 x27:0x00000001
     306615.000 ns	     30660	800065dc	01741d93	slli	x27,x8,0x17	  x8:0x00000000 x27=0x00000000
     306635.000 ns	     30662	800065e0	02037eb3	remu	x29,x6,x0	  x6:0x58ec1000  x0:0x00000000 x29=0x58ec1000
     306665.000 ns	     30665	800065e4	02337d33	remu	x26,x6,x3	  x6:0x58ec1000  x3:0x00000000 x26=0x58ec1000
     306705.000 ns	     30669	800065e8	580df6d3	fsqrt.s	f13,f27	 f27:0xcf7fc004 f13=0x7fc00000
     306735.000 ns	     30672	800065ec	023c67b3	rem	x15,x24,x3	 x24:0x002c7608  x3:0x00000000 x15=0x002c7608
     306775.000 ns	     30676	800065f0	11f892d3	fmul.s	f5,f17,f31	 f17:0x00000000 f31:0x00000000  f5=0x00000000
     306795.000 ns	     30678	800065f4	405eda13	srai	x20,x29,0x5	 x29:0x58ec1000 x20=0x02c76080
     306835.000 ns	     30682	800065f8	08f7a6d3	fsub.s	f13,f15,f15	 f15:0x80000000 f15:0x80000000 f13=0x00000000
     306855.000 ns	     30684	800065fc	01fba5b3	slt	x11,x23,x31	 x23:0x00000000 x31:0x00000011 x11=0x00000001
     306875.000 ns	     30686	80006600	a0c78153	fle.s	x2,f15,f12	 f15:0x80000000 f12:0x4f7fc003  x2=0x00000001
     306905.000 ns	     30689	80006604	020ca633	mulhsu	x12,x25,x0	 x25:0x9a07254c  x0:0x00000000 x12=0x00000000
     306935.000 ns	     30692	80006608	21920653	fsgnj.s	f12,f4,f25	  f4:0x7fc00000 f25:0x12ab17f6 f12=0x7fc00000
     306955.000 ns	     30694	8000660c	1beb3393	sltiu	x7,x22,446	 x22:0x00000000  x7=0x00000001
     306975.000 ns	     30696	80006610	d01414d3	fcvt.s.wu	f9,x8	  x8:0x00000000  f9=0x00000000
     306995.000 ns	     30698	80006614	00d937b3	sltu	x15,x18,x13	 x18:0x00000010 x13:0x00000000 x15=0x00000000
     307025.000 ns	     30701	80006618	580233d3	fsqrt.s	f7,f4	  f4:0x7fc00000  f7=0x7fc00000
     307045.000 ns	     30703	8000661c	6785a193	slti	x3,x11,1656	 x11:0x00000001  x3=0x00000001
     307065.000 ns	     30705	80006620	c01e7453	fcvt.wu.s	x8,f28	 f28:0x7fc00000  x8=0xffffffff
     307085.000 ns	     30707	80006624	01f27eb3	and	x29,x4,x31	  x4:0x00000000 x31:0x00000011 x29=0x00000000
     307105.000 ns	     30709	80006628	20499b53	fsgnjn.s	f22,f19,f4	 f19:0x7fc00000  f4:0x7fc00000 f22=0xffc00000
     307155.000 ns	     30714	8000662c	08fafa53	fsub.s	f20,f21,f15	 f21:0x00000000 f15:0x80000000 f20=0x00000000
     307185.000 ns	     30717	80006630	036b13b3	mulh	x7,x22,x22	 x22:0x00000000 x22:0x00000000  x7=0x00000000
     307225.000 ns	     30721	80006634	117e7153	fmul.s	f2,f28,f23	 f28:0x7fc00000 f23:0xcecb6780  f2=0x7fc00000
     307255.000 ns	     30724	80006638	a0378ed3	fle.s	x29,f15,f3	 f15:0x80000000  f3:0x02ab17f6 x29=0x00000001
     307285.000 ns	     30727	8000663c	d00133d3	fcvt.s.w	f7,x2	  x2:0x00000001  f7=0x3f800000
     307315.000 ns	     30730	80006640	28751353	fmax.s	f6,f10,f7	 f10:0x00000000  f7:0x7fc00000  f6=0x3f800000
     307345.000 ns	     30733	80006644	03ca0733	mul	x14,x20,x28	 x20:0x02c76080 x28:0x00000000 x14=0x00000000
     307375.000 ns	     30736	80006648	038137b3	mulhu	x15,x2,x24	  x2:0x00000001 x24:0x002c7608 x15=0x00000000
     307405.000 ns	     30739	8000664c	c00878d3	fcvt.w.s	x17,f16	 f16:0x00000000 x17=0x00000000
     307435.000 ns	     30742	80006650	c018c8d3	fcvt.wu.s	x17,f17	 f17:0x00000000 x17=0x00000000
     307485.000 ns	     30747	80006654	0099f653	fadd.s	f12,f19,f9	 f19:0x7fc00000  f9:0x00000000 f12=0x7fc00000
     307515.000 ns	     30750	80006658	02e859b3	divu	x19,x16,x14	 x16:0x00000000 x14:0x00000000 x19=0xffffffff
     307555.000 ns	     30754	8000665c	11d9f6d3	fmul.s	f13,f19,f29	 f19:0x7fc00000 f29:0x3f800000 f13=0x7fc00000
     307575.000 ns	     30756	80006660	403ae997	auipc	x19,0x403ae	 x19=0xc03b4660
     307585.000 ns	     30757	80006664	01f8b6b3	sltu	x13,x17,x31	 x17:0x00000000 x31:0x00000011 x13=0x00000001
     307605.000 ns	     30759	80006668	21742053	fsgnjx.s	f0,f8,f23	  f8:0x12ab17f6 f23:0xcecb6780  f0=0x92ab17f6
     307635.000 ns	     30762	8000666c	03bf5233	divu	x4,x30,x27	 x30:0x00000000 x27:0x00000000  x4=0xffffffff
     307655.000 ns	     30764	80006670	81acb193	sltiu	x3,x25,-2022	 x25:0x9a07254c  x3=0x00000001
     307665.000 ns	     30765	80006674	41995f13	srai	x30,x18,0x19	 x18:0x00000010 x30=0x00000000
     307675.000 ns	     30766	80006678	ed8a4793	xori	x15,x20,-296	 x20:0x02c76080 x15=0xfd389e58
     307685.000 ns	     30767	8000667c	4110d3b3	sra	x7,x1,x17	  x1:0x3ffffe12 x17:0x00000000  x7=0x3ffffe12
     307695.000 ns	     30768	80006680	408d0a33	sub	x20,x26,x8	 x26:0x58ec1000  x8:0xffffffff x20=0x58ec1001
     307715.000 ns	     30770	80006684	283f85d3	fmin.s	f11,f31,f3	 f31:0x00000000  f3:0x02ab17f6 f11=0x00000000
     307745.000 ns	     30773	80006688	a0230e53	fle.s	x28,f6,f2	  f6:0x3f800000  f2:0x7fc00000 x28=0x00000000
     307775.000 ns	     30776	8000668c	f00e8fd3	fmv.w.x	f31,x29	 x29:0x00000001 f31=0x00000001
     307805.000 ns	     30779	80006690	a1f71b53	flt.s	x22,f14,f31	 f14:0xcefff7e0 f31:0x00000000 x22=0x00000001
     308175.000 ns	     30816	80006694	038d5a33	divu	x20,x26,x24	 x26:0x58ec1000 x24:0x002c7608 x20=0x00000200
     308205.000 ns	     30819	80006698	03d88133	mul	x2,x17,x29	 x17:0x00000000 x29:0x00000001  x2=0x00000000
     308225.000 ns	     30821	8000669c	a6972e13	slti	x28,x14,-1431	 x14:0x00000000 x28=0x00000000
     308585.000 ns	     30857	800066a0	03ff7533	remu	x10,x30,x31	 x30:0x00000000 x31:0x00000011 x10=0x00000000
     308605.000 ns	     30859	800066a4	fc0db093	sltiu	x1,x27,-64	 x27:0x00000000  x1=0x00000001
     308615.000 ns	     30860	800066a8	08424f97	auipc	x31,0x8424	 x31=0x8842a6a8
     308975.000 ns	     30896	800066ac	032cfe33	remu	x28,x25,x18	 x25:0x9a07254c x18:0x00000010 x28=0x0000000c
     308995.000 ns	     30898	800066b0	b65eea13	ori	x20,x29,-1179	 x29:0x00000001 x20=0xfffffb65
     309015.000 ns	     30900	800066b4	a14e0153	fle.s	x2,f28,f20	 f28:0x7fc00000 f20:0x00000000  x2=0x00000000
     309065.000 ns	     30905	800066b8	00357953	fadd.s	f18,f10,f3	 f10:0x00000000  f3:0x02ab17f6 f18=0x02ab17f6
     309085.000 ns	     30907	800066bc	01449d93	slli	x27,x9,0x14	  x9:0x80040fe4 x27=0xfe400000
     309105.000 ns	     30909	800066c0	a03605d3	fle.s	x11,f12,f3	 f12:0x7fc00000  f3:0x02ab17f6 x11=0x00000000
     309125.000 ns	     30911	800066c4	41810c33	sub	x24,x2,x24	  x2:0x00000000 x24:0x002c7608 x24=0xffd389f8
     309145.000 ns	     30913	800066c8	a1d301d3	fle.s	x3,f6,f29	  f6:0x3f800000 f29:0x3f800000  x3=0x00000001
     309175.000 ns	     30916	800066cc	a12929d3	feq.s	x19,f18,f18	 f18:0x02ab17f6 f18:0x02ab17f6 x19=0x00000001
     309545.000 ns	     30953	800066d0	035f75b3	remu	x11,x30,x21	 x30:0x00000000 x21:0x80041024 x11=0x00000000
     309565.000 ns	     30955	800066d4	003c5293	srli	x5,x24,0x3	 x24:0xffd389f8  x5=0x1ffa713f
     309575.000 ns	     30956	800066d8	01733533	sltu	x10,x6,x23	  x6:0x58ec1000 x23:0x00000000 x10=0x00000000
     309595.000 ns	     30958	800066dc	e0068bd3	fmv.x.w	x23,f13	 f13:0x7fc00000 x23=0x7fc00000
     309615.000 ns	     30960	800066e0	dedb8213	addi	x4,x23,-531	 x23:0x00000000  x4=0x7fbffded
     309625.000 ns	     30961	800066e4	91a96d13	ori	x26,x18,-1766	 x18:0x00000010 x26=0xfffff91a
     309645.000 ns	     30963	800066e8	a0009a53	flt.s	x20,f1,f0	  f1:0x00000000  f0:0x92ab17f6 x20=0x00000000
     309675.000 ns	     30966	800066ec	c0177fd3	fcvt.wu.s	x31,f14	 f14:0xcefff7e0 x31=0x7ffbf000
     309705.000 ns	     30969	800066f0	d01b7853	fcvt.s.wu	f16,x22	 x22:0x00000001 f16=0x3f800000
     309735.000 ns	     30972	800066f4	c018f353	fcvt.wu.s	x6,f17	 f17:0x00000000  x6=0x00000000
     309755.000 ns	     30974	800066f8	d2c97f93	andi	x31,x18,-724	 x18:0x00000010 x31=0x00000000
     309775.000 ns	     30976	800066fc	02c32233	mulhsu	x4,x6,x12	  x6:0x00000000 x12:0x00000000  x4=0x00000000
     309805.000 ns	     30979	80006700	f0020dd3	fmv.w.x	f27,x4	  x4:0x7fbffded f27=0x00000000
     309825.000 ns	     30981	80006704	01b3bfb3	sltu	x31,x7,x27	  x7:0x3ffffe12 x27:0xfe400000 x31=0x00000001
     309845.000 ns	     30983	80006708	21819753	fsgnjn.s	f14,f3,f24	  f3:0x02ab17f6 f24:0x80000000 f14=0x02ab17f6
     309865.000 ns	     30985	8000670c	d2ceb613	sltiu	x12,x29,-724	 x29:0x00000001 x12=0x00000001
     309885.000 ns	     30987	80006710	030c58b3	divu	x17,x24,x16	 x24:0xffd389f8 x16:0x00000000 x17=0xffffffff
     309905.000 ns	     30989	80006714	bd03f813	andi	x16,x7,-1072	  x7:0x3ffffe12 x16=0x3ffffa10
     309915.000 ns	     30990	80006718	013a7eb3	and	x29,x20,x19	 x20:0x00000000 x19:0x00000001 x29=0x00000000
     309925.000 ns	     30991	8000671c	405b0833	sub	x16,x22,x5	 x22:0x00000001  x5:0x1ffa713f x16=0xe0058ec2
     309945.000 ns	     30993	80006720	a19c2dd3	feq.s	x27,f24,f25	 f24:0x80000000 f25:0x12ab17f6 x27=0x00000000
     309975.000 ns	     30996	80006724	a07e1353	flt.s	x6,f28,f7	 f28:0x7fc00000  f7:0x3f800000  x6=0x00000000
     310345.000 ns	     31033	80006728	036652b3	divu	x5,x12,x22	 x12:0x00000001 x22:0x00000001  x5=0x00000001
     310375.000 ns	     31036	8000672c	d00cf4d3	fcvt.s.w	f9,x25	 x25:0x9a07254c  f9=0xcecbf1b5
     310405.000 ns	     31039	80006730	03b5a9b3	mulhsu	x19,x11,x27	 x11:0x00000000 x27:0x00000000 x19=0x00000000
     310775.000 ns	     31076	80006734	0320c933	div	x18,x1,x18	  x1:0x00000001 x18:0x00000010 x18=0x00000000
     310795.000 ns	     31078	80006738	00000013	addi	x0,x0,0	  x0:0x00000000
     310805.000 ns	     31079	8000673c	40cedc33	sra	x24,x29,x12	 x29:0x00000000 x12:0x00000001 x24=0x00000000
     310825.000 ns	     31081	80006740	20e5acd3	fsgnjx.s	f25,f11,f14	 f11:0x00000000 f14:0x02ab17f6 f25=0x00000000
     310855.000 ns	     31084	80006744	e00992d3	fclass.s	x5,f19	 f19:0x7fc00000  x5=0x00000200
     310885.000 ns	     31087	80006748	e00b05d3	fmv.x.w	x11,f22	 f22:0xffc00000 x11=0xffc00000
     310905.000 ns	     31089	8000674c	a33d0a37	lui	x20,0xa33d0	 x20=0xa33d0000
     310915.000 ns	     31090	80006750	014d16b3	sll	x13,x26,x20	 x26:0xfffff91a x20:0x00000000 x13=0xfffff91a
     310925.000 ns	     31091	80006754	00f92a33	slt	x20,x18,x15	 x18:0x00000000 x15:0xfd389e58 x20=0x00000000
     310935.000 ns	     31092	80006758	725e7a13	andi	x20,x28,1829	 x28:0x0000000c x20=0x00000004
     310945.000 ns	     31093	8000675c	00afa6b3	slt	x13,x31,x10	 x31:0x00000001 x10:0x00000000 x13=0x00000000
     310965.000 ns	     31095	80006760	e0031f53	fclass.s	x30,f6	  f6:0x3f800000 x30=0x00000040
     310995.000 ns	     31098	80006764	a0f5a6d3	feq.s	x13,f11,f15	 f11:0x00000000 f15:0x80000000 x13=0x00000001
     311025.000 ns	     31101	80006768	a196a453	feq.s	x8,f13,f25	 f13:0x7fc00000 f25:0x00000000  x8=0x00000000
     311055.000 ns	     31104	8000676c	a1aa1c53	flt.s	x24,f20,f26	 f20:0x00000000 f26:0xc4918000 x24=0x00000000
     311085.000 ns	     31107	80006770	a0b323d3	feq.s	x7,f6,f11	  f6:0x3f800000 f11:0x00000000  x7=0x00000000
     311105.000 ns	     31109	80006774	0138fa33	and	x20,x17,x19	 x17:0xffffffff x19:0x00000000 x20=0x00000000
     311115.000 ns	     31110	80006778	406381b3	sub	x3,x7,x6	  x7:0x00000000  x6:0x00000000  x3=0x00000000
     311135.000 ns	     31112	8000677c	027da5b3	mulhsu	x11,x27,x7	 x27:0x00000000  x7:0x00000000 x11=0x00000000
     311505.000 ns	     31149	80006780	039ae633	rem	x12,x21,x25	 x21:0x80041024 x25:0x9a07254c x12=0xe5fcead8
     311525.000 ns	     31151	80006784	01ef86b3	add	x13,x31,x30	 x31:0x00000001 x30:0x00000040 x13=0x00000041
     311535.000 ns	     31152	80006788	01256e33	or	x28,x10,x18	 x10:0x00000000 x18:0x00000000 x28=0x00000000
     311555.000 ns	     31154	8000678c	022727b3	mulhsu	x15,x14,x2	 x14:0x00000000  x2:0x00000000 x15=0x00000000
     311585.000 ns	     31157	80006790	f0098f53	fmv.w.x	f30,x19	 x19:0x00000000 f30=0x00000000
     311605.000 ns	     31159	80006794	bdea4b93	xori	x23,x20,-1058	 x20:0x00000000 x23=0xfffffbde
     311625.000 ns	     31161	80006798	d00f8ad3	fcvt.s.w	f21,x31	 x31:0x00000001 f21=0x3f800000
     311675.000 ns	     31166	8000679c	09b6c1d3	fsub.s	f3,f13,f27	 f13:0x7fc00000 f27:0x00000000  f3=0x7fc00000
     311705.000 ns	     31169	800067a0	207a0553	fsgnj.s	f10,f20,f7	 f20:0x00000000  f7:0x3f800000 f10=0x00000000
     311725.000 ns	     31171	800067a4	01a876b3	and	x13,x16,x26	 x16:0xe0058ec2 x26:0xfffff91a x13=0xe0058802
     311735.000 ns	     31172	800067a8	fc6ea693	slti	x13,x29,-58	 x29:0x00000000 x13=0x00000000
     311745.000 ns	     31173	800067ac	40a3dbb3	sra	x23,x7,x10	  x7:0x00000000 x10:0x00000000 x23=0x00000000
     311765.000 ns	     31175	800067b0	e00b0553	fmv.x.w	x10,f22	 f22:0xffc00000 x10=0xffc00000
     311785.000 ns	     31177	800067b4	01679a33	sll	x20,x15,x22	 x15:0x00000000 x22:0x00000001 x20=0x00000000
     311795.000 ns	     31178	800067b8	596b5e97	auipc	x29,0x596b5	 x29=0xd96bb7b8
     311815.000 ns	     31180	800067bc	c00cae53	fcvt.w.s	x28,f25	 f25:0x00000000 x28=0x00000000
     311835.000 ns	     31182	800067c0	410b0333	sub	x6,x22,x16	 x22:0x00000001 x16:0xe0058ec2  x6=0x1ffa713f
     311845.000 ns	     31183	800067c4	01631db3	sll	x27,x6,x22	  x6:0x00000000 x22:0x00000001 x27=0x3ff4e27e
     311865.000 ns	     31185	800067c8	a1e5a7d3	feq.s	x15,f11,f30	 f11:0x00000000 f30:0x00000000 x15=0x00000001
     312235.000 ns	     31222	800067cc	03a9f233	remu	x4,x19,x26	 x19:0x00000000 x26:0xfffff91a  x4=0x00000000
     312605.000 ns	     31259	800067d0	030ae6b3	rem	x13,x21,x16	 x21:0x80041024 x16:0xe0058ec2 x13=0xffedd51c
     312645.000 ns	     31263	800067d4	580d96d3	fsqrt.s	f13,f27	 f27:0x00000000 f13=0x00000000
     312675.000 ns	     31266	800067d8	f00d82d3	fmv.w.x	f5,x27	 x27:0x3ff4e27e  f5=0x3ff4e27e
     312695.000 ns	     31268	800067dc	01d80733	add	x14,x16,x29	 x16:0xe0058ec2 x29:0xd96bb7b8 x14=0xb971467a
     312715.000 ns	     31270	800067e0	c0110d53	fcvt.wu.s	x26,f2	  f2:0x7fc00000 x26=0xffffffff
     312735.000 ns	     31272	800067e4	9d556913	ori	x18,x10,-1579	 x10:0xffc00000 x18=0xfffff9d5
     312755.000 ns	     31274	800067e8	a1928453	fle.s	x8,f5,f25	  f5:0x3ff4e27e f25:0x00000000  x8=0x00000000
     312775.000 ns	     31276	800067ec	26d3bf93	sltiu	x31,x7,621	  x7:0x00000000 x31=0x00000001
     312795.000 ns	     31278	800067f0	a0bca453	feq.s	x8,f25,f11	 f25:0x00000000 f11:0x00000000  x8=0x00000001
     312815.000 ns	     31280	800067f4	ef21be97	auipc	x29,0xef21b	 x29=0x6f2217f4
     312855.000 ns	     31284	800067f8	09597253	fsub.s	f4,f18,f21	 f18:0x02ab17f6 f21:0x3f800000  f4=0xbf800000
     312885.000 ns	     31287	800067fc	023753b3	divu	x7,x14,x3	 x14:0xb971467a  x3:0x00000000  x7=0xffffffff
     312915.000 ns	     31290	80006800	d003ffd3	fcvt.s.w	f31,x7	  x7:0x00000000 f31=0xbf800000
     312935.000 ns	     31292	80006804	0028e433	or	x8,x17,x2	 x17:0xffffffff  x2:0x00000000  x8=0xffffffff
     312955.000 ns	     31294	80006808	d00afdd3	fcvt.s.w	f27,x21	 x21:0x80041024 f27=0xcefff7df
     312985.000 ns	     31297	8000680c	d00111d3	fcvt.s.w	f3,x2	  x2:0x00000000  f3=0x00000000
     313015.000 ns	     31300	80006810	e0061453	fclass.s	x8,f12	 f12:0x7fc00000  x8=0x00000200
     313045.000 ns	     31303	80006814	02779a33	mulh	x20,x15,x7	 x15:0x00000001  x7:0xffffffff x20=0xffffffff
     313075.000 ns	     31306	80006818	e00205d3	fmv.x.w	x11,f4	  f4:0xbf800000 x11=0xbf800000
     313105.000 ns	     31309	8000681c	21740d53	fsgnj.s	f26,f8,f23	  f8:0x12ab17f6 f23:0xcecb6780 f26=0x92ab17f6
     313135.000 ns	     31312	80006820	e00b1e53	fclass.s	x28,f22	 f22:0xffc00000 x28=0x00000200
     313165.000 ns	     31315	80006824	a0df2653	feq.s	x12,f30,f13	 f30:0x00000000 f13:0x00000000 x12=0x00000001
     313185.000 ns	     31317	80006828	409751b3	sra	x3,x14,x9	 x14:0xb971467a  x9:0x80040fe4  x3=0xfb971467
     313195.000 ns	     31318	8000682c	9b7aad13	slti	x26,x21,-1609	 x21:0x80041024 x26=0x00000001
     313205.000 ns	     31319	80006830	009dddb3	srl	x27,x27,x9	 x27:0x3ff4e27e  x9:0x80040fe4 x27=0x03ff4e27
     313225.000 ns	     31321	80006834	21e92ed3	fsgnjx.s	f29,f18,f30	 f18:0x02ab17f6 f30:0x00000000 f29=0x02ab17f6
     313265.000 ns	     31325	80006838	58051253	fsqrt.s	f4,f10	 f10:0x00000000  f4=0x00000000
     313285.000 ns	     31327	8000683c	a2bfe013	ori	x0,x31,-1493	 x31:0x00000001
     313305.000 ns	     31329	80006840	e0029d53	fclass.s	x26,f5	  f5:0x3ff4e27e x26=0x00000040
     313345.000 ns	     31333	80006844	580037d3	fsqrt.s	f15,f0	  f0:0x92ab17f6 f15=0x7fc00000
     313385.000 ns	     31337	80006848	18187ad3	fdiv.s	f21,f16,f1	 f16:0x3f800000  f1:0x00000000 f21=0x7f800000
     313415.000 ns	     31340	8000684c	03fbb433	mulhu	x8,x23,x31	 x23:0x00000000 x31:0x00000001  x8=0x00000000
     313435.000 ns	     31342	80006850	ba0df413	andi	x8,x27,-1120	 x27:0x03ff4e27  x8=0x03ff4a20
     313445.000 ns	     31343	80006854	00000013	addi	x0,x0,0	  x0:0x00000000
     313465.000 ns	     31345	80006858	20fc87d3	fsgnj.s	f15,f25,f15	 f25:0x00000000 f15:0x7fc00000 f15=0x00000000
     313515.000 ns	     31350	8000685c	000c8b53	fadd.s	f22,f25,f0	 f25:0x00000000  f0:0x92ab17f6 f22=0x92ab17f6
     313545.000 ns	     31353	80006860	a1f01653	flt.s	x12,f0,f31	  f0:0x92ab17f6 f31:0xbf800000 x12=0x00000000
     313575.000 ns	     31356	80006864	e00410d3	fclass.s	x1,f8	  f8:0x12ab17f6  x1=0x00000040
     313605.000 ns	     31359	80006868	02cf0f33	mul	x30,x30,x12	 x30:0x00000040 x12:0x00000000 x30=0x00000000
     313635.000 ns	     31362	8000686c	21f48a53	fsgnj.s	f20,f9,f31	  f9:0xcecbf1b5 f31:0xbf800000 f20=0xcecbf1b5
     313665.000 ns	     31365	80006870	a09d90d3	flt.s	x1,f27,f9	 f27:0xcefff7df  f9:0xcecbf1b5  x1=0x00000001
     313695.000 ns	     31368	80006874	03c9adb3	mulhsu	x27,x19,x28	 x19:0x00000000 x28:0x00000200 x27=0x00000000
     313725.000 ns	     31371	80006878	03c308b3	mul	x17,x6,x28	  x6:0x1ffa713f x28:0x00000200 x17=0xf4e27e00
     313745.000 ns	     31373	8000687c	5dd40313	addi	x6,x8,1501	  x8:0x03ff4a20  x6=0x03ff4ffd
     313765.000 ns	     31375	80006880	a186a953	feq.s	x18,f13,f24	 f13:0x00000000 f24:0x80000000 x18=0x00000001
     313785.000 ns	     31377	80006884	baf1ab93	slti	x23,x3,-1105	  x3:0xfb971467 x23=0x00000001
     314115.000 ns	     31410	80006888	1924fad3	fdiv.s	f21,f9,f18	  f9:0xcecbf1b5 f18:0x02ab17f6 f21=0xff800000
     314485.000 ns	     31447	8000688c	0272d433	divu	x8,x5,x7	  x5:0x00000200  x7:0xffffffff  x8=0x00000000
     315665.000 ns	     31565	80006890	580904d3	fsqrt.s	f9,f18	 f18:0x02ab17f6  f9=0x2093fc66
     315695.000 ns	     31568	80006894	21d98453	fsgnj.s	f8,f19,f29	 f19:0x7fc00000 f29:0x02ab17f6  f8=0x7fc00000
     315715.000 ns	     31570	80006898	010fe6b3	or	x13,x31,x16	 x31:0x00000001 x16:0xe0058ec2 x13=0xe0058ec3
     315735.000 ns	     31572	8000689c	204baed3	fsgnjx.s	f29,f23,f4	 f23:0xcecb6780  f4:0x00000000 f29=0xcecb6780
     315765.000 ns	     31575	800068a0	c00bbf53	fcvt.w.s	x30,f23	 f23:0xcecb6780 x30=0x9a4c4000
     315795.000 ns	     31578	800068a4	d016f4d3	fcvt.s.wu	f9,x13	 x13:0xe0058ec3  f9=0x4f60058e
     315825.000 ns	     31581	800068a8	03ffadb3	mulhsu	x27,x31,x31	 x31:0x00000001 x31:0x00000001 x27=0x00000000
     315855.000 ns	     31584	800068ac	c014ffd3	fcvt.wu.s	x31,f9	  f9:0x4f60058e x31=0xe0058e00
     315875.000 ns	     31586	800068b0	b861a513	slti	x10,x3,-1146	  x3:0xfb971467 x10=0x00000001
     315895.000 ns	     31588	800068b4	025693b3	mulh	x7,x13,x5	 x13:0xe0058ec3  x5:0x00000200  x7=0xffffffc0
     315915.000 ns	     31590	800068b8	01168e33	add	x28,x13,x17	 x13:0xe0058ec3 x17:0xf4e27e00 x28=0xd4e80cc3
     315935.000 ns	     31592	800068bc	21670c53	fsgnj.s	f24,f14,f22	 f14:0x02ab17f6 f22:0x92ab17f6 f24=0x82ab17f6
     315985.000 ns	     31597	800068c0	097cbd53	fsub.s	f26,f25,f23	 f25:0x00000000 f23:0xcecb6780 f26=0x4ecb6780
     316015.000 ns	     31600	800068c4	21858bd3	fsgnj.s	f23,f11,f24	 f11:0x00000000 f24:0x82ab17f6 f23=0x80000000
     316045.000 ns	     31603	800068c8	e00c8b53	fmv.x.w	x22,f25	 f25:0x00000000 x22=0x00000000
     316075.000 ns	     31606	800068cc	e0039dd3	fclass.s	x27,f7	  f7:0x3f800000 x27=0x00000040
     316095.000 ns	     31608	800068d0	10eec617	auipc	x12,0x10eec	 x12=0x90ef28d0
     316115.000 ns	     31610	800068d4	a0141953	flt.s	x18,f8,f1	  f8:0x7fc00000  f1:0x00000000 x18=0x00000000
     316135.000 ns	     31612	800068d8	4e450713	addi	x14,x10,1252	 x10:0x00000001 x14=0x000004e5
     316155.000 ns	     31614	800068dc	02aa9bb3	mulh	x23,x21,x10	 x21:0x80041024 x10:0x00000001 x23=0xffffffff
     316175.000 ns	     31616	800068e0	00000013	addi	x0,x0,0	  x0:0x00000000
     316195.000 ns	     31618	800068e4	e0008b53	fmv.x.w	x22,f1	  f1:0x00000000 x22=0x00000000
     316245.000 ns	     31623	800068e8	0952c1d3	fsub.s	f3,f5,f21	  f5:0x3ff4e27e f21:0xff800000  f3=0x7f800000
     316275.000 ns	     31626	800068ec	f00f05d3	fmv.w.x	f11,x30	 x30:0x9a4c4000 f11=0x9a4c4000
     316645.000 ns	     31663	800068f0	02387d33	remu	x26,x16,x3	 x16:0xe0058ec2  x3:0xfb971467 x26=0xe0058ec2
     316665.000 ns	     31665	800068f4	41118bb3	sub	x23,x3,x17	  x3:0xfb971467 x17:0xf4e27e00 x23=0x06b49667
     316685.000 ns	     31667	800068f8	20949c53	fsgnjn.s	f24,f9,f9	  f9:0x4f60058e  f9:0x4f60058e f24=0xcf60058e
     317055.000 ns	     31704	800068fc	02d54db3	div	x27,x10,x13	 x10:0x00000001 x13:0xe0058ec3 x27=0x00000000
     317085.000 ns	     31707	80006900	a0381e53	flt.s	x28,f16,f3	 f16:0x3f800000  f3:0x7f800000 x28=0x00000001
     317115.000 ns	     31710	80006904	0388a7b3	mulhsu	x15,x17,x24	 x17:0xf4e27e00 x24:0x00000000 x15=0x00000000
     317145.000 ns	     31713	80006908	c00d75d3	fcvt.w.s	x11,f26	 f26:0x4ecb6780 x11=0x65b3c000
     317175.000 ns	     31716	8000690c	21489bd3	fsgnjn.s	f23,f17,f20	 f17:0x00000000 f20:0xcecbf1b5 f23=0x00000000
     317215.000 ns	     31720	80006910	10ab7f53	fmul.s	f30,f22,f10	 f22:0x92ab17f6 f10:0x00000000 f30=0x80000000
     317555.000 ns	     31754	80006914	18687853	fdiv.s	f16,f16,f6	 f16:0x3f800000  f6:0x3f800000 f16=0x3f7fff38
     317925.000 ns	     31791	80006918	0275d6b3	divu	x13,x11,x7	 x11:0x65b3c000  x7:0xffffffc0 x13=0x00000000
     317955.000 ns	     31794	8000691c	28308fd3	fmin.s	f31,f1,f3	  f1:0x00000000  f3:0x7f800000 f31=0x00000000
     317985.000 ns	     31797	80006920	02cf23b3	mulhsu	x7,x30,x12	 x30:0x9a4c4000 x12:0x90ef28d0  x7=0xc66be0f9
     318005.000 ns	     31799	80006924	404fd813	srai	x16,x31,0x4	 x31:0xe0058e00 x16=0xfe0058e0
     318025.000 ns	     31801	80006928	039f9d33	mulh	x26,x31,x25	 x31:0xe0058e00 x25:0x9a07254c x26=0x0cbce4ea
     318395.000 ns	     31838	8000692c	03744c33	div	x24,x8,x23	  x8:0x00000000 x23:0x06b49667 x24=0x00000000
     318415.000 ns	     31840	80006930	0057c233	xor	x4,x15,x5	 x15:0x00000000  x5:0x00000200  x4=0x00000200
     318435.000 ns	     31842	80006934	d018c4d3	fcvt.s.wu	f9,x17	 x17:0xf4e27e00  f9=0x4f74e27e
     318455.000 ns	     31844	80006938	013ae833	or	x16,x21,x19	 x21:0x80041024 x19:0x00000000 x16=0x80041024
     318475.000 ns	     31846	8000693c	d00b1e53	fcvt.s.w	f28,x22	 x22:0x00000000 f28=0x00000000
     318495.000 ns	     31848	80006940	01c1c1b3	xor	x3,x3,x28	  x3:0xfb971467 x28:0x00000001  x3=0xfb971466
     318515.000 ns	     31850	80006944	d0187c53	fcvt.s.wu	f24,x16	 x16:0x80041024 f24=0x4f000410
     318535.000 ns	     31852	80006948	002893b3	sll	x7,x17,x2	 x17:0xf4e27e00  x2:0x00000000  x7=0xf4e27e00
     318555.000 ns	     31854	8000694c	03b982b3	mul	x5,x19,x27	 x19:0x00000000 x27:0x00000000  x5=0x00000000
     318585.000 ns	     31857	80006950	a1ceabd3	feq.s	x23,f29,f28	 f29:0xcecb6780 f28:0x00000000 x23=0x00000000
     318615.000 ns	     31860	80006954	c00613d3	fcvt.w.s	x7,f12	 f12:0x7fc00000  x7=0x7fffffff
     318645.000 ns	     31863	80006958	208c8c53	fsgnj.s	f24,f25,f8	 f25:0x00000000  f8:0x7fc00000 f24=0x00000000
     318665.000 ns	     31865	8000695c	00942b33	slt	x22,x8,x9	  x8:0x00000000  x9:0x80040fe4 x22=0x00000000
     318685.000 ns	     31867	80006960	d00e3c53	fcvt.s.w	f24,x28	 x28:0x00000001 f24=0x3f800000
     318705.000 ns	     31869	80006964	01f6de33	srl	x28,x13,x31	 x13:0x00000000 x31:0xe0058e00 x28=0x00000000
     318715.000 ns	     31870	80006968	d3810293	addi	x5,x2,-712	  x2:0x00000000  x5=0xfffffd38
     318735.000 ns	     31872	8000696c	20da1953	fsgnjn.s	f18,f20,f13	 f20:0xcecbf1b5 f13:0x00000000 f18=0xcecbf1b5
     318765.000 ns	     31875	80006970	212e1153	fsgnjn.s	f2,f28,f18	 f28:0x00000000 f18:0x02ab17f6  f2=0x00000000
     318785.000 ns	     31877	80006974	714b2c17	auipc	x24,0x714b2	 x24=0xf14b8974
     318805.000 ns	     31879	80006978	a1092153	feq.s	x2,f18,f16	 f18:0xcecbf1b5 f16:0x3f7fff38  x2=0x00000000
     318835.000 ns	     31882	8000697c	d00afc53	fcvt.s.w	f24,x21	 x21:0x80041024 f24=0xcefff7df
     318865.000 ns	     31885	80006980	0382a9b3	mulhsu	x19,x5,x24	  x5:0xfffffd38 x24:0xf14b8974 x19=0xfffffd60
     318915.000 ns	     31890	80006984	08699c53	fsub.s	f24,f19,f6	 f19:0x7fc00000  f6:0x3f800000 f24=0x7fc00000
     318945.000 ns	     31893	80006988	d0087953	fcvt.s.w	f18,x16	 x16:0x80041024 f18=0xcefff7df
     318975.000 ns	     31896	8000698c	03169033	mulh	x0,x13,x17	 x13:0x00000000 x17:0xf4e27e00
     318995.000 ns	     31898	80006990	018009b3	add	x19,x0,x24	  x0:0x00000000 x24:0xf14b8974 x19=0xf14b8974
     319355.000 ns	     31934	80006994	03f8f5b3	remu	x11,x17,x31	 x17:0xf4e27e00 x31:0xe0058e00 x11=0x14dcf000
     319375.000 ns	     31936	80006998	42e58693	addi	x13,x11,1070	 x11:0x65b3c000 x13=0x14dcf42e
     319395.000 ns	     31938	8000699c	a0010053	fle.s	x0,f2,f0	  f2:0x00000000  f0:0x92ab17f6
     319415.000 ns	     31940	800069a0	75093f17	auipc	x30,0x75093	 x30=0xf50999a0
     319435.000 ns	     31942	800069a4	d00e7653	fcvt.s.w	f12,x28	 x28:0x00000000 f12=0x00000000
     319465.000 ns	     31945	800069a8	c00f4e53	fcvt.w.s	x28,f30	 f30:0x80000000 x28=0x00000000
     319495.000 ns	     31948	800069ac	f00a8dd3	fmv.w.x	f27,x21	 x21:0x80041024 f27=0x80041024
     319515.000 ns	     31950	800069b0	0020db33	srl	x22,x1,x2	  x1:0x00000001  x2:0x00000000 x22=0x00000001
     319535.000 ns	     31952	800069b4	a1511fd3	flt.s	x31,f2,f21	  f2:0x00000000 f21:0xff800000 x31=0x00000000
     319565.000 ns	     31955	800069b8	29731d53	fmax.s	f26,f6,f23	  f6:0x3f800000 f23:0x00000000 f26=0x3f800000
     319595.000 ns	     31958	800069bc	a1768153	fle.s	x2,f13,f23	 f13:0x00000000 f23:0x00000000  x2=0x00000001
     319625.000 ns	     31961	800069c0	a06903d3	fle.s	x7,f18,f6	 f18:0xcefff7df  f6:0x3f800000  x7=0x00000001
     319665.000 ns	     31965	800069c4	10aff8d3	fmul.s	f17,f31,f10	 f31:0x00000000 f10:0x00000000 f17=0x00000000
     319685.000 ns	     31967	800069c8	7b196c13	ori	x24,x18,1969	 x18:0x00000000 x24=0x000007b1
     319715.000 ns	     31970	800069cc	114ba553	fmul.s	f10,f23,f20	 f23:0x00000000 f20:0xcecbf1b5 f10=0x80000000
     319755.000 ns	     31974	800069d0	580ba653	fsqrt.s	f12,f23	 f23:0x00000000 f12=0x00000000
     319795.000 ns	     31978	800069d4	102076d3	fmul.s	f13,f0,f2	  f0:0x92ab17f6  f2:0x00000000 f13=0x80000000
     319815.000 ns	     31980	800069d8	01392b33	slt	x22,x18,x19	 x18:0x00000000 x19:0xf14b8974 x22=0x00000000
     319835.000 ns	     31982	800069dc	20ffaa53	fsgnjx.s	f20,f31,f15	 f31:0x00000000 f15:0x00000000 f20=0x00000000
     319855.000 ns	     31984	800069e0	00bcd693	srli	x13,x25,0xb	 x25:0x9a07254c x13=0x001340e4
     319875.000 ns	     31986	800069e4	d00af353	fcvt.s.w	f6,x21	 x21:0x80041024  f6=0xcefff7df
     319895.000 ns	     31988	800069e8	3627eb13	ori	x22,x15,866	 x15:0x00000000 x22=0x00000362
     319915.000 ns	     31990	800069ec	21dc0a53	fsgnj.s	f20,f24,f29	 f24:0x7fc00000 f29:0xcecb6780 f20=0xffc00000
     320285.000 ns	     32027	800069f0	02b94d33	div	x26,x18,x11	 x18:0x00000000 x11:0x14dcf000 x26=0x00000000
     320315.000 ns	     32030	800069f4	e00b99d3	fclass.s	x19,f23	 f23:0x00000000 x19=0x00000010
     320335.000 ns	     32032	800069f8	00a842b3	xor	x5,x16,x10	 x16:0x80041024 x10:0x00000001  x5=0x80041025
     320695.000 ns	     32068	800069fc	022f77b3	remu	x15,x30,x2	 x30:0xf50999a0  x2:0x00000001 x15=0x00000000
     321065.000 ns	     32105	80006a00	0298ff33	remu	x30,x17,x9	 x17:0xf4e27e00  x9:0x80040fe4 x30=0x74de6e1c
     321085.000 ns	     32107	80006a04	013648b3	xor	x17,x12,x19	 x12:0x90ef28d0 x19:0x00000010 x17=0x90ef28c0
     321095.000 ns	     32108	80006a08	17332317	auipc	x6,0x17332	  x6=0x97338a08
     321455.000 ns	     32144	80006a0c	033de2b3	rem	x5,x27,x19	 x27:0x00000000 x19:0x00000010  x5=0x00000000
     321495.000 ns	     32148	80006a10	11b515d3	fmul.s	f11,f10,f27	 f10:0x80000000 f27:0x80041024 f11=0x00000000
     321515.000 ns	     32150	80006a14	00cbaeb3	slt	x29,x23,x12	 x23:0x00000000 x12:0x90ef28d0 x29=0x00000000
     321535.000 ns	     32152	80006a18	03a87133	remu	x2,x16,x26	 x16:0x80041024 x26:0x00000000  x2=0x80041024
     321565.000 ns	     32155	80006a1c	28300b53	fmin.s	f22,f0,f3	  f0:0x92ab17f6  f3:0x7f800000 f22=0x92ab17f6
     321595.000 ns	     32158	80006a20	a159a153	feq.s	x2,f19,f21	 f19:0x7fc00000 f21:0xff800000  x2=0x00000000
     321625.000 ns	     32161	80006a24	20eb0bd3	fsgnj.s	f23,f22,f14	 f22:0x92ab17f6 f14:0x02ab17f6 f23=0x12ab17f6
     321655.000 ns	     32164	80006a28	29a081d3	fmin.s	f3,f1,f26	  f1:0x00000000 f26:0x3f800000  f3=0x00000000
     321685.000 ns	     32167	80006a2c	21a39ad3	fsgnjn.s	f21,f7,f26	  f7:0x3f800000 f26:0x3f800000 f21=0xbf800000
     321715.000 ns	     32170	80006a30	c01cf753	fcvt.wu.s	x14,f25	 f25:0x00000000 x14=0x00000000
     321745.000 ns	     32173	80006a34	02152d33	mulhsu	x26,x10,x1	 x10:0x00000001  x1:0x00000001 x26=0x00000000
     321775.000 ns	     32176	80006a38	21e296d3	fsgnjn.s	f13,f5,f30	  f5:0x3ff4e27e f30:0x80000000 f13=0x3ff4e27e
     321815.000 ns	     32180	80006a3c	58078ad3	fsqrt.s	f21,f15	 f15:0x00000000 f21=0x00000000
     321845.000 ns	     32183	80006a40	d0018253	fcvt.s.w	f4,x3	  x3:0xfb971466  f4=0xcc8d1d73
     321875.000 ns	     32186	80006a44	a00329d3	feq.s	x19,f6,f0	  f6:0xcefff7df  f0:0x92ab17f6 x19=0x00000000
     321915.000 ns	     32190	80006a48	10338ed3	fmul.s	f29,f7,f3	  f7:0x3f800000  f3:0x00000000 f29=0x00000000
     321935.000 ns	     32192	80006a4c	01215e93	srli	x29,x2,0x12	  x2:0x00000000 x29=0x00000000
     321955.000 ns	     32194	80006a50	03f33433	mulhu	x8,x6,x31	  x6:0x97338a08 x31:0x00000000  x8=0x00000000
     321995.000 ns	     32198	80006a54	18ad83d3	fdiv.s	f7,f27,f10	 f27:0x80041024 f10:0x80000000  f7=0x7f800000
     322015.000 ns	     32200	80006a58	40435e93	srai	x29,x6,0x4	  x6:0x97338a08 x29=0xf97338a0
     322035.000 ns	     32202	80006a5c	02680333	mul	x6,x16,x6	 x16:0x80041024  x6:0x97338a08  x6=0xa3ffe920
     322075.000 ns	     32206	80006a60	19f37f53	fdiv.s	f30,f6,f31	  f6:0xcefff7df f31:0x00000000 f30=0xff800000
     322095.000 ns	     32208	80006a64	1dddff13	andi	x30,x27,477	 x27:0x00000000 x30=0x00000000
     322135.000 ns	     32212	80006a68	01f3f0d3	fadd.s	f1,f7,f31	  f7:0x7f800000 f31:0x00000000  f1=0x7f800000
     322155.000 ns	     32214	80006a6c	eb7cd317	auipc	x6,0xeb7cd	  x6=0x6b7d3a6c
     322185.000 ns	     32217	80006a70	103222d3	fmul.s	f5,f4,f3	  f4:0xcc8d1d73  f3:0x00000000  f5=0x80000000
     322215.000 ns	     32220	80006a74	213e1c53	fsgnjn.s	f24,f28,f19	 f28:0x00000000 f19:0x7fc00000 f24=0x80000000
     322235.000 ns	     32222	80006a78	0013c233	xor	x4,x7,x1	  x7:0x00000001  x1:0x00000001  x4=0x00000000
     322245.000 ns	     32223	80006a7c	3e967413	andi	x8,x12,1001	 x12:0x90ef28d0  x8=0x000000c0
     322255.000 ns	     32224	80006a80	01ebbbb3	sltu	x23,x23,x30	 x23:0x00000000 x30:0x00000000 x23=0x00000000
     322275.000 ns	     32226	80006a84	a028a253	feq.s	x4,f17,f2	 f17:0x00000000  f2:0x00000000  x4=0x00000001
     322295.000 ns	     32228	80006a88	0197e3b3	or	x7,x15,x25	 x15:0x00000000 x25:0x9a07254c  x7=0x9a07254c
     322315.000 ns	     32230	80006a8c	20c88753	fsgnj.s	f14,f17,f12	 f17:0x00000000 f12:0x00000000 f14=0x00000000
     322365.000 ns	     32235	80006a90	01aba8d3	fadd.s	f17,f23,f26	 f23:0x12ab17f6 f26:0x3f800000 f17=0x3f800000
     322395.000 ns	     32238	80006a94	d0047553	fcvt.s.w	f10,x8	  x8:0x000000c0 f10=0x43400000
     322425.000 ns	     32241	80006a98	d00cb253	fcvt.s.w	f4,x25	 x25:0x9a07254c  f4=0xcecbf1b6
     322445.000 ns	     32243	80006a9c	50b5b013	sltiu	x0,x11,1291	 x11:0x14dcf000
     322455.000 ns	     32244	80006aa0	1be9b893	sltiu	x17,x19,446	 x19:0x00000000 x17=0x00000001
     322465.000 ns	     32245	80006aa4	01205a33	srl	x20,x0,x18	  x0:0x00000000 x18:0x00000000 x20=0x00000000
     322475.000 ns	     32246	80006aa8	0ecdb6b7	lui	x13,0xecdb	 x13=0x0ecdb000
     322485.000 ns	     32247	80006aac	01de9033	sll	x0,x29,x29	 x29:0xf97338a0 x29:0xf97338a0
     322495.000 ns	     32248	80006ab0	000633b3	sltu	x7,x12,x0	 x12:0x90ef28d0  x0:0x00000000  x7=0x00000000
     322515.000 ns	     32250	80006ab4	d01d94d3	fcvt.s.wu	f9,x27	 x27:0x00000000  f9=0x00000000
     322545.000 ns	     32253	80006ab8	03e98333	mul	x6,x19,x30	 x19:0x00000000 x30:0x00000000  x6=0x00000000
     322565.000 ns	     32255	80006abc	ebf12b13	slti	x22,x2,-321	  x2:0x00000000 x22=0x00000000
     322595.000 ns	     32258	80006ac0	580cf3d3	fsqrt.s	f7,f25	 f25:0x00000000  f7=0x00000000
     322615.000 ns	     32260	80006ac4	d89c6413	ori	x8,x24,-631	 x24:0x000007b1  x8=0xffffffb9
     322655.000 ns	     32264	80006ac8	001df453	fadd.s	f8,f27,f1	 f27:0x80041024  f1:0x7f800000  f8=0x7f800000
     322675.000 ns	     32266	80006acc	eaf34d93	xori	x27,x6,-337	  x6:0x00000000 x27=0xfffffeaf
     322695.000 ns	     32268	80006ad0	021807b3	mul	x15,x16,x1	 x16:0x80041024  x1:0x00000001 x15=0x80041024
     322715.000 ns	     32270	80006ad4	40185b33	sra	x22,x16,x1	 x16:0x80041024  x1:0x00000001 x22=0xc0020812
     322725.000 ns	     32271	80006ad8	00e628b3	slt	x17,x12,x14	 x12:0x90ef28d0 x14:0x00000000 x17=0x00000001
     322745.000 ns	     32273	80006adc	a1600c53	fle.s	x24,f0,f22	  f0:0x92ab17f6 f22:0x92ab17f6 x24=0x00000001
     323115.000 ns	     32310	80006ae0	030b78b3	remu	x17,x22,x16	 x22:0xc0020812 x16:0x80041024 x17=0x3ffdf7ee
     323485.000 ns	     32347	80006ae4	03b4ebb3	rem	x23,x9,x27	  x9:0x80040fe4 x27:0xfffffeaf x23=0xffffffe1
     323505.000 ns	     32349	80006ae8	013df733	and	x14,x27,x19	 x27:0xfffffeaf x19:0x00000000 x14=0x00000000
     323525.000 ns	     32351	80006aec	e00c0653	fmv.x.w	x12,f24	 f24:0x80000000 x12=0x80000000
     323545.000 ns	     32353	80006af0	019efbb3	and	x23,x29,x25	 x29:0xf97338a0 x25:0x9a07254c x23=0x98032000
     323555.000 ns	     32354	80006af4	00d65833	srl	x16,x12,x13	 x12:0x80000000 x13:0x0ecdb000 x16=0x80000000
     323565.000 ns	     32355	80006af8	01178433	add	x8,x15,x17	 x15:0x80041024 x17:0x3ffdf7ee  x8=0xc0020812
     323585.000 ns	     32357	80006afc	03c2c2b3	div	x5,x5,x28	  x5:0x00000000 x28:0x00000000  x5=0xffffffff
     323615.000 ns	     32360	80006b00	e00b9dd3	fclass.s	x27,f23	 f23:0x12ab17f6 x27=0x00000040
     323635.000 ns	     32362	80006b04	40fa8fb3	sub	x31,x21,x15	 x21:0x80041024 x15:0x80041024 x31=0x00000000
     323655.000 ns	     32364	80006b08	d002ffd3	fcvt.s.w	f31,x5	  x5:0xffffffff f31=0xbf800000
     323685.000 ns	     32367	80006b0c	218d8fd3	fsgnj.s	f31,f27,f24	 f27:0x80041024 f24:0x80000000 f31=0x80041024
     323715.000 ns	     32370	80006b10	c017fdd3	fcvt.wu.s	x27,f15	 f15:0x00000000 x27=0x00000000
     323735.000 ns	     32372	80006b14	76e47693	andi	x13,x8,1902	  x8:0xc0020812 x13=0x00000002
     324095.000 ns	     32408	80006b18	0295cbb3	div	x23,x11,x9	 x11:0x14dcf000  x9:0x80040fe4 x23=0x00000000
     324125.000 ns	     32411	80006b1c	21928bd3	fsgnj.s	f23,f5,f25	  f5:0x80000000 f25:0x00000000 f23=0x00000000
     324145.000 ns	     32413	80006b20	caa8fb13	andi	x22,x17,-854	 x17:0x3ffdf7ee x22=0x3ffdf4aa
     324155.000 ns	     32414	80006b24	00fc6033	or	x0,x24,x15	 x24:0x00000001 x15:0x80041024
     324515.000 ns	     32450	80006b28	038f75b3	remu	x11,x30,x24	 x30:0x00000000 x24:0x00000001 x11=0x00000000
     324535.000 ns	     32452	80006b2c	00d11313	slli	x6,x2,0xd	  x2:0x00000000  x6=0x00000000
     324555.000 ns	     32454	80006b30	280304d3	fmin.s	f9,f6,f0	  f6:0xcefff7df  f0:0x92ab17f6  f9=0xcefff7df
     324575.000 ns	     32456	80006b34	d1082a13	slti	x20,x16,-752	 x16:0x80000000 x20=0x00000001
     324595.000 ns	     32458	80006b38	c00b2353	fcvt.w.s	x6,f22	 f22:0x92ab17f6  x6=0x00000000
     324615.000 ns	     32460	80006b3c	003976b3	and	x13,x18,x3	 x18:0x00000000  x3:0xfb971466 x13=0x00000000
     324625.000 ns	     32461	80006b40	12a96813	ori	x16,x18,298	 x18:0x00000000 x16=0x0000012a
     324635.000 ns	     32462	80006b44	2d139eb7	lui	x29,0x2d139	 x29=0x2d139000
     324665.000 ns	     32465	80006b48	198cf753	fdiv.s	f14,f25,f24	 f25:0x00000000 f24:0x80000000 f14=0x7fc00000
     324685.000 ns	     32467	80006b4c	1ec4ca13	xori	x20,x9,492	  x9:0x80040fe4 x20=0x80040e08
     324705.000 ns	     32469	80006b50	a1f012d3	flt.s	x5,f0,f31	  f0:0x92ab17f6 f31:0x80041024  x5=0x00000001
     324735.000 ns	     32472	80006b54	02dcee33	rem	x28,x25,x13	 x25:0x9a07254c x13:0x00000000 x28=0x9a07254c
     324755.000 ns	     32474	80006b58	415cad13	slti	x26,x25,1045	 x25:0x9a07254c x26=0x00000001
     324775.000 ns	     32476	80006b5c	c009ff53	fcvt.w.s	x30,f19	 f19:0x7fc00000 x30=0x7fffffff
     324805.000 ns	     32479	80006b60	02630133	mul	x2,x6,x6	  x6:0x00000000  x6:0x00000000  x2=0x00000000
     324825.000 ns	     32481	80006b64	0152fbb3	and	x23,x5,x21	  x5:0x00000001 x21:0x80041024 x23=0x00000000
     324835.000 ns	     32482	80006b68	f73c97b7	lui	x15,0xf73c9	 x15=0xf73c9000
     324855.000 ns	     32484	80006b6c	a1d50653	fle.s	x12,f10,f29	 f10:0x43400000 f29:0x00000000 x12=0x00000000
     324875.000 ns	     32486	80006b70	012213b3	sll	x7,x4,x18	  x4:0x00000001 x18:0x00000000  x7=0x00000001
     324895.000 ns	     32488	80006b74	c0037653	fcvt.w.s	x12,f6	  f6:0xcefff7df x12=0x7ffbef80
     324915.000 ns	     32490	80006b78	c3573393	sltiu	x7,x14,-971	 x14:0x00000000  x7=0x00000001
     324925.000 ns	     32491	80006b7c	008fb833	sltu	x16,x31,x8	 x31:0x00000000  x8:0xc0020812 x16=0x00000001
     325285.000 ns	     32527	80006b80	03c159b3	divu	x19,x2,x28	  x2:0x00000000 x28:0x9a07254c x19=0x00000000
     325315.000 ns	     32530	80006b84	02962633	mulhsu	x12,x12,x9	 x12:0x7ffbef80  x9:0x80040fe4 x12=0x3fffffa1
     325345.000 ns	     32533	80006b88	03f49133	mulh	x2,x9,x31	  x9:0x80040fe4 x31:0x00000000  x2=0x00000000
     325375.000 ns	     32536	80006b8c	21c40a53	fsgnj.s	f20,f8,f28	  f8:0x7f800000 f28:0x00000000 f20=0x7f800000
     325415.000 ns	     32540	80006b90	5803f7d3	fsqrt.s	f15,f7	  f7:0x00000000 f15=0x00000000
     325455.000 ns	     32544	80006b94	5809c653	fsqrt.s	f12,f19	 f19:0x7fc00000 f12=0x7fc00000
     325475.000 ns	     32546	80006b98	41ddd413	srai	x8,x27,0x1d	 x27:0x00000000  x8=0x00000000
     325495.000 ns	     32548	80006b9c	d01c0c53	fcvt.s.wu	f24,x24	 x24:0x00000001 f24=0x3f800000
     325515.000 ns	     32550	80006ba0	41745bb3	sra	x23,x8,x23	  x8:0xc0020812 x23:0x00000000 x23=0x00000000
     325525.000 ns	     32551	80006ba4	0062db33	srl	x22,x5,x6	  x5:0x00000001  x6:0x00000000 x22=0x00000001
     325545.000 ns	     32553	80006ba8	c00e72d3	fcvt.w.s	x5,f28	 f28:0x00000000  x5=0x00000000
     325565.000 ns	     32555	80006bac	7b624893	xori	x17,x4,1974	  x4:0x00000001 x17=0x000007b7
     325585.000 ns	     32557	80006bb0	a05a0453	fle.s	x8,f20,f5	 f20:0x7f800000  f5:0x80000000  x8=0x00000000
     325605.000 ns	     32559	80006bb4	40075593	srai	x11,x14,0x0	 x14:0x00000000 x11=0x00000000
     325615.000 ns	     32560	80006bb8	01a6c433	xor	x8,x13,x26	 x13:0x00000000 x26:0x00000001  x8=0x00000001
     325625.000 ns	     32561	80006bbc	0195edb3	or	x27,x11,x25	 x11:0x00000000 x25:0x9a07254c x27=0x9a07254c
     325635.000 ns	     32562	80006bc0	c1797393	andi	x7,x18,-1001	 x18:0x00000000  x7=0x00000000
     325655.000 ns	     32564	80006bc4	c014f9d3	fcvt.wu.s	x19,f9	  f9:0xcefff7df x19=0x7ffbef80
     325685.000 ns	     32567	80006bc8	a0b0a6d3	feq.s	x13,f1,f11	  f1:0x7f800000 f11:0x00000000 x13=0x00000000
     325715.000 ns	     32570	80006bcc	291c8953	fmin.s	f18,f25,f17	 f25:0x00000000 f17:0x3f800000 f18=0x00000000
     325755.000 ns	     32574	80006bd0	5802fa53	fsqrt.s	f20,f5	  f5:0x80000000 f20=0x80000000
     325785.000 ns	     32577	80006bd4	e0028c53	fmv.x.w	x24,f5	  f5:0x80000000 x24=0x80000000
     325805.000 ns	     32579	80006bd8	56d38213	addi	x4,x7,1389	  x7:0x00000000  x4=0x0000056d
     325815.000 ns	     32580	80006bdc	84530437	lui	x8,0x84530	  x8=0x84530000
     325835.000 ns	     32582	80006be0	f00d0353	fmv.w.x	f6,x26	 x26:0x00000001  f6=0x00000001
     326205.000 ns	     32619	80006be4	023c4133	div	x2,x24,x3	 x24:0x80000000  x3:0xfb971466  x2=0x0000001d
     326235.000 ns	     32622	80006be8	296f9b53	fmax.s	f22,f31,f22	 f31:0x80041024 f22:0x92ab17f6 f22=0x80041024
     326605.000 ns	     32659	80006bec	03af46b3	div	x13,x30,x26	 x30:0x7fffffff x26:0x00000001 x13=0x7fffffff
     326635.000 ns	     32662	80006bf0	213802d3	fsgnj.s	f5,f16,f19	 f16:0x3f7fff38 f19:0x7fc00000  f5=0x3f7fff38
     326665.000 ns	     32665	80006bf4	c01d0553	fcvt.wu.s	x10,f26	 f26:0x3f800000 x10=0x00000001
     326685.000 ns	     32667	80006bf8	40645f13	srai	x30,x8,0x6	  x8:0x84530000 x30=0xfe114c00
     326705.000 ns	     32669	80006bfc	0381abb3	mulhsu	x23,x3,x24	  x3:0xfb971466 x24:0x80000000 x23=0xfdcb8a33
     326755.000 ns	     32674	80006c00	096073d3	fsub.s	f7,f0,f22	  f0:0x92ab17f6 f22:0x80041024  f7=0x92ab17f5
     326785.000 ns	     32677	80006c04	d01394d3	fcvt.s.wu	f9,x7	  x7:0x00000000  f9=0x00000000
     326805.000 ns	     32679	80006c08	01e747b3	xor	x15,x14,x30	 x14:0x00000000 x30:0xfe114c00 x15=0xfe114c00
     326845.000 ns	     32683	80006c0c	01af9253	fadd.s	f4,f31,f26	 f31:0x80041024 f26:0x3f800000  f4=0x3f800000
     327215.000 ns	     32720	80006c10	02c4dc33	divu	x24,x9,x12	  x9:0x80040fe4 x12:0x3fffffa1 x24=0x00000002
     327235.000 ns	     32722	80006c14	26bceb93	ori	x23,x25,619	 x25:0x9a07254c x23=0x9a07276f
     327245.000 ns	     32723	80006c18	0189a433	slt	x8,x19,x24	 x19:0x7ffbef80 x24:0x00000002  x8=0x00000000
     327255.000 ns	     32724	80006c1c	89166f93	ori	x31,x12,-1903	 x12:0x3fffffa1 x31=0xffffffb1
     327275.000 ns	     32726	80006c20	02b82e33	mulhsu	x28,x16,x11	 x16:0x00000001 x11:0x00000000 x28=0x00000000
     327305.000 ns	     32729	80006c24	21ca07d3	fsgnj.s	f15,f20,f28	 f20:0x80000000 f28:0x00000000 f15=0x00000000
     327325.000 ns	     32731	80006c28	769c4a13	xori	x20,x24,1897	 x24:0x00000002 x20=0x0000076b
     327335.000 ns	     32732	80006c2c	00de0633	add	x12,x28,x13	 x28:0x00000000 x13:0x7fffffff x12=0x7fffffff
     327355.000 ns	     32734	80006c30	c00ffb53	fcvt.w.s	x22,f31	 f31:0x80041024 x22=0x00000000
     327385.000 ns	     32737	80006c34	c01177d3	fcvt.wu.s	x15,f2	  f2:0x00000000 x15=0x00000000
     327415.000 ns	     32740	80006c38	c01a8853	fcvt.wu.s	x16,f21	 f21:0x00000000 x16=0x00000000
     328595.000 ns	     32858	80006c3c	58027e53	fsqrt.s	f28,f4	  f4:0x3f800000 f28=0x3f7fffae
     328625.000 ns	     32861	80006c40	20a00853	fsgnj.s	f16,f0,f10	  f0:0x92ab17f6 f10:0x43400000 f16=0x12ab17f6
     328645.000 ns	     32863	80006c44	00f6ce33	xor	x28,x13,x15	 x13:0x7fffffff x15:0x00000000 x28=0x7fffffff
     328665.000 ns	     32865	80006c48	f0000a53	fmv.w.x	f20,x0	  x0:0x00000000 f20=0x00000000
     329035.000 ns	     32902	80006c4c	03b24333	div	x6,x4,x27	  x4:0x0000056d x27:0x9a07254c  x6=0x00000000
     329055.000 ns	     32904	80006c50	00a208b3	add	x17,x4,x10	  x4:0x0000056d x10:0x00000001 x17=0x0000056e
     329075.000 ns	     32906	80006c54	d00dbe53	fcvt.s.w	f28,x27	 x27:0x9a07254c f28=0xcecbf1b6
     329095.000 ns	     32908	80006c58	00619613	slli	x12,x3,0x6	  x3:0xfb971466 x12=0xe5c51980
     329105.000 ns	     32909	80006c5c	d2dca413	slti	x8,x25,-723	 x25:0x9a07254c  x8=0x00000001
     329115.000 ns	     32910	80006c60	d205e5b7	lui	x11,0xd205e	 x11=0xd205e000
     329135.000 ns	     32912	80006c64	a1f3a5d3	feq.s	x11,f7,f31	  f7:0x92ab17f5 f31:0x80041024 x11=0x00000000
     329155.000 ns	     32914	80006c68	013ddf93	srli	x31,x27,0x13	 x27:0x9a07254c x31=0x00001340
     329175.000 ns	     32916	80006c6c	f00887d3	fmv.w.x	f15,x17	 x17:0x0000056e f15=0x0000056e
     329195.000 ns	     32918	80006c70	22167093	andi	x1,x12,545	 x12:0xe5c51980  x1=0x00000000
     329215.000 ns	     32920	80006c74	020599b3	mulh	x19,x11,x0	 x11:0x00000000  x0:0x00000000 x19=0x00000000
     329235.000 ns	     32922	80006c78	418b8e33	sub	x28,x23,x24	 x23:0x9a07276f x24:0x00000002 x28=0x9a07276d
     330405.000 ns	     33039	80006c7c	5807a5d3	fsqrt.s	f11,f15	 f15:0x0000056e f11=0x1f350c32
     330435.000 ns	     33042	80006c80	d016f5d3	fcvt.s.wu	f11,x13	 x13:0x7fffffff f11=0x4effffff
     330465.000 ns	     33045	80006c84	21ee1e53	fsgnjn.s	f28,f28,f30	 f28:0xcecbf1b6 f30:0xff800000 f28=0x4ecbf1b6
     330485.000 ns	     33047	80006c88	0495c593	xori	x11,x11,73	 x11:0x00000000 x11=0x00000049
     330495.000 ns	     33048	80006c8c	00eceb33	or	x22,x25,x14	 x25:0x9a07254c x14:0x00000000 x22=0x9a07254c
     330505.000 ns	     33049	80006c90	00115293	srli	x5,x2,0x1	  x2:0x0000001d  x5=0x0000000e
     330515.000 ns	     33050	80006c94	01270233	add	x4,x14,x18	 x14:0x00000000 x18:0x00000000  x4=0x00000000
     330535.000 ns	     33052	80006c98	2188ae53	fsgnjx.s	f28,f17,f24	 f17:0x3f800000 f24:0x3f800000 f28=0x3f800000
     330565.000 ns	     33055	80006c9c	02087eb3	remu	x29,x16,x0	 x16:0x00000000  x0:0x00000000 x29=0x00000000
     330935.000 ns	     33092	80006ca0	034fc433	div	x8,x31,x20	 x31:0x00001340 x20:0x0000076b  x8=0x00000002
     330965.000 ns	     33095	80006ca4	03272a33	mulhsu	x20,x14,x18	 x14:0x00000000 x18:0x00000000 x20=0x00000000
     330985.000 ns	     33097	80006ca8	01b6c533	xor	x10,x13,x27	 x13:0x7fffffff x27:0x9a07254c x10=0xe5f8dab3
     331345.000 ns	     33133	80006cac	0234ceb3	div	x29,x9,x3	  x9:0x80040fe4  x3:0xfb971466 x29=0x0000001d
     331375.000 ns	     33136	80006cb0	21ce0053	fsgnj.s	f0,f28,f28	 f28:0x3f800000 f28:0x3f800000  f0=0x3f800000
     331395.000 ns	     33138	80006cb4	003f0533	add	x10,x30,x3	 x30:0xfe114c00  x3:0xfb971466 x10=0xf9a86066
     331405.000 ns	     33139	80006cb8	00bf4f33	xor	x30,x30,x11	 x30:0xfe114c00 x11:0x00000049 x30=0xfe114c49
     331415.000 ns	     33140	80006cbc	00000013	addi	x0,x0,0	  x0:0x00000000
     331425.000 ns	     33141	80006cc0	01e42e33	slt	x28,x8,x30	  x8:0x00000002 x30:0xfe114c00 x28=0x00000000
     331435.000 ns	     33142	80006cc4	01ae5993	srli	x19,x28,0x1a	 x28:0x9a07276d x19=0x00000000
     331445.000 ns	     33143	80006cc8	0108d6b3	srl	x13,x17,x16	 x17:0x0000056e x16:0x00000000 x13=0x0000056e
     331455.000 ns	     33144	80006ccc	4186df93	srai	x31,x13,0x18	 x13:0x7fffffff x31=0x00000000
     331475.000 ns	     33146	80006cd0	c014f1d3	fcvt.wu.s	x3,f9	  f9:0x00000000  x3=0x00000000
     331495.000 ns	     33148	80006cd4	01a7b933	sltu	x18,x15,x26	 x15:0x00000000 x26:0x00000001 x18=0x00000001
     331505.000 ns	     33149	80006cd8	01ce9a33	sll	x20,x29,x28	 x29:0x0000001d x28:0x00000000 x20=0x0000001d
     331515.000 ns	     33150	80006cdc	00bf1213	slli	x4,x30,0xb	 x30:0xfe114c49  x4=0x8a624800
     331525.000 ns	     33151	80006ce0	c7908713	addi	x14,x1,-903	  x1:0x00000000 x14=0xfffffc79
     331535.000 ns	     33152	80006ce4	015c2233	slt	x4,x24,x21	 x24:0x00000002 x21:0x80041024  x4=0x00000000
     331555.000 ns	     33154	80006ce8	039abd33	mulhu	x26,x21,x25	 x21:0x80041024 x25:0x9a07254c x26=0x4d060478
     331595.000 ns	     33158	80006cec	580e9dd3	fsqrt.s	f27,f29	 f29:0x00000000 f27=0x00000000
     331615.000 ns	     33160	80006cf0	003dc633	xor	x12,x27,x3	 x27:0x9a07254c  x3:0x00000000 x12=0x9a07254c
     331635.000 ns	     33162	80006cf4	02529533	mulh	x10,x5,x5	  x5:0x0000000e  x5:0x0000000e x10=0x00000000
     331665.000 ns	     33165	80006cf8	e0029953	fclass.s	x18,f5	  f5:0x3f7fff38 x18=0x00000040
     331695.000 ns	     33168	80006cfc	a04b1a53	flt.s	x20,f22,f4	 f22:0x80041024  f4:0x3f800000 x20=0x00000001
     331715.000 ns	     33170	80006d00	01e84db3	xor	x27,x16,x30	 x16:0x00000000 x30:0xfe114c49 x27=0xfe114c49
     331755.000 ns	     33174	80006d04	098605d3	fsub.s	f11,f12,f24	 f12:0x7fc00000 f24:0x3f800000 f11=0x7fc00000
     331775.000 ns	     33176	80006d08	7e393e13	sltiu	x28,x18,2019	 x18:0x00000040 x28=0x00000001
     331785.000 ns	     33177	80006d0c	017b2333	slt	x6,x22,x23	 x22:0x9a07254c x23:0x9a07276f  x6=0x00000001
     332145.000 ns	     33213	80006d10	025f6fb3	rem	x31,x30,x5	 x30:0xfe114c49  x5:0x0000000e x31=0xfffffff5
     332175.000 ns	     33216	80006d14	033b9fb3	mulh	x31,x23,x19	 x23:0x9a07276f x19:0x00000000 x31=0x00000000
     332215.000 ns	     33220	80006d18	113c7dd3	fmul.s	f27,f24,f19	 f24:0x3f800000 f19:0x7fc00000 f27=0x7fc00000
     332245.000 ns	     33223	80006d1c	201faf53	fsgnjx.s	f30,f31,f1	 f31:0x80041024  f1:0x7f800000 f30=0x80041024
     332265.000 ns	     33225	80006d20	0173db93	srli	x23,x7,0x17	  x7:0x00000000 x23=0x00000000
     332285.000 ns	     33227	80006d24	e00b05d3	fmv.x.w	x11,f22	 f22:0x80041024 x11=0x80041024
     333465.000 ns	     33345	80006d28	5808b5d3	fsqrt.s	f11,f17	 f17:0x3f800000 f11=0x3f7fffae
     333495.000 ns	     33348	80006d2c	e0048a53	fmv.x.w	x20,f9	  f9:0x00000000 x20=0x00000000
     333525.000 ns	     33351	80006d30	02305333	divu	x6,x0,x3	  x0:0x00000000  x3:0x00000000  x6=0xffffffff
     333555.000 ns	     33354	80006d34	024f35b3	mulhu	x11,x30,x4	 x30:0xfe114c49  x4:0x00000000 x11=0x00000000
     333585.000 ns	     33357	80006d38	c01b20d3	fcvt.wu.s	x1,f22	 f22:0x80041024  x1=0x00000000
     333615.000 ns	     33360	80006d3c	d0139cd3	fcvt.s.wu	f25,x7	  x7:0x00000000 f25=0x00000000
     333655.000 ns	     33364	80006d40	113876d3	fmul.s	f13,f16,f19	 f16:0x12ab17f6 f19:0x7fc00000 f13=0x7fc00000
     333695.000 ns	     33368	80006d44	198efbd3	fdiv.s	f23,f29,f24	 f29:0x00000000 f24:0x3f800000 f23=0x00000000
     333725.000 ns	     33371	80006d48	212eac53	fsgnjx.s	f24,f29,f18	 f29:0x00000000 f18:0x00000000 f24=0x00000000
     333755.000 ns	     33374	80006d4c	293802d3	fmin.s	f5,f16,f19	 f16:0x12ab17f6 f19:0x7fc00000  f5=0x12ab17f6
     333775.000 ns	     33376	80006d50	35b7d917	auipc	x18,0x35b7d	 x18=0xb5b83d50
     333785.000 ns	     33377	80006d54	d4677297	auipc	x5,0xd4677	  x5=0x5467dd54
     333815.000 ns	     33380	80006d58	11dc8e53	fmul.s	f28,f25,f29	 f25:0x00000000 f29:0x00000000 f28=0x00000000
     333845.000 ns	     33383	80006d5c	a1850553	fle.s	x10,f10,f24	 f10:0x43400000 f24:0x00000000 x10=0x00000000
     333865.000 ns	     33385	80006d60	005c7933	and	x18,x24,x5	 x24:0x00000002  x5:0x5467dd54 x18=0x00000000
     333885.000 ns	     33387	80006d64	a1bb9d53	flt.s	x26,f23,f27	 f23:0x00000000 f27:0x7fc00000 x26=0x00000000
     333915.000 ns	     33390	80006d68	28af86d3	fmin.s	f13,f31,f10	 f31:0x80041024 f10:0x43400000 f13=0x80041024
     333965.000 ns	     33395	80006d6c	019bf9d3	fadd.s	f19,f23,f25	 f23:0x00000000 f25:0x00000000 f19=0x00000000
     333985.000 ns	     33397	80006d70	549dad13	slti	x26,x27,1353	 x27:0xfe114c49 x26=0x00000001
     333995.000 ns	     33398	80006d74	708fb913	sltiu	x18,x31,1800	 x31:0x00000000 x18=0x00000001
     334005.000 ns	     33399	80006d78	01e96333	or	x6,x18,x30	 x18:0x00000000 x30:0xfe114c49  x6=0xfe114c49
     334025.000 ns	     33401	80006d7c	035b2f33	mulhsu	x30,x22,x21	 x22:0x9a07254c x21:0x80041024 x30=0xcd01f454
     334055.000 ns	     33404	80006d80	d012ba53	fcvt.s.wu	f20,x5	  x5:0x5467dd54 f20=0x4ea8cfbb
     334085.000 ns	     33407	80006d84	e00417d3	fclass.s	x15,f8	  f8:0x7f800000 x15=0x00000080
     334115.000 ns	     33410	80006d88	0346bdb3	mulhu	x27,x13,x20	 x13:0x0000056e x20:0x00000000 x27=0x00000000
     334135.000 ns	     33412	80006d8c	0053f7b3	and	x15,x7,x5	  x7:0x00000000  x5:0x5467dd54 x15=0x00000000
     334145.000 ns	     33413	80006d90	ea884893	xori	x17,x16,-344	 x16:0x00000000 x17=0xfffffea8
     334155.000 ns	     33414	80006d94	41904f13	xori	x30,x0,1049	  x0:0x00000000 x30=0x00000419
     334165.000 ns	     33415	80006d98	60eeaf13	slti	x30,x29,1550	 x29:0x0000001d x30=0x00000001
     334195.000 ns	     33418	80006d9c	182512d3	fdiv.s	f5,f10,f2	 f10:0x43400000  f2:0x00000000  f5=0x7f800000
     334215.000 ns	     33420	80006da0	b93d0393	addi	x7,x26,-1133	 x26:0x00000001  x7=0xfffffb94
     334235.000 ns	     33422	80006da4	a03c0953	fle.s	x18,f24,f3	 f24:0x00000000  f3:0x00000000 x18=0x00000001
     334265.000 ns	     33425	80006da8	a0a798d3	flt.s	x17,f15,f10	 f15:0x0000056e f10:0x43400000 x17=0x00000001
     334295.000 ns	     33428	80006dac	29808253	fmin.s	f4,f1,f24	  f1:0x7f800000 f24:0x00000000  f4=0x00000000
     334665.000 ns	     33465	80006db0	031946b3	div	x13,x18,x17	 x18:0x00000001 x17:0x00000001 x13=0x00000001
     334685.000 ns	     33467	80006db4	0032de33	srl	x28,x5,x3	  x5:0x5467dd54  x3:0x00000000 x28=0x5467dd54
     334695.000 ns	     33468	80006db8	0194d913	srli	x18,x9,0x19	  x9:0x80040fe4 x18=0x00000040
     334705.000 ns	     33469	80006dbc	011e5a13	srli	x20,x28,0x11	 x28:0x00000001 x20=0x00002a33
     334715.000 ns	     33470	80006dc0	00000013	addi	x0,x0,0	  x0:0x00000000
     334725.000 ns	     33471	80006dc4	00d93913	sltiu	x18,x18,13	 x18:0x00000040 x18=0x00000000
     334735.000 ns	     33472	80006dc8	01389fb3	sll	x31,x17,x19	 x17:0x00000001 x19:0x00000000 x31=0x00000001
     334755.000 ns	     33474	80006dcc	c00cfd53	fcvt.w.s	x26,f25	 f25:0x00000000 x26=0x00000000
     334775.000 ns	     33476	80006dd0	017da8b3	slt	x17,x27,x23	 x27:0x00000000 x23:0x00000000 x17=0x00000000
     335135.000 ns	     33512	80006dd4	02c8f133	remu	x2,x17,x12	 x17:0x00000001 x12:0x9a07254c  x2=0x00000000
     335155.000 ns	     33514	80006dd8	00201033	sll	x0,x0,x2	  x0:0x00000000  x2:0x0000001d
     335515.000 ns	     33550	80006ddc	03814db3	div	x27,x2,x24	  x2:0x00000000 x24:0x00000002 x27=0x00000000
     335545.000 ns	     33553	80006de0	d01c9153	fcvt.s.wu	f2,x25	 x25:0x9a07254c  f2=0x4f1a0725
     335575.000 ns	     33556	80006de4	02509d33	mulh	x26,x1,x5	  x1:0x00000000  x5:0x5467dd54 x26=0x00000000
     335595.000 ns	     33558	80006de8	4045df93	srai	x31,x11,0x4	 x11:0x00000000 x31=0x00000000
     335605.000 ns	     33559	80006dec	1adfcb93	xori	x23,x31,429	 x31:0x00000001 x23=0x000001ad
     335625.000 ns	     33561	80006df0	a00e1553	flt.s	x10,f28,f0	 f28:0x00000000  f0:0x3f800000 x10=0x00000001
     335645.000 ns	     33563	80006df4	0043bf33	sltu	x30,x7,x4	  x7:0xfffffb94  x4:0x00000000 x30=0x00000000
     335675.000 ns	     33566	80006df8	11e0fbd3	fmul.s	f23,f1,f30	  f1:0x7f800000 f30:0x80041024 f23=0xff800000
     335695.000 ns	     33568	80006dfc	00a41133	sll	x2,x8,x10	  x8:0x00000002 x10:0x00000001  x2=0x00000004
     335715.000 ns	     33570	80006e00	c017ffd3	fcvt.wu.s	x31,f15	 f15:0x0000056e x31=0x00000000
     335765.000 ns	     33575	80006e04	09597253	fsub.s	f4,f18,f21	 f18:0x00000000 f21:0x00000000  f4=0x80000000
     335795.000 ns	     33578	80006e08	c01578d3	fcvt.wu.s	x17,f10	 f10:0x43400000 x17=0x000000c0
     335815.000 ns	     33580	80006e0c	01ce03b3	add	x7,x28,x28	 x28:0x5467dd54 x28:0x5467dd54  x7=0xa8cfbaa8
     335835.000 ns	     33582	80006e10	03f52c33	mulhsu	x24,x10,x31	 x10:0x00000001 x31:0x00000000 x24=0x00000000
     335865.000 ns	     33585	80006e14	291c8a53	fmin.s	f20,f25,f17	 f25:0x00000000 f17:0x3f800000 f20=0x00000000
     335895.000 ns	     33588	80006e18	c012a753	fcvt.wu.s	x14,f5	  f5:0x7f800000 x14=0xffffffff
     335925.000 ns	     33591	80006e1c	299913d3	fmax.s	f7,f18,f25	 f18:0x00000000 f25:0x00000000  f7=0x00000000
     335955.000 ns	     33594	80006e20	2066a753	fsgnjx.s	f14,f13,f6	 f13:0x80041024  f6:0x00000001 f14=0x80041024
     335985.000 ns	     33597	80006e24	0219cc33	div	x24,x19,x1	 x19:0x00000000  x1:0x00000000 x24=0xffffffff
     336015.000 ns	     33600	80006e28	f00c08d3	fmv.w.x	f17,x24	 x24:0x00000000 f17=0xffffffff
     336045.000 ns	     33603	80006e2c	f00b01d3	fmv.w.x	f3,x22	 x22:0x9a07254c  f3=0x9a07254c
     336075.000 ns	     33606	80006e30	28c38cd3	fmin.s	f25,f7,f12	  f7:0x00000000 f12:0x7fc00000 f25=0x00000000
     336125.000 ns	     33611	80006e34	00f67c53	fadd.s	f24,f12,f15	 f12:0x7fc00000 f15:0x0000056e f24=0x7fc00000
     336145.000 ns	     33613	80006e38	00000013	addi	x0,x0,0	  x0:0x00000000
     336175.000 ns	     33616	80006e3c	18fe1f53	fdiv.s	f30,f28,f15	 f28:0x00000000 f15:0x0000056e f30=0x00000000
     336195.000 ns	     33618	80006e40	c5a910b7	lui	x1,0xc5a91	  x1=0xc5a91000
     336205.000 ns	     33619	80006e44	9c9b4d17	auipc	x26,0x9c9b4	 x26=0x1c9bae44
     336215.000 ns	     33620	80006e48	0aa52697	auipc	x13,0xaa52	 x13=0x8aa58e48
     336225.000 ns	     33621	80006e4c	50a30397	auipc	x7,0x50a30	  x7=0xd0a36e4c
     336245.000 ns	     33623	80006e50	d01c3e53	fcvt.s.wu	f28,x24	 x24:0xffffffff f28=0x4f800000
     336265.000 ns	     33625	80006e54	4188df13	srai	x30,x17,0x18	 x17:0x000000c0 x30=0x00000000
     336305.000 ns	     33629	80006e58	00fe75d3	fadd.s	f11,f28,f15	 f28:0x4f800000 f15:0x0000056e f11=0x4f800000
     336325.000 ns	     33631	80006e5c	ffc5c0b7	lui	x1,0xffc5c	  x1=0xffc5c000
     336335.000 ns	     33632	80006e60	6aea2213	slti	x4,x20,1710	 x20:0x00002a33  x4=0x00000000
     336355.000 ns	     33634	80006e64	204b83d3	fsgnj.s	f7,f23,f4	 f23:0xff800000  f4:0x80000000  f7=0xff800000
     336375.000 ns	     33636	80006e68	0137a333	slt	x6,x15,x19	 x15:0x00000000 x19:0x00000000  x6=0x00000000
     336385.000 ns	     33637	80006e6c	00000013	addi	x0,x0,0	  x0:0x00000000
     336395.000 ns	     33638	80006e70	00125113	srli	x2,x4,0x1	  x4:0x00000000  x2=0x00000000
     336405.000 ns	     33639	80006e74	01ddd5b3	srl	x11,x27,x29	 x27:0x00000000 x29:0x0000001d x11=0x00000000
     336415.000 ns	     33640	80006e78	18cc2197	auipc	x3,0x18cc2	  x3=0x98cc8e78
     336425.000 ns	     33641	80006e7c	01776133	or	x2,x14,x23	 x14:0xffffffff x23:0x000001ad  x2=0xffffffff
     336445.000 ns	     33643	80006e80	d0130853	fcvt.s.wu	f16,x6	  x6:0x00000000 f16=0x00000000
     336475.000 ns	     33646	80006e84	a1041bd3	flt.s	x23,f8,f16	  f8:0x7f800000 f16:0x12ab17f6 x23=0x00000000
     336495.000 ns	     33648	80006e88	00c6a333	slt	x6,x13,x12	 x13:0x8aa58e48 x12:0x9a07254c  x6=0x00000001
     336515.000 ns	     33650	80006e8c	c00b78d3	fcvt.w.s	x17,f22	 f22:0x80041024 x17=0x00000000
     336565.000 ns	     33655	80006e90	00792253	fadd.s	f4,f18,f7	 f18:0x00000000  f7:0xff800000  f4=0xff800000
     336595.000 ns	     33658	80006e94	e0068bd3	fmv.x.w	x23,f13	 f13:0x80041024 x23=0x80041024
     336625.000 ns	     33661	80006e98	28911153	fmax.s	f2,f2,f9	  f2:0x4f1a0725  f9:0x00000000  f2=0x4f1a0725
     336655.000 ns	     33664	80006e9c	21a580d3	fsgnj.s	f1,f11,f26	 f11:0x4f800000 f26:0x3f800000  f1=0x4f800000
     336675.000 ns	     33666	80006ea0	00761f33	sll	x30,x12,x7	 x12:0x9a07254c  x7:0xd0a36e4c x30=0x7254c000
     336695.000 ns	     33668	80006ea4	a0fd1e53	flt.s	x28,f26,f15	 f26:0x3f800000 f15:0x0000056e x28=0x00000000
     336715.000 ns	     33670	80006ea8	004081b3	add	x3,x1,x4	  x1:0xffc5c000  x4:0x00000000  x3=0xffc5c000
     336735.000 ns	     33672	80006eac	e00b80d3	fmv.x.w	x1,f23	 f23:0xff800000  x1=0xff800000
     336765.000 ns	     33675	80006eb0	02920333	mul	x6,x4,x9	  x4:0x00000000  x9:0x80040fe4  x6=0x00000000
     336785.000 ns	     33677	80006eb4	00375db3	srl	x27,x14,x3	 x14:0xffffffff  x3:0xffc5c000 x27=0xffffffff
     336795.000 ns	     33678	80006eb8	aa6ff393	andi	x7,x31,-1370	 x31:0x00000000  x7=0x00000000
     336815.000 ns	     33680	80006ebc	a00a0753	fle.s	x14,f20,f0	 f20:0x00000000  f0:0x3f800000 x14=0x00000001
     337185.000 ns	     33717	80006ec0	0342d333	divu	x6,x5,x20	  x5:0x5467dd54 x20:0x00002a33  x6=0x0002000b
     337205.000 ns	     33719	80006ec4	01bc4db3	xor	x27,x24,x27	 x24:0xffffffff x27:0xffffffff x27=0x00000000
     337565.000 ns	     33755	80006ec8	025fe133	rem	x2,x31,x5	 x31:0x00000000  x5:0x5467dd54  x2=0x00000000
     337615.000 ns	     33760	80006ecc	09cdf1d3	fsub.s	f3,f27,f28	 f27:0x7fc00000 f28:0x4f800000  f3=0x7fc00000
     337645.000 ns	     33763	80006ed0	02db8033	mul	x0,x23,x13	 x23:0x80041024 x13:0x8aa58e48
     337675.000 ns	     33766	80006ed4	033218b3	mulh	x17,x4,x19	  x4:0x00000000 x19:0x00000000 x17=0x00000000
     337705.000 ns	     33769	80006ed8	c015ae53	fcvt.wu.s	x28,f11	 f11:0x4f800000 x28=0x00000000
     337725.000 ns	     33771	80006edc	0168ffb3	and	x31,x17,x22	 x17:0x00000000 x22:0x9a07254c x31=0x00000000
     337745.000 ns	     33773	80006ee0	c0097f53	fcvt.w.s	x30,f18	 f18:0x00000000 x30=0x00000000
     337775.000 ns	     33776	80006ee4	206203d3	fsgnj.s	f7,f4,f6	  f4:0xff800000  f6:0x00000001  f7=0x7f800000
     337805.000 ns	     33779	80006ee8	a1b997d3	flt.s	x15,f19,f27	 f19:0x00000000 f27:0x7fc00000 x15=0x00000000
     337825.000 ns	     33781	80006eec	010d1b93	slli	x23,x26,0x10	 x26:0x1c9bae44 x23=0xae440000
     337835.000 ns	     33782	80006ef0	0006f3b3	and	x7,x13,x0	 x13:0x8aa58e48  x0:0x00000000  x7=0x00000000
     337845.000 ns	     33783	80006ef4	00c80833	add	x16,x16,x12	 x16:0x00000000 x12:0x9a07254c x16=0x9a07254c
     337855.000 ns	     33784	80006ef8	54e42817	auipc	x16,0x54e42	 x16=0xd4e48ef8
     337865.000 ns	     33785	80006efc	7a02c617	auipc	x12,0x7a02c	 x12=0xfa032efc
     337875.000 ns	     33786	80006f00	404dd433	sra	x8,x27,x4	 x27:0x00000000  x4:0x00000000  x8=0x00000000
     338235.000 ns	     33822	80006f04	02a2fdb3	remu	x27,x5,x10	  x5:0x5467dd54 x10:0x00000001 x27=0x00000000
     338255.000 ns	     33824	80006f08	2e410717	auipc	x14,0x2e410	 x14=0xae416f08
     338265.000 ns	     33825	80006f0c	00b80433	add	x8,x16,x11	 x16:0xd4e48ef8 x11:0x00000000  x8=0xd4e48ef8
     338275.000 ns	     33826	80006f10	00000013	addi	x0,x0,0	  x0:0x00000000
     338295.000 ns	     33828	80006f14	03254533	div	x10,x10,x18	 x10:0x00000001 x18:0x00000000 x10=0xffffffff
     338325.000 ns	     33831	80006f18	c01aa653	fcvt.wu.s	x12,f21	 f21:0x00000000 x12=0x00000000
     338345.000 ns	     33833	80006f1c	002e2333	slt	x6,x28,x2	 x28:0x00000000  x2:0x00000000  x6=0x00000000
     338355.000 ns	     33834	80006f20	01dbd993	srli	x19,x23,0x1d	 x23:0xae440000 x19=0x00000005
     338395.000 ns	     33838	80006f24	0051bdd3	fadd.s	f27,f3,f5	  f3:0x7fc00000  f5:0x7f800000 f27=0x7fc00000
     338425.000 ns	     33841	80006f28	a11a8f53	fle.s	x30,f21,f17	 f21:0x00000000 f17:0xffffffff x30=0x00000000
     338445.000 ns	     33843	80006f2c	001473b3	and	x7,x8,x1	  x8:0xd4e48ef8  x1:0xff800000  x7=0xd4800000
     338465.000 ns	     33845	80006f30	d01fa2d3	fcvt.s.wu	f5,x31	 x31:0x00000000  f5=0x00000000
     338495.000 ns	     33848	80006f34	20d20e53	fsgnj.s	f28,f4,f13	  f4:0xff800000 f13:0x80041024 f28=0xff800000
     338515.000 ns	     33850	80006f38	006f7733	and	x14,x30,x6	 x30:0x00000000  x6:0x00000000 x14=0x00000000
     338525.000 ns	     33851	80006f3c	008a3333	sltu	x6,x20,x8	 x20:0x00002a33  x8:0xd4e48ef8  x6=0x00000001
     338535.000 ns	     33852	80006f40	aa422513	slti	x10,x4,-1372	  x4:0x00000000 x10=0x00000000
     338575.000 ns	     33856	80006f44	01648c53	fadd.s	f24,f9,f22	  f9:0x00000000 f22:0x80041024 f24=0x80041024
     338595.000 ns	     33858	80006f48	01e84293	xori	x5,x16,30	 x16:0xd4e48ef8  x5=0xd4e48ee6
     338615.000 ns	     33860	80006f4c	036d88b3	mul	x17,x27,x22	 x27:0x00000000 x22:0x9a07254c x17=0x00000000
     338645.000 ns	     33863	80006f50	02441333	mulh	x6,x8,x4	  x8:0xd4e48ef8  x4:0x00000000  x6=0x00000000
     338665.000 ns	     33865	80006f54	00bb95b3	sll	x11,x23,x11	 x23:0xae440000 x11:0x00000000 x11=0xae440000
     338675.000 ns	     33866	80006f58	72e0a393	slti	x7,x1,1838	  x1:0xff800000  x7=0x00000001
     338685.000 ns	     33867	80006f5c	0082e3b3	or	x7,x5,x8	  x5:0xd4e48ee6  x8:0xd4e48ef8  x7=0xd4e48efe
     338695.000 ns	     33868	80006f60	00000013	addi	x0,x0,0	  x0:0x00000000
     338715.000 ns	     33870	80006f64	03a41033	mulh	x0,x8,x26	  x8:0xd4e48ef8 x26:0x1c9bae44
     338735.000 ns	     33872	80006f68	c28c1017	auipc	x0,0xc28c1	
     338745.000 ns	     33873	80006f6c	41b75033	sra	x0,x14,x27	 x14:0x00000000 x27:0x00000000
     338765.000 ns	     33875	80006f70	2144a053	fsgnjx.s	f0,f9,f20	  f9:0x00000000 f20:0x00000000  f0=0x00000000
     338795.000 ns	     33878	80006f74	e0081c53	fclass.s	x24,f16	 f16:0x00000000 x24=0x00000010
     338815.000 ns	     33880	80006f78	563a6793	ori	x15,x20,1379	 x20:0x00002a33 x15=0x00002f73
     338825.000 ns	     33881	80006f7c	0087ee33	or	x28,x15,x8	 x15:0x00000000  x8:0xd4e48ef8 x28=0xd4e4affb
     338845.000 ns	     33883	80006f80	02d73db3	mulhu	x27,x14,x13	 x14:0x00000000 x13:0x8aa58e48 x27=0x00000000
     338875.000 ns	     33886	80006f84	024f88b3	mul	x17,x31,x4	 x31:0x00000000  x4:0x00000000 x17=0x00000000
     338895.000 ns	     33888	80006f88	018dd633	srl	x12,x27,x24	 x27:0x00000000 x24:0x00000010 x12=0x00000000
     338905.000 ns	     33889	80006f8c	00ec2bb3	slt	x23,x24,x14	 x24:0x00000010 x14:0x00000000 x23=0x00000000
     338925.000 ns	     33891	80006f90	e00805d3	fmv.x.w	x11,f16	 f16:0x00000000 x11=0x00000000
     338965.000 ns	     33895	80006f94	580433d3	fsqrt.s	f7,f8	  f8:0x7f800000  f7=0x7f800000
     338985.000 ns	     33897	80006f98	65103e17	auipc	x28,0x65103	 x28=0xe5109f98
     339005.000 ns	     33899	80006f9c	c005b2d3	fcvt.w.s	x5,f11	 f11:0x4f800000  x5=0x7fffffff
     339035.000 ns	     33902	80006fa0	20d10853	fsgnj.s	f16,f2,f13	  f2:0x4f1a0725 f13:0x80041024 f16=0xcf1a0725
     339055.000 ns	     33904	80006fa4	0c02f313	andi	x6,x5,192	  x5:0x7fffffff  x6=0x000000c0
     339065.000 ns	     33905	80006fa8	0125f733	and	x14,x11,x18	 x11:0x00000000 x18:0x00000000 x14=0x00000000
     340105.000 ns	     34009	80006fac	580d7bd3	fsqrt.s	f23,f26	 f26:0x3f800000 f23=0x3f7fffae
     340125.000 ns	     34011	80006fb0	00b4df33	srl	x30,x9,x11	  x9:0x80040fe4 x11:0x00000000 x30=0x80040fe4
     340145.000 ns	     34013	80006fb4	296802d3	fmin.s	f5,f16,f22	 f16:0xcf1a0725 f22:0x80041024  f5=0xcf1a0725
     340515.000 ns	     34050	80006fb8	03945433	divu	x8,x8,x25	  x8:0xd4e48ef8 x25:0x9a07254c  x8=0x00000001
     340545.000 ns	     34053	80006fbc	a0b201d3	fle.s	x3,f4,f11	  f4:0xff800000 f11:0x4f800000  x3=0x00000001
     340575.000 ns	     34056	80006fc0	022068b3	rem	x17,x0,x2	  x0:0x00000000  x2:0x00000000 x17=0x00000000
     340615.000 ns	     34060	80006fc4	11947353	fmul.s	f6,f8,f25	  f8:0x7f800000 f25:0x00000000  f6=0x7fc00000
     340645.000 ns	     34063	80006fc8	a0392fd3	feq.s	x31,f18,f3	 f18:0x00000000  f3:0x7fc00000 x31=0x00000000
     340665.000 ns	     34065	80006fcc	00000013	addi	x0,x0,0	  x0:0x00000000
     340685.000 ns	     34067	80006fd0	287c8953	fmin.s	f18,f25,f7	 f25:0x00000000  f7:0x7f800000 f18=0x00000000
     340705.000 ns	     34069	80006fd4	cee37213	andi	x4,x6,-786	  x6:0x000000c0  x4=0x000000c0
     340725.000 ns	     34071	80006fd8	025780b3	mul	x1,x15,x5	 x15:0x00002f73  x5:0x7fffffff  x1=0x7fffd08d
     340755.000 ns	     34074	80006fdc	208aa1d3	fsgnjx.s	f3,f21,f8	 f21:0x00000000  f8:0x7f800000  f3=0x00000000
     340775.000 ns	     34076	80006fe0	8b5be793	ori	x15,x23,-1867	 x23:0x00000000 x15=0xfffff8b5
     340795.000 ns	     34078	80006fe4	02b48eb3	mul	x29,x9,x11	  x9:0x80040fe4 x11:0x00000000 x29=0x00000000
     340815.000 ns	     34080	80006fe8	4173d613	srai	x12,x7,0x17	  x7:0xd4e48efe x12=0xffffffa9
     340835.000 ns	     34082	80006fec	03f4d733	divu	x14,x9,x31	  x9:0x80040fe4 x31:0x00000000 x14=0xffffffff
     340855.000 ns	     34084	80006ff0	40a758b3	sra	x17,x14,x10	 x14:0x00000000 x10:0x00000000 x17=0xffffffff
     341215.000 ns	     34120	80006ff4	02877533	remu	x10,x14,x8	 x14:0xffffffff  x8:0x00000001 x10=0x00000000
     341255.000 ns	     34124	80006ff8	58037d53	fsqrt.s	f26,f6	  f6:0x7fc00000 f26=0x7fc00000
     341275.000 ns	     34126	80006ffc	00f29593	slli	x11,x5,0xf	  x5:0x7fffffff x11=0xffff8000
     341295.000 ns	     34128	80007000	02b89fb3	mulh	x31,x17,x11	 x17:0xffffffff x11:0x00000000 x31=0x00000000
     341665.000 ns	     34165	80007004	0364e0b3	rem	x1,x9,x22	  x9:0x80040fe4 x22:0x9a07254c  x1=0xe5fcea98
     341685.000 ns	     34167	80007008	daf9be93	sltiu	x29,x19,-593	 x19:0x00000005 x29=0x00000001
     341705.000 ns	     34169	8000700c	d0003253	fcvt.s.w	f4,x0	  x0:0x00000000  f4=0x00000000
     341735.000 ns	     34172	80007010	03b640b3	div	x1,x12,x27	 x12:0xffffffa9 x27:0x00000000  x1=0xffffffff
     341755.000 ns	     34174	80007014	40fbd1b3	sra	x3,x23,x15	 x23:0x00000000 x15:0xfffff8b5  x3=0x00000000
     341785.000 ns	     34177	80007018	58043153	fsqrt.s	f2,f8	  f8:0x7f800000  f2=0x7f800000
     341805.000 ns	     34179	8000701c	003affb3	and	x31,x21,x3	 x21:0x80041024  x3:0x00000001 x31=0x00000000
     341815.000 ns	     34180	80007020	0180aa33	slt	x20,x1,x24	  x1:0xffffffff x24:0x00000010 x20=0x00000001
     341825.000 ns	     34181	80007024	bb624417	auipc	x8,0xbb624	  x8=0x3b62b024
     341835.000 ns	     34182	80007028	01404eb3	xor	x29,x0,x20	  x0:0x00000000 x20:0x00002a33 x29=0x00000001
     341855.000 ns	     34184	8000702c	a1bc0253	fle.s	x4,f24,f27	 f24:0x80041024 f27:0x7fc00000  x4=0x00000000
     341885.000 ns	     34187	80007030	e0028353	fmv.x.w	x6,f5	  f5:0xcf1a0725  x6=0xcf1a0725
     341905.000 ns	     34189	80007034	4026de13	srai	x28,x13,0x2	 x13:0x8aa58e48 x28=0xe2a96392
     341925.000 ns	     34191	80007038	e00a83d3	fmv.x.w	x7,f21	 f21:0x00000000  x7=0x00000000
     341955.000 ns	     34194	8000703c	d01c28d3	fcvt.s.wu	f17,x24	 x24:0x00000010 f17=0x41800000
     341985.000 ns	     34197	80007040	20a59a53	fsgnjn.s	f20,f11,f10	 f11:0x4f800000 f10:0x43400000 f20=0xcf800000
     342005.000 ns	     34199	80007044	005b5c33	srl	x24,x22,x5	 x22:0x9a07254c  x5:0x7fffffff x24=0x00000001
     342025.000 ns	     34201	80007048	024e3c33	mulhu	x24,x28,x4	 x28:0xe2a96392  x4:0x00000000 x24=0x00000000
     342055.000 ns	     34204	8000704c	02ec1db3	mulh	x27,x24,x14	 x24:0x00000010 x14:0xffffffff x27=0x00000000
     342105.000 ns	     34209	80007050	094aa853	fsub.s	f16,f21,f20	 f21:0x00000000 f20:0xcf800000 f16=0x4f800000
     342145.000 ns	     34213	80007054	58062053	fsqrt.s	f0,f12	 f12:0x7fc00000  f0=0x7fc00000
     342165.000 ns	     34215	80007058	4073db33	sra	x22,x7,x7	  x7:0x00000000  x7:0x00000000 x22=0x00000000
     342185.000 ns	     34217	8000705c	d01c30d3	fcvt.s.wu	f1,x24	 x24:0x00000000  f1=0x00000000
     342215.000 ns	     34220	80007060	d00222d3	fcvt.s.w	f5,x4	  x4:0x00000000  f5=0x00000000
     342235.000 ns	     34222	80007064	dfdfed13	ori	x26,x31,-515	 x31:0x00000000 x26=0xfffffdfd
     342255.000 ns	     34224	80007068	e00d8ed3	fmv.x.w	x29,f27	 f27:0x7fc00000 x29=0x7fc00000
     342285.000 ns	     34227	8000706c	02016533	rem	x10,x2,x0	  x2:0x00000000  x0:0x00000000 x10=0x00000000
     342305.000 ns	     34229	80007070	00ed5e33	srl	x28,x26,x14	 x26:0xfffffdfd x14:0xffffffff x28=0x00000001
     342325.000 ns	     34231	80007074	03fd43b3	div	x7,x26,x31	 x26:0xfffffdfd x31:0x00000000  x7=0xffffffff
     342345.000 ns	     34233	80007078	0108a233	slt	x4,x17,x16	 x17:0xffffffff x16:0xd4e48ef8  x4=0x00000000
     342355.000 ns	     34234	8000707c	e878f437	lui	x8,0xe878f	  x8=0xe878f000
     342365.000 ns	     34235	80007080	6f816793	ori	x15,x2,1784	  x2:0x00000000 x15=0x000006f8
     342375.000 ns	     34236	80007084	00000013	addi	x0,x0,0	  x0:0x00000000
     342385.000 ns	     34237	80007088	01a7d113	srli	x2,x15,0x1a	 x15:0xfffff8b5  x2=0x00000000
     342395.000 ns	     34238	8000708c	8222f713	andi	x14,x5,-2014	  x5:0x7fffffff x14=0x7ffff822
     342405.000 ns	     34239	80007090	24346f13	ori	x30,x8,579	  x8:0xe878f000 x30=0xe878f243
     342425.000 ns	     34241	80007094	e0071253	fclass.s	x4,f14	 f14:0x80041024  x4=0x00000004
     342455.000 ns	     34244	80007098	d01cf9d3	fcvt.s.wu	f19,x25	 x25:0x9a07254c f19=0x4f1a0725
     342475.000 ns	     34246	8000709c	00d6dc33	srl	x24,x13,x13	 x13:0x8aa58e48 x13:0x8aa58e48 x24=0x008aa58e
     342485.000 ns	     34247	800070a0	bb616013	ori	x0,x2,-1098	  x2:0x00000000
     342495.000 ns	     34248	800070a4	1642bb93	sltiu	x23,x5,356	  x5:0x7fffffff x23=0x00000000
     342525.000 ns	     34251	800070a8	11e60453	fmul.s	f8,f12,f30	 f12:0x7fc00000 f30:0x00000000  f8=0x7fc00000
     342555.000 ns	     34254	800070ac	03ab8c33	mul	x24,x23,x26	 x23:0x00000000 x26:0xfffffdfd x24=0x00000000
     342585.000 ns	     34257	800070b0	d00b7f53	fcvt.s.w	f30,x22	 x22:0x00000000 f30=0x00000000
     342605.000 ns	     34259	800070b4	01471d33	sll	x26,x14,x20	 x14:0x7ffff822 x20:0x00000001 x26=0xfffff044
     342615.000 ns	     34260	800070b8	015d02b3	add	x5,x26,x21	 x26:0xfffffdfd x21:0x80041024  x5=0x80040068
     342625.000 ns	     34261	800070bc	c65fe737	lui	x14,0xc65fe	 x14=0xc65fe000
     342635.000 ns	     34262	800070c0	7df3e393	ori	x7,x7,2015	  x7:0xffffffff  x7=0xffffffff
     342655.000 ns	     34264	800070c4	03d186b3	mul	x13,x3,x29	  x3:0x00000000 x29:0x7fc00000 x13=0x00000000
     342675.000 ns	     34266	800070c8	f415ac37	lui	x24,0xf415a	 x24=0xf415a000
     342695.000 ns	     34268	800070cc	02c93433	mulhu	x8,x18,x12	 x18:0x00000000 x12:0xffffffa9  x8=0x00000000
     342715.000 ns	     34270	800070d0	0020d1b3	srl	x3,x1,x2	  x1:0xffffffff  x2:0x00000000  x3=0xffffffff
     342735.000 ns	     34272	800070d4	20bcaad3	fsgnjx.s	f21,f25,f11	 f25:0x00000000 f11:0x4f800000 f21=0x00000000
     342775.000 ns	     34276	800070d8	182dfc53	fdiv.s	f24,f27,f2	 f27:0x7fc00000  f2:0x7f800000 f24=0x7fc00000
     342815.000 ns	     34280	800070dc	5801ca53	fsqrt.s	f20,f3	  f3:0x00000000 f20=0x00000000
     342835.000 ns	     34282	800070e0	13290413	addi	x8,x18,306	 x18:0x00000000  x8=0x00000132
     343195.000 ns	     34318	800070e4	024cc8b3	div	x17,x25,x4	 x25:0x9a07254c  x4:0x00000004 x17=0xe681c953
     343225.000 ns	     34321	800070e8	e00a1f53	fclass.s	x30,f20	 f20:0x00000000 x30=0x00000010
     343245.000 ns	     34323	800070ec	8113b193	sltiu	x3,x7,-2031	  x7:0xffffffff  x3=0x00000000
     343265.000 ns	     34325	800070f0	03f5a0b3	mulhsu	x1,x11,x31	 x11:0xffff8000 x31:0x00000000  x1=0x00000000
     343285.000 ns	     34327	800070f4	00000013	addi	x0,x0,0	  x0:0x00000000
     343295.000 ns	     34328	800070f8	7b26a893	slti	x17,x13,1970	 x13:0x00000000 x17=0x00000001
     343315.000 ns	     34330	800070fc	215e8c53	fsgnj.s	f24,f29,f21	 f29:0x00000000 f21:0x00000000 f24=0x00000000
     343335.000 ns	     34332	80007100	0051d9b3	srl	x19,x3,x5	  x3:0x00000000  x5:0x80040068 x19=0x00000000
     343355.000 ns	     34334	80007104	a00023d3	feq.s	x7,f0,f0	  f0:0x7fc00000  f0:0x7fc00000  x7=0x00000000
     343385.000 ns	     34337	80007108	d0097f53	fcvt.s.w	f30,x18	 x18:0x00000000 f30=0x00000000
     343415.000 ns	     34340	8000710c	a1389853	flt.s	x16,f17,f19	 f17:0x41800000 f19:0x4f1a0725 x16=0x00000001
     343445.000 ns	     34343	80007110	282e8353	fmin.s	f6,f29,f2	 f29:0x00000000  f2:0x7f800000  f6=0x00000000
     343475.000 ns	     34346	80007114	f00d8253	fmv.w.x	f4,x27	 x27:0x00000000  f4=0x00000000
     343505.000 ns	     34349	80007118	025e8bb3	mul	x23,x29,x5	 x29:0x7fc00000  x5:0x80040068 x23=0xe6000000
     343535.000 ns	     34352	8000711c	a0e22fd3	feq.s	x31,f4,f14	  f4:0x00000000 f14:0x80041024 x31=0x00000000
     343565.000 ns	     34355	80007120	e0091dd3	fclass.s	x27,f18	 f18:0x00000000 x27=0x00000010
     343595.000 ns	     34358	80007124	a17e20d3	feq.s	x1,f28,f23	 f28:0xff800000 f23:0x3f7fffae  x1=0x00000000
     343965.000 ns	     34395	80007128	03eaf6b3	remu	x13,x21,x30	 x21:0x80041024 x30:0x00000010 x13=0x00000004
     343985.000 ns	     34397	8000712c	0020d993	srli	x19,x1,0x2	  x1:0x00000000 x19=0x00000000
     344345.000 ns	     34433	80007130	03b4d833	divu	x16,x9,x27	  x9:0x80040fe4 x27:0x00000010 x16=0x080040fe
     344365.000 ns	     34435	80007134	c03fc213	xori	x4,x31,-1021	 x31:0x00000000  x4=0xfffffc03
     344385.000 ns	     34437	80007138	c007f653	fcvt.w.s	x12,f15	 f15:0x0000056e x12=0x00000000
     344415.000 ns	     34440	8000713c	037bbfb3	mulhu	x31,x23,x23	 x23:0xe6000000 x23:0xe6000000 x31=0xcea40000
     344445.000 ns	     34443	80007140	d0000ed3	fcvt.s.w	f29,x0	  x0:0x00000000 f29=0x00000000
     344465.000 ns	     34445	80007144	00e2fa33	and	x20,x5,x14	  x5:0x80040068 x14:0xc65fe000 x20=0x80040000
     344485.000 ns	     34447	80007148	036645b3	div	x11,x12,x22	 x12:0x00000000 x22:0x00000000 x11=0xffffffff
     344535.000 ns	     34452	8000714c	08589bd3	fsub.s	f23,f17,f5	 f17:0x41800000  f5:0x00000000 f23=0x41800000
     344555.000 ns	     34454	80007150	017bda33	srl	x20,x23,x23	 x23:0xe6000000 x23:0xe6000000 x20=0xe6000000
     344565.000 ns	     34455	80007154	2516f713	andi	x14,x13,593	 x13:0x00000004 x14=0x00000000
     344575.000 ns	     34456	80007158	e5d33293	sltiu	x5,x6,-419	  x6:0xcf1a0725  x5=0x00000001
     344595.000 ns	     34458	8000715c	d0090cd3	fcvt.s.w	f25,x18	 x18:0x00000000 f25=0x00000000
     344615.000 ns	     34460	80007160	91433f37	lui	x30,0x91433	 x30=0x91433000
     344635.000 ns	     34462	80007164	028507b3	mul	x15,x10,x8	 x10:0x00000000  x8:0x00000132 x15=0x00000000
     344655.000 ns	     34464	80007168	f435ce93	xori	x29,x11,-189	 x11:0xffffffff x29=0x000000bc
     344675.000 ns	     34466	8000716c	e00d12d3	fclass.s	x5,f26	 f26:0x7fc00000  x5=0x00000200
     344705.000 ns	     34469	80007170	c006f253	fcvt.w.s	x4,f13	 f13:0x80041024  x4=0x00000000
     344725.000 ns	     34471	80007174	00000013	addi	x0,x0,0	  x0:0x00000000
     344745.000 ns	     34473	80007178	29dd9a53	fmax.s	f20,f27,f29	 f27:0x7fc00000 f29:0x00000000 f20=0x00000000
     344775.000 ns	     34476	8000717c	d007f3d3	fcvt.s.w	f7,x15	 x15:0x00000000  f7=0x00000000
     344805.000 ns	     34479	80007180	e00c0153	fmv.x.w	x2,f24	 f24:0x00000000  x2=0x00000000
     344835.000 ns	     34482	80007184	20822fd3	fsgnjx.s	f31,f4,f8	  f4:0x00000000  f8:0x7fc00000 f31=0x00000000
     344855.000 ns	     34484	80007188	de92a913	slti	x18,x5,-535	  x5:0x00000200 x18=0x00000000
     345215.000 ns	     34520	8000718c	0258fdb3	remu	x27,x17,x5	 x17:0x00000001  x5:0x00000200 x27=0x00000001
     345235.000 ns	     34522	80007190	010d19b3	sll	x19,x26,x16	 x26:0xfffff044 x16:0x080040fe x19=0x00000000
     345245.000 ns	     34523	80007194	828b1f37	lui	x30,0x828b1	 x30=0x828b1000
     345255.000 ns	     34524	80007198	00d3ffb3	and	x31,x7,x13	  x7:0x00000000 x13:0x00000004 x31=0x00000000
     345275.000 ns	     34526	8000719c	e00c82d3	fmv.x.w	x5,f25	 f25:0x00000000  x5=0x00000000
     345305.000 ns	     34529	800071a0	02398533	mul	x10,x19,x3	 x19:0x00000000  x3:0x00000000 x10=0x00000000
     345335.000 ns	     34532	800071a4	e00700d3	fmv.x.w	x1,f14	 f14:0x80041024  x1=0x80041024
     345365.000 ns	     34535	800071a8	c0009fd3	fcvt.w.s	x31,f1	  f1:0x00000000 x31=0x00000000
     345385.000 ns	     34537	800071ac	41f60f33	sub	x30,x12,x31	 x12:0x00000000 x31:0x00000000 x30=0x00000000
     345395.000 ns	     34538	800071b0	003bf633	and	x12,x23,x3	 x23:0xe6000000  x3:0x00000000 x12=0x00000000
     345415.000 ns	     34540	800071b4	c0093253	fcvt.w.s	x4,f18	 f18:0x00000000  x4=0x00000000
     345435.000 ns	     34542	800071b8	00978bb3	add	x23,x15,x9	 x15:0x00000000  x9:0x80040fe4 x23=0x80040fe4
     345475.000 ns	     34546	800071bc	01c7cfd3	fadd.s	f31,f15,f28	 f15:0x0000056e f28:0xff800000 f31=0xff800000
     345505.000 ns	     34549	800071c0	f0080dd3	fmv.w.x	f27,x16	 x16:0x080040fe f27=0x080040fe
     345535.000 ns	     34552	800071c4	025196b3	mulh	x13,x3,x5	  x3:0x00000000  x5:0x00000000 x13=0x00000000
     345575.000 ns	     34556	800071c8	18507653	fdiv.s	f12,f0,f5	  f0:0x7fc00000  f5:0x00000000 f12=0x7fc00000
     345605.000 ns	     34559	800071cc	216285d3	fsgnj.s	f11,f5,f22	  f5:0x00000000 f22:0x80041024 f11=0x80000000
     345625.000 ns	     34561	800071d0	00ee2c33	slt	x24,x28,x14	 x28:0x00000001 x14:0x00000000 x24=0x00000000
     345645.000 ns	     34563	800071d4	0213aeb3	mulhsu	x29,x7,x1	  x7:0x00000000  x1:0x80041024 x29=0x00000000
     345665.000 ns	     34565	800071d8	419ade93	srai	x29,x21,0x19	 x21:0x80041024 x29=0xffffffc0
     345675.000 ns	     34566	800071dc	00f11b13	slli	x22,x2,0xf	  x2:0x00000000 x22=0x00000000
     345685.000 ns	     34567	800071e0	01fd9f93	slli	x31,x27,0x1f	 x27:0x00000001 x31=0x80000000
     345695.000 ns	     34568	800071e4	0093db93	srli	x23,x7,0x9	  x7:0x00000000 x23=0x00000000
     345705.000 ns	     34569	800071e8	27e72b13	slti	x22,x14,638	 x14:0x00000000 x22=0x00000001
     345725.000 ns	     34571	800071ec	c01e3553	fcvt.wu.s	x10,f28	 f28:0xff800000 x10=0x00000000
     345745.000 ns	     34573	800071f0	4018dbb3	sra	x23,x17,x1	 x17:0x00000001  x1:0x80041024 x23=0x00000000
     345765.000 ns	     34575	800071f4	21692f53	fsgnjx.s	f30,f18,f22	 f18:0x00000000 f22:0x80041024 f30=0x80000000
     345795.000 ns	     34578	800071f8	03fe1d33	mulh	x26,x28,x31	 x28:0x00000001 x31:0x80000000 x26=0xffffffff
     345815.000 ns	     34580	800071fc	40cc5f33	sra	x30,x24,x12	 x24:0x00000000 x12:0x00000000 x30=0x00000000
     345845.000 ns	     34583	80007200	19b4a4d3	fdiv.s	f9,f9,f27	  f9:0x00000000 f27:0x080040fe  f9=0x00000000
     345865.000 ns	     34585	80007204	b84c3113	sltiu	x2,x24,-1148	 x24:0x00000000  x2=0x00000001
     345875.000 ns	     34586	80007208	00abb2b3	sltu	x5,x23,x10	 x23:0x00000000 x10:0x00000000  x5=0x00000000
     345885.000 ns	     34587	8000720c	5e4d4b93	xori	x23,x26,1508	 x26:0xffffffff x23=0xfffffa1b
     345895.000 ns	     34588	80007210	011f9013	slli	x0,x31,0x11	 x31:0x80000000
     345905.000 ns	     34589	80007214	0eb4f793	andi	x15,x9,235	  x9:0x80040fe4 x15=0x000000e0
     345915.000 ns	     34590	80007218	84b2a913	slti	x18,x5,-1973	  x5:0x00000000 x18=0x00000000
     345925.000 ns	     34591	8000721c	35eb8b13	addi	x22,x23,862	 x23:0xfffffa1b x22=0xfffffd79
     345935.000 ns	     34592	80007220	77120393	addi	x7,x4,1905	  x4:0x00000000  x7=0x00000771
     345955.000 ns	     34594	80007224	03cb03b3	mul	x7,x22,x28	 x22:0x00000001 x28:0x00000001  x7=0xfffffd79
     345985.000 ns	     34597	80007228	d01891d3	fcvt.s.wu	f3,x17	 x17:0x00000001  f3=0x3f800000
     346005.000 ns	     34599	8000722c	0031ddb3	srl	x27,x3,x3	  x3:0x00000000  x3:0x00000000 x27=0x00000000
     346015.000 ns	     34600	80007230	01d6a6b3	slt	x13,x13,x29	 x13:0x00000000 x29:0xffffffc0 x13=0x00000000
     346045.000 ns	     34603	80007234	58027a53	fsqrt.s	f20,f4	  f4:0x00000000 f20=0x00000000
     346095.000 ns	     34608	80007238	08c07a53	fsub.s	f20,f0,f12	  f0:0x7fc00000 f12:0x7fc00000 f20=0x7fc00000
     346125.000 ns	     34611	8000723c	e0089853	fclass.s	x16,f17	 f17:0x41800000 x16=0x00000040
     346145.000 ns	     34613	80007240	00000013	addi	x0,x0,0	  x0:0x00000000
     346165.000 ns	     34615	80007244	f0008dd3	fmv.w.x	f27,x1	  x1:0x80041024 f27=0x80041024
     346195.000 ns	     34618	80007248	285013d3	fmax.s	f7,f0,f5	  f0:0x7fc00000  f5:0x00000000  f7=0x00000000
     346225.000 ns	     34621	8000724c	03e91d33	mulh	x26,x18,x30	 x18:0x00000000 x30:0x00000000 x26=0x00000000
     346595.000 ns	     34658	80007250	030265b3	rem	x11,x4,x16	  x4:0x00000000 x16:0x00000040 x11=0x00000000
     346615.000 ns	     34660	80007254	01201793	slli	x15,x0,0x12	  x0:0x00000000 x15=0x00000000
     346635.000 ns	     34662	80007258	219e0ad3	fsgnj.s	f21,f28,f25	 f28:0xff800000 f25:0x00000000 f21=0x7f800000
     346665.000 ns	     34665	8000725c	d00b73d3	fcvt.s.w	f7,x22	 x22:0xfffffd79  f7=0xc421c000
     346685.000 ns	     34667	80007260	003e1413	slli	x8,x28,0x3	 x28:0x00000001  x8=0x00000008
     346695.000 ns	     34668	80007264	00aaa7b3	slt	x15,x21,x10	 x21:0x80041024 x10:0x00000000 x15=0x00000001
     346715.000 ns	     34670	80007268	a1401253	flt.s	x4,f0,f20	  f0:0x7fc00000 f20:0x7fc00000  x4=0x00000000
     346745.000 ns	     34673	8000726c	28541053	fmax.s	f0,f8,f5	  f8:0x7fc00000  f5:0x00000000  f0=0x00000000
     346775.000 ns	     34676	80007270	e00d9d53	fclass.s	x26,f27	 f27:0x80041024 x26=0x00000004
     346805.000 ns	     34679	80007274	a1e51153	flt.s	x2,f10,f30	 f10:0x43400000 f30:0x80000000  x2=0x00000000
     346825.000 ns	     34681	80007278	01839a13	slli	x20,x7,0x18	  x7:0xfffffd79 x20=0x79000000
     346835.000 ns	     34682	8000727c	c038d1b7	lui	x3,0xc038d	  x3=0xc038d000
     346845.000 ns	     34683	80007280	40355bb3	sra	x23,x10,x3	 x10:0x00000000  x3:0x00000000 x23=0x00000000
     346855.000 ns	     34684	80007284	01081e93	slli	x29,x16,0x10	 x16:0x00000040 x29=0x00400000
     346875.000 ns	     34686	80007288	d0147c53	fcvt.s.wu	f24,x8	  x8:0x00000008 f24=0x41000000
     346915.000 ns	     34690	8000728c	18b0c7d3	fdiv.s	f15,f1,f11	  f1:0x00000000 f11:0x80000000 f15=0x7fc00000
     346945.000 ns	     34693	80007290	206c8253	fsgnj.s	f4,f25,f6	 f25:0x00000000  f6:0x00000000  f4=0x00000000
     346975.000 ns	     34696	80007294	28b996d3	fmax.s	f13,f19,f11	 f19:0x4f1a0725 f11:0x80000000 f13=0x4f1a0725
     346995.000 ns	     34698	80007298	24193e13	sltiu	x28,x18,577	 x18:0x00000000 x28=0x00000001
     347005.000 ns	     34699	8000729c	40375b13	srai	x22,x14,0x3	 x14:0x00000000 x22=0x00000000
     347025.000 ns	     34701	800072a0	f00780d3	fmv.w.x	f1,x15	 x15:0x00000001  f1=0x00000001
     347045.000 ns	     34703	800072a4	00a3df33	srl	x30,x7,x10	  x7:0xfffffd79 x10:0x00000000 x30=0xfffffd79
     347065.000 ns	     34705	800072a8	c00932d3	fcvt.w.s	x5,f18	 f18:0x00000000  x5=0x00000000
     347095.000 ns	     34708	800072ac	024de5b3	rem	x11,x27,x4	 x27:0x00000000  x4:0x00000000 x11=0x00000000
     347125.000 ns	     34711	800072b0	a00a02d3	fle.s	x5,f20,f0	 f20:0x7fc00000  f0:0x00000000  x5=0x00000000
     347165.000 ns	     34715	800072b4	19d3b5d3	fdiv.s	f11,f7,f29	  f7:0xc421c000 f29:0x00000000 f11=0xff800000
     347195.000 ns	     34718	800072b8	29078dd3	fmin.s	f27,f15,f16	 f15:0x7fc00000 f16:0x4f800000 f27=0x4f800000
     347225.000 ns	     34721	800072bc	a178ad53	feq.s	x26,f17,f23	 f17:0x41800000 f23:0x41800000 x26=0x00000001
     347255.000 ns	     34724	800072c0	02a872b3	remu	x5,x16,x10	 x16:0x00000040 x10:0x00000000  x5=0x00000040
     347275.000 ns	     34726	800072c4	01a62d33	slt	x26,x12,x26	 x12:0x00000000 x26:0x00000001 x26=0x00000001
     347305.000 ns	     34729	800072c8	580aca53	fsqrt.s	f20,f21	 f21:0x7f800000 f20=0x7f800000
     347335.000 ns	     34732	800072cc	02572c33	mulhsu	x24,x14,x5	 x14:0x00000000  x5:0x00000040 x24=0x00000000
     347385.000 ns	     34737	800072d0	01fe2c53	fadd.s	f24,f28,f31	 f28:0xff800000 f31:0xff800000 f24=0x80000000
     347415.000 ns	     34740	800072d4	02123033	mulhu	x0,x4,x1	  x4:0x00000000  x1:0x80041024
     347445.000 ns	     34743	800072d8	c0107fd3	fcvt.wu.s	x31,f0	  f0:0x00000000 x31=0x00000000
     347475.000 ns	     34746	800072dc	0390b3b3	mulhu	x7,x1,x25	  x1:0x80041024 x25:0x9a07254c  x7=0x4d060478
     347505.000 ns	     34749	800072e0	c0007fd3	fcvt.w.s	x31,f0	  f0:0x00000000 x31=0x00000000
     347525.000 ns	     34751	800072e4	01b71333	sll	x6,x14,x27	 x14:0x00000000 x27:0x00000000  x6=0x00000000
     347535.000 ns	     34752	800072e8	41a0d213	srai	x4,x1,0x1a	  x1:0x80041024  x4=0xffffffe0
     347545.000 ns	     34753	800072ec	01dcf6b3	and	x13,x25,x29	 x25:0x9a07254c x29:0x00400000 x13=0x00000000
     347565.000 ns	     34755	800072f0	a1b9a3d3	feq.s	x7,f19,f27	 f19:0x4f1a0725 f27:0x4f800000  x7=0x00000000
     347585.000 ns	     34757	800072f4	0113d9b3	srl	x19,x7,x17	  x7:0x4d060478 x17:0x00000001 x19=0x00000000
     347595.000 ns	     34758	800072f8	c349ee93	ori	x29,x19,-972	 x19:0x00000000 x29=0xfffffc34
     347955.000 ns	     34794	800072fc	0351c533	div	x10,x3,x21	  x3:0xc038d000 x21:0x80041024 x10=0x00000000
     347975.000 ns	     34796	80007300	d7616113	ori	x2,x2,-650	  x2:0x00000000  x2=0xfffffd76
     347995.000 ns	     34798	80007304	a1732ed3	feq.s	x29,f6,f23	  f6:0x00000000 f23:0x41800000 x29=0x00000000
     348025.000 ns	     34801	80007308	02249d33	mulh	x26,x9,x2	  x9:0x80040fe4  x2:0x00000000 x26=0x00000144
     348395.000 ns	     34838	8000730c	03e5ff33	remu	x30,x11,x30	 x11:0x00000000 x30:0xfffffd79 x30=0x00000000
     348425.000 ns	     34841	80007310	219eafd3	fsgnjx.s	f31,f29,f25	 f29:0x00000000 f25:0x00000000 f31=0x00000000
     348445.000 ns	     34843	80007314	519d6013	ori	x0,x26,1305	 x26:0x00000144
     348465.000 ns	     34845	80007318	c0138a53	fcvt.wu.s	x20,f7	  f7:0xc421c000 x20=0x00000287
     348495.000 ns	     34848	8000731c	02714333	div	x6,x2,x7	  x2:0xfffffd76  x7:0x00000000  x6=0xffffffff
     348515.000 ns	     34850	80007320	40455833	sra	x16,x10,x4	 x10:0x00000000  x4:0xffffffe0 x16=0x00000000
     348875.000 ns	     34886	80007324	0296f633	remu	x12,x13,x9	 x13:0x00000000  x9:0x80040fe4 x12=0x00000000
     348905.000 ns	     34889	80007328	c01d7953	fcvt.wu.s	x18,f26	 f26:0x7fc00000 x18=0xffffffff
     348935.000 ns	     34892	8000732c	027d4f33	div	x30,x26,x7	 x26:0x00000144  x7:0x00000000 x30=0xffffffff
     348955.000 ns	     34894	80007330	4beea313	slti	x6,x29,1214	 x29:0x00000000  x6=0x00000001
     348975.000 ns	     34896	80007334	f0068953	fmv.w.x	f18,x13	 x13:0x00000000 f18=0x00000000
     348995.000 ns	     34898	80007338	00e977b3	and	x15,x18,x14	 x18:0xffffffff x14:0x00000000 x15=0x00000000
     349025.000 ns	     34901	8000733c	58093653	fsqrt.s	f12,f18	 f18:0x00000000 f12=0x00000000
     349045.000 ns	     34903	80007340	01271833	sll	x16,x14,x18	 x14:0x00000000 x18:0xffffffff x16=0x00000000
     349055.000 ns	     34904	80007344	009a1213	slli	x4,x20,0x9	 x20:0x00000287  x4=0x00050e00
     349075.000 ns	     34906	80007348	d0107453	fcvt.s.wu	f8,x0	  x0:0x00000000  f8=0x00000000
     349095.000 ns	     34908	8000734c	bac9d8b7	lui	x17,0xbac9d	 x17=0xbac9d000
     349115.000 ns	     34910	80007350	20a2a853	fsgnjx.s	f16,f5,f10	  f5:0x00000000 f10:0x43400000 f16=0x00000000
     349135.000 ns	     34912	80007354	01eafeb3	and	x29,x21,x30	 x21:0x80041024 x30:0xffffffff x29=0x80041024
     349155.000 ns	     34914	80007358	c00093d3	fcvt.w.s	x7,f1	  f1:0x00000001  x7=0x00000000
     349175.000 ns	     34916	8000735c	01c3d013	srli	x0,x7,0x1c	  x7:0x00000000
     349185.000 ns	     34917	80007360	00c147b3	xor	x15,x2,x12	  x2:0xfffffd76 x12:0x00000000 x15=0xfffffd76
     349215.000 ns	     34920	80007364	1119a6d3	fmul.s	f13,f19,f17	 f19:0x4f1a0725 f17:0x41800000 f13=0x511a0725
     349265.000 ns	     34925	80007368	01d53ad3	fadd.s	f21,f10,f29	 f10:0x43400000 f29:0x00000000 f21=0x43400000
     349285.000 ns	     34927	8000736c	c2536213	ori	x4,x6,-987	  x6:0x00000001  x4=0xfffffc25
     349305.000 ns	     34929	80007370	a07a0c53	fle.s	x24,f20,f7	 f20:0x7f800000  f7:0xc421c000 x24=0x00000000
     349325.000 ns	     34931	80007374	95c03297	auipc	x5,0x95c03	  x5=0x15c0a374
     349345.000 ns	     34933	80007378	a0778353	fle.s	x6,f15,f7	 f15:0x7fc00000  f7:0xc421c000  x6=0x00000000
     349375.000 ns	     34936	8000737c	29b60453	fmin.s	f8,f12,f27	 f12:0x00000000 f27:0x4f800000  f8=0x00000000
     349405.000 ns	     34939	80007380	03bf29b3	mulhsu	x19,x30,x27	 x30:0xffffffff x27:0x00000000 x19=0x00000000
     349425.000 ns	     34941	80007384	00000013	addi	x0,x0,0	  x0:0x00000000
     349435.000 ns	     34942	80007388	8a177d93	andi	x27,x14,-1887	 x14:0x00000000 x27=0x00000000
     349455.000 ns	     34944	8000738c	f00f8653	fmv.w.x	f12,x31	 x31:0x00000000 f12=0x00000000
     349485.000 ns	     34947	80007390	0271a133	mulhsu	x2,x3,x7	  x3:0xc038d000  x7:0x00000000  x2=0x00000000
     349515.000 ns	     34950	80007394	e0080bd3	fmv.x.w	x23,f16	 f16:0x00000000 x23=0x00000000
     349535.000 ns	     34952	80007398	41e357b3	sra	x15,x6,x30	  x6:0x00000000 x30:0xffffffff x15=0x00000000
     349545.000 ns	     34953	8000739c	018a1693	slli	x13,x20,0x18	 x20:0x00000287 x13=0x87000000
     349575.000 ns	     34956	800073a0	11b38553	fmul.s	f10,f7,f27	  f7:0xc421c000 f27:0x4f800000 f10=0xd421c000
     349945.000 ns	     34993	800073a4	021350b3	divu	x1,x6,x1	  x6:0x00000000  x1:0x80041024  x1=0x00000000
     349965.000 ns	     34995	800073a8	52d14313	xori	x6,x2,1325	  x2:0x00000000  x6=0x0000052d
     349985.000 ns	     34997	800073ac	0255b8b3	mulhu	x17,x11,x5	 x11:0x00000000  x5:0x15c0a374 x17=0x00000000
     350005.000 ns	     34999	800073b0	f5b8f317	auipc	x6,0xf5b8f	  x6=0x75b963b0
     350025.000 ns	     35001	800073b4	022881b3	mul	x3,x17,x2	 x17:0x00000000  x2:0x00000000  x3=0x00000000
     350055.000 ns	     35004	800073b8	c01e33d3	fcvt.wu.s	x7,f28	 f28:0xff800000  x7=0x00000000
     350075.000 ns	     35006	800073bc	00000013	addi	x0,x0,0	  x0:0x00000000
     350085.000 ns	     35007	800073c0	c8ee4193	xori	x3,x28,-882	 x28:0x00000001  x3=0xfffffc8f
     350445.000 ns	     35043	800073c4	02d060b3	rem	x1,x0,x13	  x0:0x00000000 x13:0x87000000  x1=0x00000000
     350465.000 ns	     35045	800073c8	00c33933	sltu	x18,x6,x12	  x6:0x75b963b0 x12:0x00000000 x18=0x00000000
     350485.000 ns	     35047	800073cc	d01474d3	fcvt.s.wu	f9,x8	  x8:0x00000008  f9=0x41000000
     350515.000 ns	     35050	800073d0	c0067153	fcvt.w.s	x2,f12	 f12:0x00000000  x2=0x00000000
     350535.000 ns	     35052	800073d4	01086a33	or	x20,x16,x16	 x16:0x00000000 x16:0x00000000 x20=0x00000000
     350565.000 ns	     35055	800073d8	11a3f553	fmul.s	f10,f7,f26	  f7:0xc421c000 f26:0x7fc00000 f10=0x7fc00000
     350585.000 ns	     35057	800073dc	0049de33	srl	x28,x19,x4	 x19:0x00000000  x4:0xfffffc25 x28=0x00000000
     350595.000 ns	     35058	800073e0	00000013	addi	x0,x0,0	  x0:0x00000000
     350615.000 ns	     35060	800073e4	c01bbdd3	fcvt.wu.s	x27,f23	 f23:0x41800000 x27=0x00000010
     350645.000 ns	     35063	800073e8	02fb6933	rem	x18,x22,x15	 x22:0x00000000 x15:0x00000000 x18=0x00000000
     350675.000 ns	     35066	800073ec	a0f68c53	fle.s	x24,f13,f15	 f13:0x511a0725 f15:0x7fc00000 x24=0x00000000
     350705.000 ns	     35069	800073f0	02a2ab33	mulhsu	x22,x5,x10	  x5:0x15c0a374 x10:0x00000000 x22=0x00000000
     351075.000 ns	     35106	800073f4	028970b3	remu	x1,x18,x8	 x18:0x00000000  x8:0x00000008  x1=0x00000000
     351105.000 ns	     35109	800073f8	a1990353	fle.s	x6,f18,f25	 f18:0x00000000 f25:0x00000000  x6=0x00000001
     351135.000 ns	     35112	800073fc	28351353	fmax.s	f6,f10,f3	 f10:0x7fc00000  f3:0x3f800000  f6=0x3f800000
     351185.000 ns	     35117	80007400	09db0b53	fsub.s	f22,f22,f29	 f22:0x80041024 f29:0x00000000 f22=0x80041024
     351205.000 ns	     35119	80007404	011a77b3	and	x15,x20,x17	 x20:0x00000000 x17:0x00000000 x15=0x00000000
     351225.000 ns	     35121	80007408	20f7a553	fsgnjx.s	f10,f15,f15	 f15:0x7fc00000 f15:0x7fc00000 f10=0x7fc00000
     351255.000 ns	     35124	8000740c	21588553	fsgnj.s	f10,f17,f21	 f17:0x41800000 f21:0x43400000 f10=0x41800000
     351285.000 ns	     35127	80007410	c0063b53	fcvt.w.s	x22,f12	 f12:0x00000000 x22=0x00000000
     351315.000 ns	     35130	80007414	031368b3	rem	x17,x6,x17	  x6:0x00000001 x17:0x00000000 x17=0x00000001
     351335.000 ns	     35132	80007418	ca04f113	andi	x2,x9,-864	  x9:0x80040fe4  x2=0x80040ca0
     351345.000 ns	     35133	8000741c	403c5a33	sra	x20,x24,x3	 x24:0x00000000  x3:0xfffffc8f x20=0x00000000
     351385.000 ns	     35137	80007420	00b5f353	fadd.s	f6,f11,f11	 f11:0xff800000 f11:0xff800000  f6=0x80000000
     351405.000 ns	     35139	80007424	013fd913	srli	x18,x31,0x13	 x31:0x00000000 x18=0x00000000
     351425.000 ns	     35141	80007428	c01722d3	fcvt.wu.s	x5,f14	 f14:0x80041024  x5=0x00000000
     351455.000 ns	     35144	8000742c	e00a1953	fclass.s	x18,f20	 f20:0x7f800000 x18=0x00000080
     351475.000 ns	     35146	80007430	4bc13b93	sltiu	x23,x2,1212	  x2:0x80040ca0 x23=0x00000000
     351495.000 ns	     35148	80007434	215e9253	fsgnjn.s	f4,f29,f21	 f29:0x00000000 f21:0x43400000  f4=0x80000000
     351525.000 ns	     35151	80007438	032ab133	mulhu	x2,x21,x18	 x21:0x80041024 x18:0x00000080  x2=0x00000040
     351545.000 ns	     35153	8000743c	015da333	slt	x6,x27,x21	 x27:0x00000010 x21:0x80041024  x6=0x00000000
     351555.000 ns	     35154	80007440	7ccf8813	addi	x16,x31,1996	 x31:0x00000000 x16=0x000007cc
     351585.000 ns	     35157	80007444	182ffb53	fdiv.s	f22,f31,f2	 f31:0x00000000  f2:0x7f800000 f22=0x00000000
     351605.000 ns	     35159	80007448	015eb133	sltu	x2,x29,x21	 x29:0x80041024 x21:0x80041024  x2=0x00000000
     351615.000 ns	     35160	8000744c	00000013	addi	x0,x0,0	  x0:0x00000000
     351635.000 ns	     35162	80007450	03fcf533	remu	x10,x25,x31	 x25:0x9a07254c x31:0x00000000 x10=0x9a07254c
     351665.000 ns	     35165	80007454	c006cf53	fcvt.w.s	x30,f13	 f13:0x511a0725 x30=0x7fffffff
     351685.000 ns	     35167	80007458	009e1d33	sll	x26,x28,x9	 x28:0x00000000  x9:0x80040fe4 x26=0x00000000
     352855.000 ns	     35284	8000745c	5808fad3	fsqrt.s	f21,f17	 f17:0x41800000 f21=0x407fffae
     352875.000 ns	     35286	80007460	01a73eb3	sltu	x29,x14,x26	 x14:0x00000000 x26:0x00000144 x29=0x00000000
     352895.000 ns	     35288	80007464	2134a2d3	fsgnjx.s	f5,f9,f19	  f9:0x41000000 f19:0x4f1a0725  f5=0x41000000
     352915.000 ns	     35290	80007468	001c3933	sltu	x18,x24,x1	 x24:0x00000000  x1:0x00000000 x18=0x00000000
     353275.000 ns	     35326	8000746c	03045533	divu	x10,x8,x16	  x8:0x00000008 x16:0x000007cc x10=0x00000000
     353295.000 ns	     35328	80007470	00de8e33	add	x28,x29,x13	 x29:0x00000000 x13:0x87000000 x28=0x87000000
     353315.000 ns	     35330	80007474	02cdcbb3	div	x23,x27,x12	 x27:0x00000010 x12:0x00000000 x23=0xffffffff
     353345.000 ns	     35333	80007478	e00b1d53	fclass.s	x26,f22	 f22:0x00000000 x26=0x00000010
     353365.000 ns	     35335	8000747c	04974d93	xori	x27,x14,73	 x14:0x00000000 x27=0x00000049
     353385.000 ns	     35337	80007480	20b41053	fsgnjn.s	f0,f8,f11	  f8:0x00000000 f11:0xff800000  f0=0x00000000
     353415.000 ns	     35340	80007484	a1dc0bd3	fle.s	x23,f24,f29	 f24:0x80000000 f29:0x00000000 x23=0x00000001
     353435.000 ns	     35342	80007488	4bcdc313	xori	x6,x27,1212	 x27:0x00000049  x6=0x000004f5
     353445.000 ns	     35343	8000748c	098a8913	addi	x18,x21,152	 x21:0x80041024 x18=0x800410bc
     353455.000 ns	     35344	80007490	00bf52b3	srl	x5,x30,x11	 x30:0x7fffffff x11:0x00000000  x5=0x7fffffff
     353465.000 ns	     35345	80007494	001433b3	sltu	x7,x8,x1	  x8:0x00000008  x1:0x00000000  x7=0x00000000
     353475.000 ns	     35346	80007498	00089d13	slli	x26,x17,0x0	 x17:0x00000001 x26=0x00000001
     353485.000 ns	     35347	8000749c	00e75d13	srli	x26,x14,0xe	 x14:0x00000000 x26=0x00000000
     353495.000 ns	     35348	800074a0	839f4913	xori	x18,x30,-1991	 x30:0x7fffffff x18=0x800007c6
     353505.000 ns	     35349	800074a4	00c182b3	add	x5,x3,x12	  x3:0xfffffc8f x12:0x00000000  x5=0xfffffc8f
     353865.000 ns	     35385	800074a8	024bfbb3	remu	x23,x23,x4	 x23:0x00000001  x4:0xfffffc25 x23=0x00000001
     353895.000 ns	     35388	800074ac	033d02b3	mul	x5,x26,x19	 x26:0x00000000 x19:0x00000000  x5=0x00000000
     353915.000 ns	     35390	800074b0	9cb1be13	sltiu	x28,x3,-1589	  x3:0xfffffc8f x28=0x00000000
     353935.000 ns	     35392	800074b4	e00b13d3	fclass.s	x7,f22	 f22:0x00000000  x7=0x00000010
     353965.000 ns	     35395	800074b8	e00c00d3	fmv.x.w	x1,f24	 f24:0x80000000  x1=0x80000000
     353985.000 ns	     35397	800074bc	b5b80f13	addi	x30,x16,-1189	 x16:0x000007cc x30=0x00000327
     354005.000 ns	     35399	800074c0	29ea8ad3	fmin.s	f21,f21,f30	 f21:0x407fffae f30:0x80000000 f21=0x80000000
     354035.000 ns	     35402	800074c4	f00d8d53	fmv.w.x	f26,x27	 x27:0x00000049 f26=0x00000049
     354055.000 ns	     35404	800074c8	01cbf533	and	x10,x23,x28	 x23:0x00000001 x28:0x00000000 x10=0x00000000
     354065.000 ns	     35405	800074cc	01479b93	slli	x23,x15,0x14	 x15:0x00000000 x23=0x00000000
     354425.000 ns	     35441	800074d0	03bacd33	div	x26,x21,x27	 x21:0x80041024 x27:0x00000049 x26=0xfe3f2dd0
     354455.000 ns	     35444	800074d4	02a42733	mulhsu	x14,x8,x10	  x8:0x00000008 x10:0x00000000 x14=0x00000000
     354505.000 ns	     35449	800074d8	099a79d3	fsub.s	f19,f20,f25	 f20:0x7f800000 f25:0x00000000 f19=0x7f800000
     354525.000 ns	     35451	800074dc	00199413	slli	x8,x19,0x1	 x19:0x00000000  x8=0x00000000
     354535.000 ns	     35452	800074e0	7b32e513	ori	x10,x5,1971	  x5:0x00000000 x10=0x000007b3
     354575.000 ns	     35456	800074e4	099bbe53	fsub.s	f28,f23,f25	 f23:0x41800000 f25:0x00000000 f28=0x41800000
     354595.000 ns	     35458	800074e8	01293bb3	sltu	x23,x18,x18	 x18:0x800007c6 x18:0x800007c6 x23=0x00000000
     354625.000 ns	     35461	800074ec	58067e53	fsqrt.s	f28,f12	 f12:0x00000000 f28=0x00000000
     354645.000 ns	     35463	800074f0	00e5d733	srl	x14,x11,x14	 x11:0x00000000 x14:0x00000000 x14=0x00000000
     354655.000 ns	     35464	800074f4	01ec1433	sll	x8,x24,x30	 x24:0x00000000 x30:0x00000327  x8=0x00000000
     354675.000 ns	     35466	800074f8	a1b108d3	fle.s	x17,f2,f27	  f2:0x7f800000 f27:0x4f800000 x17=0x00000000
     354695.000 ns	     35468	800074fc	44cc0a13	addi	x20,x24,1100	 x24:0x00000000 x20=0x0000044c
     354715.000 ns	     35470	80007500	28b79ad3	fmax.s	f21,f15,f11	 f15:0x7fc00000 f11:0xff800000 f21=0xff800000
     354745.000 ns	     35473	80007504	e0059c53	fclass.s	x24,f11	 f11:0xff800000 x24=0x00000001
     354795.000 ns	     35478	80007508	00aa7553	fadd.s	f10,f20,f10	 f20:0x7f800000 f10:0x41800000 f10=0x7f800000
     354815.000 ns	     35480	8000750c	453b8113	addi	x2,x23,1107	 x23:0x00000000  x2=0x00000453
     354825.000 ns	     35481	80007510	40058033	sub	x0,x11,x0	 x11:0x00000000  x0:0x00000000
     354835.000 ns	     35482	80007514	c5dca293	slti	x5,x25,-931	 x25:0x9a07254c  x5=0x00000001
     354845.000 ns	     35483	80007518	6cc0bd13	sltiu	x26,x1,1740	  x1:0x80000000 x26=0x00000000
     354865.000 ns	     35485	8000751c	a07023d3	feq.s	x7,f0,f7	  f0:0x00000000  f7:0xc421c000  x7=0x00000000
     354885.000 ns	     35487	80007520	d1ca0213	addi	x4,x20,-740	 x20:0x0000044c  x4=0x00000168
     354925.000 ns	     35491	80007524	09939e53	fsub.s	f28,f7,f25	  f7:0xc421c000 f25:0x00000000 f28=0xc421c000
     354965.000 ns	     35495	80007528	11091953	fmul.s	f18,f18,f16	 f18:0x00000000 f16:0x00000000 f18=0x00000000
     354985.000 ns	     35497	8000752c	010c2db3	slt	x27,x24,x16	 x24:0x00000001 x16:0x000007cc x27=0x00000001
     355005.000 ns	     35499	80007530	297d82d3	fmin.s	f5,f27,f23	 f27:0x4f800000 f23:0x41800000  f5=0x41800000
     355045.000 ns	     35503	80007534	1809b853	fdiv.s	f16,f19,f0	 f19:0x7f800000  f0:0x00000000 f16=0x7f800000
     355075.000 ns	     35506	80007538	207c08d3	fsgnj.s	f17,f24,f7	 f24:0x80000000  f7:0xc421c000 f17=0x80000000
     355105.000 ns	     35509	8000753c	20470c53	fsgnj.s	f24,f14,f4	 f14:0x80041024  f4:0x80000000 f24=0x80041024
     355145.000 ns	     35513	80007540	1175b053	fmul.s	f0,f11,f23	 f11:0xff800000 f23:0x41800000  f0=0xff800000
     355165.000 ns	     35515	80007544	01bfa733	slt	x14,x31,x27	 x31:0x00000000 x27:0x00000001 x14=0x00000001
     355175.000 ns	     35516	80007548	7d3cdf17	auipc	x30,0x7d3cd	 x30=0xfd3d4548
     355185.000 ns	     35517	8000754c	41d45e13	srai	x28,x8,0x1d	  x8:0x00000000 x28=0x00000000
     355195.000 ns	     35518	80007550	b82c3713	sltiu	x14,x24,-1150	 x24:0x00000001 x14=0x00000001
     355205.000 ns	     35519	80007554	41048733	sub	x14,x9,x16	  x9:0x80040fe4 x16:0x000007cc x14=0x80040818
     355245.000 ns	     35523	80007558	0966c8d3	fsub.s	f17,f13,f22	 f13:0x511a0725 f22:0x00000000 f17=0x511a0725
     355265.000 ns	     35525	8000755c	4182da13	srai	x20,x5,0x18	  x5:0x00000001 x20=0x00000000
     355275.000 ns	     35526	80007560	df4f4f93	xori	x31,x30,-524	 x30:0xfd3d4548 x31=0x02c2b8bc
     355285.000 ns	     35527	80007564	25b44093	xori	x1,x8,603	  x8:0x00000000  x1=0x0000025b
     355295.000 ns	     35528	80007568	fd252213	slti	x4,x10,-46	 x10:0x000007b3  x4=0x00000000
     355315.000 ns	     35530	8000756c	02702d33	mulhsu	x26,x0,x7	  x0:0x00000000  x7:0x00000000 x26=0x00000000
     355345.000 ns	     35533	80007570	e0019553	fclass.s	x10,f3	  f3:0x3f800000 x10=0x00000040
     355375.000 ns	     35536	80007574	038c8e33	mul	x28,x25,x24	 x25:0x9a07254c x24:0x00000001 x28=0x9a07254c
     355395.000 ns	     35538	80007578	21524b13	xori	x22,x4,533	  x4:0x00000000 x22=0x00000215
     355405.000 ns	     35539	8000757c	01ce6033	or	x0,x28,x28	 x28:0x9a07254c x28:0x9a07254c
     355415.000 ns	     35540	80007580	40810733	sub	x14,x2,x8	  x2:0x00000453  x8:0x00000000 x14=0x00000453
     355425.000 ns	     35541	80007584	001fc3b3	xor	x7,x31,x1	 x31:0x02c2b8bc  x1:0x0000025b  x7=0x02c2bae7
     355435.000 ns	     35542	80007588	decb8513	addi	x10,x23,-532	 x23:0x00000000 x10=0xfffffdec
     355455.000 ns	     35544	8000758c	03cea6b3	mulhsu	x13,x29,x28	 x29:0x00000000 x28:0x9a07254c x13=0x00000000
     355825.000 ns	     35581	80007590	0356c533	div	x10,x13,x21	 x13:0x87000000 x21:0x80041024 x10=0x00000000
     355845.000 ns	     35583	80007594	01471613	slli	x12,x14,0x14	 x14:0x00000453 x12=0x45300000
     355865.000 ns	     35585	80007598	d0027053	fcvt.s.w	f0,x4	  x4:0x00000000  f0=0x00000000
     355895.000 ns	     35588	8000759c	f00505d3	fmv.w.x	f11,x10	 x10:0x00000000 f11=0x00000000
     355915.000 ns	     35590	800075a0	006ee9b3	or	x19,x29,x6	 x29:0x00000000  x6:0x000004f5 x19=0x000004f5
     355925.000 ns	     35591	800075a4	008b2233	slt	x4,x22,x8	 x22:0x00000215  x8:0x00000000  x4=0x00000000
     355935.000 ns	     35592	800075a8	414e08b3	sub	x17,x28,x20	 x28:0x9a07254c x20:0x00000000 x17=0x9a07254c
     355955.000 ns	     35594	800075ac	d0194ed3	fcvt.s.wu	f29,x18	 x18:0x800007c6 f29=0x4f000008
     355985.000 ns	     35597	800075b0	29098753	fmin.s	f14,f19,f16	 f19:0x7f800000 f16:0x7f800000 f14=0x7f800000
     356015.000 ns	     35600	800075b4	21132553	fsgnjx.s	f10,f6,f17	  f6:0x80000000 f17:0x511a0725 f10=0x80000000
     356035.000 ns	     35602	800075b8	0076a3b3	slt	x7,x13,x7	 x13:0x00000000  x7:0x02c2bae7  x7=0x00000001
     356045.000 ns	     35603	800075bc	0095ca33	xor	x20,x11,x9	 x11:0x00000000  x9:0x80040fe4 x20=0x80040fe4
     356055.000 ns	     35604	800075c0	019133b3	sltu	x7,x2,x25	  x2:0x00000453 x25:0x9a07254c  x7=0x00000001
     356065.000 ns	     35605	800075c4	5bf9d517	auipc	x10,0x5bf9d	 x10=0xdbfa45c4
     356085.000 ns	     35607	800075c8	c017ffd3	fcvt.wu.s	x31,f15	 f15:0x7fc00000 x31=0xffffffff
     356105.000 ns	     35609	800075cc	401789b3	sub	x19,x15,x1	 x15:0x00000000  x1:0x0000025b x19=0xfffffda5
     356125.000 ns	     35611	800075d0	c00219d3	fcvt.w.s	x19,f4	  f4:0x80000000 x19=0x00000000
     356155.000 ns	     35614	800075d4	20aeafd3	fsgnjx.s	f31,f29,f10	 f29:0x4f000008 f10:0x80000000 f31=0xcf000008
     356175.000 ns	     35616	800075d8	0042f3b3	and	x7,x5,x4	  x5:0x00000001  x4:0x00000000  x7=0x00000000
     356535.000 ns	     35652	800075dc	03fdc633	div	x12,x27,x31	 x27:0x00000001 x31:0xffffffff x12=0xffffffff
     356565.000 ns	     35655	800075e0	e00d9dd3	fclass.s	x27,f27	 f27:0x4f800000 x27=0x00000040
     356595.000 ns	     35658	800075e4	c00909d3	fcvt.w.s	x19,f18	 f18:0x00000000 x19=0x00000000
     356615.000 ns	     35660	800075e8	26836193	ori	x3,x6,616	  x6:0x000004f5  x3=0x000006fd
     356635.000 ns	     35662	800075ec	286f0dd3	fmin.s	f27,f30,f6	 f30:0x80000000  f6:0x80000000 f27=0x80000000
     356655.000 ns	     35664	800075f0	01fb6fb3	or	x31,x22,x31	 x22:0x00000215 x31:0xffffffff x31=0xffffffff
     356665.000 ns	     35665	800075f4	04934037	lui	x0,0x4934	
     356695.000 ns	     35668	800075f8	11499c53	fmul.s	f24,f19,f20	 f19:0x7f800000 f20:0x7f800000 f24=0x7f800000
     356725.000 ns	     35671	800075fc	d0050cd3	fcvt.s.w	f25,x10	 x10:0xdbfa45c4 f25=0xce1016e8
     356745.000 ns	     35673	80007600	0129e1b3	or	x3,x19,x18	 x19:0x00000000 x18:0x800007c6  x3=0x800007c6
     356755.000 ns	     35674	80007604	000b9133	sll	x2,x23,x0	 x23:0x00000000  x0:0x00000000  x2=0x00000000
     356765.000 ns	     35675	80007608	7ee4f593	andi	x11,x9,2030	  x9:0x80040fe4 x11=0x000007e4
     356775.000 ns	     35676	8000760c	07b53793	sltiu	x15,x10,123	 x10:0xdbfa45c4 x15=0x00000000
     356785.000 ns	     35677	80007610	6f82cb13	xori	x22,x5,1784	  x5:0x00000001 x22=0x000006f9
     356795.000 ns	     35678	80007614	005c9093	slli	x1,x25,0x5	 x25:0x9a07254c  x1=0x40e4a980
     356805.000 ns	     35679	80007618	00d91113	slli	x2,x18,0xd	 x18:0x800007c6  x2=0x00f8c000
     356815.000 ns	     35680	8000761c	40a25313	srai	x6,x4,0xa	  x4:0x00000000  x6=0x00000000
     357175.000 ns	     35716	80007620	03ba6db3	rem	x27,x20,x27	 x20:0x80040fe4 x27:0x00000040 x27=0xffffffe4
     357205.000 ns	     35719	80007624	c000ba53	fcvt.w.s	x20,f1	  f1:0x00000001 x20=0x00000000
     357245.000 ns	     35723	80007628	18f5f453	fdiv.s	f8,f11,f15	 f11:0x00000000 f15:0x7fc00000  f8=0x7fc00000
     357265.000 ns	     35725	8000762c	00b11db3	sll	x27,x2,x11	  x2:0x00f8c000 x11:0x000007e4 x27=0x0f8c0000
     357285.000 ns	     35727	80007630	03243a33	mulhu	x20,x8,x18	  x8:0x00000000 x18:0x800007c6 x20=0x00000000
     357305.000 ns	     35729	80007634	40e00433	sub	x8,x0,x14	  x0:0x00000000 x14:0x00000453  x8=0xfffffbad
     357325.000 ns	     35731	80007638	a06c96d3	flt.s	x13,f25,f6	 f25:0xce1016e8  f6:0x80000000 x13=0x00000001
     357365.000 ns	     35735	8000763c	11191453	fmul.s	f8,f18,f17	 f18:0x00000000 f17:0x511a0725  f8=0x00000000
     357385.000 ns	     35737	80007640	f11fbf13	sltiu	x30,x31,-239	 x31:0xffffffff x30=0x00000000
     357405.000 ns	     35739	80007644	03101533	mulh	x10,x0,x17	  x0:0x00000000 x17:0x9a07254c x10=0x00000000
     357435.000 ns	     35742	80007648	02f6f8b3	remu	x17,x13,x15	 x13:0x00000001 x15:0x00000000 x17=0x00000001
     357465.000 ns	     35745	8000764c	20500ed3	fsgnj.s	f29,f0,f5	  f0:0x00000000  f5:0x41800000 f29=0x00000000
     357495.000 ns	     35748	80007650	a11889d3	fle.s	x19,f17,f17	 f17:0x511a0725 f17:0x511a0725 x19=0x00000001
     357515.000 ns	     35750	80007654	40625133	sra	x2,x4,x6	  x4:0x00000000  x6:0x00000000  x2=0x00000000
     357535.000 ns	     35752	80007658	022d5e33	divu	x28,x26,x2	 x26:0x00000000  x2:0x00f8c000 x28=0xffffffff
     357565.000 ns	     35755	8000765c	28869453	fmax.s	f8,f13,f8	 f13:0x511a0725  f8:0x00000000  f8=0x511a0725
     357595.000 ns	     35758	80007660	02a1abb3	mulhsu	x23,x3,x10	  x3:0x800007c6 x10:0x00000000 x23=0x00000000
     357625.000 ns	     35761	80007664	021b8133	mul	x2,x23,x1	 x23:0x00000000  x1:0x40e4a980  x2=0x00000000
     357655.000 ns	     35764	80007668	a1bd9f53	flt.s	x30,f27,f27	 f27:0x80000000 f27:0x80000000 x30=0x00000000
     357675.000 ns	     35766	8000766c	01a11113	slli	x2,x2,0x1a	  x2:0x00000000  x2=0x00000000
     357685.000 ns	     35767	80007670	41eb5593	srai	x11,x22,0x1e	 x22:0x000006f9 x11=0x00000000
     357705.000 ns	     35769	80007674	d0107253	fcvt.s.wu	f4,x0	  x0:0x00000000  f4=0x00000000
     357725.000 ns	     35771	80007678	00595633	srl	x12,x18,x5	 x18:0x800007c6  x5:0x00000001 x12=0x400003e3
     357755.000 ns	     35774	8000767c	11e7f7d3	fmul.s	f15,f15,f30	 f15:0x7fc00000 f30:0x80000000 f15=0x7fc00000
     357785.000 ns	     35777	80007680	d00ef2d3	fcvt.s.w	f5,x29	 x29:0x00000000  f5=0x00000000
     357815.000 ns	     35780	80007684	d010c953	fcvt.s.wu	f18,x1	  x1:0x40e4a980 f18=0x4e81c953
     357845.000 ns	     35783	80007688	20241f53	fsgnjn.s	f30,f8,f2	  f8:0x511a0725  f2:0x7f800000 f30=0xd11a0725
     357875.000 ns	     35786	8000768c	02264b33	div	x22,x12,x2	 x12:0x400003e3  x2:0x00000000 x22=0xffffffff
     357905.000 ns	     35789	80007690	02bb96b3	mulh	x13,x23,x11	 x23:0x00000000 x11:0x00000000 x13=0x00000000
     357925.000 ns	     35791	80007694	002c8bb3	add	x23,x25,x2	 x25:0x9a07254c  x2:0x00000000 x23=0x9a07254c
     357935.000 ns	     35792	80007698	01a90333	add	x6,x18,x26	 x18:0x800007c6 x26:0x00000000  x6=0x800007c6
     357945.000 ns	     35793	8000769c	41fcd193	srai	x3,x25,0x1f	 x25:0x9a07254c  x3=0xffffffff
     357955.000 ns	     35794	800076a0	01639bb3	sll	x23,x7,x22	  x7:0x00000000 x22:0xffffffff x23=0x00000000
     357975.000 ns	     35796	800076a4	289807d3	fmin.s	f15,f16,f9	 f16:0x7f800000  f9:0x41000000 f15=0x41000000
     357995.000 ns	     35798	800076a8	01b269b3	or	x19,x4,x27	  x4:0x00000000 x27:0x0f8c0000 x19=0x0f8c0000
     358015.000 ns	     35800	800076ac	d0132653	fcvt.s.wu	f12,x6	  x6:0x800007c6 f12=0x4f000008
     358045.000 ns	     35803	800076b0	d00429d3	fcvt.s.w	f19,x8	  x8:0xfffffbad f19=0xc48a6000
     358075.000 ns	     35806	800076b4	d01987d3	fcvt.s.wu	f15,x19	 x19:0x0f8c0000 f15=0x4d78c000
     358445.000 ns	     35843	800076b8	03be6833	rem	x16,x28,x27	 x28:0xffffffff x27:0x0f8c0000 x16=0xffffffff
     358475.000 ns	     35846	800076bc	025a3f33	mulhu	x30,x20,x5	 x20:0x00000000  x5:0x00000001 x30=0x00000000
     358495.000 ns	     35848	800076c0	3c0e1017	auipc	x0,0x3c0e1	
     358515.000 ns	     35850	800076c4	21912053	fsgnjx.s	f0,f2,f25	  f2:0x7f800000 f25:0xce1016e8  f0=0xff800000
     358545.000 ns	     35853	800076c8	a1ac90d3	flt.s	x1,f25,f26	 f25:0xce1016e8 f26:0x00000049  x1=0x00000001
     358575.000 ns	     35856	800076cc	20ff8d53	fsgnj.s	f26,f31,f15	 f31:0xcf000008 f15:0x4d78c000 f26=0x4f000008
     358595.000 ns	     35858	800076d0	018bafb3	slt	x31,x23,x24	 x23:0x00000000 x24:0x00000001 x31=0x00000001
     358605.000 ns	     35859	800076d4	018f8633	add	x12,x31,x24	 x31:0xffffffff x24:0x00000001 x12=0x00000002
     358615.000 ns	     35860	800076d8	008ee233	or	x4,x29,x8	 x29:0x00000000  x8:0xfffffbad  x4=0xfffffbad
     358635.000 ns	     35862	800076dc	a12223d3	feq.s	x7,f4,f18	  f4:0x00000000 f18:0x4e81c953  x7=0x00000000
     358665.000 ns	     35865	800076e0	03d31f33	mulh	x30,x6,x29	  x6:0x800007c6 x29:0x00000000 x30=0x00000000
     358695.000 ns	     35868	800076e4	d00a97d3	fcvt.s.w	f15,x21	 x21:0x80041024 f15=0xcefff7df
     358715.000 ns	     35870	800076e8	01e55b93	srli	x23,x10,0x1e	 x10:0x00000000 x23=0x00000000
     358725.000 ns	     35871	800076ec	9f332e13	slti	x28,x6,-1549	  x6:0x800007c6 x28=0x00000001
     358765.000 ns	     35875	800076f0	09fe7ad3	fsub.s	f21,f28,f31	 f28:0xc421c000 f31:0xcf000008 f21=0x4f000005
     358795.000 ns	     35878	800076f4	03e595b3	mulh	x11,x11,x30	 x11:0x00000000 x30:0x00000000 x11=0x00000000
     358825.000 ns	     35881	800076f8	03e94a33	div	x20,x18,x30	 x18:0x800007c6 x30:0x00000000 x20=0xffffffff
     358855.000 ns	     35884	800076fc	03260833	mul	x16,x12,x18	 x12:0x00000002 x18:0x800007c6 x16=0x00000f8c
     358885.000 ns	     35887	80007700	02ec91b3	mulh	x3,x25,x14	 x25:0x9a07254c x14:0x00000453  x3=0xfffffe47
     358915.000 ns	     35890	80007704	03e5c3b3	div	x7,x11,x30	 x11:0x00000000 x30:0x00000000  x7=0xffffffff
     358945.000 ns	     35893	80007708	03f41433	mulh	x8,x8,x31	  x8:0xfffffbad x31:0x00000001  x8=0xffffffff
     359315.000 ns	     35930	8000770c	023ede33	divu	x28,x29,x3	 x29:0x00000000  x3:0xfffffe47 x28=0x00000000
     359335.000 ns	     35932	80007710	4d470913	addi	x18,x14,1236	 x14:0x00000453 x18=0x00000927
     359375.000 ns	     35936	80007714	085826d3	fsub.s	f13,f16,f5	 f16:0x7f800000  f5:0x00000000 f13=0x7f800000
     359395.000 ns	     35938	80007718	01dd23b3	slt	x7,x26,x29	 x26:0x00000000 x29:0x00000000  x7=0x00000000
     359405.000 ns	     35939	8000771c	40a50fb3	sub	x31,x10,x10	 x10:0x00000000 x10:0x00000000 x31=0x00000000
     359435.000 ns	     35942	80007720	580a3ad3	fsqrt.s	f21,f20	 f20:0x7f800000 f21=0x7f800000
     359455.000 ns	     35944	80007724	00db6833	or	x16,x22,x13	 x22:0xffffffff x13:0x00000000 x16=0xffffffff
     359495.000 ns	     35948	80007728	00d129d3	fadd.s	f19,f2,f13	  f2:0x7f800000 f13:0x7f800000 f19=0x00000000
     359515.000 ns	     35950	8000772c	b1390d97	auipc	x27,0xb1390	 x27=0x3139772c
     359875.000 ns	     35986	80007730	036ffbb3	remu	x23,x31,x22	 x31:0x00000000 x22:0xffffffff x23=0x00000000
     359915.000 ns	     35990	80007734	18f2f653	fdiv.s	f12,f5,f15	  f5:0x00000000 f15:0xcefff7df f12=0x80000000
     359955.000 ns	     35994	80007738	580ec253	fsqrt.s	f4,f29	 f29:0x00000000  f4=0x00000000
     359975.000 ns	     35996	8000773c	01359d93	slli	x27,x11,0x13	 x11:0x00000000 x27=0x00000000
     359995.000 ns	     35998	80007740	02d64733	div	x14,x12,x13	 x12:0x00000002 x13:0x00000000 x14=0xffffffff
     360025.000 ns	     36001	80007744	293b06d3	fmin.s	f13,f22,f19	 f22:0x00000000 f19:0x00000000 f13=0x00000000
     360055.000 ns	     36004	80007748	282b13d3	fmax.s	f7,f22,f2	 f22:0x00000000  f2:0x7f800000  f7=0x7f800000
     360085.000 ns	     36007	8000774c	035991b3	mulh	x3,x19,x21	 x19:0x0f8c0000 x21:0x80041024  x3=0xf83a3f2a
     360105.000 ns	     36009	80007750	007d1d33	sll	x26,x26,x7	 x26:0x00000000  x7:0x00000000 x26=0x00000000
     360125.000 ns	     36011	80007754	03d02733	mulhsu	x14,x0,x29	  x0:0x00000000 x29:0x00000000 x14=0x00000000
     360145.000 ns	     36013	80007758	00be19b3	sll	x19,x28,x11	 x28:0x00000000 x11:0x00000000 x19=0x00000000
     360505.000 ns	     36049	8000775c	02176e33	rem	x28,x14,x1	 x14:0x00000000  x1:0x00000001 x28=0x00000000
     360535.000 ns	     36052	80007760	a17a8453	fle.s	x8,f21,f23	 f21:0x7f800000 f23:0x41800000  x8=0x00000000
     360565.000 ns	     36055	80007764	28589153	fmax.s	f2,f17,f5	 f17:0x511a0725  f5:0x00000000  f2=0x511a0725
     360595.000 ns	     36058	80007768	c01cfa53	fcvt.wu.s	x20,f25	 f25:0xce1016e8 x20=0x2405ba00
     360965.000 ns	     36095	8000776c	0265dc33	divu	x24,x11,x6	 x11:0x00000000  x6:0x800007c6 x24=0x00000000
     360995.000 ns	     36098	80007770	03d6bfb3	mulhu	x31,x13,x29	 x13:0x00000000 x29:0x00000000 x31=0x00000000
     361015.000 ns	     36100	80007774	0146a233	slt	x4,x13,x20	 x13:0x00000000 x20:0x2405ba00  x4=0x00000001
     361025.000 ns	     36101	80007778	01fd1033	sll	x0,x26,x31	 x26:0x00000000 x31:0x00000000
     361045.000 ns	     36103	8000777c	027ba7b3	mulhsu	x15,x23,x7	 x23:0x00000000  x7:0x00000000 x15=0x00000000
     361075.000 ns	     36106	80007780	a0559653	flt.s	x12,f11,f5	 f11:0x00000000  f5:0x00000000 x12=0x00000000
     361115.000 ns	     36110	80007784	58087cd3	fsqrt.s	f25,f16	 f16:0x7f800000 f25=0x7f800000
     361135.000 ns	     36112	80007788	00fd1293	slli	x5,x26,0xf	 x26:0x00000000  x5=0x00000000
     361145.000 ns	     36113	8000778c	415b57b3	sra	x15,x22,x21	 x22:0xffffffff x21:0x80041024 x15=0xffffffff
     361165.000 ns	     36115	80007790	e00d9453	fclass.s	x8,f27	 f27:0x80000000  x8=0x00000008
     361185.000 ns	     36117	80007794	4a3a0f37	lui	x30,0x4a3a0	 x30=0x4a3a0000
     361205.000 ns	     36119	80007798	a1d18c53	fle.s	x24,f3,f29	  f3:0x3f800000 f29:0x00000000 x24=0x00000000
     361235.000 ns	     36122	8000779c	02f93bb3	mulhu	x23,x18,x15	 x18:0x00000927 x15:0xffffffff x23=0x00000926
     361255.000 ns	     36124	800077a0	01bf5913	srli	x18,x30,0x1b	 x30:0x4a3a0000 x18=0x00000009
     361265.000 ns	     36125	800077a4	00001313	slli	x6,x0,0x0	  x0:0x00000000  x6=0x00000000
     361285.000 ns	     36127	800077a8	e0009553	fclass.s	x10,f1	  f1:0x00000001 x10=0x00000020
     361325.000 ns	     36131	800077ac	5806add3	fsqrt.s	f27,f13	 f13:0x00000000 f27=0x00000000
     361695.000 ns	     36168	800077b0	02f963b3	rem	x7,x18,x15	 x18:0x00000009 x15:0xffffffff  x7=0x00000000
     361715.000 ns	     36170	800077b4	41ec5093	srai	x1,x24,0x1e	 x24:0x00000000  x1=0x00000000
     362075.000 ns	     36206	800077b8	037d4a33	div	x20,x26,x23	 x26:0x00000000 x23:0x00000926 x20=0x00000000
     362445.000 ns	     36243	800077bc	036dffb3	remu	x31,x27,x22	 x27:0x00000000 x22:0xffffffff x31=0x00000000
     362465.000 ns	     36245	800077c0	01a92133	slt	x2,x18,x26	 x18:0x00000009 x26:0x00000000  x2=0x00000000
     362485.000 ns	     36247	800077c4	a04685d3	fle.s	x11,f13,f4	 f13:0x00000000  f4:0x00000000 x11=0x00000001
     362505.000 ns	     36249	800077c8	01730f33	add	x30,x6,x23	  x6:0x00000000 x23:0x00000926 x30=0x00000926
     362525.000 ns	     36251	800077cc	d0184bd3	fcvt.s.wu	f23,x16	 x16:0xffffffff f23=0x4f800000
     362895.000 ns	     36288	800077d0	0308e833	rem	x16,x17,x16	 x17:0x00000001 x16:0xffffffff x16=0x00000000
     363265.000 ns	     36325	800077d4	024bf433	remu	x8,x23,x4	 x23:0x00000926  x4:0x00000001  x8=0x00000000
     363635.000 ns	     36362	800077d8	02966933	rem	x18,x12,x9	 x12:0x00000000  x9:0x80040fe4 x18=0x00000000
     363665.000 ns	     36365	800077dc	02b330b3	mulhu	x1,x6,x11	  x6:0x00000000 x11:0x00000001  x1=0x00000000
     363685.000 ns	     36367	800077e0	f93cffb7	lui	x31,0xf93cf	 x31=0xf93cf000
     363695.000 ns	     36368	800077e4	411f8933	sub	x18,x31,x17	 x31:0x00000000 x17:0x00000001 x18=0xf93cefff
     363715.000 ns	     36370	800077e8	a1b28953	fle.s	x18,f5,f27	  f5:0x00000000 f27:0x00000000 x18=0x00000001
     363735.000 ns	     36372	800077ec	d82e3eb7	lui	x29,0xd82e3	 x29=0xd82e3000
     363745.000 ns	     36373	800077f0	00000013	addi	x0,x0,0	  x0:0x00000000
     363755.000 ns	     36374	800077f4	2c1a3f93	sltiu	x31,x20,705	 x20:0x00000000 x31=0x00000001
     363775.000 ns	     36376	800077f8	c01a23d3	fcvt.wu.s	x7,f20	 f20:0x7f800000  x7=0xffffffff
     364145.000 ns	     36413	800077fc	024959b3	divu	x19,x18,x4	 x18:0x00000001  x4:0x00000001 x19=0x00000001
     364165.000 ns	     36415	80007800	01121033	sll	x0,x4,x17	  x4:0x00000001 x17:0x00000001
     364185.000 ns	     36417	80007804	29c78c53	fmin.s	f24,f15,f28	 f15:0xcefff7df f28:0xc421c000 f24=0xcefff7df
     364215.000 ns	     36420	80007808	a0752c53	feq.s	x24,f10,f7	 f10:0x80000000  f7:0x7f800000 x24=0x00000000
     364235.000 ns	     36422	8000780c	2a60b093	sltiu	x1,x1,678	  x1:0x00000000  x1=0x00000001
     364255.000 ns	     36424	80007810	28ab9753	fmax.s	f14,f23,f10	 f23:0x4f800000 f10:0x80000000 f14=0x4f800000
     364295.000 ns	     36428	80007814	58028ad3	fsqrt.s	f21,f5	  f5:0x00000000 f21=0x00000000
     364665.000 ns	     36465	80007818	02bcc633	div	x12,x25,x11	 x25:0x9a07254c x11:0x00000001 x12=0x9a07254c
     364685.000 ns	     36467	8000781c	92f98737	lui	x14,0x92f98	 x14=0x92f98000
     364705.000 ns	     36469	80007820	e0039e53	fclass.s	x28,f7	  f7:0x7f800000 x28=0x00000080
     364725.000 ns	     36471	80007824	00000013	addi	x0,x0,0	  x0:0x00000000
     364745.000 ns	     36473	80007828	020d30b3	mulhu	x1,x26,x0	 x26:0x00000000  x0:0x00000000  x1=0x00000000
     364765.000 ns	     36475	8000782c	018667b3	or	x15,x12,x24	 x12:0x9a07254c x24:0x00000000 x15=0x9a07254c
     364775.000 ns	     36476	80007830	404fd013	srai	x0,x31,0x4	 x31:0x00000001
     364785.000 ns	     36477	80007834	97ddb313	sltiu	x6,x27,-1667	 x27:0x00000000  x6=0x00000001
     364795.000 ns	     36478	80007838	002687b3	add	x15,x13,x2	 x13:0x00000000  x2:0x00000000 x15=0x00000000
     364815.000 ns	     36480	8000783c	21502853	fsgnjx.s	f16,f0,f21	  f0:0xff800000 f21:0x00000000 f16=0xff800000
     364835.000 ns	     36482	80007840	0095a233	slt	x4,x11,x9	 x11:0x00000001  x9:0x80040fe4  x4=0x00000000
     364855.000 ns	     36484	80007844	03db9f33	mulh	x30,x23,x29	 x23:0x00000926 x29:0xd82e3000 x30=0xfffffe93
     366035.000 ns	     36602	80007848	5800b053	fsqrt.s	f0,f1	  f1:0x00000001  f0=0x1f350483
     366055.000 ns	     36604	8000784c	40e95f93	srai	x31,x18,0xe	 x18:0x00000001 x31=0x00000000
     366065.000 ns	     36605	80007850	00000013	addi	x0,x0,0	  x0:0x00000000
     366085.000 ns	     36607	80007854	02fade33	divu	x28,x21,x15	 x21:0x80041024 x15:0x00000000 x28=0xffffffff
     366115.000 ns	     36610	80007858	212a9053	fsgnjn.s	f0,f21,f18	 f21:0x00000000 f18:0x4e81c953  f0=0x80000000
     366145.000 ns	     36613	8000785c	205b21d3	fsgnjx.s	f3,f22,f5	 f22:0x00000000  f5:0x00000000  f3=0x00000000
     366185.000 ns	     36617	80007860	58002fd3	fsqrt.s	f31,f0	  f0:0x80000000 f31=0x80000000
     366215.000 ns	     36620	80007864	03d21633	mulh	x12,x4,x29	  x4:0x00000000 x29:0xd82e3000 x12=0x00000000
     366245.000 ns	     36623	80007868	219ca5d3	fsgnjx.s	f11,f25,f25	 f25:0x7f800000 f25:0x7f800000 f11=0x7f800000
     366265.000 ns	     36625	8000786c	01fdbdb3	sltu	x27,x27,x31	 x27:0x00000000 x31:0x00000000 x27=0x00000000
     366285.000 ns	     36627	80007870	f0010dd3	fmv.w.x	f27,x2	  x2:0x00000000 f27=0x00000000
     366315.000 ns	     36630	80007874	a1a4add3	feq.s	x27,f9,f26	  f9:0x41000000 f26:0x4f000008 x27=0x00000000
     366335.000 ns	     36632	80007878	40965d33	sra	x26,x12,x9	 x12:0x00000000  x9:0x80040fe4 x26=0x00000000
     366355.000 ns	     36634	8000787c	28fd10d3	fmax.s	f1,f26,f15	 f26:0x4f000008 f15:0xcefff7df  f1=0x4f000008
     366385.000 ns	     36637	80007880	03942db3	mulhsu	x27,x8,x25	  x8:0x00000000 x25:0x9a07254c x27=0x00000000
     366415.000 ns	     36640	80007884	d00b0153	fcvt.s.w	f2,x22	 x22:0xffffffff  f2=0xbf800000
     366435.000 ns	     36642	80007888	41d05d93	srai	x27,x0,0x1d	  x0:0x00000000 x27=0x00000000
     366445.000 ns	     36643	8000788c	00904fb3	xor	x31,x0,x9	  x0:0x00000000  x9:0x80040fe4 x31=0x80040fe4
     366455.000 ns	     36644	80007890	0163cdb3	xor	x27,x7,x22	  x7:0xffffffff x22:0xffffffff x27=0x00000000
     366465.000 ns	     36645	80007894	00001233	sll	x4,x0,x0	  x0:0x00000000  x0:0x00000000  x4=0x00000000
     366485.000 ns	     36647	80007898	02d0f5b3	remu	x11,x1,x13	  x1:0x00000000 x13:0x00000000 x11=0x00000000
     366515.000 ns	     36650	8000789c	028775b3	remu	x11,x14,x8	 x14:0x92f98000  x8:0x00000000 x11=0x92f98000
     366545.000 ns	     36653	800078a0	025917b3	mulh	x15,x18,x5	 x18:0x00000001  x5:0x00000000 x15=0x00000000
     366565.000 ns	     36655	800078a4	f23a9037	lui	x0,0xf23a9	
     366585.000 ns	     36657	800078a8	0254e7b3	rem	x15,x9,x5	  x9:0x80040fe4  x5:0x00000000 x15=0x80040fe4
     366605.000 ns	     36659	800078ac	00d67db3	and	x27,x12,x13	 x12:0x00000000 x13:0x00000000 x27=0x00000000
     366965.000 ns	     36695	800078b0	0370cf33	div	x30,x1,x23	  x1:0x00000000 x23:0x00000926 x30=0x00000000
     366995.000 ns	     36698	800078b4	211f24d3	fsgnjx.s	f9,f30,f17	 f30:0xd11a0725 f17:0x511a0725  f9=0xd11a0725
     367025.000 ns	     36701	800078b8	03d83b33	mulhu	x22,x16,x29	 x16:0x00000000 x29:0xd82e3000 x22=0x00000000
     367045.000 ns	     36703	800078bc	01da61b3	or	x3,x20,x29	 x20:0x00000000 x29:0xd82e3000  x3=0xd82e3000
     367055.000 ns	     36704	800078c0	404cc993	xori	x19,x25,1028	 x25:0x9a07254c x19=0x9a072148
     367085.000 ns	     36707	800078c4	11d27f53	fmul.s	f30,f4,f29	  f4:0x00000000 f29:0x00000000 f30=0x00000000
     367105.000 ns	     36709	800078c8	00f41733	sll	x14,x8,x15	  x8:0x00000000 x15:0x80040fe4 x14=0x00000000
     367115.000 ns	     36710	800078cc	01955f13	srli	x30,x10,0x19	 x10:0x00000020 x30=0x00000000
     367135.000 ns	     36712	800078d0	e00d1a53	fclass.s	x20,f26	 f26:0x4f000008 x20=0x00000040
     367165.000 ns	     36715	800078d4	03863f33	mulhu	x30,x12,x24	 x12:0x00000000 x24:0x00000000 x30=0x00000000
     367205.000 ns	     36719	800078d8	118e09d3	fmul.s	f19,f28,f24	 f28:0xc421c000 f24:0xcefff7df f19=0x53a1badd
     367225.000 ns	     36721	800078dc	9df06613	ori	x12,x0,-1569	  x0:0x00000000 x12=0xfffff9df
     367235.000 ns	     36722	800078e0	01bbd733	srl	x14,x23,x27	 x23:0x00000926 x27:0x00000000 x14=0x00000926
     367245.000 ns	     36723	800078e4	00e6ddb3	srl	x27,x13,x14	 x13:0x00000000 x14:0x00000000 x27=0x00000000
     367605.000 ns	     36759	800078e8	02b0f033	remu	x0,x1,x11	  x1:0x00000000 x11:0x92f98000
     367645.000 ns	     36763	800078ec	58057ed3	fsqrt.s	f29,f10	 f10:0x80000000 f29=0x80000000
     367665.000 ns	     36765	800078f0	f724d117	auipc	x2,0xf724d	  x2=0x772548f0
     367675.000 ns	     36766	800078f4	01b55033	srl	x0,x10,x27	 x10:0x00000020 x27:0x00000000
     367695.000 ns	     36768	800078f8	02ffa7b3	mulhsu	x15,x31,x15	 x31:0x80040fe4 x15:0x80040fe4 x15=0xc0000010
     367735.000 ns	     36772	800078fc	1172acd3	fmul.s	f25,f5,f23	  f5:0x00000000 f23:0x4f800000 f25=0x00000000
     367765.000 ns	     36775	80007900	201ea453	fsgnjx.s	f8,f29,f1	 f29:0x80000000  f1:0x4f000008  f8=0x80000000
     367815.000 ns	     36780	80007904	08f59ad3	fsub.s	f21,f11,f15	 f11:0x7f800000 f15:0xcefff7df f21=0x7f800000
     367835.000 ns	     36782	80007908	9de2e313	ori	x6,x5,-1570	  x5:0x00000000  x6=0xfffff9de
     367845.000 ns	     36783	8000790c	00d12c33	slt	x24,x2,x13	  x2:0x772548f0 x13:0x00000000 x24=0x00000000
     367865.000 ns	     36785	80007910	20de2cd3	fsgnjx.s	f25,f28,f13	 f28:0xc421c000 f13:0x00000000 f25=0xc421c000
     367885.000 ns	     36787	80007914	6316cd13	xori	x26,x13,1585	 x13:0x00000000 x26=0x00000631
     367895.000 ns	     36788	80007918	534d3e17	auipc	x28,0x534d3	 x28=0xd34da918
     367925.000 ns	     36791	8000791c	106b0953	fmul.s	f18,f22,f6	 f22:0x00000000  f6:0x80000000 f18=0x80000000
     367955.000 ns	     36794	80007920	c015f0d3	fcvt.wu.s	x1,f11	 f11:0x7f800000  x1=0xffffffff
     367985.000 ns	     36797	80007924	a1129f53	flt.s	x30,f5,f17	  f5:0x00000000 f17:0x511a0725 x30=0x00000001
     368005.000 ns	     36799	80007928	a3d66413	ori	x8,x12,-1475	 x12:0xfffff9df  x8=0xfffffbff
     368015.000 ns	     36800	8000792c	be4760b7	lui	x1,0xbe476	  x1=0xbe476000
     368035.000 ns	     36802	80007930	286d0d53	fmin.s	f26,f26,f6	 f26:0x4f000008  f6:0x80000000 f26=0x80000000
     368055.000 ns	     36804	80007934	d08e7593	andi	x11,x28,-760	 x28:0xd34da918 x11=0xd34da908
     368065.000 ns	     36805	80007938	417657b3	sra	x15,x12,x23	 x12:0xfffff9df x23:0x00000926 x15=0xffffffe7
     368075.000 ns	     36806	8000793c	007e00b3	add	x1,x28,x7	 x28:0xd34da918  x7:0xffffffff  x1=0xd34da917
     368095.000 ns	     36808	80007940	d009f9d3	fcvt.s.w	f19,x19	 x19:0x9a072148 f19=0xcecbf1bd
     368125.000 ns	     36811	80007944	a0829e53	flt.s	x28,f5,f8	  f5:0x00000000  f8:0x80000000 x28=0x00000000
     368145.000 ns	     36813	80007948	01855b33	srl	x22,x10,x24	 x10:0x00000020 x24:0x00000000 x22=0x00000020
     368175.000 ns	     36816	8000794c	19569353	fdiv.s	f6,f13,f21	 f13:0x00000000 f21:0x7f800000  f6=0x00000000
     368215.000 ns	     36820	80007950	580412d3	fsqrt.s	f5,f8	  f8:0x80000000  f5=0x80000000
     368235.000 ns	     36822	80007954	002f25b3	slt	x11,x30,x2	 x30:0x00000001  x2:0x772548f0 x11=0x00000001
     368245.000 ns	     36823	80007958	b9250237	lui	x4,0xb9250	  x4=0xb9250000
     368255.000 ns	     36824	8000795c	3d4df893	andi	x17,x27,980	 x27:0x00000000 x17=0x00000000
     368265.000 ns	     36825	80007960	0a65c093	xori	x1,x11,166	 x11:0x00000001  x1=0x000000a7
     368305.000 ns	     36829	80007964	08b63e53	fsub.s	f28,f12,f11	 f12:0x80000000 f11:0x7f800000 f28=0xff800000
     368335.000 ns	     36832	80007968	e0080053	fmv.x.w	x0,f16	 f16:0xff800000
     368365.000 ns	     36835	8000796c	03ae02b3	mul	x5,x28,x26	 x28:0x00000000 x26:0x00000631  x5=0x00000000
     368385.000 ns	     36837	80007970	01b84933	xor	x18,x16,x27	 x16:0x00000000 x27:0x00000000 x18=0x00000000
     368395.000 ns	     36838	80007974	6b74f8b7	lui	x17,0x6b74f	 x17=0x6b74f000
     368415.000 ns	     36840	80007978	c019f453	fcvt.wu.s	x8,f19	 f19:0xcecbf1bd  x8=0x65f8de80
     368435.000 ns	     36842	8000797c	41575313	srai	x6,x14,0x15	 x14:0x00000926  x6=0x00000000
     368445.000 ns	     36843	80007980	67510813	addi	x16,x2,1653	  x2:0x772548f0 x16=0x77254f65
     368465.000 ns	     36845	80007984	e00e8153	fmv.x.w	x2,f29	 f29:0x80000000  x2=0x80000000
     368495.000 ns	     36848	80007988	21f41953	fsgnjn.s	f18,f8,f31	  f8:0x80000000 f31:0x80000000 f18=0x00000000
     368535.000 ns	     36852	8000798c	10abf053	fmul.s	f0,f23,f10	 f23:0x4f800000 f10:0x80000000  f0=0x80000000
     368555.000 ns	     36854	80007990	7fd58e93	addi	x29,x11,2045	 x11:0x00000001 x29=0x000007fe
     368575.000 ns	     36856	80007994	d0167e53	fcvt.s.wu	f28,x12	 x12:0xfffff9df f28=0x4f7ffff9
     368605.000 ns	     36859	80007998	0253a733	mulhsu	x14,x7,x5	  x7:0xffffffff  x5:0x00000000 x14=0x00000000
     368625.000 ns	     36861	8000799c	01fbdf33	srl	x30,x23,x31	 x23:0x00000926 x31:0x80040fe4 x30=0x00000092
     368645.000 ns	     36863	800079a0	021b87b3	mul	x15,x23,x1	 x23:0x00000926  x1:0x000000a7 x15=0x0005f7ca
     368675.000 ns	     36866	800079a4	28fb0a53	fmin.s	f20,f22,f15	 f22:0x00000000 f15:0xcefff7df f20=0xcefff7df
     368715.000 ns	     36870	800079a8	11a1be53	fmul.s	f28,f3,f26	  f3:0x00000000 f26:0x80000000 f28=0x80000000
     368735.000 ns	     36872	800079ac	41dd5413	srai	x8,x26,0x1d	 x26:0x00000631  x8=0x00000000
     368755.000 ns	     36874	800079b0	c00ff553	fcvt.w.s	x10,f31	 f31:0x80000000 x10=0x00000000
     368775.000 ns	     36876	800079b4	08858293	addi	x5,x11,136	 x11:0x00000001  x5=0x00000089
     368785.000 ns	     36877	800079b8	01a2d893	srli	x17,x5,0x1a	  x5:0x00000000 x17=0x00000000
     368795.000 ns	     36878	800079bc	01277f33	and	x30,x14,x18	 x14:0x00000000 x18:0x00000000 x30=0x00000000
     368815.000 ns	     36880	800079c0	02ed85b3	mul	x11,x27,x14	 x27:0x00000000 x14:0x00000000 x11=0x00000000
     368845.000 ns	     36883	800079c4	e00e0fd3	fmv.x.w	x31,f28	 f28:0x80000000 x31=0x80000000
     368865.000 ns	     36885	800079c8	00a807b3	add	x15,x16,x10	 x16:0x77254f65 x10:0x00000000 x15=0x77254f65
     368885.000 ns	     36887	800079cc	e00e99d3	fclass.s	x19,f29	 f29:0x80000000 x19=0x00000008
     368905.000 ns	     36889	800079d0	00ce2b33	slt	x22,x28,x12	 x28:0x00000000 x12:0xfffff9df x22=0x00000000
     368925.000 ns	     36891	800079d4	037331b3	mulhu	x3,x6,x23	  x6:0x00000000 x23:0x00000926  x3=0x00000000
     368945.000 ns	     36893	800079d8	410451b3	sra	x3,x8,x16	  x8:0x00000000 x16:0x77254f65  x3=0x00000000
     368965.000 ns	     36895	800079dc	e0089ed3	fclass.s	x29,f17	 f17:0x511a0725 x29=0x00000040
     368985.000 ns	     36897	800079e0	0002d013	srli	x0,x5,0x0	  x5:0x00000089
     369005.000 ns	     36899	800079e4	a0662dd3	feq.s	x27,f12,f6	 f12:0x80000000  f6:0x00000000 x27=0x00000001
     369025.000 ns	     36901	800079e8	402008b3	sub	x17,x0,x2	  x0:0x00000000  x2:0x80000000 x17=0x80000000
     369045.000 ns	     36903	800079ec	02a4cc33	div	x24,x9,x10	  x9:0x80040fe4 x10:0x00000000 x24=0xffffffff
     369065.000 ns	     36905	800079f0	6c958513	addi	x10,x11,1737	 x11:0x00000000 x10=0x000006c9
     369085.000 ns	     36907	800079f4	02bdbc33	mulhu	x24,x27,x11	 x27:0x00000001 x11:0x00000000 x24=0x00000000
     369105.000 ns	     36909	800079f8	0120e133	or	x2,x1,x18	  x1:0x000000a7 x18:0x00000000  x2=0x000000a7
     369125.000 ns	     36911	800079fc	21ee0dd3	fsgnj.s	f27,f28,f30	 f28:0x80000000 f30:0x00000000 f27=0x00000000
     369155.000 ns	     36914	80007a00	028d80b3	mul	x1,x27,x8	 x27:0x00000001  x8:0x00000000  x1=0x00000000
     369185.000 ns	     36917	80007a04	20081fd3	fsgnjn.s	f31,f16,f0	 f16:0xff800000  f0:0x80000000 f31=0x7f800000
     369225.000 ns	     36921	80007a08	580870d3	fsqrt.s	f1,f16	 f16:0xff800000  f1=0x7fc00000
     369245.000 ns	     36923	80007a0c	00a2ee33	or	x28,x5,x10	  x5:0x00000089 x10:0x000006c9 x28=0x000006c9
     369285.000 ns	     36927	80007a10	099bfad3	fsub.s	f21,f23,f25	 f23:0x4f800000 f25:0xc421c000 f21=0x4f800001
     369305.000 ns	     36929	80007a14	7c04a2b7	lui	x5,0x7c04a	  x5=0x7c04a000
     369325.000 ns	     36931	80007a18	294211d3	fmax.s	f3,f4,f20	  f4:0x00000000 f20:0xcefff7df  f3=0x00000000
     369345.000 ns	     36933	80007a1c	004ba733	slt	x14,x23,x4	 x23:0x00000926  x4:0xb9250000 x14=0x00000000
     369375.000 ns	     36936	80007a20	580275d3	fsqrt.s	f11,f4	  f4:0x00000000 f11=0x00000000
     369415.000 ns	     36940	80007a24	10b7fe53	fmul.s	f28,f15,f11	 f15:0xcefff7df f11:0x7f800000 f28=0x80000000
     369435.000 ns	     36942	80007a28	2fb36db7	lui	x27,0x2fb36	 x27=0x2fb36000
     369455.000 ns	     36944	80007a2c	034a20b3	mulhsu	x1,x20,x20	 x20:0x00000040 x20:0x00000040  x1=0x00000000
     369475.000 ns	     36946	80007a30	0160e3b3	or	x7,x1,x22	  x1:0x00000000 x22:0x00000000  x7=0x00000000
     369495.000 ns	     36948	80007a34	02bbe233	rem	x4,x23,x11	 x23:0x00000926 x11:0x00000000  x4=0x00000926
     369515.000 ns	     36950	80007a38	01ee05b3	add	x11,x28,x30	 x28:0x000006c9 x30:0x00000000 x11=0x000006c9
     369535.000 ns	     36952	80007a3c	288b1fd3	fmax.s	f31,f22,f8	 f22:0x00000000  f8:0x80000000 f31=0x00000000
     369555.000 ns	     36954	80007a40	00615f33	srl	x30,x2,x6	  x2:0x000000a7  x6:0x00000000 x30=0x000000a7
     369885.000 ns	     36987	80007a44	1919fbd3	fdiv.s	f23,f19,f17	 f19:0xcecbf1bd f17:0x511a0725 f23=0xbccbf1be
     370255.000 ns	     37024	80007a48	02cbc5b3	div	x11,x23,x12	 x23:0x00000926 x12:0xfffff9df x11=0xffffffff
     370275.000 ns	     37026	80007a4c	d90fbd13	sltiu	x26,x31,-624	 x31:0x80000000 x26=0x00000001
     370295.000 ns	     37028	80007a50	28c60453	fmin.s	f8,f12,f12	 f12:0x80000000 f12:0x80000000  f8=0x80000000
     370325.000 ns	     37031	80007a54	d01fa453	fcvt.s.wu	f8,x31	 x31:0x80000000  f8=0x4f000000
     370355.000 ns	     37034	80007a58	02873933	mulhu	x18,x14,x8	 x14:0x00000000  x8:0x00000000 x18=0x00000000
     370725.000 ns	     37071	80007a5c	0341e0b3	rem	x1,x3,x20	  x3:0x00000000 x20:0x00000040  x1=0x00000000
     370745.000 ns	     37073	80007a60	01dff8b3	and	x17,x31,x29	 x31:0x80000000 x29:0x00000040 x17=0x00000000
     370755.000 ns	     37074	80007a64	8bed0b93	addi	x23,x26,-1858	 x26:0x00000001 x23=0xfffff8bf
     370775.000 ns	     37076	80007a68	02de9333	mulh	x6,x29,x13	 x29:0x00000040 x13:0x00000000  x6=0x00000000
     370795.000 ns	     37078	80007a6c	00da5333	srl	x6,x20,x13	 x20:0x00000040 x13:0x00000000  x6=0x00000040
     370815.000 ns	     37080	80007a70	02088733	mul	x14,x17,x0	 x17:0x00000000  x0:0x00000000 x14=0x00000000
     370835.000 ns	     37082	80007a74	41ef0233	sub	x4,x30,x30	 x30:0x000000a7 x30:0x000000a7  x4=0x00000000
     370855.000 ns	     37084	80007a78	d0149253	fcvt.s.wu	f4,x9	  x9:0x80040fe4  f4=0x4f00040f
     370875.000 ns	     37086	80007a7c	0119dc33	srl	x24,x19,x17	 x19:0x00000008 x17:0x00000000 x24=0x00000008
     370895.000 ns	     37088	80007a80	02066733	rem	x14,x12,x0	 x12:0xfffff9df  x0:0x00000000 x14=0xfffff9df
     370925.000 ns	     37091	80007a84	20d19c53	fsgnjn.s	f24,f3,f13	  f3:0x00000000 f13:0x00000000 f24=0x80000000
     370955.000 ns	     37094	80007a88	c00a70d3	fcvt.w.s	x1,f20	 f20:0xcefff7df  x1=0x7ffbef80
     370975.000 ns	     37096	80007a8c	01839813	slli	x16,x7,0x18	  x7:0x00000000 x16=0x00000000
     370985.000 ns	     37097	80007a90	0171f7b3	and	x15,x3,x23	  x3:0x00000000 x23:0xfffff8bf x15=0x00000000
     370995.000 ns	     37098	80007a94	9e4a2893	slti	x17,x20,-1564	 x20:0x00000040 x17=0x00000000
     371015.000 ns	     37100	80007a98	219b0053	fsgnj.s	f0,f22,f25	 f22:0x00000000 f25:0xc421c000  f0=0x80000000
     371045.000 ns	     37103	80007a9c	e0089853	fclass.s	x16,f17	 f17:0x511a0725 x16=0x00000040
     371075.000 ns	     37106	80007aa0	c00188d3	fcvt.w.s	x17,f3	  f3:0x00000000 x17=0x00000000
     371105.000 ns	     37109	80007aa4	208c2153	fsgnjx.s	f2,f24,f8	 f24:0x80000000  f8:0x4f000000  f2=0x80000000
     371125.000 ns	     37111	80007aa8	00971d33	sll	x26,x14,x9	 x14:0xfffff9df  x9:0x80040fe4 x26=0xffff9df0
     371165.000 ns	     37115	80007aac	007ea553	fadd.s	f10,f29,f7	 f29:0x80000000  f7:0x7f800000 f10=0x7f800000
     371195.000 ns	     37118	80007ab0	21bf9ad3	fsgnjn.s	f21,f31,f27	 f31:0x00000000 f27:0x00000000 f21=0x80000000
     371565.000 ns	     37155	80007ab4	02c64833	div	x16,x12,x12	 x12:0xfffff9df x12:0xfffff9df x16=0x00000001
     371585.000 ns	     37157	80007ab8	0055df33	srl	x30,x11,x5	 x11:0xffffffff  x5:0x7c04a000 x30=0xffffffff
     371595.000 ns	     37158	80007abc	40675433	sra	x8,x14,x6	 x14:0xfffff9df  x6:0x00000040  x8=0xfffff9df
     371615.000 ns	     37160	80007ac0	d00cf153	fcvt.s.w	f2,x25	 x25:0x9a07254c  f2=0xcecbf1b5
     371645.000 ns	     37163	80007ac4	03979333	mulh	x6,x15,x25	 x15:0x00000000 x25:0x9a07254c  x6=0x00000000
     371665.000 ns	     37165	80007ac8	cb6d0e93	addi	x29,x26,-842	 x26:0xffff9df0 x29=0xffff9aa6
     371675.000 ns	     37166	80007acc	40afd833	sra	x16,x31,x10	 x31:0x80000000 x10:0x000006c9 x16=0xffc00000
     372035.000 ns	     37202	80007ad0	0341ee33	rem	x28,x3,x20	  x3:0x00000000 x20:0x00000040 x28=0x00000000
     372065.000 ns	     37205	80007ad4	c016fdd3	fcvt.wu.s	x27,f13	 f13:0x00000000 x27=0x00000000
     372095.000 ns	     37208	80007ad8	d0117cd3	fcvt.s.wu	f25,x2	  x2:0x000000a7 f25=0x43270000
     372125.000 ns	     37211	80007adc	c015f0d3	fcvt.wu.s	x1,f11	 f11:0x00000000  x1=0x00000000
     372145.000 ns	     37213	80007ae0	01283a33	sltu	x20,x16,x18	 x16:0xffc00000 x18:0x00000000 x20=0x00000000
     372165.000 ns	     37215	80007ae4	f00307d3	fmv.w.x	f15,x6	  x6:0x00000000 f15=0x00000000
     372185.000 ns	     37217	80007ae8	417c5213	srai	x4,x24,0x17	 x24:0x00000008  x4=0x00000000
     372195.000 ns	     37218	80007aec	31dd2f37	lui	x30,0x31dd2	 x30=0x31dd2000
     372215.000 ns	     37220	80007af0	2061a3d3	fsgnjx.s	f7,f3,f6	  f3:0x00000000  f6:0x00000000  f7=0x00000000
     372245.000 ns	     37223	80007af4	211e8b53	fsgnj.s	f22,f29,f17	 f29:0x80000000 f17:0x511a0725 f22=0x00000000
     372265.000 ns	     37225	80007af8	01c77eb3	and	x29,x14,x28	 x14:0xfffff9df x28:0x00000000 x29=0x00000000
     372285.000 ns	     37227	80007afc	28550ad3	fmin.s	f21,f10,f5	 f10:0x7f800000  f5:0x80000000 f21=0x80000000
     372305.000 ns	     37229	80007b00	36053d13	sltiu	x26,x10,864	 x10:0x000006c9 x26=0x00000000
     372325.000 ns	     37231	80007b04	e0000153	fmv.x.w	x2,f0	  f0:0x80000000  x2=0x80000000
     372345.000 ns	     37233	80007b08	00a4fdb3	and	x27,x9,x10	  x9:0x80040fe4 x10:0x000006c9 x27=0x000006c0
     372365.000 ns	     37235	80007b0c	c01fc0d3	fcvt.wu.s	x1,f31	 f31:0x00000000  x1=0x00000000
     372735.000 ns	     37272	80007b10	02ca7033	remu	x0,x20,x12	 x20:0x00000000 x12:0xfffff9df
     372755.000 ns	     37274	80007b14	0134e1b3	or	x3,x9,x19	  x9:0x80040fe4 x19:0x00000008  x3=0x80040fec
     372765.000 ns	     37275	80007b18	01f11e33	sll	x28,x2,x31	  x2:0x80000000 x31:0x80000000 x28=0x80000000
     372795.000 ns	     37278	80007b1c	58057ad3	fsqrt.s	f21,f10	 f10:0x7f800000 f21=0x7f800000
     372815.000 ns	     37280	80007b20	41725b13	srai	x22,x4,0x17	  x4:0x00000000 x22=0x00000000
     372835.000 ns	     37282	80007b24	035b0333	mul	x6,x22,x21	 x22:0x00000000 x21:0x80041024  x6=0x00000000
     372855.000 ns	     37284	80007b28	008edbb3	srl	x23,x29,x8	 x29:0x00000000  x8:0xfffff9df x23=0x00000000
     372895.000 ns	     37288	80007b2c	09a67053	fsub.s	f0,f12,f26	 f12:0x80000000 f26:0x80000000  f0=0x00000000
     372925.000 ns	     37291	80007b30	037c0f33	mul	x30,x24,x23	 x24:0x00000008 x23:0xfffff8bf x30=0x00000000
     372945.000 ns	     37293	80007b34	8df2c713	xori	x14,x5,-1825	  x5:0x7c04a000 x14=0x83fb58df
     372965.000 ns	     37295	80007b38	c00b7753	fcvt.w.s	x14,f22	 f22:0x00000000 x14=0x00000000
     372985.000 ns	     37297	80007b3c	00363333	sltu	x6,x12,x3	 x12:0xfffff9df  x3:0x80040fec  x6=0x00000000
     373005.000 ns	     37299	80007b40	296a92d3	fmax.s	f5,f21,f22	 f21:0x7f800000 f22:0x00000000  f5=0x7f800000
     373035.000 ns	     37302	80007b44	a07bae53	feq.s	x28,f23,f7	 f23:0xbccbf1be  f7:0x00000000 x28=0x00000000
     373055.000 ns	     37304	80007b48	79028013	addi	x0,x5,1936	  x5:0x7c04a000
     373065.000 ns	     37305	80007b4c	412bd793	srai	x15,x23,0x12	 x23:0x00000000 x15=0x00000000
     373085.000 ns	     37307	80007b50	c00597d3	fcvt.w.s	x15,f11	 f11:0x00000000 x15=0x00000000
     373115.000 ns	     37310	80007b54	a1442d53	feq.s	x26,f8,f20	  f8:0x4f000000 f20:0xcefff7df x26=0x00000000
     373135.000 ns	     37312	80007b58	00046db3	or	x27,x8,x0	  x8:0xfffff9df  x0:0x00000000 x27=0xfffff9df
     373155.000 ns	     37314	80007b5c	294407d3	fmin.s	f15,f8,f20	  f8:0x4f000000 f20:0xcefff7df f15=0xcefff7df
     373185.000 ns	     37317	80007b60	02201bb3	mulh	x23,x0,x2	  x0:0x00000000  x2:0x80000000 x23=0x00000000
     373215.000 ns	     37320	80007b64	03d91933	mulh	x18,x18,x29	 x18:0x00000000 x29:0x00000000 x18=0x00000000
     373255.000 ns	     37324	80007b68	580ffe53	fsqrt.s	f28,f31	 f31:0x00000000 f28=0x00000000
     373275.000 ns	     37326	80007b6c	00000013	addi	x0,x0,0	  x0:0x00000000
     373285.000 ns	     37327	80007b70	e2adbe13	sltiu	x28,x27,-470	 x27:0xfffff9df x28=0x00000001
     373295.000 ns	     37328	80007b74	0146de93	srli	x29,x13,0x14	 x13:0x00000000 x29=0x00000000
     373325.000 ns	     37331	80007b78	11827353	fmul.s	f6,f4,f24	  f4:0x4f00040f f24:0x80000000  f6=0x80000000
     373355.000 ns	     37334	80007b7c	0269bf33	mulhu	x30,x19,x6	 x19:0x00000008  x6:0x00000000 x30=0x00000000
     373385.000 ns	     37337	80007b80	201a0dd3	fsgnj.s	f27,f20,f1	 f20:0xcefff7df  f1:0x7fc00000 f27=0x4efff7df
     373405.000 ns	     37339	80007b84	9103e113	ori	x2,x7,-1776	  x7:0x00000000  x2=0xfffff910
     373415.000 ns	     37340	80007b88	dbfade97	auipc	x29,0xdbfad	 x29=0x5bfb4b88
     373425.000 ns	     37341	80007b8c	03ad3513	sltiu	x10,x26,58	 x26:0x00000000 x10=0x00000001
     373435.000 ns	     37342	80007b90	004fd8b3	srl	x17,x31,x4	 x31:0x80000000  x4:0x00000000 x17=0x80000000
     373455.000 ns	     37344	80007b94	0247b2b3	mulhu	x5,x15,x4	 x15:0x00000000  x4:0x00000000  x5=0x00000000
     373475.000 ns	     37346	80007b98	01cb81b3	add	x3,x23,x28	 x23:0x00000000 x28:0x00000001  x3=0x00000001
     373485.000 ns	     37347	80007b9c	00000013	addi	x0,x0,0	  x0:0x00000000
     373495.000 ns	     37348	80007ba0	01be4db3	xor	x27,x28,x27	 x28:0x00000001 x27:0xfffff9df x27=0xfffff9de
     373505.000 ns	     37349	80007ba4	01e4ae33	slt	x28,x9,x30	  x9:0x80040fe4 x30:0x00000000 x28=0x00000001
     373525.000 ns	     37351	80007ba8	c005f8d3	fcvt.w.s	x17,f11	 f11:0x00000000 x17=0x00000000
     373545.000 ns	     37353	80007bac	4713f017	auipc	x0,0x4713f	
     373575.000 ns	     37356	80007bb0	1086f3d3	fmul.s	f7,f13,f8	 f13:0x00000000  f8:0x4f000000  f7=0x00000000
     373595.000 ns	     37358	80007bb4	01d55933	srl	x18,x10,x29	 x10:0x00000001 x29:0x5bfb4b88 x18=0x00000000
     373615.000 ns	     37360	80007bb8	e0080753	fmv.x.w	x14,f16	 f16:0xff800000 x14=0xff800000
     373635.000 ns	     37362	80007bbc	01b261b3	or	x3,x4,x27	  x4:0x00000000 x27:0xfffff9de  x3=0xfffff9de
     373645.000 ns	     37363	80007bc0	009d0db3	add	x27,x26,x9	 x26:0x00000000  x9:0x80040fe4 x27=0x80040fe4
     373665.000 ns	     37365	80007bc4	e00619d3	fclass.s	x19,f12	 f12:0x80000000 x19=0x00000008
     373695.000 ns	     37368	80007bc8	c0031753	fcvt.w.s	x14,f6	  f6:0x80000000 x14=0x00000000
     373725.000 ns	     37371	80007bcc	a0fb9253	flt.s	x4,f23,f15	 f23:0xbccbf1be f15:0xcefff7df  x4=0x00000000
     373745.000 ns	     37373	80007bd0	65e56313	ori	x6,x10,1630	 x10:0x00000001  x6=0x0000065f
     373775.000 ns	     37376	80007bd4	11ec7d53	fmul.s	f26,f24,f30	 f24:0x80000000 f30:0x00000000 f26=0x80000000
     374145.000 ns	     37413	80007bd8	02694533	div	x10,x18,x6	 x18:0x00000000  x6:0x00000000 x10=0x00000000
     374165.000 ns	     37415	80007bdc	01bf4d33	xor	x26,x30,x27	 x30:0x00000000 x27:0x80040fe4 x26=0x80040fe4
     374175.000 ns	     37416	80007be0	c86df193	andi	x3,x27,-890	 x27:0x80040fe4  x3=0x80040c84
     374185.000 ns	     37417	80007be4	01b0d893	srli	x17,x1,0x1b	  x1:0x00000000 x17=0x00000000
     374545.000 ns	     37453	80007be8	03095bb3	divu	x23,x18,x16	 x18:0x00000000 x16:0xffc00000 x23=0x00000000
     374575.000 ns	     37456	80007bec	033fb7b3	mulhu	x15,x31,x19	 x31:0x80000000 x19:0x00000008 x15=0x00000004
     374605.000 ns	     37459	80007bf0	20eeaad3	fsgnjx.s	f21,f29,f14	 f29:0x80000000 f14:0x4f800000 f21=0x80000000
     374645.000 ns	     37463	80007bf4	18df4c53	fdiv.s	f24,f30,f13	 f30:0x00000000 f13:0x00000000 f24=0x7fc00000
     375015.000 ns	     37500	80007bf8	0266edb3	rem	x27,x13,x6	 x13:0x00000000  x6:0x0000065f x27=0x00000000
     375035.000 ns	     37502	80007bfc	01ba9d33	sll	x26,x21,x27	 x21:0x80041024 x27:0x80040fe4 x26=0x80041024
     375055.000 ns	     37504	80007c00	e00815d3	fclass.s	x11,f16	 f16:0xff800000 x11=0x00000001
     375075.000 ns	     37506	80007c04	00b31233	sll	x4,x6,x11	  x6:0x0000065f x11:0xffffffff  x4=0x00000cbe
     375085.000 ns	     37507	80007c08	51da6f17	auipc	x30,0x51da6	 x30=0xd1dadc08
     375105.000 ns	     37509	80007c0c	03290fb3	mul	x31,x18,x18	 x18:0x00000000 x18:0x00000000 x31=0x00000000
     375125.000 ns	     37511	80007c10	ef873317	auipc	x6,0xef873	  x6=0x6f87ac10
     375145.000 ns	     37513	80007c14	029ca933	mulhsu	x18,x25,x9	 x25:0x9a07254c  x9:0x80040fe4 x18=0xcd01f46e
     375175.000 ns	     37516	80007c18	203d0b53	fsgnj.s	f22,f26,f3	 f26:0x80000000  f3:0x00000000 f22=0x00000000
     375195.000 ns	     37518	80007c1c	001991b3	sll	x3,x19,x1	 x19:0x00000008  x1:0x00000000  x3=0x00000008
     375555.000 ns	     37554	80007c20	022d7f33	remu	x30,x26,x2	 x26:0x80041024  x2:0xfffff910 x30=0x80041024
     375585.000 ns	     37557	80007c24	a15d83d3	fle.s	x7,f27,f21	 f27:0x4efff7df f21:0x80000000  x7=0x00000000
     375625.000 ns	     37561	80007c28	11c3fad3	fmul.s	f21,f7,f28	  f7:0x00000000 f28:0x00000000 f21=0x00000000
     375655.000 ns	     37564	80007c2c	d0097853	fcvt.s.w	f16,x18	 x18:0xcd01f46e f16=0xce4bf82e
     375685.000 ns	     37567	80007c30	208da853	fsgnjx.s	f16,f27,f8	 f27:0x4efff7df  f8:0x4f000000 f16=0x4efff7df
     375715.000 ns	     37570	80007c34	03f87f33	remu	x30,x16,x31	 x16:0xffc00000 x31:0x00000000 x30=0xffc00000
     375735.000 ns	     37572	80007c38	17df2413	slti	x8,x30,381	 x30:0x80041024  x8=0x00000001
     375745.000 ns	     37573	80007c3c	01e7d093	srli	x1,x15,0x1e	 x15:0x00000004  x1=0x00000000
     375765.000 ns	     37575	80007c40	03c089b3	mul	x19,x1,x28	  x1:0x00000000 x28:0x00000001 x19=0x00000000
     375785.000 ns	     37577	80007c44	00ac9433	sll	x8,x25,x10	 x25:0x9a07254c x10:0x00000000  x8=0x9a07254c
     375805.000 ns	     37579	80007c48	031b9c33	mulh	x24,x23,x17	 x23:0x00000000 x17:0x00000000 x24=0x00000000
     375825.000 ns	     37581	80007c4c	012a0833	add	x16,x20,x18	 x20:0x00000000 x18:0xcd01f46e x16=0xcd01f46e
     375845.000 ns	     37583	80007c50	c01c8953	fcvt.wu.s	x18,f25	 f25:0x43270000 x18=0x000000a7
     375875.000 ns	     37586	80007c54	29210653	fmin.s	f12,f2,f18	  f2:0xcecbf1b5 f18:0x00000000 f12=0xcecbf1b5
     375895.000 ns	     37588	80007c58	01e0ba33	sltu	x20,x1,x30	  x1:0x00000000 x30:0xffc00000 x20=0x00000001
     375905.000 ns	     37589	80007c5c	016d5093	srli	x1,x26,0x16	 x26:0x80041024  x1=0x00000200
     375915.000 ns	     37590	80007c60	47102413	slti	x8,x0,1137	  x0:0x00000000  x8=0x00000001
     375935.000 ns	     37592	80007c64	e00e9453	fclass.s	x8,f29	 f29:0x80000000  x8=0x00000008
     375965.000 ns	     37595	80007c68	212728d3	fsgnjx.s	f17,f14,f18	 f14:0x4f800000 f18:0x00000000 f17=0x4f800000
     375995.000 ns	     37598	80007c6c	a0259d53	flt.s	x26,f11,f2	 f11:0x00000000  f2:0xcecbf1b5 x26=0x00000000
     376025.000 ns	     37601	80007c70	c018c853	fcvt.wu.s	x16,f17	 f17:0x4f800000 x16=0x00000000
     376045.000 ns	     37603	80007c74	77abe597	auipc	x11,0x77abe	 x11=0xf7ac5c74
     376065.000 ns	     37605	80007c78	02f5beb3	mulhu	x29,x11,x15	 x11:0x00000001 x15:0x00000004 x29=0x00000003
     376105.000 ns	     37609	80007c7c	580c79d3	fsqrt.s	f19,f24	 f24:0x7fc00000 f19=0x7fc00000
     376135.000 ns	     37612	80007c80	200e0553	fsgnj.s	f10,f28,f0	 f28:0x00000000  f0:0x00000000 f10=0x00000000
     376155.000 ns	     37614	80007c84	001c3033	sltu	x0,x24,x1	 x24:0x00000000  x1:0x00000200
     376175.000 ns	     37616	80007c88	e00f0bd3	fmv.x.w	x23,f30	 f30:0x00000000 x23=0x00000000
     376215.000 ns	     37620	80007c8c	5806f053	fsqrt.s	f0,f13	 f13:0x00000000  f0=0x00000000
     376235.000 ns	     37622	80007c90	09390a37	lui	x20,0x9390	 x20=0x09390000
     376245.000 ns	     37623	80007c94	89368b93	addi	x23,x13,-1901	 x13:0x00000000 x23=0xfffff893
     376265.000 ns	     37625	80007c98	c002b553	fcvt.w.s	x10,f5	  f5:0x7f800000 x10=0x7fffffff
     376295.000 ns	     37628	80007c9c	030a0eb3	mul	x29,x20,x16	 x20:0x09390000 x16:0x00000000 x29=0x00000000
     376325.000 ns	     37631	80007ca0	28be8853	fmin.s	f16,f29,f11	 f29:0x80000000 f11:0x00000000 f16=0x80000000
     376695.000 ns	     37668	80007ca4	021a5933	divu	x18,x20,x1	 x20:0x09390000  x1:0x00000200 x18=0x00049c80
     376725.000 ns	     37671	80007ca8	a1c22253	feq.s	x4,f4,f28	  f4:0x4f00040f f28:0x00000000  x4=0x00000000
     376755.000 ns	     37674	80007cac	219b1c53	fsgnjn.s	f24,f22,f25	 f22:0x00000000 f25:0x43270000 f24=0x80000000
     376785.000 ns	     37677	80007cb0	038386b3	mul	x13,x7,x24	  x7:0x00000000 x24:0x00000000 x13=0x00000000
     376825.000 ns	     37681	80007cb4	5801f2d3	fsqrt.s	f5,f3	  f3:0x00000000  f5=0x00000000
     376845.000 ns	     37683	80007cb8	0081adb3	slt	x27,x3,x8	  x3:0x00000008  x8:0x00000008 x27=0x00000000
     376855.000 ns	     37684	80007cbc	009c39b3	sltu	x19,x24,x9	 x24:0x00000000  x9:0x80040fe4 x19=0x00000001
     376895.000 ns	     37688	80007cc0	08e1b6d3	fsub.s	f13,f3,f14	  f3:0x00000000 f14:0x4f800000 f13=0xcf800000
     376915.000 ns	     37690	80007cc4	d5d81197	auipc	x3,0xd5d81	  x3=0x55d88cc4
     376925.000 ns	     37691	80007cc8	40b55d33	sra	x26,x10,x11	 x10:0x7fffffff x11:0xf7ac5c74 x26=0x000007ff
     376945.000 ns	     37693	80007ccc	d00899d3	fcvt.s.w	f19,x17	 x17:0x00000000 f19=0x00000000
     376975.000 ns	     37696	80007cd0	02fe95b3	mulh	x11,x29,x15	 x29:0x00000000 x15:0x00000004 x11=0x00000000
     377005.000 ns	     37699	80007cd4	a0f90c53	fle.s	x24,f18,f15	 f18:0x00000000 f15:0xcefff7df x24=0x00000000
     377055.000 ns	     37704	80007cd8	09417353	fsub.s	f6,f2,f20	  f2:0xcecbf1b5 f20:0xcefff7df  f6=0x4dd018a8
     377085.000 ns	     37707	80007cdc	02b09733	mulh	x14,x1,x11	  x1:0x00000200 x11:0x00000000 x14=0x00000000
     377105.000 ns	     37709	80007ce0	014e27b3	slt	x15,x28,x20	 x28:0x00000001 x20:0x09390000 x15=0x00000001
     377115.000 ns	     37710	80007ce4	40888f33	sub	x30,x17,x8	 x17:0x00000000  x8:0x00000008 x30=0xfffffff8
     377125.000 ns	     37711	80007ce8	fa735297	auipc	x5,0xfa735	  x5=0x7a73cce8
     377145.000 ns	     37713	80007cec	02dcc433	div	x8,x25,x13	 x25:0x9a07254c x13:0x00000000  x8=0xffffffff
     377515.000 ns	     37750	80007cf0	03e1c0b3	div	x1,x3,x30	  x3:0x55d88cc4 x30:0xfffffff8  x1=0xf544ee68
     377535.000 ns	     37752	80007cf4	aa287f13	andi	x30,x16,-1374	 x16:0x00000000 x30=0x00000000
     377555.000 ns	     37754	80007cf8	03f30c33	mul	x24,x6,x31	  x6:0x6f87ac10 x31:0x00000000 x24=0x00000000
     377585.000 ns	     37757	80007cfc	02fe80b3	mul	x1,x29,x15	 x29:0x00000000 x15:0x00000001  x1=0x00000000
     377615.000 ns	     37760	80007d00	0237b1b3	mulhu	x3,x15,x3	 x15:0x00000001  x3:0x55d88cc4  x3=0x00000000
     377645.000 ns	     37763	80007d04	d001c153	fcvt.s.w	f2,x3	  x3:0x55d88cc4  f2=0x00000000
     377695.000 ns	     37768	80007d08	08552653	fsub.s	f12,f10,f5	 f10:0x00000000  f5:0x00000000 f12=0x80000000
     377715.000 ns	     37770	80007d0c	c93da813	slti	x16,x27,-877	 x27:0x00000000 x16=0x00000000
     377725.000 ns	     37771	80007d10	41515013	srai	x0,x2,0x15	  x2:0xfffff910
     377735.000 ns	     37772	80007d14	06a55417	auipc	x8,0x6a55	  x8=0x86a5cd14
     377755.000 ns	     37774	80007d18	c0078c53	fcvt.w.s	x24,f15	 f15:0xcefff7df x24=0x80041080
     377775.000 ns	     37776	80007d1c	006ca933	slt	x18,x25,x6	 x25:0x9a07254c  x6:0x6f87ac10 x18=0x00000001
     377785.000 ns	     37777	80007d20	410a0933	sub	x18,x20,x16	 x20:0x09390000 x16:0x00000000 x18=0x09390000
     377805.000 ns	     37779	80007d24	e00797d3	fclass.s	x15,f15	 f15:0xcefff7df x15=0x00000002
     377835.000 ns	     37782	80007d28	e00d8ed3	fmv.x.w	x29,f27	 f27:0x4efff7df x29=0x4efff7df
     377865.000 ns	     37785	80007d2c	a0142bd3	feq.s	x23,f8,f1	  f8:0x4f000000  f1:0x7fc00000 x23=0x00000000
     377885.000 ns	     37787	80007d30	01f7f433	and	x8,x15,x31	 x15:0x00000002 x31:0x00000000  x8=0x00000000
     377905.000 ns	     37789	80007d34	c0069353	fcvt.w.s	x6,f13	 f13:0xcf800000  x6=0x80000000
     377935.000 ns	     37792	80007d38	e00a9bd3	fclass.s	x23,f21	 f21:0x00000000 x23=0x00000010
     377955.000 ns	     37794	80007d3c	4043de33	sra	x28,x7,x4	  x7:0x00000000  x4:0x00000000 x28=0x00000000
     377965.000 ns	     37795	80007d40	01c4b8b3	sltu	x17,x9,x28	  x9:0x80040fe4 x28:0x00000001 x17=0x00000000
     377975.000 ns	     37796	80007d44	b86b3793	sltiu	x15,x22,-1146	 x22:0x00000000 x15=0x00000001
     377995.000 ns	     37798	80007d48	c01d4e53	fcvt.wu.s	x28,f26	 f26:0x80000000 x28=0x00000000
     378035.000 ns	     37802	80007d4c	19197f53	fdiv.s	f30,f18,f17	 f18:0x00000000 f17:0x4f800000 f30=0x00000000
     378065.000 ns	     37805	80007d50	c006f8d3	fcvt.w.s	x17,f13	 f13:0xcf800000 x17=0x80000000
     378085.000 ns	     37807	80007d54	db6a3813	sltiu	x16,x20,-586	 x20:0x09390000 x16=0x00000001
     378095.000 ns	     37808	80007d58	00e08833	add	x16,x1,x14	  x1:0x00000000 x14:0x00000000 x16=0x00000000
     378105.000 ns	     37809	80007d5c	24e83213	sltiu	x4,x16,590	 x16:0x00000000  x4=0x00000001
     378115.000 ns	     37810	80007d60	01ac9093	slli	x1,x25,0x1a	 x25:0x9a07254c  x1=0x30000000
     378135.000 ns	     37812	80007d64	281c0e53	fmin.s	f28,f24,f1	 f24:0x80000000  f1:0x7fc00000 f28=0x80000000
     378165.000 ns	     37815	80007d68	0303d633	divu	x12,x7,x16	  x7:0x00000000 x16:0x00000000 x12=0xffffffff
     378185.000 ns	     37817	80007d6c	012386b3	add	x13,x7,x18	  x7:0x00000000 x18:0x09390000 x13=0x09390000
     378195.000 ns	     37818	80007d70	6833e897	auipc	x17,0x6833e	 x17=0xe8345d70
     378215.000 ns	     37820	80007d74	02d29233	mulh	x4,x5,x13	  x5:0x7a73cce8 x13:0x00000000  x4=0x046955fc
     378235.000 ns	     37822	80007d78	00c6c733	xor	x14,x13,x12	 x13:0x09390000 x12:0xffffffff x14=0xf6c6ffff
     378255.000 ns	     37824	80007d7c	e00d9553	fclass.s	x10,f27	 f27:0x4efff7df x10=0x00000040
     378285.000 ns	     37827	80007d80	03c88433	mul	x8,x17,x28	 x17:0xe8345d70 x28:0x00000000  x8=0x00000000
     378305.000 ns	     37829	80007d84	003f3bb3	sltu	x23,x30,x3	 x30:0x00000000  x3:0x00000000 x23=0x00000000
     378345.000 ns	     37833	80007d88	0178ffd3	fadd.s	f31,f17,f23	 f17:0x4f800000 f23:0xbccbf1be f31=0x4f7ffffe
     378375.000 ns	     37836	80007d8c	29699853	fmax.s	f16,f19,f22	 f19:0x00000000 f22:0x00000000 f16=0x00000000
     378405.000 ns	     37839	80007d90	03b16e33	rem	x28,x2,x27	  x2:0xfffff910 x27:0x00000000 x28=0xfffff910
     378455.000 ns	     37844	80007d94	0096cd53	fadd.s	f26,f13,f9	 f13:0xcf800000  f9:0xd11a0725 f26=0xd12a0725
     378485.000 ns	     37847	80007d98	208a1cd3	fsgnjn.s	f25,f20,f8	 f20:0xcefff7df  f8:0x4f000000 f25=0xcefff7df
     378505.000 ns	     37849	80007d9c	26b9e093	ori	x1,x19,619	 x19:0x00000001  x1=0x0000026b
     378525.000 ns	     37851	80007da0	20e208d3	fsgnj.s	f17,f4,f14	  f4:0x4f00040f f14:0x4f800000 f17=0x4f00040f
     378545.000 ns	     37853	80007da4	00c3d593	srli	x11,x7,0xc	  x7:0x00000000 x11=0x00000000
     378565.000 ns	     37855	80007da8	21899653	fsgnjn.s	f12,f19,f24	 f19:0x00000000 f24:0x80000000 f12=0x00000000
     378585.000 ns	     37857	80007dac	409b0bb3	sub	x23,x22,x9	 x22:0x00000000  x9:0x80040fe4 x23=0x7ffbf01c
     378605.000 ns	     37859	80007db0	e00897d3	fclass.s	x15,f17	 f17:0x4f00040f x15=0x00000040
     378635.000 ns	     37862	80007db4	e0050c53	fmv.x.w	x24,f10	 f10:0x00000000 x24=0x00000000
     378655.000 ns	     37864	80007db8	cc236293	ori	x5,x6,-830	  x6:0x80000000  x5=0xfffffcc2
     378665.000 ns	     37865	80007dbc	00cfc9b3	xor	x19,x31,x12	 x31:0x00000000 x12:0xffffffff x19=0xffffffff
     378675.000 ns	     37866	80007dc0	01701733	sll	x14,x0,x23	  x0:0x00000000 x23:0x7ffbf01c x14=0x00000000
     378685.000 ns	     37867	80007dc4	01331893	slli	x17,x6,0x13	  x6:0x80000000 x17=0x00000000
     378705.000 ns	     37869	80007dc8	e00895d3	fclass.s	x11,f17	 f17:0x4f00040f x11=0x00000040
     378755.000 ns	     37874	80007dcc	08f9ae53	fsub.s	f28,f19,f15	 f19:0x00000000 f15:0xcefff7df f28=0x4efff7df
     378785.000 ns	     37877	80007dd0	d0007b53	fcvt.s.w	f22,x0	  x0:0x00000000 f22=0x00000000
     378805.000 ns	     37879	80007dd4	01430a33	add	x20,x6,x20	  x6:0x80000000 x20:0x09390000 x20=0x89390000
     378815.000 ns	     37880	80007dd8	46423893	sltiu	x17,x4,1124	  x4:0x046955fc x17=0x00000000
     378825.000 ns	     37881	80007ddc	414a0c33	sub	x24,x20,x20	 x20:0x09390000 x20:0x09390000 x24=0x00000000
     378845.000 ns	     37883	80007de0	d0020c53	fcvt.s.w	f24,x4	  x4:0x046955fc f24=0x4c8d2ac0
     378885.000 ns	     37887	80007de4	18b67dd3	fdiv.s	f27,f12,f11	 f12:0x00000000 f11:0x00000000 f27=0x7fc00000
     378905.000 ns	     37889	80007de8	01f410b3	sll	x1,x8,x31	  x8:0x00000000 x31:0x00000000  x1=0x00000000
     378915.000 ns	     37890	80007dec	f07f6193	ori	x3,x30,-249	 x30:0x00000000  x3=0xffffff07
     378925.000 ns	     37891	80007df0	00000013	addi	x0,x0,0	  x0:0x00000000
     378935.000 ns	     37892	80007df4	002fa033	slt	x0,x31,x2	 x31:0x00000000  x2:0xfffff910
     378955.000 ns	     37894	80007df8	28d01ed3	fmax.s	f29,f0,f13	  f0:0x00000000 f13:0xcf800000 f29=0x00000000
     378975.000 ns	     37896	80007dfc	399b6113	ori	x2,x22,921	 x22:0x00000000  x2=0x00000399
     378985.000 ns	     37897	80007e00	01fd40b3	xor	x1,x26,x31	 x26:0x000007ff x31:0x00000000  x1=0x000007ff
     379015.000 ns	     37900	80007e04	11c5fbd3	fmul.s	f23,f11,f28	 f11:0x00000000 f28:0x4efff7df f23=0x00000000
     379045.000 ns	     37903	80007e08	02641b33	mulh	x22,x8,x6	  x8:0x00000000  x6:0x80000000 x22=0x00000000
     379095.000 ns	     37908	80007e0c	016a0bd3	fadd.s	f23,f20,f22	 f20:0xcefff7df f22:0x00000000 f23=0xcefff7df
     379115.000 ns	     37910	80007e10	01798533	add	x10,x19,x23	 x19:0xffffffff x23:0x7ffbf01c x10=0x7ffbf01b
     379135.000 ns	     37912	80007e14	f0008753	fmv.w.x	f14,x1	  x1:0x000007ff f14=0x000007ff
     379165.000 ns	     37915	80007e18	e00c0553	fmv.x.w	x10,f24	 f24:0x4c8d2ac0 x10=0x4c8d2ac0
     379215.000 ns	     37920	80007e1c	086777d3	fsub.s	f15,f14,f6	 f14:0x000007ff  f6:0x4dd018a8 f15=0xcdd018a8
     379245.000 ns	     37923	80007e20	e0089fd3	fclass.s	x31,f17	 f17:0x4f00040f x31=0x00000040
     379265.000 ns	     37925	80007e24	7708f993	andi	x19,x17,1904	 x17:0x00000000 x19=0x00000000
     379285.000 ns	     37927	80007e28	d01f7f53	fcvt.s.wu	f30,x30	 x30:0x00000000 f30=0x00000000
     379305.000 ns	     37929	80007e2c	f8fac837	lui	x16,0xf8fac	 x16=0xf8fac000
     379325.000 ns	     37931	80007e30	c00e7dd3	fcvt.w.s	x27,f28	 f28:0x4efff7df x27=0x7ffbef80
     379355.000 ns	     37934	80007e34	285913d3	fmax.s	f7,f18,f5	 f18:0x00000000  f5:0x00000000  f7=0x00000000
     379375.000 ns	     37936	80007e38	b21da993	slti	x19,x27,-1247	 x27:0x7ffbef80 x19=0x00000000
     379735.000 ns	     37972	80007e3c	02f95133	divu	x2,x18,x15	 x18:0x09390000 x15:0x00000040  x2=0x0024e400
     379755.000 ns	     37974	80007e40	0174bf33	sltu	x30,x9,x23	  x9:0x80040fe4 x23:0x7ffbf01c x30=0x00000000
     379765.000 ns	     37975	80007e44	00d1fa33	and	x20,x3,x13	  x3:0xffffff07 x13:0x09390000 x20=0x09390000
     380125.000 ns	     38011	80007e48	02af4033	div	x0,x30,x10	 x30:0x00000000 x10:0x4c8d2ac0
     380155.000 ns	     38014	80007e4c	02072733	mulhsu	x14,x14,x0	 x14:0x00000000  x0:0x00000000 x14=0x00000000
     380205.000 ns	     38019	80007e50	08edad53	fsub.s	f26,f27,f14	 f27:0x7fc00000 f14:0x000007ff f26=0x7fc00000
     380255.000 ns	     38024	80007e54	0014b8d3	fadd.s	f17,f9,f1	  f9:0xd11a0725  f1:0x7fc00000 f17=0x7fc00000
     380285.000 ns	     38027	80007e58	02838933	mul	x18,x7,x8	  x7:0x00000000  x8:0x00000000 x18=0x00000000
     380305.000 ns	     38029	80007e5c	40b35813	srai	x16,x6,0xb	  x6:0x80000000 x16=0xfff00000
     380335.000 ns	     38032	80007e60	117cbfd3	fmul.s	f31,f25,f23	 f25:0xcefff7df f23:0xcefff7df f31=0x5e7fefbf
     380365.000 ns	     38035	80007e64	a12695d3	flt.s	x11,f13,f18	 f13:0xcf800000 f18:0x00000000 x11=0x00000001
     380385.000 ns	     38037	80007e68	001131b3	sltu	x3,x2,x1	  x2:0x0024e400  x1:0x000007ff  x3=0x00000000
     380405.000 ns	     38039	80007e6c	0312ddb3	divu	x27,x5,x17	  x5:0xfffffcc2 x17:0x00000000 x27=0xffffffff
     380425.000 ns	     38041	80007e70	00c393b3	sll	x7,x7,x12	  x7:0x00000000 x12:0xffffffff  x7=0x00000000
     380435.000 ns	     38042	80007e74	40138f33	sub	x30,x7,x1	  x7:0x00000000  x1:0x000007ff x30=0xfffff801
     380795.000 ns	     38078	80007e78	03bdf533	remu	x10,x27,x27	 x27:0xffffffff x27:0xffffffff x10=0x00000000
     380815.000 ns	     38080	80007e7c	415fd1b3	sra	x3,x31,x21	 x31:0x00000040 x21:0x80041024  x3=0x00000004
     380825.000 ns	     38081	80007e80	451d0b93	addi	x23,x26,1105	 x26:0x000007ff x23=0x00000c50
     380835.000 ns	     38082	80007e84	00fd4db3	xor	x27,x26,x15	 x26:0x000007ff x15:0x00000040 x27=0x000007bf
     380855.000 ns	     38084	80007e88	f00f8ad3	fmv.w.x	f21,x31	 x31:0x00000040 f21=0x00000040
     380875.000 ns	     38086	80007e8c	adc7c293	xori	x5,x15,-1316	 x15:0x00000040  x5=0xfffffa9c
     380885.000 ns	     38087	80007e90	01cb9913	slli	x18,x23,0x1c	 x23:0x00000c50 x18=0x00000000
     380905.000 ns	     38089	80007e94	024817b3	mulh	x15,x16,x4	 x16:0xfff00000  x4:0x046955fc x15=0xffffb96a
     380925.000 ns	     38091	80007e98	15cf7f13	andi	x30,x30,348	 x30:0xfffff801 x30=0x00000000
     381285.000 ns	     38127	80007e9c	03d86db3	rem	x27,x16,x29	 x16:0xfff00000 x29:0x4efff7df x27=0xfff00000
     381335.000 ns	     38132	80007ea0	011cfa53	fadd.s	f20,f25,f17	 f25:0xcefff7df f17:0x7fc00000 f20=0x7fc00000
     381355.000 ns	     38134	80007ea4	01907833	and	x16,x0,x25	  x0:0x00000000 x25:0x9a07254c x16=0x00000000
     381375.000 ns	     38136	80007ea8	03134733	div	x14,x6,x17	  x6:0x80000000 x17:0x00000000 x14=0xffffffff
     381395.000 ns	     38138	80007eac	3e638e37	lui	x28,0x3e638	 x28=0x3e638000
     381415.000 ns	     38140	80007eb0	02caaf33	mulhsu	x30,x21,x12	 x21:0x80041024 x12:0xffffffff x30=0x80041024
     381435.000 ns	     38142	80007eb4	38e60993	addi	x19,x12,910	 x12:0xffffffff x19=0x0000038d
     381445.000 ns	     38143	80007eb8	009e20b3	slt	x1,x28,x9	 x28:0x3e638000  x9:0x80040fe4  x1=0x00000000
     381465.000 ns	     38145	80007ebc	c00bac53	fcvt.w.s	x24,f23	 f23:0xcefff7df x24=0x80041080
     381495.000 ns	     38148	80007ec0	02daa733	mulhsu	x14,x21,x13	 x21:0x80041024 x13:0x09390000 x14=0xfb63a578
     381535.000 ns	     38152	80007ec4	11d3cf53	fmul.s	f30,f7,f29	  f7:0x00000000 f29:0x00000000 f30=0x00000000
     381555.000 ns	     38154	80007ec8	00f3e633	or	x12,x7,x15	  x7:0x00000000 x15:0xffffb96a x12=0xffffb96a
     381565.000 ns	     38155	80007ecc	014b0e33	add	x28,x22,x20	 x22:0x00000000 x20:0x09390000 x28=0x09390000
     381585.000 ns	     38157	80007ed0	e00a9e53	fclass.s	x28,f21	 f21:0x00000040 x28=0x00000020
     381615.000 ns	     38160	80007ed4	02322133	mulhsu	x2,x4,x3	  x4:0x046955fc  x3:0x00000004  x2=0x00000000
     381635.000 ns	     38162	80007ed8	41b90db3	sub	x27,x18,x27	 x18:0x00000000 x27:0xfff00000 x27=0x00100000
     381645.000 ns	     38163	80007edc	a94c7413	andi	x8,x24,-1388	 x24:0x80041080  x8=0x80041080
     382005.000 ns	     38199	80007ee0	02e9ca33	div	x20,x19,x14	 x19:0x0000038d x14:0xfb63a578 x20=0x00000000
     382025.000 ns	     38201	80007ee4	0093c7b3	xor	x15,x7,x9	  x7:0x00000000  x9:0x80040fe4 x15=0x80040fe4
     382035.000 ns	     38202	80007ee8	115c4313	xori	x6,x24,277	 x24:0x80041080  x6=0x80041195
     382045.000 ns	     38203	80007eec	019c1eb3	sll	x29,x24,x25	 x24:0x80041080 x25:0x9a07254c x29=0x41080000
     382065.000 ns	     38205	80007ef0	c00c77d3	fcvt.w.s	x15,f24	 f24:0x4c8d2ac0 x15=0x04695600
     382085.000 ns	     38207	80007ef4	01555eb3	srl	x29,x10,x21	 x10:0x00000000 x21:0x80041024 x29=0x00000000
     382105.000 ns	     38209	80007ef8	c0069253	fcvt.w.s	x4,f13	 f13:0xcf800000  x4=0x80000000
     382135.000 ns	     38212	80007efc	0287be33	mulhu	x28,x15,x8	 x15:0x04695600  x8:0x80041080 x28=0x0234bcee
     382165.000 ns	     38215	80007f00	03b19033	mulh	x0,x3,x27	  x3:0x00000004 x27:0x00100000
     382195.000 ns	     38218	80007f04	a1c40353	fle.s	x6,f8,f28	  f8:0x4f000000 f28:0x4efff7df  x6=0x00000000
     382225.000 ns	     38221	80007f08	02a05233	divu	x4,x0,x10	  x0:0x00000000 x10:0x00000000  x4=0xffffffff
     382255.000 ns	     38224	80007f0c	03f30033	mul	x0,x6,x31	  x6:0x00000000 x31:0x00000040
     382275.000 ns	     38226	80007f10	0047fc33	and	x24,x15,x4	 x15:0x04695600  x4:0xffffffff x24=0x04695600
     382305.000 ns	     38229	80007f14	112690d3	fmul.s	f1,f13,f18	 f13:0xcf800000 f18:0x00000000  f1=0x80000000
     382675.000 ns	     38266	80007f18	02d7c533	div	x10,x15,x13	 x15:0x04695600 x13:0x09390000 x10=0x00000000
     382695.000 ns	     38268	80007f1c	00ed8433	add	x8,x27,x14	 x27:0x00100000 x14:0xfb63a578  x8=0xfb73a578
     382725.000 ns	     38271	80007f20	5805f8d3	fsqrt.s	f17,f11	 f11:0x00000000 f17=0x00000000
     382755.000 ns	     38274	80007f24	c01b3653	fcvt.wu.s	x12,f22	 f22:0x00000000 x12=0x00000000
     382775.000 ns	     38276	80007f28	0197c933	xor	x18,x15,x25	 x15:0x04695600 x25:0x9a07254c x18=0x9e6e734c
     382815.000 ns	     38280	80007f2c	01a7ff53	fadd.s	f30,f15,f26	 f15:0xcdd018a8 f26:0x7fc00000 f30=0x7fc00000
     382845.000 ns	     38283	80007f30	a0e32253	feq.s	x4,f6,f14	  f6:0x4dd018a8 f14:0x000007ff  x4=0x00000000
     382865.000 ns	     38285	80007f34	00b1d413	srli	x8,x3,0xb	  x3:0x00000004  x8=0x00000000
     383225.000 ns	     38321	80007f38	0333fbb3	remu	x23,x7,x19	  x7:0x00000000 x19:0x0000038d x23=0x00000000
     383255.000 ns	     38324	80007f3c	218d0953	fsgnj.s	f18,f26,f24	 f26:0x7fc00000 f24:0x4c8d2ac0 f18=0x7fc00000
     383275.000 ns	     38326	80007f40	0045a033	slt	x0,x11,x4	 x11:0x00000001  x4:0x00000000
     383285.000 ns	     38327	80007f44	008a1033	sll	x0,x20,x8	 x20:0x00000000  x8:0x00000000
     383295.000 ns	     38328	80007f48	158d2293	slti	x5,x26,344	 x26:0x000007ff  x5=0x00000000
     384465.000 ns	     38445	80007f4c	580271d3	fsqrt.s	f3,f4	  f4:0x4f00040f  f3=0x46b50a40
     384505.000 ns	     38449	80007f50	1809abd3	fdiv.s	f23,f19,f0	 f19:0x00000000  f0:0x00000000 f23=0x7fc00000
     384525.000 ns	     38451	80007f54	40625533	sra	x10,x4,x6	  x4:0x00000000  x6:0x00000000 x10=0x00000000
     384545.000 ns	     38453	80007f58	02a985b3	mul	x11,x19,x10	 x19:0x0000038d x10:0x00000000 x11=0x00000000
     384575.000 ns	     38456	80007f5c	d01a1753	fcvt.s.wu	f14,x20	 x20:0x00000000 f14=0x00000000
     384595.000 ns	     38458	80007f60	41e887b3	sub	x15,x17,x30	 x17:0x00000000 x30:0x80041024 x15=0x7ffbefdc
     384615.000 ns	     38460	80007f64	20e51e53	fsgnjn.s	f28,f10,f14	 f10:0x00000000 f14:0x00000000 f28=0x80000000
     384635.000 ns	     38462	80007f68	01679993	slli	x19,x15,0x16	 x15:0x04695600 x19=0xf7000000
     384645.000 ns	     38463	80007f6c	3f862b93	slti	x23,x12,1016	 x12:0x00000000 x23=0x00000001
     384655.000 ns	     38464	80007f70	370e6b93	ori	x23,x28,880	 x28:0x0234bcee x23=0x0234bffe
     384665.000 ns	     38465	80007f74	41b88233	sub	x4,x17,x27	 x17:0x00000000 x27:0x00100000  x4=0xfff00000
     384675.000 ns	     38466	80007f78	01ff01b3	add	x3,x30,x31	 x30:0x80041024 x31:0x00000040  x3=0x80041064
     384685.000 ns	     38467	80007f7c	01344fb3	xor	x31,x8,x19	  x8:0x00000000 x19:0xf7000000 x31=0xf7000000
     384705.000 ns	     38469	80007f80	03942f33	mulhsu	x30,x8,x25	  x8:0x00000000 x25:0x9a07254c x30=0x00000000
     384725.000 ns	     38471	80007f84	416a5193	srai	x3,x20,0x16	 x20:0x00000000  x3=0x00000000
     384735.000 ns	     38472	80007f88	253eef93	ori	x31,x29,595	 x29:0x00000000 x31=0x00000253
     384745.000 ns	     38473	80007f8c	009183b3	add	x7,x3,x9	  x3:0x80041064  x9:0x80040fe4  x7=0x80040fe4
     384755.000 ns	     38474	80007f90	e42a3f93	sltiu	x31,x20,-446	 x20:0x00000000 x31=0x00000001
     384775.000 ns	     38476	80007f94	026dd133	divu	x2,x27,x6	 x27:0x00100000  x6:0x00000000  x2=0xffffffff
     384805.000 ns	     38479	80007f98	03db13b3	mulh	x7,x22,x29	 x22:0x00000000 x29:0x00000000  x7=0x00000000
     384825.000 ns	     38481	80007f9c	00aee3b3	or	x7,x29,x10	 x29:0x00000000 x10:0x00000000  x7=0x00000000
     384845.000 ns	     38483	80007fa0	02635f33	divu	x30,x6,x6	  x6:0x00000000  x6:0x00000000 x30=0xffffffff
     384865.000 ns	     38485	80007fa4	41338333	sub	x6,x7,x19	  x7:0x00000000 x19:0xf7000000  x6=0x09000000
     384875.000 ns	     38486	80007fa8	00a79e13	slli	x28,x15,0xa	 x15:0x7ffbefdc x28=0xefbf7000
     384895.000 ns	     38488	80007fac	e0018553	fmv.x.w	x10,f3	  f3:0x46b50a40 x10=0x46b50a40
     384925.000 ns	     38491	80007fb0	d00a4e53	fcvt.s.w	f28,x20	 x20:0x00000000 f28=0x00000000
     384955.000 ns	     38494	80007fb4	0234ee33	rem	x28,x9,x3	  x9:0x80040fe4  x3:0x00000000 x28=0x80040fe4
     384985.000 ns	     38497	80007fb8	21589c53	fsgnjn.s	f24,f17,f21	 f17:0x00000000 f21:0x00000040 f24=0x80000000
     385015.000 ns	     38500	80007fbc	f00003d3	fmv.w.x	f7,x0	  x0:0x00000000  f7=0x00000000
     385035.000 ns	     38502	80007fc0	01bb16b3	sll	x13,x22,x27	 x22:0x00000000 x27:0x00100000 x13=0x00000000
     385055.000 ns	     38504	80007fc4	033536b3	mulhu	x13,x10,x19	 x10:0x46b50a40 x19:0xf7000000 x13=0x4438ace3
     385085.000 ns	     38507	80007fc8	02ca73b3	remu	x7,x20,x12	 x20:0x00000000 x12:0x00000000  x7=0x00000000
     385105.000 ns	     38509	80007fcc	f3b9cd93	xori	x27,x19,-197	 x19:0xf7000000 x27=0x08ffff3b
     385125.000 ns	     38511	80007fd0	29bf8353	fmin.s	f6,f31,f27	 f31:0x5e7fefbf f27:0x7fc00000  f6=0x5e7fefbf
     385155.000 ns	     38514	80007fd4	c0071353	fcvt.w.s	x6,f14	 f14:0x00000000  x6=0x00000000
     385175.000 ns	     38516	80007fd8	00ffd113	srli	x2,x31,0xf	 x31:0x00000001  x2=0x00000000
     385195.000 ns	     38518	80007fdc	a1f21bd3	flt.s	x23,f4,f31	  f4:0x4f00040f f31:0x5e7fefbf x23=0x00000001
     385215.000 ns	     38520	80007fe0	41cb5a33	sra	x20,x22,x28	 x22:0x00000000 x28:0x80040fe4 x20=0x00000000
     385235.000 ns	     38522	80007fe4	0348f6b3	remu	x13,x17,x20	 x17:0x00000000 x20:0x00000000 x13=0x00000000
     385255.000 ns	     38524	80007fe8	170ba793	slti	x15,x23,368	 x23:0x00000001 x15=0x00000001
     385275.000 ns	     38526	80007fec	d008a853	fcvt.s.w	f16,x17	 x17:0x00000000 f16=0x00000000
     385295.000 ns	     38528	80007ff0	019d6d33	or	x26,x26,x25	 x26:0x000007ff x25:0x9a07254c x26=0x9a0727ff
     385315.000 ns	     38530	80007ff4	288a8153	fmin.s	f2,f21,f8	 f21:0x00000040  f8:0x4f000000  f2=0x00000040
     385345.000 ns	     38533	80007ff8	a09bae53	feq.s	x28,f23,f9	 f23:0x7fc00000  f9:0xd11a0725 x28=0x00000000
     385365.000 ns	     38535	80007ffc	318cc113	xori	x2,x25,792	 x25:0x9a07254c  x2=0x9a072654
     385375.000 ns	     38536	80008000	00d79193	slli	x3,x15,0xd	 x15:0x00000001  x3=0x00002000
     385385.000 ns	     38537	80008004	00000013	addi	x0,x0,0	  x0:0x00000000
     385415.000 ns	     38540	80008008	580b74d3	fsqrt.s	f9,f22	 f22:0x00000000  f9=0x00000000
     385435.000 ns	     38542	8000800c	33012b13	slti	x22,x2,816	  x2:0x9a072654 x22=0x00000001
     385445.000 ns	     38543	80008010	008c9033	sll	x0,x25,x8	 x25:0x9a07254c  x8:0x00000000
     385465.000 ns	     38545	80008014	02aa9e33	mulh	x28,x21,x10	 x21:0x80041024 x10:0x46b50a40 x28=0xdca69a29
     385495.000 ns	     38548	80008018	c01446d3	fcvt.wu.s	x13,f8	  f8:0x4f000000 x13=0x80000000
     385515.000 ns	     38550	8000801c	0b32f913	andi	x18,x5,179	  x5:0x00000000 x18=0x00000000
     385875.000 ns	     38586	80008020	0396e533	rem	x10,x13,x25	 x13:0x80000000 x25:0x9a07254c x10=0xe5f8dab4
     385895.000 ns	     38588	80008024	79b14393	xori	x7,x2,1947	  x2:0x9a072654  x7=0x9a0721cf
     385905.000 ns	     38589	80008028	00641d33	sll	x26,x8,x6	  x8:0x00000000  x6:0x00000000 x26=0x00000000
     385925.000 ns	     38591	8000802c	02e43533	mulhu	x10,x8,x14	  x8:0x00000000 x14:0xfb63a578 x10=0x00000000
     385955.000 ns	     38594	80008030	026f13b3	mulh	x7,x30,x6	 x30:0xffffffff  x6:0x00000000  x7=0x00000000
     385985.000 ns	     38597	80008034	a11c2053	feq.s	x0,f24,f17	 f24:0x80000000 f17:0x00000000
     386025.000 ns	     38601	80008038	116da653	fmul.s	f12,f27,f22	 f27:0x7fc00000 f22:0x00000000 f12=0x7fc00000
     386055.000 ns	     38604	8000803c	20bf0053	fsgnj.s	f0,f30,f11	 f30:0x7fc00000 f11:0x00000000  f0=0x7fc00000
     386085.000 ns	     38607	80008040	d016f753	fcvt.s.wu	f14,x13	 x13:0x80000000 f14=0x4f000000
     386115.000 ns	     38610	80008044	032fdbb3	divu	x23,x31,x18	 x31:0x00000001 x18:0x00000000 x23=0xffffffff
     386135.000 ns	     38612	80008048	41f7d8b3	sra	x17,x15,x31	 x15:0x00000001 x31:0x00000001 x17=0x00000000
     386145.000 ns	     38613	8000804c	01d46f33	or	x30,x8,x29	  x8:0x00000000 x29:0x00000000 x30=0x00000000
     386155.000 ns	     38614	80008050	01408eb3	add	x29,x1,x20	  x1:0x00000000 x20:0x00000000 x29=0x00000000
     386185.000 ns	     38617	80008054	18cff953	fdiv.s	f18,f31,f12	 f31:0x5e7fefbf f12:0x7fc00000 f18=0x7fc00000
     386215.000 ns	     38620	80008058	f00402d3	fmv.w.x	f5,x8	  x8:0x00000000  f5=0x00000000
     386245.000 ns	     38623	8000805c	20e70dd3	fsgnj.s	f27,f14,f14	 f14:0x4f000000 f14:0x4f000000 f27=0x4f000000
     386275.000 ns	     38626	80008060	a0d2a7d3	feq.s	x15,f5,f13	  f5:0x00000000 f13:0xcf800000 x15=0x00000000
     386295.000 ns	     38628	80008064	414d08b3	sub	x17,x26,x20	 x26:0x00000000 x20:0x00000000 x17=0x00000000
     386335.000 ns	     38632	80008068	00aca4d3	fadd.s	f9,f25,f10	 f25:0xcefff7df f10:0x00000000  f9=0xcefff7df
     386385.000 ns	     38637	8000806c	0920c553	fsub.s	f10,f1,f18	  f1:0x80000000 f18:0x7fc00000 f10=0x7fc00000
     386405.000 ns	     38639	80008070	63323713	sltiu	x14,x4,1587	  x4:0xfff00000 x14=0x00000000
     386425.000 ns	     38641	80008074	03a916b3	mulh	x13,x18,x26	 x18:0x00000000 x26:0x00000000 x13=0x00000000
     386445.000 ns	     38643	80008078	92552797	auipc	x15,0x92552	 x15=0x1255a078
     386455.000 ns	     38644	8000807c	a102b293	sltiu	x5,x5,-1520	  x5:0x00000000  x5=0x00000001
     386475.000 ns	     38646	80008080	03aee0b3	rem	x1,x29,x26	 x29:0x00000000 x26:0x00000000  x1=0x00000000
     386515.000 ns	     38650	80008084	10d1bb53	fmul.s	f22,f3,f13	  f3:0x46b50a40 f13:0xcf800000 f22=0xd6b50a40
     386545.000 ns	     38653	80008088	a0ca2453	feq.s	x8,f20,f12	 f20:0x7fc00000 f12:0x7fc00000  x8=0x00000000
     386575.000 ns	     38656	8000808c	0207b833	mulhu	x16,x15,x0	 x15:0x1255a078  x0:0x00000000 x16=0x00000000
     386595.000 ns	     38658	80008090	00841113	slli	x2,x8,0x8	  x8:0x00000000  x2=0x00000000
     386605.000 ns	     38659	80008094	855f6837	lui	x16,0x855f6	 x16=0x855f6000
     386625.000 ns	     38661	80008098	2027a953	fsgnjx.s	f18,f15,f2	 f15:0xcdd018a8  f2:0x00000040 f18=0xcdd018a8
     386645.000 ns	     38663	8000809c	007c9c13	slli	x24,x25,0x7	 x25:0x9a07254c x24=0x0392a600
     386655.000 ns	     38664	800080a0	e74a7593	andi	x11,x20,-396	 x20:0x00000000 x11=0x00000000
     386675.000 ns	     38666	800080a4	e0071753	fclass.s	x14,f14	 f14:0x4f000000 x14=0x00000040
     386705.000 ns	     38669	800080a8	02f4b2b3	mulhu	x5,x9,x15	  x9:0x80040fe4 x15:0x1255a078  x5=0x092b1ab5
     386735.000 ns	     38672	800080ac	034b30b3	mulhu	x1,x22,x20	 x22:0x00000001 x20:0x00000000  x1=0x00000000
     386785.000 ns	     38677	800080b0	09ff84d3	fsub.s	f9,f31,f31	 f31:0x5e7fefbf f31:0x5e7fefbf  f9=0x80000000
     386815.000 ns	     38680	800080b4	214d81d3	fsgnj.s	f3,f27,f20	 f27:0x4f000000 f20:0x7fc00000  f3=0x4f000000
     386845.000 ns	     38683	800080b8	02c50d33	mul	x26,x10,x12	 x10:0x00000000 x12:0x00000000 x26=0x00000000
     386885.000 ns	     38687	800080bc	19da3153	fdiv.s	f2,f20,f29	 f20:0x7fc00000 f29:0x00000000  f2=0x7fc00000
     386915.000 ns	     38690	800080c0	21c694d3	fsgnjn.s	f9,f13,f28	 f13:0xcf800000 f28:0x00000000  f9=0xcf800000
     386935.000 ns	     38692	800080c4	00098c33	add	x24,x19,x0	 x19:0xf7000000  x0:0x00000000 x24=0xf7000000
     386945.000 ns	     38693	800080c8	010780b3	add	x1,x15,x16	 x15:0x1255a078 x16:0x855f6000  x1=0x97b50078
     386955.000 ns	     38694	800080cc	83480f13	addi	x30,x16,-1996	 x16:0x855f6000 x30=0x855f5834
     387315.000 ns	     38730	800080d0	0381f933	remu	x18,x3,x24	  x3:0x00002000 x24:0xf7000000 x18=0x00002000
     387335.000 ns	     38732	800080d4	00291313	slli	x6,x18,0x2	 x18:0x00000000  x6=0x00008000
     387345.000 ns	     38733	800080d8	02757413	andi	x8,x10,39	 x10:0x00000000  x8=0x00000000
     387365.000 ns	     38735	800080dc	e00a15d3	fclass.s	x11,f20	 f20:0x7fc00000 x11=0x00000200
     387395.000 ns	     38738	800080e0	037cb9b3	mulhu	x19,x25,x23	 x25:0x9a07254c x23:0xffffffff x19=0x9a07254b
     387425.000 ns	     38741	800080e4	03e59db3	mulh	x27,x11,x30	 x11:0x00000200 x30:0x855f5834 x27=0xffffff0a
     387455.000 ns	     38744	800080e8	d0197153	fcvt.s.wu	f2,x18	 x18:0x00002000  f2=0x46000000
     387485.000 ns	     38747	800080ec	03d85733	divu	x14,x16,x29	 x16:0x855f6000 x29:0x00000000 x14=0xffffffff
     387505.000 ns	     38749	800080f0	01aa1eb3	sll	x29,x20,x26	 x20:0x00000000 x26:0x00000000 x29=0x00000000
     387525.000 ns	     38751	800080f4	202b8a53	fsgnj.s	f20,f23,f2	 f23:0x7fc00000  f2:0x46000000 f20=0x7fc00000
     387555.000 ns	     38754	800080f8	027e1133	mulh	x2,x28,x7	 x28:0xdca69a29  x7:0x00000000  x2=0x00000000
     387895.000 ns	     38788	800080fc	192b73d3	fdiv.s	f7,f22,f18	 f22:0xd6b50a40 f18:0xcdd018a8  f7=0x48350a40
     388265.000 ns	     38825	80008100	024c53b3	divu	x7,x24,x4	 x24:0xf7000000  x4:0xfff00000  x7=0x00000000
     388295.000 ns	     38828	80008104	d0007cd3	fcvt.s.w	f25,x0	  x0:0x00000000 f25=0x00000000
     388315.000 ns	     38830	80008108	40b2db13	srai	x22,x5,0xb	  x5:0x092b1ab5 x22=0x00012563
     388335.000 ns	     38832	8000810c	c014f753	fcvt.wu.s	x14,f9	  f9:0xcf800000 x14=0x00000000
     388355.000 ns	     38834	80008110	01f71933	sll	x18,x14,x31	 x14:0xffffffff x31:0x00000001 x18=0x00000000
     388375.000 ns	     38836	80008114	215b0653	fsgnj.s	f12,f22,f21	 f22:0xd6b50a40 f21:0x00000040 f12=0x56b50a40
     388405.000 ns	     38839	80008118	d0093453	fcvt.s.w	f8,x18	 x18:0x00002000  f8=0x00000000
     388435.000 ns	     38842	8000811c	029b0f33	mul	x30,x22,x9	 x22:0x00012563  x9:0x80040fe4 x30=0x27c2192c
     388455.000 ns	     38844	80008120	41de5633	sra	x12,x28,x29	 x28:0xdca69a29 x29:0x00000000 x12=0xdca69a29
     388475.000 ns	     38846	80008124	03245fb3	divu	x31,x8,x18	  x8:0x00000000 x18:0x00000000 x31=0xffffffff
     388505.000 ns	     38849	80008128	a0812153	feq.s	x2,f2,f8	  f2:0x46000000  f8:0x00000000  x2=0x00000000
     388875.000 ns	     38886	8000812c	03eacbb3	div	x23,x21,x30	 x21:0x80041024 x30:0x27c2192c x23=0xfffffffd
     388895.000 ns	     38888	80008130	5859c737	lui	x14,0x5859c	 x14=0x5859c000
     388905.000 ns	     38889	80008134	00f0dd93	srli	x27,x1,0xf	  x1:0x97b50078 x27=0x00012f6a
     389265.000 ns	     38925	80008138	036563b3	rem	x7,x10,x22	 x10:0x00000000 x22:0x00012563  x7=0x00000000
     389285.000 ns	     38927	8000813c	1e18f413	andi	x8,x17,481	 x17:0x00000000  x8=0x00000000
     390455.000 ns	     39044	80008140	58072ed3	fsqrt.s	f29,f14	 f14:0x4f000000 f29=0x46b50482
     390485.000 ns	     39047	80008144	e00d9a53	fclass.s	x20,f27	 f27:0x4f000000 x20=0x00000040
     390535.000 ns	     39052	80008148	08b5f253	fsub.s	f4,f11,f11	 f11:0x00000000 f11:0x00000000  f4=0x80000000
     390555.000 ns	     39054	8000814c	0055f333	and	x6,x11,x5	 x11:0x00000200  x5:0x092b1ab5  x6=0x00000200
     390575.000 ns	     39056	80008150	02861a33	mulh	x20,x12,x8	 x12:0xdca69a29  x8:0x00000000 x20=0x00000000
     390605.000 ns	     39059	80008154	c019a353	fcvt.wu.s	x6,f19	 f19:0x00000000  x6=0x00000000
     390655.000 ns	     39064	80008158	08a1fad3	fsub.s	f21,f3,f10	  f3:0x4f000000 f10:0x7fc00000 f21=0x7fc00000
     390685.000 ns	     39067	8000815c	a07688d3	fle.s	x17,f13,f7	 f13:0xcf800000  f7:0x48350a40 x17=0x00000001
     390705.000 ns	     39069	80008160	01735793	srli	x15,x6,0x17	  x6:0x00000000 x15=0x00000000
     390715.000 ns	     39070	80008164	9247a813	slti	x16,x15,-1756	 x15:0x1255a078 x16=0x00000000
     390725.000 ns	     39071	80008168	006dd033	srl	x0,x27,x6	 x27:0x00012f6a  x6:0x00000000
     390735.000 ns	     39072	8000816c	33a7e593	ori	x11,x15,826	 x15:0x00000000 x11=0x0000033a
     390775.000 ns	     39076	80008170	019b8c53	fadd.s	f24,f23,f25	 f23:0x7fc00000 f25:0x00000000 f24=0x7fc00000
     390795.000 ns	     39078	80008174	40c55bb3	sra	x23,x10,x12	 x10:0x00000000 x12:0xdca69a29 x23=0x00000000
     390805.000 ns	     39079	80008178	006e6c33	or	x24,x28,x6	 x28:0xdca69a29  x6:0x00000000 x24=0xdca69a29
     390825.000 ns	     39081	8000817c	e00f96d3	fclass.s	x13,f31	 f31:0x5e7fefbf x13=0x00000040
     390845.000 ns	     39083	80008180	01152033	slt	x0,x10,x17	 x10:0x00000000 x17:0x00000001
     390875.000 ns	     39086	80008184	1998fd53	fdiv.s	f26,f17,f25	 f17:0x00000000 f25:0x00000000 f26=0x7fc00000
     390905.000 ns	     39089	80008188	038c1c33	mulh	x24,x24,x24	 x24:0xdca69a29 x24:0xdca69a29 x24=0x04e19110
     390935.000 ns	     39092	8000818c	f00983d3	fmv.w.x	f7,x19	 x19:0x9a07254b  f7=0x9a07254b
     390955.000 ns	     39094	80008190	00f0b5b3	sltu	x11,x1,x15	  x1:0x97b50078 x15:0x00000000 x11=0x00000000
     390965.000 ns	     39095	80008194	01fe82b3	add	x5,x29,x31	 x29:0x00000000 x31:0xffffffff  x5=0xffffffff
     390975.000 ns	     39096	80008198	41095793	srai	x15,x18,0x10	 x18:0x00000000 x15=0x00000000
     390985.000 ns	     39097	8000819c	151e2313	slti	x6,x28,337	 x28:0xdca69a29  x6=0x00000001
     390995.000 ns	     39098	800081a0	015dd833	srl	x16,x27,x21	 x27:0x00012f6a x21:0x80041024 x16=0x000012f6
     391015.000 ns	     39100	800081a4	0357a833	mulhsu	x16,x15,x21	 x15:0x00000000 x21:0x80041024 x16=0x00000000
     391055.000 ns	     39104	800081a8	10db7ed3	fmul.s	f29,f22,f13	 f22:0xd6b50a40 f13:0xcf800000 f29=0x66b50a40
     391085.000 ns	     39107	800081ac	02f9c333	div	x6,x19,x15	 x19:0x9a07254b x15:0x00000000  x6=0xffffffff
     391115.000 ns	     39110	800081b0	28ed9d53	fmax.s	f26,f27,f14	 f27:0x4f000000 f14:0x4f000000 f26=0x4f000000
     391485.000 ns	     39147	800081b4	03f77233	remu	x4,x14,x31	 x14:0x5859c000 x31:0xffffffff  x4=0x5859c000
     391855.000 ns	     39184	800081b8	021c5c33	divu	x24,x24,x1	 x24:0x04e19110  x1:0x97b50078 x24=0x00000000
     391875.000 ns	     39186	800081bc	0065b033	sltu	x0,x11,x6	 x11:0x00000000  x6:0xffffffff
     391895.000 ns	     39188	800081c0	e00f1b53	fclass.s	x22,f30	 f30:0x7fc00000 x22=0x00000200
     391915.000 ns	     39190	800081c4	016f3d33	sltu	x26,x30,x22	 x30:0x27c2192c x22:0x00012563 x26=0x00000000
     391935.000 ns	     39192	800081c8	a0e31653	flt.s	x12,f6,f14	  f6:0x5e7fefbf f14:0x4f000000 x12=0x00000000
     391955.000 ns	     39194	800081cc	8036f013	andi	x0,x13,-2045	 x13:0x00000040
     391965.000 ns	     39195	800081d0	40ca01b3	sub	x3,x20,x12	 x20:0x00000000 x12:0x00000000  x3=0x00000000
     391985.000 ns	     39197	800081d4	e00083d3	fmv.x.w	x7,f1	  f1:0x80000000  x7=0x80000000
     392005.000 ns	     39199	800081d8	01e29d93	slli	x27,x5,0x1e	  x5:0xffffffff x27=0xc0000000
     392015.000 ns	     39200	800081dc	01c7d833	srl	x16,x15,x28	 x15:0x00000000 x28:0xdca69a29 x16=0x00000000
     392375.000 ns	     39236	800081e0	035ef3b3	remu	x7,x29,x21	 x29:0x00000000 x21:0x80041024  x7=0x00000000
     392395.000 ns	     39238	800081e4	418fd093	srai	x1,x31,0x18	 x31:0xffffffff  x1=0xffffffff
     392405.000 ns	     39239	800081e8	00bd81b3	add	x3,x27,x11	 x27:0xc0000000 x11:0x00000000  x3=0xc0000000
     392425.000 ns	     39241	800081ec	03745533	divu	x10,x8,x23	  x8:0x00000000 x23:0x00000000 x10=0xffffffff
     392445.000 ns	     39243	800081f0	410b8bb3	sub	x23,x23,x16	 x23:0x00000000 x16:0x00000000 x23=0x00000000
     392455.000 ns	     39244	800081f4	41d85033	sra	x0,x16,x29	 x16:0x00000000 x29:0x00000000
     392475.000 ns	     39246	800081f8	d005c253	fcvt.s.w	f4,x11	 x11:0x00000000  f4=0x00000000
     392495.000 ns	     39248	800081fc	010a5e33	srl	x28,x20,x16	 x20:0x00000000 x16:0x00000000 x28=0x00000000
     392525.000 ns	     39251	80008200	1068fdd3	fmul.s	f27,f17,f6	 f17:0x00000000  f6:0x5e7fefbf f27=0x00000000
     392545.000 ns	     39253	80008204	6cd08213	addi	x4,x1,1741	  x1:0xffffffff  x4=0x000006cc
     392565.000 ns	     39255	80008208	02aa1633	mulh	x12,x20,x10	 x20:0x00000000 x10:0xffffffff x12=0x00000000
     392595.000 ns	     39258	8000820c	a1bf8fd3	fle.s	x31,f31,f27	 f31:0x5e7fefbf f27:0x00000000 x31=0x00000000
     392635.000 ns	     39262	80008210	19594653	fdiv.s	f12,f18,f21	 f18:0xcdd018a8 f21:0x7fc00000 f12=0x7fc00000
     392665.000 ns	     39265	80008214	2118a753	fsgnjx.s	f14,f17,f17	 f17:0x00000000 f17:0x00000000 f14=0x00000000
     392695.000 ns	     39268	80008218	c0097dd3	fcvt.w.s	x27,f18	 f18:0xcdd018a8 x27=0x1a031500
     392725.000 ns	     39271	8000821c	a1ba0bd3	fle.s	x23,f20,f27	 f20:0x7fc00000 f27:0x00000000 x23=0x00000000
     392745.000 ns	     39273	80008220	ea87d0b7	lui	x1,0xea87d	  x1=0xea87d000
     392765.000 ns	     39275	80008224	29861753	fmax.s	f14,f12,f24	 f12:0x7fc00000 f24:0x7fc00000 f14=0x7fc00000
     392785.000 ns	     39277	80008228	46490093	addi	x1,x18,1124	 x18:0x00000000  x1=0x00000464
     392825.000 ns	     39281	8000822c	09fefc53	fsub.s	f24,f29,f31	 f29:0x66b50a40 f31:0x5e7fefbf f24=0x66b509c0
     392845.000 ns	     39283	80008230	0195db13	srli	x22,x11,0x19	 x11:0x00000000 x22=0x00000000
     392855.000 ns	     39284	80008234	009cdd13	srli	x26,x25,0x9	 x25:0x9a07254c x26=0x004d0392
     392875.000 ns	     39286	80008238	206b8f53	fsgnj.s	f30,f23,f6	 f23:0x7fc00000  f6:0x5e7fefbf f30=0x7fc00000
     392905.000 ns	     39289	8000823c	a0a42ed3	feq.s	x29,f8,f10	  f8:0x00000000 f10:0x7fc00000 x29=0x00000000
     392935.000 ns	     39292	80008240	28759ad3	fmax.s	f21,f11,f7	 f11:0x00000000  f7:0x9a07254b f21=0x00000000
     392955.000 ns	     39294	80008244	01aaad33	slt	x26,x21,x26	 x21:0x80041024 x26:0x004d0392 x26=0x00000001
     392975.000 ns	     39296	80008248	209586d3	fsgnj.s	f13,f11,f9	 f11:0x00000000  f9:0xcf800000 f13=0x80000000
     393025.000 ns	     39301	8000824c	09a9c0d3	fsub.s	f1,f19,f26	 f19:0x00000000 f26:0x4f000000  f1=0xcf000000
     393045.000 ns	     39303	80008250	01e81433	sll	x8,x16,x30	 x16:0x00000000 x30:0x27c2192c  x8=0x00000000
     393065.000 ns	     39305	80008254	29639953	fmax.s	f18,f7,f22	  f7:0x9a07254b f22:0xd6b50a40 f18=0x9a07254b
     393085.000 ns	     39307	80008258	00000013	addi	x0,x0,0	  x0:0x00000000
     393095.000 ns	     39308	8000825c	406a5593	srai	x11,x20,0x6	 x20:0x00000000 x11=0x00000000
     393115.000 ns	     39310	80008260	d017fed3	fcvt.s.wu	f29,x15	 x15:0x00000000 f29=0x00000000
     393135.000 ns	     39312	80008264	00c707b3	add	x15,x14,x12	 x14:0x5859c000 x12:0x00000000 x15=0x5859c000
     393175.000 ns	     39316	80008268	0128fad3	fadd.s	f21,f17,f18	 f17:0x00000000 f18:0x9a07254b f21=0x9a07254b
     393205.000 ns	     39319	8000826c	03dbc733	div	x14,x23,x29	 x23:0x00000000 x29:0x00000000 x14=0xffffffff
     393225.000 ns	     39321	80008270	01291a13	slli	x20,x18,0x12	 x18:0x00000000 x20=0x00000000
     393245.000 ns	     39323	80008274	03d04a33	div	x20,x0,x29	  x0:0x00000000 x29:0x00000000 x20=0xffffffff
     393265.000 ns	     39325	80008278	fa596513	ori	x10,x18,-91	 x18:0x00000000 x10=0xffffffa5
     393305.000 ns	     39329	8000827c	09097bd3	fsub.s	f23,f18,f16	 f18:0x9a07254b f16:0x00000000 f23=0x9a07254b
     393335.000 ns	     39332	80008280	f0088ed3	fmv.w.x	f29,x17	 x17:0x00000001 f29=0x00000001
     393365.000 ns	     39335	80008284	297713d3	fmax.s	f7,f14,f23	 f14:0x7fc00000 f23:0x9a07254b  f7=0x9a07254b
     393385.000 ns	     39337	80008288	00388b33	add	x22,x17,x3	 x17:0x00000001  x3:0xc0000000 x22=0xc0000001
     393405.000 ns	     39339	8000828c	03dab333	mulhu	x6,x21,x29	 x21:0x80041024 x29:0x00000000  x6=0x00000000
     393425.000 ns	     39341	80008290	e258cd93	xori	x27,x17,-475	 x17:0x00000001 x27=0xfffffe24
     393445.000 ns	     39343	80008294	d0137753	fcvt.s.wu	f14,x6	  x6:0x00000000 f14=0x00000000
     393465.000 ns	     39345	80008298	c6294b37	lui	x22,0xc6294	 x22=0xc6294000
     393485.000 ns	     39347	8000829c	d0149553	fcvt.s.wu	f10,x9	  x9:0x80040fe4 f10=0x4f00040f
     393515.000 ns	     39350	800082a0	a07da453	feq.s	x8,f27,f7	 f27:0x00000000  f7:0x9a07254b  x8=0x00000000
     393535.000 ns	     39352	800082a4	00804933	xor	x18,x0,x8	  x0:0x00000000  x8:0x00000000 x18=0x00000000
     393565.000 ns	     39355	800082a8	198c81d3	fdiv.s	f3,f25,f24	 f25:0x00000000 f24:0x66b509c0  f3=0x00000000
     393585.000 ns	     39357	800082ac	00ccf8b3	and	x17,x25,x12	 x25:0x9a07254c x12:0x00000000 x17=0x00000000
     393595.000 ns	     39358	800082b0	00863533	sltu	x10,x12,x8	 x12:0x00000000  x8:0x00000000 x10=0x00000000
     393605.000 ns	     39359	800082b4	015257b3	srl	x15,x4,x21	  x4:0x000006cc x21:0x80041024 x15=0x0000006c
     393615.000 ns	     39360	800082b8	009935b3	sltu	x11,x18,x9	 x18:0x00000000  x9:0x80040fe4 x11=0x00000001
     393625.000 ns	     39361	800082bc	000b7db3	and	x27,x22,x0	 x22:0xc6294000  x0:0x00000000 x27=0x00000000
     393635.000 ns	     39362	800082c0	008f5593	srli	x11,x30,0x8	 x30:0x27c2192c x11=0x0027c219
     393645.000 ns	     39363	800082c4	016648b3	xor	x17,x12,x22	 x12:0x00000000 x22:0xc6294000 x17=0xc6294000
     393655.000 ns	     39364	800082c8	01162833	slt	x16,x12,x17	 x12:0x00000000 x17:0x00000000 x16=0x00000000
     394015.000 ns	     39400	800082cc	0212f233	remu	x4,x5,x1	  x5:0xffffffff  x1:0x00000464  x4=0x0000013b
     394035.000 ns	     39402	800082d0	00aab033	sltu	x0,x21,x10	 x21:0x80041024 x10:0x00000000
     394055.000 ns	     39404	800082d4	294198d3	fmax.s	f17,f3,f20	  f3:0x00000000 f20:0x7fc00000 f17=0x00000000
     394075.000 ns	     39406	800082d8	4095dbb3	sra	x23,x11,x9	 x11:0x0027c219  x9:0x80040fe4 x23=0x00027c21
     394105.000 ns	     39409	800082dc	5805b3d3	fsqrt.s	f7,f11	 f11:0x00000000  f7=0x00000000
     394125.000 ns	     39411	800082e0	01358933	add	x18,x11,x19	 x11:0x0027c219 x19:0x9a07254b x18=0x9a2ee764
     394165.000 ns	     39415	800082e4	0963f5d3	fsub.s	f11,f7,f22	  f7:0x00000000 f22:0xd6b50a40 f11=0x56b50a40
     394535.000 ns	     39452	800082e8	034c4fb3	div	x31,x24,x20	 x24:0x00000000 x20:0xffffffff x31=0x00000000
     394565.000 ns	     39455	800082ec	21bda8d3	fsgnjx.s	f17,f27,f27	 f27:0x00000000 f27:0x00000000 f17=0x00000000
     394595.000 ns	     39458	800082f0	c014f0d3	fcvt.wu.s	x1,f9	  f9:0xcf800000  x1=0x00000000
     394615.000 ns	     39460	800082f4	f670ff13	andi	x30,x1,-153	  x1:0x00000464 x30=0x00000000
     394635.000 ns	     39462	800082f8	f00608d3	fmv.w.x	f17,x12	 x12:0x00000000 f17=0x00000000
     394655.000 ns	     39464	800082fc	00c911b3	sll	x3,x18,x12	 x18:0x9a2ee764 x12:0x00000000  x3=0x9a2ee764
     394675.000 ns	     39466	80008300	03552a33	mulhsu	x20,x10,x21	 x10:0x00000000 x21:0x80041024 x20=0x00000000
     394695.000 ns	     39468	80008304	528d8317	auipc	x6,0x528d8	  x6=0xd28e0304
     394715.000 ns	     39470	80008308	02bb8a33	mul	x20,x23,x11	 x23:0x00027c21 x11:0x0027c219 x20=0xcb562139
     394765.000 ns	     39475	8000830c	0869f253	fsub.s	f4,f19,f6	 f19:0x00000000  f6:0x5e7fefbf  f4=0xde7fefbf
     394795.000 ns	     39478	80008310	a1929bd3	flt.s	x23,f5,f25	  f5:0x00000000 f25:0x00000000 x23=0x00000000
     394815.000 ns	     39480	80008314	57e4e997	auipc	x19,0x57e4e	 x19=0xd7e56314
     394825.000 ns	     39481	80008318	4101db13	srai	x22,x3,0x10	  x3:0x9a2ee764 x22=0xffff9a2e
     394845.000 ns	     39483	8000831c	29af95d3	fmax.s	f11,f31,f26	 f31:0x5e7fefbf f26:0x4f000000 f11=0x5e7fefbf
     394875.000 ns	     39486	80008320	f00809d3	fmv.w.x	f19,x16	 x16:0x00000000 f19=0x00000000
     394895.000 ns	     39488	80008324	009671b3	and	x3,x12,x9	 x12:0x00000000  x9:0x80040fe4  x3=0x00000000
     394905.000 ns	     39489	80008328	0128ac33	slt	x24,x17,x18	 x17:0xc6294000 x18:0x9a2ee764 x24=0x00000000
     394915.000 ns	     39490	8000832c	414e02b3	sub	x5,x28,x20	 x28:0x00000000 x20:0xcb562139  x5=0x34a9dec7
     394935.000 ns	     39492	80008330	02e6ba33	mulhu	x20,x13,x14	 x13:0x00000040 x14:0xffffffff x20=0x0000003f
     394965.000 ns	     39495	80008334	027c9733	mulh	x14,x25,x7	 x25:0x9a07254c  x7:0x00000000 x14=0x00000000
     394995.000 ns	     39498	80008338	28270653	fmin.s	f12,f14,f2	 f14:0x00000000  f2:0x46000000 f12=0x00000000
     395025.000 ns	     39501	8000833c	e00f9253	fclass.s	x4,f31	 f31:0x5e7fefbf  x4=0x00000040
     395055.000 ns	     39504	80008340	f0028853	fmv.w.x	f16,x5	  x5:0x34a9dec7 f16=0x34a9dec7
     395075.000 ns	     39506	80008344	01e886b3	add	x13,x17,x30	 x17:0xc6294000 x30:0x00000000 x13=0xc6294000
     395095.000 ns	     39508	80008348	c01c7053	fcvt.wu.s	x0,f24	 f24:0x66b509c0
     395115.000 ns	     39510	8000834c	00000013	addi	x0,x0,0	  x0:0x00000000
     395125.000 ns	     39511	80008350	4b641737	lui	x14,0x4b641	 x14=0x4b641000
     395135.000 ns	     39512	80008354	402c53b3	sra	x7,x24,x2	 x24:0x00000000  x2:0x00000000  x7=0x00000000
     395145.000 ns	     39513	80008358	01a147b3	xor	x15,x2,x26	  x2:0x00000000 x26:0x00000001 x15=0x00000001
     395155.000 ns	     39514	8000835c	6b504513	xori	x10,x0,1717	  x0:0x00000000 x10=0x000006b5
     395175.000 ns	     39516	80008360	28479353	fmax.s	f6,f15,f4	 f15:0xcdd018a8  f4:0xde7fefbf  f6=0xcdd018a8
     395205.000 ns	     39519	80008364	038fd8b3	divu	x17,x31,x24	 x31:0x00000000 x24:0x00000000 x17=0xffffffff
     395225.000 ns	     39521	80008368	8d822b17	auipc	x22,0x8d822	 x22=0x0d82a368
     395235.000 ns	     39522	8000836c	4178d393	srai	x7,x17,0x17	 x17:0xffffffff  x7=0xffffffff
     395245.000 ns	     39523	80008370	00ec6a33	or	x20,x24,x14	 x24:0x00000000 x14:0x4b641000 x20=0x4b641000
     395265.000 ns	     39525	80008374	02115a33	divu	x20,x2,x1	  x2:0x00000000  x1:0x00000000 x20=0xffffffff
     395295.000 ns	     39528	80008378	03fb4f33	div	x30,x22,x31	 x22:0x0d82a368 x31:0x00000000 x30=0xffffffff
     395315.000 ns	     39530	8000837c	418d8f33	sub	x30,x27,x24	 x27:0x00000000 x24:0x00000000 x30=0x00000000
     395325.000 ns	     39531	80008380	6a67cb93	xori	x23,x15,1702	 x15:0x00000001 x23=0x000006a7
     395335.000 ns	     39532	80008384	013960b3	or	x1,x18,x19	 x18:0x9a2ee764 x19:0xd7e56314  x1=0xdfefe774
     395345.000 ns	     39533	80008388	0088d793	srli	x15,x17,0x8	 x17:0xffffffff x15=0x00ffffff
     395355.000 ns	     39534	8000838c	faa71bb7	lui	x23,0xfaa71	 x23=0xfaa71000
     395375.000 ns	     39536	80008390	a01398d3	flt.s	x17,f7,f1	  f7:0x00000000  f1:0xcf000000 x17=0x00000000
     395405.000 ns	     39539	80008394	03d02533	mulhsu	x10,x0,x29	  x0:0x00000000 x29:0x00000000 x10=0x00000000
     395425.000 ns	     39541	80008398	41d9d813	srai	x16,x19,0x1d	 x19:0xd7e56314 x16=0xfffffffe
     395445.000 ns	     39543	8000839c	c017f5d3	fcvt.wu.s	x11,f15	 f15:0xcdd018a8 x11=0x1a031500
     395465.000 ns	     39545	800083a0	40ad5f33	sra	x30,x26,x10	 x26:0x00000001 x10:0x00000000 x30=0x00000001
     395475.000 ns	     39546	800083a4	018fe533	or	x10,x31,x24	 x31:0x00000000 x24:0x00000000 x10=0x00000000
     395515.000 ns	     39550	800083a8	00d84753	fadd.s	f14,f16,f13	 f16:0x34a9dec7 f13:0x80000000 f14=0x34a9dec7
     395535.000 ns	     39552	800083ac	7548c6b7	lui	x13,0x7548c	 x13=0x7548c000
     395555.000 ns	     39554	800083b0	c01279d3	fcvt.wu.s	x19,f4	  f4:0xde7fefbf x19=0x00000000
     395585.000 ns	     39557	800083b4	210ea353	fsgnjx.s	f6,f29,f16	 f29:0x00000001 f16:0x34a9dec7  f6=0x00000001
     395605.000 ns	     39559	800083b8	cba867b7	lui	x15,0xcba86	 x15=0xcba86000
     395625.000 ns	     39561	800083bc	28cc83d3	fmin.s	f7,f25,f12	 f25:0x00000000 f12:0x00000000  f7=0x00000000
     395655.000 ns	     39564	800083c0	a0e8a153	feq.s	x2,f17,f14	 f17:0x00000000 f14:0x34a9dec7  x2=0x00000000
     395705.000 ns	     39569	800083c4	01757353	fadd.s	f6,f10,f23	 f10:0x4f00040f f23:0x9a07254b  f6=0x4f00040f
     395735.000 ns	     39572	800083c8	02da9bb3	mulh	x23,x21,x13	 x21:0x80041024 x13:0x7548c000 x23=0xc55d7c88
     395785.000 ns	     39577	800083cc	0926b8d3	fsub.s	f17,f13,f18	 f13:0x80000000 f18:0x9a07254b f17=0x1a07254b
     395815.000 ns	     39580	800083d0	296b0a53	fmin.s	f20,f22,f22	 f22:0xd6b50a40 f22:0xd6b50a40 f20=0xd6b50a40
     395845.000 ns	     39583	800083d4	020ee733	rem	x14,x29,x0	 x29:0x00000000  x0:0x00000000 x14=0x00000000
     395865.000 ns	     39585	800083d8	ce512713	slti	x14,x2,-795	  x2:0x00000000 x14=0x00000000
     395885.000 ns	     39587	800083dc	02960b33	mul	x22,x12,x9	 x12:0x00000000  x9:0x80040fe4 x22=0x00000000
     395915.000 ns	     39590	800083e0	c00341d3	fcvt.w.s	x3,f6	  f6:0x4f00040f  x3=0x7fffffff
     396285.000 ns	     39627	800083e4	02bdde33	divu	x28,x27,x11	 x27:0x00000000 x11:0x1a031500 x28=0x00000000
     396305.000 ns	     39629	800083e8	011932b3	sltu	x5,x18,x17	 x18:0x9a2ee764 x17:0x00000000  x5=0x00000000
     397475.000 ns	     39746	800083ec	58017d53	fsqrt.s	f26,f2	  f2:0x46000000 f26=0x42350482
     397495.000 ns	     39748	800083f0	01ca2033	slt	x0,x20,x28	 x20:0xffffffff x28:0x00000000
     397515.000 ns	     39750	800083f4	d0148fd3	fcvt.s.wu	f31,x9	  x9:0x80040fe4 f31=0x4f000410
     397535.000 ns	     39752	800083f8	009dcdb3	xor	x27,x27,x9	 x27:0x00000000  x9:0x80040fe4 x27=0x80040fe4
     397555.000 ns	     39754	800083fc	29f71353	fmax.s	f6,f14,f31	 f14:0x34a9dec7 f31:0x4f000410  f6=0x4f000410
     397575.000 ns	     39756	80008400	0167a733	slt	x14,x15,x22	 x15:0xcba86000 x22:0x00000000 x14=0x00000001
     397585.000 ns	     39757	80008404	01152bb3	slt	x23,x10,x17	 x10:0x00000000 x17:0x00000000 x23=0x00000000
     397605.000 ns	     39759	80008408	e00d8a53	fmv.x.w	x20,f27	 f27:0x00000000 x20=0x00000000
     397625.000 ns	     39761	8000840c	7b2d3513	sltiu	x10,x26,1970	 x26:0x00000001 x10=0x00000001
     397635.000 ns	     39762	80008410	41360633	sub	x12,x12,x19	 x12:0x00000000 x19:0x00000000 x12=0x00000000
     397655.000 ns	     39764	80008414	e00c03d3	fmv.x.w	x7,f24	 f24:0x66b509c0  x7=0x66b509c0
     397675.000 ns	     39766	80008418	01c16433	or	x8,x2,x28	  x2:0x00000000 x28:0x00000000  x8=0x00000000
     397685.000 ns	     39767	8000841c	01745293	srli	x5,x8,0x17	  x8:0x00000000  x5=0x00000000
     397705.000 ns	     39769	80008420	a0a226d3	feq.s	x13,f4,f10	  f4:0xde7fefbf f10:0x4f00040f x13=0x00000000
     397735.000 ns	     39772	80008424	020c88b3	mul	x17,x25,x0	 x25:0x9a07254c  x0:0x00000000 x17=0x00000000
     397775.000 ns	     39776	80008428	580e7853	fsqrt.s	f16,f28	 f28:0x00000000 f16=0x00000000
     397805.000 ns	     39779	8000842c	0384a6b3	mulhsu	x13,x9,x24	  x9:0x80040fe4 x24:0x00000000 x13=0x00000000
     397825.000 ns	     39781	80008430	01e355b3	srl	x11,x6,x30	  x6:0xd28e0304 x30:0x00000001 x11=0x69470182
     397865.000 ns	     39785	80008434	087644d3	fsub.s	f9,f12,f7	 f12:0x00000000  f7:0x00000000  f9=0x80000000
     397905.000 ns	     39789	80008438	580a7bd3	fsqrt.s	f23,f20	 f20:0xd6b50a40 f23=0x7fc00000
     397925.000 ns	     39791	8000843c	01561a33	sll	x20,x12,x21	 x12:0x00000000 x21:0x80041024 x20=0x00000000
     397935.000 ns	     39792	80008440	00000013	addi	x0,x0,0	  x0:0x00000000
     397945.000 ns	     39793	80008444	40745f93	srai	x31,x8,0x7	  x8:0x00000000 x31=0x00000000
     397955.000 ns	     39794	80008448	4162d933	sra	x18,x5,x22	  x5:0x00000000 x22:0x00000000 x18=0x00000000
     397975.000 ns	     39796	8000844c	e00206d3	fmv.x.w	x13,f4	  f4:0xde7fefbf x13=0xde7fefbf
     398005.000 ns	     39799	80008450	288a0fd3	fmin.s	f31,f20,f8	 f20:0xd6b50a40  f8:0x00000000 f31=0xd6b50a40
     398035.000 ns	     39802	80008454	d012ff53	fcvt.s.wu	f30,x5	  x5:0x00000000 f30=0x00000000
     398065.000 ns	     39805	80008458	037a2233	mulhsu	x4,x20,x23	 x20:0x00000000 x23:0x00000000  x4=0x00000000
     398085.000 ns	     39807	8000845c	016e5033	srl	x0,x28,x22	 x28:0x00000000 x22:0x00000000
     398105.000 ns	     39809	80008460	c00678d3	fcvt.w.s	x17,f12	 f12:0x00000000 x17=0x00000000
     398125.000 ns	     39811	80008464	0100edb3	or	x27,x1,x16	  x1:0xdfefe774 x16:0xfffffffe x27=0xfffffffe
     398135.000 ns	     39812	80008468	01e6cc33	xor	x24,x13,x30	 x13:0xde7fefbf x30:0x00000001 x24=0xde7fefbe
     398145.000 ns	     39813	8000846c	003a2b33	slt	x22,x20,x3	 x20:0x00000000  x3:0x7fffffff x22=0x00000001
     398165.000 ns	     39815	80008470	20529153	fsgnjn.s	f2,f5,f5	  f5:0x00000000  f5:0x00000000  f2=0x80000000
     398185.000 ns	     39817	80008474	40715093	srai	x1,x2,0x7	  x2:0x00000000  x1=0x00000000
     398195.000 ns	     39818	80008478	f4532317	auipc	x6,0xf4532	  x6=0x7453a478
     398205.000 ns	     39819	8000847c	12d1c693	xori	x13,x3,301	  x3:0x7fffffff x13=0x7ffffed2
     398215.000 ns	     39820	80008480	9543bc17	auipc	x24,0x9543b	 x24=0x15443480
     398225.000 ns	     39821	80008484	003a5213	srli	x4,x20,0x3	 x20:0x00000000  x4=0x00000000
     398235.000 ns	     39822	80008488	0126e133	or	x2,x13,x18	 x13:0x7ffffed2 x18:0x00000000  x2=0x7ffffed2
     398255.000 ns	     39824	8000848c	280314d3	fmax.s	f9,f6,f0	  f6:0x4f000410  f0:0x7fc00000  f9=0x4f000410
     398285.000 ns	     39827	80008490	f00504d3	fmv.w.x	f9,x10	 x10:0x00000001  f9=0x00000001
     398315.000 ns	     39830	80008494	d0007b53	fcvt.s.w	f22,x0	  x0:0x00000000 f22=0x00000000
     398335.000 ns	     39832	80008498	010f9db3	sll	x27,x31,x16	 x31:0x00000000 x16:0xfffffffe x27=0x00000000
     398355.000 ns	     39834	8000849c	02e6b3b3	mulhu	x7,x13,x14	 x13:0x7ffffed2 x14:0x00000001  x7=0x00000000
     398375.000 ns	     39836	800084a0	0047af33	slt	x30,x15,x4	 x15:0xcba86000  x4:0x00000000 x30=0x00000001
     398385.000 ns	     39837	800084a4	01efbbb3	sltu	x23,x31,x30	 x31:0x00000000 x30:0x00000001 x23=0x00000001
     398395.000 ns	     39838	800084a8	41cbdb93	srai	x23,x23,0x1c	 x23:0x00000000 x23=0x00000000
     398405.000 ns	     39839	800084ac	018a1533	sll	x10,x20,x24	 x20:0x00000000 x24:0x15443480 x10=0x00000000
     398415.000 ns	     39840	800084b0	012d9693	slli	x13,x27,0x12	 x27:0x00000000 x13=0x00000000
     398435.000 ns	     39842	800084b4	a08f8d53	fle.s	x26,f31,f8	 f31:0xd6b50a40  f8:0x00000000 x26=0x00000001
     398455.000 ns	     39844	800084b8	41248bb3	sub	x23,x9,x18	  x9:0x80040fe4 x18:0x00000000 x23=0x80040fe4
     398475.000 ns	     39846	800084bc	03b52bb3	mulhsu	x23,x10,x27	 x10:0x00000000 x27:0x00000000 x23=0x00000000
     398495.000 ns	     39848	800084c0	b1947813	andi	x16,x8,-1255	  x8:0x00000000 x16=0x00000000
     398505.000 ns	     39849	800084c4	01d3b133	sltu	x2,x7,x29	  x7:0x00000000 x29:0x00000000  x2=0x00000000
     398535.000 ns	     39852	800084c8	580e2853	fsqrt.s	f16,f28	 f28:0x00000000 f16=0x00000000
     398905.000 ns	     39889	800084cc	0399f7b3	remu	x15,x19,x25	 x19:0x00000000 x25:0x9a07254c x15=0x00000000
     398925.000 ns	     39891	800084d0	a56c2193	slti	x3,x24,-1450	 x24:0x15443480  x3=0x00000000
     398935.000 ns	     39892	800084d4	00f5b2b3	sltu	x5,x11,x15	 x11:0x69470182 x15:0x00000000  x5=0x00000000
     398945.000 ns	     39893	800084d8	f1a98f93	addi	x31,x19,-230	 x19:0x00000000 x31=0xffffff1a
     398965.000 ns	     39895	800084dc	2039afd3	fsgnjx.s	f31,f19,f3	 f19:0x00000000  f3:0x00000000 f31=0x00000000
     398985.000 ns	     39897	800084e0	c7fa6113	ori	x2,x20,-897	 x20:0x00000000  x2=0xfffffc7f
     399005.000 ns	     39899	800084e4	a199a3d3	feq.s	x7,f19,f25	 f19:0x00000000 f25:0x00000000  x7=0x00000001
     399025.000 ns	     39901	800084e8	e9596393	ori	x7,x18,-363	 x18:0x00000000  x7=0xfffffe95
     399045.000 ns	     39903	800084ec	a1448253	fle.s	x4,f9,f20	  f9:0x00000001 f20:0xd6b50a40  x4=0x00000000
     399065.000 ns	     39905	800084f0	01bea7b3	slt	x15,x29,x27	 x29:0x00000000 x27:0x00000000 x15=0x00000000
     399075.000 ns	     39906	800084f4	a037ad93	slti	x27,x15,-1533	 x15:0x00000000 x27=0x00000000
     399085.000 ns	     39907	800084f8	419356b3	sra	x13,x6,x25	  x6:0x7453a478 x25:0x9a07254c x13=0x0007453a
     399445.000 ns	     39943	800084fc	02dfd0b3	divu	x1,x31,x13	 x31:0xffffff1a x13:0x00000000  x1=0x00002336
     399485.000 ns	     39947	80008500	10ce7153	fmul.s	f2,f28,f12	 f28:0x00000000 f12:0x00000000  f2=0x00000000
     399515.000 ns	     39950	80008504	f00281d3	fmv.w.x	f3,x5	  x5:0x00000000  f3=0x00000000
     399545.000 ns	     39953	80008508	205b88d3	fsgnj.s	f17,f23,f5	 f23:0x7fc00000  f5:0x00000000 f17=0x7fc00000
     399595.000 ns	     39958	8000850c	08a47853	fsub.s	f16,f8,f10	  f8:0x00000000 f10:0x4f00040f f16=0xcf00040f
     399615.000 ns	     39960	80008510	40874913	xori	x18,x14,1032	 x14:0x00000001 x18=0x00000409
     399635.000 ns	     39962	80008514	c01802d3	fcvt.wu.s	x5,f16	 f16:0xcf00040f  x5=0x80040f00
     399665.000 ns	     39965	80008518	20dd14d3	fsgnjn.s	f9,f26,f13	 f26:0x42350482 f13:0x80000000  f9=0x42350482
     399695.000 ns	     39968	8000851c	a1e90053	fle.s	x0,f18,f30	 f18:0x9a07254b f30:0x00000000
     399725.000 ns	     39971	80008520	a17e9d53	flt.s	x26,f29,f23	 f29:0x00000001 f23:0x7fc00000 x26=0x00000000
     399745.000 ns	     39973	80008524	01ea11b3	sll	x3,x20,x30	 x20:0x00000000 x30:0x00000001  x3=0x00000000
     399775.000 ns	     39976	80008528	19e28ed3	fdiv.s	f29,f5,f30	  f5:0x00000000 f30:0x00000000 f29=0x7fc00000
     399795.000 ns	     39978	8000852c	2648bb93	sltiu	x23,x17,612	 x17:0x00000000 x23=0x00000001
     399805.000 ns	     39979	80008530	40b30733	sub	x14,x6,x11	  x6:0x7453a478 x11:0x69470182 x14=0x0b0ca2f6
     399825.000 ns	     39981	80008534	a06a8e53	fle.s	x28,f21,f6	 f21:0x9a07254b  f6:0x4f000410 x28=0x00000001
     399855.000 ns	     39984	80008538	035e92b3	mulh	x5,x29,x21	 x29:0x00000000 x21:0x80041024  x5=0x00000000
     399875.000 ns	     39986	8000853c	6ea8b293	sltiu	x5,x17,1770	 x17:0x00000000  x5=0x00000001
     399895.000 ns	     39988	80008540	02075bb3	divu	x23,x14,x0	 x14:0x0b0ca2f6  x0:0x00000000 x23=0xffffffff
     399925.000 ns	     39991	80008544	a1fea553	feq.s	x10,f29,f31	 f29:0x7fc00000 f31:0x00000000 x10=0x00000000
     399945.000 ns	     39993	80008548	8526fbb7	lui	x23,0x8526f	 x23=0x8526f000
     399965.000 ns	     39995	8000854c	20d08253	fsgnj.s	f4,f1,f13	  f1:0xcf000000 f13:0x80000000  f4=0xcf000000
     399995.000 ns	     39998	80008550	a05d80d3	fle.s	x1,f27,f5	 f27:0x00000000  f5:0x00000000  x1=0x00000001
     400025.000 ns	     40001	80008554	03fa0833	mul	x16,x20,x31	 x20:0x00000000 x31:0xffffff1a x16=0x00000000
     400055.000 ns	     40004	80008558	29b91953	fmax.s	f18,f18,f27	 f18:0x9a07254b f27:0x00000000 f18=0x00000000
     400085.000 ns	     40007	8000855c	03a0fb33	remu	x22,x1,x26	  x1:0x00000001 x26:0x00000000 x22=0x00000001
     400105.000 ns	     40009	80008560	01470c33	add	x24,x14,x20	 x14:0x0b0ca2f6 x20:0x00000000 x24=0x0b0ca2f6
     400125.000 ns	     40011	80008564	a09b98d3	flt.s	x17,f23,f9	 f23:0x7fc00000  f9:0x42350482 x17=0x00000000
     400145.000 ns	     40013	80008568	01d79813	slli	x16,x15,0x1d	 x15:0x00000000 x16=0x00000000
     400165.000 ns	     40015	8000856c	c016c353	fcvt.wu.s	x6,f13	 f13:0x80000000  x6=0x00000000
     400185.000 ns	     40017	80008570	0159d5b3	srl	x11,x19,x21	 x19:0x00000000 x21:0x80041024 x11=0x00000000
     400205.000 ns	     40019	80008574	037ebb33	mulhu	x22,x29,x23	 x29:0x00000000 x23:0x8526f000 x22=0x00000000
     400225.000 ns	     40021	80008578	f80a4eb7	lui	x29,0xf80a4	 x29=0xf80a4000
     400585.000 ns	     40057	8000857c	03c9e8b3	rem	x17,x19,x28	 x19:0x00000000 x28:0x00000001 x17=0x00000000
     400955.000 ns	     40094	80008580	03dd5933	divu	x18,x26,x29	 x26:0x00000000 x29:0x00000000 x18=0x00000000
     400975.000 ns	     40096	80008584	012c9a13	slli	x20,x25,0x12	 x25:0x9a07254c x20=0x95300000
     400995.000 ns	     40098	80008588	d01cabd3	fcvt.s.wu	f23,x25	 x25:0x9a07254c f23=0x4f1a0726
     401015.000 ns	     40100	8000858c	40d3db33	sra	x22,x7,x13	  x7:0xfffffe95 x13:0x0007453a x22=0xffffffff
     401025.000 ns	     40101	80008590	01f97533	and	x10,x18,x31	 x18:0x00000000 x31:0xffffff1a x10=0x00000000
     401045.000 ns	     40103	80008594	293b0cd3	fmin.s	f25,f22,f19	 f22:0x00000000 f19:0x00000000 f25=0x00000000
     401075.000 ns	     40106	80008598	e0069d53	fclass.s	x26,f13	 f13:0x80000000 x26=0x00000008
     401095.000 ns	     40108	8000859c	40e45b93	srai	x23,x8,0xe	  x8:0x00000000 x23=0x00000000
     401115.000 ns	     40110	800085a0	0325c133	div	x2,x11,x18	 x11:0x00000000 x18:0x00000000  x2=0xffffffff
     401145.000 ns	     40113	800085a4	28c68953	fmin.s	f18,f13,f12	 f13:0x80000000 f12:0x00000000 f18=0x80000000
     401195.000 ns	     40118	800085a8	09b60ed3	fsub.s	f29,f12,f27	 f12:0x00000000 f27:0x00000000 f29=0x80000000
     401225.000 ns	     40121	800085ac	20a6a453	fsgnjx.s	f8,f13,f10	 f13:0x80000000 f10:0x4f00040f  f8=0x80000000
     401255.000 ns	     40124	800085b0	28ea13d3	fmax.s	f7,f20,f14	 f20:0xd6b50a40 f14:0x34a9dec7  f7=0x34a9dec7
     401285.000 ns	     40127	800085b4	d005c4d3	fcvt.s.w	f9,x11	 x11:0x00000000  f9=0x00000000
     401315.000 ns	     40130	800085b8	f00a0453	fmv.w.x	f8,x20	 x20:0x95300000  f8=0x95300000
     401345.000 ns	     40133	800085bc	f00587d3	fmv.w.x	f15,x11	 x11:0x00000000 f15=0x00000000
     401365.000 ns	     40135	800085c0	0184cc33	xor	x24,x9,x24	  x9:0x80040fe4 x24:0x0b0ca2f6 x24=0x8b08ad12
     401375.000 ns	     40136	800085c4	01040633	add	x12,x8,x16	  x8:0x00000000 x16:0x00000000 x12=0x00000000
     401385.000 ns	     40137	800085c8	01f07533	and	x10,x0,x31	  x0:0x00000000 x31:0xffffff1a x10=0x00000000
     401405.000 ns	     40139	800085cc	28240b53	fmin.s	f22,f8,f2	  f8:0x95300000  f2:0x00000000 f22=0x95300000
     401435.000 ns	     40142	800085d0	a0d99253	flt.s	x4,f19,f13	 f19:0x00000000 f13:0x80000000  x4=0x00000000
     402615.000 ns	     40260	800085d4	58032a53	fsqrt.s	f20,f6	  f6:0x4f000410 f20=0x46b50a40
     402635.000 ns	     40262	800085d8	407205b3	sub	x11,x4,x7	  x4:0x00000000  x7:0xfffffe95 x11=0x0000016b
     402655.000 ns	     40264	800085dc	213f07d3	fsgnj.s	f15,f30,f19	 f30:0x00000000 f19:0x00000000 f15=0x00000000
     402685.000 ns	     40267	800085e0	e0098dd3	fmv.x.w	x27,f19	 f19:0x00000000 x27=0x00000000
     402705.000 ns	     40269	800085e4	403859b3	sra	x19,x16,x3	 x16:0x00000000  x3:0x00000000 x19=0x00000000
     402715.000 ns	     40270	800085e8	00fba9b3	slt	x19,x23,x15	 x23:0x00000000 x15:0x00000000 x19=0x00000000
     402745.000 ns	     40273	800085ec	18729ed3	fdiv.s	f29,f5,f7	  f5:0x00000000  f7:0x34a9dec7 f29=0x00000000
     402765.000 ns	     40275	800085f0	00795693	srli	x13,x18,0x7	 x18:0x00000000 x13=0x00000000
     402775.000 ns	     40276	800085f4	4b676a13	ori	x20,x14,1206	 x14:0x0b0ca2f6 x20=0x0b0ca6f6
     402795.000 ns	     40278	800085f8	21ef2953	fsgnjx.s	f18,f30,f30	 f30:0x00000000 f30:0x00000000 f18=0x00000000
     402815.000 ns	     40280	800085fc	007ac8b3	xor	x17,x21,x7	 x21:0x80041024  x7:0xfffffe95 x17=0x7ffbeeb1
     402825.000 ns	     40281	80008600	2a85cb37	lui	x22,0x2a85c	 x22=0x2a85c000
     402835.000 ns	     40282	80008604	d9ed8c17	auipc	x24,0xd9ed8	 x24=0x59ee0604
     402855.000 ns	     40284	80008608	02d34db3	div	x27,x6,x13	  x6:0x00000000 x13:0x00000000 x27=0xffffffff
     402895.000 ns	     40288	8000860c	5809f8d3	fsqrt.s	f17,f19	 f19:0x00000000 f17=0x00000000
     402925.000 ns	     40291	80008610	02a73f33	mulhu	x30,x14,x10	 x14:0x0b0ca2f6 x10:0x00000000 x30=0x00000000
     403295.000 ns	     40328	80008614	02b353b3	divu	x7,x6,x11	  x6:0x00000000 x11:0x0000016b  x7=0x00000000
     403325.000 ns	     40331	80008618	206a0bd3	fsgnj.s	f23,f20,f6	 f20:0x46b50a40  f6:0x4f000410 f23=0x46b50a40
     403345.000 ns	     40333	8000861c	01287833	and	x16,x16,x18	 x16:0x00000000 x18:0x00000000 x16=0x00000000
     403705.000 ns	     40369	80008620	03a07c33	remu	x24,x0,x26	  x0:0x00000000 x26:0x00000008 x24=0x00000000
     403725.000 ns	     40371	80008624	00291e33	sll	x28,x18,x2	 x18:0x00000000  x2:0xffffffff x28=0x00000000
     403735.000 ns	     40372	80008628	002d6833	or	x16,x26,x2	 x26:0x00000008  x2:0xffffffff x16=0xffffffff
     403755.000 ns	     40374	8000862c	036d2133	mulhsu	x2,x26,x22	 x26:0x00000008 x22:0x2a85c000  x2=0x00000001
     403775.000 ns	     40376	80008630	002dee93	ori	x29,x27,2	 x27:0xffffffff x29=0xffffffff
     403785.000 ns	     40377	80008634	40b45c13	srai	x24,x8,0xb	  x8:0x00000000 x24=0x00000000
     404145.000 ns	     40413	80008638	03d7e6b3	rem	x13,x15,x29	 x15:0x00000000 x29:0xf80a4000 x13=0x00000000
     404175.000 ns	     40416	8000863c	e00603d3	fmv.x.w	x7,f12	 f12:0x00000000  x7=0x00000000
     404195.000 ns	     40418	80008640	68d34713	xori	x14,x6,1677	  x6:0x00000000 x14=0x0000068d
     404215.000 ns	     40420	80008644	c00e21d3	fcvt.w.s	x3,f28	 f28:0x00000000  x3=0x00000000
     404245.000 ns	     40423	80008648	032a57b3	divu	x15,x20,x18	 x20:0x0b0ca6f6 x18:0x00000000 x15=0xffffffff
     404275.000 ns	     40426	8000864c	c01b80d3	fcvt.wu.s	x1,f23	 f23:0x46b50a40  x1=0x00005a85
     404305.000 ns	     40429	80008650	d007ffd3	fcvt.s.w	f31,x15	 x15:0xffffffff f31=0xbf800000
     404325.000 ns	     40431	80008654	bae44613	xori	x12,x8,-1106	  x8:0x00000000 x12=0xfffffbae
     404335.000 ns	     40432	80008658	01a7a1b3	slt	x3,x15,x26	 x15:0xffffffff x26:0x00000008  x3=0x00000001
     404345.000 ns	     40433	8000865c	3575cd13	xori	x26,x11,855	 x11:0x0000016b x26=0x0000023c
     404365.000 ns	     40435	80008660	29728a53	fmin.s	f20,f5,f23	  f5:0x00000000 f23:0x46b50a40 f20=0x00000000
     404395.000 ns	     40438	80008664	d01a7853	fcvt.s.wu	f16,x20	 x20:0x0b0ca6f6 f16=0x4d30ca6f
     404415.000 ns	     40440	80008668	40a10a33	sub	x20,x2,x10	  x2:0x00000001 x10:0x00000000 x20=0x00000001
     404425.000 ns	     40441	8000866c	01f04633	xor	x12,x0,x31	  x0:0x00000000 x31:0xffffff1a x12=0xffffff1a
     404785.000 ns	     40477	80008670	0364e833	rem	x16,x9,x22	  x9:0x80040fe4 x22:0x2a85c000 x16=0xff954fe4
     404805.000 ns	     40479	80008674	00c31713	slli	x14,x6,0xc	  x6:0x00000000 x14=0x00000000
     404825.000 ns	     40481	80008678	d0123453	fcvt.s.wu	f8,x4	  x4:0x00000000  f8=0x00000000
     404855.000 ns	     40484	8000867c	03811233	mulh	x4,x2,x24	  x2:0x00000001 x24:0x00000000  x4=0x00000000
     404885.000 ns	     40487	80008680	21a02fd3	fsgnjx.s	f31,f0,f26	  f0:0x7fc00000 f26:0x42350482 f31=0x7fc00000
     404915.000 ns	     40490	80008684	02912333	mulhsu	x6,x2,x9	  x2:0x00000001  x9:0x80040fe4  x6=0x00000000
     404935.000 ns	     40492	80008688	d99c2293	slti	x5,x24,-615	 x24:0x00000000  x5=0x00000000
     404955.000 ns	     40494	8000868c	296806d3	fmin.s	f13,f16,f22	 f16:0x4d30ca6f f22:0x95300000 f13=0x95300000
     404975.000 ns	     40496	80008690	f25eba13	sltiu	x20,x29,-219	 x29:0xffffffff x20=0x00000000
     404995.000 ns	     40498	80008694	e0041153	fclass.s	x2,f8	  f8:0x00000000  x2=0x00000010
     405025.000 ns	     40501	80008698	f0038b53	fmv.w.x	f22,x7	  x7:0x00000000 f22=0x00000000
     405045.000 ns	     40503	8000869c	00000013	addi	x0,x0,0	  x0:0x00000000
     405055.000 ns	     40504	800086a0	012987b3	add	x15,x19,x18	 x19:0x00000000 x18:0x00000000 x15=0x00000000
     405075.000 ns	     40506	800086a4	28ec1a53	fmax.s	f20,f24,f14	 f24:0x66b509c0 f14:0x34a9dec7 f20=0x66b509c0
     405105.000 ns	     40509	800086a8	2084afd3	fsgnjx.s	f31,f9,f8	  f9:0x00000000  f8:0x00000000 f31=0x00000000
     405145.000 ns	     40513	800086ac	10daf653	fmul.s	f12,f21,f13	 f21:0x9a07254b f13:0x95300000 f12=0x6fb9d348
     405175.000 ns	     40516	800086b0	c015ad53	fcvt.wu.s	x26,f11	 f11:0x5e7fefbf x26=0xffffffff
     405205.000 ns	     40519	800086b4	d0001453	fcvt.s.w	f8,x0	  x0:0x00000000  f8=0x00000000
     405245.000 ns	     40523	800086b8	5806a9d3	fsqrt.s	f19,f13	 f13:0x95300000 f19=0x7fc00000
     405275.000 ns	     40526	800086bc	a1771c53	flt.s	x24,f14,f23	 f14:0x34a9dec7 f23:0x46b50a40 x24=0x00000001
     405305.000 ns	     40529	800086c0	0200e533	rem	x10,x1,x0	  x1:0x00005a85  x0:0x00000000 x10=0x00005a85
     405325.000 ns	     40531	800086c4	c95881b7	lui	x3,0xc9588	  x3=0xc9588000
     405345.000 ns	     40533	800086c8	02f618b3	mulh	x17,x12,x15	 x12:0xffffff1a x15:0x00000000 x17=0x00000000
     405365.000 ns	     40535	800086cc	42b73593	sltiu	x11,x14,1067	 x14:0x00000000 x11=0x00000001
     405405.000 ns	     40539	800086d0	08de9153	fsub.s	f2,f29,f13	 f29:0x00000000 f13:0x95300000  f2=0x15300000
     405425.000 ns	     40541	800086d4	391a3537	lui	x10,0x391a3	 x10=0x391a3000
     405435.000 ns	     40542	800086d8	5bf5bb93	sltiu	x23,x11,1471	 x11:0x00000001 x23=0x00000001
     405445.000 ns	     40543	800086dc	00095e33	srl	x28,x18,x0	 x18:0x00000000  x0:0x00000000 x28=0x00000000
     405455.000 ns	     40544	800086e0	00de9213	slli	x4,x29,0xd	 x29:0xffffffff  x4=0xffffe000
     405475.000 ns	     40546	800086e4	d01abd53	fcvt.s.wu	f26,x21	 x21:0x80041024 f26=0x4f000411
     405495.000 ns	     40548	800086e8	00c15013	srli	x0,x2,0xc	  x2:0x00000010
     405505.000 ns	     40549	800086ec	e5715d37	lui	x26,0xe5715	 x26=0xe5715000
     405865.000 ns	     40585	800086f0	0294f1b3	remu	x3,x9,x9	  x9:0x80040fe4  x9:0x80040fe4  x3=0x00000000
     405905.000 ns	     40589	800086f4	18a29053	fdiv.s	f0,f5,f10	  f5:0x00000000 f10:0x4f00040f  f0=0x00000000
     405925.000 ns	     40591	800086f8	00000013	addi	x0,x0,0	  x0:0x00000000
     405945.000 ns	     40593	800086fc	c00407d3	fcvt.w.s	x15,f8	  f8:0x00000000 x15=0x00000000
     405965.000 ns	     40595	80008700	41c2d133	sra	x2,x5,x28	  x5:0x00000000 x28:0x00000000  x2=0x00000000
     405985.000 ns	     40597	80008704	02eaa133	mulhsu	x2,x21,x14	 x21:0x80041024 x14:0x00000000  x2=0x00000000
     406005.000 ns	     40599	80008708	66263293	sltiu	x5,x12,1634	 x12:0xffffff1a  x5=0x00000000
     406015.000 ns	     40600	8000870c	011fd2b3	srl	x5,x31,x17	 x31:0xffffff1a x17:0x00000000  x5=0xffffff1a
     407185.000 ns	     40717	80008710	580d2a53	fsqrt.s	f20,f26	 f26:0x4f000411 f20=0x46b50a42
     408365.000 ns	     40835	80008714	580d7ad3	fsqrt.s	f21,f26	 f26:0x4f000411 f21=0x46b50a42
     408415.000 ns	     40840	80008718	0939f253	fsub.s	f4,f19,f19	 f19:0x7fc00000 f19:0x7fc00000  f4=0x7fc00000
     408435.000 ns	     40842	8000871c	316ae617	auipc	x12,0x316ae	 x12=0xb16b671c
     409605.000 ns	     40959	80008720	580d4d53	fsqrt.s	f26,f26	 f26:0x4f000411 f26=0x46b50a42
     409625.000 ns	     40961	80008724	73d5ad13	slti	x26,x11,1853	 x11:0x00000001 x26=0x00000001
     409645.000 ns	     40963	80008728	e0051753	fclass.s	x14,f10	 f10:0x4f00040f x14=0x00000040
     409665.000 ns	     40965	8000872c	6f6bc837	lui	x16,0x6f6bc	 x16=0x6f6bc000
     409685.000 ns	     40967	80008730	c0093f53	fcvt.w.s	x30,f18	 f18:0x00000000 x30=0x00000000
     409715.000 ns	     40970	80008734	a12d88d3	fle.s	x17,f27,f18	 f27:0x00000000 f18:0x00000000 x17=0x00000001
     409765.000 ns	     40975	80008738	087e7d53	fsub.s	f26,f28,f7	 f28:0x00000000  f7:0x34a9dec7 f26=0xb4a9dec7
     409795.000 ns	     40978	8000873c	c01df7d3	fcvt.wu.s	x15,f27	 f27:0x00000000 x15=0x00000000
     409815.000 ns	     40980	80008740	406cdc13	srai	x24,x25,0x6	 x25:0x9a07254c x24=0xfe681c95
     409835.000 ns	     40982	80008744	023350b3	divu	x1,x6,x3	  x6:0x00000000  x3:0x00000000  x1=0xffffffff
     409855.000 ns	     40984	80008748	003fcd33	xor	x26,x31,x3	 x31:0xffffff1a  x3:0x00000000 x26=0xffffff1a
     409875.000 ns	     40986	8000874c	032c3533	mulhu	x10,x24,x18	 x24:0xfe681c95 x18:0x00000000 x10=0x00000000
     409905.000 ns	     40989	80008750	206b93d3	fsgnjn.s	f7,f23,f6	 f23:0x46b50a40  f6:0x4f000410  f7=0xc6b50a40
     409925.000 ns	     40991	80008754	00bf6433	or	x8,x30,x11	 x30:0x00000000 x11:0x00000001  x8=0x00000001
     409935.000 ns	     40992	80008758	9812fd13	andi	x26,x5,-1663	  x5:0xffffff1a x26=0xfffff900
     409955.000 ns	     40994	8000875c	03dba233	mulhsu	x4,x23,x29	 x23:0x00000001 x29:0xffffffff  x4=0x00000000
     409985.000 ns	     40997	80008760	d0147353	fcvt.s.wu	f6,x8	  x8:0x00000001  f6=0x3f800000
     410005.000 ns	     40999	80008764	01bbf733	and	x14,x23,x27	 x23:0x00000001 x27:0xffffffff x14=0x00000001
     410015.000 ns	     41000	80008768	496ba593	slti	x11,x23,1174	 x23:0x00000001 x11=0x00000001
     410035.000 ns	     41002	8000876c	039d3db3	mulhu	x27,x26,x25	 x26:0xfffff900 x25:0x9a07254c x27=0x9a072115
     410085.000 ns	     41007	80008770	0902f1d3	fsub.s	f3,f5,f16	  f5:0x00000000 f16:0x4d30ca6f  f3=0xcd30ca6f
     410105.000 ns	     41009	80008774	01579413	slli	x8,x15,0x15	 x15:0x00000000  x8=0x00000000
     410115.000 ns	     41010	80008778	01e99a13	slli	x20,x19,0x1e	 x19:0x00000000 x20=0x00000000
     410125.000 ns	     41011	8000877c	aaab8713	addi	x14,x23,-1366	 x23:0x00000001 x14=0xfffffaab
     410145.000 ns	     41013	80008780	e00f18d3	fclass.s	x17,f30	 f30:0x00000000 x17=0x00000010
     410175.000 ns	     41016	80008784	e00d0653	fmv.x.w	x12,f26	 f26:0xb4a9dec7 x12=0xb4a9dec7
     410195.000 ns	     41018	80008788	01ef5793	srli	x15,x30,0x1e	 x30:0x00000000 x15=0x00000000
     410215.000 ns	     41020	8000878c	a00480d3	fle.s	x1,f9,f0	  f9:0x00000000  f0:0x00000000  x1=0x00000001
     410245.000 ns	     41023	80008790	025e25b3	mulhsu	x11,x28,x5	 x28:0x00000000  x5:0xffffff1a x11=0x00000000
     410265.000 ns	     41025	80008794	3ee537b7	lui	x15,0x3ee53	 x15=0x3ee53000
     410275.000 ns	     41026	80008798	0086be33	sltu	x28,x13,x8	 x13:0x00000000  x8:0x00000000 x28=0x00000000
     410295.000 ns	     41028	8000879c	20cf1953	fsgnjn.s	f18,f30,f12	 f30:0x00000000 f12:0x6fb9d348 f18=0x80000000
     410315.000 ns	     41030	800087a0	41fbdc13	srai	x24,x23,0x1f	 x23:0x00000001 x24=0x00000000
     410335.000 ns	     41032	800087a4	a1760dd3	fle.s	x27,f12,f23	 f12:0x6fb9d348 f23:0x46b50a40 x27=0x00000000
     410365.000 ns	     41035	800087a8	031a3933	mulhu	x18,x20,x17	 x20:0x00000000 x17:0x00000010 x18=0x00000000
     410385.000 ns	     41037	800087ac	00918e33	add	x28,x3,x9	  x3:0x00000000  x9:0x80040fe4 x28=0x80040fe4
     410395.000 ns	     41038	800087b0	a9aa2897	auipc	x17,0xa9aa2	 x17=0x29aaa7b0
     410405.000 ns	     41039	800087b4	1e34d3b7	lui	x7,0x1e34d	  x7=0x1e34d000
     410425.000 ns	     41041	800087b8	d0054053	fcvt.s.w	f0,x10	 x10:0x00000000  f0=0x00000000
     410475.000 ns	     41046	800087bc	01a2f453	fadd.s	f8,f5,f26	  f5:0x00000000 f26:0xb4a9dec7  f8=0xb4a9dec7
     410495.000 ns	     41048	800087c0	005812b3	sll	x5,x16,x5	 x16:0x6f6bc000  x5:0xffffff1a  x5=0x00000000
     410515.000 ns	     41050	800087c4	f00e06d3	fmv.w.x	f13,x28	 x28:0x80040fe4 f13=0x80040fe4
     410545.000 ns	     41053	800087c8	207709d3	fsgnj.s	f19,f14,f7	 f14:0x34a9dec7  f7:0xc6b50a40 f19=0xb4a9dec7
     410595.000 ns	     41058	800087cc	09a92e53	fsub.s	f28,f18,f26	 f18:0x80000000 f26:0xb4a9dec7 f28=0x34a9dec7
     410625.000 ns	     41061	800087d0	d00b8c53	fcvt.s.w	f24,x23	 x23:0x00000001 f24=0x3f800000
     410675.000 ns	     41066	800087d4	096e4c53	fsub.s	f24,f28,f22	 f28:0x34a9dec7 f22:0x00000000 f24=0x34a9dec7
     410715.000 ns	     41070	800087d8	580b7f53	fsqrt.s	f30,f22	 f22:0x00000000 f30=0x00000000
     410735.000 ns	     41072	800087dc	d2b84b13	xori	x22,x16,-725	 x16:0x6f6bc000 x22=0x90943d2b
     410745.000 ns	     41073	800087e0	01c49293	slli	x5,x9,0x1c	  x9:0x80040fe4  x5=0x40000000
     410755.000 ns	     41074	800087e4	01ca9333	sll	x6,x21,x28	 x21:0x80041024 x28:0x80040fe4  x6=0x00410240
     411115.000 ns	     41110	800087e8	03abeb33	rem	x22,x23,x26	 x23:0x00000001 x26:0xfffff900 x22=0x00000001
     411135.000 ns	     41112	800087ec	40be8933	sub	x18,x29,x11	 x29:0xffffffff x11:0x00000000 x18=0xffffffff
     411145.000 ns	     41113	800087f0	017d5133	srl	x2,x26,x23	 x26:0xfffff900 x23:0x00000001  x2=0x7ffffc80
     411505.000 ns	     41149	800087f4	030e5bb3	divu	x23,x28,x16	 x28:0x80040fe4 x16:0x6f6bc000 x23=0x00000001
     411525.000 ns	     41151	800087f8	0183edb3	or	x27,x7,x24	  x7:0x1e34d000 x24:0x00000000 x27=0x1e34d000
     411535.000 ns	     41152	800087fc	00979b13	slli	x22,x15,0x9	 x15:0x3ee53000 x22=0xca600000
     411555.000 ns	     41154	80008800	c01df3d3	fcvt.wu.s	x7,f27	 f27:0x00000000  x7=0x00000000
     411585.000 ns	     41157	80008804	f0048fd3	fmv.w.x	f31,x9	  x9:0x80040fe4 f31=0x80040fe4
     411605.000 ns	     41159	80008808	11eceb97	auipc	x23,0x11ece	 x23=0x91ed6808
     411615.000 ns	     41160	8000880c	009ddb93	srli	x23,x27,0x9	 x27:0x1e34d000 x23=0x000f1a68
     411625.000 ns	     41161	80008810	0083b433	sltu	x8,x7,x8	  x7:0x00000000  x8:0x00000000  x8=0x00000000
     411635.000 ns	     41162	80008814	a1c6ed13	ori	x26,x13,-1508	 x13:0x00000000 x26=0xfffffa1c
     411665.000 ns	     41165	80008818	10dd7dd3	fmul.s	f27,f26,f13	 f26:0xb4a9dec7 f13:0x80040fe4 f27=0x00000000
     411695.000 ns	     41168	8000881c	a1f41d53	flt.s	x26,f8,f31	  f8:0xb4a9dec7 f31:0x80040fe4 x26=0x00000001
     411725.000 ns	     41171	80008820	28f683d3	fmin.s	f7,f13,f15	 f13:0x80040fe4 f15:0x00000000  f7=0x80040fe4
     411745.000 ns	     41173	80008824	005a1b13	slli	x22,x20,0x5	 x20:0x00000000 x22=0x00000000
     411765.000 ns	     41175	80008828	028c7233	remu	x4,x24,x8	 x24:0x00000000  x8:0x00000000  x4=0x00000000
     411795.000 ns	     41178	8000882c	28c88053	fmin.s	f0,f17,f12	 f17:0x00000000 f12:0x6fb9d348  f0=0x00000000
     411825.000 ns	     41181	80008830	024220b3	mulhsu	x1,x4,x4	  x4:0x00000000  x4:0x00000000  x1=0x00000000
     411865.000 ns	     41185	80008834	198e88d3	fdiv.s	f17,f29,f24	 f29:0x00000000 f24:0x34a9dec7 f17=0x00000000
     411885.000 ns	     41187	80008838	00b25f33	srl	x30,x4,x11	  x4:0x00000000 x11:0x00000000 x30=0x00000000
     411905.000 ns	     41189	8000883c	d012f553	fcvt.s.wu	f10,x5	  x5:0x40000000 f10=0x4e800000
     411955.000 ns	     41194	80008840	0886b9d3	fsub.s	f19,f13,f8	 f13:0x80040fe4  f8:0xb4a9dec7 f19=0x34a9dec7
     412325.000 ns	     41231	80008844	02945e33	divu	x28,x8,x9	  x8:0x00000000  x9:0x80040fe4 x28=0x00000000
     412345.000 ns	     41233	80008848	dc806593	ori	x11,x0,-568	  x0:0x00000000 x11=0xfffffdc8
     412375.000 ns	     41236	8000884c	58041b53	fsqrt.s	f22,f8	  f8:0xb4a9dec7 f22=0x7fc00000
     412395.000 ns	     41238	80008850	00000013	addi	x0,x0,0	  x0:0x00000000
     412415.000 ns	     41240	80008854	e0001053	fclass.s	x0,f0	  f0:0x00000000
     412435.000 ns	     41242	80008858	00000013	addi	x0,x0,0	  x0:0x00000000
     412445.000 ns	     41243	8000885c	01639913	slli	x18,x7,0x16	  x7:0x00000000 x18=0x00000000
     412465.000 ns	     41245	80008860	29cc0953	fmin.s	f18,f24,f28	 f24:0x34a9dec7 f28:0x34a9dec7 f18=0x34a9dec7
     412495.000 ns	     41248	80008864	204d23d3	fsgnjx.s	f7,f26,f4	 f26:0xb4a9dec7  f4:0x7fc00000  f7=0xb4a9dec7
     412515.000 ns	     41250	80008868	009f76b3	and	x13,x30,x9	 x30:0x00000000  x9:0x80040fe4 x13=0x00000000
     412525.000 ns	     41251	8000886c	004e95b3	sll	x11,x29,x4	 x29:0xffffffff  x4:0x00000000 x11=0xffffffff
     412545.000 ns	     41253	80008870	d0077a53	fcvt.s.w	f20,x14	 x14:0xfffffaab f20=0xc4aaa000
     412915.000 ns	     41290	80008874	0305e5b3	rem	x11,x11,x16	 x11:0xfffffdc8 x16:0x6f6bc000 x11=0xffffffff
     412935.000 ns	     41292	80008878	017fae33	slt	x28,x31,x23	 x31:0xffffff1a x23:0x000f1a68 x28=0x00000001
     412955.000 ns	     41294	8000887c	f00f85d3	fmv.w.x	f11,x31	 x31:0xffffff1a f11=0xffffff1a
     412975.000 ns	     41296	80008880	00ce9d13	slli	x26,x29,0xc	 x29:0xffffffff x26=0xfffff000
     413305.000 ns	     41329	80008884	1906fed3	fdiv.s	f29,f13,f16	 f13:0x80040fe4 f16:0x4d30ca6f f29=0x80000000
     413325.000 ns	     41331	80008888	00e6bbb3	sltu	x23,x13,x14	 x13:0x00000000 x14:0xfffffaab x23=0x00000001
     413335.000 ns	     41332	8000888c	00000013	addi	x0,x0,0	  x0:0x00000000
     413345.000 ns	     41333	80008890	00f17233	and	x4,x2,x15	  x2:0x7ffffc80 x15:0x3ee53000  x4=0x3ee53000
     413705.000 ns	     41369	80008894	03c1d6b3	divu	x13,x3,x28	  x3:0x00000000 x28:0x00000001 x13=0x00000000
     413735.000 ns	     41372	80008898	0274d933	divu	x18,x9,x7	  x9:0x80040fe4  x7:0x00000000 x18=0xffffffff
     413755.000 ns	     41374	8000889c	00ab70b3	and	x1,x22,x10	 x22:0x00000000 x10:0x00000000  x1=0x00000000
     413765.000 ns	     41375	800088a0	6542a617	auipc	x12,0x6542a	 x12=0xe54328a0
     413785.000 ns	     41377	800088a4	034c6133	rem	x2,x24,x20	 x24:0x00000000 x20:0x00000000  x2=0x00000000
     413815.000 ns	     41380	800088a8	28fb9e53	fmax.s	f28,f23,f15	 f23:0x46b50a40 f15:0x00000000 f28=0x46b50a40
     413845.000 ns	     41383	800088ac	f00909d3	fmv.w.x	f19,x18	 x18:0xffffffff f19=0xffffffff
     413875.000 ns	     41386	800088b0	f0010dd3	fmv.w.x	f27,x2	  x2:0x00000000 f27=0x00000000
     414245.000 ns	     41423	800088b4	025e60b3	rem	x1,x28,x5	 x28:0x00000001  x5:0x40000000  x1=0x00000001
     414265.000 ns	     41425	800088b8	019c5893	srli	x17,x24,0x19	 x24:0x00000000 x17=0x00000000
     414275.000 ns	     41426	800088bc	00c89e33	sll	x28,x17,x12	 x17:0x29aaa7b0 x12:0xe54328a0 x28=0x00000000
     414285.000 ns	     41427	800088c0	00013b33	sltu	x22,x2,x0	  x2:0x00000000  x0:0x00000000 x22=0x00000000
     414295.000 ns	     41428	800088c4	01dc1433	sll	x8,x24,x29	 x24:0x00000000 x29:0xffffffff  x8=0x00000000
     414305.000 ns	     41429	800088c8	400d5893	srai	x17,x26,0x0	 x26:0xfffff000 x17=0xfffff000
     414315.000 ns	     41430	800088cc	00b55f13	srli	x30,x10,0xb	 x10:0x00000000 x30=0x00000000
     414335.000 ns	     41432	800088d0	c001ad53	fcvt.w.s	x26,f3	  f3:0xcd30ca6f x26=0xf4f35910
     414355.000 ns	     41434	800088d4	01ff6db3	or	x27,x30,x31	 x30:0x00000000 x31:0xffffff1a x27=0xffffff1a
     414365.000 ns	     41435	800088d8	00f2a1b3	slt	x3,x5,x15	  x5:0x40000000 x15:0x3ee53000  x3=0x00000000
     414375.000 ns	     41436	800088dc	e14521b7	lui	x3,0xe1452	  x3=0xe1452000
     414395.000 ns	     41438	800088e0	a1f1a753	feq.s	x14,f3,f31	  f3:0xcd30ca6f f31:0x80040fe4 x14=0x00000000
     414435.000 ns	     41442	800088e4	199874d3	fdiv.s	f9,f16,f25	 f16:0x4d30ca6f f25:0x00000000  f9=0x7f800000
     414805.000 ns	     41479	800088e8	02ba5bb3	divu	x23,x20,x11	 x20:0x00000000 x11:0xffffffff x23=0x00000000
     414825.000 ns	     41481	800088ec	14c6c613	xori	x12,x13,332	 x13:0x00000000 x12=0x0000014c
     414835.000 ns	     41482	800088f0	00682013	slti	x0,x16,6	 x16:0x6f6bc000
     414855.000 ns	     41484	800088f4	20b895d3	fsgnjn.s	f11,f17,f11	 f17:0x00000000 f11:0xffffff1a f11=0x00000000
     414875.000 ns	     41486	800088f8	41c55133	sra	x2,x10,x28	 x10:0x00000000 x28:0x00000000  x2=0x00000000
     414885.000 ns	     41487	800088fc	40cc5f33	sra	x30,x24,x12	 x24:0x00000000 x12:0x0000014c x30=0x00000000
     414895.000 ns	     41488	80008900	f58ae413	ori	x8,x21,-168	 x21:0x80041024  x8=0xffffff7c
     414915.000 ns	     41490	80008904	02f083b3	mul	x7,x1,x15	  x1:0x00000001 x15:0x3ee53000  x7=0x3ee53000
     414955.000 ns	     41494	80008908	10a277d3	fmul.s	f15,f4,f10	  f4:0x7fc00000 f10:0x4e800000 f15=0x7fc00000
     414975.000 ns	     41496	8000890c	26bbfd17	auipc	x26,0x26bbf	 x26=0xa6bc790c
     414985.000 ns	     41497	80008910	01e59793	slli	x15,x11,0x1e	 x11:0xffffffff x15=0xc0000000
     414995.000 ns	     41498	80008914	aff28113	addi	x2,x5,-1281	  x5:0x40000000  x2=0x3ffffaff
     415015.000 ns	     41500	80008918	29cd89d3	fmin.s	f19,f27,f28	 f27:0x00000000 f28:0x46b50a40 f19=0x00000000
     415035.000 ns	     41502	8000891c	01339893	slli	x17,x7,0x13	  x7:0x3ee53000 x17=0x80000000
     415045.000 ns	     41503	80008920	bc986d13	ori	x26,x16,-1079	 x16:0x6f6bc000 x26=0xfffffbc9
     415405.000 ns	     41539	80008924	026475b3	remu	x11,x8,x6	  x8:0xffffff7c  x6:0x00410240 x11=0x0007237c
     415425.000 ns	     41541	80008928	01a73233	sltu	x4,x14,x26	 x14:0x00000000 x26:0xa6bc790c  x4=0x00000001
     415435.000 ns	     41542	8000892c	7b5b4713	xori	x14,x22,1973	 x22:0x00000000 x14=0x000007b5
     415455.000 ns	     41544	80008930	205c06d3	fsgnj.s	f13,f24,f5	 f24:0x34a9dec7  f5:0x00000000 f13=0x34a9dec7
     415485.000 ns	     41547	80008934	03f2a533	mulhsu	x10,x5,x31	  x5:0x40000000 x31:0xffffff1a x10=0x3fffffc6
     415505.000 ns	     41549	80008938	41a45133	sra	x2,x8,x26	  x8:0xffffff7c x26:0xfffffbc9  x2=0xffffffff
     415515.000 ns	     41550	8000893c	53815597	auipc	x11,0x53815	 x11=0xd381d93c
     415535.000 ns	     41552	80008940	035c8a33	mul	x20,x25,x21	 x25:0x9a07254c x21:0x80041024 x20=0xb085feb0
     415555.000 ns	     41554	80008944	60d24393	xori	x7,x4,1549	  x4:0x00000001  x7=0x0000060c
     415575.000 ns	     41556	80008948	033dd7b3	divu	x15,x27,x19	 x27:0xffffff1a x19:0x00000000 x15=0xffffffff
     415595.000 ns	     41558	8000894c	004bd933	srl	x18,x23,x4	 x23:0x00000000  x4:0x00000001 x18=0x00000000
     415605.000 ns	     41559	80008950	411dd3b3	sra	x7,x27,x17	 x27:0xffffff1a x17:0x80000000  x7=0xffffff1a
     415625.000 ns	     41561	80008954	02efb5b3	mulhu	x11,x31,x14	 x31:0xffffff1a x14:0x000007b5 x11=0x000007b4
     415645.000 ns	     41563	80008958	26aaa113	slti	x2,x21,618	 x21:0x80041024  x2=0x00000001
     415655.000 ns	     41564	8000895c	37824837	lui	x16,0x37824	 x16=0x37824000
     415665.000 ns	     41565	80008960	406e01b3	sub	x3,x28,x6	 x28:0x00000000  x6:0x00410240  x3=0xffbefdc0
     415675.000 ns	     41566	80008964	01d05793	srli	x15,x0,0x1d	  x0:0x00000000 x15=0x00000000
     415695.000 ns	     41568	80008968	217124d3	fsgnjx.s	f9,f2,f23	  f2:0x15300000 f23:0x46b50a40  f9=0x15300000
     415715.000 ns	     41570	8000896c	0b05e993	ori	x19,x11,176	 x11:0x000007b4 x19=0x000007b4
     415735.000 ns	     41572	80008970	28980ed3	fmin.s	f29,f16,f9	 f16:0x4d30ca6f  f9:0x15300000 f29=0x15300000
     415765.000 ns	     41575	80008974	d0070dd3	fcvt.s.w	f27,x14	 x14:0x000007b5 f27=0x44f6a000
     415785.000 ns	     41577	80008978	401e0f33	sub	x30,x28,x1	 x28:0x00000000  x1:0x00000001 x30=0xffffffff
     415795.000 ns	     41578	8000897c	51bee593	ori	x11,x29,1307	 x29:0xffffffff x11=0xffffffff
     416155.000 ns	     41614	80008980	02e4fc33	remu	x24,x9,x14	  x9:0x80040fe4 x14:0x000007b5 x24=0x000004e2
     416525.000 ns	     41651	80008984	03dd6d33	rem	x26,x26,x29	 x26:0xfffffbc9 x29:0xffffffff x26=0x00000000
     416545.000 ns	     41653	80008988	004f2033	slt	x0,x30,x4	 x30:0xffffffff  x4:0x00000001
     416555.000 ns	     41654	8000898c	e5cc4913	xori	x18,x24,-420	 x24:0x000004e2 x18=0xfffffabe
     416595.000 ns	     41658	80008990	003af153	fadd.s	f2,f21,f3	 f21:0x46b50a42  f3:0xcd30ca6f  f2=0xcd30c4c6
     416615.000 ns	     41660	80008994	007709b3	add	x19,x14,x7	 x14:0x000007b5  x7:0xffffff1a x19=0x000006cf
     416975.000 ns	     41696	80008998	022cce33	div	x28,x25,x2	 x25:0x9a07254c  x2:0x00000001 x28=0x9a07254c
     417005.000 ns	     41699	8000899c	212015d3	fsgnjn.s	f11,f0,f18	  f0:0x00000000 f18:0x34a9dec7 f11=0x80000000
     417035.000 ns	     41702	800089a0	f00e8dd3	fmv.w.x	f27,x29	 x29:0xffffffff f27=0xffffffff
     417065.000 ns	     41705	800089a4	c008c553	fcvt.w.s	x10,f17	 f17:0x00000000 x10=0x00000000
     417105.000 ns	     41709	800089a8	58059f53	fsqrt.s	f30,f11	 f11:0x80000000 f30=0x80000000
     417125.000 ns	     41711	800089ac	40865f33	sra	x30,x12,x8	 x12:0x0000014c  x8:0xffffff7c x30=0x00000000
     417145.000 ns	     41713	800089b0	f00b8953	fmv.w.x	f18,x23	 x23:0x00000000 f18=0x00000000
     417165.000 ns	     41715	800089b4	00191393	slli	x7,x18,0x1	 x18:0xfffffabe  x7=0xfffff57c
     417185.000 ns	     41717	800089b8	2049a253	fsgnjx.s	f4,f19,f4	 f19:0x00000000  f4:0x7fc00000  f4=0x00000000
     417205.000 ns	     41719	800089bc	e3a40613	addi	x12,x8,-454	  x8:0xffffff7c x12=0xfffffdb6
     417215.000 ns	     41720	800089c0	01eabeb3	sltu	x29,x21,x30	 x21:0x80041024 x30:0x00000000 x29=0x00000000
     417235.000 ns	     41722	800089c4	022eb333	mulhu	x6,x29,x2	 x29:0xffffffff  x2:0x00000001  x6=0x00000000
     417255.000 ns	     41724	800089c8	87a46d93	ori	x27,x8,-1926	  x8:0xffffff7c x27=0xffffff7e
     417265.000 ns	     41725	800089cc	ffef3117	auipc	x2,0xffef3	  x2=0x7fefb9cc
     417285.000 ns	     41727	800089d0	c00af453	fcvt.w.s	x8,f21	 f21:0x46b50a42  x8=0x00005a85
     417305.000 ns	     41729	800089d4	01e6f333	and	x6,x13,x30	 x13:0x00000000 x30:0x00000000  x6=0x00000000
     417325.000 ns	     41731	800089d8	a0e480d3	fle.s	x1,f9,f14	  f9:0x15300000 f14:0x34a9dec7  x1=0x00000001
     417695.000 ns	     41768	800089dc	030dcb33	div	x22,x27,x16	 x27:0xffffff7e x16:0x37824000 x22=0x00000000
     417745.000 ns	     41773	800089e0	09f17e53	fsub.s	f28,f2,f31	  f2:0xcd30c4c6 f31:0x80040fe4 f28=0xcd30c4c6
     417775.000 ns	     41776	800089e4	214596d3	fsgnjn.s	f13,f11,f20	 f11:0x80000000 f20:0xc4aaa000 f13=0x00000000
     417795.000 ns	     41778	800089e8	00561bb3	sll	x23,x12,x5	 x12:0xfffffdb6  x5:0x40000000 x23=0xfffffdb6
     417805.000 ns	     41779	800089ec	00ebee33	or	x28,x23,x14	 x23:0x00000000 x14:0x000007b5 x28=0xffffffb7
     418165.000 ns	     41815	800089f0	02bf56b3	divu	x13,x30,x11	 x30:0x00000000 x11:0xffffffff x13=0x00000000
     418195.000 ns	     41818	800089f4	c00a77d3	fcvt.w.s	x15,f20	 f20:0xc4aaa000 x15=0x00000555
     418215.000 ns	     41820	800089f8	00b70b33	add	x22,x14,x11	 x14:0x000007b5 x11:0xffffffff x22=0x000007b4
     418225.000 ns	     41821	800089fc	01efbeb3	sltu	x29,x31,x30	 x31:0xffffff1a x30:0x00000000 x29=0x00000000
     418245.000 ns	     41823	80008a00	038f89b3	mul	x19,x31,x24	 x31:0xffffff1a x24:0x000004e2 x19=0xfffb9cf4
     418275.000 ns	     41826	80008a04	d0120bd3	fcvt.s.wu	f23,x4	  x4:0x00000001 f23=0x3f800000
     418295.000 ns	     41828	80008a08	dd6b8393	addi	x7,x23,-554	 x23:0xfffffdb6  x7=0xfffffb8c
     418325.000 ns	     41831	80008a0c	109d01d3	fmul.s	f3,f26,f9	 f26:0xb4a9dec7  f9:0x15300000  f3=0x8a699252
     418355.000 ns	     41834	80008a10	a1dfac53	feq.s	x24,f31,f29	 f31:0x80040fe4 f29:0x15300000 x24=0x00000000
     418725.000 ns	     41871	80008a14	0221fe33	remu	x28,x3,x2	  x3:0xffbefdc0  x2:0x7fefb9cc x28=0x7fcf43f4
     418755.000 ns	     41874	80008a18	219facd3	fsgnjx.s	f25,f31,f25	 f31:0x80040fe4 f25:0x00000000 f25=0x80040fe4
     418775.000 ns	     41876	80008a1c	418b83b3	sub	x7,x23,x24	 x23:0xfffffdb6 x24:0x00000000  x7=0xfffffdb6
     418795.000 ns	     41878	80008a20	a0340c53	fle.s	x24,f8,f3	  f8:0xb4a9dec7  f3:0x8a699252 x24=0x00000001
     418815.000 ns	     41880	80008a24	008c5413	srli	x8,x24,0x8	 x24:0x00000000  x8=0x00000000
     418835.000 ns	     41882	80008a28	e0081d53	fclass.s	x26,f16	 f16:0x4d30ca6f x26=0x00000040
     418855.000 ns	     41884	80008a2c	017cf2b3	and	x5,x25,x23	 x25:0x9a07254c x23:0xfffffdb6  x5=0x9a072504
     418865.000 ns	     41885	80008a30	25ff7013	andi	x0,x30,607	 x30:0x00000000
     419225.000 ns	     41921	80008a34	02327633	remu	x12,x4,x3	  x4:0x00000001  x3:0xffbefdc0 x12=0x00000001
     419255.000 ns	     41924	80008a38	02d209b3	mul	x19,x4,x13	  x4:0x00000001 x13:0x00000000 x19=0x00000000
     419305.000 ns	     41929	80008a3c	0870fc53	fsub.s	f24,f1,f7	  f1:0xcf000000  f7:0xb4a9dec7 f24=0xcf000000
     419325.000 ns	     41931	80008a40	01c35c13	srli	x24,x6,0x1c	  x6:0x00000000 x24=0x00000000
     419335.000 ns	     41932	80008a44	00edb8b3	sltu	x17,x27,x14	 x27:0xffffff7e x14:0x000007b5 x17=0x00000000
     419345.000 ns	     41933	80008a48	40c389b3	sub	x19,x7,x12	  x7:0xfffffdb6 x12:0x00000001 x19=0xfffffdb5
     419355.000 ns	     41934	80008a4c	2b2cca13	xori	x20,x25,690	 x25:0x9a07254c x20=0x9a0727fe
     419375.000 ns	     41936	80008a50	02b832b3	mulhu	x5,x16,x11	 x16:0x37824000 x11:0xffffffff  x5=0x37823fff
     419395.000 ns	     41938	80008a54	01cf9593	slli	x11,x31,0x1c	 x31:0xffffff1a x11=0xa0000000
     419405.000 ns	     41939	80008a58	01d10133	add	x2,x2,x29	  x2:0x7fefb9cc x29:0x00000000  x2=0x7fefb9cc
     419425.000 ns	     41941	80008a5c	212384d3	fsgnj.s	f9,f7,f18	  f7:0xb4a9dec7 f18:0x00000000  f9=0x34a9dec7
     419455.000 ns	     41944	80008a60	205b93d3	fsgnjn.s	f7,f23,f5	 f23:0x3f800000  f5:0x00000000  f7=0xbf800000
     419475.000 ns	     41946	80008a64	01be26b3	slt	x13,x28,x27	 x28:0x7fcf43f4 x27:0xffffff7e x13=0x00000000
     419495.000 ns	     41948	80008a68	03d8b733	mulhu	x14,x17,x29	 x17:0x00000000 x29:0x00000000 x14=0x00000000
     419515.000 ns	     41950	80008a6c	b03baa17	auipc	x20,0xb03ba	 x20=0x303c2a6c
     419535.000 ns	     41952	80008a70	29d408d3	fmin.s	f17,f8,f29	  f8:0xb4a9dec7 f29:0x15300000 f17=0xb4a9dec7
     419555.000 ns	     41954	80008a74	00270c33	add	x24,x14,x2	 x14:0x00000000  x2:0x7fefb9cc x24=0x7fefb9cc
     419915.000 ns	     41990	80008a78	039e57b3	divu	x15,x28,x25	 x28:0x7fcf43f4 x25:0x9a07254c x15=0x00000000
     419935.000 ns	     41992	80008a7c	f6ba9c37	lui	x24,0xf6ba9	 x24=0xf6ba9000
     419945.000 ns	     41993	80008a80	00000013	addi	x0,x0,0	  x0:0x00000000
     419955.000 ns	     41994	80008a84	00a35293	srli	x5,x6,0xa	  x6:0x00000000  x5=0x00000000
     419975.000 ns	     41996	80008a88	291c82d3	fmin.s	f5,f25,f17	 f25:0x80040fe4 f17:0xb4a9dec7  f5=0xb4a9dec7
     420005.000 ns	     41999	80008a8c	d01d05d3	fcvt.s.wu	f11,x26	 x26:0x00000040 f11=0x42800000
     420375.000 ns	     42036	80008a90	035fcd33	div	x26,x31,x21	 x31:0xffffff1a x21:0x80041024 x26=0x00000000
     420395.000 ns	     42038	80008a94	3687fd93	andi	x27,x15,872	 x15:0x00000000 x27=0x00000000
     420425.000 ns	     42041	80008a98	11a11753	fmul.s	f14,f2,f26	  f2:0xcd30c4c6 f26:0xb4a9dec7 f14=0x426a9775
     420455.000 ns	     42044	80008a9c	02eec533	div	x10,x29,x14	 x29:0x00000000 x14:0x00000000 x10=0xffffffff
     420485.000 ns	     42047	80008aa0	020ce633	rem	x12,x25,x0	 x25:0x9a07254c  x0:0x00000000 x12=0x9a07254c
     420505.000 ns	     42049	80008aa4	01534433	xor	x8,x6,x21	  x6:0x00000000 x21:0x80041024  x8=0x80041024
     420515.000 ns	     42050	80008aa8	004871b3	and	x3,x16,x4	 x16:0x37824000  x4:0x00000001  x3=0x00000000
     420535.000 ns	     42052	80008aac	c01cfb53	fcvt.wu.s	x22,f25	 f25:0x80040fe4 x22=0x00000000
     420555.000 ns	     42054	80008ab0	41e18633	sub	x12,x3,x30	  x3:0xffbefdc0 x30:0x00000000 x12=0x00000000
     420595.000 ns	     42058	80008ab4	0967f9d3	fsub.s	f19,f15,f22	 f15:0x7fc00000 f22:0x7fc00000 f19=0x7fc00000
     420615.000 ns	     42060	80008ab8	f1d5bb93	sltiu	x23,x11,-227	 x11:0xa0000000 x23=0x00000001
     420625.000 ns	     42061	80008abc	40e38e33	sub	x28,x7,x14	  x7:0xfffffdb6 x14:0x00000000 x28=0xfffffdb6
     420645.000 ns	     42063	80008ac0	288881d3	fmin.s	f3,f17,f8	 f17:0xb4a9dec7  f8:0xb4a9dec7  f3=0xb4a9dec7
     420675.000 ns	     42066	80008ac4	e00002d3	fmv.x.w	x5,f0	  f0:0x00000000  x5=0x00000000
     420695.000 ns	     42068	80008ac8	21387a13	andi	x20,x16,531	 x16:0x37824000 x20=0x00000000
     420715.000 ns	     42070	80008acc	28b40dd3	fmin.s	f27,f8,f11	  f8:0xb4a9dec7 f11:0x42800000 f27=0xb4a9dec7
     420735.000 ns	     42072	80008ad0	8ce6ff93	andi	x31,x13,-1842	 x13:0x00000000 x31=0x00000000
     420745.000 ns	     42073	80008ad4	001a6333	or	x6,x20,x1	 x20:0x00000000  x1:0x00000001  x6=0x00000001
     421105.000 ns	     42109	80008ad8	021c49b3	div	x19,x24,x1	 x24:0xf6ba9000  x1:0x00000001 x19=0xf6ba9000
     421125.000 ns	     42111	80008adc	00f01d93	slli	x27,x0,0xf	  x0:0x00000000 x27=0x00000000
     421165.000 ns	     42115	80008ae0	01fcf7d3	fadd.s	f15,f25,f31	 f25:0x80040fe4 f31:0x80040fe4 f15=0x80081fc8
     421205.000 ns	     42119	80008ae4	580d1153	fsqrt.s	f2,f26	 f26:0xb4a9dec7  f2=0x7fc00000
     421225.000 ns	     42121	80008ae8	4012d733	sra	x14,x5,x1	  x5:0x00000000  x1:0x00000001 x14=0x00000000
     421235.000 ns	     42122	80008aec	403e0a33	sub	x20,x28,x3	 x28:0xfffffdb6  x3:0x00000000 x20=0xfffffdb6
     421595.000 ns	     42158	80008af0	0357e5b3	rem	x11,x15,x21	 x15:0x00000000 x21:0x80041024 x11=0x00000000
     421645.000 ns	     42163	80008af4	08862053	fsub.s	f0,f12,f8	 f12:0x6fb9d348  f8:0xb4a9dec7  f0=0x6fb9d348
     421675.000 ns	     42166	80008af8	286786d3	fmin.s	f13,f15,f6	 f15:0x80081fc8  f6:0x3f800000 f13=0x80081fc8
     421705.000 ns	     42169	80008afc	e0010053	fmv.x.w	x0,f2	  f2:0x7fc00000
     421725.000 ns	     42171	80008b00	fa142997	auipc	x19,0xfa142	 x19=0x7a14ab00
     421745.000 ns	     42173	80008b04	21592ed3	fsgnjx.s	f29,f18,f21	 f18:0x00000000 f21:0x46b50a42 f29=0x00000000
     421775.000 ns	     42176	80008b08	e00f98d3	fclass.s	x17,f31	 f31:0x80040fe4 x17=0x00000004
     421805.000 ns	     42179	80008b0c	03fa58b3	divu	x17,x20,x31	 x20:0xfffffdb6 x31:0x00000000 x17=0xffffffff
     421835.000 ns	     42182	80008b10	03bc50b3	divu	x1,x24,x27	 x24:0xf6ba9000 x27:0x00000000  x1=0xffffffff
     421855.000 ns	     42184	80008b14	a7f5f697	auipc	x13,0xa7f5f	 x13=0x27f67b14
     421875.000 ns	     42186	80008b18	215da953	fsgnjx.s	f18,f27,f21	 f27:0xb4a9dec7 f21:0x46b50a42 f18=0xb4a9dec7
     421925.000 ns	     42191	80008b1c	00577553	fadd.s	f10,f14,f5	 f14:0x426a9775  f5:0xb4a9dec7 f10=0x426a9774
     422265.000 ns	     42225	80008b20	180921d3	fdiv.s	f3,f18,f0	 f18:0xb4a9dec7  f0:0x6fb9d348  f3=0x8429dec8
     422295.000 ns	     42228	80008b24	02f976b3	remu	x13,x18,x15	 x18:0xfffffabe x15:0x00000000 x13=0xfffffabe
     422335.000 ns	     42232	80008b28	1999fc53	fdiv.s	f24,f19,f25	 f19:0x7fc00000 f25:0x80040fe4 f24=0x7fc00000
     422355.000 ns	     42234	80008b2c	1bd32997	auipc	x19,0x1bd32	 x19=0x9bd3ab2c
     422365.000 ns	     42235	80008b30	cbe7fa37	lui	x20,0xcbe7f	 x20=0xcbe7f000
     422385.000 ns	     42237	80008b34	03609bb3	mulh	x23,x1,x22	  x1:0xffffffff x22:0x00000000 x23=0x00000000
     422405.000 ns	     42239	80008b38	01b5d613	srli	x12,x11,0x1b	 x11:0x00000000 x12=0x00000000
     422425.000 ns	     42241	80008b3c	a02501d3	fle.s	x3,f10,f2	 f10:0x426a9774  f2:0x7fc00000  x3=0x00000000
     422795.000 ns	     42278	80008b40	032fe6b3	rem	x13,x31,x18	 x31:0x00000000 x18:0xfffffabe x13=0x00000000
     422815.000 ns	     42280	80008b44	33f7fa37	lui	x20,0x33f7f	 x20=0x33f7f000
     422825.000 ns	     42281	80008b48	0191f033	and	x0,x3,x25	  x3:0x00000000 x25:0x9a07254c
     422835.000 ns	     42282	80008b4c	01f08933	add	x18,x1,x31	  x1:0xffffffff x31:0x00000000 x18=0xffffffff
     422855.000 ns	     42284	80008b50	e00e9153	fclass.s	x2,f29	 f29:0x00000000  x2=0x00000010
     422885.000 ns	     42287	80008b54	a16d06d3	fle.s	x13,f26,f22	 f26:0xb4a9dec7 f22:0x7fc00000 x13=0x00000000
     422915.000 ns	     42290	80008b58	a0f68e53	fle.s	x28,f13,f15	 f13:0x80081fc8 f15:0x80081fc8 x28=0x00000001
     422945.000 ns	     42293	80008b5c	a02329d3	feq.s	x19,f6,f2	  f6:0x3f800000  f2:0x7fc00000 x19=0x00000000
     422975.000 ns	     42296	80008b60	28a594d3	fmax.s	f9,f11,f10	 f11:0x42800000 f10:0x426a9774  f9=0x42800000
     423005.000 ns	     42299	80008b64	f00282d3	fmv.w.x	f5,x5	  x5:0x00000000  f5=0x00000000
     423025.000 ns	     42301	80008b68	00000013	addi	x0,x0,0	  x0:0x00000000
     423055.000 ns	     42304	80008b6c	1120f8d3	fmul.s	f17,f1,f18	  f1:0xcf000000 f18:0xb4a9dec7 f17=0x4429dec8
     423085.000 ns	     42307	80008b70	03de4333	div	x6,x28,x29	 x28:0x00000001 x29:0x00000000  x6=0xffffffff
     423105.000 ns	     42309	80008b74	01cbca33	xor	x20,x23,x28	 x23:0x00000000 x28:0x00000001 x20=0x00000001
     423125.000 ns	     42311	80008b78	03d8f5b3	remu	x11,x17,x29	 x17:0xffffffff x29:0x00000000 x11=0xffffffff
     423145.000 ns	     42313	80008b7c	41d10033	sub	x0,x2,x29	  x2:0x00000010 x29:0x00000000
     423165.000 ns	     42315	80008b80	21eda353	fsgnjx.s	f6,f27,f30	 f27:0xb4a9dec7 f30:0x80000000  f6=0x34a9dec7
     423185.000 ns	     42317	80008b84	0021d333	srl	x6,x3,x2	  x3:0x00000000  x2:0x00000010  x6=0x00000000
     423195.000 ns	     42318	80008b88	016babb3	slt	x23,x23,x22	 x23:0x00000000 x22:0x00000000 x23=0x00000000
     423215.000 ns	     42320	80008b8c	03e628b3	mulhsu	x17,x12,x30	 x12:0x00000000 x30:0x00000000 x17=0x00000000
     423245.000 ns	     42323	80008b90	e0039853	fclass.s	x16,f7	  f7:0xbf800000 x16=0x00000002
     423275.000 ns	     42326	80008b94	0289a7b3	mulhsu	x15,x19,x8	 x19:0x00000000  x8:0x80041024 x15=0x00000000
     423305.000 ns	     42329	80008b98	d00e79d3	fcvt.s.w	f19,x28	 x28:0x00000001 f19=0x3f800000
     423355.000 ns	     42334	80008b9c	092b7853	fsub.s	f16,f22,f18	 f22:0x7fc00000 f18:0xb4a9dec7 f16=0x7fc00000
     423395.000 ns	     42338	80008ba0	182fa4d3	fdiv.s	f9,f31,f2	 f31:0x80040fe4  f2:0x7fc00000  f9=0x7fc00000
     423415.000 ns	     42340	80008ba4	8d0c0c13	addi	x24,x24,-1840	 x24:0xf6ba9000 x24=0xf6ba88d0
     423435.000 ns	     42342	80008ba8	03f809b3	mul	x19,x16,x31	 x16:0x00000002 x31:0x00000000 x19=0x00000000
     423475.000 ns	     42346	80008bac	184c88d3	fdiv.s	f17,f25,f4	 f25:0x80040fe4  f4:0x00000000 f17=0xff800000
     423495.000 ns	     42348	80008bb0	00a89a33	sll	x20,x17,x10	 x17:0x00000000 x10:0xffffffff x20=0x00000000
     423515.000 ns	     42350	80008bb4	d010fed3	fcvt.s.wu	f29,x1	  x1:0xffffffff f29=0x4f7fffff
     423535.000 ns	     42352	80008bb8	00000013	addi	x0,x0,0	  x0:0x00000000
     423555.000 ns	     42354	80008bbc	037496b3	mulh	x13,x9,x23	  x9:0x80040fe4 x23:0x00000000 x13=0x00000000
     423575.000 ns	     42356	80008bc0	949f88b7	lui	x17,0x949f8	 x17=0x949f8000
     423595.000 ns	     42358	80008bc4	c007f853	fcvt.w.s	x16,f15	 f15:0x80081fc8 x16=0x00000000
     423625.000 ns	     42361	80008bc8	d00518d3	fcvt.s.w	f17,x10	 x10:0xffffffff f17=0xbf800000
     423645.000 ns	     42363	80008bcc	01fd6b33	or	x22,x26,x31	 x26:0x00000000 x31:0x00000000 x22=0x00000000
     423675.000 ns	     42366	80008bd0	10be7f53	fmul.s	f30,f28,f11	 f28:0xcd30c4c6 f11:0x42800000 f30=0xd030c4c6
     423705.000 ns	     42369	80008bd4	03e9bc33	mulhu	x24,x19,x30	 x19:0x00000000 x30:0x00000000 x24=0x00000000
     423725.000 ns	     42371	80008bd8	00fc9733	sll	x14,x25,x15	 x25:0x9a07254c x15:0x00000000 x14=0x9a07254c
     424085.000 ns	     42407	80008bdc	021c4033	div	x0,x24,x1	 x24:0x00000000  x1:0xffffffff
     424115.000 ns	     42410	80008be0	e0088fd3	fmv.x.w	x31,f17	 f17:0xbf800000 x31=0xbf800000
     424145.000 ns	     42413	80008be4	03e1b433	mulhu	x8,x3,x30	  x3:0x00000000 x30:0x00000000  x8=0x00000000
     424515.000 ns	     42450	80008be8	03ff4533	div	x10,x30,x31	 x30:0x00000000 x31:0xbf800000 x10=0x00000000
     424545.000 ns	     42453	80008bec	296305d3	fmin.s	f11,f6,f22	  f6:0x34a9dec7 f22:0x7fc00000 f11=0x34a9dec7
     424565.000 ns	     42455	80008bf0	111bad13	slti	x26,x23,273	 x23:0x00000000 x26=0x00000001
     424585.000 ns	     42457	80008bf4	214b81d3	fsgnj.s	f3,f23,f20	 f23:0x3f800000 f20:0xc4aaa000  f3=0xbf800000
     424605.000 ns	     42459	80008bf8	42824f37	lui	x30,0x42824	 x30=0x42824000
     424625.000 ns	     42461	80008bfc	29799053	fmax.s	f0,f19,f23	 f19:0x3f800000 f23:0x3f800000  f0=0x3f800000
     424655.000 ns	     42464	80008c00	d0097453	fcvt.s.w	f8,x18	 x18:0xffffffff  f8=0xbf800000
     424675.000 ns	     42466	80008c04	42b38837	lui	x16,0x42b38	 x16=0x42b38000
     424685.000 ns	     42467	80008c08	2b67a293	slti	x5,x15,694	 x15:0x00000000  x5=0x00000001
     424695.000 ns	     42468	80008c0c	8066f7b7	lui	x15,0x8066f	 x15=0x8066f000
     424715.000 ns	     42470	80008c10	03b28933	mul	x18,x5,x27	  x5:0x00000000 x27:0x00000000 x18=0x00000000
     424745.000 ns	     42473	80008c14	038a9fb3	mulh	x31,x21,x24	 x21:0x80041024 x24:0x00000000 x31=0x00000000
     424765.000 ns	     42475	80008c18	40138433	sub	x8,x7,x1	  x7:0xfffffdb6  x1:0xffffffff  x8=0xfffffdb7
     424775.000 ns	     42476	80008c1c	eecdaf13	slti	x30,x27,-276	 x27:0x00000000 x30=0x00000000
     425135.000 ns	     42512	80008c20	021ee233	rem	x4,x29,x1	 x29:0x00000000  x1:0xffffffff  x4=0x00000000
     425165.000 ns	     42515	80008c24	a0020653	fle.s	x12,f4,f0	  f4:0x00000000  f0:0x3f800000 x12=0x00000001
     425185.000 ns	     42517	80008c28	00f3b933	sltu	x18,x7,x15	  x7:0xfffffdb6 x15:0x8066f000 x18=0x00000000
     425205.000 ns	     42519	80008c2c	03e01233	mulh	x4,x0,x30	  x0:0x00000000 x30:0x00000000  x4=0x00000000
     425235.000 ns	     42522	80008c30	a05c8d53	fle.s	x26,f25,f5	 f25:0x80040fe4  f5:0x00000000 x26=0x00000001
     425285.000 ns	     42527	80008c34	092bfad3	fsub.s	f21,f23,f18	 f23:0x3f800000 f18:0xb4a9dec7 f21=0x3f800002
     425335.000 ns	     42532	80008c38	0127fad3	fadd.s	f21,f15,f18	 f15:0x80081fc8 f18:0xb4a9dec7 f21=0xb4a9dec7
     425355.000 ns	     42534	80008c3c	00364e33	xor	x28,x12,x3	 x12:0x00000001  x3:0x00000000 x28=0x00000001
     425365.000 ns	     42535	80008c40	01d9ddb3	srl	x27,x19,x29	 x19:0x00000000 x29:0x00000000 x27=0x00000000
     425375.000 ns	     42536	80008c44	015616b3	sll	x13,x12,x21	 x12:0x00000001 x21:0x80041024 x13=0x00000010
     425395.000 ns	     42538	80008c48	e00c0053	fmv.x.w	x0,f24	 f24:0x7fc00000
     425415.000 ns	     42540	80008c4c	40e7dd33	sra	x26,x15,x14	 x15:0x8066f000 x14:0x9a07254c x26=0xfff8066f
     425435.000 ns	     42542	80008c50	c019f753	fcvt.wu.s	x14,f19	 f19:0x3f800000 x14=0x00000001
     425465.000 ns	     42545	80008c54	02091833	mulh	x16,x18,x0	 x18:0x00000000  x0:0x00000000 x16=0x00000000
     425485.000 ns	     42547	80008c58	0058b3b3	sltu	x7,x17,x5	 x17:0x949f8000  x5:0x00000001  x7=0x00000000
     425515.000 ns	     42550	80008c5c	1019b3d3	fmul.s	f7,f19,f1	 f19:0x3f800000  f1:0xcf000000  f7=0xcf000000
     425535.000 ns	     42552	80008c60	00408433	add	x8,x1,x4	  x1:0xffffffff  x4:0x00000000  x8=0xffffffff
     425555.000 ns	     42554	80008c64	02189fb3	mulh	x31,x17,x1	 x17:0x949f8000  x1:0xffffffff x31=0x00000000
     425575.000 ns	     42556	80008c68	00f35db3	srl	x27,x6,x15	  x6:0x00000000 x15:0x8066f000 x27=0x00000000
     425595.000 ns	     42558	80008c6c	a0832153	feq.s	x2,f6,f8	  f6:0x34a9dec7  f8:0xbf800000  x2=0x00000000
     425615.000 ns	     42560	80008c70	fbe02d13	slti	x26,x0,-66	  x0:0x00000000 x26=0x00000000
     425655.000 ns	     42564	80008c74	002c7d53	fadd.s	f26,f24,f2	 f24:0x7fc00000  f2:0x7fc00000 f26=0x7fc00000
     425675.000 ns	     42566	80008c78	014e9d13	slli	x26,x29,0x14	 x29:0x00000000 x26=0x00000000
     425685.000 ns	     42567	80008c7c	00500b33	add	x22,x0,x5	  x0:0x00000000  x5:0x00000001 x22=0x00000001
     425705.000 ns	     42569	80008c80	f0068e53	fmv.w.x	f28,x13	 x13:0x00000010 f28=0x00000010
     425735.000 ns	     42572	80008c84	c013f453	fcvt.wu.s	x8,f7	  f7:0xcf000000  x8=0x80000000
     425755.000 ns	     42574	80008c88	01504c33	xor	x24,x0,x21	  x0:0x00000000 x21:0x80041024 x24=0x80041024
     426115.000 ns	     42610	80008c8c	02fe69b3	rem	x19,x28,x15	 x28:0x00000001 x15:0x8066f000 x19=0x00000001
     426145.000 ns	     42613	80008c90	028a38b3	mulhu	x17,x20,x8	 x20:0x00000000  x8:0x80000000 x17=0x00000000
     426195.000 ns	     42618	80008c94	092c73d3	fsub.s	f7,f24,f18	 f24:0x7fc00000 f18:0xb4a9dec7  f7=0x7fc00000
     426215.000 ns	     42620	80008c98	41398033	sub	x0,x19,x19	 x19:0x00000001 x19:0x00000001
     426235.000 ns	     42622	80008c9c	d013f7d3	fcvt.s.wu	f15,x7	  x7:0x00000000 f15=0x00000000
     426265.000 ns	     42625	80008ca0	02426433	rem	x8,x4,x4	  x4:0x00000000  x4:0x00000000  x8=0x00000000
     426285.000 ns	     42627	80008ca4	008ef9b3	and	x19,x29,x8	 x29:0x00000000  x8:0x80000000 x19=0x00000000
     426295.000 ns	     42628	80008ca8	bee1b713	sltiu	x14,x3,-1042	  x3:0x00000000 x14=0x00000001
     426305.000 ns	     42629	80008cac	41255293	srai	x5,x10,0x12	 x10:0x00000000  x5=0x00000000
     426315.000 ns	     42630	80008cb0	00759833	sll	x16,x11,x7	 x11:0xffffffff  x7:0x00000000 x16=0xffffffff
     426325.000 ns	     42631	80008cb4	00968833	add	x16,x13,x9	 x13:0x00000010  x9:0x80040fe4 x16=0x80040ff4
     426335.000 ns	     42632	80008cb8	01ca2733	slt	x14,x20,x28	 x20:0x00000000 x28:0x00000001 x14=0x00000001
     426355.000 ns	     42634	80008cbc	e00b95d3	fclass.s	x11,f23	 f23:0x3f800000 x11=0x00000040
     426385.000 ns	     42637	80008cc0	d014f853	fcvt.s.wu	f16,x9	  x9:0x80040fe4 f16=0x4f00040f
     426415.000 ns	     42640	80008cc4	033e8eb3	mul	x29,x29,x19	 x29:0x00000000 x19:0x00000000 x29=0x00000000
     426435.000 ns	     42642	80008cc8	8fdc7b93	andi	x23,x24,-1795	 x24:0x80041024 x23=0x80041024
     426445.000 ns	     42643	80008ccc	00523333	sltu	x6,x4,x5	  x4:0x00000000  x5:0x00000000  x6=0x00000000
     426465.000 ns	     42645	80008cd0	a1a60dd3	fle.s	x27,f12,f26	 f12:0x6fb9d348 f26:0x7fc00000 x27=0x00000000
     426515.000 ns	     42650	80008cd4	006ef853	fadd.s	f16,f29,f6	 f29:0x4f7fffff  f6:0x34a9dec7 f16=0x4f7fffff
     426545.000 ns	     42653	80008cd8	21861f53	fsgnjn.s	f30,f12,f24	 f12:0x6fb9d348 f24:0x7fc00000 f30=0xefb9d348
     426565.000 ns	     42655	80008cdc	00a2a933	slt	x18,x5,x10	  x5:0x00000000 x10:0x00000000 x18=0x00000000
     426585.000 ns	     42657	80008ce0	f00f0653	fmv.w.x	f12,x30	 x30:0x00000000 f12=0x00000000
     426605.000 ns	     42659	80008ce4	01ec2633	slt	x12,x24,x30	 x24:0x80041024 x30:0x00000000 x12=0x00000001
     426625.000 ns	     42661	80008ce8	c00378d3	fcvt.w.s	x17,f6	  f6:0x34a9dec7 x17=0x00000000
     426655.000 ns	     42664	80008cec	28a88ad3	fmin.s	f21,f17,f10	 f17:0xbf800000 f10:0x426a9774 f21=0xbf800000
     426675.000 ns	     42666	80008cf0	ef29e337	lui	x6,0xef29e	  x6=0xef29e000
     426685.000 ns	     42667	80008cf4	00000013	addi	x0,x0,0	  x0:0x00000000
     426695.000 ns	     42668	80008cf8	66422613	slti	x12,x4,1636	  x4:0x00000000 x12=0x00000001
     426735.000 ns	     42672	80008cfc	0000ff53	fadd.s	f30,f1,f0	  f1:0xcf000000  f0:0x3f800000 f30=0xcefffffe
     426765.000 ns	     42675	80008d00	28d31853	fmax.s	f16,f6,f13	  f6:0x34a9dec7 f13:0x80081fc8 f16=0x34a9dec7
     426795.000 ns	     42678	80008d04	214e2b53	fsgnjx.s	f22,f28,f20	 f28:0x00000010 f20:0xc4aaa000 f22=0x80000010
     426825.000 ns	     42681	80008d08	21d18953	fsgnj.s	f18,f3,f29	  f3:0xbf800000 f29:0x4f7fffff f18=0x3f800000
     426855.000 ns	     42684	80008d0c	026aa6b3	mulhsu	x13,x21,x6	 x21:0x80041024  x6:0xef29e000 x13=0x886edbbb
     426875.000 ns	     42686	80008d10	416301b3	sub	x3,x6,x22	  x6:0xef29e000 x22:0x00000001  x3=0xef29dfff
     426885.000 ns	     42687	80008d14	c1d94137	lui	x2,0xc1d94	  x2=0xc1d94000
     426905.000 ns	     42689	80008d18	e00d82d3	fmv.x.w	x5,f27	 f27:0xb4a9dec7  x5=0xb4a9dec7
     426925.000 ns	     42691	80008d1c	54fba813	slti	x16,x23,1359	 x23:0x80041024 x16=0x00000001
     426945.000 ns	     42693	80008d20	e0089fd3	fclass.s	x31,f17	 f17:0xbf800000 x31=0x00000002
     426965.000 ns	     42695	80008d24	41e2da33	sra	x20,x5,x30	  x5:0xb4a9dec7 x30:0x00000000 x20=0xb4a9dec7
     426975.000 ns	     42696	80008d28	007a1b33	sll	x22,x20,x7	 x20:0x00000000  x7:0x00000000 x22=0xb4a9dec7
     426985.000 ns	     42697	80008d2c	5d8deb93	ori	x23,x27,1496	 x27:0x00000000 x23=0x000005d8
     427005.000 ns	     42699	80008d30	c0178c53	fcvt.wu.s	x24,f15	 f15:0x00000000 x24=0x00000000
     427025.000 ns	     42701	80008d34	889e2593	slti	x11,x28,-1911	 x28:0x00000001 x11=0x00000000
     427035.000 ns	     42702	80008d38	c0cf7193	andi	x3,x30,-1012	 x30:0x00000000  x3=0x00000000
     427045.000 ns	     42703	80008d3c	69834b13	xori	x22,x6,1688	  x6:0xef29e000 x22=0xef29e698
     427065.000 ns	     42705	80008d40	a0902753	feq.s	x14,f0,f9	  f0:0x3f800000  f9:0x7fc00000 x14=0x00000000
     427085.000 ns	     42707	80008d44	39f70213	addi	x4,x14,927	 x14:0x00000001  x4=0x0000039f
     427105.000 ns	     42709	80008d48	21840ad3	fsgnj.s	f21,f8,f24	  f8:0xbf800000 f24:0x7fc00000 f21=0x3f800000
     427135.000 ns	     42712	80008d4c	28479d53	fmax.s	f26,f15,f4	 f15:0x00000000  f4:0x00000000 f26=0x00000000
     427165.000 ns	     42715	80008d50	d01bf053	fcvt.s.wu	f0,x23	 x23:0x000005d8  f0=0x44bb0000
     427195.000 ns	     42718	80008d54	e00d9453	fclass.s	x8,f27	 f27:0xb4a9dec7  x8=0x00000002
     427215.000 ns	     42720	80008d58	00aef733	and	x14,x29,x10	 x29:0x00000000 x10:0x00000000 x14=0x00000000
     427245.000 ns	     42723	80008d5c	199106d3	fdiv.s	f13,f2,f25	  f2:0x7fc00000 f25:0x80040fe4 f13=0x7fc00000
     427275.000 ns	     42726	80008d60	034c31b3	mulhu	x3,x24,x20	 x24:0x00000000 x20:0xb4a9dec7  x3=0x00000000
     427615.000 ns	     42760	80008d64	19377153	fdiv.s	f2,f14,f19	 f14:0x426a9775 f19:0x3f800000  f2=0x426a96be
     427635.000 ns	     42762	80008d68	e1a37293	andi	x5,x6,-486	  x6:0xef29e000  x5=0xef29e000
     427655.000 ns	     42764	80008d6c	02b1ce33	div	x28,x3,x11	  x3:0x00000000 x11:0x00000000 x28=0xffffffff
     427675.000 ns	     42766	80008d70	16bb4f13	xori	x30,x22,363	 x22:0xef29e698 x30=0xef29e7f3
     427695.000 ns	     42768	80008d74	03bb2633	mulhsu	x12,x22,x27	 x22:0xef29e698 x27:0x00000000 x12=0x00000000
     427715.000 ns	     42770	80008d78	0033f9b3	and	x19,x7,x3	  x7:0x00000000  x3:0x00000000 x19=0x00000000
     428075.000 ns	     42806	80008d7c	0244d033	divu	x0,x9,x4	  x9:0x80040fe4  x4:0x0000039f
     428095.000 ns	     42808	80008d80	01f6beb3	sltu	x29,x13,x31	 x13:0x886edbbb x31:0x00000002 x29=0x00000000
     428115.000 ns	     42810	80008d84	29a79ed3	fmax.s	f29,f15,f26	 f15:0x00000000 f26:0x00000000 f29=0x00000000
     428145.000 ns	     42813	80008d88	d00dc1d3	fcvt.s.w	f3,x27	 x27:0x00000000  f3=0x00000000
     428165.000 ns	     42815	80008d8c	008e2533	slt	x10,x28,x8	 x28:0xffffffff  x8:0x00000002 x10=0x00000001
     428175.000 ns	     42816	80008d90	018563b3	or	x7,x10,x24	 x10:0x00000000 x24:0x00000000  x7=0x00000001
     428195.000 ns	     42818	80008d94	a13fac53	feq.s	x24,f31,f19	 f31:0x80040fe4 f19:0x3f800000 x24=0x00000000
     428225.000 ns	     42821	80008d98	28c71d53	fmax.s	f26,f14,f12	 f14:0x426a9775 f12:0x00000000 f26=0x426a9775
     428255.000 ns	     42824	80008d9c	03952633	mulhsu	x12,x10,x25	 x10:0x00000001 x25:0x9a07254c x12=0x00000000
     428275.000 ns	     42826	80008da0	0190bb33	sltu	x22,x1,x25	  x1:0xffffffff x25:0x9a07254c x22=0x00000000
     428315.000 ns	     42830	80008da4	08bc74d3	fsub.s	f9,f24,f11	 f24:0x7fc00000 f11:0x34a9dec7  f9=0x7fc00000
     428335.000 ns	     42832	80008da8	2b8aef93	ori	x31,x21,696	 x21:0x80041024 x31=0x800412bc
     428345.000 ns	     42833	80008dac	4d961217	auipc	x4,0x4d961	  x4=0xcd969dac
     428355.000 ns	     42834	80008db0	411182b3	sub	x5,x3,x17	  x3:0x00000000 x17:0x00000000  x5=0x00000000
     428365.000 ns	     42835	80008db4	0129efb3	or	x31,x19,x18	 x19:0x00000000 x18:0x00000000 x31=0x00000000
     428695.000 ns	     42868	80008db8	188f7f53	fdiv.s	f30,f30,f8	 f30:0xcefffffe  f8:0xbf800000 f30=0x4e845edd
     428715.000 ns	     42870	80008dbc	01837433	and	x8,x6,x24	  x6:0xef29e000 x24:0x00000000  x8=0x00000000
     428725.000 ns	     42871	80008dc0	00ed6bb3	or	x23,x26,x14	 x26:0x00000000 x14:0x00000000 x23=0x00000000
     428745.000 ns	     42873	80008dc4	020c7533	remu	x10,x24,x0	 x24:0x00000000  x0:0x00000000 x10=0x00000000
     428785.000 ns	     42877	80008dc8	104ef5d3	fmul.s	f11,f29,f4	 f29:0x00000000  f4:0x00000000 f11=0x00000000
     428805.000 ns	     42879	80008dcc	01c45c13	srli	x24,x8,0x1c	  x8:0x00000000 x24=0x00000000
     428825.000 ns	     42881	80008dd0	036ccdb3	div	x27,x25,x22	 x25:0x9a07254c x22:0x00000000 x27=0xffffffff
     428845.000 ns	     42883	80008dd4	01206bb3	or	x23,x0,x18	  x0:0x00000000 x18:0x00000000 x23=0x00000000
     428855.000 ns	     42884	80008dd8	4107d993	srai	x19,x15,0x10	 x15:0x8066f000 x19=0xffff8066
     428865.000 ns	     42885	80008ddc	40560db3	sub	x27,x12,x5	 x12:0x00000000  x5:0x00000000 x27=0x00000000
     428885.000 ns	     42887	80008de0	c00dc0d3	fcvt.w.s	x1,f27	 f27:0xb4a9dec7  x1=0x00000000
     428915.000 ns	     42890	80008de4	d0052153	fcvt.s.w	f2,x10	 x10:0x00000000  f2=0x00000000
     428945.000 ns	     42893	80008de8	294e1653	fmax.s	f12,f28,f20	 f28:0x00000010 f20:0xc4aaa000 f12=0x00000010
     428965.000 ns	     42895	80008dec	00c41db3	sll	x27,x8,x12	  x8:0x00000000 x12:0x00000000 x27=0x00000000
     428975.000 ns	     42896	80008df0	32730b93	addi	x23,x6,807	  x6:0xef29e000 x23=0xef29e327
     428985.000 ns	     42897	80008df4	00ff1793	slli	x15,x30,0xf	 x30:0xef29e7f3 x15=0xf3f98000
     428995.000 ns	     42898	80008df8	404f0db3	sub	x27,x30,x4	 x30:0xef29e7f3  x4:0xcd969dac x27=0x21934a47
     429005.000 ns	     42899	80008dfc	01c81a13	slli	x20,x16,0x1c	 x16:0x00000001 x20=0x10000000
     429025.000 ns	     42901	80008e00	20fb0bd3	fsgnj.s	f23,f22,f15	 f22:0x80000010 f15:0x00000000 f23=0x00000010
     429045.000 ns	     42903	80008e04	0052d513	srli	x10,x5,0x5	  x5:0x00000000 x10=0x00000000
     429065.000 ns	     42905	80008e08	c0028453	fcvt.w.s	x8,f5	  f5:0x00000000  x8=0x00000000
     429095.000 ns	     42908	80008e0c	e00d0a53	fmv.x.w	x20,f26	 f26:0x426a9775 x20=0x426a9775
     429125.000 ns	     42911	80008e10	a1a41553	flt.s	x10,f8,f26	  f8:0xbf800000 f26:0x426a9775 x10=0x00000001
     429155.000 ns	     42914	80008e14	a0bd9353	flt.s	x6,f27,f11	 f27:0xb4a9dec7 f11:0x00000000  x6=0x00000001
     429175.000 ns	     42916	80008e18	01b44c33	xor	x24,x8,x27	  x8:0x00000000 x27:0x21934a47 x24=0x21934a47
     429195.000 ns	     42918	80008e1c	c01b43d3	fcvt.wu.s	x7,f22	 f22:0x80000010  x7=0x00000000
     429215.000 ns	     42920	80008e20	4ab2e613	ori	x12,x5,1195	  x5:0x00000000 x12=0x000004ab
     429255.000 ns	     42924	80008e24	09f03cd3	fsub.s	f25,f0,f31	  f0:0x44bb0000 f31:0x80040fe4 f25=0x44bb0000
     429285.000 ns	     42927	80008e28	a133a3d3	feq.s	x7,f7,f19	  f7:0x7fc00000 f19:0x3f800000  x7=0x00000000
     429315.000 ns	     42930	80008e2c	a0821453	flt.s	x8,f4,f8	  f4:0x00000000  f8:0xbf800000  x8=0x00000000
     429685.000 ns	     42967	80008e30	024b65b3	rem	x11,x22,x4	 x22:0x00000000  x4:0xcd969dac x11=0x00000000
     429705.000 ns	     42969	80008e34	4861b137	lui	x2,0x4861b	  x2=0x4861b000
     429715.000 ns	     42970	80008e38	00a830b3	sltu	x1,x16,x10	 x16:0x00000001 x10:0x00000001  x1=0x00000000
     429725.000 ns	     42971	80008e3c	00c75b33	srl	x22,x14,x12	 x14:0x00000000 x12:0x000004ab x22=0x00000000
     429735.000 ns	     42972	80008e40	f9017313	andi	x6,x2,-112	  x2:0x4861b000  x6=0x4861b000
     429755.000 ns	     42974	80008e44	213d28d3	fsgnjx.s	f17,f26,f19	 f26:0x426a9775 f19:0x3f800000 f17=0x426a9775
     429785.000 ns	     42977	80008e48	20c31e53	fsgnjn.s	f28,f6,f12	  f6:0x34a9dec7 f12:0x00000010 f28=0xb4a9dec7
     430155.000 ns	     43014	80008e4c	03866533	rem	x10,x12,x24	 x12:0x000004ab x24:0x21934a47 x10=0x000004ab
     430185.000 ns	     43017	80008e50	03902733	mulhsu	x14,x0,x25	  x0:0x00000000 x25:0x9a07254c x14=0x00000000
     430205.000 ns	     43019	80008e54	0059d313	srli	x6,x19,0x5	 x19:0xffff8066  x6=0x07fffc03
     430215.000 ns	     43020	80008e58	2eb68c13	addi	x24,x13,747	 x13:0x886edbbb x24=0x886edea6
     430235.000 ns	     43022	80008e5c	29808253	fmin.s	f4,f1,f24	  f1:0xcf000000 f24:0x7fc00000  f4=0xcf000000
     430255.000 ns	     43024	80008e60	75a5e597	auipc	x11,0x75a5e	 x11=0xf5a66e60
     430265.000 ns	     43025	80008e64	69760837	lui	x16,0x69760	 x16=0x69760000
     430275.000 ns	     43026	80008e68	29b47913	andi	x18,x8,667	  x8:0x00000000 x18=0x00000000
     430285.000 ns	     43027	80008e6c	408cd813	srai	x16,x25,0x8	 x25:0x9a07254c x16=0xff9a0725
     430305.000 ns	     43029	80008e70	d0037ed3	fcvt.s.w	f29,x6	  x6:0x07fffc03 f29=0x4cffff80
     430325.000 ns	     43031	80008e74	aeefbf93	sltiu	x31,x31,-1298	 x31:0x00000000 x31=0x00000001
     430335.000 ns	     43032	80008e78	29ca96b7	lui	x13,0x29ca9	 x13=0x29ca9000
     430695.000 ns	     43068	80008e7c	02644333	div	x6,x8,x6	  x8:0x00000000  x6:0x07fffc03  x6=0x00000000
     430735.000 ns	     43072	80008e80	102f7953	fmul.s	f18,f30,f2	 f30:0x4e845edd  f2:0x00000000 f18=0x00000000
     430755.000 ns	     43074	80008e84	8b04f113	andi	x2,x9,-1872	  x9:0x80040fe4  x2=0x800408a0
     430775.000 ns	     43076	80008e88	c01b10d3	fcvt.wu.s	x1,f22	 f22:0x80000010  x1=0x00000000
     430805.000 ns	     43079	80008e8c	0303a933	mulhsu	x18,x7,x16	  x7:0x00000000 x16:0xff9a0725 x18=0x00000000
     430855.000 ns	     43084	80008e90	08f22653	fsub.s	f12,f4,f15	  f4:0xcf000000 f15:0x00000000 f12=0xcf000000
     430875.000 ns	     43086	80008e94	0174d613	srli	x12,x9,0x17	  x9:0x80040fe4 x12=0x00000100
     430885.000 ns	     43087	80008e98	01a71d13	slli	x26,x14,0x1a	 x14:0x00000000 x26=0x00000000
     430895.000 ns	     43088	80008e9c	e5526613	ori	x12,x4,-427	  x4:0xcd969dac x12=0xfffffffd
     430915.000 ns	     43090	80008ea0	0371a333	mulhsu	x6,x3,x23	  x3:0x00000000 x23:0xef29e327  x6=0x00000000
     430945.000 ns	     43093	80008ea4	c0048753	fcvt.w.s	x14,f9	  f9:0x7fc00000 x14=0x7fffffff
     430965.000 ns	     43095	80008ea8	41e100b3	sub	x1,x2,x30	  x2:0x800408a0 x30:0xef29e7f3  x1=0x90da20ad
     430985.000 ns	     43097	80008eac	025a9d33	mulh	x26,x21,x5	 x21:0x80041024  x5:0x00000000 x26=0x00000000
     431005.000 ns	     43099	80008eb0	775c0d13	addi	x26,x24,1909	 x24:0x886edea6 x26=0x886ee61b
     431025.000 ns	     43101	80008eb4	03d4b333	mulhu	x6,x9,x29	  x9:0x80040fe4 x29:0x00000000  x6=0x00000000
     431045.000 ns	     43103	80008eb8	506a8293	addi	x5,x21,1286	 x21:0x80041024  x5=0x8004152a
     431055.000 ns	     43104	80008ebc	01658633	add	x12,x11,x22	 x11:0xf5a66e60 x22:0x00000000 x12=0xf5a66e60
     431075.000 ns	     43106	80008ec0	a0b39e53	flt.s	x28,f7,f11	  f7:0x7fc00000 f11:0x00000000 x28=0x00000000
     431105.000 ns	     43109	80008ec4	e0061ed3	fclass.s	x29,f12	 f12:0xcf000000 x29=0x00000002
     431135.000 ns	     43112	80008ec8	d01078d3	fcvt.s.wu	f17,x0	  x0:0x00000000 f17=0x00000000
     431185.000 ns	     43117	80008ecc	006a9cd3	fadd.s	f25,f21,f6	 f21:0x3f800000  f6:0x34a9dec7 f25=0x3f800002
     431205.000 ns	     43119	80008ed0	01609f33	sll	x30,x1,x22	  x1:0x90da20ad x22:0x00000000 x30=0x90da20ad
     431215.000 ns	     43120	80008ed4	29843393	sltiu	x7,x8,664	  x8:0x00000000  x7=0x00000001
     431255.000 ns	     43124	80008ed8	00e33fd3	fadd.s	f31,f6,f14	  f6:0x34a9dec7 f14:0x426a9775 f31=0x426a9776
     431285.000 ns	     43127	80008edc	a0bf2fd3	feq.s	x31,f30,f11	 f30:0x4e845edd f11:0x00000000 x31=0x00000000
     431305.000 ns	     43129	80008ee0	5cc24913	xori	x18,x4,1484	  x4:0xcd969dac x18=0xcd969860
     431315.000 ns	     43130	80008ee4	2d362c13	slti	x24,x12,723	 x12:0xf5a66e60 x24=0x00000001
     431675.000 ns	     43166	80008ee8	02c57e33	remu	x28,x10,x12	 x10:0x000004ab x12:0xf5a66e60 x28=0x000004ab
     432045.000 ns	     43203	80008eec	03dd7f33	remu	x30,x26,x29	 x26:0x886ee61b x29:0x00000002 x30=0x00000001
     432085.000 ns	     43207	80008ef0	113071d3	fmul.s	f3,f0,f19	  f0:0x44bb0000 f19:0x3f800000  f3=0x44bb0000
     432115.000 ns	     43210	80008ef4	a0fd2253	feq.s	x4,f26,f15	 f26:0x426a9775 f15:0x00000000  x4=0x00000000
     432135.000 ns	     43212	80008ef8	e4d77d13	andi	x26,x14,-435	 x14:0x7fffffff x26=0x7ffffe4d
     432155.000 ns	     43214	80008efc	c015b3d3	fcvt.wu.s	x7,f11	 f11:0x00000000  x7=0x00000000
     432175.000 ns	     43216	80008f00	0118bf33	sltu	x30,x17,x17	 x17:0x00000000 x17:0x00000000 x30=0x00000000
     432185.000 ns	     43217	80008f04	2d2b3593	sltiu	x11,x22,722	 x22:0x00000000 x11=0x00000001
     432195.000 ns	     43218	80008f08	01656633	or	x12,x10,x22	 x10:0x000004ab x22:0x00000000 x12=0x000004ab
     432205.000 ns	     43219	80008f0c	09de8f37	lui	x30,0x9de8	 x30=0x09de8000
     432215.000 ns	     43220	80008f10	0162cb33	xor	x22,x5,x22	  x5:0x8004152a x22:0x00000000 x22=0x8004152a
     432225.000 ns	     43221	80008f14	2a0dc693	xori	x13,x27,672	 x27:0x21934a47 x13=0x219348e7
     432245.000 ns	     43223	80008f18	20438bd3	fsgnj.s	f23,f7,f4	  f7:0x7fc00000  f4:0xcf000000 f23=0xffc00000
     432275.000 ns	     43226	80008f1c	e00c1fd3	fclass.s	x31,f24	 f24:0x7fc00000 x31=0x00000200
     432295.000 ns	     43228	80008f20	019001b3	add	x3,x0,x25	  x0:0x00000000 x25:0x9a07254c  x3=0x9a07254c
     432305.000 ns	     43229	80008f24	d9bb8a37	lui	x20,0xd9bb8	 x20=0xd9bb8000
     432345.000 ns	     43233	80008f28	01d32dd3	fadd.s	f27,f6,f29	  f6:0x34a9dec7 f29:0x4cffff80 f27=0x4cffff80
     432715.000 ns	     43270	80008f2c	03ca43b3	div	x7,x20,x28	 x20:0x426a9775 x28:0x000004ab  x7=0xfff7cd56
     432735.000 ns	     43272	80008f30	0173b133	sltu	x2,x7,x23	  x7:0x00000000 x23:0xef29e327  x2=0x00000000
     432745.000 ns	     43273	80008f34	00fe9113	slli	x2,x29,0xf	 x29:0x00000002  x2=0x00010000
     432755.000 ns	     43274	80008f38	01503bb3	sltu	x23,x0,x21	  x0:0x00000000 x21:0x80041024 x23=0x00000001
     432775.000 ns	     43276	80008f3c	a07c1c53	flt.s	x24,f24,f7	 f24:0x7fc00000  f7:0x7fc00000 x24=0x00000000
     432795.000 ns	     43278	80008f40	c41f7a13	andi	x20,x30,-959	 x30:0x09de8000 x20=0x09de8000
     432835.000 ns	     43282	80008f44	011c7353	fadd.s	f6,f24,f17	 f24:0x7fc00000 f17:0x00000000  f6=0x7fc00000
     432865.000 ns	     43285	80008f48	e0001dd3	fclass.s	x27,f0	  f0:0x44bb0000 x27=0x00000040
     432895.000 ns	     43288	80008f4c	02218a33	mul	x20,x3,x2	  x3:0x9a07254c  x2:0x00010000 x20=0x254c0000
     432925.000 ns	     43291	80008f50	a06681d3	fle.s	x3,f13,f6	 f13:0x7fc00000  f6:0x7fc00000  x3=0x00000000
     432975.000 ns	     43296	80008f54	01549453	fadd.s	f8,f9,f21	  f9:0x7fc00000 f21:0x3f800000  f8=0x7fc00000
     432995.000 ns	     43298	80008f58	00ad9833	sll	x16,x27,x10	 x27:0x00000040 x10:0x000004ab x16=0x00020000
     433015.000 ns	     43300	80008f5c	21111053	fsgnjn.s	f0,f2,f17	  f2:0x00000000 f17:0x00000000  f0=0x80000000
     433035.000 ns	     43302	80008f60	5d7c4f93	xori	x31,x24,1495	 x24:0x00000000 x31=0x000005d7
     433045.000 ns	     43303	80008f64	01701a13	slli	x20,x0,0x17	  x0:0x00000000 x20=0x00000000
     433065.000 ns	     43305	80008f68	0387c9b3	div	x19,x15,x24	 x15:0xf3f98000 x24:0x00000000 x19=0xffffffff
     433085.000 ns	     43307	80008f6c	191fff93	andi	x31,x31,401	 x31:0x000005d7 x31=0x00000191
     433095.000 ns	     43308	80008f70	0158bd33	sltu	x26,x17,x21	 x17:0x00000000 x21:0x80041024 x26=0x00000001
     433115.000 ns	     43310	80008f74	0265f333	remu	x6,x11,x6	 x11:0x00000001  x6:0x00000000  x6=0x00000001
     433135.000 ns	     43312	80008f78	01aacf33	xor	x30,x21,x26	 x21:0x80041024 x26:0x7ffffe4d x30=0x80041025
     433155.000 ns	     43314	80008f7c	02ae06b3	mul	x13,x28,x10	 x28:0x000004ab x10:0x000004ab x13=0x0015ca39
     433185.000 ns	     43317	80008f80	030102b3	mul	x5,x2,x16	  x2:0x00010000 x16:0x00020000  x5=0x00000000
     433225.000 ns	     43321	80008f84	18c4fa53	fdiv.s	f20,f9,f12	  f9:0x7fc00000 f12:0xcf000000 f20=0x7fc00000
     433245.000 ns	     43323	80008f88	004cbb33	sltu	x22,x25,x4	 x25:0x9a07254c  x4:0x00000000 x22=0x00000000
     433265.000 ns	     43325	80008f8c	f00288d3	fmv.w.x	f17,x5	  x5:0x00000000 f17=0x00000000
     433285.000 ns	     43327	80008f90	01781113	slli	x2,x16,0x17	 x16:0x00020000  x2=0x00000000
     433295.000 ns	     43328	80008f94	00126a33	or	x20,x4,x1	  x4:0x00000000  x1:0x90da20ad x20=0x90da20ad
     433315.000 ns	     43330	80008f98	03f7af33	mulhsu	x30,x15,x31	 x15:0xf3f98000 x31:0x00000191 x30=0xffffffed
     433345.000 ns	     43333	80008f9c	203d17d3	fsgnjn.s	f15,f26,f3	 f26:0x426a9775  f3:0x44bb0000 f15=0xc26a9775
     433365.000 ns	     43335	80008fa0	11227f93	andi	x31,x4,274	  x4:0x00000000 x31=0x00000000
     433375.000 ns	     43336	80008fa4	00e12933	slt	x18,x2,x14	  x2:0x00000000 x14:0x7fffffff x18=0x00000001
     433395.000 ns	     43338	80008fa8	0226d333	divu	x6,x13,x2	 x13:0x0015ca39  x2:0x00000000  x6=0xffffffff
     433415.000 ns	     43340	80008fac	005e2db3	slt	x27,x28,x5	 x28:0x000004ab  x5:0x00000000 x27=0x00000000
     433425.000 ns	     43341	80008fb0	01d242b3	xor	x5,x4,x29	  x4:0x00000000 x29:0x00000002  x5=0x00000002
     433465.000 ns	     43345	80008fb4	08c0f4d3	fsub.s	f9,f1,f12	  f1:0xcf000000 f12:0xcf000000  f9=0x00000000
     433495.000 ns	     43348	80008fb8	d011a153	fcvt.s.wu	f2,x3	  x3:0x00000000  f2=0x00000000
     433865.000 ns	     43385	80008fbc	03dc7a33	remu	x20,x24,x29	 x24:0x00000000 x29:0x00000002 x20=0x00000000
     433885.000 ns	     43387	80008fc0	41420c33	sub	x24,x4,x20	  x4:0x00000000 x20:0x90da20ad x24=0x00000000
     433895.000 ns	     43388	80008fc4	4156d513	srai	x10,x13,0x15	 x13:0x0015ca39 x10=0x00000000
     433905.000 ns	     43389	80008fc8	416d5b93	srai	x23,x26,0x16	 x26:0x00000001 x23=0x00000000
     433915.000 ns	     43390	80008fcc	e26d0d13	addi	x26,x26,-474	 x26:0x00000001 x26=0xfffffe27
     433925.000 ns	     43391	80008fd0	016c5193	srli	x3,x24,0x16	 x24:0x00000000  x3=0x00000000
     433945.000 ns	     43393	80008fd4	036c8d33	mul	x26,x25,x22	 x25:0x9a07254c x22:0x00000000 x26=0x00000000
     433975.000 ns	     43396	80008fd8	28908453	fmin.s	f8,f1,f9	  f1:0xcf000000  f9:0x00000000  f8=0xcf000000
     433995.000 ns	     43398	80008fdc	67bd7f13	andi	x30,x26,1659	 x26:0x00000000 x30=0x00000000
     434005.000 ns	     43399	80008fe0	40f3de93	srai	x29,x7,0xf	  x7:0xfff7cd56 x29=0xffffffef
     434015.000 ns	     43400	80008fe4	01dad913	srli	x18,x21,0x1d	 x21:0x80041024 x18=0x00000004
     434025.000 ns	     43401	80008fe8	01661193	slli	x3,x12,0x16	 x12:0x000004ab  x3=0x2ac00000
     434385.000 ns	     43437	80008fec	02f0f733	remu	x14,x1,x15	  x1:0x90da20ad x15:0xf3f98000 x14=0x90da20ad
     434405.000 ns	     43439	80008ff0	014c4b33	xor	x22,x24,x20	 x24:0x00000000 x20:0x00000000 x22=0x00000000
     434425.000 ns	     43441	80008ff4	e0091c53	fclass.s	x24,f18	 f18:0x00000000 x24=0x00000010
     434445.000 ns	     43443	80008ff8	00288333	add	x6,x17,x2	 x17:0x00000000  x2:0x00000000  x6=0x00000000
     434805.000 ns	     43479	80008ffc	033846b3	div	x13,x16,x19	 x16:0x00020000 x19:0xffffffff x13=0xfffe0000
     434825.000 ns	     43481	80009000	001b8133	add	x2,x23,x1	 x23:0x00000000  x1:0x90da20ad  x2=0x90da20ad
     434835.000 ns	     43482	80009004	97dfaf93	slti	x31,x31,-1667	 x31:0x00000000 x31=0x00000000
     435195.000 ns	     43518	80009008	0213e6b3	rem	x13,x7,x1	  x7:0xfff7cd56  x1:0x90da20ad x13=0xfff7cd56
     435215.000 ns	     43520	8000900c	5fbb6013	ori	x0,x22,1531	 x22:0x00000000
     435235.000 ns	     43522	80009010	c016f9d3	fcvt.wu.s	x19,f13	 f13:0x7fc00000 x19=0xffffffff
     435255.000 ns	     43524	80009014	01c1c1b3	xor	x3,x3,x28	  x3:0x2ac00000 x28:0x000004ab  x3=0x2ac004ab
     435265.000 ns	     43525	80009018	57fd0e93	addi	x29,x26,1407	 x26:0x00000000 x29=0x0000057f
     435275.000 ns	     43526	8000901c	00000013	addi	x0,x0,0	  x0:0x00000000
     435285.000 ns	     43527	80009020	413fd413	srai	x8,x31,0x13	 x31:0x00000000  x8=0x00000000
     435305.000 ns	     43529	80009024	f0048c53	fmv.w.x	f24,x9	  x9:0x80040fe4 f24=0x80040fe4
     435335.000 ns	     43532	80009028	029d0d33	mul	x26,x26,x9	 x26:0x00000000  x9:0x80040fe4 x26=0x00000000
     435365.000 ns	     43535	8000902c	02025133	divu	x2,x4,x0	  x4:0x00000000  x0:0x00000000  x2=0xffffffff
     435395.000 ns	     43538	80009030	a01b8353	fle.s	x6,f23,f1	 f23:0xffc00000  f1:0xcf000000  x6=0x00000000
     435435.000 ns	     43542	80009034	58097f53	fsqrt.s	f30,f18	 f18:0x00000000 f30=0x00000000
     435455.000 ns	     43544	80009038	00351f33	sll	x30,x10,x3	 x10:0x00000000  x3:0x2ac004ab x30=0x00000000
     435475.000 ns	     43546	8000903c	c010ffd3	fcvt.wu.s	x31,f1	  f1:0xcf000000 x31=0x80000000
     435515.000 ns	     43550	80009040	18737c53	fdiv.s	f24,f6,f7	  f6:0x7fc00000  f7:0x7fc00000 f24=0x7fc00000
     435545.000 ns	     43553	80009044	a1fc9253	flt.s	x4,f25,f31	 f25:0x3f800002 f31:0x426a9776  x4=0x00000001
     435565.000 ns	     43555	80009048	412cd193	srai	x3,x25,0x12	 x25:0x9a07254c  x3=0xffffe681
     435585.000 ns	     43557	8000904c	02b800b3	mul	x1,x16,x11	 x16:0x00020000 x11:0x00000001  x1=0x00020000
     435955.000 ns	     43594	80009050	0322d433	divu	x8,x5,x18	  x5:0x00000002 x18:0x00000004  x8=0x00000000
     435995.000 ns	     43598	80009054	11f9fb53	fmul.s	f22,f19,f31	 f19:0x3f800000 f31:0x426a9776 f22=0x426a9776
     436045.000 ns	     43603	80009058	0830f153	fsub.s	f2,f1,f3	  f1:0xcf000000  f3:0x44bb0000  f2=0xcf000005
     436065.000 ns	     43605	8000905c	41e98db3	sub	x27,x19,x30	 x19:0xffffffff x30:0x00000000 x27=0xffffffff
     436085.000 ns	     43607	80009060	036af833	remu	x16,x21,x22	 x21:0x80041024 x22:0x00000000 x16=0x80041024
     436105.000 ns	     43609	80009064	00275c13	srli	x24,x14,0x2	 x14:0x90da20ad x24=0x2436882b
     436115.000 ns	     43610	80009068	01b19b33	sll	x22,x3,x27	  x3:0xffffe681 x27:0xffffffff x22=0x80000000
     436475.000 ns	     43646	8000906c	03b74eb3	div	x29,x14,x27	 x14:0x90da20ad x27:0xffffffff x29=0x6f25df53
     436505.000 ns	     43649	80009070	21211253	fsgnjn.s	f4,f2,f18	  f2:0xcf000005 f18:0x00000000  f4=0xcf000005
     436525.000 ns	     43651	80009074	01938333	add	x6,x7,x25	  x7:0xfff7cd56 x25:0x9a07254c  x6=0x99fef2a2
     436565.000 ns	     43655	80009078	09d5fdd3	fsub.s	f27,f11,f29	 f11:0x00000000 f29:0x4cffff80 f27=0xccffff80
     436595.000 ns	     43658	8000907c	e00906d3	fmv.x.w	x13,f18	 f18:0x00000000 x13=0x00000000
     436965.000 ns	     43695	80009080	036d70b3	remu	x1,x26,x22	 x26:0x00000000 x22:0x80000000  x1=0x00000000
     436995.000 ns	     43698	80009084	294310d3	fmax.s	f1,f6,f20	  f6:0x7fc00000 f20:0x7fc00000  f1=0x7fc00000
     437025.000 ns	     43701	80009088	03f003b3	mul	x7,x0,x31	  x0:0x00000000 x31:0x80000000  x7=0x00000000
     437055.000 ns	     43704	8000908c	213028d3	fsgnjx.s	f17,f0,f19	  f0:0x80000000 f19:0x3f800000 f17=0x80000000
     437085.000 ns	     43707	80009090	a022a5d3	feq.s	x11,f5,f2	  f5:0x00000000  f2:0xcf000005 x11=0x00000000
     437115.000 ns	     43710	80009094	027405b3	mul	x11,x8,x7	  x8:0x00000000  x7:0x00000000 x11=0x00000000
     437135.000 ns	     43712	80009098	01958eb3	add	x29,x11,x25	 x11:0x00000000 x25:0x9a07254c x29=0x9a07254c
     437145.000 ns	     43713	8000909c	7c7bed13	ori	x26,x23,1991	 x23:0x00000000 x26=0x000007c7
     437165.000 ns	     43715	800090a0	021b01b3	mul	x3,x22,x1	 x22:0x80000000  x1:0x00000000  x3=0x00000000
     437185.000 ns	     43717	800090a4	4eff7293	andi	x5,x30,1263	 x30:0x00000000  x5=0x00000000
     437195.000 ns	     43718	800090a8	01915d33	srl	x26,x2,x25	  x2:0xffffffff x25:0x9a07254c x26=0x000fffff
     437205.000 ns	     43719	800090ac	00000013	addi	x0,x0,0	  x0:0x00000000
     437245.000 ns	     43723	800090b0	0002a9d3	fadd.s	f19,f5,f0	  f5:0x00000000  f0:0x80000000 f19=0x80000000
     437265.000 ns	     43725	800090b4	01b6fe33	and	x28,x13,x27	 x13:0x00000000 x27:0xffffffff x28=0x00000000
     437285.000 ns	     43727	800090b8	f0000dd3	fmv.w.x	f27,x0	  x0:0x00000000 f27=0x00000000
     437315.000 ns	     43730	800090bc	d0183bd3	fcvt.s.wu	f23,x16	 x16:0x80041024 f23=0x4f000411
     437345.000 ns	     43733	800090c0	21990ad3	fsgnj.s	f21,f18,f25	 f18:0x00000000 f25:0x3f800002 f21=0x00000000
     437365.000 ns	     43735	800090c4	00dec833	xor	x16,x29,x13	 x29:0x9a07254c x13:0x00000000 x16=0x9a07254c
     437385.000 ns	     43737	800090c8	03a83733	mulhu	x14,x16,x26	 x16:0x80041024 x26:0x000fffff x14=0x0009a071
     437755.000 ns	     43774	800090cc	02907033	remu	x0,x0,x9	  x0:0x00000000  x9:0x80040fe4
     437775.000 ns	     43776	800090d0	00cb0033	add	x0,x22,x12	 x22:0x80000000 x12:0x000004ab
     438135.000 ns	     43812	800090d4	0244c933	div	x18,x9,x4	  x9:0x80040fe4  x4:0x00000001 x18=0x80040fe4
     438155.000 ns	     43814	800090d8	01d751b3	srl	x3,x14,x29	 x14:0x0009a071 x29:0x9a07254c  x3=0x0000009a
     438165.000 ns	     43815	800090dc	404bddb3	sra	x27,x23,x4	 x23:0x00000000  x4:0x00000001 x27=0x00000000
     438175.000 ns	     43816	800090e0	405e5d33	sra	x26,x28,x5	 x28:0x00000000  x5:0x00000000 x26=0x00000000
     438215.000 ns	     43820	800090e4	099f2bd3	fsub.s	f23,f30,f25	 f30:0x00000000 f25:0x3f800002 f23=0xbf800002
     438235.000 ns	     43822	800090e8	011cd093	srli	x1,x25,0x11	 x25:0x9a07254c  x1=0x00004d03
     438245.000 ns	     43823	800090ec	00000013	addi	x0,x0,0	  x0:0x00000000
     438285.000 ns	     43827	800090f0	09ae2953	fsub.s	f18,f28,f26	 f28:0xb4a9dec7 f26:0x426a9775 f18=0xc26a9776
     438325.000 ns	     43831	800090f4	117848d3	fmul.s	f17,f16,f23	 f16:0x34a9dec7 f23:0xbf800002 f17=0xb4a9deca
     438355.000 ns	     43834	800090f8	f0060253	fmv.w.x	f4,x12	 x12:0x000004ab  f4=0x000004ab
     438375.000 ns	     43836	800090fc	4130df13	srai	x30,x1,0x13	  x1:0x00004d03 x30=0x00000000
     438395.000 ns	     43838	80009100	e0000953	fmv.x.w	x18,f0	  f0:0x80000000 x18=0x80000000
     438415.000 ns	     43840	80009104	c821c417	auipc	x8,0xc821c	  x8=0x48225104
     438435.000 ns	     43842	80009108	02db79b3	remu	x19,x22,x13	 x22:0x80000000 x13:0x00000000 x19=0x80000000
     438805.000 ns	     43879	8000910c	02895fb3	divu	x31,x18,x8	 x18:0x80000000  x8:0x00000000 x31=0x00000001
     438845.000 ns	     43883	80009110	19ba7a53	fdiv.s	f20,f20,f27	 f20:0x7fc00000 f27:0x00000000 f20=0x7fc00000
     438875.000 ns	     43886	80009114	21ea2b53	fsgnjx.s	f22,f20,f30	 f20:0x7fc00000 f30:0x00000000 f22=0x7fc00000
     438905.000 ns	     43889	80009118	02d520b3	mulhsu	x1,x10,x13	 x10:0x00000000 x13:0x00000000  x1=0x00000000
     438925.000 ns	     43891	8000911c	01425833	srl	x16,x4,x20	  x4:0x00000001 x20:0x00000000 x16=0x00000001
     438945.000 ns	     43893	80009120	28ba90d3	fmax.s	f1,f21,f11	 f21:0x00000000 f11:0x00000000  f1=0x00000000
     438975.000 ns	     43896	80009124	28728053	fmin.s	f0,f5,f7	  f5:0x00000000  f7:0x7fc00000  f0=0x00000000
     439005.000 ns	     43899	80009128	a14e17d3	flt.s	x15,f28,f20	 f28:0xb4a9dec7 f20:0x7fc00000 x15=0x00000000
     439375.000 ns	     43936	8000912c	03095b33	divu	x22,x18,x16	 x18:0x80000000 x16:0x00000001 x22=0x80000000
     439405.000 ns	     43939	80009130	217b29d3	fsgnjx.s	f19,f22,f23	 f22:0x7fc00000 f23:0xbf800002 f19=0xffc00000
     439435.000 ns	     43942	80009134	28ff8653	fmin.s	f12,f31,f15	 f31:0x426a9776 f15:0xc26a9775 f12=0xc26a9775
     439455.000 ns	     43944	80009138	dca3e293	ori	x5,x7,-566	  x7:0x00000000  x5=0xfffffdca
     439465.000 ns	     43945	8000913c	415d5c13	srai	x24,x26,0x15	 x26:0x00000000 x24=0x00000000
     439475.000 ns	     43946	80009140	40908c33	sub	x24,x1,x9	  x1:0x00000000  x9:0x80040fe4 x24=0x7ffbf01c
     439495.000 ns	     43948	80009144	03df8db3	mul	x27,x31,x29	 x31:0x00000001 x29:0x9a07254c x27=0x9a07254c
     439515.000 ns	     43950	80009148	407757b3	sra	x15,x14,x7	 x14:0x0009a071  x7:0x00000000 x15=0x0009a071
     439525.000 ns	     43951	8000914c	01a9d133	srl	x2,x19,x26	 x19:0x80000000 x26:0x00000000  x2=0x80000000
     439535.000 ns	     43952	80009150	40a55333	sra	x6,x10,x10	 x10:0x00000000 x10:0x00000000  x6=0x00000000
     439545.000 ns	     43953	80009154	95c93993	sltiu	x19,x18,-1700	 x18:0x80000000 x19=0x00000001
     439565.000 ns	     43955	80009158	03f83f33	mulhu	x30,x16,x31	 x16:0x00000001 x31:0x00000001 x30=0x00000000
     439585.000 ns	     43957	8000915c	3c4ce793	ori	x15,x25,964	 x25:0x9a07254c x15=0x9a0727cc
     439595.000 ns	     43958	80009160	01cedb33	srl	x22,x29,x28	 x29:0x9a07254c x28:0x00000000 x22=0x9a07254c
     439615.000 ns	     43960	80009164	c01220d3	fcvt.wu.s	x1,f4	  f4:0x000004ab  x1=0x00000000
     439635.000 ns	     43962	80009168	00089293	slli	x5,x17,0x0	 x17:0x00000000  x5=0x00000000
     439655.000 ns	     43964	8000916c	e00e8b53	fmv.x.w	x22,f29	 f29:0x4cffff80 x22=0x4cffff80
     439685.000 ns	     43967	80009170	c0107953	fcvt.wu.s	x18,f0	  f0:0x00000000 x18=0x00000000
     439705.000 ns	     43969	80009174	408a85b3	sub	x11,x21,x8	 x21:0x80041024  x8:0x48225104 x11=0x37e1bf20
     439725.000 ns	     43971	80009178	e00a0153	fmv.x.w	x2,f20	 f20:0x7fc00000  x2=0x7fc00000
     439755.000 ns	     43974	8000917c	28568853	fmin.s	f16,f13,f5	 f13:0x7fc00000  f5:0x00000000 f16=0x00000000
     439785.000 ns	     43977	80009180	d006f353	fcvt.s.w	f6,x13	 x13:0x00000000  f6=0x00000000
     439805.000 ns	     43979	80009184	017b2633	slt	x12,x22,x23	 x22:0x4cffff80 x23:0x00000000 x12=0x00000000
     439815.000 ns	     43980	80009188	00159713	slli	x14,x11,0x1	 x11:0x37e1bf20 x14=0x6fc37e40
     439845.000 ns	     43983	8000918c	1802f6d3	fdiv.s	f13,f5,f0	  f5:0x00000000  f0:0x00000000 f13=0x7fc00000
     439875.000 ns	     43986	80009190	2057af53	fsgnjx.s	f30,f15,f5	 f15:0xc26a9775  f5:0x00000000 f30=0xc26a9775
     439905.000 ns	     43989	80009194	a1d602d3	fle.s	x5,f12,f29	 f12:0xc26a9775 f29:0x4cffff80  x5=0x00000001
     439935.000 ns	     43992	80009198	c0010053	fcvt.w.s	x0,f2	  f2:0xcf000005
     439965.000 ns	     43995	8000919c	e0098553	fmv.x.w	x10,f19	 f19:0xffc00000 x10=0xffc00000
     439985.000 ns	     43997	800091a0	40405c13	srai	x24,x0,0x4	  x0:0x00000000 x24=0x00000000
     440015.000 ns	     44000	800091a4	104cfdd3	fmul.s	f27,f25,f4	 f25:0x3f800002  f4:0x000004ab f27=0x000004ac
     440035.000 ns	     44002	800091a8	4f8a2997	auipc	x19,0x4f8a2	 x19=0xcf8ab1a8
     440065.000 ns	     44005	800091ac	10b2f353	fmul.s	f6,f5,f11	  f5:0x00000000 f11:0x00000000  f6=0x00000000
     440435.000 ns	     44042	800091b0	023466b3	rem	x13,x8,x3	  x8:0x48225104  x3:0x0000009a x13=0x00000084
     440465.000 ns	     44045	800091b4	02fdb433	mulhu	x8,x27,x15	 x27:0x9a07254c x15:0x9a0727cc  x8=0x5cac9a93
     440495.000 ns	     44048	800091b8	a1902053	feq.s	x0,f0,f25	  f0:0x00000000 f25:0x3f800002
     440515.000 ns	     44050	800091bc	e1403013	sltiu	x0,x0,-492	  x0:0x00000000
     440525.000 ns	     44051	800091c0	40c1d113	srai	x2,x3,0xc	  x3:0x0000009a  x2=0x00000000
     440545.000 ns	     44053	800091c4	293981d3	fmin.s	f3,f19,f19	 f19:0xffc00000 f19:0xffc00000  f3=0x7fc00000
     440565.000 ns	     44055	800091c8	00000013	addi	x0,x0,0	  x0:0x00000000
     440575.000 ns	     44056	800091cc	41745c13	srai	x24,x8,0x17	  x8:0x5cac9a93 x24=0x000000b9
     440595.000 ns	     44058	800091d0	21182953	fsgnjx.s	f18,f16,f17	 f16:0x00000000 f17:0xb4a9deca f18=0x80000000
     440965.000 ns	     44095	800091d4	039ee733	rem	x14,x29,x25	 x29:0x9a07254c x25:0x9a07254c x14=0x00000000
     440985.000 ns	     44097	800091d8	01411eb3	sll	x29,x2,x20	  x2:0x00000000 x20:0x00000000 x29=0x00000000
     441005.000 ns	     44099	800091dc	284695d3	fmax.s	f11,f13,f4	 f13:0x7fc00000  f4:0x000004ab f11=0x000004ab
     441035.000 ns	     44102	800091e0	c0041653	fcvt.w.s	x12,f8	  f8:0xcf000000 x12=0x80000000
     441055.000 ns	     44104	800091e4	40a001b3	sub	x3,x0,x10	  x0:0x00000000 x10:0xffc00000  x3=0x00400000
     441065.000 ns	     44105	800091e8	016118b3	sll	x17,x2,x22	  x2:0x00000000 x22:0x4cffff80 x17=0x00000000
     441075.000 ns	     44106	800091ec	017d71b3	and	x3,x26,x23	 x26:0x00000000 x23:0x00000000  x3=0x00000000
     441105.000 ns	     44109	800091f0	580afdd3	fsqrt.s	f27,f21	 f21:0x00000000 f27=0x00000000
     441145.000 ns	     44113	800091f4	1117a8d3	fmul.s	f17,f15,f17	 f15:0xc26a9775 f17:0xb4a9deca f17=0x379baa24
     441515.000 ns	     44150	800091f8	036fd133	divu	x2,x31,x22	 x31:0x00000001 x22:0x4cffff80  x2=0x00000000
     441545.000 ns	     44153	800091fc	a18f8753	fle.s	x14,f31,f24	 f31:0x426a9776 f24:0x7fc00000 x14=0x00000000
     441565.000 ns	     44155	80009200	587fbd93	sltiu	x27,x31,1415	 x31:0x00000001 x27=0x00000001
     441575.000 ns	     44156	80009204	44958017	auipc	x0,0x44958	
     441585.000 ns	     44157	80009208	b1406937	lui	x18,0xb1406	 x18=0xb1406000
     441605.000 ns	     44159	8000920c	a19c2553	feq.s	x10,f24,f25	 f24:0x7fc00000 f25:0x3f800002 x10=0x00000000
     441625.000 ns	     44161	80009210	00000013	addi	x0,x0,0	  x0:0x00000000
     441665.000 ns	     44165	80009214	001e13d3	fadd.s	f7,f28,f1	 f28:0xb4a9dec7  f1:0x00000000  f7=0xb4a9dec7
     441695.000 ns	     44168	80009218	21a09153	fsgnjn.s	f2,f1,f26	  f1:0x00000000 f26:0x426a9775  f2=0x80000000
     442065.000 ns	     44205	8000921c	024efd33	remu	x26,x29,x4	 x29:0x00000000  x4:0x00000001 x26=0x00000000
     442095.000 ns	     44208	80009220	029ab233	mulhu	x4,x21,x9	 x21:0x80041024  x9:0x80040fe4  x4=0x40041014
     442465.000 ns	     44245	80009224	03bf41b3	div	x3,x30,x27	 x30:0x00000000 x27:0x00000001  x3=0x00000000
     442485.000 ns	     44247	80009228	014f0bb3	add	x23,x30,x20	 x30:0x00000000 x20:0x00000000 x23=0x00000000
     442515.000 ns	     44250	8000922c	5802fbd3	fsqrt.s	f23,f5	  f5:0x00000000 f23=0x00000000
     442555.000 ns	     44254	80009230	5801aad3	fsqrt.s	f21,f3	  f3:0x7fc00000 f21=0x7fc00000
     442575.000 ns	     44256	80009234	00000013	addi	x0,x0,0	  x0:0x00000000
     442585.000 ns	     44257	80009238	40355513	srai	x10,x10,0x3	 x10:0x00000000 x10=0x00000000
     442595.000 ns	     44258	8000923c	00000013	addi	x0,x0,0	  x0:0x00000000
     442615.000 ns	     44260	80009240	f0060753	fmv.w.x	f14,x12	 x12:0x80000000 f14=0x80000000
     442635.000 ns	     44262	80009244	012f6933	or	x18,x30,x18	 x30:0x00000000 x18:0xb1406000 x18=0xb1406000
     442645.000 ns	     44263	80009248	005538b3	sltu	x17,x10,x5	 x10:0x00000000  x5:0x00000001 x17=0x00000001
     442655.000 ns	     44264	8000924c	ca3b3d93	sltiu	x27,x22,-861	 x22:0x4cffff80 x27=0x00000001
     442665.000 ns	     44265	80009250	7d7e0d97	auipc	x27,0x7d7e0	 x27=0xfd7e9250
     442685.000 ns	     44267	80009254	032735b3	mulhu	x11,x14,x18	 x14:0x00000000 x18:0xb1406000 x11=0x00000000
     442705.000 ns	     44269	80009258	00ff5e13	srli	x28,x30,0xf	 x30:0x00000000 x28=0x00000000
     442725.000 ns	     44271	8000925c	022b79b3	remu	x19,x22,x2	 x22:0x4cffff80  x2:0x00000000 x19=0x4cffff80
     442745.000 ns	     44273	80009260	0103c3b3	xor	x7,x7,x16	  x7:0x00000000 x16:0x00000001  x7=0x00000001
     442785.000 ns	     44277	80009264	090979d3	fsub.s	f19,f18,f16	 f18:0x80000000 f16:0x00000000 f19=0x80000000
     442805.000 ns	     44279	80009268	e4746c13	ori	x24,x8,-441	  x8:0x5cac9a93 x24=0xfffffed7
     442815.000 ns	     44280	8000926c	eee69937	lui	x18,0xeee69	 x18=0xeee69000
     442835.000 ns	     44282	80009270	e0021d53	fclass.s	x26,f4	  f4:0x000004ab x26=0x00000020
     442855.000 ns	     44284	80009274	1d298c13	addi	x24,x19,466	 x19:0x4cffff80 x24=0x4d000152
     442875.000 ns	     44286	80009278	21c31c53	fsgnjn.s	f24,f6,f28	  f6:0x00000000 f28:0xb4a9dec7 f24=0x00000000
     442905.000 ns	     44289	8000927c	a00e8753	fle.s	x14,f29,f0	 f29:0x4cffff80  f0:0x00000000 x14=0x00000000
     442925.000 ns	     44291	80009280	01a12633	slt	x12,x2,x26	  x2:0x00000000 x26:0x00000020 x12=0x00000001
     442935.000 ns	     44292	80009284	0036ab33	slt	x22,x13,x3	 x13:0x00000084  x3:0x00000000 x22=0x00000000
     443295.000 ns	     44328	80009288	03f47233	remu	x4,x8,x31	  x8:0x5cac9a93 x31:0x00000001  x4=0x00000000
     443315.000 ns	     44330	8000928c	00c666b3	or	x13,x12,x12	 x12:0x00000001 x12:0x00000001 x13=0x00000001
     443675.000 ns	     44366	80009290	03a24933	div	x18,x4,x26	  x4:0x00000000 x26:0x00000020 x18=0x00000000
     443705.000 ns	     44369	80009294	020cdb33	divu	x22,x25,x0	 x25:0x9a07254c  x0:0x00000000 x22=0xffffffff
     443735.000 ns	     44372	80009298	d01bfe53	fcvt.s.wu	f28,x23	 x23:0x00000000 f28=0x00000000
     443755.000 ns	     44374	8000929c	005715b3	sll	x11,x14,x5	 x14:0x00000000  x5:0x00000001 x11=0x00000000
     443785.000 ns	     44377	800092a0	11b00653	fmul.s	f12,f0,f27	  f0:0x00000000 f27:0x00000000 f12=0x00000000
     443805.000 ns	     44379	800092a4	40a907b3	sub	x15,x18,x10	 x18:0x00000000 x10:0x00000000 x15=0x00000000
     444165.000 ns	     44415	800092a8	029bc533	div	x10,x23,x9	 x23:0x00000000  x9:0x80040fe4 x10=0x00000000
     444185.000 ns	     44417	800092ac	0046f633	and	x12,x13,x4	 x13:0x00000001  x4:0x00000000 x12=0x00000000
     444195.000 ns	     44418	800092b0	017347b3	xor	x15,x6,x23	  x6:0x00000000 x23:0x00000000 x15=0x00000000
     444205.000 ns	     44419	800092b4	00d183b3	add	x7,x3,x13	  x3:0x00000000 x13:0x00000001  x7=0x00000001
     444225.000 ns	     44421	800092b8	a1510d53	fle.s	x26,f2,f21	  f2:0x80000000 f21:0x7fc00000 x26=0x00000000
     444245.000 ns	     44423	800092bc	d4488713	addi	x14,x17,-700	 x17:0x00000001 x14=0xfffffd45
     444255.000 ns	     44424	800092c0	00b9fc33	and	x24,x19,x11	 x19:0x4cffff80 x11:0x00000000 x24=0x00000000
     444275.000 ns	     44426	800092c4	e00b8653	fmv.x.w	x12,f23	 f23:0x00000000 x12=0x00000000
     444305.000 ns	     44429	800092c8	a10810d3	flt.s	x1,f16,f16	 f16:0x00000000 f16:0x00000000  x1=0x00000000
     444325.000 ns	     44431	800092cc	35cabb93	sltiu	x23,x21,860	 x21:0x80041024 x23=0x00000000
     444345.000 ns	     44433	800092d0	e0038bd3	fmv.x.w	x23,f7	  f7:0xb4a9dec7 x23=0xb4a9dec7
     444365.000 ns	     44435	800092d4	15e6c613	xori	x12,x13,350	 x13:0x00000001 x12=0x0000015f
     444385.000 ns	     44437	800092d8	a10d1b53	flt.s	x22,f26,f16	 f26:0x426a9775 f16:0x00000000 x22=0x00000000
     444405.000 ns	     44439	800092dc	0048bbb3	sltu	x23,x17,x4	 x17:0x00000001  x4:0x00000000 x23=0x00000000
     444415.000 ns	     44440	800092e0	cd02bf93	sltiu	x31,x5,-816	  x5:0x00000001 x31=0x00000001
     444425.000 ns	     44441	800092e4	2ea3a437	lui	x8,0x2ea3a	  x8=0x2ea3a000
     444445.000 ns	     44443	800092e8	21ba1dd3	fsgnjn.s	f27,f20,f27	 f20:0x7fc00000 f27:0x00000000 f27=0xffc00000
     444475.000 ns	     44446	800092ec	28fa9153	fmax.s	f2,f21,f15	 f21:0x7fc00000 f15:0xc26a9775  f2=0xc26a9775
     444495.000 ns	     44448	800092f0	019adf13	srli	x30,x21,0x19	 x21:0x80041024 x30=0x00000040
     444505.000 ns	     44449	800092f4	7a48a197	auipc	x3,0x7a48a	  x3=0xfa4932f4
     444525.000 ns	     44451	800092f8	a1ca8e53	fle.s	x28,f21,f28	 f21:0x7fc00000 f28:0x00000000 x28=0x00000000
     444565.000 ns	     44455	800092fc	110734d3	fmul.s	f9,f14,f16	 f14:0x80000000 f16:0x00000000  f9=0x80000000
     444595.000 ns	     44458	80009300	036c51b3	divu	x3,x24,x22	 x24:0x00000000 x22:0x00000000  x3=0xffffffff
     444615.000 ns	     44460	80009304	00d093b3	sll	x7,x1,x13	  x1:0x00000000 x13:0x00000001  x7=0x00000000
     444635.000 ns	     44462	80009308	03a25bb3	divu	x23,x4,x26	  x4:0x00000000 x26:0x00000000 x23=0xffffffff
     444665.000 ns	     44465	8000930c	c0053653	fcvt.w.s	x12,f10	 f10:0x426a9774 x12=0x0000003b
     444685.000 ns	     44467	80009310	012037b3	sltu	x15,x0,x18	  x0:0x00000000 x18:0x00000000 x15=0x00000000
     444695.000 ns	     44468	80009314	01061533	sll	x10,x12,x16	 x12:0x0000003b x16:0x00000001 x10=0x00000076
     444715.000 ns	     44470	80009318	a07e07d3	fle.s	x15,f28,f7	 f28:0x00000000  f7:0xb4a9dec7 x15=0x00000000
     444745.000 ns	     44473	8000931c	f0008e53	fmv.w.x	f28,x1	  x1:0x00000000 f28=0x00000000
     444795.000 ns	     44478	80009320	00534c53	fadd.s	f24,f6,f5	  f6:0x00000000  f5:0x00000000 f24=0x00000000
     444815.000 ns	     44480	80009324	01db36b3	sltu	x13,x22,x29	 x22:0x00000000 x29:0x00000000 x13=0x00000000
     444825.000 ns	     44481	80009328	00000013	addi	x0,x0,0	  x0:0x00000000
     444845.000 ns	     44483	8000932c	e00f1a53	fclass.s	x20,f30	 f30:0xc26a9775 x20=0x00000002
     444865.000 ns	     44485	80009330	00e80633	add	x12,x16,x14	 x16:0x00000001 x14:0xfffffd45 x12=0xfffffd46
     444875.000 ns	     44486	80009334	2b46af93	slti	x31,x13,692	 x13:0x00000000 x31=0x00000001
     444895.000 ns	     44488	80009338	a17bad53	feq.s	x26,f23,f23	 f23:0x00000000 f23:0x00000000 x26=0x00000001
     444925.000 ns	     44491	8000933c	f00e8253	fmv.w.x	f4,x29	 x29:0x00000000  f4=0x00000000
     444955.000 ns	     44494	80009340	024da9b3	mulhsu	x19,x27,x4	 x27:0xfd7e9250  x4:0x00000000 x19=0x00000000
     444985.000 ns	     44497	80009344	e00f1353	fclass.s	x6,f30	 f30:0xc26a9775  x6=0x00000002
     445015.000 ns	     44500	80009348	a1c50853	fle.s	x16,f10,f28	 f10:0x426a9774 f28:0x00000000 x16=0x00000000
     445035.000 ns	     44502	8000934c	37e8ce93	xori	x29,x17,894	 x17:0x00000001 x29=0x0000037f
     445045.000 ns	     44503	80009350	00cce733	or	x14,x25,x12	 x25:0x9a07254c x12:0xfffffd46 x14=0xfffffd4e
     445065.000 ns	     44505	80009354	20321053	fsgnjn.s	f0,f4,f3	  f4:0x00000000  f3:0x7fc00000  f0=0x80000000
     445095.000 ns	     44508	80009358	29d31e53	fmax.s	f28,f6,f29	  f6:0x00000000 f29:0x4cffff80 f28=0x4cffff80
     445115.000 ns	     44510	8000935c	499db993	sltiu	x19,x27,1177	 x27:0xfd7e9250 x19=0x00000000
     445125.000 ns	     44511	80009360	4392b9b7	lui	x19,0x4392b	 x19=0x4392b000
     445155.000 ns	     44514	80009364	10223753	fmul.s	f14,f4,f2	  f4:0x00000000  f2:0xc26a9775 f14=0x80000000
     445175.000 ns	     44516	80009368	00909413	slli	x8,x1,0x9	  x1:0x00000000  x8=0x00000000
     445185.000 ns	     44517	8000936c	011489b3	add	x19,x9,x17	  x9:0x80040fe4 x17:0x00000001 x19=0x80040fe5
     445205.000 ns	     44519	80009370	c018bd53	fcvt.wu.s	x26,f17	 f17:0x379baa24 x26=0x00000001
     445235.000 ns	     44522	80009374	03c298b3	mulh	x17,x5,x28	  x5:0x00000001 x28:0x00000000 x17=0x00000000
     445265.000 ns	     44525	80009378	a0299a53	flt.s	x20,f19,f2	 f19:0x80000000  f2:0xc26a9775 x20=0x00000000
     445295.000 ns	     44528	8000937c	e00f1b53	fclass.s	x22,f30	 f30:0xc26a9775 x22=0x00000002
     445315.000 ns	     44530	80009380	00000013	addi	x0,x0,0	  x0:0x00000000
     445325.000 ns	     44531	80009384	00257f33	and	x30,x10,x2	 x10:0x00000076  x2:0x00000000 x30=0x00000000
     445685.000 ns	     44567	80009388	02667a33	remu	x20,x12,x6	 x12:0xfffffd46  x6:0x00000002 x20=0x00000000
     445705.000 ns	     44569	8000938c	00000013	addi	x0,x0,0	  x0:0x00000000
     445725.000 ns	     44571	80009390	a19c0bd3	fle.s	x23,f24,f25	 f24:0x00000000 f25:0x3f800002 x23=0x00000001
     445755.000 ns	     44574	80009394	a0f397d3	flt.s	x15,f7,f15	  f7:0xb4a9dec7 f15:0xc26a9775 x15=0x00000000
     445775.000 ns	     44576	80009398	00b82c33	slt	x24,x16,x11	 x16:0x00000000 x11:0x00000000 x24=0x00000000
     445785.000 ns	     44577	8000939c	019f0b33	add	x22,x30,x25	 x30:0x00000000 x25:0x9a07254c x22=0x9a07254c
     445795.000 ns	     44578	800093a0	2bd96f13	ori	x30,x18,701	 x18:0x00000000 x30=0x000002bd
     445815.000 ns	     44580	800093a4	28a495d3	fmax.s	f11,f9,f10	  f9:0x80000000 f10:0x426a9774 f11=0x426a9774
     445835.000 ns	     44582	800093a8	843895b7	lui	x11,0x84389	 x11=0x84389000
     445855.000 ns	     44584	800093ac	a0b91ed3	flt.s	x29,f18,f11	 f18:0x80000000 f11:0x426a9774 x29=0x00000001
     445885.000 ns	     44587	800093b0	a0c5a953	feq.s	x18,f11,f12	 f11:0x426a9774 f12:0x00000000 x18=0x00000000
     445905.000 ns	     44589	800093b4	b87da413	slti	x8,x27,-1145	 x27:0xfd7e9250  x8=0x00000001
     445915.000 ns	     44590	800093b8	00709333	sll	x6,x1,x7	  x1:0x00000000  x7:0x00000000  x6=0x00000000
     445955.000 ns	     44594	800093bc	09293dd3	fsub.s	f27,f18,f18	 f18:0x80000000 f18:0x80000000 f27=0x00000000
     445975.000 ns	     44596	800093c0	5aa46013	ori	x0,x8,1450	  x8:0x00000001
     445995.000 ns	     44598	800093c4	e00112d3	fclass.s	x5,f2	  f2:0xc26a9775  x5=0x00000002
     446015.000 ns	     44600	800093c8	40dbddb3	sra	x27,x23,x13	 x23:0x00000001 x13:0x00000000 x27=0x00000001
     446025.000 ns	     44601	800093cc	014e6733	or	x14,x28,x20	 x28:0x00000000 x20:0x00000000 x14=0x00000000
     446045.000 ns	     44603	800093d0	022b2333	mulhsu	x6,x22,x2	 x22:0x9a07254c  x2:0x00000000  x6=0x00000000
     446075.000 ns	     44606	800093d4	c018aa53	fcvt.wu.s	x20,f17	 f17:0x379baa24 x20=0x00000001
     446445.000 ns	     44643	800093d8	03d2fc33	remu	x24,x5,x29	  x5:0x00000002 x29:0x00000001 x24=0x00000000
     446465.000 ns	     44645	800093dc	a204d2b7	lui	x5,0xa204d	  x5=0xa204d000
     446485.000 ns	     44647	800093e0	d00bfad3	fcvt.s.w	f21,x23	 x23:0x00000001 f21=0x3f800000
     446515.000 ns	     44650	800093e4	a0118f53	fle.s	x30,f3,f1	  f3:0x7fc00000  f1:0x00000000 x30=0x00000000
     446545.000 ns	     44653	800093e8	c0024c53	fcvt.w.s	x24,f4	  f4:0x00000000 x24=0x00000000
     447725.000 ns	     44771	800093ec	5808fed3	fsqrt.s	f29,f17	 f17:0x379baa24 f29=0x3b0d27ca
     447755.000 ns	     44774	800093f0	28f200d3	fmin.s	f1,f4,f15	  f4:0x00000000 f15:0xc26a9775  f1=0xc26a9775
     447775.000 ns	     44776	800093f4	001eeeb3	or	x29,x29,x1	 x29:0x00000001  x1:0x00000000 x29=0x00000001
     447805.000 ns	     44779	800093f8	5800f1d3	fsqrt.s	f3,f1	  f1:0xc26a9775  f3=0x7fc00000
     447845.000 ns	     44783	800093fc	198bae53	fdiv.s	f28,f23,f24	 f23:0x00000000 f24:0x00000000 f28=0x7fc00000
     447865.000 ns	     44785	80009400	eaafa237	lui	x4,0xeaafa	  x4=0xeaafa000
     447875.000 ns	     44786	80009404	40698c33	sub	x24,x19,x6	 x19:0x80040fe5  x6:0x00000000 x24=0x80040fe5
     447895.000 ns	     44788	80009408	e00c16d3	fclass.s	x13,f24	 f24:0x00000000 x13=0x00000010
     447925.000 ns	     44791	8000940c	216f88d3	fsgnj.s	f17,f31,f22	 f31:0x426a9776 f22:0x7fc00000 f17=0x426a9776
     447975.000 ns	     44796	80009410	08217c53	fsub.s	f24,f2,f2	  f2:0xc26a9775  f2:0xc26a9775 f24=0x00000000
     448025.000 ns	     44801	80009414	09c5b6d3	fsub.s	f13,f11,f28	 f11:0x426a9774 f28:0x7fc00000 f13=0x7fc00000
     448045.000 ns	     44803	80009418	00005413	srli	x8,x0,0x0	  x0:0x00000000  x8=0x00000000
     448065.000 ns	     44805	8000941c	c0164dd3	fcvt.wu.s	x27,f12	 f12:0x00000000 x27=0x00000000
     448105.000 ns	     44809	80009420	10c37cd3	fmul.s	f25,f6,f12	  f6:0x00000000 f12:0x00000000 f25=0x00000000
     448475.000 ns	     44846	80009424	03a34433	div	x8,x6,x26	  x6:0x00000000 x26:0x00000001  x8=0x00000000
     448495.000 ns	     44848	80009428	409950b3	sra	x1,x18,x9	 x18:0x00000000  x9:0x80040fe4  x1=0x00000000
     448515.000 ns	     44850	8000942c	02f6e9b3	rem	x19,x13,x15	 x13:0x00000010 x15:0x00000000 x19=0x00000010
     448535.000 ns	     44852	80009430	01722d13	slti	x26,x4,23	  x4:0xeaafa000 x26=0x00000001
     448545.000 ns	     44853	80009434	009f9d33	sll	x26,x31,x9	 x31:0x00000001  x9:0x80040fe4 x26=0x00000010
     448555.000 ns	     44854	80009438	01746bb3	or	x23,x8,x23	  x8:0x00000000 x23:0x00000001 x23=0x00000001
     448565.000 ns	     44855	8000943c	416301b3	sub	x3,x6,x22	  x6:0x00000000 x22:0x9a07254c  x3=0x65f8dab4
     448575.000 ns	     44856	80009440	016d5313	srli	x6,x26,0x16	 x26:0x00000010  x6=0x00000000
     448935.000 ns	     44892	80009444	02ab57b3	divu	x15,x22,x10	 x22:0x9a07254c x10:0x00000076 x15=0x014e2989
     448975.000 ns	     44896	80009448	114a7453	fmul.s	f8,f20,f20	 f20:0x7fc00000 f20:0x7fc00000  f8=0x7fc00000
     449005.000 ns	     44899	8000944c	f00b07d3	fmv.w.x	f15,x22	 x22:0x9a07254c f15=0x9a07254c
     449025.000 ns	     44901	80009450	0109e133	or	x2,x19,x16	 x19:0x00000010 x16:0x00000000  x2=0x00000010
     449065.000 ns	     44905	80009454	09887b53	fsub.s	f22,f16,f24	 f16:0x00000000 f24:0x00000000 f22=0x80000000
     449095.000 ns	     44908	80009458	02633bb3	mulhu	x23,x6,x6	  x6:0x00000000  x6:0x00000000 x23=0x00000000
     449115.000 ns	     44910	8000945c	7a860b13	addi	x22,x12,1960	 x12:0xfffffd46 x22=0x000004ee
     449135.000 ns	     44912	80009460	a0151553	flt.s	x10,f10,f1	 f10:0x426a9774  f1:0xc26a9775 x10=0x00000000
     449165.000 ns	     44915	80009464	a1f30653	fle.s	x12,f6,f31	  f6:0x00000000 f31:0x426a9776 x12=0x00000001
     449185.000 ns	     44917	80009468	5b63ff13	andi	x30,x7,1462	  x7:0x00000000 x30=0x00000000
     449205.000 ns	     44919	8000946c	e0010153	fmv.x.w	x2,f2	  f2:0xc26a9775  x2=0xc26a9775
     449255.000 ns	     44924	80009470	09b1f853	fsub.s	f16,f3,f27	  f3:0x7fc00000 f27:0x00000000 f16=0x7fc00000
     449275.000 ns	     44926	80009474	d33b6613	ori	x12,x22,-717	 x22:0x000004ee x12=0xfffffdff
     449295.000 ns	     44928	80009478	d01293d3	fcvt.s.wu	f7,x5	  x5:0xa204d000  f7=0x4f2204d0
     449325.000 ns	     44931	8000947c	0203c2b3	div	x5,x7,x0	  x7:0x00000000  x0:0x00000000  x5=0xffffffff
     449355.000 ns	     44934	80009480	d0151553	fcvt.s.wu	f10,x10	 x10:0x00000000 f10=0x00000000
     449385.000 ns	     44937	80009484	a0248553	fle.s	x10,f9,f2	  f9:0x80000000  f2:0xc26a9775 x10=0x00000000
     449415.000 ns	     44940	80009488	032e4bb3	div	x23,x28,x18	 x28:0x00000000 x18:0x00000000 x23=0xffffffff
     449435.000 ns	     44942	8000948c	40dc56b3	sra	x13,x24,x13	 x24:0x80040fe5 x13:0x00000010 x13=0xffff8004
     449455.000 ns	     44944	80009490	031f4eb3	div	x29,x30,x17	 x30:0x00000000 x17:0x00000000 x29=0xffffffff
     449475.000 ns	     44946	80009494	40d9d9b3	sra	x19,x19,x13	 x19:0x00000010 x13:0x00000010 x19=0x00000001
     449485.000 ns	     44947	80009498	41938133	sub	x2,x7,x25	  x7:0x00000000 x25:0x9a07254c  x2=0x65f8dab4
     449505.000 ns	     44949	8000949c	a11c22d3	feq.s	x5,f24,f17	 f24:0x00000000 f17:0x426a9776  x5=0x00000000
     449535.000 ns	     44952	800094a0	03e9eb33	rem	x22,x19,x30	 x19:0x00000001 x30:0x00000000 x22=0x00000001
     449565.000 ns	     44955	800094a4	03483b33	mulhu	x22,x16,x20	 x16:0x00000000 x20:0x00000001 x22=0x00000000
     449585.000 ns	     44957	800094a8	015f9993	slli	x19,x31,0x15	 x31:0x00000001 x19=0x00200000
     449595.000 ns	     44958	800094ac	79698593	addi	x11,x19,1942	 x19:0x00000001 x11=0x00200796
     449605.000 ns	     44959	800094b0	e6b695b7	lui	x11,0xe6b69	 x11=0xe6b69000
     449645.000 ns	     44963	800094b4	08b87b53	fsub.s	f22,f16,f11	 f16:0x7fc00000 f11:0x426a9774 f22=0x7fc00000
     449685.000 ns	     44967	800094b8	10b27053	fmul.s	f0,f4,f11	  f4:0x00000000 f11:0x426a9774  f0=0x00000000
     449715.000 ns	     44970	800094bc	03caff33	remu	x30,x21,x28	 x21:0x80041024 x28:0x00000000 x30=0x80041024
     449735.000 ns	     44972	800094c0	00d3ff33	and	x30,x7,x13	  x7:0x00000000 x13:0xffff8004 x30=0x00000000
     449745.000 ns	     44973	800094c4	8ebc0117	auipc	x2,0x8ebc0	  x2=0x0ebc94c4
     449755.000 ns	     44974	800094c8	00014bb3	xor	x23,x2,x0	  x2:0x65f8dab4  x0:0x00000000 x23=0x0ebc94c4
     449775.000 ns	     44976	800094cc	d0007ad3	fcvt.s.w	f21,x0	  x0:0x00000000 f21=0x00000000
     449795.000 ns	     44978	800094d0	01e3fbb3	and	x23,x7,x30	  x7:0x00000000 x30:0x00000000 x23=0x00000000
     449815.000 ns	     44980	800094d4	a0f42a53	feq.s	x20,f8,f15	  f8:0x7fc00000 f15:0x9a07254c x20=0x00000000
     449835.000 ns	     44982	800094d8	48987517	auipc	x10,0x48987	 x10=0xc89904d8
     449845.000 ns	     44983	800094dc	00f5ee33	or	x28,x11,x15	 x11:0xe6b69000 x15:0x014e2989 x28=0xe7feb989
     450205.000 ns	     45019	800094e0	02c64eb3	div	x29,x12,x12	 x12:0xfffffdff x12:0xfffffdff x29=0x00000001
     450255.000 ns	     45024	800094e4	0982fed3	fsub.s	f29,f5,f24	  f5:0x00000000 f24:0x00000000 f29=0x80000000
     450275.000 ns	     45026	800094e8	411c5413	srai	x8,x24,0x11	 x24:0x80040fe5  x8=0xffffc002
     450295.000 ns	     45028	800094ec	03051e33	mulh	x28,x10,x16	 x10:0xc89904d8 x16:0x00000000 x28=0x00000000
     450315.000 ns	     45030	800094f0	002c4f33	xor	x30,x24,x2	 x24:0x80040fe5  x2:0x0ebc94c4 x30=0x8eb89b21
     450325.000 ns	     45031	800094f4	00000013	addi	x0,x0,0	  x0:0x00000000
     450345.000 ns	     45033	800094f8	e0089653	fclass.s	x12,f17	 f17:0x426a9776 x12=0x00000040
     450365.000 ns	     45035	800094fc	01ab43b3	xor	x7,x22,x26	 x22:0x00000000 x26:0x00000010  x7=0x00000010
     450385.000 ns	     45037	80009500	036e13b3	mulh	x7,x28,x22	 x28:0x00000000 x22:0x00000000  x7=0x00000000
     450405.000 ns	     45039	80009504	a3e3f013	andi	x0,x7,-1474	  x7:0x00000000
     450415.000 ns	     45040	80009508	41ba02b3	sub	x5,x20,x27	 x20:0x00000000 x27:0x00000000  x5=0x00000000
     450425.000 ns	     45041	8000950c	403b0bb3	sub	x23,x22,x3	 x22:0x00000000  x3:0x65f8dab4 x23=0x9a07254c
     450785.000 ns	     45077	80009510	0229fdb3	remu	x27,x19,x2	 x19:0x00200000  x2:0x0ebc94c4 x27=0x00200000
     450805.000 ns	     45079	80009514	01643db3	sltu	x27,x8,x22	  x8:0xffffc002 x22:0x00000000 x27=0x00000000
     450825.000 ns	     45081	80009518	a140a153	feq.s	x2,f1,f20	  f1:0xc26a9775 f20:0x7fc00000  x2=0x00000000
     450855.000 ns	     45084	8000951c	20621b53	fsgnjn.s	f22,f4,f6	  f4:0x00000000  f6:0x00000000 f22=0x80000000
     450885.000 ns	     45087	80009520	0367c833	div	x16,x15,x22	 x15:0x014e2989 x22:0x00000000 x16=0xffffffff
     450915.000 ns	     45090	80009524	e0038353	fmv.x.w	x6,f7	  f7:0x4f2204d0  x6=0x4f2204d0
     450935.000 ns	     45092	80009528	405c07b3	sub	x15,x24,x5	 x24:0x80040fe5  x5:0x00000000 x15=0x80040fe5
     450955.000 ns	     45094	8000952c	03c593b3	mulh	x7,x11,x28	 x11:0xe6b69000 x28:0x00000000  x7=0x00000000
     450985.000 ns	     45097	80009530	a1c681d3	fle.s	x3,f13,f28	 f13:0x7fc00000 f28:0x7fc00000  x3=0x00000000
     451005.000 ns	     45099	80009534	9a81f0b7	lui	x1,0x9a81f	  x1=0x9a81f000
     451025.000 ns	     45101	80009538	20e899d3	fsgnjn.s	f19,f17,f14	 f17:0x426a9776 f14:0x80000000 f19=0x426a9776
     451055.000 ns	     45104	8000953c	286f8d53	fmin.s	f26,f31,f6	 f31:0x426a9776  f6:0x00000000 f26=0x00000000
     451075.000 ns	     45106	80009540	408d5413	srai	x8,x26,0x8	 x26:0x00000010  x8=0x00000000
     451095.000 ns	     45108	80009544	a1b49153	flt.s	x2,f9,f27	  f9:0x80000000 f27:0x00000000  x2=0x00000000
     451115.000 ns	     45110	80009548	5ab76c13	ori	x24,x14,1451	 x14:0x00000000 x24=0x000005ab
     451135.000 ns	     45112	8000954c	e00c9f53	fclass.s	x30,f25	 f25:0x00000000 x30=0x00000010
     451155.000 ns	     45114	80009550	01285e13	srli	x28,x16,0x12	 x16:0xffffffff x28=0x00003fff
     451175.000 ns	     45116	80009554	20592a53	fsgnjx.s	f20,f18,f5	 f18:0x80000000  f5:0x00000000 f20=0x80000000
     451215.000 ns	     45120	80009558	19d0be53	fdiv.s	f28,f1,f29	  f1:0xc26a9775 f29:0x80000000 f28=0x7f800000
     451245.000 ns	     45123	8000955c	29f30b53	fmin.s	f22,f6,f31	  f6:0x00000000 f31:0x426a9776 f22=0x00000000
     451265.000 ns	     45125	80009560	0087d1b3	srl	x3,x15,x8	 x15:0x80040fe5  x8:0x00000000  x3=0x80040fe5
     451275.000 ns	     45126	80009564	40db57b3	sra	x15,x22,x13	 x22:0x00000000 x13:0xffff8004 x15=0x00000000
     451285.000 ns	     45127	80009568	416a56b3	sra	x13,x20,x22	 x20:0x00000000 x22:0x00000000 x13=0x00000000
     451295.000 ns	     45128	8000956c	00429fb3	sll	x31,x5,x4	  x5:0x00000000  x4:0xeaafa000 x31=0x00000000
     451315.000 ns	     45130	80009570	a0cc0d53	fle.s	x26,f24,f12	 f24:0x00000000 f12:0x00000000 x26=0x00000001
     451345.000 ns	     45133	80009574	027c8833	mul	x16,x25,x7	 x25:0x9a07254c  x7:0x00000000 x16=0x00000000
     451375.000 ns	     45136	80009578	03bb0233	mul	x4,x22,x27	 x22:0x00000000 x27:0x00000000  x4=0x00000000
     451395.000 ns	     45138	8000957c	012ad513	srli	x10,x21,0x12	 x21:0x80041024 x10=0x00002001
     451435.000 ns	     45142	80009580	00de9553	fadd.s	f10,f29,f13	 f29:0x80000000 f13:0x7fc00000 f10=0x7fc00000
     451455.000 ns	     45144	80009584	0101df93	srli	x31,x3,0x10	  x3:0x80040fe5 x31=0x00008004
     451475.000 ns	     45146	80009588	a16ea2d3	feq.s	x5,f29,f22	 f29:0x80000000 f22:0x00000000  x5=0x00000001
     451495.000 ns	     45148	8000958c	018ca6b3	slt	x13,x25,x24	 x25:0x9a07254c x24:0x000005ab x13=0x00000001
     451515.000 ns	     45150	80009590	20c01353	fsgnjn.s	f6,f0,f12	  f0:0x00000000 f12:0x00000000  f6=0x80000000
     451535.000 ns	     45152	80009594	5a836713	ori	x14,x6,1448	  x6:0x4f2204d0 x14=0x4f2205f8
     451555.000 ns	     45154	80009598	c0107853	fcvt.wu.s	x16,f0	  f0:0x00000000 x16=0x00000000
     451925.000 ns	     45191	8000959c	02a4e933	rem	x18,x9,x10	  x9:0x80040fe4 x10:0x00002001 x18=0xffffefa3
     453105.000 ns	     45309	800095a0	5805fcd3	fsqrt.s	f25,f11	 f11:0x426a9774 f25=0x40a5e19b
     453135.000 ns	     45312	800095a4	a1fc8c53	fle.s	x24,f25,f31	 f25:0x00000000 f31:0x426a9776 x24=0x00000001
     453175.000 ns	     45316	800095a8	19c17b53	fdiv.s	f22,f2,f28	  f2:0xc26a9775 f28:0x7f800000 f22=0x80000000
     453205.000 ns	     45319	800095ac	21650ad3	fsgnj.s	f21,f10,f22	 f10:0x7fc00000 f22:0x00000000 f21=0xffc00000
     453235.000 ns	     45322	800095b0	f00009d3	fmv.w.x	f19,x0	  x0:0x00000000 f19=0x00000000
     453255.000 ns	     45324	800095b4	a46a1837	lui	x16,0xa46a1	 x16=0xa46a1000
     453275.000 ns	     45326	800095b8	a0941053	flt.s	x0,f8,f9	  f8:0x7fc00000  f9:0x80000000
     453305.000 ns	     45329	800095bc	02f193b3	mulh	x7,x3,x15	  x3:0x80040fe5 x15:0x00000000  x7=0x00000000
     453325.000 ns	     45331	800095c0	a5296913	ori	x18,x18,-1454	 x18:0xffffefa3 x18=0xfffffff3
     453335.000 ns	     45332	800095c4	016e02b3	add	x5,x28,x22	 x28:0x00003fff x22:0x00000000  x5=0x00003fff
     453355.000 ns	     45334	800095c8	f00503d3	fmv.w.x	f7,x10	 x10:0x00002001  f7=0x00002001
     453725.000 ns	     45371	800095cc	0396ec33	rem	x24,x13,x25	 x13:0x00000001 x25:0x9a07254c x24=0x00000001
     453755.000 ns	     45374	800095d0	d018b553	fcvt.s.wu	f10,x17	 x17:0x00000000 f10=0x00000000
     453785.000 ns	     45377	800095d4	a04ba2d3	feq.s	x5,f23,f4	 f23:0x00000000  f4:0x00000000  x5=0x00000001
     453835.000 ns	     45382	800095d8	00167853	fadd.s	f16,f12,f1	 f12:0x00000000  f1:0xc26a9775 f16=0xc26a9775
     453865.000 ns	     45385	800095dc	28a803d3	fmin.s	f7,f16,f10	 f16:0x7fc00000 f10:0x00000000  f7=0xc26a9775
     453895.000 ns	     45388	800095e0	a02929d3	feq.s	x19,f18,f2	 f18:0x80000000  f2:0xc26a9775 x19=0x00000000
     453915.000 ns	     45390	800095e4	00906533	or	x10,x0,x9	  x0:0x00000000  x9:0x80040fe4 x10=0x80040fe4
     453925.000 ns	     45391	800095e8	d23cb793	sltiu	x15,x25,-733	 x25:0x9a07254c x15=0x00000001
     453945.000 ns	     45393	800095ec	0280f7b3	remu	x15,x1,x8	  x1:0x9a81f000  x8:0x00000000 x15=0x9a81f000
     454315.000 ns	     45430	800095f0	03f9f533	remu	x10,x19,x31	 x19:0x00000000 x31:0x00008004 x10=0x00000000
     454335.000 ns	     45432	800095f4	a01eca37	lui	x20,0xa01ec	 x20=0xa01ec000
     454355.000 ns	     45434	800095f8	280115d3	fmax.s	f11,f2,f0	  f2:0xc26a9775  f0:0x00000000 f11=0x00000000
     454375.000 ns	     45436	800095fc	01f68433	add	x8,x13,x31	 x13:0x00000001 x31:0x00008004  x8=0x00008005
     454385.000 ns	     45437	80009600	017341b3	xor	x3,x6,x23	  x6:0x4f2204d0 x23:0x9a07254c  x3=0xd525219c
     454395.000 ns	     45438	80009604	00000013	addi	x0,x0,0	  x0:0x00000000
     454405.000 ns	     45439	80009608	d6313f93	sltiu	x31,x2,-669	  x2:0x00000000 x31=0x00000001
     454425.000 ns	     45441	8000960c	d0048253	fcvt.s.w	f4,x9	  x9:0x80040fe4  f4=0xcefff7e0
     454455.000 ns	     45444	80009610	033b2533	mulhsu	x10,x22,x19	 x22:0x00000000 x19:0x00000000 x10=0x00000000
     454825.000 ns	     45481	80009614	02b872b3	remu	x5,x16,x11	 x16:0xa46a1000 x11:0xe6b69000  x5=0xa46a1000
     454865.000 ns	     45485	80009618	580df553	fsqrt.s	f10,f27	 f27:0x00000000 f10=0x00000000
     454895.000 ns	     45488	8000961c	d0098c53	fcvt.s.w	f24,x19	 x19:0x00000000 f24=0x00000000
     454915.000 ns	     45490	80009620	0170afb3	slt	x31,x1,x23	  x1:0x9a81f000 x23:0x9a07254c x31=0x00000000
     454935.000 ns	     45492	80009624	03157eb3	remu	x29,x10,x17	 x10:0x00000000 x17:0x00000000 x29=0x00000000
     454955.000 ns	     45494	80009628	4085df13	srai	x30,x11,0x8	 x11:0xe6b69000 x30=0xffe6b690
     454965.000 ns	     45495	8000962c	013d2b33	slt	x22,x26,x19	 x26:0x00000001 x19:0x00000000 x22=0x00000000
     454985.000 ns	     45497	80009630	03d15633	divu	x12,x2,x29	  x2:0x00000000 x29:0x00000000 x12=0xffffffff
     455015.000 ns	     45500	80009634	03912b33	mulhsu	x22,x2,x25	  x2:0x00000000 x25:0x9a07254c x22=0x00000000
     455065.000 ns	     45505	80009638	004304d3	fadd.s	f9,f6,f4	  f6:0x80000000  f4:0xcefff7e0  f9=0xcefff7e0
     455085.000 ns	     45507	8000963c	00000013	addi	x0,x0,0	  x0:0x00000000
     455095.000 ns	     45508	80009640	d6317013	andi	x0,x2,-669	  x2:0x00000000
     455115.000 ns	     45510	80009644	d00b2553	fcvt.s.w	f10,x22	 x22:0x00000000 f10=0x00000000
     455145.000 ns	     45513	80009648	03d61eb3	mulh	x29,x12,x29	 x12:0xffffffff x29:0x00000000 x29=0x00000000
     455165.000 ns	     45515	8000964c	014657b3	srl	x15,x12,x20	 x12:0xffffffff x20:0xa01ec000 x15=0xffffffff
     455185.000 ns	     45517	80009650	e0091bd3	fclass.s	x23,f18	 f18:0x80000000 x23=0x00000008
     455205.000 ns	     45519	80009654	002193b3	sll	x7,x3,x2	  x3:0xd525219c  x2:0x00000000  x7=0xd525219c
     455215.000 ns	     45520	80009658	861f6c13	ori	x24,x30,-1951	 x30:0xffe6b690 x24=0xfffffef1
     455225.000 ns	     45521	8000965c	b3b33b93	sltiu	x23,x6,-1221	  x6:0x4f2204d0 x23=0x00000001
     455255.000 ns	     45524	80009660	181dffd3	fdiv.s	f31,f27,f1	 f27:0x00000000  f1:0xc26a9775 f31=0x80000000
     455285.000 ns	     45527	80009664	030e1033	mulh	x0,x28,x16	 x28:0x00003fff x16:0xa46a1000
     455315.000 ns	     45530	80009668	28238553	fmin.s	f10,f7,f2	  f7:0xc26a9775  f2:0xc26a9775 f10=0xc26a9775
     455335.000 ns	     45532	8000966c	41acdb33	sra	x22,x25,x26	 x25:0x9a07254c x26:0x00000001 x22=0xcd0392a6
     455355.000 ns	     45534	80009670	02c33633	mulhu	x12,x6,x12	  x6:0x4f2204d0 x12:0xffffffff x12=0x4f2204cf
     455375.000 ns	     45536	80009674	46260613	addi	x12,x12,1122	 x12:0xffffffff x12=0x4f220931
     455735.000 ns	     45572	80009678	03626733	rem	x14,x4,x22	  x4:0x00000000 x22:0xcd0392a6 x14=0x00000000
     455755.000 ns	     45574	8000967c	00000013	addi	x0,x0,0	  x0:0x00000000
     456115.000 ns	     45610	80009680	0254d2b3	divu	x5,x9,x5	  x9:0x80040fe4  x5:0xa46a1000  x5=0x00000000
     456145.000 ns	     45613	80009684	c01a8e53	fcvt.wu.s	x28,f21	 f21:0xffc00000 x28=0xffffffff
     456175.000 ns	     45616	80009688	d01ef253	fcvt.s.wu	f4,x29	 x29:0x00000000  f4=0x00000000
     456205.000 ns	     45619	8000968c	e0009453	fclass.s	x8,f1	  f1:0xc26a9775  x8=0x00000002
     456225.000 ns	     45621	80009690	0056c7b3	xor	x15,x13,x5	 x13:0x00000001  x5:0x00000000 x15=0x00000001
     456235.000 ns	     45622	80009694	ff8a8013	addi	x0,x21,-8	 x21:0x80041024
     456595.000 ns	     45658	80009698	032f5933	divu	x18,x30,x18	 x30:0xffe6b690 x18:0xfffffff3 x18=0x00000000
     456615.000 ns	     45660	8000969c	a43b7593	andi	x11,x22,-1469	 x22:0xcd0392a6 x11=0xcd039202
     456635.000 ns	     45662	800096a0	28598ad3	fmin.s	f21,f19,f5	 f19:0x00000000  f5:0x00000000 f21=0x00000000
     456665.000 ns	     45665	800096a4	a1d02253	feq.s	x4,f0,f29	  f0:0x00000000 f29:0x80000000  x4=0x00000001
     456685.000 ns	     45667	800096a8	009cca33	xor	x20,x25,x9	 x25:0x9a07254c  x9:0x80040fe4 x20=0x1a032aa8
     456705.000 ns	     45669	800096ac	02e28133	mul	x2,x5,x14	  x5:0x00000000 x14:0x00000000  x2=0x00000000
     456725.000 ns	     45671	800096b0	00b680b3	add	x1,x13,x11	 x13:0x00000001 x11:0xcd039202  x1=0xcd039203
     456735.000 ns	     45672	800096b4	a2de7e13	andi	x28,x28,-1491	 x28:0xffffffff x28=0xfffffa2d
     456755.000 ns	     45674	800096b8	29df8253	fmin.s	f4,f31,f29	 f31:0x80000000 f29:0x80000000  f4=0x80000000
     456775.000 ns	     45676	800096bc	009be133	or	x2,x23,x9	 x23:0x00000001  x9:0x80040fe4  x2=0x80040fe5
     456785.000 ns	     45677	800096c0	fbfc8693	addi	x13,x25,-65	 x25:0x9a07254c x13=0x9a07250b
     456795.000 ns	     45678	800096c4	41785713	srai	x14,x16,0x17	 x16:0xa46a1000 x14=0xffffff48
     456805.000 ns	     45679	800096c8	00acc7b3	xor	x15,x25,x10	 x25:0x9a07254c x10:0x00000000 x15=0x9a07254c
     456815.000 ns	     45680	800096cc	add93c13	sltiu	x24,x18,-1315	 x18:0x00000000 x24=0x00000001
     456835.000 ns	     45682	800096d0	d00674d3	fcvt.s.w	f9,x12	 x12:0x4f220931  f9=0x4e9e4412
     456855.000 ns	     45684	800096d4	e94aa613	slti	x12,x21,-364	 x21:0x80041024 x12=0x00000001
     457215.000 ns	     45720	800096d8	037dec33	rem	x24,x27,x23	 x27:0x00000000 x23:0x00000001 x24=0x00000000
     457255.000 ns	     45724	800096dc	19a48653	fdiv.s	f12,f9,f26	  f9:0x4e9e4412 f26:0x00000000 f12=0x7f800000
     457625.000 ns	     45761	800096e0	03aafeb3	remu	x29,x21,x26	 x21:0x80041024 x26:0x00000001 x29=0x00000000
     457645.000 ns	     45763	800096e4	01b36133	or	x2,x6,x27	  x6:0x4f2204d0 x27:0x00000000  x2=0x4f2204d0
     457665.000 ns	     45765	800096e8	a1b22353	feq.s	x6,f4,f27	  f4:0x80000000 f27:0x00000000  x6=0x00000001
     457715.000 ns	     45770	800096ec	016b7fd3	fadd.s	f31,f22,f22	 f22:0x80000000 f22:0x80000000 f31=0x80000000
     457735.000 ns	     45772	800096f0	00941013	slli	x0,x8,0x9	  x8:0x00000002
     457775.000 ns	     45776	800096f4	083aa653	fsub.s	f12,f21,f3	 f21:0x00000000  f3:0x7fc00000 f12=0x7fc00000
     457805.000 ns	     45779	800096f8	02a6f833	remu	x16,x13,x10	 x13:0x9a07250b x10:0x00000000 x16=0x9a07250b
     457835.000 ns	     45782	800096fc	03d57233	remu	x4,x10,x29	 x10:0x00000000 x29:0x00000000  x4=0x00000000
     457855.000 ns	     45784	80009700	418f5793	srai	x15,x30,0x18	 x30:0xffe6b690 x15=0xffffffff
     457875.000 ns	     45786	80009704	f00901d3	fmv.w.x	f3,x18	 x18:0x00000000  f3=0x00000000
     457905.000 ns	     45789	80009708	c00d4f53	fcvt.w.s	x30,f26	 f26:0x00000000 x30=0x00000000
     457935.000 ns	     45792	8000970c	a1ddabd3	feq.s	x23,f27,f29	 f27:0x00000000 f29:0x80000000 x23=0x00000001
     457955.000 ns	     45794	80009710	b12b4d13	xori	x26,x22,-1262	 x22:0xcd0392a6 x26=0x32fc69b4
     457985.000 ns	     45797	80009714	10872bd3	fmul.s	f23,f14,f8	 f14:0x80000000  f8:0x7fc00000 f23=0x7fc00000
     458005.000 ns	     45799	80009718	00d5e8b3	or	x17,x11,x13	 x11:0xcd039202 x13:0x9a07250b x17=0xdf07b70b
     458015.000 ns	     45800	8000971c	41315b93	srai	x23,x2,0x13	  x2:0x4f2204d0 x23=0x000009e4
     458035.000 ns	     45802	80009720	29ef9cd3	fmax.s	f25,f31,f30	 f31:0x80000000 f30:0xc26a9775 f25=0x80000000
     458405.000 ns	     45839	80009724	02bf4833	div	x16,x30,x11	 x30:0x00000000 x11:0xcd039202 x16=0x00000000
     458425.000 ns	     45841	80009728	e3636b93	ori	x23,x6,-458	  x6:0x00000001 x23=0xfffffe37
     458435.000 ns	     45842	8000972c	ac403613	sltiu	x12,x0,-1340	  x0:0x00000000 x12=0x00000001
     458445.000 ns	     45843	80009730	018357b3	srl	x15,x6,x24	  x6:0x00000001 x24:0x00000000 x15=0x00000001
     458465.000 ns	     45845	80009734	29bb9cd3	fmax.s	f25,f23,f27	 f23:0x7fc00000 f27:0x00000000 f25=0x00000000
     458835.000 ns	     45882	80009738	0227de33	divu	x28,x15,x2	 x15:0xffffffff  x2:0x4f2204d0 x28=0x00000000
     458855.000 ns	     45884	8000973c	01f21c13	slli	x24,x4,0x1f	  x4:0x00000000 x24=0x00000000
     458865.000 ns	     45885	80009740	dee2ae93	slti	x29,x5,-530	  x5:0x00000000 x29=0x00000000
     459225.000 ns	     45921	80009744	02c142b3	div	x5,x2,x12	  x2:0x4f2204d0 x12:0x00000001  x5=0x4f2204d0
     459245.000 ns	     45923	80009748	4133deb3	sra	x29,x7,x19	  x7:0xd525219c x19:0x00000000 x29=0xd525219c
     459255.000 ns	     45924	8000974c	7eae6613	ori	x12,x28,2026	 x28:0x00000000 x12=0x000007ea
     459275.000 ns	     45926	80009750	f0018d53	fmv.w.x	f26,x3	  x3:0xd525219c f26=0xd525219c
     459295.000 ns	     45928	80009754	00f206b3	add	x13,x4,x15	  x4:0x00000000 x15:0x00000001 x13=0x00000001
     459305.000 ns	     45929	80009758	40738f33	sub	x30,x7,x7	  x7:0xd525219c  x7:0xd525219c x30=0x00000000
     459325.000 ns	     45931	8000975c	c0194253	fcvt.wu.s	x4,f18	 f18:0x80000000  x4=0x00000000
     459345.000 ns	     45933	80009760	01a7ec33	or	x24,x15,x26	 x15:0x00000001 x26:0x32fc69b4 x24=0x32fc69b5
     459365.000 ns	     45935	80009764	21dbaad3	fsgnjx.s	f21,f23,f29	 f23:0x7fc00000 f29:0x80000000 f21=0xffc00000
     459405.000 ns	     45939	80009768	58027d53	fsqrt.s	f26,f4	  f4:0x80000000 f26=0x80000000
     459425.000 ns	     45941	8000976c	00000013	addi	x0,x0,0	  x0:0x00000000
     459455.000 ns	     45944	80009770	193b4f53	fdiv.s	f30,f22,f19	 f22:0x80000000 f19:0x00000000 f30=0x7fc00000
     459495.000 ns	     45948	80009774	580cf453	fsqrt.s	f8,f25	 f25:0x00000000  f8=0x00000000
     459865.000 ns	     45985	80009778	03a3d033	divu	x0,x7,x26	  x7:0xd525219c x26:0x32fc69b4
     459885.000 ns	     45987	8000977c	017f1d13	slli	x26,x30,0x17	 x30:0x00000000 x26=0x00000000
     459895.000 ns	     45988	80009780	00fe56b3	srl	x13,x28,x15	 x28:0x00000000 x15:0x00000001 x13=0x00000000
     459905.000 ns	     45989	80009784	00ed7eb3	and	x29,x26,x14	 x26:0x32fc69b4 x14:0xffffff48 x29=0x00000000
     459925.000 ns	     45991	80009788	e00d8f53	fmv.x.w	x30,f27	 f27:0x00000000 x30=0x00000000
     459965.000 ns	     45995	8000978c	580bfe53	fsqrt.s	f28,f23	 f23:0x7fc00000 f28=0x7fc00000
     459985.000 ns	     45997	80009790	00000013	addi	x0,x0,0	  x0:0x00000000
     459995.000 ns	     45998	80009794	41095533	sra	x10,x18,x16	 x18:0x00000000 x16:0x00000000 x10=0x00000000
     460015.000 ns	     46000	80009798	e00690d3	fclass.s	x1,f13	 f13:0x7fc00000  x1=0x00000200
     460045.000 ns	     46003	8000979c	c0137bd3	fcvt.wu.s	x23,f6	  f6:0x80000000 x23=0x00000000
     460075.000 ns	     46006	800097a0	a18a2253	feq.s	x4,f20,f24	 f20:0x80000000 f24:0x00000000  x4=0x00000001
     460095.000 ns	     46008	800097a4	a701c193	xori	x3,x3,-1424	  x3:0xd525219c  x3=0x2adadbec
     460105.000 ns	     46009	800097a8	0e3f3e93	sltiu	x29,x30,227	 x30:0x00000000 x29=0x00000001
     460115.000 ns	     46010	800097ac	008989b3	add	x19,x19,x8	 x19:0x00000000  x8:0x00000002 x19=0x00000002
     460125.000 ns	     46011	800097b0	01eccbb3	xor	x23,x25,x30	 x25:0x9a07254c x30:0x00000000 x23=0x9a07254c
     460135.000 ns	     46012	800097b4	c9747b37	lui	x22,0xc9747	 x22=0xc9747000
     460175.000 ns	     46016	800097b8	0955f4d3	fsub.s	f9,f11,f21	 f11:0x00000000 f21:0xffc00000  f9=0x7fc00000
     460195.000 ns	     46018	800097bc	6b640393	addi	x7,x8,1718	  x8:0x00000002  x7=0x000006b8
     460205.000 ns	     46019	800097c0	6132cf37	lui	x30,0x6132c	 x30=0x6132c000
     460215.000 ns	     46020	800097c4	00ea58b3	srl	x17,x20,x14	 x20:0x1a032aa8 x14:0xffffff48 x17=0x001a032a
     460225.000 ns	     46021	800097c8	00000013	addi	x0,x0,0	  x0:0x00000000
     460245.000 ns	     46023	800097cc	02b4bd33	mulhu	x26,x9,x11	  x9:0x80040fe4 x11:0xcd039202 x26=0x668509c9
     460615.000 ns	     46060	800097d0	0258c7b3	div	x15,x17,x5	 x17:0x001a032a  x5:0x4f2204d0 x15=0x00000000
     460645.000 ns	     46063	800097d4	28600753	fmin.s	f14,f0,f6	  f0:0x00000000  f6:0x80000000 f14=0x80000000
     460665.000 ns	     46065	800097d8	d1a447b7	lui	x15,0xd1a44	 x15=0xd1a44000
     460675.000 ns	     46066	800097dc	40f95433	sra	x8,x18,x15	 x18:0x00000000 x15:0x00000000  x8=0x00000000
     460685.000 ns	     46067	800097e0	236f7d13	andi	x26,x30,566	 x30:0x6132c000 x26=0x00000000
     460695.000 ns	     46068	800097e4	00000013	addi	x0,x0,0	  x0:0x00000000
     460705.000 ns	     46069	800097e8	0037fa33	and	x20,x15,x3	 x15:0xd1a44000  x3:0x2adadbec x20=0x00804000
     460725.000 ns	     46071	800097ec	21999653	fsgnjn.s	f12,f19,f25	 f19:0x00000000 f25:0x00000000 f12=0x80000000
     460745.000 ns	     46073	800097f0	10ba7c13	andi	x24,x20,267	 x20:0x1a032aa8 x24=0x00000000
     460765.000 ns	     46075	800097f4	e00a0853	fmv.x.w	x16,f20	 f20:0x80000000 x16=0x80000000
     460785.000 ns	     46077	800097f8	00000013	addi	x0,x0,0	  x0:0x00000000
     460795.000 ns	     46078	800097fc	40e3db13	srai	x22,x7,0xe	  x7:0x000006b8 x22=0x00000000
     460815.000 ns	     46080	80009800	c0197253	fcvt.wu.s	x4,f18	 f18:0x80000000  x4=0x00000000
     461185.000 ns	     46117	80009804	03486b33	rem	x22,x16,x20	 x16:0x80000000 x20:0x00804000 x22=0xffbfc000
     461235.000 ns	     46122	80009808	09fe32d3	fsub.s	f5,f28,f31	 f28:0x7fc00000 f31:0x80000000  f5=0x7fc00000
     461255.000 ns	     46124	8000980c	01d41713	slli	x14,x8,0x1d	  x8:0x00000000 x14=0x00000000
     461265.000 ns	     46125	80009810	22a8e993	ori	x19,x17,554	 x17:0x001a032a x19=0x001a032a
     461275.000 ns	     46126	80009814	520b8813	addi	x16,x23,1312	 x23:0x9a07254c x16=0x9a072a6c
     461285.000 ns	     46127	80009818	011c8d33	add	x26,x25,x17	 x25:0x9a07254c x17:0x001a032a x26=0x9a212876
     461295.000 ns	     46128	8000981c	017b1e33	sll	x28,x22,x23	 x22:0xffbfc000 x23:0x9a07254c x28=0xfc000000
     461315.000 ns	     46130	80009820	205918d3	fsgnjn.s	f17,f18,f5	 f18:0x80000000  f5:0x7fc00000 f17=0x80000000
     461335.000 ns	     46132	80009824	406adb33	sra	x22,x21,x6	 x21:0x80041024  x6:0x00000001 x22=0xc0020812
     461345.000 ns	     46133	80009828	40ac0733	sub	x14,x24,x10	 x24:0x00000000 x10:0x00000000 x14=0x00000000
     461365.000 ns	     46135	8000982c	d0048753	fcvt.s.w	f14,x9	  x9:0x80040fe4 f14=0xcefff7e0
     461405.000 ns	     46139	80009830	101fbed3	fmul.s	f29,f31,f1	 f31:0x80000000  f1:0xc26a9775 f29=0x00000000
     461425.000 ns	     46141	80009834	018bb333	sltu	x6,x23,x24	 x23:0x9a07254c x24:0x00000000  x6=0x00000000
     461435.000 ns	     46142	80009838	01e407b3	add	x15,x8,x30	  x8:0x00000000 x30:0x6132c000 x15=0x6132c000
     461445.000 ns	     46143	8000983c	75c94917	auipc	x18,0x75c94	 x18=0xf5c9d83c
     461455.000 ns	     46144	80009840	01ca53b3	srl	x7,x20,x28	 x20:0x00804000 x28:0xfc000000  x7=0x00804000
     461465.000 ns	     46145	80009844	00c11bb3	sll	x23,x2,x12	  x2:0x4f2204d0 x12:0x000007ea x23=0x88134000
     461485.000 ns	     46147	80009848	29ed9a53	fmax.s	f20,f27,f30	 f27:0x00000000 f30:0x7fc00000 f20=0x00000000
     461525.000 ns	     46151	8000984c	116039d3	fmul.s	f19,f0,f22	  f0:0x00000000 f22:0x80000000 f19=0x80000000
     461555.000 ns	     46154	80009850	038811b3	mulh	x3,x16,x24	 x16:0x9a072a6c x24:0x00000000  x3=0x00000000
     461585.000 ns	     46157	80009854	e0049853	fclass.s	x16,f9	  f9:0x7fc00000 x16=0x00000200
     461605.000 ns	     46159	80009858	00000013	addi	x0,x0,0	  x0:0x00000000
     461615.000 ns	     46160	8000985c	00000013	addi	x0,x0,0	  x0:0x00000000
     461625.000 ns	     46161	80009860	b53c2b13	slti	x22,x24,-1197	 x24:0x00000000 x22=0x00000000
     461645.000 ns	     46163	80009864	a14ead53	feq.s	x26,f29,f20	 f29:0x00000000 f20:0x00000000 x26=0x00000001
     461665.000 ns	     46165	80009868	9c19f813	andi	x16,x19,-1599	 x19:0x001a032a x16=0x001a0100
     461695.000 ns	     46168	8000986c	10b378d3	fmul.s	f17,f6,f11	  f6:0x80000000 f11:0x00000000 f17=0x80000000
     461715.000 ns	     46170	80009870	40fdd8b3	sra	x17,x27,x15	 x27:0x00000000 x15:0x6132c000 x17=0x00000000
     461755.000 ns	     46174	80009874	09aac5d3	fsub.s	f11,f21,f26	 f21:0xffc00000 f26:0x80000000 f11=0x7fc00000
     461785.000 ns	     46177	80009878	0315b633	mulhu	x12,x11,x17	 x11:0xcd039202 x17:0x001a032a x12=0x00000000
     461805.000 ns	     46179	8000987c	fdcc8c13	addi	x24,x25,-36	 x25:0x9a07254c x24=0x9a072528
     461825.000 ns	     46181	80009880	c010fa53	fcvt.wu.s	x20,f1	  f1:0xc26a9775 x20=0x0000003a
     461855.000 ns	     46184	80009884	d015c8d3	fcvt.s.wu	f17,x11	 x11:0xcd039202 f17=0x4f4d0392
     461885.000 ns	     46187	80009888	a0fd22d3	feq.s	x5,f26,f15	 f26:0x80000000 f15:0x9a07254c  x5=0x00000000
     461905.000 ns	     46189	8000988c	40730c33	sub	x24,x6,x7	  x6:0x00000000  x7:0x00804000 x24=0xff7fc000
     461925.000 ns	     46191	80009890	a1a58353	fle.s	x6,f11,f26	 f11:0x7fc00000 f26:0x80000000  x6=0x00000000
     461975.000 ns	     46196	80009894	0985ffd3	fsub.s	f31,f11,f24	 f11:0x7fc00000 f24:0x00000000 f31=0x7fc00000
     462005.000 ns	     46199	80009898	03b136b3	mulhu	x13,x2,x27	  x2:0x4f2204d0 x27:0x00000000 x13=0x00000000
     462025.000 ns	     46201	8000989c	e6c5fb13	andi	x22,x11,-404	 x11:0xcd039202 x22=0xcd039200
     462035.000 ns	     46202	800098a0	0169d5b3	srl	x11,x19,x22	 x19:0x001a032a x22:0x00000000 x11=0x001a032a
     462045.000 ns	     46203	800098a4	18ff9bb7	lui	x23,0x18ff9	 x23=0x18ff9000
     462065.000 ns	     46205	800098a8	0389a833	mulhsu	x16,x19,x24	 x19:0x001a032a x24:0xff7fc000 x16=0x0019f621
     462085.000 ns	     46207	800098ac	f0d36697	auipc	x13,0xf0d36	 x13=0x70d3f8ac
     462105.000 ns	     46209	800098b0	028b65b3	rem	x11,x22,x8	 x22:0xcd039200  x8:0x00000000 x11=0xcd039200
     462125.000 ns	     46211	800098b4	0023e233	or	x4,x7,x2	  x7:0x00804000  x2:0x4f2204d0  x4=0x4fa244d0
     462135.000 ns	     46212	800098b8	01e76533	or	x10,x14,x30	 x14:0x00000000 x30:0x6132c000 x10=0x6132c000
     462155.000 ns	     46214	800098bc	e00d8e53	fmv.x.w	x28,f27	 f27:0x00000000 x28=0x00000000
     462185.000 ns	     46217	800098c0	28f389d3	fmin.s	f19,f7,f15	  f7:0xc26a9775 f15:0x9a07254c f19=0xc26a9775
     462235.000 ns	     46222	800098c4	00a3cdd3	fadd.s	f27,f7,f10	  f7:0xc26a9775 f10:0xc26a9775 f27=0xc2ea9775
     462285.000 ns	     46227	800098c8	09162153	fsub.s	f2,f12,f17	 f12:0x80000000 f17:0x4f4d0392  f2=0xcf4d0392
     462335.000 ns	     46232	800098cc	0066c053	fadd.s	f0,f13,f6	 f13:0x7fc00000  f6:0x80000000  f0=0x7fc00000
     462355.000 ns	     46234	800098d0	227ff593	andi	x11,x31,551	 x31:0x00000000 x11=0x00000000
     462375.000 ns	     46236	800098d4	280b1bd3	fmax.s	f23,f22,f0	 f22:0x80000000  f0:0x7fc00000 f23=0x80000000
     462405.000 ns	     46239	800098d8	02656c33	rem	x24,x10,x6	 x10:0x6132c000  x6:0x00000000 x24=0x6132c000
     462425.000 ns	     46241	800098dc	dd45fb93	andi	x23,x11,-556	 x11:0x00000000 x23=0x00000000
     462435.000 ns	     46242	800098e0	413a8db3	sub	x27,x21,x19	 x21:0x80041024 x19:0x001a032a x27=0x7fea0cfa
     462765.000 ns	     46275	800098e4	1827fa53	fdiv.s	f20,f15,f2	 f15:0x9a07254c  f2:0xcf4d0392 f20=0x0a07254c
     462785.000 ns	     46277	800098e8	009103b3	add	x7,x2,x9	  x2:0x4f2204d0  x9:0x80040fe4  x7=0xcf2614b4
     462805.000 ns	     46279	800098ec	d0157dd3	fcvt.s.wu	f27,x10	 x10:0x6132c000 f27=0x4ec26580
     462845.000 ns	     46283	800098f0	580e0453	fsqrt.s	f8,f28	 f28:0x7fc00000  f8=0x7fc00000
     462865.000 ns	     46285	800098f4	01605533	srl	x10,x0,x22	  x0:0x00000000 x22:0xcd039200 x10=0x00000000
     462885.000 ns	     46287	800098f8	e00600d3	fmv.x.w	x1,f12	 f12:0x80000000  x1=0x80000000
     462915.000 ns	     46290	800098fc	02502133	mulhsu	x2,x0,x5	  x0:0x00000000  x5:0x00000000  x2=0x00000000
     462935.000 ns	     46292	80009900	63536793	ori	x15,x6,1589	  x6:0x00000000 x15=0x00000635
     462955.000 ns	     46294	80009904	0207f1b3	remu	x3,x15,x0	 x15:0x6132c000  x0:0x00000000  x3=0x00000635
     462985.000 ns	     46297	80009908	212923d3	fsgnjx.s	f7,f18,f18	 f18:0x80000000 f18:0x80000000  f7=0x00000000
     463025.000 ns	     46301	8000990c	10d68f53	fmul.s	f30,f13,f13	 f13:0x7fc00000 f13:0x7fc00000 f30=0x7fc00000
     463045.000 ns	     46303	80009910	0169b733	sltu	x14,x19,x22	 x19:0x001a032a x22:0xcd039200 x14=0x00000001
     463065.000 ns	     46305	80009914	21f78953	fsgnj.s	f18,f15,f31	 f15:0x9a07254c f31:0x7fc00000 f18=0x1a07254c
     463095.000 ns	     46308	80009918	020a4333	div	x6,x20,x0	 x20:0x0000003a  x0:0x00000000  x6=0xffffffff
     463115.000 ns	     46310	8000991c	0036e733	or	x14,x13,x3	 x13:0x70d3f8ac  x3:0x00000635 x14=0x70d3febd
     463125.000 ns	     46311	80009920	01508bb3	add	x23,x1,x21	  x1:0x80000000 x21:0x80041024 x23=0x00041024
     463135.000 ns	     46312	80009924	017e9993	slli	x19,x29,0x17	 x29:0x00000001 x19=0x00800000
     463155.000 ns	     46314	80009928	c0170453	fcvt.wu.s	x8,f14	 f14:0xcefff7e0  x8=0x7ffbf000
     463185.000 ns	     46317	8000992c	03dcb7b3	mulhu	x15,x25,x29	 x25:0x9a07254c x29:0x00000001 x15=0x00000000
     463215.000 ns	     46320	80009930	29f49753	fmax.s	f14,f9,f31	  f9:0x7fc00000 f31:0x7fc00000 f14=0x7fc00000
     463235.000 ns	     46322	80009934	01601113	slli	x2,x0,0x16	  x0:0x00000000  x2=0x00000000
     463245.000 ns	     46323	80009938	f3900db7	lui	x27,0xf3900	 x27=0xf3900000
     463265.000 ns	     46325	8000993c	c019f653	fcvt.wu.s	x12,f19	 f19:0xc26a9775 x12=0x0000003a
     463285.000 ns	     46327	80009940	01961a33	sll	x20,x12,x25	 x12:0x00000000 x25:0x9a07254c x20=0x0003a000
     463295.000 ns	     46328	80009944	21653293	sltiu	x5,x10,534	 x10:0x00000000  x5=0x00000001
     463655.000 ns	     46364	80009948	02546c33	rem	x24,x8,x5	  x8:0x7ffbf000  x5:0x00000000 x24=0x00000000
     463675.000 ns	     46366	8000994c	fa00ed93	ori	x27,x1,-96	  x1:0x80000000 x27=0xffffffa0
     463695.000 ns	     46368	80009950	21479ad3	fsgnjn.s	f21,f15,f20	 f15:0x9a07254c f20:0x0a07254c f21=0x9a07254c
     463725.000 ns	     46371	80009954	d0134ed3	fcvt.s.wu	f29,x6	  x6:0xffffffff f29=0x4f800000
     463745.000 ns	     46373	80009958	40835433	sra	x8,x6,x8	  x6:0xffffffff  x8:0x7ffbf000  x8=0xffffffff
     463765.000 ns	     46375	8000995c	02e70d33	mul	x26,x14,x14	 x14:0x70d3febd x14:0x70d3febd x26=0x49099789
     463805.000 ns	     46379	80009960	580ffbd3	fsqrt.s	f23,f31	 f31:0x7fc00000 f23=0x7fc00000
     463835.000 ns	     46382	80009964	e00f92d3	fclass.s	x5,f31	 f31:0x7fc00000  x5=0x00000200
     463865.000 ns	     46385	80009968	a06b9bd3	flt.s	x23,f23,f6	 f23:0x7fc00000  f6:0x80000000 x23=0x00000000
     463895.000 ns	     46388	8000996c	a0c629d3	feq.s	x19,f12,f12	 f12:0x80000000 f12:0x80000000 x19=0x00000001
     463915.000 ns	     46390	80009970	016e42b3	xor	x5,x28,x22	 x28:0x00000000 x22:0xcd039200  x5=0xcd039200
     463925.000 ns	     46391	80009974	0035aa33	slt	x20,x11,x3	 x11:0x00000000  x3:0x00000635 x20=0x00000001
     463935.000 ns	     46392	80009978	56438e13	addi	x28,x7,1380	  x7:0xcf2614b4 x28=0xcf261a18
     463945.000 ns	     46393	8000997c	6b9e6f13	ori	x30,x28,1721	 x28:0x00000000 x30=0xcf261eb9
     464305.000 ns	     46429	80009980	030670b3	remu	x1,x12,x16	 x12:0x0000003a x16:0x0019f621  x1=0x0000003a
     464325.000 ns	     46431	80009984	01b87433	and	x8,x16,x27	 x16:0x0019f621 x27:0xffffffa0  x8=0x0019f620
     464335.000 ns	     46432	80009988	0096dfb3	srl	x31,x13,x9	 x13:0x70d3f8ac  x9:0x80040fe4 x31=0x070d3f8a
     464375.000 ns	     46436	8000998c	0876a953	fsub.s	f18,f13,f7	 f13:0x7fc00000  f7:0x00000000 f18=0x7fc00000
     464745.000 ns	     46473	80009990	021cfe33	remu	x28,x25,x1	 x25:0x9a07254c  x1:0x0000003a x28=0x0000000e
     464775.000 ns	     46476	80009994	e0080753	fmv.x.w	x14,f16	 f16:0xc26a9775 x14=0xc26a9775
     465145.000 ns	     46513	80009998	023dd3b3	divu	x7,x27,x3	 x27:0xffffffa0  x3:0x00000635  x7=0x00293e59
     465165.000 ns	     46515	8000999c	0014edb3	or	x27,x9,x1	  x9:0x80040fe4  x1:0x0000003a x27=0x80040ffe
     465185.000 ns	     46517	800099a0	03be37b3	mulhu	x15,x28,x27	 x28:0x0000000e x27:0xffffffa0 x15=0x00000007
     465205.000 ns	     46519	800099a4	40123093	sltiu	x1,x4,1025	  x4:0x4fa244d0  x1=0x00000000
     465225.000 ns	     46521	800099a8	03ec0333	mul	x6,x24,x30	 x24:0x00000000 x30:0xcf261eb9  x6=0x00000000
     465245.000 ns	     46523	800099ac	418482b3	sub	x5,x9,x24	  x9:0x80040fe4 x24:0x00000000  x5=0x80040fe4
     465275.000 ns	     46526	800099b0	10bd73d3	fmul.s	f7,f26,f11	 f26:0x80000000 f11:0x7fc00000  f7=0x7fc00000
     465645.000 ns	     46563	800099b4	02d9c133	div	x2,x19,x13	 x19:0x00000001 x13:0x70d3f8ac  x2=0x00000000
     465675.000 ns	     46566	800099b8	21420253	fsgnj.s	f4,f4,f20	  f4:0x80000000 f20:0x0a07254c  f4=0x00000000
     465715.000 ns	     46570	800099bc	18c089d3	fdiv.s	f19,f1,f12	  f1:0xc26a9775 f12:0x80000000 f19=0x7f800000
     465745.000 ns	     46573	800099c0	20ab1a53	fsgnjn.s	f20,f22,f10	 f22:0x80000000 f10:0xc26a9775 f20=0x00000000
     465765.000 ns	     46575	800099c4	a245e213	ori	x4,x11,-1500	 x11:0x00000000  x4=0xfffffa24
     465785.000 ns	     46577	800099c8	d01df153	fcvt.s.wu	f2,x27	 x27:0x80040ffe  f2=0x4f00040f
     465815.000 ns	     46580	800099cc	03177933	remu	x18,x14,x17	 x14:0xc26a9775 x17:0x00000000 x18=0xc26a9775
     465845.000 ns	     46583	800099d0	a1130fd3	fle.s	x31,f6,f17	  f6:0x80000000 f17:0x4f4d0392 x31=0x00000001
     465865.000 ns	     46585	800099d4	00709233	sll	x4,x1,x7	  x1:0x00000000  x7:0x00293e59  x4=0x00000000
     465875.000 ns	     46586	800099d8	014a5e93	srli	x29,x20,0x14	 x20:0x00000001 x29=0x00000000
     465895.000 ns	     46588	800099dc	28d91d53	fmax.s	f26,f18,f13	 f18:0x7fc00000 f13:0x7fc00000 f26=0x7fc00000
     465935.000 ns	     46592	800099e0	11fd7753	fmul.s	f14,f26,f31	 f26:0x80000000 f31:0x7fc00000 f14=0x7fc00000
     465955.000 ns	     46594	800099e4	3c687193	andi	x3,x16,966	 x16:0x0019f621  x3=0x00000200
     465965.000 ns	     46595	800099e8	82393713	sltiu	x14,x18,-2013	 x18:0xc26a9775 x14=0x00000001
     465995.000 ns	     46598	800099ec	58067dd3	fsqrt.s	f27,f12	 f12:0x80000000 f27=0x80000000
     466025.000 ns	     46601	800099f0	a0ff8553	fle.s	x10,f31,f15	 f31:0x7fc00000 f15:0x9a07254c x10=0x00000000
     466045.000 ns	     46603	800099f4	0152a8b3	slt	x17,x5,x21	  x5:0x80040fe4 x21:0x80041024 x17=0x00000001
     466055.000 ns	     46604	800099f8	01777733	and	x14,x14,x23	 x14:0x00000001 x23:0x00000000 x14=0x00000000
     466065.000 ns	     46605	800099fc	01b8aeb3	slt	x29,x17,x27	 x17:0x00000000 x27:0x80040ffe x29=0x00000000
     466075.000 ns	     46606	80009a00	40068e13	addi	x28,x13,1024	 x13:0x70d3f8ac x28=0x70d3fcac
     466095.000 ns	     46608	80009a04	a0d320d3	feq.s	x1,f6,f13	  f6:0x80000000 f13:0x7fc00000  x1=0x00000000
     466125.000 ns	     46611	80009a08	02463433	mulhu	x8,x12,x4	 x12:0x0000003a  x4:0x00000000  x8=0x00000000
     466145.000 ns	     46613	80009a0c	e72cf593	andi	x11,x25,-398	 x25:0x9a07254c x11=0x9a072440
     466165.000 ns	     46615	80009a10	f00503d3	fmv.w.x	f7,x10	 x10:0x00000000  f7=0x00000000
     466185.000 ns	     46617	80009a14	00000013	addi	x0,x0,0	  x0:0x00000000
     466205.000 ns	     46619	80009a18	a1cc1853	flt.s	x16,f24,f28	 f24:0x00000000 f28:0x7fc00000 x16=0x00000000
     466255.000 ns	     46624	80009a1c	00873ad3	fadd.s	f21,f14,f8	 f14:0x7fc00000  f8:0x7fc00000 f21=0x7fc00000
     466625.000 ns	     46661	80009a20	03bfc533	div	x10,x31,x27	 x31:0x00000001 x27:0x80040ffe x10=0x00000000
     466655.000 ns	     46664	80009a24	20d386d3	fsgnj.s	f13,f7,f13	  f7:0x00000000 f13:0x7fc00000 f13=0x00000000
     466675.000 ns	     46666	80009a28	00a12d33	slt	x26,x2,x10	  x2:0x00000000 x10:0x00000000 x26=0x00000000
     466685.000 ns	     46667	80009a2c	b84ea993	slti	x19,x29,-1148	 x29:0x00000000 x19=0x00000000
     466695.000 ns	     46668	80009a30	00000013	addi	x0,x0,0	  x0:0x00000000
     466705.000 ns	     46669	80009a34	00eade93	srli	x29,x21,0xe	 x21:0x80041024 x29=0x00020010
     466745.000 ns	     46673	80009a38	09420cd3	fsub.s	f25,f4,f20	  f4:0x00000000 f20:0x00000000 f25=0x80000000
     466765.000 ns	     46675	80009a3c	ad82a413	slti	x8,x5,-1320	  x5:0x80040fe4  x8=0x00000001
     466775.000 ns	     46676	80009a40	002dda13	srli	x20,x27,0x2	 x27:0x80040ffe x20=0x200103ff
     466805.000 ns	     46679	80009a44	18337e53	fdiv.s	f28,f6,f3	  f6:0x80000000  f3:0x00000000 f28=0x7fc00000
     466835.000 ns	     46682	80009a48	03f70033	mul	x0,x14,x31	 x14:0x00000000 x31:0x00000001
     466855.000 ns	     46684	80009a4c	00000013	addi	x0,x0,0	  x0:0x00000000
     466865.000 ns	     46685	80009a50	d484c893	xori	x17,x9,-696	  x9:0x80040fe4 x17=0x7ffbf2ac
     466885.000 ns	     46687	80009a54	d01db853	fcvt.s.wu	f16,x27	 x27:0x80040ffe f16=0x4f000410
     467255.000 ns	     46724	80009a58	03b74c33	div	x24,x14,x27	 x14:0x00000000 x27:0x80040ffe x24=0x00000000
     467285.000 ns	     46727	80009a5c	c015ffd3	fcvt.wu.s	x31,f11	 f11:0x7fc00000 x31=0xffffffff
     467305.000 ns	     46729	80009a60	001ed793	srli	x15,x29,0x1	 x29:0x00020010 x15=0x00010008
     467315.000 ns	     46730	80009a64	68898d93	addi	x27,x19,1672	 x19:0x00000000 x27=0x00000688
     467325.000 ns	     46731	80009a68	478f6513	ori	x10,x30,1144	 x30:0xcf261eb9 x10=0xcf261ef9
     467335.000 ns	     46732	80009a6c	4050d6b3	sra	x13,x1,x5	  x1:0x00000000  x5:0x80040fe4 x13=0x00000000
     467345.000 ns	     46733	80009a70	57238113	addi	x2,x7,1394	  x7:0x00293e59  x2=0x002943cb
     467355.000 ns	     46734	80009a74	0142cbb3	xor	x23,x5,x20	  x5:0x80040fe4 x20:0x200103ff x23=0xa0050c1b
     467365.000 ns	     46735	80009a78	01ef9093	slli	x1,x31,0x1e	 x31:0xffffffff  x1=0xc0000000
     467385.000 ns	     46737	80009a7c	21a30e53	fsgnj.s	f28,f6,f26	  f6:0x80000000 f26:0x7fc00000 f28=0x00000000
     467415.000 ns	     46740	80009a80	210c8353	fsgnj.s	f6,f25,f16	 f25:0x80000000 f16:0x4f000410  f6=0x00000000
     467435.000 ns	     46742	80009a84	41c7d813	srai	x16,x15,0x1c	 x15:0x00010008 x16=0x00000000
     467795.000 ns	     46778	80009a88	032b79b3	remu	x19,x22,x18	 x22:0xcd039200 x18:0xc26a9775 x19=0x0a98fa8b
     467825.000 ns	     46781	80009a8c	a0be0fd3	fle.s	x31,f28,f11	 f28:0x00000000 f11:0x7fc00000 x31=0x00000000
     467845.000 ns	     46783	80009a90	65ca7613	andi	x12,x20,1628	 x20:0x200103ff x12=0x0000025c
     467855.000 ns	     46784	80009a94	01026433	or	x8,x4,x16	  x4:0x00000000 x16:0x00000000  x8=0x00000000
     467865.000 ns	     46785	80009a98	82c5ae37	lui	x28,0x82c5a	 x28=0x82c5a000
     467875.000 ns	     46786	80009a9c	015953b3	srl	x7,x18,x21	 x18:0xc26a9775 x21:0x80041024  x7=0x0c26a977
     467895.000 ns	     46788	80009aa0	c01f9c53	fcvt.wu.s	x24,f31	 f31:0x7fc00000 x24=0xffffffff
     468265.000 ns	     46825	80009aa4	0224d233	divu	x4,x9,x2	  x9:0x80040fe4  x2:0x002943cb  x4=0x0000031a
     468285.000 ns	     46827	80009aa8	002837b3	sltu	x15,x16,x2	 x16:0x00000000  x2:0x002943cb x15=0x00000001
     468295.000 ns	     46828	80009aac	40c50133	sub	x2,x10,x12	 x10:0xcf261ef9 x12:0x0000025c  x2=0xcf261c9d
     468315.000 ns	     46830	80009ab0	21e61453	fsgnjn.s	f8,f12,f30	 f12:0x80000000 f30:0x7fc00000  f8=0x80000000
     468345.000 ns	     46833	80009ab4	205782d3	fsgnj.s	f5,f15,f5	 f15:0x9a07254c  f5:0x7fc00000  f5=0x1a07254c
     468375.000 ns	     46836	80009ab8	e00f0fd3	fmv.x.w	x31,f30	 f30:0x7fc00000 x31=0x7fc00000
     468405.000 ns	     46839	80009abc	c0057553	fcvt.w.s	x10,f10	 f10:0xc26a9775 x10=0x0000003a
     468425.000 ns	     46841	80009ac0	00000013	addi	x0,x0,0	  x0:0x00000000
     468445.000 ns	     46843	80009ac4	21b42653	fsgnjx.s	f12,f8,f27	  f8:0x80000000 f27:0x80000000 f12=0x00000000
     468465.000 ns	     46845	80009ac8	c8897413	andi	x8,x18,-888	 x18:0xc26a9775  x8=0xc26a9400
     468485.000 ns	     46847	80009acc	29281353	fmax.s	f6,f16,f18	 f16:0x4f000410 f18:0x7fc00000  f6=0x4f000410
     468515.000 ns	     46850	80009ad0	c01b3753	fcvt.wu.s	x14,f22	 f22:0x80000000 x14=0x00000000
     468535.000 ns	     46852	80009ad4	40c9df13	srai	x30,x19,0xc	 x19:0x0a98fa8b x30=0x0000a98f
     468555.000 ns	     46854	80009ad8	21d4a353	fsgnjx.s	f6,f9,f29	  f9:0x7fc00000 f29:0x4f800000  f6=0x7fc00000
     468585.000 ns	     46857	80009adc	0398a033	mulhsu	x0,x17,x25	 x17:0x7ffbf2ac x25:0x9a07254c
     468605.000 ns	     46859	80009ae0	c11a8417	auipc	x8,0xc11a8	  x8=0x411b1ae0
     468625.000 ns	     46861	80009ae4	200001d3	fsgnj.s	f3,f0,f0	  f0:0x7fc00000  f0:0x7fc00000  f3=0x7fc00000
     468645.000 ns	     46863	80009ae8	018c5713	srli	x14,x24,0x18	 x24:0xffffffff x14=0x000000ff
     468655.000 ns	     46864	80009aec	0122b7b3	sltu	x15,x5,x18	  x5:0x80040fe4 x18:0xc26a9775 x15=0x00000001
     468665.000 ns	     46865	80009af0	0117d013	srli	x0,x15,0x11	 x15:0x00000001
     468675.000 ns	     46866	80009af4	005151b3	srl	x3,x2,x5	  x2:0xcf261c9d  x5:0x80040fe4  x3=0x0cf261c9
     468685.000 ns	     46867	80009af8	856f5597	auipc	x11,0x856f5	 x11=0x056feaf8
     468705.000 ns	     46869	80009afc	02d7a5b3	mulhsu	x11,x15,x13	 x15:0x00000001 x13:0x00000000 x11=0x00000000
     468745.000 ns	     46873	80009b00	103ff853	fmul.s	f16,f31,f3	 f31:0x7fc00000  f3:0x7fc00000 f16=0x7fc00000
     468775.000 ns	     46876	80009b04	a1531f53	flt.s	x30,f6,f21	  f6:0x7fc00000 f21:0x7fc00000 x30=0x00000000
     468795.000 ns	     46878	80009b08	00088c33	add	x24,x17,x0	 x17:0x7ffbf2ac  x0:0x00000000 x24=0x7ffbf2ac
     468815.000 ns	     46880	80009b0c	032d2eb3	mulhsu	x29,x26,x18	 x26:0x00000000 x18:0xc26a9775 x29=0x00000000
     468845.000 ns	     46883	80009b10	03f48eb3	mul	x29,x9,x31	  x9:0x80040fe4 x31:0x7fc00000 x29=0x07000000
     468875.000 ns	     46886	80009b14	031495b3	mulh	x11,x9,x17	  x9:0x80040fe4 x17:0x7ffbf2ac x11=0xc0040e8b
     468895.000 ns	     46888	80009b18	8d9fbe93	sltiu	x29,x31,-1831	 x31:0x7fc00000 x29=0x00000001
     468915.000 ns	     46890	80009b1c	024b0533	mul	x10,x22,x4	 x22:0xcd039200  x4:0x0000031a x10=0xdd12d400
     468935.000 ns	     46892	80009b20	8aa67d93	andi	x27,x12,-1878	 x12:0x0000025c x27=0x00000008
     468945.000 ns	     46893	80009b24	00000013	addi	x0,x0,0	  x0:0x00000000
     468965.000 ns	     46895	80009b28	20b89153	fsgnjn.s	f2,f17,f11	 f17:0x4f4d0392 f11:0x7fc00000  f2=0xcf4d0392
     468985.000 ns	     46897	80009b2c	ca6d8093	addi	x1,x27,-858	 x27:0x00000008  x1=0xfffffcae
     469025.000 ns	     46901	80009b30	0974a353	fsub.s	f6,f9,f23	  f9:0x7fc00000 f23:0x7fc00000  f6=0x7fc00000
     469045.000 ns	     46903	80009b34	faebf713	andi	x14,x23,-82	 x23:0xa0050c1b x14=0xa0050c0a
     469065.000 ns	     46905	80009b38	02dc83b3	mul	x7,x25,x13	 x25:0x9a07254c x13:0x00000000  x7=0x00000000
     469095.000 ns	     46908	80009b3c	29388cd3	fmin.s	f25,f17,f19	 f17:0x4f4d0392 f19:0x7f800000 f25=0x4f4d0392
     469125.000 ns	     46911	80009b40	d019cf53	fcvt.s.wu	f30,x19	 x19:0x0a98fa8b f30=0x4d298fa9
     469145.000 ns	     46913	80009b44	007d6333	or	x6,x26,x7	 x26:0x00000000  x7:0x00000000  x6=0x00000000
     469175.000 ns	     46916	80009b48	108bf653	fmul.s	f12,f23,f8	 f23:0x7fc00000  f8:0x80000000 f12=0x7fc00000
     469545.000 ns	     46953	80009b4c	0221d2b3	divu	x5,x3,x2	  x3:0x0cf261c9  x2:0xcf261c9d  x5=0x00000000
     469575.000 ns	     46956	80009b50	d011f053	fcvt.s.wu	f0,x3	  x3:0x0cf261c9  f0=0x4d4f261c
     469605.000 ns	     46959	80009b54	d009ab53	fcvt.s.w	f22,x19	 x19:0x0a98fa8b f22=0x4d298fa9
     469625.000 ns	     46961	80009b58	00a453b3	srl	x7,x8,x10	  x8:0x411b1ae0 x10:0xdd12d400  x7=0x411b1ae0
     469665.000 ns	     46965	80009b5c	01787453	fadd.s	f8,f16,f23	 f16:0x7fc00000 f23:0x7fc00000  f8=0x7fc00000
     470035.000 ns	     47002	80009b60	03b1c433	div	x8,x3,x27	  x3:0x0cf261c9 x27:0x00000008  x8=0x019e4c39
     470055.000 ns	     47004	80009b64	01d1ab33	slt	x22,x3,x29	  x3:0x0cf261c9 x29:0x00000001 x22=0x00000000
     470095.000 ns	     47008	80009b68	006e0453	fadd.s	f8,f28,f6	 f28:0x00000000  f6:0x7fc00000  f8=0x7fc00000
     470115.000 ns	     47010	80009b6c	3e6fd317	auipc	x6,0x3e6fd	  x6=0xbe706b6c
     470125.000 ns	     47011	80009b70	00115093	srli	x1,x2,0x1	  x2:0xcf261c9d  x1=0x67930e4e
     470135.000 ns	     47012	80009b74	00cef633	and	x12,x29,x12	 x29:0x00000001 x12:0x0000025c x12=0x00000000
     470165.000 ns	     47015	80009b78	188709d3	fdiv.s	f19,f14,f8	 f14:0x7fc00000  f8:0x7fc00000 f19=0x7fc00000
     470195.000 ns	     47018	80009b7c	d01378d3	fcvt.s.wu	f17,x6	  x6:0xbe706b6c f17=0x4f3e706b
     470245.000 ns	     47023	80009b80	09cef653	fsub.s	f12,f29,f28	 f29:0x4f800000 f28:0x00000000 f12=0x4f800000
     470265.000 ns	     47025	80009b84	9cf1c893	xori	x17,x3,-1585	  x3:0x0cf261c9 x17=0xf30d9806
     470285.000 ns	     47027	80009b88	d00bcdd3	fcvt.s.w	f27,x23	 x23:0xa0050c1b f27=0xcebff5e8
     470315.000 ns	     47030	80009b8c	f0088d53	fmv.w.x	f26,x17	 x17:0x7ffbf2ac f26=0xf30d9806
     470335.000 ns	     47032	80009b90	00d40b33	add	x22,x8,x13	  x8:0x019e4c39 x13:0x00000000 x22=0x019e4c39
     470355.000 ns	     47034	80009b94	282f1453	fmax.s	f8,f30,f2	 f30:0x4d298fa9  f2:0xcf4d0392  f8=0x4d298fa9
     470375.000 ns	     47036	80009b98	01451b33	sll	x22,x10,x20	 x10:0xdd12d400 x20:0x200103ff x22=0x00000000
     470395.000 ns	     47038	80009b9c	03e2cdb3	div	x27,x5,x30	  x5:0x00000000 x30:0x00000000 x27=0xffffffff
     470765.000 ns	     47075	80009ba0	0239d8b3	divu	x17,x19,x3	 x19:0x0a98fa8b  x3:0x0cf261c9 x17=0x00000000
     470785.000 ns	     47077	80009ba4	4067d593	srai	x11,x15,0x6	 x15:0x00000001 x11=0x00000000
     470805.000 ns	     47079	80009ba8	c0190253	fcvt.wu.s	x4,f18	 f18:0x7fc00000  x4=0xffffffff
     470825.000 ns	     47081	80009bac	40f585b3	sub	x11,x11,x15	 x11:0xc0040e8b x15:0x00000001 x11=0xffffffff
     470845.000 ns	     47083	80009bb0	0223a0b3	mulhsu	x1,x7,x2	  x7:0x411b1ae0  x2:0xcf261c9d  x1=0x34ae9c08
     470865.000 ns	     47085	80009bb4	012b6033	or	x0,x22,x18	 x22:0x00000000 x18:0xc26a9775
     470875.000 ns	     47086	80009bb8	01de5e13	srli	x28,x28,0x1d	 x28:0x82c5a000 x28=0x00000004
     470895.000 ns	     47088	80009bbc	d01c30d3	fcvt.s.wu	f1,x24	 x24:0x7ffbf2ac  f1=0x4efff7e6
     470925.000 ns	     47091	80009bc0	e00a0553	fmv.x.w	x10,f20	 f20:0x00000000 x10=0x00000000
     471295.000 ns	     47128	80009bc4	03717a33	remu	x20,x2,x23	  x2:0xcf261c9d x23:0xa0050c1b x20=0x2f211082
     471325.000 ns	     47131	80009bc8	212b8f53	fsgnj.s	f30,f23,f18	 f23:0x7fc00000 f18:0x7fc00000 f30=0x7fc00000
     471345.000 ns	     47133	80009bcc	40675093	srai	x1,x14,0x6	 x14:0xa0050c0a  x1=0xfe801430
     471365.000 ns	     47135	80009bd0	f0060cd3	fmv.w.x	f25,x12	 x12:0x00000000 f25=0x00000000
     471385.000 ns	     47137	80009bd4	3b99f093	andi	x1,x19,953	 x19:0x0a98fa8b  x1=0x00000289
     471405.000 ns	     47139	80009bd8	c00f7053	fcvt.w.s	x0,f30	 f30:0x7fc00000
     471435.000 ns	     47142	80009bdc	f00d0253	fmv.w.x	f4,x26	 x26:0x00000000  f4=0x00000000
     471455.000 ns	     47144	80009be0	f1926c13	ori	x24,x4,-231	  x4:0xffffffff x24=0xffffffff
     471485.000 ns	     47147	80009be4	58017753	fsqrt.s	f14,f2	  f2:0xcf4d0392 f14=0x7fc00000
     471515.000 ns	     47150	80009be8	a1942953	feq.s	x18,f8,f25	  f8:0x4d298fa9 f25:0x00000000 x18=0x00000000
     471535.000 ns	     47152	80009bec	00000013	addi	x0,x0,0	  x0:0x00000000
     471545.000 ns	     47153	80009bf0	01d1f513	andi	x10,x3,29	  x3:0x0cf261c9 x10=0x00000009
     471555.000 ns	     47154	80009bf4	fcc77013	andi	x0,x14,-52	 x14:0xa0050c0a
     471915.000 ns	     47190	80009bf8	0398f833	remu	x16,x17,x25	 x17:0x00000000 x25:0x9a07254c x16=0x00000000
     471935.000 ns	     47192	80009bfc	0015e933	or	x18,x11,x1	 x11:0xffffffff  x1:0x00000289 x18=0xffffffff
     471945.000 ns	     47193	80009c00	006ff5b3	and	x11,x31,x6	 x31:0x7fc00000  x6:0xbe706b6c x11=0x3e400000
     471965.000 ns	     47195	80009c04	203e2653	fsgnjx.s	f12,f28,f3	 f28:0x00000000  f3:0x7fc00000 f12=0x00000000
     471985.000 ns	     47197	80009c08	00dcb433	sltu	x8,x25,x13	 x25:0x9a07254c x13:0x00000000  x8=0x00000000
     471995.000 ns	     47198	80009c0c	403f5533	sra	x10,x30,x3	 x30:0x00000000  x3:0x0cf261c9 x10=0x00000000
     472025.000 ns	     47201	80009c10	1986cfd3	fdiv.s	f31,f13,f24	 f13:0x00000000 f24:0x00000000 f31=0x7fc00000
     472055.000 ns	     47204	80009c14	f00c80d3	fmv.w.x	f1,x25	 x25:0x9a07254c  f1=0x9a07254c
     472075.000 ns	     47206	80009c18	003d5793	srli	x15,x26,0x3	 x26:0x00000000 x15=0x00000000
     472095.000 ns	     47208	80009c1c	a04118d3	flt.s	x17,f2,f4	  f2:0xcf4d0392  f4:0x00000000 x17=0x00000001
     472115.000 ns	     47210	80009c20	2c824813	xori	x16,x4,712	  x4:0xffffffff x16=0xfffffd37
     472135.000 ns	     47212	80009c24	02a0ddb3	divu	x27,x1,x10	  x1:0x00000289 x10:0x00000000 x27=0xffffffff
     472505.000 ns	     47249	80009c28	0307e433	rem	x8,x15,x16	 x15:0x00000000 x16:0x00000000  x8=0x00000000
     472525.000 ns	     47251	80009c2c	014e5213	srli	x4,x28,0x14	 x28:0x00000004  x4=0x00000000
     472565.000 ns	     47255	80009c30	08ab73d3	fsub.s	f7,f22,f10	 f22:0x4d298fa9 f10:0xc26a9775  f7=0x4d298fac
     472585.000 ns	     47257	80009c34	00094033	xor	x0,x18,x0	 x18:0xffffffff  x0:0x00000000
     472595.000 ns	     47258	80009c38	5dee52b7	lui	x5,0x5dee5	  x5=0x5dee5000
     472605.000 ns	     47259	80009c3c	00318eb3	add	x29,x3,x3	  x3:0x0cf261c9  x3:0x0cf261c9 x29=0x19e4c392
     472615.000 ns	     47260	80009c40	00d262b3	or	x5,x4,x13	  x4:0x00000000 x13:0x00000000  x5=0x00000000
     472655.000 ns	     47264	80009c44	096876d3	fsub.s	f13,f16,f22	 f16:0x7fc00000 f22:0x4d298fa9 f13=0x7fc00000
     472675.000 ns	     47266	80009c48	000c87b3	add	x15,x25,x0	 x25:0x9a07254c  x0:0x00000000 x15=0x9a07254c
     472695.000 ns	     47268	80009c4c	a03498d3	flt.s	x17,f9,f3	  f9:0x7fc00000  f3:0x7fc00000 x17=0x00000000
     472715.000 ns	     47270	80009c50	51894313	xori	x6,x18,1304	 x18:0xffffffff  x6=0xfffffae7
     472725.000 ns	     47271	80009c54	f78c2113	slti	x2,x24,-136	 x24:0xffffffff  x2=0x00000000
     472735.000 ns	     47272	80009c58	0114fc33	and	x24,x9,x17	  x9:0x80040fe4 x17:0x00000000 x24=0x00000000
     472745.000 ns	     47273	80009c5c	44972e93	slti	x29,x14,1097	 x14:0xa0050c0a x29=0x00000001
     472755.000 ns	     47274	80009c60	29533213	sltiu	x4,x6,661	  x6:0xfffffae7  x4=0x00000000
     472775.000 ns	     47276	80009c64	f00b83d3	fmv.w.x	f7,x23	 x23:0xa0050c1b  f7=0xa0050c1b
     472795.000 ns	     47278	80009c68	1df0f193	andi	x3,x1,479	  x1:0x00000289  x3=0x00000089
     472825.000 ns	     47281	80009c6c	187bf7d3	fdiv.s	f15,f23,f7	 f23:0x7fc00000  f7:0xa0050c1b f15=0x7fc00000
     472855.000 ns	     47284	80009c70	a1769bd3	flt.s	x23,f13,f23	 f13:0x7fc00000 f23:0x7fc00000 x23=0x00000000
     472885.000 ns	     47287	80009c74	f00107d3	fmv.w.x	f15,x2	  x2:0x00000000 f15=0x00000000
     472935.000 ns	     47292	80009c78	08233753	fsub.s	f14,f6,f2	  f6:0x7fc00000  f2:0xcf4d0392 f14=0x7fc00000
     472965.000 ns	     47295	80009c7c	033d8733	mul	x14,x27,x19	 x27:0xffffffff x19:0x0a98fa8b x14=0xf5670575
     472985.000 ns	     47297	80009c80	412c8db3	sub	x27,x25,x18	 x25:0x9a07254c x18:0xffffffff x27=0x9a07254d
     473015.000 ns	     47300	80009c84	580df253	fsqrt.s	f4,f27	 f27:0xcebff5e8  f4=0x7fc00000
     473035.000 ns	     47302	80009c88	015405b3	add	x11,x8,x21	  x8:0x00000000 x21:0x80041024 x11=0x80041024
     473395.000 ns	     47338	80009c8c	03f5ea33	rem	x20,x11,x31	 x11:0x3e400000 x31:0x7fc00000 x20=0xffc41024
     473415.000 ns	     47340	80009c90	00736033	or	x0,x6,x7	  x6:0xfffffae7  x7:0x411b1ae0
     473435.000 ns	     47342	80009c94	02080f33	mul	x30,x16,x0	 x16:0xfffffd37  x0:0x00000000 x30=0x00000000
     473475.000 ns	     47346	80009c98	18b0f753	fdiv.s	f14,f1,f11	  f1:0x9a07254c f11:0x7fc00000 f14=0x7fc00000
     473495.000 ns	     47348	80009c9c	0055c833	xor	x16,x11,x5	 x11:0x80041024  x5:0x00000000 x16=0x80041024
     473515.000 ns	     47350	80009ca0	c010f1d3	fcvt.wu.s	x3,f1	  f1:0x9a07254c  x3=0x00000000
     473535.000 ns	     47352	80009ca4	005b16b3	sll	x13,x22,x5	 x22:0x00000000  x5:0x00000000 x13=0x00000000
     473895.000 ns	     47388	80009ca8	034e6433	rem	x8,x28,x20	 x28:0x00000004 x20:0xffc41024  x8=0x00000004
     473915.000 ns	     47390	80009cac	016c1b13	slli	x22,x24,0x16	 x24:0x00000000 x22=0x00000000
     473935.000 ns	     47392	80009cb0	f00a0c53	fmv.w.x	f24,x20	 x20:0xffc41024 f24=0xffc41024
     473965.000 ns	     47395	80009cb4	e0051ed3	fclass.s	x29,f10	 f10:0xc26a9775 x29=0x00000002
     473985.000 ns	     47397	80009cb8	01be4133	xor	x2,x28,x27	 x28:0x00000004 x27:0x9a07254d  x2=0x9a072549
     474005.000 ns	     47399	80009cbc	28aa1353	fmax.s	f6,f20,f10	 f20:0x00000000 f10:0xc26a9775  f6=0x00000000
     474025.000 ns	     47401	80009cc0	40e1de33	sra	x28,x3,x14	  x3:0x00000000 x14:0xf5670575 x28=0x00000000
     474035.000 ns	     47402	80009cc4	f2fd1f37	lui	x30,0xf2fd1	 x30=0xf2fd1000
     474045.000 ns	     47403	80009cc8	d09f8113	addi	x2,x31,-759	 x31:0x7fc00000  x2=0x7fbffd09
     474055.000 ns	     47404	80009ccc	01583f33	sltu	x30,x16,x21	 x16:0x80041024 x21:0x80041024 x30=0x00000000
     474075.000 ns	     47406	80009cd0	a1b62353	feq.s	x6,f12,f27	 f12:0x00000000 f27:0xcebff5e8  x6=0x00000000
     474125.000 ns	     47411	80009cd4	09bb74d3	fsub.s	f9,f22,f27	 f22:0x4d298fa9 f27:0xcebff5e8  f9=0x4ed527dd
     474145.000 ns	     47413	80009cd8	b097e793	ori	x15,x15,-1271	 x15:0x9a07254c x15=0xffffff4d
     474185.000 ns	     47417	80009cdc	08e57ad3	fsub.s	f21,f10,f14	 f10:0xc26a9775 f14:0x7fc00000 f21=0x7fc00000
     474205.000 ns	     47419	80009ce0	40abd393	srai	x7,x23,0xa	 x23:0x00000000  x7=0x00000000
     474235.000 ns	     47422	80009ce4	1952bbd3	fdiv.s	f23,f5,f21	  f5:0x1a07254c f21:0x7fc00000 f23=0x7fc00000
     474285.000 ns	     47427	80009ce8	00df71d3	fadd.s	f3,f30,f13	 f30:0x7fc00000 f13:0x7fc00000  f3=0x7fc00000
     474315.000 ns	     47430	80009cec	213f9dd3	fsgnjn.s	f27,f31,f19	 f31:0x7fc00000 f19:0x7fc00000 f27=0xffc00000
     474355.000 ns	     47434	80009cf0	5801f5d3	fsqrt.s	f11,f3	  f3:0x7fc00000 f11=0x7fc00000
     474385.000 ns	     47437	80009cf4	a07c87d3	fle.s	x15,f25,f7	 f25:0x00000000  f7:0xa0050c1b x15=0x00000000
     474405.000 ns	     47439	80009cf8	00157d33	and	x26,x10,x1	 x10:0x00000000  x1:0x00000289 x26=0x00000000
     474415.000 ns	     47440	80009cfc	00ff45b3	xor	x11,x30,x15	 x30:0x00000000 x15:0x00000000 x11=0x00000000
     474425.000 ns	     47441	80009d00	010f9f93	slli	x31,x31,0x10	 x31:0x7fc00000 x31=0x00000000
     474465.000 ns	     47445	80009d04	083a25d3	fsub.s	f11,f20,f3	 f20:0x00000000  f3:0x7fc00000 f11=0x7fc00000
     474485.000 ns	     47447	80009d08	0058b5b3	sltu	x11,x17,x5	 x17:0x00000000  x5:0x00000000 x11=0x00000000
     474505.000 ns	     47449	80009d0c	283c0353	fmin.s	f6,f24,f3	 f24:0xffc41024  f3:0x7fc00000  f6=0x7fc00000
     474545.000 ns	     47453	80009d10	1819b8d3	fdiv.s	f17,f19,f1	 f19:0x7fc00000  f1:0x9a07254c f17=0x7fc00000
     474565.000 ns	     47455	80009d14	ee033d13	sltiu	x26,x6,-288	  x6:0x00000000 x26=0x00000001
     474575.000 ns	     47456	80009d18	0061f933	and	x18,x3,x6	  x3:0x00000000  x6:0x00000000 x18=0x00000000
     474595.000 ns	     47458	80009d1c	d0047ed3	fcvt.s.w	f29,x8	  x8:0x00000004 f29=0x40800000
     474625.000 ns	     47461	80009d20	0249feb3	remu	x29,x19,x4	 x19:0x0a98fa8b  x4:0x00000000 x29=0x0a98fa8b
     474655.000 ns	     47464	80009d24	28551c53	fmax.s	f24,f10,f5	 f10:0xc26a9775  f5:0x1a07254c f24=0x1a07254c
     474675.000 ns	     47466	80009d28	a2193013	sltiu	x0,x18,-1503	 x18:0x00000000
     474695.000 ns	     47468	80009d2c	c00f85d3	fcvt.w.s	x11,f31	 f31:0x7fc00000 x11=0x7fffffff
     474735.000 ns	     47472	80009d30	580afc53	fsqrt.s	f24,f21	 f21:0x7fc00000 f24=0x7fc00000
     474775.000 ns	     47476	80009d34	101425d3	fmul.s	f11,f8,f1	  f8:0x4d298fa9  f1:0x9a07254c f11=0xa7b306ed
     474815.000 ns	     47480	80009d38	101c7453	fmul.s	f8,f24,f1	 f24:0x7fc00000  f1:0x9a07254c  f8=0x7fc00000
     474845.000 ns	     47483	80009d3c	c01efe53	fcvt.wu.s	x28,f29	 f29:0x40800000 x28=0x00000004
     474865.000 ns	     47485	80009d40	02578593	addi	x11,x15,37	 x15:0x00000000 x11=0x00000025
     474885.000 ns	     47487	80009d44	a1ff2c53	feq.s	x24,f30,f31	 f30:0x7fc00000 f31:0x7fc00000 x24=0x00000000
     474915.000 ns	     47490	80009d48	209d85d3	fsgnj.s	f11,f27,f9	 f27:0xffc00000  f9:0x4ed527dd f11=0x7fc00000
     474945.000 ns	     47493	80009d4c	a0250053	fle.s	x0,f10,f2	 f10:0xc26a9775  f2:0xcf4d0392
     475315.000 ns	     47530	80009d50	039545b3	div	x11,x10,x25	 x10:0x00000000 x25:0x9a07254c x11=0x00000000
     475335.000 ns	     47532	80009d54	010278b3	and	x17,x4,x16	  x4:0x00000000 x16:0x80041024 x17=0x00000000
     475375.000 ns	     47536	80009d58	09d2bbd3	fsub.s	f23,f5,f29	  f5:0x1a07254c f29:0x40800000 f23=0xc0800000
     475405.000 ns	     47539	80009d5c	035b8d33	mul	x26,x23,x21	 x23:0x00000000 x21:0x80041024 x26=0x00000000
     475425.000 ns	     47541	80009d60	5ef3b393	sltiu	x7,x7,1519	  x7:0x00000000  x7=0x00000001
     475435.000 ns	     47542	80009d64	c7554213	xori	x4,x10,-907	 x10:0x00000000  x4=0xfffffc75
     475445.000 ns	     47543	80009d68	01198533	add	x10,x19,x17	 x19:0x0a98fa8b x17:0x00000000 x10=0x0a98fa8b
     475465.000 ns	     47545	80009d6c	a1f61653	flt.s	x12,f12,f31	 f12:0x00000000 f31:0x7fc00000 x12=0x00000000
     475485.000 ns	     47547	80009d70	01a65213	srli	x4,x12,0x1a	 x12:0x00000000  x4=0x00000000
     475495.000 ns	     47548	80009d74	f7587a13	andi	x20,x16,-139	 x16:0x80041024 x20=0x80041024
     475515.000 ns	     47550	80009d78	20e811d3	fsgnjn.s	f3,f16,f14	 f16:0x7fc00000 f14:0x7fc00000  f3=0xffc00000
     475545.000 ns	     47553	80009d7c	031a35b3	mulhu	x11,x20,x17	 x20:0xffc41024 x17:0x00000000 x11=0x00000000
     475565.000 ns	     47555	80009d80	7b42e213	ori	x4,x5,1972	  x5:0x00000000  x4=0x000007b4
     475575.000 ns	     47556	80009d84	41ddd093	srai	x1,x27,0x1d	 x27:0x9a07254d  x1=0xfffffffc
     475585.000 ns	     47557	80009d88	41e75433	sra	x8,x14,x30	 x14:0xf5670575 x30:0x00000000  x8=0xf5670575
     475615.000 ns	     47560	80009d8c	580d49d3	fsqrt.s	f19,f26	 f26:0xf30d9806 f19=0x7fc00000
     475645.000 ns	     47563	80009d90	02e913b3	mulh	x7,x18,x14	 x18:0x00000000 x14:0xf5670575  x7=0x00000000
     475665.000 ns	     47565	80009d94	018495b3	sll	x11,x9,x24	  x9:0x80040fe4 x24:0x00000000 x11=0x80040fe4
     475685.000 ns	     47567	80009d98	f00c00d3	fmv.w.x	f1,x24	 x24:0x00000000  f1=0x00000000
     475705.000 ns	     47569	80009d9c	01c71d13	slli	x26,x14,0x1c	 x14:0xf5670575 x26=0x50000000
     475715.000 ns	     47570	80009da0	01775293	srli	x5,x14,0x17	 x14:0xf5670575  x5=0x000001ea
     475725.000 ns	     47571	80009da4	017bd393	srli	x7,x23,0x17	 x23:0x00000000  x7=0x00000000
     475735.000 ns	     47572	80009da8	009c89b3	add	x19,x25,x9	 x25:0x9a07254c  x9:0x80040fe4 x19=0x1a0b3530
     475745.000 ns	     47573	80009dac	b4a36f93	ori	x31,x6,-1206	  x6:0x00000000 x31=0xfffffb4a
     475765.000 ns	     47575	80009db0	f0058cd3	fmv.w.x	f25,x11	 x11:0x80040fe4 f25=0x80040fe4
     475795.000 ns	     47578	80009db4	d00af953	fcvt.s.w	f18,x21	 x21:0x80041024 f18=0xcefff7df
     475815.000 ns	     47580	80009db8	1f1a8513	addi	x10,x21,497	 x21:0x80041024 x10=0x80041215
     475835.000 ns	     47582	80009dbc	d01d32d3	fcvt.s.wu	f5,x26	 x26:0x50000000  f5=0x4ea00000
     475855.000 ns	     47584	80009dc0	742c3917	auipc	x18,0x742c3	 x18=0xf42ccdc0
     475865.000 ns	     47585	80009dc4	87a78517	auipc	x10,0x87a78	 x10=0x07a81dc4
     475875.000 ns	     47586	80009dc8	00605c13	srli	x24,x0,0x6	  x0:0x00000000 x24=0x00000000
     475885.000 ns	     47587	80009dcc	003d7533	and	x10,x26,x3	 x26:0x50000000  x3:0x00000000 x10=0x00000000
     475895.000 ns	     47588	80009dd0	006d9033	sll	x0,x27,x6	 x27:0x9a07254d  x6:0x00000000
     475915.000 ns	     47590	80009dd4	e0009953	fclass.s	x18,f1	  f1:0x00000000 x18=0x00000010
     475945.000 ns	     47593	80009dd8	c013f953	fcvt.wu.s	x18,f7	  f7:0xa0050c1b x18=0x00000000
     475965.000 ns	     47595	80009ddc	000c9db3	sll	x27,x25,x0	 x25:0x9a07254c  x0:0x00000000 x27=0x9a07254c
     475975.000 ns	     47596	80009de0	005c90b3	sll	x1,x25,x5	 x25:0x9a07254c  x5:0x000001ea  x1=0x1c953000
     475985.000 ns	     47597	80009de4	0191abb3	slt	x23,x3,x25	  x3:0x00000000 x25:0x9a07254c x23=0x00000000
     476345.000 ns	     47633	80009de8	02205eb3	divu	x29,x0,x2	  x0:0x00000000  x2:0x7fbffd09 x29=0x00000000
     476375.000 ns	     47636	80009dec	a1e62b53	feq.s	x22,f12,f30	 f12:0x00000000 f30:0x7fc00000 x22=0x00000000
     476395.000 ns	     47638	80009df0	00461a33	sll	x20,x12,x4	 x12:0x00000000  x4:0x000007b4 x20=0x00000000
     476405.000 ns	     47639	80009df4	d6e88f97	auipc	x31,0xd6e88	 x31=0x56e91df4
     476425.000 ns	     47641	80009df8	03edb5b3	mulhu	x11,x27,x30	 x27:0x9a07254c x30:0x00000000 x11=0x00000000
     476445.000 ns	     47643	80009dfc	0360e3b7	lui	x7,0x360e	  x7=0x0360e000
     476455.000 ns	     47644	80009e00	e1ae4113	xori	x2,x28,-486	 x28:0x00000004  x2=0xfffffe1e
     476495.000 ns	     47648	80009e04	08367ad3	fsub.s	f21,f12,f3	 f12:0x00000000  f3:0xffc00000 f21=0x7fc00000
     476525.000 ns	     47651	80009e08	02080333	mul	x6,x16,x0	 x16:0x80041024  x0:0x00000000  x6=0x00000000
     476555.000 ns	     47654	80009e0c	29f59453	fmax.s	f8,f11,f31	 f11:0x7fc00000 f31:0x7fc00000  f8=0x7fc00000
     476575.000 ns	     47656	80009e10	0071bdb3	sltu	x27,x3,x7	  x3:0x00000000  x7:0x0360e000 x27=0x00000001
     476585.000 ns	     47657	80009e14	01319e93	slli	x29,x3,0x13	  x3:0x00000000 x29=0x00000000
     476595.000 ns	     47658	80009e18	406bd093	srai	x1,x23,0x6	 x23:0x00000000  x1=0x00000000
     476605.000 ns	     47659	80009e1c	411d5833	sra	x16,x26,x17	 x26:0x50000000 x17:0x00000000 x16=0x50000000
     476625.000 ns	     47661	80009e20	210bad53	fsgnjx.s	f26,f23,f16	 f23:0xc0800000 f16:0x7fc00000 f26=0xc0800000
     476655.000 ns	     47664	80009e24	20c81fd3	fsgnjn.s	f31,f16,f12	 f16:0x7fc00000 f12:0x00000000 f31=0xffc00000
     476685.000 ns	     47667	80009e28	e00f83d3	fmv.x.w	x7,f31	 f31:0x7fc00000  x7=0xffc00000
     476705.000 ns	     47669	80009e2c	00000013	addi	x0,x0,0	  x0:0x00000000
     476725.000 ns	     47671	80009e30	c01e49d3	fcvt.wu.s	x19,f28	 f28:0x00000000 x19=0x00000000
     476765.000 ns	     47675	80009e34	10c091d3	fmul.s	f3,f1,f12	  f1:0x00000000 f12:0x00000000  f3=0x00000000
     476785.000 ns	     47677	80009e38	015d63b3	or	x7,x26,x21	 x26:0x50000000 x21:0x80041024  x7=0xd0041024
     476805.000 ns	     47679	80009e3c	c00b7b53	fcvt.w.s	x22,f22	 f22:0x4d298fa9 x22=0x0a98fa90
     476825.000 ns	     47681	80009e40	00000013	addi	x0,x0,0	  x0:0x00000000
     476835.000 ns	     47682	80009e44	007d75b3	and	x11,x26,x7	 x26:0x50000000  x7:0xd0041024 x11=0x50000000
     476875.000 ns	     47686	80009e48	00292ed3	fadd.s	f29,f18,f2	 f18:0xcefff7df  f2:0xcf4d0392 f29=0xcfa67fc1
     476905.000 ns	     47689	80009e4c	284f0653	fmin.s	f12,f30,f4	 f30:0x7fc00000  f4:0x7fc00000 f12=0x7fc00000
     476925.000 ns	     47691	80009e50	006c3c33	sltu	x24,x24,x6	 x24:0x00000000  x6:0x00000000 x24=0x00000000
     476945.000 ns	     47693	80009e54	202b9953	fsgnjn.s	f18,f23,f2	 f23:0xc0800000  f2:0xcf4d0392 f18=0x40800000
     476965.000 ns	     47695	80009e58	01645293	srli	x5,x8,0x16	  x8:0xf5670575  x5=0x000003d5
     476975.000 ns	     47696	80009e5c	249d7293	andi	x5,x26,585	 x26:0x50000000  x5=0x00000000
     477335.000 ns	     47732	80009e60	03c46933	rem	x18,x8,x28	  x8:0xf5670575 x28:0x00000004 x18=0xfffffffd
     477355.000 ns	     47734	80009e64	00d89bb3	sll	x23,x17,x13	 x17:0x00000000 x13:0x00000000 x23=0x00000000
     477365.000 ns	     47735	80009e68	6b277d13	andi	x26,x14,1714	 x14:0xf5670575 x26=0x00000430
     477385.000 ns	     47737	80009e6c	20b807d3	fsgnj.s	f15,f16,f11	 f16:0x7fc00000 f11:0x7fc00000 f15=0x7fc00000
     477405.000 ns	     47739	80009e70	015d59b3	srl	x19,x26,x21	 x26:0x50000000 x21:0x80041024 x19=0x00000043
     477415.000 ns	     47740	80009e74	83e37693	andi	x13,x6,-1986	  x6:0x00000000 x13=0x00000000
     477425.000 ns	     47741	80009e78	02698c13	addi	x24,x19,38	 x19:0x00000000 x24=0x00000069
     477465.000 ns	     47745	80009e7c	0990bb53	fsub.s	f22,f1,f25	  f1:0x00000000 f25:0x80040fe4 f22=0x00040fe4
     477495.000 ns	     47748	80009e80	03b22433	mulhsu	x8,x4,x27	  x4:0x000007b4 x27:0x00000001  x8=0x00000000
     477525.000 ns	     47751	80009e84	c016cbd3	fcvt.wu.s	x23,f13	 f13:0x7fc00000 x23=0xffffffff
     477555.000 ns	     47754	80009e88	288998d3	fmax.s	f17,f19,f8	 f19:0x7fc00000  f8:0x7fc00000 f17=0x7fc00000
     477575.000 ns	     47756	80009e8c	81987693	andi	x13,x16,-2023	 x16:0x50000000 x13=0x50000000
     477585.000 ns	     47757	80009e90	41575f13	srai	x30,x14,0x15	 x14:0xf5670575 x30=0xffffffab
     477605.000 ns	     47759	80009e94	02912b33	mulhsu	x22,x2,x9	  x2:0xfffffe1e  x9:0x80040fe4 x22=0xffffff0e
     477635.000 ns	     47762	80009e98	d005fd53	fcvt.s.w	f26,x11	 x11:0x50000000 f26=0x4ea00000
     477655.000 ns	     47764	80009e9c	aacb8913	addi	x18,x23,-1364	 x23:0xffffffff x18=0xfffffaab
     477665.000 ns	     47765	80009ea0	00986033	or	x0,x16,x9	 x16:0x50000000  x9:0x80040fe4
     477685.000 ns	     47767	80009ea4	a0c41ed3	flt.s	x29,f8,f12	  f8:0x7fc00000 f12:0x7fc00000 x29=0x00000000
     477705.000 ns	     47769	80009ea8	00000c97	auipc	x25,0x0	 x25=0x80009ea8
     477715.000 ns	     47770	80009eac	00cc8c93	addi	x25,x25,12	 x25:0x9a07254c x25=0x80009eb4
     477725.000 ns	     47771	80009eb0	000c8067	jalr	x0,x25,0	 x25:0x9a07254c
     477775.000 ns	     47776	80009eb4	00100193	addi	x3,x0,1	  x0:0x00000000  x3=0x00000001
     477785.000 ns	     47777	80009eb8	00000073	ecall	
     477795.000 ns	     47778	80009ebc	00036f17	auipc	x30,0x36	 x30=0x8003febc
     477805.000 ns	     47779	80009ec0	143f2223	sw	x3,324(x30)	 x30:0xffffffab  x3:0x00000001 PA:0xxxxxxxxx
     477825.000 ns	     47781	80009ec4	ff9ff06f	jal	x0,80009ec0	
     477875.000 ns	     47786	80009ebc	00036f17	auipc	x30,0x36	 x30=0x8003febc
     477885.000 ns	     47787	80009ec0	143f2223	sw	x3,324(x30)	 x30:0x8003febc  x3:0x00000001 PA:0xxxxxxxxx
     477905.000 ns	     47789	80009ec4	ff9ff06f	jal	x0,80009ec0	
     477955.000 ns	     47794	80009ebc	00036f17	auipc	x30,0x36	 x30=0x8003febc
     477965.000 ns	     47795	80009ec0	143f2223	sw	x3,324(x30)	 x30:0x8003febc  x3:0x00000001 PA:0xxxxxxxxx
     477985.000 ns	     47797	80009ec4	ff9ff06f	jal	x0,80009ec0	
     478035.000 ns	     47802	80009ebc	00036f17	auipc	x30,0x36	 x30=0x8003febc
     478045.000 ns	     47803	80009ec0	143f2223	sw	x3,324(x30)	 x30:0x8003febc  x3:0x00000001 PA:0xxxxxxxxx
     478065.000 ns	     47805	80009ec4	ff9ff06f	jal	x0,80009ec0	
     478115.000 ns	     47810	80009ebc	00036f17	auipc	x30,0x36	 x30=0x8003febc
     478125.000 ns	     47811	80009ec0	143f2223	sw	x3,324(x30)	 x30:0x8003febc  x3:0x00000001 PA:0xxxxxxxxx
     478145.000 ns	     47813	80009ec4	ff9ff06f	jal	x0,80009ec0	
     478195.000 ns	     47818	80009ebc	00036f17	auipc	x30,0x36	 x30=0x8003febc
     478205.000 ns	     47819	80009ec0	143f2223	sw	x3,324(x30)	 x30:0x8003febc  x3:0x00000001 PA:0xxxxxxxxx
     478225.000 ns	     47821	80009ec4	ff9ff06f	jal	x0,80009ec0	
     478275.000 ns	     47826	80009ebc	00036f17	auipc	x30,0x36	 x30=0x8003febc
     478285.000 ns	     47827	80009ec0	143f2223	sw	x3,324(x30)	 x30:0x8003febc  x3:0x00000001 PA:0xxxxxxxxx
     478305.000 ns	     47829	80009ec4	ff9ff06f	jal	x0,80009ec0	
     478355.000 ns	     47834	80009ebc	00036f17	auipc	x30,0x36	 x30=0x8003febc
     478365.000 ns	     47835	80009ec0	143f2223	sw	x3,324(x30)	 x30:0x8003febc  x3:0x00000001 PA:0xxxxxxxxx
     478385.000 ns	     47837	80009ec4	ff9ff06f	jal	x0,80009ec0	
     478435.000 ns	     47842	80009ebc	00036f17	auipc	x30,0x36	 x30=0x8003febc
     478445.000 ns	     47843	80009ec0	143f2223	sw	x3,324(x30)	 x30:0x8003febc  x3:0x00000001 PA:0xxxxxxxxx
     478465.000 ns	     47845	80009ec4	ff9ff06f	jal	x0,80009ec0	
     478515.000 ns	     47850	80009ebc	00036f17	auipc	x30,0x36	 x30=0x8003febc
     478525.000 ns	     47851	80009ec0	143f2223	sw	x3,324(x30)	 x30:0x8003febc  x3:0x00000001 PA:0xxxxxxxxx
     478545.000 ns	     47853	80009ec4	ff9ff06f	jal	x0,80009ec0	
     478595.000 ns	     47858	80009ebc	00036f17	auipc	x30,0x36	 x30=0x8003febc
     478605.000 ns	     47859	80009ec0	143f2223	sw	x3,324(x30)	 x30:0x8003febc  x3:0x00000001 PA:0xxxxxxxxx
     478625.000 ns	     47861	80009ec4	ff9ff06f	jal	x0,80009ec0	
     478675.000 ns	     47866	80009ebc	00036f17	auipc	x30,0x36	 x30=0x8003febc
     478685.000 ns	     47867	80009ec0	143f2223	sw	x3,324(x30)	 x30:0x8003febc  x3:0x00000001 PA:0xxxxxxxxx
     478705.000 ns	     47869	80009ec4	ff9ff06f	jal	x0,80009ec0	
     478755.000 ns	     47874	80009ebc	00036f17	auipc	x30,0x36	 x30=0x8003febc
     478765.000 ns	     47875	80009ec0	143f2223	sw	x3,324(x30)	 x30:0x8003febc  x3:0x00000001 PA:0xxxxxxxxx
     478785.000 ns	     47877	80009ec4	ff9ff06f	jal	x0,80009ec0	
     478835.000 ns	     47882	80009ebc	00036f17	auipc	x30,0x36	 x30=0x8003febc
     478845.000 ns	     47883	80009ec0	143f2223	sw	x3,324(x30)	 x30:0x8003febc  x3:0x00000001 PA:0xxxxxxxxx
     478865.000 ns	     47885	80009ec4	ff9ff06f	jal	x0,80009ec0	
     478915.000 ns	     47890	80009ebc	00036f17	auipc	x30,0x36	 x30=0x8003febc
     478925.000 ns	     47891	80009ec0	143f2223	sw	x3,324(x30)	 x30:0x8003febc  x3:0x00000001 PA:0xxxxxxxxx
     478945.000 ns	     47893	80009ec4	ff9ff06f	jal	x0,80009ec0	
     478995.000 ns	     47898	80009ebc	00036f17	auipc	x30,0x36	 x30=0x8003febc
     479005.000 ns	     47899	80009ec0	143f2223	sw	x3,324(x30)	 x30:0x8003febc  x3:0x00000001 PA:0xxxxxxxxx
     479025.000 ns	     47901	80009ec4	ff9ff06f	jal	x0,80009ec0	
     479075.000 ns	     47906	80009ebc	00036f17	auipc	x30,0x36	 x30=0x8003febc
     479085.000 ns	     47907	80009ec0	143f2223	sw	x3,324(x30)	 x30:0x8003febc  x3:0x00000001 PA:0xxxxxxxxx
     479105.000 ns	     47909	80009ec4	ff9ff06f	jal	x0,80009ec0	
     479155.000 ns	     47914	80009ebc	00036f17	auipc	x30,0x36	 x30=0x8003febc
     479165.000 ns	     47915	80009ec0	143f2223	sw	x3,324(x30)	 x30:0x8003febc  x3:0x00000001 PA:0xxxxxxxxx
     479185.000 ns	     47917	80009ec4	ff9ff06f	jal	x0,80009ec0	
     479235.000 ns	     47922	80009ebc	00036f17	auipc	x30,0x36	 x30=0x8003febc
     479245.000 ns	     47923	80009ec0	143f2223	sw	x3,324(x30)	 x30:0x8003febc  x3:0x00000001 PA:0xxxxxxxxx
     479265.000 ns	     47925	80009ec4	ff9ff06f	jal	x0,80009ec0	
     479315.000 ns	     47930	80009ebc	00036f17	auipc	x30,0x36	 x30=0x8003febc
     479325.000 ns	     47931	80009ec0	143f2223	sw	x3,324(x30)	 x30:0x8003febc  x3:0x00000001 PA:0xxxxxxxxx
     479345.000 ns	     47933	80009ec4	ff9ff06f	jal	x0,80009ec0	
     479395.000 ns	     47938	80009ebc	00036f17	auipc	x30,0x36	 x30=0x8003febc
     479405.000 ns	     47939	80009ec0	143f2223	sw	x3,324(x30)	 x30:0x8003febc  x3:0x00000001 PA:0xxxxxxxxx
     479425.000 ns	     47941	80009ec4	ff9ff06f	jal	x0,80009ec0	
     479475.000 ns	     47946	80009ebc	00036f17	auipc	x30,0x36	 x30=0x8003febc
     479485.000 ns	     47947	80009ec0	143f2223	sw	x3,324(x30)	 x30:0x8003febc  x3:0x00000001 PA:0xxxxxxxxx
     479505.000 ns	     47949	80009ec4	ff9ff06f	jal	x0,80009ec0	
     479555.000 ns	     47954	80009ebc	00036f17	auipc	x30,0x36	 x30=0x8003febc
     479565.000 ns	     47955	80009ec0	143f2223	sw	x3,324(x30)	 x30:0x8003febc  x3:0x00000001 PA:0xxxxxxxxx
     479585.000 ns	     47957	80009ec4	ff9ff06f	jal	x0,80009ec0	
     479635.000 ns	     47962	80009ebc	00036f17	auipc	x30,0x36	 x30=0x8003febc
     479645.000 ns	     47963	80009ec0	143f2223	sw	x3,324(x30)	 x30:0x8003febc  x3:0x00000001 PA:0xxxxxxxxx
     479665.000 ns	     47965	80009ec4	ff9ff06f	jal	x0,80009ec0	
     479715.000 ns	     47970	80009ebc	00036f17	auipc	x30,0x36	 x30=0x8003febc
     479725.000 ns	     47971	80009ec0	143f2223	sw	x3,324(x30)	 x30:0x8003febc  x3:0x00000001 PA:0xxxxxxxxx
     479745.000 ns	     47973	80009ec4	ff9ff06f	jal	x0,80009ec0	
     479795.000 ns	     47978	80009ebc	00036f17	auipc	x30,0x36	 x30=0x8003febc
     479805.000 ns	     47979	80009ec0	143f2223	sw	x3,324(x30)	 x30:0x8003febc  x3:0x00000001 PA:0xxxxxxxxx
     479825.000 ns	     47981	80009ec4	ff9ff06f	jal	x0,80009ec0	
     479875.000 ns	     47986	80009ebc	00036f17	auipc	x30,0x36	 x30=0x8003febc
     479885.000 ns	     47987	80009ec0	143f2223	sw	x3,324(x30)	 x30:0x8003febc  x3:0x00000001 PA:0xxxxxxxxx
     479905.000 ns	     47989	80009ec4	ff9ff06f	jal	x0,80009ec0	
     479955.000 ns	     47994	80009ebc	00036f17	auipc	x30,0x36	 x30=0x8003febc
     479965.000 ns	     47995	80009ec0	143f2223	sw	x3,324(x30)	 x30:0x8003febc  x3:0x00000001 PA:0xxxxxxxxx
     479985.000 ns	     47997	80009ec4	ff9ff06f	jal	x0,80009ec0	
     480035.000 ns	     48002	80009ebc	00036f17	auipc	x30,0x36	 x30=0x8003febc
     480045.000 ns	     48003	80009ec0	143f2223	sw	x3,324(x30)	 x30:0x8003febc  x3:0x00000001 PA:0xxxxxxxxx
     480065.000 ns	     48005	80009ec4	ff9ff06f	jal	x0,80009ec0	
     480115.000 ns	     48010	80009ebc	00036f17	auipc	x30,0x36	 x30=0x8003febc
     480125.000 ns	     48011	80009ec0	143f2223	sw	x3,324(x30)	 x30:0x8003febc  x3:0x00000001 PA:0xxxxxxxxx
     480145.000 ns	     48013	80009ec4	ff9ff06f	jal	x0,80009ec0	
     480195.000 ns	     48018	80009ebc	00036f17	auipc	x30,0x36	 x30=0x8003febc
     480205.000 ns	     48019	80009ec0	143f2223	sw	x3,324(x30)	 x30:0x8003febc  x3:0x00000001 PA:0xxxxxxxxx
     480225.000 ns	     48021	80009ec4	ff9ff06f	jal	x0,80009ec0	
     480275.000 ns	     48026	80009ebc	00036f17	auipc	x30,0x36	 x30=0x8003febc
     480285.000 ns	     48027	80009ec0	143f2223	sw	x3,324(x30)	 x30:0x8003febc  x3:0x00000001 PA:0xxxxxxxxx
     480305.000 ns	     48029	80009ec4	ff9ff06f	jal	x0,80009ec0	
     480355.000 ns	     48034	80009ebc	00036f17	auipc	x30,0x36	 x30=0x8003febc
     480365.000 ns	     48035	80009ec0	143f2223	sw	x3,324(x30)	 x30:0x8003febc  x3:0x00000001 PA:0xxxxxxxxx
     480385.000 ns	     48037	80009ec4	ff9ff06f	jal	x0,80009ec0	
     480435.000 ns	     48042	80009ebc	00036f17	auipc	x30,0x36	 x30=0x8003febc
     480445.000 ns	     48043	80009ec0	143f2223	sw	x3,324(x30)	 x30:0x8003febc  x3:0x00000001 PA:0xxxxxxxxx
     480465.000 ns	     48045	80009ec4	ff9ff06f	jal	x0,80009ec0	
     480515.000 ns	     48050	80009ebc	00036f17	auipc	x30,0x36	 x30=0x8003febc
     480525.000 ns	     48051	80009ec0	143f2223	sw	x3,324(x30)	 x30:0x8003febc  x3:0x00000001 PA:0xxxxxxxxx
     480545.000 ns	     48053	80009ec4	ff9ff06f	jal	x0,80009ec0	
     480595.000 ns	     48058	80009ebc	00036f17	auipc	x30,0x36	 x30=0x8003febc
     480605.000 ns	     48059	80009ec0	143f2223	sw	x3,324(x30)	 x30:0x8003febc  x3:0x00000001 PA:0xxxxxxxxx
     480625.000 ns	     48061	80009ec4	ff9ff06f	jal	x0,80009ec0	
     480675.000 ns	     48066	80009ebc	00036f17	auipc	x30,0x36	 x30=0x8003febc
     480685.000 ns	     48067	80009ec0	143f2223	sw	x3,324(x30)	 x30:0x8003febc  x3:0x00000001 PA:0xxxxxxxxx
     480705.000 ns	     48069	80009ec4	ff9ff06f	jal	x0,80009ec0	
     480755.000 ns	     48074	80009ebc	00036f17	auipc	x30,0x36	 x30=0x8003febc
     480765.000 ns	     48075	80009ec0	143f2223	sw	x3,324(x30)	 x30:0x8003febc  x3:0x00000001 PA:0xxxxxxxxx
     480785.000 ns	     48077	80009ec4	ff9ff06f	jal	x0,80009ec0	
     480835.000 ns	     48082	80009ebc	00036f17	auipc	x30,0x36	 x30=0x8003febc
     480845.000 ns	     48083	80009ec0	143f2223	sw	x3,324(x30)	 x30:0x8003febc  x3:0x00000001 PA:0xxxxxxxxx
     480865.000 ns	     48085	80009ec4	ff9ff06f	jal	x0,80009ec0	
     480915.000 ns	     48090	80009ebc	00036f17	auipc	x30,0x36	 x30=0x8003febc
     480925.000 ns	     48091	80009ec0	143f2223	sw	x3,324(x30)	 x30:0x8003febc  x3:0x00000001 PA:0xxxxxxxxx
     480945.000 ns	     48093	80009ec4	ff9ff06f	jal	x0,80009ec0	
     480995.000 ns	     48098	80009ebc	00036f17	auipc	x30,0x36	 x30=0x8003febc
     481005.000 ns	     48099	80009ec0	143f2223	sw	x3,324(x30)	 x30:0x8003febc  x3:0x00000001 PA:0xxxxxxxxx
     481025.000 ns	     48101	80009ec4	ff9ff06f	jal	x0,80009ec0	
     481075.000 ns	     48106	80009ebc	00036f17	auipc	x30,0x36	 x30=0x8003febc
     481085.000 ns	     48107	80009ec0	143f2223	sw	x3,324(x30)	 x30:0x8003febc  x3:0x00000001 PA:0xxxxxxxxx
     481105.000 ns	     48109	80009ec4	ff9ff06f	jal	x0,80009ec0	
     481155.000 ns	     48114	80009ebc	00036f17	auipc	x30,0x36	 x30=0x8003febc
     481165.000 ns	     48115	80009ec0	143f2223	sw	x3,324(x30)	 x30:0x8003febc  x3:0x00000001 PA:0xxxxxxxxx
     481185.000 ns	     48117	80009ec4	ff9ff06f	jal	x0,80009ec0	
     481235.000 ns	     48122	80009ebc	00036f17	auipc	x30,0x36	 x30=0x8003febc
     481245.000 ns	     48123	80009ec0	143f2223	sw	x3,324(x30)	 x30:0x8003febc  x3:0x00000001 PA:0xxxxxxxxx
     481265.000 ns	     48125	80009ec4	ff9ff06f	jal	x0,80009ec0	
     481315.000 ns	     48130	80009ebc	00036f17	auipc	x30,0x36	 x30=0x8003febc
     481325.000 ns	     48131	80009ec0	143f2223	sw	x3,324(x30)	 x30:0x8003febc  x3:0x00000001 PA:0xxxxxxxxx
     481345.000 ns	     48133	80009ec4	ff9ff06f	jal	x0,80009ec0	
     481395.000 ns	     48138	80009ebc	00036f17	auipc	x30,0x36	 x30=0x8003febc
     481405.000 ns	     48139	80009ec0	143f2223	sw	x3,324(x30)	 x30:0x8003febc  x3:0x00000001 PA:0xxxxxxxxx
     481425.000 ns	     48141	80009ec4	ff9ff06f	jal	x0,80009ec0	
     481475.000 ns	     48146	80009ebc	00036f17	auipc	x30,0x36	 x30=0x8003febc
     481485.000 ns	     48147	80009ec0	143f2223	sw	x3,324(x30)	 x30:0x8003febc  x3:0x00000001 PA:0xxxxxxxxx
     481505.000 ns	     48149	80009ec4	ff9ff06f	jal	x0,80009ec0	
     481555.000 ns	     48154	80009ebc	00036f17	auipc	x30,0x36	 x30=0x8003febc
     481565.000 ns	     48155	80009ec0	143f2223	sw	x3,324(x30)	 x30:0x8003febc  x3:0x00000001 PA:0xxxxxxxxx
     481585.000 ns	     48157	80009ec4	ff9ff06f	jal	x0,80009ec0	
     481635.000 ns	     48162	80009ebc	00036f17	auipc	x30,0x36	 x30=0x8003febc
     481645.000 ns	     48163	80009ec0	143f2223	sw	x3,324(x30)	 x30:0x8003febc  x3:0x00000001 PA:0xxxxxxxxx
     481665.000 ns	     48165	80009ec4	ff9ff06f	jal	x0,80009ec0	
     481715.000 ns	     48170	80009ebc	00036f17	auipc	x30,0x36	 x30=0x8003febc
     481725.000 ns	     48171	80009ec0	143f2223	sw	x3,324(x30)	 x30:0x8003febc  x3:0x00000001 PA:0xxxxxxxxx
     481745.000 ns	     48173	80009ec4	ff9ff06f	jal	x0,80009ec0	
     481795.000 ns	     48178	80009ebc	00036f17	auipc	x30,0x36	 x30=0x8003febc
     481805.000 ns	     48179	80009ec0	143f2223	sw	x3,324(x30)	 x30:0x8003febc  x3:0x00000001 PA:0xxxxxxxxx
     481825.000 ns	     48181	80009ec4	ff9ff06f	jal	x0,80009ec0	
     481875.000 ns	     48186	80009ebc	00036f17	auipc	x30,0x36	 x30=0x8003febc
     481885.000 ns	     48187	80009ec0	143f2223	sw	x3,324(x30)	 x30:0x8003febc  x3:0x00000001 PA:0xxxxxxxxx
     481905.000 ns	     48189	80009ec4	ff9ff06f	jal	x0,80009ec0	
     481955.000 ns	     48194	80009ebc	00036f17	auipc	x30,0x36	 x30=0x8003febc
     481965.000 ns	     48195	80009ec0	143f2223	sw	x3,324(x30)	 x30:0x8003febc  x3:0x00000001 PA:0xxxxxxxxx
     481985.000 ns	     48197	80009ec4	ff9ff06f	jal	x0,80009ec0	
     482035.000 ns	     48202	80009ebc	00036f17	auipc	x30,0x36	 x30=0x8003febc
     482045.000 ns	     48203	80009ec0	143f2223	sw	x3,324(x30)	 x30:0x8003febc  x3:0x00000001 PA:0xxxxxxxxx
     482065.000 ns	     48205	80009ec4	ff9ff06f	jal	x0,80009ec0	
     482115.000 ns	     48210	80009ebc	00036f17	auipc	x30,0x36	 x30=0x8003febc
     482125.000 ns	     48211	80009ec0	143f2223	sw	x3,324(x30)	 x30:0x8003febc  x3:0x00000001 PA:0xxxxxxxxx
     482145.000 ns	     48213	80009ec4	ff9ff06f	jal	x0,80009ec0	
     482195.000 ns	     48218	80009ebc	00036f17	auipc	x30,0x36	 x30=0x8003febc
     482205.000 ns	     48219	80009ec0	143f2223	sw	x3,324(x30)	 x30:0x8003febc  x3:0x00000001 PA:0xxxxxxxxx
     482225.000 ns	     48221	80009ec4	ff9ff06f	jal	x0,80009ec0	
     482275.000 ns	     48226	80009ebc	00036f17	auipc	x30,0x36	 x30=0x8003febc
     482285.000 ns	     48227	80009ec0	143f2223	sw	x3,324(x30)	 x30:0x8003febc  x3:0x00000001 PA:0xxxxxxxxx
     482305.000 ns	     48229	80009ec4	ff9ff06f	jal	x0,80009ec0	
     482355.000 ns	     48234	80009ebc	00036f17	auipc	x30,0x36	 x30=0x8003febc
     482365.000 ns	     48235	80009ec0	143f2223	sw	x3,324(x30)	 x30:0x8003febc  x3:0x00000001 PA:0xxxxxxxxx
     482385.000 ns	     48237	80009ec4	ff9ff06f	jal	x0,80009ec0	
     482435.000 ns	     48242	80009ebc	00036f17	auipc	x30,0x36	 x30=0x8003febc
     482445.000 ns	     48243	80009ec0	143f2223	sw	x3,324(x30)	 x30:0x8003febc  x3:0x00000001 PA:0xxxxxxxxx
     482465.000 ns	     48245	80009ec4	ff9ff06f	jal	x0,80009ec0	
     482515.000 ns	     48250	80009ebc	00036f17	auipc	x30,0x36	 x30=0x8003febc
     482525.000 ns	     48251	80009ec0	143f2223	sw	x3,324(x30)	 x30:0x8003febc  x3:0x00000001 PA:0xxxxxxxxx
     482545.000 ns	     48253	80009ec4	ff9ff06f	jal	x0,80009ec0	
     482595.000 ns	     48258	80009ebc	00036f17	auipc	x30,0x36	 x30=0x8003febc
     482605.000 ns	     48259	80009ec0	143f2223	sw	x3,324(x30)	 x30:0x8003febc  x3:0x00000001 PA:0xxxxxxxxx
     482625.000 ns	     48261	80009ec4	ff9ff06f	jal	x0,80009ec0	
     482675.000 ns	     48266	80009ebc	00036f17	auipc	x30,0x36	 x30=0x8003febc
     482685.000 ns	     48267	80009ec0	143f2223	sw	x3,324(x30)	 x30:0x8003febc  x3:0x00000001 PA:0xxxxxxxxx
     482705.000 ns	     48269	80009ec4	ff9ff06f	jal	x0,80009ec0	
     482755.000 ns	     48274	80009ebc	00036f17	auipc	x30,0x36	 x30=0x8003febc
     482765.000 ns	     48275	80009ec0	143f2223	sw	x3,324(x30)	 x30:0x8003febc  x3:0x00000001 PA:0xxxxxxxxx
     482785.000 ns	     48277	80009ec4	ff9ff06f	jal	x0,80009ec0	
     482835.000 ns	     48282	80009ebc	00036f17	auipc	x30,0x36	 x30=0x8003febc
     482845.000 ns	     48283	80009ec0	143f2223	sw	x3,324(x30)	 x30:0x8003febc  x3:0x00000001 PA:0xxxxxxxxx
     482865.000 ns	     48285	80009ec4	ff9ff06f	jal	x0,80009ec0	
     482915.000 ns	     48290	80009ebc	00036f17	auipc	x30,0x36	 x30=0x8003febc
     482925.000 ns	     48291	80009ec0	143f2223	sw	x3,324(x30)	 x30:0x8003febc  x3:0x00000001 PA:0xxxxxxxxx
     482945.000 ns	     48293	80009ec4	ff9ff06f	jal	x0,80009ec0	
     482995.000 ns	     48298	80009ebc	00036f17	auipc	x30,0x36	 x30=0x8003febc
     483005.000 ns	     48299	80009ec0	143f2223	sw	x3,324(x30)	 x30:0x8003febc  x3:0x00000001 PA:0xxxxxxxxx
     483025.000 ns	     48301	80009ec4	ff9ff06f	jal	x0,80009ec0	
     483075.000 ns	     48306	80009ebc	00036f17	auipc	x30,0x36	 x30=0x8003febc
     483085.000 ns	     48307	80009ec0	143f2223	sw	x3,324(x30)	 x30:0x8003febc  x3:0x00000001 PA:0xxxxxxxxx
     483105.000 ns	     48309	80009ec4	ff9ff06f	jal	x0,80009ec0	
     483155.000 ns	     48314	80009ebc	00036f17	auipc	x30,0x36	 x30=0x8003febc
     483165.000 ns	     48315	80009ec0	143f2223	sw	x3,324(x30)	 x30:0x8003febc  x3:0x00000001 PA:0xxxxxxxxx
     483185.000 ns	     48317	80009ec4	ff9ff06f	jal	x0,80009ec0	
     483235.000 ns	     48322	80009ebc	00036f17	auipc	x30,0x36	 x30=0x8003febc
     483245.000 ns	     48323	80009ec0	143f2223	sw	x3,324(x30)	 x30:0x8003febc  x3:0x00000001 PA:0xxxxxxxxx
     483265.000 ns	     48325	80009ec4	ff9ff06f	jal	x0,80009ec0	
     483315.000 ns	     48330	80009ebc	00036f17	auipc	x30,0x36	 x30=0x8003febc
     483325.000 ns	     48331	80009ec0	143f2223	sw	x3,324(x30)	 x30:0x8003febc  x3:0x00000001 PA:0xxxxxxxxx
     483345.000 ns	     48333	80009ec4	ff9ff06f	jal	x0,80009ec0	
     483395.000 ns	     48338	80009ebc	00036f17	auipc	x30,0x36	 x30=0x8003febc
     483405.000 ns	     48339	80009ec0	143f2223	sw	x3,324(x30)	 x30:0x8003febc  x3:0x00000001 PA:0xxxxxxxxx
     483425.000 ns	     48341	80009ec4	ff9ff06f	jal	x0,80009ec0	
     483475.000 ns	     48346	80009ebc	00036f17	auipc	x30,0x36	 x30=0x8003febc
     483485.000 ns	     48347	80009ec0	143f2223	sw	x3,324(x30)	 x30:0x8003febc  x3:0x00000001 PA:0xxxxxxxxx
     483505.000 ns	     48349	80009ec4	ff9ff06f	jal	x0,80009ec0	
     483555.000 ns	     48354	80009ebc	00036f17	auipc	x30,0x36	 x30=0x8003febc
     483565.000 ns	     48355	80009ec0	143f2223	sw	x3,324(x30)	 x30:0x8003febc  x3:0x00000001 PA:0xxxxxxxxx
     483585.000 ns	     48357	80009ec4	ff9ff06f	jal	x0,80009ec0	
     483635.000 ns	     48362	80009ebc	00036f17	auipc	x30,0x36	 x30=0x8003febc
     483645.000 ns	     48363	80009ec0	143f2223	sw	x3,324(x30)	 x30:0x8003febc  x3:0x00000001 PA:0xxxxxxxxx
     483665.000 ns	     48365	80009ec4	ff9ff06f	jal	x0,80009ec0	
     483715.000 ns	     48370	80009ebc	00036f17	auipc	x30,0x36	 x30=0x8003febc
     483725.000 ns	     48371	80009ec0	143f2223	sw	x3,324(x30)	 x30:0x8003febc  x3:0x00000001 PA:0xxxxxxxxx
     483745.000 ns	     48373	80009ec4	ff9ff06f	jal	x0,80009ec0	
     483795.000 ns	     48378	80009ebc	00036f17	auipc	x30,0x36	 x30=0x8003febc
     483805.000 ns	     48379	80009ec0	143f2223	sw	x3,324(x30)	 x30:0x8003febc  x3:0x00000001 PA:0xxxxxxxxx
     483825.000 ns	     48381	80009ec4	ff9ff06f	jal	x0,80009ec0	
     483875.000 ns	     48386	80009ebc	00036f17	auipc	x30,0x36	 x30=0x8003febc
     483885.000 ns	     48387	80009ec0	143f2223	sw	x3,324(x30)	 x30:0x8003febc  x3:0x00000001 PA:0xxxxxxxxx
     483905.000 ns	     48389	80009ec4	ff9ff06f	jal	x0,80009ec0	
     483955.000 ns	     48394	80009ebc	00036f17	auipc	x30,0x36	 x30=0x8003febc
     483965.000 ns	     48395	80009ec0	143f2223	sw	x3,324(x30)	 x30:0x8003febc  x3:0x00000001 PA:0xxxxxxxxx
     483985.000 ns	     48397	80009ec4	ff9ff06f	jal	x0,80009ec0	
     484035.000 ns	     48402	80009ebc	00036f17	auipc	x30,0x36	 x30=0x8003febc
     484045.000 ns	     48403	80009ec0	143f2223	sw	x3,324(x30)	 x30:0x8003febc  x3:0x00000001 PA:0xxxxxxxxx
     484065.000 ns	     48405	80009ec4	ff9ff06f	jal	x0,80009ec0	
     484115.000 ns	     48410	80009ebc	00036f17	auipc	x30,0x36	 x30=0x8003febc
     484125.000 ns	     48411	80009ec0	143f2223	sw	x3,324(x30)	 x30:0x8003febc  x3:0x00000001 PA:0xxxxxxxxx
     484145.000 ns	     48413	80009ec4	ff9ff06f	jal	x0,80009ec0	
     484195.000 ns	     48418	80009ebc	00036f17	auipc	x30,0x36	 x30=0x8003febc
     484205.000 ns	     48419	80009ec0	143f2223	sw	x3,324(x30)	 x30:0x8003febc  x3:0x00000001 PA:0xxxxxxxxx
     484225.000 ns	     48421	80009ec4	ff9ff06f	jal	x0,80009ec0	
     484275.000 ns	     48426	80009ebc	00036f17	auipc	x30,0x36	 x30=0x8003febc
     484285.000 ns	     48427	80009ec0	143f2223	sw	x3,324(x30)	 x30:0x8003febc  x3:0x00000001 PA:0xxxxxxxxx
     484305.000 ns	     48429	80009ec4	ff9ff06f	jal	x0,80009ec0	
     484355.000 ns	     48434	80009ebc	00036f17	auipc	x30,0x36	 x30=0x8003febc
     484365.000 ns	     48435	80009ec0	143f2223	sw	x3,324(x30)	 x30:0x8003febc  x3:0x00000001 PA:0xxxxxxxxx
     484385.000 ns	     48437	80009ec4	ff9ff06f	jal	x0,80009ec0	
     484435.000 ns	     48442	80009ebc	00036f17	auipc	x30,0x36	 x30=0x8003febc
     484445.000 ns	     48443	80009ec0	143f2223	sw	x3,324(x30)	 x30:0x8003febc  x3:0x00000001 PA:0xxxxxxxxx
     484465.000 ns	     48445	80009ec4	ff9ff06f	jal	x0,80009ec0	
     484515.000 ns	     48450	80009ebc	00036f17	auipc	x30,0x36	 x30=0x8003febc
     484525.000 ns	     48451	80009ec0	143f2223	sw	x3,324(x30)	 x30:0x8003febc  x3:0x00000001 PA:0xxxxxxxxx
     484545.000 ns	     48453	80009ec4	ff9ff06f	jal	x0,80009ec0	
     484595.000 ns	     48458	80009ebc	00036f17	auipc	x30,0x36	 x30=0x8003febc
     484605.000 ns	     48459	80009ec0	143f2223	sw	x3,324(x30)	 x30:0x8003febc  x3:0x00000001 PA:0xxxxxxxxx
     484625.000 ns	     48461	80009ec4	ff9ff06f	jal	x0,80009ec0	
     484675.000 ns	     48466	80009ebc	00036f17	auipc	x30,0x36	 x30=0x8003febc
     484685.000 ns	     48467	80009ec0	143f2223	sw	x3,324(x30)	 x30:0x8003febc  x3:0x00000001 PA:0xxxxxxxxx
     484705.000 ns	     48469	80009ec4	ff9ff06f	jal	x0,80009ec0	
     484755.000 ns	     48474	80009ebc	00036f17	auipc	x30,0x36	 x30=0x8003febc
     484765.000 ns	     48475	80009ec0	143f2223	sw	x3,324(x30)	 x30:0x8003febc  x3:0x00000001 PA:0xxxxxxxxx
     484785.000 ns	     48477	80009ec4	ff9ff06f	jal	x0,80009ec0	
     484835.000 ns	     48482	80009ebc	00036f17	auipc	x30,0x36	 x30=0x8003febc
     484845.000 ns	     48483	80009ec0	143f2223	sw	x3,324(x30)	 x30:0x8003febc  x3:0x00000001 PA:0xxxxxxxxx
     484865.000 ns	     48485	80009ec4	ff9ff06f	jal	x0,80009ec0	
     484915.000 ns	     48490	80009ebc	00036f17	auipc	x30,0x36	 x30=0x8003febc
     484925.000 ns	     48491	80009ec0	143f2223	sw	x3,324(x30)	 x30:0x8003febc  x3:0x00000001 PA:0xxxxxxxxx
     484945.000 ns	     48493	80009ec4	ff9ff06f	jal	x0,80009ec0	
     484995.000 ns	     48498	80009ebc	00036f17	auipc	x30,0x36	 x30=0x8003febc
     485005.000 ns	     48499	80009ec0	143f2223	sw	x3,324(x30)	 x30:0x8003febc  x3:0x00000001 PA:0xxxxxxxxx
     485025.000 ns	     48501	80009ec4	ff9ff06f	jal	x0,80009ec0	
     485075.000 ns	     48506	80009ebc	00036f17	auipc	x30,0x36	 x30=0x8003febc
     485085.000 ns	     48507	80009ec0	143f2223	sw	x3,324(x30)	 x30:0x8003febc  x3:0x00000001 PA:0xxxxxxxxx
     485105.000 ns	     48509	80009ec4	ff9ff06f	jal	x0,80009ec0	
     485155.000 ns	     48514	80009ebc	00036f17	auipc	x30,0x36	 x30=0x8003febc
     485165.000 ns	     48515	80009ec0	143f2223	sw	x3,324(x30)	 x30:0x8003febc  x3:0x00000001 PA:0xxxxxxxxx
     485185.000 ns	     48517	80009ec4	ff9ff06f	jal	x0,80009ec0	
     485235.000 ns	     48522	80009ebc	00036f17	auipc	x30,0x36	 x30=0x8003febc
     485245.000 ns	     48523	80009ec0	143f2223	sw	x3,324(x30)	 x30:0x8003febc  x3:0x00000001 PA:0xxxxxxxxx
     485265.000 ns	     48525	80009ec4	ff9ff06f	jal	x0,80009ec0	
     485315.000 ns	     48530	80009ebc	00036f17	auipc	x30,0x36	 x30=0x8003febc
     485325.000 ns	     48531	80009ec0	143f2223	sw	x3,324(x30)	 x30:0x8003febc  x3:0x00000001 PA:0xxxxxxxxx
     485345.000 ns	     48533	80009ec4	ff9ff06f	jal	x0,80009ec0	
     485395.000 ns	     48538	80009ebc	00036f17	auipc	x30,0x36	 x30=0x8003febc
     485405.000 ns	     48539	80009ec0	143f2223	sw	x3,324(x30)	 x30:0x8003febc  x3:0x00000001 PA:0xxxxxxxxx
     485425.000 ns	     48541	80009ec4	ff9ff06f	jal	x0,80009ec0	
     485475.000 ns	     48546	80009ebc	00036f17	auipc	x30,0x36	 x30=0x8003febc
     485485.000 ns	     48547	80009ec0	143f2223	sw	x3,324(x30)	 x30:0x8003febc  x3:0x00000001 PA:0xxxxxxxxx
     485505.000 ns	     48549	80009ec4	ff9ff06f	jal	x0,80009ec0	
     485555.000 ns	     48554	80009ebc	00036f17	auipc	x30,0x36	 x30=0x8003febc
     485565.000 ns	     48555	80009ec0	143f2223	sw	x3,324(x30)	 x30:0x8003febc  x3:0x00000001 PA:0xxxxxxxxx
     485585.000 ns	     48557	80009ec4	ff9ff06f	jal	x0,80009ec0	
     485635.000 ns	     48562	80009ebc	00036f17	auipc	x30,0x36	 x30=0x8003febc
     485645.000 ns	     48563	80009ec0	143f2223	sw	x3,324(x30)	 x30:0x8003febc  x3:0x00000001 PA:0xxxxxxxxx
     485665.000 ns	     48565	80009ec4	ff9ff06f	jal	x0,80009ec0	
     485715.000 ns	     48570	80009ebc	00036f17	auipc	x30,0x36	 x30=0x8003febc
     485725.000 ns	     48571	80009ec0	143f2223	sw	x3,324(x30)	 x30:0x8003febc  x3:0x00000001 PA:0xxxxxxxxx
     485745.000 ns	     48573	80009ec4	ff9ff06f	jal	x0,80009ec0	
     485795.000 ns	     48578	80009ebc	00036f17	auipc	x30,0x36	 x30=0x8003febc
     485805.000 ns	     48579	80009ec0	143f2223	sw	x3,324(x30)	 x30:0x8003febc  x3:0x00000001 PA:0xxxxxxxxx
     485825.000 ns	     48581	80009ec4	ff9ff06f	jal	x0,80009ec0	
     485875.000 ns	     48586	80009ebc	00036f17	auipc	x30,0x36	 x30=0x8003febc
     485885.000 ns	     48587	80009ec0	143f2223	sw	x3,324(x30)	 x30:0x8003febc  x3:0x00000001 PA:0xxxxxxxxx
     485905.000 ns	     48589	80009ec4	ff9ff06f	jal	x0,80009ec0	
     485955.000 ns	     48594	80009ebc	00036f17	auipc	x30,0x36	 x30=0x8003febc
     485965.000 ns	     48595	80009ec0	143f2223	sw	x3,324(x30)	 x30:0x8003febc  x3:0x00000001 PA:0xxxxxxxxx
     485985.000 ns	     48597	80009ec4	ff9ff06f	jal	x0,80009ec0	
     486035.000 ns	     48602	80009ebc	00036f17	auipc	x30,0x36	 x30=0x8003febc
     486045.000 ns	     48603	80009ec0	143f2223	sw	x3,324(x30)	 x30:0x8003febc  x3:0x00000001 PA:0xxxxxxxxx
     486065.000 ns	     48605	80009ec4	ff9ff06f	jal	x0,80009ec0	
     486115.000 ns	     48610	80009ebc	00036f17	auipc	x30,0x36	 x30=0x8003febc
     486125.000 ns	     48611	80009ec0	143f2223	sw	x3,324(x30)	 x30:0x8003febc  x3:0x00000001 PA:0xxxxxxxxx
     486145.000 ns	     48613	80009ec4	ff9ff06f	jal	x0,80009ec0	
     486195.000 ns	     48618	80009ebc	00036f17	auipc	x30,0x36	 x30=0x8003febc
     486205.000 ns	     48619	80009ec0	143f2223	sw	x3,324(x30)	 x30:0x8003febc  x3:0x00000001 PA:0xxxxxxxxx
     486225.000 ns	     48621	80009ec4	ff9ff06f	jal	x0,80009ec0	
     486275.000 ns	     48626	80009ebc	00036f17	auipc	x30,0x36	 x30=0x8003febc
     486285.000 ns	     48627	80009ec0	143f2223	sw	x3,324(x30)	 x30:0x8003febc  x3:0x00000001 PA:0xxxxxxxxx
     486305.000 ns	     48629	80009ec4	ff9ff06f	jal	x0,80009ec0	
     486355.000 ns	     48634	80009ebc	00036f17	auipc	x30,0x36	 x30=0x8003febc
     486365.000 ns	     48635	80009ec0	143f2223	sw	x3,324(x30)	 x30:0x8003febc  x3:0x00000001 PA:0xxxxxxxxx
     486385.000 ns	     48637	80009ec4	ff9ff06f	jal	x0,80009ec0	
     486435.000 ns	     48642	80009ebc	00036f17	auipc	x30,0x36	 x30=0x8003febc
     486445.000 ns	     48643	80009ec0	143f2223	sw	x3,324(x30)	 x30:0x8003febc  x3:0x00000001 PA:0xxxxxxxxx
     486465.000 ns	     48645	80009ec4	ff9ff06f	jal	x0,80009ec0	
     486515.000 ns	     48650	80009ebc	00036f17	auipc	x30,0x36	 x30=0x8003febc
     486525.000 ns	     48651	80009ec0	143f2223	sw	x3,324(x30)	 x30:0x8003febc  x3:0x00000001 PA:0xxxxxxxxx
     486545.000 ns	     48653	80009ec4	ff9ff06f	jal	x0,80009ec0	
     486595.000 ns	     48658	80009ebc	00036f17	auipc	x30,0x36	 x30=0x8003febc
     486605.000 ns	     48659	80009ec0	143f2223	sw	x3,324(x30)	 x30:0x8003febc  x3:0x00000001 PA:0xxxxxxxxx
     486625.000 ns	     48661	80009ec4	ff9ff06f	jal	x0,80009ec0	
     486675.000 ns	     48666	80009ebc	00036f17	auipc	x30,0x36	 x30=0x8003febc
     486685.000 ns	     48667	80009ec0	143f2223	sw	x3,324(x30)	 x30:0x8003febc  x3:0x00000001 PA:0xxxxxxxxx
     486705.000 ns	     48669	80009ec4	ff9ff06f	jal	x0,80009ec0	
     486755.000 ns	     48674	80009ebc	00036f17	auipc	x30,0x36	 x30=0x8003febc
     486765.000 ns	     48675	80009ec0	143f2223	sw	x3,324(x30)	 x30:0x8003febc  x3:0x00000001 PA:0xxxxxxxxx
     486785.000 ns	     48677	80009ec4	ff9ff06f	jal	x0,80009ec0	
     486835.000 ns	     48682	80009ebc	00036f17	auipc	x30,0x36	 x30=0x8003febc
     486845.000 ns	     48683	80009ec0	143f2223	sw	x3,324(x30)	 x30:0x8003febc  x3:0x00000001 PA:0xxxxxxxxx
     486865.000 ns	     48685	80009ec4	ff9ff06f	jal	x0,80009ec0	
     486915.000 ns	     48690	80009ebc	00036f17	auipc	x30,0x36	 x30=0x8003febc
     486925.000 ns	     48691	80009ec0	143f2223	sw	x3,324(x30)	 x30:0x8003febc  x3:0x00000001 PA:0xxxxxxxxx
     486945.000 ns	     48693	80009ec4	ff9ff06f	jal	x0,80009ec0	
     486995.000 ns	     48698	80009ebc	00036f17	auipc	x30,0x36	 x30=0x8003febc
     487005.000 ns	     48699	80009ec0	143f2223	sw	x3,324(x30)	 x30:0x8003febc  x3:0x00000001 PA:0xxxxxxxxx
     487025.000 ns	     48701	80009ec4	ff9ff06f	jal	x0,80009ec0	
     487075.000 ns	     48706	80009ebc	00036f17	auipc	x30,0x36	 x30=0x8003febc
     487085.000 ns	     48707	80009ec0	143f2223	sw	x3,324(x30)	 x30:0x8003febc  x3:0x00000001 PA:0xxxxxxxxx
     487105.000 ns	     48709	80009ec4	ff9ff06f	jal	x0,80009ec0	
     487155.000 ns	     48714	80009ebc	00036f17	auipc	x30,0x36	 x30=0x8003febc
     487165.000 ns	     48715	80009ec0	143f2223	sw	x3,324(x30)	 x30:0x8003febc  x3:0x00000001 PA:0xxxxxxxxx
     487185.000 ns	     48717	80009ec4	ff9ff06f	jal	x0,80009ec0	
     487235.000 ns	     48722	80009ebc	00036f17	auipc	x30,0x36	 x30=0x8003febc
     487245.000 ns	     48723	80009ec0	143f2223	sw	x3,324(x30)	 x30:0x8003febc  x3:0x00000001 PA:0xxxxxxxxx
     487265.000 ns	     48725	80009ec4	ff9ff06f	jal	x0,80009ec0	
     487315.000 ns	     48730	80009ebc	00036f17	auipc	x30,0x36	 x30=0x8003febc
     487325.000 ns	     48731	80009ec0	143f2223	sw	x3,324(x30)	 x30:0x8003febc  x3:0x00000001 PA:0xxxxxxxxx
     487345.000 ns	     48733	80009ec4	ff9ff06f	jal	x0,80009ec0	
     487395.000 ns	     48738	80009ebc	00036f17	auipc	x30,0x36	 x30=0x8003febc
     487405.000 ns	     48739	80009ec0	143f2223	sw	x3,324(x30)	 x30:0x8003febc  x3:0x00000001 PA:0xxxxxxxxx
     487425.000 ns	     48741	80009ec4	ff9ff06f	jal	x0,80009ec0	
     487475.000 ns	     48746	80009ebc	00036f17	auipc	x30,0x36	 x30=0x8003febc
     487485.000 ns	     48747	80009ec0	143f2223	sw	x3,324(x30)	 x30:0x8003febc  x3:0x00000001 PA:0xxxxxxxxx
     487505.000 ns	     48749	80009ec4	ff9ff06f	jal	x0,80009ec0	
     487555.000 ns	     48754	80009ebc	00036f17	auipc	x30,0x36	 x30=0x8003febc
     487565.000 ns	     48755	80009ec0	143f2223	sw	x3,324(x30)	 x30:0x8003febc  x3:0x00000001 PA:0xxxxxxxxx
     487585.000 ns	     48757	80009ec4	ff9ff06f	jal	x0,80009ec0	
     487635.000 ns	     48762	80009ebc	00036f17	auipc	x30,0x36	 x30=0x8003febc
     487645.000 ns	     48763	80009ec0	143f2223	sw	x3,324(x30)	 x30:0x8003febc  x3:0x00000001 PA:0xxxxxxxxx
     487665.000 ns	     48765	80009ec4	ff9ff06f	jal	x0,80009ec0	
     487715.000 ns	     48770	80009ebc	00036f17	auipc	x30,0x36	 x30=0x8003febc
     487725.000 ns	     48771	80009ec0	143f2223	sw	x3,324(x30)	 x30:0x8003febc  x3:0x00000001 PA:0xxxxxxxxx
     487745.000 ns	     48773	80009ec4	ff9ff06f	jal	x0,80009ec0	
     487795.000 ns	     48778	80009ebc	00036f17	auipc	x30,0x36	 x30=0x8003febc
     487805.000 ns	     48779	80009ec0	143f2223	sw	x3,324(x30)	 x30:0x8003febc  x3:0x00000001 PA:0xxxxxxxxx
     487825.000 ns	     48781	80009ec4	ff9ff06f	jal	x0,80009ec0	
     487875.000 ns	     48786	80009ebc	00036f17	auipc	x30,0x36	 x30=0x8003febc
     487885.000 ns	     48787	80009ec0	143f2223	sw	x3,324(x30)	 x30:0x8003febc  x3:0x00000001 PA:0xxxxxxxxx
     487905.000 ns	     48789	80009ec4	ff9ff06f	jal	x0,80009ec0	
     487955.000 ns	     48794	80009ebc	00036f17	auipc	x30,0x36	 x30=0x8003febc
     487965.000 ns	     48795	80009ec0	143f2223	sw	x3,324(x30)	 x30:0x8003febc  x3:0x00000001 PA:0xxxxxxxxx
     487985.000 ns	     48797	80009ec4	ff9ff06f	jal	x0,80009ec0	
     488035.000 ns	     48802	80009ebc	00036f17	auipc	x30,0x36	 x30=0x8003febc
     488045.000 ns	     48803	80009ec0	143f2223	sw	x3,324(x30)	 x30:0x8003febc  x3:0x00000001 PA:0xxxxxxxxx
     488065.000 ns	     48805	80009ec4	ff9ff06f	jal	x0,80009ec0	
     488115.000 ns	     48810	80009ebc	00036f17	auipc	x30,0x36	 x30=0x8003febc
     488125.000 ns	     48811	80009ec0	143f2223	sw	x3,324(x30)	 x30:0x8003febc  x3:0x00000001 PA:0xxxxxxxxx
     488145.000 ns	     48813	80009ec4	ff9ff06f	jal	x0,80009ec0	
     488195.000 ns	     48818	80009ebc	00036f17	auipc	x30,0x36	 x30=0x8003febc
     488205.000 ns	     48819	80009ec0	143f2223	sw	x3,324(x30)	 x30:0x8003febc  x3:0x00000001 PA:0xxxxxxxxx
     488225.000 ns	     48821	80009ec4	ff9ff06f	jal	x0,80009ec0	
     488275.000 ns	     48826	80009ebc	00036f17	auipc	x30,0x36	 x30=0x8003febc
     488285.000 ns	     48827	80009ec0	143f2223	sw	x3,324(x30)	 x30:0x8003febc  x3:0x00000001 PA:0xxxxxxxxx
     488305.000 ns	     48829	80009ec4	ff9ff06f	jal	x0,80009ec0	
     488355.000 ns	     48834	80009ebc	00036f17	auipc	x30,0x36	 x30=0x8003febc
     488365.000 ns	     48835	80009ec0	143f2223	sw	x3,324(x30)	 x30:0x8003febc  x3:0x00000001 PA:0xxxxxxxxx
     488385.000 ns	     48837	80009ec4	ff9ff06f	jal	x0,80009ec0	
     488435.000 ns	     48842	80009ebc	00036f17	auipc	x30,0x36	 x30=0x8003febc
     488445.000 ns	     48843	80009ec0	143f2223	sw	x3,324(x30)	 x30:0x8003febc  x3:0x00000001 PA:0xxxxxxxxx
     488465.000 ns	     48845	80009ec4	ff9ff06f	jal	x0,80009ec0	
     488515.000 ns	     48850	80009ebc	00036f17	auipc	x30,0x36	 x30=0x8003febc
     488525.000 ns	     48851	80009ec0	143f2223	sw	x3,324(x30)	 x30:0x8003febc  x3:0x00000001 PA:0xxxxxxxxx
     488545.000 ns	     48853	80009ec4	ff9ff06f	jal	x0,80009ec0	
     488595.000 ns	     48858	80009ebc	00036f17	auipc	x30,0x36	 x30=0x8003febc
     488605.000 ns	     48859	80009ec0	143f2223	sw	x3,324(x30)	 x30:0x8003febc  x3:0x00000001 PA:0xxxxxxxxx
     488625.000 ns	     48861	80009ec4	ff9ff06f	jal	x0,80009ec0	
     488675.000 ns	     48866	80009ebc	00036f17	auipc	x30,0x36	 x30=0x8003febc
     488685.000 ns	     48867	80009ec0	143f2223	sw	x3,324(x30)	 x30:0x8003febc  x3:0x00000001 PA:0xxxxxxxxx
     488705.000 ns	     48869	80009ec4	ff9ff06f	jal	x0,80009ec0	
     488755.000 ns	     48874	80009ebc	00036f17	auipc	x30,0x36	 x30=0x8003febc
     488765.000 ns	     48875	80009ec0	143f2223	sw	x3,324(x30)	 x30:0x8003febc  x3:0x00000001 PA:0xxxxxxxxx
     488785.000 ns	     48877	80009ec4	ff9ff06f	jal	x0,80009ec0	
     488835.000 ns	     48882	80009ebc	00036f17	auipc	x30,0x36	 x30=0x8003febc
     488845.000 ns	     48883	80009ec0	143f2223	sw	x3,324(x30)	 x30:0x8003febc  x3:0x00000001 PA:0xxxxxxxxx
     488865.000 ns	     48885	80009ec4	ff9ff06f	jal	x0,80009ec0	
     488915.000 ns	     48890	80009ebc	00036f17	auipc	x30,0x36	 x30=0x8003febc
     488925.000 ns	     48891	80009ec0	143f2223	sw	x3,324(x30)	 x30:0x8003febc  x3:0x00000001 PA:0xxxxxxxxx
     488945.000 ns	     48893	80009ec4	ff9ff06f	jal	x0,80009ec0	
     488995.000 ns	     48898	80009ebc	00036f17	auipc	x30,0x36	 x30=0x8003febc
     489005.000 ns	     48899	80009ec0	143f2223	sw	x3,324(x30)	 x30:0x8003febc  x3:0x00000001 PA:0xxxxxxxxx
     489025.000 ns	     48901	80009ec4	ff9ff06f	jal	x0,80009ec0	
     489075.000 ns	     48906	80009ebc	00036f17	auipc	x30,0x36	 x30=0x8003febc
     489085.000 ns	     48907	80009ec0	143f2223	sw	x3,324(x30)	 x30:0x8003febc  x3:0x00000001 PA:0xxxxxxxxx
     489105.000 ns	     48909	80009ec4	ff9ff06f	jal	x0,80009ec0	
     489155.000 ns	     48914	80009ebc	00036f17	auipc	x30,0x36	 x30=0x8003febc
     489165.000 ns	     48915	80009ec0	143f2223	sw	x3,324(x30)	 x30:0x8003febc  x3:0x00000001 PA:0xxxxxxxxx
     489185.000 ns	     48917	80009ec4	ff9ff06f	jal	x0,80009ec0	
     489235.000 ns	     48922	80009ebc	00036f17	auipc	x30,0x36	 x30=0x8003febc
     489245.000 ns	     48923	80009ec0	143f2223	sw	x3,324(x30)	 x30:0x8003febc  x3:0x00000001 PA:0xxxxxxxxx
     489265.000 ns	     48925	80009ec4	ff9ff06f	jal	x0,80009ec0	
     489315.000 ns	     48930	80009ebc	00036f17	auipc	x30,0x36	 x30=0x8003febc
     489325.000 ns	     48931	80009ec0	143f2223	sw	x3,324(x30)	 x30:0x8003febc  x3:0x00000001 PA:0xxxxxxxxx
     489345.000 ns	     48933	80009ec4	ff9ff06f	jal	x0,80009ec0	
     489395.000 ns	     48938	80009ebc	00036f17	auipc	x30,0x36	 x30=0x8003febc
     489405.000 ns	     48939	80009ec0	143f2223	sw	x3,324(x30)	 x30:0x8003febc  x3:0x00000001 PA:0xxxxxxxxx
     489425.000 ns	     48941	80009ec4	ff9ff06f	jal	x0,80009ec0	
     489475.000 ns	     48946	80009ebc	00036f17	auipc	x30,0x36	 x30=0x8003febc
     489485.000 ns	     48947	80009ec0	143f2223	sw	x3,324(x30)	 x30:0x8003febc  x3:0x00000001 PA:0xxxxxxxxx
     489505.000 ns	     48949	80009ec4	ff9ff06f	jal	x0,80009ec0	
     489555.000 ns	     48954	80009ebc	00036f17	auipc	x30,0x36	 x30=0x8003febc
     489565.000 ns	     48955	80009ec0	143f2223	sw	x3,324(x30)	 x30:0x8003febc  x3:0x00000001 PA:0xxxxxxxxx
     489585.000 ns	     48957	80009ec4	ff9ff06f	jal	x0,80009ec0	
     489635.000 ns	     48962	80009ebc	00036f17	auipc	x30,0x36	 x30=0x8003febc
     489645.000 ns	     48963	80009ec0	143f2223	sw	x3,324(x30)	 x30:0x8003febc  x3:0x00000001 PA:0xxxxxxxxx
     489665.000 ns	     48965	80009ec4	ff9ff06f	jal	x0,80009ec0	
     489715.000 ns	     48970	80009ebc	00036f17	auipc	x30,0x36	 x30=0x8003febc
     489725.000 ns	     48971	80009ec0	143f2223	sw	x3,324(x30)	 x30:0x8003febc  x3:0x00000001 PA:0xxxxxxxxx
     489745.000 ns	     48973	80009ec4	ff9ff06f	jal	x0,80009ec0	
     489795.000 ns	     48978	80009ebc	00036f17	auipc	x30,0x36	 x30=0x8003febc
     489805.000 ns	     48979	80009ec0	143f2223	sw	x3,324(x30)	 x30:0x8003febc  x3:0x00000001 PA:0xxxxxxxxx
     489825.000 ns	     48981	80009ec4	ff9ff06f	jal	x0,80009ec0	
     489875.000 ns	     48986	80009ebc	00036f17	auipc	x30,0x36	 x30=0x8003febc
     489885.000 ns	     48987	80009ec0	143f2223	sw	x3,324(x30)	 x30:0x8003febc  x3:0x00000001 PA:0xxxxxxxxx
     489905.000 ns	     48989	80009ec4	ff9ff06f	jal	x0,80009ec0	
     489955.000 ns	     48994	80009ebc	00036f17	auipc	x30,0x36	 x30=0x8003febc
     489965.000 ns	     48995	80009ec0	143f2223	sw	x3,324(x30)	 x30:0x8003febc  x3:0x00000001 PA:0xxxxxxxxx
     489985.000 ns	     48997	80009ec4	ff9ff06f	jal	x0,80009ec0	
     490035.000 ns	     49002	80009ebc	00036f17	auipc	x30,0x36	 x30=0x8003febc
     490045.000 ns	     49003	80009ec0	143f2223	sw	x3,324(x30)	 x30:0x8003febc  x3:0x00000001 PA:0xxxxxxxxx
     490065.000 ns	     49005	80009ec4	ff9ff06f	jal	x0,80009ec0	
     490115.000 ns	     49010	80009ebc	00036f17	auipc	x30,0x36	 x30=0x8003febc
     490125.000 ns	     49011	80009ec0	143f2223	sw	x3,324(x30)	 x30:0x8003febc  x3:0x00000001 PA:0xxxxxxxxx
     490145.000 ns	     49013	80009ec4	ff9ff06f	jal	x0,80009ec0	
     490195.000 ns	     49018	80009ebc	00036f17	auipc	x30,0x36	 x30=0x8003febc
     490205.000 ns	     49019	80009ec0	143f2223	sw	x3,324(x30)	 x30:0x8003febc  x3:0x00000001 PA:0xxxxxxxxx
     490225.000 ns	     49021	80009ec4	ff9ff06f	jal	x0,80009ec0	
     490275.000 ns	     49026	80009ebc	00036f17	auipc	x30,0x36	 x30=0x8003febc
     490285.000 ns	     49027	80009ec0	143f2223	sw	x3,324(x30)	 x30:0x8003febc  x3:0x00000001 PA:0xxxxxxxxx
     490305.000 ns	     49029	80009ec4	ff9ff06f	jal	x0,80009ec0	
     490355.000 ns	     49034	80009ebc	00036f17	auipc	x30,0x36	 x30=0x8003febc
     490365.000 ns	     49035	80009ec0	143f2223	sw	x3,324(x30)	 x30:0x8003febc  x3:0x00000001 PA:0xxxxxxxxx
     490385.000 ns	     49037	80009ec4	ff9ff06f	jal	x0,80009ec0	
     490435.000 ns	     49042	80009ebc	00036f17	auipc	x30,0x36	 x30=0x8003febc
     490445.000 ns	     49043	80009ec0	143f2223	sw	x3,324(x30)	 x30:0x8003febc  x3:0x00000001 PA:0xxxxxxxxx
     490465.000 ns	     49045	80009ec4	ff9ff06f	jal	x0,80009ec0	
     490515.000 ns	     49050	80009ebc	00036f17	auipc	x30,0x36	 x30=0x8003febc
     490525.000 ns	     49051	80009ec0	143f2223	sw	x3,324(x30)	 x30:0x8003febc  x3:0x00000001 PA:0xxxxxxxxx
     490545.000 ns	     49053	80009ec4	ff9ff06f	jal	x0,80009ec0	
     490595.000 ns	     49058	80009ebc	00036f17	auipc	x30,0x36	 x30=0x8003febc
     490605.000 ns	     49059	80009ec0	143f2223	sw	x3,324(x30)	 x30:0x8003febc  x3:0x00000001 PA:0xxxxxxxxx
     490625.000 ns	     49061	80009ec4	ff9ff06f	jal	x0,80009ec0	
     490675.000 ns	     49066	80009ebc	00036f17	auipc	x30,0x36	 x30=0x8003febc
     490685.000 ns	     49067	80009ec0	143f2223	sw	x3,324(x30)	 x30:0x8003febc  x3:0x00000001 PA:0xxxxxxxxx
     490705.000 ns	     49069	80009ec4	ff9ff06f	jal	x0,80009ec0	
     490755.000 ns	     49074	80009ebc	00036f17	auipc	x30,0x36	 x30=0x8003febc
     490765.000 ns	     49075	80009ec0	143f2223	sw	x3,324(x30)	 x30:0x8003febc  x3:0x00000001 PA:0xxxxxxxxx
     490785.000 ns	     49077	80009ec4	ff9ff06f	jal	x0,80009ec0	
     490835.000 ns	     49082	80009ebc	00036f17	auipc	x30,0x36	 x30=0x8003febc
     490845.000 ns	     49083	80009ec0	143f2223	sw	x3,324(x30)	 x30:0x8003febc  x3:0x00000001 PA:0xxxxxxxxx
     490865.000 ns	     49085	80009ec4	ff9ff06f	jal	x0,80009ec0	
     490915.000 ns	     49090	80009ebc	00036f17	auipc	x30,0x36	 x30=0x8003febc
     490925.000 ns	     49091	80009ec0	143f2223	sw	x3,324(x30)	 x30:0x8003febc  x3:0x00000001 PA:0xxxxxxxxx
     490945.000 ns	     49093	80009ec4	ff9ff06f	jal	x0,80009ec0	
     490995.000 ns	     49098	80009ebc	00036f17	auipc	x30,0x36	 x30=0x8003febc
     491005.000 ns	     49099	80009ec0	143f2223	sw	x3,324(x30)	 x30:0x8003febc  x3:0x00000001 PA:0xxxxxxxxx
     491025.000 ns	     49101	80009ec4	ff9ff06f	jal	x0,80009ec0	
     491075.000 ns	     49106	80009ebc	00036f17	auipc	x30,0x36	 x30=0x8003febc
     491085.000 ns	     49107	80009ec0	143f2223	sw	x3,324(x30)	 x30:0x8003febc  x3:0x00000001 PA:0xxxxxxxxx
     491105.000 ns	     49109	80009ec4	ff9ff06f	jal	x0,80009ec0	
     491155.000 ns	     49114	80009ebc	00036f17	auipc	x30,0x36	 x30=0x8003febc
     491165.000 ns	     49115	80009ec0	143f2223	sw	x3,324(x30)	 x30:0x8003febc  x3:0x00000001 PA:0xxxxxxxxx
     491185.000 ns	     49117	80009ec4	ff9ff06f	jal	x0,80009ec0	
     491235.000 ns	     49122	80009ebc	00036f17	auipc	x30,0x36	 x30=0x8003febc
     491245.000 ns	     49123	80009ec0	143f2223	sw	x3,324(x30)	 x30:0x8003febc  x3:0x00000001 PA:0xxxxxxxxx
     491265.000 ns	     49125	80009ec4	ff9ff06f	jal	x0,80009ec0	
     491315.000 ns	     49130	80009ebc	00036f17	auipc	x30,0x36	 x30=0x8003febc
     491325.000 ns	     49131	80009ec0	143f2223	sw	x3,324(x30)	 x30:0x8003febc  x3:0x00000001 PA:0xxxxxxxxx
     491345.000 ns	     49133	80009ec4	ff9ff06f	jal	x0,80009ec0	
     491395.000 ns	     49138	80009ebc	00036f17	auipc	x30,0x36	 x30=0x8003febc
     491405.000 ns	     49139	80009ec0	143f2223	sw	x3,324(x30)	 x30:0x8003febc  x3:0x00000001 PA:0xxxxxxxxx
     491425.000 ns	     49141	80009ec4	ff9ff06f	jal	x0,80009ec0	
     491475.000 ns	     49146	80009ebc	00036f17	auipc	x30,0x36	 x30=0x8003febc
     491485.000 ns	     49147	80009ec0	143f2223	sw	x3,324(x30)	 x30:0x8003febc  x3:0x00000001 PA:0xxxxxxxxx
     491505.000 ns	     49149	80009ec4	ff9ff06f	jal	x0,80009ec0	
     491555.000 ns	     49154	80009ebc	00036f17	auipc	x30,0x36	 x30=0x8003febc
     491565.000 ns	     49155	80009ec0	143f2223	sw	x3,324(x30)	 x30:0x8003febc  x3:0x00000001 PA:0xxxxxxxxx
     491585.000 ns	     49157	80009ec4	ff9ff06f	jal	x0,80009ec0	
     491635.000 ns	     49162	80009ebc	00036f17	auipc	x30,0x36	 x30=0x8003febc
     491645.000 ns	     49163	80009ec0	143f2223	sw	x3,324(x30)	 x30:0x8003febc  x3:0x00000001 PA:0xxxxxxxxx
     491665.000 ns	     49165	80009ec4	ff9ff06f	jal	x0,80009ec0	
     491715.000 ns	     49170	80009ebc	00036f17	auipc	x30,0x36	 x30=0x8003febc
     491725.000 ns	     49171	80009ec0	143f2223	sw	x3,324(x30)	 x30:0x8003febc  x3:0x00000001 PA:0xxxxxxxxx
     491745.000 ns	     49173	80009ec4	ff9ff06f	jal	x0,80009ec0	
     491795.000 ns	     49178	80009ebc	00036f17	auipc	x30,0x36	 x30=0x8003febc
     491805.000 ns	     49179	80009ec0	143f2223	sw	x3,324(x30)	 x30:0x8003febc  x3:0x00000001 PA:0xxxxxxxxx
     491825.000 ns	     49181	80009ec4	ff9ff06f	jal	x0,80009ec0	
     491875.000 ns	     49186	80009ebc	00036f17	auipc	x30,0x36	 x30=0x8003febc
     491885.000 ns	     49187	80009ec0	143f2223	sw	x3,324(x30)	 x30:0x8003febc  x3:0x00000001 PA:0xxxxxxxxx
     491905.000 ns	     49189	80009ec4	ff9ff06f	jal	x0,80009ec0	
     491955.000 ns	     49194	80009ebc	00036f17	auipc	x30,0x36	 x30=0x8003febc
     491965.000 ns	     49195	80009ec0	143f2223	sw	x3,324(x30)	 x30:0x8003febc  x3:0x00000001 PA:0xxxxxxxxx
     491985.000 ns	     49197	80009ec4	ff9ff06f	jal	x0,80009ec0	
     492035.000 ns	     49202	80009ebc	00036f17	auipc	x30,0x36	 x30=0x8003febc
     492045.000 ns	     49203	80009ec0	143f2223	sw	x3,324(x30)	 x30:0x8003febc  x3:0x00000001 PA:0xxxxxxxxx
     492065.000 ns	     49205	80009ec4	ff9ff06f	jal	x0,80009ec0	
     492115.000 ns	     49210	80009ebc	00036f17	auipc	x30,0x36	 x30=0x8003febc
     492125.000 ns	     49211	80009ec0	143f2223	sw	x3,324(x30)	 x30:0x8003febc  x3:0x00000001 PA:0xxxxxxxxx
     492145.000 ns	     49213	80009ec4	ff9ff06f	jal	x0,80009ec0	
     492195.000 ns	     49218	80009ebc	00036f17	auipc	x30,0x36	 x30=0x8003febc
     492205.000 ns	     49219	80009ec0	143f2223	sw	x3,324(x30)	 x30:0x8003febc  x3:0x00000001 PA:0xxxxxxxxx
     492225.000 ns	     49221	80009ec4	ff9ff06f	jal	x0,80009ec0	
     492275.000 ns	     49226	80009ebc	00036f17	auipc	x30,0x36	 x30=0x8003febc
     492285.000 ns	     49227	80009ec0	143f2223	sw	x3,324(x30)	 x30:0x8003febc  x3:0x00000001 PA:0xxxxxxxxx
     492305.000 ns	     49229	80009ec4	ff9ff06f	jal	x0,80009ec0	
     492355.000 ns	     49234	80009ebc	00036f17	auipc	x30,0x36	 x30=0x8003febc
     492365.000 ns	     49235	80009ec0	143f2223	sw	x3,324(x30)	 x30:0x8003febc  x3:0x00000001 PA:0xxxxxxxxx
     492385.000 ns	     49237	80009ec4	ff9ff06f	jal	x0,80009ec0	
     492435.000 ns	     49242	80009ebc	00036f17	auipc	x30,0x36	 x30=0x8003febc
     492445.000 ns	     49243	80009ec0	143f2223	sw	x3,324(x30)	 x30:0x8003febc  x3:0x00000001 PA:0xxxxxxxxx
     492465.000 ns	     49245	80009ec4	ff9ff06f	jal	x0,80009ec0	
     492515.000 ns	     49250	80009ebc	00036f17	auipc	x30,0x36	 x30=0x8003febc
     492525.000 ns	     49251	80009ec0	143f2223	sw	x3,324(x30)	 x30:0x8003febc  x3:0x00000001 PA:0xxxxxxxxx
     492545.000 ns	     49253	80009ec4	ff9ff06f	jal	x0,80009ec0	
     492595.000 ns	     49258	80009ebc	00036f17	auipc	x30,0x36	 x30=0x8003febc
     492605.000 ns	     49259	80009ec0	143f2223	sw	x3,324(x30)	 x30:0x8003febc  x3:0x00000001 PA:0xxxxxxxxx
     492625.000 ns	     49261	80009ec4	ff9ff06f	jal	x0,80009ec0	
     492675.000 ns	     49266	80009ebc	00036f17	auipc	x30,0x36	 x30=0x8003febc
     492685.000 ns	     49267	80009ec0	143f2223	sw	x3,324(x30)	 x30:0x8003febc  x3:0x00000001 PA:0xxxxxxxxx
     492705.000 ns	     49269	80009ec4	ff9ff06f	jal	x0,80009ec0	
     492755.000 ns	     49274	80009ebc	00036f17	auipc	x30,0x36	 x30=0x8003febc
     492765.000 ns	     49275	80009ec0	143f2223	sw	x3,324(x30)	 x30:0x8003febc  x3:0x00000001 PA:0xxxxxxxxx
     492785.000 ns	     49277	80009ec4	ff9ff06f	jal	x0,80009ec0	
     492835.000 ns	     49282	80009ebc	00036f17	auipc	x30,0x36	 x30=0x8003febc
     492845.000 ns	     49283	80009ec0	143f2223	sw	x3,324(x30)	 x30:0x8003febc  x3:0x00000001 PA:0xxxxxxxxx
     492865.000 ns	     49285	80009ec4	ff9ff06f	jal	x0,80009ec0	
     492915.000 ns	     49290	80009ebc	00036f17	auipc	x30,0x36	 x30=0x8003febc
     492925.000 ns	     49291	80009ec0	143f2223	sw	x3,324(x30)	 x30:0x8003febc  x3:0x00000001 PA:0xxxxxxxxx
     492945.000 ns	     49293	80009ec4	ff9ff06f	jal	x0,80009ec0	
     492995.000 ns	     49298	80009ebc	00036f17	auipc	x30,0x36	 x30=0x8003febc
     493005.000 ns	     49299	80009ec0	143f2223	sw	x3,324(x30)	 x30:0x8003febc  x3:0x00000001 PA:0xxxxxxxxx
     493025.000 ns	     49301	80009ec4	ff9ff06f	jal	x0,80009ec0	
     493075.000 ns	     49306	80009ebc	00036f17	auipc	x30,0x36	 x30=0x8003febc
     493085.000 ns	     49307	80009ec0	143f2223	sw	x3,324(x30)	 x30:0x8003febc  x3:0x00000001 PA:0xxxxxxxxx
     493105.000 ns	     49309	80009ec4	ff9ff06f	jal	x0,80009ec0	
     493155.000 ns	     49314	80009ebc	00036f17	auipc	x30,0x36	 x30=0x8003febc
     493165.000 ns	     49315	80009ec0	143f2223	sw	x3,324(x30)	 x30:0x8003febc  x3:0x00000001 PA:0xxxxxxxxx
     493185.000 ns	     49317	80009ec4	ff9ff06f	jal	x0,80009ec0	
     493235.000 ns	     49322	80009ebc	00036f17	auipc	x30,0x36	 x30=0x8003febc
     493245.000 ns	     49323	80009ec0	143f2223	sw	x3,324(x30)	 x30:0x8003febc  x3:0x00000001 PA:0xxxxxxxxx
     493265.000 ns	     49325	80009ec4	ff9ff06f	jal	x0,80009ec0	
     493315.000 ns	     49330	80009ebc	00036f17	auipc	x30,0x36	 x30=0x8003febc
     493325.000 ns	     49331	80009ec0	143f2223	sw	x3,324(x30)	 x30:0x8003febc  x3:0x00000001 PA:0xxxxxxxxx
     493345.000 ns	     49333	80009ec4	ff9ff06f	jal	x0,80009ec0	
     493395.000 ns	     49338	80009ebc	00036f17	auipc	x30,0x36	 x30=0x8003febc
     493405.000 ns	     49339	80009ec0	143f2223	sw	x3,324(x30)	 x30:0x8003febc  x3:0x00000001 PA:0xxxxxxxxx
     493425.000 ns	     49341	80009ec4	ff9ff06f	jal	x0,80009ec0	
     493475.000 ns	     49346	80009ebc	00036f17	auipc	x30,0x36	 x30=0x8003febc
     493485.000 ns	     49347	80009ec0	143f2223	sw	x3,324(x30)	 x30:0x8003febc  x3:0x00000001 PA:0xxxxxxxxx
     493505.000 ns	     49349	80009ec4	ff9ff06f	jal	x0,80009ec0	
     493555.000 ns	     49354	80009ebc	00036f17	auipc	x30,0x36	 x30=0x8003febc
     493565.000 ns	     49355	80009ec0	143f2223	sw	x3,324(x30)	 x30:0x8003febc  x3:0x00000001 PA:0xxxxxxxxx
     493585.000 ns	     49357	80009ec4	ff9ff06f	jal	x0,80009ec0	
     493635.000 ns	     49362	80009ebc	00036f17	auipc	x30,0x36	 x30=0x8003febc
     493645.000 ns	     49363	80009ec0	143f2223	sw	x3,324(x30)	 x30:0x8003febc  x3:0x00000001 PA:0xxxxxxxxx
     493665.000 ns	     49365	80009ec4	ff9ff06f	jal	x0,80009ec0	
     493715.000 ns	     49370	80009ebc	00036f17	auipc	x30,0x36	 x30=0x8003febc
     493725.000 ns	     49371	80009ec0	143f2223	sw	x3,324(x30)	 x30:0x8003febc  x3:0x00000001 PA:0xxxxxxxxx
     493745.000 ns	     49373	80009ec4	ff9ff06f	jal	x0,80009ec0	
     493795.000 ns	     49378	80009ebc	00036f17	auipc	x30,0x36	 x30=0x8003febc
     493805.000 ns	     49379	80009ec0	143f2223	sw	x3,324(x30)	 x30:0x8003febc  x3:0x00000001 PA:0xxxxxxxxx
     493825.000 ns	     49381	80009ec4	ff9ff06f	jal	x0,80009ec0	
     493875.000 ns	     49386	80009ebc	00036f17	auipc	x30,0x36	 x30=0x8003febc
     493885.000 ns	     49387	80009ec0	143f2223	sw	x3,324(x30)	 x30:0x8003febc  x3:0x00000001 PA:0xxxxxxxxx
     493905.000 ns	     49389	80009ec4	ff9ff06f	jal	x0,80009ec0	
     493955.000 ns	     49394	80009ebc	00036f17	auipc	x30,0x36	 x30=0x8003febc
     493965.000 ns	     49395	80009ec0	143f2223	sw	x3,324(x30)	 x30:0x8003febc  x3:0x00000001 PA:0xxxxxxxxx
     493985.000 ns	     49397	80009ec4	ff9ff06f	jal	x0,80009ec0	
     494035.000 ns	     49402	80009ebc	00036f17	auipc	x30,0x36	 x30=0x8003febc
     494045.000 ns	     49403	80009ec0	143f2223	sw	x3,324(x30)	 x30:0x8003febc  x3:0x00000001 PA:0xxxxxxxxx
     494065.000 ns	     49405	80009ec4	ff9ff06f	jal	x0,80009ec0	
     494115.000 ns	     49410	80009ebc	00036f17	auipc	x30,0x36	 x30=0x8003febc
     494125.000 ns	     49411	80009ec0	143f2223	sw	x3,324(x30)	 x30:0x8003febc  x3:0x00000001 PA:0xxxxxxxxx
     494145.000 ns	     49413	80009ec4	ff9ff06f	jal	x0,80009ec0	
     494195.000 ns	     49418	80009ebc	00036f17	auipc	x30,0x36	 x30=0x8003febc
     494205.000 ns	     49419	80009ec0	143f2223	sw	x3,324(x30)	 x30:0x8003febc  x3:0x00000001 PA:0xxxxxxxxx
     494225.000 ns	     49421	80009ec4	ff9ff06f	jal	x0,80009ec0	
     494275.000 ns	     49426	80009ebc	00036f17	auipc	x30,0x36	 x30=0x8003febc
     494285.000 ns	     49427	80009ec0	143f2223	sw	x3,324(x30)	 x30:0x8003febc  x3:0x00000001 PA:0xxxxxxxxx
     494305.000 ns	     49429	80009ec4	ff9ff06f	jal	x0,80009ec0	
     494355.000 ns	     49434	80009ebc	00036f17	auipc	x30,0x36	 x30=0x8003febc
     494365.000 ns	     49435	80009ec0	143f2223	sw	x3,324(x30)	 x30:0x8003febc  x3:0x00000001 PA:0xxxxxxxxx
     494385.000 ns	     49437	80009ec4	ff9ff06f	jal	x0,80009ec0	
     494435.000 ns	     49442	80009ebc	00036f17	auipc	x30,0x36	 x30=0x8003febc
     494445.000 ns	     49443	80009ec0	143f2223	sw	x3,324(x30)	 x30:0x8003febc  x3:0x00000001 PA:0xxxxxxxxx
     494465.000 ns	     49445	80009ec4	ff9ff06f	jal	x0,80009ec0	
     494515.000 ns	     49450	80009ebc	00036f17	auipc	x30,0x36	 x30=0x8003febc
     494525.000 ns	     49451	80009ec0	143f2223	sw	x3,324(x30)	 x30:0x8003febc  x3:0x00000001 PA:0xxxxxxxxx
     494545.000 ns	     49453	80009ec4	ff9ff06f	jal	x0,80009ec0	
     494595.000 ns	     49458	80009ebc	00036f17	auipc	x30,0x36	 x30=0x8003febc
     494605.000 ns	     49459	80009ec0	143f2223	sw	x3,324(x30)	 x30:0x8003febc  x3:0x00000001 PA:0xxxxxxxxx
     494625.000 ns	     49461	80009ec4	ff9ff06f	jal	x0,80009ec0	
     494675.000 ns	     49466	80009ebc	00036f17	auipc	x30,0x36	 x30=0x8003febc
     494685.000 ns	     49467	80009ec0	143f2223	sw	x3,324(x30)	 x30:0x8003febc  x3:0x00000001 PA:0xxxxxxxxx
     494705.000 ns	     49469	80009ec4	ff9ff06f	jal	x0,80009ec0	
     494755.000 ns	     49474	80009ebc	00036f17	auipc	x30,0x36	 x30=0x8003febc
     494765.000 ns	     49475	80009ec0	143f2223	sw	x3,324(x30)	 x30:0x8003febc  x3:0x00000001 PA:0xxxxxxxxx
     494785.000 ns	     49477	80009ec4	ff9ff06f	jal	x0,80009ec0	
     494835.000 ns	     49482	80009ebc	00036f17	auipc	x30,0x36	 x30=0x8003febc
     494845.000 ns	     49483	80009ec0	143f2223	sw	x3,324(x30)	 x30:0x8003febc  x3:0x00000001 PA:0xxxxxxxxx
     494865.000 ns	     49485	80009ec4	ff9ff06f	jal	x0,80009ec0	
     494915.000 ns	     49490	80009ebc	00036f17	auipc	x30,0x36	 x30=0x8003febc
     494925.000 ns	     49491	80009ec0	143f2223	sw	x3,324(x30)	 x30:0x8003febc  x3:0x00000001 PA:0xxxxxxxxx
     494945.000 ns	     49493	80009ec4	ff9ff06f	jal	x0,80009ec0	
     494995.000 ns	     49498	80009ebc	00036f17	auipc	x30,0x36	 x30=0x8003febc
     495005.000 ns	     49499	80009ec0	143f2223	sw	x3,324(x30)	 x30:0x8003febc  x3:0x00000001 PA:0xxxxxxxxx
     495025.000 ns	     49501	80009ec4	ff9ff06f	jal	x0,80009ec0	
     495075.000 ns	     49506	80009ebc	00036f17	auipc	x30,0x36	 x30=0x8003febc
     495085.000 ns	     49507	80009ec0	143f2223	sw	x3,324(x30)	 x30:0x8003febc  x3:0x00000001 PA:0xxxxxxxxx
     495105.000 ns	     49509	80009ec4	ff9ff06f	jal	x0,80009ec0	
     495155.000 ns	     49514	80009ebc	00036f17	auipc	x30,0x36	 x30=0x8003febc
     495165.000 ns	     49515	80009ec0	143f2223	sw	x3,324(x30)	 x30:0x8003febc  x3:0x00000001 PA:0xxxxxxxxx
     495185.000 ns	     49517	80009ec4	ff9ff06f	jal	x0,80009ec0	
     495235.000 ns	     49522	80009ebc	00036f17	auipc	x30,0x36	 x30=0x8003febc
     495245.000 ns	     49523	80009ec0	143f2223	sw	x3,324(x30)	 x30:0x8003febc  x3:0x00000001 PA:0xxxxxxxxx
     495265.000 ns	     49525	80009ec4	ff9ff06f	jal	x0,80009ec0	
     495315.000 ns	     49530	80009ebc	00036f17	auipc	x30,0x36	 x30=0x8003febc
     495325.000 ns	     49531	80009ec0	143f2223	sw	x3,324(x30)	 x30:0x8003febc  x3:0x00000001 PA:0xxxxxxxxx
     495345.000 ns	     49533	80009ec4	ff9ff06f	jal	x0,80009ec0	
     495395.000 ns	     49538	80009ebc	00036f17	auipc	x30,0x36	 x30=0x8003febc
     495405.000 ns	     49539	80009ec0	143f2223	sw	x3,324(x30)	 x30:0x8003febc  x3:0x00000001 PA:0xxxxxxxxx
     495425.000 ns	     49541	80009ec4	ff9ff06f	jal	x0,80009ec0	
     495475.000 ns	     49546	80009ebc	00036f17	auipc	x30,0x36	 x30=0x8003febc
     495485.000 ns	     49547	80009ec0	143f2223	sw	x3,324(x30)	 x30:0x8003febc  x3:0x00000001 PA:0xxxxxxxxx
     495505.000 ns	     49549	80009ec4	ff9ff06f	jal	x0,80009ec0	
     495555.000 ns	     49554	80009ebc	00036f17	auipc	x30,0x36	 x30=0x8003febc
     495565.000 ns	     49555	80009ec0	143f2223	sw	x3,324(x30)	 x30:0x8003febc  x3:0x00000001 PA:0xxxxxxxxx
     495585.000 ns	     49557	80009ec4	ff9ff06f	jal	x0,80009ec0	
     495635.000 ns	     49562	80009ebc	00036f17	auipc	x30,0x36	 x30=0x8003febc
     495645.000 ns	     49563	80009ec0	143f2223	sw	x3,324(x30)	 x30:0x8003febc  x3:0x00000001 PA:0xxxxxxxxx
     495665.000 ns	     49565	80009ec4	ff9ff06f	jal	x0,80009ec0	
     495715.000 ns	     49570	80009ebc	00036f17	auipc	x30,0x36	 x30=0x8003febc
     495725.000 ns	     49571	80009ec0	143f2223	sw	x3,324(x30)	 x30:0x8003febc  x3:0x00000001 PA:0xxxxxxxxx
     495745.000 ns	     49573	80009ec4	ff9ff06f	jal	x0,80009ec0	
     495795.000 ns	     49578	80009ebc	00036f17	auipc	x30,0x36	 x30=0x8003febc
     495805.000 ns	     49579	80009ec0	143f2223	sw	x3,324(x30)	 x30:0x8003febc  x3:0x00000001 PA:0xxxxxxxxx
     495825.000 ns	     49581	80009ec4	ff9ff06f	jal	x0,80009ec0	
     495875.000 ns	     49586	80009ebc	00036f17	auipc	x30,0x36	 x30=0x8003febc
     495885.000 ns	     49587	80009ec0	143f2223	sw	x3,324(x30)	 x30:0x8003febc  x3:0x00000001 PA:0xxxxxxxxx
     495905.000 ns	     49589	80009ec4	ff9ff06f	jal	x0,80009ec0	
     495955.000 ns	     49594	80009ebc	00036f17	auipc	x30,0x36	 x30=0x8003febc
     495965.000 ns	     49595	80009ec0	143f2223	sw	x3,324(x30)	 x30:0x8003febc  x3:0x00000001 PA:0xxxxxxxxx
     495985.000 ns	     49597	80009ec4	ff9ff06f	jal	x0,80009ec0	
     496035.000 ns	     49602	80009ebc	00036f17	auipc	x30,0x36	 x30=0x8003febc
     496045.000 ns	     49603	80009ec0	143f2223	sw	x3,324(x30)	 x30:0x8003febc  x3:0x00000001 PA:0xxxxxxxxx
     496065.000 ns	     49605	80009ec4	ff9ff06f	jal	x0,80009ec0	
     496115.000 ns	     49610	80009ebc	00036f17	auipc	x30,0x36	 x30=0x8003febc
     496125.000 ns	     49611	80009ec0	143f2223	sw	x3,324(x30)	 x30:0x8003febc  x3:0x00000001 PA:0xxxxxxxxx
     496145.000 ns	     49613	80009ec4	ff9ff06f	jal	x0,80009ec0	
     496195.000 ns	     49618	80009ebc	00036f17	auipc	x30,0x36	 x30=0x8003febc
     496205.000 ns	     49619	80009ec0	143f2223	sw	x3,324(x30)	 x30:0x8003febc  x3:0x00000001 PA:0xxxxxxxxx
     496225.000 ns	     49621	80009ec4	ff9ff06f	jal	x0,80009ec0	
     496275.000 ns	     49626	80009ebc	00036f17	auipc	x30,0x36	 x30=0x8003febc
     496285.000 ns	     49627	80009ec0	143f2223	sw	x3,324(x30)	 x30:0x8003febc  x3:0x00000001 PA:0xxxxxxxxx
     496305.000 ns	     49629	80009ec4	ff9ff06f	jal	x0,80009ec0	
     496355.000 ns	     49634	80009ebc	00036f17	auipc	x30,0x36	 x30=0x8003febc
     496365.000 ns	     49635	80009ec0	143f2223	sw	x3,324(x30)	 x30:0x8003febc  x3:0x00000001 PA:0xxxxxxxxx
     496385.000 ns	     49637	80009ec4	ff9ff06f	jal	x0,80009ec0	
     496435.000 ns	     49642	80009ebc	00036f17	auipc	x30,0x36	 x30=0x8003febc
     496445.000 ns	     49643	80009ec0	143f2223	sw	x3,324(x30)	 x30:0x8003febc  x3:0x00000001 PA:0xxxxxxxxx
     496465.000 ns	     49645	80009ec4	ff9ff06f	jal	x0,80009ec0	
     496515.000 ns	     49650	80009ebc	00036f17	auipc	x30,0x36	 x30=0x8003febc
     496525.000 ns	     49651	80009ec0	143f2223	sw	x3,324(x30)	 x30:0x8003febc  x3:0x00000001 PA:0xxxxxxxxx
     496545.000 ns	     49653	80009ec4	ff9ff06f	jal	x0,80009ec0	
     496595.000 ns	     49658	80009ebc	00036f17	auipc	x30,0x36	 x30=0x8003febc
     496605.000 ns	     49659	80009ec0	143f2223	sw	x3,324(x30)	 x30:0x8003febc  x3:0x00000001 PA:0xxxxxxxxx
     496625.000 ns	     49661	80009ec4	ff9ff06f	jal	x0,80009ec0	
     496675.000 ns	     49666	80009ebc	00036f17	auipc	x30,0x36	 x30=0x8003febc
     496685.000 ns	     49667	80009ec0	143f2223	sw	x3,324(x30)	 x30:0x8003febc  x3:0x00000001 PA:0xxxxxxxxx
     496705.000 ns	     49669	80009ec4	ff9ff06f	jal	x0,80009ec0	
     496755.000 ns	     49674	80009ebc	00036f17	auipc	x30,0x36	 x30=0x8003febc
     496765.000 ns	     49675	80009ec0	143f2223	sw	x3,324(x30)	 x30:0x8003febc  x3:0x00000001 PA:0xxxxxxxxx
     496785.000 ns	     49677	80009ec4	ff9ff06f	jal	x0,80009ec0	
     496835.000 ns	     49682	80009ebc	00036f17	auipc	x30,0x36	 x30=0x8003febc
     496845.000 ns	     49683	80009ec0	143f2223	sw	x3,324(x30)	 x30:0x8003febc  x3:0x00000001 PA:0xxxxxxxxx
     496865.000 ns	     49685	80009ec4	ff9ff06f	jal	x0,80009ec0	
     496915.000 ns	     49690	80009ebc	00036f17	auipc	x30,0x36	 x30=0x8003febc
     496925.000 ns	     49691	80009ec0	143f2223	sw	x3,324(x30)	 x30:0x8003febc  x3:0x00000001 PA:0xxxxxxxxx
     496945.000 ns	     49693	80009ec4	ff9ff06f	jal	x0,80009ec0	
     496995.000 ns	     49698	80009ebc	00036f17	auipc	x30,0x36	 x30=0x8003febc
     497005.000 ns	     49699	80009ec0	143f2223	sw	x3,324(x30)	 x30:0x8003febc  x3:0x00000001 PA:0xxxxxxxxx
     497025.000 ns	     49701	80009ec4	ff9ff06f	jal	x0,80009ec0	
     497075.000 ns	     49706	80009ebc	00036f17	auipc	x30,0x36	 x30=0x8003febc
     497085.000 ns	     49707	80009ec0	143f2223	sw	x3,324(x30)	 x30:0x8003febc  x3:0x00000001 PA:0xxxxxxxxx
     497105.000 ns	     49709	80009ec4	ff9ff06f	jal	x0,80009ec0	
     497155.000 ns	     49714	80009ebc	00036f17	auipc	x30,0x36	 x30=0x8003febc
     497165.000 ns	     49715	80009ec0	143f2223	sw	x3,324(x30)	 x30:0x8003febc  x3:0x00000001 PA:0xxxxxxxxx
     497185.000 ns	     49717	80009ec4	ff9ff06f	jal	x0,80009ec0	
     497235.000 ns	     49722	80009ebc	00036f17	auipc	x30,0x36	 x30=0x8003febc
     497245.000 ns	     49723	80009ec0	143f2223	sw	x3,324(x30)	 x30:0x8003febc  x3:0x00000001 PA:0xxxxxxxxx
     497265.000 ns	     49725	80009ec4	ff9ff06f	jal	x0,80009ec0	
     497315.000 ns	     49730	80009ebc	00036f17	auipc	x30,0x36	 x30=0x8003febc
     497325.000 ns	     49731	80009ec0	143f2223	sw	x3,324(x30)	 x30:0x8003febc  x3:0x00000001 PA:0xxxxxxxxx
     497345.000 ns	     49733	80009ec4	ff9ff06f	jal	x0,80009ec0	
     497395.000 ns	     49738	80009ebc	00036f17	auipc	x30,0x36	 x30=0x8003febc
     497405.000 ns	     49739	80009ec0	143f2223	sw	x3,324(x30)	 x30:0x8003febc  x3:0x00000001 PA:0xxxxxxxxx
     497425.000 ns	     49741	80009ec4	ff9ff06f	jal	x0,80009ec0	
     497475.000 ns	     49746	80009ebc	00036f17	auipc	x30,0x36	 x30=0x8003febc
     497485.000 ns	     49747	80009ec0	143f2223	sw	x3,324(x30)	 x30:0x8003febc  x3:0x00000001 PA:0xxxxxxxxx
     497505.000 ns	     49749	80009ec4	ff9ff06f	jal	x0,80009ec0	
     497555.000 ns	     49754	80009ebc	00036f17	auipc	x30,0x36	 x30=0x8003febc
     497565.000 ns	     49755	80009ec0	143f2223	sw	x3,324(x30)	 x30:0x8003febc  x3:0x00000001 PA:0xxxxxxxxx
     497585.000 ns	     49757	80009ec4	ff9ff06f	jal	x0,80009ec0	
     497635.000 ns	     49762	80009ebc	00036f17	auipc	x30,0x36	 x30=0x8003febc
     497645.000 ns	     49763	80009ec0	143f2223	sw	x3,324(x30)	 x30:0x8003febc  x3:0x00000001 PA:0xxxxxxxxx
     497665.000 ns	     49765	80009ec4	ff9ff06f	jal	x0,80009ec0	
     497715.000 ns	     49770	80009ebc	00036f17	auipc	x30,0x36	 x30=0x8003febc
     497725.000 ns	     49771	80009ec0	143f2223	sw	x3,324(x30)	 x30:0x8003febc  x3:0x00000001 PA:0xxxxxxxxx
     497745.000 ns	     49773	80009ec4	ff9ff06f	jal	x0,80009ec0	
     497795.000 ns	     49778	80009ebc	00036f17	auipc	x30,0x36	 x30=0x8003febc
     497805.000 ns	     49779	80009ec0	143f2223	sw	x3,324(x30)	 x30:0x8003febc  x3:0x00000001 PA:0xxxxxxxxx
     497825.000 ns	     49781	80009ec4	ff9ff06f	jal	x0,80009ec0	
     497875.000 ns	     49786	80009ebc	00036f17	auipc	x30,0x36	 x30=0x8003febc
     497885.000 ns	     49787	80009ec0	143f2223	sw	x3,324(x30)	 x30:0x8003febc  x3:0x00000001 PA:0xxxxxxxxx
     497905.000 ns	     49789	80009ec4	ff9ff06f	jal	x0,80009ec0	
     497955.000 ns	     49794	80009ebc	00036f17	auipc	x30,0x36	 x30=0x8003febc
     497965.000 ns	     49795	80009ec0	143f2223	sw	x3,324(x30)	 x30:0x8003febc  x3:0x00000001 PA:0xxxxxxxxx
     497985.000 ns	     49797	80009ec4	ff9ff06f	jal	x0,80009ec0	
     498035.000 ns	     49802	80009ebc	00036f17	auipc	x30,0x36	 x30=0x8003febc
     498045.000 ns	     49803	80009ec0	143f2223	sw	x3,324(x30)	 x30:0x8003febc  x3:0x00000001 PA:0xxxxxxxxx
     498065.000 ns	     49805	80009ec4	ff9ff06f	jal	x0,80009ec0	
     498115.000 ns	     49810	80009ebc	00036f17	auipc	x30,0x36	 x30=0x8003febc
     498125.000 ns	     49811	80009ec0	143f2223	sw	x3,324(x30)	 x30:0x8003febc  x3:0x00000001 PA:0xxxxxxxxx
     498145.000 ns	     49813	80009ec4	ff9ff06f	jal	x0,80009ec0	
     498195.000 ns	     49818	80009ebc	00036f17	auipc	x30,0x36	 x30=0x8003febc
     498205.000 ns	     49819	80009ec0	143f2223	sw	x3,324(x30)	 x30:0x8003febc  x3:0x00000001 PA:0xxxxxxxxx
     498225.000 ns	     49821	80009ec4	ff9ff06f	jal	x0,80009ec0	
     498275.000 ns	     49826	80009ebc	00036f17	auipc	x30,0x36	 x30=0x8003febc
     498285.000 ns	     49827	80009ec0	143f2223	sw	x3,324(x30)	 x30:0x8003febc  x3:0x00000001 PA:0xxxxxxxxx
     498305.000 ns	     49829	80009ec4	ff9ff06f	jal	x0,80009ec0	
     498355.000 ns	     49834	80009ebc	00036f17	auipc	x30,0x36	 x30=0x8003febc
     498365.000 ns	     49835	80009ec0	143f2223	sw	x3,324(x30)	 x30:0x8003febc  x3:0x00000001 PA:0xxxxxxxxx
     498385.000 ns	     49837	80009ec4	ff9ff06f	jal	x0,80009ec0	
     498435.000 ns	     49842	80009ebc	00036f17	auipc	x30,0x36	 x30=0x8003febc
     498445.000 ns	     49843	80009ec0	143f2223	sw	x3,324(x30)	 x30:0x8003febc  x3:0x00000001 PA:0xxxxxxxxx
     498465.000 ns	     49845	80009ec4	ff9ff06f	jal	x0,80009ec0	
     498515.000 ns	     49850	80009ebc	00036f17	auipc	x30,0x36	 x30=0x8003febc
     498525.000 ns	     49851	80009ec0	143f2223	sw	x3,324(x30)	 x30:0x8003febc  x3:0x00000001 PA:0xxxxxxxxx
     498545.000 ns	     49853	80009ec4	ff9ff06f	jal	x0,80009ec0	
     498595.000 ns	     49858	80009ebc	00036f17	auipc	x30,0x36	 x30=0x8003febc
     498605.000 ns	     49859	80009ec0	143f2223	sw	x3,324(x30)	 x30:0x8003febc  x3:0x00000001 PA:0xxxxxxxxx
     498625.000 ns	     49861	80009ec4	ff9ff06f	jal	x0,80009ec0	
     498675.000 ns	     49866	80009ebc	00036f17	auipc	x30,0x36	 x30=0x8003febc
     498685.000 ns	     49867	80009ec0	143f2223	sw	x3,324(x30)	 x30:0x8003febc  x3:0x00000001 PA:0xxxxxxxxx
     498705.000 ns	     49869	80009ec4	ff9ff06f	jal	x0,80009ec0	
     498755.000 ns	     49874	80009ebc	00036f17	auipc	x30,0x36	 x30=0x8003febc
     498765.000 ns	     49875	80009ec0	143f2223	sw	x3,324(x30)	 x30:0x8003febc  x3:0x00000001 PA:0xxxxxxxxx
     498785.000 ns	     49877	80009ec4	ff9ff06f	jal	x0,80009ec0	
     498835.000 ns	     49882	80009ebc	00036f17	auipc	x30,0x36	 x30=0x8003febc
     498845.000 ns	     49883	80009ec0	143f2223	sw	x3,324(x30)	 x30:0x8003febc  x3:0x00000001 PA:0xxxxxxxxx
     498865.000 ns	     49885	80009ec4	ff9ff06f	jal	x0,80009ec0	
     498915.000 ns	     49890	80009ebc	00036f17	auipc	x30,0x36	 x30=0x8003febc
     498925.000 ns	     49891	80009ec0	143f2223	sw	x3,324(x30)	 x30:0x8003febc  x3:0x00000001 PA:0xxxxxxxxx
     498945.000 ns	     49893	80009ec4	ff9ff06f	jal	x0,80009ec0	
     498995.000 ns	     49898	80009ebc	00036f17	auipc	x30,0x36	 x30=0x8003febc
     499005.000 ns	     49899	80009ec0	143f2223	sw	x3,324(x30)	 x30:0x8003febc  x3:0x00000001 PA:0xxxxxxxxx
     499025.000 ns	     49901	80009ec4	ff9ff06f	jal	x0,80009ec0	
     499075.000 ns	     49906	80009ebc	00036f17	auipc	x30,0x36	 x30=0x8003febc
     499085.000 ns	     49907	80009ec0	143f2223	sw	x3,324(x30)	 x30:0x8003febc  x3:0x00000001 PA:0xxxxxxxxx
     499105.000 ns	     49909	80009ec4	ff9ff06f	jal	x0,80009ec0	
     499155.000 ns	     49914	80009ebc	00036f17	auipc	x30,0x36	 x30=0x8003febc
     499165.000 ns	     49915	80009ec0	143f2223	sw	x3,324(x30)	 x30:0x8003febc  x3:0x00000001 PA:0xxxxxxxxx
     499185.000 ns	     49917	80009ec4	ff9ff06f	jal	x0,80009ec0	
     499235.000 ns	     49922	80009ebc	00036f17	auipc	x30,0x36	 x30=0x8003febc
     499245.000 ns	     49923	80009ec0	143f2223	sw	x3,324(x30)	 x30:0x8003febc  x3:0x00000001 PA:0xxxxxxxxx
     499265.000 ns	     49925	80009ec4	ff9ff06f	jal	x0,80009ec0	
     499315.000 ns	     49930	80009ebc	00036f17	auipc	x30,0x36	 x30=0x8003febc
     499325.000 ns	     49931	80009ec0	143f2223	sw	x3,324(x30)	 x30:0x8003febc  x3:0x00000001 PA:0xxxxxxxxx
     499345.000 ns	     49933	80009ec4	ff9ff06f	jal	x0,80009ec0	
     499395.000 ns	     49938	80009ebc	00036f17	auipc	x30,0x36	 x30=0x8003febc
     499405.000 ns	     49939	80009ec0	143f2223	sw	x3,324(x30)	 x30:0x8003febc  x3:0x00000001 PA:0xxxxxxxxx
     499425.000 ns	     49941	80009ec4	ff9ff06f	jal	x0,80009ec0	
     499475.000 ns	     49946	80009ebc	00036f17	auipc	x30,0x36	 x30=0x8003febc
     499485.000 ns	     49947	80009ec0	143f2223	sw	x3,324(x30)	 x30:0x8003febc  x3:0x00000001 PA:0xxxxxxxxx
     499505.000 ns	     49949	80009ec4	ff9ff06f	jal	x0,80009ec0	
     499555.000 ns	     49954	80009ebc	00036f17	auipc	x30,0x36	 x30=0x8003febc
     499565.000 ns	     49955	80009ec0	143f2223	sw	x3,324(x30)	 x30:0x8003febc  x3:0x00000001 PA:0xxxxxxxxx
     499585.000 ns	     49957	80009ec4	ff9ff06f	jal	x0,80009ec0	
     499635.000 ns	     49962	80009ebc	00036f17	auipc	x30,0x36	 x30=0x8003febc
     499645.000 ns	     49963	80009ec0	143f2223	sw	x3,324(x30)	 x30:0x8003febc  x3:0x00000001 PA:0xxxxxxxxx
     499665.000 ns	     49965	80009ec4	ff9ff06f	jal	x0,80009ec0	
     499715.000 ns	     49970	80009ebc	00036f17	auipc	x30,0x36	 x30=0x8003febc
     499725.000 ns	     49971	80009ec0	143f2223	sw	x3,324(x30)	 x30:0x8003febc  x3:0x00000001 PA:0xxxxxxxxx
     499745.000 ns	     49973	80009ec4	ff9ff06f	jal	x0,80009ec0	
     499795.000 ns	     49978	80009ebc	00036f17	auipc	x30,0x36	 x30=0x8003febc
     499805.000 ns	     49979	80009ec0	143f2223	sw	x3,324(x30)	 x30:0x8003febc  x3:0x00000001 PA:0xxxxxxxxx
     499825.000 ns	     49981	80009ec4	ff9ff06f	jal	x0,80009ec0	
     499875.000 ns	     49986	80009ebc	00036f17	auipc	x30,0x36	 x30=0x8003febc
     499885.000 ns	     49987	80009ec0	143f2223	sw	x3,324(x30)	 x30:0x8003febc  x3:0x00000001 PA:0xxxxxxxxx
     499905.000 ns	     49989	80009ec4	ff9ff06f	jal	x0,80009ec0	
     499955.000 ns	     49994	80009ebc	00036f17	auipc	x30,0x36	 x30=0x8003febc
     499965.000 ns	     49995	80009ec0	143f2223	sw	x3,324(x30)	 x30:0x8003febc  x3:0x00000001 PA:0xxxxxxxxx
     499985.000 ns	     49997	80009ec4	ff9ff06f	jal	x0,80009ec0	
