		Time			Cycle	PC		Insn	Decoded instruction	Register and memory contents
         65.000 ns	         5	80000000	f14022f3	csrrs	x5,mhartid,x0	  x0:0x00000000  x5=0xffffff14
         75.000 ns	         6	80000004	00000313	addi	x6,x0,0	  x0:0x00000000  x6=0x00000000
         85.000 ns	         7	80000008	00628263	beq	x5,x6,8000000c	  x5:0x00000000  x6:0x00000000
         95.000 ns	         8	8000000c	00000697	auipc	x13,0x0	 x13=0x8000000c
        105.000 ns	         9	80000010	00c68693	addi	x13,x13,12	 x13:0x00000000 x13=0x80000018
        115.000 ns	        10	80000014	00068067	jalr	x0,x13,0	 x13:0x00000000
        165.000 ns	        15	80000018	40001bb7	lui	x23,0x40001	 x23=0x40001000
        175.000 ns	        16	8000001c	120b8b93	addi	x23,x23,288	 x23:0x00000000 x23=0x40001120
        185.000 ns	        17	80000020	301b9073	csrrw	x0,misa,x23	 x23:0x00000000
        195.000 ns	        18	80000024	00041a17	auipc	x20,0x41	 x20=0x80041024
        205.000 ns	        19	80000028	000a0a13	addi	x20,x20,0	 x20:0x00000000 x20=0x80041024
        215.000 ns	        20	8000002c	0000bb97	auipc	x23,0xb	 x23=0x8000b02c
        225.000 ns	        21	80000030	8b4b8b93	addi	x23,x23,-1868	 x23:0x40001120 x23=0x8000a8e0
        235.000 ns	        22	80000034	001beb93	ori	x23,x23,1	 x23:0x40001120 x23=0x8000a8e1
        245.000 ns	        23	80000038	305b9073	csrrw	x0,mtvec,x23	 x23:0x8000b02c
        255.000 ns	        24	8000003c	00000b97	auipc	x23,0x0	 x23=0x8000003c
        265.000 ns	        25	80000040	028b8b93	addi	x23,x23,40	 x23:0x8000a8e1 x23=0x80000064
        275.000 ns	        26	80000044	341b9073	csrrw	x0,mepc,x23	 x23:0x8000a8e1
        285.000 ns	        27	80000048	00000013	addi	x0,x0,0	  x0:0x00000000
        295.000 ns	        28	8000004c	00004bb7	lui	x23,0x4	 x23=0x00004000
        305.000 ns	        29	80000050	800b8b93	addi	x23,x23,-2048	 x23:0x80000064 x23=0x00003800
        315.000 ns	        30	80000054	300b9073	csrrw	x0,mstatus,x23	 x23:0x80000064
        325.000 ns	        31	80000058	00000b93	addi	x23,x0,0	  x0:0x00000000 x23=0x00000000
        335.000 ns	        32	8000005c	304b9073	csrrw	x0,mie,x23	 x23:0x00003800
        345.000 ns	        33	80000060	30200073	mret	
        355.000 ns	        34	80000064	00624bb7	lui	x23,0x624	 x23=0x00624000
        365.000 ns	        35	80000068	886b8b93	addi	x23,x23,-1914	 x23:0x00000000 x23=0x00623886
        385.000 ns	        37	8000006c	f00b8053	fmv.w.x	f0,x23	 x23:0x00000000  f0=0x00623886
        405.000 ns	        39	80000070	7fc00bb7	lui	x23,0x7fc00	 x23=0x7fc00000
        425.000 ns	        41	80000074	f00b80d3	fmv.w.x	f1,x23	 x23:0x00623886  f1=0x7fc00000
        445.000 ns	        43	80000078	7717bbb7	lui	x23,0x7717b	 x23=0x7717b000
        455.000 ns	        44	8000007c	5a3b8b93	addi	x23,x23,1443	 x23:0x7fc00000 x23=0x7717b5a3
        475.000 ns	        46	80000080	f00b8153	fmv.w.x	f2,x23	 x23:0x7fc00000  f2=0x7717b5a3
        495.000 ns	        48	80000084	673fdbb7	lui	x23,0x673fd	 x23=0x673fd000
        505.000 ns	        49	80000088	5d9b8b93	addi	x23,x23,1497	 x23:0x7717b5a3 x23=0x673fd5d9
        525.000 ns	        51	8000008c	f00b81d3	fmv.w.x	f3,x23	 x23:0x7717b5a3  f3=0x673fd5d9
        545.000 ns	        53	80000090	7f800bb7	lui	x23,0x7f800	 x23=0x7f800000
        555.000 ns	        54	80000094	fffb8b93	addi	x23,x23,-1	 x23:0x673fd5d9 x23=0x7f7fffff
        575.000 ns	        56	80000098	f00b8253	fmv.w.x	f4,x23	 x23:0x673fd5d9  f4=0x7f7fffff
        595.000 ns	        58	8000009c	80641bb7	lui	x23,0x80641	 x23=0x80641000
        605.000 ns	        59	800000a0	060b8b93	addi	x23,x23,96	 x23:0x7f7fffff x23=0x80641060
        625.000 ns	        61	800000a4	f00b82d3	fmv.w.x	f5,x23	 x23:0x7f7fffff  f5=0x80641060
        645.000 ns	        63	800000a8	ff800bb7	lui	x23,0xff800	 x23=0xff800000
        655.000 ns	        64	800000ac	fffb8b93	addi	x23,x23,-1	 x23:0x80641060 x23=0xff7fffff
        675.000 ns	        66	800000b0	f00b8353	fmv.w.x	f6,x23	 x23:0x80641060  f6=0xff7fffff
        695.000 ns	        68	800000b4	7fc00bb7	lui	x23,0x7fc00	 x23=0x7fc00000
        715.000 ns	        70	800000b8	f00b83d3	fmv.w.x	f7,x23	 x23:0xff7fffff  f7=0x7fc00000
        735.000 ns	        72	800000bc	7f800bb7	lui	x23,0x7f800	 x23=0x7f800000
        755.000 ns	        74	800000c0	f00b8453	fmv.w.x	f8,x23	 x23:0x7fc00000  f8=0x7f800000
        775.000 ns	        76	800000c4	ff800bb7	lui	x23,0xff800	 x23=0xff800000
        785.000 ns	        77	800000c8	fffb8b93	addi	x23,x23,-1	 x23:0x7f800000 x23=0xff7fffff
        805.000 ns	        79	800000cc	f00b84d3	fmv.w.x	f9,x23	 x23:0x7f800000  f9=0xff7fffff
        825.000 ns	        81	800000d0	00212bb7	lui	x23,0x212	 x23=0x00212000
        835.000 ns	        82	800000d4	524b8b93	addi	x23,x23,1316	 x23:0xff7fffff x23=0x00212524
        855.000 ns	        84	800000d8	f00b8553	fmv.w.x	f10,x23	 x23:0xff7fffff f10=0x00212524
        875.000 ns	        86	800000dc	7fc00bb7	lui	x23,0x7fc00	 x23=0x7fc00000
        895.000 ns	        88	800000e0	f00b85d3	fmv.w.x	f11,x23	 x23:0x00212524 f11=0x7fc00000
        915.000 ns	        90	800000e4	7fc00bb7	lui	x23,0x7fc00	 x23=0x7fc00000
        935.000 ns	        92	800000e8	f00b8653	fmv.w.x	f12,x23	 x23:0x7fc00000 f12=0x7fc00000
        955.000 ns	        94	800000ec	804c7bb7	lui	x23,0x804c7	 x23=0x804c7000
        965.000 ns	        95	800000f0	625b8b93	addi	x23,x23,1573	 x23:0x7fc00000 x23=0x804c7625
        985.000 ns	        97	800000f4	f00b86d3	fmv.w.x	f13,x23	 x23:0x7fc00000 f13=0x804c7625
       1005.000 ns	        99	800000f8	7f800bb7	lui	x23,0x7f800	 x23=0x7f800000
       1025.000 ns	       101	800000fc	f00b8753	fmv.w.x	f14,x23	 x23:0x804c7625 f14=0x7f800000
       1045.000 ns	       103	80000100	80000bb7	lui	x23,0x80000	 x23=0x80000000
       1065.000 ns	       105	80000104	f00b87d3	fmv.w.x	f15,x23	 x23:0x7f800000 f15=0x80000000
       1085.000 ns	       107	80000108	801b5bb7	lui	x23,0x801b5	 x23=0x801b5000
       1095.000 ns	       108	8000010c	68bb8b93	addi	x23,x23,1675	 x23:0x80000000 x23=0x801b568b
       1115.000 ns	       110	80000110	f00b8853	fmv.w.x	f16,x23	 x23:0x80000000 f16=0x801b568b
       1135.000 ns	       112	80000114	ff800bb7	lui	x23,0xff800	 x23=0xff800000
       1155.000 ns	       114	80000118	f00b88d3	fmv.w.x	f17,x23	 x23:0x801b568b f17=0xff800000
       1175.000 ns	       116	8000011c	80240bb7	lui	x23,0x80240	 x23=0x80240000
       1185.000 ns	       117	80000120	5e2b8b93	addi	x23,x23,1506	 x23:0xff800000 x23=0x802405e2
       1205.000 ns	       119	80000124	f00b8953	fmv.w.x	f18,x23	 x23:0xff800000 f18=0x802405e2
       1225.000 ns	       121	80000128	ff800bb7	lui	x23,0xff800	 x23=0xff800000
       1245.000 ns	       123	8000012c	f00b89d3	fmv.w.x	f19,x23	 x23:0x802405e2 f19=0xff800000
       1265.000 ns	       125	80000130	ff800bb7	lui	x23,0xff800	 x23=0xff800000
       1285.000 ns	       127	80000134	f00b8a53	fmv.w.x	f20,x23	 x23:0xff800000 f20=0xff800000
       1305.000 ns	       129	80000138	80000bb7	lui	x23,0x80000	 x23=0x80000000
       1325.000 ns	       131	8000013c	f00b8ad3	fmv.w.x	f21,x23	 x23:0xff800000 f21=0x80000000
       1345.000 ns	       133	80000140	8074bbb7	lui	x23,0x8074b	 x23=0x8074b000
       1355.000 ns	       134	80000144	c03b8b93	addi	x23,x23,-1021	 x23:0x80000000 x23=0x8074ac03
       1375.000 ns	       136	80000148	f00b8b53	fmv.w.x	f22,x23	 x23:0x80000000 f22=0x8074ac03
       1395.000 ns	       138	8000014c	00000b93	addi	x23,x0,0	  x0:0x00000000 x23=0x00000000
       1415.000 ns	       140	80000150	f00b8bd3	fmv.w.x	f23,x23	 x23:0x8074ac03 f23=0x00000000
       1435.000 ns	       142	80000154	7f800bb7	lui	x23,0x7f800	 x23=0x7f800000
       1455.000 ns	       144	80000158	f00b8c53	fmv.w.x	f24,x23	 x23:0x00000000 f24=0x7f800000
       1475.000 ns	       146	8000015c	7f800bb7	lui	x23,0x7f800	 x23=0x7f800000
       1495.000 ns	       148	80000160	f00b8cd3	fmv.w.x	f25,x23	 x23:0x7f800000 f25=0x7f800000
       1515.000 ns	       150	80000164	4e618bb7	lui	x23,0x4e618	 x23=0x4e618000
       1525.000 ns	       151	80000168	8bfb8b93	addi	x23,x23,-1857	 x23:0x7f800000 x23=0x4e6178bf
       1545.000 ns	       153	8000016c	f00b8d53	fmv.w.x	f26,x23	 x23:0x7f800000 f26=0x4e6178bf
       1565.000 ns	       155	80000170	006a8bb7	lui	x23,0x6a8	 x23=0x006a8000
       1575.000 ns	       156	80000174	0a1b8b93	addi	x23,x23,161	 x23:0x4e6178bf x23=0x006a80a1
       1595.000 ns	       158	80000178	f00b8dd3	fmv.w.x	f27,x23	 x23:0x4e6178bf f27=0x006a80a1
       1615.000 ns	       160	8000017c	7f800bb7	lui	x23,0x7f800	 x23=0x7f800000
       1635.000 ns	       162	80000180	f00b8e53	fmv.w.x	f28,x23	 x23:0x006a80a1 f28=0x7f800000
       1655.000 ns	       164	80000184	00000b93	addi	x23,x0,0	  x0:0x00000000 x23=0x00000000
       1675.000 ns	       166	80000188	f00b8ed3	fmv.w.x	f29,x23	 x23:0x7f800000 f29=0x00000000
       1695.000 ns	       168	8000018c	7fc00bb7	lui	x23,0x7fc00	 x23=0x7fc00000
       1715.000 ns	       170	80000190	f00b8f53	fmv.w.x	f30,x23	 x23:0x00000000 f30=0x7fc00000
       1735.000 ns	       172	80000194	80000bb7	lui	x23,0x80000	 x23=0x80000000
       1755.000 ns	       174	80000198	f00b8fd3	fmv.w.x	f31,x23	 x23:0x7fc00000 f31=0x80000000
       1775.000 ns	       176	8000019c	0021d073	csrrwi	x0,frm,3	
       1785.000 ns	       177	800001a0	00700013	addi	x0,x0,7	  x0:0x00000000
       1795.000 ns	       178	800001a4	f430a0b7	lui	x1,0xf430a	  x1=0xf430a000
       1805.000 ns	       179	800001a8	08208093	addi	x1,x1,130	  x1:0x00000000  x1=0xf430a082
       1815.000 ns	       180	800001ac	393e6137	lui	x2,0x393e6	  x2=0x393e6000
       1825.000 ns	       181	800001b0	73710113	addi	x2,x2,1847	  x2:0x00000000  x2=0x393e6737
       1835.000 ns	       182	800001b4	00000193	addi	x3,x0,0	  x0:0x00000000  x3=0x00000000
       1845.000 ns	       183	800001b8	afc44237	lui	x4,0xafc44	  x4=0xafc44000
       1855.000 ns	       184	800001bc	2a820213	addi	x4,x4,680	  x4:0x00000000  x4=0xafc442a8
       1865.000 ns	       185	800001c0	472232b7	lui	x5,0x47223	  x5=0x47223000
       1875.000 ns	       186	800001c4	fdf28293	addi	x5,x5,-33	  x5:0xffffff14  x5=0x47222fdf
       1885.000 ns	       187	800001c8	f871c337	lui	x6,0xf871c	  x6=0xf871c000
       1895.000 ns	       188	800001cc	00330313	addi	x6,x6,3	  x6:0x00000000  x6=0xf871c003
       1905.000 ns	       189	800001d0	00700393	addi	x7,x0,7	  x0:0x00000000  x7=0x00000007
       1915.000 ns	       190	800001d4	fb1de437	lui	x8,0xfb1de	  x8=0xfb1de000
       1925.000 ns	       191	800001d8	28140413	addi	x8,x8,641	  x8:0x00000000  x8=0xfb1de281
       1935.000 ns	       192	800001dc	800004b7	lui	x9,0x80000	  x9=0x80000000
       1945.000 ns	       193	800001e0	fdae8537	lui	x10,0xfdae8	 x10=0xfdae8000
       1955.000 ns	       194	800001e4	2b350513	addi	x10,x10,691	 x10:0x00000000 x10=0xfdae82b3
       1965.000 ns	       195	800001e8	800005b7	lui	x11,0x80000	 x11=0x80000000
       1975.000 ns	       196	800001ec	f1734637	lui	x12,0xf1734	 x12=0xf1734000
       1985.000 ns	       197	800001f0	05d60613	addi	x12,x12,93	 x12:0x00000000 x12=0xf173405d
       1995.000 ns	       198	800001f4	00300693	addi	x13,x0,3	  x0:0x00000000 x13=0x00000003
       2005.000 ns	       199	800001f8	fa1c3737	lui	x14,0xfa1c3	 x14=0xfa1c3000
       2015.000 ns	       200	800001fc	41e70713	addi	x14,x14,1054	 x14:0x00000000 x14=0xfa1c341e
       2025.000 ns	       201	80000200	80000837	lui	x16,0x80000	 x16=0x80000000
       2035.000 ns	       202	80000204	f9c3b8b7	lui	x17,0xf9c3b	 x17=0xf9c3b000
       2045.000 ns	       203	80000208	3c588893	addi	x17,x17,965	 x17:0x00000000 x17=0xf9c3b3c5
       2055.000 ns	       204	8000020c	5b0c1937	lui	x18,0x5b0c1	 x18=0x5b0c1000
       2065.000 ns	       205	80000210	79790913	addi	x18,x18,1943	 x18:0x00000000 x18=0x5b0c1797
       2075.000 ns	       206	80000214	800009b7	lui	x19,0x80000	 x19=0x80000000
       2085.000 ns	       207	80000218	00500a93	addi	x21,x0,5	  x0:0x00000000 x21=0x00000005
       2095.000 ns	       208	8000021c	00000b13	addi	x22,x0,0	  x0:0x00000000 x22=0x00000000
       2105.000 ns	       209	80000220	ffd85bb7	lui	x23,0xffd85	 x23=0xffd85000
       2115.000 ns	       210	80000224	264b8b93	addi	x23,x23,612	 x23:0x80000000 x23=0xffd85264
       2125.000 ns	       211	80000228	fb1bdc37	lui	x24,0xfb1bd	 x24=0xfb1bd000
       2135.000 ns	       212	8000022c	26cc0c13	addi	x24,x24,620	 x24:0x00000000 x24=0xfb1bd26c
       2145.000 ns	       213	80000230	00a00c93	addi	x25,x0,10	  x0:0x00000000 x25=0x0000000a
       2155.000 ns	       214	80000234	963aed37	lui	x26,0x963ae	 x26=0x963ae000
       2165.000 ns	       215	80000238	2efd0d13	addi	x26,x26,751	 x26:0x00000000 x26=0x963ae2ef
       2175.000 ns	       216	8000023c	50a99db7	lui	x27,0x50a99	 x27=0x50a99000
       2185.000 ns	       217	80000240	316d8d93	addi	x27,x27,790	 x27:0x00000000 x27=0x50a99316
       2195.000 ns	       218	80000244	80000e37	lui	x28,0x80000	 x28=0x80000000
       2205.000 ns	       219	80000248	80000eb7	lui	x29,0x80000	 x29=0x80000000
       2215.000 ns	       220	8000024c	80000f37	lui	x30,0x80000	 x30=0x80000000
       2225.000 ns	       221	80000250	80000fb7	lui	x31,0x80000	 x31=0x80000000
       2235.000 ns	       222	80000254	00041797	auipc	x15,0x41	 x15=0x80041254
       2245.000 ns	       223	80000258	d9078793	addi	x15,x15,-624	 x15:0x00000000 x15=0x80040fe4
       2255.000 ns	       224	8000025c	0ce08313	addi	x6,x1,206	  x1:0xf430a082  x6=0xf430a150
       2275.000 ns	       226	80000260	02543833	mulhu	x16,x8,x5	  x8:0xfb1de281  x5:0x47222fdf x16=0x45c6d2bf
       2305.000 ns	       229	80000264	e00700d3	fmv.x.w	x1,f14	 f14:0x7f800000  x1=0x7f800000
       2335.000 ns	       232	80000268	c0022e53	fcvt.w.s	x28,f4	  f4:0x7f7fffff x28=0x7fffffff
       2355.000 ns	       234	8000026c	01cdff33	and	x30,x27,x28	 x27:0x50a99316 x28:0x80000000 x30=0x50a99316
       2375.000 ns	       236	80000270	c01ff853	fcvt.wu.s	x16,f31	 f31:0x80000000 x16=0x00000000
       2395.000 ns	       238	80000274	00000013	addi	x0,x0,0	  x0:0x00000000
       2405.000 ns	       239	80000278	25586213	ori	x4,x16,597	 x16:0x00000000  x4=0x00000255
       2425.000 ns	       241	8000027c	c0007653	fcvt.w.s	x12,f0	  f0:0x00623886 x12=0x00000000
       2455.000 ns	       244	80000280	03ee1c33	mulh	x24,x28,x30	 x28:0x7fffffff x30:0x50a99316 x24=0x2854c98a
       2475.000 ns	       246	80000284	405f5713	srai	x14,x30,0x5	 x30:0x50a99316 x14=0x02854c98
       2495.000 ns	       248	80000288	20112453	fsgnjx.s	f8,f2,f1	  f2:0x7717b5a3  f1:0x7fc00000  f8=0x7717b5a3
       2515.000 ns	       250	8000028c	73930993	addi	x19,x6,1849	  x6:0xf430a150 x19=0xf430a889
       2535.000 ns	       252	80000290	03d0a233	mulhsu	x4,x1,x29	  x1:0x7f800000 x29:0x80000000  x4=0x3fc00000
       2575.000 ns	       256	80000294	18277c53	fdiv.s	f24,f14,f2	 f14:0x7f800000  f2:0x7717b5a3 f24=0x7f800000
       2595.000 ns	       258	80000298	004fd1b3	srl	x3,x31,x4	 x31:0x80000000  x4:0x3fc00000  x3=0x80000000
       2615.000 ns	       260	8000029c	03c38db3	mul	x27,x7,x28	  x7:0x00000007 x28:0x7fffffff x27=0x7ffffff9
       2645.000 ns	       263	800002a0	c0018053	fcvt.w.s	x0,f3	  f3:0x673fd5d9
       2685.000 ns	       267	800002a4	580f7253	fsqrt.s	f4,f30	 f30:0x7fc00000  f4=0x7fc00000
       3055.000 ns	       304	800002a8	0263c933	div	x18,x7,x6	  x7:0x00000007  x6:0xf430a150 x18=0x00000000
       3075.000 ns	       306	800002ac	01082533	slt	x10,x16,x16	 x16:0x00000000 x16:0x00000000 x10=0x00000000
       3095.000 ns	       308	800002b0	21559853	fsgnjn.s	f16,f11,f21	 f11:0x7fc00000 f21:0x80000000 f16=0x7fc00000
       3125.000 ns	       311	800002b4	292708d3	fmin.s	f17,f14,f18	 f14:0x7f800000 f18:0x802405e2 f17=0x802405e2
       3155.000 ns	       314	800002b8	294394d3	fmax.s	f9,f7,f20	  f7:0x7fc00000 f20:0xff800000  f9=0xff800000
       3205.000 ns	       319	800002bc	00a39053	fadd.s	f0,f7,f10	  f7:0x7fc00000 f10:0x00212524  f0=0x7fc00000
       3235.000 ns	       322	800002c0	218c0353	fsgnj.s	f6,f24,f24	 f24:0x7f800000 f24:0x7f800000  f6=0x7f800000
       3605.000 ns	       359	800002c4	029b5633	divu	x12,x22,x9	 x22:0x00000000  x9:0x80000000 x12=0x00000000
       3625.000 ns	       361	800002c8	42c790b7	lui	x1,0x42c79	  x1=0x42c79000
       3645.000 ns	       363	800002cc	d00a2d53	fcvt.s.w	f26,x20	 x20:0x80041024 f26=0xcefff7e0
       3675.000 ns	       366	800002d0	f0008ed3	fmv.w.x	f29,x1	  x1:0x7f800000 f29=0x42c79000
       3695.000 ns	       368	800002d4	78b4b313	sltiu	x6,x9,1931	  x9:0x80000000  x6=0x00000000
       3705.000 ns	       369	800002d8	01bd0f33	add	x30,x26,x27	 x26:0x963ae2ef x27:0x7ffffff9 x30=0x163ae2e8
       3725.000 ns	       371	800002dc	02bf12b3	mulh	x5,x30,x11	 x30:0x50a99316 x11:0x80000000  x5=0xf4e28e8c
       3745.000 ns	       373	800002e0	779c9897	auipc	x17,0x779c9	 x17=0xf79c92e0
       3755.000 ns	       374	800002e4	00dd9293	slli	x5,x27,0xd	 x27:0x7ffffff9  x5=0xffff2000
       3765.000 ns	       375	800002e8	01abd913	srli	x18,x23,0x1a	 x23:0xffd85264 x18=0x0000003f
       3775.000 ns	       376	800002ec	5a67b617	auipc	x12,0x5a67b	 x12=0xda67b2ec
       3785.000 ns	       377	800002f0	00855513	srli	x10,x10,0x8	 x10:0x00000000 x10=0x00000000
       3805.000 ns	       379	800002f4	e0051ad3	fclass.s	x21,f10	 f10:0x00212524 x21=0x00000020
       3825.000 ns	       381	800002f8	61807517	auipc	x10,0x61807	 x10=0xe18072f8
       3835.000 ns	       382	800002fc	0a1c2d93	slti	x27,x24,161	 x24:0x2854c98a x27=0x00000000
       3845.000 ns	       383	80000300	01b010b3	sll	x1,x0,x27	  x0:0x00000000 x27:0x7ffffff9  x1=0x00000000
       3855.000 ns	       384	80000304	7c395e17	auipc	x28,0x7c395	 x28=0xfc395304
       4215.000 ns	       420	80000308	02e1f0b3	remu	x1,x3,x14	  x3:0x80000000 x14:0x02854c98  x1=0x01f70a50
       4585.000 ns	       457	8000030c	035c4c33	div	x24,x24,x21	 x24:0x2854c98a x21:0x00000020 x24=0x0142a64c
       4615.000 ns	       460	80000310	299988d3	fmin.s	f17,f19,f25	 f19:0xff800000 f25:0x7f800000 f17=0xff800000
       4635.000 ns	       462	80000314	1b696d93	ori	x27,x18,438	 x18:0x0000003f x27=0x000001bf
       4655.000 ns	       464	80000318	d01c70d3	fcvt.s.wu	f1,x24	 x24:0x0142a64c  f1=0x4ba15326
       4675.000 ns	       466	8000031c	30126117	auipc	x2,0x30126	  x2=0xb012631c
       4685.000 ns	       467	80000320	008bc233	xor	x4,x23,x8	 x23:0xffd85264  x8:0xfb1de281  x4=0x04c5b0e5
       4705.000 ns	       469	80000324	c00b05d3	fcvt.w.s	x11,f22	 f22:0x8074ac03 x11=0x00000000
       4725.000 ns	       471	80000328	00eb1193	slli	x3,x22,0xe	 x22:0x00000000  x3=0x00000000
       4745.000 ns	       473	8000032c	218aab53	fsgnjx.s	f22,f21,f24	 f21:0x80000000 f24:0x7f800000 f22=0x80000000
       4775.000 ns	       476	80000330	a0cc2253	feq.s	x4,f24,f12	 f24:0x7f800000 f12:0x7fc00000  x4=0x00000000
       4805.000 ns	       479	80000334	d0008653	fcvt.s.w	f12,x1	  x1:0x01f70a50 f12=0x4bfb8528
       4825.000 ns	       481	80000338	01524e33	xor	x28,x4,x21	  x4:0x00000000 x21:0x00000020 x28=0x00000020
       4835.000 ns	       482	8000033c	0029f8b3	and	x17,x19,x2	 x19:0xf430a889  x2:0xb012631c x17=0xb0102008
       4845.000 ns	       483	80000340	00000013	addi	x0,x0,0	  x0:0x00000000
       4865.000 ns	       485	80000344	f00905d3	fmv.w.x	f11,x18	 x18:0x0000003f f11=0x0000003f
       4885.000 ns	       487	80000348	417150b3	sra	x1,x2,x23	  x2:0xb012631c x23:0xffd85264  x1=0xfb012631
       4905.000 ns	       489	8000034c	29920c53	fmin.s	f24,f4,f25	  f4:0x7fc00000 f25:0x7f800000 f24=0x7f800000
       4925.000 ns	       491	80000350	9b1c3097	auipc	x1,0x9b1c3	  x1=0x1b1c3350
       4965.000 ns	       495	80000354	09abbcd3	fsub.s	f25,f23,f26	 f23:0x00000000 f26:0xcefff7e0 f25=0x4efff7e0
       5335.000 ns	       532	80000358	02d0efb3	rem	x31,x1,x13	  x1:0xfb012631 x13:0x00000003 x31=0x00000000
       6515.000 ns	       650	8000035c	580ebd53	fsqrt.s	f26,f29	 f29:0x42c79000 f26=0x411fd32b
       6545.000 ns	       653	80000360	02e3b9b3	mulhu	x19,x7,x14	  x7:0x00000007 x14:0x02854c98 x19=0x00000000
       6575.000 ns	       656	80000364	023f7433	remu	x8,x30,x3	 x30:0x163ae2e8  x3:0x00000000  x8=0x163ae2e8
       6605.000 ns	       659	80000368	2194a6d3	fsgnjx.s	f13,f9,f25	  f9:0xff800000 f25:0x4efff7e0 f13=0xff800000
       6645.000 ns	       663	8000036c	5803fc53	fsqrt.s	f24,f7	  f7:0x7fc00000 f24=0x7fc00000
       6675.000 ns	       666	80000370	03f21eb3	mulh	x29,x4,x31	  x4:0x00000000 x31:0x00000000 x29=0x00000000
       6705.000 ns	       669	80000374	20931ed3	fsgnjn.s	f29,f6,f9	  f6:0x7f800000  f9:0xff800000 f29=0x7f800000
       6725.000 ns	       671	80000378	01db9b33	sll	x22,x23,x29	 x23:0xffd85264 x29:0x00000000 x22=0xffd85264
       6735.000 ns	       672	8000037c	01165f13	srli	x30,x12,0x11	 x12:0xda67b2ec x30=0x00006d33
       7095.000 ns	       708	80000380	02eb4433	div	x8,x22,x14	 x22:0x00000000 x14:0x02854c98  x8=0x00000000
       7115.000 ns	       710	80000384	00d74fb3	xor	x31,x14,x13	 x14:0x02854c98 x13:0x00000003 x31=0x02854c9b
       7125.000 ns	       711	80000388	00e220b3	slt	x1,x4,x14	  x4:0x00000000 x14:0x02854c98  x1=0x00000001
       7145.000 ns	       713	8000038c	21372953	fsgnjx.s	f18,f14,f19	 f14:0x7f800000 f19:0xff800000 f18=0xff800000
       7185.000 ns	       717	80000390	191c70d3	fdiv.s	f1,f24,f17	 f24:0x7fc00000 f17:0xff800000  f1=0x7fc00000
       7205.000 ns	       719	80000394	3c5cab37	lui	x22,0x3c5ca	 x22=0x3c5ca000
       7215.000 ns	       720	80000398	00000013	addi	x0,x0,0	  x0:0x00000000
       7575.000 ns	       756	8000039c	0381dab3	divu	x21,x3,x24	  x3:0x00000000 x24:0x0142a64c x21=0x00000000
       7595.000 ns	       758	800003a0	00d9d193	srli	x3,x19,0xd	 x19:0x00000000  x3=0x00000000
       7615.000 ns	       760	800003a4	e00d9d53	fclass.s	x26,f27	 f27:0x006a80a1 x26=0x00000020
       7655.000 ns	       764	800003a8	105af0d3	fmul.s	f1,f21,f5	 f21:0x80000000  f5:0x80641060  f1=0x00000000
       7675.000 ns	       766	800003ac	419b5713	srai	x14,x22,0x19	 x22:0x3c5ca000 x14=0x0000001e
       7685.000 ns	       767	800003b0	5d4ea237	lui	x4,0x5d4ea	  x4=0x5d4ea000
       7695.000 ns	       768	800003b4	691d2c13	slti	x24,x26,1681	 x26:0x00000020 x24=0x00000001
       7705.000 ns	       769	800003b8	0142df13	srli	x30,x5,0x14	  x5:0xffff2000 x30=0x00000fff
       7725.000 ns	       771	800003bc	21190a53	fsgnj.s	f20,f18,f17	 f18:0xff800000 f17:0xff800000 f20=0xff800000
       7745.000 ns	       773	800003c0	41ac83b3	sub	x7,x25,x26	 x25:0x0000000a x26:0x00000020  x7=0xffffffea
       7755.000 ns	       774	800003c4	f8790313	addi	x6,x18,-121	 x18:0x0000003f  x6=0xffffffc6
       7795.000 ns	       778	800003c8	089bfdd3	fsub.s	f27,f23,f9	 f23:0x00000000  f9:0xff800000 f27=0x7f800000
       7815.000 ns	       780	800003cc	23667593	andi	x11,x12,566	 x12:0xda67b2ec x11=0x00000224
       7825.000 ns	       781	800003d0	01424133	xor	x2,x4,x20	  x4:0x5d4ea000 x20:0x80041024  x2=0xdd4ab024
       7835.000 ns	       782	800003d4	00e73d33	sltu	x26,x14,x14	 x14:0x0000001e x14:0x0000001e x26=0x00000000
       7855.000 ns	       784	800003d8	03b43cb3	mulhu	x25,x8,x27	  x8:0x00000000 x27:0x000001bf x25=0x00000000
       7905.000 ns	       789	800003dc	08987a53	fsub.s	f20,f16,f9	 f16:0x7fc00000  f9:0xff800000 f20=0x7fc00000
       7925.000 ns	       791	800003e0	00039f13	slli	x30,x7,0x0	  x7:0xffffffea x30=0xffffffea
       7935.000 ns	       792	800003e4	4d168d93	addi	x27,x13,1233	 x13:0x00000003 x27=0x000004d4
       7955.000 ns	       794	800003e8	f00e89d3	fmv.w.x	f19,x29	 x29:0x00000000 f19=0x00000000
       7975.000 ns	       796	800003ec	00000013	addi	x0,x0,0	  x0:0x00000000
       7985.000 ns	       797	800003f0	6265f093	andi	x1,x11,1574	 x11:0x00000224  x1=0x00000224
       8005.000 ns	       799	800003f4	21a69753	fsgnjn.s	f14,f13,f26	 f13:0xff800000 f26:0x411fd32b f14=0xff800000
       8025.000 ns	       801	800003f8	01dda533	slt	x10,x27,x29	 x27:0x000004d4 x29:0x00000000 x10=0x00000000
       8045.000 ns	       803	800003fc	a0369153	flt.s	x2,f13,f3	 f13:0xff800000  f3:0x673fd5d9  x2=0x00000001
       8065.000 ns	       805	80000400	bb0a2c97	auipc	x25,0xbb0a2	 x25=0x3b0a2400
       8085.000 ns	       807	80000404	d01fa9d3	fcvt.s.wu	f19,x31	 x31:0x02854c9b f19=0x4c215327
       8115.000 ns	       810	80000408	214c8fd3	fsgnj.s	f31,f25,f20	 f25:0x4efff7e0 f20:0x7fc00000 f31=0x4efff7e0
       8135.000 ns	       812	8000040c	4031d213	srai	x4,x3,0x3	  x3:0x00000000  x4=0x00000000
       8155.000 ns	       814	80000410	e00e1453	fclass.s	x8,f28	 f28:0x7f800000  x8=0x00000080
       8175.000 ns	       816	80000414	01c13e33	sltu	x28,x2,x28	  x2:0x00000001 x28:0x00000020 x28=0x00000001
       8185.000 ns	       817	80000418	00f49db3	sll	x27,x9,x15	  x9:0x80000000 x15:0x80040fe4 x27=0x00000000
       8195.000 ns	       818	8000041c	01ad44b3	xor	x9,x26,x26	 x26:0x00000000 x26:0x00000000  x9=0x00000000
       8225.000 ns	       821	80000420	186cb553	fdiv.s	f10,f25,f6	 f25:0x4efff7e0  f6:0x7f800000 f10=0x00000000
       8245.000 ns	       823	80000424	614ff293	andi	x5,x31,1556	 x31:0x02854c9b  x5=0x00000410
       8255.000 ns	       824	80000428	00fcebb3	or	x23,x25,x15	 x25:0x3b0a2400 x15:0x80040fe4 x23=0xbb0e2fe4
       8265.000 ns	       825	8000042c	00406b33	or	x22,x0,x4	  x0:0x00000000  x4:0x00000000 x22=0x00000000
       8275.000 ns	       826	80000430	005baab3	slt	x21,x23,x5	 x23:0xffd85264  x5:0x00000410 x21=0x00000001
       8285.000 ns	       827	80000434	015cc233	xor	x4,x25,x21	 x25:0x3b0a2400 x21:0x00000000  x4=0x3b0a2401
       8295.000 ns	       828	80000438	00cc03b3	add	x7,x24,x12	 x24:0x00000001 x12:0xda67b2ec  x7=0xda67b2ed
       8305.000 ns	       829	8000043c	a11cb413	sltiu	x8,x25,-1519	 x25:0x3b0a2400  x8=0x00000001
       8335.000 ns	       832	80000440	112cfcd3	fmul.s	f25,f25,f18	 f25:0x4efff7e0 f18:0xff800000 f25=0xff800000
       8355.000 ns	       834	80000444	46b14b93	xori	x23,x2,1131	  x2:0x00000001 x23=0x0000046a
       8365.000 ns	       835	80000448	b38d6113	ori	x2,x26,-1224	 x26:0x00000000  x2=0xfffffb38
       8405.000 ns	       839	8000044c	00170353	fadd.s	f6,f14,f1	 f14:0xff800000  f1:0x00000000  f6=0xff800000
       8425.000 ns	       841	80000450	002e1b93	slli	x23,x28,0x2	 x28:0x00000001 x23=0x00000004
       8445.000 ns	       843	80000454	d0120553	fcvt.s.wu	f10,x4	  x4:0x3b0a2401 f10=0x4e6c2890
       8485.000 ns	       847	80000458	5806fcd3	fsqrt.s	f25,f13	 f13:0xff800000 f25=0x7fc00000
       8855.000 ns	       884	8000045c	03247133	remu	x2,x8,x18	  x8:0x00000001 x18:0x0000003f  x2=0x00000001
       9225.000 ns	       921	80000460	02ccc633	div	x12,x25,x12	 x25:0x3b0a2400 x12:0xda67b2ec x12=0xffffffff
       9255.000 ns	       924	80000464	e0099253	fclass.s	x4,f19	 f19:0x4c215327  x4=0x00000040
       9275.000 ns	       926	80000468	01caa3b3	slt	x7,x21,x28	 x21:0x00000001 x28:0x00000001  x7=0x00000000
       9295.000 ns	       928	8000046c	a0b4a353	feq.s	x6,f9,f11	  f9:0xff800000 f11:0x0000003f  x6=0x00000000
       9315.000 ns	       930	80000470	0121d333	srl	x6,x3,x18	  x3:0x00000000 x18:0x0000003f  x6=0x00000000
       9325.000 ns	       931	80000474	01b95eb3	srl	x29,x18,x27	 x18:0x0000003f x27:0x00000000 x29=0x0000003f
       9335.000 ns	       932	80000478	1204cf93	xori	x31,x9,288	  x9:0x00000000 x31=0x00000120
       9345.000 ns	       933	8000047c	1cf4a613	slti	x12,x9,463	  x9:0x00000000 x12=0x00000001
       9365.000 ns	       935	80000480	29458653	fmin.s	f12,f11,f20	 f11:0x0000003f f20:0x7fc00000 f12=0x0000003f
       9385.000 ns	       937	80000484	76257517	auipc	x10,0x76257	 x10=0xf6257484
       9395.000 ns	       938	80000488	2cc18213	addi	x4,x3,716	  x3:0x00000000  x4=0x000002cc
       9415.000 ns	       940	8000048c	c00178d3	fcvt.w.s	x17,f2	  f2:0x7717b5a3 x17=0x7fffffff
       9445.000 ns	       943	80000490	f00d0553	fmv.w.x	f10,x26	 x26:0x00000000 f10=0x00000000
       9475.000 ns	       946	80000494	024eae33	mulhsu	x28,x29,x4	 x29:0x0000003f  x4:0x000002cc x28=0x00000000
       9495.000 ns	       948	80000498	0083bbb3	sltu	x23,x7,x8	  x7:0x00000000  x8:0x00000001 x23=0x00000001
       9515.000 ns	       950	8000049c	d00cf953	fcvt.s.w	f18,x25	 x25:0x3b0a2400 f18=0x4e6c2890
       9565.000 ns	       955	800004a0	0108bdd3	fadd.s	f27,f17,f16	 f17:0xff800000 f16:0x7fc00000 f27=0x7fc00000
       9585.000 ns	       957	800004a4	007e1e13	slli	x28,x28,0x7	 x28:0x00000000 x28=0x00000000
       9595.000 ns	       958	800004a8	54380397	auipc	x7,0x54380	  x7=0xd43804a8
       9615.000 ns	       960	800004ac	03024f33	div	x30,x4,x16	  x4:0x000002cc x16:0x00000000 x30=0xffffffff
       9635.000 ns	       962	800004b0	00919b13	slli	x22,x3,0x9	  x3:0x00000000 x22=0x00000000
       9655.000 ns	       964	800004b4	d004f0d3	fcvt.s.w	f1,x9	  x9:0x00000000  f1=0x00000000
       9675.000 ns	       966	800004b8	c8c67f13	andi	x30,x12,-884	 x12:0x00000001 x30=0x00000000
       9685.000 ns	       967	800004bc	dc9f7113	andi	x2,x30,-567	 x30:0xffffffff  x2=0x00000000
       9695.000 ns	       968	800004c0	011cd393	srli	x7,x25,0x11	 x25:0x3b0a2400  x7=0x00001d85
       9705.000 ns	       969	800004c4	00615433	srl	x8,x2,x6	  x2:0x00000001  x6:0x00000000  x8=0x00000000
       9715.000 ns	       970	800004c8	4ffa0e13	addi	x28,x20,1279	 x20:0x80041024 x28=0x80041523
       9735.000 ns	       972	800004cc	d01afbd3	fcvt.s.wu	f23,x21	 x21:0x00000001 f23=0x3f800000
       9765.000 ns	       975	800004d0	21f52753	fsgnjx.s	f14,f10,f31	 f10:0x00000000 f31:0x4efff7e0 f14=0x00000000
       9785.000 ns	       977	800004d4	00bea633	slt	x12,x29,x11	 x29:0x0000003f x11:0x00000224 x12=0x00000001
       9805.000 ns	       979	800004d8	281f8bd3	fmin.s	f23,f31,f1	 f31:0x4efff7e0  f1:0x00000000 f23=0x00000000
       9825.000 ns	       981	800004dc	40c9d713	srai	x14,x19,0xc	 x19:0x00000000 x14=0x00000000
      10185.000 ns	      1017	800004e0	02c24733	div	x14,x4,x12	  x4:0x000002cc x12:0x00000001 x14=0x000002cc
      10205.000 ns	      1019	800004e4	01a7d933	srl	x18,x15,x26	 x15:0x80040fe4 x26:0x00000000 x18=0x80040fe4
      10225.000 ns	      1021	800004e8	030b3733	mulhu	x14,x22,x16	 x22:0x00000000 x16:0x00000000 x14=0x00000000
      10245.000 ns	      1023	800004ec	fda17c13	andi	x24,x2,-38	  x2:0x00000000 x24=0x00000000
      10265.000 ns	      1025	800004f0	03a4fab3	remu	x21,x9,x26	  x9:0x00000000 x26:0x00000000 x21=0x00000000
      10295.000 ns	      1028	800004f4	c00cf853	fcvt.w.s	x16,f25	 f25:0x7fc00000 x16=0x7fffffff
      10325.000 ns	      1031	800004f8	e0018653	fmv.x.w	x12,f3	  f3:0x673fd5d9 x12=0x673fd5d9
      10345.000 ns	      1033	800004fc	01301313	slli	x6,x0,0x13	  x0:0x00000000  x6=0x00000000
      10355.000 ns	      1034	80000500	01b52cb3	slt	x25,x10,x27	 x10:0xf6257484 x27:0x00000000 x25=0x00000001
      10365.000 ns	      1035	80000504	0e854193	xori	x3,x10,232	 x10:0xf6257484  x3=0xf625746c
      10385.000 ns	      1037	80000508	20c19553	fsgnjn.s	f10,f3,f12	  f3:0x673fd5d9 f12:0x0000003f f10=0xe73fd5d9
      10405.000 ns	      1039	8000050c	84137437	lui	x8,0x84137	  x8=0x84137000
      10435.000 ns	      1042	80000510	10bff253	fmul.s	f4,f31,f11	 f31:0x4efff7e0 f11:0x0000003f  f4=0x077bf801
      10455.000 ns	      1044	80000514	9d2ac193	xori	x3,x21,-1582	 x21:0x00000000  x3=0xfffff9d2
      10495.000 ns	      1048	80000518	00b3f9d3	fadd.s	f19,f7,f11	  f7:0x7fc00000 f11:0x0000003f f19=0x7fc00000
      10525.000 ns	      1051	8000051c	a11003d3	fle.s	x7,f0,f17	  f0:0x7fc00000 f17:0xff800000  x7=0x00000000
      10575.000 ns	      1056	80000520	09591cd3	fsub.s	f25,f18,f21	 f18:0x4e6c2890 f21:0x80000000 f25=0x4e6c2890
      10605.000 ns	      1059	80000524	a0439353	flt.s	x6,f7,f4	  f7:0x7fc00000  f4:0x077bf801  x6=0x00000000
      10625.000 ns	      1061	80000528	40430b33	sub	x22,x6,x4	  x6:0x00000000  x4:0x000002cc x22=0xfffffd34
      10635.000 ns	      1062	8000052c	28a36993	ori	x19,x6,650	  x6:0x00000000 x19=0x0000028a
      10655.000 ns	      1064	80000530	d00bbd53	fcvt.s.w	f26,x23	 x23:0x00000001 f26=0x3f800000
      10675.000 ns	      1066	80000534	01ea1993	slli	x19,x20,0x1e	 x20:0x80041024 x19=0x00000000
      10685.000 ns	      1067	80000538	009d4233	xor	x4,x26,x9	 x26:0x00000000  x9:0x00000000  x4=0x00000000
      10705.000 ns	      1069	8000053c	e00e9fd3	fclass.s	x31,f29	 f29:0x7f800000 x31=0x00000080
      10725.000 ns	      1071	80000540	f64df893	andi	x17,x27,-156	 x27:0x00000000 x17=0x00000000
      10735.000 ns	      1072	80000544	01ef03b3	add	x7,x30,x30	 x30:0x00000000 x30:0x00000000  x7=0x00000000
      10755.000 ns	      1074	80000548	210617d3	fsgnjn.s	f15,f12,f16	 f12:0x0000003f f16:0x7fc00000 f15=0x8000003f
      10785.000 ns	      1077	8000054c	c00ff153	fcvt.w.s	x2,f31	 f31:0x4efff7e0  x2=0x7ffbf000
      10805.000 ns	      1079	80000550	4016d813	srai	x16,x13,0x1	 x13:0x00000003 x16=0x00000001
      10815.000 ns	      1080	80000554	0cbac213	xori	x4,x21,203	 x21:0x00000000  x4=0x000000cb
      10835.000 ns	      1082	80000558	a08ba553	feq.s	x10,f23,f8	 f23:0x00000000  f8:0x7717b5a3 x10=0x00000000
      10865.000 ns	      1085	8000055c	a03a21d3	feq.s	x3,f20,f3	 f20:0x7fc00000  f3:0x673fd5d9  x3=0x00000000
      10895.000 ns	      1088	80000560	d006f0d3	fcvt.s.w	f1,x13	 x13:0x00000003  f1=0x40400000
      10915.000 ns	      1090	80000564	012dfc33	and	x24,x27,x18	 x27:0x00000000 x18:0x80040fe4 x24=0x00000000
      10935.000 ns	      1092	80000568	d0017953	fcvt.s.w	f18,x2	  x2:0x7ffbf000 f18=0x4efff7e0
      10965.000 ns	      1095	8000056c	020e21b3	mulhsu	x3,x28,x0	 x28:0x80041523  x0:0x00000000  x3=0x00000000
      10995.000 ns	      1098	80000570	d01f7a53	fcvt.s.wu	f20,x30	 x30:0x00000000 f20=0x00000000
      11015.000 ns	      1100	80000574	9d6db093	sltiu	x1,x27,-1578	 x27:0x00000000  x1=0x00000001
      11025.000 ns	      1101	80000578	412a59b3	sra	x19,x20,x18	 x20:0x80041024 x18:0x80040fe4 x19=0xf8004102
      11035.000 ns	      1102	8000057c	00ac9eb3	sll	x29,x25,x10	 x25:0x00000001 x10:0x00000000 x29=0x00000001
      11045.000 ns	      1103	80000580	74332213	slti	x4,x6,1859	  x6:0x00000000  x4=0x00000001
      11065.000 ns	      1105	80000584	a14002d3	fle.s	x5,f0,f20	  f0:0x7fc00000 f20:0x00000000  x5=0x00000000
      11085.000 ns	      1107	80000588	01084fb3	xor	x31,x16,x16	 x16:0x00000001 x16:0x00000001 x31=0x00000000
      11095.000 ns	      1108	8000058c	002a68b3	or	x17,x20,x2	 x20:0x80041024  x2:0x7ffbf000 x17=0xfffff024
      11115.000 ns	      1110	80000590	294b8053	fmin.s	f0,f23,f20	 f23:0x00000000 f20:0x00000000  f0=0x00000000
      11145.000 ns	      1113	80000594	c0060753	fcvt.w.s	x14,f12	 f12:0x0000003f x14=0x00000000
      11175.000 ns	      1116	80000598	214aae53	fsgnjx.s	f28,f21,f20	 f21:0x80000000 f20:0x00000000 f28=0x80000000
      11195.000 ns	      1118	8000059c	7c5efd13	andi	x26,x29,1989	 x29:0x00000001 x26=0x00000001
      11205.000 ns	      1119	800005a0	faf44713	xori	x14,x8,-81	  x8:0x84137000 x14=0x7bec8faf
      11215.000 ns	      1120	800005a4	1ef4c313	xori	x6,x9,495	  x9:0x00000000  x6=0x000001ef
      11225.000 ns	      1121	800005a8	bed49d17	auipc	x26,0xbed49	 x26=0x3ed495a8
      11235.000 ns	      1122	800005ac	017514b3	sll	x9,x10,x23	 x10:0x00000000 x23:0x00000001  x9=0x00000000
      11255.000 ns	      1124	800005b0	a16e2b53	feq.s	x22,f28,f22	 f28:0x80000000 f22:0x80000000 x22=0x00000001
      11305.000 ns	      1129	800005b4	08163b53	fsub.s	f22,f12,f1	 f12:0x0000003f  f1:0x40400000 f22=0xc0400000
      11345.000 ns	      1133	800005b8	58082c53	fsqrt.s	f24,f16	 f16:0x7fc00000 f24=0x7fc00000
      11375.000 ns	      1136	800005bc	c00270d3	fcvt.w.s	x1,f4	  f4:0x077bf801  x1=0x00000000
      11405.000 ns	      1139	800005c0	a05f0b53	fle.s	x22,f30,f5	 f30:0x7fc00000  f5:0x80641060 x22=0x00000000
      11425.000 ns	      1141	800005c4	0ccbb993	sltiu	x19,x23,204	 x23:0x00000001 x19=0x00000001
      11435.000 ns	      1142	800005c8	01ed5ab3	srl	x21,x26,x30	 x26:0x3ed495a8 x30:0x00000000 x21=0x3ed495a8
      11445.000 ns	      1143	800005cc	01709033	sll	x0,x1,x23	  x1:0x00000000 x23:0x00000001
      11455.000 ns	      1144	800005d0	a5583a93	sltiu	x21,x16,-1451	 x16:0x00000001 x21=0x00000001
      11475.000 ns	      1146	800005d4	20e72fd3	fsgnjx.s	f31,f14,f14	 f14:0x00000000 f14:0x00000000 f31=0x00000000
      11845.000 ns	      1183	800005d8	03cec8b3	div	x17,x29,x28	 x29:0x00000001 x28:0x80041523 x17=0x00000000
      11875.000 ns	      1186	800005dc	288f17d3	fmax.s	f15,f30,f8	 f30:0x7fc00000  f8:0x7717b5a3 f15=0x7717b5a3
      12245.000 ns	      1223	800005e0	0376db33	divu	x22,x13,x23	 x13:0x00000003 x23:0x00000001 x22=0x00000003
      12265.000 ns	      1225	800005e4	37a56e93	ori	x29,x10,890	 x10:0x00000000 x29=0x0000037a
      12275.000 ns	      1226	800005e8	01b251b3	srl	x3,x4,x27	  x4:0x00000001 x27:0x00000000  x3=0x00000001
      12295.000 ns	      1228	800005ec	c01a1d53	fcvt.wu.s	x26,f20	 f20:0x00000000 x26=0x00000000
      12315.000 ns	      1230	800005f0	c822b313	sltiu	x6,x5,-894	  x5:0x00000000  x6=0x00000001
      12335.000 ns	      1232	800005f4	285b18d3	fmax.s	f17,f22,f5	 f22:0xc0400000  f5:0x80641060 f17=0x80641060
      12365.000 ns	      1235	800005f8	a03508d3	fle.s	x17,f10,f3	 f10:0xe73fd5d9  f3:0x673fd5d9 x17=0x00000001
      12385.000 ns	      1237	800005fc	fb76f893	andi	x17,x13,-73	 x13:0x00000003 x17=0x00000003
      12405.000 ns	      1239	80000600	e00f8853	fmv.x.w	x16,f31	 f31:0x00000000 x16=0x00000000
      12425.000 ns	      1241	80000604	00657733	and	x14,x10,x6	 x10:0x00000000  x6:0x00000001 x14=0x00000000
      12445.000 ns	      1243	80000608	29f28853	fmin.s	f16,f5,f31	  f5:0x80641060 f31:0x00000000 f16=0x80641060
      12465.000 ns	      1245	8000060c	00a20db3	add	x27,x4,x10	  x4:0x00000001 x10:0x00000000 x27=0x00000001
      12485.000 ns	      1247	80000610	03e3efb3	rem	x31,x7,x30	  x7:0x00000000 x30:0x00000000 x31=0x00000000
      12515.000 ns	      1250	80000614	f00c0f53	fmv.w.x	f30,x24	 x24:0x00000000 f30=0x00000000
      12535.000 ns	      1252	80000618	01833733	sltu	x14,x6,x24	  x6:0x00000001 x24:0x00000000 x14=0x00000000
      12555.000 ns	      1254	8000061c	033dafb3	mulhsu	x31,x27,x19	 x27:0x00000001 x19:0x00000001 x31=0x00000000
      12575.000 ns	      1256	80000620	819c7213	andi	x4,x24,-2023	 x24:0x00000000  x4=0x00000000
      12595.000 ns	      1258	80000624	a11120d3	feq.s	x1,f2,f17	  f2:0x7717b5a3 f17:0x80641060  x1=0x00000000
      12625.000 ns	      1261	80000628	f00a81d3	fmv.w.x	f3,x21	 x21:0x00000001  f3=0x00000001
      12645.000 ns	      1263	8000062c	01c124b3	slt	x9,x2,x28	  x2:0x7ffbf000 x28:0x80041523  x9=0x00000000
      12685.000 ns	      1267	80000630	08e78f53	fsub.s	f30,f15,f14	 f15:0x7717b5a3 f14:0x00000000 f30=0x7717b5a3
      12705.000 ns	      1269	80000634	0e060413	addi	x8,x12,224	 x12:0x673fd5d9  x8=0x673fd6b9
      12715.000 ns	      1270	80000638	00000013	addi	x0,x0,0	  x0:0x00000000
      12735.000 ns	      1272	8000063c	28fb1153	fmax.s	f2,f22,f15	 f22:0xc0400000 f15:0x7717b5a3  f2=0x7717b5a3
      12765.000 ns	      1275	80000640	20b52e53	fsgnjx.s	f28,f10,f11	 f10:0xe73fd5d9 f11:0x0000003f f28=0xe73fd5d9
      12785.000 ns	      1277	80000644	41808d33	sub	x26,x1,x24	  x1:0x00000000 x24:0x00000000 x26=0x00000000
      12805.000 ns	      1279	80000648	c006fed3	fcvt.w.s	x29,f13	 f13:0xff800000 x29=0x80000000
      12825.000 ns	      1281	8000064c	e865fe13	andi	x28,x11,-378	 x11:0x00000224 x28=0x00000204
      12835.000 ns	      1282	80000650	409dd193	srai	x3,x27,0x9	 x27:0x00000001  x3=0x00000000
      12845.000 ns	      1283	80000654	7acb7613	andi	x12,x22,1964	 x22:0x00000003 x12=0x00000000
      12865.000 ns	      1285	80000658	02e31c33	mulh	x24,x6,x14	  x6:0x00000001 x14:0x00000000 x24=0x00000000
      12895.000 ns	      1288	8000065c	030ccbb3	div	x23,x25,x16	 x25:0x00000001 x16:0x00000000 x23=0xffffffff
      12925.000 ns	      1291	80000660	29b009d3	fmin.s	f19,f0,f27	  f0:0x00000000 f27:0x7fc00000 f19=0x00000000
      12955.000 ns	      1294	80000664	e0048953	fmv.x.w	x18,f9	  f9:0xff800000 x18=0xff800000
      12985.000 ns	      1297	80000668	027724b3	mulhsu	x9,x14,x7	 x14:0x00000000  x7:0x00000000  x9=0x00000000
      13005.000 ns	      1299	8000066c	a4513093	sltiu	x1,x2,-1467	  x2:0x7ffbf000  x1=0x00000001
      13025.000 ns	      1301	80000670	d01fa3d3	fcvt.s.wu	f7,x31	 x31:0x00000000  f7=0x00000000
      13065.000 ns	      1305	80000674	10effa53	fmul.s	f20,f31,f14	 f31:0x00000000 f14:0x00000000 f20=0x00000000
      13085.000 ns	      1307	80000678	00f76d33	or	x26,x14,x15	 x14:0x00000000 x15:0x80040fe4 x26=0x80040fe4
      13095.000 ns	      1308	8000067c	da5dfc93	andi	x25,x27,-603	 x27:0x00000001 x25=0x00000001
      13115.000 ns	      1310	80000680	20f40453	fsgnj.s	f8,f8,f15	  f8:0x7717b5a3 f15:0x7717b5a3  f8=0x7717b5a3
      13135.000 ns	      1312	80000684	00be1d33	sll	x26,x28,x11	 x28:0x00000204 x11:0x00000224 x26=0x00002040
      13465.000 ns	      1345	80000688	19917cd3	fdiv.s	f25,f2,f25	  f2:0x7717b5a3 f25:0x4e6c2890 f25=0x6817b5a4
      13835.000 ns	      1382	8000068c	03964533	div	x10,x12,x25	 x12:0x00000000 x25:0x00000001 x10=0x00000000
      13855.000 ns	      1384	80000690	00000013	addi	x0,x0,0	  x0:0x00000000
      13865.000 ns	      1385	80000694	01dcbdb3	sltu	x27,x25,x29	 x25:0x00000001 x29:0x80000000 x27=0x00000001
      13885.000 ns	      1387	80000698	d01e1a53	fcvt.s.wu	f20,x28	 x28:0x00000204 f20=0x44010000
      13915.000 ns	      1390	8000069c	02a06233	rem	x4,x0,x10	  x0:0x00000000 x10:0x00000000  x4=0x00000000
      13945.000 ns	      1393	800006a0	c00ef953	fcvt.w.s	x18,f29	 f29:0x7f800000 x18=0x7fffffff
      15125.000 ns	      1511	800006a4	58023bd3	fsqrt.s	f23,f4	  f4:0x077bf801 f23=0x23322ae5
      15145.000 ns	      1513	800006a8	9896b993	sltiu	x19,x13,-1655	 x13:0x00000003 x19=0x00000001
      15155.000 ns	      1514	800006ac	b0d97c13	andi	x24,x18,-1267	 x18:0x7fffffff x24=0x7ffffb0d
      15165.000 ns	      1515	800006b0	be943893	sltiu	x17,x8,-1047	  x8:0x673fd6b9 x17=0x00000001
      15185.000 ns	      1517	800006b4	f0088ed3	fmv.w.x	f29,x17	 x17:0x00000003 f29=0x00000001
      15205.000 ns	      1519	800006b8	cd434597	auipc	x11,0xcd434	 x11=0x4d4346b8
      15225.000 ns	      1521	800006bc	c00302d3	fcvt.w.s	x5,f6	  f6:0xff800000  x5=0x80000000
      15595.000 ns	      1558	800006c0	035ddd33	divu	x26,x27,x21	 x27:0x00000001 x21:0x00000001 x26=0x00000001
      15615.000 ns	      1560	800006c4	004732b3	sltu	x5,x14,x4	 x14:0x00000000  x4:0x00000000  x5=0x00000000
      15635.000 ns	      1562	800006c8	020360b3	rem	x1,x6,x0	  x6:0x00000001  x0:0x00000000  x1=0x00000001
      15665.000 ns	      1565	800006cc	c00679d3	fcvt.w.s	x19,f12	 f12:0x0000003f x19=0x00000000
      16035.000 ns	      1602	800006d0	03506f33	rem	x30,x0,x21	  x0:0x00000000 x21:0x00000001 x30=0x00000000
      16065.000 ns	      1605	800006d4	c0122253	fcvt.wu.s	x4,f4	  f4:0x077bf801  x4=0x00000000
      16435.000 ns	      1642	800006d8	038bd0b3	divu	x1,x23,x24	 x23:0xffffffff x24:0x7ffffb0d  x1=0x00000002
      16465.000 ns	      1645	800006dc	0239b833	mulhu	x16,x19,x3	 x19:0x00000000  x3:0x00000000 x16=0x00000000
      16485.000 ns	      1647	800006e0	41678bb3	sub	x23,x15,x22	 x15:0x80040fe4 x22:0x00000003 x23=0x80040fe1
      16505.000 ns	      1649	800006e4	d01af553	fcvt.s.wu	f10,x21	 x21:0x00000001 f10=0x3f800000
      16535.000 ns	      1652	800006e8	03ffd9b3	divu	x19,x31,x31	 x31:0x00000000 x31:0x00000000 x19=0xffffffff
      16565.000 ns	      1655	800006ec	02659eb3	mulh	x29,x11,x6	 x11:0x4d4346b8  x6:0x00000001 x29=0x00000000
      16595.000 ns	      1658	800006f0	e00a13d3	fclass.s	x7,f20	 f20:0x44010000  x7=0x00000040
      16645.000 ns	      1663	800006f4	0971a853	fsub.s	f16,f3,f23	  f3:0x00000001 f23:0x23322ae5 f16=0xa3322ae5
      16665.000 ns	      1665	800006f8	00db9093	slli	x1,x23,0xd	 x23:0x80040fe1  x1=0x81fc2000
      16675.000 ns	      1666	800006fc	010ce833	or	x16,x25,x16	 x25:0x00000001 x16:0x00000000 x16=0x00000001
      16685.000 ns	      1667	80000700	0184ab33	slt	x22,x9,x24	  x9:0x00000000 x24:0x7ffffb0d x22=0x00000001
      16695.000 ns	      1668	80000704	a8cbf437	lui	x8,0xa8cbf	  x8=0xa8cbf000
      16705.000 ns	      1669	80000708	019d7533	and	x10,x26,x25	 x26:0x00000001 x25:0x00000001 x10=0x00000001
      16725.000 ns	      1671	8000070c	03d11fb3	mulh	x31,x2,x29	  x2:0x7ffbf000 x29:0x00000000 x31=0x00000000
      16745.000 ns	      1673	80000710	72e13113	sltiu	x2,x2,1838	  x2:0x7ffbf000  x2=0x00000000
      16755.000 ns	      1674	80000714	35c3f393	andi	x7,x7,860	  x7:0x00000040  x7=0x00000040
      16765.000 ns	      1675	80000718	41bc08b3	sub	x17,x24,x27	 x24:0x7ffffb0d x27:0x00000001 x17=0x7ffffb0c
      16785.000 ns	      1677	8000071c	21cd85d3	fsgnj.s	f11,f27,f28	 f27:0x7fc00000 f28:0xe73fd5d9 f11=0xffc00000
      16805.000 ns	      1679	80000720	00f3d1b3	srl	x3,x7,x15	  x7:0x00000040 x15:0x80040fe4  x3=0x00000004
      16815.000 ns	      1680	80000724	ad87fc93	andi	x25,x15,-1320	 x15:0x80040fe4 x25=0x80040ac0
      16835.000 ns	      1682	80000728	a037ab53	feq.s	x22,f15,f3	 f15:0x7717b5a3  f3:0x00000001 x22=0x00000000
      16865.000 ns	      1685	8000072c	205022d3	fsgnjx.s	f5,f0,f5	  f0:0x00000000  f5:0x80641060  f5=0x80000000
      16895.000 ns	      1688	80000730	a1498653	fle.s	x12,f19,f20	 f19:0x00000000 f20:0x44010000 x12=0x00000001
      16925.000 ns	      1691	80000734	02a08c33	mul	x24,x1,x10	  x1:0x81fc2000 x10:0x00000001 x24=0x81fc2000
      16955.000 ns	      1694	80000738	033e3db3	mulhu	x27,x28,x19	 x28:0x00000204 x19:0xffffffff x27=0x00000203
      16985.000 ns	      1697	8000073c	20dc0053	fsgnj.s	f0,f24,f13	 f24:0x7fc00000 f13:0xff800000  f0=0xffc00000
      17035.000 ns	      1702	80000740	081affd3	fsub.s	f31,f21,f1	 f21:0x80000000  f1:0x40400000 f31=0xc0400000
      17055.000 ns	      1704	80000744	1c317d13	andi	x26,x2,451	  x2:0x00000000 x26=0x00000000
      17075.000 ns	      1706	80000748	d0082753	fcvt.s.w	f14,x16	 x16:0x00000001 f14=0x3f800000
      17095.000 ns	      1708	8000074c	58894293	xori	x5,x18,1416	 x18:0x7fffffff  x5=0x7ffffa77
      17455.000 ns	      1744	80000750	037e6db3	rem	x27,x28,x23	 x28:0x00000204 x23:0x80040fe1 x27=0x00000204
      17485.000 ns	      1747	80000754	20ecae53	fsgnjx.s	f28,f25,f14	 f25:0x6817b5a4 f14:0x3f800000 f28=0x6817b5a4
      17515.000 ns	      1750	80000758	2115aed3	fsgnjx.s	f29,f11,f17	 f11:0xffc00000 f17:0x80641060 f29=0x7fc00000
      17535.000 ns	      1752	8000075c	d74d4193	xori	x3,x26,-652	 x26:0x00000000  x3=0xfffffd74
      17555.000 ns	      1754	80000760	a0cb83d3	fle.s	x7,f23,f12	 f23:0x23322ae5 f12:0x0000003f  x7=0x00000000
      17585.000 ns	      1757	80000764	02bf88b3	mul	x17,x31,x11	 x31:0x00000000 x11:0x4d4346b8 x17=0x00000000
      17605.000 ns	      1759	80000768	41918f33	sub	x30,x3,x25	  x3:0xfffffd74 x25:0x80040ac0 x30=0x7ffbf2b4
      17625.000 ns	      1761	8000076c	a06c0653	fle.s	x12,f24,f6	 f24:0x7fc00000  f6:0xff800000 x12=0x00000000
      17645.000 ns	      1763	80000770	f6664993	xori	x19,x12,-154	 x12:0x00000001 x19=0xffffff66
      17655.000 ns	      1764	80000774	66be4c93	xori	x25,x28,1643	 x28:0x00000204 x25=0x0000046f
      17675.000 ns	      1766	80000778	028419b3	mulh	x19,x8,x8	  x8:0xa8cbf000  x8:0xa8cbf000 x19=0x1db46d76
      18015.000 ns	      1800	8000077c	19ad3e53	fdiv.s	f28,f26,f26	 f26:0x3f800000 f26:0x3f800000 f28=0x3f7fff38
      18045.000 ns	      1803	80000780	031f0733	mul	x14,x30,x17	 x30:0x7ffbf2b4 x17:0x00000000 x14=0x00000000
      18065.000 ns	      1805	80000784	1105df37	lui	x30,0x1105d	 x30=0x1105d000
      18085.000 ns	      1807	80000788	c0027bd3	fcvt.w.s	x23,f4	  f4:0x077bf801 x23=0x00000000
      18115.000 ns	      1810	8000078c	03c5ae33	mulhsu	x28,x11,x28	 x11:0x4d4346b8 x28:0x00000204 x28=0x0000009b
      18145.000 ns	      1813	80000790	e0010453	fmv.x.w	x8,f2	  f2:0x7717b5a3  x8=0x7717b5a3
      18175.000 ns	      1816	80000794	20ed1c53	fsgnjn.s	f24,f26,f14	 f26:0x3f800000 f14:0x3f800000 f24=0xbf800000
      18205.000 ns	      1819	80000798	20228553	fsgnj.s	f10,f5,f2	  f5:0x80000000  f2:0x7717b5a3 f10=0x00000000
      18245.000 ns	      1823	8000079c	1965ae53	fdiv.s	f28,f11,f22	 f11:0xffc00000 f22:0xc0400000 f28=0x7fc00000
      18265.000 ns	      1825	800007a0	01795193	srli	x3,x18,0x17	 x18:0x7fffffff  x3=0x000000ff
      18275.000 ns	      1826	800007a4	012e6cb3	or	x25,x28,x18	 x28:0x0000009b x18:0x7fffffff x25=0x7fffffff
      18295.000 ns	      1828	800007a8	f00606d3	fmv.w.x	f13,x12	 x12:0x00000000 f13=0x00000000
      18325.000 ns	      1831	800007ac	c01a7fd3	fcvt.wu.s	x31,f20	 f20:0x44010000 x31=0x00000204
      19505.000 ns	      1949	800007b0	580702d3	fsqrt.s	f5,f14	 f14:0x3f800000  f5=0x3f7fffae
      19525.000 ns	      1951	800007b4	00db5193	srli	x3,x22,0xd	 x22:0x00000000  x3=0x00000000
      19885.000 ns	      1987	800007b8	03ba5733	divu	x14,x20,x27	 x20:0x80041024 x27:0x00000204 x14=0x003f8302
      19935.000 ns	      1992	800007bc	006d9dd3	fadd.s	f27,f27,f6	 f27:0x7fc00000  f6:0xff800000 f27=0x7fc00000
      19965.000 ns	      1995	800007c0	0287a933	mulhsu	x18,x15,x8	 x15:0x80040fe4  x8:0x7717b5a3 x18=0xc47608f1
      19995.000 ns	      1998	800007c4	285a0e53	fmin.s	f28,f20,f5	 f20:0x44010000  f5:0x3f7fffae f28=0x3f7fffae
      20025.000 ns	      2001	800007c8	a0010653	fle.s	x12,f2,f0	  f2:0x7717b5a3  f0:0xffc00000 x12=0x00000000
      20395.000 ns	      2038	800007cc	028f6833	rem	x16,x30,x8	 x30:0x1105d000  x8:0x7717b5a3 x16=0x1105d000
      20425.000 ns	      2041	800007d0	02347b33	remu	x22,x8,x3	  x8:0x7717b5a3  x3:0x00000000 x22=0x7717b5a3
      20455.000 ns	      2044	800007d4	f00b06d3	fmv.w.x	f13,x22	 x22:0x00000000 f13=0x7717b5a3
      20485.000 ns	      2047	800007d8	036c3db3	mulhu	x27,x24,x22	 x24:0x81fc2000 x22:0x7717b5a3 x27=0x3c783cc0
      20515.000 ns	      2050	800007dc	a0f42dd3	feq.s	x27,f8,f15	  f8:0x7717b5a3 f15:0x7717b5a3 x27=0x00000001
      20535.000 ns	      2052	800007e0	005df0b3	and	x1,x27,x5	 x27:0x3c783cc0  x5:0x7ffffa77  x1=0x00000001
      20545.000 ns	      2053	800007e4	0052a3b3	slt	x7,x5,x5	  x5:0x7ffffa77  x5:0x7ffffa77  x7=0x00000000
      20575.000 ns	      2056	800007e8	111a7853	fmul.s	f16,f20,f17	 f20:0x44010000 f17:0x80641060 f16=0x84c9b101
      20605.000 ns	      2059	800007ec	e00e1953	fclass.s	x18,f28	 f28:0x3f7fffae x18=0x00000040
      20635.000 ns	      2062	800007f0	e0010453	fmv.x.w	x8,f2	  f2:0x7717b5a3  x8=0x7717b5a3
      20655.000 ns	      2064	800007f4	00000013	addi	x0,x0,0	  x0:0x00000000
      20665.000 ns	      2065	800007f8	ac220713	addi	x14,x4,-1342	  x4:0x00000000 x14=0xfffffac2
      21025.000 ns	      2101	800007fc	02816133	rem	x2,x2,x8	  x2:0x00000000  x8:0x7717b5a3  x2=0x00000000
      21045.000 ns	      2103	80000800	01a6d8b3	srl	x17,x13,x26	 x13:0x00000003 x26:0x00000000 x17=0x00000003
      21405.000 ns	      2139	80000804	0389f9b3	remu	x19,x19,x24	 x19:0x1db46d76 x24:0x81fc2000 x19=0x1db46d76
      21435.000 ns	      2142	80000808	021683b3	mul	x7,x13,x1	 x13:0x00000003  x1:0x00000001  x7=0x00000003
      21465.000 ns	      2145	8000080c	d00f0f53	fcvt.s.w	f30,x30	 x30:0x1105d000 f30=0x4d882e80
      21485.000 ns	      2147	80000810	01891333	sll	x6,x18,x24	 x18:0x00000040 x24:0x81fc2000  x6=0x00000040
      21845.000 ns	      2183	80000814	0262f433	remu	x8,x5,x6	  x5:0x7ffffa77  x6:0x00000001  x8=0x00000037
      21865.000 ns	      2185	80000818	00000013	addi	x0,x0,0	  x0:0x00000000
      21885.000 ns	      2187	8000081c	f00d86d3	fmv.w.x	f13,x27	 x27:0x00000001 f13=0x00000001
      21905.000 ns	      2189	80000820	01135db3	srl	x27,x6,x17	  x6:0x00000040 x17:0x00000003 x27=0x00000008
      21925.000 ns	      2191	80000824	209b0b53	fsgnj.s	f22,f22,f9	 f22:0xc0400000  f9:0xff800000 f22=0xc0400000
      21955.000 ns	      2194	80000828	205504d3	fsgnj.s	f9,f10,f5	 f10:0x00000000  f5:0x3f7fffae  f9=0x00000000
      21975.000 ns	      2196	8000082c	008c6e33	or	x28,x24,x8	 x24:0x81fc2000  x8:0x00000037 x28=0x81fc2037
      21985.000 ns	      2197	80000830	40e45b13	srai	x22,x8,0xe	  x8:0x00000037 x22=0x00000000
      22005.000 ns	      2199	80000834	214c1553	fsgnjn.s	f10,f24,f20	 f24:0xbf800000 f20:0x44010000 f10=0xbf800000
      22035.000 ns	      2202	80000838	c00c7453	fcvt.w.s	x8,f24	 f24:0xbf800000  x8=0x00000001
      22405.000 ns	      2239	8000083c	03f0dfb3	divu	x31,x1,x31	  x1:0x00000001 x31:0x00000204 x31=0x00000000
      22425.000 ns	      2241	80000840	006fa5b3	slt	x11,x31,x6	 x31:0x00000204  x6:0x00000040 x11=0x00000001
      22465.000 ns	      2245	80000844	01cf7253	fadd.s	f4,f30,f28	 f30:0x4d882e80 f28:0x3f7fffae  f4=0x4d882e80
      22485.000 ns	      2247	80000848	017192b3	sll	x5,x3,x23	  x3:0x00000000 x23:0x00000000  x5=0x00000000
      22515.000 ns	      2250	8000084c	11fbb1d3	fmul.s	f3,f23,f31	 f23:0x23322ae5 f31:0xc0400000  f3=0xa405a02b
      22545.000 ns	      2253	80000850	c00580d3	fcvt.w.s	x1,f11	 f11:0xffc00000  x1=0x7fffffff
      22575.000 ns	      2256	80000854	295b8153	fmin.s	f2,f23,f21	 f23:0x23322ae5 f21:0x80000000  f2=0x80000000
      22595.000 ns	      2258	80000858	4162d433	sra	x8,x5,x22	  x5:0x00000000 x22:0x00000000  x8=0x00000000
      22615.000 ns	      2260	8000085c	298399d3	fmax.s	f19,f7,f24	  f7:0x00000000 f24:0xbf800000 f19=0x00000000
      22665.000 ns	      2265	80000860	01b87c53	fadd.s	f24,f16,f27	 f16:0x84c9b101 f27:0x7fc00000 f24=0x7fc00000
      22685.000 ns	      2267	80000864	7e4999b7	lui	x19,0x7e499	 x19=0x7e499000
      23855.000 ns	      2384	80000868	58073953	fsqrt.s	f18,f14	 f14:0x3f800000 f18=0x3f7fffae
      23875.000 ns	      2386	8000086c	41a6d613	srai	x12,x13,0x1a	 x13:0x00000003 x12=0x00000000
      23895.000 ns	      2388	80000870	02f6af33	mulhsu	x30,x13,x15	 x13:0x00000003 x15:0x80040fe4 x30=0x00000001
      23915.000 ns	      2390	80000874	01faa4b3	slt	x9,x21,x31	 x21:0x00000001 x31:0x00000000  x9=0x00000000
      23935.000 ns	      2392	80000878	d0082fd3	fcvt.s.w	f31,x16	 x16:0x1105d000 f31=0x4d882e80
      23965.000 ns	      2395	8000087c	027db533	mulhu	x10,x27,x7	 x27:0x00000008  x7:0x00000003 x10=0x00000000
      23995.000 ns	      2398	80000880	d008f6d3	fcvt.s.w	f13,x17	 x17:0x00000003 f13=0x40400000
      24025.000 ns	      2401	80000884	02504c33	div	x24,x0,x5	  x0:0x00000000  x5:0x00000000 x24=0xffffffff
      24065.000 ns	      2405	80000888	198a7d53	fdiv.s	f26,f20,f24	 f20:0x44010000 f24:0x7fc00000 f26=0x7fc00000
      24115.000 ns	      2410	8000088c	00527dd3	fadd.s	f27,f4,f5	  f4:0x4d882e80  f5:0x3f7fffae f27=0x4d882e80
      24165.000 ns	      2415	80000890	00177fd3	fadd.s	f31,f14,f1	 f14:0x3f800000  f1:0x40400000 f31=0x40800000
      24195.000 ns	      2418	80000894	d00ff153	fcvt.s.w	f2,x31	 x31:0x00000000  f2=0x00000000
      24215.000 ns	      2420	80000898	e3be43b7	lui	x7,0xe3be4	  x7=0xe3be4000
      24235.000 ns	      2422	8000089c	212c1cd3	fsgnjn.s	f25,f24,f18	 f24:0x7fc00000 f18:0x3f7fffae f25=0xffc00000
      24255.000 ns	      2424	800008a0	95590013	addi	x0,x18,-1707	 x18:0x00000040
      24265.000 ns	      2425	800008a4	cda51737	lui	x14,0xcda51	 x14=0xcda51000
      24305.000 ns	      2429	800008a8	083c7d53	fsub.s	f26,f24,f3	 f24:0x7fc00000  f3:0xa405a02b f26=0x7fc00000
      24335.000 ns	      2432	800008ac	20cd2253	fsgnjx.s	f4,f26,f12	 f26:0x7fc00000 f12:0x0000003f  f4=0x7fc00000
      24355.000 ns	      2434	800008b0	581b8e93	addi	x29,x23,1409	 x23:0x00000000 x29=0x00000581
      24375.000 ns	      2436	800008b4	a07d9b53	flt.s	x22,f27,f7	 f27:0x4d882e80  f7:0x00000000 x22=0x00000000
      24415.000 ns	      2440	800008b8	5808f153	fsqrt.s	f2,f17	 f17:0x80641060  f2=0x7fc00000
      24445.000 ns	      2443	800008bc	21272ed3	fsgnjx.s	f29,f14,f18	 f14:0x3f800000 f18:0x3f7fffae f29=0x3f800000
      24485.000 ns	      2447	800008c0	1184fe53	fmul.s	f28,f9,f24	  f9:0x00000000 f24:0x7fc00000 f28=0x7fc00000
      24505.000 ns	      2449	800008c4	43ebfb13	andi	x22,x23,1086	 x23:0x00000000 x22=0x00000000
      24525.000 ns	      2451	800008c8	03810f33	mul	x30,x2,x24	  x2:0x00000000 x24:0xffffffff x30=0x00000000
      24555.000 ns	      2454	800008cc	a179af53	feq.s	x30,f19,f23	 f19:0x00000000 f23:0x23322ae5 x30=0x00000000
      24575.000 ns	      2456	800008d0	01bb4db3	xor	x27,x22,x27	 x22:0x00000000 x27:0x00000008 x27=0x00000008
      24605.000 ns	      2459	800008d4	193ff453	fdiv.s	f8,f31,f19	 f31:0x40800000 f19:0x00000000  f8=0x7f800000
      24635.000 ns	      2462	800008d8	02eaa033	mulhsu	x0,x21,x14	 x21:0x00000001 x14:0xcda51000
      24655.000 ns	      2464	800008dc	00bcbab3	sltu	x21,x25,x11	 x25:0x7fffffff x11:0x00000001 x21=0x00000000
      24665.000 ns	      2465	800008e0	2e94b193	sltiu	x3,x9,745	  x9:0x00000000  x3=0x00000001
      24685.000 ns	      2467	800008e4	03a54eb3	div	x29,x10,x26	 x10:0x00000000 x26:0x00000000 x29=0xffffffff
      24715.000 ns	      2470	800008e8	a0df8053	fle.s	x0,f31,f13	 f31:0x40800000 f13:0x40400000
      24745.000 ns	      2473	800008ec	a18f1d53	flt.s	x26,f30,f24	 f30:0x4d882e80 f24:0x7fc00000 x26=0x00000000
      24765.000 ns	      2475	800008f0	412ed713	srai	x14,x29,0x12	 x29:0xffffffff x14=0xffffffff
      24775.000 ns	      2476	800008f4	00175d33	srl	x26,x14,x1	 x14:0xcda51000  x1:0x7fffffff x26=0x00000001
      24785.000 ns	      2477	800008f8	22efc613	xori	x12,x31,558	 x31:0x00000000 x12=0x0000022e
      24805.000 ns	      2479	800008fc	02939433	mulh	x8,x7,x9	  x7:0xe3be4000  x9:0x00000000  x8=0x00000000
      24825.000 ns	      2481	80000900	d139a393	slti	x7,x19,-749	 x19:0x7e499000  x7=0x00000000
      24835.000 ns	      2482	80000904	d4a12013	slti	x0,x2,-694	  x2:0x00000000
      24855.000 ns	      2484	80000908	a1329d53	flt.s	x26,f5,f19	  f5:0x3f7fffae f19:0x00000000 x26=0x00000000
      24885.000 ns	      2487	8000090c	f0038053	fmv.w.x	f0,x7	  x7:0x00000000  f0=0x00000000
      24905.000 ns	      2489	80000910	7d92bf93	sltiu	x31,x5,2009	  x5:0x00000000 x31=0x00000001
      24945.000 ns	      2493	80000914	0902f9d3	fsub.s	f19,f5,f16	  f5:0x3f7fffae f16:0x84c9b101 f19=0x3f7fffae
      24965.000 ns	      2495	80000918	835831b7	lui	x3,0x83583	  x3=0x83583000
      24975.000 ns	      2496	8000091c	01505f33	srl	x30,x0,x21	  x0:0x00000000 x21:0x00000000 x30=0x00000000
      24985.000 ns	      2497	80000920	00811633	sll	x12,x2,x8	  x2:0x00000000  x8:0x00000000 x12=0x00000000
      25005.000 ns	      2499	80000924	e0058953	fmv.x.w	x18,f11	 f11:0xffc00000 x18=0xffc00000
      25025.000 ns	      2501	80000928	ccd32913	slti	x18,x6,-819	  x6:0x00000040 x18=0x00000000
      25355.000 ns	      2534	8000092c	190ba2d3	fdiv.s	f5,f23,f16	 f23:0x23322ae5 f16:0x84c9b101  f5=0xddfb87dc
      25375.000 ns	      2536	80000930	9a050293	addi	x5,x10,-1632	 x10:0x00000000  x5=0xfffff9a0
      25385.000 ns	      2537	80000934	00a3b2b3	sltu	x5,x7,x10	  x7:0x00000000 x10:0x00000000  x5=0x00000000
      25395.000 ns	      2538	80000938	00000013	addi	x0,x0,0	  x0:0x00000000
      25755.000 ns	      2574	8000093c	02374833	div	x16,x14,x3	 x14:0xffffffff  x3:0x83583000 x16=0x00000000
      25785.000 ns	      2577	80000940	a1a00453	fle.s	x8,f0,f26	  f0:0x00000000 f26:0x7fc00000  x8=0x00000000
      25825.000 ns	      2581	80000944	11d84853	fmul.s	f16,f16,f29	 f16:0x84c9b101 f29:0x3f800000 f16=0x84c9b102
      25855.000 ns	      2584	80000948	d0097dd3	fcvt.s.w	f27,x18	 x18:0x00000000 f27=0x00000000
      25895.000 ns	      2588	8000094c	181df0d3	fdiv.s	f1,f27,f1	 f27:0x4d882e80  f1:0x40400000  f1=0x00000000
      25925.000 ns	      2591	80000950	295018d3	fmax.s	f17,f0,f21	  f0:0x00000000 f21:0x80000000 f17=0x00000000
      25945.000 ns	      2593	80000954	01de7c33	and	x24,x28,x29	 x28:0x81fc2037 x29:0xffffffff x24=0x81fc2037
      25955.000 ns	      2594	80000958	bfe93a93	sltiu	x21,x18,-1026	 x18:0x00000000 x21=0x00000001
      25975.000 ns	      2596	8000095c	f0090f53	fmv.w.x	f30,x18	 x18:0x00000000 f30=0x00000000
      26345.000 ns	      2633	80000960	02d9f9b3	remu	x19,x19,x13	 x19:0x7e499000 x13:0x00000003 x19=0x00000001
      26375.000 ns	      2636	80000964	a14821d3	feq.s	x3,f16,f20	 f16:0x84c9b102 f20:0x44010000  x3=0x00000000
      26395.000 ns	      2638	80000968	0192ddb3	srl	x27,x5,x25	  x5:0x00000000 x25:0x7fffffff x27=0x00000000
      26415.000 ns	      2640	8000096c	d01672d3	fcvt.s.wu	f5,x12	 x12:0x00000000  f5=0x00000000
      26435.000 ns	      2642	80000970	00000013	addi	x0,x0,0	  x0:0x00000000
      26445.000 ns	      2643	80000974	85f63993	sltiu	x19,x12,-1953	 x12:0x00000000 x19=0x00000001
      26465.000 ns	      2645	80000978	f0080fd3	fmv.w.x	f31,x16	 x16:0x00000000 f31=0x00000000
      26485.000 ns	      2647	8000097c	008e9433	sll	x8,x29,x8	 x29:0xffffffff  x8:0x00000000  x8=0xffffffff
      26495.000 ns	      2648	80000980	4163d393	srai	x7,x7,0x16	  x7:0x00000000  x7=0x00000000
      26505.000 ns	      2649	80000984	4058d733	sra	x14,x17,x5	 x17:0x00000003  x5:0x00000000 x14=0x00000003
      26515.000 ns	      2650	80000988	01eed3b3	srl	x7,x29,x30	 x29:0xffffffff x30:0x00000000  x7=0xffffffff
      26535.000 ns	      2652	8000098c	d018a9d3	fcvt.s.wu	f19,x17	 x17:0x00000003 f19=0x40400000
      26565.000 ns	      2655	80000990	02304d33	div	x26,x0,x3	  x0:0x00000000  x3:0x00000000 x26=0xffffffff
      26595.000 ns	      2658	80000994	e00d9c53	fclass.s	x24,f27	 f27:0x00000000 x24=0x00000010
      26625.000 ns	      2661	80000998	205922d3	fsgnjx.s	f5,f18,f5	 f18:0x3f7fffae  f5:0x00000000  f5=0x3f7fffae
      26655.000 ns	      2664	8000099c	20ea98d3	fsgnjn.s	f17,f21,f14	 f21:0x80000000 f14:0x3f800000 f17=0x80000000
      26675.000 ns	      2666	800009a0	a881a493	slti	x9,x3,-1400	  x3:0x00000000  x9=0x00000000
      26695.000 ns	      2668	800009a4	0212ad33	mulhsu	x26,x5,x1	  x5:0x00000000  x1:0x7fffffff x26=0x00000000
      26715.000 ns	      2670	800009a8	613e7c13	andi	x24,x28,1555	 x28:0x81fc2037 x24=0x00000013
      26735.000 ns	      2672	800009ac	21c0aed3	fsgnjx.s	f29,f1,f28	  f1:0x00000000 f28:0x7fc00000 f29=0x00000000
      26765.000 ns	      2675	800009b0	20b384d3	fsgnj.s	f9,f7,f11	  f7:0x00000000 f11:0xffc00000  f9=0x80000000
      26815.000 ns	      2680	800009b4	0958f853	fsub.s	f16,f17,f21	 f17:0x80000000 f21:0x80000000 f16=0x00000000
      26845.000 ns	      2683	800009b8	a05d0053	fle.s	x0,f26,f5	 f26:0x7fc00000  f5:0x3f7fffae
      26875.000 ns	      2686	800009bc	e0021753	fclass.s	x14,f4	  f4:0x7fc00000 x14=0x00000200
      26905.000 ns	      2689	800009c0	d009f853	fcvt.s.w	f16,x19	 x19:0x00000001 f16=0x3f800000
      26935.000 ns	      2692	800009c4	03b75633	divu	x12,x14,x27	 x14:0x00000200 x27:0x00000000 x12=0xffffffff
      26955.000 ns	      2694	800009c8	faab3997	auipc	x19,0xfaab3	 x19=0x7aab39c8
      26965.000 ns	      2695	800009cc	834a0837	lui	x16,0x834a0	 x16=0x834a0000
      26975.000 ns	      2696	800009d0	fd473393	sltiu	x7,x14,-44	 x14:0x00000200  x7=0x00000001
      26995.000 ns	      2698	800009d4	d01cbdd3	fcvt.s.wu	f27,x25	 x25:0x7fffffff f27=0x4f000000
      27015.000 ns	      2700	800009d8	00000013	addi	x0,x0,0	  x0:0x00000000
      27025.000 ns	      2701	800009dc	01dd7333	and	x6,x26,x29	 x26:0x00000000 x29:0xffffffff  x6=0x00000000
      27045.000 ns	      2703	800009e0	21a78953	fsgnj.s	f18,f15,f26	 f15:0x7717b5a3 f26:0x7fc00000 f18=0x7717b5a3
      27065.000 ns	      2705	800009e4	40e38eb3	sub	x29,x7,x14	  x7:0x00000001 x14:0x00000200 x29=0xfffffe01
      27075.000 ns	      2706	800009e8	0154f333	and	x6,x9,x21	  x9:0x00000000 x21:0x00000001  x6=0x00000000
      27085.000 ns	      2707	800009ec	5a017293	andi	x5,x2,1440	  x2:0x00000000  x5=0x00000000
      27105.000 ns	      2709	800009f0	0287bb33	mulhu	x22,x15,x8	 x15:0x80040fe4  x8:0xffffffff x22=0x80040fe3
      27125.000 ns	      2711	800009f4	7ce7b113	sltiu	x2,x15,1998	 x15:0x80040fe4  x2=0x00000000
      27145.000 ns	      2713	800009f8	d012fa53	fcvt.s.wu	f20,x5	  x5:0x00000000 f20=0x00000000
      27175.000 ns	      2716	800009fc	a1122953	feq.s	x18,f4,f17	  f4:0x7fc00000 f17:0x80000000 x18=0x00000000
      27205.000 ns	      2719	80000a00	212f2b53	fsgnjx.s	f22,f30,f18	 f30:0x00000000 f18:0x7717b5a3 f22=0x00000000
      27235.000 ns	      2722	80000a04	a0bf9fd3	flt.s	x31,f31,f11	 f31:0x00000000 f11:0xffc00000 x31=0x00000000
      27265.000 ns	      2725	80000a08	e0030353	fmv.x.w	x6,f6	  f6:0xff800000  x6=0xff800000
      27295.000 ns	      2728	80000a0c	29111a53	fmax.s	f20,f2,f17	  f2:0x7fc00000 f17:0x80000000 f20=0x80000000
      27315.000 ns	      2730	80000a10	41035533	sra	x10,x6,x16	  x6:0xff800000 x16:0x834a0000 x10=0xff800000
      27325.000 ns	      2731	80000a14	00000013	addi	x0,x0,0	  x0:0x00000000
      27335.000 ns	      2732	80000a18	41f70333	sub	x6,x14,x31	 x14:0x00000200 x31:0x00000000  x6=0x00000200
      27345.000 ns	      2733	80000a1c	22ca0393	addi	x7,x20,556	 x20:0x80041024  x7=0x80041250
      27375.000 ns	      2736	80000a20	580491d3	fsqrt.s	f3,f9	  f9:0x80000000  f3=0x80000000
      27405.000 ns	      2739	80000a24	d004af53	fcvt.s.w	f30,x9	  x9:0x00000000 f30=0x00000000
      27435.000 ns	      2742	80000a28	02017fb3	remu	x31,x2,x0	  x2:0x00000000  x0:0x00000000 x31=0x00000000
      27455.000 ns	      2744	80000a2c	00e2e3b3	or	x7,x5,x14	  x5:0x00000000 x14:0x00000200  x7=0x00000200
      27475.000 ns	      2746	80000a30	a01699d3	flt.s	x19,f13,f1	 f13:0x40400000  f1:0x00000000 x19=0x00000000
      27505.000 ns	      2749	80000a34	c017fe53	fcvt.wu.s	x28,f15	 f15:0x7717b5a3 x28=0xffffffff
      27535.000 ns	      2752	80000a38	020b9eb3	mulh	x29,x23,x0	 x23:0x00000000  x0:0x00000000 x29=0x00000000
      27905.000 ns	      2789	80000a3c	03606b33	rem	x22,x0,x22	  x0:0x00000000 x22:0x80040fe3 x22=0x00000000
      27935.000 ns	      2792	80000a40	a0d69453	flt.s	x8,f13,f13	 f13:0x40400000 f13:0x40400000  x8=0x00000000
      27955.000 ns	      2794	80000a44	01b1ae33	slt	x28,x3,x27	  x3:0x00000000 x27:0x00000000 x28=0x00000000
      27975.000 ns	      2796	80000a48	28428ed3	fmin.s	f29,f5,f4	  f5:0x3f7fffae  f4:0x7fc00000 f29=0x3f7fffae
      28005.000 ns	      2799	80000a4c	02364233	div	x4,x12,x3	 x12:0xffffffff  x3:0x00000000  x4=0xffffffff
      28055.000 ns	      2804	80000a50	0043b9d3	fadd.s	f19,f7,f4	  f7:0x00000000  f4:0x7fc00000 f19=0x7fc00000
      28085.000 ns	      2807	80000a54	20790853	fsgnj.s	f16,f18,f7	 f18:0x7717b5a3  f7:0x00000000 f16=0x7717b5a3
      28115.000 ns	      2810	80000a58	0294ff33	remu	x30,x9,x9	  x9:0x00000000  x9:0x00000000 x30=0x00000000
      28145.000 ns	      2813	80000a5c	c0067453	fcvt.w.s	x8,f12	 f12:0x0000003f  x8=0x00000000
      28165.000 ns	      2815	80000a60	00ea6c33	or	x24,x20,x14	 x20:0x80041024 x14:0x00000200 x24=0x80041224
      28175.000 ns	      2816	80000a64	1cdcbf17	auipc	x30,0x1cdcb	 x30=0x9cdcba64
      28185.000 ns	      2817	80000a68	00f85913	srli	x18,x16,0xf	 x16:0x834a0000 x18=0x00010694
      28195.000 ns	      2818	80000a6c	014df0b3	and	x1,x27,x20	 x27:0x00000000 x20:0x80041024  x1=0x00000000
      28225.000 ns	      2821	80000a70	103a06d3	fmul.s	f13,f20,f3	 f20:0x80000000  f3:0x80000000 f13=0x00000000
      28245.000 ns	      2823	80000a74	015b93b3	sll	x7,x23,x21	 x23:0x00000000 x21:0x00000001  x7=0x00000000
      28255.000 ns	      2824	80000a78	f3316313	ori	x6,x2,-205	  x2:0x00000000  x6=0xffffff33
      28265.000 ns	      2825	80000a7c	951ab393	sltiu	x7,x21,-1711	 x21:0x00000001  x7=0x00000001
      28285.000 ns	      2827	80000a80	e0061353	fclass.s	x6,f12	 f12:0x0000003f  x6=0x00000020
      28305.000 ns	      2829	80000a84	6c3d7837	lui	x16,0x6c3d7	 x16=0x6c3d7000
      28315.000 ns	      2830	80000a88	41200833	sub	x16,x0,x18	  x0:0x00000000 x18:0x00010694 x16=0xfffef96c
      28335.000 ns	      2832	80000a8c	02e68bb3	mul	x23,x13,x14	 x13:0x00000003 x14:0x00000200 x23=0x00000600
      28355.000 ns	      2834	80000a90	01ca6833	or	x16,x20,x28	 x20:0x80041024 x28:0x00000000 x16=0x80041024
      28375.000 ns	      2836	80000a94	e0070cd3	fmv.x.w	x25,f14	 f14:0x3f800000 x25=0x3f800000
      28405.000 ns	      2839	80000a98	e0040f53	fmv.x.w	x30,f8	  f8:0x7f800000 x30=0x7f800000
      28435.000 ns	      2842	80000a9c	a19f03d3	fle.s	x7,f30,f25	 f30:0x00000000 f25:0xffc00000  x7=0x00000000
      28455.000 ns	      2844	80000aa0	761dff13	andi	x30,x27,1889	 x27:0x00000000 x30=0x00000000
      28465.000 ns	      2845	80000aa4	00fb33b3	sltu	x7,x22,x15	 x22:0x00000000 x15:0x80040fe4  x7=0x00000001
      28825.000 ns	      2881	80000aa8	02f9ceb3	div	x29,x19,x15	 x19:0x00000000 x15:0x80040fe4 x29=0x00000000
      28855.000 ns	      2884	80000aac	20d49b53	fsgnjn.s	f22,f9,f13	  f9:0x80000000 f13:0x00000000 f22=0x80000000
      28875.000 ns	      2886	80000ab0	0092c133	xor	x2,x5,x9	  x5:0x00000000  x9:0x00000000  x2=0x00000000
      28885.000 ns	      2887	80000ab4	f3eb4217	auipc	x4,0xf3eb4	  x4=0x73eb4ab4
      28895.000 ns	      2888	80000ab8	469e8013	addi	x0,x29,1129	 x29:0x00000000
      28915.000 ns	      2890	80000abc	e0081e53	fclass.s	x28,f16	 f16:0x7717b5a3 x28=0x00000040
      28945.000 ns	      2893	80000ac0	f0018f53	fmv.w.x	f30,x3	  x3:0x00000000 f30=0x00000000
      28995.000 ns	      2898	80000ac4	099ef2d3	fsub.s	f5,f29,f25	 f29:0x3f7fffae f25:0xffc00000  f5=0x7fc00000
      29025.000 ns	      2901	80000ac8	21a21b53	fsgnjn.s	f22,f4,f26	  f4:0x7fc00000 f26:0x7fc00000 f22=0xffc00000
      29395.000 ns	      2938	80000acc	03984033	div	x0,x16,x25	 x16:0x80041024 x25:0x3f800000
      29445.000 ns	      2943	80000ad0	09ebf253	fsub.s	f4,f23,f30	 f23:0x23322ae5 f30:0x00000000  f4=0x23322ae5
      29465.000 ns	      2945	80000ad4	35d47613	andi	x12,x8,861	  x8:0x00000000 x12=0x00000000
      29485.000 ns	      2947	80000ad8	296587d3	fmin.s	f15,f11,f22	 f11:0xffc00000 f22:0xffc00000 f15=0x7fc00000
      29515.000 ns	      2950	80000adc	03fe4633	div	x12,x28,x31	 x28:0x00000040 x31:0x00000000 x12=0xffffffff
      29545.000 ns	      2953	80000ae0	a0f10853	fle.s	x16,f2,f15	  f2:0x7fc00000 f15:0x7fc00000 x16=0x00000000
      29575.000 ns	      2956	80000ae4	e00e9c53	fclass.s	x24,f29	 f29:0x3f7fffae x24=0x00000040
      29595.000 ns	      2958	80000ae8	c0c22913	slti	x18,x4,-1012	  x4:0x73eb4ab4 x18=0x00000000
      29605.000 ns	      2959	80000aec	28884b17	auipc	x22,0x28884	 x22=0xa8884aec
      29615.000 ns	      2960	80000af0	00e98233	add	x4,x19,x14	 x19:0x00000000 x14:0x00000200  x4=0x00000200
      29625.000 ns	      2961	80000af4	413dd333	sra	x6,x27,x19	 x27:0x00000000 x19:0x00000000  x6=0x00000000
      29665.000 ns	      2965	80000af8	00f245d3	fadd.s	f11,f4,f15	  f4:0x23322ae5 f15:0x7fc00000 f11=0x7fc00000
      29695.000 ns	      2968	80000afc	030c9cb3	mulh	x25,x25,x16	 x25:0x3f800000 x16:0x00000000 x25=0x00000000
      29715.000 ns	      2970	80000b00	40375933	sra	x18,x14,x3	 x14:0x00000200  x3:0x00000000 x18=0x00000200
      30075.000 ns	      3006	80000b04	02c67cb3	remu	x25,x12,x12	 x12:0xffffffff x12:0xffffffff x25=0x00000000
      30095.000 ns	      3008	80000b08	40145633	sra	x12,x8,x1	  x8:0x00000000  x1:0x00000000 x12=0x00000000
      30115.000 ns	      3010	80000b0c	02175db3	divu	x27,x14,x1	 x14:0x00000200  x1:0x00000000 x27=0xffffffff
      30135.000 ns	      3012	80000b10	01f690b3	sll	x1,x13,x31	 x13:0x00000003 x31:0x00000000  x1=0x00000003
      30175.000 ns	      3016	80000b14	018a2253	fadd.s	f4,f20,f24	 f20:0x80000000 f24:0x7fc00000  f4=0x7fc00000
      30215.000 ns	      3020	80000b18	19b47cd3	fdiv.s	f25,f8,f27	  f8:0x7f800000 f27:0x4f000000 f25=0x7f800000
      30235.000 ns	      3022	80000b1c	010881b3	add	x3,x17,x16	 x17:0x00000003 x16:0x00000000  x3=0x00000003
      30255.000 ns	      3024	80000b20	02cca0b3	mulhsu	x1,x25,x12	 x25:0x00000000 x12:0x00000000  x1=0x00000000
      30285.000 ns	      3027	80000b24	0214edb3	rem	x27,x9,x1	  x9:0x00000000  x1:0x00000003 x27=0x00000000
      30315.000 ns	      3030	80000b28	d004a1d3	fcvt.s.w	f3,x9	  x9:0x00000000  f3=0x00000000
      30345.000 ns	      3033	80000b2c	c00b3bd3	fcvt.w.s	x23,f22	 f22:0xffc00000 x23=0x7fffffff
      30375.000 ns	      3036	80000b30	f00802d3	fmv.w.x	f5,x16	 x16:0x00000000  f5=0x00000000
      30405.000 ns	      3039	80000b34	f0018d53	fmv.w.x	f26,x3	  x3:0x00000003 f26=0x00000003
      30425.000 ns	      3041	80000b38	007c1813	slli	x16,x24,0x7	 x24:0x00000040 x16=0x00002000
      30435.000 ns	      3042	80000b3c	40b15993	srai	x19,x2,0xb	  x2:0x00000000 x19=0x00000000
      30455.000 ns	      3044	80000b40	298014d3	fmax.s	f9,f0,f24	  f0:0x00000000 f24:0x7fc00000  f9=0x00000000
      30475.000 ns	      3046	80000b44	0b4e6113	ori	x2,x28,180	 x28:0x00000040  x2=0x000000f4
      30485.000 ns	      3047	80000b48	01b3e3b3	or	x7,x7,x27	  x7:0x00000001 x27:0x00000000  x7=0x00000001
      30505.000 ns	      3049	80000b4c	e00c0b53	fmv.x.w	x22,f24	 f24:0x7fc00000 x22=0x7fc00000
      30525.000 ns	      3051	80000b50	00391013	slli	x0,x18,0x3	 x18:0x00000200
      30545.000 ns	      3053	80000b54	292f9bd3	fmax.s	f23,f31,f18	 f31:0x00000000 f18:0x7717b5a3 f23=0x7717b5a3
      30565.000 ns	      3055	80000b58	01939513	slli	x10,x7,0x19	  x7:0x00000001 x10=0x02000000
      30575.000 ns	      3056	80000b5c	01fc4ab3	xor	x21,x24,x31	 x24:0x00000040 x31:0x00000000 x21=0x00000040
      30585.000 ns	      3057	80000b60	4160db93	srai	x23,x1,0x16	  x1:0x00000000 x23=0x00000000
      30605.000 ns	      3059	80000b64	03d74eb3	div	x29,x14,x29	 x14:0x00000200 x29:0x00000000 x29=0xffffffff
      30975.000 ns	      3096	80000b68	02b07033	remu	x0,x0,x11	  x0:0x00000000 x11:0x00000001
      30995.000 ns	      3098	80000b6c	00ca1293	slli	x5,x20,0xc	 x20:0x80041024  x5=0x41024000
      31015.000 ns	      3100	80000b70	03840eb3	mul	x29,x8,x24	  x8:0x00000000 x24:0x00000040 x29=0x00000000
      31385.000 ns	      3137	80000b74	02e6ef33	rem	x30,x13,x14	 x13:0x00000003 x14:0x00000200 x30=0x00000003
      31405.000 ns	      3139	80000b78	4033d333	sra	x6,x7,x3	  x7:0x00000001  x3:0x00000003  x6=0x00000000
      31425.000 ns	      3141	80000b7c	03c13833	mulhu	x16,x2,x28	  x2:0x000000f4 x28:0x00000040 x16=0x00000000
      31445.000 ns	      3143	80000b80	00000013	addi	x0,x0,0	  x0:0x00000000
      31805.000 ns	      3179	80000b84	0230f833	remu	x16,x1,x3	  x1:0x00000000  x3:0x00000003 x16=0x00000000
      31855.000 ns	      3184	80000b88	005ef7d3	fadd.s	f15,f29,f5	 f29:0x3f7fffae  f5:0x00000000 f15=0x3f7fffae
      31875.000 ns	      3186	80000b8c	00a84eb3	xor	x29,x16,x10	 x16:0x00000000 x10:0x02000000 x29=0x02000000
      31895.000 ns	      3188	80000b90	c0058253	fcvt.w.s	x4,f11	 f11:0x7fc00000  x4=0x7fffffff
      31925.000 ns	      3191	80000b94	20491553	fsgnjn.s	f10,f18,f4	 f18:0x7717b5a3  f4:0x7fc00000 f10=0xf717b5a3
      31945.000 ns	      3193	80000b98	01caa833	slt	x16,x21,x28	 x21:0x00000040 x28:0x00000040 x16=0x00000000
      31955.000 ns	      3194	80000b9c	d10ee613	ori	x12,x29,-752	 x29:0x02000000 x12=0xfffffd10
      31975.000 ns	      3196	80000ba0	f00c8053	fmv.w.x	f0,x25	 x25:0x00000000  f0=0x00000000
      32005.000 ns	      3199	80000ba4	d01441d3	fcvt.s.wu	f3,x8	  x8:0x00000000  f3=0x00000000
      32025.000 ns	      3201	80000ba8	00947433	and	x8,x8,x9	  x8:0x00000000  x9:0x00000000  x8=0x00000000
      32045.000 ns	      3203	80000bac	034295b3	mulh	x11,x5,x20	  x5:0x41024000 x20:0x80041024 x11=0xdf7fe822
      32065.000 ns	      3205	80000bb0	e8fdfe93	andi	x29,x27,-369	 x27:0x00000000 x29=0x00000000
      32085.000 ns	      3207	80000bb4	c01d83d3	fcvt.wu.s	x7,f27	 f27:0x4f000000  x7=0x80000000
      32125.000 ns	      3211	80000bb8	196f1ad3	fdiv.s	f21,f30,f22	 f30:0x00000000 f22:0xffc00000 f21=0x7fc00000
      32145.000 ns	      3213	80000bbc	42d9ab93	slti	x23,x19,1069	 x19:0x00000000 x23=0x00000001
      32175.000 ns	      3216	80000bc0	580a0053	fsqrt.s	f0,f20	 f20:0x80000000  f0=0x80000000
      32225.000 ns	      3221	80000bc4	0001fed3	fadd.s	f29,f3,f0	  f3:0x00000000  f0:0x00000000 f29=0x80000000
      32245.000 ns	      3223	80000bc8	1dd7c713	xori	x14,x15,477	 x15:0x80040fe4 x14=0x80040e39
      32265.000 ns	      3225	80000bcc	a0239f53	flt.s	x30,f7,f2	  f7:0x00000000  f2:0x7fc00000 x30=0x00000000
      32285.000 ns	      3227	80000bd0	401b5cb3	sra	x25,x22,x1	 x22:0x7fc00000  x1:0x00000000 x25=0x7fc00000
      32315.000 ns	      3230	80000bd4	5804f2d3	fsqrt.s	f5,f9	  f9:0x00000000  f5=0x00000000
      32335.000 ns	      3232	80000bd8	014f08b3	add	x17,x30,x20	 x30:0x00000000 x20:0x80041024 x17=0x80041024
      32345.000 ns	      3233	80000bdc	58874b13	xori	x22,x14,1416	 x14:0x80040e39 x22=0x80040bb1
      32365.000 ns	      3235	80000be0	d01d7ad3	fcvt.s.wu	f21,x26	 x26:0x00000000 f21=0x00000000
      32385.000 ns	      3237	80000be4	00129f33	sll	x30,x5,x1	  x5:0x41024000  x1:0x00000000 x30=0x41024000
      32405.000 ns	      3239	80000be8	a1b0ad53	feq.s	x26,f1,f27	  f1:0x00000000 f27:0x4f000000 x26=0x00000000
      32425.000 ns	      3241	80000bec	001eefb3	or	x31,x29,x1	 x29:0x00000000  x1:0x00000000 x31=0x00000000
      32455.000 ns	      3244	80000bf0	580efd53	fsqrt.s	f26,f29	 f29:0x80000000 f26=0x80000000
      32485.000 ns	      3247	80000bf4	d00575d3	fcvt.s.w	f11,x10	 x10:0x02000000 f11=0x4c000000
      32505.000 ns	      3249	80000bf8	39da7f13	andi	x30,x20,925	 x20:0x80041024 x30=0x00000004
      32865.000 ns	      3285	80000bfc	035bd2b3	divu	x5,x23,x21	 x23:0x00000001 x21:0x00000040  x5=0x00000000
      32895.000 ns	      3288	80000c00	a12a8dd3	fle.s	x27,f21,f18	 f21:0x00000000 f18:0x7717b5a3 x27=0x00000001
      32915.000 ns	      3290	80000c04	00973bb3	sltu	x23,x14,x9	 x14:0x80040e39  x9:0x00000000 x23=0x00000000
      32935.000 ns	      3292	80000c08	20261353	fsgnjn.s	f6,f12,f2	 f12:0x0000003f  f2:0x7fc00000  f6=0x8000003f
      32955.000 ns	      3294	80000c0c	003a7bb3	and	x23,x20,x3	 x20:0x80041024  x3:0x00000003 x23=0x00000000
      32985.000 ns	      3297	80000c10	5801a2d3	fsqrt.s	f5,f3	  f3:0x00000000  f5=0x00000000
      33005.000 ns	      3299	80000c14	46ddcc13	xori	x24,x27,1133	 x27:0x00000001 x24=0x0000046c
      33015.000 ns	      3300	80000c18	01f85cb3	srl	x25,x16,x31	 x16:0x00000000 x31:0x00000000 x25=0x00000000
      33035.000 ns	      3302	80000c1c	0211bcb3	mulhu	x25,x3,x1	  x3:0x00000003  x1:0x00000000 x25=0x00000000
      33065.000 ns	      3305	80000c20	03161933	mulh	x18,x12,x17	 x12:0xfffffd10 x17:0x80041024 x18=0x00000177
      33095.000 ns	      3308	80000c24	e0030c53	fmv.x.w	x24,f6	  f6:0x8000003f x24=0x8000003f
      33145.000 ns	      3313	80000c28	01e57ed3	fadd.s	f29,f10,f30	 f10:0xf717b5a3 f30:0x00000000 f29=0xf717b5a3
      33175.000 ns	      3316	80000c2c	d019b7d3	fcvt.s.wu	f15,x19	 x19:0x00000000 f15=0x00000000
      33195.000 ns	      3318	80000c30	40658133	sub	x2,x11,x6	 x11:0xdf7fe822  x6:0x00000000  x2=0xdf7fe822
      33205.000 ns	      3319	80000c34	40520bb3	sub	x23,x4,x5	  x4:0x7fffffff  x5:0x00000000 x23=0x7fffffff
      33215.000 ns	      3320	80000c38	00a490b3	sll	x1,x9,x10	  x9:0x00000000 x10:0x02000000  x1=0x00000000
      33225.000 ns	      3321	80000c3c	a7bfa617	auipc	x12,0xa7bfa	 x12=0x27bfac3c
      33245.000 ns	      3323	80000c40	a019ab53	feq.s	x22,f19,f1	 f19:0x7fc00000  f1:0x00000000 x22=0x00000000
      33265.000 ns	      3325	80000c44	a6af7c93	andi	x25,x30,-1430	 x30:0x00000004 x25=0x00000000
      33305.000 ns	      3329	80000c48	000df8d3	fadd.s	f17,f27,f0	 f27:0x4f000000  f0:0x80000000 f17=0x4f000000
      33325.000 ns	      3331	80000c4c	010e21b3	slt	x3,x28,x16	 x28:0x00000040 x16:0x00000000  x3=0x00000000
      33335.000 ns	      3332	80000c50	002b25b3	slt	x11,x22,x2	 x22:0x00000000  x2:0xdf7fe822 x11=0x00000000
      33345.000 ns	      3333	80000c54	013ae2b3	or	x5,x21,x19	 x21:0x00000040 x19:0x00000000  x5=0x00000040
      33355.000 ns	      3334	80000c58	00de5d33	srl	x26,x28,x13	 x28:0x00000040 x13:0x00000003 x26=0x00000008
      33395.000 ns	      3338	80000c5c	00f9f253	fadd.s	f4,f19,f15	 f19:0x7fc00000 f15:0x00000000  f4=0x7fc00000
      33415.000 ns	      3340	80000c60	01f2bd33	sltu	x26,x5,x31	  x5:0x00000040 x31:0x00000000 x26=0x00000000
      33435.000 ns	      3342	80000c64	e00b0753	fmv.x.w	x14,f22	 f22:0xffc00000 x14=0xffc00000
      33465.000 ns	      3345	80000c68	c00a7dd3	fcvt.w.s	x27,f20	 f20:0x80000000 x27=0x00000000
      33485.000 ns	      3347	80000c6c	01a520b3	slt	x1,x10,x26	 x10:0x02000000 x26:0x00000000  x1=0x00000000
      33845.000 ns	      3383	80000c70	025d6fb3	rem	x31,x26,x5	 x26:0x00000000  x5:0x00000040 x31=0x00000000
      33875.000 ns	      3386	80000c74	e00899d3	fclass.s	x19,f17	 f17:0x4f000000 x19=0x00000040
      33905.000 ns	      3389	80000c78	a177a953	feq.s	x18,f15,f23	 f15:0x00000000 f23:0x7717b5a3 x18=0x00000000
      33925.000 ns	      3391	80000c7c	007e9233	sll	x4,x29,x7	 x29:0x00000000  x7:0x80000000  x4=0x00000000
      33945.000 ns	      3393	80000c80	c006fc53	fcvt.w.s	x24,f13	 f13:0x00000000 x24=0x00000000
      33965.000 ns	      3395	80000c84	003f1c93	slli	x25,x30,0x3	 x30:0x00000004 x25=0x00000020
      33985.000 ns	      3397	80000c88	29640953	fmin.s	f18,f8,f22	  f8:0x7f800000 f22:0xffc00000 f18=0x7f800000
      34015.000 ns	      3400	80000c8c	d006f553	fcvt.s.w	f10,x13	 x13:0x00000003 f10=0x40400000
      34035.000 ns	      3402	80000c90	c88d8713	addi	x14,x27,-888	 x27:0x00000000 x14=0xfffffc88
      34055.000 ns	      3404	80000c94	a102a3d3	feq.s	x7,f5,f16	  f5:0x00000000 f16:0x7717b5a3  x7=0x00000000
      34075.000 ns	      3406	80000c98	e1d97293	andi	x5,x18,-483	 x18:0x00000000  x5=0x00000000
      34085.000 ns	      3407	80000c9c	40a200b3	sub	x1,x4,x10	  x4:0x00000000 x10:0x02000000  x1=0xfe000000
      34095.000 ns	      3408	80000ca0	4026b737	lui	x14,0x4026b	 x14=0x4026b000
      34115.000 ns	      3410	80000ca4	e00c0fd3	fmv.x.w	x31,f24	 f24:0x7fc00000 x31=0x7fc00000
      34135.000 ns	      3412	80000ca8	c8b6cd37	lui	x26,0xc8b6c	 x26=0xc8b6c000
      34155.000 ns	      3414	80000cac	03e49db3	mulh	x27,x9,x30	  x9:0x00000000 x30:0x00000004 x27=0x00000000
      34185.000 ns	      3417	80000cb0	e0051153	fclass.s	x2,f10	 f10:0x40400000  x2=0x00000040
      34225.000 ns	      3421	80000cb4	11f1f553	fmul.s	f10,f3,f31	  f3:0x00000000 f31:0x00000000 f10=0x00000000
      34245.000 ns	      3423	80000cb8	233df5b7	lui	x11,0x233df	 x11=0x233df000
      34265.000 ns	      3425	80000cbc	03f588b3	mul	x17,x11,x31	 x11:0x00000000 x31:0x7fc00000 x17=0x00000000
      34285.000 ns	      3427	80000cc0	417a0ab3	sub	x21,x20,x23	 x20:0x80041024 x23:0x7fffffff x21=0x00041025
      34295.000 ns	      3428	80000cc4	de652993	slti	x19,x10,-538	 x10:0x02000000 x19=0x00000000
      34315.000 ns	      3430	80000cc8	a01003d3	fle.s	x7,f0,f1	  f0:0x80000000  f1:0x00000000  x7=0x00000001
      34335.000 ns	      3432	80000ccc	dd59ea93	ori	x21,x19,-555	 x19:0x00000040 x21=0xfffffdd5
      34355.000 ns	      3434	80000cd0	a0d2a253	feq.s	x4,f5,f13	  f5:0x00000000 f13:0x00000000  x4=0x00000001
      34725.000 ns	      3471	80000cd4	02a85333	divu	x6,x16,x10	 x16:0x00000000 x10:0x02000000  x6=0x00000000
      34745.000 ns	      3473	80000cd8	00a343b3	xor	x7,x6,x10	  x6:0x00000000 x10:0x02000000  x7=0x02000000
      34765.000 ns	      3475	80000cdc	296c14d3	fmax.s	f9,f24,f22	 f24:0x7fc00000 f22:0xffc00000  f9=0x7fc00000
      34785.000 ns	      3477	80000ce0	01c953b3	srl	x7,x18,x28	 x18:0x00000000 x28:0x00000040  x7=0x00000000
      34805.000 ns	      3479	80000ce4	20fba9d3	fsgnjx.s	f19,f23,f15	 f23:0x7717b5a3 f15:0x00000000 f19=0x7717b5a3
      34835.000 ns	      3482	80000ce8	21c60453	fsgnj.s	f8,f12,f28	 f12:0x0000003f f28:0x7fc00000  f8=0x0000003f
      34865.000 ns	      3485	80000cec	e00600d3	fmv.x.w	x1,f12	 f12:0x0000003f  x1=0x0000003f
      34895.000 ns	      3488	80000cf0	21e62f53	fsgnjx.s	f30,f12,f30	 f12:0x0000003f f30:0x00000000 f30=0x0000003f
      34915.000 ns	      3490	80000cf4	00b11113	slli	x2,x2,0xb	  x2:0x00000040  x2=0x00020000
      34925.000 ns	      3491	80000cf8	01319b93	slli	x23,x3,0x13	  x3:0x00000000 x23=0x00000000
      34935.000 ns	      3492	80000cfc	bc8e31b7	lui	x3,0xbc8e3	  x3=0xbc8e3000
      34945.000 ns	      3493	80000d00	01974fb3	xor	x31,x14,x25	 x14:0x4026b000 x25:0x00000020 x31=0x4026b020
      34955.000 ns	      3494	80000d04	00cf5e93	srli	x29,x30,0xc	 x30:0x00000004 x29=0x00000000
      34965.000 ns	      3495	80000d08	016fcd33	xor	x26,x31,x22	 x31:0x7fc00000 x22:0x00000000 x26=0x4026b020
      34985.000 ns	      3497	80000d0c	20dd0953	fsgnj.s	f18,f26,f13	 f26:0x80000000 f13:0x00000000 f18=0x00000000
      35005.000 ns	      3499	80000d10	01651113	slli	x2,x10,0x16	 x10:0x02000000  x2=0x00000000
      35025.000 ns	      3501	80000d14	029d14b3	mulh	x9,x26,x9	 x26:0x4026b020  x9:0x00000000  x9=0x00000000
      35055.000 ns	      3504	80000d18	a0ba1753	flt.s	x14,f20,f11	 f20:0x80000000 f11:0x4c000000 x14=0x00000001
      35085.000 ns	      3507	80000d1c	283692d3	fmax.s	f5,f13,f3	 f13:0x00000000  f3:0x00000000  f5=0x00000000
      35125.000 ns	      3511	80000d20	114679d3	fmul.s	f19,f12,f20	 f12:0x0000003f f20:0x80000000 f19=0x80000000
      35145.000 ns	      3513	80000d24	46a01937	lui	x18,0x46a01	 x18=0x46a01000
      35155.000 ns	      3514	80000d28	41c90b33	sub	x22,x18,x28	 x18:0x00000000 x28:0x00000040 x22=0x46a00fc0
      35165.000 ns	      3515	80000d2c	40658f33	sub	x30,x11,x6	 x11:0x233df000  x6:0x00000000 x30=0x233df000
      35185.000 ns	      3517	80000d30	03e81733	mulh	x14,x16,x30	 x16:0x00000000 x30:0x00000004 x14=0x00000000
      35215.000 ns	      3520	80000d34	f0090353	fmv.w.x	f6,x18	 x18:0x46a01000  f6=0x46a01000
      35235.000 ns	      3522	80000d38	40420ab3	sub	x21,x4,x4	  x4:0x00000001  x4:0x00000001 x21=0x00000000
      35265.000 ns	      3525	80000d3c	18af8e53	fdiv.s	f28,f31,f10	 f31:0x00000000 f10:0x00000000 f28=0x7fc00000
      35285.000 ns	      3527	80000d40	009d5d13	srli	x26,x26,0x9	 x26:0x4026b020 x26=0x00201358
      35295.000 ns	      3528	80000d44	c8b9e613	ori	x12,x19,-885	 x19:0x00000000 x12=0xfffffc8b
      35315.000 ns	      3530	80000d48	e00a8dd3	fmv.x.w	x27,f21	 f21:0x00000000 x27=0x00000000
      35685.000 ns	      3567	80000d4c	02d2eab3	rem	x21,x5,x13	  x5:0x00000000 x13:0x00000003 x21=0x00000000
      35705.000 ns	      3569	80000d50	00e21713	slli	x14,x4,0xe	  x4:0x00000001 x14=0x00004000
      36875.000 ns	      3686	80000d54	5805ff53	fsqrt.s	f30,f11	 f11:0x4c000000 f30=0x45350482
      37245.000 ns	      3723	80000d58	03e97fb3	remu	x31,x18,x30	 x18:0x46a01000 x30:0x233df000 x31=0x00243000
      37275.000 ns	      3726	80000d5c	d01cf5d3	fcvt.s.wu	f11,x25	 x25:0x00000020 f11=0x42000000
      37295.000 ns	      3728	80000d60	01ebcd33	xor	x26,x23,x30	 x23:0x00000000 x30:0x233df000 x26=0x233df000
      37305.000 ns	      3729	80000d64	473432b7	lui	x5,0x47343	  x5=0x47343000
      37325.000 ns	      3731	80000d68	a1aa8c53	fle.s	x24,f21,f26	 f21:0x00000000 f26:0x80000000 x24=0x00000001
      37355.000 ns	      3734	80000d6c	20062053	fsgnjx.s	f0,f12,f0	 f12:0x0000003f  f0:0x80000000  f0=0x8000003f
      37385.000 ns	      3737	80000d70	28f788d3	fmin.s	f17,f15,f15	 f15:0x00000000 f15:0x00000000 f17=0x00000000
      37435.000 ns	      3742	80000d74	01978a53	fadd.s	f20,f15,f25	 f15:0x00000000 f25:0x7f800000 f20=0x7f800000
      37465.000 ns	      3745	80000d78	d00d9c53	fcvt.s.w	f24,x27	 x27:0x00000000 f24=0x00000000
      37485.000 ns	      3747	80000d7c	418c8333	sub	x6,x25,x24	 x25:0x00000020 x24:0x00000001  x6=0x0000001f
      37505.000 ns	      3749	80000d80	203c8953	fsgnj.s	f18,f25,f3	 f25:0x7f800000  f3:0x00000000 f18=0x7f800000
      37525.000 ns	      3751	80000d84	6d7ae593	ori	x11,x21,1751	 x21:0x00000000 x11=0x000006d7
      37535.000 ns	      3752	80000d88	22c28313	addi	x6,x5,556	  x5:0x47343000  x6=0x4734322c
      37545.000 ns	      3753	80000d8c	9036f593	andi	x11,x13,-1789	 x13:0x00000003 x11=0x00000003
      37565.000 ns	      3755	80000d90	c015f553	fcvt.wu.s	x10,f11	 f11:0x42000000 x10=0x00000020
      37585.000 ns	      3757	80000d94	00000013	addi	x0,x0,0	  x0:0x00000000
      37595.000 ns	      3758	80000d98	41485f93	srai	x31,x16,0x14	 x16:0x00000000 x31=0x00000000
      37605.000 ns	      3759	80000d9c	00c75613	srli	x12,x14,0xc	 x14:0x00004000 x12=0x00000004
      37615.000 ns	      3760	80000da0	01901393	slli	x7,x0,0x19	  x0:0x00000000  x7=0x00000000
      37625.000 ns	      3761	80000da4	019dcdb3	xor	x27,x27,x25	 x27:0x00000000 x25:0x00000020 x27=0x00000020
      37645.000 ns	      3763	80000da8	d0100153	fcvt.s.wu	f2,x0	  x0:0x00000000  f2=0x00000000
      37665.000 ns	      3765	80000dac	0182fcb3	and	x25,x5,x24	  x5:0x47343000 x24:0x00000001 x25=0x00000000
      37675.000 ns	      3766	80000db0	011862b3	or	x5,x16,x17	 x16:0x00000000 x17:0x00000000  x5=0x00000000
      37685.000 ns	      3767	80000db4	89517d17	auipc	x26,0x89517	 x26=0x09517db4
      37695.000 ns	      3768	80000db8	1c966213	ori	x4,x12,457	 x12:0x00000004  x4=0x000001cd
      37715.000 ns	      3770	80000dbc	f00b83d3	fmv.w.x	f7,x23	 x23:0x00000000  f7=0x00000000
      37745.000 ns	      3773	80000dc0	d003ab53	fcvt.s.w	f22,x7	  x7:0x00000000 f22=0x00000000
      37775.000 ns	      3776	80000dc4	e00392d3	fclass.s	x5,f7	  f7:0x00000000  x5=0x00000010
      37795.000 ns	      3778	80000dc8	0062b333	sltu	x6,x5,x6	  x5:0x00000000  x6:0x4734322c  x6=0x00000001
      37815.000 ns	      3780	80000dcc	208d26d3	fsgnjx.s	f13,f26,f8	 f26:0x80000000  f8:0x0000003f f13=0x80000000
      37835.000 ns	      3782	80000dd0	f9474393	xori	x7,x14,-108	 x14:0x00004000  x7=0xffffbf94
      37855.000 ns	      3784	80000dd4	f0028653	fmv.w.x	f12,x5	  x5:0x00000010 f12=0x00000010
      37885.000 ns	      3787	80000dd8	29b79c53	fmax.s	f24,f15,f27	 f15:0x00000000 f27:0x4f000000 f24=0x4f000000
      37915.000 ns	      3790	80000ddc	02cab833	mulhu	x16,x21,x12	 x21:0x00000000 x12:0x00000004 x16=0x00000000
      37935.000 ns	      3792	80000de0	000f8d33	add	x26,x31,x0	 x31:0x00000000  x0:0x00000000 x26=0x00000000
      37945.000 ns	      3793	80000de4	01072533	slt	x10,x14,x16	 x14:0x00004000 x16:0x00000000 x10=0x00000000
      37965.000 ns	      3795	80000de8	02211733	mulh	x14,x2,x2	  x2:0x00000000  x2:0x00000000 x14=0x00000000
      37995.000 ns	      3798	80000dec	034a9033	mulh	x0,x21,x20	 x21:0x00000000 x20:0x80041024
      38015.000 ns	      3800	80000df0	0090a833	slt	x16,x1,x9	  x1:0x0000003f  x9:0x00000000 x16=0x00000000
      38375.000 ns	      3836	80000df4	025e4b33	div	x22,x28,x5	 x28:0x00000040  x5:0x00000010 x22=0x00000004
      38395.000 ns	      3838	80000df8	4acdf613	andi	x12,x27,1196	 x27:0x00000020 x12=0x00000020
      38415.000 ns	      3840	80000dfc	f00a0c53	fmv.w.x	f24,x20	 x20:0x80041024 f24=0x80041024
      38435.000 ns	      3842	80000e00	00201a93	slli	x21,x0,0x2	  x0:0x00000000 x21=0x00000000
      38445.000 ns	      3843	80000e04	01601bb3	sll	x23,x0,x22	  x0:0x00000000 x22:0x00000004 x23=0x00000000
      38455.000 ns	      3844	80000e08	018b1f93	slli	x31,x22,0x18	 x22:0x00000004 x31=0x04000000
      38465.000 ns	      3845	80000e0c	0152c133	xor	x2,x5,x21	  x5:0x00000010 x21:0x00000000  x2=0x00000010
      38485.000 ns	      3847	80000e10	20f88e53	fsgnj.s	f28,f17,f15	 f17:0x00000000 f15:0x00000000 f28=0x00000000
      38505.000 ns	      3849	80000e14	00000013	addi	x0,x0,0	  x0:0x00000000
      38525.000 ns	      3851	80000e18	2159ae53	fsgnjx.s	f28,f19,f21	 f19:0x80000000 f21:0x00000000 f28=0x80000000
      38575.000 ns	      3856	80000e1c	09c571d3	fsub.s	f3,f10,f28	 f10:0x00000000 f28:0x00000000  f3=0x00000000
      38595.000 ns	      3858	80000e20	17814613	xori	x12,x2,376	  x2:0x00000010 x12=0x00000168
      38625.000 ns	      3861	80000e24	11c43cd3	fmul.s	f25,f8,f28	  f8:0x0000003f f28:0x80000000 f25=0x80000000
      38645.000 ns	      3863	80000e28	00261513	slli	x10,x12,0x2	 x12:0x00000020 x10=0x000005a0
      38655.000 ns	      3864	80000e2c	01a2e633	or	x12,x5,x26	  x5:0x00000010 x26:0x00000000 x12=0x00000010
      38675.000 ns	      3866	80000e30	a1fc1453	flt.s	x8,f24,f31	 f24:0x80041024 f31:0x00000000  x8=0x00000001
      38695.000 ns	      3868	80000e34	0036f4b3	and	x9,x13,x3	 x13:0x00000003  x3:0xbc8e3000  x9=0x00000000
      38715.000 ns	      3870	80000e38	03aca0b3	mulhsu	x1,x25,x26	 x25:0x00000000 x26:0x00000000  x1=0x00000000
      38735.000 ns	      3872	80000e3c	006f9b33	sll	x22,x31,x6	 x31:0x04000000  x6:0x00000001 x22=0x08000000
      38745.000 ns	      3873	80000e40	92e88593	addi	x11,x17,-1746	 x17:0x00000000 x11=0xfffff92e
      38765.000 ns	      3875	80000e44	03a049b3	div	x19,x0,x26	  x0:0x00000000 x26:0x00000000 x19=0xffffffff
      38785.000 ns	      3877	80000e48	008f9c93	slli	x25,x31,0x8	 x31:0x04000000 x25=0x00000000
      38805.000 ns	      3879	80000e4c	02d60ab3	mul	x21,x12,x13	 x12:0x00000010 x13:0x00000003 x21=0x00000030
      38845.000 ns	      3883	80000e50	10881d53	fmul.s	f26,f16,f8	 f16:0x7717b5a3  f8:0x0000003f f26=0x2f9556cc
      38865.000 ns	      3885	80000e54	41d8f937	lui	x18,0x41d8f	 x18=0x41d8f000
      38875.000 ns	      3886	80000e58	400888b3	sub	x17,x17,x0	 x17:0x00000000  x0:0x00000000 x17=0x00000000
      38885.000 ns	      3887	80000e5c	ca6ff0b7	lui	x1,0xca6ff	  x1=0xca6ff000
      38905.000 ns	      3889	80000e60	20c51b53	fsgnjn.s	f22,f10,f12	 f10:0x00000000 f12:0x00000010 f22=0x80000000
      38925.000 ns	      3891	80000e64	018ce3b3	or	x7,x25,x24	 x25:0x00000000 x24:0x00000001  x7=0x00000001
      38945.000 ns	      3893	80000e68	03fd9733	mulh	x14,x27,x31	 x27:0x00000020 x31:0x04000000 x14=0x00000000
      38975.000 ns	      3896	80000e6c	21fcaa53	fsgnjx.s	f20,f25,f31	 f25:0x80000000 f31:0x00000000 f20=0x80000000
      39005.000 ns	      3899	80000e70	d009ae53	fcvt.s.w	f28,x19	 x19:0xffffffff f28=0xbf800000
      39045.000 ns	      3903	80000e74	580e71d3	fsqrt.s	f3,f28	 f28:0x80000000  f3=0x7fc00000
      39075.000 ns	      3906	80000e78	030ad133	divu	x2,x21,x16	 x21:0x00000030 x16:0x00000000  x2=0xffffffff
      39105.000 ns	      3909	80000e7c	02c22e33	mulhsu	x28,x4,x12	  x4:0x000001cd x12:0x00000010 x28=0x00000000
      39125.000 ns	      3911	80000e80	00431213	slli	x4,x6,0x4	  x6:0x00000001  x4=0x00000010
      39145.000 ns	      3913	80000e84	c012b8d3	fcvt.wu.s	x17,f5	  f5:0x00000000 x17=0x00000000
      39175.000 ns	      3916	80000e88	f00b8653	fmv.w.x	f12,x23	 x23:0x00000000 f12=0x00000000
      39195.000 ns	      3918	80000e8c	00a9f3b3	and	x7,x19,x10	 x19:0xffffffff x10:0x000005a0  x7=0x000005a0
      39215.000 ns	      3920	80000e90	212b97d3	fsgnjn.s	f15,f23,f18	 f23:0x7717b5a3 f18:0x7f800000 f15=0xf717b5a3
      39235.000 ns	      3922	80000e94	abb94593	xori	x11,x18,-1349	 x18:0x41d8f000 x11=0xbe270abb
      39255.000 ns	      3924	80000e98	20590bd3	fsgnj.s	f23,f18,f5	 f18:0x7f800000  f5:0x00000000 f23=0x7f800000
      39275.000 ns	      3926	80000e9c	4406a813	slti	x16,x13,1088	 x13:0x00000003 x16=0x00000001
      39315.000 ns	      3930	80000ea0	08312253	fsub.s	f4,f2,f3	  f2:0x00000000  f3:0x7fc00000  f4=0x7fc00000
      39335.000 ns	      3932	80000ea4	00011213	slli	x4,x2,0x0	  x2:0xffffffff  x4=0xffffffff
      39365.000 ns	      3935	80000ea8	1065bd53	fmul.s	f26,f11,f6	 f11:0x42000000  f6:0x46a01000 f26=0x49201000
      39395.000 ns	      3938	80000eac	037e15b3	mulh	x11,x28,x23	 x28:0x00000000 x23:0x00000000 x11=0x00000000
      39415.000 ns	      3940	80000eb0	016ba433	slt	x8,x23,x22	 x23:0x00000000 x22:0x08000000  x8=0x00000001
      39425.000 ns	      3941	80000eb4	00378d33	add	x26,x15,x3	 x15:0x80040fe4  x3:0xbc8e3000 x26=0x3c923fe4
      39435.000 ns	      3942	80000eb8	6b77cf93	xori	x31,x15,1719	 x15:0x80040fe4 x31=0x80040953
      39455.000 ns	      3944	80000ebc	02b1bc33	mulhu	x24,x3,x11	  x3:0xbc8e3000 x11:0x00000000 x24=0x00000000
      39485.000 ns	      3947	80000ec0	025288b3	mul	x17,x5,x5	  x5:0x00000010  x5:0x00000010 x17=0x00000100
      39515.000 ns	      3950	80000ec4	28c608d3	fmin.s	f17,f12,f12	 f12:0x00000000 f12:0x00000000 f17=0x00000000
      39535.000 ns	      3952	80000ec8	01dcadb3	slt	x27,x25,x29	 x25:0x00000000 x29:0x00000000 x27=0x00000000
      39555.000 ns	      3954	80000ecc	c011c653	fcvt.wu.s	x12,f3	  f3:0x7fc00000 x12=0xffffffff
      39575.000 ns	      3956	80000ed0	00000013	addi	x0,x0,0	  x0:0x00000000
      39585.000 ns	      3957	80000ed4	00e625b3	slt	x11,x12,x14	 x12:0xffffffff x14:0x00000000 x11=0x00000001
      39605.000 ns	      3959	80000ed8	02b23cb3	mulhu	x25,x4,x11	  x4:0xffffffff x11:0x00000000 x25=0x00000000
      39625.000 ns	      3961	80000edc	d4058993	addi	x19,x11,-704	 x11:0x00000000 x19=0xfffffd41
      39635.000 ns	      3962	80000ee0	0183aab3	slt	x21,x7,x24	  x7:0x000005a0 x24:0x00000000 x21=0x00000000
      39645.000 ns	      3963	80000ee4	01b1f4b3	and	x9,x3,x27	  x3:0xbc8e3000 x27:0x00000000  x9=0x00000000
      39665.000 ns	      3965	80000ee8	a0d70dd3	fle.s	x27,f14,f13	 f14:0x3f800000 f13:0x80000000 x27=0x00000000
      39695.000 ns	      3968	80000eec	03778ab3	mul	x21,x15,x23	 x15:0x80040fe4 x23:0x00000000 x21=0x00000000
      39725.000 ns	      3971	80000ef0	283a1653	fmax.s	f12,f20,f3	 f20:0x80000000  f3:0x7fc00000 f12=0x80000000
      39755.000 ns	      3974	80000ef4	219501d3	fsgnj.s	f3,f10,f25	 f10:0x00000000 f25:0x80000000  f3=0x80000000
      39775.000 ns	      3976	80000ef8	00138b33	add	x22,x7,x1	  x7:0x000005a0  x1:0xca6ff000 x22=0xca6ff5a0
      39785.000 ns	      3977	80000efc	219c7037	lui	x0,0x219c7	
      39795.000 ns	      3978	80000f00	405a85b3	sub	x11,x21,x5	 x21:0x00000000  x5:0x00000010 x11=0xfffffff0
      39815.000 ns	      3980	80000f04	f0090dd3	fmv.w.x	f27,x18	 x18:0x41d8f000 f27=0x41d8f000
      39835.000 ns	      3982	80000f08	42f363b7	lui	x7,0x42f36	  x7=0x42f36000
      39875.000 ns	      3986	80000f0c	09147b53	fsub.s	f22,f8,f17	  f8:0x0000003f f17:0x00000000 f22=0x0000003f
      39905.000 ns	      3989	80000f10	a100a453	feq.s	x8,f1,f16	  f1:0x00000000 f16:0x7717b5a3  x8=0x00000000
      39925.000 ns	      3991	80000f14	7e918b13	addi	x22,x3,2025	  x3:0xbc8e3000 x22=0xbc8e37e9
      39945.000 ns	      3993	80000f18	2175a753	fsgnjx.s	f14,f11,f23	 f11:0x42000000 f23:0x7f800000 f14=0x42000000
      39965.000 ns	      3995	80000f1c	c41b3393	sltiu	x7,x22,-959	 x22:0xca6ff5a0  x7=0x00000001
      39985.000 ns	      3997	80000f20	0273acb3	mulhsu	x25,x7,x7	  x7:0x42f36000  x7:0x42f36000 x25=0x00000000
      40015.000 ns	      4000	80000f24	28ce8a53	fmin.s	f20,f29,f12	 f29:0xf717b5a3 f12:0x80000000 f20=0xf717b5a3
      40045.000 ns	      4003	80000f28	21c98f53	fsgnj.s	f30,f19,f28	 f19:0x80000000 f28:0xbf800000 f30=0x80000000
      40065.000 ns	      4005	80000f2c	6aa2b197	auipc	x3,0x6aa2b	  x3=0xeaa2bf2c
      40085.000 ns	      4007	80000f30	f00c0153	fmv.w.x	f2,x24	 x24:0x00000000  f2=0x00000000
      40105.000 ns	      4009	80000f34	006cdf13	srli	x30,x25,0x6	 x25:0x00000000 x30=0x00000000
      40115.000 ns	      4010	80000f38	00be5db3	srl	x27,x28,x11	 x28:0x00000000 x11:0xfffffff0 x27=0x00000000
      40135.000 ns	      4012	80000f3c	288c96d3	fmax.s	f13,f25,f8	 f25:0x80000000  f8:0x0000003f f13=0x0000003f
      40155.000 ns	      4014	80000f40	01c84333	xor	x6,x16,x28	 x16:0x00000001 x28:0x00000000  x6=0x00000001
      40165.000 ns	      4015	80000f44	0015feb3	and	x29,x11,x1	 x11:0xfffffff0  x1:0xca6ff000 x29=0xca6ff000
      40175.000 ns	      4016	80000f48	017f53b3	srl	x7,x30,x23	 x30:0x00000000 x23:0x00000000  x7=0x00000000
      40185.000 ns	      4017	80000f4c	0149ffb3	and	x31,x19,x20	 x19:0xfffffd41 x20:0x80041024 x31=0x80041000
      40205.000 ns	      4019	80000f50	035525b3	mulhsu	x11,x10,x21	 x10:0x000005a0 x21:0x00000000 x11=0x00000000
      40235.000 ns	      4022	80000f54	209a98d3	fsgnjn.s	f17,f21,f9	 f21:0x00000000  f9:0x7fc00000 f17=0x80000000
      40285.000 ns	      4027	80000f58	0168f2d3	fadd.s	f5,f17,f22	 f17:0x00000000 f22:0x0000003f  f5=0x0000003f
      40305.000 ns	      4029	80000f5c	01d29633	sll	x12,x5,x29	  x5:0x00000010 x29:0xca6ff000 x12=0x00000010
      40325.000 ns	      4031	80000f60	e00e9353	fclass.s	x6,f29	 f29:0xf717b5a3  x6=0x00000002
      40345.000 ns	      4033	80000f64	005a8bb3	add	x23,x21,x5	 x21:0x00000000  x5:0x00000010 x23=0x00000010
      40355.000 ns	      4034	80000f68	40f3d9b3	sra	x19,x7,x15	  x7:0x00000000 x15:0x80040fe4 x19=0x00000000
      40365.000 ns	      4035	80000f6c	00621d13	slli	x26,x4,0x6	  x4:0xffffffff x26=0xffffffc0
      40375.000 ns	      4036	80000f70	40425933	sra	x18,x4,x4	  x4:0xffffffff  x4:0xffffffff x18=0xffffffff
      40395.000 ns	      4038	80000f74	02c2a233	mulhsu	x4,x5,x12	  x5:0x00000010 x12:0x00000010  x4=0x00000000
      40415.000 ns	      4040	80000f78	00684133	xor	x2,x16,x6	 x16:0x00000001  x6:0x00000002  x2=0x00000003
      40455.000 ns	      4044	80000f7c	0027b2d3	fadd.s	f5,f15,f2	 f15:0xf717b5a3  f2:0x00000000  f5=0xf717b5a3
      40825.000 ns	      4081	80000f80	02fa5eb3	divu	x29,x20,x15	 x20:0x80041024 x15:0x80040fe4 x29=0x00000001
      40855.000 ns	      4084	80000f84	e00f88d3	fmv.x.w	x17,f31	 f31:0x00000000 x17=0x00000000
      41225.000 ns	      4121	80000f88	03697ab3	remu	x21,x18,x22	 x18:0xffffffff x22:0xbc8e37e9 x21=0x4371c816
      41275.000 ns	      4126	80000f8c	00af78d3	fadd.s	f17,f30,f10	 f30:0x80000000 f10:0x00000000 f17=0x00000000
      41295.000 ns	      4128	80000f90	00c48e33	add	x28,x9,x12	  x9:0x00000000 x12:0x00000010 x28=0x00000010
      41325.000 ns	      4131	80000f94	11fdf553	fmul.s	f10,f27,f31	 f27:0x41d8f000 f31:0x00000000 f10=0x00000000
      41355.000 ns	      4134	80000f98	c008c153	fcvt.w.s	x2,f17	 f17:0x00000000  x2=0x00000000
      41375.000 ns	      4136	80000f9c	4761a513	slti	x10,x3,1142	  x3:0xeaa2bf2c x10=0x00000001
      41385.000 ns	      4137	80000fa0	0169ecb3	or	x25,x19,x22	 x19:0x00000000 x22:0xbc8e37e9 x25=0xbc8e37e9
      41395.000 ns	      4138	80000fa4	4184d9b3	sra	x19,x9,x24	  x9:0x00000000 x24:0x00000000 x19=0x00000000
      41405.000 ns	      4139	80000fa8	3106c013	xori	x0,x13,784	 x13:0x00000003
      41435.000 ns	      4142	80000fac	1826ce53	fdiv.s	f28,f13,f2	 f13:0x0000003f  f2:0x00000000 f28=0x7f800000
      41455.000 ns	      4144	80000fb0	01ff5133	srl	x2,x30,x31	 x30:0x00000000 x31:0x80041000  x2=0x00000000
      41465.000 ns	      4145	80000fb4	21c6e713	ori	x14,x13,540	 x13:0x00000003 x14=0x0000021f
      41475.000 ns	      4146	80000fb8	00e0eab3	or	x21,x1,x14	  x1:0xca6ff000 x14:0x00000000 x21=0xca6ff21f
      41485.000 ns	      4147	80000fbc	5b9e8313	addi	x6,x29,1465	 x29:0x00000001  x6=0x000005ba
      41505.000 ns	      4149	80000fc0	c01e2d53	fcvt.wu.s	x26,f28	 f28:0x7f800000 x26=0xffffffff
      41535.000 ns	      4152	80000fc4	e00982d3	fmv.x.w	x5,f19	 f19:0x80000000  x5=0x80000000
      41565.000 ns	      4155	80000fc8	213d9f53	fsgnjn.s	f30,f27,f19	 f27:0x41d8f000 f19:0x80000000 f30=0x41d8f000
      41585.000 ns	      4157	80000fcc	911da193	slti	x3,x27,-1775	 x27:0x00000000  x3=0x00000000
      41595.000 ns	      4158	80000fd0	41e103b3	sub	x7,x2,x30	  x2:0x00000000 x30:0x00000000  x7=0x00000000
      41605.000 ns	      4159	80000fd4	01559233	sll	x4,x11,x21	 x11:0x00000000 x21:0xca6ff21f  x4=0x00000000
      41625.000 ns	      4161	80000fd8	200c1253	fsgnjn.s	f4,f24,f0	 f24:0x80041024  f0:0x8000003f  f4=0x00041024
      41655.000 ns	      4164	80000fdc	e0081dd3	fclass.s	x27,f16	 f16:0x7717b5a3 x27=0x00000040
      41675.000 ns	      4166	80000fe0	b7a2f313	andi	x6,x5,-1158	  x5:0x80000000  x6=0x80000000
      41705.000 ns	      4169	80000fe4	19d61053	fdiv.s	f0,f12,f29	 f12:0x80000000 f29:0xf717b5a3  f0=0x00000000
      41725.000 ns	      4171	80000fe8	2369af13	slti	x30,x19,566	 x19:0x00000000 x30=0x00000001
      41745.000 ns	      4173	80000fec	201c2853	fsgnjx.s	f16,f24,f1	 f24:0x80041024  f1:0x00000000 f16=0x80041024
      41765.000 ns	      4175	80000ff0	00000013	addi	x0,x0,0	  x0:0x00000000
      41785.000 ns	      4177	80000ff4	a195ad53	feq.s	x26,f11,f25	 f11:0x42000000 f25:0x80000000 x26=0x00000000
      41815.000 ns	      4180	80000ff8	f00d01d3	fmv.w.x	f3,x26	 x26:0xffffffff  f3=0x00000000
      42185.000 ns	      4217	80000ffc	03f26633	rem	x12,x4,x31	  x4:0x00000000 x31:0x80041000 x12=0x00000000
      42555.000 ns	      4254	80001000	0252d3b3	divu	x7,x5,x5	  x5:0x80000000  x5:0x80000000  x7=0x00000001
      42575.000 ns	      4256	80001004	cf500b13	addi	x22,x0,-779	  x0:0x00000000 x22=0xfffffcf5
      42585.000 ns	      4257	80001008	40c90033	sub	x0,x18,x12	 x18:0xffffffff x12:0x00000000
      42605.000 ns	      4259	8000100c	c00bf453	fcvt.w.s	x8,f23	 f23:0x7f800000  x8=0x7fffffff
      42635.000 ns	      4262	80001010	21f81053	fsgnjn.s	f0,f16,f31	 f16:0x80041024 f31:0x00000000  f0=0x80041024
      42655.000 ns	      4264	80001014	00bc9b33	sll	x22,x25,x11	 x25:0xbc8e37e9 x11:0x00000000 x22=0xbc8e37e9
      42665.000 ns	      4265	80001018	7c1ab497	auipc	x9,0x7c1ab	  x9=0xfc1ac018
      42675.000 ns	      4266	8000101c	e4d34093	xori	x1,x6,-435	  x6:0x80000000  x1=0x7ffffe4d
      42685.000 ns	      4267	80001020	01df5293	srli	x5,x30,0x1d	 x30:0x00000001  x5=0x00000000
      42705.000 ns	      4269	80001024	2123af53	fsgnjx.s	f30,f7,f18	  f7:0x00000000 f18:0x7f800000 f30=0x00000000
      42725.000 ns	      4271	80001028	016a32b3	sltu	x5,x20,x22	 x20:0x80041024 x22:0xbc8e37e9  x5=0x00000001
      42735.000 ns	      4272	8000102c	417602b3	sub	x5,x12,x23	 x12:0x00000000 x23:0x00000010  x5=0xfffffff0
      42745.000 ns	      4273	80001030	0142d033	srl	x0,x5,x20	  x5:0x00000000 x20:0x80041024
      42755.000 ns	      4274	80001034	01646f33	or	x30,x8,x22	  x8:0x7fffffff x22:0xbc8e37e9 x30=0xffffffff
      42775.000 ns	      4276	80001038	a00a1ed3	flt.s	x29,f20,f0	 f20:0xf717b5a3  f0:0x80041024 x29=0x00000001
      42795.000 ns	      4278	8000103c	4dee3713	sltiu	x14,x28,1246	 x28:0x00000010 x14=0x00000001
      42815.000 ns	      4280	80001040	217e1ed3	fsgnjn.s	f29,f28,f23	 f28:0x7f800000 f23:0x7f800000 f29=0xff800000
      42835.000 ns	      4282	80001044	6d6a3213	sltiu	x4,x20,1750	 x20:0x80041024  x4=0x00000000
      42865.000 ns	      4285	80001048	11067cd3	fmul.s	f25,f12,f16	 f12:0x80000000 f16:0x80041024 f25=0x00000000
      42885.000 ns	      4287	8000104c	00ecd093	srli	x1,x25,0xe	 x25:0xbc8e37e9  x1=0x0002f238
      42905.000 ns	      4289	80001050	e00295d3	fclass.s	x11,f5	  f5:0xf717b5a3 x11=0x00000002
      42935.000 ns	      4292	80001054	02e88133	mul	x2,x17,x14	 x17:0x00000000 x14:0x00000001  x2=0x00000000
      42965.000 ns	      4295	80001058	a07d80d3	fle.s	x1,f27,f7	 f27:0x41d8f000  f7:0x00000000  x1=0x00000000
      43015.000 ns	      4300	8000105c	005c19d3	fadd.s	f19,f24,f5	 f24:0x80041024  f5:0xf717b5a3 f19=0xf717b5a3
      43035.000 ns	      4302	80001060	41bd8e33	sub	x28,x27,x27	 x27:0x00000040 x27:0x00000040 x28=0x00000000
      43045.000 ns	      4303	80001064	00074733	xor	x14,x14,x0	 x14:0x00000001  x0:0x00000000 x14=0x00000001
      43065.000 ns	      4305	80001068	022778b3	remu	x17,x14,x2	 x14:0x00000001  x2:0x00000000 x17=0x00000001
      43085.000 ns	      4307	8000106c	00870cb3	add	x25,x14,x8	 x14:0x00000001  x8:0x7fffffff x25=0x80000000
      43095.000 ns	      4308	80001070	3f274a93	xori	x21,x14,1010	 x14:0x00000001 x21=0x000003f3
      43135.000 ns	      4312	80001074	013d1053	fadd.s	f0,f26,f19	 f26:0x49201000 f19:0xf717b5a3  f0=0xf717b5a3
      43165.000 ns	      4315	80001078	c0087553	fcvt.w.s	x10,f16	 f16:0x80041024 x10=0x00000000
      43185.000 ns	      4317	8000107c	0023ec33	or	x24,x7,x2	  x7:0x00000001  x2:0x00000000 x24=0x00000001
      43205.000 ns	      4319	80001080	03c4d933	divu	x18,x9,x28	  x9:0xfc1ac018 x28:0x00000000 x18=0xffffffff
      43255.000 ns	      4324	80001084	09dff5d3	fsub.s	f11,f31,f29	 f31:0x00000000 f29:0xff800000 f11=0x7f800000
      43285.000 ns	      4327	80001088	02a655b3	divu	x11,x12,x10	 x12:0x00000000 x10:0x00000000 x11=0xffffffff
      43315.000 ns	      4330	8000108c	a19fad53	feq.s	x26,f31,f25	 f31:0x00000000 f25:0x00000000 x26=0x00000001
      43355.000 ns	      4334	80001090	18b204d3	fdiv.s	f9,f4,f11	  f4:0x00041024 f11:0x7f800000  f9=0x00000000
      43385.000 ns	      4337	80001094	03c235b3	mulhu	x11,x4,x28	  x4:0x00000000 x28:0x00000000 x11=0x00000000
      43415.000 ns	      4340	80001098	a0318bd3	fle.s	x23,f3,f3	  f3:0x00000000  f3:0x00000000 x23=0x00000001
      43445.000 ns	      4343	8000109c	d00efed3	fcvt.s.w	f29,x29	 x29:0x00000001 f29=0x3f800000
      43465.000 ns	      4345	800010a0	7188b393	sltiu	x7,x17,1816	 x17:0x00000001  x7=0x00000001
      43475.000 ns	      4346	800010a4	bc523c13	sltiu	x24,x4,-1083	  x4:0x00000000 x24=0x00000001
      43515.000 ns	      4350	800010a8	08ac03d3	fsub.s	f7,f24,f10	 f24:0x80041024 f10:0x00000000  f7=0x80041024
      43535.000 ns	      4352	800010ac	00013e33	sltu	x28,x2,x0	  x2:0x00000000  x0:0x00000000 x28=0x00000000
      43555.000 ns	      4354	800010b0	03fd3533	mulhu	x10,x26,x31	 x26:0x00000001 x31:0x80041000 x10=0x00000000
      43575.000 ns	      4356	800010b4	01469e93	slli	x29,x13,0x14	 x13:0x00000003 x29=0x00300000
      43585.000 ns	      4357	800010b8	01b29093	slli	x1,x5,0x1b	  x5:0xfffffff0  x1=0x80000000
      43625.000 ns	      4361	800010bc	018a75d3	fadd.s	f11,f20,f24	 f20:0xf717b5a3 f24:0x80041024 f11=0xf717b5a3
      43655.000 ns	      4364	800010c0	21f38ad3	fsgnj.s	f21,f7,f31	  f7:0x80041024 f31:0x00000000 f21=0x00041024
      43675.000 ns	      4366	800010c4	013d5a93	srli	x21,x26,0x13	 x26:0x00000001 x21=0x00000000
      44035.000 ns	      4402	800010c8	0342dab3	divu	x21,x5,x20	  x5:0xfffffff0 x20:0x80041024 x21=0x00000001
      44055.000 ns	      4404	800010cc	411c02b3	sub	x5,x24,x17	 x24:0x00000001 x17:0x00000001  x5=0x00000000
      44065.000 ns	      4405	800010d0	f4dd2813	slti	x16,x26,-179	 x26:0x00000001 x16=0x00000000
      44075.000 ns	      4406	800010d4	00de8cb3	add	x25,x29,x13	 x29:0x00300000 x13:0x00000003 x25=0x00300003
      44085.000 ns	      4407	800010d8	32296f93	ori	x31,x18,802	 x18:0xffffffff x31=0xffffffff
      44095.000 ns	      4408	800010dc	01d72fb3	slt	x31,x14,x29	 x14:0x00000001 x29:0x00300000 x31=0x00000001
      44115.000 ns	      4410	800010e0	e00f1ad3	fclass.s	x21,f30	 f30:0x00000000 x21=0x00000010
      44145.000 ns	      4413	800010e4	c01893d3	fcvt.wu.s	x7,f17	 f17:0x00000000  x7=0x00000000
      44165.000 ns	      4415	800010e8	408b88b3	sub	x17,x23,x8	 x23:0x00000001  x8:0x7fffffff x17=0x80000002
      44175.000 ns	      4416	800010ec	00000013	addi	x0,x0,0	  x0:0x00000000
      44185.000 ns	      4417	800010f0	415f8433	sub	x8,x31,x21	 x31:0x00000001 x21:0x00000010  x8=0xfffffff1
      44205.000 ns	      4419	800010f4	02f30db3	mul	x27,x6,x15	  x6:0x80000000 x15:0x80040fe4 x27=0x00000000
      44225.000 ns	      4421	800010f8	01791893	slli	x17,x18,0x17	 x18:0xffffffff x17=0xff800000
      44235.000 ns	      4422	800010fc	03bd0b37	lui	x22,0x3bd0	 x22=0x03bd0000
      44245.000 ns	      4423	80001100	00b1b1b3	sltu	x3,x3,x11	  x3:0x00000000 x11:0x00000000  x3=0x00000000
      44255.000 ns	      4424	80001104	00b92433	slt	x8,x18,x11	 x18:0xffffffff x11:0x00000000  x8=0x00000001
      44615.000 ns	      4460	80001108	0356cfb3	div	x31,x13,x21	 x13:0x00000003 x21:0x00000010 x31=0x00000000
      44645.000 ns	      4463	8000110c	a0860e53	fle.s	x28,f12,f8	 f12:0x80000000  f8:0x0000003f x28=0x00000001
      44665.000 ns	      4465	80001110	ba874b93	xori	x23,x14,-1112	 x14:0x00000001 x23=0xfffffba9
      44685.000 ns	      4467	80001114	28c99c53	fmax.s	f24,f19,f12	 f19:0xf717b5a3 f12:0x80000000 f24=0x80000000
      44705.000 ns	      4469	80001118	007d0733	add	x14,x26,x7	 x26:0x00000001  x7:0x00000000 x14=0x00000001
      44725.000 ns	      4471	8000111c	21712453	fsgnjx.s	f8,f2,f23	  f2:0x00000000 f23:0x7f800000  f8=0x00000000
      44745.000 ns	      4473	80001120	00962833	slt	x16,x12,x9	 x12:0x00000000  x9:0xfc1ac018 x16=0x00000000
      44765.000 ns	      4475	80001124	d0142b53	fcvt.s.wu	f22,x8	  x8:0x00000001 f22=0x3f800000
      44795.000 ns	      4478	80001128	28db1e53	fmax.s	f28,f22,f13	 f22:0x0000003f f13:0x0000003f f28=0x3f800000
      45165.000 ns	      4515	8000112c	034dcbb3	div	x23,x27,x20	 x27:0x00000000 x20:0x80041024 x23=0x00000000
      45195.000 ns	      4518	80001130	206020d3	fsgnjx.s	f1,f0,f6	  f0:0xf717b5a3  f6:0x46a01000  f1=0xf717b5a3
      45225.000 ns	      4521	80001134	c01afc53	fcvt.wu.s	x24,f21	 f21:0x00041024 x24=0x00000000
      45255.000 ns	      4524	80001138	e0091b53	fclass.s	x22,f18	 f18:0x7f800000 x22=0x00000080
      45275.000 ns	      4526	8000113c	bee060b7	lui	x1,0xbee06	  x1=0xbee06000
      45305.000 ns	      4529	80001140	1000b9d3	fmul.s	f19,f1,f0	  f1:0xf717b5a3  f0:0xf717b5a3 f19=0x7f800000
      45325.000 ns	      4531	80001144	417b85b3	sub	x11,x23,x23	 x23:0x00000000 x23:0x00000000 x11=0x00000000
      45345.000 ns	      4533	80001148	d00812d3	fcvt.s.w	f5,x16	 x16:0x00000000  f5=0x00000000
      45385.000 ns	      4537	8000114c	192718d3	fdiv.s	f17,f14,f18	 f14:0x42000000 f18:0x7f800000 f17=0x00000000
      45405.000 ns	      4539	80001150	41d1d633	sra	x12,x3,x29	  x3:0x00000000 x29:0x00300000 x12=0x00000000
      45415.000 ns	      4540	80001154	35d3e513	ori	x10,x7,861	  x7:0x00000000 x10=0x0000035d
      45435.000 ns	      4542	80001158	a1379ed3	flt.s	x29,f15,f19	 f15:0xf717b5a3 f19:0x7f800000 x29=0x00000001
      45465.000 ns	      4545	8000115c	d0091053	fcvt.s.w	f0,x18	 x18:0xffffffff  f0=0xbf800000
      45835.000 ns	      4582	80001160	03c8e1b3	rem	x3,x17,x28	 x17:0xff800000 x28:0x00000001  x3=0x00000000
      45855.000 ns	      4584	80001164	40e00c33	sub	x24,x0,x14	  x0:0x00000000 x14:0x00000001 x24=0xffffffff
      45865.000 ns	      4585	80001168	d6973297	auipc	x5,0xd6973	  x5=0x56974168
      45885.000 ns	      4587	8000116c	c01ecbd3	fcvt.wu.s	x23,f29	 f29:0x3f800000 x23=0x00000001
      45915.000 ns	      4590	80001170	0376a233	mulhsu	x4,x13,x23	 x13:0x00000003 x23:0x00000000  x4=0x00000000
      45955.000 ns	      4594	80001174	10df7f53	fmul.s	f30,f30,f13	 f30:0x00000000 f13:0x0000003f f30=0x00000000
      45975.000 ns	      4596	80001178	01d52c33	slt	x24,x10,x29	 x10:0x0000035d x29:0x00000001 x24=0x00000000
      45995.000 ns	      4598	8000117c	a08a2653	feq.s	x12,f20,f8	 f20:0xf717b5a3  f8:0x00000000 x12=0x00000000
      46015.000 ns	      4600	80001180	013343b3	xor	x7,x6,x19	  x6:0x80000000 x19:0x00000000  x7=0x80000000
      46035.000 ns	      4602	80001184	0303b5b3	mulhu	x11,x7,x16	  x7:0x00000000 x16:0x00000000 x11=0x00000000
      46055.000 ns	      4604	80001188	01014b33	xor	x22,x2,x16	  x2:0x00000000 x16:0x00000000 x22=0x00000000
      46075.000 ns	      4606	8000118c	28c989d3	fmin.s	f19,f19,f12	 f19:0x7f800000 f12:0x80000000 f19=0x80000000
      46105.000 ns	      4609	80001190	d01e2553	fcvt.s.wu	f10,x28	 x28:0x00000001 f10=0x3f800000
      46125.000 ns	      4611	80001194	40628233	sub	x4,x5,x6	  x5:0x56974168  x6:0x80000000  x4=0xd6974168
      46145.000 ns	      4613	80001198	28170a53	fmin.s	f20,f14,f1	 f14:0x42000000  f1:0xf717b5a3 f20=0xf717b5a3
      46175.000 ns	      4616	8000119c	e0020b53	fmv.x.w	x22,f4	  f4:0x00041024 x22=0x00041024
      46195.000 ns	      4618	800011a0	01129813	slli	x16,x5,0x11	  x5:0x56974168 x16=0x82d00000
      46215.000 ns	      4620	800011a4	a058a753	feq.s	x14,f17,f5	 f17:0x00000000  f5:0x00000000 x14=0x00000001
      46585.000 ns	      4657	800011a8	02437633	remu	x12,x6,x4	  x6:0x80000000  x4:0xd6974168 x12=0x80000000
      46615.000 ns	      4660	800011ac	02c0a4b3	mulhsu	x9,x1,x12	  x1:0xbee06000 x12:0x00000000  x9=0xdf703000
      46985.000 ns	      4697	800011b0	037bddb3	divu	x27,x23,x23	 x23:0x00000001 x23:0x00000001 x27=0x00000001
      47015.000 ns	      4700	800011b4	e00d0dd3	fmv.x.w	x27,f26	 f26:0x49201000 x27=0x49201000
      47035.000 ns	      4702	800011b8	c004e293	ori	x5,x9,-1024	  x9:0xdf703000  x5=0xfffffc00
      47075.000 ns	      4706	800011bc	083875d3	fsub.s	f11,f16,f3	 f16:0x80041024  f3:0x00000000 f11=0x80041024
      47105.000 ns	      4709	800011c0	020e31b3	mulhu	x3,x28,x0	 x28:0x00000001  x0:0x00000000  x3=0x00000000
      47125.000 ns	      4711	800011c4	00e451b3	srl	x3,x8,x14	  x8:0x00000001 x14:0x00000001  x3=0x00000000
      47135.000 ns	      4712	800011c8	00b9b2b3	sltu	x5,x19,x11	 x19:0x00000000 x11:0x00000000  x5=0x00000000
      47145.000 ns	      4713	800011cc	01bcd2b3	srl	x5,x25,x27	 x25:0x00300003 x27:0x49201000  x5=0x00300003
      47185.000 ns	      4717	800011d0	092631d3	fsub.s	f3,f12,f18	 f12:0x80000000 f18:0x7f800000  f3=0xff800000
      47235.000 ns	      4722	800011d4	08eba1d3	fsub.s	f3,f23,f14	 f23:0x7f800000 f14:0x42000000  f3=0x7f800000
      47265.000 ns	      4725	800011d8	e0039453	fclass.s	x8,f7	  f7:0x80041024  x8=0x00000004
      47295.000 ns	      4728	800011dc	0239a3b3	mulhsu	x7,x19,x3	 x19:0x00000000  x3:0x00000000  x7=0x00000000
      47315.000 ns	      4730	800011e0	917b6bb7	lui	x23,0x917b6	 x23=0x917b6000
      47335.000 ns	      4732	800011e4	21879453	fsgnjn.s	f8,f15,f24	 f15:0xf717b5a3 f24:0x80000000  f8=0x7717b5a3
      47355.000 ns	      4734	800011e8	003001b3	add	x3,x0,x3	  x0:0x00000000  x3:0x00000000  x3=0x00000000
      47395.000 ns	      4738	800011ec	08aec353	fsub.s	f6,f29,f10	 f29:0x3f800000 f10:0x3f800000  f6=0x80000000
      47445.000 ns	      4743	800011f0	09524cd3	fsub.s	f25,f4,f21	  f4:0x00041024 f21:0x00041024 f25=0x80000000
      47815.000 ns	      4780	800011f4	02a1d3b3	divu	x7,x3,x10	  x3:0x00000000 x10:0x0000035d  x7=0x00000000
      48995.000 ns	      4898	800011f8	580237d3	fsqrt.s	f15,f4	  f4:0x00041024 f15=0x1f3ac36a
      49015.000 ns	      4900	800011fc	68fe8613	addi	x12,x29,1679	 x29:0x00000001 x12=0x00000690
      49025.000 ns	      4901	80001200	4f143913	sltiu	x18,x8,1265	  x8:0x00000004 x18=0x00000001
      49035.000 ns	      4902	80001204	00000013	addi	x0,x0,0	  x0:0x00000000
      49055.000 ns	      4904	80001208	a0d02b53	feq.s	x22,f0,f13	  f0:0xbf800000 f13:0x0000003f x22=0x00000000
      49075.000 ns	      4906	8000120c	005b7033	and	x0,x22,x5	 x22:0x00041024  x5:0x00300003
      49085.000 ns	      4907	80001210	007b2b33	slt	x22,x22,x7	 x22:0x00000000  x7:0x00000000 x22=0x00000000
      49105.000 ns	      4909	80001214	c01c75d3	fcvt.wu.s	x11,f24	 f24:0x80000000 x11=0x00000000
      49475.000 ns	      4946	80001218	03c26eb3	rem	x29,x4,x28	  x4:0xd6974168 x28:0x00000001 x29=0x00000000
      49515.000 ns	      4950	8000121c	10847bd3	fmul.s	f23,f8,f8	  f8:0x7717b5a3  f8:0x7717b5a3 f23=0x7f800000
      49545.000 ns	      4953	80001220	f00e08d3	fmv.w.x	f17,x28	 x28:0x00000001 f17=0x00000001
      49575.000 ns	      4956	80001224	c01c7cd3	fcvt.wu.s	x25,f24	 f24:0x80000000 x25=0x00000000
      49615.000 ns	      4960	80001228	11d0f4d3	fmul.s	f9,f1,f29	  f1:0xf717b5a3 f29:0x3f800000  f9=0xf717b5a4
      49635.000 ns	      4962	8000122c	fb58f713	andi	x14,x17,-75	 x17:0xff800000 x14=0xff800000
      49995.000 ns	      4998	80001230	03b84933	div	x18,x16,x27	 x16:0x82d00000 x27:0x49201000 x18=0xffffffff
      50365.000 ns	      5035	80001234	03b17eb3	remu	x29,x2,x27	  x2:0x00000000 x27:0x49201000 x29=0x00000000
      50385.000 ns	      5037	80001238	01d2b033	sltu	x0,x5,x29	  x5:0x00300003 x29:0x00000000
      50395.000 ns	      5038	8000123c	017195b3	sll	x11,x3,x23	  x3:0x00000000 x23:0x917b6000 x11=0x00000000
      50405.000 ns	      5039	80001240	01c738b3	sltu	x17,x14,x28	 x14:0xff800000 x28:0x00000001 x17=0x00000000
      50425.000 ns	      5041	80001244	02492e33	mulhsu	x28,x18,x4	 x18:0xffffffff  x4:0xd6974168 x28=0xffffffff
      50795.000 ns	      5078	80001248	02f459b3	divu	x19,x8,x15	  x8:0x00000004 x15:0x80040fe4 x19=0x00000000
      50815.000 ns	      5080	8000124c	daf71b37	lui	x22,0xdaf71	 x22=0xdaf71000
      50835.000 ns	      5082	80001250	200f8053	fsgnj.s	f0,f31,f0	 f31:0x00000000  f0:0xbf800000  f0=0x80000000
      50885.000 ns	      5087	80001254	09e699d3	fsub.s	f19,f13,f30	 f13:0x0000003f f30:0x00000000 f19=0x0000003f
      50915.000 ns	      5090	80001258	d01a74d3	fcvt.s.wu	f9,x20	 x20:0x80041024  f9=0x4f000410
      50945.000 ns	      5093	8000125c	f0018353	fmv.w.x	f6,x3	  x3:0x00000000  f6=0x00000000
      50975.000 ns	      5096	80001260	21e29d53	fsgnjn.s	f26,f5,f30	  f5:0x00000000 f30:0x00000000 f26=0x80000000
      50995.000 ns	      5098	80001264	19f9fb13	andi	x22,x19,415	 x19:0x00000000 x22=0x00000000
      51015.000 ns	      5100	80001268	03d2e8b3	rem	x17,x5,x29	  x5:0x00300003 x29:0x00000000 x17=0x00300003
      51045.000 ns	      5103	8000126c	20909653	fsgnjn.s	f12,f1,f9	  f1:0xf717b5a3  f9:0x4f000410 f12=0xf717b5a3
      51075.000 ns	      5106	80001270	a1102e53	feq.s	x28,f0,f17	  f0:0x80000000 f17:0x00000001 x28=0x00000000
      51105.000 ns	      5109	80001274	21529353	fsgnjn.s	f6,f5,f21	  f5:0x00000000 f21:0x00041024  f6=0x80000000
      51145.000 ns	      5113	80001278	580ff653	fsqrt.s	f12,f31	 f31:0x00000000 f12=0x00000000
      51165.000 ns	      5115	8000127c	1b516093	ori	x1,x2,437	  x2:0x00000000  x1=0x000001b5
      51185.000 ns	      5117	80001280	a0140153	fle.s	x2,f8,f1	  f8:0x7717b5a3  f1:0xf717b5a3  x2=0x00000000
      51205.000 ns	      5119	80001284	2f7f2b13	slti	x22,x30,759	 x30:0xffffffff x22=0x00000001
      51225.000 ns	      5121	80001288	29ef9fd3	fmax.s	f31,f31,f30	 f31:0x00000000 f30:0x00000000 f31=0x00000000
      51265.000 ns	      5125	8000128c	113747d3	fmul.s	f15,f14,f19	 f14:0x42000000 f19:0x0000003f f15=0x000007e1
      51295.000 ns	      5128	80001290	21c920d3	fsgnjx.s	f1,f18,f28	 f18:0x7f800000 f28:0x3f800000  f1=0x7f800000
      51315.000 ns	      5130	80001294	9812bd93	sltiu	x27,x5,-1663	  x5:0x00300003 x27=0x00000001
      51675.000 ns	      5166	80001298	02e27233	remu	x4,x4,x14	  x4:0xd6974168 x14:0xff800000  x4=0xd6974168
      51705.000 ns	      5169	8000129c	03a09733	mulh	x14,x1,x26	  x1:0x000001b5 x26:0x00000001 x14=0x00000000
      51725.000 ns	      5171	800012a0	98110613	addi	x12,x2,-1663	  x2:0x00000000 x12=0xfffff981
      51735.000 ns	      5172	800012a4	fb57dc17	auipc	x24,0xfb57d	 x24=0x7b57e2a4
      51745.000 ns	      5173	800012a8	d1867397	auipc	x7,0xd1867	  x7=0x518682a8
      51785.000 ns	      5177	800012ac	00587453	fadd.s	f8,f16,f5	 f16:0x80041024  f5:0x00000000  f8=0x80041024
      51805.000 ns	      5179	800012b0	00e7a733	slt	x14,x15,x14	 x15:0x80040fe4 x14:0x00000000 x14=0x00000001
      51825.000 ns	      5181	800012b4	28c89d53	fmax.s	f26,f17,f12	 f17:0x00000001 f12:0x00000000 f26=0x00000001
      51855.000 ns	      5184	800012b8	035188b3	mul	x17,x3,x21	  x3:0x00000000 x21:0x00000010 x17=0x00000000
      51885.000 ns	      5187	800012bc	21e09b53	fsgnjn.s	f22,f1,f30	  f1:0x7f800000 f30:0x00000000 f22=0xff800000
      51905.000 ns	      5189	800012c0	9064b893	sltiu	x17,x9,-1786	  x9:0xdf703000 x17=0x00000001
      53075.000 ns	      5306	800012c4	580e8c53	fsqrt.s	f24,f29	 f29:0x3f800000 f24=0x3f7fffae
      53105.000 ns	      5309	800012c8	03659433	mulh	x8,x11,x22	 x11:0x00000000 x22:0x00000001  x8=0x00000000
      53125.000 ns	      5311	800012cc	a8692193	slti	x3,x18,-1402	 x18:0xffffffff  x3=0x00000000
      53135.000 ns	      5312	800012d0	01d17eb3	and	x29,x2,x29	  x2:0x00000000 x29:0x00000000 x29=0x00000000
      53155.000 ns	      5314	800012d4	285b0dd3	fmin.s	f27,f22,f5	 f22:0xff800000  f5:0x00000000 f27=0xff800000
      53205.000 ns	      5319	800012d8	00f8f1d3	fadd.s	f3,f17,f15	 f17:0x00000001 f15:0x000007e1  f3=0x000007e2
      53235.000 ns	      5322	800012dc	e00b0253	fmv.x.w	x4,f22	 f22:0xff800000  x4=0xff800000
      53605.000 ns	      5359	800012e0	038f70b3	remu	x1,x30,x24	 x30:0xffffffff x24:0x7b57e2a4  x1=0x09503ab7
      53635.000 ns	      5362	800012e4	20ef01d3	fsgnj.s	f3,f30,f14	 f30:0x00000000 f14:0x42000000  f3=0x00000000
      53665.000 ns	      5365	800012e8	c00378d3	fcvt.w.s	x17,f6	  f6:0x80000000 x17=0x00000000
      54035.000 ns	      5402	800012ec	0378ddb3	divu	x27,x17,x23	 x17:0x00000001 x23:0x917b6000 x27=0x00000000
      54065.000 ns	      5405	800012f0	203c2b53	fsgnjx.s	f22,f24,f3	 f24:0x3f7fffae  f3:0x00000000 f22=0x3f7fffae
      54085.000 ns	      5407	800012f4	00000013	addi	x0,x0,0	  x0:0x00000000
      54095.000 ns	      5408	800012f8	4149deb3	sra	x29,x19,x20	 x19:0x00000000 x20:0x80041024 x29=0x00000000
      54105.000 ns	      5409	800012fc	01fbdbb3	srl	x23,x23,x31	 x23:0x917b6000 x31:0x00000000 x23=0x917b6000
      54125.000 ns	      5411	80001300	d004f853	fcvt.s.w	f16,x9	  x9:0xdf703000 f16=0xce023f40
      54155.000 ns	      5414	80001304	020eb5b3	mulhu	x11,x29,x0	 x29:0x00000000  x0:0x00000000 x11=0x00000000
      54175.000 ns	      5416	80001308	019bd8b3	srl	x17,x23,x25	 x23:0x917b6000 x25:0x00000000 x17=0x917b6000
      54185.000 ns	      5417	8000130c	00bff533	and	x10,x31,x11	 x31:0x00000000 x11:0x00000000 x10=0x00000000
      54215.000 ns	      5420	80001310	100478d3	fmul.s	f17,f8,f0	  f8:0x80041024  f0:0x80000000 f17=0x00000000
      54235.000 ns	      5422	80001314	002ab1b3	sltu	x3,x21,x2	 x21:0x00000010  x2:0x00000000  x3=0x00000000
      54245.000 ns	      5423	80001318	008eb633	sltu	x12,x29,x8	 x29:0x00000000  x8:0x00000000 x12=0x00000000
      54255.000 ns	      5424	8000131c	c320ea93	ori	x21,x1,-974	  x1:0x09503ab7 x21=0xfffffeb7
      54265.000 ns	      5425	80001320	41308233	sub	x4,x1,x19	  x1:0x09503ab7 x19:0x00000000  x4=0x09503ab7
      54285.000 ns	      5427	80001324	03911cb3	mulh	x25,x2,x25	  x2:0x00000000 x25:0x00000000 x25=0x00000000
      54305.000 ns	      5429	80001328	175001b7	lui	x3,0x17500	  x3=0x17500000
      54325.000 ns	      5431	8000132c	a0b99e53	flt.s	x28,f19,f11	 f19:0x0000003f f11:0x80041024 x28=0x00000000
      54695.000 ns	      5468	80001330	0367e633	rem	x12,x15,x22	 x15:0x80040fe4 x22:0x00000001 x12=0x00000000
      54735.000 ns	      5472	80001334	580f00d3	fsqrt.s	f1,f30	 f30:0x00000000  f1=0x00000000
      54785.000 ns	      5477	80001338	0808f6d3	fsub.s	f13,f17,f0	 f17:0x00000000  f0:0x80000000 f13=0x00000000
      54825.000 ns	      5481	8000133c	111b3053	fmul.s	f0,f22,f17	 f22:0x3f7fffae f17:0x00000000  f0=0x00000000
      54845.000 ns	      5483	80001340	00e06433	or	x8,x0,x14	  x0:0x00000000 x14:0x00000001  x8=0x00000001
      54855.000 ns	      5484	80001344	00371293	slli	x5,x14,0x3	 x14:0x00000001  x5=0x00000008
      54875.000 ns	      5486	80001348	f0050fd3	fmv.w.x	f31,x10	 x10:0x00000000 f31=0x00000000
      54905.000 ns	      5489	8000134c	e0091bd3	fclass.s	x23,f18	 f18:0x7f800000 x23=0x00000080
      55275.000 ns	      5526	80001350	021b5833	divu	x16,x22,x1	 x22:0x00000001  x1:0x09503ab7 x16=0x00000000
      55295.000 ns	      5528	80001354	00162933	slt	x18,x12,x1	 x12:0x00000000  x1:0x09503ab7 x18=0x00000001
      55315.000 ns	      5530	80001358	03fadf33	divu	x30,x21,x31	 x21:0xfffffeb7 x31:0x00000000 x30=0xffffffff
      55335.000 ns	      5532	8000135c	01287bb3	and	x23,x16,x18	 x16:0x00000000 x18:0xffffffff x23=0x00000000
      55345.000 ns	      5533	80001360	00b38133	add	x2,x7,x11	  x7:0x518682a8 x11:0x00000000  x2=0x518682a8
      55355.000 ns	      5534	80001364	01a16e33	or	x28,x2,x26	  x2:0x00000000 x26:0x00000001 x28=0x518682a9
      55375.000 ns	      5536	80001368	e00b1fd3	fclass.s	x31,f22	 f22:0x3f7fffae x31=0x00000040
      55395.000 ns	      5538	8000136c	00079b93	slli	x23,x15,0x0	 x15:0x80040fe4 x23=0x80040fe4
      55405.000 ns	      5539	80001370	a8a68113	addi	x2,x13,-1398	 x13:0x00000003  x2=0xfffffa8d
      55415.000 ns	      5540	80001374	87b9ec93	ori	x25,x19,-1925	 x19:0x00000000 x25=0xfffff87b
      55425.000 ns	      5541	80001378	01601713	slli	x14,x0,0x16	  x0:0x00000000 x14=0x00000000
      55785.000 ns	      5577	8000137c	02726db3	rem	x27,x4,x7	  x4:0x09503ab7  x7:0x518682a8 x27=0x09503ab7
      55815.000 ns	      5580	80001380	a100a5d3	feq.s	x11,f1,f16	  f1:0x00000000 f16:0xce023f40 x11=0x00000000
      56185.000 ns	      5617	80001384	03fb6733	rem	x14,x22,x31	 x22:0x00000001 x31:0x00000040 x14=0x00000001
      56205.000 ns	      5619	80001388	46fee493	ori	x9,x29,1135	 x29:0x00000000  x9=0x0000046f
      56225.000 ns	      5621	8000138c	29ea1b53	fmax.s	f22,f20,f30	 f20:0xf717b5a3 f30:0x00000000 f22=0x00000000
      56255.000 ns	      5624	80001390	030b5633	divu	x12,x22,x16	 x22:0x00000001 x16:0x00000000 x12=0xffffffff
      56275.000 ns	      5626	80001394	5091b713	sltiu	x14,x3,1289	  x3:0x17500000 x14=0x00000000
      56285.000 ns	      5627	80001398	852a4993	xori	x19,x20,-1966	 x20:0x80041024 x19=0x7ffbe876
      56305.000 ns	      5629	8000139c	c00372d3	fcvt.w.s	x5,f6	  f6:0x80000000  x5=0x00000000
      56335.000 ns	      5632	800013a0	a0ef18d3	flt.s	x17,f30,f14	 f30:0x00000000 f14:0x42000000 x17=0x00000001
      56355.000 ns	      5634	800013a4	01ee5913	srli	x18,x28,0x1e	 x28:0x518682a9 x18=0x00000001
      56385.000 ns	      5637	800013a8	108440d3	fmul.s	f1,f8,f8	  f8:0x80041024  f8:0x80041024  f1=0x00000000
      56405.000 ns	      5639	800013ac	d515cf93	xori	x31,x11,-687	 x11:0x00000000 x31=0xfffffd51
      56425.000 ns	      5641	800013b0	f0018e53	fmv.w.x	f28,x3	  x3:0x17500000 f28=0x17500000
      56475.000 ns	      5646	800013b4	08482e53	fsub.s	f28,f16,f4	 f16:0xce023f40  f4:0x00041024 f28=0xce023f40
      56495.000 ns	      5648	800013b8	874990b7	lui	x1,0x87499	  x1=0x87499000
      56855.000 ns	      5684	800013bc	03395533	divu	x10,x18,x19	 x18:0x00000001 x19:0x7ffbe876 x10=0x00000000
      56875.000 ns	      5686	800013c0	000c7cb3	and	x25,x24,x0	 x24:0x7b57e2a4  x0:0x00000000 x25=0x00000000
      56885.000 ns	      5687	800013c4	42745217	auipc	x4,0x42745	  x4=0xc27463c4
      56915.000 ns	      5690	800013c8	10051253	fmul.s	f4,f10,f0	 f10:0x3f800000  f0:0x00000000  f4=0x00000000
      56935.000 ns	      5692	800013cc	001a9333	sll	x6,x21,x1	 x21:0xfffffeb7  x1:0x87499000  x6=0xfffffeb7
      56945.000 ns	      5693	800013d0	114aa293	slti	x5,x21,276	 x21:0xfffffeb7  x5=0x00000001
      56955.000 ns	      5694	800013d4	01acd4b3	srl	x9,x25,x26	 x25:0x00000000 x26:0x00000001  x9=0x00000000
      56975.000 ns	      5696	800013d8	02e95033	divu	x0,x18,x14	 x18:0x00000001 x14:0x00000000
      57005.000 ns	      5699	800013dc	020fbd33	mulhu	x26,x31,x0	 x31:0xfffffd51  x0:0x00000000 x26=0x00000000
      57025.000 ns	      5701	800013e0	00149593	slli	x11,x9,0x1	  x9:0x00000000 x11=0x00000000
      57035.000 ns	      5702	800013e4	0190d0b3	srl	x1,x1,x25	  x1:0x87499000 x25:0x00000000  x1=0x87499000
      57045.000 ns	      5703	800013e8	85573c37	lui	x24,0x85573	 x24=0x85573000
      57055.000 ns	      5704	800013ec	00c3e4b3	or	x9,x7,x12	  x7:0x518682a8 x12:0xffffffff  x9=0xffffffff
      57065.000 ns	      5705	800013f0	402d8c33	sub	x24,x27,x2	 x27:0x09503ab7  x2:0xfffffa8d x24=0x0950402a
      57075.000 ns	      5706	800013f4	0099b3b3	sltu	x7,x19,x9	 x19:0x7ffbe876  x9:0x00000000  x7=0x00000001
      57085.000 ns	      5707	800013f8	0f277613	andi	x12,x14,242	 x14:0x00000000 x12=0x00000000
      57095.000 ns	      5708	800013fc	41f48e33	sub	x28,x9,x31	  x9:0xffffffff x31:0xfffffd51 x28=0x000002ae
      57115.000 ns	      5710	80001400	a1b60b53	fle.s	x22,f12,f27	 f12:0x00000000 f27:0xff800000 x22=0x00000000
      57145.000 ns	      5713	80001404	c0190b53	fcvt.wu.s	x22,f18	 f18:0x7f800000 x22=0xffffffff
      57175.000 ns	      5716	80001408	0371a0b3	mulhsu	x1,x3,x23	  x3:0x17500000 x23:0x80040fe4  x1=0x0ba85eb2
      57215.000 ns	      5720	8000140c	58089253	fsqrt.s	f4,f17	 f17:0x00000000  f4=0x00000000
      57235.000 ns	      5722	80001410	ef94ed13	ori	x26,x9,-263	  x9:0xffffffff x26=0xffffffff
      57255.000 ns	      5724	80001414	d01ba0d3	fcvt.s.wu	f1,x23	 x23:0x80040fe4  f1=0x4f000410
      57275.000 ns	      5726	80001418	bb24f813	andi	x16,x9,-1102	  x9:0xffffffff x16=0xfffffbb2
      57635.000 ns	      5762	8000141c	03f8cab3	div	x21,x17,x31	 x17:0x00000001 x31:0xfffffd51 x21=0x00000000
      57665.000 ns	      5765	80001420	d01ffad3	fcvt.s.wu	f21,x31	 x31:0xfffffd51 f21=0x4f7ffffd
      57685.000 ns	      5767	80001424	00875713	srli	x14,x14,0x8	 x14:0x00000000 x14=0x00000000
      58045.000 ns	      5803	80001428	033af333	remu	x6,x21,x19	 x21:0x00000000 x19:0x7ffbe876  x6=0x00000000
      58075.000 ns	      5806	8000142c	29ec1ad3	fmax.s	f21,f24,f30	 f24:0x3f7fffae f30:0x00000000 f21=0x3f7fffae
      58105.000 ns	      5809	80001430	a11c04d3	fle.s	x9,f24,f17	 f24:0x3f7fffae f17:0x00000000  x9=0x00000000
      58135.000 ns	      5812	80001434	d004f4d3	fcvt.s.w	f9,x9	  x9:0xffffffff  f9=0x00000000
      58165.000 ns	      5815	80001438	024b3cb3	mulhu	x25,x22,x4	 x22:0xffffffff  x4:0xc27463c4 x25=0xc27463c3
      58205.000 ns	      5819	8000143c	18057b53	fdiv.s	f22,f10,f0	 f10:0x3f800000  f0:0x00000000 f22=0x7f800000
      58225.000 ns	      5821	80001440	01990233	add	x4,x18,x25	 x18:0x00000001 x25:0xc27463c3  x4=0xc27463c4
      58235.000 ns	      5822	80001444	00000013	addi	x0,x0,0	  x0:0x00000000
      58245.000 ns	      5823	80001448	40c905b3	sub	x11,x18,x12	 x18:0x00000001 x12:0x00000000 x11=0x00000001
      58265.000 ns	      5825	8000144c	d006c4d3	fcvt.s.w	f9,x13	 x13:0x00000003  f9=0x40400000
      58295.000 ns	      5828	80001450	a0a889d3	fle.s	x19,f17,f10	 f17:0x00000000 f10:0x3f800000 x19=0x00000001
      58325.000 ns	      5831	80001454	a1061253	flt.s	x4,f12,f16	 f12:0x00000000 f16:0xce023f40  x4=0x00000000
      58355.000 ns	      5834	80001458	20511253	fsgnjn.s	f4,f2,f5	  f2:0x00000000  f5:0x00000000  f4=0x80000000
      58385.000 ns	      5837	8000145c	03b92db3	mulhsu	x27,x18,x27	 x18:0x00000001 x27:0x09503ab7 x27=0x00000000
      58405.000 ns	      5839	80001460	012944b3	xor	x9,x18,x18	 x18:0x00000001 x18:0x00000001  x9=0x00000000
      58415.000 ns	      5840	80001464	91ed2f13	slti	x30,x26,-1762	 x26:0xffffffff x30=0x00000000
      58425.000 ns	      5841	80001468	41308733	sub	x14,x1,x19	  x1:0x0ba85eb2 x19:0x00000001 x14=0x0ba85eb1
      58785.000 ns	      5877	8000146c	02d95e33	divu	x28,x18,x13	 x18:0x00000001 x13:0x00000003 x28=0x00000000
      58815.000 ns	      5880	80001470	218ba953	fsgnjx.s	f18,f23,f24	 f23:0x7f800000 f24:0x3f7fffae f18=0x7f800000
      58835.000 ns	      5882	80001474	00273d33	sltu	x26,x14,x2	 x14:0x0ba85eb1  x2:0xfffffa8d x26=0x00000001
      58845.000 ns	      5883	80001478	4549a513	slti	x10,x19,1108	 x19:0x00000001 x10=0x00000001
      58855.000 ns	      5884	8000147c	09c96e13	ori	x28,x18,156	 x18:0x00000001 x28=0x0000009d
      58875.000 ns	      5886	80001480	02a21233	mulh	x4,x4,x10	  x4:0x00000000 x10:0x00000000  x4=0x00000000
      58915.000 ns	      5890	80001484	58007ad3	fsqrt.s	f21,f0	  f0:0x00000000 f21=0x00000000
      58935.000 ns	      5892	80001488	010aa733	slt	x14,x21,x16	 x21:0x00000000 x16:0xfffffbb2 x14=0x00000000
      58945.000 ns	      5893	8000148c	97b83893	sltiu	x17,x16,-1669	 x16:0xfffffbb2 x17=0x00000000
      58955.000 ns	      5894	80001490	4626c013	xori	x0,x13,1122	 x13:0x00000003
      58965.000 ns	      5895	80001494	16103c13	sltiu	x24,x0,353	  x0:0x00000000 x24=0x00000001
      59325.000 ns	      5931	80001498	033f6e33	rem	x28,x30,x19	 x30:0x00000000 x19:0x00000001 x28=0x00000000
      59345.000 ns	      5933	8000149c	00b2bab3	sltu	x21,x5,x11	  x5:0x00000001 x11:0x00000001 x21=0x00000000
      59365.000 ns	      5935	800014a0	a16803d3	fle.s	x7,f16,f22	 f16:0xce023f40 f22:0x7f800000  x7=0x00000001
      59385.000 ns	      5937	800014a4	006635b3	sltu	x11,x12,x6	 x12:0x00000000  x6:0x00000000 x11=0x00000000
      59395.000 ns	      5938	800014a8	01c66f33	or	x30,x12,x28	 x12:0x00000000 x28:0x00000000 x30=0x00000000
      59405.000 ns	      5939	800014ac	a7d36313	ori	x6,x6,-1411	  x6:0x00000000  x6=0xfffffa7d
      59425.000 ns	      5941	800014b0	21001e53	fsgnjn.s	f28,f0,f16	  f0:0x00000000 f16:0xce023f40 f28=0x00000000
      59445.000 ns	      5943	800014b4	002c61b3	or	x3,x24,x2	 x24:0x00000001  x2:0xfffffa8d  x3=0xfffffa8d
      59805.000 ns	      5979	800014b8	02567333	remu	x6,x12,x5	 x12:0x00000000  x5:0x00000001  x6=0x00000000
      59855.000 ns	      5984	800014bc	00c075d3	fadd.s	f11,f0,f12	  f0:0x00000000 f12:0x00000000 f11=0x00000000
      59885.000 ns	      5987	800014c0	026bd633	divu	x12,x23,x6	 x23:0x80040fe4  x6:0x00000000 x12=0xffffffff
      59905.000 ns	      5989	800014c4	01471833	sll	x16,x14,x20	 x14:0x00000000 x20:0x80041024 x16=0x00000000
      60265.000 ns	      6025	800014c8	0347deb3	divu	x29,x15,x20	 x15:0x80040fe4 x20:0x80041024 x29=0x00000000
      60295.000 ns	      6028	800014cc	e0050953	fmv.x.w	x18,f10	 f10:0x3f800000 x18=0x3f800000
      60315.000 ns	      6030	800014d0	9cbdcf93	xori	x31,x27,-1589	 x27:0x00000000 x31=0xfffff9cb
      60335.000 ns	      6032	800014d4	02000bb3	mul	x23,x0,x0	  x0:0x00000000  x0:0x00000000 x23=0x00000000
      60365.000 ns	      6035	800014d8	29fa8ed3	fmin.s	f29,f21,f31	 f21:0x00000000 f31:0x00000000 f29=0x00000000
      60395.000 ns	      6038	800014dc	a15a8653	fle.s	x12,f21,f21	 f21:0x00000000 f21:0x00000000 x12=0x00000001
      60425.000 ns	      6041	800014e0	e0050f53	fmv.x.w	x30,f10	 f10:0x3f800000 x30=0x3f800000
      60455.000 ns	      6044	800014e4	e0058353	fmv.x.w	x6,f11	 f11:0x00000000  x6=0x00000000
      60485.000 ns	      6047	800014e8	a0e91753	flt.s	x14,f18,f14	 f18:0x7f800000 f14:0x42000000 x14=0x00000000
      60515.000 ns	      6050	800014ec	e00f03d3	fmv.x.w	x7,f30	 f30:0x00000000  x7=0x00000000
      60545.000 ns	      6053	800014f0	03567933	remu	x18,x12,x21	 x12:0x00000001 x21:0x00000000 x18=0x00000001
      60565.000 ns	      6055	800014f4	01257ab3	and	x21,x10,x18	 x10:0x00000001 x18:0x3f800000 x21=0x00000001
      60585.000 ns	      6057	800014f8	a1592bd3	feq.s	x23,f18,f21	 f18:0x7f800000 f21:0x00000000 x23=0x00000000
      60615.000 ns	      6060	800014fc	02ea9d33	mulh	x26,x21,x14	 x21:0x00000000 x14:0x00000000 x26=0x00000000
      60645.000 ns	      6063	80001500	02e219b3	mulh	x19,x4,x14	  x4:0x00000000 x14:0x00000000 x19=0x00000000
      60675.000 ns	      6066	80001504	299d1bd3	fmax.s	f23,f26,f25	 f26:0x00000001 f25:0x80000000 f23=0x00000001
      60705.000 ns	      6069	80001508	d015a553	fcvt.s.wu	f10,x11	 x11:0x00000000 f10=0x00000000
      60725.000 ns	      6071	8000150c	01cc1413	slli	x8,x24,0x1c	 x24:0x00000001  x8=0x10000000
      60745.000 ns	      6073	80001510	c009f453	fcvt.w.s	x8,f19	 f19:0x0000003f  x8=0x00000000
      60765.000 ns	      6075	80001514	00000013	addi	x0,x0,0	  x0:0x00000000
      60775.000 ns	      6076	80001518	8da0cb93	xori	x23,x1,-1830	  x1:0x0ba85eb2 x23=0xf457a668
      61135.000 ns	      6112	8000151c	02fc75b3	remu	x11,x24,x15	 x24:0x00000001 x15:0x80040fe4 x11=0x00000001
      61505.000 ns	      6149	80001520	021acf33	div	x30,x21,x1	 x21:0x00000001  x1:0x0ba85eb2 x30=0x00000000
      61535.000 ns	      6152	80001524	20cead53	fsgnjx.s	f26,f29,f12	 f29:0x00000000 f12:0x00000000 f26=0x00000000
      61565.000 ns	      6155	80001528	21f59ad3	fsgnjn.s	f21,f11,f31	 f11:0x00000000 f31:0x00000000 f21=0x80000000
      61585.000 ns	      6157	8000152c	80e7f193	andi	x3,x15,-2034	 x15:0x80040fe4  x3=0x80040804
      61605.000 ns	      6159	80001530	020b1833	mulh	x16,x22,x0	 x22:0xffffffff  x0:0x00000000 x16=0x00000000
      61625.000 ns	      6161	80001534	d1b70013	addi	x0,x14,-741	 x14:0x00000000
      61635.000 ns	      6162	80001538	01d57633	and	x12,x10,x29	 x10:0x00000001 x29:0x00000000 x12=0x00000000
      61655.000 ns	      6164	8000153c	c00bb0d3	fcvt.w.s	x1,f23	 f23:0x00000001  x1=0x00000000
      61675.000 ns	      6166	80001540	40e955b3	sra	x11,x18,x14	 x18:0x00000001 x14:0x00000000 x11=0x00000001
      61695.000 ns	      6168	80001544	29340ed3	fmin.s	f29,f8,f19	  f8:0x80041024 f19:0x0000003f f29=0x80041024
      61735.000 ns	      6172	80001548	580673d3	fsqrt.s	f7,f12	 f12:0x00000000  f7=0x00000000
      61755.000 ns	      6174	8000154c	004c5213	srli	x4,x24,0x4	 x24:0x00000001  x4=0x00000000
      61765.000 ns	      6175	80001550	ebb33c93	sltiu	x25,x6,-325	  x6:0x00000000 x25=0x00000001
      61785.000 ns	      6177	80001554	02459f33	mulh	x30,x11,x4	 x11:0x00000001  x4:0x00000000 x30=0x00000000
      61805.000 ns	      6179	80001558	01fc5713	srli	x14,x24,0x1f	 x24:0x00000001 x14=0x00000000
      61825.000 ns	      6181	8000155c	c00e94d3	fcvt.w.s	x9,f29	 f29:0x80041024  x9=0x00000000
      61845.000 ns	      6183	80001560	1999f993	andi	x19,x19,409	 x19:0x00000000 x19=0x00000000
      61865.000 ns	      6185	80001564	a1be2953	feq.s	x18,f28,f27	 f28:0x00000000 f27:0xff800000 x18=0x00000000
      61885.000 ns	      6187	80001568	f7573017	auipc	x0,0xf7573	
      61895.000 ns	      6188	8000156c	775d4c93	xori	x25,x26,1909	 x26:0x00000000 x25=0x00000775
      61915.000 ns	      6190	80001570	28bb06d3	fmin.s	f13,f22,f11	 f22:0x7f800000 f11:0x00000000 f13=0x00000000
      61935.000 ns	      6192	80001574	00023533	sltu	x10,x4,x0	  x4:0x00000000  x0:0x00000000 x10=0x00000000
      61955.000 ns	      6194	80001578	02e51333	mulh	x6,x10,x14	 x10:0x00000001 x14:0x00000000  x6=0x00000000
      61985.000 ns	      6197	8000157c	0388acb3	mulhsu	x25,x17,x24	 x17:0x00000000 x24:0x00000001 x25=0x00000000
      62015.000 ns	      6200	80001580	a0dd9853	flt.s	x16,f27,f13	 f27:0xff800000 f13:0x00000000 x16=0x00000001
      62035.000 ns	      6202	80001584	8cfd0c93	addi	x25,x26,-1841	 x26:0x00000000 x25=0xfffff8cf
      62045.000 ns	      6203	80001588	26a6c893	xori	x17,x13,618	 x13:0x00000003 x17=0x00000269
      62065.000 ns	      6205	8000158c	0299d1b3	divu	x3,x19,x9	 x19:0x00000000  x9:0x00000000  x3=0xffffffff
      62095.000 ns	      6208	80001590	03000633	mul	x12,x0,x16	  x0:0x00000000 x16:0x00000001 x12=0x00000000
      62125.000 ns	      6211	80001594	d00675d3	fcvt.s.w	f11,x12	 x12:0x00000000 f11=0x00000000
      62145.000 ns	      6213	80001598	01bf2033	slt	x0,x30,x27	 x30:0x00000000 x27:0x00000000
      62155.000 ns	      6214	8000159c	363a7613	andi	x12,x20,867	 x20:0x80041024 x12=0x00000020
      62165.000 ns	      6215	800015a0	7e64f013	andi	x0,x9,2022	  x9:0x00000000
      62175.000 ns	      6216	800015a4	3a50ab93	slti	x23,x1,933	  x1:0x00000000 x23=0x00000001
      62195.000 ns	      6218	800015a8	c0030c53	fcvt.w.s	x24,f6	  f6:0x80000000 x24=0x00000000
      62225.000 ns	      6221	800015ac	02873333	mulhu	x6,x14,x8	 x14:0x00000000  x8:0x00000000  x6=0x00000000
      62245.000 ns	      6223	800015b0	26004b93	xori	x23,x0,608	  x0:0x00000000 x23=0x00000260
      62265.000 ns	      6225	800015b4	f00900d3	fmv.w.x	f1,x18	 x18:0x00000000  f1=0x00000000
      62285.000 ns	      6227	800015b8	01241633	sll	x12,x8,x18	  x8:0x00000000 x18:0x00000000 x12=0x00000000
      62305.000 ns	      6229	800015bc	0328bc33	mulhu	x24,x17,x18	 x17:0x00000269 x18:0x00000000 x24=0x00000000
      62325.000 ns	      6231	800015c0	0037e1b3	or	x3,x15,x3	 x15:0x80040fe4  x3:0xffffffff  x3=0xffffffff
      62345.000 ns	      6233	800015c4	f0080bd3	fmv.w.x	f23,x16	 x16:0x00000001 f23=0x00000001
      62375.000 ns	      6236	800015c8	a08fad53	feq.s	x26,f31,f8	 f31:0x00000000  f8:0x80041024 x26=0x00000000
      62395.000 ns	      6238	800015cc	01bf43b3	xor	x7,x30,x27	 x30:0x00000000 x27:0x00000000  x7=0x00000000
      62415.000 ns	      6240	800015d0	21972453	fsgnjx.s	f8,f14,f25	 f14:0x42000000 f25:0x80000000  f8=0xc2000000
      62445.000 ns	      6243	800015d4	d011f753	fcvt.s.wu	f14,x3	  x3:0xffffffff f14=0x4f7fffff
      62465.000 ns	      6245	800015d8	c853ffb7	lui	x31,0xc853f	 x31=0xc853f000
      62475.000 ns	      6246	800015dc	9dde2713	slti	x14,x28,-1571	 x28:0x00000000 x14=0x00000000
      62485.000 ns	      6247	800015e0	4d9e4393	xori	x7,x28,1241	 x28:0x00000000  x7=0x000004d9
      62495.000 ns	      6248	800015e4	015e5913	srli	x18,x28,0x15	 x28:0x00000000 x18=0x00000000
      62515.000 ns	      6250	800015e8	e00d90d3	fclass.s	x1,f27	 f27:0xff800000  x1=0x00000001
      62535.000 ns	      6252	800015ec	0380bf13	sltiu	x30,x1,56	  x1:0x00000000 x30=0x00000001
      62545.000 ns	      6253	800015f0	0110ab33	slt	x22,x1,x17	  x1:0x00000001 x17:0x00000269 x22=0x00000001
      62555.000 ns	      6254	800015f4	00ca6333	or	x6,x20,x12	 x20:0x80041024 x12:0x00000000  x6=0x80041024
      62585.000 ns	      6257	800015f8	1157f553	fmul.s	f10,f15,f21	 f15:0x000007e1 f21:0x80000000 f10=0x80000000
      62605.000 ns	      6259	800015fc	ba8c8893	addi	x17,x25,-1112	 x25:0xfffff8cf x17=0xfffff477
      62625.000 ns	      6261	80001600	a0919c53	flt.s	x24,f3,f9	  f3:0x00000000  f9:0x40400000 x24=0x00000001
      62655.000 ns	      6264	80001604	c00099d3	fcvt.w.s	x19,f1	  f1:0x00000000 x19=0x00000000
      62685.000 ns	      6267	80001608	a0dc2dd3	feq.s	x27,f24,f13	 f24:0x3f7fffae f13:0x00000000 x27=0x00000000
      62715.000 ns	      6270	8000160c	c013fdd3	fcvt.wu.s	x27,f7	  f7:0x00000000 x27=0x00000000
      62755.000 ns	      6274	80001610	11157d53	fmul.s	f26,f10,f17	 f10:0x80000000 f17:0x00000000 f26=0x80000000
      62795.000 ns	      6278	80001614	115604d3	fmul.s	f9,f12,f21	 f12:0x00000000 f21:0x80000000  f9=0x80000000
      62825.000 ns	      6281	80001618	f0030a53	fmv.w.x	f20,x6	  x6:0x80041024 f20=0x80041024
      62845.000 ns	      6283	8000161c	00b3d8b3	srl	x17,x7,x11	  x7:0x000004d9 x11:0x00000001 x17=0x0000026c
      62865.000 ns	      6285	80001620	a1692dd3	feq.s	x27,f18,f22	 f18:0x7f800000 f22:0x7f800000 x27=0x00000001
      62895.000 ns	      6288	80001624	024fccb3	div	x25,x31,x4	 x31:0xc853f000  x4:0x00000000 x25=0xffffffff
      62915.000 ns	      6290	80001628	0171c633	xor	x12,x3,x23	  x3:0xffffffff x23:0x00000260 x12=0xfffffd9f
      62925.000 ns	      6291	8000162c	015e3933	sltu	x18,x28,x21	 x28:0x00000000 x21:0x00000001 x18=0x00000001
      62945.000 ns	      6293	80001630	02a67733	remu	x14,x12,x10	 x12:0x00000000 x10:0x00000000 x14=0xfffffd9f
      62965.000 ns	      6295	80001634	0aa53093	sltiu	x1,x10,170	 x10:0x00000000  x1=0x00000001
      62975.000 ns	      6296	80001638	01703f33	sltu	x30,x0,x23	  x0:0x00000000 x23:0x00000260 x30=0x00000001
      62995.000 ns	      6298	8000163c	21b48bd3	fsgnj.s	f23,f9,f27	  f9:0x80000000 f27:0xff800000 f23=0x80000000
      63015.000 ns	      6300	80001640	40aa8133	sub	x2,x21,x10	 x21:0x00000001 x10:0x00000000  x2=0x00000001
      63025.000 ns	      6301	80001644	fe1fbd17	auipc	x26,0xfe1fb	 x26=0x7e1fc644
      63065.000 ns	      6305	80001648	00562dd3	fadd.s	f27,f12,f5	 f12:0x00000000  f5:0x00000000 f27=0x00000000
      63095.000 ns	      6308	8000164c	297312d3	fmax.s	f5,f6,f23	  f6:0x80000000 f23:0x80000000  f5=0x80000000
      63115.000 ns	      6310	80001650	0032cd33	xor	x26,x5,x3	  x5:0x00000001  x3:0xffffffff x26=0xfffffffe
      63135.000 ns	      6312	80001654	29421fd3	fmax.s	f31,f4,f20	  f4:0x80000000 f20:0x80041024 f31=0x80000000
      63165.000 ns	      6315	80001658	e00a1153	fclass.s	x2,f20	 f20:0x80041024  x2=0x00000004
      63195.000 ns	      6318	8000165c	a11d8053	fle.s	x0,f27,f17	 f27:0x00000000 f17:0x00000000
      63215.000 ns	      6320	80001660	70015037	lui	x0,0x70015	
      63235.000 ns	      6322	80001664	28261bd3	fmax.s	f23,f12,f2	 f12:0x00000000  f2:0x00000000 f23=0x00000000
      63265.000 ns	      6325	80001668	203b0ad3	fsgnj.s	f21,f22,f3	 f22:0x7f800000  f3:0x00000000 f21=0x7f800000
      63285.000 ns	      6327	8000166c	00a7d9b3	srl	x19,x15,x10	 x15:0x80040fe4 x10:0x00000000 x19=0x80040fe4
      63295.000 ns	      6328	80001670	00cc9313	slli	x6,x25,0xc	 x25:0xffffffff  x6=0xfffff000
      63305.000 ns	      6329	80001674	41938833	sub	x16,x7,x25	  x7:0x000004d9 x25:0xffffffff x16=0x000004da
      63335.000 ns	      6332	80001678	100a7953	fmul.s	f18,f20,f0	 f20:0x80041024  f0:0x00000000 f18=0x80000000
      63355.000 ns	      6334	8000167c	000b5c93	srli	x25,x22,0x0	 x22:0x00000001 x25=0x00000001
      63385.000 ns	      6337	80001680	10382ed3	fmul.s	f29,f16,f3	 f16:0xce023f40  f3:0x00000000 f29=0x80000000
      63415.000 ns	      6340	80001684	a0e19f53	flt.s	x30,f3,f14	  f3:0x00000000 f14:0x4f7fffff x30=0x00000001
      63445.000 ns	      6343	80001688	e00f8dd3	fmv.x.w	x27,f31	 f31:0x80000000 x27=0x80000000
      63465.000 ns	      6345	8000168c	84cec213	xori	x4,x29,-1972	 x29:0x00000000  x4=0xfffff84c
      63485.000 ns	      6347	80001690	c01e4ed3	fcvt.wu.s	x29,f28	 f28:0x00000000 x29=0x00000000
      63515.000 ns	      6350	80001694	a0c68f53	fle.s	x30,f13,f12	 f13:0x00000000 f12:0x00000000 x30=0x00000001
      63535.000 ns	      6352	80001698	4147d1b3	sra	x3,x15,x20	 x15:0x80040fe4 x20:0x80041024  x3=0xf80040fe
      63545.000 ns	      6353	8000169c	47af2597	auipc	x11,0x47af2	 x11=0xc7af369c
      63565.000 ns	      6355	800016a0	039cac33	mulhsu	x24,x25,x25	 x25:0x00000001 x25:0x00000001 x24=0x00000000
      63595.000 ns	      6358	800016a4	a0e9a853	feq.s	x16,f19,f14	 f19:0x0000003f f14:0x4f7fffff x16=0x00000000
      63615.000 ns	      6360	800016a8	000cdbb3	srl	x23,x25,x0	 x25:0x00000001  x0:0x00000000 x23=0x00000001
      63635.000 ns	      6362	800016ac	f0070ed3	fmv.w.x	f29,x14	 x14:0xfffffd9f f29=0xfffffd9f
      63655.000 ns	      6364	800016b0	00000013	addi	x0,x0,0	  x0:0x00000000
      64015.000 ns	      6400	800016b4	03976233	rem	x4,x14,x25	 x14:0xfffffd9f x25:0x00000001  x4=0x00000000
      64045.000 ns	      6403	800016b8	03085833	divu	x16,x16,x16	 x16:0x00000000 x16:0x00000000 x16=0xffffffff
      64415.000 ns	      6440	800016bc	031653b3	divu	x7,x12,x17	 x12:0xfffffd9f x17:0x0000026c  x7=0x0069b405
      64435.000 ns	      6442	800016c0	00000013	addi	x0,x0,0	  x0:0x00000000
      64795.000 ns	      6478	800016c4	02f2c0b3	div	x1,x5,x15	  x5:0x00000001 x15:0x80040fe4  x1=0x00000000
      64825.000 ns	      6481	800016c8	c00421d3	fcvt.w.s	x3,f8	  f8:0xc2000000  x3=0xffffffe0
      64875.000 ns	      6486	800016cc	0036c253	fadd.s	f4,f13,f3	 f13:0x00000000  f3:0x00000000  f4=0x00000000
      65245.000 ns	      6523	800016d0	03734033	div	x0,x6,x23	  x6:0xfffff000 x23:0x00000001
      65265.000 ns	      6525	800016d4	cd38c193	xori	x3,x17,-813	 x17:0x0000026c  x3=0xfffffebf
      65285.000 ns	      6527	800016d8	03e0a5b3	mulhsu	x11,x1,x30	  x1:0x00000000 x30:0x00000001 x11=0x00000000
      65305.000 ns	      6529	800016dc	01ae21b3	slt	x3,x28,x26	 x28:0x00000000 x26:0xfffffffe  x3=0x00000000
      65325.000 ns	      6531	800016e0	c004f953	fcvt.w.s	x18,f9	  f9:0x80000000 x18=0x00000000
      65355.000 ns	      6534	800016e4	21db22d3	fsgnjx.s	f5,f22,f29	 f22:0x7f800000 f29:0xfffffd9f  f5=0xff800000
      65385.000 ns	      6537	800016e8	c01aafd3	fcvt.wu.s	x31,f21	 f21:0x7f800000 x31=0xffffffff
      65415.000 ns	      6540	800016ec	f0030353	fmv.w.x	f6,x6	  x6:0xfffff000  f6=0xfffff000
      65445.000 ns	      6543	800016f0	e0079ad3	fclass.s	x21,f15	 f15:0x000007e1 x21=0x00000020
      65495.000 ns	      6548	800016f4	00f0cf53	fadd.s	f30,f1,f15	  f1:0x00000000 f15:0x000007e1 f30=0x000007e1
      65525.000 ns	      6551	800016f8	21649cd3	fsgnjn.s	f25,f9,f22	  f9:0x80000000 f22:0x7f800000 f25=0x80000000
      65555.000 ns	      6554	800016fc	e00e0bd3	fmv.x.w	x23,f28	 f28:0x00000000 x23=0x00000000
      65605.000 ns	      6559	80001700	08a5b7d3	fsub.s	f15,f11,f10	 f11:0x00000000 f10:0x80000000 f15=0x00000000
      65625.000 ns	      6561	80001704	005f40b3	xor	x1,x30,x5	 x30:0x00000001  x5:0x00000001  x1=0x00000000
      65635.000 ns	      6562	80001708	415c5b93	srai	x23,x24,0x15	 x24:0x00000000 x23=0x00000000
      65645.000 ns	      6563	8000170c	54c21737	lui	x14,0x54c21	 x14=0x54c21000
      65665.000 ns	      6565	80001710	0219d633	divu	x12,x19,x1	 x19:0x80040fe4  x1:0x00000000 x12=0xffffffff
      65695.000 ns	      6568	80001714	02941933	mulh	x18,x8,x9	  x8:0x00000000  x9:0x00000000 x18=0x00000000
      65715.000 ns	      6570	80001718	0192f4b3	and	x9,x5,x25	  x5:0x00000001 x25:0x00000001  x9=0x00000001
      65725.000 ns	      6571	8000171c	018d1913	slli	x18,x26,0x18	 x26:0xfffffffe x18=0xfe000000
      65735.000 ns	      6572	80001720	4bc29fb7	lui	x31,0x4bc29	 x31=0x4bc29000
      65745.000 ns	      6573	80001724	014b1113	slli	x2,x22,0x14	 x22:0x00000001  x2=0x00100000
      65765.000 ns	      6575	80001728	20468ad3	fsgnj.s	f21,f13,f4	 f13:0x00000000  f4:0x00000000 f21=0x00000000
      65815.000 ns	      6580	8000172c	00d61cd3	fadd.s	f25,f12,f13	 f12:0x00000000 f13:0x00000000 f25=0x00000000
      65845.000 ns	      6583	80001730	e0061753	fclass.s	x14,f12	 f12:0x00000000 x14=0x00000010
      65865.000 ns	      6585	80001734	00471e93	slli	x29,x14,0x4	 x14:0x54c21000 x29=0x00000100
      65885.000 ns	      6587	80001738	a1131453	flt.s	x8,f6,f17	  f6:0xfffff000 f17:0x00000000  x8=0x00000000
      65915.000 ns	      6590	8000173c	20be03d3	fsgnj.s	f7,f28,f11	 f28:0x00000000 f11:0x00000000  f7=0x00000000
      65935.000 ns	      6592	80001740	32acaf13	slti	x30,x25,810	 x25:0x00000001 x30=0x00000001
      65955.000 ns	      6594	80001744	21f982d3	fsgnj.s	f5,f19,f31	 f19:0x0000003f f31:0x80000000  f5=0x8000003f
      65975.000 ns	      6596	80001748	014853b3	srl	x7,x16,x20	 x16:0xffffffff x20:0x80041024  x7=0x0fffffff
      65985.000 ns	      6597	8000174c	162a4093	xori	x1,x20,354	 x20:0x80041024  x1=0x80041146
      66005.000 ns	      6599	80001750	28499ad3	fmax.s	f21,f19,f4	 f19:0x0000003f  f4:0x00000000 f21=0x0000003f
      66025.000 ns	      6601	80001754	000eda93	srli	x21,x29,0x0	 x29:0x00000100 x21=0x00000100
      66045.000 ns	      6603	80001758	020b6bb3	rem	x23,x22,x0	 x22:0x00000001  x0:0x00000000 x23=0x00000001
      66065.000 ns	      6605	8000175c	008940b3	xor	x1,x18,x8	 x18:0xfe000000  x8:0x00000000  x1=0xfe000000
      66085.000 ns	      6607	80001760	02ab0bb3	mul	x23,x22,x10	 x22:0x00000001 x10:0x00000000 x23=0x00000000
      66455.000 ns	      6644	80001764	032de4b3	rem	x9,x27,x18	 x27:0x80000000 x18:0xfe000000  x9=0x00000000
      66475.000 ns	      6646	80001768	01ab4033	xor	x0,x22,x26	 x22:0x00000001 x26:0xfffffffe
      66835.000 ns	      6682	8000176c	033efeb3	remu	x29,x29,x19	 x29:0x00000100 x19:0x80040fe4 x29=0x00000100
      66855.000 ns	      6684	80001770	4025de33	sra	x28,x11,x2	 x11:0x00000000  x2:0x00100000 x28=0x00000000
      66865.000 ns	      6685	80001774	00000013	addi	x0,x0,0	  x0:0x00000000
      66875.000 ns	      6686	80001778	d2f1a8b7	lui	x17,0xd2f1a	 x17=0xd2f1a000
      66885.000 ns	      6687	8000177c	06c0f0b7	lui	x1,0x6c0f	  x1=0x06c0f000
      66895.000 ns	      6688	80001780	01b89c93	slli	x25,x17,0x1b	 x17:0x0000026c x25=0x00000000
      66905.000 ns	      6689	80001784	4141d733	sra	x14,x3,x20	  x3:0x00000000 x20:0x80041024 x14=0x00000000
      66925.000 ns	      6691	80001788	28571cd3	fmax.s	f25,f14,f5	 f14:0x4f7fffff  f5:0x8000003f f25=0x4f7fffff
      66955.000 ns	      6694	8000178c	d004f3d3	fcvt.s.w	f7,x9	  x9:0x00000000  f7=0x00000000
      67005.000 ns	      6699	80001790	09ea8e53	fsub.s	f28,f21,f30	 f21:0x0000003f f30:0x000007e1 f28=0x800007a2
      67035.000 ns	      6702	80001794	f0008253	fmv.w.x	f4,x1	  x1:0x06c0f000  f4=0x06c0f000
      67065.000 ns	      6705	80001798	e00815d3	fclass.s	x11,f16	 f16:0xce023f40 x11=0x00000002
      67115.000 ns	      6710	8000179c	009c3bd3	fadd.s	f23,f24,f9	 f24:0x3f7fffae  f9:0x80000000 f23=0x3f7fffae
      67145.000 ns	      6713	800017a0	a163ac53	feq.s	x24,f7,f22	  f7:0x00000000 f22:0x7f800000 x24=0x00000000
      67165.000 ns	      6715	800017a4	00297533	and	x10,x18,x2	 x18:0xfe000000  x2:0x00100000 x10=0x00000000
      67185.000 ns	      6717	800017a8	d00d1ad3	fcvt.s.w	f21,x26	 x26:0xfffffffe f21=0xc0000000
      67225.000 ns	      6721	800017ac	11f6c653	fmul.s	f12,f13,f31	 f13:0x00000000 f31:0x80000000 f12=0x80000000
      67245.000 ns	      6723	800017b0	019f1433	sll	x8,x30,x25	 x30:0x00000001 x25:0x00000000  x8=0x00000001
      67265.000 ns	      6725	800017b4	21df1653	fsgnjn.s	f12,f30,f29	 f30:0x000007e1 f29:0xfffffd9f f12=0x000007e1
      67295.000 ns	      6728	800017b8	02b4af33	mulhsu	x30,x9,x11	  x9:0x00000000 x11:0x00000002 x30=0x00000000
      67325.000 ns	      6731	800017bc	20f989d3	fsgnj.s	f19,f19,f15	 f19:0x0000003f f15:0x00000000 f19=0x0000003f
      67695.000 ns	      6768	800017c0	026ad9b3	divu	x19,x21,x6	 x21:0x00000100  x6:0xfffff000 x19=0x00000000
      67715.000 ns	      6770	800017c4	01f05bb3	srl	x23,x0,x31	  x0:0x00000000 x31:0x4bc29000 x23=0x00000000
      67725.000 ns	      6771	800017c8	01752233	slt	x4,x10,x23	 x10:0x00000000 x23:0x00000000  x4=0x00000000
      67745.000 ns	      6773	800017cc	a1718353	fle.s	x6,f3,f23	  f3:0x00000000 f23:0x3f7fffae  x6=0x00000001
      67775.000 ns	      6776	800017d0	a1a99953	flt.s	x18,f19,f26	 f19:0x0000003f f26:0x80000000 x18=0x00000000
      67805.000 ns	      6779	800017d4	c01174d3	fcvt.wu.s	x9,f2	  f2:0x00000000  x9=0x00000000
      67825.000 ns	      6781	800017d8	d0a03e17	auipc	x28,0xd0a03	 x28=0x50a047d8
      68155.000 ns	      6814	800017dc	18c2f653	fdiv.s	f12,f5,f12	  f5:0x8000003f f12:0x000007e1 f12=0xb6b1e1e3
      68185.000 ns	      6817	800017e0	a1e991d3	flt.s	x3,f19,f30	 f19:0x0000003f f30:0x000007e1  x3=0x00000001
      68215.000 ns	      6820	800017e4	c01c7353	fcvt.wu.s	x6,f24	 f24:0x3f7fffae  x6=0x00000000
      68235.000 ns	      6822	800017e8	c139c293	xori	x5,x19,-1005	 x19:0x00000000  x5=0xfffffc13
      68265.000 ns	      6825	800017ec	18007653	fdiv.s	f12,f0,f0	  f0:0x00000000  f0:0x00000000 f12=0x7fc00000
      68305.000 ns	      6829	800017f0	1174ffd3	fmul.s	f31,f9,f23	  f9:0x80000000 f23:0x3f7fffae f31=0x80000000
      68325.000 ns	      6831	800017f4	006e5e13	srli	x28,x28,0x6	 x28:0x50a047d8 x28=0x0142811f
      68345.000 ns	      6833	800017f8	03630433	mul	x8,x6,x22	  x6:0x00000000 x22:0x00000001  x8=0x00000000
      68385.000 ns	      6837	800017fc	5807fcd3	fsqrt.s	f25,f15	 f15:0x00000000 f25=0x00000000
      68405.000 ns	      6839	80001800	b382cc37	lui	x24,0xb382c	 x24=0xb382c000
      68435.000 ns	      6842	80001804	10eef253	fmul.s	f4,f29,f14	 f29:0xfffffd9f f14:0x4f7fffff  f4=0x7fc00000
      68475.000 ns	      6846	80001808	10c0c1d3	fmul.s	f3,f1,f12	  f1:0x00000000 f12:0x7fc00000  f3=0x7fc00000
      68505.000 ns	      6849	8000180c	e00095d3	fclass.s	x11,f1	  f1:0x00000000 x11=0x00000010
      68535.000 ns	      6852	80001810	d016f553	fcvt.s.wu	f10,x13	 x13:0x00000003 f10=0x40400000
      68565.000 ns	      6855	80001814	e00c9e53	fclass.s	x28,f25	 f25:0x00000000 x28=0x00000010
      68595.000 ns	      6858	80001818	02a6c633	div	x12,x13,x10	 x13:0x00000003 x10:0x00000000 x12=0xffffffff
      68625.000 ns	      6861	8000181c	c00670d3	fcvt.w.s	x1,f12	 f12:0x7fc00000  x1=0x7fffffff
      68645.000 ns	      6863	80001820	00ed50b3	srl	x1,x26,x14	 x26:0xfffffffe x14:0x00000000  x1=0xfffffffe
      68675.000 ns	      6866	80001824	183a92d3	fdiv.s	f5,f21,f3	 f21:0xc0000000  f3:0x7fc00000  f5=0x7fc00000
      68695.000 ns	      6868	80001828	4b5ba3b7	lui	x7,0x4b5ba	  x7=0x4b5ba000
      68715.000 ns	      6870	8000182c	20b12f53	fsgnjx.s	f30,f2,f11	  f2:0x00000000 f11:0x00000000 f30=0x00000000
      68745.000 ns	      6873	80001830	a01fa253	feq.s	x4,f31,f1	 f31:0x80000000  f1:0x00000000  x4=0x00000001
      68775.000 ns	      6876	80001834	20be94d3	fsgnjn.s	f9,f29,f11	 f29:0xfffffd9f f11:0x00000000  f9=0xfffffd9f
      69145.000 ns	      6913	80001838	03fe79b3	remu	x19,x28,x31	 x28:0x00000010 x31:0x4bc29000 x19=0x00000010
      69165.000 ns	      6915	8000183c	00000013	addi	x0,x0,0	  x0:0x00000000
      69185.000 ns	      6917	80001840	a07911d3	flt.s	x3,f18,f7	 f18:0x80000000  f7:0x00000000  x3=0x00000000
      69215.000 ns	      6920	80001844	02452233	mulhsu	x4,x10,x4	 x10:0x00000000  x4:0x00000001  x4=0x00000000
      69245.000 ns	      6923	80001848	a0e115d3	flt.s	x11,f2,f14	  f2:0x00000000 f14:0x4f7fffff x11=0x00000001
      69275.000 ns	      6926	8000184c	02376533	rem	x10,x14,x3	 x14:0x00000000  x3:0x00000000 x10=0x00000000
      69295.000 ns	      6928	80001850	00819333	sll	x6,x3,x8	  x3:0x00000000  x8:0x00000000  x6=0x00000000
      70465.000 ns	      7045	80001854	580bc953	fsqrt.s	f18,f23	 f23:0x3f7fffae f18=0x3f35042a
      70495.000 ns	      7048	80001858	a1021553	flt.s	x10,f4,f16	  f4:0x7fc00000 f16:0xce023f40 x10=0x00000000
      70515.000 ns	      7050	8000185c	00000013	addi	x0,x0,0	  x0:0x00000000
      70535.000 ns	      7052	80001860	c0030453	fcvt.w.s	x8,f6	  f6:0xfffff000  x8=0x7fffffff
      70565.000 ns	      7055	80001864	29a48a53	fmin.s	f20,f9,f26	  f9:0xfffffd9f f26:0x80000000 f20=0x80000000
      70935.000 ns	      7092	80001868	03d96eb3	rem	x29,x18,x29	 x18:0x00000000 x29:0x00000100 x29=0x00000000
      70955.000 ns	      7094	8000186c	0119a833	slt	x16,x19,x17	 x19:0x00000010 x17:0xd2f1a000 x16=0x00000000
      70965.000 ns	      7095	80001870	c3882b93	slti	x23,x16,-968	 x16:0xffffffff x23=0x00000000
      70985.000 ns	      7097	80001874	f0078c53	fmv.w.x	f24,x15	 x15:0x80040fe4 f24=0x80040fe4
      71355.000 ns	      7134	80001878	038beeb3	rem	x29,x23,x24	 x23:0x00000000 x24:0xb382c000 x29=0x00000000
      71395.000 ns	      7138	8000187c	580e38d3	fsqrt.s	f17,f28	 f28:0x800007a2 f17=0x7fc00000
      71425.000 ns	      7141	80001880	c0177453	fcvt.wu.s	x8,f14	 f14:0x4f7fffff  x8=0xffffff00
      71445.000 ns	      7143	80001884	01a64433	xor	x8,x12,x26	 x12:0xffffffff x26:0xfffffffe  x8=0x00000001
      71465.000 ns	      7145	80001888	a1d304d3	fle.s	x9,f6,f29	  f6:0xfffff000 f29:0xfffffd9f  x9=0x00000000
      71495.000 ns	      7148	8000188c	c00fcf53	fcvt.w.s	x30,f31	 f31:0x80000000 x30=0x00000000
      71515.000 ns	      7150	80001890	018eaeb3	slt	x29,x29,x24	 x29:0x00000000 x24:0xb382c000 x29=0x00000000
      71535.000 ns	      7152	80001894	c01f2ed3	fcvt.wu.s	x29,f30	 f30:0x00000000 x29=0x00000000
      71555.000 ns	      7154	80001898	49af3393	sltiu	x7,x30,1178	 x30:0x00000000  x7=0x00000001
      71575.000 ns	      7156	8000189c	20e10653	fsgnj.s	f12,f2,f14	  f2:0x00000000 f14:0x4f7fffff f12=0x00000000
      71605.000 ns	      7159	800018a0	29490753	fmin.s	f14,f18,f20	 f18:0x3f35042a f20:0x80000000 f14=0x80000000
      71625.000 ns	      7161	800018a4	01917ab3	and	x21,x2,x25	  x2:0x00100000 x25:0x00000000 x21=0x00000000
      71645.000 ns	      7163	800018a8	03129eb3	mulh	x29,x5,x17	  x5:0xfffffc13 x17:0xd2f1a000 x29=0x000000b0
      71665.000 ns	      7165	800018ac	006069b3	or	x19,x0,x6	  x0:0x00000000  x6:0x00000000 x19=0x00000000
      71675.000 ns	      7166	800018b0	c24622b7	lui	x5,0xc2462	  x5=0xc2462000
      71695.000 ns	      7168	800018b4	a0328253	fle.s	x4,f5,f3	  f5:0x7fc00000  f3:0x7fc00000  x4=0x00000000
      71725.000 ns	      7171	800018b8	0292b0b3	mulhu	x1,x5,x9	  x5:0xfffffc13  x9:0x00000000  x1=0x00000000
      71745.000 ns	      7173	800018bc	01e51613	slli	x12,x10,0x1e	 x10:0x00000000 x12=0x00000000
      71755.000 ns	      7174	800018c0	00192f33	slt	x30,x18,x1	 x18:0x00000000  x1:0x00000000 x30=0x00000000
      71775.000 ns	      7176	800018c4	e0078453	fmv.x.w	x8,f15	 f15:0x00000000  x8=0x00000000
      71795.000 ns	      7178	800018c8	417e3493	sltiu	x9,x28,1047	 x28:0x00000010  x9=0x00000001
      71805.000 ns	      7179	800018cc	01956233	or	x4,x10,x25	 x10:0x00000000 x25:0x00000000  x4=0x00000000
      71815.000 ns	      7180	800018d0	00d70133	add	x2,x14,x13	 x14:0x00000000 x13:0x00000003  x2=0x00000003
      71845.000 ns	      7183	800018d4	58032f53	fsqrt.s	f30,f6	  f6:0xfffff000 f30=0x7fc00000
      71875.000 ns	      7186	800018d8	a0b502d3	fle.s	x5,f10,f11	 f10:0x40400000 f11:0x00000000  x5=0x00000000
      71895.000 ns	      7188	800018dc	006e1913	slli	x18,x28,0x6	 x28:0x00000010 x18=0x00000400
      71935.000 ns	      7192	800018e0	00901453	fadd.s	f8,f0,f9	  f0:0x00000000  f9:0xfffffd9f  f8=0x7fc00000
      71955.000 ns	      7194	800018e4	00ca65b3	or	x11,x20,x12	 x20:0x80041024 x12:0x00000000 x11=0x80041024
      71965.000 ns	      7195	800018e8	d2230913	addi	x18,x6,-734	  x6:0x00000000 x18=0xfffffd22
      71985.000 ns	      7197	800018ec	0283c333	div	x6,x7,x8	  x7:0x00000001  x8:0x00000000  x6=0xffffffff
      72015.000 ns	      7200	800018f0	0372deb3	divu	x29,x5,x23	  x5:0x00000000 x23:0x00000000 x29=0xffffffff
      72045.000 ns	      7203	800018f4	f0048ed3	fmv.w.x	f29,x9	  x9:0x00000001 f29=0x00000001
      72065.000 ns	      7205	800018f8	c6104493	xori	x9,x0,-927	  x0:0x00000000  x9=0xfffffc61
      72075.000 ns	      7206	800018fc	18260993	addi	x19,x12,386	 x12:0x00000000 x19=0x00000182
      72095.000 ns	      7208	80001900	02a352b3	divu	x5,x6,x10	  x6:0xffffffff x10:0x00000000  x5=0xffffffff
      72115.000 ns	      7210	80001904	405cdab3	sra	x21,x25,x5	 x25:0x00000000  x5:0x00000000 x21=0x00000000
      72135.000 ns	      7212	80001908	d00e7ed3	fcvt.s.w	f29,x28	 x28:0x00000010 f29=0x41800000
      72165.000 ns	      7215	8000190c	03d60133	mul	x2,x12,x29	 x12:0x00000000 x29:0xffffffff  x2=0x00000000
      72195.000 ns	      7218	80001910	d000f453	fcvt.s.w	f8,x1	  x1:0x00000000  f8=0x00000000
      72225.000 ns	      7221	80001914	037af2b3	remu	x5,x21,x23	 x21:0x00000000 x23:0x00000000  x5=0x00000000
      72265.000 ns	      7225	80001918	184b3953	fdiv.s	f18,f22,f4	 f22:0x7f800000  f4:0x7fc00000 f18=0x7fc00000
      72285.000 ns	      7227	8000191c	00000013	addi	x0,x0,0	  x0:0x00000000
      72305.000 ns	      7229	80001920	d0020553	fcvt.s.w	f10,x4	  x4:0x00000000 f10=0x00000000
      72335.000 ns	      7232	80001924	03953d33	mulhu	x26,x10,x25	 x10:0x00000000 x25:0x00000000 x26=0x00000000
      72365.000 ns	      7235	80001928	d0137053	fcvt.s.wu	f0,x6	  x6:0xffffffff  f0=0x4f7fffff
      72395.000 ns	      7238	8000192c	21c31bd3	fsgnjn.s	f23,f6,f28	  f6:0xfffff000 f28:0x800007a2 f23=0x7ffff000
      72415.000 ns	      7240	80001930	0127ec33	or	x24,x15,x18	 x15:0x80040fe4 x18:0xfffffd22 x24=0xffffffe6
      72425.000 ns	      7241	80001934	0189bd33	sltu	x26,x19,x24	 x19:0x00000182 x24:0xb382c000 x26=0x00000001
      72465.000 ns	      7245	80001938	08880553	fsub.s	f10,f16,f8	 f16:0xce023f40  f8:0x00000000 f10=0xce023f40
      72485.000 ns	      7247	8000193c	61c04b93	xori	x23,x0,1564	  x0:0x00000000 x23=0x0000061c
      72505.000 ns	      7249	80001940	d0057dd3	fcvt.s.w	f27,x10	 x10:0x00000000 f27=0x00000000
      72525.000 ns	      7251	80001944	00281013	slli	x0,x16,0x2	 x16:0x00000000
      72545.000 ns	      7253	80001948	e0091fd3	fclass.s	x31,f18	 f18:0x7fc00000 x31=0x00000200
      72595.000 ns	      7258	8000194c	002c7cd3	fadd.s	f25,f24,f2	 f24:0x80040fe4  f2:0x00000000 f25=0x80040fe4
      72615.000 ns	      7260	80001950	40fa5f33	sra	x30,x20,x15	 x20:0x80041024 x15:0x80040fe4 x30=0xf8004102
      72625.000 ns	      7261	80001954	00c28133	add	x2,x5,x12	  x5:0x00000000 x12:0x00000000  x2=0x00000000
      72635.000 ns	      7262	80001958	d4693813	sltiu	x16,x18,-698	 x18:0xfffffd22 x16=0x00000001
      72655.000 ns	      7264	8000195c	d01d81d3	fcvt.s.wu	f3,x27	 x27:0x80000000  f3=0x4f000000
      72675.000 ns	      7266	80001960	0193d813	srli	x16,x7,0x19	  x7:0x00000001 x16=0x00000000
      72695.000 ns	      7268	80001964	c006b653	fcvt.w.s	x12,f13	 f13:0x00000000 x12=0x00000000
      72715.000 ns	      7270	80001968	006da9b3	slt	x19,x27,x6	 x27:0x80000000  x6:0xffffffff x19=0x00000001
      72755.000 ns	      7274	8000196c	00b786d3	fadd.s	f13,f15,f11	 f15:0x00000000 f11:0x00000000 f13=0x00000000
      72785.000 ns	      7277	80001970	d00b0b53	fcvt.s.w	f22,x22	 x22:0x00000001 f22=0x3f800000
      72815.000 ns	      7280	80001974	c01501d3	fcvt.wu.s	x3,f10	 f10:0xce023f40  x3=0x208fd000
      72845.000 ns	      7283	80001978	a0efab53	feq.s	x22,f31,f14	 f31:0x80000000 f14:0x80000000 x22=0x00000001
      72875.000 ns	      7286	8000197c	287406d3	fmin.s	f13,f8,f7	  f8:0x00000000  f7:0x00000000 f13=0x00000000
      72905.000 ns	      7289	80001980	203b16d3	fsgnjn.s	f13,f22,f3	 f22:0x3f800000  f3:0x4f000000 f13=0xbf800000
      72925.000 ns	      7291	80001984	01bba033	slt	x0,x23,x27	 x23:0x0000061c x27:0x80000000
      72935.000 ns	      7292	80001988	01501133	sll	x2,x0,x21	  x0:0x00000000 x21:0x00000000  x2=0x00000000
      72945.000 ns	      7293	8000198c	00e2ad33	slt	x26,x5,x14	  x5:0x00000000 x14:0x00000000 x26=0x00000000
      72965.000 ns	      7295	80001990	a0d08dd3	fle.s	x27,f1,f13	  f1:0x00000000 f13:0xbf800000 x27=0x00000000
      72985.000 ns	      7297	80001994	beb34b93	xori	x23,x6,-1045	  x6:0xffffffff x23=0x00000414
      72995.000 ns	      7298	80001998	7e773e93	sltiu	x29,x14,2023	 x14:0x00000000 x29=0x00000001
      73015.000 ns	      7300	8000199c	a05facd3	feq.s	x25,f31,f5	 f31:0x80000000  f5:0x7fc00000 x25=0x00000000
      73035.000 ns	      7302	800019a0	21a73c93	sltiu	x25,x14,538	 x14:0x00000000 x25=0x00000001
      73075.000 ns	      7306	800019a4	08fb90d3	fsub.s	f1,f23,f15	 f23:0x7ffff000 f15:0x00000000  f1=0x7fc00000
      73105.000 ns	      7309	800019a8	a07da4d3	feq.s	x9,f27,f7	 f27:0x00000000  f7:0x00000000  x9=0x00000001
      73135.000 ns	      7312	800019ac	289d9853	fmax.s	f16,f27,f9	 f27:0x00000000  f9:0xfffffd9f f16=0x00000000
      73175.000 ns	      7316	800019b0	10851c53	fmul.s	f24,f10,f8	 f10:0xce023f40  f8:0x00000000 f24=0x80000000
      73205.000 ns	      7319	800019b4	02ad9333	mulh	x6,x27,x10	 x27:0x00000000 x10:0x00000000  x6=0x00000000
      73235.000 ns	      7322	800019b8	21590fd3	fsgnj.s	f31,f18,f21	 f18:0x7fc00000 f21:0xc0000000 f31=0xffc00000
      73255.000 ns	      7324	800019bc	01454fb3	xor	x31,x10,x20	 x10:0x00000000 x20:0x80041024 x31=0x80041024
      73275.000 ns	      7326	800019c0	f0028453	fmv.w.x	f8,x5	  x5:0x00000000  f8=0x00000000
      73305.000 ns	      7329	800019c4	f0078a53	fmv.w.x	f20,x15	 x15:0x80040fe4 f20=0x80040fe4
      73335.000 ns	      7332	800019c8	0313a2b3	mulhsu	x5,x7,x17	  x7:0x00000001 x17:0xd2f1a000  x5=0x00000000
      73355.000 ns	      7334	800019cc	0153d513	srli	x10,x7,0x15	  x7:0x00000001 x10=0x00000000
      73365.000 ns	      7335	800019d0	01304e33	xor	x28,x0,x19	  x0:0x00000000 x19:0x00000001 x28=0x00000001
      73375.000 ns	      7336	800019d4	633dbb13	sltiu	x22,x27,1587	 x27:0x00000000 x22=0x00000001
      73385.000 ns	      7337	800019d8	fa181b37	lui	x22,0xfa181	 x22=0xfa181000
      73405.000 ns	      7339	800019dc	218e0053	fsgnj.s	f0,f28,f24	 f28:0x800007a2 f24:0x80000000  f0=0x800007a2
      73425.000 ns	      7341	800019e0	de866437	lui	x8,0xde866	  x8=0xde866000
      73445.000 ns	      7343	800019e4	02f13133	mulhu	x2,x2,x15	  x2:0x00000000 x15:0x80040fe4  x2=0x00000000
      73475.000 ns	      7346	800019e8	20341853	fsgnjn.s	f16,f8,f3	  f8:0x00000000  f3:0x4f000000 f16=0x80000000
      73505.000 ns	      7349	800019ec	208daed3	fsgnjx.s	f29,f27,f8	 f27:0x00000000  f8:0x00000000 f29=0x00000000
      73525.000 ns	      7351	800019f0	00501db3	sll	x27,x0,x5	  x0:0x00000000  x5:0x00000000 x27=0x00000000
      73535.000 ns	      7352	800019f4	01da5733	srl	x14,x20,x29	 x20:0x80041024 x29:0x00000001 x14=0x40020812
      73545.000 ns	      7353	800019f8	01cbd213	srli	x4,x23,0x1c	 x23:0x00000414  x4=0x00000000
      73565.000 ns	      7355	800019fc	02ce24b3	mulhsu	x9,x28,x12	 x28:0x00000001 x12:0x00000000  x9=0x00000000
      73595.000 ns	      7358	80001a00	02a4dcb3	divu	x25,x9,x10	  x9:0x00000001 x10:0x00000000 x25=0xffffffff
      73615.000 ns	      7360	80001a04	5fde8137	lui	x2,0x5fde8	  x2=0x5fde8000
      73625.000 ns	      7361	80001a08	01252db3	slt	x27,x10,x18	 x10:0x00000000 x18:0xfffffd22 x27=0x00000000
      73635.000 ns	      7362	80001a0c	008e12b3	sll	x5,x28,x8	 x28:0x00000001  x8:0xde866000  x5=0x00000001
      73645.000 ns	      7363	80001a10	00000013	addi	x0,x0,0	  x0:0x00000000
      73655.000 ns	      7364	80001a14	e5cbf593	andi	x11,x23,-420	 x23:0x00000414 x11=0x00000414
      73675.000 ns	      7366	80001a18	d00602d3	fcvt.s.w	f5,x12	 x12:0x00000000  f5=0x00000000
      73725.000 ns	      7371	80001a1c	00bfa953	fadd.s	f18,f31,f11	 f31:0xffc00000 f11:0x00000000 f18=0x7fc00000
      73745.000 ns	      7373	80001a20	417959b3	sra	x19,x18,x23	 x18:0xfffffd22 x23:0x00000414 x19=0xffffffff
      73755.000 ns	      7374	80001a24	018492b3	sll	x5,x9,x24	  x9:0x00000000 x24:0xffffffe6  x5=0x00000000
      74115.000 ns	      7410	80001a28	038c5333	divu	x6,x24,x24	 x24:0xffffffe6 x24:0xffffffe6  x6=0x00000001
      74145.000 ns	      7413	80001a2c	03537533	remu	x10,x6,x21	  x6:0x00000000 x21:0x00000000 x10=0x00000001
      74195.000 ns	      7418	80001a30	08aa73d3	fsub.s	f7,f20,f10	 f20:0x80040fe4 f10:0xce023f40  f7=0x4e023f40
      74225.000 ns	      7421	80001a34	28251753	fmax.s	f14,f10,f2	 f10:0xce023f40  f2:0x00000000 f14=0x00000000
      74595.000 ns	      7458	80001a38	039cc933	div	x18,x25,x25	 x25:0xffffffff x25:0xffffffff x18=0x00000001
      74615.000 ns	      7460	80001a3c	29934413	xori	x8,x6,665	  x6:0x00000001  x8=0x00000298
      74625.000 ns	      7461	80001a40	a620a093	slti	x1,x1,-1438	  x1:0x00000000  x1=0x00000000
      74645.000 ns	      7463	80001a44	02e6a633	mulhsu	x12,x13,x14	 x13:0x00000003 x14:0x40020812 x12=0x00000000
      74665.000 ns	      7465	80001a48	01af7f33	and	x30,x30,x26	 x30:0xf8004102 x26:0x00000000 x30=0x00000000
      74675.000 ns	      7466	80001a4c	5556c813	xori	x16,x13,1365	 x13:0x00000003 x16=0x00000556
      74685.000 ns	      7467	80001a50	00415b13	srli	x22,x2,0x4	  x2:0x5fde8000 x22=0x05fde800
      74695.000 ns	      7468	80001a54	4028d1b3	sra	x3,x17,x2	 x17:0xd2f1a000  x2:0x5fde8000  x3=0xd2f1a000
      74705.000 ns	      7469	80001a58	0e3c3e97	auipc	x29,0xe3c3	 x29=0x8e3c4a58
      74735.000 ns	      7472	80001a5c	1874f753	fdiv.s	f14,f9,f7	  f9:0xfffffd9f  f7:0x4e023f40 f14=0x7fc00000
      74765.000 ns	      7475	80001a60	02587533	remu	x10,x16,x5	 x16:0x00000556  x5:0x00000000 x10=0x00000556
      74805.000 ns	      7479	80001a64	58017cd3	fsqrt.s	f25,f2	  f2:0x00000000 f25=0x00000000
      74845.000 ns	      7483	80001a68	580171d3	fsqrt.s	f3,f2	  f2:0x00000000  f3=0x00000000
      74875.000 ns	      7486	80001a6c	a0c3a953	feq.s	x18,f7,f12	  f7:0x4e023f40 f12:0x00000000 x18=0x00000000
      74895.000 ns	      7488	80001a70	037f0113	addi	x2,x30,55	 x30:0x00000000  x2=0x00000037
      74905.000 ns	      7489	80001a74	00a729b3	slt	x19,x14,x10	 x14:0x40020812 x10:0x00000556 x19=0x00000000
      74925.000 ns	      7491	80001a78	03fc12b3	mulh	x5,x24,x31	 x24:0xffffffe6 x31:0x80041024  x5=0x0000000c
      74955.000 ns	      7494	80001a7c	e00c1953	fclass.s	x18,f24	 f24:0x80000000 x18=0x00000008
      75325.000 ns	      7531	80001a80	02267e33	remu	x28,x12,x2	 x12:0x00000000  x2:0x00000037 x28=0x00000000
      75345.000 ns	      7533	80001a84	00d95233	srl	x4,x18,x13	 x18:0x00000008 x13:0x00000003  x4=0x00000001
      75365.000 ns	      7535	80001a88	291b0b53	fmin.s	f22,f22,f17	 f22:0x3f800000 f17:0x7fc00000 f22=0x3f800000
      75395.000 ns	      7538	80001a8c	020fd1b3	divu	x3,x31,x0	 x31:0x80041024  x0:0x00000000  x3=0xffffffff
      75445.000 ns	      7543	80001a90	095bae53	fsub.s	f28,f23,f21	 f23:0x7ffff000 f21:0xc0000000 f28=0x7fc00000
      75815.000 ns	      7580	80001a94	03984033	div	x0,x16,x25	 x16:0x00000556 x25:0xffffffff
      75845.000 ns	      7583	80001a98	a1f709d3	fle.s	x19,f14,f31	 f14:0x7fc00000 f31:0xffc00000 x19=0x00000000
      75865.000 ns	      7585	80001a9c	d7a7e313	ori	x6,x15,-646	 x15:0x80040fe4  x6=0xfffffffe
      75875.000 ns	      7586	80001aa0	41d15d93	srai	x27,x2,0x1d	  x2:0x00000037 x27=0x00000000
      75885.000 ns	      7587	80001aa4	35ae2b93	slti	x23,x28,858	 x28:0x00000000 x23=0x00000001
      75905.000 ns	      7589	80001aa8	a0d1ad53	feq.s	x26,f3,f13	  f3:0x00000000 f13:0xbf800000 x26=0x00000000
      75925.000 ns	      7591	80001aac	0106f933	and	x18,x13,x16	 x13:0x00000003 x16:0x00000556 x18=0x00000002
      75945.000 ns	      7593	80001ab0	023f12b3	mulh	x5,x30,x3	 x30:0x00000000  x3:0xffffffff  x5=0x00000000
      75975.000 ns	      7596	80001ab4	03c2dcb3	divu	x25,x5,x28	  x5:0x0000000c x28:0x00000000 x25=0xffffffff
      76025.000 ns	      7601	80001ab8	00551dd3	fadd.s	f27,f10,f5	 f10:0xce023f40  f5:0x00000000 f27=0xce023f40
      76045.000 ns	      7603	80001abc	018a5f33	srl	x30,x20,x24	 x20:0x80041024 x24:0xffffffe6 x30=0x02001040
      76055.000 ns	      7604	80001ac0	01dfa533	slt	x10,x31,x29	 x31:0x80041024 x29:0x8e3c4a58 x10=0x00000001
      76075.000 ns	      7606	80001ac4	d0181953	fcvt.s.wu	f18,x16	 x16:0x00000556 f18=0x44aac000
      76105.000 ns	      7609	80001ac8	03530bb3	mul	x23,x6,x21	  x6:0xfffffffe x21:0x00000000 x23=0x00000000
      76145.000 ns	      7613	80001acc	1129bc53	fmul.s	f24,f19,f18	 f19:0x0000003f f18:0x44aac000 f24=0x0001502b
      76515.000 ns	      7650	80001ad0	03dd5b33	divu	x22,x26,x29	 x26:0x00000000 x29:0x8e3c4a58 x22=0x00000000
      76535.000 ns	      7652	80001ad4	41940cb3	sub	x25,x8,x25	  x8:0x00000298 x25:0xffffffff x25=0x00000299
      76545.000 ns	      7653	80001ad8	411a83b3	sub	x7,x21,x17	 x21:0x00000000 x17:0xd2f1a000  x7=0x2d0e6000
      76555.000 ns	      7654	80001adc	000e6b33	or	x22,x28,x0	 x28:0x00000000  x0:0x00000000 x22=0x00000000
      76575.000 ns	      7656	80001ae0	f0068053	fmv.w.x	f0,x13	 x13:0x00000003  f0=0x00000003
      76595.000 ns	      7658	80001ae4	01f205b3	add	x11,x4,x31	  x4:0x00000001 x31:0x80041024 x11=0x80041025
      76605.000 ns	      7659	80001ae8	e37da113	slti	x2,x27,-457	 x27:0x00000000  x2=0x00000000
      76965.000 ns	      7695	80001aec	03195633	divu	x12,x18,x17	 x18:0x00000002 x17:0xd2f1a000 x12=0x00000000
      76985.000 ns	      7697	80001af0	01e28133	add	x2,x5,x30	  x5:0x00000000 x30:0x02001040  x2=0x02001040
      76995.000 ns	      7698	80001af4	7f637f93	andi	x31,x6,2038	  x6:0xfffffffe x31=0x000007f6
      77025.000 ns	      7701	80001af8	100bf8d3	fmul.s	f17,f23,f0	 f23:0x7ffff000  f0:0x00000003 f17=0x7fc00000
      77075.000 ns	      7706	80001afc	08ca10d3	fsub.s	f1,f20,f12	 f20:0x80040fe4 f12:0x00000000  f1=0x80040fe4
      77415.000 ns	      7740	80001b00	195c7bd3	fdiv.s	f23,f24,f21	 f24:0x0001502b f21:0xc0000000 f23=0x80000000
      77445.000 ns	      7743	80001b04	03acc933	div	x18,x25,x26	 x25:0x00000299 x26:0x00000000 x18=0xffffffff
      77465.000 ns	      7745	80001b08	ec4c0e13	addi	x28,x24,-316	 x24:0xffffffe6 x28=0xfffffeaa
      77475.000 ns	      7746	80001b0c	e0847413	andi	x8,x8,-504	  x8:0x00000298  x8=0x00000208
      77485.000 ns	      7747	80001b10	da5ae193	ori	x3,x21,-603	 x21:0x00000000  x3=0xfffffda5
      77505.000 ns	      7749	80001b14	a0968253	fle.s	x4,f13,f9	 f13:0xbf800000  f9:0xfffffd9f  x4=0x00000000
      77535.000 ns	      7752	80001b18	033f84b3	mul	x9,x31,x19	 x31:0x000007f6 x19:0x00000000  x9=0x00000000
      77565.000 ns	      7755	80001b1c	21508dd3	fsgnj.s	f27,f1,f21	  f1:0x80040fe4 f21:0xc0000000 f27=0x80040fe4
      77595.000 ns	      7758	80001b20	02995ab3	divu	x21,x18,x9	 x18:0xffffffff  x9:0x00000000 x21=0xffffffff
      77615.000 ns	      7760	80001b24	0075c633	xor	x12,x11,x7	 x11:0x80041025  x7:0x2d0e6000 x12=0xad0a7025
      77655.000 ns	      7764	80001b28	08e3c353	fsub.s	f6,f7,f14	  f7:0x4e023f40 f14:0x7fc00000  f6=0x7fc00000
      77685.000 ns	      7767	80001b2c	c0033c53	fcvt.w.s	x24,f6	  f6:0xfffff000 x24=0x7fffffff
      77715.000 ns	      7770	80001b30	a1070e53	fle.s	x28,f14,f16	 f14:0x7fc00000 f16:0x80000000 x28=0x00000000
      77735.000 ns	      7772	80001b34	006543b3	xor	x7,x10,x6	 x10:0x00000001  x6:0xfffffffe  x7=0xffffffff
      77755.000 ns	      7774	80001b38	028491b3	mulh	x3,x9,x8	  x9:0x00000000  x8:0x00000208  x3=0x00000000
      78125.000 ns	      7811	80001b3c	03814db3	div	x27,x2,x24	  x2:0x02001040 x24:0x7fffffff x27=0x00000000
      78145.000 ns	      7813	80001b40	00755e13	srli	x28,x10,0x7	 x10:0x00000001 x28=0x00000000
      78165.000 ns	      7815	80001b44	c0047453	fcvt.w.s	x8,f8	  f8:0x00000000  x8=0x00000000
      78185.000 ns	      7817	80001b48	014c51b3	srl	x3,x24,x20	 x24:0x7fffffff x20:0x80041024  x3=0x07ffffff
      78205.000 ns	      7819	80001b4c	20830e53	fsgnj.s	f28,f6,f8	  f6:0x7fc00000  f8:0x00000000 f28=0x7fc00000
      78575.000 ns	      7856	80001b50	02aa5633	divu	x12,x20,x10	 x20:0x80041024 x10:0x00000001 x12=0x80041024
      78595.000 ns	      7858	80001b54	a939f637	lui	x12,0xa939f	 x12=0xa939f000
      78615.000 ns	      7860	80001b58	21e818d3	fsgnjn.s	f17,f16,f30	 f16:0x80000000 f30:0x7fc00000 f17=0x80000000
      78645.000 ns	      7863	80001b5c	20e88fd3	fsgnj.s	f31,f17,f14	 f17:0x7fc00000 f14:0x7fc00000 f31=0x00000000
      78675.000 ns	      7866	80001b60	21c1a153	fsgnjx.s	f2,f3,f28	  f3:0x00000000 f28:0x7fc00000  f2=0x00000000
      78705.000 ns	      7869	80001b64	283a06d3	fmin.s	f13,f20,f3	 f20:0x80040fe4  f3:0x00000000 f13=0x80040fe4
      78725.000 ns	      7871	80001b68	4067dfb3	sra	x31,x15,x6	 x15:0x80040fe4  x6:0xfffffffe x31=0xfffffffe
      78745.000 ns	      7873	80001b6c	d0057753	fcvt.s.w	f14,x10	 x10:0x00000001 f14=0x3f800000
      78795.000 ns	      7878	80001b70	010bbb53	fadd.s	f22,f23,f16	 f23:0x80000000 f16:0x80000000 f22=0x80000000
      78825.000 ns	      7881	80001b74	21038a53	fsgnj.s	f20,f7,f16	  f7:0x4e023f40 f16:0x80000000 f20=0xce023f40
      78855.000 ns	      7884	80001b78	a1309653	flt.s	x12,f1,f19	  f1:0x80040fe4 f19:0x0000003f x12=0x00000001
      78875.000 ns	      7886	80001b7c	302d3513	sltiu	x10,x26,770	 x26:0x00000000 x10=0x00000001
      78885.000 ns	      7887	80001b80	e53e4493	xori	x9,x28,-429	 x28:0x00000000  x9=0xfffffe53
      78895.000 ns	      7888	80001b84	f18bea93	ori	x21,x23,-232	 x23:0x00000000 x21=0xffffff18
      78905.000 ns	      7889	80001b88	41db0193	addi	x3,x22,1053	 x22:0x00000000  x3=0x0000041d
      78915.000 ns	      7890	80001b8c	018840b3	xor	x1,x16,x24	 x16:0x00000556 x24:0x7fffffff  x1=0x7ffffaa9
      78935.000 ns	      7892	80001b90	03f2ac33	mulhsu	x24,x5,x31	  x5:0x00000000 x31:0xfffffffe x24=0x00000000
      78955.000 ns	      7894	80001b94	41efdd33	sra	x26,x31,x30	 x31:0xfffffffe x30:0x02001040 x26=0xfffffffe
      78975.000 ns	      7896	80001b98	f0000b53	fmv.w.x	f22,x0	  x0:0x00000000 f22=0x00000000
      78995.000 ns	      7898	80001b9c	5b7b0413	addi	x8,x22,1463	 x22:0x00000000  x8=0x000005b7
      79355.000 ns	      7934	80001ba0	02e26fb3	rem	x31,x4,x14	  x4:0x00000000 x14:0x40020812 x31=0x00000000
      79385.000 ns	      7937	80001ba4	021b1533	mulh	x10,x22,x1	 x22:0x00000000  x1:0x7ffffaa9 x10=0x00000000
      79435.000 ns	      7942	80001ba8	01741d53	fadd.s	f26,f8,f23	  f8:0x00000000 f23:0x80000000 f26=0x80000000
      79805.000 ns	      7979	80001bac	02924cb3	div	x25,x4,x9	  x4:0x00000000  x9:0xfffffe53 x25=0x00000000
      79825.000 ns	      7981	80001bb0	d57f6b93	ori	x23,x30,-681	 x30:0x02001040 x23=0xfffffd57
      79845.000 ns	      7983	80001bb4	03b7d833	divu	x16,x15,x27	 x15:0x80040fe4 x27:0x00000000 x16=0xffffffff
      79875.000 ns	      7986	80001bb8	031099b3	mulh	x19,x1,x17	  x1:0x7ffffaa9 x17:0xd2f1a000 x19=0xe978d0f0
      79905.000 ns	      7989	80001bbc	c015fb53	fcvt.wu.s	x22,f11	 f11:0x00000000 x22=0x00000000
      79925.000 ns	      7991	80001bc0	000af9b3	and	x19,x21,x0	 x21:0xffffff18  x0:0x00000000 x19=0x00000000
      79935.000 ns	      7992	80001bc4	411fdb93	srai	x23,x31,0x11	 x31:0x00000000 x23=0x00000000
      79975.000 ns	      7996	80001bc8	01760653	fadd.s	f12,f12,f23	 f12:0x00000000 f23:0x80000000 f12=0x80000000
      79995.000 ns	      7998	80001bcc	40285813	srai	x16,x16,0x2	 x16:0xffffffff x16=0xffffffff
      80035.000 ns	      8002	80001bd0	0011cb53	fadd.s	f22,f3,f1	  f3:0x00000000  f1:0x80040fe4 f22=0x80040fe4
      80085.000 ns	      8007	80001bd4	0850ffd3	fsub.s	f31,f1,f5	  f1:0x80040fe4  f5:0x00000000 f31=0x80040fe4
      80105.000 ns	      8009	80001bd8	05872c93	slti	x25,x14,88	 x14:0x40020812 x25=0x00000000
      80115.000 ns	      8010	80001bdc	0125ebb3	or	x23,x11,x18	 x11:0x80041025 x18:0xffffffff x23=0xffffffff
      80135.000 ns	      8012	80001be0	028fbb33	mulhu	x22,x31,x8	 x31:0x00000000  x8:0x000005b7 x22=0x00000000
      80165.000 ns	      8015	80001be4	03fd3fb3	mulhu	x31,x26,x31	 x26:0xfffffffe x31:0x00000000 x31=0x00000000
      80185.000 ns	      8017	80001be8	015fe2b3	or	x5,x31,x21	 x31:0x00000000 x21:0xffffff18  x5=0xffffff18
      80215.000 ns	      8020	80001bec	10e675d3	fmul.s	f11,f12,f14	 f12:0x80000000 f14:0x3f800000 f11=0x80000000
      80235.000 ns	      8022	80001bf0	77fda713	slti	x14,x27,1919	 x27:0x00000000 x14=0x00000001
      80265.000 ns	      8025	80001bf4	1865b2d3	fdiv.s	f5,f11,f6	 f11:0x80000000  f6:0x7fc00000  f5=0x7fc00000
      80315.000 ns	      8030	80001bf8	01747853	fadd.s	f16,f8,f23	  f8:0x00000000 f23:0x80000000 f16=0x80000000
      80335.000 ns	      8032	80001bfc	183d0213	addi	x4,x26,387	 x26:0xfffffffe  x4=0x00000181
      80355.000 ns	      8034	80001c00	d00b25d3	fcvt.s.w	f11,x22	 x22:0x00000000 f11=0x00000000
      80385.000 ns	      8037	80001c04	c01e7653	fcvt.wu.s	x12,f28	 f28:0x7fc00000 x12=0xffffffff
      80405.000 ns	      8039	80001c08	0040b9b3	sltu	x19,x1,x4	  x1:0x7ffffaa9  x4:0x00000181 x19=0x00000000
      80425.000 ns	      8041	80001c0c	e0071853	fclass.s	x16,f14	 f14:0x3f800000 x16=0x00000040
      80445.000 ns	      8043	80001c10	0076ccb3	xor	x25,x13,x7	 x13:0x00000003  x7:0xffffffff x25=0xfffffffc
      80465.000 ns	      8045	80001c14	e00d0753	fmv.x.w	x14,f26	 f26:0x80000000 x14=0x80000000
      80495.000 ns	      8048	80001c18	28368e53	fmin.s	f28,f13,f3	 f13:0x80040fe4  f3:0x00000000 f28=0x80040fe4
      80525.000 ns	      8051	80001c1c	21619853	fsgnjn.s	f16,f3,f22	  f3:0x00000000 f22:0x80040fe4 f16=0x00000000
      80565.000 ns	      8055	80001c20	18337dd3	fdiv.s	f27,f6,f3	  f6:0x7fc00000  f3:0x00000000 f27=0x7fc00000
      80595.000 ns	      8058	80001c24	02933833	mulhu	x16,x6,x9	  x6:0xfffffffe  x9:0xfffffe53 x16=0xfffffe51
      80615.000 ns	      8060	80001c28	01911b13	slli	x22,x2,0x19	  x2:0x02001040 x22=0x80000000
      80635.000 ns	      8062	80001c2c	28651bd3	fmax.s	f23,f10,f6	 f10:0xce023f40  f6:0x7fc00000 f23=0xce023f40
      81005.000 ns	      8099	80001c30	0306f633	remu	x12,x13,x16	 x13:0x00000003 x16:0xfffffe51 x12=0x00000003
      81025.000 ns	      8101	80001c34	d97e3c93	sltiu	x25,x28,-617	 x28:0x00000000 x25=0x00000001
      81035.000 ns	      8102	80001c38	003f0cb3	add	x25,x30,x3	 x30:0x02001040  x3:0x0000041d x25=0x0200145d
      81055.000 ns	      8104	80001c3c	a1d02753	feq.s	x14,f0,f29	  f0:0x00000003 f29:0x00000000 x14=0x00000000
      81075.000 ns	      8106	80001c40	41e55b33	sra	x22,x10,x30	 x10:0x00000000 x30:0x02001040 x22=0x00000000
      81095.000 ns	      8108	80001c44	d01f7bd3	fcvt.s.wu	f23,x30	 x30:0x02001040 f23=0x4c000410
      81115.000 ns	      8110	80001c48	dad24313	xori	x6,x4,-595	  x4:0x00000181  x6=0xfffffc2c
      81125.000 ns	      8111	80001c4c	01062933	slt	x18,x12,x16	 x12:0x00000003 x16:0xfffffe51 x18=0x00000000
      81135.000 ns	      8112	80001c50	00c55db3	srl	x27,x10,x12	 x10:0x00000000 x12:0x00000003 x27=0x00000000
      81175.000 ns	      8116	80001c54	005af353	fadd.s	f6,f21,f5	 f21:0xc0000000  f5:0x7fc00000  f6=0x7fc00000
      81205.000 ns	      8119	80001c58	02212f33	mulhsu	x30,x2,x2	  x2:0x02001040  x2:0x02001040 x30=0x00040041
      81225.000 ns	      8121	80001c5c	91c9bab7	lui	x21,0x91c9b	 x21=0x91c9b000
      81245.000 ns	      8123	80001c60	208aa3d3	fsgnjx.s	f7,f21,f8	 f21:0xc0000000  f8:0x00000000  f7=0xc0000000
      81275.000 ns	      8126	80001c64	03d12233	mulhsu	x4,x2,x29	  x2:0x02001040 x29:0x8e3c4a58  x4=0x011c819c
      81305.000 ns	      8129	80001c68	e0080fd3	fmv.x.w	x31,f16	 f16:0x00000000 x31=0x00000000
      81335.000 ns	      8132	80001c6c	a0a609d3	fle.s	x19,f12,f10	 f12:0x80000000 f10:0xce023f40 x19=0x00000000
      81355.000 ns	      8134	80001c70	01e4d493	srli	x9,x9,0x1e	  x9:0xfffffe53  x9=0x00000003
      81375.000 ns	      8136	80001c74	f00f0853	fmv.w.x	f16,x30	 x30:0x00040041 f16=0x00040041
      81405.000 ns	      8139	80001c78	28e20b53	fmin.s	f22,f4,f14	  f4:0x7fc00000 f14:0x3f800000 f22=0x3f800000
      81435.000 ns	      8142	80001c7c	2092aa53	fsgnjx.s	f20,f5,f9	  f5:0x7fc00000  f9:0xfffffd9f f20=0xffc00000
      81465.000 ns	      8145	80001c80	02b310b3	mulh	x1,x6,x11	  x6:0xfffffc2c x11:0x80041025  x1=0x000001e9
      81515.000 ns	      8150	80001c84	01237e53	fadd.s	f28,f6,f18	  f6:0x7fc00000 f18:0x44aac000 f28=0x7fc00000
      81535.000 ns	      8152	80001c88	b7f67097	auipc	x1,0xb7f67	  x1=0x37f68c88
      81555.000 ns	      8154	80001c8c	02598db3	mul	x27,x19,x5	 x19:0x00000000  x5:0xffffff18 x27=0x00000000
      81575.000 ns	      8156	80001c90	d9287737	lui	x14,0xd9287	 x14=0xd9287000
      81935.000 ns	      8192	80001c94	02f648b3	div	x17,x12,x15	 x12:0x00000003 x15:0x80040fe4 x17=0x00000000
      81965.000 ns	      8195	80001c98	212d15d3	fsgnjn.s	f11,f26,f18	 f26:0x80000000 f18:0x44aac000 f11=0x80000000
      81985.000 ns	      8197	80001c9c	fbb4aa93	slti	x21,x9,-69	  x9:0x00000003 x21=0x00000000
      82005.000 ns	      8199	80001ca0	29308253	fmin.s	f4,f1,f19	  f1:0x80040fe4 f19:0x0000003f  f4=0x80040fe4
      82045.000 ns	      8203	80001ca4	11cabb53	fmul.s	f22,f21,f28	 f21:0xc0000000 f28:0x7fc00000 f22=0x7fc00000
      82065.000 ns	      8205	80001ca8	01735f93	srli	x31,x6,0x17	  x6:0xfffffc2c x31=0x000001ff
      82075.000 ns	      8206	80001cac	40dbd933	sra	x18,x23,x13	 x23:0xffffffff x13:0x00000003 x18=0xffffffff
      82095.000 ns	      8208	80001cb0	c00a9bd3	fcvt.w.s	x23,f21	 f21:0xc0000000 x23=0xfffffffe
      82115.000 ns	      8210	80001cb4	40d0d313	srai	x6,x1,0xd	  x1:0x37f68c88  x6=0x0001bfb4
      82135.000 ns	      8212	80001cb8	e00692d3	fclass.s	x5,f13	 f13:0x80040fe4  x5=0x00000004
      82165.000 ns	      8215	80001cbc	033a43b3	div	x7,x20,x19	 x20:0x80041024 x19:0x00000000  x7=0xffffffff
      82185.000 ns	      8217	80001cc0	ef937c13	andi	x24,x6,-263	  x6:0x0001bfb4 x24=0x0001beb0
      82205.000 ns	      8219	80001cc4	a0192653	feq.s	x12,f18,f1	 f18:0x44aac000  f1:0x80040fe4 x12=0x00000000
      82225.000 ns	      8221	80001cc8	01b69133	sll	x2,x13,x27	 x13:0x00000003 x27:0x00000000  x2=0x00000003
      82245.000 ns	      8223	80001ccc	283787d3	fmin.s	f15,f15,f3	 f15:0x00000000  f3:0x00000000 f15=0x00000000
      82275.000 ns	      8226	80001cd0	026d0733	mul	x14,x26,x6	 x26:0xfffffffe  x6:0x0001bfb4 x14=0xfffc8098
      82305.000 ns	      8229	80001cd4	29f11253	fmax.s	f4,f2,f31	  f2:0x00000000 f31:0x80040fe4  f4=0x00000000
      82325.000 ns	      8231	80001cd8	01d1b333	sltu	x6,x3,x29	  x3:0x0000041d x29:0x8e3c4a58  x6=0x00000001
      82345.000 ns	      8233	80001cdc	02a48933	mul	x18,x9,x10	  x9:0x00000003 x10:0x00000000 x18=0x00000000
      82365.000 ns	      8235	80001ce0	008a8333	add	x6,x21,x8	 x21:0x00000000  x8:0x000005b7  x6=0x000005b7
      82375.000 ns	      8236	80001ce4	01930533	add	x10,x6,x25	  x6:0x00000001 x25:0x0200145d x10=0x02001a14
      82395.000 ns	      8238	80001ce8	211d84d3	fsgnj.s	f9,f27,f17	 f27:0x7fc00000 f17:0x80000000  f9=0xffc00000
      82445.000 ns	      8243	80001cec	0950ca53	fsub.s	f20,f1,f21	  f1:0x80040fe4 f21:0xc0000000 f20=0x40000000
      82465.000 ns	      8245	80001cf0	0078c8b3	xor	x17,x17,x7	 x17:0x00000000  x7:0xffffffff x17=0xffffffff
      82485.000 ns	      8247	80001cf4	21402e53	fsgnjx.s	f28,f0,f20	  f0:0x00000003 f20:0x40000000 f28=0x00000003
      82515.000 ns	      8250	80001cf8	02613b33	mulhu	x22,x2,x6	  x2:0x00000003  x6:0x000005b7 x22=0x00000000
      82885.000 ns	      8287	80001cfc	02384c33	div	x24,x16,x3	 x16:0xfffffe51  x3:0x0000041d x24=0x00000000
      82915.000 ns	      8290	80001d00	c009f253	fcvt.w.s	x4,f19	 f19:0x0000003f  x4=0x00000000
      82965.000 ns	      8295	80001d04	00b13653	fadd.s	f12,f2,f11	  f2:0x00000000 f11:0x80000000 f12=0x80000000
      83015.000 ns	      8300	80001d08	01ab73d3	fadd.s	f7,f22,f26	 f22:0x7fc00000 f26:0x80000000  f7=0x7fc00000
      83045.000 ns	      8303	80001d0c	d0152153	fcvt.s.wu	f2,x10	 x10:0x02001a14  f2=0x4c000685
      83095.000 ns	      8308	80001d10	092dfed3	fsub.s	f29,f27,f18	 f27:0x7fc00000 f18:0x44aac000 f29=0x7fc00000
      83115.000 ns	      8310	80001d14	4024d0b3	sra	x1,x9,x2	  x9:0x00000003  x2:0x00000003  x1=0x00000000
      83125.000 ns	      8311	80001d18	01c2d433	srl	x8,x5,x28	  x5:0x00000004 x28:0x00000000  x8=0x00000004
      83135.000 ns	      8312	80001d1c	401a00b3	sub	x1,x20,x1	 x20:0x80041024  x1:0x37f68c88  x1=0x80041024
      83145.000 ns	      8313	80001d20	00384db3	xor	x27,x16,x3	 x16:0xfffffe51  x3:0x0000041d x27=0xfffffa4c
      83155.000 ns	      8314	80001d24	40d4d913	srai	x18,x9,0xd	  x9:0x00000003 x18=0x00000000
      83175.000 ns	      8316	80001d28	a10a2dd3	feq.s	x27,f20,f16	 f20:0x40000000 f16:0x00040041 x27=0x00000000
      83225.000 ns	      8321	80001d2c	098df253	fsub.s	f4,f27,f24	 f27:0x7fc00000 f24:0x0001502b  f4=0x7fc00000
      83255.000 ns	      8324	80001d30	038ae333	rem	x6,x21,x24	 x21:0x00000000 x24:0x00000000  x6=0x00000000
      83285.000 ns	      8327	80001d34	c0092353	fcvt.w.s	x6,f18	 f18:0x44aac000  x6=0x00000556
      83305.000 ns	      8329	80001d38	012470b3	and	x1,x8,x18	  x8:0x00000004 x18:0x00000000  x1=0x00000000
      83315.000 ns	      8330	80001d3c	95f51337	lui	x6,0x95f51	  x6=0x95f51000
      83355.000 ns	      8334	80001d40	01f5fed3	fadd.s	f29,f11,f31	 f11:0x80000000 f31:0x80040fe4 f29=0x80040fe4
      83405.000 ns	      8339	80001d44	08f3f853	fsub.s	f16,f7,f15	  f7:0x7fc00000 f15:0x00000000 f16=0x7fc00000
      83775.000 ns	      8376	80001d48	0255f233	remu	x4,x11,x5	 x11:0x80041025  x5:0x00000004  x4=0x00000001
      83805.000 ns	      8379	80001d4c	2122ac53	fsgnjx.s	f24,f5,f18	  f5:0x7fc00000 f18:0x44aac000 f24=0x7fc00000
      83825.000 ns	      8381	80001d50	014c98b3	sll	x17,x25,x20	 x25:0x0200145d x20:0x80041024 x17=0x200145d0
      83835.000 ns	      8382	80001d54	2679c217	auipc	x4,0x2679c	  x4=0xa679dd54
      83875.000 ns	      8386	80001d58	016fccd3	fadd.s	f25,f31,f22	 f31:0x80040fe4 f22:0x7fc00000 f25=0x7fc00000
      83895.000 ns	      8388	80001d5c	418155b3	sra	x11,x2,x24	  x2:0x00000003 x24:0x00000000 x11=0x00000003
      83925.000 ns	      8391	80001d60	11dffbd3	fmul.s	f23,f31,f29	 f31:0x80040fe4 f29:0x80040fe4 f23=0x00000000
      83955.000 ns	      8394	80001d64	a1582753	feq.s	x14,f16,f21	 f16:0x7fc00000 f21:0xc0000000 x14=0x00000000
      83975.000 ns	      8396	80001d68	01451093	slli	x1,x10,0x14	 x10:0x02001a14  x1=0xa1400000
      83995.000 ns	      8398	80001d6c	e00314d3	fclass.s	x9,f6	  f6:0x7fc00000  x9=0x00000200
      84015.000 ns	      8400	80001d70	01b352b3	srl	x5,x6,x27	  x6:0x95f51000 x27:0x00000000  x5=0x95f51000
      84035.000 ns	      8402	80001d74	03e9b233	mulhu	x4,x19,x30	 x19:0x00000000 x30:0x00040041  x4=0x00000000
      84055.000 ns	      8404	80001d78	7b9a3413	sltiu	x8,x20,1977	 x20:0x80041024  x8=0x00000000
      84095.000 ns	      8408	80001d7c	000f1353	fadd.s	f6,f30,f0	 f30:0x7fc00000  f0:0x00000003  f6=0x7fc00000
      84115.000 ns	      8410	80001d80	72ce0d13	addi	x26,x28,1836	 x28:0x00000000 x26=0x0000072c
      84135.000 ns	      8412	80001d84	c00bcad3	fcvt.w.s	x21,f23	 f23:0x00000000 x21=0x00000000
      84155.000 ns	      8414	80001d88	01f7cc33	xor	x24,x15,x31	 x15:0x80040fe4 x31:0x000001ff x24=0x80040e1b
      84165.000 ns	      8415	80001d8c	5ab77317	auipc	x6,0x5ab77	  x6=0xdab78d8c
      84175.000 ns	      8416	80001d90	01c80333	add	x6,x16,x28	 x16:0xfffffe51 x28:0x00000000  x6=0xfffffe51
      84195.000 ns	      8418	80001d94	c00c7ed3	fcvt.w.s	x29,f24	 f24:0x7fc00000 x29=0x7fffffff
      84225.000 ns	      8421	80001d98	03b32eb3	mulhsu	x29,x6,x27	  x6:0xdab78d8c x27:0x00000000 x29=0x00000000
      84255.000 ns	      8424	80001d9c	292c1053	fmax.s	f0,f24,f18	 f24:0x7fc00000 f18:0x44aac000  f0=0x44aac000
      84275.000 ns	      8426	80001da0	11aa2c93	slti	x25,x20,282	 x20:0x80041024 x25=0x00000001
      84295.000 ns	      8428	80001da4	21c59153	fsgnjn.s	f2,f11,f28	 f11:0x80000000 f28:0x00000003  f2=0x80000000
      84325.000 ns	      8431	80001da8	288a03d3	fmin.s	f7,f20,f8	 f20:0x40000000  f8:0x00000000  f7=0x00000000
      84345.000 ns	      8433	80001dac	00f19013	slli	x0,x3,0xf	  x3:0x0000041d
      84365.000 ns	      8435	80001db0	20748953	fsgnj.s	f18,f9,f7	  f9:0xffc00000  f7:0x00000000 f18=0x7fc00000
      84385.000 ns	      8437	80001db4	88093713	sltiu	x14,x18,-1920	 x18:0x00000000 x14=0x00000001
      84395.000 ns	      8438	80001db8	40a25f93	srai	x31,x4,0xa	  x4:0x00000000 x31=0x00000000
      84405.000 ns	      8439	80001dbc	20b0ae17	auipc	x28,0x20b0a	 x28=0xa0b0bdbc
      84415.000 ns	      8440	80001dc0	01661b13	slli	x22,x12,0x16	 x12:0x00000000 x22=0x00000000
      84435.000 ns	      8442	80001dc4	024d2e33	mulhsu	x28,x26,x4	 x26:0x0000072c  x4:0x00000000 x28=0x00000000
      84465.000 ns	      8445	80001dc8	281291d3	fmax.s	f3,f5,f1	  f5:0x7fc00000  f1:0x80040fe4  f3=0x80040fe4
      84485.000 ns	      8447	80001dcc	01fd7433	and	x8,x26,x31	 x26:0x0000072c x31:0x00000000  x8=0x00000000
      84505.000 ns	      8449	80001dd0	a18d9853	flt.s	x16,f27,f24	 f27:0x7fc00000 f24:0x7fc00000 x16=0x00000000
      84535.000 ns	      8452	80001dd4	a1f704d3	fle.s	x9,f14,f31	 f14:0x3f800000 f31:0x80040fe4  x9=0x00000000
      84565.000 ns	      8455	80001dd8	c003f0d3	fcvt.w.s	x1,f7	  f7:0x00000000  x1=0x00000000
      84605.000 ns	      8459	80001ddc	187cf453	fdiv.s	f8,f25,f7	 f25:0x7fc00000  f7:0x00000000  f8=0x7fc00000
      84975.000 ns	      8496	80001de0	037fd4b3	divu	x9,x31,x23	 x31:0x00000000 x23:0xfffffffe  x9=0x00000000
      84995.000 ns	      8498	80001de4	01a99893	slli	x17,x19,0x1a	 x19:0x00000000 x17=0x00000000
      85015.000 ns	      8500	80001de8	a03793d3	flt.s	x7,f15,f3	 f15:0x00000000  f3:0x80040fe4  x7=0x00000000
      85035.000 ns	      8502	80001dec	01748633	add	x12,x9,x23	  x9:0x00000000 x23:0xfffffffe x12=0xfffffffe
      85055.000 ns	      8504	80001df0	03dd2e33	mulhsu	x28,x26,x29	 x26:0x0000072c x29:0x00000000 x28=0x00000000
      85075.000 ns	      8506	80001df4	9cabac17	auipc	x24,0x9caba	 x24=0x1cabbdf4
      85085.000 ns	      8507	80001df8	012d7733	and	x14,x26,x18	 x26:0x0000072c x18:0x00000000 x14=0x00000000
      85095.000 ns	      8508	80001dfc	00963733	sltu	x14,x12,x9	 x12:0xfffffffe  x9:0x00000000 x14=0x00000000
      85105.000 ns	      8509	80001e00	357d3a93	sltiu	x21,x26,855	 x26:0x0000072c x21=0x00000000
      85125.000 ns	      8511	80001e04	f0000653	fmv.w.x	f12,x0	  x0:0x00000000 f12=0x00000000
      85155.000 ns	      8514	80001e08	29cc9653	fmax.s	f12,f25,f28	 f25:0x7fc00000 f28:0x00000003 f12=0x00000003
      85185.000 ns	      8517	80001e0c	e00818d3	fclass.s	x17,f16	 f16:0x7fc00000 x17=0x00000200
      85215.000 ns	      8520	80001e10	a0618353	fle.s	x6,f3,f6	  f3:0x80040fe4  f6:0x7fc00000  x6=0x00000000
      85235.000 ns	      8522	80001e14	0e21b593	sltiu	x11,x3,226	  x3:0x0000041d x11=0x00000000
      85265.000 ns	      8525	80001e18	5803fbd3	fsqrt.s	f23,f7	  f7:0x00000000 f23=0x00000000
      85285.000 ns	      8527	80001e1c	d53e0337	lui	x6,0xd53e0	  x6=0xd53e0000
      85305.000 ns	      8529	80001e20	e0008ad3	fmv.x.w	x21,f1	  f1:0x80040fe4 x21=0x80040fe4
      85325.000 ns	      8531	80001e24	4165dd93	srai	x27,x11,0x16	 x11:0x00000000 x27=0x00000000
      85335.000 ns	      8532	80001e28	c604a813	slti	x16,x9,-928	  x9:0x00000000 x16=0x00000000
      85345.000 ns	      8533	80001e2c	671b3b13	sltiu	x22,x22,1649	 x22:0x00000000 x22=0x00000001
      85365.000 ns	      8535	80001e30	c006fe53	fcvt.w.s	x28,f13	 f13:0x80040fe4 x28=0x00000000
      85395.000 ns	      8538	80001e34	28119753	fmax.s	f14,f3,f1	  f3:0x80040fe4  f1:0x80040fe4 f14=0x80040fe4
      85415.000 ns	      8540	80001e38	c3adee13	ori	x28,x27,-966	 x27:0x00000000 x28=0xfffffc3a
      85435.000 ns	      8542	80001e3c	28b00f53	fmin.s	f30,f0,f11	  f0:0x44aac000 f11:0x80000000 f30=0x80000000
      85455.000 ns	      8544	80001e40	00000013	addi	x0,x0,0	  x0:0x00000000
      85495.000 ns	      8548	80001e44	08951953	fsub.s	f18,f10,f9	 f10:0xce023f40  f9:0xffc00000 f18=0x7fc00000
      85515.000 ns	      8550	80001e48	00033bb3	sltu	x23,x6,x0	  x6:0xd53e0000  x0:0x00000000 x23=0x00000000
      85525.000 ns	      8551	80001e4c	00b94533	xor	x10,x18,x11	 x18:0x00000000 x11:0x00000000 x10=0x00000000
      85535.000 ns	      8552	80001e50	b4d97393	andi	x7,x18,-1203	 x18:0x00000000  x7=0x00000000
      85575.000 ns	      8556	80001e54	09ea76d3	fsub.s	f13,f20,f30	 f20:0x40000000 f30:0x80000000 f13=0x40000000
      85595.000 ns	      8558	80001e58	e5efd817	auipc	x16,0xe5efd	 x16=0x65efee58
      85615.000 ns	      8560	80001e5c	21a08d53	fsgnj.s	f26,f1,f26	  f1:0x80040fe4 f26:0x80000000 f26=0x80040fe4
      85645.000 ns	      8563	80001e60	294d1453	fmax.s	f8,f26,f20	 f26:0x80000000 f20:0x40000000  f8=0x40000000
      85665.000 ns	      8565	80001e64	01f2a333	slt	x6,x5,x31	  x5:0x95f51000 x31:0x00000000  x6=0x00000001
      85675.000 ns	      8566	80001e68	0ce20e13	addi	x28,x4,206	  x4:0x00000000 x28=0x000000ce
      85695.000 ns	      8568	80001e6c	d01da053	fcvt.s.wu	f0,x27	 x27:0x00000000  f0=0x00000000
      85725.000 ns	      8571	80001e70	a05ba453	feq.s	x8,f23,f5	 f23:0x00000000  f5:0x7fc00000  x8=0x00000000
      85755.000 ns	      8574	80001e74	e0050ed3	fmv.x.w	x29,f10	 f10:0xce023f40 x29=0xce023f40
      85775.000 ns	      8576	80001e78	012c15b3	sll	x11,x24,x18	 x24:0x1cabbdf4 x18:0x00000000 x11=0x1cabbdf4
      85795.000 ns	      8578	80001e7c	214a9ad3	fsgnjn.s	f21,f21,f20	 f21:0xc0000000 f20:0x40000000 f21=0xc0000000
      85815.000 ns	      8580	80001e80	00a95113	srli	x2,x18,0xa	 x18:0x00000000  x2=0x00000000
      85825.000 ns	      8581	80001e84	00fa8033	add	x0,x21,x15	 x21:0x80040fe4 x15:0x80040fe4
      85835.000 ns	      8582	80001e88	40065613	srai	x12,x12,0x0	 x12:0xfffffffe x12=0xfffffffe
      85855.000 ns	      8584	80001e8c	e00d09d3	fmv.x.w	x19,f26	 f26:0x80040fe4 x19=0x80040fe4
      85895.000 ns	      8588	80001e90	580f7f53	fsqrt.s	f30,f30	 f30:0x80000000 f30=0x80000000
      85915.000 ns	      8590	80001e94	00ebdfb3	srl	x31,x23,x14	 x23:0x00000000 x14:0x00000000 x31=0x00000000
      85935.000 ns	      8592	80001e98	20f70b53	fsgnj.s	f22,f14,f15	 f14:0x80040fe4 f15:0x00000000 f22=0x00040fe4
      85965.000 ns	      8595	80001e9c	a1b58553	fle.s	x10,f11,f27	 f11:0x80000000 f27:0x7fc00000 x10=0x00000000
      85985.000 ns	      8597	80001ea0	009acc33	xor	x24,x21,x9	 x21:0x80040fe4  x9:0x00000000 x24=0x80040fe4
      86005.000 ns	      8599	80001ea4	282189d3	fmin.s	f19,f3,f2	  f3:0x80040fe4  f2:0x80000000 f19=0x80040fe4
      86035.000 ns	      8602	80001ea8	d01fabd3	fcvt.s.wu	f23,x31	 x31:0x00000000 f23=0x00000000
      86055.000 ns	      8604	80001eac	23725f17	auipc	x30,0x23725	 x30=0xa3726eac
      86075.000 ns	      8606	80001eb0	030c1733	mulh	x14,x24,x16	 x24:0x80040fe4 x16:0x65efee58 x14=0xcd09a6e7
      86105.000 ns	      8609	80001eb4	209f1ed3	fsgnjn.s	f29,f30,f9	 f30:0x80000000  f9:0xffc00000 f29=0x00000000
      86125.000 ns	      8611	80001eb8	406edf33	sra	x30,x29,x6	 x29:0xce023f40  x6:0x00000001 x30=0xe7011fa0
      86145.000 ns	      8613	80001ebc	032528b3	mulhsu	x17,x10,x18	 x10:0x00000000 x18:0x00000000 x17=0x00000000
      86175.000 ns	      8616	80001ec0	f00b0553	fmv.w.x	f10,x22	 x22:0x00000001 f10=0x00000001
      86205.000 ns	      8619	80001ec4	a1fea653	feq.s	x12,f29,f31	 f29:0x00000000 f31:0x80040fe4 x12=0x00000000
      86235.000 ns	      8622	80001ec8	e0091653	fclass.s	x12,f18	 f18:0x7fc00000 x12=0x00000200
      86265.000 ns	      8625	80001ecc	c00ac2d3	fcvt.w.s	x5,f21	 f21:0xc0000000  x5=0xfffffffe
      86635.000 ns	      8662	80001ed0	02fcec33	rem	x24,x25,x15	 x25:0x00000001 x15:0x80040fe4 x24=0x00000001
      86975.000 ns	      8696	80001ed4	18e188d3	fdiv.s	f17,f3,f14	  f3:0x80040fe4 f14:0x80040fe4 f17=0x3cb78297
      86995.000 ns	      8698	80001ed8	01731633	sll	x12,x6,x23	  x6:0x00000001 x23:0x00000000 x12=0x00000001
      87005.000 ns	      8699	80001edc	5ec5a013	slti	x0,x11,1516	 x11:0x1cabbdf4
      87025.000 ns	      8701	80001ee0	d01bfbd3	fcvt.s.wu	f23,x23	 x23:0x00000000 f23=0x00000000
      87045.000 ns	      8703	80001ee4	405d82b3	sub	x5,x27,x5	 x27:0x00000000  x5:0xfffffffe  x5=0x00000002
      87065.000 ns	      8705	80001ee8	21bf1f53	fsgnjn.s	f30,f30,f27	 f30:0x80000000 f27:0x7fc00000 f30=0x80000000
      87085.000 ns	      8707	80001eec	41fe5cb3	sra	x25,x28,x31	 x28:0x000000ce x31:0x00000000 x25=0x000000ce
      87105.000 ns	      8709	80001ef0	20000ed3	fsgnj.s	f29,f0,f0	  f0:0x00000000  f0:0x00000000 f29=0x00000000
      87125.000 ns	      8711	80001ef4	9735cf13	xori	x30,x11,-1677	 x11:0x1cabbdf4 x30=0xe3544487
      87145.000 ns	      8713	80001ef8	c01900d3	fcvt.wu.s	x1,f18	 f18:0x7fc00000  x1=0xffffffff
      87165.000 ns	      8715	80001efc	d6d77d13	andi	x26,x14,-659	 x14:0xcd09a6e7 x26=0xcd09a465
      87175.000 ns	      8716	80001f00	13d57393	andi	x7,x10,317	 x10:0x00000000  x7=0x00000000
      87185.000 ns	      8717	80001f04	01ff4e33	xor	x28,x30,x31	 x30:0xe3544487 x31:0x00000000 x28=0xe3544487
      87205.000 ns	      8719	80001f08	d01cc7d3	fcvt.s.wu	f15,x25	 x25:0x000000ce f15=0x434e0000
      87235.000 ns	      8722	80001f0c	e0030653	fmv.x.w	x12,f6	  f6:0x7fc00000 x12=0x7fc00000
      87285.000 ns	      8727	80001f10	00f27c53	fadd.s	f24,f4,f15	  f4:0x7fc00000 f15:0x434e0000 f24=0x7fc00000
      87305.000 ns	      8729	80001f14	00b5a433	slt	x8,x11,x11	 x11:0x1cabbdf4 x11:0x1cabbdf4  x8=0x00000000
      87315.000 ns	      8730	80001f18	01c974b3	and	x9,x18,x28	 x18:0x00000000 x28:0xe3544487  x9=0x00000000
      87335.000 ns	      8732	80001f1c	c00bcad3	fcvt.w.s	x21,f23	 f23:0x00000000 x21=0x00000000
      87355.000 ns	      8734	80001f20	0062df13	srli	x30,x5,0x6	  x5:0x00000002 x30=0x00000000
      87365.000 ns	      8735	80001f24	bd9d8293	addi	x5,x27,-1063	 x27:0x00000000  x5=0xfffffbd9
      87375.000 ns	      8736	80001f28	01865433	srl	x8,x12,x24	 x12:0x7fc00000 x24:0x00000001  x8=0x3fe00000
      87385.000 ns	      8737	80001f2c	00679393	slli	x7,x15,0x6	 x15:0x80040fe4  x7=0x0103f900
      87405.000 ns	      8739	80001f30	0295cdb3	div	x27,x11,x9	 x11:0x1cabbdf4  x9:0x00000000 x27=0xffffffff
      87435.000 ns	      8742	80001f34	029f7333	remu	x6,x30,x9	 x30:0x00000000  x9:0x00000000  x6=0x00000000
      87465.000 ns	      8745	80001f38	c00dc653	fcvt.w.s	x12,f27	 f27:0x7fc00000 x12=0x7fffffff
      87485.000 ns	      8747	80001f3c	01f8b433	sltu	x8,x17,x31	 x17:0x00000000 x31:0x00000000  x8=0x00000000
      87505.000 ns	      8749	80001f40	e0008153	fmv.x.w	x2,f1	  f1:0x80040fe4  x2=0x80040fe4
      87545.000 ns	      8753	80001f44	580129d3	fsqrt.s	f19,f2	  f2:0x80000000 f19=0x80000000
      87565.000 ns	      8755	80001f48	6085a013	slti	x0,x11,1544	 x11:0x1cabbdf4
      87575.000 ns	      8756	80001f4c	011d1313	slli	x6,x26,0x11	 x26:0xcd09a465  x6=0x48ca0000
      87585.000 ns	      8757	80001f50	408cd0b3	sra	x1,x25,x8	 x25:0x000000ce  x8:0x00000000  x1=0x000000ce
      87595.000 ns	      8758	80001f54	01663633	sltu	x12,x12,x22	 x12:0x7fffffff x22:0x00000001 x12=0x00000000
      87615.000 ns	      8760	80001f58	e00883d3	fmv.x.w	x7,f17	 f17:0x3cb78297  x7=0x3cb78297
      87645.000 ns	      8763	80001f5c	02c7ae33	mulhsu	x28,x15,x12	 x15:0x80040fe4 x12:0x7fffffff x28=0x00000000
      87675.000 ns	      8766	80001f60	29bc0053	fmin.s	f0,f24,f27	 f24:0x7fc00000 f27:0x7fc00000  f0=0x7fc00000
      87715.000 ns	      8770	80001f64	10b97cd3	fmul.s	f25,f18,f11	 f18:0x7fc00000 f11:0x80000000 f25=0x7fc00000
      87735.000 ns	      8772	80001f68	40cfdc93	srai	x25,x31,0xc	 x31:0x00000000 x25=0x00000000
      87755.000 ns	      8774	80001f6c	e0051b53	fclass.s	x22,f10	 f10:0x00000001 x22=0x00000020
      87775.000 ns	      8776	80001f70	01698fb3	add	x31,x19,x22	 x19:0x80040fe4 x22:0x00000001 x31=0x80041004
      87785.000 ns	      8777	80001f74	dd638e93	addi	x29,x7,-554	  x7:0x3cb78297 x29=0x3cb7806d
      87795.000 ns	      8778	80001f78	40b3d613	srai	x12,x7,0xb	  x7:0x3cb78297 x12=0x000796f0
      87815.000 ns	      8780	80001f7c	03535ab3	divu	x21,x6,x21	  x6:0x48ca0000 x21:0x00000000 x21=0xffffffff
      87835.000 ns	      8782	80001f80	28ec3193	sltiu	x3,x24,654	 x24:0x00000001  x3=0x00000001
      87845.000 ns	      8783	80001f84	00000013	addi	x0,x0,0	  x0:0x00000000
      87855.000 ns	      8784	80001f88	0040f1b3	and	x3,x1,x4	  x1:0x000000ce  x4:0x00000000  x3=0x00000000
      87875.000 ns	      8786	80001f8c	20ea8753	fsgnj.s	f14,f21,f14	 f21:0xc0000000 f14:0x80040fe4 f14=0xc0000000
      87915.000 ns	      8790	80001f90	19c485d3	fdiv.s	f11,f9,f28	  f9:0xffc00000 f28:0x00000003 f11=0x7fc00000
      87935.000 ns	      8792	80001f94	01d63e33	sltu	x28,x12,x29	 x12:0x000796f0 x29:0x3cb7806d x28=0x00000001
      87965.000 ns	      8795	80001f98	580878d3	fsqrt.s	f17,f16	 f16:0x7fc00000 f17=0x7fc00000
      87985.000 ns	      8797	80001f9c	8639bf93	sltiu	x31,x19,-1949	 x19:0x80040fe4 x31=0x00000001
      87995.000 ns	      8798	80001fa0	d027d037	lui	x0,0xd027d	
      88015.000 ns	      8800	80001fa4	29ce18d3	fmax.s	f17,f28,f28	 f28:0x00000003 f28:0x00000003 f17=0x00000003
      88035.000 ns	      8802	80001fa8	01da5333	srl	x6,x20,x29	 x20:0x80041024 x29:0x3cb7806d  x6=0x00040020
      88055.000 ns	      8804	80001fac	2187ac53	fsgnjx.s	f24,f15,f24	 f15:0x434e0000 f24:0x7fc00000 f24=0x434e0000
      88075.000 ns	      8806	80001fb0	6684e713	ori	x14,x9,1640	  x9:0x00000000 x14=0x00000668
      88435.000 ns	      8842	80001fb4	03d7d9b3	divu	x19,x15,x29	 x15:0x80040fe4 x29:0x3cb7806d x19=0x00000002
      88455.000 ns	      8844	80001fb8	406f5a93	srai	x21,x30,0x6	 x30:0x00000000 x21=0x00000000
      88465.000 ns	      8845	80001fbc	002bbf33	sltu	x30,x23,x2	 x23:0x00000000  x2:0x80040fe4 x30=0x00000001
      88475.000 ns	      8846	80001fc0	da837613	andi	x12,x6,-600	  x6:0x00040020 x12=0x00040020
      88495.000 ns	      8848	80001fc4	29438ad3	fmin.s	f21,f7,f20	  f7:0x00000000 f20:0x40000000 f21=0x00000000
      88515.000 ns	      8850	80001fc8	00000013	addi	x0,x0,0	  x0:0x00000000
      88555.000 ns	      8854	80001fcc	0186fc53	fadd.s	f24,f13,f24	 f13:0x40000000 f24:0x434e0000 f24=0x43500000
      88585.000 ns	      8857	80001fd0	02a3abb3	mulhsu	x23,x7,x10	  x7:0x3cb78297 x10:0x00000000 x23=0x00000000
      88615.000 ns	      8860	80001fd4	20b31ed3	fsgnjn.s	f29,f6,f11	  f6:0x7fc00000 f11:0x7fc00000 f29=0xffc00000
      88635.000 ns	      8862	80001fd8	2be5c913	xori	x18,x11,702	 x11:0x1cabbdf4 x18=0x1cabbf4a
      88645.000 ns	      8863	80001fdc	6ccc0d13	addi	x26,x24,1740	 x24:0x00000001 x26=0x000006cd
      88665.000 ns	      8865	80001fe0	033ab1b3	mulhu	x3,x21,x19	 x21:0x00000000 x19:0x00000002  x3=0x00000000
      88695.000 ns	      8868	80001fe4	290b8753	fmin.s	f14,f23,f16	 f23:0x00000000 f16:0x7fc00000 f14=0x00000000
      88715.000 ns	      8870	80001fe8	40dfdab3	sra	x21,x31,x13	 x31:0x00000001 x13:0x00000003 x21=0x00000000
      89045.000 ns	      8903	80001fec	18c78d53	fdiv.s	f26,f15,f12	 f15:0x434e0000 f12:0x00000003 f26=0x7f800000
      89065.000 ns	      8905	80001ff0	000513b3	sll	x7,x10,x0	 x10:0x00000000  x0:0x00000000  x7=0x00000000
      89425.000 ns	      8941	80001ff4	02d473b3	remu	x7,x8,x13	  x8:0x00000000 x13:0x00000003  x7=0x00000000
      89445.000 ns	      8943	80001ff8	4165d613	srai	x12,x11,0x16	 x11:0x1cabbdf4 x12=0x00000072
      89465.000 ns	      8945	80001ffc	a0dc8053	fle.s	x0,f25,f13	 f25:0x7fc00000 f13:0x40000000
      89485.000 ns	      8947	80002000	00370e33	add	x28,x14,x3	 x14:0x00000668  x3:0x00000000 x28=0x00000668
      89495.000 ns	      8948	80002004	017a5733	srl	x14,x20,x23	 x20:0x80041024 x23:0x00000000 x14=0x80041024
      89525.000 ns	      8951	80002008	11d3f153	fmul.s	f2,f7,f29	  f7:0x00000000 f29:0xffc00000  f2=0x7fc00000
      89555.000 ns	      8954	8000200c	a17913d3	flt.s	x7,f18,f23	 f18:0x7fc00000 f23:0x00000000  x7=0x00000000
      89585.000 ns	      8957	80002010	e0068953	fmv.x.w	x18,f13	 f13:0x40000000 x18=0x40000000
      89615.000 ns	      8960	80002014	e00d8ed3	fmv.x.w	x29,f27	 f27:0x7fc00000 x29=0x7fc00000
      89645.000 ns	      8963	80002018	c01378d3	fcvt.wu.s	x17,f6	  f6:0x7fc00000 x17=0xffffffff
      89675.000 ns	      8966	8000201c	c0000b53	fcvt.w.s	x22,f0	  f0:0x7fc00000 x22=0x7fffffff
      89695.000 ns	      8968	80002020	01a19b93	slli	x23,x3,0x1a	  x3:0x00000000 x23=0x00000000
      89715.000 ns	      8970	80002024	f00608d3	fmv.w.x	f17,x12	 x12:0x00000072 f17=0x00000072
      89745.000 ns	      8973	80002028	29431653	fmax.s	f12,f6,f20	  f6:0x7fc00000 f20:0x40000000 f12=0x40000000
      89765.000 ns	      8975	8000202c	00e401b3	add	x3,x8,x14	  x8:0x00000000 x14:0x80041024  x3=0x80041024
      90125.000 ns	      9011	80002030	0322dab3	divu	x21,x5,x18	  x5:0xfffffbd9 x18:0x40000000 x21=0x00000003
      90155.000 ns	      9014	80002034	28688953	fmin.s	f18,f17,f6	 f17:0x00000072  f6:0x7fc00000 f18=0x00000072
      90185.000 ns	      9017	80002038	e00a0c53	fmv.x.w	x24,f20	 f20:0x40000000 x24=0x40000000
      90555.000 ns	      9054	8000203c	02c4d133	divu	x2,x9,x12	  x9:0x00000000 x12:0x00000072  x2=0x00000000
      90575.000 ns	      9056	80002040	00281093	slli	x1,x16,0x2	 x16:0x65efee58  x1=0x97bfb960
      90935.000 ns	      9092	80002044	03c8f233	remu	x4,x17,x28	 x17:0xffffffff x28:0x00000668  x4=0x0000032f
      90965.000 ns	      9095	80002048	e00594d3	fclass.s	x9,f11	 f11:0x7fc00000  x9=0x00000200
      90995.000 ns	      9098	8000204c	28250ad3	fmin.s	f21,f10,f2	 f10:0x00000001  f2:0x7fc00000 f21=0x00000001
      91015.000 ns	      9100	80002050	4006dd33	sra	x26,x13,x0	 x13:0x00000003  x0:0x00000000 x26=0x00000003
      91025.000 ns	      9101	80002054	41e603b3	sub	x7,x12,x30	 x12:0x00000072 x30:0x00000001  x7=0x00000071
      91035.000 ns	      9102	80002058	01c5b4b3	sltu	x9,x11,x28	 x11:0x1cabbdf4 x28:0x00000668  x9=0x00000000
      91045.000 ns	      9103	8000205c	e3346913	ori	x18,x8,-461	  x8:0x00000000 x18=0xfffffe33
      91055.000 ns	      9104	80002060	00359c13	slli	x24,x11,0x3	 x11:0x1cabbdf4 x24=0xe55defa0
      91075.000 ns	      9106	80002064	d00ffcd3	fcvt.s.w	f25,x31	 x31:0x00000001 f25=0x3f800000
      91105.000 ns	      9109	80002068	a0770ed3	fle.s	x29,f14,f7	 f14:0x00000000  f7:0x00000000 x29=0x00000001
      91475.000 ns	      9146	8000206c	027bfe33	remu	x28,x23,x7	 x23:0x00000000  x7:0x00000071 x28=0x00000000
      91505.000 ns	      9149	80002070	202f2a53	fsgnjx.s	f20,f30,f2	 f30:0x80000000  f2:0x7fc00000 f20=0x80000000
      91875.000 ns	      9186	80002074	024efd33	remu	x26,x29,x4	 x29:0x00000001  x4:0x0000032f x26=0x00000001
      91905.000 ns	      9189	80002078	d00c8853	fcvt.s.w	f16,x25	 x25:0x00000000 f16=0x00000000
      91935.000 ns	      9192	8000207c	29f51753	fmax.s	f14,f10,f31	 f10:0x00000001 f31:0x80040fe4 f14=0x00000001
      93115.000 ns	      9310	80002080	5806add3	fsqrt.s	f27,f13	 f13:0x40000000 f27=0x3f350482
      93135.000 ns	      9312	80002084	e5acbd13	sltiu	x26,x25,-422	 x25:0x00000000 x26=0x00000001
      93155.000 ns	      9314	80002088	d0021fd3	fcvt.s.w	f31,x4	  x4:0x0000032f f31=0x444bc000
      93175.000 ns	      9316	8000208c	9668ad93	slti	x27,x17,-1690	 x17:0xffffffff x27=0x00000000
      93185.000 ns	      9317	80002090	01755cb3	srl	x25,x10,x23	 x10:0x00000000 x23:0x00000000 x25=0x00000000
      93195.000 ns	      9318	80002094	0119cc33	xor	x24,x19,x17	 x19:0x00000002 x17:0xffffffff x24=0xfffffffd
      93205.000 ns	      9319	80002098	0027f033	and	x0,x15,x2	 x15:0x80040fe4  x2:0x00000000
      93225.000 ns	      9321	8000209c	02b4b133	mulhu	x2,x9,x11	  x9:0x00000000 x11:0x1cabbdf4  x2=0x00000000
      93255.000 ns	      9324	800020a0	c0051e53	fcvt.w.s	x28,f10	 f10:0x00000001 x28=0x00000000
      93275.000 ns	      9326	800020a4	01cb84b3	add	x9,x23,x28	 x23:0x00000000 x28:0x00000000  x9=0x00000000
      93285.000 ns	      9327	800020a8	d5b07e17	auipc	x28,0xd5b07	 x28=0x55b090a8
      93295.000 ns	      9328	800020ac	417fddb3	sra	x27,x31,x23	 x31:0x00000001 x23:0x00000000 x27=0x00000001
      93305.000 ns	      9329	800020b0	b9346a93	ori	x21,x8,-1133	  x8:0x00000000 x21=0xfffffb93
      93325.000 ns	      9331	800020b4	02918eb3	mul	x29,x3,x9	  x3:0x80041024  x9:0x00000000 x29=0x00000000
      93345.000 ns	      9333	800020b8	85d28913	addi	x18,x5,-1955	  x5:0xfffffbd9 x18=0xfffff436
      93355.000 ns	      9334	800020bc	00d4f1b3	and	x3,x9,x13	  x9:0x00000000 x13:0x00000003  x3=0x00000000
      93395.000 ns	      9338	800020c0	0066f4d3	fadd.s	f9,f13,f6	 f13:0x40000000  f6:0x7fc00000  f9=0x7fc00000
      93415.000 ns	      9340	800020c4	9a766713	ori	x14,x12,-1625	 x12:0x00000072 x14=0xfffff9f7
      93435.000 ns	      9342	800020c8	c00bf753	fcvt.w.s	x14,f23	 f23:0x00000000 x14=0x00000000
      93455.000 ns	      9344	800020cc	41648fb3	sub	x31,x9,x22	  x9:0x00000000 x22:0x7fffffff x31=0x80000001
      93465.000 ns	      9345	800020d0	fc74bf93	sltiu	x31,x9,-57	  x9:0x00000000 x31=0x00000001
      93475.000 ns	      9346	800020d4	2849a597	auipc	x11,0x2849a	 x11=0xa849c0d4
      93835.000 ns	      9382	800020d8	033fcab3	div	x21,x31,x19	 x31:0x80000001 x19:0x00000002 x21=0x00000000
      93855.000 ns	      9384	800020dc	01c2eb33	or	x22,x5,x28	  x5:0xfffffbd9 x28:0x55b090a8 x22=0xfffffbf9
      93875.000 ns	      9386	800020e0	03edafb3	mulhsu	x31,x27,x30	 x27:0x00000001 x30:0x00000001 x31=0x00000000
      93905.000 ns	      9389	800020e4	c007f853	fcvt.w.s	x16,f15	 f15:0x434e0000 x16=0x000000ce
      93935.000 ns	      9392	800020e8	a0f82ed3	feq.s	x29,f16,f15	 f16:0x00000000 f15:0x434e0000 x29=0x00000000
      93955.000 ns	      9394	800020ec	009f2f33	slt	x30,x30,x9	 x30:0x00000001  x9:0x00000000 x30=0x00000000
      94285.000 ns	      9427	800020f0	19f41353	fdiv.s	f6,f8,f31	  f8:0x40000000 f31:0x444bc000  f6=0x3b215b84
      94305.000 ns	      9429	800020f4	1f916913	ori	x18,x2,505	  x2:0x00000000 x18=0x000001f9
      94325.000 ns	      9431	800020f8	c00142d3	fcvt.w.s	x5,f2	  f2:0x7fc00000  x5=0x7fffffff
      94345.000 ns	      9433	800020fc	00289bb3	sll	x23,x17,x2	 x17:0xffffffff  x2:0x00000000 x23=0xffffffff
      94355.000 ns	      9434	80002100	01971433	sll	x8,x14,x25	 x14:0x00000000 x25:0x00000000  x8=0x00000000
      94365.000 ns	      9435	80002104	31047293	andi	x5,x8,784	  x8:0x00000000  x5=0x00000000
      94375.000 ns	      9436	80002108	409e08b3	sub	x17,x28,x9	 x28:0x55b090a8  x9:0x00000000 x17=0x55b090a8
      94415.000 ns	      9440	8000210c	0097a453	fadd.s	f8,f15,f9	 f15:0x434e0000  f9:0x7fc00000  f8=0x7fc00000
      94465.000 ns	      9445	80002110	08a52053	fsub.s	f0,f10,f10	 f10:0x00000001 f10:0x00000001  f0=0x80000000
      94495.000 ns	      9448	80002114	0346b8b3	mulhu	x17,x13,x20	 x13:0x00000003 x20:0x80041024 x17=0x00000001
      94525.000 ns	      9451	80002118	a1bb03d3	fle.s	x7,f22,f27	 f22:0x00040fe4 f27:0x3f350482  x7=0x00000001
      94545.000 ns	      9453	8000211c	37c8e613	ori	x12,x17,892	 x17:0x00000001 x12=0x0000037d
      94555.000 ns	      9454	80002120	008843b3	xor	x7,x16,x8	 x16:0x000000ce  x8:0x00000000  x7=0x000000ce
      94575.000 ns	      9456	80002124	03914c33	div	x24,x2,x25	  x2:0x00000000 x25:0x00000000 x24=0xffffffff
      94605.000 ns	      9459	80002128	d00ba9d3	fcvt.s.w	f19,x23	 x23:0xffffffff f19=0xbf800000
      94625.000 ns	      9461	8000212c	007d54b3	srl	x9,x26,x7	 x26:0x00000001  x7:0x000000ce  x9=0x00000000
      94635.000 ns	      9462	80002130	4043d1b3	sra	x3,x7,x4	  x7:0x000000ce  x4:0x0000032f  x3=0x00000000
      94655.000 ns	      9464	80002134	e0080f53	fmv.x.w	x30,f16	 f16:0x00000000 x30=0x00000000
      94685.000 ns	      9467	80002138	f00e0f53	fmv.w.x	f30,x28	 x28:0x55b090a8 f30=0x55b090a8
      94735.000 ns	      9472	8000213c	08c73dd3	fsub.s	f27,f14,f12	 f14:0x00000001 f12:0x40000000 f27=0xc0000000
      94755.000 ns	      9474	80002140	00f21bb3	sll	x23,x4,x15	  x4:0x0000032f x15:0x80040fe4 x23=0x000032f0
      94765.000 ns	      9475	80002144	61fcc717	auipc	x14,0x61fcc	 x14=0xe1fce144
      94785.000 ns	      9477	80002148	c012f053	fcvt.wu.s	x0,f5	  f5:0x7fc00000
      94815.000 ns	      9480	8000214c	c018ff53	fcvt.wu.s	x30,f17	 f17:0x00000072 x30=0x00000000
      94835.000 ns	      9482	80002150	00a8f333	and	x6,x17,x10	 x17:0x00000001 x10:0x00000000  x6=0x00000000
      94845.000 ns	      9483	80002154	00643033	sltu	x0,x8,x6	  x8:0x00000000  x6:0x00040020
      94865.000 ns	      9485	80002158	031a9eb3	mulh	x29,x21,x17	 x21:0x00000000 x17:0x00000001 x29=0x00000000
      94885.000 ns	      9487	8000215c	c158a193	slti	x3,x17,-1003	 x17:0x00000001  x3=0x00000000
      94895.000 ns	      9488	80002160	02bf8517	auipc	x10,0x2bf8	 x10=0x82bfa160
      94915.000 ns	      9490	80002164	03522ab3	mulhsu	x21,x4,x21	  x4:0x0000032f x21:0x00000000 x21=0x00000000
      95285.000 ns	      9527	80002168	0307c1b3	div	x3,x15,x16	 x15:0x80040fe4 x16:0x000000ce  x3=0xff60f3a7
      95325.000 ns	      9531	8000216c	5800fb53	fsqrt.s	f22,f1	  f1:0x80040fe4 f22=0x7fc00000
      95355.000 ns	      9534	80002170	2142a853	fsgnjx.s	f16,f5,f20	  f5:0x7fc00000 f20:0x80000000 f16=0xffc00000
      95385.000 ns	      9537	80002174	d00b7153	fcvt.s.w	f2,x22	 x22:0xfffffbf9  f2=0xc480e000
      95415.000 ns	      9540	80002178	a0182b53	feq.s	x22,f16,f1	 f16:0xffc00000  f1:0x80040fe4 x22=0x00000000
      95435.000 ns	      9542	8000217c	cd908b13	addi	x22,x1,-807	  x1:0x97bfb960 x22=0x97bfb639
      95445.000 ns	      9543	80002180	012d8b33	add	x22,x27,x18	 x27:0x00000001 x18:0x000001f9 x22=0x000001fa
      95455.000 ns	      9544	80002184	0016cbb3	xor	x23,x13,x1	 x13:0x00000003  x1:0x97bfb960 x23=0x97bfb963
      95475.000 ns	      9546	80002188	20830b53	fsgnj.s	f22,f6,f8	  f6:0x3b215b84  f8:0x7fc00000 f22=0x3b215b84
      95505.000 ns	      9549	8000218c	d0122253	fcvt.s.wu	f4,x4	  x4:0x0000032f  f4=0x444bc000
      95525.000 ns	      9551	80002190	40955b33	sra	x22,x10,x9	 x10:0x82bfa160  x9:0x00000000 x22=0x82bfa160
      95535.000 ns	      9552	80002194	c50f34b7	lui	x9,0xc50f3	  x9=0xc50f3000
      95545.000 ns	      9553	80002198	01305213	srli	x4,x0,0x13	  x0:0x00000000  x4=0x00000000
      95555.000 ns	      9554	8000219c	39362f93	slti	x31,x12,915	 x12:0x0000037d x31=0x00000001
      95575.000 ns	      9556	800021a0	a0872fd3	feq.s	x31,f14,f8	 f14:0x00000001  f8:0x7fc00000 x31=0x00000000
      95595.000 ns	      9558	800021a4	3a3fc113	xori	x2,x31,931	 x31:0x00000000  x2=0x000003a3
      95605.000 ns	      9559	800021a8	01a28f33	add	x30,x5,x26	  x5:0x00000000 x26:0x00000001 x30=0x00000001
      95625.000 ns	      9561	800021ac	02d8adb3	mulhsu	x27,x17,x13	 x17:0x00000001 x13:0x00000003 x27=0x00000000
      95675.000 ns	      9566	800021b0	00da34d3	fadd.s	f9,f20,f13	 f20:0x80000000 f13:0x40000000  f9=0x40000000
      95695.000 ns	      9568	800021b4	00b858b3	srl	x17,x16,x11	 x16:0x000000ce x11:0xa849c0d4 x17=0x00000000
      95715.000 ns	      9570	800021b8	28d218d3	fmax.s	f17,f4,f13	  f4:0x444bc000 f13:0x40000000 f17=0x444bc000
      95735.000 ns	      9572	800021bc	402add33	sra	x26,x21,x2	 x21:0x00000000  x2:0x000003a3 x26=0x00000000
      95755.000 ns	      9574	800021c0	20839d53	fsgnjn.s	f26,f7,f8	  f7:0x00000000  f8:0x7fc00000 f26=0x80000000
      95775.000 ns	      9576	800021c4	01e50f33	add	x30,x10,x30	 x10:0x82bfa160 x30:0x00000001 x30=0x82bfa161
      95785.000 ns	      9577	800021c8	18356593	ori	x11,x10,387	 x10:0x82bfa160 x11=0x82bfa1e3
      95795.000 ns	      9578	800021cc	017b9293	slli	x5,x23,0x17	 x23:0x97bfb963  x5=0xb1800000
      95815.000 ns	      9580	800021d0	c008f9d3	fcvt.w.s	x19,f17	 f17:0x444bc000 x19=0x0000032f
      95835.000 ns	      9582	800021d4	4071d433	sra	x8,x3,x7	  x3:0xff60f3a7  x7:0x000000ce  x8=0xfffffd83
      95845.000 ns	      9583	800021d8	0051c9b3	xor	x19,x3,x5	  x3:0xff60f3a7  x5:0xb1800000 x19=0x4ee0f3a7
      95855.000 ns	      9584	800021dc	005ad413	srli	x8,x21,0x5	 x21:0x00000000  x8=0x00000000
      95865.000 ns	      9585	800021e0	018e5093	srli	x1,x28,0x18	 x28:0x55b090a8  x1=0x00000055
      95875.000 ns	      9586	800021e4	01f65213	srli	x4,x12,0x1f	 x12:0x0000037d  x4=0x00000000
      95885.000 ns	      9587	800021e8	016b9533	sll	x10,x23,x22	 x23:0x97bfb963 x22:0x82bfa160 x10=0x97bfb963
      95905.000 ns	      9589	800021ec	205d27d3	fsgnjx.s	f15,f26,f5	 f26:0x80000000  f5:0x7fc00000 f15=0x80000000
      95935.000 ns	      9592	800021f0	03db2e33	mulhsu	x28,x22,x29	 x22:0x82bfa160 x29:0x00000000 x28=0x00000000
      95955.000 ns	      9594	800021f4	0095b233	sltu	x4,x11,x9	 x11:0x82bfa1e3  x9:0xc50f3000  x4=0x00000001
      95965.000 ns	      9595	800021f8	1420f293	andi	x5,x1,322	  x1:0x00000055  x5=0x00000040
      95975.000 ns	      9596	800021fc	40155293	srai	x5,x10,0x1	 x10:0x97bfb963  x5=0xcbdfdcb1
      95995.000 ns	      9598	80002200	0233a433	mulhsu	x8,x7,x3	  x7:0x000000ce  x3:0xff60f3a7  x8=0x000000cd
      96015.000 ns	      9600	80002204	6ccc8c93	addi	x25,x25,1740	 x25:0x00000000 x25=0x000006cc
      96035.000 ns	      9602	80002208	03cba8b3	mulhsu	x17,x23,x28	 x23:0x97bfb963 x28:0x00000000 x17=0x00000000
      96065.000 ns	      9605	8000220c	0372b433	mulhu	x8,x5,x23	  x5:0xcbdfdcb1 x23:0x97bfb963  x8=0x78d9bad5
      96095.000 ns	      9608	80002210	e0079553	fclass.s	x10,f15	 f15:0x80000000 x10=0x00000008
      96115.000 ns	      9610	80002214	00972033	slt	x0,x14,x9	 x14:0xe1fce144  x9:0xc50f3000
      96125.000 ns	      9611	80002218	406d8b33	sub	x22,x27,x6	 x27:0x00000000  x6:0x00000000 x22=0x00000000
      96145.000 ns	      9613	8000221c	a02603d3	fle.s	x7,f12,f2	 f12:0x40000000  f2:0xc480e000  x7=0x00000000
      96165.000 ns	      9615	80002220	016dd0b3	srl	x1,x27,x22	 x27:0x00000000 x22:0x82bfa160  x1=0x00000000
      96175.000 ns	      9616	80002224	41035d93	srai	x27,x6,0x10	  x6:0x00000000 x27=0x00000000
      96195.000 ns	      9618	80002228	a0eeaad3	feq.s	x21,f29,f14	 f29:0xffc00000 f14:0x00000001 x21=0x00000000
      96215.000 ns	      9620	8000222c	9348c293	xori	x5,x17,-1740	 x17:0x00000000  x5=0xfffff934
      96255.000 ns	      9624	80002230	0091fdd3	fadd.s	f27,f3,f9	  f3:0x80040fe4  f9:0x40000000 f27=0x40000000
      96285.000 ns	      9627	80002234	a13315d3	flt.s	x11,f6,f19	  f6:0x3b215b84 f19:0xbf800000 x11=0x00000000
      96335.000 ns	      9632	80002238	0828fed3	fsub.s	f29,f17,f2	 f17:0x444bc000  f2:0xc480e000 f29=0x44e6c000
      96365.000 ns	      9635	8000223c	a1c60853	fle.s	x16,f12,f28	 f12:0x40000000 f28:0x00000003 x16=0x00000000
      96385.000 ns	      9637	80002240	00000013	addi	x0,x0,0	  x0:0x00000000
      96405.000 ns	      9639	80002244	a1da9753	flt.s	x14,f21,f29	 f21:0x00000001 f29:0x44e6c000 x14=0x00000001
      96445.000 ns	      9643	80002248	100c7d53	fmul.s	f26,f24,f0	 f24:0x43500000  f0:0x80000000 f26=0x80000000
      96475.000 ns	      9646	8000224c	d00c4bd3	fcvt.s.w	f23,x24	 x24:0xffffffff f23=0xbf800000
      96515.000 ns	      9650	80002250	183872d3	fdiv.s	f5,f16,f3	 f16:0xffc00000  f3:0x80040fe4  f5=0x7fc00000
      96535.000 ns	      9652	80002254	01921f33	sll	x30,x4,x25	  x4:0x00000001 x25:0x000006cc x30=0x00001000
      96555.000 ns	      9654	80002258	038180b3	mul	x1,x3,x24	  x3:0xff60f3a7 x24:0xffffffff  x1=0x009f0c59
      96575.000 ns	      9656	8000225c	0027dfb3	srl	x31,x15,x2	 x15:0x80040fe4  x2:0x000003a3 x31=0x100081fc
      96595.000 ns	      9658	80002260	2040a053	fsgnjx.s	f0,f1,f4	  f1:0x80040fe4  f4:0x444bc000  f0=0x80040fe4
      96625.000 ns	      9661	80002264	e00e09d3	fmv.x.w	x19,f28	 f28:0x00000003 x19=0x00000003
      96655.000 ns	      9664	80002268	28358553	fmin.s	f10,f11,f3	 f11:0x7fc00000  f3:0x80040fe4 f10=0x80040fe4
      96675.000 ns	      9666	8000226c	01599eb3	sll	x29,x19,x21	 x19:0x00000003 x21:0x00000000 x29=0x00000003
      96685.000 ns	      9667	80002270	44612713	slti	x14,x2,1094	  x2:0x000003a3 x14=0x00000001
      96725.000 ns	      9671	80002274	016f01d3	fadd.s	f3,f30,f22	 f30:0x55b090a8 f22:0x3b215b84  f3=0x55b090a8
      96755.000 ns	      9674	80002278	203a0953	fsgnj.s	f18,f20,f3	 f20:0x80000000  f3:0x80040fe4 f18=0x00000000
      96775.000 ns	      9676	8000227c	01c2d4b3	srl	x9,x5,x28	  x5:0xfffff934 x28:0x00000000  x9=0xfffff934
      97105.000 ns	      9709	80002280	193670d3	fdiv.s	f1,f12,f19	 f12:0x40000000 f19:0xbf800000  f1=0xbf845ede
      97135.000 ns	      9712	80002284	c0157ad3	fcvt.wu.s	x21,f10	 f10:0x80040fe4 x21=0x00000000
      97155.000 ns	      9714	80002288	00000013	addi	x0,x0,0	  x0:0x00000000
      97165.000 ns	      9715	8000228c	41d80bb3	sub	x23,x16,x29	 x16:0x00000000 x29:0x00000003 x23=0xfffffffd
      97175.000 ns	      9716	80002290	40d10e33	sub	x28,x2,x13	  x2:0x000003a3 x13:0x00000003 x28=0x000003a0
      97195.000 ns	      9718	80002294	03d2b533	mulhu	x10,x5,x29	  x5:0xfffff934 x29:0x00000003 x10=0x00000002
      97215.000 ns	      9720	80002298	09747b13	andi	x22,x8,151	  x8:0x78d9bad5 x22=0x00000095
      97235.000 ns	      9722	8000229c	f00280d3	fmv.w.x	f1,x5	  x5:0xfffff934  f1=0xfffff934
      97265.000 ns	      9725	800022a0	0312d533	divu	x10,x5,x17	  x5:0xfffff934 x17:0x00000000 x10=0xffffffff
      97285.000 ns	      9727	800022a4	744fa813	slti	x16,x31,1860	 x31:0x100081fc x16=0x00000000
      97645.000 ns	      9763	800022a8	033fe8b3	rem	x17,x31,x19	 x31:0x100081fc x19:0x00000003 x17=0x00000001
      97675.000 ns	      9766	800022ac	20129553	fsgnjn.s	f10,f5,f1	  f5:0x7fc00000  f1:0xfffff934 f10=0x7fc00000
      98045.000 ns	      9803	800022b0	02d4fcb3	remu	x25,x9,x13	  x9:0xfffff934 x13:0x00000003 x25=0x00000001
      98065.000 ns	      9805	800022b4	fa552713	slti	x14,x10,-91	 x10:0xffffffff x14=0x00000000
      98075.000 ns	      9806	800022b8	cd504f93	xori	x31,x0,-811	  x0:0x00000000 x31=0xfffffcd5
      98085.000 ns	      9807	800022bc	01f75e93	srli	x29,x14,0x1f	 x14:0x00000001 x29=0x00000000
      98095.000 ns	      9808	800022c0	273ae997	auipc	x19,0x273ae	 x19=0xa73b02c0
      98105.000 ns	      9809	800022c4	0067a833	slt	x16,x15,x6	 x15:0x80040fe4  x6:0x00000000 x16=0x00000001
      98115.000 ns	      9810	800022c8	0196a5b3	slt	x11,x13,x25	 x13:0x00000003 x25:0x00000001 x11=0x00000000
      98125.000 ns	      9811	800022cc	40765813	srai	x16,x12,0x7	 x12:0x0000037d x16=0x00000006
      98135.000 ns	      9812	800022d0	7d9eb493	sltiu	x9,x29,2009	 x29:0x00000000  x9=0x00000001
      98145.000 ns	      9813	800022d4	00c875b3	and	x11,x16,x12	 x16:0x00000001 x12:0x0000037d x11=0x00000004
      98155.000 ns	      9814	800022d8	8bfa9e37	lui	x28,0x8bfa9	 x28=0x8bfa9000
      98195.000 ns	      9818	800022dc	093f7ad3	fsub.s	f21,f30,f19	 f30:0x55b090a8 f19:0xbf800000 f21=0x55b090a8
      98215.000 ns	      9820	800022e0	41a25633	sra	x12,x4,x26	  x4:0x00000001 x26:0x00000000 x12=0x00000001
      98235.000 ns	      9822	800022e4	02750733	mul	x14,x10,x7	 x10:0xffffffff  x7:0x00000000 x14=0x00000000
      98605.000 ns	      9859	800022e8	0314f733	remu	x14,x9,x17	  x9:0x00000001 x17:0x00000001 x14=0x00000000
      98635.000 ns	      9862	800022ec	a121a953	feq.s	x18,f3,f18	  f3:0x55b090a8 f18:0x00000000 x18=0x00000000
      98685.000 ns	      9867	800022f0	010ff353	fadd.s	f6,f31,f16	 f31:0x444bc000 f16:0xffc00000  f6=0x7fc00000
      98705.000 ns	      9869	800022f4	014fc0b3	xor	x1,x31,x20	 x31:0xfffffcd5 x20:0x80041024  x1=0x7ffbecf1
      98745.000 ns	      9873	800022f8	012198d3	fadd.s	f17,f3,f18	  f3:0x55b090a8 f18:0x00000000 f17=0x55b090a8
      98775.000 ns	      9876	800022fc	a0331cd3	flt.s	x25,f6,f3	  f6:0x7fc00000  f3:0x55b090a8 x25=0x00000000
      98805.000 ns	      9879	80002300	d01b3553	fcvt.s.wu	f10,x22	 x22:0x00000095 f10=0x43150000
      98825.000 ns	      9881	80002304	00ac1033	sll	x0,x24,x10	 x24:0xffffffff x10:0xffffffff
      98855.000 ns	      9884	80002308	18d97053	fdiv.s	f0,f18,f13	 f18:0x00000000 f13:0x40000000  f0=0x00000000
      98895.000 ns	      9888	8000230c	19247dd3	fdiv.s	f27,f8,f18	  f8:0x7fc00000 f18:0x00000000 f27=0x7fc00000
      98935.000 ns	      9892	80002310	106b3853	fmul.s	f16,f22,f6	 f22:0x3b215b84  f6:0x7fc00000 f16=0x7fc00000
      98965.000 ns	      9895	80002314	d00c23d3	fcvt.s.w	f7,x24	 x24:0xffffffff  f7=0xbf800000
      98995.000 ns	      9898	80002318	e00c9153	fclass.s	x2,f25	 f25:0x3f800000  x2=0x00000040
      99365.000 ns	      9935	8000231c	03837833	remu	x16,x6,x24	  x6:0x00000000 x24:0xffffffff x16=0x00000000
      99395.000 ns	      9938	80002320	a0079053	flt.s	x0,f15,f0	 f15:0x80000000  f0:0x00000000
      99415.000 ns	      9940	80002324	00489433	sll	x8,x17,x4	 x17:0x00000001  x4:0x00000001  x8=0x00000002
      99425.000 ns	      9941	80002328	8d2d9f97	auipc	x31,0x8d2d9	 x31=0x0d2db328
      99435.000 ns	      9942	8000232c	3045ef13	ori	x30,x11,772	 x11:0x00000004 x30=0x00000304
      99455.000 ns	      9944	80002330	a0601953	flt.s	x18,f0,f6	  f0:0x00000000  f6:0x7fc00000 x18=0x00000000
      99495.000 ns	      9948	80002334	11cef1d3	fmul.s	f3,f29,f28	 f29:0x44e6c000 f28:0x00000003  f3=0x000015a3
      99515.000 ns	      9950	80002338	d38eaa93	slti	x21,x29,-712	 x29:0x00000000 x21=0x00000000
      99535.000 ns	      9952	8000233c	c011f353	fcvt.wu.s	x6,f3	  f3:0x000015a3  x6=0x00000000
      99555.000 ns	      9954	80002340	dc8e4993	xori	x19,x28,-568	 x28:0x8bfa9000 x19=0x74056dc8
      99565.000 ns	      9955	80002344	41e8ddb3	sra	x27,x17,x30	 x17:0x00000001 x30:0x00000304 x27=0x00000000
      99925.000 ns	      9991	80002348	0316c733	div	x14,x13,x17	 x13:0x00000003 x17:0x00000001 x14=0x00000003
      99945.000 ns	      9993	8000234c	d41a3613	sltiu	x12,x20,-703	 x20:0x80041024 x12=0x00000001
      99965.000 ns	      9995	80002350	d00ba6d3	fcvt.s.w	f13,x23	 x23:0xfffffffd f13=0xc0400000
      99985.000 ns	      9997	80002354	01bc8333	add	x6,x25,x27	 x25:0x00000000 x27:0x00000000  x6=0x00000000
      99995.000 ns	      9998	80002358	13454437	lui	x8,0x13454	  x8=0x13454000
     100015.000 ns	     10000	8000235c	03c90d33	mul	x26,x18,x28	 x18:0x00000000 x28:0x8bfa9000 x26=0x00000000
     100045.000 ns	     10003	80002360	e00502d3	fmv.x.w	x5,f10	 f10:0x43150000  x5=0x43150000
     100415.000 ns	     10040	80002364	02d36cb3	rem	x25,x6,x13	  x6:0x00000000 x13:0x00000003 x25=0x00000000
     100445.000 ns	     10043	80002368	f00f0353	fmv.w.x	f6,x30	 x30:0x00000304  f6=0x00000304
     100465.000 ns	     10045	8000236c	392f0313	addi	x6,x30,914	 x30:0x00000304  x6=0x00000696
     100475.000 ns	     10046	80002370	0146a933	slt	x18,x13,x20	 x13:0x00000003 x20:0x80041024 x18=0x00000000
     100485.000 ns	     10047	80002374	00000013	addi	x0,x0,0	  x0:0x00000000
     100505.000 ns	     10049	80002378	03d2a133	mulhsu	x2,x5,x29	  x5:0x43150000 x29:0x00000000  x2=0x00000000
     100525.000 ns	     10051	8000237c	01c01ab3	sll	x21,x0,x28	  x0:0x00000000 x28:0x8bfa9000 x21=0x00000000
     100545.000 ns	     10053	80002380	03fa9c33	mulh	x24,x21,x31	 x21:0x00000000 x31:0x0d2db328 x24=0x00000000
     100575.000 ns	     10056	80002384	c0087953	fcvt.w.s	x18,f16	 f16:0x7fc00000 x18=0x7fffffff
     100605.000 ns	     10059	80002388	c00f79d3	fcvt.w.s	x19,f30	 f30:0x55b090a8 x19=0x7fffffff
     100975.000 ns	     10096	8000238c	02e6d4b3	divu	x9,x13,x14	 x13:0x00000003 x14:0x00000003  x9=0x00000001
     100995.000 ns	     10098	80002390	0131b1b3	sltu	x3,x3,x19	  x3:0xff60f3a7 x19:0x7fffffff  x3=0x00000000
     101015.000 ns	     10100	80002394	a0ab2353	feq.s	x6,f22,f10	 f22:0x3b215b84 f10:0x43150000  x6=0x00000000
     101035.000 ns	     10102	80002398	01826b33	or	x22,x4,x24	  x4:0x00000001 x24:0x00000000 x22=0x00000001
     101045.000 ns	     10103	8000239c	018023b3	slt	x7,x0,x24	  x0:0x00000000 x24:0x00000000  x7=0x00000000
     101055.000 ns	     10104	800023a0	2e879d97	auipc	x27,0x2e879	 x27=0xae87b3a0
     101075.000 ns	     10106	800023a4	02969833	mulh	x16,x13,x9	 x13:0x00000003  x9:0x00000001 x16=0x00000000
     101105.000 ns	     10109	800023a8	282e8053	fmin.s	f0,f29,f2	 f29:0x44e6c000  f2:0xc480e000  f0=0xc480e000
     101125.000 ns	     10111	800023ac	40ebddb3	sra	x27,x23,x14	 x23:0xfffffffd x14:0x00000003 x27=0xffffffff
     101155.000 ns	     10114	800023b0	117ef853	fmul.s	f16,f29,f23	 f29:0x44e6c000 f23:0xbf800000 f16=0xc4e6c000
     101525.000 ns	     10151	800023b4	03765733	divu	x14,x12,x23	 x12:0x00000001 x23:0xfffffffd x14=0x00000000
     101545.000 ns	     10153	800023b8	ae772213	slti	x4,x14,-1305	 x14:0x00000003  x4=0x00000000
     101555.000 ns	     10154	800023bc	00900333	add	x6,x0,x9	  x0:0x00000000  x9:0x00000001  x6=0x00000001
     101575.000 ns	     10156	800023c0	02fd03b3	mul	x7,x26,x15	 x26:0x00000000 x15:0x80040fe4  x7=0x00000000
     101595.000 ns	     10158	800023c4	07e115b7	lui	x11,0x7e11	 x11=0x07e11000
     101615.000 ns	     10160	800023c8	03a56233	rem	x4,x10,x26	 x10:0xffffffff x26:0x00000000  x4=0xffffffff
     101655.000 ns	     10164	800023cc	580bc1d3	fsqrt.s	f3,f23	 f23:0xbf800000  f3=0x7fc00000
     101675.000 ns	     10166	800023d0	07c14513	xori	x10,x2,124	  x2:0x00000000 x10=0x0000007c
     101695.000 ns	     10168	800023d4	c0000e53	fcvt.w.s	x28,f0	  f0:0xc480e000 x28=0xfffffbf9
     101715.000 ns	     10170	800023d8	726a2113	slti	x2,x20,1830	 x20:0x80041024  x2=0x00000001
     101735.000 ns	     10172	800023dc	21e898d3	fsgnjn.s	f17,f17,f30	 f17:0x55b090a8 f30:0x55b090a8 f17=0xd5b090a8
     101765.000 ns	     10175	800023e0	02910233	mul	x4,x2,x9	  x2:0x00000000  x9:0x00000001  x4=0x00000001
     101795.000 ns	     10178	800023e4	f00901d3	fmv.w.x	f3,x18	 x18:0x7fffffff  f3=0x7fffffff
     101815.000 ns	     10180	800023e8	01f454b3	srl	x9,x8,x31	  x8:0x13454000 x31:0x0d2db328  x9=0x00134540
     101825.000 ns	     10181	800023ec	0100af33	slt	x30,x1,x16	  x1:0x7ffbecf1 x16:0x00000000 x30=0x00000000
     101845.000 ns	     10183	800023f0	28e98953	fmin.s	f18,f19,f14	 f19:0xbf800000 f14:0x00000001 f18=0xbf800000
     101875.000 ns	     10186	800023f4	c01cfb53	fcvt.wu.s	x22,f25	 f25:0x3f800000 x22=0x00000001
     101895.000 ns	     10188	800023f8	2c8f7d13	andi	x26,x30,712	 x30:0x00000000 x26=0x00000000
     101915.000 ns	     10190	800023fc	21509853	fsgnjn.s	f16,f1,f21	  f1:0xfffff934 f21:0x55b090a8 f16=0xfffff934
     101945.000 ns	     10193	80002400	a1300c53	fle.s	x24,f0,f19	  f0:0xc480e000 f19:0xbf800000 x24=0x00000001
     101965.000 ns	     10195	80002404	40420333	sub	x6,x4,x4	  x4:0x00000001  x4:0x00000001  x6=0x00000000
     101995.000 ns	     10198	80002408	58068a53	fsqrt.s	f20,f13	 f13:0xc0400000 f20=0x7fc00000
     102025.000 ns	     10201	8000240c	299a9a53	fmax.s	f20,f21,f25	 f21:0x55b090a8 f25:0x3f800000 f20=0x55b090a8
     102045.000 ns	     10203	80002410	007ddeb3	srl	x29,x27,x7	 x27:0xffffffff  x7:0x00000000 x29=0xffffffff
     102065.000 ns	     10205	80002414	a0062b53	feq.s	x22,f12,f0	 f12:0x40000000  f0:0xc480e000 x22=0x00000000
     102085.000 ns	     10207	80002418	010f8333	add	x6,x31,x16	 x31:0x0d2db328 x16:0x00000000  x6=0x0d2db328
     102105.000 ns	     10209	8000241c	c01da953	fcvt.wu.s	x18,f27	 f27:0x7fc00000 x18=0xffffffff
     102135.000 ns	     10212	80002420	e00112d3	fclass.s	x5,f2	  f2:0xc480e000  x5=0x00000002
     102165.000 ns	     10215	80002424	d0199a53	fcvt.s.wu	f20,x19	 x19:0x7fffffff f20=0x4effffff
     102195.000 ns	     10218	80002428	03ae1333	mulh	x6,x28,x26	 x28:0xfffffbf9 x26:0x00000000  x6=0x00000000
     102215.000 ns	     10220	8000242c	f7fabb13	sltiu	x22,x21,-129	 x21:0x00000000 x22=0x00000001
     102225.000 ns	     10221	80002430	00000013	addi	x0,x0,0	  x0:0x00000000
     102255.000 ns	     10224	80002434	119893d3	fmul.s	f7,f17,f25	 f17:0xd5b090a8 f25:0x3f800000  f7=0xd5b090a8
     102285.000 ns	     10227	80002438	f0098153	fmv.w.x	f2,x19	 x19:0x7fffffff  f2=0x7fffffff
     102305.000 ns	     10229	8000243c	6daf3813	sltiu	x16,x30,1754	 x30:0x00000000 x16=0x00000001
     102315.000 ns	     10230	80002440	00000013	addi	x0,x0,0	  x0:0x00000000
     102335.000 ns	     10232	80002444	293891d3	fmax.s	f3,f17,f19	 f17:0xd5b090a8 f19:0xbf800000  f3=0xbf800000
     102355.000 ns	     10234	80002448	00f54533	xor	x10,x10,x15	 x10:0x0000007c x15:0x80040fe4 x10=0x80040f98
     102685.000 ns	     10267	8000244c	19e8fdd3	fdiv.s	f27,f17,f30	 f17:0xd5b090a8 f30:0x55b090a8 f27=0xbf3090a8
     102705.000 ns	     10269	80002450	4135da93	srai	x21,x11,0x13	 x11:0x07e11000 x21=0x000000fc
     102725.000 ns	     10271	80002454	03eed2b3	divu	x5,x29,x30	 x29:0xffffffff x30:0x00000000  x5=0xffffffff
     102745.000 ns	     10273	80002458	6af90113	addi	x2,x18,1711	 x18:0xffffffff  x2=0x000006ae
     102755.000 ns	     10274	8000245c	409a80b3	sub	x1,x21,x9	 x21:0x000000fc  x9:0x00134540  x1=0xffecbbbc
     102765.000 ns	     10275	80002460	7e12a313	slti	x6,x5,2017	  x5:0xffffffff  x6=0x00000001
     103125.000 ns	     10311	80002464	026f4333	div	x6,x30,x6	 x30:0x00000000  x6:0x00000000  x6=0x00000000
     103155.000 ns	     10314	80002468	d0187f53	fcvt.s.wu	f30,x16	 x16:0x00000001 f30=0x3f800000
     103185.000 ns	     10317	8000246c	0231f2b3	remu	x5,x3,x3	  x3:0x00000000  x3:0x00000000  x5=0x00000000
     103215.000 ns	     10320	80002470	d000f4d3	fcvt.s.w	f9,x1	  x1:0xffecbbbc  f9=0xc99a2220
     103585.000 ns	     10357	80002474	0331c0b3	div	x1,x3,x19	  x3:0x00000000 x19:0x7fffffff  x1=0x00000000
     103605.000 ns	     10359	80002478	00589db3	sll	x27,x17,x5	 x17:0x00000001  x5:0x00000000 x27=0x00000001
     103615.000 ns	     10360	8000247c	878c8013	addi	x0,x25,-1928	 x25:0x00000000
     103635.000 ns	     10362	80002480	a01f2953	feq.s	x18,f30,f1	 f30:0x3f800000  f1:0xfffff934 x18=0x00000000
     103675.000 ns	     10366	80002484	5808fa53	fsqrt.s	f20,f17	 f17:0xd5b090a8 f20=0x7fc00000
     103695.000 ns	     10368	80002488	0133eeb3	or	x29,x7,x19	  x7:0x00000000 x19:0x7fffffff x29=0x7fffffff
     103705.000 ns	     10369	8000248c	0054b533	sltu	x10,x9,x5	  x9:0x00134540  x5:0x00000000 x10=0x00000000
     103745.000 ns	     10373	80002490	0838add3	fsub.s	f27,f17,f3	 f17:0xd5b090a8  f3:0xbf800000 f27=0xd5b090a8
     103775.000 ns	     10376	80002494	03172cb3	mulhsu	x25,x14,x17	 x14:0x00000000 x17:0x00000001 x25=0x00000000
     104145.000 ns	     10413	80002498	03466eb3	rem	x29,x12,x20	 x12:0x00000001 x20:0x80041024 x29=0x00000001
     104165.000 ns	     10415	8000249c	d376f813	andi	x16,x13,-713	 x13:0x00000003 x16=0x00000003
     104185.000 ns	     10417	800024a0	e00d92d3	fclass.s	x5,f27	 f27:0xd5b090a8  x5=0x00000002
     104215.000 ns	     10420	800024a4	d009f653	fcvt.s.w	f12,x19	 x19:0x7fffffff f12=0x4effffff
     104245.000 ns	     10423	800024a8	294308d3	fmin.s	f17,f6,f20	  f6:0x00000304 f20:0x7fc00000 f17=0x00000304
     104275.000 ns	     10426	800024ac	21232c53	fsgnjx.s	f24,f6,f18	  f6:0x00000304 f18:0xbf800000 f24=0x80000304
     104305.000 ns	     10429	800024b0	20b2a053	fsgnjx.s	f0,f5,f11	  f5:0x7fc00000 f11:0x7fc00000  f0=0x7fc00000
     104675.000 ns	     10466	800024b4	02486933	rem	x18,x16,x4	 x16:0x00000003  x4:0x00000001 x18=0x00000000
     104705.000 ns	     10469	800024b8	203d18d3	fsgnjn.s	f17,f26,f3	 f26:0x80000000  f3:0xbf800000 f17=0x00000000
     104755.000 ns	     10474	800024bc	0109f253	fadd.s	f4,f19,f16	 f19:0xbf800000 f16:0xfffff934  f4=0x7fc00000
     104785.000 ns	     10477	800024c0	02c418b3	mulh	x17,x8,x12	  x8:0x13454000 x12:0x00000001 x17=0x00000000
     104815.000 ns	     10480	800024c4	0326ccb3	div	x25,x13,x18	 x13:0x00000003 x18:0x00000000 x25=0xffffffff
     104845.000 ns	     10483	800024c8	02be1733	mulh	x14,x28,x11	 x28:0xfffffbf9 x11:0x07e11000 x14=0xffffffe0
     104865.000 ns	     10485	800024cc	40d782b3	sub	x5,x15,x13	 x15:0x80040fe4 x13:0x00000003  x5=0x80040fe1
     104885.000 ns	     10487	800024d0	a1f3a2d3	feq.s	x5,f7,f31	  f7:0xd5b090a8 f31:0x444bc000  x5=0x00000000
     104905.000 ns	     10489	800024d4	0afc4d13	xori	x26,x24,175	 x24:0x00000001 x26=0x000000ae
     104925.000 ns	     10491	800024d8	0235aeb3	mulhsu	x29,x11,x3	 x11:0x07e11000  x3:0x00000000 x29=0x00000000
     104955.000 ns	     10494	800024dc	03b28833	mul	x16,x5,x27	  x5:0x00000000 x27:0x00000001 x16=0x00000000
     104985.000 ns	     10497	800024e0	03034e33	div	x28,x6,x16	  x6:0x00000000 x16:0x00000003 x28=0xffffffff
     105005.000 ns	     10499	800024e4	00ad7133	and	x2,x26,x10	 x26:0x000000ae x10:0x00000000  x2=0x00000000
     105015.000 ns	     10500	800024e8	43983213	sltiu	x4,x16,1081	 x16:0x00000000  x4=0x00000001
     105035.000 ns	     10502	800024ec	02449833	mulh	x16,x9,x4	  x9:0x00134540  x4:0x00000001 x16=0x00000000
     105065.000 ns	     10505	800024f0	28290b53	fmin.s	f22,f18,f2	 f18:0xbf800000  f2:0x7fffffff f22=0xbf800000
     105095.000 ns	     10508	800024f4	022a85b3	mul	x11,x21,x2	 x21:0x000000fc  x2:0x00000000 x11=0x00000000
     105125.000 ns	     10511	800024f8	02d732b3	mulhu	x5,x14,x13	 x14:0xffffffe0 x13:0x00000003  x5=0x00000002
     105145.000 ns	     10513	800024fc	00000013	addi	x0,x0,0	  x0:0x00000000
     105155.000 ns	     10514	80002500	a310ce93	xori	x29,x1,-1487	  x1:0x00000000 x29=0xfffffa31
     105175.000 ns	     10516	80002504	e0020b53	fmv.x.w	x22,f4	  f4:0x7fc00000 x22=0x7fc00000
     105205.000 ns	     10519	80002508	20149553	fsgnjn.s	f10,f9,f1	  f9:0xc99a2220  f1:0xfffff934 f10=0x499a2220
     105225.000 ns	     10521	8000250c	01375613	srli	x12,x14,0x13	 x14:0xffffffe0 x12=0x00001fff
     105255.000 ns	     10524	80002510	58058653	fsqrt.s	f12,f11	 f11:0x7fc00000 f12=0x7fc00000
     105285.000 ns	     10527	80002514	e00b9d53	fclass.s	x26,f23	 f23:0xbf800000 x26=0x00000002
     105335.000 ns	     10532	80002518	0043b2d3	fadd.s	f5,f7,f4	  f7:0xd5b090a8  f4:0x7fc00000  f5=0x7fc00000
     105355.000 ns	     10534	8000251c	01acd9b3	srl	x19,x25,x26	 x25:0xffffffff x26:0x00000002 x19=0x3fffffff
     105375.000 ns	     10536	80002520	c00930d3	fcvt.w.s	x1,f18	 f18:0xbf800000  x1=0xffffffff
     105395.000 ns	     10538	80002524	00247733	and	x14,x8,x2	  x8:0x13454000  x2:0x00000000 x14=0x00000000
     105405.000 ns	     10539	80002528	bcffc0b7	lui	x1,0xbcffc	  x1=0xbcffc000
     105425.000 ns	     10541	8000252c	e00c13d3	fclass.s	x7,f24	 f24:0x80000304  x7=0x00000004
     105455.000 ns	     10544	80002530	0202bb33	mulhu	x22,x5,x0	  x5:0x00000002  x0:0x00000000 x22=0x00000000
     105475.000 ns	     10546	80002534	548ecd93	xori	x27,x29,1352	 x29:0xfffffa31 x27=0xffffff79
     105495.000 ns	     10548	80002538	a1878353	fle.s	x6,f15,f24	 f15:0x80000000 f24:0x80000304  x6=0x00000000
     105515.000 ns	     10550	8000253c	0154e8b3	or	x17,x9,x21	  x9:0x00134540 x21:0x000000fc x17=0x001345fc
     105875.000 ns	     10586	80002540	03506533	rem	x10,x0,x21	  x0:0x00000000 x21:0x000000fc x10=0x00000000
     105905.000 ns	     10589	80002544	e0021353	fclass.s	x6,f4	  f4:0x7fc00000  x6=0x00000200
     105925.000 ns	     10591	80002548	412ed813	srai	x16,x29,0x12	 x29:0xfffffa31 x16=0xffffffff
     105945.000 ns	     10593	8000254c	d0187c53	fcvt.s.wu	f24,x16	 x16:0x00000000 f24=0x4f7fffff
     105975.000 ns	     10596	80002550	c01998d3	fcvt.wu.s	x17,f19	 f19:0xbf800000 x17=0x00000001
     106345.000 ns	     10633	80002554	02f6f1b3	remu	x3,x13,x15	 x13:0x00000003 x15:0x80040fe4  x3=0x00000003
     106375.000 ns	     10636	80002558	212e0e53	fsgnj.s	f28,f28,f18	 f28:0x00000003 f18:0xbf800000 f28=0x80000003
     106405.000 ns	     10639	8000255c	c01c7e53	fcvt.wu.s	x28,f24	 f24:0x4f7fffff x28=0xffffff00
     106425.000 ns	     10641	80002560	40fb53b3	sra	x7,x22,x15	 x22:0x00000000 x15:0x80040fe4  x7=0x00000000
     106435.000 ns	     10642	80002564	8c59b713	sltiu	x14,x19,-1851	 x19:0x3fffffff x14=0x00000001
     106455.000 ns	     10644	80002568	20a703d3	fsgnj.s	f7,f14,f10	 f14:0x00000001 f10:0x499a2220  f7=0x00000001
     106485.000 ns	     10647	8000256c	21c01d53	fsgnjn.s	f26,f0,f28	  f0:0x7fc00000 f28:0x80000003 f26=0x7fc00000
     106855.000 ns	     10684	80002570	0210eeb3	rem	x29,x1,x1	  x1:0xbcffc000  x1:0xbcffc000 x29=0x00000000
     106895.000 ns	     10688	80002574	580dc9d3	fsqrt.s	f19,f27	 f27:0xd5b090a8 f19=0x7fc00000
     106925.000 ns	     10691	80002578	f0020ed3	fmv.w.x	f29,x4	  x4:0x00000001 f29=0x00000001
     107265.000 ns	     10725	8000257c	189f09d3	fdiv.s	f19,f30,f9	 f30:0x3f800000  f9:0xc99a2220 f19=0xb5000000
     107285.000 ns	     10727	80002580	40a55d13	srai	x26,x10,0xa	 x10:0x00000000 x26=0x00000000
     107305.000 ns	     10729	80002584	020cbdb3	mulhu	x27,x25,x0	 x25:0xffffffff  x0:0x00000000 x27=0x00000000
     107675.000 ns	     10766	80002588	024eeb33	rem	x22,x29,x4	 x29:0x00000000  x4:0x00000001 x22=0x00000000
     107695.000 ns	     10768	8000258c	419ed433	sra	x8,x29,x25	 x29:0x00000000 x25:0xffffffff  x8=0x00000000
     107715.000 ns	     10770	80002590	a15e9bd3	flt.s	x23,f29,f21	 f29:0x00000001 f21:0x55b090a8 x23=0x00000001
     107745.000 ns	     10773	80002594	a07f1d53	flt.s	x26,f30,f7	 f30:0x3f800000  f7:0x00000001 x26=0x00000000
     107765.000 ns	     10775	80002598	26318813	addi	x16,x3,611	  x3:0x00000003 x16=0x00000266
     107785.000 ns	     10777	8000259c	f0000953	fmv.w.x	f18,x0	  x0:0x00000000 f18=0x00000000
     107815.000 ns	     10780	800025a0	d005b053	fcvt.s.w	f0,x11	 x11:0x00000000  f0=0x00000000
     107835.000 ns	     10782	800025a4	40485db3	sra	x27,x16,x4	 x16:0x00000266  x4:0x00000001 x27=0x00000133
     107845.000 ns	     10783	800025a8	695c2413	slti	x8,x24,1685	 x24:0x00000001  x8=0x00000001
     108205.000 ns	     10819	800025ac	03c378b3	remu	x17,x6,x28	  x6:0x00000200 x28:0xffffff00 x17=0x00000200
     108225.000 ns	     10821	800025b0	67b52293	slti	x5,x10,1659	 x10:0x00000000  x5=0x00000001
     108245.000 ns	     10823	800025b4	022e31b3	mulhu	x3,x28,x2	 x28:0xffffff00  x2:0x00000000  x3=0x00000000
     108265.000 ns	     10825	800025b8	80d62913	slti	x18,x12,-2035	 x12:0x00001fff x18=0x00000000
     108285.000 ns	     10827	800025bc	a1a61e53	flt.s	x28,f12,f26	 f12:0x7fc00000 f26:0x7fc00000 x28=0x00000000
     108305.000 ns	     10829	800025c0	41abd413	srai	x8,x23,0x1a	 x23:0x00000001  x8=0x00000000
     108345.000 ns	     10833	800025c4	00ec7553	fadd.s	f10,f24,f14	 f24:0x4f7fffff f14:0x00000001 f10=0x4f7fffff
     108375.000 ns	     10836	800025c8	20a08c53	fsgnj.s	f24,f1,f10	  f1:0xfffff934 f10:0x499a2220 f24=0x7ffff934
     108395.000 ns	     10838	800025cc	00000013	addi	x0,x0,0	  x0:0x00000000
     108405.000 ns	     10839	800025d0	01c5d493	srli	x9,x11,0x1c	 x11:0x00000000  x9=0x00000000
     108415.000 ns	     10840	800025d4	40abd8b3	sra	x17,x23,x10	 x23:0x00000001 x10:0x00000000 x17=0x00000001
     108425.000 ns	     10841	800025d8	01bc1033	sll	x0,x24,x27	 x24:0x00000001 x27:0x00000133
     108455.000 ns	     10844	800025dc	11a302d3	fmul.s	f5,f6,f26	  f6:0x00000304 f26:0x7fc00000  f5=0x7fc00000
     108485.000 ns	     10847	800025e0	038014b3	mulh	x9,x0,x24	  x0:0x00000000 x24:0x00000001  x9=0x00000000
     108515.000 ns	     10850	800025e4	c0191253	fcvt.wu.s	x4,f18	 f18:0x00000000  x4=0x00000000
     108545.000 ns	     10853	800025e8	03429333	mulh	x6,x5,x20	  x5:0x00000001 x20:0x80041024  x6=0xffffffff
     108565.000 ns	     10855	800025ec	011d40b3	xor	x1,x26,x17	 x26:0x00000000 x17:0x00000001  x1=0x00000001
     108575.000 ns	     10856	800025f0	c7af8113	addi	x2,x31,-902	 x31:0x0d2db328  x2=0x0d2dafa2
     108585.000 ns	     10857	800025f4	bc0f0893	addi	x17,x30,-1088	 x30:0x00000000 x17=0xfffffbc0
     108595.000 ns	     10858	800025f8	0ca36313	ori	x6,x6,202	  x6:0xffffffff  x6=0xffffffff
     108615.000 ns	     10860	800025fc	039625b3	mulhsu	x11,x12,x25	 x12:0x00001fff x25:0xffffffff x11=0x00001ffe
     108645.000 ns	     10863	80002600	f00d00d3	fmv.w.x	f1,x26	 x26:0x00000000  f1=0x00000000
     108675.000 ns	     10866	80002604	0391bd33	mulhu	x26,x3,x25	  x3:0x00000000 x25:0xffffffff x26=0x00000000
     108705.000 ns	     10869	80002608	d00ef0d3	fcvt.s.w	f1,x29	 x29:0x00000000  f1=0x00000000
     108735.000 ns	     10872	8000260c	a0d29453	flt.s	x8,f5,f13	  f5:0x7fc00000 f13:0xc0400000  x8=0x00000000
     108755.000 ns	     10874	80002610	011ecb33	xor	x22,x29,x17	 x29:0x00000000 x17:0xfffffbc0 x22=0xfffffbc0
     108765.000 ns	     10875	80002614	01f35813	srli	x16,x6,0x1f	  x6:0xffffffff x16=0x00000001
     108785.000 ns	     10877	80002618	296b0a53	fmin.s	f20,f22,f22	 f22:0xbf800000 f22:0xbf800000 f20=0xbf800000
     108805.000 ns	     10879	8000261c	ebd4c893	xori	x17,x9,-323	  x9:0x00000000 x17=0xfffffebd
     108835.000 ns	     10882	80002620	580bfb53	fsqrt.s	f22,f23	 f23:0xbf800000 f22=0x7fc00000
     108855.000 ns	     10884	80002624	01550bb3	add	x23,x10,x21	 x10:0x00000000 x21:0x000000fc x23=0x000000fc
     108865.000 ns	     10885	80002628	0180c8b3	xor	x17,x1,x24	  x1:0x00000001 x24:0x00000001 x17=0x00000000
     108875.000 ns	     10886	8000262c	00b12cb3	slt	x25,x2,x11	  x2:0x0d2dafa2 x11:0x00001ffe x25=0x00000000
     109235.000 ns	     10922	80002630	02d079b3	remu	x19,x0,x13	  x0:0x00000000 x13:0x00000003 x19=0x00000000
     109265.000 ns	     10925	80002634	a1798853	fle.s	x16,f19,f23	 f19:0xb5000000 f23:0xbf800000 x16=0x00000000
     109315.000 ns	     10930	80002638	08c8ad53	fsub.s	f26,f17,f12	 f17:0x00000000 f12:0x7fc00000 f26=0x7fc00000
     109345.000 ns	     10933	8000263c	a1211fd3	flt.s	x31,f2,f18	  f2:0x7fffffff f18:0x00000000 x31=0x00000000
     109375.000 ns	     10936	80002640	0311dc33	divu	x24,x3,x17	  x3:0x00000000 x17:0x00000000 x24=0xffffffff
     109395.000 ns	     10938	80002644	01940833	add	x16,x8,x25	  x8:0x00000000 x25:0x00000000 x16=0x00000000
     109415.000 ns	     10940	80002648	0274fb33	remu	x22,x9,x7	  x9:0x00000000  x7:0x00000000 x22=0x00000000
     109445.000 ns	     10943	8000264c	e0029b53	fclass.s	x22,f5	  f5:0x7fc00000 x22=0x00000200
     109475.000 ns	     10946	80002650	f00a03d3	fmv.w.x	f7,x20	 x20:0x80041024  f7=0x80041024
     109505.000 ns	     10949	80002654	21eba8d3	fsgnjx.s	f17,f23,f30	 f23:0xbf800000 f30:0x3f800000 f17=0xbf800000
     109525.000 ns	     10951	80002658	001ee9b3	or	x19,x29,x1	 x29:0x00000000  x1:0x00000001 x19=0x00000001
     109545.000 ns	     10953	8000265c	287a11d3	fmax.s	f3,f20,f7	 f20:0xbf800000  f7:0x80041024  f3=0x80041024
     109565.000 ns	     10955	80002660	00589d93	slli	x27,x17,0x5	 x17:0x00000000 x27=0x00000000
     109585.000 ns	     10957	80002664	29b21b53	fmax.s	f22,f4,f27	  f4:0x7fc00000 f27:0xd5b090a8 f22=0xd5b090a8
     109615.000 ns	     10960	80002668	c01db5d3	fcvt.wu.s	x11,f27	 f27:0xd5b090a8 x11=0x00000000
     109645.000 ns	     10963	8000266c	02ba89b3	mul	x19,x21,x11	 x21:0x000000fc x11:0x00001ffe x19=0x00000000
     109665.000 ns	     10965	80002670	0039bfb3	sltu	x31,x19,x3	 x19:0x00000001  x3:0x00000000 x31=0x00000000
     109675.000 ns	     10966	80002674	00edf733	and	x14,x27,x14	 x27:0x00000000 x14:0x00000001 x14=0x00000000
     109685.000 ns	     10967	80002678	0e9afd13	andi	x26,x21,233	 x21:0x000000fc x26=0x000000e8
     109705.000 ns	     10969	8000267c	d00019d3	fcvt.s.w	f19,x0	  x0:0x00000000 f19=0x00000000
     109725.000 ns	     10971	80002680	00b54bb3	xor	x23,x10,x11	 x10:0x00000000 x11:0x00000000 x23=0x00000000
     109745.000 ns	     10973	80002684	029be433	rem	x8,x23,x9	 x23:0x000000fc  x9:0x00000000  x8=0x00000000
     109765.000 ns	     10975	80002688	68c6fc93	andi	x25,x13,1676	 x13:0x00000003 x25=0x00000000
     109785.000 ns	     10977	8000268c	e0088f53	fmv.x.w	x30,f17	 f17:0xbf800000 x30=0xbf800000
     110155.000 ns	     11014	80002690	03694933	div	x18,x18,x22	 x18:0x00000000 x22:0x00000200 x18=0x00000000
     110175.000 ns	     11016	80002694	0747fb13	andi	x22,x15,116	 x15:0x80040fe4 x22=0x00000064
     110195.000 ns	     11018	80002698	a04f9253	flt.s	x4,f31,f4	 f31:0x444bc000  f4:0x7fc00000  x4=0x00000000
     110215.000 ns	     11020	8000269c	00e0d713	srli	x14,x1,0xe	  x1:0x00000001 x14=0x00000000
     110255.000 ns	     11024	800026a0	09880153	fsub.s	f2,f16,f24	 f16:0xfffff934 f24:0x7ffff934  f2=0x7fc00000
     110285.000 ns	     11027	800026a4	a1308353	fle.s	x6,f1,f19	  f1:0x00000000 f19:0x00000000  x6=0x00000001
     110305.000 ns	     11029	800026a8	40a55e93	srai	x29,x10,0xa	 x10:0x00000000 x29=0x00000000
     110345.000 ns	     11033	800026ac	09b04553	fsub.s	f10,f0,f27	  f0:0x00000000 f27:0xd5b090a8 f10=0x55b090a8
     110365.000 ns	     11035	800026b0	da166093	ori	x1,x12,-607	 x12:0x00001fff  x1=0xffffffff
     110375.000 ns	     11036	800026b4	e4266b13	ori	x22,x12,-446	 x12:0x00001fff x22=0xffffffff
     110385.000 ns	     11037	800026b8	00174db3	xor	x27,x14,x1	 x14:0x00000000  x1:0x00000001 x27=0xffffffff
     110405.000 ns	     11039	800026bc	285984d3	fmin.s	f9,f19,f5	 f19:0x00000000  f5:0x7fc00000  f9=0x00000000
     110425.000 ns	     11041	800026c0	00776fb3	or	x31,x14,x7	 x14:0x00000000  x7:0x00000000 x31=0x00000000
     110435.000 ns	     11042	800026c4	00a85493	srli	x9,x16,0xa	 x16:0x00000000  x9=0x00000000
     110455.000 ns	     11044	800026c8	03f87db3	remu	x27,x16,x31	 x16:0x00000000 x31:0x00000000 x27=0x00000000
     110485.000 ns	     11047	800026cc	206890d3	fsgnjn.s	f1,f17,f6	 f17:0xbf800000  f6:0x00000304  f1=0xbf800000
     110515.000 ns	     11050	800026d0	21d11cd3	fsgnjn.s	f25,f2,f29	  f2:0x7fc00000 f29:0x00000001 f25=0xffc00000
     110535.000 ns	     11052	800026d4	016e7cb3	and	x25,x28,x22	 x28:0x00000000 x22:0xffffffff x25=0x00000000
     110895.000 ns	     11088	800026d8	026a7833	remu	x16,x20,x6	 x20:0x80041024  x6:0x00000001 x16=0x00000000
     111265.000 ns	     11125	800026dc	03e9e233	rem	x4,x19,x30	 x19:0x00000000 x30:0xbf800000  x4=0x00000000
     111285.000 ns	     11127	800026e0	0022f5b3	and	x11,x5,x2	  x5:0x00000001  x2:0x0d2dafa2 x11=0x00000000
     111305.000 ns	     11129	800026e4	02e692b3	mulh	x5,x13,x14	 x13:0x00000003 x14:0x00000000  x5=0x00000000
     111335.000 ns	     11132	800026e8	a00a9753	flt.s	x14,f21,f0	 f21:0x55b090a8  f0:0x00000000 x14=0x00000000
     111365.000 ns	     11135	800026ec	a01ba8d3	feq.s	x17,f23,f1	 f23:0xbf800000  f1:0xbf800000 x17=0x00000001
     111385.000 ns	     11137	800026f0	013d0733	add	x14,x26,x19	 x26:0x000000e8 x19:0x00000000 x14=0x000000e8
     111395.000 ns	     11138	800026f4	00811db3	sll	x27,x2,x8	  x2:0x0d2dafa2  x8:0x00000000 x27=0x0d2dafa2
     111405.000 ns	     11139	800026f8	0039cb33	xor	x22,x19,x3	 x19:0x00000000  x3:0x00000000 x22=0x00000000
     111415.000 ns	     11140	800026fc	008d5213	srli	x4,x26,0x8	 x26:0x000000e8  x4=0x00000000
     111425.000 ns	     11141	80002700	9e51b113	sltiu	x2,x3,-1563	  x3:0x00000000  x2=0x00000001
     111435.000 ns	     11142	80002704	bf476593	ori	x11,x14,-1036	 x14:0x000000e8 x11=0xfffffbfc
     111795.000 ns	     11178	80002708	022be1b3	rem	x3,x23,x2	 x23:0x00000000  x2:0x0d2dafa2  x3=0x00000000
     111825.000 ns	     11181	8000270c	28fd0b53	fmin.s	f22,f26,f15	 f26:0x7fc00000 f15:0x80000000 f22=0x80000000
     111855.000 ns	     11184	80002710	20c20353	fsgnj.s	f6,f4,f12	  f4:0x7fc00000 f12:0x7fc00000  f6=0x7fc00000
     111875.000 ns	     11186	80002714	000a9833	sll	x16,x21,x0	 x21:0x000000fc  x0:0x00000000 x16=0x000000fc
     111905.000 ns	     11189	80002718	18c61e53	fdiv.s	f28,f12,f12	 f12:0x7fc00000 f12:0x7fc00000 f28=0x7fc00000
     111945.000 ns	     11193	8000271c	580d38d3	fsqrt.s	f17,f26	 f26:0x7fc00000 f17=0x7fc00000
     111975.000 ns	     11196	80002720	e00f04d3	fmv.x.w	x9,f30	 f30:0x3f800000  x9=0x3f800000
     112005.000 ns	     11199	80002724	038300b3	mul	x1,x6,x24	  x6:0x00000001 x24:0xffffffff  x1=0xffffffff
     112035.000 ns	     11202	80002728	03955433	divu	x8,x10,x25	 x10:0x00000000 x25:0x00000000  x8=0xffffffff
     112055.000 ns	     11204	8000272c	00d992b3	sll	x5,x19,x13	 x19:0x00000000 x13:0x00000003  x5=0x00000000
     112075.000 ns	     11206	80002730	295e8e53	fmin.s	f28,f29,f21	 f29:0x00000001 f21:0x55b090a8 f28=0x00000001
     112095.000 ns	     11208	80002734	0030d0b3	srl	x1,x1,x3	  x1:0xffffffff  x3:0x00000000  x1=0xffffffff
     112115.000 ns	     11210	80002738	e00c82d3	fmv.x.w	x5,f25	 f25:0xffc00000  x5=0xffc00000
     112485.000 ns	     11247	8000273c	02e4ffb3	remu	x31,x9,x14	  x9:0x3f800000 x14:0x000000e8 x31=0x000000a8
     112515.000 ns	     11250	80002740	e00405d3	fmv.x.w	x11,f8	  f8:0x7fc00000 x11=0x7fc00000
     112545.000 ns	     11253	80002744	a0a60853	fle.s	x16,f12,f10	 f12:0x7fc00000 f10:0x55b090a8 x16=0x00000000
     112575.000 ns	     11256	80002748	0259bab3	mulhu	x21,x19,x5	 x19:0x00000000  x5:0xffc00000 x21=0x00000000
     112605.000 ns	     11259	8000274c	d002fd53	fcvt.s.w	f26,x5	  x5:0xffc00000 f26=0xca800000
     112635.000 ns	     11262	80002750	03968033	mul	x0,x13,x25	 x13:0x00000003 x25:0x00000000
     112655.000 ns	     11264	80002754	00000013	addi	x0,x0,0	  x0:0x00000000
     112665.000 ns	     11265	80002758	500ec497	auipc	x9,0x500ec	  x9=0xd00ee758
     112685.000 ns	     11267	8000275c	033e70b3	remu	x1,x28,x19	 x28:0x00000000 x19:0x00000000  x1=0x00000000
     113055.000 ns	     11304	80002760	02d77e33	remu	x28,x14,x13	 x14:0x000000e8 x13:0x00000003 x28=0x00000001
     113105.000 ns	     11309	80002764	000b3b53	fadd.s	f22,f22,f0	 f22:0x80000000  f0:0x00000000 f22=0x00000000
     113125.000 ns	     11311	80002768	01873833	sltu	x16,x14,x24	 x14:0x000000e8 x24:0xffffffff x16=0x00000001
     113135.000 ns	     11312	8000276c	0110c433	xor	x8,x1,x17	  x1:0x00000000 x17:0x00000001  x8=0x00000001
     113145.000 ns	     11313	80002770	00e58fb3	add	x31,x11,x14	 x11:0x7fc00000 x14:0x000000e8 x31=0x7fc000e8
     113165.000 ns	     11315	80002774	f00201d3	fmv.w.x	f3,x4	  x4:0x00000000  f3=0x00000000
     113195.000 ns	     11318	80002778	0286b033	mulhu	x0,x13,x8	 x13:0x00000003  x8:0x00000001
     113225.000 ns	     11321	8000277c	03041f33	mulh	x30,x8,x16	  x8:0x00000001 x16:0x00000001 x30=0x00000000
     113245.000 ns	     11323	80002780	00ef5133	srl	x2,x30,x14	 x30:0xbf800000 x14:0x000000e8  x2=0x00000000
     113265.000 ns	     11325	80002784	f0038b53	fmv.w.x	f22,x7	  x7:0x00000000 f22=0x00000000
     113315.000 ns	     11330	80002788	011a72d3	fadd.s	f5,f20,f17	 f20:0xbf800000 f17:0x7fc00000  f5=0x7fc00000
     113365.000 ns	     11335	8000278c	0181a1d3	fadd.s	f3,f3,f24	  f3:0x00000000 f24:0x7ffff934  f3=0x7fc00000
     113385.000 ns	     11337	80002790	01026f33	or	x30,x4,x16	  x4:0x00000000 x16:0x00000001 x30=0x00000001
     113395.000 ns	     11338	80002794	011da9b3	slt	x19,x27,x17	 x27:0x0d2dafa2 x17:0x00000001 x19=0x00000000
     113415.000 ns	     11340	80002798	29751653	fmax.s	f12,f10,f23	 f10:0x55b090a8 f23:0xbf800000 f12=0x55b090a8
     113445.000 ns	     11343	8000279c	c00671d3	fcvt.w.s	x3,f12	 f12:0x7fc00000  x3=0x7fffffff
     113465.000 ns	     11345	800027a0	416fd313	srai	x6,x31,0x16	 x31:0x7fc000e8  x6=0x000001ff
     113475.000 ns	     11346	800027a4	003b3133	sltu	x2,x22,x3	 x22:0x00000000  x3:0x7fffffff  x2=0x00000001
     113495.000 ns	     11348	800027a8	e00f1ed3	fclass.s	x29,f30	 f30:0x3f800000 x29=0x00000040
     113535.000 ns	     11352	800027ac	11377f53	fmul.s	f30,f14,f19	 f14:0x00000001 f19:0x00000000 f30=0x00000000
     113555.000 ns	     11354	800027b0	013d3bb3	sltu	x23,x26,x19	 x26:0x000000e8 x19:0x00000000 x23=0x00000000
     113575.000 ns	     11356	800027b4	28059453	fmax.s	f8,f11,f0	 f11:0x7fc00000  f0:0x00000000  f8=0x00000000
     113605.000 ns	     11359	800027b8	c0057253	fcvt.w.s	x4,f10	 f10:0x55b090a8  x4=0x7fffffff
     113635.000 ns	     11362	800027bc	e00c0153	fmv.x.w	x2,f24	 f24:0x7ffff934  x2=0x7ffff934
     113665.000 ns	     11365	800027c0	02a80833	mul	x16,x16,x10	 x16:0x00000001 x10:0x00000000 x16=0x00000000
     113695.000 ns	     11368	800027c4	03d78733	mul	x14,x15,x29	 x15:0x80040fe4 x29:0x00000040 x14=0x0103f900
     113715.000 ns	     11370	800027c8	00f92bb3	slt	x23,x18,x15	 x18:0x00000000 x15:0x80040fe4 x23=0x00000000
     113735.000 ns	     11372	800027cc	211b1d53	fsgnjn.s	f26,f22,f17	 f22:0x00000000 f17:0x7fc00000 f26=0x80000000
     113755.000 ns	     11374	800027d0	01c0b2b3	sltu	x5,x1,x28	  x1:0x00000000 x28:0x00000001  x5=0x00000001
     113765.000 ns	     11375	800027d4	012d1e93	slli	x29,x26,0x12	 x26:0x000000e8 x29=0x03a00000
     113775.000 ns	     11376	800027d8	415e8f33	sub	x30,x29,x21	 x29:0x00000040 x21:0x00000000 x30=0x03a00000
     113795.000 ns	     11378	800027dc	02a081b3	mul	x3,x1,x10	  x1:0x00000000 x10:0x00000000  x3=0x00000000
     113825.000 ns	     11381	800027e0	d008f5d3	fcvt.s.w	f11,x17	 x17:0x00000001 f11=0x3f800000
     113845.000 ns	     11383	800027e4	00000013	addi	x0,x0,0	  x0:0x00000000
     113865.000 ns	     11385	800027e8	021fd733	divu	x14,x31,x1	 x31:0x7fc000e8  x1:0x00000000 x14=0xffffffff
     113885.000 ns	     11387	800027ec	41c80233	sub	x4,x16,x28	 x16:0x00000000 x28:0x00000001  x4=0xffffffff
     113895.000 ns	     11388	800027f0	00000013	addi	x0,x0,0	  x0:0x00000000
     113905.000 ns	     11389	800027f4	00e5bbb3	sltu	x23,x11,x14	 x11:0x7fc00000 x14:0xffffffff x23=0x00000001
     113935.000 ns	     11392	800027f8	184223d3	fdiv.s	f7,f4,f4	  f4:0x7fc00000  f4:0x7fc00000  f7=0x7fc00000
     113975.000 ns	     11396	800027fc	11fd7453	fmul.s	f8,f26,f31	 f26:0x80000000 f31:0x444bc000  f8=0x80000000
     114005.000 ns	     11399	80002800	21bb88d3	fsgnj.s	f17,f23,f27	 f23:0xbf800000 f27:0xd5b090a8 f17=0xbf800000
     114025.000 ns	     11401	80002804	01e252b3	srl	x5,x4,x30	  x4:0xffffffff x30:0x03a00000  x5=0xffffffff
     114045.000 ns	     11403	80002808	02d61d33	mulh	x26,x12,x13	 x12:0x00001fff x13:0x00000003 x26=0x00000000
     114075.000 ns	     11406	8000280c	c01f0c53	fcvt.wu.s	x24,f30	 f30:0x00000000 x24=0x00000000
     114095.000 ns	     11408	80002810	d2188d93	addi	x27,x17,-735	 x17:0x00000001 x27=0xfffffd22
     114115.000 ns	     11410	80002814	033f8133	mul	x2,x31,x19	 x31:0x7fc000e8 x19:0x00000000  x2=0x00000000
     114145.000 ns	     11413	80002818	038be633	rem	x12,x23,x24	 x23:0x00000001 x24:0x00000000 x12=0x00000001
     114165.000 ns	     11415	8000281c	00002833	slt	x16,x0,x0	  x0:0x00000000  x0:0x00000000 x16=0x00000000
     114195.000 ns	     11418	80002820	19aea0d3	fdiv.s	f1,f29,f26	 f29:0x00000001 f26:0x80000000  f1=0xff800000
     114245.000 ns	     11423	80002824	01d74ad3	fadd.s	f21,f14,f29	 f14:0x00000001 f29:0x00000001 f21=0x00000002
     114275.000 ns	     11426	80002828	203b0153	fsgnj.s	f2,f22,f3	 f22:0x00000000  f3:0x7fc00000  f2=0x00000000
     114315.000 ns	     11430	8000282c	108df6d3	fmul.s	f13,f27,f8	 f27:0xd5b090a8  f8:0x80000000 f13=0x00000000
     114345.000 ns	     11433	80002830	209a0f53	fsgnj.s	f30,f20,f9	 f20:0xbf800000  f9:0x00000000 f30=0x3f800000
     114365.000 ns	     11435	80002834	0178d333	srl	x6,x17,x23	 x17:0x00000001 x23:0x00000001  x6=0x00000000
     114385.000 ns	     11437	80002838	e0098653	fmv.x.w	x12,f19	 f19:0x00000000 x12=0x00000000
     114415.000 ns	     11440	8000283c	03e132b3	mulhu	x5,x2,x30	  x2:0x00000000 x30:0x03a00000  x5=0x00000000
     114445.000 ns	     11443	80002840	c0024053	fcvt.w.s	x0,f4	  f4:0x7fc00000
     114465.000 ns	     11445	80002844	41735813	srai	x16,x6,0x17	  x6:0x00000000 x16=0x00000000
     114475.000 ns	     11446	80002848	9f0a2593	slti	x11,x20,-1552	 x20:0x80041024 x11=0x00000001
     114485.000 ns	     11447	8000284c	00f83333	sltu	x6,x16,x15	 x16:0x00000000 x15:0x80040fe4  x6=0x00000001
     114505.000 ns	     11449	80002850	c0152653	fcvt.wu.s	x12,f10	 f10:0x55b090a8 x12=0xffffffff
     114525.000 ns	     11451	80002854	00d118b3	sll	x17,x2,x13	  x2:0x00000000 x13:0x00000003 x17=0x00000000
     114545.000 ns	     11453	80002858	f0020453	fmv.w.x	f8,x4	  x4:0xffffffff  f8=0xffffffff
     114575.000 ns	     11456	8000285c	20868fd3	fsgnj.s	f31,f13,f8	 f13:0x00000000  f8:0x80000000 f31=0x80000000
     114945.000 ns	     11493	80002860	03e9e0b3	rem	x1,x19,x30	 x19:0x00000000 x30:0x03a00000  x1=0x00000000
     114975.000 ns	     11496	80002864	c010a753	fcvt.wu.s	x14,f1	  f1:0xff800000 x14=0x00000000
     114995.000 ns	     11498	80002868	41a80433	sub	x8,x16,x26	 x16:0x00000000 x26:0x00000000  x8=0x00000000
     115005.000 ns	     11499	8000286c	e7e8e913	ori	x18,x17,-386	 x17:0x00000000 x18=0xfffffe7e
     115015.000 ns	     11500	80002870	0040e833	or	x16,x1,x4	  x1:0x00000000  x4:0xffffffff x16=0xffffffff
     115025.000 ns	     11501	80002874	c79c6f13	ori	x30,x24,-903	 x24:0x00000000 x30=0xfffffc79
     115035.000 ns	     11502	80002878	00126233	or	x4,x4,x1	  x4:0xffffffff  x1:0x00000000  x4=0xffffffff
     115045.000 ns	     11503	8000287c	0057ffb3	and	x31,x15,x5	 x15:0x80040fe4  x5:0x00000000 x31=0x00000000
     115065.000 ns	     11505	80002880	a0d71253	flt.s	x4,f14,f13	 f14:0x00000001 f13:0x00000000  x4=0x00000000
     115085.000 ns	     11507	80002884	00d99f93	slli	x31,x19,0xd	 x19:0x00000000 x31=0x00000000
     115095.000 ns	     11508	80002888	00262bb3	slt	x23,x12,x2	 x12:0xffffffff  x2:0x00000000 x23=0x00000001
     115125.000 ns	     11511	8000288c	19a87b53	fdiv.s	f22,f16,f26	 f16:0xfffff934 f26:0x80000000 f22=0x7fc00000
     115155.000 ns	     11514	80002890	21d714d3	fsgnjn.s	f9,f14,f29	 f14:0x00000001 f29:0x00000001  f9=0x80000001
     115175.000 ns	     11516	80002894	637b3413	sltiu	x8,x22,1591	 x22:0x00000000  x8=0x00000001
     115185.000 ns	     11517	80002898	019ce1b3	or	x3,x25,x25	 x25:0x00000000 x25:0x00000000  x3=0x00000000
     115205.000 ns	     11519	8000289c	29840fd3	fmin.s	f31,f8,f24	  f8:0xffffffff f24:0x7ffff934 f31=0x7fc00000
     115235.000 ns	     11522	800028a0	0355cd33	div	x26,x11,x21	 x11:0x00000001 x21:0x00000000 x26=0xffffffff
     115255.000 ns	     11524	800028a4	408ed513	srai	x10,x29,0x8	 x29:0x03a00000 x10=0x0003a000
     115275.000 ns	     11526	800028a8	a14c85d3	fle.s	x11,f25,f20	 f25:0xffc00000 f20:0xbf800000 x11=0x00000000
     115305.000 ns	     11529	800028ac	20432253	fsgnjx.s	f4,f6,f4	  f6:0x7fc00000  f4:0x7fc00000  f4=0x7fc00000
     115335.000 ns	     11532	800028b0	d0169053	fcvt.s.wu	f0,x13	 x13:0x00000003  f0=0x40400000
     115355.000 ns	     11534	800028b4	00788ab3	add	x21,x17,x7	 x17:0x00000000  x7:0x00000000 x21=0x00000000
     115715.000 ns	     11570	800028b8	02d2c233	div	x4,x5,x13	  x5:0x00000000 x13:0x00000003  x4=0x00000000
     115745.000 ns	     11573	800028bc	c003b853	fcvt.w.s	x16,f7	  f7:0x7fc00000 x16=0x7fffffff
     115775.000 ns	     11576	800028c0	21001453	fsgnjn.s	f8,f0,f16	  f0:0x40400000 f16:0xfffff934  f8=0x40400000
     115805.000 ns	     11579	800028c4	0362b5b3	mulhu	x11,x5,x22	  x5:0x00000000 x22:0x00000000 x11=0x00000000
     115845.000 ns	     11583	800028c8	580a1f53	fsqrt.s	f30,f20	 f20:0xbf800000 f30=0x7fc00000
     115885.000 ns	     11587	800028cc	5801f353	fsqrt.s	f6,f3	  f3:0x7fc00000  f6=0x7fc00000
     115915.000 ns	     11590	800028d0	a02f2e53	feq.s	x28,f30,f2	 f30:0x7fc00000  f2:0x00000000 x28=0x00000000
     115955.000 ns	     11594	800028d4	10cb0b53	fmul.s	f22,f22,f12	 f22:0x7fc00000 f12:0x55b090a8 f22=0x7fc00000
     115975.000 ns	     11596	800028d8	00000013	addi	x0,x0,0	  x0:0x00000000
     115995.000 ns	     11598	800028dc	027728b3	mulhsu	x17,x14,x7	 x14:0x00000000  x7:0x00000000 x17=0x00000000
     116015.000 ns	     11600	800028e0	afd94a93	xori	x21,x18,-1283	 x18:0xfffffe7e x21=0x00000483
     116025.000 ns	     11601	800028e4	00000013	addi	x0,x0,0	  x0:0x00000000
     116055.000 ns	     11604	800028e8	5807f753	fsqrt.s	f14,f15	 f15:0x80000000 f14=0x80000000
     116075.000 ns	     11606	800028ec	0019a533	slt	x10,x19,x1	 x19:0x00000000  x1:0x00000000 x10=0x00000000
     116115.000 ns	     11610	800028f0	017e25d3	fadd.s	f11,f28,f23	 f28:0x00000001 f23:0xbf800000 f11=0xbf800000
     116145.000 ns	     11613	800028f4	a0c39cd3	flt.s	x25,f7,f12	  f7:0x7fc00000 f12:0x55b090a8 x25=0x00000000
     116165.000 ns	     11615	800028f8	004cb2b3	sltu	x5,x25,x4	 x25:0x00000000  x4:0x00000000  x5=0x00000000
     116175.000 ns	     11616	800028fc	1ce8ea93	ori	x21,x17,462	 x17:0x00000000 x21=0x000001ce
     116195.000 ns	     11618	80002900	035391b3	mulh	x3,x7,x21	  x7:0x00000000 x21:0x00000483  x3=0x00000000
     116245.000 ns	     11623	80002904	099d0653	fsub.s	f12,f26,f25	 f26:0x80000000 f25:0xffc00000 f12=0x7fc00000
     116265.000 ns	     11625	80002908	00000013	addi	x0,x0,0	  x0:0x00000000
     116285.000 ns	     11627	8000290c	28619ed3	fmax.s	f29,f3,f6	  f3:0x7fc00000  f6:0x7fc00000 f29=0x7fc00000
     116315.000 ns	     11630	80002910	e0061c53	fclass.s	x24,f12	 f12:0x7fc00000 x24=0x00000200
     116345.000 ns	     11633	80002914	d01878d3	fcvt.s.wu	f17,x16	 x16:0x7fffffff f17=0x4effffff
     116385.000 ns	     11637	80002918	18dafbd3	fdiv.s	f23,f21,f13	 f21:0x00000002 f13:0x00000000 f23=0x7f800000
     116405.000 ns	     11639	8000291c	00f78bb3	add	x23,x15,x15	 x15:0x80040fe4 x15:0x80040fe4 x23=0x00081fc8
     116425.000 ns	     11641	80002920	03f1a0b3	mulhsu	x1,x3,x31	  x3:0x00000000 x31:0x00000000  x1=0x00000000
     116455.000 ns	     11644	80002924	289f1cd3	fmax.s	f25,f30,f9	 f30:0x7fc00000  f9:0x80000001 f25=0x80000001
     116485.000 ns	     11647	80002928	a03d0253	fle.s	x4,f26,f3	 f26:0x80000000  f3:0x7fc00000  x4=0x00000000
     116505.000 ns	     11649	8000292c	41a155b3	sra	x11,x2,x26	  x2:0x00000000 x26:0xffffffff x11=0x00000000
     116515.000 ns	     11650	80002930	416a5c33	sra	x24,x20,x22	 x20:0x80041024 x22:0x00000000 x24=0x80041024
     116525.000 ns	     11651	80002934	00000013	addi	x0,x0,0	  x0:0x00000000
     116565.000 ns	     11655	80002938	0988f9d3	fsub.s	f19,f17,f24	 f17:0x4effffff f24:0x7ffff934 f19=0x7fc00000
     116615.000 ns	     11660	8000293c	007af5d3	fadd.s	f11,f21,f7	 f21:0x00000002  f7:0x7fc00000 f11=0x7fc00000
     116645.000 ns	     11663	80002940	a0958853	fle.s	x16,f11,f9	 f11:0xbf800000  f9:0x80000001 x16=0x00000000
     116675.000 ns	     11666	80002944	f00c82d3	fmv.w.x	f5,x25	 x25:0x00000000  f5=0x00000000
     116705.000 ns	     11669	80002948	02cb3cb3	mulhu	x25,x22,x12	 x22:0x00000000 x12:0xffffffff x25=0x00000000
     116735.000 ns	     11672	8000294c	29361b53	fmax.s	f22,f12,f19	 f12:0x7fc00000 f19:0x7fc00000 f22=0x7fc00000
     116755.000 ns	     11674	80002950	00000013	addi	x0,x0,0	  x0:0x00000000
     116775.000 ns	     11676	80002954	e00888d3	fmv.x.w	x17,f17	 f17:0x4effffff x17=0x4effffff
     117145.000 ns	     11713	80002958	02835333	divu	x6,x6,x8	  x6:0x00000001  x8:0x00000001  x6=0x00000001
     117165.000 ns	     11715	8000295c	01f955b3	srl	x11,x18,x31	 x18:0xfffffe7e x31:0x00000000 x11=0xfffffe7e
     117175.000 ns	     11716	80002960	3abb0d17	auipc	x26,0x3abb0	 x26=0xbabb2960
     117195.000 ns	     11718	80002964	e00c00d3	fmv.x.w	x1,f24	 f24:0x7ffff934  x1=0x7ffff934
     117225.000 ns	     11721	80002968	03f20433	mul	x8,x4,x31	  x4:0x00000000 x31:0x00000000  x8=0x00000000
     117245.000 ns	     11723	8000296c	0021d8b3	srl	x17,x3,x2	  x3:0x00000000  x2:0x00000000 x17=0x00000000
     117255.000 ns	     11724	80002970	40925513	srai	x10,x4,0x9	  x4:0x00000000 x10=0x00000000
     117265.000 ns	     11725	80002974	013fad33	slt	x26,x31,x19	 x31:0x00000000 x19:0x00000000 x26=0x00000000
     117285.000 ns	     11727	80002978	02246133	rem	x2,x8,x2	  x8:0x00000000  x2:0x00000000  x2=0x00000000
     117315.000 ns	     11730	8000297c	d01a2c53	fcvt.s.wu	f24,x20	 x20:0x80041024 f24=0x4f000411
     117355.000 ns	     11734	80002980	11881053	fmul.s	f0,f16,f24	 f16:0xfffff934 f24:0x7ffff934  f0=0x7fc00000
     117395.000 ns	     11738	80002984	18af9cd3	fdiv.s	f25,f31,f10	 f31:0x7fc00000 f10:0x55b090a8 f25=0x7fc00000
     117415.000 ns	     11740	80002988	411dd513	srai	x10,x27,0x11	 x27:0xfffffd22 x10=0xffffffff
     117425.000 ns	     11741	8000298c	0191fab3	and	x21,x3,x25	  x3:0x00000000 x25:0x00000000 x21=0x00000000
     117445.000 ns	     11743	80002990	02100cb3	mul	x25,x0,x1	  x0:0x00000000  x1:0x7ffff934 x25=0x00000000
     117485.000 ns	     11747	80002994	180af353	fdiv.s	f6,f21,f0	 f21:0x00000002  f0:0x7fc00000  f6=0x7fc00000
     117505.000 ns	     11749	80002998	01825bb3	srl	x23,x4,x24	  x4:0x00000000 x24:0x80041024 x23=0x00000000
     117865.000 ns	     11785	8000299c	02117db3	remu	x27,x2,x1	  x2:0x00000000  x1:0x7ffff934 x27=0x00000000
     117895.000 ns	     11788	800029a0	f00981d3	fmv.w.x	f3,x19	 x19:0x00000000  f3=0x00000000
     117925.000 ns	     11791	800029a4	c0023653	fcvt.w.s	x12,f4	  f4:0x7fc00000 x12=0x7fffffff
     118295.000 ns	     11828	800029a8	02f54833	div	x16,x10,x15	 x10:0xffffffff x15:0x80040fe4 x16=0x00000000
     118315.000 ns	     11830	800029ac	01a48533	add	x10,x9,x26	  x9:0xd00ee758 x26:0x00000000 x10=0xd00ee758
     118335.000 ns	     11832	800029b0	21e99f53	fsgnjn.s	f30,f19,f30	 f19:0x7fc00000 f30:0x7fc00000 f30=0xffc00000
     118365.000 ns	     11835	800029b4	219e24d3	fsgnjx.s	f9,f28,f25	 f28:0x00000001 f25:0x7fc00000  f9=0x00000001
     118395.000 ns	     11838	800029b8	c0107953	fcvt.wu.s	x18,f0	  f0:0x7fc00000 x18=0xffffffff
     118425.000 ns	     11841	800029bc	d00ebbd3	fcvt.s.w	f23,x29	 x29:0x03a00000 f23=0x4c680000
     118445.000 ns	     11843	800029c0	01519613	slli	x12,x3,0x15	  x3:0x00000000 x12=0x00000000
     118465.000 ns	     11845	800029c4	207525d3	fsgnjx.s	f11,f10,f7	 f10:0x55b090a8  f7:0x7fc00000 f11=0x55b090a8
     118495.000 ns	     11848	800029c8	d00af853	fcvt.s.w	f16,x21	 x21:0x00000000 f16=0x00000000
     118525.000 ns	     11851	800029cc	c01fbe53	fcvt.wu.s	x28,f31	 f31:0x7fc00000 x28=0xffffffff
     118545.000 ns	     11853	800029d0	00391eb3	sll	x29,x18,x3	 x18:0xffffffff  x3:0x00000000 x29=0xffffffff
     118565.000 ns	     11855	800029d4	e00f8453	fmv.x.w	x8,f31	 f31:0x7fc00000  x8=0x7fc00000
     118595.000 ns	     11858	800029d8	039360b3	rem	x1,x6,x25	  x6:0x00000001 x25:0x00000000  x1=0x00000001
     118635.000 ns	     11862	800029dc	11d277d3	fmul.s	f15,f4,f29	  f4:0x7fc00000 f29:0x7fc00000 f15=0x7fc00000
     118655.000 ns	     11864	800029e0	00000013	addi	x0,x0,0	  x0:0x00000000
     118675.000 ns	     11866	800029e4	0211bdb3	mulhu	x27,x3,x1	  x3:0x00000000  x1:0x00000001 x27=0x00000000
     118705.000 ns	     11869	800029e8	03a8bd33	mulhu	x26,x17,x26	 x17:0x00000000 x26:0x00000000 x26=0x00000000
     118735.000 ns	     11872	800029ec	020be133	rem	x2,x23,x0	 x23:0x00000000  x0:0x00000000  x2=0x00000000
     118765.000 ns	     11875	800029f0	d0164bd3	fcvt.s.wu	f23,x12	 x12:0x00000000 f23=0x00000000
     118795.000 ns	     11878	800029f4	02726ab3	rem	x21,x4,x7	  x4:0x00000000  x7:0x00000000 x21=0x00000000
     118825.000 ns	     11881	800029f8	0266a633	mulhsu	x12,x13,x6	 x13:0x00000003  x6:0x00000001 x12=0x00000000
     118855.000 ns	     11884	800029fc	f00f08d3	fmv.w.x	f17,x30	 x30:0xfffffc79 f17=0xfffffc79
     118875.000 ns	     11886	80002a00	00365b93	srli	x23,x12,0x3	 x12:0x00000000 x23=0x00000000
     118895.000 ns	     11888	80002a04	c0097653	fcvt.w.s	x12,f18	 f18:0x00000000 x12=0x00000000
     118925.000 ns	     11891	80002a08	29948253	fmin.s	f4,f9,f25	  f9:0x00000001 f25:0x7fc00000  f4=0x00000001
     118955.000 ns	     11894	80002a0c	20b29b53	fsgnjn.s	f22,f5,f11	  f5:0x00000000 f11:0x55b090a8 f22=0x80000000
     118985.000 ns	     11897	80002a10	a0038253	fle.s	x4,f7,f0	  f7:0x7fc00000  f0:0x7fc00000  x4=0x00000000
     119035.000 ns	     11902	80002a14	09fcca53	fsub.s	f20,f25,f31	 f25:0x7fc00000 f31:0x7fc00000 f20=0x7fc00000
     119065.000 ns	     11905	80002a18	28af1d53	fmax.s	f26,f30,f10	 f30:0xffc00000 f10:0x55b090a8 f26=0x55b090a8
     119085.000 ns	     11907	80002a1c	018f8e33	add	x28,x31,x24	 x31:0x00000000 x24:0x80041024 x28=0x80041024
     119095.000 ns	     11908	80002a20	92775d97	auipc	x27,0x92775	 x27=0x12777a20
     119115.000 ns	     11910	80002a24	03576f33	rem	x30,x14,x21	 x14:0x00000000 x21:0x00000000 x30=0x00000000
     119485.000 ns	     11947	80002a28	02a3fcb3	remu	x25,x7,x10	  x7:0x00000000 x10:0xd00ee758 x25=0x00000000
     119505.000 ns	     11949	80002a2c	34fc8613	addi	x12,x25,847	 x25:0x00000000 x12=0x0000034f
     119515.000 ns	     11950	80002a30	00f7f833	and	x16,x15,x15	 x15:0x80040fe4 x15:0x80040fe4 x16=0x80040fe4
     119525.000 ns	     11951	80002a34	013459b3	srl	x19,x8,x19	  x8:0x7fc00000 x19:0x00000000 x19=0x7fc00000
     119535.000 ns	     11952	80002a38	4033d4b3	sra	x9,x7,x3	  x7:0x00000000  x3:0x00000000  x9=0x00000000
     119545.000 ns	     11953	80002a3c	01206933	or	x18,x0,x18	  x0:0x00000000 x18:0xffffffff x18=0xffffffff
     119905.000 ns	     11989	80002a40	021cc5b3	div	x11,x25,x1	 x25:0x00000000  x1:0x00000001 x11=0x00000000
     119925.000 ns	     11991	80002a44	00f42c33	slt	x24,x8,x15	  x8:0x7fc00000 x15:0x80040fe4 x24=0x00000000
     119955.000 ns	     11994	80002a48	58037753	fsqrt.s	f14,f6	  f6:0x7fc00000 f14=0x7fc00000
     119975.000 ns	     11996	80002a4c	9a9f0393	addi	x7,x30,-1623	 x30:0x00000000  x7=0xfffff9a9
     119995.000 ns	     11998	80002a50	e00e9fd3	fclass.s	x31,f29	 f29:0x7fc00000 x31=0x00000200
     120015.000 ns	     12000	80002a54	016cddb3	srl	x27,x25,x22	 x25:0x00000000 x22:0x00000000 x27=0x00000000
     120035.000 ns	     12002	80002a58	e00810d3	fclass.s	x1,f16	 f16:0x00000000  x1=0x00000010
     120055.000 ns	     12004	80002a5c	00faf233	and	x4,x21,x15	 x21:0x00000000 x15:0x80040fe4  x4=0x00000000
     120095.000 ns	     12008	80002a60	08052c53	fsub.s	f24,f10,f0	 f10:0x55b090a8  f0:0x7fc00000 f24=0x7fc00000
     120115.000 ns	     12010	80002a64	00495033	srl	x0,x18,x4	 x18:0xffffffff  x4:0x00000000
     120135.000 ns	     12012	80002a68	02d0a3b3	mulhsu	x7,x1,x13	  x1:0x00000010 x13:0x00000003  x7=0x00000000
     120165.000 ns	     12015	80002a6c	293413d3	fmax.s	f7,f8,f19	  f8:0x40400000 f19:0x7fc00000  f7=0x40400000
     120535.000 ns	     12052	80002a70	034d6733	rem	x14,x26,x20	 x26:0x00000000 x20:0x80041024 x14=0x00000000
     120565.000 ns	     12055	80002a74	d01fc353	fcvt.s.wu	f6,x31	 x31:0x00000200  f6=0x44000000
     120585.000 ns	     12057	80002a78	417c5413	srai	x8,x24,0x17	 x24:0x00000000  x8=0x00000000
     120595.000 ns	     12058	80002a7c	01ab2613	slti	x12,x22,26	 x22:0x00000000 x12=0x00000001
     120615.000 ns	     12060	80002a80	a0b2a453	feq.s	x8,f5,f11	  f5:0x00000000 f11:0x55b090a8  x8=0x00000000
     120645.000 ns	     12063	80002a84	21c1acd3	fsgnjx.s	f25,f3,f28	  f3:0x00000000 f28:0x00000001 f25=0x00000000
     120675.000 ns	     12066	80002a88	a08021d3	feq.s	x3,f0,f8	  f0:0x7fc00000  f8:0x40400000  x3=0x00000000
     120725.000 ns	     12071	80002a8c	08a2f653	fsub.s	f12,f5,f10	  f5:0x00000000 f10:0x55b090a8 f12=0xd5b090a8
     120755.000 ns	     12074	80002a90	29b09a53	fmax.s	f20,f1,f27	  f1:0xff800000 f27:0xd5b090a8 f20=0xd5b090a8
     120785.000 ns	     12077	80002a94	0294b333	mulhu	x6,x9,x9	  x9:0x00000000  x9:0x00000000  x6=0x00000000
     120815.000 ns	     12080	80002a98	d0112cd3	fcvt.s.wu	f25,x2	  x2:0x00000000 f25=0x00000000
     120865.000 ns	     12085	80002a9c	01547cd3	fadd.s	f25,f8,f21	  f8:0x40400000 f21:0x00000002 f25=0x40400000
     120895.000 ns	     12088	80002aa0	29459d53	fmax.s	f26,f11,f20	 f11:0x55b090a8 f20:0xd5b090a8 f26=0x55b090a8
     120925.000 ns	     12091	80002aa4	d016fd53	fcvt.s.wu	f26,x13	 x13:0x00000003 f26=0x40400000
     120955.000 ns	     12094	80002aa8	e00a80d3	fmv.x.w	x1,f21	 f21:0x00000002  x1=0x00000002
     120985.000 ns	     12097	80002aac	29428ed3	fmin.s	f29,f5,f20	  f5:0x00000000 f20:0xd5b090a8 f29=0xd5b090a8
     121015.000 ns	     12100	80002ab0	02de83b3	mul	x7,x29,x13	 x29:0xffffffff x13:0x00000003  x7=0xfffffffd
     121035.000 ns	     12102	80002ab4	40c00eb3	sub	x29,x0,x12	  x0:0x00000000 x12:0x00000001 x29=0xffffffff
     121045.000 ns	     12103	80002ab8	d3e03513	sltiu	x10,x0,-706	  x0:0x00000000 x10=0x00000001
     121055.000 ns	     12104	80002abc	3b4d8d13	addi	x26,x27,948	 x27:0x00000000 x26=0x000003b4
     121075.000 ns	     12106	80002ac0	0250ee33	rem	x28,x1,x5	  x1:0x00000002  x5:0x00000000 x28=0x00000002
     121105.000 ns	     12109	80002ac4	a0ec0bd3	fle.s	x23,f24,f14	 f24:0x7fc00000 f14:0x7fc00000 x23=0x00000000
     121135.000 ns	     12112	80002ac8	d01093d3	fcvt.s.wu	f7,x1	  x1:0x00000002  f7=0x40000000
     121165.000 ns	     12115	80002acc	e0079b53	fclass.s	x22,f15	 f15:0x7fc00000 x22=0x00000200
     121205.000 ns	     12119	80002ad0	580dc953	fsqrt.s	f18,f27	 f27:0xd5b090a8 f18=0x7fc00000
     121225.000 ns	     12121	80002ad4	b0e30e93	addi	x29,x6,-1266	  x6:0x00000000 x29=0xfffffb0e
     121235.000 ns	     12122	80002ad8	5e1d6e93	ori	x29,x26,1505	 x26:0x000003b4 x29=0x000007f5
     121255.000 ns	     12124	80002adc	a10eaed3	feq.s	x29,f29,f16	 f29:0xd5b090a8 f16:0x00000000 x29=0x00000000
     121275.000 ns	     12126	80002ae0	90a10713	addi	x14,x2,-1782	  x2:0x00000000 x14=0xfffff90a
     121285.000 ns	     12127	80002ae4	40b70bb3	sub	x23,x14,x11	 x14:0x00000000 x11:0x00000000 x23=0xfffff90a
     121645.000 ns	     12163	80002ae8	02c2cd33	div	x26,x5,x12	  x5:0x00000000 x12:0x00000001 x26=0x00000000
     121675.000 ns	     12166	80002aec	03e259b3	divu	x19,x4,x30	  x4:0x00000000 x30:0x00000000 x19=0xffffffff
     121705.000 ns	     12169	80002af0	21399c53	fsgnjn.s	f24,f19,f19	 f19:0x7fc00000 f19:0x7fc00000 f24=0xffc00000
     121725.000 ns	     12171	80002af4	65c34193	xori	x3,x6,1628	  x6:0x00000000  x3=0x0000065c
     121735.000 ns	     12172	80002af8	0137a033	slt	x0,x15,x19	 x15:0x80040fe4 x19:0xffffffff
     121745.000 ns	     12173	80002afc	00000013	addi	x0,x0,0	  x0:0x00000000
     121755.000 ns	     12174	80002b00	01a84133	xor	x2,x16,x26	 x16:0x80040fe4 x26:0x00000000  x2=0x80040fe4
     121775.000 ns	     12176	80002b04	e0029ad3	fclass.s	x21,f5	  f5:0x00000000 x21=0x00000010
     121815.000 ns	     12180	80002b08	188bcad3	fdiv.s	f21,f23,f8	 f23:0x00000000  f8:0x40400000 f21=0x00000000
     121835.000 ns	     12182	80002b0c	f0f17a93	andi	x21,x2,-241	  x2:0x80040fe4 x21=0x80040f04
     121845.000 ns	     12183	80002b10	403fdbb3	sra	x23,x31,x3	 x31:0x00000200  x3:0x0000065c x23=0x00000000
     121855.000 ns	     12184	80002b14	d3a7a513	slti	x10,x15,-710	 x15:0x80040fe4 x10=0x00000001
     121865.000 ns	     12185	80002b18	00df2033	slt	x0,x30,x13	 x30:0x00000000 x13:0x00000003
     121875.000 ns	     12186	80002b1c	012563b3	or	x7,x10,x18	 x10:0x00000001 x18:0xffffffff  x7=0xffffffff
     121895.000 ns	     12188	80002b20	200209d3	fsgnj.s	f19,f4,f0	  f4:0x00000001  f0:0x7fc00000 f19=0x00000001
     121915.000 ns	     12190	80002b24	01a95d93	srli	x27,x18,0x1a	 x18:0xffffffff x27=0x0000003f
     121925.000 ns	     12191	80002b28	403fdb33	sra	x22,x31,x3	 x31:0x00000200  x3:0x0000065c x22=0x00000000
     121945.000 ns	     12193	80002b2c	02667633	remu	x12,x12,x6	 x12:0x00000001  x6:0x00000000 x12=0x00000001
     121965.000 ns	     12195	80002b30	00a89513	slli	x10,x17,0xa	 x17:0x00000000 x10=0x00000000
     121985.000 ns	     12197	80002b34	c019b9d3	fcvt.wu.s	x19,f19	 f19:0x00000001 x19=0x00000000
     122015.000 ns	     12200	80002b38	02a855b3	divu	x11,x16,x10	 x16:0x80040fe4 x10:0x00000001 x11=0xffffffff
     122045.000 ns	     12203	80002b3c	d00d8953	fcvt.s.w	f18,x27	 x27:0x0000003f f18=0x427c0000
     122075.000 ns	     12206	80002b40	e0021453	fclass.s	x8,f4	  f4:0x00000001  x8=0x00000020
     122105.000 ns	     12209	80002b44	d005f453	fcvt.s.w	f8,x11	 x11:0xffffffff  f8=0xbf800000
     122135.000 ns	     12212	80002b48	e00389d3	fmv.x.w	x19,f7	  f7:0x40000000 x19=0x40000000
     122165.000 ns	     12215	80002b4c	a10aa3d3	feq.s	x7,f21,f16	 f21:0x00000000 f16:0x00000000  x7=0x00000001
     122185.000 ns	     12217	80002b50	01cb9713	slli	x14,x23,0x1c	 x23:0x00000000 x14=0x00000000
     122205.000 ns	     12219	80002b54	02c4ac33	mulhsu	x24,x9,x12	  x9:0x00000000 x12:0x00000001 x24=0x00000000
     122225.000 ns	     12221	80002b58	40d40333	sub	x6,x8,x13	  x8:0x00000020 x13:0x00000003  x6=0x0000001d
     122235.000 ns	     12222	80002b5c	12ba3297	auipc	x5,0x12ba3	  x5=0x92ba5b5c
     122245.000 ns	     12223	80002b60	0167dc33	srl	x24,x15,x22	 x15:0x80040fe4 x22:0x00000000 x24=0x80040fe4
     122255.000 ns	     12224	80002b64	9a29c037	lui	x0,0x9a29c	
     122275.000 ns	     12226	80002b68	21199c53	fsgnjn.s	f24,f19,f17	 f19:0x00000001 f17:0xfffffc79 f24=0x00000001
     122295.000 ns	     12228	80002b6c	63d8b113	sltiu	x2,x17,1597	 x17:0x00000000  x2=0x00000001
     122315.000 ns	     12230	80002b70	206a84d3	fsgnj.s	f9,f21,f6	 f21:0x00000000  f6:0x44000000  f9=0x00000000
     122335.000 ns	     12232	80002b74	41f555b3	sra	x11,x10,x31	 x10:0x00000000 x31:0x00000200 x11=0x00000000
     122355.000 ns	     12234	80002b78	02404fb3	div	x31,x0,x4	  x0:0x00000000  x4:0x00000000 x31=0xffffffff
     122385.000 ns	     12237	80002b7c	e0000153	fmv.x.w	x2,f0	  f0:0x7fc00000  x2=0x7fc00000
     122755.000 ns	     12274	80002b80	02d268b3	rem	x17,x4,x13	  x4:0x00000000 x13:0x00000003 x17=0x00000000
     122775.000 ns	     12276	80002b84	417c6293	ori	x5,x24,1047	 x24:0x80040fe4  x5=0x80040ff7
     122785.000 ns	     12277	80002b88	00e8fd33	and	x26,x17,x14	 x17:0x00000000 x14:0x00000000 x26=0x00000000
     122795.000 ns	     12278	80002b8c	01b66833	or	x16,x12,x27	 x12:0x00000001 x27:0x0000003f x16=0x0000003f
     122815.000 ns	     12280	80002b90	e0040853	fmv.x.w	x16,f8	  f8:0xbf800000 x16=0xbf800000
     123185.000 ns	     12317	80002b94	02fd4b33	div	x22,x26,x15	 x26:0x00000000 x15:0x80040fe4 x22=0x00000000
     123215.000 ns	     12320	80002b98	288e95d3	fmax.s	f11,f29,f8	 f29:0xd5b090a8  f8:0xbf800000 f11=0xbf800000
     123235.000 ns	     12322	80002b9c	c5c8bab7	lui	x21,0xc5c8b	 x21=0xc5c8b000
     123255.000 ns	     12324	80002ba0	c01f1e53	fcvt.wu.s	x28,f30	 f30:0xffc00000 x28=0xffffffff
     123275.000 ns	     12326	80002ba4	012fd113	srli	x2,x31,0x12	 x31:0xffffffff  x2=0x00003fff
     123285.000 ns	     12327	80002ba8	01d972b3	and	x5,x18,x29	 x18:0xffffffff x29:0x00000000  x5=0x00000000
     123305.000 ns	     12329	80002bac	29618f53	fmin.s	f30,f3,f22	  f3:0x00000000 f22:0x80000000 f30=0x80000000
     123335.000 ns	     12332	80002bb0	21109053	fsgnjn.s	f0,f1,f17	  f1:0xff800000 f17:0xfffffc79  f0=0x7f800000
     123365.000 ns	     12335	80002bb4	a03c1753	flt.s	x14,f24,f3	 f24:0x00000001  f3:0x00000000 x14=0x00000000
     123395.000 ns	     12338	80002bb8	c01188d3	fcvt.wu.s	x17,f3	  f3:0x00000000 x17=0x00000000
     123425.000 ns	     12341	80002bbc	030b24b3	mulhsu	x9,x22,x16	 x22:0x00000000 x16:0xbf800000  x9=0x00000000
     123445.000 ns	     12343	80002bc0	0afd0493	addi	x9,x26,175	 x26:0x00000000  x9=0x000000af
     123455.000 ns	     12344	80002bc4	418ed193	srai	x3,x29,0x18	 x29:0x00000000  x3=0x00000000
     123465.000 ns	     12345	80002bc8	39e48c13	addi	x24,x9,926	  x9:0x00000000 x24=0x0000044d
     123475.000 ns	     12346	80002bcc	0ce2a593	slti	x11,x5,206	  x5:0x00000000 x11=0x00000001
     123485.000 ns	     12347	80002bd0	009c3433	sltu	x8,x24,x9	 x24:0x80040fe4  x9:0x000000af  x8=0x00000000
     123495.000 ns	     12348	80002bd4	00000013	addi	x0,x0,0	  x0:0x00000000
     123515.000 ns	     12350	80002bd8	c0067e53	fcvt.w.s	x28,f12	 f12:0xd5b090a8 x28=0x80000000
     123535.000 ns	     12352	80002bdc	41eb5e13	srai	x28,x22,0x1e	 x22:0x00000000 x28=0x00000000
     123555.000 ns	     12354	80002be0	c003fbd3	fcvt.w.s	x23,f7	  f7:0x40000000 x23=0x00000002
     123575.000 ns	     12356	80002be4	dec8a893	slti	x17,x17,-532	 x17:0x00000000 x17=0x00000000
     123595.000 ns	     12358	80002be8	282c1bd3	fmax.s	f23,f24,f2	 f24:0x00000001  f2:0x00000000 f23=0x00000001
     123625.000 ns	     12361	80002bec	28e58153	fmin.s	f2,f11,f14	 f11:0xbf800000 f14:0x7fc00000  f2=0xbf800000
     123655.000 ns	     12364	80002bf0	e0099bd3	fclass.s	x23,f19	 f19:0x00000001 x23=0x00000020
     123695.000 ns	     12368	80002bf4	11427653	fmul.s	f12,f4,f20	  f4:0x00000001 f20:0xd5b090a8 f12=0x8b3090a9
     123725.000 ns	     12371	80002bf8	036e8db3	mul	x27,x29,x22	 x29:0x00000000 x22:0x00000000 x27=0x00000000
     123755.000 ns	     12374	80002bfc	c005a4d3	fcvt.w.s	x9,f11	 f11:0xbf800000  x9=0xffffffff
     123775.000 ns	     12376	80002c00	01cc40b3	xor	x1,x24,x28	 x24:0x0000044d x28:0x00000000  x1=0x0000044d
     123805.000 ns	     12379	80002c04	19b2fed3	fdiv.s	f29,f5,f27	  f5:0x00000000 f27:0xd5b090a8 f29=0x80000000
     123825.000 ns	     12381	80002c08	00b0d013	srli	x0,x1,0xb	  x1:0x00000002
     123845.000 ns	     12383	80002c0c	02d328b3	mulhsu	x17,x6,x13	  x6:0x0000001d x13:0x00000003 x17=0x00000000
     123875.000 ns	     12386	80002c10	a0e51953	flt.s	x18,f10,f14	 f10:0x55b090a8 f14:0x7fc00000 x18=0x00000000
     123895.000 ns	     12388	80002c14	f8fd6e13	ori	x28,x26,-113	 x26:0x00000000 x28=0xffffff8f
     123905.000 ns	     12389	80002c18	01980433	add	x8,x16,x25	 x16:0xbf800000 x25:0x00000000  x8=0xbf800000
     123935.000 ns	     12392	80002c1c	1057f653	fmul.s	f12,f15,f5	 f15:0x7fc00000  f5:0x00000000 f12=0x7fc00000
     123955.000 ns	     12394	80002c20	00ec9393	slli	x7,x25,0xe	 x25:0x00000000  x7=0x00000000
     123975.000 ns	     12396	80002c24	283e9053	fmax.s	f0,f29,f3	 f29:0x80000000  f3:0x00000000  f0=0x00000000
     124005.000 ns	     12399	80002c28	e00f11d3	fclass.s	x3,f30	 f30:0x80000000  x3=0x00000008
     124035.000 ns	     12402	80002c2c	f00c0153	fmv.w.x	f2,x24	 x24:0x0000044d  f2=0x0000044d
     124075.000 ns	     12406	80002c30	1816a553	fdiv.s	f10,f13,f1	 f13:0x00000000  f1:0xff800000 f10=0x80000000
     124125.000 ns	     12411	80002c34	001bcc53	fadd.s	f24,f23,f1	 f23:0x00000001  f1:0xff800000 f24=0xff800000
     124145.000 ns	     12413	80002c38	00055893	srli	x17,x10,0x0	 x10:0x00000000 x17=0x00000000
     124165.000 ns	     12415	80002c3c	e0060cd3	fmv.x.w	x25,f12	 f12:0x7fc00000 x25=0x7fc00000
     124185.000 ns	     12417	80002c40	01ad6cb3	or	x25,x26,x26	 x26:0x00000000 x26:0x00000000 x25=0x00000000
     124205.000 ns	     12419	80002c44	f00a0f53	fmv.w.x	f30,x20	 x20:0x80041024 f30=0x80041024
     124225.000 ns	     12421	80002c48	3a6fe913	ori	x18,x31,934	 x31:0xffffffff x18=0xffffffff
     124245.000 ns	     12423	80002c4c	a052a2d3	feq.s	x5,f5,f5	  f5:0x00000000  f5:0x00000000  x5=0x00000001
     124265.000 ns	     12425	80002c50	0891ff13	andi	x30,x3,137	  x3:0x00000008 x30=0x00000008
     124275.000 ns	     12426	80002c54	7906f393	andi	x7,x13,1936	 x13:0x00000003  x7=0x00000000
     124285.000 ns	     12427	80002c58	40cf5813	srai	x16,x30,0xc	 x30:0x00000000 x16=0x00000000
     124305.000 ns	     12429	80002c5c	e00a8ad3	fmv.x.w	x21,f21	 f21:0x00000000 x21=0x00000000
     124345.000 ns	     12433	80002c60	10ff7653	fmul.s	f12,f30,f15	 f30:0x80041024 f15:0x7fc00000 f12=0x7fc00000
     124375.000 ns	     12436	80002c64	e0021d53	fclass.s	x26,f4	  f4:0x00000001 x26=0x00000020
     124405.000 ns	     12439	80002c68	e00880d3	fmv.x.w	x1,f17	 f17:0xfffffc79  x1=0xfffffc79
     124425.000 ns	     12441	80002c6c	0060d893	srli	x17,x1,0x6	  x1:0x0000044d x17=0x03fffff1
     124465.000 ns	     12445	80002c70	000479d3	fadd.s	f19,f8,f0	  f8:0xbf800000  f0:0x00000000 f19=0xbf800000
     124485.000 ns	     12447	80002c74	0118d293	srli	x5,x17,0x11	 x17:0x00000000  x5=0x000001ff
     124495.000 ns	     12448	80002c78	5b8ebd93	sltiu	x27,x29,1464	 x29:0x00000000 x27=0x00000001
     124855.000 ns	     12484	80002c7c	02fa70b3	remu	x1,x20,x15	 x20:0x80041024 x15:0x80040fe4  x1=0x00000040
     124885.000 ns	     12487	80002c80	e00a0dd3	fmv.x.w	x27,f20	 f20:0xd5b090a8 x27=0xd5b090a8
     124925.000 ns	     12491	80002c84	110e2b53	fmul.s	f22,f28,f16	 f28:0x00000001 f16:0x00000000 f22=0x00000000
     125265.000 ns	     12525	80002c88	1845b8d3	fdiv.s	f17,f11,f4	 f11:0xbf800000  f4:0x00000001 f17=0xfe34b4b6
     125285.000 ns	     12527	80002c8c	00b87b33	and	x22,x16,x11	 x16:0x00000000 x11:0x00000001 x22=0x00000000
     125645.000 ns	     12563	80002c90	031de233	rem	x4,x27,x17	 x27:0xd5b090a8 x17:0x03fffff1  x4=0xfdb09012
     125675.000 ns	     12566	80002c94	20b61ad3	fsgnjn.s	f21,f12,f11	 f12:0x7fc00000 f11:0xbf800000 f21=0x7fc00000
     125695.000 ns	     12568	80002c98	40255eb3	sra	x29,x10,x2	 x10:0x00000000  x2:0x00003fff x29=0x00000000
     125715.000 ns	     12570	80002c9c	281386d3	fmin.s	f13,f7,f1	  f7:0x40000000  f1:0xff800000 f13=0xff800000
     125745.000 ns	     12573	80002ca0	d0083b53	fcvt.s.w	f22,x16	 x16:0x00000000 f22=0x00000000
     125765.000 ns	     12575	80002ca4	011a9eb3	sll	x29,x21,x17	 x21:0x00000000 x17:0x03fffff1 x29=0x00000000
     125785.000 ns	     12577	80002ca8	a193a453	feq.s	x8,f7,f25	  f7:0x40000000 f25:0x40400000  x8=0x00000000
     125805.000 ns	     12579	80002cac	76e08593	addi	x11,x1,1902	  x1:0x00000040 x11=0x000007ae
     125815.000 ns	     12580	80002cb0	009d53b3	srl	x7,x26,x9	 x26:0x00000020  x9:0xffffffff  x7=0x00000000
     125825.000 ns	     12581	80002cb4	54717c13	andi	x24,x2,1351	  x2:0x00003fff x24=0x00000547
     125845.000 ns	     12583	80002cb8	03ddc233	div	x4,x27,x29	 x27:0xd5b090a8 x29:0x00000000  x4=0xffffffff
     125875.000 ns	     12586	80002cbc	297585d3	fmin.s	f11,f11,f23	 f11:0xbf800000 f23:0x00000001 f11=0xbf800000
     125925.000 ns	     12591	80002cc0	01d774d3	fadd.s	f9,f14,f29	 f14:0x7fc00000 f29:0x80000000  f9=0x7fc00000
     125965.000 ns	     12595	80002cc4	198e4153	fdiv.s	f2,f28,f24	 f28:0x00000001 f24:0xff800000  f2=0x80000000
     126335.000 ns	     12632	80002cc8	03b67733	remu	x14,x12,x27	 x12:0x00000001 x27:0xd5b090a8 x14=0x00000001
     126365.000 ns	     12635	80002ccc	d011c453	fcvt.s.wu	f8,x3	  x3:0x00000008  f8=0x41000000
     126395.000 ns	     12638	80002cd0	29109653	fmax.s	f12,f1,f17	  f1:0xff800000 f17:0xfe34b4b6 f12=0xfe34b4b6
     126415.000 ns	     12640	80002cd4	00d9b9b3	sltu	x19,x19,x13	 x19:0x40000000 x13:0x00000003 x19=0x00000000
     126425.000 ns	     12641	80002cd8	79db4113	xori	x2,x22,1949	 x22:0x00000000  x2=0x0000079d
     126435.000 ns	     12642	80002cdc	017b7b33	and	x22,x22,x23	 x22:0x00000000 x23:0x00000020 x22=0x00000000
     126445.000 ns	     12643	80002ce0	e6162a93	slti	x21,x12,-415	 x12:0x00000001 x21=0x00000000
     126485.000 ns	     12647	80002ce4	08ec9cd3	fsub.s	f25,f25,f14	 f25:0x40400000 f14:0x7fc00000 f25=0x7fc00000
     126535.000 ns	     12652	80002ce8	09a2a8d3	fsub.s	f17,f5,f26	  f5:0x00000000 f26:0x40400000 f17=0xc0400000
     126555.000 ns	     12654	80002cec	0117c3b3	xor	x7,x15,x17	 x15:0x80040fe4 x17:0x03fffff1  x7=0x83fbf015
     126575.000 ns	     12656	80002cf0	03e092b3	mulh	x5,x1,x30	  x1:0x00000040 x30:0x00000008  x5=0x00000000
     126625.000 ns	     12661	80002cf4	08b37fd3	fsub.s	f31,f6,f11	  f6:0x44000000 f11:0xbf800000 f31=0x44004000
     126655.000 ns	     12664	80002cf8	02a2cfb3	div	x31,x5,x10	  x5:0x00000000 x10:0x00000000 x31=0xffffffff
     126695.000 ns	     12668	80002cfc	10b3aed3	fmul.s	f29,f7,f11	  f7:0x40000000 f11:0xbf800000 f29=0xc0000000
     126725.000 ns	     12671	80002d00	03e29bb3	mulh	x23,x5,x30	  x5:0x00000000 x30:0x00000008 x23=0x00000000
     126745.000 ns	     12673	80002d04	0126cab3	xor	x21,x13,x18	 x13:0x00000003 x18:0xffffffff x21=0xfffffffc
     126755.000 ns	     12674	80002d08	40af5393	srai	x7,x30,0xa	 x30:0x00000008  x7=0x00000000
     126775.000 ns	     12676	80002d0c	e0088e53	fmv.x.w	x28,f17	 f17:0xc0400000 x28=0xc0400000
     126795.000 ns	     12678	80002d10	01a19093	slli	x1,x3,0x1a	  x3:0x00000008  x1=0x20000000
     126805.000 ns	     12679	80002d14	005a9bb3	sll	x23,x21,x5	 x21:0xfffffffc  x5:0x00000000 x23=0xfffffffc
     126825.000 ns	     12681	80002d18	f00a8fd3	fmv.w.x	f31,x21	 x21:0xfffffffc f31=0xfffffffc
     126845.000 ns	     12683	80002d1c	00eb2ab3	slt	x21,x22,x14	 x22:0x00000000 x14:0x00000001 x21=0x00000001
     126865.000 ns	     12685	80002d20	038532b3	mulhu	x5,x10,x24	 x10:0x00000000 x24:0x00000547  x5=0x00000000
     127205.000 ns	     12719	80002d24	19dbfdd3	fdiv.s	f27,f23,f29	 f23:0x00000001 f29:0xc0000000 f27=0x80000000
     127235.000 ns	     12722	80002d28	206fa653	fsgnjx.s	f12,f31,f6	 f31:0xfffffffc  f6:0x44000000 f12=0xfffffffc
     127255.000 ns	     12724	80002d2c	0109b5b3	sltu	x11,x19,x16	 x19:0x00000000 x16:0x00000000 x11=0x00000000
     127275.000 ns	     12726	80002d30	286c82d3	fmin.s	f5,f25,f6	 f25:0x7fc00000  f6:0x44000000  f5=0x44000000
     127305.000 ns	     12729	80002d34	02ba6eb3	rem	x29,x20,x11	 x20:0x80041024 x11:0x000007ae x29=0x80041024
     127325.000 ns	     12731	80002d38	0175d113	srli	x2,x11,0x17	 x11:0x00000000  x2=0x00000000
     127355.000 ns	     12734	80002d3c	10ff7053	fmul.s	f0,f30,f15	 f30:0x80041024 f15:0x7fc00000  f0=0x7fc00000
     127385.000 ns	     12737	80002d40	031485b3	mul	x11,x9,x17	  x9:0xffffffff x17:0x03fffff1 x11=0xfc00000f
     127415.000 ns	     12740	80002d44	e00b1753	fclass.s	x14,f22	 f22:0x00000000 x14=0x00000010
     127445.000 ns	     12743	80002d48	03c51b33	mulh	x22,x10,x28	 x10:0x00000000 x28:0xc0400000 x22=0x00000000
     127475.000 ns	     12746	80002d4c	28cc1dd3	fmax.s	f27,f24,f12	 f24:0xff800000 f12:0xfffffffc f27=0xff800000
     127495.000 ns	     12748	80002d50	7c8cecb7	lui	x25,0x7c8ce	 x25=0x7c8ce000
     127505.000 ns	     12749	80002d54	017e2533	slt	x10,x28,x23	 x28:0xc0400000 x23:0xfffffffc x10=0x00000001
     127525.000 ns	     12751	80002d58	031fa833	mulhsu	x16,x31,x17	 x31:0xffffffff x17:0x03fffff1 x16=0xffffffff
     127555.000 ns	     12754	80002d5c	a0362e53	feq.s	x28,f12,f3	 f12:0xfffffffc  f3:0x00000000 x28=0x00000000
     127585.000 ns	     12757	80002d60	a0ac23d3	feq.s	x7,f24,f10	 f24:0xff800000 f10:0x80000000  x7=0x00000000
     127605.000 ns	     12759	80002d64	01205513	srli	x10,x0,0x12	  x0:0x00000000 x10=0x00000000
     127615.000 ns	     12760	80002d68	01db12b3	sll	x5,x22,x29	 x22:0x00000000 x29:0x80041024  x5=0x00000000
     127655.000 ns	     12764	80002d6c	00fefa53	fadd.s	f20,f29,f15	 f29:0xc0000000 f15:0x7fc00000 f20=0x7fc00000
     127685.000 ns	     12767	80002d70	03892633	mulhsu	x12,x18,x24	 x18:0xffffffff x24:0x00000547 x12=0xffffffff
     128055.000 ns	     12804	80002d74	02bdd933	divu	x18,x27,x11	 x27:0xd5b090a8 x11:0xfc00000f x18=0x00000000
     128075.000 ns	     12806	80002d78	17838213	addi	x4,x7,376	  x7:0x00000000  x4=0x00000178
     128095.000 ns	     12808	80002d7c	217a05d3	fsgnj.s	f11,f20,f23	 f20:0x7fc00000 f23:0x00000001 f11=0x7fc00000
     128135.000 ns	     12812	80002d80	19640253	fdiv.s	f4,f8,f22	  f8:0x41000000 f22:0x00000000  f4=0x7f800000
     128155.000 ns	     12814	80002d84	01665f13	srli	x30,x12,0x16	 x12:0xffffffff x30=0x000003ff
     128175.000 ns	     12816	80002d88	036e5b33	divu	x22,x28,x22	 x28:0x00000000 x22:0x00000000 x22=0xffffffff
     128195.000 ns	     12818	80002d8c	00d0cbb3	xor	x23,x1,x13	  x1:0x20000000 x13:0x00000003 x23=0x20000003
     128205.000 ns	     12819	80002d90	00000013	addi	x0,x0,0	  x0:0x00000000
     128565.000 ns	     12855	80002d94	03fc75b3	remu	x11,x24,x31	 x24:0x00000547 x31:0xffffffff x11=0x00000547
     128595.000 ns	     12858	80002d98	d013fc53	fcvt.s.wu	f24,x7	  x7:0x00000000 f24=0x00000000
     128615.000 ns	     12860	80002d9c	00e2f8b3	and	x17,x5,x14	  x5:0x00000000 x14:0x00000010 x17=0x00000000
     128625.000 ns	     12861	80002da0	63fa8293	addi	x5,x21,1599	 x21:0x00000001  x5=0x00000640
     128635.000 ns	     12862	80002da4	00fa52b3	srl	x5,x20,x15	 x20:0x80041024 x15:0x80040fe4  x5=0x08004102
     128645.000 ns	     12863	80002da8	40d8d413	srai	x8,x17,0xd	 x17:0x00000000  x8=0x00000000
     128665.000 ns	     12865	80002dac	c006fcd3	fcvt.w.s	x25,f13	 f13:0xff800000 x25=0x80000000
     129035.000 ns	     12902	80002db0	03e6c233	div	x4,x13,x30	 x13:0x00000003 x30:0x000003ff  x4=0x00000000
     129055.000 ns	     12904	80002db4	00000013	addi	x0,x0,0	  x0:0x00000000
     129085.000 ns	     12907	80002db8	19b87253	fdiv.s	f4,f16,f27	 f16:0x00000000 f27:0xff800000  f4=0x80000000
     129105.000 ns	     12909	80002dbc	01ab49b3	xor	x19,x22,x26	 x22:0xffffffff x26:0x00000020 x19=0xffffffdf
     129125.000 ns	     12911	80002dc0	d0197053	fcvt.s.wu	f0,x18	 x18:0x00000000  f0=0x00000000
     129145.000 ns	     12913	80002dc4	403d0e33	sub	x28,x26,x3	 x26:0x00000020  x3:0x00000008 x28=0x00000018
     129155.000 ns	     12914	80002dc8	4095d813	srai	x16,x11,0x9	 x11:0x00000547 x16=0x00000002
     129195.000 ns	     12918	80002dcc	008792d3	fadd.s	f5,f15,f8	 f15:0x7fc00000  f8:0x41000000  f5=0x7fc00000
     129215.000 ns	     12920	80002dd0	00845833	srl	x16,x8,x8	  x8:0x00000000  x8:0x00000000 x16=0x00000000
     129225.000 ns	     12921	80002dd4	01af4e33	xor	x28,x30,x26	 x30:0x000003ff x26:0x00000020 x28=0x000003df
     129235.000 ns	     12922	80002dd8	00b64f33	xor	x30,x12,x11	 x12:0xffffffff x11:0x00000547 x30=0xfffffab8
     129275.000 ns	     12926	80002ddc	089f24d3	fsub.s	f9,f30,f9	 f30:0x80041024  f9:0x7fc00000  f9=0x7fc00000
     130455.000 ns	     13044	80002de0	5803f5d3	fsqrt.s	f11,f7	  f7:0x40000000 f11=0x3f350482
     130485.000 ns	     13047	80002de4	e0038dd3	fmv.x.w	x27,f7	  f7:0x40000000 x27=0x40000000
     130505.000 ns	     13049	80002de8	01159493	slli	x9,x11,0x11	 x11:0x00000547  x9=0x0a8e0000
     130525.000 ns	     13051	80002dec	286206d3	fmin.s	f13,f4,f6	  f4:0x80000000  f6:0x44000000 f13=0x80000000
     130545.000 ns	     13053	80002df0	472cf713	andi	x14,x25,1138	 x25:0x80000000 x14=0x00000000
     130565.000 ns	     13055	80002df4	03ff0433	mul	x8,x30,x31	 x30:0xfffffab8 x31:0xffffffff  x8=0x00000548
     130595.000 ns	     13058	80002df8	a1e7af53	feq.s	x30,f15,f30	 f15:0x7fc00000 f30:0x80041024 x30=0x00000000
     130615.000 ns	     13060	80002dfc	bbb46513	ori	x10,x8,-1093	  x8:0x00000548 x10=0xfffffffb
     130635.000 ns	     13062	80002e00	a1892ad3	feq.s	x21,f18,f24	 f18:0x427c0000 f24:0x00000000 x21=0x00000000
     130655.000 ns	     13064	80002e04	5dbd4013	xori	x0,x26,1499	 x26:0x00000020
     130665.000 ns	     13065	80002e08	01230fb3	add	x31,x6,x18	  x6:0x0000001d x18:0x00000000 x31=0x0000001d
     130675.000 ns	     13066	80002e0c	01059093	slli	x1,x11,0x10	 x11:0x00000547  x1=0x05470000
     130685.000 ns	     13067	80002e10	bfa3a493	slti	x9,x7,-1030	  x7:0x00000000  x9=0x00000000
     130695.000 ns	     13068	80002e14	9bc7cc93	xori	x25,x15,-1604	 x15:0x80040fe4 x25=0x7ffbf658
     130715.000 ns	     13070	80002e18	e00f0253	fmv.x.w	x4,f30	 f30:0x80041024  x4=0x80041024
     130745.000 ns	     13073	80002e1c	03f60f33	mul	x30,x12,x31	 x12:0xffffffff x31:0x0000001d x30=0xffffffe3
     130775.000 ns	     13076	80002e20	20708553	fsgnj.s	f10,f1,f7	  f1:0xff800000  f7:0x40000000 f10=0x7f800000
     130795.000 ns	     13078	80002e24	c5a54b13	xori	x22,x10,-934	 x10:0xfffffffb x22=0x000003a1
     130815.000 ns	     13080	80002e28	d00528d3	fcvt.s.w	f17,x10	 x10:0xfffffffb f17=0xc0a00000
     131185.000 ns	     13117	80002e2c	024fdf33	divu	x30,x31,x4	 x31:0x0000001d  x4:0x80041024 x30=0x00000000
     131215.000 ns	     13120	80002e30	282d88d3	fmin.s	f17,f27,f2	 f27:0xff800000  f2:0x80000000 f17=0xff800000
     131235.000 ns	     13122	80002e34	a2237b93	andi	x23,x6,-1502	  x6:0x0000001d x23=0x00000000
     131245.000 ns	     13123	80002e38	d20ab493	sltiu	x9,x21,-736	 x21:0x00000000  x9=0x00000001
     131605.000 ns	     13159	80002e3c	02fc79b3	remu	x19,x24,x15	 x24:0x00000547 x15:0x80040fe4 x19=0x00000547
     131625.000 ns	     13161	80002e40	e5595cb7	lui	x25,0xe5595	 x25=0xe5595000
     131655.000 ns	     13164	80002e44	19007253	fdiv.s	f4,f0,f16	  f0:0x00000000 f16:0x00000000  f4=0x7fc00000
     131675.000 ns	     13166	80002e48	01a6f4b3	and	x9,x13,x26	 x13:0x00000003 x26:0x00000020  x9=0x00000000
     131685.000 ns	     13167	80002e4c	18518993	addi	x19,x3,389	  x3:0x00000008 x19=0x0000018d
     131705.000 ns	     13169	80002e50	c0133553	fcvt.wu.s	x10,f6	  f6:0x44000000 x10=0x00000200
     131725.000 ns	     13171	80002e54	00ebdd93	srli	x27,x23,0xe	 x23:0x00000000 x27=0x00000000
     131735.000 ns	     13172	80002e58	00989213	slli	x4,x17,0x9	 x17:0x00000000  x4=0x00000000
     131755.000 ns	     13174	80002e5c	02e12bb3	mulhsu	x23,x2,x14	  x2:0x00000000 x14:0x00000000 x23=0x00000000
     131775.000 ns	     13176	80002e60	010df8b3	and	x17,x27,x16	 x27:0x00000000 x16:0x00000000 x17=0x00000000
     131785.000 ns	     13177	80002e64	025fdd37	lui	x26,0x25fd	 x26=0x025fd000
     132145.000 ns	     13213	80002e68	0253de33	divu	x28,x7,x5	  x7:0x00000000  x5:0x08004102 x28=0x00000000
     132515.000 ns	     13250	80002e6c	02b85333	divu	x6,x16,x11	 x16:0x00000000 x11:0x00000547  x6=0x00000000
     132555.000 ns	     13254	80002e70	1094fad3	fmul.s	f21,f9,f9	  f9:0x7fc00000  f9:0x7fc00000 f21=0x7fc00000
     132585.000 ns	     13257	80002e74	21f5a6d3	fsgnjx.s	f13,f11,f31	 f11:0x3f350482 f31:0xfffffffc f13=0xbf350482
     132615.000 ns	     13260	80002e78	28f28b53	fmin.s	f22,f5,f15	  f5:0x7fc00000 f15:0x7fc00000 f22=0x7fc00000
     132645.000 ns	     13263	80002e7c	a0e32253	feq.s	x4,f6,f14	  f6:0x44000000 f14:0x7fc00000  x4=0x00000000
     132665.000 ns	     13265	80002e80	009be933	or	x18,x23,x9	 x23:0x00000000  x9:0x00000000 x18=0x00000000
     132675.000 ns	     13266	80002e84	40845393	srai	x7,x8,0x8	  x8:0x00000548  x7=0x00000005
     132695.000 ns	     13268	80002e88	c01b9d53	fcvt.wu.s	x26,f23	 f23:0x00000001 x26=0x00000000
     132725.000 ns	     13271	80002e8c	a07da353	feq.s	x6,f27,f7	 f27:0xff800000  f7:0x40000000  x6=0x00000000
     132775.000 ns	     13276	80002e90	0943fd53	fsub.s	f26,f7,f20	  f7:0x40000000 f20:0x7fc00000 f26=0x7fc00000
     132795.000 ns	     13278	80002e94	dfe2f593	andi	x11,x5,-514	  x5:0x08004102 x11=0x08004102
     132815.000 ns	     13280	80002e98	a1591ad3	flt.s	x21,f18,f21	 f18:0x427c0000 f21:0x7fc00000 x21=0x00000000
     132835.000 ns	     13282	80002e9c	0c0c0b93	addi	x23,x24,192	 x24:0x00000547 x23=0x00000607
     132845.000 ns	     13283	80002ea0	caab9197	auipc	x3,0xcaab9	  x3=0x4aabbea0
     132855.000 ns	     13284	80002ea4	fdf8ad13	slti	x26,x17,-33	 x17:0x00000000 x26=0x00000000
     132865.000 ns	     13285	80002ea8	40f3d933	sra	x18,x7,x15	  x7:0x00000005 x15:0x80040fe4 x18=0x00000000
     133225.000 ns	     13321	80002eac	03f8f533	remu	x10,x17,x31	 x17:0x00000000 x31:0x0000001d x10=0x00000000
     133595.000 ns	     13358	80002eb0	02b45eb3	divu	x29,x8,x11	  x8:0x00000548 x11:0x08004102 x29=0x00000000
     133625.000 ns	     13361	80002eb4	d00e2cd3	fcvt.s.w	f25,x28	 x28:0x00000000 f25=0x00000000
     133645.000 ns	     13363	80002eb8	3fda0813	addi	x16,x20,1021	 x20:0x80041024 x16=0x80041421
     133655.000 ns	     13364	80002ebc	017a9a93	slli	x21,x21,0x17	 x21:0x00000000 x21=0x00000000
     133665.000 ns	     13365	80002ec0	01465093	srli	x1,x12,0x14	 x12:0xffffffff  x1=0x00000fff
     133685.000 ns	     13367	80002ec4	e00a12d3	fclass.s	x5,f20	 f20:0x7fc00000  x5=0x00000200
     133705.000 ns	     13369	80002ec8	01ea2133	slt	x2,x20,x30	 x20:0x80041024 x30:0x00000000  x2=0x00000001
     133725.000 ns	     13371	80002ecc	a13618d3	flt.s	x17,f12,f19	 f12:0xfffffffc f19:0xbf800000 x17=0x00000000
     133755.000 ns	     13374	80002ed0	e0081fd3	fclass.s	x31,f16	 f16:0x00000000 x31=0x00000010
     133785.000 ns	     13377	80002ed4	296d9053	fmax.s	f0,f27,f22	 f27:0xff800000 f22:0x7fc00000  f0=0xff800000
     133805.000 ns	     13379	80002ed8	0034d433	srl	x8,x9,x3	  x9:0x00000000  x3:0x4aabbea0  x8=0x00000000
     134165.000 ns	     13415	80002edc	02b74db3	div	x27,x14,x11	 x14:0x00000000 x11:0x08004102 x27=0x00000000
     134535.000 ns	     13452	80002ee0	02d6ec33	rem	x24,x13,x13	 x13:0x00000003 x13:0x00000003 x24=0x00000000
     134565.000 ns	     13455	80002ee4	03aa05b3	mul	x11,x20,x26	 x20:0x80041024 x26:0x00000000 x11=0x00000000
     134595.000 ns	     13458	80002ee8	03863ab3	mulhu	x21,x12,x24	 x12:0xffffffff x24:0x00000000 x21=0x00000000
     134625.000 ns	     13461	80002eec	f00f0ad3	fmv.w.x	f21,x30	 x30:0x00000000 f21=0x00000000
     134645.000 ns	     13463	80002ef0	01b10cb3	add	x25,x2,x27	  x2:0x00000001 x27:0x00000000 x25=0x00000001
     134655.000 ns	     13464	80002ef4	01eca233	slt	x4,x25,x30	 x25:0xe5595000 x30:0x00000000  x4=0x00000000
     134665.000 ns	     13465	80002ef8	2d6e7013	andi	x0,x28,726	 x28:0x00000000
     134685.000 ns	     13467	80002efc	c002fb53	fcvt.w.s	x22,f5	  f5:0x7fc00000 x22=0x7fffffff
     134705.000 ns	     13469	80002f00	00000013	addi	x0,x0,0	  x0:0x00000000
     134715.000 ns	     13470	80002f04	40e7d013	srai	x0,x15,0xe	 x15:0x80040fe4
     134735.000 ns	     13472	80002f08	0332b533	mulhu	x10,x5,x19	  x5:0x00000200 x19:0x0000018d x10=0x00000000
     134765.000 ns	     13475	80002f0c	a130ad53	feq.s	x26,f1,f19	  f1:0xff800000 f19:0xbf800000 x26=0x00000000
     134785.000 ns	     13477	80002f10	40db5893	srai	x17,x22,0xd	 x22:0x7fffffff x17=0x0003ffff
     134795.000 ns	     13478	80002f14	2b805517	auipc	x10,0x2b805	 x10=0xab807f14
     134805.000 ns	     13479	80002f18	01df1713	slli	x14,x30,0x1d	 x30:0x00000000 x14=0x00000000
     134815.000 ns	     13480	80002f1c	40805593	srai	x11,x0,0x8	  x0:0x00000000 x11=0x00000000
     134835.000 ns	     13482	80002f20	f00a8c53	fmv.w.x	f24,x21	 x21:0x00000000 f24=0x00000000
     135205.000 ns	     13519	80002f24	027e7733	remu	x14,x28,x7	 x28:0x00000000  x7:0x00000005 x14=0x00000000
     135255.000 ns	     13524	80002f28	00f9fd53	fadd.s	f26,f19,f15	 f19:0xbf800000 f15:0x7fc00000 f26=0x7fc00000
     135275.000 ns	     13526	80002f2c	535c7017	auipc	x0,0x535c7	
     135285.000 ns	     13527	80002f30	402bd133	sra	x2,x23,x2	 x23:0x00000607  x2:0x00000001  x2=0x00000303
     135295.000 ns	     13528	80002f34	397b1937	lui	x18,0x397b1	 x18=0x397b1000
     135305.000 ns	     13529	80002f38	cac9b837	lui	x16,0xcac9b	 x16=0xcac9b000
     135325.000 ns	     13531	80002f3c	03cebb33	mulhu	x22,x29,x28	 x29:0x00000000 x28:0x00000000 x22=0x00000000
     135345.000 ns	     13533	80002f40	01159413	slli	x8,x11,0x11	 x11:0x00000000  x8=0x00000000
     135365.000 ns	     13535	80002f44	28828553	fmin.s	f10,f5,f8	  f5:0x7fc00000  f8:0x41000000 f10=0x41000000
     135405.000 ns	     13539	80002f48	10d31cd3	fmul.s	f25,f6,f13	  f6:0x44000000 f13:0xbf350482 f25=0xc3b50482
     135775.000 ns	     13576	80002f4c	02acd433	divu	x8,x25,x10	 x25:0x00000001 x10:0xab807f14  x8=0x00000000
     136145.000 ns	     13613	80002f50	02205033	divu	x0,x0,x2	  x0:0x00000000  x2:0x00000303
     136165.000 ns	     13615	80002f54	b3297937	lui	x18,0xb3297	 x18=0xb3297000
     136185.000 ns	     13617	80002f58	03369833	mulh	x16,x13,x19	 x13:0x00000003 x19:0x0000018d x16=0x00000000
     136215.000 ns	     13620	80002f5c	020dd733	divu	x14,x27,x0	 x27:0x00000000  x0:0x00000000 x14=0xffffffff
     136245.000 ns	     13623	80002f60	029ea4b3	mulhsu	x9,x29,x9	 x29:0x00000000  x9:0x00000000  x9=0x00000000
     136265.000 ns	     13625	80002f64	7570cc93	xori	x25,x1,1879	  x1:0x00000fff x25=0x000008a8
     136285.000 ns	     13627	80002f68	d00cfed3	fcvt.s.w	f29,x25	 x25:0x00000001 f29=0x450a8000
     136315.000 ns	     13630	80002f6c	a1c404d3	fle.s	x9,f8,f28	  f8:0x41000000 f28:0x00000001  x9=0x00000000
     136335.000 ns	     13632	80002f70	447ecb93	xori	x23,x29,1095	 x29:0x00000000 x23=0x00000447
     136355.000 ns	     13634	80002f74	f00f0953	fmv.w.x	f18,x30	 x30:0x00000000 f18=0x00000000
     136385.000 ns	     13637	80002f78	28d29fd3	fmax.s	f31,f5,f13	  f5:0x7fc00000 f13:0xbf350482 f31=0xbf350482
     136415.000 ns	     13640	80002f7c	02911d33	mulh	x26,x2,x9	  x2:0x00000303  x9:0x00000000 x26=0x00000000
     136435.000 ns	     13642	80002f80	00d35313	srli	x6,x6,0xd	  x6:0x00000000  x6=0x00000000
     136455.000 ns	     13644	80002f84	e00119d3	fclass.s	x19,f2	  f2:0x80000000 x19=0x00000008
     136475.000 ns	     13646	80002f88	06220d13	addi	x26,x4,98	  x4:0x00000000 x26=0x00000062
     136835.000 ns	     13682	80002f8c	03a6f133	remu	x2,x13,x26	 x13:0x00000003 x26:0x00000000  x2=0x00000003
     136855.000 ns	     13684	80002f90	278a4213	xori	x4,x20,632	 x20:0x80041024  x4=0x8004125c
     136865.000 ns	     13685	80002f94	d44f7b93	andi	x23,x30,-700	 x30:0x00000000 x23=0x00000000
     136895.000 ns	     13688	80002f98	1916aa53	fdiv.s	f20,f13,f17	 f13:0xbf350482 f17:0xff800000 f20=0x00000000
     136935.000 ns	     13692	80002f9c	18a77d53	fdiv.s	f26,f14,f10	 f14:0x7fc00000 f10:0x41000000 f26=0x7fc00000
     136955.000 ns	     13694	80002fa0	51bb2993	slti	x19,x22,1307	 x22:0x00000000 x19=0x00000001
     136975.000 ns	     13696	80002fa4	a04e88d3	fle.s	x17,f29,f4	 f29:0x450a8000  f4:0x7fc00000 x17=0x00000000
     136995.000 ns	     13698	80002fa8	f93bfc13	andi	x24,x23,-109	 x23:0x00000000 x24=0x00000000
     137005.000 ns	     13699	80002fac	e7ae6997	auipc	x19,0xe7ae6	 x19=0x67ae8fac
     137015.000 ns	     13700	80002fb0	c6995897	auipc	x17,0xc6995	 x17=0x46997fb0
     137025.000 ns	     13701	80002fb4	00000013	addi	x0,x0,0	  x0:0x00000000
     137045.000 ns	     13703	80002fb8	d01ea9d3	fcvt.s.wu	f19,x29	 x29:0x00000000 f19=0x00000000
     137075.000 ns	     13706	80002fbc	29699c53	fmax.s	f24,f19,f22	 f19:0xbf800000 f22:0x7fc00000 f24=0x00000000
     137095.000 ns	     13708	80002fc0	019c1f93	slli	x31,x24,0x19	 x24:0x00000000 x31=0x00000000
     137105.000 ns	     13709	80002fc4	0161d593	srli	x11,x3,0x16	  x3:0x4aabbea0 x11=0x0000012a
     137125.000 ns	     13711	80002fc8	e00d9dd3	fclass.s	x27,f27	 f27:0xff800000 x27=0x00000001
     137155.000 ns	     13714	80002fcc	e00c1653	fclass.s	x12,f24	 f24:0x00000000 x12=0x00000010
     137175.000 ns	     13716	80002fd0	a232f213	andi	x4,x5,-1501	  x5:0x00000200  x4=0x00000200
     137195.000 ns	     13718	80002fd4	c007ce53	fcvt.w.s	x28,f15	 f15:0x7fc00000 x28=0x7fffffff
     138375.000 ns	     13836	80002fd8	58047953	fsqrt.s	f18,f8	  f8:0x41000000 f18=0x3fb50482
     138395.000 ns	     13838	80002fdc	00107433	and	x8,x0,x1	  x0:0x00000000  x1:0x00000fff  x8=0x00000000
     138405.000 ns	     13839	80002fe0	26ae6597	auipc	x11,0x26ae6	 x11=0xa6ae8fe0
     138415.000 ns	     13840	80002fe4	01a85fb3	srl	x31,x16,x26	 x16:0x00000000 x26:0x00000062 x31=0x00000000
     138435.000 ns	     13842	80002fe8	f0090f53	fmv.w.x	f30,x18	 x18:0xb3297000 f30=0xb3297000
     138455.000 ns	     13844	80002fec	00801d33	sll	x26,x0,x8	  x0:0x00000000  x8:0x00000000 x26=0x00000000
     138475.000 ns	     13846	80002ff0	d005f0d3	fcvt.s.w	f1,x11	 x11:0xa6ae8fe0  f1=0xceb2a2e0
     138495.000 ns	     13848	80002ff4	df1e0113	addi	x2,x28,-527	 x28:0x7fffffff  x2=0x7ffffdf0
     138505.000 ns	     13849	80002ff8	9c554117	auipc	x2,0x9c554	  x2=0x1c556ff8
     138525.000 ns	     13851	80002ffc	c0097753	fcvt.w.s	x14,f18	 f18:0x3fb50482 x14=0x00000001
     138545.000 ns	     13853	80003000	00bf78b3	and	x17,x30,x11	 x30:0x00000000 x11:0xa6ae8fe0 x17=0x00000000
     138575.000 ns	     13856	80003004	11a63f53	fmul.s	f30,f12,f26	 f12:0xfffffffc f26:0x7fc00000 f30=0x7fc00000
     138595.000 ns	     13858	80003008	00ea5393	srli	x7,x20,0xe	 x20:0x80041024  x7=0x00020010
     138605.000 ns	     13859	8000300c	57292713	slti	x14,x18,1394	 x18:0xb3297000 x14=0x00000001
     138615.000 ns	     13860	80003010	9ef5e493	ori	x9,x11,-1553	 x11:0xa6ae8fe0  x9=0xffffffef
     138625.000 ns	     13861	80003014	7160c913	xori	x18,x1,1814	  x1:0x00000fff x18=0x000008e9
     138645.000 ns	     13863	80003018	0312b033	mulhu	x0,x5,x17	  x5:0x00000200 x17:0x00000000
     138665.000 ns	     13865	8000301c	00e01893	slli	x17,x0,0xe	  x0:0x00000000 x17=0x00000000
     138695.000 ns	     13868	80003020	18a77c53	fdiv.s	f24,f14,f10	 f14:0x7fc00000 f10:0x41000000 f24=0x7fc00000
     138715.000 ns	     13870	80003024	41fddd13	srai	x26,x27,0x1f	 x27:0x00000001 x26=0x00000000
     138735.000 ns	     13872	80003028	a0ee0c53	fle.s	x24,f28,f14	 f28:0x00000001 f14:0x7fc00000 x24=0x00000000
     138755.000 ns	     13874	8000302c	01c45313	srli	x6,x8,0x1c	  x8:0x00000000  x6=0x00000000
     138765.000 ns	     13875	80003030	01ef63b3	or	x7,x30,x30	 x30:0x00000000 x30:0x00000000  x7=0x00000000
     138775.000 ns	     13876	80003034	00000013	addi	x0,x0,0	  x0:0x00000000
     138795.000 ns	     13878	80003038	023c8433	mul	x8,x25,x3	 x25:0x000008a8  x3:0x4aabbea0  x8=0x5eaa1900
     138815.000 ns	     13880	8000303c	00c01613	slli	x12,x0,0xc	  x0:0x00000000 x12=0x00000000
     138835.000 ns	     13882	80003040	026981b3	mul	x3,x19,x6	 x19:0x67ae8fac  x6:0x00000000  x3=0x00000000
     138855.000 ns	     13884	80003044	8cd83fb7	lui	x31,0x8cd83	 x31=0x8cd83000
     138875.000 ns	     13886	80003048	021e3133	mulhu	x2,x28,x1	 x28:0x7fffffff  x1:0x00000fff  x2=0x000007ff
     138895.000 ns	     13888	8000304c	413f0cb3	sub	x25,x30,x19	 x30:0x00000000 x19:0x67ae8fac x25=0x98517054
     138915.000 ns	     13890	80003050	20b3ad53	fsgnjx.s	f26,f7,f11	  f7:0x40000000 f11:0x3f350482 f26=0x40000000
     138935.000 ns	     13892	80003054	00ded313	srli	x6,x29,0xd	 x29:0x00000000  x6=0x00000000
     139295.000 ns	     13928	80003058	03cef833	remu	x16,x29,x28	 x29:0x00000000 x28:0x7fffffff x16=0x00000000
     139315.000 ns	     13930	8000305c	ac5b7b93	andi	x23,x22,-1339	 x22:0x00000000 x23=0x00000000
     139335.000 ns	     13932	80003060	0209bbb3	mulhu	x23,x19,x0	 x19:0x67ae8fac  x0:0x00000000 x23=0x00000000
     139355.000 ns	     13934	80003064	2d9a2937	lui	x18,0x2d9a2	 x18=0x2d9a2000
     139365.000 ns	     13935	80003068	40455993	srai	x19,x10,0x4	 x10:0xab807f14 x19=0xfab807f1
     139375.000 ns	     13936	8000306c	00bcbeb3	sltu	x29,x25,x11	 x25:0x98517054 x11:0xa6ae8fe0 x29=0x00000001
     139415.000 ns	     13940	80003070	09587bd3	fsub.s	f23,f16,f21	 f16:0x00000000 f21:0x00000000 f23=0x80000000
     139435.000 ns	     13942	80003074	c4c97393	andi	x7,x18,-948	 x18:0x2d9a2000  x7=0x2d9a2000
     139455.000 ns	     13944	80003078	e0028053	fmv.x.w	x0,f5	  f5:0x7fc00000
     139495.000 ns	     13948	8000307c	10fcf4d3	fmul.s	f9,f25,f15	 f25:0xc3b50482 f15:0x7fc00000  f9=0x7fc00000
     139515.000 ns	     13950	80003080	00149993	slli	x19,x9,0x1	  x9:0xffffffef x19=0xffffffde
     139535.000 ns	     13952	80003084	298e1dd3	fmax.s	f27,f28,f24	 f28:0x00000001 f24:0x7fc00000 f27=0x00000001
     139555.000 ns	     13954	80003088	01fb81b3	add	x3,x23,x31	 x23:0x00000000 x31:0x8cd83000  x3=0x8cd83000
     139565.000 ns	     13955	8000308c	5b7125b7	lui	x11,0x5b712	 x11=0x5b712000
     139575.000 ns	     13956	80003090	405381b3	sub	x3,x7,x5	  x7:0x2d9a2000  x5:0x00000200  x3=0x2d9a1e00
     139595.000 ns	     13958	80003094	29db04d3	fmin.s	f9,f22,f29	 f22:0x7fc00000 f29:0x450a8000  f9=0x450a8000
     139625.000 ns	     13961	80003098	0204e433	rem	x8,x9,x0	  x9:0xffffffef  x0:0x00000000  x8=0xffffffef
     139645.000 ns	     13963	8000309c	d8fb10b7	lui	x1,0xd8fb1	  x1=0xd8fb1000
     139655.000 ns	     13964	800030a0	41c4d9b3	sra	x19,x9,x28	  x9:0xffffffef x28:0x7fffffff x19=0xffffffff
     139675.000 ns	     13966	800030a4	28be9f53	fmax.s	f30,f29,f11	 f29:0x450a8000 f11:0x3f350482 f30=0x450a8000
     139695.000 ns	     13968	800030a8	00000013	addi	x0,x0,0	  x0:0x00000000
     139705.000 ns	     13969	800030ac	7038eb13	ori	x22,x17,1795	 x17:0x00000000 x22=0x00000703
     139745.000 ns	     13973	800030b0	09b67753	fsub.s	f14,f12,f27	 f12:0xfffffffc f27:0x00000001 f14=0x7fc00000
     139765.000 ns	     13975	800030b4	14457c13	andi	x24,x10,324	 x10:0xab807f14 x24=0x00000104
     139785.000 ns	     13977	800030b8	c00199d3	fcvt.w.s	x19,f3	  f3:0x00000000 x19=0x00000000
     139805.000 ns	     13979	800030bc	00e6a333	slt	x6,x13,x14	 x13:0x00000003 x14:0x00000001  x6=0x00000000
     139825.000 ns	     13981	800030c0	c0162553	fcvt.wu.s	x10,f12	 f12:0xfffffffc x10=0xffffffff
     139845.000 ns	     13983	800030c4	cf016513	ori	x10,x2,-784	  x2:0x000007ff x10=0xffffffff
     139865.000 ns	     13985	800030c8	a1a182d3	fle.s	x5,f3,f26	  f3:0x00000000 f26:0x40000000  x5=0x00000001
     139885.000 ns	     13987	800030cc	12d2e413	ori	x8,x5,301	  x5:0x00000200  x8=0x0000012d
     139895.000 ns	     13988	800030d0	fb6cf993	andi	x19,x25,-74	 x25:0x98517054 x19=0x98517014
     139915.000 ns	     13990	800030d4	03620ab3	mul	x21,x4,x22	  x4:0x00000200 x22:0x00000703 x21=0x000e0600
     140285.000 ns	     14027	800030d8	0248fd33	remu	x26,x17,x4	 x17:0x00000000  x4:0x00000200 x26=0x00000000
     140305.000 ns	     14029	800030dc	6a6983b7	lui	x7,0x6a698	  x7=0x6a698000
     140325.000 ns	     14031	800030e0	02d414b3	mulh	x9,x8,x13	  x8:0x0000012d x13:0x00000003  x9=0x00000000
     140355.000 ns	     14034	800030e4	020ccd33	div	x26,x25,x0	 x25:0x98517054  x0:0x00000000 x26=0xffffffff
     140375.000 ns	     14036	800030e8	00f75233	srl	x4,x14,x15	 x14:0x00000001 x15:0x80040fe4  x4=0x00000000
     140395.000 ns	     14038	800030ec	e0059cd3	fclass.s	x25,f11	 f11:0x3f350482 x25=0x00000040
     140425.000 ns	     14041	800030f0	d00371d3	fcvt.s.w	f3,x6	  x6:0x00000000  f3=0x00000000
     140455.000 ns	     14044	800030f4	e00880d3	fmv.x.w	x1,f17	 f17:0xff800000  x1=0xff800000
     140475.000 ns	     14046	800030f8	018a2eb3	slt	x29,x20,x24	 x20:0x80041024 x24:0x00000104 x29=0x00000001
     140835.000 ns	     14082	800030fc	0231ecb3	rem	x25,x3,x3	  x3:0x2d9a1e00  x3:0x2d9a1e00 x25=0x00000000
     140865.000 ns	     14085	80003100	d014fad3	fcvt.s.wu	f21,x9	  x9:0x00000000 f21=0x00000000
     140895.000 ns	     14088	80003104	d0134353	fcvt.s.wu	f6,x6	  x6:0x00000000  f6=0x00000000
     141265.000 ns	     14125	80003108	03ca6333	rem	x6,x20,x28	 x20:0x80041024 x28:0x7fffffff  x6=0x80041024
     141635.000 ns	     14162	8000310c	034ecf33	div	x30,x29,x20	 x29:0x00000001 x20:0x80041024 x30=0x00000000
     141665.000 ns	     14165	80003110	c00f9ad3	fcvt.w.s	x21,f31	 f31:0xbf350482 x21=0x00000000
     142035.000 ns	     14202	80003114	034343b3	div	x7,x6,x20	  x6:0x80041024 x20:0x80041024  x7=0x00000001
     142055.000 ns	     14204	80003118	001ccab3	xor	x21,x25,x1	 x25:0x00000000  x1:0xff800000 x21=0xff800000
     142075.000 ns	     14206	8000311c	025b8ab3	mul	x21,x23,x5	 x23:0x00000000  x5:0x00000001 x21=0x00000000
     142105.000 ns	     14209	80003120	02678b33	mul	x22,x15,x6	 x15:0x80040fe4  x6:0x80041024 x22=0x81207c10
     142125.000 ns	     14211	80003124	40965713	srai	x14,x12,0x9	 x12:0x00000000 x14=0x00000000
     142145.000 ns	     14213	80003128	030bbcb3	mulhu	x25,x23,x16	 x23:0x00000000 x16:0x00000000 x25=0x00000000
     142175.000 ns	     14216	8000312c	03daa833	mulhsu	x16,x21,x29	 x21:0x00000000 x29:0x00000001 x16=0x00000000
     142195.000 ns	     14218	80003130	5135a113	slti	x2,x11,1299	 x11:0x5b712000  x2=0x00000000
     142215.000 ns	     14220	80003134	0303f433	remu	x8,x7,x16	  x7:0x00000001 x16:0x00000000  x8=0x00000001
     142245.000 ns	     14223	80003138	031d2333	mulhsu	x6,x26,x17	 x26:0xffffffff x17:0x00000000  x6=0x00000000
     142265.000 ns	     14225	8000313c	0064da93	srli	x21,x9,0x6	  x9:0x00000000 x21=0x00000000
     142285.000 ns	     14227	80003140	c00d7753	fcvt.w.s	x14,f26	 f26:0x40000000 x14=0x00000002
     142305.000 ns	     14229	80003144	01b7c633	xor	x12,x15,x27	 x15:0x80040fe4 x27:0x00000001 x12=0x80040fe5
     142335.000 ns	     14232	80003148	580ccbd3	fsqrt.s	f23,f25	 f25:0xc3b50482 f23=0x7fc00000
     142355.000 ns	     14234	8000314c	01283e33	sltu	x28,x16,x18	 x16:0x00000000 x18:0x2d9a2000 x28=0x00000001
     142385.000 ns	     14237	80003150	58037753	fsqrt.s	f14,f6	  f6:0x00000000 f14=0x00000000
     142415.000 ns	     14240	80003154	c01370d3	fcvt.wu.s	x1,f6	  f6:0x00000000  x1=0x00000000
     142445.000 ns	     14243	80003158	c01c2dd3	fcvt.wu.s	x27,f24	 f24:0x7fc00000 x27=0xffffffff
     142485.000 ns	     14247	8000315c	580a0553	fsqrt.s	f10,f20	 f20:0x00000000 f10=0x00000000
     143475.000 ns	     14346	80003160	58097ad3	fsqrt.s	f21,f18	 f18:0x3fb50482 f21=0x3f9837af
     143845.000 ns	     14383	80003164	02d15b33	divu	x22,x2,x13	  x2:0x00000000 x13:0x00000003 x22=0x00000000
     143865.000 ns	     14385	80003168	00bcc5b3	xor	x11,x25,x11	 x25:0x00000000 x11:0x5b712000 x11=0x5b712000
     143885.000 ns	     14387	8000316c	21d02b53	fsgnjx.s	f22,f0,f29	  f0:0xff800000 f29:0x450a8000 f22=0xff800000
     143915.000 ns	     14390	80003170	e00b89d3	fmv.x.w	x19,f23	 f23:0x7fc00000 x19=0x7fc00000
     143935.000 ns	     14392	80003174	00000013	addi	x0,x0,0	  x0:0x00000000
     143955.000 ns	     14394	80003178	03965633	divu	x12,x12,x25	 x12:0x80040fe5 x25:0x00000000 x12=0xffffffff
     143975.000 ns	     14396	8000317c	01850c33	add	x24,x10,x24	 x10:0xffffffff x24:0x00000104 x24=0x00000103
     143985.000 ns	     14397	80003180	417b5d93	srai	x27,x22,0x17	 x22:0x00000000 x27=0x00000000
     143995.000 ns	     14398	80003184	0149f0b3	and	x1,x19,x20	 x19:0x7fc00000 x20:0x80041024  x1=0x00000000
     144025.000 ns	     14401	80003188	580838d3	fsqrt.s	f17,f16	 f16:0x00000000 f17=0x00000000
     144055.000 ns	     14404	8000318c	29ad98d3	fmax.s	f17,f27,f26	 f27:0x00000001 f26:0x40000000 f17=0x40000000
     144075.000 ns	     14406	80003190	41240eb3	sub	x29,x8,x18	  x8:0x00000001 x18:0x2d9a2000 x29=0xd265e001
     144085.000 ns	     14407	80003194	cee48093	addi	x1,x9,-786	  x9:0x00000000  x1=0xfffffcee
     144095.000 ns	     14408	80003198	4018d8b3	sra	x17,x17,x1	 x17:0x00000000  x1:0x00000000 x17=0x00000000
     144105.000 ns	     14409	8000319c	fba50213	addi	x4,x10,-70	 x10:0xffffffff  x4=0xffffffb9
     144115.000 ns	     14410	800031a0	abf96b93	ori	x23,x18,-1345	 x18:0x2d9a2000 x23=0xfffffabf
     144475.000 ns	     14446	800031a4	032e5733	divu	x14,x28,x18	 x28:0x00000001 x18:0x2d9a2000 x14=0x00000000
     144505.000 ns	     14449	800031a8	281315d3	fmax.s	f11,f6,f1	  f6:0x00000000  f1:0xceb2a2e0 f11=0x00000000
     144525.000 ns	     14451	800031ac	41a5df13	srai	x30,x11,0x1a	 x11:0x5b712000 x30=0x00000016
     144555.000 ns	     14454	800031b0	18d01fd3	fdiv.s	f31,f0,f13	  f0:0xff800000 f13:0xbf350482 f31=0x7f800000
     144575.000 ns	     14456	800031b4	73ca4d93	xori	x27,x20,1852	 x20:0x80041024 x27=0x80041718
     144605.000 ns	     14459	800031b8	11389253	fmul.s	f4,f17,f19	 f17:0x40000000 f19:0x00000000  f4=0x00000000
     144635.000 ns	     14462	800031bc	296b15d3	fmax.s	f11,f22,f22	 f22:0xff800000 f22:0xff800000 f11=0xff800000
     144665.000 ns	     14465	800031c0	21f52b53	fsgnjx.s	f22,f10,f31	 f10:0x00000000 f31:0x7f800000 f22=0x00000000
     144695.000 ns	     14468	800031c4	e00f1953	fclass.s	x18,f30	 f30:0x450a8000 x18=0x00000040
     144725.000 ns	     14471	800031c8	036915b3	mulh	x11,x18,x22	 x18:0x2d9a2000 x22:0x00000000 x11=0x00000000
     144755.000 ns	     14474	800031cc	02689f33	mulh	x30,x17,x6	 x17:0x00000000  x6:0x00000000 x30=0x00000000
     145095.000 ns	     14508	800031d0	19dd1553	fdiv.s	f10,f26,f29	 f26:0x40000000 f29:0x450a8000 f10=0x3a2df058
     145125.000 ns	     14511	800031d4	02ed0033	mul	x0,x26,x14	 x26:0xffffffff x14:0x00000000
     145145.000 ns	     14513	800031d8	ae347c93	andi	x25,x8,-1309	  x8:0x00000001 x25=0x00000001
     145165.000 ns	     14515	800031dc	026805b3	mul	x11,x16,x6	 x16:0x00000000  x6:0x00000000 x11=0x00000000
     145535.000 ns	     14552	800031e0	03af48b3	div	x17,x30,x26	 x30:0x00000000 x26:0xffffffff x17=0x00000000
     145555.000 ns	     14554	800031e4	00000013	addi	x0,x0,0	  x0:0x00000000
     145565.000 ns	     14555	800031e8	01745513	srli	x10,x8,0x17	  x8:0x00000001 x10=0x00000000
     145585.000 ns	     14557	800031ec	29af01d3	fmin.s	f3,f30,f26	 f30:0x450a8000 f26:0x40000000  f3=0x40000000
     145625.000 ns	     14561	800031f0	183239d3	fdiv.s	f19,f4,f3	  f4:0x00000000  f3:0x00000000 f19=0x00000000
     145645.000 ns	     14563	800031f4	fcd0b293	sltiu	x5,x1,-51	  x1:0xfffffcee  x5=0x00000001
     145655.000 ns	     14564	800031f8	6ca78113	addi	x2,x15,1738	 x15:0x80040fe4  x2=0x800416ae
     145665.000 ns	     14565	800031fc	00000013	addi	x0,x0,0	  x0:0x00000000
     145675.000 ns	     14566	80003200	2176a193	slti	x3,x13,535	 x13:0x00000003  x3=0x00000001
     145695.000 ns	     14568	80003204	03319033	mulh	x0,x3,x19	  x3:0x2d9a1e00 x19:0x7fc00000
     145715.000 ns	     14570	80003208	b3943193	sltiu	x3,x8,-1223	  x8:0x00000001  x3=0x00000001
     145735.000 ns	     14572	8000320c	a13a92d3	flt.s	x5,f21,f19	 f21:0x3f9837af f19:0x00000000  x5=0x00000000
     145765.000 ns	     14575	80003210	a1e92353	feq.s	x6,f18,f30	 f18:0x3fb50482 f30:0x450a8000  x6=0x00000000
     146135.000 ns	     14612	80003214	02106533	rem	x10,x0,x1	  x0:0x00000000  x1:0xfffffcee x10=0x00000000
     146165.000 ns	     14615	80003218	a13d0fd3	fle.s	x31,f26,f19	 f26:0x40000000 f19:0x00000000 x31=0x00000000
     146195.000 ns	     14618	8000321c	d0077253	fcvt.s.w	f4,x14	 x14:0x00000000  f4=0x00000000
     146235.000 ns	     14622	80003220	189c2353	fdiv.s	f6,f24,f9	 f24:0x7fc00000  f9:0x450a8000  f6=0x7fc00000
     146265.000 ns	     14625	80003224	03b1ac33	mulhsu	x24,x3,x27	  x3:0x00000001 x27:0x80041718 x24=0x00000000
     146635.000 ns	     14662	80003228	02f773b3	remu	x7,x14,x15	 x14:0x00000000 x15:0x80040fe4  x7=0x00000000
     146665.000 ns	     14665	8000322c	e0038153	fmv.x.w	x2,f7	  f7:0x40000000  x2=0x40000000
     146685.000 ns	     14667	80003230	012befb3	or	x31,x23,x18	 x23:0xfffffabf x18:0x00000040 x31=0xfffffaff
     146705.000 ns	     14669	80003234	a09d2653	feq.s	x12,f26,f9	 f26:0x40000000  f9:0x450a8000 x12=0x00000000
     146725.000 ns	     14671	80003238	00983133	sltu	x2,x16,x9	 x16:0x00000000  x9:0x00000000  x2=0x00000000
     146745.000 ns	     14673	8000323c	21d30f53	fsgnj.s	f30,f6,f29	  f6:0x7fc00000 f29:0x450a8000 f30=0x7fc00000
     146775.000 ns	     14676	80003240	a1282ad3	feq.s	x21,f16,f18	 f16:0x00000000 f18:0x3fb50482 x21=0x00000000
     146805.000 ns	     14679	80003244	02cf1033	mulh	x0,x30,x12	 x30:0x00000000 x12:0x00000000
     146835.000 ns	     14682	80003248	c0037653	fcvt.w.s	x12,f6	  f6:0x7fc00000 x12=0x7fffffff
     147205.000 ns	     14719	8000324c	03ba4833	div	x16,x20,x27	 x20:0x80041024 x27:0x80041718 x16=0x00000001
     147225.000 ns	     14721	80003250	15820d93	addi	x27,x4,344	  x4:0xffffffb9 x27=0x00000111
     147245.000 ns	     14723	80003254	214314d3	fsgnjn.s	f9,f6,f20	  f6:0x7fc00000 f20:0x00000000  f9=0xffc00000
     147265.000 ns	     14725	80003258	01f4d033	srl	x0,x9,x31	  x9:0x00000000 x31:0xfffffaff
     147285.000 ns	     14727	8000325c	028092b3	mulh	x5,x1,x8	  x1:0xfffffcee  x8:0x00000001  x5=0xffffffff
     147315.000 ns	     14730	80003260	21609453	fsgnjn.s	f8,f1,f22	  f1:0xceb2a2e0 f22:0x00000000  f8=0xceb2a2e0
     147345.000 ns	     14733	80003264	28880dd3	fmin.s	f27,f16,f8	 f16:0x00000000  f8:0x41000000 f27=0xceb2a2e0
     147365.000 ns	     14735	80003268	00a2d0b3	srl	x1,x5,x10	  x5:0xffffffff x10:0x00000000  x1=0xffffffff
     147385.000 ns	     14737	8000326c	03f18033	mul	x0,x3,x31	  x3:0x00000001 x31:0xfffffaff
     147415.000 ns	     14740	80003270	c0033d53	fcvt.w.s	x26,f6	  f6:0x7fc00000 x26=0x7fffffff
     147445.000 ns	     14743	80003274	21c42b53	fsgnjx.s	f22,f8,f28	  f8:0xceb2a2e0 f28:0x00000001 f22=0xceb2a2e0
     147465.000 ns	     14745	80003278	0147e733	or	x14,x15,x20	 x15:0x80040fe4 x20:0x80041024 x14=0x80041fe4
     147475.000 ns	     14746	8000327c	4122d513	srai	x10,x5,0x12	  x5:0xffffffff x10=0xffffffff
     147485.000 ns	     14747	80003280	00000013	addi	x0,x0,0	  x0:0x00000000
     147505.000 ns	     14749	80003284	a00aadd3	feq.s	x27,f21,f0	 f21:0x3f9837af  f0:0xff800000 x27=0x00000000
     147525.000 ns	     14751	80003288	00000013	addi	x0,x0,0	  x0:0x00000000
     147535.000 ns	     14752	8000328c	01e70033	add	x0,x14,x30	 x14:0x80041fe4 x30:0x00000000
     147545.000 ns	     14753	80003290	019d84b3	add	x9,x27,x25	 x27:0x00000000 x25:0x00000001  x9=0x00000001
     147565.000 ns	     14755	80003294	298093d3	fmax.s	f7,f1,f24	  f1:0xceb2a2e0 f24:0x7fc00000  f7=0xceb2a2e0
     147595.000 ns	     14758	80003298	d01d8953	fcvt.s.wu	f18,x27	 x27:0x00000000 f18=0x00000000
     147625.000 ns	     14761	8000329c	a0f4a0d3	feq.s	x1,f9,f15	  f9:0xffc00000 f15:0x7fc00000  x1=0x00000000
     147645.000 ns	     14763	800032a0	00bd1113	slli	x2,x26,0xb	 x26:0x7fffffff  x2=0xfffff800
     147655.000 ns	     14764	800032a4	457b9737	lui	x14,0x457b9	 x14=0x457b9000
     147675.000 ns	     14766	800032a8	215b02d3	fsgnj.s	f5,f22,f21	 f22:0xceb2a2e0 f21:0x3f9837af  f5=0x4eb2a2e0
     147705.000 ns	     14769	800032ac	c0087dd3	fcvt.w.s	x27,f16	 f16:0x00000000 x27=0x00000000
     148075.000 ns	     14806	800032b0	03015033	divu	x0,x2,x16	  x2:0xfffff800 x16:0x00000001
     148095.000 ns	     14808	800032b4	010b1033	sll	x0,x22,x16	 x22:0x00000000 x16:0x00000001
     148105.000 ns	     14809	800032b8	41ca5db3	sra	x27,x20,x28	 x20:0x80041024 x28:0x00000001 x27=0xc0020812
     148465.000 ns	     14845	800032bc	03b1c333	div	x6,x3,x27	  x3:0x00000001 x27:0x00000000  x6=0x00000000
     148495.000 ns	     14848	800032c0	a1849553	flt.s	x10,f9,f24	  f9:0xffc00000 f24:0x7fc00000 x10=0x00000000
     148525.000 ns	     14851	800032c4	280c9a53	fmax.s	f20,f25,f0	 f25:0xc3b50482  f0:0xff800000 f20=0xc3b50482
     148545.000 ns	     14853	800032c8	01cc6eb3	or	x29,x24,x28	 x24:0x00000000 x28:0x00000001 x29=0x00000001
     148565.000 ns	     14855	800032cc	a12fa8d3	feq.s	x17,f31,f18	 f31:0x7f800000 f18:0x00000000 x17=0x00000000
     148585.000 ns	     14857	800032d0	40385593	srai	x11,x16,0x3	 x16:0x00000001 x11=0x00000000
     148595.000 ns	     14858	800032d4	3df1edb7	lui	x27,0x3df1e	 x27=0x3df1e000
     148605.000 ns	     14859	800032d8	00bf90b3	sll	x1,x31,x11	 x31:0xfffffaff x11:0x00000000  x1=0xfffffaff
     148635.000 ns	     14862	800032dc	580276d3	fsqrt.s	f13,f4	  f4:0x00000000 f13=0x00000000
     148665.000 ns	     14865	800032e0	21102f53	fsgnjx.s	f30,f0,f17	  f0:0xff800000 f17:0x40000000 f30=0xff800000
     148705.000 ns	     14869	800032e4	199b83d3	fdiv.s	f7,f23,f25	 f23:0x7fc00000 f25:0xc3b50482  f7=0x7fc00000
     148725.000 ns	     14871	800032e8	401b5993	srai	x19,x22,0x1	 x22:0x00000000 x19=0x00000000
     148745.000 ns	     14873	800032ec	02b78233	mul	x4,x15,x11	 x15:0x80040fe4 x11:0x00000000  x4=0x00000000
     149115.000 ns	     14910	800032f0	03b25ab3	divu	x21,x4,x27	  x4:0xffffffb9 x27:0x3df1e000 x21=0x00000000
     149135.000 ns	     14912	800032f4	011cd593	srli	x11,x25,0x11	 x25:0x00000001 x11=0x00000000
     149145.000 ns	     14913	800032f8	00a60433	add	x8,x12,x10	 x12:0x7fffffff x10:0x00000000  x8=0x7fffffff
     149165.000 ns	     14915	800032fc	c002a353	fcvt.w.s	x6,f5	  f5:0x4eb2a2e0  x6=0x59517000
     149185.000 ns	     14917	80003300	41fbd0b3	sra	x1,x23,x31	 x23:0xfffffabf x31:0xfffffaff  x1=0xffffffff
     149205.000 ns	     14919	80003304	e0061953	fclass.s	x18,f12	 f12:0xfffffffc x18=0x00000200
     149225.000 ns	     14921	80003308	00c61b33	sll	x22,x12,x12	 x12:0x7fffffff x12:0x7fffffff x22=0x80000000
     149265.000 ns	     14925	8000330c	09ea26d3	fsub.s	f13,f20,f30	 f20:0xc3b50482 f30:0xff800000 f13=0x7f800000
     149305.000 ns	     14929	80003310	1930b253	fdiv.s	f4,f1,f19	  f1:0xceb2a2e0 f19:0x00000000  f4=0xff800000
     149335.000 ns	     14932	80003314	02b92333	mulhsu	x6,x18,x11	 x18:0x00000200 x11:0x00000000  x6=0x00000000
     149365.000 ns	     14935	80003318	286a1ad3	fmax.s	f21,f20,f6	 f20:0xc3b50482  f6:0x7fc00000 f21=0xc3b50482
     149385.000 ns	     14937	8000331c	00690db3	add	x27,x18,x6	 x18:0x00000200  x6:0x00000000 x27=0x00000200
     149405.000 ns	     14939	80003320	a1a91dd3	flt.s	x27,f18,f26	 f18:0x00000000 f26:0x40000000 x27=0x00000001
     149425.000 ns	     14941	80003324	007dbf33	sltu	x30,x27,x7	 x27:0x3df1e000  x7:0x00000000 x30=0x00000000
     149435.000 ns	     14942	80003328	483f4e93	xori	x29,x30,1155	 x30:0x00000000 x29=0x00000483
     149445.000 ns	     14943	8000332c	f8af2293	slti	x5,x30,-118	 x30:0x00000000  x5=0x00000000
     149465.000 ns	     14945	80003330	03f08633	mul	x12,x1,x31	  x1:0xffffffff x31:0xfffffaff x12=0x00000501
     149485.000 ns	     14947	80003334	412b0ab3	sub	x21,x22,x18	 x22:0x80000000 x18:0x00000200 x21=0x7ffffe00
     149505.000 ns	     14949	80003338	f00604d3	fmv.w.x	f9,x12	 x12:0x00000501  f9=0x00000501
     149525.000 ns	     14951	8000333c	007ca833	slt	x16,x25,x7	 x25:0x00000001  x7:0x00000000 x16=0x00000000
     149545.000 ns	     14953	80003340	d0010853	fcvt.s.w	f16,x2	  x2:0xfffff800 f16=0xc5000000
     149915.000 ns	     14990	80003344	036ad333	divu	x6,x21,x22	 x21:0x7ffffe00 x22:0x80000000  x6=0x00000000
     149945.000 ns	     14993	80003348	e00d0c53	fmv.x.w	x24,f26	 f26:0x40000000 x24=0x40000000
     149975.000 ns	     14996	8000334c	e00a01d3	fmv.x.w	x3,f20	 f20:0xc3b50482  x3=0xc3b50482
     149995.000 ns	     14998	80003350	8a1c3d13	sltiu	x26,x24,-1887	 x24:0x40000000 x26=0x00000001
     150005.000 ns	     14999	80003354	40ec59b3	sra	x19,x24,x14	 x24:0x40000000 x14:0x457b9000 x19=0x40000000
     150025.000 ns	     15001	80003358	d002fed3	fcvt.s.w	f29,x5	  x5:0x00000000 f29=0x00000000
     150055.000 ns	     15004	8000335c	02af0333	mul	x6,x30,x10	 x30:0x00000000 x10:0x00000000  x6=0x00000000
     150075.000 ns	     15006	80003360	15b5f8b7	lui	x17,0x15b5f	 x17=0x15b5f000
     150095.000 ns	     15008	80003364	28d416d3	fmax.s	f13,f8,f13	  f8:0xceb2a2e0 f13:0x7f800000 f13=0x7f800000
     150125.000 ns	     15011	80003368	282c9e53	fmax.s	f28,f25,f2	 f25:0xc3b50482  f2:0x80000000 f28=0x80000000
     150155.000 ns	     15014	8000336c	21ea2b53	fsgnjx.s	f22,f20,f30	 f20:0xc3b50482 f30:0xff800000 f22=0x43b50482
     150175.000 ns	     15016	80003370	70cf4d93	xori	x27,x30,1804	 x30:0x00000000 x27=0x0000070c
     150185.000 ns	     15017	80003374	00f14bb3	xor	x23,x2,x15	  x2:0xfffff800 x15:0x80040fe4 x23=0x7ffbf7e4
     150195.000 ns	     15018	80003378	01aadf33	srl	x30,x21,x26	 x21:0x7ffffe00 x26:0x00000001 x30=0x3fffff00
     150215.000 ns	     15020	8000337c	02fb8633	mul	x12,x23,x15	 x23:0xfffffabf x15:0x80040fe4 x12=0x9f7f2310
     150235.000 ns	     15022	80003380	419edb93	srai	x23,x29,0x19	 x29:0x00000483 x23=0x00000000
     150245.000 ns	     15023	80003384	4a964317	auipc	x6,0x4a964	  x6=0xca967384
     150605.000 ns	     15059	80003388	031fc8b3	div	x17,x31,x17	 x31:0xfffffaff x17:0x15b5f000 x17=0x00000000
     150625.000 ns	     15061	8000338c	41cf8e93	addi	x29,x31,1052	 x31:0xfffffaff x29=0xffffff1b
     150645.000 ns	     15063	80003390	c00f2953	fcvt.w.s	x18,f30	 f30:0xff800000 x18=0x80000000
     150665.000 ns	     15065	80003394	5d7a6113	ori	x2,x20,1495	 x20:0x80041024  x2=0x800415f7
     151835.000 ns	     15182	80003398	5801f553	fsqrt.s	f10,f3	  f3:0x40000000 f10=0x3f350482
     151865.000 ns	     15185	8000339c	a1c11fd3	flt.s	x31,f2,f28	  f2:0x80000000 f28:0x80000000 x31=0x00000000
     151885.000 ns	     15187	800033a0	7bd2e893	ori	x17,x5,1981	  x5:0x00000000 x17=0x000007bd
     151905.000 ns	     15189	800033a4	02f632b3	mulhu	x5,x12,x15	 x12:0x9f7f2310 x15:0x80040fe4  x5=0x4fc2196b
     151935.000 ns	     15192	800033a8	211a0c53	fsgnj.s	f24,f20,f17	 f20:0xc3b50482 f17:0x40000000 f24=0x43b50482
     151965.000 ns	     15195	800033ac	03648133	mul	x2,x9,x22	  x9:0x00000001 x22:0x80000000  x2=0x80000000
     151995.000 ns	     15198	800033b0	a1999bd3	flt.s	x23,f19,f25	 f19:0x00000000 f25:0xc3b50482 x23=0x00000000
     152015.000 ns	     15200	800033b4	014e6033	or	x0,x28,x20	 x28:0x00000001 x20:0x80041024
     152025.000 ns	     15201	800033b8	65577013	andi	x0,x14,1621	 x14:0x457b9000
     152055.000 ns	     15204	800033bc	580a7dd3	fsqrt.s	f27,f20	 f20:0xc3b50482 f27=0x7fc00000
     152085.000 ns	     15207	800033c0	02af4833	div	x16,x30,x10	 x30:0x3fffff00 x10:0x00000000 x16=0xffffffff
     152115.000 ns	     15210	800033c4	c011f353	fcvt.wu.s	x6,f3	  f3:0x40000000  x6=0x00000002
     152145.000 ns	     15213	800033c8	21419253	fsgnjn.s	f4,f3,f20	  f3:0x40000000 f20:0xc3b50482  f4=0x40000000
     152165.000 ns	     15215	800033cc	00377bb3	and	x23,x14,x3	 x14:0x457b9000  x3:0xc3b50482 x23=0x41310000
     152185.000 ns	     15217	800033d0	f0040ed3	fmv.w.x	f29,x8	  x8:0x7fffffff f29=0x7fffffff
     152225.000 ns	     15221	800033d4	18bdf053	fdiv.s	f0,f27,f11	 f27:0x7fc00000 f11:0xff800000  f0=0x7fc00000
     152595.000 ns	     15258	800033d8	03cf6833	rem	x16,x30,x28	 x30:0x3fffff00 x28:0x00000001 x16=0x00000000
     152625.000 ns	     15261	800033dc	02407633	remu	x12,x0,x4	  x0:0x00000000  x4:0x00000000 x12=0x00000000
     152655.000 ns	     15264	800033e0	21a102d3	fsgnj.s	f5,f2,f26	  f2:0x80000000 f26:0x40000000  f5=0x00000000
     152695.000 ns	     15268	800033e4	580ab253	fsqrt.s	f4,f21	 f21:0xc3b50482  f4=0x7fc00000
     153065.000 ns	     15305	800033e8	03864db3	div	x27,x12,x24	 x12:0x00000000 x24:0x40000000 x27=0x00000000
     153095.000 ns	     15308	800033ec	a0828153	fle.s	x2,f5,f8	  f5:0x00000000  f8:0xceb2a2e0  x2=0x00000000
     153115.000 ns	     15310	800033f0	72834f13	xori	x30,x6,1832	  x6:0x00000002 x30=0x0000072a
     153155.000 ns	     15314	800033f4	092b21d3	fsub.s	f3,f22,f18	 f22:0x43b50482 f18:0x00000000  f3=0x43b50482
     153185.000 ns	     15317	800033f8	29d783d3	fmin.s	f7,f15,f29	 f15:0x7fc00000 f29:0x7fffffff  f7=0x7fc00000
     153205.000 ns	     15319	800033fc	00475c33	srl	x24,x14,x4	 x14:0x457b9000  x4:0x00000000 x24=0x457b9000
     153215.000 ns	     15320	80003400	00c531b3	sltu	x3,x10,x12	 x10:0x00000000 x12:0x00000000  x3=0x00000000
     153245.000 ns	     15323	80003404	18d04153	fdiv.s	f2,f0,f13	  f0:0x7fc00000 f13:0x7f800000  f2=0x7fc00000
     153615.000 ns	     15360	80003408	0211df33	divu	x30,x3,x1	  x3:0xc3b50482  x1:0xffffffff x30=0x00000000
     153645.000 ns	     15363	8000340c	f0060453	fmv.w.x	f8,x12	 x12:0x00000000  f8=0x00000000
     153665.000 ns	     15365	80003410	01d23c33	sltu	x24,x4,x29	  x4:0x00000000 x29:0xffffff1b x24=0x00000001
     153685.000 ns	     15367	80003414	03bf4ab3	div	x21,x30,x27	 x30:0x00000000 x27:0x00000000 x21=0xffffffff
     153705.000 ns	     15369	80003418	0038de13	srli	x28,x17,0x3	 x17:0x000007bd x28=0x000000f7
     153715.000 ns	     15370	8000341c	01743db3	sltu	x27,x8,x23	  x8:0x7fffffff x23:0x41310000 x27=0x00000000
     153745.000 ns	     15373	80003420	19f44b53	fdiv.s	f22,f8,f31	  f8:0x00000000 f31:0x7f800000 f22=0x00000000
     153765.000 ns	     15375	80003424	c70ef093	andi	x1,x29,-912	 x29:0xffffff1b  x1=0xfffffc10
     153795.000 ns	     15378	80003428	10a57b53	fmul.s	f22,f10,f10	 f10:0x3f350482 f10:0x3f350482 f22=0x3efffec0
     153825.000 ns	     15381	8000342c	f00a0ed3	fmv.w.x	f29,x20	 x20:0x80041024 f29=0x80041024
     153855.000 ns	     15384	80003430	02339f33	mulh	x30,x7,x3	  x7:0x00000000  x3:0x00000000 x30=0x00000000
     153885.000 ns	     15387	80003434	c0178fd3	fcvt.wu.s	x31,f15	 f15:0x7fc00000 x31=0xffffffff
     154255.000 ns	     15424	80003438	035dd833	divu	x16,x27,x21	 x27:0x00000000 x21:0xffffffff x16=0x00000000
     154625.000 ns	     15461	8000343c	02ffd133	divu	x2,x31,x15	 x31:0xffffffff x15:0x80040fe4  x2=0x00000001
     154645.000 ns	     15463	80003440	a9e5f013	andi	x0,x11,-1378	 x11:0x00000000
     154675.000 ns	     15466	80003444	10def7d3	fmul.s	f15,f29,f13	 f29:0x80041024 f13:0x7f800000 f15=0xff800000
     154695.000 ns	     15468	80003448	cffb2f97	auipc	x31,0xcffb2	 x31=0x4ffb5448
     154715.000 ns	     15470	8000344c	f00d03d3	fmv.w.x	f7,x26	 x26:0x00000001  f7=0x00000001
     154745.000 ns	     15473	80003450	28110cd3	fmin.s	f25,f2,f1	  f2:0x7fc00000  f1:0xceb2a2e0 f25=0xceb2a2e0
     154765.000 ns	     15475	80003454	9ae19e97	auipc	x29,0x9ae19	 x29=0x1ae1c454
     154775.000 ns	     15476	80003458	00051d13	slli	x26,x10,0x0	 x10:0x00000000 x26=0x00000000
     154785.000 ns	     15477	8000345c	01f0a0b3	slt	x1,x1,x31	  x1:0xfffffc10 x31:0x4ffb5448  x1=0x00000001
     154795.000 ns	     15478	80003460	ce28c193	xori	x3,x17,-798	 x17:0x000007bd  x3=0xfffffb5f
     154805.000 ns	     15479	80003464	04616b13	ori	x22,x2,70	  x2:0x00000001 x22=0x00000047
     154815.000 ns	     15480	80003468	01d85d33	srl	x26,x16,x29	 x16:0x00000000 x29:0x1ae1c454 x26=0x00000000
     154835.000 ns	     15482	8000346c	039bb933	mulhu	x18,x23,x25	 x23:0x41310000 x25:0x00000001 x18=0x00000000
     155205.000 ns	     15519	80003470	02d8f0b3	remu	x1,x17,x13	 x17:0x000007bd x13:0x00000003  x1=0x00000001
     155225.000 ns	     15521	80003474	01e0d1b3	srl	x3,x1,x30	  x1:0x00000001 x30:0x00000000  x3=0x00000001
     155235.000 ns	     15522	80003478	feaa7113	andi	x2,x20,-22	 x20:0x80041024  x2=0x80041020
     155255.000 ns	     15524	8000347c	20039d53	fsgnjn.s	f26,f7,f0	  f7:0x00000001  f0:0x7fc00000 f26=0x80000001
     155275.000 ns	     15526	80003480	013dd993	srli	x19,x27,0x13	 x27:0x00000000 x19=0x00000000
     155295.000 ns	     15528	80003484	28628953	fmin.s	f18,f5,f6	  f5:0x00000000  f6:0x7fc00000 f18=0x00000000
     155325.000 ns	     15531	80003488	e00a13d3	fclass.s	x7,f20	 f20:0xc3b50482  x7=0x00000002
     155355.000 ns	     15534	8000348c	e00e8253	fmv.x.w	x4,f29	 f29:0x80041024  x4=0x80041024
     155385.000 ns	     15537	80003490	f0088a53	fmv.w.x	f20,x17	 x17:0x000007bd f20=0x000007bd
     155415.000 ns	     15540	80003494	202b2a53	fsgnjx.s	f20,f22,f2	 f22:0x3efffec0  f2:0x7fc00000 f20=0x3efffec0
     155435.000 ns	     15542	80003498	eda6e213	ori	x4,x13,-294	 x13:0x00000003  x4=0xfffffedb
     155445.000 ns	     15543	8000349c	016624b3	slt	x9,x12,x22	 x12:0x00000000 x22:0x00000047  x9=0x00000001
     155455.000 ns	     15544	800034a0	b59fb393	sltiu	x7,x31,-1191	 x31:0x4ffb5448  x7=0x00000001
     155465.000 ns	     15545	800034a4	01caedb3	or	x27,x21,x28	 x21:0xffffffff x28:0x000000f7 x27=0xffffffff
     155485.000 ns	     15547	800034a8	03d1b4b3	mulhu	x9,x3,x29	  x3:0x00000001 x29:0x1ae1c454  x9=0x00000000
     155515.000 ns	     15550	800034ac	294886d3	fmin.s	f13,f17,f20	 f17:0x40000000 f20:0x3efffec0 f13=0x3efffec0
     155545.000 ns	     15553	800034b0	20a59cd3	fsgnjn.s	f25,f11,f10	 f11:0xff800000 f10:0x3f350482 f25=0xff800000
     155565.000 ns	     15555	800034b4	015ab733	sltu	x14,x21,x21	 x21:0xffffffff x21:0xffffffff x14=0x00000000
     155575.000 ns	     15556	800034b8	01cc1213	slli	x4,x24,0x1c	 x24:0x00000001  x4=0x10000000
     155585.000 ns	     15557	800034bc	96c9ad97	auipc	x27,0x96c9a	 x27=0x16c9d4bc
     155605.000 ns	     15559	800034c0	2190afd3	fsgnjx.s	f31,f1,f25	  f1:0xceb2a2e0 f25:0xff800000 f31=0x4eb2a2e0
     155635.000 ns	     15562	800034c4	d00f7653	fcvt.s.w	f12,x30	 x30:0x00000000 f12=0x00000000
     155665.000 ns	     15565	800034c8	c00fff53	fcvt.w.s	x30,f31	 f31:0x4eb2a2e0 x30=0x59517000
     155695.000 ns	     15568	800034cc	21eeab53	fsgnjx.s	f22,f29,f30	 f29:0x80041024 f30:0xff800000 f22=0x00041024
     155715.000 ns	     15570	800034d0	00913ab3	sltu	x21,x2,x9	  x2:0x80041020  x9:0x00000000 x21=0x00000000
     155735.000 ns	     15572	800034d4	a17012d3	flt.s	x5,f0,f23	  f0:0x7fc00000 f23:0x7fc00000  x5=0x00000000
     155755.000 ns	     15574	800034d8	4fc22413	slti	x8,x4,1276	  x4:0x10000000  x8=0x00000000
     155765.000 ns	     15575	800034dc	40fdda93	srai	x21,x27,0xf	 x27:0x16c9d4bc x21=0x00002d93
     155775.000 ns	     15576	800034e0	b44e6413	ori	x8,x28,-1212	 x28:0x000000f7  x8=0xfffffbf7
     155785.000 ns	     15577	800034e4	005e9c93	slli	x25,x29,0x5	 x29:0x1ae1c454 x25=0x5c388a80
     155795.000 ns	     15578	800034e8	41660eb3	sub	x29,x12,x22	 x12:0x00000000 x22:0x00000047 x29=0xffffffb9
     156155.000 ns	     15614	800034ec	03be78b3	remu	x17,x28,x27	 x28:0x000000f7 x27:0x16c9d4bc x17=0x000000f7
     156195.000 ns	     15618	800034f0	188074d3	fdiv.s	f9,f0,f8	  f0:0x7fc00000  f8:0x00000000  f9=0x7fc00000
     156225.000 ns	     15621	800034f4	030e8233	mul	x4,x29,x16	 x29:0xffffffb9 x16:0x00000000  x4=0x00000000
     156245.000 ns	     15623	800034f8	f2a94a93	xori	x21,x18,-214	 x18:0x00000000 x21=0xffffff2a
     156255.000 ns	     15624	800034fc	550ce893	ori	x17,x25,1360	 x25:0x5c388a80 x17=0x5c388fd0
     156265.000 ns	     15625	80003500	6c72bd37	lui	x26,0x6c72b	 x26=0x6c72b000
     156285.000 ns	     15627	80003504	29a28953	fmin.s	f18,f5,f26	  f5:0x00000000 f26:0x80000001 f18=0x80000001
     156315.000 ns	     15630	80003508	21d088d3	fsgnj.s	f17,f1,f29	  f1:0xceb2a2e0 f29:0x80041024 f17=0xceb2a2e0
     156345.000 ns	     15633	8000350c	c0068253	fcvt.w.s	x4,f13	 f13:0x3efffec0  x4=0x00000000
     156375.000 ns	     15636	80003510	a0b61953	flt.s	x18,f12,f11	 f12:0x00000000 f11:0xff800000 x18=0x00000000
     156395.000 ns	     15638	80003514	01c40933	add	x18,x8,x28	  x8:0xfffffbf7 x28:0x000000f7 x18=0xfffffcee
     156405.000 ns	     15639	80003518	0063cbb3	xor	x23,x7,x6	  x7:0x00000001  x6:0x00000002 x23=0x00000003
     156425.000 ns	     15641	8000351c	f00b04d3	fmv.w.x	f9,x22	 x22:0x00000047  f9=0x00000047
     156455.000 ns	     15644	80003520	c0120553	fcvt.wu.s	x10,f4	  f4:0x7fc00000 x10=0xffffffff
     156485.000 ns	     15647	80003524	a0061b53	flt.s	x22,f12,f0	 f12:0x00000000  f0:0x7fc00000 x22=0x00000000
     156515.000 ns	     15650	80003528	a0708ad3	fle.s	x21,f1,f7	  f1:0xceb2a2e0  f7:0x00000001 x21=0x00000001
     156545.000 ns	     15653	8000352c	d000ffd3	fcvt.s.w	f31,x1	  x1:0x00000001 f31=0x3f800000
     156575.000 ns	     15656	80003530	213d80d3	fsgnj.s	f1,f27,f19	 f27:0x7fc00000 f19:0x00000000  f1=0x7fc00000
     156595.000 ns	     15658	80003534	0040bcb3	sltu	x25,x1,x4	  x1:0x00000001  x4:0x00000000 x25=0x00000000
     156615.000 ns	     15660	80003538	03e6a733	mulhsu	x14,x13,x30	 x13:0x00000003 x30:0x59517000 x14=0x00000001
     156635.000 ns	     15662	8000353c	3713e893	ori	x17,x7,881	  x7:0x00000001 x17=0x00000371
     156665.000 ns	     15665	80003540	11e747d3	fmul.s	f15,f14,f30	 f14:0x00000000 f30:0xff800000 f15=0x7fc00000
     156685.000 ns	     15667	80003544	85f9b513	sltiu	x10,x19,-1953	 x19:0x00000000 x10=0x00000001
     157045.000 ns	     15703	80003548	02d75633	divu	x12,x14,x13	 x14:0x00000001 x13:0x00000003 x12=0x00000000
     157065.000 ns	     15705	8000354c	00106933	or	x18,x0,x1	  x0:0x00000000  x1:0x00000001 x18=0x00000001
     157085.000 ns	     15707	80003550	030ab833	mulhu	x16,x21,x16	 x21:0x00000001 x16:0x00000000 x16=0x00000000
     157455.000 ns	     15744	80003554	032b7fb3	remu	x31,x22,x18	 x22:0x00000000 x18:0xfffffcee x31=0x00000000
     157475.000 ns	     15746	80003558	01316233	or	x4,x2,x19	  x2:0x80041020 x19:0x00000000  x4=0x80041020
     157485.000 ns	     15747	8000355c	15c2cc13	xori	x24,x5,348	  x5:0x00000000 x24=0x0000015c
     157495.000 ns	     15748	80003560	842db717	auipc	x14,0x842db	 x14=0x042de560
     157515.000 ns	     15750	80003564	29c48153	fmin.s	f2,f9,f28	  f9:0x00000047 f28:0x80000000  f2=0x80000000
     157535.000 ns	     15752	80003568	260f9db7	lui	x27,0x260f9	 x27=0x260f9000
     157545.000 ns	     15753	8000356c	013fd713	srli	x14,x31,0x13	 x31:0x00000000 x14=0x00000000
     157555.000 ns	     15754	80003570	e71c2c93	slti	x25,x24,-399	 x24:0x0000015c x25=0x00000000
     157565.000 ns	     15755	80003574	40da8133	sub	x2,x21,x13	 x21:0x00000001 x13:0x00000003  x2=0xfffffffe
     157595.000 ns	     15758	80003578	19704153	fdiv.s	f2,f0,f23	  f0:0x7fc00000 f23:0x7fc00000  f2=0x7fc00000
     157615.000 ns	     15760	8000357c	408bdd33	sra	x26,x23,x8	 x23:0x00000003  x8:0xfffffbf7 x26=0x00000000
     157635.000 ns	     15762	80003580	a19309d3	fle.s	x19,f6,f25	  f6:0x7fc00000 f25:0xff800000 x19=0x00000000
     157665.000 ns	     15765	80003584	02c3acb3	mulhsu	x25,x7,x12	  x7:0x00000001 x12:0x00000000 x25=0x00000000
     157685.000 ns	     15767	80003588	41b68c33	sub	x24,x13,x27	 x13:0x00000003 x27:0x260f9000 x24=0xd9f07003
     157705.000 ns	     15769	8000358c	e00b9bd3	fclass.s	x23,f23	 f23:0x7fc00000 x23=0x00000200
     157725.000 ns	     15771	80003590	01358533	add	x10,x11,x19	 x11:0x00000000 x19:0x00000000 x10=0x00000000
     157735.000 ns	     15772	80003594	013c2cb3	slt	x25,x24,x19	 x24:0xd9f07003 x19:0x00000000 x25=0x00000001
     157745.000 ns	     15773	80003598	00fe53b3	srl	x7,x28,x15	 x28:0x000000f7 x15:0x80040fe4  x7=0x0000000f
     157755.000 ns	     15774	8000359c	95d82c93	slti	x25,x16,-1699	 x16:0x00000000 x25=0x00000000
     157775.000 ns	     15776	800035a0	a17f8753	fle.s	x14,f31,f23	 f31:0x3f800000 f23:0x7fc00000 x14=0x00000000
     157795.000 ns	     15778	800035a4	8edf8a93	addi	x21,x31,-1811	 x31:0x00000000 x21=0xfffff8ed
     157815.000 ns	     15780	800035a8	0383b933	mulhu	x18,x7,x24	  x7:0x0000000f x24:0xd9f07003 x18=0x0000000c
     157835.000 ns	     15782	800035ac	cfab3393	sltiu	x7,x22,-774	 x22:0x00000000  x7=0x00000001
     157855.000 ns	     15784	800035b0	e0049b53	fclass.s	x22,f9	  f9:0x00000047 x22=0x00000020
     157875.000 ns	     15786	800035b4	13b7fb13	andi	x22,x15,315	 x15:0x80040fe4 x22=0x00000120
     157885.000 ns	     15787	800035b8	0026ecb3	or	x25,x13,x2	 x13:0x00000003  x2:0xfffffffe x25=0xffffffff
     157905.000 ns	     15789	800035bc	e0061753	fclass.s	x14,f12	 f12:0x00000000 x14=0x00000010
     157925.000 ns	     15791	800035c0	0186f933	and	x18,x13,x24	 x13:0x00000003 x24:0xd9f07003 x18=0x00000003
     157945.000 ns	     15793	800035c4	02c92bb3	mulhsu	x23,x18,x12	 x18:0x0000000c x12:0x00000000 x23=0x00000000
     157965.000 ns	     15795	800035c8	1dd60893	addi	x17,x12,477	 x12:0x00000000 x17=0x000001dd
     157975.000 ns	     15796	800035cc	00284db3	xor	x27,x16,x2	 x16:0x00000000  x2:0xfffffffe x27=0xfffffffe
     157995.000 ns	     15798	800035d0	a1c21c53	flt.s	x24,f4,f28	  f4:0x7fc00000 f28:0x80000000 x24=0x00000000
     158365.000 ns	     15835	800035d4	022ee633	rem	x12,x29,x2	 x29:0xffffffb9  x2:0xfffffffe x12=0xffffffff
     158385.000 ns	     15837	800035d8	00575193	srli	x3,x14,0x5	 x14:0x00000010  x3=0x00000000
     158395.000 ns	     15838	800035dc	01a25833	srl	x16,x4,x26	  x4:0x80041020 x26:0x00000000 x16=0x80041020
     158415.000 ns	     15840	800035e0	029ad833	divu	x16,x21,x9	 x21:0xfffff8ed  x9:0x00000000 x16=0xffffffff
     158445.000 ns	     15843	800035e4	a148ac53	feq.s	x24,f17,f20	 f17:0xceb2a2e0 f20:0x3efffec0 x24=0x00000000
     158475.000 ns	     15846	800035e8	e0050453	fmv.x.w	x8,f10	 f10:0x3f350482  x8=0x3f350482
     158845.000 ns	     15883	800035ec	0266d8b3	divu	x17,x13,x6	 x13:0x00000003  x6:0x00000002 x17=0x00000001
     158865.000 ns	     15885	800035f0	20d10337	lui	x6,0x20d10	  x6=0x20d10000
     158885.000 ns	     15887	800035f4	20482cd3	fsgnjx.s	f25,f16,f4	 f16:0xc5000000  f4:0x7fc00000 f25=0xc5000000
     158915.000 ns	     15890	800035f8	c001fcd3	fcvt.w.s	x25,f3	  f3:0x43b50482 x25=0x0000016a
     158945.000 ns	     15893	800035fc	20a085d3	fsgnj.s	f11,f1,f10	  f1:0x7fc00000 f10:0x3f350482 f11=0x7fc00000
     159315.000 ns	     15930	80003600	034cc5b3	div	x11,x25,x20	 x25:0x0000016a x20:0x80041024 x11=0x00000000
     159335.000 ns	     15932	80003604	00b32933	slt	x18,x6,x11	  x6:0x20d10000 x11:0x00000000 x18=0x00000000
     159355.000 ns	     15934	80003608	a0eeaed3	feq.s	x29,f29,f14	 f29:0x80041024 f14:0x00000000 x29=0x00000000
     159375.000 ns	     15936	8000360c	6652e513	ori	x10,x5,1637	  x5:0x00000000 x10=0x00000665
     159395.000 ns	     15938	80003610	29ce8653	fmin.s	f12,f29,f28	 f29:0x80041024 f28:0x80000000 f12=0x80041024
     159415.000 ns	     15940	80003614	01cedc93	srli	x25,x29,0x1c	 x29:0x00000000 x25=0x00000000
     159435.000 ns	     15942	80003618	28610ad3	fmin.s	f21,f2,f6	  f2:0x7fc00000  f6:0x7fc00000 f21=0x7fc00000
     159465.000 ns	     15945	8000361c	e00f0753	fmv.x.w	x14,f30	 f30:0xff800000 x14=0xff800000
     159495.000 ns	     15948	80003620	20799853	fsgnjn.s	f16,f19,f7	 f19:0x00000000  f7:0x00000001 f16=0x80000000
     159525.000 ns	     15951	80003624	f00702d3	fmv.w.x	f5,x14	 x14:0xff800000  f5=0xff800000
     159555.000 ns	     15954	80003628	c01d7b53	fcvt.wu.s	x22,f26	 f26:0x80000001 x22=0x00000000
     159585.000 ns	     15957	8000362c	a1d29153	flt.s	x2,f5,f29	  f5:0xff800000 f29:0x80041024  x2=0x00000001
     159615.000 ns	     15960	80003630	d00d9ad3	fcvt.s.w	f21,x27	 x27:0xfffffffe f21=0xc0000000
     159645.000 ns	     15963	80003634	a0070ad3	fle.s	x21,f14,f0	 f14:0x00000000  f0:0x7fc00000 x21=0x00000000
     159665.000 ns	     15965	80003638	00f8e033	or	x0,x17,x15	 x17:0x00000001 x15:0x80040fe4
     159675.000 ns	     15966	8000363c	414fd213	srai	x4,x31,0x14	 x31:0x00000000  x4=0x00000000
     159695.000 ns	     15968	80003640	f00e8353	fmv.w.x	f6,x29	 x29:0x00000000  f6=0x00000000
     159725.000 ns	     15971	80003644	296d1bd3	fmax.s	f23,f26,f22	 f26:0x80000001 f22:0x00041024 f23=0x00041024
     159745.000 ns	     15973	80003648	4063dc33	sra	x24,x7,x6	  x7:0x00000001  x6:0x20d10000 x24=0x00000001
     159765.000 ns	     15975	8000364c	20b3a2d3	fsgnjx.s	f5,f7,f11	  f7:0x00000001 f11:0x7fc00000  f5=0x00000001
     159785.000 ns	     15977	80003650	013e1813	slli	x16,x28,0x13	 x28:0x000000f7 x16=0x07b80000
     159805.000 ns	     15979	80003654	20960cd3	fsgnj.s	f25,f12,f9	 f12:0x80041024  f9:0x00000047 f25=0x00041024
     160145.000 ns	     16013	80003658	191afdd3	fdiv.s	f27,f21,f17	 f21:0xc0000000 f17:0xceb2a2e0 f27=0x30800000
     160175.000 ns	     16016	8000365c	a0240053	fle.s	x0,f8,f2	  f8:0x00000000  f2:0x7fc00000
     160195.000 ns	     16018	80003660	00000013	addi	x0,x0,0	  x0:0x00000000
     160205.000 ns	     16019	80003664	00307b33	and	x22,x0,x3	  x0:0x00000000  x3:0x00000000 x22=0x00000000
     160215.000 ns	     16020	80003668	9c803237	lui	x4,0x9c803	  x4=0x9c803000
     160225.000 ns	     16021	8000366c	008a9433	sll	x8,x21,x8	 x21:0x00000000  x8:0x3f350482  x8=0x00000000
     160235.000 ns	     16022	80003670	012b2b33	slt	x22,x22,x18	 x22:0x00000000 x18:0x00000000 x22=0x00000000
     160255.000 ns	     16024	80003674	02049633	mulh	x12,x9,x0	  x9:0x00000000  x0:0x00000000 x12=0x00000000
     160285.000 ns	     16027	80003678	a05981d3	fle.s	x3,f19,f5	 f19:0x00000000  f5:0x00000001  x3=0x00000001
     160315.000 ns	     16030	8000367c	2106acd3	fsgnjx.s	f25,f13,f16	 f13:0x3efffec0 f16:0x80000000 f25=0xbefffec0
     160335.000 ns	     16032	80003680	01095213	srli	x4,x18,0x10	 x18:0x00000000  x4=0x00000000
     160355.000 ns	     16034	80003684	c01aa5d3	fcvt.wu.s	x11,f21	 f21:0xc0000000 x11=0x00000002
     160385.000 ns	     16037	80003688	e0058d53	fmv.x.w	x26,f11	 f11:0x7fc00000 x26=0x7fc00000
     160405.000 ns	     16039	8000368c	01ad1233	sll	x4,x26,x26	 x26:0x00000000 x26:0x00000000  x4=0x7fc00000
     160415.000 ns	     16040	80003690	012a6633	or	x12,x20,x18	 x20:0x80041024 x18:0x00000000 x12=0x80041024
     160425.000 ns	     16041	80003694	01d8b533	sltu	x10,x17,x29	 x17:0x00000001 x29:0x00000000 x10=0x00000000
     160445.000 ns	     16043	80003698	209f9ed3	fsgnjn.s	f29,f31,f9	 f31:0x3f800000  f9:0x00000047 f29=0xbf800000
     160475.000 ns	     16046	8000369c	a1719e53	flt.s	x28,f3,f23	  f3:0x43b50482 f23:0x00041024 x28=0x00000000
     160505.000 ns	     16049	800036a0	214a07d3	fsgnj.s	f15,f20,f20	 f20:0x3efffec0 f20:0x3efffec0 f15=0x3efffec0
     160535.000 ns	     16052	800036a4	026c85b3	mul	x11,x25,x6	 x25:0x00000000  x6:0x20d10000 x11=0x00000000
     160875.000 ns	     16086	800036a8	185bc753	fdiv.s	f14,f23,f5	 f23:0x00041024  f5:0x00000001 f14=0x3cb78de4
     160895.000 ns	     16088	800036ac	417cd2b3	sra	x5,x25,x23	 x25:0x00000000 x23:0x00000000  x5=0x00000000
     160915.000 ns	     16090	800036b0	f0028953	fmv.w.x	f18,x5	  x5:0x00000000 f18=0x00000000
     160945.000 ns	     16093	800036b4	a18394d3	flt.s	x9,f7,f24	  f7:0x00000001 f24:0x43b50482  x9=0x00000001
     160965.000 ns	     16095	800036b8	00679b33	sll	x22,x15,x6	 x15:0x80040fe4  x6:0x20d10000 x22=0x80040fe4
     160985.000 ns	     16097	800036bc	030e0833	mul	x16,x28,x16	 x28:0x00000000 x16:0x07b80000 x16=0x00000000
     161005.000 ns	     16099	800036c0	b2107c13	andi	x24,x0,-1247	  x0:0x00000000 x24=0x00000000
     161015.000 ns	     16100	800036c4	76eec893	xori	x17,x29,1902	 x29:0x00000000 x17=0x0000076e
     161025.000 ns	     16101	800036c8	00d7d3b3	srl	x7,x15,x13	 x15:0x80040fe4 x13:0x00000003  x7=0x100081fc
     161035.000 ns	     16102	800036cc	00f313b3	sll	x7,x6,x15	  x6:0x20d10000 x15:0x80040fe4  x7=0x0d100000
     161055.000 ns	     16104	800036d0	c001c9d3	fcvt.w.s	x19,f3	  f3:0x43b50482 x19=0x0000016a
     161095.000 ns	     16108	800036d4	10dff553	fmul.s	f10,f31,f13	 f31:0x3f800000 f13:0x3efffec0 f10=0x3efffec0
     161435.000 ns	     16142	800036d8	195a7bd3	fdiv.s	f23,f20,f21	 f20:0x3efffec0 f21:0xc0000000 f23=0xbe1dc41d
     161455.000 ns	     16144	800036dc	75773d93	sltiu	x27,x14,1879	 x14:0xff800000 x27=0x00000000
     161495.000 ns	     16148	800036e0	01dcf653	fadd.s	f12,f25,f29	 f25:0xbefffec0 f29:0xbf800000 f12=0xbfbfffb0
     161515.000 ns	     16150	800036e4	0187ffb3	and	x31,x15,x24	 x15:0x80040fe4 x24:0x00000000 x31=0x00000000
     161525.000 ns	     16151	800036e8	01785cb3	srl	x25,x16,x23	 x16:0x00000000 x23:0x00000000 x25=0x00000000
     161535.000 ns	     16152	800036ec	2f90b813	sltiu	x16,x1,761	  x1:0x00000001 x16=0x00000001
     161545.000 ns	     16153	800036f0	003b7633	and	x12,x22,x3	 x22:0x80040fe4  x3:0x00000001 x12=0x00000000
     161905.000 ns	     16189	800036f4	021b7333	remu	x6,x22,x1	 x22:0x80040fe4  x1:0x00000001  x6=0x00000000
     161925.000 ns	     16191	800036f8	001f1b13	slli	x22,x30,0x1	 x30:0x59517000 x22=0xb2a2e000
     161935.000 ns	     16192	800036fc	01117cb3	and	x25,x2,x17	  x2:0x00000001 x17:0x0000076e x25=0x00000000
     161965.000 ns	     16195	80003700	11457b53	fmul.s	f22,f10,f20	 f10:0x3efffec0 f20:0x3efffec0 f22=0x3e7ffd80
     161995.000 ns	     16198	80003704	02b1b133	mulhu	x2,x3,x11	  x3:0x00000001 x11:0x00000000  x2=0x00000000
     162025.000 ns	     16201	80003708	c0147f53	fcvt.wu.s	x30,f8	  f8:0x00000000 x30=0x00000000
     162055.000 ns	     16204	8000370c	200c11d3	fsgnjn.s	f3,f24,f0	 f24:0x43b50482  f0:0x7fc00000  f3=0xc3b50482
     162085.000 ns	     16207	80003710	f0080e53	fmv.w.x	f28,x16	 x16:0x00000001 f28=0x00000001
     162115.000 ns	     16210	80003714	a1ba89d3	fle.s	x19,f21,f27	 f21:0xc0000000 f27:0x30800000 x19=0x00000001
     162145.000 ns	     16213	80003718	e00f1b53	fclass.s	x22,f30	 f30:0xff800000 x22=0x00000001
     162165.000 ns	     16215	8000371c	0195cf33	xor	x30,x11,x25	 x11:0x00000000 x25:0x00000000 x30=0x00000000
     162195.000 ns	     16218	80003720	107873d3	fmul.s	f7,f16,f7	 f16:0x80000000  f7:0x00000001  f7=0x80000000
     162225.000 ns	     16221	80003724	29ab9ed3	fmax.s	f29,f23,f26	 f23:0xbe1dc41d f26:0x80000001 f29=0x80000001
     162255.000 ns	     16224	80003728	0359cf33	div	x30,x19,x21	 x19:0x00000001 x21:0x00000000 x30=0xffffffff
     162285.000 ns	     16227	8000372c	03ca6b33	rem	x22,x20,x28	 x20:0x80041024 x28:0x00000000 x22=0x80041024
     162305.000 ns	     16229	80003730	3f9fc113	xori	x2,x31,1017	 x31:0x00000000  x2=0x000003f9
     162315.000 ns	     16230	80003734	017b1d93	slli	x27,x22,0x17	 x22:0x80041024 x27=0x12000000
     162325.000 ns	     16231	80003738	291482b7	lui	x5,0x29148	  x5=0x29148000
     162365.000 ns	     16235	8000373c	0026fad3	fadd.s	f21,f13,f2	 f13:0x3efffec0  f2:0x7fc00000 f21=0x7fc00000
     162385.000 ns	     16237	80003740	a110e493	ori	x9,x1,-1519	  x1:0x00000001  x9=0xfffffa11
     162405.000 ns	     16239	80003744	f0058053	fmv.w.x	f0,x11	 x11:0x00000000  f0=0x00000000
     162425.000 ns	     16241	80003748	00000013	addi	x0,x0,0	  x0:0x00000000
     162445.000 ns	     16243	8000374c	20c10653	fsgnj.s	f12,f2,f12	  f2:0x7fc00000 f12:0xbfbfffb0 f12=0xffc00000
     162465.000 ns	     16245	80003750	40cc0e33	sub	x28,x24,x12	 x24:0x00000000 x12:0x00000000 x28=0x00000000
     162475.000 ns	     16246	80003754	00de7b33	and	x22,x28,x13	 x28:0x00000000 x13:0x00000003 x22=0x00000000
     162485.000 ns	     16247	80003758	0ad03393	sltiu	x7,x0,173	  x0:0x00000000  x7=0x00000001
     162495.000 ns	     16248	8000375c	01985593	srli	x11,x16,0x19	 x16:0x00000001 x11=0x00000000
     162515.000 ns	     16250	80003760	a1b22b53	feq.s	x22,f4,f27	  f4:0x7fc00000 f27:0x30800000 x22=0x00000000
     162545.000 ns	     16253	80003764	21e38cd3	fsgnj.s	f25,f7,f30	  f7:0x80000000 f30:0xff800000 f25=0x80000000
     162565.000 ns	     16255	80003768	0037cf33	xor	x30,x15,x3	 x15:0x80040fe4  x3:0x00000001 x30=0x80040fe5
     162585.000 ns	     16257	8000376c	a175af53	feq.s	x30,f11,f23	 f11:0x7fc00000 f23:0xbe1dc41d x30=0x00000000
     162605.000 ns	     16259	80003770	4178d133	sra	x2,x17,x23	 x17:0x0000076e x23:0x00000000  x2=0x0000076e
     162635.000 ns	     16262	80003774	580071d3	fsqrt.s	f3,f0	  f0:0x00000000  f3=0x00000000
     162665.000 ns	     16265	80003778	0207cd33	div	x26,x15,x0	 x15:0x80040fe4  x0:0x00000000 x26=0xffffffff
     162685.000 ns	     16267	8000377c	6fef8b13	addi	x22,x31,1790	 x31:0x00000000 x22=0x000006fe
     162695.000 ns	     16268	80003780	00ec79b3	and	x19,x24,x14	 x24:0x00000000 x14:0xff800000 x19=0x00000000
     162705.000 ns	     16269	80003784	0076d433	srl	x8,x13,x7	 x13:0x00000003  x7:0x00000001  x8=0x00000001
     162715.000 ns	     16270	80003788	3d28af13	slti	x30,x17,978	 x17:0x0000076e x30=0x00000000
     162735.000 ns	     16272	8000378c	210c0fd3	fsgnj.s	f31,f24,f16	 f24:0x43b50482 f16:0x80000000 f31=0xc3b50482
     162765.000 ns	     16275	80003790	03d01633	mulh	x12,x0,x29	  x0:0x00000000 x29:0x00000000 x12=0x00000000
     162785.000 ns	     16277	80003794	41565713	srai	x14,x12,0x15	 x12:0x00000000 x14=0x00000000
     162805.000 ns	     16279	80003798	20cc9753	fsgnjn.s	f14,f25,f12	 f25:0x80000000 f12:0xffc00000 f14=0x00000000
     162835.000 ns	     16282	8000379c	02d19d33	mulh	x26,x3,x13	  x3:0x00000001 x13:0x00000003 x26=0x00000000
     163205.000 ns	     16319	800037a0	0363ebb3	rem	x23,x7,x22	  x7:0x00000001 x22:0x000006fe x23=0x00000001
     163235.000 ns	     16322	800037a4	02c873b3	remu	x7,x16,x12	 x16:0x00000001 x12:0x00000000  x7=0x00000001
     163255.000 ns	     16324	800037a8	91478e13	addi	x28,x15,-1772	 x15:0x80040fe4 x28=0x800408f8
     163265.000 ns	     16325	800037ac	405f5833	sra	x16,x30,x5	 x30:0x00000000  x5:0x29148000 x16=0x00000000
     163275.000 ns	     16326	800037b0	9ea6b917	auipc	x18,0x9ea6b	 x18=0x1ea6e7b0
     163285.000 ns	     16327	800037b4	00495393	srli	x7,x18,0x4	 x18:0x00000000  x7=0x01ea6e7b
     163295.000 ns	     16328	800037b8	410dd293	srai	x5,x27,0x10	 x27:0x12000000  x5=0x00001200
     163315.000 ns	     16330	800037bc	f0000cd3	fmv.w.x	f25,x0	  x0:0x00000000 f25=0x00000000
     163335.000 ns	     16332	800037c0	015ff4b3	and	x9,x31,x21	 x31:0x00000000 x21:0x00000000  x9=0x00000000
     163345.000 ns	     16333	800037c4	00061413	slli	x8,x12,0x0	 x12:0x00000000  x8=0x00000000
     163385.000 ns	     16337	800037c8	00f60053	fadd.s	f0,f12,f15	 f12:0xffc00000 f15:0x3efffec0  f0=0x7fc00000
     163415.000 ns	     16340	800037cc	21f08153	fsgnj.s	f2,f1,f31	  f1:0x7fc00000 f31:0xc3b50482  f2=0xffc00000
     163455.000 ns	     16344	800037d0	580d4053	fsqrt.s	f0,f26	 f26:0x80000001  f0=0x7fc00000
     163475.000 ns	     16346	800037d4	0180c9b3	xor	x19,x1,x24	  x1:0x00000001 x24:0x00000000 x19=0x00000001
     163485.000 ns	     16347	800037d8	76560213	addi	x4,x12,1893	 x12:0x00000000  x4=0x00000765
     163505.000 ns	     16349	800037dc	03d0fe33	remu	x28,x1,x29	  x1:0x00000001 x29:0x00000000 x28=0x00000001
     163535.000 ns	     16352	800037e0	d01ff3d3	fcvt.s.wu	f7,x31	 x31:0x00000000  f7=0x00000000
     163555.000 ns	     16354	800037e4	a7b58213	addi	x4,x11,-1413	 x11:0x00000000  x4=0xfffffa7b
     163565.000 ns	     16355	800037e8	551fcb13	xori	x22,x31,1361	 x31:0x00000000 x22=0x00000551
     163575.000 ns	     16356	800037ec	4165df33	sra	x30,x11,x22	 x11:0x00000000 x22:0x000006fe x30=0x00000000
     163935.000 ns	     16392	800037f0	0251f1b3	remu	x3,x3,x5	  x3:0x00000001  x5:0x00001200  x3=0x00000001
     163985.000 ns	     16397	800037f4	00ef85d3	fadd.s	f11,f31,f14	 f31:0xc3b50482 f14:0x00000000 f11=0xc3b50482
     164005.000 ns	     16399	800037f8	40d25e93	srai	x29,x4,0xd	  x4:0xfffffa7b x29=0xffffffff
     164015.000 ns	     16400	800037fc	9e593a93	sltiu	x21,x18,-1563	 x18:0x1ea6e7b0 x21=0x00000001
     164035.000 ns	     16402	80003800	d00ff753	fcvt.s.w	f14,x31	 x31:0x00000000 f14=0x00000000
     164065.000 ns	     16405	80003804	030320b3	mulhsu	x1,x6,x16	  x6:0x00000000 x16:0x00000000  x1=0x00000000
     164085.000 ns	     16407	80003808	00a735b3	sltu	x11,x14,x10	 x14:0x00000000 x10:0x00000000 x11=0x00000000
     164105.000 ns	     16409	8000380c	201f0d53	fsgnj.s	f26,f30,f1	 f30:0xff800000  f1:0x7fc00000 f26=0x7f800000
     164155.000 ns	     16414	80003810	09b87dd3	fsub.s	f27,f16,f27	 f16:0x80000000 f27:0x30800000 f27=0xb0800000
     164195.000 ns	     16418	80003814	580ebcd3	fsqrt.s	f25,f29	 f29:0x80000001 f25=0x7fc00000
     164215.000 ns	     16420	80003818	64110b93	addi	x23,x2,1601	  x2:0x0000076e x23=0x00000daf
     164235.000 ns	     16422	8000381c	a1c222d3	feq.s	x5,f4,f28	  f4:0x7fc00000 f28:0x00000001  x5=0x00000000
     164255.000 ns	     16424	80003820	701ec513	xori	x10,x29,1793	 x29:0xffffffff x10=0xfffff8fe
     164265.000 ns	     16425	80003824	01cdc533	xor	x10,x27,x28	 x27:0x12000000 x28:0x00000001 x10=0x12000001
     164275.000 ns	     16426	80003828	f7cd6997	auipc	x19,0xf7cd6	 x19=0x77cd9828
     164285.000 ns	     16427	8000382c	004b0733	add	x14,x22,x4	 x22:0x00000551  x4:0xfffffa7b x14=0xffffffcc
     164305.000 ns	     16429	80003830	036711b3	mulh	x3,x14,x22	 x14:0x00000000 x22:0x00000551  x3=0xffffffff
     164335.000 ns	     16432	80003834	c00d72d3	fcvt.w.s	x5,f26	 f26:0x7f800000  x5=0x7fffffff
     164355.000 ns	     16434	80003838	00c28b33	add	x22,x5,x12	  x5:0x00000000 x12:0x00000000 x22=0x7fffffff
     164375.000 ns	     16436	8000383c	f0008e53	fmv.w.x	f28,x1	  x1:0x00000000 f28=0x00000000
     164405.000 ns	     16439	80003840	d01f1053	fcvt.s.wu	f0,x30	 x30:0x00000000  f0=0x00000000
     164425.000 ns	     16441	80003844	0a91b193	sltiu	x3,x3,169	  x3:0xffffffff  x3=0x00000000
     164435.000 ns	     16442	80003848	01bb9993	slli	x19,x23,0x1b	 x23:0x00000daf x19=0x78000000
     164795.000 ns	     16478	8000384c	03697833	remu	x16,x18,x22	 x18:0x1ea6e7b0 x22:0x7fffffff x16=0x1ea6e7b0
     164815.000 ns	     16480	80003850	405f8913	addi	x18,x31,1029	 x31:0x00000000 x18=0x00000405
     164835.000 ns	     16482	80003854	20242a53	fsgnjx.s	f20,f8,f2	  f8:0x00000000  f2:0xffc00000 f20=0x80000000
     164855.000 ns	     16484	80003858	00000013	addi	x0,x0,0	  x0:0x00000000
     164875.000 ns	     16486	8000385c	21470b53	fsgnj.s	f22,f14,f20	 f14:0x00000000 f20:0x80000000 f22=0x80000000
     164905.000 ns	     16489	80003860	29308853	fmin.s	f16,f1,f19	  f1:0x7fc00000 f19:0x00000000 f16=0x00000000
     164925.000 ns	     16491	80003864	c7c17e13	andi	x28,x2,-900	  x2:0x0000076e x28=0x0000046c
     164945.000 ns	     16493	80003868	021a8233	mul	x4,x21,x1	 x21:0x00000001  x1:0x00000000  x4=0x00000000
     164975.000 ns	     16496	8000386c	02438833	mul	x16,x7,x4	  x7:0x01ea6e7b  x4:0xfffffa7b x16=0x00000000
     165005.000 ns	     16499	80003870	021e0eb3	mul	x29,x28,x1	 x28:0x0000046c  x1:0x00000000 x29=0x00000000
     165025.000 ns	     16501	80003874	00ffafb3	slt	x31,x31,x15	 x31:0x00000000 x15:0x80040fe4 x31=0x00000000
     165035.000 ns	     16502	80003878	b98193b7	lui	x7,0xb9819	  x7=0xb9819000
     165055.000 ns	     16504	8000387c	a15d15d3	flt.s	x11,f26,f21	 f26:0x7f800000 f21:0x7fc00000 x11=0x00000000
     165075.000 ns	     16506	80003880	41e481b3	sub	x3,x9,x30	  x9:0x00000000 x30:0x00000000  x3=0x00000000
     165085.000 ns	     16507	80003884	08bccd13	xori	x26,x25,139	 x25:0x00000000 x26=0x0000008b
     165105.000 ns	     16509	80003888	282e96d3	fmax.s	f13,f29,f2	 f29:0x80000001  f2:0xffc00000 f13=0x80000001
     165475.000 ns	     16546	8000388c	036b63b3	rem	x7,x22,x22	 x22:0x7fffffff x22:0x7fffffff  x7=0x00000000
     165505.000 ns	     16549	80003890	0280efb3	rem	x31,x1,x8	  x1:0x00000000  x8:0x00000000 x31=0x00000000
     165525.000 ns	     16551	80003894	0187db13	srli	x22,x15,0x18	 x15:0x80040fe4 x22=0x00000080
     165535.000 ns	     16552	80003898	01255db3	srl	x27,x10,x18	 x10:0x12000001 x18:0x00000405 x27=0x00900000
     165575.000 ns	     16556	8000389c	09ad18d3	fsub.s	f17,f26,f26	 f26:0x7f800000 f26:0x7f800000 f17=0x80000000
     165595.000 ns	     16558	800038a0	8ef8e993	ori	x19,x17,-1809	 x17:0x0000076e x19=0xffffffef
     165605.000 ns	     16559	800038a4	00e4dd13	srli	x26,x9,0xe	  x9:0x00000000 x26=0x00000000
     165625.000 ns	     16561	800038a8	02120fb3	mul	x31,x4,x1	  x4:0x00000000  x1:0x00000000 x31=0x00000000
     165645.000 ns	     16563	800038ac	00c04633	xor	x12,x0,x12	  x0:0x00000000 x12:0x00000000 x12=0x00000000
     165655.000 ns	     16564	800038b0	01314333	xor	x6,x2,x19	  x2:0x0000076e x19:0xffffffef  x6=0xfffff881
     165665.000 ns	     16565	800038b4	40168313	addi	x6,x13,1025	 x13:0x00000003  x6=0x00000404
     165675.000 ns	     16566	800038b8	bc33fe93	andi	x29,x7,-1085	  x7:0x00000000 x29=0x00000000
     165695.000 ns	     16568	800038bc	28a79bd3	fmax.s	f23,f15,f10	 f15:0x3efffec0 f10:0x3efffec0 f23=0x3efffec0
     165715.000 ns	     16570	800038c0	012c2033	slt	x0,x24,x18	 x24:0x00000000 x18:0x00000405
     165735.000 ns	     16572	800038c4	02d5b133	mulhu	x2,x11,x13	 x11:0x00000000 x13:0x00000003  x2=0x00000000
     165765.000 ns	     16575	800038c8	03353b33	mulhu	x22,x10,x19	 x10:0x12000001 x19:0xffffffef x22=0x11ffffff
     165785.000 ns	     16577	800038cc	4009ac13	slti	x24,x19,1024	 x19:0xffffffef x24=0x00000001
     165795.000 ns	     16578	800038d0	a872a093	slti	x1,x5,-1401	  x5:0x7fffffff  x1=0x00000000
     165815.000 ns	     16580	800038d4	03eb8d33	mul	x26,x23,x30	 x23:0x00000daf x30:0x00000000 x26=0x00000000
     165845.000 ns	     16583	800038d8	030b00b3	mul	x1,x22,x16	 x22:0x11ffffff x16:0x00000000  x1=0x00000000
     165875.000 ns	     16586	800038dc	c009f0d3	fcvt.w.s	x1,f19	 f19:0x00000000  x1=0x00000000
     165905.000 ns	     16589	800038e0	02dd9d33	mulh	x26,x27,x13	 x27:0x00900000 x13:0x00000003 x26=0x00000000
     165935.000 ns	     16592	800038e4	21e49853	fsgnjn.s	f16,f9,f30	  f9:0x00000047 f30:0xff800000 f16=0x00000047
     165965.000 ns	     16595	800038e8	032e3233	mulhu	x4,x28,x18	 x28:0x0000046c x18:0x00000405  x4=0x00000000
     165995.000 ns	     16598	800038ec	21b51a53	fsgnjn.s	f20,f10,f27	 f10:0x3efffec0 f27:0xb0800000 f20=0x3efffec0
     166025.000 ns	     16601	800038f0	209aa553	fsgnjx.s	f10,f21,f9	 f21:0x7fc00000  f9:0x00000047 f10=0x7fc00000
     166055.000 ns	     16604	800038f4	a0aa20d3	feq.s	x1,f20,f10	 f20:0x3efffec0 f10:0x3efffec0  x1=0x00000000
     166075.000 ns	     16606	800038f8	015f0333	add	x6,x30,x21	 x30:0x00000000 x21:0x00000001  x6=0x00000001
     166095.000 ns	     16608	800038fc	027ce933	rem	x18,x25,x7	 x25:0x00000000  x7:0x00000000 x18=0x00000000
     166465.000 ns	     16645	80003900	02de51b3	divu	x3,x28,x13	 x28:0x0000046c x13:0x00000003  x3=0x00000179
     166485.000 ns	     16647	80003904	40e788b3	sub	x17,x15,x14	 x15:0x80040fe4 x14:0xffffffcc x17=0x80041018
     166505.000 ns	     16649	80003908	03040ab3	mul	x21,x8,x16	  x8:0x00000000 x16:0x00000000 x21=0x00000000
     166535.000 ns	     16652	8000390c	e0011753	fclass.s	x14,f2	  f2:0xffc00000 x14=0x00000200
     166565.000 ns	     16655	80003910	0356b533	mulhu	x10,x13,x21	 x13:0x00000003 x21:0x00000000 x10=0x00000000
     166585.000 ns	     16657	80003914	110c2193	slti	x3,x24,272	 x24:0x00000001  x3=0x00000001
     166595.000 ns	     16658	80003918	04c50593	addi	x11,x10,76	 x10:0x00000000 x11=0x0000004c
     166615.000 ns	     16660	8000391c	0299a4b3	mulhsu	x9,x19,x9	 x19:0xffffffef  x9:0x00000000  x9=0x00000000
     166645.000 ns	     16663	80003920	c0017dd3	fcvt.w.s	x27,f2	  f2:0xffc00000 x27=0x7fffffff
     166665.000 ns	     16665	80003924	589f75b7	lui	x11,0x589f7	 x11=0x589f7000
     166685.000 ns	     16667	80003928	0251b3b3	mulhu	x7,x3,x5	  x3:0x00000001  x5:0x7fffffff  x7=0x00000000
     166715.000 ns	     16670	8000392c	d011f9d3	fcvt.s.wu	f19,x3	  x3:0x00000001 f19=0x3f800000
     166735.000 ns	     16672	80003930	01816f33	or	x30,x2,x24	  x2:0x00000000 x24:0x00000001 x30=0x00000001
     166745.000 ns	     16673	80003934	01d8d1b3	srl	x3,x17,x29	 x17:0x80041018 x29:0x00000000  x3=0x80041018
     167105.000 ns	     16709	80003938	037c5233	divu	x4,x24,x23	 x24:0x00000001 x23:0x00000daf  x4=0x00000000
     167125.000 ns	     16711	8000393c	ebb6c713	xori	x14,x13,-325	 x13:0x00000003 x14=0xfffffeb8
     167165.000 ns	     16715	80003940	09a77c53	fsub.s	f24,f14,f26	 f14:0x00000000 f26:0x7f800000 f24=0xff800000
     167185.000 ns	     16717	80003944	41c9d633	sra	x12,x19,x28	 x19:0xffffffef x28:0x0000046c x12=0xffffffff
     167205.000 ns	     16719	80003948	02478f33	mul	x30,x15,x4	 x15:0x80040fe4  x4:0x00000000 x30=0x00000000
     167235.000 ns	     16722	8000394c	032fee33	rem	x28,x31,x18	 x31:0x00000000 x18:0x00000000 x28=0x00000000
     167255.000 ns	     16724	80003950	88ff6813	ori	x16,x30,-1905	 x30:0x00000000 x16=0xfffff88f
     167275.000 ns	     16726	80003954	c00384d3	fcvt.w.s	x9,f7	  f7:0x00000000  x9=0x00000000
     167295.000 ns	     16728	80003958	40d18db3	sub	x27,x3,x13	  x3:0x80041018 x13:0x00000003 x27=0x80041015
     167305.000 ns	     16729	8000395c	160ea097	auipc	x1,0x160ea	  x1=0x960ed95c
     167315.000 ns	     16730	80003960	406d0133	sub	x2,x26,x6	 x26:0x00000000  x6:0x00000001  x2=0xffffffff
     167335.000 ns	     16732	80003964	a1ceaed3	feq.s	x29,f29,f28	 f29:0x80000001 f28:0x00000000 x29=0x00000000
     167355.000 ns	     16734	80003968	52cd3517	auipc	x10,0x52cd3	 x10=0xd2cd6968
     167375.000 ns	     16736	8000396c	a140a253	feq.s	x4,f1,f20	  f1:0x7fc00000 f20:0x3efffec0  x4=0x00000000
     167395.000 ns	     16738	80003970	009cb2b3	sltu	x5,x25,x9	 x25:0x00000000  x9:0x00000000  x5=0x00000000
     167415.000 ns	     16740	80003974	a1f30ad3	fle.s	x21,f6,f31	  f6:0x00000000 f31:0xc3b50482 x21=0x00000000
     167445.000 ns	     16743	80003978	d00976d3	fcvt.s.w	f13,x18	 x18:0x00000000 f13=0x00000000
     167465.000 ns	     16745	8000397c	cd497313	andi	x6,x18,-812	 x18:0x00000000  x6=0x00000000
     167475.000 ns	     16746	80003980	00b49c93	slli	x25,x9,0xb	  x9:0x00000000 x25=0x00000000
     167495.000 ns	     16748	80003984	209ca353	fsgnjx.s	f6,f25,f9	 f25:0x7fc00000  f9:0x00000047  f6=0x7fc00000
     167525.000 ns	     16751	80003988	f0060ed3	fmv.w.x	f29,x12	 x12:0xffffffff f29=0xffffffff
     167545.000 ns	     16753	8000398c	004b2133	slt	x2,x22,x4	 x22:0x11ffffff  x4:0x00000000  x2=0x00000000
     167555.000 ns	     16754	80003990	004b22b3	slt	x5,x22,x4	 x22:0x11ffffff  x4:0x00000000  x5=0x00000000
     167575.000 ns	     16756	80003994	03490cb3	mul	x25,x18,x20	 x18:0x00000000 x20:0x80041024 x25=0x00000000
     167605.000 ns	     16759	80003998	e00c0753	fmv.x.w	x14,f24	 f24:0xff800000 x14=0xff800000
     167635.000 ns	     16762	8000399c	c019fc53	fcvt.wu.s	x24,f19	 f19:0x3f800000 x24=0x00000001
     167675.000 ns	     16766	800039a0	10c8f453	fmul.s	f8,f17,f12	 f17:0x80000000 f12:0xffc00000  f8=0x7fc00000
     167705.000 ns	     16769	800039a4	e0081353	fclass.s	x6,f16	 f16:0x00000047  x6=0x00000020
     167735.000 ns	     16772	800039a8	c00c70d3	fcvt.w.s	x1,f24	 f24:0xff800000  x1=0x80000000
     167765.000 ns	     16775	800039ac	f00a80d3	fmv.w.x	f1,x21	 x21:0x00000000  f1=0x00000000
     167795.000 ns	     16778	800039b0	03db9e33	mulh	x28,x23,x29	 x23:0x00000daf x29:0x00000000 x28=0x00000000
     167825.000 ns	     16781	800039b4	c00d13d3	fcvt.w.s	x7,f26	 f26:0x7f800000  x7=0x7fffffff
     167845.000 ns	     16783	800039b8	894f7393	andi	x7,x30,-1900	 x30:0x00000000  x7=0x00000000
     167865.000 ns	     16785	800039bc	e0028c53	fmv.x.w	x24,f5	  f5:0x00000001 x24=0x00000001
     167895.000 ns	     16788	800039c0	e0038bd3	fmv.x.w	x23,f7	  f7:0x00000000 x23=0x00000000
     167925.000 ns	     16791	800039c4	f0060c53	fmv.w.x	f24,x12	 x12:0xffffffff f24=0xffffffff
     167975.000 ns	     16796	800039c8	0160f653	fadd.s	f12,f1,f22	  f1:0x00000000 f22:0x80000000 f12=0x80000000
     167995.000 ns	     16798	800039cc	40b1d133	sra	x2,x3,x11	  x3:0x80041018 x11:0x589f7000  x2=0x80041018
     168005.000 ns	     16799	800039d0	41d15c33	sra	x24,x2,x29	  x2:0x00000000 x29:0x00000000 x24=0x80041018
     168015.000 ns	     16800	800039d4	01f18333	add	x6,x3,x31	  x3:0x80041018 x31:0x00000000  x6=0x80041018
     168045.000 ns	     16803	800039d8	188670d3	fdiv.s	f1,f12,f8	 f12:0x80000000  f8:0x7fc00000  f1=0x7fc00000
     168065.000 ns	     16805	800039dc	01ef1493	slli	x9,x30,0x1e	 x30:0x00000000  x9=0x00000000
     168075.000 ns	     16806	800039e0	017bc8b3	xor	x17,x23,x23	 x23:0x00000000 x23:0x00000000 x17=0x00000000
     168095.000 ns	     16808	800039e4	d01071d3	fcvt.s.wu	f3,x0	  x0:0x00000000  f3=0x00000000
     168125.000 ns	     16811	800039e8	f0030f53	fmv.w.x	f30,x6	  x6:0x80041018 f30=0x80041018
     168155.000 ns	     16814	800039ec	e0020f53	fmv.x.w	x30,f4	  f4:0x7fc00000 x30=0x7fc00000
     168175.000 ns	     16816	800039f0	af3c6713	ori	x14,x24,-1293	 x24:0x80041018 x14=0xfffffafb
     168185.000 ns	     16817	800039f4	00c9d3b3	srl	x7,x19,x12	 x19:0xffffffef x12:0xffffffff  x7=0x00000001
     168205.000 ns	     16819	800039f8	c0134dd3	fcvt.wu.s	x27,f6	  f6:0x7fc00000 x27=0xffffffff
     168225.000 ns	     16821	800039fc	01b81813	slli	x16,x16,0x1b	 x16:0xfffff88f x16=0x78000000
     168235.000 ns	     16822	80003a00	00000013	addi	x0,x0,0	  x0:0x00000000
     168255.000 ns	     16824	80003a04	29c496d3	fmax.s	f13,f9,f28	  f9:0x00000047 f28:0x00000000 f13=0x00000047
     168285.000 ns	     16827	80003a08	d00af953	fcvt.s.w	f18,x21	 x21:0x00000000 f18=0x00000000
     168315.000 ns	     16830	80003a0c	a1ab1353	flt.s	x6,f22,f26	 f22:0x80000000 f26:0x7f800000  x6=0x00000001
     168345.000 ns	     16833	80003a10	d01328d3	fcvt.s.wu	f17,x6	  x6:0x80041018 f17=0x3f800000
     168365.000 ns	     16835	80003a14	00b349b3	xor	x19,x6,x11	  x6:0x00000001 x11:0x589f7000 x19=0x589f7001
     168385.000 ns	     16837	80003a18	a10ca953	feq.s	x18,f25,f16	 f25:0x7fc00000 f16:0x00000047 x18=0x00000000
     168405.000 ns	     16839	80003a1c	dc7ca813	slti	x16,x25,-569	 x25:0x00000000 x16=0x00000000
     168765.000 ns	     16875	80003a20	02d37033	remu	x0,x6,x13	  x6:0x00000001 x13:0x00000003
     168785.000 ns	     16877	80003a24	8b245597	auipc	x11,0x8b245	 x11=0x0b248a24
     168805.000 ns	     16879	80003a28	03159233	mulh	x4,x11,x17	 x11:0x589f7000 x17:0x00000000  x4=0x00000000
     168835.000 ns	     16882	80003a2c	29ea83d3	fmin.s	f7,f21,f30	 f21:0x7fc00000 f30:0x80041018  f7=0x80041018
     169205.000 ns	     16919	80003a30	02c4d733	divu	x14,x9,x12	  x9:0x00000000 x12:0xffffffff x14=0x00000000
     169225.000 ns	     16921	80003a34	01ec9fb3	sll	x31,x25,x30	 x25:0x00000000 x30:0x7fc00000 x31=0x00000000
     169245.000 ns	     16923	80003a38	e00592d3	fclass.s	x5,f11	 f11:0xc3b50482  x5=0x00000002
     169265.000 ns	     16925	80003a3c	41f90733	sub	x14,x18,x31	 x18:0x00000000 x31:0x00000000 x14=0x00000000
     169285.000 ns	     16927	80003a40	20c61653	fsgnjn.s	f12,f12,f12	 f12:0x80000000 f12:0x80000000 f12=0x00000000
     169305.000 ns	     16929	80003a44	0169ae33	slt	x28,x19,x22	 x19:0x589f7001 x22:0x11ffffff x28=0x00000000
     169335.000 ns	     16932	80003a48	58067f53	fsqrt.s	f30,f12	 f12:0x00000000 f30=0x00000000
     169365.000 ns	     16935	80003a4c	206820d3	fsgnjx.s	f1,f16,f6	 f16:0x00000047  f6:0x7fc00000  f1=0x00000047
     169385.000 ns	     16937	80003a50	00439533	sll	x10,x7,x4	  x7:0x00000001  x4:0x00000000 x10=0x00000001
     169395.000 ns	     16938	80003a54	01bf6133	or	x2,x30,x27	 x30:0x7fc00000 x27:0xffffffff  x2=0xffffffff
     169415.000 ns	     16940	80003a58	d00a7bd3	fcvt.s.w	f23,x20	 x20:0x80041024 f23=0xcefff7df
     169445.000 ns	     16943	80003a5c	e0088bd3	fmv.x.w	x23,f17	 f17:0x3f800000 x23=0x3f800000
     169475.000 ns	     16946	80003a60	a1a31dd3	flt.s	x27,f6,f26	  f6:0x7fc00000 f26:0x7f800000 x27=0x00000000
     169495.000 ns	     16948	80003a64	409653b3	sra	x7,x12,x9	 x12:0xffffffff  x9:0x00000000  x7=0xffffffff
     169505.000 ns	     16949	80003a68	ebab9617	auipc	x12,0xebab9	 x12=0x6babca68
     169525.000 ns	     16951	80003a6c	a0f31653	flt.s	x12,f6,f15	  f6:0x7fc00000 f15:0x3efffec0 x12=0x00000000
     169545.000 ns	     16953	80003a70	0d688a93	addi	x21,x17,214	 x17:0x00000000 x21=0x000000d6
     169905.000 ns	     16989	80003a74	02d0c9b3	div	x19,x1,x13	  x1:0x80000000 x13:0x00000003 x19=0xd5555556
     169935.000 ns	     16992	80003a78	20fb0353	fsgnj.s	f6,f22,f15	 f22:0x80000000 f15:0x3efffec0  f6=0x00000000
     169965.000 ns	     16995	80003a7c	29de92d3	fmax.s	f5,f29,f29	 f29:0xffffffff f29:0xffffffff  f5=0x7fc00000
     169985.000 ns	     16997	80003a80	00c56db3	or	x27,x10,x12	 x10:0x00000001 x12:0x00000000 x27=0x00000001
     170005.000 ns	     16999	80003a84	a1982753	feq.s	x14,f16,f25	 f16:0x00000047 f25:0x7fc00000 x14=0x00000000
     170035.000 ns	     17002	80003a88	f0018fd3	fmv.w.x	f31,x3	  x3:0x80041018 f31=0x80041018
     170055.000 ns	     17004	80003a8c	01ebd933	srl	x18,x23,x30	 x23:0x3f800000 x30:0x7fc00000 x18=0x3f800000
     170065.000 ns	     17005	80003a90	41f5d2b3	sra	x5,x11,x31	 x11:0x0b248a24 x31:0x00000000  x5=0x0b248a24
     170085.000 ns	     17007	80003a94	02eb5233	divu	x4,x22,x14	 x22:0x11ffffff x14:0x00000000  x4=0xffffffff
     170115.000 ns	     17010	80003a98	a0299353	flt.s	x6,f19,f2	 f19:0x3f800000  f2:0xffc00000  x6=0x00000000
     170135.000 ns	     17012	80003a9c	006dc633	xor	x12,x27,x6	 x27:0x00000001  x6:0x00000001 x12=0x00000001
     170155.000 ns	     17014	80003aa0	e00c0dd3	fmv.x.w	x27,f24	 f24:0xffffffff x27=0xffffffff
     170175.000 ns	     17016	80003aa4	407188b3	sub	x17,x3,x7	  x3:0x80041018  x7:0xffffffff x17=0x80041019
     170185.000 ns	     17017	80003aa8	40690133	sub	x2,x18,x6	 x18:0x3f800000  x6:0x00000000  x2=0x3f800000
     170195.000 ns	     17018	80003aac	00faebb3	or	x23,x21,x15	 x21:0x000000d6 x15:0x80040fe4 x23=0x80040ff6
     170215.000 ns	     17020	80003ab0	e0079453	fclass.s	x8,f15	 f15:0x3efffec0  x8=0x00000040
     170235.000 ns	     17022	80003ab4	00176b33	or	x22,x14,x1	 x14:0x00000000  x1:0x80000000 x22=0x80000000
     170255.000 ns	     17024	80003ab8	a17d0fd3	fle.s	x31,f26,f23	 f26:0x7f800000 f23:0xcefff7df x31=0x00000000
     170625.000 ns	     17061	80003abc	02c7f133	remu	x2,x15,x12	 x15:0x80040fe4 x12:0x00000001  x2=0x00000000
     170645.000 ns	     17063	80003ac0	010a5293	srli	x5,x20,0x10	 x20:0x80041024  x5=0x00008004
     170665.000 ns	     17065	80003ac4	e0038b53	fmv.x.w	x22,f7	  f7:0x80041018 x22=0x80041018
     170685.000 ns	     17067	80003ac8	41565093	srai	x1,x12,0x15	 x12:0x00000001  x1=0x00000000
     170695.000 ns	     17068	80003acc	010dcc33	xor	x24,x27,x16	 x27:0xffffffff x16:0x00000000 x24=0xffffffff
     170715.000 ns	     17070	80003ad0	e0020b53	fmv.x.w	x22,f4	  f4:0x7fc00000 x22=0x7fc00000
     170735.000 ns	     17072	80003ad4	01cbdb93	srli	x23,x23,0x1c	 x23:0x80040ff6 x23=0x00000008
     170755.000 ns	     17074	80003ad8	216ca1d3	fsgnjx.s	f3,f25,f22	 f25:0x7fc00000 f22:0x80000000  f3=0xffc00000
     170775.000 ns	     17076	80003adc	41130cb3	sub	x25,x6,x17	  x6:0x00000000 x17:0x80041019 x25=0x7ffbefe7
     170785.000 ns	     17077	80003ae0	3f628e93	addi	x29,x5,1014	  x5:0x00008004 x29=0x000083fa
     170795.000 ns	     17078	80003ae4	00000013	addi	x0,x0,0	  x0:0x00000000
     170815.000 ns	     17080	80003ae8	029aaeb3	mulhsu	x29,x21,x9	 x21:0x000000d6  x9:0x00000000 x29=0x00000000
     170835.000 ns	     17082	80003aec	0069f433	and	x8,x19,x6	 x19:0xd5555556  x6:0x00000000  x8=0x00000000
     170845.000 ns	     17083	80003af0	df635d17	auipc	x26,0xdf635	 x26=0x5f638af0
     170865.000 ns	     17085	80003af4	0250b433	mulhu	x8,x1,x5	  x1:0x00000000  x5:0x00008004  x8=0x00000000
     170895.000 ns	     17088	80003af8	a1b10e53	fle.s	x28,f2,f27	  f2:0xffc00000 f27:0xb0800000 x28=0x00000000
     170925.000 ns	     17091	80003afc	a0898053	fle.s	x0,f19,f8	 f19:0x3f800000  f8:0x7fc00000
     170945.000 ns	     17093	80003b00	41e55533	sra	x10,x10,x30	 x10:0x00000001 x30:0x7fc00000 x10=0x00000001
     170955.000 ns	     17094	80003b04	28826e13	ori	x28,x4,648	  x4:0xffffffff x28=0xffffffff
     170975.000 ns	     17096	80003b08	2084ad53	fsgnjx.s	f26,f9,f8	  f9:0x00000047  f8:0x7fc00000 f26=0x00000047
     171015.000 ns	     17100	80003b0c	19d27cd3	fdiv.s	f25,f4,f29	  f4:0x7fc00000 f29:0xffffffff f25=0x7fc00000
     171045.000 ns	     17103	80003b10	d00e34d3	fcvt.s.w	f9,x28	 x28:0xffffffff  f9=0xbf800000
     171075.000 ns	     17106	80003b14	03d9e333	rem	x6,x19,x29	 x19:0xd5555556 x29:0x00000000  x6=0xd5555556
     171095.000 ns	     17108	80003b18	00857b33	and	x22,x10,x8	 x10:0x00000001  x8:0x00000000 x22=0x00000000
     171105.000 ns	     17109	80003b1c	40725533	sra	x10,x4,x7	  x4:0xffffffff  x7:0xffffffff x10=0xffffffff
     171115.000 ns	     17110	80003b20	82dde537	lui	x10,0x82dde	 x10=0x82dde000
     171475.000 ns	     17146	80003b24	03c943b3	div	x7,x18,x28	 x18:0x3f800000 x28:0xffffffff  x7=0xc0800000
     171505.000 ns	     17149	80003b28	d01977d3	fcvt.s.wu	f15,x18	 x18:0x3f800000 f15=0x4e7e0000
     171525.000 ns	     17151	80003b2c	00000013	addi	x0,x0,0	  x0:0x00000000
     171545.000 ns	     17153	80003b30	29648753	fmin.s	f14,f9,f22	  f9:0xbf800000 f22:0x80000000 f14=0xbf800000
     171575.000 ns	     17156	80003b34	208522d3	fsgnjx.s	f5,f10,f8	 f10:0x7fc00000  f8:0x7fc00000  f5=0x7fc00000
     171595.000 ns	     17158	80003b38	01675f93	srli	x31,x14,0x16	 x14:0x00000000 x31=0x00000000
     171605.000 ns	     17159	80003b3c	00ba5a93	srli	x21,x20,0xb	 x20:0x80041024 x21=0x00100082
     171625.000 ns	     17161	80003b40	a1de1453	flt.s	x8,f28,f29	 f28:0x00000000 f29:0xffffffff  x8=0x00000000
     171655.000 ns	     17164	80003b44	d008c453	fcvt.s.w	f8,x17	 x17:0x80041019  f8=0xcefff7e0
     171675.000 ns	     17166	80003b48	44916293	ori	x5,x2,1097	  x2:0x00000000  x5=0x00000449
     172035.000 ns	     17202	80003b4c	03ea5f33	divu	x30,x20,x30	 x20:0x80041024 x30:0x7fc00000 x30=0x00000001
     172065.000 ns	     17205	80003b50	022a6833	rem	x16,x20,x2	 x20:0x80041024  x2:0x00000000 x16=0x80041024
     172095.000 ns	     17208	80003b54	029e73b3	remu	x7,x28,x9	 x28:0xffffffff  x9:0x00000000  x7=0xffffffff
     172125.000 ns	     17211	80003b58	c001f053	fcvt.w.s	x0,f3	  f3:0xffc00000
     172145.000 ns	     17213	80003b5c	f1564413	xori	x8,x12,-235	 x12:0x00000001  x8=0xffffff14
     172155.000 ns	     17214	80003b60	41ae5513	srai	x10,x28,0x1a	 x28:0xffffffff x10=0xffffffff
     172195.000 ns	     17218	80003b64	019a76d3	fadd.s	f13,f20,f25	 f20:0x3efffec0 f25:0x7fc00000 f13=0x7fc00000
     172225.000 ns	     17221	80003b68	f00203d3	fmv.w.x	f7,x4	  x4:0xffffffff  f7=0xffffffff
     172255.000 ns	     17224	80003b6c	03123833	mulhu	x16,x4,x17	  x4:0xffffffff x17:0x80041019 x16=0x80041018
     172275.000 ns	     17226	80003b70	648be913	ori	x18,x23,1608	 x23:0x00000008 x18=0x00000648
     172295.000 ns	     17228	80003b74	e00412d3	fclass.s	x5,f8	  f8:0xcefff7e0  x5=0x00000002
     172315.000 ns	     17230	80003b78	569b0a93	addi	x21,x22,1385	 x22:0x00000000 x21=0x00000569
     172335.000 ns	     17232	80003b7c	21fb07d3	fsgnj.s	f15,f22,f31	 f22:0x80000000 f31:0x80041018 f15=0x80000000
     172355.000 ns	     17234	80003b80	0064df93	srli	x31,x9,0x6	  x9:0x00000000 x31=0x00000000
     172365.000 ns	     17235	80003b84	00000013	addi	x0,x0,0	  x0:0x00000000
     172385.000 ns	     17237	80003b88	20e70cd3	fsgnj.s	f25,f14,f14	 f14:0xbf800000 f14:0xbf800000 f25=0xbf800000
     172415.000 ns	     17240	80003b8c	21f48b53	fsgnj.s	f22,f9,f31	  f9:0xbf800000 f31:0x80041018 f22=0xbf800000
     172435.000 ns	     17242	80003b90	00de02b3	add	x5,x28,x13	 x28:0xffffffff x13:0x00000003  x5=0x00000002
     172445.000 ns	     17243	80003b94	01a65f13	srli	x30,x12,0x1a	 x12:0x00000001 x30=0x00000000
     172805.000 ns	     17279	80003b98	034ecb33	div	x22,x29,x20	 x29:0x00000000 x20:0x80041024 x22=0x00000000
     172825.000 ns	     17281	80003b9c	0f18a493	slti	x9,x17,241	 x17:0x80041019  x9=0x00000001
     172845.000 ns	     17283	80003ba0	a1ae8fd3	fle.s	x31,f29,f26	 f29:0xffffffff f26:0x00000047 x31=0x00000000
     172865.000 ns	     17285	80003ba4	01eb9bb3	sll	x23,x23,x30	 x23:0x00000008 x30:0x00000000 x23=0x00000008
     172875.000 ns	     17286	80003ba8	0019f0b3	and	x1,x19,x1	 x19:0xd5555556  x1:0x00000000  x1=0x00000000
     172885.000 ns	     17287	80003bac	4d9d0413	addi	x8,x26,1241	 x26:0x5f638af0  x8=0x5f638fc9
     172895.000 ns	     17288	80003bb0	00000013	addi	x0,x0,0	  x0:0x00000000
     173255.000 ns	     17324	80003bb4	02ac63b3	rem	x7,x24,x10	 x24:0xffffffff x10:0xffffffff  x7=0x00000000
     173275.000 ns	     17326	80003bb8	01529893	slli	x17,x5,0x15	  x5:0x00000002 x17=0x00400000
     173285.000 ns	     17327	80003bbc	00000013	addi	x0,x0,0	  x0:0x00000000
     173295.000 ns	     17328	80003bc0	415c5d33	sra	x26,x24,x21	 x24:0xffffffff x21:0x00000569 x26=0xffffffff
     173305.000 ns	     17329	80003bc4	00420433	add	x8,x4,x4	  x4:0xffffffff  x4:0xffffffff  x8=0xfffffffe
     173315.000 ns	     17330	80003bc8	b79abf13	sltiu	x30,x21,-1159	 x21:0x00000569 x30=0x00000001
     173335.000 ns	     17332	80003bcc	c0023253	fcvt.w.s	x4,f4	  f4:0x7fc00000  x4=0x7fffffff
     173355.000 ns	     17334	80003bd0	40d75993	srai	x19,x14,0xd	 x14:0x00000000 x19=0x00000000
     173365.000 ns	     17335	80003bd4	4dfc8113	addi	x2,x25,1247	 x25:0x7ffbefe7  x2=0x7ffbf4c6
     173375.000 ns	     17336	80003bd8	004b2ab3	slt	x21,x22,x4	 x22:0x00000000  x4:0x7fffffff x21=0x00000001
     173395.000 ns	     17338	80003bdc	29739553	fmax.s	f10,f7,f23	  f7:0xffffffff f23:0xcefff7df f10=0xcefff7df
     173435.000 ns	     17342	80003be0	580c7153	fsqrt.s	f2,f24	 f24:0xffffffff  f2=0x7fc00000
     173455.000 ns	     17344	80003be4	013e1613	slli	x12,x28,0x13	 x28:0xffffffff x12=0xfff80000
     173465.000 ns	     17345	80003be8	01852733	slt	x14,x10,x24	 x10:0xffffffff x24:0xffffffff x14=0x00000000
     173475.000 ns	     17346	80003bec	365b2b13	slti	x22,x22,869	 x22:0x00000000 x22=0x00000001
     173505.000 ns	     17349	80003bf0	58077e53	fsqrt.s	f28,f14	 f14:0xbf800000 f28=0x7fc00000
     173875.000 ns	     17386	80003bf4	036fddb3	divu	x27,x31,x22	 x31:0x00000000 x22:0x00000000 x27=0x00000000
     173905.000 ns	     17389	80003bf8	d00efed3	fcvt.s.w	f29,x29	 x29:0x00000000 f29=0x00000000
     173925.000 ns	     17391	80003bfc	790c3993	sltiu	x19,x24,1936	 x24:0xffffffff x19=0x00000000
     173945.000 ns	     17393	80003c00	28088cd3	fmin.s	f25,f17,f0	 f17:0x3f800000  f0:0x00000000 f25=0x00000000
     173965.000 ns	     17395	80003c04	6e194e97	auipc	x29,0x6e194	 x29=0xee197c04
     173975.000 ns	     17396	80003c08	01560ab3	add	x21,x12,x21	 x12:0xfff80000 x21:0x00000001 x21=0xfff80001
     173995.000 ns	     17398	80003c0c	28418cd3	fmin.s	f25,f3,f4	  f3:0xffc00000  f4:0x7fc00000 f25=0x7fc00000
     174025.000 ns	     17401	80003c10	c01c7ad3	fcvt.wu.s	x21,f24	 f24:0xffffffff x21=0xffffffff
     174045.000 ns	     17403	80003c14	003bdf33	srl	x30,x23,x3	 x23:0x00000008  x3:0x80041018 x30=0x00000000
     174055.000 ns	     17404	80003c18	0087c533	xor	x10,x15,x8	 x15:0x80040fe4  x8:0xfffffffe x10=0x7ffbf01a
     174065.000 ns	     17405	80003c1c	00039093	slli	x1,x7,0x0	  x7:0x00000000  x1=0x00000000
     174075.000 ns	     17406	80003c20	00dfafb3	slt	x31,x31,x13	 x31:0x00000000 x13:0x00000003 x31=0x00000001
     174085.000 ns	     17407	80003c24	00c01b93	slli	x23,x0,0xc	  x0:0x00000000 x23=0x00000000
     175255.000 ns	     17524	80003c28	58098b53	fsqrt.s	f22,f19	 f19:0x3f800000 f22=0x3f7fffae
     175275.000 ns	     17526	80003c2c	01915fb3	srl	x31,x2,x25	  x2:0x7ffbf4c6 x25:0x7ffbefe7 x31=0x00fff7e9
     175315.000 ns	     17530	80003c30	0829bb53	fsub.s	f22,f19,f2	 f19:0x3f800000  f2:0x7fc00000 f22=0x7fc00000
     175345.000 ns	     17533	80003c34	037122b3	mulhsu	x5,x2,x23	  x2:0x7ffbf4c6 x23:0x00000000  x5=0x00000000
     175385.000 ns	     17537	80003c38	580972d3	fsqrt.s	f5,f18	 f18:0x00000000  f5=0x00000000
     175415.000 ns	     17540	80003c3c	e00d8553	fmv.x.w	x10,f27	 f27:0xb0800000 x10=0xb0800000
     175465.000 ns	     17545	80003c40	095ab153	fsub.s	f2,f21,f21	 f21:0x7fc00000 f21:0x7fc00000  f2=0x7fc00000
     175835.000 ns	     17582	80003c44	02a4d4b3	divu	x9,x9,x10	  x9:0x00000001 x10:0xb0800000  x9=0x00000000
     175865.000 ns	     17585	80003c48	a03d0053	fle.s	x0,f26,f3	 f26:0x00000047  f3:0xffc00000
     175895.000 ns	     17588	80003c4c	21acacd3	fsgnjx.s	f25,f25,f26	 f25:0x7fc00000 f26:0x00000047 f25=0x7fc00000
     175915.000 ns	     17590	80003c50	2bd3a313	slti	x6,x7,701	  x7:0x00000000  x6=0x00000001
     175935.000 ns	     17592	80003c54	02253333	mulhu	x6,x10,x2	 x10:0xb0800000  x2:0x7ffbf4c6  x6=0x583d3642
     175965.000 ns	     17595	80003c58	035394b3	mulh	x9,x7,x21	  x7:0x00000000 x21:0xffffffff  x9=0x00000000
     175995.000 ns	     17598	80003c5c	02ed90b3	mulh	x1,x27,x14	 x27:0x00000000 x14:0x00000000  x1=0x00000000
     176045.000 ns	     17603	80003c60	088f25d3	fsub.s	f11,f30,f8	 f30:0x00000000  f8:0xcefff7e0 f11=0x4efff7e0
     176065.000 ns	     17605	80003c64	10787893	andi	x17,x16,263	 x16:0x80041018 x17=0x00000000
     176085.000 ns	     17607	80003c68	020ae533	rem	x10,x21,x0	 x21:0xffffffff  x0:0x00000000 x10=0xffffffff
     176105.000 ns	     17609	80003c6c	1bd74513	xori	x10,x14,445	 x14:0x00000000 x10=0x000001bd
     176125.000 ns	     17611	80003c70	a1cf1553	flt.s	x10,f30,f28	 f30:0x00000000 f28:0x7fc00000 x10=0x00000000
     176145.000 ns	     17613	80003c74	f62ec993	xori	x19,x29,-158	 x29:0xee197c04 x19=0x11e68366
     176155.000 ns	     17614	80003c78	40d25733	sra	x14,x4,x13	  x4:0x7fffffff x13:0x00000003 x14=0x0fffffff
     176165.000 ns	     17615	80003c7c	81aff293	andi	x5,x31,-2022	 x31:0x00fff7e9  x5=0x00fff008
     176175.000 ns	     17616	80003c80	18e5be13	sltiu	x28,x11,398	 x11:0x0b248a24 x28=0x00000000
     176185.000 ns	     17617	80003c84	40e058b3	sra	x17,x0,x14	  x0:0x00000000 x14:0x0fffffff x17=0x00000000
     176195.000 ns	     17618	80003c88	01da81b3	add	x3,x21,x29	 x21:0xffffffff x29:0xee197c04  x3=0xee197c03
     176205.000 ns	     17619	80003c8c	01bc9c93	slli	x25,x25,0x1b	 x25:0x7ffbefe7 x25=0x38000000
     176215.000 ns	     17620	80003c90	db812393	slti	x7,x2,-584	  x2:0x7ffbf4c6  x7=0x00000000
     176225.000 ns	     17621	80003c94	00de4133	xor	x2,x28,x13	 x28:0x00000000 x13:0x00000003  x2=0x00000003
     176245.000 ns	     17623	80003c98	a14b2153	feq.s	x2,f22,f20	 f22:0x7fc00000 f20:0x3efffec0  x2=0x00000000
     176265.000 ns	     17625	80003c9c	bffe9517	auipc	x10,0xbffe9	 x10=0x3ffecc9c
     176285.000 ns	     17627	80003ca0	29f20cd3	fmin.s	f25,f4,f31	  f4:0x7fc00000 f31:0x80041018 f25=0x80041018
     176315.000 ns	     17630	80003ca4	026a9fb3	mulh	x31,x21,x6	 x21:0xffffffff  x6:0x583d3642 x31=0xffffffff
     176335.000 ns	     17632	80003ca8	006defb3	or	x31,x27,x6	 x27:0x00000000  x6:0x583d3642 x31=0x583d3642
     176355.000 ns	     17634	80003cac	21c181d3	fsgnj.s	f3,f3,f28	  f3:0xffc00000 f28:0x7fc00000  f3=0x7fc00000
     176385.000 ns	     17637	80003cb0	0258b9b3	mulhu	x19,x17,x5	 x17:0x00000000  x5:0x00fff008 x19=0x00000000
     176405.000 ns	     17639	80003cb4	015009b3	add	x19,x0,x21	  x0:0x00000000 x21:0xffffffff x19=0xffffffff
     176425.000 ns	     17641	80003cb8	e00081d3	fmv.x.w	x3,f1	  f1:0x00000047  x3=0x00000047
     176455.000 ns	     17644	80003cbc	02e08833	mul	x16,x1,x14	  x1:0x00000000 x14:0x0fffffff x16=0x00000000
     176475.000 ns	     17646	80003cc0	71928993	addi	x19,x5,1817	  x5:0x00fff008 x19=0x00fff721
     176495.000 ns	     17648	80003cc4	a1512153	feq.s	x2,f2,f21	  f2:0x7fc00000 f21:0x7fc00000  x2=0x00000000
     176525.000 ns	     17651	80003cc8	03b96f33	rem	x30,x18,x27	 x18:0x00000648 x27:0x00000000 x30=0x00000648
     176555.000 ns	     17654	80003ccc	a1cfa153	feq.s	x2,f31,f28	 f31:0x80041018 f28:0x7fc00000  x2=0x00000000
     176575.000 ns	     17656	80003cd0	00000013	addi	x0,x0,0	  x0:0x00000000
     176615.000 ns	     17660	80003cd4	08c97753	fsub.s	f14,f18,f12	 f18:0x00000000 f12:0x00000000 f14=0x80000000
     176635.000 ns	     17662	80003cd8	52a83293	sltiu	x5,x16,1322	 x16:0x00000000  x5=0x00000001
     176655.000 ns	     17664	80003cdc	208ba1d3	fsgnjx.s	f3,f23,f8	 f23:0xcefff7df  f8:0xcefff7e0  f3=0x4efff7df
     176685.000 ns	     17667	80003ce0	a06c02d3	fle.s	x5,f24,f6	 f24:0xffffffff  f6:0x00000000  x5=0x00000000
     176715.000 ns	     17670	80003ce4	0303dfb3	divu	x31,x7,x16	  x7:0x00000000 x16:0x00000000 x31=0xffffffff
     176735.000 ns	     17672	80003ce8	a0790893	addi	x17,x18,-1529	 x18:0x00000648 x17=0x0000004f
     176745.000 ns	     17673	80003cec	a2588b37	lui	x22,0xa2588	 x22=0xa2588000
     176765.000 ns	     17675	80003cf0	214daed3	fsgnjx.s	f29,f27,f20	 f27:0xb0800000 f20:0x3efffec0 f29=0xb0800000
     176795.000 ns	     17678	80003cf4	a14a8553	fle.s	x10,f21,f20	 f21:0x7fc00000 f20:0x3efffec0 x10=0x00000000
     176825.000 ns	     17681	80003cf8	d002f353	fcvt.s.w	f6,x5	  x5:0x00000000  f6=0x00000000
     176875.000 ns	     17686	80003cfc	09cffa53	fsub.s	f20,f31,f28	 f31:0x80041018 f28:0x7fc00000 f20=0x7fc00000
     176895.000 ns	     17688	80003d00	7868bb13	sltiu	x22,x17,1926	 x17:0x0000004f x22=0x00000001
     176905.000 ns	     17689	80003d04	40e08db3	sub	x27,x1,x14	  x1:0x00000000 x14:0x0fffffff x27=0xf0000001
     176915.000 ns	     17690	80003d08	84b52cb7	lui	x25,0x84b52	 x25=0x84b52000
     176935.000 ns	     17692	80003d0c	20fb8f53	fsgnj.s	f30,f23,f15	 f23:0xcefff7df f15:0x80000000 f30=0xcefff7df
     176955.000 ns	     17694	80003d10	0145f133	and	x2,x11,x20	 x11:0x0b248a24 x20:0x80041024  x2=0x00040024
     178125.000 ns	     17811	80003d14	580804d3	fsqrt.s	f9,f16	 f16:0x00000047  f9=0x1f3504e6
     178145.000 ns	     17813	80003d18	01619e93	slli	x29,x3,0x16	  x3:0x00000047 x29=0x11c00000
     178165.000 ns	     17815	80003d1c	034a1eb3	mulh	x29,x20,x20	 x20:0x80041024 x20:0x80041024 x29=0x3ffbefec
     178195.000 ns	     17818	80003d20	e0061953	fclass.s	x18,f12	 f12:0x00000000 x18=0x00000010
     178215.000 ns	     17820	80003d24	220a8b93	addi	x23,x21,544	 x21:0xffffffff x23=0x0000021f
     178225.000 ns	     17821	80003d28	402a8cb3	sub	x25,x21,x2	 x21:0xffffffff  x2:0x00040024 x25=0xfffbffdb
     178235.000 ns	     17822	80003d2c	00000013	addi	x0,x0,0	  x0:0x00000000
     178255.000 ns	     17824	80003d30	20772e53	fsgnjx.s	f28,f14,f7	 f14:0x80000000  f7:0xffffffff f28=0x00000000
     178275.000 ns	     17826	80003d34	83d56593	ori	x11,x10,-1987	 x10:0x00000000 x11=0xfffff83d
     178295.000 ns	     17828	80003d38	c01ef653	fcvt.wu.s	x12,f29	 f29:0xb0800000 x12=0x00000000
     178325.000 ns	     17831	80003d3c	29529dd3	fmax.s	f27,f5,f21	  f5:0x00000000 f21:0x7fc00000 f27=0x00000000
     178345.000 ns	     17833	80003d40	00386ab3	or	x21,x16,x3	 x16:0x00000000  x3:0x00000047 x21=0x00000047
     178705.000 ns	     17869	80003d44	03ade233	rem	x4,x27,x26	 x27:0xf0000001 x26:0xffffffff  x4=0x00000000
     178755.000 ns	     17874	80003d48	085871d3	fsub.s	f3,f16,f5	 f16:0x00000047  f5:0x00000000  f3=0x00000047
     178785.000 ns	     17877	80003d4c	a18929d3	feq.s	x19,f18,f24	 f18:0x00000000 f24:0xffffffff x19=0x00000000
     178805.000 ns	     17879	80003d50	00dd7333	and	x6,x26,x13	 x26:0xffffffff x13:0x00000003  x6=0x00000003
     178815.000 ns	     17880	80003d54	78b5b113	sltiu	x2,x11,1931	 x11:0xfffff83d  x2=0x00000000
     178845.000 ns	     17883	80003d58	580ca8d3	fsqrt.s	f17,f25	 f25:0x80041018 f17=0x7fc00000
     178875.000 ns	     17886	80003d5c	f0088a53	fmv.w.x	f20,x17	 x17:0x0000004f f20=0x0000004f
     179245.000 ns	     17923	80003d60	0234e333	rem	x6,x9,x3	  x9:0x00000000  x3:0x00000047  x6=0x00000000
     179275.000 ns	     17926	80003d64	c0097ed3	fcvt.w.s	x29,f18	 f18:0x00000000 x29=0x00000000
     179305.000 ns	     17929	80003d68	0262c633	div	x12,x5,x6	  x5:0x00000000  x6:0x00000000 x12=0xffffffff
     179355.000 ns	     17934	80003d6c	01207153	fadd.s	f2,f0,f18	  f0:0x00000000 f18:0x00000000  f2=0x00000000
     179375.000 ns	     17936	80003d70	41f8d493	srai	x9,x17,0x1f	 x17:0x0000004f  x9=0x00000000
     179385.000 ns	     17937	80003d74	00c34633	xor	x12,x6,x12	  x6:0x00000000 x12:0xffffffff x12=0xffffffff
     179415.000 ns	     17940	80003d78	58024e53	fsqrt.s	f28,f4	  f4:0x7fc00000 f28=0x7fc00000
     179435.000 ns	     17942	80003d7c	00f512b3	sll	x5,x10,x15	 x10:0x00000000 x15:0x80040fe4  x5=0x00000000
     179455.000 ns	     17944	80003d80	e0078653	fmv.x.w	x12,f15	 f15:0x80000000 x12=0x80000000
     179495.000 ns	     17948	80003d84	5803f2d3	fsqrt.s	f5,f7	  f7:0xffffffff  f5=0x7fc00000
     179525.000 ns	     17951	80003d88	02641b33	mulh	x22,x8,x6	  x8:0xfffffffe  x6:0x00000000 x22=0x00000000
     179545.000 ns	     17953	80003d8c	4046d193	srai	x3,x13,0x4	 x13:0x00000003  x3=0x00000000
     179555.000 ns	     17954	80003d90	01c8c633	xor	x12,x17,x28	 x17:0x0000004f x28:0x00000000 x12=0x0000004f
     179575.000 ns	     17956	80003d94	a0ff1753	flt.s	x14,f30,f15	 f30:0xcefff7df f15:0x80000000 x14=0x00000001
     179595.000 ns	     17958	80003d98	016d5613	srli	x12,x26,0x16	 x26:0xffffffff x12=0x000003ff
     179605.000 ns	     17959	80003d9c	019a1033	sll	x0,x20,x25	 x20:0x80041024 x25:0xfffbffdb
     179625.000 ns	     17961	80003da0	289b9b53	fmax.s	f22,f23,f9	 f23:0xcefff7df  f9:0x1f3504e6 f22=0x1f3504e6
     179645.000 ns	     17963	80003da4	0066efb3	or	x31,x13,x6	 x13:0x00000003  x6:0x00000000 x31=0x00000003
     179665.000 ns	     17965	80003da8	032e00b3	mul	x1,x28,x18	 x28:0x00000000 x18:0x00000010  x1=0x00000000
     179685.000 ns	     17967	80003dac	6f740397	auipc	x7,0x6f740	  x7=0xef743dac
     179705.000 ns	     17969	80003db0	f0020f53	fmv.w.x	f30,x4	  x4:0x00000000 f30=0x00000000
     179725.000 ns	     17971	80003db4	bd680137	lui	x2,0xbd680	  x2=0xbd680000
     179735.000 ns	     17972	80003db8	01aae1b3	or	x3,x21,x26	 x21:0x00000047 x26:0xffffffff  x3=0xffffffff
     179755.000 ns	     17974	80003dbc	29dc88d3	fmin.s	f17,f25,f29	 f25:0x80041018 f29:0xb0800000 f17=0xb0800000
     179775.000 ns	     17976	80003dc0	6ee96f13	ori	x30,x18,1774	 x18:0x00000010 x30=0x000006fe
     179785.000 ns	     17977	80003dc4	40f75d13	srai	x26,x14,0xf	 x14:0x00000001 x26=0x00000000
     179805.000 ns	     17979	80003dc8	03aafd33	remu	x26,x21,x26	 x21:0x00000047 x26:0xffffffff x26=0x00000047
     179855.000 ns	     17984	80003dcc	014a8653	fadd.s	f12,f21,f20	 f21:0x7fc00000 f20:0x0000004f f12=0x7fc00000
     179885.000 ns	     17987	80003dd0	d00a72d3	fcvt.s.w	f5,x20	 x20:0x80041024  f5=0xcefff7df
     179915.000 ns	     17990	80003dd4	d0007953	fcvt.s.w	f18,x0	  x0:0x00000000 f18=0x00000000
     179935.000 ns	     17992	80003dd8	5bb1cc93	xori	x25,x3,1467	  x3:0xffffffff x25=0xfffffa44
     179945.000 ns	     17993	80003ddc	008d9833	sll	x16,x27,x8	 x27:0xf0000001  x8:0xfffffffe x16=0x40000000
     179965.000 ns	     17995	80003de0	a01f20d3	feq.s	x1,f30,f1	 f30:0x00000000  f1:0x00000047  x1=0x00000000
     179985.000 ns	     17997	80003de4	00000013	addi	x0,x0,0	  x0:0x00000000
     180025.000 ns	     18001	80003de8	01c87cd3	fadd.s	f25,f16,f28	 f16:0x00000047 f28:0x7fc00000 f25=0x7fc00000
     180055.000 ns	     18004	80003dec	03cf25b3	mulhsu	x11,x30,x28	 x30:0x000006fe x28:0x00000000 x11=0x00000000
     180075.000 ns	     18006	80003df0	49a46f17	auipc	x30,0x49a46	 x30=0xc9a49df0
     180095.000 ns	     18008	80003df4	02d0b133	mulhu	x2,x1,x13	  x1:0x00000000 x13:0x00000003  x2=0x00000000
     180125.000 ns	     18011	80003df8	03e120b3	mulhsu	x1,x2,x30	  x2:0xbd680000 x30:0x000006fe  x1=0x00000000
     180155.000 ns	     18014	80003dfc	28919253	fmax.s	f4,f3,f9	  f3:0x00000047  f9:0x1f3504e6  f4=0x1f3504e6
     180175.000 ns	     18016	80003e00	015ec933	xor	x18,x29,x21	 x29:0x00000000 x21:0x00000047 x18=0x00000047
     180195.000 ns	     18018	80003e04	21f81553	fsgnjn.s	f10,f16,f31	 f16:0x00000047 f31:0x80041018 f10=0x00000047
     180225.000 ns	     18021	80003e08	a0798ad3	fle.s	x21,f19,f7	 f19:0x3f800000  f7:0xffffffff x21=0x00000000
     180255.000 ns	     18024	80003e0c	0228edb3	rem	x27,x17,x2	 x17:0x0000004f  x2:0x00000000 x27=0x0000004f
     180275.000 ns	     18026	80003e10	1ffd0717	auipc	x14,0x1ffd0	 x14=0x9ffd3e10
     180305.000 ns	     18029	80003e14	107c1fd3	fmul.s	f31,f24,f7	 f24:0xffffffff  f7:0xffffffff f31=0x7fc00000
     180325.000 ns	     18031	80003e18	00f0d833	srl	x16,x1,x15	  x1:0x00000000 x15:0x80040fe4 x16=0x00000000
     180335.000 ns	     18032	80003e1c	48b12197	auipc	x3,0x48b12	  x3=0xc8b15e1c
     180355.000 ns	     18034	80003e20	f0048353	fmv.w.x	f6,x9	  x9:0x00000000  f6=0x00000000
     180385.000 ns	     18037	80003e24	c018fad3	fcvt.wu.s	x21,f17	 f17:0xb0800000 x21=0x00000000
     180405.000 ns	     18039	80003e28	0138d313	srli	x6,x17,0x13	 x17:0x0000004f  x6=0x00000000
     180415.000 ns	     18040	80003e2c	41115393	srai	x7,x2,0x11	  x2:0x00000000  x7=0x00000000
     180435.000 ns	     18042	80003e30	292f9053	fmax.s	f0,f31,f18	 f31:0x7fc00000 f18:0x00000000  f0=0x00000000
     180465.000 ns	     18045	80003e34	a125af53	feq.s	x30,f11,f18	 f11:0x4efff7e0 f18:0x00000000 x30=0x00000000
     180495.000 ns	     18048	80003e38	21efae53	fsgnjx.s	f28,f31,f30	 f31:0x7fc00000 f30:0x00000000 f28=0x7fc00000
     180545.000 ns	     18053	80003e3c	09f473d3	fsub.s	f7,f8,f31	  f8:0xcefff7e0 f31:0x7fc00000  f7=0x7fc00000
     180595.000 ns	     18058	80003e40	09303953	fsub.s	f18,f0,f19	  f0:0x00000000 f19:0x3f800000 f18=0xbf800000
     180635.000 ns	     18062	80003e44	18288753	fdiv.s	f14,f17,f2	 f17:0xb0800000  f2:0x00000000 f14=0xff800000
     180655.000 ns	     18064	80003e48	460b8293	addi	x5,x23,1120	 x23:0x0000021f  x5=0x0000067f
     180675.000 ns	     18066	80003e4c	a1e428d3	feq.s	x17,f8,f30	  f8:0xcefff7e0 f30:0x00000000 x17=0x00000000
     180695.000 ns	     18068	80003e50	414fd833	sra	x16,x31,x20	 x31:0x00000003 x20:0x80041024 x16=0x00000000
     180705.000 ns	     18069	80003e54	000b9c93	slli	x25,x23,0x0	 x23:0x0000021f x25=0x0000021f
     180725.000 ns	     18071	80003e58	039c3d33	mulhu	x26,x24,x25	 x24:0xffffffff x25:0xfffffa44 x26=0x0000021e
     180745.000 ns	     18073	80003e5c	00230c33	add	x24,x6,x2	  x6:0x00000000  x2:0x00000000 x24=0x00000000
     180765.000 ns	     18075	80003e60	c0097353	fcvt.w.s	x6,f18	 f18:0xbf800000  x6=0x00000001
     180795.000 ns	     18078	80003e64	0241eab3	rem	x21,x3,x4	  x3:0xc8b15e1c  x4:0x00000000 x21=0xc8b15e1c
     180845.000 ns	     18083	80003e68	09f280d3	fsub.s	f1,f5,f31	  f5:0xcefff7df f31:0x7fc00000  f1=0x7fc00000
     180895.000 ns	     18088	80003e6c	00ea7cd3	fadd.s	f25,f20,f14	 f20:0x0000004f f14:0xff800000 f25=0xff800000
     180925.000 ns	     18091	80003e70	20e32153	fsgnjx.s	f2,f6,f14	  f6:0x00000000 f14:0xff800000  f2=0x80000000
     180945.000 ns	     18093	80003e74	deaaef93	ori	x31,x21,-534	 x21:0xc8b15e1c x31=0xfffffffe
     180955.000 ns	     18094	80003e78	3b529f97	auipc	x31,0x3b529	 x31=0xbb52ce78
     180975.000 ns	     18096	80003e7c	02d885b3	mul	x11,x17,x13	 x17:0x00000000 x13:0x00000003 x11=0x00000000
     181005.000 ns	     18099	80003e80	f0048dd3	fmv.w.x	f27,x9	  x9:0x00000000 f27=0x00000000
     181035.000 ns	     18102	80003e84	a01d8e53	fle.s	x28,f27,f1	 f27:0x00000000  f1:0x7fc00000 x28=0x00000000
     181055.000 ns	     18104	80003e88	41f68233	sub	x4,x13,x31	 x13:0x00000003 x31:0xbb52ce78  x4=0x44ad318b
     181075.000 ns	     18106	80003e8c	2047a553	fsgnjx.s	f10,f15,f4	 f15:0x80000000  f4:0x1f3504e6 f10=0x80000000
     181095.000 ns	     18108	80003e90	017e75b3	and	x11,x28,x23	 x28:0x00000000 x23:0x0000021f x11=0x00000000
     181105.000 ns	     18109	80003e94	e578cc93	xori	x25,x17,-425	 x17:0x00000000 x25=0xfffffe57
     181115.000 ns	     18110	80003e98	00380d33	add	x26,x16,x3	 x16:0x00000000  x3:0xc8b15e1c x26=0xc8b15e1c
     181135.000 ns	     18112	80003e9c	c00b02d3	fcvt.w.s	x5,f22	 f22:0x1f3504e6  x5=0x00000000
     181165.000 ns	     18115	80003ea0	0257fc33	remu	x24,x15,x5	 x15:0x80040fe4  x5:0x0000067f x24=0x80040fe4
     181185.000 ns	     18117	80003ea4	2a96c113	xori	x2,x13,681	 x13:0x00000003  x2=0x000002aa
     181205.000 ns	     18119	80003ea8	0272a533	mulhsu	x10,x5,x7	  x5:0x00000000  x7:0x00000000 x10=0x00000000
     181225.000 ns	     18121	80003eac	00ba5133	srl	x2,x20,x11	 x20:0x80041024 x11:0x00000000  x2=0x80041024
     181235.000 ns	     18122	80003eb0	4117dfb3	sra	x31,x15,x17	 x15:0x80040fe4 x17:0x00000000 x31=0x80040fe4
     181245.000 ns	     18123	80003eb4	0d0ec513	xori	x10,x29,208	 x29:0x00000000 x10=0x000000d0
     181255.000 ns	     18124	80003eb8	03783e93	sltiu	x29,x16,55	 x16:0x00000000 x29=0x00000001
     181585.000 ns	     18157	80003ebc	19d1f3d3	fdiv.s	f7,f3,f29	  f3:0x00000047 f29:0xb0800000  f7=0x86c87879
     181955.000 ns	     18194	80003ec0	0325df33	divu	x30,x11,x18	 x11:0x00000000 x18:0x00000047 x30=0x00000000
     182005.000 ns	     18199	80003ec4	09f21c53	fsub.s	f24,f4,f31	  f4:0x1f3504e6 f31:0x7fc00000 f24=0x7fc00000
     182375.000 ns	     18236	80003ec8	035a5cb3	divu	x25,x20,x21	 x20:0x80041024 x21:0xc8b15e1c x25=0x00000000
     182395.000 ns	     18238	80003ecc	011425b3	slt	x11,x8,x17	  x8:0xfffffffe x17:0x00000000 x11=0x00000001
     182425.000 ns	     18241	80003ed0	1062a153	fmul.s	f2,f5,f6	  f5:0xcefff7df  f6:0x00000000  f2=0x80000000
     182455.000 ns	     18244	80003ed4	a001a153	feq.s	x2,f3,f0	  f3:0x00000047  f0:0x00000000  x2=0x00000000
     182475.000 ns	     18246	80003ed8	00eaefb3	or	x31,x21,x14	 x21:0xc8b15e1c x14:0x9ffd3e10 x31=0xdffd7e1c
     182485.000 ns	     18247	80003edc	f55e3c13	sltiu	x24,x28,-171	 x28:0x00000000 x24=0x00000001
     182515.000 ns	     18250	80003ee0	580ff5d3	fsqrt.s	f11,f31	 f31:0x7fc00000 f11=0x7fc00000
     182885.000 ns	     18287	80003ee4	02dfc633	div	x12,x31,x13	 x31:0xdffd7e1c x13:0x00000003 x12=0xf5547f5f
     182905.000 ns	     18289	80003ee8	0176bd33	sltu	x26,x13,x23	 x13:0x00000003 x23:0x0000021f x26=0x00000001
     182935.000 ns	     18292	80003eec	187777d3	fdiv.s	f15,f14,f7	 f14:0xff800000  f7:0x86c87879 f15=0x7f800000
     182965.000 ns	     18295	80003ef0	a1be21d3	feq.s	x3,f28,f27	 f28:0x7fc00000 f27:0x00000000  x3=0x00000000
     182985.000 ns	     18297	80003ef4	00eece33	xor	x28,x29,x14	 x29:0x00000001 x14:0x9ffd3e10 x28=0x9ffd3e11
     182995.000 ns	     18298	80003ef8	003f62b3	or	x5,x30,x3	 x30:0x00000000  x3:0x00000000  x5=0x00000000
     183015.000 ns	     18300	80003efc	20f883d3	fsgnj.s	f7,f17,f15	 f17:0xb0800000 f15:0x7f800000  f7=0x30800000
     183055.000 ns	     18304	80003f00	19407253	fdiv.s	f4,f0,f20	  f0:0x00000000 f20:0x0000004f  f4=0x00000000
     183085.000 ns	     18307	80003f04	e0001d53	fclass.s	x26,f0	  f0:0x00000000 x26=0x00000010
     183115.000 ns	     18310	80003f08	02bbb633	mulhu	x12,x23,x11	 x23:0x0000021f x11:0x00000001 x12=0x00000000
     183135.000 ns	     18312	80003f0c	00eddd13	srli	x26,x27,0xe	 x27:0x0000004f x26=0x00000000
     183155.000 ns	     18314	80003f10	036c5333	divu	x6,x24,x22	 x24:0x00000001 x22:0x00000000  x6=0xffffffff
     183525.000 ns	     18351	80003f14	02af48b3	div	x17,x30,x10	 x30:0x00000000 x10:0x000000d0 x17=0x00000000
     183545.000 ns	     18353	80003f18	00f8d993	srli	x19,x17,0xf	 x17:0x00000000 x19=0x00000000
     183565.000 ns	     18355	80003f1c	29e904d3	fmin.s	f9,f18,f30	 f18:0xbf800000 f30:0x00000000  f9=0xbf800000
     183595.000 ns	     18358	80003f20	c016c653	fcvt.wu.s	x12,f13	 f13:0x7fc00000 x12=0xffffffff
     183625.000 ns	     18361	80003f24	29849cd3	fmax.s	f25,f9,f24	  f9:0xbf800000 f24:0x7fc00000 f25=0xbf800000
     183645.000 ns	     18363	80003f28	8c8b6113	ori	x2,x22,-1848	 x22:0x00000000  x2=0xfffff8c8
     184005.000 ns	     18399	80003f2c	03505533	divu	x10,x0,x21	  x0:0x00000000 x21:0xc8b15e1c x10=0x00000000
     184025.000 ns	     18401	80003f30	08740e17	auipc	x28,0x8740	 x28=0x88743f30
     184035.000 ns	     18402	80003f34	0026e5b3	or	x11,x13,x2	 x13:0x00000003  x2:0xfffff8c8 x11=0xfffff8cb
     184045.000 ns	     18403	80003f38	0189cd33	xor	x26,x19,x24	 x19:0x00000000 x24:0x00000001 x26=0x00000001
     184065.000 ns	     18405	80003f3c	039a8c33	mul	x24,x21,x25	 x21:0xc8b15e1c x25:0x00000000 x24=0x00000000
     184085.000 ns	     18407	80003f40	0b5ee193	ori	x3,x29,181	 x29:0x00000001  x3=0x000000b5
     184095.000 ns	     18408	80003f44	5376ac37	lui	x24,0x5376a	 x24=0x5376a000
     184115.000 ns	     18410	80003f48	0344b533	mulhu	x10,x9,x20	  x9:0x00000000 x20:0x80041024 x10=0x00000000
     184165.000 ns	     18415	80003f4c	00a426d3	fadd.s	f13,f8,f10	  f8:0xcefff7e0 f10:0x80000000 f13=0xcefff7e0
     184185.000 ns	     18417	80003f50	01fe83b3	add	x7,x29,x31	 x29:0x00000001 x31:0xdffd7e1c  x7=0xdffd7e1d
     184205.000 ns	     18419	80003f54	d01195d3	fcvt.s.wu	f11,x3	  x3:0x000000b5 f11=0x43350000
     184235.000 ns	     18422	80003f58	a0b42353	feq.s	x6,f8,f11	  f8:0xcefff7e0 f11:0x7fc00000  x6=0x00000000
     184255.000 ns	     18424	80003f5c	69fe8b93	addi	x23,x29,1695	 x29:0x00000001 x23=0x000006a0
     184265.000 ns	     18425	80003f60	d51d8d93	addi	x27,x27,-687	 x27:0x0000004f x27=0xfffffda0
     184285.000 ns	     18427	80003f64	a1fe21d3	feq.s	x3,f28,f31	 f28:0x7fc00000 f31:0x7fc00000  x3=0x00000000
     184315.000 ns	     18430	80003f68	d01777d3	fcvt.s.wu	f15,x14	 x14:0x9ffd3e10 f15=0x4f1ffd3e
     184345.000 ns	     18433	80003f6c	203e06d3	fsgnj.s	f13,f28,f3	 f28:0x7fc00000  f3:0x00000047 f13=0x7fc00000
     184365.000 ns	     18435	80003f70	019f4e33	xor	x28,x30,x25	 x30:0x00000000 x25:0x00000000 x28=0x00000000
     184385.000 ns	     18437	80003f74	a0011053	flt.s	x0,f2,f0	  f2:0x80000000  f0:0x00000000
     184405.000 ns	     18439	80003f78	00000013	addi	x0,x0,0	  x0:0x00000000
     184445.000 ns	     18443	80003f7c	00017a53	fadd.s	f20,f2,f0	  f2:0x80000000  f0:0x00000000 f20=0x00000000
     184495.000 ns	     18448	80003f80	015f7c53	fadd.s	f24,f30,f21	 f30:0x00000000 f21:0x7fc00000 f24=0x7fc00000
     184525.000 ns	     18451	80003f84	c0073fd3	fcvt.w.s	x31,f14	 f14:0xff800000 x31=0x80000000
     184545.000 ns	     18453	80003f88	00071333	sll	x6,x14,x0	 x14:0x9ffd3e10  x0:0x00000000  x6=0x9ffd3e10
     184585.000 ns	     18457	80003f8c	080ff4d3	fsub.s	f9,f31,f0	 f31:0x7fc00000  f0:0x00000000  f9=0x7fc00000
     184615.000 ns	     18460	80003f90	280a0353	fmin.s	f6,f20,f0	 f20:0x00000000  f0:0x00000000  f6=0x00000000
     184645.000 ns	     18463	80003f94	204090d3	fsgnjn.s	f1,f1,f4	  f1:0x7fc00000  f4:0x00000000  f1=0xffc00000
     184665.000 ns	     18465	80003f98	006299b3	sll	x19,x5,x6	  x5:0x00000000  x6:0x9ffd3e10 x19=0x00000000
     184675.000 ns	     18466	80003f9c	01d9f1b3	and	x3,x19,x29	 x19:0x00000000 x29:0x00000001  x3=0x00000000
     184695.000 ns	     18468	80003fa0	a1bc0753	fle.s	x14,f24,f27	 f24:0x7fc00000 f27:0x00000000 x14=0x00000000
     184715.000 ns	     18470	80003fa4	dc486537	lui	x10,0xdc486	 x10=0xdc486000
     184735.000 ns	     18472	80003fa8	28688dd3	fmin.s	f27,f17,f6	 f17:0xb0800000  f6:0x00000000 f27=0xb0800000
     184755.000 ns	     18474	80003fac	41710c33	sub	x24,x2,x23	  x2:0xfffff8c8 x23:0x000006a0 x24=0xfffff228
     184775.000 ns	     18476	80003fb0	d00f0a53	fcvt.s.w	f20,x30	 x30:0x00000000 f20=0x00000000
     184805.000 ns	     18479	80003fb4	a08301d3	fle.s	x3,f6,f8	  f6:0x00000000  f8:0xcefff7e0  x3=0x00000000
     184825.000 ns	     18481	80003fb8	4129d233	sra	x4,x19,x18	 x19:0x00000000 x18:0x00000047  x4=0x00000000
     184835.000 ns	     18482	80003fbc	0057d113	srli	x2,x15,0x5	 x15:0x80040fe4  x2=0x0400207f
     184855.000 ns	     18484	80003fc0	21810dd3	fsgnj.s	f27,f2,f24	  f2:0x80000000 f24:0x7fc00000 f27=0x00000000
     184885.000 ns	     18487	80003fc4	03e651b3	divu	x3,x12,x30	 x12:0xffffffff x30:0x00000000  x3=0xffffffff
     184905.000 ns	     18489	80003fc8	01e38ab3	add	x21,x7,x30	  x7:0xdffd7e1d x30:0x00000000 x21=0xdffd7e1d
     184925.000 ns	     18491	80003fcc	201c2bd3	fsgnjx.s	f23,f24,f1	 f24:0x7fc00000  f1:0xffc00000 f23=0xffc00000
     184945.000 ns	     18493	80003fd0	b9286393	ori	x7,x16,-1134	 x16:0x00000000  x7=0xfffffb92
     184965.000 ns	     18495	80003fd4	a1068fd3	fle.s	x31,f13,f16	 f13:0x7fc00000 f16:0x00000047 x31=0x00000000
     184985.000 ns	     18497	80003fd8	01c6e233	or	x4,x13,x28	 x13:0x00000003 x28:0x00000000  x4=0x00000003
     185005.000 ns	     18499	80003fdc	025e5e33	divu	x28,x28,x5	 x28:0x00000000  x5:0x00000000 x28=0xffffffff
     185025.000 ns	     18501	80003fe0	2dbb2b13	slti	x22,x22,731	 x22:0x00000000 x22=0x00000001
     185035.000 ns	     18502	80003fe4	0049cd33	xor	x26,x19,x4	 x19:0x00000000  x4:0x00000003 x26=0x00000003
     185395.000 ns	     18538	80003fe8	028dccb3	div	x25,x27,x8	 x27:0xfffffda0  x8:0xfffffffe x25=0x00000130
     185415.000 ns	     18540	80003fec	995a2813	slti	x16,x20,-1643	 x20:0x80041024 x16=0x00000001
     185425.000 ns	     18541	80003ff0	a05e0c93	addi	x25,x28,-1531	 x28:0xffffffff x25=0xfffffa04
     185445.000 ns	     18543	80003ff4	e0051153	fclass.s	x2,f10	 f10:0x80000000  x2=0x00000008
     185475.000 ns	     18546	80003ff8	29500453	fmin.s	f8,f0,f21	  f0:0x00000000 f21:0x7fc00000  f8=0x00000000
     185515.000 ns	     18550	80003ffc	116cb253	fmul.s	f4,f25,f22	 f25:0xbf800000 f22:0x1f3504e6  f4=0x9f3504e6
     185545.000 ns	     18553	80004000	d007c2d3	fcvt.s.w	f5,x15	 x15:0x80040fe4  f5=0xcefff7e0
     185565.000 ns	     18555	80004004	00d15db3	srl	x27,x2,x13	  x2:0x00000008 x13:0x00000003 x27=0x00000001
     185575.000 ns	     18556	80004008	2cc14337	lui	x6,0x2cc14	  x6=0x2cc14000
     185605.000 ns	     18559	8000400c	113afb53	fmul.s	f22,f21,f19	 f21:0x7fc00000 f19:0x3f800000 f22=0x7fc00000
     185635.000 ns	     18562	80004010	035bbf33	mulhu	x30,x23,x21	 x23:0x000006a0 x21:0xdffd7e1d x30=0x000005cb
     186005.000 ns	     18599	80004014	03c34633	div	x12,x6,x28	  x6:0x2cc14000 x28:0xffffffff x12=0xd33ec000
     186035.000 ns	     18602	80004018	02223e33	mulhu	x28,x4,x2	  x4:0x00000003  x2:0x00000008 x28=0x00000000
     186065.000 ns	     18605	8000401c	c01209d3	fcvt.wu.s	x19,f4	  f4:0x9f3504e6 x19=0x00000000
     186085.000 ns	     18607	80004020	d4d32a93	slti	x21,x6,-691	  x6:0x2cc14000 x21=0x00000000
     186125.000 ns	     18611	80004024	0005f553	fadd.s	f10,f11,f0	 f11:0x43350000  f0:0x00000000 f10=0x43350000
     186155.000 ns	     18614	80004028	e0019fd3	fclass.s	x31,f3	  f3:0x00000047 x31=0x00000020
     186175.000 ns	     18616	8000402c	96df8093	addi	x1,x31,-1683	 x31:0x00000000  x1=0xfffff98d
     186215.000 ns	     18620	80004030	08e488d3	fsub.s	f17,f9,f14	  f9:0x7fc00000 f14:0xff800000 f17=0x7fc00000
     186585.000 ns	     18657	80004034	039cdcb3	divu	x25,x25,x25	 x25:0xfffffa04 x25:0xfffffa04 x25=0x00000001
     186635.000 ns	     18662	80004038	097677d3	fsub.s	f15,f12,f23	 f12:0x7fc00000 f23:0xffc00000 f15=0x7fc00000
     186665.000 ns	     18665	8000403c	287e8353	fmin.s	f6,f29,f7	 f29:0xb0800000  f7:0x30800000  f6=0xb0800000
     186695.000 ns	     18668	80004040	e0008553	fmv.x.w	x10,f1	  f1:0xffc00000 x10=0xffc00000
     186715.000 ns	     18670	80004044	4117d233	sra	x4,x15,x17	 x15:0x80040fe4 x17:0x00000000  x4=0x80040fe4
     186735.000 ns	     18672	80004048	02521f33	mulh	x30,x4,x5	  x4:0x00000003  x5:0x00000000 x30=0x00000000
     186755.000 ns	     18674	8000404c	d8967993	andi	x19,x12,-631	 x12:0xd33ec000 x19=0xd33ec000
     186775.000 ns	     18676	80004050	020d3ab3	mulhu	x21,x26,x0	 x26:0x00000003  x0:0x00000000 x21=0x00000000
     186805.000 ns	     18679	80004054	2125a5d3	fsgnjx.s	f11,f11,f18	 f11:0x43350000 f18:0xbf800000 f11=0xc3350000
     186835.000 ns	     18682	80004058	a0929053	flt.s	x0,f5,f9	  f5:0xcefff7e0  f9:0x7fc00000
     186865.000 ns	     18685	8000405c	a14c8953	fle.s	x18,f25,f20	 f25:0xbf800000 f20:0x00000000 x18=0x00000001
     186885.000 ns	     18687	80004060	00d504b3	add	x9,x10,x13	 x10:0xffc00000 x13:0x00000003  x9=0xffc00003
     187245.000 ns	     18723	80004064	03287533	remu	x10,x16,x18	 x16:0x00000001 x18:0x00000001 x10=0x00000000
     187615.000 ns	     18760	80004068	0397ceb3	div	x29,x15,x25	 x15:0x80040fe4 x25:0x00000001 x29=0x80040fe4
     187635.000 ns	     18762	8000406c	410d8c33	sub	x24,x27,x16	 x27:0x00000001 x16:0x00000001 x24=0x00000000
     187645.000 ns	     18763	80004070	0049e2b3	or	x5,x19,x4	 x19:0xd33ec000  x4:0x80040fe4  x5=0xd33ecfe4
     187655.000 ns	     18764	80004074	41e750b3	sra	x1,x14,x30	 x14:0x00000000 x30:0x00000000  x1=0x00000000
     187675.000 ns	     18766	80004078	a0751bd3	flt.s	x23,f10,f7	 f10:0x43350000  f7:0x30800000 x23=0x00000000
     187695.000 ns	     18768	8000407c	bb772393	slti	x7,x14,-1097	 x14:0x00000000  x7=0x00000000
     187705.000 ns	     18769	80004080	00da9c13	slli	x24,x21,0xd	 x21:0x00000000 x24=0x00000000
     187715.000 ns	     18770	80004084	0167cdb3	xor	x27,x15,x22	 x15:0x80040fe4 x22:0x00000001 x27=0x80040fe5
     187735.000 ns	     18772	80004088	02361fb3	mulh	x31,x12,x3	 x12:0xd33ec000  x3:0xffffffff x31=0x00000000
     187755.000 ns	     18774	8000408c	00e3a1b3	slt	x3,x7,x14	  x7:0x00000000 x14:0x00000000  x3=0x00000000
     187775.000 ns	     18776	80004090	f00d86d3	fmv.w.x	f13,x27	 x27:0x80040fe5 f13=0x80040fe5
     187795.000 ns	     18778	80004094	410c89b3	sub	x19,x25,x16	 x25:0x00000001 x16:0x00000001 x19=0x00000000
     187805.000 ns	     18779	80004098	00d54933	xor	x18,x10,x13	 x10:0x00000000 x13:0x00000003 x18=0x00000003
     187815.000 ns	     18780	8000409c	dd3fa317	auipc	x6,0xdd3fa	  x6=0x5d3fe09c
     187825.000 ns	     18781	800040a0	00fa25b3	slt	x11,x20,x15	 x20:0x80041024 x15:0x80040fe4 x11=0x00000000
     187845.000 ns	     18783	800040a4	20760153	fsgnj.s	f2,f12,f7	 f12:0x7fc00000  f7:0x30800000  f2=0x7fc00000
     187875.000 ns	     18786	800040a8	e00b19d3	fclass.s	x19,f22	 f22:0x7fc00000 x19=0x00000200
     187905.000 ns	     18789	800040ac	a13b0e53	fle.s	x28,f22,f19	 f22:0x7fc00000 f19:0x3f800000 x28=0x00000000
     187935.000 ns	     18792	800040b0	d003ced3	fcvt.s.w	f29,x7	  x7:0x00000000 f29=0x00000000
     187965.000 ns	     18795	800040b4	286f0453	fmin.s	f8,f30,f6	 f30:0x00000000  f6:0xb0800000  f8=0xb0800000
     187995.000 ns	     18798	800040b8	02f5a233	mulhsu	x4,x11,x15	 x11:0x00000000 x15:0x80040fe4  x4=0x00000000
     188015.000 ns	     18800	800040bc	00d2e1b3	or	x3,x5,x13	  x5:0xd33ecfe4 x13:0x00000003  x3=0xd33ecfe7
     188035.000 ns	     18802	800040c0	e0041bd3	fclass.s	x23,f8	  f8:0xb0800000 x23=0x00000002
     188065.000 ns	     18805	800040c4	d01f15d3	fcvt.s.wu	f11,x30	 x30:0x00000000 f11=0x00000000
     188085.000 ns	     18807	800040c8	58e9f313	andi	x6,x19,1422	 x19:0x00000200  x6=0x00000000
     188095.000 ns	     18808	800040cc	00ae5b33	srl	x22,x28,x10	 x28:0x00000000 x10:0x00000000 x22=0x00000000
     188115.000 ns	     18810	800040d0	02ecfeb3	remu	x29,x25,x14	 x25:0x00000001 x14:0x00000000 x29=0x00000001
     188135.000 ns	     18812	800040d4	42c2b013	sltiu	x0,x5,1068	  x5:0xd33ecfe4
     188145.000 ns	     18813	800040d8	001b0ab3	add	x21,x22,x1	 x22:0x00000000  x1:0x00000000 x21=0x00000000
     188155.000 ns	     18814	800040dc	002d30b3	sltu	x1,x26,x2	 x26:0x00000003  x2:0x00000008  x1=0x00000001
     188175.000 ns	     18816	800040e0	21e690d3	fsgnjn.s	f1,f13,f30	 f13:0x80040fe5 f30:0x00000000  f1=0x80040fe5
     188205.000 ns	     18819	800040e4	c0193bd3	fcvt.wu.s	x23,f18	 f18:0xbf800000 x23=0x00000001
     188235.000 ns	     18822	800040e8	03f22633	mulhsu	x12,x4,x31	  x4:0x00000000 x31:0x00000000 x12=0x00000000
     188255.000 ns	     18824	800040ec	402d04b3	sub	x9,x26,x2	 x26:0x00000003  x2:0x00000008  x9=0xfffffffb
     188285.000 ns	     18827	800040f0	58037653	fsqrt.s	f12,f6	  f6:0xb0800000 f12=0x7fc00000
     188315.000 ns	     18830	800040f4	f0070653	fmv.w.x	f12,x14	 x14:0x00000000 f12=0x00000000
     188345.000 ns	     18833	800040f8	02a4a333	mulhsu	x6,x9,x10	  x9:0xfffffffb x10:0x00000000  x6=0x00000000
     188715.000 ns	     18870	800040fc	02fdf8b3	remu	x17,x27,x15	 x27:0x80040fe5 x15:0x80040fe4 x17=0x00000001
     188745.000 ns	     18873	80004100	c01b7c53	fcvt.wu.s	x24,f22	 f22:0x7fc00000 x24=0xffffffff
     188775.000 ns	     18876	80004104	2136a3d3	fsgnjx.s	f7,f13,f19	 f13:0x80040fe5 f19:0x3f800000  f7=0x80040fe5
     188805.000 ns	     18879	80004108	29650ed3	fmin.s	f29,f10,f22	 f10:0x43350000 f22:0x7fc00000 f29=0x43350000
     188855.000 ns	     18884	8000410c	003ffad3	fadd.s	f21,f31,f3	 f31:0x7fc00000  f3:0x00000047 f21=0x7fc00000
     188885.000 ns	     18887	80004110	28c992d3	fmax.s	f5,f19,f12	 f19:0x3f800000 f12:0x00000000  f5=0x3f800000
     188915.000 ns	     18890	80004114	21f71253	fsgnjn.s	f4,f14,f31	 f14:0xff800000 f31:0x7fc00000  f4=0xff800000
     188945.000 ns	     18893	80004118	29b59cd3	fmax.s	f25,f11,f27	 f11:0x00000000 f27:0x00000000 f25=0x00000000
     188965.000 ns	     18895	8000411c	411704b3	sub	x9,x14,x17	 x14:0x00000000 x17:0x00000001  x9=0xffffffff
     188985.000 ns	     18897	80004120	0243f033	remu	x0,x7,x4	  x7:0x00000000  x4:0x00000000
     189005.000 ns	     18899	80004124	40cedf33	sra	x30,x29,x12	 x29:0x00000001 x12:0x00000000 x30=0x00000001
     189015.000 ns	     18900	80004128	414dd533	sra	x10,x27,x20	 x27:0x80040fe5 x20:0x80041024 x10=0xf80040fe
     189045.000 ns	     18903	8000412c	580b2653	fsqrt.s	f12,f22	 f22:0x7fc00000 f12=0x7fc00000
     189065.000 ns	     18905	80004130	01875293	srli	x5,x14,0x18	 x14:0x00000000  x5=0x00000000
     189075.000 ns	     18906	80004134	fa3b8f93	addi	x31,x23,-93	 x23:0x00000001 x31=0xffffffa4
     189085.000 ns	     18907	80004138	d760b613	sltiu	x12,x1,-650	  x1:0x00000001 x12=0x00000001
     189105.000 ns	     18909	8000413c	201a15d3	fsgnjn.s	f11,f20,f1	 f20:0x00000000  f1:0x80040fe5 f11=0x00000000
     189125.000 ns	     18911	80004140	3c88fb13	andi	x22,x17,968	 x17:0x00000001 x22=0x00000000
     189135.000 ns	     18912	80004144	01c39fb3	sll	x31,x7,x28	  x7:0x00000000 x28:0x00000000 x31=0x00000000
     189145.000 ns	     18913	80004148	00993033	sltu	x0,x18,x9	 x18:0x00000003  x9:0xffffffff
     189175.000 ns	     18916	8000414c	19f375d3	fdiv.s	f11,f6,f31	  f6:0xb0800000 f31:0x7fc00000 f11=0x7fc00000
     189215.000 ns	     18920	80004150	580e7dd3	fsqrt.s	f27,f28	 f28:0x7fc00000 f27=0x7fc00000
     189235.000 ns	     18922	80004154	0155f533	and	x10,x11,x21	 x11:0x00000000 x21:0x00000000 x10=0x00000000
     189245.000 ns	     18923	80004158	b0a27893	andi	x17,x4,-1270	  x4:0x00000000 x17=0x00000000
     189255.000 ns	     18924	8000415c	9e3baf13	slti	x30,x23,-1565	 x23:0x00000001 x30=0x00000000
     189265.000 ns	     18925	80004160	415482b3	sub	x5,x9,x21	  x9:0xffffffff x21:0x00000000  x5=0xffffffff
     189625.000 ns	     18961	80004164	0324d3b3	divu	x7,x9,x18	  x9:0xffffffff x18:0x00000003  x7=0x55555555
     189645.000 ns	     18963	80004168	006a5b93	srli	x23,x20,0x6	 x20:0x80041024 x23=0x02001040
     189665.000 ns	     18965	8000416c	0353deb3	divu	x29,x7,x21	  x7:0x55555555 x21:0x00000000 x29=0xffffffff
     189685.000 ns	     18967	80004170	015d8ab3	add	x21,x27,x21	 x27:0x80040fe5 x21:0x00000000 x21=0x80040fe5
     189695.000 ns	     18968	80004174	000280b3	add	x1,x5,x0	  x5:0xffffffff  x0:0x00000000  x1=0xffffffff
     189715.000 ns	     18970	80004178	2031a3d3	fsgnjx.s	f7,f3,f3	  f3:0x00000047  f3:0x00000047  f7=0x00000047
     189735.000 ns	     18972	8000417c	0147f0b3	and	x1,x15,x20	 x15:0x80040fe4 x20:0x80041024  x1=0x80040024
     189745.000 ns	     18973	80004180	00000013	addi	x0,x0,0	  x0:0x00000000
     189755.000 ns	     18974	80004184	d8f7fc13	andi	x24,x15,-625	 x15:0x80040fe4 x24=0x80040d84
     189765.000 ns	     18975	80004188	00000013	addi	x0,x0,0	  x0:0x00000000
     189805.000 ns	     18979	8000418c	08a87253	fsub.s	f4,f16,f10	 f16:0x00000047 f10:0x43350000  f4=0xc3350000
     189835.000 ns	     18982	80004190	02700133	mul	x2,x0,x7	  x0:0x00000000  x7:0x55555555  x2=0x00000000
     189865.000 ns	     18985	80004194	e00e04d3	fmv.x.w	x9,f28	 f28:0x7fc00000  x9=0x7fc00000
     189895.000 ns	     18988	80004198	035a34b3	mulhu	x9,x20,x21	 x20:0x80041024 x21:0x80040fe5  x9=0x40041015
     189915.000 ns	     18990	8000419c	41005313	srai	x6,x0,0x10	  x0:0x00000000  x6=0x00000000
     189935.000 ns	     18992	800041a0	a0831e53	flt.s	x28,f6,f8	  f6:0xb0800000  f8:0xb0800000 x28=0x00000000
     189965.000 ns	     18995	800041a4	022c79b3	remu	x19,x24,x2	 x24:0x80040d84  x2:0x00000000 x19=0x80040d84
     189985.000 ns	     18997	800041a8	4e403893	sltiu	x17,x0,1252	  x0:0x00000000 x17=0x00000001
     189995.000 ns	     18998	800041ac	59394713	xori	x14,x18,1427	 x18:0x00000003 x14=0x00000590
     190015.000 ns	     19000	800041b0	d005ff53	fcvt.s.w	f30,x11	 x11:0x00000000 f30=0x00000000
     190035.000 ns	     19002	800041b4	2bdaec93	ori	x25,x21,701	 x21:0x80040fe5 x25=0x80040ffd
     190395.000 ns	     19038	800041b8	03965c33	divu	x24,x12,x25	 x12:0x00000001 x25:0x00000001 x24=0x00000000
     190425.000 ns	     19041	800041bc	f00704d3	fmv.w.x	f9,x14	 x14:0x00000590  f9=0x00000590
     190765.000 ns	     19075	800041c0	1814bbd3	fdiv.s	f23,f9,f1	  f9:0x7fc00000  f1:0x80040fe5 f23=0xb8fb4b4d
     190785.000 ns	     19077	800041c4	008c0733	add	x14,x24,x8	 x24:0x00000000  x8:0xfffffffe x14=0xfffffffe
     190795.000 ns	     19078	800041c8	14e4f313	andi	x6,x9,334	  x9:0x40041015  x6=0x00000004
     190805.000 ns	     19079	800041cc	00fd7f33	and	x30,x26,x15	 x26:0x00000003 x15:0x80040fe4 x30=0x00000000
     190825.000 ns	     19081	800041d0	d01bffd3	fcvt.s.wu	f31,x23	 x23:0x02001040 f31=0x4c000410
     190845.000 ns	     19083	800041d4	41100c33	sub	x24,x0,x17	  x0:0x00000000 x17:0x00000001 x24=0xffffffff
     190855.000 ns	     19084	800041d8	346ec2b7	lui	x5,0x346ec	  x5=0x346ec000
     190865.000 ns	     19085	800041dc	583db117	auipc	x2,0x583db	  x2=0xd83df1dc
     190875.000 ns	     19086	800041e0	00db9d33	sll	x26,x23,x13	 x23:0x02001040 x13:0x00000003 x26=0x10008200
     190895.000 ns	     19088	800041e4	207b1153	fsgnjn.s	f2,f22,f7	 f22:0x7fc00000  f7:0x00000047  f2=0xffc00000
     190915.000 ns	     19090	800041e8	00547cb3	and	x25,x8,x5	  x8:0xfffffffe  x5:0x346ec000 x25=0x346ec000
     190935.000 ns	     19092	800041ec	289e0ed3	fmin.s	f29,f28,f9	 f28:0x7fc00000  f9:0x00000590 f29=0x00000590
     190965.000 ns	     19095	800041f0	a10a0ad3	fle.s	x21,f20,f16	 f20:0x00000000 f16:0x00000047 x21=0x00000001
     190995.000 ns	     19098	800041f4	21ea2ad3	fsgnjx.s	f21,f20,f30	 f20:0x00000000 f30:0x00000000 f21=0x00000000
     191025.000 ns	     19101	800041f8	a0018253	fle.s	x4,f3,f0	  f3:0x00000047  f0:0x00000000  x4=0x00000000
     191045.000 ns	     19103	800041fc	6dc518b7	lui	x17,0x6dc51	 x17=0x6dc51000
     191065.000 ns	     19105	80004200	02a40bb3	mul	x23,x8,x10	  x8:0xfffffffe x10:0x00000000 x23=0x00000000
     191095.000 ns	     19108	80004204	a0830753	fle.s	x14,f6,f8	  f6:0xb0800000  f8:0xb0800000 x14=0x00000001
     191125.000 ns	     19111	80004208	c00530d3	fcvt.w.s	x1,f10	 f10:0x43350000  x1=0x000000b5
     191155.000 ns	     19114	8000420c	a0bfaed3	feq.s	x29,f31,f11	 f31:0x4c000410 f11:0x7fc00000 x29=0x00000000
     191175.000 ns	     19116	80004210	00000013	addi	x0,x0,0	  x0:0x00000000
     191185.000 ns	     19117	80004214	847fa213	slti	x4,x31,-1977	 x31:0x00000000  x4=0x00000000
     191195.000 ns	     19118	80004218	8bfcc893	xori	x17,x25,-1857	 x25:0x346ec000 x17=0xcb9138bf
     191205.000 ns	     19119	8000421c	002ff733	and	x14,x31,x2	 x31:0x00000000  x2:0xd83df1dc x14=0x00000000
     192375.000 ns	     19236	80004220	58057b53	fsqrt.s	f22,f10	 f10:0x43350000 f22=0x40fff8c6
     192415.000 ns	     19240	80004224	580a75d3	fsqrt.s	f11,f20	 f20:0x00000000 f11=0x00000000
     192435.000 ns	     19242	80004228	c8e88f13	addi	x30,x17,-882	 x17:0xcb9138bf x30=0xcb91354d
     192455.000 ns	     19244	8000422c	298d8b53	fmin.s	f22,f27,f24	 f27:0x7fc00000 f24:0x7fc00000 f22=0x7fc00000
     192475.000 ns	     19246	80004230	00812033	slt	x0,x2,x8	  x2:0xd83df1dc  x8:0xfffffffe
     192495.000 ns	     19248	80004234	f0078553	fmv.w.x	f10,x15	 x15:0x80040fe4 f10=0x80040fe4
     192515.000 ns	     19250	80004238	7cae8913	addi	x18,x29,1994	 x29:0x00000000 x18=0x000007ca
     192525.000 ns	     19251	8000423c	01a68e33	add	x28,x13,x26	 x13:0x00000003 x26:0x10008200 x28=0x10008203
     192535.000 ns	     19252	80004240	019b9db3	sll	x27,x23,x25	 x23:0x00000000 x25:0x346ec000 x27=0x00000000
     192555.000 ns	     19254	80004244	0360af33	mulhsu	x30,x1,x22	  x1:0x000000b5 x22:0x00000000 x30=0x00000000
     192585.000 ns	     19257	80004248	20422ad3	fsgnjx.s	f21,f4,f4	  f4:0xc3350000  f4:0xc3350000 f21=0x43350000
     192955.000 ns	     19294	8000424c	0355f233	remu	x4,x11,x21	 x11:0x00000000 x21:0x00000001  x4=0x00000000
     192985.000 ns	     19297	80004250	d00cf053	fcvt.s.w	f0,x25	 x25:0x346ec000  f0=0x4e51bb00
     193015.000 ns	     19300	80004254	e00f1753	fclass.s	x14,f30	 f30:0x00000000 x14=0x00000010
     193045.000 ns	     19303	80004258	c01124d3	fcvt.wu.s	x9,f2	  f2:0xffc00000  x9=0xffffffff
     193065.000 ns	     19305	8000425c	00000013	addi	x0,x0,0	  x0:0x00000000
     193085.000 ns	     19307	80004260	a1839b53	flt.s	x22,f7,f24	  f7:0x00000047 f24:0x7fc00000 x22=0x00000000
     193105.000 ns	     19309	80004264	01729313	slli	x6,x5,0x17	  x5:0x346ec000  x6=0x00000000
     193125.000 ns	     19311	80004268	d01e7bd3	fcvt.s.wu	f23,x28	 x28:0x10008203 f23=0x4d800410
     193465.000 ns	     19345	8000426c	197e90d3	fdiv.s	f1,f29,f23	 f29:0x00000590 f23:0xb8fb4b4d  f1=0x00000000
     193485.000 ns	     19347	80004270	f6676593	ori	x11,x14,-154	 x14:0x00000010 x11=0xffffff76
     193495.000 ns	     19348	80004274	01633b33	sltu	x22,x6,x22	  x6:0x00000000 x22:0x00000000 x22=0x00000000
     193505.000 ns	     19349	80004278	00f39333	sll	x6,x7,x15	  x7:0x55555555 x15:0x80040fe4  x6=0x55555550
     193515.000 ns	     19350	8000427c	40f081b3	sub	x3,x1,x15	  x1:0x000000b5 x15:0x80040fe4  x3=0x7ffbf0d1
     193525.000 ns	     19351	80004280	00000013	addi	x0,x0,0	  x0:0x00000000
     193535.000 ns	     19352	80004284	17c2cd13	xori	x26,x5,380	  x5:0x346ec000 x26=0x346ec17c
     193545.000 ns	     19353	80004288	13093093	sltiu	x1,x18,304	 x18:0x000007ca  x1=0x00000000
     193565.000 ns	     19355	8000428c	031e84b3	mul	x9,x29,x17	 x29:0x00000000 x17:0xcb9138bf  x9=0x00000000
     193595.000 ns	     19358	80004290	c00cfd53	fcvt.w.s	x26,f25	 f25:0x00000000 x26=0x00000000
     193625.000 ns	     19361	80004294	02213e33	mulhu	x28,x2,x2	  x2:0xd83df1dc  x2:0xd83df1dc x28=0xb6a89720
     193645.000 ns	     19363	80004298	00e51093	slli	x1,x10,0xe	 x10:0x00000000  x1=0x00000000
     193655.000 ns	     19364	8000429c	020e8093	addi	x1,x29,32	 x29:0x00000000  x1=0x00000020
     193675.000 ns	     19366	800042a0	282a1753	fmax.s	f14,f20,f2	 f20:0x00000000  f2:0xffc00000 f14=0x00000000
     193695.000 ns	     19368	800042a4	014959b3	srl	x19,x18,x20	 x18:0x000007ca x20:0x80041024 x19=0x0000007c
     193715.000 ns	     19370	800042a8	03df4db3	div	x27,x30,x29	 x30:0x00000000 x29:0x00000000 x27=0xffffffff
     193735.000 ns	     19372	800042ac	00e51db3	sll	x27,x10,x14	 x10:0x00000000 x14:0x00000010 x27=0x00000000
     193755.000 ns	     19374	800042b0	a0911bd3	flt.s	x23,f2,f9	  f2:0xffc00000  f9:0x00000590 x23=0x00000000
     193795.000 ns	     19378	800042b4	10dbccd3	fmul.s	f25,f23,f13	 f23:0x4d800410 f13:0x80040fe5 f25=0x8c0200c0
     193815.000 ns	     19380	800042b8	dc8d4b17	auipc	x22,0xdc8d4	 x22=0x5c8d82b8
     193835.000 ns	     19382	800042bc	e00881d3	fmv.x.w	x3,f17	 f17:0x7fc00000  x3=0x7fc00000
     194205.000 ns	     19419	800042c0	03065233	divu	x4,x12,x16	 x12:0x00000001 x16:0x00000001  x4=0x00000001
     195385.000 ns	     19537	800042c4	58087553	fsqrt.s	f10,f16	 f16:0x00000047 f10=0x1f3504e6
     195725.000 ns	     19571	800042c8	183444d3	fdiv.s	f9,f8,f3	  f8:0xb0800000  f3:0x00000047  f9=0xef34b4b6
     195755.000 ns	     19574	800042cc	d0117153	fcvt.s.wu	f2,x2	  x2:0xd83df1dc  f2=0x4f583df1
     195775.000 ns	     19576	800042d0	00644633	xor	x12,x8,x6	  x8:0xfffffffe  x6:0x55555550 x12=0xaaaaaaae
     195805.000 ns	     19579	800042d4	58089653	fsqrt.s	f12,f17	 f17:0x7fc00000 f12=0x7fc00000
     195825.000 ns	     19581	800042d8	05b64193	xori	x3,x12,91	 x12:0x00000001  x3=0xaaaaaaf5
     195835.000 ns	     19582	800042dc	5f727213	andi	x4,x4,1527	  x4:0x00000001  x4=0x00000001
     195845.000 ns	     19583	800042e0	10711a97	auipc	x21,0x10711	 x21=0x907152e0
     195855.000 ns	     19584	800042e4	4186d493	srai	x9,x13,0x18	 x13:0x00000003  x9=0x00000000
     195865.000 ns	     19585	800042e8	01917d33	and	x26,x2,x25	  x2:0xd83df1dc x25:0x346ec000 x26=0x102cc000
     195885.000 ns	     19587	800042ec	d005f553	fcvt.s.w	f10,x11	 x11:0xffffff76 f10=0xc30a0000
     195905.000 ns	     19589	800042f0	00000013	addi	x0,x0,0	  x0:0x00000000
     195915.000 ns	     19590	800042f4	b3a2db97	auipc	x23,0xb3a2d	 x23=0x33a312f4
     195935.000 ns	     19592	800042f8	033aa133	mulhsu	x2,x21,x19	 x21:0x907152e0 x19:0x0000007c  x2=0xffffffc9
     195965.000 ns	     19595	800042fc	033b2833	mulhsu	x16,x22,x19	 x22:0x5c8d82b8 x19:0x0000007c x16=0x0000002c
     195985.000 ns	     19597	80004300	00a45613	srli	x12,x8,0xa	  x8:0xfffffffe x12=0x003fffff
     196315.000 ns	     19630	80004304	182a8953	fdiv.s	f18,f21,f2	 f21:0x43350000  f2:0x4f583df1 f18=0x33350000
     196345.000 ns	     19633	80004308	026408b3	mul	x17,x8,x6	  x8:0xfffffffe  x6:0x55555550 x17=0x55555560
     196365.000 ns	     19635	8000430c	dedabf13	sltiu	x30,x21,-531	 x21:0x907152e0 x30=0x00000001
     196375.000 ns	     19636	80004310	00126733	or	x14,x4,x1	  x4:0x00000001  x1:0x00000020 x14=0x00000021
     196395.000 ns	     19638	80004314	a158a053	feq.s	x0,f17,f21	 f17:0x7fc00000 f21:0x43350000
     196435.000 ns	     19642	80004318	100af1d3	fmul.s	f3,f21,f0	 f21:0x43350000  f0:0x4e51bb00  f3=0x52144937
     196455.000 ns	     19644	8000431c	01073f33	sltu	x30,x14,x16	 x14:0x00000021 x16:0x0000002c x30=0x00000001
     196465.000 ns	     19645	80004320	005138b3	sltu	x17,x2,x5	  x2:0xffffffc9  x5:0x346ec000 x17=0x00000000
     196475.000 ns	     19646	80004324	0060beb3	sltu	x29,x1,x6	  x1:0x00000020  x6:0x55555550 x29=0x00000001
     196515.000 ns	     19650	80004328	013d3ed3	fadd.s	f29,f26,f19	 f26:0x00000047 f19:0x3f800000 f29=0x3f800000
     196535.000 ns	     19652	8000432c	8ee1f837	lui	x16,0x8ee1f	 x16=0x8ee1f000
     196545.000 ns	     19653	80004330	013e9233	sll	x4,x29,x19	 x29:0x00000001 x19:0x0000007c  x4=0x10000000
     196575.000 ns	     19656	80004334	5800fa53	fsqrt.s	f20,f1	  f1:0x00000000 f20=0x00000000
     196595.000 ns	     19658	80004338	40aa5813	srai	x16,x20,0xa	 x20:0x80041024 x16=0xffe00104
     196605.000 ns	     19659	8000433c	4a4ed537	lui	x10,0x4a4ed	 x10=0x4a4ed000
     196615.000 ns	     19660	80004340	000bd333	srl	x6,x23,x0	 x23:0x33a312f4  x0:0x00000000  x6=0x33a312f4
     196635.000 ns	     19662	80004344	20f71b53	fsgnjn.s	f22,f14,f15	 f14:0x00000000 f15:0x7fc00000 f22=0x80000000
     196665.000 ns	     19665	80004348	c00c4d53	fcvt.w.s	x26,f24	 f24:0x7fc00000 x26=0x7fffffff
     196705.000 ns	     19669	8000434c	191e7453	fdiv.s	f8,f28,f17	 f28:0x7fc00000 f17:0x7fc00000  f8=0x7fc00000
     196735.000 ns	     19672	80004350	f00b0c53	fmv.w.x	f24,x22	 x22:0x5c8d82b8 f24=0x5c8d82b8
     196755.000 ns	     19674	80004354	01afe833	or	x16,x31,x26	 x31:0x00000000 x26:0x7fffffff x16=0x7fffffff
     196775.000 ns	     19676	80004358	204d11d3	fsgnjn.s	f3,f26,f4	 f26:0x00000047  f4:0xc3350000  f3=0x00000047
     196805.000 ns	     19679	8000435c	d0154d53	fcvt.s.wu	f26,x10	 x10:0x4a4ed000 f26=0x4e949da0
     197175.000 ns	     19716	80004360	026f6d33	rem	x26,x30,x6	 x30:0x00000001  x6:0x33a312f4 x26=0x00000001
     197195.000 ns	     19718	80004364	761faf93	slti	x31,x31,1889	 x31:0x00000000 x31=0x00000001
     197225.000 ns	     19721	80004368	10f0f6d3	fmul.s	f13,f1,f15	  f1:0x00000000 f15:0x7fc00000 f13=0x7fc00000
     197255.000 ns	     19724	8000436c	21ac2fd3	fsgnjx.s	f31,f24,f26	 f24:0x5c8d82b8 f26:0x4e949da0 f31=0x5c8d82b8
     197275.000 ns	     19726	80004370	00000013	addi	x0,x0,0	  x0:0x00000000
     197285.000 ns	     19727	80004374	78c1ed93	ori	x27,x3,1932	  x3:0xaaaaaaf5 x27=0xaaaaaffd
     197305.000 ns	     19729	80004378	21ec89d3	fsgnj.s	f19,f25,f30	 f25:0x8c0200c0 f30:0x00000000 f19=0x0c0200c0
     197325.000 ns	     19731	8000437c	00857f33	and	x30,x10,x8	 x10:0x4a4ed000  x8:0xfffffffe x30=0x4a4ed000
     197345.000 ns	     19733	80004380	a0611553	flt.s	x10,f2,f6	  f2:0x4f583df1  f6:0xb0800000 x10=0x00000000
     197365.000 ns	     19735	80004384	00ce1993	slli	x19,x28,0xc	 x28:0xb6a89720 x19=0x89720000
     197385.000 ns	     19737	80004388	284b9ed3	fmax.s	f29,f23,f4	 f23:0x4d800410  f4:0xc3350000 f29=0x4d800410
     197405.000 ns	     19739	8000438c	01f4e0b3	or	x1,x9,x31	  x9:0x00000000 x31:0x00000001  x1=0x00000001
     197425.000 ns	     19741	80004390	e00085d3	fmv.x.w	x11,f1	  f1:0x00000000 x11=0x00000000
     197455.000 ns	     19744	80004394	e0001e53	fclass.s	x28,f0	  f0:0x4e51bb00 x28=0x00000040
     197475.000 ns	     19746	80004398	0097dd93	srli	x27,x15,0x9	 x15:0x80040fe4 x27=0x00400207
     197495.000 ns	     19748	8000439c	a1cd28d3	feq.s	x17,f26,f28	 f26:0x4e949da0 f28:0x7fc00000 x17=0x00000000
     197515.000 ns	     19750	800043a0	00000013	addi	x0,x0,0	  x0:0x00000000
     197535.000 ns	     19752	800043a4	214b04d3	fsgnj.s	f9,f22,f20	 f22:0x80000000 f20:0x00000000  f9=0x00000000
     197565.000 ns	     19755	800043a8	02b61b33	mulh	x22,x12,x11	 x12:0x003fffff x11:0x00000000 x22=0x00000000
     197595.000 ns	     19758	800043ac	d006fb53	fcvt.s.w	f22,x13	 x13:0x00000003 f22=0x40400000
     197615.000 ns	     19760	800043b0	0170bc33	sltu	x24,x1,x23	  x1:0x00000001 x23:0x33a312f4 x24=0x00000001
     197635.000 ns	     19762	800043b4	20e316d3	fsgnjn.s	f13,f6,f14	  f6:0xb0800000 f14:0x00000000 f13=0xb0800000
     197655.000 ns	     19764	800043b8	1470fe93	andi	x29,x1,327	  x1:0x00000001 x29=0x00000001
     197665.000 ns	     19765	800043bc	61db7013	andi	x0,x22,1565	 x22:0x00000000
     197675.000 ns	     19766	800043c0	5466a093	slti	x1,x13,1350	 x13:0x00000003  x1=0x00000001
     197685.000 ns	     19767	800043c4	007e5eb3	srl	x29,x28,x7	 x28:0x00000040  x7:0x55555555 x29=0x00000000
     197705.000 ns	     19769	800043c8	21adaed3	fsgnjx.s	f29,f27,f26	 f27:0x7fc00000 f26:0x4e949da0 f29=0x7fc00000
     197735.000 ns	     19772	800043cc	a19490d3	flt.s	x1,f9,f25	  f9:0x00000000 f25:0x8c0200c0  x1=0x00000000
     197765.000 ns	     19775	800043d0	03e38533	mul	x10,x7,x30	  x7:0x55555555 x30:0x4a4ed000 x10=0xe73b1000
     197785.000 ns	     19777	800043d4	00c62e33	slt	x28,x12,x12	 x12:0x003fffff x12:0x003fffff x28=0x00000000
     197805.000 ns	     19779	800043d8	02ce2d33	mulhsu	x26,x28,x12	 x28:0x00000040 x12:0x003fffff x26=0x00000000
     197825.000 ns	     19781	800043dc	4191deb3	sra	x29,x3,x25	  x3:0xaaaaaaf5 x25:0x346ec000 x29=0xaaaaaaf5
     197835.000 ns	     19782	800043e0	40e280b3	sub	x1,x5,x14	  x5:0x346ec000 x14:0x00000021  x1=0x346ebfdf
     197845.000 ns	     19783	800043e4	01d02733	slt	x14,x0,x29	  x0:0x00000000 x29:0x00000000 x14=0x00000000
     197855.000 ns	     19784	800043e8	0160eab3	or	x21,x1,x22	  x1:0x00000000 x22:0x00000000 x21=0x346ebfdf
     198215.000 ns	     19820	800043ec	030dde33	divu	x28,x27,x16	 x27:0x00400207 x16:0x7fffffff x28=0x00000000
     198235.000 ns	     19822	800043f0	000769b3	or	x19,x14,x0	 x14:0x00000000  x0:0x00000000 x19=0x00000000
     198255.000 ns	     19824	800043f4	c0149e53	fcvt.wu.s	x28,f9	  f9:0x00000000 x28=0x00000000
     198625.000 ns	     19861	800043f8	0241f0b3	remu	x1,x3,x4	  x3:0xaaaaaaf5  x4:0x10000000  x1=0x0aaaaaf5
     198655.000 ns	     19864	800043fc	c0007253	fcvt.w.s	x4,f0	  f0:0x4e51bb00  x4=0x346ec000
     198675.000 ns	     19866	80004400	00bd2433	slt	x8,x26,x11	 x26:0x00000000 x11:0x00000000  x8=0x00000000
     198695.000 ns	     19868	80004404	e0040fd3	fmv.x.w	x31,f8	  f8:0x7fc00000 x31=0x7fc00000
     198725.000 ns	     19871	80004408	f00085d3	fmv.w.x	f11,x1	  x1:0x0aaaaaf5 f11=0x0aaaaaf5
     198755.000 ns	     19874	8000440c	02012c33	mulhsu	x24,x2,x0	  x2:0xffffffc9  x0:0x00000000 x24=0x00000000
     198795.000 ns	     19878	80004410	110a1353	fmul.s	f6,f20,f16	 f20:0x00000000 f16:0x00000047  f6=0x00000000
     198815.000 ns	     19880	80004414	9bc395b7	lui	x11,0x9bc39	 x11=0x9bc39000
     198825.000 ns	     19881	80004418	41438233	sub	x4,x7,x20	  x7:0x55555555 x20:0x80041024  x4=0xd5514531
     198835.000 ns	     19882	8000441c	4bdd6c13	ori	x24,x26,1213	 x26:0x00000000 x24=0x000004bd
     198855.000 ns	     19884	80004420	a0f628d3	feq.s	x17,f12,f15	 f12:0x7fc00000 f15:0x7fc00000 x17=0x00000000
     198895.000 ns	     19888	80004424	19d37953	fdiv.s	f18,f6,f29	  f6:0x00000000 f29:0x7fc00000 f18=0x7fc00000
     199265.000 ns	     19925	80004428	03406933	rem	x18,x0,x20	  x0:0x00000000 x20:0x80041024 x18=0x00000000
     199295.000 ns	     19928	8000442c	290a1653	fmax.s	f12,f20,f16	 f20:0x00000000 f16:0x00000047 f12=0x00000047
     199325.000 ns	     19931	80004430	21360ad3	fsgnj.s	f21,f12,f19	 f12:0x7fc00000 f19:0x0c0200c0 f21=0x00000047
     199355.000 ns	     19934	80004434	20ba88d3	fsgnj.s	f17,f21,f11	 f21:0x43350000 f11:0x0aaaaaf5 f17=0x00000047
     199375.000 ns	     19936	80004438	757a4eb7	lui	x29,0x757a4	 x29=0x757a4000
     199385.000 ns	     19937	8000443c	40e0de13	srai	x28,x1,0xe	  x1:0x0aaaaaf5 x28=0x00002aaa
     199395.000 ns	     19938	80004440	378cac93	slti	x25,x25,888	 x25:0x346ec000 x25=0x00000000
     199415.000 ns	     19940	80004444	02efc233	div	x4,x31,x14	 x31:0x7fc00000 x14:0x00000000  x4=0xffffffff
     199445.000 ns	     19943	80004448	d001f753	fcvt.s.w	f14,x3	  x3:0xaaaaaaf5 f14=0xceaaaaaa
     199475.000 ns	     19946	8000444c	202aa353	fsgnjx.s	f6,f21,f2	 f21:0x00000047  f2:0x4f583df1  f6=0x00000047
     199495.000 ns	     19948	80004450	415dd2b3	sra	x5,x27,x21	 x27:0x00400207 x21:0x346ebfdf  x5=0x00000000
     199515.000 ns	     19950	80004454	02eac133	div	x2,x21,x14	 x21:0x346ebfdf x14:0x00000000  x2=0xffffffff
     199535.000 ns	     19952	80004458	327ad3b7	lui	x7,0x327ad	  x7=0x327ad000
     199555.000 ns	     19954	8000445c	c01172d3	fcvt.wu.s	x5,f2	  f2:0x4f583df1  x5=0xd83df100
     199595.000 ns	     19958	80004460	11691e53	fmul.s	f28,f18,f22	 f18:0x7fc00000 f22:0x40400000 f28=0x7fc00000
     199615.000 ns	     19960	80004464	cae67b13	andi	x22,x12,-850	 x12:0x003fffff x22=0x003ffcae
     199635.000 ns	     19962	80004468	e0011953	fclass.s	x18,f2	  f2:0x4f583df1 x18=0x00000040
     199665.000 ns	     19965	8000446c	210a1b53	fsgnjn.s	f22,f20,f16	 f20:0x00000000 f16:0x00000047 f22=0x80000000
     199685.000 ns	     19967	80004470	b3268997	auipc	x19,0xb3268	 x19=0x3326c470
     199695.000 ns	     19968	80004474	0165dc33	srl	x24,x11,x22	 x11:0x9bc39000 x22:0x003ffcae x24=0x00026f0e
     199715.000 ns	     19970	80004478	d00a93d3	fcvt.s.w	f7,x21	 x21:0x346ebfdf  f7=0x4e51baff
     199745.000 ns	     19973	8000447c	f00809d3	fmv.w.x	f19,x16	 x16:0x7fffffff f19=0x7fffffff
     199765.000 ns	     19975	80004480	00da1913	slli	x18,x20,0xd	 x20:0x80041024 x18=0x82048000
     199785.000 ns	     19977	80004484	f0028953	fmv.w.x	f18,x5	  x5:0xd83df100 f18=0xd83df100
     199805.000 ns	     19979	80004488	3c24c293	xori	x5,x9,962	  x9:0x00000000  x5=0x000003c2
     199825.000 ns	     19981	8000448c	20e30fd3	fsgnj.s	f31,f6,f14	  f6:0x00000047 f14:0xceaaaaaa f31=0x80000047
     199845.000 ns	     19983	80004490	fe368113	addi	x2,x13,-29	 x13:0x00000003  x2=0xffffffe6
     199855.000 ns	     19984	80004494	4058dcb3	sra	x25,x17,x5	 x17:0x00000000  x5:0x000003c2 x25=0x00000000
     199875.000 ns	     19986	80004498	a07f8b53	fle.s	x22,f31,f7	 f31:0x80000047  f7:0x4e51baff x22=0x00000001
     199905.000 ns	     19989	8000449c	03f72fb3	mulhsu	x31,x14,x31	 x14:0x00000000 x31:0x7fc00000 x31=0x00000000
     199955.000 ns	     19994	800044a0	081e79d3	fsub.s	f19,f28,f1	 f28:0x7fc00000  f1:0x00000000 f19=0x7fc00000
     199985.000 ns	     19997	800044a4	c0097453	fcvt.w.s	x8,f18	 f18:0xd83df100  x8=0x80000000
     200005.000 ns	     19999	800044a8	8f638b13	addi	x22,x7,-1802	  x7:0x327ad000 x22=0x327ac8f6
     200015.000 ns	     20000	800044ac	01285c93	srli	x25,x16,0x12	 x16:0x7fffffff x25=0x00001fff
     200025.000 ns	     20001	800044b0	55718513	addi	x10,x3,1367	  x3:0xaaaaaaf5 x10=0xaaaab04c
     200045.000 ns	     20003	800044b4	d01cacd3	fcvt.s.wu	f25,x25	 x25:0x00000000 f25=0x45fff800
     200075.000 ns	     20006	800044b8	c01bbad3	fcvt.wu.s	x21,f23	 f23:0x4d800410 x21=0x10008200
     200095.000 ns	     20008	800044bc	010c7933	and	x18,x24,x16	 x24:0x00026f0e x16:0x7fffffff x18=0x00026f0e
     200115.000 ns	     20010	800044c0	208a07d3	fsgnj.s	f15,f20,f8	 f20:0x00000000  f8:0x7fc00000 f15=0x00000000
     200135.000 ns	     20012	800044c4	00c39d13	slli	x26,x7,0xc	  x7:0x327ad000 x26=0xad000000
     200145.000 ns	     20013	800044c8	4118d333	sra	x6,x17,x17	 x17:0x00000000 x17:0x00000000  x6=0x00000000
     200165.000 ns	     20015	800044cc	0305ad33	mulhsu	x26,x11,x16	 x11:0x9bc39000 x16:0x7fffffff x26=0xcde1c800
     200195.000 ns	     20018	800044d0	20fe2a53	fsgnjx.s	f20,f28,f15	 f28:0x7fc00000 f15:0x00000000 f20=0x7fc00000
     200565.000 ns	     20055	800044d4	027872b3	remu	x5,x16,x7	 x16:0x7fffffff  x7:0x327ad000  x5=0x1b0a5fff
     200935.000 ns	     20092	800044d8	033e65b3	rem	x11,x28,x19	 x28:0x00002aaa x19:0x3326c470 x11=0x00002aaa
     200955.000 ns	     20094	800044dc	002f7bb3	and	x23,x30,x2	 x30:0x4a4ed000  x2:0xffffffe6 x23=0x4a4ed000
     200965.000 ns	     20095	800044e0	006e95b3	sll	x11,x29,x6	 x29:0x757a4000  x6:0x00000000 x11=0x757a4000
     201325.000 ns	     20131	800044e4	030e6333	rem	x6,x28,x16	 x28:0x00002aaa x16:0x7fffffff  x6=0x00002aaa
     201355.000 ns	     20134	800044e8	e0070fd3	fmv.x.w	x31,f14	 f14:0xceaaaaaa x31=0xceaaaaaa
     201375.000 ns	     20136	800044ec	3e58be93	sltiu	x29,x17,997	 x17:0x00000000 x29=0x00000001
     201395.000 ns	     20138	800044f0	28041fd3	fmax.s	f31,f8,f0	  f8:0x7fc00000  f0:0x4e51bb00 f31=0x4e51bb00
     201415.000 ns	     20140	800044f4	01a16b33	or	x22,x2,x26	  x2:0xffffffe6 x26:0xcde1c800 x22=0xffffffe6
     201445.000 ns	     20143	800044f8	1035fed3	fmul.s	f29,f11,f3	 f11:0x0aaaaaf5  f3:0x00000047 f29=0x00000000
     201465.000 ns	     20145	800044fc	00dd5f13	srli	x30,x26,0xd	 x26:0xcde1c800 x30=0x00066f0e
     201485.000 ns	     20147	80004500	a0b890d3	flt.s	x1,f17,f11	 f17:0x00000047 f11:0x0aaaaaf5  x1=0x00000001
     201505.000 ns	     20149	80004504	00c8d593	srli	x11,x17,0xc	 x17:0x00000000 x11=0x00000000
     201515.000 ns	     20150	80004508	01fc9d13	slli	x26,x25,0x1f	 x25:0x00001fff x26=0x80000000
     201535.000 ns	     20152	8000450c	c0131053	fcvt.wu.s	x0,f6	  f6:0x00000047
     201565.000 ns	     20155	80004510	c01074d3	fcvt.wu.s	x9,f0	  f0:0x4e51bb00  x9=0x346ec000
     201585.000 ns	     20157	80004514	6f893e37	lui	x28,0x6f893	 x28=0x6f893000
     201605.000 ns	     20159	80004518	202b2453	fsgnjx.s	f8,f22,f2	 f22:0x80000000  f2:0x4f583df1  f8=0x80000000
     201635.000 ns	     20162	8000451c	f0018b53	fmv.w.x	f22,x3	  x3:0xaaaaaaf5 f22=0xaaaaaaf5
     201665.000 ns	     20165	80004520	29060d53	fmin.s	f26,f12,f16	 f12:0x00000047 f16:0x00000047 f26=0x00000047
     201695.000 ns	     20168	80004524	039b34b3	mulhu	x9,x22,x25	 x22:0xffffffe6 x25:0x00001fff  x9=0x00001ffe
     201725.000 ns	     20171	80004528	21df1b53	fsgnjn.s	f22,f30,f29	 f30:0x00000000 f29:0x00000000 f22=0x80000000
     201745.000 ns	     20173	8000452c	e6fe0813	addi	x16,x28,-401	 x28:0x6f893000 x16=0x6f892e6f
     201765.000 ns	     20175	80004530	f00a0ad3	fmv.w.x	f21,x20	 x20:0x80041024 f21=0x80041024
     201785.000 ns	     20177	80004534	00bc5e33	srl	x28,x24,x11	 x24:0x00026f0e x11:0x00000000 x28=0x00026f0e
     202145.000 ns	     20213	80004538	027befb3	rem	x31,x23,x7	 x23:0x4a4ed000  x7:0x327ad000 x31=0x17d40000
     202165.000 ns	     20215	8000453c	40b88b33	sub	x22,x17,x11	 x17:0x00000000 x11:0x00000000 x22=0x00000000
     202185.000 ns	     20217	80004540	a082ab53	feq.s	x22,f5,f8	  f5:0x3f800000  f8:0x80000000 x22=0x00000000
     202205.000 ns	     20219	80004544	00519c33	sll	x24,x3,x5	  x3:0xaaaaaaf5  x5:0x1b0a5fff x24=0x80000000
     202225.000 ns	     20221	80004548	29579ed3	fmax.s	f29,f15,f21	 f15:0x00000000 f21:0x80041024 f29=0x00000000
     202255.000 ns	     20224	8000454c	d004f953	fcvt.s.w	f18,x9	  x9:0x00001ffe f18=0x45fff000
     202285.000 ns	     20227	80004550	21c00453	fsgnj.s	f8,f0,f28	  f0:0x4e51bb00 f28:0x7fc00000  f8=0x4e51bb00
     202315.000 ns	     20230	80004554	c008fbd3	fcvt.w.s	x23,f17	 f17:0x00000047 x23=0x00000000
     202335.000 ns	     20232	80004558	01900733	add	x14,x0,x25	  x0:0x00000000 x25:0x00001fff x14=0x00001fff
     202355.000 ns	     20234	8000455c	a13a2c53	feq.s	x24,f20,f19	 f20:0x7fc00000 f19:0x7fc00000 x24=0x00000000
     202375.000 ns	     20236	80004560	e5ed4d13	xori	x26,x26,-418	 x26:0x80000000 x26=0x7ffffe5e
     202395.000 ns	     20238	80004564	d0002dd3	fcvt.s.w	f27,x0	  x0:0x00000000 f27=0x00000000
     202425.000 ns	     20241	80004568	03e9b2b3	mulhu	x5,x19,x30	 x19:0x3326c470 x30:0x00066f0e  x5=0x00014919
     202795.000 ns	     20278	8000456c	02f66733	rem	x14,x12,x15	 x12:0x003fffff x15:0x80040fe4 x14=0x003fffff
     202815.000 ns	     20280	80004570	991b2113	slti	x2,x22,-1647	 x22:0x00000000  x2=0x00000000
     202845.000 ns	     20283	80004574	580eb053	fsqrt.s	f0,f29	 f29:0x00000000  f0=0x00000000
     202865.000 ns	     20285	80004578	013c6733	or	x14,x24,x19	 x24:0x00000000 x19:0x3326c470 x14=0x3326c470
     202895.000 ns	     20288	8000457c	11891953	fmul.s	f18,f18,f24	 f18:0x45fff000 f24:0x5c8d82b8 f18=0x630d79df
     202925.000 ns	     20291	80004580	d01ff053	fcvt.s.wu	f0,x31	 x31:0x17d40000  f0=0x4dbea000
     202945.000 ns	     20293	80004584	00000013	addi	x0,x0,0	  x0:0x00000000
     202955.000 ns	     20294	80004588	49b1eb93	ori	x23,x3,1179	  x3:0xaaaaaaf5 x23=0xaaaaaeff
     202965.000 ns	     20295	8000458c	40790e33	sub	x28,x18,x7	 x18:0x00026f0e  x7:0x327ad000 x28=0xcd879f0e
     202985.000 ns	     20297	80004590	216a9953	fsgnjn.s	f18,f21,f22	 f21:0x80041024 f22:0x80000000 f18=0x00041024
     203025.000 ns	     20301	80004594	1144f353	fmul.s	f6,f9,f20	  f9:0x00000000 f20:0x7fc00000  f6=0x7fc00000
     203045.000 ns	     20303	80004598	12813e93	sltiu	x29,x2,296	  x2:0x00000000 x29=0x00000001
     203055.000 ns	     20304	8000459c	019915b3	sll	x11,x18,x25	 x18:0x00026f0e x25:0x00001fff x11=0x00000000
     203065.000 ns	     20305	800045a0	00000013	addi	x0,x0,0	  x0:0x00000000
     203395.000 ns	     20338	800045a4	18a07f53	fdiv.s	f30,f0,f10	  f0:0x4dbea000 f10:0xc30a0000 f30=0xca043c25
     203415.000 ns	     20340	800045a8	01f8c633	xor	x12,x17,x31	 x17:0x00000000 x31:0x17d40000 x12=0x17d40000
     203435.000 ns	     20342	800045ac	a0b695d3	flt.s	x11,f13,f11	 f13:0xb0800000 f11:0x0aaaaaf5 x11=0x00000001
     203465.000 ns	     20345	800045b0	20b19bd3	fsgnjn.s	f23,f3,f11	  f3:0x00000047 f11:0x0aaaaaf5 f23=0x80000047
     203495.000 ns	     20348	800045b4	0380d433	divu	x8,x1,x24	  x1:0x00000001 x24:0x00000000  x8=0xffffffff
     203525.000 ns	     20351	800045b8	c0092753	fcvt.w.s	x14,f18	 f18:0x00041024 x14=0x00000000
     203555.000 ns	     20354	800045bc	28528f53	fmin.s	f30,f5,f5	  f5:0x3f800000  f5:0x3f800000 f30=0x3f800000
     204735.000 ns	     20472	800045c0	580c2cd3	fsqrt.s	f25,f24	 f24:0x5c8d82b8 f25=0x4e0695c7
     204765.000 ns	     20475	800045c4	f00408d3	fmv.w.x	f17,x8	  x8:0xffffffff f17=0xffffffff
     204795.000 ns	     20478	800045c8	215491d3	fsgnjn.s	f3,f9,f21	  f9:0x00000000 f21:0x80041024  f3=0x00000000
     204815.000 ns	     20480	800045cc	41058433	sub	x8,x11,x16	 x11:0x00000001 x16:0x6f892e6f  x8=0x9076d192
     204825.000 ns	     20481	800045d0	417983b3	sub	x7,x19,x23	 x19:0x3326c470 x23:0xaaaaaeff  x7=0x887c1571
     204835.000 ns	     20482	800045d4	69acad97	auipc	x27,0x69aca	 x27=0xe9ace5d4
     204855.000 ns	     20484	800045d8	c0167ed3	fcvt.wu.s	x29,f12	 f12:0x00000047 x29=0x00000000
     204875.000 ns	     20486	800045dc	00c8e0b3	or	x1,x17,x12	 x17:0x00000000 x12:0x17d40000  x1=0x17d40000
     204885.000 ns	     20487	800045e0	01a915b3	sll	x11,x18,x26	 x18:0x00026f0e x26:0x7ffffe5e x11=0x80000000
     204905.000 ns	     20489	800045e4	d0011553	fcvt.s.w	f10,x2	  x2:0x00000000 f10=0x00000000
     204935.000 ns	     20492	800045e8	c00f7753	fcvt.w.s	x14,f30	 f30:0x3f800000 x14=0x00000001
     204965.000 ns	     20495	800045ec	03ae1eb3	mulh	x29,x28,x26	 x28:0xcd879f0e x26:0x7ffffe5e x29=0xe6c3cfd9
     204985.000 ns	     20497	800045f0	a450e537	lui	x10,0xa450e	 x10=0xa450e000
     205005.000 ns	     20499	800045f4	29850153	fmin.s	f2,f10,f24	 f10:0x00000000 f24:0x5c8d82b8  f2=0x00000000
     205025.000 ns	     20501	800045f8	402fd213	srai	x4,x31,0x2	 x31:0x17d40000  x4=0x05f50000
     205045.000 ns	     20503	800045fc	03c933b3	mulhu	x7,x18,x28	 x18:0x00026f0e x28:0xcd879f0e  x7=0x0001f438
     205075.000 ns	     20506	80004600	e00f1953	fclass.s	x18,f30	 f30:0x3f800000 x18=0x00000040
     205095.000 ns	     20508	80004604	522b7113	andi	x2,x22,1314	 x22:0x00000000  x2=0x00000000
     205135.000 ns	     20512	80004608	08f6f1d3	fsub.s	f3,f13,f15	 f13:0xb0800000 f15:0x00000000  f3=0xb0800000
     205175.000 ns	     20516	8000460c	19f782d3	fdiv.s	f5,f15,f31	 f15:0x00000000 f31:0x4e51bb00  f5=0x00000000
     205195.000 ns	     20518	80004610	07cd7397	auipc	x7,0x7cd7	  x7=0x87cdb610
     205215.000 ns	     20520	80004614	e00804d3	fmv.x.w	x9,f16	 f16:0x00000047  x9=0x00000047
     205265.000 ns	     20525	80004618	087c2dd3	fsub.s	f27,f24,f7	 f24:0x5c8d82b8  f7:0x4e51baff f27=0x5c8d82b7
     205285.000 ns	     20527	8000461c	006310b3	sll	x1,x6,x6	  x6:0x00002aaa  x6:0x00002aaa  x1=0x00aaa800
     205295.000 ns	     20528	80004620	01bf4733	xor	x14,x30,x27	 x30:0x00066f0e x27:0xe9ace5d4 x14=0xe9aa8ada
     205305.000 ns	     20529	80004624	40e45c13	srai	x24,x8,0xe	  x8:0x9076d192 x24=0xfffe41db
     205325.000 ns	     20531	80004628	29f407d3	fmin.s	f15,f8,f31	  f8:0x4e51bb00 f31:0x4e51bb00 f15=0x4e51bb00
     205345.000 ns	     20533	8000462c	0981ec93	ori	x25,x3,152	  x3:0xaaaaaaf5 x25=0xaaaaaafd
     205355.000 ns	     20534	80004630	fe68a813	slti	x16,x17,-26	 x17:0x00000000 x16=0x00000000
     205365.000 ns	     20535	80004634	00af04b3	add	x9,x30,x10	 x30:0x00066f0e x10:0xa450e000  x9=0xa4574f0e
     205375.000 ns	     20536	80004638	8dfe0c13	addi	x24,x28,-1825	 x28:0xcd879f0e x24=0xcd8797ed
     205385.000 ns	     20537	8000463c	0053ceb3	xor	x29,x7,x5	  x7:0x87cdb610  x5:0x00014919 x29=0x87ccff09
     205395.000 ns	     20538	80004640	6bb9c897	auipc	x17,0x6bb9c	 x17=0xebba0640
     205405.000 ns	     20539	80004644	01443233	sltu	x4,x8,x20	  x8:0x9076d192 x20:0x80041024  x4=0x00000000
     205415.000 ns	     20540	80004648	76a20fb7	lui	x31,0x76a20	 x31=0x76a20000
     205775.000 ns	     20576	8000464c	02ccd9b3	divu	x19,x25,x12	 x25:0xaaaaaafd x12:0x17d40000 x19=0x00000007
     205795.000 ns	     20578	80004650	5dbffc93	andi	x25,x31,1499	 x31:0x17d40000 x25=0x00000000
     205805.000 ns	     20579	80004654	012f1a93	slli	x21,x30,0x12	 x30:0x00066f0e x21=0xbc380000
     206165.000 ns	     20615	80004658	037954b3	divu	x9,x18,x23	 x18:0x00000040 x23:0xaaaaaeff  x9=0x00000000
     206185.000 ns	     20617	8000465c	41605913	srai	x18,x0,0x16	  x0:0x00000000 x18=0x00000000
     206205.000 ns	     20619	80004660	f00904d3	fmv.w.x	f9,x18	 x18:0x00000040  f9=0x00000000
     206225.000 ns	     20621	80004664	00788333	add	x6,x17,x7	 x17:0xebba0640  x7:0x87cdb610  x6=0x7387bc50
     206245.000 ns	     20623	80004668	a1c72753	feq.s	x14,f14,f28	 f14:0xceaaaaaa f28:0x7fc00000 x14=0x00000000
     206585.000 ns	     20657	8000466c	18e58253	fdiv.s	f4,f11,f14	 f11:0x0aaaaaf5 f14:0xceaaaaaa  f4=0xfb2aaaf6
     206615.000 ns	     20660	80004670	03214833	div	x16,x2,x18	  x2:0x00000000 x18:0x00000000 x16=0xffffffff
     206645.000 ns	     20663	80004674	202da753	fsgnjx.s	f14,f27,f2	 f27:0x5c8d82b7  f2:0x00000000 f14=0x5c8d82b7
     206665.000 ns	     20665	80004678	01f46c33	or	x24,x8,x31	  x8:0x9076d192 x31:0x76a20000 x24=0xf6f6d192
     206675.000 ns	     20666	8000467c	00be13b3	sll	x7,x28,x11	 x28:0xcd879f0e x11:0x80000000  x7=0xcd879f0e
     206695.000 ns	     20668	80004680	a1642e53	feq.s	x28,f8,f22	  f8:0x4e51bb00 f22:0x80000000 x28=0x00000000
     206725.000 ns	     20671	80004684	21489753	fsgnjn.s	f14,f17,f20	 f17:0xffffffff f20:0x7fc00000 f14=0xffffffff
     206745.000 ns	     20673	80004688	00d92d33	slt	x26,x18,x13	 x18:0x00000000 x13:0x00000003 x26=0x00000001
     206755.000 ns	     20674	8000468c	0074fe33	and	x28,x9,x7	  x9:0x00000000  x7:0xcd879f0e x28=0x00000000
     206775.000 ns	     20676	80004690	a193acd3	feq.s	x25,f7,f25	  f7:0x4e51baff f25:0x4e0695c7 x25=0x00000000
     206795.000 ns	     20678	80004694	579f6e97	auipc	x29,0x579f6	 x29=0xd79fa694
     206815.000 ns	     20680	80004698	29ba80d3	fmin.s	f1,f21,f27	 f21:0x80041024 f27:0x5c8d82b7  f1=0x80041024
     206835.000 ns	     20682	8000469c	f51d4213	xori	x4,x26,-175	 x26:0x00000001  x4=0xffffff50
     206845.000 ns	     20683	800046a0	412b8333	sub	x6,x23,x18	 x23:0xaaaaaeff x18:0x00000000  x6=0xaaaaaeff
     206855.000 ns	     20684	800046a4	3d1f51b7	lui	x3,0x3d1f5	  x3=0x3d1f5000
     206885.000 ns	     20687	800046a8	190b13d3	fdiv.s	f7,f22,f16	 f22:0x80000000 f16:0x00000047  f7=0x80000000
     206915.000 ns	     20690	800046ac	c01c0ed3	fcvt.wu.s	x29,f24	 f24:0x5c8d82b8 x29=0xffffffff
     206955.000 ns	     20694	800046b0	11bd76d3	fmul.s	f13,f26,f27	 f26:0x00000047 f27:0x5c8d82b7 f13=0x151cfd03
     206995.000 ns	     20698	800046b4	1863f953	fdiv.s	f18,f7,f6	  f7:0x80000000  f6:0x7fc00000 f18=0x7fc00000
     207025.000 ns	     20701	800046b8	21a783d3	fsgnj.s	f7,f15,f26	 f15:0x4e51bb00 f26:0x00000047  f7=0x4e51bb00
     207045.000 ns	     20703	800046bc	1b0fa613	slti	x12,x31,432	 x31:0x76a20000 x12=0x00000000
     207055.000 ns	     20704	800046c0	3b2da513	slti	x10,x27,946	 x27:0xe9ace5d4 x10=0x00000001
     207415.000 ns	     20740	800046c4	03d4f9b3	remu	x19,x9,x29	  x9:0x00000000 x29:0xffffffff x19=0x00000000
     207435.000 ns	     20742	800046c8	58d36517	auipc	x10,0x58d36	 x10=0xd8d3a6c8
     207455.000 ns	     20744	800046cc	039a0d33	mul	x26,x20,x25	 x20:0x80041024 x25:0x00000000 x26=0x00000000
     207485.000 ns	     20747	800046d0	28d61fd3	fmax.s	f31,f12,f13	 f12:0x00000047 f13:0x151cfd03 f31=0x151cfd03
     207505.000 ns	     20749	800046d4	01b9bb33	sltu	x22,x19,x27	 x19:0x00000000 x27:0xe9ace5d4 x22=0x00000001
     207525.000 ns	     20751	800046d8	214d2053	fsgnjx.s	f0,f26,f20	 f26:0x00000047 f20:0x7fc00000  f0=0x00000047
     207555.000 ns	     20754	800046dc	03deae33	mulhsu	x28,x29,x29	 x29:0xffffffff x29:0xffffffff x28=0xffffffff
     207585.000 ns	     20757	800046e0	a13622d3	feq.s	x5,f12,f19	 f12:0x00000047 f19:0x7fc00000  x5=0x00000000
     207605.000 ns	     20759	800046e4	006064b3	or	x9,x0,x6	  x0:0x00000000  x6:0xaaaaaeff  x9=0xaaaaaeff
     207625.000 ns	     20761	800046e8	20892dd3	fsgnjx.s	f27,f18,f8	 f18:0x7fc00000  f8:0x4e51bb00 f27=0x7fc00000
     207645.000 ns	     20763	800046ec	41ad54b3	sra	x9,x26,x26	 x26:0x00000000 x26:0x00000000  x9=0x00000000
     207665.000 ns	     20765	800046f0	021f02b3	mul	x5,x30,x1	 x30:0x00066f0e  x1:0x00aaa800  x5=0xf82d3000
     207695.000 ns	     20768	800046f4	21192653	fsgnjx.s	f12,f18,f17	 f18:0x7fc00000 f17:0xffffffff f12=0xffc00000
     207725.000 ns	     20771	800046f8	a0cd20d3	feq.s	x1,f26,f12	 f26:0x00000047 f12:0x00000047  x1=0x00000000
     207755.000 ns	     20774	800046fc	202e0f53	fsgnj.s	f30,f28,f2	 f28:0x7fc00000  f2:0x00000000 f30=0x7fc00000
     207775.000 ns	     20776	80004700	0019d293	srli	x5,x19,0x1	 x19:0x00000000  x5=0x00000000
     207785.000 ns	     20777	80004704	400d59b3	sra	x19,x26,x0	 x26:0x00000000  x0:0x00000000 x19=0x00000000
     207795.000 ns	     20778	80004708	0128ff33	and	x30,x17,x18	 x17:0xebba0640 x18:0x00000000 x30=0x00000000
     208155.000 ns	     20814	8000470c	0266e233	rem	x4,x13,x6	 x13:0x00000003  x6:0xaaaaaeff  x4=0x00000003
     208525.000 ns	     20851	80004710	02a85ab3	divu	x21,x16,x10	 x16:0xffffffff x10:0xd8d3a6c8 x21=0x00000001
     208555.000 ns	     20854	80004714	c0084653	fcvt.w.s	x12,f16	 f16:0x00000047 x12=0x00000000
     208575.000 ns	     20856	80004718	004782b3	add	x5,x15,x4	 x15:0x80040fe4  x4:0x00000003  x5=0x80040fe7
     208585.000 ns	     20857	8000471c	41130c33	sub	x24,x6,x17	  x6:0xaaaaaeff x17:0xebba0640 x24=0xbef0a8bf
     208595.000 ns	     20858	80004720	014a3133	sltu	x2,x20,x20	 x20:0x80041024 x20:0x80041024  x2=0x00000000
     208615.000 ns	     20860	80004724	206909d3	fsgnj.s	f19,f18,f6	 f18:0x7fc00000  f6:0x7fc00000 f19=0x7fc00000
     208635.000 ns	     20862	80004728	00000013	addi	x0,x0,0	  x0:0x00000000
     208645.000 ns	     20863	8000472c	008af533	and	x10,x21,x8	 x21:0x00000001  x8:0x9076d192 x10=0x00000000
     208675.000 ns	     20866	80004730	116bc7d3	fmul.s	f15,f23,f22	 f23:0x80000047 f22:0x80000000 f15=0x00000000
     208705.000 ns	     20869	80004734	e0001cd3	fclass.s	x25,f0	  f0:0x00000047 x25=0x00000020
     208725.000 ns	     20871	80004738	0042d893	srli	x17,x5,0x4	  x5:0x80040fe7 x17=0x080040fe
     208735.000 ns	     20872	8000473c	05e0f893	andi	x17,x1,94	  x1:0x00000000 x17=0x00000000
     208755.000 ns	     20874	80004740	283b0a53	fmin.s	f20,f22,f3	 f22:0x80000000  f3:0xb0800000 f20=0xb0800000
     208785.000 ns	     20877	80004744	a0bc1553	flt.s	x10,f24,f11	 f24:0x5c8d82b8 f11:0x0aaaaaf5 x10=0x00000000
     208815.000 ns	     20880	80004748	d0197cd3	fcvt.s.wu	f25,x18	 x18:0x00000000 f25=0x00000000
     208835.000 ns	     20882	8000474c	00581e93	slli	x29,x16,0x5	 x16:0xffffffff x29=0xffffffe0
     208855.000 ns	     20884	80004750	a0c7a953	feq.s	x18,f15,f12	 f15:0x00000000 f12:0xffc00000 x18=0x00000000
     208885.000 ns	     20887	80004754	29cf9353	fmax.s	f6,f31,f28	 f31:0x151cfd03 f28:0x7fc00000  f6=0x151cfd03
     209255.000 ns	     20924	80004758	0243d933	divu	x18,x7,x4	  x7:0xcd879f0e  x4:0x00000003 x18=0x44828a5a
     209275.000 ns	     20926	8000475c	01907733	and	x14,x0,x25	  x0:0x00000000 x25:0x00000020 x14=0x00000000
     209285.000 ns	     20927	80004760	40dad433	sra	x8,x21,x13	 x21:0x00000001 x13:0x00000003  x8=0x00000000
     209305.000 ns	     20929	80004764	d0187c53	fcvt.s.wu	f24,x16	 x16:0xffffffff f24=0x4f7fffff
     209325.000 ns	     20931	80004768	d2112817	auipc	x16,0xd2112	 x16=0x52116768
     209345.000 ns	     20933	8000476c	02a0b8b3	mulhu	x17,x1,x10	  x1:0x00000000 x10:0x00000000 x17=0x00000000
     209375.000 ns	     20936	80004770	c014fbd3	fcvt.wu.s	x23,f9	  f9:0x00000000 x23=0x00000000
     209405.000 ns	     20939	80004774	a0c59553	flt.s	x10,f11,f12	 f11:0x0aaaaaf5 f12:0xffc00000 x10=0x00000000
     209425.000 ns	     20941	80004778	40385813	srai	x16,x16,0x3	 x16:0x52116768 x16=0x0a422ced
     209785.000 ns	     20977	8000477c	0395ceb3	div	x29,x11,x25	 x11:0x80000000 x25:0x00000020 x29=0xfc000000
     209815.000 ns	     20980	80004780	e0018fd3	fmv.x.w	x31,f3	  f3:0xb0800000 x31=0xb0800000
     209835.000 ns	     20982	80004784	01662bb3	slt	x23,x12,x22	 x12:0x00000000 x22:0x00000001 x23=0x00000001
     209845.000 ns	     20983	80004788	00565213	srli	x4,x12,0x5	 x12:0x00000000  x4=0x00000000
     209865.000 ns	     20985	8000478c	2028af53	fsgnjx.s	f30,f17,f2	 f17:0xffffffff  f2:0x00000000 f30=0xffffffff
     209915.000 ns	     20990	80004790	0028fdd3	fadd.s	f27,f17,f2	 f17:0xffffffff  f2:0x00000000 f27=0x7fc00000
     209935.000 ns	     20992	80004794	9de68a97	auipc	x21,0x9de68	 x21=0x1de6c794
     209945.000 ns	     20993	80004798	20ad0193	addi	x3,x26,522	 x26:0x00000000  x3=0x0000020a
     211115.000 ns	     21110	8000479c	5806fed3	fsqrt.s	f29,f13	 f13:0x151cfd03 f29=0x29de0340
     211135.000 ns	     21112	800047a0	00abf4b3	and	x9,x23,x10	 x23:0x00000001 x10:0x00000000  x9=0x00000000
     211155.000 ns	     21114	800047a4	d00e84d3	fcvt.s.w	f9,x29	 x29:0xfc000000  f9=0xcc800000
     211175.000 ns	     21116	800047a8	08868d13	addi	x26,x13,136	 x13:0x00000003 x26=0x0000008b
     211205.000 ns	     21119	800047ac	18caf6d3	fdiv.s	f13,f21,f12	 f21:0x80041024 f12:0xffc00000 f13=0x7fc00000
     211225.000 ns	     21121	800047b0	00fd5033	srl	x0,x26,x15	 x26:0x00000000 x15:0x80040fe4
     211255.000 ns	     21124	800047b4	10ed7fd3	fmul.s	f31,f26,f14	 f26:0x00000047 f14:0xffffffff f31=0x7fc00000
     211275.000 ns	     21126	800047b8	925ea213	slti	x4,x29,-1755	 x29:0xfc000000  x4=0x00000001
     211285.000 ns	     21127	800047bc	014d80b3	add	x1,x27,x20	 x27:0xe9ace5d4 x20:0x80041024  x1=0x69b0f5f8
     211305.000 ns	     21129	800047c0	21c1af53	fsgnjx.s	f30,f3,f28	  f3:0xb0800000 f28:0x7fc00000 f30=0xb0800000
     211325.000 ns	     21131	800047c4	0148c9b3	xor	x19,x17,x20	 x17:0x00000000 x20:0x80041024 x19=0x80041024
     211335.000 ns	     21132	800047c8	ba7a2493	slti	x9,x20,-1113	 x20:0x80041024  x9=0x00000001
     211345.000 ns	     21133	800047cc	400b5613	srai	x12,x22,0x0	 x22:0x00000001 x12=0x00000001
     211365.000 ns	     21135	800047d0	d01ea053	fcvt.s.wu	f0,x29	 x29:0xfc000000  f0=0x4f7c0000
     211415.000 ns	     21140	800047d4	0950ffd3	fsub.s	f31,f1,f21	  f1:0x80041024 f21:0x80041024 f31=0x00000000
     211435.000 ns	     21142	800047d8	01e73633	sltu	x12,x14,x30	 x14:0x00000000 x30:0x00000000 x12=0x00000000
     211455.000 ns	     21144	800047dc	c01c3453	fcvt.wu.s	x8,f24	 f24:0x4f7fffff  x8=0xffffff00
     211485.000 ns	     21147	800047e0	a0a92bd3	feq.s	x23,f18,f10	 f18:0x7fc00000 f10:0x00000000 x23=0x00000000
     211855.000 ns	     21184	800047e4	03a7fe33	remu	x28,x15,x26	 x15:0x80040fe4 x26:0x0000008b x28=0x00000075
     212225.000 ns	     21221	800047e8	03ade2b3	rem	x5,x27,x26	 x27:0xe9ace5d4 x26:0x0000008b  x5=0xffffff81
     212245.000 ns	     21223	800047ec	00b7ecb3	or	x25,x15,x11	 x15:0x80040fe4 x11:0x80000000 x25=0x80040fe4
     212265.000 ns	     21225	800047f0	21cb1353	fsgnjn.s	f6,f22,f28	 f22:0x80000000 f28:0x7fc00000  f6=0x80000000
     212295.000 ns	     21228	800047f4	d019b253	fcvt.s.wu	f4,x19	 x19:0x80041024  f4=0x4f000411
     212325.000 ns	     21231	800047f8	c004f8d3	fcvt.w.s	x17,f9	  f9:0xcc800000 x17=0x04000000
     212345.000 ns	     21233	800047fc	016f5133	srl	x2,x30,x22	 x30:0x00000000 x22:0x00000001  x2=0x00000000
     212365.000 ns	     21235	80004800	a05fa753	feq.s	x14,f31,f5	 f31:0x00000000  f5:0x00000000 x14=0x00000001
     212395.000 ns	     21238	80004804	d0157353	fcvt.s.wu	f6,x10	 x10:0x00000000  f6=0x00000000
     212425.000 ns	     21241	80004808	209896d3	fsgnjn.s	f13,f17,f9	 f17:0xffffffff  f9:0xcc800000 f13=0x7fffffff
     212445.000 ns	     21243	8000480c	a2988c93	addi	x25,x17,-1495	 x17:0x04000000 x25=0x03fffa29
     212465.000 ns	     21245	80004810	28b31f53	fmax.s	f30,f6,f11	  f6:0x00000000 f11:0x0aaaaaf5 f30=0x0aaaaaf5
     212485.000 ns	     21247	80004814	0183dc33	srl	x24,x7,x24	  x7:0xcd879f0e x24:0xbef0a8bf x24=0x00000001
     212495.000 ns	     21248	80004818	00ea4933	xor	x18,x20,x14	 x20:0x80041024 x14:0x00000001 x18=0x80041025
     212515.000 ns	     21250	8000481c	03d01133	mulh	x2,x0,x29	  x0:0x00000000 x29:0xfc000000  x2=0x00000000
     212545.000 ns	     21253	80004820	03e17933	remu	x18,x2,x30	  x2:0x00000000 x30:0x00000000 x18=0x00000000
     212565.000 ns	     21255	80004824	00000013	addi	x0,x0,0	  x0:0x00000000
     212575.000 ns	     21256	80004828	96dee093	ori	x1,x29,-1683	 x29:0xfc000000  x1=0xfffff96d
     212595.000 ns	     21258	8000482c	a13e03d3	fle.s	x7,f28,f19	 f28:0x7fc00000 f19:0x7fc00000  x7=0x00000000
     212615.000 ns	     21260	80004830	3069fd93	andi	x27,x19,774	 x19:0x80041024 x27=0x00000004
     212625.000 ns	     21261	80004834	00e71913	slli	x18,x14,0xe	 x14:0x00000001 x18=0x00004000
     212635.000 ns	     21262	80004838	00fb1d13	slli	x26,x22,0xf	 x22:0x00000001 x26=0x00008000
     212645.000 ns	     21263	8000483c	40afdb93	srai	x23,x31,0xa	 x31:0xb0800000 x23=0xffec2000
     212655.000 ns	     21264	80004840	00aef113	andi	x2,x29,10	 x29:0xfc000000  x2=0x00000000
     212665.000 ns	     21265	80004844	01e11933	sll	x18,x2,x30	  x2:0x00000000 x30:0x00000000 x18=0x00000000
     212685.000 ns	     21267	80004848	e0038b53	fmv.x.w	x22,f7	  f7:0x4e51bb00 x22=0x4e51bb00
     212715.000 ns	     21270	8000484c	a03790d3	flt.s	x1,f15,f3	 f15:0x00000000  f3:0xb0800000  x1=0x00000000
     212735.000 ns	     21272	80004850	01f01933	sll	x18,x0,x31	  x0:0x00000000 x31:0xb0800000 x18=0x00000000
     212745.000 ns	     21273	80004854	0194eab3	or	x21,x9,x25	  x9:0x00000001 x25:0x03fffa29 x21=0x03fffa29
     212765.000 ns	     21275	80004858	02e9a9b3	mulhsu	x19,x19,x14	 x19:0x80041024 x14:0x00000001 x19=0xffffffff
     212795.000 ns	     21278	8000485c	d01501d3	fcvt.s.wu	f3,x10	 x10:0x00000000  f3=0x00000000
     212815.000 ns	     21280	80004860	5fa1a213	slti	x4,x3,1530	  x3:0x0000020a  x4=0x00000001
     212825.000 ns	     21281	80004864	018ffbb3	and	x23,x31,x24	 x31:0xb0800000 x24:0x00000001 x23=0x00000000
     212845.000 ns	     21283	80004868	a1c20ed3	fle.s	x29,f4,f28	  f4:0x4f000411 f28:0x7fc00000 x29=0x00000000
     212865.000 ns	     21285	8000486c	7b0ea913	slti	x18,x29,1968	 x29:0xfc000000 x18=0x00000001
     212885.000 ns	     21287	80004870	0346beb3	mulhu	x29,x13,x20	 x13:0x00000003 x20:0x80041024 x29=0x00000001
     212915.000 ns	     21290	80004874	a02b1053	flt.s	x0,f22,f2	 f22:0x80000000  f2:0x00000000
     212935.000 ns	     21292	80004878	41d4dbb3	sra	x23,x9,x29	  x9:0x00000001 x29:0x00000001 x23=0x00000000
     212945.000 ns	     21293	8000487c	00ed10b3	sll	x1,x26,x14	 x26:0x00008000 x14:0x00000001  x1=0x00010000
     212955.000 ns	     21294	80004880	286b7b93	andi	x23,x22,646	 x22:0x4e51bb00 x23=0x00000200
     212965.000 ns	     21295	80004884	011aa833	slt	x16,x21,x17	 x21:0x03fffa29 x17:0x04000000 x16=0x00000001
     212985.000 ns	     21297	80004888	c01f2d53	fcvt.wu.s	x26,f30	 f30:0x0aaaaaf5 x26=0x00000000
     213025.000 ns	     21301	8000488c	182ea3d3	fdiv.s	f7,f29,f2	 f29:0x29de0340  f2:0x00000000  f7=0x7f800000
     213045.000 ns	     21303	80004890	01730e33	add	x28,x6,x23	  x6:0xaaaaaeff x23:0x00000200 x28=0xaaaab0ff
     213065.000 ns	     21305	80004894	a1c31bd3	flt.s	x23,f6,f28	  f6:0x00000000 f28:0x7fc00000 x23=0x00000000
     213085.000 ns	     21307	80004898	014fdc93	srli	x25,x31,0x14	 x31:0xb0800000 x25=0x00000b08
     213095.000 ns	     21308	8000489c	b1993237	lui	x4,0xb1993	  x4=0xb1993000
     213105.000 ns	     21309	800048a0	00f21093	slli	x1,x4,0xf	  x4:0x00000001  x1=0x98000000
     213125.000 ns	     21311	800048a4	d0177b53	fcvt.s.wu	f22,x14	 x14:0x00000001 f22=0x3f800000
     213165.000 ns	     21315	800048a8	19364a53	fdiv.s	f20,f12,f19	 f12:0xffc00000 f19:0x7fc00000 f20=0x7fc00000
     213195.000 ns	     21318	800048ac	e0099cd3	fclass.s	x25,f19	 f19:0x7fc00000 x25=0x00000200
     213215.000 ns	     21320	800048b0	005b5a93	srli	x21,x22,0x5	 x22:0x4e51bb00 x21=0x02728dd8
     213225.000 ns	     21321	800048b4	66865737	lui	x14,0x66865	 x14=0x66865000
     213235.000 ns	     21322	800048b8	003dd993	srli	x19,x27,0x3	 x27:0x00000004 x19=0x00000000
     213255.000 ns	     21324	800048bc	a1ae2053	feq.s	x0,f28,f26	 f28:0x7fc00000 f26:0x00000047
     214435.000 ns	     21442	800048c0	5805fed3	fsqrt.s	f29,f11	 f11:0x0aaaaaf5 f29=0x2493cd3a
     214455.000 ns	     21444	800048c4	4071d193	srai	x3,x3,0x7	  x3:0x0000020a  x3=0x00000004
     214475.000 ns	     21446	800048c8	a07eacd3	feq.s	x25,f29,f7	 f29:0x2493cd3a  f7:0x7f800000 x25=0x00000000
     214505.000 ns	     21449	800048cc	03e7bb33	mulhu	x22,x15,x30	 x15:0x80040fe4 x30:0x00000000 x22=0x00000000
     214525.000 ns	     21451	800048d0	50c99837	lui	x16,0x50c99	 x16=0x50c99000
     214535.000 ns	     21452	800048d4	00874db3	xor	x27,x14,x8	 x14:0x66865000  x8:0xffffff00 x27=0x9979af00
     214545.000 ns	     21453	800048d8	00e0f8b3	and	x17,x1,x14	  x1:0x98000000 x14:0x66865000 x17=0x00000000
     214585.000 ns	     21457	800048dc	0023c853	fadd.s	f16,f7,f2	  f7:0x7f800000  f2:0x00000000 f16=0x7f800000
     214605.000 ns	     21459	800048e0	c3b63193	sltiu	x3,x12,-965	 x12:0x00000000  x3=0x00000001
     214625.000 ns	     21461	800048e4	204596d3	fsgnjn.s	f13,f11,f4	 f11:0x0aaaaaf5  f4:0x4f000411 f13=0x8aaaaaf5
     214645.000 ns	     21463	800048e8	e4e73997	auipc	x19,0xe4e73	 x19=0x64e778e8
     214655.000 ns	     21464	800048ec	01a55813	srli	x16,x10,0x1a	 x10:0x00000000 x16=0x00000000
     214665.000 ns	     21465	800048f0	0012f833	and	x16,x5,x1	  x5:0xffffff81  x1:0x98000000 x16=0x98000000
     214685.000 ns	     21467	800048f4	20221cd3	fsgnjn.s	f25,f4,f2	  f4:0x4f000411  f2:0x00000000 f25=0xcf000411
     214705.000 ns	     21469	800048f8	00000013	addi	x0,x0,0	  x0:0x00000000
     214725.000 ns	     21471	800048fc	f00007d3	fmv.w.x	f15,x0	  x0:0x00000000 f15=0x00000000
     214755.000 ns	     21474	80004900	20dd17d3	fsgnjn.s	f15,f26,f13	 f26:0x00000047 f13:0x8aaaaaf5 f15=0x00000047
     214785.000 ns	     21477	80004904	02f10833	mul	x16,x2,x15	  x2:0x00000000 x15:0x80040fe4 x16=0x00000000
     214815.000 ns	     21480	80004908	022a4c33	div	x24,x20,x2	 x20:0x80041024  x2:0x00000000 x24=0xffffffff
     214835.000 ns	     21482	8000490c	e545aa93	slti	x21,x11,-428	 x11:0x80000000 x21=0x00000001
     214855.000 ns	     21484	80004910	209a1353	fsgnjn.s	f6,f20,f9	 f20:0x7fc00000  f9:0xcc800000  f6=0x7fc00000
     214875.000 ns	     21486	80004914	007be4b3	or	x9,x23,x7	 x23:0x00000000  x7:0x00000000  x9=0x00000000
     214895.000 ns	     21488	80004918	214d1ad3	fsgnjn.s	f21,f26,f20	 f26:0x00000047 f20:0x7fc00000 f21=0x80000047
     214915.000 ns	     21490	8000491c	00000013	addi	x0,x0,0	  x0:0x00000000
     214935.000 ns	     21492	80004920	d019fbd3	fcvt.s.wu	f23,x19	 x19:0x64e778e8 f23=0x4ec9cef1
     214965.000 ns	     21495	80004924	a04e19d3	flt.s	x19,f28,f4	 f28:0x7fc00000  f4:0x4f000411 x19=0x00000000
     214985.000 ns	     21497	80004928	9c30c817	auipc	x16,0x9c30c	 x16=0x1c310928
     214995.000 ns	     21498	8000492c	b9d67813	andi	x16,x12,-1123	 x12:0x00000000 x16=0x00000000
     215015.000 ns	     21500	80004930	c019be53	fcvt.wu.s	x28,f19	 f19:0x7fc00000 x28=0xffffffff
     215045.000 ns	     21503	80004934	a1450dd3	fle.s	x27,f10,f20	 f10:0x00000000 f20:0x7fc00000 x27=0x00000000
     215085.000 ns	     21507	80004938	580e7f53	fsqrt.s	f30,f28	 f28:0x7fc00000 f30=0x7fc00000
     215105.000 ns	     21509	8000493c	009c6733	or	x14,x24,x9	 x24:0xffffffff  x9:0x00000000 x14=0xffffffff
     215115.000 ns	     21510	80004940	00066733	or	x14,x12,x0	 x12:0x00000000  x0:0x00000000 x14=0x00000000
     215145.000 ns	     21513	80004944	18a331d3	fdiv.s	f3,f6,f10	  f6:0x7fc00000 f10:0x00000000  f3=0x7fc00000
     215195.000 ns	     21518	80004948	00b71ad3	fadd.s	f21,f14,f11	 f14:0xffffffff f11:0x0aaaaaf5 f21=0x7fc00000
     215235.000 ns	     21522	8000494c	10c5bcd3	fmul.s	f25,f11,f12	 f11:0x0aaaaaf5 f12:0xffc00000 f25=0x7fc00000
     215265.000 ns	     21525	80004950	d008acd3	fcvt.s.w	f25,x17	 x17:0x00000000 f25=0x00000000
     215305.000 ns	     21529	80004954	18617ed3	fdiv.s	f29,f2,f6	  f2:0x00000000  f6:0x7fc00000 f29=0x7fc00000
     215325.000 ns	     21531	80004958	003b2833	slt	x16,x22,x3	 x22:0x00000000  x3:0x00000001 x16=0x00000001
     215345.000 ns	     21533	8000495c	29140e53	fmin.s	f28,f8,f17	  f8:0x4e51bb00 f17:0xffffffff f28=0x4e51bb00
     215365.000 ns	     21535	80004960	99818f93	addi	x31,x3,-1640	  x3:0x00000001 x31=0xfffff999
     215375.000 ns	     21536	80004964	008e5233	srl	x4,x28,x8	 x28:0xffffffff  x8:0xffffff00  x4=0xffffffff
     215385.000 ns	     21537	80004968	00000013	addi	x0,x0,0	  x0:0x00000000
     215395.000 ns	     21538	8000496c	00000013	addi	x0,x0,0	  x0:0x00000000
     215405.000 ns	     21539	80004970	00000013	addi	x0,x0,0	  x0:0x00000000
     215765.000 ns	     21575	80004974	026df4b3	remu	x9,x27,x6	 x27:0x00000000  x6:0xaaaaaeff  x9=0x00000000
     216135.000 ns	     21612	80004978	0354e633	rem	x12,x9,x21	  x9:0x00000000 x21:0x00000001 x12=0x00000000
     216165.000 ns	     21615	8000497c	c001a653	fcvt.w.s	x12,f3	  f3:0x7fc00000 x12=0x7fffffff
     216185.000 ns	     21617	80004980	3cdace93	xori	x29,x21,973	 x21:0x00000001 x29=0x000003cc
     216195.000 ns	     21618	80004984	1f8fc613	xori	x12,x31,504	 x31:0xfffff999 x12=0xfffff861
     216555.000 ns	     21654	80004988	030f5bb3	divu	x23,x30,x16	 x30:0x00000000 x16:0x00000001 x23=0x00000000
     216575.000 ns	     21656	8000498c	40afdcb3	sra	x25,x31,x10	 x31:0xfffff999 x10:0x00000000 x25=0xfffff999
     216595.000 ns	     21658	80004990	c00931d3	fcvt.w.s	x3,f18	 f18:0x7fc00000  x3=0x7fffffff
     216625.000 ns	     21661	80004994	a0f59253	flt.s	x4,f11,f15	 f11:0x0aaaaaf5 f15:0x00000047  x4=0x00000000
     216645.000 ns	     21663	80004998	41e8d333	sra	x6,x17,x30	 x17:0x00000000 x30:0x00000000  x6=0x00000000
     216665.000 ns	     21665	8000499c	02e0b3b3	mulhu	x7,x1,x14	  x1:0x98000000 x14:0x00000000  x7=0x00000000
     216685.000 ns	     21667	800049a0	0019b8b3	sltu	x17,x19,x1	 x19:0x00000000  x1:0x98000000 x17=0x00000001
     216705.000 ns	     21669	800049a4	02cc2533	mulhsu	x10,x24,x12	 x24:0xffffffff x12:0xfffff861 x10=0xffffffff
     217075.000 ns	     21706	800049a8	02b96333	rem	x6,x18,x11	 x18:0x00000001 x11:0x80000000  x6=0x00000001
     217095.000 ns	     21708	800049ac	00c89d93	slli	x27,x17,0xc	 x17:0x00000001 x27=0x00001000
     217135.000 ns	     21712	800049b0	09229653	fsub.s	f12,f5,f18	  f5:0x00000000 f18:0x7fc00000 f12=0x7fc00000
     217155.000 ns	     21714	800049b4	411b5f93	srai	x31,x22,0x11	 x22:0x00000000 x31=0x00000000
     217185.000 ns	     21717	800049b8	580831d3	fsqrt.s	f3,f16	 f16:0x7f800000  f3=0x7f800000
     217215.000 ns	     21720	800049bc	03142f33	mulhsu	x30,x8,x17	  x8:0xffffff00 x17:0x00000001 x30=0xffffffff
     217235.000 ns	     21722	800049c0	00a81f33	sll	x30,x16,x10	 x16:0x00000001 x10:0xffffffff x30=0x80000000
     217255.000 ns	     21724	800049c4	022d1eb3	mulh	x29,x26,x2	 x26:0x00000000  x2:0x00000000 x29=0x00000000
     217285.000 ns	     21727	800049c8	202183d3	fsgnj.s	f7,f3,f2	  f3:0x7f800000  f2:0x00000000  f7=0x7f800000
     217325.000 ns	     21731	800049cc	18977153	fdiv.s	f2,f14,f9	 f14:0xffffffff  f9:0xcc800000  f2=0x7fc00000
     217345.000 ns	     21733	800049d0	003493b3	sll	x7,x9,x3	  x9:0x00000000  x3:0x7fffffff  x7=0x00000000
     217365.000 ns	     21735	800049d4	21d92c53	fsgnjx.s	f24,f18,f29	 f18:0x7fc00000 f29:0x7fc00000 f24=0x7fc00000
     217395.000 ns	     21738	800049d8	02d0a5b3	mulhsu	x11,x1,x13	  x1:0x98000000 x13:0x00000003 x11=0xfffffffe
     217425.000 ns	     21741	800049dc	e0019d53	fclass.s	x26,f3	  f3:0x7f800000 x26=0x00000080
     217445.000 ns	     21743	800049e0	e9323313	sltiu	x6,x4,-365	  x4:0x00000000  x6=0x00000001
     217465.000 ns	     21745	800049e4	f00a8cd3	fmv.w.x	f25,x21	 x21:0x00000001 f25=0x00000001
     217495.000 ns	     21748	800049e8	03f97933	remu	x18,x18,x31	 x18:0x00000001 x31:0x00000000 x18=0x00000001
     217525.000 ns	     21751	800049ec	c0010c53	fcvt.w.s	x24,f2	  f2:0x7fc00000 x24=0x7fffffff
     217545.000 ns	     21753	800049f0	9d8271b7	lui	x3,0x9d827	  x3=0x9d827000
     217555.000 ns	     21754	800049f4	871b4393	xori	x7,x22,-1935	 x22:0x00000000  x7=0xfffff871
     217575.000 ns	     21756	800049f8	284c1c53	fmax.s	f24,f24,f4	 f24:0x7fc00000  f4:0x4f000411 f24=0x4f000411
     217595.000 ns	     21758	800049fc	01132bb3	slt	x23,x6,x17	  x6:0x00000001 x17:0x00000001 x23=0x00000000
     217615.000 ns	     21760	80004a00	a0a00e53	fle.s	x28,f0,f10	  f0:0x4f7c0000 f10:0x00000000 x28=0x00000000
     217635.000 ns	     21762	80004a04	40105593	srai	x11,x0,0x1	  x0:0x00000000 x11=0x00000000
     217675.000 ns	     21766	80004a08	098e37d3	fsub.s	f15,f28,f24	 f28:0x4e51bb00 f24:0x4f000411 f15=0xce972aa2
     217705.000 ns	     21769	80004a0c	02cc2cb3	mulhsu	x25,x24,x12	 x24:0x7fffffff x12:0xfffff861 x25=0x7ffffc2f
     217735.000 ns	     21772	80004a10	216c1053	fsgnjn.s	f0,f24,f22	 f24:0x4f000411 f22:0x3f800000  f0=0xcf000411
     217755.000 ns	     21774	80004a14	006123b3	slt	x7,x2,x6	  x2:0x00000000  x6:0x00000001  x7=0x00000001
     217775.000 ns	     21776	80004a18	e00d1f53	fclass.s	x30,f26	 f26:0x00000047 x30=0x00000020
     217795.000 ns	     21778	80004a1c	00ee12b3	sll	x5,x28,x14	 x28:0x00000000 x14:0x00000000  x5=0x00000000
     217815.000 ns	     21780	80004a20	028ba833	mulhsu	x16,x23,x8	 x23:0x00000000  x8:0xffffff00 x16=0x00000000
     217835.000 ns	     21782	80004a24	41cfd733	sra	x14,x31,x28	 x31:0x00000000 x28:0x00000000 x14=0x00000000
     217855.000 ns	     21784	80004a28	216aa3d3	fsgnjx.s	f7,f21,f22	 f21:0x7fc00000 f22:0x3f800000  f7=0x7fc00000
     217885.000 ns	     21787	80004a2c	a08aa353	feq.s	x6,f21,f8	 f21:0x7fc00000  f8:0x4e51bb00  x6=0x00000000
     217905.000 ns	     21789	80004a30	006c52b3	srl	x5,x24,x6	 x24:0x7fffffff  x6:0x00000001  x5=0x7fffffff
     217925.000 ns	     21791	80004a34	20aaa8d3	fsgnjx.s	f17,f21,f10	 f21:0x7fc00000 f10:0x00000000 f17=0x7fc00000
     217955.000 ns	     21794	80004a38	e00e9b53	fclass.s	x22,f29	 f29:0x7fc00000 x22=0x00000200
     217975.000 ns	     21796	80004a3c	b428e493	ori	x9,x17,-1214	 x17:0x00000001  x9=0xfffffb43
     217985.000 ns	     21797	80004a40	01a1bf33	sltu	x30,x3,x26	  x3:0x9d827000 x26:0x00000080 x30=0x00000000
     217995.000 ns	     21798	80004a44	011f51b3	srl	x3,x30,x17	 x30:0x00000020 x17:0x00000001  x3=0x00000000
     218005.000 ns	     21799	80004a48	011efe33	and	x28,x29,x17	 x29:0x00000000 x17:0x00000001 x28=0x00000000
     218025.000 ns	     21801	80004a4c	03daf8b3	remu	x17,x21,x29	 x21:0x00000001 x29:0x00000000 x17=0x00000001
     218045.000 ns	     21803	80004a50	00091133	sll	x2,x18,x0	 x18:0x00000001  x0:0x00000000  x2=0x00000001
     218065.000 ns	     21805	80004a54	0339adb3	mulhsu	x27,x19,x19	 x19:0x00000000 x19:0x00000000 x27=0x00000000
     218095.000 ns	     21808	80004a58	e0011cd3	fclass.s	x25,f2	  f2:0x7fc00000 x25=0x00000200
     218115.000 ns	     21810	80004a5c	00b645b3	xor	x11,x12,x11	 x12:0xfffff861 x11:0x00000000 x11=0xfffff861
     218125.000 ns	     21811	80004a60	01541313	slli	x6,x8,0x15	  x8:0xffffff00  x6=0xe0000000
     218145.000 ns	     21813	80004a64	a1b324d3	feq.s	x9,f6,f27	  f6:0x7fc00000 f27:0x7fc00000  x9=0x00000000
     218175.000 ns	     21816	80004a68	038b91b3	mulh	x3,x23,x24	 x23:0x00000000 x24:0x7fffffff  x3=0x00000000
     218225.000 ns	     21821	80004a6c	01b0f153	fadd.s	f2,f1,f27	  f1:0x80041024 f27:0x7fc00000  f2=0x7fc00000
     218245.000 ns	     21823	80004a70	003bf9b3	and	x19,x23,x3	 x23:0x00000000  x3:0x00000000 x19=0x00000000
     218265.000 ns	     21825	80004a74	03969fb3	mulh	x31,x13,x25	 x13:0x00000003 x25:0x00000200 x31=0x00000000
     218285.000 ns	     21827	80004a78	01c985b3	add	x11,x19,x28	 x19:0x00000000 x28:0x00000000 x11=0x00000000
     218295.000 ns	     21828	80004a7c	6de3bb93	sltiu	x23,x7,1758	  x7:0x00000001 x23=0x00000001
     218305.000 ns	     21829	80004a80	405755b3	sra	x11,x14,x5	 x14:0x00000000  x5:0x7fffffff x11=0x00000000
     218315.000 ns	     21830	80004a84	01d82633	slt	x12,x16,x29	 x16:0x00000000 x29:0x00000000 x12=0x00000000
     218325.000 ns	     21831	80004a88	0031ce33	xor	x28,x3,x3	  x3:0x00000000  x3:0x00000000 x28=0x00000000
     218345.000 ns	     21833	80004a8c	20fe07d3	fsgnj.s	f15,f28,f15	 f28:0x4e51bb00 f15:0xce972aa2 f15=0xce51bb00
     218365.000 ns	     21835	80004a90	011143b3	xor	x7,x2,x17	  x2:0x00000001 x17:0x00000001  x7=0x00000000
     218385.000 ns	     21837	80004a94	281188d3	fmin.s	f17,f3,f1	  f3:0x7f800000  f1:0x80041024 f17=0x80041024
     218405.000 ns	     21839	80004a98	008cfdb3	and	x27,x25,x8	 x25:0x00000200  x8:0xffffff00 x27=0x00000200
     218425.000 ns	     21841	80004a9c	03cd8633	mul	x12,x27,x28	 x27:0x00000000 x28:0x00000000 x12=0x00000000
     218455.000 ns	     21844	80004aa0	02b52233	mulhsu	x4,x10,x11	 x10:0xffffffff x11:0x00000000  x4=0x00000000
     218475.000 ns	     21846	80004aa4	0116f533	and	x10,x13,x17	 x13:0x00000003 x17:0x00000001 x10=0x00000001
     218485.000 ns	     21847	80004aa8	01e628b3	slt	x17,x12,x30	 x12:0x00000000 x30:0x00000000 x17=0x00000000
     218495.000 ns	     21848	80004aac	769fec93	ori	x25,x31,1897	 x31:0x00000000 x25=0x00000769
     218515.000 ns	     21850	80004ab0	02b94d33	div	x26,x18,x11	 x18:0x00000001 x11:0x00000000 x26=0xffffffff
     218885.000 ns	     21887	80004ab4	032df5b3	remu	x11,x27,x18	 x27:0x00000200 x18:0x00000001 x11=0x00000000
     218905.000 ns	     21889	80004ab8	be1bcf93	xori	x31,x23,-1055	 x23:0x00000001 x31=0xfffffbe0
     219235.000 ns	     21922	80004abc	18dc0ad3	fdiv.s	f21,f24,f13	 f24:0x4f000411 f13:0x8aaaaaf5 f21=0xff800000
     219285.000 ns	     21927	80004ac0	0836a253	fsub.s	f4,f13,f3	 f13:0x8aaaaaf5  f3:0x7f800000  f4=0xff800000
     219315.000 ns	     21930	80004ac4	f00285d3	fmv.w.x	f11,x5	  x5:0x7fffffff f11=0x7fffffff
     219685.000 ns	     21967	80004ac8	035ecd33	div	x26,x29,x21	 x29:0x00000000 x21:0x00000001 x26=0x00000000
     219705.000 ns	     21969	80004acc	4021ddb3	sra	x27,x3,x2	  x3:0x00000000  x2:0x00000001 x27=0x00000000
     219725.000 ns	     21971	80004ad0	295b1ad3	fmax.s	f21,f22,f21	 f22:0x3f800000 f21:0xff800000 f21=0x3f800000
     219765.000 ns	     21975	80004ad4	580378d3	fsqrt.s	f17,f6	  f6:0x7fc00000 f17=0x7fc00000
     219785.000 ns	     21977	80004ad8	413a8f33	sub	x30,x21,x19	 x21:0x00000001 x19:0x00000000 x30=0x00000001
     219805.000 ns	     21979	80004adc	e00599d3	fclass.s	x19,f11	 f11:0x7fffffff x19=0x00000200
     219825.000 ns	     21981	80004ae0	01479c13	slli	x24,x15,0x14	 x15:0x80040fe4 x24=0xfe400000
     219835.000 ns	     21982	80004ae4	53f44f93	xori	x31,x8,1343	  x8:0xffffff00 x31=0xfffffa3f
     219845.000 ns	     21983	80004ae8	eb747513	andi	x10,x8,-329	  x8:0xffffff00 x10=0xfffffe00
     219865.000 ns	     21985	80004aec	038604b3	mul	x9,x12,x24	 x12:0x00000000 x24:0xfe400000  x9=0x00000000
     219885.000 ns	     21987	80004af0	419edb33	sra	x22,x29,x25	 x29:0x00000000 x25:0x00000769 x22=0x00000000
     219895.000 ns	     21988	80004af4	bbe3fe93	andi	x29,x7,-1090	  x7:0x00000000 x29=0x00000000
     219915.000 ns	     21990	80004af8	f0010453	fmv.w.x	f8,x2	  x2:0x00000001  f8=0x00000001
     219935.000 ns	     21992	80004afc	018e0ab3	add	x21,x28,x24	 x28:0x00000000 x24:0xfe400000 x21=0xfe400000
     219955.000 ns	     21994	80004b00	a1c399d3	flt.s	x19,f7,f28	  f7:0x7fc00000 f28:0x4e51bb00 x19=0x00000000
     220325.000 ns	     22031	80004b04	039ffeb3	remu	x29,x31,x25	 x31:0xfffffa3f x25:0x00000769 x29=0x00000174
     220345.000 ns	     22033	80004b08	00510b33	add	x22,x2,x5	  x2:0x00000001  x5:0x7fffffff x22=0x80000000
     220365.000 ns	     22035	80004b0c	027abeb3	mulhu	x29,x21,x7	 x21:0xfe400000  x7:0x00000000 x29=0x00000000
     220385.000 ns	     22037	80004b10	0073d393	srli	x7,x7,0x7	  x7:0x00000000  x7=0x00000000
     220415.000 ns	     22040	80004b14	18463953	fdiv.s	f18,f12,f4	 f12:0x7fc00000  f4:0xff800000 f18=0x7fc00000
     220445.000 ns	     22043	80004b18	c004f4d3	fcvt.w.s	x9,f9	  f9:0xcc800000  x9=0x04000000
     220465.000 ns	     22045	80004b1c	01eb1333	sll	x6,x22,x30	 x22:0x80000000 x30:0x00000001  x6=0x00000000
     220795.000 ns	     22078	80004b20	18fb08d3	fdiv.s	f17,f22,f15	 f22:0x3f800000 f15:0xce51bb00 f17=0xb0800000
     220825.000 ns	     22081	80004b24	e0019353	fclass.s	x6,f3	  f3:0x7f800000  x6=0x00000080
     220855.000 ns	     22084	80004b28	206ea0d3	fsgnjx.s	f1,f29,f6	 f29:0x7fc00000  f6:0x7fc00000  f1=0x7fc00000
     220875.000 ns	     22086	80004b2c	00734c33	xor	x24,x6,x7	  x6:0x00000080  x7:0x00000000 x24=0x00000080
     220885.000 ns	     22087	80004b30	00669d33	sll	x26,x13,x6	 x13:0x00000003  x6:0x00000080 x26=0x00000003
     220905.000 ns	     22089	80004b34	02688db3	mul	x27,x17,x6	 x17:0x00000000  x6:0x00000080 x27=0x00000000
     221275.000 ns	     22126	80004b38	03f4e2b3	rem	x5,x9,x31	  x9:0x04000000 x31:0xfffffa3f  x5=0x000001c9
     221295.000 ns	     22128	80004b3c	a48df113	andi	x2,x27,-1464	 x27:0x00000000  x2=0x00000000
     221305.000 ns	     22129	80004b40	a8a63397	auipc	x7,0xa8a63	  x7=0x28a67b40
     221325.000 ns	     22131	80004b44	d00573d3	fcvt.s.w	f7,x10	 x10:0xfffffe00  f7=0xc4000000
     221345.000 ns	     22133	80004b48	c8b22f93	slti	x31,x4,-885	  x4:0x00000000 x31=0x00000000
     221355.000 ns	     22134	80004b4c	00ecad33	slt	x26,x25,x14	 x25:0x00000769 x14:0x00000000 x26=0x00000000
     221375.000 ns	     22136	80004b50	026d1c33	mulh	x24,x26,x6	 x26:0x00000003  x6:0x00000080 x24=0x00000000
     221395.000 ns	     22138	80004b54	0144d213	srli	x4,x9,0x14	  x9:0x04000000  x4=0x00000040
     221425.000 ns	     22141	80004b58	195348d3	fdiv.s	f17,f6,f21	  f6:0x7fc00000 f21:0x3f800000 f17=0x7fc00000
     221455.000 ns	     22144	80004b5c	028c2033	mulhsu	x0,x24,x8	 x24:0x00000000  x8:0xffffff00
     221485.000 ns	     22147	80004b60	a02aa3d3	feq.s	x7,f21,f2	 f21:0x3f800000  f2:0x7fc00000  x7=0x00000000
     221505.000 ns	     22149	80004b64	4116d233	sra	x4,x13,x17	 x13:0x00000003 x17:0x00000000  x4=0x00000003
     221545.000 ns	     22153	80004b68	01b1aa53	fadd.s	f20,f3,f27	  f3:0x7f800000 f27:0x7fc00000 f20=0x7fc00000
     221595.000 ns	     22158	80004b6c	08119753	fsub.s	f14,f3,f1	  f3:0x7f800000  f1:0x7fc00000 f14=0x7fc00000
     221615.000 ns	     22160	80004b70	74724813	xori	x16,x4,1863	  x4:0x00000003 x16=0x00000744
     221625.000 ns	     22161	80004b74	0155f333	and	x6,x11,x21	 x11:0x00000000 x21:0xfe400000  x6=0x00000000
     221645.000 ns	     22163	80004b78	a194add3	feq.s	x27,f9,f25	  f9:0xcc800000 f25:0x00000001 x27=0x00000000
     221675.000 ns	     22166	80004b7c	a1fa0253	fle.s	x4,f20,f31	 f20:0x7fc00000 f31:0x00000000  x4=0x00000000
     221705.000 ns	     22169	80004b80	c01dfd53	fcvt.wu.s	x26,f27	 f27:0x7fc00000 x26=0xffffffff
     221735.000 ns	     22172	80004b84	02a03b33	mulhu	x22,x0,x10	  x0:0x00000000 x10:0xfffffe00 x22=0x00000000
     221765.000 ns	     22175	80004b88	039822b3	mulhsu	x5,x16,x25	 x16:0x00000744 x25:0x00000769  x5=0x00000000
     221795.000 ns	     22178	80004b8c	0310b0b3	mulhu	x1,x1,x17	  x1:0x98000000 x17:0x00000000  x1=0x00000000
     221815.000 ns	     22180	80004b90	a9493097	auipc	x1,0xa9493	  x1=0x29497b90
     221845.000 ns	     22183	80004b94	11ca2f53	fmul.s	f30,f20,f28	 f20:0x7fc00000 f28:0x4e51bb00 f30=0x7fc00000
     221875.000 ns	     22186	80004b98	20029fd3	fsgnjn.s	f31,f5,f0	  f5:0x00000000  f0:0xcf000411 f31=0x00000000
     221895.000 ns	     22188	80004b9c	01d45f33	srl	x30,x8,x29	  x8:0xffffff00 x29:0x00000000 x30=0xffffff00
     221905.000 ns	     22189	80004ba0	01eddf33	srl	x30,x27,x30	 x27:0x00000000 x30:0x00000001 x30=0x00000000
     221915.000 ns	     22190	80004ba4	e7167413	andi	x8,x12,-399	 x12:0x00000000  x8=0x00000000
     221935.000 ns	     22192	80004ba8	c018f353	fcvt.wu.s	x6,f17	 f17:0x7fc00000  x6=0xffffffff
     221955.000 ns	     22194	80004bac	0150d0b3	srl	x1,x1,x21	  x1:0x29497b90 x21:0xfe400000  x1=0x29497b90
     221965.000 ns	     22195	80004bb0	004122b3	slt	x5,x2,x4	  x2:0x00000000  x4:0x00000000  x5=0x00000000
     221985.000 ns	     22197	80004bb4	29cc87d3	fmin.s	f15,f25,f28	 f25:0x00000001 f28:0x4e51bb00 f15=0x00000001
     222005.000 ns	     22199	80004bb8	65ec3213	sltiu	x4,x24,1630	 x24:0x00000000  x4=0x00000001
     222025.000 ns	     22201	80004bbc	d01634d3	fcvt.s.wu	f9,x12	 x12:0x00000000  f9=0x00000000
     222045.000 ns	     22203	80004bc0	9a734b13	xori	x22,x6,-1625	  x6:0xffffffff x22=0x00000658
     222055.000 ns	     22204	80004bc4	0033e533	or	x10,x7,x3	  x7:0x00000000  x3:0x00000000 x10=0x00000000
     222065.000 ns	     22205	80004bc8	405350b3	sra	x1,x6,x5	  x6:0xffffffff  x5:0x00000000  x1=0xffffffff
     222085.000 ns	     22207	80004bcc	e00a1ed3	fclass.s	x29,f20	 f20:0x7fc00000 x29=0x00000200
     222125.000 ns	     22211	80004bd0	580fbc53	fsqrt.s	f24,f31	 f31:0x00000000 f24=0x00000000
     222155.000 ns	     22214	80004bd4	c00bfbd3	fcvt.w.s	x23,f23	 f23:0x4ec9cef1 x23=0x64e77880
     222175.000 ns	     22216	80004bd8	40b45193	srai	x3,x8,0xb	  x8:0x00000000  x3=0x00000000
     222185.000 ns	     22217	80004bdc	01ad5913	srli	x18,x26,0x1a	 x26:0xffffffff x18=0x0000003f
     222205.000 ns	     22219	80004be0	a08225d3	feq.s	x11,f4,f8	  f4:0xff800000  f8:0x00000001 x11=0x00000000
     222235.000 ns	     22222	80004be4	e00f8053	fmv.x.w	x0,f31	 f31:0x00000000
     222265.000 ns	     22225	80004be8	20891753	fsgnjn.s	f14,f18,f8	 f18:0x7fc00000  f8:0x00000001 f14=0xffc00000
     222285.000 ns	     22227	80004bec	00ce9e93	slli	x29,x29,0xc	 x29:0x00000200 x29=0x00200000
     222295.000 ns	     22228	80004bf0	c5592197	auipc	x3,0xc5592	  x3=0x45596bf0
     222305.000 ns	     22229	80004bf4	f006eb97	auipc	x23,0xf006e	 x23=0x70072bf4
     222315.000 ns	     22230	80004bf8	b8dcf3b7	lui	x7,0xb8dcf	  x7=0xb8dcf000
     222675.000 ns	     22266	80004bfc	034742b3	div	x5,x14,x20	 x14:0x00000000 x20:0x80041024  x5=0x00000000
     222695.000 ns	     22268	80004c00	6df58e13	addi	x28,x11,1759	 x11:0x00000000 x28=0x000006df
     222725.000 ns	     22271	80004c04	58051ad3	fsqrt.s	f21,f10	 f10:0x00000000 f21=0x00000000
     222755.000 ns	     22274	80004c08	a1ac1753	flt.s	x14,f24,f26	 f24:0x00000000 f26:0x00000047 x14=0x00000001
     222785.000 ns	     22277	80004c0c	21a12653	fsgnjx.s	f12,f2,f26	  f2:0x7fc00000 f26:0x00000047 f12=0x7fc00000
     222815.000 ns	     22280	80004c10	a1a80dd3	fle.s	x27,f16,f26	 f16:0x7f800000 f26:0x00000047 x27=0x00000000
     222835.000 ns	     22282	80004c14	aef59b17	auipc	x22,0xaef59	 x22=0x2ef5dc14
     222845.000 ns	     22283	80004c18	00e075b3	and	x11,x0,x14	  x0:0x00000000 x14:0x00000001 x11=0x00000000
     222855.000 ns	     22284	80004c1c	00000013	addi	x0,x0,0	  x0:0x00000000
     222865.000 ns	     22285	80004c20	01d5f533	and	x10,x11,x29	 x11:0x00000000 x29:0x00200000 x10=0x00000000
     222885.000 ns	     22287	80004c24	c0001ad3	fcvt.w.s	x21,f0	  f0:0xcf000411 x21=0x80000000
     222915.000 ns	     22290	80004c28	a0d22853	feq.s	x16,f4,f13	  f4:0xff800000 f13:0x8aaaaaf5 x16=0x00000000
     222935.000 ns	     22292	80004c2c	05c17437	lui	x8,0x5c17	  x8=0x05c17000
     222955.000 ns	     22294	80004c30	21b78953	fsgnj.s	f18,f15,f27	 f15:0x00000001 f27:0x7fc00000 f18=0x00000001
     222975.000 ns	     22296	80004c34	00e89233	sll	x4,x17,x14	 x17:0x00000000 x14:0x00000001  x4=0x00000000
     222985.000 ns	     22297	80004c38	9cd60a93	addi	x21,x12,-1587	 x12:0x00000000 x21=0xfffff9cd
     223015.000 ns	     22300	80004c3c	580aa9d3	fsqrt.s	f19,f21	 f21:0x00000000 f19=0x00000000
     223045.000 ns	     22303	80004c40	f0028ed3	fmv.w.x	f29,x5	  x5:0x00000000 f29=0x00000000
     223065.000 ns	     22305	80004c44	00a63d33	sltu	x26,x12,x10	 x12:0x00000000 x10:0x00000000 x26=0x00000000
     223085.000 ns	     22307	80004c48	20069853	fsgnjn.s	f16,f13,f0	 f13:0x8aaaaaf5  f0:0xcf000411 f16=0x0aaaaaf5
     223105.000 ns	     22309	80004c4c	66203493	sltiu	x9,x0,1634	  x0:0x00000000  x9=0x00000001
     223125.000 ns	     22311	80004c50	d00471d3	fcvt.s.w	f3,x8	  x8:0x05c17000  f3=0x4cb82e00
     223155.000 ns	     22314	80004c54	d010f653	fcvt.s.wu	f12,x1	  x1:0xffffffff f12=0x4f7fffff
     223185.000 ns	     22317	80004c58	02b5b233	mulhu	x4,x11,x11	 x11:0x00000000 x11:0x00000000  x4=0x00000000
     223205.000 ns	     22319	80004c5c	4097dd93	srai	x27,x15,0x9	 x15:0x80040fe4 x27=0xffc00207
     223215.000 ns	     22320	80004c60	007a1eb3	sll	x29,x20,x7	 x20:0x80041024  x7:0xb8dcf000 x29=0x80041024
     223575.000 ns	     22356	80004c64	03c1d033	divu	x0,x3,x28	  x3:0x45596bf0 x28:0x000006df
     223605.000 ns	     22359	80004c68	03c43633	mulhu	x12,x8,x28	  x8:0x05c17000 x28:0x000006df x12=0x00000027
     223635.000 ns	     22362	80004c6c	02a43fb3	mulhu	x31,x8,x10	  x8:0x05c17000 x10:0x00000000 x31=0x00000000
     223665.000 ns	     22365	80004c70	28dd1dd3	fmax.s	f27,f26,f13	 f26:0x00000047 f13:0x8aaaaaf5 f27=0x00000047
     223695.000 ns	     22368	80004c74	e0098b53	fmv.x.w	x22,f19	 f19:0x00000000 x22=0x00000000
     223745.000 ns	     22373	80004c78	00007553	fadd.s	f10,f0,f0	  f0:0xcf000411  f0:0xcf000411 f10=0xcf800411
     223765.000 ns	     22375	80004c7c	007aa8b3	slt	x17,x21,x7	 x21:0xfffff9cd  x7:0xb8dcf000 x17=0x00000000
     223785.000 ns	     22377	80004c80	d0053ad3	fcvt.s.w	f21,x10	 x10:0x00000000 f21=0x00000000
     223805.000 ns	     22379	80004c84	41c051b3	sra	x3,x0,x28	  x0:0x00000000 x28:0x000006df  x3=0x00000000
     223825.000 ns	     22381	80004c88	030ac433	div	x8,x21,x16	 x21:0xfffff9cd x16:0x00000000  x8=0xffffffff
     223845.000 ns	     22383	80004c8c	d0144393	xori	x7,x8,-767	  x8:0x05c17000  x7=0x000002fe
     223865.000 ns	     22385	80004c90	d004b6d3	fcvt.s.w	f13,x9	  x9:0x00000001 f13=0x3f800000
     223915.000 ns	     22390	80004c94	0814c8d3	fsub.s	f17,f9,f1	  f9:0x00000000  f1:0x7fc00000 f17=0x7fc00000
     223945.000 ns	     22393	80004c98	02addbb3	divu	x23,x27,x10	 x27:0xffc00207 x10:0x00000000 x23=0xffffffff
     223975.000 ns	     22396	80004c9c	03f189b3	mul	x19,x3,x31	  x3:0x00000000 x31:0x00000000 x19=0x00000000
     223995.000 ns	     22398	80004ca0	00941713	slli	x14,x8,0x9	  x8:0xffffffff x14=0xfffffe00
     224005.000 ns	     22399	80004ca4	00e115b3	sll	x11,x2,x14	  x2:0x00000000 x14:0x00000001 x11=0x00000000
     224015.000 ns	     22400	80004ca8	727bb013	sltiu	x0,x23,1831	 x23:0xffffffff
     224035.000 ns	     22402	80004cac	d0181453	fcvt.s.wu	f8,x16	 x16:0x00000000  f8=0x00000000
     224055.000 ns	     22404	80004cb0	00f0b733	sltu	x14,x1,x15	  x1:0xffffffff x15:0x80040fe4 x14=0x00000000
     224075.000 ns	     22406	80004cb4	a0550153	fle.s	x2,f10,f5	 f10:0xcf800411  f5:0x00000000  x2=0x00000001
     224105.000 ns	     22409	80004cb8	21788853	fsgnj.s	f16,f17,f23	 f17:0x7fc00000 f23:0x4ec9cef1 f16=0x7fc00000
     224475.000 ns	     22446	80004cbc	027ee133	rem	x2,x29,x7	 x29:0x80041024  x7:0x000002fe  x2=0xfffffd7e
     224505.000 ns	     22449	80004cc0	a08214d3	flt.s	x9,f4,f8	  f4:0xff800000  f8:0x00000000  x9=0x00000001
     224525.000 ns	     22451	80004cc4	969a6d13	ori	x26,x20,-1687	 x20:0x80041024 x26=0xfffff96d
     224545.000 ns	     22453	80004cc8	03268bb3	mul	x23,x13,x18	 x13:0x00000003 x18:0x0000003f x23=0x000000bd
     224575.000 ns	     22456	80004ccc	c00f7b53	fcvt.w.s	x22,f30	 f30:0x7fc00000 x22=0x7fffffff
     224605.000 ns	     22459	80004cd0	20821153	fsgnjn.s	f2,f4,f8	  f4:0xff800000  f8:0x00000000  f2=0xff800000
     224635.000 ns	     22462	80004cd4	035b8d33	mul	x26,x23,x21	 x23:0x000000bd x21:0xfffff9cd x26=0xfffb6c59
     224665.000 ns	     22465	80004cd8	0356bcb3	mulhu	x25,x13,x21	 x13:0x00000003 x21:0xfffff9cd x25=0x00000002
     224695.000 ns	     22468	80004cdc	025281b3	mul	x3,x5,x5	  x5:0x00000000  x5:0x00000000  x3=0x00000000
     224725.000 ns	     22471	80004ce0	03ca0fb3	mul	x31,x20,x28	 x20:0x80041024 x28:0x000006df x31=0x9beae75c
     224745.000 ns	     22473	80004ce4	40a98533	sub	x10,x19,x10	 x19:0x00000000 x10:0x00000000 x10=0x00000000
     224775.000 ns	     22476	80004ce8	185610d3	fdiv.s	f1,f12,f5	 f12:0x4f7fffff  f5:0x00000000  f1=0x7f800000
     224805.000 ns	     22479	80004cec	a05021d3	feq.s	x3,f0,f5	  f0:0xcf000411  f5:0x00000000  x3=0x00000000
     224825.000 ns	     22481	80004cf0	549bc893	xori	x17,x23,1353	 x23:0x000000bd x17=0x000005f4
     224845.000 ns	     22483	80004cf4	21c7a8d3	fsgnjx.s	f17,f15,f28	 f15:0x00000001 f28:0x4e51bb00 f17=0x00000001
     224865.000 ns	     22485	80004cf8	40f90d33	sub	x26,x18,x15	 x18:0x0000003f x15:0x80040fe4 x26=0x7ffbf05b
     224875.000 ns	     22486	80004cfc	00d8bf33	sltu	x30,x17,x13	 x17:0x000005f4 x13:0x00000003 x30=0x00000000
     224895.000 ns	     22488	80004d00	028b1fb3	mulh	x31,x22,x8	 x22:0x7fffffff  x8:0xffffffff x31=0xffffffff
     226075.000 ns	     22606	80004d04	5807a9d3	fsqrt.s	f19,f15	 f15:0x00000001 f19=0x1f350483
     226095.000 ns	     22608	80004d08	000a59b3	srl	x19,x20,x0	 x20:0x80041024  x0:0x00000000 x19=0x80041024
     226115.000 ns	     22610	80004d0c	a1c09453	flt.s	x8,f1,f28	  f1:0x7f800000 f28:0x4e51bb00  x8=0x00000000
     226145.000 ns	     22613	80004d10	02576833	rem	x16,x14,x5	 x14:0x00000000  x5:0x00000000 x16=0x00000000
     226175.000 ns	     22616	80004d14	a199a853	feq.s	x16,f19,f25	 f19:0x1f350483 f25:0x00000001 x16=0x00000000
     226195.000 ns	     22618	80004d18	001b5d13	srli	x26,x22,0x1	 x22:0x7fffffff x26=0x3fffffff
     226215.000 ns	     22620	80004d1c	213217d3	fsgnjn.s	f15,f4,f19	  f4:0xff800000 f19:0x1f350483 f15=0xff800000
     226245.000 ns	     22623	80004d20	03353fb3	mulhu	x31,x10,x19	 x10:0x00000000 x19:0x80041024 x31=0x00000000
     226265.000 ns	     22625	80004d24	00000013	addi	x0,x0,0	  x0:0x00000000
     226275.000 ns	     22626	80004d28	004a9fb3	sll	x31,x21,x4	 x21:0xfffff9cd  x4:0x00000000 x31=0xfffff9cd
     226295.000 ns	     22628	80004d2c	20688b53	fsgnj.s	f22,f17,f6	 f17:0x00000001  f6:0x7fc00000 f22=0x00000001
     226315.000 ns	     22630	80004d30	01820833	add	x16,x4,x24	  x4:0x00000000 x24:0x00000000 x16=0x00000000
     226345.000 ns	     22633	80004d34	110f7453	fmul.s	f8,f30,f16	 f30:0x7fc00000 f16:0x7fc00000  f8=0x7fc00000
     226375.000 ns	     22636	80004d38	e0051cd3	fclass.s	x25,f10	 f10:0xcf800411 x25=0x00000002
     226395.000 ns	     22638	80004d3c	e945c513	xori	x10,x11,-364	 x11:0x00000000 x10=0xfffffe94
     226405.000 ns	     22639	80004d40	d6d60293	addi	x5,x12,-659	 x12:0x00000027  x5=0xfffffd94
     226425.000 ns	     22641	80004d44	03758133	mul	x2,x11,x23	 x11:0x00000000 x23:0x000000bd  x2=0x00000000
     226475.000 ns	     22646	80004d48	0838cb53	fsub.s	f22,f17,f3	 f17:0x00000001  f3:0x4cb82e00 f22=0xccb82e00
     226495.000 ns	     22648	80004d4c	eea77113	andi	x2,x14,-278	 x14:0x00000000  x2=0x00000000
     226515.000 ns	     22650	80004d50	a19523d3	feq.s	x7,f10,f25	 f10:0xcf800411 f25:0x00000001  x7=0x00000000
     226565.000 ns	     22655	80004d54	092d1c53	fsub.s	f24,f26,f18	 f26:0x00000047 f18:0x00000001 f24=0x00000046
     226595.000 ns	     22658	80004d58	03b38333	mul	x6,x7,x27	  x7:0x00000000 x27:0xffc00207  x6=0x00000000
     226615.000 ns	     22660	80004d5c	40f05633	sra	x12,x0,x15	  x0:0x00000000 x15:0x80040fe4 x12=0x00000000
     226975.000 ns	     22696	80004d60	02925733	divu	x14,x4,x9	  x4:0x00000000  x9:0x00000001 x14=0x00000000
     226995.000 ns	     22698	80004d64	d6c62493	slti	x9,x12,-660	 x12:0x00000027  x9=0x00000000
     227015.000 ns	     22700	80004d68	d0198a53	fcvt.s.wu	f20,x19	 x19:0x80041024 f20=0x4f000410
     227045.000 ns	     22703	80004d6c	024785b3	mul	x11,x15,x4	 x15:0x80040fe4  x4:0x00000000 x11=0x00000000
     227065.000 ns	     22705	80004d70	01c403b3	add	x7,x8,x28	  x8:0x00000000 x28:0x000006df  x7=0x000006df
     227075.000 ns	     22706	80004d74	01ad10b3	sll	x1,x26,x26	 x26:0x3fffffff x26:0x3fffffff  x1=0x80000000
     227085.000 ns	     22707	80004d78	3892ef93	ori	x31,x5,905	  x5:0xfffffd94 x31=0xffffff9d
     227095.000 ns	     22708	80004d7c	7dfe7113	andi	x2,x28,2015	 x28:0x000006df  x2=0x000006df
     227115.000 ns	     22710	80004d80	027198b3	mulh	x17,x3,x7	  x3:0x00000000  x7:0x000006df x17=0x00000000
     227145.000 ns	     22713	80004d84	20e3a4d3	fsgnjx.s	f9,f7,f14	  f7:0xc4000000 f14:0xffc00000  f9=0x44000000
     227165.000 ns	     22715	80004d88	40d5d833	sra	x16,x11,x13	 x11:0x00000000 x13:0x00000003 x16=0x00000000
     227185.000 ns	     22717	80004d8c	28eb9553	fmax.s	f10,f23,f14	 f23:0x4ec9cef1 f14:0xffc00000 f10=0x4ec9cef1
     227215.000 ns	     22720	80004d90	0332a3b3	mulhsu	x7,x5,x19	  x5:0xfffffd94 x19:0x80041024  x7=0xfffffec9
     227245.000 ns	     22723	80004d94	21608e53	fsgnj.s	f28,f1,f22	  f1:0x7f800000 f22:0xccb82e00 f28=0xff800000
     227265.000 ns	     22725	80004d98	68c9ee93	ori	x29,x19,1676	 x19:0x80041024 x29=0x800416ac
     227275.000 ns	     22726	80004d9c	00000013	addi	x0,x0,0	  x0:0x00000000
     227285.000 ns	     22727	80004da0	01a530b3	sltu	x1,x10,x26	 x10:0xfffffe94 x26:0x3fffffff  x1=0x00000000
     227305.000 ns	     22729	80004da4	f0090a53	fmv.w.x	f20,x18	 x18:0x0000003f f20=0x0000003f
     227335.000 ns	     22732	80004da8	f00a0b53	fmv.w.x	f22,x20	 x20:0x80041024 f22=0x80041024
     227355.000 ns	     22734	80004dac	e1bf1317	auipc	x6,0xe1bf1	  x6=0x61bf5dac
     227375.000 ns	     22736	80004db0	e00b0753	fmv.x.w	x14,f22	 f22:0x80041024 x14=0x80041024
     227395.000 ns	     22738	80004db4	4198d993	srai	x19,x17,0x19	 x17:0x00000000 x19=0x00000000
     227725.000 ns	     22771	80004db8	19439353	fdiv.s	f6,f7,f20	  f7:0xc4000000 f20:0x0000003f  f6=0xff800000
     227745.000 ns	     22773	80004dbc	405e5093	srai	x1,x28,0x5	 x28:0x000006df  x1=0x00000036
     227755.000 ns	     22774	80004dc0	694ae093	ori	x1,x21,1684	 x21:0xfffff9cd  x1=0xffffffdd
     227775.000 ns	     22776	80004dc4	21ac03d3	fsgnj.s	f7,f24,f26	 f24:0x00000046 f26:0x00000047  f7=0x00000046
     227805.000 ns	     22779	80004dc8	d0081053	fcvt.s.w	f0,x16	 x16:0x00000000  f0=0x00000000
     227835.000 ns	     22782	80004dcc	02ffa633	mulhsu	x12,x31,x15	 x31:0xffffff9d x15:0x80040fe4 x12=0xffffffce
     227865.000 ns	     22785	80004dd0	c01d1853	fcvt.wu.s	x16,f26	 f26:0x00000047 x16=0x00000000
     227895.000 ns	     22788	80004dd4	c0118453	fcvt.wu.s	x8,f3	  f3:0x4cb82e00  x8=0x05c17000
     227915.000 ns	     22790	80004dd8	00118bb3	add	x23,x3,x1	  x3:0x00000000  x1:0xffffffdd x23=0xffffffdd
     227935.000 ns	     22792	80004ddc	d01b7fd3	fcvt.s.wu	f31,x22	 x22:0x7fffffff f31=0x4effffff
     229115.000 ns	     22910	80004de0	5803c553	fsqrt.s	f10,f7	  f7:0x00000046 f10=0x1f3504e5
     229145.000 ns	     22913	80004de4	02e23b33	mulhu	x22,x4,x14	  x4:0x00000000 x14:0x80041024 x22=0x00000000
     229175.000 ns	     22916	80004de8	a16dafd3	feq.s	x31,f27,f22	 f27:0x00000047 f22:0x80041024 x31=0x00000000
     229195.000 ns	     22918	80004dec	007389b3	add	x19,x7,x7	  x7:0xfffffec9  x7:0xfffffec9 x19=0xfffffd92
     229215.000 ns	     22920	80004df0	039c9333	mulh	x6,x25,x25	 x25:0x00000002 x25:0x00000002  x6=0x00000000
     229245.000 ns	     22923	80004df4	c00e18d3	fcvt.w.s	x17,f28	 f28:0xff800000 x17=0x80000000
     229275.000 ns	     22926	80004df8	03fa93b3	mulh	x7,x21,x31	 x21:0xfffff9cd x31:0x00000000  x7=0x00000000
     229645.000 ns	     22963	80004dfc	03a0dc33	divu	x24,x1,x26	  x1:0xffffffdd x26:0x3fffffff x24=0x00000003
     229665.000 ns	     22965	80004e00	5d6cedb7	lui	x27,0x5d6ce	 x27=0x5d6ce000
     229675.000 ns	     22966	80004e04	9d207093	andi	x1,x0,-1582	  x0:0x00000000  x1=0x00000000
     229695.000 ns	     22968	80004e08	02fe9833	mulh	x16,x29,x15	 x29:0x800416ac x15:0x80040fe4 x16=0x3ffbecc8
     229735.000 ns	     22972	80004e0c	11831153	fmul.s	f2,f6,f24	  f6:0xff800000 f24:0x00000046  f2=0xff800000
     229765.000 ns	     22975	80004e10	e0099ed3	fclass.s	x29,f19	 f19:0x1f350483 x29=0x00000040
     229785.000 ns	     22977	80004e14	b9bb9237	lui	x4,0xb9bb9	  x4=0xb9bb9000
     229795.000 ns	     22978	80004e18	9ba5a617	auipc	x12,0x9ba5a	 x12=0x1ba5ee18
     230155.000 ns	     23014	80004e1c	034cdfb3	divu	x31,x25,x20	 x25:0x00000002 x20:0x80041024 x31=0x00000000
     230185.000 ns	     23017	80004e20	d011c3d3	fcvt.s.wu	f7,x3	  x3:0x00000000  f7=0x00000000
     230215.000 ns	     23020	80004e24	e0050253	fmv.x.w	x4,f10	 f10:0x1f3504e5  x4=0x1f3504e5
     230245.000 ns	     23023	80004e28	20581a53	fsgnjn.s	f20,f16,f5	 f16:0x7fc00000  f5:0x00000000 f20=0xffc00000
     230275.000 ns	     23026	80004e2c	d00f8dd3	fcvt.s.w	f27,x31	 x31:0x00000000 f27=0x00000000
     230315.000 ns	     23030	80004e30	580b73d3	fsqrt.s	f7,f22	 f22:0x80041024  f7=0x7fc00000
     230345.000 ns	     23033	80004e34	f0088ad3	fmv.w.x	f21,x17	 x17:0x80000000 f21=0x80000000
     230375.000 ns	     23036	80004e38	e00b0553	fmv.x.w	x10,f22	 f22:0x80041024 x10=0x80041024
     230715.000 ns	     23070	80004e3c	18ab00d3	fdiv.s	f1,f22,f10	 f22:0x80041024 f10:0x1f3504e5  f1=0x9e378de4
     230735.000 ns	     23072	80004e40	0047d413	srli	x8,x15,0x4	 x15:0x80040fe4  x8=0x080040fe
     230745.000 ns	     23073	80004e44	e26f2113	slti	x2,x30,-474	 x30:0x00000000  x2=0x00000000
     230765.000 ns	     23075	80004e48	f00c8e53	fmv.w.x	f28,x25	 x25:0x00000002 f28=0x00000002
     230795.000 ns	     23078	80004e4c	03636ab3	rem	x21,x6,x22	  x6:0x00000000 x22:0x00000000 x21=0x00000000
     230825.000 ns	     23081	80004e50	a0420153	fle.s	x2,f4,f4	  f4:0xff800000  f4:0xff800000  x2=0x00000001
     230845.000 ns	     23083	80004e54	40938f33	sub	x30,x7,x9	  x7:0x00000000  x9:0x00000000 x30=0x00000000
     230865.000 ns	     23085	80004e58	f00907d3	fmv.w.x	f15,x18	 x18:0x0000003f f15=0x0000003f
     230885.000 ns	     23087	80004e5c	01cf6733	or	x14,x30,x28	 x30:0x00000000 x28:0x000006df x14=0x000006df
     230915.000 ns	     23090	80004e60	18327cd3	fdiv.s	f25,f4,f3	  f4:0xff800000  f3:0x4cb82e00 f25=0xff800000
     231285.000 ns	     23127	80004e64	02f0dfb3	divu	x31,x1,x15	  x1:0x00000000 x15:0x80040fe4 x31=0x00000000
     231305.000 ns	     23129	80004e68	4179deb3	sra	x29,x19,x23	 x19:0xfffffd92 x23:0xffffffdd x29=0xffffffff
     231315.000 ns	     23130	80004e6c	2383c093	xori	x1,x7,568	  x7:0x00000000  x1=0x00000238
     231325.000 ns	     23131	80004e70	00000013	addi	x0,x0,0	  x0:0x00000000
     231345.000 ns	     23133	80004e74	c01b74d3	fcvt.wu.s	x9,f22	 f22:0x80041024  x9=0x00000000
     231365.000 ns	     23135	80004e78	53398193	addi	x3,x19,1331	 x19:0xfffffd92  x3=0x000002c5
     231385.000 ns	     23137	80004e7c	21f093d3	fsgnjn.s	f7,f1,f31	  f1:0x9e378de4 f31:0x4effffff  f7=0x9e378de4
     231425.000 ns	     23141	80004e80	580af0d3	fsqrt.s	f1,f21	 f21:0x80000000  f1=0x80000000
     231445.000 ns	     23143	80004e84	1caf6193	ori	x3,x30,458	 x30:0x00000000  x3=0x000001ca
     231455.000 ns	     23144	80004e88	01a79a93	slli	x21,x15,0x1a	 x15:0x80040fe4 x21=0x90000000
     231465.000 ns	     23145	80004e8c	00000013	addi	x0,x0,0	  x0:0x00000000
     231475.000 ns	     23146	80004e90	f64cd337	lui	x6,0xf64cd	  x6=0xf64cd000
     231485.000 ns	     23147	80004e94	0fe46513	ori	x10,x8,254	  x8:0x080040fe x10=0x080040fe
     231505.000 ns	     23149	80004e98	c01dce53	fcvt.wu.s	x28,f27	 f27:0x00000000 x28=0x00000000
     231525.000 ns	     23151	80004e9c	6486c893	xori	x17,x13,1608	 x13:0x00000003 x17=0x0000064b
     231535.000 ns	     23152	80004ea0	010df633	and	x12,x27,x16	 x27:0x5d6ce000 x16:0x3ffbecc8 x12=0x1d68e000
     231545.000 ns	     23153	80004ea4	00f4b2b3	sltu	x5,x9,x15	  x9:0x00000000 x15:0x80040fe4  x5=0x00000001
     231555.000 ns	     23154	80004ea8	00671533	sll	x10,x14,x6	 x14:0x000006df  x6:0xf64cd000 x10=0x000006df
     231585.000 ns	     23157	80004eac	10d37753	fmul.s	f14,f6,f13	  f6:0xff800000 f13:0x3f800000 f14=0xff800000
     231615.000 ns	     23160	80004eb0	21b51453	fsgnjn.s	f8,f10,f27	 f10:0x1f3504e5 f27:0x00000000  f8=0x9f3504e5
     231635.000 ns	     23162	80004eb4	008ed393	srli	x7,x29,0x8	 x29:0xffffffff  x7=0x00ffffff
     231655.000 ns	     23164	80004eb8	20088053	fsgnj.s	f0,f17,f0	 f17:0x00000001  f0:0x00000000  f0=0x00000001
     231675.000 ns	     23166	80004ebc	ed1c8413	addi	x8,x25,-303	 x25:0x00000002  x8=0xfffffed3
     231685.000 ns	     23167	80004ec0	410f8eb3	sub	x29,x31,x16	 x31:0x00000000 x16:0x3ffbecc8 x29=0xc0041338
     231705.000 ns	     23169	80004ec4	206aa5d3	fsgnjx.s	f11,f21,f6	 f21:0x80000000  f6:0xff800000 f11=0x00000000
     231735.000 ns	     23172	80004ec8	212e91d3	fsgnjn.s	f3,f29,f18	 f29:0x00000000 f18:0x00000001  f3=0x80000000
     231755.000 ns	     23174	80004ecc	400d8ab3	sub	x21,x27,x0	 x27:0x5d6ce000  x0:0x00000000 x21=0x5d6ce000
     231775.000 ns	     23176	80004ed0	c004c9d3	fcvt.w.s	x19,f9	  f9:0x44000000 x19=0x00000200
     231795.000 ns	     23178	80004ed4	25226d13	ori	x26,x4,594	  x4:0x1f3504e5 x26=0x1f3506f7
     232965.000 ns	     23295	80004ed8	580f9fd3	fsqrt.s	f31,f31	 f31:0x4effffff f31=0x473504ab
     232995.000 ns	     23298	80004edc	28ed08d3	fmin.s	f17,f26,f14	 f26:0x00000047 f14:0xff800000 f17=0xff800000
     233025.000 ns	     23301	80004ee0	21510653	fsgnj.s	f12,f2,f21	  f2:0xff800000 f21:0x80000000 f12=0xff800000
     233045.000 ns	     23303	80004ee4	007d2cb3	slt	x25,x26,x7	 x26:0x1f3506f7  x7:0x00ffffff x25=0x00000000
     233405.000 ns	     23339	80004ee8	0308df33	divu	x30,x17,x16	 x17:0x0000064b x16:0x3ffbecc8 x30=0x00000000
     233425.000 ns	     23341	80004eec	40a9d1b3	sra	x3,x19,x10	 x19:0x00000200 x10:0x000006df  x3=0x00000000
     233435.000 ns	     23342	80004ef0	40beddb3	sra	x27,x29,x11	 x29:0xc0041338 x11:0x00000000 x27=0xc0041338
     233445.000 ns	     23343	80004ef4	012410b3	sll	x1,x8,x18	  x8:0xfffffed3 x18:0x0000003f  x1=0x80000000
     233455.000 ns	     23344	80004ef8	00000013	addi	x0,x0,0	  x0:0x00000000
     233465.000 ns	     23345	80004efc	00000013	addi	x0,x0,0	  x0:0x00000000
     233825.000 ns	     23381	80004f00	02d66333	rem	x6,x12,x13	 x12:0x1d68e000 x13:0x00000003  x6=0x00000000
     233865.000 ns	     23385	80004f04	5802f3d3	fsqrt.s	f7,f5	  f5:0x00000000  f7=0x00000000
     233895.000 ns	     23388	80004f08	21f92cd3	fsgnjx.s	f25,f18,f31	 f18:0x00000001 f31:0x473504ab f25=0x00000001
     233915.000 ns	     23390	80004f0c	7dca32b7	lui	x5,0x7dca3	  x5=0x7dca3000
     234275.000 ns	     23426	80004f10	0302ee33	rem	x28,x5,x16	  x5:0x00000001 x16:0x3ffbecc8 x28=0x3dce4338
     234295.000 ns	     23428	80004f14	01656d33	or	x26,x10,x22	 x10:0x000006df x22:0x00000000 x26=0x000006df
     234305.000 ns	     23429	80004f18	00000013	addi	x0,x0,0	  x0:0x00000000
     234315.000 ns	     23430	80004f1c	01584f33	xor	x30,x16,x21	 x16:0x3ffbecc8 x21:0x5d6ce000 x30=0x62970cc8
     234335.000 ns	     23432	80004f20	020568b3	rem	x17,x10,x0	 x10:0x000006df  x0:0x00000000 x17=0x000006df
     234355.000 ns	     23434	80004f24	0133af33	slt	x30,x7,x19	  x7:0x00ffffff x19:0x00000200 x30=0x00000000
     234375.000 ns	     23436	80004f28	036f2bb3	mulhsu	x23,x30,x22	 x30:0x62970cc8 x22:0x00000000 x23=0x00000000
     234395.000 ns	     23438	80004f2c	41bdd493	srai	x9,x27,0x1b	 x27:0xc0041338  x9=0xfffffff8
     234415.000 ns	     23440	80004f30	e0001653	fclass.s	x12,f0	  f0:0x00000001 x12=0x00000020
     234435.000 ns	     23442	80004f34	41990db3	sub	x27,x18,x25	 x18:0x0000003f x25:0x00000000 x27=0x0000003f
     234445.000 ns	     23443	80004f38	f634b893	sltiu	x17,x9,-157	  x9:0xfffffff8 x17=0x00000000
     234485.000 ns	     23447	80004f3c	092ff253	fsub.s	f4,f31,f18	 f31:0x473504ab f18:0x00000001  f4=0x473504ab
     234515.000 ns	     23450	80004f40	02099bb3	mulh	x23,x19,x0	 x19:0x00000200  x0:0x00000000 x23=0x00000000
     234885.000 ns	     23487	80004f44	02d8dcb3	divu	x25,x17,x13	 x17:0x00000000 x13:0x00000003 x25=0x00000000
     234905.000 ns	     23489	80004f48	e2b53a97	auipc	x21,0xe2b53	 x21=0x62b57f48
     234915.000 ns	     23490	80004f4c	b7c2f113	andi	x2,x5,-1156	  x5:0x7dca3000  x2=0x7dca3000
     234935.000 ns	     23492	80004f50	29bd9b53	fmax.s	f22,f27,f27	 f27:0x00000000 f27:0x00000000 f22=0x00000000
     234955.000 ns	     23494	80004f54	00000013	addi	x0,x0,0	  x0:0x00000000
     234965.000 ns	     23495	80004f58	0161d593	srli	x11,x3,0x16	  x3:0x00000000 x11=0x00000000
     234975.000 ns	     23496	80004f5c	415c8433	sub	x8,x25,x21	 x25:0x00000000 x21:0x62b57f48  x8=0x9d4a80b8
     234995.000 ns	     23498	80004f60	f0078853	fmv.w.x	f16,x15	 x15:0x80040fe4 f16=0x80040fe4
     235015.000 ns	     23500	80004f64	41d05b13	srai	x22,x0,0x1d	  x0:0x00000000 x22=0x00000000
     235025.000 ns	     23501	80004f68	411282b3	sub	x5,x5,x17	  x5:0x7dca3000 x17:0x00000000  x5=0x7dca3000
     235045.000 ns	     23503	80004f6c	21279453	fsgnjn.s	f8,f15,f18	 f15:0x0000003f f18:0x00000001  f8=0x8000003f
     235075.000 ns	     23506	80004f70	03753b33	mulhu	x22,x10,x23	 x10:0x000006df x23:0x00000000 x22=0x00000000
     235115.000 ns	     23510	80004f74	5802b8d3	fsqrt.s	f17,f5	  f5:0x00000000 f17=0x00000000
     235135.000 ns	     23512	80004f78	005ac933	xor	x18,x21,x5	 x21:0x62b57f48  x5:0x7dca3000 x18=0x1f7f4f48
     235145.000 ns	     23513	80004f7c	c7ddbfb7	lui	x31,0xc7ddb	 x31=0xc7ddb000
     235185.000 ns	     23517	80004f80	085f7cd3	fsub.s	f25,f30,f5	 f30:0x7fc00000  f5:0x00000000 f25=0x7fc00000
     235215.000 ns	     23520	80004f84	285a9e53	fmax.s	f28,f21,f5	 f21:0x80000000  f5:0x00000000 f28=0x00000000
     235245.000 ns	     23523	80004f88	2075a353	fsgnjx.s	f6,f11,f7	 f11:0x00000000  f7:0x00000000  f6=0x00000000
     235265.000 ns	     23525	80004f8c	04bd7813	andi	x16,x26,75	 x26:0x000006df x16=0x0000004b
     235625.000 ns	     23561	80004f90	02126233	rem	x4,x4,x1	  x4:0x1f3504e5  x1:0x80000000  x4=0x1f3504e5
     235655.000 ns	     23564	80004f94	d00bc3d3	fcvt.s.w	f7,x23	 x23:0x00000000  f7=0x00000000
     235675.000 ns	     23566	80004f98	007ad9b3	srl	x19,x21,x7	 x21:0x62b57f48  x7:0x00ffffff x19=0x00000000
     235695.000 ns	     23568	80004f9c	d0137053	fcvt.s.wu	f0,x6	  x6:0x00000000  f0=0x00000000
     235715.000 ns	     23570	80004fa0	00000013	addi	x0,x0,0	  x0:0x00000000
     235735.000 ns	     23572	80004fa4	d018f853	fcvt.s.wu	f16,x17	 x17:0x00000000 f16=0x00000000
     235775.000 ns	     23576	80004fa8	100f7053	fmul.s	f0,f30,f0	 f30:0x7fc00000  f0:0x00000000  f0=0x7fc00000
     235805.000 ns	     23579	80004fac	28988953	fmin.s	f18,f17,f9	 f17:0x00000000  f9:0x44000000 f18=0x00000000
     235835.000 ns	     23582	80004fb0	03fc3733	mulhu	x14,x24,x31	 x24:0x00000003 x31:0xc7ddb000 x14=0x00000002
     235855.000 ns	     23584	80004fb4	41855293	srai	x5,x10,0x18	 x10:0x000006df  x5=0x00000000
     235865.000 ns	     23585	80004fb8	0025d993	srli	x19,x11,0x2	 x11:0x00000000 x19=0x00000000
     236225.000 ns	     23621	80004fbc	038a43b3	div	x7,x20,x24	 x20:0x80041024 x24:0x00000003  x7=0xd556b00c
     236245.000 ns	     23623	80004fc0	00000013	addi	x0,x0,0	  x0:0x00000000
     236255.000 ns	     23624	80004fc4	4067d733	sra	x14,x15,x6	 x15:0x80040fe4  x6:0x00000000 x14=0x80040fe4
     236275.000 ns	     23626	80004fc8	02503033	mulhu	x0,x0,x5	  x0:0x00000000  x5:0x00000000
     236305.000 ns	     23629	80004fcc	20b78fd3	fsgnj.s	f31,f15,f11	 f15:0x0000003f f11:0x00000000 f31=0x0000003f
     236325.000 ns	     23631	80004fd0	011e3c33	sltu	x24,x28,x17	 x28:0x3dce4338 x17:0x00000000 x24=0x00000000
     236365.000 ns	     23635	80004fd4	0165b6d3	fadd.s	f13,f11,f22	 f11:0x00000000 f22:0x00000000 f13=0x00000000
     236385.000 ns	     23637	80004fd8	00000013	addi	x0,x0,0	  x0:0x00000000
     236425.000 ns	     23641	80004fdc	099a25d3	fsub.s	f11,f20,f25	 f20:0xffc00000 f25:0x7fc00000 f11=0x7fc00000
     236455.000 ns	     23644	80004fe0	d01b8753	fcvt.s.wu	f14,x23	 x23:0x00000000 f14=0x00000000
     236475.000 ns	     23646	80004fe4	33ecfc97	auipc	x25,0x33ecf	 x25=0xb3ed3fe4
     236485.000 ns	     23647	80004fe8	b1bc8713	addi	x14,x25,-1253	 x25:0x00000000 x14=0xb3ed3aff
     236515.000 ns	     23650	80004fec	5808ced3	fsqrt.s	f29,f17	 f17:0x00000000 f29=0x00000000
     236885.000 ns	     23687	80004ff0	02214d33	div	x26,x2,x2	  x2:0x7dca3000  x2:0x7dca3000 x26=0x00000001
     236915.000 ns	     23690	80004ff4	c00675d3	fcvt.w.s	x11,f12	 f12:0xff800000 x11=0x80000000
     236935.000 ns	     23692	80004ff8	41c05633	sra	x12,x0,x28	  x0:0x00000000 x28:0x3dce4338 x12=0x00000000
     236945.000 ns	     23693	80004ffc	0a7e2b13	slti	x22,x28,167	 x28:0x3dce4338 x22=0x00000000
     236965.000 ns	     23695	80005000	e0058f53	fmv.x.w	x30,f11	 f11:0x7fc00000 x30=0x7fc00000
     236985.000 ns	     23697	80005004	df2c3d13	sltiu	x26,x24,-526	 x24:0x00000000 x26=0x00000001
     237005.000 ns	     23699	80005008	c01dbe53	fcvt.wu.s	x28,f27	 f27:0x00000000 x28=0x00000000
     237035.000 ns	     23702	8000500c	d018fc53	fcvt.s.wu	f24,x17	 x17:0x00000000 f24=0x00000000
     237065.000 ns	     23705	80005010	d010f953	fcvt.s.wu	f18,x1	  x1:0x80000000 f18=0x4f000000
     237085.000 ns	     23707	80005014	0063d013	srli	x0,x7,0x6	  x7:0xd556b00c
     237445.000 ns	     23743	80005018	03eb5d33	divu	x26,x22,x30	 x22:0x00000000 x30:0x7fc00000 x26=0x00000000
     237475.000 ns	     23746	8000501c	029c32b3	mulhu	x5,x24,x9	 x24:0x00000000  x9:0xfffffff8  x5=0x00000000
     237505.000 ns	     23749	80005020	d0067753	fcvt.s.w	f14,x12	 x12:0x00000000 f14=0x00000000
     237535.000 ns	     23752	80005024	a0131653	flt.s	x12,f6,f1	  f6:0x00000000  f1:0x80000000 x12=0x00000000
     237555.000 ns	     23754	80005028	00bdf733	and	x14,x27,x11	 x27:0x0000003f x11:0x80000000 x14=0x00000000
     237565.000 ns	     23755	8000502c	01989733	sll	x14,x17,x25	 x17:0x00000000 x25:0xb3ed3fe4 x14=0x00000000
     237585.000 ns	     23757	80005030	02be0bb3	mul	x23,x28,x11	 x28:0x00000000 x11:0x80000000 x23=0x00000000
     237605.000 ns	     23759	80005034	0a366013	ori	x0,x12,163	 x12:0x00000000
     237615.000 ns	     23760	80005038	6e4c7193	andi	x3,x24,1764	 x24:0x00000000  x3=0x00000000
     237625.000 ns	     23761	8000503c	bd29c3b7	lui	x7,0xbd29c	  x7=0xbd29c000
     237635.000 ns	     23762	80005040	0004a3b3	slt	x7,x9,x0	  x9:0xfffffff8  x0:0x00000000  x7=0x00000001
     237655.000 ns	     23764	80005044	a1ec8bd3	fle.s	x23,f25,f30	 f25:0x7fc00000 f30:0x7fc00000 x23=0x00000000
     237705.000 ns	     23769	80005048	0839c8d3	fsub.s	f17,f19,f3	 f19:0x1f350483  f3:0x80000000 f17=0x1f350483
     237735.000 ns	     23772	8000504c	29f31f53	fmax.s	f30,f6,f31	  f6:0x00000000 f31:0x0000003f f30=0x0000003f
     237765.000 ns	     23775	80005050	29970d53	fmin.s	f26,f14,f25	 f14:0x00000000 f25:0x7fc00000 f26=0x00000000
     237795.000 ns	     23778	80005054	a1a629d3	feq.s	x19,f12,f26	 f12:0xff800000 f26:0x00000047 x19=0x00000000
     237815.000 ns	     23780	80005058	36b36993	ori	x19,x6,875	  x6:0x00000000 x19=0x0000036b
     237835.000 ns	     23782	8000505c	d01a3fd3	fcvt.s.wu	f31,x20	 x20:0x80041024 f31=0x4f000411
     237855.000 ns	     23784	80005060	297d8213	addi	x4,x27,663	 x27:0x0000003f  x4=0x000002d6
     237865.000 ns	     23785	80005064	5956fb93	andi	x23,x13,1429	 x13:0x00000003 x23=0x00000001
     237885.000 ns	     23787	80005068	e00709d3	fmv.x.w	x19,f14	 f14:0x00000000 x19=0x00000000
     237915.000 ns	     23790	8000506c	0317ceb3	div	x29,x15,x17	 x15:0x80040fe4 x17:0x00000000 x29=0xffffffff
     238285.000 ns	     23827	80005070	032f6533	rem	x10,x30,x18	 x30:0x7fc00000 x18:0x1f7f4f48 x10=0x01c2c2e0
     238305.000 ns	     23829	80005074	40a95c93	srai	x25,x18,0xa	 x18:0x1f7f4f48 x25=0x0007dfd3
     238315.000 ns	     23830	80005078	00fd05b3	add	x11,x26,x15	 x26:0x00000000 x15:0x80040fe4 x11=0x80040fe4
     238335.000 ns	     23832	8000507c	026148b3	div	x17,x2,x6	  x2:0x7dca3000  x6:0x00000000 x17=0xffffffff
     238355.000 ns	     23834	80005080	01b31593	slli	x11,x6,0x1b	  x6:0x00000000 x11=0x00000000
     238375.000 ns	     23836	80005084	20458e53	fsgnj.s	f28,f11,f4	 f11:0x7fc00000  f4:0x473504ab f28=0x7fc00000
     238395.000 ns	     23838	80005088	01c6ae33	slt	x28,x13,x28	 x13:0x00000003 x28:0x00000000 x28=0x00000000
     238405.000 ns	     23839	8000508c	4143d713	srai	x14,x7,0x14	  x7:0x00000001 x14=0x00000000
     238425.000 ns	     23841	80005090	f00c8953	fmv.w.x	f18,x25	 x25:0x0007dfd3 f18=0x0007dfd3
     238445.000 ns	     23843	80005094	01ded113	srli	x2,x29,0x1d	 x29:0xffffffff  x2=0x00000007
     238805.000 ns	     23879	80005098	03bc6bb3	rem	x23,x24,x27	 x24:0x00000000 x27:0x0000003f x23=0x00000000
     238835.000 ns	     23882	8000509c	02ac9fb3	mulh	x31,x25,x10	 x25:0x0007dfd3 x10:0x01c2c2e0 x31=0x00000ddd
     238855.000 ns	     23884	800050a0	00000013	addi	x0,x0,0	  x0:0x00000000
     238865.000 ns	     23885	800050a4	405cdc13	srai	x24,x25,0x5	 x25:0x0007dfd3 x24=0x00003efe
     238905.000 ns	     23889	800050a8	08e676d3	fsub.s	f13,f12,f14	 f12:0xff800000 f14:0x00000000 f13=0xff800000
     238935.000 ns	     23892	800050ac	c006f3d3	fcvt.w.s	x7,f13	 f13:0x00000000  x7=0x80000000
     238965.000 ns	     23895	800050b0	20858ad3	fsgnj.s	f21,f11,f8	 f11:0x7fc00000  f8:0x8000003f f21=0xffc00000
     238985.000 ns	     23897	800050b4	018015b3	sll	x11,x0,x24	  x0:0x00000000 x24:0x00003efe x11=0x00000000
     239005.000 ns	     23899	800050b8	e00983d3	fmv.x.w	x7,f19	 f19:0x1f350483  x7=0x1f350483
     239025.000 ns	     23901	800050bc	41c1d993	srai	x19,x3,0x1c	  x3:0x00000000 x19=0x00000000
     239045.000 ns	     23903	800050c0	a02d2dd3	feq.s	x27,f26,f2	 f26:0x00000000  f2:0xff800000 x27=0x00000000
     239065.000 ns	     23905	800050c4	66e68813	addi	x16,x13,1646	 x13:0x00000003 x16=0x00000671
     239075.000 ns	     23906	800050c8	3efe0b97	auipc	x23,0x3efe0	 x23=0xbefe50c8
     239085.000 ns	     23907	800050cc	00000013	addi	x0,x0,0	  x0:0x00000000
     239105.000 ns	     23909	800050d0	02d4bfb3	mulhu	x31,x9,x13	  x9:0xfffffff8 x13:0x00000003 x31=0x00000002
     239135.000 ns	     23912	800050d4	c0027ed3	fcvt.w.s	x29,f4	  f4:0x473504ab x29=0x0000b504
     239165.000 ns	     23915	800050d8	021d80b3	mul	x1,x27,x1	 x27:0x00000000  x1:0x80000000  x1=0x00000000
     239535.000 ns	     23952	800050dc	022343b3	div	x7,x6,x2	  x6:0x00000000  x2:0x00000007  x7=0x00000000
     239905.000 ns	     23989	800050e0	039efc33	remu	x24,x29,x25	 x29:0x0000b504 x25:0x0007dfd3 x24=0x0000b504
     239925.000 ns	     23991	800050e4	008f4e33	xor	x28,x30,x8	 x30:0x7fc00000  x8:0x9d4a80b8 x28=0xe28a80b8
     239935.000 ns	     23992	800050e8	00933e33	sltu	x28,x6,x9	  x6:0x00000000  x9:0xfffffff8 x28=0x00000001
     239955.000 ns	     23994	800050ec	a0038ed3	fle.s	x29,f7,f0	  f7:0x00000000  f0:0x7fc00000 x29=0x00000000
     239975.000 ns	     23996	800050f0	01c61213	slli	x4,x12,0x1c	 x12:0x00000000  x4=0x00000000
     239985.000 ns	     23997	800050f4	00229713	slli	x14,x5,0x2	  x5:0x00000000 x14=0x00000000
     240005.000 ns	     23999	800050f8	03f31fb3	mulh	x31,x6,x31	  x6:0x00000000 x31:0x00000002 x31=0x00000000
     240035.000 ns	     24002	800050fc	20eba853	fsgnjx.s	f16,f23,f14	 f23:0x4ec9cef1 f14:0x00000000 f16=0x4ec9cef1
     240065.000 ns	     24005	80005100	036060b3	rem	x1,x0,x22	  x0:0x00000000 x22:0x00000000  x1=0x00000000
     240095.000 ns	     24008	80005104	03af6db3	rem	x27,x30,x26	 x30:0x7fc00000 x26:0x00000000 x27=0x7fc00000
     240125.000 ns	     24011	80005108	02b924b3	mulhsu	x9,x18,x11	 x18:0x1f7f4f48 x11:0x00000000  x9=0x00000000
     240175.000 ns	     24016	8000510c	096975d3	fsub.s	f11,f18,f22	 f18:0x0007dfd3 f22:0x00000000 f11=0x0007dfd3
     240195.000 ns	     24018	80005110	005b5b13	srli	x22,x22,0x5	 x22:0x00000000 x22=0x00000000
     240205.000 ns	     24019	80005114	004ea333	slt	x6,x29,x4	 x29:0x00000000  x4:0x00000000  x6=0x00000000
     240215.000 ns	     24020	80005118	01339433	sll	x8,x7,x19	  x7:0x00000000 x19:0x00000000  x8=0x00000000
     240225.000 ns	     24021	8000511c	682ec837	lui	x16,0x682ec	 x16=0x682ec000
     240235.000 ns	     24022	80005120	cf14b513	sltiu	x10,x9,-783	  x9:0x00000000 x10=0x00000001
     240255.000 ns	     24024	80005124	03200633	mul	x12,x0,x18	  x0:0x00000000 x18:0x1f7f4f48 x12=0x00000000
     240285.000 ns	     24027	80005128	d009a553	fcvt.s.w	f10,x19	 x19:0x00000000 f10=0x00000000
     240655.000 ns	     24064	8000512c	03ed5eb3	divu	x29,x26,x30	 x26:0x00000000 x30:0x7fc00000 x29=0x00000000
     241025.000 ns	     24101	80005130	0383fbb3	remu	x23,x7,x24	  x7:0x00000000 x24:0x0000b504 x23=0x00000000
     241075.000 ns	     24106	80005134	098af553	fsub.s	f10,f21,f24	 f21:0xffc00000 f24:0x00000000 f10=0x7fc00000
     241105.000 ns	     24109	80005138	03823933	mulhu	x18,x4,x24	  x4:0x00000000 x24:0x0000b504 x18=0x00000000
     241135.000 ns	     24112	8000513c	20662b53	fsgnjx.s	f22,f12,f6	 f12:0xff800000  f6:0x00000000 f22=0xff800000
     241165.000 ns	     24115	80005140	023b8b33	mul	x22,x23,x3	 x23:0x00000000  x3:0x00000000 x22=0x00000000
     241185.000 ns	     24117	80005144	01b4de33	srl	x28,x9,x27	  x9:0x00000000 x27:0x7fc00000 x28=0x00000000
     241205.000 ns	     24119	80005148	d00201d3	fcvt.s.w	f3,x4	  x4:0x00000000  f3=0x00000000
     241235.000 ns	     24122	8000514c	21409ed3	fsgnjn.s	f29,f1,f20	  f1:0x80000000 f20:0xffc00000 f29=0x00000000
     241265.000 ns	     24125	80005150	284887d3	fmin.s	f15,f17,f4	 f17:0x1f350483  f4:0x473504ab f15=0x1f350483
     241305.000 ns	     24129	80005154	115508d3	fmul.s	f17,f10,f21	 f10:0x7fc00000 f21:0xffc00000 f17=0x7fc00000
     241325.000 ns	     24131	80005158	00000013	addi	x0,x0,0	  x0:0x00000000
     241345.000 ns	     24133	8000515c	a1fc1bd3	flt.s	x23,f24,f31	 f24:0x00000000 f31:0x4f000411 x23=0x00000001
     241375.000 ns	     24136	80005160	03a6d233	divu	x4,x13,x26	 x13:0x00000003 x26:0x00000000  x4=0xffffffff
     241395.000 ns	     24138	80005164	898ba493	slti	x9,x23,-1896	 x23:0x00000001  x9=0x00000000
     241405.000 ns	     24139	80005168	9b033613	sltiu	x12,x6,-1616	  x6:0x00000000 x12=0x00000001
     241425.000 ns	     24141	8000516c	e00f0b53	fmv.x.w	x22,f30	 f30:0x0000003f x22=0x0000003f
     241445.000 ns	     24143	80005170	b10e2c93	slti	x25,x28,-1264	 x28:0x00000000 x25=0x00000000
     241465.000 ns	     24145	80005174	c013ffd3	fcvt.wu.s	x31,f7	  f7:0x00000000 x31=0x00000000
     241485.000 ns	     24147	80005178	9556ec97	auipc	x25,0x9556e	 x25=0x15573178
     241505.000 ns	     24149	8000517c	e00e1153	fclass.s	x2,f28	 f28:0x7fc00000  x2=0x00000200
     241525.000 ns	     24151	80005180	40dd51b3	sra	x3,x26,x13	 x26:0x00000000 x13:0x00000003  x3=0x00000000
     241535.000 ns	     24152	80005184	455ff313	andi	x6,x31,1109	 x31:0x00000000  x6=0x00000000
     241555.000 ns	     24154	80005188	f0010ad3	fmv.w.x	f21,x2	  x2:0x00000200 f21=0x00000200
     241595.000 ns	     24158	8000518c	196e42d3	fdiv.s	f5,f28,f22	 f28:0x7fc00000 f22:0xff800000  f5=0x7fc00000
     241615.000 ns	     24160	80005190	bc443913	sltiu	x18,x8,-1084	  x8:0x00000000 x18=0x00000001
     241625.000 ns	     24161	80005194	d9e16893	ori	x17,x2,-610	  x2:0x00000200 x17=0xffffff9e
     241645.000 ns	     24163	80005198	d005f0d3	fcvt.s.w	f1,x11	 x11:0x00000000  f1=0x00000000
     241675.000 ns	     24166	8000519c	e0030ad3	fmv.x.w	x21,f6	  f6:0x00000000 x21=0x00000000
     241725.000 ns	     24171	800051a0	08dd92d3	fsub.s	f5,f27,f13	 f27:0x00000000 f13:0xff800000  f5=0x7f800000
     241755.000 ns	     24174	800051a4	a08823d3	feq.s	x7,f16,f8	 f16:0x4ec9cef1  f8:0x8000003f  x7=0x00000000
     241785.000 ns	     24177	800051a8	d0148c53	fcvt.s.wu	f24,x9	  x9:0x00000000 f24=0x00000000
     241835.000 ns	     24182	800051ac	01d07653	fadd.s	f12,f0,f29	  f0:0x7fc00000 f29:0x00000000 f12=0x7fc00000
     241865.000 ns	     24185	800051b0	a18b0e53	fle.s	x28,f22,f24	 f22:0xff800000 f24:0x00000000 x28=0x00000001
     241895.000 ns	     24188	800051b4	c012a653	fcvt.wu.s	x12,f5	  f5:0x7f800000 x12=0xffffffff
     241925.000 ns	     24191	800051b8	206a9bd3	fsgnjn.s	f23,f21,f6	 f21:0x00000200  f6:0x00000000 f23=0x80000200
     241965.000 ns	     24195	800051bc	11d27a53	fmul.s	f20,f4,f29	  f4:0x473504ab f29:0x00000000 f20=0x00000000
     241995.000 ns	     24198	800051c0	21f894d3	fsgnjn.s	f9,f17,f31	 f17:0x7fc00000 f31:0x4f000411  f9=0xffc00000
     242025.000 ns	     24201	800051c4	21c627d3	fsgnjx.s	f15,f12,f28	 f12:0x7fc00000 f28:0x7fc00000 f15=0x7fc00000
     242055.000 ns	     24204	800051c8	21168dd3	fsgnj.s	f27,f13,f17	 f13:0xff800000 f17:0x7fc00000 f27=0x7f800000
     242085.000 ns	     24207	800051cc	c01a7c53	fcvt.wu.s	x24,f20	 f20:0x00000000 x24=0x00000000
     242105.000 ns	     24209	800051d0	fefd5917	auipc	x18,0xfefd5	 x18=0x7efda1d0
     242125.000 ns	     24211	800051d4	a0fc2bd3	feq.s	x23,f24,f15	 f24:0x00000000 f15:0x7fc00000 x23=0x00000000
     242145.000 ns	     24213	800051d8	5661cf13	xori	x30,x3,1382	  x3:0x00000000 x30=0x00000566
     242155.000 ns	     24214	800051dc	c576b813	sltiu	x16,x13,-937	 x13:0x00000003 x16=0x00000001
     242175.000 ns	     24216	800051e0	21cf1453	fsgnjn.s	f8,f30,f28	 f30:0x0000003f f28:0x7fc00000  f8=0x8000003f
     242195.000 ns	     24218	800051e4	01b8d513	srli	x10,x17,0x1b	 x17:0xffffff9e x10=0x0000001f
     242205.000 ns	     24219	800051e8	01199733	sll	x14,x19,x17	 x19:0x00000000 x17:0xffffff9e x14=0x00000000
     242215.000 ns	     24220	800051ec	00da4533	xor	x10,x20,x13	 x20:0x80041024 x13:0x00000003 x10=0x80041027
     242235.000 ns	     24222	800051f0	e0078d53	fmv.x.w	x26,f15	 f15:0x7fc00000 x26=0x7fc00000
     242275.000 ns	     24226	800051f4	109b43d3	fmul.s	f7,f22,f9	 f22:0xff800000  f9:0xffc00000  f7=0x7fc00000
     242305.000 ns	     24229	800051f8	02b02233	mulhsu	x4,x0,x11	  x0:0x00000000 x11:0x00000000  x4=0x00000000
     242335.000 ns	     24232	800051fc	03ed08b3	mul	x17,x26,x30	 x26:0x7fc00000 x30:0x00000566 x17=0xa6800000
     242355.000 ns	     24234	80005200	004de8b3	or	x17,x27,x4	 x27:0x7fc00000  x4:0x00000000 x17=0x7fc00000
     242365.000 ns	     24235	80005204	00000013	addi	x0,x0,0	  x0:0x00000000
     242385.000 ns	     24237	80005208	21f3a553	fsgnjx.s	f10,f7,f31	  f7:0x7fc00000 f31:0x4f000411 f10=0x7fc00000
     242425.000 ns	     24241	8000520c	580a7fd3	fsqrt.s	f31,f20	 f20:0x00000000 f31=0x00000000
     242455.000 ns	     24244	80005210	21259953	fsgnjn.s	f18,f11,f18	 f11:0x0007dfd3 f18:0x0007dfd3 f18=0x8007dfd3
     242485.000 ns	     24247	80005214	a0018153	fle.s	x2,f3,f0	  f3:0x00000000  f0:0x7fc00000  x2=0x00000000
     242515.000 ns	     24250	80005218	f00205d3	fmv.w.x	f11,x4	  x4:0x00000000 f11=0x00000000
     242545.000 ns	     24253	8000521c	f00e00d3	fmv.w.x	f1,x28	 x28:0x00000001  f1=0x00000001
     242575.000 ns	     24256	80005220	f00b8653	fmv.w.x	f12,x23	 x23:0x00000000 f12=0x00000000
     242595.000 ns	     24258	80005224	ad386ab7	lui	x21,0xad386	 x21=0xad386000
     242605.000 ns	     24259	80005228	01049833	sll	x16,x9,x16	  x9:0x00000000 x16:0x00000001 x16=0x00000000
     242625.000 ns	     24261	8000522c	28461cd3	fmax.s	f25,f12,f4	 f12:0x00000000  f4:0x473504ab f25=0x473504ab
     242655.000 ns	     24264	80005230	c0197b53	fcvt.wu.s	x22,f18	 f18:0x8007dfd3 x22=0x00000000
     242675.000 ns	     24266	80005234	00000013	addi	x0,x0,0	  x0:0x00000000
     242695.000 ns	     24268	80005238	022049b3	div	x19,x0,x2	  x0:0x00000000  x2:0x00000000 x19=0xffffffff
     242745.000 ns	     24273	8000523c	002f7653	fadd.s	f12,f30,f2	 f30:0x0000003f  f2:0xff800000 f12=0xff800000
     242765.000 ns	     24275	80005240	40a2dcb3	sra	x25,x5,x10	  x5:0x00000000 x10:0x80041027 x25=0x00000000
     242785.000 ns	     24277	80005244	029d5f33	divu	x30,x26,x9	 x26:0x7fc00000  x9:0x00000000 x30=0xffffffff
     242815.000 ns	     24280	80005248	0397f933	remu	x18,x15,x25	 x15:0x80040fe4 x25:0x15573178 x18=0x80040fe4
     242835.000 ns	     24282	8000524c	404802b3	sub	x5,x16,x4	 x16:0x00000000  x4:0x00000000  x5=0x00000000
     242845.000 ns	     24283	80005250	00b308b3	add	x17,x6,x11	  x6:0x00000000 x11:0x00000000 x17=0x00000000
     242855.000 ns	     24284	80005254	00b4d713	srli	x14,x9,0xb	  x9:0x00000000 x14=0x00000000
     242865.000 ns	     24285	80005258	01321d13	slli	x26,x4,0x13	  x4:0x00000000 x26=0x00000000
     242885.000 ns	     24287	8000525c	28129ad3	fmax.s	f21,f5,f1	  f5:0x7f800000  f1:0x00000001 f21=0x7f800000
     242915.000 ns	     24290	80005260	a10c8653	fle.s	x12,f25,f16	 f25:0x473504ab f16:0x4ec9cef1 x12=0x00000001
     242945.000 ns	     24293	80005264	03de35b3	mulhu	x11,x28,x29	 x28:0x00000001 x29:0x00000000 x11=0x00000000
     242975.000 ns	     24296	80005268	2184acd3	fsgnjx.s	f25,f9,f24	  f9:0xffc00000 f24:0x00000000 f25=0xffc00000
     243005.000 ns	     24299	8000526c	283a8953	fmin.s	f18,f21,f3	 f21:0x7f800000  f3:0x00000000 f18=0x00000000
     243035.000 ns	     24302	80005270	a0b30e53	fle.s	x28,f6,f11	  f6:0x00000000 f11:0x00000000 x28=0x00000001
     243075.000 ns	     24306	80005274	189ff153	fdiv.s	f2,f31,f9	 f31:0x00000000  f9:0xffc00000  f2=0x7fc00000
     243095.000 ns	     24308	80005278	41e65593	srai	x11,x12,0x1e	 x12:0x00000001 x11=0x00000000
     243115.000 ns	     24310	8000527c	e0051ed3	fclass.s	x29,f10	 f10:0x7fc00000 x29=0x00000200
     243155.000 ns	     24314	80005280	580d75d3	fsqrt.s	f11,f26	 f26:0x00000000 f11=0x00000000
     243175.000 ns	     24316	80005284	62988593	addi	x11,x17,1577	 x17:0x00000000 x11=0x00000629
     243215.000 ns	     24320	80005288	090b4053	fsub.s	f0,f22,f16	 f22:0xff800000 f16:0x4ec9cef1  f0=0xff800000
     243235.000 ns	     24322	8000528c	014e9633	sll	x12,x29,x20	 x29:0x00000200 x20:0x80041024 x12=0x00002000
     243245.000 ns	     24323	80005290	34a22713	slti	x14,x4,842	  x4:0x00000000 x14=0x00000001
     243285.000 ns	     24327	80005294	00d27a53	fadd.s	f20,f4,f13	  f4:0x473504ab f13:0xff800000 f20=0xff800000
     243315.000 ns	     24330	80005298	e00609d3	fmv.x.w	x19,f12	 f12:0xff800000 x19=0xff800000
     243345.000 ns	     24333	8000529c	a18faf53	feq.s	x30,f31,f24	 f31:0x00000000 f24:0x00000000 x30=0x00000001
     243365.000 ns	     24335	800052a0	b1c17813	andi	x16,x2,-1252	  x2:0x00000000 x16=0x00000000
     243385.000 ns	     24337	800052a4	032ab0b3	mulhu	x1,x21,x18	 x21:0xad386000 x18:0x80040fe4  x1=0x569eefa2
     243415.000 ns	     24340	800052a8	02b6b733	mulhu	x14,x13,x11	 x13:0x00000003 x11:0x00000629 x14=0x00000000
     243445.000 ns	     24343	800052ac	292d1fd3	fmax.s	f31,f26,f18	 f26:0x00000000 f18:0x00000000 f31=0x00000000
     243815.000 ns	     24380	800052b0	03464fb3	div	x31,x12,x20	 x12:0x00002000 x20:0x80041024 x31=0x00000000
     243845.000 ns	     24383	800052b4	c001b9d3	fcvt.w.s	x19,f3	  f3:0x00000000 x19=0x00000000
     243895.000 ns	     24388	800052b8	016d03d3	fadd.s	f7,f26,f22	 f26:0x00000000 f22:0xff800000  f7=0xff800000
     243925.000 ns	     24391	800052bc	a1a6acd3	feq.s	x25,f13,f26	 f13:0xff800000 f26:0x00000000 x25=0x00000000
     243945.000 ns	     24393	800052c0	00000013	addi	x0,x0,0	  x0:0x00000000
     243955.000 ns	     24394	800052c4	99df4513	xori	x10,x30,-1635	 x30:0x00000001 x10=0xfffff99c
     243985.000 ns	     24397	800052c8	184cf1d3	fdiv.s	f3,f25,f4	 f25:0xffc00000  f4:0x473504ab  f3=0x7fc00000
     244005.000 ns	     24399	800052cc	5cdae237	lui	x4,0x5cdae	  x4=0x5cdae000
     244025.000 ns	     24401	800052d0	0269d233	divu	x4,x19,x6	 x19:0x00000000  x6:0x00000000  x4=0xffffffff
     244055.000 ns	     24404	800052d4	d0097253	fcvt.s.w	f4,x18	 x18:0x80040fe4  f4=0xcefff7e0
     244095.000 ns	     24408	800052d8	1809f7d3	fdiv.s	f15,f19,f0	 f19:0x1f350483  f0:0xff800000 f15=0x80000000
     244115.000 ns	     24410	800052dc	b2197c13	andi	x24,x18,-1247	 x18:0x80040fe4 x24=0x80040b20
     244135.000 ns	     24412	800052e0	20b890d3	fsgnjn.s	f1,f17,f11	 f17:0x7fc00000 f11:0x00000000  f1=0xffc00000
     244185.000 ns	     24417	800052e4	01532d53	fadd.s	f26,f6,f21	  f6:0x00000000 f21:0x7f800000 f26=0x7f800000
     244215.000 ns	     24420	800052e8	a12ba753	feq.s	x14,f23,f18	 f23:0x80000200 f18:0x00000000 x14=0x00000000
     244245.000 ns	     24423	800052ec	21821353	fsgnjn.s	f6,f4,f24	  f4:0xcefff7e0 f24:0x00000000  f6=0xcefff7e0
     244265.000 ns	     24425	800052f0	aec06113	ori	x2,x0,-1300	  x0:0x00000000  x2=0xfffffaec
     244275.000 ns	     24426	800052f4	8c5f1d17	auipc	x26,0x8c5f1	 x26=0x0c5f62f4
     244305.000 ns	     24429	800052f8	10430053	fmul.s	f0,f6,f4	  f6:0xcefff7e0  f4:0xcefff7e0  f0=0x5e7fefc0
     244325.000 ns	     24431	800052fc	a4590717	auipc	x14,0xa4590	 x14=0x245952fc
     244335.000 ns	     24432	80005300	40c20ab3	sub	x21,x4,x12	  x4:0xffffffff x12:0x00002000 x21=0xffffdfff
     244355.000 ns	     24434	80005304	02633333	mulhu	x6,x6,x6	  x6:0x00000000  x6:0x00000000  x6=0x00000000
     244725.000 ns	     24471	80005308	03a1c333	div	x6,x3,x26	  x3:0x00000000 x26:0x0c5f62f4  x6=0x00000000
     244755.000 ns	     24474	8000530c	031f0833	mul	x16,x30,x17	 x30:0x00000001 x17:0x00000000 x16=0x00000000
     244775.000 ns	     24476	80005310	41bf5b93	srai	x23,x30,0x1b	 x30:0x00000001 x23=0x00000000
     244785.000 ns	     24477	80005314	41fb8d33	sub	x26,x23,x31	 x23:0x00000000 x31:0x00000000 x26=0x00000000
     245145.000 ns	     24513	80005318	021dd933	divu	x18,x27,x1	 x27:0x7fc00000  x1:0x569eefa2 x18=0x00000001
     245515.000 ns	     24550	8000531c	03e8d033	divu	x0,x17,x30	 x17:0x00000000 x30:0x00000001
     245545.000 ns	     24553	80005320	02634633	div	x12,x6,x6	  x6:0x00000000  x6:0x00000000 x12=0xffffffff
     245575.000 ns	     24556	80005324	031da4b3	mulhsu	x9,x27,x17	 x27:0x7fc00000 x17:0x00000000  x9=0x00000000
     245615.000 ns	     24560	80005328	580d74d3	fsqrt.s	f9,f26	 f26:0x7f800000  f9=0x7f800000
     245635.000 ns	     24562	8000532c	567f8713	addi	x14,x31,1383	 x31:0x00000000 x14=0x00000567
     245655.000 ns	     24564	80005330	20988353	fsgnj.s	f6,f17,f9	 f17:0x7fc00000  f9:0x7f800000  f6=0x7fc00000
     245675.000 ns	     24566	80005334	01b3c833	xor	x16,x7,x27	  x7:0x00000000 x27:0x7fc00000 x16=0x7fc00000
     245695.000 ns	     24568	80005338	a100a3d3	feq.s	x7,f1,f16	  f1:0xffc00000 f16:0x4ec9cef1  x7=0x00000000
     246065.000 ns	     24605	8000533c	02afd233	divu	x4,x31,x10	 x31:0x00000000 x10:0xfffff99c  x4=0x00000000
     246085.000 ns	     24607	80005340	21d13f93	sltiu	x31,x2,541	  x2:0xfffffaec x31=0x00000000
     246105.000 ns	     24609	80005344	210d2653	fsgnjx.s	f12,f26,f16	 f26:0x7f800000 f16:0x4ec9cef1 f12=0x7f800000
     246125.000 ns	     24611	80005348	016d4833	xor	x16,x26,x22	 x26:0x00000000 x22:0x00000000 x16=0x00000000
     246145.000 ns	     24613	8000534c	020129b3	mulhsu	x19,x2,x0	  x2:0xfffffaec  x0:0x00000000 x19=0x00000000
     246175.000 ns	     24616	80005350	209412d3	fsgnjn.s	f5,f8,f9	  f8:0x8000003f  f9:0x7f800000  f5=0x8000003f
     246195.000 ns	     24618	80005354	00a48bb3	add	x23,x9,x10	  x9:0x00000000 x10:0xfffff99c x23=0xfffff99c
     246215.000 ns	     24620	80005358	e0068653	fmv.x.w	x12,f13	 f13:0xff800000 x12=0xff800000
     246235.000 ns	     24622	8000535c	017fe633	or	x12,x31,x23	 x31:0x00000000 x23:0x00000000 x12=0xfffff99c
     246245.000 ns	     24623	80005360	00bf3533	sltu	x10,x30,x11	 x30:0x00000001 x11:0x00000629 x10=0x00000001
     246255.000 ns	     24624	80005364	01dbf5b3	and	x11,x23,x29	 x23:0xfffff99c x29:0x00000200 x11=0x00000000
     246265.000 ns	     24625	80005368	01efafb3	slt	x31,x31,x30	 x31:0x00000000 x30:0x00000001 x31=0x00000001
     246275.000 ns	     24626	8000536c	007180b3	add	x1,x3,x7	  x3:0x00000000  x7:0x00000000  x1=0x00000000
     246285.000 ns	     24627	80005370	ad5b4193	xori	x3,x22,-1323	 x22:0x00000000  x3=0xfffffad5
     246295.000 ns	     24628	80005374	40e3db13	srai	x22,x7,0xe	  x7:0x00000000 x22=0x00000000
     246315.000 ns	     24630	80005378	207d2b53	fsgnjx.s	f22,f26,f7	 f26:0x7f800000  f7:0xff800000 f22=0xff800000
     246335.000 ns	     24632	8000537c	0094e8b3	or	x17,x9,x9	  x9:0x00000000  x9:0x00000000 x17=0x00000000
     246345.000 ns	     24633	80005380	33d26313	ori	x6,x4,829	  x4:0x00000000  x6=0x0000033d
     246355.000 ns	     24634	80005384	007034b3	sltu	x9,x0,x7	  x0:0x00000000  x7:0x00000000  x9=0x00000000
     246385.000 ns	     24637	80005388	58067353	fsqrt.s	f6,f12	 f12:0x7f800000  f6=0x7f800000
     246405.000 ns	     24639	8000538c	4035d3b3	sra	x7,x11,x3	 x11:0x00000000  x3:0xfffffad5  x7=0x00000000
     246425.000 ns	     24641	80005390	02a4abb3	mulhsu	x23,x9,x10	  x9:0x00000000 x10:0x00000001 x23=0x00000000
     246465.000 ns	     24645	80005394	1860f553	fdiv.s	f10,f1,f6	  f1:0xffc00000  f6:0x7f800000 f10=0x7fc00000
     246495.000 ns	     24648	80005398	030918b3	mulh	x17,x18,x16	 x18:0x00000001 x16:0x00000000 x17=0x00000000
     246515.000 ns	     24650	8000539c	0122f2b3	and	x5,x5,x18	  x5:0x00000000 x18:0x00000001  x5=0x00000000
     246535.000 ns	     24652	800053a0	21c892d3	fsgnjn.s	f5,f17,f28	 f17:0x7fc00000 f28:0x7fc00000  f5=0xffc00000
     246565.000 ns	     24655	800053a4	02ee3cb3	mulhu	x25,x28,x14	 x28:0x00000001 x14:0x00000567 x25=0x00000000
     246605.000 ns	     24659	800053a8	114e1dd3	fmul.s	f27,f28,f20	 f28:0x7fc00000 f20:0xff800000 f27=0x7fc00000
     246645.000 ns	     24663	800053ac	109c07d3	fmul.s	f15,f24,f9	 f24:0x00000000  f9:0x7f800000 f15=0x7fc00000
     246665.000 ns	     24665	800053b0	01cfbdb3	sltu	x27,x31,x28	 x31:0x00000001 x28:0x00000001 x27=0x00000000
     246675.000 ns	     24666	800053b4	7ae012b7	lui	x5,0x7ae01	  x5=0x7ae01000
     246685.000 ns	     24667	800053b8	0085dfb3	srl	x31,x11,x8	 x11:0x00000000  x8:0x00000000 x31=0x00000000
     246695.000 ns	     24668	800053bc	014ad713	srli	x14,x21,0x14	 x21:0xffffdfff x14=0x00000fff
     246705.000 ns	     24669	800053c0	05500f93	addi	x31,x0,85	  x0:0x00000000 x31=0x00000055
     246715.000 ns	     24670	800053c4	5c9b0893	addi	x17,x22,1481	 x22:0x00000000 x17=0x000005c9
     246735.000 ns	     24672	800053c8	286218d3	fmax.s	f17,f4,f6	  f4:0xcefff7e0  f6:0x7f800000 f17=0x7f800000
     246765.000 ns	     24675	800053cc	a07fa353	feq.s	x6,f31,f7	 f31:0x00000000  f7:0xff800000  x6=0x00000000
     246785.000 ns	     24677	800053d0	72f67493	andi	x9,x12,1839	 x12:0xfffff99c  x9=0x0000010c
     246795.000 ns	     24678	800053d4	affc6e93	ori	x29,x24,-1281	 x24:0x80040b20 x29=0xfffffbff
     246805.000 ns	     24679	800053d8	4195dc13	srai	x24,x11,0x19	 x11:0x00000000 x24=0x00000000
     246845.000 ns	     24683	800053dc	08eb3dd3	fsub.s	f27,f22,f14	 f22:0xff800000 f14:0x00000000 f27=0xff800000
     246875.000 ns	     24686	800053e0	039d3ab3	mulhu	x21,x26,x25	 x26:0x00000000 x25:0x00000000 x21=0x00000000
     247245.000 ns	     24723	800053e4	03d64233	div	x4,x12,x29	 x12:0xfffff99c x29:0xfffffbff  x4=0x00000001
     247265.000 ns	     24725	800053e8	b0c8f193	andi	x3,x17,-1268	 x17:0x000005c9  x3=0x00000108
     247285.000 ns	     24727	800053ec	29790e53	fmin.s	f28,f18,f23	 f18:0x00000000 f23:0x80000200 f28=0x80000200
     247315.000 ns	     24730	800053f0	293b1a53	fmax.s	f20,f22,f19	 f22:0xff800000 f19:0x1f350483 f20=0x1f350483
     247345.000 ns	     24733	800053f4	c017f653	fcvt.wu.s	x12,f15	 f15:0x7fc00000 x12=0xffffffff
     247375.000 ns	     24736	800053f8	e0030053	fmv.x.w	x0,f6	  f6:0x7f800000
     247395.000 ns	     24738	800053fc	41615db3	sra	x27,x2,x22	  x2:0xfffffaec x22:0x00000000 x27=0xfffffaec
     247415.000 ns	     24740	80005400	e00b9bd3	fclass.s	x23,f23	 f23:0x80000200 x23=0x00000004
     247445.000 ns	     24743	80005404	030218b3	mulh	x17,x4,x16	  x4:0x00000001 x16:0x00000000 x17=0x00000000
     247465.000 ns	     24745	80005408	20ee3393	sltiu	x7,x28,526	 x28:0x00000001  x7=0x00000001
     247475.000 ns	     24746	8000540c	0087a2b3	slt	x5,x15,x8	 x15:0x80040fe4  x8:0x00000000  x5=0x00000001
     247805.000 ns	     24779	80005410	193b8353	fdiv.s	f6,f23,f19	 f23:0x80000200 f19:0x1f350483  f6=0x99b4b4b6
     247835.000 ns	     24782	80005414	299f89d3	fmin.s	f19,f31,f25	 f31:0x00000000 f25:0xffc00000 f19=0x00000000
     247855.000 ns	     24784	80005418	00000013	addi	x0,x0,0	  x0:0x00000000
     247865.000 ns	     24785	8000541c	00a54c33	xor	x24,x10,x10	 x10:0x00000001 x10:0x00000001 x24=0x00000000
     247885.000 ns	     24787	80005420	e0050c53	fmv.x.w	x24,f10	 f10:0x7fc00000 x24=0x7fc00000
     247915.000 ns	     24790	80005424	0264bab3	mulhu	x21,x9,x6	  x9:0x0000010c  x6:0x00000000 x21=0x00000000
     247945.000 ns	     24793	80005428	d0080c53	fcvt.s.w	f24,x16	 x16:0x00000000 f24=0x00000000
     247975.000 ns	     24796	8000542c	c010f5d3	fcvt.wu.s	x11,f1	  f1:0xffc00000 x11=0xffffffff
     247995.000 ns	     24798	80005430	4175db13	srai	x22,x11,0x17	 x11:0x00000000 x22=0xffffffff
     248005.000 ns	     24799	80005434	00dc2ab3	slt	x21,x24,x13	 x24:0x7fc00000 x13:0x00000003 x21=0x00000000
     248015.000 ns	     24800	80005438	195fcbb7	lui	x23,0x195fc	 x23=0x195fc000
     248025.000 ns	     24801	8000543c	fde13893	sltiu	x17,x2,-34	  x2:0xfffffaec x17=0x00000001
     248055.000 ns	     24804	80005440	580b7bd3	fsqrt.s	f23,f22	 f22:0xff800000 f23=0x7fc00000
     248075.000 ns	     24806	80005444	40b5dd93	srai	x27,x11,0xb	 x11:0xffffffff x27=0xffffffff
     248435.000 ns	     24842	80005448	03df6133	rem	x2,x30,x29	 x30:0x00000001 x29:0xfffffbff  x2=0x00000001
     248465.000 ns	     24845	8000544c	20c024d3	fsgnjx.s	f9,f0,f12	  f0:0x5e7fefc0 f12:0x7f800000  f9=0x5e7fefc0
     248485.000 ns	     24847	80005450	01dca533	slt	x10,x25,x29	 x25:0x00000000 x29:0xfffffbff x10=0x00000000
     248505.000 ns	     24849	80005454	03ee21b3	mulhsu	x3,x28,x30	 x28:0x00000001 x30:0x00000001  x3=0x00000000
     248525.000 ns	     24851	80005458	00f58033	add	x0,x11,x15	 x11:0xffffffff x15:0x80040fe4
     248535.000 ns	     24852	8000545c	412b8d33	sub	x26,x23,x18	 x23:0x195fc000 x18:0x00000001 x26=0x195fbfff
     248545.000 ns	     24853	80005460	00b41233	sll	x4,x8,x11	  x8:0x00000000 x11:0xffffffff  x4=0x00000000
     248555.000 ns	     24854	80005464	6dbba037	lui	x0,0x6dbba	
     248575.000 ns	     24856	80005468	0240b233	mulhu	x4,x1,x4	  x1:0x00000000  x4:0x00000001  x4=0x00000000
     248605.000 ns	     24859	8000546c	28a303d3	fmin.s	f7,f6,f10	  f6:0x99b4b4b6 f10:0x7fc00000  f7=0x99b4b4b6
     248635.000 ns	     24862	80005470	289610d3	fmax.s	f1,f12,f9	 f12:0x7f800000  f9:0x5e7fefc0  f1=0x7f800000
     249005.000 ns	     24899	80005474	031d6033	rem	x0,x26,x17	 x26:0x195fbfff x17:0x00000001
     249035.000 ns	     24902	80005478	0286f1b3	remu	x3,x13,x8	 x13:0x00000003  x8:0x00000000  x3=0x00000003
     249055.000 ns	     24904	8000547c	0041f833	and	x16,x3,x4	  x3:0x00000000  x4:0x00000000 x16=0x00000000
     249075.000 ns	     24906	80005480	a0a29dd3	flt.s	x27,f5,f10	  f5:0xffc00000 f10:0x7fc00000 x27=0x00000000
     249105.000 ns	     24909	80005484	031b25b3	mulhsu	x11,x22,x17	 x22:0xffffffff x17:0x00000001 x11=0xffffffff
     249125.000 ns	     24911	80005488	7e003393	sltiu	x7,x0,2016	  x0:0x00000000  x7=0x00000001
     249135.000 ns	     24912	8000548c	01b4afb3	slt	x31,x9,x27	  x9:0x0000010c x27:0x00000000 x31=0x00000000
     249495.000 ns	     24948	80005490	022970b3	remu	x1,x18,x2	 x18:0x00000001  x2:0x00000001  x1=0x00000000
     249515.000 ns	     24950	80005494	01632933	slt	x18,x6,x22	  x6:0x00000000 x22:0xffffffff x18=0x00000000
     249525.000 ns	     24951	80005498	40aeda93	srai	x21,x29,0xa	 x29:0xfffffbff x21=0xfffffffe
     249545.000 ns	     24953	8000549c	d0067853	fcvt.s.w	f16,x12	 x12:0xffffffff f16=0xbf800000
     249575.000 ns	     24956	800054a0	21f39ad3	fsgnjn.s	f21,f7,f31	  f7:0x99b4b4b6 f31:0x00000000 f21=0x99b4b4b6
     249595.000 ns	     24958	800054a4	01b03533	sltu	x10,x0,x27	  x0:0x00000000 x27:0x00000000 x10=0x00000000
     249605.000 ns	     24959	800054a8	0168a633	slt	x12,x17,x22	 x17:0x00000001 x22:0xffffffff x12=0x00000000
     249615.000 ns	     24960	800054ac	40b482b3	sub	x5,x9,x11	  x9:0x0000010c x11:0xffffffff  x5=0x0000010d
     249635.000 ns	     24962	800054b0	d0148e53	fcvt.s.wu	f28,x9	  x9:0x0000010c f28=0x43860000
     249665.000 ns	     24965	800054b4	a0560e53	fle.s	x28,f12,f5	 f12:0x7f800000  f5:0xffc00000 x28=0x00000000
     249695.000 ns	     24968	800054b8	a14fa253	feq.s	x4,f31,f20	 f31:0x00000000 f20:0x1f350483  x4=0x00000000
     249725.000 ns	     24971	800054bc	e0039153	fclass.s	x2,f7	  f7:0x99b4b4b6  x2=0x00000002
     250095.000 ns	     25008	800054c0	02fe7333	remu	x6,x28,x15	 x28:0x00000000 x15:0x80040fe4  x6=0x00000000
     250145.000 ns	     25013	800054c4	0802f1d3	fsub.s	f3,f5,f0	  f5:0xffc00000  f0:0x5e7fefc0  f3=0x7fc00000
     250165.000 ns	     25015	800054c8	4093d5b3	sra	x11,x7,x9	  x7:0x00000001  x9:0x0000010c x11=0x00000000
     250185.000 ns	     25017	800054cc	02368533	mul	x10,x13,x3	 x13:0x00000003  x3:0x00000003 x10=0x00000009
     250205.000 ns	     25019	800054d0	6552a093	slti	x1,x5,1621	  x5:0x0000010d  x1=0x00000001
     250225.000 ns	     25021	800054d4	a1ee9fd3	flt.s	x31,f29,f30	 f29:0x00000000 f30:0x0000003f x31=0x00000001
     250255.000 ns	     25024	800054d8	21569b53	fsgnjn.s	f22,f13,f21	 f13:0xff800000 f21:0x99b4b4b6 f22=0x7f800000
     250285.000 ns	     25027	800054dc	d01877d3	fcvt.s.wu	f15,x16	 x16:0x00000000 f15=0x00000000
     250315.000 ns	     25030	800054e0	21c20c53	fsgnj.s	f24,f4,f28	  f4:0xcefff7e0 f28:0x43860000 f24=0x4efff7e0
     250345.000 ns	     25033	800054e4	c0147653	fcvt.wu.s	x12,f8	  f8:0x8000003f x12=0x00000000
     250365.000 ns	     25035	800054e8	41af5fb3	sra	x31,x30,x26	 x30:0x00000001 x26:0x195fbfff x31=0x00000000
     250385.000 ns	     25037	800054ec	029dbab3	mulhu	x21,x27,x9	 x27:0x00000000  x9:0x0000010c x21=0x00000000
     250415.000 ns	     25040	800054f0	c0082cd3	fcvt.w.s	x25,f16	 f16:0xbf800000 x25=0xffffffff
     250785.000 ns	     25077	800054f4	03104c33	div	x24,x0,x17	  x0:0x00000000 x17:0x00000001 x24=0x00000000
     250805.000 ns	     25079	800054f8	e80fac97	auipc	x25,0xe80fa	 x25=0x680ff4f8
     250815.000 ns	     25080	800054fc	41245c13	srai	x24,x8,0x12	  x8:0x00000000 x24=0x00000000
     250835.000 ns	     25082	80005500	023eb733	mulhu	x14,x29,x3	 x29:0xfffffbff  x3:0x00000003 x14=0x00000002
     250865.000 ns	     25085	80005504	c0107fd3	fcvt.wu.s	x31,f0	  f0:0x5e7fefc0 x31=0xffffffff
     250885.000 ns	     25087	80005508	017ec4b3	xor	x9,x29,x23	 x29:0xfffffbff x23:0x195fc000  x9=0xe6a03bff
     250895.000 ns	     25088	8000550c	00000013	addi	x0,x0,0	  x0:0x00000000
     251255.000 ns	     25124	80005510	03fa5333	divu	x6,x20,x31	 x20:0x80041024 x31:0xffffffff  x6=0x00000000
     251305.000 ns	     25129	80005514	08747153	fsub.s	f2,f8,f7	  f8:0x8000003f  f7:0x99b4b4b6  f2=0x19b4b4b6
     251335.000 ns	     25132	80005518	a0822bd3	feq.s	x23,f4,f8	  f4:0xcefff7e0  f8:0x8000003f x23=0x00000000
     251355.000 ns	     25134	8000551c	0079e5b3	or	x11,x19,x7	 x19:0x00000000  x7:0x00000001 x11=0x00000001
     251365.000 ns	     25135	80005520	0046d393	srli	x7,x13,0x4	 x13:0x00000003  x7=0x00000000
     251385.000 ns	     25137	80005524	28f09d53	fmax.s	f26,f1,f15	  f1:0x7f800000 f15:0x00000000 f26=0x7f800000
     251405.000 ns	     25139	80005528	01960933	add	x18,x12,x25	 x12:0x00000000 x25:0x680ff4f8 x18=0x680ff4f8
     251415.000 ns	     25140	8000552c	01563933	sltu	x18,x12,x21	 x12:0x00000000 x21:0x00000000 x18=0x00000000
     251435.000 ns	     25142	80005530	0337a4b3	mulhsu	x9,x15,x19	 x15:0x80040fe4 x19:0x00000000  x9=0x00000000
     251465.000 ns	     25145	80005534	03549bb3	mulh	x23,x9,x21	  x9:0xe6a03bff x21:0x00000000 x23=0x00000000
     251485.000 ns	     25147	80005538	00000013	addi	x0,x0,0	  x0:0x00000000
     251505.000 ns	     25149	8000553c	e0071453	fclass.s	x8,f14	 f14:0x00000000  x8=0x00000010
     251525.000 ns	     25151	80005540	01f1f4b3	and	x9,x3,x31	  x3:0x00000003 x31:0xffffffff  x9=0x00000003
     251535.000 ns	     25152	80005544	ff562e17	auipc	x28,0xff562	 x28=0x7f567544
     251565.000 ns	     25155	80005548	58093753	fsqrt.s	f14,f18	 f18:0x00000000 f14=0x00000000
     251585.000 ns	     25157	8000554c	0118d733	srl	x14,x17,x17	 x17:0x00000001 x17:0x00000001 x14=0x00000000
     251595.000 ns	     25158	80005550	0137e133	or	x2,x15,x19	 x15:0x80040fe4 x19:0x00000000  x2=0x80040fe4
     251615.000 ns	     25160	80005554	e00893d3	fclass.s	x7,f17	 f17:0x7f800000  x7=0x00000080
     251985.000 ns	     25197	80005558	0284f1b3	remu	x3,x9,x8	  x9:0x00000003  x8:0x00000010  x3=0x00000003
     252005.000 ns	     25199	8000555c	c2813913	sltiu	x18,x2,-984	  x2:0x80040fe4 x18=0x00000001
     252035.000 ns	     25202	80005560	117f00d3	fmul.s	f1,f30,f23	 f30:0x0000003f f23:0x7fc00000  f1=0x7fc00000
     252055.000 ns	     25204	80005564	0002d413	srli	x8,x5,0x0	  x5:0x0000010d  x8=0x0000010d
     252065.000 ns	     25205	80005568	00fadbb3	srl	x23,x21,x15	 x21:0x00000000 x15:0x80040fe4 x23=0x00000000
     252085.000 ns	     25207	8000556c	d0057c53	fcvt.s.w	f24,x10	 x10:0x00000009 f24=0x41100000
     252115.000 ns	     25210	80005570	c00a0ed3	fcvt.w.s	x29,f20	 f20:0x1f350483 x29=0x00000000
     252145.000 ns	     25213	80005574	280196d3	fmax.s	f13,f3,f0	  f3:0x7fc00000  f0:0x5e7fefc0 f13=0x5e7fefc0
     252165.000 ns	     25215	80005578	c6507b13	andi	x22,x0,-923	  x0:0x00000000 x22=0x00000000
     252185.000 ns	     25217	8000557c	a0f30953	fle.s	x18,f6,f15	  f6:0x99b4b4b6 f15:0x00000000 x18=0x00000001
     252205.000 ns	     25219	80005580	00ec5e33	srl	x28,x24,x14	 x24:0x00000000 x14:0x00000000 x28=0x00000000
     252225.000 ns	     25221	80005584	03b67fb3	remu	x31,x12,x27	 x12:0x00000000 x27:0x00000000 x31=0x00000000
     252255.000 ns	     25224	80005588	e0080953	fmv.x.w	x18,f16	 f16:0xbf800000 x18=0xbf800000
     252275.000 ns	     25226	8000558c	9b488a93	addi	x21,x17,-1612	 x17:0x00000001 x21=0xfffff9b5
     252295.000 ns	     25228	80005590	20c78fd3	fsgnj.s	f31,f15,f12	 f15:0x00000000 f12:0x7f800000 f31=0x00000000
     252325.000 ns	     25231	80005594	21e027d3	fsgnjx.s	f15,f0,f30	  f0:0x5e7fefc0 f30:0x0000003f f15=0x5e7fefc0
     252355.000 ns	     25234	80005598	21eca053	fsgnjx.s	f0,f25,f30	 f25:0xffc00000 f30:0x0000003f  f0=0xffc00000
     252385.000 ns	     25237	8000559c	a0b2ad53	feq.s	x26,f5,f11	  f5:0xffc00000 f11:0x00000000 x26=0x00000000
     252405.000 ns	     25239	800055a0	403f01b3	sub	x3,x30,x3	 x30:0x00000001  x3:0x00000003  x3=0xfffffffe
     252445.000 ns	     25243	800055a4	095c8dd3	fsub.s	f27,f25,f21	 f25:0xffc00000 f21:0x99b4b4b6 f27=0x7fc00000
     252495.000 ns	     25248	800055a8	0875fc53	fsub.s	f24,f11,f7	 f11:0x00000000  f7:0x99b4b4b6 f24=0x19b4b4b6
     252515.000 ns	     25250	800055ac	414fd213	srai	x4,x31,0x14	 x31:0x00000000  x4=0x00000000
     252525.000 ns	     25251	800055b0	01c302b3	add	x5,x6,x28	  x6:0x00000000 x28:0x00000000  x5=0x00000000
     252535.000 ns	     25252	800055b4	e976b213	sltiu	x4,x13,-361	 x13:0x00000003  x4=0x00000001
     252555.000 ns	     25254	800055b8	a12b81d3	fle.s	x3,f23,f18	 f23:0x7fc00000 f18:0x00000000  x3=0x00000000
     252585.000 ns	     25257	800055bc	296d97d3	fmax.s	f15,f27,f22	 f27:0x7fc00000 f22:0x7f800000 f15=0x7f800000
     252615.000 ns	     25260	800055c0	c0093fd3	fcvt.w.s	x31,f18	 f18:0x00000000 x31=0x00000000
     252645.000 ns	     25263	800055c4	e0091d53	fclass.s	x26,f18	 f18:0x00000000 x26=0x00000010
     252665.000 ns	     25265	800055c8	40808f33	sub	x30,x1,x8	  x1:0x00000001  x8:0x0000010d x30=0xfffffef4
     252685.000 ns	     25267	800055cc	02613333	mulhu	x6,x2,x6	  x2:0x80040fe4  x6:0x00000000  x6=0x00000000
     252705.000 ns	     25269	800055d0	2a6bef13	ori	x30,x23,678	 x23:0x00000000 x30=0x000002a6
     252715.000 ns	     25270	800055d4	28cbe213	ori	x4,x23,652	 x23:0x00000000  x4=0x0000028c
     252735.000 ns	     25272	800055d8	c000b853	fcvt.w.s	x16,f1	  f1:0x7fc00000 x16=0x7fffffff
     252785.000 ns	     25277	800055dc	00897153	fadd.s	f2,f18,f8	 f18:0x00000000  f8:0x8000003f  f2=0x8000003f
     252805.000 ns	     25279	800055e0	c70c2f17	auipc	x30,0xc70c2	 x30=0x470c75e0
     252825.000 ns	     25281	800055e4	c018f353	fcvt.wu.s	x6,f17	 f17:0x7f800000  x6=0xffffffff
     252845.000 ns	     25283	800055e8	00a9feb3	and	x29,x19,x10	 x19:0x00000000 x10:0x00000009 x29=0x00000000
     252865.000 ns	     25285	800055ec	d01db053	fcvt.s.wu	f0,x27	 x27:0x00000000  f0=0x00000000
     252885.000 ns	     25287	800055f0	7cf84913	xori	x18,x16,1999	 x16:0x7fffffff x18=0x7ffff830
     252905.000 ns	     25289	800055f4	c0164ed3	fcvt.wu.s	x29,f12	 f12:0x7f800000 x29=0xffffffff
     252935.000 ns	     25292	800055f8	03cc2433	mulhsu	x8,x24,x28	 x24:0x00000000 x28:0x00000000  x8=0x00000000
     252975.000 ns	     25296	800055fc	1160f8d3	fmul.s	f17,f1,f22	  f1:0x7fc00000 f22:0x7f800000 f17=0x7fc00000
     253005.000 ns	     25299	80005600	038ebd33	mulhu	x26,x29,x24	 x29:0xffffffff x24:0x00000000 x26=0x00000000
     253025.000 ns	     25301	80005604	b0467493	andi	x9,x12,-1276	 x12:0x00000000  x9=0x00000000
     253035.000 ns	     25302	80005608	745f98b7	lui	x17,0x745f9	 x17=0x745f9000
     253045.000 ns	     25303	8000560c	00387033	and	x0,x16,x3	 x16:0x7fffffff  x3:0x00000000
     253055.000 ns	     25304	80005610	0074d033	srl	x0,x9,x7	  x9:0x00000000  x7:0x00000080
     253065.000 ns	     25305	80005614	5789f2b7	lui	x5,0x5789f	  x5=0x5789f000
     253085.000 ns	     25307	80005618	e0051153	fclass.s	x2,f10	 f10:0x7fc00000  x2=0x00000200
     253115.000 ns	     25310	8000561c	c00670d3	fcvt.w.s	x1,f12	 f12:0x7f800000  x1=0x7fffffff
     253145.000 ns	     25313	80005620	28261753	fmax.s	f14,f12,f2	 f12:0x7f800000  f2:0x8000003f f14=0x7f800000
     253165.000 ns	     25315	80005624	00212633	slt	x12,x2,x2	  x2:0x00000200  x2:0x00000200 x12=0x00000000
     253185.000 ns	     25317	80005628	c01dffd3	fcvt.wu.s	x31,f27	 f27:0x7fc00000 x31=0xffffffff
     253225.000 ns	     25321	8000562c	11aabf53	fmul.s	f30,f21,f26	 f21:0x99b4b4b6 f26:0x7f800000 f30=0xff800000
     253255.000 ns	     25324	80005630	29c083d3	fmin.s	f7,f1,f28	  f1:0x7fc00000 f28:0x43860000  f7=0x43860000
     253285.000 ns	     25327	80005634	e00a9ed3	fclass.s	x29,f21	 f21:0x99b4b4b6 x29=0x00000002
     253305.000 ns	     25329	80005638	00e4d0b3	srl	x1,x9,x14	  x9:0x00000000 x14:0x00000000  x1=0x00000000
     253325.000 ns	     25331	8000563c	0290beb3	mulhu	x29,x1,x9	  x1:0x7fffffff  x9:0x00000000 x29=0x00000000
     253345.000 ns	     25333	80005640	e0e24137	lui	x2,0xe0e24	  x2=0xe0e24000
     253375.000 ns	     25336	80005644	580941d3	fsqrt.s	f3,f18	 f18:0x00000000  f3=0x00000000
     253405.000 ns	     25339	80005648	a139abd3	feq.s	x23,f19,f19	 f19:0x00000000 f19:0x00000000 x23=0x00000001
     253425.000 ns	     25341	8000564c	01801233	sll	x4,x0,x24	  x0:0x00000000 x24:0x00000000  x4=0x00000000
     253445.000 ns	     25343	80005650	a0a8abd3	feq.s	x23,f17,f10	 f17:0x7fc00000 f10:0x7fc00000 x23=0x00000000
     253475.000 ns	     25346	80005654	a1419e53	flt.s	x28,f3,f20	  f3:0x00000000 f20:0x1f350483 x28=0x00000001
     253505.000 ns	     25349	80005658	c00cf853	fcvt.w.s	x16,f25	 f25:0xffc00000 x16=0x7fffffff
     253535.000 ns	     25352	8000565c	29f287d3	fmin.s	f15,f5,f31	  f5:0xffc00000 f31:0x00000000 f15=0x00000000
     253905.000 ns	     25389	80005660	02bbc5b3	div	x11,x23,x11	 x23:0x00000000 x11:0x00000001 x11=0x00000000
     253935.000 ns	     25392	80005664	28a68f53	fmin.s	f30,f13,f10	 f13:0x5e7fefc0 f10:0x7fc00000 f30=0x5e7fefc0
     253955.000 ns	     25394	80005668	00000013	addi	x0,x0,0	  x0:0x00000000
     253995.000 ns	     25398	8000566c	00cc71d3	fadd.s	f3,f24,f12	 f24:0x19b4b4b6 f12:0x7f800000  f3=0x7f800000
     254015.000 ns	     25400	80005670	004262b3	or	x5,x4,x4	  x4:0x00000000  x4:0x00000000  x5=0x00000000
     254035.000 ns	     25402	80005674	280b11d3	fmax.s	f3,f22,f0	 f22:0x7f800000  f0:0x00000000  f3=0x7f800000
     254075.000 ns	     25406	80005678	58089d53	fsqrt.s	f26,f17	 f17:0x7fc00000 f26=0x7fc00000
     254095.000 ns	     25408	8000567c	00831493	slli	x9,x6,0x8	  x6:0xffffffff  x9=0xffffff00
     254115.000 ns	     25410	80005680	212b1353	fsgnjn.s	f6,f22,f18	 f22:0x7f800000 f18:0x00000000  f6=0xff800000
     254135.000 ns	     25412	80005684	9413cf93	xori	x31,x7,-1727	  x7:0x00000080 x31=0xfffff9c1
     254155.000 ns	     25414	80005688	a1bf81d3	fle.s	x3,f31,f27	 f31:0x00000000 f27:0x7fc00000  x3=0x00000000
     254175.000 ns	     25416	8000568c	62f6b413	sltiu	x8,x13,1583	 x13:0x00000003  x8=0x00000001
     254195.000 ns	     25418	80005690	28fc0f53	fmin.s	f30,f24,f15	 f24:0x19b4b4b6 f15:0x00000000 f30=0x00000000
     254225.000 ns	     25421	80005694	03ad7bb3	remu	x23,x26,x26	 x26:0x00000000 x26:0x00000000 x23=0x00000000
     254265.000 ns	     25425	80005698	192ff953	fdiv.s	f18,f31,f18	 f31:0x00000000 f18:0x00000000 f18=0x7fc00000
     254635.000 ns	     25462	8000569c	02f8f9b3	remu	x19,x17,x15	 x17:0x745f9000 x15:0x80040fe4 x19=0x745f9000
     254655.000 ns	     25464	800056a0	01b6fb33	and	x22,x13,x27	 x13:0x00000003 x27:0x00000000 x22=0x00000000
     254665.000 ns	     25465	800056a4	005d9eb3	sll	x29,x27,x5	 x27:0x00000000  x5:0x00000000 x29=0x00000000
     254675.000 ns	     25466	800056a8	0f59bb37	lui	x22,0xf59b	 x22=0x0f59b000
     254695.000 ns	     25468	800056ac	205d12d3	fsgnjn.s	f5,f26,f5	 f26:0x7fc00000  f5:0xffc00000  f5=0x7fc00000
     254715.000 ns	     25470	800056b0	40595033	sra	x0,x18,x5	 x18:0x7ffff830  x5:0x00000000
     254725.000 ns	     25471	800056b4	00e545b3	xor	x11,x10,x14	 x10:0x00000009 x14:0x00000000 x11=0x00000009
     254745.000 ns	     25473	800056b8	a1881653	flt.s	x12,f16,f24	 f16:0xbf800000 f24:0x19b4b4b6 x12=0x00000001
     254765.000 ns	     25475	800056bc	635a7c93	andi	x25,x20,1589	 x20:0x80041024 x25=0x00000024
     254785.000 ns	     25477	800056c0	029508b3	mul	x17,x10,x9	 x10:0x00000009  x9:0xffffff00 x17=0xfffff700
     254805.000 ns	     25479	800056c4	00535e33	srl	x28,x6,x5	  x6:0xffffffff  x5:0x00000000 x28=0xffffffff
     254825.000 ns	     25481	800056c8	20381a53	fsgnjn.s	f20,f16,f3	 f16:0xbf800000  f3:0x7f800000 f20=0xbf800000
     254845.000 ns	     25483	800056cc	24187b97	auipc	x23,0x24187	 x23=0xa418c6cc
     254855.000 ns	     25484	800056d0	01ded433	srl	x8,x29,x29	 x29:0x00000000 x29:0x00000000  x8=0x00000000
     254865.000 ns	     25485	800056d4	417d8333	sub	x6,x27,x23	 x27:0x00000000 x23:0x00000000  x6=0x5be73934
     254875.000 ns	     25486	800056d8	407a5313	srai	x6,x20,0x7	 x20:0x80041024  x6=0xff000820
     254895.000 ns	     25488	800056dc	d0017953	fcvt.s.w	f18,x2	  x2:0xe0e24000 f18=0xcdf8ee00
     254915.000 ns	     25490	800056e0	018815b3	sll	x11,x16,x24	 x16:0x7fffffff x24:0x00000000 x11=0x7fffffff
     254925.000 ns	     25491	800056e4	db074e93	xori	x29,x14,-592	 x14:0x00000000 x29=0xfffffdb0
     254935.000 ns	     25492	800056e8	0032d3b3	srl	x7,x5,x3	  x5:0x00000000  x3:0x00000000  x7=0x00000000
     254975.000 ns	     25496	800056ec	01317e53	fadd.s	f28,f2,f19	  f2:0x8000003f f19:0x00000000 f28=0x8000003f
     254995.000 ns	     25498	800056f0	0a843337	lui	x6,0xa843	  x6=0x0a843000
     255015.000 ns	     25500	800056f4	284f9ad3	fmax.s	f21,f31,f4	 f31:0x00000000  f4:0xcefff7e0 f21=0x00000000
     255385.000 ns	     25537	800056f8	02c9eb33	rem	x22,x19,x12	 x19:0x745f9000 x12:0x00000001 x22=0x00000000
     255415.000 ns	     25540	800056fc	a1f922d3	feq.s	x5,f18,f31	 f18:0xcdf8ee00 f31:0x00000000  x5=0x00000000
     255445.000 ns	     25543	80005700	0297ad33	mulhsu	x26,x15,x9	 x15:0x80040fe4  x9:0xffffff00 x26=0x80041063
     255475.000 ns	     25546	80005704	c01d7bd3	fcvt.wu.s	x23,f26	 f26:0x7fc00000 x23=0xffffffff
     255515.000 ns	     25550	80005708	11aab653	fmul.s	f12,f21,f26	 f21:0x00000000 f26:0x7fc00000 f12=0x7fc00000
     255535.000 ns	     25552	8000570c	4806b293	sltiu	x5,x13,1152	 x13:0x00000003  x5=0x00000001
     255545.000 ns	     25553	80005710	0138a5b3	slt	x11,x17,x19	 x17:0xfffff700 x19:0x745f9000 x11=0x00000001
     255555.000 ns	     25554	80005714	406e0833	sub	x16,x28,x6	 x28:0xffffffff  x6:0x0a843000 x16=0xf57bcfff
     255565.000 ns	     25555	80005718	b0f0c493	xori	x9,x1,-1265	  x1:0x00000000  x9=0xfffffb0f
     255585.000 ns	     25557	8000571c	e00781d3	fmv.x.w	x3,f15	 f15:0x00000000  x3=0x00000000
     255615.000 ns	     25560	80005720	c00123d3	fcvt.w.s	x7,f2	  f2:0x8000003f  x7=0x00000000
     255645.000 ns	     25563	80005724	c0047053	fcvt.w.s	x0,f8	  f8:0x8000003f
     255665.000 ns	     25565	80005728	86172f13	slti	x30,x14,-1951	 x14:0x00000000 x30=0x00000000
     255685.000 ns	     25567	8000572c	c0120053	fcvt.wu.s	x0,f4	  f4:0xcefff7e0
     255705.000 ns	     25569	80005730	650ab213	sltiu	x4,x21,1616	 x21:0xfffff9b5  x4=0x00000000
     255725.000 ns	     25571	80005734	021941b3	div	x3,x18,x1	 x18:0x7ffff830  x1:0x00000000  x3=0xffffffff
     255755.000 ns	     25574	80005738	d00fc553	fcvt.s.w	f10,x31	 x31:0xfffff9c1 f10=0xc4c7e000
     255775.000 ns	     25576	8000573c	410a03b3	sub	x7,x20,x16	 x20:0x80041024 x16:0xf57bcfff  x7=0x8a884025
     255785.000 ns	     25577	80005740	01b08db3	add	x27,x1,x27	  x1:0x00000000 x27:0x00000000 x27=0x00000000
     255795.000 ns	     25578	80005744	00336933	or	x18,x6,x3	  x6:0x0a843000  x3:0xffffffff x18=0xffffffff
     255815.000 ns	     25580	80005748	027cadb3	mulhsu	x27,x25,x7	 x25:0x00000024  x7:0x8a884025 x27=0x00000013
     255835.000 ns	     25582	8000574c	00000013	addi	x0,x0,0	  x0:0x00000000
     255845.000 ns	     25583	80005750	00c99e13	slli	x28,x19,0xc	 x19:0x745f9000 x28=0xf9000000
     255855.000 ns	     25584	80005754	725df313	andi	x6,x27,1829	 x27:0x00000013  x6=0x00000001
     255875.000 ns	     25586	80005758	e0041dd3	fclass.s	x27,f8	  f8:0x8000003f x27=0x00000004
     255905.000 ns	     25589	8000575c	e00a9353	fclass.s	x6,f21	 f21:0x00000000  x6=0x00000010
     255925.000 ns	     25591	80005760	cefe7c97	auipc	x25,0xcefe7	 x25=0x4efec760
     255935.000 ns	     25592	80005764	017daab3	slt	x21,x27,x23	 x27:0x00000004 x23:0xffffffff x21=0x00000000
     255945.000 ns	     25593	80005768	18c76917	auipc	x18,0x18c76	 x18=0x98c7b768
     255965.000 ns	     25595	8000576c	a05ea953	feq.s	x18,f29,f5	 f29:0x00000000  f5:0x7fc00000 x18=0x00000000
     255985.000 ns	     25597	80005770	0133b5b3	sltu	x11,x7,x19	  x7:0x8a884025 x19:0x745f9000 x11=0x00000000
     256005.000 ns	     25599	80005774	a1549153	flt.s	x2,f9,f21	  f9:0x5e7fefc0 f21:0x00000000  x2=0x00000000
     256025.000 ns	     25601	80005778	00222533	slt	x10,x4,x2	  x4:0x00000000  x2:0xe0e24000 x10=0x00000000
     256385.000 ns	     25637	8000577c	023e65b3	rem	x11,x28,x3	 x28:0xf9000000  x3:0xffffffff x11=0x00000000
     256405.000 ns	     25639	80005780	400a01b3	sub	x3,x20,x0	 x20:0x80041024  x0:0x00000000  x3=0x80041024
     256415.000 ns	     25640	80005784	b3308813	addi	x16,x1,-1229	  x1:0x00000000 x16=0xfffffb33
     256425.000 ns	     25641	80005788	0128fdb3	and	x27,x17,x18	 x17:0xfffff700 x18:0x00000000 x27=0x00000000
     256445.000 ns	     25643	8000578c	21679353	fsgnjn.s	f6,f15,f22	 f15:0x00000000 f22:0x7f800000  f6=0x80000000
     256475.000 ns	     25646	80005790	e00604d3	fmv.x.w	x9,f12	 f12:0x7fc00000  x9=0x7fc00000
     256495.000 ns	     25648	80005794	ed41ed13	ori	x26,x3,-300	  x3:0x80041024 x26=0xfffffef4
     256505.000 ns	     25649	80005798	0c9d6993	ori	x19,x26,201	 x26:0x80041063 x19=0xfffffefd
     256515.000 ns	     25650	8000579c	00d4c333	xor	x6,x9,x13	  x9:0x7fc00000 x13:0x00000003  x6=0x7fc00003
     256525.000 ns	     25651	800057a0	41085d93	srai	x27,x16,0x10	 x16:0xfffffb33 x27=0xffffffff
     256545.000 ns	     25653	800057a4	c00bff53	fcvt.w.s	x30,f23	 f23:0x7fc00000 x30=0x7fffffff
     256565.000 ns	     25655	800057a8	00b580b3	add	x1,x11,x11	 x11:0x00000000 x11:0x00000000  x1=0x00000000
     256925.000 ns	     25691	800057ac	026ad033	divu	x0,x21,x6	 x21:0x00000000  x6:0x7fc00003
     256945.000 ns	     25693	800057b0	40388433	sub	x8,x17,x3	 x17:0xfffff700  x3:0x80041024  x8=0x7ffbe6dc
     256955.000 ns	     25694	800057b4	1370cdb7	lui	x27,0x1370c	 x27=0x1370c000
     256975.000 ns	     25696	800057b8	02732c33	mulhsu	x24,x6,x7	  x6:0x7fc00003  x7:0x8a884025 x24=0x45217e04
     256995.000 ns	     25698	800057bc	86ca4613	xori	x12,x20,-1940	 x20:0x80041024 x12=0x7ffbe848
     257015.000 ns	     25700	800057c0	02af0d33	mul	x26,x30,x10	 x30:0x7fffffff x10:0x00000000 x26=0x00000000
     257045.000 ns	     25703	800057c4	027fbcb3	mulhu	x25,x31,x7	 x31:0xfffff9c1  x7:0x8a884025 x25=0x8a883cc3
     257065.000 ns	     25705	800057c8	c99da213	slti	x4,x27,-871	 x27:0x1370c000  x4=0x00000000
     257075.000 ns	     25706	800057cc	009e8cb3	add	x25,x29,x9	 x29:0xfffffdb0  x9:0x7fc00000 x25=0x7fbffdb0
     257095.000 ns	     25708	800057d0	d000c853	fcvt.s.w	f16,x1	  x1:0x00000000 f16=0x00000000
     257115.000 ns	     25710	800057d4	409d8d33	sub	x26,x27,x9	 x27:0x1370c000  x9:0x7fc00000 x26=0x93b0c000
     257135.000 ns	     25712	800057d8	03590333	mul	x6,x18,x21	 x18:0x00000000 x21:0x00000000  x6=0x00000000
     257165.000 ns	     25715	800057dc	03382ab3	mulhsu	x21,x16,x19	 x16:0xfffffb33 x19:0xfffffefd x21=0xfffffb33
     257215.000 ns	     25720	800057e0	00679d53	fadd.s	f26,f15,f6	 f15:0x00000000  f6:0x80000000 f26=0x80000000
     257245.000 ns	     25723	800057e4	a0fe2fd3	feq.s	x31,f28,f15	 f28:0x8000003f f15:0x00000000 x31=0x00000000
     257295.000 ns	     25728	800057e8	08a4f2d3	fsub.s	f5,f9,f10	  f9:0x5e7fefc0 f10:0xc4c7e000  f5=0x5e7fefc0
     257315.000 ns	     25730	800057ec	005cc9b3	xor	x19,x25,x5	 x25:0x7fbffdb0  x5:0x00000001 x19=0x7fbffdb1
     257325.000 ns	     25731	800057f0	00000013	addi	x0,x0,0	  x0:0x00000000
     257345.000 ns	     25733	800057f4	f00202d3	fmv.w.x	f5,x4	  x4:0x00000000  f5=0x00000000
     257375.000 ns	     25736	800057f8	03d9b233	mulhu	x4,x19,x29	 x19:0x7fbffdb1 x29:0xfffffdb0  x4=0x7fbffc89
     257405.000 ns	     25739	800057fc	215e2ed3	fsgnjx.s	f29,f28,f21	 f28:0x8000003f f21:0x00000000 f29=0x8000003f
     257425.000 ns	     25741	80005800	00574233	xor	x4,x14,x5	 x14:0x00000000  x5:0x00000001  x4=0x00000001
     257435.000 ns	     25742	80005804	00000013	addi	x0,x0,0	  x0:0x00000000
     257795.000 ns	     25778	80005808	0277ddb3	divu	x27,x15,x7	 x15:0x80040fe4  x7:0x8a884025 x27=0x00000000
     257825.000 ns	     25781	8000580c	208c2e53	fsgnjx.s	f28,f24,f8	 f24:0x19b4b4b6  f8:0x8000003f f28=0x99b4b4b6
     257845.000 ns	     25783	80005810	fe2b6f13	ori	x30,x22,-30	 x22:0x00000000 x30=0xffffffe2
     257855.000 ns	     25784	80005814	cb63f493	andi	x9,x7,-842	  x7:0x8a884025  x9=0x8a884024
     257865.000 ns	     25785	80005818	01981113	slli	x2,x16,0x19	 x16:0xfffffb33  x2=0x66000000
     257885.000 ns	     25787	8000581c	026b5cb3	divu	x25,x22,x6	 x22:0x00000000  x6:0x00000000 x25=0xffffffff
     258255.000 ns	     25824	80005820	02f9c5b3	div	x11,x19,x15	 x19:0x7fbffdb1 x15:0x80040fe4 x11=0x00000000
     258275.000 ns	     25826	80005824	00a4de13	srli	x28,x9,0xa	  x9:0x8a884024 x28=0x0022a210
     258295.000 ns	     25828	80005828	03b75c33	divu	x24,x14,x27	 x14:0x00000000 x27:0x00000000 x24=0xffffffff
     258315.000 ns	     25830	8000582c	7f06be93	sltiu	x29,x13,2032	 x13:0x00000003 x29=0x00000001
     258335.000 ns	     25832	80005830	02eed733	divu	x14,x29,x14	 x29:0xfffffdb0 x14:0x00000000 x14=0xffffffff
     258355.000 ns	     25834	80005834	18a0b513	sltiu	x10,x1,394	  x1:0x00000000 x10=0x00000001
     258365.000 ns	     25835	80005838	fca6fa93	andi	x21,x13,-54	 x13:0x00000003 x21=0x00000002
     258725.000 ns	     25871	8000583c	025e6eb3	rem	x29,x28,x5	 x28:0x0022a210  x5:0x00000001 x29=0x00000000
     258755.000 ns	     25874	80005840	a15aa353	feq.s	x6,f21,f21	 f21:0x00000000 f21:0x00000000  x6=0x00000001
     258775.000 ns	     25876	80005844	001ebb33	sltu	x22,x29,x1	 x29:0x00000000  x1:0x00000000 x22=0x00000000
     258785.000 ns	     25877	80005848	01ad1eb3	sll	x29,x26,x26	 x26:0x93b0c000 x26:0x93b0c000 x29=0x93b0c000
     258805.000 ns	     25879	8000584c	286b9bd3	fmax.s	f23,f23,f6	 f23:0x7fc00000  f6:0x80000000 f23=0x80000000
     258835.000 ns	     25882	80005850	033791b3	mulh	x3,x15,x19	 x15:0x80040fe4 x19:0x7fbffdb1  x3=0xc0220815
     258855.000 ns	     25884	80005854	41d9d313	srai	x6,x19,0x1d	 x19:0x7fbffdb1  x6=0x00000003
     258875.000 ns	     25886	80005858	a1c712d3	flt.s	x5,f14,f28	 f14:0x7f800000 f28:0x99b4b4b6  x5=0x00000000
     258895.000 ns	     25888	8000585c	41718433	sub	x8,x3,x23	  x3:0xc0220815 x23:0xffffffff  x8=0xc0220816
     258905.000 ns	     25889	80005860	51064093	xori	x1,x12,1296	 x12:0x7ffbe848  x1=0x7ffbed58
     258915.000 ns	     25890	80005864	9ac12e93	slti	x29,x2,-1620	  x2:0x66000000 x29=0x00000000
     258925.000 ns	     25891	80005868	b4c30593	addi	x11,x6,-1204	  x6:0x00000003 x11=0xfffffb4f
     258945.000 ns	     25893	8000586c	212f26d3	fsgnjx.s	f13,f30,f18	 f30:0x00000000 f18:0xcdf8ee00 f13=0x80000000
     258975.000 ns	     25896	80005870	e0068ed3	fmv.x.w	x29,f13	 f13:0x5e7fefc0 x29=0x80000000
     258995.000 ns	     25898	80005874	41d00ab3	sub	x21,x0,x29	  x0:0x00000000 x29:0x00000000 x21=0x80000000
     259005.000 ns	     25899	80005878	8e513493	sltiu	x9,x2,-1819	  x2:0x66000000  x9=0x00000001
     259025.000 ns	     25901	8000587c	e0098753	fmv.x.w	x14,f19	 f19:0x00000000 x14=0x00000000
     259045.000 ns	     25903	80005880	001dc133	xor	x2,x27,x1	 x27:0x00000000  x1:0x7ffbed58  x2=0x7ffbed58
     259065.000 ns	     25905	80005884	29450cd3	fmin.s	f25,f10,f20	 f10:0xc4c7e000 f20:0xbf800000 f25=0xc4c7e000
     259115.000 ns	     25910	80005888	009ef8d3	fadd.s	f17,f29,f9	 f29:0x8000003f  f9:0x5e7fefc0 f17=0x5e7fefc0
     259145.000 ns	     25913	8000588c	c01829d3	fcvt.wu.s	x19,f16	 f16:0x00000000 x19=0x00000000
     259515.000 ns	     25950	80005890	02ae5333	divu	x6,x28,x10	 x28:0x0022a210 x10:0x00000001  x6=0x0022a210
     259545.000 ns	     25953	80005894	034888b3	mul	x17,x17,x20	 x17:0xfffff700 x20:0x80041024 x17=0xdb6ebc00
     259575.000 ns	     25956	80005898	c01db9d3	fcvt.wu.s	x19,f27	 f27:0x7fc00000 x19=0xffffffff
     259625.000 ns	     25961	8000589c	09e87353	fsub.s	f6,f16,f30	 f16:0x00000000 f30:0x00000000  f6=0x80000000
     259645.000 ns	     25963	800058a0	003652b3	srl	x5,x12,x3	 x12:0x7ffbe848  x3:0xc0220815  x5=0x000003ff
     259655.000 ns	     25964	800058a4	00a092b3	sll	x5,x1,x10	  x1:0x7ffbed58 x10:0x00000001  x5=0xfff7dab0
     259675.000 ns	     25966	800058a8	f00d09d3	fmv.w.x	f19,x26	 x26:0x93b0c000 f19=0x93b0c000
     259705.000 ns	     25969	800058ac	03778733	mul	x14,x15,x23	 x15:0x80040fe4 x23:0xffffffff x14=0x7ffbf01c
     259725.000 ns	     25971	800058b0	edde1d17	auipc	x26,0xedde1	 x26=0x6dde68b0
     259745.000 ns	     25973	800058b4	21870753	fsgnj.s	f14,f14,f24	 f14:0x7f800000 f24:0x19b4b4b6 f14=0x7f800000
     259775.000 ns	     25976	800058b8	c00d73d3	fcvt.w.s	x7,f26	 f26:0x80000000  x7=0x00000000
     259795.000 ns	     25978	800058bc	41aa0eb3	sub	x29,x20,x26	 x20:0x80041024 x26:0x6dde68b0 x29=0x1225a774
     259805.000 ns	     25979	800058c0	08856113	ori	x2,x10,136	 x10:0x00000001  x2=0x00000089
     259825.000 ns	     25981	800058c4	0333b733	mulhu	x14,x7,x19	  x7:0x00000000 x19:0xffffffff x14=0x00000000
     259845.000 ns	     25983	800058c8	0180acb3	slt	x25,x1,x24	  x1:0x7ffbed58 x24:0xffffffff x25=0x00000000
     261015.000 ns	     26100	800058cc	580c75d3	fsqrt.s	f11,f24	 f24:0x19b4b4b6 f11=0x2c18161d
     261035.000 ns	     26102	800058d0	01ce68b3	or	x17,x28,x28	 x28:0x0022a210 x28:0x0022a210 x17=0x0022a210
     261055.000 ns	     26104	800058d4	03fba2b3	mulhsu	x5,x23,x31	 x23:0xffffffff x31:0x00000000  x5=0x00000000
     261085.000 ns	     26107	800058d8	02e792b3	mulh	x5,x15,x14	 x15:0x80040fe4 x14:0x00000000  x5=0x00000000
     261105.000 ns	     26109	800058dc	00b75613	srli	x12,x14,0xb	 x14:0x00000000 x12=0x00000000
     261115.000 ns	     26110	800058e0	40d35e93	srai	x29,x6,0xd	  x6:0x0022a210 x29=0x00000115
     261125.000 ns	     26111	800058e4	80be7393	andi	x7,x28,-2037	 x28:0x0022a210  x7=0x0022a000
     261485.000 ns	     26147	800058e8	03ab52b3	divu	x5,x22,x26	 x22:0x00000000 x26:0x6dde68b0  x5=0x00000000
     261505.000 ns	     26149	800058ec	01ca3533	sltu	x10,x20,x28	 x20:0x80041024 x28:0x0022a210 x10=0x00000000
     261525.000 ns	     26151	800058f0	281106d3	fmin.s	f13,f2,f1	  f2:0x8000003f  f1:0x7fc00000 f13=0x8000003f
     261555.000 ns	     26154	800058f4	024d9eb3	mulh	x29,x27,x4	 x27:0x00000000  x4:0x00000001 x29=0x00000000
     261575.000 ns	     26156	800058f8	007e9d93	slli	x27,x29,0x7	 x29:0x00000115 x27=0x00000000
     261615.000 ns	     26160	800058fc	0135f353	fadd.s	f6,f11,f19	 f11:0x2c18161d f19:0x93b0c000  f6=0x2c18161d
     261645.000 ns	     26163	80005900	0284afb3	mulhsu	x31,x9,x8	  x9:0x00000001  x8:0xc0220816 x31=0x00000000
     261675.000 ns	     26166	80005904	20d789d3	fsgnj.s	f19,f15,f13	 f15:0x00000000 f13:0x8000003f f19=0x80000000
     262045.000 ns	     26203	80005908	02f553b3	divu	x7,x10,x15	 x10:0x00000000 x15:0x80040fe4  x7=0x00000000
     262085.000 ns	     26207	8000590c	18139ad3	fdiv.s	f21,f7,f1	  f7:0x43860000  f1:0x7fc00000 f21=0x7fc00000
     262105.000 ns	     26209	80005910	bbb72d13	slti	x26,x14,-1093	 x14:0x00000000 x26=0x00000000
     262125.000 ns	     26211	80005914	c00082d3	fcvt.w.s	x5,f1	  f1:0x7fc00000  x5=0x7fffffff
     262145.000 ns	     26213	80005918	003fa533	slt	x10,x31,x3	 x31:0x00000000  x3:0xc0220815 x10=0x00000000
     262505.000 ns	     26249	8000591c	02bff1b3	remu	x3,x31,x11	 x31:0x00000000 x11:0xfffffb4f  x3=0x00000000
     262535.000 ns	     26252	80005920	023fbab3	mulhu	x21,x31,x3	 x31:0x00000000  x3:0xc0220815 x21=0x00000000
     262555.000 ns	     26254	80005924	002a1393	slli	x7,x20,0x2	 x20:0x80041024  x7=0x00104090
     262575.000 ns	     26256	80005928	e00d1953	fclass.s	x18,f26	 f26:0x80000000 x18=0x00000008
     262605.000 ns	     26259	8000592c	28160ed3	fmin.s	f29,f12,f1	 f12:0x7fc00000  f1:0x7fc00000 f29=0x7fc00000
     262625.000 ns	     26261	80005930	40b95213	srai	x4,x18,0xb	 x18:0x00000008  x4=0x00000000
     262645.000 ns	     26263	80005934	03933633	mulhu	x12,x6,x25	  x6:0x0022a210 x25:0x00000000 x12=0x00000000
     262675.000 ns	     26266	80005938	c01641d3	fcvt.wu.s	x3,f12	 f12:0x7fc00000  x3=0xffffffff
     262705.000 ns	     26269	8000593c	d014f553	fcvt.s.wu	f10,x9	  x9:0x00000001 f10=0x3f800000
     262735.000 ns	     26272	80005940	a1310153	fle.s	x2,f2,f19	  f2:0x8000003f f19:0x80000000  x2=0x00000001
     262755.000 ns	     26274	80005944	82e82f13	slti	x30,x16,-2002	 x16:0xfffffb33 x30=0x00000000
     262765.000 ns	     26275	80005948	018e59b3	srl	x19,x28,x24	 x28:0x0022a210 x24:0xffffffff x19=0x00000000
     262775.000 ns	     26276	8000594c	22ebb813	sltiu	x16,x23,558	 x23:0xffffffff x16=0x00000000
     262785.000 ns	     26277	80005950	015f6f33	or	x30,x30,x21	 x30:0x00000000 x21:0x00000000 x30=0x00000000
     262825.000 ns	     26281	80005954	01b9fd53	fadd.s	f26,f19,f27	 f19:0x80000000 f27:0x7fc00000 f26=0x7fc00000
     262855.000 ns	     26284	80005958	0279b933	mulhu	x18,x19,x7	 x19:0x00000000  x7:0x00104090 x18=0x00000000
     262885.000 ns	     26287	8000595c	c008c2d3	fcvt.w.s	x5,f17	 f17:0x5e7fefc0  x5=0x7fffffff
     262915.000 ns	     26290	80005960	203383d3	fsgnj.s	f7,f7,f3	  f7:0x43860000  f3:0x7f800000  f7=0x43860000
     262965.000 ns	     26295	80005964	099605d3	fsub.s	f11,f12,f25	 f12:0x7fc00000 f25:0xc4c7e000 f11=0x7fc00000
     263335.000 ns	     26332	80005968	037741b3	div	x3,x14,x23	 x14:0x00000000 x23:0xffffffff  x3=0x00000000
     263355.000 ns	     26334	8000596c	00ffdd13	srli	x26,x31,0xf	 x31:0x00000000 x26=0x00000000
     263375.000 ns	     26336	80005970	03641833	mulh	x16,x8,x22	  x8:0xc0220816 x22:0x00000000 x16=0x00000000
     263395.000 ns	     26338	80005974	0019c1b3	xor	x3,x19,x1	 x19:0x00000000  x1:0x7ffbed58  x3=0x7ffbed58
     263405.000 ns	     26339	80005978	006fa033	slt	x0,x31,x6	 x31:0x00000000  x6:0x0022a210
     263435.000 ns	     26342	8000597c	108cfd53	fmul.s	f26,f25,f8	 f25:0xc4c7e000  f8:0x8000003f f26=0x00018981
     263455.000 ns	     26344	80005980	23cc6d13	ori	x26,x24,572	 x24:0xffffffff x26=0xffffffff
     263815.000 ns	     26380	80005984	031cdab3	divu	x21,x25,x17	 x25:0x00000000 x17:0x0022a210 x21=0x00000000
     263835.000 ns	     26382	80005988	47ed4f13	xori	x30,x26,1150	 x26:0x00000000 x30=0xfffffb81
     263845.000 ns	     26383	8000598c	0c6ca293	slti	x5,x25,198	 x25:0x00000000  x5=0x00000001
     263855.000 ns	     26384	80005990	001861b3	or	x3,x16,x1	 x16:0x00000000  x1:0x7ffbed58  x3=0x7ffbed58
     263875.000 ns	     26386	80005994	a1810553	fle.s	x10,f2,f24	  f2:0x8000003f f24:0x19b4b4b6 x10=0x00000001
     263905.000 ns	     26389	80005998	c00145d3	fcvt.w.s	x11,f2	  f2:0x8000003f x11=0x00000000
     263925.000 ns	     26391	8000599c	00381113	slli	x2,x16,0x3	 x16:0x00000000  x2=0x00000000
     263935.000 ns	     26392	800059a0	ec0a0a93	addi	x21,x20,-320	 x20:0x80041024 x21=0x80040ee4
     263955.000 ns	     26394	800059a4	020e0cb3	mul	x25,x28,x0	 x28:0x0022a210  x0:0x00000000 x25=0x00000000
     263985.000 ns	     26397	800059a8	032a3f33	mulhu	x30,x20,x18	 x20:0x80041024 x18:0x00000000 x30=0x00000000
     264005.000 ns	     26399	800059ac	116b20b7	lui	x1,0x116b2	  x1=0x116b2000
     264045.000 ns	     26403	800059b0	00e37d53	fadd.s	f26,f6,f14	  f6:0x2c18161d f14:0x7f800000 f26=0x7f800000
     264075.000 ns	     26406	800059b4	02f4bd33	mulhu	x26,x9,x15	  x9:0x00000001 x15:0x80040fe4 x26=0x00000000
     264095.000 ns	     26408	800059b8	f4fd8b93	addi	x23,x27,-177	 x27:0x00000000 x23=0xffffff4f
     264115.000 ns	     26410	800059bc	020a9033	mulh	x0,x21,x0	 x21:0x80040ee4  x0:0x00000000
     264145.000 ns	     26413	800059c0	a03d89d3	fle.s	x19,f27,f3	 f27:0x7fc00000  f3:0x7f800000 x19=0x00000000
     264515.000 ns	     26450	800059c4	02f961b3	rem	x3,x18,x15	 x18:0x00000000 x15:0x80040fe4  x3=0x00000000
     264545.000 ns	     26453	800059c8	0378a933	mulhsu	x18,x17,x23	 x17:0x0022a210 x23:0xffffff4f x18=0x0022a20f
     264575.000 ns	     26456	800059cc	a0e19fd3	flt.s	x31,f3,f14	  f3:0x7f800000 f14:0x7f800000 x31=0x00000000
     264605.000 ns	     26459	800059d0	214c0053	fsgnj.s	f0,f24,f20	 f24:0x19b4b4b6 f20:0xbf800000  f0=0x99b4b4b6
     264625.000 ns	     26461	800059d4	26ae0393	addi	x7,x28,618	 x28:0x0022a210  x7=0x0022a47a
     264635.000 ns	     26462	800059d8	2e077093	andi	x1,x14,736	 x14:0x00000000  x1=0x00000000
     264655.000 ns	     26464	800059dc	e0040e53	fmv.x.w	x28,f8	  f8:0x8000003f x28=0x8000003f
     264685.000 ns	     26467	800059e0	03067ab3	remu	x21,x12,x16	 x12:0x00000000 x16:0x00000000 x21=0x00000000
     264715.000 ns	     26470	800059e4	21dca8d3	fsgnjx.s	f17,f25,f29	 f25:0xc4c7e000 f29:0x7fc00000 f17=0xc4c7e000
     264745.000 ns	     26473	800059e8	03514d33	div	x26,x2,x21	  x2:0x00000000 x21:0x00000000 x26=0xffffffff
     264775.000 ns	     26476	800059ec	a1088d53	fle.s	x26,f17,f16	 f17:0xc4c7e000 f16:0x00000000 x26=0x00000001
     265145.000 ns	     26513	800059f0	031ef9b3	remu	x19,x29,x17	 x29:0x00000000 x17:0x0022a210 x19=0x00000000
     265165.000 ns	     26515	800059f4	00004133	xor	x2,x0,x0	  x0:0x00000000  x0:0x00000000  x2=0x00000000
     265175.000 ns	     26516	800059f8	409add93	srai	x27,x21,0x9	 x21:0x00000000 x27=0x00000000
     265195.000 ns	     26518	800059fc	a18a8553	fle.s	x10,f21,f24	 f21:0x7fc00000 f24:0x19b4b4b6 x10=0x00000000
     265245.000 ns	     26523	80005a00	001377d3	fadd.s	f15,f6,f1	  f6:0x2c18161d  f1:0x7fc00000 f15=0x7fc00000
     265275.000 ns	     26526	80005a04	e00a0b53	fmv.x.w	x22,f20	 f20:0xbf800000 x22=0xbf800000
     265305.000 ns	     26529	80005a08	03a1b633	mulhu	x12,x3,x26	  x3:0x00000000 x26:0x00000001 x12=0x00000000
     265325.000 ns	     26531	80005a0c	a0c7c013	xori	x0,x15,-1524	 x15:0x80040fe4
     265345.000 ns	     26533	80005a10	a1241353	flt.s	x6,f8,f18	  f8:0x8000003f f18:0xcdf8ee00  x6=0x00000000
     265395.000 ns	     26538	80005a14	09c24653	fsub.s	f12,f4,f28	  f4:0xcefff7e0 f28:0x99b4b4b6 f12=0xcefff7e0
     265415.000 ns	     26540	80005a18	00000013	addi	x0,x0,0	  x0:0x00000000
     265425.000 ns	     26541	80005a1c	c94dae93	slti	x29,x27,-876	 x27:0x00000000 x29=0x00000000
     265435.000 ns	     26542	80005a20	894b8637	lui	x12,0x894b8	 x12=0x894b8000
     265445.000 ns	     26543	80005a24	8a29eb13	ori	x22,x19,-1886	 x19:0x00000000 x22=0xfffff8a2
     265455.000 ns	     26544	80005a28	00245013	srli	x0,x8,0x2	  x8:0xc0220816
     265475.000 ns	     26546	80005a2c	02a921b3	mulhsu	x3,x18,x10	 x18:0x0022a20f x10:0x00000000  x3=0x00000000
     265495.000 ns	     26548	80005a30	019d4ab3	xor	x21,x26,x25	 x26:0x00000001 x25:0x00000000 x21=0x00000001
     265515.000 ns	     26550	80005a34	2046a153	fsgnjx.s	f2,f13,f4	 f13:0x8000003f  f4:0xcefff7e0  f2=0x0000003f
     265565.000 ns	     26555	80005a38	083ac153	fsub.s	f2,f21,f3	 f21:0x7fc00000  f3:0x7f800000  f2=0x7fc00000
     265595.000 ns	     26558	80005a3c	e00384d3	fmv.x.w	x9,f7	  f7:0x43860000  x9=0x43860000
     265615.000 ns	     26560	80005a40	4016d333	sra	x6,x13,x1	 x13:0x00000003  x1:0x00000000  x6=0x00000003
     265635.000 ns	     26562	80005a44	021f5e33	divu	x28,x30,x1	 x30:0x00000000  x1:0x00000000 x28=0xffffffff
     265655.000 ns	     26564	80005a48	728a6317	auipc	x6,0x728a6	  x6=0xf28aba48
     265665.000 ns	     26565	80005a4c	6827b093	sltiu	x1,x15,1666	 x15:0x80040fe4  x1=0x00000000
     266025.000 ns	     26601	80005a50	02caff33	remu	x30,x21,x12	 x21:0x00000001 x12:0x894b8000 x30=0x00000001
     266395.000 ns	     26638	80005a54	03ecf533	remu	x10,x25,x30	 x25:0x00000000 x30:0x00000000 x10=0x00000000
     266425.000 ns	     26641	80005a58	21f609d3	fsgnj.s	f19,f12,f31	 f12:0xcefff7e0 f31:0x00000000 f19=0x4efff7e0
     266455.000 ns	     26644	80005a5c	02dbb2b3	mulhu	x5,x23,x13	 x23:0xffffff4f x13:0x00000003  x5=0x00000002
     266505.000 ns	     26649	80005a60	005f8053	fadd.s	f0,f31,f5	 f31:0x00000000  f5:0x00000000  f0=0x00000000
     266535.000 ns	     26652	80005a64	d01e0e53	fcvt.s.wu	f28,x28	 x28:0xffffffff f28=0x4f800000
     266555.000 ns	     26654	80005a68	ef0de013	ori	x0,x27,-272	 x27:0x00000000
     266575.000 ns	     26656	80005a6c	20d51ad3	fsgnjn.s	f21,f10,f13	 f10:0x3f800000 f13:0x8000003f f21=0x3f800000
     266945.000 ns	     26693	80005a70	0275c633	div	x12,x11,x7	 x11:0x00000000  x7:0x0022a47a x12=0x00000000
     266965.000 ns	     26695	80005a74	5de72613	slti	x12,x14,1502	 x14:0x00000000 x12=0x00000001
     266985.000 ns	     26697	80005a78	03521c33	mulh	x24,x4,x21	  x4:0x00000000 x21:0x00000001 x24=0x00000000
     267005.000 ns	     26699	80005a7c	40f10633	sub	x12,x2,x15	  x2:0x00000000 x15:0x80040fe4 x12=0x7ffbf01c
     267025.000 ns	     26701	80005a80	d00aff53	fcvt.s.w	f30,x21	 x21:0x00000001 f30=0x3f800000
     267045.000 ns	     26703	80005a84	017b5613	srli	x12,x22,0x17	 x22:0xfffff8a2 x12=0x000001ff
     267055.000 ns	     26704	80005a88	413f0eb3	sub	x29,x30,x19	 x30:0x00000001 x19:0x00000000 x29=0x00000001
     267075.000 ns	     26706	80005a8c	288b1d53	fmax.s	f26,f22,f8	 f22:0x7f800000  f8:0x8000003f f26=0x7f800000
     267095.000 ns	     26708	80005a90	40db8e33	sub	x28,x23,x13	 x23:0xffffff4f x13:0x00000003 x28=0xffffff4c
     267105.000 ns	     26709	80005a94	d0dbb113	sltiu	x2,x23,-755	 x23:0xffffff4f  x2=0x00000000
     267115.000 ns	     26710	80005a98	3bbb1937	lui	x18,0x3bbb1	 x18=0x3bbb1000
     267125.000 ns	     26711	80005a9c	ff7ac013	xori	x0,x21,-9	 x21:0x00000001
     267165.000 ns	     26715	80005aa0	01360753	fadd.s	f14,f12,f19	 f12:0xcefff7e0 f19:0x4efff7e0 f14=0x00000000
     267195.000 ns	     26718	80005aa4	02359ab3	mulh	x21,x11,x3	 x11:0x00000000  x3:0x00000000 x21=0x00000000
     267215.000 ns	     26720	80005aa8	41185b33	sra	x22,x16,x17	 x16:0x00000000 x17:0x0022a210 x22=0x00000000
     267235.000 ns	     26722	80005aac	038f1733	mulh	x14,x30,x24	 x30:0x00000001 x24:0x00000000 x14=0x00000000
     267275.000 ns	     26726	80005ab0	10ee7e53	fmul.s	f28,f28,f14	 f28:0x4f800000 f14:0x00000000 f28=0x00000000
     267295.000 ns	     26728	80005ab4	8eb57913	andi	x18,x10,-1813	 x10:0x00000000 x18=0x00000000
     267315.000 ns	     26730	80005ab8	03118fb3	mul	x31,x3,x17	  x3:0x00000000 x17:0x0022a210 x31=0x00000000
     267335.000 ns	     26732	80005abc	01780fb3	add	x31,x16,x23	 x16:0x00000000 x23:0xffffff4f x31=0xffffff4f
     267345.000 ns	     26733	80005ac0	74c3ec93	ori	x25,x7,1868	  x7:0x0022a47a x25=0x0022a77e
     267355.000 ns	     26734	80005ac4	d479fd93	andi	x27,x19,-697	 x19:0x00000000 x27=0x00000000
     267375.000 ns	     26736	80005ac8	212ba553	fsgnjx.s	f10,f23,f18	 f23:0x80000000 f18:0xcdf8ee00 f10=0x00000000
     267395.000 ns	     26738	80005acc	bc79c017	auipc	x0,0xbc79c	
     267405.000 ns	     26739	80005ad0	001c6c33	or	x24,x24,x1	 x24:0x00000000  x1:0x00000000 x24=0x00000000
     267425.000 ns	     26741	80005ad4	a0969bd3	flt.s	x23,f13,f9	 f13:0x8000003f  f9:0x5e7fefc0 x23=0x00000001
     267445.000 ns	     26743	80005ad8	01dcb2b3	sltu	x5,x25,x29	 x25:0x0022a77e x29:0x00000001  x5=0x00000000
     267455.000 ns	     26744	80005adc	017f5ab3	srl	x21,x30,x23	 x30:0x00000001 x23:0x00000001 x21=0x00000000
     267465.000 ns	     26745	80005ae0	503ecb37	lui	x22,0x503ec	 x22=0x503ec000
     267475.000 ns	     26746	80005ae4	4167d393	srai	x7,x15,0x16	 x15:0x80040fe4  x7=0xfffffe00
     267495.000 ns	     26748	80005ae8	20502453	fsgnjx.s	f8,f0,f5	  f0:0x00000000  f5:0x00000000  f8=0x00000000
     267525.000 ns	     26751	80005aec	f00100d3	fmv.w.x	f1,x2	  x2:0x00000000  f1=0x00000000
     267545.000 ns	     26753	80005af0	015e2033	slt	x0,x28,x21	 x28:0xffffff4c x21:0x00000000
     267555.000 ns	     26754	80005af4	770c1637	lui	x12,0x770c1	 x12=0x770c1000
     267575.000 ns	     26756	80005af8	03f5b9b3	mulhu	x19,x11,x31	 x11:0x00000000 x31:0xffffff4f x19=0x00000000
     267595.000 ns	     26758	80005afc	415c0733	sub	x14,x24,x21	 x24:0x00000000 x21:0x00000000 x14=0x00000000
     267605.000 ns	     26759	80005b00	4197d093	srai	x1,x15,0x19	 x15:0x80040fe4  x1=0xffffffc0
     267615.000 ns	     26760	80005b04	40a08bb3	sub	x23,x1,x10	  x1:0x00000000 x10:0x00000000 x23=0xffffffc0
     267655.000 ns	     26764	80005b08	00c647d3	fadd.s	f15,f12,f12	 f12:0xcefff7e0 f12:0xcefff7e0 f15=0xcf7ff7e0
     267685.000 ns	     26767	80005b0c	02267133	remu	x2,x12,x2	 x12:0x770c1000  x2:0x00000000  x2=0x770c1000
     267715.000 ns	     26770	80005b10	03f92db3	mulhsu	x27,x18,x31	 x18:0x00000000 x31:0xffffff4f x27=0x00000000
     267735.000 ns	     26772	80005b14	008e75b3	and	x11,x28,x8	 x28:0xffffff4c  x8:0xc0220816 x11=0xc0220804
     267775.000 ns	     26776	80005b18	08d6fe53	fsub.s	f28,f13,f13	 f13:0x8000003f f13:0x8000003f f28=0x00000000
     267815.000 ns	     26780	80005b1c	114d7653	fmul.s	f12,f26,f20	 f26:0x7f800000 f20:0xbf800000 f12=0xff800000
     267835.000 ns	     26782	80005b20	40880fb3	sub	x31,x16,x8	 x16:0x00000000  x8:0xc0220816 x31=0x3fddf7ea
     268195.000 ns	     26818	80005b24	03d8de33	divu	x28,x17,x29	 x17:0x0022a210 x29:0x00000001 x28=0x0022a210
     268215.000 ns	     26820	80005b28	016b1233	sll	x4,x22,x22	 x22:0x503ec000 x22:0x503ec000  x4=0x503ec000
     268235.000 ns	     26822	80005b2c	29bd8453	fmin.s	f8,f27,f27	 f27:0x7fc00000 f27:0x7fc00000  f8=0x7fc00000
     268285.000 ns	     26827	80005b30	015284d3	fadd.s	f9,f5,f21	  f5:0x00000000 f21:0x3f800000  f9=0x3f800000
     268315.000 ns	     26830	80005b34	200e1ed3	fsgnjn.s	f29,f28,f0	 f28:0x00000000  f0:0x00000000 f29=0x80000000
     268335.000 ns	     26832	80005b38	00000013	addi	x0,x0,0	  x0:0x00000000
     268355.000 ns	     26834	80005b3c	02af0eb3	mul	x29,x30,x10	 x30:0x00000001 x10:0x00000000 x29=0x00000000
     268375.000 ns	     26836	80005b40	c8b1f4b7	lui	x9,0xc8b1f	  x9=0xc8b1f000
     268405.000 ns	     26839	80005b44	1140c953	fmul.s	f18,f1,f20	  f1:0x00000000 f20:0xbf800000 f18=0x80000000
     268435.000 ns	     26842	80005b48	a025a053	feq.s	x0,f11,f2	 f11:0x7fc00000  f2:0x7fc00000
     268455.000 ns	     26844	80005b4c	004cc333	xor	x6,x25,x4	 x25:0x0022a77e  x4:0x503ec000  x6=0x501c677e
     268465.000 ns	     26845	80005b50	41c452b3	sra	x5,x8,x28	  x8:0xc0220816 x28:0x0022a210  x5=0xffffc022
     268485.000 ns	     26847	80005b54	f0020e53	fmv.w.x	f28,x4	  x4:0x503ec000 f28=0x503ec000
     268515.000 ns	     26850	80005b58	03b9dfb3	divu	x31,x19,x27	 x19:0x00000000 x27:0x00000000 x31=0xffffffff
     268545.000 ns	     26853	80005b5c	c01d18d3	fcvt.wu.s	x17,f26	 f26:0x7f800000 x17=0xffffffff
     268575.000 ns	     26856	80005b60	29508753	fmin.s	f14,f1,f21	  f1:0x00000000 f21:0x3f800000 f14=0x00000000
     268605.000 ns	     26859	80005b64	03887433	remu	x8,x16,x24	 x16:0x00000000 x24:0x00000000  x8=0x00000000
     268635.000 ns	     26862	80005b68	02251db3	mulh	x27,x10,x2	 x10:0x00000000  x2:0x770c1000 x27=0x00000000
     269005.000 ns	     26899	80005b6c	03e3e833	rem	x16,x7,x30	  x7:0xfffffe00 x30:0x00000001 x16=0x00000000
     269035.000 ns	     26902	80005b70	02cc2db3	mulhsu	x27,x24,x12	 x24:0x00000000 x12:0x770c1000 x27=0x00000000
     269055.000 ns	     26904	80005b74	04c4cfb7	lui	x31,0x4c4c	 x31=0x04c4c000
     269065.000 ns	     26905	80005b78	263ee213	ori	x4,x29,611	 x29:0x00000000  x4=0x00000263
     269085.000 ns	     26907	80005b7c	0207cc33	div	x24,x15,x0	 x15:0x80040fe4  x0:0x00000000 x24=0xffffffff
     269455.000 ns	     26944	80005b80	03a34c33	div	x24,x6,x26	  x6:0x501c677e x26:0x00000001 x24=0x501c677e
     269475.000 ns	     26946	80005b84	64a3bf93	sltiu	x31,x7,1610	  x7:0xfffffe00 x31=0x00000000
     269495.000 ns	     26948	80005b88	03740d33	mul	x26,x8,x23	  x8:0x00000000 x23:0xffffffc0 x26=0x00000000
     269525.000 ns	     26951	80005b8c	a0408353	fle.s	x6,f1,f4	  f1:0x00000000  f4:0xcefff7e0  x6=0x00000000
     269555.000 ns	     26954	80005b90	023c3233	mulhu	x4,x24,x3	 x24:0x501c677e  x3:0x00000000  x4=0x00000000
     269605.000 ns	     26959	80005b94	09edfa53	fsub.s	f20,f27,f30	 f27:0x7fc00000 f30:0x3f800000 f20=0x7fc00000
     269635.000 ns	     26962	80005b98	02f40133	mul	x2,x8,x15	  x8:0x00000000 x15:0x80040fe4  x2=0x00000000
     269665.000 ns	     26965	80005b9c	03d5eab3	rem	x21,x11,x29	 x11:0xc0220804 x29:0x00000000 x21=0xc0220804
     269685.000 ns	     26967	80005ba0	7f4b0393	addi	x7,x22,2036	 x22:0x503ec000  x7=0x503ec7f4
     269715.000 ns	     26970	80005ba4	115373d3	fmul.s	f7,f6,f21	  f6:0x2c18161d f21:0x3f800000  f7=0x2c18161e
     269745.000 ns	     26973	80005ba8	c01c7653	fcvt.wu.s	x12,f24	 f24:0x19b4b4b6 x12=0x00000000
     269775.000 ns	     26976	80005bac	a0f68c53	fle.s	x24,f13,f15	 f13:0x8000003f f15:0xcf7ff7e0 x24=0x00000000
     269805.000 ns	     26979	80005bb0	d004f253	fcvt.s.w	f4,x9	  x9:0xc8b1f000  f4=0xce5d3840
     269835.000 ns	     26982	80005bb4	c01d7d53	fcvt.wu.s	x26,f26	 f26:0x7f800000 x26=0xffffffff
     270205.000 ns	     27019	80005bb8	0279cfb3	div	x31,x19,x7	 x19:0x00000000  x7:0x503ec7f4 x31=0x00000000
     270575.000 ns	     27056	80005bbc	03177833	remu	x16,x14,x17	 x14:0x00000000 x17:0xffffffff x16=0x00000000
     270605.000 ns	     27059	80005bc0	02583fb3	mulhu	x31,x16,x5	 x16:0x00000000  x5:0xffffc022 x31=0x00000000
     270645.000 ns	     27063	80005bc4	1012bd53	fmul.s	f26,f5,f1	  f5:0x00000000  f1:0x00000000 f26=0x00000000
     270665.000 ns	     27065	80005bc8	ec2dbb93	sltiu	x23,x27,-318	 x27:0x00000000 x23=0x00000001
     270675.000 ns	     27066	80005bcc	006b1e33	sll	x28,x22,x6	 x22:0x503ec000  x6:0x00000000 x28=0x503ec000
     270685.000 ns	     27067	80005bd0	0080d833	srl	x16,x1,x8	  x1:0xffffffc0  x8:0x00000000 x16=0xffffffc0
     270705.000 ns	     27069	80005bd4	e00d8cd3	fmv.x.w	x25,f27	 f27:0x7fc00000 x25=0x7fc00000
     270735.000 ns	     27072	80005bd8	219c0b53	fsgnj.s	f22,f24,f25	 f24:0x19b4b4b6 f25:0xc4c7e000 f22=0x99b4b4b6
     270765.000 ns	     27075	80005bdc	20b90353	fsgnj.s	f6,f18,f11	 f18:0x80000000 f11:0x7fc00000  f6=0x00000000
     270795.000 ns	     27078	80005be0	c01195d3	fcvt.wu.s	x11,f3	  f3:0x7f800000 x11=0xffffffff
     270825.000 ns	     27081	80005be4	023128b3	mulhsu	x17,x2,x3	  x2:0x00000000  x3:0x00000000 x17=0x00000000
     270855.000 ns	     27084	80005be8	f00e0553	fmv.w.x	f10,x28	 x28:0x503ec000 f10=0x503ec000
     270875.000 ns	     27086	80005bec	52082913	slti	x18,x16,1312	 x16:0xffffffc0 x18=0x00000001
     270885.000 ns	     27087	80005bf0	de71a093	slti	x1,x3,-537	  x3:0x00000000  x1=0x00000000
     270915.000 ns	     27090	80005bf4	18311653	fdiv.s	f12,f2,f3	  f2:0x7fc00000  f3:0x7f800000 f12=0x7fc00000
     270945.000 ns	     27093	80005bf8	e00b12d3	fclass.s	x5,f22	 f22:0x99b4b4b6  x5=0x00000002
     270965.000 ns	     27095	80005bfc	06917193	andi	x3,x2,105	  x2:0x00000000  x3=0x00000000
     270975.000 ns	     27096	80005c00	85ce8613	addi	x12,x29,-1956	 x29:0x00000000 x12=0xfffff85c
     270995.000 ns	     27098	80005c04	c0089553	fcvt.w.s	x10,f17	 f17:0xc4c7e000 x10=0xfffff9c1
     271015.000 ns	     27100	80005c08	00000013	addi	x0,x0,0	  x0:0x00000000
     271025.000 ns	     27101	80005c0c	01f12cb3	slt	x25,x2,x31	  x2:0x00000000 x31:0x00000000 x25=0x00000000
     271035.000 ns	     27102	80005c10	f5888937	lui	x18,0xf5888	 x18=0xf5888000
     271045.000 ns	     27103	80005c14	2da40f93	addi	x31,x8,730	  x8:0x00000000 x31=0x000002da
     271065.000 ns	     27105	80005c18	21b606d3	fsgnj.s	f13,f12,f27	 f12:0x7fc00000 f27:0x7fc00000 f13=0x7fc00000
     271085.000 ns	     27107	80005c1c	00ad5233	srl	x4,x26,x10	 x26:0xffffffff x10:0xfffff9c1  x4=0x7fffffff
     271095.000 ns	     27108	80005c20	de60e2b7	lui	x5,0xde60e	  x5=0xde60e000
     271115.000 ns	     27110	80005c24	29fc1dd3	fmax.s	f27,f24,f31	 f24:0x19b4b4b6 f31:0x00000000 f27=0x19b4b4b6
     271145.000 ns	     27113	80005c28	e00381d3	fmv.x.w	x3,f7	  f7:0x2c18161e  x3=0x2c18161e
     271175.000 ns	     27116	80005c2c	03560d33	mul	x26,x12,x21	 x12:0xfffff85c x21:0xc0220804 x26=0xfbfac170
     271195.000 ns	     27118	80005c30	0120dfb3	srl	x31,x1,x18	  x1:0x00000000 x18:0xf5888000 x31=0x00000000
     271235.000 ns	     27122	80005c34	0006fe53	fadd.s	f28,f13,f0	 f13:0x7fc00000  f0:0x00000000 f28=0x7fc00000
     271255.000 ns	     27124	80005c38	005040b3	xor	x1,x0,x5	  x0:0x00000000  x5:0xde60e000  x1=0xde60e000
     271275.000 ns	     27126	80005c3c	025d9c33	mulh	x24,x27,x5	 x27:0x00000000  x5:0xde60e000 x24=0x00000000
     271305.000 ns	     27129	80005c40	a02710d3	flt.s	x1,f14,f2	 f14:0x00000000  f2:0x7fc00000  x1=0x00000000
     271335.000 ns	     27132	80005c44	c004f4d3	fcvt.w.s	x9,f9	  f9:0x3f800000  x9=0x00000001
     271365.000 ns	     27135	80005c48	e00e1e53	fclass.s	x28,f28	 f28:0x7fc00000 x28=0x00000200
     271385.000 ns	     27137	80005c4c	01044133	xor	x2,x8,x16	  x8:0x00000000 x16:0xffffffc0  x2=0xffffffc0
     271405.000 ns	     27139	80005c50	f0048253	fmv.w.x	f4,x9	  x9:0x00000001  f4=0x00000001
     271435.000 ns	     27142	80005c54	f00a87d3	fmv.w.x	f15,x21	 x21:0xc0220804 f15=0xc0220804
     271465.000 ns	     27145	80005c58	2044aad3	fsgnjx.s	f21,f9,f4	  f9:0x3f800000  f4:0x00000001 f21=0x3f800000
     271495.000 ns	     27148	80005c5c	020ee4b3	rem	x9,x29,x0	 x29:0x00000000  x0:0x00000000  x9=0x00000000
     271525.000 ns	     27151	80005c60	290718d3	fmax.s	f17,f14,f16	 f14:0x00000000 f16:0x00000000 f17=0x00000000
     271555.000 ns	     27154	80005c64	a06021d3	feq.s	x3,f0,f6	  f0:0x00000000  f6:0x00000000  x3=0x00000001
     271585.000 ns	     27157	80005c68	a0cc09d3	fle.s	x19,f24,f12	 f24:0x19b4b4b6 f12:0x7fc00000 x19=0x00000000
     271605.000 ns	     27159	80005c6c	67fda113	slti	x2,x27,1663	 x27:0x00000000  x2=0x00000001
     271615.000 ns	     27160	80005c70	00c47e33	and	x28,x8,x12	  x8:0x00000000 x12:0xfffff85c x28=0x00000000
     271625.000 ns	     27161	80005c74	42764313	xori	x6,x12,1063	 x12:0xfffff85c  x6=0xfffffc7b
     271645.000 ns	     27163	80005c78	d012b653	fcvt.s.wu	f12,x5	  x5:0xde60e000 f12=0x4f5e60e0
     271665.000 ns	     27165	80005c7c	4043db33	sra	x22,x7,x4	  x7:0x503ec7f4  x4:0x7fffffff x22=0x00000000
     271685.000 ns	     27167	80005c80	03b72c33	mulhsu	x24,x14,x27	 x14:0x00000000 x27:0x00000000 x24=0x00000000
     271715.000 ns	     27170	80005c84	022b0c33	mul	x24,x22,x2	 x22:0x503ec000  x2:0x00000001 x24=0x00000000
     271745.000 ns	     27173	80005c88	d006c7d3	fcvt.s.w	f15,x13	 x13:0x00000003 f15=0x40400000
     271775.000 ns	     27176	80005c8c	a1af8753	fle.s	x14,f31,f26	 f31:0x00000000 f26:0x00000000 x14=0x00000001
     272145.000 ns	     27213	80005c90	03a2c533	div	x10,x5,x26	  x5:0xde60e000 x26:0xfbfac170 x10=0x00000008
     272515.000 ns	     27250	80005c94	03afd3b3	divu	x7,x31,x26	 x31:0x00000000 x26:0xfbfac170  x7=0x00000000
     272535.000 ns	     27252	80005c98	01261b33	sll	x22,x12,x18	 x12:0xfffff85c x18:0xf5888000 x22=0xfffff85c
     272545.000 ns	     27253	80005c9c	bcb53837	lui	x16,0xbcb53	 x16=0xbcb53000
     272555.000 ns	     27254	80005ca0	32c043b7	lui	x7,0x32c04	  x7=0x32c04000
     272575.000 ns	     27256	80005ca4	d01c7753	fcvt.s.wu	f14,x24	 x24:0x00000000 f14=0x00000000
     272605.000 ns	     27259	80005ca8	219725d3	fsgnjx.s	f11,f14,f25	 f14:0x00000000 f25:0xc4c7e000 f11=0x80000000
     272635.000 ns	     27262	80005cac	c00a74d3	fcvt.w.s	x9,f20	 f20:0x7fc00000  x9=0x7fffffff
     272665.000 ns	     27265	80005cb0	20aa2c53	fsgnjx.s	f24,f20,f10	 f20:0x7fc00000 f10:0x503ec000 f24=0x7fc00000
     272695.000 ns	     27268	80005cb4	205d0653	fsgnj.s	f12,f26,f5	 f26:0x00000000  f5:0x00000000 f12=0x00000000
     272725.000 ns	     27271	80005cb8	029d8bb3	mul	x23,x27,x9	 x27:0x00000000  x9:0x7fffffff x23=0x00000000
     272755.000 ns	     27274	80005cbc	20758753	fsgnj.s	f14,f11,f7	 f11:0x80000000  f7:0x2c18161e f14=0x00000000
     272775.000 ns	     27276	80005cc0	01a50433	add	x8,x10,x26	 x10:0x00000008 x26:0xfbfac170  x8=0xfbfac178
     272795.000 ns	     27278	80005cc4	d00ff553	fcvt.s.w	f10,x31	 x31:0x00000000 f10=0x00000000
     272815.000 ns	     27280	80005cc8	fc1bc293	xori	x5,x23,-63	 x23:0x00000000  x5=0xffffffc1
     272835.000 ns	     27282	80005ccc	d01eac53	fcvt.s.wu	f24,x29	 x29:0x00000000 f24=0x00000000
     272875.000 ns	     27286	80005cd0	113672d3	fmul.s	f5,f12,f19	 f12:0x00000000 f19:0x4efff7e0  f5=0x00000000
     272895.000 ns	     27288	80005cd4	3b68eb17	auipc	x22,0x3b68e	 x22=0xbb693cd4
     272915.000 ns	     27290	80005cd8	033aedb3	rem	x27,x21,x19	 x21:0xc0220804 x19:0x00000000 x27=0xc0220804
     272935.000 ns	     27292	80005cdc	e19a8993	addi	x19,x21,-487	 x21:0xc0220804 x19=0xc022061d
     272945.000 ns	     27293	80005ce0	4a58f893	andi	x17,x17,1189	 x17:0x00000000 x17=0x00000000
     273305.000 ns	     27329	80005ce4	029150b3	divu	x1,x2,x9	  x2:0x00000001  x9:0x7fffffff  x1=0x00000000
     273325.000 ns	     27331	80005ce8	01337eb3	and	x29,x6,x19	  x6:0xfffffc7b x19:0xc022061d x29=0xc0220419
     273345.000 ns	     27333	80005cec	d01a7d53	fcvt.s.wu	f26,x20	 x20:0x80041024 f26=0x4f000410
     273365.000 ns	     27335	80005cf0	91716293	ori	x5,x2,-1769	  x2:0x00000001  x5=0xfffff917
     273385.000 ns	     27337	80005cf4	a0651453	flt.s	x8,f10,f6	 f10:0x00000000  f6:0x00000000  x8=0x00000000
     273405.000 ns	     27339	80005cf8	4f617c13	andi	x24,x2,1270	  x2:0x00000001 x24=0x00000000
     273415.000 ns	     27340	80005cfc	37a19897	auipc	x17,0x37a19	 x17=0xb7a1ecfc
     273435.000 ns	     27342	80005d00	a03a2ad3	feq.s	x21,f20,f3	 f20:0x7fc00000  f3:0x7f800000 x21=0x00000000
     273455.000 ns	     27344	80005d04	00000013	addi	x0,x0,0	  x0:0x00000000
     273475.000 ns	     27346	80005d08	20238f53	fsgnj.s	f30,f7,f2	  f7:0x2c18161e  f2:0x7fc00000 f30=0x2c18161e
     273505.000 ns	     27349	80005d0c	e0030453	fmv.x.w	x8,f6	  f6:0x00000000  x8=0x00000000
     273535.000 ns	     27352	80005d10	03f75033	divu	x0,x14,x31	 x14:0x00000001 x31:0x00000000
     273565.000 ns	     27355	80005d14	e00a08d3	fmv.x.w	x17,f20	 f20:0x7fc00000 x17=0x7fc00000
     273595.000 ns	     27358	80005d18	e0061d53	fclass.s	x26,f12	 f12:0x00000000 x26=0x00000010
     273615.000 ns	     27360	80005d1c	0bc92593	slti	x11,x18,188	 x18:0xf5888000 x11=0x00000001
     273625.000 ns	     27361	80005d20	1a4e4993	xori	x19,x28,420	 x28:0x00000000 x19=0x000001a4
     273645.000 ns	     27363	80005d24	0355e3b3	rem	x7,x11,x21	 x11:0xffffffff x21:0x00000000  x7=0x00000001
     273675.000 ns	     27366	80005d28	2140a253	fsgnjx.s	f4,f1,f20	  f1:0x00000000 f20:0x7fc00000  f4=0x00000000
     273695.000 ns	     27368	80005d2c	40d705b3	sub	x11,x14,x13	 x14:0x00000001 x13:0x00000003 x11=0xfffffffe
     273715.000 ns	     27370	80005d30	28950053	fmin.s	f0,f10,f9	 f10:0x00000000  f9:0x3f800000  f0=0x00000000
     273755.000 ns	     27374	80005d34	1911fd53	fdiv.s	f26,f3,f17	  f3:0x7f800000 f17:0x00000000 f26=0x7f800000
     273785.000 ns	     27377	80005d38	03e91433	mulh	x8,x18,x30	 x18:0xf5888000 x30:0x00000001  x8=0xffffffff
     273805.000 ns	     27379	80005d3c	00475393	srli	x7,x14,0x4	 x14:0x00000001  x7=0x00000000
     273815.000 ns	     27380	80005d40	0172afb3	slt	x31,x5,x23	  x5:0xfffff917 x23:0x00000000 x31=0x00000001
     273825.000 ns	     27381	80005d44	f0408893	addi	x17,x1,-252	  x1:0x00000000 x17=0xffffff04
     273845.000 ns	     27383	80005d48	03ca5d33	divu	x26,x20,x28	 x20:0x80041024 x28:0x00000000 x26=0xffffffff
     273875.000 ns	     27386	80005d4c	d00c76d3	fcvt.s.w	f13,x24	 x24:0x00000000 f13=0x00000000
     273895.000 ns	     27388	80005d50	d0dc2597	auipc	x11,0xd0dc2	 x11=0x50dc7d50
     273905.000 ns	     27389	80005d54	40025e33	sra	x28,x4,x0	  x4:0x7fffffff  x0:0x00000000 x28=0x7fffffff
     273925.000 ns	     27391	80005d58	c0007e53	fcvt.w.s	x28,f0	  f0:0x00000000 x28=0x00000000
     273955.000 ns	     27394	80005d5c	200f2253	fsgnjx.s	f4,f30,f0	 f30:0x2c18161e  f0:0x00000000  f4=0x2c18161e
     273985.000 ns	     27397	80005d60	022c90b3	mulh	x1,x25,x2	 x25:0x00000000  x2:0x00000001  x1=0x00000000
     274015.000 ns	     27400	80005d64	21d995d3	fsgnjn.s	f11,f19,f29	 f19:0x4efff7e0 f29:0x80000000 f11=0x4efff7e0
     274355.000 ns	     27434	80005d68	189f16d3	fdiv.s	f13,f30,f9	 f30:0x2c18161e  f9:0x3f800000 f13=0x2c1815a7
     274405.000 ns	     27439	80005d6c	096389d3	fsub.s	f19,f7,f22	  f7:0x2c18161e f22:0x99b4b4b6 f19=0x2c18161e
     274425.000 ns	     27441	80005d70	00ec3b33	sltu	x22,x24,x14	 x24:0x00000000 x14:0x00000001 x22=0x00000001
     274445.000 ns	     27443	80005d74	033f0bb3	mul	x23,x30,x19	 x30:0x00000001 x19:0x000001a4 x23=0x000001a4
     274815.000 ns	     27480	80005d78	026f7e33	remu	x28,x30,x6	 x30:0x00000001  x6:0xfffffc7b x28=0x00000001
     275185.000 ns	     27517	80005d7c	02b4d433	divu	x8,x9,x11	  x9:0x7fffffff x11:0x50dc7d50  x8=0x00000001
     275555.000 ns	     27554	80005d80	033d4133	div	x2,x26,x19	 x26:0xffffffff x19:0x000001a4  x2=0x00000000
     275605.000 ns	     27559	80005d84	09021e53	fsub.s	f28,f4,f16	  f4:0x2c18161e f16:0x00000000 f28=0x2c18161e
     275625.000 ns	     27561	80005d88	01bb93b3	sll	x7,x23,x27	 x23:0x000001a4 x27:0xc0220804  x7=0x00001a40
     275635.000 ns	     27562	80005d8c	41440fb3	sub	x31,x8,x20	  x8:0x00000001 x20:0x80041024 x31=0x7ffbefdd
     275655.000 ns	     27564	80005d90	03928e33	mul	x28,x5,x25	  x5:0xfffff917 x25:0x00000000 x28=0x00000000
     275675.000 ns	     27566	80005d94	01d45f13	srli	x30,x8,0x1d	  x8:0x00000001 x30=0x00000000
     275695.000 ns	     27568	80005d98	e00908d3	fmv.x.w	x17,f18	 f18:0x80000000 x17=0x80000000
     275725.000 ns	     27571	80005d9c	29f19753	fmax.s	f14,f3,f31	  f3:0x7f800000 f31:0x00000000 f14=0x7f800000
     275765.000 ns	     27575	80005da0	1145f253	fmul.s	f4,f11,f20	 f11:0x4efff7e0 f20:0x7fc00000  f4=0x7fc00000
     275795.000 ns	     27578	80005da4	d01320d3	fcvt.s.wu	f1,x6	  x6:0xfffffc7b  f1=0x4f7ffffd
     275825.000 ns	     27581	80005da8	a0c78cd3	fle.s	x25,f15,f12	 f15:0x40400000 f12:0x00000000 x25=0x00000000
     275855.000 ns	     27584	80005dac	a1aa1453	flt.s	x8,f20,f26	 f20:0x7fc00000 f26:0x7f800000  x8=0x00000000
     276225.000 ns	     27621	80005db0	027f7c33	remu	x24,x30,x7	 x30:0x00000000  x7:0x00001a40 x24=0x00000000
     276245.000 ns	     27623	80005db4	921ad937	lui	x18,0x921ad	 x18=0x921ad000
     276265.000 ns	     27625	80005db8	e00b9153	fclass.s	x2,f23	 f23:0x80000000  x2=0x00000008
     276285.000 ns	     27627	80005dbc	00be2cb3	slt	x25,x28,x11	 x28:0x00000000 x11:0x50dc7d50 x25=0x00000001
     276305.000 ns	     27629	80005dc0	02ea8133	mul	x2,x21,x14	 x21:0x00000000 x14:0x00000001  x2=0x00000000
     276325.000 ns	     27631	80005dc4	bb29cf13	xori	x30,x19,-1102	 x19:0x000001a4 x30=0xfffffa16
     276345.000 ns	     27633	80005dc8	a06003d3	fle.s	x7,f0,f6	  f0:0x00000000  f6:0x00000000  x7=0x00000001
     276375.000 ns	     27636	80005dcc	03402b33	mulhsu	x22,x0,x20	  x0:0x00000000 x20:0x80041024 x22=0x00000000
     276395.000 ns	     27638	80005dd0	01c19bb3	sll	x23,x3,x28	  x3:0x00000001 x28:0x00000000 x23=0x00000001
     276405.000 ns	     27639	80005dd4	0156cfb3	xor	x31,x13,x21	 x13:0x00000003 x21:0x00000000 x31=0x00000003
     276415.000 ns	     27640	80005dd8	00382e33	slt	x28,x16,x3	 x16:0xbcb53000  x3:0x00000001 x28=0x00000001
     276445.000 ns	     27643	80005ddc	190e8a53	fdiv.s	f20,f29,f16	 f29:0x80000000 f16:0x00000000 f20=0x7fc00000
     276475.000 ns	     27646	80005de0	032c9d33	mulh	x26,x25,x18	 x25:0x00000001 x18:0x921ad000 x26=0xffffffff
     276505.000 ns	     27649	80005de4	e00e8453	fmv.x.w	x8,f29	 f29:0x80000000  x8=0x80000000
     276535.000 ns	     27652	80005de8	c00c02d3	fcvt.w.s	x5,f24	 f24:0x00000000  x5=0x00000000
     276555.000 ns	     27654	80005dec	01537033	and	x0,x6,x21	  x6:0xfffffc7b x21:0x00000000
     276565.000 ns	     27655	80005df0	2b1fa993	slti	x19,x31,689	 x31:0x00000003 x19=0x00000001
     276925.000 ns	     27691	80005df4	03f6d233	divu	x4,x13,x31	 x13:0x00000003 x31:0x00000003  x4=0x00000001
     276955.000 ns	     27694	80005df8	a0d72fd3	feq.s	x31,f14,f13	 f14:0x7f800000 f13:0x2c1815a7 x31=0x00000000
     277325.000 ns	     27731	80005dfc	032c71b3	remu	x3,x24,x18	 x24:0x00000000 x18:0x921ad000  x3=0x00000000
     277695.000 ns	     27768	80005e00	03abe8b3	rem	x17,x23,x26	 x23:0x00000001 x26:0xffffffff x17=0x00000000
     277725.000 ns	     27771	80005e04	d00787d3	fcvt.s.w	f15,x15	 x15:0x80040fe4 f15=0xcefff7e0
     277755.000 ns	     27774	80005e08	c01aa953	fcvt.wu.s	x18,f21	 f21:0x3f800000 x18=0x00000001
     277775.000 ns	     27776	80005e0c	404dd293	srai	x5,x27,0x4	 x27:0xc0220804  x5=0xfc022080
     277785.000 ns	     27777	80005e10	9e693113	sltiu	x2,x18,-1562	 x18:0x00000001  x2=0x00000001
     277805.000 ns	     27779	80005e14	037dbb33	mulhu	x22,x27,x23	 x27:0xc0220804 x23:0x00000001 x22=0x00000000
     277825.000 ns	     27781	80005e18	009f3033	sltu	x0,x30,x9	 x30:0xfffffa16  x9:0x7fffffff
     278185.000 ns	     27817	80005e1c	02eacab3	div	x21,x21,x14	 x21:0x00000000 x14:0x00000001 x21=0x00000000
     278205.000 ns	     27819	80005e20	00000013	addi	x0,x0,0	  x0:0x00000000
     278225.000 ns	     27821	80005e24	29b107d3	fmin.s	f15,f2,f27	  f2:0x7fc00000 f27:0x19b4b4b6 f15=0x19b4b4b6
     278245.000 ns	     27823	80005e28	41445f13	srai	x30,x8,0x14	  x8:0x80000000 x30=0xfffff800
     278265.000 ns	     27825	80005e2c	0384a633	mulhsu	x12,x9,x24	  x9:0x7fffffff x24:0x00000000 x12=0x00000000
     278285.000 ns	     27827	80005e30	aac79e17	auipc	x28,0xaac79	 x28=0x2ac7ee30
     278305.000 ns	     27829	80005e34	02cb1933	mulh	x18,x22,x12	 x22:0x00000000 x12:0x00000000 x18=0x00000000
     278325.000 ns	     27831	80005e38	0161bb33	sltu	x22,x3,x22	  x3:0x00000000 x22:0x00000000 x22=0x00000000
     278345.000 ns	     27833	80005e3c	203a1f53	fsgnjn.s	f30,f20,f3	 f20:0x7fc00000  f3:0x7f800000 f30=0xffc00000
     278375.000 ns	     27836	80005e40	02363d33	mulhu	x26,x12,x3	 x12:0x00000000  x3:0x00000000 x26=0x00000000
     278405.000 ns	     27839	80005e44	c0071cd3	fcvt.w.s	x25,f14	 f14:0x7f800000 x25=0x7fffffff
     278435.000 ns	     27842	80005e48	e00a1453	fclass.s	x8,f20	 f20:0x7fc00000  x8=0x00000200
     278455.000 ns	     27844	80005e4c	1bb9d837	lui	x16,0x1bb9d	 x16=0x1bb9d000
     278475.000 ns	     27846	80005e50	025d8033	mul	x0,x27,x5	 x27:0xc0220804  x5:0xfc022080
     278505.000 ns	     27849	80005e54	205e0753	fsgnj.s	f14,f28,f5	 f28:0x2c18161e  f5:0x00000000 f14=0x2c18161e
     278525.000 ns	     27851	80005e58	019d4333	xor	x6,x26,x25	 x26:0x00000000 x25:0x7fffffff  x6=0x7fffffff
     278545.000 ns	     27853	80005e5c	036302b3	mul	x5,x6,x22	  x6:0xfffffc7b x22:0x00000000  x5=0x00000000
     278565.000 ns	     27855	80005e60	0126f9b3	and	x19,x13,x18	 x13:0x00000003 x18:0x00000000 x19=0x00000000
     278585.000 ns	     27857	80005e64	e00c1fd3	fclass.s	x31,f24	 f24:0x00000000 x31=0x00000010
     278955.000 ns	     27894	80005e68	03484133	div	x2,x16,x20	 x16:0x1bb9d000 x20:0x80041024  x2=0x00000000
     278985.000 ns	     27897	80005e6c	a01faad3	feq.s	x21,f31,f1	 f31:0x00000000  f1:0x4f7ffffd x21=0x00000000
     279005.000 ns	     27899	80005e70	0030c2b3	xor	x5,x1,x3	  x1:0x00000000  x3:0x00000000  x5=0x00000000
     279025.000 ns	     27901	80005e74	291183d3	fmin.s	f7,f3,f17	  f3:0x7f800000 f17:0x00000000  f7=0x00000000
     279045.000 ns	     27903	80005e78	e09bba93	sltiu	x21,x23,-503	 x23:0x00000001 x21=0x00000001
     279055.000 ns	     27904	80005e7c	f7386293	ori	x5,x16,-141	 x16:0x1bb9d000  x5=0xffffff73
     279065.000 ns	     27905	80005e80	41280eb3	sub	x29,x16,x18	 x16:0x1bb9d000 x18:0x00000000 x29=0x1bb9d000
     279075.000 ns	     27906	80005e84	000161b3	or	x3,x2,x0	  x2:0x00000000  x0:0x00000000  x3=0x00000000
     279105.000 ns	     27909	80005e88	580efbd3	fsqrt.s	f23,f29	 f29:0x80000000 f23=0x80000000
     279125.000 ns	     27911	80005e8c	00000013	addi	x0,x0,0	  x0:0x00000000
     279145.000 ns	     27913	80005e90	216a2f53	fsgnjx.s	f30,f20,f22	 f20:0x7fc00000 f22:0x99b4b4b6 f30=0xffc00000
     279165.000 ns	     27915	80005e94	00000013	addi	x0,x0,0	  x0:0x00000000
     279175.000 ns	     27916	80005e98	19152913	slti	x18,x10,401	 x10:0x00000008 x18=0x00000001
     279185.000 ns	     27917	80005e9c	ba81a613	slti	x12,x3,-1112	  x3:0x00000000 x12=0x00000000
     279205.000 ns	     27919	80005ea0	020a68b3	rem	x17,x20,x0	 x20:0x80041024  x0:0x00000000 x17=0x80041024
     279225.000 ns	     27921	80005ea4	01d79c33	sll	x24,x15,x29	 x15:0x80040fe4 x29:0x1bb9d000 x24=0x80040fe4
     279235.000 ns	     27922	80005ea8	0030e1b3	or	x3,x1,x3	  x1:0x00000000  x3:0x00000000  x3=0x00000000
     279255.000 ns	     27924	80005eac	c01ab053	fcvt.wu.s	x0,f21	 f21:0x3f800000
     279275.000 ns	     27926	80005eb0	41d85f33	sra	x30,x16,x29	 x16:0x1bb9d000 x29:0x1bb9d000 x30=0x1bb9d000
     279285.000 ns	     27927	80005eb4	005eed33	or	x26,x29,x5	 x29:0x1bb9d000  x5:0xffffff73 x26=0xffffff73
     279305.000 ns	     27929	80005eb8	a00ea253	feq.s	x4,f29,f0	 f29:0x80000000  f0:0x00000000  x4=0x00000001
     279335.000 ns	     27932	80005ebc	200110d3	fsgnjn.s	f1,f2,f0	  f2:0x7fc00000  f0:0x00000000  f1=0xffc00000
     279355.000 ns	     27934	80005ec0	01b29cb3	sll	x25,x5,x27	  x5:0xffffff73 x27:0xc0220804 x25=0xfffff730
     279385.000 ns	     27937	80005ec4	181d1253	fdiv.s	f4,f26,f1	 f26:0x7f800000  f1:0xffc00000  f4=0x7fc00000
     279405.000 ns	     27939	80005ec8	66c20b93	addi	x23,x4,1644	  x4:0x00000001 x23=0x0000066d
     279415.000 ns	     27940	80005ecc	00000013	addi	x0,x0,0	  x0:0x00000000
     279775.000 ns	     27976	80005ed0	03206533	rem	x10,x0,x18	  x0:0x00000000 x18:0x00000001 x10=0x00000000
     279805.000 ns	     27979	80005ed4	c0177853	fcvt.wu.s	x16,f14	 f14:0x2c18161e x16=0x00000000
     279825.000 ns	     27981	80005ed8	01a41f93	slli	x31,x8,0x1a	  x8:0x00000200 x31=0x00000000
     279835.000 ns	     27982	80005edc	00818033	add	x0,x3,x8	  x3:0x00000000  x8:0x00000200
     280195.000 ns	     28018	80005ee0	03ee6033	rem	x0,x28,x30	 x28:0x2ac7ee30 x30:0x1bb9d000
     280225.000 ns	     28021	80005ee4	03ca1733	mulh	x14,x20,x28	 x20:0x80041024 x28:0x2ac7ee30 x14=0xea9cb6ba
     280245.000 ns	     28023	80005ee8	1c3ca993	slti	x19,x25,451	 x25:0xfffff730 x19=0x00000001
     280265.000 ns	     28025	80005eec	039a0533	mul	x10,x20,x25	 x20:0x80041024 x25:0xfffff730 x10=0xdc31c2c0
     280295.000 ns	     28028	80005ef0	2118a7d3	fsgnjx.s	f15,f17,f17	 f17:0x00000000 f17:0x00000000 f15=0x00000000
     280325.000 ns	     28031	80005ef4	a0f21ad3	flt.s	x21,f4,f15	  f4:0x7fc00000 f15:0x19b4b4b6 x21=0x00000000
     280345.000 ns	     28033	80005ef8	28466593	ori	x11,x12,644	 x12:0x00000000 x11=0x00000284
     280365.000 ns	     28035	80005efc	e0029b53	fclass.s	x22,f5	  f5:0x00000000 x22=0x00000010
     280395.000 ns	     28038	80005f00	d017f253	fcvt.s.wu	f4,x15	 x15:0x80040fe4  f4=0x4f00040f
     280415.000 ns	     28040	80005f04	5f650eb7	lui	x29,0x5f650	 x29=0x5f650000
     280425.000 ns	     28041	80005f08	96c1f813	andi	x16,x3,-1684	  x3:0x00000000 x16=0x00000000
     280445.000 ns	     28043	80005f0c	f00d8cd3	fmv.w.x	f25,x27	 x27:0xc0220804 f25=0xc0220804
     280475.000 ns	     28046	80005f10	02036933	rem	x18,x6,x0	  x6:0x7fffffff  x0:0x00000000 x18=0x7fffffff
     280515.000 ns	     28050	80005f14	10a57253	fmul.s	f4,f10,f10	 f10:0x00000000 f10:0x00000000  f4=0x00000000
     280545.000 ns	     28053	80005f18	21ecabd3	fsgnjx.s	f23,f25,f30	 f25:0xc0220804 f30:0xffc00000 f23=0x40220804
     280565.000 ns	     28055	80005f1c	00000013	addi	x0,x0,0	  x0:0x00000000
     280575.000 ns	     28056	80005f20	000d40b3	xor	x1,x26,x0	 x26:0xffffff73  x0:0x00000000  x1=0xffffff73
     280585.000 ns	     28057	80005f24	ed3eeb13	ori	x22,x29,-301	 x29:0x5f650000 x22=0xfffffed3
     280595.000 ns	     28058	80005f28	6da4f293	andi	x5,x9,1754	  x9:0x7fffffff  x5=0x000006da
     280615.000 ns	     28060	80005f2c	21c70053	fsgnj.s	f0,f14,f28	 f14:0x2c18161e f28:0x2c18161e  f0=0x2c18161e
     280635.000 ns	     28062	80005f30	0136a533	slt	x10,x13,x19	 x13:0x00000003 x19:0x00000001 x10=0x00000000
     280655.000 ns	     28064	80005f34	a044a253	feq.s	x4,f9,f4	  f9:0x3f800000  f4:0x00000000  x4=0x00000000
     280675.000 ns	     28066	80005f38	c166cf93	xori	x31,x13,-1002	 x13:0x00000003 x31=0xfffffc15
     280695.000 ns	     28068	80005f3c	e00f1353	fclass.s	x6,f30	 f30:0xffc00000  x6=0x00000200
     280725.000 ns	     28071	80005f40	21e8a3d3	fsgnjx.s	f7,f17,f30	 f17:0x00000000 f30:0xffc00000  f7=0x80000000
     280755.000 ns	     28074	80005f44	c0158c53	fcvt.wu.s	x24,f11	 f11:0x4efff7e0 x24=0x7ffbf000
     280785.000 ns	     28077	80005f48	d00783d3	fcvt.s.w	f7,x15	 x15:0x80040fe4  f7=0xcefff7e0
     280815.000 ns	     28080	80005f4c	d0144853	fcvt.s.wu	f16,x8	  x8:0x00000200 f16=0x44000000
     280835.000 ns	     28082	80005f50	00000013	addi	x0,x0,0	  x0:0x00000000
     280855.000 ns	     28084	80005f54	20351b53	fsgnjn.s	f22,f10,f3	 f10:0x00000000  f3:0x7f800000 f22=0x80000000
     280875.000 ns	     28086	80005f58	bdbe4e13	xori	x28,x28,-1061	 x28:0x2ac7ee30 x28=0xd53815eb
     280895.000 ns	     28088	80005f5c	20029e53	fsgnjn.s	f28,f5,f0	  f5:0x00000000  f0:0x2c18161e f28=0x80000000
     280925.000 ns	     28091	80005f60	a1269153	flt.s	x2,f13,f18	 f13:0x2c1815a7 f18:0x80000000  x2=0x00000000
     280955.000 ns	     28094	80005f64	2064ab53	fsgnjx.s	f22,f9,f6	  f9:0x3f800000  f6:0x00000000 f22=0x3f800000
     280985.000 ns	     28097	80005f68	e00f8153	fmv.x.w	x2,f31	 f31:0x00000000  x2=0x00000000
     281005.000 ns	     28099	80005f6c	00b78fb3	add	x31,x15,x11	 x15:0x80040fe4 x11:0x00000284 x31=0x80041268
     281015.000 ns	     28100	80005f70	9878b093	sltiu	x1,x17,-1657	 x17:0x80041024  x1=0x00000001
     281025.000 ns	     28101	80005f74	00000013	addi	x0,x0,0	  x0:0x00000000
     281035.000 ns	     28102	80005f78	d55e3c37	lui	x24,0xd55e3	 x24=0xd55e3000
     281395.000 ns	     28138	80005f7c	02706633	rem	x12,x0,x7	  x0:0x00000000  x7:0x00000001 x12=0x00000000
     281435.000 ns	     28142	80005f80	10d0b1d3	fmul.s	f3,f1,f13	  f1:0xffc00000 f13:0x2c1815a7  f3=0x7fc00000
     281455.000 ns	     28144	80005f84	0b1be337	lui	x6,0xb1be	  x6=0x0b1be000
     281475.000 ns	     28146	80005f88	a02902d3	fle.s	x5,f18,f2	 f18:0x80000000  f2:0x7fc00000  x5=0x00000000
     281495.000 ns	     28148	80005f8c	01a11913	slli	x18,x2,0x1a	  x2:0x00000000 x18=0x00000000
     281515.000 ns	     28150	80005f90	20f38153	fsgnj.s	f2,f7,f15	  f7:0xcefff7e0 f15:0x00000000  f2=0x4efff7e0
     281535.000 ns	     28152	80005f94	1677fcb7	lui	x25,0x1677f	 x25=0x1677f000
     281545.000 ns	     28153	80005f98	00000013	addi	x0,x0,0	  x0:0x00000000
     281565.000 ns	     28155	80005f9c	a0aea2d3	feq.s	x5,f29,f10	 f29:0x80000000 f10:0x00000000  x5=0x00000001
     281595.000 ns	     28158	80005fa0	e00119d3	fclass.s	x19,f2	  f2:0x4efff7e0 x19=0x00000040
     281615.000 ns	     28160	80005fa4	015a3633	sltu	x12,x20,x21	 x20:0x80041024 x21:0x00000000 x12=0x00000000
     281635.000 ns	     28162	80005fa8	0296ab33	mulhsu	x22,x13,x9	 x13:0x00000003  x9:0x7fffffff x22=0x00000001
     281675.000 ns	     28166	80005fac	18b67bd3	fdiv.s	f23,f12,f11	 f12:0x00000000 f11:0x4efff7e0 f23=0x00000000
     281705.000 ns	     28169	80005fb0	02cee5b3	rem	x11,x29,x12	 x29:0x5f650000 x12:0x00000000 x11=0x5f650000
     281725.000 ns	     28171	80005fb4	8ac2b113	sltiu	x2,x5,-1876	  x5:0x00000001  x2=0x00000001
     281735.000 ns	     28172	80005fb8	40450bb3	sub	x23,x10,x4	 x10:0x00000000  x4:0x00000000 x23=0x00000000
     281745.000 ns	     28173	80005fbc	5373c913	xori	x18,x7,1335	  x7:0x00000001 x18=0x00000536
     281765.000 ns	     28175	80005fc0	0244f033	remu	x0,x9,x4	  x9:0x7fffffff  x4:0x00000000
     281785.000 ns	     28177	80005fc4	003a0bb3	add	x23,x20,x3	 x20:0x80041024  x3:0x00000000 x23=0x80041024
     281815.000 ns	     28180	80005fc8	100d7553	fmul.s	f10,f26,f0	 f26:0x7f800000  f0:0x2c18161e f10=0x7f800000
     282185.000 ns	     28217	80005fcc	0294c433	div	x8,x9,x9	  x9:0x7fffffff  x9:0x7fffffff  x8=0x00000001
     282215.000 ns	     28220	80005fd0	a152a4d3	feq.s	x9,f5,f21	  f5:0x00000000 f21:0x3f800000  x9=0x00000000
     282235.000 ns	     28222	80005fd4	b9aa3213	sltiu	x4,x20,-1126	 x20:0x80041024  x4=0x00000001
     282255.000 ns	     28224	80005fd8	a1bda153	feq.s	x2,f27,f27	 f27:0x19b4b4b6 f27:0x19b4b4b6  x2=0x00000001
     282275.000 ns	     28226	80005fdc	42564f13	xori	x30,x12,1061	 x12:0x00000000 x30=0x00000425
     282295.000 ns	     28228	80005fe0	a1d30753	fle.s	x14,f6,f29	  f6:0x00000000 f29:0x80000000 x14=0x00000001
     282345.000 ns	     28233	80005fe4	00418553	fadd.s	f10,f3,f4	  f3:0x7fc00000  f4:0x00000000 f10=0x7fc00000
     282375.000 ns	     28236	80005fe8	c01a74d3	fcvt.wu.s	x9,f20	 f20:0x7fc00000  x9=0xffffffff
     282745.000 ns	     28273	80005fec	02e9e0b3	rem	x1,x19,x14	 x19:0x00000040 x14:0x00000001  x1=0x00000000
     282775.000 ns	     28276	80005ff0	2032a5d3	fsgnjx.s	f11,f5,f3	  f5:0x00000000  f3:0x7fc00000 f11=0x00000000
     283145.000 ns	     28313	80005ff4	02f8e1b3	rem	x3,x17,x15	 x17:0x80041024 x15:0x80040fe4  x3=0x80041024
     283515.000 ns	     28350	80005ff8	03d6f133	remu	x2,x13,x29	 x13:0x00000003 x29:0x5f650000  x2=0x00000003
     283545.000 ns	     28353	80005ffc	f00185d3	fmv.w.x	f11,x3	  x3:0x80041024 f11=0x80041024
     283565.000 ns	     28355	80006000	6c903d93	sltiu	x27,x0,1737	  x0:0x00000000 x27=0x00000001
     283605.000 ns	     28359	80006004	085e7d53	fsub.s	f26,f28,f5	 f28:0x80000000  f5:0x00000000 f26=0x80000000
     283635.000 ns	     28362	80006008	025d02b3	mul	x5,x26,x5	 x26:0xffffff73  x5:0x00000001  x5=0xffffff73
     283655.000 ns	     28364	8000600c	00ac9513	slli	x10,x25,0xa	 x25:0x1677f000 x10=0xdfc00000
     283675.000 ns	     28366	80006010	d01cb653	fcvt.s.wu	f12,x25	 x25:0x1677f000 f12=0x4db3bf80
     283695.000 ns	     28368	80006014	018a0fb3	add	x31,x20,x24	 x20:0x80041024 x24:0xd55e3000 x31=0x55624024
     283705.000 ns	     28369	80006018	bdc00993	addi	x19,x0,-1060	  x0:0x00000000 x19=0xfffffbdc
     283725.000 ns	     28371	8000601c	21ed9653	fsgnjn.s	f12,f27,f30	 f27:0x19b4b4b6 f30:0xffc00000 f12=0x19b4b4b6
     284095.000 ns	     28408	80006020	03e6c733	div	x14,x13,x30	 x13:0x00000003 x30:0x00000425 x14=0x00000000
     284115.000 ns	     28410	80006024	40b70ab3	sub	x21,x14,x11	 x14:0x00000001 x11:0x5f650000 x21=0xa09b0000
     284135.000 ns	     28412	80006028	c0041bd3	fcvt.w.s	x23,f8	  f8:0x7fc00000 x23=0x7fffffff
     284165.000 ns	     28415	8000602c	a0539f53	flt.s	x30,f7,f5	  f7:0xcefff7e0  f5:0x00000000 x30=0x00000001
     284185.000 ns	     28417	80006030	015001b3	add	x3,x0,x21	  x0:0x00000000 x21:0xa09b0000  x3=0xa09b0000
     284205.000 ns	     28419	80006034	c00a3fd3	fcvt.w.s	x31,f20	 f20:0x7fc00000 x31=0x7fffffff
     284235.000 ns	     28422	80006038	d01ec153	fcvt.s.wu	f2,x29	 x29:0x5f650000  f2=0x4ebeca00
     284255.000 ns	     28424	8000603c	01fd9f93	slli	x31,x27,0x1f	 x27:0x00000001 x31=0x80000000
     284275.000 ns	     28426	80006040	03390cb3	mul	x25,x18,x19	 x18:0x00000536 x19:0xfffffbdc x25=0xffea6c68
     284295.000 ns	     28428	80006044	93284b13	xori	x22,x16,-1742	 x16:0x00000000 x22=0xfffff932
     284305.000 ns	     28429	80006048	004c81b3	add	x3,x25,x4	 x25:0xffea6c68  x4:0x00000001  x3=0xffea6c69
     284665.000 ns	     28465	8000604c	0258e5b3	rem	x11,x17,x5	 x17:0x80041024  x5:0xffffff73 x11=0x00000000
     284705.000 ns	     28469	80006050	5805fdd3	fsqrt.s	f27,f11	 f11:0x80041024 f27=0x7fc00000
     284735.000 ns	     28472	80006054	02c08f33	mul	x30,x1,x12	  x1:0x00000000 x12:0x00000000 x30=0x00000000
     284765.000 ns	     28475	80006058	03c49cb3	mulh	x25,x9,x28	  x9:0xffffffff x28:0xd53815eb x25=0x00000000
     284795.000 ns	     28478	8000605c	03203e33	mulhu	x28,x0,x18	  x0:0x00000000 x18:0x00000536 x28=0x00000000
     284825.000 ns	     28481	80006060	021f9e33	mulh	x28,x31,x1	 x31:0x80000000  x1:0x00000000 x28=0x00000000
     284845.000 ns	     28483	80006064	f7678e93	addi	x29,x15,-138	 x15:0x80040fe4 x29=0x80040f5a
     285845.000 ns	     28583	80006068	58063f53	fsqrt.s	f30,f12	 f12:0x19b4b4b6 f30=0x2c18161d
     285875.000 ns	     28586	8000606c	0333ae33	mulhsu	x28,x7,x19	  x7:0x00000001 x19:0xfffffbdc x28=0x00000000
     285925.000 ns	     28591	80006070	01ba0dd3	fadd.s	f27,f20,f27	 f20:0x7fc00000 f27:0x7fc00000 f27=0x7fc00000
     285955.000 ns	     28594	80006074	e00d13d3	fclass.s	x7,f26	 f26:0x80000000  x7=0x00000008
     285995.000 ns	     28598	80006078	109aa853	fmul.s	f16,f21,f9	 f21:0x3f800000  f9:0x3f800000 f16=0x3f800000
     286025.000 ns	     28601	8000607c	e00e13d3	fclass.s	x7,f28	 f28:0x80000000  x7=0x00000008
     286065.000 ns	     28605	80006080	196eae53	fdiv.s	f28,f29,f22	 f29:0x80000000 f22:0x3f800000 f28=0x80000000
     286085.000 ns	     28607	80006084	013d2733	slt	x14,x26,x19	 x26:0xffffff73 x19:0xfffffbdc x14=0x00000000
     286105.000 ns	     28609	80006088	d00eab53	fcvt.s.w	f22,x29	 x29:0x80040f5a f22=0xcefff7e2
     286135.000 ns	     28612	8000608c	29cf9553	fmax.s	f10,f31,f28	 f31:0x00000000 f28:0x80000000 f10=0x00000000
     286155.000 ns	     28614	80006090	7f122813	slti	x16,x4,2033	  x4:0x00000001 x16=0x00000001
     286165.000 ns	     28615	80006094	0070c2b3	xor	x5,x1,x7	  x1:0x00000000  x7:0x00000008  x5=0x00000008
     286175.000 ns	     28616	80006098	00e81bb3	sll	x23,x16,x14	 x16:0x00000000 x14:0x00000000 x23=0x00000001
     286185.000 ns	     28617	8000609c	cdbb8c13	addi	x24,x23,-805	 x23:0x7fffffff x24=0xfffffcdc
     286205.000 ns	     28619	800060a0	e00002d3	fmv.x.w	x5,f0	  f0:0x2c18161e  x5=0x2c18161e
     286235.000 ns	     28622	800060a4	e0038153	fmv.x.w	x2,f7	  f7:0xcefff7e0  x2=0xcefff7e0
     286265.000 ns	     28625	800060a8	216f2553	fsgnjx.s	f10,f30,f22	 f30:0x2c18161d f22:0xcefff7e2 f10=0xac18161d
     286285.000 ns	     28627	800060ac	01341e13	slli	x28,x8,0x13	  x8:0x00000001 x28=0x00080000
     286305.000 ns	     28629	800060b0	0394e9b3	rem	x19,x9,x25	  x9:0xffffffff x25:0x00000000 x19=0xffffffff
     286355.000 ns	     28634	800060b4	084af3d3	fsub.s	f7,f21,f4	 f21:0x3f800000  f4:0x00000000  f7=0x3f800000
     286385.000 ns	     28637	800060b8	a1ba0f53	fle.s	x30,f20,f27	 f20:0x7fc00000 f27:0x7fc00000 x30=0x00000000
     286425.000 ns	     28641	800060bc	580fb853	fsqrt.s	f16,f31	 f31:0x00000000 f16=0x00000000
     286445.000 ns	     28643	800060c0	40c0d0b3	sra	x1,x1,x12	  x1:0x00000000 x12:0x00000000  x1=0x00000000
     286465.000 ns	     28645	800060c4	216b2e53	fsgnjx.s	f28,f22,f22	 f22:0xcefff7e2 f22:0xcefff7e2 f28=0x4efff7e2
     286485.000 ns	     28647	800060c8	c714be13	sltiu	x28,x9,-911	  x9:0xffffffff x28=0x00000000
     286495.000 ns	     28648	800060cc	6a8dc913	xori	x18,x27,1704	 x27:0x00000001 x18=0x000006a9
     286535.000 ns	     28652	800060d0	08f11053	fsub.s	f0,f2,f15	  f2:0x4ebeca00 f15:0x00000000  f0=0x4ebeca00
     286555.000 ns	     28654	800060d4	2bc98293	addi	x5,x19,700	 x19:0xffffffff  x5=0x000002bb
     286565.000 ns	     28655	800060d8	33d0ef13	ori	x30,x1,829	  x1:0x00000000 x30=0x0000033d
     286585.000 ns	     28657	800060dc	d004f153	fcvt.s.w	f2,x9	  x9:0xffffffff  f2=0xbf800000
     286615.000 ns	     28660	800060e0	f0070453	fmv.w.x	f8,x14	 x14:0x00000000  f8=0x00000000
     286655.000 ns	     28664	800060e4	580d98d3	fsqrt.s	f17,f27	 f27:0x7fc00000 f17=0x7fc00000
     286685.000 ns	     28667	800060e8	a0d68553	fle.s	x10,f13,f13	 f13:0x2c1815a7 f13:0x2c1815a7 x10=0x00000001
     286705.000 ns	     28669	800060ec	de602713	slti	x14,x0,-538	  x0:0x00000000 x14=0x00000000
     286725.000 ns	     28671	800060f0	c00a2fd3	fcvt.w.s	x31,f20	 f20:0x7fc00000 x31=0x7fffffff
     286755.000 ns	     28674	800060f4	02439b33	mulh	x22,x7,x4	  x7:0x00000008  x4:0x00000001 x22=0x00000000
     286775.000 ns	     28676	800060f8	405a00b3	sub	x1,x20,x5	 x20:0x80041024  x5:0x000002bb  x1=0x80040d69
     286785.000 ns	     28677	800060fc	00000013	addi	x0,x0,0	  x0:0x00000000
     286795.000 ns	     28678	80006100	01f00633	add	x12,x0,x31	  x0:0x00000000 x31:0x7fffffff x12=0x7fffffff
     286815.000 ns	     28680	80006104	28c98653	fmin.s	f12,f19,f12	 f19:0x2c18161e f12:0x19b4b4b6 f12=0x19b4b4b6
     286835.000 ns	     28682	80006108	00000013	addi	x0,x0,0	  x0:0x00000000
     287195.000 ns	     28718	8000610c	03bb7ab3	remu	x21,x22,x27	 x22:0x00000000 x27:0x00000001 x21=0x00000000
     287225.000 ns	     28721	80006110	d0137353	fcvt.s.wu	f6,x6	  x6:0x0b1be000  f6=0x4d31be00
     287245.000 ns	     28723	80006114	6f56fc93	andi	x25,x13,1781	 x13:0x00000003 x25=0x00000001
     287265.000 ns	     28725	80006118	29b41453	fmax.s	f8,f8,f27	  f8:0x00000000 f27:0x7fc00000  f8=0x00000000
     287315.000 ns	     28730	8000611c	00ff7d53	fadd.s	f26,f30,f15	 f30:0x2c18161d f15:0x00000000 f26=0x2c18161d
     287345.000 ns	     28733	80006120	a0719c53	flt.s	x24,f3,f7	  f3:0x7fc00000  f7:0x3f800000 x24=0x00000000
     287365.000 ns	     28735	80006124	a9a6e993	ori	x19,x13,-1382	 x13:0x00000003 x19=0xfffffa9b
     287395.000 ns	     28738	80006128	10fb7953	fmul.s	f18,f22,f15	 f22:0xcefff7e2 f15:0x00000000 f18=0x80000000
     287765.000 ns	     28775	8000612c	0398fdb3	remu	x27,x17,x25	 x17:0x80041024 x25:0x00000001 x27=0x00000000
     287785.000 ns	     28777	80006130	40dfdb33	sra	x22,x31,x13	 x31:0x7fffffff x13:0x00000003 x22=0x0fffffff
     287805.000 ns	     28779	80006134	e00f13d3	fclass.s	x7,f30	 f30:0x2c18161d  x7=0x00000040
     288175.000 ns	     28816	80006138	031ae8b3	rem	x17,x21,x17	 x21:0x00000000 x17:0x80041024 x17=0x00000000
     288205.000 ns	     28819	8000613c	0316d633	divu	x12,x13,x17	 x13:0x00000003 x17:0x80041024 x12=0xffffffff
     288235.000 ns	     28822	80006140	e00780d3	fmv.x.w	x1,f15	 f15:0x00000000  x1=0x00000000
     288265.000 ns	     28825	80006144	0312f2b3	remu	x5,x5,x17	  x5:0x000002bb x17:0x00000000  x5=0x000002bb
     288295.000 ns	     28828	80006148	c00e8e53	fcvt.w.s	x28,f29	 f29:0x80000000 x28=0x00000000
     288315.000 ns	     28830	8000614c	01308933	add	x18,x1,x19	  x1:0x00000000 x19:0xfffffa9b x18=0xfffffa9b
     288335.000 ns	     28832	80006150	d0010a53	fcvt.s.w	f20,x2	  x2:0xcefff7e0 f20=0xce440020
     288365.000 ns	     28835	80006154	d009afd3	fcvt.s.w	f31,x19	 x19:0xfffffa9b f31=0xc4aca000
     288385.000 ns	     28837	80006158	019b7033	and	x0,x22,x25	 x22:0x0fffffff x25:0x00000001
     288405.000 ns	     28839	8000615c	213f8a53	fsgnj.s	f20,f31,f19	 f31:0xc4aca000 f19:0x2c18161e f20=0x44aca000
     288435.000 ns	     28842	80006160	c01b7553	fcvt.wu.s	x10,f22	 f22:0xcefff7e2 x10=0x7ffbf100
     288455.000 ns	     28844	80006164	009abf33	sltu	x30,x21,x9	 x21:0x00000000  x9:0xffffffff x30=0x00000001
     288475.000 ns	     28846	80006168	f0098ad3	fmv.w.x	f21,x19	 x19:0xfffffa9b f21=0xfffffa9b
     288495.000 ns	     28848	8000616c	01b5b433	sltu	x8,x11,x27	 x11:0x00000000 x27:0x00000000  x8=0x00000000
     288505.000 ns	     28849	80006170	41ec8e33	sub	x28,x25,x30	 x25:0x00000001 x30:0x00000001 x28=0x00000000
     288525.000 ns	     28851	80006174	03a80633	mul	x12,x16,x26	 x16:0x00000001 x26:0xffffff73 x12=0xffffff73
     288575.000 ns	     28856	80006178	00e580d3	fadd.s	f1,f11,f14	 f11:0x80041024 f14:0x2c18161e  f1=0x2c18161e
     288595.000 ns	     28858	8000617c	00cf4713	xori	x14,x30,12	 x30:0x00000001 x14=0x0000000d
     288605.000 ns	     28859	80006180	00000013	addi	x0,x0,0	  x0:0x00000000
     288625.000 ns	     28861	80006184	d00d85d3	fcvt.s.w	f11,x27	 x27:0x00000000 f11=0x00000000
     288645.000 ns	     28863	80006188	015e2ab3	slt	x21,x28,x21	 x28:0x00000000 x21:0x00000000 x21=0x00000000
     288655.000 ns	     28864	8000618c	00fec833	xor	x16,x29,x15	 x29:0x80040f5a x15:0x80040fe4 x16=0x000000be
     288665.000 ns	     28865	80006190	018eadb3	slt	x27,x29,x24	 x29:0x80040f5a x24:0x00000000 x27=0x00000001
     288685.000 ns	     28867	80006194	a12c93d3	flt.s	x7,f25,f18	 f25:0xc0220804 f18:0x80000000  x7=0x00000001
     288715.000 ns	     28870	80006198	e00599d3	fclass.s	x19,f11	 f11:0x00000000 x19=0x00000010
     288735.000 ns	     28872	8000619c	74cf4e17	auipc	x28,0x74cf4	 x28=0xf4cfa19c
     288745.000 ns	     28873	800061a0	0192ddb3	srl	x27,x5,x25	  x5:0x000002bb x25:0x00000001 x27=0x0000015d
     288755.000 ns	     28874	800061a4	9342b613	sltiu	x12,x5,-1740	  x5:0x000002bb x12=0x00000001
     288765.000 ns	     28875	800061a8	00981eb3	sll	x29,x16,x9	 x16:0x000000be  x9:0xffffffff x29=0x00000000
     288785.000 ns	     28877	800061ac	03cc85b3	mul	x11,x25,x28	 x25:0x00000001 x28:0xf4cfa19c x11=0xf4cfa19c
     288805.000 ns	     28879	800061b0	01847433	and	x8,x8,x24	  x8:0x00000000 x24:0x00000000  x8=0x00000000
     288825.000 ns	     28881	800061b4	d006fed3	fcvt.s.w	f29,x13	 x13:0x00000003 f29=0x40400000
     288845.000 ns	     28883	800061b8	54df4bb7	lui	x23,0x54df4	 x23=0x54df4000
     288855.000 ns	     28884	800061bc	6d0e9817	auipc	x16,0x6d0e9	 x16=0xed0ef1bc
     288865.000 ns	     28885	800061c0	006e7db3	and	x27,x28,x6	 x28:0xf4cfa19c  x6:0x0b1be000 x27=0x000ba000
     288885.000 ns	     28887	800061c4	a0611053	flt.s	x0,f2,f6	  f2:0xbf800000  f6:0x4d31be00
     288905.000 ns	     28889	800061c8	01431813	slli	x16,x6,0x14	  x6:0x0b1be000 x16=0x00000000
     288925.000 ns	     28891	800061cc	280618d3	fmax.s	f17,f12,f0	 f12:0x19b4b4b6  f0:0x4ebeca00 f17=0x4ebeca00
     288945.000 ns	     28893	800061d0	00804333	xor	x6,x0,x8	  x0:0x00000000  x8:0x00000000  x6=0x00000000
     288965.000 ns	     28895	800061d4	e00383d3	fmv.x.w	x7,f7	  f7:0x3f800000  x7=0x3f800000
     288985.000 ns	     28897	800061d8	0052fe33	and	x28,x5,x5	  x5:0x000002bb  x5:0x000002bb x28=0x000002bb
     289015.000 ns	     28900	800061dc	580df453	fsqrt.s	f8,f27	 f27:0x7fc00000  f8=0x7fc00000
     289045.000 ns	     28903	800061e0	c00f8c53	fcvt.w.s	x24,f31	 f31:0xc4aca000 x24=0xfffffa9b
     289065.000 ns	     28905	800061e4	64852b13	slti	x22,x10,1608	 x10:0x7ffbf100 x22=0x00000000
     289075.000 ns	     28906	800061e8	00630933	add	x18,x6,x6	  x6:0x00000000  x6:0x00000000 x18=0x00000000
     289095.000 ns	     28908	800061ec	295611d3	fmax.s	f3,f12,f21	 f12:0x19b4b4b6 f21:0xfffffa9b  f3=0x19b4b4b6
     289125.000 ns	     28911	800061f0	218e8ad3	fsgnj.s	f21,f29,f24	 f29:0x40400000 f24:0x00000000 f21=0x40400000
     290155.000 ns	     29014	800061f4	580735d3	fsqrt.s	f11,f14	 f14:0x2c18161e f11=0x35571488
     290175.000 ns	     29016	800061f8	411a5533	sra	x10,x20,x17	 x20:0x80041024 x17:0x00000000 x10=0x80041024
     290195.000 ns	     29018	800061fc	20a9a253	fsgnjx.s	f4,f19,f10	 f19:0x2c18161e f10:0xac18161d  f4=0xac18161e
     290215.000 ns	     29020	80006200	41df5133	sra	x2,x30,x29	 x30:0x00000001 x29:0x00000000  x2=0x00000001
     290235.000 ns	     29022	80006204	29b688d3	fmin.s	f17,f13,f27	 f13:0x2c1815a7 f27:0x7fc00000 f17=0x2c1815a7
     290255.000 ns	     29024	80006208	01f385b3	add	x11,x7,x31	  x7:0x3f800000 x31:0x7fffffff x11=0xbf7fffff
     290585.000 ns	     29057	8000620c	1830fa53	fdiv.s	f20,f1,f3	  f1:0x2c18161e  f3:0x19b4b4b6 f20=0x51d6b5d2
     290605.000 ns	     29059	80006210	01439913	slli	x18,x7,0x14	  x7:0x3f800000 x18=0x00000000
     290615.000 ns	     29060	80006214	01895193	srli	x3,x18,0x18	 x18:0x00000000  x3=0x00000000
     290625.000 ns	     29061	80006218	df0ea913	slti	x18,x29,-528	 x29:0x00000000 x18=0x00000000
     290665.000 ns	     29065	8000621c	00e4f653	fadd.s	f12,f9,f14	  f9:0x3f800000 f14:0x2c18161e f12=0x3f800000
     290695.000 ns	     29068	80006220	a087aad3	feq.s	x21,f15,f8	 f15:0x00000000  f8:0x7fc00000 x21=0x00000000
     290715.000 ns	     29070	80006224	00f99013	slli	x0,x19,0xf	 x19:0x00000010
     290735.000 ns	     29072	80006228	d00afbd3	fcvt.s.w	f23,x21	 x21:0x00000000 f23=0x00000000
     290765.000 ns	     29075	8000622c	0319bd33	mulhu	x26,x19,x17	 x19:0x00000010 x17:0x00000000 x26=0x00000000
     290795.000 ns	     29078	80006230	027113b3	mulh	x7,x2,x7	  x2:0x00000001  x7:0x3f800000  x7=0x00000000
     290835.000 ns	     29082	80006234	580cb753	fsqrt.s	f14,f25	 f25:0xc0220804 f14=0x7fc00000
     290855.000 ns	     29084	80006238	00bb23b3	slt	x7,x22,x11	 x22:0x00000000 x11:0xbf7fffff  x7=0x00000000
     290875.000 ns	     29086	8000623c	c01ecb53	fcvt.wu.s	x22,f29	 f29:0x40400000 x22=0x00000003
     291975.000 ns	     29196	80006240	580641d3	fsqrt.s	f3,f12	 f12:0x3f800000  f3=0x3f7fffae
     292005.000 ns	     29199	80006244	d014ad53	fcvt.s.wu	f26,x9	  x9:0xffffffff f26=0x4f800000
     292025.000 ns	     29201	80006248	002574b3	and	x9,x10,x2	 x10:0x80041024  x2:0x00000001  x9=0x00000000
     292045.000 ns	     29203	8000624c	02ee95b3	mulh	x11,x29,x14	 x29:0x00000000 x14:0x0000000d x11=0x00000000
     292075.000 ns	     29206	80006250	0324b1b3	mulhu	x3,x9,x18	  x9:0xffffffff x18:0x00000000  x3=0x00000000
     292095.000 ns	     29208	80006254	4d033f13	sltiu	x30,x6,1232	  x6:0x00000000 x30=0x00000001
     292105.000 ns	     29209	80006258	aecc3413	sltiu	x8,x24,-1300	 x24:0xfffffa9b  x8=0x00000001
     292115.000 ns	     29210	8000625c	00d76033	or	x0,x14,x13	 x14:0x0000000d x13:0x00000003
     292135.000 ns	     29212	80006260	022fabb3	mulhsu	x23,x31,x2	 x31:0x7fffffff  x2:0x00000001 x23=0x00000000
     292505.000 ns	     29249	80006264	02edd8b3	divu	x17,x27,x14	 x27:0x000ba000 x14:0x0000000d x17=0x0000e4ec
     292525.000 ns	     29251	80006268	00af5713	srli	x14,x30,0xa	 x30:0x00000001 x14=0x00000000
     292535.000 ns	     29252	8000626c	41275293	srai	x5,x14,0x12	 x14:0x0000000d  x5=0x00000000
     292555.000 ns	     29254	80006270	c0167253	fcvt.wu.s	x4,f12	 f12:0x3f800000  x4=0x00000001
     292575.000 ns	     29256	80006274	1428c393	xori	x7,x17,322	 x17:0x0000e4ec  x7=0x0000e5ae
     292595.000 ns	     29258	80006278	d015f653	fcvt.s.wu	f12,x11	 x11:0x00000000 f12=0x00000000
     292625.000 ns	     29261	8000627c	d01c9353	fcvt.s.wu	f6,x25	 x25:0x00000001  f6=0x3f800000
     292655.000 ns	     29264	80006280	a1268953	fle.s	x18,f13,f18	 f13:0x2c1815a7 f18:0x80000000 x18=0x00000000
     292675.000 ns	     29266	80006284	00edf9b3	and	x19,x27,x14	 x27:0x000ba000 x14:0x00000000 x19=0x00000000
     292685.000 ns	     29267	80006288	94f54837	lui	x16,0x94f54	 x16=0x94f54000
     292705.000 ns	     29269	8000628c	03b28ab3	mul	x21,x5,x27	  x5:0x00000000 x27:0x000ba000 x21=0x00000000
     292725.000 ns	     29271	80006290	00000013	addi	x0,x0,0	  x0:0x00000000
     292735.000 ns	     29272	80006294	90327b93	andi	x23,x4,-1789	  x4:0x00000001 x23=0x00000001
     292745.000 ns	     29273	80006298	ea42c313	xori	x6,x5,-348	  x5:0x00000000  x6=0xfffffea4
     292755.000 ns	     29274	8000629c	01a665b3	or	x11,x12,x26	 x12:0x00000001 x26:0x00000000 x11=0x00000001
     292765.000 ns	     29275	800062a0	40f03b17	auipc	x22,0x40f03	 x22=0xc0f092a0
     293125.000 ns	     29311	800062a4	03675133	divu	x2,x14,x22	 x14:0x00000000 x22:0x00000003  x2=0x00000000
     293155.000 ns	     29314	800062a8	a1e99653	flt.s	x12,f19,f30	 f19:0x2c18161e f30:0x2c18161d x12=0x00000000
     293175.000 ns	     29316	800062ac	014ab033	sltu	x0,x21,x20	 x21:0x00000000 x20:0x80041024
     293195.000 ns	     29318	800062b0	e00f8853	fmv.x.w	x16,f31	 f31:0xc4aca000 x16=0xc4aca000
     293225.000 ns	     29321	800062b4	02ca8eb3	mul	x29,x21,x12	 x21:0x00000000 x12:0x00000000 x29=0x00000000
     293265.000 ns	     29325	800062b8	19a63653	fdiv.s	f12,f12,f26	 f12:0x00000000 f26:0x4f800000 f12=0x00000000
     293305.000 ns	     29329	800062bc	117d76d3	fmul.s	f13,f26,f23	 f26:0x4f800000 f23:0x00000000 f13=0x00000000
     293335.000 ns	     29332	800062c0	291513d3	fmax.s	f7,f10,f17	 f10:0xac18161d f17:0x2c1815a7  f7=0x2c1815a7
     293365.000 ns	     29335	800062c4	02dfa933	mulhsu	x18,x31,x13	 x31:0x7fffffff x13:0x00000003 x18=0x00000001
     293395.000 ns	     29338	800062c8	e00b1cd3	fclass.s	x25,f22	 f22:0xcefff7e2 x25=0x00000002
     293415.000 ns	     29340	800062cc	71054093	xori	x1,x10,1808	 x10:0x80041024  x1=0x80041734
     293425.000 ns	     29341	800062d0	dcb7e593	ori	x11,x15,-565	 x15:0x80040fe4 x11=0xffffffef
     293435.000 ns	     29342	800062d4	30bfe117	auipc	x2,0x30bfe	  x2=0xb0c042d4
     293445.000 ns	     29343	800062d8	01501813	slli	x16,x0,0x15	  x0:0x00000000 x16=0x00000000
     293465.000 ns	     29345	800062dc	03084033	div	x0,x16,x16	 x16:0xc4aca000 x16:0xc4aca000
     293495.000 ns	     29348	800062e0	c0003f53	fcvt.w.s	x30,f0	  f0:0x4ebeca00 x30=0x5f650000
     293515.000 ns	     29350	800062e4	f9927cb7	lui	x25,0xf9927	 x25=0xf9927000
     293535.000 ns	     29352	800062e8	e0029f53	fclass.s	x30,f5	  f5:0x00000000 x30=0x00000010
     293565.000 ns	     29355	800062ec	21918f53	fsgnj.s	f30,f3,f25	  f3:0x3f7fffae f25:0xc0220804 f30=0xbf7fffae
     293595.000 ns	     29358	800062f0	037e91b3	mulh	x3,x29,x23	 x29:0x00000000 x23:0x00000001  x3=0x00000000
     293615.000 ns	     29360	800062f4	005bdf93	srli	x31,x23,0x5	 x23:0x00000001 x31=0x00000000
     293635.000 ns	     29362	800062f8	d00bb053	fcvt.s.w	f0,x23	 x23:0x00000001  f0=0x3f800000
     293665.000 ns	     29365	800062fc	f0080d53	fmv.w.x	f26,x16	 x16:0x00000000 f26=0x00000000
     293695.000 ns	     29368	80006300	02f53433	mulhu	x8,x10,x15	 x10:0x80041024 x15:0x80040fe4  x8=0x40041014
     294065.000 ns	     29405	80006304	0385fcb3	remu	x25,x11,x24	 x11:0xffffffef x24:0xfffffa9b x25=0x00000554
     294095.000 ns	     29408	80006308	a13f1653	flt.s	x12,f30,f19	 f30:0xbf7fffae f19:0x2c18161e x12=0x00000001
     294115.000 ns	     29410	8000630c	c3fa3413	sltiu	x8,x20,-961	 x20:0x80041024  x8=0x00000001
     294125.000 ns	     29411	80006310	00f7c633	xor	x12,x15,x15	 x15:0x80040fe4 x15:0x80040fe4 x12=0x00000000
     294135.000 ns	     29412	80006314	405d5033	sra	x0,x26,x5	 x26:0x00000000  x5:0x00000000
     294145.000 ns	     29413	80006318	003f1413	slli	x8,x30,0x3	 x30:0x00000010  x8=0x00000080
     294155.000 ns	     29414	8000631c	01be4133	xor	x2,x28,x27	 x28:0x000002bb x27:0x000ba000  x2=0x000ba2bb
     294175.000 ns	     29416	80006320	a10712d3	flt.s	x5,f14,f16	 f14:0x7fc00000 f16:0x00000000  x5=0x00000000
     294205.000 ns	     29419	80006324	a16b1c53	flt.s	x24,f22,f22	 f22:0xcefff7e2 f22:0xcefff7e2 x24=0x00000000
     294225.000 ns	     29421	80006328	00f0dc33	srl	x24,x1,x15	  x1:0x80041734 x15:0x80040fe4 x24=0x08004173
     294235.000 ns	     29422	8000632c	0107e333	or	x6,x15,x16	 x15:0x80040fe4 x16:0x00000000  x6=0x80040fe4
     294245.000 ns	     29423	80006330	f58bbd93	sltiu	x27,x23,-168	 x23:0x00000001 x27=0x00000001
     294285.000 ns	     29427	80006334	098ab053	fsub.s	f0,f21,f24	 f21:0x40400000 f24:0x00000000  f0=0x40400000
     294315.000 ns	     29430	80006338	d0032853	fcvt.s.w	f16,x6	  x6:0x80040fe4 f16=0xcefff7e1
     294345.000 ns	     29433	8000633c	a0510053	fle.s	x0,f2,f5	  f2:0xbf800000  f5:0x00000000
     294365.000 ns	     29435	80006340	40fb8d33	sub	x26,x23,x15	 x23:0x00000001 x15:0x80040fe4 x26=0x7ffbf01d
     294375.000 ns	     29436	80006344	411d0ab3	sub	x21,x26,x17	 x26:0x00000000 x17:0x0000e4ec x21=0x7ffb0b31
     294395.000 ns	     29438	80006348	028d2733	mulhsu	x14,x26,x8	 x26:0x00000000  x8:0x00000080 x14=0x0000003f
     294415.000 ns	     29440	8000634c	01d29193	slli	x3,x5,0x1d	  x5:0x00000000  x3=0x00000000
     294435.000 ns	     29442	80006350	037a0633	mul	x12,x20,x23	 x20:0x80041024 x23:0x00000001 x12=0x80041024
     294465.000 ns	     29445	80006354	d0109053	fcvt.s.wu	f0,x1	  x1:0x80041734  f0=0x4f000417
     294495.000 ns	     29448	80006358	d00ab6d3	fcvt.s.w	f13,x21	 x21:0x7ffb0b31 f13=0x4efff617
     294525.000 ns	     29451	8000635c	d00e7b53	fcvt.s.w	f22,x28	 x28:0x000002bb f22=0x442ec000
     294895.000 ns	     29488	80006360	03ef5fb3	divu	x31,x30,x30	 x30:0x00000010 x30:0x00000010 x31=0x00000001
     294915.000 ns	     29490	80006364	00735633	srl	x12,x6,x7	  x6:0x80040fe4  x7:0x0000e5ae x12=0x00020010
     294925.000 ns	     29491	80006368	00000013	addi	x0,x0,0	  x0:0x00000000
     294935.000 ns	     29492	8000636c	41c15f93	srai	x31,x2,0x1c	  x2:0x000ba2bb x31=0x00000000
     294945.000 ns	     29493	80006370	85a17313	andi	x6,x2,-1958	  x2:0x000ba2bb  x6=0x000ba01a
     295305.000 ns	     29529	80006374	0329c533	div	x10,x19,x18	 x19:0x00000000 x18:0x00000001 x10=0x00000000
     295325.000 ns	     29531	80006378	00dc9713	slli	x14,x25,0xd	 x25:0x00000554 x14=0x00aa8000
     295345.000 ns	     29533	8000637c	e00293d3	fclass.s	x7,f5	  f5:0x00000000  x7=0x00000010
     295375.000 ns	     29536	80006380	29478153	fmin.s	f2,f15,f20	 f15:0x00000000 f20:0x51d6b5d2  f2=0x00000000
     295405.000 ns	     29539	80006384	e0091ed3	fclass.s	x29,f18	 f18:0x80000000 x29=0x00000008
     295435.000 ns	     29542	80006388	c00dc1d3	fcvt.w.s	x3,f27	 f27:0x7fc00000  x3=0x7fffffff
     295465.000 ns	     29545	8000638c	21650ad3	fsgnj.s	f21,f10,f22	 f10:0xac18161d f22:0x442ec000 f21=0x2c18161d
     295835.000 ns	     29582	80006390	0394fe33	remu	x28,x9,x25	  x9:0x00000000 x25:0x00000554 x28=0x00000000
     295855.000 ns	     29584	80006394	009f52b3	srl	x5,x30,x9	 x30:0x00000010  x9:0x00000000  x5=0x00000010
     295865.000 ns	     29585	80006398	010d5c93	srli	x25,x26,0x10	 x26:0x7ffbf01d x25=0x00007ffb
     295875.000 ns	     29586	8000639c	00001d33	sll	x26,x0,x0	  x0:0x00000000  x0:0x00000000 x26=0x00000000
     295915.000 ns	     29590	800063a0	0999f953	fsub.s	f18,f19,f25	 f19:0x2c18161e f25:0xc0220804 f18=0x40220804
     295935.000 ns	     29592	800063a4	00da5633	srl	x12,x20,x13	 x20:0x80041024 x13:0x00000003 x12=0x10008204
     295945.000 ns	     29593	800063a8	2776b713	sltiu	x14,x13,631	 x13:0x00000003 x14=0x00000001
     295955.000 ns	     29594	800063ac	d71561b7	lui	x3,0xd7156	  x3=0xd7156000
     295965.000 ns	     29595	800063b0	01db9033	sll	x0,x23,x29	 x23:0x00000001 x29:0x00000008
     295975.000 ns	     29596	800063b4	f3926613	ori	x12,x4,-199	  x4:0x00000001 x12=0xffffff39
     295995.000 ns	     29598	800063b8	02ed93b3	mulh	x7,x27,x14	 x27:0x00000001 x14:0x00000001  x7=0x00000000
     296025.000 ns	     29601	800063bc	a19e8dd3	fle.s	x27,f29,f25	 f29:0x40400000 f25:0xc0220804 x27=0x00000000
     296395.000 ns	     29638	800063c0	028e70b3	remu	x1,x28,x8	 x28:0x00000000  x8:0x00000080  x1=0x00000000
     296765.000 ns	     29675	800063c4	0223dbb3	divu	x23,x7,x2	  x7:0x00000000  x2:0x000ba2bb x23=0x00000000
     296795.000 ns	     29678	800063c8	d0162b53	fcvt.s.wu	f22,x12	 x12:0xffffff39 f22=0x4f800000
     296815.000 ns	     29680	800063cc	0071ecb3	or	x25,x3,x7	  x3:0xd7156000  x7:0x00000000 x25=0xd7156000
     296835.000 ns	     29682	800063d0	a18b0d53	fle.s	x26,f22,f24	 f22:0x4f800000 f24:0x00000000 x26=0x00000000
     296855.000 ns	     29684	800063d4	8203bf37	lui	x30,0x8203b	 x30=0x8203b000
     296895.000 ns	     29688	800063d8	0942f853	fsub.s	f16,f5,f20	  f5:0x00000000 f20:0x51d6b5d2 f16=0xd1d6b5d2
     296915.000 ns	     29690	800063dc	ef35db37	lui	x22,0xef35d	 x22=0xef35d000
     296955.000 ns	     29694	800063e0	085373d3	fsub.s	f7,f6,f5	  f6:0x3f800000  f5:0x00000000  f7=0x3f800000
     296985.000 ns	     29697	800063e4	f0048ad3	fmv.w.x	f21,x9	  x9:0x00000000 f21=0x00000000
     297015.000 ns	     29700	800063e8	d00b7cd3	fcvt.s.w	f25,x22	 x22:0xef35d000 f25=0xcd865180
     297385.000 ns	     29737	800063ec	03e7ffb3	remu	x31,x15,x30	 x15:0x80040fe4 x30:0x8203b000 x31=0x80040fe4
     297425.000 ns	     29741	800063f0	113671d3	fmul.s	f3,f12,f19	 f12:0x00000000 f19:0x2c18161e  f3=0x00000000
     297455.000 ns	     29744	800063f4	02a4ed33	rem	x26,x9,x10	  x9:0x00000000 x10:0x00000000 x26=0x00000000
     297485.000 ns	     29747	800063f8	e00f9dd3	fclass.s	x27,f31	 f31:0xc4aca000 x27=0x00000002
     297855.000 ns	     29784	800063fc	03b46ab3	rem	x21,x8,x27	  x8:0x00000080 x27:0x00000000 x21=0x00000000
     297885.000 ns	     29787	80006400	d01b1053	fcvt.s.wu	f0,x22	 x22:0xef35d000  f0=0x4f6f35d0
     297905.000 ns	     29789	80006404	018cd333	srl	x6,x25,x24	 x25:0xd7156000 x24:0x08004173  x6=0x00001ae2
     297925.000 ns	     29791	80006408	025a1333	mulh	x6,x20,x5	 x20:0x80041024  x5:0x00000010  x6=0xfffffff8
     297945.000 ns	     29793	8000640c	6546a293	slti	x5,x13,1620	 x13:0x00000003  x5=0x00000001
     297965.000 ns	     29795	80006410	215927d3	fsgnjx.s	f15,f18,f21	 f18:0x40220804 f21:0x00000000 f15=0x40220804
     297995.000 ns	     29798	80006414	022238b3	mulhu	x17,x4,x2	  x4:0x00000001  x2:0x000ba2bb x17=0x00000000
     298015.000 ns	     29800	80006418	00000013	addi	x0,x0,0	  x0:0x00000000
     299185.000 ns	     29917	8000641c	580894d3	fsqrt.s	f9,f17	 f17:0x2c1815a7  f9=0x355713e0
     299205.000 ns	     29919	80006420	b41c2893	slti	x17,x24,-1215	 x24:0x08004173 x17=0x00000000
     299225.000 ns	     29921	80006424	21c10653	fsgnj.s	f12,f2,f28	  f2:0x00000000 f28:0x4efff7e2 f12=0x00000000
     299245.000 ns	     29923	80006428	49522b93	slti	x23,x4,1173	  x4:0x00000001 x23=0x00000001
     299605.000 ns	     29959	8000642c	03805cb3	divu	x25,x0,x24	  x0:0x00000000 x24:0x08004173 x25=0x00000000
     299625.000 ns	     29961	80006430	00000013	addi	x0,x0,0	  x0:0x00000000
     299645.000 ns	     29963	80006434	03a18db3	mul	x27,x3,x26	  x3:0xd7156000 x26:0x00000000 x27=0x00000000
     299675.000 ns	     29966	80006438	29300ed3	fmin.s	f29,f0,f19	  f0:0x4f6f35d0 f19:0x2c18161e f29=0x2c18161e
     299695.000 ns	     29968	8000643c	01b56e33	or	x28,x10,x27	 x10:0x00000000 x27:0x00000000 x28=0x00000000
     299715.000 ns	     29970	80006440	a0c4ae53	feq.s	x28,f9,f12	  f9:0x355713e0 f12:0x00000000 x28=0x00000000
     299735.000 ns	     29972	80006444	0e85bc93	sltiu	x25,x11,232	 x11:0xffffffef x25=0x00000000
     299745.000 ns	     29973	80006448	00131533	sll	x10,x6,x1	  x6:0xfffffff8  x1:0x00000000 x10=0xfffffff8
     299755.000 ns	     29974	8000644c	01d4fcb3	and	x25,x9,x29	  x9:0x00000000 x29:0x00000008 x25=0x00000000
     299765.000 ns	     29975	80006450	6b917f13	andi	x30,x2,1721	  x2:0x000ba2bb x30=0x000002b9
     299775.000 ns	     29976	80006454	7b2f0993	addi	x19,x30,1970	 x30:0x8203b000 x19=0x00000a6b
     299795.000 ns	     29978	80006458	02818733	mul	x14,x3,x8	  x3:0xd7156000  x8:0x00000080 x14=0x8ab00000
     299825.000 ns	     29981	8000645c	020dfe33	remu	x28,x27,x0	 x27:0x00000000  x0:0x00000000 x28=0x00000000
     299855.000 ns	     29984	80006460	289801d3	fmin.s	f3,f16,f9	 f16:0xd1d6b5d2  f9:0x355713e0  f3=0xd1d6b5d2
     299875.000 ns	     29986	80006464	00000013	addi	x0,x0,0	  x0:0x00000000
     299905.000 ns	     29989	80006468	18524bd3	fdiv.s	f23,f4,f5	  f4:0xac18161e  f5:0x00000000 f23=0xff800000
     299935.000 ns	     29992	8000646c	03170e33	mul	x28,x14,x17	 x14:0x8ab00000 x17:0x00000000 x28=0x00000000
     299985.000 ns	     29997	80006470	09b5c153	fsub.s	f2,f11,f27	 f11:0x35571488 f27:0x7fc00000  f2=0x7fc00000
     300355.000 ns	     30034	80006474	025960b3	rem	x1,x18,x5	 x18:0x00000001  x5:0x00000001  x1=0x00000000
     300385.000 ns	     30037	80006478	e0011453	fclass.s	x8,f2	  f2:0x7fc00000  x8=0x00000200
     300405.000 ns	     30039	8000647c	e9518593	addi	x11,x3,-363	  x3:0xd7156000 x11=0xd7155e95
     300445.000 ns	     30043	80006480	081071d3	fsub.s	f3,f0,f1	  f0:0x4f6f35d0  f1:0x2c18161e  f3=0x4f6f35d0
     300465.000 ns	     30045	80006484	406c59b3	sra	x19,x24,x6	 x24:0x08004173  x6:0xfffffff8 x19=0x00000008
     300475.000 ns	     30046	80006488	00000013	addi	x0,x0,0	  x0:0x00000000
     300485.000 ns	     30047	8000648c	00d0a2b3	slt	x5,x1,x13	  x1:0x00000000 x13:0x00000003  x5=0x00000001
     300525.000 ns	     30051	80006490	08de7cd3	fsub.s	f25,f28,f13	 f28:0x4efff7e2 f13:0x4efff617 f25=0x47658000
     300895.000 ns	     30088	80006494	02ff7733	remu	x14,x30,x15	 x30:0x000002b9 x15:0x80040fe4 x14=0x000002b9
     300925.000 ns	     30091	80006498	f0038b53	fmv.w.x	f22,x7	  x7:0x00000000 f22=0x00000000
     302105.000 ns	     30209	8000649c	58018c53	fsqrt.s	f24,f3	  f3:0x4f6f35d0 f24=0x472925a4
     302135.000 ns	     30212	800064a0	d00f78d3	fcvt.s.w	f17,x30	 x30:0x000002b9 f17=0x442e4000
     302155.000 ns	     30214	800064a4	01238433	add	x8,x7,x18	  x7:0x00000000 x18:0x00000001  x8=0x00000001
     302175.000 ns	     30216	800064a8	e00984d3	fmv.x.w	x9,f19	 f19:0x2c18161e  x9=0x2c18161e
     302205.000 ns	     30219	800064ac	f0040b53	fmv.w.x	f22,x8	  x8:0x00000200 f22=0x00000001
     302225.000 ns	     30221	800064b0	01aa9913	slli	x18,x21,0x1a	 x21:0x00000000 x18=0x00000000
     302245.000 ns	     30223	800064b4	a12c2153	feq.s	x2,f24,f18	 f24:0x472925a4 f18:0x40220804  x2=0x00000000
     302275.000 ns	     30226	800064b8	032ff733	remu	x14,x31,x18	 x31:0x80040fe4 x18:0x00000001 x14=0x80040fe4
     302295.000 ns	     30228	800064bc	014d9233	sll	x4,x27,x20	 x27:0x00000000 x20:0x80041024  x4=0x00000000
     302305.000 ns	     30229	800064c0	00e872b3	and	x5,x16,x14	 x16:0x00000000 x14:0x80040fe4  x5=0x00000000
     302315.000 ns	     30230	800064c4	b5e164b7	lui	x9,0xb5e16	  x9=0xb5e16000
     302335.000 ns	     30232	800064c8	021f5433	divu	x8,x30,x1	 x30:0x000002b9  x1:0x00000000  x8=0xffffffff
     302355.000 ns	     30234	800064cc	1023a313	slti	x6,x7,258	  x7:0x00000000  x6=0x00000001
     302365.000 ns	     30235	800064d0	5ae66813	ori	x16,x12,1454	 x12:0xffffff39 x16=0xffffffbf
     302385.000 ns	     30237	800064d4	20968ad3	fsgnj.s	f21,f13,f9	 f13:0x4efff617  f9:0x355713e0 f21=0x4efff617
     302425.000 ns	     30241	800064d8	580bf5d3	fsqrt.s	f11,f23	 f23:0xff800000 f11=0x7fc00000
     302455.000 ns	     30244	800064dc	e00699d3	fclass.s	x19,f13	 f13:0x4efff617 x19=0x00000040
     302475.000 ns	     30246	800064e0	00a0a8b3	slt	x17,x1,x10	  x1:0x00000000 x10:0xfffffff8 x17=0x00000000
     302495.000 ns	     30248	800064e4	a0729153	flt.s	x2,f5,f7	  f5:0x00000000  f7:0x3f800000  x2=0x00000001
     302865.000 ns	     30285	800064e8	02d5ccb3	div	x25,x11,x13	 x11:0xd7155e95 x13:0x00000003 x25=0xf25c74dd
     302895.000 ns	     30288	800064ec	e0001453	fclass.s	x8,f0	  f0:0x4f6f35d0  x8=0x00000040
     302925.000 ns	     30291	800064f0	03b22633	mulhsu	x12,x4,x27	  x4:0x00000000 x27:0x00000000 x12=0x00000000
     302945.000 ns	     30293	800064f4	03ccbf93	sltiu	x31,x25,60	 x25:0xf25c74dd x31=0x00000000
     302975.000 ns	     30296	800064f8	19d72853	fdiv.s	f16,f14,f29	 f14:0x7fc00000 f29:0x2c18161e f16=0x7fc00000
     303345.000 ns	     30333	800064fc	029c53b3	divu	x7,x24,x9	 x24:0x08004173  x9:0xb5e16000  x7=0x00000000
     303365.000 ns	     30335	80006500	00eb4c33	xor	x24,x22,x14	 x22:0xef35d000 x14:0x80040fe4 x24=0x6f31dfe4
     303405.000 ns	     30339	80006504	09843653	fsub.s	f12,f8,f24	  f8:0x7fc00000 f24:0x472925a4 f12=0x7fc00000
     303425.000 ns	     30341	80006508	d4fdc593	xori	x11,x27,-689	 x27:0x00000000 x11=0xfffffd4f
     303445.000 ns	     30343	8000650c	c01ff2d3	fcvt.wu.s	x5,f31	 f31:0xc4aca000  x5=0x00000565
     303475.000 ns	     30346	80006510	03709e33	mulh	x28,x1,x23	  x1:0x00000000 x23:0x00000001 x28=0x00000000
     303495.000 ns	     30348	80006514	00d7efb3	or	x31,x15,x13	 x15:0x80040fe4 x13:0x00000003 x31=0x80040fe7
     304665.000 ns	     30465	80006518	58002453	fsqrt.s	f8,f0	  f0:0x4f6f35d0  f8=0x472925a4
     304685.000 ns	     30467	8000651c	12763613	sltiu	x12,x12,295	 x12:0x00000000 x12=0x00000001
     304705.000 ns	     30469	80006520	c01378d3	fcvt.wu.s	x17,f6	  f6:0x3f800000 x17=0x00000001
     304725.000 ns	     30471	80006524	40068d33	sub	x26,x13,x0	 x13:0x00000003  x0:0x00000000 x26=0x00000003
     304735.000 ns	     30472	80006528	01804333	xor	x6,x0,x24	  x0:0x00000000 x24:0x6f31dfe4  x6=0x6f31dfe4
     304745.000 ns	     30473	8000652c	e741fab7	lui	x21,0xe741f	 x21=0xe741f000
     304755.000 ns	     30474	80006530	0168b9b3	sltu	x19,x17,x22	 x17:0x00000001 x22:0xef35d000 x19=0x00000001
     304775.000 ns	     30476	80006534	29d38a53	fmin.s	f20,f7,f29	  f7:0x3f800000 f29:0x2c18161e f20=0x2c18161e
     304805.000 ns	     30479	80006538	291c01d3	fmin.s	f3,f24,f17	 f24:0x472925a4 f17:0x442e4000  f3=0x442e4000
     304825.000 ns	     30481	8000653c	01154fb3	xor	x31,x10,x17	 x10:0xfffffff8 x17:0x00000001 x31=0xfffffff9
     304835.000 ns	     30482	80006540	00f73433	sltu	x8,x14,x15	 x14:0x80040fe4 x15:0x80040fe4  x8=0x00000000
     304845.000 ns	     30483	80006544	3abdf337	lui	x6,0x3abdf	  x6=0x3abdf000
     304865.000 ns	     30485	80006548	03f23033	mulhu	x0,x4,x31	  x4:0x00000000 x31:0xfffffff9
     304885.000 ns	     30487	8000654c	005cdf93	srli	x31,x25,0x5	 x25:0xf25c74dd x31=0x0792e3a6
     304895.000 ns	     30488	80006550	01bcdc13	srli	x24,x25,0x1b	 x25:0xf25c74dd x24=0x0000001e
     305255.000 ns	     30524	80006554	025475b3	remu	x11,x8,x5	  x8:0x00000000  x5:0x00000565 x11=0x00000000
     305275.000 ns	     30526	80006558	db860413	addi	x8,x12,-584	 x12:0x00000001  x8=0xfffffdb9
     305635.000 ns	     30562	8000655c	03906cb3	rem	x25,x0,x25	  x0:0x00000000 x25:0xf25c74dd x25=0x00000000
     305665.000 ns	     30565	80006560	208d9ad3	fsgnjn.s	f21,f27,f8	 f27:0x7fc00000  f8:0x472925a4 f21=0xffc00000
     305695.000 ns	     30568	80006564	e00a83d3	fmv.x.w	x7,f21	 f21:0x4efff617  x7=0xffc00000
     305725.000 ns	     30571	80006568	a14710d3	flt.s	x1,f14,f20	 f14:0x7fc00000 f20:0x2c18161e  x1=0x00000000
     305755.000 ns	     30574	8000656c	02fb3933	mulhu	x18,x22,x15	 x22:0xef35d000 x15:0x80040fe4 x18=0x779eb3b0
     306125.000 ns	     30611	80006570	02a34ab3	div	x21,x6,x10	  x6:0x3abdf000 x10:0xfffffff8 x21=0xf8a84200
     306495.000 ns	     30648	80006574	02d3cfb3	div	x31,x7,x13	  x7:0xffc00000 x13:0x00000003 x31=0xffeaaaab
     306515.000 ns	     30650	80006578	013a5f33	srl	x30,x20,x19	 x20:0x80041024 x19:0x00000001 x30=0x40020812
     306525.000 ns	     30651	8000657c	405352b3	sra	x5,x6,x5	  x6:0x3abdf000  x5:0x00000565  x5=0x01d5ef80
     306535.000 ns	     30652	80006580	83e80813	addi	x16,x16,-1986	 x16:0xffffffbf x16=0xfffff7fd
     306545.000 ns	     30653	80006584	00de15b3	sll	x11,x28,x13	 x28:0x00000000 x13:0x00000003 x11=0x00000000
     306555.000 ns	     30654	80006588	81deef13	ori	x30,x29,-2019	 x29:0x00000008 x30=0xfffff81d
     306565.000 ns	     30655	8000658c	9cbf0093	addi	x1,x30,-1589	 x30:0x40020812  x1=0xfffff1e8
     306575.000 ns	     30656	80006590	01505c93	srli	x25,x0,0x15	  x0:0x00000000 x25=0x00000000
     306585.000 ns	     30657	80006594	b153f593	andi	x11,x7,-1259	  x7:0xffc00000 x11=0xffc00000
     306595.000 ns	     30658	80006598	18ee4193	xori	x3,x28,398	 x28:0x00000000  x3=0x0000018e
     306615.000 ns	     30660	8000659c	21808353	fsgnj.s	f6,f1,f24	  f1:0x2c18161e f24:0x472925a4  f6=0x2c18161e
     306985.000 ns	     30697	800065a0	021e5733	divu	x14,x28,x1	 x28:0x00000000  x1:0xfffff1e8 x14=0x00000000
     307005.000 ns	     30699	800065a4	006f8eb3	add	x29,x31,x6	 x31:0xffeaaaab  x6:0x3abdf000 x29=0x3aa89aab
     307025.000 ns	     30701	800065a8	a19201d3	fle.s	x3,f4,f25	  f4:0xac18161e f25:0x47658000  x3=0x00000001
     307055.000 ns	     30704	800065ac	d00c8d53	fcvt.s.w	f26,x25	 x25:0x00000000 f26=0x00000000
     307105.000 ns	     30709	800065b0	09748a53	fsub.s	f20,f9,f23	  f9:0x355713e0 f23:0xff800000 f20=0x7f800000
     307125.000 ns	     30711	800065b4	91e9f293	andi	x5,x19,-1762	 x19:0x00000001  x5=0x00000000
     307135.000 ns	     30712	800065b8	8ed20a93	addi	x21,x4,-1811	  x4:0x00000000 x21=0xfffff8ed
     307145.000 ns	     30713	800065bc	001d9513	slli	x10,x27,0x1	 x27:0x00000000 x10=0x00000000
     307155.000 ns	     30714	800065c0	01db2bb3	slt	x23,x22,x29	 x22:0xef35d000 x29:0x3aa89aab x23=0x00000001
     307175.000 ns	     30716	800065c4	298e84d3	fmin.s	f9,f29,f24	 f29:0x2c18161e f24:0x472925a4  f9=0x2c18161e
     307195.000 ns	     30718	800065c8	c9165717	auipc	x14,0xc9165	 x14=0x4916b5c8
     307205.000 ns	     30719	800065cc	01edec33	or	x24,x27,x30	 x27:0x00000000 x30:0xfffff81d x24=0xfffff81d
     307215.000 ns	     30720	800065d0	007c5113	srli	x2,x24,0x7	 x24:0x0000001e  x2=0x01fffff0
     307235.000 ns	     30722	800065d4	29358953	fmin.s	f18,f11,f19	 f11:0x7fc00000 f19:0x2c18161e f18=0x2c18161e
     307255.000 ns	     30724	800065d8	00000013	addi	x0,x0,0	  x0:0x00000000
     307285.000 ns	     30727	800065dc	1154fcd3	fmul.s	f25,f9,f21	  f9:0x2c18161e f21:0xffc00000 f25=0x7fc00000
     307315.000 ns	     30730	800065e0	03c57eb3	remu	x29,x10,x28	 x10:0x00000000 x28:0x00000000 x29=0x00000000
     307335.000 ns	     30732	800065e4	e6053d97	auipc	x27,0xe6053	 x27=0x660595e4
     307345.000 ns	     30733	800065e8	8d8a7393	andi	x7,x20,-1832	 x20:0x80041024  x7=0x80041000
     307355.000 ns	     30734	800065ec	01501133	sll	x2,x0,x21	  x0:0x00000000 x21:0xfffff8ed  x2=0x00000000
     307375.000 ns	     30736	800065f0	a1491353	flt.s	x6,f18,f20	 f18:0x2c18161e f20:0x7f800000  x6=0x00000001
     307745.000 ns	     30773	800065f4	02c8d9b3	divu	x19,x17,x12	 x17:0x00000001 x12:0x00000001 x19=0x00000001
     307795.000 ns	     30778	800065f8	09870f53	fsub.s	f30,f14,f24	 f14:0x7fc00000 f24:0x472925a4 f30=0x7fc00000
     307845.000 ns	     30783	800065fc	01a4b853	fadd.s	f16,f9,f26	  f9:0x2c18161e f26:0x00000000 f16=0x2c18161e
     308215.000 ns	     30820	80006600	03ab7433	remu	x8,x22,x26	 x22:0xef35d000 x26:0x00000003  x8=0x00000002
     308245.000 ns	     30823	80006604	c0093853	fcvt.w.s	x16,f18	 f18:0x2c18161e x16=0x00000000
     308265.000 ns	     30825	80006608	01315c13	srli	x24,x2,0x13	  x2:0x00000000 x24=0x00000000
     308275.000 ns	     30826	8000660c	00000013	addi	x0,x0,0	  x0:0x00000000
     308635.000 ns	     30862	80006610	0349f133	remu	x2,x19,x20	 x19:0x00000001 x20:0x80041024  x2=0x00000001
     308665.000 ns	     30865	80006614	f0038e53	fmv.w.x	f28,x7	  x7:0x80041000 f28=0x80041000
     309845.000 ns	     30983	80006618	580b7853	fsqrt.s	f16,f22	 f22:0x00000001 f16=0x1f350483
     309865.000 ns	     30985	8000661c	00a50cb3	add	x25,x10,x10	 x10:0x00000000 x10:0x00000000 x25=0x00000000
     309875.000 ns	     30986	80006620	b84ce213	ori	x4,x25,-1148	 x25:0x00000000  x4=0xfffffb84
     309895.000 ns	     30988	80006624	02641733	mulh	x14,x8,x6	  x8:0x00000002  x6:0x00000001 x14=0x00000000
     309925.000 ns	     30991	80006628	d007f453	fcvt.s.w	f8,x15	 x15:0x80040fe4  f8=0xcefff7e0
     309945.000 ns	     30993	8000662c	01dcb4b3	sltu	x9,x25,x29	 x25:0x00000000 x29:0x00000000  x9=0x00000000
     309965.000 ns	     30995	80006630	03abbeb3	mulhu	x29,x23,x26	 x23:0x00000001 x26:0x00000003 x29=0x00000000
     309985.000 ns	     30997	80006634	73d19d37	lui	x26,0x73d19	 x26=0x73d19000
     309995.000 ns	     30998	80006638	a8356993	ori	x19,x10,-1405	 x10:0x00000000 x19=0xfffffa83
     310005.000 ns	     30999	8000663c	01d81b93	slli	x23,x16,0x1d	 x16:0x00000000 x23=0x00000000
     310015.000 ns	     31000	80006640	00000013	addi	x0,x0,0	  x0:0x00000000
     310025.000 ns	     31001	80006644	c39af137	lui	x2,0xc39af	  x2=0xc39af000
     310035.000 ns	     31002	80006648	002dbf33	sltu	x30,x27,x2	 x27:0x660595e4  x2:0x00000001 x30=0x00000001
     310045.000 ns	     31003	8000664c	e8be2a93	slti	x21,x28,-373	 x28:0x00000000 x21=0x00000000
     310065.000 ns	     31005	80006650	a0788853	fle.s	x16,f17,f7	 f17:0x442e4000  f7:0x3f800000 x16=0x00000000
     310115.000 ns	     31010	80006654	00c97153	fadd.s	f2,f18,f12	 f18:0x2c18161e f12:0x7fc00000  f2=0x7fc00000
     310135.000 ns	     31012	80006658	00a42733	slt	x14,x8,x10	  x8:0x00000002 x10:0x00000000 x14=0x00000000
     310155.000 ns	     31014	8000665c	03da1133	mulh	x2,x20,x29	 x20:0x80041024 x29:0x00000000  x2=0x00000000
     310175.000 ns	     31016	80006660	01b3a433	slt	x8,x7,x27	  x7:0x80041000 x27:0x660595e4  x8=0x00000001
     310195.000 ns	     31018	80006664	03b79e33	mulh	x28,x15,x27	 x15:0x80040fe4 x27:0x660595e4 x28=0xccfed379
     310225.000 ns	     31021	80006668	d00bf653	fcvt.s.w	f12,x23	 x23:0x00000000 f12=0x00000000
     310245.000 ns	     31023	8000666c	e88de113	ori	x2,x27,-376	 x27:0x660595e4  x2=0xffffffec
     310285.000 ns	     31027	80006670	08eb7cd3	fsub.s	f25,f22,f14	 f22:0x00000001 f14:0x7fc00000 f25=0x7fc00000
     310315.000 ns	     31030	80006674	d0048c53	fcvt.s.w	f24,x9	  x9:0x00000000 f24=0x00000000
     310335.000 ns	     31032	80006678	40ffd233	sra	x4,x31,x15	 x31:0xffeaaaab x15:0x80040fe4  x4=0xfffeaaaa
     310375.000 ns	     31036	8000667c	083282d3	fsub.s	f5,f5,f3	  f5:0x00000000  f3:0x442e4000  f5=0xc42e4000
     310395.000 ns	     31038	80006680	401e5c13	srai	x24,x28,0x1	 x28:0xccfed379 x24=0xe67f69bc
     310415.000 ns	     31040	80006684	e00318d3	fclass.s	x17,f6	  f6:0x2c18161e x17=0x00000040
     310435.000 ns	     31042	80006688	40a45413	srai	x8,x8,0xa	  x8:0x00000001  x8=0x00000000
     310795.000 ns	     31078	8000668c	026ff333	remu	x6,x31,x6	 x31:0xffeaaaab  x6:0x00000001  x6=0x00000000
     310815.000 ns	     31080	80006690	00000013	addi	x0,x0,0	  x0:0x00000000
     310835.000 ns	     31082	80006694	e0040553	fmv.x.w	x10,f8	  f8:0xcefff7e0 x10=0xcefff7e0
     310855.000 ns	     31084	80006698	a866e213	ori	x4,x13,-1402	 x13:0x00000003  x4=0xfffffa87
     310875.000 ns	     31086	8000669c	f0070353	fmv.w.x	f6,x14	 x14:0x00000000  f6=0x00000000
     310895.000 ns	     31088	800066a0	01037533	and	x10,x6,x16	  x6:0x00000000 x16:0x00000000 x10=0x00000000
     310915.000 ns	     31090	800066a4	c003cc53	fcvt.w.s	x24,f7	  f7:0x3f800000 x24=0x00000001
     310935.000 ns	     31092	800066a8	017c3433	sltu	x8,x24,x23	 x24:0xe67f69bc x23:0x00000000  x8=0x00000000
     310955.000 ns	     31094	800066ac	28b78d53	fmin.s	f26,f15,f11	 f15:0x40220804 f11:0x7fc00000 f26=0x40220804
     310975.000 ns	     31096	800066b0	41b4dd13	srai	x26,x9,0x1b	  x9:0x00000000 x26=0x00000000
     310985.000 ns	     31097	800066b4	b2c54913	xori	x18,x10,-1236	 x10:0x00000000 x18=0xfffffb2c
     310995.000 ns	     31098	800066b8	00fa5d33	srl	x26,x20,x15	 x20:0x80041024 x15:0x80040fe4 x26=0x08004102
     311005.000 ns	     31099	800066bc	019c9c33	sll	x24,x25,x25	 x25:0x00000000 x25:0x00000000 x24=0x00000000
     311015.000 ns	     31100	800066c0	0079ecb3	or	x25,x19,x7	 x19:0xfffffa83  x7:0x80041000 x25=0xfffffa83
     311035.000 ns	     31102	800066c4	a0ff2c53	feq.s	x24,f30,f15	 f30:0x7fc00000 f15:0x40220804 x24=0x00000000
     311075.000 ns	     31106	800066c8	116c97d3	fmul.s	f15,f25,f22	 f25:0x7fc00000 f22:0x00000001 f15=0x7fc00000
     311095.000 ns	     31108	800066cc	0009c733	xor	x14,x19,x0	 x19:0xfffffa83  x0:0x00000000 x14=0xfffffa83
     311115.000 ns	     31110	800066d0	c0197ed3	fcvt.wu.s	x29,f18	 f18:0x2c18161e x29=0x00000000
     311135.000 ns	     31112	800066d4	a02cfb93	andi	x23,x25,-1534	 x25:0xfffffa83 x23=0xfffffa02
     311145.000 ns	     31113	800066d8	4168b213	sltiu	x4,x17,1046	 x17:0x00000040  x4=0x00000001
     311165.000 ns	     31115	800066dc	a0928b53	fle.s	x22,f5,f9	  f5:0xc42e4000  f9:0x2c18161e x22=0x00000001
     311195.000 ns	     31118	800066e0	f0060e53	fmv.w.x	f28,x12	 x12:0x00000001 f28=0x00000001
     311225.000 ns	     31121	800066e4	21c323d3	fsgnjx.s	f7,f6,f28	  f6:0x00000000 f28:0x80041000  f7=0x00000000
     311255.000 ns	     31124	800066e8	21f293d3	fsgnjn.s	f7,f5,f31	  f5:0xc42e4000 f31:0xc4aca000  f7=0x442e4000
     311285.000 ns	     31127	800066ec	d009f7d3	fcvt.s.w	f15,x19	 x19:0xfffffa83 f15=0xc4afa000
     311305.000 ns	     31129	800066f0	00e51233	sll	x4,x10,x14	 x10:0x00000000 x14:0xfffffa83  x4=0x00000000
     311315.000 ns	     31130	800066f4	a16755b7	lui	x11,0xa1675	 x11=0xa1675000
     311325.000 ns	     31131	800066f8	400683b3	sub	x7,x13,x0	 x13:0x00000003  x0:0x00000000  x7=0x00000003
     311345.000 ns	     31133	800066fc	e00b0053	fmv.x.w	x0,f22	 f22:0x00000001
     311365.000 ns	     31135	80006700	00ec0233	add	x4,x24,x14	 x24:0x00000000 x14:0xfffffa83  x4=0xfffffa83
     311375.000 ns	     31136	80006704	01c924b3	slt	x9,x18,x28	 x18:0xfffffb2c x28:0xccfed379  x9=0x00000000
     311385.000 ns	     31137	80006708	015a41b3	xor	x3,x20,x21	 x20:0x80041024 x21:0x00000000  x3=0x80041024
     311415.000 ns	     31140	8000670c	1066f9d3	fmul.s	f19,f13,f6	 f13:0x4efff617  f6:0x00000000 f19=0x00000000
     311445.000 ns	     31143	80006710	02018633	mul	x12,x3,x0	  x3:0x00000001  x0:0x00000000 x12=0x00000000
     311475.000 ns	     31146	80006714	d00ba053	fcvt.s.w	f0,x23	 x23:0xfffffa02  f0=0xc4bfc000
     311525.000 ns	     31151	80006718	082d0bd3	fsub.s	f23,f26,f2	 f26:0x40220804  f2:0x7fc00000 f23=0x7fc00000
     311555.000 ns	     31154	8000671c	02a84f33	div	x30,x16,x10	 x16:0x00000000 x10:0x00000000 x30=0xffffffff
     311575.000 ns	     31156	80006720	01421d13	slli	x26,x4,0x14	  x4:0xfffffa83 x26=0xa8300000
     311595.000 ns	     31158	80006724	022b2eb3	mulhsu	x29,x22,x2	 x22:0x00000001  x2:0xffffffec x29=0x00000000
     311615.000 ns	     31160	80006728	00bd9d93	slli	x27,x27,0xb	 x27:0x660595e4 x27=0x2caf2000
     311625.000 ns	     31161	8000672c	00e2fcb3	and	x25,x5,x14	  x5:0x00000000 x14:0xfffffa83 x25=0x00000000
     311645.000 ns	     31163	80006730	21ed9b53	fsgnjn.s	f22,f27,f30	 f27:0x7fc00000 f30:0x7fc00000 f22=0xffc00000
     311665.000 ns	     31165	80006734	6ac54c13	xori	x24,x10,1708	 x10:0x00000000 x24=0x000006ac
     311675.000 ns	     31166	80006738	408cdd93	srai	x27,x25,0x8	 x25:0x00000000 x27=0x00000000
     311685.000 ns	     31167	8000673c	0128dd33	srl	x26,x17,x18	 x17:0x00000040 x18:0xfffffb2c x26=0x00000000
     311695.000 ns	     31168	80006740	008b9ab3	sll	x21,x23,x8	 x23:0xfffffa02  x8:0x00000000 x21=0xfffffa02
     311705.000 ns	     31169	80006744	fef9a493	slti	x9,x19,-17	 x19:0xfffffa83  x9=0x00000001
     311725.000 ns	     31171	80006748	d0147853	fcvt.s.wu	f16,x8	  x8:0x00000000 f16=0x00000000
     311745.000 ns	     31173	8000674c	419758b3	sra	x17,x14,x25	 x14:0xfffffa83 x25:0x00000000 x17=0xfffffa83
     311765.000 ns	     31175	80006750	d0167d53	fcvt.s.wu	f26,x12	 x12:0x00000000 f26=0x00000000
     311785.000 ns	     31177	80006754	00fb4cb3	xor	x25,x22,x15	 x22:0x00000001 x15:0x80040fe4 x25=0x80040fe5
     311795.000 ns	     31178	80006758	4003d933	sra	x18,x7,x0	  x7:0x00000003  x0:0x00000000 x18=0x00000003
     311815.000 ns	     31180	8000675c	035e8eb3	mul	x29,x29,x21	 x29:0x00000000 x21:0xfffffa02 x29=0x00000000
     311845.000 ns	     31183	80006760	a0712dd3	feq.s	x27,f2,f7	  f2:0x7fc00000  f7:0x442e4000 x27=0x00000000
     311875.000 ns	     31186	80006764	0334a5b3	mulhsu	x11,x9,x19	  x9:0x00000001 x19:0xfffffa83 x11=0x00000000
     311905.000 ns	     31189	80006768	20f21ad3	fsgnjn.s	f21,f4,f15	  f4:0xac18161e f15:0xc4afa000 f21=0x2c18161e
     311925.000 ns	     31191	8000676c	014335b3	sltu	x11,x6,x20	  x6:0x00000000 x20:0x80041024 x11=0x00000001
     311935.000 ns	     31192	80006770	01c69613	slli	x12,x13,0x1c	 x13:0x00000003 x12=0x30000000
     311955.000 ns	     31194	80006774	e00e8253	fmv.x.w	x4,f29	 f29:0x2c18161e  x4=0x2c18161e
     311995.000 ns	     31198	80006778	1058f4d3	fmul.s	f9,f17,f5	 f17:0x442e4000  f5:0xc42e4000  f9=0xc8ed3620
     312015.000 ns	     31200	8000677c	009d7f33	and	x30,x26,x9	 x26:0x00000000  x9:0x00000001 x30=0x00000000
     312035.000 ns	     31202	80006780	a1c711d3	flt.s	x3,f14,f28	 f14:0x7fc00000 f28:0x00000001  x3=0x00000000
     312055.000 ns	     31204	80006784	40125593	srai	x11,x4,0x1	  x4:0x2c18161e x11=0x160c0b0f
     312415.000 ns	     31240	80006788	0386fd33	remu	x26,x13,x24	 x13:0x00000003 x24:0x000006ac x26=0x00000003
     312435.000 ns	     31242	8000678c	8efba737	lui	x14,0x8efba	 x14=0x8efba000
     312445.000 ns	     31243	80006790	00993833	sltu	x16,x18,x9	 x18:0x00000003  x9:0x00000001 x16=0x00000000
     312465.000 ns	     31245	80006794	d00731d3	fcvt.s.w	f3,x14	 x14:0xfffffa83  f3=0xcee208c0
     312495.000 ns	     31248	80006798	e0001dd3	fclass.s	x27,f0	  f0:0xc4bfc000 x27=0x00000002
     312515.000 ns	     31250	8000679c	40e15833	sra	x16,x2,x14	  x2:0xffffffec x14:0x8efba000 x16=0xffffffec
     312525.000 ns	     31251	800067a0	84b2a193	slti	x3,x5,-1973	  x5:0x00000000  x3=0x00000000
     312535.000 ns	     31252	800067a4	d380b737	lui	x14,0xd380b	 x14=0xd380b000
     312545.000 ns	     31253	800067a8	b03e0093	addi	x1,x28,-1277	 x28:0xccfed379  x1=0xccfece7c
     312565.000 ns	     31255	800067ac	d01581d3	fcvt.s.wu	f3,x11	 x11:0x160c0b0f  f3=0x4db06058
     312595.000 ns	     31258	800067b0	02d81fb3	mulh	x31,x16,x13	 x16:0xffffffec x13:0x00000003 x31=0xffffffff
     312615.000 ns	     31260	800067b4	b91e8813	addi	x16,x29,-1135	 x29:0x00000000 x16=0xfffffb91
     312625.000 ns	     31261	800067b8	00ebc833	xor	x16,x23,x14	 x23:0xfffffa02 x14:0xd380b000 x16=0x2c7f4a02
     312635.000 ns	     31262	800067bc	415bd933	sra	x18,x23,x21	 x23:0xfffffa02 x21:0xfffffa02 x18=0xfffffe80
     312645.000 ns	     31263	800067c0	016ad033	srl	x0,x21,x22	 x21:0xfffffa02 x22:0x00000001
     312665.000 ns	     31265	800067c4	20a70553	fsgnj.s	f10,f14,f10	 f14:0x7fc00000 f10:0xac18161d f10=0xffc00000
     312695.000 ns	     31268	800067c8	c0032753	fcvt.w.s	x14,f6	  f6:0x00000000 x14=0x00000000
     312725.000 ns	     31271	800067cc	c005fed3	fcvt.w.s	x29,f11	 f11:0x7fc00000 x29=0x7fffffff
     312745.000 ns	     31273	800067d0	0128d933	srl	x18,x17,x18	 x17:0xfffffa83 x18:0xfffffe80 x18=0xfffffa83
     312755.000 ns	     31274	800067d4	01624033	xor	x0,x4,x22	  x4:0x2c18161e x22:0x00000001
     312775.000 ns	     31276	800067d8	025182b3	mul	x5,x3,x5	  x3:0x00000000  x5:0x00000000  x5=0x00000000
     312795.000 ns	     31278	800067dc	00187033	and	x0,x16,x1	 x16:0x2c7f4a02  x1:0xccfece7c
     312835.000 ns	     31282	800067e0	08f44b53	fsub.s	f22,f8,f15	  f8:0xcefff7e0 f15:0xc4afa000 f22=0xcefff7d5
     312855.000 ns	     31284	800067e4	0059d0b3	srl	x1,x19,x5	 x19:0xfffffa83  x5:0x00000000  x1=0xfffffa83
     312875.000 ns	     31286	800067e8	f0048d53	fmv.w.x	f26,x9	  x9:0x00000001 f26=0x00000001
     312895.000 ns	     31288	800067ec	b95c5437	lui	x8,0xb95c5	  x8=0xb95c5000
     312925.000 ns	     31291	800067f0	10e57c53	fmul.s	f24,f10,f14	 f10:0xffc00000 f14:0x7fc00000 f24=0x7fc00000
     312955.000 ns	     31294	800067f4	28551d53	fmax.s	f26,f10,f5	 f10:0xffc00000  f5:0xc42e4000 f26=0xc42e4000
     312985.000 ns	     31297	800067f8	0365abb3	mulhsu	x23,x11,x22	 x11:0x160c0b0f x22:0x00000001 x23=0x00000000
     313015.000 ns	     31300	800067fc	03fe82b3	mul	x5,x29,x31	 x29:0x7fffffff x31:0xffffffff  x5=0x80000001
     313045.000 ns	     31303	80006800	a1fb0d53	fle.s	x26,f22,f31	 f22:0xcefff7d5 f31:0xc4aca000 x26=0x00000001
     313065.000 ns	     31305	80006804	007941b3	xor	x3,x18,x7	 x18:0xfffffa83  x7:0x00000003  x3=0xfffffa80
     313075.000 ns	     31306	80006808	cc580a93	addi	x21,x16,-827	 x16:0x2c7f4a02 x21=0x2c7f46c7
     313085.000 ns	     31307	8000680c	00000013	addi	x0,x0,0	  x0:0x00000000
     313105.000 ns	     31309	80006810	291d8753	fmin.s	f14,f27,f17	 f27:0x7fc00000 f17:0x442e4000 f14=0x442e4000
     313155.000 ns	     31314	80006814	0965a253	fsub.s	f4,f11,f22	 f11:0x7fc00000 f22:0xcefff7d5  f4=0x7fc00000
     313175.000 ns	     31316	80006818	01d47eb3	and	x29,x8,x29	  x8:0xb95c5000 x29:0x7fffffff x29=0x395c5000
     313185.000 ns	     31317	8000681c	30aac193	xori	x3,x21,778	 x21:0x2c7f46c7  x3=0x2c7f45cd
     313195.000 ns	     31318	80006820	66fa0913	addi	x18,x20,1647	 x20:0x80041024 x18=0x80041693
     313215.000 ns	     31320	80006824	02a4ebb3	rem	x23,x9,x10	  x9:0x00000001 x10:0x00000000 x23=0x00000001
     313245.000 ns	     31323	80006828	a13a10d3	flt.s	x1,f20,f19	 f20:0x7f800000 f19:0x00000000  x1=0x00000000
     313285.000 ns	     31327	8000682c	580fcbd3	fsqrt.s	f23,f31	 f31:0xc4aca000 f23=0x7fc00000
     313305.000 ns	     31329	80006830	4311c893	xori	x17,x3,1073	  x3:0x2c7f45cd x17=0x2c7f41fc
     313325.000 ns	     31331	80006834	0263fdb3	remu	x27,x7,x6	  x7:0x00000003  x6:0x00000000 x27=0x00000003
     313365.000 ns	     31335	80006838	11447853	fmul.s	f16,f8,f20	  f8:0xcefff7e0 f20:0x7f800000 f16=0xff800000
     313395.000 ns	     31338	8000683c	20a820d3	fsgnjx.s	f1,f16,f10	 f16:0x00000000 f10:0xffc00000  f1=0x7f800000
     313415.000 ns	     31340	80006840	00d3d913	srli	x18,x7,0xd	  x7:0x00000003 x18=0x00000000
     313425.000 ns	     31341	80006844	0046dab3	srl	x21,x13,x4	 x13:0x00000003  x4:0x2c18161e x21=0x00000000
     313435.000 ns	     31342	80006848	397ce713	ori	x14,x25,919	 x25:0x80040fe5 x14=0x80040ff7
     313455.000 ns	     31344	8000684c	a19a0153	fle.s	x2,f20,f25	 f20:0x7f800000 f25:0x7fc00000  x2=0x00000000
     313485.000 ns	     31347	80006850	2023a453	fsgnjx.s	f8,f7,f2	  f7:0x442e4000  f2:0x7fc00000  f8=0x442e4000
     313535.000 ns	     31352	80006854	01227153	fadd.s	f2,f4,f18	  f4:0x7fc00000 f18:0x2c18161e  f2=0x7fc00000
     313585.000 ns	     31357	80006858	08fc20d3	fsub.s	f1,f24,f15	 f24:0x7fc00000 f15:0xc4afa000  f1=0x7fc00000
     313615.000 ns	     31360	8000685c	d019a6d3	fcvt.s.wu	f13,x19	 x19:0xfffffa83 f13=0x4f7ffffb
     313635.000 ns	     31362	80006860	011fa833	slt	x16,x31,x17	 x31:0xffffffff x17:0x2c7f41fc x16=0x00000001
     313645.000 ns	     31363	80006864	01c5edb3	or	x27,x11,x28	 x11:0x160c0b0f x28:0xccfed379 x27=0xdefedb7f
     313655.000 ns	     31364	80006868	68eb6713	ori	x14,x22,1678	 x22:0x00000001 x14=0x0000068f
     313665.000 ns	     31365	8000686c	bcba8e13	addi	x28,x21,-1077	 x21:0x00000000 x28=0xfffffbcb
     313685.000 ns	     31367	80006870	e0001bd3	fclass.s	x23,f0	  f0:0xc4bfc000 x23=0x00000002
     313705.000 ns	     31369	80006874	e619fc93	andi	x25,x19,-415	 x19:0xfffffa83 x25=0xfffffa01
     313715.000 ns	     31370	80006878	017c9c93	slli	x25,x25,0x17	 x25:0x80040fe5 x25=0x00800000
     313725.000 ns	     31371	8000687c	27a50397	auipc	x7,0x27a50	  x7=0xa7a5687c
     313735.000 ns	     31372	80006880	40fe5193	srai	x3,x28,0xf	 x28:0xfffffbcb  x3=0xffffffff
     313745.000 ns	     31373	80006884	0113f4b3	and	x9,x7,x17	  x7:0x00000003 x17:0x2c7f41fc  x9=0x2425407c
     313765.000 ns	     31375	80006888	e00210d3	fclass.s	x1,f4	  f4:0x7fc00000  x1=0x00000200
     314135.000 ns	     31412	8000688c	02ccd833	divu	x16,x25,x12	 x25:0x00800000 x12:0x30000000 x16=0x00000000
     314165.000 ns	     31415	80006890	28769bd3	fmax.s	f23,f13,f7	 f13:0x4f7ffffb  f7:0x442e4000 f23=0x4f7ffffb
     314205.000 ns	     31419	80006894	58017ad3	fsqrt.s	f21,f2	  f2:0x7fc00000 f21=0x7fc00000
     314225.000 ns	     31421	80006898	004d41b3	xor	x3,x26,x4	 x26:0x00000001  x4:0x2c18161e  x3=0x2c18161f
     314245.000 ns	     31423	8000689c	e0039353	fclass.s	x6,f7	  f7:0x442e4000  x6=0x00000040
     314295.000 ns	     31428	800068a0	00520653	fadd.s	f12,f4,f5	  f4:0x7fc00000  f5:0xc42e4000 f12=0x7fc00000
     314315.000 ns	     31430	800068a4	01d30533	add	x10,x6,x29	  x6:0x00000040 x29:0x395c5000 x10=0x395c5040
     314325.000 ns	     31431	800068a8	417e0bb3	sub	x23,x28,x23	 x28:0xfffffbcb x23:0x00000002 x23=0xfffffbc9
     314365.000 ns	     31435	800068ac	00683553	fadd.s	f10,f16,f6	 f16:0xff800000  f6:0x00000000 f10=0xff800000
     314385.000 ns	     31437	800068b0	00ace5b3	or	x11,x25,x10	 x25:0x00800000 x10:0x395c5040 x11=0x39dc5040
     314395.000 ns	     31438	800068b4	5a11a113	slti	x2,x3,1441	  x3:0x2c18161f  x2=0x00000000
     314405.000 ns	     31439	800068b8	013eaf33	slt	x30,x29,x19	 x29:0x395c5000 x19:0xfffffa83 x30=0x00000000
     314425.000 ns	     31441	800068bc	21c010d3	fsgnjn.s	f1,f0,f28	  f0:0xc4bfc000 f28:0x00000001  f1=0xc4bfc000
     314455.000 ns	     31444	800068c0	d0167dd3	fcvt.s.wu	f27,x12	 x12:0x30000000 f27=0x4e400000
     314485.000 ns	     31447	800068c4	c006c953	fcvt.w.s	x18,f13	 f13:0x4f7ffffb x18=0x7fffffff
     314505.000 ns	     31449	800068c8	00b533b3	sltu	x7,x10,x11	 x10:0x395c5040 x11:0x39dc5040  x7=0x00000001
     314525.000 ns	     31451	800068cc	d004fc53	fcvt.s.w	f24,x9	  x9:0x2425407c f24=0x4e109501
     314545.000 ns	     31453	800068d0	1c09a293	slti	x5,x19,448	 x19:0xfffffa83  x5=0x00000001
     314565.000 ns	     31455	800068d4	a10723d3	feq.s	x7,f14,f16	 f14:0x442e4000 f16:0xff800000  x7=0x00000000
     314585.000 ns	     31457	800068d8	40985933	sra	x18,x16,x9	 x16:0x00000000  x9:0x2425407c x18=0x00000000
     314595.000 ns	     31458	800068dc	009f41b3	xor	x3,x30,x9	 x30:0x00000000  x9:0x2425407c  x3=0x2425407c
     314605.000 ns	     31459	800068e0	76cee813	ori	x16,x29,1900	 x29:0x395c5000 x16=0x395c576c
     314625.000 ns	     31461	800068e4	e00b8ad3	fmv.x.w	x21,f23	 f23:0x4f7ffffb x21=0x4f7ffffb
     314995.000 ns	     31498	800068e8	026375b3	remu	x11,x6,x6	  x6:0x00000040  x6:0x00000040 x11=0x00000000
     315015.000 ns	     31500	800068ec	8adaf193	andi	x3,x21,-1875	 x21:0x4f7ffffb  x3=0x4f7ff8a9
     315025.000 ns	     31501	800068f0	00f71493	slli	x9,x14,0xf	 x14:0x0000068f  x9=0x03478000
     315045.000 ns	     31503	800068f4	21e30b53	fsgnj.s	f22,f6,f30	  f6:0x00000000 f30:0x7fc00000 f22=0x00000000
     315075.000 ns	     31506	800068f8	d00bf253	fcvt.s.w	f4,x23	 x23:0xfffffbc9  f4=0xc486e000
     315105.000 ns	     31509	800068fc	d0013cd3	fcvt.s.w	f25,x2	  x2:0x00000000 f25=0x00000000
     315125.000 ns	     31511	80006900	4139dc93	srai	x25,x19,0x13	 x19:0xfffffa83 x25=0xffffffff
     315145.000 ns	     31513	80006904	f0098ad3	fmv.w.x	f21,x19	 x19:0xfffffa83 f21=0xfffffa83
     315165.000 ns	     31515	80006908	01432d33	slt	x26,x6,x20	  x6:0x00000040 x20:0x80041024 x26=0x00000000
     315185.000 ns	     31517	8000690c	021d21b3	mulhsu	x3,x26,x1	 x26:0x00000001  x1:0x00000200  x3=0x00000000
     315215.000 ns	     31520	80006910	2015a153	fsgnjx.s	f2,f11,f1	 f11:0x7fc00000  f1:0xc4bfc000  f2=0xffc00000
     315585.000 ns	     31557	80006914	02ce6b33	rem	x22,x28,x12	 x28:0xfffffbcb x12:0x30000000 x22=0xfffffbcb
     315605.000 ns	     31559	80006918	83760413	addi	x8,x12,-1993	 x12:0x30000000  x8=0x2ffff837
     315965.000 ns	     31595	8000691c	0382cd33	div	x26,x5,x24	  x5:0x00000001 x24:0x000006ac x26=0x00000000
     316005.000 ns	     31599	80006920	10d1f353	fmul.s	f6,f3,f13	  f3:0x4db06058 f13:0x4f7ffffb  f6=0x5db06055
     316035.000 ns	     31602	80006924	02b48f33	mul	x30,x9,x11	  x9:0x03478000 x11:0x00000000 x30=0x00000000
     316065.000 ns	     31605	80006928	2089abd3	fsgnjx.s	f23,f19,f8	 f19:0x00000000  f8:0x442e4000 f23=0x00000000
     316095.000 ns	     31608	8000692c	a03aa4d3	feq.s	x9,f21,f3	 f21:0xfffffa83  f3:0x4db06058  x9=0x00000000
     316115.000 ns	     31610	80006930	003bd393	srli	x7,x23,0x3	 x23:0xfffffbc9  x7=0x1fffff79
     316135.000 ns	     31612	80006934	20040453	fsgnj.s	f8,f8,f0	  f8:0x442e4000  f0:0xc4bfc000  f8=0xc42e4000
     316165.000 ns	     31615	80006938	0227b233	mulhu	x4,x15,x2	 x15:0x80040fe4  x2:0x00000000  x4=0x00000000
     316195.000 ns	     31618	8000693c	a0f88c53	fle.s	x24,f17,f15	 f17:0x442e4000 f15:0xc4afa000 x24=0x00000000
     316215.000 ns	     31620	80006940	01f07733	and	x14,x0,x31	  x0:0x00000000 x31:0xffffffff x14=0x00000000
     316225.000 ns	     31621	80006944	01569413	slli	x8,x13,0x15	 x13:0x00000003  x8=0x00600000
     316235.000 ns	     31622	80006948	5b75a137	lui	x2,0x5b75a	  x2=0x5b75a000
     316245.000 ns	     31623	8000694c	01c529b3	slt	x19,x10,x28	 x10:0x395c5040 x28:0xfffffbcb x19=0x00000000
     316265.000 ns	     31625	80006950	a1f1a953	feq.s	x18,f3,f31	  f3:0x4db06058 f31:0xc4aca000 x18=0x00000000
     316295.000 ns	     31628	80006954	e00c9b53	fclass.s	x22,f25	 f25:0x00000000 x22=0x00000010
     316325.000 ns	     31631	80006958	d01b7753	fcvt.s.wu	f14,x22	 x22:0xfffffbcb f14=0x41800000
     316345.000 ns	     31633	8000695c	01d94233	xor	x4,x18,x29	 x18:0x00000000 x29:0x395c5000  x4=0x395c5000
     316365.000 ns	     31635	80006960	d0161b53	fcvt.s.wu	f22,x12	 x12:0x30000000 f22=0x4e400000
     316395.000 ns	     31638	80006964	e00c91d3	fclass.s	x3,f25	 f25:0x00000000  x3=0x00000010
     316425.000 ns	     31641	80006968	a1a32c53	feq.s	x24,f6,f26	  f6:0x5db06055 f26:0xc42e4000 x24=0x00000000
     316445.000 ns	     31643	8000696c	2f6aa093	slti	x1,x21,758	 x21:0x4f7ffffb  x1=0x00000000
     316805.000 ns	     31679	80006970	030acab3	div	x21,x21,x16	 x21:0x4f7ffffb x16:0x395c576c x21=0x00000001
     316835.000 ns	     31682	80006974	a1e60453	fle.s	x8,f12,f30	 f12:0x7fc00000 f30:0x7fc00000  x8=0x00000000
     316855.000 ns	     31684	80006978	b5c8fc93	andi	x25,x17,-1188	 x17:0x2c7f41fc x25=0x2c7f415c
     316875.000 ns	     31686	8000697c	218f9a53	fsgnjn.s	f20,f31,f24	 f31:0xc4aca000 f24:0x4e109501 f20=0xc4aca000
     316905.000 ns	     31689	80006980	02529133	mulh	x2,x5,x5	  x5:0x00000001  x5:0x00000001  x2=0x00000000
     316955.000 ns	     31694	80006984	00b52b53	fadd.s	f22,f10,f11	 f10:0xff800000 f11:0x7fc00000 f22=0x7fc00000
     316975.000 ns	     31696	80006988	00000013	addi	x0,x0,0	  x0:0x00000000
     316995.000 ns	     31698	8000698c	02962c33	mulhsu	x24,x12,x9	 x12:0x30000000  x9:0x00000000 x24=0x00000000
     317025.000 ns	     31701	80006990	03aa1033	mulh	x0,x20,x26	 x20:0x80041024 x26:0x00000000
     317045.000 ns	     31703	80006994	0c50ad13	slti	x26,x1,197	  x1:0x00000000 x26=0x00000001
     317055.000 ns	     31704	80006998	019f29b3	slt	x19,x30,x25	 x30:0x00000000 x25:0x2c7f415c x19=0x00000001
     317065.000 ns	     31705	8000699c	00a36e33	or	x28,x6,x10	  x6:0x00000040 x10:0x395c5040 x28=0x395c5040
     317085.000 ns	     31707	800069a0	028db933	mulhu	x18,x27,x8	 x27:0xdefedb7f  x8:0x00000000 x18=0x00000000
     317115.000 ns	     31710	800069a4	020325b3	mulhsu	x11,x6,x0	  x6:0x00000040  x0:0x00000000 x11=0x00000000
     317135.000 ns	     31712	800069a8	94493c37	lui	x24,0x94493	 x24=0x94493000
     317155.000 ns	     31714	800069ac	d00495d3	fcvt.s.w	f11,x9	  x9:0x00000000 f11=0x00000000
     317175.000 ns	     31716	800069b0	0d91c393	xori	x7,x3,217	  x3:0x00000010  x7=0x000000c9
     317195.000 ns	     31718	800069b4	e00e1ed3	fclass.s	x29,f28	 f28:0x00000001 x29=0x00000020
     317225.000 ns	     31721	800069b8	f00b0453	fmv.w.x	f8,x22	 x22:0x00000010  f8=0x00000010
     317255.000 ns	     31724	800069bc	205aa353	fsgnjx.s	f6,f21,f5	 f21:0xfffffa83  f5:0xc42e4000  f6=0x7ffffa83
     317285.000 ns	     31727	800069c0	e00d14d3	fclass.s	x9,f26	 f26:0xc42e4000  x9=0x00000002
     317305.000 ns	     31729	800069c4	011e9d33	sll	x26,x29,x17	 x29:0x00000020 x17:0x2c7f41fc x26=0x00000000
     317665.000 ns	     31765	800069c8	02a97133	remu	x2,x18,x10	 x18:0x00000000 x10:0x395c5040  x2=0x00000000
     317705.000 ns	     31769	800069cc	58002653	fsqrt.s	f12,f0	  f0:0xc4bfc000 f12=0x7fc00000
     317725.000 ns	     31771	800069d0	6dba7017	auipc	x0,0x6dba7	
     317765.000 ns	     31775	800069d4	08a488d3	fsub.s	f17,f9,f10	  f9:0xc8ed3620 f10:0xff800000 f17=0x7f800000
     317815.000 ns	     31780	800069d8	001f7153	fadd.s	f2,f30,f1	 f30:0x7fc00000  f1:0xc4bfc000  f2=0x7fc00000
     317845.000 ns	     31783	800069dc	02e51bb3	mulh	x23,x10,x14	 x10:0x395c5040 x14:0x00000000 x23=0x00000000
     317865.000 ns	     31785	800069e0	419f8933	sub	x18,x31,x25	 x31:0xffffffff x25:0x2c7f415c x18=0xd380bea3
     317885.000 ns	     31787	800069e4	21f80753	fsgnj.s	f14,f16,f31	 f16:0xff800000 f31:0xc4aca000 f14=0xff800000
     317915.000 ns	     31790	800069e8	e0069c53	fclass.s	x24,f13	 f13:0x4f7ffffb x24=0x00000040
     317945.000 ns	     31793	800069ec	03a1d533	divu	x10,x3,x26	  x3:0x00000010 x26:0x00000000 x10=0xffffffff
     317975.000 ns	     31796	800069f0	d00c4e53	fcvt.s.w	f28,x24	 x24:0x00000040 f28=0x42800000
     317995.000 ns	     31798	800069f4	00300c33	add	x24,x0,x3	  x0:0x00000000  x3:0x00000010 x24=0x00000010
     318005.000 ns	     31799	800069f8	00835d13	srli	x26,x6,0x8	  x6:0x00000040 x26=0x00000000
     318015.000 ns	     31800	800069fc	014effb3	and	x31,x29,x20	 x29:0x00000020 x20:0x80041024 x31=0x00000020
     318025.000 ns	     31801	80006a00	0169e0b3	or	x1,x19,x22	 x19:0x00000001 x22:0x00000010  x1=0x00000011
     318035.000 ns	     31802	80006a04	0068d033	srl	x0,x17,x6	 x17:0x2c7f41fc  x6:0x00000040
     318045.000 ns	     31803	80006a08	011869b3	or	x19,x16,x17	 x16:0x395c576c x17:0x2c7f41fc x19=0x3d7f57fc
     318065.000 ns	     31805	80006a0c	d012c653	fcvt.s.wu	f12,x5	  x5:0x00000001 f12=0x3f800000
     318105.000 ns	     31809	80006a10	58017a53	fsqrt.s	f20,f2	  f2:0x7fc00000 f20=0x7fc00000
     318125.000 ns	     31811	80006a14	41145093	srai	x1,x8,0x11	  x8:0x00000000  x1=0x00000000
     318135.000 ns	     31812	80006a18	003e03b3	add	x7,x28,x3	 x28:0x395c5040  x3:0x00000010  x7=0x395c5050
     318145.000 ns	     31813	80006a1c	0122b633	sltu	x12,x5,x18	  x5:0x00000001 x18:0xd380bea3 x12=0x00000001
     318165.000 ns	     31815	80006a20	02e83d33	mulhu	x26,x16,x14	 x16:0x395c576c x14:0x00000000 x26=0x00000000
     318195.000 ns	     31818	80006a24	d01f7ed3	fcvt.s.wu	f29,x30	 x30:0x00000000 f29=0x00000000
     318225.000 ns	     31821	80006a28	d0151053	fcvt.s.wu	f0,x10	 x10:0xffffffff  f0=0x4f7fffff
     318275.000 ns	     31826	80006a2c	084ecad3	fsub.s	f21,f29,f4	 f29:0x00000000  f4:0xc486e000 f21=0x4486e000
     318305.000 ns	     31829	80006a30	037b7833	remu	x16,x22,x23	 x22:0x00000010 x23:0x00000000 x16=0x00000010
     318325.000 ns	     31831	80006a34	007933b3	sltu	x7,x18,x7	 x18:0xd380bea3  x7:0x395c5050  x7=0x00000000
     318345.000 ns	     31833	80006a38	29439d53	fmax.s	f26,f7,f20	  f7:0x442e4000 f20:0x7fc00000 f26=0x442e4000
     318375.000 ns	     31836	80006a3c	c01938d3	fcvt.wu.s	x17,f18	 f18:0x2c18161e x17=0x00000000
     318395.000 ns	     31838	80006a40	00ee23b3	slt	x7,x28,x14	 x28:0x395c5040 x14:0x00000000  x7=0x00000000
     318405.000 ns	     31839	80006a44	25633837	lui	x16,0x25633	 x16=0x25633000
     318445.000 ns	     31843	80006a48	01337853	fadd.s	f16,f6,f19	  f6:0x7ffffa83 f19:0x00000000 f16=0x7fc00000
     318475.000 ns	     31846	80006a4c	297499d3	fmax.s	f19,f9,f23	  f9:0xc8ed3620 f23:0x00000000 f19=0x00000000
     318495.000 ns	     31848	80006a50	a3ddee13	ori	x28,x27,-1475	 x27:0xdefedb7f x28=0xfffffb7f
     318515.000 ns	     31850	80006a54	d00f79d3	fcvt.s.w	f19,x30	 x30:0x00000000 f19=0x00000000
     318545.000 ns	     31853	80006a58	21eb9953	fsgnjn.s	f18,f23,f30	 f23:0x00000000 f30:0x7fc00000 f18=0x80000000
     318565.000 ns	     31855	80006a5c	005a5f33	srl	x30,x20,x5	 x20:0x80041024  x5:0x00000001 x30=0x40020812
     318585.000 ns	     31857	80006a60	28ac07d3	fmin.s	f15,f24,f10	 f24:0x4e109501 f10:0xff800000 f15=0xff800000
     318605.000 ns	     31859	80006a64	e781cc93	xori	x25,x3,-392	  x3:0x00000010 x25=0xfffffe68
     318625.000 ns	     31861	80006a68	29e50953	fmin.s	f18,f10,f30	 f10:0xff800000 f30:0x7fc00000 f18=0xff800000
     318655.000 ns	     31864	80006a6c	a0982553	feq.s	x10,f16,f9	 f16:0x7fc00000  f9:0xc8ed3620 x10=0x00000000
     318685.000 ns	     31867	80006a70	d001bed3	fcvt.s.w	f29,x3	  x3:0x00000010 f29=0x41800000
     318705.000 ns	     31869	80006a74	9907ca93	xori	x21,x15,-1648	 x15:0x80040fe4 x21=0x7ffbf674
     318745.000 ns	     31873	80006a78	01c87953	fadd.s	f18,f16,f28	 f16:0x7fc00000 f28:0x42800000 f18=0x7fc00000
     318775.000 ns	     31876	80006a7c	031d0133	mul	x2,x26,x17	 x26:0x00000000 x17:0x00000000  x2=0x00000000
     318795.000 ns	     31878	80006a80	72c3a013	slti	x0,x7,1836	  x7:0x00000000
     318805.000 ns	     31879	80006a84	a5b18e93	addi	x29,x3,-1445	  x3:0x00000010 x29=0xfffffa6b
     318825.000 ns	     31881	80006a88	d01000d3	fcvt.s.wu	f1,x0	  x0:0x00000000  f1=0x00000000
     318855.000 ns	     31884	80006a8c	a1be25d3	feq.s	x11,f28,f27	 f28:0x42800000 f27:0x4e400000 x11=0x00000000
     318875.000 ns	     31886	80006a90	008e9013	slli	x0,x29,0x8	 x29:0xfffffa6b
     318885.000 ns	     31887	80006a94	00000013	addi	x0,x0,0	  x0:0x00000000
     318925.000 ns	     31891	80006a98	09870353	fsub.s	f6,f14,f24	 f14:0xff800000 f24:0x4e109501  f6=0xff800000
     318955.000 ns	     31894	80006a9c	02703cb3	mulhu	x25,x0,x7	  x0:0x00000000  x7:0x00000000 x25=0x00000000
     318975.000 ns	     31896	80006aa0	007e5913	srli	x18,x28,0x7	 x28:0xfffffb7f x18=0x01fffff6
     318985.000 ns	     31897	80006aa4	003eaf33	slt	x30,x29,x3	 x29:0xfffffa6b  x3:0x00000010 x30=0x00000001
     319005.000 ns	     31899	80006aa8	d01aa953	fcvt.s.wu	f18,x21	 x21:0x7ffbf674 f18=0x4efff7ed
     319025.000 ns	     31901	80006aac	0045df93	srli	x31,x11,0x4	 x11:0x00000000 x31=0x00000000
     319045.000 ns	     31903	80006ab0	29bf9e53	fmax.s	f28,f31,f27	 f31:0xc4aca000 f27:0x4e400000 f28=0x4e400000
     319065.000 ns	     31905	80006ab4	0106d533	srl	x10,x13,x16	 x13:0x00000003 x16:0x25633000 x10=0x00000003
     319075.000 ns	     31906	80006ab8	405a5093	srai	x1,x20,0x5	 x20:0x80041024  x1=0xfc002081
     319085.000 ns	     31907	80006abc	0ce38393	addi	x7,x7,206	  x7:0x00000000  x7=0x000000ce
     319115.000 ns	     31910	80006ac0	110e7553	fmul.s	f10,f28,f16	 f28:0x4e400000 f16:0x7fc00000 f10=0x7fc00000
     319135.000 ns	     31912	80006ac4	ac027e93	andi	x29,x4,-1344	  x4:0x395c5000 x29=0x395c5000
     319145.000 ns	     31913	80006ac8	3dd4e837	lui	x16,0x3dd4e	 x16=0x3dd4e000
     319155.000 ns	     31914	80006acc	01aeef33	or	x30,x29,x26	 x29:0xfffffa6b x26:0x00000000 x30=0x395c5000
     319165.000 ns	     31915	80006ad0	01f830b3	sltu	x1,x16,x31	 x16:0x25633000 x31:0x00000000  x1=0x00000000
     319185.000 ns	     31917	80006ad4	d017f5d3	fcvt.s.wu	f11,x15	 x15:0x80040fe4 f11=0x4f00040f
     319215.000 ns	     31920	80006ad8	a1e919d3	flt.s	x19,f18,f30	 f18:0x4efff7ed f30:0x7fc00000 x19=0x00000000
     320395.000 ns	     32038	80006adc	5806fbd3	fsqrt.s	f23,f13	 f13:0x4f7ffffb f23=0x4735045f
     320425.000 ns	     32041	80006ae0	299910d3	fmax.s	f1,f18,f25	 f18:0x4efff7ed f25:0x00000000  f1=0x4efff7ed
     320445.000 ns	     32043	80006ae4	01105613	srli	x12,x0,0x11	  x0:0x00000000 x12=0x00000000
     320465.000 ns	     32045	80006ae8	a0312e53	feq.s	x28,f2,f3	  f2:0x7fc00000  f3:0x4db06058 x28=0x00000000
     320495.000 ns	     32048	80006aec	e0040253	fmv.x.w	x4,f8	  f8:0x00000010  x4=0x00000010
     320515.000 ns	     32050	80006af0	00d432b3	sltu	x5,x8,x13	  x8:0x00000000 x13:0x00000003  x5=0x00000001
     320535.000 ns	     32052	80006af4	299b02d3	fmin.s	f5,f22,f25	 f22:0x7fc00000 f25:0x00000000  f5=0x00000000
     320555.000 ns	     32054	80006af8	8b70b293	sltiu	x5,x1,-1865	  x1:0x00000000  x5=0x00000001
     320565.000 ns	     32055	80006afc	003fd1b3	srl	x3,x31,x3	 x31:0x00000000  x3:0x00000010  x3=0x00000000
     320575.000 ns	     32056	80006b00	002972b3	and	x5,x18,x2	 x18:0x01fffff6  x2:0x00000000  x5=0x00000000
     320595.000 ns	     32058	80006b04	a07a0853	fle.s	x16,f20,f7	 f20:0x7fc00000  f7:0x442e4000 x16=0x00000000
     320625.000 ns	     32061	80006b08	a1941553	flt.s	x10,f8,f25	  f8:0x00000010 f25:0x00000000 x10=0x00000000
     320645.000 ns	     32063	80006b0c	00000013	addi	x0,x0,0	  x0:0x00000000
     320655.000 ns	     32064	80006b10	000d9913	slli	x18,x27,0x0	 x27:0xdefedb7f x18=0xdefedb7f
     320665.000 ns	     32065	80006b14	40537713	andi	x14,x6,1029	  x6:0x00000040 x14=0x00000000
     320675.000 ns	     32066	80006b18	0156a1b3	slt	x3,x13,x21	 x13:0x00000003 x21:0x7ffbf674  x3=0x00000001
     320705.000 ns	     32069	80006b1c	10482fd3	fmul.s	f31,f16,f4	 f16:0x7fc00000  f4:0xc486e000 f31=0x7fc00000
     321045.000 ns	     32103	80006b20	18b6f153	fdiv.s	f2,f13,f11	 f13:0x4f7ffffb f11:0x4f00040f  f2=0x3f7ffffc
     322225.000 ns	     32221	80006b24	5803fad3	fsqrt.s	f21,f7	  f7:0x442e4000 f21=0x41766ce6
     322245.000 ns	     32223	80006b28	99f8b313	sltiu	x6,x17,-1633	 x17:0x00000000  x6=0x00000001
     322265.000 ns	     32225	80006b2c	e00e81d3	fmv.x.w	x3,f29	 f29:0x41800000  x3=0x41800000
     322295.000 ns	     32228	80006b30	293718d3	fmax.s	f17,f14,f19	 f14:0xff800000 f19:0x00000000 f17=0x00000000
     322345.000 ns	     32233	80006b34	01cbfcd3	fadd.s	f25,f23,f28	 f23:0x4735045f f28:0x4e400000 f25=0x4e4002d4
     322375.000 ns	     32236	80006b38	20cf95d3	fsgnjn.s	f11,f31,f12	 f31:0x7fc00000 f12:0x3f800000 f11=0xffc00000
     322395.000 ns	     32238	80006b3c	297b0d97	auipc	x27,0x297b0	 x27=0xa97b6b3c
     322415.000 ns	     32240	80006b40	02118633	mul	x12,x3,x1	  x3:0x41800000  x1:0x00000000 x12=0x00000000
     322455.000 ns	     32244	80006b44	10a9f153	fmul.s	f2,f19,f10	 f19:0x00000000 f10:0x7fc00000  f2=0x7fc00000
     322475.000 ns	     32246	80006b48	0133a9b3	slt	x19,x7,x19	  x7:0x000000ce x19:0x00000000 x19=0x00000000
     322495.000 ns	     32248	80006b4c	c00a9553	fcvt.w.s	x10,f21	 f21:0x41766ce6 x10=0x0000000f
     322525.000 ns	     32251	80006b50	d0037f53	fcvt.s.w	f30,x6	  x6:0x00000001 f30=0x3f800000
     322565.000 ns	     32255	80006b54	100e14d3	fmul.s	f9,f28,f0	 f28:0x4e400000  f0:0x4f7fffff  f9=0x5e3fffff
     322595.000 ns	     32258	80006b58	021e2833	mulhsu	x16,x28,x1	 x28:0x00000000  x1:0x00000000 x16=0x00000000
     322935.000 ns	     32292	80006b5c	19527f53	fdiv.s	f30,f4,f21	  f4:0xc486e000 f21:0x41766ce6 f30=0xc2d95148
     322965.000 ns	     32295	80006b60	0399f633	remu	x12,x19,x25	 x19:0x00000000 x25:0x00000000 x12=0x00000000
     322995.000 ns	     32298	80006b64	e0078053	fmv.x.w	x0,f15	 f15:0xff800000
     323015.000 ns	     32300	80006b68	019da433	slt	x8,x27,x25	 x27:0xa97b6b3c x25:0x00000000  x8=0x00000001
     323035.000 ns	     32302	80006b6c	211c94d3	fsgnjn.s	f9,f25,f17	 f25:0x4e4002d4 f17:0x00000000  f9=0xce4002d4
     323065.000 ns	     32305	80006b70	d0067653	fcvt.s.w	f12,x12	 x12:0x00000000 f12=0x00000000
     323095.000 ns	     32308	80006b74	29319353	fmax.s	f6,f3,f19	  f3:0x4db06058 f19:0x00000000  f6=0x4db06058
     323115.000 ns	     32310	80006b78	e0f7b313	sltiu	x6,x15,-497	 x15:0x80040fe4  x6=0x00000001
     323125.000 ns	     32311	80006b7c	7a3ce097	auipc	x1,0x7a3ce	  x1=0xfa3d4b7c
     323145.000 ns	     32313	80006b80	20d019d3	fsgnjn.s	f19,f0,f13	  f0:0x4f7fffff f13:0x4f7ffffb f19=0xcf7fffff
     323485.000 ns	     32347	80006b84	186e31d3	fdiv.s	f3,f28,f6	 f28:0x4e400000  f6:0x4db06058  f3=0x3fc00000
     323515.000 ns	     32350	80006b88	28158f53	fmin.s	f30,f11,f1	 f11:0xffc00000  f1:0x4efff7ed f30=0x4efff7ed
     323535.000 ns	     32352	80006b8c	6e6ee117	auipc	x2,0x6e6ee	  x2=0xee6f4b8c
     323555.000 ns	     32354	80006b90	c00cfad3	fcvt.w.s	x21,f25	 f25:0x4e4002d4 x21=0x3000b500
     323585.000 ns	     32357	80006b94	e0081cd3	fclass.s	x25,f16	 f16:0x7fc00000 x25=0x00000200
     323605.000 ns	     32359	80006b98	00d5b1b3	sltu	x3,x11,x13	 x11:0x00000000 x13:0x00000003  x3=0x00000001
     323615.000 ns	     32360	80006b9c	d915b593	sltiu	x11,x11,-623	 x11:0x00000000 x11=0x00000001
     323635.000 ns	     32362	80006ba0	20f82553	fsgnjx.s	f10,f16,f15	 f16:0x7fc00000 f15:0xff800000 f10=0xffc00000
     323655.000 ns	     32364	80006ba4	002590b3	sll	x1,x11,x2	 x11:0x00000000  x2:0xee6f4b8c  x1=0x00001000
     323685.000 ns	     32367	80006ba8	580725d3	fsqrt.s	f11,f14	 f14:0xff800000 f11=0x7fc00000
     323715.000 ns	     32370	80006bac	c01bfd53	fcvt.wu.s	x26,f23	 f23:0x4735045f x26=0x0000b504
     323735.000 ns	     32372	80006bb0	00ca8633	add	x12,x21,x12	 x21:0x3000b500 x12:0x00000000 x12=0x3000b500
     323755.000 ns	     32374	80006bb4	03a6a833	mulhsu	x16,x13,x26	 x13:0x00000003 x26:0x0000b504 x16=0x00000000
     323775.000 ns	     32376	80006bb8	215ae593	ori	x11,x21,533	 x21:0x3000b500 x11=0x3000b715
     323785.000 ns	     32377	80006bbc	41ed8633	sub	x12,x27,x30	 x27:0xa97b6b3c x30:0x395c5000 x12=0x701f1b3c
     324145.000 ns	     32413	80006bc0	023ef2b3	remu	x5,x29,x3	 x29:0x395c5000  x3:0x00000001  x5=0x00000000
     324175.000 ns	     32416	80006bc4	02939533	mulh	x10,x7,x9	  x7:0x000000ce  x9:0x00000002 x10=0x00000000
     324205.000 ns	     32419	80006bc8	a03c8c53	fle.s	x24,f25,f3	 f25:0x4e4002d4  f3:0x3fc00000 x24=0x00000000
     324235.000 ns	     32422	80006bcc	03d30133	mul	x2,x6,x29	  x6:0x00000001 x29:0x395c5000  x2=0x395c5000
     324255.000 ns	     32424	80006bd0	0167dab3	srl	x21,x15,x22	 x15:0x80040fe4 x22:0x00000010 x21=0x00008004
     324275.000 ns	     32426	80006bd4	03b420b3	mulhsu	x1,x8,x27	  x8:0x00000001 x27:0xa97b6b3c  x1=0x00000000
     324295.000 ns	     32428	80006bd8	017912b3	sll	x5,x18,x23	 x18:0xdefedb7f x23:0x00000000  x5=0xdefedb7f
     324315.000 ns	     32430	80006bdc	02909c33	mulh	x24,x1,x9	  x1:0x00000000  x9:0x00000002 x24=0x00000000
     324345.000 ns	     32433	80006be0	294387d3	fmin.s	f15,f7,f20	  f7:0x442e4000 f20:0x7fc00000 f15=0x442e4000
     324365.000 ns	     32435	80006be4	01d47733	and	x14,x8,x29	  x8:0x00000001 x29:0x395c5000 x14=0x00000000
     324395.000 ns	     32438	80006be8	5804a653	fsqrt.s	f12,f9	  f9:0xce4002d4 f12=0x7fc00000
     324415.000 ns	     32440	80006bec	0125e533	or	x10,x11,x18	 x11:0x3000b715 x18:0xdefedb7f x10=0xfefeff7f
     324425.000 ns	     32441	80006bf0	013f9e93	slli	x29,x31,0x13	 x31:0x00000000 x29=0x00000000
     324445.000 ns	     32443	80006bf4	20b913d3	fsgnjn.s	f7,f18,f11	 f18:0x4efff7ed f11:0x7fc00000  f7=0xcefff7ed
     324485.000 ns	     32447	80006bf8	19b2ca53	fdiv.s	f20,f5,f27	  f5:0x00000000 f27:0x4e400000 f20=0x00000000
     324505.000 ns	     32449	80006bfc	00cb5db7	lui	x27,0xcb5	 x27=0x00cb5000
     324525.000 ns	     32451	80006c00	02e3c9b3	div	x19,x7,x14	  x7:0x000000ce x14:0x00000000 x19=0xffffffff
     324545.000 ns	     32453	80006c04	e0106b93	ori	x23,x0,-511	  x0:0x00000000 x23=0xfffffe01
     324555.000 ns	     32454	80006c08	42ec6a93	ori	x21,x24,1070	 x24:0x00000000 x21=0x0000042e
     324565.000 ns	     32455	80006c0c	a2b1b293	sltiu	x5,x3,-1493	  x3:0x00000001  x5=0x00000001
     324585.000 ns	     32457	80006c10	02201133	mulh	x2,x0,x2	  x0:0x00000000  x2:0x395c5000  x2=0x00000000
     324605.000 ns	     32459	80006c14	6dab3097	auipc	x1,0x6dab3	  x1=0xedab9c14
     324615.000 ns	     32460	80006c18	19d6fe13	andi	x28,x13,413	 x13:0x00000003 x28=0x00000001
     324625.000 ns	     32461	80006c1c	01891b93	slli	x23,x18,0x18	 x18:0xdefedb7f x23=0x7f000000
     324635.000 ns	     32462	80006c20	418e0433	sub	x8,x28,x24	 x28:0x00000000 x24:0x00000000  x8=0x00000001
     324675.000 ns	     32466	80006c24	09b07cd3	fsub.s	f25,f0,f27	  f0:0x4f7fffff f27:0x4e400000 f25=0x4f4fffff
     324695.000 ns	     32468	80006c28	5a355917	auipc	x18,0x5a355	 x18=0xda35bc28
     324705.000 ns	     32469	80006c2c	e7917593	andi	x11,x2,-391	  x2:0x00000000 x11=0x00000000
     324745.000 ns	     32473	80006c30	00bb84d3	fadd.s	f9,f23,f11	 f23:0x4735045f f11:0x7fc00000  f9=0x7fc00000
     325115.000 ns	     32510	80006c34	02f35633	divu	x12,x6,x15	  x6:0x00000001 x15:0x80040fe4 x12=0x00000000
     325155.000 ns	     32514	80006c38	10b0fa53	fmul.s	f20,f1,f11	  f1:0x4efff7ed f11:0x7fc00000 f20=0x7fc00000
     325185.000 ns	     32517	80006c3c	21781a53	fsgnjn.s	f20,f16,f23	 f16:0x7fc00000 f23:0x4735045f f20=0xffc00000
     325205.000 ns	     32519	80006c40	00289bb3	sll	x23,x17,x2	 x17:0x00000000  x2:0x00000000 x23=0x00000000
     325225.000 ns	     32521	80006c44	0349b833	mulhu	x16,x19,x20	 x19:0xffffffff x20:0x80041024 x16=0x80041023
     325255.000 ns	     32524	80006c48	e00013d3	fclass.s	x7,f0	  f0:0x4f7fffff  x7=0x00000040
     325275.000 ns	     32526	80006c4c	014bce33	xor	x28,x23,x20	 x23:0x00000000 x20:0x80041024 x28=0x80041024
     325285.000 ns	     32527	80006c50	007d58b3	srl	x17,x26,x7	 x26:0x0000b504  x7:0x00000040 x17=0x0000b504
     325295.000 ns	     32528	80006c54	003d52b3	srl	x5,x26,x3	 x26:0x0000b504  x3:0x00000001  x5=0x00005a82
     325305.000 ns	     32529	80006c58	00fe0fb3	add	x31,x28,x15	 x28:0x80041024 x15:0x80040fe4 x31=0x00082008
     325325.000 ns	     32531	80006c5c	d00f2153	fcvt.s.w	f2,x30	 x30:0x395c5000  f2=0x4e657140
     325355.000 ns	     32534	80006c60	033e3833	mulhu	x16,x28,x19	 x28:0x80041024 x19:0xffffffff x16=0x80041023
     325695.000 ns	     32568	80006c64	193c4d53	fdiv.s	f26,f24,f19	 f24:0x4e109501 f19:0xcf7fffff f26=0xbe109502
     325715.000 ns	     32570	80006c68	e5c31c37	lui	x24,0xe5c31	 x24=0xe5c31000
     325735.000 ns	     32572	80006c6c	03da5433	divu	x8,x20,x29	 x20:0x80041024 x29:0x00000000  x8=0xffffffff
     325755.000 ns	     32574	80006c70	c594a413	slti	x8,x9,-935	  x9:0x00000002  x8=0x00000000
     325765.000 ns	     32575	80006c74	31860893	addi	x17,x12,792	 x12:0x00000000 x17=0x00000318
     325785.000 ns	     32577	80006c78	d01d2553	fcvt.s.wu	f10,x26	 x26:0x0000b504 f10=0x47350400
     325805.000 ns	     32579	80006c7c	41f9d633	sra	x12,x19,x31	 x19:0xffffffff x31:0x00082008 x12=0xffffffff
     325815.000 ns	     32580	80006c80	ea674613	xori	x12,x14,-346	 x14:0x00000000 x12=0xfffffea6
     325835.000 ns	     32582	80006c84	20ee1dd3	fsgnjn.s	f27,f28,f14	 f28:0x4e400000 f14:0xff800000 f27=0x4e400000
     325865.000 ns	     32585	80006c88	c0061fd3	fcvt.w.s	x31,f12	 f12:0x7fc00000 x31=0x7fffffff
     325885.000 ns	     32587	80006c8c	19727a93	andi	x21,x4,407	  x4:0x00000010 x21=0x00000010
     325905.000 ns	     32589	80006c90	c01fc153	fcvt.wu.s	x2,f31	 f31:0x7fc00000  x2=0xffffffff
     325955.000 ns	     32594	80006c94	01717253	fadd.s	f4,f2,f23	  f2:0x4e657140 f23:0x4735045f  f4=0x4e657414
     325975.000 ns	     32596	80006c98	f1822213	slti	x4,x4,-232	  x4:0x00000010  x4=0x00000000
     325985.000 ns	     32597	80006c9c	00761cb3	sll	x25,x12,x7	 x12:0xfffffea6  x7:0x00000040 x25=0xfffffea6
     326005.000 ns	     32599	80006ca0	299390d3	fmax.s	f1,f7,f25	  f7:0xcefff7ed f25:0x4f4fffff  f1=0x4f4fffff
     326035.000 ns	     32602	80006ca4	20caae53	fsgnjx.s	f28,f21,f12	 f21:0x41766ce6 f12:0x7fc00000 f28=0x41766ce6
     326055.000 ns	     32604	80006ca8	016160b3	or	x1,x2,x22	  x2:0xffffffff x22:0x00000010  x1=0xffffffff
     326075.000 ns	     32606	80006cac	283c9e53	fmax.s	f28,f25,f3	 f25:0x4f4fffff  f3:0x3fc00000 f28=0x4f4fffff
     326115.000 ns	     32610	80006cb0	1123fad3	fmul.s	f21,f7,f18	  f7:0xcefff7ed f18:0x4efff7ed f21=0xde7fefda
     326135.000 ns	     32612	80006cb4	9d776893	ori	x17,x14,-1577	 x14:0x00000000 x17=0xfffff9d7
     326145.000 ns	     32613	80006cb8	01495513	srli	x10,x18,0x14	 x18:0xda35bc28 x10=0x00000da3
     326165.000 ns	     32615	80006cbc	e00088d3	fmv.x.w	x17,f1	  f1:0x4f4fffff x17=0x4f4fffff
     326185.000 ns	     32617	80006cc0	00ee5e33	srl	x28,x28,x14	 x28:0x80041024 x14:0x00000000 x28=0x80041024
     326195.000 ns	     32618	80006cc4	a766b993	sltiu	x19,x13,-1418	 x13:0x00000003 x19=0x00000001
     326215.000 ns	     32620	80006cc8	027a1bb3	mulh	x23,x20,x7	 x20:0x80041024  x7:0x00000040 x23=0xffffffe0
     326245.000 ns	     32623	80006ccc	c01975d3	fcvt.wu.s	x11,f18	 f18:0x4efff7ed x11=0x7ffbf680
     326275.000 ns	     32626	80006cd0	e0021cd3	fclass.s	x25,f4	  f4:0x4e657414 x25=0x00000040
     326645.000 ns	     32663	80006cd4	03ffdd33	divu	x26,x31,x31	 x31:0x7fffffff x31:0x7fffffff x26=0x00000001
     326675.000 ns	     32666	80006cd8	a1981553	flt.s	x10,f16,f25	 f16:0x7fc00000 f25:0x4f4fffff x10=0x00000000
     326705.000 ns	     32669	80006cdc	28e30a53	fmin.s	f20,f6,f14	  f6:0x4db06058 f14:0xff800000 f20=0xff800000
     326725.000 ns	     32671	80006ce0	8b3f8e13	addi	x28,x31,-1869	 x31:0x7fffffff x28=0x7ffff8b2
     326745.000 ns	     32673	80006ce4	a0428cd3	fle.s	x25,f5,f4	  f5:0x00000000  f4:0x4e657414 x25=0x00000001
     326775.000 ns	     32676	80006ce8	03c58e33	mul	x28,x11,x28	 x11:0x7ffbf680 x28:0x80041024 x28=0x1d7d6500
     326805.000 ns	     32679	80006cec	d01e71d3	fcvt.s.wu	f3,x28	 x28:0x7ffff8b2  f3=0x4debeb28
     326845.000 ns	     32683	80006cf0	5803a253	fsqrt.s	f4,f7	  f7:0xcefff7ed  f4=0x7fc00000
     326875.000 ns	     32686	80006cf4	c0147553	fcvt.wu.s	x10,f8	  f8:0x00000010 x10=0x00000000
     326895.000 ns	     32688	80006cf8	00bec633	xor	x12,x29,x11	 x29:0x00000000 x11:0x7ffbf680 x12=0x7ffbf680
     327255.000 ns	     32724	80006cfc	0387ee33	rem	x28,x15,x24	 x15:0x80040fe4 x24:0xe5c31000 x28=0xe8f7cfe4
     327285.000 ns	     32727	80006d00	d013f953	fcvt.s.wu	f18,x7	  x7:0x00000040 f18=0x42800000
     327335.000 ns	     32732	80006d04	085b72d3	fsub.s	f5,f22,f5	 f22:0x7fc00000  f5:0x00000000  f5=0x7fc00000
     327675.000 ns	     32766	80006d08	19c90dd3	fdiv.s	f27,f18,f28	 f18:0x42800000 f28:0x4f4fffff f27=0x32800000
     328045.000 ns	     32803	80006d0c	0292d233	divu	x4,x5,x9	  x5:0x00005a82  x9:0x00000002  x4=0x00002d41
     328065.000 ns	     32805	80006d10	46a2a417	auipc	x8,0x46a2a	  x8=0xc6a30d10
     328425.000 ns	     32841	80006d14	0344deb3	divu	x29,x9,x20	  x9:0x00000002 x20:0x80041024 x29=0x00000000
     328455.000 ns	     32844	80006d18	f00e82d3	fmv.w.x	f5,x29	 x29:0x00000000  f5=0x00000000
     328825.000 ns	     32881	80006d1c	033cc933	div	x18,x25,x19	 x25:0x00000001 x19:0x00000001 x18=0x00000001
     328845.000 ns	     32883	80006d20	01f56db3	or	x27,x10,x31	 x10:0x00000000 x31:0x7fffffff x27=0x7fffffff
     328855.000 ns	     32884	80006d24	94a38897	auipc	x17,0x94a38	 x17=0x14a3ed24
     328865.000 ns	     32885	80006d28	00f8c333	xor	x6,x17,x15	 x17:0x4f4fffff x15:0x80040fe4  x6=0x94a7e2c0
     328875.000 ns	     32886	80006d2c	0153f9b3	and	x19,x7,x21	  x7:0x00000040 x21:0x00000010 x19=0x00000000
     328905.000 ns	     32889	80006d30	103a9a53	fmul.s	f20,f21,f3	 f21:0xde7fefda  f3:0x4debeb28 f20=0xecebdc46
     328935.000 ns	     32892	80006d34	021aa4b3	mulhsu	x9,x21,x1	 x21:0x00000010  x1:0xffffffff  x9=0x0000000f
     328955.000 ns	     32894	80006d38	01d71293	slli	x5,x14,0x1d	 x14:0x00000000  x5=0x00000000
     329285.000 ns	     32927	80006d3c	1836f453	fdiv.s	f8,f13,f3	 f13:0x4f7ffffb  f3:0x4debeb28  f8=0x40fffffc
     329305.000 ns	     32929	80006d40	00d27db3	and	x27,x4,x13	  x4:0x00002d41 x13:0x00000003 x27=0x00000001
     329345.000 ns	     32933	80006d44	09533553	fsub.s	f10,f6,f21	  f6:0x4db06058 f21:0xde7fefda f10=0x5e7fefdb
     329715.000 ns	     32970	80006d48	02dc5633	divu	x12,x24,x13	 x24:0xe5c31000 x13:0x00000003 x12=0x4c965aaa
     329735.000 ns	     32972	80006d4c	00000013	addi	x0,x0,0	  x0:0x00000000
     329745.000 ns	     32973	80006d50	6b51e293	ori	x5,x3,1717	  x3:0x00000001  x5=0x000006b5
     329765.000 ns	     32975	80006d54	c012fc53	fcvt.wu.s	x24,f5	  f5:0x00000000 x24=0x00000000
     330105.000 ns	     33009	80006d58	19b93fd3	fdiv.s	f31,f18,f27	 f18:0x42800000 f27:0x32800000 f31=0x4f34b4b4
     330135.000 ns	     33012	80006d5c	034fadb3	mulhsu	x27,x31,x20	 x31:0x7fffffff x20:0x80041024 x27=0x40020811
     330155.000 ns	     33014	80006d60	418b8b33	sub	x22,x23,x24	 x23:0xffffffe0 x24:0x00000000 x22=0xffffffe0
     330175.000 ns	     33016	80006d64	03d55c33	divu	x24,x10,x29	 x10:0x00000000 x29:0x00000000 x24=0xffffffff
     330195.000 ns	     33018	80006d68	0124cc33	xor	x24,x9,x18	  x9:0x0000000f x18:0x00000001 x24=0x0000000e
     330555.000 ns	     33054	80006d6c	021fc133	div	x2,x31,x1	 x31:0x7fffffff  x1:0xffffffff  x2=0x80000001
     330575.000 ns	     33056	80006d70	345bf513	andi	x10,x23,837	 x23:0xffffffe0 x10=0x00000340
     330585.000 ns	     33057	80006d74	01a16db3	or	x27,x2,x26	  x2:0x80000001 x26:0x00000001 x27=0x80000001
     330945.000 ns	     33093	80006d78	0366e4b3	rem	x9,x13,x22	 x13:0x00000003 x22:0xffffffe0  x9=0x00000003
     330965.000 ns	     33095	80006d7c	0109c533	xor	x10,x19,x16	 x19:0x00000000 x16:0x80041023 x10=0x80041023
     330975.000 ns	     33096	80006d80	015e79b3	and	x19,x28,x21	 x28:0xe8f7cfe4 x21:0x00000010 x19=0x00000000
     330985.000 ns	     33097	80006d84	01734fb3	xor	x31,x6,x23	  x6:0x94a7e2c0 x23:0xffffffe0 x31=0x6b581d20
     331005.000 ns	     33099	80006d88	a1ed2953	feq.s	x18,f26,f30	 f26:0xbe109502 f30:0x4efff7ed x18=0x00000000
     331035.000 ns	     33102	80006d8c	f00d00d3	fmv.w.x	f1,x26	 x26:0x00000001  f1=0x00000001
     332215.000 ns	     33220	80006d90	580e7d53	fsqrt.s	f26,f28	 f28:0x4f4fffff f26=0x47131404
     332585.000 ns	     33257	80006d94	03bbd233	divu	x4,x23,x27	 x23:0xffffffe0 x27:0x80000001  x4=0x00000001
     332615.000 ns	     33260	80006d98	a184add3	feq.s	x27,f9,f24	  f9:0x7fc00000 f24:0x4e109501 x27=0x00000000
     332645.000 ns	     33263	80006d9c	e00a0fd3	fmv.x.w	x31,f20	 f20:0xecebdc46 x31=0xecebdc46
     332675.000 ns	     33266	80006da0	c0197c53	fcvt.wu.s	x24,f18	 f18:0x42800000 x24=0x00000040
     332695.000 ns	     33268	80006da4	0048f233	and	x4,x17,x4	 x17:0x14a3ed24  x4:0x00000001  x4=0x00000000
     332715.000 ns	     33270	80006da8	029a08b3	mul	x17,x20,x9	 x20:0x80041024  x9:0x00000003 x17=0x800c306c
     332745.000 ns	     33273	80006dac	03e01933	mulh	x18,x0,x30	  x0:0x00000000 x30:0x395c5000 x18=0x00000000
     332765.000 ns	     33275	80006db0	00485513	srli	x10,x16,0x4	 x16:0x80041023 x10=0x08004102
     333125.000 ns	     33311	80006db4	031a7cb3	remu	x25,x20,x17	 x20:0x80041024 x17:0x800c306c x25=0x80041024
     333145.000 ns	     33313	80006db8	00ac8cb3	add	x25,x25,x10	 x25:0x00000001 x10:0x80041023 x25=0x88045126
     333175.000 ns	     33316	80006dbc	11c6fc53	fmul.s	f24,f13,f28	 f13:0x4f7ffffb f28:0x4f4fffff f24=0x5f4ffffb
     333195.000 ns	     33318	80006dc0	003d0bb3	add	x23,x26,x3	 x26:0x00000001  x3:0x00000001 x23=0x00000002
     333525.000 ns	     33351	80006dc4	186caad3	fdiv.s	f21,f25,f6	 f25:0x4f4fffff  f6:0x4db06058 f21=0x40d00000
     333895.000 ns	     33388	80006dc8	03e04db3	div	x27,x0,x30	  x0:0x00000000 x30:0x395c5000 x27=0x00000000
     333945.000 ns	     33393	80006dcc	00133953	fadd.s	f18,f6,f1	  f6:0x4db06058  f1:0x00000001 f18=0x4db06058
     333965.000 ns	     33395	80006dd0	00c523b3	slt	x7,x10,x12	 x10:0x08004102 x12:0x4c965aaa  x7=0x00000001
     333975.000 ns	     33396	80006dd4	00e75993	srli	x19,x14,0xe	 x14:0x00000000 x19=0x00000000
     333995.000 ns	     33398	80006dd8	a0c681d3	fle.s	x3,f13,f12	 f13:0x4f7ffffb f12:0x7fc00000  x3=0x00000000
     334335.000 ns	     33432	80006ddc	192cf753	fdiv.s	f14,f25,f18	 f25:0x4f4fffff f18:0x4db06058 f14=0x40d00000
     334365.000 ns	     33435	80006de0	d0074653	fcvt.s.w	f12,x14	 x14:0x00000000 f12=0x00000000
     334405.000 ns	     33439	80006de4	11afa753	fmul.s	f14,f31,f26	 f31:0x4f34b4b4 f26:0x47131404 f14=0x56cfa3c8
     335585.000 ns	     33557	80006de8	580ba253	fsqrt.s	f4,f23	 f23:0x4735045f  f4=0x42fffef2
     335635.000 ns	     33562	80006dec	0023a853	fadd.s	f16,f7,f2	  f7:0xcefff7ed  f2:0x4e657140 f16=0xce8d3f4d
     335665.000 ns	     33565	80006df0	c0182bd3	fcvt.wu.s	x23,f16	 f16:0x7fc00000 x23=0x469fa680
     335715.000 ns	     33570	80006df4	094678d3	fsub.s	f17,f12,f20	 f12:0x00000000 f20:0xecebdc46 f17=0x6cebdc46
     335745.000 ns	     33573	80006df8	d000a053	fcvt.s.w	f0,x1	  x1:0xffffffff  f0=0xbf800000
     336085.000 ns	     33607	80006dfc	187ef1d3	fdiv.s	f3,f29,f7	 f29:0x41800000  f7:0xcefff7ed  f3=0xb2000000
     336105.000 ns	     33609	80006e00	00e24133	xor	x2,x4,x14	  x4:0x00000000 x14:0x00000000  x2=0x00000000
     336125.000 ns	     33611	80006e04	03ee31b3	mulhu	x3,x28,x30	 x28:0xe8f7cfe4 x30:0x395c5000  x3=0x34332f25
     336145.000 ns	     33613	80006e08	01181d33	sll	x26,x16,x17	 x16:0x80041023 x17:0x800c306c x26=0x41023000
     336165.000 ns	     33615	80006e0c	03ed2cb3	mulhsu	x25,x26,x30	 x26:0x00000001 x30:0x395c5000 x25=0x0e90edc9
     336185.000 ns	     33617	80006e10	00d95593	srli	x11,x18,0xd	 x18:0x00000000 x11=0x00000000
     336195.000 ns	     33618	80006e14	722791b7	lui	x3,0x72279	  x3=0x72279000
     336215.000 ns	     33620	80006e18	c0037253	fcvt.w.s	x4,f6	  f6:0x4db06058  x4=0x160c0b00
     336245.000 ns	     33623	80006e1c	03999033	mulh	x0,x19,x25	 x19:0x00000000 x25:0x0e90edc9
     336265.000 ns	     33625	80006e20	40b65fb3	sra	x31,x12,x11	 x12:0x4c965aaa x11:0x00000000 x31=0x4c965aaa
     336285.000 ns	     33627	80006e24	21072553	fsgnjx.s	f10,f14,f16	 f14:0x56cfa3c8 f16:0xce8d3f4d f10=0xd6cfa3c8
     336655.000 ns	     33664	80006e28	037bdc33	divu	x24,x23,x23	 x23:0x469fa680 x23:0x469fa680 x24=0x00000001
     336685.000 ns	     33667	80006e2c	20f408d3	fsgnj.s	f17,f8,f15	  f8:0x40fffffc f15:0x442e4000 f17=0x40fffffc
     336705.000 ns	     33669	80006e30	8c5b7913	andi	x18,x22,-1851	 x22:0xffffffe0 x18=0xfffff8c0
     336725.000 ns	     33671	80006e34	d000b0d3	fcvt.s.w	f1,x1	  x1:0xffffffff  f1=0xbf800000
     337095.000 ns	     33708	80006e38	03204833	div	x16,x0,x18	  x0:0x00000000 x18:0x00000000 x16=0x00000000
     337115.000 ns	     33710	80006e3c	67610f13	addi	x30,x2,1654	  x2:0x00000000 x30=0x00000676
     337475.000 ns	     33746	80006e40	036b6033	rem	x0,x22,x22	 x22:0xffffffe0 x22:0xffffffe0
     337495.000 ns	     33748	80006e44	6376bb93	sltiu	x23,x13,1591	 x13:0x00000003 x23=0x00000001
     337515.000 ns	     33750	80006e48	031120b3	mulhsu	x1,x2,x17	  x2:0x00000000 x17:0x800c306c  x1=0x00000000
     337535.000 ns	     33752	80006e4c	01812733	slt	x14,x2,x24	  x2:0x00000000 x24:0x00000001 x14=0x00000001
     337555.000 ns	     33754	80006e50	02afa8b3	mulhsu	x17,x31,x10	 x31:0x4c965aaa x10:0x08004102 x17=0x0264c648
     337585.000 ns	     33757	80006e54	c00afad3	fcvt.w.s	x21,f21	 f21:0x40d00000 x21=0x00000006
     337605.000 ns	     33759	80006e58	32ff6d93	ori	x27,x30,815	 x30:0x00000676 x27=0x0000077f
     337625.000 ns	     33761	80006e5c	03cd1cb3	mulh	x25,x26,x28	 x26:0x41023000 x28:0xe8f7cfe4 x25=0xfa26b966
     337645.000 ns	     33763	80006e60	00000013	addi	x0,x0,0	  x0:0x00000000
     337655.000 ns	     33764	80006e64	3eff6213	ori	x4,x30,1007	 x30:0x00000676  x4=0x000007ff
     337665.000 ns	     33765	80006e68	40c3dcb3	sra	x25,x7,x12	  x7:0x00000001 x12:0x4c965aaa x25=0x00000000
     337675.000 ns	     33766	80006e6c	4177d713	srai	x14,x15,0x17	 x15:0x80040fe4 x14=0xffffff00
     337685.000 ns	     33767	80006e70	dd658c93	addi	x25,x11,-554	 x11:0x00000000 x25=0xfffffdd6
     337695.000 ns	     33768	80006e74	92ee1d97	auipc	x27,0x92ee1	 x27=0x12ee7e74
     337705.000 ns	     33769	80006e78	0188e333	or	x6,x17,x24	 x17:0x0264c648 x24:0x00000001  x6=0x0264c649
     337715.000 ns	     33770	80006e7c	40c2d8b3	sra	x17,x5,x12	  x5:0x000006b5 x12:0x4c965aaa x17=0x00000001
     338075.000 ns	     33806	80006e80	0314cb33	div	x22,x9,x17	  x9:0x00000003 x17:0x0264c648 x22=0x00000003
     338105.000 ns	     33809	80006e84	02ad25b3	mulhsu	x11,x26,x10	 x26:0x41023000 x10:0x08004102 x11=0x02082202
     338135.000 ns	     33812	80006e88	e00489d3	fmv.x.w	x19,f9	  f9:0x7fc00000 x19=0x7fc00000
     338155.000 ns	     33814	80006e8c	d0bb8213	addi	x4,x23,-757	 x23:0x00000001  x4=0xfffffd0c
     338165.000 ns	     33815	80006e90	f3dd8013	addi	x0,x27,-195	 x27:0x12ee7e74
     338175.000 ns	     33816	80006e94	00000013	addi	x0,x0,0	  x0:0x00000000
     338195.000 ns	     33818	80006e98	c01030d3	fcvt.wu.s	x1,f0	  f0:0xbf800000  x1=0x00000001
     338215.000 ns	     33820	80006e9c	d62b8e13	addi	x28,x23,-670	 x23:0x00000001 x28=0xfffffd63
     338245.000 ns	     33823	80006ea0	1125f2d3	fmul.s	f5,f11,f18	 f11:0x7fc00000 f18:0x4db06058  f5=0x7fc00000
     338295.000 ns	     33828	80006ea4	09027953	fsub.s	f18,f4,f16	  f4:0x42fffef2 f16:0xce8d3f4d f18=0x4e8d3f4d
     338315.000 ns	     33830	80006ea8	00fe0cb3	add	x25,x28,x15	 x28:0xfffffd63 x15:0x80040fe4 x25=0x80040d47
     338325.000 ns	     33831	80006eac	00d93c33	sltu	x24,x18,x13	 x18:0xfffff8c0 x13:0x00000003 x24=0x00000000
     338345.000 ns	     33833	80006eb0	e00f1cd3	fclass.s	x25,f30	 f30:0x4efff7ed x25=0x00000040
     338375.000 ns	     33836	80006eb4	02c88e33	mul	x28,x17,x12	 x17:0x00000001 x12:0x4c965aaa x28=0x4c965aaa
     338405.000 ns	     33839	80006eb8	f0098f53	fmv.w.x	f30,x19	 x19:0x7fc00000 f30=0x7fc00000
     338435.000 ns	     33842	80006ebc	a0af2253	feq.s	x4,f30,f10	 f30:0x4efff7ed f10:0xd6cfa3c8  x4=0x00000000
     338805.000 ns	     33879	80006ec0	0349d733	divu	x14,x19,x20	 x19:0x7fc00000 x20:0x80041024 x14=0x00000000
     338835.000 ns	     33882	80006ec4	d01573d3	fcvt.s.wu	f7,x10	 x10:0x08004102  f7=0x4d000410
     338855.000 ns	     33884	80006ec8	2bf49517	auipc	x10,0x2bf49	 x10=0xabf4fec8
     338885.000 ns	     33887	80006ecc	1025f353	fmul.s	f6,f11,f2	 f11:0x7fc00000  f2:0x4e657140  f6=0x7fc00000
     338915.000 ns	     33890	80006ed0	024bb033	mulhu	x0,x23,x4	 x23:0x00000001  x4:0x00000000
     338965.000 ns	     33895	80006ed4	015ff5d3	fadd.s	f11,f31,f21	 f31:0x4f34b4b4 f21:0x40d00000 f11=0x4f34b4b4
     338995.000 ns	     33898	80006ed8	03d67c33	remu	x24,x12,x29	 x12:0x4c965aaa x29:0x00000000 x24=0x4c965aaa
     339025.000 ns	     33901	80006edc	c01600d3	fcvt.wu.s	x1,f12	 f12:0x00000000  x1=0x00000000
     339055.000 ns	     33904	80006ee0	a1c013d3	flt.s	x7,f0,f28	  f0:0xbf800000 f28:0x4f4fffff  x7=0x00000001
     339075.000 ns	     33906	80006ee4	412cdc13	srai	x24,x25,0x12	 x25:0x00000040 x24=0x00000000
     339085.000 ns	     33907	80006ee8	718ab117	auipc	x2,0x718ab	  x2=0xf18b1ee8
     339105.000 ns	     33909	80006eec	20cf1fd3	fsgnjn.s	f31,f30,f12	 f30:0x7fc00000 f12:0x00000000 f31=0xffc00000
     339475.000 ns	     33946	80006ef0	033bccb3	div	x25,x23,x19	 x23:0x00000001 x19:0x7fc00000 x25=0x00000000
     339505.000 ns	     33949	80006ef4	0305d0b3	divu	x1,x11,x16	 x11:0x02082202 x16:0x00000000  x1=0xffffffff
     339535.000 ns	     33952	80006ef8	e00c99d3	fclass.s	x19,f25	 f25:0x4f4fffff x19=0x00000040
     339875.000 ns	     33986	80006efc	18fe7653	fdiv.s	f12,f28,f15	 f28:0x4f4fffff f15:0x442e4000 f12=0x4aaf3fdb
     339905.000 ns	     33989	80006f00	d0184653	fcvt.s.wu	f12,x16	 x16:0x00000000 f12=0x00000000
     339935.000 ns	     33992	80006f04	e00509d3	fmv.x.w	x19,f10	 f10:0xd6cfa3c8 x19=0xd6cfa3c8
     339955.000 ns	     33994	80006f08	00000013	addi	x0,x0,0	  x0:0x00000000
     339965.000 ns	     33995	80006f0c	417603b3	sub	x7,x12,x23	 x12:0x4c965aaa x23:0x00000001  x7=0x4c965aa9
     340005.000 ns	     33999	80006f10	09257453	fsub.s	f8,f10,f18	 f10:0xd6cfa3c8 f18:0x4e8d3f4d  f8=0xd6cfa455
     340025.000 ns	     34001	80006f14	01f91533	sll	x10,x18,x31	 x18:0xfffff8c0 x31:0x4c965aaa x10=0xffe30000
     340035.000 ns	     34002	80006f18	19b2a993	slti	x19,x5,411	  x5:0x000006b5 x19=0x00000000
     340395.000 ns	     34038	80006f1c	02f8f033	remu	x0,x17,x15	 x17:0x00000001 x15:0x80040fe4
     340425.000 ns	     34041	80006f20	02f1abb3	mulhsu	x23,x3,x15	  x3:0x72279000 x15:0x80040fe4 x23=0x391597b4
     340445.000 ns	     34043	80006f24	00000013	addi	x0,x0,0	  x0:0x00000000
     340465.000 ns	     34045	80006f28	a01682d3	fle.s	x5,f13,f1	 f13:0x4f7ffffb  f1:0xbf800000  x5=0x00000000
     340485.000 ns	     34047	80006f2c	045a6497	auipc	x9,0x45a6	  x9=0x845acf2c
     340495.000 ns	     34048	80006f30	19a68c93	addi	x25,x13,410	 x13:0x00000003 x25=0x0000019d
     340505.000 ns	     34049	80006f34	41518eb3	sub	x29,x3,x21	  x3:0x72279000 x21:0x00000006 x29=0x72278ffa
     340515.000 ns	     34050	80006f38	41058433	sub	x8,x11,x16	 x11:0x02082202 x16:0x00000000  x8=0x02082202
     340845.000 ns	     34083	80006f3c	1979f853	fdiv.s	f16,f19,f23	 f19:0xcf7fffff f23:0x4735045f f16=0xc78e023c
     340865.000 ns	     34085	80006f40	012e65b3	or	x11,x28,x18	 x28:0x4c965aaa x18:0xfffff8c0 x11=0xfffffaea
     341225.000 ns	     34121	80006f44	02fc4033	div	x0,x24,x15	 x24:0x00000000 x15:0x80040fe4
     341255.000 ns	     34124	80006f48	29198e53	fmin.s	f28,f19,f17	 f19:0xcf7fffff f17:0x40fffffc f28=0xcf7fffff
     341275.000 ns	     34126	80006f4c	016e7e33	and	x28,x28,x22	 x28:0x4c965aaa x22:0x00000003 x28=0x00000002
     341285.000 ns	     34127	80006f50	01d1c133	xor	x2,x3,x29	  x3:0x72279000 x29:0x72278ffa  x2=0x00001ffa
     341305.000 ns	     34129	80006f54	c0101d53	fcvt.wu.s	x26,f0	  f0:0xbf800000 x26=0x00000001
     341325.000 ns	     34131	80006f58	00d05093	srli	x1,x0,0xd	  x0:0x00000000  x1=0x00000000
     341685.000 ns	     34167	80006f5c	031c4d33	div	x26,x24,x17	 x24:0x00000000 x17:0x00000001 x26=0x00000000
     341705.000 ns	     34169	80006f60	b0b80b17	auipc	x22,0xb0b80	 x22=0x30b86f60
     341715.000 ns	     34170	80006f64	40000db3	sub	x27,x0,x0	  x0:0x00000000  x0:0x00000000 x27=0x00000000
     341735.000 ns	     34172	80006f68	e00c1853	fclass.s	x16,f24	 f24:0x5f4ffffb x16=0x00000040
     341755.000 ns	     34174	80006f6c	401a54b3	sra	x9,x20,x1	 x20:0x80041024  x1:0x00000000  x9=0x80041024
     341775.000 ns	     34176	80006f70	a1910853	fle.s	x16,f2,f25	  f2:0x4e657140 f25:0x4f4fffff x16=0x00000001
     341805.000 ns	     34179	80006f74	027aa533	mulhsu	x10,x21,x7	 x21:0x00000006  x7:0x4c965aa9 x10=0x00000001
     341835.000 ns	     34182	80006f78	03432ab3	mulhsu	x21,x6,x20	  x6:0x0264c649 x20:0x80041024 x21=0x01326cde
     341865.000 ns	     34185	80006f7c	a03505d3	fle.s	x11,f10,f3	 f10:0xd6cfa3c8  f3:0xb2000000 x11=0x00000001
     341885.000 ns	     34187	80006f80	01b6d9b3	srl	x19,x13,x27	 x13:0x00000003 x27:0x00000000 x19=0x00000003
     342245.000 ns	     34223	80006f84	02216f33	rem	x30,x2,x2	  x2:0x00001ffa  x2:0x00001ffa x30=0x00000000
     342615.000 ns	     34260	80006f88	0343e233	rem	x4,x7,x20	  x7:0x4c965aa9 x20:0x80041024  x4=0x4c965aa9
     342645.000 ns	     34263	80006f8c	0389cf33	div	x30,x19,x24	 x19:0x00000003 x24:0x00000000 x30=0xffffffff
     342675.000 ns	     34266	80006f90	294c8853	fmin.s	f16,f25,f20	 f25:0x4f4fffff f20:0xecebdc46 f16=0xecebdc46
     342705.000 ns	     34269	80006f94	f0050b53	fmv.w.x	f22,x10	 x10:0x00000001 f22=0x00000001
     342735.000 ns	     34272	80006f98	20282b53	fsgnjx.s	f22,f16,f2	 f16:0xecebdc46  f2:0x4e657140 f22=0xecebdc46
     342775.000 ns	     34276	80006f9c	1974f8d3	fdiv.s	f17,f9,f23	  f9:0x7fc00000 f23:0x4735045f f17=0x7fc00000
     342795.000 ns	     34278	80006fa0	03072393	slti	x7,x14,48	 x14:0x00000000  x7=0x00000001
     343125.000 ns	     34311	80006fa4	197aa053	fdiv.s	f0,f21,f23	 f21:0x40d00000 f23:0x4735045f  f0=0x38e6c3a4
     343155.000 ns	     34314	80006fa8	03a8d033	divu	x0,x17,x26	 x17:0x00000001 x26:0x00000000
     343185.000 ns	     34317	80006fac	d01c1dd3	fcvt.s.wu	f27,x24	 x24:0x00000000 f27=0x00000000
     343205.000 ns	     34319	80006fb0	012ce4b3	or	x9,x25,x18	 x25:0x0000019d x18:0xfffff8c0  x9=0xfffff9dd
     343225.000 ns	     34321	80006fb4	02f09cb3	mulh	x25,x1,x15	  x1:0x00000000 x15:0x80040fe4 x25=0x00000000
     343255.000 ns	     34324	80006fb8	02e09733	mulh	x14,x1,x14	  x1:0x00000000 x14:0x00000000 x14=0x00000000
     343275.000 ns	     34326	80006fbc	0043fc33	and	x24,x7,x4	  x7:0x00000001  x4:0x4c965aa9 x24=0x00000001
     343295.000 ns	     34328	80006fc0	c00daad3	fcvt.w.s	x21,f27	 f27:0x00000000 x21=0x00000000
     343325.000 ns	     34331	80006fc4	207d1a53	fsgnjn.s	f20,f26,f7	 f26:0x47131404  f7:0x4d000410 f20=0xc7131404
     343345.000 ns	     34333	80006fc8	41455113	srai	x2,x10,0x14	 x10:0x00000001  x2=0x00000000
     343365.000 ns	     34335	80006fcc	21e52a53	fsgnjx.s	f20,f10,f30	 f10:0xd6cfa3c8 f30:0x7fc00000 f20=0xd6cfa3c8
     343405.000 ns	     34339	80006fd0	5801ad53	fsqrt.s	f26,f3	  f3:0xb2000000 f26=0x7fc00000
     343435.000 ns	     34342	80006fd4	e00b8653	fmv.x.w	x12,f23	 f23:0x4735045f x12=0x4735045f
     343455.000 ns	     34344	80006fd8	40a98e33	sub	x28,x19,x10	 x19:0x00000003 x10:0x00000001 x28=0x00000002
     343465.000 ns	     34345	80006fdc	70c60d93	addi	x27,x12,1804	 x12:0x4735045f x27=0x47350b6b
     343475.000 ns	     34346	80006fe0	0163b733	sltu	x14,x7,x22	  x7:0x00000001 x22:0x30b86f60 x14=0x00000001
     343835.000 ns	     34382	80006fe4	03f4e633	rem	x12,x9,x31	  x9:0xfffff9dd x31:0x4c965aaa x12=0xfffff9dd
     343855.000 ns	     34384	80006fe8	371cf193	andi	x3,x25,881	 x25:0x00000000  x3=0x00000000
     343875.000 ns	     34386	80006fec	d01243d3	fcvt.s.wu	f7,x4	  x4:0x4c965aa9  f7=0x4e992cb5
     343905.000 ns	     34389	80006ff0	03985d33	divu	x26,x16,x25	 x16:0x00000001 x25:0x00000000 x26=0xffffffff
     343925.000 ns	     34391	80006ff4	00b8f133	and	x2,x17,x11	 x17:0x00000001 x11:0x00000001  x2=0x00000001
     343945.000 ns	     34393	80006ff8	e0078153	fmv.x.w	x2,f15	 f15:0x442e4000  x2=0x442e4000
     343965.000 ns	     34395	80006ffc	2cdb4d13	xori	x26,x22,717	 x22:0x30b86f60 x26=0x30b86dad
     343975.000 ns	     34396	80007000	01540e33	add	x28,x8,x21	  x8:0x02082202 x21:0x00000000 x28=0x02082202
     343995.000 ns	     34398	80007004	29f28553	fmin.s	f10,f5,f31	  f5:0x7fc00000 f31:0xffc00000 f10=0x7fc00000
     344025.000 ns	     34401	80007008	d0169553	fcvt.s.wu	f10,x13	 x13:0x00000003 f10=0x40400000
     344045.000 ns	     34403	8000700c	3cd3b913	sltiu	x18,x7,973	  x7:0x00000001 x18=0x00000001
     344085.000 ns	     34407	80007010	01fbf553	fadd.s	f10,f23,f31	 f23:0x4735045f f31:0xffc00000 f10=0x7fc00000
     344115.000 ns	     34410	80007014	a0a499d3	flt.s	x19,f9,f10	  f9:0x7fc00000 f10:0x40400000 x19=0x00000000
     344145.000 ns	     34413	80007018	e0080c53	fmv.x.w	x24,f16	 f16:0xecebdc46 x24=0xecebdc46
     344175.000 ns	     34416	8000701c	29401b53	fmax.s	f22,f0,f20	  f0:0x38e6c3a4 f20:0xd6cfa3c8 f22=0x38e6c3a4
     344215.000 ns	     34420	80007020	104f7953	fmul.s	f18,f30,f4	 f30:0x7fc00000  f4:0x42fffef2 f18=0x7fc00000
     344585.000 ns	     34457	80007024	02d2d1b3	divu	x3,x5,x13	  x5:0x00000000 x13:0x00000003  x3=0x00000000
     344955.000 ns	     34494	80007028	02be75b3	remu	x11,x28,x11	 x28:0x02082202 x11:0x00000001 x11=0x00000000
     344985.000 ns	     34497	8000702c	02e108b3	mul	x17,x2,x14	  x2:0x442e4000 x14:0x00000001 x17=0x442e4000
     345005.000 ns	     34499	80007030	00d84233	xor	x4,x16,x13	 x16:0x00000001 x13:0x00000003  x4=0x00000002
     345025.000 ns	     34501	80007034	20242653	fsgnjx.s	f12,f8,f2	  f8:0xd6cfa455  f2:0x4e657140 f12=0xd6cfa455
     345055.000 ns	     34504	80007038	02402733	mulhsu	x14,x0,x4	  x0:0x00000000  x4:0x4c965aa9 x14=0x00000000
     345075.000 ns	     34506	8000703c	40bbdb33	sra	x22,x23,x11	 x23:0x391597b4 x11:0x00000000 x22=0x391597b4
     345085.000 ns	     34507	80007040	401259b3	sra	x19,x4,x1	  x4:0x00000002  x1:0x00000000 x19=0x00000002
     345095.000 ns	     34508	80007044	be7c6113	ori	x2,x24,-1049	 x24:0xecebdc46  x2=0xffffffe7
     345105.000 ns	     34509	80007048	d6a60b13	addi	x22,x12,-662	 x12:0xfffff9dd x22=0xfffff747
     345115.000 ns	     34510	8000704c	6cb4eb17	auipc	x22,0x6cb4e	 x22=0xecb5504c
     345135.000 ns	     34512	80007050	211c9753	fsgnjn.s	f14,f25,f17	 f25:0x4f4fffff f17:0x7fc00000 f14=0xcf4fffff
     345165.000 ns	     34515	80007054	d00ebfd3	fcvt.s.w	f31,x29	 x29:0x72278ffa f31=0x4ee44f20
     345195.000 ns	     34518	80007058	29e58053	fmin.s	f0,f11,f30	 f11:0x4f34b4b4 f30:0x7fc00000  f0=0x4f34b4b4
     345215.000 ns	     34520	8000705c	00000013	addi	x0,x0,0	  x0:0x00000000
     345255.000 ns	     34524	80007060	006b73d3	fadd.s	f7,f22,f6	 f22:0x38e6c3a4  f6:0x7fc00000  f7=0x7fc00000
     345275.000 ns	     34526	80007064	2c506fb7	lui	x31,0x2c506	 x31=0x2c506000
     345285.000 ns	     34527	80007068	0048b633	sltu	x12,x17,x4	 x17:0x442e4000  x4:0x00000002 x12=0x00000000
     345295.000 ns	     34528	8000706c	41800233	sub	x4,x0,x24	  x0:0x00000000 x24:0xecebdc46  x4=0x131423ba
     345325.000 ns	     34531	80007070	5800fb53	fsqrt.s	f22,f1	  f1:0xbf800000 f22=0x7fc00000
     345355.000 ns	     34534	80007074	283e0d53	fmin.s	f26,f28,f3	 f28:0xcf7fffff  f3:0xb2000000 f26=0xcf7fffff
     345385.000 ns	     34537	80007078	02ad8533	mul	x10,x27,x10	 x27:0x47350b6b x10:0x00000001 x10=0x47350b6b
     345405.000 ns	     34539	8000707c	405d5433	sra	x8,x26,x5	 x26:0x30b86dad  x5:0x00000000  x8=0x30b86dad
     345425.000 ns	     34541	80007080	a1702c53	feq.s	x24,f0,f23	  f0:0x4f34b4b4 f23:0x4735045f x24=0x00000000
     345455.000 ns	     34544	80007084	f00002d3	fmv.w.x	f5,x0	  x0:0x00000000  f5=0x00000000
     345485.000 ns	     34547	80007088	a11390d3	flt.s	x1,f7,f17	  f7:0x7fc00000 f17:0x7fc00000  x1=0x00000000
     345505.000 ns	     34549	8000708c	00217ab3	and	x21,x2,x2	  x2:0xffffffe7  x2:0xffffffe7 x21=0xffffffe7
     345525.000 ns	     34551	80007090	c01dfcd3	fcvt.wu.s	x25,f27	 f27:0x00000000 x25=0x00000000
     345545.000 ns	     34553	80007094	41df8733	sub	x14,x31,x29	 x31:0x2c506000 x29:0x72278ffa x14=0xba28d006
     345565.000 ns	     34555	80007098	21df2ed3	fsgnjx.s	f29,f30,f29	 f30:0x7fc00000 f29:0x41800000 f29=0x7fc00000
     345595.000 ns	     34558	8000709c	d0071553	fcvt.s.w	f10,x14	 x14:0x00000000 f10=0xce8bae5f
     345615.000 ns	     34560	800070a0	01272fb3	slt	x31,x14,x18	 x14:0xba28d006 x18:0x00000001 x31=0x00000001
     345625.000 ns	     34561	800070a4	00f12fb3	slt	x31,x2,x15	  x2:0xffffffe7 x15:0x80040fe4 x31=0x00000000
     345635.000 ns	     34562	800070a8	048f8c13	addi	x24,x31,72	 x31:0x2c506000 x24=0x00000048
     345645.000 ns	     34563	800070ac	11eb0013	addi	x0,x22,286	 x22:0xecb5504c
     345655.000 ns	     34564	800070b0	419558b3	sra	x17,x10,x25	 x10:0x47350b6b x25:0x00000000 x17=0x47350b6b
     345675.000 ns	     34566	800070b4	f00504d3	fmv.w.x	f9,x10	 x10:0x47350b6b  f9=0x47350b6b
     345695.000 ns	     34568	800070b8	00ca54b3	srl	x9,x20,x12	 x20:0x80041024 x12:0x00000000  x9=0x80041024
     346865.000 ns	     34685	800070bc	580686d3	fsqrt.s	f13,f13	 f13:0x4f7ffffb f13=0x4735045f
     346885.000 ns	     34687	800070c0	40355033	sra	x0,x10,x3	 x10:0x47350b6b  x3:0x00000000
     346895.000 ns	     34688	800070c4	7a6a0513	addi	x10,x20,1958	 x20:0x80041024 x10=0x800417ca
     346915.000 ns	     34690	800070c8	d002f3d3	fcvt.s.w	f7,x5	  x5:0x00000000  f7=0x00000000
     346945.000 ns	     34693	800070cc	02389533	mulh	x10,x17,x3	 x17:0x47350b6b  x3:0x00000000 x10=0x00000000
     346975.000 ns	     34696	800070d0	03e68833	mul	x16,x13,x30	 x13:0x00000003 x30:0xffffffff x16=0xfffffffd
     346995.000 ns	     34698	800070d4	414cd633	sra	x12,x25,x20	 x25:0x00000000 x20:0x80041024 x12=0x00000000
     347015.000 ns	     34700	800070d8	0368afb3	mulhsu	x31,x17,x22	 x17:0x47350b6b x22:0xecb5504c x31=0x41d7555d
     347035.000 ns	     34702	800070dc	00da8f33	add	x30,x21,x13	 x21:0xffffffe7 x13:0x00000003 x30=0xffffffea
     347045.000 ns	     34703	800070e0	01c9b433	sltu	x8,x19,x28	 x19:0x00000002 x28:0x02082202  x8=0x00000001
     347065.000 ns	     34705	800070e4	29e90f53	fmin.s	f30,f18,f30	 f18:0x7fc00000 f30:0x7fc00000 f30=0x7fc00000
     347085.000 ns	     34707	800070e8	00164cb3	xor	x25,x12,x1	 x12:0x00000000  x1:0x00000000 x25=0x00000000
     347105.000 ns	     34709	800070ec	a1cb09d3	fle.s	x19,f22,f28	 f22:0x7fc00000 f28:0xcf7fffff x19=0x00000000
     347135.000 ns	     34712	800070f0	02ce1833	mulh	x16,x28,x12	 x28:0x02082202 x12:0x00000000 x16=0x00000000
     347165.000 ns	     34715	800070f4	02af3c33	mulhu	x24,x30,x10	 x30:0xffffffea x10:0x00000000 x24=0x00000000
     347535.000 ns	     34752	800070f8	02886bb3	rem	x23,x16,x8	 x16:0x00000000  x8:0x00000001 x23=0x00000000
     347555.000 ns	     34754	800070fc	6289ec93	ori	x25,x19,1576	 x19:0x00000000 x25=0x00000628
     347565.000 ns	     34755	80007100	00b251b3	srl	x3,x4,x11	  x4:0x131423ba x11:0x00000000  x3=0x131423ba
     347585.000 ns	     34757	80007104	c00e9ad3	fcvt.w.s	x21,f29	 f29:0x7fc00000 x21=0x7fffffff
     347615.000 ns	     34760	80007108	02de2033	mulhsu	x0,x28,x13	 x28:0x02082202 x13:0x00000003
     347645.000 ns	     34763	8000710c	0304e133	rem	x2,x9,x16	  x9:0x80041024 x16:0x00000000  x2=0x80041024
     347985.000 ns	     34797	80007110	18ca8ad3	fdiv.s	f21,f21,f12	 f21:0x40d00000 f12:0xd6cfa455 f21=0xa9500000
     348355.000 ns	     34834	80007114	023edcb3	divu	x25,x29,x3	 x29:0x72278ffa  x3:0x131423ba x25=0x00000005
     348725.000 ns	     34871	80007118	02844b33	div	x22,x8,x8	  x8:0x00000001  x8:0x00000001 x22=0x00000001
     348745.000 ns	     34873	8000711c	2f2b7913	andi	x18,x22,754	 x22:0xecb5504c x18=0x00000000
     348785.000 ns	     34877	80007120	080628d3	fsub.s	f17,f12,f0	 f12:0xd6cfa455  f0:0x4f34b4b4 f17=0xd6cfa5bf
     348815.000 ns	     34880	80007124	21d2a9d3	fsgnjx.s	f19,f5,f29	  f5:0x00000000 f29:0x7fc00000 f19=0x00000000
     348845.000 ns	     34883	80007128	0311ac33	mulhsu	x24,x3,x17	  x3:0x131423ba x17:0x47350b6b x24=0x054e89ed
     348875.000 ns	     34886	8000712c	e0089fd3	fclass.s	x31,f17	 f17:0xd6cfa5bf x31=0x00000002
     348905.000 ns	     34889	80007130	a1ae92d3	flt.s	x5,f29,f26	 f29:0x7fc00000 f26:0xcf7fffff  x5=0x00000000
     348925.000 ns	     34891	80007134	0169a133	slt	x2,x19,x22	 x19:0x00000000 x22:0x00000001  x2=0x00000001
     348935.000 ns	     34892	80007138	4134d813	srai	x16,x9,0x13	  x9:0x80041024 x16=0xfffff000
     348955.000 ns	     34894	8000713c	02ca0d33	mul	x26,x20,x12	 x20:0x80041024 x12:0x00000000 x26=0x00000000
     348985.000 ns	     34897	80007140	a0d59553	flt.s	x10,f11,f13	 f11:0x4f34b4b4 f13:0x4735045f x10=0x00000000
     349025.000 ns	     34901	80007144	58064053	fsqrt.s	f0,f12	 f12:0xd6cfa455  f0=0x7fc00000
     349055.000 ns	     34904	80007148	21032ad3	fsgnjx.s	f21,f6,f16	  f6:0x7fc00000 f16:0xecebdc46 f21=0xffc00000
     349075.000 ns	     34906	8000714c	01039913	slli	x18,x7,0x10	  x7:0x00000001 x18=0x00010000
     349095.000 ns	     34908	80007150	204800d3	fsgnj.s	f1,f16,f4	 f16:0xecebdc46  f4:0x42fffef2  f1=0x6cebdc46
     349125.000 ns	     34911	80007154	e00d90d3	fclass.s	x1,f27	 f27:0x00000000  x1=0x00000010
     349145.000 ns	     34913	80007158	0099f1b3	and	x3,x19,x9	 x19:0x00000000  x9:0x80041024  x3=0x00000000
     349155.000 ns	     34914	8000715c	009913b3	sll	x7,x18,x9	 x18:0x00010000  x9:0x80041024  x7=0x00100000
     349175.000 ns	     34916	80007160	033858b3	divu	x17,x16,x19	 x16:0xfffff000 x19:0x00000000 x17=0xffffffff
     349205.000 ns	     34919	80007164	039f3bb3	mulhu	x23,x30,x25	 x30:0xffffffea x25:0x00000005 x23=0x00000004
     349235.000 ns	     34922	80007168	f00a88d3	fmv.w.x	f17,x21	 x21:0x7fffffff f17=0x7fffffff
     349265.000 ns	     34925	8000716c	c012f9d3	fcvt.wu.s	x19,f5	  f5:0x00000000 x19=0x00000000
     349295.000 ns	     34928	80007170	a0ad18d3	flt.s	x17,f26,f10	 f26:0xcf7fffff f10:0xce8bae5f x17=0x00000001
     349315.000 ns	     34930	80007174	00903833	sltu	x16,x0,x9	  x0:0x00000000  x9:0x80041024 x16=0x00000001
     349325.000 ns	     34931	80007178	ae820913	addi	x18,x4,-1304	  x4:0x131423ba x18=0x13141ea2
     349335.000 ns	     34932	8000717c	01132933	slt	x18,x6,x17	  x6:0x0264c649 x17:0x00000001 x18=0x00000000
     349345.000 ns	     34933	80007180	00000013	addi	x0,x0,0	  x0:0x00000000
     349365.000 ns	     34935	80007184	03a579b3	remu	x19,x10,x26	 x10:0x00000000 x26:0x00000000 x19=0x00000000
     349395.000 ns	     34938	80007188	a1a92b53	feq.s	x22,f18,f26	 f18:0x7fc00000 f26:0xcf7fffff x22=0x00000000
     349415.000 ns	     34940	8000718c	01a7dc93	srli	x25,x15,0x1a	 x15:0x80040fe4 x25=0x00000020
     349775.000 ns	     34976	80007190	026ec433	div	x8,x29,x6	 x29:0x72278ffa  x6:0x0264c649  x8=0x0000002f
     349795.000 ns	     34978	80007194	00a88c33	add	x24,x17,x10	 x17:0x00000001 x10:0x00000000 x24=0x00000001
     349815.000 ns	     34980	80007198	a1971fd3	flt.s	x31,f14,f25	 f14:0xcf4fffff f25:0x4f4fffff x31=0x00000001
     349865.000 ns	     34985	8000719c	087874d3	fsub.s	f9,f16,f7	 f16:0xecebdc46  f7:0x00000000  f9=0xecebdc46
     349895.000 ns	     34988	800071a0	d0087dd3	fcvt.s.w	f27,x16	 x16:0x00000001 f27=0x3f800000
     349915.000 ns	     34990	800071a4	0050cab3	xor	x21,x1,x5	  x1:0x00000010  x5:0x00000000 x21=0x00000010
     349935.000 ns	     34992	800071a8	219918d3	fsgnjn.s	f17,f18,f25	 f18:0x7fc00000 f25:0x4f4fffff f17=0xffc00000
     349965.000 ns	     34995	800071ac	29fa0f53	fmin.s	f30,f20,f31	 f20:0xd6cfa3c8 f31:0x4ee44f20 f30=0xd6cfa3c8
     349985.000 ns	     34997	800071b0	01a47c33	and	x24,x8,x26	  x8:0x0000002f x26:0x00000000 x24=0x00000000
     349995.000 ns	     34998	800071b4	407b8fb3	sub	x31,x23,x7	 x23:0x00000004  x7:0x00100000 x31=0xfff00004
     350005.000 ns	     34999	800071b8	00000013	addi	x0,x0,0	  x0:0x00000000
     350015.000 ns	     35000	800071bc	40cf5413	srai	x8,x30,0xc	 x30:0xffffffea  x8=0xffffffff
     350045.000 ns	     35003	800071c0	10f98053	fmul.s	f0,f19,f15	 f19:0x00000000 f15:0x442e4000  f0=0x00000000
     350415.000 ns	     35040	800071c4	026b79b3	remu	x19,x22,x6	 x22:0x00000000  x6:0x0264c649 x19=0x00000000
     350435.000 ns	     35042	800071c8	008ad233	srl	x4,x21,x8	 x21:0x00000010  x8:0xffffffff  x4=0x00000000
     350445.000 ns	     35043	800071cc	8053b013	sltiu	x0,x7,-2043	  x7:0x00100000
     350455.000 ns	     35044	800071d0	37676893	ori	x17,x14,886	 x14:0xba28d006 x17=0xba28d376
     350465.000 ns	     35045	800071d4	41cd5133	sra	x2,x26,x28	 x26:0x00000000 x28:0x02082202  x2=0x00000000
     350485.000 ns	     35047	800071d8	294c8f53	fmin.s	f30,f25,f20	 f25:0x4f4fffff f20:0xd6cfa3c8 f30=0xd6cfa3c8
     350515.000 ns	     35050	800071dc	a1309353	flt.s	x6,f1,f19	  f1:0x6cebdc46 f19:0x00000000  x6=0x00000000
     350545.000 ns	     35053	800071e0	c00340d3	fcvt.w.s	x1,f6	  f6:0x7fc00000  x1=0x7fffffff
     350575.000 ns	     35056	800071e4	027a3fb3	mulhu	x31,x20,x7	 x20:0x80041024  x7:0x00100000 x31=0x00080041
     350595.000 ns	     35058	800071e8	00000013	addi	x0,x0,0	  x0:0x00000000
     350605.000 ns	     35059	800071ec	40025293	srai	x5,x4,0x0	  x4:0x00000000  x5=0x00000000
     350625.000 ns	     35061	800071f0	03299333	mulh	x6,x19,x18	 x19:0x00000000 x18:0x00000000  x6=0x00000000
     350995.000 ns	     35098	800071f4	039e52b3	divu	x5,x28,x25	 x28:0x02082202 x25:0x00000020  x5=0x00104110
     351015.000 ns	     35100	800071f8	3457e313	ori	x6,x15,837	 x15:0x80040fe4  x6=0x80040fe5
     351025.000 ns	     35101	800071fc	01b4ef33	or	x30,x9,x27	  x9:0x80041024 x27:0x47350b6b x30=0xc7351b6f
     351045.000 ns	     35103	80007200	a036a953	feq.s	x18,f13,f3	 f13:0x4735045f  f3:0xb2000000 x18=0x00000000
     351065.000 ns	     35105	80007204	009b9fb3	sll	x31,x23,x9	 x23:0x00000004  x9:0x80041024 x31=0x00000040
     351075.000 ns	     35106	80007208	0089dd13	srli	x26,x19,0x8	 x19:0x00000000 x26=0x00000000
     351095.000 ns	     35108	8000720c	02d813b3	mulh	x7,x16,x13	 x16:0x00000001 x13:0x00000003  x7=0x00000000
     351115.000 ns	     35110	80007210	00182eb3	slt	x29,x16,x1	 x16:0x00000001  x1:0x7fffffff x29=0x00000001
     351135.000 ns	     35112	80007214	03a32033	mulhsu	x0,x6,x26	  x6:0x80040fe5 x26:0x00000000
     351165.000 ns	     35115	80007218	d017b0d3	fcvt.s.wu	f1,x15	 x15:0x80040fe4  f1=0x4f000410
     351185.000 ns	     35117	8000721c	01ff3b33	sltu	x22,x30,x31	 x30:0xc7351b6f x31:0x00000040 x22=0x00000000
     351205.000 ns	     35119	80007220	02e0abb3	mulhsu	x23,x1,x14	  x1:0x7fffffff x14:0xba28d006 x23=0x5d146802
     351235.000 ns	     35122	80007224	20b09fd3	fsgnjn.s	f31,f1,f11	  f1:0x4f000410 f11:0x4f34b4b4 f31=0xcf000410
     351255.000 ns	     35124	80007228	2c990597	auipc	x11,0x2c990	 x11=0xac997228
     351265.000 ns	     35125	8000722c	65562013	slti	x0,x12,1621	 x12:0x00000000
     351305.000 ns	     35129	80007230	0884f053	fsub.s	f0,f9,f8	  f9:0xecebdc46  f8:0xd6cfa455  f0=0xecebdc45
     351325.000 ns	     35131	80007234	40a68b33	sub	x22,x13,x10	 x13:0x00000003 x10:0x00000000 x22=0x00000003
     351345.000 ns	     35133	80007238	c00a10d3	fcvt.w.s	x1,f20	 f20:0xd6cfa3c8  x1=0x80000000
     351375.000 ns	     35136	8000723c	c01cf8d3	fcvt.wu.s	x17,f25	 f25:0x4f4fffff x17=0xcfffff00
     351395.000 ns	     35138	80007240	7bccc193	xori	x3,x25,1980	 x25:0x00000020  x3=0x0000079c
     351755.000 ns	     35174	80007244	028b75b3	remu	x11,x22,x8	 x22:0x00000003  x8:0xffffffff x11=0x00000003
     351785.000 ns	     35177	80007248	d01e9a53	fcvt.s.wu	f20,x29	 x29:0x00000001 f20=0x3f800000
     351815.000 ns	     35180	8000724c	a0171053	flt.s	x0,f14,f1	 f14:0xcf4fffff  f1:0x4f000410
     351845.000 ns	     35183	80007250	025925b3	mulhsu	x11,x18,x5	 x18:0x00000000  x5:0x00104110 x11=0x00000000
     351875.000 ns	     35186	80007254	29f69cd3	fmax.s	f25,f13,f31	 f13:0x4735045f f31:0xcf000410 f25=0x4735045f
     351915.000 ns	     35190	80007258	192df953	fdiv.s	f18,f27,f18	 f27:0x3f800000 f18:0x7fc00000 f18=0x7fc00000
     351935.000 ns	     35192	8000725c	2dd36893	ori	x17,x6,733	  x6:0x80040fe5 x17=0x80040ffd
     351955.000 ns	     35194	80007260	29761253	fmax.s	f4,f12,f23	 f12:0xd6cfa455 f23:0x4735045f  f4=0x4735045f
     351985.000 ns	     35197	80007264	d00f94d3	fcvt.s.w	f9,x31	 x31:0x00000040  f9=0x42800000
     352015.000 ns	     35200	80007268	d01c11d3	fcvt.s.wu	f3,x24	 x24:0x00000000  f3=0x00000000
     352385.000 ns	     35237	8000726c	03c1c1b3	div	x3,x3,x28	  x3:0x0000079c x28:0x02082202  x3=0x00000000
     352415.000 ns	     35240	80007270	a0ad8ed3	fle.s	x29,f27,f10	 f27:0x3f800000 f10:0xce8bae5f x29=0x00000000
     352445.000 ns	     35243	80007274	a0aea153	feq.s	x2,f29,f10	 f29:0x7fc00000 f10:0xce8bae5f  x2=0x00000000
     352495.000 ns	     35248	80007278	01a471d3	fadd.s	f3,f8,f26	  f8:0xd6cfa455 f26:0xcf7fffff  f3=0xd6cfa654
     352515.000 ns	     35250	8000727c	815ea193	slti	x3,x29,-2027	 x29:0x00000000  x3=0x00000000
     352545.000 ns	     35253	80007280	58063cd3	fsqrt.s	f25,f12	 f12:0xd6cfa455 f25=0x7fc00000
     352575.000 ns	     35256	80007284	296d99d3	fmax.s	f19,f27,f22	 f27:0x3f800000 f22:0x7fc00000 f19=0x3f800000
     352945.000 ns	     35293	80007288	030cdd33	divu	x26,x25,x16	 x25:0x00000020 x16:0x00000001 x26=0x00000020
     352975.000 ns	     35296	8000728c	d00b8353	fcvt.s.w	f6,x23	 x23:0x5d146802  f6=0x4eba28d0
     353005.000 ns	     35299	80007290	a10012d3	flt.s	x5,f0,f16	  f0:0xecebdc45 f16:0xecebdc46  x5=0x00000000
     353375.000 ns	     35336	80007294	02847333	remu	x6,x8,x8	  x8:0xffffffff  x8:0xffffffff  x6=0x00000000
     353405.000 ns	     35339	80007298	e00d1053	fclass.s	x0,f26	 f26:0xcf7fffff
     353435.000 ns	     35342	8000729c	205692d3	fsgnjn.s	f5,f13,f5	 f13:0x4735045f  f5:0x00000000  f5=0xc735045f
     353455.000 ns	     35344	800072a0	ac596713	ori	x14,x18,-1339	 x18:0x00000000 x14=0xfffffac5
     353475.000 ns	     35346	800072a4	02d109b3	mul	x19,x2,x13	  x2:0x00000000 x13:0x00000003 x19=0x00000000
     353505.000 ns	     35349	800072a8	033be3b3	rem	x7,x23,x19	 x23:0x5d146802 x19:0x00000000  x7=0x5d146802
     353525.000 ns	     35351	800072ac	0169d633	srl	x12,x19,x22	 x19:0x00000000 x22:0x00000003 x12=0x00000000
     353535.000 ns	     35352	800072b0	01d3bab3	sltu	x21,x7,x29	  x7:0x5d146802 x29:0x00000000 x21=0x00000000
     353555.000 ns	     35354	800072b4	03ab0cb3	mul	x25,x22,x26	 x22:0x00000003 x26:0x00000020 x25=0x00000060
     353585.000 ns	     35357	800072b8	e00694d3	fclass.s	x9,f13	 f13:0x4735045f  x9=0x00000040
     353605.000 ns	     35359	800072bc	01149d93	slli	x27,x9,0x11	  x9:0x80041024 x27=0x00800000
     353615.000 ns	     35360	800072c0	0813f317	auipc	x6,0x813f	  x6=0x881462c0
     353635.000 ns	     35362	800072c4	207010d3	fsgnjn.s	f1,f0,f7	  f0:0xecebdc45  f7:0x00000000  f1=0xecebdc45
     353665.000 ns	     35365	800072c8	e0021cd3	fclass.s	x25,f4	  f4:0x4735045f x25=0x00000040
     353685.000 ns	     35367	800072cc	00000013	addi	x0,x0,0	  x0:0x00000000
     353695.000 ns	     35368	800072d0	01989513	slli	x10,x17,0x19	 x17:0x80040ffd x10=0xfa000000
     353705.000 ns	     35369	800072d4	1a08e513	ori	x10,x17,416	 x17:0x80040ffd x10=0x80040ffd
     353715.000 ns	     35370	800072d8	2394ae93	slti	x29,x9,569	  x9:0x00000040 x29=0x00000001
     353735.000 ns	     35372	800072dc	037ca533	mulhsu	x10,x25,x23	 x25:0x00000040 x23:0x5d146802 x10=0x00000017
     353755.000 ns	     35374	800072e0	007cd633	srl	x12,x25,x7	 x25:0x00000040  x7:0x5d146802 x12=0x00000010
     353765.000 ns	     35375	800072e4	8754b113	sltiu	x2,x9,-1931	  x9:0x00000040  x2=0x00000001
     353785.000 ns	     35377	800072e8	a0692353	feq.s	x6,f18,f6	 f18:0x7fc00000  f6:0x4eba28d0  x6=0x00000000
     353815.000 ns	     35380	800072ec	a0dd03d3	fle.s	x7,f26,f13	 f26:0xcf7fffff f13:0x4735045f  x7=0x00000001
     353845.000 ns	     35383	800072f0	e00d09d3	fmv.x.w	x19,f26	 f26:0xcf7fffff x19=0xcf7fffff
     353865.000 ns	     35385	800072f4	53a2bf13	sltiu	x30,x5,1338	  x5:0x00000000 x30=0x00000001
     353875.000 ns	     35386	800072f8	beb38093	addi	x1,x7,-1045	  x7:0x00000001  x1=0xfffffbec
     353885.000 ns	     35387	800072fc	3413fb93	andi	x23,x7,833	  x7:0x00000001 x23=0x00000001
     353895.000 ns	     35388	80007300	00000013	addi	x0,x0,0	  x0:0x00000000
     353905.000 ns	     35389	80007304	0012db33	srl	x22,x5,x1	  x5:0x00000000  x1:0xfffffbec x22=0x00000000
     353915.000 ns	     35390	80007308	01569293	slli	x5,x13,0x15	 x13:0x00000003  x5=0x00600000
     353935.000 ns	     35392	8000730c	a02d29d3	feq.s	x19,f26,f2	 f26:0xcf7fffff  f2:0x4e657140 x19=0x00000000
     353965.000 ns	     35395	80007310	c00cad53	fcvt.w.s	x26,f25	 f25:0x7fc00000 x26=0x7fffffff
     353985.000 ns	     35397	80007314	00b29f13	slli	x30,x5,0xb	  x5:0x00600000 x30=0x00000000
     353995.000 ns	     35398	80007318	00b02233	slt	x4,x0,x11	  x0:0x00000000 x11:0x00000000  x4=0x00000000
     354015.000 ns	     35400	8000731c	a0f99d53	flt.s	x26,f19,f15	 f19:0x3f800000 f15:0x442e4000 x26=0x00000001
     354045.000 ns	     35403	80007320	02238c33	mul	x24,x7,x2	  x7:0x00000001  x2:0x00000001 x24=0x00000001
     354075.000 ns	     35406	80007324	28921fd3	fmax.s	f31,f4,f9	  f4:0x4735045f  f9:0x42800000 f31=0x4735045f
     354095.000 ns	     35408	80007328	8dd4bf93	sltiu	x31,x9,-1827	  x9:0x00000040 x31=0x00000001
     354115.000 ns	     35410	8000732c	0321fc33	remu	x24,x3,x18	  x3:0x00000000 x18:0x00000000 x24=0x00000000
     354145.000 ns	     35413	80007330	a0681ed3	flt.s	x29,f16,f6	 f16:0xecebdc46  f6:0x4eba28d0 x29=0x00000001
     354175.000 ns	     35416	80007334	a0748153	fle.s	x2,f9,f7	  f9:0x42800000  f7:0x00000000  x2=0x00000000
     354215.000 ns	     35420	80007338	1198b653	fmul.s	f12,f17,f25	 f17:0xffc00000 f25:0x7fc00000 f12=0x7fc00000
     354245.000 ns	     35423	8000733c	21e589d3	fsgnj.s	f19,f11,f30	 f11:0x4f34b4b4 f30:0xd6cfa3c8 f19=0xcf34b4b4
     354265.000 ns	     35425	80007340	00d91913	slli	x18,x18,0xd	 x18:0x00000000 x18=0x00000000
     354285.000 ns	     35427	80007344	0234deb3	divu	x29,x9,x3	  x9:0x00000040  x3:0x00000000 x29=0xffffffff
     354315.000 ns	     35430	80007348	a0cb2553	feq.s	x10,f22,f12	 f22:0x7fc00000 f12:0x7fc00000 x10=0x00000000
     354345.000 ns	     35433	8000734c	a1139053	flt.s	x0,f7,f17	  f7:0x00000000 f17:0xffc00000
     354365.000 ns	     35435	80007350	01b2c833	xor	x16,x5,x27	  x5:0x00600000 x27:0x00800000 x16=0x00e00000
     354375.000 ns	     35436	80007354	00c39d33	sll	x26,x7,x12	  x7:0x00000001 x12:0x00000010 x26=0x00010000
     354395.000 ns	     35438	80007358	a01390d3	flt.s	x1,f7,f1	  f7:0x00000000  f1:0xecebdc45  x1=0x00000000
     354415.000 ns	     35440	8000735c	41a65eb3	sra	x29,x12,x26	 x12:0x00000010 x26:0x00000001 x29=0x00000010
     354425.000 ns	     35441	80007360	0149d533	srl	x10,x19,x20	 x19:0x00000000 x20:0x80041024 x10=0x00000000
     354465.000 ns	     35445	80007364	00282f53	fadd.s	f30,f16,f2	 f16:0xecebdc46  f2:0x4e657140 f30=0xecebdc46
     354495.000 ns	     35448	80007368	022ee8b3	rem	x17,x29,x2	 x29:0x00000010  x2:0x00000000 x17=0x00000010
     354865.000 ns	     35485	8000736c	0307e4b3	rem	x9,x15,x16	 x15:0x80040fe4 x16:0x00e00000  x9=0xffc40fe4
     354885.000 ns	     35487	80007370	00dc28b3	slt	x17,x24,x13	 x24:0x00000000 x13:0x00000003 x17=0x00000001
     354895.000 ns	     35488	80007374	015a4eb3	xor	x29,x20,x21	 x20:0x80041024 x21:0x00000000 x29=0x80041024
     354915.000 ns	     35490	80007378	d00bf853	fcvt.s.w	f16,x23	 x23:0x00000001 f16=0x3f800000
     355285.000 ns	     35527	8000737c	0276e333	rem	x6,x13,x7	 x13:0x00000003  x7:0x00000001  x6=0x00000000
     355315.000 ns	     35530	80007380	286f91d3	fmax.s	f3,f31,f6	 f31:0x4735045f  f6:0x4eba28d0  f3=0x4eba28d0
     355345.000 ns	     35533	80007384	299684d3	fmin.s	f9,f13,f25	 f13:0x4735045f f25:0x7fc00000  f9=0x4735045f
     355365.000 ns	     35535	80007388	00fefeb3	and	x29,x29,x15	 x29:0x80041024 x15:0x80040fe4 x29=0x80040024
     355375.000 ns	     35536	8000738c	390b2b13	slti	x22,x22,912	 x22:0x00000000 x22=0x00000001
     355395.000 ns	     35538	80007390	28f307d3	fmin.s	f15,f6,f15	  f6:0x4eba28d0 f15:0x442e4000 f15=0x442e4000
     355415.000 ns	     35540	80007394	40b50e33	sub	x28,x10,x11	 x10:0x00000000 x11:0x00000000 x28=0x00000000
     355775.000 ns	     35576	80007398	03b17933	remu	x18,x2,x27	  x2:0x00000000 x27:0x00800000 x18=0x00000000
     355805.000 ns	     35579	8000739c	021f15b3	mulh	x11,x30,x1	 x30:0x00000000  x1:0x00000000 x11=0x00000000
     356175.000 ns	     35616	800073a0	0345cbb3	div	x23,x11,x20	 x11:0x00000000 x20:0x80041024 x23=0x00000000
     356205.000 ns	     35619	800073a4	026f45b3	div	x11,x30,x6	 x30:0x00000000  x6:0x00000000 x11=0xffffffff
     356225.000 ns	     35621	800073a8	c3c44093	xori	x1,x8,-964	  x8:0xffffffff  x1=0x000003c3
     356245.000 ns	     35623	800073ac	c0132153	fcvt.wu.s	x2,f6	  f6:0x4eba28d0  x2=0x5d146800
     356265.000 ns	     35625	800073b0	68f34593	xori	x11,x6,1679	  x6:0x00000000 x11=0x0000068f
     356275.000 ns	     35626	800073b4	a9bbff13	andi	x30,x23,-1381	 x23:0x00000000 x30=0x00000000
     356285.000 ns	     35627	800073b8	00229493	slli	x9,x5,0x2	  x5:0x00600000  x9=0x01800000
     356295.000 ns	     35628	800073bc	8c064813	xori	x16,x12,-1856	 x12:0x00000010 x16=0xfffff8d0
     356325.000 ns	     35631	800073c0	11074653	fmul.s	f12,f14,f16	 f14:0xcf4fffff f16:0x3f800000 f12=0xcf500000
     356345.000 ns	     35633	800073c4	ad92a593	slti	x11,x5,-1319	  x5:0x00600000 x11=0x00000000
     356705.000 ns	     35669	800073c8	02f645b3	div	x11,x12,x15	 x12:0x00000010 x15:0x80040fe4 x11=0x00000000
     356735.000 ns	     35672	800073cc	e0018e53	fmv.x.w	x28,f3	  f3:0x4eba28d0 x28=0x4eba28d0
     357105.000 ns	     35709	800073d0	03c24ab3	div	x21,x4,x28	  x4:0x00000000 x28:0x00000000 x21=0x00000000
     357475.000 ns	     35746	800073d4	0300d2b3	divu	x5,x1,x16	  x1:0x000003c3 x16:0xfffff8d0  x5=0x00000000
     357505.000 ns	     35749	800073d8	29851253	fmax.s	f4,f10,f24	 f10:0xce8bae5f f24:0x5f4ffffb  f4=0x5f4ffffb
     357535.000 ns	     35752	800073dc	e0078153	fmv.x.w	x2,f15	 f15:0x442e4000  x2=0x442e4000
     357555.000 ns	     35754	800073e0	3498ec97	auipc	x25,0x3498e	 x25=0xb49953e0
     357575.000 ns	     35756	800073e4	28cc06d3	fmin.s	f13,f24,f12	 f24:0x5f4ffffb f12:0xcf500000 f13=0xcf500000
     357605.000 ns	     35759	800073e8	c004a153	fcvt.w.s	x2,f9	  f9:0x4735045f  x2=0x0000b504
     357625.000 ns	     35761	800073ec	00b64433	xor	x8,x12,x11	 x12:0x00000010 x11:0x00000000  x8=0x00000010
     357635.000 ns	     35762	800073f0	52201db7	lui	x27,0x52201	 x27=0x52201000
     357655.000 ns	     35764	800073f4	03bb2133	mulhsu	x2,x22,x27	 x22:0x00000001 x27:0x00800000  x2=0x00000000
     357685.000 ns	     35767	800073f8	d011c053	fcvt.s.wu	f0,x3	  x3:0x00000000  f0=0x00000000
     357725.000 ns	     35771	800073fc	11227bd3	fmul.s	f23,f4,f18	  f4:0x5f4ffffb f18:0x7fc00000 f23=0x7fc00000
     357755.000 ns	     35774	80007400	023f1bb3	mulh	x23,x30,x3	 x30:0x00000000  x3:0x00000000 x23=0x00000000
     357775.000 ns	     35776	80007404	01d584b3	add	x9,x11,x29	 x11:0x00000000 x29:0x80040024  x9=0x80040024
     357785.000 ns	     35777	80007408	41555d93	srai	x27,x10,0x15	 x10:0x00000000 x27=0x00000000
     357795.000 ns	     35778	8000740c	005cde13	srli	x28,x25,0x5	 x25:0xb49953e0 x28=0x05a4ca9f
     357815.000 ns	     35780	80007410	e00a09d3	fmv.x.w	x19,f20	 f20:0x3f800000 x19=0x3f800000
     357845.000 ns	     35783	80007414	034eb033	mulhu	x0,x29,x20	 x29:0x80040024 x20:0x80041024
     357875.000 ns	     35786	80007418	c00d45d3	fcvt.w.s	x11,f26	 f26:0xcf7fffff x11=0x80000000
     357895.000 ns	     35788	8000741c	59a96c93	ori	x25,x18,1434	 x18:0x00000000 x25=0x0000059a
     357905.000 ns	     35789	80007420	01474533	xor	x10,x14,x20	 x14:0xfffffac5 x20:0x80041024 x10=0x7ffbeae1
     357915.000 ns	     35790	80007424	01498133	add	x2,x19,x20	 x19:0x3f800000 x20:0x80041024  x2=0xbf841024
     357925.000 ns	     35791	80007428	40c85a93	srai	x21,x16,0xc	 x16:0xfffff8d0 x21=0xffffffff
     357945.000 ns	     35793	8000742c	c01df653	fcvt.wu.s	x12,f27	 f27:0x3f800000 x12=0x00000001
     357985.000 ns	     35797	80007430	1095abd3	fmul.s	f23,f11,f9	 f11:0x4f34b4b4  f9:0x4735045f f23=0x56ff8db2
     358355.000 ns	     35834	80007434	0332dfb3	divu	x31,x5,x19	  x5:0x00000000 x19:0x3f800000 x31=0x00000000
     358385.000 ns	     35837	80007438	02f92e33	mulhsu	x28,x18,x15	 x18:0x00000000 x15:0x80040fe4 x28=0x00000000
     358415.000 ns	     35840	8000743c	28888f53	fmin.s	f30,f17,f8	 f17:0xffc00000  f8:0xd6cfa455 f30=0xd6cfa455
     358445.000 ns	     35843	80007440	288b82d3	fmin.s	f5,f23,f8	 f23:0x56ff8db2  f8:0xd6cfa455  f5=0xd6cfa455
     358465.000 ns	     35845	80007444	017d8233	add	x4,x27,x23	 x27:0x00000000 x23:0x00000000  x4=0x00000000
     358825.000 ns	     35881	80007448	02dfc133	div	x2,x31,x13	 x31:0x00000000 x13:0x00000003  x2=0x00000000
     358855.000 ns	     35884	8000744c	29981e53	fmax.s	f28,f16,f25	 f16:0x3f800000 f25:0x7fc00000 f28=0x3f800000
     358875.000 ns	     35886	80007450	00f89213	slli	x4,x17,0xf	 x17:0x00000001  x4=0x00008000
     358895.000 ns	     35888	80007454	03fb2e33	mulhsu	x28,x22,x31	 x22:0x00000001 x31:0x00000000 x28=0x00000000
     358925.000 ns	     35891	80007458	291b94d3	fmax.s	f9,f23,f17	 f23:0x56ff8db2 f17:0xffc00000  f9=0x56ff8db2
     358945.000 ns	     35893	8000745c	01bade93	srli	x29,x21,0x1b	 x21:0xffffffff x29=0x0000001f
     359305.000 ns	     35929	80007460	030569b3	rem	x19,x10,x16	 x10:0x7ffbeae1 x16:0xfffff8d0 x19=0x000001f1
     359355.000 ns	     35934	80007464	003d74d3	fadd.s	f9,f26,f3	 f26:0xcf7fffff  f3:0x4eba28d0  f9=0xcf22eb97
     359385.000 ns	     35937	80007468	03369133	mulh	x2,x13,x19	 x13:0x00000003 x19:0x000001f1  x2=0x00000000
     359415.000 ns	     35940	8000746c	28ab9bd3	fmax.s	f23,f23,f10	 f23:0x56ff8db2 f10:0xce8bae5f f23=0x56ff8db2
     359435.000 ns	     35942	80007470	00ffcf33	xor	x30,x31,x15	 x31:0x00000000 x15:0x80040fe4 x30=0x80040fe4
     359445.000 ns	     35943	80007474	f14e6613	ori	x12,x28,-236	 x28:0x00000000 x12=0xffffff14
     359465.000 ns	     35945	80007478	d01c7053	fcvt.s.wu	f0,x24	 x24:0x00000000  f0=0x00000000
     359805.000 ns	     35979	8000747c	19411353	fdiv.s	f6,f2,f20	  f2:0x4e657140 f20:0x3f800000  f6=0x4e65708d
     359825.000 ns	     35981	80007480	40905c13	srai	x24,x0,0x9	  x0:0x00000000 x24=0x00000000
     359835.000 ns	     35982	80007484	00cb7033	and	x0,x22,x12	 x22:0x00000001 x12:0xffffff14
     359855.000 ns	     35984	80007488	21e49153	fsgnjn.s	f2,f9,f30	  f9:0xcf22eb97 f30:0xd6cfa455  f2=0x4f22eb97
     360225.000 ns	     36021	8000748c	03acf1b3	remu	x3,x25,x26	 x25:0x0000059a x26:0x00010000  x3=0x0000059a
     360255.000 ns	     36024	80007490	211aa253	fsgnjx.s	f4,f21,f17	 f21:0xffc00000 f17:0xffc00000  f4=0x7fc00000
     360285.000 ns	     36027	80007494	a1c51b53	flt.s	x22,f10,f28	 f10:0xce8bae5f f28:0x3f800000 x22=0x00000001
     360315.000 ns	     36030	80007498	f00c8453	fmv.w.x	f8,x25	 x25:0x0000059a  f8=0x0000059a
     360335.000 ns	     36032	8000749c	404280b3	sub	x1,x5,x4	  x5:0x00000000  x4:0x00008000  x1=0xffff8000
     360355.000 ns	     36034	800074a0	a1b82d53	feq.s	x26,f16,f27	 f16:0x3f800000 f27:0x3f800000 x26=0x00000001
     360385.000 ns	     36037	800074a4	032d5e33	divu	x28,x26,x18	 x26:0x00010000 x18:0x00000000 x28=0xffffffff
     360415.000 ns	     36040	800074a8	e0051f53	fclass.s	x30,f10	 f10:0xce8bae5f x30=0x00000002
     360445.000 ns	     36043	800074ac	c009fdd3	fcvt.w.s	x27,f19	 f19:0xcf34b4b4 x27=0x80000000
     360475.000 ns	     36046	800074b0	c0108d53	fcvt.wu.s	x26,f1	  f1:0xecebdc45 x26=0x00000000
     360505.000 ns	     36049	800074b4	c0067cd3	fcvt.w.s	x25,f12	 f12:0xcf500000 x25=0x80000000
     360525.000 ns	     36051	800074b8	400e5d93	srai	x27,x28,0x0	 x28:0xffffffff x27=0xffffffff
     360545.000 ns	     36053	800074bc	21cd9ed3	fsgnjn.s	f29,f27,f28	 f27:0x3f800000 f28:0x3f800000 f29=0xbf800000
     360575.000 ns	     36056	800074c0	03201433	mulh	x8,x0,x18	  x0:0x00000000 x18:0x00000000  x8=0x00000000
     360595.000 ns	     36058	800074c4	41aad593	srai	x11,x21,0x1a	 x21:0xffffffff x11=0xffffffff
     360615.000 ns	     36060	800074c8	02428bb3	mul	x23,x5,x4	  x5:0x00000000  x4:0x00008000 x23=0x00000000
     360635.000 ns	     36062	800074cc	001b82b3	add	x5,x23,x1	 x23:0x00000000  x1:0xffff8000  x5=0xffff8000
     360645.000 ns	     36063	800074d0	019cc8b3	xor	x17,x25,x25	 x25:0x80000000 x25:0x80000000 x17=0x00000000
     360665.000 ns	     36065	800074d4	0308b133	mulhu	x2,x17,x16	 x17:0x00000001 x16:0xfffff8d0  x2=0x00000000
     360695.000 ns	     36068	800074d8	c004aed3	fcvt.w.s	x29,f9	  f9:0xcf22eb97 x29=0x80000000
     360715.000 ns	     36070	800074dc	01e02733	slt	x14,x0,x30	  x0:0x00000000 x30:0x00000002 x14=0x00000001
     360735.000 ns	     36072	800074e0	20309453	fsgnjn.s	f8,f1,f3	  f1:0xecebdc45  f3:0x4eba28d0  f8=0xecebdc45
     360765.000 ns	     36075	800074e4	e00d9353	fclass.s	x6,f27	 f27:0x3f800000  x6=0x00000040
     360795.000 ns	     36078	800074e8	028b2533	mulhsu	x10,x22,x8	 x22:0x00000001  x8:0x00000000 x10=0x00000000
     360815.000 ns	     36080	800074ec	67f9b513	sltiu	x10,x19,1663	 x19:0x000001f1 x10=0x00000001
     360835.000 ns	     36082	800074f0	03ed9d33	mulh	x26,x27,x30	 x27:0xffffffff x30:0x00000002 x26=0xffffffff
     360865.000 ns	     36085	800074f4	a16394d3	flt.s	x9,f7,f22	  f7:0x00000000 f22:0x7fc00000  x9=0x00000000
     360905.000 ns	     36089	800074f8	58094b53	fsqrt.s	f22,f18	 f18:0x7fc00000 f22=0x7fc00000
     360925.000 ns	     36091	800074fc	41360d13	addi	x26,x12,1043	 x12:0xffffff14 x26=0x00000327
     360945.000 ns	     36093	80007500	e0001d53	fclass.s	x26,f0	  f0:0x00000000 x26=0x00000010
     360975.000 ns	     36096	80007504	d0008153	fcvt.s.w	f2,x1	  x1:0xffff8000  f2=0xc7000000
     361005.000 ns	     36099	80007508	288992d3	fmax.s	f5,f19,f8	 f19:0xcf34b4b4  f8:0xecebdc45  f5=0xcf34b4b4
     361025.000 ns	     36101	8000750c	e95f7ab7	lui	x21,0xe95f7	 x21=0xe95f7000
     362045.000 ns	     36203	80007510	58030453	fsqrt.s	f8,f6	  f6:0x4e65708d  f8=0x46a23d01
     362075.000 ns	     36206	80007514	28840f53	fmin.s	f30,f8,f8	  f8:0xecebdc45  f8:0xecebdc45 f30=0x46a23d01
     362105.000 ns	     36209	80007518	e00e0f53	fmv.x.w	x30,f28	 f28:0x3f800000 x30=0x3f800000
     362125.000 ns	     36211	8000751c	e26a8493	addi	x9,x21,-474	 x21:0xe95f7000  x9=0xe95f6e26
     362135.000 ns	     36212	80007520	0147bb33	sltu	x22,x15,x20	 x15:0x80040fe4 x20:0x80041024 x22=0x00000001
     362145.000 ns	     36213	80007524	ffb46b93	ori	x23,x8,-5	  x8:0x00000000 x23=0xfffffffb
     362155.000 ns	     36214	80007528	001ceab3	or	x21,x25,x1	 x25:0x80000000  x1:0xffff8000 x21=0xffff8000
     362175.000 ns	     36216	8000752c	e00f8953	fmv.x.w	x18,f31	 f31:0x4735045f x18=0x4735045f
     362195.000 ns	     36218	80007530	004c0333	add	x6,x24,x4	 x24:0x00000000  x4:0x00008000  x6=0x00008000
     362215.000 ns	     36220	80007534	213ead53	fsgnjx.s	f26,f29,f19	 f29:0xbf800000 f19:0xcf34b4b4 f26=0x3f800000
     362245.000 ns	     36223	80007538	c00afbd3	fcvt.w.s	x23,f21	 f21:0xffc00000 x23=0x7fffffff
     362285.000 ns	     36227	8000753c	5802b6d3	fsqrt.s	f13,f5	  f5:0xcf34b4b4 f13=0x7fc00000
     362315.000 ns	     36230	80007540	209b85d3	fsgnj.s	f11,f23,f9	 f23:0x56ff8db2  f9:0xcf22eb97 f11=0xd6ff8db2
     362335.000 ns	     36232	80007544	8e983ab7	lui	x21,0x8e983	 x21=0x8e983000
     362355.000 ns	     36234	80007548	c00e7e53	fcvt.w.s	x28,f28	 f28:0x3f800000 x28=0x00000001
     362405.000 ns	     36239	8000754c	0923c253	fsub.s	f4,f7,f18	  f7:0x00000000 f18:0x7fc00000  f4=0x7fc00000
     362435.000 ns	     36242	80007550	281a84d3	fmin.s	f9,f21,f1	 f21:0xffc00000  f1:0xecebdc45  f9=0xecebdc45
     362465.000 ns	     36245	80007554	02002fb3	mulhsu	x31,x0,x0	  x0:0x00000000  x0:0x00000000 x31=0x00000000
     362505.000 ns	     36249	80007558	10e27353	fmul.s	f6,f4,f14	  f4:0x7fc00000 f14:0xcf4fffff  f6=0x7fc00000
     362535.000 ns	     36252	8000755c	2184ac53	fsgnjx.s	f24,f9,f24	  f9:0xecebdc45 f24:0x5f4ffffb f24=0xecebdc45
     362555.000 ns	     36254	80007560	5b9f3817	auipc	x16,0x5b9f3	 x16=0xdb9fa560
     362575.000 ns	     36256	80007564	21382e53	fsgnjx.s	f28,f16,f19	 f16:0x3f800000 f19:0xcf34b4b4 f28=0xbf800000
     362605.000 ns	     36259	80007568	03223ab3	mulhu	x21,x4,x18	  x4:0x00008000 x18:0x4735045f x21=0x0000239a
     362635.000 ns	     36262	8000756c	a048af53	feq.s	x30,f17,f4	 f17:0xffc00000  f4:0x7fc00000 x30=0x00000000
     363005.000 ns	     36299	80007570	03d07cb3	remu	x25,x0,x29	  x0:0x00000000 x29:0x80000000 x25=0x00000000
     363025.000 ns	     36301	80007574	b870ac93	slti	x25,x1,-1145	  x1:0xffff8000 x25=0x00000001
     363035.000 ns	     36302	80007578	0000fd33	and	x26,x1,x0	  x1:0xffff8000  x0:0x00000000 x26=0x00000000
     363055.000 ns	     36304	8000757c	c00e73d3	fcvt.w.s	x7,f28	 f28:0xbf800000  x7=0x00000001
     363075.000 ns	     36306	80007580	001b8fb3	add	x31,x23,x1	 x23:0x7fffffff  x1:0xffff8000 x31=0x7fff7fff
     363115.000 ns	     36310	80007584	0910a753	fsub.s	f14,f1,f17	  f1:0xecebdc45 f17:0xffc00000 f14=0x7fc00000
     363455.000 ns	     36344	80007588	1982f5d3	fdiv.s	f11,f5,f24	  f5:0xcf34b4b4 f24:0xecebdc45 f11=0x21b4b4b4
     363475.000 ns	     36346	8000758c	1fb83e13	sltiu	x28,x16,507	 x16:0xdb9fa560 x28=0x00000000
     363505.000 ns	     36349	80007590	19070053	fdiv.s	f0,f14,f16	 f14:0x7fc00000 f16:0x3f800000  f0=0x7fc00000
     363535.000 ns	     36352	80007594	285485d3	fmin.s	f11,f9,f5	  f9:0xecebdc45  f5:0xcf34b4b4 f11=0xecebdc45
     363565.000 ns	     36355	80007598	02340333	mul	x6,x8,x3	  x8:0x00000000  x3:0x0000059a  x6=0x00000000
     363585.000 ns	     36357	8000759c	002e5913	srli	x18,x28,0x2	 x28:0x00000000 x18=0x00000000
     363595.000 ns	     36358	800075a0	00a11d93	slli	x27,x2,0xa	  x2:0x00000000 x27=0x00000000
     363605.000 ns	     36359	800075a4	b52d3437	lui	x8,0xb52d3	  x8=0xb52d3000
     363625.000 ns	     36361	800075a8	f00f09d3	fmv.w.x	f19,x30	 x30:0x00000000 f19=0x00000000
     363645.000 ns	     36363	800075ac	017d7b33	and	x22,x26,x23	 x26:0x00000000 x23:0x7fffffff x22=0x00000000
     364005.000 ns	     36399	800075b0	02545ab3	divu	x21,x8,x5	  x8:0xb52d3000  x5:0xffff8000 x21=0x00000000
     364025.000 ns	     36401	800075b4	098d6913	ori	x18,x26,152	 x26:0x00000000 x18=0x00000098
     364035.000 ns	     36402	800075b8	00707bb3	and	x23,x0,x7	  x0:0x00000000  x7:0x00000001 x23=0x00000000
     364395.000 ns	     36438	800075bc	032d7033	remu	x0,x26,x18	 x26:0x00000000 x18:0x00000000
     364425.000 ns	     36441	800075c0	28a49c53	fmax.s	f24,f9,f10	  f9:0xecebdc45 f10:0xce8bae5f f24=0xce8bae5f
     364455.000 ns	     36444	800075c4	a0828fd3	fle.s	x31,f5,f8	  f5:0xcf34b4b4  f8:0x46a23d01 x31=0x00000001
     364475.000 ns	     36446	800075c8	409c0cb3	sub	x25,x24,x9	 x24:0x00000000  x9:0xe95f6e26 x25=0x16a091da
     364495.000 ns	     36448	800075cc	a10903d3	fle.s	x7,f18,f16	 f18:0x7fc00000 f16:0x3f800000  x7=0x00000000
     364515.000 ns	     36450	800075d0	0040d813	srli	x16,x1,0x4	  x1:0xffff8000 x16=0x0ffff800
     364535.000 ns	     36452	800075d4	e00689d3	fmv.x.w	x19,f13	 f13:0x7fc00000 x19=0x7fc00000
     364565.000 ns	     36455	800075d8	a181afd3	feq.s	x31,f3,f24	  f3:0x4eba28d0 f24:0xce8bae5f x31=0x00000000
     364585.000 ns	     36457	800075dc	bd473413	sltiu	x8,x14,-1068	 x14:0x00000001  x8=0x00000001
     365755.000 ns	     36574	800075e0	580435d3	fsqrt.s	f11,f8	  f8:0x46a23d01 f11=0x43101aee
     365775.000 ns	     36576	800075e4	257450b7	lui	x1,0x25745	  x1=0x25745000
     365785.000 ns	     36577	800075e8	401e82b3	sub	x5,x29,x1	 x29:0x80000000  x1:0xffff8000  x5=0x5a8bb000
     365805.000 ns	     36579	800075ec	024b0533	mul	x10,x22,x4	 x22:0x00000000  x4:0x00008000 x10=0x00000000
     365835.000 ns	     36582	800075f0	20439c53	fsgnjn.s	f24,f7,f4	  f7:0x00000000  f4:0x7fc00000 f24=0x80000000
     365865.000 ns	     36585	800075f4	a00598d3	flt.s	x17,f11,f0	 f11:0x43101aee  f0:0x7fc00000 x17=0x00000000
     365905.000 ns	     36589	800075f8	187f2fd3	fdiv.s	f31,f30,f7	 f30:0x46a23d01  f7:0x00000000 f31=0x7f800000
     365925.000 ns	     36591	800075fc	00b914b3	sll	x9,x18,x11	 x18:0x00000098 x11:0xffffffff  x9=0x00000000
     365935.000 ns	     36592	80007600	401c5013	srai	x0,x24,0x1	 x24:0x00000000
     365945.000 ns	     36593	80007604	001ad3b3	srl	x7,x21,x1	 x21:0x00000000  x1:0x25745000  x7=0x00000000
     365955.000 ns	     36594	80007608	009828b3	slt	x17,x16,x9	 x16:0x0ffff800  x9:0x00000000 x17=0x00000000
     365975.000 ns	     36596	8000760c	28888f53	fmin.s	f30,f17,f8	 f17:0xffc00000  f8:0x46a23d01 f30=0x46a23d01
     365995.000 ns	     36598	80007610	01e6f2b3	and	x5,x13,x30	 x13:0x00000003 x30:0x00000000  x5=0x00000000
     366005.000 ns	     36599	80007614	7bd14993	xori	x19,x2,1981	  x2:0x00000000 x19=0x000007bd
     366015.000 ns	     36600	80007618	08ccdeb7	lui	x29,0x8ccd	 x29=0x08ccd000
     366025.000 ns	     36601	8000761c	018d1413	slli	x8,x26,0x18	 x26:0x00000000  x8=0x00000000
     366035.000 ns	     36602	80007620	c0ab6117	auipc	x2,0xc0ab6	  x2=0x40abd620
     366055.000 ns	     36604	80007624	025f82b3	mul	x5,x31,x5	 x31:0x00000000  x5:0x00000000  x5=0x00000000
     366085.000 ns	     36607	80007628	e0049553	fclass.s	x10,f9	  f9:0xecebdc45 x10=0x00000002
     366115.000 ns	     36610	8000762c	a1ff03d3	fle.s	x7,f30,f31	 f30:0x46a23d01 f31:0x7f800000  x7=0x00000001
     366145.000 ns	     36613	80007630	021a0833	mul	x16,x20,x1	 x20:0x80041024  x1:0x25745000 x16=0xc95b4000
     366175.000 ns	     36616	80007634	a06b2e53	feq.s	x28,f22,f6	 f22:0x7fc00000  f6:0x7fc00000 x28=0x00000000
     366195.000 ns	     36618	80007638	007d0b33	add	x22,x26,x7	 x26:0x00000000  x7:0x00000001 x22=0x00000001
     366555.000 ns	     36654	8000763c	02b4ffb3	remu	x31,x9,x11	  x9:0x00000000 x11:0xffffffff x31=0x00000000
     366585.000 ns	     36657	80007640	d005ff53	fcvt.s.w	f30,x11	 x11:0xffffffff f30=0xbf800000
     366615.000 ns	     36660	80007644	d003f153	fcvt.s.w	f2,x7	  x7:0x00000001  f2=0x3f800000
     366655.000 ns	     36664	80007648	10861c53	fmul.s	f24,f12,f8	 f12:0xcf500000  f8:0x46a23d01 f24=0xd683d190
     366685.000 ns	     36667	8000764c	29d39a53	fmax.s	f20,f7,f29	  f7:0x00000000 f29:0xbf800000 f20=0x00000000
     366705.000 ns	     36669	80007650	01a3aab3	slt	x21,x7,x26	  x7:0x00000001 x26:0x00000000 x21=0x00000000
     366725.000 ns	     36671	80007654	03a3cfb3	div	x31,x7,x26	  x7:0x00000001 x26:0x00000000 x31=0xffffffff
     366745.000 ns	     36673	80007658	01f52bb3	slt	x23,x10,x31	 x10:0x00000002 x31:0x00000000 x23=0x00000000
     366755.000 ns	     36674	8000765c	00f70933	add	x18,x14,x15	 x14:0x00000001 x15:0x80040fe4 x18=0x80040fe5
     366765.000 ns	     36675	80007660	404e8633	sub	x12,x29,x4	 x29:0x08ccd000  x4:0x00008000 x12=0x08cc5000
     366785.000 ns	     36677	80007664	21c39bd3	fsgnjn.s	f23,f7,f28	  f7:0x00000000 f28:0xbf800000 f23=0x00000000
     366805.000 ns	     36679	80007668	0122a633	slt	x12,x5,x18	  x5:0x00000000 x18:0x80040fe5 x12=0x00000000
     366825.000 ns	     36681	8000766c	020b30b3	mulhu	x1,x22,x0	 x22:0x00000001  x0:0x00000000  x1=0x00000000
     366875.000 ns	     36686	80007670	0962f6d3	fsub.s	f13,f5,f22	  f5:0xcf34b4b4 f22:0x7fc00000 f13=0x7fc00000
     366895.000 ns	     36688	80007674	00dc8cb3	add	x25,x25,x13	 x25:0x16a091da x13:0x00000003 x25=0x16a091dd
     366915.000 ns	     36690	80007678	a1fd8653	fle.s	x12,f27,f31	 f27:0x3f800000 f31:0x7f800000 x12=0x00000001
     366935.000 ns	     36692	8000767c	34183d13	sltiu	x26,x16,833	 x16:0xc95b4000 x26=0x00000000
     366955.000 ns	     36694	80007680	03e53033	mulhu	x0,x10,x30	 x10:0x00000002 x30:0x00000000
     366985.000 ns	     36697	80007684	29079553	fmax.s	f10,f15,f16	 f15:0x442e4000 f16:0x3f800000 f10=0x442e4000
     367015.000 ns	     36700	80007688	d00972d3	fcvt.s.w	f5,x18	 x18:0x80040fe5  f5=0xcefff7e0
     367035.000 ns	     36702	8000768c	c7633613	sltiu	x12,x6,-906	  x6:0x00000000 x12=0x00000001
     367045.000 ns	     36703	80007690	db0b7d13	andi	x26,x22,-592	 x22:0x00000001 x26=0x00000000
     367055.000 ns	     36704	80007694	01ca9c33	sll	x24,x21,x28	 x21:0x00000000 x28:0x00000000 x24=0x00000000
     367065.000 ns	     36705	80007698	e660ab13	slti	x22,x1,-410	  x1:0x00000000 x22=0x00000000
     367075.000 ns	     36706	8000769c	33703213	sltiu	x4,x0,823	  x0:0x00000000  x4=0x00000001
     367085.000 ns	     36707	800076a0	ac426c13	ori	x24,x4,-1340	  x4:0x00008000 x24=0xfffffac5
     367415.000 ns	     36740	800076a4	198c7ad3	fdiv.s	f21,f24,f24	 f24:0xd683d190 f24:0xd683d190 f21=0x3f03d190
     367435.000 ns	     36742	800076a8	740b8313	addi	x6,x23,1856	 x23:0x00000000  x6=0x00000740
     367795.000 ns	     36778	800076ac	03945533	divu	x10,x8,x25	  x8:0x00000000 x25:0x16a091dd x10=0x00000000
     367825.000 ns	     36781	800076b0	a1971bd3	flt.s	x23,f14,f25	 f14:0x7fc00000 f25:0x7fc00000 x23=0x00000000
     367845.000 ns	     36783	800076b4	419adfb3	sra	x31,x21,x25	 x21:0x00000000 x25:0x16a091dd x31=0x00000000
     367885.000 ns	     36787	800076b8	08ef7e53	fsub.s	f28,f30,f14	 f30:0xbf800000 f14:0x7fc00000 f28=0x7fc00000
     367905.000 ns	     36789	800076bc	01aa0eb3	add	x29,x20,x26	 x20:0x80041024 x26:0x00000000 x29=0x80041024
     367925.000 ns	     36791	800076c0	a17b1653	flt.s	x12,f22,f23	 f22:0x7fc00000 f23:0x00000000 x12=0x00000000
     367955.000 ns	     36794	800076c4	02937133	remu	x2,x6,x9	  x6:0x00000740  x9:0x00000000  x2=0x00000740
     367985.000 ns	     36797	800076c8	a0d49853	flt.s	x16,f9,f13	  f9:0xecebdc45 f13:0x7fc00000 x16=0x00000000
     368005.000 ns	     36799	800076cc	4025d9b3	sra	x19,x11,x2	 x11:0xffffffff  x2:0x00000740 x19=0xffffffff
     368015.000 ns	     36800	800076d0	011f4e33	xor	x28,x30,x17	 x30:0x00000000 x17:0x00000000 x28=0x00000000
     368035.000 ns	     36802	800076d4	c012fed3	fcvt.wu.s	x29,f5	  f5:0xcefff7e0 x29=0x7ffbf000
     368065.000 ns	     36805	800076d8	c004f453	fcvt.w.s	x8,f9	  f9:0xecebdc45  x8=0x80000000
     368085.000 ns	     36807	800076dc	00fa0033	add	x0,x20,x15	 x20:0x80041024 x15:0x80040fe4
     368095.000 ns	     36808	800076e0	003b11b3	sll	x3,x22,x3	 x22:0x00000000  x3:0x0000059a  x3=0x00000000
     368455.000 ns	     36844	800076e4	03205bb3	divu	x23,x0,x18	  x0:0x00000000 x18:0x80040fe5 x23=0x00000000
     368495.000 ns	     36848	800076e8	199199d3	fdiv.s	f19,f3,f25	  f3:0x4eba28d0 f25:0x7fc00000 f19=0x7fc00000
     368515.000 ns	     36850	800076ec	f2af4b17	auipc	x22,0xf2af4	 x22=0x72afb6ec
     368545.000 ns	     36853	800076f0	19967953	fdiv.s	f18,f12,f25	 f12:0xcf500000 f25:0x7fc00000 f18=0x7fc00000
     368565.000 ns	     36855	800076f4	0069f4b3	and	x9,x19,x6	 x19:0xffffffff  x6:0x00000740  x9=0x00000740
     368575.000 ns	     36856	800076f8	019c83b3	add	x7,x25,x25	 x25:0x16a091dd x25:0x16a091dd  x7=0x2d4123ba
     368615.000 ns	     36860	800076fc	0858f153	fsub.s	f2,f17,f5	 f17:0xffc00000  f5:0xcefff7e0  f2=0x7fc00000
     368635.000 ns	     36862	80007700	bb13f513	andi	x10,x7,-1103	  x7:0x00000001 x10=0x2d4123b0
     368645.000 ns	     36863	80007704	6bb82837	lui	x16,0x6bb82	 x16=0x6bb82000
     368665.000 ns	     36865	80007708	c01c75d3	fcvt.wu.s	x11,f24	 f24:0xd683d190 x11=0x00000000
     368695.000 ns	     36868	8000770c	d003be53	fcvt.s.w	f28,x7	  x7:0x2d4123ba f28=0x4e35048f
     368715.000 ns	     36870	80007710	40e20733	sub	x14,x4,x14	  x4:0x00000001 x14:0x00000001 x14=0x00000000
     368735.000 ns	     36872	80007714	0375e333	rem	x6,x11,x23	 x11:0x00000000 x23:0x00000000  x6=0x00000000
     368755.000 ns	     36874	80007718	00245cb3	srl	x25,x8,x2	  x8:0x80000000  x2:0x00000740 x25=0x80000000
     368775.000 ns	     36876	8000771c	209d2d53	fsgnjx.s	f26,f26,f9	 f26:0x3f800000  f9:0xecebdc45 f26=0xbf800000
     368795.000 ns	     36878	80007720	00265eb3	srl	x29,x12,x2	 x12:0x00000000  x2:0x00000740 x29=0x00000000
     368815.000 ns	     36880	80007724	20fc1a53	fsgnjn.s	f20,f24,f15	 f24:0xd683d190 f15:0x442e4000 f20=0xd683d190
     368835.000 ns	     36882	80007728	4c34a113	slti	x2,x9,1219	  x9:0x00000740  x2=0x00000000
     368855.000 ns	     36884	8000772c	e0070853	fmv.x.w	x16,f14	 f14:0x7fc00000 x16=0x7fc00000
     368875.000 ns	     36886	80007730	35286493	ori	x9,x16,850	 x16:0x6bb82000  x9=0x7fc00352
     368885.000 ns	     36887	80007734	01121393	slli	x7,x4,0x11	  x4:0x00000001  x7=0x00020000
     368905.000 ns	     36889	80007738	03f0eeb3	rem	x29,x1,x31	  x1:0x00000000 x31:0x00000000 x29=0x00000000
     369275.000 ns	     36926	8000773c	0342c5b3	div	x11,x5,x20	  x5:0x00000000 x20:0x80041024 x11=0x00000000
     369295.000 ns	     36928	80007740	418d5db3	sra	x27,x26,x24	 x26:0x00000000 x24:0xfffffac5 x27=0x00000000
     369315.000 ns	     36930	80007744	2010a3d3	fsgnjx.s	f7,f1,f1	  f1:0xecebdc45  f1:0xecebdc45  f7=0x6cebdc45
     369335.000 ns	     36932	80007748	39043593	sltiu	x11,x8,912	  x8:0x80000000 x11=0x00000000
     369355.000 ns	     36934	8000774c	02b3ceb3	div	x29,x7,x11	  x7:0x00020000 x11:0x00000000 x29=0xffffffff
     369385.000 ns	     36937	80007750	03ec2eb3	mulhsu	x29,x24,x30	 x24:0xfffffac5 x30:0x00000000 x29=0x00000000
     369405.000 ns	     36939	80007754	01cc5f93	srli	x31,x24,0x1c	 x24:0xfffffac5 x31=0x0000000f
     369415.000 ns	     36940	80007758	0052b5b3	sltu	x11,x5,x5	  x5:0x00000000  x5:0x00000000 x11=0x00000000
     369425.000 ns	     36941	8000775c	5792a193	slti	x3,x5,1401	  x5:0x00000000  x3=0x00000001
     369465.000 ns	     36945	80007760	01a1a653	fadd.s	f12,f3,f26	  f3:0x4eba28d0 f26:0xbf800000 f12=0x4eba28cf
     369485.000 ns	     36947	80007764	03763b13	sltiu	x22,x12,55	 x12:0x00000000 x22=0x00000001
     369495.000 ns	     36948	80007768	91913913	sltiu	x18,x2,-1767	  x2:0x00000000 x18=0x00000001
     369515.000 ns	     36950	8000776c	03fa2ab3	mulhsu	x21,x20,x31	 x20:0x80041024 x31:0x0000000f x21=0xfffffff8
     369565.000 ns	     36955	80007770	09dba053	fsub.s	f0,f23,f29	 f23:0x00000000 f29:0xbf800000  f0=0x3f800000
     369585.000 ns	     36957	80007774	01328fb3	add	x31,x5,x19	  x5:0x00000000 x19:0xffffffff x31=0xffffffff
     369595.000 ns	     36958	80007778	40b65533	sra	x10,x12,x11	 x12:0x00000000 x11:0x00000000 x10=0x00000000
     369605.000 ns	     36959	8000777c	0136b5b3	sltu	x11,x13,x19	 x13:0x00000003 x19:0xffffffff x11=0x00000001
     369645.000 ns	     36963	80007780	080d8453	fsub.s	f8,f27,f0	 f27:0x3f800000  f0:0x3f800000  f8=0x80000000
     369675.000 ns	     36966	80007784	03be0933	mul	x18,x28,x27	 x28:0x00000000 x27:0x00000000 x18=0x00000000
     369705.000 ns	     36969	80007788	022a5e33	divu	x28,x20,x2	 x20:0x80041024  x2:0x00000000 x28=0xffffffff
     369735.000 ns	     36972	8000778c	214591d3	fsgnjn.s	f3,f11,f20	 f11:0x43101aee f20:0xd683d190  f3=0x43101aee
     369755.000 ns	     36974	80007790	015655b3	srl	x11,x12,x21	 x12:0x00000000 x21:0xfffffff8 x11=0x00000000
     369775.000 ns	     36976	80007794	e00d1e53	fclass.s	x28,f26	 f26:0xbf800000 x28=0x00000002
     369795.000 ns	     36978	80007798	00d90133	add	x2,x18,x13	 x18:0x00000000 x13:0x00000003  x2=0x00000003
     369825.000 ns	     36981	8000779c	18b6fa53	fdiv.s	f20,f13,f11	 f13:0x7fc00000 f11:0x43101aee f20=0x7fc00000
     369875.000 ns	     36986	800077a0	00ae77d3	fadd.s	f15,f28,f10	 f28:0x4e35048f f10:0x442e4000 f15=0x4e350499
     370245.000 ns	     37023	800077a4	03887c33	remu	x24,x16,x24	 x16:0x7fc00000 x24:0xfffffac5 x24=0x7fc00000
     370265.000 ns	     37025	800077a8	00be9393	slli	x7,x29,0xb	 x29:0x00000000  x7=0x00000000
     370275.000 ns	     37026	800077ac	1c4ef913	andi	x18,x29,452	 x29:0x00000000 x18=0x00000000
     370285.000 ns	     37027	800077b0	016cb5b3	sltu	x11,x25,x22	 x25:0x80000000 x22:0x00000001 x11=0x00000000
     370645.000 ns	     37063	800077b4	023d6e33	rem	x28,x26,x3	 x26:0x00000000  x3:0x00000001 x28=0x00000000
     370675.000 ns	     37066	800077b8	d012f553	fcvt.s.wu	f10,x5	  x5:0x00000000 f10=0x00000000
     370695.000 ns	     37068	800077bc	41475233	sra	x4,x14,x20	 x14:0x00000000 x20:0x80041024  x4=0x00000000
     370715.000 ns	     37070	800077c0	e00e12d3	fclass.s	x5,f28	 f28:0x4e35048f  x5=0x00000040
     370745.000 ns	     37073	800077c4	02ff90b3	mulh	x1,x31,x15	 x31:0xffffffff x15:0x80040fe4  x1=0x00000000
     370765.000 ns	     37075	800077c8	6ca5eb13	ori	x22,x11,1738	 x11:0x00000000 x22=0x000006ca
     370795.000 ns	     37078	800077cc	18ebf9d3	fdiv.s	f19,f23,f14	 f23:0x00000000 f14:0x7fc00000 f19=0x7fc00000
     370825.000 ns	     37081	800077d0	29458153	fmin.s	f2,f11,f20	 f11:0x43101aee f20:0x7fc00000  f2=0x43101aee
     370845.000 ns	     37083	800077d4	010459b3	srl	x19,x8,x16	  x8:0x80000000 x16:0x7fc00000 x19=0x80000000
     370865.000 ns	     37085	800077d8	20969953	fsgnjn.s	f18,f13,f9	 f13:0x7fc00000  f9:0xecebdc45 f18=0x7fc00000
     370895.000 ns	     37088	800077dc	d004f2d3	fcvt.s.w	f5,x9	  x9:0x7fc00352  f5=0x4eff8006
     370915.000 ns	     37090	800077e0	40b5d013	srai	x0,x11,0xb	 x11:0x00000000
     370925.000 ns	     37091	800077e4	01a8e3b3	or	x7,x17,x26	 x17:0x00000000 x26:0x00000000  x7=0x00000000
     370935.000 ns	     37092	800077e8	41fc03b3	sub	x7,x24,x31	 x24:0x7fc00000 x31:0xffffffff  x7=0x7fc00001
     370945.000 ns	     37093	800077ec	01404933	xor	x18,x0,x20	  x0:0x00000000 x20:0x80041024 x18=0x80041024
     370955.000 ns	     37094	800077f0	009e9233	sll	x4,x29,x9	 x29:0x00000000  x9:0x7fc00352  x4=0x00000000
     370965.000 ns	     37095	800077f4	b6788193	addi	x3,x17,-1177	 x17:0x00000000  x3=0xfffffb67
     370975.000 ns	     37096	800077f8	010e5093	srli	x1,x28,0x10	 x28:0x00000000  x1=0x00000000
     370985.000 ns	     37097	800077fc	001ed033	srl	x0,x29,x1	 x29:0x00000000  x1:0x00000000
     370995.000 ns	     37098	80007800	22d86e13	ori	x28,x16,557	 x16:0x7fc00000 x28=0x7fc0022d
     371015.000 ns	     37100	80007804	030badb3	mulhsu	x27,x23,x16	 x23:0x00000000 x16:0x7fc00000 x27=0x00000000
     371035.000 ns	     37102	80007808	015d7e33	and	x28,x26,x21	 x26:0x00000000 x21:0xfffffff8 x28=0x00000000
     371055.000 ns	     37104	8000780c	a1cb8dd3	fle.s	x27,f23,f28	 f23:0x00000000 f28:0x4e35048f x27=0x00000001
     371085.000 ns	     37107	80007810	d01fbb53	fcvt.s.wu	f22,x31	 x31:0xffffffff f22=0x4f800000
     371105.000 ns	     37109	80007814	aaad8913	addi	x18,x27,-1366	 x27:0x00000001 x18=0xfffffaab
     371125.000 ns	     37111	80007818	02efcb33	div	x22,x31,x14	 x31:0xffffffff x14:0x00000000 x22=0xffffffff
     371145.000 ns	     37113	8000781c	01ab18b3	sll	x17,x22,x26	 x22:0x000006ca x26:0x00000000 x17=0xffffffff
     371155.000 ns	     37114	80007820	dbbfa293	slti	x5,x31,-581	 x31:0xffffffff  x5=0x00000000
     371165.000 ns	     37115	80007824	002c9113	slli	x2,x25,0x2	 x25:0x80000000  x2=0x00000000
     371195.000 ns	     37118	80007828	58037053	fsqrt.s	f0,f6	  f6:0x7fc00000  f0=0x7fc00000
     371225.000 ns	     37121	8000782c	c01bc5d3	fcvt.wu.s	x11,f23	 f23:0x00000000 x11=0x00000000
     371245.000 ns	     37123	80007830	3e4b3513	sltiu	x10,x22,996	 x22:0xffffffff x10=0x00000000
     371605.000 ns	     37159	80007834	0386f633	remu	x12,x13,x24	 x13:0x00000003 x24:0x7fc00000 x12=0x00000003
     371625.000 ns	     37161	80007838	01d4cb33	xor	x22,x9,x29	  x9:0x7fc00352 x29:0x00000000 x22=0x7fc00352
     371635.000 ns	     37162	8000783c	0163a3b3	slt	x7,x7,x22	  x7:0x7fc00001 x22:0xffffffff  x7=0x00000001
     371645.000 ns	     37163	80007840	a0582c93	slti	x25,x16,-1531	 x16:0x7fc00000 x25=0x00000000
     371655.000 ns	     37164	80007844	40cb52b3	sra	x5,x22,x12	 x22:0x7fc00352 x12:0x00000003  x5=0x0ff8006a
     371675.000 ns	     37166	80007848	f00b0053	fmv.w.x	f0,x22	 x22:0x7fc00352  f0=0x7fc00352
     371695.000 ns	     37168	8000784c	019e7533	and	x10,x28,x25	 x28:0x00000000 x25:0x00000000 x10=0x00000000
     371705.000 ns	     37169	80007850	0035de13	srli	x28,x11,0x3	 x11:0x00000000 x28=0x00000000
     371725.000 ns	     37171	80007854	29669153	fmax.s	f2,f13,f22	 f13:0x7fc00000 f22:0x4f800000  f2=0x4f800000
     371755.000 ns	     37174	80007858	03cf3133	mulhu	x2,x30,x28	 x30:0x00000000 x28:0x00000000  x2=0x00000000
     371805.000 ns	     37179	8000785c	00c4f853	fadd.s	f16,f9,f12	  f9:0xecebdc45 f12:0x4eba28cf f16=0xecebdc45
     371835.000 ns	     37182	80007860	20f39f53	fsgnjn.s	f30,f7,f15	  f7:0x6cebdc45 f15:0x4e350499 f30=0xecebdc45
     371855.000 ns	     37184	80007864	408953b3	sra	x7,x18,x8	 x18:0xfffffaab  x8:0x80000000  x7=0xfffffaab
     371875.000 ns	     37186	80007868	2001a7d3	fsgnjx.s	f15,f3,f0	  f3:0x43101aee  f0:0x7fc00352 f15=0x43101aee
     371905.000 ns	     37189	8000786c	c0177cd3	fcvt.wu.s	x25,f14	 f14:0x7fc00000 x25=0xffffffff
     371945.000 ns	     37193	80007870	19834ed3	fdiv.s	f29,f6,f24	  f6:0x7fc00000 f24:0xd683d190 f29=0x7fc00000
     371965.000 ns	     37195	80007874	5f9e03b7	lui	x7,0x5f9e0	  x7=0x5f9e0000
     371975.000 ns	     37196	80007878	4e158837	lui	x16,0x4e158	 x16=0x4e158000
     372015.000 ns	     37200	8000787c	0156f0d3	fadd.s	f1,f13,f21	 f13:0x7fc00000 f21:0x3f03d190  f1=0x7fc00000
     372045.000 ns	     37203	80007880	020294b3	mulh	x9,x5,x0	  x5:0x0ff8006a  x0:0x00000000  x9=0x00000000
     372075.000 ns	     37206	80007884	e00118d3	fclass.s	x17,f2	  f2:0x4f800000 x17=0x00000040
     372125.000 ns	     37211	80007888	017fbbd3	fadd.s	f23,f31,f23	 f31:0x7f800000 f23:0x00000000 f23=0x7f800000
     372145.000 ns	     37213	8000788c	41ae80b3	sub	x1,x29,x26	 x29:0x00000000 x26:0x00000000  x1=0x00000000
     372165.000 ns	     37215	80007890	e00c9153	fclass.s	x2,f25	 f25:0x7fc00000  x2=0x00000200
     372185.000 ns	     37217	80007894	010c5d13	srli	x26,x24,0x10	 x24:0x7fc00000 x26=0x00007fc0
     372195.000 ns	     37218	80007898	003183b3	add	x7,x3,x3	  x3:0xfffffb67  x3:0xfffffb67  x7=0xfffff6ce
     372205.000 ns	     37219	8000789c	4ce1e593	ori	x11,x3,1230	  x3:0xfffffb67 x11=0xffffffef
     372215.000 ns	     37220	800078a0	b5ba0613	addi	x12,x20,-1189	 x20:0x80041024 x12=0x80040b7f
     372225.000 ns	     37221	800078a4	00af3533	sltu	x10,x30,x10	 x30:0x00000000 x10:0x00000000 x10=0x00000000
     372235.000 ns	     37222	800078a8	ecdac893	xori	x17,x21,-307	 x21:0xfffffff8 x17=0x00000135
     372265.000 ns	     37225	800078ac	10f900d3	fmul.s	f1,f18,f15	 f18:0x7fc00000 f15:0x43101aee  f1=0x7fc00000
     372295.000 ns	     37228	800078b0	03b591b3	mulh	x3,x11,x27	 x11:0xffffffef x27:0x00000001  x3=0xffffffff
     372315.000 ns	     37230	800078b4	00787eb3	and	x29,x16,x7	 x16:0x4e158000  x7:0xfffff6ce x29=0x4e158000
     372325.000 ns	     37231	800078b8	00b13d33	sltu	x26,x2,x11	  x2:0x00000200 x11:0xffffffef x26=0x00000001
     372335.000 ns	     37232	800078bc	de292f13	slti	x30,x18,-542	 x18:0xfffffaab x30=0x00000001
     372345.000 ns	     37233	800078c0	01e7d913	srli	x18,x15,0x1e	 x15:0x80040fe4 x18=0x00000002
     372385.000 ns	     37237	800078c4	098374d3	fsub.s	f9,f6,f24	  f6:0x7fc00000 f24:0xd683d190  f9=0x7fc00000
     372415.000 ns	     37240	800078c8	024094b3	mulh	x9,x1,x4	  x1:0x00000000  x4:0x00000000  x9=0x00000000
     372785.000 ns	     37277	800078cc	023945b3	div	x11,x18,x3	 x18:0x00000002  x3:0xffffffff x11=0xfffffffe
     372815.000 ns	     37280	800078d0	219f8e53	fsgnj.s	f28,f31,f25	 f31:0x7f800000 f25:0x7fc00000 f28=0x7f800000
     372845.000 ns	     37283	800078d4	d00074d3	fcvt.s.w	f9,x0	  x0:0x00000000  f9=0x00000000
     372865.000 ns	     37285	800078d8	6388e397	auipc	x7,0x6388e	  x7=0xe38958d8
     372875.000 ns	     37286	800078dc	a7dd2b93	slti	x23,x26,-1411	 x26:0x00000001 x23=0x00000000
     372895.000 ns	     37288	800078e0	03779533	mulh	x10,x15,x23	 x15:0x80040fe4 x23:0x00000000 x10=0x00000000
     372915.000 ns	     37290	800078e4	4179d8b3	sra	x17,x19,x23	 x19:0x80000000 x23:0x00000000 x17=0x80000000
     372935.000 ns	     37292	800078e8	021829b3	mulhsu	x19,x16,x1	 x16:0x4e158000  x1:0x00000000 x19=0x00000000
     372985.000 ns	     37297	800078ec	08cab553	fsub.s	f10,f21,f12	 f21:0x3f03d190 f12:0x4eba28cf f10=0xceba28ce
     373005.000 ns	     37299	800078f0	01aefab3	and	x21,x29,x26	 x29:0x4e158000 x26:0x00000001 x21=0x00000000
     373025.000 ns	     37301	800078f4	281711d3	fmax.s	f3,f14,f1	 f14:0x7fc00000  f1:0x7fc00000  f3=0x7fc00000
     373065.000 ns	     37305	800078f8	58084653	fsqrt.s	f12,f16	 f16:0xecebdc45 f12=0x7fc00000
     373085.000 ns	     37307	800078fc	014f3533	sltu	x10,x30,x20	 x30:0x00000001 x20:0x80041024 x10=0x00000001
     373095.000 ns	     37308	80007900	01494533	xor	x10,x18,x20	 x18:0x00000002 x20:0x80041024 x10=0x80041026
     373105.000 ns	     37309	80007904	4091db93	srai	x23,x3,0x9	  x3:0xffffffff x23=0xffffffff
     373125.000 ns	     37311	80007908	c01cc853	fcvt.wu.s	x16,f25	 f25:0x7fc00000 x16=0xffffffff
     373145.000 ns	     37313	8000790c	00924733	xor	x14,x4,x9	  x4:0x00000000  x9:0x00000000 x14=0x00000000
     373155.000 ns	     37314	80007910	00ba1133	sll	x2,x20,x11	 x20:0x80041024 x11:0xfffffffe  x2=0x00000000
     373165.000 ns	     37315	80007914	e8416337	lui	x6,0xe8416	  x6=0xe8416000
     373175.000 ns	     37316	80007918	0146c8b3	xor	x17,x13,x20	 x13:0x00000003 x20:0x80041024 x17=0x80041027
     373535.000 ns	     37352	8000791c	039bd433	divu	x8,x23,x25	 x23:0xffffffff x25:0xffffffff  x8=0x00000001
     373575.000 ns	     37356	80007920	580fb053	fsqrt.s	f0,f31	 f31:0x7f800000  f0=0x7f800000
     373605.000 ns	     37359	80007924	a14112d3	flt.s	x5,f2,f20	  f2:0x4f800000 f20:0x7fc00000  x5=0x00000000
     373625.000 ns	     37361	80007928	0d526413	ori	x8,x4,213	  x4:0x00000000  x8=0x000000d5
     373985.000 ns	     37397	8000792c	0234e5b3	rem	x11,x9,x3	  x9:0x00000000  x3:0xffffffff x11=0x00000000
     374015.000 ns	     37400	80007930	f0080dd3	fmv.w.x	f27,x16	 x16:0xffffffff f27=0xffffffff
     374035.000 ns	     37402	80007934	00b0c1b3	xor	x3,x1,x11	  x1:0x00000000 x11:0x00000000  x3=0x00000000
     374075.000 ns	     37406	80007938	0833c4d3	fsub.s	f9,f7,f3	  f7:0x6cebdc45  f3:0x7fc00000  f9=0x7fc00000
     374105.000 ns	     37409	8000793c	02e78eb3	mul	x29,x15,x14	 x15:0x80040fe4 x14:0x00000000 x29=0x00000000
     374125.000 ns	     37411	80007940	40b45533	sra	x10,x8,x11	  x8:0x000000d5 x11:0x00000000 x10=0x000000d5
     374145.000 ns	     37413	80007944	02cd8133	mul	x2,x27,x12	 x27:0x00000001 x12:0x80040b7f  x2=0x80040b7f
     374175.000 ns	     37416	80007948	205d89d3	fsgnj.s	f19,f27,f5	 f27:0xffffffff  f5:0x4eff8006 f19=0x7fffffff
     374195.000 ns	     37418	8000794c	012f5293	srli	x5,x30,0x12	 x30:0x00000001  x5=0x00000000
     374205.000 ns	     37419	80007950	005731b3	sltu	x3,x14,x5	 x14:0x00000000  x5:0x00000000  x3=0x00000000
     374215.000 ns	     37420	80007954	003bc833	xor	x16,x23,x3	 x23:0xffffffff  x3:0x00000000 x16=0xffffffff
     374235.000 ns	     37422	80007958	28858053	fmin.s	f0,f11,f8	 f11:0x43101aee  f8:0x80000000  f0=0x80000000
     374255.000 ns	     37424	8000795c	01e2df13	srli	x30,x5,0x1e	  x5:0x00000000 x30=0x00000000
     374275.000 ns	     37426	80007960	d0172ed3	fcvt.s.wu	f29,x14	 x14:0x00000000 f29=0x00000000
     374295.000 ns	     37428	80007964	afb86813	ori	x16,x16,-1285	 x16:0xffffffff x16=0xffffffff
     374315.000 ns	     37430	80007968	c010f753	fcvt.wu.s	x14,f1	  f1:0x7fc00000 x14=0xffffffff
     374345.000 ns	     37433	8000796c	f00e8cd3	fmv.w.x	f25,x29	 x29:0x00000000 f25=0x00000000
     374365.000 ns	     37435	80007970	00189813	slli	x16,x17,0x1	 x17:0x80041027 x16=0x0008204e
     374375.000 ns	     37436	80007974	00015593	srli	x11,x2,0x0	  x2:0x80040b7f x11=0x80040b7f
     374395.000 ns	     37438	80007978	02cc3cb3	mulhu	x25,x24,x12	 x24:0x7fc00000 x12:0x80040b7f x25=0x3fe204bc
     374765.000 ns	     37475	8000797c	03b04eb3	div	x29,x0,x27	  x0:0x00000000 x27:0x00000001 x29=0x00000000
     374785.000 ns	     37477	80007980	9cb3cd13	xori	x26,x7,-1589	  x7:0xe38958d8 x26=0x1c76a113
     374815.000 ns	     37480	80007984	18e17953	fdiv.s	f18,f2,f14	  f2:0x4f800000 f14:0x7fc00000 f18=0x7fc00000
     374845.000 ns	     37483	80007988	e00400d3	fmv.x.w	x1,f8	  f8:0x80000000  x1=0x80000000
     374865.000 ns	     37485	8000798c	00e0fc33	and	x24,x1,x14	  x1:0x00000000 x14:0xffffffff x24=0x80000000
     374885.000 ns	     37487	80007990	02881fb3	mulh	x31,x16,x8	 x16:0x0008204e  x8:0x000000d5 x31=0x00000000
     374915.000 ns	     37490	80007994	03d3a8b3	mulhsu	x17,x7,x29	  x7:0xe38958d8 x29:0x00000000 x17=0x00000000
     374935.000 ns	     37492	80007998	00444f33	xor	x30,x8,x4	  x8:0x000000d5  x4:0x00000000 x30=0x000000d5
     374945.000 ns	     37493	8000799c	01e9de33	srl	x28,x19,x30	 x19:0x00000000 x30:0x00000000 x28=0x00000000
     374955.000 ns	     37494	800079a0	002b5013	srli	x0,x22,0x2	 x22:0x7fc00352
     374965.000 ns	     37495	800079a4	01ebd093	srli	x1,x23,0x1e	 x23:0xffffffff  x1=0x00000003
     374985.000 ns	     37497	800079a8	f00f0fd3	fmv.w.x	f31,x30	 x30:0x000000d5 f31=0x000000d5
     375015.000 ns	     37500	800079ac	c00132d3	fcvt.w.s	x5,f2	  f2:0x4f800000  x5=0x7fffffff
     375035.000 ns	     37502	800079b0	d2512d93	slti	x27,x2,-731	  x2:0x80040b7f x27=0x00000001
     375045.000 ns	     37503	800079b4	01d5df13	srli	x30,x11,0x1d	 x11:0x80040b7f x30=0x00000004
     375085.000 ns	     37507	800079b8	090ea7d3	fsub.s	f15,f29,f16	 f29:0x00000000 f16:0xecebdc45 f15=0x6cebdc45
     375105.000 ns	     37509	800079bc	b0247e93	andi	x29,x8,-1278	  x8:0x000000d5 x29=0x00000000
     375125.000 ns	     37511	800079c0	d01171d3	fcvt.s.wu	f3,x2	  x2:0x80040b7f  f3=0x4f00040b
     375155.000 ns	     37514	800079c4	0365bab3	mulhu	x21,x11,x22	 x11:0x80040b7f x22:0x7fc00352 x21=0x3fe20665
     375175.000 ns	     37516	800079c8	1572e493	ori	x9,x5,343	  x5:0x7fffffff  x9=0x7fffffff
     375535.000 ns	     37552	800079cc	03055b33	divu	x22,x10,x16	 x10:0x000000d5 x16:0x0008204e x22=0x00000000
     375565.000 ns	     37555	800079d0	2049a453	fsgnjx.s	f8,f19,f4	 f19:0x7fffffff  f4:0x7fc00000  f8=0x7fffffff
     375585.000 ns	     37557	800079d4	0069edb3	or	x27,x19,x6	 x19:0x00000000  x6:0xe8416000 x27=0xe8416000
     375595.000 ns	     37558	800079d8	de792313	slti	x6,x18,-537	 x18:0x00000002  x6=0x00000000
     375605.000 ns	     37559	800079dc	4177d333	sra	x6,x15,x23	 x15:0x80040fe4 x23:0xffffffff  x6=0xffffffff
     375625.000 ns	     37561	800079e0	d019c553	fcvt.s.wu	f10,x19	 x19:0x00000000 f10=0x00000000
     375645.000 ns	     37563	800079e4	f0a2d3b7	lui	x7,0xf0a2d	  x7=0xf0a2d000
     375655.000 ns	     37564	800079e8	4165da93	srai	x21,x11,0x16	 x11:0x80040b7f x21=0xfffffe00
     375675.000 ns	     37566	800079ec	a0212153	feq.s	x2,f2,f2	  f2:0x4f800000  f2:0x4f800000  x2=0x00000001
     375695.000 ns	     37568	800079f0	41ab0433	sub	x8,x22,x26	 x22:0x00000000 x26:0x1c76a113  x8=0xe3895eed
     375715.000 ns	     37570	800079f4	28da84d3	fmin.s	f9,f21,f13	 f21:0x3f03d190 f13:0x7fc00000  f9=0x3f03d190
     375745.000 ns	     37573	800079f8	d00170d3	fcvt.s.w	f1,x2	  x2:0x00000001  f1=0x3f800000
     375765.000 ns	     37575	800079fc	008c6633	or	x12,x24,x8	 x24:0x80000000  x8:0xe3895eed x12=0xe3895eed
     375775.000 ns	     37576	80007a00	00c552b3	srl	x5,x10,x12	 x10:0x000000d5 x12:0x80040b7f  x5=0x00000000
     375795.000 ns	     37578	80007a04	02acb2b3	mulhu	x5,x25,x10	 x25:0x3fe204bc x10:0x000000d5  x5=0x00000035
     375815.000 ns	     37580	80007a08	0096e3b3	or	x7,x13,x9	 x13:0x00000003  x9:0x7fffffff  x7=0x7fffffff
     375825.000 ns	     37581	80007a0c	01a81cb3	sll	x25,x16,x26	 x16:0x0008204e x26:0x1c76a113 x25=0x02700000
     375845.000 ns	     37583	80007a10	a005aad3	feq.s	x21,f11,f0	 f11:0x43101aee  f0:0x80000000 x21=0x00000000
     375875.000 ns	     37586	80007a14	e00409d3	fmv.x.w	x19,f8	  f8:0x7fffffff x19=0x7fffffff
     375905.000 ns	     37589	80007a18	a0cbabd3	feq.s	x23,f23,f12	 f23:0x7f800000 f12:0x7fc00000 x23=0x00000000
     375935.000 ns	     37592	80007a1c	a1d71cd3	flt.s	x25,f14,f29	 f14:0x7fc00000 f29:0x00000000 x25=0x00000000
     375955.000 ns	     37594	80007a20	e3752b93	slti	x23,x10,-457	 x10:0x000000d5 x23=0x00000000
     375975.000 ns	     37596	80007a24	217908d3	fsgnj.s	f17,f18,f23	 f18:0x7fc00000 f23:0x7f800000 f17=0x7fc00000
     376005.000 ns	     37599	80007a28	024f5633	divu	x12,x30,x4	 x30:0x00000004  x4:0x00000000 x12=0xffffffff
     376025.000 ns	     37601	80007a2c	f28c7b93	andi	x23,x24,-216	 x24:0x80000000 x23=0x80000000
     376045.000 ns	     37603	80007a30	f00b8853	fmv.w.x	f16,x23	 x23:0x00000000 f16=0x80000000
     376075.000 ns	     37606	80007a34	0295ad33	mulhsu	x26,x11,x9	 x11:0x80040b7f  x9:0x7fffffff x26=0xc00205bf
     376095.000 ns	     37608	80007a38	48085f17	auipc	x30,0x48085	 x30=0xc808ca38
     376115.000 ns	     37610	80007a3c	e0078cd3	fmv.x.w	x25,f15	 f15:0x6cebdc45 x25=0x6cebdc45
     376135.000 ns	     37612	80007a40	79197213	andi	x4,x18,1937	 x18:0x00000002  x4=0x00000000
     376145.000 ns	     37613	80007a44	016393b3	sll	x7,x7,x22	  x7:0x7fffffff x22:0x00000000  x7=0x7fffffff
     376155.000 ns	     37614	80007a48	86b8cf93	xori	x31,x17,-1941	 x17:0x00000000 x31=0xfffff86b
     376165.000 ns	     37615	80007a4c	177b3613	sltiu	x12,x22,375	 x22:0x00000000 x12=0x00000001
     376185.000 ns	     37617	80007a50	c0082953	fcvt.w.s	x18,f16	 f16:0x80000000 x18=0x00000000
     376555.000 ns	     37654	80007a54	02fded33	rem	x26,x27,x15	 x27:0xe8416000 x15:0x80040fe4 x26=0xe8416000
     376575.000 ns	     37656	80007a58	00b0fab3	and	x21,x1,x11	  x1:0x00000003 x11:0x80040b7f x21=0x00000003
     376585.000 ns	     37657	80007a5c	019aecb3	or	x25,x21,x25	 x21:0x00000000 x25:0x6cebdc45 x25=0x6cebdc47
     376605.000 ns	     37659	80007a60	d01f4ed3	fcvt.s.wu	f29,x30	 x30:0xc808ca38 f29=0x4f4808ca
     376625.000 ns	     37661	80007a64	00d45893	srli	x17,x8,0xd	  x8:0xe3895eed x17=0x00071c4a
     376645.000 ns	     37663	80007a68	a0f89053	flt.s	x0,f17,f15	 f17:0x7fc00000 f15:0x6cebdc45
     376665.000 ns	     37665	80007a6c	f8d0fe93	andi	x29,x1,-115	  x1:0x00000003 x29=0x00000001
     376685.000 ns	     37667	80007a70	02d62633	mulhsu	x12,x12,x13	 x12:0x00000001 x13:0x00000003 x12=0x00000000
     377055.000 ns	     37704	80007a74	02e47333	remu	x6,x8,x14	  x8:0xe3895eed x14:0xffffffff  x6=0xe3895eed
     377105.000 ns	     37709	80007a78	083cffd3	fsub.s	f31,f25,f3	 f25:0x00000000  f3:0x4f00040b f31=0xcf00040b
     377135.000 ns	     37712	80007a7c	f0090253	fmv.w.x	f4,x18	 x18:0x00000000  f4=0x00000000
     377155.000 ns	     37714	80007a80	01c07c33	and	x24,x0,x28	  x0:0x00000000 x28:0x00000000 x24=0x00000000
     377175.000 ns	     37716	80007a84	c01a02d3	fcvt.wu.s	x5,f20	 f20:0x7fc00000  x5=0xffffffff
     377215.000 ns	     37720	80007a88	10533453	fmul.s	f8,f6,f5	  f6:0x7fc00000  f5:0x4eff8006  f8=0x7fc00000
     377235.000 ns	     37722	80007a8c	00fa70b3	and	x1,x20,x15	 x20:0x80041024 x15:0x80040fe4  x1=0x80040024
     377255.000 ns	     37724	80007a90	d00b11d3	fcvt.s.w	f3,x22	 x22:0x00000000  f3=0x00000000
     377285.000 ns	     37727	80007a94	e00909d3	fmv.x.w	x19,f18	 f18:0x7fc00000 x19=0x7fc00000
     377305.000 ns	     37729	80007a98	b70a6113	ori	x2,x20,-1168	 x20:0x80041024  x2=0xfffffb74
     377325.000 ns	     37731	80007a9c	a0519f53	flt.s	x30,f3,f5	  f3:0x00000000  f5:0x4eff8006 x30=0x00000001
     377355.000 ns	     37734	80007aa0	e0038dd3	fmv.x.w	x27,f7	  f7:0x6cebdc45 x27=0x6cebdc45
     377385.000 ns	     37737	80007aa4	c0197853	fcvt.wu.s	x16,f18	 f18:0x7fc00000 x16=0xffffffff
     377405.000 ns	     37739	80007aa8	00e7a433	slt	x8,x15,x14	 x15:0x80040fe4 x14:0xffffffff  x8=0x00000001
     377425.000 ns	     37741	80007aac	c01578d3	fcvt.wu.s	x17,f10	 f10:0x00000000 x17=0x00000000
     377465.000 ns	     37745	80007ab0	180571d3	fdiv.s	f3,f10,f0	 f10:0x00000000  f0:0x80000000  f3=0x7fc00000
     377485.000 ns	     37747	80007ab4	00000013	addi	x0,x0,0	  x0:0x00000000
     377495.000 ns	     37748	80007ab8	0060f433	and	x8,x1,x6	  x1:0x80040024  x6:0xe3895eed  x8=0x80000024
     377515.000 ns	     37750	80007abc	e0081cd3	fclass.s	x25,f16	 f16:0x80000000 x25=0x00000008
     377545.000 ns	     37753	80007ac0	d0067ad3	fcvt.s.w	f21,x12	 x12:0x00000000 f21=0x00000000
     377565.000 ns	     37755	80007ac4	01873333	sltu	x6,x14,x24	 x14:0xffffffff x24:0x00000000  x6=0x00000000
     377585.000 ns	     37757	80007ac8	e00d0e53	fmv.x.w	x28,f26	 f26:0xbf800000 x28=0xbf800000
     377615.000 ns	     37760	80007acc	2049a6d3	fsgnjx.s	f13,f19,f4	 f19:0x7fffffff  f4:0x00000000 f13=0x7fffffff
     377645.000 ns	     37763	80007ad0	f0078253	fmv.w.x	f4,x15	 x15:0x80040fe4  f4=0x80040fe4
     377665.000 ns	     37765	80007ad4	003bd493	srli	x9,x23,0x3	 x23:0x80000000  x9=0x10000000
     377685.000 ns	     37767	80007ad8	e0068053	fmv.x.w	x0,f13	 f13:0x7fffffff
     378055.000 ns	     37804	80007adc	027045b3	div	x11,x0,x7	  x0:0x00000000  x7:0x7fffffff x11=0x00000000
     378105.000 ns	     37809	80007ae0	01a072d3	fadd.s	f5,f0,f26	  f0:0x80000000 f26:0xbf800000  f5=0xbf800000
     378125.000 ns	     37811	80007ae4	00af4db3	xor	x27,x30,x10	 x30:0x00000001 x10:0x000000d5 x27=0x000000d4
     378135.000 ns	     37812	80007ae8	d6a23637	lui	x12,0xd6a23	 x12=0xd6a23000
     378145.000 ns	     37813	80007aec	56e0bb13	sltiu	x22,x1,1390	  x1:0x80040024 x22=0x00000000
     378165.000 ns	     37815	80007af0	a0e32253	feq.s	x4,f6,f14	  f6:0x7fc00000 f14:0x7fc00000  x4=0x00000000
     378195.000 ns	     37818	80007af4	03b12c33	mulhsu	x24,x2,x27	  x2:0xfffffb74 x27:0x000000d4 x24=0xffffffff
     378225.000 ns	     37821	80007af8	02b88c33	mul	x24,x17,x11	 x17:0x00000000 x11:0x00000000 x24=0x00000000
     378255.000 ns	     37824	80007afc	a050acd3	feq.s	x25,f1,f5	  f1:0x3f800000  f5:0xbf800000 x25=0x00000000
     378275.000 ns	     37826	80007b00	00ccd033	srl	x0,x25,x12	 x25:0x00000008 x12:0xd6a23000
     378295.000 ns	     37828	80007b04	c008f853	fcvt.w.s	x16,f17	 f17:0x7fc00000 x16=0x7fffffff
     378315.000 ns	     37830	80007b08	01551b93	slli	x23,x10,0x15	 x10:0x000000d5 x23=0x1aa00000
     378335.000 ns	     37832	80007b0c	c01cf553	fcvt.wu.s	x10,f25	 f25:0x00000000 x10=0x00000000
     378365.000 ns	     37835	80007b10	28d59dd3	fmax.s	f27,f11,f13	 f11:0x43101aee f13:0x7fffffff f27=0x43101aee
     378395.000 ns	     37838	80007b14	f00d0f53	fmv.w.x	f30,x26	 x26:0xe8416000 f30=0xe8416000
     378425.000 ns	     37841	80007b18	f00603d3	fmv.w.x	f7,x12	 x12:0xd6a23000  f7=0xd6a23000
     378455.000 ns	     37844	80007b1c	02be85b3	mul	x11,x29,x11	 x29:0x00000001 x11:0x00000000 x11=0x00000000
     378485.000 ns	     37847	80007b20	a1dfafd3	feq.s	x31,f31,f29	 f31:0xcf00040b f29:0x4f4808ca x31=0x00000000
     378505.000 ns	     37849	80007b24	8a9a0713	addi	x14,x20,-1879	 x20:0x80041024 x14=0x800408cd
     378525.000 ns	     37851	80007b28	c01e3753	fcvt.wu.s	x14,f28	 f28:0x7f800000 x14=0xffffffff
     378555.000 ns	     37854	80007b2c	d0069d53	fcvt.s.w	f26,x13	 x13:0x00000003 f26=0x40400000
     378585.000 ns	     37857	80007b30	0331b333	mulhu	x6,x3,x19	  x3:0x00000000 x19:0x7fc00000  x6=0x00000000
     378615.000 ns	     37860	80007b34	214e9bd3	fsgnjn.s	f23,f29,f20	 f29:0x4f4808ca f20:0x7fc00000 f23=0xcf4808ca
     378635.000 ns	     37862	80007b38	007e0c33	add	x24,x28,x7	 x28:0xbf800000  x7:0x7fffffff x24=0x3f7fffff
     378995.000 ns	     37898	80007b3c	03d8ccb3	div	x25,x17,x29	 x17:0x00000000 x29:0x00000001 x25=0x00000000
     379015.000 ns	     37900	80007b40	0057c033	xor	x0,x15,x5	 x15:0x80040fe4  x5:0xffffffff
     379025.000 ns	     37901	80007b44	8a12c613	xori	x12,x5,-1887	  x5:0xffffffff x12=0x0000075e
     379045.000 ns	     37903	80007b48	031d8133	mul	x2,x27,x17	 x27:0x000000d4 x17:0x00000000  x2=0x00000000
     379085.000 ns	     37907	80007b4c	117580d3	fmul.s	f1,f11,f23	 f11:0x43101aee f23:0xcf4808ca  f1=0xd2e133f8
     379105.000 ns	     37909	80007b50	01d41993	slli	x19,x8,0x1d	  x8:0x80000024 x19=0x80000000
     379115.000 ns	     37910	80007b54	3f023f13	sltiu	x30,x4,1008	  x4:0x00000000 x30=0x00000001
     379475.000 ns	     37946	80007b58	033cd233	divu	x4,x25,x19	 x25:0x00000000 x19:0x7fc00000  x4=0x00000000
     380655.000 ns	     38064	80007b5c	5805f6d3	fsqrt.s	f13,f11	 f11:0x43101aee f13=0x40cbcb08
     380685.000 ns	     38067	80007b60	c00fa5d3	fcvt.w.s	x11,f31	 f31:0xcf00040b x11=0x80000000
     380705.000 ns	     38069	80007b64	a3b98b13	addi	x22,x19,-1477	 x19:0x80000000 x22=0x7ffffa3b
     380735.000 ns	     38072	80007b68	580bf4d3	fsqrt.s	f9,f23	 f23:0xcf4808ca  f9=0x7fc00000
     380755.000 ns	     38074	80007b6c	254bb293	sltiu	x5,x23,596	 x23:0x1aa00000  x5=0x00000000
     380775.000 ns	     38076	80007b70	03039733	mulh	x14,x7,x16	  x7:0x7fffffff x16:0x7fffffff x14=0x3fffffff
     380805.000 ns	     38079	80007b74	02f638b3	mulhu	x17,x12,x15	 x12:0x0000075e x15:0x80040fe4 x17=0x000003af
     380825.000 ns	     38081	80007b78	647ec193	xori	x3,x29,1607	 x29:0x00000001  x3=0x00000646
     380835.000 ns	     38082	80007b7c	00faffb3	and	x31,x21,x15	 x21:0x00000003 x15:0x80040fe4 x31=0x00000000
     380855.000 ns	     38084	80007b80	d0130d53	fcvt.s.wu	f26,x6	  x6:0x00000000 f26=0x00000000
     380885.000 ns	     38087	80007b84	c01900d3	fcvt.wu.s	x1,f18	 f18:0x7fc00000  x1=0xffffffff
     380915.000 ns	     38090	80007b88	03b6bf33	mulhu	x30,x13,x27	 x13:0x00000003 x27:0x000000d4 x30=0x00000000
     380935.000 ns	     38092	80007b8c	007120b3	slt	x1,x2,x7	  x2:0x00000000  x7:0x7fffffff  x1=0x00000001
     380955.000 ns	     38094	80007b90	02961f33	mulh	x30,x12,x9	 x12:0x0000075e  x9:0x10000000 x30=0x00000075
     380995.000 ns	     38098	80007b94	18827053	fdiv.s	f0,f4,f8	  f4:0x80040fe4  f8:0x7fc00000  f0=0x7fc00000
     381015.000 ns	     38100	80007b98	3b0f09b7	lui	x19,0x3b0f0	 x19=0x3b0f0000
     381035.000 ns	     38102	80007b9c	0324c133	div	x2,x9,x18	  x9:0x10000000 x18:0x00000000  x2=0xffffffff
     381075.000 ns	     38106	80007ba0	10b973d3	fmul.s	f7,f18,f11	 f18:0x7fc00000 f11:0x43101aee  f7=0x7fc00000
     381445.000 ns	     38143	80007ba4	031553b3	divu	x7,x10,x17	 x10:0x00000000 x17:0x000003af  x7=0x00000000
     381465.000 ns	     38145	80007ba8	01fe8cb3	add	x25,x29,x31	 x29:0x00000001 x31:0x00000000 x25=0x00000001
     381485.000 ns	     38147	80007bac	02c43533	mulhu	x10,x8,x12	  x8:0x80000024 x12:0x0000075e x10=0x000003af
     381505.000 ns	     38149	80007bb0	004362b3	or	x5,x6,x4	  x6:0x00000000  x4:0x00000000  x5=0x00000000
     381515.000 ns	     38150	80007bb4	019e44b3	xor	x9,x28,x25	 x28:0xbf800000 x25:0x00000001  x9=0xbf800001
     381535.000 ns	     38152	80007bb8	e0038fd3	fmv.x.w	x31,f7	  f7:0x7fc00000 x31=0x7fc00000
     381565.000 ns	     38155	80007bbc	218d2d53	fsgnjx.s	f26,f26,f24	 f26:0x00000000 f24:0xd683d190 f26=0x80000000
     381585.000 ns	     38157	80007bc0	007ce3b3	or	x7,x25,x7	 x25:0x00000001  x7:0x00000000  x7=0x00000001
     381605.000 ns	     38159	80007bc4	03cbbe33	mulhu	x28,x23,x28	 x23:0x1aa00000 x28:0xbf800000 x28=0x13eab000
     381645.000 ns	     38163	80007bc8	1877f1d3	fdiv.s	f3,f15,f7	 f15:0x6cebdc45  f7:0x7fc00000  f3=0x7fc00000
     381675.000 ns	     38166	80007bcc	28b89753	fmax.s	f14,f17,f11	 f17:0x7fc00000 f11:0x43101aee f14=0x43101aee
     381725.000 ns	     38171	80007bd0	081d30d3	fsub.s	f1,f26,f1	 f26:0x80000000  f1:0xd2e133f8  f1=0x52e133f8
     382095.000 ns	     38208	80007bd4	029f7933	remu	x18,x30,x9	 x30:0x00000075  x9:0xbf800001 x18=0x00000075
     382115.000 ns	     38210	80007bd8	00c1d8b3	srl	x17,x3,x12	  x3:0x00000646 x12:0x0000075e x17=0x00000000
     382135.000 ns	     38212	80007bdc	c01a7fd3	fcvt.wu.s	x31,f20	 f20:0x7fc00000 x31=0xffffffff
     382155.000 ns	     38214	80007be0	6585c293	xori	x5,x11,1624	 x11:0x80000000  x5=0x80000658
     382515.000 ns	     38250	80007be4	03ebd8b3	divu	x17,x23,x30	 x23:0x1aa00000 x30:0x00000075 x17=0x003a41a4
     382555.000 ns	     38254	80007be8	10c7f1d3	fmul.s	f3,f15,f12	 f15:0x6cebdc45 f12:0x7fc00000  f3=0x7fc00000
     382605.000 ns	     38259	80007bec	0096f453	fadd.s	f8,f13,f9	 f13:0x40cbcb08  f9:0x7fc00000  f8=0x7fc00000
     382625.000 ns	     38261	80007bf0	00eaf1b3	and	x3,x21,x14	 x21:0x00000003 x14:0x3fffffff  x3=0x00000003
     382635.000 ns	     38262	80007bf4	35e78237	lui	x4,0x35e78	  x4=0x35e78000
     382655.000 ns	     38264	80007bf8	d0099453	fcvt.s.w	f8,x19	 x19:0x3b0f0000  f8=0x4e6c3c00
     382675.000 ns	     38266	80007bfc	40288833	sub	x16,x17,x2	 x17:0x003a41a4  x2:0xffffffff x16=0x003a41a5
     382695.000 ns	     38268	80007c00	a1f38c53	fle.s	x24,f7,f31	  f7:0x7fc00000 f31:0xcf00040b x24=0x00000000
     382715.000 ns	     38270	80007c04	40558333	sub	x6,x11,x5	 x11:0x80000000  x5:0x80000658  x6=0xfffff9a8
     382725.000 ns	     38271	80007c08	934e2717	auipc	x14,0x934e2	 x14=0x134e9c08
     382755.000 ns	     38274	80007c0c	11e379d3	fmul.s	f19,f6,f30	  f6:0x7fc00000 f30:0xe8416000 f19=0x7fc00000
     382775.000 ns	     38276	80007c10	0133b3b3	sltu	x7,x7,x19	  x7:0x00000001 x19:0x3b0f0000  x7=0x00000001
     382805.000 ns	     38279	80007c14	58007953	fsqrt.s	f18,f0	  f0:0x7fc00000 f18=0x7fc00000
     382845.000 ns	     38283	80007c18	11aff6d3	fmul.s	f13,f31,f26	 f31:0xcf00040b f26:0x80000000 f13=0x00000000
     382865.000 ns	     38285	80007c1c	00000013	addi	x0,x0,0	  x0:0x00000000
     382875.000 ns	     38286	80007c20	0108f5b3	and	x11,x17,x16	 x17:0x003a41a4 x16:0x003a41a5 x11=0x003a41a4
     382885.000 ns	     38287	80007c24	20366213	ori	x4,x12,515	 x12:0x0000075e  x4=0x0000075f
     382895.000 ns	     38288	80007c28	acf8f093	andi	x1,x17,-1329	 x17:0x003a41a4  x1=0x003a4084
     382905.000 ns	     38289	80007c2c	0102b8b3	sltu	x17,x5,x16	  x5:0x80000658 x16:0x003a41a5 x17=0x00000000
     382925.000 ns	     38291	80007c30	f00d0ad3	fmv.w.x	f21,x26	 x26:0xe8416000 f21=0xe8416000
     382955.000 ns	     38294	80007c34	c00f8bd3	fcvt.w.s	x23,f31	 f31:0xcf00040b x23=0x80000000
     382975.000 ns	     38296	80007c38	404ede93	srai	x29,x29,0x4	 x29:0x00000001 x29=0x00000000
     382995.000 ns	     38298	80007c3c	d0061b53	fcvt.s.w	f22,x12	 x12:0x0000075e f22=0x44ebc000
     383025.000 ns	     38301	80007c40	f00d8053	fmv.w.x	f0,x27	 x27:0x000000d4  f0=0x000000d4
     383395.000 ns	     38338	80007c44	03f4e8b3	rem	x17,x9,x31	  x9:0xbf800001 x31:0xffffffff x17=0x00000000
     383425.000 ns	     38341	80007c48	03d04833	div	x16,x0,x29	  x0:0x00000000 x29:0x00000000 x16=0xffffffff
     383445.000 ns	     38343	80007c4c	00f080b3	add	x1,x1,x15	  x1:0x003a4084 x15:0x80040fe4  x1=0x803e5068
     383465.000 ns	     38345	80007c50	a1551853	flt.s	x16,f10,f21	 f10:0x00000000 f21:0xe8416000 x16=0x00000000
     383505.000 ns	     38349	80007c54	19f6fed3	fdiv.s	f29,f13,f31	 f13:0x00000000 f31:0xcf00040b f29=0x80000000
     383875.000 ns	     38386	80007c58	02c9e1b3	rem	x3,x19,x12	 x19:0x3b0f0000 x12:0x0000075e  x3=0x0000018a
     383895.000 ns	     38388	80007c5c	69a68b13	addi	x22,x13,1690	 x13:0x00000003 x22=0x0000069d
     383915.000 ns	     38390	80007c60	d0167ed3	fcvt.s.wu	f29,x12	 x12:0x0000075e f29=0x44ebc000
     383945.000 ns	     38393	80007c64	d0128453	fcvt.s.wu	f8,x5	  x5:0x80000658  f8=0x4f000006
     383975.000 ns	     38396	80007c68	0358a9b3	mulhsu	x19,x17,x21	 x17:0x00000000 x21:0x00000003 x19=0x00000000
     384345.000 ns	     38433	80007c6c	027fdd33	divu	x26,x31,x7	 x31:0xffffffff  x7:0x00000001 x26=0xffffffff
     384375.000 ns	     38436	80007c70	203d2a53	fsgnjx.s	f20,f26,f3	 f26:0x80000000  f3:0x7fc00000 f20=0x80000000
     384425.000 ns	     38441	80007c74	0080fdd3	fadd.s	f27,f1,f8	  f1:0x52e133f8  f8:0x4f000006 f27=0x52e233f8
     384445.000 ns	     38443	80007c78	01070bb3	add	x23,x14,x16	 x14:0x134e9c08 x16:0x00000000 x23=0x134e9c08
     384455.000 ns	     38444	80007c7c	004f69b3	or	x19,x30,x4	 x30:0x00000075  x4:0x0000075f x19=0x0000077f
     384465.000 ns	     38445	80007c80	29a99117	auipc	x2,0x29a99	  x2=0xa9aa0c80
     384825.000 ns	     38481	80007c84	032fd2b3	divu	x5,x31,x18	 x31:0xffffffff x18:0x00000075  x5=0x02302302
     384855.000 ns	     38484	80007c88	21e3a7d3	fsgnjx.s	f15,f7,f30	  f7:0x7fc00000 f30:0xe8416000 f15=0xffc00000
     384895.000 ns	     38488	80007c8c	10688ed3	fmul.s	f29,f17,f6	 f17:0x7fc00000  f6:0x7fc00000 f29=0x7fc00000
     384915.000 ns	     38490	80007c90	dd272393	slti	x7,x14,-558	 x14:0x134e9c08  x7=0x00000000
     384925.000 ns	     38491	80007c94	01942633	slt	x12,x8,x25	  x8:0x80000024 x25:0x00000001 x12=0x00000001
     384955.000 ns	     38494	80007c98	108e3b53	fmul.s	f22,f28,f8	 f28:0x7f800000  f8:0x4f000006 f22=0x7f800000
     384975.000 ns	     38496	80007c9c	97dced13	ori	x26,x25,-1667	 x25:0x00000001 x26=0xfffff97d
     384995.000 ns	     38498	80007ca0	c011f053	fcvt.wu.s	x0,f3	  f3:0x7fc00000
     385015.000 ns	     38500	80007ca4	12f20f93	addi	x31,x4,303	  x4:0x0000075f x31=0x0000088e
     385035.000 ns	     38502	80007ca8	f0050e53	fmv.w.x	f28,x10	 x10:0x000003af f28=0x000003af
     385065.000 ns	     38505	80007cac	02242eb3	mulhsu	x29,x8,x2	  x8:0x80000024  x2:0xa9aa0c80 x29=0xab2af9d7
     385095.000 ns	     38508	80007cb0	c00a74d3	fcvt.w.s	x9,f20	 f20:0x80000000  x9=0x00000000
     385125.000 ns	     38511	80007cb4	c0137153	fcvt.wu.s	x2,f6	  f6:0x7fc00000  x2=0xffffffff
     385145.000 ns	     38513	80007cb8	00578eb3	add	x29,x15,x5	 x15:0x80040fe4  x5:0x02302302 x29=0x823432e6
     385165.000 ns	     38515	80007cbc	c0052253	fcvt.w.s	x4,f10	 f10:0x00000000  x4=0x00000000
     385535.000 ns	     38552	80007cc0	02d9ecb3	rem	x25,x19,x13	 x19:0x0000077f x13:0x00000003 x25=0x00000002
     385555.000 ns	     38554	80007cc4	bf5c4d93	xori	x27,x24,-1035	 x24:0x00000000 x27=0xfffffbf5
     385565.000 ns	     38555	80007cc8	00732033	slt	x0,x6,x7	  x6:0xfffff9a8  x7:0x00000000
     385575.000 ns	     38556	80007ccc	0160d813	srli	x16,x1,0x16	  x1:0x803e5068 x16=0x00000200
     385595.000 ns	     38558	80007cd0	e00d1553	fclass.s	x10,f26	 f26:0x80000000 x10=0x00000008
     385615.000 ns	     38560	80007cd4	00000013	addi	x0,x0,0	  x0:0x00000000
     385625.000 ns	     38561	80007cd8	4098d493	srai	x9,x17,0x9	 x17:0x00000000  x9=0x00000000
     385645.000 ns	     38563	80007cdc	20808053	fsgnj.s	f0,f1,f8	  f1:0x52e133f8  f8:0x4f000006  f0=0x52e133f8
     385665.000 ns	     38565	80007ce0	01505b33	srl	x22,x0,x21	  x0:0x00000000 x21:0x00000003 x22=0x00000000
     385695.000 ns	     38568	80007ce4	10539053	fmul.s	f0,f7,f5	  f7:0x7fc00000  f5:0xbf800000  f0=0x7fc00000
     385715.000 ns	     38570	80007ce8	a6aeb237	lui	x4,0xa6aeb	  x4=0xa6aeb000
     385735.000 ns	     38572	80007cec	03106bb3	rem	x23,x0,x17	  x0:0x00000000 x17:0x00000000 x23=0x00000000
     386105.000 ns	     38609	80007cf0	03adf633	remu	x12,x27,x26	 x27:0xfffffbf5 x26:0xfffff97d x12=0x00000278
     386135.000 ns	     38612	80007cf4	f00887d3	fmv.w.x	f15,x17	 x17:0x00000000 f15=0x00000000
     386155.000 ns	     38614	80007cf8	71de3e93	sltiu	x29,x28,1821	 x28:0x13eab000 x29=0x00000000
     386175.000 ns	     38616	80007cfc	a13f90d3	flt.s	x1,f31,f19	 f31:0xcf00040b f19:0x7fc00000  x1=0x00000000
     386215.000 ns	     38620	80007d00	110fbc53	fmul.s	f24,f31,f16	 f31:0xcf00040b f16:0x80000000 f24=0x00000000
     386235.000 ns	     38622	80007d04	e30cf213	andi	x4,x25,-464	 x25:0x00000002  x4=0x00000000
     386255.000 ns	     38624	80007d08	c00da053	fcvt.w.s	x0,f27	 f27:0x52e233f8
     386275.000 ns	     38626	80007d0c	0c4aee13	ori	x28,x21,196	 x21:0x00000003 x28=0x000000c7
     386295.000 ns	     38628	80007d10	d0042553	fcvt.s.w	f10,x8	  x8:0x80000024 f10=0xcf000000
     386325.000 ns	     38631	80007d14	e00e12d3	fclass.s	x5,f28	 f28:0x000003af  x5=0x00000020
     386345.000 ns	     38633	80007d18	004074b3	and	x9,x0,x4	  x0:0x00000000  x4:0x00000000  x9=0x00000000
     386365.000 ns	     38635	80007d1c	e00d0753	fmv.x.w	x14,f26	 f26:0x80000000 x14=0x80000000
     386395.000 ns	     38638	80007d20	c00c15d3	fcvt.w.s	x11,f24	 f24:0x00000000 x11=0x00000000
     386415.000 ns	     38640	80007d24	aac96513	ori	x10,x18,-1364	 x18:0x00000075 x10=0xfffffafd
     386425.000 ns	     38641	80007d28	061f7613	andi	x12,x30,97	 x30:0x00000075 x12=0x00000061
     386445.000 ns	     38643	80007d2c	031bbe33	mulhu	x28,x23,x17	 x23:0x00000000 x17:0x00000000 x28=0x00000000
     386475.000 ns	     38646	80007d30	03d44433	div	x8,x8,x29	  x8:0x80000024 x29:0x00000000  x8=0xffffffff
     386505.000 ns	     38649	80007d34	c0060e53	fcvt.w.s	x28,f12	 f12:0x7fc00000 x28=0x7fffffff
     386535.000 ns	     38652	80007d38	a1b100d3	fle.s	x1,f2,f27	  f2:0x4f800000 f27:0x52e233f8  x1=0x00000001
     386565.000 ns	     38655	80007d3c	e00d9153	fclass.s	x2,f27	 f27:0x52e233f8  x2=0x00000040
     386585.000 ns	     38657	80007d40	00403833	sltu	x16,x0,x4	  x0:0x00000000  x4:0x00000000 x16=0x00000000
     386605.000 ns	     38659	80007d44	c01b0553	fcvt.wu.s	x10,f22	 f22:0x7f800000 x10=0xffffffff
     386635.000 ns	     38662	80007d48	02c935b3	mulhu	x11,x18,x12	 x18:0x00000075 x12:0x00000061 x11=0x00000000
     386665.000 ns	     38665	80007d4c	292f9753	fmax.s	f14,f31,f18	 f31:0xcf00040b f18:0x7fc00000 f14=0xcf00040b
     386695.000 ns	     38668	80007d50	03228fb3	mul	x31,x5,x18	  x5:0x00000020 x18:0x00000075 x31=0x00000ea0
     386715.000 ns	     38670	80007d54	41e45e13	srai	x28,x8,0x1e	  x8:0xffffffff x28=0xffffffff
     386735.000 ns	     38672	80007d58	21a10853	fsgnj.s	f16,f2,f26	  f2:0x4f800000 f26:0x80000000 f16=0xcf800000
     386755.000 ns	     38674	80007d5c	d15dc093	xori	x1,x27,-747	 x27:0xfffffbf5  x1=0x000006e0
     387115.000 ns	     38710	80007d60	02a14733	div	x14,x2,x10	  x2:0x00000040 x10:0xffffffff x14=0xffffffc0
     387135.000 ns	     38712	80007d64	0101c333	xor	x6,x3,x16	  x3:0x0000018a x16:0x00000000  x6=0x0000018a
     387145.000 ns	     38713	80007d68	00000013	addi	x0,x0,0	  x0:0x00000000
     387155.000 ns	     38714	80007d6c	01227ab3	and	x21,x4,x18	  x4:0x00000000 x18:0x00000075 x21=0x00000000
     387165.000 ns	     38715	80007d70	7840c293	xori	x5,x1,1924	  x1:0x000006e0  x5=0x00000164
     387175.000 ns	     38716	80007d74	271c4093	xori	x1,x24,625	 x24:0x00000000  x1=0x00000271
     387215.000 ns	     38720	80007d78	09137553	fsub.s	f10,f6,f17	  f6:0x7fc00000 f17:0x7fc00000 f10=0x7fc00000
     387585.000 ns	     38757	80007d7c	03ae40b3	div	x1,x28,x26	 x28:0xffffffff x26:0xfffff97d  x1=0x00000000
     387615.000 ns	     38760	80007d80	c00af253	fcvt.w.s	x4,f21	 f21:0xe8416000  x4=0x80000000
     387635.000 ns	     38762	80007d84	00e4d433	srl	x8,x9,x14	  x9:0x00000000 x14:0xffffffc0  x8=0x00000000
     387675.000 ns	     38766	80007d88	09687c53	fsub.s	f24,f16,f22	 f16:0xcf800000 f22:0x7f800000 f24=0xff800000
     387695.000 ns	     38768	80007d8c	003d5ab3	srl	x21,x26,x3	 x26:0xfffff97d  x3:0x0000018a x21=0x003ffffe
     387715.000 ns	     38770	80007d90	c010b953	fcvt.wu.s	x18,f1	  f1:0x52e133f8 x18=0xffffffff
     387735.000 ns	     38772	80007d94	01042c33	slt	x24,x8,x16	  x8:0x00000000 x16:0x00000000 x24=0x00000000
     387765.000 ns	     38775	80007d98	58078cd3	fsqrt.s	f25,f15	 f15:0x00000000 f25=0x00000000
     387795.000 ns	     38778	80007d9c	21cba5d3	fsgnjx.s	f11,f23,f28	 f23:0xcf4808ca f28:0x000003af f11=0xcf4808ca
     387825.000 ns	     38781	80007da0	e00b1553	fclass.s	x10,f22	 f22:0x7f800000 x10=0x00000080
     387845.000 ns	     38783	80007da4	006fb733	sltu	x14,x31,x6	 x31:0x00000ea0  x6:0x0000018a x14=0x00000000
     387865.000 ns	     38785	80007da8	f0038d53	fmv.w.x	f26,x7	  x7:0x00000000 f26=0x00000000
     387905.000 ns	     38789	80007dac	10928ed3	fmul.s	f29,f5,f9	  f5:0xbf800000  f9:0x7fc00000 f29=0x7fc00000
     387925.000 ns	     38791	80007db0	01a229b3	slt	x19,x4,x26	  x4:0x80000000 x26:0xfffff97d x19=0x00000001
     387945.000 ns	     38793	80007db4	02954433	div	x8,x10,x9	 x10:0x00000080  x9:0x00000000  x8=0xffffffff
     387975.000 ns	     38796	80007db8	e00a9753	fclass.s	x14,f21	 f21:0xe8416000 x14=0x00000002
     387995.000 ns	     38798	80007dbc	b436d417	auipc	x8,0xb436d	  x8=0x34374dbc
     388015.000 ns	     38800	80007dc0	20f7a753	fsgnjx.s	f14,f15,f15	 f15:0x00000000 f15:0x00000000 f14=0x00000000
     388385.000 ns	     38837	80007dc4	02abef33	rem	x30,x23,x10	 x23:0x00000000 x10:0x00000080 x30=0x00000000
     388425.000 ns	     38841	80007dc8	11f9bbd3	fmul.s	f23,f19,f31	 f19:0x7fc00000 f31:0xcf00040b f23=0x7fc00000
     388445.000 ns	     38843	80007dcc	01dccab3	xor	x21,x25,x29	 x25:0x00000002 x29:0x00000000 x21=0x00000002
     388455.000 ns	     38844	80007dd0	01d9e3b3	or	x7,x19,x29	 x19:0x00000001 x29:0x00000000  x7=0x00000001
     388475.000 ns	     38846	80007dd4	a10da3d3	feq.s	x7,f27,f16	 f27:0x52e233f8 f16:0xcf800000  x7=0x00000000
     388845.000 ns	     38883	80007dd8	028562b3	rem	x5,x10,x8	 x10:0x00000080  x8:0x34374dbc  x5=0x00000080
     388865.000 ns	     38885	80007ddc	007fc533	xor	x10,x31,x7	 x31:0x00000ea0  x7:0x00000000 x10=0x00000ea0
     388885.000 ns	     38887	80007de0	03b89c33	mulh	x24,x17,x27	 x17:0x00000000 x27:0xfffffbf5 x24=0x00000000
     388915.000 ns	     38890	80007de4	d0017d53	fcvt.s.w	f26,x2	  x2:0x00000040 f26=0x42800000
     388935.000 ns	     38892	80007de8	00000013	addi	x0,x0,0	  x0:0x00000000
     388955.000 ns	     38894	80007dec	e00e90d3	fclass.s	x1,f29	 f29:0x7fc00000  x1=0x00000200
     388975.000 ns	     38896	80007df0	00b508b3	add	x17,x10,x11	 x10:0x00000ea0 x11:0x00000000 x17=0x00000ea0
     388985.000 ns	     38897	80007df4	56420a93	addi	x21,x4,1380	  x4:0x80000000 x21=0x80000564
     388995.000 ns	     38898	80007df8	00ba2633	slt	x12,x20,x11	 x20:0x80041024 x11:0x00000000 x12=0x00000001
     389015.000 ns	     38900	80007dfc	0321a633	mulhsu	x12,x3,x18	  x3:0x0000018a x18:0xffffffff x12=0x00000189
     389035.000 ns	     38902	80007e00	00b61213	slli	x4,x12,0xb	 x12:0x00000061  x4=0x000c4800
     389075.000 ns	     38906	80007e04	00a11353	fadd.s	f6,f2,f10	  f2:0x4f800000 f10:0x7fc00000  f6=0x7fc00000
     389105.000 ns	     38909	80007e08	02dc11b3	mulh	x3,x24,x13	 x24:0x00000000 x13:0x00000003  x3=0x00000000
     389135.000 ns	     38912	80007e0c	03981733	mulh	x14,x16,x25	 x16:0x00000000 x25:0x00000002 x14=0x00000000
     389155.000 ns	     38914	80007e10	69caf093	andi	x1,x21,1692	 x21:0x80000564  x1=0x00000404
     389175.000 ns	     38916	80007e14	03014d33	div	x26,x2,x16	  x2:0x00000040 x16:0x00000000 x26=0xffffffff
     389195.000 ns	     38918	80007e18	01ecfe33	and	x28,x25,x30	 x25:0x00000002 x30:0x00000000 x28=0x00000000
     389205.000 ns	     38919	80007e1c	002d9d33	sll	x26,x27,x2	 x27:0xfffffbf5  x2:0x00000040 x26=0xfffffbf5
     389225.000 ns	     38921	80007e20	20e11ad3	fsgnjn.s	f21,f2,f14	  f2:0x4f800000 f14:0x00000000 f21=0xcf800000
     389255.000 ns	     38924	80007e24	036cf433	remu	x8,x25,x22	 x25:0x00000002 x22:0x00000000  x8=0x00000002
     389285.000 ns	     38927	80007e28	0309e933	rem	x18,x19,x16	 x19:0x00000001 x16:0x00000000 x18=0x00000001
     389315.000 ns	     38930	80007e2c	02808b33	mul	x22,x1,x8	  x1:0x00000404  x8:0x00000002 x22=0x00000808
     389335.000 ns	     38932	80007e30	008fa033	slt	x0,x31,x8	 x31:0x00000ea0  x8:0x00000002
     389695.000 ns	     38968	80007e34	03ffdd33	divu	x26,x31,x31	 x31:0x00000ea0 x31:0x00000ea0 x26=0x00000001
     389725.000 ns	     38971	80007e38	c0054453	fcvt.w.s	x8,f10	 f10:0x7fc00000  x8=0x7fffffff
     389745.000 ns	     38973	80007e3c	00985193	srli	x3,x16,0x9	 x16:0x00000000  x3=0x00000000
     389765.000 ns	     38975	80007e40	c0067c53	fcvt.w.s	x24,f12	 f12:0x7fc00000 x24=0x7fffffff
     389795.000 ns	     38978	80007e44	030d5733	divu	x14,x26,x16	 x26:0x00000001 x16:0x00000000 x14=0xffffffff
     389815.000 ns	     38980	80007e48	0004ceb3	xor	x29,x9,x0	  x9:0x00000000  x0:0x00000000 x29=0x00000000
     389835.000 ns	     38982	80007e4c	21f30ad3	fsgnj.s	f21,f6,f31	  f6:0x7fc00000 f31:0xcf00040b f21=0xffc00000
     389855.000 ns	     38984	80007e50	01501493	slli	x9,x0,0x15	  x0:0x00000000  x9=0x00000000
     389865.000 ns	     38985	80007e54	f359cab7	lui	x21,0xf359c	 x21=0xf359c000
     389885.000 ns	     38987	80007e58	d019c253	fcvt.s.wu	f4,x19	 x19:0x00000001  f4=0x3f800000
     389905.000 ns	     38989	80007e5c	00ea5b13	srli	x22,x20,0xe	 x20:0x80041024 x22=0x00020010
     389925.000 ns	     38991	80007e60	02e80633	mul	x12,x16,x14	 x16:0x00000000 x14:0xffffffff x12=0x00000000
     389955.000 ns	     38994	80007e64	e0050453	fmv.x.w	x8,f10	 f10:0x7fc00000  x8=0x7fc00000
     389985.000 ns	     38997	80007e68	a1642cd3	feq.s	x25,f8,f22	  f8:0x4f000006 f22:0x7f800000 x25=0x00000000
     390005.000 ns	     38999	80007e6c	0157bab3	sltu	x21,x15,x21	 x15:0x80040fe4 x21:0xf359c000 x21=0x00000001
     390045.000 ns	     39003	80007e70	08447ad3	fsub.s	f21,f8,f4	  f8:0x4f000006  f4:0x3f800000 f21=0x4f000005
     390075.000 ns	     39006	80007e74	02822f33	mulhsu	x30,x4,x8	  x4:0x000c4800  x8:0x7fc00000 x30=0x000620ee
     390095.000 ns	     39008	80007e78	209a9a97	auipc	x21,0x209a9	 x21=0xa09b0e78
     390455.000 ns	     39044	80007e7c	026df4b3	remu	x9,x27,x6	 x27:0xfffffbf5  x6:0x0000018a  x9=0x000000eb
     390475.000 ns	     39046	80007e80	0187d733	srl	x14,x15,x24	 x15:0x80040fe4 x24:0x7fffffff x14=0x00000001
     390485.000 ns	     39047	80007e84	00000013	addi	x0,x0,0	  x0:0x00000000
     390505.000 ns	     39049	80007e88	295414d3	fmax.s	f9,f8,f21	  f8:0x4f000006 f21:0x4f000005  f9=0x4f000006
     390525.000 ns	     39051	80007e8c	41b3d013	srai	x0,x7,0x1b	  x7:0x00000000
     390855.000 ns	     39084	80007e90	19e59053	fdiv.s	f0,f11,f30	 f11:0xcf4808ca f30:0xe8416000  f0=0x264808ca
     390875.000 ns	     39086	80007e94	006af8b3	and	x17,x21,x6	 x21:0xa09b0e78  x6:0x0000018a x17=0x00000008
     390895.000 ns	     39088	80007e98	21298a53	fsgnj.s	f20,f19,f18	 f19:0x7fc00000 f18:0x7fc00000 f20=0x7fc00000
     390915.000 ns	     39090	80007e9c	a38b0f13	addi	x30,x22,-1480	 x22:0x00020010 x30=0x0001fa48
     390925.000 ns	     39091	80007ea0	0030d633	srl	x12,x1,x3	  x1:0x00000404  x3:0x00000000 x12=0x00000404
     390935.000 ns	     39092	80007ea4	82326e93	ori	x29,x4,-2013	  x4:0x000c4800 x29=0xfffff823
     390945.000 ns	     39093	80007ea8	018c0313	addi	x6,x24,24	 x24:0x7fffffff  x6=0x80000017
     390965.000 ns	     39095	80007eac	025088b3	mul	x17,x1,x5	  x1:0x00000404  x5:0x00000080 x17=0x00020200
     390995.000 ns	     39098	80007eb0	025532b3	mulhu	x5,x10,x5	 x10:0x00000ea0  x5:0x00000080  x5=0x00000000
     391015.000 ns	     39100	80007eb4	01031e13	slli	x28,x6,0x10	  x6:0x80000017 x28=0x00170000
     391025.000 ns	     39101	80007eb8	00681493	slli	x9,x16,0x6	 x16:0x00000000  x9=0x00000000
     391035.000 ns	     39102	80007ebc	79140f37	lui	x30,0x79140	 x30=0x79140000
     391075.000 ns	     39106	80007ec0	094d95d3	fsub.s	f11,f27,f20	 f27:0x52e233f8 f20:0x7fc00000 f11=0x7fc00000
     391095.000 ns	     39108	80007ec4	00521713	slli	x14,x4,0x5	  x4:0x000c4800 x14=0x01890000
     391115.000 ns	     39110	80007ec8	216daf53	fsgnjx.s	f30,f27,f22	 f27:0x52e233f8 f22:0x7f800000 f30=0x52e233f8
     391145.000 ns	     39113	80007ecc	03f91133	mulh	x2,x18,x31	 x18:0x00000001 x31:0x00000ea0  x2=0x00000000
     391165.000 ns	     39115	80007ed0	41cad733	sra	x14,x21,x28	 x21:0xa09b0e78 x28:0x00170000 x14=0xa09b0e78
     391185.000 ns	     39117	80007ed4	d011f1d3	fcvt.s.wu	f3,x3	  x3:0x00000000  f3=0x00000000
     391215.000 ns	     39120	80007ed8	a07f9ed3	flt.s	x29,f31,f7	 f31:0xcf00040b  f7:0x7fc00000 x29=0x00000000
     391245.000 ns	     39123	80007edc	d0077153	fcvt.s.w	f2,x14	 x14:0xa09b0e78  f2=0xcebec9e3
     391285.000 ns	     39127	80007ee0	18647fd3	fdiv.s	f31,f8,f6	  f8:0x4f000006  f6:0x7fc00000 f31=0x7fc00000
     391325.000 ns	     39131	80007ee4	110e0653	fmul.s	f12,f28,f16	 f28:0x000003af f16:0xcf800000 f12=0x89ebc000
     391355.000 ns	     39134	80007ee8	c011c2d3	fcvt.wu.s	x5,f3	  f3:0x00000000  x5=0x00000000
     391385.000 ns	     39137	80007eec	21b8a8d3	fsgnjx.s	f17,f17,f27	 f17:0x7fc00000 f27:0x52e233f8 f17=0x7fc00000
     391415.000 ns	     39140	80007ef0	d01a11d3	fcvt.s.wu	f3,x20	 x20:0x80041024  f3=0x4f000410
     391445.000 ns	     39143	80007ef4	209b0c53	fsgnj.s	f24,f22,f9	 f22:0x7f800000  f9:0x4f000006 f24=0x7f800000
     391475.000 ns	     39146	80007ef8	03f5a3b3	mulhsu	x7,x11,x31	 x11:0x00000000 x31:0x00000ea0  x7=0x00000000
     391495.000 ns	     39148	80007efc	00e7a1b3	slt	x3,x15,x14	 x15:0x80040fe4 x14:0xa09b0e78  x3=0x00000001
     391855.000 ns	     39184	80007f00	03464cb3	div	x25,x12,x20	 x12:0x00000404 x20:0x80041024 x25=0x00000000
     391875.000 ns	     39186	80007f04	7946ad13	slti	x26,x13,1940	 x13:0x00000003 x26=0x00000001
     391885.000 ns	     39187	80007f08	41a859b3	sra	x19,x16,x26	 x16:0x00000000 x26:0x00000001 x19=0x00000000
     391895.000 ns	     39188	80007f0c	40db8e33	sub	x28,x23,x13	 x23:0x00000000 x13:0x00000003 x28=0xfffffffd
     391915.000 ns	     39190	80007f10	e0028253	fmv.x.w	x4,f5	  f5:0xbf800000  x4=0xbf800000
     391945.000 ns	     39193	80007f14	c01da5d3	fcvt.wu.s	x11,f27	 f27:0x52e233f8 x11=0xffffffff
     391965.000 ns	     39195	80007f18	3e407d93	andi	x27,x0,996	  x0:0x00000000 x27=0x00000000
     392325.000 ns	     39231	80007f1c	02d2cbb3	div	x23,x5,x13	  x5:0x00000000 x13:0x00000003 x23=0x00000000
     392345.000 ns	     39233	80007f20	01b35633	srl	x12,x6,x27	  x6:0x80000017 x27:0xfffffbf5 x12=0x80000017
     392365.000 ns	     39235	80007f24	212a0453	fsgnj.s	f8,f20,f18	 f20:0x7fc00000 f18:0x7fc00000  f8=0x7fc00000
     392395.000 ns	     39238	80007f28	033bb833	mulhu	x16,x23,x19	 x23:0x00000000 x19:0x00000000 x16=0x00000000
     392425.000 ns	     39241	80007f2c	21a8a2d3	fsgnjx.s	f5,f17,f26	 f17:0x7fc00000 f26:0x42800000  f5=0x7fc00000
     392445.000 ns	     39243	80007f30	e5aec113	xori	x2,x29,-422	 x29:0x00000000  x2=0xfffffe5a
     392455.000 ns	     39244	80007f34	01701eb3	sll	x29,x0,x23	  x0:0x00000000 x23:0x00000000 x29=0x00000000
     392465.000 ns	     39245	80007f38	5b9acd13	xori	x26,x21,1465	 x21:0xa09b0e78 x26=0xa09b0bc1
     392475.000 ns	     39246	80007f3c	5c63b413	sltiu	x8,x7,1478	  x7:0x00000000  x8=0x00000001
     392485.000 ns	     39247	80007f40	00f0d0b3	srl	x1,x1,x15	  x1:0x00000404 x15:0x80040fe4  x1=0x00000040
     392495.000 ns	     39248	80007f44	01775e13	srli	x28,x14,0x17	 x14:0xa09b0e78 x28=0x00000141
     392515.000 ns	     39250	80007f48	a0fd0f53	fle.s	x30,f26,f15	 f26:0x42800000 f15:0x00000000 x30=0x00000000
     392545.000 ns	     39253	80007f4c	21041853	fsgnjn.s	f16,f8,f16	  f8:0x7fc00000 f16:0xcf800000 f16=0x7fc00000
     392565.000 ns	     39255	80007f50	3473ed93	ori	x27,x7,839	  x7:0x00000000 x27=0x00000347
     392575.000 ns	     39256	80007f54	197cd0b7	lui	x1,0x197cd	  x1=0x197cd000
     392595.000 ns	     39258	80007f58	f00404d3	fmv.w.x	f9,x8	  x8:0x00000001  f9=0x00000001
     392615.000 ns	     39260	80007f5c	a909f413	andi	x8,x19,-1392	 x19:0x00000000  x8=0x00000000
     392635.000 ns	     39262	80007f60	03fd9fb3	mulh	x31,x27,x31	 x27:0x00000347 x31:0x00000ea0 x31=0x00000000
     392685.000 ns	     39267	80007f64	00a0f053	fadd.s	f0,f1,f10	  f1:0x52e133f8 f10:0x7fc00000  f0=0x7fc00000
     392725.000 ns	     39271	80007f68	11eecdd3	fmul.s	f27,f29,f30	 f29:0x7fc00000 f30:0x52e233f8 f27=0x7fc00000
     392755.000 ns	     39274	80007f6c	20e395d3	fsgnjn.s	f11,f7,f14	  f7:0x7fc00000 f14:0x00000000 f11=0xffc00000
     392775.000 ns	     39276	80007f70	00000013	addi	x0,x0,0	  x0:0x00000000
     392795.000 ns	     39278	80007f74	20a08553	fsgnj.s	f10,f1,f10	  f1:0x52e133f8 f10:0x7fc00000 f10=0x52e133f8
     392815.000 ns	     39280	80007f78	50660613	addi	x12,x12,1286	 x12:0x80000017 x12=0x8000051d
     392845.000 ns	     39283	80007f7c	5808ff53	fsqrt.s	f30,f17	 f17:0x7fc00000 f30=0x7fc00000
     392865.000 ns	     39285	80007f80	40da8f33	sub	x30,x21,x13	 x21:0xa09b0e78 x13:0x00000003 x30=0xa09b0e75
     392885.000 ns	     39287	80007f84	291e09d3	fmin.s	f19,f28,f17	 f28:0x000003af f17:0x7fc00000 f19=0x000003af
     392915.000 ns	     39290	80007f88	a0188e53	fle.s	x28,f17,f1	 f17:0x7fc00000  f1:0x52e133f8 x28=0x00000000
     392945.000 ns	     39293	80007f8c	03e0bc33	mulhu	x24,x1,x30	  x1:0x197cd000 x30:0xa09b0e75 x24=0x0ffd7202
     392975.000 ns	     39296	80007f90	2095a653	fsgnjx.s	f12,f11,f9	 f11:0xffc00000  f9:0x00000001 f12=0xffc00000
     393015.000 ns	     39300	80007f94	5807fa53	fsqrt.s	f20,f15	 f15:0x00000000 f20=0x00000000
     393045.000 ns	     39303	80007f98	c01eb653	fcvt.wu.s	x12,f29	 f29:0x7fc00000 x12=0xffffffff
     393085.000 ns	     39307	80007f9c	19b13653	fdiv.s	f12,f2,f27	  f2:0xcebec9e3 f27:0x7fc00000 f12=0x7fc00000
     393105.000 ns	     39309	80007fa0	41900833	sub	x16,x0,x25	  x0:0x00000000 x25:0x00000000 x16=0x00000000
     393125.000 ns	     39311	80007fa4	a19ca953	feq.s	x18,f25,f25	 f25:0x00000000 f25:0x00000000 x18=0x00000001
     393145.000 ns	     39313	80007fa8	414c0fb3	sub	x31,x24,x20	 x24:0x0ffd7202 x20:0x80041024 x31=0x8ff961de
     393175.000 ns	     39316	80007fac	11ecf6d3	fmul.s	f13,f25,f30	 f25:0x00000000 f30:0x7fc00000 f13=0x7fc00000
     393215.000 ns	     39320	80007fb0	103e3c53	fmul.s	f24,f28,f3	 f28:0x000003af  f3:0x4f000410 f24=0x096bc77c
     393235.000 ns	     39322	80007fb4	016942b3	xor	x5,x18,x22	 x18:0x00000001 x22:0x00020010  x5=0x00020011
     393245.000 ns	     39323	80007fb8	00a1dcb3	srl	x25,x3,x10	  x3:0x00000001 x10:0x00000ea0 x25=0x00000001
     393265.000 ns	     39325	80007fbc	e0010553	fmv.x.w	x10,f2	  f2:0xcebec9e3 x10=0xcebec9e3
     393635.000 ns	     39362	80007fc0	03e8ed33	rem	x26,x17,x30	 x17:0x00020200 x30:0xa09b0e75 x26=0x00020200
     394005.000 ns	     39399	80007fc4	03a0de33	divu	x28,x1,x26	  x1:0x197cd000 x26:0xa09b0bc1 x28=0x00000cb1
     394035.000 ns	     39402	80007fc8	209e2353	fsgnjx.s	f6,f28,f9	 f28:0x000003af  f9:0x00000001  f6=0x000003af
     394055.000 ns	     39404	80007fcc	010e1233	sll	x4,x28,x16	 x28:0x00000cb1 x16:0x00000000  x4=0x00000cb1
     394075.000 ns	     39406	80007fd0	d015bfd3	fcvt.s.wu	f31,x11	 x11:0xffffffff f31=0x4f800000
     394105.000 ns	     39409	80007fd4	03c0afb3	mulhsu	x31,x1,x28	  x1:0x197cd000 x28:0x00000cb1 x31=0x00000143
     394135.000 ns	     39412	80007fd8	028fdab3	divu	x21,x31,x8	 x31:0x8ff961de  x8:0x00000000 x21=0xffffffff
     394165.000 ns	     39415	80007fdc	d00b7fd3	fcvt.s.w	f31,x22	 x22:0x00020010 f31=0x48000400
     394195.000 ns	     39418	80007fe0	a1258253	fle.s	x4,f11,f18	 f11:0xffc00000 f18:0x7fc00000  x4=0x00000000
     394215.000 ns	     39420	80007fe4	d71a6093	ori	x1,x20,-655	 x20:0x80041024  x1=0xfffffd75
     394235.000 ns	     39422	80007fe8	203d9553	fsgnjn.s	f10,f27,f3	 f27:0x7fc00000  f3:0x4f000410 f10=0xffc00000
     394255.000 ns	     39424	80007fec	00dd1bb3	sll	x23,x26,x13	 x26:0x00020200 x13:0x00000003 x23=0x00101000
     394265.000 ns	     39425	80007ff0	00f12e33	slt	x28,x2,x15	  x2:0xfffffe5a x15:0x80040fe4 x28=0x00000000
     394285.000 ns	     39427	80007ff4	20dd8253	fsgnj.s	f4,f27,f13	 f27:0x7fc00000 f13:0x7fc00000  f4=0x7fc00000
     394305.000 ns	     39429	80007ff8	01b305b3	add	x11,x6,x27	  x6:0x80000017 x27:0x00000347 x11=0x8000035e
     394325.000 ns	     39431	80007ffc	a19b14d3	flt.s	x9,f22,f25	 f22:0x7f800000 f25:0x00000000  x9=0x00000000
     394355.000 ns	     39434	80008000	29169b53	fmax.s	f22,f13,f17	 f13:0x7fc00000 f17:0x7fc00000 f22=0x7fc00000
     394375.000 ns	     39436	80008004	765bb613	sltiu	x12,x23,1893	 x23:0x00101000 x12=0x00000000
     394385.000 ns	     39437	80008008	0066eab3	or	x21,x13,x6	 x13:0x00000003  x6:0x80000017 x21=0x80000017
     394405.000 ns	     39439	8000800c	d0023dd3	fcvt.s.w	f27,x4	  x4:0x00000000 f27=0x00000000
     394425.000 ns	     39441	80008010	41b60bb3	sub	x23,x12,x27	 x12:0x00000000 x27:0x00000347 x23=0xfffffcb9
     394445.000 ns	     39443	80008014	c01779d3	fcvt.wu.s	x19,f14	 f14:0x00000000 x19=0x00000000
     394475.000 ns	     39446	80008018	02462c33	mulhsu	x24,x12,x4	 x12:0x00000000  x4:0x00000000 x24=0x00000000
     394495.000 ns	     39448	8000801c	005125b3	slt	x11,x2,x5	  x2:0xfffffe5a  x5:0x00020011 x11=0x00000001
     394515.000 ns	     39450	80008020	210012d3	fsgnjn.s	f5,f0,f16	  f0:0x7fc00000 f16:0x7fc00000  f5=0xffc00000
     394535.000 ns	     39452	80008024	40da88b3	sub	x17,x21,x13	 x21:0x80000017 x13:0x00000003 x17=0x80000014
     394555.000 ns	     39454	80008028	c01592d3	fcvt.wu.s	x5,f11	 f11:0xffc00000  x5=0xffffffff
     394575.000 ns	     39456	8000802c	01938fb3	add	x31,x7,x25	  x7:0x00000000 x25:0x00000001 x31=0x00000001
     394585.000 ns	     39457	80008030	0171ee33	or	x28,x3,x23	  x3:0x00000001 x23:0xfffffcb9 x28=0xfffffcb9
     394595.000 ns	     39458	80008034	40460b33	sub	x22,x12,x4	 x12:0x00000000  x4:0x00000000 x22=0x00000000
     394615.000 ns	     39460	80008038	02c38c33	mul	x24,x7,x12	  x7:0x00000000 x12:0x00000000 x24=0x00000000
     394635.000 ns	     39462	8000803c	3d128513	addi	x10,x5,977	  x5:0xffffffff x10=0x000003d0
     394645.000 ns	     39463	80008040	7785c413	xori	x8,x11,1912	 x11:0x00000001  x8=0x00000779
     394665.000 ns	     39465	80008044	20efa053	fsgnjx.s	f0,f31,f14	 f31:0x48000400 f14:0x00000000  f0=0x48000400
     394695.000 ns	     39468	80008048	d0167fd3	fcvt.s.wu	f31,x12	 x12:0x00000000 f31=0x00000000
     394725.000 ns	     39471	8000804c	21960a53	fsgnj.s	f20,f12,f25	 f12:0x7fc00000 f25:0x00000000 f20=0x7fc00000
     394755.000 ns	     39474	80008050	206d8553	fsgnj.s	f10,f27,f6	 f27:0x00000000  f6:0x000003af f10=0x00000000
     394775.000 ns	     39476	80008054	355b3e93	sltiu	x29,x22,853	 x22:0x00000000 x29=0x00000001
     394785.000 ns	     39477	80008058	3ab6f013	andi	x0,x13,939	 x13:0x00000003
     394795.000 ns	     39478	8000805c	75e87ab7	lui	x21,0x75e87	 x21=0x75e87000
     394815.000 ns	     39480	80008060	200522d3	fsgnjx.s	f5,f10,f0	 f10:0x00000000  f0:0x48000400  f5=0x00000000
     394835.000 ns	     39482	80008064	41315d33	sra	x26,x2,x19	  x2:0xfffffe5a x19:0x00000000 x26=0xfffffe5a
     394845.000 ns	     39483	80008068	00a80db3	add	x27,x16,x10	 x16:0x00000000 x10:0x000003d0 x27=0x000003d0
     394885.000 ns	     39487	8000806c	010ef0d3	fadd.s	f1,f29,f16	 f29:0x7fc00000 f16:0x7fc00000  f1=0x7fc00000
     394915.000 ns	     39490	80008070	297f1bd3	fmax.s	f23,f30,f23	 f30:0x7fc00000 f23:0x7fc00000 f23=0x7fc00000
     394935.000 ns	     39492	80008074	015a9933	sll	x18,x21,x21	 x21:0x75e87000 x21:0x75e87000 x18=0x75e87000
     394955.000 ns	     39494	80008078	20e984d3	fsgnj.s	f9,f19,f14	 f19:0x000003af f14:0x00000000  f9=0x000003af
     394975.000 ns	     39496	8000807c	0151d4b3	srl	x9,x3,x21	  x3:0x00000001 x21:0x75e87000  x9=0x00000001
     394985.000 ns	     39497	80008080	013ceeb3	or	x29,x25,x19	 x25:0x00000001 x19:0x00000000 x29=0x00000001
     395005.000 ns	     39499	80008084	d0197a53	fcvt.s.wu	f20,x18	 x18:0x75e87000 f20=0x4eebd0e0
     395035.000 ns	     39502	80008088	026aab33	mulhsu	x22,x21,x6	 x21:0x75e87000  x6:0x80000017 x22=0x3af4380a
     395055.000 ns	     39504	8000808c	004f9013	slli	x0,x31,0x4	 x31:0x00000001
     395075.000 ns	     39506	80008090	02d33bb3	mulhu	x23,x6,x13	  x6:0x80000017 x13:0x00000003 x23=0x00000001
     395095.000 ns	     39508	80008094	01840f33	add	x30,x8,x24	  x8:0x00000779 x24:0x00000000 x30=0x00000779
     395105.000 ns	     39509	80008098	00000013	addi	x0,x0,0	  x0:0x00000000
     395135.000 ns	     39512	8000809c	18a1ad53	fdiv.s	f26,f3,f10	  f3:0x4f000410 f10:0x00000000 f26=0x7f800000
     395165.000 ns	     39515	800080a0	0390a833	mulhsu	x16,x1,x25	  x1:0xfffffd75 x25:0x00000001 x16=0xffffffff
     395195.000 ns	     39518	800080a4	295c03d3	fmin.s	f7,f24,f21	 f24:0x096bc77c f21:0x4f000005  f7=0x096bc77c
     395225.000 ns	     39521	800080a8	21e216d3	fsgnjn.s	f13,f4,f30	  f4:0x7fc00000 f30:0x7fc00000 f13=0xffc00000
     395245.000 ns	     39523	800080ac	6f204393	xori	x7,x0,1778	  x0:0x00000000  x7=0x000006f2
     395285.000 ns	     39527	800080b0	014b7ad3	fadd.s	f21,f22,f20	 f22:0x7fc00000 f20:0x4eebd0e0 f21=0x7fc00000
     395315.000 ns	     39530	800080b4	282e9253	fmax.s	f4,f29,f2	 f29:0x7fc00000  f2:0xcebec9e3  f4=0xcebec9e3
     395685.000 ns	     39567	800080b8	03eae2b3	rem	x5,x21,x30	 x21:0x75e87000 x30:0x00000779  x5=0x000003b7
     395705.000 ns	     39569	800080bc	00231f33	sll	x30,x6,x2	  x6:0x80000017  x2:0xfffffe5a x30=0x5c000000
     395725.000 ns	     39571	800080c0	a19c1f53	flt.s	x30,f24,f25	 f24:0x096bc77c f25:0x00000000 x30=0x00000000
     395755.000 ns	     39574	800080c4	d01b7fd3	fcvt.s.wu	f31,x22	 x22:0x3af4380a f31=0x4e6bd0e0
     396125.000 ns	     39611	800080c8	02ffd333	divu	x6,x31,x15	 x31:0x00000001 x15:0x80040fe4  x6=0x00000000
     396155.000 ns	     39614	800080cc	f00189d3	fmv.w.x	f19,x3	  x3:0x00000001 f19=0x00000001
     396175.000 ns	     39616	800080d0	00156333	or	x6,x10,x1	 x10:0x000003d0  x1:0xfffffd75  x6=0xfffffff5
     396185.000 ns	     39617	800080d4	c17a4193	xori	x3,x20,-1001	 x20:0x80041024  x3=0x7ffbec33
     396225.000 ns	     39621	800080d8	08b5f6d3	fsub.s	f13,f11,f11	 f11:0xffc00000 f11:0xffc00000 f13=0x7fc00000
     397405.000 ns	     39739	800080dc	58003c53	fsqrt.s	f24,f0	  f0:0x48000400 f24=0x43350a2c
     397425.000 ns	     39741	800080e0	404edbb3	sra	x23,x29,x4	 x29:0x00000001  x4:0x00000000 x23=0x00000001
     397445.000 ns	     39743	800080e4	d00e1853	fcvt.s.w	f16,x28	 x28:0xfffffcb9 f16=0xc451c000
     397475.000 ns	     39746	800080e8	285c98d3	fmax.s	f17,f25,f5	 f25:0x00000000  f5:0x00000000 f17=0x00000000
     397505.000 ns	     39749	800080ec	03148633	mul	x12,x9,x17	  x9:0x00000001 x17:0x80000014 x12=0x80000014
     397535.000 ns	     39752	800080f0	e0050153	fmv.x.w	x2,f10	 f10:0x00000000  x2=0x00000000
     397905.000 ns	     39789	800080f4	02bf7b33	remu	x22,x30,x11	 x30:0x00000000 x11:0x00000001 x22=0x00000000
     397925.000 ns	     39791	800080f8	325dbd37	lui	x26,0x325db	 x26=0x325db000
     397935.000 ns	     39792	800080fc	01c1a533	slt	x10,x3,x28	  x3:0x7ffbec33 x28:0xfffffcb9 x10=0x00000000
     397945.000 ns	     39793	80008100	001de733	or	x14,x27,x1	 x27:0x000003d0  x1:0xfffffd75 x14=0xfffffff5
     397965.000 ns	     39795	80008104	d011b7d3	fcvt.s.wu	f15,x3	  x3:0x7ffbec33 f15=0x4efff7d9
     397985.000 ns	     39797	80008108	0061f3b3	and	x7,x3,x6	  x3:0x7ffbec33  x6:0xfffffff5  x7=0x7ffbec31
     398005.000 ns	     39799	8000810c	033222b3	mulhsu	x5,x4,x19	  x4:0x00000000 x19:0x00000000  x5=0x00000000
     398035.000 ns	     39802	80008110	c014f9d3	fcvt.wu.s	x19,f9	  f9:0x000003af x19=0x00000000
     398085.000 ns	     39807	80008114	00727453	fadd.s	f8,f4,f7	  f4:0xcebec9e3  f7:0x096bc77c  f8=0xcebec9e3
     398115.000 ns	     39810	80008118	e00115d3	fclass.s	x11,f2	  f2:0xcebec9e3 x11=0x00000002
     398145.000 ns	     39813	8000811c	21ab97d3	fsgnjn.s	f15,f23,f26	 f23:0x7fc00000 f26:0x7f800000 f15=0xffc00000
     398175.000 ns	     39816	80008120	207f8053	fsgnj.s	f0,f31,f7	 f31:0x4e6bd0e0  f7:0x096bc77c  f0=0x4e6bd0e0
     398205.000 ns	     39819	80008124	02cb01b3	mul	x3,x22,x12	 x22:0x00000000 x12:0x80000014  x3=0x00000000
     398235.000 ns	     39822	80008128	f0000153	fmv.w.x	f2,x0	  x0:0x00000000  f2=0x00000000
     398255.000 ns	     39824	8000812c	5d863313	sltiu	x6,x12,1496	 x12:0x80000014  x6=0x00000000
     398285.000 ns	     39827	80008130	107d0dd3	fmul.s	f27,f26,f7	 f26:0x7f800000  f7:0x096bc77c f27=0x7f800000
     398315.000 ns	     39830	80008134	f0098cd3	fmv.w.x	f25,x19	 x19:0x00000000 f25=0x00000000
     398345.000 ns	     39833	80008138	a02ea553	feq.s	x10,f29,f2	 f29:0x7fc00000  f2:0x00000000 x10=0x00000000
     398375.000 ns	     39836	8000813c	02ad2ab3	mulhsu	x21,x26,x10	 x26:0x325db000 x10:0x00000000 x21=0x00000000
     398405.000 ns	     39839	80008140	e0079753	fclass.s	x14,f15	 f15:0xffc00000 x14=0x00000200
     398435.000 ns	     39842	80008144	c0057953	fcvt.w.s	x18,f10	 f10:0x00000000 x18=0x00000000
     398455.000 ns	     39844	80008148	00529993	slli	x19,x5,0x5	  x5:0x00000000 x19=0x00000000
     398475.000 ns	     39846	8000814c	a12caed3	feq.s	x29,f25,f18	 f25:0x00000000 f18:0x7fc00000 x29=0x00000000
     398505.000 ns	     39849	80008150	a0680853	fle.s	x16,f16,f6	 f16:0xc451c000  f6:0x000003af x16=0x00000001
     398535.000 ns	     39852	80008154	d009f853	fcvt.s.w	f16,x19	 x19:0x00000000 f16=0x00000000
     398555.000 ns	     39854	80008158	01f70833	add	x16,x14,x31	 x14:0x00000200 x31:0x00000001 x16=0x00000201
     398575.000 ns	     39856	8000815c	035f5433	divu	x8,x30,x21	 x30:0x00000000 x21:0x00000000  x8=0xffffffff
     398605.000 ns	     39859	80008160	21b11dd3	fsgnjn.s	f27,f2,f27	  f2:0x00000000 f27:0x7f800000 f27=0x80000000
     398635.000 ns	     39862	80008164	0233f133	remu	x2,x7,x3	  x7:0x7ffbec31  x3:0x00000000  x2=0x7ffbec31
     398665.000 ns	     39865	80008168	c00cf853	fcvt.w.s	x16,f25	 f25:0x00000000 x16=0x00000000
     398685.000 ns	     39867	8000816c	013de633	or	x12,x27,x19	 x27:0x000003d0 x19:0x00000000 x12=0x000003d0
     398705.000 ns	     39869	80008170	029b2833	mulhsu	x16,x22,x9	 x22:0x00000000  x9:0x00000001 x16=0x00000000
     398735.000 ns	     39872	80008174	039c3333	mulhu	x6,x24,x25	 x24:0x00000000 x25:0x00000001  x6=0x00000000
     398765.000 ns	     39875	80008178	208b95d3	fsgnjn.s	f11,f23,f8	 f23:0x7fc00000  f8:0xcebec9e3 f11=0x7fc00000
     398795.000 ns	     39878	8000817c	d0187d53	fcvt.s.wu	f26,x16	 x16:0x00000000 f26=0x00000000
     398815.000 ns	     39880	80008180	26838013	addi	x0,x7,616	  x7:0x7ffbec31
     398835.000 ns	     39882	80008184	037f1bb3	mulh	x23,x30,x23	 x30:0x00000000 x23:0x00000001 x23=0x00000000
     398865.000 ns	     39885	80008188	a1879bd3	flt.s	x23,f15,f24	 f15:0xffc00000 f24:0x43350a2c x23=0x00000000
     398885.000 ns	     39887	8000818c	0040e3b3	or	x7,x1,x4	  x1:0xfffffd75  x4:0x00000000  x7=0xfffffd75
     398895.000 ns	     39888	80008190	41e48bb3	sub	x23,x9,x30	  x9:0x00000001 x30:0x00000000 x23=0x00000001
     398915.000 ns	     39890	80008194	c0027753	fcvt.w.s	x14,f4	  f4:0xcebec9e3 x14=0x5f64f180
     399285.000 ns	     39927	80008198	037a5e33	divu	x28,x20,x23	 x20:0x80041024 x23:0x00000000 x28=0x80041024
     399305.000 ns	     39929	8000819c	1f186493	ori	x9,x16,497	 x16:0x00000000  x9=0x000001f1
     399315.000 ns	     39930	800081a0	41c15113	srai	x2,x2,0x1c	  x2:0x7ffbec31  x2=0x00000007
     399335.000 ns	     39932	800081a4	d011fed3	fcvt.s.wu	f29,x3	  x3:0x00000000 f29=0x00000000
     399355.000 ns	     39934	800081a8	018ed2b3	srl	x5,x29,x24	 x29:0x00000000 x24:0x00000000  x5=0x00000000
     399395.000 ns	     39938	800081ac	08df70d3	fsub.s	f1,f30,f13	 f30:0x7fc00000 f13:0x7fc00000  f1=0x7fc00000
     399425.000 ns	     39941	800081b0	c0097fd3	fcvt.w.s	x31,f18	 f18:0x7fc00000 x31=0x7fffffff
     399455.000 ns	     39944	800081b4	21830153	fsgnj.s	f2,f6,f24	  f6:0x000003af f24:0x43350a2c  f2=0x000003af
     399485.000 ns	     39947	800081b8	f00880d3	fmv.w.x	f1,x17	 x17:0x80000014  f1=0x80000014
     399505.000 ns	     39949	800081bc	bb0dcab7	lui	x21,0xbb0dc	 x21=0xbb0dc000
     399525.000 ns	     39951	800081c0	d0177753	fcvt.s.wu	f14,x14	 x14:0x5f64f180 f14=0x4ebec9e3
     399555.000 ns	     39954	800081c4	035f23b3	mulhsu	x7,x30,x21	 x30:0x00000000 x21:0x00000000  x7=0x00000000
     399585.000 ns	     39957	800081c8	e0018753	fmv.x.w	x14,f3	  f3:0x4f000410 x14=0x4f000410
     399625.000 ns	     39961	800081cc	18537053	fdiv.s	f0,f6,f5	  f6:0x000003af  f5:0x00000000  f0=0x7f800000
     399655.000 ns	     39964	800081d0	02cbb0b3	mulhu	x1,x23,x12	 x23:0x00000001 x12:0x000003d0  x1=0x00000000
     400025.000 ns	     40001	800081d4	03c0f2b3	remu	x5,x1,x28	  x1:0xfffffd75 x28:0x80041024  x5=0x00000000
     401205.000 ns	     40119	800081d8	5809cc53	fsqrt.s	f24,f19	 f19:0x00000001 f24=0x1f350483
     401235.000 ns	     40122	800081dc	020ffbb3	remu	x23,x31,x0	 x31:0x7fffffff  x0:0x00000000 x23=0x7fffffff
     401275.000 ns	     40126	800081e0	580cfdd3	fsqrt.s	f27,f25	 f25:0x00000000 f27=0x00000000
     401325.000 ns	     40131	800081e4	09772f53	fsub.s	f30,f14,f23	 f14:0x4ebec9e3 f23:0x7fc00000 f30=0x7fc00000
     401345.000 ns	     40133	800081e8	01f53db3	sltu	x27,x10,x31	 x10:0x00000000 x31:0x7fffffff x27=0x00000001
     401365.000 ns	     40135	800081ec	a18b29d3	feq.s	x19,f22,f24	 f22:0x7fc00000 f24:0x1f350483 x19=0x00000000
     401385.000 ns	     40137	800081f0	4105d313	srai	x6,x11,0x10	 x11:0x00000002  x6=0x00000000
     401415.000 ns	     40140	800081f4	18b07953	fdiv.s	f18,f0,f11	  f0:0x7f800000 f11:0x7fc00000 f18=0x7fc00000
     401445.000 ns	     40143	800081f8	a1482453	feq.s	x8,f16,f20	 f16:0x00000000 f20:0x4eebd0e0  x8=0x00000000
     401465.000 ns	     40145	800081fc	0141cbb3	xor	x23,x3,x20	  x3:0x00000000 x20:0x80041024 x23=0x80041024
     401485.000 ns	     40147	80008200	218496d3	fsgnjn.s	f13,f9,f24	  f9:0x000003af f24:0x1f350483 f13=0x800003af
     401505.000 ns	     40149	80008204	011c9f13	slli	x30,x25,0x11	 x25:0x00000001 x30=0x00020000
     401525.000 ns	     40151	80008208	02747133	remu	x2,x8,x7	  x8:0x00000000  x7:0x00000000  x2=0x00000000
     401545.000 ns	     40153	8000820c	40395033	sra	x0,x18,x3	 x18:0x00000000  x3:0x00000000
     401555.000 ns	     40154	80008210	0081beb3	sltu	x29,x3,x8	  x3:0x00000000  x8:0x00000000 x29=0x00000000
     401565.000 ns	     40155	80008214	00f7a433	slt	x8,x15,x15	 x15:0x80040fe4 x15:0x80040fe4  x8=0x00000000
     401575.000 ns	     40156	80008218	018e4433	xor	x8,x28,x24	 x28:0x80041024 x24:0x00000000  x8=0x80041024
     401595.000 ns	     40158	8000821c	a1970fd3	fle.s	x31,f14,f25	 f14:0x4ebec9e3 f25:0x00000000 x31=0x00000000
     401645.000 ns	     40163	80008220	09d2f153	fsub.s	f2,f5,f29	  f5:0x00000000 f29:0x00000000  f2=0x80000000
     401675.000 ns	     40166	80008224	e00089d3	fmv.x.w	x19,f1	  f1:0x80000014 x19=0x80000014
     401705.000 ns	     40169	80008228	02c4b1b3	mulhu	x3,x9,x12	  x9:0x000001f1 x12:0x000003d0  x3=0x00000000
     401725.000 ns	     40171	8000822c	01c79c13	slli	x24,x15,0x1c	 x15:0x80040fe4 x24=0x40000000
     401735.000 ns	     40172	80008230	004a49b3	xor	x19,x20,x4	 x20:0x80041024  x4:0x00000000 x19=0x80041024
     401755.000 ns	     40174	80008234	029ebeb3	mulhu	x29,x29,x9	 x29:0x00000000  x9:0x000001f1 x29=0x00000000
     401775.000 ns	     40176	80008238	452b7b13	andi	x22,x22,1106	 x22:0x00000000 x22=0x00000000
     401795.000 ns	     40178	8000823c	e0099c53	fclass.s	x24,f19	 f19:0x00000001 x24=0x00000020
     401815.000 ns	     40180	80008240	0a947297	auipc	x5,0xa947	  x5=0x8a94f240
     401835.000 ns	     40182	80008244	0335b133	mulhu	x2,x11,x19	 x11:0x00000002 x19:0x80041024  x2=0x00000001
     402205.000 ns	     40219	80008248	0312e933	rem	x18,x5,x17	  x5:0x00000000 x17:0x80000014 x18=0x8a94f240
     402225.000 ns	     40221	8000824c	00e422b3	slt	x5,x8,x14	  x8:0x80041024 x14:0x4f000410  x5=0x00000001
     402245.000 ns	     40223	80008250	21aa9753	fsgnjn.s	f14,f21,f26	 f21:0x7fc00000 f26:0x00000000 f14=0xffc00000
     402265.000 ns	     40225	80008254	016a5313	srli	x6,x20,0x16	 x20:0x80041024  x6=0x00000200
     402285.000 ns	     40227	80008258	e00404d3	fmv.x.w	x9,f8	  f8:0xcebec9e3  x9=0xcebec9e3
     402335.000 ns	     40232	8000825c	090900d3	fsub.s	f1,f18,f16	 f18:0x7fc00000 f16:0x00000000  f1=0x7fc00000
     402355.000 ns	     40234	80008260	41a3d993	srai	x19,x7,0x1a	  x7:0x00000000 x19=0x00000000
     402375.000 ns	     40236	80008264	298c12d3	fmax.s	f5,f24,f24	 f24:0x1f350483 f24:0x1f350483  f5=0x1f350483
     402405.000 ns	     40239	80008268	29ee1cd3	fmax.s	f25,f28,f30	 f28:0x000003af f30:0x7fc00000 f25=0x000003af
     402435.000 ns	     40242	8000826c	031f9133	mulh	x2,x31,x17	 x31:0x00000000 x17:0x80000014  x2=0x00000000
     402465.000 ns	     40245	80008270	02a45ab3	divu	x21,x8,x10	  x8:0x80041024 x10:0x00000000 x21=0xffffffff
     402485.000 ns	     40247	80008274	00227db3	and	x27,x4,x2	  x4:0x00000000  x2:0x00000000 x27=0x00000000
     402495.000 ns	     40248	80008278	09bbad93	slti	x27,x23,155	 x23:0x80041024 x27=0x00000001
     402515.000 ns	     40250	8000827c	a04d29d3	feq.s	x19,f26,f4	 f26:0x00000000  f4:0xcebec9e3 x19=0x00000000
     402545.000 ns	     40253	80008280	20458e53	fsgnj.s	f28,f11,f4	 f11:0x7fc00000  f4:0xcebec9e3 f28=0xffc00000
     402565.000 ns	     40255	80008284	cb4d3713	sltiu	x14,x26,-844	 x26:0x325db000 x14=0x00000001
     402575.000 ns	     40256	80008288	e51e8013	addi	x0,x29,-431	 x29:0x00000000
     402595.000 ns	     40258	8000828c	d0068c53	fcvt.s.w	f24,x13	 x13:0x00000003 f24=0x40400000
     402625.000 ns	     40261	80008290	e00e8d53	fmv.x.w	x26,f29	 f29:0x00000000 x26=0x00000000
     402645.000 ns	     40263	80008294	02106e93	ori	x29,x0,33	  x0:0x00000000 x29=0x00000021
     402655.000 ns	     40264	80008298	00279833	sll	x16,x15,x2	 x15:0x80040fe4  x2:0x00000000 x16=0x80040fe4
     402665.000 ns	     40265	8000829c	01c8cfb3	xor	x31,x17,x28	 x17:0x80000014 x28:0x80041024 x31=0x00041030
     402705.000 ns	     40269	800082a0	015c41d3	fadd.s	f3,f24,f21	 f24:0x40400000 f21:0x7fc00000  f3=0x7fc00000
     402745.000 ns	     40273	800082a4	580a93d3	fsqrt.s	f7,f21	 f21:0x7fc00000  f7=0x7fc00000
     402765.000 ns	     40275	800082a8	81f9af13	slti	x30,x19,-2017	 x19:0x00000000 x30=0x00000000
     402775.000 ns	     40276	800082ac	ff966c93	ori	x25,x12,-7	 x12:0x000003d0 x25=0xfffffff9
     402785.000 ns	     40277	800082b0	407152b3	sra	x5,x2,x7	  x2:0x00000000  x7:0x00000000  x5=0x00000000
     402795.000 ns	     40278	800082b4	341f8713	addi	x14,x31,833	 x31:0x00041030 x14=0x00041371
     402805.000 ns	     40279	800082b8	01f5b4b3	sltu	x9,x11,x31	 x11:0x00000002 x31:0x00041030  x9=0x00000001
     402825.000 ns	     40281	800082bc	a093aed3	feq.s	x29,f7,f9	  f7:0x7fc00000  f9:0x000003af x29=0x00000000
     402845.000 ns	     40283	800082c0	01609233	sll	x4,x1,x22	  x1:0x00000000 x22:0x00000000  x4=0x00000000
     402855.000 ns	     40284	800082c4	00d82e33	slt	x28,x16,x13	 x16:0x80040fe4 x13:0x00000003 x28=0x00000001
     402865.000 ns	     40285	800082c8	001a9eb3	sll	x29,x21,x1	 x21:0xffffffff  x1:0x00000000 x29=0xffffffff
     402895.000 ns	     40288	800082cc	1952f3d3	fdiv.s	f7,f5,f21	  f5:0x1f350483 f21:0x7fc00000  f7=0x7fc00000
     402925.000 ns	     40291	800082d0	21f58c53	fsgnj.s	f24,f11,f31	 f11:0x7fc00000 f31:0x4e6bd0e0 f24=0x7fc00000
     402945.000 ns	     40293	800082d4	007c9613	slli	x12,x25,0x7	 x25:0xfffffff9 x12=0xfffffc80
     402955.000 ns	     40294	800082d8	003b82b3	add	x5,x23,x3	 x23:0x80041024  x3:0x00000000  x5=0x80041024
     402975.000 ns	     40296	800082dc	a027a1d3	feq.s	x3,f15,f2	 f15:0xffc00000  f2:0x80000000  x3=0x00000000
     403005.000 ns	     40299	800082e0	e00f9253	fclass.s	x4,f31	 f31:0x4e6bd0e0  x4=0x00000040
     403025.000 ns	     40301	800082e4	018770b3	and	x1,x14,x24	 x14:0x00041371 x24:0x00000020  x1=0x00000020
     403035.000 ns	     40302	800082e8	fc836097	auipc	x1,0xfc836	  x1=0x7c83e2e8
     403045.000 ns	     40303	800082ec	00000013	addi	x0,x0,0	  x0:0x00000000
     403065.000 ns	     40305	800082f0	a0571553	flt.s	x10,f14,f5	 f14:0xffc00000  f5:0x1f350483 x10=0x00000000
     403085.000 ns	     40307	800082f4	00d10633	add	x12,x2,x13	  x2:0x00000000 x13:0x00000003 x12=0x00000003
     403105.000 ns	     40309	800082f8	f0010fd3	fmv.w.x	f31,x2	  x2:0x00000000 f31=0x00000000
     403125.000 ns	     40311	800082fc	01c01f93	slli	x31,x0,0x1c	  x0:0x00000000 x31=0x00000000
     403135.000 ns	     40312	80008300	00d39e33	sll	x28,x7,x13	  x7:0x00000000 x13:0x00000003 x28=0x00000000
     403145.000 ns	     40313	80008304	0142dbb3	srl	x23,x5,x20	  x5:0x80041024 x20:0x80041024 x23=0x08004102
     403165.000 ns	     40315	80008308	211c92d3	fsgnjn.s	f5,f25,f17	 f25:0x000003af f17:0x00000000  f5=0x800003af
     403195.000 ns	     40318	8000830c	027f3933	mulhu	x18,x30,x7	 x30:0x00000000  x7:0x00000000 x18=0x00000000
     403225.000 ns	     40321	80008310	20678e53	fsgnj.s	f28,f15,f6	 f15:0xffc00000  f6:0x000003af f28=0x7fc00000
     403275.000 ns	     40326	80008314	00427fd3	fadd.s	f31,f4,f4	  f4:0xcebec9e3  f4:0xcebec9e3 f31=0xcf3ec9e3
     403305.000 ns	     40329	80008318	28599e53	fmax.s	f28,f19,f5	 f19:0x00000001  f5:0x800003af f28=0x00000001
     403335.000 ns	     40332	8000831c	a1fc14d3	flt.s	x9,f24,f31	 f24:0x7fc00000 f31:0xcf3ec9e3  x9=0x00000000
     403355.000 ns	     40334	80008320	4132ab13	slti	x22,x5,1043	  x5:0x80041024 x22=0x00000001
     403375.000 ns	     40336	80008324	a01a2353	feq.s	x6,f20,f1	 f20:0x4eebd0e0  f1:0x7fc00000  x6=0x00000000
     403415.000 ns	     40340	80008328	1887f753	fdiv.s	f14,f15,f8	 f15:0xffc00000  f8:0xcebec9e3 f14=0x7fc00000
     403445.000 ns	     40343	8000832c	03e8f233	remu	x4,x17,x30	 x17:0x80000014 x30:0x00000000  x4=0x80000014
     403465.000 ns	     40345	80008330	08629f17	auipc	x30,0x8629	 x30=0x88631330
     403485.000 ns	     40347	80008334	02de84b3	mul	x9,x29,x13	 x29:0xffffffff x13:0x00000003  x9=0xfffffffd
     403515.000 ns	     40350	80008338	d013f6d3	fcvt.s.wu	f13,x7	  x7:0x00000000 f13=0x00000000
     403565.000 ns	     40355	8000833c	01acf453	fadd.s	f8,f25,f26	 f25:0x000003af f26:0x00000000  f8=0x000003af
     403595.000 ns	     40358	80008340	a07c2053	feq.s	x0,f24,f7	 f24:0x7fc00000  f7:0x7fc00000
     403615.000 ns	     40360	80008344	e63ace97	auipc	x29,0xe63ac	 x29=0x663b4344
     403625.000 ns	     40361	80008348	41a209b3	sub	x19,x4,x26	  x4:0x80000014 x26:0x00000000 x19=0x80000014
     403635.000 ns	     40362	8000834c	006fdbb3	srl	x23,x31,x6	 x31:0x00000000  x6:0x00000000 x23=0x00000000
     403655.000 ns	     40364	80008350	d0097cd3	fcvt.s.w	f25,x18	 x18:0x00000000 f25=0x00000000
     403675.000 ns	     40366	80008354	00045513	srli	x10,x8,0x0	  x8:0x80041024 x10=0x80041024
     403695.000 ns	     40368	80008358	03accdb3	div	x27,x25,x26	 x25:0xfffffff9 x26:0x00000000 x27=0xffffffff
     403715.000 ns	     40370	8000835c	40bc8eb3	sub	x29,x25,x11	 x25:0xfffffff9 x11:0x00000002 x29=0xfffffff7
     403735.000 ns	     40372	80008360	02042933	mulhsu	x18,x8,x0	  x8:0x80041024  x0:0x00000000 x18=0x00000000
     403765.000 ns	     40375	80008364	0285aeb3	mulhsu	x29,x11,x8	 x11:0x00000002  x8:0x80041024 x29=0x00000001
     403815.000 ns	     40380	80008368	081bf9d3	fsub.s	f19,f23,f1	 f23:0x7fc00000  f1:0x7fc00000 f19=0x7fc00000
     403835.000 ns	     40382	8000836c	4d073c13	sltiu	x24,x14,1232	 x14:0x00041371 x24=0x00000000
     403855.000 ns	     40384	80008370	206220d3	fsgnjx.s	f1,f4,f6	  f4:0xcebec9e3  f6:0x000003af  f1=0xcebec9e3
     403885.000 ns	     40387	80008374	a09984d3	fle.s	x9,f19,f9	 f19:0x7fc00000  f9:0x000003af  x9=0x00000000
     403915.000 ns	     40390	80008378	20be2ad3	fsgnjx.s	f21,f28,f11	 f28:0x00000001 f11:0x7fc00000 f21=0x00000001
     403945.000 ns	     40393	8000837c	29920953	fmin.s	f18,f4,f25	  f4:0xcebec9e3 f25:0x00000000 f18=0xcebec9e3
     403975.000 ns	     40396	80008380	c00ef953	fcvt.w.s	x18,f29	 f29:0x00000000 x18=0x00000000
     403995.000 ns	     40398	80008384	41bfdb93	srai	x23,x31,0x1b	 x31:0x00000000 x23=0x00000000
     404005.000 ns	     40399	80008388	5a802f93	slti	x31,x0,1448	  x0:0x00000000 x31=0x00000001
     404025.000 ns	     40401	8000838c	02b139b3	mulhu	x19,x2,x11	  x2:0x00000000 x11:0x00000002 x19=0x00000000
     404045.000 ns	     40403	80008390	d201ff93	andi	x31,x3,-736	  x3:0x00000000 x31=0x00000000
     404065.000 ns	     40405	80008394	02d48db3	mul	x27,x9,x13	  x9:0x00000000 x13:0x00000003 x27=0x00000000
     404085.000 ns	     40407	80008398	01cdd9b3	srl	x19,x27,x28	 x27:0xffffffff x28:0x00000000 x19=0x00000000
     404115.000 ns	     40410	8000839c	1039fb53	fmul.s	f22,f19,f3	 f19:0x7fc00000  f3:0x7fc00000 f22=0x7fc00000
     404145.000 ns	     40413	800083a0	0290cdb3	div	x27,x1,x9	  x1:0x7c83e2e8  x9:0x00000000 x27=0xffffffff
     404165.000 ns	     40415	800083a4	49a48d13	addi	x26,x9,1178	  x9:0x00000000 x26=0x0000049a
     404175.000 ns	     40416	800083a8	e5e8f5b7	lui	x11,0xe5e8f	 x11=0xe5e8f000
     404185.000 ns	     40417	800083ac	e680e2b7	lui	x5,0xe680e	  x5=0xe680e000
     404205.000 ns	     40419	800083b0	21589153	fsgnjn.s	f2,f17,f21	 f17:0x00000000 f21:0x00000001  f2=0x80000000
     404225.000 ns	     40421	800083b4	00116133	or	x2,x2,x1	  x2:0x00000000  x1:0x7c83e2e8  x2=0x7c83e2e8
     404235.000 ns	     40422	800083b8	01ef7eb3	and	x29,x30,x30	 x30:0x88631330 x30:0x88631330 x29=0x88631330
     404245.000 ns	     40423	800083bc	00ac1733	sll	x14,x24,x10	 x24:0x00000000 x10:0x80041024 x14=0x00000000
     404265.000 ns	     40425	800083c0	a0eb08d3	fle.s	x17,f22,f14	 f22:0x7fc00000 f14:0x7fc00000 x17=0x00000000
     404295.000 ns	     40428	800083c4	a1170553	fle.s	x10,f14,f17	 f14:0x7fc00000 f17:0x00000000 x10=0x00000000
     404315.000 ns	     40430	800083c8	013679b3	and	x19,x12,x19	 x12:0x00000003 x19:0x00000000 x19=0x00000000
     404325.000 ns	     40431	800083cc	006d5d33	srl	x26,x26,x6	 x26:0x0000049a  x6:0x00000000 x26=0x0000049a
     404345.000 ns	     40433	800083d0	d00d78d3	fcvt.s.w	f17,x26	 x26:0x0000049a f17=0x44934000
     404375.000 ns	     40436	800083d4	c01b7e53	fcvt.wu.s	x28,f22	 f22:0x7fc00000 x28=0xffffffff
     404395.000 ns	     40438	800083d8	00c46333	or	x6,x8,x12	  x8:0x80041024 x12:0x00000003  x6=0x80041027
     404405.000 ns	     40439	800083dc	47f44437	lui	x8,0x47f44	  x8=0x47f44000
     404425.000 ns	     40441	800083e0	027800b3	mul	x1,x16,x7	 x16:0x80040fe4  x7:0x00000000  x1=0x00000000
     404445.000 ns	     40443	800083e4	5d658813	addi	x16,x11,1494	 x11:0xe5e8f000 x16=0xe5e8f5d6
     404455.000 ns	     40444	800083e8	00cf85b3	add	x11,x31,x12	 x31:0x00000000 x12:0x00000003 x11=0x00000003
     404475.000 ns	     40446	800083ec	29e508d3	fmin.s	f17,f10,f30	 f10:0x00000000 f30:0x7fc00000 f17=0x00000000
     404495.000 ns	     40448	800083f0	c2125cb7	lui	x25,0xc2125	 x25=0xc2125000
     404515.000 ns	     40450	800083f4	215f2153	fsgnjx.s	f2,f30,f21	 f30:0x7fc00000 f21:0x00000001  f2=0x7fc00000
     404565.000 ns	     40455	800083f8	094ffa53	fsub.s	f20,f31,f20	 f31:0xcf3ec9e3 f20:0x4eebd0e0 f20=0xcf9a5929
     404585.000 ns	     40457	800083fc	00e93db3	sltu	x27,x18,x14	 x18:0x00000000 x14:0x00000000 x27=0x00000000
     404595.000 ns	     40458	80008400	01efc533	xor	x10,x31,x30	 x31:0x00000000 x30:0x88631330 x10=0x88631330
     404605.000 ns	     40459	80008404	00c6b8b3	sltu	x17,x13,x12	 x13:0x00000003 x12:0x00000003 x17=0x00000000
     404635.000 ns	     40462	80008408	18a576d3	fdiv.s	f13,f10,f10	 f10:0x00000000 f10:0x00000000 f13=0x7fc00000
     404665.000 ns	     40465	8000840c	29de93d3	fmax.s	f7,f29,f29	 f29:0x00000000 f29:0x00000000  f7=0x00000000
     404695.000 ns	     40468	80008410	28ff1dd3	fmax.s	f27,f30,f15	 f30:0x7fc00000 f15:0xffc00000 f27=0x7fc00000
     405065.000 ns	     40505	80008414	0302e833	rem	x16,x5,x16	  x5:0xe680e000 x16:0xe5e8f5d6 x16=0xe680e000
     405085.000 ns	     40507	80008418	ddc26f93	ori	x31,x4,-548	  x4:0x80000014 x31=0xfffffddc
     405095.000 ns	     40508	8000841c	00000013	addi	x0,x0,0	  x0:0x00000000
     405105.000 ns	     40509	80008420	00000013	addi	x0,x0,0	  x0:0x00000000
     405125.000 ns	     40511	80008424	d01f7053	fcvt.s.wu	f0,x30	 x30:0x88631330  f0=0x4f086313
     405165.000 ns	     40515	80008428	19007c53	fdiv.s	f24,f0,f16	  f0:0x7f800000 f16:0x00000000 f24=0x7f800000
     405185.000 ns	     40517	8000842c	204e0b13	addi	x22,x28,516	 x28:0xffffffff x22=0x00000203
     405195.000 ns	     40518	80008430	40dd5a93	srai	x21,x26,0xd	 x26:0x0000049a x21=0x00000000
     405215.000 ns	     40520	80008434	d01a3953	fcvt.s.wu	f18,x20	 x20:0x80041024 f18=0x4f000411
     405235.000 ns	     40522	80008438	00095713	srli	x14,x18,0x0	 x18:0x00000000 x14=0x00000000
     405275.000 ns	     40526	8000843c	01e822d3	fadd.s	f5,f16,f30	 f16:0x00000000 f30:0x7fc00000  f5=0x7fc00000
     405295.000 ns	     40528	80008440	f57fe713	ori	x14,x31,-169	 x31:0xfffffddc x14=0xffffffdf
     405305.000 ns	     40529	80008444	9ee63513	sltiu	x10,x12,-1554	 x12:0x00000003 x10=0x00000001
     405315.000 ns	     40530	80008448	41c08933	sub	x18,x1,x28	  x1:0x00000000 x28:0xffffffff x18=0x00000001
     405325.000 ns	     40531	8000844c	009e9b13	slli	x22,x29,0x9	 x29:0x88631330 x22=0xc6266000
     405365.000 ns	     40535	80008450	08892dd3	fsub.s	f27,f18,f8	 f18:0x4f000411  f8:0x000003af f27=0x4f000411
     405385.000 ns	     40537	80008454	b6391617	auipc	x12,0xb6391	 x12=0x36399454
     405395.000 ns	     40538	80008458	41e65bb3	sra	x23,x12,x30	 x12:0x00000003 x30:0x88631330 x23=0x00003639
     405415.000 ns	     40540	8000845c	293e8853	fmin.s	f16,f29,f19	 f29:0x00000000 f19:0x7fc00000 f16=0x00000000
     405445.000 ns	     40543	80008460	285c8d53	fmin.s	f26,f25,f5	 f25:0x00000000  f5:0x7fc00000 f26=0x00000000
     405465.000 ns	     40545	80008464	00ea1a93	slli	x21,x20,0xe	 x20:0x80041024 x21=0x04090000
     405825.000 ns	     40581	80008468	02d6f533	remu	x10,x13,x13	 x13:0x00000003 x13:0x00000003 x10=0x00000000
     405845.000 ns	     40583	8000846c	003efcb3	and	x25,x29,x3	 x29:0x88631330  x3:0x00000000 x25=0x00000000
     405855.000 ns	     40584	80008470	016138b3	sltu	x17,x2,x22	  x2:0x7c83e2e8 x22:0xc6266000 x17=0x00000001
     405875.000 ns	     40586	80008474	20bd26d3	fsgnjx.s	f13,f26,f11	 f26:0x00000000 f11:0x7fc00000 f13=0x00000000
     405905.000 ns	     40589	80008478	a1f0a8d3	feq.s	x17,f1,f31	  f1:0xcebec9e3 f31:0xcf3ec9e3 x17=0x00000000
     405935.000 ns	     40592	8000847c	a17619d3	flt.s	x19,f12,f23	 f12:0x7fc00000 f23:0x7fc00000 x19=0x00000000
     405965.000 ns	     40595	80008480	027e23b3	mulhsu	x7,x28,x7	 x28:0xffffffff  x7:0x00000000  x7=0x00000000
     405985.000 ns	     40597	80008484	00479933	sll	x18,x15,x4	 x15:0x80040fe4  x4:0x80000014 x18=0xfe400000
     405995.000 ns	     40598	80008488	0137d733	srl	x14,x15,x19	 x15:0x80040fe4 x19:0x00000000 x14=0x80040fe4
     406015.000 ns	     40600	8000848c	e0078953	fmv.x.w	x18,f15	 f15:0xffc00000 x18=0xffc00000
     406385.000 ns	     40637	80008490	0240ce33	div	x28,x1,x4	  x1:0x00000000  x4:0x80000014 x28=0x00000000
     406405.000 ns	     40639	80008494	009a03b3	add	x7,x20,x9	 x20:0x80041024  x9:0x00000000  x7=0x80041024
     406415.000 ns	     40640	80008498	23380b93	addi	x23,x16,563	 x16:0xe680e000 x23=0xe680e233
     406435.000 ns	     40642	8000849c	02de93b3	mulh	x7,x29,x13	 x29:0x88631330 x13:0x00000003  x7=0xfffffffe
     406465.000 ns	     40645	800084a0	c01879d3	fcvt.wu.s	x19,f16	 f16:0x00000000 x19=0x00000000
     406495.000 ns	     40648	800084a4	02611833	mulh	x16,x2,x6	  x2:0x7c83e2e8  x6:0x80041027 x16=0xc1c00876
     406515.000 ns	     40650	800084a8	01467c33	and	x24,x12,x20	 x12:0x36399454 x20:0x80041024 x24=0x00001004
     406875.000 ns	     40686	800084ac	0264d4b3	divu	x9,x9,x6	  x9:0x00000000  x6:0x80041027  x9=0x00000000
     407245.000 ns	     40723	800084b0	03224bb3	div	x23,x4,x18	  x4:0x80000014 x18:0xffc00000 x23=0x000001ff
     407615.000 ns	     40760	800084b4	02496b33	rem	x22,x18,x4	 x18:0xffc00000  x4:0x80000014 x22=0xffc00000
     407655.000 ns	     40764	800084b8	58078553	fsqrt.s	f10,f15	 f15:0xffc00000 f10=0x7fc00000
     407675.000 ns	     40766	800084bc	00000013	addi	x0,x0,0	  x0:0x00000000
     407695.000 ns	     40768	800084c0	e0089353	fclass.s	x6,f17	 f17:0x00000000  x6=0x00000010
     407715.000 ns	     40770	800084c4	cb61a293	slti	x5,x3,-842	  x3:0x00000000  x5=0x00000000
     408075.000 ns	     40806	800084c8	03a84cb3	div	x25,x16,x26	 x16:0xc1c00876 x26:0x0000049a x25=0xfff278d6
     408105.000 ns	     40809	800084cc	a0a313d3	flt.s	x7,f6,f10	  f6:0x000003af f10:0x7fc00000  x7=0x00000000
     408125.000 ns	     40811	800084d0	0ae91217	auipc	x4,0xae91	  x4=0x8ae994d0
     408145.000 ns	     40813	800084d4	036e8033	mul	x0,x29,x22	 x29:0x88631330 x22:0xffc00000
     408195.000 ns	     40818	800084d8	085893d3	fsub.s	f7,f17,f5	 f17:0x00000000  f5:0x7fc00000  f7=0x7fc00000
     408245.000 ns	     40823	800084dc	00e5c153	fadd.s	f2,f11,f14	 f11:0x7fc00000 f14:0x7fc00000  f2=0x7fc00000
     408275.000 ns	     40826	800084e0	a01e0fd3	fle.s	x31,f28,f1	 f28:0x00000001  f1:0xcebec9e3 x31=0x00000000
     408295.000 ns	     40828	800084e4	018ca933	slt	x18,x25,x24	 x25:0xfff278d6 x24:0x00001004 x18=0x00000001
     408305.000 ns	     40829	800084e8	01ee1cb3	sll	x25,x28,x30	 x28:0x00000000 x30:0x88631330 x25=0x00000000
     408315.000 ns	     40830	800084ec	8f7882b7	lui	x5,0x8f788	  x5=0x8f788000
     408325.000 ns	     40831	800084f0	005af933	and	x18,x21,x5	 x21:0x04090000  x5:0x00000000 x18=0x04080000
     408685.000 ns	     40867	800084f4	03737d33	remu	x26,x6,x23	  x6:0x00000010 x23:0x000001ff x26=0x00000010
     408705.000 ns	     40869	800084f8	419f8233	sub	x4,x31,x25	 x31:0x00000000 x25:0x00000000  x4=0x00000000
     408745.000 ns	     40873	800084fc	018b04d3	fadd.s	f9,f22,f24	 f22:0x7fc00000 f24:0x7f800000  f9=0x7fc00000
     408765.000 ns	     40875	80008500	078d0913	addi	x18,x26,120	 x26:0x00000010 x18=0x00000088
     408775.000 ns	     40876	80008504	99c70d37	lui	x26,0x99c70	 x26=0x99c70000
     408785.000 ns	     40877	80008508	01126bb3	or	x23,x4,x17	  x4:0x00000000 x17:0x00000000 x23=0x00000000
     408805.000 ns	     40879	8000850c	292595d3	fmax.s	f11,f11,f18	 f11:0x7fc00000 f18:0x4f000411 f11=0x4f000411
     408835.000 ns	     40882	80008510	03b2b933	mulhu	x18,x5,x27	  x5:0x8f788000 x27:0x00000000 x18=0x00000000
     408865.000 ns	     40885	80008514	21249653	fsgnjn.s	f12,f9,f18	  f9:0x7fc00000 f18:0x4f000411 f12=0xffc00000
     408885.000 ns	     40887	80008518	beedd837	lui	x16,0xbeedd	 x16=0xbeedd000
     408905.000 ns	     40889	8000851c	218c26d3	fsgnjx.s	f13,f24,f24	 f24:0x7f800000 f24:0x7f800000 f13=0x7f800000
     408935.000 ns	     40892	80008520	a0ce2ed3	feq.s	x29,f28,f12	 f28:0x00000001 f12:0xffc00000 x29=0x00000000
     408965.000 ns	     40895	80008524	026a12b3	mulh	x5,x20,x6	 x20:0x80041024  x6:0x00000010  x5=0xfffffff8
     408995.000 ns	     40898	80008528	0200c933	div	x18,x1,x0	  x1:0x00000000  x0:0x00000000 x18=0xffffffff
     409015.000 ns	     40900	8000852c	402859b3	sra	x19,x16,x2	 x16:0xbeedd000  x2:0x7c83e2e8 x19=0xffbeedd0
     409035.000 ns	     40902	80008530	f00381d3	fmv.w.x	f3,x7	  x7:0x00000000  f3=0x00000000
     409055.000 ns	     40904	80008534	fe268f93	addi	x31,x13,-30	 x13:0x00000003 x31=0xffffffe5
     409065.000 ns	     40905	80008538	c24bcf13	xori	x30,x23,-988	 x23:0x00000000 x30=0xfffffc24
     409075.000 ns	     40906	8000853c	a4e1cf93	xori	x31,x3,-1458	  x3:0x00000000 x31=0xfffffa4e
     409085.000 ns	     40907	80008540	b9d40db7	lui	x27,0xb9d40	 x27=0xb9d40000
     409095.000 ns	     40908	80008544	411a2413	slti	x8,x20,1041	 x20:0x80041024  x8=0x00000001
     409105.000 ns	     40909	80008548	40a95e93	srai	x29,x18,0xa	 x18:0xffffffff x29=0xffffffff
     409125.000 ns	     40911	8000854c	f0038853	fmv.w.x	f16,x7	  x7:0x00000000 f16=0x00000000
     409165.000 ns	     40915	80008550	10ec79d3	fmul.s	f19,f24,f14	 f24:0x7f800000 f14:0x7fc00000 f19=0x7fc00000
     409195.000 ns	     40918	80008554	d002f1d3	fcvt.s.w	f3,x5	  x5:0xfffffff8  f3=0xc1000000
     409215.000 ns	     40920	80008558	40378b33	sub	x22,x15,x3	 x15:0x80040fe4  x3:0x00000000 x22=0x80040fe4
     409225.000 ns	     40921	8000855c	41908b33	sub	x22,x1,x25	  x1:0x00000000 x25:0x00000000 x22=0x00000000
     409235.000 ns	     40922	80008560	409bdf13	srai	x30,x23,0x9	 x23:0x00000000 x30=0x00000000
     409255.000 ns	     40924	80008564	033528b3	mulhsu	x17,x10,x19	 x10:0x00000000 x19:0xffbeedd0 x17=0x00000000
     409275.000 ns	     40926	80008568	8afaac93	slti	x25,x21,-1873	 x21:0x04090000 x25=0x00000000
     409295.000 ns	     40928	8000856c	c00449d3	fcvt.w.s	x19,f8	  f8:0x000003af x19=0x00000000
     409315.000 ns	     40930	80008570	00565493	srli	x9,x12,0x5	 x12:0x36399454  x9=0x01b1cca2
     409335.000 ns	     40932	80008574	a0a0a0d3	feq.s	x1,f1,f10	  f1:0xcebec9e3 f10:0x7fc00000  x1=0x00000000
     409355.000 ns	     40934	80008578	01e2d993	srli	x19,x5,0x1e	  x5:0xfffffff8 x19=0x00000003
     409375.000 ns	     40936	8000857c	21501a53	fsgnjn.s	f20,f0,f21	  f0:0x4f086313 f21:0x00000001 f20=0xcf086313
     409395.000 ns	     40938	80008580	00a4c5b3	xor	x11,x9,x10	  x9:0x01b1cca2 x10:0x00000000 x11=0x01b1cca2
     409435.000 ns	     40942	80008584	012071d3	fadd.s	f3,f0,f18	  f0:0x4f086313 f18:0x4f000411  f3=0x4f843392
     409455.000 ns	     40944	80008588	d9c3bb13	sltiu	x22,x7,-612	  x7:0x00000000 x22=0x00000001
     409495.000 ns	     40948	8000858c	088ac6d3	fsub.s	f13,f21,f8	 f21:0x00000001  f8:0x000003af f13=0x800003ae
     409525.000 ns	     40951	80008590	02d109b3	mul	x19,x2,x13	  x2:0x7c83e2e8 x13:0x00000003 x19=0x758ba8b8
     409895.000 ns	     40988	80008594	03b17fb3	remu	x31,x2,x27	  x2:0x7c83e2e8 x27:0xb9d40000 x31=0x7c83e2e8
     409935.000 ns	     40992	80008598	11fc7453	fmul.s	f8,f24,f31	 f24:0x7f800000 f31:0xcf3ec9e3  f8=0xff800000
     409955.000 ns	     40994	8000859c	c610c493	xori	x9,x1,-927	  x1:0x00000000  x9=0xfffffc61
     409965.000 ns	     40995	800085a0	00000013	addi	x0,x0,0	  x0:0x00000000
     409985.000 ns	     40997	800085a4	20df0c53	fsgnj.s	f24,f30,f13	 f30:0x7fc00000 f13:0x800003ae f24=0xffc00000
     410355.000 ns	     41034	800085a8	03b3e4b3	rem	x9,x7,x27	  x7:0x00000000 x27:0xb9d40000  x9=0x00000000
     410725.000 ns	     41071	800085ac	02c8e3b3	rem	x7,x17,x12	 x17:0x00000000 x12:0x36399454  x7=0x00000000
     410765.000 ns	     41075	800085b0	10b87d53	fmul.s	f26,f16,f11	 f16:0x00000000 f11:0x4f000411 f26=0x00000000
     411135.000 ns	     41112	800085b4	038cf033	remu	x0,x25,x24	 x25:0x00000000 x24:0x00001004
     411165.000 ns	     41115	800085b8	f0038a53	fmv.w.x	f20,x7	  x7:0x00000000 f20=0x00000000
     411195.000 ns	     41118	800085bc	d00d41d3	fcvt.s.w	f3,x26	 x26:0x99c70000  f3=0xcecc7200
     411225.000 ns	     41121	800085c0	29cf0953	fmin.s	f18,f30,f28	 f30:0x7fc00000 f28:0x00000001 f18=0x00000001
     411245.000 ns	     41123	800085c4	00757c33	and	x24,x10,x7	 x10:0x00000000  x7:0x00000000 x24=0x00000000
     411605.000 ns	     41159	800085c8	02bc68b3	rem	x17,x24,x11	 x24:0x00001004 x11:0x01b1cca2 x17=0x00000000
     411635.000 ns	     41162	800085cc	e0019bd3	fclass.s	x23,f3	  f3:0xcecc7200 x23=0x00000002
     411685.000 ns	     41167	800085d0	019cfe53	fadd.s	f28,f25,f25	 f25:0x00000000 f25:0x00000000 f28=0x00000000
     411705.000 ns	     41169	800085d4	01e681b3	add	x3,x13,x30	 x13:0x00000003 x30:0x00000000  x3=0x00000003
     411725.000 ns	     41171	800085d8	03dcb533	mulhu	x10,x25,x29	 x25:0x00000000 x29:0xffffffff x10=0x00000000
     411745.000 ns	     41173	800085dc	019adb93	srli	x23,x21,0x19	 x21:0x04090000 x23=0x00000002
     411755.000 ns	     41174	800085e0	00d6b633	sltu	x12,x13,x13	 x13:0x00000003 x13:0x00000003 x12=0x00000000
     411765.000 ns	     41175	800085e4	8ef4bc13	sltiu	x24,x9,-1809	  x9:0x00000000 x24=0x00000001
     411785.000 ns	     41177	800085e8	28391753	fmax.s	f14,f18,f3	 f18:0x00000001  f3:0xcecc7200 f14=0x00000001
     411805.000 ns	     41179	800085ec	95164413	xori	x8,x12,-1711	 x12:0x00000000  x8=0xfffff951
     411825.000 ns	     41181	800085f0	218886d3	fsgnj.s	f13,f17,f24	 f17:0x00000000 f24:0xffc00000 f13=0x80000000
     411855.000 ns	     41184	800085f4	28a51e53	fmax.s	f28,f10,f10	 f10:0x7fc00000 f10:0x7fc00000 f28=0x7fc00000
     411885.000 ns	     41187	800085f8	029eeb33	rem	x22,x29,x9	 x29:0xffffffff  x9:0x00000000 x22=0xffffffff
     411905.000 ns	     41189	800085fc	00c44e33	xor	x28,x8,x12	  x8:0xfffff951 x12:0x00000000 x28=0xfffff951
     411915.000 ns	     41190	80008600	c7782293	slti	x5,x16,-905	 x16:0xbeedd000  x5=0x00000001
     411935.000 ns	     41192	80008604	027029b3	mulhsu	x19,x0,x7	  x0:0x00000000  x7:0x00000000 x19=0x00000000
     411965.000 ns	     41195	80008608	03330433	mul	x8,x6,x19	  x6:0x00000010 x19:0x758ba8b8  x8=0x00000000
     412335.000 ns	     41232	8000860c	02d564b3	rem	x9,x10,x13	 x10:0x00000000 x13:0x00000003  x9=0x00000000
     412365.000 ns	     41235	80008610	03e3c133	div	x2,x7,x30	  x7:0x00000000 x30:0x00000000  x2=0xffffffff
     412395.000 ns	     41238	80008614	21c52e53	fsgnjx.s	f28,f10,f28	 f10:0x7fc00000 f28:0x7fc00000 f28=0x7fc00000
     412425.000 ns	     41241	80008618	a03001d3	fle.s	x3,f0,f3	  f0:0x4f086313  f3:0xcecc7200  x3=0x00000000
     412445.000 ns	     41243	8000861c	00000013	addi	x0,x0,0	  x0:0x00000000
     412455.000 ns	     41244	80008620	0096e933	or	x18,x13,x9	 x13:0x00000003  x9:0x00000000 x18=0x00000003
     412465.000 ns	     41245	80008624	6372ff13	andi	x30,x5,1591	  x5:0x00000001 x30=0x00000001
     412475.000 ns	     41246	80008628	007eb8b3	sltu	x17,x29,x7	 x29:0xffffffff  x7:0x00000000 x17=0x00000000
     412485.000 ns	     41247	8000862c	00000013	addi	x0,x0,0	  x0:0x00000000
     412505.000 ns	     41249	80008630	027bdf33	divu	x30,x23,x7	 x23:0x00000002  x7:0x00000000 x30=0xffffffff
     412525.000 ns	     41251	80008634	0070ab33	slt	x22,x1,x7	  x1:0x00000000  x7:0x00000000 x22=0x00000000
     412885.000 ns	     41287	80008638	03d7d033	divu	x0,x15,x29	 x15:0x80040fe4 x29:0xffffffff
     412905.000 ns	     41289	8000863c	01b1bc33	sltu	x24,x3,x27	  x3:0x00000000 x27:0xb9d40000 x24=0x00000001
     412925.000 ns	     41291	80008640	0338eb33	rem	x22,x17,x19	 x17:0x00000000 x19:0x00000000 x22=0x00000000
     412945.000 ns	     41293	80008644	979eca93	xori	x21,x29,-1671	 x29:0xffffffff x21=0x00000686
     412955.000 ns	     41294	80008648	00f48233	add	x4,x9,x15	  x9:0x00000000 x15:0x80040fe4  x4=0x80040fe4
     412965.000 ns	     41295	8000864c	bcc73393	sltiu	x7,x14,-1076	 x14:0x80040fe4  x7=0x00000001
     412985.000 ns	     41297	80008650	a070a2d3	feq.s	x5,f1,f7	  f1:0xcebec9e3  f7:0x7fc00000  x5=0x00000000
     413005.000 ns	     41299	80008654	6772c2b7	lui	x5,0x6772c	  x5=0x6772c000
     413025.000 ns	     41301	80008658	f0070553	fmv.w.x	f10,x14	 x14:0x80040fe4 f10=0x80040fe4
     413055.000 ns	     41304	8000865c	29218d53	fmin.s	f26,f3,f18	  f3:0xcecc7200 f18:0x00000001 f26=0xcecc7200
     413075.000 ns	     41306	80008660	0114eab3	or	x21,x9,x17	  x9:0x00000000 x17:0x00000000 x21=0x00000000
     413085.000 ns	     41307	80008664	75a2f113	andi	x2,x5,1882	  x5:0x6772c000  x2=0x00000000
     413095.000 ns	     41308	80008668	00fa9013	slli	x0,x21,0xf	 x21:0x00000686
     413115.000 ns	     41310	8000866c	a1772153	feq.s	x2,f14,f23	 f14:0x00000001 f23:0x7fc00000  x2=0x00000000
     413135.000 ns	     41312	80008670	cb183313	sltiu	x6,x16,-847	 x16:0xbeedd000  x6=0x00000001
     413155.000 ns	     41314	80008674	21c50153	fsgnj.s	f2,f10,f28	 f10:0x80040fe4 f28:0x7fc00000  f2=0x00040fe4
     413185.000 ns	     41317	80008678	a18d22d3	feq.s	x5,f26,f24	 f26:0xcecc7200 f24:0xffc00000  x5=0x00000000
     413225.000 ns	     41321	8000867c	5808b853	fsqrt.s	f16,f17	 f17:0x00000000 f16=0x00000000
     413245.000 ns	     41323	80008680	ce3ffe93	andi	x29,x31,-797	 x31:0x7c83e2e8 x29=0x7c83e0e0
     413255.000 ns	     41324	80008684	40998133	sub	x2,x19,x9	 x19:0x00000000  x9:0x00000000  x2=0x00000000
     413615.000 ns	     41360	80008688	03495933	divu	x18,x18,x20	 x18:0x00000003 x20:0x80041024 x18=0x00000000
     413645.000 ns	     41363	8000868c	c01c4253	fcvt.wu.s	x4,f24	 f24:0xffc00000  x4=0xffffffff
     413675.000 ns	     41366	80008690	02123633	mulhu	x12,x4,x1	  x4:0x80040fe4  x1:0x00000000 x12=0x00000000
     413705.000 ns	     41369	80008694	034c0eb3	mul	x29,x24,x20	 x24:0x00000001 x20:0x80041024 x29=0x80041024
     413725.000 ns	     41371	80008698	b44e0c93	addi	x25,x28,-1212	 x28:0xfffff951 x25=0xfffff495
     413735.000 ns	     41372	8000869c	0023a433	slt	x8,x7,x2	  x7:0x00000001  x2:0x00000000  x8=0x00000000
     413745.000 ns	     41373	800086a0	01bc8f33	add	x30,x25,x27	 x25:0x00000000 x27:0xb9d40000 x30=0xb9d3f495
     413755.000 ns	     41374	800086a4	00442633	slt	x12,x8,x4	  x8:0x00000000  x4:0xffffffff x12=0x00000000
     413765.000 ns	     41375	800086a8	0115a4b3	slt	x9,x11,x17	 x11:0x01b1cca2 x17:0x00000000  x9=0x00000000
     413775.000 ns	     41376	800086ac	01f2dc33	srl	x24,x5,x31	  x5:0x00000000 x31:0x7c83e2e8 x24=0x00000000
     414135.000 ns	     41412	800086b0	03acc333	div	x6,x25,x26	 x25:0xfffff495 x26:0x99c70000  x6=0x00000000
     414165.000 ns	     41415	800086b4	022cbb33	mulhu	x22,x25,x2	 x25:0xfffff495  x2:0x00000000 x22=0x00000000
     414185.000 ns	     41417	800086b8	594aee93	ori	x29,x21,1428	 x21:0x00000000 x29=0x00000594
     414195.000 ns	     41418	800086bc	6f333493	sltiu	x9,x6,1779	  x6:0x00000000  x9=0x00000001
     414215.000 ns	     41420	800086c0	022b5333	divu	x6,x22,x2	 x22:0x00000000  x2:0x00000000  x6=0xffffffff
     414235.000 ns	     41422	800086c4	00000013	addi	x0,x0,0	  x0:0x00000000
     414245.000 ns	     41423	800086c8	7ebb0713	addi	x14,x22,2027	 x22:0x00000000 x14=0x000007eb
     414285.000 ns	     41427	800086cc	00d1cc53	fadd.s	f24,f3,f13	  f3:0xcecc7200 f13:0x80000000 f24=0xcecc7200
     414305.000 ns	     41429	800086d0	0bef7893	andi	x17,x30,190	 x30:0xb9d3f495 x17=0x00000094
     414335.000 ns	     41432	800086d4	11b2a953	fmul.s	f18,f5,f27	  f5:0x7fc00000 f27:0x4f000411 f18=0x7fc00000
     414365.000 ns	     41435	800086d8	027808b3	mul	x17,x16,x7	 x16:0xbeedd000  x7:0x00000001 x17=0xbeedd000
     414385.000 ns	     41437	800086dc	c78feb13	ori	x22,x31,-904	 x31:0x7c83e2e8 x22=0xfffffef8
     414405.000 ns	     41439	800086e0	a0ea19d3	flt.s	x19,f20,f14	 f20:0x00000000 f14:0x00000001 x19=0x00000001
     414435.000 ns	     41442	800086e4	a185aad3	feq.s	x21,f11,f24	 f11:0x4f000411 f24:0xcecc7200 x21=0x00000000
     414455.000 ns	     41444	800086e8	6ef8a037	lui	x0,0x6ef8a	
     414815.000 ns	     41480	800086ec	02747ab3	remu	x21,x8,x7	  x8:0x00000000  x7:0x00000001 x21=0x00000000
     414835.000 ns	     41482	800086f0	00000013	addi	x0,x0,0	  x0:0x00000000
     414855.000 ns	     41484	800086f4	28781753	fmax.s	f14,f16,f7	 f16:0x00000000  f7:0x7fc00000 f14=0x00000000
     414885.000 ns	     41487	800086f8	025598b3	mulh	x17,x11,x5	 x11:0x01b1cca2  x5:0x00000000 x17=0x00000000
     414905.000 ns	     41489	800086fc	415f0e33	sub	x28,x30,x21	 x30:0xb9d3f495 x21:0x00000000 x28=0xb9d3f495
     414925.000 ns	     41491	80008700	e00188d3	fmv.x.w	x17,f3	  f3:0xcecc7200 x17=0xcecc7200
     414945.000 ns	     41493	80008704	41755893	srai	x17,x10,0x17	 x10:0x00000000 x17=0x00000000
     414955.000 ns	     41494	80008708	5d70b213	sltiu	x4,x1,1495	  x1:0x00000000  x4=0x00000001
     414995.000 ns	     41498	8000870c	0137fc53	fadd.s	f24,f15,f19	 f15:0xffc00000 f19:0x7fc00000 f24=0x7fc00000
     415025.000 ns	     41501	80008710	02dd9ab3	mulh	x21,x27,x13	 x27:0xb9d40000 x13:0x00000003 x21=0xffffffff
     415055.000 ns	     41504	80008714	c00e1ed3	fcvt.w.s	x29,f28	 f28:0x7fc00000 x29=0x7fffffff
     415085.000 ns	     41507	80008718	f0048153	fmv.w.x	f2,x9	  x9:0x00000001  f2=0x00000001
     415115.000 ns	     41510	8000871c	20d90353	fsgnj.s	f6,f18,f13	 f18:0x7fc00000 f13:0x80000000  f6=0xffc00000
     415135.000 ns	     41512	80008720	3e06fb13	andi	x22,x13,992	 x13:0x00000003 x22=0x00000000
     415155.000 ns	     41514	80008724	294e8c53	fmin.s	f24,f29,f20	 f29:0x00000000 f20:0x00000000 f24=0x00000000
     415175.000 ns	     41516	80008728	4021d4b3	sra	x9,x3,x2	  x3:0x00000000  x2:0x00000000  x9=0x00000000
     415215.000 ns	     41520	8000872c	014bc853	fadd.s	f16,f23,f20	 f23:0x7fc00000 f20:0x00000000 f16=0x7fc00000
     415245.000 ns	     41523	80008730	a13310d3	flt.s	x1,f6,f19	  f6:0xffc00000 f19:0x7fc00000  x1=0x00000000
     415275.000 ns	     41526	80008734	e0049353	fclass.s	x6,f9	  f9:0x7fc00000  x6=0x00000200
     415305.000 ns	     41529	80008738	03ad2bb3	mulhsu	x23,x26,x26	 x26:0x99c70000 x26:0x99c70000 x23=0xc29878b1
     415335.000 ns	     41532	8000873c	e00e0853	fmv.x.w	x16,f28	 f28:0x7fc00000 x16=0x7fc00000
     415385.000 ns	     41537	80008740	01c591d3	fadd.s	f3,f11,f28	 f11:0x4f000411 f28:0x7fc00000  f3=0x7fc00000
     415405.000 ns	     41539	80008744	01e874b3	and	x9,x16,x30	 x16:0x7fc00000 x30:0xb9d3f495  x9=0x39c00000
     415415.000 ns	     41540	80008748	0007c9b3	xor	x19,x15,x0	 x15:0x80040fe4  x0:0x00000000 x19=0x80040fe4
     415445.000 ns	     41543	8000874c	11ab7bd3	fmul.s	f23,f22,f26	 f22:0x7fc00000 f26:0xcecc7200 f23=0x7fc00000
     415465.000 ns	     41545	80008750	01867b33	and	x22,x12,x24	 x12:0x00000000 x24:0x00000000 x22=0x00000000
     415485.000 ns	     41547	80008754	03818633	mul	x12,x3,x24	  x3:0x00000000 x24:0x00000000 x12=0x00000000
     415525.000 ns	     41551	80008758	580f20d3	fsqrt.s	f1,f30	 f30:0x7fc00000  f1=0x7fc00000
     415545.000 ns	     41553	8000875c	0091deb3	srl	x29,x3,x9	  x3:0x00000000  x9:0x39c00000 x29=0x00000000
     415565.000 ns	     41555	80008760	d00df853	fcvt.s.w	f16,x27	 x27:0xb9d40000 f16=0xce8c5800
     415595.000 ns	     41558	80008764	214c1a53	fsgnjn.s	f20,f24,f20	 f24:0x00000000 f20:0x00000000 f20=0x80000000
     415615.000 ns	     41560	80008768	f4752097	auipc	x1,0xf4752	  x1=0x7475a768
     415635.000 ns	     41562	8000876c	a10c28d3	feq.s	x17,f24,f16	 f24:0x00000000 f16:0xce8c5800 x17=0x00000000
     415675.000 ns	     41566	80008770	112c7553	fmul.s	f10,f24,f18	 f24:0x00000000 f18:0x7fc00000 f10=0x7fc00000
     415725.000 ns	     41571	80008774	092df0d3	fsub.s	f1,f27,f18	 f27:0x4f000411 f18:0x7fc00000  f1=0x7fc00000
     415755.000 ns	     41574	80008778	20379353	fsgnjn.s	f6,f15,f3	 f15:0xffc00000  f3:0x7fc00000  f6=0xffc00000
     415785.000 ns	     41577	8000877c	0263bab3	mulhu	x21,x7,x6	  x7:0x00000001  x6:0x00000200 x21=0x00000000
     415835.000 ns	     41582	80008780	08962953	fsub.s	f18,f12,f9	 f12:0xffc00000  f9:0x7fc00000 f18=0x7fc00000
     415855.000 ns	     41584	80008784	401ddd93	srai	x27,x27,0x1	 x27:0xb9d40000 x27=0xdcea0000
     415875.000 ns	     41586	80008788	a1f925d3	feq.s	x11,f18,f31	 f18:0x7fc00000 f31:0xcf3ec9e3 x11=0x00000000
     415895.000 ns	     41588	8000878c	01a1f0b3	and	x1,x3,x26	  x3:0x00000000 x26:0x99c70000  x1=0x00000000
     415905.000 ns	     41589	80008790	0021a133	slt	x2,x3,x2	  x3:0x00000000  x2:0x00000000  x2=0x00000000
     415925.000 ns	     41591	80008794	a1121953	flt.s	x18,f4,f17	  f4:0xcebec9e3 f17:0x00000000 x18=0x00000001
     415955.000 ns	     41594	80008798	03379b33	mulh	x22,x15,x19	 x15:0x80040fe4 x19:0x80040fe4 x22=0x3ffbf02c
     415975.000 ns	     41596	8000879c	01f6d713	srli	x14,x13,0x1f	 x13:0x00000003 x14=0x00000000
     415995.000 ns	     41598	800087a0	219512d3	fsgnjn.s	f5,f10,f25	 f10:0x7fc00000 f25:0x00000000  f5=0xffc00000
     416015.000 ns	     41600	800087a4	2f192613	slti	x12,x18,753	 x18:0x00000001 x12=0x00000001
     416035.000 ns	     41602	800087a8	0220c933	div	x18,x1,x2	  x1:0x00000000  x2:0x00000000 x18=0xffffffff
     416055.000 ns	     41604	800087ac	01103833	sltu	x16,x0,x17	  x0:0x00000000 x17:0x00000000 x16=0x00000000
     416065.000 ns	     41605	800087b0	00d38db3	add	x27,x7,x13	  x7:0x00000001 x13:0x00000003 x27=0x00000004
     416085.000 ns	     41607	800087b4	a0ed8753	fle.s	x14,f27,f14	 f27:0x4f000411 f14:0x00000000 x14=0x00000000
     416115.000 ns	     41610	800087b8	c00801d3	fcvt.w.s	x3,f16	 f16:0xce8c5800  x3=0xb9d40000
     416145.000 ns	     41613	800087bc	28510e53	fmin.s	f28,f2,f5	  f2:0x00000001  f5:0xffc00000 f28=0x00000001
     416175.000 ns	     41616	800087c0	0323b933	mulhu	x18,x7,x18	  x7:0x00000001 x18:0xffffffff x18=0x00000000
     416205.000 ns	     41619	800087c4	c00718d3	fcvt.w.s	x17,f14	 f14:0x00000000 x17=0x00000000
     416235.000 ns	     41622	800087c8	e00b8ed3	fmv.x.w	x29,f23	 f23:0x7fc00000 x29=0x7fc00000
     416255.000 ns	     41624	800087cc	ede9a713	slti	x14,x19,-290	 x19:0x80040fe4 x14=0x00000001
     416275.000 ns	     41626	800087d0	0316cd33	div	x26,x13,x17	 x13:0x00000003 x17:0x00000000 x26=0xffffffff
     416295.000 ns	     41628	800087d4	35764213	xori	x4,x12,855	 x12:0x00000001  x4=0x00000356
     416315.000 ns	     41630	800087d8	c00b79d3	fcvt.w.s	x19,f22	 f22:0x7fc00000 x19=0x7fffffff
     416345.000 ns	     41633	800087dc	21862a53	fsgnjx.s	f20,f12,f24	 f12:0xffc00000 f24:0x00000000 f20=0xffc00000
     416375.000 ns	     41636	800087e0	035c64b3	rem	x9,x24,x21	 x24:0x00000000 x21:0x00000000  x9=0x00000000
     416405.000 ns	     41639	800087e4	a0bda753	feq.s	x14,f27,f11	 f27:0x4f000411 f11:0x4f000411 x14=0x00000001
     416455.000 ns	     41644	800087e8	002a7dd3	fadd.s	f27,f20,f2	 f20:0xffc00000  f2:0x00000001 f27=0x7fc00000
     416485.000 ns	     41647	800087ec	e0060153	fmv.x.w	x2,f12	 f12:0xffc00000  x2=0xffc00000
     416515.000 ns	     41650	800087f0	021bbc33	mulhu	x24,x23,x1	 x23:0xc29878b1  x1:0x00000000 x24=0x00000000
     416535.000 ns	     41652	800087f4	f331f613	andi	x12,x3,-205	  x3:0xb9d40000 x12=0xb9d40000
     416545.000 ns	     41653	800087f8	6cdda193	slti	x3,x27,1741	 x27:0x00000004  x3=0x00000001
     416555.000 ns	     41654	800087fc	20518613	addi	x12,x3,517	  x3:0xb9d40000 x12=0x00000206
     416565.000 ns	     41655	80008800	00000013	addi	x0,x0,0	  x0:0x00000000
     416595.000 ns	     41658	80008804	188970d3	fdiv.s	f1,f18,f8	 f18:0x7fc00000  f8:0xff800000  f1=0x7fc00000
     416615.000 ns	     41660	80008808	6d472c13	slti	x24,x14,1748	 x14:0x00000001 x24=0x00000001
     416625.000 ns	     41661	8000880c	ca68a593	slti	x11,x17,-858	 x17:0x00000000 x11=0x00000000
     416655.000 ns	     41664	80008810	183981d3	fdiv.s	f3,f19,f3	 f19:0x7fc00000  f3:0x7fc00000  f3=0x7fc00000
     416685.000 ns	     41667	80008814	02471733	mulh	x14,x14,x4	 x14:0x00000001  x4:0x00000356 x14=0x00000000
     416715.000 ns	     41670	80008818	209b9353	fsgnjn.s	f6,f23,f9	 f23:0x7fc00000  f9:0x7fc00000  f6=0xffc00000
     416735.000 ns	     41672	8000881c	0174df13	srli	x30,x9,0x17	  x9:0x00000000 x30=0x00000000
     417095.000 ns	     41708	80008820	03785133	divu	x2,x16,x23	 x16:0x00000000 x23:0xc29878b1  x2=0x00000000
     417125.000 ns	     41711	80008824	f00f8253	fmv.w.x	f4,x31	 x31:0x7c83e2e8  f4=0x7c83e2e8
     417495.000 ns	     41748	80008828	03f5cb33	div	x22,x11,x31	 x11:0x00000000 x31:0x7c83e2e8 x22=0x00000000
     417515.000 ns	     41750	8000882c	00057b33	and	x22,x10,x0	 x10:0x00000000  x0:0x00000000 x22=0x00000000
     417525.000 ns	     41751	80008830	2f50c213	xori	x4,x1,757	  x1:0x00000000  x4=0x000002f5
     417535.000 ns	     41752	80008834	016f13b3	sll	x7,x30,x22	 x30:0x00000000 x22:0x00000000  x7=0x00000000
     417565.000 ns	     41755	80008838	58067953	fsqrt.s	f18,f12	 f12:0xffc00000 f18=0x7fc00000
     417595.000 ns	     41758	8000883c	d00b7753	fcvt.s.w	f14,x22	 x22:0x00000000 f14=0x00000000
     417615.000 ns	     41760	80008840	01e708b3	add	x17,x14,x30	 x14:0x00000000 x30:0x00000000 x17=0x00000000
     417625.000 ns	     41761	80008844	f3e58c93	addi	x25,x11,-194	 x11:0x00000000 x25=0xffffff3e
     417645.000 ns	     41763	80008848	294c16d3	fmax.s	f13,f24,f20	 f24:0x00000000 f20:0xffc00000 f13=0x00000000
     417675.000 ns	     41766	8000884c	213ca453	fsgnjx.s	f8,f25,f19	 f25:0x00000000 f19:0x7fc00000  f8=0x00000000
     418045.000 ns	     41803	80008850	02395fb3	divu	x31,x18,x3	 x18:0x00000000  x3:0x00000001 x31=0x00000000
     418065.000 ns	     41805	80008854	008c0cb3	add	x25,x24,x8	 x24:0x00000001  x8:0x00000000 x25=0x00000001
     418105.000 ns	     41809	80008858	08504b53	fsub.s	f22,f0,f5	  f0:0x4f086313  f5:0xffc00000 f22=0x7fc00000
     418125.000 ns	     41811	8000885c	41070933	sub	x18,x14,x16	 x14:0x00000000 x16:0x00000000 x18=0x00000000
     418135.000 ns	     41812	80008860	acdd7b13	andi	x22,x26,-1331	 x26:0xffffffff x22=0xfffffacd
     418155.000 ns	     41814	80008864	a1e22253	feq.s	x4,f4,f30	  f4:0x7c83e2e8 f30:0x7fc00000  x4=0x00000000
     418175.000 ns	     41816	80008868	d88f4b93	xori	x23,x30,-632	 x30:0x00000000 x23=0xfffffd88
     418195.000 ns	     41818	8000886c	28ea8b53	fmin.s	f22,f21,f14	 f21:0x00000001 f14:0x00000000 f22=0x00000000
     418215.000 ns	     41820	80008870	ffcbbf13	sltiu	x30,x23,-4	 x23:0xc29878b1 x30=0x00000001
     418245.000 ns	     41823	80008874	10993ad3	fmul.s	f21,f18,f9	 f18:0x7fc00000  f9:0x7fc00000 f21=0x7fc00000
     418265.000 ns	     41825	80008878	01a845b3	xor	x11,x16,x26	 x16:0x00000000 x26:0xffffffff x11=0xffffffff
     418285.000 ns	     41827	8000887c	e0001dd3	fclass.s	x27,f0	  f0:0x4f086313 x27=0x00000040
     418305.000 ns	     41829	80008880	00c2deb3	srl	x29,x5,x12	  x5:0x00000000 x12:0x00000206 x29=0x00000000
     418325.000 ns	     41831	80008884	e00f1dd3	fclass.s	x27,f30	 f30:0x7fc00000 x27=0x00000200
     418665.000 ns	     41865	80008888	18207953	fdiv.s	f18,f0,f2	  f0:0x4f086313  f2:0x00000001 f18=0x7f800000
     418685.000 ns	     41867	8000888c	403fdc13	srai	x24,x31,0x3	 x31:0x00000000 x24=0x00000000
     418695.000 ns	     41868	80008890	1fb9aa93	slti	x21,x19,507	 x19:0x7fffffff x21=0x00000000
     418705.000 ns	     41869	80008894	0193c933	xor	x18,x7,x25	  x7:0x00000000 x25:0x00000001 x18=0x00000001
     418715.000 ns	     41870	80008898	0073df93	srli	x31,x7,0x7	  x7:0x00000000 x31=0x00000000
     418725.000 ns	     41871	8000889c	01ba8333	add	x6,x21,x27	 x21:0x00000000 x27:0x00000200  x6=0x00000200
     418745.000 ns	     41873	800088a0	d01975d3	fcvt.s.wu	f11,x18	 x18:0x00000001 f11=0x3f800000
     419115.000 ns	     41910	800088a4	02625b33	divu	x22,x4,x6	  x4:0x00000000  x6:0x00000200 x22=0x00000000
     419135.000 ns	     41912	800088a8	00000013	addi	x0,x0,0	  x0:0x00000000
     419155.000 ns	     41914	800088ac	c00a2fd3	fcvt.w.s	x31,f20	 f20:0xffc00000 x31=0x7fffffff
     419185.000 ns	     41917	800088b0	0220e0b3	rem	x1,x1,x2	  x1:0x00000000  x2:0x00000000  x1=0x00000000
     419205.000 ns	     41919	800088b4	018cfcb3	and	x25,x25,x24	 x25:0x00000001 x24:0x00000000 x25=0x00000000
     419565.000 ns	     41955	800088b8	0264c333	div	x6,x9,x6	  x9:0x00000000  x6:0x00000200  x6=0x00000000
     419585.000 ns	     41957	800088bc	016972b3	and	x5,x18,x22	 x18:0x00000001 x22:0x00000000  x5=0x00000000
     419605.000 ns	     41959	800088c0	28e58dd3	fmin.s	f27,f11,f14	 f11:0x3f800000 f14:0x00000000 f27=0x00000000
     419635.000 ns	     41962	800088c4	02ca3c33	mulhu	x24,x20,x12	 x20:0x80041024 x12:0x00000206 x24=0x00000103
     419655.000 ns	     41964	800088c8	00fe7e33	and	x28,x28,x15	 x28:0xb9d3f495 x15:0x80040fe4 x28=0x80000484
     419675.000 ns	     41966	800088cc	d01cb0d3	fcvt.s.wu	f1,x25	 x25:0x00000000  f1=0x00000000
     419695.000 ns	     41968	800088d0	3c8a2093	slti	x1,x20,968	 x20:0x80041024  x1=0x00000001
     419705.000 ns	     41969	800088d4	fdf51317	auipc	x6,0xfdf51	  x6=0x7df598d4
     419725.000 ns	     41971	800088d8	283a08d3	fmin.s	f17,f20,f3	 f20:0xffc00000  f3:0x7fc00000 f17=0x7fc00000
     419745.000 ns	     41973	800088dc	40345f13	srai	x30,x8,0x3	  x8:0x00000000 x30=0x00000000
     419765.000 ns	     41975	800088e0	e0090853	fmv.x.w	x16,f18	 f18:0x7f800000 x16=0x7f800000
     419795.000 ns	     41978	800088e4	c01c8ed3	fcvt.wu.s	x29,f25	 f25:0x00000000 x29=0x00000000
     419825.000 ns	     41981	800088e8	21fc2cd3	fsgnjx.s	f25,f24,f31	 f24:0x00000000 f31:0xcf3ec9e3 f25=0x80000000
     419855.000 ns	     41984	800088ec	c003ffd3	fcvt.w.s	x31,f7	  f7:0x7fc00000 x31=0x7fffffff
     419885.000 ns	     41987	800088f0	03108333	mul	x6,x1,x17	  x1:0x00000001 x17:0x00000000  x6=0x00000000
     419925.000 ns	     41991	800088f4	580a94d3	fsqrt.s	f9,f21	 f21:0x7fc00000  f9=0x7fc00000
     419955.000 ns	     41994	800088f8	f0090753	fmv.w.x	f14,x18	 x18:0x00000001 f14=0x00000001
     419975.000 ns	     41996	800088fc	00cf1d13	slli	x26,x30,0xc	 x30:0x00000000 x26=0x00000000
     419995.000 ns	     41998	80008900	c0081c53	fcvt.w.s	x24,f16	 f16:0xce8c5800 x24=0xb9d40000
     420025.000 ns	     42001	80008904	023eaab3	mulhsu	x21,x29,x3	 x29:0x00000000  x3:0x00000001 x21=0x00000000
     420075.000 ns	     42006	80008908	01f873d3	fadd.s	f7,f16,f31	 f16:0xce8c5800 f31:0xcf3ec9e3  f7=0xcf827af1
     420105.000 ns	     42009	8000890c	c0027dd3	fcvt.w.s	x27,f4	  f4:0x7c83e2e8 x27=0x7fffffff
     420135.000 ns	     42012	80008910	02824bb3	div	x23,x4,x8	  x4:0x00000000  x8:0x00000000 x23=0xffffffff
     420155.000 ns	     42014	80008914	aff87413	andi	x8,x16,-1281	 x16:0x7f800000  x8=0x7f800000
     420175.000 ns	     42016	80008918	29b51cd3	fmax.s	f25,f10,f27	 f10:0x7fc00000 f27:0x00000000 f25=0x00000000
     420195.000 ns	     42018	8000891c	4072deb3	sra	x29,x5,x7	  x5:0x00000000  x7:0x00000000 x29=0x00000000
     420215.000 ns	     42020	80008920	a03a0953	fle.s	x18,f20,f3	 f20:0xffc00000  f3:0x7fc00000 x18=0x00000000
     420245.000 ns	     42023	80008924	a0a39453	flt.s	x8,f7,f10	  f7:0xcf827af1 f10:0x7fc00000  x8=0x00000000
     420275.000 ns	     42026	80008928	f00f8dd3	fmv.w.x	f27,x31	 x31:0x7fffffff f27=0x7fffffff
     420295.000 ns	     42028	8000892c	00000013	addi	x0,x0,0	  x0:0x00000000
     420315.000 ns	     42030	80008930	c004f753	fcvt.w.s	x14,f9	  f9:0x7fc00000 x14=0x7fffffff
     420335.000 ns	     42032	80008934	00c97db3	and	x27,x18,x12	 x18:0x00000000 x12:0x00000206 x27=0x00000000
     420345.000 ns	     42033	80008938	002f9ab3	sll	x21,x31,x2	 x31:0x7fffffff  x2:0x00000000 x21=0x7fffffff
     420355.000 ns	     42034	8000893c	40ab0133	sub	x2,x22,x10	 x22:0x00000000 x10:0x00000000  x2=0x00000000
     420395.000 ns	     42038	80008940	086dffd3	fsub.s	f31,f27,f6	 f27:0x7fffffff  f6:0xffc00000 f31=0x7fc00000
     420415.000 ns	     42040	80008944	469c4d13	xori	x26,x24,1129	 x24:0xb9d40000 x26=0xb9d40469
     420435.000 ns	     42042	80008948	28369c53	fmax.s	f24,f13,f3	 f13:0x00000000  f3:0x7fc00000 f24=0x00000000
     420455.000 ns	     42044	8000894c	0137e513	ori	x10,x15,19	 x15:0x80040fe4 x10=0x80040ff7
     420465.000 ns	     42045	80008950	01d6e9b3	or	x19,x13,x29	 x13:0x00000003 x29:0x00000000 x19=0x00000003
     420485.000 ns	     42047	80008954	d0154153	fcvt.s.wu	f2,x10	 x10:0x00000000  f2=0x4f000410
     420505.000 ns	     42049	80008958	01085113	srli	x2,x16,0x10	 x16:0x7f800000  x2=0x00007f80
     420525.000 ns	     42051	8000895c	e00001d3	fmv.x.w	x3,f0	  f0:0x4f086313  x3=0x4f086313
     420555.000 ns	     42054	80008960	29c497d3	fmax.s	f15,f9,f28	  f9:0x7fc00000 f28:0x00000001 f15=0x00000001
     420925.000 ns	     42091	80008964	02d568b3	rem	x17,x10,x13	 x10:0x80040ff7 x13:0x00000003 x17=0x00000000
     421295.000 ns	     42128	80008968	023762b3	rem	x5,x14,x3	 x14:0x7fffffff  x3:0x4f086313  x5=0x30f79cec
     421315.000 ns	     42130	8000896c	01e45bb3	srl	x23,x8,x30	  x8:0x00000000 x30:0x00000000 x23=0x00000000
     421335.000 ns	     42132	80008970	218a9553	fsgnjn.s	f10,f21,f24	 f21:0x7fc00000 f24:0x00000000 f10=0xffc00000
     421365.000 ns	     42135	80008974	03042f33	mulhsu	x30,x8,x16	  x8:0x00000000 x16:0x7f800000 x30=0x00000000
     421385.000 ns	     42137	80008978	0038d313	srli	x6,x17,0x3	 x17:0x00000000  x6=0x00000000
     421405.000 ns	     42139	8000897c	d00575d3	fcvt.s.w	f11,x10	 x10:0x80040ff7 f11=0xcefff7e0
     421435.000 ns	     42142	80008980	d003fc53	fcvt.s.w	f24,x7	  x7:0x00000000 f24=0x00000000
     421475.000 ns	     42146	80008984	18291253	fdiv.s	f4,f18,f2	 f18:0x7f800000  f2:0x4f000410  f4=0x7f800000
     421495.000 ns	     42148	80008988	adfebe17	auipc	x28,0xadfeb	 x28=0x2dff3988
     421505.000 ns	     42149	8000898c	00b26bb3	or	x23,x4,x11	  x4:0x00000000 x11:0xffffffff x23=0xffffffff
     421515.000 ns	     42150	80008990	71bbcd97	auipc	x27,0x71bbc	 x27=0xf1bc4990
     421545.000 ns	     42153	80008994	580a43d3	fsqrt.s	f7,f20	 f20:0xffc00000  f7=0x7fc00000
     421565.000 ns	     42155	80008998	00000013	addi	x0,x0,0	  x0:0x00000000
     421575.000 ns	     42156	8000899c	410284b3	sub	x9,x5,x16	  x5:0x30f79cec x16:0x7f800000  x9=0xb1779cec
     421585.000 ns	     42157	800089a0	00593433	sltu	x8,x18,x5	 x18:0x00000000  x5:0x30f79cec  x8=0x00000001
     421605.000 ns	     42159	800089a4	2106aad3	fsgnjx.s	f21,f13,f16	 f13:0x00000000 f16:0xce8c5800 f21=0x80000000
     421645.000 ns	     42163	800089a8	116f8753	fmul.s	f14,f31,f22	 f31:0x7fc00000 f22:0x00000000 f14=0x7fc00000
     421695.000 ns	     42168	800089ac	010b44d3	fadd.s	f9,f22,f16	 f22:0x00000000 f16:0xce8c5800  f9=0xce8c5800
     421715.000 ns	     42170	800089b0	c6f42b13	slti	x22,x8,-913	  x8:0x00000001 x22=0x00000000
     421725.000 ns	     42171	800089b4	0129dd93	srli	x27,x19,0x12	 x19:0x00000003 x27=0x00000000
     421745.000 ns	     42173	800089b8	e0080ad3	fmv.x.w	x21,f16	 f16:0xce8c5800 x21=0xce8c5800
     421765.000 ns	     42175	800089bc	01ba13b3	sll	x7,x20,x27	 x20:0x80041024 x27:0xf1bc4990  x7=0x80041024
     421785.000 ns	     42177	800089c0	03cc2b33	mulhsu	x22,x24,x28	 x24:0xb9d40000 x28:0x2dff3988 x22=0xf3644e66
     421805.000 ns	     42179	800089c4	9e196813	ori	x16,x18,-1567	 x18:0x00000000 x16=0xfffff9e1
     421815.000 ns	     42180	800089c8	8f6d7e93	andi	x29,x26,-1802	 x26:0xb9d40469 x29=0xb9d40060
     421825.000 ns	     42181	800089cc	46e0f113	andi	x2,x1,1134	  x1:0x00000001  x2=0x00000000
     421855.000 ns	     42184	800089d0	18beff53	fdiv.s	f30,f29,f11	 f29:0x00000000 f11:0xcefff7e0 f30=0x80000000
     421875.000 ns	     42186	800089d4	015751b3	srl	x3,x14,x21	 x14:0x7fffffff x21:0xce8c5800  x3=0x7fffffff
     421895.000 ns	     42188	800089d8	03df8433	mul	x8,x31,x29	 x31:0x7fffffff x29:0xb9d40060  x8=0x462bffa0
     421925.000 ns	     42191	800089dc	216d99d3	fsgnjn.s	f19,f27,f22	 f27:0x7fffffff f22:0x00000000 f19=0xffffffff
     421965.000 ns	     42195	800089e0	18adc853	fdiv.s	f16,f27,f10	 f27:0x7fffffff f10:0xffc00000 f16=0x7fc00000
     421995.000 ns	     42198	800089e4	c0080d53	fcvt.w.s	x26,f16	 f16:0xce8c5800 x26=0x7fffffff
     422025.000 ns	     42201	800089e8	28311653	fmax.s	f12,f2,f3	  f2:0x4f000410  f3:0x7fc00000 f12=0x4f000410
     422065.000 ns	     42205	800089ec	18ba2053	fdiv.s	f0,f20,f11	 f20:0xffc00000 f11:0xcefff7e0  f0=0x7fc00000
     422085.000 ns	     42207	800089f0	0128bbb3	sltu	x23,x17,x18	 x17:0x00000000 x18:0x00000000 x23=0x00000000
     422105.000 ns	     42209	800089f4	d01fb353	fcvt.s.wu	f6,x31	 x31:0x7fffffff  f6=0x4f000000
     422125.000 ns	     42211	800089f8	001e9e93	slli	x29,x29,0x1	 x29:0xb9d40060 x29=0x73a800c0
     422145.000 ns	     42213	800089fc	03c29433	mulh	x8,x5,x28	  x5:0x30f79cec x28:0x2dff3988  x8=0x08cc583b
     422175.000 ns	     42216	80008a00	d0127053	fcvt.s.wu	f0,x4	  x4:0x00000000  f0=0x00000000
     422205.000 ns	     42219	80008a04	e00513d3	fclass.s	x7,f10	 f10:0xffc00000  x7=0x00000200
     422225.000 ns	     42221	80008a08	012fda93	srli	x21,x31,0x12	 x31:0x7fffffff x21=0x00001fff
     422245.000 ns	     42223	80008a0c	20a50bd3	fsgnj.s	f23,f10,f10	 f10:0xffc00000 f10:0xffc00000 f23=0xffc00000
     422265.000 ns	     42225	80008a10	97036913	ori	x18,x6,-1680	  x6:0x00000000 x18=0xfffff970
     422305.000 ns	     42229	80008a14	010f1753	fadd.s	f14,f30,f16	 f30:0x80000000 f16:0x7fc00000 f14=0x7fc00000
     422335.000 ns	     42232	80008a18	03b85733	divu	x14,x16,x27	 x16:0xfffff9e1 x27:0x00000000 x14=0xffffffff
     422705.000 ns	     42269	80008a1c	02fa7433	remu	x8,x20,x15	 x20:0x80041024 x15:0x80040fe4  x8=0x00000040
     422725.000 ns	     42271	80008a20	003acbb3	xor	x23,x21,x3	 x21:0x00001fff  x3:0x7fffffff x23=0x7fffe000
     422745.000 ns	     42273	80008a24	d00abcd3	fcvt.s.w	f25,x21	 x21:0x00001fff f25=0x45fff800
     423115.000 ns	     42310	80008a28	037ecfb3	div	x31,x29,x23	 x29:0x73a800c0 x23:0x00000000 x31=0x00000000
     423145.000 ns	     42313	80008a2c	02a630b3	mulhu	x1,x12,x10	 x12:0x00000206 x10:0x80040ff7  x1=0x00000103
     423175.000 ns	     42316	80008a30	e00915d3	fclass.s	x11,f18	 f18:0x7f800000 x11=0x00000080
     423195.000 ns	     42318	80008a34	018ec4b3	xor	x9,x29,x24	 x29:0x73a800c0 x24:0xb9d40000  x9=0xca7c00c0
     423555.000 ns	     42354	80008a38	03aa5fb3	divu	x31,x20,x26	 x20:0x80041024 x26:0x7fffffff x31=0x00000001
     423575.000 ns	     42356	80008a3c	a9c0ba93	sltiu	x21,x1,-1380	  x1:0x00000103 x21=0x00000001
     423585.000 ns	     42357	80008a40	00e1e5b3	or	x11,x3,x14	  x3:0x7fffffff x14:0xffffffff x11=0xffffffff
     423605.000 ns	     42359	80008a44	282d8cd3	fmin.s	f25,f27,f2	 f27:0x7fffffff  f2:0x4f000410 f25=0x4f000410
     423635.000 ns	     42362	80008a48	02a19733	mulh	x14,x3,x10	  x3:0x7fffffff x10:0x80040ff7 x14=0xc00207fb
     423655.000 ns	     42364	80008a4c	00840333	add	x6,x8,x8	  x8:0x00000040  x8:0x00000040  x6=0x00000080
     423685.000 ns	     42367	80008a50	119d1f53	fmul.s	f30,f26,f25	 f26:0xcecc7200 f25:0x4f000410 f30=0xde4c787d
     423705.000 ns	     42369	80008a54	ef7743b7	lui	x7,0xef774	  x7=0xef774000
     423725.000 ns	     42371	80008a58	f00f02d3	fmv.w.x	f5,x30	 x30:0x00000000  f5=0x00000000
     423755.000 ns	     42374	80008a5c	a1440fd3	fle.s	x31,f8,f20	  f8:0x00000000 f20:0xffc00000 x31=0x00000000
     423775.000 ns	     42376	80008a60	00754bb3	xor	x23,x10,x7	 x10:0x80040ff7  x7:0xef774000 x23=0x6f734ff7
     423785.000 ns	     42377	80008a64	417ad433	sra	x8,x21,x23	 x21:0x00000001 x23:0x7fffe000  x8=0x00000000
     423795.000 ns	     42378	80008a68	00000013	addi	x0,x0,0	  x0:0x00000000
     423815.000 ns	     42380	80008a6c	d0143553	fcvt.s.wu	f10,x8	  x8:0x00000040 f10=0x00000000
     423845.000 ns	     42383	80008a70	03f2a1b3	mulhsu	x3,x5,x31	  x5:0x30f79cec x31:0x00000000  x3=0x00000000
     423875.000 ns	     42386	80008a74	a0bca553	feq.s	x10,f25,f11	 f25:0x4f000410 f11:0xcefff7e0 x10=0x00000000
     423905.000 ns	     42389	80008a78	20fc1f53	fsgnjn.s	f30,f24,f15	 f24:0x00000000 f15:0x00000001 f30=0x80000000
     423935.000 ns	     42392	80008a7c	e00d1553	fclass.s	x10,f26	 f26:0xcecc7200 x10=0x00000002
     423965.000 ns	     42395	80008a80	f00284d3	fmv.w.x	f9,x5	  x5:0x30f79cec  f9=0x30f79cec
     423995.000 ns	     42398	80008a84	e0041053	fclass.s	x0,f8	  f8:0x00000000
     424025.000 ns	     42401	80008a88	f00004d3	fmv.w.x	f9,x0	  x0:0x00000000  f9=0x00000000
     424045.000 ns	     42403	80008a8c	0016fcb3	and	x25,x13,x1	 x13:0x00000003  x1:0x00000103 x25=0x00000003
     424055.000 ns	     42404	80008a90	56710613	addi	x12,x2,1383	  x2:0x00000000 x12=0x00000567
     424415.000 ns	     42440	80008a94	02daf633	remu	x12,x21,x13	 x21:0x00000001 x13:0x00000003 x12=0x00000001
     424435.000 ns	     42442	80008a98	40c85e93	srai	x29,x16,0xc	 x16:0xfffff9e1 x29=0xffffffff
     424795.000 ns	     42478	80008a9c	02fcde33	divu	x28,x25,x15	 x25:0x00000003 x15:0x80040fe4 x28=0x00000000
     424835.000 ns	     42482	80008aa0	188094d3	fdiv.s	f9,f1,f8	  f1:0x00000000  f8:0x00000000  f9=0x7fc00000
     424865.000 ns	     42485	80008aa4	d003f2d3	fcvt.s.w	f5,x7	  x7:0xef774000  f5=0xcd844600
     424895.000 ns	     42488	80008aa8	0339bf33	mulhu	x30,x19,x19	 x19:0x00000003 x19:0x00000003 x30=0x00000000
     424925.000 ns	     42491	80008aac	029dabb3	mulhsu	x23,x27,x9	 x27:0x00000000  x9:0xca7c00c0 x23=0x00000000
     424945.000 ns	     42493	80008ab0	01456333	or	x6,x10,x20	 x10:0x00000002 x20:0x80041024  x6=0x80041026
     424955.000 ns	     42494	80008ab4	6a17ac93	slti	x25,x15,1697	 x15:0x80040fe4 x25=0x00000001
     424975.000 ns	     42496	80008ab8	e00e0ed3	fmv.x.w	x29,f28	 f28:0x00000001 x29=0x00000001
     425005.000 ns	     42499	80008abc	f00a00d3	fmv.w.x	f1,x20	 x20:0x80041024  f1=0x80041024
     425035.000 ns	     42502	80008ac0	a1fa02d3	fle.s	x5,f20,f31	 f20:0xffc00000 f31:0x7fc00000  x5=0x00000000
     425055.000 ns	     42504	80008ac4	0039b0b3	sltu	x1,x19,x3	 x19:0x00000003  x3:0x00000000  x1=0x00000000
     425065.000 ns	     42505	80008ac8	01011d93	slli	x27,x2,0x10	  x2:0x00000000 x27=0x00000000
     425105.000 ns	     42509	80008acc	01ae4953	fadd.s	f18,f28,f26	 f28:0x00000001 f26:0xcecc7200 f18=0xcecc7200
     425125.000 ns	     42511	80008ad0	01661f33	sll	x30,x12,x22	 x12:0x00000001 x22:0xf3644e66 x30=0x00000040
     425135.000 ns	     42512	80008ad4	004f99b3	sll	x19,x31,x4	 x31:0x00000000  x4:0x00000000 x19=0x00000000
     425155.000 ns	     42514	80008ad8	032c8333	mul	x6,x25,x18	 x25:0x00000001 x18:0xfffff970  x6=0xfffff970
     425185.000 ns	     42517	80008adc	a0551253	flt.s	x4,f10,f5	 f10:0x00000000  f5:0xcd844600  x4=0x00000000
     425215.000 ns	     42520	80008ae0	212716d3	fsgnjn.s	f13,f14,f18	 f14:0x7fc00000 f18:0xcecc7200 f13=0x7fc00000
     425245.000 ns	     42523	80008ae4	a1188dd3	fle.s	x27,f17,f17	 f17:0x7fc00000 f17:0x7fc00000 x27=0x00000000
     425265.000 ns	     42525	80008ae8	41bc5533	sra	x10,x24,x27	 x24:0xb9d40000 x27:0x00000000 x10=0xb9d40000
     425275.000 ns	     42526	80008aec	01eed513	srli	x10,x29,0x1e	 x29:0x00000001 x10=0x00000000
     425305.000 ns	     42529	80008af0	193c7453	fdiv.s	f8,f24,f19	 f24:0x00000000 f19:0xffffffff  f8=0x7fc00000
     425335.000 ns	     42532	80008af4	e00b94d3	fclass.s	x9,f23	 f23:0xffc00000  x9=0x00000200
     425365.000 ns	     42535	80008af8	025b7e33	remu	x28,x22,x5	 x22:0xf3644e66  x5:0x00000000 x28=0xf3644e66
     425395.000 ns	     42538	80008afc	036d09b3	mul	x19,x26,x22	 x26:0x7fffffff x22:0xf3644e66 x19=0x0c9bb19a
     425425.000 ns	     42541	80008b00	a0ab8bd3	fle.s	x23,f23,f10	 f23:0xffc00000 f10:0x00000000 x23=0x00000000
     425445.000 ns	     42543	80008b04	ca322093	slti	x1,x4,-861	  x4:0x00000000  x1=0x00000000
     425455.000 ns	     42544	80008b08	002abbb3	sltu	x23,x21,x2	 x21:0x00000001  x2:0x00000000 x23=0x00000000
     425465.000 ns	     42545	80008b0c	00174933	xor	x18,x14,x1	 x14:0xc00207fb  x1:0x00000000 x18=0xc00207fb
     425475.000 ns	     42546	80008b10	00c1f633	and	x12,x3,x12	  x3:0x00000000 x12:0x00000001 x12=0x00000000
     425495.000 ns	     42548	80008b14	284a13d3	fmax.s	f7,f20,f4	 f20:0xffc00000  f4:0x7f800000  f7=0x7f800000
     425865.000 ns	     42585	80008b18	030ee4b3	rem	x9,x29,x16	 x29:0x00000001 x16:0xfffff9e1  x9=0x00000001
     425905.000 ns	     42589	80008b1c	11ab40d3	fmul.s	f1,f22,f26	 f22:0x00000000 f26:0xcecc7200  f1=0x80000000
     425945.000 ns	     42593	80008b20	184af0d3	fdiv.s	f1,f21,f4	 f21:0x80000000  f4:0x7f800000  f1=0x80000000
     425975.000 ns	     42596	80008b24	c0147053	fcvt.wu.s	x0,f8	  f8:0x7fc00000
     425995.000 ns	     42598	80008b28	00000013	addi	x0,x0,0	  x0:0x00000000
     426025.000 ns	     42601	80008b2c	11a27dd3	fmul.s	f27,f4,f26	  f4:0x7f800000 f26:0xcecc7200 f27=0xff800000
     426075.000 ns	     42606	80008b30	00ed0fd3	fadd.s	f31,f26,f14	 f26:0xcecc7200 f14:0x7fc00000 f31=0x7fc00000
     426115.000 ns	     42610	80008b34	58023ad3	fsqrt.s	f21,f4	  f4:0x7f800000 f21=0x7f800000
     426155.000 ns	     42614	80008b38	10527153	fmul.s	f2,f4,f5	  f4:0x7f800000  f5:0xcd844600  f2=0xff800000
     426175.000 ns	     42616	80008b3c	001c9733	sll	x14,x25,x1	 x25:0x00000001  x1:0x00000000 x14=0x00000001
     426185.000 ns	     42617	80008b40	00545d13	srli	x26,x8,0x5	  x8:0x00000000 x26=0x00000000
     426205.000 ns	     42619	80008b44	e0060753	fmv.x.w	x14,f12	 f12:0x4f000410 x14=0x4f000410
     426225.000 ns	     42621	80008b48	00000b33	add	x22,x0,x0	  x0:0x00000000  x0:0x00000000 x22=0x00000000
     426235.000 ns	     42622	80008b4c	40c9d333	sra	x6,x19,x12	 x19:0x0c9bb19a x12:0x00000000  x6=0x0c9bb19a
     426255.000 ns	     42624	80008b50	f00f8053	fmv.w.x	f0,x31	 x31:0x00000000  f0=0x00000000
     426305.000 ns	     42629	80008b54	096d76d3	fsub.s	f13,f26,f22	 f26:0xcecc7200 f22:0x00000000 f13=0xcecc7200
     426325.000 ns	     42631	80008b58	01c11a93	slli	x21,x2,0x1c	  x2:0x00000000 x21=0x00000000
     426335.000 ns	     42632	80008b5c	612ca017	auipc	x0,0x612ca	
     426345.000 ns	     42633	80008b60	0119de13	srli	x28,x19,0x11	 x19:0x0c9bb19a x28=0x0000064d
     426375.000 ns	     42636	80008b64	11fc2453	fmul.s	f8,f24,f31	 f24:0x00000000 f31:0x7fc00000  f8=0x7fc00000
     426395.000 ns	     42638	80008b68	01cefdb3	and	x27,x29,x28	 x29:0x00000001 x28:0xf3644e66 x27=0x00000001
     426405.000 ns	     42639	80008b6c	00e24733	xor	x14,x4,x14	  x4:0x00000000 x14:0x4f000410 x14=0x4f000410
     426425.000 ns	     42641	80008b70	027324b3	mulhsu	x9,x6,x7	  x6:0x0c9bb19a  x7:0xef774000  x9=0x0bcb3a55
     426455.000 ns	     42644	80008b74	21bd29d3	fsgnjx.s	f19,f26,f27	 f26:0xcecc7200 f27:0xff800000 f19=0x4ecc7200
     426475.000 ns	     42646	80008b78	0112f133	and	x2,x5,x17	  x5:0x00000000 x17:0x00000000  x2=0x00000000
     426495.000 ns	     42648	80008b7c	02802633	mulhsu	x12,x0,x8	  x0:0x00000000  x8:0x00000000 x12=0x00000000
     426525.000 ns	     42651	80008b80	21c30cd3	fsgnj.s	f25,f6,f28	  f6:0x4f000000 f28:0x00000001 f25=0x4f000000
     426555.000 ns	     42654	80008b84	28071653	fmax.s	f12,f14,f0	 f14:0x7fc00000  f0:0x00000000 f12=0x00000000
     426575.000 ns	     42656	80008b88	00529bb3	sll	x23,x5,x5	  x5:0x00000000  x5:0x00000000 x23=0x00000000
     426585.000 ns	     42657	80008b8c	00afb0b3	sltu	x1,x31,x10	 x31:0x00000000 x10:0x00000000  x1=0x00000000
     426595.000 ns	     42658	80008b90	41578bb3	sub	x23,x15,x21	 x15:0x80040fe4 x21:0x00000000 x23=0x80040fe4
     426605.000 ns	     42659	80008b94	3976ea93	ori	x21,x13,919	 x13:0x00000003 x21=0x00000397
     426625.000 ns	     42661	80008b98	2033ae53	fsgnjx.s	f28,f7,f3	  f7:0x7f800000  f3:0x7fc00000 f28=0x7f800000
     426655.000 ns	     42664	80008b9c	f00306d3	fmv.w.x	f13,x6	  x6:0x0c9bb19a f13=0x0c9bb19a
     426675.000 ns	     42666	80008ba0	de0c2e97	auipc	x29,0xde0c2	 x29=0x5e0caba0
     426695.000 ns	     42668	80008ba4	03000bb3	mul	x23,x0,x16	  x0:0x00000000 x16:0xfffff9e1 x23=0x00000000
     426715.000 ns	     42670	80008ba8	aee4ee17	auipc	x28,0xaee4e	 x28=0x2ee56ba8
     426725.000 ns	     42671	80008bac	00119013	slli	x0,x3,0x1	  x3:0x00000000
     426755.000 ns	     42674	80008bb0	5801cb53	fsqrt.s	f22,f3	  f3:0x7fc00000 f22=0x7fc00000
     426785.000 ns	     42677	80008bb4	a1da22d3	feq.s	x5,f20,f29	 f20:0xffc00000 f29:0x00000000  x5=0x00000000
     426815.000 ns	     42680	80008bb8	03ed12b3	mulh	x5,x26,x30	 x26:0x00000000 x30:0x00000040  x5=0x00000000
     426845.000 ns	     42683	80008bbc	c01d2e53	fcvt.wu.s	x28,f26	 f26:0xcecc7200 x28=0x66390000
     426865.000 ns	     42685	80008bc0	00c39513	slli	x10,x7,0xc	  x7:0xef774000 x10=0x74000000
     426885.000 ns	     42687	80008bc4	02a33633	mulhu	x12,x6,x10	  x6:0x0c9bb19a x10:0x00000000 x12=0x05b68c79
     426925.000 ns	     42691	80008bc8	19ef7a53	fdiv.s	f20,f30,f30	 f30:0x80000000 f30:0x80000000 f20=0x7fc00000
     426945.000 ns	     42693	80008bcc	6680c393	xori	x7,x1,1640	  x1:0x00000000  x7=0x00000668
     426965.000 ns	     42695	80008bd0	0370d533	divu	x10,x1,x23	  x1:0x00000000 x23:0x00000000 x10=0xffffffff
     426985.000 ns	     42697	80008bd4	81cb9317	auipc	x6,0x81cb9	  x6=0x01cc1bd4
     426995.000 ns	     42698	80008bd8	367ff293	andi	x5,x31,871	 x31:0x00000000  x5=0x00000000
     427005.000 ns	     42699	80008bdc	01b07b33	and	x22,x0,x27	  x0:0x00000000 x27:0x00000001 x22=0x00000000
     427035.000 ns	     42702	80008be0	58059bd3	fsqrt.s	f23,f11	 f11:0xcefff7e0 f23=0x7fc00000
     427055.000 ns	     42704	80008be4	0052acb3	slt	x25,x5,x5	  x5:0x00000000  x5:0x00000000 x25=0x00000000
     427415.000 ns	     42740	80008be8	035e6ab3	rem	x21,x28,x21	 x28:0x66390000 x21:0x00000397 x21=0x000001b3
     427445.000 ns	     42743	80008bec	e00780d3	fmv.x.w	x1,f15	 f15:0x00000001  x1=0x00000001
     427485.000 ns	     42747	80008bf0	5801f453	fsqrt.s	f8,f3	  f3:0x7fc00000  f8=0x7fc00000
     427505.000 ns	     42749	80008bf4	4195d713	srai	x14,x11,0x19	 x11:0xffffffff x14=0xffffffff
     427525.000 ns	     42751	80008bf8	022412b3	mulh	x5,x8,x2	  x8:0x00000000  x2:0x00000000  x5=0x00000000
     427545.000 ns	     42753	80008bfc	0123f0b3	and	x1,x7,x18	  x7:0x00000668 x18:0xc00207fb  x1=0x00000668
     427565.000 ns	     42755	80008c00	c0070fd3	fcvt.w.s	x31,f14	 f14:0x7fc00000 x31=0x7fffffff
     427595.000 ns	     42758	80008c04	03d2a2b3	mulhsu	x5,x5,x29	  x5:0x00000000 x29:0x5e0caba0  x5=0x00000000
     427615.000 ns	     42760	80008c08	02846017	auipc	x0,0x2846	
     427635.000 ns	     42762	80008c0c	c01274d3	fcvt.wu.s	x9,f4	  f4:0x7f800000  x9=0xffffffff
     427655.000 ns	     42764	80008c10	9528ff93	andi	x31,x17,-1710	 x17:0x00000000 x31=0x00000000
     427665.000 ns	     42765	80008c14	00b1f133	and	x2,x3,x11	  x3:0x00000000 x11:0xffffffff  x2=0x00000000
     427675.000 ns	     42766	80008c18	9b74a213	slti	x4,x9,-1609	  x9:0xffffffff  x4=0x00000000
     427695.000 ns	     42768	80008c1c	f0060b53	fmv.w.x	f22,x12	 x12:0x05b68c79 f22=0x05b68c79
     427715.000 ns	     42770	80008c20	01ac5133	srl	x2,x24,x26	 x24:0xb9d40000 x26:0x00000000  x2=0xb9d40000
     427725.000 ns	     42771	80008c24	00296633	or	x12,x18,x2	 x18:0xc00207fb  x2:0x00000000 x12=0xf9d607fb
     427735.000 ns	     42772	80008c28	6568bb93	sltiu	x23,x17,1622	 x17:0x00000000 x23=0x00000001
     427755.000 ns	     42774	80008c2c	c006ffd3	fcvt.w.s	x31,f13	 f13:0x0c9bb19a x31=0x00000000
     427785.000 ns	     42777	80008c30	d00083d3	fcvt.s.w	f7,x1	  x1:0x00000668  f7=0x44cd0000
     427815.000 ns	     42780	80008c34	20fd2853	fsgnjx.s	f16,f26,f15	 f26:0xcecc7200 f15:0x00000001 f16=0xcecc7200
     427835.000 ns	     42782	80008c38	01e3d1b3	srl	x3,x7,x30	  x7:0x00000668 x30:0x00000040  x3=0x00000668
     427855.000 ns	     42784	80008c3c	d0014953	fcvt.s.w	f18,x2	  x2:0xb9d40000 f18=0xce8c5800
     428225.000 ns	     42821	80008c40	03b77cb3	remu	x25,x14,x27	 x14:0xffffffff x27:0x00000001 x25=0x00000000
     428255.000 ns	     42824	80008c44	c01510d3	fcvt.wu.s	x1,f10	 f10:0x00000000  x1=0x00000000
     428275.000 ns	     42826	80008c48	00612133	slt	x2,x2,x6	  x2:0xb9d40000  x6:0x01cc1bd4  x2=0x00000001
     428635.000 ns	     42862	80008c4c	03dbf633	remu	x12,x23,x29	 x23:0x00000001 x29:0x5e0caba0 x12=0x00000001
     428655.000 ns	     42864	80008c50	c4068713	addi	x14,x13,-960	 x13:0x00000003 x14=0xfffffc43
     428665.000 ns	     42865	80008c54	000754b3	srl	x9,x14,x0	 x14:0xffffffff  x0:0x00000000  x9=0xfffffc43
     428675.000 ns	     42866	80008c58	099b7217	auipc	x4,0x99b7	  x4=0x899bfc58
     428685.000 ns	     42867	80008c5c	a2488f93	addi	x31,x17,-1500	 x17:0x00000000 x31=0xfffffa24
     428695.000 ns	     42868	80008c60	4033d4b3	sra	x9,x7,x3	  x7:0x00000668  x3:0x00000668  x9=0x00000006
     428715.000 ns	     42870	80008c64	022b3fb3	mulhu	x31,x22,x2	 x22:0x00000000  x2:0x00000001 x31=0x00000000
     428745.000 ns	     42873	80008c68	2153a4d3	fsgnjx.s	f9,f7,f21	  f7:0x44cd0000 f21:0x7f800000  f9=0x44cd0000
     428795.000 ns	     42878	80008c6c	0820fdd3	fsub.s	f27,f1,f2	  f1:0x80000000  f2:0xff800000 f27=0x7f800000
     428825.000 ns	     42881	80008c70	a10dad53	feq.s	x26,f27,f16	 f27:0xff800000 f16:0xcecc7200 x26=0x00000000
     428845.000 ns	     42883	80008c74	875d18b7	lui	x17,0x875d1	 x17=0x875d1000
     428885.000 ns	     42887	80008c78	097b88d3	fsub.s	f17,f23,f23	 f23:0x7fc00000 f23:0x7fc00000 f17=0x7fc00000
     428915.000 ns	     42890	80008c7c	f0030ad3	fmv.w.x	f21,x6	  x6:0x01cc1bd4 f21=0x01cc1bd4
     428945.000 ns	     42893	80008c80	02c6b633	mulhu	x12,x13,x12	 x13:0x00000003 x12:0x00000001 x12=0x00000000
     428965.000 ns	     42895	80008c84	001bccb3	xor	x25,x23,x1	 x23:0x00000001  x1:0x00000000 x25=0x00000001
     428975.000 ns	     42896	80008c88	01431b93	slli	x23,x6,0x14	  x6:0x01cc1bd4 x23=0xbd400000
     428995.000 ns	     42898	80008c8c	210c18d3	fsgnjn.s	f17,f24,f16	 f24:0x00000000 f16:0xcecc7200 f17=0x00000000
     429025.000 ns	     42901	80008c90	031995b3	mulh	x11,x19,x17	 x19:0x0c9bb19a x17:0x875d1000 x11=0xfa0efe67
     429055.000 ns	     42904	80008c94	03cabd33	mulhu	x26,x21,x28	 x21:0x000001b3 x28:0x66390000 x26=0x000000ad
     429085.000 ns	     42907	80008c98	d014b7d3	fcvt.s.wu	f15,x9	  x9:0x00000006 f15=0x40c00000
     429105.000 ns	     42909	80008c9c	bae5f313	andi	x6,x11,-1106	 x11:0xfa0efe67  x6=0xfa0efa26
     429115.000 ns	     42910	80008ca0	55646013	ori	x0,x8,1366	  x8:0x00000000
     429475.000 ns	     42946	80008ca4	026d79b3	remu	x19,x26,x6	 x26:0x000000ad  x6:0x01cc1bd4 x19=0x000000ad
     429505.000 ns	     42949	80008ca8	e0051ed3	fclass.s	x29,f10	 f10:0x00000000 x29=0x00000010
     429535.000 ns	     42952	80008cac	0368e4b3	rem	x9,x17,x22	 x17:0x875d1000 x22:0x00000000  x9=0x875d1000
     429575.000 ns	     42956	80008cb0	186f7253	fdiv.s	f4,f30,f6	 f30:0x80000000  f6:0x4f000000  f4=0x80000000
     429595.000 ns	     42958	80008cb4	016321b3	slt	x3,x6,x22	  x6:0xfa0efa26 x22:0x00000000  x3=0x00000001
     429615.000 ns	     42960	80008cb8	a0971153	flt.s	x2,f14,f9	 f14:0x7fc00000  f9:0x44cd0000  x2=0x00000000
     429635.000 ns	     42962	80008cbc	01dee033	or	x0,x29,x29	 x29:0x00000010 x29:0x00000010
     429665.000 ns	     42965	80008cc0	1057fcd3	fmul.s	f25,f15,f5	 f15:0x40c00000  f5:0xcd844600 f25=0xcec66900
     429695.000 ns	     42968	80008cc4	f0030253	fmv.w.x	f4,x6	  x6:0xfa0efa26  f4=0xfa0efa26
     430065.000 ns	     43005	80008cc8	032a7ab3	remu	x21,x20,x18	 x20:0x80041024 x18:0xc00207fb x21=0x80041024
     430085.000 ns	     43007	80008ccc	dc132993	slti	x19,x6,-575	  x6:0xfa0efa26 x19=0x00000001
     430125.000 ns	     43011	80008cd0	01324bd3	fadd.s	f23,f4,f19	  f4:0xfa0efa26 f19:0x4ecc7200 f23=0xfa0efa26
     430145.000 ns	     43013	80008cd4	009fbfb3	sltu	x31,x31,x9	 x31:0x00000000  x9:0x875d1000 x31=0x00000001
     430155.000 ns	     43014	80008cd8	019491b3	sll	x3,x9,x25	  x9:0x875d1000 x25:0x00000001  x3=0x0eba2000
     430175.000 ns	     43016	80008cdc	e00a0153	fmv.x.w	x2,f20	 f20:0x7fc00000  x2=0x7fc00000
     430195.000 ns	     43018	80008ce0	00867eb3	and	x29,x12,x8	 x12:0x00000000  x8:0x00000000 x29=0x00000000
     430525.000 ns	     43051	80008ce4	19a32c53	fdiv.s	f24,f6,f26	  f6:0x4f000000 f26:0xcecc7200 f24=0xbf800000
     430545.000 ns	     43053	80008ce8	40058933	sub	x18,x11,x0	 x11:0xfa0efe67  x0:0x00000000 x18=0xfa0efe67
     430905.000 ns	     43089	80008cec	0330c0b3	div	x1,x1,x19	  x1:0x00000000 x19:0x00000001  x1=0x00000000
     430925.000 ns	     43091	80008cf0	6114f493	andi	x9,x9,1553	  x9:0x875d1000  x9=0x00000000
     431285.000 ns	     43127	80008cf4	02d1c0b3	div	x1,x3,x13	  x3:0x0eba2000 x13:0x00000003  x1=0x04e8b555
     431325.000 ns	     43131	80008cf8	58054d53	fsqrt.s	f26,f10	 f10:0x00000000 f26=0x00000000
     431345.000 ns	     43133	80008cfc	b9394093	xori	x1,x18,-1133	 x18:0xfa0efe67  x1=0x05f105f4
     431365.000 ns	     43135	80008d00	03bb8833	mul	x16,x23,x27	 x23:0xbd400000 x27:0x00000001 x16=0xbd400000
     431385.000 ns	     43137	80008d04	003cc9b3	xor	x19,x25,x3	 x25:0x00000001  x3:0x0eba2000 x19=0x0eba2001
     431415.000 ns	     43140	80008d08	10b874d3	fmul.s	f9,f16,f11	 f16:0xcecc7200 f11:0xcefff7e0  f9=0x5e4c6b83
     431435.000 ns	     43142	80008d0c	002a5613	srli	x12,x20,0x2	 x20:0x80041024 x12=0x20010409
     431475.000 ns	     43146	80008d10	09ae76d3	fsub.s	f13,f28,f26	 f28:0x7f800000 f26:0x00000000 f13=0x7f800000
     431495.000 ns	     43148	80008d14	00718333	add	x6,x3,x7	  x3:0x0eba2000  x7:0x00000668  x6=0x0eba2668
     431505.000 ns	     43149	80008d18	00179133	sll	x2,x15,x1	 x15:0x80040fe4  x1:0x05f105f4  x2=0xfe400000
     431515.000 ns	     43150	80008d1c	4c2e0213	addi	x4,x28,1218	 x28:0x66390000  x4=0x663904c2
     431535.000 ns	     43152	80008d20	c000ffd3	fcvt.w.s	x31,f1	  f1:0x80000000 x31=0x00000000
     431565.000 ns	     43155	80008d24	029d8633	mul	x12,x27,x9	 x27:0x00000001  x9:0x00000000 x12=0x00000000
     431585.000 ns	     43157	80008d28	01817f33	and	x30,x2,x24	  x2:0xfe400000 x24:0xb9d40000 x30=0xb8400000
     431595.000 ns	     43158	80008d2c	00275833	srl	x16,x14,x2	 x14:0xfffffc43  x2:0xfe400000 x16=0xfffffc43
     431615.000 ns	     43160	80008d30	c01075d3	fcvt.wu.s	x11,f0	  f0:0x00000000 x11=0x00000000
     431635.000 ns	     43162	80008d34	00185e33	srl	x28,x16,x1	 x16:0xbd400000  x1:0x05f105f4 x28=0x00000fff
     431645.000 ns	     43163	80008d38	01f570b3	and	x1,x10,x31	 x10:0xffffffff x31:0x00000000  x1=0x00000000
     431655.000 ns	     43164	80008d3c	ef3cc293	xori	x5,x25,-269	 x25:0x00000001  x5=0xfffffef2
     431695.000 ns	     43168	80008d40	002a13d3	fadd.s	f7,f20,f2	 f20:0x7fc00000  f2:0xff800000  f7=0x7fc00000
     431715.000 ns	     43170	80008d44	014175b3	and	x11,x2,x20	  x2:0xfe400000 x20:0x80041024 x11=0x80000000
     431735.000 ns	     43172	80008d48	a0fc9dd3	flt.s	x27,f25,f15	 f25:0xcec66900 f15:0x40c00000 x27=0x00000001
     431785.000 ns	     43177	80008d4c	08c714d3	fsub.s	f9,f14,f12	 f14:0x7fc00000 f12:0x00000000  f9=0x7fc00000
     431805.000 ns	     43179	80008d50	01618533	add	x10,x3,x22	  x3:0x0eba2000 x22:0x00000000 x10=0x0eba2000
     431825.000 ns	     43181	80008d54	a0c505d3	fle.s	x11,f10,f12	 f10:0x00000000 f12:0x00000000 x11=0x00000001
     431855.000 ns	     43184	80008d58	f00205d3	fmv.w.x	f11,x4	  x4:0x663904c2 f11=0x663904c2
     431875.000 ns	     43186	80008d5c	41a30733	sub	x14,x6,x26	  x6:0x0eba2668 x26:0x000000ad x14=0x0eba25bb
     432235.000 ns	     43222	80008d60	03a6ecb3	rem	x25,x13,x26	 x13:0x00000003 x26:0x000000ad x25=0x00000003
     432255.000 ns	     43224	80008d64	01c4eb33	or	x22,x9,x28	  x9:0x00000000 x28:0x00000fff x22=0x00000fff
     432295.000 ns	     43228	80008d68	09e0a3d3	fsub.s	f7,f1,f30	  f1:0x80000000 f30:0x80000000  f7=0x00000000
     432315.000 ns	     43230	80008d6c	017954b3	srl	x9,x18,x23	 x18:0xfa0efe67 x23:0xbd400000  x9=0xfa0efe67
     432325.000 ns	     43231	80008d70	3fcf6c17	auipc	x24,0x3fcf6	 x24=0xbfcfed70
     432345.000 ns	     43233	80008d74	28f097d3	fmax.s	f15,f1,f15	  f1:0x80000000 f15:0x40c00000 f15=0x40c00000
     432375.000 ns	     43236	80008d78	02e6a433	mulhsu	x8,x13,x14	 x13:0x00000003 x14:0x0eba25bb  x8=0x00000000
     432395.000 ns	     43238	80008d7c	018ec933	xor	x18,x29,x24	 x29:0x00000000 x24:0xbfcfed70 x18=0xbfcfed70
     432405.000 ns	     43239	80008d80	00b11433	sll	x8,x2,x11	  x2:0xfe400000 x11:0x00000001  x8=0xfc800000
     432425.000 ns	     43241	80008d84	a0f891d3	flt.s	x3,f17,f15	 f17:0x00000000 f15:0x40c00000  x3=0x00000001
     432455.000 ns	     43244	80008d88	d00afcd3	fcvt.s.w	f25,x21	 x21:0x80041024 f25=0xcefff7df
     432495.000 ns	     43248	80008d8c	106b7b53	fmul.s	f22,f22,f6	 f22:0x05b68c79  f6:0x4f000000 f22=0x15368c7a
     432525.000 ns	     43251	80008d90	a0beaad3	feq.s	x21,f29,f11	 f29:0x00000000 f11:0x663904c2 x21=0x00000000
     432555.000 ns	     43254	80008d94	02cf54b3	divu	x9,x30,x12	 x30:0xb8400000 x12:0x00000000  x9=0xffffffff
     432585.000 ns	     43257	80008d98	02f911b3	mulh	x3,x18,x15	 x18:0xbfcfed70 x15:0x80040fe4  x3=0x2017048b
     432605.000 ns	     43259	80008d9c	002eefb3	or	x31,x29,x2	 x29:0x00000000  x2:0xfe400000 x31=0xfe400000
     432615.000 ns	     43260	80008da0	40f45eb3	sra	x29,x8,x15	  x8:0xfc800000 x15:0x80040fe4 x29=0xffc80000
     432625.000 ns	     43261	80008da4	30b74c37	lui	x24,0x30b74	 x24=0x30b74000
     432645.000 ns	     43263	80008da8	21c72353	fsgnjx.s	f6,f14,f28	 f14:0x7fc00000 f28:0x7f800000  f6=0x7fc00000
     432665.000 ns	     43265	80008dac	018c0633	add	x12,x24,x24	 x24:0xbfcfed70 x24:0xbfcfed70 x12=0x616e8000
     432685.000 ns	     43267	80008db0	204ba9d3	fsgnjx.s	f19,f23,f4	 f23:0xfa0efa26  f4:0xfa0efa26 f19=0x7a0efa26
     432715.000 ns	     43270	80008db4	c005f553	fcvt.w.s	x10,f11	 f11:0x663904c2 x10=0x7fffffff
     432735.000 ns	     43272	80008db8	01a9feb3	and	x29,x19,x26	 x19:0x0eba2001 x26:0x000000ad x29=0x00000001
     432755.000 ns	     43274	80008dbc	c0018c53	fcvt.w.s	x24,f3	  f3:0x7fc00000 x24=0x7fffffff
     432785.000 ns	     43277	80008dc0	e0031dd3	fclass.s	x27,f6	  f6:0x7fc00000 x27=0x00000200
     432815.000 ns	     43280	80008dc4	a14f8c53	fle.s	x24,f31,f20	 f31:0x7fc00000 f20:0x7fc00000 x24=0x00000000
     432835.000 ns	     43282	80008dc8	cbf6fc93	andi	x25,x13,-833	 x13:0x00000003 x25=0x00000003
     432865.000 ns	     43285	80008dcc	110778d3	fmul.s	f17,f14,f16	 f14:0x7fc00000 f16:0xcecc7200 f17=0x7fc00000
     432895.000 ns	     43288	80008dd0	218d1153	fsgnjn.s	f2,f26,f24	 f26:0x00000000 f24:0xbf800000  f2=0x00000000
     432915.000 ns	     43290	80008dd4	acbc2c93	slti	x25,x24,-1333	 x24:0x00000000 x25=0x00000000
     432935.000 ns	     43292	80008dd8	e00788d3	fmv.x.w	x17,f15	 f15:0x40c00000 x17=0x40c00000
     432985.000 ns	     43297	80008ddc	00040153	fadd.s	f2,f8,f0	  f8:0x7fc00000  f0:0x00000000  f2=0x7fc00000
     433015.000 ns	     43300	80008de0	038b1db3	mulh	x27,x22,x24	 x22:0x00000fff x24:0x00000000 x27=0x00000000
     433045.000 ns	     43303	80008de4	d00c03d3	fcvt.s.w	f7,x24	 x24:0x00000000  f7=0x00000000
     433065.000 ns	     43305	80008de8	6c8cd997	auipc	x19,0x6c8cd	 x19=0xec8d5de8
     433085.000 ns	     43307	80008dec	a0972f53	feq.s	x30,f14,f9	 f14:0x7fc00000  f9:0x7fc00000 x30=0x00000000
     433115.000 ns	     43310	80008df0	a0bd85d3	fle.s	x11,f27,f11	 f27:0x7f800000 f11:0x663904c2 x11=0x00000000
     433135.000 ns	     43312	80008df4	004d6633	or	x12,x26,x4	 x26:0x000000ad  x4:0x663904c2 x12=0x663904ef
     433155.000 ns	     43314	80008df8	d0047853	fcvt.s.w	f16,x8	  x8:0xfc800000 f16=0xcc600000
     433175.000 ns	     43316	80008dfc	2b3f0713	addi	x14,x30,691	 x30:0x00000000 x14=0x000002b3
     433195.000 ns	     43318	80008e00	d00dbe53	fcvt.s.w	f28,x27	 x27:0x00000000 f28=0x00000000
     433225.000 ns	     43321	80008e04	024281b3	mul	x3,x5,x4	  x5:0xfffffef2  x4:0x663904c2  x3=0x2fdcfb64
     433255.000 ns	     43324	80008e08	d00b34d3	fcvt.s.w	f9,x22	 x22:0x00000fff  f9=0x457ff000
     433275.000 ns	     43326	80008e0c	01efa9b3	slt	x19,x31,x30	 x31:0xfe400000 x30:0x00000000 x19=0x00000001
     433315.000 ns	     43330	80008e10	08a47753	fsub.s	f14,f8,f10	  f8:0x7fc00000 f10:0x00000000 f14=0x7fc00000
     433335.000 ns	     43332	80008e14	41c8df13	srai	x30,x17,0x1c	 x17:0x40c00000 x30=0x00000004
     433355.000 ns	     43334	80008e18	20b18b53	fsgnj.s	f22,f3,f11	  f3:0x7fc00000 f11:0x663904c2 f22=0x7fc00000
     433375.000 ns	     43336	80008e1c	e21b0317	auipc	x6,0xe21b0	  x6=0x621b8e1c
     433395.000 ns	     43338	80008e20	216a9253	fsgnjn.s	f4,f21,f22	 f21:0x01cc1bd4 f22:0x7fc00000  f4=0x81cc1bd4
     433415.000 ns	     43340	80008e24	000edcb3	srl	x25,x29,x0	 x29:0x00000001  x0:0x00000000 x25=0x00000001
     433435.000 ns	     43342	80008e28	c00c8c53	fcvt.w.s	x24,f25	 f25:0xcefff7df x24=0x80041080
     433465.000 ns	     43345	80008e2c	296e0253	fmin.s	f4,f28,f22	 f28:0x00000000 f22:0x7fc00000  f4=0x00000000
     433485.000 ns	     43347	80008e30	41568ab3	sub	x21,x13,x21	 x13:0x00000003 x21:0x00000000 x21=0x00000003
     433495.000 ns	     43348	80008e34	01adfbb3	and	x23,x27,x26	 x27:0x00000000 x26:0x000000ad x23=0x00000000
     433515.000 ns	     43350	80008e38	039998b3	mulh	x17,x19,x25	 x19:0x00000001 x25:0x00000001 x17=0x00000000
     433565.000 ns	     43355	80008e3c	01ae08d3	fadd.s	f17,f28,f26	 f28:0x00000000 f26:0x00000000 f17=0x00000000
     433595.000 ns	     43358	80008e40	28001d53	fmax.s	f26,f0,f0	  f0:0x00000000  f0:0x00000000 f26=0x00000000
     433615.000 ns	     43360	80008e44	00000013	addi	x0,x0,0	  x0:0x00000000
     433975.000 ns	     43396	80008e48	032ad933	divu	x18,x21,x18	 x21:0x00000003 x18:0xbfcfed70 x18=0x00000000
     434005.000 ns	     43399	80008e4c	02b805b3	mul	x11,x16,x11	 x16:0xfffffc43 x11:0x00000000 x11=0x00000000
     434035.000 ns	     43402	80008e50	a1c90c53	fle.s	x24,f18,f28	 f18:0xce8c5800 f28:0x00000000 x24=0x00000001
     434065.000 ns	     43405	80008e54	a12580d3	fle.s	x1,f11,f18	 f11:0x663904c2 f18:0xce8c5800  x1=0x00000000
     434095.000 ns	     43408	80008e58	02155433	divu	x8,x10,x1	 x10:0x7fffffff  x1:0x00000000  x8=0xffffffff
     434125.000 ns	     43411	80008e5c	03bac533	div	x10,x21,x27	 x21:0x00000003 x27:0x00000000 x10=0xffffffff
     434155.000 ns	     43414	80008e60	037cd033	divu	x0,x25,x23	 x25:0x00000001 x23:0x00000000
     434195.000 ns	     43418	80008e64	11dd8dd3	fmul.s	f27,f27,f29	 f27:0x7f800000 f29:0x00000000 f27=0x7fc00000
     434215.000 ns	     43420	80008e68	00e38933	add	x18,x7,x14	  x7:0x00000668 x14:0x000002b3 x18=0x0000091b
     434235.000 ns	     43422	80008e6c	0369bd33	mulhu	x26,x19,x22	 x19:0x00000001 x22:0x00000fff x26=0x00000000
     434255.000 ns	     43424	80008e70	b9666b13	ori	x22,x12,-1130	 x12:0x663904ef x22=0xffffffff
     434265.000 ns	     43425	80008e74	009b4933	xor	x18,x22,x9	 x22:0x00000fff  x9:0xffffffff x18=0x00000000
     434295.000 ns	     43428	80008e78	18b8ff53	fdiv.s	f30,f17,f11	 f17:0x00000000 f11:0x663904c2 f30=0x00000000
     434325.000 ns	     43431	80008e7c	a13224d3	feq.s	x9,f4,f19	  f4:0x00000000 f19:0x7a0efa26  x9=0x00000000
     434355.000 ns	     43434	80008e80	293b17d3	fmax.s	f15,f22,f19	 f22:0x7fc00000 f19:0x7a0efa26 f15=0x7a0efa26
     434375.000 ns	     43436	80008e84	011ebf33	sltu	x30,x29,x17	 x29:0x00000001 x17:0x00000000 x30=0x00000000
     434395.000 ns	     43438	80008e88	029bc433	div	x8,x23,x9	 x23:0x00000000  x9:0x00000000  x8=0xffffffff
     434425.000 ns	     43441	80008e8c	c016fcd3	fcvt.wu.s	x25,f13	 f13:0x7f800000 x25=0xffffffff
     434445.000 ns	     43443	80008e90	760aff93	andi	x31,x21,1888	 x21:0x00000003 x31=0x00000000
     434455.000 ns	     43444	80008e94	003b5f13	srli	x30,x22,0x3	 x22:0xffffffff x30=0x1fffffff
     434465.000 ns	     43445	80008e98	00cbd813	srli	x16,x23,0xc	 x23:0x00000000 x16=0x00000000
     434475.000 ns	     43446	80008e9c	560d3513	sltiu	x10,x26,1376	 x26:0x00000000 x10=0x00000001
     434495.000 ns	     43448	80008ea0	d011fed3	fcvt.s.wu	f29,x3	  x3:0x2fdcfb64 f29=0x4e3f73ed
     434515.000 ns	     43450	80008ea4	4c080313	addi	x6,x16,1216	 x16:0x00000000  x6=0x000004c0
     434525.000 ns	     43451	80008ea8	00000013	addi	x0,x0,0	  x0:0x00000000
     434535.000 ns	     43452	80008eac	007b4cb3	xor	x25,x22,x7	 x22:0xffffffff  x7:0x00000668 x25=0xfffff997
     434545.000 ns	     43453	80008eb0	017ec2b3	xor	x5,x29,x23	 x29:0x00000001 x23:0x00000000  x5=0x00000001
     434565.000 ns	     43455	80008eb4	c005f653	fcvt.w.s	x12,f11	 f11:0x663904c2 x12=0x7fffffff
     434935.000 ns	     43492	80008eb8	03c67933	remu	x18,x12,x28	 x12:0x663904ef x28:0x00000fff x18=0x0000007f
     434955.000 ns	     43494	80008ebc	011ddcb3	srl	x25,x27,x17	 x27:0x00000000 x17:0x00000000 x25=0x00000000
     434975.000 ns	     43496	80008ec0	21ed2053	fsgnjx.s	f0,f26,f30	 f26:0x00000000 f30:0x00000000  f0=0x00000000
     434995.000 ns	     43498	80008ec4	40a9d013	srai	x0,x19,0xa	 x19:0x00000001
     435005.000 ns	     43499	80008ec8	7dbe6e13	ori	x28,x28,2011	 x28:0x00000fff x28=0x00000fff
     435015.000 ns	     43500	80008ecc	00a83db3	sltu	x27,x16,x10	 x16:0x00000000 x10:0x00000001 x27=0x00000001
     435025.000 ns	     43501	80008ed0	34017d13	andi	x26,x2,832	  x2:0xfe400000 x26=0x00000000
     435035.000 ns	     43502	80008ed4	cc899217	auipc	x4,0xcc899	  x4=0x4c8a1ed4
     435045.000 ns	     43503	80008ed8	4133d0b3	sra	x1,x7,x19	  x7:0x00000668 x19:0x00000001  x1=0x00000334
     435065.000 ns	     43505	80008edc	037a9933	mulh	x18,x21,x23	 x21:0x00000003 x23:0x00000000 x18=0x00000000
     435095.000 ns	     43508	80008ee0	20fd84d3	fsgnj.s	f9,f27,f15	 f27:0x7fc00000 f15:0x7a0efa26  f9=0x7fc00000
     435135.000 ns	     43512	80008ee4	58008553	fsqrt.s	f10,f1	  f1:0x80000000 f10=0x80000000
     435155.000 ns	     43514	80008ee8	41d98e33	sub	x28,x19,x29	 x19:0x00000001 x29:0x00000001 x28=0x00000000
     435175.000 ns	     43516	80008eec	20ad0dd3	fsgnj.s	f27,f26,f10	 f26:0x00000000 f10:0x80000000 f27=0x80000000
     435195.000 ns	     43518	80008ef0	00aa6433	or	x8,x20,x10	 x20:0x80041024 x10:0x00000001  x8=0x80041025
     435215.000 ns	     43520	80008ef4	d00d93d3	fcvt.s.w	f7,x27	 x27:0x00000001  f7=0x3f800000
     435235.000 ns	     43522	80008ef8	41315013	srai	x0,x2,0x13	  x2:0xfe400000
     435245.000 ns	     43523	80008efc	f21a8b13	addi	x22,x21,-223	 x21:0x00000003 x22=0xffffff24
     435265.000 ns	     43525	80008f00	032ece33	div	x28,x29,x18	 x29:0x00000001 x18:0x00000000 x28=0xffffffff
     435295.000 ns	     43528	80008f04	a044a0d3	feq.s	x1,f9,f4	  f9:0x7fc00000  f4:0x00000000  x1=0x00000000
     435315.000 ns	     43530	80008f08	00f78ab3	add	x21,x15,x15	 x15:0x80040fe4 x15:0x80040fe4 x21=0x00081fc8
     435335.000 ns	     43532	80008f0c	d01775d3	fcvt.s.wu	f11,x14	 x14:0x000002b3 f11=0x442cc000
     435365.000 ns	     43535	80008f10	020034b3	mulhu	x9,x0,x0	  x0:0x00000000  x0:0x00000000  x9=0x00000000
     435405.000 ns	     43539	80008f14	1183a2d3	fmul.s	f5,f7,f24	  f7:0x3f800000 f24:0xbf800000  f5=0xbf800000
     435425.000 ns	     43541	80008f18	01a48e33	add	x28,x9,x26	  x9:0x00000000 x26:0x00000000 x28=0x00000000
     435435.000 ns	     43542	80008f1c	01975213	srli	x4,x14,0x19	 x14:0x000002b3  x4=0x00000000
     435445.000 ns	     43543	80008f20	005e7933	and	x18,x28,x5	 x28:0xffffffff  x5:0x00000001 x18=0x00000000
     435485.000 ns	     43547	80008f24	0858f353	fsub.s	f6,f17,f5	 f17:0x00000000  f5:0xbf800000  f6=0x3f800000
     435515.000 ns	     43550	80008f28	e00899d3	fclass.s	x19,f17	 f17:0x00000000 x19=0x00000010
     435545.000 ns	     43553	80008f2c	e0039cd3	fclass.s	x25,f7	  f7:0x3f800000 x25=0x00000040
     435575.000 ns	     43556	80008f30	c0011c53	fcvt.w.s	x24,f2	  f2:0x7fc00000 x24=0x7fffffff
     435605.000 ns	     43559	80008f34	d0094cd3	fcvt.s.w	f25,x18	 x18:0x00000000 f25=0x00000000
     435625.000 ns	     43561	80008f38	00aec533	xor	x10,x29,x10	 x29:0x00000001 x10:0x00000001 x10=0x00000000
     435635.000 ns	     43562	80008f3c	40e98f33	sub	x30,x19,x14	 x19:0x00000010 x14:0x000002b3 x30=0xfffffd5d
     435665.000 ns	     43565	80008f40	19a94253	fdiv.s	f4,f18,f26	 f18:0xce8c5800 f26:0x00000000  f4=0xff800000
     435685.000 ns	     43567	80008f44	0c5e5ab7	lui	x21,0xc5e5	 x21=0x0c5e5000
     435715.000 ns	     43570	80008f48	10ed1853	fmul.s	f16,f26,f14	 f26:0x00000000 f14:0x7fc00000 f16=0x7fc00000
     435735.000 ns	     43572	80008f4c	41160433	sub	x8,x12,x17	 x12:0x7fffffff x17:0x00000000  x8=0x7fffffff
     435755.000 ns	     43574	80008f50	0382be33	mulhu	x28,x5,x24	  x5:0x00000001 x24:0x7fffffff x28=0x00000000
     435785.000 ns	     43577	80008f54	c0007653	fcvt.w.s	x12,f0	  f0:0x00000000 x12=0x00000000
     435815.000 ns	     43580	80008f58	c01f2253	fcvt.wu.s	x4,f30	 f30:0x00000000  x4=0x00000000
     435845.000 ns	     43583	80008f5c	21220f53	fsgnj.s	f30,f4,f18	  f4:0xff800000 f18:0xce8c5800 f30=0xff800000
     436215.000 ns	     43620	80008f60	039a6433	rem	x8,x20,x25	 x20:0x80041024 x25:0x00000040  x8=0xffffffe4
     436235.000 ns	     43622	80008f64	07d87493	andi	x9,x16,125	 x16:0x00000000  x9=0x00000000
     436255.000 ns	     43624	80008f68	d00ec053	fcvt.s.w	f0,x29	 x29:0x00000001  f0=0x3f800000
     436285.000 ns	     43627	80008f6c	20859853	fsgnjn.s	f16,f11,f8	 f11:0x442cc000  f8:0x7fc00000 f16=0xc42cc000
     436325.000 ns	     43631	80008f70	580e77d3	fsqrt.s	f15,f28	 f28:0x00000000 f15=0x00000000
     436345.000 ns	     43633	80008f74	65133893	sltiu	x17,x6,1617	  x6:0x000004c0 x17=0x00000001
     436355.000 ns	     43634	80008f78	404055b3	sra	x11,x0,x4	  x0:0x00000000  x4:0x00000000 x11=0x00000000
     436365.000 ns	     43635	80008f7c	c7e8a393	slti	x7,x17,-898	 x17:0x00000000  x7=0x00000000
     436385.000 ns	     43637	80008f80	a0828ed3	fle.s	x29,f5,f8	  f5:0xbf800000  f8:0x7fc00000 x29=0x00000000
     436405.000 ns	     43639	80008f84	0048a133	slt	x2,x17,x4	 x17:0x00000001  x4:0x00000000  x2=0x00000000
     436425.000 ns	     43641	80008f88	c01f31d3	fcvt.wu.s	x3,f30	 f30:0xff800000  x3=0x00000000
     436445.000 ns	     43643	80008f8c	f7eb2213	slti	x4,x22,-130	 x22:0xffffff24  x4=0x00000001
     436455.000 ns	     43644	80008f90	4a10b293	sltiu	x5,x1,1185	  x1:0x00000000  x5=0x00000001
     436465.000 ns	     43645	80008f94	eb04c493	xori	x9,x9,-336	  x9:0x00000000  x9=0xfffffeb0
     436475.000 ns	     43646	80008f98	00af60b3	or	x1,x30,x10	 x30:0xfffffd5d x10:0x00000000  x1=0xfffffd5d
     436485.000 ns	     43647	80008f9c	00a59833	sll	x16,x11,x10	 x11:0x00000000 x10:0x00000000 x16=0x00000000
     436495.000 ns	     43648	80008fa0	00000013	addi	x0,x0,0	  x0:0x00000000
     436535.000 ns	     43652	80008fa4	00e8fa53	fadd.s	f20,f17,f14	 f17:0x00000000 f14:0x7fc00000 f20=0x7fc00000
     436555.000 ns	     43654	80008fa8	01a01633	sll	x12,x0,x26	  x0:0x00000000 x26:0x00000000 x12=0x00000000
     436575.000 ns	     43656	80008fac	20281e53	fsgnjn.s	f28,f16,f2	 f16:0xc42cc000  f2:0x7fc00000 f28=0xc42cc000
     436605.000 ns	     43659	80008fb0	e00c9853	fclass.s	x16,f25	 f25:0x00000000 x16=0x00000010
     436625.000 ns	     43661	80008fb4	014e1833	sll	x16,x28,x20	 x28:0x00000000 x20:0x80041024 x16=0x00000000
     436655.000 ns	     43664	80008fb8	58082fd3	fsqrt.s	f31,f16	 f16:0xc42cc000 f31=0x7fc00000
     436675.000 ns	     43666	80008fbc	41f30733	sub	x14,x6,x31	  x6:0x000004c0 x31:0x00000000 x14=0x000004c0
     436685.000 ns	     43667	80008fc0	73e23893	sltiu	x17,x4,1854	  x4:0x00000001 x17=0x00000001
     436715.000 ns	     43670	80008fc4	19ad72d3	fdiv.s	f5,f26,f26	 f26:0x00000000 f26:0x00000000  f5=0x7fc00000
     436735.000 ns	     43672	80008fc8	01ce5db3	srl	x27,x28,x28	 x28:0x00000000 x28:0x00000000 x27=0x00000000
     436765.000 ns	     43675	80008fcc	5806f3d3	fsqrt.s	f7,f13	 f13:0x7f800000  f7=0x7f800000
     436785.000 ns	     43677	80008fd0	a77de737	lui	x14,0xa77de	 x14=0xa77de000
     436805.000 ns	     43679	80008fd4	a1a71e53	flt.s	x28,f14,f26	 f14:0x7fc00000 f26:0x00000000 x28=0x00000000
     436825.000 ns	     43681	80008fd8	0ab19017	auipc	x0,0xab19	
     436845.000 ns	     43683	80008fdc	20732dd3	fsgnjx.s	f27,f6,f7	  f6:0x3f800000  f7:0x7f800000 f27=0x3f800000
     436875.000 ns	     43686	80008fe0	216f03d3	fsgnj.s	f7,f30,f22	 f30:0xff800000 f22:0x7fc00000  f7=0x7f800000
     436895.000 ns	     43688	80008fe4	3e77f713	andi	x14,x15,999	 x15:0x80040fe4 x14=0x000003e4
     436905.000 ns	     43689	80008fe8	00989b33	sll	x22,x17,x9	 x17:0x00000001  x9:0xfffffeb0 x22=0x00010000
     436925.000 ns	     43691	80008fec	28398553	fmin.s	f10,f19,f3	 f19:0x7a0efa26  f3:0x7fc00000 f10=0x7a0efa26
     436955.000 ns	     43694	80008ff0	a1ee2153	feq.s	x2,f28,f30	 f28:0xc42cc000 f30:0xff800000  x2=0x00000000
     437295.000 ns	     43728	80008ff4	19b515d3	fdiv.s	f11,f10,f27	 f10:0x7a0efa26 f27:0x3f800000 f11=0x7a0ef9b6
     437325.000 ns	     43731	80008ff8	21dd12d3	fsgnjn.s	f5,f26,f29	 f26:0x00000000 f29:0x4e3f73ed  f5=0x80000000
     437345.000 ns	     43733	80008ffc	004a8133	add	x2,x21,x4	 x21:0x0c5e5000  x4:0x00000001  x2=0x0c5e5001
     437355.000 ns	     43734	80009000	014f5f13	srli	x30,x30,0x14	 x30:0xfffffd5d x30=0x00000fff
     437375.000 ns	     43736	80009004	0210b5b3	mulhu	x11,x1,x1	  x1:0xfffffd5d  x1:0xfffffd5d x11=0xfffffaba
     437425.000 ns	     43741	80009008	01bb79d3	fadd.s	f19,f22,f27	 f22:0x7fc00000 f27:0x3f800000 f19=0x7fc00000
     437445.000 ns	     43743	8000900c	ceb06413	ori	x8,x0,-789	  x0:0x00000000  x8=0xfffffceb
     437465.000 ns	     43745	80009010	0278c333	div	x6,x17,x7	 x17:0x00000001  x7:0x00000000  x6=0xffffffff
     437515.000 ns	     43750	80009014	006f7353	fadd.s	f6,f30,f6	 f30:0xff800000  f6:0x3f800000  f6=0xff800000
     437545.000 ns	     43753	80009018	0284a933	mulhsu	x18,x9,x8	  x9:0xfffffeb0  x8:0xfffffceb x18=0xfffffeb0
     437565.000 ns	     43755	8000901c	419bd193	srai	x3,x23,0x19	 x23:0x00000000  x3=0x00000000
     437585.000 ns	     43757	80009020	027c7ab3	remu	x21,x24,x7	 x24:0x7fffffff  x7:0x00000000 x21=0x7fffffff
     437605.000 ns	     43759	80009024	41ea0f33	sub	x30,x20,x30	 x20:0x80041024 x30:0x00000fff x30=0x80040025
     437615.000 ns	     43760	80009028	40b4dbb3	sra	x23,x9,x11	  x9:0xfffffeb0 x11:0xfffffaba x23=0xffffffff
     437635.000 ns	     43762	8000902c	29700953	fmin.s	f18,f0,f23	  f0:0x3f800000 f23:0xfa0efa26 f18=0xfa0efa26
     437655.000 ns	     43764	80009030	00d5df93	srli	x31,x11,0xd	 x11:0xfffffaba x31=0x0007ffff
     437665.000 ns	     43765	80009034	4cc08a93	addi	x21,x1,1228	  x1:0xfffffd5d x21=0x00000229
     437675.000 ns	     43766	80009038	01635493	srli	x9,x6,0x16	  x6:0xffffffff  x9=0x000003ff
     437685.000 ns	     43767	8000903c	00ff0ab3	add	x21,x30,x15	 x30:0x80040025 x15:0x80040fe4 x21=0x00081009
     437695.000 ns	     43768	80009040	00000013	addi	x0,x0,0	  x0:0x00000000
     437715.000 ns	     43770	80009044	21dba953	fsgnjx.s	f18,f23,f29	 f23:0xfa0efa26 f29:0x4e3f73ed f18=0xfa0efa26
     437735.000 ns	     43772	80009048	012dfdb3	and	x27,x27,x18	 x27:0x00000000 x18:0xfffffeb0 x27=0x00000000
     437765.000 ns	     43775	8000904c	10571f53	fmul.s	f30,f14,f5	 f14:0x7fc00000  f5:0x80000000 f30=0x7fc00000
     437795.000 ns	     43778	80009050	e00404d3	fmv.x.w	x9,f8	  f8:0x7fc00000  x9=0x7fc00000
     437815.000 ns	     43780	80009054	01b35d13	srli	x26,x6,0x1b	  x6:0xffffffff x26=0x0000001f
     437855.000 ns	     43784	80009058	0174a553	fadd.s	f10,f9,f23	  f9:0x7fc00000 f23:0xfa0efa26 f10=0x7fc00000
     437875.000 ns	     43786	8000905c	0158a033	slt	x0,x17,x21	 x17:0x00000001 x21:0x00081009
     437915.000 ns	     43790	80009060	01eaf0d3	fadd.s	f1,f21,f30	 f21:0x01cc1bd4 f30:0x7fc00000  f1=0x7fc00000
     437965.000 ns	     43795	80009064	0097bcd3	fadd.s	f25,f15,f9	 f15:0x00000000  f9:0x7fc00000 f25=0x7fc00000
     438005.000 ns	     43799	80009068	19c570d3	fdiv.s	f1,f10,f28	 f10:0x7fc00000 f28:0xc42cc000  f1=0x7fc00000
     438035.000 ns	     43802	8000906c	a03492d3	flt.s	x5,f9,f3	  f9:0x7fc00000  f3:0x7fc00000  x5=0x00000000
     438055.000 ns	     43804	80009070	2f70a213	slti	x4,x1,759	  x1:0xfffffd5d  x4=0x00000001
     438065.000 ns	     43805	80009074	00f9f233	and	x4,x19,x15	 x19:0x00000010 x15:0x80040fe4  x4=0x00000000
     438085.000 ns	     43807	80009078	02a55533	divu	x10,x10,x10	 x10:0x00000000 x10:0x00000000 x10=0xffffffff
     438115.000 ns	     43810	8000907c	d0137ad3	fcvt.s.wu	f21,x6	  x6:0xffffffff f21=0x4f7fffff
     438135.000 ns	     43812	80009080	013c6db3	or	x27,x24,x19	 x24:0x7fffffff x19:0x00000010 x27=0x7fffffff
     438155.000 ns	     43814	80009084	d00ea5d3	fcvt.s.w	f11,x29	 x29:0x00000000 f11=0x00000000
     438175.000 ns	     43816	80009088	00cae433	or	x8,x21,x12	 x21:0x00081009 x12:0x00000000  x8=0x00081009
     438185.000 ns	     43817	8000908c	00c68633	add	x12,x13,x12	 x13:0x00000003 x12:0x00000000 x12=0x00000003
     438225.000 ns	     43821	80009090	01c699d3	fadd.s	f19,f13,f28	 f13:0x7f800000 f28:0xc42cc000 f19=0x7f800000
     438245.000 ns	     43823	80009094	10198e13	addi	x28,x19,257	 x19:0x00000010 x28=0x00000111
     438265.000 ns	     43825	80009098	210f0d53	fsgnj.s	f26,f30,f16	 f30:0x7fc00000 f16:0xc42cc000 f26=0xffc00000
     438285.000 ns	     43827	8000909c	b86a12b7	lui	x5,0xb86a1	  x5=0xb86a1000
     438295.000 ns	     43828	800090a0	00b06bb3	or	x23,x0,x11	  x0:0x00000000 x11:0xfffffaba x23=0xfffffaba
     438305.000 ns	     43829	800090a4	113312b7	lui	x5,0x11331	  x5=0x11331000
     438335.000 ns	     43832	800090a8	1017a1d3	fmul.s	f3,f15,f1	 f15:0x00000000  f1:0x7fc00000  f3=0x7fc00000
     438355.000 ns	     43834	800090ac	0102ab33	slt	x22,x5,x16	  x5:0xb86a1000 x16:0x00000000 x22=0x00000000
     438365.000 ns	     43835	800090b0	01c1e9b3	or	x19,x3,x28	  x3:0x00000000 x28:0x00000111 x19=0x00000111
     438375.000 ns	     43836	800090b4	25fde513	ori	x10,x27,607	 x27:0x7fffffff x10=0x7fffffff
     438395.000 ns	     43838	800090b8	024e3d33	mulhu	x26,x28,x4	 x28:0x00000111  x4:0x00000000 x26=0x00000000
     438425.000 ns	     43841	800090bc	a0a723d3	feq.s	x7,f14,f10	 f14:0x7fc00000 f10:0x7fc00000  x7=0x00000000
     438445.000 ns	     43843	800090c0	00af53b3	srl	x7,x30,x10	 x30:0x80040025 x10:0x7fffffff  x7=0x00000001
     438465.000 ns	     43845	800090c4	c0063f53	fcvt.w.s	x30,f12	 f12:0x00000000 x30=0x00000000
     438485.000 ns	     43847	800090c8	409d5613	srai	x12,x26,0x9	 x26:0x00000000 x12=0x00000000
     438495.000 ns	     43848	800090cc	24573593	sltiu	x11,x14,581	 x14:0x000003e4 x11=0x00000000
     438505.000 ns	     43849	800090d0	00000013	addi	x0,x0,0	  x0:0x00000000
     438545.000 ns	     43853	800090d4	01652dd3	fadd.s	f27,f10,f22	 f10:0x7fc00000 f22:0x7fc00000 f27=0x7fc00000
     438565.000 ns	     43855	800090d8	45bb7493	andi	x9,x22,1115	 x22:0x00000000  x9=0x00000000
     438585.000 ns	     43857	800090dc	a0741753	flt.s	x14,f8,f7	  f8:0x7fc00000  f7:0x7f800000 x14=0x00000000
     438605.000 ns	     43859	800090e0	f8d6fe93	andi	x29,x13,-115	 x13:0x00000003 x29=0x00000001
     438615.000 ns	     43860	800090e4	41480f33	sub	x30,x16,x20	 x16:0x00000000 x20:0x80041024 x30=0x7ffbefdc
     438975.000 ns	     43896	800090e8	0316fd33	remu	x26,x13,x17	 x13:0x00000003 x17:0x00000001 x26=0x00000000
     439005.000 ns	     43899	800090ec	28918cd3	fmin.s	f25,f3,f9	  f3:0x7fc00000  f9:0x7fc00000 f25=0x7fc00000
     439025.000 ns	     43901	800090f0	bb37e893	ori	x17,x15,-1101	 x15:0x80040fe4 x17=0xfffffff7
     439055.000 ns	     43904	800090f4	580d7e53	fsqrt.s	f28,f26	 f26:0xffc00000 f28=0x7fc00000
     439085.000 ns	     43907	800090f8	a17c93d3	flt.s	x7,f25,f23	 f25:0x7fc00000 f23:0xfa0efa26  x7=0x00000000
     439115.000 ns	     43910	800090fc	207bacd3	fsgnjx.s	f25,f23,f7	 f23:0xfa0efa26  f7:0x7f800000 f25=0xfa0efa26
     439135.000 ns	     43912	80009100	41235b93	srai	x23,x6,0x12	  x6:0xffffffff x23=0xffffffff
     439145.000 ns	     43913	80009104	561d0813	addi	x16,x26,1377	 x26:0x00000000 x16=0x00000561
     439165.000 ns	     43915	80009108	d0084ad3	fcvt.s.w	f21,x16	 x16:0x00000000 f21=0x44ac2000
     439195.000 ns	     43918	8000910c	c01781d3	fcvt.wu.s	x3,f15	 f15:0x00000000  x3=0x00000000
     439225.000 ns	     43921	80009110	e00c8d53	fmv.x.w	x26,f25	 f25:0xfa0efa26 x26=0xfa0efa26
     439595.000 ns	     43958	80009114	02a062b3	rem	x5,x0,x10	  x0:0x00000000 x10:0x7fffffff  x5=0x00000000
     439635.000 ns	     43962	80009118	18017753	fdiv.s	f14,f2,f0	  f2:0x7fc00000  f0:0x3f800000 f14=0x7fc00000
     439665.000 ns	     43965	8000911c	d00b0553	fcvt.s.w	f10,x22	 x22:0x00000000 f10=0x00000000
     439685.000 ns	     43967	80009120	00f0a5b3	slt	x11,x1,x15	  x1:0xfffffd5d x15:0x80040fe4 x11=0x00000000
     439705.000 ns	     43969	80009124	f00388d3	fmv.w.x	f17,x7	  x7:0x00000000 f17=0x00000000
     439725.000 ns	     43971	80009128	00c08db3	add	x27,x1,x12	  x1:0xfffffd5d x12:0x00000000 x27=0xfffffd5d
     439745.000 ns	     43973	8000912c	a0560953	fle.s	x18,f12,f5	 f12:0x00000000  f5:0x80000000 x18=0x00000001
     439775.000 ns	     43976	80009130	29230ad3	fmin.s	f21,f6,f18	  f6:0xff800000 f18:0xfa0efa26 f21=0xff800000
     439795.000 ns	     43978	80009134	405c0e33	sub	x28,x24,x5	 x24:0x7fffffff  x5:0x00000000 x28=0x7fffffff
     439815.000 ns	     43980	80009138	a17a0e53	fle.s	x28,f20,f23	 f20:0x7fc00000 f23:0xfa0efa26 x28=0x00000000
     439845.000 ns	     43983	8000913c	28ee8cd3	fmin.s	f25,f29,f14	 f29:0x4e3f73ed f14:0x7fc00000 f25=0x4e3f73ed
     439865.000 ns	     43985	80009140	22d69e97	auipc	x29,0x22d69	 x29=0xa2d72140
     439875.000 ns	     43986	80009144	5dbf6593	ori	x11,x30,1499	 x30:0x7ffbefdc x11=0x7ffbefdf
     439885.000 ns	     43987	80009148	0104b233	sltu	x4,x9,x16	  x9:0x00000000 x16:0x00000561  x4=0x00000001
     439895.000 ns	     43988	8000914c	97b57513	andi	x10,x10,-1669	 x10:0x7fffffff x10=0x7ffff97b
     439905.000 ns	     43989	80009150	01cd7bb3	and	x23,x26,x28	 x26:0xfa0efa26 x28:0x00000000 x23=0x00000000
     439915.000 ns	     43990	80009154	1654a3b7	lui	x7,0x1654a	  x7=0x1654a000
     439925.000 ns	     43991	80009158	01c975b3	and	x11,x18,x28	 x18:0x00000001 x28:0x00000000 x11=0x00000000
     439935.000 ns	     43992	8000915c	56318993	addi	x19,x3,1379	  x3:0x00000000 x19=0x00000563
     439945.000 ns	     43993	80009160	00d4e433	or	x8,x9,x13	  x9:0x00000000 x13:0x00000003  x8=0x00000003
     439965.000 ns	     43995	80009164	a03faf53	feq.s	x30,f31,f3	 f31:0x7fc00000  f3:0x7fc00000 x30=0x00000000
     439995.000 ns	     43998	80009168	297994d3	fmax.s	f9,f19,f23	 f19:0x7f800000 f23:0xfa0efa26  f9=0x7f800000
     440015.000 ns	     44000	8000916c	01334633	xor	x12,x6,x19	  x6:0xffffffff x19:0x00000563 x12=0xfffffa9c
     440025.000 ns	     44001	80009170	01c47233	and	x4,x8,x28	  x8:0x00000003 x28:0x00000000  x4=0x00000000
     440035.000 ns	     44002	80009174	00656eb3	or	x29,x10,x6	 x10:0x7ffff97b  x6:0xffffffff x29=0xffffffff
     440045.000 ns	     44003	80009178	ff0f3f13	sltiu	x30,x30,-16	 x30:0x00000000 x30=0x00000001
     440405.000 ns	     44039	8000917c	03e862b3	rem	x5,x16,x30	 x16:0x00000561 x30:0x00000000  x5=0x00000000
     440435.000 ns	     44042	80009180	a08981d3	fle.s	x3,f19,f8	 f19:0x7f800000  f8:0x7fc00000  x3=0x00000000
     440455.000 ns	     44044	80009184	00683bb3	sltu	x23,x16,x6	 x16:0x00000561  x6:0xffffffff x23=0x00000001
     440475.000 ns	     44046	80009188	28c209d3	fmin.s	f19,f4,f12	  f4:0xff800000 f12:0x00000000 f19=0xff800000
     440505.000 ns	     44049	8000918c	29518053	fmin.s	f0,f3,f21	  f3:0x7fc00000 f21:0xff800000  f0=0xff800000
     440535.000 ns	     44052	80009190	20a9af53	fsgnjx.s	f30,f19,f10	 f19:0xff800000 f10:0x00000000 f30=0xff800000
     440555.000 ns	     44054	80009194	002c1493	slli	x9,x24,0x2	 x24:0x7fffffff  x9=0xfffffffc
     440915.000 ns	     44090	80009198	029dc533	div	x10,x27,x9	 x27:0xfffffd5d  x9:0x00000000 x10=0x000000a8
     440945.000 ns	     44093	8000919c	e0071cd3	fclass.s	x25,f14	 f14:0x7fc00000 x25=0x00000200
     440965.000 ns	     44095	800091a0	01f95eb3	srl	x29,x18,x31	 x18:0x00000001 x31:0x0007ffff x29=0x00000000
     440985.000 ns	     44097	800091a4	20f4acd3	fsgnjx.s	f25,f9,f15	  f9:0x7f800000 f15:0x00000000 f25=0x7f800000
     441005.000 ns	     44099	800091a8	01772933	slt	x18,x14,x23	 x14:0x00000000 x23:0x00000001 x18=0x00000001
     441025.000 ns	     44101	800091ac	028920b3	mulhsu	x1,x18,x8	 x18:0x00000001  x8:0x00000003  x1=0x00000000
     441045.000 ns	     44103	800091b0	55467313	andi	x6,x12,1364	 x12:0xfffffa9c  x6=0x00000014
     441055.000 ns	     44104	800091b4	00000013	addi	x0,x0,0	  x0:0x00000000
     441065.000 ns	     44105	800091b8	018683b3	add	x7,x13,x24	 x13:0x00000003 x24:0x7fffffff  x7=0x80000002
     441075.000 ns	     44106	800091bc	379eee13	ori	x28,x29,889	 x29:0x00000000 x28=0x00000379
     441095.000 ns	     44108	800091c0	a05d8b53	fle.s	x22,f27,f5	 f27:0x7fc00000  f5:0x80000000 x22=0x00000000
     441125.000 ns	     44111	800091c4	0202dfb3	divu	x31,x5,x0	  x5:0x00000000  x0:0x00000000 x31=0xffffffff
     441145.000 ns	     44113	800091c8	00d89f13	slli	x30,x17,0xd	 x17:0xfffffff7 x30=0xfffee000
     441175.000 ns	     44116	800091cc	117c2153	fmul.s	f2,f24,f23	 f24:0xbf800000 f23:0xfa0efa26  f2=0x7a0efa26
     441195.000 ns	     44118	800091d0	413f5e93	srai	x29,x30,0x13	 x30:0x00000001 x29=0xffffffff
     441215.000 ns	     44120	800091d4	030008b3	mul	x17,x0,x16	  x0:0x00000000 x16:0x00000561 x17=0x00000000
     441235.000 ns	     44122	800091d8	01b158b3	srl	x17,x2,x27	  x2:0x0c5e5001 x27:0xfffffd5d x17=0x00000000
     441255.000 ns	     44124	800091dc	f00b0ad3	fmv.w.x	f21,x22	 x22:0x00000000 f21=0x00000000
     441275.000 ns	     44126	800091e0	00000013	addi	x0,x0,0	  x0:0x00000000
     441285.000 ns	     44127	800091e4	01edc633	xor	x12,x27,x30	 x27:0xfffffd5d x30:0xfffee000 x12=0x00011d5d
     441305.000 ns	     44129	800091e8	a0850f53	fle.s	x30,f10,f8	 f10:0x00000000  f8:0x7fc00000 x30=0x00000000
     441675.000 ns	     44166	800091ec	02d1f933	remu	x18,x3,x13	  x3:0x00000000 x13:0x00000003 x18=0x00000000
     441705.000 ns	     44169	800091f0	d010a153	fcvt.s.wu	f2,x1	  x1:0x00000000  f2=0x00000000
     441725.000 ns	     44171	800091f4	40fedeb3	sra	x29,x29,x15	 x29:0xffffffff x15:0x80040fe4 x29=0xffffffff
     441735.000 ns	     44172	800091f8	01b58f33	add	x30,x11,x27	 x11:0x00000000 x27:0xfffffd5d x30=0xfffffd5d
     441745.000 ns	     44173	800091fc	00cf1ab3	sll	x21,x30,x12	 x30:0x00000000 x12:0x00011d5d x21=0xa0000000
     441775.000 ns	     44176	80009200	18861b53	fdiv.s	f22,f12,f8	 f12:0x00000000  f8:0x7fc00000 f22=0x7fc00000
     441805.000 ns	     44179	80009204	21110dd3	fsgnj.s	f27,f2,f17	  f2:0x00000000 f17:0x00000000 f27=0x00000000
     441835.000 ns	     44182	80009208	20879fd3	fsgnjn.s	f31,f15,f8	 f15:0x00000000  f8:0x7fc00000 f31=0x80000000
     441865.000 ns	     44185	8000920c	02a22fb3	mulhsu	x31,x4,x10	  x4:0x00000000 x10:0x000000a8 x31=0x00000000
     442235.000 ns	     44222	80009210	028d4fb3	div	x31,x26,x8	 x26:0xfa0efa26  x8:0x00000003 x31=0xfe04fe0d
     442265.000 ns	     44225	80009214	f00e01d3	fmv.w.x	f3,x28	 x28:0x00000379  f3=0x00000379
     442285.000 ns	     44227	80009218	4530f893	andi	x17,x1,1107	  x1:0x00000000 x17=0x00000000
     442305.000 ns	     44229	8000921c	20b02dd3	fsgnjx.s	f27,f0,f11	  f0:0xff800000 f11:0x00000000 f27=0xff800000
     442325.000 ns	     44231	80009220	00000013	addi	x0,x0,0	  x0:0x00000000
     442345.000 ns	     44233	80009224	02651133	mulh	x2,x10,x6	 x10:0x000000a8  x6:0x00000014  x2=0x00000000
     442375.000 ns	     44236	80009228	20ea9dd3	fsgnjn.s	f27,f21,f14	 f21:0x00000000 f14:0x7fc00000 f27=0x80000000
     442395.000 ns	     44238	8000922c	00ce6db3	or	x27,x28,x12	 x28:0x00000379 x12:0x00011d5d x27=0x00011f7d
     442405.000 ns	     44239	80009230	0600b913	sltiu	x18,x1,96	  x1:0x00000000 x18=0x00000001
     442425.000 ns	     44241	80009234	02bbadb3	mulhsu	x27,x23,x11	 x23:0x00000001 x11:0x00000000 x27=0x00000000
     442455.000 ns	     44244	80009238	21b108d3	fsgnj.s	f17,f2,f27	  f2:0x00000000 f27:0x80000000 f17=0x80000000
     442485.000 ns	     44247	8000923c	a011ae53	feq.s	x28,f3,f1	  f3:0x00000379  f1:0x7fc00000 x28=0x00000000
     442505.000 ns	     44249	80009240	00191913	slli	x18,x18,0x1	 x18:0x00000001 x18=0x00000002
     442515.000 ns	     44250	80009244	aa43e293	ori	x5,x7,-1372	  x7:0x80000002  x5=0xfffffaa6
     442545.000 ns	     44253	80009248	10c59153	fmul.s	f2,f11,f12	 f11:0x00000000 f12:0x00000000  f2=0x00000000
     442585.000 ns	     44257	8000924c	580f7ad3	fsqrt.s	f21,f30	 f30:0xff800000 f21=0x7fc00000
     442605.000 ns	     44259	80009250	00e252b3	srl	x5,x4,x14	  x4:0x00000000 x14:0x00000000  x5=0x00000000
     442625.000 ns	     44261	80009254	a11418d3	flt.s	x17,f8,f17	  f8:0x7fc00000 f17:0x80000000 x17=0x00000000
     442655.000 ns	     44264	80009258	025d6c33	rem	x24,x26,x5	 x26:0xfa0efa26  x5:0xfffffaa6 x24=0xfa0efa26
     442685.000 ns	     44267	8000925c	c013fc53	fcvt.wu.s	x24,f7	  f7:0x7f800000 x24=0xffffffff
     442715.000 ns	     44270	80009260	029521b3	mulhsu	x3,x10,x9	 x10:0x000000a8  x9:0xfffffffc  x3=0x000000a7
     442745.000 ns	     44273	80009264	d0021c53	fcvt.s.w	f24,x4	  x4:0x00000000 f24=0x00000000
     442775.000 ns	     44276	80009268	024db033	mulhu	x0,x27,x4	 x27:0x00000000  x4:0x00000000
     442805.000 ns	     44279	8000926c	02df3ab3	mulhu	x21,x30,x13	 x30:0xfffffd5d x13:0x00000003 x21=0x00000002
     442835.000 ns	     44282	80009270	e0061b53	fclass.s	x22,f12	 f12:0x00000000 x22=0x00000010
     442855.000 ns	     44284	80009274	41335893	srai	x17,x6,0x13	  x6:0x00000014 x17=0x00000000
     442885.000 ns	     44287	80009278	195570d3	fdiv.s	f1,f10,f21	 f10:0x00000000 f21:0x7fc00000  f1=0x7fc00000
     442905.000 ns	     44289	8000927c	006c1ab3	sll	x21,x24,x6	 x24:0xffffffff  x6:0x00000014 x21=0xfff00000
     442925.000 ns	     44291	80009280	03408833	mul	x16,x1,x20	  x1:0x00000000 x20:0x80041024 x16=0x00000000
     442945.000 ns	     44293	80009284	17263d93	sltiu	x27,x12,370	 x12:0x00011d5d x27=0x00000000
     442965.000 ns	     44295	80009288	a15481d3	fle.s	x3,f9,f21	  f9:0x7f800000 f21:0x7fc00000  x3=0x00000000
     442995.000 ns	     44298	8000928c	e0050bd3	fmv.x.w	x23,f10	 f10:0x00000000 x23=0x00000000
     443015.000 ns	     44300	80009290	41368033	sub	x0,x13,x19	 x13:0x00000003 x19:0x00000563
     443055.000 ns	     44304	80009294	00fd20d3	fadd.s	f1,f26,f15	 f26:0xffc00000 f15:0x00000000  f1=0x7fc00000
     443085.000 ns	     44307	80009298	20a18153	fsgnj.s	f2,f3,f10	  f3:0x00000379 f10:0x00000000  f2=0x00000379
     443105.000 ns	     44309	8000929c	abb0fd93	andi	x27,x1,-1349	  x1:0x00000000 x27=0x00000000
     443115.000 ns	     44310	800092a0	2d735c37	lui	x24,0x2d735	 x24=0x2d735000
     443135.000 ns	     44312	800092a4	a1d20853	fle.s	x16,f4,f29	  f4:0xff800000 f29:0x4e3f73ed x16=0x00000001
     443155.000 ns	     44314	800092a8	419958b3	sra	x17,x18,x25	 x18:0x00000002 x25:0x00000200 x17=0x00000002
     443165.000 ns	     44315	800092ac	decb0a97	auipc	x21,0xdecb0	 x21=0x5ecb92ac
     443175.000 ns	     44316	800092b0	00705c33	srl	x24,x0,x7	  x0:0x00000000  x7:0x80000002 x24=0x00000000
     443185.000 ns	     44317	800092b4	009e9533	sll	x10,x29,x9	 x29:0xffffffff  x9:0xfffffffc x10=0xf0000000
     443225.000 ns	     44321	800092b8	08247cd3	fsub.s	f25,f8,f2	  f8:0x7fc00000  f2:0x00000379 f25=0x7fc00000
     443255.000 ns	     44324	800092bc	03834133	div	x2,x6,x24	  x6:0x00000014 x24:0x00000000  x2=0xffffffff
     443285.000 ns	     44327	800092c0	0217b833	mulhu	x16,x15,x1	 x15:0x80040fe4  x1:0x00000000 x16=0x00000000
     443305.000 ns	     44329	800092c4	0e0cfd13	andi	x26,x25,224	 x25:0x00000200 x26=0x00000000
     443315.000 ns	     44330	800092c8	007ecdb3	xor	x27,x29,x7	 x29:0xffffffff  x7:0x80000002 x27=0x7ffffffd
     443345.000 ns	     44333	800092cc	10d5ffd3	fmul.s	f31,f11,f13	 f11:0x00000000 f13:0x7f800000 f31=0x7fc00000
     443365.000 ns	     44335	800092d0	5264a513	slti	x10,x9,1318	  x9:0xfffffffc x10=0x00000001
     443375.000 ns	     44336	800092d4	00c3a9b3	slt	x19,x7,x12	  x7:0x80000002 x12:0x00011d5d x19=0x00000001
     443415.000 ns	     44340	800092d8	09e4a853	fsub.s	f16,f9,f30	  f9:0x7f800000 f30:0xff800000 f16=0x00000000
     443435.000 ns	     44342	800092dc	01890bb3	add	x23,x18,x24	 x18:0x00000002 x24:0x00000000 x23=0x00000002
     443455.000 ns	     44344	800092e0	03731c33	mulh	x24,x6,x23	  x6:0x00000014 x23:0x00000000 x24=0x00000000
     443485.000 ns	     44347	800092e4	028ea033	mulhsu	x0,x29,x8	 x29:0xffffffff  x8:0x00000003
     443535.000 ns	     44352	800092e8	08f49bd3	fsub.s	f23,f9,f15	  f9:0x7f800000 f15:0x00000000 f23=0x7f800000
     443565.000 ns	     44355	800092ec	e00d1453	fclass.s	x8,f26	 f26:0xffc00000  x8=0x00000200
     443585.000 ns	     44357	800092f0	01940e33	add	x28,x8,x25	  x8:0x00000003 x25:0x00000200 x28=0x00000400
     443595.000 ns	     44358	800092f4	00afa133	slt	x2,x31,x10	 x31:0xfe04fe0d x10:0x00000001  x2=0x00000001
     443615.000 ns	     44360	800092f8	02b4a1b3	mulhsu	x3,x9,x11	  x9:0xfffffffc x11:0x00000000  x3=0x00000000
     443645.000 ns	     44363	800092fc	a04620d3	feq.s	x1,f12,f4	 f12:0x00000000  f4:0xff800000  x1=0x00000000
     443675.000 ns	     44366	80009300	c0167c53	fcvt.wu.s	x24,f12	 f12:0x00000000 x24=0x00000000
     443705.000 ns	     44369	80009304	033425b3	mulhsu	x11,x8,x19	  x8:0x00000200 x19:0x00000001 x11=0x00000000
     443735.000 ns	     44372	80009308	213016d3	fsgnjn.s	f13,f0,f19	  f0:0xff800000 f19:0xff800000 f13=0x7f800000
     443765.000 ns	     44375	8000930c	20a6a3d3	fsgnjx.s	f7,f13,f10	 f13:0x7f800000 f10:0x00000000  f7=0x7f800000
     443795.000 ns	     44378	80009310	20c78253	fsgnj.s	f4,f15,f12	 f15:0x00000000 f12:0x00000000  f4=0x00000000
     443815.000 ns	     44380	80009314	e8b68c13	addi	x24,x13,-373	 x13:0x00000003 x24=0xfffffe8e
     443825.000 ns	     44381	80009318	407a0933	sub	x18,x20,x7	 x20:0x80041024  x7:0x80000002 x18=0x00041022
     443845.000 ns	     44383	8000931c	0394a5b3	mulhsu	x11,x9,x25	  x9:0xfffffffc x25:0x00000200 x11=0xffffffff
     443875.000 ns	     44386	80009320	e00f8753	fmv.x.w	x14,f31	 f31:0x7fc00000 x14=0x7fc00000
     443905.000 ns	     44389	80009324	21c01053	fsgnjn.s	f0,f0,f28	  f0:0xff800000 f28:0x7fc00000  f0=0xff800000
     444275.000 ns	     44426	80009328	02caf433	remu	x8,x21,x12	 x21:0x5ecb92ac x12:0x00011d5d  x8=0x00008c0a
     444295.000 ns	     44428	8000932c	0114f8b3	and	x17,x9,x17	  x9:0xfffffffc x17:0x00000002 x17=0x00000000
     444305.000 ns	     44429	80009330	000e9393	slli	x7,x29,0x0	 x29:0xffffffff  x7=0xffffffff
     444315.000 ns	     44430	80009334	7d07e093	ori	x1,x15,2000	 x15:0x80040fe4  x1=0x80040ff4
     444675.000 ns	     44466	80009338	03c8dbb3	divu	x23,x17,x28	 x17:0x00000000 x28:0x00000400 x23=0x00000000
     444695.000 ns	     44468	8000933c	00e75013	srli	x0,x14,0xe	 x14:0x7fc00000
     444715.000 ns	     44470	80009340	026818b3	mulh	x17,x16,x6	 x16:0x00000000  x6:0x00000014 x17=0x00000000
     444745.000 ns	     44473	80009344	02581833	mulh	x16,x16,x5	 x16:0x00000000  x5:0x00000000 x16=0x00000000
     444765.000 ns	     44475	80009348	40c4dc13	srai	x24,x9,0xc	  x9:0xfffffffc x24=0xffffffff
     444775.000 ns	     44476	8000934c	00000013	addi	x0,x0,0	  x0:0x00000000
     444785.000 ns	     44477	80009350	331af613	andi	x12,x21,817	 x21:0x5ecb92ac x12=0x00000220
     444795.000 ns	     44478	80009354	59e1a193	slti	x3,x3,1438	  x3:0x00000000  x3=0x00000001
     444805.000 ns	     44479	80009358	fa40df37	lui	x30,0xfa40d	 x30=0xfa40d000
     444825.000 ns	     44481	8000935c	e00e0453	fmv.x.w	x8,f28	 f28:0x7fc00000  x8=0x7fc00000
     444855.000 ns	     44484	80009360	285f1353	fmax.s	f6,f30,f5	 f30:0xff800000  f5:0x80000000  f6=0x80000000
     444875.000 ns	     44486	80009364	00ee0533	add	x10,x28,x14	 x28:0x00000400 x14:0x7fc00000 x10=0x7fc00400
     445235.000 ns	     44522	80009368	03fe4933	div	x18,x28,x31	 x28:0x00000400 x31:0xfe04fe0d x18=0x00000000
     445255.000 ns	     44524	8000936c	41a7d513	srai	x10,x15,0x1a	 x15:0x80040fe4 x10=0xffffffe0
     445275.000 ns	     44526	80009370	20e4ab53	fsgnjx.s	f22,f9,f14	  f9:0x7f800000 f14:0x7fc00000 f22=0x7f800000
     445305.000 ns	     44529	80009374	20e21153	fsgnjn.s	f2,f4,f14	  f4:0x00000000 f14:0x7fc00000  f2=0x80000000
     445335.000 ns	     44532	80009378	03eb31b3	mulhu	x3,x22,x30	 x22:0x00000010 x30:0xfa40d000  x3=0x0000000f
     445355.000 ns	     44534	8000937c	ea62b713	sltiu	x14,x5,-346	  x5:0x00000000 x14=0x00000001
     445365.000 ns	     44535	80009380	20b36193	ori	x3,x6,523	  x6:0x00000014  x3=0x0000021f
     445385.000 ns	     44537	80009384	f00401d3	fmv.w.x	f3,x8	  x8:0x7fc00000  f3=0x7fc00000
     445755.000 ns	     44574	80009388	029041b3	div	x3,x0,x9	  x0:0x00000000  x9:0xfffffffc  x3=0x00000000
     445785.000 ns	     44577	8000938c	20dea153	fsgnjx.s	f2,f29,f13	 f29:0x4e3f73ed f13:0x7f800000  f2=0x4e3f73ed
     445815.000 ns	     44580	80009390	28ad9cd3	fmax.s	f25,f27,f10	 f27:0x80000000 f10:0x00000000 f25=0x00000000
     445835.000 ns	     44582	80009394	00000013	addi	x0,x0,0	  x0:0x00000000
     445855.000 ns	     44584	80009398	d01df3d3	fcvt.s.wu	f7,x27	 x27:0x7ffffffd  f7=0x4effffff
     445875.000 ns	     44586	8000939c	4d4ffb93	andi	x23,x31,1236	 x31:0xfe04fe0d x23=0x00000404
     445885.000 ns	     44587	800093a0	41835213	srai	x4,x6,0x18	  x6:0x00000014  x4=0x00000000
     445905.000 ns	     44589	800093a4	e00e8953	fmv.x.w	x18,f29	 f29:0x4e3f73ed x18=0x4e3f73ed
     445955.000 ns	     44594	800093a8	01118bd3	fadd.s	f23,f3,f17	  f3:0x7fc00000 f17:0x80000000 f23=0x7fc00000
     445975.000 ns	     44596	800093ac	5bb9a417	auipc	x8,0x5bb9a	  x8=0xdbba33ac
     445985.000 ns	     44597	800093b0	00c9d5b3	srl	x11,x19,x12	 x19:0x00000001 x12:0x00000220 x11=0x00000001
     446005.000 ns	     44599	800093b4	f00188d3	fmv.w.x	f17,x3	  x3:0x00000000 f17=0x00000000
     446025.000 ns	     44601	800093b8	00f31893	slli	x17,x6,0xf	  x6:0x00000014 x17=0x000a0000
     446035.000 ns	     44602	800093bc	86c5c813	xori	x16,x11,-1940	 x11:0x00000001 x16=0xfffff86d
     446395.000 ns	     44638	800093c0	02d74b33	div	x22,x14,x13	 x14:0x00000001 x13:0x00000003 x22=0x00000000
     446425.000 ns	     44641	800093c4	e0060153	fmv.x.w	x2,f12	 f12:0x00000000  x2=0x00000000
     446445.000 ns	     44643	800093c8	0162acb3	slt	x25,x5,x22	  x5:0x00000000 x22:0x00000000 x25=0x00000000
     446465.000 ns	     44645	800093cc	e0050cd3	fmv.x.w	x25,f10	 f10:0x00000000 x25=0x00000000
     446485.000 ns	     44647	800093d0	013310b3	sll	x1,x6,x19	  x6:0x00000014 x19:0x00000001  x1=0x00000028
     446495.000 ns	     44648	800093d4	009025b3	slt	x11,x0,x9	  x0:0x00000000  x9:0xfffffffc x11=0x00000000
     446515.000 ns	     44650	800093d8	a0011bd3	flt.s	x23,f2,f0	  f2:0x4e3f73ed  f0:0xff800000 x23=0x00000000
     446545.000 ns	     44653	800093dc	28bc1d53	fmax.s	f26,f24,f11	 f24:0x00000000 f11:0x00000000 f26=0x00000000
     446575.000 ns	     44656	800093e0	a1b1a253	feq.s	x4,f3,f27	  f3:0x7fc00000 f27:0x80000000  x4=0x00000000
     446605.000 ns	     44659	800093e4	c01d7753	fcvt.wu.s	x14,f26	 f26:0x00000000 x14=0x00000000
     446625.000 ns	     44661	800093e8	ca4f7d93	andi	x27,x30,-860	 x30:0xfa40d000 x27=0xfa40d000
     446645.000 ns	     44663	800093ec	a1349d53	flt.s	x26,f9,f19	  f9:0x7f800000 f19:0xff800000 x26=0x00000000
     446695.000 ns	     44668	800093f0	09eb8553	fsub.s	f10,f23,f30	 f23:0x7fc00000 f30:0xff800000 f10=0x7fc00000
     446715.000 ns	     44670	800093f4	01d45e33	srl	x28,x8,x29	  x8:0xdbba33ac x29:0xffffffff x28=0x00000001
     446725.000 ns	     44671	800093f8	010813b3	sll	x7,x16,x16	 x16:0xfffff86d x16:0xfffff86d  x7=0xff0da000
     446745.000 ns	     44673	800093fc	02325cb3	divu	x25,x4,x3	  x4:0x00000000  x3:0x00000000 x25=0xffffffff
     446775.000 ns	     44676	80009400	d01ff2d3	fcvt.s.wu	f5,x31	 x31:0xfe04fe0d  f5=0x4f7e04fe
     447145.000 ns	     44713	80009404	0308ed33	rem	x26,x17,x16	 x17:0x000a0000 x16:0xfffff86d x26=0x0000077d
     447165.000 ns	     44715	80009408	5dc58813	addi	x16,x11,1500	 x11:0x00000000 x16=0x000005dc
     447185.000 ns	     44717	8000940c	214f80d3	fsgnj.s	f1,f31,f20	 f31:0x7fc00000 f20:0x7fc00000  f1=0x7fc00000
     447205.000 ns	     44719	80009410	0056d913	srli	x18,x13,0x5	 x13:0x00000003 x18=0x00000000
     447215.000 ns	     44720	80009414	40cd5393	srai	x7,x26,0xc	 x26:0x0000077d  x7=0x00000000
     447235.000 ns	     44722	80009418	28cc1d53	fmax.s	f26,f24,f12	 f24:0x00000000 f12:0x00000000 f26=0x00000000
     447255.000 ns	     44724	8000941c	094d4013	xori	x0,x26,148	 x26:0x0000077d
     447275.000 ns	     44726	80009420	203713d3	fsgnjn.s	f7,f14,f3	 f14:0x7fc00000  f3:0x7fc00000  f7=0xffc00000
     447295.000 ns	     44728	80009424	00679b33	sll	x22,x15,x6	 x15:0x80040fe4  x6:0x00000014 x22=0xfe400000
     447305.000 ns	     44729	80009428	01851333	sll	x6,x10,x24	 x10:0xffffffe0 x24:0xffffffff  x6=0x00000000
     447665.000 ns	     44765	8000942c	035e6133	rem	x2,x28,x21	 x28:0x00000001 x21:0x5ecb92ac  x2=0x00000001
     447695.000 ns	     44768	80009430	d0107dd3	fcvt.s.wu	f27,x0	  x0:0x00000000 f27=0x00000000
     447725.000 ns	     44771	80009434	c00d7ed3	fcvt.w.s	x29,f26	 f26:0x00000000 x29=0x00000000
     448095.000 ns	     44808	80009438	02185833	divu	x16,x16,x1	 x16:0x000005dc  x1:0x00000028 x16=0x00000025
     448135.000 ns	     44812	8000943c	195ff253	fdiv.s	f4,f31,f21	 f31:0x7fc00000 f21:0x7fc00000  f4=0x7fc00000
     448155.000 ns	     44814	80009440	0162ccb3	xor	x25,x5,x22	  x5:0x00000000 x22:0xfe400000 x25=0xfe400000
     448165.000 ns	     44815	80009444	00f8ceb3	xor	x29,x17,x15	 x17:0x000a0000 x15:0x80040fe4 x29=0x800e0fe4
     448195.000 ns	     44818	80009448	5801b053	fsqrt.s	f0,f3	  f3:0x7fc00000  f0=0x7fc00000
     448565.000 ns	     44855	8000944c	0306c733	div	x14,x13,x16	 x13:0x00000003 x16:0x00000025 x14=0x00000000
     448595.000 ns	     44858	80009450	20f09453	fsgnjn.s	f8,f1,f15	  f1:0x7fc00000 f15:0x00000000  f8=0xffc00000
     448615.000 ns	     44860	80009454	fdbca713	slti	x14,x25,-37	 x25:0xfe400000 x14=0x00000001
     448635.000 ns	     44862	80009458	20551353	fsgnjn.s	f6,f10,f5	 f10:0x7fc00000  f5:0x4f7e04fe  f6=0xffc00000
     448665.000 ns	     44865	8000945c	c00fabd3	fcvt.w.s	x23,f31	 f31:0x7fc00000 x23=0x7fffffff
     448695.000 ns	     44868	80009460	f00f0953	fmv.w.x	f18,x30	 x30:0xfa40d000 f18=0xfa40d000
     449065.000 ns	     44905	80009464	037ff1b3	remu	x3,x31,x23	 x31:0xfe04fe0d x23:0x7fffffff  x3=0x7e04fe0e
     449095.000 ns	     44908	80009468	20010353	fsgnj.s	f6,f2,f0	  f2:0x4e3f73ed  f0:0x7fc00000  f6=0x4e3f73ed
     449115.000 ns	     44910	8000946c	001f3233	sltu	x4,x30,x1	 x30:0xfa40d000  x1:0x00000028  x4=0x00000000
     449125.000 ns	     44911	80009470	01cc6ab3	or	x21,x24,x28	 x24:0xffffffff x28:0x00000001 x21=0xffffffff
     449145.000 ns	     44913	80009474	a15f8ed3	fle.s	x29,f31,f21	 f31:0x7fc00000 f21:0x7fc00000 x29=0x00000000
     449165.000 ns	     44915	80009478	09316397	auipc	x7,0x9316	  x7=0x8931f478
     449175.000 ns	     44916	8000947c	00af63b3	or	x7,x30,x10	 x30:0xfa40d000 x10:0xffffffe0  x7=0xffffffe0
     449195.000 ns	     44918	80009480	02aa9f33	mulh	x30,x21,x10	 x21:0xffffffff x10:0xffffffe0 x30=0x00000000
     449235.000 ns	     44922	80009484	184a25d3	fdiv.s	f11,f20,f4	 f20:0x7fc00000  f4:0x7fc00000 f11=0x7fc00000
     449255.000 ns	     44924	80009488	00660eb3	add	x29,x12,x6	 x12:0x00000220  x6:0x00000000 x29=0x00000220
     449265.000 ns	     44925	8000948c	00cd1413	slli	x8,x26,0xc	 x26:0x0000077d  x8=0x0077d000
     449275.000 ns	     44926	80009490	01395c93	srli	x25,x18,0x13	 x18:0x00000000 x25=0x00000000
     449295.000 ns	     44928	80009494	f0080953	fmv.w.x	f18,x16	 x16:0x00000025 f18=0x00000025
     449335.000 ns	     44932	80009498	101bb1d3	fmul.s	f3,f23,f1	 f23:0x7fc00000  f1:0x7fc00000  f3=0x7fc00000
     449355.000 ns	     44934	8000949c	01ef4db3	xor	x27,x30,x30	 x30:0x00000000 x30:0x00000000 x27=0x00000000
     449375.000 ns	     44936	800094a0	020213b3	mulh	x7,x4,x0	  x4:0x00000000  x0:0x00000000  x7=0x00000000
     449415.000 ns	     44940	800094a4	5803f653	fsqrt.s	f12,f7	  f7:0xffc00000 f12=0x7fc00000
     449445.000 ns	     44943	800094a8	209a21d3	fsgnjx.s	f3,f20,f9	 f20:0x7fc00000  f9:0x7f800000  f3=0x7fc00000
     449495.000 ns	     44948	800094ac	0127fa53	fadd.s	f20,f15,f18	 f15:0x00000000 f18:0x00000025 f20=0x00000025
     449525.000 ns	     44951	800094b0	c0037653	fcvt.w.s	x12,f6	  f6:0x4e3f73ed x12=0x2fdcfb40
     449545.000 ns	     44953	800094b4	00e27233	and	x4,x4,x14	  x4:0x00000000 x14:0x00000001  x4=0x00000000
     449555.000 ns	     44954	800094b8	0a31c713	xori	x14,x3,163	  x3:0x7e04fe0e x14=0x7e04fead
     449575.000 ns	     44956	800094bc	02b08433	mul	x8,x1,x11	  x1:0x00000028 x11:0x00000000  x8=0x00000000
     449605.000 ns	     44959	800094c0	e00c0bd3	fmv.x.w	x23,f24	 f24:0x00000000 x23=0x00000000
     449635.000 ns	     44962	800094c4	024ef633	remu	x12,x29,x4	 x29:0x00000220  x4:0x00000000 x12=0x00000220
     449665.000 ns	     44965	800094c8	e0030f53	fmv.x.w	x30,f6	  f6:0x4e3f73ed x30=0x4e3f73ed
     449695.000 ns	     44968	800094cc	03ad9833	mulh	x16,x27,x26	 x27:0x00000000 x26:0x0000077d x16=0x00000000
     449715.000 ns	     44970	800094d0	00a8a8b3	slt	x17,x17,x10	 x17:0x000a0000 x10:0xffffffe0 x17=0x00000000
     449725.000 ns	     44971	800094d4	01fda533	slt	x10,x27,x31	 x27:0x00000000 x31:0xfe04fe0d x10=0x00000000
     449745.000 ns	     44973	800094d8	023014b3	mulh	x9,x0,x3	  x0:0x00000000  x3:0x7e04fe0e  x9=0x00000000
     449775.000 ns	     44976	800094dc	02619133	mulh	x2,x3,x6	  x3:0x7e04fe0e  x6:0x00000000  x2=0x00000000
     449805.000 ns	     44979	800094e0	29c60653	fmin.s	f12,f12,f28	 f12:0x7fc00000 f28:0x7fc00000 f12=0x7fc00000
     449835.000 ns	     44982	800094e4	a1be0053	fle.s	x0,f28,f27	 f28:0x7fc00000 f27:0x00000000
     449855.000 ns	     44984	800094e8	0079e1b3	or	x3,x19,x7	 x19:0x00000001  x7:0x00000000  x3=0x00000001
     449865.000 ns	     44985	800094ec	99363617	auipc	x12,0x99363	 x12=0x1936c4ec
     449885.000 ns	     44987	800094f0	20da9fd3	fsgnjn.s	f31,f21,f13	 f21:0x7fc00000 f13:0x7f800000 f31=0xffc00000
     450255.000 ns	     45024	800094f4	03487433	remu	x8,x16,x20	 x16:0x00000000 x20:0x80041024  x8=0x00000000
     450285.000 ns	     45027	800094f8	21dd0453	fsgnj.s	f8,f26,f29	 f26:0x00000000 f29:0x4e3f73ed  f8=0x00000000
     450305.000 ns	     45029	800094fc	00c2df93	srli	x31,x5,0xc	  x5:0x00000000 x31=0x00000000
     450325.000 ns	     45031	80009500	02483c33	mulhu	x24,x16,x4	 x16:0x00000000  x4:0x00000000 x24=0x00000000
     450345.000 ns	     45033	80009504	008dbe33	sltu	x28,x27,x8	 x27:0x00000000  x8:0x00000000 x28=0x00000000
     450355.000 ns	     45034	80009508	d351b313	sltiu	x6,x3,-715	  x3:0x00000001  x6=0x00000001
     450365.000 ns	     45035	8000950c	018613b3	sll	x7,x12,x24	 x12:0x1936c4ec x24:0x00000000  x7=0x1936c4ec
     450385.000 ns	     45037	80009510	027e0eb3	mul	x29,x28,x7	 x28:0x00000000  x7:0x00000000 x29=0x00000000
     450405.000 ns	     45039	80009514	0107ce33	xor	x28,x15,x16	 x15:0x80040fe4 x16:0x00000000 x28=0x80040fe4
     450425.000 ns	     45041	80009518	a0b60253	fle.s	x4,f12,f11	 f12:0x7fc00000 f11:0x7fc00000  x4=0x00000000
     450445.000 ns	     45043	8000951c	01ec5fb3	srl	x31,x24,x30	 x24:0x00000000 x30:0x4e3f73ed x31=0x00000000
     450465.000 ns	     45045	80009520	21471e53	fsgnjn.s	f28,f14,f20	 f14:0x7fc00000 f20:0x00000025 f28=0xffc00000
     450485.000 ns	     45047	80009524	f1ebeb13	ori	x22,x23,-226	 x23:0x00000000 x22=0xffffff1e
     450495.000 ns	     45048	80009528	41c45b13	srai	x22,x8,0x1c	  x8:0x00000000 x22=0x00000000
     450505.000 ns	     45049	8000952c	000c35b3	sltu	x11,x24,x0	 x24:0x00000000  x0:0x00000000 x11=0x00000000
     450515.000 ns	     45050	80009530	784ec893	xori	x17,x29,1924	 x29:0x00000000 x17=0x00000784
     450525.000 ns	     45051	80009534	008af0b3	and	x1,x21,x8	 x21:0xffffffff  x8:0x00000000  x1=0x00000000
     450545.000 ns	     45053	80009538	28d896d3	fmax.s	f13,f17,f13	 f17:0x00000000 f13:0x7f800000 f13=0x7f800000
     450565.000 ns	     45055	8000953c	40d45493	srai	x9,x8,0xd	  x8:0x00000000  x9=0x00000000
     450575.000 ns	     45056	80009540	00b751b3	srl	x3,x14,x11	 x14:0x7e04fead x11:0x00000000  x3=0x7e04fead
     450595.000 ns	     45058	80009544	29db8dd3	fmin.s	f27,f23,f29	 f23:0x7fc00000 f29:0x4e3f73ed f27=0x4e3f73ed
     450625.000 ns	     45061	80009548	a05212d3	flt.s	x5,f4,f5	  f4:0x7fc00000  f5:0x4f7e04fe  x5=0x00000000
     450645.000 ns	     45063	8000954c	0a002113	slti	x2,x0,160	  x0:0x00000000  x2=0x00000001
     450675.000 ns	     45066	80009550	10f099d3	fmul.s	f19,f1,f15	  f1:0x7fc00000 f15:0x00000000 f19=0x7fc00000
     450695.000 ns	     45068	80009554	00ac0233	add	x4,x24,x10	 x24:0x00000000 x10:0x00000000  x4=0x00000000
     450715.000 ns	     45070	80009558	e0001953	fclass.s	x18,f0	  f0:0x7fc00000 x18=0x00000200
     450735.000 ns	     45072	8000955c	4212fe13	andi	x28,x5,1057	  x5:0x00000000 x28=0x00000000
     450775.000 ns	     45076	80009560	01f67a53	fadd.s	f20,f12,f31	 f12:0x7fc00000 f31:0xffc00000 f20=0x7fc00000
     450805.000 ns	     45079	80009564	a0a9a9d3	feq.s	x19,f19,f10	 f19:0x7fc00000 f10:0x7fc00000 x19=0x00000000
     450835.000 ns	     45082	80009568	20468e53	fsgnj.s	f28,f13,f4	 f13:0x7f800000  f4:0x7fc00000 f28=0x7f800000
     450865.000 ns	     45085	8000956c	d014fc53	fcvt.s.wu	f24,x9	  x9:0x00000000 f24=0x00000000
     450915.000 ns	     45090	80009570	08f4a153	fsub.s	f2,f9,f15	  f9:0x7f800000 f15:0x00000000  f2=0x7f800000
     450945.000 ns	     45093	80009574	286184d3	fmin.s	f9,f3,f6	  f3:0x7fc00000  f6:0x4e3f73ed  f9=0x4e3f73ed
     450975.000 ns	     45096	80009578	28bf9bd3	fmax.s	f23,f31,f11	 f31:0xffc00000 f11:0x7fc00000 f23=0x7fc00000
     450995.000 ns	     45098	8000957c	004ea933	slt	x18,x29,x4	 x29:0x00000000  x4:0x00000000 x18=0x00000000
     451015.000 ns	     45100	80009580	020c7e33	remu	x28,x24,x0	 x24:0x00000000  x0:0x00000000 x28=0x00000000
     451045.000 ns	     45103	80009584	a01298d3	flt.s	x17,f5,f1	  f5:0x4f7e04fe  f1:0x7fc00000 x17=0x00000000
     451075.000 ns	     45106	80009588	a11ca1d3	feq.s	x3,f25,f17	 f25:0x00000000 f17:0x00000000  x3=0x00000001
     451125.000 ns	     45111	8000958c	096e8953	fsub.s	f18,f29,f22	 f29:0x4e3f73ed f22:0x7f800000 f18=0xff800000
     451175.000 ns	     45116	80009590	0950a6d3	fsub.s	f13,f1,f21	  f1:0x7fc00000 f21:0x7fc00000 f13=0x7fc00000
     451205.000 ns	     45119	80009594	a1548c53	fle.s	x24,f9,f21	  f9:0x4e3f73ed f21:0x7fc00000 x24=0x00000000
     451225.000 ns	     45121	80009598	00c154b3	srl	x9,x2,x12	  x2:0x00000001 x12:0x1936c4ec  x9=0x00000000
     451235.000 ns	     45122	8000959c	41f4d533	sra	x10,x9,x31	  x9:0x00000000 x31:0x00000000 x10=0x00000000
     451255.000 ns	     45124	800095a0	c01a7fd3	fcvt.wu.s	x31,f20	 f20:0x7fc00000 x31=0xffffffff
     451275.000 ns	     45126	800095a4	01f9bb33	sltu	x22,x19,x31	 x19:0x00000000 x31:0x00000000 x22=0x00000001
     451285.000 ns	     45127	800095a8	01ec14b3	sll	x9,x24,x30	 x24:0x00000000 x30:0x4e3f73ed  x9=0x00000000
     451295.000 ns	     45128	800095ac	2ded4d93	xori	x27,x26,734	 x26:0x0000077d x27=0x000005a3
     451305.000 ns	     45129	800095b0	40de5993	srai	x19,x28,0xd	 x28:0x00000000 x19=0x00000000
     451325.000 ns	     45131	800095b4	037f0fb3	mul	x31,x30,x23	 x30:0x4e3f73ed x23:0x00000000 x31=0x00000000
     451345.000 ns	     45133	800095b8	41c35333	sra	x6,x6,x28	  x6:0x00000001 x28:0x00000000  x6=0x00000001
     451355.000 ns	     45134	800095bc	010bd233	srl	x4,x23,x16	 x23:0x00000000 x16:0x00000000  x4=0x00000000
     451375.000 ns	     45136	800095c0	e00a9fd3	fclass.s	x31,f21	 f21:0x7fc00000 x31=0x00000200
     451405.000 ns	     45139	800095c4	2193ae53	fsgnjx.s	f28,f7,f25	  f7:0xffc00000 f25:0x00000000 f28=0xffc00000
     451425.000 ns	     45141	800095c8	44c4d017	auipc	x0,0x44c4d	
     451435.000 ns	     45142	800095cc	40a45fb3	sra	x31,x8,x10	  x8:0x00000000 x10:0x00000000 x31=0x00000000
     451455.000 ns	     45144	800095d0	218f9953	fsgnjn.s	f18,f31,f24	 f31:0xffc00000 f24:0x00000000 f18=0xffc00000
     451485.000 ns	     45147	800095d4	21a41b53	fsgnjn.s	f22,f8,f26	  f8:0x00000000 f26:0x00000000 f22=0x80000000
     451505.000 ns	     45149	800095d8	be86e2b7	lui	x5,0xbe86e	  x5=0xbe86e000
     451535.000 ns	     45152	800095dc	10b3fd53	fmul.s	f26,f7,f11	  f7:0xffc00000 f11:0x7fc00000 f26=0x7fc00000
     451555.000 ns	     45154	800095e0	00000013	addi	x0,x0,0	  x0:0x00000000
     451575.000 ns	     45156	800095e4	03292db3	mulhsu	x27,x18,x18	 x18:0x00000000 x18:0x00000000 x27=0x00000000
     451595.000 ns	     45158	800095e8	bcd3a113	slti	x2,x7,-1075	  x7:0x1936c4ec  x2=0x00000000
     451605.000 ns	     45159	800095ec	012a92b3	sll	x5,x21,x18	 x21:0xffffffff x18:0x00000000  x5=0xffffffff
     451625.000 ns	     45161	800095f0	e00c12d3	fclass.s	x5,f24	 f24:0x00000000  x5=0x00000010
     451645.000 ns	     45163	800095f4	018c0bb3	add	x23,x24,x24	 x24:0x00000000 x24:0x00000000 x23=0x00000000
     451655.000 ns	     45164	800095f8	a6c22813	slti	x16,x4,-1428	  x4:0x00000000 x16=0x00000000
     451665.000 ns	     45165	800095fc	543d4cb7	lui	x25,0x543d4	 x25=0x543d4000
     451685.000 ns	     45167	80009600	03620db3	mul	x27,x4,x22	  x4:0x00000000 x22:0x00000001 x27=0x00000000
     451705.000 ns	     45169	80009604	00991013	slli	x0,x18,0x9	 x18:0x00000000
     451715.000 ns	     45170	80009608	00339f93	slli	x31,x7,0x3	  x7:0x1936c4ec x31=0xc9b62760
     451755.000 ns	     45174	8000960c	004f86d3	fadd.s	f13,f31,f4	 f31:0xffc00000  f4:0x7fc00000 f13=0x7fc00000
     451785.000 ns	     45177	80009610	c00ffc53	fcvt.w.s	x24,f31	 f31:0xffc00000 x24=0x7fffffff
     451805.000 ns	     45179	80009614	016eb1b3	sltu	x3,x29,x22	 x29:0x00000000 x22:0x00000001  x3=0x00000001
     451815.000 ns	     45180	80009618	01e45913	srli	x18,x8,0x1e	  x8:0x00000000 x18=0x00000000
     451835.000 ns	     45182	8000961c	21439e53	fsgnjn.s	f28,f7,f20	  f7:0xffc00000 f20:0x7fc00000 f28=0xffc00000
     451855.000 ns	     45184	80009620	00000013	addi	x0,x0,0	  x0:0x00000000
     452215.000 ns	     45220	80009624	034b53b3	divu	x7,x22,x20	 x22:0x00000001 x20:0x80041024  x7=0x00000000
     452245.000 ns	     45223	80009628	02203933	mulhu	x18,x0,x2	  x0:0x00000000  x2:0x00000000 x18=0x00000000
     452275.000 ns	     45226	8000962c	c01efb53	fcvt.wu.s	x22,f29	 f29:0x4e3f73ed x22=0x2fdcfb40
     452305.000 ns	     45229	80009630	0309ed33	rem	x26,x19,x16	 x19:0x00000000 x16:0x00000000 x26=0x00000000
     452325.000 ns	     45231	80009634	bb2be093	ori	x1,x23,-1102	 x23:0x00000000  x1=0xfffffbb2
     452345.000 ns	     45233	80009638	038c8233	mul	x4,x25,x24	 x25:0x543d4000 x24:0x7fffffff  x4=0xabc2c000
     452375.000 ns	     45236	8000963c	294d08d3	fmin.s	f17,f26,f20	 f26:0x7fc00000 f20:0x7fc00000 f17=0x7fc00000
     452395.000 ns	     45238	80009640	004d5b13	srli	x22,x26,0x4	 x26:0x00000000 x22=0x00000000
     452415.000 ns	     45240	80009644	a104ad53	feq.s	x26,f9,f16	  f9:0x4e3f73ed f16:0x00000000 x26=0x00000000
     452455.000 ns	     45244	80009648	114fb253	fmul.s	f4,f31,f20	 f31:0xffc00000 f20:0x7fc00000  f4=0x7fc00000
     452475.000 ns	     45246	8000964c	018d1893	slli	x17,x26,0x18	 x26:0x00000000 x17=0x00000000
     452835.000 ns	     45282	80009650	02e04733	div	x14,x0,x14	  x0:0x00000000 x14:0x7e04fead x14=0x00000000
     452855.000 ns	     45284	80009654	0153bcb3	sltu	x25,x7,x21	  x7:0x00000000 x21:0xffffffff x25=0x00000001
     452875.000 ns	     45286	80009658	d008f8d3	fcvt.s.w	f17,x17	 x17:0x00000000 f17=0x00000000
     452895.000 ns	     45288	8000965c	997d8d13	addi	x26,x27,-1641	 x27:0x00000000 x26=0xfffff997
     452915.000 ns	     45290	80009660	a1db0253	fle.s	x4,f22,f29	 f22:0x80000000 f29:0x4e3f73ed  x4=0x00000001
     452945.000 ns	     45293	80009664	d01ff853	fcvt.s.wu	f16,x31	 x31:0xc9b62760 f16=0x4f49b627
     452985.000 ns	     45297	80009668	580e2253	fsqrt.s	f4,f28	 f28:0xffc00000  f4=0x7fc00000
     453015.000 ns	     45300	8000966c	29c09553	fmax.s	f10,f1,f28	  f1:0x7fc00000 f28:0xffc00000 f10=0x7fc00000
     453045.000 ns	     45303	80009670	f00f8d53	fmv.w.x	f26,x31	 x31:0xc9b62760 f26=0xc9b62760
     453065.000 ns	     45305	80009674	005f54b3	srl	x9,x30,x5	 x30:0x4e3f73ed  x5:0x00000010  x9=0x00004e3f
     453085.000 ns	     45307	80009678	207502d3	fsgnj.s	f5,f10,f7	 f10:0x7fc00000  f7:0xffc00000  f5=0xffc00000
     453115.000 ns	     45310	8000967c	e00284d3	fmv.x.w	x9,f5	  f5:0x4f7e04fe  x9=0xffc00000
     453135.000 ns	     45312	80009680	e3f64493	xori	x9,x12,-449	 x12:0x1936c4ec  x9=0xe6c93ad3
     453145.000 ns	     45313	80009684	9c27b013	sltiu	x0,x15,-1598	 x15:0x80040fe4
     453165.000 ns	     45315	80009688	c0112653	fcvt.wu.s	x12,f2	  f2:0x7f800000 x12=0xffffffff
     453195.000 ns	     45318	8000968c	c01af953	fcvt.wu.s	x18,f21	 f21:0x7fc00000 x18=0xffffffff
     453225.000 ns	     45321	80009690	a0028c53	fle.s	x24,f5,f0	  f5:0xffc00000  f0:0x7fc00000 x24=0x00000000
     453255.000 ns	     45324	80009694	c01ab953	fcvt.wu.s	x18,f21	 f21:0x7fc00000 x18=0xffffffff
     453275.000 ns	     45326	80009698	4d123913	sltiu	x18,x4,1233	  x4:0x00000001 x18=0x00000001
     453295.000 ns	     45328	8000969c	21238d53	fsgnj.s	f26,f7,f18	  f7:0xffc00000 f18:0xffc00000 f26=0xffc00000
     453315.000 ns	     45330	800096a0	e53f2013	slti	x0,x30,-429	 x30:0x4e3f73ed
     453675.000 ns	     45366	800096a4	03e6dab3	divu	x21,x13,x30	 x13:0x00000003 x30:0x4e3f73ed x21=0x00000000
     453705.000 ns	     45369	800096a8	d0190bd3	fcvt.s.wu	f23,x18	 x18:0x00000001 f23=0x3f800000
     453725.000 ns	     45371	800096ac	402588b3	sub	x17,x11,x2	 x11:0x00000000  x2:0x00000000 x17=0x00000000
     453755.000 ns	     45374	800096b0	1906c9d3	fdiv.s	f19,f13,f16	 f13:0x7fc00000 f16:0x4f49b627 f19=0x7fc00000
     453785.000 ns	     45377	800096b4	28a18253	fmin.s	f4,f3,f10	  f3:0x7fc00000 f10:0x7fc00000  f4=0x7fc00000
     454155.000 ns	     45414	800096b8	023649b3	div	x19,x12,x3	 x12:0xffffffff  x3:0x00000001 x19=0xffffffff
     454175.000 ns	     45416	800096bc	00398533	add	x10,x19,x3	 x19:0x00000000  x3:0x00000001 x10=0x00000000
     454195.000 ns	     45418	800096c0	212826d3	fsgnjx.s	f13,f16,f18	 f16:0x4f49b627 f18:0xffc00000 f13=0xcf49b627
     454225.000 ns	     45421	800096c4	c0087853	fcvt.w.s	x16,f16	 f16:0x4f49b627 x16=0x7fffffff
     454245.000 ns	     45423	800096c8	01c48433	add	x8,x9,x28	  x9:0xe6c93ad3 x28:0x00000000  x8=0xe6c93ad3
     454255.000 ns	     45424	800096cc	006e2033	slt	x0,x28,x6	 x28:0x00000000  x6:0x00000001
     454275.000 ns	     45426	800096d0	21bf9853	fsgnjn.s	f16,f31,f27	 f31:0xffc00000 f27:0x4e3f73ed f16=0xffc00000
     454295.000 ns	     45428	800096d4	270f7e17	auipc	x28,0x270f7	 x28=0xa71006d4
     454305.000 ns	     45429	800096d8	56c12493	slti	x9,x2,1388	  x2:0x00000000  x9=0x00000001
     454315.000 ns	     45430	800096dc	01709f33	sll	x30,x1,x23	  x1:0xfffffbb2 x23:0x00000000 x30=0xfffffbb2
     454325.000 ns	     45431	800096e0	01427b33	and	x22,x4,x20	  x4:0x00000001 x20:0x80041024 x22=0x00000000
     454345.000 ns	     45433	800096e4	c0104fd3	fcvt.wu.s	x31,f0	  f0:0x7fc00000 x31=0xffffffff
     454365.000 ns	     45435	800096e8	3325a213	slti	x4,x11,818	 x11:0x00000000  x4=0x00000001
     454375.000 ns	     45436	800096ec	b0ba4413	xori	x8,x20,-1269	 x20:0x80041024  x8=0x7ffbeb2f
     454385.000 ns	     45437	800096f0	c0870593	addi	x11,x14,-1016	 x14:0x00000000 x11=0xfffffc08
     454395.000 ns	     45438	800096f4	00015293	srli	x5,x2,0x0	  x2:0x00000000  x5=0x00000000
     454405.000 ns	     45439	800096f8	40735233	sra	x4,x6,x7	  x6:0x00000001  x7:0x00000000  x4=0x00000001
     454425.000 ns	     45441	800096fc	294c12d3	fmax.s	f5,f24,f20	 f24:0x00000000 f20:0x7fc00000  f5=0x00000000
     454445.000 ns	     45443	80009700	40627913	andi	x18,x4,1030	  x4:0x00000001 x18=0x00000000
     454455.000 ns	     45444	80009704	3d4a3f13	sltiu	x30,x20,980	 x20:0x80041024 x30=0x00000000
     454465.000 ns	     45445	80009708	013e1933	sll	x18,x28,x19	 x28:0xa71006d4 x19:0xffffffff x18=0x00000000
     454475.000 ns	     45446	8000970c	006af333	and	x6,x21,x6	 x21:0x00000000  x6:0x00000001  x6=0x00000000
     454495.000 ns	     45448	80009710	f00108d3	fmv.w.x	f17,x2	  x2:0x00000000 f17=0x00000000
     454525.000 ns	     45451	80009714	0339a5b3	mulhsu	x11,x19,x19	 x19:0xffffffff x19:0xffffffff x11=0xffffffff
     454545.000 ns	     45453	80009718	b5f58837	lui	x16,0xb5f58	 x16=0xb5f58000
     454565.000 ns	     45455	8000971c	c013f9d3	fcvt.wu.s	x19,f7	  f7:0xffc00000 x19=0xffffffff
     454585.000 ns	     45457	80009720	001ae8b3	or	x17,x21,x1	 x21:0x00000000  x1:0xfffffbb2 x17=0xfffffbb2
     454605.000 ns	     45459	80009724	03242933	mulhsu	x18,x8,x18	  x8:0x7ffbeb2f x18:0x00000000 x18=0x00000000
     454975.000 ns	     45496	80009728	030fdc33	divu	x24,x31,x16	 x31:0xffffffff x16:0xb5f58000 x24=0x00000001
     455005.000 ns	     45499	8000972c	025b9133	mulh	x2,x23,x5	 x23:0x00000000  x5:0x00000000  x2=0x00000000
     455045.000 ns	     45503	80009730	5807fa53	fsqrt.s	f20,f15	 f15:0x00000000 f20=0x00000000
     455065.000 ns	     45505	80009734	b77f5ab7	lui	x21,0xb77f5	 x21=0xb77f5000
     455085.000 ns	     45507	80009738	0324ae33	mulhsu	x28,x9,x18	  x9:0x00000001 x18:0x00000000 x28=0x00000000
     455105.000 ns	     45509	8000973c	47c9ff93	andi	x31,x19,1148	 x19:0xffffffff x31=0x0000047c
     455135.000 ns	     45512	80009740	5808ffd3	fsqrt.s	f31,f17	 f17:0x00000000 f31=0x00000000
     455185.000 ns	     45517	80009744	084e73d3	fsub.s	f7,f28,f4	 f28:0xffc00000  f4:0x7fc00000  f7=0x7fc00000
     455205.000 ns	     45519	80009748	40405813	srai	x16,x0,0x4	  x0:0x00000000 x16=0x00000000
     455215.000 ns	     45520	8000974c	872ca093	slti	x1,x25,-1934	 x25:0x00000001  x1=0x00000000
     455235.000 ns	     45522	80009750	03e6ddb3	divu	x27,x13,x30	 x13:0x00000003 x30:0x00000000 x27=0xffffffff
     455255.000 ns	     45524	80009754	409fd1b3	sra	x3,x31,x9	 x31:0x0000047c  x9:0x00000001  x3=0x0000023e
     455265.000 ns	     45525	80009758	00000013	addi	x0,x0,0	  x0:0x00000000
     455285.000 ns	     45527	8000975c	02c49533	mulh	x10,x9,x12	  x9:0x00000001 x12:0xffffffff x10=0xffffffff
     455315.000 ns	     45530	80009760	a1230cd3	fle.s	x25,f6,f18	  f6:0x4e3f73ed f18:0xffc00000 x25=0x00000000
     455335.000 ns	     45532	80009764	7afae313	ori	x6,x21,1967	 x21:0xb77f5000  x6=0xb77f57af
     455355.000 ns	     45534	80009768	e0028dd3	fmv.x.w	x27,f5	  f5:0x00000000 x27=0x00000000
     455375.000 ns	     45536	8000976c	013f9333	sll	x6,x31,x19	 x31:0x0000047c x19:0xffffffff  x6=0x00000000
     455385.000 ns	     45537	80009770	0019bf33	sltu	x30,x19,x1	 x19:0xffffffff  x1:0x00000000 x30=0x00000000
     455395.000 ns	     45538	80009774	1bddc413	xori	x8,x27,445	 x27:0x00000000  x8=0x000001bd
     455415.000 ns	     45540	80009778	286682d3	fmin.s	f5,f13,f6	 f13:0xcf49b627  f6:0x4e3f73ed  f5=0xcf49b627
     455445.000 ns	     45543	8000977c	21e383d3	fsgnj.s	f7,f7,f30	  f7:0x7fc00000 f30:0xff800000  f7=0xffc00000
     455465.000 ns	     45545	80009780	00c4d133	srl	x2,x9,x12	  x9:0x00000001 x12:0xffffffff  x2=0x00000000
     455495.000 ns	     45548	80009784	11610653	fmul.s	f12,f2,f22	  f2:0x7f800000 f22:0x80000000 f12=0x7fc00000
     455545.000 ns	     45553	80009788	09ab04d3	fsub.s	f9,f22,f26	 f22:0x80000000 f26:0xffc00000  f9=0x7fc00000
     455565.000 ns	     45555	8000978c	01dd6eb3	or	x29,x26,x29	 x26:0xfffff997 x29:0x00000000 x29=0xfffff997
     455585.000 ns	     45557	80009790	02d229b3	mulhsu	x19,x4,x13	  x4:0x00000001 x13:0x00000003 x19=0x00000000
     455615.000 ns	     45560	80009794	a10a9ad3	flt.s	x21,f21,f16	 f21:0x7fc00000 f16:0xffc00000 x21=0x00000000
     455645.000 ns	     45563	80009798	e00282d3	fmv.x.w	x5,f5	  f5:0xcf49b627  x5=0xcf49b627
     455675.000 ns	     45566	8000979c	a1c22d53	feq.s	x26,f4,f28	  f4:0x7fc00000 f28:0xffc00000 x26=0x00000000
     455705.000 ns	     45569	800097a0	299296d3	fmax.s	f13,f5,f25	  f5:0xcf49b627 f25:0x00000000 f13=0x00000000
     455725.000 ns	     45571	800097a4	16b08913	addi	x18,x1,363	  x1:0x00000000 x18=0x0000016b
     455745.000 ns	     45573	800097a8	02e7b333	mulhu	x6,x15,x14	 x15:0x80040fe4 x14:0x00000000  x6=0x00000000
     455775.000 ns	     45576	800097ac	a07192d3	flt.s	x5,f3,f7	  f3:0x7fc00000  f7:0xffc00000  x5=0x00000000
     455805.000 ns	     45579	800097b0	d00e0c53	fcvt.s.w	f24,x28	 x28:0x00000000 f24=0x00000000
     455825.000 ns	     45581	800097b4	c55821b7	lui	x3,0xc5582	  x3=0xc5582000
     455835.000 ns	     45582	800097b8	40735f93	srai	x31,x6,0x7	  x6:0x00000000 x31=0x00000000
     455845.000 ns	     45583	800097bc	00f0f5b3	and	x11,x1,x15	  x1:0x00000000 x15:0x80040fe4 x11=0x00000000
     455865.000 ns	     45585	800097c0	c00b72d3	fcvt.w.s	x5,f22	 f22:0x80000000  x5=0x00000000
     455885.000 ns	     45587	800097c4	d4e8f593	andi	x11,x17,-690	 x17:0xfffffbb2 x11=0xfffff902
     455895.000 ns	     45588	800097c8	bdb06593	ori	x11,x0,-1061	  x0:0x00000000 x11=0xfffffbdb
     455925.000 ns	     45591	800097cc	1022c953	fmul.s	f18,f5,f2	  f5:0xcf49b627  f2:0x7f800000 f18=0xff800000
     455945.000 ns	     45593	800097d0	7853a613	slti	x12,x7,1925	  x7:0x00000000 x12=0x00000001
     455965.000 ns	     45595	800097d4	031b0bb3	mul	x23,x22,x17	 x22:0x00000000 x17:0xfffffbb2 x23=0x00000000
     455985.000 ns	     45597	800097d8	0041bbb3	sltu	x23,x3,x4	  x3:0xc5582000  x4:0x00000001 x23=0x00000000
     456005.000 ns	     45599	800097dc	e00884d3	fmv.x.w	x9,f17	 f17:0x00000000  x9=0x00000000
     456035.000 ns	     45602	800097e0	a0a31653	flt.s	x12,f6,f10	  f6:0x4e3f73ed f10:0x7fc00000 x12=0x00000000
     456055.000 ns	     45604	800097e4	0097dbb3	srl	x23,x15,x9	 x15:0x80040fe4  x9:0x00000000 x23=0x80040fe4
     456065.000 ns	     45605	800097e8	011c04b3	add	x9,x24,x17	 x24:0x00000001 x17:0xfffffbb2  x9=0xfffffbb3
     456075.000 ns	     45606	800097ec	80bd6493	ori	x9,x26,-2037	 x26:0x00000000  x9=0xfffff80b
     456085.000 ns	     45607	800097f0	00000013	addi	x0,x0,0	  x0:0x00000000
     456095.000 ns	     45608	800097f4	00000013	addi	x0,x0,0	  x0:0x00000000
     456455.000 ns	     45644	800097f8	02875eb3	divu	x29,x14,x8	 x14:0x00000000  x8:0x000001bd x29=0x00000000
     456505.000 ns	     45649	800097fc	09cd1f53	fsub.s	f30,f26,f28	 f26:0xffc00000 f28:0xffc00000 f30=0x7fc00000
     456535.000 ns	     45652	80009800	28098753	fmin.s	f14,f19,f0	 f19:0x7fc00000  f0:0x7fc00000 f14=0x7fc00000
     456555.000 ns	     45654	80009804	4067d633	sra	x12,x15,x6	 x15:0x80040fe4  x6:0x00000000 x12=0x80040fe4
     456565.000 ns	     45655	80009808	01b09393	slli	x7,x1,0x1b	  x1:0x00000000  x7=0x00000000
     456575.000 ns	     45656	8000980c	c475ff13	andi	x30,x11,-953	 x11:0xfffffbdb x30=0xfffff843
     456585.000 ns	     45657	80009810	fe1c7b93	andi	x23,x24,-31	 x24:0x00000001 x23=0x00000001
     456605.000 ns	     45659	80009814	035725b3	mulhsu	x11,x14,x21	 x14:0x00000000 x21:0x00000000 x11=0x00000000
     456625.000 ns	     45661	80009818	00c35933	srl	x18,x6,x12	  x6:0x00000000 x12:0x80040fe4 x18=0x00000000
     456645.000 ns	     45663	8000981c	02562e33	mulhsu	x28,x12,x5	 x12:0x80040fe4  x5:0x00000000 x28=0x00000000
     456665.000 ns	     45665	80009820	00bd2633	slt	x12,x26,x11	 x26:0x00000000 x11:0x00000000 x12=0x00000000
     456685.000 ns	     45667	80009824	c00733d3	fcvt.w.s	x7,f14	 f14:0x7fc00000  x7=0x7fffffff
     456705.000 ns	     45669	80009828	4166d4b3	sra	x9,x13,x22	 x13:0x00000003 x22:0x00000000  x9=0x00000003
     456715.000 ns	     45670	8000982c	00630d33	add	x26,x6,x6	  x6:0x00000000  x6:0x00000000 x26=0x00000000
     456725.000 ns	     45671	80009830	cbaf2b93	slti	x23,x30,-838	 x30:0xfffff843 x23=0x00000001
     456745.000 ns	     45673	80009834	c012b553	fcvt.wu.s	x10,f5	  f5:0xcf49b627 x10=0xc9b62700
     456775.000 ns	     45676	80009838	a16a92d3	flt.s	x5,f21,f22	 f21:0x7fc00000 f22:0x80000000  x5=0x00000000
     456795.000 ns	     45678	8000983c	007fb633	sltu	x12,x31,x7	 x31:0x00000000  x7:0x7fffffff x12=0x00000001
     456805.000 ns	     45679	80009840	01c59593	slli	x11,x11,0x1c	 x11:0x00000000 x11=0x00000000
     456815.000 ns	     45680	80009844	008483b3	add	x7,x9,x8	  x9:0x00000003  x8:0x000001bd  x7=0x000001c0
     456835.000 ns	     45682	80009848	03839133	mulh	x2,x7,x24	  x7:0x7fffffff x24:0x00000001  x2=0x00000000
     456855.000 ns	     45684	8000984c	01372f33	slt	x30,x14,x19	 x14:0x00000000 x19:0x00000000 x30=0x00000000
     456875.000 ns	     45686	80009850	a00eabd3	feq.s	x23,f29,f0	 f29:0x4e3f73ed  f0:0x7fc00000 x23=0x00000000
     456905.000 ns	     45689	80009854	d0073253	fcvt.s.w	f4,x14	 x14:0x00000000  f4=0x00000000
     456935.000 ns	     45692	80009858	28e702d3	fmin.s	f5,f14,f14	 f14:0x7fc00000 f14:0x7fc00000  f5=0x7fc00000
     457305.000 ns	     45729	8000985c	024b6233	rem	x4,x22,x4	 x22:0x00000000  x4:0x00000001  x4=0x00000000
     457325.000 ns	     45731	80009860	00b8d313	srli	x6,x17,0xb	 x17:0xfffffbb2  x6=0x001fffff
     457335.000 ns	     45732	80009864	2d3d3eb7	lui	x29,0x2d3d3	 x29=0x2d3d3000
     457345.000 ns	     45733	80009868	00745433	srl	x8,x8,x7	  x8:0x000001bd  x7:0x000001c0  x8=0x000001bd
     457365.000 ns	     45735	8000986c	c0129cd3	fcvt.wu.s	x25,f5	  f5:0x7fc00000 x25=0xffffffff
     457415.000 ns	     45740	80009870	00f4a453	fadd.s	f8,f9,f15	  f9:0x7fc00000 f15:0x00000000  f8=0x7fc00000
     457435.000 ns	     45742	80009874	01cdafb3	slt	x31,x27,x28	 x27:0x00000000 x28:0x00000000 x31=0x00000000
     457455.000 ns	     45744	80009878	a1dd83d3	fle.s	x7,f27,f29	 f27:0x4e3f73ed f29:0x4e3f73ed  x7=0x00000001
     457475.000 ns	     45746	8000987c	01607333	and	x6,x0,x22	  x0:0x00000000 x22:0x00000000  x6=0x00000000
     457485.000 ns	     45747	80009880	40a08133	sub	x2,x1,x10	  x1:0x00000000 x10:0xc9b62700  x2=0x3649d900
     457505.000 ns	     45749	80009884	030dab33	mulhsu	x22,x27,x16	 x27:0x00000000 x16:0x00000000 x22=0x00000000
     457535.000 ns	     45752	80009888	d0117353	fcvt.s.wu	f6,x2	  x2:0x00000000  f6=0x4e592764
     457555.000 ns	     45754	8000988c	01ee6fb3	or	x31,x28,x30	 x28:0x00000000 x30:0x00000000 x31=0x00000000
     457565.000 ns	     45755	80009890	0a943893	sltiu	x17,x8,169	  x8:0x000001bd x17=0x00000000
     457575.000 ns	     45756	80009894	01cdda93	srli	x21,x27,0x1c	 x27:0x00000000 x21=0x00000000
     457595.000 ns	     45758	80009898	a0930bd3	fle.s	x23,f6,f9	  f6:0x4e592764  f9:0x7fc00000 x23=0x00000000
     457645.000 ns	     45763	8000989c	09c50353	fsub.s	f6,f10,f28	 f10:0x7fc00000 f28:0xffc00000  f6=0x7fc00000
     457675.000 ns	     45766	800098a0	027c9fb3	mulh	x31,x25,x7	 x25:0xffffffff  x7:0x00000001 x31=0xffffffff
     457695.000 ns	     45768	800098a4	00c21b33	sll	x22,x4,x12	  x4:0x00000000 x12:0x00000001 x22=0x00000000
     457705.000 ns	     45769	800098a8	038a3d93	sltiu	x27,x20,56	 x20:0x80041024 x27=0x00000000
     457715.000 ns	     45770	800098ac	0154bc33	sltu	x24,x9,x21	  x9:0x00000003 x21:0x00000000 x24=0x00000000
     457735.000 ns	     45772	800098b0	20981dd3	fsgnjn.s	f27,f16,f9	 f16:0xffc00000  f9:0x7fc00000 f27=0xffc00000
     457755.000 ns	     45774	800098b4	405f5713	srai	x14,x30,0x5	 x30:0x00000000 x14=0x00000000
     457775.000 ns	     45776	800098b8	029d9533	mulh	x10,x27,x9	 x27:0x00000000  x9:0x00000003 x10=0x00000000
     457805.000 ns	     45779	800098bc	03caf333	remu	x6,x21,x28	 x21:0x00000000 x28:0x00000000  x6=0x00000000
     457855.000 ns	     45784	800098c0	0878a653	fsub.s	f12,f17,f7	 f17:0x00000000  f7:0xffc00000 f12=0x7fc00000
     457885.000 ns	     45787	800098c4	026e8333	mul	x6,x29,x6	 x29:0x2d3d3000  x6:0x00000000  x6=0x00000000
     457905.000 ns	     45789	800098c8	01121633	sll	x12,x4,x17	  x4:0x00000000 x17:0x00000000 x12=0x00000000
     457925.000 ns	     45791	800098cc	0387d5b3	divu	x11,x15,x24	 x15:0x80040fe4 x24:0x00000000 x11=0xffffffff
     457945.000 ns	     45793	800098d0	01ff0233	add	x4,x30,x31	 x30:0x00000000 x31:0xffffffff  x4=0xffffffff
     457955.000 ns	     45794	800098d4	c0243193	sltiu	x3,x8,-1022	  x8:0x000001bd  x3=0x00000001
     457965.000 ns	     45795	800098d8	90e28b93	addi	x23,x5,-1778	  x5:0x00000000 x23=0xfffff90e
     457975.000 ns	     45796	800098dc	01e611b3	sll	x3,x12,x30	 x12:0x00000000 x30:0x00000000  x3=0x00000000
     457985.000 ns	     45797	800098e0	0062a233	slt	x4,x5,x6	  x5:0x00000000  x6:0x00000000  x4=0x00000000
     457995.000 ns	     45798	800098e4	413ad333	sra	x6,x21,x19	 x21:0x00000000 x19:0x00000000  x6=0x00000000
     458005.000 ns	     45799	800098e8	41aa85b3	sub	x11,x21,x26	 x21:0x00000000 x26:0x00000000 x11=0x00000000
     458025.000 ns	     45801	800098ec	e00695d3	fclass.s	x11,f13	 f13:0x00000000 x11=0x00000010
     458045.000 ns	     45803	800098f0	1a8fd217	auipc	x4,0x1a8fd	  x4=0x9a9068f0
     458055.000 ns	     45804	800098f4	00801913	slli	x18,x0,0x8	  x0:0x00000000 x18=0x00000000
     458075.000 ns	     45806	800098f8	03638133	mul	x2,x7,x22	  x7:0x00000001 x22:0x00000000  x2=0x00000000
     458115.000 ns	     45810	800098fc	19f3c853	fdiv.s	f16,f7,f31	  f7:0xffc00000 f31:0x00000000 f16=0x7fc00000
     458145.000 ns	     45813	80009900	d01c73d3	fcvt.s.wu	f7,x24	 x24:0x00000000  f7=0x00000000
     458175.000 ns	     45816	80009904	212c08d3	fsgnj.s	f17,f24,f18	 f24:0x00000000 f18:0xff800000 f17=0x80000000
     458205.000 ns	     45819	80009908	a0d984d3	fle.s	x9,f19,f13	 f19:0x7fc00000 f13:0x00000000  x9=0x00000000
     458235.000 ns	     45822	8000990c	02c17733	remu	x14,x2,x12	  x2:0x00000000 x12:0x00000000 x14=0x00000000
     458255.000 ns	     45824	80009910	c9c73c93	sltiu	x25,x14,-868	 x14:0x00000000 x25=0x00000001
     458275.000 ns	     45826	80009914	033e95b3	mulh	x11,x29,x19	 x29:0x2d3d3000 x19:0x00000000 x11=0x00000000
     458305.000 ns	     45829	80009918	f00308d3	fmv.w.x	f17,x6	  x6:0x00000000 f17=0x00000000
     458335.000 ns	     45832	8000991c	d0180d53	fcvt.s.wu	f26,x16	 x16:0x00000000 f26=0x00000000
     458365.000 ns	     45835	80009920	0381e733	rem	x14,x3,x24	  x3:0x00000000 x24:0x00000000 x14=0x00000000
     458405.000 ns	     45839	80009924	11207cd3	fmul.s	f25,f0,f18	  f0:0x7fc00000 f18:0xff800000 f25=0x7fc00000
     458425.000 ns	     45841	80009928	404f0933	sub	x18,x30,x4	 x30:0x00000000  x4:0x9a9068f0 x18=0x656f9710
     458445.000 ns	     45843	8000992c	e00f8f53	fmv.x.w	x30,f31	 f31:0x00000000 x30=0x00000000
     458475.000 ns	     45846	80009930	21101c53	fsgnjn.s	f24,f0,f17	  f0:0x7fc00000 f17:0x00000000 f24=0xffc00000
     458505.000 ns	     45849	80009934	c00b1653	fcvt.w.s	x12,f22	 f22:0x80000000 x12=0x00000000
     458535.000 ns	     45852	80009938	21f926d3	fsgnjx.s	f13,f18,f31	 f18:0xff800000 f31:0x00000000 f13=0xff800000
     458555.000 ns	     45854	8000993c	0044d913	srli	x18,x9,0x4	  x9:0x00000000 x18=0x00000000
     458575.000 ns	     45856	80009940	20279cd3	fsgnjn.s	f25,f15,f2	 f15:0x00000000  f2:0x7f800000 f25=0x80000000
     458605.000 ns	     45859	80009944	02e08ab3	mul	x21,x1,x14	  x1:0x00000000 x14:0x00000000 x21=0x00000000
     458645.000 ns	     45863	80009948	1064f953	fmul.s	f18,f9,f6	  f9:0x7fc00000  f6:0x7fc00000 f18=0x7fc00000
     458665.000 ns	     45865	8000994c	01fd71b3	and	x3,x26,x31	 x26:0x00000000 x31:0xffffffff  x3=0x00000000
     458675.000 ns	     45866	80009950	599e6993	ori	x19,x28,1433	 x28:0x00000000 x19=0x00000599
     458685.000 ns	     45867	80009954	01283033	sltu	x0,x16,x18	 x16:0x00000000 x18:0x00000000
     458705.000 ns	     45869	80009958	a08f1fd3	flt.s	x31,f30,f8	 f30:0x7fc00000  f8:0x7fc00000 x31=0x00000000
     458725.000 ns	     45871	8000995c	8161e593	ori	x11,x3,-2026	  x3:0x00000000 x11=0xfffff816
     458735.000 ns	     45872	80009960	00d71293	slli	x5,x14,0xd	 x14:0x00000000  x5=0x00000000
     458755.000 ns	     45874	80009964	c00280d3	fcvt.w.s	x1,f5	  f5:0x7fc00000  x1=0x7fffffff
     458775.000 ns	     45876	80009968	53752c93	slti	x25,x10,1335	 x10:0x00000000 x25=0x00000001
     458795.000 ns	     45878	8000996c	2119a8d3	fsgnjx.s	f17,f19,f17	 f19:0x7fc00000 f17:0x00000000 f17=0x7fc00000
     458815.000 ns	     45880	80009970	b2e23093	sltiu	x1,x4,-1234	  x4:0x9a9068f0  x1=0x00000001
     458825.000 ns	     45881	80009974	40af5613	srai	x12,x30,0xa	 x30:0x00000000 x12=0x00000000
     458835.000 ns	     45882	80009978	0046d0b3	srl	x1,x13,x4	 x13:0x00000003  x4:0x9a9068f0  x1=0x00000000
     458845.000 ns	     45883	8000997c	00000013	addi	x0,x0,0	  x0:0x00000000
     458865.000 ns	     45885	80009980	02105133	divu	x2,x0,x1	  x0:0x00000000  x1:0x00000001  x2=0xffffffff
     458895.000 ns	     45888	80009984	a11f8bd3	fle.s	x23,f31,f17	 f31:0x00000000 f17:0x7fc00000 x23=0x00000000
     458915.000 ns	     45890	80009988	019440b3	xor	x1,x8,x25	  x8:0x000001bd x25:0x00000001  x1=0x000001bc
     458945.000 ns	     45893	8000998c	580d75d3	fsqrt.s	f11,f26	 f26:0x00000000 f11=0x00000000
     458985.000 ns	     45897	80009990	109e7953	fmul.s	f18,f28,f9	 f28:0xffc00000  f9:0x7fc00000 f18=0x7fc00000
     459005.000 ns	     45899	80009994	41148933	sub	x18,x9,x17	  x9:0x00000000 x17:0x00000000 x18=0x00000000
     459015.000 ns	     45900	80009998	2b9ff193	andi	x3,x31,697	 x31:0x00000000  x3=0x00000000
     459025.000 ns	     45901	8000999c	40fa51b3	sra	x3,x20,x15	 x20:0x80041024 x15:0x80040fe4  x3=0xf8004102
     459035.000 ns	     45902	800099a0	015d41b3	xor	x3,x26,x21	 x26:0x00000000 x21:0x00000000  x3=0x00000000
     459055.000 ns	     45904	800099a4	02a78d33	mul	x26,x15,x10	 x15:0x80040fe4 x10:0x00000000 x26=0x00000000
     459085.000 ns	     45907	800099a8	02ee8eb3	mul	x29,x29,x14	 x29:0x2d3d3000 x14:0x00000000 x29=0x00000000
     459115.000 ns	     45910	800099ac	211e9dd3	fsgnjn.s	f27,f29,f17	 f29:0x4e3f73ed f17:0x7fc00000 f27=0xce3f73ed
     459135.000 ns	     45912	800099b0	e0da3f93	sltiu	x31,x20,-499	 x20:0x80041024 x31=0x00000001
     459155.000 ns	     45914	800099b4	d00ffd53	fcvt.s.w	f26,x31	 x31:0x00000000 f26=0x3f800000
     459175.000 ns	     45916	800099b8	193d8813	addi	x16,x27,403	 x27:0x00000000 x16=0x00000193
     459195.000 ns	     45918	800099bc	d00fc1d3	fcvt.s.w	f3,x31	 x31:0x00000001  f3=0x3f800000
     459215.000 ns	     45920	800099c0	01c54733	xor	x14,x10,x28	 x10:0x00000000 x28:0x00000000 x14=0x00000000
     459225.000 ns	     45921	800099c4	42be0013	addi	x0,x28,1067	 x28:0x00000000
     459255.000 ns	     45924	800099c8	102dffd3	fmul.s	f31,f27,f2	 f27:0xce3f73ed  f2:0x7f800000 f31=0xff800000
     459285.000 ns	     45927	800099cc	29ec93d3	fmax.s	f7,f25,f30	 f25:0x80000000 f30:0x7fc00000  f7=0x80000000
     459305.000 ns	     45929	800099d0	41145bb3	sra	x23,x8,x17	  x8:0x000001bd x17:0x00000000 x23=0x000001bd
     459315.000 ns	     45930	800099d4	e8bbcb13	xori	x22,x23,-373	 x23:0x00000000 x22=0xffffff36
     459325.000 ns	     45931	800099d8	01a7dab3	srl	x21,x15,x26	 x15:0x80040fe4 x26:0x00000000 x21=0x80040fe4
     459345.000 ns	     45933	800099dc	0299d933	divu	x18,x19,x9	 x19:0x00000599  x9:0x00000000 x18=0xffffffff
     459365.000 ns	     45935	800099e0	6c034e17	auipc	x28,0x6c034	 x28=0xec03d9e0
     459385.000 ns	     45937	800099e4	c014a2d3	fcvt.wu.s	x5,f9	  f9:0x7fc00000  x5=0xffffffff
     459405.000 ns	     45939	800099e8	e3620493	addi	x9,x4,-458	  x4:0x9a9068f0  x9=0x9a906726
     459415.000 ns	     45940	800099ec	01b81ab3	sll	x21,x16,x27	 x16:0x00000193 x27:0x00000000 x21=0x00000193
     459425.000 ns	     45941	800099f0	007a1f13	slli	x30,x20,0x7	 x20:0x80041024 x30=0x02081200
     459445.000 ns	     45943	800099f4	e00901d3	fmv.x.w	x3,f18	 f18:0x7fc00000  x3=0x7fc00000
     459475.000 ns	     45946	800099f8	c00ff4d3	fcvt.w.s	x9,f31	 f31:0xff800000  x9=0x80000000
     459495.000 ns	     45948	800099fc	406781b3	sub	x3,x15,x6	 x15:0x80040fe4  x6:0x00000000  x3=0x80040fe4
     459515.000 ns	     45950	80009a00	f0098953	fmv.w.x	f18,x19	 x19:0x00000599 f18=0x00000599
     459535.000 ns	     45952	80009a04	41dc01b3	sub	x3,x24,x29	 x24:0x00000000 x29:0x00000000  x3=0x00000000
     459555.000 ns	     45954	80009a08	035a1ab3	mulh	x21,x20,x21	 x20:0x80041024 x21:0x00000193 x21=0xffffff36
     459575.000 ns	     45956	80009a0c	00000013	addi	x0,x0,0	  x0:0x00000000
     459595.000 ns	     45958	80009a10	0336a533	mulhsu	x10,x13,x19	 x13:0x00000003 x19:0x00000599 x10=0x00000000
     459645.000 ns	     45963	80009a14	00f2a5d3	fadd.s	f11,f5,f15	  f5:0x7fc00000 f15:0x00000000 f11=0x7fc00000
     459675.000 ns	     45966	80009a18	206e93d3	fsgnjn.s	f7,f29,f6	 f29:0x4e3f73ed  f6:0x7fc00000  f7=0xce3f73ed
     459695.000 ns	     45968	80009a1c	413a5193	srai	x3,x20,0x13	 x20:0x80041024  x3=0xfffff000
     460055.000 ns	     46004	80009a20	0271ccb3	div	x25,x3,x7	  x3:0x00000000  x7:0x00000001 x25=0xfffff000
     460085.000 ns	     46007	80009a24	21ba25d3	fsgnjx.s	f11,f20,f27	 f20:0x00000000 f27:0xce3f73ed f11=0x80000000
     460105.000 ns	     46009	80009a28	414e5f13	srai	x30,x28,0x14	 x28:0xec03d9e0 x30=0xfffffec0
     460115.000 ns	     46010	80009a2c	01f21493	slli	x9,x4,0x1f	  x4:0x9a9068f0  x9=0x00000000
     460475.000 ns	     46046	80009a30	03005fb3	divu	x31,x0,x16	  x0:0x00000000 x16:0x00000193 x31=0x00000000
     460495.000 ns	     46048	80009a34	01e41ab3	sll	x21,x8,x30	  x8:0x000001bd x30:0xfffffec0 x21=0x000001bd
     460515.000 ns	     46050	80009a38	28bc16d3	fmax.s	f13,f24,f11	 f24:0xffc00000 f11:0x80000000 f13=0x80000000
     460545.000 ns	     46053	80009a3c	e0070fd3	fmv.x.w	x31,f14	 f14:0x7fc00000 x31=0x7fc00000
     460565.000 ns	     46055	80009a40	41048433	sub	x8,x9,x16	  x9:0x00000000 x16:0x00000193  x8=0xfffffe6d
     460585.000 ns	     46057	80009a44	e00b8ed3	fmv.x.w	x29,f23	 f23:0x3f800000 x29=0x3f800000
     460615.000 ns	     46060	80009a48	f00009d3	fmv.w.x	f19,x0	  x0:0x00000000 f19=0x00000000
     460645.000 ns	     46063	80009a4c	a15e92d3	flt.s	x5,f29,f21	 f29:0x4e3f73ed f21:0x7fc00000  x5=0x00000000
     460675.000 ns	     46066	80009a50	a1d020d3	feq.s	x1,f0,f29	  f0:0x7fc00000 f29:0x4e3f73ed  x1=0x00000000
     460715.000 ns	     46070	80009a54	10a1ff53	fmul.s	f30,f3,f10	  f3:0x3f800000 f10:0x7fc00000 f30=0x7fc00000
     460745.000 ns	     46073	80009a58	039593b3	mulh	x7,x11,x25	 x11:0xfffff816 x25:0xfffff000  x7=0x00000000
     460765.000 ns	     46075	80009a5c	d3462a93	slti	x21,x12,-716	 x12:0x00000000 x21=0x00000000
     460785.000 ns	     46077	80009a60	a12e89d3	fle.s	x19,f29,f18	 f29:0x4e3f73ed f18:0x00000599 x19=0x00000000
     460825.000 ns	     46081	80009a64	5802f9d3	fsqrt.s	f19,f5	  f5:0x7fc00000 f19=0x7fc00000
     460875.000 ns	     46086	80009a68	08c11753	fsub.s	f14,f2,f12	  f2:0x7f800000 f12:0x7fc00000 f14=0x7fc00000
     460895.000 ns	     46088	80009a6c	000db4b3	sltu	x9,x27,x0	 x27:0x00000000  x0:0x00000000  x9=0x00000000
     460915.000 ns	     46090	80009a70	c00e12d3	fcvt.w.s	x5,f28	 f28:0xffc00000  x5=0x7fffffff
     460945.000 ns	     46093	80009a74	a083aad3	feq.s	x21,f7,f8	  f7:0xce3f73ed  f8:0x7fc00000 x21=0x00000000
     460975.000 ns	     46096	80009a78	e00e1e53	fclass.s	x28,f28	 f28:0xffc00000 x28=0x00000200
     461005.000 ns	     46099	80009a7c	a165ae53	feq.s	x28,f11,f22	 f11:0x80000000 f22:0x80000000 x28=0x00000001
     461025.000 ns	     46101	80009a80	3d2ff713	andi	x14,x31,978	 x31:0x7fc00000 x14=0x00000000
     461035.000 ns	     46102	80009a84	01c9d533	srl	x10,x19,x28	 x19:0x00000000 x28:0x00000001 x10=0x00000000
     461055.000 ns	     46104	80009a88	a1f69953	flt.s	x18,f13,f31	 f13:0x80000000 f31:0xff800000 x18=0x00000000
     461085.000 ns	     46107	80009a8c	20b28153	fsgnj.s	f2,f5,f11	  f5:0x7fc00000 f11:0x80000000  f2=0xffc00000
     461105.000 ns	     46109	80009a90	007cf9b3	and	x19,x25,x7	 x25:0xfffff000  x7:0x00000000 x19=0x00000000
     461125.000 ns	     46111	80009a94	21e78cd3	fsgnj.s	f25,f15,f30	 f15:0x00000000 f30:0x7fc00000 f25=0x00000000
     461145.000 ns	     46113	80009a98	018535b3	sltu	x11,x10,x24	 x10:0x00000000 x24:0x00000000 x11=0x00000000
     461155.000 ns	     46114	80009a9c	014fc433	xor	x8,x31,x20	 x31:0x7fc00000 x20:0x80041024  x8=0xffc41024
     461175.000 ns	     46116	80009aa0	f0030f53	fmv.w.x	f30,x6	  x6:0x00000000 f30=0x00000000
     461205.000 ns	     46119	80009aa4	28ee90d3	fmax.s	f1,f29,f14	 f29:0x4e3f73ed f14:0x7fc00000  f1=0x4e3f73ed
     461225.000 ns	     46121	80009aa8	2ff1cb13	xori	x22,x3,767	  x3:0xfffff000 x22=0xfffff2ff
     461245.000 ns	     46123	80009aac	21740453	fsgnj.s	f8,f8,f23	  f8:0x7fc00000 f23:0x3f800000  f8=0x7fc00000
     461265.000 ns	     46125	80009ab0	d5b2af13	slti	x30,x5,-677	  x5:0x7fffffff x30=0x00000000
     461285.000 ns	     46127	80009ab4	a171acd3	feq.s	x25,f3,f23	  f3:0x3f800000 f23:0x3f800000 x25=0x00000001
     461305.000 ns	     46129	80009ab8	01396733	or	x14,x18,x19	 x18:0x00000000 x19:0x00000000 x14=0x00000000
     461335.000 ns	     46132	80009abc	11197b53	fmul.s	f22,f18,f17	 f18:0x00000599 f17:0x7fc00000 f22=0x7fc00000
     461365.000 ns	     46135	80009ac0	285800d3	fmin.s	f1,f16,f5	 f16:0x7fc00000  f5:0x7fc00000  f1=0x7fc00000
     461395.000 ns	     46138	80009ac4	03b1f9b3	remu	x19,x3,x27	  x3:0xfffff000 x27:0x00000000 x19=0xfffff000
     461415.000 ns	     46140	80009ac8	01a9e933	or	x18,x19,x26	 x19:0x00000000 x26:0x00000000 x18=0xfffff000
     461435.000 ns	     46142	80009acc	02b24733	div	x14,x4,x11	  x4:0x9a9068f0 x11:0x00000000 x14=0xffffffff
     461805.000 ns	     46179	80009ad0	0240ee33	rem	x28,x1,x4	  x1:0x00000000  x4:0x9a9068f0 x28=0x00000000
     461835.000 ns	     46182	80009ad4	21ad9853	fsgnjn.s	f16,f27,f26	 f27:0xce3f73ed f26:0x3f800000 f16=0xce3f73ed
     461855.000 ns	     46184	80009ad8	0095cdb3	xor	x27,x11,x9	 x11:0x00000000  x9:0x00000000 x27=0x00000000
     461875.000 ns	     46186	80009adc	a13e14d3	flt.s	x9,f28,f19	 f28:0xffc00000 f19:0x7fc00000  x9=0x00000000
     461905.000 ns	     46189	80009ae0	0346b333	mulhu	x6,x13,x20	 x13:0x00000003 x20:0x80041024  x6=0x00000001
     461935.000 ns	     46192	80009ae4	d01a30d3	fcvt.s.wu	f1,x20	 x20:0x80041024  f1=0x4f000411
     461965.000 ns	     46195	80009ae8	e00005d3	fmv.x.w	x11,f0	  f0:0x7fc00000 x11=0x7fc00000
     462015.000 ns	     46200	80009aec	002dfad3	fadd.s	f21,f27,f2	 f27:0xce3f73ed  f2:0xffc00000 f21=0x7fc00000
     462035.000 ns	     46202	80009af0	00655713	srli	x14,x10,0x6	 x10:0x00000000 x14=0x00000000
     462055.000 ns	     46204	80009af4	d0184b53	fcvt.s.wu	f22,x16	 x16:0x00000193 f22=0x43c98000
     462075.000 ns	     46206	80009af8	eb8c3c13	sltiu	x24,x24,-328	 x24:0x00000000 x24=0x00000001
     462095.000 ns	     46208	80009afc	202e9453	fsgnjn.s	f8,f29,f2	 f29:0x4e3f73ed  f2:0xffc00000  f8=0x4e3f73ed
     462115.000 ns	     46210	80009b00	40df0c33	sub	x24,x30,x13	 x30:0x00000000 x13:0x00000003 x24=0xfffffffd
     462125.000 ns	     46211	80009b04	401fd533	sra	x10,x31,x1	 x31:0x7fc00000  x1:0x00000000 x10=0x7fc00000
     462135.000 ns	     46212	80009b08	0181ec33	or	x24,x3,x24	  x3:0xfffff000 x24:0x00000001 x24=0xfffffffd
     462145.000 ns	     46213	80009b0c	01533733	sltu	x14,x6,x21	  x6:0x00000001 x21:0x00000000 x14=0x00000000
     462155.000 ns	     46214	80009b10	00000013	addi	x0,x0,0	  x0:0x00000000
     462175.000 ns	     46216	80009b14	c00c7653	fcvt.w.s	x12,f24	 f24:0xffc00000 x12=0x7fffffff
     462205.000 ns	     46219	80009b18	294e80d3	fmin.s	f1,f29,f20	 f29:0x4e3f73ed f20:0x00000000  f1=0x00000000
     462235.000 ns	     46222	80009b1c	031eaeb3	mulhsu	x29,x29,x17	 x29:0x3f800000 x17:0x00000000 x29=0x00000000
     462265.000 ns	     46225	80009b20	29851dd3	fmax.s	f27,f10,f24	 f10:0x7fc00000 f24:0xffc00000 f27=0x7fc00000
     462295.000 ns	     46228	80009b24	02de8eb3	mul	x29,x29,x13	 x29:0x00000000 x13:0x00000003 x29=0x00000000
     462335.000 ns	     46232	80009b28	580578d3	fsqrt.s	f17,f10	 f10:0x7fc00000 f17=0x7fc00000
     462365.000 ns	     46235	80009b2c	039e9033	mulh	x0,x29,x25	 x29:0x00000000 x25:0x00000001
     462415.000 ns	     46240	80009b30	09c24ad3	fsub.s	f21,f4,f28	  f4:0x00000000 f28:0xffc00000 f21=0x7fc00000
     462445.000 ns	     46243	80009b34	c00a84d3	fcvt.w.s	x9,f21	 f21:0x7fc00000  x9=0x7fffffff
     462465.000 ns	     46245	80009b38	0072d393	srli	x7,x5,0x7	  x5:0x7fffffff  x7=0x00ffffff
     462475.000 ns	     46246	80009b3c	415a8db3	sub	x27,x21,x21	 x21:0x00000000 x21:0x00000000 x27=0x00000000
     462515.000 ns	     46250	80009b40	000040d3	fadd.s	f1,f0,f0	  f0:0x7fc00000  f0:0x7fc00000  f1=0x7fc00000
     462535.000 ns	     46252	80009b44	f4864193	xori	x3,x12,-184	 x12:0x7fffffff  x3=0x800000b7
     462555.000 ns	     46254	80009b48	a10d1cd3	flt.s	x25,f26,f16	 f26:0x3f800000 f16:0xce3f73ed x25=0x00000000
     462585.000 ns	     46257	80009b4c	c013acd3	fcvt.wu.s	x25,f7	  f7:0xce3f73ed x25=0x2fdcfb40
     462615.000 ns	     46260	80009b50	03c35133	divu	x2,x6,x28	  x6:0x00000001 x28:0x00000000  x2=0xffffffff
     462635.000 ns	     46262	80009b54	005639b3	sltu	x19,x12,x5	 x12:0x7fffffff  x5:0x7fffffff x19=0x00000000
     462655.000 ns	     46264	80009b58	c0067353	fcvt.w.s	x6,f12	 f12:0x7fc00000  x6=0x7fffffff
     462695.000 ns	     46268	80009b5c	580cf7d3	fsqrt.s	f15,f25	 f25:0x00000000 f15=0x00000000
     462715.000 ns	     46270	80009b60	0066ed33	or	x26,x13,x6	 x13:0x00000003  x6:0x7fffffff x26=0x7fffffff
     462745.000 ns	     46273	80009b64	108496d3	fmul.s	f13,f9,f8	  f9:0x7fc00000  f8:0x4e3f73ed f13=0x7fc00000
     462765.000 ns	     46275	80009b68	0c2efeb7	lui	x29,0xc2ef	 x29=0x0c2ef000
     462785.000 ns	     46277	80009b6c	29530bd3	fmin.s	f23,f6,f21	  f6:0x7fc00000 f21:0x7fc00000 f23=0x7fc00000
     463155.000 ns	     46314	80009b70	038153b3	divu	x7,x2,x24	  x2:0xffffffff x24:0xfffffffd  x7=0x00000001
     463185.000 ns	     46317	80009b74	c01d39d3	fcvt.wu.s	x19,f26	 f26:0x3f800000 x19=0x00000001
     463205.000 ns	     46319	80009b78	0109f933	and	x18,x19,x16	 x19:0x00000000 x16:0x00000193 x18=0x00000001
     463235.000 ns	     46322	80009b7c	19288dd3	fdiv.s	f27,f17,f18	 f17:0x7fc00000 f18:0x00000599 f27=0x7fc00000
     463255.000 ns	     46324	80009b80	7b0381b7	lui	x3,0x7b038	  x3=0x7b038000
     463275.000 ns	     46326	80009b84	289786d3	fmin.s	f13,f15,f9	 f15:0x00000000  f9:0x7fc00000 f13=0x00000000
     463305.000 ns	     46329	80009b88	21c32d53	fsgnjx.s	f26,f6,f28	  f6:0x7fc00000 f28:0xffc00000 f26=0xffc00000
     463345.000 ns	     46333	80009b8c	580c7ad3	fsqrt.s	f21,f24	 f24:0xffc00000 f21=0x7fc00000
     463365.000 ns	     46335	80009b90	b6c54893	xori	x17,x10,-1172	 x10:0x7fc00000 x17=0x803ffb6c
     463375.000 ns	     46336	80009b94	a3a9a713	slti	x14,x19,-1478	 x19:0x00000001 x14=0x00000000
     463395.000 ns	     46338	80009b98	282790d3	fmax.s	f1,f15,f2	 f15:0x00000000  f2:0xffc00000  f1=0x00000000
     463445.000 ns	     46343	80009b9c	002df3d3	fadd.s	f7,f27,f2	 f27:0x7fc00000  f2:0xffc00000  f7=0x7fc00000
     463475.000 ns	     46346	80009ba0	21af1cd3	fsgnjn.s	f25,f30,f26	 f30:0x00000000 f26:0xffc00000 f25=0x00000000
     463495.000 ns	     46348	80009ba4	7e14a313	slti	x6,x9,2017	  x9:0x7fffffff  x6=0x00000000
     463515.000 ns	     46350	80009ba8	02e51133	mulh	x2,x10,x14	 x10:0x7fc00000 x14:0x00000000  x2=0x00000000
     463545.000 ns	     46353	80009bac	c0147953	fcvt.wu.s	x18,f8	  f8:0x4e3f73ed x18=0x2fdcfb40
     463575.000 ns	     46356	80009bb0	03279333	mulh	x6,x15,x18	 x15:0x80040fe4 x18:0x00000001  x6=0xe81244cc
     463625.000 ns	     46361	80009bb4	01ce7b53	fadd.s	f22,f28,f28	 f28:0xffc00000 f28:0xffc00000 f22=0x7fc00000
     463655.000 ns	     46364	80009bb8	c0067753	fcvt.w.s	x14,f12	 f12:0x7fc00000 x14=0x7fffffff
     463675.000 ns	     46366	80009bbc	76520d93	addi	x27,x4,1893	  x4:0x9a9068f0 x27=0x9a907055
     463695.000 ns	     46368	80009bc0	a14b9e53	flt.s	x28,f23,f20	 f23:0x7fc00000 f20:0x00000000 x28=0x00000000
     463715.000 ns	     46370	80009bc4	da154d13	xori	x26,x10,-607	 x10:0x7fc00000 x26=0x803ffda1
     463735.000 ns	     46372	80009bc8	d018b3d3	fcvt.s.wu	f7,x17	 x17:0x803ffb6c  f7=0x4f003ffc
     463765.000 ns	     46375	80009bcc	29371653	fmax.s	f12,f14,f19	 f14:0x7fc00000 f19:0x7fc00000 f12=0x7fc00000
     463795.000 ns	     46378	80009bd0	0244a8b3	mulhsu	x17,x9,x4	  x9:0x7fffffff  x4:0x9a9068f0 x17=0x4d483477
     463825.000 ns	     46381	80009bd4	a0b723d3	feq.s	x7,f14,f11	 f14:0x7fc00000 f11:0x80000000  x7=0x00000000
     463855.000 ns	     46384	80009bd8	02be08b3	mul	x17,x28,x11	 x28:0x00000000 x11:0x7fc00000 x17=0x00000000
     463875.000 ns	     46386	80009bdc	0149b433	sltu	x8,x19,x20	 x19:0x00000001 x20:0x80041024  x8=0x00000001
     463895.000 ns	     46388	80009be0	29831c53	fmax.s	f24,f6,f24	  f6:0x7fc00000 f24:0xffc00000 f24=0x7fc00000
     463925.000 ns	     46391	80009be4	e0000b53	fmv.x.w	x22,f0	  f0:0x7fc00000 x22=0x7fc00000
     463955.000 ns	     46394	80009be8	02ec1d33	mulh	x26,x24,x14	 x24:0xfffffffd x14:0x7fffffff x26=0xfffffffe
     463985.000 ns	     46397	80009bec	29f11253	fmax.s	f4,f2,f31	  f2:0xffc00000 f31:0xff800000  f4=0xff800000
     464015.000 ns	     46400	80009bf0	02080033	mul	x0,x16,x0	 x16:0x00000193  x0:0x00000000
     464035.000 ns	     46402	80009bf4	41c45f33	sra	x30,x8,x28	  x8:0x00000001 x28:0x00000000 x30=0x00000001
     464055.000 ns	     46404	80009bf8	c0181f53	fcvt.wu.s	x30,f16	 f16:0xce3f73ed x30=0x2fdcfb40
     464075.000 ns	     46406	80009bfc	9d04d717	auipc	x14,0x9d04d	 x14=0x1d056bfc
     464095.000 ns	     46408	80009c00	e00c09d3	fmv.x.w	x19,f24	 f24:0x7fc00000 x19=0x7fc00000
     464125.000 ns	     46411	80009c04	f00a0253	fmv.w.x	f4,x20	 x20:0x80041024  f4=0x80041024
     464145.000 ns	     46413	80009c08	ca234d13	xori	x26,x6,-862	  x6:0xe81244cc x26=0x17edb86e
     464165.000 ns	     46415	80009c0c	03b191b3	mulh	x3,x3,x27	  x3:0x7b038000 x27:0x9a907055  x3=0xcf4202f2
     464185.000 ns	     46417	80009c10	28dbb493	sltiu	x9,x23,653	 x23:0x000001bd  x9=0x00000001
     464205.000 ns	     46419	80009c14	d019f8d3	fcvt.s.wu	f17,x19	 x19:0x7fc00000 f17=0x4eff8000
     464225.000 ns	     46421	80009c18	018e7633	and	x12,x28,x24	 x28:0x00000000 x24:0xfffffffd x12=0x00000000
     464245.000 ns	     46423	80009c1c	a07498d3	flt.s	x17,f9,f7	  f9:0x7fc00000  f7:0x4f003ffc x17=0x00000000
     464275.000 ns	     46426	80009c20	03df32b3	mulhu	x5,x30,x29	 x30:0x2fdcfb40 x29:0x0c2ef000  x5=0x0247225b
     464305.000 ns	     46429	80009c24	21a4af53	fsgnjx.s	f30,f9,f26	  f9:0x7fc00000 f26:0xffc00000 f30=0xffc00000
     464325.000 ns	     46431	80009c28	8a94c593	xori	x11,x9,-1879	  x9:0x00000001 x11=0xfffff8a8
     464685.000 ns	     46467	80009c2c	02ad5533	divu	x10,x26,x10	 x26:0x17edb86e x10:0x7fc00000 x10=0x00000000
     464705.000 ns	     46469	80009c30	40925393	srai	x7,x4,0x9	  x4:0x9a9068f0  x7=0xffcd4834
     465065.000 ns	     46505	80009c34	02d8f8b3	remu	x17,x17,x13	 x17:0x00000000 x13:0x00000003 x17=0x00000000
     465095.000 ns	     46508	80009c38	d00b2153	fcvt.s.w	f2,x22	 x22:0x7fc00000  f2=0x4eff8000
     465145.000 ns	     46513	80009c3c	0008a553	fadd.s	f10,f17,f0	 f17:0x4eff8000  f0:0x7fc00000 f10=0x7fc00000
     465165.000 ns	     46515	80009c40	0190ce33	xor	x28,x1,x25	  x1:0x00000000 x25:0x2fdcfb40 x28=0x2fdcfb40
     465175.000 ns	     46516	80009c44	aec6f393	andi	x7,x13,-1300	 x13:0x00000003  x7=0x00000000
     465195.000 ns	     46518	80009c48	e0018353	fmv.x.w	x6,f3	  f3:0x3f800000  x6=0x3f800000
     465215.000 ns	     46520	80009c4c	a8068f93	addi	x31,x13,-1408	 x13:0x00000003 x31=0xfffffa83
     465235.000 ns	     46522	80009c50	c0041fd3	fcvt.w.s	x31,f8	  f8:0x4e3f73ed x31=0x2fdcfb40
     465265.000 ns	     46525	80009c54	03348e33	mul	x28,x9,x19	  x9:0x00000001 x19:0x7fc00000 x28=0x7fc00000
     465285.000 ns	     46527	80009c58	00ee88b3	add	x17,x29,x14	 x29:0x0c2ef000 x14:0x1d056bfc x17=0x29345bfc
     465295.000 ns	     46528	80009c5c	0007dd33	srl	x26,x15,x0	 x15:0x80040fe4  x0:0x00000000 x26=0x80040fe4
     465305.000 ns	     46529	80009c60	00822133	slt	x2,x4,x8	  x4:0x9a9068f0  x8:0x00000001  x2=0x00000001
     465315.000 ns	     46530	80009c64	412e04b3	sub	x9,x28,x18	 x28:0x7fc00000 x18:0x2fdcfb40  x9=0x4fe304c0
     465325.000 ns	     46531	80009c68	01919e13	slli	x28,x3,0x19	  x3:0xcf4202f2 x28=0xe4000000
     465345.000 ns	     46533	80009c6c	20232253	fsgnjx.s	f4,f6,f2	  f6:0x7fc00000  f2:0x4eff8000  f4=0x7fc00000
     465375.000 ns	     46536	80009c70	a1ed0e53	fle.s	x28,f26,f30	 f26:0xffc00000 f30:0xffc00000 x28=0x00000000
     465405.000 ns	     46539	80009c74	f00407d3	fmv.w.x	f15,x8	  x8:0x00000001 f15=0x00000001
     465435.000 ns	     46542	80009c78	20e59053	fsgnjn.s	f0,f11,f14	 f11:0x80000000 f14:0x7fc00000  f0=0x80000000
     465455.000 ns	     46544	80009c7c	00289f93	slli	x31,x17,0x2	 x17:0x29345bfc x31=0xa4d16ff0
     465475.000 ns	     46546	80009c80	026a84b3	mul	x9,x21,x6	 x21:0x00000000  x6:0x3f800000  x9=0x00000000
     465505.000 ns	     46549	80009c84	a0822f53	feq.s	x30,f4,f8	  f4:0x7fc00000  f8:0x4e3f73ed x30=0x00000000
     465525.000 ns	     46551	80009c88	019eac33	slt	x24,x29,x25	 x29:0x0c2ef000 x25:0x2fdcfb40 x24=0x00000001
     465545.000 ns	     46553	80009c8c	21d62953	fsgnjx.s	f18,f12,f29	 f12:0x7fc00000 f29:0x4e3f73ed f18=0x7fc00000
     465575.000 ns	     46556	80009c90	a1f60cd3	fle.s	x25,f12,f31	 f12:0x7fc00000 f31:0xff800000 x25=0x00000000
     465595.000 ns	     46558	80009c94	b367e293	ori	x5,x15,-1226	 x15:0x80040fe4  x5=0xfffffff6
     465615.000 ns	     46560	80009c98	028aaf33	mulhsu	x30,x21,x8	 x21:0x00000000  x8:0x00000001 x30=0x00000000
     465645.000 ns	     46563	80009c9c	20251353	fsgnjn.s	f6,f10,f2	 f10:0x7fc00000  f2:0x4eff8000  f6=0xffc00000
     465675.000 ns	     46566	80009ca0	f0028f53	fmv.w.x	f30,x5	  x5:0xfffffff6 f30=0xfffffff6
     465705.000 ns	     46569	80009ca4	28ed16d3	fmax.s	f13,f26,f14	 f26:0xffc00000 f14:0x7fc00000 f13=0x7fc00000
     465725.000 ns	     46571	80009ca8	4154d213	srai	x4,x9,0x15	  x9:0x00000000  x4=0x00000000
     465735.000 ns	     46572	80009cac	00000013	addi	x0,x0,0	  x0:0x00000000
     466095.000 ns	     46608	80009cb0	031dcbb3	div	x23,x27,x17	 x27:0x9a907055 x17:0x29345bfc x23=0xfffffffe
     466125.000 ns	     46611	80009cb4	20f7a653	fsgnjx.s	f12,f15,f15	 f15:0x00000001 f15:0x00000001 f12=0x00000001
     466155.000 ns	     46614	80009cb8	d00df253	fcvt.s.w	f4,x27	 x27:0x9a907055  f4=0xcecadf1f
     466175.000 ns	     46616	80009cbc	0109b733	sltu	x14,x19,x16	 x19:0x7fc00000 x16:0x00000193 x14=0x00000000
     466185.000 ns	     46617	80009cc0	22fe8213	addi	x4,x29,559	 x29:0x0c2ef000  x4=0x0c2ef22f
     466205.000 ns	     46619	80009cc4	a0438753	fle.s	x14,f7,f4	  f7:0x4f003ffc  f4:0xcecadf1f x14=0x00000000
     466225.000 ns	     46621	80009cc8	00b75933	srl	x18,x14,x11	 x14:0x00000000 x11:0xfffff8a8 x18=0x00000000
     466235.000 ns	     46622	80009ccc	018885b3	add	x11,x17,x24	 x17:0x29345bfc x24:0x00000001 x11=0x29345bfd
     466245.000 ns	     46623	80009cd0	01e0d393	srli	x7,x1,0x1e	  x1:0x00000000  x7=0x00000000
     466265.000 ns	     46625	80009cd4	2043a0d3	fsgnjx.s	f1,f7,f4	  f7:0x4f003ffc  f4:0xcecadf1f  f1=0xcf003ffc
     466295.000 ns	     46628	80009cd8	f00a00d3	fmv.w.x	f1,x20	 x20:0x80041024  f1=0x80041024
     466315.000 ns	     46630	80009cdc	40ff5533	sra	x10,x30,x15	 x30:0x00000000 x15:0x80040fe4 x10=0x00000000
     466325.000 ns	     46631	80009ce0	0c198313	addi	x6,x19,193	 x19:0x7fc00000  x6=0x7fc000c1
     466335.000 ns	     46632	80009ce4	8d97cd93	xori	x27,x15,-1831	 x15:0x80040fe4 x27=0x7ffbf73d
     466345.000 ns	     46633	80009ce8	f6acec13	ori	x24,x25,-150	 x25:0x00000000 x24=0xffffff6a
     466355.000 ns	     46634	80009cec	4d7dfc93	andi	x25,x27,1239	 x27:0x9a907055 x25=0x00000415
     466365.000 ns	     46635	80009cf0	010ad813	srli	x16,x21,0x10	 x21:0x00000000 x16=0x00000000
     466375.000 ns	     46636	80009cf4	84ce2513	slti	x10,x28,-1972	 x28:0x00000000 x10=0x00000000
     466385.000 ns	     46637	80009cf8	de4dea93	ori	x21,x27,-540	 x27:0x7ffbf73d x21=0xfffffffd
     466405.000 ns	     46639	80009cfc	e00a1453	fclass.s	x8,f20	 f20:0x00000000  x8=0x00000010
     466435.000 ns	     46642	80009d00	d00e1953	fcvt.s.w	f18,x28	 x28:0x00000000 f18=0x00000000
     466465.000 ns	     46645	80009d04	d015f7d3	fcvt.s.wu	f15,x11	 x11:0x29345bfd f15=0x4e24d16f
     466485.000 ns	     46647	80009d08	012f2d33	slt	x26,x30,x18	 x30:0x00000000 x18:0x00000000 x26=0x00000000
     466505.000 ns	     46649	80009d0c	d00fa153	fcvt.s.w	f2,x31	 x31:0xa4d16ff0  f2=0xceb65d21
     466525.000 ns	     46651	80009d10	00000013	addi	x0,x0,0	  x0:0x00000000
     466535.000 ns	     46652	80009d14	0157e9b3	or	x19,x15,x21	 x15:0x80040fe4 x21:0xfffffffd x19=0xfffffffd
     466895.000 ns	     46688	80009d18	02f15cb3	divu	x25,x2,x15	  x2:0x00000001 x15:0x80040fe4 x25=0x00000000
     466935.000 ns	     46692	80009d1c	11a49c53	fmul.s	f24,f9,f26	  f9:0x7fc00000 f26:0xffc00000 f24=0x7fc00000
     467305.000 ns	     46729	80009d20	02f743b3	div	x7,x14,x15	 x14:0x00000000 x15:0x80040fe4  x7=0x00000000
     467325.000 ns	     46731	80009d24	015e6f33	or	x30,x28,x21	 x28:0x00000000 x21:0xfffffffd x30=0xfffffffd
     467685.000 ns	     46767	80009d28	025ac033	div	x0,x21,x5	 x21:0xfffffffd  x5:0xfffffff6
     467715.000 ns	     46770	80009d2c	20ad0953	fsgnj.s	f18,f26,f10	 f26:0xffc00000 f10:0x7fc00000 f18=0x7fc00000
     467755.000 ns	     46774	80009d30	58057d53	fsqrt.s	f26,f10	 f10:0x7fc00000 f26=0x7fc00000
     467775.000 ns	     46776	80009d34	40f30533	sub	x10,x6,x15	  x6:0x7fc000c1 x15:0x80040fe4 x10=0xffbbf0dd
     467785.000 ns	     46777	80009d38	3fe92437	lui	x8,0x3fe92	  x8=0x3fe92000
     467805.000 ns	     46779	80009d3c	285d8f53	fmin.s	f30,f27,f5	 f27:0x7fc00000  f5:0x7fc00000 f30=0x7fc00000
     467825.000 ns	     46781	80009d40	004061b3	or	x3,x0,x4	  x0:0x00000000  x4:0x0c2ef22f  x3=0x0c2ef22f
     467845.000 ns	     46783	80009d44	21bd89d3	fsgnj.s	f19,f27,f27	 f27:0x7fc00000 f27:0x7fc00000 f19=0x7fc00000
     467865.000 ns	     46785	80009d48	7a5d6bb7	lui	x23,0x7a5d6	 x23=0x7a5d6000
     467875.000 ns	     46786	80009d4c	01d4d493	srli	x9,x9,0x1d	  x9:0x00000000  x9=0x00000000
     467885.000 ns	     46787	80009d50	01d8fb33	and	x22,x17,x29	 x17:0x29345bfc x29:0x0c2ef000 x22=0x08245000
     467905.000 ns	     46789	80009d54	a0e91053	flt.s	x0,f18,f14	 f18:0x7fc00000 f14:0x7fc00000
     467925.000 ns	     46791	80009d58	ea498a93	addi	x21,x19,-348	 x19:0xfffffffd x21=0xfffffea1
     467945.000 ns	     46793	80009d5c	02d73e33	mulhu	x28,x14,x13	 x14:0x00000000 x13:0x00000003 x28=0x00000000
     467975.000 ns	     46796	80009d60	034232b3	mulhu	x5,x4,x20	  x4:0x0c2ef22f x20:0x80041024  x5=0x0617aa97
     468005.000 ns	     46799	80009d64	c01b73d3	fcvt.wu.s	x7,f22	 f22:0x7fc00000  x7=0xffffffff
     468025.000 ns	     46801	80009d68	12dae813	ori	x16,x21,301	 x21:0xfffffea1 x16=0xffffffad
     468045.000 ns	     46803	80009d6c	f00b0dd3	fmv.w.x	f27,x22	 x22:0x08245000 f27=0x08245000
     468075.000 ns	     46806	80009d70	c00984d3	fcvt.w.s	x9,f19	 f19:0x7fc00000  x9=0x7fffffff
     468105.000 ns	     46809	80009d74	03942933	mulhsu	x18,x8,x25	  x8:0x3fe92000 x25:0x00000000 x18=0x00000000
     468125.000 ns	     46811	80009d78	016feb33	or	x22,x31,x22	 x31:0xa4d16ff0 x22:0x08245000 x22=0xacf57ff0
     468135.000 ns	     46812	80009d7c	00db5bb3	srl	x23,x22,x13	 x22:0x08245000 x13:0x00000003 x23=0x159eaffe
     468155.000 ns	     46814	80009d80	c01c7053	fcvt.wu.s	x0,f24	 f24:0x7fc00000
     468175.000 ns	     46816	80009d84	cfe9ac93	slti	x25,x19,-770	 x19:0xfffffffd x25=0x00000000
     468185.000 ns	     46817	80009d88	10e16a93	ori	x21,x2,270	  x2:0x00000001 x21=0x0000010f
     468195.000 ns	     46818	80009d8c	00f42f33	slt	x30,x8,x15	  x8:0x3fe92000 x15:0x80040fe4 x30=0x00000000
     468555.000 ns	     46854	80009d90	03084433	div	x8,x16,x16	 x16:0xffffffad x16:0xffffffad  x8=0x00000001
     468585.000 ns	     46857	80009d94	a0d21253	flt.s	x4,f4,f13	  f4:0xcecadf1f f13:0x7fc00000  x4=0x00000000
     468615.000 ns	     46860	80009d98	a09d02d3	fle.s	x5,f26,f9	 f26:0x7fc00000  f9:0x7fc00000  x5=0x00000000
     468645.000 ns	     46863	80009d9c	03a144b3	div	x9,x2,x26	  x2:0x00000001 x26:0x00000000  x9=0xffffffff
     468665.000 ns	     46865	80009da0	e59675b7	lui	x11,0xe5967	 x11=0xe5967000
     468675.000 ns	     46866	80009da4	01cdc433	xor	x8,x27,x28	 x27:0x7ffbf73d x28:0x00000000  x8=0x7ffbf73d
     468685.000 ns	     46867	80009da8	01a2d433	srl	x8,x5,x26	  x5:0x00000000 x26:0x00000000  x8=0x00000000
     468695.000 ns	     46868	80009dac	009b3833	sltu	x16,x22,x9	 x22:0xacf57ff0  x9:0xffffffff x16=0x00000001
     468715.000 ns	     46870	80009db0	023713b3	mulh	x7,x14,x3	 x14:0x00000000  x3:0x0c2ef22f  x7=0x00000000
     468745.000 ns	     46873	80009db4	f0010f53	fmv.w.x	f30,x2	  x2:0x00000001 f30=0x00000001
     468775.000 ns	     46876	80009db8	d00dc5d3	fcvt.s.w	f11,x27	 x27:0x7ffbf73d f11=0x4efff7ee
     468805.000 ns	     46879	80009dbc	03e509b3	mul	x19,x10,x30	 x10:0xffbbf0dd x30:0x00000000 x19=0x00000000
     468845.000 ns	     46883	80009dc0	11ee9353	fmul.s	f6,f29,f30	 f29:0x4e3f73ed f30:0x00000001  f6=0x03bf73ed
     468865.000 ns	     46885	80009dc4	2c62f213	andi	x4,x5,710	  x5:0x00000000  x4=0x00000000
     470035.000 ns	     47002	80009dc8	580377d3	fsqrt.s	f15,f6	  f6:0x03bf73ed f15=0x211c8b2f
     470055.000 ns	     47004	80009dcc	96528a93	addi	x21,x5,-1691	  x5:0x00000000 x21=0xfffff965
     470065.000 ns	     47005	80009dd0	41248cb3	sub	x25,x9,x18	  x9:0xffffffff x18:0x00000000 x25=0xffffffff
     470085.000 ns	     47007	80009dd4	f00f0ad3	fmv.w.x	f21,x30	 x30:0x00000000 f21=0x00000000
     470115.000 ns	     47010	80009dd8	032adeb3	divu	x29,x21,x18	 x21:0xfffff965 x18:0x00000000 x29=0xffffffff
     470145.000 ns	     47013	80009ddc	f00a0853	fmv.w.x	f16,x20	 x20:0x80041024 f16=0x80041024
     470165.000 ns	     47015	80009de0	019c7033	and	x0,x24,x25	 x24:0xffffff6a x25:0xffffffff
     470525.000 ns	     47051	80009de4	0222f933	remu	x18,x5,x2	  x5:0x00000000  x2:0x00000001 x18=0x00000000
     470555.000 ns	     47054	80009de8	027ddfb3	divu	x31,x27,x7	 x27:0x7ffbf73d  x7:0x00000000 x31=0xffffffff
     470585.000 ns	     47057	80009dec	03adadb3	mulhsu	x27,x27,x26	 x27:0x7ffbf73d x26:0x00000000 x27=0x00000000
     470605.000 ns	     47059	80009df0	00dc28b3	slt	x17,x24,x13	 x24:0xffffff6a x13:0x00000003 x17=0x00000001
     470615.000 ns	     47060	80009df4	01a17533	and	x10,x2,x26	  x2:0x00000001 x26:0x00000000 x10=0x00000000
     470625.000 ns	     47061	80009df8	416d5e93	srai	x29,x26,0x16	 x26:0x00000000 x29=0x00000000
     470645.000 ns	     47063	80009dfc	020379b3	remu	x19,x6,x0	  x6:0x7fc000c1  x0:0x00000000 x19=0x7fc000c1
     470665.000 ns	     47065	80009e00	00000013	addi	x0,x0,0	  x0:0x00000000
     470685.000 ns	     47067	80009e04	a1800153	fle.s	x2,f0,f24	  f0:0x80000000 f24:0x7fc00000  x2=0x00000000
     470735.000 ns	     47072	80009e08	014c7bd3	fadd.s	f23,f24,f20	 f24:0x7fc00000 f20:0x00000000 f23=0x7fc00000
     470765.000 ns	     47075	80009e0c	02474733	div	x14,x14,x4	 x14:0x00000000  x4:0x00000000 x14=0xffffffff
     470795.000 ns	     47078	80009e10	289d18d3	fmax.s	f17,f26,f9	 f26:0x7fc00000  f9:0x7fc00000 f17=0x7fc00000
     470815.000 ns	     47080	80009e14	2d4c1e17	auipc	x28,0x2d4c1	 x28=0xad4cae14
     470855.000 ns	     47084	80009e18	086bc353	fsub.s	f6,f23,f6	 f23:0x7fc00000  f6:0x03bf73ed  f6=0x7fc00000
     470875.000 ns	     47086	80009e1c	0151d4b3	srl	x9,x3,x21	  x3:0x0c2ef22f x21:0xfffff965  x9=0x00617791
     472045.000 ns	     47203	80009e20	5805fd53	fsqrt.s	f26,f11	 f11:0x4efff7ee f26=0x473501d1
     472065.000 ns	     47205	80009e24	40e48db3	sub	x27,x9,x14	  x9:0xffffffff x14:0xffffffff x27=0x00617792
     472085.000 ns	     47207	80009e28	e00691d3	fclass.s	x3,f13	 f13:0x7fc00000  x3=0x00000200
     472105.000 ns	     47209	80009e2c	92dc8313	addi	x6,x25,-1747	 x25:0xffffffff  x6=0xfffff92c
     472115.000 ns	     47210	80009e30	e3f3af13	slti	x30,x7,-449	  x7:0x00000000 x30=0x00000000
     472135.000 ns	     47212	80009e34	a02da953	feq.s	x18,f27,f2	 f27:0x08245000  f2:0xceb65d21 x18=0x00000000
     472175.000 ns	     47216	80009e38	1849b5d3	fdiv.s	f11,f19,f4	 f19:0x7fc00000  f4:0xcecadf1f f11=0x7fc00000
     472195.000 ns	     47218	80009e3c	000c9913	slli	x18,x25,0x0	 x25:0xffffffff x18=0xffffffff
     472205.000 ns	     47219	80009e40	dacae013	ori	x0,x21,-596	 x21:0xfffff965
     472215.000 ns	     47220	80009e44	bbd96313	ori	x6,x18,-1091	 x18:0x00000000  x6=0xffffffff
     472235.000 ns	     47222	80009e48	a0ed9dd3	flt.s	x27,f27,f14	 f27:0x08245000 f14:0x7fc00000 x27=0x00000000
     472255.000 ns	     47224	80009e4c	000531b3	sltu	x3,x10,x0	 x10:0x00000000  x0:0x00000000  x3=0x00000000
     472275.000 ns	     47226	80009e50	21a182d3	fsgnj.s	f5,f3,f26	  f3:0x3f800000 f26:0x473501d1  f5=0x3f800000
     472645.000 ns	     47263	80009e54	03ccdab3	divu	x21,x25,x28	 x25:0xffffffff x28:0xad4cae14 x21=0x00000001
     472675.000 ns	     47266	80009e58	a13f2b53	feq.s	x22,f30,f19	 f30:0x00000001 f19:0x7fc00000 x22=0x00000000
     472695.000 ns	     47268	80009e5c	01c7dc13	srli	x24,x15,0x1c	 x15:0x80040fe4 x24=0x00000008
     472715.000 ns	     47270	80009e60	208299d3	fsgnjn.s	f19,f5,f8	  f5:0x3f800000  f8:0x4e3f73ed f19=0xbf800000
     472745.000 ns	     47273	80009e64	d006b7d3	fcvt.s.w	f15,x13	 x13:0x00000003 f15=0x40400000
     472775.000 ns	     47276	80009e68	29250d53	fmin.s	f26,f10,f18	 f10:0x7fc00000 f18:0x7fc00000 f26=0x7fc00000
     473145.000 ns	     47313	80009e6c	02d76eb3	rem	x29,x14,x13	 x14:0xffffffff x13:0x00000003 x29=0xffffffff
     473165.000 ns	     47315	80009e70	01308f33	add	x30,x1,x19	  x1:0x00000000 x19:0x7fc000c1 x30=0x7fc000c1
     473175.000 ns	     47316	80009e74	407981b3	sub	x3,x19,x7	 x19:0x7fc000c1  x7:0x00000000  x3=0x7fc000c1
     473185.000 ns	     47317	80009e78	00662fb3	slt	x31,x12,x6	 x12:0x00000000  x6:0xffffffff x31=0x00000000
     473195.000 ns	     47318	80009e7c	003cb8b3	sltu	x17,x25,x3	 x25:0xffffffff  x3:0x00000000 x17=0x00000000
     473215.000 ns	     47320	80009e80	294506d3	fmin.s	f13,f10,f20	 f10:0x7fc00000 f20:0x00000000 f13=0x00000000
     473235.000 ns	     47322	80009e84	01cd9c13	slli	x24,x27,0x1c	 x27:0x00000000 x24=0x00000000
     473255.000 ns	     47324	80009e88	d003f053	fcvt.s.w	f0,x7	  x7:0x00000000  f0=0x00000000
     473275.000 ns	     47326	80009e8c	41bd0eb3	sub	x29,x26,x27	 x26:0x00000000 x27:0x00000000 x29=0x00000000
     473285.000 ns	     47327	80009e90	00db4633	xor	x12,x22,x13	 x22:0x00000000 x13:0x00000003 x12=0x00000003
     473295.000 ns	     47328	80009e94	012fe8b3	or	x17,x31,x18	 x31:0x00000000 x18:0xffffffff x17=0xffffffff
     473305.000 ns	     47329	80009e98	00571b33	sll	x22,x14,x5	 x14:0xffffffff  x5:0x00000000 x22=0xffffffff
     473315.000 ns	     47330	80009e9c	00000697	auipc	x13,0x0	 x13=0x80009e9c
     473325.000 ns	     47331	80009ea0	00c68693	addi	x13,x13,12	 x13:0x00000003 x13=0x80009ea8
     473335.000 ns	     47332	80009ea4	00068067	jalr	x0,x13,0	 x13:0x00000003
     473385.000 ns	     47337	80009ea8	00100193	addi	x3,x0,1	  x0:0x00000000  x3=0x00000001
     473395.000 ns	     47338	80009eac	00000073	ecall	
     473405.000 ns	     47339	80009eb0	00036f17	auipc	x30,0x36	 x30=0x8003feb0
     473415.000 ns	     47340	80009eb4	143f2823	sw	x3,336(x30)	 x30:0x7fc000c1  x3:0x00000001 PA:0xxxxxxxxx
     473435.000 ns	     47342	80009eb8	ff9ff06f	jal	x0,80009eb4	
     473485.000 ns	     47347	80009eb0	00036f17	auipc	x30,0x36	 x30=0x8003feb0
     473495.000 ns	     47348	80009eb4	143f2823	sw	x3,336(x30)	 x30:0x8003feb0  x3:0x00000001 PA:0xxxxxxxxx
     473515.000 ns	     47350	80009eb8	ff9ff06f	jal	x0,80009eb4	
     473565.000 ns	     47355	80009eb0	00036f17	auipc	x30,0x36	 x30=0x8003feb0
     473575.000 ns	     47356	80009eb4	143f2823	sw	x3,336(x30)	 x30:0x8003feb0  x3:0x00000001 PA:0xxxxxxxxx
     473595.000 ns	     47358	80009eb8	ff9ff06f	jal	x0,80009eb4	
     473645.000 ns	     47363	80009eb0	00036f17	auipc	x30,0x36	 x30=0x8003feb0
     473655.000 ns	     47364	80009eb4	143f2823	sw	x3,336(x30)	 x30:0x8003feb0  x3:0x00000001 PA:0xxxxxxxxx
     473675.000 ns	     47366	80009eb8	ff9ff06f	jal	x0,80009eb4	
     473725.000 ns	     47371	80009eb0	00036f17	auipc	x30,0x36	 x30=0x8003feb0
     473735.000 ns	     47372	80009eb4	143f2823	sw	x3,336(x30)	 x30:0x8003feb0  x3:0x00000001 PA:0xxxxxxxxx
     473755.000 ns	     47374	80009eb8	ff9ff06f	jal	x0,80009eb4	
     473805.000 ns	     47379	80009eb0	00036f17	auipc	x30,0x36	 x30=0x8003feb0
     473815.000 ns	     47380	80009eb4	143f2823	sw	x3,336(x30)	 x30:0x8003feb0  x3:0x00000001 PA:0xxxxxxxxx
     473835.000 ns	     47382	80009eb8	ff9ff06f	jal	x0,80009eb4	
     473885.000 ns	     47387	80009eb0	00036f17	auipc	x30,0x36	 x30=0x8003feb0
     473895.000 ns	     47388	80009eb4	143f2823	sw	x3,336(x30)	 x30:0x8003feb0  x3:0x00000001 PA:0xxxxxxxxx
     473915.000 ns	     47390	80009eb8	ff9ff06f	jal	x0,80009eb4	
     473965.000 ns	     47395	80009eb0	00036f17	auipc	x30,0x36	 x30=0x8003feb0
     473975.000 ns	     47396	80009eb4	143f2823	sw	x3,336(x30)	 x30:0x8003feb0  x3:0x00000001 PA:0xxxxxxxxx
     473995.000 ns	     47398	80009eb8	ff9ff06f	jal	x0,80009eb4	
     474045.000 ns	     47403	80009eb0	00036f17	auipc	x30,0x36	 x30=0x8003feb0
     474055.000 ns	     47404	80009eb4	143f2823	sw	x3,336(x30)	 x30:0x8003feb0  x3:0x00000001 PA:0xxxxxxxxx
     474075.000 ns	     47406	80009eb8	ff9ff06f	jal	x0,80009eb4	
     474125.000 ns	     47411	80009eb0	00036f17	auipc	x30,0x36	 x30=0x8003feb0
     474135.000 ns	     47412	80009eb4	143f2823	sw	x3,336(x30)	 x30:0x8003feb0  x3:0x00000001 PA:0xxxxxxxxx
     474155.000 ns	     47414	80009eb8	ff9ff06f	jal	x0,80009eb4	
     474205.000 ns	     47419	80009eb0	00036f17	auipc	x30,0x36	 x30=0x8003feb0
     474215.000 ns	     47420	80009eb4	143f2823	sw	x3,336(x30)	 x30:0x8003feb0  x3:0x00000001 PA:0xxxxxxxxx
     474235.000 ns	     47422	80009eb8	ff9ff06f	jal	x0,80009eb4	
     474285.000 ns	     47427	80009eb0	00036f17	auipc	x30,0x36	 x30=0x8003feb0
     474295.000 ns	     47428	80009eb4	143f2823	sw	x3,336(x30)	 x30:0x8003feb0  x3:0x00000001 PA:0xxxxxxxxx
     474315.000 ns	     47430	80009eb8	ff9ff06f	jal	x0,80009eb4	
     474365.000 ns	     47435	80009eb0	00036f17	auipc	x30,0x36	 x30=0x8003feb0
     474375.000 ns	     47436	80009eb4	143f2823	sw	x3,336(x30)	 x30:0x8003feb0  x3:0x00000001 PA:0xxxxxxxxx
     474395.000 ns	     47438	80009eb8	ff9ff06f	jal	x0,80009eb4	
     474445.000 ns	     47443	80009eb0	00036f17	auipc	x30,0x36	 x30=0x8003feb0
     474455.000 ns	     47444	80009eb4	143f2823	sw	x3,336(x30)	 x30:0x8003feb0  x3:0x00000001 PA:0xxxxxxxxx
     474475.000 ns	     47446	80009eb8	ff9ff06f	jal	x0,80009eb4	
     474525.000 ns	     47451	80009eb0	00036f17	auipc	x30,0x36	 x30=0x8003feb0
     474535.000 ns	     47452	80009eb4	143f2823	sw	x3,336(x30)	 x30:0x8003feb0  x3:0x00000001 PA:0xxxxxxxxx
     474555.000 ns	     47454	80009eb8	ff9ff06f	jal	x0,80009eb4	
     474605.000 ns	     47459	80009eb0	00036f17	auipc	x30,0x36	 x30=0x8003feb0
     474615.000 ns	     47460	80009eb4	143f2823	sw	x3,336(x30)	 x30:0x8003feb0  x3:0x00000001 PA:0xxxxxxxxx
     474635.000 ns	     47462	80009eb8	ff9ff06f	jal	x0,80009eb4	
     474685.000 ns	     47467	80009eb0	00036f17	auipc	x30,0x36	 x30=0x8003feb0
     474695.000 ns	     47468	80009eb4	143f2823	sw	x3,336(x30)	 x30:0x8003feb0  x3:0x00000001 PA:0xxxxxxxxx
     474715.000 ns	     47470	80009eb8	ff9ff06f	jal	x0,80009eb4	
     474765.000 ns	     47475	80009eb0	00036f17	auipc	x30,0x36	 x30=0x8003feb0
     474775.000 ns	     47476	80009eb4	143f2823	sw	x3,336(x30)	 x30:0x8003feb0  x3:0x00000001 PA:0xxxxxxxxx
     474795.000 ns	     47478	80009eb8	ff9ff06f	jal	x0,80009eb4	
     474845.000 ns	     47483	80009eb0	00036f17	auipc	x30,0x36	 x30=0x8003feb0
     474855.000 ns	     47484	80009eb4	143f2823	sw	x3,336(x30)	 x30:0x8003feb0  x3:0x00000001 PA:0xxxxxxxxx
     474875.000 ns	     47486	80009eb8	ff9ff06f	jal	x0,80009eb4	
     474925.000 ns	     47491	80009eb0	00036f17	auipc	x30,0x36	 x30=0x8003feb0
     474935.000 ns	     47492	80009eb4	143f2823	sw	x3,336(x30)	 x30:0x8003feb0  x3:0x00000001 PA:0xxxxxxxxx
     474955.000 ns	     47494	80009eb8	ff9ff06f	jal	x0,80009eb4	
     475005.000 ns	     47499	80009eb0	00036f17	auipc	x30,0x36	 x30=0x8003feb0
     475015.000 ns	     47500	80009eb4	143f2823	sw	x3,336(x30)	 x30:0x8003feb0  x3:0x00000001 PA:0xxxxxxxxx
     475035.000 ns	     47502	80009eb8	ff9ff06f	jal	x0,80009eb4	
     475085.000 ns	     47507	80009eb0	00036f17	auipc	x30,0x36	 x30=0x8003feb0
     475095.000 ns	     47508	80009eb4	143f2823	sw	x3,336(x30)	 x30:0x8003feb0  x3:0x00000001 PA:0xxxxxxxxx
     475115.000 ns	     47510	80009eb8	ff9ff06f	jal	x0,80009eb4	
     475165.000 ns	     47515	80009eb0	00036f17	auipc	x30,0x36	 x30=0x8003feb0
     475175.000 ns	     47516	80009eb4	143f2823	sw	x3,336(x30)	 x30:0x8003feb0  x3:0x00000001 PA:0xxxxxxxxx
     475195.000 ns	     47518	80009eb8	ff9ff06f	jal	x0,80009eb4	
     475245.000 ns	     47523	80009eb0	00036f17	auipc	x30,0x36	 x30=0x8003feb0
     475255.000 ns	     47524	80009eb4	143f2823	sw	x3,336(x30)	 x30:0x8003feb0  x3:0x00000001 PA:0xxxxxxxxx
     475275.000 ns	     47526	80009eb8	ff9ff06f	jal	x0,80009eb4	
     475325.000 ns	     47531	80009eb0	00036f17	auipc	x30,0x36	 x30=0x8003feb0
     475335.000 ns	     47532	80009eb4	143f2823	sw	x3,336(x30)	 x30:0x8003feb0  x3:0x00000001 PA:0xxxxxxxxx
     475355.000 ns	     47534	80009eb8	ff9ff06f	jal	x0,80009eb4	
     475405.000 ns	     47539	80009eb0	00036f17	auipc	x30,0x36	 x30=0x8003feb0
     475415.000 ns	     47540	80009eb4	143f2823	sw	x3,336(x30)	 x30:0x8003feb0  x3:0x00000001 PA:0xxxxxxxxx
     475435.000 ns	     47542	80009eb8	ff9ff06f	jal	x0,80009eb4	
     475485.000 ns	     47547	80009eb0	00036f17	auipc	x30,0x36	 x30=0x8003feb0
     475495.000 ns	     47548	80009eb4	143f2823	sw	x3,336(x30)	 x30:0x8003feb0  x3:0x00000001 PA:0xxxxxxxxx
     475515.000 ns	     47550	80009eb8	ff9ff06f	jal	x0,80009eb4	
     475565.000 ns	     47555	80009eb0	00036f17	auipc	x30,0x36	 x30=0x8003feb0
     475575.000 ns	     47556	80009eb4	143f2823	sw	x3,336(x30)	 x30:0x8003feb0  x3:0x00000001 PA:0xxxxxxxxx
     475595.000 ns	     47558	80009eb8	ff9ff06f	jal	x0,80009eb4	
     475645.000 ns	     47563	80009eb0	00036f17	auipc	x30,0x36	 x30=0x8003feb0
     475655.000 ns	     47564	80009eb4	143f2823	sw	x3,336(x30)	 x30:0x8003feb0  x3:0x00000001 PA:0xxxxxxxxx
     475675.000 ns	     47566	80009eb8	ff9ff06f	jal	x0,80009eb4	
     475725.000 ns	     47571	80009eb0	00036f17	auipc	x30,0x36	 x30=0x8003feb0
     475735.000 ns	     47572	80009eb4	143f2823	sw	x3,336(x30)	 x30:0x8003feb0  x3:0x00000001 PA:0xxxxxxxxx
     475755.000 ns	     47574	80009eb8	ff9ff06f	jal	x0,80009eb4	
     475805.000 ns	     47579	80009eb0	00036f17	auipc	x30,0x36	 x30=0x8003feb0
     475815.000 ns	     47580	80009eb4	143f2823	sw	x3,336(x30)	 x30:0x8003feb0  x3:0x00000001 PA:0xxxxxxxxx
     475835.000 ns	     47582	80009eb8	ff9ff06f	jal	x0,80009eb4	
     475885.000 ns	     47587	80009eb0	00036f17	auipc	x30,0x36	 x30=0x8003feb0
     475895.000 ns	     47588	80009eb4	143f2823	sw	x3,336(x30)	 x30:0x8003feb0  x3:0x00000001 PA:0xxxxxxxxx
     475915.000 ns	     47590	80009eb8	ff9ff06f	jal	x0,80009eb4	
     475965.000 ns	     47595	80009eb0	00036f17	auipc	x30,0x36	 x30=0x8003feb0
     475975.000 ns	     47596	80009eb4	143f2823	sw	x3,336(x30)	 x30:0x8003feb0  x3:0x00000001 PA:0xxxxxxxxx
     475995.000 ns	     47598	80009eb8	ff9ff06f	jal	x0,80009eb4	
     476045.000 ns	     47603	80009eb0	00036f17	auipc	x30,0x36	 x30=0x8003feb0
     476055.000 ns	     47604	80009eb4	143f2823	sw	x3,336(x30)	 x30:0x8003feb0  x3:0x00000001 PA:0xxxxxxxxx
     476075.000 ns	     47606	80009eb8	ff9ff06f	jal	x0,80009eb4	
     476125.000 ns	     47611	80009eb0	00036f17	auipc	x30,0x36	 x30=0x8003feb0
     476135.000 ns	     47612	80009eb4	143f2823	sw	x3,336(x30)	 x30:0x8003feb0  x3:0x00000001 PA:0xxxxxxxxx
     476155.000 ns	     47614	80009eb8	ff9ff06f	jal	x0,80009eb4	
     476205.000 ns	     47619	80009eb0	00036f17	auipc	x30,0x36	 x30=0x8003feb0
     476215.000 ns	     47620	80009eb4	143f2823	sw	x3,336(x30)	 x30:0x8003feb0  x3:0x00000001 PA:0xxxxxxxxx
     476235.000 ns	     47622	80009eb8	ff9ff06f	jal	x0,80009eb4	
     476285.000 ns	     47627	80009eb0	00036f17	auipc	x30,0x36	 x30=0x8003feb0
     476295.000 ns	     47628	80009eb4	143f2823	sw	x3,336(x30)	 x30:0x8003feb0  x3:0x00000001 PA:0xxxxxxxxx
     476315.000 ns	     47630	80009eb8	ff9ff06f	jal	x0,80009eb4	
     476365.000 ns	     47635	80009eb0	00036f17	auipc	x30,0x36	 x30=0x8003feb0
     476375.000 ns	     47636	80009eb4	143f2823	sw	x3,336(x30)	 x30:0x8003feb0  x3:0x00000001 PA:0xxxxxxxxx
     476395.000 ns	     47638	80009eb8	ff9ff06f	jal	x0,80009eb4	
     476445.000 ns	     47643	80009eb0	00036f17	auipc	x30,0x36	 x30=0x8003feb0
     476455.000 ns	     47644	80009eb4	143f2823	sw	x3,336(x30)	 x30:0x8003feb0  x3:0x00000001 PA:0xxxxxxxxx
     476475.000 ns	     47646	80009eb8	ff9ff06f	jal	x0,80009eb4	
     476525.000 ns	     47651	80009eb0	00036f17	auipc	x30,0x36	 x30=0x8003feb0
     476535.000 ns	     47652	80009eb4	143f2823	sw	x3,336(x30)	 x30:0x8003feb0  x3:0x00000001 PA:0xxxxxxxxx
     476555.000 ns	     47654	80009eb8	ff9ff06f	jal	x0,80009eb4	
     476605.000 ns	     47659	80009eb0	00036f17	auipc	x30,0x36	 x30=0x8003feb0
     476615.000 ns	     47660	80009eb4	143f2823	sw	x3,336(x30)	 x30:0x8003feb0  x3:0x00000001 PA:0xxxxxxxxx
     476635.000 ns	     47662	80009eb8	ff9ff06f	jal	x0,80009eb4	
     476685.000 ns	     47667	80009eb0	00036f17	auipc	x30,0x36	 x30=0x8003feb0
     476695.000 ns	     47668	80009eb4	143f2823	sw	x3,336(x30)	 x30:0x8003feb0  x3:0x00000001 PA:0xxxxxxxxx
     476715.000 ns	     47670	80009eb8	ff9ff06f	jal	x0,80009eb4	
     476765.000 ns	     47675	80009eb0	00036f17	auipc	x30,0x36	 x30=0x8003feb0
     476775.000 ns	     47676	80009eb4	143f2823	sw	x3,336(x30)	 x30:0x8003feb0  x3:0x00000001 PA:0xxxxxxxxx
     476795.000 ns	     47678	80009eb8	ff9ff06f	jal	x0,80009eb4	
     476845.000 ns	     47683	80009eb0	00036f17	auipc	x30,0x36	 x30=0x8003feb0
     476855.000 ns	     47684	80009eb4	143f2823	sw	x3,336(x30)	 x30:0x8003feb0  x3:0x00000001 PA:0xxxxxxxxx
     476875.000 ns	     47686	80009eb8	ff9ff06f	jal	x0,80009eb4	
     476925.000 ns	     47691	80009eb0	00036f17	auipc	x30,0x36	 x30=0x8003feb0
     476935.000 ns	     47692	80009eb4	143f2823	sw	x3,336(x30)	 x30:0x8003feb0  x3:0x00000001 PA:0xxxxxxxxx
     476955.000 ns	     47694	80009eb8	ff9ff06f	jal	x0,80009eb4	
     477005.000 ns	     47699	80009eb0	00036f17	auipc	x30,0x36	 x30=0x8003feb0
     477015.000 ns	     47700	80009eb4	143f2823	sw	x3,336(x30)	 x30:0x8003feb0  x3:0x00000001 PA:0xxxxxxxxx
     477035.000 ns	     47702	80009eb8	ff9ff06f	jal	x0,80009eb4	
     477085.000 ns	     47707	80009eb0	00036f17	auipc	x30,0x36	 x30=0x8003feb0
     477095.000 ns	     47708	80009eb4	143f2823	sw	x3,336(x30)	 x30:0x8003feb0  x3:0x00000001 PA:0xxxxxxxxx
     477115.000 ns	     47710	80009eb8	ff9ff06f	jal	x0,80009eb4	
     477165.000 ns	     47715	80009eb0	00036f17	auipc	x30,0x36	 x30=0x8003feb0
     477175.000 ns	     47716	80009eb4	143f2823	sw	x3,336(x30)	 x30:0x8003feb0  x3:0x00000001 PA:0xxxxxxxxx
     477195.000 ns	     47718	80009eb8	ff9ff06f	jal	x0,80009eb4	
     477245.000 ns	     47723	80009eb0	00036f17	auipc	x30,0x36	 x30=0x8003feb0
     477255.000 ns	     47724	80009eb4	143f2823	sw	x3,336(x30)	 x30:0x8003feb0  x3:0x00000001 PA:0xxxxxxxxx
     477275.000 ns	     47726	80009eb8	ff9ff06f	jal	x0,80009eb4	
     477325.000 ns	     47731	80009eb0	00036f17	auipc	x30,0x36	 x30=0x8003feb0
     477335.000 ns	     47732	80009eb4	143f2823	sw	x3,336(x30)	 x30:0x8003feb0  x3:0x00000001 PA:0xxxxxxxxx
     477355.000 ns	     47734	80009eb8	ff9ff06f	jal	x0,80009eb4	
     477405.000 ns	     47739	80009eb0	00036f17	auipc	x30,0x36	 x30=0x8003feb0
     477415.000 ns	     47740	80009eb4	143f2823	sw	x3,336(x30)	 x30:0x8003feb0  x3:0x00000001 PA:0xxxxxxxxx
     477435.000 ns	     47742	80009eb8	ff9ff06f	jal	x0,80009eb4	
     477485.000 ns	     47747	80009eb0	00036f17	auipc	x30,0x36	 x30=0x8003feb0
     477495.000 ns	     47748	80009eb4	143f2823	sw	x3,336(x30)	 x30:0x8003feb0  x3:0x00000001 PA:0xxxxxxxxx
     477515.000 ns	     47750	80009eb8	ff9ff06f	jal	x0,80009eb4	
     477565.000 ns	     47755	80009eb0	00036f17	auipc	x30,0x36	 x30=0x8003feb0
     477575.000 ns	     47756	80009eb4	143f2823	sw	x3,336(x30)	 x30:0x8003feb0  x3:0x00000001 PA:0xxxxxxxxx
     477595.000 ns	     47758	80009eb8	ff9ff06f	jal	x0,80009eb4	
     477645.000 ns	     47763	80009eb0	00036f17	auipc	x30,0x36	 x30=0x8003feb0
     477655.000 ns	     47764	80009eb4	143f2823	sw	x3,336(x30)	 x30:0x8003feb0  x3:0x00000001 PA:0xxxxxxxxx
     477675.000 ns	     47766	80009eb8	ff9ff06f	jal	x0,80009eb4	
     477725.000 ns	     47771	80009eb0	00036f17	auipc	x30,0x36	 x30=0x8003feb0
     477735.000 ns	     47772	80009eb4	143f2823	sw	x3,336(x30)	 x30:0x8003feb0  x3:0x00000001 PA:0xxxxxxxxx
     477755.000 ns	     47774	80009eb8	ff9ff06f	jal	x0,80009eb4	
     477805.000 ns	     47779	80009eb0	00036f17	auipc	x30,0x36	 x30=0x8003feb0
     477815.000 ns	     47780	80009eb4	143f2823	sw	x3,336(x30)	 x30:0x8003feb0  x3:0x00000001 PA:0xxxxxxxxx
     477835.000 ns	     47782	80009eb8	ff9ff06f	jal	x0,80009eb4	
     477885.000 ns	     47787	80009eb0	00036f17	auipc	x30,0x36	 x30=0x8003feb0
     477895.000 ns	     47788	80009eb4	143f2823	sw	x3,336(x30)	 x30:0x8003feb0  x3:0x00000001 PA:0xxxxxxxxx
     477915.000 ns	     47790	80009eb8	ff9ff06f	jal	x0,80009eb4	
     477965.000 ns	     47795	80009eb0	00036f17	auipc	x30,0x36	 x30=0x8003feb0
     477975.000 ns	     47796	80009eb4	143f2823	sw	x3,336(x30)	 x30:0x8003feb0  x3:0x00000001 PA:0xxxxxxxxx
     477995.000 ns	     47798	80009eb8	ff9ff06f	jal	x0,80009eb4	
     478045.000 ns	     47803	80009eb0	00036f17	auipc	x30,0x36	 x30=0x8003feb0
     478055.000 ns	     47804	80009eb4	143f2823	sw	x3,336(x30)	 x30:0x8003feb0  x3:0x00000001 PA:0xxxxxxxxx
     478075.000 ns	     47806	80009eb8	ff9ff06f	jal	x0,80009eb4	
     478125.000 ns	     47811	80009eb0	00036f17	auipc	x30,0x36	 x30=0x8003feb0
     478135.000 ns	     47812	80009eb4	143f2823	sw	x3,336(x30)	 x30:0x8003feb0  x3:0x00000001 PA:0xxxxxxxxx
     478155.000 ns	     47814	80009eb8	ff9ff06f	jal	x0,80009eb4	
     478205.000 ns	     47819	80009eb0	00036f17	auipc	x30,0x36	 x30=0x8003feb0
     478215.000 ns	     47820	80009eb4	143f2823	sw	x3,336(x30)	 x30:0x8003feb0  x3:0x00000001 PA:0xxxxxxxxx
     478235.000 ns	     47822	80009eb8	ff9ff06f	jal	x0,80009eb4	
     478285.000 ns	     47827	80009eb0	00036f17	auipc	x30,0x36	 x30=0x8003feb0
     478295.000 ns	     47828	80009eb4	143f2823	sw	x3,336(x30)	 x30:0x8003feb0  x3:0x00000001 PA:0xxxxxxxxx
     478315.000 ns	     47830	80009eb8	ff9ff06f	jal	x0,80009eb4	
     478365.000 ns	     47835	80009eb0	00036f17	auipc	x30,0x36	 x30=0x8003feb0
     478375.000 ns	     47836	80009eb4	143f2823	sw	x3,336(x30)	 x30:0x8003feb0  x3:0x00000001 PA:0xxxxxxxxx
     478395.000 ns	     47838	80009eb8	ff9ff06f	jal	x0,80009eb4	
     478445.000 ns	     47843	80009eb0	00036f17	auipc	x30,0x36	 x30=0x8003feb0
     478455.000 ns	     47844	80009eb4	143f2823	sw	x3,336(x30)	 x30:0x8003feb0  x3:0x00000001 PA:0xxxxxxxxx
     478475.000 ns	     47846	80009eb8	ff9ff06f	jal	x0,80009eb4	
     478525.000 ns	     47851	80009eb0	00036f17	auipc	x30,0x36	 x30=0x8003feb0
     478535.000 ns	     47852	80009eb4	143f2823	sw	x3,336(x30)	 x30:0x8003feb0  x3:0x00000001 PA:0xxxxxxxxx
     478555.000 ns	     47854	80009eb8	ff9ff06f	jal	x0,80009eb4	
     478605.000 ns	     47859	80009eb0	00036f17	auipc	x30,0x36	 x30=0x8003feb0
     478615.000 ns	     47860	80009eb4	143f2823	sw	x3,336(x30)	 x30:0x8003feb0  x3:0x00000001 PA:0xxxxxxxxx
     478635.000 ns	     47862	80009eb8	ff9ff06f	jal	x0,80009eb4	
     478685.000 ns	     47867	80009eb0	00036f17	auipc	x30,0x36	 x30=0x8003feb0
     478695.000 ns	     47868	80009eb4	143f2823	sw	x3,336(x30)	 x30:0x8003feb0  x3:0x00000001 PA:0xxxxxxxxx
     478715.000 ns	     47870	80009eb8	ff9ff06f	jal	x0,80009eb4	
     478765.000 ns	     47875	80009eb0	00036f17	auipc	x30,0x36	 x30=0x8003feb0
     478775.000 ns	     47876	80009eb4	143f2823	sw	x3,336(x30)	 x30:0x8003feb0  x3:0x00000001 PA:0xxxxxxxxx
     478795.000 ns	     47878	80009eb8	ff9ff06f	jal	x0,80009eb4	
     478845.000 ns	     47883	80009eb0	00036f17	auipc	x30,0x36	 x30=0x8003feb0
     478855.000 ns	     47884	80009eb4	143f2823	sw	x3,336(x30)	 x30:0x8003feb0  x3:0x00000001 PA:0xxxxxxxxx
     478875.000 ns	     47886	80009eb8	ff9ff06f	jal	x0,80009eb4	
     478925.000 ns	     47891	80009eb0	00036f17	auipc	x30,0x36	 x30=0x8003feb0
     478935.000 ns	     47892	80009eb4	143f2823	sw	x3,336(x30)	 x30:0x8003feb0  x3:0x00000001 PA:0xxxxxxxxx
     478955.000 ns	     47894	80009eb8	ff9ff06f	jal	x0,80009eb4	
     479005.000 ns	     47899	80009eb0	00036f17	auipc	x30,0x36	 x30=0x8003feb0
     479015.000 ns	     47900	80009eb4	143f2823	sw	x3,336(x30)	 x30:0x8003feb0  x3:0x00000001 PA:0xxxxxxxxx
     479035.000 ns	     47902	80009eb8	ff9ff06f	jal	x0,80009eb4	
     479085.000 ns	     47907	80009eb0	00036f17	auipc	x30,0x36	 x30=0x8003feb0
     479095.000 ns	     47908	80009eb4	143f2823	sw	x3,336(x30)	 x30:0x8003feb0  x3:0x00000001 PA:0xxxxxxxxx
     479115.000 ns	     47910	80009eb8	ff9ff06f	jal	x0,80009eb4	
     479165.000 ns	     47915	80009eb0	00036f17	auipc	x30,0x36	 x30=0x8003feb0
     479175.000 ns	     47916	80009eb4	143f2823	sw	x3,336(x30)	 x30:0x8003feb0  x3:0x00000001 PA:0xxxxxxxxx
     479195.000 ns	     47918	80009eb8	ff9ff06f	jal	x0,80009eb4	
     479245.000 ns	     47923	80009eb0	00036f17	auipc	x30,0x36	 x30=0x8003feb0
     479255.000 ns	     47924	80009eb4	143f2823	sw	x3,336(x30)	 x30:0x8003feb0  x3:0x00000001 PA:0xxxxxxxxx
     479275.000 ns	     47926	80009eb8	ff9ff06f	jal	x0,80009eb4	
     479325.000 ns	     47931	80009eb0	00036f17	auipc	x30,0x36	 x30=0x8003feb0
     479335.000 ns	     47932	80009eb4	143f2823	sw	x3,336(x30)	 x30:0x8003feb0  x3:0x00000001 PA:0xxxxxxxxx
     479355.000 ns	     47934	80009eb8	ff9ff06f	jal	x0,80009eb4	
     479405.000 ns	     47939	80009eb0	00036f17	auipc	x30,0x36	 x30=0x8003feb0
     479415.000 ns	     47940	80009eb4	143f2823	sw	x3,336(x30)	 x30:0x8003feb0  x3:0x00000001 PA:0xxxxxxxxx
     479435.000 ns	     47942	80009eb8	ff9ff06f	jal	x0,80009eb4	
     479485.000 ns	     47947	80009eb0	00036f17	auipc	x30,0x36	 x30=0x8003feb0
     479495.000 ns	     47948	80009eb4	143f2823	sw	x3,336(x30)	 x30:0x8003feb0  x3:0x00000001 PA:0xxxxxxxxx
     479515.000 ns	     47950	80009eb8	ff9ff06f	jal	x0,80009eb4	
     479565.000 ns	     47955	80009eb0	00036f17	auipc	x30,0x36	 x30=0x8003feb0
     479575.000 ns	     47956	80009eb4	143f2823	sw	x3,336(x30)	 x30:0x8003feb0  x3:0x00000001 PA:0xxxxxxxxx
     479595.000 ns	     47958	80009eb8	ff9ff06f	jal	x0,80009eb4	
     479645.000 ns	     47963	80009eb0	00036f17	auipc	x30,0x36	 x30=0x8003feb0
     479655.000 ns	     47964	80009eb4	143f2823	sw	x3,336(x30)	 x30:0x8003feb0  x3:0x00000001 PA:0xxxxxxxxx
     479675.000 ns	     47966	80009eb8	ff9ff06f	jal	x0,80009eb4	
     479725.000 ns	     47971	80009eb0	00036f17	auipc	x30,0x36	 x30=0x8003feb0
     479735.000 ns	     47972	80009eb4	143f2823	sw	x3,336(x30)	 x30:0x8003feb0  x3:0x00000001 PA:0xxxxxxxxx
     479755.000 ns	     47974	80009eb8	ff9ff06f	jal	x0,80009eb4	
     479805.000 ns	     47979	80009eb0	00036f17	auipc	x30,0x36	 x30=0x8003feb0
     479815.000 ns	     47980	80009eb4	143f2823	sw	x3,336(x30)	 x30:0x8003feb0  x3:0x00000001 PA:0xxxxxxxxx
     479835.000 ns	     47982	80009eb8	ff9ff06f	jal	x0,80009eb4	
     479885.000 ns	     47987	80009eb0	00036f17	auipc	x30,0x36	 x30=0x8003feb0
     479895.000 ns	     47988	80009eb4	143f2823	sw	x3,336(x30)	 x30:0x8003feb0  x3:0x00000001 PA:0xxxxxxxxx
     479915.000 ns	     47990	80009eb8	ff9ff06f	jal	x0,80009eb4	
     479965.000 ns	     47995	80009eb0	00036f17	auipc	x30,0x36	 x30=0x8003feb0
     479975.000 ns	     47996	80009eb4	143f2823	sw	x3,336(x30)	 x30:0x8003feb0  x3:0x00000001 PA:0xxxxxxxxx
     479995.000 ns	     47998	80009eb8	ff9ff06f	jal	x0,80009eb4	
     480045.000 ns	     48003	80009eb0	00036f17	auipc	x30,0x36	 x30=0x8003feb0
     480055.000 ns	     48004	80009eb4	143f2823	sw	x3,336(x30)	 x30:0x8003feb0  x3:0x00000001 PA:0xxxxxxxxx
     480075.000 ns	     48006	80009eb8	ff9ff06f	jal	x0,80009eb4	
     480125.000 ns	     48011	80009eb0	00036f17	auipc	x30,0x36	 x30=0x8003feb0
     480135.000 ns	     48012	80009eb4	143f2823	sw	x3,336(x30)	 x30:0x8003feb0  x3:0x00000001 PA:0xxxxxxxxx
     480155.000 ns	     48014	80009eb8	ff9ff06f	jal	x0,80009eb4	
     480205.000 ns	     48019	80009eb0	00036f17	auipc	x30,0x36	 x30=0x8003feb0
     480215.000 ns	     48020	80009eb4	143f2823	sw	x3,336(x30)	 x30:0x8003feb0  x3:0x00000001 PA:0xxxxxxxxx
     480235.000 ns	     48022	80009eb8	ff9ff06f	jal	x0,80009eb4	
     480285.000 ns	     48027	80009eb0	00036f17	auipc	x30,0x36	 x30=0x8003feb0
     480295.000 ns	     48028	80009eb4	143f2823	sw	x3,336(x30)	 x30:0x8003feb0  x3:0x00000001 PA:0xxxxxxxxx
     480315.000 ns	     48030	80009eb8	ff9ff06f	jal	x0,80009eb4	
     480365.000 ns	     48035	80009eb0	00036f17	auipc	x30,0x36	 x30=0x8003feb0
     480375.000 ns	     48036	80009eb4	143f2823	sw	x3,336(x30)	 x30:0x8003feb0  x3:0x00000001 PA:0xxxxxxxxx
     480395.000 ns	     48038	80009eb8	ff9ff06f	jal	x0,80009eb4	
     480445.000 ns	     48043	80009eb0	00036f17	auipc	x30,0x36	 x30=0x8003feb0
     480455.000 ns	     48044	80009eb4	143f2823	sw	x3,336(x30)	 x30:0x8003feb0  x3:0x00000001 PA:0xxxxxxxxx
     480475.000 ns	     48046	80009eb8	ff9ff06f	jal	x0,80009eb4	
     480525.000 ns	     48051	80009eb0	00036f17	auipc	x30,0x36	 x30=0x8003feb0
     480535.000 ns	     48052	80009eb4	143f2823	sw	x3,336(x30)	 x30:0x8003feb0  x3:0x00000001 PA:0xxxxxxxxx
     480555.000 ns	     48054	80009eb8	ff9ff06f	jal	x0,80009eb4	
     480605.000 ns	     48059	80009eb0	00036f17	auipc	x30,0x36	 x30=0x8003feb0
     480615.000 ns	     48060	80009eb4	143f2823	sw	x3,336(x30)	 x30:0x8003feb0  x3:0x00000001 PA:0xxxxxxxxx
     480635.000 ns	     48062	80009eb8	ff9ff06f	jal	x0,80009eb4	
     480685.000 ns	     48067	80009eb0	00036f17	auipc	x30,0x36	 x30=0x8003feb0
     480695.000 ns	     48068	80009eb4	143f2823	sw	x3,336(x30)	 x30:0x8003feb0  x3:0x00000001 PA:0xxxxxxxxx
     480715.000 ns	     48070	80009eb8	ff9ff06f	jal	x0,80009eb4	
     480765.000 ns	     48075	80009eb0	00036f17	auipc	x30,0x36	 x30=0x8003feb0
     480775.000 ns	     48076	80009eb4	143f2823	sw	x3,336(x30)	 x30:0x8003feb0  x3:0x00000001 PA:0xxxxxxxxx
     480795.000 ns	     48078	80009eb8	ff9ff06f	jal	x0,80009eb4	
     480845.000 ns	     48083	80009eb0	00036f17	auipc	x30,0x36	 x30=0x8003feb0
     480855.000 ns	     48084	80009eb4	143f2823	sw	x3,336(x30)	 x30:0x8003feb0  x3:0x00000001 PA:0xxxxxxxxx
     480875.000 ns	     48086	80009eb8	ff9ff06f	jal	x0,80009eb4	
     480925.000 ns	     48091	80009eb0	00036f17	auipc	x30,0x36	 x30=0x8003feb0
     480935.000 ns	     48092	80009eb4	143f2823	sw	x3,336(x30)	 x30:0x8003feb0  x3:0x00000001 PA:0xxxxxxxxx
     480955.000 ns	     48094	80009eb8	ff9ff06f	jal	x0,80009eb4	
     481005.000 ns	     48099	80009eb0	00036f17	auipc	x30,0x36	 x30=0x8003feb0
     481015.000 ns	     48100	80009eb4	143f2823	sw	x3,336(x30)	 x30:0x8003feb0  x3:0x00000001 PA:0xxxxxxxxx
     481035.000 ns	     48102	80009eb8	ff9ff06f	jal	x0,80009eb4	
     481085.000 ns	     48107	80009eb0	00036f17	auipc	x30,0x36	 x30=0x8003feb0
     481095.000 ns	     48108	80009eb4	143f2823	sw	x3,336(x30)	 x30:0x8003feb0  x3:0x00000001 PA:0xxxxxxxxx
     481115.000 ns	     48110	80009eb8	ff9ff06f	jal	x0,80009eb4	
     481165.000 ns	     48115	80009eb0	00036f17	auipc	x30,0x36	 x30=0x8003feb0
     481175.000 ns	     48116	80009eb4	143f2823	sw	x3,336(x30)	 x30:0x8003feb0  x3:0x00000001 PA:0xxxxxxxxx
     481195.000 ns	     48118	80009eb8	ff9ff06f	jal	x0,80009eb4	
     481245.000 ns	     48123	80009eb0	00036f17	auipc	x30,0x36	 x30=0x8003feb0
     481255.000 ns	     48124	80009eb4	143f2823	sw	x3,336(x30)	 x30:0x8003feb0  x3:0x00000001 PA:0xxxxxxxxx
     481275.000 ns	     48126	80009eb8	ff9ff06f	jal	x0,80009eb4	
     481325.000 ns	     48131	80009eb0	00036f17	auipc	x30,0x36	 x30=0x8003feb0
     481335.000 ns	     48132	80009eb4	143f2823	sw	x3,336(x30)	 x30:0x8003feb0  x3:0x00000001 PA:0xxxxxxxxx
     481355.000 ns	     48134	80009eb8	ff9ff06f	jal	x0,80009eb4	
     481405.000 ns	     48139	80009eb0	00036f17	auipc	x30,0x36	 x30=0x8003feb0
     481415.000 ns	     48140	80009eb4	143f2823	sw	x3,336(x30)	 x30:0x8003feb0  x3:0x00000001 PA:0xxxxxxxxx
     481435.000 ns	     48142	80009eb8	ff9ff06f	jal	x0,80009eb4	
     481485.000 ns	     48147	80009eb0	00036f17	auipc	x30,0x36	 x30=0x8003feb0
     481495.000 ns	     48148	80009eb4	143f2823	sw	x3,336(x30)	 x30:0x8003feb0  x3:0x00000001 PA:0xxxxxxxxx
     481515.000 ns	     48150	80009eb8	ff9ff06f	jal	x0,80009eb4	
     481565.000 ns	     48155	80009eb0	00036f17	auipc	x30,0x36	 x30=0x8003feb0
     481575.000 ns	     48156	80009eb4	143f2823	sw	x3,336(x30)	 x30:0x8003feb0  x3:0x00000001 PA:0xxxxxxxxx
     481595.000 ns	     48158	80009eb8	ff9ff06f	jal	x0,80009eb4	
     481645.000 ns	     48163	80009eb0	00036f17	auipc	x30,0x36	 x30=0x8003feb0
     481655.000 ns	     48164	80009eb4	143f2823	sw	x3,336(x30)	 x30:0x8003feb0  x3:0x00000001 PA:0xxxxxxxxx
     481675.000 ns	     48166	80009eb8	ff9ff06f	jal	x0,80009eb4	
     481725.000 ns	     48171	80009eb0	00036f17	auipc	x30,0x36	 x30=0x8003feb0
     481735.000 ns	     48172	80009eb4	143f2823	sw	x3,336(x30)	 x30:0x8003feb0  x3:0x00000001 PA:0xxxxxxxxx
     481755.000 ns	     48174	80009eb8	ff9ff06f	jal	x0,80009eb4	
     481805.000 ns	     48179	80009eb0	00036f17	auipc	x30,0x36	 x30=0x8003feb0
     481815.000 ns	     48180	80009eb4	143f2823	sw	x3,336(x30)	 x30:0x8003feb0  x3:0x00000001 PA:0xxxxxxxxx
     481835.000 ns	     48182	80009eb8	ff9ff06f	jal	x0,80009eb4	
     481885.000 ns	     48187	80009eb0	00036f17	auipc	x30,0x36	 x30=0x8003feb0
     481895.000 ns	     48188	80009eb4	143f2823	sw	x3,336(x30)	 x30:0x8003feb0  x3:0x00000001 PA:0xxxxxxxxx
     481915.000 ns	     48190	80009eb8	ff9ff06f	jal	x0,80009eb4	
     481965.000 ns	     48195	80009eb0	00036f17	auipc	x30,0x36	 x30=0x8003feb0
     481975.000 ns	     48196	80009eb4	143f2823	sw	x3,336(x30)	 x30:0x8003feb0  x3:0x00000001 PA:0xxxxxxxxx
     481995.000 ns	     48198	80009eb8	ff9ff06f	jal	x0,80009eb4	
     482045.000 ns	     48203	80009eb0	00036f17	auipc	x30,0x36	 x30=0x8003feb0
     482055.000 ns	     48204	80009eb4	143f2823	sw	x3,336(x30)	 x30:0x8003feb0  x3:0x00000001 PA:0xxxxxxxxx
     482075.000 ns	     48206	80009eb8	ff9ff06f	jal	x0,80009eb4	
     482125.000 ns	     48211	80009eb0	00036f17	auipc	x30,0x36	 x30=0x8003feb0
     482135.000 ns	     48212	80009eb4	143f2823	sw	x3,336(x30)	 x30:0x8003feb0  x3:0x00000001 PA:0xxxxxxxxx
     482155.000 ns	     48214	80009eb8	ff9ff06f	jal	x0,80009eb4	
     482205.000 ns	     48219	80009eb0	00036f17	auipc	x30,0x36	 x30=0x8003feb0
     482215.000 ns	     48220	80009eb4	143f2823	sw	x3,336(x30)	 x30:0x8003feb0  x3:0x00000001 PA:0xxxxxxxxx
     482235.000 ns	     48222	80009eb8	ff9ff06f	jal	x0,80009eb4	
     482285.000 ns	     48227	80009eb0	00036f17	auipc	x30,0x36	 x30=0x8003feb0
     482295.000 ns	     48228	80009eb4	143f2823	sw	x3,336(x30)	 x30:0x8003feb0  x3:0x00000001 PA:0xxxxxxxxx
     482315.000 ns	     48230	80009eb8	ff9ff06f	jal	x0,80009eb4	
     482365.000 ns	     48235	80009eb0	00036f17	auipc	x30,0x36	 x30=0x8003feb0
     482375.000 ns	     48236	80009eb4	143f2823	sw	x3,336(x30)	 x30:0x8003feb0  x3:0x00000001 PA:0xxxxxxxxx
     482395.000 ns	     48238	80009eb8	ff9ff06f	jal	x0,80009eb4	
     482445.000 ns	     48243	80009eb0	00036f17	auipc	x30,0x36	 x30=0x8003feb0
     482455.000 ns	     48244	80009eb4	143f2823	sw	x3,336(x30)	 x30:0x8003feb0  x3:0x00000001 PA:0xxxxxxxxx
     482475.000 ns	     48246	80009eb8	ff9ff06f	jal	x0,80009eb4	
     482525.000 ns	     48251	80009eb0	00036f17	auipc	x30,0x36	 x30=0x8003feb0
     482535.000 ns	     48252	80009eb4	143f2823	sw	x3,336(x30)	 x30:0x8003feb0  x3:0x00000001 PA:0xxxxxxxxx
     482555.000 ns	     48254	80009eb8	ff9ff06f	jal	x0,80009eb4	
     482605.000 ns	     48259	80009eb0	00036f17	auipc	x30,0x36	 x30=0x8003feb0
     482615.000 ns	     48260	80009eb4	143f2823	sw	x3,336(x30)	 x30:0x8003feb0  x3:0x00000001 PA:0xxxxxxxxx
     482635.000 ns	     48262	80009eb8	ff9ff06f	jal	x0,80009eb4	
     482685.000 ns	     48267	80009eb0	00036f17	auipc	x30,0x36	 x30=0x8003feb0
     482695.000 ns	     48268	80009eb4	143f2823	sw	x3,336(x30)	 x30:0x8003feb0  x3:0x00000001 PA:0xxxxxxxxx
     482715.000 ns	     48270	80009eb8	ff9ff06f	jal	x0,80009eb4	
     482765.000 ns	     48275	80009eb0	00036f17	auipc	x30,0x36	 x30=0x8003feb0
     482775.000 ns	     48276	80009eb4	143f2823	sw	x3,336(x30)	 x30:0x8003feb0  x3:0x00000001 PA:0xxxxxxxxx
     482795.000 ns	     48278	80009eb8	ff9ff06f	jal	x0,80009eb4	
     482845.000 ns	     48283	80009eb0	00036f17	auipc	x30,0x36	 x30=0x8003feb0
     482855.000 ns	     48284	80009eb4	143f2823	sw	x3,336(x30)	 x30:0x8003feb0  x3:0x00000001 PA:0xxxxxxxxx
     482875.000 ns	     48286	80009eb8	ff9ff06f	jal	x0,80009eb4	
     482925.000 ns	     48291	80009eb0	00036f17	auipc	x30,0x36	 x30=0x8003feb0
     482935.000 ns	     48292	80009eb4	143f2823	sw	x3,336(x30)	 x30:0x8003feb0  x3:0x00000001 PA:0xxxxxxxxx
     482955.000 ns	     48294	80009eb8	ff9ff06f	jal	x0,80009eb4	
     483005.000 ns	     48299	80009eb0	00036f17	auipc	x30,0x36	 x30=0x8003feb0
     483015.000 ns	     48300	80009eb4	143f2823	sw	x3,336(x30)	 x30:0x8003feb0  x3:0x00000001 PA:0xxxxxxxxx
     483035.000 ns	     48302	80009eb8	ff9ff06f	jal	x0,80009eb4	
     483085.000 ns	     48307	80009eb0	00036f17	auipc	x30,0x36	 x30=0x8003feb0
     483095.000 ns	     48308	80009eb4	143f2823	sw	x3,336(x30)	 x30:0x8003feb0  x3:0x00000001 PA:0xxxxxxxxx
     483115.000 ns	     48310	80009eb8	ff9ff06f	jal	x0,80009eb4	
     483165.000 ns	     48315	80009eb0	00036f17	auipc	x30,0x36	 x30=0x8003feb0
     483175.000 ns	     48316	80009eb4	143f2823	sw	x3,336(x30)	 x30:0x8003feb0  x3:0x00000001 PA:0xxxxxxxxx
     483195.000 ns	     48318	80009eb8	ff9ff06f	jal	x0,80009eb4	
     483245.000 ns	     48323	80009eb0	00036f17	auipc	x30,0x36	 x30=0x8003feb0
     483255.000 ns	     48324	80009eb4	143f2823	sw	x3,336(x30)	 x30:0x8003feb0  x3:0x00000001 PA:0xxxxxxxxx
     483275.000 ns	     48326	80009eb8	ff9ff06f	jal	x0,80009eb4	
     483325.000 ns	     48331	80009eb0	00036f17	auipc	x30,0x36	 x30=0x8003feb0
     483335.000 ns	     48332	80009eb4	143f2823	sw	x3,336(x30)	 x30:0x8003feb0  x3:0x00000001 PA:0xxxxxxxxx
     483355.000 ns	     48334	80009eb8	ff9ff06f	jal	x0,80009eb4	
     483405.000 ns	     48339	80009eb0	00036f17	auipc	x30,0x36	 x30=0x8003feb0
     483415.000 ns	     48340	80009eb4	143f2823	sw	x3,336(x30)	 x30:0x8003feb0  x3:0x00000001 PA:0xxxxxxxxx
     483435.000 ns	     48342	80009eb8	ff9ff06f	jal	x0,80009eb4	
     483485.000 ns	     48347	80009eb0	00036f17	auipc	x30,0x36	 x30=0x8003feb0
     483495.000 ns	     48348	80009eb4	143f2823	sw	x3,336(x30)	 x30:0x8003feb0  x3:0x00000001 PA:0xxxxxxxxx
     483515.000 ns	     48350	80009eb8	ff9ff06f	jal	x0,80009eb4	
     483565.000 ns	     48355	80009eb0	00036f17	auipc	x30,0x36	 x30=0x8003feb0
     483575.000 ns	     48356	80009eb4	143f2823	sw	x3,336(x30)	 x30:0x8003feb0  x3:0x00000001 PA:0xxxxxxxxx
     483595.000 ns	     48358	80009eb8	ff9ff06f	jal	x0,80009eb4	
     483645.000 ns	     48363	80009eb0	00036f17	auipc	x30,0x36	 x30=0x8003feb0
     483655.000 ns	     48364	80009eb4	143f2823	sw	x3,336(x30)	 x30:0x8003feb0  x3:0x00000001 PA:0xxxxxxxxx
     483675.000 ns	     48366	80009eb8	ff9ff06f	jal	x0,80009eb4	
     483725.000 ns	     48371	80009eb0	00036f17	auipc	x30,0x36	 x30=0x8003feb0
     483735.000 ns	     48372	80009eb4	143f2823	sw	x3,336(x30)	 x30:0x8003feb0  x3:0x00000001 PA:0xxxxxxxxx
     483755.000 ns	     48374	80009eb8	ff9ff06f	jal	x0,80009eb4	
     483805.000 ns	     48379	80009eb0	00036f17	auipc	x30,0x36	 x30=0x8003feb0
     483815.000 ns	     48380	80009eb4	143f2823	sw	x3,336(x30)	 x30:0x8003feb0  x3:0x00000001 PA:0xxxxxxxxx
     483835.000 ns	     48382	80009eb8	ff9ff06f	jal	x0,80009eb4	
     483885.000 ns	     48387	80009eb0	00036f17	auipc	x30,0x36	 x30=0x8003feb0
     483895.000 ns	     48388	80009eb4	143f2823	sw	x3,336(x30)	 x30:0x8003feb0  x3:0x00000001 PA:0xxxxxxxxx
     483915.000 ns	     48390	80009eb8	ff9ff06f	jal	x0,80009eb4	
     483965.000 ns	     48395	80009eb0	00036f17	auipc	x30,0x36	 x30=0x8003feb0
     483975.000 ns	     48396	80009eb4	143f2823	sw	x3,336(x30)	 x30:0x8003feb0  x3:0x00000001 PA:0xxxxxxxxx
     483995.000 ns	     48398	80009eb8	ff9ff06f	jal	x0,80009eb4	
     484045.000 ns	     48403	80009eb0	00036f17	auipc	x30,0x36	 x30=0x8003feb0
     484055.000 ns	     48404	80009eb4	143f2823	sw	x3,336(x30)	 x30:0x8003feb0  x3:0x00000001 PA:0xxxxxxxxx
     484075.000 ns	     48406	80009eb8	ff9ff06f	jal	x0,80009eb4	
     484125.000 ns	     48411	80009eb0	00036f17	auipc	x30,0x36	 x30=0x8003feb0
     484135.000 ns	     48412	80009eb4	143f2823	sw	x3,336(x30)	 x30:0x8003feb0  x3:0x00000001 PA:0xxxxxxxxx
     484155.000 ns	     48414	80009eb8	ff9ff06f	jal	x0,80009eb4	
     484205.000 ns	     48419	80009eb0	00036f17	auipc	x30,0x36	 x30=0x8003feb0
     484215.000 ns	     48420	80009eb4	143f2823	sw	x3,336(x30)	 x30:0x8003feb0  x3:0x00000001 PA:0xxxxxxxxx
     484235.000 ns	     48422	80009eb8	ff9ff06f	jal	x0,80009eb4	
     484285.000 ns	     48427	80009eb0	00036f17	auipc	x30,0x36	 x30=0x8003feb0
     484295.000 ns	     48428	80009eb4	143f2823	sw	x3,336(x30)	 x30:0x8003feb0  x3:0x00000001 PA:0xxxxxxxxx
     484315.000 ns	     48430	80009eb8	ff9ff06f	jal	x0,80009eb4	
     484365.000 ns	     48435	80009eb0	00036f17	auipc	x30,0x36	 x30=0x8003feb0
     484375.000 ns	     48436	80009eb4	143f2823	sw	x3,336(x30)	 x30:0x8003feb0  x3:0x00000001 PA:0xxxxxxxxx
     484395.000 ns	     48438	80009eb8	ff9ff06f	jal	x0,80009eb4	
     484445.000 ns	     48443	80009eb0	00036f17	auipc	x30,0x36	 x30=0x8003feb0
     484455.000 ns	     48444	80009eb4	143f2823	sw	x3,336(x30)	 x30:0x8003feb0  x3:0x00000001 PA:0xxxxxxxxx
     484475.000 ns	     48446	80009eb8	ff9ff06f	jal	x0,80009eb4	
     484525.000 ns	     48451	80009eb0	00036f17	auipc	x30,0x36	 x30=0x8003feb0
     484535.000 ns	     48452	80009eb4	143f2823	sw	x3,336(x30)	 x30:0x8003feb0  x3:0x00000001 PA:0xxxxxxxxx
     484555.000 ns	     48454	80009eb8	ff9ff06f	jal	x0,80009eb4	
     484605.000 ns	     48459	80009eb0	00036f17	auipc	x30,0x36	 x30=0x8003feb0
     484615.000 ns	     48460	80009eb4	143f2823	sw	x3,336(x30)	 x30:0x8003feb0  x3:0x00000001 PA:0xxxxxxxxx
     484635.000 ns	     48462	80009eb8	ff9ff06f	jal	x0,80009eb4	
     484685.000 ns	     48467	80009eb0	00036f17	auipc	x30,0x36	 x30=0x8003feb0
     484695.000 ns	     48468	80009eb4	143f2823	sw	x3,336(x30)	 x30:0x8003feb0  x3:0x00000001 PA:0xxxxxxxxx
     484715.000 ns	     48470	80009eb8	ff9ff06f	jal	x0,80009eb4	
     484765.000 ns	     48475	80009eb0	00036f17	auipc	x30,0x36	 x30=0x8003feb0
     484775.000 ns	     48476	80009eb4	143f2823	sw	x3,336(x30)	 x30:0x8003feb0  x3:0x00000001 PA:0xxxxxxxxx
     484795.000 ns	     48478	80009eb8	ff9ff06f	jal	x0,80009eb4	
     484845.000 ns	     48483	80009eb0	00036f17	auipc	x30,0x36	 x30=0x8003feb0
     484855.000 ns	     48484	80009eb4	143f2823	sw	x3,336(x30)	 x30:0x8003feb0  x3:0x00000001 PA:0xxxxxxxxx
     484875.000 ns	     48486	80009eb8	ff9ff06f	jal	x0,80009eb4	
     484925.000 ns	     48491	80009eb0	00036f17	auipc	x30,0x36	 x30=0x8003feb0
     484935.000 ns	     48492	80009eb4	143f2823	sw	x3,336(x30)	 x30:0x8003feb0  x3:0x00000001 PA:0xxxxxxxxx
     484955.000 ns	     48494	80009eb8	ff9ff06f	jal	x0,80009eb4	
     485005.000 ns	     48499	80009eb0	00036f17	auipc	x30,0x36	 x30=0x8003feb0
     485015.000 ns	     48500	80009eb4	143f2823	sw	x3,336(x30)	 x30:0x8003feb0  x3:0x00000001 PA:0xxxxxxxxx
     485035.000 ns	     48502	80009eb8	ff9ff06f	jal	x0,80009eb4	
     485085.000 ns	     48507	80009eb0	00036f17	auipc	x30,0x36	 x30=0x8003feb0
     485095.000 ns	     48508	80009eb4	143f2823	sw	x3,336(x30)	 x30:0x8003feb0  x3:0x00000001 PA:0xxxxxxxxx
     485115.000 ns	     48510	80009eb8	ff9ff06f	jal	x0,80009eb4	
     485165.000 ns	     48515	80009eb0	00036f17	auipc	x30,0x36	 x30=0x8003feb0
     485175.000 ns	     48516	80009eb4	143f2823	sw	x3,336(x30)	 x30:0x8003feb0  x3:0x00000001 PA:0xxxxxxxxx
     485195.000 ns	     48518	80009eb8	ff9ff06f	jal	x0,80009eb4	
     485245.000 ns	     48523	80009eb0	00036f17	auipc	x30,0x36	 x30=0x8003feb0
     485255.000 ns	     48524	80009eb4	143f2823	sw	x3,336(x30)	 x30:0x8003feb0  x3:0x00000001 PA:0xxxxxxxxx
     485275.000 ns	     48526	80009eb8	ff9ff06f	jal	x0,80009eb4	
     485325.000 ns	     48531	80009eb0	00036f17	auipc	x30,0x36	 x30=0x8003feb0
     485335.000 ns	     48532	80009eb4	143f2823	sw	x3,336(x30)	 x30:0x8003feb0  x3:0x00000001 PA:0xxxxxxxxx
     485355.000 ns	     48534	80009eb8	ff9ff06f	jal	x0,80009eb4	
     485405.000 ns	     48539	80009eb0	00036f17	auipc	x30,0x36	 x30=0x8003feb0
     485415.000 ns	     48540	80009eb4	143f2823	sw	x3,336(x30)	 x30:0x8003feb0  x3:0x00000001 PA:0xxxxxxxxx
     485435.000 ns	     48542	80009eb8	ff9ff06f	jal	x0,80009eb4	
     485485.000 ns	     48547	80009eb0	00036f17	auipc	x30,0x36	 x30=0x8003feb0
     485495.000 ns	     48548	80009eb4	143f2823	sw	x3,336(x30)	 x30:0x8003feb0  x3:0x00000001 PA:0xxxxxxxxx
     485515.000 ns	     48550	80009eb8	ff9ff06f	jal	x0,80009eb4	
     485565.000 ns	     48555	80009eb0	00036f17	auipc	x30,0x36	 x30=0x8003feb0
     485575.000 ns	     48556	80009eb4	143f2823	sw	x3,336(x30)	 x30:0x8003feb0  x3:0x00000001 PA:0xxxxxxxxx
     485595.000 ns	     48558	80009eb8	ff9ff06f	jal	x0,80009eb4	
     485645.000 ns	     48563	80009eb0	00036f17	auipc	x30,0x36	 x30=0x8003feb0
     485655.000 ns	     48564	80009eb4	143f2823	sw	x3,336(x30)	 x30:0x8003feb0  x3:0x00000001 PA:0xxxxxxxxx
     485675.000 ns	     48566	80009eb8	ff9ff06f	jal	x0,80009eb4	
     485725.000 ns	     48571	80009eb0	00036f17	auipc	x30,0x36	 x30=0x8003feb0
     485735.000 ns	     48572	80009eb4	143f2823	sw	x3,336(x30)	 x30:0x8003feb0  x3:0x00000001 PA:0xxxxxxxxx
     485755.000 ns	     48574	80009eb8	ff9ff06f	jal	x0,80009eb4	
     485805.000 ns	     48579	80009eb0	00036f17	auipc	x30,0x36	 x30=0x8003feb0
     485815.000 ns	     48580	80009eb4	143f2823	sw	x3,336(x30)	 x30:0x8003feb0  x3:0x00000001 PA:0xxxxxxxxx
     485835.000 ns	     48582	80009eb8	ff9ff06f	jal	x0,80009eb4	
     485885.000 ns	     48587	80009eb0	00036f17	auipc	x30,0x36	 x30=0x8003feb0
     485895.000 ns	     48588	80009eb4	143f2823	sw	x3,336(x30)	 x30:0x8003feb0  x3:0x00000001 PA:0xxxxxxxxx
     485915.000 ns	     48590	80009eb8	ff9ff06f	jal	x0,80009eb4	
     485965.000 ns	     48595	80009eb0	00036f17	auipc	x30,0x36	 x30=0x8003feb0
     485975.000 ns	     48596	80009eb4	143f2823	sw	x3,336(x30)	 x30:0x8003feb0  x3:0x00000001 PA:0xxxxxxxxx
     485995.000 ns	     48598	80009eb8	ff9ff06f	jal	x0,80009eb4	
     486045.000 ns	     48603	80009eb0	00036f17	auipc	x30,0x36	 x30=0x8003feb0
     486055.000 ns	     48604	80009eb4	143f2823	sw	x3,336(x30)	 x30:0x8003feb0  x3:0x00000001 PA:0xxxxxxxxx
     486075.000 ns	     48606	80009eb8	ff9ff06f	jal	x0,80009eb4	
     486125.000 ns	     48611	80009eb0	00036f17	auipc	x30,0x36	 x30=0x8003feb0
     486135.000 ns	     48612	80009eb4	143f2823	sw	x3,336(x30)	 x30:0x8003feb0  x3:0x00000001 PA:0xxxxxxxxx
     486155.000 ns	     48614	80009eb8	ff9ff06f	jal	x0,80009eb4	
     486205.000 ns	     48619	80009eb0	00036f17	auipc	x30,0x36	 x30=0x8003feb0
     486215.000 ns	     48620	80009eb4	143f2823	sw	x3,336(x30)	 x30:0x8003feb0  x3:0x00000001 PA:0xxxxxxxxx
     486235.000 ns	     48622	80009eb8	ff9ff06f	jal	x0,80009eb4	
     486285.000 ns	     48627	80009eb0	00036f17	auipc	x30,0x36	 x30=0x8003feb0
     486295.000 ns	     48628	80009eb4	143f2823	sw	x3,336(x30)	 x30:0x8003feb0  x3:0x00000001 PA:0xxxxxxxxx
     486315.000 ns	     48630	80009eb8	ff9ff06f	jal	x0,80009eb4	
     486365.000 ns	     48635	80009eb0	00036f17	auipc	x30,0x36	 x30=0x8003feb0
     486375.000 ns	     48636	80009eb4	143f2823	sw	x3,336(x30)	 x30:0x8003feb0  x3:0x00000001 PA:0xxxxxxxxx
     486395.000 ns	     48638	80009eb8	ff9ff06f	jal	x0,80009eb4	
     486445.000 ns	     48643	80009eb0	00036f17	auipc	x30,0x36	 x30=0x8003feb0
     486455.000 ns	     48644	80009eb4	143f2823	sw	x3,336(x30)	 x30:0x8003feb0  x3:0x00000001 PA:0xxxxxxxxx
     486475.000 ns	     48646	80009eb8	ff9ff06f	jal	x0,80009eb4	
     486525.000 ns	     48651	80009eb0	00036f17	auipc	x30,0x36	 x30=0x8003feb0
     486535.000 ns	     48652	80009eb4	143f2823	sw	x3,336(x30)	 x30:0x8003feb0  x3:0x00000001 PA:0xxxxxxxxx
     486555.000 ns	     48654	80009eb8	ff9ff06f	jal	x0,80009eb4	
     486605.000 ns	     48659	80009eb0	00036f17	auipc	x30,0x36	 x30=0x8003feb0
     486615.000 ns	     48660	80009eb4	143f2823	sw	x3,336(x30)	 x30:0x8003feb0  x3:0x00000001 PA:0xxxxxxxxx
     486635.000 ns	     48662	80009eb8	ff9ff06f	jal	x0,80009eb4	
     486685.000 ns	     48667	80009eb0	00036f17	auipc	x30,0x36	 x30=0x8003feb0
     486695.000 ns	     48668	80009eb4	143f2823	sw	x3,336(x30)	 x30:0x8003feb0  x3:0x00000001 PA:0xxxxxxxxx
     486715.000 ns	     48670	80009eb8	ff9ff06f	jal	x0,80009eb4	
     486765.000 ns	     48675	80009eb0	00036f17	auipc	x30,0x36	 x30=0x8003feb0
     486775.000 ns	     48676	80009eb4	143f2823	sw	x3,336(x30)	 x30:0x8003feb0  x3:0x00000001 PA:0xxxxxxxxx
     486795.000 ns	     48678	80009eb8	ff9ff06f	jal	x0,80009eb4	
     486845.000 ns	     48683	80009eb0	00036f17	auipc	x30,0x36	 x30=0x8003feb0
     486855.000 ns	     48684	80009eb4	143f2823	sw	x3,336(x30)	 x30:0x8003feb0  x3:0x00000001 PA:0xxxxxxxxx
     486875.000 ns	     48686	80009eb8	ff9ff06f	jal	x0,80009eb4	
     486925.000 ns	     48691	80009eb0	00036f17	auipc	x30,0x36	 x30=0x8003feb0
     486935.000 ns	     48692	80009eb4	143f2823	sw	x3,336(x30)	 x30:0x8003feb0  x3:0x00000001 PA:0xxxxxxxxx
     486955.000 ns	     48694	80009eb8	ff9ff06f	jal	x0,80009eb4	
     487005.000 ns	     48699	80009eb0	00036f17	auipc	x30,0x36	 x30=0x8003feb0
     487015.000 ns	     48700	80009eb4	143f2823	sw	x3,336(x30)	 x30:0x8003feb0  x3:0x00000001 PA:0xxxxxxxxx
     487035.000 ns	     48702	80009eb8	ff9ff06f	jal	x0,80009eb4	
     487085.000 ns	     48707	80009eb0	00036f17	auipc	x30,0x36	 x30=0x8003feb0
     487095.000 ns	     48708	80009eb4	143f2823	sw	x3,336(x30)	 x30:0x8003feb0  x3:0x00000001 PA:0xxxxxxxxx
     487115.000 ns	     48710	80009eb8	ff9ff06f	jal	x0,80009eb4	
     487165.000 ns	     48715	80009eb0	00036f17	auipc	x30,0x36	 x30=0x8003feb0
     487175.000 ns	     48716	80009eb4	143f2823	sw	x3,336(x30)	 x30:0x8003feb0  x3:0x00000001 PA:0xxxxxxxxx
     487195.000 ns	     48718	80009eb8	ff9ff06f	jal	x0,80009eb4	
     487245.000 ns	     48723	80009eb0	00036f17	auipc	x30,0x36	 x30=0x8003feb0
     487255.000 ns	     48724	80009eb4	143f2823	sw	x3,336(x30)	 x30:0x8003feb0  x3:0x00000001 PA:0xxxxxxxxx
     487275.000 ns	     48726	80009eb8	ff9ff06f	jal	x0,80009eb4	
     487325.000 ns	     48731	80009eb0	00036f17	auipc	x30,0x36	 x30=0x8003feb0
     487335.000 ns	     48732	80009eb4	143f2823	sw	x3,336(x30)	 x30:0x8003feb0  x3:0x00000001 PA:0xxxxxxxxx
     487355.000 ns	     48734	80009eb8	ff9ff06f	jal	x0,80009eb4	
     487405.000 ns	     48739	80009eb0	00036f17	auipc	x30,0x36	 x30=0x8003feb0
     487415.000 ns	     48740	80009eb4	143f2823	sw	x3,336(x30)	 x30:0x8003feb0  x3:0x00000001 PA:0xxxxxxxxx
     487435.000 ns	     48742	80009eb8	ff9ff06f	jal	x0,80009eb4	
     487485.000 ns	     48747	80009eb0	00036f17	auipc	x30,0x36	 x30=0x8003feb0
     487495.000 ns	     48748	80009eb4	143f2823	sw	x3,336(x30)	 x30:0x8003feb0  x3:0x00000001 PA:0xxxxxxxxx
     487515.000 ns	     48750	80009eb8	ff9ff06f	jal	x0,80009eb4	
     487565.000 ns	     48755	80009eb0	00036f17	auipc	x30,0x36	 x30=0x8003feb0
     487575.000 ns	     48756	80009eb4	143f2823	sw	x3,336(x30)	 x30:0x8003feb0  x3:0x00000001 PA:0xxxxxxxxx
     487595.000 ns	     48758	80009eb8	ff9ff06f	jal	x0,80009eb4	
     487645.000 ns	     48763	80009eb0	00036f17	auipc	x30,0x36	 x30=0x8003feb0
     487655.000 ns	     48764	80009eb4	143f2823	sw	x3,336(x30)	 x30:0x8003feb0  x3:0x00000001 PA:0xxxxxxxxx
     487675.000 ns	     48766	80009eb8	ff9ff06f	jal	x0,80009eb4	
     487725.000 ns	     48771	80009eb0	00036f17	auipc	x30,0x36	 x30=0x8003feb0
     487735.000 ns	     48772	80009eb4	143f2823	sw	x3,336(x30)	 x30:0x8003feb0  x3:0x00000001 PA:0xxxxxxxxx
     487755.000 ns	     48774	80009eb8	ff9ff06f	jal	x0,80009eb4	
     487805.000 ns	     48779	80009eb0	00036f17	auipc	x30,0x36	 x30=0x8003feb0
     487815.000 ns	     48780	80009eb4	143f2823	sw	x3,336(x30)	 x30:0x8003feb0  x3:0x00000001 PA:0xxxxxxxxx
     487835.000 ns	     48782	80009eb8	ff9ff06f	jal	x0,80009eb4	
     487885.000 ns	     48787	80009eb0	00036f17	auipc	x30,0x36	 x30=0x8003feb0
     487895.000 ns	     48788	80009eb4	143f2823	sw	x3,336(x30)	 x30:0x8003feb0  x3:0x00000001 PA:0xxxxxxxxx
     487915.000 ns	     48790	80009eb8	ff9ff06f	jal	x0,80009eb4	
     487965.000 ns	     48795	80009eb0	00036f17	auipc	x30,0x36	 x30=0x8003feb0
     487975.000 ns	     48796	80009eb4	143f2823	sw	x3,336(x30)	 x30:0x8003feb0  x3:0x00000001 PA:0xxxxxxxxx
     487995.000 ns	     48798	80009eb8	ff9ff06f	jal	x0,80009eb4	
     488045.000 ns	     48803	80009eb0	00036f17	auipc	x30,0x36	 x30=0x8003feb0
     488055.000 ns	     48804	80009eb4	143f2823	sw	x3,336(x30)	 x30:0x8003feb0  x3:0x00000001 PA:0xxxxxxxxx
     488075.000 ns	     48806	80009eb8	ff9ff06f	jal	x0,80009eb4	
     488125.000 ns	     48811	80009eb0	00036f17	auipc	x30,0x36	 x30=0x8003feb0
     488135.000 ns	     48812	80009eb4	143f2823	sw	x3,336(x30)	 x30:0x8003feb0  x3:0x00000001 PA:0xxxxxxxxx
     488155.000 ns	     48814	80009eb8	ff9ff06f	jal	x0,80009eb4	
     488205.000 ns	     48819	80009eb0	00036f17	auipc	x30,0x36	 x30=0x8003feb0
     488215.000 ns	     48820	80009eb4	143f2823	sw	x3,336(x30)	 x30:0x8003feb0  x3:0x00000001 PA:0xxxxxxxxx
     488235.000 ns	     48822	80009eb8	ff9ff06f	jal	x0,80009eb4	
     488285.000 ns	     48827	80009eb0	00036f17	auipc	x30,0x36	 x30=0x8003feb0
     488295.000 ns	     48828	80009eb4	143f2823	sw	x3,336(x30)	 x30:0x8003feb0  x3:0x00000001 PA:0xxxxxxxxx
     488315.000 ns	     48830	80009eb8	ff9ff06f	jal	x0,80009eb4	
     488365.000 ns	     48835	80009eb0	00036f17	auipc	x30,0x36	 x30=0x8003feb0
     488375.000 ns	     48836	80009eb4	143f2823	sw	x3,336(x30)	 x30:0x8003feb0  x3:0x00000001 PA:0xxxxxxxxx
     488395.000 ns	     48838	80009eb8	ff9ff06f	jal	x0,80009eb4	
     488445.000 ns	     48843	80009eb0	00036f17	auipc	x30,0x36	 x30=0x8003feb0
     488455.000 ns	     48844	80009eb4	143f2823	sw	x3,336(x30)	 x30:0x8003feb0  x3:0x00000001 PA:0xxxxxxxxx
     488475.000 ns	     48846	80009eb8	ff9ff06f	jal	x0,80009eb4	
     488525.000 ns	     48851	80009eb0	00036f17	auipc	x30,0x36	 x30=0x8003feb0
     488535.000 ns	     48852	80009eb4	143f2823	sw	x3,336(x30)	 x30:0x8003feb0  x3:0x00000001 PA:0xxxxxxxxx
     488555.000 ns	     48854	80009eb8	ff9ff06f	jal	x0,80009eb4	
     488605.000 ns	     48859	80009eb0	00036f17	auipc	x30,0x36	 x30=0x8003feb0
     488615.000 ns	     48860	80009eb4	143f2823	sw	x3,336(x30)	 x30:0x8003feb0  x3:0x00000001 PA:0xxxxxxxxx
     488635.000 ns	     48862	80009eb8	ff9ff06f	jal	x0,80009eb4	
     488685.000 ns	     48867	80009eb0	00036f17	auipc	x30,0x36	 x30=0x8003feb0
     488695.000 ns	     48868	80009eb4	143f2823	sw	x3,336(x30)	 x30:0x8003feb0  x3:0x00000001 PA:0xxxxxxxxx
     488715.000 ns	     48870	80009eb8	ff9ff06f	jal	x0,80009eb4	
     488765.000 ns	     48875	80009eb0	00036f17	auipc	x30,0x36	 x30=0x8003feb0
     488775.000 ns	     48876	80009eb4	143f2823	sw	x3,336(x30)	 x30:0x8003feb0  x3:0x00000001 PA:0xxxxxxxxx
     488795.000 ns	     48878	80009eb8	ff9ff06f	jal	x0,80009eb4	
     488845.000 ns	     48883	80009eb0	00036f17	auipc	x30,0x36	 x30=0x8003feb0
     488855.000 ns	     48884	80009eb4	143f2823	sw	x3,336(x30)	 x30:0x8003feb0  x3:0x00000001 PA:0xxxxxxxxx
     488875.000 ns	     48886	80009eb8	ff9ff06f	jal	x0,80009eb4	
     488925.000 ns	     48891	80009eb0	00036f17	auipc	x30,0x36	 x30=0x8003feb0
     488935.000 ns	     48892	80009eb4	143f2823	sw	x3,336(x30)	 x30:0x8003feb0  x3:0x00000001 PA:0xxxxxxxxx
     488955.000 ns	     48894	80009eb8	ff9ff06f	jal	x0,80009eb4	
     489005.000 ns	     48899	80009eb0	00036f17	auipc	x30,0x36	 x30=0x8003feb0
     489015.000 ns	     48900	80009eb4	143f2823	sw	x3,336(x30)	 x30:0x8003feb0  x3:0x00000001 PA:0xxxxxxxxx
     489035.000 ns	     48902	80009eb8	ff9ff06f	jal	x0,80009eb4	
     489085.000 ns	     48907	80009eb0	00036f17	auipc	x30,0x36	 x30=0x8003feb0
     489095.000 ns	     48908	80009eb4	143f2823	sw	x3,336(x30)	 x30:0x8003feb0  x3:0x00000001 PA:0xxxxxxxxx
     489115.000 ns	     48910	80009eb8	ff9ff06f	jal	x0,80009eb4	
     489165.000 ns	     48915	80009eb0	00036f17	auipc	x30,0x36	 x30=0x8003feb0
     489175.000 ns	     48916	80009eb4	143f2823	sw	x3,336(x30)	 x30:0x8003feb0  x3:0x00000001 PA:0xxxxxxxxx
     489195.000 ns	     48918	80009eb8	ff9ff06f	jal	x0,80009eb4	
     489245.000 ns	     48923	80009eb0	00036f17	auipc	x30,0x36	 x30=0x8003feb0
     489255.000 ns	     48924	80009eb4	143f2823	sw	x3,336(x30)	 x30:0x8003feb0  x3:0x00000001 PA:0xxxxxxxxx
     489275.000 ns	     48926	80009eb8	ff9ff06f	jal	x0,80009eb4	
     489325.000 ns	     48931	80009eb0	00036f17	auipc	x30,0x36	 x30=0x8003feb0
     489335.000 ns	     48932	80009eb4	143f2823	sw	x3,336(x30)	 x30:0x8003feb0  x3:0x00000001 PA:0xxxxxxxxx
     489355.000 ns	     48934	80009eb8	ff9ff06f	jal	x0,80009eb4	
     489405.000 ns	     48939	80009eb0	00036f17	auipc	x30,0x36	 x30=0x8003feb0
     489415.000 ns	     48940	80009eb4	143f2823	sw	x3,336(x30)	 x30:0x8003feb0  x3:0x00000001 PA:0xxxxxxxxx
     489435.000 ns	     48942	80009eb8	ff9ff06f	jal	x0,80009eb4	
     489485.000 ns	     48947	80009eb0	00036f17	auipc	x30,0x36	 x30=0x8003feb0
     489495.000 ns	     48948	80009eb4	143f2823	sw	x3,336(x30)	 x30:0x8003feb0  x3:0x00000001 PA:0xxxxxxxxx
     489515.000 ns	     48950	80009eb8	ff9ff06f	jal	x0,80009eb4	
     489565.000 ns	     48955	80009eb0	00036f17	auipc	x30,0x36	 x30=0x8003feb0
     489575.000 ns	     48956	80009eb4	143f2823	sw	x3,336(x30)	 x30:0x8003feb0  x3:0x00000001 PA:0xxxxxxxxx
     489595.000 ns	     48958	80009eb8	ff9ff06f	jal	x0,80009eb4	
     489645.000 ns	     48963	80009eb0	00036f17	auipc	x30,0x36	 x30=0x8003feb0
     489655.000 ns	     48964	80009eb4	143f2823	sw	x3,336(x30)	 x30:0x8003feb0  x3:0x00000001 PA:0xxxxxxxxx
     489675.000 ns	     48966	80009eb8	ff9ff06f	jal	x0,80009eb4	
     489725.000 ns	     48971	80009eb0	00036f17	auipc	x30,0x36	 x30=0x8003feb0
     489735.000 ns	     48972	80009eb4	143f2823	sw	x3,336(x30)	 x30:0x8003feb0  x3:0x00000001 PA:0xxxxxxxxx
     489755.000 ns	     48974	80009eb8	ff9ff06f	jal	x0,80009eb4	
     489805.000 ns	     48979	80009eb0	00036f17	auipc	x30,0x36	 x30=0x8003feb0
     489815.000 ns	     48980	80009eb4	143f2823	sw	x3,336(x30)	 x30:0x8003feb0  x3:0x00000001 PA:0xxxxxxxxx
     489835.000 ns	     48982	80009eb8	ff9ff06f	jal	x0,80009eb4	
     489885.000 ns	     48987	80009eb0	00036f17	auipc	x30,0x36	 x30=0x8003feb0
     489895.000 ns	     48988	80009eb4	143f2823	sw	x3,336(x30)	 x30:0x8003feb0  x3:0x00000001 PA:0xxxxxxxxx
     489915.000 ns	     48990	80009eb8	ff9ff06f	jal	x0,80009eb4	
     489965.000 ns	     48995	80009eb0	00036f17	auipc	x30,0x36	 x30=0x8003feb0
     489975.000 ns	     48996	80009eb4	143f2823	sw	x3,336(x30)	 x30:0x8003feb0  x3:0x00000001 PA:0xxxxxxxxx
     489995.000 ns	     48998	80009eb8	ff9ff06f	jal	x0,80009eb4	
     490045.000 ns	     49003	80009eb0	00036f17	auipc	x30,0x36	 x30=0x8003feb0
     490055.000 ns	     49004	80009eb4	143f2823	sw	x3,336(x30)	 x30:0x8003feb0  x3:0x00000001 PA:0xxxxxxxxx
     490075.000 ns	     49006	80009eb8	ff9ff06f	jal	x0,80009eb4	
     490125.000 ns	     49011	80009eb0	00036f17	auipc	x30,0x36	 x30=0x8003feb0
     490135.000 ns	     49012	80009eb4	143f2823	sw	x3,336(x30)	 x30:0x8003feb0  x3:0x00000001 PA:0xxxxxxxxx
     490155.000 ns	     49014	80009eb8	ff9ff06f	jal	x0,80009eb4	
     490205.000 ns	     49019	80009eb0	00036f17	auipc	x30,0x36	 x30=0x8003feb0
     490215.000 ns	     49020	80009eb4	143f2823	sw	x3,336(x30)	 x30:0x8003feb0  x3:0x00000001 PA:0xxxxxxxxx
     490235.000 ns	     49022	80009eb8	ff9ff06f	jal	x0,80009eb4	
     490285.000 ns	     49027	80009eb0	00036f17	auipc	x30,0x36	 x30=0x8003feb0
     490295.000 ns	     49028	80009eb4	143f2823	sw	x3,336(x30)	 x30:0x8003feb0  x3:0x00000001 PA:0xxxxxxxxx
     490315.000 ns	     49030	80009eb8	ff9ff06f	jal	x0,80009eb4	
     490365.000 ns	     49035	80009eb0	00036f17	auipc	x30,0x36	 x30=0x8003feb0
     490375.000 ns	     49036	80009eb4	143f2823	sw	x3,336(x30)	 x30:0x8003feb0  x3:0x00000001 PA:0xxxxxxxxx
     490395.000 ns	     49038	80009eb8	ff9ff06f	jal	x0,80009eb4	
     490445.000 ns	     49043	80009eb0	00036f17	auipc	x30,0x36	 x30=0x8003feb0
     490455.000 ns	     49044	80009eb4	143f2823	sw	x3,336(x30)	 x30:0x8003feb0  x3:0x00000001 PA:0xxxxxxxxx
     490475.000 ns	     49046	80009eb8	ff9ff06f	jal	x0,80009eb4	
     490525.000 ns	     49051	80009eb0	00036f17	auipc	x30,0x36	 x30=0x8003feb0
     490535.000 ns	     49052	80009eb4	143f2823	sw	x3,336(x30)	 x30:0x8003feb0  x3:0x00000001 PA:0xxxxxxxxx
     490555.000 ns	     49054	80009eb8	ff9ff06f	jal	x0,80009eb4	
     490605.000 ns	     49059	80009eb0	00036f17	auipc	x30,0x36	 x30=0x8003feb0
     490615.000 ns	     49060	80009eb4	143f2823	sw	x3,336(x30)	 x30:0x8003feb0  x3:0x00000001 PA:0xxxxxxxxx
     490635.000 ns	     49062	80009eb8	ff9ff06f	jal	x0,80009eb4	
     490685.000 ns	     49067	80009eb0	00036f17	auipc	x30,0x36	 x30=0x8003feb0
     490695.000 ns	     49068	80009eb4	143f2823	sw	x3,336(x30)	 x30:0x8003feb0  x3:0x00000001 PA:0xxxxxxxxx
     490715.000 ns	     49070	80009eb8	ff9ff06f	jal	x0,80009eb4	
     490765.000 ns	     49075	80009eb0	00036f17	auipc	x30,0x36	 x30=0x8003feb0
     490775.000 ns	     49076	80009eb4	143f2823	sw	x3,336(x30)	 x30:0x8003feb0  x3:0x00000001 PA:0xxxxxxxxx
     490795.000 ns	     49078	80009eb8	ff9ff06f	jal	x0,80009eb4	
     490845.000 ns	     49083	80009eb0	00036f17	auipc	x30,0x36	 x30=0x8003feb0
     490855.000 ns	     49084	80009eb4	143f2823	sw	x3,336(x30)	 x30:0x8003feb0  x3:0x00000001 PA:0xxxxxxxxx
     490875.000 ns	     49086	80009eb8	ff9ff06f	jal	x0,80009eb4	
     490925.000 ns	     49091	80009eb0	00036f17	auipc	x30,0x36	 x30=0x8003feb0
     490935.000 ns	     49092	80009eb4	143f2823	sw	x3,336(x30)	 x30:0x8003feb0  x3:0x00000001 PA:0xxxxxxxxx
     490955.000 ns	     49094	80009eb8	ff9ff06f	jal	x0,80009eb4	
     491005.000 ns	     49099	80009eb0	00036f17	auipc	x30,0x36	 x30=0x8003feb0
     491015.000 ns	     49100	80009eb4	143f2823	sw	x3,336(x30)	 x30:0x8003feb0  x3:0x00000001 PA:0xxxxxxxxx
     491035.000 ns	     49102	80009eb8	ff9ff06f	jal	x0,80009eb4	
     491085.000 ns	     49107	80009eb0	00036f17	auipc	x30,0x36	 x30=0x8003feb0
     491095.000 ns	     49108	80009eb4	143f2823	sw	x3,336(x30)	 x30:0x8003feb0  x3:0x00000001 PA:0xxxxxxxxx
     491115.000 ns	     49110	80009eb8	ff9ff06f	jal	x0,80009eb4	
     491165.000 ns	     49115	80009eb0	00036f17	auipc	x30,0x36	 x30=0x8003feb0
     491175.000 ns	     49116	80009eb4	143f2823	sw	x3,336(x30)	 x30:0x8003feb0  x3:0x00000001 PA:0xxxxxxxxx
     491195.000 ns	     49118	80009eb8	ff9ff06f	jal	x0,80009eb4	
     491245.000 ns	     49123	80009eb0	00036f17	auipc	x30,0x36	 x30=0x8003feb0
     491255.000 ns	     49124	80009eb4	143f2823	sw	x3,336(x30)	 x30:0x8003feb0  x3:0x00000001 PA:0xxxxxxxxx
     491275.000 ns	     49126	80009eb8	ff9ff06f	jal	x0,80009eb4	
     491325.000 ns	     49131	80009eb0	00036f17	auipc	x30,0x36	 x30=0x8003feb0
     491335.000 ns	     49132	80009eb4	143f2823	sw	x3,336(x30)	 x30:0x8003feb0  x3:0x00000001 PA:0xxxxxxxxx
     491355.000 ns	     49134	80009eb8	ff9ff06f	jal	x0,80009eb4	
     491405.000 ns	     49139	80009eb0	00036f17	auipc	x30,0x36	 x30=0x8003feb0
     491415.000 ns	     49140	80009eb4	143f2823	sw	x3,336(x30)	 x30:0x8003feb0  x3:0x00000001 PA:0xxxxxxxxx
     491435.000 ns	     49142	80009eb8	ff9ff06f	jal	x0,80009eb4	
     491485.000 ns	     49147	80009eb0	00036f17	auipc	x30,0x36	 x30=0x8003feb0
     491495.000 ns	     49148	80009eb4	143f2823	sw	x3,336(x30)	 x30:0x8003feb0  x3:0x00000001 PA:0xxxxxxxxx
     491515.000 ns	     49150	80009eb8	ff9ff06f	jal	x0,80009eb4	
     491565.000 ns	     49155	80009eb0	00036f17	auipc	x30,0x36	 x30=0x8003feb0
     491575.000 ns	     49156	80009eb4	143f2823	sw	x3,336(x30)	 x30:0x8003feb0  x3:0x00000001 PA:0xxxxxxxxx
     491595.000 ns	     49158	80009eb8	ff9ff06f	jal	x0,80009eb4	
     491645.000 ns	     49163	80009eb0	00036f17	auipc	x30,0x36	 x30=0x8003feb0
     491655.000 ns	     49164	80009eb4	143f2823	sw	x3,336(x30)	 x30:0x8003feb0  x3:0x00000001 PA:0xxxxxxxxx
     491675.000 ns	     49166	80009eb8	ff9ff06f	jal	x0,80009eb4	
     491725.000 ns	     49171	80009eb0	00036f17	auipc	x30,0x36	 x30=0x8003feb0
     491735.000 ns	     49172	80009eb4	143f2823	sw	x3,336(x30)	 x30:0x8003feb0  x3:0x00000001 PA:0xxxxxxxxx
     491755.000 ns	     49174	80009eb8	ff9ff06f	jal	x0,80009eb4	
     491805.000 ns	     49179	80009eb0	00036f17	auipc	x30,0x36	 x30=0x8003feb0
     491815.000 ns	     49180	80009eb4	143f2823	sw	x3,336(x30)	 x30:0x8003feb0  x3:0x00000001 PA:0xxxxxxxxx
     491835.000 ns	     49182	80009eb8	ff9ff06f	jal	x0,80009eb4	
     491885.000 ns	     49187	80009eb0	00036f17	auipc	x30,0x36	 x30=0x8003feb0
     491895.000 ns	     49188	80009eb4	143f2823	sw	x3,336(x30)	 x30:0x8003feb0  x3:0x00000001 PA:0xxxxxxxxx
     491915.000 ns	     49190	80009eb8	ff9ff06f	jal	x0,80009eb4	
     491965.000 ns	     49195	80009eb0	00036f17	auipc	x30,0x36	 x30=0x8003feb0
     491975.000 ns	     49196	80009eb4	143f2823	sw	x3,336(x30)	 x30:0x8003feb0  x3:0x00000001 PA:0xxxxxxxxx
     491995.000 ns	     49198	80009eb8	ff9ff06f	jal	x0,80009eb4	
     492045.000 ns	     49203	80009eb0	00036f17	auipc	x30,0x36	 x30=0x8003feb0
     492055.000 ns	     49204	80009eb4	143f2823	sw	x3,336(x30)	 x30:0x8003feb0  x3:0x00000001 PA:0xxxxxxxxx
     492075.000 ns	     49206	80009eb8	ff9ff06f	jal	x0,80009eb4	
     492125.000 ns	     49211	80009eb0	00036f17	auipc	x30,0x36	 x30=0x8003feb0
     492135.000 ns	     49212	80009eb4	143f2823	sw	x3,336(x30)	 x30:0x8003feb0  x3:0x00000001 PA:0xxxxxxxxx
     492155.000 ns	     49214	80009eb8	ff9ff06f	jal	x0,80009eb4	
     492205.000 ns	     49219	80009eb0	00036f17	auipc	x30,0x36	 x30=0x8003feb0
     492215.000 ns	     49220	80009eb4	143f2823	sw	x3,336(x30)	 x30:0x8003feb0  x3:0x00000001 PA:0xxxxxxxxx
     492235.000 ns	     49222	80009eb8	ff9ff06f	jal	x0,80009eb4	
     492285.000 ns	     49227	80009eb0	00036f17	auipc	x30,0x36	 x30=0x8003feb0
     492295.000 ns	     49228	80009eb4	143f2823	sw	x3,336(x30)	 x30:0x8003feb0  x3:0x00000001 PA:0xxxxxxxxx
     492315.000 ns	     49230	80009eb8	ff9ff06f	jal	x0,80009eb4	
     492365.000 ns	     49235	80009eb0	00036f17	auipc	x30,0x36	 x30=0x8003feb0
     492375.000 ns	     49236	80009eb4	143f2823	sw	x3,336(x30)	 x30:0x8003feb0  x3:0x00000001 PA:0xxxxxxxxx
     492395.000 ns	     49238	80009eb8	ff9ff06f	jal	x0,80009eb4	
     492445.000 ns	     49243	80009eb0	00036f17	auipc	x30,0x36	 x30=0x8003feb0
     492455.000 ns	     49244	80009eb4	143f2823	sw	x3,336(x30)	 x30:0x8003feb0  x3:0x00000001 PA:0xxxxxxxxx
     492475.000 ns	     49246	80009eb8	ff9ff06f	jal	x0,80009eb4	
     492525.000 ns	     49251	80009eb0	00036f17	auipc	x30,0x36	 x30=0x8003feb0
     492535.000 ns	     49252	80009eb4	143f2823	sw	x3,336(x30)	 x30:0x8003feb0  x3:0x00000001 PA:0xxxxxxxxx
     492555.000 ns	     49254	80009eb8	ff9ff06f	jal	x0,80009eb4	
     492605.000 ns	     49259	80009eb0	00036f17	auipc	x30,0x36	 x30=0x8003feb0
     492615.000 ns	     49260	80009eb4	143f2823	sw	x3,336(x30)	 x30:0x8003feb0  x3:0x00000001 PA:0xxxxxxxxx
     492635.000 ns	     49262	80009eb8	ff9ff06f	jal	x0,80009eb4	
     492685.000 ns	     49267	80009eb0	00036f17	auipc	x30,0x36	 x30=0x8003feb0
     492695.000 ns	     49268	80009eb4	143f2823	sw	x3,336(x30)	 x30:0x8003feb0  x3:0x00000001 PA:0xxxxxxxxx
     492715.000 ns	     49270	80009eb8	ff9ff06f	jal	x0,80009eb4	
     492765.000 ns	     49275	80009eb0	00036f17	auipc	x30,0x36	 x30=0x8003feb0
     492775.000 ns	     49276	80009eb4	143f2823	sw	x3,336(x30)	 x30:0x8003feb0  x3:0x00000001 PA:0xxxxxxxxx
     492795.000 ns	     49278	80009eb8	ff9ff06f	jal	x0,80009eb4	
     492845.000 ns	     49283	80009eb0	00036f17	auipc	x30,0x36	 x30=0x8003feb0
     492855.000 ns	     49284	80009eb4	143f2823	sw	x3,336(x30)	 x30:0x8003feb0  x3:0x00000001 PA:0xxxxxxxxx
     492875.000 ns	     49286	80009eb8	ff9ff06f	jal	x0,80009eb4	
     492925.000 ns	     49291	80009eb0	00036f17	auipc	x30,0x36	 x30=0x8003feb0
     492935.000 ns	     49292	80009eb4	143f2823	sw	x3,336(x30)	 x30:0x8003feb0  x3:0x00000001 PA:0xxxxxxxxx
     492955.000 ns	     49294	80009eb8	ff9ff06f	jal	x0,80009eb4	
     493005.000 ns	     49299	80009eb0	00036f17	auipc	x30,0x36	 x30=0x8003feb0
     493015.000 ns	     49300	80009eb4	143f2823	sw	x3,336(x30)	 x30:0x8003feb0  x3:0x00000001 PA:0xxxxxxxxx
     493035.000 ns	     49302	80009eb8	ff9ff06f	jal	x0,80009eb4	
     493085.000 ns	     49307	80009eb0	00036f17	auipc	x30,0x36	 x30=0x8003feb0
     493095.000 ns	     49308	80009eb4	143f2823	sw	x3,336(x30)	 x30:0x8003feb0  x3:0x00000001 PA:0xxxxxxxxx
     493115.000 ns	     49310	80009eb8	ff9ff06f	jal	x0,80009eb4	
     493165.000 ns	     49315	80009eb0	00036f17	auipc	x30,0x36	 x30=0x8003feb0
     493175.000 ns	     49316	80009eb4	143f2823	sw	x3,336(x30)	 x30:0x8003feb0  x3:0x00000001 PA:0xxxxxxxxx
     493195.000 ns	     49318	80009eb8	ff9ff06f	jal	x0,80009eb4	
     493245.000 ns	     49323	80009eb0	00036f17	auipc	x30,0x36	 x30=0x8003feb0
     493255.000 ns	     49324	80009eb4	143f2823	sw	x3,336(x30)	 x30:0x8003feb0  x3:0x00000001 PA:0xxxxxxxxx
     493275.000 ns	     49326	80009eb8	ff9ff06f	jal	x0,80009eb4	
     493325.000 ns	     49331	80009eb0	00036f17	auipc	x30,0x36	 x30=0x8003feb0
     493335.000 ns	     49332	80009eb4	143f2823	sw	x3,336(x30)	 x30:0x8003feb0  x3:0x00000001 PA:0xxxxxxxxx
     493355.000 ns	     49334	80009eb8	ff9ff06f	jal	x0,80009eb4	
     493405.000 ns	     49339	80009eb0	00036f17	auipc	x30,0x36	 x30=0x8003feb0
     493415.000 ns	     49340	80009eb4	143f2823	sw	x3,336(x30)	 x30:0x8003feb0  x3:0x00000001 PA:0xxxxxxxxx
     493435.000 ns	     49342	80009eb8	ff9ff06f	jal	x0,80009eb4	
     493485.000 ns	     49347	80009eb0	00036f17	auipc	x30,0x36	 x30=0x8003feb0
     493495.000 ns	     49348	80009eb4	143f2823	sw	x3,336(x30)	 x30:0x8003feb0  x3:0x00000001 PA:0xxxxxxxxx
     493515.000 ns	     49350	80009eb8	ff9ff06f	jal	x0,80009eb4	
     493565.000 ns	     49355	80009eb0	00036f17	auipc	x30,0x36	 x30=0x8003feb0
     493575.000 ns	     49356	80009eb4	143f2823	sw	x3,336(x30)	 x30:0x8003feb0  x3:0x00000001 PA:0xxxxxxxxx
     493595.000 ns	     49358	80009eb8	ff9ff06f	jal	x0,80009eb4	
     493645.000 ns	     49363	80009eb0	00036f17	auipc	x30,0x36	 x30=0x8003feb0
     493655.000 ns	     49364	80009eb4	143f2823	sw	x3,336(x30)	 x30:0x8003feb0  x3:0x00000001 PA:0xxxxxxxxx
     493675.000 ns	     49366	80009eb8	ff9ff06f	jal	x0,80009eb4	
     493725.000 ns	     49371	80009eb0	00036f17	auipc	x30,0x36	 x30=0x8003feb0
     493735.000 ns	     49372	80009eb4	143f2823	sw	x3,336(x30)	 x30:0x8003feb0  x3:0x00000001 PA:0xxxxxxxxx
     493755.000 ns	     49374	80009eb8	ff9ff06f	jal	x0,80009eb4	
     493805.000 ns	     49379	80009eb0	00036f17	auipc	x30,0x36	 x30=0x8003feb0
     493815.000 ns	     49380	80009eb4	143f2823	sw	x3,336(x30)	 x30:0x8003feb0  x3:0x00000001 PA:0xxxxxxxxx
     493835.000 ns	     49382	80009eb8	ff9ff06f	jal	x0,80009eb4	
     493885.000 ns	     49387	80009eb0	00036f17	auipc	x30,0x36	 x30=0x8003feb0
     493895.000 ns	     49388	80009eb4	143f2823	sw	x3,336(x30)	 x30:0x8003feb0  x3:0x00000001 PA:0xxxxxxxxx
     493915.000 ns	     49390	80009eb8	ff9ff06f	jal	x0,80009eb4	
     493965.000 ns	     49395	80009eb0	00036f17	auipc	x30,0x36	 x30=0x8003feb0
     493975.000 ns	     49396	80009eb4	143f2823	sw	x3,336(x30)	 x30:0x8003feb0  x3:0x00000001 PA:0xxxxxxxxx
     493995.000 ns	     49398	80009eb8	ff9ff06f	jal	x0,80009eb4	
     494045.000 ns	     49403	80009eb0	00036f17	auipc	x30,0x36	 x30=0x8003feb0
     494055.000 ns	     49404	80009eb4	143f2823	sw	x3,336(x30)	 x30:0x8003feb0  x3:0x00000001 PA:0xxxxxxxxx
     494075.000 ns	     49406	80009eb8	ff9ff06f	jal	x0,80009eb4	
     494125.000 ns	     49411	80009eb0	00036f17	auipc	x30,0x36	 x30=0x8003feb0
     494135.000 ns	     49412	80009eb4	143f2823	sw	x3,336(x30)	 x30:0x8003feb0  x3:0x00000001 PA:0xxxxxxxxx
     494155.000 ns	     49414	80009eb8	ff9ff06f	jal	x0,80009eb4	
     494205.000 ns	     49419	80009eb0	00036f17	auipc	x30,0x36	 x30=0x8003feb0
     494215.000 ns	     49420	80009eb4	143f2823	sw	x3,336(x30)	 x30:0x8003feb0  x3:0x00000001 PA:0xxxxxxxxx
     494235.000 ns	     49422	80009eb8	ff9ff06f	jal	x0,80009eb4	
     494285.000 ns	     49427	80009eb0	00036f17	auipc	x30,0x36	 x30=0x8003feb0
     494295.000 ns	     49428	80009eb4	143f2823	sw	x3,336(x30)	 x30:0x8003feb0  x3:0x00000001 PA:0xxxxxxxxx
     494315.000 ns	     49430	80009eb8	ff9ff06f	jal	x0,80009eb4	
     494365.000 ns	     49435	80009eb0	00036f17	auipc	x30,0x36	 x30=0x8003feb0
     494375.000 ns	     49436	80009eb4	143f2823	sw	x3,336(x30)	 x30:0x8003feb0  x3:0x00000001 PA:0xxxxxxxxx
     494395.000 ns	     49438	80009eb8	ff9ff06f	jal	x0,80009eb4	
     494445.000 ns	     49443	80009eb0	00036f17	auipc	x30,0x36	 x30=0x8003feb0
     494455.000 ns	     49444	80009eb4	143f2823	sw	x3,336(x30)	 x30:0x8003feb0  x3:0x00000001 PA:0xxxxxxxxx
     494475.000 ns	     49446	80009eb8	ff9ff06f	jal	x0,80009eb4	
     494525.000 ns	     49451	80009eb0	00036f17	auipc	x30,0x36	 x30=0x8003feb0
     494535.000 ns	     49452	80009eb4	143f2823	sw	x3,336(x30)	 x30:0x8003feb0  x3:0x00000001 PA:0xxxxxxxxx
     494555.000 ns	     49454	80009eb8	ff9ff06f	jal	x0,80009eb4	
     494605.000 ns	     49459	80009eb0	00036f17	auipc	x30,0x36	 x30=0x8003feb0
     494615.000 ns	     49460	80009eb4	143f2823	sw	x3,336(x30)	 x30:0x8003feb0  x3:0x00000001 PA:0xxxxxxxxx
     494635.000 ns	     49462	80009eb8	ff9ff06f	jal	x0,80009eb4	
     494685.000 ns	     49467	80009eb0	00036f17	auipc	x30,0x36	 x30=0x8003feb0
     494695.000 ns	     49468	80009eb4	143f2823	sw	x3,336(x30)	 x30:0x8003feb0  x3:0x00000001 PA:0xxxxxxxxx
     494715.000 ns	     49470	80009eb8	ff9ff06f	jal	x0,80009eb4	
     494765.000 ns	     49475	80009eb0	00036f17	auipc	x30,0x36	 x30=0x8003feb0
     494775.000 ns	     49476	80009eb4	143f2823	sw	x3,336(x30)	 x30:0x8003feb0  x3:0x00000001 PA:0xxxxxxxxx
     494795.000 ns	     49478	80009eb8	ff9ff06f	jal	x0,80009eb4	
     494845.000 ns	     49483	80009eb0	00036f17	auipc	x30,0x36	 x30=0x8003feb0
     494855.000 ns	     49484	80009eb4	143f2823	sw	x3,336(x30)	 x30:0x8003feb0  x3:0x00000001 PA:0xxxxxxxxx
     494875.000 ns	     49486	80009eb8	ff9ff06f	jal	x0,80009eb4	
     494925.000 ns	     49491	80009eb0	00036f17	auipc	x30,0x36	 x30=0x8003feb0
     494935.000 ns	     49492	80009eb4	143f2823	sw	x3,336(x30)	 x30:0x8003feb0  x3:0x00000001 PA:0xxxxxxxxx
     494955.000 ns	     49494	80009eb8	ff9ff06f	jal	x0,80009eb4	
     495005.000 ns	     49499	80009eb0	00036f17	auipc	x30,0x36	 x30=0x8003feb0
     495015.000 ns	     49500	80009eb4	143f2823	sw	x3,336(x30)	 x30:0x8003feb0  x3:0x00000001 PA:0xxxxxxxxx
     495035.000 ns	     49502	80009eb8	ff9ff06f	jal	x0,80009eb4	
     495085.000 ns	     49507	80009eb0	00036f17	auipc	x30,0x36	 x30=0x8003feb0
     495095.000 ns	     49508	80009eb4	143f2823	sw	x3,336(x30)	 x30:0x8003feb0  x3:0x00000001 PA:0xxxxxxxxx
     495115.000 ns	     49510	80009eb8	ff9ff06f	jal	x0,80009eb4	
     495165.000 ns	     49515	80009eb0	00036f17	auipc	x30,0x36	 x30=0x8003feb0
     495175.000 ns	     49516	80009eb4	143f2823	sw	x3,336(x30)	 x30:0x8003feb0  x3:0x00000001 PA:0xxxxxxxxx
     495195.000 ns	     49518	80009eb8	ff9ff06f	jal	x0,80009eb4	
     495245.000 ns	     49523	80009eb0	00036f17	auipc	x30,0x36	 x30=0x8003feb0
     495255.000 ns	     49524	80009eb4	143f2823	sw	x3,336(x30)	 x30:0x8003feb0  x3:0x00000001 PA:0xxxxxxxxx
     495275.000 ns	     49526	80009eb8	ff9ff06f	jal	x0,80009eb4	
     495325.000 ns	     49531	80009eb0	00036f17	auipc	x30,0x36	 x30=0x8003feb0
     495335.000 ns	     49532	80009eb4	143f2823	sw	x3,336(x30)	 x30:0x8003feb0  x3:0x00000001 PA:0xxxxxxxxx
     495355.000 ns	     49534	80009eb8	ff9ff06f	jal	x0,80009eb4	
     495405.000 ns	     49539	80009eb0	00036f17	auipc	x30,0x36	 x30=0x8003feb0
     495415.000 ns	     49540	80009eb4	143f2823	sw	x3,336(x30)	 x30:0x8003feb0  x3:0x00000001 PA:0xxxxxxxxx
     495435.000 ns	     49542	80009eb8	ff9ff06f	jal	x0,80009eb4	
     495485.000 ns	     49547	80009eb0	00036f17	auipc	x30,0x36	 x30=0x8003feb0
     495495.000 ns	     49548	80009eb4	143f2823	sw	x3,336(x30)	 x30:0x8003feb0  x3:0x00000001 PA:0xxxxxxxxx
     495515.000 ns	     49550	80009eb8	ff9ff06f	jal	x0,80009eb4	
     495565.000 ns	     49555	80009eb0	00036f17	auipc	x30,0x36	 x30=0x8003feb0
     495575.000 ns	     49556	80009eb4	143f2823	sw	x3,336(x30)	 x30:0x8003feb0  x3:0x00000001 PA:0xxxxxxxxx
     495595.000 ns	     49558	80009eb8	ff9ff06f	jal	x0,80009eb4	
     495645.000 ns	     49563	80009eb0	00036f17	auipc	x30,0x36	 x30=0x8003feb0
     495655.000 ns	     49564	80009eb4	143f2823	sw	x3,336(x30)	 x30:0x8003feb0  x3:0x00000001 PA:0xxxxxxxxx
     495675.000 ns	     49566	80009eb8	ff9ff06f	jal	x0,80009eb4	
     495725.000 ns	     49571	80009eb0	00036f17	auipc	x30,0x36	 x30=0x8003feb0
     495735.000 ns	     49572	80009eb4	143f2823	sw	x3,336(x30)	 x30:0x8003feb0  x3:0x00000001 PA:0xxxxxxxxx
     495755.000 ns	     49574	80009eb8	ff9ff06f	jal	x0,80009eb4	
     495805.000 ns	     49579	80009eb0	00036f17	auipc	x30,0x36	 x30=0x8003feb0
     495815.000 ns	     49580	80009eb4	143f2823	sw	x3,336(x30)	 x30:0x8003feb0  x3:0x00000001 PA:0xxxxxxxxx
     495835.000 ns	     49582	80009eb8	ff9ff06f	jal	x0,80009eb4	
     495885.000 ns	     49587	80009eb0	00036f17	auipc	x30,0x36	 x30=0x8003feb0
     495895.000 ns	     49588	80009eb4	143f2823	sw	x3,336(x30)	 x30:0x8003feb0  x3:0x00000001 PA:0xxxxxxxxx
     495915.000 ns	     49590	80009eb8	ff9ff06f	jal	x0,80009eb4	
     495965.000 ns	     49595	80009eb0	00036f17	auipc	x30,0x36	 x30=0x8003feb0
     495975.000 ns	     49596	80009eb4	143f2823	sw	x3,336(x30)	 x30:0x8003feb0  x3:0x00000001 PA:0xxxxxxxxx
     495995.000 ns	     49598	80009eb8	ff9ff06f	jal	x0,80009eb4	
     496045.000 ns	     49603	80009eb0	00036f17	auipc	x30,0x36	 x30=0x8003feb0
     496055.000 ns	     49604	80009eb4	143f2823	sw	x3,336(x30)	 x30:0x8003feb0  x3:0x00000001 PA:0xxxxxxxxx
     496075.000 ns	     49606	80009eb8	ff9ff06f	jal	x0,80009eb4	
     496125.000 ns	     49611	80009eb0	00036f17	auipc	x30,0x36	 x30=0x8003feb0
     496135.000 ns	     49612	80009eb4	143f2823	sw	x3,336(x30)	 x30:0x8003feb0  x3:0x00000001 PA:0xxxxxxxxx
     496155.000 ns	     49614	80009eb8	ff9ff06f	jal	x0,80009eb4	
     496205.000 ns	     49619	80009eb0	00036f17	auipc	x30,0x36	 x30=0x8003feb0
     496215.000 ns	     49620	80009eb4	143f2823	sw	x3,336(x30)	 x30:0x8003feb0  x3:0x00000001 PA:0xxxxxxxxx
     496235.000 ns	     49622	80009eb8	ff9ff06f	jal	x0,80009eb4	
     496285.000 ns	     49627	80009eb0	00036f17	auipc	x30,0x36	 x30=0x8003feb0
     496295.000 ns	     49628	80009eb4	143f2823	sw	x3,336(x30)	 x30:0x8003feb0  x3:0x00000001 PA:0xxxxxxxxx
     496315.000 ns	     49630	80009eb8	ff9ff06f	jal	x0,80009eb4	
     496365.000 ns	     49635	80009eb0	00036f17	auipc	x30,0x36	 x30=0x8003feb0
     496375.000 ns	     49636	80009eb4	143f2823	sw	x3,336(x30)	 x30:0x8003feb0  x3:0x00000001 PA:0xxxxxxxxx
     496395.000 ns	     49638	80009eb8	ff9ff06f	jal	x0,80009eb4	
     496445.000 ns	     49643	80009eb0	00036f17	auipc	x30,0x36	 x30=0x8003feb0
     496455.000 ns	     49644	80009eb4	143f2823	sw	x3,336(x30)	 x30:0x8003feb0  x3:0x00000001 PA:0xxxxxxxxx
     496475.000 ns	     49646	80009eb8	ff9ff06f	jal	x0,80009eb4	
     496525.000 ns	     49651	80009eb0	00036f17	auipc	x30,0x36	 x30=0x8003feb0
     496535.000 ns	     49652	80009eb4	143f2823	sw	x3,336(x30)	 x30:0x8003feb0  x3:0x00000001 PA:0xxxxxxxxx
     496555.000 ns	     49654	80009eb8	ff9ff06f	jal	x0,80009eb4	
     496605.000 ns	     49659	80009eb0	00036f17	auipc	x30,0x36	 x30=0x8003feb0
     496615.000 ns	     49660	80009eb4	143f2823	sw	x3,336(x30)	 x30:0x8003feb0  x3:0x00000001 PA:0xxxxxxxxx
     496635.000 ns	     49662	80009eb8	ff9ff06f	jal	x0,80009eb4	
     496685.000 ns	     49667	80009eb0	00036f17	auipc	x30,0x36	 x30=0x8003feb0
     496695.000 ns	     49668	80009eb4	143f2823	sw	x3,336(x30)	 x30:0x8003feb0  x3:0x00000001 PA:0xxxxxxxxx
     496715.000 ns	     49670	80009eb8	ff9ff06f	jal	x0,80009eb4	
     496765.000 ns	     49675	80009eb0	00036f17	auipc	x30,0x36	 x30=0x8003feb0
     496775.000 ns	     49676	80009eb4	143f2823	sw	x3,336(x30)	 x30:0x8003feb0  x3:0x00000001 PA:0xxxxxxxxx
     496795.000 ns	     49678	80009eb8	ff9ff06f	jal	x0,80009eb4	
     496845.000 ns	     49683	80009eb0	00036f17	auipc	x30,0x36	 x30=0x8003feb0
     496855.000 ns	     49684	80009eb4	143f2823	sw	x3,336(x30)	 x30:0x8003feb0  x3:0x00000001 PA:0xxxxxxxxx
     496875.000 ns	     49686	80009eb8	ff9ff06f	jal	x0,80009eb4	
     496925.000 ns	     49691	80009eb0	00036f17	auipc	x30,0x36	 x30=0x8003feb0
     496935.000 ns	     49692	80009eb4	143f2823	sw	x3,336(x30)	 x30:0x8003feb0  x3:0x00000001 PA:0xxxxxxxxx
     496955.000 ns	     49694	80009eb8	ff9ff06f	jal	x0,80009eb4	
     497005.000 ns	     49699	80009eb0	00036f17	auipc	x30,0x36	 x30=0x8003feb0
     497015.000 ns	     49700	80009eb4	143f2823	sw	x3,336(x30)	 x30:0x8003feb0  x3:0x00000001 PA:0xxxxxxxxx
     497035.000 ns	     49702	80009eb8	ff9ff06f	jal	x0,80009eb4	
     497085.000 ns	     49707	80009eb0	00036f17	auipc	x30,0x36	 x30=0x8003feb0
     497095.000 ns	     49708	80009eb4	143f2823	sw	x3,336(x30)	 x30:0x8003feb0  x3:0x00000001 PA:0xxxxxxxxx
     497115.000 ns	     49710	80009eb8	ff9ff06f	jal	x0,80009eb4	
     497165.000 ns	     49715	80009eb0	00036f17	auipc	x30,0x36	 x30=0x8003feb0
     497175.000 ns	     49716	80009eb4	143f2823	sw	x3,336(x30)	 x30:0x8003feb0  x3:0x00000001 PA:0xxxxxxxxx
     497195.000 ns	     49718	80009eb8	ff9ff06f	jal	x0,80009eb4	
     497245.000 ns	     49723	80009eb0	00036f17	auipc	x30,0x36	 x30=0x8003feb0
     497255.000 ns	     49724	80009eb4	143f2823	sw	x3,336(x30)	 x30:0x8003feb0  x3:0x00000001 PA:0xxxxxxxxx
     497275.000 ns	     49726	80009eb8	ff9ff06f	jal	x0,80009eb4	
     497325.000 ns	     49731	80009eb0	00036f17	auipc	x30,0x36	 x30=0x8003feb0
     497335.000 ns	     49732	80009eb4	143f2823	sw	x3,336(x30)	 x30:0x8003feb0  x3:0x00000001 PA:0xxxxxxxxx
     497355.000 ns	     49734	80009eb8	ff9ff06f	jal	x0,80009eb4	
     497405.000 ns	     49739	80009eb0	00036f17	auipc	x30,0x36	 x30=0x8003feb0
     497415.000 ns	     49740	80009eb4	143f2823	sw	x3,336(x30)	 x30:0x8003feb0  x3:0x00000001 PA:0xxxxxxxxx
     497435.000 ns	     49742	80009eb8	ff9ff06f	jal	x0,80009eb4	
     497485.000 ns	     49747	80009eb0	00036f17	auipc	x30,0x36	 x30=0x8003feb0
     497495.000 ns	     49748	80009eb4	143f2823	sw	x3,336(x30)	 x30:0x8003feb0  x3:0x00000001 PA:0xxxxxxxxx
     497515.000 ns	     49750	80009eb8	ff9ff06f	jal	x0,80009eb4	
     497565.000 ns	     49755	80009eb0	00036f17	auipc	x30,0x36	 x30=0x8003feb0
     497575.000 ns	     49756	80009eb4	143f2823	sw	x3,336(x30)	 x30:0x8003feb0  x3:0x00000001 PA:0xxxxxxxxx
     497595.000 ns	     49758	80009eb8	ff9ff06f	jal	x0,80009eb4	
     497645.000 ns	     49763	80009eb0	00036f17	auipc	x30,0x36	 x30=0x8003feb0
     497655.000 ns	     49764	80009eb4	143f2823	sw	x3,336(x30)	 x30:0x8003feb0  x3:0x00000001 PA:0xxxxxxxxx
     497675.000 ns	     49766	80009eb8	ff9ff06f	jal	x0,80009eb4	
     497725.000 ns	     49771	80009eb0	00036f17	auipc	x30,0x36	 x30=0x8003feb0
     497735.000 ns	     49772	80009eb4	143f2823	sw	x3,336(x30)	 x30:0x8003feb0  x3:0x00000001 PA:0xxxxxxxxx
     497755.000 ns	     49774	80009eb8	ff9ff06f	jal	x0,80009eb4	
     497805.000 ns	     49779	80009eb0	00036f17	auipc	x30,0x36	 x30=0x8003feb0
     497815.000 ns	     49780	80009eb4	143f2823	sw	x3,336(x30)	 x30:0x8003feb0  x3:0x00000001 PA:0xxxxxxxxx
     497835.000 ns	     49782	80009eb8	ff9ff06f	jal	x0,80009eb4	
     497885.000 ns	     49787	80009eb0	00036f17	auipc	x30,0x36	 x30=0x8003feb0
     497895.000 ns	     49788	80009eb4	143f2823	sw	x3,336(x30)	 x30:0x8003feb0  x3:0x00000001 PA:0xxxxxxxxx
     497915.000 ns	     49790	80009eb8	ff9ff06f	jal	x0,80009eb4	
     497965.000 ns	     49795	80009eb0	00036f17	auipc	x30,0x36	 x30=0x8003feb0
     497975.000 ns	     49796	80009eb4	143f2823	sw	x3,336(x30)	 x30:0x8003feb0  x3:0x00000001 PA:0xxxxxxxxx
     497995.000 ns	     49798	80009eb8	ff9ff06f	jal	x0,80009eb4	
     498045.000 ns	     49803	80009eb0	00036f17	auipc	x30,0x36	 x30=0x8003feb0
     498055.000 ns	     49804	80009eb4	143f2823	sw	x3,336(x30)	 x30:0x8003feb0  x3:0x00000001 PA:0xxxxxxxxx
     498075.000 ns	     49806	80009eb8	ff9ff06f	jal	x0,80009eb4	
     498125.000 ns	     49811	80009eb0	00036f17	auipc	x30,0x36	 x30=0x8003feb0
     498135.000 ns	     49812	80009eb4	143f2823	sw	x3,336(x30)	 x30:0x8003feb0  x3:0x00000001 PA:0xxxxxxxxx
     498155.000 ns	     49814	80009eb8	ff9ff06f	jal	x0,80009eb4	
     498205.000 ns	     49819	80009eb0	00036f17	auipc	x30,0x36	 x30=0x8003feb0
     498215.000 ns	     49820	80009eb4	143f2823	sw	x3,336(x30)	 x30:0x8003feb0  x3:0x00000001 PA:0xxxxxxxxx
     498235.000 ns	     49822	80009eb8	ff9ff06f	jal	x0,80009eb4	
     498285.000 ns	     49827	80009eb0	00036f17	auipc	x30,0x36	 x30=0x8003feb0
     498295.000 ns	     49828	80009eb4	143f2823	sw	x3,336(x30)	 x30:0x8003feb0  x3:0x00000001 PA:0xxxxxxxxx
     498315.000 ns	     49830	80009eb8	ff9ff06f	jal	x0,80009eb4	
     498365.000 ns	     49835	80009eb0	00036f17	auipc	x30,0x36	 x30=0x8003feb0
     498375.000 ns	     49836	80009eb4	143f2823	sw	x3,336(x30)	 x30:0x8003feb0  x3:0x00000001 PA:0xxxxxxxxx
     498395.000 ns	     49838	80009eb8	ff9ff06f	jal	x0,80009eb4	
     498445.000 ns	     49843	80009eb0	00036f17	auipc	x30,0x36	 x30=0x8003feb0
     498455.000 ns	     49844	80009eb4	143f2823	sw	x3,336(x30)	 x30:0x8003feb0  x3:0x00000001 PA:0xxxxxxxxx
     498475.000 ns	     49846	80009eb8	ff9ff06f	jal	x0,80009eb4	
     498525.000 ns	     49851	80009eb0	00036f17	auipc	x30,0x36	 x30=0x8003feb0
     498535.000 ns	     49852	80009eb4	143f2823	sw	x3,336(x30)	 x30:0x8003feb0  x3:0x00000001 PA:0xxxxxxxxx
     498555.000 ns	     49854	80009eb8	ff9ff06f	jal	x0,80009eb4	
     498605.000 ns	     49859	80009eb0	00036f17	auipc	x30,0x36	 x30=0x8003feb0
     498615.000 ns	     49860	80009eb4	143f2823	sw	x3,336(x30)	 x30:0x8003feb0  x3:0x00000001 PA:0xxxxxxxxx
     498635.000 ns	     49862	80009eb8	ff9ff06f	jal	x0,80009eb4	
     498685.000 ns	     49867	80009eb0	00036f17	auipc	x30,0x36	 x30=0x8003feb0
     498695.000 ns	     49868	80009eb4	143f2823	sw	x3,336(x30)	 x30:0x8003feb0  x3:0x00000001 PA:0xxxxxxxxx
     498715.000 ns	     49870	80009eb8	ff9ff06f	jal	x0,80009eb4	
     498765.000 ns	     49875	80009eb0	00036f17	auipc	x30,0x36	 x30=0x8003feb0
     498775.000 ns	     49876	80009eb4	143f2823	sw	x3,336(x30)	 x30:0x8003feb0  x3:0x00000001 PA:0xxxxxxxxx
     498795.000 ns	     49878	80009eb8	ff9ff06f	jal	x0,80009eb4	
     498845.000 ns	     49883	80009eb0	00036f17	auipc	x30,0x36	 x30=0x8003feb0
     498855.000 ns	     49884	80009eb4	143f2823	sw	x3,336(x30)	 x30:0x8003feb0  x3:0x00000001 PA:0xxxxxxxxx
     498875.000 ns	     49886	80009eb8	ff9ff06f	jal	x0,80009eb4	
     498925.000 ns	     49891	80009eb0	00036f17	auipc	x30,0x36	 x30=0x8003feb0
     498935.000 ns	     49892	80009eb4	143f2823	sw	x3,336(x30)	 x30:0x8003feb0  x3:0x00000001 PA:0xxxxxxxxx
     498955.000 ns	     49894	80009eb8	ff9ff06f	jal	x0,80009eb4	
     499005.000 ns	     49899	80009eb0	00036f17	auipc	x30,0x36	 x30=0x8003feb0
     499015.000 ns	     49900	80009eb4	143f2823	sw	x3,336(x30)	 x30:0x8003feb0  x3:0x00000001 PA:0xxxxxxxxx
     499035.000 ns	     49902	80009eb8	ff9ff06f	jal	x0,80009eb4	
     499085.000 ns	     49907	80009eb0	00036f17	auipc	x30,0x36	 x30=0x8003feb0
     499095.000 ns	     49908	80009eb4	143f2823	sw	x3,336(x30)	 x30:0x8003feb0  x3:0x00000001 PA:0xxxxxxxxx
     499115.000 ns	     49910	80009eb8	ff9ff06f	jal	x0,80009eb4	
     499165.000 ns	     49915	80009eb0	00036f17	auipc	x30,0x36	 x30=0x8003feb0
     499175.000 ns	     49916	80009eb4	143f2823	sw	x3,336(x30)	 x30:0x8003feb0  x3:0x00000001 PA:0xxxxxxxxx
     499195.000 ns	     49918	80009eb8	ff9ff06f	jal	x0,80009eb4	
     499245.000 ns	     49923	80009eb0	00036f17	auipc	x30,0x36	 x30=0x8003feb0
     499255.000 ns	     49924	80009eb4	143f2823	sw	x3,336(x30)	 x30:0x8003feb0  x3:0x00000001 PA:0xxxxxxxxx
     499275.000 ns	     49926	80009eb8	ff9ff06f	jal	x0,80009eb4	
     499325.000 ns	     49931	80009eb0	00036f17	auipc	x30,0x36	 x30=0x8003feb0
     499335.000 ns	     49932	80009eb4	143f2823	sw	x3,336(x30)	 x30:0x8003feb0  x3:0x00000001 PA:0xxxxxxxxx
     499355.000 ns	     49934	80009eb8	ff9ff06f	jal	x0,80009eb4	
     499405.000 ns	     49939	80009eb0	00036f17	auipc	x30,0x36	 x30=0x8003feb0
     499415.000 ns	     49940	80009eb4	143f2823	sw	x3,336(x30)	 x30:0x8003feb0  x3:0x00000001 PA:0xxxxxxxxx
     499435.000 ns	     49942	80009eb8	ff9ff06f	jal	x0,80009eb4	
     499485.000 ns	     49947	80009eb0	00036f17	auipc	x30,0x36	 x30=0x8003feb0
     499495.000 ns	     49948	80009eb4	143f2823	sw	x3,336(x30)	 x30:0x8003feb0  x3:0x00000001 PA:0xxxxxxxxx
     499515.000 ns	     49950	80009eb8	ff9ff06f	jal	x0,80009eb4	
     499565.000 ns	     49955	80009eb0	00036f17	auipc	x30,0x36	 x30=0x8003feb0
     499575.000 ns	     49956	80009eb4	143f2823	sw	x3,336(x30)	 x30:0x8003feb0  x3:0x00000001 PA:0xxxxxxxxx
     499595.000 ns	     49958	80009eb8	ff9ff06f	jal	x0,80009eb4	
     499645.000 ns	     49963	80009eb0	00036f17	auipc	x30,0x36	 x30=0x8003feb0
     499655.000 ns	     49964	80009eb4	143f2823	sw	x3,336(x30)	 x30:0x8003feb0  x3:0x00000001 PA:0xxxxxxxxx
     499675.000 ns	     49966	80009eb8	ff9ff06f	jal	x0,80009eb4	
     499725.000 ns	     49971	80009eb0	00036f17	auipc	x30,0x36	 x30=0x8003feb0
     499735.000 ns	     49972	80009eb4	143f2823	sw	x3,336(x30)	 x30:0x8003feb0  x3:0x00000001 PA:0xxxxxxxxx
     499755.000 ns	     49974	80009eb8	ff9ff06f	jal	x0,80009eb4	
     499805.000 ns	     49979	80009eb0	00036f17	auipc	x30,0x36	 x30=0x8003feb0
     499815.000 ns	     49980	80009eb4	143f2823	sw	x3,336(x30)	 x30:0x8003feb0  x3:0x00000001 PA:0xxxxxxxxx
     499835.000 ns	     49982	80009eb8	ff9ff06f	jal	x0,80009eb4	
     499885.000 ns	     49987	80009eb0	00036f17	auipc	x30,0x36	 x30=0x8003feb0
     499895.000 ns	     49988	80009eb4	143f2823	sw	x3,336(x30)	 x30:0x8003feb0  x3:0x00000001 PA:0xxxxxxxxx
     499915.000 ns	     49990	80009eb8	ff9ff06f	jal	x0,80009eb4	
     499965.000 ns	     49995	80009eb0	00036f17	auipc	x30,0x36	 x30=0x8003feb0
     499975.000 ns	     49996	80009eb4	143f2823	sw	x3,336(x30)	 x30:0x8003feb0  x3:0x00000001 PA:0xxxxxxxxx
