		Time			Cycle	PC		Insn	Decoded instruction	Register and memory contents
         65.000 ns	         5	80000000	f14022f3	csrrs	x5,mhartid,x0	  x0:0x00000000  x5=0xffffff14
         75.000 ns	         6	80000004	00000313	addi	x6,x0,0	  x0:0x00000000  x6=0x00000000
         85.000 ns	         7	80000008	00628263	beq	x5,x6,8000000c	  x5:0x00000000  x6:0x00000000
         95.000 ns	         8	8000000c	00000217	auipc	x4,0x0	  x4=0x8000000c
        105.000 ns	         9	80000010	00c20213	addi	x4,x4,12	  x4:0x00000000  x4=0x80000018
        115.000 ns	        10	80000014	00020067	jalr	x0,x4,0	  x4:0x00000000
        165.000 ns	        15	80000018	400017b7	lui	x15,0x40001	 x15=0x40001000
        175.000 ns	        16	8000001c	12078793	addi	x15,x15,288	 x15:0x00000000 x15=0x40001120
        185.000 ns	        17	80000020	30179073	csrrw	x0,misa,x15	 x15:0x00000000
        195.000 ns	        18	80000024	00041997	auipc	x19,0x41	 x19=0x80041024
        205.000 ns	        19	80000028	00098993	addi	x19,x19,0	 x19:0x00000000 x19=0x80041024
        215.000 ns	        20	8000002c	0000b797	auipc	x15,0xb	 x15=0x8000b02c
        225.000 ns	        21	80000030	8c478793	addi	x15,x15,-1852	 x15:0x40001120 x15=0x8000a8f0
        235.000 ns	        22	80000034	0017e793	ori	x15,x15,1	 x15:0x40001120 x15=0x8000a8f1
        245.000 ns	        23	80000038	30579073	csrrw	x0,mtvec,x15	 x15:0x8000b02c
        255.000 ns	        24	8000003c	00000797	auipc	x15,0x0	 x15=0x8000003c
        265.000 ns	        25	80000040	02878793	addi	x15,x15,40	 x15:0x8000a8f1 x15=0x80000064
        275.000 ns	        26	80000044	34179073	csrrw	x0,mepc,x15	 x15:0x8000a8f1
        285.000 ns	        27	80000048	00000013	addi	x0,x0,0	  x0:0x00000000
        295.000 ns	        28	8000004c	000047b7	lui	x15,0x4	 x15=0x00004000
        305.000 ns	        29	80000050	80078793	addi	x15,x15,-2048	 x15:0x80000064 x15=0x00003800
        315.000 ns	        30	80000054	30079073	csrrw	x0,mstatus,x15	 x15:0x80000064
        325.000 ns	        31	80000058	00000793	addi	x15,x0,0	  x0:0x00000000 x15=0x00000000
        335.000 ns	        32	8000005c	30479073	csrrw	x0,mie,x15	 x15:0x00003800
        345.000 ns	        33	80000060	30200073	mret	
        355.000 ns	        34	80000064	bd80d7b7	lui	x15,0xbd80d	 x15=0xbd80d000
        365.000 ns	        35	80000068	09078793	addi	x15,x15,144	 x15:0x00000000 x15=0xbd80d090
        385.000 ns	        37	8000006c	f0078053	fmv.w.x	f0,x15	 x15:0x00000000  f0=0xbd80d090
        405.000 ns	        39	80000070	00000793	addi	x15,x0,0	  x0:0x00000000 x15=0x00000000
        425.000 ns	        41	80000074	f00780d3	fmv.w.x	f1,x15	 x15:0xbd80d090  f1=0x00000000
        445.000 ns	        43	80000078	002327b7	lui	x15,0x232	 x15=0x00232000
        455.000 ns	        44	8000007c	cbc78793	addi	x15,x15,-836	 x15:0x00000000 x15=0x00231cbc
        475.000 ns	        46	80000080	f0078153	fmv.w.x	f2,x15	 x15:0x00000000  f2=0x00231cbc
        495.000 ns	        48	80000084	800007b7	lui	x15,0x80000	 x15=0x80000000
        515.000 ns	        50	80000088	f00781d3	fmv.w.x	f3,x15	 x15:0x00231cbc  f3=0x80000000
        535.000 ns	        52	8000008c	7f8007b7	lui	x15,0x7f800	 x15=0x7f800000
        545.000 ns	        53	80000090	fff78793	addi	x15,x15,-1	 x15:0x80000000 x15=0x7f7fffff
        565.000 ns	        55	80000094	f0078253	fmv.w.x	f4,x15	 x15:0x80000000  f4=0x7f7fffff
        585.000 ns	        57	80000098	6a15f7b7	lui	x15,0x6a15f	 x15=0x6a15f000
        595.000 ns	        58	8000009c	74078793	addi	x15,x15,1856	 x15:0x7f7fffff x15=0x6a15f740
        615.000 ns	        60	800000a0	f00782d3	fmv.w.x	f5,x15	 x15:0x7f7fffff  f5=0x6a15f740
        635.000 ns	        62	800000a4	7fc007b7	lui	x15,0x7fc00	 x15=0x7fc00000
        655.000 ns	        64	800000a8	f0078353	fmv.w.x	f6,x15	 x15:0x6a15f740  f6=0x7fc00000
        675.000 ns	        66	800000ac	801787b7	lui	x15,0x80178	 x15=0x80178000
        685.000 ns	        67	800000b0	bec78793	addi	x15,x15,-1044	 x15:0x7fc00000 x15=0x80177bec
        705.000 ns	        69	800000b4	f00783d3	fmv.w.x	f7,x15	 x15:0x7fc00000  f7=0x80177bec
        725.000 ns	        71	800000b8	7f8007b7	lui	x15,0x7f800	 x15=0x7f800000
        735.000 ns	        72	800000bc	00178793	addi	x15,x15,1	 x15:0x80177bec x15=0x7f800001
        755.000 ns	        74	800000c0	f0078453	fmv.w.x	f8,x15	 x15:0x80177bec  f8=0x7f800001
        775.000 ns	        76	800000c4	7f8007b7	lui	x15,0x7f800	 x15=0x7f800000
        785.000 ns	        77	800000c8	fff78793	addi	x15,x15,-1	 x15:0x7f800001 x15=0x7f7fffff
        805.000 ns	        79	800000cc	f00784d3	fmv.w.x	f9,x15	 x15:0x7f800001  f9=0x7f7fffff
        825.000 ns	        81	800000d0	ff8007b7	lui	x15,0xff800	 x15=0xff800000
        835.000 ns	        82	800000d4	fff78793	addi	x15,x15,-1	 x15:0x7f7fffff x15=0xff7fffff
        855.000 ns	        84	800000d8	f0078553	fmv.w.x	f10,x15	 x15:0x7f7fffff f10=0xff7fffff
        875.000 ns	        86	800000dc	7f8007b7	lui	x15,0x7f800	 x15=0x7f800000
        885.000 ns	        87	800000e0	fff78793	addi	x15,x15,-1	 x15:0xff7fffff x15=0x7f7fffff
        905.000 ns	        89	800000e4	f00785d3	fmv.w.x	f11,x15	 x15:0xff7fffff f11=0x7f7fffff
        925.000 ns	        91	800000e8	926927b7	lui	x15,0x92692	 x15=0x92692000
        935.000 ns	        92	800000ec	a9a78793	addi	x15,x15,-1382	 x15:0x7f7fffff x15=0x92691a9a
        955.000 ns	        94	800000f0	f0078653	fmv.w.x	f12,x15	 x15:0x7f7fffff f12=0x92691a9a
        975.000 ns	        96	800000f4	7fc007b7	lui	x15,0x7fc00	 x15=0x7fc00000
        995.000 ns	        98	800000f8	f00786d3	fmv.w.x	f13,x15	 x15:0x92691a9a f13=0x7fc00000
       1015.000 ns	       100	800000fc	ff8007b7	lui	x15,0xff800	 x15=0xff800000
       1025.000 ns	       101	80000100	fff78793	addi	x15,x15,-1	 x15:0x7fc00000 x15=0xff7fffff
       1045.000 ns	       103	80000104	f0078753	fmv.w.x	f14,x15	 x15:0x7fc00000 f14=0xff7fffff
       1065.000 ns	       105	80000108	7f8007b7	lui	x15,0x7f800	 x15=0x7f800000
       1075.000 ns	       106	8000010c	fff78793	addi	x15,x15,-1	 x15:0xff7fffff x15=0x7f7fffff
       1095.000 ns	       108	80000110	f00787d3	fmv.w.x	f15,x15	 x15:0xff7fffff f15=0x7f7fffff
       1115.000 ns	       110	80000114	7fc007b7	lui	x15,0x7fc00	 x15=0x7fc00000
       1135.000 ns	       112	80000118	f0078853	fmv.w.x	f16,x15	 x15:0x7f7fffff f16=0x7fc00000
       1155.000 ns	       114	8000011c	ff8007b7	lui	x15,0xff800	 x15=0xff800000
       1165.000 ns	       115	80000120	fff78793	addi	x15,x15,-1	 x15:0x7fc00000 x15=0xff7fffff
       1185.000 ns	       117	80000124	f00788d3	fmv.w.x	f17,x15	 x15:0x7fc00000 f17=0xff7fffff
       1205.000 ns	       119	80000128	8eae17b7	lui	x15,0x8eae1	 x15=0x8eae1000
       1215.000 ns	       120	8000012c	7b678793	addi	x15,x15,1974	 x15:0xff7fffff x15=0x8eae17b6
       1235.000 ns	       122	80000130	f0078953	fmv.w.x	f18,x15	 x15:0xff7fffff f18=0x8eae17b6
       1255.000 ns	       124	80000134	8c7577b7	lui	x15,0x8c757	 x15=0x8c757000
       1265.000 ns	       125	80000138	da878793	addi	x15,x15,-600	 x15:0x8eae17b6 x15=0x8c756da8
       1285.000 ns	       127	8000013c	f00789d3	fmv.w.x	f19,x15	 x15:0x8eae17b6 f19=0x8c756da8
       1305.000 ns	       129	80000140	22fc57b7	lui	x15,0x22fc5	 x15=0x22fc5000
       1315.000 ns	       130	80000144	49d78793	addi	x15,x15,1181	 x15:0x8c756da8 x15=0x22fc549d
       1335.000 ns	       132	80000148	f0078a53	fmv.w.x	f20,x15	 x15:0x8c756da8 f20=0x22fc549d
       1355.000 ns	       134	8000014c	804f37b7	lui	x15,0x804f3	 x15=0x804f3000
       1365.000 ns	       135	80000150	af578793	addi	x15,x15,-1291	 x15:0x22fc549d x15=0x804f2af5
       1385.000 ns	       137	80000154	f0078ad3	fmv.w.x	f21,x15	 x15:0x22fc549d f21=0x804f2af5
       1405.000 ns	       139	80000158	7f8007b7	lui	x15,0x7f800	 x15=0x7f800000
       1415.000 ns	       140	8000015c	00178793	addi	x15,x15,1	 x15:0x804f2af5 x15=0x7f800001
       1435.000 ns	       142	80000160	f0078b53	fmv.w.x	f22,x15	 x15:0x804f2af5 f22=0x7f800001
       1455.000 ns	       144	80000164	7f8007b7	lui	x15,0x7f800	 x15=0x7f800000
       1465.000 ns	       145	80000168	fff78793	addi	x15,x15,-1	 x15:0x7f800001 x15=0x7f7fffff
       1485.000 ns	       147	8000016c	f0078bd3	fmv.w.x	f23,x15	 x15:0x7f800001 f23=0x7f7fffff
       1505.000 ns	       149	80000170	7fc007b7	lui	x15,0x7fc00	 x15=0x7fc00000
       1525.000 ns	       151	80000174	f0078c53	fmv.w.x	f24,x15	 x15:0x7f7fffff f24=0x7fc00000
       1545.000 ns	       153	80000178	002987b7	lui	x15,0x298	 x15=0x00298000
       1555.000 ns	       154	8000017c	b1778793	addi	x15,x15,-1257	 x15:0x7fc00000 x15=0x00297b17
       1575.000 ns	       156	80000180	f0078cd3	fmv.w.x	f25,x15	 x15:0x7fc00000 f25=0x00297b17
       1595.000 ns	       158	80000184	00000793	addi	x15,x0,0	  x0:0x00000000 x15=0x00000000
       1615.000 ns	       160	80000188	f0078d53	fmv.w.x	f26,x15	 x15:0x00297b17 f26=0x00000000
       1635.000 ns	       162	8000018c	800007b7	lui	x15,0x80000	 x15=0x80000000
       1655.000 ns	       164	80000190	f0078dd3	fmv.w.x	f27,x15	 x15:0x00000000 f27=0x80000000
       1675.000 ns	       166	80000194	800007b7	lui	x15,0x80000	 x15=0x80000000
       1695.000 ns	       168	80000198	f0078e53	fmv.w.x	f28,x15	 x15:0x80000000 f28=0x80000000
       1715.000 ns	       170	8000019c	ff8007b7	lui	x15,0xff800	 x15=0xff800000
       1735.000 ns	       172	800001a0	f0078ed3	fmv.w.x	f29,x15	 x15:0x80000000 f29=0xff800000
       1755.000 ns	       174	800001a4	802a17b7	lui	x15,0x802a1	 x15=0x802a1000
       1765.000 ns	       175	800001a8	07f78793	addi	x15,x15,127	 x15:0xff800000 x15=0x802a107f
       1785.000 ns	       177	800001ac	f0078f53	fmv.w.x	f30,x15	 x15:0xff800000 f30=0x802a107f
       1805.000 ns	       179	800001b0	802f37b7	lui	x15,0x802f3	 x15=0x802f3000
       1815.000 ns	       180	800001b4	cb578793	addi	x15,x15,-843	 x15:0x802a107f x15=0x802f2cb5
       1835.000 ns	       182	800001b8	f0078fd3	fmv.w.x	f31,x15	 x15:0x802a107f f31=0x802f2cb5
       1855.000 ns	       184	800001bc	0020d073	csrrwi	x0,frm,1	
       1865.000 ns	       185	800001c0	fec31037	lui	x0,0xfec31	
       1875.000 ns	       186	800001c4	62500013	addi	x0,x0,1573	  x0:0x00000000
       1885.000 ns	       187	800001c8	00000093	addi	x1,x0,0	  x0:0x00000000  x1=0x00000000
       1895.000 ns	       188	800001cc	80000137	lui	x2,0x80000	  x2=0x80000000
       1905.000 ns	       189	800001d0	a37a91b7	lui	x3,0xa37a9	  x3=0xa37a9000
       1915.000 ns	       190	800001d4	acc18193	addi	x3,x3,-1332	  x3:0x00000000  x3=0xa37a8acc
       1925.000 ns	       191	800001d8	00000213	addi	x4,x0,0	  x0:0x00000000  x4=0x00000000
       1935.000 ns	       192	800001dc	00000293	addi	x5,x0,0	  x0:0x00000000  x5=0x00000000
       1945.000 ns	       193	800001e0	f9f0c337	lui	x6,0xf9f0c	  x6=0xf9f0c000
       1955.000 ns	       194	800001e4	8f730313	addi	x6,x6,-1801	  x6:0x00000000  x6=0xf9f0b8f7
       1965.000 ns	       195	800001e8	00a00393	addi	x7,x0,10	  x0:0x00000000  x7=0x0000000a
       1975.000 ns	       196	800001ec	00a00413	addi	x8,x0,10	  x0:0x00000000  x8=0x0000000a
       1985.000 ns	       197	800001f0	f2a9a4b7	lui	x9,0xf2a9a	  x9=0xf2a9a000
       1995.000 ns	       198	800001f4	72a48493	addi	x9,x9,1834	  x9:0x00000000  x9=0xf2a9a72a
       2005.000 ns	       199	800001f8	80000537	lui	x10,0x80000	 x10=0x80000000
       2015.000 ns	       200	800001fc	00200593	addi	x11,x0,2	  x0:0x00000000 x11=0x00000002
       2025.000 ns	       201	80000200	f4b5b637	lui	x12,0xf4b5b	 x12=0xf4b5b000
       2035.000 ns	       202	80000204	57c60613	addi	x12,x12,1404	 x12:0x00000000 x12=0xf4b5b57c
       2045.000 ns	       203	80000208	800006b7	lui	x13,0x80000	 x13=0x80000000
       2055.000 ns	       204	8000020c	00000713	addi	x14,x0,0	  x0:0x00000000 x14=0x00000000
       2065.000 ns	       205	80000210	fa4b87b7	lui	x15,0xfa4b8	 x15=0xfa4b8000
       2075.000 ns	       206	80000214	d7578793	addi	x15,x15,-651	 x15:0x802f2cb5 x15=0xfa4b7d75
       2085.000 ns	       207	80000218	b00138b7	lui	x17,0xb0013	 x17=0xb0013000
       2095.000 ns	       208	8000021c	a4d88893	addi	x17,x17,-1459	 x17:0x00000000 x17=0xb0012a4d
       2105.000 ns	       209	80000220	f573f937	lui	x18,0xf573f	 x18=0xf573f000
       2115.000 ns	       210	80000224	62790913	addi	x18,x18,1575	 x18:0x00000000 x18=0xf573f627
       2125.000 ns	       211	80000228	80000a37	lui	x20,0x80000	 x20=0x80000000
       2135.000 ns	       212	8000022c	deb5fab7	lui	x21,0xdeb5f	 x21=0xdeb5f000
       2145.000 ns	       213	80000230	016a8a93	addi	x21,x21,22	 x21:0x00000000 x21=0xdeb5f016
       2155.000 ns	       214	80000234	f3a96b37	lui	x22,0xf3a96	 x22=0xf3a96000
       2165.000 ns	       215	80000238	d20b0b13	addi	x22,x22,-736	 x22:0x00000000 x22=0xf3a95d20
       2175.000 ns	       216	8000023c	00600b93	addi	x23,x0,6	  x0:0x00000000 x23=0x00000006
       2185.000 ns	       217	80000240	bcdd5c37	lui	x24,0xbcdd5	 x24=0xbcdd5000
       2195.000 ns	       218	80000244	931c0c13	addi	x24,x24,-1743	 x24:0x00000000 x24=0xbcdd4931
       2205.000 ns	       219	80000248	00000c93	addi	x25,x0,0	  x0:0x00000000 x25=0x00000000
       2215.000 ns	       220	8000024c	80000d37	lui	x26,0x80000	 x26=0x80000000
       2225.000 ns	       221	80000250	00000d93	addi	x27,x0,0	  x0:0x00000000 x27=0x00000000
       2235.000 ns	       222	80000254	80000e37	lui	x28,0x80000	 x28=0x80000000
       2245.000 ns	       223	80000258	80000eb7	lui	x29,0x80000	 x29=0x80000000
       2255.000 ns	       224	8000025c	00000f13	addi	x30,x0,0	  x0:0x00000000 x30=0x00000000
       2265.000 ns	       225	80000260	fb764fb7	lui	x31,0xfb764	 x31=0xfb764000
       2275.000 ns	       226	80000264	e18f8f93	addi	x31,x31,-488	 x31:0x00000000 x31=0xfb763e18
       2285.000 ns	       227	80000268	00041817	auipc	x16,0x41	 x16=0x80041268
       2295.000 ns	       228	8000026c	d7c80813	addi	x16,x16,-644	 x16:0x00000000 x16=0x80040fe4
       2325.000 ns	       231	80000270	19040cd3	fdiv.s	f25,f8,f16	  f8:0x7f800001 f16:0x7fc00000 f25=0x7fc00000
       2355.000 ns	       234	80000274	211114d3	fsgnjn.s	f9,f2,f17	  f2:0x00231cbc f17:0xff7fffff  f9=0x00231cbc
       2385.000 ns	       237	80000278	296c9fd3	fmax.s	f31,f25,f22	 f25:0x7fc00000 f22:0x7f800001 f31=0x7fc00000
       2405.000 ns	       239	8000027c	01b087b3	add	x15,x1,x27	  x1:0x00000000 x27:0x00000000 x15=0x00000000
       2425.000 ns	       241	80000280	020d8e33	mul	x28,x27,x0	 x27:0x00000000  x0:0x00000000 x28=0x00000000
       2795.000 ns	       278	80000284	028c5c33	divu	x24,x24,x8	 x24:0xbcdd4931  x8:0x0000000a x24=0x12e2edb8
       2845.000 ns	       283	80000288	096c0553	fsub.s	f10,f24,f22	 f24:0x7fc00000 f22:0x7f800001 f10=0x7fc00000
       2865.000 ns	       285	8000028c	00edc533	xor	x10,x27,x14	 x27:0x00000000 x14:0x00000000 x10=0x00000000
       2875.000 ns	       286	80000290	01968e33	add	x28,x13,x25	 x13:0x80000000 x25:0x00000000 x28=0x80000000
       2905.000 ns	       289	80000294	5803a353	fsqrt.s	f6,f7	  f7:0x80177bec  f6=0x7fc00000
       2935.000 ns	       292	80000298	d007ac53	fcvt.s.w	f24,x15	 x15:0x00000000 f24=0x00000000
       2955.000 ns	       294	8000029c	019460b3	or	x1,x8,x25	  x8:0x0000000a x25:0x00000000  x1=0x0000000a
       2965.000 ns	       295	800002a0	41cb0933	sub	x18,x22,x28	 x22:0xf3a95d20 x28:0x80000000 x18=0x73a95d20
       2975.000 ns	       296	800002a4	417e8ab3	sub	x21,x29,x23	 x29:0x80000000 x23:0x00000006 x21=0x7ffffffa
       2995.000 ns	       298	800002a8	e00b13d3	fclass.s	x7,f22	 f22:0x7f800001  x7=0x00000100
       3035.000 ns	       302	800002ac	5806bad3	fsqrt.s	f21,f13	 f13:0x7fc00000 f21=0x7fc00000
       3065.000 ns	       305	800002b0	02f35633	divu	x12,x6,x15	  x6:0xf9f0b8f7 x15:0x00000000 x12=0xffffffff
       3085.000 ns	       307	800002b4	019ea7b3	slt	x15,x29,x25	 x29:0x80000000 x25:0x00000000 x15=0x00000001
       3445.000 ns	       343	800002b8	03c6e633	rem	x12,x13,x28	 x13:0x80000000 x28:0x80000000 x12=0x00000000
       3485.000 ns	       347	800002bc	11f8fcd3	fmul.s	f25,f17,f31	 f17:0xff7fffff f31:0x7fc00000 f25=0x7fc00000
       3515.000 ns	       350	800002c0	21e52253	fsgnjx.s	f4,f10,f30	 f10:0x7fc00000 f30:0x802a107f  f4=0xffc00000
       3535.000 ns	       352	800002c4	0098d3b3	srl	x7,x17,x9	 x17:0xb0012a4d  x9:0xf2a9a72a  x7=0x002c004a
       3545.000 ns	       353	800002c8	16f04013	xori	x0,x0,367	  x0:0x00000000
       3555.000 ns	       354	800002cc	f81fc313	xori	x6,x31,-127	 x31:0xfb763e18  x6=0x0489c199
       3565.000 ns	       355	800002d0	001db1b3	sltu	x3,x27,x1	 x27:0x00000000  x1:0x0000000a  x3=0x00000001
       3575.000 ns	       356	800002d4	01ea9413	slli	x8,x21,0x1e	 x21:0x7ffffffa  x8=0x80000000
       3615.000 ns	       360	800002d8	004e97d3	fadd.s	f15,f29,f4	 f29:0xff800000  f4:0xffc00000 f15=0x7fc00000
       3635.000 ns	       362	800002dc	00000013	addi	x0,x0,0	  x0:0x00000000
       3645.000 ns	       363	800002e0	b804b113	sltiu	x2,x9,-1152	  x9:0xf2a9a72a  x2=0x00000001
       3665.000 ns	       365	800002e4	28d89153	fmax.s	f2,f17,f13	 f17:0xff7fffff f13:0x7fc00000  f2=0xff7fffff
       3685.000 ns	       367	800002e8	cffac313	xori	x6,x21,-769	 x21:0x7ffffffa  x6=0x80000305
       3705.000 ns	       369	800002ec	02eb1eb3	mulh	x29,x22,x14	 x22:0xf3a95d20 x14:0x00000000 x29=0x00000000
       3725.000 ns	       371	800002f0	404a07b3	sub	x15,x20,x4	 x20:0x80000000  x4:0x00000000 x15=0x80000000
       3745.000 ns	       373	800002f4	0220b933	mulhu	x18,x1,x2	  x1:0x0000000a  x2:0x00000001 x18=0x00000000
       3785.000 ns	       377	800002f8	18c370d3	fdiv.s	f1,f6,f12	  f6:0x7fc00000 f12:0x92691a9a  f1=0x7fc00000
       3805.000 ns	       379	800002fc	010bceb3	xor	x29,x23,x16	 x23:0x00000006 x16:0x80040fe4 x29=0x80040fe2
       3815.000 ns	       380	80000300	4007d793	srai	x15,x15,0x0	 x15:0x80000000 x15=0x80000000
       3835.000 ns	       382	80000304	21d20553	fsgnj.s	f10,f4,f29	  f4:0xffc00000 f29:0xff800000 f10=0xffc00000
       3855.000 ns	       384	80000308	23178d93	addi	x27,x15,561	 x15:0x80000000 x27=0x80000231
       3865.000 ns	       385	8000030c	00000013	addi	x0,x0,0	  x0:0x00000000
       3905.000 ns	       389	80000310	005772d3	fadd.s	f5,f14,f5	 f14:0xff7fffff  f5:0x6a15f740  f5=0xff7ffffe
       3935.000 ns	       392	80000314	025b76b3	remu	x13,x22,x5	 x22:0xf3a95d20  x5:0x00000000 x13=0xf3a95d20
       3975.000 ns	       396	80000318	580d8353	fsqrt.s	f6,f27	 f27:0x80000000  f6=0x80000000
       3995.000 ns	       398	8000031c	40595693	srai	x13,x18,0x5	 x18:0x00000000 x13=0x00000000
       4005.000 ns	       399	80000320	aecc8937	lui	x18,0xaecc8	 x18=0xaecc8000
       4015.000 ns	       400	80000324	41e65c93	srai	x25,x12,0x1e	 x12:0x00000000 x25=0x00000000
       4035.000 ns	       402	80000328	28a383d3	fmin.s	f7,f7,f10	  f7:0x80177bec f10:0xffc00000  f7=0x80177bec
       4055.000 ns	       404	8000032c	e74ba093	slti	x1,x23,-396	 x23:0x00000006  x1=0x00000000
       4065.000 ns	       405	80000330	001078b3	and	x17,x0,x1	  x0:0x00000000  x1:0x0000000a x17=0x00000000
       4075.000 ns	       406	80000334	00418bb3	add	x23,x3,x4	  x3:0x00000001  x4:0x00000000 x23=0x00000001
       4085.000 ns	       407	80000338	01fcdb33	srl	x22,x25,x31	 x25:0x00000000 x31:0xfb763e18 x22=0x00000000
       4095.000 ns	       408	8000033c	7347f193	andi	x3,x15,1844	 x15:0x80000000  x3=0x00000000
       4115.000 ns	       410	80000340	a1991553	flt.s	x10,f18,f25	 f18:0x8eae17b6 f25:0x7fc00000 x10=0x00000000
       4145.000 ns	       413	80000344	f0060853	fmv.w.x	f16,x12	 x12:0x00000000 f16=0x00000000
       4195.000 ns	       418	80000348	084c3d53	fsub.s	f26,f24,f4	 f24:0x00000000  f4:0xffc00000 f26=0x7fc00000
       4225.000 ns	       421	8000034c	20688c53	fsgnj.s	f24,f17,f6	 f17:0xff7fffff  f6:0x80000000 f24=0xff7fffff
       4245.000 ns	       423	80000350	0198b633	sltu	x12,x17,x25	 x17:0x00000000 x25:0x00000000 x12=0x00000000
       4255.000 ns	       424	80000354	01c34eb3	xor	x29,x6,x28	  x6:0x80000305 x28:0x80000000 x29=0x00000305
       4265.000 ns	       425	80000358	ed2ec613	xori	x12,x29,-302	 x29:0x80040fe2 x12=0xfffffdd7
       4275.000 ns	       426	8000035c	7b52ef13	ori	x30,x5,1973	  x5:0x00000000 x30=0x000007b5
       4295.000 ns	       428	80000360	d004ffd3	fcvt.s.w	f31,x9	  x9:0xf2a9a72a f31=0xcd55658d
       4335.000 ns	       432	80000364	580696d3	fsqrt.s	f13,f13	 f13:0x7fc00000 f13=0x7fc00000
       4365.000 ns	       435	80000368	d014f9d3	fcvt.s.wu	f19,x9	  x9:0xf2a9a72a f19=0x4f72a9a7
       4395.000 ns	       438	8000036c	29ac0b53	fmin.s	f22,f24,f26	 f24:0xff7fffff f26:0x7fc00000 f22=0xff7fffff
       4415.000 ns	       440	80000370	b849fa93	andi	x21,x19,-1148	 x19:0x80041024 x21=0x80041004
       4445.000 ns	       443	80000374	58097353	fsqrt.s	f6,f18	 f18:0x8eae17b6  f6=0x7fc00000
       4475.000 ns	       446	80000378	c0047ed3	fcvt.w.s	x29,f8	  f8:0x7f800001 x29=0x7fffffff
       4495.000 ns	       448	8000037c	d483bf93	sltiu	x31,x7,-696	  x7:0x002c004a x31=0x00000001
       4515.000 ns	       450	80000380	21e219d3	fsgnjn.s	f19,f4,f30	  f4:0xffc00000 f30:0x802a107f f19=0x7fc00000
       4555.000 ns	       454	80000384	580e7b53	fsqrt.s	f22,f28	 f28:0x80000000 f22=0x80000000
       4575.000 ns	       456	80000388	0054a2b3	slt	x5,x9,x5	  x9:0xf2a9a72a  x5:0x00000000  x5=0x00000001
       4595.000 ns	       458	8000038c	c013fbd3	fcvt.wu.s	x23,f7	  f7:0x80177bec x23=0x00000000
       4615.000 ns	       460	80000390	027a6313	ori	x6,x20,39	 x20:0x80000000  x6=0x80000027
       4645.000 ns	       463	80000394	1860f553	fdiv.s	f10,f1,f6	  f1:0x7fc00000  f6:0x7fc00000 f10=0x7fc00000
       4665.000 ns	       465	80000398	e086aa93	slti	x21,x13,-504	 x13:0x00000000 x21=0x00000000
       4685.000 ns	       467	8000039c	a0fa0ad3	fle.s	x21,f20,f15	 f20:0x22fc549d f15:0x7fc00000 x21=0x00000000
       4705.000 ns	       469	800003a0	018bc8b3	xor	x17,x23,x24	 x23:0x00000000 x24:0x12e2edb8 x17=0x12e2edb8
       4725.000 ns	       471	800003a4	e0058553	fmv.x.w	x10,f11	 f11:0x7f7fffff x10=0x7f7fffff
       4755.000 ns	       474	800003a8	029606b3	mul	x13,x12,x9	 x12:0xfffffdd7  x9:0xf2a9a72a x13=0xcf85e646
       4785.000 ns	       477	800003ac	c011be53	fcvt.wu.s	x28,f3	  f3:0x80000000 x28=0x00000000
       4815.000 ns	       480	800003b0	a0f10fd3	fle.s	x31,f2,f15	  f2:0xff7fffff f15:0x7fc00000 x31=0x00000000
       4835.000 ns	       482	800003b4	10faa093	slti	x1,x21,271	 x21:0x00000000  x1=0x00000001
       4855.000 ns	       484	800003b8	d014a853	fcvt.s.wu	f16,x9	  x9:0xf2a9a72a f16=0x4f72a9a8
       4885.000 ns	       487	800003bc	294a0fd3	fmin.s	f31,f20,f20	 f20:0x22fc549d f20:0x22fc549d f31=0x22fc549d
       4935.000 ns	       492	800003c0	01edbcd3	fadd.s	f25,f27,f30	 f27:0x80000000 f30:0x802a107f f25=0x802a107f
       4955.000 ns	       494	800003c4	40ebda13	srai	x20,x23,0xe	 x23:0x00000000 x20=0x00000000
       4975.000 ns	       496	800003c8	c013b053	fcvt.wu.s	x0,f7	  f7:0x80177bec
       5005.000 ns	       499	800003cc	c00ff953	fcvt.w.s	x18,f31	 f31:0x22fc549d x18=0x00000000
       5025.000 ns	       501	800003d0	00504933	xor	x18,x0,x5	  x0:0x00000000  x5:0x00000001 x18=0x00000001
       5045.000 ns	       503	800003d4	f00b8053	fmv.w.x	f0,x23	 x23:0x00000000  f0=0x00000000
       5075.000 ns	       506	800003d8	f00703d3	fmv.w.x	f7,x14	 x14:0x00000000  f7=0x00000000
       5095.000 ns	       508	800003dc	01e1b6b3	sltu	x13,x3,x30	  x3:0x00000000 x30:0x000007b5 x13=0x00000001
       5105.000 ns	       509	800003e0	bb226a93	ori	x21,x4,-1102	  x4:0x00000000 x21=0xfffffbb2
       5115.000 ns	       510	800003e4	00a95b93	srli	x23,x18,0xa	 x18:0x00000001 x23=0x00000000
       5125.000 ns	       511	800003e8	03c7bc93	sltiu	x25,x15,60	 x15:0x80000000 x25=0x00000000
       5485.000 ns	       547	800003ec	03dbcd33	div	x26,x23,x29	 x23:0x00000000 x29:0x7fffffff x26=0x00000000
       5505.000 ns	       549	800003f0	2c250eb7	lui	x29,0x2c250	 x29=0x2c250000
       5525.000 ns	       551	800003f4	03cb04b3	mul	x9,x22,x28	 x22:0x00000000 x28:0x00000000  x9=0x00000000
       5555.000 ns	       554	800003f8	03cf4a33	div	x20,x30,x28	 x30:0x000007b5 x28:0x00000000 x20=0xffffffff
       5575.000 ns	       556	800003fc	0151a4b3	slt	x9,x3,x21	  x3:0x00000000 x21:0xfffffbb2  x9=0x00000000
       5585.000 ns	       557	80000400	00631a33	sll	x20,x6,x6	  x6:0x80000027  x6:0x80000027 x20=0x00001380
       5595.000 ns	       558	80000404	17fd7493	andi	x9,x26,383	 x26:0x00000000  x9=0x00000000
       5615.000 ns	       560	80000408	020a02b3	mul	x5,x20,x0	 x20:0xffffffff  x0:0x00000000  x5=0x00000000
       5645.000 ns	       563	8000040c	a0e80753	fle.s	x14,f16,f14	 f16:0x4f72a9a8 f14:0xff7fffff x14=0x00000000
       5665.000 ns	       565	80000410	4952c7b7	lui	x15,0x4952c	 x15=0x4952c000
       5685.000 ns	       567	80000414	022bb033	mulhu	x0,x23,x2	 x23:0x00000000  x2:0x00000001
       5705.000 ns	       569	80000418	76a73793	sltiu	x15,x14,1898	 x14:0x00000000 x15=0x00000001
       5725.000 ns	       571	8000041c	e0029453	fclass.s	x8,f5	  f5:0xff7ffffe  x8=0x00000002
       5755.000 ns	       574	80000420	a09990d3	flt.s	x1,f19,f9	 f19:0x7fc00000  f9:0x00231cbc  x1=0x00000000
       6125.000 ns	       611	80000424	033af7b3	remu	x15,x21,x19	 x21:0xfffffbb2 x19:0x80041024 x15=0x7ffbeb8e
       6155.000 ns	       614	80000428	02c53c33	mulhu	x24,x10,x12	 x10:0x7f7fffff x12:0xfffffdd7 x24=0x7f7ffeeb
       6185.000 ns	       617	8000042c	c01af5d3	fcvt.wu.s	x11,f21	 f21:0x7fc00000 x11=0xffffffff
       6205.000 ns	       619	80000430	00000013	addi	x0,x0,0	  x0:0x00000000
       6225.000 ns	       621	80000434	d01a4cd3	fcvt.s.wu	f25,x20	 x20:0x00001380 f25=0x459c0000
       6255.000 ns	       624	80000438	a1a707d3	fle.s	x15,f14,f26	 f14:0xff7fffff f26:0x7fc00000 x15=0x00000000
       6275.000 ns	       626	8000043c	4098da13	srai	x20,x17,0x9	 x17:0x12e2edb8 x20=0x00097176
       6295.000 ns	       628	80000440	21370bd3	fsgnj.s	f23,f14,f19	 f14:0xff7fffff f19:0x7fc00000 f23=0x7f7fffff
       6325.000 ns	       631	80000444	a07903d3	fle.s	x7,f18,f7	 f18:0x8eae17b6  f7:0x00000000  x7=0x00000001
       6355.000 ns	       634	80000448	03ab9ab3	mulh	x21,x23,x26	 x23:0x00000000 x26:0x00000000 x21=0x00000000
       6375.000 ns	       636	8000044c	0018e2b3	or	x5,x17,x1	 x17:0x12e2edb8  x1:0x00000000  x5=0x12e2edb8
       6385.000 ns	       637	80000450	01cbd3b3	srl	x7,x23,x28	 x23:0x00000000 x28:0x00000000  x7=0x00000000
       6395.000 ns	       638	80000454	91b46313	ori	x6,x8,-1765	  x8:0x00000002  x6=0xfffff91b
       6755.000 ns	       674	80000458	022a63b3	rem	x7,x20,x2	 x20:0x00097176  x2:0x00000001  x7=0x00000000
       6785.000 ns	       677	8000045c	e00c9453	fclass.s	x8,f25	 f25:0x459c0000  x8=0x00000040
       6805.000 ns	       679	80000460	002a9633	sll	x12,x21,x2	 x21:0x00000000  x2:0x00000001 x12=0x00000000
       6815.000 ns	       680	80000464	41fa5793	srai	x15,x20,0x1f	 x20:0x00097176 x15=0x00000000
       6835.000 ns	       682	80000468	d017ffd3	fcvt.s.wu	f31,x15	 x15:0x00000000 f31=0x00000000
       6855.000 ns	       684	8000046c	00a8a2b3	slt	x5,x17,x10	 x17:0x12e2edb8 x10:0x7f7fffff  x5=0x00000001
       6865.000 ns	       685	80000470	00e847b3	xor	x15,x16,x14	 x16:0x80040fe4 x14:0x00000000 x15=0x80040fe4
       6875.000 ns	       686	80000474	007f1b13	slli	x22,x30,0x7	 x30:0x000007b5 x22=0x0003da80
       6895.000 ns	       688	80000478	e00a8ad3	fmv.x.w	x21,f21	 f21:0x7fc00000 x21=0x7fc00000
       6915.000 ns	       690	8000047c	15ec6b13	ori	x22,x24,350	 x24:0x7f7ffeeb x22=0x7f7fffff
       6935.000 ns	       692	80000480	a1d38b53	fle.s	x22,f7,f29	  f7:0x00000000 f29:0xff800000 x22=0x00000000
       6955.000 ns	       694	80000484	01632333	slt	x6,x6,x22	  x6:0xfffff91b x22:0x0003da80  x6=0x00000001
       6975.000 ns	       696	80000488	a08110d3	flt.s	x1,f2,f8	  f2:0xff7fffff  f8:0x7f800001  x1=0x00000000
       7005.000 ns	       699	8000048c	02000a33	mul	x20,x0,x0	  x0:0x00000000  x0:0x00000000 x20=0x00000000
       7035.000 ns	       702	80000490	a05e1cd3	flt.s	x25,f28,f5	 f28:0x80000000  f5:0xff7ffffe x25=0x00000000
       7065.000 ns	       705	80000494	034a1c33	mulh	x24,x20,x20	 x20:0x00000000 x20:0x00000000 x24=0x00000000
       7095.000 ns	       708	80000498	c0007553	fcvt.w.s	x10,f0	  f0:0x00000000 x10=0x00000000
       7125.000 ns	       711	8000049c	20e18853	fsgnj.s	f16,f3,f14	  f3:0x80000000 f14:0xff7fffff f16=0x80000000
       7155.000 ns	       714	800004a0	29519453	fmax.s	f8,f3,f21	  f3:0x80000000 f21:0x7fc00000  f8=0x80000000
       7175.000 ns	       716	800004a4	006aaf33	slt	x30,x21,x6	 x21:0x7fc00000  x6:0x00000001 x30=0x00000000
       7205.000 ns	       719	800004a8	5808ae53	fsqrt.s	f28,f17	 f17:0xff7fffff f28=0x7fc00000
       7235.000 ns	       722	800004ac	29f78fd3	fmin.s	f31,f15,f31	 f15:0x7fc00000 f31:0x00000000 f31=0x00000000
       7605.000 ns	       759	800004b0	031a55b3	divu	x11,x20,x17	 x20:0x00000000 x17:0x12e2edb8 x11=0x00000000
       7635.000 ns	       762	800004b4	03ffdc33	divu	x24,x31,x31	 x31:0x00000000 x31:0x00000000 x24=0xffffffff
       7655.000 ns	       764	800004b8	40cfd5b3	sra	x11,x31,x12	 x31:0x00000000 x12:0x00000000 x11=0x00000000
       7665.000 ns	       765	800004bc	1b19cab7	lui	x21,0x1b19c	 x21=0x1b19c000
       7675.000 ns	       766	800004c0	16dcae13	slti	x28,x25,365	 x25:0x00000000 x28=0x00000001
       7695.000 ns	       768	800004c4	a19890d3	flt.s	x1,f17,f25	 f17:0xff7fffff f25:0x459c0000  x1=0x00000001
       7725.000 ns	       771	800004c8	d00487d3	fcvt.s.w	f15,x9	  x9:0x00000000 f15=0x00000000
       7745.000 ns	       773	800004cc	7f7bb613	sltiu	x12,x23,2039	 x23:0x00000000 x12=0x00000001
       7765.000 ns	       775	800004d0	213f1a53	fsgnjn.s	f20,f30,f19	 f30:0x802a107f f19:0x7fc00000 f20=0x802a107f
       7785.000 ns	       777	800004d4	01088d17	auipc	x26,0x1088	 x26=0x810884d4
       7795.000 ns	       778	800004d8	0145c433	xor	x8,x11,x20	 x11:0x00000000 x20:0x00000000  x8=0x00000000
       7825.000 ns	       781	800004dc	18c389d3	fdiv.s	f19,f7,f12	  f7:0x00000000 f12:0x92691a9a f19=0x80000000
       7845.000 ns	       783	800004e0	ffff4413	xori	x8,x30,-1	 x30:0x00000000  x8=0xffffffff
       8205.000 ns	       819	800004e4	021444b3	div	x9,x8,x1	  x8:0x00000000  x1:0x00000001  x9=0xffffffff
       8225.000 ns	       821	800004e8	01bfd533	srl	x10,x31,x27	 x31:0x00000000 x27:0x80000231 x10=0x00000000
       8245.000 ns	       823	800004ec	03b23c33	mulhu	x24,x4,x27	  x4:0x00000000 x27:0x80000231 x24=0x00000000
       8275.000 ns	       826	800004f0	02b9b5b3	mulhu	x11,x19,x11	 x19:0x80041024 x11:0x00000000 x11=0x00000000
       8295.000 ns	       828	800004f4	407d50b3	sra	x1,x26,x7	 x26:0x810884d4  x7:0x00000000  x1=0x810884d4
       8305.000 ns	       829	800004f8	4bf7fa93	andi	x21,x15,1215	 x15:0x80040fe4 x21=0x000004a4
       8315.000 ns	       830	800004fc	6158c893	xori	x17,x17,1557	 x17:0x12e2edb8 x17=0x12e2ebad
       8325.000 ns	       831	80000500	402e01b3	sub	x3,x28,x2	 x28:0x00000001  x2:0x00000001  x3=0x00000000
       8345.000 ns	       833	80000504	a15cabd3	feq.s	x23,f25,f21	 f25:0x459c0000 f21:0x7fc00000 x23=0x00000000
       8375.000 ns	       836	80000508	e0018cd3	fmv.x.w	x25,f3	  f3:0x80000000 x25=0x80000000
       8395.000 ns	       838	8000050c	409288b3	sub	x17,x5,x9	  x5:0x00000001  x9:0xffffffff x17=0x00000002
       8755.000 ns	       874	80000510	0229c033	div	x0,x19,x2	 x19:0x80041024  x2:0x00000001
       9125.000 ns	       911	80000514	03306733	rem	x14,x0,x19	  x0:0x00000000 x19:0x80041024 x14=0x00000000
       9155.000 ns	       914	80000518	d003fed3	fcvt.s.w	f29,x7	  x7:0x00000000 f29=0x00000000
       9185.000 ns	       917	8000051c	038fa433	mulhsu	x8,x31,x24	 x31:0x00000000 x24:0x00000000  x8=0x00000000
       9215.000 ns	       920	80000520	280387d3	fmin.s	f15,f7,f0	  f7:0x00000000  f0:0x00000000 f15=0x00000000
       9235.000 ns	       922	80000524	41098433	sub	x8,x19,x16	 x19:0x80041024 x16:0x80040fe4  x8=0x00000040
       9245.000 ns	       923	80000528	2e2505b7	lui	x11,0x2e250	 x11=0x2e250000
       9265.000 ns	       925	8000052c	2167abd3	fsgnjx.s	f23,f15,f22	 f15:0x00000000 f22:0x80000000 f23=0x80000000
       9285.000 ns	       927	80000530	804e4197	auipc	x3,0x804e4	  x3=0x004e4530
       9295.000 ns	       928	80000534	00f61133	sll	x2,x12,x15	 x12:0x00000001 x15:0x80040fe4  x2=0x00000010
       9305.000 ns	       929	80000538	01e16f33	or	x30,x2,x30	  x2:0x00000001 x30:0x00000000 x30=0x00000010
       9325.000 ns	       931	8000053c	02492eb3	mulhsu	x29,x18,x4	 x18:0x00000001  x4:0x00000000 x29=0x00000000
       9355.000 ns	       934	80000540	a1d78153	fle.s	x2,f15,f29	 f15:0x00000000 f29:0x00000000  x2=0x00000001
       9385.000 ns	       937	80000544	e00f1953	fclass.s	x18,f30	 f30:0x802a107f x18=0x00000004
       9415.000 ns	       940	80000548	03221733	mulh	x14,x4,x18	  x4:0x00000000 x18:0x00000001 x14=0x00000000
       9445.000 ns	       943	8000054c	d0039053	fcvt.s.w	f0,x7	  x7:0x00000000  f0=0x00000000
       9475.000 ns	       946	80000550	03cd84b3	mul	x9,x27,x28	 x27:0x80000231 x28:0x00000001  x9=0x80000231
       9505.000 ns	       949	80000554	037c5933	divu	x18,x24,x23	 x24:0x00000000 x23:0x00000000 x18=0xffffffff
       9535.000 ns	       952	80000558	28161bd3	fmax.s	f23,f12,f1	 f12:0x92691a9a  f1:0x7fc00000 f23=0x92691a9a
       9565.000 ns	       955	8000055c	027364b3	rem	x9,x6,x7	  x6:0x00000001  x7:0x00000000  x9=0x00000001
       9615.000 ns	       960	80000560	08291653	fsub.s	f12,f18,f2	 f18:0x8eae17b6  f2:0xff7fffff f12=0x7f7fffff
       9645.000 ns	       963	80000564	a0658a53	fle.s	x20,f11,f6	 f11:0x7f7fffff  f6:0x7fc00000 x20=0x00000000
       9695.000 ns	       968	80000568	00ca27d3	fadd.s	f15,f20,f12	 f20:0x802a107f f12:0x7f7fffff f15=0x7f7fffff
       9725.000 ns	       971	8000056c	e00a1f53	fclass.s	x30,f20	 f20:0x802a107f x30=0x00000004
       9745.000 ns	       973	80000570	4017d8b7	lui	x17,0x4017d	 x17=0x4017d000
       9755.000 ns	       974	80000574	013c6933	or	x18,x24,x19	 x24:0x00000000 x19:0x80041024 x18=0x80041024
       9765.000 ns	       975	80000578	01e0dd33	srl	x26,x1,x30	  x1:0x810884d4 x30:0x00000004 x26=0x0810884d
       9785.000 ns	       977	8000057c	28948cd3	fmin.s	f25,f9,f9	  f9:0x00231cbc  f9:0x00231cbc f25=0x00231cbc
       9805.000 ns	       979	80000580	0195b333	sltu	x6,x11,x25	 x11:0x2e250000 x25:0x80000000  x6=0x00000001
       9825.000 ns	       981	80000584	e00413d3	fclass.s	x7,f8	  f8:0x80000000  x7=0x00000008
       9855.000 ns	       984	80000588	d00c33d3	fcvt.s.w	f7,x24	 x24:0x00000000  f7=0x00000000
       9885.000 ns	       987	8000058c	e0010653	fmv.x.w	x12,f2	  f2:0xff7fffff x12=0xff7fffff
       9905.000 ns	       989	80000590	ed858393	addi	x7,x11,-296	 x11:0x2e250000  x7=0x2e24fed8
       9925.000 ns	       991	80000594	02ff18b3	mulh	x17,x30,x15	 x30:0x00000004 x15:0x80040fe4 x17=0xfffffffe
       9955.000 ns	       994	80000598	c0157953	fcvt.wu.s	x18,f10	 f10:0x7fc00000 x18=0xffffffff
       9985.000 ns	       997	8000059c	f0068f53	fmv.w.x	f30,x13	 x13:0x00000001 f30=0x00000001
      10005.000 ns	       999	800005a0	006d6eb3	or	x29,x26,x6	 x26:0x0810884d  x6:0x00000001 x29=0x0810884d
      10015.000 ns	      1000	800005a4	228bab93	slti	x23,x23,552	 x23:0x00000000 x23=0x00000001
      10025.000 ns	      1001	800005a8	01a3d293	srli	x5,x7,0x1a	  x7:0x2e24fed8  x5=0x0000000b
      10035.000 ns	      1002	800005ac	21c1f8b7	lui	x17,0x21c1f	 x17=0x21c1f000
      10045.000 ns	      1003	800005b0	00d1fd33	and	x26,x3,x13	  x3:0x004e4530 x13:0x00000001 x26=0x00000000
      10055.000 ns	      1004	800005b4	017d7fb3	and	x31,x26,x23	 x26:0x0810884d x23:0x00000001 x31=0x00000000
      10065.000 ns	      1005	800005b8	01105733	srl	x14,x0,x17	  x0:0x00000000 x17:0x21c1f000 x14=0x00000000
      10425.000 ns	      1041	800005bc	03c36b33	rem	x22,x6,x28	  x6:0x00000001 x28:0x00000001 x22=0x00000000
      10455.000 ns	      1044	800005c0	20bf9bd3	fsgnjn.s	f23,f31,f11	 f31:0x00000000 f11:0x7f7fffff f23=0x80000000
      10485.000 ns	      1047	800005c4	20a22dd3	fsgnjx.s	f27,f4,f10	  f4:0xffc00000 f10:0x7fc00000 f27=0xffc00000
      10515.000 ns	      1050	800005c8	a18b9fd3	flt.s	x31,f23,f24	 f23:0x80000000 f24:0xff7fffff x31=0x00000000
      10545.000 ns	      1053	800005cc	a1c91753	flt.s	x14,f18,f28	 f18:0x8eae17b6 f28:0x7fc00000 x14=0x00000000
      10575.000 ns	      1056	800005d0	a09e9bd3	flt.s	x23,f29,f9	 f29:0x00000000  f9:0x00231cbc x23=0x00000001
      10605.000 ns	      1059	800005d4	c0001cd3	fcvt.w.s	x25,f0	  f0:0x00000000 x25=0x00000000
      10945.000 ns	      1093	800005d8	192cf253	fdiv.s	f4,f25,f18	 f25:0x00231cbc f18:0x8eae17b6  f4=0xb04647ea
      11315.000 ns	      1130	800005dc	031065b3	rem	x11,x0,x17	  x0:0x00000000 x17:0x21c1f000 x11=0x00000000
      11345.000 ns	      1133	800005e0	f00282d3	fmv.w.x	f5,x5	  x5:0x0000000b  f5=0x0000000b
      11385.000 ns	      1137	800005e4	195e95d3	fdiv.s	f11,f29,f21	 f29:0x00000000 f21:0x7fc00000 f11=0x7fc00000
      11405.000 ns	      1139	800005e8	0c258d93	addi	x27,x11,194	 x11:0x00000000 x27=0x000000c2
      11425.000 ns	      1141	800005ec	d00f1ad3	fcvt.s.w	f21,x30	 x30:0x00000004 f21=0x40800000
      11455.000 ns	      1144	800005f0	035100b3	mul	x1,x2,x21	  x2:0x00000001 x21:0x000004a4  x1=0x000004a4
      11475.000 ns	      1146	800005f4	40e75d93	srai	x27,x14,0xe	 x14:0x00000000 x27=0x00000000
      11495.000 ns	      1148	800005f8	a06314d3	flt.s	x9,f6,f6	  f6:0x7fc00000  f6:0x7fc00000  x9=0x00000000
      11515.000 ns	      1150	800005fc	00114e33	xor	x28,x2,x1	  x2:0x00000001  x1:0x000004a4 x28=0x000004a5
      11525.000 ns	      1151	80000600	01cb9f33	sll	x30,x23,x28	 x23:0x00000001 x28:0x00000001 x30=0x00000020
      11545.000 ns	      1153	80000604	e0068fd3	fmv.x.w	x31,f13	 f13:0x7fc00000 x31=0x7fc00000
      11585.000 ns	      1157	80000608	116d0b53	fmul.s	f22,f26,f22	 f26:0x7fc00000 f22:0x80000000 f22=0x7fc00000
      11605.000 ns	      1159	8000060c	0026edb3	or	x27,x13,x2	 x13:0x00000001  x2:0x00000001 x27=0x00000001
      11625.000 ns	      1161	80000610	e0009a53	fclass.s	x20,f1	  f1:0x7fc00000 x20=0x00000200
      11645.000 ns	      1163	80000614	4178d113	srai	x2,x17,0x17	 x17:0x21c1f000  x2=0x00000043
      11655.000 ns	      1164	80000618	409e53b3	sra	x7,x28,x9	 x28:0x000004a5  x9:0x00000000  x7=0x000004a5
      11685.000 ns	      1167	8000061c	11602ed3	fmul.s	f29,f0,f22	  f0:0x00000000 f22:0x7fc00000 f29=0x7fc00000
      11715.000 ns	      1170	80000620	02551db3	mulh	x27,x10,x5	 x10:0x00000000  x5:0x0000000b x27=0x00000000
      11745.000 ns	      1173	80000624	e00e0a53	fmv.x.w	x20,f28	 f28:0x7fc00000 x20=0x7fc00000
      11775.000 ns	      1176	80000628	21320d53	fsgnj.s	f26,f4,f19	  f4:0xb04647ea f19:0x80000000 f26=0xb04647ea
      11805.000 ns	      1179	8000062c	c0024353	fcvt.w.s	x6,f4	  f4:0xb04647ea  x6=0x00000000
      11825.000 ns	      1181	80000630	017c2d33	slt	x26,x24,x23	 x24:0x00000000 x23:0x00000001 x26=0x00000001
      11845.000 ns	      1183	80000634	a050a553	feq.s	x10,f1,f5	  f1:0x7fc00000  f5:0x0000000b x10=0x00000000
      11875.000 ns	      1186	80000638	29cf0dd3	fmin.s	f27,f30,f28	 f30:0x00000001 f28:0x7fc00000 f27=0x00000001
      11905.000 ns	      1189	8000063c	c00377d3	fcvt.w.s	x15,f6	  f6:0x7fc00000 x15=0x7fffffff
      11925.000 ns	      1191	80000640	01025193	srli	x3,x4,0x10	  x4:0x00000000  x3=0x00000000
      11945.000 ns	      1193	80000644	a1578ad3	fle.s	x21,f15,f21	 f15:0x7f7fffff f21:0x40800000 x21=0x00000000
      11985.000 ns	      1197	80000648	117effd3	fmul.s	f31,f29,f23	 f29:0x7fc00000 f23:0x80000000 f31=0x7fc00000
      12015.000 ns	      1200	8000064c	280092d3	fmax.s	f5,f1,f0	  f1:0x7fc00000  f0:0x00000000  f5=0x00000000
      12045.000 ns	      1203	80000650	038c7333	remu	x6,x24,x24	 x24:0x00000000 x24:0x00000000  x6=0x00000000
      12075.000 ns	      1206	80000654	20d70bd3	fsgnj.s	f23,f14,f13	 f14:0xff7fffff f13:0x7fc00000 f23=0x7f7fffff
      12115.000 ns	      1210	80000658	580892d3	fsqrt.s	f5,f17	 f17:0xff7fffff  f5=0x7fc00000
      12135.000 ns	      1212	8000065c	3e97cd93	xori	x27,x15,1001	 x15:0x7fffffff x27=0x7ffffc16
      12155.000 ns	      1214	80000660	21251b53	fsgnjn.s	f22,f10,f18	 f10:0x7fc00000 f18:0x8eae17b6 f22=0x7fc00000
      12205.000 ns	      1219	80000664	091a7f53	fsub.s	f30,f20,f17	 f20:0x802a107f f17:0xff7fffff f30=0x7f7fffff
      12225.000 ns	      1221	80000668	404cddb3	sra	x27,x25,x4	 x25:0x00000000  x4:0x00000000 x27=0x00000000
      12235.000 ns	      1222	8000066c	60d5fb13	andi	x22,x11,1549	 x11:0x00000000 x22=0x00000000
      12245.000 ns	      1223	80000670	00f930b3	sltu	x1,x18,x15	 x18:0xffffffff x15:0x7fffffff  x1=0x00000000
      12255.000 ns	      1224	80000674	171fff13	andi	x30,x31,369	 x31:0x7fc00000 x30=0x00000000
      12275.000 ns	      1226	80000678	a07e2653	feq.s	x12,f28,f7	 f28:0x7fc00000  f7:0x00000000 x12=0x00000000
      12315.000 ns	      1230	8000067c	5809add3	fsqrt.s	f27,f19	 f19:0x80000000 f27=0x80000000
      12355.000 ns	      1234	80000680	18b67153	fdiv.s	f2,f12,f11	 f12:0x7f7fffff f11:0x7fc00000  f2=0x7fc00000
      12375.000 ns	      1236	80000684	0051f7b3	and	x15,x3,x5	  x3:0x00000000  x5:0x0000000b x15=0x00000000
      12385.000 ns	      1237	80000688	40ce0033	sub	x0,x28,x12	 x28:0x000004a5 x12:0x00000000
      12395.000 ns	      1238	8000068c	70ad0793	addi	x15,x26,1802	 x26:0x00000001 x15=0x0000070b
      12405.000 ns	      1239	80000690	e51dcb13	xori	x22,x27,-431	 x27:0x00000000 x22=0xfffffe51
      12415.000 ns	      1240	80000694	58e3ac97	auipc	x25,0x58e3a	 x25=0xd8e3a694
      12435.000 ns	      1242	80000698	20111ad3	fsgnjn.s	f21,f2,f1	  f2:0x7fc00000  f1:0x7fc00000 f21=0xffc00000
      12455.000 ns	      1244	8000069c	6aaf2d93	slti	x27,x30,1706	 x30:0x00000000 x27=0x00000001
      12465.000 ns	      1245	800006a0	00ec7bb3	and	x23,x24,x14	 x24:0x00000000 x14:0x00000000 x23=0x00000000
      12485.000 ns	      1247	800006a4	c01bfd53	fcvt.wu.s	x26,f23	 f23:0x7f7fffff x26=0xffffffff
      12855.000 ns	      1284	800006a8	028d5533	divu	x10,x26,x8	 x26:0x00000001  x8:0x00000040 x10=0x03ffffff
      12885.000 ns	      1287	800006ac	c00306d3	fcvt.w.s	x13,f6	  f6:0x7fc00000 x13=0x7fffffff
      12905.000 ns	      1289	800006b0	17043313	sltiu	x6,x8,368	  x8:0x00000040  x6=0x00000001
      12925.000 ns	      1291	800006b4	e0068c53	fmv.x.w	x24,f13	 f13:0x7fc00000 x24=0x7fc00000
      12975.000 ns	      1296	800006b8	0113ae53	fadd.s	f28,f7,f17	  f7:0x00000000 f17:0xff7fffff f28=0xff7fffff
      13005.000 ns	      1299	800006bc	215b19d3	fsgnjn.s	f19,f22,f21	 f22:0x7fc00000 f21:0xffc00000 f19=0x7fc00000
      13025.000 ns	      1301	800006c0	00dfa2b3	slt	x5,x31,x13	 x31:0x7fc00000 x13:0x7fffffff  x5=0x00000001
      13035.000 ns	      1302	800006c4	003b6933	or	x18,x22,x3	 x22:0xfffffe51  x3:0x00000000 x18=0xfffffe51
      13055.000 ns	      1304	800006c8	c0171053	fcvt.wu.s	x0,f14	 f14:0xff7fffff
      13105.000 ns	      1309	800006cc	09349d53	fsub.s	f26,f9,f19	  f9:0x00231cbc f19:0x7fc00000 f26=0x7fc00000
      13475.000 ns	      1346	800006d0	0337e933	rem	x18,x15,x19	 x15:0x0000070b x19:0x80041024 x18=0x0000070b
      13505.000 ns	      1349	800006d4	d00f9fd3	fcvt.s.w	f31,x31	 x31:0x7fc00000 f31=0x4eff8000
      13525.000 ns	      1351	800006d8	00783db3	sltu	x27,x16,x7	 x16:0x80040fe4  x7:0x000004a5 x27=0x00000000
      13535.000 ns	      1352	800006dc	017f9cb3	sll	x25,x31,x23	 x31:0x7fc00000 x23:0x00000000 x25=0x7fc00000
      13555.000 ns	      1354	800006e0	28101e53	fmax.s	f28,f0,f1	  f0:0x00000000  f1:0x7fc00000 f28=0x00000000
      13575.000 ns	      1356	800006e4	ce23f093	andi	x1,x7,-798	  x7:0x000004a5  x1=0x000004a0
      13595.000 ns	      1358	800006e8	c00c1c53	fcvt.w.s	x24,f24	 f24:0xff7fffff x24=0x80000000
      13625.000 ns	      1361	800006ec	020c4eb3	div	x29,x24,x0	 x24:0x7fc00000  x0:0x00000000 x29=0xffffffff
      13655.000 ns	      1364	800006f0	a1b7a6d3	feq.s	x13,f15,f27	 f15:0x7f7fffff f27:0x80000000 x13=0x00000000
      13695.000 ns	      1368	800006f4	18f6fe53	fdiv.s	f28,f13,f15	 f13:0x7fc00000 f15:0x7f7fffff f28=0x7fc00000
      14065.000 ns	      1405	800006f8	0324f933	remu	x18,x9,x18	  x9:0x00000000 x18:0x0000070b x18=0x00000000
      14435.000 ns	      1442	800006fc	039ddb33	divu	x22,x27,x25	 x27:0x00000000 x25:0x7fc00000 x22=0x00000000
      14485.000 ns	      1447	80000700	0196f253	fadd.s	f4,f13,f25	 f13:0x7fc00000 f25:0x00231cbc  f4=0x7fc00000
      14505.000 ns	      1449	80000704	0103d8b3	srl	x17,x7,x16	  x7:0x000004a5 x16:0x80040fe4 x17=0x0000004a
      14525.000 ns	      1451	80000708	a0969a53	flt.s	x20,f13,f9	 f13:0x7fc00000  f9:0x00231cbc x20=0x00000000
      14555.000 ns	      1454	8000070c	a07c95d3	flt.s	x11,f25,f7	 f25:0x00231cbc  f7:0x00000000 x11=0x00000000
      14575.000 ns	      1456	80000710	0094be33	sltu	x28,x9,x9	  x9:0x00000000  x9:0x00000000 x28=0x00000000
      14585.000 ns	      1457	80000714	0094b133	sltu	x2,x9,x9	  x9:0x00000000  x9:0x00000000  x2=0x00000000
      14945.000 ns	      1493	80000718	033fcc33	div	x24,x31,x19	 x31:0x7fc00000 x19:0x80041024 x24=0x00000000
      14975.000 ns	      1496	8000071c	03dc3033	mulhu	x0,x24,x29	 x24:0x80000000 x29:0xffffffff
      14995.000 ns	      1498	80000720	00a705b3	add	x11,x14,x10	 x14:0x00000000 x10:0x03ffffff x11=0x03ffffff
      15005.000 ns	      1499	80000724	00ef2933	slt	x18,x30,x14	 x30:0x00000000 x14:0x00000000 x18=0x00000000
      15015.000 ns	      1500	80000728	00a91433	sll	x8,x18,x10	 x18:0x00000000 x10:0x03ffffff  x8=0x00000000
      15375.000 ns	      1536	8000072c	02afc7b3	div	x15,x31,x10	 x31:0x7fc00000 x10:0x03ffffff x15=0x0000001f
      15405.000 ns	      1539	80000730	28dc92d3	fmax.s	f5,f25,f13	 f25:0x00231cbc f13:0x7fc00000  f5=0x00231cbc
      15425.000 ns	      1541	80000734	01f35e93	srli	x29,x6,0x1f	  x6:0x00000001 x29=0x00000000
      15435.000 ns	      1542	80000738	0fa20b13	addi	x22,x4,250	  x4:0x00000000 x22=0x000000fa
      15445.000 ns	      1543	8000073c	01651e33	sll	x28,x10,x22	 x10:0x03ffffff x22:0x00000000 x28=0xfc000000
      15475.000 ns	      1546	80000740	1908f6d3	fdiv.s	f13,f17,f16	 f17:0xff7fffff f16:0x80000000 f13=0x7f800000
      15505.000 ns	      1549	80000744	032b0eb3	mul	x29,x22,x18	 x22:0x000000fa x18:0x00000000 x29=0x00000000
      15555.000 ns	      1554	80000748	09feffd3	fsub.s	f31,f29,f31	 f29:0x7fc00000 f31:0x4eff8000 f31=0x7fc00000
      15925.000 ns	      1591	8000074c	02187933	remu	x18,x16,x1	 x16:0x80040fe4  x1:0x000004a0 x18=0x00000444
      15955.000 ns	      1594	80000750	20e11153	fsgnjn.s	f2,f2,f14	  f2:0x7fc00000 f14:0xff7fffff  f2=0x7fc00000
      15975.000 ns	      1596	80000754	78182393	slti	x7,x16,1921	 x16:0x80040fe4  x7=0x00000001
      15995.000 ns	      1598	80000758	21b62b53	fsgnjx.s	f22,f12,f27	 f12:0x7f7fffff f27:0x80000000 f22=0xff7fffff
      16025.000 ns	      1601	8000075c	028e25b3	mulhsu	x11,x28,x8	 x28:0xfc000000  x8:0x00000000 x11=0x00000000
      16055.000 ns	      1604	80000760	03d5a3b3	mulhsu	x7,x11,x29	 x11:0x03ffffff x29:0x00000000  x7=0x00000000
      16075.000 ns	      1606	80000764	03b78d93	addi	x27,x15,59	 x15:0x0000001f x27=0x0000005a
      16095.000 ns	      1608	80000768	d0032f53	fcvt.s.w	f30,x6	  x6:0x00000001 f30=0x3f800000
      16465.000 ns	      1645	8000076c	03235933	divu	x18,x6,x18	  x6:0x00000001 x18:0x00000444 x18=0x00000000
      16495.000 ns	      1648	80000770	03d36033	rem	x0,x6,x29	  x6:0x00000001 x29:0x00000000
      16525.000 ns	      1651	80000774	21c41053	fsgnjn.s	f0,f8,f28	  f8:0x80000000 f28:0x7fc00000  f0=0x80000000
      16545.000 ns	      1653	80000778	0d81f493	andi	x9,x3,216	  x3:0x00000000  x9=0x00000000
      16555.000 ns	      1654	8000077c	003b9b13	slli	x22,x23,0x3	 x23:0x00000000 x22=0x00000000
      16565.000 ns	      1655	80000780	d9846113	ori	x2,x8,-616	  x8:0x00000000  x2=0xfffffd98
      16575.000 ns	      1656	80000784	01860ab3	add	x21,x12,x24	 x12:0x00000000 x24:0x00000000 x21=0x00000000
      16585.000 ns	      1657	80000788	01611e93	slli	x29,x2,0x16	  x2:0x00000000 x29=0x66000000
      16605.000 ns	      1659	8000078c	a15826d3	feq.s	x13,f16,f21	 f16:0x80000000 f21:0xffc00000 x13=0x00000000
      16635.000 ns	      1662	80000790	f0050553	fmv.w.x	f10,x10	 x10:0x03ffffff f10=0x03ffffff
      16665.000 ns	      1665	80000794	c00286d3	fcvt.w.s	x13,f5	  f5:0x00231cbc x13=0x00000000
      16695.000 ns	      1668	80000798	f00903d3	fmv.w.x	f7,x18	 x18:0x00000000  f7=0x00000000
      16725.000 ns	      1671	8000079c	20bb0753	fsgnj.s	f14,f22,f11	 f22:0xff7fffff f11:0x7fc00000 f14=0x7f7fffff
      16755.000 ns	      1674	800007a0	c0097b53	fcvt.w.s	x22,f18	 f18:0x8eae17b6 x22=0x00000000
      16785.000 ns	      1677	800007a4	03d987b3	mul	x15,x19,x29	 x19:0x80041024 x29:0x66000000 x15=0x58000000
      16805.000 ns	      1679	800007a8	1d760297	auipc	x5,0x1d760	  x5=0x9d7607a8
      16815.000 ns	      1680	800007ac	01c26c33	or	x24,x4,x28	  x4:0x00000000 x28:0xfc000000 x24=0xfc000000
      16825.000 ns	      1681	800007b0	410904b3	sub	x9,x18,x16	 x18:0x00000000 x16:0x80040fe4  x9=0x7ffbf01c
      16835.000 ns	      1682	800007b4	c9a12a93	slti	x21,x2,-870	  x2:0xfffffd98 x21=0x00000000
      16845.000 ns	      1683	800007b8	8778f613	andi	x12,x17,-1929	 x17:0x0000004a x12=0x00000042
      16855.000 ns	      1684	800007bc	019d5913	srli	x18,x26,0x19	 x26:0xffffffff x18=0x0000007f
      17185.000 ns	      1717	800007c0	1944c3d3	fdiv.s	f7,f9,f20	  f9:0x00231cbc f20:0x802a107f  f7=0xbe4647ea
      17215.000 ns	      1720	800007c4	e00e87d3	fmv.x.w	x15,f29	 f29:0x7fc00000 x15=0x7fc00000
      17245.000 ns	      1723	800007c8	29510453	fmin.s	f8,f2,f21	  f2:0x7fc00000 f21:0xffc00000  f8=0x7fc00000
      17265.000 ns	      1725	800007cc	67657037	lui	x0,0x67657	
      17285.000 ns	      1727	800007d0	0256b3b3	mulhu	x7,x13,x5	 x13:0x00000000  x5:0x9d7607a8  x7=0x00000000
      17305.000 ns	      1729	800007d4	0181e5b3	or	x11,x3,x24	  x3:0x00000000 x24:0xfc000000 x11=0xfc000000
      17325.000 ns	      1731	800007d8	a0c592d3	flt.s	x5,f11,f12	 f11:0x7fc00000 f12:0x7f7fffff  x5=0x00000000
      17375.000 ns	      1736	800007dc	08fa70d3	fsub.s	f1,f20,f15	 f20:0x802a107f f15:0x7f7fffff  f1=0xff7fffff
      17405.000 ns	      1739	800007e0	d01509d3	fcvt.s.wu	f19,x10	 x10:0x03ffffff f19=0x4c800000
      17425.000 ns	      1741	800007e4	00000013	addi	x0,x0,0	  x0:0x00000000
      17435.000 ns	      1742	800007e8	012d1893	slli	x17,x26,0x12	 x26:0xffffffff x17=0xfffc0000
      17455.000 ns	      1744	800007ec	d00c1053	fcvt.s.w	f0,x24	 x24:0xfc000000  f0=0xcc800000
      17505.000 ns	      1749	800007f0	09260253	fsub.s	f4,f12,f18	 f12:0x7f7fffff f18:0x8eae17b6  f4=0x7f7fffff
      17545.000 ns	      1753	800007f4	1184f653	fmul.s	f12,f9,f24	  f9:0x00231cbc f24:0xff7fffff f12=0xbf8c72f0
      17565.000 ns	      1755	800007f8	40f4dc93	srai	x25,x9,0xf	  x9:0x7ffbf01c x25=0x0000fff7
      17605.000 ns	      1759	800007fc	08f43b53	fsub.s	f22,f8,f15	  f8:0x7fc00000 f15:0x7f7fffff f22=0x7fc00000
      17635.000 ns	      1762	80000800	c0088053	fcvt.w.s	x0,f17	 f17:0xff7fffff
      17655.000 ns	      1764	80000804	4108db93	srai	x23,x17,0x10	 x17:0xfffc0000 x23=0xfffffffc
      17665.000 ns	      1765	80000808	00000013	addi	x0,x0,0	  x0:0x00000000
      17685.000 ns	      1767	8000080c	0267beb3	mulhu	x29,x15,x6	 x15:0x7fc00000  x6:0x00000001 x29=0x00000000
      17715.000 ns	      1770	80000810	c00df7d3	fcvt.w.s	x15,f27	 f27:0x80000000 x15=0x00000000
      17735.000 ns	      1772	80000814	002fe6b3	or	x13,x31,x2	 x31:0x7fc00000  x2:0xfffffd98 x13=0xfffffd98
      17745.000 ns	      1773	80000818	414b5a13	srai	x20,x22,0x14	 x22:0x00000000 x20=0x00000000
      17755.000 ns	      1774	8000081c	c9976a13	ori	x20,x14,-871	 x14:0x00000000 x20=0xfffffc99
      17775.000 ns	      1776	80000820	c00173d3	fcvt.w.s	x7,f2	  f2:0x7fc00000  x7=0x7fffffff
      17795.000 ns	      1778	80000824	0088fd33	and	x26,x17,x8	 x17:0xfffc0000  x8:0x00000000 x26=0x00000000
      17835.000 ns	      1782	80000828	093399d3	fsub.s	f19,f7,f19	  f7:0xbe4647ea f19:0x4c800000 f19=0xcc800000
      17855.000 ns	      1784	8000082c	01151e33	sll	x28,x10,x17	 x10:0x03ffffff x17:0xfffc0000 x28=0x03ffffff
      17865.000 ns	      1785	80000830	cff07f13	andi	x30,x0,-769	  x0:0x00000000 x30=0x00000000
      17875.000 ns	      1786	80000834	00c4e6b3	or	x13,x9,x12	  x9:0x7ffbf01c x12:0x00000042 x13=0x7ffbf05e
      17885.000 ns	      1787	80000838	2f007013	andi	x0,x0,752	  x0:0x00000000
      17895.000 ns	      1788	8000083c	faf23a93	sltiu	x21,x4,-81	  x4:0x00000000 x21=0x00000001
      17905.000 ns	      1789	80000840	413bdd13	srai	x26,x23,0x13	 x23:0xfffffffc x26=0xffffffff
      18265.000 ns	      1825	80000844	02a858b3	divu	x17,x16,x10	 x16:0x80040fe4 x10:0x03ffffff x17=0x00000020
      18305.000 ns	      1829	80000848	112f3753	fmul.s	f14,f30,f18	 f30:0x3f800000 f18:0x8eae17b6 f14=0x8eae17b6
      18335.000 ns	      1832	8000084c	03821533	mulh	x10,x4,x24	  x4:0x00000000 x24:0xfc000000 x10=0x00000000
      19515.000 ns	      1950	80000850	580bb553	fsqrt.s	f10,f23	 f23:0x7f7fffff f10=0x5f350461
      19535.000 ns	      1952	80000854	012e1513	slli	x10,x28,0x12	 x28:0x03ffffff x10=0xfffc0000
      19895.000 ns	      1988	80000858	03cc5e33	divu	x28,x24,x28	 x24:0xfc000000 x28:0x03ffffff x28=0x0000003f
      19915.000 ns	      1990	8000085c	00000013	addi	x0,x0,0	  x0:0x00000000
      19945.000 ns	      1993	80000860	1073fdd3	fmul.s	f27,f7,f7	  f7:0xbe4647ea  f7:0xbe4647ea f27=0x3d199352
      19975.000 ns	      1996	80000864	f00d8ad3	fmv.w.x	f21,x27	 x27:0x0000005a f21=0x0000005a
      19995.000 ns	      1998	80000868	326b3513	sltiu	x10,x22,806	 x22:0x00000000 x10=0x00000001
      20015.000 ns	      2000	8000086c	f0060453	fmv.w.x	f8,x12	 x12:0x00000042  f8=0x00000042
      20035.000 ns	      2002	80000870	f1f0b313	sltiu	x6,x1,-225	  x1:0x000004a0  x6=0x00000001
      20055.000 ns	      2004	80000874	c00cf4d3	fcvt.w.s	x9,f25	 f25:0x00231cbc  x9=0x00000000
      20075.000 ns	      2006	80000878	00131093	slli	x1,x6,0x1	  x6:0x00000001  x1=0x00000002
      20095.000 ns	      2008	8000087c	03f0adb3	mulhsu	x27,x1,x31	  x1:0x000004a0 x31:0x7fc00000 x27=0x00000000
      20115.000 ns	      2010	80000880	14c7c797	auipc	x15,0x14c7c	 x15=0x94c7c880
      20135.000 ns	      2012	80000884	d0183ad3	fcvt.s.wu	f21,x16	 x16:0x80040fe4 f21=0x4f000410
      20175.000 ns	      2016	80000888	1903ba53	fdiv.s	f20,f7,f16	  f7:0xbe4647ea f16:0x80000000 f20=0x7f800000
      20195.000 ns	      2018	8000088c	00000013	addi	x0,x0,0	  x0:0x00000000
      20205.000 ns	      2019	80000890	00f53a33	sltu	x20,x10,x15	 x10:0x00000001 x15:0x94c7c880 x20=0x00000001
      20225.000 ns	      2021	80000894	c0107753	fcvt.wu.s	x14,f0	  f0:0xcc800000 x14=0x04000000
      20595.000 ns	      2058	80000898	032ecf33	div	x30,x29,x18	 x29:0x00000000 x18:0x0000007f x30=0x00000000
      20625.000 ns	      2061	8000089c	f0070953	fmv.w.x	f18,x14	 x14:0x04000000 f18=0x04000000
      20655.000 ns	      2064	800008a0	28f891d3	fmax.s	f3,f17,f15	 f17:0xff7fffff f15:0x7f7fffff  f3=0x7f7fffff
      20675.000 ns	      2066	800008a4	01f6b1b3	sltu	x3,x13,x31	 x13:0x7ffbf05e x31:0x7fc00000  x3=0x00000000
      21845.000 ns	      2183	800008a8	5807a0d3	fsqrt.s	f1,f15	 f15:0x7f7fffff  f1=0x5f350461
      21865.000 ns	      2185	800008ac	00b3bd33	sltu	x26,x7,x11	  x7:0x7fffffff x11:0xfc000000 x26=0x00000001
      21885.000 ns	      2187	800008b0	030493b3	mulh	x7,x9,x16	  x9:0x00000000 x16:0x80040fe4  x7=0x00000000
      21905.000 ns	      2189	800008b4	001bdeb3	srl	x29,x23,x1	 x23:0xfffffffc  x1:0x00000002 x29=0x3fffffff
      21915.000 ns	      2190	800008b8	32586c13	ori	x24,x16,805	 x16:0x80040fe4 x24=0x80040fe5
      21935.000 ns	      2192	800008bc	03998fb3	mul	x31,x19,x25	 x19:0x80041024 x25:0x0000fff7 x31=0x8fff6ebc
      21965.000 ns	      2195	800008c0	e00392d3	fclass.s	x5,f7	  f7:0xbe4647ea  x5=0x00000002
      21985.000 ns	      2197	800008c4	40205893	srai	x17,x0,0x2	  x0:0x00000000 x17=0x00000000
      22005.000 ns	      2199	800008c8	0231e033	rem	x0,x3,x3	  x3:0x00000000  x3:0x00000000
      22045.000 ns	      2203	800008cc	18d2aed3	fdiv.s	f29,f5,f13	  f5:0x00231cbc f13:0x7f800000 f29=0x00000000
      22075.000 ns	      2206	800008d0	208d84d3	fsgnj.s	f9,f27,f8	 f27:0x3d199352  f8:0x00000042  f9=0x3d199352
      22105.000 ns	      2209	800008d4	e0090c53	fmv.x.w	x24,f18	 f18:0x04000000 x24=0x04000000
      22125.000 ns	      2211	800008d8	f860c793	xori	x15,x1,-122	  x1:0x00000002 x15=0xffffff84
      22145.000 ns	      2213	800008dc	a12216d3	flt.s	x13,f4,f18	  f4:0x7f7fffff f18:0x04000000 x13=0x00000000
      22165.000 ns	      2215	800008e0	00984db3	xor	x27,x16,x9	 x16:0x80040fe4  x9:0x00000000 x27=0x80040fe4
      22175.000 ns	      2216	800008e4	94048a13	addi	x20,x9,-1728	  x9:0x00000000 x20=0xfffff940
      22185.000 ns	      2217	800008e8	0161ea33	or	x20,x3,x22	  x3:0x00000000 x22:0x00000000 x20=0x00000000
      22195.000 ns	      2218	800008ec	006d9433	sll	x8,x27,x6	 x27:0x80040fe4  x6:0x00000001  x8=0x00081fc8
      22215.000 ns	      2220	800008f0	a02ca6d3	feq.s	x13,f25,f2	 f25:0x00231cbc  f2:0x7fc00000 x13=0x00000000
      22235.000 ns	      2222	800008f4	00aa40b3	xor	x1,x20,x10	 x20:0x00000000 x10:0x00000001  x1=0x00000001
      22255.000 ns	      2224	800008f8	0365ab33	mulhsu	x22,x11,x22	 x11:0xfc000000 x22:0x00000000 x22=0x00000000
      22285.000 ns	      2227	800008fc	d00cf353	fcvt.s.w	f6,x25	 x25:0x0000fff7  f6=0x477ff700
      22315.000 ns	      2230	80000900	28f79053	fmax.s	f0,f15,f15	 f15:0x7f7fffff f15:0x7f7fffff  f0=0x7f7fffff
      22345.000 ns	      2233	80000904	a0d7a653	feq.s	x12,f15,f13	 f15:0x7f7fffff f13:0x7f800000 x12=0x00000000
      23525.000 ns	      2351	80000908	580af853	fsqrt.s	f16,f21	 f21:0x4f000410 f16=0x46b50a40
      23545.000 ns	      2353	8000090c	0009f0b3	and	x1,x19,x0	 x19:0x80041024  x0:0x00000000  x1=0x00000000
      23555.000 ns	      2354	80000910	410a81b3	sub	x3,x21,x16	 x21:0x00000001 x16:0x80040fe4  x3=0x7ffbf01d
      23565.000 ns	      2355	80000914	01ffc933	xor	x18,x31,x31	 x31:0x8fff6ebc x31:0x8fff6ebc x18=0x00000000
      23585.000 ns	      2357	80000918	286f9153	fmax.s	f2,f31,f6	 f31:0x7fc00000  f6:0x477ff700  f2=0x477ff700
      23615.000 ns	      2360	8000091c	f0020d53	fmv.w.x	f26,x4	  x4:0x00000000 f26=0x00000000
      23635.000 ns	      2362	80000920	00cd1d13	slli	x26,x26,0xc	 x26:0x00000001 x26=0x00001000
      23655.000 ns	      2364	80000924	c0177953	fcvt.wu.s	x18,f14	 f14:0x8eae17b6 x18=0x00000000
      23685.000 ns	      2367	80000928	29858c53	fmin.s	f24,f11,f24	 f11:0x7fc00000 f24:0xff7fffff f24=0xff7fffff
      23715.000 ns	      2370	8000092c	0397a5b3	mulhsu	x11,x15,x25	 x15:0xffffff84 x25:0x0000fff7 x11=0xffffffff
      23735.000 ns	      2372	80000930	0fe88593	addi	x11,x17,254	 x17:0x00000000 x11=0x000000fe
      23745.000 ns	      2373	80000934	019d2733	slt	x14,x26,x25	 x26:0x00001000 x25:0x0000fff7 x14=0x00000001
      23765.000 ns	      2375	80000938	a05c1c53	flt.s	x24,f24,f5	 f24:0xff7fffff  f5:0x00231cbc x24=0x00000001
      23795.000 ns	      2378	8000093c	c0153353	fcvt.wu.s	x6,f10	 f10:0x5f350461  x6=0xffffffff
      23815.000 ns	      2380	80000940	01e4c033	xor	x0,x9,x30	  x9:0x00000000 x30:0x00000000
      23835.000 ns	      2382	80000944	28581f53	fmax.s	f30,f16,f5	 f16:0x46b50a40  f5:0x00231cbc f30=0x46b50a40
      23855.000 ns	      2384	80000948	a4d68713	addi	x14,x13,-1459	 x13:0x00000000 x14=0xfffffa4d
      23865.000 ns	      2385	8000094c	cff1ba93	sltiu	x21,x3,-769	  x3:0x7ffbf01d x21=0x00000001
      23875.000 ns	      2386	80000950	8ee87f13	andi	x30,x16,-1810	 x16:0x80040fe4 x30=0x800408e4
      23885.000 ns	      2387	80000954	005e3c33	sltu	x24,x28,x5	 x28:0x0000003f  x5:0x00000002 x24=0x00000000
      23905.000 ns	      2389	80000958	21002dd3	fsgnjx.s	f27,f0,f16	  f0:0x7f7fffff f16:0x46b50a40 f27=0x7f7fffff
      23925.000 ns	      2391	8000095c	47df3c17	auipc	x24,0x47df3	 x24=0xc7df395c
      23945.000 ns	      2393	80000960	037a1b33	mulh	x22,x20,x23	 x20:0x00000000 x23:0xfffffffc x22=0x00000000
      23985.000 ns	      2397	80000964	114872d3	fmul.s	f5,f16,f20	 f16:0x46b50a40 f20:0x7f800000  f5=0x7f800000
      24005.000 ns	      2399	80000968	01dcad33	slt	x26,x25,x29	 x25:0x0000fff7 x29:0x3fffffff x26=0x00000001
      24015.000 ns	      2400	8000096c	013b24b3	slt	x9,x22,x19	 x22:0x00000000 x19:0x80041024  x9=0x00000000
      24035.000 ns	      2402	80000970	28661653	fmax.s	f12,f12,f6	 f12:0xbf8c72f0  f6:0x477ff700 f12=0x477ff700
      24065.000 ns	      2405	80000974	a093ab53	feq.s	x22,f7,f9	  f7:0xbe4647ea  f9:0x3d199352 x22=0x00000000
      24095.000 ns	      2408	80000978	020393b3	mulh	x7,x7,x0	  x7:0x00000000  x0:0x00000000  x7=0x00000000
      24115.000 ns	      2410	8000097c	40c0d433	sra	x8,x1,x12	  x1:0x00000000 x12:0x00000000  x8=0x00000000
      24135.000 ns	      2412	80000980	03130533	mul	x10,x6,x17	  x6:0xffffffff x17:0x00000000 x10=0x00000000
      24165.000 ns	      2415	80000984	e0060753	fmv.x.w	x14,f12	 f12:0x477ff700 x14=0x477ff700
      24185.000 ns	      2417	80000988	4e1e4f97	auipc	x31,0x4e1e4	 x31=0xce1e4988
      24195.000 ns	      2418	8000098c	01a28d33	add	x26,x5,x26	  x5:0x00000002 x26:0x00000001 x26=0x00000003
      24215.000 ns	      2420	80000990	0340d533	divu	x10,x1,x20	  x1:0x00000000 x20:0x00000000 x10=0xffffffff
      24235.000 ns	      2422	80000994	272dff97	auipc	x31,0x272df	 x31=0xa72df994
      24255.000 ns	      2424	80000998	a0b785d3	fle.s	x11,f15,f11	 f15:0x7f7fffff f11:0x7fc00000 x11=0x00000000
      24275.000 ns	      2426	8000099c	010d5433	srl	x8,x26,x16	 x26:0x00000003 x16:0x80040fe4  x8=0x00000000
      24315.000 ns	      2430	800009a0	093fb253	fsub.s	f4,f31,f19	 f31:0x7fc00000 f19:0xcc800000  f4=0x7fc00000
      24335.000 ns	      2432	800009a4	01ce9e33	sll	x28,x29,x28	 x29:0x3fffffff x28:0x0000003f x28=0x80000000
      24695.000 ns	      2468	800009a8	03b4c3b3	div	x7,x9,x27	  x9:0x00000000 x27:0x80040fe4  x7=0x00000000
      24725.000 ns	      2471	800009ac	c006f353	fcvt.w.s	x6,f13	 f13:0x7f800000  x6=0x7fffffff
      25095.000 ns	      2508	800009b0	030d78b3	remu	x17,x26,x16	 x26:0x00000003 x16:0x80040fe4 x17=0x00000003
      25115.000 ns	      2510	800009b4	01b1d3b3	srl	x7,x3,x27	  x3:0x7ffbf01d x27:0x80040fe4  x7=0x07ffbf01
      25125.000 ns	      2511	800009b8	404a8133	sub	x2,x21,x4	 x21:0x00000001  x4:0x00000000  x2=0x00000001
      25135.000 ns	      2512	800009bc	00503cb3	sltu	x25,x0,x5	  x0:0x00000000  x5:0x00000002 x25=0x00000001
      25155.000 ns	      2514	800009c0	e00a83d3	fmv.x.w	x7,f21	 f21:0x4f000410  x7=0x4f000410
      25175.000 ns	      2516	800009c4	85dfd1b7	lui	x3,0x85dfd	  x3=0x85dfd000
      25185.000 ns	      2517	800009c8	410852b3	sra	x5,x16,x16	 x16:0x80040fe4 x16:0x80040fe4  x5=0xf80040fe
      25205.000 ns	      2519	800009cc	e0080f53	fmv.x.w	x30,f16	 f16:0x46b50a40 x30=0x46b50a40
      25225.000 ns	      2521	800009d0	015ecbb3	xor	x23,x29,x21	 x29:0x3fffffff x21:0x00000001 x23=0x3ffffffe
      25245.000 ns	      2523	800009d4	d00c7753	fcvt.s.w	f14,x24	 x24:0xc7df395c f14=0xce60831a
      25265.000 ns	      2525	800009d8	01108a33	add	x20,x1,x17	  x1:0x00000000 x17:0x00000003 x20=0x00000003
      25275.000 ns	      2526	800009dc	0058d413	srli	x8,x17,0x5	 x17:0x00000003  x8=0x00000000
      25285.000 ns	      2527	800009e0	01d1c0b3	xor	x1,x3,x29	  x3:0x85dfd000 x29:0x3fffffff  x1=0xba202fff
      25305.000 ns	      2529	800009e4	e00395d3	fclass.s	x11,f7	  f7:0xbe4647ea x11=0x00000002
      25325.000 ns	      2531	800009e8	01d3abb3	slt	x23,x7,x29	  x7:0x4f000410 x29:0x3fffffff x23=0x00000000
      25355.000 ns	      2534	800009ec	18ad7bd3	fdiv.s	f23,f26,f10	 f26:0x00000000 f10:0x5f350461 f23=0x00000000
      25385.000 ns	      2537	800009f0	29ea9553	fmax.s	f10,f21,f30	 f21:0x4f000410 f30:0x46b50a40 f10=0x4f000410
      25405.000 ns	      2539	800009f4	01f97f33	and	x30,x18,x31	 x18:0x00000000 x31:0xa72df994 x30=0x00000000
      25425.000 ns	      2541	800009f8	29479c53	fmax.s	f24,f15,f20	 f15:0x7f7fffff f20:0x7f800000 f24=0x7f800000
      25445.000 ns	      2543	800009fc	013a4133	xor	x2,x20,x19	 x20:0x00000003 x19:0x80041024  x2=0x80041027
      25465.000 ns	      2545	80000a00	d0193c53	fcvt.s.wu	f24,x18	 x18:0x00000000 f24=0x00000000
      25485.000 ns	      2547	80000a04	dd6c4d13	xori	x26,x24,-554	 x24:0xc7df395c x26=0x3820c48a
      25495.000 ns	      2548	80000a08	dd21b693	sltiu	x13,x3,-558	  x3:0x85dfd000 x13=0x00000001
      25505.000 ns	      2549	80000a0c	015f2bb3	slt	x23,x30,x21	 x30:0x00000000 x21:0x00000001 x23=0x00000001
      25525.000 ns	      2551	80000a10	d01bc4d3	fcvt.s.wu	f9,x23	 x23:0x00000000  f9=0x3f800000
      25545.000 ns	      2553	80000a14	0101a2b3	slt	x5,x3,x16	  x3:0x85dfd000 x16:0x80040fe4  x5=0x00000000
      25905.000 ns	      2589	80000a18	033c6733	rem	x14,x24,x19	 x24:0xc7df395c x19:0x80041024 x14=0xc7df395c
      25935.000 ns	      2592	80000a1c	21561053	fsgnjn.s	f0,f12,f21	 f12:0x477ff700 f21:0x4f000410  f0=0xc77ff700
      25955.000 ns	      2594	80000a20	016392b3	sll	x5,x7,x22	  x7:0x4f000410 x22:0x00000000  x5=0x4f000410
      25965.000 ns	      2595	80000a24	661fc393	xori	x7,x31,1633	 x31:0xa72df994  x7=0xa72dfff5
      26295.000 ns	      2628	80000a28	1808fc53	fdiv.s	f24,f17,f0	 f17:0xff7fffff  f0:0xc77ff700 f24=0x77c8b317
      26325.000 ns	      2631	80000a2c	c01924d3	fcvt.wu.s	x9,f18	 f18:0x04000000  x9=0x00000000
      26345.000 ns	      2633	80000a30	00000013	addi	x0,x0,0	  x0:0x00000000
      26365.000 ns	      2635	80000a34	0297b3b3	mulhu	x7,x15,x9	 x15:0xffffff84  x9:0x00000000  x7=0x00000000
      26385.000 ns	      2637	80000a38	ea3feb93	ori	x23,x31,-349	 x31:0xa72df994 x23=0xffffffb7
      26405.000 ns	      2639	80000a3c	039c0733	mul	x14,x24,x25	 x24:0xc7df395c x25:0x00000001 x14=0xc7df395c
      26775.000 ns	      2676	80000a40	0300de33	divu	x28,x1,x16	  x1:0xba202fff x16:0x80040fe4 x28=0x00000001
      26805.000 ns	      2679	80000a44	a1c883d3	fle.s	x7,f17,f28	 f17:0xff7fffff f28:0x7fc00000  x7=0x00000000
      26825.000 ns	      2681	80000a48	01a99693	slli	x13,x19,0x1a	 x19:0x80041024 x13=0x90000000
      26845.000 ns	      2683	80000a4c	d0037653	fcvt.s.w	f12,x6	  x6:0x7fffffff f12=0x4effffff
      26865.000 ns	      2685	80000a50	41095313	srai	x6,x18,0x10	 x18:0x00000000  x6=0x00000000
      26875.000 ns	      2686	80000a54	d84b7313	andi	x6,x22,-636	 x22:0x00000000  x6=0x00000000
      26885.000 ns	      2687	80000a58	00000013	addi	x0,x0,0	  x0:0x00000000
      26895.000 ns	      2688	80000a5c	01112ab3	slt	x21,x2,x17	  x2:0x80041027 x17:0x00000003 x21=0x00000001
      26905.000 ns	      2689	80000a60	000d70b3	and	x1,x26,x0	 x26:0x3820c48a  x0:0x00000000  x1=0x00000000
      27265.000 ns	      2725	80000a64	02f7f2b3	remu	x5,x15,x15	 x15:0xffffff84 x15:0xffffff84  x5=0x00000000
      27295.000 ns	      2728	80000a68	030581b3	mul	x3,x11,x16	 x11:0x00000002 x16:0x80040fe4  x3=0x00081fc8
      27325.000 ns	      2731	80000a6c	29ee9f53	fmax.s	f30,f29,f30	 f29:0x00000000 f30:0x46b50a40 f30=0x46b50a40
      27345.000 ns	      2733	80000a70	8c427113	andi	x2,x4,-1852	  x4:0x00000000  x2=0x00000000
      27355.000 ns	      2734	80000a74	4039d733	sra	x14,x19,x3	 x19:0x80041024  x3:0x00081fc8 x14=0xff800410
      27365.000 ns	      2735	80000a78	01d9b0b3	sltu	x1,x19,x29	 x19:0x80041024 x29:0x3fffffff  x1=0x00000000
      27385.000 ns	      2737	80000a7c	0220cd33	div	x26,x1,x2	  x1:0x00000000  x2:0x00000000 x26=0xffffffff
      27405.000 ns	      2739	80000a80	01d47cb3	and	x25,x8,x29	  x8:0x00000000 x29:0x3fffffff x25=0x00000000
      27425.000 ns	      2741	80000a84	d01bf6d3	fcvt.s.wu	f13,x23	 x23:0xffffffb7 f13=0x4f7fffff
      27445.000 ns	      2743	80000a88	64ac8313	addi	x6,x25,1610	 x25:0x00000001  x6=0x0000064a
      27455.000 ns	      2744	80000a8c	98a87d37	lui	x26,0x98a87	 x26=0x98a87000
      27465.000 ns	      2745	80000a90	008e0033	add	x0,x28,x8	 x28:0x00000001  x8:0x00000000
      27485.000 ns	      2747	80000a94	03991c33	mulh	x24,x18,x25	 x18:0x00000000 x25:0x00000000 x24=0x00000000
      27535.000 ns	      2752	80000a98	0840bdd3	fsub.s	f27,f1,f4	  f1:0x5f350461  f4:0x7fc00000 f27=0x7fc00000
      27565.000 ns	      2755	80000a9c	029a6f33	rem	x30,x20,x9	 x20:0x00000003  x9:0x00000000 x30=0x00000003
      27585.000 ns	      2757	80000aa0	008844b3	xor	x9,x16,x8	 x16:0x80040fe4  x8:0x00000000  x9=0x80040fe4
      27595.000 ns	      2758	80000aa4	00634a33	xor	x20,x6,x6	  x6:0x0000064a  x6:0x0000064a x20=0x00000000
      27605.000 ns	      2759	80000aa8	2587f093	andi	x1,x15,600	 x15:0xffffff84  x1=0x00000200
      27615.000 ns	      2760	80000aac	40c7d933	sra	x18,x15,x12	 x15:0xffffff84 x12:0x00000000 x18=0xffffff84
      27635.000 ns	      2762	80000ab0	e00d8f53	fmv.x.w	x30,f27	 f27:0x7fc00000 x30=0x7fc00000
      27655.000 ns	      2764	80000ab4	418a8733	sub	x14,x21,x24	 x21:0x00000001 x24:0x00000000 x14=0x00000001
      27665.000 ns	      2765	80000ab8	01d4d133	srl	x2,x9,x29	  x9:0x80040fe4 x29:0x3fffffff  x2=0x00000001
      27705.000 ns	      2769	80000abc	090a7d53	fsub.s	f26,f20,f16	 f20:0x7f800000 f16:0x46b50a40 f26=0x7f800000
      27735.000 ns	      2772	80000ac0	29770ad3	fmin.s	f21,f14,f23	 f14:0xce60831a f23:0x00000000 f21=0xce60831a
      27755.000 ns	      2774	80000ac4	41afd1b3	sra	x3,x31,x26	 x31:0xa72df994 x26:0x98a87000  x3=0xa72df994
      27765.000 ns	      2775	80000ac8	00251093	slli	x1,x10,0x2	 x10:0xffffffff  x1=0xfffffffc
      27775.000 ns	      2776	80000acc	4171db93	srai	x23,x3,0x17	  x3:0x00081fc8 x23=0xffffff4e
      27795.000 ns	      2778	80000ad0	e00e17d3	fclass.s	x15,f28	 f28:0x7fc00000 x15=0x00000200
      28165.000 ns	      2815	80000ad4	026b6f33	rem	x30,x22,x6	 x22:0x00000000  x6:0x0000064a x30=0x00000000
      28195.000 ns	      2818	80000ad8	028b62b3	rem	x5,x22,x8	 x22:0x00000000  x8:0x00000000  x5=0x00000000
      28215.000 ns	      2820	80000adc	c970c493	xori	x9,x1,-873	  x1:0xfffffffc  x9=0x0000036b
      28225.000 ns	      2821	80000ae0	55e70c93	addi	x25,x14,1374	 x14:0x00000001 x25=0x0000055f
      28235.000 ns	      2822	80000ae4	019d3c33	sltu	x24,x26,x25	 x26:0x98a87000 x25:0x00000000 x24=0x00000000
      28595.000 ns	      2858	80000ae8	037c6cb3	rem	x25,x24,x23	 x24:0x00000000 x23:0xffffff4e x25=0x00000000
      28615.000 ns	      2860	80000aec	008dda13	srli	x20,x27,0x8	 x27:0x80040fe4 x20=0x0080040f
      28635.000 ns	      2862	80000af0	c00118d3	fcvt.w.s	x17,f2	  f2:0x477ff700 x17=0x0000fff7
      28655.000 ns	      2864	80000af4	417e8c33	sub	x24,x29,x23	 x29:0x3fffffff x23:0xffffff4e x24=0x400000b1
      28665.000 ns	      2865	80000af8	00a901b3	add	x3,x18,x10	 x18:0xffffff84 x10:0xffffffff  x3=0xffffff83
      28675.000 ns	      2866	80000afc	54b8c093	xori	x1,x17,1355	 x17:0x0000fff7  x1=0x0000fabc
      28685.000 ns	      2867	80000b00	00e3a533	slt	x10,x7,x14	  x7:0x00000000 x14:0x00000001 x10=0x00000001
      28695.000 ns	      2868	80000b04	01f2b033	sltu	x0,x5,x31	  x5:0x00000000 x31:0xa72df994
      28715.000 ns	      2870	80000b08	031f8bb3	mul	x23,x31,x17	 x31:0xa72df994 x17:0x0000fff7 x23=0x18f639cc
      29085.000 ns	      2907	80000b0c	0343fe33	remu	x28,x7,x20	  x7:0x00000000 x20:0x0080040f x28=0x00000000
      29135.000 ns	      2912	80000b10	09057053	fsub.s	f0,f10,f16	 f10:0x4f000410 f16:0x46b50a40  f0=0x4f0003b5
      29165.000 ns	      2915	80000b14	e0099453	fclass.s	x8,f19	 f19:0xcc800000  x8=0x00000002
      29185.000 ns	      2917	80000b18	e2839297	auipc	x5,0xe2839	  x5=0x62839b18
      29195.000 ns	      2918	80000b1c	011a7133	and	x2,x20,x17	 x20:0x0080040f x17:0x0000fff7  x2=0x00000407
      29205.000 ns	      2919	80000b20	0cb53e13	sltiu	x28,x10,203	 x10:0x00000001 x28=0x00000001
      29215.000 ns	      2920	80000b24	404a5413	srai	x8,x20,0x4	 x20:0x0080040f  x8=0x00080040
      29225.000 ns	      2921	80000b28	01b30633	add	x12,x6,x27	  x6:0x0000064a x27:0x80040fe4 x12=0x8004162e
      29245.000 ns	      2923	80000b2c	03392933	mulhsu	x18,x18,x19	 x18:0xffffff84 x19:0x80041024 x18=0xffffffc1
      29275.000 ns	      2926	80000b30	a0b59553	flt.s	x10,f11,f11	 f11:0x7fc00000 f11:0x7fc00000 x10=0x00000000
      29645.000 ns	      2963	80000b34	03007d33	remu	x26,x0,x16	  x0:0x00000000 x16:0x80040fe4 x26=0x00000000
      29665.000 ns	      2965	80000b38	200ce113	ori	x2,x25,512	 x25:0x00000000  x2=0x00000200
      29675.000 ns	      2966	80000b3c	007cae33	slt	x28,x25,x7	 x25:0x00000000  x7:0x00000000 x28=0x00000000
      30035.000 ns	      3002	80000b40	033ed0b3	divu	x1,x29,x19	 x29:0x3fffffff x19:0x80041024  x1=0x00000000
      30065.000 ns	      3005	80000b44	208a1353	fsgnjn.s	f6,f20,f8	 f20:0x7f800000  f8:0x00000042  f6=0xff800000
      31245.000 ns	      3123	80000b48	580602d3	fsqrt.s	f5,f12	 f12:0x4effffff  f5=0x473504ab
      32425.000 ns	      3241	80000b4c	5800f5d3	fsqrt.s	f11,f1	  f1:0x5f350461 f11=0x4efffef4
      32445.000 ns	      3243	80000b50	00ad7db3	and	x27,x26,x10	 x26:0x00000000 x10:0x00000000 x27=0x00000000
      32455.000 ns	      3244	80000b54	31b18d37	lui	x26,0x31b18	 x26=0x31b18000
      32485.000 ns	      3247	80000b58	10594fd3	fmul.s	f31,f18,f5	 f18:0x04000000  f5:0x473504ab f31=0x0bb504ac
      32535.000 ns	      3252	80000b5c	017639d3	fadd.s	f19,f12,f23	 f12:0x4effffff f23:0x00000000 f19=0x4effffff
      32905.000 ns	      3289	80000b60	0224d1b3	divu	x3,x9,x2	  x9:0x0000036b  x2:0x00000200  x3=0x00000001
      32925.000 ns	      3291	80000b64	00fcaa33	slt	x20,x25,x15	 x25:0x00000000 x15:0x00000200 x20=0x00000001
      32935.000 ns	      3292	80000b68	017e0eb3	add	x29,x28,x23	 x28:0x00000000 x23:0x18f639cc x29=0x18f639cc
      32955.000 ns	      3294	80000b6c	029f94b3	mulh	x9,x31,x9	 x31:0xa72df994  x9:0x0000036b  x9=0xfffffed0
      32975.000 ns	      3296	80000b70	013d4333	xor	x6,x26,x19	 x26:0x31b18000 x19:0x80041024  x6=0xb1b59024
      32985.000 ns	      3297	80000b74	aec97893	andi	x17,x18,-1300	 x18:0xffffffc1 x17=0xfffffac0
      32995.000 ns	      3298	80000b78	00ec0db3	add	x27,x24,x14	 x24:0x400000b1 x14:0x00000001 x27=0x400000b2
      33015.000 ns	      3300	80000b7c	e00e02d3	fmv.x.w	x5,f28	 f28:0x7fc00000  x5=0x7fc00000
      33035.000 ns	      3302	80000b80	75ac3913	sltiu	x18,x24,1882	 x24:0x400000b1 x18=0x00000000
      33055.000 ns	      3304	80000b84	d0109d53	fcvt.s.wu	f26,x1	  x1:0x00000000 f26=0x00000000
      33075.000 ns	      3306	80000b88	41708633	sub	x12,x1,x23	  x1:0x00000000 x23:0x18f639cc x12=0xe709c634
      33085.000 ns	      3307	80000b8c	00f43db3	sltu	x27,x8,x15	  x8:0x00080040 x15:0x00000200 x27=0x00000000
      33095.000 ns	      3308	80000b90	e2bf2c13	slti	x24,x30,-469	 x30:0x00000000 x24=0x00000000
      33105.000 ns	      3309	80000b94	00d0d613	srli	x12,x1,0xd	  x1:0x00000000 x12=0x00000000
      33435.000 ns	      3342	80000b98	1887aa53	fdiv.s	f20,f15,f8	 f15:0x7f7fffff  f8:0x00000042 f20=0x7f800000
      33465.000 ns	      3345	80000b9c	28a90453	fmin.s	f8,f18,f10	 f18:0x04000000 f10:0x4f000410  f8=0x04000000
      33495.000 ns	      3348	80000ba0	d00b1a53	fcvt.s.w	f20,x22	 x22:0x00000000 f20=0x00000000
      33535.000 ns	      3352	80000ba4	11d6ae53	fmul.s	f28,f13,f29	 f13:0x4f7fffff f29:0x00000000 f28=0x00000000
      33565.000 ns	      3355	80000ba8	21710853	fsgnj.s	f16,f2,f23	  f2:0x477ff700 f23:0x00000000 f16=0x477ff700
      33595.000 ns	      3358	80000bac	0323aa33	mulhsu	x20,x7,x18	  x7:0x00000000 x18:0x00000000 x20=0x00000000
      33645.000 ns	      3363	80000bb0	09b17853	fsub.s	f16,f2,f27	  f2:0x477ff700 f27:0x7fc00000 f16=0x7fc00000
      33665.000 ns	      3365	80000bb4	409288b3	sub	x17,x5,x9	  x5:0x7fc00000  x9:0xfffffed0 x17=0x7fc00130
      33705.000 ns	      3369	80000bb8	089bffd3	fsub.s	f31,f23,f9	 f23:0x00000000  f9:0x3f800000 f31=0xbf800000
      33725.000 ns	      3371	80000bbc	40e6da33	sra	x20,x13,x14	 x13:0x90000000 x14:0x00000001 x20=0xc8000000
      33735.000 ns	      3372	80000bc0	00f3feb3	and	x29,x7,x15	  x7:0x00000000 x15:0x00000200 x29=0x00000000
      33755.000 ns	      3374	80000bc4	a1cc81d3	fle.s	x3,f25,f28	 f25:0x00231cbc f28:0x00000000  x3=0x00000000
      33775.000 ns	      3376	80000bc8	6812ee13	ori	x28,x5,1665	  x5:0x7fc00000 x28=0x7fc00681
      33785.000 ns	      3377	80000bcc	41e88cb3	sub	x25,x17,x30	 x17:0x7fc00130 x30:0x00000000 x25=0x7fc00130
      33795.000 ns	      3378	80000bd0	c8e6e713	ori	x14,x13,-882	 x13:0x90000000 x14=0xfffffc8e
      33815.000 ns	      3380	80000bd4	29e48f53	fmin.s	f30,f9,f30	  f9:0x3f800000 f30:0x46b50a40 f30=0x3f800000
      33845.000 ns	      3383	80000bd8	d00c8b53	fcvt.s.w	f22,x25	 x25:0x7fc00130 f22=0x4eff8002
      33875.000 ns	      3386	80000bdc	205c8a53	fsgnj.s	f20,f25,f5	 f25:0x00231cbc  f5:0x473504ab f20=0x00231cbc
      33905.000 ns	      3389	80000be0	d00587d3	fcvt.s.w	f15,x11	 x11:0x00000002 f15=0x40000000
      33925.000 ns	      3391	80000be4	b92bad93	slti	x27,x23,-1134	 x23:0x18f639cc x27=0x00000000
      33945.000 ns	      3393	80000be8	a1d80a53	fle.s	x20,f16,f29	 f16:0x7fc00000 f29:0x00000000 x20=0x00000000
      33965.000 ns	      3395	80000bec	017e3ab3	sltu	x21,x28,x23	 x28:0x7fc00681 x23:0x18f639cc x21=0x00000000
      33985.000 ns	      3397	80000bf0	20729a53	fsgnjn.s	f20,f5,f7	  f5:0x473504ab  f7:0xbe4647ea f20=0x473504ab
      34015.000 ns	      3400	80000bf4	f0000353	fmv.w.x	f6,x0	  x0:0x00000000  f6=0x00000000
      34035.000 ns	      3402	80000bf8	01d116b3	sll	x13,x2,x29	  x2:0x00000200 x29:0x00000000 x13=0x00000200
      34065.000 ns	      3405	80000bfc	186afbd3	fdiv.s	f23,f21,f6	 f21:0xce60831a  f6:0x00000000 f23=0xff800000
      34085.000 ns	      3407	80000c00	92fa7b93	andi	x23,x20,-1745	 x20:0x00000000 x23=0x00000000
      34095.000 ns	      3408	80000c04	00261c93	slli	x25,x12,0x2	 x12:0x00000000 x25=0x00000000
      34105.000 ns	      3409	80000c08	000150b3	srl	x1,x2,x0	  x2:0x00000200  x0:0x00000000  x1=0x00000200
      34125.000 ns	      3411	80000c0c	c00d1dd3	fcvt.w.s	x27,f26	 f26:0x00000000 x27=0x00000000
      34155.000 ns	      3414	80000c10	c01d7b53	fcvt.wu.s	x22,f26	 f26:0x00000000 x22=0x00000000
      34175.000 ns	      3416	80000c14	5bca4413	xori	x8,x20,1468	 x20:0x00000000  x8=0x000005bc
      34185.000 ns	      3417	80000c18	01cf7cb3	and	x25,x30,x28	 x30:0x00000000 x28:0x7fc00681 x25=0x00000000
      34205.000 ns	      3419	80000c1c	024cdeb3	divu	x29,x25,x4	 x25:0x00000000  x4:0x00000000 x29=0xffffffff
      34225.000 ns	      3421	80000c20	018697b3	sll	x15,x13,x24	 x13:0x00000200 x24:0x00000000 x15=0x00000200
      34245.000 ns	      3423	80000c24	022328b3	mulhsu	x17,x6,x2	  x6:0xb1b59024  x2:0x00000200 x17=0xffffff63
      34265.000 ns	      3425	80000c28	41f088b3	sub	x17,x1,x31	  x1:0x00000200 x31:0xa72df994 x17=0x58d2086c
      34275.000 ns	      3426	80000c2c	01049d93	slli	x27,x9,0x10	  x9:0xfffffed0 x27=0xfed00000
      34295.000 ns	      3428	80000c30	e00a83d3	fmv.x.w	x7,f21	 f21:0xce60831a  x7=0xce60831a
      34335.000 ns	      3432	80000c34	11b9f253	fmul.s	f4,f19,f27	 f19:0x4effffff f27:0x7fc00000  f4=0x7fc00000
      34365.000 ns	      3435	80000c38	0323e333	rem	x6,x7,x18	  x7:0xce60831a x18:0x00000000  x6=0xce60831a
      34385.000 ns	      3437	80000c3c	007051b3	srl	x3,x0,x7	  x0:0x00000000  x7:0xce60831a  x3=0x00000000
      34395.000 ns	      3438	80000c40	00e9df33	srl	x30,x19,x14	 x19:0x80041024 x14:0xfffffc8e x30=0x00020010
      34405.000 ns	      3439	80000c44	41e880b3	sub	x1,x17,x30	 x17:0x58d2086c x30:0x00000000  x1=0x58d0085c
      34765.000 ns	      3475	80000c48	02116333	rem	x6,x2,x1	  x2:0x00000200  x1:0x00000200  x6=0x00000200
      34795.000 ns	      3478	80000c4c	f00508d3	fmv.w.x	f17,x10	 x10:0x00000000 f17=0x00000000
      34825.000 ns	      3481	80000c50	28a61dd3	fmax.s	f27,f12,f10	 f12:0x4effffff f10:0x4f000410 f27=0x4f000410
      34875.000 ns	      3486	80000c54	002434d3	fadd.s	f9,f8,f2	  f8:0x04000000  f2:0x477ff700  f9=0x477ff700
      34905.000 ns	      3489	80000c58	29031e53	fmax.s	f28,f6,f16	  f6:0x00000000 f16:0x7fc00000 f28=0x00000000
      35275.000 ns	      3526	80000c5c	03ec6933	rem	x18,x24,x30	 x24:0x00000000 x30:0x00020010 x18=0x00000000
      35295.000 ns	      3528	80000c60	41e988b3	sub	x17,x19,x30	 x19:0x80041024 x30:0x00020010 x17=0x80021014
      35315.000 ns	      3530	80000c64	d00b7053	fcvt.s.w	f0,x22	 x22:0x00000000  f0=0x00000000
      35335.000 ns	      3532	80000c68	00a691b3	sll	x3,x13,x10	 x13:0x00000200 x10:0x00000000  x3=0x00000200
      35345.000 ns	      3533	80000c6c	6cc1b913	sltiu	x18,x3,1740	  x3:0x00000000 x18=0x00000001
      35365.000 ns	      3535	80000c70	035c0933	mul	x18,x24,x21	 x24:0x00000000 x21:0x00000000 x18=0x00000000
      35385.000 ns	      3537	80000c74	019108b3	add	x17,x2,x25	  x2:0x00000200 x25:0x00000000 x17=0x00000200
      35405.000 ns	      3539	80000c78	d0047953	fcvt.s.w	f18,x8	  x8:0x000005bc f18=0x44b78000
      35425.000 ns	      3541	80000c7c	d4203b93	sltiu	x23,x0,-702	  x0:0x00000000 x23=0x00000001
      35435.000 ns	      3542	80000c80	00295013	srli	x0,x18,0x2	 x18:0x00000000
      35445.000 ns	      3543	80000c84	41dc08b3	sub	x17,x24,x29	 x24:0x00000000 x29:0xffffffff x17=0x00000001
      35455.000 ns	      3544	80000c88	d8399497	auipc	x9,0xd8399	  x9=0x58399c88
      35475.000 ns	      3546	80000c8c	f00501d3	fmv.w.x	f3,x10	 x10:0x00000000  f3=0x00000000
      35505.000 ns	      3549	80000c90	d008fb53	fcvt.s.w	f22,x17	 x17:0x00000001 f22=0x3f800000
      35525.000 ns	      3551	80000c94	019aee33	or	x28,x21,x25	 x21:0x00000000 x25:0x00000000 x28=0x00000000
      35545.000 ns	      3553	80000c98	a0ba1fd3	flt.s	x31,f20,f11	 f20:0x473504ab f11:0x4efffef4 x31=0x00000001
      35575.000 ns	      3556	80000c9c	20d09353	fsgnjn.s	f6,f1,f13	  f1:0x5f350461 f13:0x4f7fffff  f6=0xdf350461
      35605.000 ns	      3559	80000ca0	02aab033	mulhu	x0,x21,x10	 x21:0x00000000 x10:0x00000000
      35625.000 ns	      3561	80000ca4	00e4efb3	or	x31,x9,x14	  x9:0x58399c88 x14:0xfffffc8e x31=0xfffffc8e
      35635.000 ns	      3562	80000ca8	007e9e33	sll	x28,x29,x7	 x29:0xffffffff  x7:0xce60831a x28=0xfc000000
      35645.000 ns	      3563	80000cac	0241e893	ori	x17,x3,36	  x3:0x00000200 x17=0x00000224
      35675.000 ns	      3566	80000cb0	190ec6d3	fdiv.s	f13,f29,f16	 f29:0x00000000 f16:0x7fc00000 f13=0x7fc00000
      36045.000 ns	      3603	80000cb4	031866b3	rem	x13,x16,x17	 x16:0x80040fe4 x17:0x00000001 x13=0xfffffde0
      36065.000 ns	      3605	80000cb8	00284933	xor	x18,x16,x2	 x16:0x80040fe4  x2:0x00000200 x18=0x80040de4
      36085.000 ns	      3607	80000cbc	20849353	fsgnjn.s	f6,f9,f8	  f9:0x477ff700  f8:0x04000000  f6=0xc77ff700
      36425.000 ns	      3641	80000cc0	1933f553	fdiv.s	f10,f7,f19	  f7:0xbe4647ea f19:0x4effffff f10=0xaec647ea
      36445.000 ns	      3643	80000cc4	697dbe93	sltiu	x29,x27,1687	 x27:0xfed00000 x29=0x00000000
      36805.000 ns	      3679	80000cc8	02275b33	divu	x22,x14,x2	 x14:0xfffffc8e  x2:0x00000200 x22=0x007ffffe
      36825.000 ns	      3681	80000ccc	01291013	slli	x0,x18,0x12	 x18:0x80040de4
      36845.000 ns	      3683	80000cd0	02c051b3	divu	x3,x0,x12	  x0:0x00000000 x12:0x00000000  x3=0xffffffff
      36865.000 ns	      3685	80000cd4	ffbf7fb7	lui	x31,0xffbf7	 x31=0xffbf7000
      36875.000 ns	      3686	80000cd8	28fc0ab7	lui	x21,0x28fc0	 x21=0x28fc0000
      36885.000 ns	      3687	80000cdc	4058dd13	srai	x26,x17,0x5	 x17:0x00000224 x26=0x00000011
      36895.000 ns	      3688	80000ce0	01dd6ab3	or	x21,x26,x29	 x26:0x31b18000 x29:0x00000000 x21=0x00000011
      36905.000 ns	      3689	80000ce4	018c7db3	and	x27,x24,x24	 x24:0x00000000 x24:0x00000000 x27=0x00000000
      36915.000 ns	      3690	80000ce8	b93b4297	auipc	x5,0xb93b4	  x5=0x393b4ce8
      36935.000 ns	      3692	80000cec	d0147a53	fcvt.s.wu	f20,x8	  x8:0x000005bc f20=0x44b78000
      36955.000 ns	      3694	80000cf0	40b85ab3	sra	x21,x16,x11	 x16:0x80040fe4 x11:0x00000002 x21=0xe00103f9
      36975.000 ns	      3696	80000cf4	29ca1ad3	fmax.s	f21,f20,f28	 f20:0x44b78000 f28:0x00000000 f21=0x44b78000
      37345.000 ns	      3733	80000cf8	03a3f033	remu	x0,x7,x26	  x7:0xce60831a x26:0x00000011
      37375.000 ns	      3736	80000cfc	a0cc8d53	fle.s	x26,f25,f12	 f25:0x00231cbc f12:0x4effffff x26=0x00000001
      37395.000 ns	      3738	80000d00	01b4deb3	srl	x29,x9,x27	  x9:0x58399c88 x27:0x00000000 x29=0x58399c88
      37755.000 ns	      3774	80000d04	022af533	remu	x10,x21,x2	 x21:0xe00103f9  x2:0x00000200 x10=0x000001f9
      38125.000 ns	      3811	80000d08	0224d1b3	divu	x3,x9,x2	  x9:0x58399c88  x2:0x00000200  x3=0x002c1cce
      38155.000 ns	      3814	80000d0c	02f632b3	mulhu	x5,x12,x15	 x12:0x00000000 x15:0x00000200  x5=0x00000000
      38175.000 ns	      3816	80000d10	0076bc33	sltu	x24,x13,x7	 x13:0xfffffde0  x7:0xce60831a x24=0x00000000
      38195.000 ns	      3818	80000d14	03e124b3	mulhsu	x9,x2,x30	  x2:0x00000200 x30:0x00020010  x9=0x00000000
      38245.000 ns	      3823	80000d18	084b4253	fsub.s	f4,f22,f4	 f22:0x3f800000  f4:0x7fc00000  f4=0x7fc00000
      38295.000 ns	      3828	80000d1c	08af72d3	fsub.s	f5,f30,f10	 f30:0x3f800000 f10:0xaec647ea  f5=0x3f800000
      38315.000 ns	      3830	80000d20	28438d13	addi	x26,x7,644	  x7:0xce60831a x26=0xce60859e
      38325.000 ns	      3831	80000d24	40ab00b3	sub	x1,x22,x10	 x22:0x007ffffe x10:0x000001f9  x1=0x007ffe05
      38345.000 ns	      3833	80000d28	02ba2933	mulhsu	x18,x20,x11	 x20:0x00000000 x11:0x00000002 x18=0x00000000
      38375.000 ns	      3836	80000d2c	03c70533	mul	x10,x14,x28	 x14:0xfffffc8e x28:0xfc000000 x10=0xc8000000
      38425.000 ns	      3841	80000d30	08e8c353	fsub.s	f6,f17,f14	 f17:0x00000000 f14:0xce60831a  f6=0x4e60831a
      38455.000 ns	      3844	80000d34	2171a0d3	fsgnjx.s	f1,f3,f23	  f3:0x00000000 f23:0xff800000  f1=0x80000000
      38485.000 ns	      3847	80000d38	c003ffd3	fcvt.w.s	x31,f7	  f7:0xbe4647ea x31=0x00000000
      38505.000 ns	      3849	80000d3c	00000013	addi	x0,x0,0	  x0:0x00000000
      38535.000 ns	      3852	80000d40	19f1b453	fdiv.s	f8,f3,f31	  f3:0x00000000 f31:0xbf800000  f8=0x80000000
      38555.000 ns	      3854	80000d44	00000013	addi	x0,x0,0	  x0:0x00000000
      38575.000 ns	      3856	80000d48	29e48153	fmin.s	f2,f9,f30	  f9:0x477ff700 f30:0x3f800000  f2=0x3f800000
      38595.000 ns	      3858	80000d4c	011d12b3	sll	x5,x26,x17	 x26:0xce60859e x17:0x00000224  x5=0xe60859e0
      38605.000 ns	      3859	80000d50	41f1dd33	sra	x26,x3,x31	  x3:0x002c1cce x31:0x00000000 x26=0x002c1cce
      38625.000 ns	      3861	80000d54	a0da1ad3	flt.s	x21,f20,f13	 f20:0x44b78000 f13:0x7fc00000 x21=0x00000000
      38645.000 ns	      3863	80000d58	66c6b013	sltiu	x0,x13,1644	 x13:0xfffffde0
      38665.000 ns	      3865	80000d5c	e0060053	fmv.x.w	x0,f12	 f12:0x4effffff
      38685.000 ns	      3867	80000d60	004adb13	srli	x22,x21,0x4	 x21:0x00000000 x22=0x00000000
      38705.000 ns	      3869	80000d64	d0007ed3	fcvt.s.w	f29,x0	  x0:0x00000000 f29=0x00000000
      38735.000 ns	      3872	80000d68	02c4cfb3	div	x31,x9,x12	  x9:0x00000000 x12:0x00000000 x31=0xffffffff
      38755.000 ns	      3874	80000d6c	00708333	add	x6,x1,x7	  x1:0x007ffe05  x7:0xce60831a  x6=0xcee0811f
      38775.000 ns	      3876	80000d70	21d71453	fsgnjn.s	f8,f14,f29	 f14:0xce60831a f29:0x00000000  f8=0xce60831a
      38805.000 ns	      3879	80000d74	203122d3	fsgnjx.s	f5,f2,f3	  f2:0x3f800000  f3:0x00000000  f5=0x3f800000
      38835.000 ns	      3882	80000d78	e0059dd3	fclass.s	x27,f11	 f11:0x4efffef4 x27=0x00000040
      38865.000 ns	      3885	80000d7c	d01af2d3	fcvt.s.wu	f5,x21	 x21:0x00000000  f5=0x00000000
      38885.000 ns	      3887	80000d80	01daafb3	slt	x31,x21,x29	 x21:0x00000000 x29:0x58399c88 x31=0x00000001
      38895.000 ns	      3888	80000d84	40895a33	sra	x20,x18,x8	 x18:0x00000000  x8:0x000005bc x20=0x00000000
      39225.000 ns	      3921	80000d88	18faf6d3	fdiv.s	f13,f21,f15	 f21:0x44b78000 f15:0x40000000 f13=0x43c3084e
      39245.000 ns	      3923	80000d8c	0015b533	sltu	x10,x11,x1	 x11:0x00000002  x1:0x007ffe05 x10=0x00000001
      39265.000 ns	      3925	80000d90	d00c97d3	fcvt.s.w	f15,x25	 x25:0x00000000 f15=0x00000000
      39295.000 ns	      3928	80000d94	21611853	fsgnjn.s	f16,f2,f22	  f2:0x3f800000 f22:0x3f800000 f16=0xbf800000
      39315.000 ns	      3930	80000d98	00e39f33	sll	x30,x7,x14	  x7:0xce60831a x14:0xfffffc8e x30=0x20c68000
      39325.000 ns	      3931	80000d9c	00045d13	srli	x26,x8,0x0	  x8:0x000005bc x26=0x000005bc
      39345.000 ns	      3933	80000da0	03eeb933	mulhu	x18,x29,x30	 x29:0x58399c88 x30:0x00020010 x18=0x0b4b9c3c
      39375.000 ns	      3936	80000da4	20e28853	fsgnj.s	f16,f5,f14	  f5:0x00000000 f14:0xce60831a f16=0x80000000
      39405.000 ns	      3939	80000da8	02eba133	mulhsu	x2,x23,x14	 x23:0x00000001 x14:0xfffffc8e  x2=0x00000000
      39425.000 ns	      3941	80000dac	882b0e13	addi	x28,x22,-1918	 x22:0x00000000 x28=0xfffff882
      39445.000 ns	      3943	80000db0	02ff8a33	mul	x20,x31,x15	 x31:0x00000001 x15:0x00000200 x20=0x00000200
      39815.000 ns	      3980	80000db4	03754d33	div	x26,x10,x23	 x10:0x00000001 x23:0x00000001 x26=0x00000001
      39845.000 ns	      3983	80000db8	03ac23b3	mulhsu	x7,x24,x26	 x24:0x00000000 x26:0x000005bc  x7=0x00000000
      39875.000 ns	      3986	80000dbc	0219b133	mulhu	x2,x19,x1	 x19:0x80041024  x1:0x007ffe05  x2=0x0040010a
      39895.000 ns	      3988	80000dc0	01f933b3	sltu	x7,x18,x31	 x18:0x0b4b9c3c x31:0x00000001  x7=0x00000000
      39915.000 ns	      3990	80000dc4	c0057cd3	fcvt.w.s	x25,f10	 f10:0xaec647ea x25=0x00000000
      39935.000 ns	      3992	80000dc8	01ce0633	add	x12,x28,x28	 x28:0xfffff882 x28:0xfffff882 x12=0xfffff104
      39955.000 ns	      3994	80000dcc	02b99133	mulh	x2,x19,x11	 x19:0x80041024 x11:0x00000002  x2=0xffffffff
      39995.000 ns	      3998	80000dd0	580bff53	fsqrt.s	f30,f23	 f23:0xff800000 f30=0x7fc00000
      40015.000 ns	      4000	80000dd4	293ca617	auipc	x12,0x293ca	 x12=0xa93cadd4
      40035.000 ns	      4002	80000dd8	0331aab3	mulhsu	x21,x3,x19	  x3:0x002c1cce x19:0x80041024 x21=0x00160f1a
      40055.000 ns	      4004	80000ddc	40c752b3	sra	x5,x14,x12	 x14:0xfffffc8e x12:0xfffff104  x5=0xffffffff
      40065.000 ns	      4005	80000de0	40db8a33	sub	x20,x23,x13	 x23:0x00000001 x13:0xfffffde0 x20=0x00000221
      40425.000 ns	      4041	80000de4	030dca33	div	x20,x27,x16	 x27:0x00000040 x16:0x80040fe4 x20=0x00000000
      40445.000 ns	      4043	80000de8	b1140db7	lui	x27,0xb1140	 x27=0xb1140000
      41615.000 ns	      4160	80000dec	58030553	fsqrt.s	f10,f6	  f6:0x4e60831a f10=0x469ec10a
      41645.000 ns	      4163	80000df0	29789ad3	fmax.s	f21,f17,f23	 f17:0x00000000 f23:0xff800000 f21=0x00000000
      41665.000 ns	      4165	80000df4	008f5593	srli	x11,x30,0x8	 x30:0x20c68000 x11=0x0020c680
      41675.000 ns	      4166	80000df8	5e282193	slti	x3,x16,1506	 x16:0x80040fe4  x3=0x00000001
      41685.000 ns	      4167	80000dfc	95490717	auipc	x14,0x95490	 x14=0x15490dfc
      41695.000 ns	      4168	80000e00	9ac6cf17	auipc	x30,0x9ac6c	 x30=0x1ac6ce00
      41715.000 ns	      4170	80000e04	02ee84b3	mul	x9,x29,x14	 x29:0x58399c88 x14:0xfffffc8e  x9=0x9070fde0
      42085.000 ns	      4207	80000e08	02b5c733	div	x14,x11,x11	 x11:0x0020c680 x11:0x0020c680 x14=0x00000001
      42105.000 ns	      4209	80000e0c	0170d293	srli	x5,x1,0x17	  x1:0x007ffe05  x5=0x00000000
      42115.000 ns	      4210	80000e10	00387133	and	x2,x16,x3	 x16:0x80040fe4  x3:0x00000001  x2=0x00000000
      42125.000 ns	      4211	80000e14	411bd7b3	sra	x15,x23,x17	 x23:0x00000001 x17:0x00000224 x15=0x00000000
      42145.000 ns	      4213	80000e18	e00110d3	fclass.s	x1,f2	  f2:0x3f800000  x1=0x00000040
      42515.000 ns	      4250	80000e1c	02defeb3	remu	x29,x29,x13	 x29:0x58399c88 x13:0xfffffde0 x29=0x58399c88
      42555.000 ns	      4254	80000e20	1008c553	fmul.s	f10,f17,f0	 f17:0x00000000  f0:0x00000000 f10=0x00000000
      42575.000 ns	      4256	80000e24	4fa20093	addi	x1,x4,1274	  x4:0x00000000  x1=0x000004fa
      42585.000 ns	      4257	80000e28	3d016e13	ori	x28,x2,976	  x2:0x00000000 x28=0x000003d0
      42605.000 ns	      4259	80000e2c	c00d72d3	fcvt.w.s	x5,f26	 f26:0x00000000  x5=0x00000000
      42635.000 ns	      4262	80000e30	20a102d3	fsgnj.s	f5,f2,f10	  f2:0x3f800000 f10:0x00000000  f5=0x3f800000
      42655.000 ns	      4264	80000e34	01d44d33	xor	x26,x8,x29	  x8:0x000005bc x29:0x58399c88 x26=0x58399934
      42695.000 ns	      4268	80000e38	01d0fe53	fadd.s	f28,f1,f29	  f1:0x80000000 f29:0x00000000 f28=0x00000000
      42715.000 ns	      4270	80000e3c	6c293097	auipc	x1,0x6c293	  x1=0xec293e3c
      43075.000 ns	      4306	80000e40	03225633	divu	x12,x4,x18	  x4:0x00000000 x18:0x0b4b9c3c x12=0x00000000
      43095.000 ns	      4308	80000e44	00c342b3	xor	x5,x6,x12	  x6:0xcee0811f x12:0xa93cadd4  x5=0xcee0811f
      43105.000 ns	      4309	80000e48	01269bb3	sll	x23,x13,x18	 x13:0xfffffde0 x18:0x0b4b9c3c x23=0x00000000
      43125.000 ns	      4311	80000e4c	036615b3	mulh	x11,x12,x22	 x12:0x00000000 x22:0x00000000 x11=0x00000000
      43145.000 ns	      4313	80000e50	823e4e97	auipc	x29,0x823e4	 x29=0x023e4e50
      43185.000 ns	      4317	80000e54	092af8d3	fsub.s	f17,f21,f18	 f21:0x00000000 f18:0x44b78000 f17=0xc4b78000
      43215.000 ns	      4320	80000e58	e00b0053	fmv.x.w	x0,f22	 f22:0x3f800000
      43585.000 ns	      4357	80000e5c	02acf2b3	remu	x5,x25,x10	 x25:0x00000000 x10:0x00000001  x5=0x00000000
      43625.000 ns	      4361	80000e60	11dcaf53	fmul.s	f30,f25,f29	 f25:0x00231cbc f29:0x00000000 f30=0x00000000
      43645.000 ns	      4363	80000e64	f92f8513	addi	x10,x31,-110	 x31:0x00000001 x10=0xffffff93
      43655.000 ns	      4364	80000e68	2ca9c493	xori	x9,x19,714	 x19:0x80041024  x9=0x800412ee
      43675.000 ns	      4366	80000e6c	02e33e33	mulhu	x28,x6,x14	  x6:0xcee0811f x14:0x00000001 x28=0x00000000
      43695.000 ns	      4368	80000e70	00974633	xor	x12,x14,x9	 x14:0x00000001  x9:0x9070fde0 x12=0x800412ef
      43705.000 ns	      4369	80000e74	8c856e93	ori	x29,x10,-1848	 x10:0xffffff93 x29=0xffffffdb
      43715.000 ns	      4370	80000e78	40acd313	srai	x6,x25,0xa	 x25:0x00000000  x6=0x00000000
      43735.000 ns	      4372	80000e7c	03cc42b3	div	x5,x24,x28	 x24:0x00000000 x28:0x00000000  x5=0xffffffff
      44075.000 ns	      4406	80000e80	18c11253	fdiv.s	f4,f2,f12	  f2:0x3f800000 f12:0x4effffff  f4=0x30000000
      44105.000 ns	      4409	80000e84	d0177a53	fcvt.s.wu	f20,x14	 x14:0x00000001 f20=0x3f800000
      44125.000 ns	      4411	80000e88	80e07013	andi	x0,x0,-2034	  x0:0x00000000
      44485.000 ns	      4447	80000e8c	032c5f33	divu	x30,x24,x18	 x24:0x00000000 x18:0x0b4b9c3c x30=0x00000000
      44505.000 ns	      4449	80000e90	0113dc13	srli	x24,x7,0x11	  x7:0x00000000 x24=0x00000000
      44515.000 ns	      4450	80000e94	9504ae97	auipc	x29,0x9504a	 x29=0x1504ae94
      44535.000 ns	      4452	80000e98	02054ab3	div	x21,x10,x0	 x10:0xffffff93  x0:0x00000000 x21=0xffffffff
      44565.000 ns	      4455	80000e9c	a1d30fd3	fle.s	x31,f6,f29	  f6:0x4e60831a f29:0x00000000 x31=0x00000000
      44605.000 ns	      4459	80000ea0	1115a7d3	fmul.s	f15,f11,f17	 f11:0x4efffef4 f17:0xc4b78000 f15=0xd4377f40
      44635.000 ns	      4462	80000ea4	c018f653	fcvt.wu.s	x12,f17	 f17:0xc4b78000 x12=0x000005bc
      44655.000 ns	      4464	80000ea8	01bbc6b3	xor	x13,x23,x27	 x23:0x00000000 x27:0xb1140000 x13=0xb1140000
      45015.000 ns	      4500	80000eac	03af5bb3	divu	x23,x30,x26	 x30:0x00000000 x26:0x58399934 x23=0x00000000
      45385.000 ns	      4537	80000eb0	02a47d33	remu	x26,x8,x10	  x8:0x000005bc x10:0xffffff93 x26=0x000005bc
      45415.000 ns	      4540	80000eb4	c01d70d3	fcvt.wu.s	x1,f26	 f26:0x00000000  x1=0x00000000
      45435.000 ns	      4542	80000eb8	67f27013	andi	x0,x4,1663	  x4:0x00000000
      45455.000 ns	      4544	80000ebc	f00f8ad3	fmv.w.x	f21,x31	 x31:0x00000000 f21=0x00000000
      45485.000 ns	      4547	80000ec0	d0170053	fcvt.s.wu	f0,x14	 x14:0x00000001  f0=0x3f800000
      45505.000 ns	      4549	80000ec4	01135d13	srli	x26,x6,0x11	  x6:0x00000000 x26=0x00000000
      45525.000 ns	      4551	80000ec8	e00e1553	fclass.s	x10,f28	 f28:0x00000000 x10=0x00000010
      45545.000 ns	      4553	80000ecc	401dd413	srai	x8,x27,0x1	 x27:0xb1140000  x8=0xd88a0000
      45565.000 ns	      4555	80000ed0	02ab9f33	mulh	x30,x23,x10	 x23:0x00000000 x10:0x00000010 x30=0x00000000
      45585.000 ns	      4557	80000ed4	7a6a2013	slti	x0,x20,1958	 x20:0x00000000
      45595.000 ns	      4558	80000ed8	01918533	add	x10,x3,x25	  x3:0x00000001 x25:0x00000000 x10=0x00000001
      45615.000 ns	      4560	80000edc	29db9ed3	fmax.s	f29,f23,f29	 f23:0xff800000 f29:0x00000000 f29=0x00000000
      45645.000 ns	      4563	80000ee0	0371bdb3	mulhu	x27,x3,x23	  x3:0x00000001 x23:0x00000000 x27=0x00000000
      45675.000 ns	      4566	80000ee4	e0009d53	fclass.s	x26,f1	  f1:0x80000000 x26=0x00000008
      45705.000 ns	      4569	80000ee8	03889fb3	mulh	x31,x17,x24	 x17:0x00000224 x24:0x00000000 x31=0x00000000
      45735.000 ns	      4572	80000eec	027aeab3	rem	x21,x21,x7	 x21:0xffffffff  x7:0x00000000 x21=0xffffffff
      45765.000 ns	      4575	80000ef0	284d0953	fmin.s	f18,f26,f4	 f26:0x00000000  f4:0x30000000 f18=0x00000000
      45785.000 ns	      4577	80000ef4	006ba2b3	slt	x5,x23,x6	 x23:0x00000000  x6:0x00000000  x5=0x00000000
      45795.000 ns	      4578	80000ef8	00e7f1b3	and	x3,x15,x14	 x15:0x00000000 x14:0x00000001  x3=0x00000000
      45805.000 ns	      4579	80000efc	4b54a593	slti	x11,x9,1205	  x9:0x800412ee x11=0x00000001
      45845.000 ns	      4583	80000f00	08f0b9d3	fsub.s	f19,f1,f15	  f1:0x80000000 f15:0xd4377f40 f19=0x54377f40
      45865.000 ns	      4585	80000f04	00b6d193	srli	x3,x13,0xb	 x13:0xb1140000  x3=0x00162280
      45905.000 ns	      4589	80000f08	01cca953	fadd.s	f18,f25,f28	 f25:0x00231cbc f28:0x00000000 f18=0x00231cbc
      46275.000 ns	      4626	80000f0c	03a266b3	rem	x13,x4,x26	  x4:0x00000000 x26:0x00000008 x13=0x00000000
      46325.000 ns	      4631	80000f10	0001fcd3	fadd.s	f25,f3,f0	  f3:0x00000000  f0:0x3f800000 f25=0x3f800000
      46345.000 ns	      4633	80000f14	899fe137	lui	x2,0x899fe	  x2=0x899fe000
      46355.000 ns	      4634	80000f18	00000013	addi	x0,x0,0	  x0:0x00000000
      46365.000 ns	      4635	80000f1c	41fad133	sra	x2,x21,x31	 x21:0xffffffff x31:0x00000000  x2=0xffffffff
      46385.000 ns	      4637	80000f20	03f63d33	mulhu	x26,x12,x31	 x12:0x000005bc x31:0x00000000 x26=0x00000000
      46405.000 ns	      4639	80000f24	417ad713	srai	x14,x21,0x17	 x21:0xffffffff x14=0xffffffff
      46415.000 ns	      4640	80000f28	0cfecf17	auipc	x30,0xcfec	 x30=0x8cfecf28
      46435.000 ns	      4642	80000f2c	e0081a53	fclass.s	x20,f16	 f16:0x80000000 x20=0x00000008
      46465.000 ns	      4645	80000f30	a1d202d3	fle.s	x5,f4,f29	  f4:0x30000000 f29:0x00000000  x5=0x00000000
      46485.000 ns	      4647	80000f34	5691bd13	sltiu	x26,x3,1385	  x3:0x00162280 x26=0x00000000
      46845.000 ns	      4683	80000f38	0238cab3	div	x21,x17,x3	 x17:0x00000224  x3:0x00162280 x21=0x00000000
      46875.000 ns	      4686	80000f3c	a1acafd3	feq.s	x31,f25,f26	 f25:0x3f800000 f26:0x00000000 x31=0x00000000
      46905.000 ns	      4689	80000f40	20581553	fsgnjn.s	f10,f16,f5	 f16:0x80000000  f5:0x3f800000 f10=0x80000000
      46925.000 ns	      4691	80000f44	002885b3	add	x11,x17,x2	 x17:0x00000224  x2:0xffffffff x11=0x00000223
      46945.000 ns	      4693	80000f48	a0110dd3	fle.s	x27,f2,f1	  f2:0x3f800000  f1:0x80000000 x27=0x00000000
      47315.000 ns	      4730	80000f4c	034ae4b3	rem	x9,x21,x20	 x21:0x00000000 x20:0x00000008  x9=0x00000000
      47685.000 ns	      4767	80000f50	03494db3	div	x27,x18,x20	 x18:0x0b4b9c3c x20:0x00000008 x27=0x01697387
      47705.000 ns	      4769	80000f54	00e965b3	or	x11,x18,x14	 x18:0x0b4b9c3c x14:0xffffffff x11=0xffffffff
      47725.000 ns	      4771	80000f58	c00a70d3	fcvt.w.s	x1,f20	 f20:0x3f800000  x1=0x00000001
      47745.000 ns	      4773	80000f5c	4069d2b3	sra	x5,x19,x6	 x19:0x80041024  x6:0x00000000  x5=0x80041024
      47755.000 ns	      4774	80000f60	00aa5e93	srli	x29,x20,0xa	 x20:0x00000008 x29=0x00000000
      47765.000 ns	      4775	80000f64	6a3a2413	slti	x8,x20,1699	 x20:0x00000008  x8=0x00000001
      47775.000 ns	      4776	80000f68	01cafcb3	and	x25,x21,x28	 x21:0x00000000 x28:0x00000000 x25=0x00000000
      48135.000 ns	      4812	80000f6c	02bdfc33	remu	x24,x27,x11	 x27:0x01697387 x11:0xffffffff x24=0x01697387
      48155.000 ns	      4814	80000f70	015ac933	xor	x18,x21,x21	 x21:0x00000000 x21:0x00000000 x18=0x00000000
      48165.000 ns	      4815	80000f74	01fb9113	slli	x2,x23,0x1f	 x23:0x00000000  x2=0x00000000
      48525.000 ns	      4851	80000f78	021957b3	divu	x15,x18,x1	 x18:0x0b4b9c3c  x1:0x00000001 x15=0x00000000
      48565.000 ns	      4855	80000f7c	580198d3	fsqrt.s	f17,f3	  f3:0x00000000 f17=0x00000000
      48595.000 ns	      4858	80000f80	0338ae33	mulhsu	x28,x17,x19	 x17:0x00000224 x19:0x80041024 x28=0x00000112
      48615.000 ns	      4860	80000f84	000925b3	slt	x11,x18,x0	 x18:0x00000000  x0:0x00000000 x11=0x00000000
      48625.000 ns	      4861	80000f88	7ae61c97	auipc	x25,0x7ae61	 x25=0xfae61f88
      48665.000 ns	      4865	80000f8c	00894bd3	fadd.s	f23,f18,f8	 f18:0x00231cbc  f8:0xce60831a f23=0xce60831a
      48695.000 ns	      4868	80000f90	c0094bd3	fcvt.w.s	x23,f18	 f18:0x00231cbc x23=0x00000000
      48725.000 ns	      4871	80000f94	28089253	fmax.s	f4,f17,f0	 f17:0x00000000  f0:0x3f800000  f4=0x3f800000
      48755.000 ns	      4874	80000f98	205eacd3	fsgnjx.s	f25,f29,f5	 f29:0x00000000  f5:0x3f800000 f25=0x00000000
      48785.000 ns	      4877	80000f9c	032c71b3	remu	x3,x24,x18	 x24:0x01697387 x18:0x00000000  x3=0x01697387
      48805.000 ns	      4879	80000fa0	01dfa5b3	slt	x11,x31,x29	 x31:0x00000000 x29:0x00000000 x11=0x00000000
      48815.000 ns	      4880	80000fa4	009e0633	add	x12,x28,x9	 x28:0x00000112  x9:0x00000000 x12=0x00000112
      48855.000 ns	      4884	80000fa8	0998bed3	fsub.s	f29,f17,f25	 f17:0x00000000 f25:0x00000000 f29=0x80000000
      48885.000 ns	      4887	80000fac	d0137353	fcvt.s.wu	f6,x6	  x6:0x00000000  f6=0x00000000
      48915.000 ns	      4890	80000fb0	035698b3	mulh	x17,x13,x21	 x13:0x00000000 x21:0x00000000 x17=0x00000000
      49255.000 ns	      4924	80000fb4	18e07cd3	fdiv.s	f25,f0,f14	  f0:0x3f800000 f14:0xce60831a f25=0xb0800000
      49285.000 ns	      4927	80000fb8	a0a290d3	flt.s	x1,f5,f10	  f5:0x3f800000 f10:0x80000000  x1=0x00000000
      49305.000 ns	      4929	80000fbc	402c5a93	srai	x21,x24,0x2	 x24:0x01697387 x21=0x005a5ce1
      49335.000 ns	      4932	80000fc0	11f3f3d3	fmul.s	f7,f7,f31	  f7:0xbe4647ea f31:0xbf800000  f7=0x3e4647ea
      49365.000 ns	      4935	80000fc4	c00d7dd3	fcvt.w.s	x27,f26	 f26:0x00000000 x27=0x00000000
      49385.000 ns	      4937	80000fc8	01e70533	add	x10,x14,x30	 x14:0xffffffff x30:0x8cfecf28 x10=0x8cfecf27
      49405.000 ns	      4939	80000fcc	c01576d3	fcvt.wu.s	x13,f10	 f10:0x80000000 x13=0x00000000
      49425.000 ns	      4941	80000fd0	83576293	ori	x5,x14,-1995	 x14:0xffffffff  x5=0xffffffff
      49445.000 ns	      4943	80000fd4	285d1fd3	fmax.s	f31,f26,f5	 f26:0x00000000  f5:0x3f800000 f31=0x3f800000
      49465.000 ns	      4945	80000fd8	006a4d33	xor	x26,x20,x6	 x20:0x00000008  x6:0x00000000 x26=0x00000008
      49825.000 ns	      4981	80000fdc	034be733	rem	x14,x23,x20	 x23:0x00000000 x20:0x00000008 x14=0x00000000
      49855.000 ns	      4984	80000fe0	e0059c53	fclass.s	x24,f11	 f11:0x4efffef4 x24=0x00000040
      49875.000 ns	      4986	80000fe4	010c1e33	sll	x28,x24,x16	 x24:0x01697387 x16:0x80040fe4 x28=0x00000400
      49885.000 ns	      4987	80000fe8	ebe84393	xori	x7,x16,-322	 x16:0x80040fe4  x7=0x7ffbf15a
      49905.000 ns	      4989	80000fec	a1dca1d3	feq.s	x3,f25,f29	 f25:0xb0800000 f29:0x80000000  x3=0x00000000
      49925.000 ns	      4991	80000ff0	3f8a5917	auipc	x18,0x3f8a5	 x18=0xbf8a5ff0
      49945.000 ns	      4993	80000ff4	02d13db3	mulhu	x27,x2,x13	  x2:0x00000000 x13:0x00000000 x27=0x00000000
      49965.000 ns	      4995	80000ff8	009c1d13	slli	x26,x24,0x9	 x24:0x00000040 x26=0x00008000
      49985.000 ns	      4997	80000ffc	03dff6b3	remu	x13,x31,x29	 x31:0x00000000 x29:0x00000000 x13=0x00000000
      50015.000 ns	      5000	80001000	28141bd3	fmax.s	f23,f8,f1	  f8:0xce60831a  f1:0x80000000 f23=0x80000000
      50045.000 ns	      5003	80001004	29a205d3	fmin.s	f11,f4,f26	  f4:0x3f800000 f26:0x00000000 f11=0x00000000
      50075.000 ns	      5006	80001008	f0040453	fmv.w.x	f8,x8	  x8:0x00000001  f8=0x00000001
      50105.000 ns	      5009	8000100c	20eb29d3	fsgnjx.s	f19,f22,f14	 f22:0x3f800000 f14:0xce60831a f19=0xbf800000
      50135.000 ns	      5012	80001010	e0049753	fclass.s	x14,f9	  f9:0x477ff700 x14=0x00000040
      50155.000 ns	      5014	80001014	41990a33	sub	x20,x18,x25	 x18:0xbf8a5ff0 x25:0xfae61f88 x20=0xc4a44068
      50165.000 ns	      5015	80001018	00461db3	sll	x27,x12,x4	 x12:0x00000112  x4:0x00000000 x27=0x00000112
      50175.000 ns	      5016	8000101c	41c408b3	sub	x17,x8,x28	  x8:0x00000001 x28:0x00000400 x17=0xfffffc01
      50185.000 ns	      5017	80001020	e1723513	sltiu	x10,x4,-489	  x4:0x00000000 x10=0x00000001
      50545.000 ns	      5053	80001024	039deeb3	rem	x29,x27,x25	 x27:0x00000112 x25:0xfae61f88 x29=0x00000112
      50565.000 ns	      5055	80001028	00fc5533	srl	x10,x24,x15	 x24:0x00000040 x15:0x00000000 x10=0x00000040
      50575.000 ns	      5056	8000102c	acfe6c93	ori	x25,x28,-1329	 x28:0x00000400 x25=0xfffffecf
      50585.000 ns	      5057	80001030	34113c93	sltiu	x25,x2,833	  x2:0x00000000 x25=0x00000001
      50595.000 ns	      5058	80001034	012762b3	or	x5,x14,x18	 x14:0x00000040 x18:0xbf8a5ff0  x5=0xbf8a5ff0
      50615.000 ns	      5060	80001038	d01abb53	fcvt.s.wu	f22,x21	 x21:0x005a5ce1 f22=0x4ab4b9c2
      50645.000 ns	      5063	8000103c	29e09d53	fmax.s	f26,f1,f30	  f1:0x80000000 f30:0x00000000 f26=0x00000000
      50675.000 ns	      5066	80001040	03159733	mulh	x14,x11,x17	 x11:0x00000000 x17:0xfffffc01 x14=0x00000000
      50695.000 ns	      5068	80001044	01a74fb3	xor	x31,x14,x26	 x14:0x00000040 x26:0x00008000 x31=0x00008000
      50715.000 ns	      5070	80001048	02fd51b3	divu	x3,x26,x15	 x26:0x00008000 x15:0x00000000  x3=0xffffffff
      50745.000 ns	      5073	8000104c	21b40f53	fsgnj.s	f30,f8,f27	  f8:0x00000001 f27:0x4f000410 f30=0x00000001
      50775.000 ns	      5076	80001050	039bb5b3	mulhu	x11,x23,x25	 x23:0x00000000 x25:0x00000001 x11=0x00000000
      50795.000 ns	      5078	80001054	0174b933	sltu	x18,x9,x23	  x9:0x00000000 x23:0x00000000 x18=0x00000000
      51155.000 ns	      5114	80001058	034fffb3	remu	x31,x31,x20	 x31:0x00008000 x20:0xc4a44068 x31=0x00008000
      51205.000 ns	      5119	8000105c	006572d3	fadd.s	f5,f10,f6	 f10:0x80000000  f6:0x00000000  f5=0x00000000
      51225.000 ns	      5121	80001060	01134433	xor	x8,x6,x17	  x6:0x00000000 x17:0xfffffc01  x8=0xfffffc01
      51235.000 ns	      5122	80001064	40efd033	sra	x0,x31,x14	 x31:0x00008000 x14:0x00000000
      51245.000 ns	      5123	80001068	3d274593	xori	x11,x14,978	 x14:0x00000000 x11=0x000003d2
      51255.000 ns	      5124	8000106c	01890333	add	x6,x18,x24	 x18:0x00000000 x24:0x00000040  x6=0x00000040
      51265.000 ns	      5125	80001070	01685513	srli	x10,x16,0x16	 x16:0x80040fe4 x10=0x00000200
      51275.000 ns	      5126	80001074	01b493b3	sll	x7,x9,x27	  x9:0x00000000 x27:0x00000112  x7=0x00000000
      51295.000 ns	      5128	80001078	f00c8853	fmv.w.x	f16,x25	 x25:0x00000001 f16=0x00000001
      51335.000 ns	      5132	8000107c	198e7d53	fdiv.s	f26,f28,f24	 f28:0x00000000 f24:0x77c8b317 f26=0x00000000
      51355.000 ns	      5134	80001080	0120e8b3	or	x17,x1,x18	  x1:0x00000000 x18:0x00000000 x17=0x00000000
      51365.000 ns	      5135	80001084	016ff7b3	and	x15,x31,x22	 x31:0x00008000 x22:0x00000000 x15=0x00000000
      51375.000 ns	      5136	80001088	01ea07b3	add	x15,x20,x30	 x20:0xc4a44068 x30:0x8cfecf28 x15=0x51a30f90
      51385.000 ns	      5137	8000108c	012f56b3	srl	x13,x30,x18	 x30:0x8cfecf28 x18:0x00000000 x13=0x8cfecf28
      51395.000 ns	      5138	80001090	4071d313	srai	x6,x3,0x7	  x3:0xffffffff  x6=0xffffffff
      51425.000 ns	      5141	80001094	182afad3	fdiv.s	f21,f21,f2	 f21:0x00000000  f2:0x3f800000 f21=0x00000000
      51455.000 ns	      5144	80001098	c007b053	fcvt.w.s	x0,f15	 f15:0xd4377f40
      51475.000 ns	      5146	8000109c	00527e33	and	x28,x4,x5	  x4:0x00000000  x5:0xbf8a5ff0 x28=0x00000000
      51485.000 ns	      5147	800010a0	005e6db3	or	x27,x28,x5	 x28:0x00000400  x5:0xbf8a5ff0 x27=0xbf8a5ff0
      51845.000 ns	      5183	800010a4	02f5fb33	remu	x22,x11,x15	 x11:0x000003d2 x15:0x51a30f90 x22=0x000003d2
      51875.000 ns	      5186	800010a8	d016f7d3	fcvt.s.wu	f15,x13	 x13:0x8cfecf28 f15=0x4f0cfecf
      51905.000 ns	      5189	800010ac	d00c2153	fcvt.s.w	f2,x24	 x24:0x00000040  f2=0x42800000
      51935.000 ns	      5192	800010b0	c01ebf53	fcvt.wu.s	x30,f29	 f29:0x80000000 x30=0x00000000
      51975.000 ns	      5196	800010b4	5809ac53	fsqrt.s	f24,f19	 f19:0xbf800000 f24=0x7fc00000
      51995.000 ns	      5198	800010b8	409ddbb3	sra	x23,x27,x9	 x27:0xbf8a5ff0  x9:0x00000000 x23=0xbf8a5ff0
      52015.000 ns	      5200	800010bc	034298b3	mulh	x17,x5,x20	  x5:0xbf8a5ff0 x20:0xc4a44068 x17=0x0ef235f1
      52045.000 ns	      5203	800010c0	293f10d3	fmax.s	f1,f30,f19	 f30:0x00000001 f19:0xbf800000  f1=0x00000001
      52075.000 ns	      5206	800010c4	c0072453	fcvt.w.s	x8,f14	 f14:0xce60831a  x8=0xc7df3980
      52105.000 ns	      5209	800010c8	c011f953	fcvt.wu.s	x18,f3	  f3:0x00000000 x18=0x00000000
      52145.000 ns	      5213	800010cc	106191d3	fmul.s	f3,f3,f6	  f3:0x00000000  f6:0x00000000  f3=0x00000000
      52485.000 ns	      5247	800010d0	18787bd3	fdiv.s	f23,f16,f7	 f16:0x00000001  f7:0x3e4647ea f23=0x00000005
      52505.000 ns	      5249	800010d4	010c2a33	slt	x20,x24,x16	 x24:0x00000040 x16:0x80040fe4 x20=0x00000000
      52525.000 ns	      5251	800010d8	c0087153	fcvt.w.s	x2,f16	 f16:0x00000001  x2=0x00000000
      52555.000 ns	      5254	800010dc	e0090953	fmv.x.w	x18,f18	 f18:0x00231cbc x18=0x00231cbc
      52585.000 ns	      5257	800010e0	c003a5d3	fcvt.w.s	x11,f7	  f7:0x3e4647ea x11=0x00000000
      52615.000 ns	      5260	800010e4	a0929153	flt.s	x2,f5,f9	  f5:0x00000000  f9:0x477ff700  x2=0x00000001
      52985.000 ns	      5297	800010e8	032f78b3	remu	x17,x30,x18	 x30:0x00000000 x18:0x00231cbc x17=0x00000000
      53015.000 ns	      5300	800010ec	032c0e33	mul	x28,x24,x18	 x24:0x00000040 x18:0x00231cbc x28=0x08c72f00
      53035.000 ns	      5302	800010f0	2c1a8293	addi	x5,x21,705	 x21:0x005a5ce1  x5=0x005a5fa2
      53055.000 ns	      5304	800010f4	a02d06d3	fle.s	x13,f26,f2	 f26:0x00000000  f2:0x42800000 x13=0x00000001
      53075.000 ns	      5306	800010f8	6c404e93	xori	x29,x0,1732	  x0:0x00000000 x29=0x000006c4
      53095.000 ns	      5308	800010fc	03ec9eb3	mulh	x29,x25,x30	 x25:0x00000001 x30:0x00000000 x29=0x00000000
      53125.000 ns	      5311	80001100	d00cffd3	fcvt.s.w	f31,x25	 x25:0x00000001 f31=0x3f800000
      53165.000 ns	      5315	80001104	19df7c53	fdiv.s	f24,f30,f29	 f30:0x00000001 f29:0x80000000 f24=0xff800000
      53505.000 ns	      5349	80001108	1887f253	fdiv.s	f4,f15,f8	 f15:0x4f0cfecf  f8:0x00000001  f4=0x7f800000
      53535.000 ns	      5352	8000110c	021781b3	mul	x3,x15,x1	 x15:0x51a30f90  x1:0x00000000  x3=0x00000000
      53565.000 ns	      5355	80001110	03212b33	mulhsu	x22,x2,x18	  x2:0x00000001 x18:0x00231cbc x22=0x00000000
      53585.000 ns	      5357	80001114	01775d33	srl	x26,x14,x23	 x14:0x00000000 x23:0xbf8a5ff0 x26=0x00000000
      53605.000 ns	      5359	80001118	d00e7653	fcvt.s.w	f12,x28	 x28:0x08c72f00 f12=0x4d0c72f0
      53625.000 ns	      5361	8000111c	a74da293	slti	x5,x27,-1420	 x27:0xbf8a5ff0  x5=0x00000001
      53645.000 ns	      5363	80001120	d00a74d3	fcvt.s.w	f9,x20	 x20:0x00000000  f9=0x00000000
      53685.000 ns	      5367	80001124	11498353	fmul.s	f6,f19,f20	 f19:0xbf800000 f20:0x3f800000  f6=0xbf800000
      53715.000 ns	      5370	80001128	03d37733	remu	x14,x6,x29	  x6:0xffffffff x29:0x00000000 x14=0xffffffff
      53735.000 ns	      5372	8000112c	0c939537	lui	x10,0xc939	 x10=0x0c939000
      54095.000 ns	      5408	80001130	037b6733	rem	x14,x22,x23	 x22:0x00000000 x23:0xbf8a5ff0 x14=0x00000000
      54465.000 ns	      5445	80001134	0378da33	divu	x20,x17,x23	 x17:0x00000000 x23:0xbf8a5ff0 x20=0x00000000
      54485.000 ns	      5447	80001138	000b3633	sltu	x12,x22,x0	 x22:0x00000000  x0:0x00000000 x12=0x00000000
      54495.000 ns	      5448	8000113c	ecb42a13	slti	x20,x8,-309	  x8:0xc7df3980 x20=0x00000001
      54515.000 ns	      5450	80001140	02e1a433	mulhsu	x8,x3,x14	  x3:0x00000000 x14:0x00000000  x8=0x00000000
      54545.000 ns	      5453	80001144	02b294b3	mulh	x9,x5,x11	  x5:0x00000001 x11:0x00000000  x9=0x00000000
      54585.000 ns	      5457	80001148	10baaf53	fmul.s	f30,f21,f11	 f21:0x00000000 f11:0x00000000 f30=0x00000000
      54615.000 ns	      5460	8000114c	f00c83d3	fmv.w.x	f7,x25	 x25:0x00000001  f7=0x00000001
      54665.000 ns	      5465	80001150	09b0fb53	fsub.s	f22,f1,f27	  f1:0x00000001 f27:0x4f000410 f22=0xcf000410
      54715.000 ns	      5470	80001154	08ee7dd3	fsub.s	f27,f28,f14	 f28:0x00000000 f14:0xce60831a f27=0x4e60831a
      54745.000 ns	      5473	80001158	d010f1d3	fcvt.s.wu	f3,x1	  x1:0x00000000  f3=0x00000000
      54765.000 ns	      5475	8000115c	00e40fb3	add	x31,x8,x14	  x8:0x00000000 x14:0x00000000 x31=0x00000000
      54785.000 ns	      5477	80001160	d000b053	fcvt.s.w	f0,x1	  x1:0x00000000  f0=0x00000000
      54815.000 ns	      5480	80001164	e00b01d3	fmv.x.w	x3,f22	 f22:0xcf000410  x3=0xcf000410
      54845.000 ns	      5483	80001168	e00c9dd3	fclass.s	x27,f25	 f25:0xb0800000 x27=0x00000002
      55215.000 ns	      5520	8000116c	039cc633	div	x12,x25,x25	 x25:0x00000001 x25:0x00000001 x12=0x00000001
      55235.000 ns	      5522	80001170	010d2f33	slt	x30,x26,x16	 x26:0x00000000 x16:0x80040fe4 x30=0x00000000
      55245.000 ns	      5523	80001174	e74e4b93	xori	x23,x28,-396	 x28:0x08c72f00 x23=0xf738d174
      55255.000 ns	      5524	80001178	408e5933	sra	x18,x28,x8	 x28:0x08c72f00  x8:0x00000000 x18=0x08c72f00
      55275.000 ns	      5526	8000117c	0326b933	mulhu	x18,x13,x18	 x13:0x00000001 x18:0x00231cbc x18=0x00000000
      55305.000 ns	      5529	80001180	e0050cd3	fmv.x.w	x25,f10	 f10:0x80000000 x25=0x80000000
      55335.000 ns	      5532	80001184	21eba8d3	fsgnjx.s	f17,f23,f30	 f23:0x00000005 f30:0x00000000 f17=0x00000005
      55705.000 ns	      5569	80001188	02aafeb3	remu	x29,x21,x10	 x21:0x005a5ce1 x10:0x0c939000 x29=0x005a5ce1
      55725.000 ns	      5571	8000118c	00000013	addi	x0,x0,0	  x0:0x00000000
      56085.000 ns	      5607	80001190	03bb7d33	remu	x26,x22,x27	 x22:0x00000000 x27:0x00000002 x26=0x00000000
      56115.000 ns	      5610	80001194	a1f6a3d3	feq.s	x7,f13,f31	 f13:0x43c3084e f31:0x3f800000  x7=0x00000000
      56135.000 ns	      5612	80001198	00906db3	or	x27,x0,x9	  x0:0x00000000  x9:0x00000000 x27=0x00000000
      56145.000 ns	      5613	8000119c	00000013	addi	x0,x0,0	  x0:0x00000000
      56165.000 ns	      5615	800011a0	e0021453	fclass.s	x8,f4	  f4:0x7f800000  x8=0x00000080
      56185.000 ns	      5617	800011a4	10138193	addi	x3,x7,257	  x7:0x00000000  x3=0x00000101
      56205.000 ns	      5619	800011a8	292a0453	fmin.s	f8,f20,f18	 f20:0x3f800000 f18:0x00231cbc  f8=0x00231cbc
      56245.000 ns	      5623	800011ac	1941cb53	fdiv.s	f22,f3,f20	  f3:0x00000000 f20:0x3f800000 f22=0x00000000
      56265.000 ns	      5625	800011b0	003431b3	sltu	x3,x8,x3	  x8:0x00000080  x3:0x00000101  x3=0x00000001
      56285.000 ns	      5627	800011b4	c0113a53	fcvt.wu.s	x20,f2	  f2:0x42800000 x20=0x00000040
      56305.000 ns	      5629	800011b8	78f42613	slti	x12,x8,1935	  x8:0x00000080 x12=0x00000001
      56335.000 ns	      5632	800011bc	580ef8d3	fsqrt.s	f17,f29	 f29:0x80000000 f17=0x80000000
      56365.000 ns	      5635	800011c0	200728d3	fsgnjx.s	f17,f14,f0	 f14:0xce60831a  f0:0x00000000 f17=0xce60831a
      56385.000 ns	      5637	800011c4	8c584113	xori	x2,x16,-1851	 x16:0x80040fe4  x2=0x7ffbf721
      56395.000 ns	      5638	800011c8	00000013	addi	x0,x0,0	  x0:0x00000000
      56415.000 ns	      5640	800011cc	29060bd3	fmin.s	f23,f12,f16	 f12:0x4d0c72f0 f16:0x00000001 f23=0x00000001
      56435.000 ns	      5642	800011d0	00921f33	sll	x30,x4,x9	  x4:0x00000000  x9:0x00000000 x30=0x00000000
      56455.000 ns	      5644	800011d4	03f46b33	rem	x22,x8,x31	  x8:0x00000080 x31:0x00000000 x22=0x00000080
      56475.000 ns	      5646	800011d8	ee7ab493	sltiu	x9,x21,-281	 x21:0x005a5ce1  x9=0x00000001
      56495.000 ns	      5648	800011dc	d013c6d3	fcvt.s.wu	f13,x7	  x7:0x00000000 f13=0x00000000
      56525.000 ns	      5651	800011e0	28189cd3	fmax.s	f25,f17,f1	 f17:0xce60831a  f1:0x00000001 f25=0x00000001
      56555.000 ns	      5654	800011e4	21e20553	fsgnj.s	f10,f4,f30	  f4:0x7f800000 f30:0x00000000 f10=0x7f800000
      56575.000 ns	      5656	800011e8	00c624b3	slt	x9,x12,x12	 x12:0x00000001 x12:0x00000001  x9=0x00000000
      56585.000 ns	      5657	800011ec	00ae6533	or	x10,x28,x10	 x28:0x08c72f00 x10:0x0c939000 x10=0x0cd7bf00
      56605.000 ns	      5659	800011f0	d009f8d3	fcvt.s.w	f17,x19	 x19:0x80041024 f17=0xcefff7df
      56625.000 ns	      5661	800011f4	00837333	and	x6,x6,x8	  x6:0xffffffff  x8:0x00000080  x6=0x00000080
      56665.000 ns	      5665	800011f8	08e4a853	fsub.s	f16,f9,f14	  f9:0x00000000 f14:0xce60831a f16=0x4e60831a
      56695.000 ns	      5668	800011fc	c0187b53	fcvt.wu.s	x22,f16	 f16:0x00000001 x22=0x3820c680
      56725.000 ns	      5671	80001200	2180aad3	fsgnjx.s	f21,f1,f24	  f1:0x00000001 f24:0xff800000 f21=0x80000001
      56755.000 ns	      5674	80001204	29221653	fmax.s	f12,f4,f18	  f4:0x7f800000 f18:0x00231cbc f12=0x7f800000
      56785.000 ns	      5677	80001208	a1b98fd3	fle.s	x31,f19,f27	 f19:0xbf800000 f27:0x4e60831a x31=0x00000001
      56825.000 ns	      5681	8000120c	117f7a53	fmul.s	f20,f30,f23	 f30:0x00000000 f23:0x00000001 f20=0x00000000
      56875.000 ns	      5686	80001210	0038f3d3	fadd.s	f7,f17,f3	 f17:0xcefff7df  f3:0x00000000  f7=0xcefff7df
      56895.000 ns	      5688	80001214	69ce8893	addi	x17,x29,1692	 x29:0x005a5ce1 x17=0x005a637d
      56935.000 ns	      5692	80001218	099483d3	fsub.s	f7,f9,f25	  f9:0x00000000 f25:0x00000001  f7=0x80000001
      57305.000 ns	      5729	8000121c	0353dcb3	divu	x25,x7,x21	  x7:0x00000000 x21:0x005a5ce1 x25=0x00000000
      57355.000 ns	      5734	80001220	0110fbd3	fadd.s	f23,f1,f17	  f1:0x00000001 f17:0xcefff7df f23=0xcefff7df
      57375.000 ns	      5736	80001224	7fed3013	sltiu	x0,x26,2046	 x26:0x00000000
      57415.000 ns	      5740	80001228	0919f6d3	fsub.s	f13,f19,f17	 f19:0xbf800000 f17:0xcefff7df f13=0x4efff7de
      57435.000 ns	      5742	8000122c	01b7dc33	srl	x24,x15,x27	 x15:0x51a30f90 x27:0x00000000 x24=0x51a30f90
      57465.000 ns	      5745	80001230	116a1353	fmul.s	f6,f20,f22	 f20:0x00000000 f22:0x00000000  f6=0x00000000
      57485.000 ns	      5747	80001234	012d5d33	srl	x26,x26,x18	 x26:0x00000000 x18:0x00000000 x26=0x00000000
      57505.000 ns	      5749	80001238	022030b3	mulhu	x1,x0,x2	  x0:0x00000000  x2:0x7ffbf721  x1=0x00000000
      57525.000 ns	      5751	8000123c	b4d1c013	xori	x0,x3,-1203	  x3:0x00000001
      57535.000 ns	      5752	80001240	11fe6913	ori	x18,x28,287	 x28:0x08c72f00 x18=0x08c72f1f
      57555.000 ns	      5754	80001244	e00905d3	fmv.x.w	x11,f18	 f18:0x00231cbc x11=0x00231cbc
      57585.000 ns	      5757	80001248	03af13b3	mulh	x7,x30,x26	 x30:0x00000000 x26:0x00000000  x7=0x00000000
      57605.000 ns	      5759	8000124c	01847533	and	x10,x8,x24	  x8:0x00000080 x24:0x51a30f90 x10=0x00000080
      57615.000 ns	      5760	80001250	0943c193	xori	x3,x7,148	  x7:0x00000000  x3=0x00000094
      57635.000 ns	      5762	80001254	a0ca9c53	flt.s	x24,f21,f12	 f21:0x80000001 f12:0x7f800000 x24=0x00000001
      57655.000 ns	      5764	80001258	b3b00e13	addi	x28,x0,-1221	  x0:0x00000000 x28=0xfffffb3b
      57665.000 ns	      5765	8000125c	e347f013	andi	x0,x15,-460	 x15:0x51a30f90
      57675.000 ns	      5766	80001260	00055e13	srli	x28,x10,0x0	 x10:0x00000080 x28=0x00000080
      58035.000 ns	      5802	80001264	02bd4433	div	x8,x26,x11	 x26:0x00000000 x11:0x00231cbc  x8=0x00000000
      58065.000 ns	      5805	80001268	0342b733	mulhu	x14,x5,x20	  x5:0x00000001 x20:0x00000040 x14=0x00000000
      58095.000 ns	      5808	8000126c	034d9633	mulh	x12,x27,x20	 x27:0x00000000 x20:0x00000040 x12=0x00000000
      58125.000 ns	      5811	80001270	02a3ac33	mulhsu	x24,x7,x10	  x7:0x00000000 x10:0x00000080 x24=0x00000000
      58495.000 ns	      5848	80001274	0335e333	rem	x6,x11,x19	 x11:0x00231cbc x19:0x80041024  x6=0x00231cbc
      58515.000 ns	      5850	80001278	00ff87b3	add	x15,x31,x15	 x31:0x00000001 x15:0x51a30f90 x15=0x51a30f91
      58525.000 ns	      5851	8000127c	40605a33	sra	x20,x0,x6	  x0:0x00000000  x6:0x00231cbc x20=0x00000000
      59695.000 ns	      5968	80001280	580088d3	fsqrt.s	f17,f1	  f1:0x00000001 f17=0x1f350483
      59725.000 ns	      5971	80001284	021fca33	div	x20,x31,x1	 x31:0x00000001  x1:0x00000000 x20=0xffffffff
      59755.000 ns	      5974	80001288	0220a8b3	mulhsu	x17,x1,x2	  x1:0x00000000  x2:0x7ffbf721 x17=0x00000000
      59775.000 ns	      5976	8000128c	017fee33	or	x28,x31,x23	 x31:0x00000001 x23:0xf738d174 x28=0xf738d175
      59785.000 ns	      5977	80001290	011febb3	or	x23,x31,x17	 x31:0x00000001 x17:0x00000000 x23=0x00000001
      59795.000 ns	      5978	80001294	00009733	sll	x14,x1,x0	  x1:0x00000000  x0:0x00000000 x14=0x00000000
      59815.000 ns	      5980	80001298	a0e498d3	flt.s	x17,f9,f14	  f9:0x00000000 f14:0xce60831a x17=0x00000000
      59845.000 ns	      5983	8000129c	f00908d3	fmv.w.x	f17,x18	 x18:0x08c72f1f f17=0x08c72f1f
      59865.000 ns	      5985	800012a0	403f83b3	sub	x7,x31,x3	 x31:0x00000001  x3:0x00000094  x7=0xffffff6d
      59885.000 ns	      5987	800012a4	e0091453	fclass.s	x8,f18	 f18:0x00231cbc  x8=0x00000020
      59915.000 ns	      5990	800012a8	21d41ad3	fsgnjn.s	f21,f8,f29	  f8:0x00231cbc f29:0x80000000 f21=0x00231cbc
      59935.000 ns	      5992	800012ac	41b5db13	srai	x22,x11,0x1b	 x11:0x00231cbc x22=0x00000000
      59955.000 ns	      5994	800012b0	d00c1553	fcvt.s.w	f10,x24	 x24:0x00000000 f10=0x00000000
      59975.000 ns	      5996	800012b4	00702bb3	slt	x23,x0,x7	  x0:0x00000000  x7:0xffffff6d x23=0x00000000
      59985.000 ns	      5997	800012b8	01b55c93	srli	x25,x10,0x1b	 x10:0x00000080 x25=0x00000000
      59995.000 ns	      5998	800012bc	01981133	sll	x2,x16,x25	 x16:0x80040fe4 x25:0x00000000  x2=0x80040fe4
      60005.000 ns	      5999	800012c0	00935693	srli	x13,x6,0x9	  x6:0x00231cbc x13=0x0000118e
      60025.000 ns	      6001	800012c4	a08406d3	fle.s	x13,f8,f8	  f8:0x00231cbc  f8:0x00231cbc x13=0x00000001
      60045.000 ns	      6003	800012c8	41d2d4b3	sra	x9,x5,x29	  x5:0x00000001 x29:0x005a5ce1  x9=0x00000000
      60065.000 ns	      6005	800012cc	209414d3	fsgnjn.s	f9,f8,f9	  f8:0x00231cbc  f9:0x00000000  f9=0x80231cbc
      60095.000 ns	      6008	800012d0	c00925d3	fcvt.w.s	x11,f18	 f18:0x00231cbc x11=0x00000000
      60115.000 ns	      6010	800012d4	bb1591b7	lui	x3,0xbb159	  x3=0xbb159000
      60125.000 ns	      6011	800012d8	6bcd0713	addi	x14,x26,1724	 x26:0x00000000 x14=0x000006bc
      60485.000 ns	      6047	800012dc	02586d33	rem	x26,x16,x5	 x16:0x80040fe4  x5:0x00000001 x26=0x00000000
      60855.000 ns	      6084	800012e0	023effb3	remu	x31,x29,x3	 x29:0x005a5ce1  x3:0xbb159000 x31=0x005a5ce1
      60885.000 ns	      6087	800012e4	297507d3	fmin.s	f15,f10,f23	 f10:0x00000000 f23:0xcefff7df f15=0xcefff7df
      60915.000 ns	      6090	800012e8	e00606d3	fmv.x.w	x13,f12	 f12:0x7f800000 x13=0x7f800000
      60945.000 ns	      6093	800012ec	29370ed3	fmin.s	f29,f14,f19	 f14:0xce60831a f19:0xbf800000 f29=0xce60831a
      60995.000 ns	      6098	800012f0	005e09d3	fadd.s	f19,f28,f5	 f28:0x00000000  f5:0x00000000 f19=0x00000000
      61015.000 ns	      6100	800012f4	77eca913	slti	x18,x25,1918	 x25:0x00000000 x18=0x00000001
      61025.000 ns	      6101	800012f8	0147dd13	srli	x26,x15,0x14	 x15:0x51a30f91 x26=0x0000051a
      61035.000 ns	      6102	800012fc	9b72e793	ori	x15,x5,-1609	  x5:0x00000001 x15=0xfffff9b7
      61055.000 ns	      6104	80001300	d01bf5d3	fcvt.s.wu	f11,x23	 x23:0x00000000 f11=0x00000000
      61425.000 ns	      6141	80001304	0285d133	divu	x2,x11,x8	 x11:0x00000000  x8:0x00000020  x2=0x00000000
      61445.000 ns	      6143	80001308	e0266313	ori	x6,x12,-510	 x12:0x00000000  x6=0xfffffe02
      61455.000 ns	      6144	8000130c	00d99933	sll	x18,x19,x13	 x19:0x80041024 x13:0x7f800000 x18=0x80041024
      61465.000 ns	      6145	80001310	00000013	addi	x0,x0,0	  x0:0x00000000
      61475.000 ns	      6146	80001314	005f1b13	slli	x22,x30,0x5	 x30:0x00000000 x22=0x00000000
      61495.000 ns	      6148	80001318	03508533	mul	x10,x1,x21	  x1:0x00000000 x21:0x005a5ce1 x10=0x00000000
      61525.000 ns	      6151	8000131c	e0071153	fclass.s	x2,f14	 f14:0xce60831a  x2=0x00000002
      61555.000 ns	      6154	80001320	c004fb53	fcvt.w.s	x22,f9	  f9:0x80231cbc x22=0x00000000
      61575.000 ns	      6156	80001324	41f283b3	sub	x7,x5,x31	  x5:0x00000001 x31:0x005a5ce1  x7=0xffa5a320
      61585.000 ns	      6157	80001328	9cbf8013	addi	x0,x31,-1589	 x31:0x005a5ce1
      61595.000 ns	      6158	8000132c	25d74b13	xori	x22,x14,605	 x14:0x000006bc x22=0x000004e1
      61615.000 ns	      6160	80001330	032a26b3	mulhsu	x13,x20,x18	 x20:0xffffffff x18:0x80041024 x13=0xffffffff
      61645.000 ns	      6163	80001334	f00903d3	fmv.w.x	f7,x18	 x18:0x80041024  f7=0x80041024
      61665.000 ns	      6165	80001338	b73db893	sltiu	x17,x27,-1165	 x27:0x00000000 x17=0x00000001
      61685.000 ns	      6167	8000133c	f00e0153	fmv.w.x	f2,x28	 x28:0xf738d175  f2=0xf738d175
      61705.000 ns	      6169	80001340	00000013	addi	x0,x0,0	  x0:0x00000000
      61725.000 ns	      6171	80001344	28839353	fmax.s	f6,f7,f8	  f7:0x80041024  f8:0x00231cbc  f6=0x00231cbc
      61755.000 ns	      6174	80001348	e00808d3	fmv.x.w	x17,f16	 f16:0x4e60831a x17=0x4e60831a
      61785.000 ns	      6177	8000134c	280f00d3	fmin.s	f1,f30,f0	 f30:0x00000000  f0:0x00000000  f1=0x00000000
      61815.000 ns	      6180	80001350	a164a6d3	feq.s	x13,f9,f22	  f9:0x80231cbc f22:0x00000000 x13=0x00000000
      61835.000 ns	      6182	80001354	133e3e93	sltiu	x29,x28,307	 x28:0xf738d175 x29=0x00000000
      61855.000 ns	      6184	80001358	0399abb3	mulhsu	x23,x19,x25	 x19:0x80041024 x25:0x00000000 x23=0x00000000
      61875.000 ns	      6186	8000135c	00000013	addi	x0,x0,0	  x0:0x00000000
      61885.000 ns	      6187	80001360	01c51f93	slli	x31,x10,0x1c	 x10:0x00000000 x31=0x00000000
      61905.000 ns	      6189	80001364	a1f08dd3	fle.s	x27,f1,f31	  f1:0x00000000 f31:0x3f800000 x27=0x00000001
      61955.000 ns	      6194	80001368	084a7f53	fsub.s	f30,f20,f4	 f20:0x00000000  f4:0x7f800000 f30=0xff800000
      62325.000 ns	      6231	8000136c	0360dcb3	divu	x25,x1,x22	  x1:0x00000000 x22:0x000004e1 x25=0x00000000
      62345.000 ns	      6233	80001370	f662b793	sltiu	x15,x5,-154	  x5:0x00000001 x15=0x00000001
      62365.000 ns	      6235	80001374	e00700d3	fmv.x.w	x1,f14	 f14:0xce60831a  x1=0xce60831a
      62395.000 ns	      6238	80001378	291a9a53	fmax.s	f20,f21,f17	 f21:0x00231cbc f17:0x08c72f1f f20=0x08c72f1f
      62425.000 ns	      6241	8000137c	0227b6b3	mulhu	x13,x15,x2	 x15:0x00000001  x2:0x00000002 x13=0x00000000
      62445.000 ns	      6243	80001380	f59f2c13	slti	x24,x30,-167	 x30:0x00000000 x24=0x00000000
      62455.000 ns	      6244	80001384	35036b93	ori	x23,x6,848	  x6:0xfffffe02 x23=0xffffff52
      62465.000 ns	      6245	80001388	02d83197	auipc	x3,0x2d83	  x3=0x82d84388
      62475.000 ns	      6246	8000138c	41fd5713	srai	x14,x26,0x1f	 x26:0x0000051a x14=0x00000000
      62495.000 ns	      6248	80001390	21e7afd3	fsgnjx.s	f31,f15,f30	 f15:0xcefff7df f30:0xff800000 f31=0x4efff7df
      62535.000 ns	      6252	80001394	10a93a53	fmul.s	f20,f18,f10	 f18:0x00231cbc f10:0x00000000 f20=0x00000000
      62565.000 ns	      6255	80001398	03fb52b3	divu	x5,x22,x31	 x22:0x000004e1 x31:0x00000000  x5=0xffffffff
      62585.000 ns	      6257	8000139c	41790ab3	sub	x21,x18,x23	 x18:0x80041024 x23:0xffffff52 x21=0x800410d2
      62605.000 ns	      6259	800013a0	e00601d3	fmv.x.w	x3,f12	 f12:0x7f800000  x3=0x7f800000
      62645.000 ns	      6263	800013a4	18c6b953	fdiv.s	f18,f13,f12	 f13:0x4efff7de f12:0x7f800000 f18=0x00000000
      62675.000 ns	      6266	800013a8	c00f45d3	fcvt.w.s	x11,f30	 f30:0xff800000 x11=0x80000000
      62705.000 ns	      6269	800013ac	f00e02d3	fmv.w.x	f5,x28	 x28:0xf738d175  f5=0xf738d175
      62725.000 ns	      6271	800013b0	00e75fb3	srl	x31,x14,x14	 x14:0x00000000 x14:0x00000000 x31=0x00000000
      62745.000 ns	      6273	800013b4	a0fa2e53	feq.s	x28,f20,f15	 f20:0x00000000 f15:0xcefff7df x28=0x00000000
      62775.000 ns	      6276	800013b8	e00206d3	fmv.x.w	x13,f4	  f4:0x7f800000 x13=0x7f800000
      62815.000 ns	      6280	800013bc	11eefd53	fmul.s	f26,f29,f30	 f29:0xce60831a f30:0xff800000 f26=0x7f800000
      62845.000 ns	      6283	800013c0	03f95133	divu	x2,x18,x31	 x18:0x80041024 x31:0x00000000  x2=0xffffffff
      62875.000 ns	      6286	800013c4	0212b933	mulhu	x18,x5,x1	  x5:0xffffffff  x1:0xce60831a x18=0xce608319
      62905.000 ns	      6289	800013c8	21262dd3	fsgnjx.s	f27,f12,f18	 f12:0x7f800000 f18:0x00000000 f27=0x7f800000
      62935.000 ns	      6292	800013cc	e0041e53	fclass.s	x28,f8	  f8:0x00231cbc x28=0x00000020
      62975.000 ns	      6296	800013d0	18d97f53	fdiv.s	f30,f18,f13	 f18:0x00000000 f13:0x4efff7de f30=0x00000000
      63005.000 ns	      6299	800013d4	e00f8c53	fmv.x.w	x24,f31	 f31:0x4efff7df x24=0x4efff7df
      63025.000 ns	      6301	800013d8	2bc31d37	lui	x26,0x2bc31	 x26=0x2bc31000
      64195.000 ns	      6418	800013dc	58041ed3	fsqrt.s	f29,f8	  f8:0x00231cbc f29=0x1f66ac68
      64225.000 ns	      6421	800013e0	214c2f53	fsgnjx.s	f30,f24,f20	 f24:0xff800000 f20:0x00000000 f30=0xff800000
      64255.000 ns	      6424	800013e4	a1530753	fle.s	x14,f6,f21	  f6:0x00231cbc f21:0x00231cbc x14=0x00000001
      64275.000 ns	      6426	800013e8	413f82b3	sub	x5,x31,x19	 x31:0x00000000 x19:0x80041024  x5=0x7ffbefdc
      64285.000 ns	      6427	800013ec	fce96c37	lui	x24,0xfce96	 x24=0xfce96000
      64295.000 ns	      6428	800013f0	01549913	slli	x18,x9,0x15	  x9:0x00000000 x18=0x00000000
      64315.000 ns	      6430	800013f4	e00998d3	fclass.s	x17,f19	 f19:0x00000000 x17=0x00000010
      64345.000 ns	      6433	800013f8	039fd433	divu	x8,x31,x25	 x31:0x00000000 x25:0x00000000  x8=0xffffffff
      64365.000 ns	      6435	800013fc	d1110613	addi	x12,x2,-751	  x2:0xffffffff x12=0xfffffd10
      64375.000 ns	      6436	80001400	c564ec13	ori	x24,x9,-938	  x9:0x00000000 x24=0xfffffc56
      64385.000 ns	      6437	80001404	01bf06b3	add	x13,x30,x27	 x30:0x00000000 x27:0x00000001 x13=0x00000001
      64405.000 ns	      6439	80001408	2060ad53	fsgnjx.s	f26,f1,f6	  f1:0x00000000  f6:0x00231cbc f26=0x00000000
      64435.000 ns	      6442	8000140c	0344be33	mulhu	x28,x9,x20	  x9:0x00000000 x20:0xffffffff x28=0x00000000
      64465.000 ns	      6445	80001410	c01338d3	fcvt.wu.s	x17,f6	  f6:0x00231cbc x17=0x00000000
      64495.000 ns	      6448	80001414	037786b3	mul	x13,x15,x23	 x15:0x00000001 x23:0xffffff52 x13=0xffffff52
      64515.000 ns	      6450	80001418	51ac3013	sltiu	x0,x24,1306	 x24:0xfffffc56
      64525.000 ns	      6451	8000141c	0147e633	or	x12,x15,x20	 x15:0x00000001 x20:0xffffffff x12=0xffffffff
      64555.000 ns	      6454	80001420	1116f953	fmul.s	f18,f13,f17	 f13:0x4efff7de f17:0x08c72f1f f18=0x184728cb
      64585.000 ns	      6457	80001424	a132a753	feq.s	x14,f5,f19	  f5:0xf738d175 f19:0x00000000 x14=0x00000000
      64615.000 ns	      6460	80001428	f00285d3	fmv.w.x	f11,x5	  x5:0x7ffbefdc f11=0x7ffbefdc
      64635.000 ns	      6462	8000142c	0146c1b3	xor	x3,x13,x20	 x13:0xffffff52 x20:0xffffffff  x3=0x000000ad
      64655.000 ns	      6464	80001430	e00b8053	fmv.x.w	x0,f23	 f23:0xcefff7df
      64675.000 ns	      6466	80001434	0058c333	xor	x6,x17,x5	 x17:0x00000000  x5:0x7ffbefdc  x6=0x7ffbefdc
      64695.000 ns	      6468	80001438	a1772e53	feq.s	x28,f14,f23	 f14:0xce60831a f23:0xcefff7df x28=0x00000000
      64725.000 ns	      6471	8000143c	28b89253	fmax.s	f4,f17,f11	 f17:0x08c72f1f f11:0x7ffbefdc  f4=0x08c72f1f
      65095.000 ns	      6508	80001440	02bbc033	div	x0,x23,x11	 x23:0xffffff52 x11:0x80000000
      65125.000 ns	      6511	80001444	d00bc253	fcvt.s.w	f4,x23	 x23:0xffffff52  f4=0xc32e0000
      65145.000 ns	      6513	80001448	41165a93	srai	x21,x12,0x11	 x12:0xffffffff x21=0xffffffff
      65155.000 ns	      6514	8000144c	1db0b793	sltiu	x15,x1,475	  x1:0xce60831a x15=0x00000000
      65175.000 ns	      6516	80001450	03def333	remu	x6,x29,x29	 x29:0x00000000 x29:0x00000000  x6=0x00000000
      65205.000 ns	      6519	80001454	e00d8153	fmv.x.w	x2,f27	 f27:0x7f800000  x2=0x7f800000
      65235.000 ns	      6522	80001458	03db3cb3	mulhu	x25,x22,x29	 x22:0x000004e1 x29:0x00000000 x25=0x00000000
      65265.000 ns	      6525	8000145c	c0141fd3	fcvt.wu.s	x31,f8	  f8:0x00231cbc x31=0x00000000
      65285.000 ns	      6527	80001460	0128b133	sltu	x2,x17,x18	 x17:0x00000000 x18:0x00000000  x2=0x00000000
      65295.000 ns	      6528	80001464	bfe96e13	ori	x28,x18,-1026	 x18:0x00000000 x28=0xfffffbfe
      65305.000 ns	      6529	80001468	87c6b193	sltiu	x3,x13,-1924	 x13:0xffffff52  x3=0x00000000
      65325.000 ns	      6531	8000146c	02a03b33	mulhu	x22,x0,x10	  x0:0x00000000 x10:0x00000000 x22=0x00000000
      65355.000 ns	      6534	80001470	a1868fd3	fle.s	x31,f13,f24	 f13:0x4efff7de f24:0xff800000 x31=0x00000000
      65375.000 ns	      6536	80001474	9578cd93	xori	x27,x17,-1705	 x17:0x00000000 x27=0xfffff957
      65385.000 ns	      6537	80001478	00d36fb3	or	x31,x6,x13	  x6:0x00000000 x13:0xffffff52 x31=0xffffff52
      65395.000 ns	      6538	8000147c	01ed5fb3	srl	x31,x26,x30	 x26:0x2bc31000 x30:0x00000000 x31=0x2bc31000
      65415.000 ns	      6540	80001480	a0559753	flt.s	x14,f11,f5	 f11:0x7ffbefdc  f5:0xf738d175 x14=0x00000000
      65435.000 ns	      6542	80001484	00400733	add	x14,x0,x4	  x0:0x00000000  x4:0x00000000 x14=0x00000000
      65455.000 ns	      6544	80001488	a1b91353	flt.s	x6,f18,f27	 f18:0x184728cb f27:0x7f800000  x6=0x00000001
      65495.000 ns	      6548	8000148c	102cf3d3	fmul.s	f7,f25,f2	 f25:0x00000001  f2:0xf738d175  f7=0xacb8d176
      65515.000 ns	      6550	80001490	0185deb3	srl	x29,x11,x24	 x11:0x80000000 x24:0xfffffc56 x29=0x00000200
      65535.000 ns	      6552	80001494	d0050ed3	fcvt.s.w	f29,x10	 x10:0x00000000 f29=0x00000000
      65555.000 ns	      6554	80001498	40dad293	srai	x5,x21,0xd	 x21:0xffffffff  x5=0xffffffff
      65575.000 ns	      6556	8000149c	03fd0c33	mul	x24,x26,x31	 x26:0x2bc31000 x31:0x2bc31000 x24=0x61000000
      65605.000 ns	      6559	800014a0	d0047053	fcvt.s.w	f0,x8	  x8:0xffffffff  f0=0xbf800000
      65625.000 ns	      6561	800014a4	41d75b93	srai	x23,x14,0x1d	 x14:0x00000000 x23=0x00000000
      65645.000 ns	      6563	800014a8	e00907d3	fmv.x.w	x15,f18	 f18:0x184728cb x15=0x184728cb
      65665.000 ns	      6565	800014ac	402fdb13	srai	x22,x31,0x2	 x31:0x2bc31000 x22=0x0af0c400
      65675.000 ns	      6566	800014b0	004b63b3	or	x7,x22,x4	 x22:0x00000000  x4:0x00000000  x7=0x0af0c400
      65695.000 ns	      6568	800014b4	a1079e53	flt.s	x28,f15,f16	 f15:0xcefff7df f16:0x4e60831a x28=0x00000001
      66065.000 ns	      6605	800014b8	0308cdb3	div	x27,x17,x16	 x17:0x00000000 x16:0x80040fe4 x27=0x00000000
      66095.000 ns	      6608	800014bc	a1d62953	feq.s	x18,f12,f29	 f12:0x7f800000 f29:0x00000000 x18=0x00000000
      66115.000 ns	      6610	800014c0	0a7c1fb7	lui	x31,0xa7c1	 x31=0x0a7c1000
      66125.000 ns	      6611	800014c4	00261d13	slli	x26,x12,0x2	 x12:0xffffffff x26=0xfffffffc
      66145.000 ns	      6613	800014c8	02ad3b33	mulhu	x22,x26,x10	 x26:0x2bc31000 x10:0x00000000 x22=0x00000000
      66175.000 ns	      6616	800014cc	035b0433	mul	x8,x22,x21	 x22:0x0af0c400 x21:0xffffffff  x8=0x00000000
      66205.000 ns	      6619	800014d0	039ccfb3	div	x31,x25,x25	 x25:0x00000000 x25:0x00000000 x31=0xffffffff
      66225.000 ns	      6621	800014d4	00000013	addi	x0,x0,0	  x0:0x00000000
      66245.000 ns	      6623	800014d8	039e2b33	mulhsu	x22,x28,x25	 x28:0x00000001 x25:0x00000000 x22=0x00000000
      66275.000 ns	      6626	800014dc	024ef5b3	remu	x11,x29,x4	 x29:0x00000200  x4:0x00000000 x11=0x00000200
      66305.000 ns	      6629	800014e0	0275a533	mulhsu	x10,x11,x7	 x11:0x80000000  x7:0x0af0c400 x10=0x00000015
      66325.000 ns	      6631	800014e4	01f2f8b3	and	x17,x5,x31	  x5:0xffffffff x31:0xffffffff x17=0xffffffff
      66345.000 ns	      6633	800014e8	037dadb3	mulhsu	x27,x27,x23	 x27:0x00000000 x23:0x00000000 x27=0x00000000
      66375.000 ns	      6636	800014ec	f0078fd3	fmv.w.x	f31,x15	 x15:0x184728cb f31=0x184728cb
      66395.000 ns	      6638	800014f0	c6827b93	andi	x23,x4,-920	  x4:0x00000000 x23=0x00000000
      66405.000 ns	      6639	800014f4	418451b3	sra	x3,x8,x24	  x8:0x00000000 x24:0x61000000  x3=0x00000000
      66415.000 ns	      6640	800014f8	5c713d17	auipc	x26,0x5c713	 x26=0xdc7144f8
      66425.000 ns	      6641	800014fc	01a44533	xor	x10,x8,x26	  x8:0x00000000 x26:0xfffffffc x10=0xdc7144f8
      66435.000 ns	      6642	80001500	01d92033	slt	x0,x18,x29	 x18:0x00000000 x29:0x00000200
      66455.000 ns	      6644	80001504	20d78ad3	fsgnj.s	f21,f15,f13	 f15:0xcefff7df f13:0x4efff7de f21=0x4efff7df
      66475.000 ns	      6646	80001508	401a5093	srai	x1,x20,0x1	 x20:0xffffffff  x1=0xffffffff
      66485.000 ns	      6647	8000150c	008da1b3	slt	x3,x27,x8	 x27:0x00000000  x8:0x00000000  x3=0x00000000
      66505.000 ns	      6649	80001510	28bf1353	fmax.s	f6,f30,f11	 f30:0xff800000 f11:0x7ffbefdc  f6=0xff800000
      66525.000 ns	      6651	80001514	417d5013	srai	x0,x26,0x17	 x26:0xdc7144f8
      66885.000 ns	      6687	80001518	03af7933	remu	x18,x30,x26	 x30:0x00000000 x26:0xdc7144f8 x18=0x00000000
      66905.000 ns	      6689	8000151c	00961d33	sll	x26,x12,x9	 x12:0xffffffff  x9:0x00000000 x26=0xffffffff
      66915.000 ns	      6690	80001520	52c7c293	xori	x5,x15,1324	 x15:0x184728cb  x5=0x18472de7
      66925.000 ns	      6691	80001524	51b37737	lui	x14,0x51b37	 x14=0x51b37000
      66935.000 ns	      6692	80001528	8680ce93	xori	x29,x1,-1944	  x1:0xffffffff x29=0x00000797
      66965.000 ns	      6695	8000152c	115e72d3	fmul.s	f5,f28,f21	 f28:0x00000000 f21:0x4efff7df  f5=0x00000000
      67005.000 ns	      6699	80001530	580e2bd3	fsqrt.s	f23,f28	 f28:0x00000000 f23=0x00000000
      67055.000 ns	      6704	80001534	0145f0d3	fadd.s	f1,f11,f20	 f11:0x7ffbefdc f20:0x00000000  f1=0x7fc00000
      67395.000 ns	      6738	80001538	18d6c553	fdiv.s	f10,f13,f13	 f13:0x4efff7de f13:0x4efff7de f10=0x3f7ff7de
      67425.000 ns	      6741	8000153c	e00a9153	fclass.s	x2,f21	 f21:0x4efff7df  x2=0x00000040
      67795.000 ns	      6778	80001540	03ce7033	remu	x0,x28,x28	 x28:0x00000001 x28:0x00000001
      67835.000 ns	      6782	80001544	1833fe53	fdiv.s	f28,f7,f3	  f7:0xacb8d176  f3:0x00000000 f28=0xff800000
      67855.000 ns	      6784	80001548	be407a97	auipc	x21,0xbe407	 x21=0x3e408548
      67875.000 ns	      6786	8000154c	02d3bab3	mulhu	x21,x7,x13	  x7:0x0af0c400 x13:0xffffff52 x21=0x0af0c3f8
      67905.000 ns	      6789	80001550	a1e72ad3	feq.s	x21,f14,f30	 f14:0xce60831a f30:0xff800000 x21=0x00000000
      67935.000 ns	      6792	80001554	025411b3	mulh	x3,x8,x5	  x8:0x00000000  x5:0x18472de7  x3=0x00000000
      67965.000 ns	      6795	80001558	29161d53	fmax.s	f26,f12,f17	 f12:0x7f800000 f17:0x08c72f1f f26=0x7f800000
      67985.000 ns	      6797	8000155c	01917d33	and	x26,x2,x25	  x2:0x00000040 x25:0x00000000 x26=0x00000000
      67995.000 ns	      6798	80001560	c20fac93	slti	x25,x31,-992	 x31:0xffffffff x25=0x00000000
      68025.000 ns	      6801	80001564	191329d3	fdiv.s	f19,f6,f17	  f6:0xff800000 f17:0x08c72f1f f19=0xff800000
      68075.000 ns	      6806	80001568	0021bb53	fadd.s	f22,f3,f2	  f3:0x00000000  f2:0xf738d175 f22=0xf738d175
      68095.000 ns	      6808	8000156c	9b98f413	andi	x8,x17,-1607	 x17:0xffffffff  x8=0xfffff9b9
      68105.000 ns	      6809	80001570	007d6b33	or	x22,x26,x7	 x26:0x00000000  x7:0x0af0c400 x22=0x0af0c400
      68115.000 ns	      6810	80001574	00dcb3b3	sltu	x7,x25,x13	 x25:0x00000000 x13:0xffffff52  x7=0x00000001
      68125.000 ns	      6811	80001578	007f4933	xor	x18,x30,x7	 x30:0x00000000  x7:0x0af0c400 x18=0x00000001
      68135.000 ns	      6812	8000157c	8ad93c93	sltiu	x25,x18,-1875	 x18:0x00000000 x25=0x00000001
      68175.000 ns	      6816	80001580	01c278d3	fadd.s	f17,f4,f28	  f4:0xc32e0000 f28:0xff800000 f17=0xff800000
      68205.000 ns	      6819	80001584	21348a53	fsgnj.s	f20,f9,f19	  f9:0x80231cbc f19:0xff800000 f20=0x80231cbc
      68225.000 ns	      6821	80001588	005edb13	srli	x22,x29,0x5	 x29:0x00000797 x22=0x0000003c
      68245.000 ns	      6823	8000158c	038aab33	mulhsu	x22,x21,x24	 x21:0x00000000 x24:0x61000000 x22=0x00000000
      68275.000 ns	      6826	80001590	28221353	fmax.s	f6,f4,f2	  f4:0xc32e0000  f2:0xf738d175  f6=0xc32e0000
      68295.000 ns	      6828	80001594	00ddf6b3	and	x13,x27,x13	 x27:0x00000000 x13:0xffffff52 x13=0x00000000
      68305.000 ns	      6829	80001598	01775d93	srli	x27,x14,0x17	 x14:0x51b37000 x27=0x000000a3
      68315.000 ns	      6830	8000159c	00000013	addi	x0,x0,0	  x0:0x00000000
      68325.000 ns	      6831	800015a0	0170da93	srli	x21,x1,0x17	  x1:0xffffffff x21=0x000001ff
      68335.000 ns	      6832	800015a4	17f7b313	sltiu	x6,x15,383	 x15:0x184728cb  x6=0x00000000
      68355.000 ns	      6834	800015a8	03000333	mul	x6,x0,x16	  x0:0x00000000 x16:0x80040fe4  x6=0x00000000
      68405.000 ns	      6839	800015ac	00d2f353	fadd.s	f6,f5,f13	  f5:0x00000000 f13:0x4efff7de  f6=0x4efff7de
      68445.000 ns	      6843	800015b0	1038f0d3	fmul.s	f1,f17,f3	 f17:0xff800000  f3:0x00000000  f1=0x7fc00000
      68475.000 ns	      6846	800015b4	d0172b53	fcvt.s.wu	f22,x14	 x14:0x51b37000 f22=0x4ea366e0
      68505.000 ns	      6849	800015b8	21782053	fsgnjx.s	f0,f16,f23	 f16:0x4e60831a f23:0x00000000  f0=0x4e60831a
      68535.000 ns	      6852	800015bc	025495b3	mulh	x11,x9,x5	  x9:0x00000000  x5:0x18472de7 x11=0x00000000
      68555.000 ns	      6854	800015c0	fd857b93	andi	x23,x10,-40	 x10:0xdc7144f8 x23=0xdc7144d8
      68575.000 ns	      6856	800015c4	216a10d3	fsgnjn.s	f1,f20,f22	 f20:0x80231cbc f22:0x4ea366e0  f1=0x80231cbc
      68595.000 ns	      6858	800015c8	40870c33	sub	x24,x14,x8	 x14:0x51b37000  x8:0xfffff9b9 x24=0x51b37647
      68925.000 ns	      6891	800015cc	180cad53	fdiv.s	f26,f25,f0	 f25:0x00000001  f0:0x4e60831a f26=0x00000000
      68945.000 ns	      6893	800015d0	0172fab3	and	x21,x5,x23	  x5:0x18472de7 x23:0xdc7144d8 x21=0x184104c0
      68955.000 ns	      6894	800015d4	96a1aeb7	lui	x29,0x96a1a	 x29=0x96a1a000
      68975.000 ns	      6896	800015d8	20a029d3	fsgnjx.s	f19,f0,f10	  f0:0x4e60831a f10:0x3f7ff7de f19=0x4e60831a
      68995.000 ns	      6898	800015dc	00288bb3	add	x23,x17,x2	 x17:0xffffffff  x2:0x00000040 x23=0x0000003f
      69015.000 ns	      6900	800015e0	c003fd53	fcvt.w.s	x26,f7	  f7:0xacb8d176 x26=0x00000000
      69045.000 ns	      6903	800015e4	a10b08d3	fle.s	x17,f22,f16	 f22:0x4ea366e0 f16:0x4e60831a x17=0x00000000
      69075.000 ns	      6906	800015e8	c00037d3	fcvt.w.s	x15,f0	  f0:0x4e60831a x15=0x3820c680
      69105.000 ns	      6909	800015ec	a0f92ed3	feq.s	x29,f18,f15	 f18:0x184728cb f15:0xcefff7df x29=0x00000000
      69125.000 ns	      6911	800015f0	daa80617	auipc	x12,0xdaa80	 x12=0x5aa815f0
      69135.000 ns	      6912	800015f4	41cdd033	sra	x0,x27,x28	 x27:0x000000a3 x28:0x00000001
      69155.000 ns	      6914	800015f8	03bb9d33	mulh	x26,x23,x27	 x23:0x0000003f x27:0x000000a3 x26=0x00000000
      69175.000 ns	      6916	800015fc	01ed1533	sll	x10,x26,x30	 x26:0x00000000 x30:0x00000000 x10=0x00000000
      69185.000 ns	      6917	80001600	28fb7593	andi	x11,x22,655	 x22:0x00000000 x11=0x00000000
      69195.000 ns	      6918	80001604	6f7fe293	ori	x5,x31,1783	 x31:0xffffffff  x5=0xffffffff
      69215.000 ns	      6920	80001608	a0d31dd3	flt.s	x27,f6,f13	  f6:0x4efff7de f13:0x4efff7de x27=0x00000000
      69235.000 ns	      6922	8000160c	40845e93	srai	x29,x8,0x8	  x8:0xfffff9b9 x29=0xfffffff9
      69245.000 ns	      6923	80001610	34016917	auipc	x18,0x34016	 x18=0xb4017610
      69265.000 ns	      6925	80001614	021f06b3	mul	x13,x30,x1	 x30:0x00000000  x1:0xffffffff x13=0x00000000
      69285.000 ns	      6927	80001618	41ae58b3	sra	x17,x28,x26	 x28:0x00000001 x26:0x00000000 x17=0x00000001
      69305.000 ns	      6929	8000161c	02679cb3	mulh	x25,x15,x6	 x15:0x3820c680  x6:0x00000000 x25=0x00000000
      69335.000 ns	      6932	80001620	025337b3	mulhu	x15,x6,x5	  x6:0x00000000  x5:0xffffffff x15=0x00000000
      69355.000 ns	      6934	80001624	41d9dd13	srai	x26,x19,0x1d	 x19:0x80041024 x26=0xfffffffc
      69365.000 ns	      6935	80001628	01f368b3	or	x17,x6,x31	  x6:0x00000000 x31:0xffffffff x17=0xffffffff
      69385.000 ns	      6937	8000162c	20741753	fsgnjn.s	f14,f8,f7	  f8:0x00231cbc  f7:0xacb8d176 f14=0x00231cbc
      69755.000 ns	      6974	80001630	022fd8b3	divu	x17,x31,x2	 x31:0xffffffff  x2:0x00000040 x17=0x03ffffff
      69775.000 ns	      6976	80001634	004cc633	xor	x12,x25,x4	 x25:0x00000000  x4:0x00000000 x12=0x00000000
      69795.000 ns	      6978	80001638	21851dd3	fsgnjn.s	f27,f10,f24	 f10:0x3f7ff7de f24:0xff800000 f27=0x3f7ff7de
      69825.000 ns	      6981	8000163c	28a40ad3	fmin.s	f21,f8,f10	  f8:0x00231cbc f10:0x3f7ff7de f21=0x00231cbc
      69845.000 ns	      6983	80001640	00000013	addi	x0,x0,0	  x0:0x00000000
      69865.000 ns	      6985	80001644	a1109553	flt.s	x10,f1,f17	  f1:0x80231cbc f17:0xff800000 x10=0x00000000
      69885.000 ns	      6987	80001648	00da80b3	add	x1,x21,x13	 x21:0x184104c0 x13:0x00000000  x1=0x184104c0
      69905.000 ns	      6989	8000164c	29780a53	fmin.s	f20,f16,f23	 f16:0x4e60831a f23:0x00000000 f20=0x00000000
      69925.000 ns	      6991	80001650	00218cb3	add	x25,x3,x2	  x3:0x00000000  x2:0x00000040 x25=0x00000040
      69945.000 ns	      6993	80001654	a0c8a353	feq.s	x6,f17,f12	 f17:0xff800000 f12:0x7f800000  x6=0x00000000
      69965.000 ns	      6995	80001658	0137d013	srli	x0,x15,0x13	 x15:0x00000000
      69975.000 ns	      6996	8000165c	017c54b3	srl	x9,x24,x23	 x24:0x51b37647 x23:0x0000003f  x9=0x00000000
      70015.000 ns	      7000	80001660	0192fbd3	fadd.s	f23,f5,f25	  f5:0x00000000 f25:0x00000001 f23=0x00000001
      70035.000 ns	      7002	80001664	faf86113	ori	x2,x16,-81	 x16:0x80040fe4  x2=0xffffffef
      70055.000 ns	      7004	80001668	e00e8b53	fmv.x.w	x22,f29	 f29:0x00000000 x22=0x00000000
      70085.000 ns	      7007	8000166c	280e1e53	fmax.s	f28,f28,f0	 f28:0xff800000  f0:0x4e60831a f28=0x4e60831a
      70115.000 ns	      7010	80001670	29c79cd3	fmax.s	f25,f15,f28	 f15:0xcefff7df f28:0xff800000 f25=0x4e60831a
      70135.000 ns	      7012	80001674	01111b13	slli	x22,x2,0x11	  x2:0xffffffef x22=0xffde0000
      70155.000 ns	      7014	80001678	21cb0653	fsgnj.s	f12,f22,f28	 f22:0x4ea366e0 f28:0x4e60831a f12=0x4ea366e0
      70185.000 ns	      7017	8000167c	03ea2333	mulhsu	x6,x20,x30	 x20:0xffffffff x30:0x00000000  x6=0x00000000
      70205.000 ns	      7019	80001680	00ea94b3	sll	x9,x21,x14	 x21:0x184104c0 x14:0x51b37000  x9=0x184104c0
      70215.000 ns	      7020	80001684	1f9f2093	slti	x1,x30,505	 x30:0x00000000  x1=0x00000001
      70225.000 ns	      7021	80001688	f82d8c93	addi	x25,x27,-126	 x27:0x00000000 x25=0xffffff82
      70235.000 ns	      7022	8000168c	00f95c13	srli	x24,x18,0xf	 x18:0xb4017610 x24=0x00016802
      70275.000 ns	      7026	80001690	00f6fe53	fadd.s	f28,f13,f15	 f13:0x4efff7de f15:0xcefff7df f28=0xc3000000
      70295.000 ns	      7028	80001694	526bd737	lui	x14,0x526bd	 x14=0x526bd000
      70305.000 ns	      7029	80001698	00cddeb3	srl	x29,x27,x12	 x27:0x00000000 x12:0x00000000 x29=0x00000000
      70315.000 ns	      7030	8000169c	17206713	ori	x14,x0,370	  x0:0x00000000 x14=0x00000172
      70335.000 ns	      7032	800016a0	f00c0553	fmv.w.x	f10,x24	 x24:0x00016802 f10=0x00016802
      70365.000 ns	      7035	800016a4	c010c953	fcvt.wu.s	x18,f1	  f1:0x80231cbc x18=0x00000000
      70385.000 ns	      7037	800016a8	009cf633	and	x12,x25,x9	 x25:0xffffff82  x9:0x184104c0 x12=0x18410480
      70425.000 ns	      7041	800016ac	0146fd53	fadd.s	f26,f13,f20	 f13:0x4efff7de f20:0x00000000 f26=0x4efff7de
      70795.000 ns	      7078	800016b0	03c67933	remu	x18,x12,x28	 x12:0x00000000 x28:0x00000001 x18=0x00000000
      70815.000 ns	      7080	800016b4	90e86193	ori	x3,x16,-1778	 x16:0x80040fe4  x3=0xffffffee
      70825.000 ns	      7081	800016b8	222ea893	slti	x17,x29,546	 x29:0x00000000 x17=0x00000001
      70845.000 ns	      7083	800016bc	02add933	divu	x18,x27,x10	 x27:0x00000000 x10:0x00000000 x18=0xffffffff
      70875.000 ns	      7086	800016c0	03b8dab3	divu	x21,x17,x27	 x17:0x03ffffff x27:0x00000000 x21=0xffffffff
      70895.000 ns	      7088	800016c4	415e8a33	sub	x20,x29,x21	 x29:0x00000000 x21:0x184104c0 x20=0x00000001
      71255.000 ns	      7124	800016c8	037653b3	divu	x7,x12,x23	 x12:0x18410480 x23:0x0000003f  x7=0x00628e4b
      71275.000 ns	      7126	800016cc	937fe413	ori	x8,x31,-1737	 x31:0xffffffff  x8=0xffffffff
      71295.000 ns	      7128	800016d0	292a17d3	fmax.s	f15,f20,f18	 f20:0x00000000 f18:0x184728cb f15=0x184728cb
      71315.000 ns	      7130	800016d4	00000013	addi	x0,x0,0	  x0:0x00000000
      71325.000 ns	      7131	800016d8	40ec5393	srai	x7,x24,0xe	 x24:0x00016802  x7=0x00000005
      71345.000 ns	      7133	800016dc	c004ca53	fcvt.w.s	x20,f9	  f9:0x80231cbc x20=0x00000000
      71375.000 ns	      7136	800016e0	21cb00d3	fsgnj.s	f1,f22,f28	 f22:0x4ea366e0 f28:0xc3000000  f1=0xcea366e0
      71405.000 ns	      7139	800016e4	d00f7553	fcvt.s.w	f10,x30	 x30:0x00000000 f10=0x00000000
      71425.000 ns	      7141	800016e8	b390e013	ori	x0,x1,-1223	  x1:0x00000001
      71435.000 ns	      7142	800016ec	01305e13	srli	x28,x0,0x13	  x0:0x00000000 x28=0x00000000
      71455.000 ns	      7144	800016f0	e00b1c53	fclass.s	x24,f22	 f22:0x4ea366e0 x24=0x00000040
      71475.000 ns	      7146	800016f4	01cb9013	slli	x0,x23,0x1c	 x23:0x0000003f
      71485.000 ns	      7147	800016f8	00000013	addi	x0,x0,0	  x0:0x00000000
      71505.000 ns	      7149	800016fc	287117d3	fmax.s	f15,f2,f7	  f2:0xf738d175  f7:0xacb8d176 f15=0xacb8d176
      71535.000 ns	      7152	80001700	02afc1b3	div	x3,x31,x10	 x31:0xffffffff x10:0x00000000  x3=0xffffffff
      71555.000 ns	      7154	80001704	010845b3	xor	x11,x16,x16	 x16:0x80040fe4 x16:0x80040fe4 x11=0x00000000
      71565.000 ns	      7155	80001708	0a8fcb93	xori	x23,x31,168	 x31:0xffffffff x23=0xffffff57
      71575.000 ns	      7156	8000170c	0073fdb3	and	x27,x7,x7	  x7:0x00000005  x7:0x00000005 x27=0x00000005
      71595.000 ns	      7158	80001710	02432133	mulhsu	x2,x6,x4	  x6:0x00000000  x4:0x00000000  x2=0x00000000
      71625.000 ns	      7161	80001714	20c8a453	fsgnjx.s	f8,f17,f12	 f17:0xff800000 f12:0x4ea366e0  f8=0xff800000
      71655.000 ns	      7164	80001718	f00688d3	fmv.w.x	f17,x13	 x13:0x00000000 f17=0x00000000
      71675.000 ns	      7166	8000171c	004df0b3	and	x1,x27,x4	 x27:0x00000005  x4:0x00000000  x1=0x00000000
      71695.000 ns	      7168	80001720	c000f1d3	fcvt.w.s	x3,f1	  f1:0xcea366e0  x3=0x51b37000
      71725.000 ns	      7171	80001724	20d9aad3	fsgnjx.s	f21,f19,f13	 f19:0x4e60831a f13:0x4efff7de f21=0x4e60831a
      71745.000 ns	      7173	80001728	01db6db3	or	x27,x22,x29	 x22:0xffde0000 x29:0x00000000 x27=0xffde0000
      71765.000 ns	      7175	8000172c	f00c02d3	fmv.w.x	f5,x24	 x24:0x00000040  f5=0x00000040
      71785.000 ns	      7177	80001730	e1408fb7	lui	x31,0xe1408	 x31=0xe1408000
      71795.000 ns	      7178	80001734	413f5e93	srai	x29,x30,0x13	 x30:0x00000000 x29=0x00000000
      71815.000 ns	      7180	80001738	02e104b3	mul	x9,x2,x14	  x2:0x00000000 x14:0x00000172  x9=0x00000000
      71835.000 ns	      7182	8000173c	0133eab3	or	x21,x7,x19	  x7:0x00000005 x19:0x80041024 x21=0x80041025
      71845.000 ns	      7183	80001740	00021bb3	sll	x23,x4,x0	  x4:0x00000000  x0:0x00000000 x23=0x00000000
      71865.000 ns	      7185	80001744	02d15333	divu	x6,x2,x13	  x2:0x00000000 x13:0x00000000  x6=0xffffffff
      71895.000 ns	      7188	80001748	d01df1d3	fcvt.s.wu	f3,x27	 x27:0xffde0000  f3=0x4f7fde00
      71925.000 ns	      7191	8000174c	e0071453	fclass.s	x8,f14	 f14:0x00231cbc  x8=0x00000020
      71945.000 ns	      7193	80001750	d2cd3a93	sltiu	x21,x26,-724	 x26:0xfffffffc x21=0x00000000
      71955.000 ns	      7194	80001754	01ca1013	slli	x0,x20,0x1c	 x20:0x00000000
      71995.000 ns	      7198	80001758	09bc78d3	fsub.s	f17,f24,f27	 f24:0xff800000 f27:0x3f7ff7de f17=0xff800000
      72335.000 ns	      7232	8000175c	19b87ad3	fdiv.s	f21,f16,f27	 f16:0x4e60831a f27:0x3f7ff7de f21=0x4e60898c
      72365.000 ns	      7235	80001760	f0030ad3	fmv.w.x	f21,x6	  x6:0xffffffff f21=0xffffffff
      72395.000 ns	      7238	80001764	03e1bdb3	mulhu	x27,x3,x30	  x3:0x51b37000 x30:0x00000000 x27=0x00000000
      72415.000 ns	      7240	80001768	01e2d293	srli	x5,x5,0x1e	  x5:0xffffffff  x5=0x00000003
      72425.000 ns	      7241	8000176c	81878a93	addi	x21,x15,-2024	 x15:0x00000000 x21=0xfffff818
      72785.000 ns	      7277	80001770	033cf633	remu	x12,x25,x19	 x25:0xffffff82 x19:0x80041024 x12=0x7ffbef5e
      72805.000 ns	      7279	80001774	480d0e97	auipc	x29,0x480d0	 x29=0xc80d1774
      72825.000 ns	      7281	80001778	210e1253	fsgnjn.s	f4,f28,f16	 f28:0xc3000000 f16:0x4e60831a  f4=0xc3000000
      72845.000 ns	      7283	8000177c	178a3fb7	lui	x31,0x178a3	 x31=0x178a3000
      72865.000 ns	      7285	80001780	c011f2d3	fcvt.wu.s	x5,f3	  f3:0x4f7fde00  x5=0xffde0000
      72885.000 ns	      7287	80001784	41245b33	sra	x22,x8,x18	  x8:0x00000020 x18:0xffffffff x22=0x00000000
      72905.000 ns	      7289	80001788	287b1a53	fmax.s	f20,f22,f7	 f22:0x4ea366e0  f7:0xacb8d176 f20=0x4ea366e0
      72935.000 ns	      7292	8000178c	a05f8953	fle.s	x18,f31,f5	 f31:0x184728cb  f5:0x00000040 x18=0x00000000
      74115.000 ns	      7410	80001790	580377d3	fsqrt.s	f15,f6	  f6:0x4efff7de f15=0x473501cb
      74165.000 ns	      7415	80001794	09cdf453	fsub.s	f8,f27,f28	 f27:0x3f7ff7de f28:0xc3000000  f8=0x4300fff7
      74185.000 ns	      7417	80001798	c3d28893	addi	x17,x5,-963	  x5:0xffde0000 x17=0xffddfc3d
      74205.000 ns	      7419	8000179c	285e90d3	fmax.s	f1,f29,f5	 f29:0x00000000  f5:0x00000040  f1=0x00000040
      74225.000 ns	      7421	800017a0	01ab9e33	sll	x28,x23,x26	 x23:0x00000000 x26:0xfffffffc x28=0x00000000
      74245.000 ns	      7423	800017a4	d00bf6d3	fcvt.s.w	f13,x23	 x23:0x00000000 f13=0x00000000
      74265.000 ns	      7425	800017a8	01855e13	srli	x28,x10,0x18	 x10:0x00000000 x28=0x00000000
      74275.000 ns	      7426	800017ac	40135c93	srai	x25,x6,0x1	  x6:0xffffffff x25=0xffffffff
      74285.000 ns	      7427	800017b0	0d4be313	ori	x6,x23,212	 x23:0x00000000  x6=0x000000d4
      74295.000 ns	      7428	800017b4	401e03b3	sub	x7,x28,x1	 x28:0x00000000  x1:0x00000000  x7=0x00000000
      74305.000 ns	      7429	800017b8	41bcd393	srai	x7,x25,0x1b	 x25:0xffffffff  x7=0xffffffff
      74325.000 ns	      7431	800017bc	03d32133	mulhsu	x2,x6,x29	  x6:0x000000d4 x29:0xc80d1774  x2=0x000000a5
      74345.000 ns	      7433	800017c0	00b9df93	srli	x31,x19,0xb	 x19:0x80041024 x31=0x00100082
      74355.000 ns	      7434	800017c4	0039eab3	or	x21,x19,x3	 x19:0x80041024  x3:0x51b37000 x21=0xd1b77024
      74365.000 ns	      7435	800017c8	402ddbb3	sra	x23,x27,x2	 x27:0x00000000  x2:0x000000a5 x23=0x00000000
      74385.000 ns	      7437	800017cc	28b18ed3	fmin.s	f29,f3,f11	  f3:0x4f7fde00 f11:0x7ffbefdc f29=0x4f7fde00
      74415.000 ns	      7440	800017d0	a0b8ab53	feq.s	x22,f17,f11	 f17:0xff800000 f11:0x7ffbefdc x22=0x00000000
      74435.000 ns	      7442	800017d4	00597fb3	and	x31,x18,x5	 x18:0x00000000  x5:0xffde0000 x31=0x00000000
      74455.000 ns	      7444	800017d8	c0187653	fcvt.wu.s	x12,f16	 f16:0x4e60831a x12=0x3820c680
      74475.000 ns	      7446	800017dc	5728be17	auipc	x28,0x5728b	 x28=0xd728c7dc
      74835.000 ns	      7482	800017e0	028141b3	div	x3,x2,x8	  x2:0x000000a5  x8:0x00000020  x3=0x00000005
      74865.000 ns	      7485	800017e4	2057a353	fsgnjx.s	f6,f15,f5	 f15:0x473501cb  f5:0x00000040  f6=0x473501cb
      74885.000 ns	      7487	800017e8	00b45093	srli	x1,x8,0xb	  x8:0x00000020  x1=0x00000000
      74895.000 ns	      7488	800017ec	00000013	addi	x0,x0,0	  x0:0x00000000
      74905.000 ns	      7489	800017f0	d691fe13	andi	x28,x3,-663	  x3:0x00000005 x28=0x00000001
      74915.000 ns	      7490	800017f4	8a5b8e13	addi	x28,x23,-1883	 x23:0x00000000 x28=0xfffff8a5
      74935.000 ns	      7492	800017f8	d008f9d3	fcvt.s.w	f19,x17	 x17:0xffddfc3d f19=0xca080f0c
      74965.000 ns	      7495	800017fc	21af2753	fsgnjx.s	f14,f30,f26	 f30:0xff800000 f26:0x4efff7de f14=0xff800000
      74995.000 ns	      7498	80001800	02ff2033	mulhsu	x0,x30,x15	 x30:0x00000000 x15:0x00000000
      75025.000 ns	      7501	80001804	c01efc53	fcvt.wu.s	x24,f29	 f29:0x4f7fde00 x24=0xffde0000
      75055.000 ns	      7504	80001808	d01c73d3	fcvt.s.wu	f7,x24	 x24:0x00000040  f7=0x4f7fde00
      75085.000 ns	      7507	8000180c	03e9c0b3	div	x1,x19,x30	 x19:0x80041024 x30:0x00000000  x1=0xffffffff
      75105.000 ns	      7509	80001810	016417b3	sll	x15,x8,x22	  x8:0x00000020 x22:0x00000000 x15=0x00000020
      75135.000 ns	      7512	80001814	116ba0d3	fmul.s	f1,f23,f22	 f23:0x00000001 f22:0x4ea366e0  f1=0x042366e0
      75165.000 ns	      7515	80001818	d01276d3	fcvt.s.wu	f13,x4	  x4:0x00000000 f13=0x00000000
      75195.000 ns	      7518	8000181c	e0050553	fmv.x.w	x10,f10	 f10:0x00000000 x10=0x00000000
      75215.000 ns	      7520	80001820	7e134b13	xori	x22,x6,2017	  x6:0x000000d4 x22=0x00000735
      75225.000 ns	      7521	80001824	41c55a93	srai	x21,x10,0x1c	 x10:0x00000000 x21=0x00000000
      75245.000 ns	      7523	80001828	e00910d3	fclass.s	x1,f18	 f18:0x184728cb  x1=0x00000040
      75275.000 ns	      7526	8000182c	292c04d3	fmin.s	f9,f24,f18	 f24:0xff800000 f18:0x184728cb  f9=0xff800000
      75305.000 ns	      7529	80001830	218c8153	fsgnj.s	f2,f25,f24	 f25:0x4e60831a f24:0xff800000  f2=0xce60831a
      75675.000 ns	      7566	80001834	0363f0b3	remu	x1,x7,x22	  x7:0xffffffff x22:0x00000735  x1=0x000003fc
      76855.000 ns	      7684	80001838	580bb3d3	fsqrt.s	f7,f23	 f23:0x00000001  f7=0x1f350483
      76885.000 ns	      7687	8000183c	21c48ad3	fsgnj.s	f21,f9,f28	  f9:0xff800000 f28:0xc3000000 f21=0xff800000
      76915.000 ns	      7690	80001840	026f0133	mul	x2,x30,x6	 x30:0x00000000  x6:0x000000d4  x2=0x00000000
      76945.000 ns	      7693	80001844	030703b3	mul	x7,x14,x16	 x14:0x00000172 x16:0x80040fe4  x7=0x05def788
      76975.000 ns	      7696	80001848	a0259ad3	flt.s	x21,f11,f2	 f11:0x7ffbefdc  f2:0xce60831a x21=0x00000000
      76995.000 ns	      7698	8000184c	00cf3ab3	sltu	x21,x30,x12	 x30:0x00000000 x12:0x3820c680 x21=0x00000001
      77325.000 ns	      7731	80001850	197eb553	fdiv.s	f10,f29,f23	 f29:0x4f7fde00 f23:0x00000001 f10=0x7f800000
      77345.000 ns	      7733	80001854	aababd93	sltiu	x27,x21,-1365	 x21:0x00000000 x27=0x00000001
      77355.000 ns	      7734	80001858	413b8fb3	sub	x31,x23,x19	 x23:0x00000000 x19:0x80041024 x31=0x7ffbefdc
      77365.000 ns	      7735	8000185c	40e1d433	sra	x8,x3,x14	  x3:0x00000005 x14:0x00000172  x8=0x00000000
      77385.000 ns	      7737	80001860	03e02db3	mulhsu	x27,x0,x30	  x0:0x00000000 x30:0x00000000 x27=0x00000000
      77405.000 ns	      7739	80001864	01dddcb3	srl	x25,x27,x29	 x27:0x00000001 x29:0xc80d1774 x25=0x00000000
      77415.000 ns	      7740	80001868	0022b133	sltu	x2,x5,x2	  x5:0xffde0000  x2:0x00000000  x2=0x00000000
      77425.000 ns	      7741	8000186c	d51c3313	sltiu	x6,x24,-687	 x24:0xffde0000  x6=0x00000001
      77435.000 ns	      7742	80001870	00000013	addi	x0,x0,0	  x0:0x00000000
      77445.000 ns	      7743	80001874	01b19893	slli	x17,x3,0x1b	  x3:0x00000005 x17=0x28000000
      77465.000 ns	      7745	80001878	c00072d3	fcvt.w.s	x5,f0	  f0:0x4e60831a  x5=0x3820c680
      77485.000 ns	      7747	8000187c	00111e33	sll	x28,x2,x1	  x2:0x00000000  x1:0x000003fc x28=0x00000000
      77515.000 ns	      7750	80001880	1864bcd3	fdiv.s	f25,f9,f6	  f9:0xff800000  f6:0x473501cb f25=0xff800000
      77535.000 ns	      7752	80001884	40876b13	ori	x22,x14,1032	 x14:0x00000172 x22=0x0000057a
      77545.000 ns	      7753	80001888	01631493	slli	x9,x6,0x16	  x6:0x00000001  x9=0x00400000
      77555.000 ns	      7754	8000188c	00d1f3b3	and	x7,x3,x13	  x3:0x00000005 x13:0x00000000  x7=0x00000000
      77565.000 ns	      7755	80001890	004a9433	sll	x8,x21,x4	 x21:0x00000001  x4:0x00000000  x8=0x00000001
      77575.000 ns	      7756	80001894	00cdc8b3	xor	x17,x27,x12	 x27:0x00000000 x12:0x3820c680 x17=0x3820c680
      78745.000 ns	      7873	80001898	580bb5d3	fsqrt.s	f11,f23	 f23:0x00000001 f11=0x1f350483
      78765.000 ns	      7875	8000189c	410d50b3	sra	x1,x26,x16	 x26:0xfffffffc x16:0x80040fe4  x1=0xffffffff
      78785.000 ns	      7877	800018a0	02969d33	mulh	x26,x13,x9	 x13:0x00000000  x9:0x00400000 x26=0x00000000
      78805.000 ns	      7879	800018a4	00ca4ab3	xor	x21,x20,x12	 x20:0x00000000 x12:0x3820c680 x21=0x3820c680
      78825.000 ns	      7881	800018a8	29b281d3	fmin.s	f3,f5,f27	  f5:0x00000040 f27:0x3f7ff7de  f3=0x00000040
      78845.000 ns	      7883	800018ac	01b9e5b3	or	x11,x19,x27	 x19:0x80041024 x27:0x00000000 x11=0x80041024
      78865.000 ns	      7885	800018b0	d00db6d3	fcvt.s.w	f13,x27	 x27:0x00000000 f13=0x00000000
      78885.000 ns	      7887	800018b4	00000013	addi	x0,x0,0	  x0:0x00000000
      79245.000 ns	      7923	800018b8	0360f133	remu	x2,x1,x22	  x1:0xffffffff x22:0x0000057a  x2=0x00000245
      79295.000 ns	      7928	800018bc	01757353	fadd.s	f6,f10,f23	 f10:0x7f800000 f23:0x00000001  f6=0x7f800000
      79315.000 ns	      7930	800018c0	41708b33	sub	x22,x1,x23	  x1:0xffffffff x23:0x00000000 x22=0xffffffff
      79325.000 ns	      7931	800018c4	00a3ba33	sltu	x20,x7,x10	  x7:0x00000000 x10:0x00000000 x20=0x00000000
      79345.000 ns	      7933	800018c8	a0c704d3	fle.s	x9,f14,f12	 f14:0xff800000 f12:0x4ea366e0  x9=0x00000001
      79375.000 ns	      7936	800018cc	e00193d3	fclass.s	x7,f3	  f3:0x00000040  x7=0x00000020
      79395.000 ns	      7938	800018d0	01cf6b33	or	x22,x30,x28	 x30:0x00000000 x28:0x00000000 x22=0x00000000
      79405.000 ns	      7939	800018d4	d9a97a93	andi	x21,x18,-614	 x18:0x00000000 x21=0x00000000
      79425.000 ns	      7941	800018d8	034b4133	div	x2,x22,x20	 x22:0xffffffff x20:0x00000000  x2=0xffffffff
      79465.000 ns	      7945	800018dc	11c74853	fmul.s	f16,f14,f28	 f14:0xff800000 f28:0xc3000000 f16=0x7f800000
      79515.000 ns	      7950	800018e0	016cfdd3	fadd.s	f27,f25,f22	 f25:0xff800000 f22:0x4ea366e0 f27=0xff800000
      79545.000 ns	      7953	800018e4	e00a9ed3	fclass.s	x29,f21	 f21:0xff800000 x29=0x00000001
      79575.000 ns	      7956	800018e8	03fe0933	mul	x18,x28,x31	 x28:0x00000000 x31:0x7ffbefdc x18=0x00000000
      79605.000 ns	      7959	800018ec	211612d3	fsgnjn.s	f5,f12,f17	 f12:0x4ea366e0 f17:0xff800000  f5=0x4ea366e0
      79625.000 ns	      7961	800018f0	fc538b13	addi	x22,x7,-59	  x7:0x00000020 x22=0xffffffe5
      79985.000 ns	      7997	800018f4	02517b33	remu	x22,x2,x5	  x2:0xffffffff  x5:0x3820c680 x22=0x1f7ce5ff
      80005.000 ns	      7999	800018f8	6c698013	addi	x0,x19,1734	 x19:0x80041024
      80015.000 ns	      8000	800018fc	4055dc13	srai	x24,x11,0x5	 x11:0x80041024 x24=0xfc002081
      80025.000 ns	      8001	80001900	0b60a713	slti	x14,x1,182	  x1:0xffffffff x14=0x00000001
      81195.000 ns	      8118	80001904	580ef8d3	fsqrt.s	f17,f29	 f29:0x4f7fde00 f17=0x4734ec5a
      81245.000 ns	      8123	80001908	01442653	fadd.s	f12,f8,f20	  f8:0x4300fff7 f20:0x4ea366e0 f12=0x4ea366e1
      81275.000 ns	      8126	8000190c	026005b3	mul	x11,x0,x6	  x0:0x00000000  x6:0x00000001 x11=0x00000000
      81305.000 ns	      8129	80001910	028821b3	mulhsu	x3,x16,x8	 x16:0x80040fe4  x8:0x00000001  x3=0xffffffff
      81335.000 ns	      8132	80001914	03e091b3	mulh	x3,x1,x30	  x1:0xffffffff x30:0x00000000  x3=0x00000000
      81365.000 ns	      8135	80001918	03ffac33	mulhsu	x24,x31,x31	 x31:0x7ffbefdc x31:0x7ffbefdc x24=0x3ffbefec
      81385.000 ns	      8137	8000191c	edf9d697	auipc	x13,0xedf9d	 x13=0x6df9e91c
      81405.000 ns	      8139	80001920	c0194f53	fcvt.wu.s	x30,f18	 f18:0x184728cb x30=0x00000000
      81435.000 ns	      8142	80001924	d0013dd3	fcvt.s.w	f27,x2	  x2:0xffffffff f27=0xbf800000
      81455.000 ns	      8144	80001928	2dc40e93	addi	x29,x8,732	  x8:0x00000001 x29=0x000002dd
      81465.000 ns	      8145	8000192c	9f7c4613	xori	x12,x24,-1545	 x24:0x3ffbefec x12=0xc004161b
      81475.000 ns	      8146	80001930	400a54b3	sra	x9,x20,x0	 x20:0x00000000  x0:0x00000000  x9=0x00000000
      81495.000 ns	      8148	80001934	299580d3	fmin.s	f1,f11,f25	 f11:0x1f350483 f25:0xff800000  f1=0xff800000
      81525.000 ns	      8151	80001938	c01e4cd3	fcvt.wu.s	x25,f28	 f28:0xc3000000 x25=0x00000080
      81545.000 ns	      8153	8000193c	0029f8b3	and	x17,x19,x2	 x19:0x80041024  x2:0xffffffff x17=0x80041024
      81565.000 ns	      8155	80001940	c01cfe53	fcvt.wu.s	x28,f25	 f25:0xff800000 x28=0x00000000
      81935.000 ns	      8192	80001944	02c4d6b3	divu	x13,x9,x12	  x9:0x00000000 x12:0xc004161b x13=0x00000000
      81985.000 ns	      8197	80001948	0898fd53	fsub.s	f26,f17,f9	 f17:0x4734ec5a  f9:0xff800000 f26=0x7f800000
      82015.000 ns	      8200	8000194c	c00fbf53	fcvt.w.s	x30,f31	 f31:0x184728cb x30=0x00000000
      82055.000 ns	      8204	80001950	5809a753	fsqrt.s	f14,f19	 f19:0xca080f0c f14=0x7fc00000
      82075.000 ns	      8206	80001954	932d2c13	slti	x24,x26,-1742	 x26:0x00000000 x24=0x00000000
      82085.000 ns	      8207	80001958	58727313	andi	x6,x4,1415	  x4:0x00000000  x6=0x00000000
      82105.000 ns	      8209	8000195c	026d5933	divu	x18,x26,x6	 x26:0x00000000  x6:0x00000001 x18=0xffffffff
      82145.000 ns	      8213	80001960	5804f6d3	fsqrt.s	f13,f9	  f9:0xff800000 f13=0x7fc00000
      82175.000 ns	      8216	80001964	e00c1753	fclass.s	x14,f24	 f24:0xff800000 x14=0x00000001
      82205.000 ns	      8219	80001968	a1d89cd3	flt.s	x25,f17,f29	 f17:0x4734ec5a f29:0x4f7fde00 x25=0x00000001
      82235.000 ns	      8222	8000196c	e0041dd3	fclass.s	x27,f8	  f8:0x4300fff7 x27=0x00000040
      82255.000 ns	      8224	80001970	db4d6093	ori	x1,x26,-588	 x26:0x00000000  x1=0xfffffdb4
      82275.000 ns	      8226	80001974	213e83d3	fsgnj.s	f7,f29,f19	 f29:0x4f7fde00 f19:0xca080f0c  f7=0xcf7fde00
      82305.000 ns	      8229	80001978	03a3a433	mulhsu	x8,x7,x26	  x7:0x00000020 x26:0x00000000  x8=0x00000000
      82325.000 ns	      8231	8000197c	8f254193	xori	x3,x10,-1806	 x10:0x00000000  x3=0xfffff8f2
      82345.000 ns	      8233	80001980	d01d76d3	fcvt.s.wu	f13,x26	 x26:0x00000000 f13=0x00000000
      82365.000 ns	      8235	80001984	018d6f33	or	x30,x26,x24	 x26:0x00000000 x24:0x00000000 x30=0x00000000
      82385.000 ns	      8237	80001988	c006c653	fcvt.w.s	x12,f13	 f13:0x00000000 x12=0x00000000
      82415.000 ns	      8240	8000198c	21bc98d3	fsgnjn.s	f17,f25,f27	 f25:0xff800000 f27:0xbf800000 f17=0x7f800000
      82435.000 ns	      8242	80001990	eadf2013	slti	x0,x30,-339	 x30:0x00000000
      82465.000 ns	      8245	80001994	10397a53	fmul.s	f20,f18,f3	 f18:0x184728cb  f3:0x00000040 f20=0x00000001
      82485.000 ns	      8247	80001998	00d7ecb3	or	x25,x15,x13	 x15:0x00000020 x13:0x00000000 x25=0x00000020
      82495.000 ns	      8248	8000199c	f2213493	sltiu	x9,x2,-222	  x2:0xffffffff  x9=0x00000000
      82515.000 ns	      8250	800019a0	a15b82d3	fle.s	x5,f23,f21	 f23:0x00000001 f21:0xff800000  x5=0x00000000
      82565.000 ns	      8255	800019a4	012c98d3	fadd.s	f17,f25,f18	 f25:0xff800000 f18:0x184728cb f17=0xff800000
      82595.000 ns	      8258	800019a8	e00c1c53	fclass.s	x24,f24	 f24:0xff800000 x24=0x00000001
      82625.000 ns	      8261	800019ac	20e79653	fsgnjn.s	f12,f15,f14	 f15:0x473501cb f14:0x7fc00000 f12=0xc73501cb
      82655.000 ns	      8264	800019b0	e0020653	fmv.x.w	x12,f4	  f4:0xc3000000 x12=0xc3000000
      83025.000 ns	      8301	800019b4	0212cf33	div	x30,x5,x1	  x5:0x00000000  x1:0xfffffdb4 x30=0x00000000
      83055.000 ns	      8304	800019b8	e0099753	fclass.s	x14,f19	 f19:0xca080f0c x14=0x00000002
      83075.000 ns	      8306	800019bc	002cfb33	and	x22,x25,x2	 x25:0x00000020  x2:0xffffffff x22=0x00000020
      83085.000 ns	      8307	800019c0	0007d513	srli	x10,x15,0x0	 x15:0x00000020 x10=0x00000020
      83445.000 ns	      8343	800019c4	02edebb3	rem	x23,x27,x14	 x27:0x00000040 x14:0x00000002 x23=0x00000000
      83475.000 ns	      8346	800019c8	025d0e33	mul	x28,x26,x5	 x26:0x00000000  x5:0x00000000 x28=0x00000000
      83505.000 ns	      8349	800019cc	d015fb53	fcvt.s.wu	f22,x11	 x11:0x00000000 f22=0x00000000
      83535.000 ns	      8352	800019d0	a0392c53	feq.s	x24,f18,f3	 f18:0x184728cb  f3:0x00000040 x24=0x00000000
      83565.000 ns	      8355	800019d4	20629053	fsgnjn.s	f0,f5,f6	  f5:0x4ea366e0  f6:0x7f800000  f0=0xcea366e0
      83585.000 ns	      8357	800019d8	01b25933	srl	x18,x4,x27	  x4:0x00000000 x27:0x00000040 x18=0x00000000
      83605.000 ns	      8359	800019dc	28ac8653	fmin.s	f12,f25,f10	 f25:0xff800000 f10:0x7f800000 f12=0xff800000
      83625.000 ns	      8361	800019e0	413ddeb3	sra	x29,x27,x19	 x27:0x00000040 x19:0x80041024 x29=0x00000004
      83645.000 ns	      8363	800019e4	025ede33	divu	x28,x29,x5	 x29:0x000002dd  x5:0x00000000 x28=0xffffffff
      83675.000 ns	      8366	800019e8	0204a1b3	mulhsu	x3,x9,x0	  x9:0x00000000  x0:0x00000000  x3=0x00000000
      83705.000 ns	      8369	800019ec	218b1253	fsgnjn.s	f4,f22,f24	 f22:0x00000000 f24:0xff800000  f4=0x00000000
      83725.000 ns	      8371	800019f0	17affd93	andi	x27,x31,378	 x31:0x7ffbefdc x27=0x00000158
      83745.000 ns	      8373	800019f4	c015fcd3	fcvt.wu.s	x25,f11	 f11:0x1f350483 x25=0x00000000
      83765.000 ns	      8375	800019f8	a547cf93	xori	x31,x15,-1452	 x15:0x00000020 x31=0xfffffa74
      83795.000 ns	      8378	800019fc	10d6f7d3	fmul.s	f15,f13,f13	 f13:0x00000000 f13:0x00000000 f15=0x00000000
      83825.000 ns	      8381	80001a00	e0020cd3	fmv.x.w	x25,f4	  f4:0x00000000 x25=0x00000000
      83845.000 ns	      8383	80001a04	76dfc613	xori	x12,x31,1901	 x31:0xfffffa74 x12=0xfffffd19
      83865.000 ns	      8385	80001a08	a09faad3	feq.s	x21,f31,f9	 f31:0x184728cb  f9:0xff800000 x21=0x00000000
      83905.000 ns	      8389	80001a0c	18580953	fdiv.s	f18,f16,f5	 f16:0x7f800000  f5:0x4ea366e0 f18=0x7f800000
      83925.000 ns	      8391	80001a10	e4aa8b13	addi	x22,x21,-438	 x21:0x00000000 x22=0xfffffe4a
      83945.000 ns	      8393	80001a14	c00a2b53	fcvt.w.s	x22,f20	 f20:0x00000001 x22=0x00000000
      83965.000 ns	      8395	80001a18	b1e70893	addi	x17,x14,-1250	 x14:0x00000002 x17=0xfffffb20
      83975.000 ns	      8396	80001a1c	51f8c437	lui	x8,0x51f8c	  x8=0x51f8c000
      83985.000 ns	      8397	80001a20	41da5193	srai	x3,x20,0x1d	 x20:0x00000000  x3=0x00000000
      83995.000 ns	      8398	80001a24	367f0313	addi	x6,x30,871	 x30:0x00000000  x6=0x00000367
      84035.000 ns	      8402	80001a28	01d4f0d3	fadd.s	f1,f9,f29	  f9:0xff800000 f29:0x4f7fde00  f1=0xff800000
      84055.000 ns	      8404	80001a2c	0843fe97	auipc	x29,0x843f	 x29=0x88440a2c
      84075.000 ns	      8406	80001a30	d012fd53	fcvt.s.wu	f26,x5	  x5:0x00000000 f26=0x00000000
      84105.000 ns	      8409	80001a34	0328c1b3	div	x3,x17,x18	 x17:0xfffffb20 x18:0x00000000  x3=0xffffffff
      84135.000 ns	      8412	80001a38	202206d3	fsgnj.s	f13,f4,f2	  f4:0x00000000  f2:0xce60831a f13=0x80000000
      84165.000 ns	      8415	80001a3c	a05701d3	fle.s	x3,f14,f5	 f14:0x7fc00000  f5:0x4ea366e0  x3=0x00000000
      84195.000 ns	      8418	80001a40	02db0633	mul	x12,x22,x13	 x22:0x00000000 x13:0x00000000 x12=0x00000000
      84225.000 ns	      8421	80001a44	c0153dd3	fcvt.wu.s	x27,f10	 f10:0x7f800000 x27=0xffffffff
      84255.000 ns	      8424	80001a48	02f8bcb3	mulhu	x25,x17,x15	 x17:0xfffffb20 x15:0x00000020 x25=0x0000001f
      84285.000 ns	      8427	80001a4c	212c88d3	fsgnj.s	f17,f25,f18	 f25:0xff800000 f18:0x7f800000 f17=0x7f800000
      84305.000 ns	      8429	80001a50	0106b033	sltu	x0,x13,x16	 x13:0x00000000 x16:0x80040fe4
      84315.000 ns	      8430	80001a54	6e958f93	addi	x31,x11,1769	 x11:0x00000000 x31=0x000006e9
      84355.000 ns	      8434	80001a58	099e2dd3	fsub.s	f27,f28,f25	 f28:0xc3000000 f25:0xff800000 f27=0x7f800000
      84375.000 ns	      8436	80001a5c	00fe15b3	sll	x11,x28,x15	 x28:0xffffffff x15:0x00000020 x11=0xffffffff
      84385.000 ns	      8437	80001a60	4170da93	srai	x21,x1,0x17	  x1:0xfffffdb4 x21=0xffffffff
      84405.000 ns	      8439	80001a64	e0050d53	fmv.x.w	x26,f10	 f10:0x7f800000 x26=0x7f800000
      84455.000 ns	      8444	80001a68	080373d3	fsub.s	f7,f6,f0	  f6:0x7f800000  f0:0xcea366e0  f7=0x7f800000
      84475.000 ns	      8446	80001a6c	01247fb3	and	x31,x8,x18	  x8:0x51f8c000 x18:0x00000000 x31=0x00000000
      84495.000 ns	      8448	80001a70	c0058cd3	fcvt.w.s	x25,f11	 f11:0x1f350483 x25=0x00000000
      84525.000 ns	      8451	80001a74	d00bf3d3	fcvt.s.w	f7,x23	 x23:0x00000000  f7=0x00000000
      84555.000 ns	      8454	80001a78	038311b3	mulh	x3,x6,x24	  x6:0x00000367 x24:0x00000000  x3=0x00000000
      84575.000 ns	      8456	80001a7c	406b84b3	sub	x9,x23,x6	 x23:0x00000000  x6:0x00000367  x9=0xfffffc99
      84595.000 ns	      8458	80001a80	a1f702d3	fle.s	x5,f14,f31	 f14:0x7fc00000 f31:0x184728cb  x5=0x00000000
      84625.000 ns	      8461	80001a84	032617b3	mulh	x15,x12,x18	 x12:0x00000000 x18:0x00000000 x15=0x00000000
      84645.000 ns	      8463	80001a88	05e088b7	lui	x17,0x5e08	 x17=0x05e08000
      84665.000 ns	      8465	80001a8c	03f85133	divu	x2,x16,x31	 x16:0x80040fe4 x31:0x00000000  x2=0xffffffff
      84695.000 ns	      8468	80001a90	29049253	fmax.s	f4,f9,f16	  f9:0xff800000 f16:0x7f800000  f4=0x7f800000
      84725.000 ns	      8471	80001a94	293d10d3	fmax.s	f1,f26,f19	 f26:0x00000000 f19:0xca080f0c  f1=0x00000000
      84745.000 ns	      8473	80001a98	73c1cc13	xori	x24,x3,1852	  x3:0x00000000 x24=0x0000073c
      84755.000 ns	      8474	80001a9c	635a4893	xori	x17,x20,1589	 x20:0x00000000 x17=0x00000635
      84765.000 ns	      8475	80001aa0	79576393	ori	x7,x14,1941	 x14:0x00000002  x7=0x00000797
      84785.000 ns	      8477	80001aa4	030d1db3	mulh	x27,x26,x16	 x26:0x7f800000 x16:0x80040fe4 x27=0xc04205ea
      84805.000 ns	      8479	80001aa8	01f34333	xor	x6,x6,x31	  x6:0x00000367 x31:0x00000000  x6=0x00000367
      84815.000 ns	      8480	80001aac	01dd63b3	or	x7,x26,x29	 x26:0x7f800000 x29:0x88440a2c  x7=0xffc40a2c
      84825.000 ns	      8481	80001ab0	0010bfb3	sltu	x31,x1,x1	  x1:0xfffffdb4  x1:0xfffffdb4 x31=0x00000000
      84835.000 ns	      8482	80001ab4	401f5193	srai	x3,x30,0x1	 x30:0x00000000  x3=0x00000000
      85195.000 ns	      8518	80001ab8	0267fe33	remu	x28,x15,x6	 x15:0x00000000  x6:0x00000367 x28=0x00000000
      85215.000 ns	      8520	80001abc	01883bb3	sltu	x23,x16,x24	 x16:0x80040fe4 x24:0x0000073c x23=0x00000000
      85235.000 ns	      8522	80001ac0	a05daed3	feq.s	x29,f27,f5	 f27:0x7f800000  f5:0x4ea366e0 x29=0x00000000
      85265.000 ns	      8525	80001ac4	036c4cb3	div	x25,x24,x22	 x24:0x0000073c x22:0x00000000 x25=0xffffffff
      85285.000 ns	      8527	80001ac8	00aa9e93	slli	x29,x21,0xa	 x21:0xffffffff x29=0xfffffc00
      85315.000 ns	      8530	80001acc	58007dd3	fsqrt.s	f27,f0	  f0:0xcea366e0 f27=0x7fc00000
      85335.000 ns	      8532	80001ad0	ce244517	auipc	x10,0xce244	 x10=0x4e245ad0
      85345.000 ns	      8533	80001ad4	fcfa2593	slti	x11,x20,-49	 x20:0x00000000 x11=0x00000000
      85365.000 ns	      8535	80001ad8	e00d1f53	fclass.s	x30,f26	 f26:0x00000000 x30=0x00000010
      85385.000 ns	      8537	80001adc	e53bb093	sltiu	x1,x23,-429	 x23:0x00000000  x1=0x00000001
      85395.000 ns	      8538	80001ae0	003c5333	srl	x6,x24,x3	 x24:0x0000073c  x3:0x00000000  x6=0x0000073c
      85415.000 ns	      8540	80001ae4	28921153	fmax.s	f2,f4,f9	  f4:0x7f800000  f9:0xff800000  f2=0x7f800000
      85435.000 ns	      8542	80001ae8	01bbe4b3	or	x9,x23,x27	 x23:0x00000000 x27:0xc04205ea  x9=0xc04205ea
      85455.000 ns	      8544	80001aec	02c963b3	rem	x7,x18,x12	 x18:0x00000000 x12:0x00000000  x7=0x00000000
      85505.000 ns	      8549	80001af0	0957fbd3	fsub.s	f23,f15,f21	 f15:0x00000000 f21:0xff800000 f23=0x7f800000
      85525.000 ns	      8551	80001af4	753c1497	auipc	x9,0x753c1	  x9=0xf53c2af4
      85535.000 ns	      8552	80001af8	d785e293	ori	x5,x11,-648	 x11:0x00000000  x5=0xfffffd78
      85545.000 ns	      8553	80001afc	79e286b7	lui	x13,0x79e28	 x13=0x79e28000
      85555.000 ns	      8554	80001b00	00289933	sll	x18,x17,x2	 x17:0x00000635  x2:0xffffffff x18=0x80000000
      85565.000 ns	      8555	80001b04	414c0b33	sub	x22,x24,x20	 x24:0x0000073c x20:0x00000000 x22=0x0000073c
      85575.000 ns	      8556	80001b08	d47a4393	xori	x7,x20,-697	 x20:0x00000000  x7=0xfffffd47
      85595.000 ns	      8558	80001b0c	0353aa33	mulhsu	x20,x7,x21	  x7:0x00000000 x21:0xffffffff x20=0xfffffd47
      85625.000 ns	      8561	80001b10	03448db3	mul	x27,x9,x20	  x9:0xf53c2af4 x20:0x00000000 x27=0x4f2f0dac
      85655.000 ns	      8564	80001b14	d008f453	fcvt.s.w	f8,x17	 x17:0x00000635  f8=0x44c6a000
      85675.000 ns	      8566	80001b18	01d96cb3	or	x25,x18,x29	 x18:0x80000000 x29:0xfffffc00 x25=0xfffffc00
      85705.000 ns	      8569	80001b1c	58093ed3	fsqrt.s	f29,f18	 f18:0x7f800000 f29=0x7f800000
      85725.000 ns	      8571	80001b20	a01fe613	ori	x12,x31,-1535	 x31:0x00000000 x12=0xfffffa01
      86085.000 ns	      8607	80001b24	0253c933	div	x18,x7,x5	  x7:0xfffffd47  x5:0xfffffd78 x18=0x00000001
      86105.000 ns	      8609	80001b28	005427b3	slt	x15,x8,x5	  x8:0x51f8c000  x5:0xfffffd78 x15=0x00000000
      86115.000 ns	      8610	80001b2c	00e0df93	srli	x31,x1,0xe	  x1:0x00000001 x31=0x00000000
      86125.000 ns	      8611	80001b30	01afaa33	slt	x20,x31,x26	 x31:0x00000000 x26:0x7f800000 x20=0x00000001
      86145.000 ns	      8613	80001b34	20ac0fd3	fsgnj.s	f31,f24,f10	 f24:0xff800000 f10:0x7f800000 f31=0x7f800000
      86175.000 ns	      8616	80001b38	21978653	fsgnj.s	f12,f15,f25	 f15:0x00000000 f25:0xff800000 f12=0x80000000
      86205.000 ns	      8619	80001b3c	a14215d3	flt.s	x11,f4,f20	  f4:0x7f800000 f20:0x00000001 x11=0x00000000
      86235.000 ns	      8622	80001b40	209e14d3	fsgnjn.s	f9,f28,f9	 f28:0xc3000000  f9:0xff800000  f9=0x43000000
      86255.000 ns	      8624	80001b44	0153c0b3	xor	x1,x7,x21	  x7:0xfffffd47 x21:0xffffffff  x1=0x000002b8
      86275.000 ns	      8626	80001b48	d01a3dd3	fcvt.s.wu	f27,x20	 x20:0x00000001 f27=0x3f800000
      86305.000 ns	      8629	80001b4c	d0179e53	fcvt.s.wu	f28,x15	 x15:0x00000000 f28=0x00000000
      86325.000 ns	      8631	80001b50	012c5d33	srl	x26,x24,x18	 x24:0x0000073c x18:0x00000001 x26=0x0000039e
      86345.000 ns	      8633	80001b54	20669853	fsgnjn.s	f16,f13,f6	 f13:0x80000000  f6:0x7f800000 f16=0x80000000
      86375.000 ns	      8636	80001b58	c01afc53	fcvt.wu.s	x24,f21	 f21:0xff800000 x24=0x00000000
      86425.000 ns	      8641	80001b5c	008d17d3	fadd.s	f15,f26,f8	 f26:0x00000000  f8:0x44c6a000 f15=0x44c6a000
      86455.000 ns	      8644	80001b60	e00a9c53	fclass.s	x24,f21	 f21:0xff800000 x24=0x00000001
      86475.000 ns	      8646	80001b64	0070e8b3	or	x17,x1,x7	  x1:0x000002b8  x7:0xfffffd47 x17=0xffffffff
      86495.000 ns	      8648	80001b68	0227a0b3	mulhsu	x1,x15,x2	 x15:0x00000000  x2:0xffffffff  x1=0x00000000
      86515.000 ns	      8650	80001b6c	00cb9013	slli	x0,x23,0xc	 x23:0x00000000
      86535.000 ns	      8652	80001b70	020ddfb3	divu	x31,x27,x0	 x27:0x4f2f0dac  x0:0x00000000 x31=0xffffffff
      86555.000 ns	      8654	80001b74	4138d613	srai	x12,x17,0x13	 x17:0xffffffff x12=0xffffffff
      86915.000 ns	      8690	80001b78	026be8b3	rem	x17,x23,x6	 x23:0x00000000  x6:0x0000073c x17=0x00000000
      86945.000 ns	      8693	80001b7c	02313cb3	mulhu	x25,x2,x3	  x2:0xffffffff  x3:0x00000000 x25=0x00000000
      86975.000 ns	      8696	80001b80	e00d8953	fmv.x.w	x18,f27	 f27:0x3f800000 x18=0x3f800000
      86995.000 ns	      8698	80001b84	00761a93	slli	x21,x12,0x7	 x12:0xffffffff x21=0xffffff80
      87005.000 ns	      8699	80001b88	40a05cb3	sra	x25,x0,x10	  x0:0x00000000 x10:0x4e245ad0 x25=0x00000000
      87035.000 ns	      8702	80001b8c	5806a4d3	fsqrt.s	f9,f13	 f13:0x80000000  f9=0x80000000
      87055.000 ns	      8704	80001b90	00b804b3	add	x9,x16,x11	 x16:0x80040fe4 x11:0x00000000  x9=0x80040fe4
      87075.000 ns	      8706	80001b94	28991cd3	fmax.s	f25,f18,f9	 f18:0x7f800000  f9:0x80000000 f25=0x7f800000
      87095.000 ns	      8708	80001b98	00000013	addi	x0,x0,0	  x0:0x00000000
      87115.000 ns	      8710	80001b9c	e0000ad3	fmv.x.w	x21,f0	  f0:0xcea366e0 x21=0xcea366e0
      87135.000 ns	      8712	80001ba0	00223033	sltu	x0,x4,x2	  x4:0x00000000  x2:0xffffffff
      87155.000 ns	      8714	80001ba4	03cb4e33	div	x28,x22,x28	 x22:0x0000073c x28:0x00000000 x28=0xffffffff
      87185.000 ns	      8717	80001ba8	03fd23b3	mulhsu	x7,x26,x31	 x26:0x0000039e x31:0xffffffff  x7=0x0000039d
      87215.000 ns	      8720	80001bac	e00d1bd3	fclass.s	x23,f26	 f26:0x00000000 x23=0x00000010
      87235.000 ns	      8722	80001bb0	409588b3	sub	x17,x11,x9	 x11:0x00000000  x9:0x80040fe4 x17=0x7ffbf01c
      87265.000 ns	      8725	80001bb4	5808fd53	fsqrt.s	f26,f17	 f17:0x7f800000 f26=0x7f800000
      87305.000 ns	      8729	80001bb8	181db3d3	fdiv.s	f7,f27,f1	 f27:0x3f800000  f1:0x00000000  f7=0x7f800000
      87335.000 ns	      8732	80001bbc	02552ab3	mulhsu	x21,x10,x5	 x10:0x4e245ad0  x5:0xfffffd78 x21=0x4e245a0a
      87365.000 ns	      8735	80001bc0	28f11753	fmax.s	f14,f2,f15	  f2:0x7f800000 f15:0x44c6a000 f14=0x7f800000
      87405.000 ns	      8739	80001bc4	580d0fd3	fsqrt.s	f31,f26	 f26:0x7f800000 f31=0x7f800000
      87435.000 ns	      8742	80001bc8	a0d18053	fle.s	x0,f3,f13	  f3:0x00000040 f13:0x80000000
      87465.000 ns	      8745	80001bcc	02779eb3	mulh	x29,x15,x7	 x15:0x00000000  x7:0x0000039d x29=0x00000000
      87505.000 ns	      8749	80001bd0	119c77d3	fmul.s	f15,f24,f25	 f24:0xff800000 f25:0x7f800000 f15=0xff800000
      87525.000 ns	      8751	80001bd4	414906b3	sub	x13,x18,x20	 x18:0x3f800000 x20:0x00000001 x13=0x3f7fffff
      87885.000 ns	      8787	80001bd8	03a94733	div	x14,x18,x26	 x18:0x3f800000 x26:0x0000039e x14=0x00118e19
      87915.000 ns	      8790	80001bdc	28b28fd3	fmin.s	f31,f5,f11	  f5:0x4ea366e0 f11:0x1f350483 f31=0x1f350483
      87955.000 ns	      8794	80001be0	1989b353	fdiv.s	f6,f19,f24	 f19:0xca080f0c f24:0xff800000  f6=0x00000000
      87975.000 ns	      8796	80001be4	4134dc93	srai	x25,x9,0x13	  x9:0x80040fe4 x25=0xfffff000
      87985.000 ns	      8797	80001be8	7c387493	andi	x9,x16,1987	 x16:0x80040fe4  x9=0x000007c0
      87995.000 ns	      8798	80001bec	011ab133	sltu	x2,x21,x17	 x21:0x4e245a0a x17:0x7ffbf01c  x2=0x00000001
      88005.000 ns	      8799	80001bf0	405ad793	srai	x15,x21,0x5	 x21:0x4e245a0a x15=0x027122d0
      88025.000 ns	      8801	80001bf4	022512b3	mulh	x5,x10,x2	 x10:0x4e245ad0  x2:0xffffffff  x5=0x00000000
      88045.000 ns	      8803	80001bf8	00207c33	and	x24,x0,x2	  x0:0x00000000  x2:0x00000001 x24=0x00000000
      88065.000 ns	      8805	80001bfc	c002fcd3	fcvt.w.s	x25,f5	  f5:0x4ea366e0 x25=0x51b37000
      88095.000 ns	      8808	80001c00	20f181d3	fsgnj.s	f3,f3,f15	  f3:0x00000040 f15:0xff800000  f3=0x80000040
      88115.000 ns	      8810	80001c04	00795e93	srli	x29,x18,0x7	 x18:0x3f800000 x29=0x007f0000
      88135.000 ns	      8812	80001c08	c0131953	fcvt.wu.s	x18,f6	  f6:0x00000000 x18=0x00000000
      88175.000 ns	      8816	80001c0c	19c8a0d3	fdiv.s	f1,f17,f28	 f17:0x7f800000 f28:0x00000000  f1=0x7f800000
      88545.000 ns	      8853	80001c10	02f04d33	div	x26,x0,x15	  x0:0x00000000 x15:0x027122d0 x26=0x00000000
      88915.000 ns	      8890	80001c14	030663b3	rem	x7,x12,x16	 x12:0xffffffff x16:0x80040fe4  x7=0xffffffff
      89285.000 ns	      8927	80001c18	02eee633	rem	x12,x29,x14	 x29:0x007f0000 x14:0x00118e19 x12=0x00041d51
      89655.000 ns	      8964	80001c1c	03caf033	remu	x0,x21,x28	 x21:0x4e245a0a x28:0xffffffff
      89685.000 ns	      8967	80001c20	c000bad3	fcvt.w.s	x21,f1	  f1:0x7f800000 x21=0x7fffffff
      89715.000 ns	      8970	80001c24	03451ab3	mulh	x21,x10,x20	 x10:0x4e245ad0 x20:0x00000001 x21=0x00000000
      89735.000 ns	      8972	80001c28	40b75cb3	sra	x25,x14,x11	 x14:0x00118e19 x11:0x00000000 x25=0x00118e19
      89755.000 ns	      8974	80001c2c	f00289d3	fmv.w.x	f19,x5	  x5:0x00000000 f19=0x00000000
      89785.000 ns	      8977	80001c30	038701b3	mul	x3,x14,x24	 x14:0x00118e19 x24:0x00000000  x3=0x00000000
      89805.000 ns	      8979	80001c34	01fedc33	srl	x24,x29,x31	 x29:0x007f0000 x31:0xffffffff x24=0x00000000
      89825.000 ns	      8981	80001c38	29fe1ed3	fmax.s	f29,f28,f31	 f28:0x00000000 f31:0x1f350483 f29=0x1f350483
      89865.000 ns	      8985	80001c3c	5801be53	fsqrt.s	f28,f3	  f3:0x80000040 f28=0x7fc00000
      89895.000 ns	      8988	80001c40	a02082d3	fle.s	x5,f1,f2	  f1:0x7f800000  f2:0x7f800000  x5=0x00000001
      89915.000 ns	      8990	80001c44	1e36cc93	xori	x25,x13,483	 x13:0x3f7fffff x25=0x3f7ffe1c
      89925.000 ns	      8991	80001c48	012febb3	or	x23,x31,x18	 x31:0xffffffff x18:0x00000000 x23=0xffffffff
      89945.000 ns	      8993	80001c4c	d0197cd3	fcvt.s.wu	f25,x18	 x18:0x00000000 f25=0x00000000
      89965.000 ns	      8995	80001c50	40f785b3	sub	x11,x15,x15	 x15:0x027122d0 x15:0x027122d0 x11=0x00000000
      89985.000 ns	      8997	80001c54	21dc0e53	fsgnj.s	f28,f24,f29	 f24:0xff800000 f29:0x1f350483 f28=0x7f800000
      90005.000 ns	      8999	80001c58	b7a73f13	sltiu	x30,x14,-1158	 x14:0x00118e19 x30=0x00000001
      90025.000 ns	      9001	80001c5c	028fb633	mulhu	x12,x31,x8	 x31:0xffffffff  x8:0x51f8c000 x12=0x51f8bfff
      90055.000 ns	      9004	80001c60	d010a653	fcvt.s.wu	f12,x1	  x1:0x00000000 f12=0x00000000
      90105.000 ns	      9009	80001c64	092e70d3	fsub.s	f1,f28,f18	 f28:0x7f800000 f18:0x7f800000  f1=0x80000000
      90125.000 ns	      9011	80001c68	43273013	sltiu	x0,x14,1074	 x14:0x00118e19
      90135.000 ns	      9012	80001c6c	fc440c93	addi	x25,x8,-60	  x8:0x51f8c000 x25=0x51f8bfc4
      90155.000 ns	      9014	80001c70	d006b653	fcvt.s.w	f12,x13	 x13:0x3f7fffff f12=0x4e7e0000
      90525.000 ns	      9051	80001c74	025a7f33	remu	x30,x20,x5	 x20:0x00000001  x5:0x00000001 x30=0x00000000
      90545.000 ns	      9053	80001c78	00000013	addi	x0,x0,0	  x0:0x00000000
      90565.000 ns	      9055	80001c7c	20cf1453	fsgnjn.s	f8,f30,f12	 f30:0xff800000 f12:0x4e7e0000  f8=0xff800000
      90595.000 ns	      9058	80001c80	204faed3	fsgnjx.s	f29,f31,f4	 f31:0x1f350483  f4:0x7f800000 f29=0x1f350483
      90615.000 ns	      9060	80001c84	00b5d433	srl	x8,x11,x11	 x11:0x00000000 x11:0x00000000  x8=0x00000000
      90635.000 ns	      9062	80001c88	c0062ad3	fcvt.w.s	x21,f12	 f12:0x4e7e0000 x21=0x3f800000
      90655.000 ns	      9064	80001c8c	954de093	ori	x1,x27,-1708	 x27:0x4f2f0dac  x1=0xfffffdfc
      90665.000 ns	      9065	80001c90	41d40633	sub	x12,x8,x29	  x8:0x00000000 x29:0x007f0000 x12=0xff810000
      90675.000 ns	      9066	80001c94	0149b2b3	sltu	x5,x19,x20	 x19:0x80041024 x20:0x00000001  x5=0x00000000
      90695.000 ns	      9068	80001c98	280c19d3	fmax.s	f19,f24,f0	 f24:0xff800000  f0:0xcea366e0 f19=0xcea366e0
      91065.000 ns	      9105	80001c9c	02e15ab3	divu	x21,x2,x14	  x2:0x00000001 x14:0x00118e19 x21=0x00000000
      91085.000 ns	      9107	80001ca0	01e52033	slt	x0,x10,x30	 x10:0x4e245ad0 x30:0x00000000
      91115.000 ns	      9110	80001ca4	1860fad3	fdiv.s	f21,f1,f6	  f1:0x80000000  f6:0x00000000 f21=0x7fc00000
      91145.000 ns	      9113	80001ca8	a1c39353	flt.s	x6,f7,f28	  f7:0x7f800000 f28:0x7f800000  x6=0x00000000
      91165.000 ns	      9115	80001cac	007b33b3	sltu	x7,x22,x7	 x22:0x0000073c  x7:0xffffffff  x7=0x00000001
      91175.000 ns	      9116	80001cb0	35a30097	auipc	x1,0x35a30	  x1=0xb5a31cb0
      91535.000 ns	      9152	80001cb4	03dc6533	rem	x10,x24,x29	 x24:0x00000000 x29:0x007f0000 x10=0x00000000
      91565.000 ns	      9155	80001cb8	d0090cd3	fcvt.s.w	f25,x18	 x18:0x00000000 f25=0x00000000
      91595.000 ns	      9158	80001cbc	f0060c53	fmv.w.x	f24,x12	 x12:0xff810000 f24=0xff810000
      91615.000 ns	      9160	80001cc0	01912433	slt	x8,x2,x25	  x2:0x00000001 x25:0x51f8bfc4  x8=0x00000001
      91635.000 ns	      9162	80001cc4	02fca3b3	mulhsu	x7,x25,x15	 x25:0x51f8bfc4 x15:0x027122d0  x7=0x00c82b71
      91655.000 ns	      9164	80001cc8	00245db3	srl	x27,x8,x2	  x8:0x00000000  x2:0x00000001 x27=0x00000000
      91675.000 ns	      9166	80001ccc	03a5ecb3	rem	x25,x11,x26	 x11:0x00000000 x26:0x00000000 x25=0x00000000
      91715.000 ns	      9170	80001cd0	5800a553	fsqrt.s	f10,f1	  f1:0x80000000 f10=0x80000000
      92085.000 ns	      9207	80001cd4	02d85ab3	divu	x21,x16,x13	 x16:0x80040fe4 x13:0x3f7fffff x21=0x00000002
      92115.000 ns	      9210	80001cd8	f0040d53	fmv.w.x	f26,x8	  x8:0x00000001 f26=0x00000001
      92145.000 ns	      9213	80001cdc	e0008653	fmv.x.w	x12,f1	  f1:0x80000000 x12=0x80000000
      92175.000 ns	      9216	80001ce0	f00b88d3	fmv.w.x	f17,x23	 x23:0xffffffff f17=0xffffffff
      92205.000 ns	      9219	80001ce4	c00e1a53	fcvt.w.s	x20,f28	 f28:0x7f800000 x20=0x7fffffff
      92235.000 ns	      9222	80001ce8	d01d4853	fcvt.s.wu	f16,x26	 x26:0x00000000 f16=0x00000000
      92265.000 ns	      9225	80001cec	f00c0ed3	fmv.w.x	f29,x24	 x24:0x00000000 f29=0x00000000
      92285.000 ns	      9227	80001cf0	006e74b3	and	x9,x28,x6	 x28:0xffffffff  x6:0x00000000  x9=0x00000000
      92305.000 ns	      9229	80001cf4	d0128c53	fcvt.s.wu	f24,x5	  x5:0x00000000 f24=0x00000000
      92335.000 ns	      9232	80001cf8	21b90dd3	fsgnj.s	f27,f18,f27	 f18:0x7f800000 f27:0x3f800000 f27=0x7f800000
      92355.000 ns	      9234	80001cfc	4163d293	srai	x5,x7,0x16	  x7:0x00c82b71  x5=0x00000003
      92365.000 ns	      9235	80001d00	00771b33	sll	x22,x14,x7	 x14:0x00118e19  x7:0x00c82b71 x22=0x1c320000
      92385.000 ns	      9237	80001d04	a1eda5d3	feq.s	x11,f27,f30	 f27:0x7f800000 f30:0xff800000 x11=0x00000000
      92415.000 ns	      9240	80001d08	21b726d3	fsgnjx.s	f13,f14,f27	 f14:0x7f800000 f27:0x7f800000 f13=0x7f800000
      92445.000 ns	      9243	80001d0c	281a83d3	fmin.s	f7,f21,f1	 f21:0x7fc00000  f1:0x80000000  f7=0x80000000
      92465.000 ns	      9245	80001d10	408e84b3	sub	x9,x29,x8	 x29:0x007f0000  x8:0x00000001  x9=0x007effff
      92485.000 ns	      9247	80001d14	d010b5d3	fcvt.s.wu	f11,x1	  x1:0xb5a31cb0 f11=0x4f35a31d
      92505.000 ns	      9249	80001d18	019fd313	srli	x6,x31,0x19	 x31:0xffffffff  x6=0x0000007f
      92525.000 ns	      9251	80001d1c	d003fad3	fcvt.s.w	f21,x7	  x7:0x00c82b71 f21=0x4b482b71
      92545.000 ns	      9253	80001d20	01282633	slt	x12,x16,x18	 x16:0x80040fe4 x18:0x00000000 x12=0x00000001
      92555.000 ns	      9254	80001d24	00b5d6b3	srl	x13,x11,x11	 x11:0x00000000 x11:0x00000000 x13=0x00000000
      92565.000 ns	      9255	80001d28	01cfbd33	sltu	x26,x31,x28	 x31:0xffffffff x28:0xffffffff x26=0x00000000
      92575.000 ns	      9256	80001d2c	006093b3	sll	x7,x1,x6	  x1:0xb5a31cb0  x6:0x0000007f  x7=0x00000000
      92585.000 ns	      9257	80001d30	785cc093	xori	x1,x25,1925	 x25:0x00000000  x1=0x00000785
      92625.000 ns	      9261	80001d34	014bf3d3	fadd.s	f7,f23,f20	 f23:0x7f800000 f20:0x00000001  f7=0x7f800000
      92645.000 ns	      9263	80001d38	00000013	addi	x0,x0,0	  x0:0x00000000
      92665.000 ns	      9265	80001d3c	e0058c53	fmv.x.w	x24,f11	 f11:0x4f35a31d x24=0x4f35a31d
      92695.000 ns	      9268	80001d40	2031a8d3	fsgnjx.s	f17,f3,f3	  f3:0x80000040  f3:0x80000040 f17=0x00000040
      92715.000 ns	      9270	80001d44	0192c1b3	xor	x3,x5,x25	  x5:0x00000003 x25:0x00000000  x3=0x00000003
      92735.000 ns	      9272	80001d48	281e00d3	fmin.s	f1,f28,f1	 f28:0x7f800000  f1:0x80000000  f1=0x80000000
      92775.000 ns	      9276	80001d4c	11960553	fmul.s	f10,f12,f25	 f12:0x4e7e0000 f25:0x00000000 f10=0x00000000
      92815.000 ns	      9280	80001d50	19b91453	fdiv.s	f8,f18,f27	 f18:0x7f800000 f27:0x7f800000  f8=0x7fc00000
      92845.000 ns	      9283	80001d54	a09a23d3	feq.s	x7,f20,f9	 f20:0x00000001  f9:0x80000000  x7=0x00000000
      92865.000 ns	      9285	80001d58	0065d1b3	srl	x3,x11,x6	 x11:0x00000000  x6:0x0000007f  x3=0x00000000
      92875.000 ns	      9286	80001d5c	3cb4a093	slti	x1,x9,971	  x9:0x007effff  x1=0x00000000
      92885.000 ns	      9287	80001d60	dcd3c437	lui	x8,0xdcd3c	  x8=0xdcd3c000
      92895.000 ns	      9288	80001d64	00000013	addi	x0,x0,0	  x0:0x00000000
      92905.000 ns	      9289	80001d68	410d5933	sra	x18,x26,x16	 x26:0x00000000 x16:0x80040fe4 x18=0x00000000
      92915.000 ns	      9290	80001d6c	01ad4033	xor	x0,x26,x26	 x26:0x00000000 x26:0x00000000
      92935.000 ns	      9292	80001d70	c01924d3	fcvt.wu.s	x9,f18	 f18:0x7f800000  x9=0xffffffff
      92955.000 ns	      9294	80001d74	00000013	addi	x0,x0,0	  x0:0x00000000
      92965.000 ns	      9295	80001d78	01948eb3	add	x29,x9,x25	  x9:0xffffffff x25:0x00000000 x29=0xffffffff
      92985.000 ns	      9297	80001d7c	283e8ad3	fmin.s	f21,f29,f3	 f29:0x00000000  f3:0x80000040 f21=0x80000040
      93015.000 ns	      9300	80001d80	d01291d3	fcvt.s.wu	f3,x5	  x5:0x00000003  f3=0x40400000
      93035.000 ns	      9302	80001d84	00185293	srli	x5,x16,0x1	 x16:0x80040fe4  x5=0x400207f2
      93055.000 ns	      9304	80001d88	0368b4b3	mulhu	x9,x17,x22	 x17:0x7ffbf01c x22:0x1c320000  x9=0x0e188d77
      93425.000 ns	      9341	80001d8c	026b7433	remu	x8,x22,x6	 x22:0x1c320000  x6:0x0000007f  x8=0x0000002b
      93455.000 ns	      9344	80001d90	02da6733	rem	x14,x20,x13	 x20:0x7fffffff x13:0x00000000 x14=0x7fffffff
      93485.000 ns	      9347	80001d94	c0167ad3	fcvt.wu.s	x21,f12	 f12:0x4e7e0000 x21=0x3f800000
      93515.000 ns	      9350	80001d98	034f06b3	mul	x13,x30,x20	 x30:0x00000000 x20:0x7fffffff x13=0x00000000
      93535.000 ns	      9352	80001d9c	0128b733	sltu	x14,x17,x18	 x17:0x7ffbf01c x18:0x00000000 x14=0x00000000
      93555.000 ns	      9354	80001da0	03d63eb3	mulhu	x29,x12,x29	 x12:0x00000001 x29:0xffffffff x29=0x00000000
      93585.000 ns	      9357	80001da4	214682d3	fsgnj.s	f5,f13,f20	 f13:0x7f800000 f20:0x00000001  f5=0x7f800000
      93605.000 ns	      9359	80001da8	8440f913	andi	x18,x1,-1980	  x1:0x00000000 x18=0x00000000
      93615.000 ns	      9360	80001dac	01cc03b3	add	x7,x24,x28	 x24:0x4f35a31d x28:0xffffffff  x7=0x4f35a31c
      93625.000 ns	      9361	80001db0	066df693	andi	x13,x27,102	 x27:0x00000000 x13=0x00000000
      93635.000 ns	      9362	80001db4	eeb30d13	addi	x26,x6,-277	  x6:0x0000007f x26=0xffffff6a
      93655.000 ns	      9364	80001db8	03b74133	div	x2,x14,x27	 x14:0x00000000 x27:0x00000000  x2=0xffffffff
      93675.000 ns	      9366	80001dbc	0196d313	srli	x6,x13,0x19	 x13:0x00000000  x6=0x00000000
      93685.000 ns	      9367	80001dc0	008a1cb3	sll	x25,x20,x8	 x20:0x7fffffff  x8:0x0000002b x25=0xfffff800
      93705.000 ns	      9369	80001dc4	a1828cd3	fle.s	x25,f5,f24	  f5:0x7f800000 f24:0x00000000 x25=0x00000000
      93735.000 ns	      9372	80001dc8	e00583d3	fmv.x.w	x7,f11	 f11:0x4f35a31d  x7=0x4f35a31d
      93765.000 ns	      9375	80001dcc	c01574d3	fcvt.wu.s	x9,f10	 f10:0x00000000  x9=0x00000000
      93795.000 ns	      9378	80001dd0	a0ef2953	feq.s	x18,f30,f14	 f30:0xff800000 f14:0x7f800000 x18=0x00000000
      93815.000 ns	      9380	80001dd4	00000013	addi	x0,x0,0	  x0:0x00000000
      94175.000 ns	      9416	80001dd8	0283eb33	rem	x22,x7,x8	  x7:0x4f35a31d  x8:0x0000002b x22=0x0000000e
      94215.000 ns	      9420	80001ddc	580737d3	fsqrt.s	f15,f14	 f14:0x7f800000 f15=0x7f800000
      94245.000 ns	      9423	80001de0	c01e7cd3	fcvt.wu.s	x25,f28	 f28:0x7f800000 x25=0xffffffff
      94275.000 ns	      9426	80001de4	03332533	mulhsu	x10,x6,x19	  x6:0x00000000 x19:0x80041024 x10=0x00000000
      94295.000 ns	      9428	80001de8	00000013	addi	x0,x0,0	  x0:0x00000000
      94315.000 ns	      9430	80001dec	a139afd3	feq.s	x31,f19,f19	 f19:0xcea366e0 f19:0xcea366e0 x31=0x00000001
      94345.000 ns	      9433	80001df0	20222f53	fsgnjx.s	f30,f4,f2	  f4:0x7f800000  f2:0x7f800000 f30=0x7f800000
      94365.000 ns	      9435	80001df4	4024d093	srai	x1,x9,0x2	  x9:0x00000000  x1=0x00000000
      95355.000 ns	      9534	80001df8	58059353	fsqrt.s	f6,f11	 f11:0x4f35a31d  f6=0x47006fb9
      95375.000 ns	      9536	80001dfc	8bfc3e13	sltiu	x28,x24,-1857	 x24:0x4f35a31d x28=0x00000001
      95395.000 ns	      9538	80001e00	02d54b33	div	x22,x10,x13	 x10:0x00000000 x13:0x00000000 x22=0xffffffff
      95425.000 ns	      9541	80001e04	f00b86d3	fmv.w.x	f13,x23	 x23:0xffffffff f13=0xffffffff
      95455.000 ns	      9544	80001e08	032078b3	remu	x17,x0,x18	  x0:0x00000000 x18:0x00000000 x17=0x00000000
      95475.000 ns	      9546	80001e0c	b9dec613	xori	x12,x29,-1123	 x29:0x00000000 x12=0xfffffb9d
      95505.000 ns	      9549	80001e10	11637ad3	fmul.s	f21,f6,f22	  f6:0x47006fb9 f22:0x00000000 f21=0x00000000
      95535.000 ns	      9552	80001e14	d01df2d3	fcvt.s.wu	f5,x27	 x27:0x00000000  f5=0x00000000
      95555.000 ns	      9554	80001e18	45b9b613	sltiu	x12,x19,1115	 x19:0x80041024 x12=0x00000000
      95575.000 ns	      9556	80001e1c	a0431753	flt.s	x14,f6,f4	  f6:0x47006fb9  f4:0x7f800000 x14=0x00000001
      95605.000 ns	      9559	80001e20	e0009cd3	fclass.s	x25,f1	  f1:0x80000000 x25=0x00000008
      95635.000 ns	      9562	80001e24	a1e98553	fle.s	x10,f19,f30	 f19:0xcea366e0 f30:0x7f800000 x10=0x00000001
      95655.000 ns	      9564	80001e28	410ed033	sra	x0,x29,x16	 x29:0x00000000 x16:0x80040fe4
      96015.000 ns	      9600	80001e2c	0386e433	rem	x8,x13,x24	 x13:0x00000000 x24:0x4f35a31d  x8=0x00000000
      96035.000 ns	      9602	80001e30	0003a033	slt	x0,x7,x0	  x7:0x4f35a31d  x0:0x00000000
      96055.000 ns	      9604	80001e34	a14111d3	flt.s	x3,f2,f20	  f2:0x7f800000 f20:0x00000001  x3=0x00000000
      96105.000 ns	      9609	80001e38	09c27d53	fsub.s	f26,f4,f28	  f4:0x7f800000 f28:0x7f800000 f26=0x80000000
      96135.000 ns	      9612	80001e3c	f00287d3	fmv.w.x	f15,x5	  x5:0x400207f2 f15=0x400207f2
      96505.000 ns	      9649	80001e40	025cc933	div	x18,x25,x5	 x25:0x00000008  x5:0x400207f2 x18=0x00000000
      96545.000 ns	      9653	80001e44	11e575d3	fmul.s	f11,f10,f30	 f10:0x00000000 f30:0x7f800000 f11=0x7fc00000
      96575.000 ns	      9656	80001e48	a0311b53	flt.s	x22,f2,f3	  f2:0x7f800000  f3:0x40400000 x22=0x00000000
      96605.000 ns	      9659	80001e4c	02db7c33	remu	x24,x22,x13	 x22:0xffffffff x13:0x00000000 x24=0x00000000
      96625.000 ns	      9661	80001e50	31928093	addi	x1,x5,793	  x5:0x400207f2  x1=0x40020b0b
      96635.000 ns	      9662	80001e54	0181e633	or	x12,x3,x24	  x3:0x00000000 x24:0x00000000 x12=0x00000000
      96645.000 ns	      9663	80001e58	409b0c33	sub	x24,x22,x9	 x22:0x00000000  x9:0x00000000 x24=0x00000000
      96665.000 ns	      9665	80001e5c	21681253	fsgnjn.s	f4,f16,f22	 f16:0x00000000 f22:0x00000000  f4=0x80000000
      97845.000 ns	      9783	80001e60	580a70d3	fsqrt.s	f1,f20	 f20:0x00000001  f1=0x1f350483
      97885.000 ns	      9787	80001e64	580b9c53	fsqrt.s	f24,f23	 f23:0x7f800000 f24=0x7f800000
      97915.000 ns	      9790	80001e68	209b94d3	fsgnjn.s	f9,f23,f9	 f23:0x7f800000  f9:0x80000000  f9=0x7f800000
      97945.000 ns	      9793	80001e6c	291706d3	fmin.s	f13,f14,f17	 f14:0x7f800000 f17:0x00000040 f13=0x00000040
      97975.000 ns	      9796	80001e70	03617c33	remu	x24,x2,x22	  x2:0xffffffff x22:0x00000000 x24=0xffffffff
      98005.000 ns	      9799	80001e74	e00a12d3	fclass.s	x5,f20	 f20:0x00000001  x5=0x00000020
      98025.000 ns	      9801	80001e78	03a37417	auipc	x8,0x3a37	  x8=0x83a38e78
      98045.000 ns	      9803	80001e7c	214a94d3	fsgnjn.s	f9,f21,f20	 f21:0x00000000 f20:0x00000001  f9=0x80000000
      98075.000 ns	      9806	80001e80	a1251cd3	flt.s	x25,f10,f18	 f10:0x00000000 f18:0x7f800000 x25=0x00000001
      98105.000 ns	      9809	80001e84	02142ab3	mulhsu	x21,x8,x1	  x8:0x83a38e78  x1:0x40020b0b x21=0xe0e7e587
      98125.000 ns	      9811	80001e88	e6194913	xori	x18,x18,-415	 x18:0x00000000 x18=0xfffffe61
      98145.000 ns	      9813	80001e8c	20571853	fsgnjn.s	f16,f14,f5	 f14:0x7f800000  f5:0x00000000 f16=0xff800000
      98165.000 ns	      9815	80001e90	f9b3fd13	andi	x26,x7,-101	  x7:0x4f35a31d x26=0x4f35a319
      98185.000 ns	      9817	80001e94	e0071c53	fclass.s	x24,f14	 f14:0x7f800000 x24=0x00000080
      98215.000 ns	      9820	80001e98	d0157dd3	fcvt.s.wu	f27,x10	 x10:0x00000001 f27=0x3f800000
      98245.000 ns	      9823	80001e9c	a17505d3	fle.s	x11,f10,f23	 f10:0x00000000 f23:0x7f800000 x11=0x00000001
      98265.000 ns	      9825	80001ea0	01c5fd33	and	x26,x11,x28	 x11:0x00000000 x28:0x00000001 x26=0x00000001
      98285.000 ns	      9827	80001ea4	206faed3	fsgnjx.s	f29,f31,f6	 f31:0x1f350483  f6:0x47006fb9 f29=0x1f350483
      98335.000 ns	      9832	80001ea8	08787253	fsub.s	f4,f16,f7	 f16:0xff800000  f7:0x7f800000  f4=0x80000000
      98355.000 ns	      9834	80001eac	053f4d93	xori	x27,x30,83	 x30:0x00000000 x27=0x00000053
      98365.000 ns	      9835	80001eb0	00000013	addi	x0,x0,0	  x0:0x00000000
      98385.000 ns	      9837	80001eb4	c00affd3	fcvt.w.s	x31,f21	 f21:0x00000000 x31=0x00000000
      98415.000 ns	      9840	80001eb8	213f85d3	fsgnj.s	f11,f31,f19	 f31:0x1f350483 f19:0xcea366e0 f11=0x9f350483
      98785.000 ns	      9877	80001ebc	02b3c2b3	div	x5,x7,x11	  x7:0x4f35a31d x11:0x00000001  x5=0x4f35a31d
      98815.000 ns	      9880	80001ec0	d0048053	fcvt.s.w	f0,x9	  x9:0x00000000  f0=0x00000000
      98835.000 ns	      9882	80001ec4	01ce54b3	srl	x9,x28,x28	 x28:0x00000001 x28:0x00000001  x9=0x00000000
      98845.000 ns	      9883	80001ec8	f5e09f17	auipc	x30,0xf5e09	 x30=0x75e0aec8
      98865.000 ns	      9885	80001ecc	a0e8a7d3	feq.s	x15,f17,f14	 f17:0x00000040 f14:0x7f800000 x15=0x00000000
      98885.000 ns	      9887	80001ed0	01b65133	srl	x2,x12,x27	 x12:0x00000000 x27:0x00000053  x2=0x00000000
     100055.000 ns	     10004	80001ed4	5807bb53	fsqrt.s	f22,f15	 f15:0x400207f2 f22=0x3f37e3cc
     100075.000 ns	     10006	80001ed8	31a5fa13	andi	x20,x11,794	 x11:0x00000001 x20=0x00000000
     100095.000 ns	     10008	80001edc	a0950953	fle.s	x18,f10,f9	 f10:0x00000000  f9:0x80000000 x18=0x00000001
     100125.000 ns	     10011	80001ee0	d002fbd3	fcvt.s.w	f23,x5	  x5:0x4f35a31d f23=0x4e9e6b46
     100495.000 ns	     10048	80001ee4	03867933	remu	x18,x12,x24	 x12:0x00000000 x24:0x00000080 x18=0x00000000
     100525.000 ns	     10051	80001ee8	28860bd3	fmin.s	f23,f12,f8	 f12:0x4e7e0000  f8:0x7fc00000 f23=0x4e7e0000
     100555.000 ns	     10054	80001eec	03f143b3	div	x7,x2,x31	  x2:0x00000000 x31:0x00000000  x7=0xffffffff
     100575.000 ns	     10056	80001ef0	006c5cb3	srl	x25,x24,x6	 x24:0x00000080  x6:0x00000000 x25=0x00000080
     100585.000 ns	     10057	80001ef4	00975e13	srli	x28,x14,0x9	 x14:0x00000001 x28=0x00000000
     100595.000 ns	     10058	80001ef8	013f0eb3	add	x29,x30,x19	 x30:0x75e0aec8 x19:0x80041024 x29=0xf5e4beec
     100605.000 ns	     10059	80001efc	005bb1b3	sltu	x3,x23,x5	 x23:0xffffffff  x5:0x4f35a31d  x3=0x00000000
     100625.000 ns	     10061	80001f00	0263fb33	remu	x22,x7,x6	  x7:0xffffffff  x6:0x00000000 x22=0xffffffff
     100655.000 ns	     10064	80001f04	f00d8653	fmv.w.x	f12,x27	 x27:0x00000053 f12=0x00000053
     100685.000 ns	     10067	80001f08	0300ad33	mulhsu	x26,x1,x16	  x1:0x40020b0b x16:0x80040fe4 x26=0x20020986
     100705.000 ns	     10069	80001f0c	00b7a6b3	slt	x13,x15,x11	 x15:0x00000000 x11:0x00000001 x13=0x00000001
     100725.000 ns	     10071	80001f10	a1e125d3	feq.s	x11,f2,f30	  f2:0x7f800000 f30:0x7f800000 x11=0x00000001
     100745.000 ns	     10073	80001f14	a6dd7e13	andi	x28,x26,-1427	 x26:0x20020986 x28=0x20020804
     100765.000 ns	     10075	80001f18	c0031b53	fcvt.w.s	x22,f6	  f6:0x47006fb9 x22=0x0000806f
     100785.000 ns	     10077	80001f1c	edbb3393	sltiu	x7,x22,-293	 x22:0xffffffff  x7=0x00000001
     100795.000 ns	     10078	80001f20	00d668b3	or	x17,x12,x13	 x12:0x00000000 x13:0x00000001 x17=0x00000001
     101155.000 ns	     10114	80001f24	03dcc433	div	x8,x25,x29	 x25:0x00000080 x29:0xf5e4beec  x8=0x00000000
     101175.000 ns	     10116	80001f28	0b015897	auipc	x17,0xb015	 x17=0x8b016f28
     101185.000 ns	     10117	80001f2c	00e05633	srl	x12,x0,x14	  x0:0x00000000 x14:0x00000001 x12=0x00000000
     101205.000 ns	     10119	80001f30	d0054053	fcvt.s.w	f0,x10	 x10:0x00000001  f0=0x3f800000
     101245.000 ns	     10123	80001f34	10690b53	fmul.s	f22,f18,f6	 f18:0x7f800000  f6:0x47006fb9 f22=0x7f800000
     101265.000 ns	     10125	80001f38	41afd693	srai	x13,x31,0x1a	 x31:0x00000000 x13=0x00000000
     101275.000 ns	     10126	80001f3c	00538ab3	add	x21,x7,x5	  x7:0x00000001  x5:0x4f35a31d x21=0x4f35a31e
     101285.000 ns	     10127	80001f40	be0d8197	auipc	x3,0xbe0d8	  x3=0x3e0d9f40
     101295.000 ns	     10128	80001f44	4063d133	sra	x2,x7,x6	  x7:0x00000001  x6:0x00000000  x2=0x00000001
     101335.000 ns	     10132	80001f48	086df0d3	fsub.s	f1,f27,f6	 f27:0x3f800000  f6:0x47006fb9  f1=0xc7006eb9
     101365.000 ns	     10135	80001f4c	02ff76b3	remu	x13,x30,x15	 x30:0x75e0aec8 x15:0x00000000 x13=0x75e0aec8
     101395.000 ns	     10138	80001f50	c01b3f53	fcvt.wu.s	x30,f22	 f22:0x7f800000 x30=0xffffffff
     101415.000 ns	     10140	80001f54	41538bb3	sub	x23,x7,x21	  x7:0x00000001 x21:0x4f35a31e x23=0xb0ca5ce3
     101425.000 ns	     10141	80001f58	15259617	auipc	x12,0x15259	 x12=0x9525af58
     102595.000 ns	     10258	80001f5c	5801a8d3	fsqrt.s	f17,f3	  f3:0x40400000 f17=0x3f87c3ac
     102625.000 ns	     10261	80001f60	d0141fd3	fcvt.s.wu	f31,x8	  x8:0x00000000 f31=0x00000000
     102655.000 ns	     10264	80001f64	02e70ab3	mul	x21,x14,x14	 x14:0x00000001 x14:0x00000001 x21=0x00000001
     102685.000 ns	     10267	80001f68	c01af153	fcvt.wu.s	x2,f21	 f21:0x00000000  x2=0x00000000
     102715.000 ns	     10270	80001f6c	21982353	fsgnjx.s	f6,f16,f25	 f16:0xff800000 f25:0x00000000  f6=0xff800000
     102745.000 ns	     10273	80001f70	e00d0153	fmv.x.w	x2,f26	 f26:0x80000000  x2=0x80000000
     102765.000 ns	     10275	80001f74	590c0e13	addi	x28,x24,1424	 x24:0x00000080 x28=0x00000610
     102775.000 ns	     10276	80001f78	01f5ab33	slt	x22,x11,x31	 x11:0x00000001 x31:0x00000000 x22=0x00000000
     102785.000 ns	     10277	80001f7c	01412d33	slt	x26,x2,x20	  x2:0x80000000 x20:0x00000000 x26=0x00000001
     102795.000 ns	     10278	80001f80	40fd0cb3	sub	x25,x26,x15	 x26:0x20020986 x15:0x00000000 x25=0x00000001
     102815.000 ns	     10280	80001f84	e00613d3	fclass.s	x7,f12	 f12:0x00000053  x7=0x00000020
     102835.000 ns	     10282	80001f88	41375613	srai	x12,x14,0x13	 x14:0x00000001 x12=0x00000000
     103195.000 ns	     10318	80001f8c	03e06533	rem	x10,x0,x30	  x0:0x00000000 x30:0xffffffff x10=0x00000000
     103215.000 ns	     10320	80001f90	7d052613	slti	x12,x10,2000	 x10:0x00000001 x12=0x00000001
     103575.000 ns	     10356	80001f94	03996cb3	rem	x25,x18,x25	 x18:0x00000000 x25:0x00000001 x25=0x00000000
     103605.000 ns	     10359	80001f98	a05496d3	flt.s	x13,f9,f5	  f9:0x80000000  f5:0x00000000 x13=0x00000000
     103625.000 ns	     10361	80001f9c	41e38733	sub	x14,x7,x30	  x7:0x00000020 x30:0xffffffff x14=0x00000021
     103645.000 ns	     10363	80001fa0	e00705d3	fmv.x.w	x11,f14	 f14:0x7f800000 x11=0x7f800000
     103665.000 ns	     10365	80001fa4	161f3913	sltiu	x18,x30,353	 x30:0xffffffff x18=0x00000000
     103685.000 ns	     10367	80001fa8	038e1333	mulh	x6,x28,x24	 x28:0x00000610 x24:0x00000080  x6=0x00000000
     103715.000 ns	     10370	80001fac	d01fafd3	fcvt.s.wu	f31,x31	 x31:0x00000000 f31=0x00000000
     104085.000 ns	     10407	80001fb0	0252f1b3	remu	x3,x5,x5	  x5:0x4f35a31d  x5:0x4f35a31d  x3=0x00000000
     104455.000 ns	     10444	80001fb4	027eebb3	rem	x23,x29,x7	 x29:0xf5e4beec  x7:0x00000020 x23=0xffffffec
     104475.000 ns	     10446	80001fb8	dd6f6e93	ori	x29,x30,-554	 x30:0xffffffff x29=0xffffffff
     104495.000 ns	     10448	80001fbc	036997b3	mulh	x15,x19,x22	 x19:0x80041024 x22:0x00000000 x15=0x00000000
     104525.000 ns	     10451	80001fc0	020057b3	divu	x15,x0,x0	  x0:0x00000000  x0:0x00000000 x15=0xffffffff
     104545.000 ns	     10453	80001fc4	01918d93	addi	x27,x3,25	  x3:0x00000000 x27=0x00000019
     104555.000 ns	     10454	80001fc8	9c2e3c93	sltiu	x25,x28,-1598	 x28:0x00000610 x25=0x00000001
     104575.000 ns	     10456	80001fcc	021ca5b3	mulhsu	x11,x25,x1	 x25:0x00000000  x1:0x40020b0b x11=0x00000000
     104605.000 ns	     10459	80001fd0	03533b33	mulhu	x22,x6,x21	  x6:0x00000000 x21:0x00000001 x22=0x00000000
     104635.000 ns	     10462	80001fd4	024efd33	remu	x26,x29,x4	 x29:0xffffffff  x4:0x00000000 x26=0xffffffff
     104655.000 ns	     10464	80001fd8	00aaa633	slt	x12,x21,x10	 x21:0x00000001 x10:0x00000000 x12=0x00000000
     104675.000 ns	     10466	80001fdc	03fe4733	div	x14,x28,x31	 x28:0x00000610 x31:0x00000000 x14=0xffffffff
     104715.000 ns	     10470	80001fe0	19077c53	fdiv.s	f24,f14,f16	 f14:0x7f800000 f16:0xff800000 f24=0x7fc00000
     104745.000 ns	     10473	80001fe4	206e19d3	fsgnjn.s	f19,f28,f6	 f28:0x7f800000  f6:0xff800000 f19=0x7f800000
     104775.000 ns	     10476	80001fe8	d00da653	fcvt.s.w	f12,x27	 x27:0x00000019 f12=0x41c80000
     105145.000 ns	     10513	80001fec	025ecc33	div	x24,x29,x5	 x29:0xffffffff  x5:0x4f35a31d x24=0x00000000
     105175.000 ns	     10516	80001ff0	02a6d7b3	divu	x15,x13,x10	 x13:0x00000000 x10:0x00000000 x15=0xffffffff
     105205.000 ns	     10519	80001ff4	02923933	mulhu	x18,x4,x9	  x4:0x00000000  x9:0x00000000 x18=0x00000000
     105235.000 ns	     10522	80001ff8	29281fd3	fmax.s	f31,f16,f18	 f16:0xff800000 f18:0x7f800000 f31=0x7f800000
     105265.000 ns	     10525	80001ffc	21362353	fsgnjx.s	f6,f12,f19	 f12:0x41c80000 f19:0x7f800000  f6=0x41c80000
     105295.000 ns	     10528	80002000	02cbddb3	divu	x27,x23,x12	 x23:0xffffffec x12:0x00000000 x27=0xffffffff
     105315.000 ns	     10530	80002004	eecc6e93	ori	x29,x24,-276	 x24:0x00000000 x29=0xfffffeec
     105325.000 ns	     10531	80002008	91d20d13	addi	x26,x4,-1763	  x4:0x00000000 x26=0xfffff91d
     105685.000 ns	     10567	8000200c	0228deb3	divu	x29,x17,x2	 x17:0x8b016f28  x2:0x80000000 x29=0x00000001
     105715.000 ns	     10570	80002010	03d88c33	mul	x24,x17,x29	 x17:0x8b016f28 x29:0xfffffeec x24=0x8b016f28
     105745.000 ns	     10573	80002014	e00201d3	fmv.x.w	x3,f4	  f4:0x80000000  x3=0x80000000
     105775.000 ns	     10576	80002018	03d98933	mul	x18,x19,x29	 x19:0x80041024 x29:0x00000001 x18=0x80041024
     105795.000 ns	     10578	8000201c	013c2033	slt	x0,x24,x19	 x24:0x8b016f28 x19:0x80041024
     105815.000 ns	     10580	80002020	0205c533	div	x10,x11,x0	 x11:0x00000000  x0:0x00000000 x10=0xffffffff
     105845.000 ns	     10583	80002024	217b12d3	fsgnjn.s	f5,f22,f23	 f22:0x7f800000 f23:0x4e7e0000  f5=0xff800000
     105875.000 ns	     10586	80002028	025e95b3	mulh	x11,x29,x5	 x29:0x00000001  x5:0x4f35a31d x11=0x00000000
     105905.000 ns	     10589	8000202c	d01b7153	fcvt.s.wu	f2,x22	 x22:0x00000000  f2=0x00000000
     105935.000 ns	     10592	80002030	21cc19d3	fsgnjn.s	f19,f24,f28	 f24:0x7fc00000 f28:0x7f800000 f19=0xffc00000
     105965.000 ns	     10595	80002034	a1cf8d53	fle.s	x26,f31,f28	 f31:0x7f800000 f28:0x7f800000 x26=0x00000001
     105985.000 ns	     10597	80002038	40e15b13	srai	x22,x2,0xe	  x2:0x80000000 x22=0xfffe0000
     105995.000 ns	     10598	8000203c	ebdbc713	xori	x14,x23,-323	 x23:0xffffffec x14=0x00000151
     106325.000 ns	     10631	80002040	1800a8d3	fdiv.s	f17,f1,f0	  f1:0xc7006eb9  f0:0x3f800000 f17=0xc7006e55
     107505.000 ns	     10749	80002044	580bfb53	fsqrt.s	f22,f23	 f23:0x4e7e0000 f22=0x46b39a7b
     107525.000 ns	     10751	80002048	40c08a33	sub	x20,x1,x12	  x1:0x40020b0b x12:0x00000000 x20=0x40020b0b
     107535.000 ns	     10752	8000204c	40aa56b3	sra	x13,x20,x10	 x20:0x00000000 x10:0xffffffff x13=0x00000000
     107555.000 ns	     10754	80002050	c003a7d3	fcvt.w.s	x15,f7	  f7:0x7f800000 x15=0x7fffffff
     107575.000 ns	     10756	80002054	011094b3	sll	x9,x1,x17	  x1:0x40020b0b x17:0x8b016f28  x9=0x020b0b00
     107585.000 ns	     10757	80002058	a6d7ff97	auipc	x31,0xa6d7f	 x31=0x26d81058
     107605.000 ns	     10759	8000205c	02d82933	mulhsu	x18,x16,x13	 x16:0x80040fe4 x13:0x00000000 x18=0x00000000
     107635.000 ns	     10762	80002060	20e3abd3	fsgnjx.s	f23,f7,f14	  f7:0x7f800000 f14:0x7f800000 f23=0x7f800000
     108005.000 ns	     10799	80002064	023fcf33	div	x30,x31,x3	 x31:0x26d81058  x3:0x80000000 x30=0x00000000
     108035.000 ns	     10802	80002068	a0ca9353	flt.s	x6,f21,f12	 f21:0x00000000 f12:0x41c80000  x6=0x00000001
     108055.000 ns	     10804	8000206c	b75a7717	auipc	x14,0xb75a7	 x14=0x375a906c
     108065.000 ns	     10805	80002070	4d66a393	slti	x7,x13,1238	 x13:0x00000000  x7=0x00000001
     108075.000 ns	     10806	80002074	574b8e93	addi	x29,x23,1396	 x23:0xffffffec x29=0x00000560
     108095.000 ns	     10808	80002078	023f2433	mulhsu	x8,x30,x3	 x30:0x00000000  x3:0x80000000  x8=0x00000000
     108125.000 ns	     10811	8000207c	200c9f53	fsgnjn.s	f30,f25,f0	 f25:0x00000000  f0:0x3f800000 f30=0x80000000
     108495.000 ns	     10848	80002080	025a4ab3	div	x21,x20,x5	 x20:0x40020b0b  x5:0x4f35a31d x21=0x00000000
     108525.000 ns	     10851	80002084	20592ad3	fsgnjx.s	f21,f18,f5	 f18:0x7f800000  f5:0xff800000 f21=0xff800000
     108545.000 ns	     10853	80002088	00000013	addi	x0,x0,0	  x0:0x00000000
     108565.000 ns	     10855	8000208c	28778553	fmin.s	f10,f15,f7	 f15:0x400207f2  f7:0x7f800000 f10=0x400207f2
     108595.000 ns	     10858	80002090	02b98bb3	mul	x23,x19,x11	 x19:0x80041024 x11:0x00000000 x23=0x00000000
     108615.000 ns	     10860	80002094	40e5d533	sra	x10,x11,x14	 x11:0x00000000 x14:0x375a906c x10=0x00000000
     108635.000 ns	     10862	80002098	21021f53	fsgnjn.s	f30,f4,f16	  f4:0x80000000 f16:0xff800000 f30=0x00000000
     108665.000 ns	     10865	8000209c	21a289d3	fsgnj.s	f19,f5,f26	  f5:0xff800000 f26:0x80000000 f19=0xff800000
     108695.000 ns	     10868	800020a0	a17021d3	feq.s	x3,f0,f23	  f0:0x3f800000 f23:0x7f800000  x3=0x00000000
     108725.000 ns	     10871	800020a4	d01880d3	fcvt.s.wu	f1,x17	 x17:0x8b016f28  f1=0x4f0b016f
     108775.000 ns	     10876	800020a8	00b517d3	fadd.s	f15,f10,f11	 f10:0x400207f2 f11:0x9f350483 f15=0x400207f2
     108795.000 ns	     10878	800020ac	e82ebe13	sltiu	x28,x29,-382	 x29:0x00000560 x28=0x00000001
     108815.000 ns	     10880	800020b0	02079633	mulh	x12,x15,x0	 x15:0x7fffffff  x0:0x00000000 x12=0x00000000
     108845.000 ns	     10883	800020b4	e00792d3	fclass.s	x5,f15	 f15:0x400207f2  x5=0x00000040
     108875.000 ns	     10886	800020b8	20a31153	fsgnjn.s	f2,f6,f10	  f6:0x41c80000 f10:0x400207f2  f2=0xc1c80000
     108895.000 ns	     10888	800020bc	012ad2b3	srl	x5,x21,x18	 x21:0x00000000 x18:0x00000000  x5=0x00000000
     108915.000 ns	     10890	800020c0	03ba2f33	mulhsu	x30,x20,x27	 x20:0x40020b0b x27:0xffffffff x30=0x40020b0a
     108945.000 ns	     10893	800020c4	29ba01d3	fmin.s	f3,f20,f27	 f20:0x00000001 f27:0x3f800000  f3=0x00000001
     109315.000 ns	     10930	800020c8	0304f3b3	remu	x7,x9,x16	  x9:0x020b0b00 x16:0x80040fe4  x7=0x020b0b00
     109335.000 ns	     10932	800020cc	28384137	lui	x2,0x28384	  x2=0x28384000
     109355.000 ns	     10934	800020d0	03d6a5b3	mulhsu	x11,x13,x29	 x13:0x00000000 x29:0x00000560 x11=0x00000000
     109385.000 ns	     10937	800020d4	f00303d3	fmv.w.x	f7,x6	  x6:0x00000001  f7=0x00000001
     109405.000 ns	     10939	800020d8	0010f3b3	and	x7,x1,x1	  x1:0x40020b0b  x1:0x40020b0b  x7=0x40020b0b
     109425.000 ns	     10941	800020dc	a0ada0d3	feq.s	x1,f27,f10	 f27:0x3f800000 f10:0x400207f2  x1=0x00000000
     109445.000 ns	     10943	800020e0	0181bc33	sltu	x24,x3,x24	  x3:0x00000000 x24:0x8b016f28 x24=0x00000001
     109455.000 ns	     10944	800020e4	016cb1b3	sltu	x3,x25,x22	 x25:0x00000001 x22:0xfffe0000  x3=0x00000001
     109475.000 ns	     10946	800020e8	c00f7353	fcvt.w.s	x6,f30	 f30:0x00000000  x6=0x00000000
     109495.000 ns	     10948	800020ec	01c29693	slli	x13,x5,0x1c	  x5:0x00000000 x13=0x00000000
     109855.000 ns	     10984	800020f0	029b4eb3	div	x29,x22,x9	 x22:0xfffe0000  x9:0x020b0b00 x29=0x00000000
     109885.000 ns	     10987	800020f4	02cb06b3	mul	x13,x22,x12	 x22:0xfffe0000 x12:0x00000000 x13=0x00000000
     109915.000 ns	     10990	800020f8	28fb0dd3	fmin.s	f27,f22,f15	 f22:0x46b39a7b f15:0x400207f2 f27=0x400207f2
     109945.000 ns	     10993	800020fc	20508e53	fsgnj.s	f28,f1,f5	  f1:0x4f0b016f  f5:0xff800000 f28=0xcf0b016f
     109975.000 ns	     10996	80002100	e00b9b53	fclass.s	x22,f23	 f23:0x7f800000 x22=0x00000080
     109995.000 ns	     10998	80002104	a244cf37	lui	x30,0xa244c	 x30=0xa244c000
     110005.000 ns	     10999	80002108	01f02c33	slt	x24,x0,x31	  x0:0x00000000 x31:0x26d81058 x24=0x00000001
     110025.000 ns	     11001	8000210c	a0e90153	fle.s	x2,f18,f14	 f18:0x7f800000 f14:0x7f800000  x2=0x00000001
     110055.000 ns	     11004	80002110	c0113d53	fcvt.wu.s	x26,f2	  f2:0xc1c80000 x26=0x00000019
     110075.000 ns	     11006	80002114	02bce097	auipc	x1,0x2bce	  x1=0x82bd0114
     111245.000 ns	     11123	80002118	580a38d3	fsqrt.s	f17,f20	 f20:0x00000001 f17=0x1f350483
     111265.000 ns	     11125	8000211c	76c2f713	andi	x14,x5,1900	  x5:0x00000000 x14=0x00000000
     111275.000 ns	     11126	80002120	00c421b3	slt	x3,x8,x12	  x8:0x00000000 x12:0x00000000  x3=0x00000000
     111295.000 ns	     11128	80002124	02d40db3	mul	x27,x8,x13	  x8:0x00000000 x13:0x00000000 x27=0x00000000
     111325.000 ns	     11131	80002128	c01338d3	fcvt.wu.s	x17,f6	  f6:0x41c80000 x17=0x00000019
     111345.000 ns	     11133	8000212c	00715933	srl	x18,x2,x7	  x2:0x00000001  x7:0x40020b0b x18=0x00000000
     111385.000 ns	     11137	80002130	098eb5d3	fsub.s	f11,f29,f24	 f29:0x1f350483 f24:0x7fc00000 f11=0x7fc00000
     111415.000 ns	     11140	80002134	d002f2d3	fcvt.s.w	f5,x5	  x5:0x00000000  f5=0x00000000
     111445.000 ns	     11143	80002138	e0091553	fclass.s	x10,f18	 f18:0x7f800000 x10=0x00000080
     111465.000 ns	     11145	8000213c	00a4f2b3	and	x5,x9,x10	  x9:0x020b0b00 x10:0x00000000  x5=0x00000000
     111505.000 ns	     11149	80002140	01861353	fadd.s	f6,f12,f24	 f12:0x41c80000 f24:0x7fc00000  f6=0x7fc00000
     111525.000 ns	     11151	80002144	40635a33	sra	x20,x6,x6	  x6:0x00000000  x6:0x00000000 x20=0x00000000
     111535.000 ns	     11152	80002148	00b84933	xor	x18,x16,x11	 x16:0x80040fe4 x11:0x00000000 x18=0x80040fe4
     111575.000 ns	     11156	8000214c	08637fd3	fsub.s	f31,f6,f6	  f6:0x7fc00000  f6:0x7fc00000 f31=0x7fc00000
     111595.000 ns	     11158	80002150	00988c33	add	x24,x17,x9	 x17:0x00000019  x9:0x020b0b00 x24=0x020b0b19
     112765.000 ns	     11275	80002154	58019253	fsqrt.s	f4,f3	  f3:0x00000001  f4=0x1f350483
     112785.000 ns	     11277	80002158	67b2e897	auipc	x17,0x67b2e	 x17=0xe7b30158
     113145.000 ns	     11313	8000215c	02f66533	rem	x10,x12,x15	 x12:0x00000000 x15:0x7fffffff x10=0x00000000
     113165.000 ns	     11315	80002160	e2667f17	auipc	x30,0xe2667	 x30=0x62669160
     113175.000 ns	     11316	80002164	012e0eb3	add	x29,x28,x18	 x28:0x00000001 x18:0x80040fe4 x29=0x80040fe5
     113185.000 ns	     11317	80002168	41655013	srai	x0,x10,0x16	 x10:0x00000000
     113195.000 ns	     11318	8000216c	b2b45e17	auipc	x28,0xb2b45	 x28=0x32b4716c
     113215.000 ns	     11320	80002170	204f9553	fsgnjn.s	f10,f31,f4	 f31:0x7fc00000  f4:0x1f350483 f10=0xffc00000
     113235.000 ns	     11322	80002174	01018db3	add	x27,x3,x16	  x3:0x00000000 x16:0x80040fe4 x27=0x80040fe4
     113245.000 ns	     11323	80002178	81aa6a93	ori	x21,x20,-2022	 x20:0x00000000 x21=0xfffff81a
     113255.000 ns	     11324	8000217c	006f22b3	slt	x5,x30,x6	 x30:0x62669160  x6:0x00000000  x5=0x00000000
     113265.000 ns	     11325	80002180	f4fbaf37	lui	x30,0xf4fba	 x30=0xf4fba000
     113285.000 ns	     11327	80002184	20fa8e53	fsgnj.s	f28,f21,f15	 f21:0xff800000 f15:0x400207f2 f28=0x7f800000
     113315.000 ns	     11330	80002188	e00982d3	fmv.x.w	x5,f19	 f19:0xff800000  x5=0xff800000
     113335.000 ns	     11332	8000218c	419e88b3	sub	x17,x29,x25	 x29:0x80040fe5 x25:0x00000001 x17=0x80040fe4
     113345.000 ns	     11333	80002190	00000013	addi	x0,x0,0	  x0:0x00000000
     113365.000 ns	     11335	80002194	e0010ed3	fmv.x.w	x29,f2	  f2:0xc1c80000 x29=0xc1c80000
     113395.000 ns	     11338	80002198	0361a4b3	mulhsu	x9,x3,x22	  x3:0x00000000 x22:0x00000080  x9=0x00000000
     113425.000 ns	     11341	8000219c	a178a453	feq.s	x8,f17,f23	 f17:0x1f350483 f23:0x7f800000  x8=0x00000000
     113445.000 ns	     11343	800021a0	8c42ea13	ori	x20,x5,-1852	  x5:0xff800000 x20=0xfffff8c4
     113455.000 ns	     11344	800021a4	00fa6033	or	x0,x20,x15	 x20:0x00000000 x15:0x7fffffff
     113815.000 ns	     11380	800021a8	035b61b3	rem	x3,x22,x21	 x22:0x00000080 x21:0xfffff81a  x3=0x00000080
     113845.000 ns	     11383	800021ac	29f11cd3	fmax.s	f25,f2,f31	  f2:0xc1c80000 f31:0x7fc00000 f25=0xc1c80000
     113865.000 ns	     11385	800021b0	013a91b3	sll	x3,x21,x19	 x21:0xfffff81a x19:0x80041024  x3=0xffff81a0
     114225.000 ns	     11421	800021b4	023a4f33	div	x30,x20,x3	 x20:0xfffff8c4  x3:0x00000080 x30=0x00000000
     114255.000 ns	     11424	800021b8	029fd433	divu	x8,x31,x9	 x31:0x26d81058  x9:0x00000000  x8=0xffffffff
     114275.000 ns	     11426	800021bc	00000013	addi	x0,x0,0	  x0:0x00000000
     114285.000 ns	     11427	800021c0	004083b3	add	x7,x1,x4	  x1:0x82bd0114  x4:0x00000000  x7=0x82bd0114
     114295.000 ns	     11428	800021c4	001ef4b3	and	x9,x29,x1	 x29:0xc1c80000  x1:0x82bd0114  x9=0x80880000
     114305.000 ns	     11429	800021c8	018c7133	and	x2,x24,x24	 x24:0x020b0b19 x24:0x020b0b19  x2=0x020b0b19
     114315.000 ns	     11430	800021cc	00965893	srli	x17,x12,0x9	 x12:0x00000000 x17=0x00000000
     114335.000 ns	     11432	800021d0	037797b3	mulh	x15,x15,x23	 x15:0x7fffffff x23:0x00000000 x15=0x00000000
     114365.000 ns	     11435	800021d4	02ac62b3	rem	x5,x24,x10	 x24:0x020b0b19 x10:0x00000000  x5=0x020b0b19
     114385.000 ns	     11437	800021d8	006c5693	srli	x13,x24,0x6	 x24:0x020b0b19 x13=0x00082c2c
     114405.000 ns	     11439	800021dc	03662eb3	mulhsu	x29,x12,x22	 x12:0x00000000 x22:0x00000080 x29=0x00000000
     114425.000 ns	     11441	800021e0	00770f33	add	x30,x14,x7	 x14:0x00000000  x7:0x82bd0114 x30=0x82bd0114
     114445.000 ns	     11443	800021e4	a0aa9dd3	flt.s	x27,f21,f10	 f21:0xff800000 f10:0xffc00000 x27=0x00000000
     114475.000 ns	     11446	800021e8	a00c9bd3	flt.s	x23,f25,f0	 f25:0xc1c80000  f0:0x3f800000 x23=0x00000001
     114515.000 ns	     11450	800021ec	11974553	fmul.s	f10,f14,f25	 f14:0x7f800000 f25:0xc1c80000 f10=0xff800000
     114535.000 ns	     11452	800021f0	00eec433	xor	x8,x29,x14	 x29:0x00000000 x14:0x00000000  x8=0x00000000
     114545.000 ns	     11453	800021f4	604cb613	sltiu	x12,x25,1540	 x25:0x00000001 x12=0x00000001
     114565.000 ns	     11455	800021f8	205d2053	fsgnjx.s	f0,f26,f5	 f26:0x80000000  f5:0x00000000  f0=0x80000000
     114595.000 ns	     11458	800021fc	03f69333	mulh	x6,x13,x31	 x13:0x00082c2c x31:0x26d81058  x6=0x00013d74
     114625.000 ns	     11461	80002200	039ead33	mulhsu	x26,x29,x25	 x29:0x00000000 x25:0x00000001 x26=0x00000000
     114655.000 ns	     11464	80002204	e0048153	fmv.x.w	x2,f9	  f9:0x80000000  x2=0x80000000
     114685.000 ns	     11467	80002208	28c180d3	fmin.s	f1,f3,f12	  f3:0x00000001 f12:0x41c80000  f1=0x00000001
     114715.000 ns	     11470	8000220c	a0ae1cd3	flt.s	x25,f28,f10	 f28:0x7f800000 f10:0xff800000 x25=0x00000000
     114745.000 ns	     11473	80002210	d00e7d53	fcvt.s.w	f26,x28	 x28:0x32b4716c f26=0x4e4ad1c5
     114775.000 ns	     11476	80002214	0245b933	mulhu	x18,x11,x4	 x11:0x00000000  x4:0x00000000 x18=0x00000000
     114805.000 ns	     11479	80002218	202d08d3	fsgnj.s	f17,f26,f2	 f26:0x4e4ad1c5  f2:0xc1c80000 f17=0xce4ad1c5
     114835.000 ns	     11482	8000221c	29818c53	fmin.s	f24,f3,f24	  f3:0x00000001 f24:0x7fc00000 f24=0x00000001
     114855.000 ns	     11484	80002220	946c4093	xori	x1,x24,-1722	 x24:0x020b0b19  x1=0xfdf4f25f
     114875.000 ns	     11486	80002224	d017c6d3	fcvt.s.wu	f13,x15	 x15:0x00000000 f13=0x00000000
     114905.000 ns	     11489	80002228	c00875d3	fcvt.w.s	x11,f16	 f16:0xff800000 x11=0x80000000
     114935.000 ns	     11492	8000222c	027a2bb3	mulhsu	x23,x20,x7	 x20:0xfffff8c4  x7:0x82bd0114 x23=0xfffffc4e
     114965.000 ns	     11495	80002230	03b00a33	mul	x20,x0,x27	  x0:0x00000000 x27:0x00000000 x20=0x00000000
     115005.000 ns	     11499	80002234	58097d53	fsqrt.s	f26,f18	 f18:0x7f800000 f26=0x7f800000
     115035.000 ns	     11502	80002238	c00cf053	fcvt.w.s	x0,f25	 f25:0xc1c80000
     115055.000 ns	     11504	8000223c	00900e33	add	x28,x0,x9	  x0:0x00000000  x9:0x80880000 x28=0x80880000
     115065.000 ns	     11505	80002240	5aad7b13	andi	x22,x26,1450	 x26:0x00000000 x22=0x00000000
     115085.000 ns	     11507	80002244	290c0253	fmin.s	f4,f24,f16	 f24:0x00000001 f16:0xff800000  f4=0xff800000
     115115.000 ns	     11510	80002248	c00cf553	fcvt.w.s	x10,f25	 f25:0xc1c80000 x10=0x00000019
     115135.000 ns	     11512	8000224c	d2d03013	sltiu	x0,x0,-723	  x0:0x00000000
     115145.000 ns	     11513	80002250	f70daa13	slti	x20,x27,-144	 x27:0x00000000 x20=0x00000000
     115165.000 ns	     11515	80002254	02d73bb3	mulhu	x23,x14,x13	 x14:0x00000000 x13:0x00082c2c x23=0x00000000
     115185.000 ns	     11517	80002258	00ecab33	slt	x22,x25,x14	 x25:0x00000000 x14:0x00000000 x22=0x00000000
     115225.000 ns	     11521	8000225c	01c6f453	fadd.s	f8,f13,f28	 f13:0x00000000 f28:0x7f800000  f8=0x7f800000
     115255.000 ns	     11524	80002260	029982b3	mul	x5,x19,x9	 x19:0x80041024  x9:0x80880000  x5=0x93200000
     115275.000 ns	     11526	80002264	41a3d393	srai	x7,x7,0x1a	  x7:0x82bd0114  x7=0xffffffe0
     115295.000 ns	     11528	80002268	20c91ed3	fsgnjn.s	f29,f18,f12	 f18:0x7f800000 f12:0x41c80000 f29=0xff800000
     115315.000 ns	     11530	8000226c	40465333	sra	x6,x12,x4	 x12:0x00000001  x4:0x00000000  x6=0x00000001
     115335.000 ns	     11532	80002270	c0063053	fcvt.w.s	x0,f12	 f12:0x41c80000
     115365.000 ns	     11535	80002274	20f9a053	fsgnjx.s	f0,f19,f15	 f19:0xff800000 f15:0x400207f2  f0=0xff800000
     115385.000 ns	     11537	80002278	003358b3	srl	x17,x6,x3	  x6:0x00000001  x3:0xffff81a0 x17=0x00000001
     115425.000 ns	     11541	8000227c	007d12d3	fadd.s	f5,f26,f7	 f26:0x7f800000  f7:0x00000001  f5=0x7f800000
     115445.000 ns	     11543	80002280	0147dd33	srl	x26,x15,x20	 x15:0x00000000 x20:0x00000000 x26=0x00000000
     115475.000 ns	     11546	80002284	580e27d3	fsqrt.s	f15,f28	 f28:0x7f800000 f15=0x7f800000
     115505.000 ns	     11549	80002288	d017f1d3	fcvt.s.wu	f3,x15	 x15:0x00000000  f3=0x00000000
     115535.000 ns	     11552	8000228c	a0d0a0d3	feq.s	x1,f1,f13	  f1:0x00000001 f13:0x00000000  x1=0x00000000
     115565.000 ns	     11555	80002290	21ffa2d3	fsgnjx.s	f5,f31,f31	 f31:0x7fc00000 f31:0x7fc00000  f5=0x7fc00000
     115935.000 ns	     11592	80002294	03fbdcb3	divu	x25,x23,x31	 x23:0x00000000 x31:0x26d81058 x25=0x00000000
     115955.000 ns	     11594	80002298	1a432e93	slti	x29,x6,420	  x6:0x00000001 x29=0x00000001
     115985.000 ns	     11597	8000229c	118d45d3	fmul.s	f11,f26,f24	 f26:0x7f800000 f24:0x00000001 f11=0x7f800000
     116015.000 ns	     11600	800022a0	0383b733	mulhu	x14,x7,x24	  x7:0xffffffe0 x24:0x020b0b19 x14=0x020b0b18
     116035.000 ns	     11602	800022a4	073f7417	auipc	x8,0x73f7	  x8=0x873f92a4
     116055.000 ns	     11604	800022a8	28228e53	fmin.s	f28,f5,f2	  f5:0x7fc00000  f2:0xc1c80000 f28=0xc1c80000
     116425.000 ns	     11641	800022ac	025eda33	divu	x20,x29,x5	 x29:0x00000001  x5:0x93200000 x20=0x00000000
     116445.000 ns	     11643	800022b0	9c725137	lui	x2,0x9c725	  x2=0x9c725000
     116455.000 ns	     11644	800022b4	001c9093	slli	x1,x25,0x1	 x25:0x00000000  x1=0x00000000
     116815.000 ns	     11680	800022b8	0310e8b3	rem	x17,x1,x17	  x1:0x00000000 x17:0x00000001 x17=0x00000000
     116835.000 ns	     11682	800022bc	01471913	slli	x18,x14,0x14	 x14:0x020b0b18 x18=0xb1800000
     116845.000 ns	     11683	800022c0	016a8133	add	x2,x21,x22	 x21:0xfffff81a x22:0x00000000  x2=0xfffff81a
     116865.000 ns	     11685	800022c4	c0037bd3	fcvt.w.s	x23,f6	  f6:0x7fc00000 x23=0x7fffffff
     116895.000 ns	     11688	800022c8	036c5b33	divu	x22,x24,x22	 x24:0x020b0b19 x22:0x00000000 x22=0xffffffff
     117265.000 ns	     11725	800022cc	0307e7b3	rem	x15,x15,x16	 x15:0x00000000 x16:0x80040fe4 x15=0x00000000
     117285.000 ns	     11727	800022d0	0ca1b797	auipc	x15,0xca1b	 x15=0x8ca1d2d0
     117325.000 ns	     11731	800022d4	014529d3	fadd.s	f19,f10,f20	 f10:0xff800000 f20:0x00000001 f19=0xff800000
     117695.000 ns	     11768	800022d8	03f14e33	div	x28,x2,x31	  x2:0xfffff81a x31:0x26d81058 x28=0x00000000
     117725.000 ns	     11771	800022dc	21719e53	fsgnjn.s	f28,f3,f23	  f3:0x00000000 f23:0x7f800000 f28=0x80000000
     117765.000 ns	     11775	800022e0	19f880d3	fdiv.s	f1,f17,f31	 f17:0xce4ad1c5 f31:0x7fc00000  f1=0x7fc00000
     117785.000 ns	     11777	800022e4	9b75c513	xori	x10,x11,-1609	 x11:0x80000000 x10=0x7ffff9b7
     117795.000 ns	     11778	800022e8	40eed133	sra	x2,x29,x14	 x29:0x00000001 x14:0x020b0b18  x2=0x00000000
     117805.000 ns	     11779	800022ec	017c9313	slli	x6,x25,0x17	 x25:0x00000000  x6=0x00000000
     117845.000 ns	     11783	800022f0	08f581d3	fsub.s	f3,f11,f15	 f11:0x7f800000 f15:0x7f800000  f3=0x80000000
     117865.000 ns	     11785	800022f4	87c3b113	sltiu	x2,x7,-1924	  x7:0xffffffe0  x2=0x00000000
     118225.000 ns	     11821	800022f8	02bf6bb3	rem	x23,x30,x11	 x30:0x82bd0114 x11:0x80000000 x23=0x82bd0114
     118245.000 ns	     11823	800022fc	00002b33	slt	x22,x0,x0	  x0:0x00000000  x0:0x00000000 x22=0x00000000
     118255.000 ns	     11824	80002300	40abd633	sra	x12,x23,x10	 x23:0x82bd0114 x10:0x7ffff9b7 x12=0xffffff05
     118275.000 ns	     11826	80002304	21460ad3	fsgnj.s	f21,f12,f20	 f12:0x41c80000 f20:0x00000001 f21=0x41c80000
     118315.000 ns	     11830	80002308	18a52b53	fdiv.s	f22,f10,f10	 f10:0xff800000 f10:0xff800000 f22=0x7fc00000
     118685.000 ns	     11867	8000230c	02dcf333	remu	x6,x25,x13	 x25:0x00000000 x13:0x00082c2c  x6=0x00000000
     118715.000 ns	     11870	80002310	03161f33	mulh	x30,x12,x17	 x12:0xffffff05 x17:0x00000000 x30=0x00000000
     118745.000 ns	     11873	80002314	02599cb3	mulh	x25,x19,x5	 x19:0x80041024  x5:0x93200000 x25=0x366e45a2
     118765.000 ns	     11875	80002318	3ec89a97	auipc	x21,0x3ec89	 x21=0xbec8b318
     118775.000 ns	     11876	8000231c	0117f3b3	and	x7,x15,x17	 x15:0x8ca1d2d0 x17:0x00000000  x7=0x00000000
     118785.000 ns	     11877	80002320	003d5893	srli	x17,x26,0x3	 x26:0x00000000 x17=0x00000000
     118805.000 ns	     11879	80002324	e0049b53	fclass.s	x22,f9	  f9:0x80000000 x22=0x00000008
     118825.000 ns	     11881	80002328	403e5593	srai	x11,x28,0x3	 x28:0x00000000 x11=0x00000000
     118845.000 ns	     11883	8000232c	e00697d3	fclass.s	x15,f13	 f13:0x00000000 x15=0x00000010
     118875.000 ns	     11886	80002330	e00117d3	fclass.s	x15,f2	  f2:0xc1c80000 x15=0x00000002
     118905.000 ns	     11889	80002334	f00c8e53	fmv.w.x	f28,x25	 x25:0x366e45a2 f28=0x366e45a2
     118925.000 ns	     11891	80002338	600037b7	lui	x15,0x60003	 x15=0x60003000
     118945.000 ns	     11893	8000233c	e00f8b53	fmv.x.w	x22,f31	 f31:0x7fc00000 x22=0x7fc00000
     118975.000 ns	     11896	80002340	02ee38b3	mulhu	x17,x28,x14	 x28:0x00000000 x14:0x020b0b18 x17=0x00000000
     118995.000 ns	     11898	80002344	e8bb4f13	xori	x30,x22,-373	 x22:0x7fc00000 x30=0x803ffe8b
     119015.000 ns	     11900	80002348	0225dcb3	divu	x25,x11,x2	 x11:0x00000000  x2:0x00000000 x25=0xffffffff
     119035.000 ns	     11902	8000234c	00d47a33	and	x20,x8,x13	  x8:0x873f92a4 x13:0x00082c2c x20=0x00080024
     119045.000 ns	     11903	80002350	40b00333	sub	x6,x0,x11	  x0:0x00000000 x11:0x00000000  x6=0x00000000
     119055.000 ns	     11904	80002354	005afe33	and	x28,x21,x5	 x21:0xbec8b318  x5:0x93200000 x28=0x92000000
     119065.000 ns	     11905	80002358	01d85bb3	srl	x23,x16,x29	 x16:0x80040fe4 x29:0x00000001 x23=0x400207f2
     119425.000 ns	     11941	8000235c	030ddeb3	divu	x29,x27,x16	 x27:0x00000000 x16:0x80040fe4 x29=0x00000000
     119455.000 ns	     11944	80002360	c0137f53	fcvt.wu.s	x30,f6	  f6:0x7fc00000 x30=0xffffffff
     119475.000 ns	     11946	80002364	ed0ac913	xori	x18,x21,-304	 x21:0xbec8b318 x18=0x41374dc8
     119835.000 ns	     11982	80002368	02376133	rem	x2,x14,x3	 x14:0x020b0b18  x3:0xffff81a0  x2=0x000043f8
     119855.000 ns	     11984	8000236c	84704c93	xori	x25,x0,-1977	  x0:0x00000000 x25=0xfffff847
     119875.000 ns	     11986	80002370	a09386d3	fle.s	x13,f7,f9	  f7:0x00000001  f9:0x80000000 x13=0x00000000
     119905.000 ns	     11989	80002374	e0009d53	fclass.s	x26,f1	  f1:0x7fc00000 x26=0x00000200
     120275.000 ns	     12026	80002378	032deab3	rem	x21,x27,x18	 x27:0x00000000 x18:0x41374dc8 x21=0x00000000
     120295.000 ns	     12028	8000237c	406bda33	sra	x20,x23,x6	 x23:0x400207f2  x6:0x00000000 x20=0x400207f2
     120315.000 ns	     12030	80002380	28df0353	fmin.s	f6,f30,f13	 f30:0x00000000 f13:0x00000000  f6=0x00000000
     120335.000 ns	     12032	80002384	7feded93	ori	x27,x27,2046	 x27:0x00000000 x27=0x000007fe
     120355.000 ns	     12034	80002388	e0081b53	fclass.s	x22,f16	 f16:0xff800000 x22=0x00000001
     120375.000 ns	     12036	8000238c	01b7da13	srli	x20,x15,0x1b	 x15:0x60003000 x20=0x0000000c
     120395.000 ns	     12038	80002390	201faa53	fsgnjx.s	f20,f31,f1	 f31:0x7fc00000  f1:0x7fc00000 f20=0x7fc00000
     120425.000 ns	     12041	80002394	02470933	mul	x18,x14,x4	 x14:0x020b0b18  x4:0x00000000 x18=0x00000000
     120445.000 ns	     12043	80002398	01dbbd33	sltu	x26,x23,x29	 x23:0x400207f2 x29:0x00000000 x26=0x00000000
     120455.000 ns	     12044	8000239c	010e25b3	slt	x11,x28,x16	 x28:0x92000000 x16:0x80040fe4 x11=0x00000000
     120815.000 ns	     12080	800023a0	03fc64b3	rem	x9,x24,x31	 x24:0x020b0b19 x31:0x26d81058  x9=0x020b0b19
     120835.000 ns	     12082	800023a4	00667fb3	and	x31,x12,x6	 x12:0xffffff05  x6:0x00000000 x31=0x00000000
     120845.000 ns	     12083	800023a8	d155e493	ori	x9,x11,-747	 x11:0x00000000  x9=0xfffffd15
     120865.000 ns	     12085	800023ac	d00e14d3	fcvt.s.w	f9,x28	 x28:0x92000000  f9=0xcedc0000
     120885.000 ns	     12087	800023b0	0075bab3	sltu	x21,x11,x7	 x11:0x00000000  x7:0x00000000 x21=0x00000000
     120895.000 ns	     12088	800023b4	41b0d793	srai	x15,x1,0x1b	  x1:0x00000000 x15=0x00000000
     120905.000 ns	     12089	800023b8	018ff933	and	x18,x31,x24	 x31:0x00000000 x24:0x020b0b19 x18=0x00000000
     120915.000 ns	     12090	800023bc	5071ab13	slti	x22,x3,1287	  x3:0xffff81a0 x22=0x00000001
     120935.000 ns	     12092	800023c0	28ef8dd3	fmin.s	f27,f31,f14	 f31:0x7fc00000 f14:0x7f800000 f27=0x7f800000
     120975.000 ns	     12096	800023c4	18c7fcd3	fdiv.s	f25,f15,f12	 f15:0x7f800000 f12:0x41c80000 f25=0x7f800000
     121005.000 ns	     12099	800023c8	e0088bd3	fmv.x.w	x23,f17	 f17:0xce4ad1c5 x23=0xce4ad1c5
     121375.000 ns	     12136	800023cc	03007c33	remu	x24,x0,x16	  x0:0x00000000 x16:0x80040fe4 x24=0x00000000
     121405.000 ns	     12139	800023d0	c01a93d3	fcvt.wu.s	x7,f21	 f21:0x41c80000  x7=0x00000019
     121425.000 ns	     12141	800023d4	c55b0893	addi	x17,x22,-939	 x22:0x00000001 x17=0xfffffc56
     121435.000 ns	     12142	800023d8	8a064313	xori	x6,x12,-1888	 x12:0xffffff05  x6=0x000007a5
     121445.000 ns	     12143	800023dc	0104d7b3	srl	x15,x9,x16	  x9:0xfffffd15 x16:0x80040fe4 x15=0x0fffffd1
     121465.000 ns	     12145	800023e0	20812c53	fsgnjx.s	f24,f2,f8	  f2:0xc1c80000  f8:0x7f800000 f24=0xc1c80000
     121505.000 ns	     12149	800023e4	18627253	fdiv.s	f4,f4,f6	  f4:0xff800000  f6:0x00000000  f4=0xff800000
     121535.000 ns	     12152	800023e8	a0dd00d3	fle.s	x1,f26,f13	 f26:0x7f800000 f13:0x00000000  x1=0x00000000
     121575.000 ns	     12156	800023ec	58007153	fsqrt.s	f2,f0	  f0:0xff800000  f2=0x7fc00000
     121605.000 ns	     12159	800023f0	f00d82d3	fmv.w.x	f5,x27	 x27:0x000007fe  f5=0x000007fe
     121625.000 ns	     12161	800023f4	013e1e33	sll	x28,x28,x19	 x28:0x92000000 x19:0x80041024 x28=0x20000000
     121635.000 ns	     12162	800023f8	41dc53b3	sra	x7,x24,x29	 x24:0x00000000 x29:0x00000000  x7=0x00000000
     121645.000 ns	     12163	800023fc	8702fa17	auipc	x20,0x8702f	 x20=0x070313fc
     121655.000 ns	     12164	80002400	8663eeb7	lui	x29,0x8663e	 x29=0x8663e000
     121665.000 ns	     12165	80002404	010afbb3	and	x23,x21,x16	 x21:0x00000000 x16:0x80040fe4 x23=0x00000000
     121685.000 ns	     12167	80002408	d00a7d53	fcvt.s.w	f26,x20	 x20:0x070313fc f26=0x4ce0627f
     121705.000 ns	     12169	8000240c	008f2b33	slt	x22,x30,x8	 x30:0xffffffff  x8:0x873f92a4 x22=0x00000000
     121725.000 ns	     12171	80002410	291c89d3	fmin.s	f19,f25,f17	 f25:0x7f800000 f17:0xce4ad1c5 f19=0xce4ad1c5
     121755.000 ns	     12174	80002414	d0027dd3	fcvt.s.w	f27,x4	  x4:0x00000000 f27=0x00000000
     121785.000 ns	     12177	80002418	036e06b3	mul	x13,x28,x22	 x28:0x20000000 x22:0x00000000 x13=0x00000000
     121805.000 ns	     12179	8000241c	00b5c333	xor	x6,x11,x11	 x11:0x00000000 x11:0x00000000  x6=0x00000000
     121825.000 ns	     12181	80002420	c01d37d3	fcvt.wu.s	x15,f26	 f26:0x4ce0627f x15=0x070313f8
     121855.000 ns	     12184	80002424	a0ab28d3	feq.s	x17,f22,f10	 f22:0x7fc00000 f10:0xff800000 x17=0x00000000
     121875.000 ns	     12186	80002428	011a9413	slli	x8,x21,0x11	 x21:0x00000000  x8=0x00000000
     121895.000 ns	     12188	8000242c	a11c25d3	feq.s	x11,f24,f17	 f24:0xc1c80000 f17:0xce4ad1c5 x11=0x00000000
     121925.000 ns	     12191	80002430	035ee733	rem	x14,x29,x21	 x29:0x8663e000 x21:0x00000000 x14=0x8663e000
     121955.000 ns	     12194	80002434	282392d3	fmax.s	f5,f7,f2	  f7:0x00000001  f2:0x7fc00000  f5=0x00000001
     121985.000 ns	     12197	80002438	c0131fd3	fcvt.wu.s	x31,f6	  f6:0x00000000 x31=0x00000000
     122005.000 ns	     12199	8000243c	4ca9cc93	xori	x25,x19,1226	 x19:0x80041024 x25=0x800414ee
     122035.000 ns	     12202	80002440	185219d3	fdiv.s	f19,f4,f5	  f4:0xff800000  f5:0x00000001 f19=0xff800000
     122055.000 ns	     12204	80002444	01256c33	or	x24,x10,x18	 x10:0x7ffff9b7 x18:0x00000000 x24=0x7ffff9b7
     122085.000 ns	     12207	80002448	18beaed3	fdiv.s	f29,f29,f11	 f29:0xff800000 f11:0x7f800000 f29=0x7fc00000
     122455.000 ns	     12244	8000244c	038e4a33	div	x20,x28,x24	 x28:0x20000000 x24:0x00000000 x20=0x00000000
     122485.000 ns	     12247	80002450	d00677d3	fcvt.s.w	f15,x12	 x12:0xffffff05 f15=0xc37b0000
     122505.000 ns	     12249	80002454	00000013	addi	x0,x0,0	  x0:0x00000000
     122865.000 ns	     12285	80002458	0336ddb3	divu	x27,x13,x19	 x13:0x00000000 x19:0x80041024 x27=0x00000000
     122895.000 ns	     12288	8000245c	03b25433	divu	x8,x4,x27	  x4:0x00000000 x27:0x000007fe  x8=0xffffffff
     122925.000 ns	     12291	80002460	e00d1e53	fclass.s	x28,f26	 f26:0x4ce0627f x28=0x00000040
     122955.000 ns	     12294	80002464	e0018653	fmv.x.w	x12,f3	  f3:0x80000000 x12=0x80000000
     122985.000 ns	     12297	80002468	a059ae53	feq.s	x28,f19,f5	 f19:0xff800000  f5:0x00000001 x28=0x00000000
     123015.000 ns	     12300	8000246c	03ffc2b3	div	x5,x31,x31	 x31:0x00000000 x31:0x00000000  x5=0xffffffff
     123035.000 ns	     12302	80002470	00d79ab3	sll	x21,x15,x13	 x15:0x070313f8 x13:0x00000000 x21=0x070313f8
     123045.000 ns	     12303	80002474	008b9733	sll	x14,x23,x8	 x23:0x00000000  x8:0xffffffff x14=0x00000000
     123065.000 ns	     12305	80002478	d00378d3	fcvt.s.w	f17,x6	  x6:0x00000000 f17=0x00000000
     123085.000 ns	     12307	8000247c	01309613	slli	x12,x1,0x13	  x1:0x00000000 x12=0x00000000
     123095.000 ns	     12308	80002480	01f6a033	slt	x0,x13,x31	 x13:0x00000000 x31:0x00000000
     123105.000 ns	     12309	80002484	ac67bd93	sltiu	x27,x15,-1338	 x15:0x070313f8 x27=0x00000001
     123115.000 ns	     12310	80002488	00ff88b3	add	x17,x31,x15	 x31:0x00000000 x15:0x070313f8 x17=0x070313f8
     123135.000 ns	     12312	8000248c	02d3fcb3	remu	x25,x7,x13	  x7:0x00000000 x13:0x00000000 x25=0x00000000
     123165.000 ns	     12315	80002490	d012afd3	fcvt.s.wu	f31,x5	  x5:0xffffffff f31=0x4f800000
     123195.000 ns	     12318	80002494	03497ab3	remu	x21,x18,x20	 x18:0x00000000 x20:0x00000000 x21=0x00000000
     123245.000 ns	     12323	80002498	0821c3d3	fsub.s	f7,f3,f2	  f3:0x80000000  f2:0x7fc00000  f7=0x7fc00000
     123275.000 ns	     12326	8000249c	d019fcd3	fcvt.s.wu	f25,x19	 x19:0x80041024 f25=0x4f000410
     123305.000 ns	     12329	800024a0	a122a3d3	feq.s	x7,f5,f18	  f5:0x00000001 f18:0x7f800000  x7=0x00000000
     123325.000 ns	     12331	800024a4	00000013	addi	x0,x0,0	  x0:0x00000000
     123335.000 ns	     12332	800024a8	419ddc93	srai	x25,x27,0x19	 x27:0x00000001 x25=0x00000000
     123345.000 ns	     12333	800024ac	40685ab3	sra	x21,x16,x6	 x16:0x80040fe4  x6:0x00000000 x21=0x80040fe4
     123365.000 ns	     12335	800024b0	a0d40bd3	fle.s	x23,f8,f13	  f8:0x7f800000 f13:0x00000000 x23=0x00000000
     123385.000 ns	     12337	800024b4	2d1e3393	sltiu	x7,x28,721	 x28:0x00000000  x7=0x00000001
     123415.000 ns	     12340	800024b8	180809d3	fdiv.s	f19,f16,f0	 f16:0xff800000  f0:0xff800000 f19=0x7fc00000
     123455.000 ns	     12344	800024bc	193cfd53	fdiv.s	f26,f25,f19	 f25:0x4f000410 f19:0xff800000 f26=0x7fc00000
     123475.000 ns	     12346	800024c0	fd14cd13	xori	x26,x9,-47	  x9:0xfffffd15 x26=0x000002c4
     123505.000 ns	     12349	800024c4	10ff8ad3	fmul.s	f21,f31,f15	 f31:0x4f800000 f15:0xc37b0000 f21=0xd37b0000
     123525.000 ns	     12351	800024c8	1772ad13	slti	x26,x5,375	  x5:0xffffffff x26=0x00000001
     123535.000 ns	     12352	800024cc	01f8b633	sltu	x12,x17,x31	 x17:0x070313f8 x31:0x00000000 x12=0x00000000
     123545.000 ns	     12353	800024d0	00cdc2b3	xor	x5,x27,x12	 x27:0x00000001 x12:0x00000000  x5=0x00000001
     123555.000 ns	     12354	800024d4	a338a013	slti	x0,x17,-1485	 x17:0x070313f8
     123565.000 ns	     12355	800024d8	402ada33	sra	x20,x21,x2	 x21:0x80040fe4  x2:0x000043f8 x20=0xffffff80
     123575.000 ns	     12356	800024dc	6c5a3013	sltiu	x0,x20,1733	 x20:0x00000000
     123585.000 ns	     12357	800024e0	00000013	addi	x0,x0,0	  x0:0x00000000
     123595.000 ns	     12358	800024e4	ca178c93	addi	x25,x15,-863	 x15:0x070313f8 x25=0x07031099
     123615.000 ns	     12360	800024e8	f0080953	fmv.w.x	f18,x16	 x16:0x80040fe4 f18=0x80040fe4
     123645.000 ns	     12363	800024ec	e0070353	fmv.x.w	x6,f14	 f14:0x7f800000  x6=0x7f800000
     123665.000 ns	     12365	800024f0	01121d93	slli	x27,x4,0x11	  x4:0x00000000 x27=0x00000000
     123675.000 ns	     12366	800024f4	00951593	slli	x11,x10,0x9	 x10:0x7ffff9b7 x11=0xfff36e00
     123695.000 ns	     12368	800024f8	d0112153	fcvt.s.wu	f2,x2	  x2:0x000043f8  f2=0x4687f000
     123725.000 ns	     12371	800024fc	025fbb33	mulhu	x22,x31,x5	 x31:0x00000000  x5:0x00000001 x22=0x00000000
     123755.000 ns	     12374	80002500	29fe80d3	fmin.s	f1,f29,f31	 f29:0x7fc00000 f31:0x4f800000  f1=0x4f800000
     123785.000 ns	     12377	80002504	037e33b3	mulhu	x7,x28,x23	 x28:0x00000000 x23:0x00000000  x7=0x00000000
     123815.000 ns	     12380	80002508	d010f2d3	fcvt.s.wu	f5,x1	  x1:0x00000000  f5=0x00000000
     123845.000 ns	     12383	8000250c	d0018ad3	fcvt.s.w	f21,x3	  x3:0xffff81a0 f21=0xc6fcc000
     123875.000 ns	     12386	80002510	f00e0053	fmv.w.x	f0,x28	 x28:0x00000000  f0=0x00000000
     124245.000 ns	     12423	80002514	0264f3b3	remu	x7,x9,x6	  x9:0xfffffd15  x6:0x7f800000  x7=0x00fffd15
     124275.000 ns	     12426	80002518	f00b8153	fmv.w.x	f2,x23	 x23:0x00000000  f2=0x00000000
     124295.000 ns	     12428	8000251c	006c5533	srl	x10,x24,x6	 x24:0x7ffff9b7  x6:0x7f800000 x10=0x7ffff9b7
     124305.000 ns	     12429	80002520	25c4da97	auipc	x21,0x25c4d	 x21=0xa5c4f520
     124315.000 ns	     12430	80002524	d7f36f93	ori	x31,x6,-641	  x6:0x7f800000 x31=0xfffffd7f
     124675.000 ns	     12466	80002528	038f63b3	rem	x7,x30,x24	 x30:0xffffffff x24:0x7ffff9b7  x7=0xffffffff
     124705.000 ns	     12469	8000252c	21fe1253	fsgnjn.s	f4,f28,f31	 f28:0x366e45a2 f31:0x4f800000  f4=0xb66e45a2
     124735.000 ns	     12472	80002530	a06d27d3	feq.s	x15,f26,f6	 f26:0x7fc00000  f6:0x00000000 x15=0x00000000
     124755.000 ns	     12474	80002534	1e8ffc13	andi	x24,x31,488	 x31:0xfffffd7f x24=0x00000168
     124775.000 ns	     12476	80002538	29cc91d3	fmax.s	f3,f25,f28	 f25:0x4f000410 f28:0x366e45a2  f3=0x4f000410
     124805.000 ns	     12479	8000253c	29cf98d3	fmax.s	f17,f31,f28	 f31:0x4f800000 f28:0x366e45a2 f17=0x4f800000
     124835.000 ns	     12482	80002540	a08daf53	feq.s	x30,f27,f8	 f27:0x00000000  f8:0x7f800000 x30=0x00000000
     124865.000 ns	     12485	80002544	027d8f33	mul	x30,x27,x7	 x27:0x00000000  x7:0xffffffff x30=0x00000000
     124885.000 ns	     12487	80002548	4187d5b3	sra	x11,x15,x24	 x15:0x00000000 x24:0x00000168 x11=0x00000000
     124925.000 ns	     12491	8000254c	097a3f53	fsub.s	f30,f20,f23	 f20:0x7fc00000 f23:0x7f800000 f30=0x7fc00000
     124955.000 ns	     12494	80002550	03a91db3	mulh	x27,x18,x26	 x18:0x00000000 x26:0x00000001 x27=0x00000000
     124975.000 ns	     12496	80002554	00f3e333	or	x6,x7,x15	  x7:0xffffffff x15:0x00000000  x6=0xffffffff
     126145.000 ns	     12613	80002558	5808ba53	fsqrt.s	f20,f17	 f17:0x4f800000 f20=0x477fffae
     126165.000 ns	     12615	8000255c	00b5d633	srl	x12,x11,x11	 x11:0x00000000 x11:0x00000000 x12=0x00000000
     126175.000 ns	     12616	80002560	01bc80b3	add	x1,x25,x27	 x25:0x07031099 x27:0x00000000  x1=0x07031099
     126185.000 ns	     12617	80002564	01b71f33	sll	x30,x14,x27	 x14:0x00000000 x27:0x00000000 x30=0x00000000
     126205.000 ns	     12619	80002568	02deeab3	rem	x21,x29,x13	 x29:0x8663e000 x13:0x00000000 x21=0x8663e000
     126235.000 ns	     12622	8000256c	03032b33	mulhsu	x22,x6,x16	  x6:0xffffffff x16:0x80040fe4 x22=0xffffffff
     126265.000 ns	     12625	80002570	02ccb2b3	mulhu	x5,x25,x12	 x25:0x07031099 x12:0x00000000  x5=0x00000000
     126285.000 ns	     12627	80002574	4159d913	srai	x18,x19,0x15	 x19:0x80041024 x18=0xfffffc00
     126645.000 ns	     12663	80002578	02ae7c33	remu	x24,x28,x10	 x28:0x00000000 x10:0x7ffff9b7 x24=0x00000000
     126665.000 ns	     12665	8000257c	00000013	addi	x0,x0,0	  x0:0x00000000
     126675.000 ns	     12666	80002580	003ba2b3	slt	x5,x23,x3	 x23:0x00000000  x3:0xffff81a0  x5=0x00000000
     126695.000 ns	     12668	80002584	296c0d53	fmin.s	f26,f24,f22	 f24:0xc1c80000 f22:0x7fc00000 f26=0xc1c80000
     126715.000 ns	     12670	80002588	000fdab3	srl	x21,x31,x0	 x31:0xfffffd7f  x0:0x00000000 x21=0xfffffd7f
     126735.000 ns	     12672	8000258c	a17898d3	flt.s	x17,f17,f23	 f17:0x4f800000 f23:0x7f800000 x17=0x00000001
     126755.000 ns	     12674	80002590	00f4c333	xor	x6,x9,x15	  x9:0xfffffd15 x15:0x00000000  x6=0xfffffd15
     127085.000 ns	     12707	80002594	199c7bd3	fdiv.s	f23,f24,f25	 f24:0xc1c80000 f25:0x4f000410 f23=0xb1c80000
     127105.000 ns	     12709	80002598	002beeb3	or	x29,x23,x2	 x23:0x00000000  x2:0x000043f8 x29=0x000043f8
     127115.000 ns	     12710	8000259c	00000013	addi	x0,x0,0	  x0:0x00000000
     127135.000 ns	     12712	800025a0	21bc1253	fsgnjn.s	f4,f24,f27	 f24:0xc1c80000 f27:0x00000000  f4=0xc1c80000
     127155.000 ns	     12714	800025a4	00000013	addi	x0,x0,0	  x0:0x00000000
     127175.000 ns	     12716	800025a8	02d92f33	mulhsu	x30,x18,x13	 x18:0xfffffc00 x13:0x00000000 x30=0x00000000
     127225.000 ns	     12721	800025ac	0166f553	fadd.s	f10,f13,f22	 f13:0x00000000 f22:0x7fc00000 f10=0x7fc00000
     127245.000 ns	     12723	800025b0	00000013	addi	x0,x0,0	  x0:0x00000000
     127265.000 ns	     12725	800025b4	03bb93b3	mulh	x7,x23,x27	 x23:0x00000000 x27:0x00000000  x7=0x00000000
     127295.000 ns	     12728	800025b8	e00e1953	fclass.s	x18,f28	 f28:0x366e45a2 x18=0x00000040
     127315.000 ns	     12730	800025bc	01192db3	slt	x27,x18,x17	 x18:0xfffffc00 x17:0x00000001 x27=0x00000000
     127325.000 ns	     12731	800025c0	0134ba33	sltu	x20,x9,x19	  x9:0xfffffd15 x19:0x80041024 x20=0x00000000
     127345.000 ns	     12733	800025c4	038b4ab3	div	x21,x22,x24	 x22:0xffffffff x24:0x00000000 x21=0xffffffff
     127375.000 ns	     12736	800025c8	02578b33	mul	x22,x15,x5	 x15:0x00000000  x5:0x00000000 x22=0x00000000
     127405.000 ns	     12739	800025cc	a13a1953	flt.s	x18,f20,f19	 f20:0x477fffae f19:0x7fc00000 x18=0x00000000
     127435.000 ns	     12742	800025d0	03883733	mulhu	x14,x16,x24	 x16:0x80040fe4 x24:0x00000000 x14=0x00000000
     127455.000 ns	     12744	800025d4	007716b3	sll	x13,x14,x7	 x14:0x00000000  x7:0x00000000 x13=0x00000000
     127475.000 ns	     12746	800025d8	02b0f433	remu	x8,x1,x11	  x1:0x07031099 x11:0x00000000  x8=0x07031099
     127505.000 ns	     12749	800025dc	027aca33	div	x20,x21,x7	 x21:0xffffffff  x7:0x00000000 x20=0xffffffff
     127525.000 ns	     12751	800025e0	4447e797	auipc	x15,0x4447e	 x15=0xc44805e0
     127545.000 ns	     12753	800025e4	02cc60b3	rem	x1,x24,x12	 x24:0x00000000 x12:0x00000000  x1=0x00000000
     127915.000 ns	     12790	800025e8	030bf333	remu	x6,x23,x16	 x23:0x00000000 x16:0x80040fe4  x6=0x00000000
     127935.000 ns	     12792	800025ec	41ced6b3	sra	x13,x29,x28	 x29:0x000043f8 x28:0x00000000 x13=0x000043f8
     127955.000 ns	     12794	800025f0	03ebedb3	rem	x27,x23,x30	 x23:0x00000000 x30:0x00000000 x27=0x00000000
     127975.000 ns	     12796	800025f4	40a588b3	sub	x17,x11,x10	 x11:0x00000000 x10:0x7ffff9b7 x17=0x80000649
     127995.000 ns	     12798	800025f8	d01cc2d3	fcvt.s.wu	f5,x25	 x25:0x07031099  f5=0x4ce06213
     128015.000 ns	     12800	800025fc	71f06413	ori	x8,x0,1823	  x0:0x00000000  x8=0x0000071f
     128025.000 ns	     12801	80002600	11e6e193	ori	x3,x13,286	 x13:0x000043f8  x3=0x000043fe
     128035.000 ns	     12802	80002604	40ed0633	sub	x12,x26,x14	 x26:0x00000001 x14:0x00000000 x12=0x00000001
     128045.000 ns	     12803	80002608	c1aeb713	sltiu	x14,x29,-998	 x29:0x000043f8 x14=0x00000001
     128055.000 ns	     12804	8000260c	010198b3	sll	x17,x3,x16	  x3:0x000043fe x16:0x80040fe4 x17=0x00043fe0
     128075.000 ns	     12806	80002610	20ef2f53	fsgnjx.s	f30,f30,f14	 f30:0x7fc00000 f14:0x7f800000 f30=0x7fc00000
     128095.000 ns	     12808	80002614	7eb52c17	auipc	x24,0x7eb52	 x24=0xfeb54614
     128105.000 ns	     12809	80002618	00d8bd33	sltu	x26,x17,x13	 x17:0x00043fe0 x13:0x000043f8 x26=0x00000000
     128125.000 ns	     12811	8000261c	2049a9d3	fsgnjx.s	f19,f19,f4	 f19:0x7fc00000  f4:0xc1c80000 f19=0xffc00000
     128155.000 ns	     12814	80002620	28f01ad3	fmax.s	f21,f0,f15	  f0:0x00000000 f15:0xc37b0000 f21=0x00000000
     128195.000 ns	     12818	80002624	11c2f1d3	fmul.s	f3,f5,f28	  f5:0x4ce06213 f28:0x366e45a2  f3=0x43d0d836
     128225.000 ns	     12821	80002628	e0060a53	fmv.x.w	x20,f12	 f12:0x41c80000 x20=0x41c80000
     128275.000 ns	     12826	8000262c	01af72d3	fadd.s	f5,f30,f26	 f30:0x7fc00000 f26:0xc1c80000  f5=0x7fc00000
     128295.000 ns	     12828	80002630	0114da33	srl	x20,x9,x17	  x9:0xfffffd15 x17:0x00043fe0 x20=0xfffffd15
     128315.000 ns	     12830	80002634	02b66433	rem	x8,x12,x11	 x12:0x00000001 x11:0x00000000  x8=0x00000001
     128335.000 ns	     12832	80002638	01b2e8b3	or	x17,x5,x27	  x5:0x00000000 x27:0x00000000 x17=0x00000000
     128355.000 ns	     12834	8000263c	035fa933	mulhsu	x18,x31,x21	 x31:0xfffffd7f x21:0xffffffff x18=0xfffffd7f
     128385.000 ns	     12837	80002640	a1c202d3	fle.s	x5,f4,f28	  f4:0xc1c80000 f28:0x366e45a2  x5=0x00000001
     128405.000 ns	     12839	80002644	09758d93	addi	x27,x11,151	 x11:0x00000000 x27=0x00000097
     128425.000 ns	     12841	80002648	29348dd3	fmin.s	f27,f9,f19	  f9:0xcedc0000 f19:0xffc00000 f27=0xcedc0000
     128455.000 ns	     12844	8000264c	a046a153	feq.s	x2,f13,f4	 f13:0x00000000  f4:0xc1c80000  x2=0x00000000
     128475.000 ns	     12846	80002650	01ef1793	slli	x15,x30,0x1e	 x30:0x00000000 x15=0x00000000
     128515.000 ns	     12850	80002654	014e3cd3	fadd.s	f25,f28,f20	 f28:0x366e45a2 f20:0x477fffae f25=0x477fffaf
     128535.000 ns	     12852	80002658	00f818b3	sll	x17,x16,x15	 x16:0x80040fe4 x15:0xc44805e0 x17=0x80040fe4
     128545.000 ns	     12853	8000265c	e42bae97	auipc	x29,0xe42ba	 x29=0x642bc65c
     128555.000 ns	     12854	80002660	01e024b3	slt	x9,x0,x30	  x0:0x00000000 x30:0x00000000  x9=0x00000000
     128565.000 ns	     12855	80002664	fd0f6d93	ori	x27,x30,-48	 x30:0x00000000 x27=0xffffffd0
     128585.000 ns	     12857	80002668	29a31d53	fmax.s	f26,f6,f26	  f6:0x00000000 f26:0xc1c80000 f26=0x00000000
     128615.000 ns	     12860	8000266c	a0c2a053	feq.s	x0,f5,f12	  f5:0x7fc00000 f12:0x41c80000
     128635.000 ns	     12862	80002670	01e5ecb3	or	x25,x11,x30	 x11:0x00000000 x30:0x00000000 x25=0x00000000
     128645.000 ns	     12863	80002674	cbefae93	slti	x29,x31,-834	 x31:0xfffffd7f x29=0x00000000
     128665.000 ns	     12865	80002678	a0f29953	flt.s	x18,f5,f15	  f5:0x7fc00000 f15:0xc37b0000 x18=0x00000000
     128695.000 ns	     12868	8000267c	219313d3	fsgnjn.s	f7,f6,f25	  f6:0x00000000 f25:0x477fffaf  f7=0x80000000
     128715.000 ns	     12870	80002680	014271b3	and	x3,x4,x20	  x4:0x00000000 x20:0xfffffd15  x3=0x00000000
     128725.000 ns	     12871	80002684	359ed2b7	lui	x5,0x359ed	  x5=0x359ed000
     128735.000 ns	     12872	80002688	757bee13	ori	x28,x23,1879	 x23:0x00000000 x28=0x00000757
     128755.000 ns	     12874	8000268c	03644bb3	div	x23,x8,x22	  x8:0x00000001 x22:0x00000000 x23=0xffffffff
     128775.000 ns	     12876	80002690	cc5176b7	lui	x13,0xcc517	 x13=0xcc517000
     128785.000 ns	     12877	80002694	00b798b3	sll	x17,x15,x11	 x15:0x00000000 x11:0x00000000 x17=0x00000000
     128795.000 ns	     12878	80002698	f09b7d93	andi	x27,x22,-247	 x22:0x00000000 x27=0x00000000
     128815.000 ns	     12880	8000269c	0298ae33	mulhsu	x28,x17,x9	 x17:0x80040fe4  x9:0x00000000 x28=0x00000000
     129185.000 ns	     12917	800026a0	02d4c7b3	div	x15,x9,x13	  x9:0x00000000 x13:0xcc517000 x15=0x00000000
     129215.000 ns	     12920	800026a4	20212cd3	fsgnjx.s	f25,f2,f2	  f2:0x00000000  f2:0x00000000 f25=0x00000000
     129245.000 ns	     12923	800026a8	02ab3533	mulhu	x10,x22,x10	 x22:0x00000000 x10:0x7ffff9b7 x10=0x00000000
     129265.000 ns	     12925	800026ac	82042713	slti	x14,x8,-2016	  x8:0x00000001 x14=0x00000000
     129285.000 ns	     12927	800026b0	02abcb33	div	x22,x23,x10	 x23:0xffffffff x10:0x00000000 x22=0xffffffff
     129315.000 ns	     12930	800026b4	c00176d3	fcvt.w.s	x13,f2	  f2:0x00000000 x13=0x00000000
     129335.000 ns	     12932	800026b8	00805eb3	srl	x29,x0,x8	  x0:0x00000000  x8:0x00000001 x29=0x00000000
     129355.000 ns	     12934	800026bc	0254bfb3	mulhu	x31,x9,x5	  x9:0x00000000  x5:0x359ed000 x31=0x00000000
     129385.000 ns	     12937	800026c0	d00cfc53	fcvt.s.w	f24,x25	 x25:0x00000000 f24=0x00000000
     129405.000 ns	     12939	800026c4	62ca6193	ori	x3,x20,1580	 x20:0xfffffd15  x3=0xffffff3d
     129445.000 ns	     12943	800026c8	00b38853	fadd.s	f16,f7,f11	  f7:0x80000000 f11:0x7f800000 f16=0x7f800000
     129475.000 ns	     12946	800026cc	f00c0b53	fmv.w.x	f22,x24	 x24:0xfeb54614 f22=0xfeb54614
     129495.000 ns	     12948	800026d0	7ab6ed97	auipc	x27,0x7ab6e	 x27=0xfab706d0
     129515.000 ns	     12950	800026d4	c00e8453	fcvt.w.s	x8,f29	 f29:0x7fc00000  x8=0x7fffffff
     129545.000 ns	     12953	800026d8	a0669353	flt.s	x6,f13,f6	 f13:0x00000000  f6:0x00000000  x6=0x00000000
     129565.000 ns	     12955	800026dc	b3efc613	xori	x12,x31,-1218	 x31:0x00000000 x12=0xfffffb3e
     129585.000 ns	     12957	800026e0	02acf1b3	remu	x3,x25,x10	 x25:0x00000000 x10:0x00000000  x3=0x00000000
     129605.000 ns	     12959	800026e4	019a3333	sltu	x6,x20,x25	 x20:0xfffffd15 x25:0x00000000  x6=0x00000000
     129615.000 ns	     12960	800026e8	fdae3a97	auipc	x21,0xfdae3	 x21=0x7dae56e8
     129625.000 ns	     12961	800026ec	62a2a113	slti	x2,x5,1578	  x5:0x359ed000  x2=0x00000000
     129645.000 ns	     12963	800026f0	02066cb3	rem	x25,x12,x0	 x12:0xfffffb3e  x0:0x00000000 x25=0xfffffb3e
     129675.000 ns	     12966	800026f4	0278c933	div	x18,x17,x7	 x17:0x00000000  x7:0x00000000 x18=0xffffffff
     129705.000 ns	     12969	800026f8	28e99a53	fmax.s	f20,f19,f14	 f19:0xffc00000 f14:0x7f800000 f20=0x7f800000
     129725.000 ns	     12971	800026fc	012df8b3	and	x17,x27,x18	 x27:0xfab706d0 x18:0xffffffff x17=0xfab706d0
     129735.000 ns	     12972	80002700	00195eb3	srl	x29,x18,x1	 x18:0xffffffff  x1:0x00000000 x29=0xffffffff
     130095.000 ns	     13008	80002704	03727533	remu	x10,x4,x23	  x4:0x00000000 x23:0xffffffff x10=0x00000000
     130135.000 ns	     13012	80002708	188c4d53	fdiv.s	f26,f24,f8	 f24:0x00000000  f8:0x7f800000 f26=0x00000000
     130165.000 ns	     13015	8000270c	a1802ed3	feq.s	x29,f0,f24	  f0:0x00000000 f24:0x00000000 x29=0x00000001
     130185.000 ns	     13017	80002710	80780893	addi	x17,x16,-2041	 x16:0x80040fe4 x17=0x800407eb
     130205.000 ns	     13019	80002714	03eb96b3	mulh	x13,x23,x30	 x23:0xffffffff x30:0x00000000 x13=0x00000000
     130575.000 ns	     13056	80002718	0395f333	remu	x6,x11,x25	 x11:0x00000000 x25:0xfffffb3e  x6=0x00000000
     130595.000 ns	     13058	8000271c	009723b3	slt	x7,x14,x9	 x14:0x00000000  x9:0x00000000  x7=0x00000000
     130615.000 ns	     13060	80002720	e0088c53	fmv.x.w	x24,f17	 f17:0x4f800000 x24=0x4f800000
     130645.000 ns	     13063	80002724	024783b3	mul	x7,x15,x4	 x15:0x00000000  x4:0x00000000  x7=0x00000000
     130665.000 ns	     13065	80002728	417152b3	sra	x5,x2,x23	  x2:0x00000000 x23:0xffffffff  x5=0x00000000
     130675.000 ns	     13066	8000272c	9dfc0413	addi	x8,x24,-1569	 x24:0x4f800000  x8=0x4f7ff9df
     130695.000 ns	     13068	80002730	290b1353	fmax.s	f6,f22,f16	 f22:0xfeb54614 f16:0x7f800000  f6=0x7f800000
     130715.000 ns	     13070	80002734	00000013	addi	x0,x0,0	  x0:0x00000000
     130735.000 ns	     13072	80002738	02c235b3	mulhu	x11,x4,x12	  x4:0x00000000 x12:0xfffffb3e x11=0x00000000
     130755.000 ns	     13074	8000273c	dd93b393	sltiu	x7,x7,-551	  x7:0x00000000  x7=0x00000001
     130775.000 ns	     13076	80002740	03840b33	mul	x22,x8,x24	  x8:0x4f7ff9df x24:0x4f800000 x22=0xc0800000
     130805.000 ns	     13079	80002744	0260c1b3	div	x3,x1,x6	  x1:0x00000000  x6:0x00000000  x3=0xffffffff
     130825.000 ns	     13081	80002748	a9c962b7	lui	x5,0xa9c96	  x5=0xa9c96000
     130835.000 ns	     13082	8000274c	00000013	addi	x0,x0,0	  x0:0x00000000
     130855.000 ns	     13084	80002750	207810d3	fsgnjn.s	f1,f16,f7	 f16:0x7f800000  f7:0x80000000  f1=0x7f800000
     130875.000 ns	     13086	80002754	0150fe33	and	x28,x1,x21	  x1:0x00000000 x21:0x7dae56e8 x28=0x00000000
     130885.000 ns	     13087	80002758	00a66ab3	or	x21,x12,x10	 x12:0xfffffb3e x10:0x00000000 x21=0xfffffb3e
     130905.000 ns	     13089	8000275c	c006fbd3	fcvt.w.s	x23,f13	 f13:0x00000000 x23=0x00000000
     130925.000 ns	     13091	80002760	25f74913	xori	x18,x14,607	 x14:0x00000000 x18=0x0000025f
     130935.000 ns	     13092	80002764	018ab733	sltu	x14,x21,x24	 x21:0xfffffb3e x24:0x4f800000 x14=0x00000000
     130955.000 ns	     13094	80002768	29440c53	fmin.s	f24,f8,f20	  f8:0x7f800000 f20:0x7f800000 f24=0x7f800000
     131005.000 ns	     13099	8000276c	004ff753	fadd.s	f14,f31,f4	 f31:0x4f800000  f4:0xc1c80000 f14=0x4f7ffffe
     131035.000 ns	     13102	80002770	c019b653	fcvt.wu.s	x12,f19	 f19:0xffc00000 x12=0xffffffff
     131075.000 ns	     13106	80002774	11633153	fmul.s	f2,f6,f22	  f6:0x7f800000 f22:0xfeb54614  f2=0xff800000
     131095.000 ns	     13108	80002778	00671793	slli	x15,x14,0x6	 x14:0x00000000 x15=0x00000000
     131115.000 ns	     13110	8000277c	039f8c33	mul	x24,x31,x25	 x31:0x00000000 x25:0xfffffb3e x24=0x00000000
     131135.000 ns	     13112	80002780	007d1b13	slli	x22,x26,0x7	 x26:0x00000000 x22=0x00000000
     131145.000 ns	     13113	80002784	003aaab3	slt	x21,x21,x3	 x21:0xfffffb3e  x3:0xffffffff x21=0x00000001
     131165.000 ns	     13115	80002788	02b836b3	mulhu	x13,x16,x11	 x16:0x80040fe4 x11:0x00000000 x13=0x00000000
     131195.000 ns	     13118	8000278c	21e714d3	fsgnjn.s	f9,f14,f30	 f14:0x4f7ffffe f30:0x7fc00000  f9=0xcf7ffffe
     131225.000 ns	     13121	80002790	03ece1b3	rem	x3,x25,x30	 x25:0xfffffb3e x30:0x00000000  x3=0xfffffb3e
     131255.000 ns	     13124	80002794	02180433	mul	x8,x16,x1	 x16:0x80040fe4  x1:0x00000000  x8=0x00000000
     131275.000 ns	     13126	80002798	00c3aab3	slt	x21,x7,x12	  x7:0x00000001 x12:0xffffffff x21=0x00000000
     131285.000 ns	     13127	8000279c	01063d33	sltu	x26,x12,x16	 x12:0xffffffff x16:0x80040fe4 x26=0x00000000
     131295.000 ns	     13128	800027a0	017c66b3	or	x13,x24,x23	 x24:0x00000000 x23:0x00000000 x13=0x00000000
     131305.000 ns	     13129	800027a4	01e95733	srl	x14,x18,x30	 x18:0x0000025f x30:0x00000000 x14=0x0000025f
     131315.000 ns	     13130	800027a8	00d65db3	srl	x27,x12,x13	 x12:0xffffffff x13:0x00000000 x27=0xffffffff
     131335.000 ns	     13132	800027ac	a0d30a53	fle.s	x20,f6,f13	  f6:0x7f800000 f13:0x00000000 x20=0x00000000
     131375.000 ns	     13136	800027b0	5805fad3	fsqrt.s	f21,f11	 f11:0x7f800000 f21=0x7f800000
     131395.000 ns	     13138	800027b4	41ce8eb3	sub	x29,x29,x28	 x29:0x00000001 x28:0x00000000 x29=0x00000001
     131405.000 ns	     13139	800027b8	2a6da113	slti	x2,x27,678	 x27:0xffffffff  x2=0x00000001
     131415.000 ns	     13140	800027bc	d84de413	ori	x8,x27,-636	 x27:0xffffffff  x8=0xffffffff
     131435.000 ns	     13142	800027c0	e0060bd3	fmv.x.w	x23,f12	 f12:0x41c80000 x23=0x41c80000
     131455.000 ns	     13144	800027c4	002f84b3	add	x9,x31,x2	 x31:0x00000000  x2:0x00000001  x9=0x00000001
     131475.000 ns	     13146	800027c8	213e02d3	fsgnj.s	f5,f28,f19	 f28:0x366e45a2 f19:0xffc00000  f5=0xb66e45a2
     131505.000 ns	     13149	800027cc	c01cc553	fcvt.wu.s	x10,f25	 f25:0x00000000 x10=0x00000000
     131525.000 ns	     13151	800027d0	05fe3f13	sltiu	x30,x28,95	 x28:0x00000000 x30=0x00000001
     131535.000 ns	     13152	800027d4	41318433	sub	x8,x3,x19	  x3:0xfffffb3e x19:0x80041024  x8=0x7ffbeb1a
     131545.000 ns	     13153	800027d8	0121cd33	xor	x26,x3,x18	  x3:0xfffffb3e x18:0x0000025f x26=0xfffff961
     131555.000 ns	     13154	800027dc	40da5c33	sra	x24,x20,x13	 x20:0x00000000 x13:0x00000000 x24=0x00000000
     131585.000 ns	     13157	800027e0	117d8b53	fmul.s	f22,f27,f23	 f27:0xcedc0000 f23:0xb1c80000 f22=0x412be000
     131605.000 ns	     13159	800027e4	5ffec613	xori	x12,x29,1535	 x29:0x00000001 x12=0x000005fe
     131625.000 ns	     13161	800027e8	29a50553	fmin.s	f10,f10,f26	 f10:0x7fc00000 f26:0x00000000 f10=0x00000000
     131645.000 ns	     13163	800027ec	006cd493	srli	x9,x25,0x6	 x25:0xfffffb3e  x9=0x03ffffec
     131655.000 ns	     13164	800027f0	00bfde13	srli	x28,x31,0xb	 x31:0x00000000 x28=0x00000000
     131675.000 ns	     13166	800027f4	a02b1553	flt.s	x10,f22,f2	 f22:0x412be000  f2:0xff800000 x10=0x00000000
     132045.000 ns	     13203	800027f8	02384a33	div	x20,x16,x3	 x16:0x80040fe4  x3:0xfffffb3e x20=0x001ae658
     132065.000 ns	     13205	800027fc	f79bf193	andi	x3,x23,-135	 x23:0x41c80000  x3=0x41c80000
     132075.000 ns	     13206	80002800	00a521b3	slt	x3,x10,x10	 x10:0x00000000 x10:0x00000000  x3=0x00000000
     132085.000 ns	     13207	80002804	40a0d193	srai	x3,x1,0xa	  x1:0x00000000  x3=0x00000000
     132105.000 ns	     13209	80002808	e00c8b53	fmv.x.w	x22,f25	 f25:0x00000000 x22=0x00000000
     132135.000 ns	     13212	8000280c	03ce8633	mul	x12,x29,x28	 x29:0x00000001 x28:0x00000000 x12=0x00000000
     132185.000 ns	     13217	80002810	08aafcd3	fsub.s	f25,f21,f10	 f21:0x7f800000 f10:0x00000000 f25=0x7f800000
     132205.000 ns	     13219	80002814	006df0b3	and	x1,x27,x6	 x27:0xffffffff  x6:0x00000000  x1=0x00000000
     132215.000 ns	     13220	80002818	69f4ae93	slti	x29,x9,1695	  x9:0x03ffffec x29=0x00000000
     133385.000 ns	     13337	8000281c	5808fa53	fsqrt.s	f20,f17	 f17:0x4f800000 f20=0x477fffae
     133405.000 ns	     13339	80002820	4ebc2613	slti	x12,x24,1259	 x24:0x00000000 x12=0x00000001
     133415.000 ns	     13340	80002824	40a25ab3	sra	x21,x4,x10	  x4:0x00000000 x10:0x00000000 x21=0x00000000
     133425.000 ns	     13341	80002828	0109d613	srli	x12,x19,0x10	 x19:0x80041024 x12=0x00008004
     133435.000 ns	     13342	8000282c	96c63593	sltiu	x11,x12,-1684	 x12:0x00000001 x11=0x00000001
     133465.000 ns	     13345	80002830	1081f8d3	fmul.s	f17,f3,f8	  f3:0x43d0d836  f8:0x7f800000 f17=0x7f800000
     133485.000 ns	     13347	80002834	002eacb3	slt	x25,x29,x2	 x29:0x00000000  x2:0x00000001 x25=0x00000001
     133495.000 ns	     13348	80002838	dacd7d37	lui	x26,0xdacd7	 x26=0xdacd7000
     133505.000 ns	     13349	8000283c	01ea7cb3	and	x25,x20,x30	 x20:0x001ae658 x30:0x00000001 x25=0x00000000
     133515.000 ns	     13350	80002840	e166e093	ori	x1,x13,-490	 x13:0x00000000  x1=0xfffffe16
     133535.000 ns	     13352	80002844	c010fd53	fcvt.wu.s	x26,f1	  f1:0x7f800000 x26=0xffffffff
     133565.000 ns	     13355	80002848	f00c81d3	fmv.w.x	f3,x25	 x25:0x00000000  f3=0x00000000
     133595.000 ns	     13358	8000284c	20e32e53	fsgnjx.s	f28,f6,f14	  f6:0x7f800000 f14:0x4f7ffffe f28=0x7f800000
     133615.000 ns	     13360	80002850	4161d5b3	sra	x11,x3,x22	  x3:0x00000000 x22:0x00000000 x11=0x00000000
     133625.000 ns	     13361	80002854	016d5b13	srli	x22,x26,0x16	 x26:0xffffffff x22=0x000003ff
     133635.000 ns	     13362	80002858	40c855b3	sra	x11,x16,x12	 x16:0x80040fe4 x12:0x00008004 x11=0xf80040fe
     133675.000 ns	     13366	8000285c	01e89253	fadd.s	f4,f17,f30	 f17:0x7f800000 f30:0x7fc00000  f4=0x7fc00000
     133705.000 ns	     13369	80002860	a08b9f53	flt.s	x30,f23,f8	 f23:0xb1c80000  f8:0x7f800000 x30=0x00000001
     134075.000 ns	     13406	80002864	033fec33	rem	x24,x31,x19	 x31:0x00000000 x19:0x80041024 x24=0x00000000
     134095.000 ns	     13408	80002868	402e04b3	sub	x9,x28,x2	 x28:0x00000000  x2:0x00000001  x9=0xffffffff
     134105.000 ns	     13409	8000286c	01d72c33	slt	x24,x14,x29	 x14:0x0000025f x29:0x00000000 x24=0x00000000
     134125.000 ns	     13411	80002870	d01026d3	fcvt.s.wu	f13,x0	  x0:0x00000000 f13=0x00000000
     134155.000 ns	     13414	80002874	03b18db3	mul	x27,x3,x27	  x3:0x00000000 x27:0xffffffff x27=0x00000000
     134185.000 ns	     13417	80002878	e00d8fd3	fmv.x.w	x31,f27	 f27:0xcedc0000 x31=0xcedc0000
     134215.000 ns	     13420	8000287c	a0539cd3	flt.s	x25,f7,f5	  f7:0x80000000  f5:0xb66e45a2 x25=0x00000000
     134245.000 ns	     13423	80002880	a17091d3	flt.s	x3,f1,f23	  f1:0x7f800000 f23:0xb1c80000  x3=0x00000000
     134265.000 ns	     13425	80002884	015bcf33	xor	x30,x23,x21	 x23:0x41c80000 x21:0x00000000 x30=0x41c80000
     134285.000 ns	     13427	80002888	a1fb87d3	fle.s	x15,f23,f31	 f23:0xb1c80000 f31:0x4f800000 x15=0x00000001
     134335.000 ns	     13432	8000288c	018406d3	fadd.s	f13,f8,f24	  f8:0x7f800000 f24:0x7f800000 f13=0x00000000
     134355.000 ns	     13434	80002890	009b0bb3	add	x23,x22,x9	 x22:0x000003ff  x9:0xffffffff x23=0x000003fe
     134375.000 ns	     13436	80002894	c00cf1d3	fcvt.w.s	x3,f25	 f25:0x7f800000  x3=0x7fffffff
     134395.000 ns	     13438	80002898	fcaaaa13	slti	x20,x21,-54	 x21:0x00000000 x20=0x00000000
     134405.000 ns	     13439	8000289c	40558033	sub	x0,x11,x5	 x11:0xf80040fe  x5:0xa9c96000
     134765.000 ns	     13475	800028a0	030c5eb3	divu	x29,x24,x16	 x24:0x00000000 x16:0x80040fe4 x29=0x00000000
     134815.000 ns	     13480	800028a4	01b7f253	fadd.s	f4,f15,f27	 f15:0xc37b0000 f27:0xcedc0000  f4=0xcedc0001
     135155.000 ns	     13514	800028a8	197b7ad3	fdiv.s	f21,f22,f23	 f22:0x412be000 f23:0xb1c80000 f21=0xcef2a5a8
     135175.000 ns	     13516	800028ac	00830533	add	x10,x6,x8	  x6:0x00000000  x8:0x7ffbeb1a x10=0x7ffbeb1a
     135195.000 ns	     13518	800028b0	e00f9353	fclass.s	x6,f31	 f31:0x4f800000  x6=0x00000040
     135225.000 ns	     13521	800028b4	c0049753	fcvt.w.s	x14,f9	  f9:0xcf7ffffe x14=0x80000000
     135265.000 ns	     13525	800028b8	58081253	fsqrt.s	f4,f16	 f16:0x7f800000  f4=0x7f800000
     135285.000 ns	     13527	800028bc	4d086c13	ori	x24,x16,1232	 x16:0x80040fe4 x24=0x80040ff4
     135295.000 ns	     13528	800028c0	01a7d8b3	srl	x17,x15,x26	 x15:0x00000001 x26:0xffffffff x17=0x00000000
     135325.000 ns	     13531	800028c4	1982f853	fdiv.s	f16,f5,f24	  f5:0xb66e45a2 f24:0x7f800000 f16=0x80000000
     135355.000 ns	     13534	800028c8	f0060653	fmv.w.x	f12,x12	 x12:0x00008004 f12=0x00008004
     135375.000 ns	     13536	800028cc	00000013	addi	x0,x0,0	  x0:0x00000000
     135395.000 ns	     13538	800028d0	a13d83d3	fle.s	x7,f27,f19	 f27:0xcedc0000 f19:0xffc00000  x7=0x00000000
     135425.000 ns	     13541	800028d4	289d96d3	fmax.s	f13,f27,f9	 f27:0xcedc0000  f9:0xcf7ffffe f13=0xcedc0000
     135455.000 ns	     13544	800028d8	c00b7ed3	fcvt.w.s	x29,f22	 f22:0x412be000 x29=0x0000000a
     135485.000 ns	     13547	800028dc	f00b0053	fmv.w.x	f0,x22	 x22:0x000003ff  f0=0x000003ff
     135505.000 ns	     13549	800028e0	01020ab3	add	x21,x4,x16	  x4:0x00000000 x16:0x80040fe4 x21=0x80040fe4
     135515.000 ns	     13550	800028e4	a2792513	slti	x10,x18,-1497	 x18:0x0000025f x10=0x00000000
     135525.000 ns	     13551	800028e8	0669ca37	lui	x20,0x669c	 x20=0x0669c000
     135535.000 ns	     13552	800028ec	0050bcb3	sltu	x25,x1,x5	  x1:0xfffffe16  x5:0xa9c96000 x25=0x00000000
     135545.000 ns	     13553	800028f0	00396fb3	or	x31,x18,x3	 x18:0x0000025f  x3:0x7fffffff x31=0x7fffffff
     135565.000 ns	     13555	800028f4	2040ad53	fsgnjx.s	f26,f1,f4	  f1:0x7f800000  f4:0x7f800000 f26=0x7f800000
     135595.000 ns	     13558	800028f8	02a8f8b3	remu	x17,x17,x10	 x17:0x00000000 x10:0x00000000 x17=0x00000000
     135635.000 ns	     13562	800028fc	11f578d3	fmul.s	f17,f10,f31	 f10:0x00000000 f31:0x4f800000 f17=0x00000000
     135665.000 ns	     13565	80002900	a1f72fd3	feq.s	x31,f14,f31	 f14:0x4f7ffffe f31:0x4f800000 x31=0x00000000
     135695.000 ns	     13568	80002904	a0e012d3	flt.s	x5,f0,f14	  f0:0x000003ff f14:0x4f7ffffe  x5=0x00000001
     135725.000 ns	     13571	80002908	d00e2f53	fcvt.s.w	f30,x28	 x28:0x00000000 f30=0x00000000
     135745.000 ns	     13573	8000290c	52924e93	xori	x29,x4,1321	  x4:0x00000000 x29=0x00000529
     135755.000 ns	     13574	80002910	40085393	srai	x7,x16,0x0	 x16:0x80040fe4  x7=0x80040fe4
     135775.000 ns	     13576	80002914	020a1cb3	mulh	x25,x20,x0	 x20:0x0669c000  x0:0x00000000 x25=0x00000000
     135795.000 ns	     13578	80002918	4654af93	slti	x31,x9,1125	  x9:0xffffffff x31=0x00000001
     135815.000 ns	     13580	8000291c	039943b3	div	x7,x18,x25	 x18:0x0000025f x25:0x00000000  x7=0xffffffff
     136185.000 ns	     13617	80002920	03f44133	div	x2,x8,x31	  x8:0x7ffbeb1a x31:0x00000000  x2=0x7ffbeb1a
     136555.000 ns	     13654	80002924	02fa4a33	div	x20,x20,x15	 x20:0x0669c000 x15:0x00000001 x20=0x0669c000
     136585.000 ns	     13657	80002928	c0061653	fcvt.w.s	x12,f12	 f12:0x00008004 x12=0x00000000
     136605.000 ns	     13659	8000292c	00b8d2b3	srl	x5,x17,x11	 x17:0x00000000 x11:0xf80040fe  x5=0x00000000
     136965.000 ns	     13695	80002930	026c6933	rem	x18,x24,x6	 x24:0x80040ff4  x6:0x00000040 x18=0xfffffff4
     136995.000 ns	     13698	80002934	0345b133	mulhu	x2,x11,x20	 x11:0xf80040fe x20:0x0669c000  x2=0x063673a0
     137015.000 ns	     13700	80002938	b911f593	andi	x11,x3,-1135	  x3:0x7fffffff x11=0x7ffffb91
     137035.000 ns	     13702	8000293c	022a24b3	mulhsu	x9,x20,x2	 x20:0x0669c000  x2:0x063673a0  x9=0x0027d7b4
     137055.000 ns	     13704	80002940	4164de13	srai	x28,x9,0x16	  x9:0xffffffff x28=0x00000000
     137065.000 ns	     13705	80002944	0193d433	srl	x8,x7,x25	  x7:0xffffffff x25:0x00000000  x8=0xffffffff
     137075.000 ns	     13706	80002948	00000013	addi	x0,x0,0	  x0:0x00000000
     137095.000 ns	     13708	8000294c	a19911d3	flt.s	x3,f18,f25	 f18:0x80040fe4 f25:0x7f800000  x3=0x00000001
     137125.000 ns	     13711	80002950	21fd2753	fsgnjx.s	f14,f26,f31	 f26:0x7f800000 f31:0x4f800000 f14=0x7f800000
     137175.000 ns	     13716	80002954	01ecf6d3	fadd.s	f13,f25,f30	 f25:0x7f800000 f30:0x00000000 f13=0x7f800000
     137195.000 ns	     13718	80002958	009f5c33	srl	x24,x30,x9	 x30:0x41c80000  x9:0x0027d7b4 x24=0x0000041c
     137215.000 ns	     13720	8000295c	a1060653	fle.s	x12,f12,f16	 f12:0x00008004 f16:0x80000000 x12=0x00000000
     137245.000 ns	     13723	80002960	e0088353	fmv.x.w	x6,f17	 f17:0x00000000  x6=0x00000000
     137275.000 ns	     13726	80002964	c019fe53	fcvt.wu.s	x28,f19	 f19:0xffc00000 x28=0xffffffff
     137295.000 ns	     13728	80002968	01df0b33	add	x22,x30,x29	 x30:0x41c80000 x29:0x00000529 x22=0x41c80529
     137305.000 ns	     13729	8000296c	01f96c33	or	x24,x18,x31	 x18:0xfffffff4 x31:0x00000001 x24=0xfffffff5
     137325.000 ns	     13731	80002970	a08a9453	flt.s	x8,f21,f8	 f21:0xcef2a5a8  f8:0x7f800000  x8=0x00000001
     137365.000 ns	     13735	80002974	11fa4ad3	fmul.s	f21,f20,f31	 f20:0x477fffae f31:0x4f800000 f21=0x577fffae
     137385.000 ns	     13737	80002978	62287e37	lui	x28,0x62287	 x28=0x62287000
     137395.000 ns	     13738	8000297c	00d5c2b3	xor	x5,x11,x13	 x11:0x7ffffb91 x13:0x00000000  x5=0x7ffffb91
     137425.000 ns	     13741	80002980	1823fdd3	fdiv.s	f27,f7,f2	  f7:0x80000000  f2:0xff800000 f27=0x00000000
     137455.000 ns	     13744	80002984	29c80bd3	fmin.s	f23,f16,f28	 f16:0x80000000 f28:0x7f800000 f23=0x80000000
     137485.000 ns	     13747	80002988	031c4bb3	div	x23,x24,x17	 x24:0xfffffff5 x17:0x00000000 x23=0xffffffff
     137515.000 ns	     13750	8000298c	21a3a6d3	fsgnjx.s	f13,f7,f26	  f7:0x80000000 f26:0x7f800000 f13=0x80000000
     137545.000 ns	     13753	80002990	202d0ed3	fsgnj.s	f29,f26,f2	 f26:0x7f800000  f2:0xff800000 f29=0xff800000
     137565.000 ns	     13755	80002994	01e3a8b3	slt	x17,x7,x30	  x7:0xffffffff x30:0x41c80000 x17=0x00000001
     137585.000 ns	     13757	80002998	f00f0853	fmv.w.x	f16,x30	 x30:0x41c80000 f16=0x41c80000
     137605.000 ns	     13759	8000299c	40928ab3	sub	x21,x5,x9	  x5:0x7ffffb91  x9:0x0027d7b4 x21=0x7fd823dd
     137615.000 ns	     13760	800029a0	37782f13	slti	x30,x16,887	 x16:0x80040fe4 x30=0x00000001
     137625.000 ns	     13761	800029a4	00221c33	sll	x24,x4,x2	  x4:0x00000000  x2:0x063673a0 x24=0x00000000
     137645.000 ns	     13763	800029a8	02ddbb33	mulhu	x22,x27,x13	 x27:0x00000000 x13:0x00000000 x22=0x00000000
     137675.000 ns	     13766	800029ac	03b42933	mulhsu	x18,x8,x27	  x8:0x00000001 x27:0x00000000 x18=0x00000000
     137715.000 ns	     13770	800029b0	193dc6d3	fdiv.s	f13,f27,f19	 f27:0x00000000 f19:0xffc00000 f13=0x7fc00000
     137745.000 ns	     13773	800029b4	03a8b3b3	mulhu	x7,x17,x26	 x17:0x00000001 x26:0xffffffff  x7=0x00000000
     137775.000 ns	     13776	800029b8	03530cb3	mul	x25,x6,x21	  x6:0x00000000 x21:0x7fd823dd x25=0x00000000
     137825.000 ns	     13781	800029bc	086ef1d3	fsub.s	f3,f29,f6	 f29:0xff800000  f6:0x7f800000  f3=0x80000000
     137845.000 ns	     13783	800029c0	416181b3	sub	x3,x3,x22	  x3:0x00000001 x22:0x00000000  x3=0x00000001
     137855.000 ns	     13784	800029c4	00000013	addi	x0,x0,0	  x0:0x00000000
     137865.000 ns	     13785	800029c8	e5d16593	ori	x11,x2,-419	  x2:0x063673a0 x11=0xfffffffd
     137875.000 ns	     13786	800029cc	0057c333	xor	x6,x15,x5	 x15:0x00000001  x5:0x7ffffb91  x6=0x7ffffb90
     137895.000 ns	     13788	800029d0	29138b53	fmin.s	f22,f7,f17	  f7:0x80000000 f17:0x00000000 f22=0x80000000
     137945.000 ns	     13793	800029d4	09c87453	fsub.s	f8,f16,f28	 f16:0x41c80000 f28:0x7f800000  f8=0xff800000
     137965.000 ns	     13795	800029d8	00000013	addi	x0,x0,0	  x0:0x00000000
     137985.000 ns	     13797	800029dc	e00e0d53	fmv.x.w	x26,f28	 f28:0x7f800000 x26=0x7f800000
     138015.000 ns	     13800	800029e0	a1730653	fle.s	x12,f6,f23	  f6:0x7f800000 f23:0x80000000 x12=0x00000000
     138035.000 ns	     13802	800029e4	6351cb13	xori	x22,x3,1589	  x3:0x00000001 x22=0x00000634
     138045.000 ns	     13803	800029e8	40015a93	srai	x21,x2,0x0	  x2:0x063673a0 x21=0x063673a0
     138065.000 ns	     13805	800029ec	29200a53	fmin.s	f20,f0,f18	  f0:0x000003ff f18:0x80040fe4 f20=0x80040fe4
     138095.000 ns	     13808	800029f0	28550cd3	fmin.s	f25,f10,f5	 f10:0x00000000  f5:0xb66e45a2 f25=0xb66e45a2
     138135.000 ns	     13812	800029f4	184aff53	fdiv.s	f30,f21,f4	 f21:0x577fffae  f4:0x7f800000 f30=0x00000000
     138165.000 ns	     13815	800029f8	a1c49753	flt.s	x14,f9,f28	  f9:0xcf7ffffe f28:0x7f800000 x14=0x00000001
     138195.000 ns	     13818	800029fc	21f921d3	fsgnjx.s	f3,f18,f31	 f18:0x80040fe4 f31:0x4f800000  f3=0x80040fe4
     138225.000 ns	     13821	80002a00	a05e9f53	flt.s	x30,f29,f5	 f29:0xff800000  f5:0xb66e45a2 x30=0x00000001
     138265.000 ns	     13825	80002a04	19fdcbd3	fdiv.s	f23,f27,f31	 f27:0x00000000 f31:0x4f800000 f23=0x00000000
     138295.000 ns	     13828	80002a08	d009f853	fcvt.s.w	f16,x19	 x19:0x80041024 f16=0xcefff7df
     138665.000 ns	     13865	80002a0c	029bedb3	rem	x27,x23,x9	 x23:0xffffffff  x9:0x0027d7b4 x27=0xffffffff
     138685.000 ns	     13867	80002a10	407455b3	sra	x11,x8,x7	  x8:0x00000001  x7:0x00000000 x11=0x00000001
     138695.000 ns	     13868	80002a14	01155f33	srl	x30,x10,x17	 x10:0x00000000 x17:0x00000001 x30=0x00000000
     138705.000 ns	     13869	80002a18	42e54f13	xori	x30,x10,1070	 x10:0x00000000 x30=0x0000042e
     138715.000 ns	     13870	80002a1c	b65ed8b7	lui	x17,0xb65ed	 x17=0xb65ed000
     138755.000 ns	     13874	80002a20	08e27a53	fsub.s	f20,f4,f14	  f4:0x7f800000 f14:0x7f800000 f20=0x80000000
     138795.000 ns	     13878	80002a24	58047453	fsqrt.s	f8,f8	  f8:0xff800000  f8=0x7fc00000
     138825.000 ns	     13881	80002a28	0393c133	div	x2,x7,x25	  x7:0x00000000 x25:0x00000000  x2=0xffffffff
     138875.000 ns	     13886	80002a2c	08f6b9d3	fsub.s	f19,f13,f15	 f13:0x7fc00000 f15:0xc37b0000 f19=0x7fc00000
     139245.000 ns	     13923	80002a30	03085ab3	divu	x21,x16,x16	 x16:0x80040fe4 x16:0x80040fe4 x21=0x00000001
     139295.000 ns	     13928	80002a34	007cfad3	fadd.s	f21,f25,f7	 f25:0xb66e45a2  f7:0x80000000 f21=0xb66e45a2
     139345.000 ns	     13933	80002a38	09e10ed3	fsub.s	f29,f2,f30	  f2:0xff800000 f30:0x00000000 f29=0xff800000
     139365.000 ns	     13935	80002a3c	c2268593	addi	x11,x13,-990	 x13:0x00000000 x11=0xfffffc22
     139405.000 ns	     13939	80002a40	0863c553	fsub.s	f10,f7,f6	  f7:0x80000000  f6:0x7f800000 f10=0xff800000
     139425.000 ns	     13941	80002a44	946aae13	slti	x28,x21,-1722	 x21:0x00000001 x28=0x00000000
     139435.000 ns	     13942	80002a48	00773c33	sltu	x24,x14,x7	 x14:0x00000001  x7:0x00000000 x24=0x00000000
     139445.000 ns	     13943	80002a4c	dd840393	addi	x7,x8,-552	  x8:0x00000001  x7=0xfffffdd9
     139455.000 ns	     13944	80002a50	21b98e93	addi	x29,x19,539	 x19:0x80041024 x29=0x8004123f
     139465.000 ns	     13945	80002a54	40295cb3	sra	x25,x18,x2	 x18:0x00000000  x2:0xffffffff x25=0x00000000
     139475.000 ns	     13946	80002a58	41de58b3	sra	x17,x28,x29	 x28:0x00000000 x29:0x00000529 x17=0x00000000
     139485.000 ns	     13947	80002a5c	41995913	srai	x18,x18,0x19	 x18:0x00000000 x18=0x00000000
     139495.000 ns	     13948	80002a60	406a5333	sra	x6,x20,x6	 x20:0x0669c000  x6:0x7ffffb90  x6=0x00000669
     139505.000 ns	     13949	80002a64	a9ba0013	addi	x0,x20,-1381	 x20:0x0669c000
     139865.000 ns	     13985	80002a68	02e67b33	remu	x22,x12,x14	 x12:0x00000000 x14:0x00000001 x22=0x00000000
     139885.000 ns	     13987	80002a6c	00b39333	sll	x6,x7,x11	  x7:0xfffffdd9 x11:0xfffffc22  x6=0xfffff764
     139895.000 ns	     13988	80002a70	404d5893	srai	x17,x26,0x4	 x26:0x7f800000 x17=0x07f80000
     139915.000 ns	     13990	80002a74	a0d117d3	flt.s	x15,f2,f13	  f2:0xff800000 f13:0x7fc00000 x15=0x00000000
     139945.000 ns	     13993	80002a78	03a710b3	mulh	x1,x14,x26	 x14:0x00000001 x26:0x7f800000  x1=0x00000000
     139965.000 ns	     13995	80002a7c	01e1c4b3	xor	x9,x3,x30	  x3:0x00000001 x30:0x0000042e  x9=0x0000042f
     139985.000 ns	     13997	80002a80	28250053	fmin.s	f0,f10,f2	 f10:0xff800000  f2:0xff800000  f0=0xff800000
     140015.000 ns	     14000	80002a84	022a10b3	mulh	x1,x20,x2	 x20:0x0669c000  x2:0xffffffff  x1=0xffffffff
     140045.000 ns	     14003	80002a88	a01b9553	flt.s	x10,f23,f1	 f23:0x00000000  f1:0x7f800000 x10=0x00000001
     140065.000 ns	     14005	80002a8c	0cb53913	sltiu	x18,x10,203	 x10:0x00000000 x18=0x00000001
     140425.000 ns	     14041	80002a90	02a5f933	remu	x18,x11,x10	 x11:0xfffffc22 x10:0x00000001 x18=0x00000000
     140455.000 ns	     14044	80002a94	e00914d3	fclass.s	x9,f18	 f18:0x80040fe4  x9=0x00000004
     140475.000 ns	     14046	80002a98	00763db3	sltu	x27,x12,x7	 x12:0x00000000  x7:0xfffffdd9 x27=0x00000001
     140485.000 ns	     14047	80002a9c	01478933	add	x18,x15,x20	 x15:0x00000000 x20:0x0669c000 x18=0x0669c000
     140505.000 ns	     14049	80002aa0	c0159053	fcvt.wu.s	x0,f11	 f11:0x7f800000
     140525.000 ns	     14051	80002aa4	d3a82b13	slti	x22,x16,-710	 x16:0x80040fe4 x22=0x00000001
     140545.000 ns	     14053	80002aa8	d00f70d3	fcvt.s.w	f1,x30	 x30:0x0000042e  f1=0x4485c000
     140575.000 ns	     14056	80002aac	f00a0dd3	fmv.w.x	f27,x20	 x20:0x0669c000 f27=0x0669c000
     140595.000 ns	     14058	80002ab0	40cada93	srai	x21,x21,0xc	 x21:0x00000001 x21=0x00000000
     140955.000 ns	     14094	80002ab4	03d9f4b3	remu	x9,x19,x29	 x19:0x80041024 x29:0x8004123f  x9=0x80041024
     140985.000 ns	     14097	80002ab8	e00b1bd3	fclass.s	x23,f22	 f22:0x80000000 x23=0x00000008
     141015.000 ns	     14100	80002abc	a07c2dd3	feq.s	x27,f24,f7	 f24:0x7f800000  f7:0x80000000 x27=0x00000000
     141065.000 ns	     14105	80002ac0	00db7bd3	fadd.s	f23,f22,f13	 f22:0x80000000 f13:0x7fc00000 f23=0x7fc00000
     141085.000 ns	     14107	80002ac4	002a95b3	sll	x11,x21,x2	 x21:0x00000000  x2:0xffffffff x11=0x00000000
     141095.000 ns	     14108	80002ac8	5b60a513	slti	x10,x1,1462	  x1:0xffffffff x10=0x00000001
     141135.000 ns	     14112	80002acc	08ce7653	fsub.s	f12,f28,f12	 f28:0x7f800000 f12:0x00008004 f12=0x7f800000
     141505.000 ns	     14149	80002ad0	02a540b3	div	x1,x10,x10	 x10:0x00000001 x10:0x00000001  x1=0x00000001
     141535.000 ns	     14152	80002ad4	a13b0cd3	fle.s	x25,f22,f19	 f22:0x80000000 f19:0x7fc00000 x25=0x00000000
     141575.000 ns	     14156	80002ad8	197afcd3	fdiv.s	f25,f21,f23	 f21:0xb66e45a2 f23:0x7fc00000 f25=0x7fc00000
     141595.000 ns	     14158	80002adc	51c38793	addi	x15,x7,1308	  x7:0xfffffdd9 x15=0x000002f5
     141605.000 ns	     14159	80002ae0	01c374b3	and	x9,x6,x28	  x6:0xfffff764 x28:0x00000000  x9=0x00000000
     141625.000 ns	     14161	80002ae4	0396fe33	remu	x28,x13,x25	 x13:0x00000000 x25:0x00000000 x28=0x00000000
     141645.000 ns	     14163	80002ae8	0082db13	srli	x22,x5,0x8	  x5:0x7ffffb91 x22=0x007ffffb
     141665.000 ns	     14165	80002aec	02663db3	mulhu	x27,x12,x6	 x12:0x00000000  x6:0xfffff764 x27=0x00000000
     141695.000 ns	     14168	80002af0	28bf9b53	fmax.s	f22,f31,f11	 f31:0x4f800000 f11:0x7f800000 f22=0x7f800000
     141735.000 ns	     14172	80002af4	11daff53	fmul.s	f30,f21,f29	 f21:0xb66e45a2 f29:0xff800000 f30=0x7f800000
     141765.000 ns	     14175	80002af8	d00318d3	fcvt.s.w	f17,x6	  x6:0xfffff764 f17=0xc509c000
     141785.000 ns	     14177	80002afc	01815693	srli	x13,x2,0x18	  x2:0xffffffff x13=0x000000ff
     141795.000 ns	     14178	80002b00	e48ec493	xori	x9,x29,-440	 x29:0x8004123f  x9=0x7ffbec77
     141815.000 ns	     14180	80002b04	215d16d3	fsgnjn.s	f13,f26,f21	 f26:0x7f800000 f21:0xb66e45a2 f13=0x7f800000
     141845.000 ns	     14183	80002b08	21cc2853	fsgnjx.s	f16,f24,f28	 f24:0x7f800000 f28:0x7f800000 f16=0x7f800000
     141875.000 ns	     14186	80002b0c	d0134fd3	fcvt.s.wu	f31,x6	  x6:0xfffff764 f31=0x4f7ffff7
     141925.000 ns	     14191	80002b10	09d4a3d3	fsub.s	f7,f9,f29	  f9:0xcf7ffffe f29:0xff800000  f7=0x7f800000
     141955.000 ns	     14194	80002b14	c0098153	fcvt.w.s	x2,f19	 f19:0x7fc00000  x2=0x7fffffff
     141975.000 ns	     14196	80002b18	41b3d1b3	sra	x3,x7,x27	  x7:0xfffffdd9 x27:0x00000000  x3=0xfffffdd9
     141995.000 ns	     14198	80002b1c	02652533	mulhsu	x10,x10,x6	 x10:0x00000001  x6:0xfffff764 x10=0x00000000
     142015.000 ns	     14200	80002b20	01375893	srli	x17,x14,0x13	 x14:0x00000001 x17=0x00000000
     142035.000 ns	     14202	80002b24	a1868dd3	fle.s	x27,f13,f24	 f13:0x7f800000 f24:0x7f800000 x27=0x00000001
     142065.000 ns	     14205	80002b28	e00b1753	fclass.s	x14,f22	 f22:0x7f800000 x14=0x00000080
     142085.000 ns	     14207	80002b2c	8c153293	sltiu	x5,x10,-1855	 x10:0x00000000  x5=0x00000001
     142115.000 ns	     14210	80002b30	5804c3d3	fsqrt.s	f7,f9	  f9:0xcf7ffffe  f7=0x7fc00000
     142135.000 ns	     14212	80002b34	3e7e0913	addi	x18,x28,999	 x28:0x00000000 x18=0x000003e7
     142155.000 ns	     14214	80002b38	2073a853	fsgnjx.s	f16,f7,f7	  f7:0x7fc00000  f7:0x7fc00000 f16=0x7fc00000
     142525.000 ns	     14251	80002b3c	02fb5bb3	divu	x23,x22,x15	 x22:0x007ffffb x15:0x000002f5 x23=0x00002b49
     142555.000 ns	     14254	80002b40	c01cf553	fcvt.wu.s	x10,f25	 f25:0x7fc00000 x10=0xffffffff
     142575.000 ns	     14256	80002b44	897c6a13	ori	x20,x24,-1897	 x24:0x00000000 x20=0xfffff897
     142595.000 ns	     14258	80002b48	d001b1d3	fcvt.s.w	f3,x3	  x3:0xfffffdd9  f3=0xc409c000
     142625.000 ns	     14261	80002b4c	a1c38f53	fle.s	x30,f7,f28	  f7:0x7fc00000 f28:0x7f800000 x30=0x00000000
     142655.000 ns	     14264	80002b50	a02310d3	flt.s	x1,f6,f2	  f6:0x7f800000  f2:0xff800000  x1=0x00000000
     142675.000 ns	     14266	80002b54	011c9733	sll	x14,x25,x17	 x25:0x00000000 x17:0x00000000 x14=0x00000000
     142685.000 ns	     14267	80002b58	28f0a113	slti	x2,x1,655	  x1:0x00000000  x2=0x00000001
     142705.000 ns	     14269	80002b5c	d007b4d3	fcvt.s.w	f9,x15	 x15:0x000002f5  f9=0x443d4000
     142735.000 ns	     14272	80002b60	02981c33	mulh	x24,x16,x9	 x16:0x80040fe4  x9:0x7ffbec77 x24=0xc00411a5
     142755.000 ns	     14274	80002b64	0140edb3	or	x27,x1,x20	  x1:0x00000000 x20:0xfffff897 x27=0xfffff897
     142795.000 ns	     14278	80002b68	09e876d3	fsub.s	f13,f16,f30	 f16:0x7fc00000 f30:0x7f800000 f13=0x7fc00000
     142825.000 ns	     14281	80002b6c	d0061bd3	fcvt.s.w	f23,x12	 x12:0x00000000 f23=0x00000000
     142855.000 ns	     14284	80002b70	2024abd3	fsgnjx.s	f23,f9,f2	  f9:0x443d4000  f2:0xff800000 f23=0xc43d4000
     142885.000 ns	     14287	80002b74	f00703d3	fmv.w.x	f7,x14	 x14:0x00000000  f7=0x00000000
     142915.000 ns	     14290	80002b78	02b867b3	rem	x15,x16,x11	 x16:0x80040fe4 x11:0x00000000 x15=0x80040fe4
     142945.000 ns	     14293	80002b7c	a0410053	fle.s	x0,f2,f4	  f2:0xff800000  f4:0x7f800000
     142995.000 ns	     14298	80002b80	09039c53	fsub.s	f24,f7,f16	  f7:0x00000000 f16:0x7fc00000 f24=0x7fc00000
     143025.000 ns	     14301	80002b84	a02ba053	feq.s	x0,f23,f2	 f23:0xc43d4000  f2:0xff800000
     143045.000 ns	     14303	80002b88	00cd8733	add	x14,x27,x12	 x27:0xfffff897 x12:0x00000000 x14=0xfffff897
     143085.000 ns	     14307	80002b8c	01e61253	fadd.s	f4,f12,f30	 f12:0x7f800000 f30:0x7f800000  f4=0x00000000
     143105.000 ns	     14309	80002b90	af20f313	andi	x6,x1,-1294	  x1:0x00000000  x6=0x00000000
     143125.000 ns	     14311	80002b94	28689a53	fmax.s	f20,f17,f6	 f17:0xc509c000  f6:0x7f800000 f20=0x7f800000
     143145.000 ns	     14313	80002b98	01ab9133	sll	x2,x23,x26	 x23:0x00002b49 x26:0x7f800000  x2=0x00002b49
     143165.000 ns	     14315	80002b9c	206b8e53	fsgnj.s	f28,f23,f6	 f23:0xc43d4000  f6:0x7f800000 f28=0x443d4000
     143195.000 ns	     14318	80002ba0	28448853	fmin.s	f16,f9,f4	  f9:0x443d4000  f4:0x00000000 f16=0x00000000
     143225.000 ns	     14321	80002ba4	0207d4b3	divu	x9,x15,x0	 x15:0x80040fe4  x0:0x00000000  x9=0xffffffff
     143245.000 ns	     14323	80002ba8	003f9e13	slli	x28,x31,0x3	 x31:0x00000001 x28=0x00000008
     143255.000 ns	     14324	80002bac	0080b5b7	lui	x11,0x80b	 x11=0x0080b000
     143265.000 ns	     14325	80002bb0	006f4f33	xor	x30,x30,x6	 x30:0x00000000  x6:0x00000000 x30=0x00000000
     143275.000 ns	     14326	80002bb4	4158d033	sra	x0,x17,x21	 x17:0x00000000 x21:0x00000000
     143295.000 ns	     14328	80002bb8	20658753	fsgnj.s	f14,f11,f6	 f11:0x7f800000  f6:0x7f800000 f14=0x7f800000
     143315.000 ns	     14330	80002bbc	0032bcb3	sltu	x25,x5,x3	  x5:0x00000001  x3:0xfffffdd9 x25=0x00000001
     143675.000 ns	     14366	80002bc0	030dc8b3	div	x17,x27,x16	 x27:0xfffff897 x16:0x80040fe4 x17=0x00000000
     143725.000 ns	     14371	80002bc4	019f11d3	fadd.s	f3,f30,f25	 f30:0x7f800000 f25:0x7fc00000  f3=0x7fc00000
     143745.000 ns	     14373	80002bc8	86227113	andi	x2,x4,-1950	  x4:0x00000000  x2=0x00000000
     143755.000 ns	     14374	80002bcc	77c264b7	lui	x9,0x77c26	  x9=0x77c26000
     143775.000 ns	     14376	80002bd0	28a80d53	fmin.s	f26,f16,f10	 f16:0x00000000 f10:0xff800000 f26=0xff800000
     143795.000 ns	     14378	80002bd4	00929793	slli	x15,x5,0x9	  x5:0x00000001 x15=0x00000200
     143805.000 ns	     14379	80002bd8	41dd02b3	sub	x5,x26,x29	 x26:0x7f800000 x29:0x8004123f  x5=0xff7bedc1
     143815.000 ns	     14380	80002bdc	8e924293	xori	x5,x4,-1815	  x4:0x00000000  x5=0xfffff8e9
     143835.000 ns	     14382	80002be0	d0057f53	fcvt.s.w	f30,x10	 x10:0xffffffff f30=0xbf800000
     143865.000 ns	     14385	80002be4	c019f353	fcvt.wu.s	x6,f19	 f19:0x7fc00000  x6=0xffffffff
     143895.000 ns	     14388	80002be8	e0020153	fmv.x.w	x2,f4	  f4:0x00000000  x2=0x00000000
     143915.000 ns	     14390	80002bec	00f385b3	add	x11,x7,x15	  x7:0xfffffdd9 x15:0x00000200 x11=0xffffffd9
     143925.000 ns	     14391	80002bf0	18726297	auipc	x5,0x18726	  x5=0x98728bf0
     143945.000 ns	     14393	80002bf4	021d3933	mulhu	x18,x26,x1	 x26:0x7f800000  x1:0x00000000 x18=0x00000000
     143965.000 ns	     14395	80002bf8	2cb103b7	lui	x7,0x2cb10	  x7=0x2cb10000
     143985.000 ns	     14397	80002bfc	02f821b3	mulhsu	x3,x16,x15	 x16:0x80040fe4 x15:0x00000200  x3=0xffffff00
     144005.000 ns	     14399	80002c00	b7910eb7	lui	x29,0xb7910	 x29=0xb7910000
     144025.000 ns	     14401	80002c04	29b19dd3	fmax.s	f27,f3,f27	  f3:0x7fc00000 f27:0x0669c000 f27=0x0669c000
     144055.000 ns	     14404	80002c08	a15c21d3	feq.s	x3,f24,f21	 f24:0x7fc00000 f21:0xb66e45a2  x3=0x00000000
     144075.000 ns	     14406	80002c0c	00000013	addi	x0,x0,0	  x0:0x00000000
     144085.000 ns	     14407	80002c10	01671e93	slli	x29,x14,0x16	 x14:0xfffff897 x29=0x25c00000
     144105.000 ns	     14409	80002c14	c01d18d3	fcvt.wu.s	x17,f26	 f26:0xff800000 x17=0x00000000
     144135.000 ns	     14412	80002c18	a12027d3	feq.s	x15,f0,f18	  f0:0xff800000 f18:0x80040fe4 x15=0x00000000
     144185.000 ns	     14417	80002c1c	08057a53	fsub.s	f20,f10,f0	 f10:0xff800000  f0:0xff800000 f20=0x00000000
     144555.000 ns	     14454	80002c20	0271dab3	divu	x21,x3,x7	  x3:0x00000000  x7:0x2cb10000 x21=0x00000000
     144575.000 ns	     14456	80002c24	1b1e0b37	lui	x22,0x1b1e0	 x22=0x1b1e0000
     144585.000 ns	     14457	80002c28	e989ff93	andi	x31,x19,-360	 x19:0x80041024 x31=0x80041000
     144605.000 ns	     14459	80002c2c	28140053	fmin.s	f0,f8,f1	  f8:0x7fc00000  f1:0x4485c000  f0=0x4485c000
     144625.000 ns	     14461	80002c30	01661513	slli	x10,x12,0x16	 x12:0x00000000 x10=0x00000000
     144645.000 ns	     14463	80002c34	c010f1d3	fcvt.wu.s	x3,f1	  f1:0x4485c000  x3=0x0000042e
     144675.000 ns	     14466	80002c38	0355eb33	rem	x22,x11,x21	 x11:0xffffffd9 x21:0x00000000 x22=0xffffffd9
     144705.000 ns	     14469	80002c3c	f0090853	fmv.w.x	f16,x18	 x18:0x00000000 f16=0x00000000
     144735.000 ns	     14472	80002c40	026c38b3	mulhu	x17,x24,x6	 x24:0xc00411a5  x6:0xffffffff x17=0xc00411a4
     144785.000 ns	     14477	80002c44	085b0853	fsub.s	f16,f22,f5	 f22:0x7f800000  f5:0xb66e45a2 f16=0x7f800000
     145155.000 ns	     14514	80002c48	0345de33	divu	x28,x11,x20	 x11:0xffffffd9 x20:0xfffff897 x28=0x00000001
     145185.000 ns	     14517	80002c4c	03d3afb3	mulhsu	x31,x7,x29	  x7:0x2cb10000 x29:0x25c00000 x31=0x069719c0
     145205.000 ns	     14519	80002c50	43bd0013	addi	x0,x26,1083	 x26:0x7f800000
     145215.000 ns	     14520	80002c54	000023b3	slt	x7,x0,x0	  x0:0x00000000  x0:0x00000000  x7=0x00000000
     145235.000 ns	     14522	80002c58	a13aad53	feq.s	x26,f21,f19	 f21:0xb66e45a2 f19:0x7fc00000 x26=0x00000000
     145265.000 ns	     14525	80002c5c	c0107ed3	fcvt.wu.s	x29,f0	  f0:0x4485c000 x29=0x0000042e
     145305.000 ns	     14529	80002c60	580c0353	fsqrt.s	f6,f24	 f24:0x7fc00000  f6=0x7fc00000
     145335.000 ns	     14532	80002c64	20daa2d3	fsgnjx.s	f5,f21,f13	 f21:0xb66e45a2 f13:0x7fc00000  f5=0xb66e45a2
     145355.000 ns	     14534	80002c68	015f63b3	or	x7,x30,x21	 x30:0x00000000 x21:0x00000000  x7=0x00000000
     145365.000 ns	     14535	80002c6c	004ef6b3	and	x13,x29,x4	 x29:0x0000042e  x4:0x00000000 x13=0x00000000
     145385.000 ns	     14537	80002c70	c015f753	fcvt.wu.s	x14,f11	 f11:0x7f800000 x14=0xffffffff
     145405.000 ns	     14539	80002c74	164d2b93	slti	x23,x26,356	 x26:0x00000000 x23=0x00000001
     145425.000 ns	     14541	80002c78	03e81cb3	mulh	x25,x16,x30	 x16:0x80040fe4 x30:0x00000000 x25=0x00000000
     145445.000 ns	     14543	80002c7c	40b85913	srai	x18,x16,0xb	 x16:0x80040fe4 x18=0xfff00081
     145465.000 ns	     14545	80002c80	039b72b3	remu	x5,x22,x25	 x22:0xffffffd9 x25:0x00000000  x5=0xffffffd9
     145495.000 ns	     14548	80002c84	28aa81d3	fmin.s	f3,f21,f10	 f21:0xb66e45a2 f10:0xff800000  f3=0xff800000
     145525.000 ns	     14551	80002c88	038d0ab3	mul	x21,x26,x24	 x26:0x00000000 x24:0xc00411a5 x21=0x00000000
     145565.000 ns	     14555	80002c8c	5807f253	fsqrt.s	f4,f15	 f15:0xc37b0000  f4=0x7fc00000
     145585.000 ns	     14557	80002c90	925ce013	ori	x0,x25,-1755	 x25:0x00000000
     145595.000 ns	     14558	80002c94	00c65e93	srli	x29,x12,0xc	 x12:0x00000000 x29=0x00000000
     145635.000 ns	     14562	80002c98	01587b53	fadd.s	f22,f16,f21	 f16:0x7f800000 f21:0xb66e45a2 f22=0x7f800000
     145665.000 ns	     14565	80002c9c	c0164bd3	fcvt.wu.s	x23,f12	 f12:0x7f800000 x23=0xffffffff
     145695.000 ns	     14568	80002ca0	d0103553	fcvt.s.wu	f10,x0	  x0:0x00000000 f10=0x00000000
     145715.000 ns	     14570	80002ca4	40f686b3	sub	x13,x13,x15	 x13:0x00000000 x15:0x00000000 x13=0x00000000
     145725.000 ns	     14571	80002ca8	0051d933	srl	x18,x3,x5	  x3:0x0000042e  x5:0xffffffd9 x18=0x00000000
     145745.000 ns	     14573	80002cac	a17a2e53	feq.s	x28,f20,f23	 f20:0x00000000 f23:0xc43d4000 x28=0x00000000
     145785.000 ns	     14577	80002cb0	1864f553	fdiv.s	f10,f9,f6	  f9:0x443d4000  f6:0x7fc00000 f10=0x7fc00000
     145815.000 ns	     14580	80002cb4	02f08fb3	mul	x31,x1,x15	  x1:0x00000000 x15:0x00000000 x31=0x00000000
     145835.000 ns	     14582	80002cb8	00dbf1b3	and	x3,x23,x13	 x23:0xffffffff x13:0x00000000  x3=0x00000000
     145855.000 ns	     14584	80002cbc	e0058453	fmv.x.w	x8,f11	 f11:0x7f800000  x8=0x7f800000
     145885.000 ns	     14587	80002cc0	c00aa353	fcvt.w.s	x6,f21	 f21:0xb66e45a2  x6=0xffffffff
     145915.000 ns	     14590	80002cc4	20d00553	fsgnj.s	f10,f0,f13	  f0:0x4485c000 f13:0x7fc00000 f10=0x4485c000
     145935.000 ns	     14592	80002cc8	405454b3	sra	x9,x8,x5	  x8:0x7f800000  x5:0xffffffd9  x9=0x0000003f
     145945.000 ns	     14593	80002ccc	01bff3b3	and	x7,x31,x27	 x31:0x00000000 x27:0xfffff897  x7=0x00000000
     145965.000 ns	     14595	80002cd0	02429f33	mulh	x30,x5,x4	  x5:0xffffffd9  x4:0x00000000 x30=0x00000000
     145985.000 ns	     14597	80002cd4	00f3de33	srl	x28,x7,x15	  x7:0x00000000 x15:0x00000000 x28=0x00000000
     146005.000 ns	     14599	80002cd8	025f0ab3	mul	x21,x30,x5	 x30:0x00000000  x5:0xffffffd9 x21=0x00000000
     146035.000 ns	     14602	80002cdc	023cceb3	div	x29,x25,x3	 x25:0x00000000  x3:0x00000000 x29=0xffffffff
     146065.000 ns	     14605	80002ce0	a0d10b53	fle.s	x22,f2,f13	  f2:0xff800000 f13:0x7fc00000 x22=0x00000000
     146085.000 ns	     14607	80002ce4	00a85613	srli	x12,x16,0xa	 x16:0x80040fe4 x12=0x00200103
     146115.000 ns	     14610	80002ce8	5802a6d3	fsqrt.s	f13,f5	  f5:0xb66e45a2 f13=0x7fc00000
     146135.000 ns	     14612	80002cec	01e261b3	or	x3,x4,x30	  x4:0x00000000 x30:0x00000000  x3=0x00000000
     146155.000 ns	     14614	80002cf0	210512d3	fsgnjn.s	f5,f10,f16	 f10:0x4485c000 f16:0x7f800000  f5=0xc485c000
     146175.000 ns	     14616	80002cf4	41135b93	srai	x23,x6,0x11	  x6:0xffffffff x23=0xffffffff
     146195.000 ns	     14618	80002cf8	d01e35d3	fcvt.s.wu	f11,x28	 x28:0x00000000 f11=0x00000000
     146225.000 ns	     14621	80002cfc	d00dacd3	fcvt.s.w	f25,x27	 x27:0xfffff897 f25=0xc4ed2000
     146245.000 ns	     14623	80002d00	d4b23f13	sltiu	x30,x4,-693	  x4:0x00000000 x30=0x00000001
     146265.000 ns	     14625	80002d04	28919253	fmax.s	f4,f3,f9	  f3:0xff800000  f9:0x443d4000  f4=0x443d4000
     146315.000 ns	     14630	80002d08	000275d3	fadd.s	f11,f4,f0	  f4:0x7fc00000  f0:0x4485c000 f11=0x44e46000
     146335.000 ns	     14632	80002d0c	b9cb8e13	addi	x28,x23,-1124	 x23:0xffffffff x28=0xfffffb9b
     146345.000 ns	     14633	80002d10	418c5713	srai	x14,x24,0x18	 x24:0xc00411a5 x14=0xffffffc0
     146365.000 ns	     14635	80002d14	a0b28c53	fle.s	x24,f5,f11	  f5:0xc485c000 f11:0x44e46000 x24=0x00000001
     146405.000 ns	     14639	80002d18	18ab04d3	fdiv.s	f9,f22,f10	 f22:0x7f800000 f10:0x4485c000  f9=0x7f800000
     146435.000 ns	     14642	80002d1c	a19b0053	fle.s	x0,f22,f25	 f22:0x7f800000 f25:0xc4ed2000
     146455.000 ns	     14644	80002d20	00f8d713	srli	x14,x17,0xf	 x17:0xc00411a4 x14=0x00018008
     146475.000 ns	     14646	80002d24	e0040f53	fmv.x.w	x30,f8	  f8:0x7fc00000 x30=0x7fc00000
     146525.000 ns	     14651	80002d28	01c184d3	fadd.s	f9,f3,f28	  f3:0xff800000 f28:0x443d4000  f9=0xff800000
     146545.000 ns	     14653	80002d2c	00afc7b3	xor	x15,x31,x10	 x31:0x00000000 x10:0x00000000 x15=0x00000000
     146555.000 ns	     14654	80002d30	40ba5ab3	sra	x21,x20,x11	 x20:0xfffff897 x11:0xffffffd9 x21=0xffffffff
     146575.000 ns	     14656	80002d34	03e68433	mul	x8,x13,x30	 x13:0x00000000 x30:0x7fc00000  x8=0x00000000
     146595.000 ns	     14658	80002d38	01b31bb3	sll	x23,x6,x27	  x6:0xffffffff x27:0xfffff897 x23=0xff800000
     146615.000 ns	     14660	80002d3c	a1e41f53	flt.s	x30,f8,f30	  f8:0x7fc00000 f30:0xbf800000 x30=0x00000000
     146635.000 ns	     14662	80002d40	002a32b3	sltu	x5,x20,x2	 x20:0xfffff897  x2:0x00000000  x5=0x00000000
     146645.000 ns	     14663	80002d44	010cecb3	or	x25,x25,x16	 x25:0x00000000 x16:0x80040fe4 x25=0x80040fe4
     146655.000 ns	     14664	80002d48	40318733	sub	x14,x3,x3	  x3:0x00000000  x3:0x00000000 x14=0x00000000
     146675.000 ns	     14666	80002d4c	0249e6b3	rem	x13,x19,x4	 x19:0x80041024  x4:0x00000000 x13=0x80041024
     146705.000 ns	     14669	80002d50	03e28ab3	mul	x21,x5,x30	  x5:0x00000000 x30:0x00000000 x21=0x00000000
     146735.000 ns	     14672	80002d54	03de97b3	mulh	x15,x29,x29	 x29:0xffffffff x29:0xffffffff x15=0x00000000
     146755.000 ns	     14674	80002d58	00000013	addi	x0,x0,0	  x0:0x00000000
     146765.000 ns	     14675	80002d5c	8ab9c597	auipc	x11,0x8ab9c	 x11=0x0ab9ed5c
     146785.000 ns	     14677	80002d60	20a326d3	fsgnjx.s	f13,f6,f10	  f6:0x7fc00000 f10:0x4485c000 f13=0x7fc00000
     146815.000 ns	     14680	80002d64	a1a32cd3	feq.s	x25,f6,f26	  f6:0x7fc00000 f26:0xff800000 x25=0x00000000
     146845.000 ns	     14683	80002d68	f00202d3	fmv.w.x	f5,x4	  x4:0x00000000  f5=0x00000000
     146865.000 ns	     14685	80002d6c	406980b3	sub	x1,x19,x6	 x19:0x80041024  x6:0xffffffff  x1=0x80041025
     146885.000 ns	     14687	80002d70	038cbbb3	mulhu	x23,x25,x24	 x25:0x00000000 x24:0x00000001 x23=0x00000000
     146915.000 ns	     14690	80002d74	d0151353	fcvt.s.wu	f6,x10	 x10:0x00000000  f6=0x00000000
     146945.000 ns	     14693	80002d78	f00807d3	fmv.w.x	f15,x16	 x16:0x80040fe4 f15=0x80040fe4
     146965.000 ns	     14695	80002d7c	de757393	andi	x7,x10,-537	 x10:0x00000000  x7=0x00000000
     146975.000 ns	     14696	80002d80	00fd9513	slli	x10,x27,0xf	 x27:0xfffff897 x10=0xfc4b8000
     146985.000 ns	     14697	80002d84	01091c93	slli	x25,x18,0x10	 x18:0x00000000 x25=0x00000000
     147005.000 ns	     14699	80002d88	21a68ad3	fsgnj.s	f21,f13,f26	 f13:0x7fc00000 f26:0xff800000 f21=0xffc00000
     147035.000 ns	     14702	80002d8c	282087d3	fmin.s	f15,f1,f2	  f1:0x4485c000  f2:0xff800000 f15=0xff800000
     147405.000 ns	     14739	80002d90	031f5eb3	divu	x29,x30,x17	 x30:0x00000000 x17:0xc00411a4 x29=0x00000000
     147435.000 ns	     14742	80002d94	033e3133	mulhu	x2,x28,x19	 x28:0xfffffb9b x19:0x80041024  x2=0x80040df1
     147455.000 ns	     14744	80002d98	40140333	sub	x6,x8,x1	  x8:0x00000000  x1:0x80041025  x6=0x7ffbefdb
     147465.000 ns	     14745	80002d9c	7c3bb093	sltiu	x1,x23,1987	 x23:0x00000000  x1=0x00000001
     147475.000 ns	     14746	80002da0	41db5e33	sra	x28,x22,x29	 x22:0x00000000 x29:0x00000000 x28=0x00000000
     147495.000 ns	     14748	80002da4	a1e6a3d3	feq.s	x7,f13,f30	 f13:0x7fc00000 f30:0xbf800000  x7=0x00000000
     147515.000 ns	     14750	80002da8	344fcb97	auipc	x23,0x344fc	 x23=0xb44feda8
     147535.000 ns	     14752	80002dac	c00071d3	fcvt.w.s	x3,f0	  f0:0x4485c000  x3=0x0000042e
     147555.000 ns	     14754	80002db0	e0538c13	addi	x24,x7,-507	  x7:0x00000000 x24=0xfffffe05
     147575.000 ns	     14756	80002db4	f00a8ed3	fmv.w.x	f29,x21	 x21:0x00000000 f29=0x00000000
     147595.000 ns	     14758	80002db8	01f337b3	sltu	x15,x6,x31	  x6:0x7ffbefdb x31:0x00000000 x15=0x00000000
     147605.000 ns	     14759	80002dbc	63f98297	auipc	x5,0x63f98	  x5=0xe3f9adbc
     147615.000 ns	     14760	80002dc0	a7644e93	xori	x29,x8,-1418	  x8:0x00000000 x29=0xfffffa76
     147625.000 ns	     14761	80002dc4	00215593	srli	x11,x2,0x2	  x2:0x80040df1 x11=0x2001037c
     147635.000 ns	     14762	80002dc8	bdac0313	addi	x6,x24,-1062	 x24:0xfffffe05  x6=0xfffff9df
     147645.000 ns	     14763	80002dcc	41ee08b3	sub	x17,x28,x30	 x28:0x00000000 x30:0x00000000 x17=0x00000000
     147665.000 ns	     14765	80002dd0	e00704d3	fmv.x.w	x9,f14	 f14:0x7f800000  x9=0x7f800000
     147695.000 ns	     14768	80002dd4	c0178fd3	fcvt.wu.s	x31,f15	 f15:0xff800000 x31=0x00000000
     147725.000 ns	     14771	80002dd8	022b83b3	mul	x7,x23,x2	 x23:0xb44feda8  x2:0x80040df1  x7=0x84f04328
     147745.000 ns	     14773	80002ddc	e5588b37	lui	x22,0xe5588	 x22=0xe5588000
     147785.000 ns	     14777	80002de0	00817053	fadd.s	f0,f2,f8	  f2:0xff800000  f8:0x7fc00000  f0=0x7fc00000
     147805.000 ns	     14779	80002de4	41a75713	srai	x14,x14,0x1a	 x14:0x00000000 x14=0x00000000
     147845.000 ns	     14783	80002de8	012dfdd3	fadd.s	f27,f27,f18	 f27:0x0669c000 f18:0x80040fe4 f27=0x0669bfbf
     147875.000 ns	     14786	80002dec	02670db3	mul	x27,x14,x6	 x14:0x00000000  x6:0xfffff9df x27=0x00000000
     147905.000 ns	     14789	80002df0	024f50b3	divu	x1,x30,x4	 x30:0x00000000  x4:0x00000000  x1=0xffffffff
     147925.000 ns	     14791	80002df4	19e3ad13	slti	x26,x7,414	  x7:0x84f04328 x26=0x00000001
     147935.000 ns	     14792	80002df8	d03e9337	lui	x6,0xd03e9	  x6=0xd03e9000
     147945.000 ns	     14793	80002dfc	01803633	sltu	x12,x0,x24	  x0:0x00000000 x24:0xfffffe05 x12=0x00000001
     148305.000 ns	     14829	80002e00	0261ed33	rem	x26,x3,x6	  x3:0x0000042e  x6:0xfffff9df x26=0x0000042e
     148325.000 ns	     14831	80002e04	00000013	addi	x0,x0,0	  x0:0x00000000
     148345.000 ns	     14833	80002e08	210d0ed3	fsgnj.s	f29,f26,f16	 f26:0xff800000 f16:0x7f800000 f29=0x7f800000
     148365.000 ns	     14835	80002e0c	003c9933	sll	x18,x25,x3	 x25:0x00000000  x3:0x0000042e x18=0x00000000
     148385.000 ns	     14837	80002e10	21401553	fsgnjn.s	f10,f0,f20	  f0:0x7fc00000 f20:0x00000000 f10=0xffc00000
     148405.000 ns	     14839	80002e14	40755033	sra	x0,x10,x7	 x10:0xfc4b8000  x7:0x84f04328
     148415.000 ns	     14840	80002e18	00be01b3	add	x3,x28,x11	 x28:0x00000000 x11:0x2001037c  x3=0x2001037c
     148425.000 ns	     14841	80002e1c	01cdb033	sltu	x0,x27,x28	 x27:0x00000000 x28:0x00000000
     148445.000 ns	     14843	80002e20	d00a26d3	fcvt.s.w	f13,x20	 x20:0xfffff897 f13=0xc4ed2000
     148465.000 ns	     14845	80002e24	9bf7ef93	ori	x31,x15,-1601	 x15:0x00000000 x31=0xfffff9bf
     148485.000 ns	     14847	80002e28	212126d3	fsgnjx.s	f13,f2,f18	  f2:0xff800000 f18:0x80040fe4 f13=0x7f800000
     148505.000 ns	     14849	80002e2c	96513eb7	lui	x29,0x96513	 x29=0x96513000
     148525.000 ns	     14851	80002e30	d00179d3	fcvt.s.w	f19,x2	  x2:0x80040df1 f19=0xcefff7e4
     148555.000 ns	     14854	80002e34	e00a96d3	fclass.s	x13,f21	 f21:0xffc00000 x13=0x00000200
     148575.000 ns	     14856	80002e38	001eee33	or	x28,x29,x1	 x29:0x96513000  x1:0xffffffff x28=0xffffffff
     148595.000 ns	     14858	80002e3c	a0a12a53	feq.s	x20,f2,f10	  f2:0xff800000 f10:0xffc00000 x20=0x00000000
     148615.000 ns	     14860	80002e40	edad4d13	xori	x26,x26,-294	 x26:0x0000042e x26=0xfffffaf4
     148625.000 ns	     14861	80002e44	002e8b33	add	x22,x29,x2	 x29:0x96513000  x2:0x80040df1 x22=0x16553df1
     148645.000 ns	     14863	80002e48	033932b3	mulhu	x5,x18,x19	 x18:0x00000000 x19:0x80041024  x5=0x00000000
     149015.000 ns	     14900	80002e4c	037be733	rem	x14,x23,x23	 x23:0xb44feda8 x23:0xb44feda8 x14=0x00000000
     149045.000 ns	     14903	80002e50	29331bd3	fmax.s	f23,f6,f19	  f6:0x00000000 f19:0xcefff7e4 f23=0x00000000
     149075.000 ns	     14906	80002e54	03420533	mul	x10,x4,x20	  x4:0x00000000 x20:0x00000000 x10=0x00000000
     149105.000 ns	     14909	80002e58	28140953	fmin.s	f18,f8,f1	  f8:0x7fc00000  f1:0x4485c000 f18=0x4485c000
     149475.000 ns	     14946	80002e5c	029b6bb3	rem	x23,x22,x9	 x22:0x16553df1  x9:0x7f800000 x23=0x16553df1
     149495.000 ns	     14948	80002e60	3e80e893	ori	x17,x1,1000	  x1:0xffffffff x17=0xffffffff
     149515.000 ns	     14950	80002e64	03ec47b3	div	x15,x24,x30	 x24:0xfffffe05 x30:0x00000000 x15=0xffffffff
     149535.000 ns	     14952	80002e68	40a3dc13	srai	x24,x7,0xa	  x7:0x84f04328 x24=0xffe13c10
     149555.000 ns	     14954	80002e6c	21e522d3	fsgnjx.s	f5,f10,f30	 f10:0xffc00000 f30:0xbf800000  f5=0x7fc00000
     149585.000 ns	     14957	80002e70	d0017853	fcvt.s.w	f16,x2	  x2:0x80040df1 f16=0xcefff7e4
     149615.000 ns	     14960	80002e74	036482b3	mul	x5,x9,x22	  x9:0x7f800000 x22:0x16553df1  x5=0x87800000
     149635.000 ns	     14962	80002e78	c3182417	auipc	x8,0xc3182	  x8=0x43184e78
     149655.000 ns	     14964	80002e7c	d0001fd3	fcvt.s.w	f31,x0	  x0:0x00000000 f31=0x00000000
     149675.000 ns	     14966	80002e80	f4046b93	ori	x23,x8,-192	  x8:0x00000000 x23=0xffffff78
     149695.000 ns	     14968	80002e84	a05081d3	fle.s	x3,f1,f5	  f1:0x4485c000  f5:0x7fc00000  x3=0x00000000
     150065.000 ns	     15005	80002e88	03317533	remu	x10,x2,x19	  x2:0x80040df1 x19:0x80041024 x10=0x80040df1
     150085.000 ns	     15007	80002e8c	d8502497	auipc	x9,0xd8502	  x9=0x58504e8c
     150095.000 ns	     15008	80002e90	1d202613	slti	x12,x0,466	  x0:0x00000000 x12=0x00000001
     150115.000 ns	     15010	80002e94	d011cb53	fcvt.s.wu	f22,x3	  x3:0x00000000 f22=0x00000000
     150135.000 ns	     15012	80002e98	6d0ec113	xori	x2,x29,1744	 x29:0x96513000  x2=0x965136d0
     150145.000 ns	     15013	80002e9c	af725617	auipc	x12,0xaf725	 x12=0x2f727e9c
     150155.000 ns	     15014	80002ea0	00b110b3	sll	x1,x2,x11	  x2:0x80040df1 x11:0x2001037c  x1=0x00000000
     150165.000 ns	     15015	80002ea4	41e10033	sub	x0,x2,x30	  x2:0x965136d0 x30:0x00000000
     150175.000 ns	     15016	80002ea8	00ad0a33	add	x20,x26,x10	 x26:0xfffffaf4 x10:0x80040df1 x20=0x800408e5
     150185.000 ns	     15017	80002eac	41278db3	sub	x27,x15,x18	 x15:0xffffffff x18:0x00000000 x27=0xffffffff
     150205.000 ns	     15019	80002eb0	f00c03d3	fmv.w.x	f7,x24	 x24:0xffe13c10  f7=0xffe13c10
     150225.000 ns	     15021	80002eb4	0113f3b3	and	x7,x7,x17	  x7:0x84f04328 x17:0xffffffff  x7=0x84f04328
     150245.000 ns	     15023	80002eb8	03c882b3	mul	x5,x17,x28	 x17:0xffffffff x28:0xffffffff  x5=0x00000001
     150275.000 ns	     15026	80002ebc	21899453	fsgnjn.s	f8,f19,f24	 f19:0xcefff7e4 f24:0x7fc00000  f8=0xcefff7e4
     150295.000 ns	     15028	80002ec0	1f4ec693	xori	x13,x29,500	 x29:0x96513000 x13=0x965131f4
     150305.000 ns	     15029	80002ec4	00000013	addi	x0,x0,0	  x0:0x00000000
     150315.000 ns	     15030	80002ec8	88fc4637	lui	x12,0x88fc4	 x12=0x88fc4000
     150335.000 ns	     15032	80002ecc	a0a89753	flt.s	x14,f17,f10	 f17:0xc509c000 f10:0xffc00000 x14=0x00000000
     150375.000 ns	     15036	80002ed0	580efcd3	fsqrt.s	f25,f29	 f29:0x7f800000 f25=0x7f800000
     150405.000 ns	     15039	80002ed4	02589933	mulh	x18,x17,x5	 x17:0xffffffff  x5:0x00000001 x18=0xffffffff
     150425.000 ns	     15041	80002ed8	0099dc33	srl	x24,x19,x9	 x19:0x80041024  x9:0x58504e8c x24=0x00080041
     150435.000 ns	     15042	80002edc	41efd033	sra	x0,x31,x30	 x31:0xfffff9bf x30:0x00000000
     150455.000 ns	     15044	80002ee0	02f1be33	mulhu	x28,x3,x15	  x3:0x00000000 x15:0xffffffff x28=0x00000000
     150485.000 ns	     15047	80002ee4	21b717d3	fsgnjn.s	f15,f14,f27	 f14:0x7f800000 f27:0x0669bfbf f15=0xff800000
     150515.000 ns	     15050	80002ee8	a13ea453	feq.s	x8,f29,f19	 f29:0x7f800000 f19:0xcefff7e4  x8=0x00000000
     150565.000 ns	     15055	80002eec	01bb9ed3	fadd.s	f29,f23,f27	 f23:0x00000000 f27:0x0669bfbf f29=0x0669bfbf
     150585.000 ns	     15057	80002ef0	0146e033	or	x0,x13,x20	 x13:0x965131f4 x20:0x800408e5
     150945.000 ns	     15093	80002ef4	03bcd0b3	divu	x1,x25,x27	 x25:0x00000000 x27:0xffffffff  x1=0x00000000
     150975.000 ns	     15096	80002ef8	d0148bd3	fcvt.s.wu	f23,x9	  x9:0x58504e8c f23=0x4eb0a09d
     151005.000 ns	     15099	80002efc	02408ab3	mul	x21,x1,x4	  x1:0x00000000  x4:0x00000000 x21=0x00000000
     151025.000 ns	     15101	80002f00	17533793	sltiu	x15,x6,373	  x6:0xd03e9000 x15=0x00000000
     151035.000 ns	     15102	80002f04	414e8633	sub	x12,x29,x20	 x29:0x96513000 x20:0x800408e5 x12=0x164d271b
     151045.000 ns	     15103	80002f08	00000013	addi	x0,x0,0	  x0:0x00000000
     151055.000 ns	     15104	80002f0c	404adfb3	sra	x31,x21,x4	 x21:0x00000000  x4:0x00000000 x31=0x00000000
     151075.000 ns	     15106	80002f10	c0099fd3	fcvt.w.s	x31,f19	 f19:0xcefff7e4 x31=0x80040e00
     151105.000 ns	     15109	80002f14	034d1733	mulh	x14,x26,x20	 x26:0xfffffaf4 x20:0x800408e5 x14=0x00000285
     151125.000 ns	     15111	80002f18	00751e33	sll	x28,x10,x7	 x10:0x80040df1  x7:0x84f04328 x28=0x040df100
     151165.000 ns	     15115	80002f1c	081e35d3	fsub.s	f11,f28,f1	 f28:0x443d4000  f1:0x4485c000 f11=0xc39c8000
     151195.000 ns	     15118	80002f20	21cd25d3	fsgnjx.s	f11,f26,f28	 f26:0xff800000 f28:0x443d4000 f11=0xff800000
     151215.000 ns	     15120	80002f24	41500133	sub	x2,x0,x21	  x0:0x00000000 x21:0x00000000  x2=0x00000000
     151225.000 ns	     15121	80002f28	7fddc197	auipc	x3,0x7fddc	  x3=0xffddef28
     151255.000 ns	     15124	80002f2c	580af4d3	fsqrt.s	f9,f21	 f21:0xffc00000  f9=0x7fc00000
     151275.000 ns	     15126	80002f30	00359893	slli	x17,x11,0x3	 x11:0x2001037c x17=0x00081be0
     151635.000 ns	     15162	80002f34	02ebfe33	remu	x28,x23,x14	 x23:0xffffff78 x14:0x00000285 x28=0x0000020d
     151655.000 ns	     15164	80002f38	00015e13	srli	x28,x2,0x0	  x2:0x00000000 x28=0x00000000
     151695.000 ns	     15168	80002f3c	08cef453	fsub.s	f8,f29,f12	 f29:0x0669bfbf f12:0x7f800000  f8=0xff800000
     152065.000 ns	     15205	80002f40	03625cb3	divu	x25,x4,x22	  x4:0x00000000 x22:0x16553df1 x25=0x00000000
     152435.000 ns	     15242	80002f44	0327fdb3	remu	x27,x15,x18	 x15:0x00000000 x18:0xffffffff x27=0x00000000
     152455.000 ns	     15244	80002f48	00a36cb3	or	x25,x6,x10	  x6:0xd03e9000 x10:0x80040df1 x25=0xd03e9df1
     152465.000 ns	     15245	80002f4c	157fa913	slti	x18,x31,343	 x31:0x80040e00 x18=0x00000001
     152475.000 ns	     15246	80002f50	00d0fd33	and	x26,x1,x13	  x1:0x00000000 x13:0x965131f4 x26=0x00000000
     152495.000 ns	     15248	80002f54	2113a353	fsgnjx.s	f6,f7,f17	  f7:0xffe13c10 f17:0xc509c000  f6=0x7fe13c10
     152535.000 ns	     15252	80002f58	5807c5d3	fsqrt.s	f11,f15	 f15:0xff800000 f11=0x7fc00000
     152565.000 ns	     15255	80002f5c	d0038553	fcvt.s.w	f10,x7	  x7:0x84f04328 f10=0xcef61f79
     152595.000 ns	     15258	80002f60	20bfad53	fsgnjx.s	f26,f31,f11	 f31:0x00000000 f11:0x7fc00000 f26=0x00000000
     152645.000 ns	     15263	80002f64	0941f753	fsub.s	f14,f3,f20	  f3:0xff800000 f20:0x00000000 f14=0xff800000
     153015.000 ns	     15300	80002f68	02676933	rem	x18,x14,x6	 x14:0x00000285  x6:0xd03e9000 x18=0x00000285
     153045.000 ns	     15303	80002f6c	297011d3	fmax.s	f3,f0,f23	  f0:0x7fc00000 f23:0x4eb0a09d  f3=0x4eb0a09d
     153065.000 ns	     15305	80002f70	3d1860b7	lui	x1,0x3d186	  x1=0x3d186000
     153085.000 ns	     15307	80002f74	c00a1553	fcvt.w.s	x10,f20	 f20:0x00000000 x10=0x00000000
     153115.000 ns	     15310	80002f78	d0163653	fcvt.s.wu	f12,x12	 x12:0x164d271b f12=0x4db26939
     153135.000 ns	     15312	80002f7c	014ded33	or	x26,x27,x20	 x27:0x00000000 x20:0x800408e5 x26=0x800408e5
     153145.000 ns	     15313	80002f80	00197933	and	x18,x18,x1	 x18:0x00000285  x1:0x3d186000 x18=0x00000000
     153155.000 ns	     15314	80002f84	40eb0cb3	sub	x25,x22,x14	 x22:0x16553df1 x14:0x00000285 x25=0x16553b6c
     153175.000 ns	     15316	80002f88	035053b3	divu	x7,x0,x21	  x0:0x00000000 x21:0x00000000  x7=0xffffffff
     153205.000 ns	     15319	80002f8c	c014f553	fcvt.wu.s	x10,f9	  f9:0x7fc00000 x10=0xffffffff
     153225.000 ns	     15321	80002f90	b117cf13	xori	x30,x15,-1263	 x15:0x00000000 x30=0xfffffb11
     153585.000 ns	     15357	80002f94	0392f133	remu	x2,x5,x25	  x5:0x00000001 x25:0x16553b6c  x2=0x00000001
     153605.000 ns	     15359	80002f98	cafb3397	auipc	x7,0xcafb3	  x7=0x4afb5f98
     153625.000 ns	     15361	80002f9c	21af2053	fsgnjx.s	f0,f30,f26	 f30:0xbf800000 f26:0x00000000  f0=0xbf800000
     153665.000 ns	     15365	80002fa0	1864fd53	fdiv.s	f26,f9,f6	  f9:0x7fc00000  f6:0x7fe13c10 f26=0x7fc00000
     153695.000 ns	     15368	80002fa4	e00d06d3	fmv.x.w	x13,f26	 f26:0x00000000 x13=0x7fc00000
     153715.000 ns	     15370	80002fa8	40980933	sub	x18,x16,x9	 x16:0x80040fe4  x9:0x58504e8c x18=0x27b3c158
     153725.000 ns	     15371	80002fac	40d15613	srai	x12,x2,0xd	  x2:0x00000001 x12=0x00000000
     153735.000 ns	     15372	80002fb0	00b89513	slli	x10,x17,0xb	 x17:0x00081be0 x10=0x40df0000
     153745.000 ns	     15373	80002fb4	00a88bb3	add	x23,x17,x10	 x17:0x00081be0 x10:0xffffffff x23=0x40e71be0
     153775.000 ns	     15376	80002fb8	190ffad3	fdiv.s	f21,f31,f16	 f31:0x00000000 f16:0xcefff7e4 f21=0x80000000
     153795.000 ns	     15378	80002fbc	00849913	slli	x18,x9,0x8	  x9:0x58504e8c x18=0x504e8c00
     154155.000 ns	     15414	80002fc0	03a67533	remu	x10,x12,x26	 x12:0x00000000 x26:0x800408e5 x10=0x00000000
     154175.000 ns	     15416	80002fc4	3f7abf93	sltiu	x31,x21,1015	 x21:0x00000000 x31=0x00000001
     154185.000 ns	     15417	80002fc8	01d73a33	sltu	x20,x14,x29	 x14:0x00000285 x29:0x96513000 x20=0x00000001
     154195.000 ns	     15418	80002fcc	40f202b3	sub	x5,x4,x15	  x4:0x00000000 x15:0x00000000  x5=0x00000000
     154205.000 ns	     15419	80002fd0	9a84c337	lui	x6,0x9a84c	  x6=0x9a84c000
     154215.000 ns	     15420	80002fd4	20013313	sltiu	x6,x2,512	  x2:0x00000001  x6=0x00000001
     154235.000 ns	     15422	80002fd8	03fb1b33	mulh	x22,x22,x31	 x22:0x16553df1 x31:0x00000001 x22=0x00000000
     154265.000 ns	     15425	80002fdc	020eab33	mulhsu	x22,x29,x0	 x29:0x96513000  x0:0x00000000 x22=0x00000000
     154295.000 ns	     15428	80002fe0	f00d0153	fmv.w.x	f2,x26	 x26:0x800408e5  f2=0x800408e5
     154315.000 ns	     15430	80002fe4	008c5293	srli	x5,x24,0x8	 x24:0x00080041  x5=0x00000800
     154335.000 ns	     15432	80002fe8	c006fad3	fcvt.w.s	x21,f13	 f13:0x7f800000 x21=0x7fffffff
     154355.000 ns	     15434	80002fec	01fed393	srli	x7,x29,0x1f	 x29:0x96513000  x7=0x00000001
     154365.000 ns	     15435	80002ff0	413a86b3	sub	x13,x21,x19	 x21:0x7fffffff x19:0x80041024 x13=0xfffbefdb
     154375.000 ns	     15436	80002ff4	001ad013	srli	x0,x21,0x1	 x21:0x7fffffff
     154395.000 ns	     15438	80002ff8	e00e1fd3	fclass.s	x31,f28	 f28:0x443d4000 x31=0x00000040
     154415.000 ns	     15440	80002ffc	00ceb0b3	sltu	x1,x29,x12	 x29:0x96513000 x12:0x00000000  x1=0x00000000
     154425.000 ns	     15441	80003000	40f45d33	sra	x26,x8,x15	  x8:0x00000000 x15:0x00000000 x26=0x00000000
     154445.000 ns	     15443	80003004	a08b01d3	fle.s	x3,f22,f8	 f22:0x00000000  f8:0xff800000  x3=0x00000000
     154465.000 ns	     15445	80003008	016ed533	srl	x10,x29,x22	 x29:0x96513000 x22:0x00000000 x10=0x96513000
     154485.000 ns	     15447	8000300c	a17b00d3	fle.s	x1,f22,f23	 f22:0x00000000 f23:0x4eb0a09d  x1=0x00000001
     154505.000 ns	     15449	80003010	00192c33	slt	x24,x18,x1	 x18:0x504e8c00  x1:0x00000000 x24=0x00000000
     154515.000 ns	     15450	80003014	00000013	addi	x0,x0,0	  x0:0x00000000
     154525.000 ns	     15451	80003018	03eb3693	sltiu	x13,x22,62	 x22:0x00000000 x13=0x00000001
     154565.000 ns	     15455	8000301c	09b7f5d3	fsub.s	f11,f15,f27	 f15:0xff800000 f27:0x0669bfbf f11=0xff800000
     154615.000 ns	     15460	80003020	002972d3	fadd.s	f5,f18,f2	 f18:0x4485c000  f2:0x800408e5  f5=0x4485c000
     154645.000 ns	     15463	80003024	03c065b3	rem	x11,x0,x28	  x0:0x00000000 x28:0x00000000 x11=0x00000000
     154675.000 ns	     15466	80003028	02333b33	mulhu	x22,x6,x3	  x6:0x00000001  x3:0x00000000 x22=0x00000000
     154695.000 ns	     15468	8000302c	1a800b13	addi	x22,x0,424	  x0:0x00000000 x22=0x000001a8
     154715.000 ns	     15470	80003030	a162a6d3	feq.s	x13,f5,f22	  f5:0x4485c000 f22:0x00000000 x13=0x00000000
     154735.000 ns	     15472	80003034	413b5513	srai	x10,x22,0x13	 x22:0x00000000 x10=0x00000000
     154745.000 ns	     15473	80003038	00834433	xor	x8,x6,x8	  x6:0x00000001  x8:0x00000000  x8=0x00000001
     154775.000 ns	     15476	8000303c	1107fbd3	fmul.s	f23,f15,f16	 f15:0xff800000 f16:0xcefff7e4 f23=0x7f800000
     154805.000 ns	     15479	80003040	29938bd3	fmin.s	f23,f7,f25	  f7:0xffe13c10 f25:0x7f800000 f23=0x7f800000
     155985.000 ns	     15597	80003044	58009653	fsqrt.s	f12,f1	  f1:0x4485c000 f12=0x4202d7ba
     156005.000 ns	     15599	80003048	006ed133	srl	x2,x29,x6	 x29:0x96513000  x6:0x00000001  x2=0x4b289800
     156015.000 ns	     15600	8000304c	4e2be713	ori	x14,x23,1250	 x23:0x40e71be0 x14=0x40e71fe2
     156025.000 ns	     15601	80003050	0031ba33	sltu	x20,x3,x3	  x3:0x00000000  x3:0x00000000 x20=0x00000000
     156045.000 ns	     15603	80003054	284c1a53	fmax.s	f20,f24,f4	 f24:0x7fc00000  f4:0x443d4000 f20=0x443d4000
     156385.000 ns	     15637	80003058	185525d3	fdiv.s	f11,f10,f5	 f10:0xcef61f79  f5:0x4485c000 f11=0xc9829aa9
     156415.000 ns	     15640	8000305c	20bb8d53	fsgnj.s	f26,f23,f11	 f23:0x7f800000 f11:0xff800000 f26=0xff800000
     156445.000 ns	     15643	80003060	c018aed3	fcvt.wu.s	x29,f17	 f17:0xc509c000 x29=0x0000089c
     156475.000 ns	     15646	80003064	217826d3	fsgnjx.s	f13,f16,f23	 f16:0xcefff7e4 f23:0x7f800000 f13=0xcefff7e4
     156495.000 ns	     15648	80003068	009f7fb3	and	x31,x30,x9	 x30:0xfffffb11  x9:0x58504e8c x31=0x58504a00
     156505.000 ns	     15649	8000306c	018aadb3	slt	x27,x21,x24	 x21:0x7fffffff x24:0x00000000 x27=0x00000000
     156525.000 ns	     15651	80003070	020fc333	div	x6,x31,x0	 x31:0x00000040  x0:0x00000000  x6=0xffffffff
     156545.000 ns	     15653	80003074	01479713	slli	x14,x15,0x14	 x15:0x00000000 x14=0x00000000
     156565.000 ns	     15655	80003078	e00e80d3	fmv.x.w	x1,f29	 f29:0x0669bfbf  x1=0x0669bfbf
     156595.000 ns	     15658	8000307c	21e3a053	fsgnjx.s	f0,f7,f30	  f7:0xffe13c10 f30:0xbf800000  f0=0x7fe13c10
     156615.000 ns	     15660	80003080	41ac08b3	sub	x17,x24,x26	 x24:0x00000000 x26:0x00000000 x17=0x00000000
     156625.000 ns	     15661	80003084	01da6633	or	x12,x20,x29	 x20:0x00000000 x29:0x0000089c x12=0x0000089c
     156645.000 ns	     15663	80003088	026b38b3	mulhu	x17,x22,x6	 x22:0x000001a8  x6:0xffffffff x17=0x000001a7
     156665.000 ns	     15665	8000308c	0181d713	srli	x14,x3,0x18	  x3:0x00000000 x14=0x00000000
     156685.000 ns	     15667	80003090	d00d21d3	fcvt.s.w	f3,x26	 x26:0x00000000  f3=0x00000000
     156705.000 ns	     15669	80003094	418fd6b3	sra	x13,x31,x24	 x31:0x58504a00 x24:0x00000000 x13=0x58504a00
     156725.000 ns	     15671	80003098	f00e8753	fmv.w.x	f14,x29	 x29:0x0000089c f14=0x0000089c
     156755.000 ns	     15674	8000309c	d0100e53	fcvt.s.wu	f28,x0	  x0:0x00000000 f28=0x00000000
     156785.000 ns	     15677	800030a0	21a41c53	fsgnjn.s	f24,f8,f26	  f8:0xff800000 f26:0xff800000 f24=0x7f800000
     156815.000 ns	     15680	800030a4	02f32433	mulhsu	x8,x6,x15	  x6:0xffffffff x15:0x00000000  x8=0x00000000
     156835.000 ns	     15682	800030a8	cc1f9cb7	lui	x25,0xcc1f9	 x25=0xcc1f9000
     156845.000 ns	     15683	800030ac	410b0ab3	sub	x21,x22,x16	 x22:0x000001a8 x16:0x80040fe4 x21=0x7ffbf1c4
     157175.000 ns	     15716	800030b0	19b5b453	fdiv.s	f8,f11,f27	 f11:0xc9829aa9 f27:0x0669bfbf  f8=0xff800000
     157195.000 ns	     15718	800030b4	00d8b2b3	sltu	x5,x17,x13	 x17:0x000001a7 x13:0x58504a00  x5=0x00000001
     157215.000 ns	     15720	800030b8	c010a553	fcvt.wu.s	x10,f1	  f1:0x4485c000 x10=0x0000042e
     157235.000 ns	     15722	800030bc	aecff297	auipc	x5,0xaecff	  x5=0x2ed020bc
     157275.000 ns	     15726	800030c0	01c8afd3	fadd.s	f31,f17,f28	 f17:0xc509c000 f28:0x00000000 f31=0xc509c000
     157305.000 ns	     15729	800030c4	d0061353	fcvt.s.w	f6,x12	 x12:0x0000089c  f6=0x4509c000
     157355.000 ns	     15734	800030c8	0962cdd3	fsub.s	f27,f5,f22	  f5:0x4485c000 f22:0x00000000 f27=0x4485c000
     157385.000 ns	     15737	800030cc	c005f2d3	fcvt.w.s	x5,f11	 f11:0xc9829aa9  x5=0x00105355
     157415.000 ns	     15740	800030d0	21a18d53	fsgnj.s	f26,f3,f26	  f3:0x00000000 f26:0xff800000 f26=0x80000000
     157435.000 ns	     15742	800030d4	5bcb8a17	auipc	x20,0x5bcb8	 x20=0xdbcbb0d4
     157455.000 ns	     15744	800030d8	03b8d033	divu	x0,x17,x27	 x17:0x000001a7 x27:0x00000000
     157475.000 ns	     15746	800030dc	c02ae037	lui	x0,0xc02ae	
     157485.000 ns	     15747	800030e0	0183b0b3	sltu	x1,x7,x24	  x7:0x00000001 x24:0x00000000  x1=0x00000000
     157515.000 ns	     15750	800030e4	5805f9d3	fsqrt.s	f19,f11	 f11:0xc9829aa9 f19=0x7fc00000
     157535.000 ns	     15752	800030e8	78fbe893	ori	x17,x23,1935	 x23:0x40e71be0 x17=0x40e71fef
     157545.000 ns	     15753	800030ec	01fc3633	sltu	x12,x24,x31	 x24:0x00000000 x31:0x58504a00 x12=0x00000001
     157555.000 ns	     15754	800030f0	17c3e013	ori	x0,x7,380	  x7:0x00000001
     157575.000 ns	     15756	800030f4	027e14b3	mulh	x9,x28,x7	 x28:0x00000000  x7:0x00000001  x9=0x00000000
     157595.000 ns	     15758	800030f8	007f3c33	sltu	x24,x30,x7	 x30:0xfffffb11  x7:0x00000001 x24=0x00000000
     157615.000 ns	     15760	800030fc	a0ba13d3	flt.s	x7,f20,f11	 f20:0x443d4000 f11:0xc9829aa9  x7=0x00000000
     157645.000 ns	     15763	80003100	02be5733	divu	x14,x28,x11	 x28:0x00000000 x11:0x00000000 x14=0xffffffff
     158015.000 ns	     15800	80003104	03da7133	remu	x2,x20,x29	 x20:0xdbcbb0d4 x29:0x0000089c  x2=0x000002b8
     158035.000 ns	     15802	80003108	00bf3db3	sltu	x27,x30,x11	 x30:0xfffffb11 x11:0x00000000 x27=0x00000000
     158055.000 ns	     15804	8000310c	e00d06d3	fmv.x.w	x13,f26	 f26:0x80000000 x13=0x80000000
     158085.000 ns	     15807	80003110	025290b3	mulh	x1,x5,x5	  x5:0x00105355  x5:0x00105355  x1=0x0000010a
     158115.000 ns	     15810	80003114	20622ad3	fsgnjx.s	f21,f4,f6	  f4:0x443d4000  f6:0x4509c000 f21=0x443d4000
     158165.000 ns	     15815	80003118	01707f53	fadd.s	f30,f0,f23	  f0:0x7fe13c10 f23:0x7f800000 f30=0x7fc00000
     158195.000 ns	     15818	8000311c	031430b3	mulhu	x1,x8,x17	  x8:0x00000000 x17:0x40e71fef  x1=0x00000000
     158225.000 ns	     15821	80003120	0241e1b3	rem	x3,x3,x4	  x3:0x00000000  x4:0x00000000  x3=0x00000000
     158255.000 ns	     15824	80003124	20958e53	fsgnj.s	f28,f11,f9	 f11:0xc9829aa9  f9:0x7fc00000 f28=0x49829aa9
     158285.000 ns	     15827	80003128	02ac3033	mulhu	x0,x24,x10	 x24:0x00000000 x10:0x0000042e
     158305.000 ns	     15829	8000312c	cda93a13	sltiu	x20,x18,-806	 x18:0x504e8c00 x20=0x00000001
     158325.000 ns	     15831	80003130	d01bf1d3	fcvt.s.wu	f3,x23	 x23:0x40e71be0  f3=0x4e81ce37
     158365.000 ns	     15835	80003134	10bb75d3	fmul.s	f11,f22,f11	 f22:0x00000000 f11:0xc9829aa9 f11=0x80000000
     158395.000 ns	     15838	80003138	02db15b3	mulh	x11,x22,x13	 x22:0x000001a8 x13:0x80000000 x11=0xffffff2c
     158415.000 ns	     15840	8000313c	016d1613	slli	x12,x26,0x16	 x26:0x00000000 x12=0x00000000
     158425.000 ns	     15841	80003140	012d5433	srl	x8,x26,x18	 x26:0x00000000 x18:0x504e8c00  x8=0x00000000
     158455.000 ns	     15844	80003144	19680cd3	fdiv.s	f25,f16,f22	 f16:0xcefff7e4 f22:0x00000000 f25=0xff800000
     158475.000 ns	     15846	80003148	dd7e1db7	lui	x27,0xdd7e1	 x27=0xdd7e1000
     158485.000 ns	     15847	8000314c	00b30c33	add	x24,x6,x11	  x6:0xffffffff x11:0xffffff2c x24=0xffffff2b
     158495.000 ns	     15848	80003150	00685e13	srli	x28,x16,0x6	 x16:0x80040fe4 x28=0x0200103f
     158505.000 ns	     15849	80003154	006cff33	and	x30,x25,x6	 x25:0xcc1f9000  x6:0xffffffff x30=0xcc1f9000
     158835.000 ns	     15882	80003158	18234053	fdiv.s	f0,f6,f2	  f6:0x4509c000  f2:0x800408e5  f0=0xff800000
     158865.000 ns	     15885	8000315c	29d893d3	fmax.s	f7,f17,f29	 f17:0xc509c000 f29:0x0669bfbf  f7=0x0669bfbf
     158885.000 ns	     15887	80003160	01d69433	sll	x8,x13,x29	 x13:0x80000000 x29:0x0000089c  x8=0x00000000
     158895.000 ns	     15888	80003164	018fe533	or	x10,x31,x24	 x31:0x58504a00 x24:0xffffff2b x10=0xffffff2b
     158905.000 ns	     15889	80003168	00ece533	or	x10,x25,x14	 x25:0xcc1f9000 x14:0xffffffff x10=0xffffffff
     158925.000 ns	     15891	8000316c	03de82b3	mul	x5,x29,x29	 x29:0x0000089c x29:0x0000089c  x5=0x004a1f10
     158955.000 ns	     15894	80003170	037e3fb3	mulhu	x31,x28,x23	 x28:0x0200103f x23:0x40e71be0 x31=0x0081d256
     158975.000 ns	     15896	80003174	62f63293	sltiu	x5,x12,1583	 x12:0x00000000  x5=0x00000001
     158985.000 ns	     15897	80003178	d92f8193	addi	x3,x31,-622	 x31:0x0081d256  x3=0x0081cfe8
     159005.000 ns	     15899	8000317c	03fd2e33	mulhsu	x28,x26,x31	 x26:0x00000000 x31:0x0081d256 x28=0x00000000
     159025.000 ns	     15901	80003180	001bd633	srl	x12,x23,x1	 x23:0x40e71be0  x1:0x00000000 x12=0x40e71be0
     159035.000 ns	     15902	80003184	00bb51b3	srl	x3,x22,x11	 x22:0x000001a8 x11:0xffffff2c  x3=0x00000000
     159395.000 ns	     15938	80003188	03d0d733	divu	x14,x1,x29	  x1:0x00000000 x29:0x0000089c x14=0x00000000
     159425.000 ns	     15941	8000318c	2118aa53	fsgnjx.s	f20,f17,f17	 f17:0xc509c000 f17:0xc509c000 f20=0x4509c000
     159465.000 ns	     15945	80003190	580c0953	fsqrt.s	f18,f24	 f24:0x7f800000 f18=0x7f800000
     160605.000 ns	     16059	80003194	5800add3	fsqrt.s	f27,f1	  f1:0x4485c000 f27=0x4202d7ba
     160635.000 ns	     16062	80003198	020c2e33	mulhsu	x28,x24,x0	 x24:0xffffff2b  x0:0x00000000 x28=0x00000000
     160655.000 ns	     16064	8000319c	94202893	slti	x17,x0,-1726	  x0:0x00000000 x17=0x00000000
     160695.000 ns	     16068	800031a0	09aaa8d3	fsub.s	f17,f21,f26	 f21:0x443d4000 f26:0x80000000 f17=0x443d4000
     160715.000 ns	     16070	800031a4	8cfef113	andi	x2,x29,-1841	 x29:0x0000089c  x2=0x0000088c
     160755.000 ns	     16074	800031a8	00c1fd53	fadd.s	f26,f3,f12	  f3:0x4e81ce37 f12:0x4202d7ba f26=0x4e81ce37
     160775.000 ns	     16076	800031ac	00767433	and	x8,x12,x7	 x12:0x40e71be0  x7:0x00000000  x8=0x00000000
     160795.000 ns	     16078	800031b0	d01f7053	fcvt.s.wu	f0,x30	 x30:0xcc1f9000  f0=0x4f4c1f90
     160825.000 ns	     16081	800031b4	2037ab53	fsgnjx.s	f22,f15,f3	 f15:0xff800000  f3:0x4e81ce37 f22=0xff800000
     160855.000 ns	     16084	800031b8	d0077d53	fcvt.s.w	f26,x14	 x14:0x00000000 f26=0x00000000
     160875.000 ns	     16086	800031bc	c5f00d93	addi	x27,x0,-929	  x0:0x00000000 x27=0xfffffc5f
     160885.000 ns	     16087	800031c0	01e5db13	srli	x22,x11,0x1e	 x11:0xffffff2c x22=0x00000003
     160905.000 ns	     16089	800031c4	03518433	mul	x8,x3,x21	  x3:0x00000000 x21:0x7ffbf1c4  x8=0x00000000
     160925.000 ns	     16091	800031c8	13d28317	auipc	x6,0x13d28	  x6=0x93d2b1c8
     161285.000 ns	     16127	800031cc	032971b3	remu	x3,x18,x18	 x18:0x504e8c00 x18:0x504e8c00  x3=0x00000000
     161305.000 ns	     16129	800031d0	41275e93	srai	x29,x14,0x12	 x14:0x00000000 x29=0x00000000
     162475.000 ns	     16246	800031d4	580a97d3	fsqrt.s	f15,f21	 f21:0x443d4000 f15=0x4185d1d8
     162495.000 ns	     16248	800031d8	0107f7b3	and	x15,x15,x16	 x15:0x00000000 x16:0x80040fe4 x15=0x00000000
     162515.000 ns	     16250	800031dc	039c9fb3	mulh	x31,x25,x25	 x25:0xcc1f9000 x25:0xcc1f9000 x31=0x0a833164
     162855.000 ns	     16284	800031e0	18007dd3	fdiv.s	f27,f0,f0	  f0:0x4f4c1f90  f0:0x4f4c1f90 f27=0x3f4c1f90
     162875.000 ns	     16286	800031e4	01819193	slli	x3,x3,0x18	  x3:0x00000000  x3=0x00000000
     162895.000 ns	     16288	800031e8	c003f2d3	fcvt.w.s	x5,f7	  f7:0x0669bfbf  x5=0x00000000
     162915.000 ns	     16290	800031ec	c0c20613	addi	x12,x4,-1012	  x4:0x00000000 x12=0xfffffc0c
     162925.000 ns	     16291	800031f0	90c2b513	sltiu	x10,x5,-1780	  x5:0x00000000 x10=0x00000001
     164095.000 ns	     16408	800031f4	5800fc53	fsqrt.s	f24,f1	  f1:0x4485c000 f24=0x4202d7ba
     164125.000 ns	     16411	800031f8	039e2533	mulhsu	x10,x28,x25	 x28:0x00000000 x25:0xcc1f9000 x10=0x00000000
     164145.000 ns	     16413	800031fc	a7487137	lui	x2,0xa7487	  x2=0xa7487000
     164155.000 ns	     16414	80003200	001023b3	slt	x7,x0,x1	  x0:0x00000000  x1:0x00000000  x7=0x00000000
     164195.000 ns	     16418	80003204	01c94fd3	fadd.s	f31,f18,f28	 f18:0x7f800000 f28:0x49829aa9 f31=0x7f800000
     164565.000 ns	     16455	80003208	0355ceb3	div	x29,x11,x21	 x11:0xffffff2c x21:0x7ffbf1c4 x29=0x00000000
     164595.000 ns	     16458	8000320c	293d87d3	fmin.s	f15,f27,f19	 f27:0x3f4c1f90 f19:0x7fc00000 f15=0x3f4c1f90
     164625.000 ns	     16461	80003210	213315d3	fsgnjn.s	f11,f6,f19	  f6:0x4509c000 f19:0x7fc00000 f11=0xc509c000
     164655.000 ns	     16464	80003214	28fa1dd3	fmax.s	f27,f20,f15	 f20:0x4509c000 f15:0x3f4c1f90 f27=0x4509c000
     164675.000 ns	     16466	80003218	004b1693	slli	x13,x22,0x4	 x22:0x00000003 x13=0x00000030
     164695.000 ns	     16468	8000321c	d00db9d3	fcvt.s.w	f19,x27	 x27:0xfffffc5f f19=0xc4684000
     164715.000 ns	     16470	80003220	01fe5d93	srli	x27,x28,0x1f	 x28:0x00000000 x27=0x00000000
     164735.000 ns	     16472	80003224	0250e333	rem	x6,x1,x5	  x1:0x00000000  x5:0x00000000  x6=0x00000000
     164765.000 ns	     16475	80003228	0211e8b3	rem	x17,x3,x1	  x3:0x00000000  x1:0x00000000 x17=0x00000000
     164785.000 ns	     16477	8000322c	01c715b3	sll	x11,x14,x28	 x14:0x00000000 x28:0x00000000 x11=0x00000000
     164795.000 ns	     16478	80003230	ea0f2693	slti	x13,x30,-352	 x30:0xcc1f9000 x13=0x00000001
     164805.000 ns	     16479	80003234	115ec437	lui	x8,0x115ec	  x8=0x115ec000
     164815.000 ns	     16480	80003238	ae80c617	auipc	x12,0xae80c	 x12=0x2e80f238
     164825.000 ns	     16481	8000323c	e40a4193	xori	x3,x20,-448	 x20:0x00000001  x3=0xfffffe41
     164845.000 ns	     16483	80003240	e00a80d3	fmv.x.w	x1,f21	 f21:0x443d4000  x1=0x443d4000
     164865.000 ns	     16485	80003244	417dd613	srai	x12,x27,0x17	 x27:0x00000000 x12=0x00000000
     166035.000 ns	     16602	80003248	580c7dd3	fsqrt.s	f27,f24	 f24:0x4202d7ba f27=0x403909a0
     166055.000 ns	     16604	8000324c	96d73b93	sltiu	x23,x14,-1683	 x14:0x00000000 x23=0x00000001
     166075.000 ns	     16606	80003250	a1bda2d3	feq.s	x5,f27,f27	 f27:0x403909a0 f27:0x403909a0  x5=0x00000001
     166125.000 ns	     16611	80003254	0013f1d3	fadd.s	f3,f7,f1	  f7:0x0669bfbf  f1:0x4485c000  f3=0x4485c000
     166145.000 ns	     16613	80003258	00ef33b3	sltu	x7,x30,x14	 x30:0xcc1f9000 x14:0x00000000  x7=0x00000000
     166165.000 ns	     16615	8000325c	03c6b733	mulhu	x14,x13,x28	 x13:0x00000001 x28:0x00000000 x14=0x00000000
     166195.000 ns	     16618	80003260	28961f53	fmax.s	f30,f12,f9	 f12:0x4202d7ba  f9:0x7fc00000 f30=0x4202d7ba
     166225.000 ns	     16621	80003264	21c20453	fsgnj.s	f8,f4,f28	  f4:0x443d4000 f28:0x49829aa9  f8=0x443d4000
     166565.000 ns	     16655	80003268	193683d3	fdiv.s	f7,f13,f19	 f13:0xcefff7e4 f19:0xc4684000  f7=0x4a4c828d
     166585.000 ns	     16657	8000326c	0061c733	xor	x14,x3,x6	  x3:0xfffffe41  x6:0x00000000 x14=0xfffffe41
     166605.000 ns	     16659	80003270	e0030b53	fmv.x.w	x22,f6	  f6:0x4509c000 x22=0x4509c000
     166625.000 ns	     16661	80003274	00bca733	slt	x14,x25,x11	 x25:0xcc1f9000 x11:0x00000000 x14=0x00000001
     166635.000 ns	     16662	80003278	e0f94e13	xori	x28,x18,-497	 x18:0x504e8c00 x28=0xafb1720f
     166645.000 ns	     16663	8000327c	01bc1513	slli	x10,x24,0x1b	 x24:0xffffff2b x10=0x58000000
     166665.000 ns	     16665	80003280	295814d3	fmax.s	f9,f16,f21	 f16:0xcefff7e4 f21:0x443d4000  f9=0x443d4000
     166695.000 ns	     16668	80003284	d003fad3	fcvt.s.w	f21,x7	  x7:0x00000000 f21=0x00000000
     166725.000 ns	     16671	80003288	202a0a53	fsgnj.s	f20,f20,f2	 f20:0x4509c000  f2:0x800408e5 f20=0xc509c000
     166745.000 ns	     16673	8000328c	00000013	addi	x0,x0,0	  x0:0x00000000
     167915.000 ns	     16790	80003290	580e9253	fsqrt.s	f4,f29	 f29:0x0669bfbf  f4=0x22a54915
     167945.000 ns	     16793	80003294	c01bf4d3	fcvt.wu.s	x9,f23	 f23:0x7f800000  x9=0xffffffff
     167975.000 ns	     16796	80003298	03589f33	mulh	x30,x17,x21	 x17:0x00000000 x21:0x7ffbf1c4 x30=0x00000000
     168015.000 ns	     16800	8000329c	1074fcd3	fmul.s	f25,f9,f7	  f9:0x443d4000  f7:0x4a4c828d f25=0x4f172f83
     168045.000 ns	     16803	800032a0	21149953	fsgnjn.s	f18,f9,f17	  f9:0x443d4000 f17:0x443d4000 f18=0xc43d4000
     169225.000 ns	     16921	800032a4	580cf7d3	fsqrt.s	f15,f25	 f25:0x4f172f83 f15=0x46d5ce66
     169245.000 ns	     16923	800032a8	010477b3	and	x15,x8,x16	  x8:0x115ec000 x16:0x80040fe4 x15=0x00040000
     169265.000 ns	     16925	800032ac	21c79e53	fsgnjn.s	f28,f15,f28	 f15:0x46d5ce66 f28:0x49829aa9 f28=0xc6d5ce66
     169285.000 ns	     16927	800032b0	00000013	addi	x0,x0,0	  x0:0x00000000
     169325.000 ns	     16931	800032b4	096ea9d3	fsub.s	f19,f29,f22	 f29:0x0669bfbf f22:0xff800000 f19=0x7f800000
     169345.000 ns	     16933	800032b8	014c8e33	add	x28,x25,x20	 x25:0xcc1f9000 x20:0x00000001 x28=0xcc1f9001
     169365.000 ns	     16935	800032bc	c0117153	fcvt.wu.s	x2,f2	  f2:0x800408e5  x2=0x00000000
     169385.000 ns	     16937	800032c0	01365093	srli	x1,x12,0x13	 x12:0x00000000  x1=0x00000000
     169395.000 ns	     16938	800032c4	00104033	xor	x0,x0,x1	  x0:0x00000000  x1:0x443d4000
     169405.000 ns	     16939	800032c8	01d18333	add	x6,x3,x29	  x3:0xfffffe41 x29:0x00000000  x6=0xfffffe41
     169425.000 ns	     16941	800032cc	e0091d53	fclass.s	x26,f18	 f18:0xc43d4000 x26=0x00000002
     169475.000 ns	     16946	800032d0	09dc05d3	fsub.s	f11,f24,f29	 f24:0x4202d7ba f29:0x0669bfbf f11=0x4202d7ba
     169845.000 ns	     16983	800032d4	0265c2b3	div	x5,x11,x6	 x11:0x00000000  x6:0xfffffe41  x5=0x00000000
     169865.000 ns	     16985	800032d8	f315c6b7	lui	x13,0xf315c	 x13=0xf315c000
     169905.000 ns	     16989	800032dc	01d54b53	fadd.s	f22,f10,f29	 f10:0xcef61f79 f29:0x0669bfbf f22=0xcef61f79
     169925.000 ns	     16991	800032e0	00261333	sll	x6,x12,x2	 x12:0x00000000  x2:0x00000000  x6=0x00000000
     169935.000 ns	     16992	800032e4	407c56b3	sra	x13,x24,x7	 x24:0xffffff2b  x7:0x00000000 x13=0xffffff2b
     169945.000 ns	     16993	800032e8	3ade14b7	lui	x9,0x3ade1	  x9=0x3ade1000
     169965.000 ns	     16995	800032ec	c002b753	fcvt.w.s	x14,f5	  f5:0x4485c000 x14=0x0000042e
     169985.000 ns	     16997	800032f0	002c9093	slli	x1,x25,0x2	 x25:0xcc1f9000  x1=0x307e4000
     170005.000 ns	     16999	800032f4	201c8053	fsgnj.s	f0,f25,f1	 f25:0x4f172f83  f1:0x4485c000  f0=0x4f172f83
     170035.000 ns	     17002	800032f8	03249e33	mulh	x28,x9,x18	  x9:0x3ade1000 x18:0x504e8c00 x28=0x127774da
     170055.000 ns	     17004	800032fc	be18e637	lui	x12,0xbe18e	 x12=0xbe18e000
     170085.000 ns	     17007	80003300	580a3953	fsqrt.s	f18,f20	 f20:0xc509c000 f18=0x7fc00000
     170115.000 ns	     17010	80003304	025d0633	mul	x12,x26,x5	 x26:0x00000002  x5:0x00000000 x12=0x00000000
     170155.000 ns	     17014	80003308	107bf4d3	fmul.s	f9,f23,f7	 f23:0x7f800000  f7:0x4a4c828d  f9=0x7f800000
     170185.000 ns	     17017	8000330c	d002cf53	fcvt.s.w	f30,x5	  x5:0x00000000 f30=0x00000000
     170215.000 ns	     17020	80003310	f0080553	fmv.w.x	f10,x16	 x16:0x80040fe4 f10=0x80040fe4
     170235.000 ns	     17022	80003314	00000013	addi	x0,x0,0	  x0:0x00000000
     170595.000 ns	     17058	80003318	02d5d433	divu	x8,x11,x13	 x11:0x00000000 x13:0xffffff2b  x8=0x00000000
     170615.000 ns	     17060	8000331c	4080de93	srai	x29,x1,0x8	  x1:0x307e4000 x29=0x00307e40
     170625.000 ns	     17061	80003320	003ddf13	srli	x30,x27,0x3	 x27:0x00000000 x30=0x00000000
     170635.000 ns	     17062	80003324	404557b3	sra	x15,x10,x4	 x10:0x58000000  x4:0x00000000 x15=0x58000000
     170655.000 ns	     17064	80003328	a1ea9b53	flt.s	x22,f21,f30	 f21:0x00000000 f30:0x00000000 x22=0x00000000
     170675.000 ns	     17066	8000332c	1c2eea13	ori	x20,x29,450	 x29:0x00307e40 x20=0x00307fc2
     170685.000 ns	     17067	80003330	4189dd13	srai	x26,x19,0x18	 x19:0x80041024 x26=0xffffff80
     170705.000 ns	     17069	80003334	f00b0d53	fmv.w.x	f26,x22	 x22:0x00000000 f26=0x00000000
     170725.000 ns	     17071	80003338	0ee86393	ori	x7,x16,238	 x16:0x80040fe4  x7=0x80040fee
     170735.000 ns	     17072	8000333c	30f2a793	slti	x15,x5,783	  x5:0x00000000 x15=0x00000001
     170765.000 ns	     17075	80003340	102cf253	fmul.s	f4,f25,f2	 f25:0x4f172f83  f2:0x800408e5  f4=0x8d987fb2
     170815.000 ns	     17080	80003344	019144d3	fadd.s	f9,f2,f25	  f2:0x800408e5 f25:0x4f172f83  f9=0x4f172f83
     170835.000 ns	     17082	80003348	41618db3	sub	x27,x3,x22	  x3:0xfffffe41 x22:0x00000000 x27=0xfffffe41
     170855.000 ns	     17084	8000334c	285f1e53	fmax.s	f28,f30,f5	 f30:0x00000000  f5:0x4485c000 f28=0x4485c000
     170885.000 ns	     17087	80003350	e00e8ed3	fmv.x.w	x29,f29	 f29:0x0669bfbf x29=0x0669bfbf
     170905.000 ns	     17089	80003354	49d03193	sltiu	x3,x0,1181	  x0:0x00000000  x3=0x00000001
     170925.000 ns	     17091	80003358	a12020d3	feq.s	x1,f0,f18	  f0:0x4f172f83 f18:0x7fc00000  x1=0x00000000
     170945.000 ns	     17093	8000335c	01765a13	srli	x20,x12,0x17	 x12:0x00000000 x20=0x00000000
     171305.000 ns	     17129	80003360	02a8d333	divu	x6,x17,x10	 x17:0x00000000 x10:0x58000000  x6=0x00000000
     171335.000 ns	     17132	80003364	a05e13d3	flt.s	x7,f28,f5	 f28:0x4485c000  f5:0x4485c000  x7=0x00000000
     171365.000 ns	     17135	80003368	029426b3	mulhsu	x13,x8,x9	  x8:0x00000000  x9:0x3ade1000 x13=0x00000000
     171395.000 ns	     17138	8000336c	03051d33	mulh	x26,x10,x16	 x10:0x58000000 x16:0x80040fe4 x26=0xd4016576
     171425.000 ns	     17141	80003370	e0040cd3	fmv.x.w	x25,f8	  f8:0x443d4000 x25=0x443d4000
     171455.000 ns	     17144	80003374	02547133	remu	x2,x8,x5	  x8:0x00000000  x5:0x00000000  x2=0x00000000
     171475.000 ns	     17146	80003378	777bb713	sltiu	x14,x23,1911	 x23:0x00000001 x14=0x00000001
     171485.000 ns	     17147	8000337c	0095b2b3	sltu	x5,x11,x9	 x11:0x00000000  x9:0x3ade1000  x5=0x00000001
     171515.000 ns	     17150	80003380	11e80253	fmul.s	f4,f16,f30	 f16:0xcefff7e4 f30:0x00000000  f4=0x80000000
     171535.000 ns	     17152	80003384	1d7a1417	auipc	x8,0x1d7a1	  x8=0x9d7a4384
     171555.000 ns	     17154	80003388	e0031553	fclass.s	x10,f6	  f6:0x4509c000 x10=0x00000040
     171575.000 ns	     17156	8000338c	01945113	srli	x2,x8,0x19	  x8:0x00000000  x2=0x0000004e
     171595.000 ns	     17158	80003390	a04b1153	flt.s	x2,f22,f4	 f22:0xcef61f79  f4:0x80000000  x2=0x00000001
     171615.000 ns	     17160	80003394	415ed333	sra	x6,x29,x21	 x29:0x0669bfbf x21:0x7ffbf1c4  x6=0x00669bfb
     171625.000 ns	     17161	80003398	4000d4b3	sra	x9,x1,x0	  x1:0x00000000  x0:0x00000000  x9=0x00000000
     171635.000 ns	     17162	8000339c	018964b3	or	x9,x18,x24	 x18:0x504e8c00 x24:0xffffff2b  x9=0xffffff2b
     171655.000 ns	     17164	800033a0	d016f053	fcvt.s.wu	f0,x13	 x13:0x00000000  f0=0x00000000
     171675.000 ns	     17166	800033a4	41cc84b3	sub	x9,x25,x28	 x25:0x443d4000 x28:0x127774da  x9=0x31c5cb26
     171685.000 ns	     17167	800033a8	00000013	addi	x0,x0,0	  x0:0x00000000
     171705.000 ns	     17169	800033ac	20458ed3	fsgnj.s	f29,f11,f4	 f11:0x4202d7ba  f4:0x80000000 f29=0xc202d7ba
     171755.000 ns	     17174	800033b0	094cfa53	fsub.s	f20,f25,f20	 f25:0x4f172f83 f20:0xc509c000 f20=0x4f172f8b
     171775.000 ns	     17176	800033b4	ef257537	lui	x10,0xef257	 x10=0xef257000
     171785.000 ns	     17177	800033b8	019dc533	xor	x10,x27,x25	 x27:0xfffffe41 x25:0x443d4000 x10=0xbbc2be41
     171805.000 ns	     17179	800033bc	e0059153	fclass.s	x2,f11	 f11:0x4202d7ba  x2=0x00000040
     171835.000 ns	     17182	800033c0	295b88d3	fmin.s	f17,f23,f21	 f23:0x7f800000 f21:0x00000000 f17=0x00000000
     171865.000 ns	     17185	800033c4	03278b33	mul	x22,x15,x18	 x15:0x00000001 x18:0x504e8c00 x22=0x504e8c00
     171895.000 ns	     17188	800033c8	28b495d3	fmax.s	f11,f9,f11	  f9:0x4f172f83 f11:0x4202d7ba f11=0x4f172f83
     171915.000 ns	     17190	800033cc	00a43db3	sltu	x27,x8,x10	  x8:0x9d7a4384 x10:0xbbc2be41 x27=0x00000001
     171935.000 ns	     17192	800033d0	d00442d3	fcvt.s.w	f5,x8	  x8:0x9d7a4384  f5=0xcec50b79
     171955.000 ns	     17194	800033d4	012b06b3	add	x13,x22,x18	 x22:0x504e8c00 x18:0x504e8c00 x13=0xa09d1800
     171965.000 ns	     17195	800033d8	01af07b3	add	x15,x30,x26	 x30:0x00000000 x26:0xd4016576 x15=0xd4016576
     171985.000 ns	     17197	800033dc	03191133	mulh	x2,x18,x17	 x18:0x504e8c00 x17:0x00000000  x2=0x00000000
     172005.000 ns	     17199	800033e0	01831133	sll	x2,x6,x24	  x6:0x00669bfb x24:0xffffff2b  x2=0x34dfd800
     172025.000 ns	     17201	800033e4	e0049d53	fclass.s	x26,f9	  f9:0x4f172f83 x26=0x00000040
     172055.000 ns	     17204	800033e8	034c8733	mul	x14,x25,x20	 x25:0x443d4000 x20:0x00000000 x14=0x00000000
     172075.000 ns	     17206	800033ec	d33dfe93	andi	x29,x27,-717	 x27:0x00000001 x29=0x00000001
     172085.000 ns	     17207	800033f0	c3d03117	auipc	x2,0xc3d03	  x2=0x43d063f0
     172095.000 ns	     17208	800033f4	01fafa33	and	x20,x21,x31	 x21:0x7ffbf1c4 x31:0x0a833164 x20=0x0a833144
     172105.000 ns	     17209	800033f8	01ee83b3	add	x7,x29,x30	 x29:0x00000001 x30:0x00000000  x7=0x00000001
     172465.000 ns	     17245	800033fc	03f8ceb3	div	x29,x17,x31	 x17:0x00000000 x31:0x0a833164 x29=0x00000000
     172495.000 ns	     17248	80003400	f00f0bd3	fmv.w.x	f23,x30	 x30:0x00000000 f23=0x00000000
     172515.000 ns	     17250	80003404	0037eb33	or	x22,x15,x3	 x15:0xd4016576  x3:0x00000001 x22=0xd4016577
     172875.000 ns	     17286	80003408	028e6ab3	rem	x21,x28,x8	 x28:0x127774da  x8:0x9d7a4384 x21=0x127774da
     173215.000 ns	     17320	8000340c	18d62bd3	fdiv.s	f23,f12,f13	 f12:0x4202d7ba f13:0xcefff7e4 f23=0xb282d7ba
     173245.000 ns	     17323	80003410	c0107b53	fcvt.wu.s	x22,f0	  f0:0x00000000 x22=0x00000000
     173265.000 ns	     17325	80003414	01147c33	and	x24,x8,x17	  x8:0x9d7a4384 x17:0x00000000 x24=0x00000000
     173285.000 ns	     17327	80003418	20780ad3	fsgnj.s	f21,f16,f7	 f16:0xcefff7e4  f7:0x4a4c828d f21=0x4efff7e4
     173315.000 ns	     17330	8000341c	219c9fd3	fsgnjn.s	f31,f25,f25	 f25:0x4f172f83 f25:0x4f172f83 f31=0xcf172f83
     173335.000 ns	     17332	80003420	019c9333	sll	x6,x25,x25	 x25:0x443d4000 x25:0x443d4000  x6=0x443d4000
     173355.000 ns	     17334	80003424	d015fed3	fcvt.s.wu	f29,x11	 x11:0x00000000 f29=0x00000000
     173385.000 ns	     17337	80003428	027fbdb3	mulhu	x27,x31,x7	 x31:0x0a833164  x7:0x00000001 x27=0x00000000
     173405.000 ns	     17339	8000342c	00ba5913	srli	x18,x20,0xb	 x20:0x0a833144 x18=0x00015066
     173425.000 ns	     17341	80003430	c010fed3	fcvt.wu.s	x29,f1	  f1:0x4485c000 x29=0x0000042e
     173455.000 ns	     17344	80003434	20900bd3	fsgnj.s	f23,f0,f9	  f0:0x00000000  f9:0x4f172f83 f23=0x00000000
     173485.000 ns	     17347	80003438	21a10e53	fsgnj.s	f28,f2,f26	  f2:0x800408e5 f26:0x00000000 f28=0x000408e5
     173515.000 ns	     17350	8000343c	a08e87d3	fle.s	x15,f29,f8	 f29:0x00000000  f8:0x443d4000 x15=0x00000001
     173535.000 ns	     17352	80003440	0070deb3	srl	x29,x1,x7	  x1:0x00000000  x7:0x00000001 x29=0x00000000
     173555.000 ns	     17354	80003444	219895d3	fsgnjn.s	f11,f17,f25	 f17:0x00000000 f25:0x4f172f83 f11=0x80000000
     173575.000 ns	     17356	80003448	41d30d33	sub	x26,x6,x29	  x6:0x443d4000 x29:0x0000042e x26=0x443d4000
     173585.000 ns	     17357	8000344c	4462f713	andi	x14,x5,1094	  x5:0x00000001 x14=0x00000000
     173595.000 ns	     17358	80003450	01a7a333	slt	x6,x15,x26	 x15:0x00000001 x26:0x00000040  x6=0x00000001
     173615.000 ns	     17360	80003454	21808c53	fsgnj.s	f24,f1,f24	  f1:0x4485c000 f24:0x4202d7ba f24=0x4485c000
     173635.000 ns	     17362	80003458	00a06333	or	x6,x0,x10	  x0:0x00000000 x10:0xbbc2be41  x6=0xbbc2be41
     173655.000 ns	     17364	8000345c	03ecec33	rem	x24,x25,x30	 x25:0x443d4000 x30:0x00000000 x24=0x443d4000
     173675.000 ns	     17366	80003460	41b88ab3	sub	x21,x17,x27	 x17:0x00000000 x27:0x00000000 x21=0x00000000
     173695.000 ns	     17368	80003464	02c93333	mulhu	x6,x18,x12	 x18:0x00015066 x12:0x00000000  x6=0x00000000
     173715.000 ns	     17370	80003468	019d7ab3	and	x21,x26,x25	 x26:0x443d4000 x25:0x443d4000 x21=0x443d4000
     173725.000 ns	     17371	8000346c	0037b033	sltu	x0,x15,x3	 x15:0x00000001  x3:0x00000001
     174895.000 ns	     17488	80003470	580c7c53	fsqrt.s	f24,f24	 f24:0x4485c000 f24=0x4202d7ba
     174925.000 ns	     17491	80003474	021e7133	remu	x2,x28,x1	 x28:0x127774da  x1:0x00000000  x2=0x127774da
     174945.000 ns	     17493	80003478	00b5d393	srli	x7,x11,0xb	 x11:0x00000000  x7=0x00000000
     174965.000 ns	     17495	8000347c	03655a33	divu	x20,x10,x22	 x10:0xbbc2be41 x22:0x00000000 x20=0xffffffff
     174995.000 ns	     17498	80003480	a1a79d53	flt.s	x26,f15,f26	 f15:0x46d5ce66 f26:0x00000000 x26=0x00000000
     175035.000 ns	     17502	80003484	10d076d3	fmul.s	f13,f0,f13	  f0:0x00000000 f13:0xcefff7e4 f13=0x80000000
     175055.000 ns	     17504	80003488	01504b33	xor	x22,x0,x21	  x0:0x00000000 x21:0x443d4000 x22=0x443d4000
     175075.000 ns	     17506	8000348c	209b9653	fsgnjn.s	f12,f23,f9	 f23:0x00000000  f9:0x4f172f83 f12=0x80000000
     175105.000 ns	     17509	80003490	032293b3	mulh	x7,x5,x18	  x5:0x00000001 x18:0x00015066  x7=0x00000000
     175125.000 ns	     17511	80003494	01bd9e33	sll	x28,x27,x27	 x27:0x00000000 x27:0x00000000 x28=0x00000000
     175145.000 ns	     17513	80003498	287e0fd3	fmin.s	f31,f28,f7	 f28:0x000408e5  f7:0x4a4c828d f31=0x000408e5
     175175.000 ns	     17516	8000349c	a02b16d3	flt.s	x13,f22,f2	 f22:0xcef61f79  f2:0x800408e5 x13=0x00000001
     175195.000 ns	     17518	800034a0	d52fd097	auipc	x1,0xd52fd	  x1=0x553004a0
     175205.000 ns	     17519	800034a4	00064433	xor	x8,x12,x0	 x12:0x00000000  x0:0x00000000  x8=0x00000000
     175225.000 ns	     17521	800034a8	218729d3	fsgnjx.s	f19,f14,f24	 f14:0x0000089c f24:0x4202d7ba f19=0x0000089c
     175245.000 ns	     17523	800034ac	00bbd613	srli	x12,x23,0xb	 x23:0x00000001 x12=0x00000000
     175285.000 ns	     17527	800034b0	08d4b253	fsub.s	f4,f9,f13	  f9:0x4f172f83 f13:0x80000000  f4=0x4f172f83
     175315.000 ns	     17530	800034b4	c018b5d3	fcvt.wu.s	x11,f17	 f17:0x00000000 x11=0x00000000
     175335.000 ns	     17532	800034b8	00a061b3	or	x3,x0,x10	  x0:0x00000000 x10:0xbbc2be41  x3=0xbbc2be41
     175345.000 ns	     17533	800034bc	0175e3b3	or	x7,x11,x23	 x11:0x00000000 x23:0x00000001  x7=0x00000001
     175705.000 ns	     17569	800034c0	0223f1b3	remu	x3,x7,x2	  x7:0x00000000  x2:0x127774da  x3=0x00000001
     175725.000 ns	     17571	800034c4	00371393	slli	x7,x14,0x3	 x14:0x00000000  x7=0x00000000
     176085.000 ns	     17607	800034c8	03724733	div	x14,x4,x23	  x4:0x00000000 x23:0x00000001 x14=0x00000000
     176115.000 ns	     17610	800034cc	d000af53	fcvt.s.w	f30,x1	  x1:0x553004a0 f30=0x4eaa600a
     176135.000 ns	     17612	800034d0	01d8f533	and	x10,x17,x29	 x17:0x00000000 x29:0x00000000 x10=0x00000000
     176175.000 ns	     17616	800034d4	018c72d3	fadd.s	f5,f24,f24	 f24:0x4202d7ba f24:0x4202d7ba  f5=0x4282d7ba
     176205.000 ns	     17619	800034d8	03d54cb3	div	x25,x10,x29	 x10:0xbbc2be41 x29:0x00000000 x25=0xffffffff
     176235.000 ns	     17622	800034dc	e00e8453	fmv.x.w	x8,f29	 f29:0x00000000  x8=0x00000000
     176255.000 ns	     17624	800034e0	013a97b3	sll	x15,x21,x19	 x21:0x443d4000 x19:0x80041024 x15=0x43d40000
     176265.000 ns	     17625	800034e4	9dd8bd37	lui	x26,0x9dd8b	 x26=0x9dd8b000
     176285.000 ns	     17627	800034e8	a16b2fd3	feq.s	x31,f22,f22	 f22:0xcef61f79 f22:0xcef61f79 x31=0x00000001
     176655.000 ns	     17664	800034ec	03265e33	divu	x28,x12,x18	 x12:0x00000000 x18:0x00015066 x28=0x00000000
     176675.000 ns	     17666	800034f0	172f2917	auipc	x18,0x172f2	 x18=0x972f54f0
     176705.000 ns	     17669	800034f4	19107bd3	fdiv.s	f23,f0,f17	  f0:0x00000000 f17:0x00000000 f23=0x7fc00000
     176735.000 ns	     17672	800034f8	c01aaa53	fcvt.wu.s	x20,f21	 f21:0x4efff7e4 x20=0x7ffbf200
     176765.000 ns	     17675	800034fc	c01d7cd3	fcvt.wu.s	x25,f26	 f26:0x00000000 x25=0x00000000
     176785.000 ns	     17677	80003500	41fd0e33	sub	x28,x26,x31	 x26:0x9dd8b000 x31:0x00000001 x28=0x9dd8afff
     176805.000 ns	     17679	80003504	216998d3	fsgnjn.s	f17,f19,f22	 f19:0x0000089c f22:0xcef61f79 f17=0x0000089c
     176825.000 ns	     17681	80003508	00ed25b3	slt	x11,x26,x14	 x26:0x9dd8b000 x14:0x00000000 x11=0x00000001
     176835.000 ns	     17682	8000350c	00000013	addi	x0,x0,0	  x0:0x00000000
     176845.000 ns	     17683	80003510	390e2c13	slti	x24,x28,912	 x28:0x9dd8afff x24=0x00000001
     176855.000 ns	     17684	80003514	01f743b3	xor	x7,x14,x31	 x14:0x00000000 x31:0x00000001  x7=0x00000001
     176885.000 ns	     17687	80003518	11a87953	fmul.s	f18,f16,f26	 f16:0xcefff7e4 f26:0x00000000 f18=0x80000000
     176915.000 ns	     17690	8000351c	03b0f733	remu	x14,x1,x27	  x1:0x553004a0 x27:0x00000000 x14=0x553004a0
     176945.000 ns	     17693	80003520	f0098e53	fmv.w.x	f28,x19	 x19:0x80041024 f28=0x80041024
     176965.000 ns	     17695	80003524	ecb54c93	xori	x25,x10,-309	 x10:0x00000000 x25=0xfffffecb
     176975.000 ns	     17696	80003528	01341a13	slli	x20,x8,0x13	  x8:0x00000000 x20=0x00000000
     176985.000 ns	     17697	8000352c	ec333e93	sltiu	x29,x6,-317	  x6:0x00000000 x29=0x00000001
     177005.000 ns	     17699	80003530	e00f9053	fclass.s	x0,f31	 f31:0x000408e5
     177025.000 ns	     17701	80003534	01e88e33	add	x28,x17,x30	 x17:0x00000000 x30:0x00000000 x28=0x00000000
     177045.000 ns	     17703	80003538	a15a9dd3	flt.s	x27,f21,f21	 f21:0x4efff7e4 f21:0x4efff7e4 x27=0x00000000
     177065.000 ns	     17705	8000353c	01887333	and	x6,x16,x24	 x16:0x80040fe4 x24:0x00000001  x6=0x00000000
     177075.000 ns	     17706	80003540	01a746b3	xor	x13,x14,x26	 x14:0x553004a0 x26:0x9dd8b000 x13=0xc8e8b4a0
     177095.000 ns	     17708	80003544	f00881d3	fmv.w.x	f3,x17	 x17:0x00000000  f3=0x00000000
     177115.000 ns	     17710	80003548	006913b3	sll	x7,x18,x6	 x18:0x972f54f0  x6:0x00000000  x7=0x972f54f0
     177125.000 ns	     17711	8000354c	011aaeb3	slt	x29,x21,x17	 x21:0x443d4000 x17:0x00000000 x29=0x00000000
     177135.000 ns	     17712	80003550	40b15713	srai	x14,x2,0xb	  x2:0x127774da x14=0x00024eee
     177145.000 ns	     17713	80003554	09b56293	ori	x5,x10,155	 x10:0x00000000  x5=0x0000009b
     177155.000 ns	     17714	80003558	01255f13	srli	x30,x10,0x12	 x10:0x00000000 x30=0x00000000
     177175.000 ns	     17716	8000355c	034ccab3	div	x21,x25,x20	 x25:0xfffffecb x20:0x00000000 x21=0xffffffff
     177195.000 ns	     17718	80003560	87afca93	xori	x21,x31,-1926	 x31:0x00000001 x21=0xfffff87b
     177555.000 ns	     17754	80003564	0210f7b3	remu	x15,x1,x1	  x1:0x553004a0  x1:0x553004a0 x15=0x00000000
     177605.000 ns	     17759	80003568	0893c0d3	fsub.s	f1,f7,f9	  f7:0x4a4c828d  f9:0x4f172f83  f1=0xcf16fc62
     177625.000 ns	     17761	8000356c	408f0fb3	sub	x31,x30,x8	 x30:0x00000000  x8:0x00000000 x31=0x00000000
     177635.000 ns	     17762	80003570	00000013	addi	x0,x0,0	  x0:0x00000000
     177645.000 ns	     17763	80003574	016ac133	xor	x2,x21,x22	 x21:0xfffff87b x22:0x443d4000  x2=0xbbc2b87b
     177655.000 ns	     17764	80003578	01ad7ab3	and	x21,x26,x26	 x26:0x9dd8b000 x26:0x9dd8b000 x21=0x9dd8b000
     177675.000 ns	     17766	8000357c	a0b38553	fle.s	x10,f7,f11	  f7:0x4a4c828d f11:0x80000000 x10=0x00000000
     177705.000 ns	     17769	80003580	28789353	fmax.s	f6,f17,f7	 f17:0x0000089c  f7:0x4a4c828d  f6=0x4a4c828d
     178075.000 ns	     17806	80003584	033ef1b3	remu	x3,x29,x19	 x29:0x00000000 x19:0x80041024  x3=0x00000000
     178115.000 ns	     17810	80003588	580844d3	fsqrt.s	f9,f16	 f16:0xcefff7e4  f9=0x7fc00000
     178145.000 ns	     17813	8000358c	02141bb3	mulh	x23,x8,x1	  x8:0x00000000  x1:0x553004a0 x23=0x00000000
     178175.000 ns	     17816	80003590	e00a0553	fmv.x.w	x10,f20	 f20:0x4f172f8b x10=0x4f172f8b
     178215.000 ns	     17820	80003594	189df6d3	fdiv.s	f13,f27,f9	 f27:0x403909a0  f9:0x7fc00000 f13=0x7fc00000
     178235.000 ns	     17822	80003598	6e8ec1b7	lui	x3,0x6e8ec	  x3=0x6e8ec000
     178245.000 ns	     17823	8000359c	01bfee33	or	x28,x31,x27	 x31:0x00000000 x27:0x00000000 x28=0x00000000
     178265.000 ns	     17825	800035a0	20b81553	fsgnjn.s	f10,f16,f11	 f16:0xcefff7e4 f11:0x80000000 f10=0x4efff7e4
     178295.000 ns	     17828	800035a4	d01bfbd3	fcvt.s.wu	f23,x23	 x23:0x00000000 f23=0x00000000
     178315.000 ns	     17830	800035a8	706d0d13	addi	x26,x26,1798	 x26:0x9dd8b000 x26=0x9dd8b706
     178335.000 ns	     17832	800035ac	03e6a133	mulhsu	x2,x13,x30	 x13:0xc8e8b4a0 x30:0x00000000  x2=0x00000000
     178365.000 ns	     17835	800035b0	e00d82d3	fmv.x.w	x5,f27	 f27:0x403909a0  x5=0x403909a0
     178735.000 ns	     17872	800035b4	030d6eb3	rem	x29,x26,x16	 x26:0x9dd8b706 x16:0x80040fe4 x29=0x9dd8b706
     178765.000 ns	     17875	800035b8	03ef42b3	div	x5,x30,x30	 x30:0x00000000 x30:0x00000000  x5=0xffffffff
     178785.000 ns	     17877	800035bc	40dcd5b3	sra	x11,x25,x13	 x25:0xfffffecb x13:0xc8e8b4a0 x11=0xfffffecb
     178805.000 ns	     17879	800035c0	288e8453	fmin.s	f8,f29,f8	 f29:0x00000000  f8:0x443d4000  f8=0x00000000
     178835.000 ns	     17882	800035c4	209418d3	fsgnjn.s	f17,f8,f9	  f8:0x443d4000  f9:0x7fc00000 f17=0x80000000
     178855.000 ns	     17884	800035c8	40835db3	sra	x27,x6,x8	  x6:0x00000000  x8:0x00000000 x27=0x00000000
     178865.000 ns	     17885	800035cc	004ed413	srli	x8,x29,0x4	 x29:0x9dd8b706  x8=0x09dd8b70
     178885.000 ns	     17887	800035d0	03ca33b3	mulhu	x7,x20,x28	 x20:0x00000000 x28:0x00000000  x7=0x00000000
     178915.000 ns	     17890	800035d4	02851e33	mulh	x28,x10,x8	 x10:0x4f172f8b  x8:0x00000000 x28=0x030c42c4
     178955.000 ns	     17894	800035d8	18a1cb53	fdiv.s	f22,f3,f10	  f3:0x00000000 f10:0x4efff7e4 f22=0x00000000
     178985.000 ns	     17897	800035dc	287b1fd3	fmax.s	f31,f22,f7	 f22:0xcef61f79  f7:0x4a4c828d f31=0x4a4c828d
     179005.000 ns	     17899	800035e0	00000013	addi	x0,x0,0	  x0:0x00000000
     179025.000 ns	     17901	800035e4	a14f8a53	fle.s	x20,f31,f20	 f31:0x4a4c828d f20:0x4f172f8b x20=0x00000001
     179055.000 ns	     17904	800035e8	f00f0fd3	fmv.w.x	f31,x30	 x30:0x00000000 f31=0x00000000
     179085.000 ns	     17907	800035ec	a0918f53	fle.s	x30,f3,f9	  f3:0x00000000  f9:0x7fc00000 x30=0x00000000
     179105.000 ns	     17909	800035f0	018e1c33	sll	x24,x28,x24	 x28:0x030c42c4 x24:0x00000001 x24=0x06188588
     179145.000 ns	     17913	800035f4	09924ed3	fsub.s	f29,f4,f25	  f4:0x4f172f83 f25:0x4f172f83 f29=0x80000000
     179165.000 ns	     17915	800035f8	01aad933	srl	x18,x21,x26	 x21:0x9dd8b000 x26:0x9dd8b706 x18=0x027762c0
     179185.000 ns	     17917	800035fc	211f0fd3	fsgnj.s	f31,f30,f17	 f30:0x4eaa600a f17:0x80000000 f31=0xceaa600a
     179205.000 ns	     17919	80003600	00698333	add	x6,x19,x6	 x19:0x80041024  x6:0x00000000  x6=0x80041024
     179215.000 ns	     17920	80003604	22bd8313	addi	x6,x27,555	 x27:0x00000000  x6=0x0000022b
     179225.000 ns	     17921	80003608	2bed7713	andi	x14,x26,702	 x26:0x9dd8b706 x14=0x00000206
     179235.000 ns	     17922	8000360c	0136f0b3	and	x1,x13,x19	 x13:0xc8e8b4a0 x19:0x80041024  x1=0x80001020
     179245.000 ns	     17923	80003610	bb4e4893	xori	x17,x28,-1100	 x28:0x030c42c4 x17=0xfcf3b970
     179265.000 ns	     17925	80003614	0239a733	mulhsu	x14,x19,x3	 x19:0x80041024  x3:0x6e8ec000 x14=0xc8ba6133
     179295.000 ns	     17928	80003618	030abeb3	mulhu	x29,x21,x16	 x21:0x9dd8b000 x16:0x80040fe4 x29=0x4eeed92f
     179635.000 ns	     17962	8000361c	1817f253	fdiv.s	f4,f15,f1	 f15:0x46d5ce66  f1:0xcf16fc62  f4=0xb6d5ce66
     179655.000 ns	     17964	80003620	01951c13	slli	x24,x10,0x19	 x10:0x4f172f8b x24=0x16000000
     180015.000 ns	     18000	80003624	03c2d633	divu	x12,x5,x28	  x5:0xffffffff x28:0x030c42c4 x12=0x00000053
     180045.000 ns	     18003	80003628	e00786d3	fmv.x.w	x13,f15	 f15:0x46d5ce66 x13=0x46d5ce66
     180075.000 ns	     18006	8000362c	035806b3	mul	x13,x16,x21	 x16:0x80040fe4 x21:0x9dd8b000 x13=0x074cc000
     180105.000 ns	     18009	80003630	a19e1bd3	flt.s	x23,f28,f25	 f28:0x80041024 f25:0x4f172f83 x23=0x00000001
     180125.000 ns	     18011	80003634	403cd413	srai	x8,x25,0x3	 x25:0xfffffecb  x8=0xffffffd9
     180135.000 ns	     18012	80003638	00000013	addi	x0,x0,0	  x0:0x00000000
     180495.000 ns	     18048	8000363c	029865b3	rem	x11,x16,x9	 x16:0x80040fe4  x9:0x31c5cb26 x11=0xe38fa630
     180525.000 ns	     18051	80003640	d01f4153	fcvt.s.wu	f2,x30	 x30:0x00000000  f2=0x00000000
     180555.000 ns	     18054	80003644	03f16a33	rem	x20,x2,x31	  x2:0x00000000 x31:0x00000000 x20=0x00000000
     180575.000 ns	     18056	80003648	6ad53e93	sltiu	x29,x10,1709	 x10:0x4f172f8b x29=0x00000000
     180935.000 ns	     18092	8000364c	0296d4b3	divu	x9,x13,x9	 x13:0x074cc000  x9:0x31c5cb26  x9=0x00000000
     180985.000 ns	     18097	80003650	08a61cd3	fsub.s	f25,f12,f10	 f12:0x80000000 f10:0x4efff7e4 f25=0xcefff7e4
     181005.000 ns	     18099	80003654	01eb4f33	xor	x30,x22,x30	 x22:0x443d4000 x30:0x00000000 x30=0x443d4000
     181015.000 ns	     18100	80003658	fc437e13	andi	x28,x6,-60	  x6:0x0000022b x28=0x00000200
     181035.000 ns	     18102	8000365c	d016f7d3	fcvt.s.wu	f15,x13	 x13:0x074cc000 f15=0x4ce99800
     181405.000 ns	     18139	80003660	02bed8b3	divu	x17,x29,x11	 x29:0x00000000 x11:0xe38fa630 x17=0x00000000
     181425.000 ns	     18141	80003664	00df5593	srli	x11,x30,0xd	 x30:0x443d4000 x11=0x000221ea
     181435.000 ns	     18142	80003668	c3f68c93	addi	x25,x13,-961	 x13:0x074cc000 x25=0x074cbc3f
     181445.000 ns	     18143	8000366c	00ef1513	slli	x10,x30,0xe	 x30:0x443d4000 x10=0x50000000
     181465.000 ns	     18145	80003670	29ed1453	fmax.s	f8,f26,f30	 f26:0x00000000 f30:0x4eaa600a  f8=0x4eaa600a
     181495.000 ns	     18148	80003674	023e20b3	mulhsu	x1,x28,x3	 x28:0x00000200  x3:0x6e8ec000  x1=0x000000dd
     181525.000 ns	     18151	80003678	023c9133	mulh	x2,x25,x3	 x25:0x074cbc3f  x3:0x6e8ec000  x2=0x03270aed
     181555.000 ns	     18154	8000367c	d01e7253	fcvt.s.wu	f4,x28	 x28:0x00000200  f4=0x44000000
     181585.000 ns	     18157	80003680	c01077d3	fcvt.wu.s	x15,f0	  f0:0x00000000 x15=0x00000000
     181615.000 ns	     18160	80003684	202219d3	fsgnjn.s	f19,f4,f2	  f4:0x44000000  f2:0x00000000 f19=0xc4000000
     181635.000 ns	     18162	80003688	00e00eb3	add	x29,x0,x14	  x0:0x00000000 x14:0xc8ba6133 x29=0xc8ba6133
     181645.000 ns	     18163	8000368c	33e7c937	lui	x18,0x33e7c	 x18=0x33e7c000
     181655.000 ns	     18164	80003690	5cceeb13	ori	x22,x29,1484	 x29:0x00000000 x22=0xc8ba65ff
     181675.000 ns	     18166	80003694	d0147553	fcvt.s.wu	f10,x8	  x8:0xffffffd9 f10=0x4f7fffff
     181695.000 ns	     18168	80003698	013a2ab3	slt	x21,x20,x19	 x20:0x00000000 x19:0x80041024 x21=0x00000000
     181715.000 ns	     18170	8000369c	20fc1b53	fsgnjn.s	f22,f24,f15	 f24:0x4202d7ba f15:0x4ce99800 f22=0xc202d7ba
     181755.000 ns	     18174	800036a0	114c75d3	fmul.s	f11,f24,f20	 f24:0x4202d7ba f20:0x4f172f8b f11=0x519a8b16
     181775.000 ns	     18176	800036a4	00630e33	add	x28,x6,x6	  x6:0x0000022b  x6:0x0000022b x28=0x00000456
     181795.000 ns	     18178	800036a8	c001a5d3	fcvt.w.s	x11,f3	  f3:0x00000000 x11=0x00000000
     181815.000 ns	     18180	800036ac	01f8d0b3	srl	x1,x17,x31	 x17:0x00000000 x31:0x00000000  x1=0x00000000
     182175.000 ns	     18216	800036b0	03807cb3	remu	x25,x0,x24	  x0:0x00000000 x24:0x16000000 x25=0x00000000
     182195.000 ns	     18218	800036b4	41f15633	sra	x12,x2,x31	  x2:0x03270aed x31:0x00000000 x12=0x03270aed
     182215.000 ns	     18220	800036b8	f0000b53	fmv.w.x	f22,x0	  x0:0x00000000 f22=0x00000000
     182245.000 ns	     18223	800036bc	a10a9653	flt.s	x12,f21,f16	 f21:0x4efff7e4 f16:0xcefff7e4 x12=0x00000000
     182265.000 ns	     18225	800036c0	01f45b13	srli	x22,x8,0x1f	  x8:0xffffffd9 x22=0x00000001
     182285.000 ns	     18227	800036c4	a0611553	flt.s	x10,f2,f6	  f2:0x00000000  f6:0x4a4c828d x10=0x00000001
     182305.000 ns	     18229	800036c8	016407b3	add	x15,x8,x22	  x8:0xffffffd9 x22:0xc8ba65ff x15=0xffffffda
     182315.000 ns	     18230	800036cc	00542ab3	slt	x21,x8,x5	  x8:0xffffffd9  x5:0xffffffff x21=0x00000001
     182335.000 ns	     18232	800036d0	e00b8b53	fmv.x.w	x22,f23	 f23:0x00000000 x22=0x00000000
     182355.000 ns	     18234	800036d4	4039d293	srai	x5,x19,0x3	 x19:0x80041024  x5=0xf0008204
     182375.000 ns	     18236	800036d8	02b57633	remu	x12,x10,x11	 x10:0x00000001 x11:0x00000000 x12=0x00000001
     182405.000 ns	     18239	800036dc	28ce1a53	fmax.s	f20,f28,f12	 f28:0x80041024 f12:0x80000000 f20=0x80000000
     182435.000 ns	     18242	800036e0	a19793d3	flt.s	x7,f15,f25	 f15:0x4ce99800 f25:0xcefff7e4  x7=0x00000000
     182465.000 ns	     18245	800036e4	025a8f33	mul	x30,x21,x5	 x21:0x00000001  x5:0xf0008204 x30=0xf0008204
     182495.000 ns	     18248	800036e8	e0060f53	fmv.x.w	x30,f12	 f12:0x80000000 x30=0x80000000
     182515.000 ns	     18250	800036ec	0148d713	srli	x14,x17,0x14	 x17:0x00000000 x14=0x00000000
     182525.000 ns	     18251	800036f0	00982c33	slt	x24,x16,x9	 x16:0x80040fe4  x9:0x00000000 x24=0x00000001
     182535.000 ns	     18252	800036f4	c49ff493	andi	x9,x31,-951	 x31:0x00000000  x9=0x00000000
     182545.000 ns	     18253	800036f8	feba6b13	ori	x22,x20,-21	 x20:0x00000000 x22=0xffffffeb
     182565.000 ns	     18255	800036fc	d01db4d3	fcvt.s.wu	f9,x27	 x27:0x00000000  f9=0x00000000
     182595.000 ns	     18258	80003700	201507d3	fsgnj.s	f15,f10,f1	 f10:0x4f7fffff  f1:0xcf16fc62 f15=0xcf7fffff
     182965.000 ns	     18295	80003704	03d1ca33	div	x20,x3,x29	  x3:0x6e8ec000 x29:0xc8ba6133 x20=0xfffffffe
     184145.000 ns	     18413	80003708	5802f6d3	fsqrt.s	f13,f5	  f5:0x4282d7ba f13=0x410169b2
     184175.000 ns	     18416	8000370c	e0019b53	fclass.s	x22,f3	  f3:0x00000000 x22=0x00000010
     184195.000 ns	     18418	80003710	00000013	addi	x0,x0,0	  x0:0x00000000
     184205.000 ns	     18419	80003714	e4156b93	ori	x23,x10,-447	 x10:0x00000001 x23=0xfffffe41
     184225.000 ns	     18421	80003718	03df1bb3	mulh	x23,x30,x29	 x30:0x80000000 x29:0xc8ba6133 x23=0x1ba2cf66
     184255.000 ns	     18424	8000371c	f00109d3	fmv.w.x	f19,x2	  x2:0x03270aed f19=0x03270aed
     184285.000 ns	     18427	80003720	2045a653	fsgnjx.s	f12,f11,f4	 f11:0x519a8b16  f4:0x44000000 f12=0x519a8b16
     184315.000 ns	     18430	80003724	28be95d3	fmax.s	f11,f29,f11	 f29:0x80000000 f11:0x519a8b16 f11=0x519a8b16
     184355.000 ns	     18434	80003728	10f173d3	fmul.s	f7,f2,f15	  f2:0x00000000 f15:0xcf7fffff  f7=0x80000000
     184375.000 ns	     18436	8000372c	00c113b3	sll	x7,x2,x12	  x2:0x03270aed x12:0x00000001  x7=0x064e15da
     184385.000 ns	     18437	80003730	019c8db3	add	x27,x25,x25	 x25:0x00000000 x25:0x00000000 x27=0x00000000
     184395.000 ns	     18438	80003734	401d5b13	srai	x22,x26,0x1	 x26:0x9dd8b706 x22=0xceec5b83
     184415.000 ns	     18440	80003738	20272353	fsgnjx.s	f6,f14,f2	 f14:0x0000089c  f2:0x00000000  f6=0x0000089c
     184435.000 ns	     18442	8000373c	006620b3	slt	x1,x12,x6	 x12:0x00000001  x6:0x0000022b  x1=0x00000001
     184765.000 ns	     18475	80003740	1950ad53	fdiv.s	f26,f1,f21	  f1:0xcf16fc62 f21:0x4efff7e4 f26=0xbf96fc62
     184795.000 ns	     18478	80003744	c0097553	fcvt.w.s	x10,f18	 f18:0x80000000 x10=0x00000000
     184825.000 ns	     18481	80003748	03d83d33	mulhu	x26,x16,x29	 x16:0x80040fe4 x29:0xc8ba6133 x26=0x64605ff8
     184845.000 ns	     18483	8000374c	01a4c333	xor	x6,x9,x26	  x9:0x00000000 x26:0x9dd8b706  x6=0x64605ff8
     184885.000 ns	     18487	80003750	01dda053	fadd.s	f0,f27,f29	 f27:0x403909a0 f29:0x80000000  f0=0x403909a0
     184915.000 ns	     18490	80003754	a0460e53	fle.s	x28,f12,f4	 f12:0x519a8b16  f4:0x44000000 x28=0x00000000
     184945.000 ns	     18493	80003758	03fc28b3	mulhsu	x17,x24,x31	 x24:0x00000001 x31:0x00000000 x17=0x00000000
     184965.000 ns	     18495	8000375c	99d0ff93	andi	x31,x1,-1635	  x1:0x00000001 x31=0x00000001
     184975.000 ns	     18496	80003760	00197533	and	x10,x18,x1	 x18:0x33e7c000  x1:0x00000001 x10=0x00000000
     184985.000 ns	     18497	80003764	af81bb13	sltiu	x22,x3,-1288	  x3:0x6e8ec000 x22=0x00000001
     184995.000 ns	     18498	80003768	018c3713	sltiu	x14,x24,24	 x24:0x00000001 x14=0x00000001
     185025.000 ns	     18501	8000376c	197d7153	fdiv.s	f2,f26,f23	 f26:0xbf96fc62 f23:0x00000000  f2=0xff800000
     185045.000 ns	     18503	80003770	008841b3	xor	x3,x16,x8	 x16:0x80040fe4  x8:0xffffffd9  x3=0x7ffbf03d
     185055.000 ns	     18504	80003774	01471f33	sll	x30,x14,x20	 x14:0x00000001 x20:0xfffffffe x30=0x40000000
     185065.000 ns	     18505	80003778	00f5b5b3	sltu	x11,x11,x15	 x11:0x00000000 x15:0xffffffda x11=0x00000001
     185085.000 ns	     18507	8000377c	29710c53	fmin.s	f24,f2,f23	  f2:0xff800000 f23:0x00000000 f24=0xff800000
     185455.000 ns	     18544	80003780	03d8d1b3	divu	x3,x17,x29	 x17:0x00000000 x29:0xc8ba6133  x3=0x00000000
     185485.000 ns	     18547	80003784	f0020dd3	fmv.w.x	f27,x4	  x4:0x00000000 f27=0x00000000
     185505.000 ns	     18549	80003788	2b593913	sltiu	x18,x18,693	 x18:0x33e7c000 x18=0x00000000
     185525.000 ns	     18551	8000378c	21dd88d3	fsgnj.s	f17,f27,f29	 f27:0x00000000 f29:0x80000000 f17=0x80000000
     185545.000 ns	     18553	80003790	c1e8a613	slti	x12,x17,-994	 x17:0x00000000 x12=0x00000000
     185565.000 ns	     18555	80003794	e00a9ed3	fclass.s	x29,f21	 f21:0x4efff7e4 x29=0x00000040
     185605.000 ns	     18559	80003798	198101d3	fdiv.s	f3,f2,f24	  f2:0xff800000 f24:0xff800000  f3=0x7fc00000
     185625.000 ns	     18561	8000379c	d1896e17	auipc	x28,0xd1896	 x28=0x5189979c
     185645.000 ns	     18563	800037a0	c01f8c53	fcvt.wu.s	x24,f31	 f31:0xceaa600a x24=0x55300500
     185665.000 ns	     18565	800037a4	958d6893	ori	x17,x26,-1704	 x26:0x64605ff8 x17=0xfffffff8
     185695.000 ns	     18568	800037a8	58094a53	fsqrt.s	f20,f18	 f18:0x80000000 f20=0x80000000
     185745.000 ns	     18573	800037ac	00299ad3	fadd.s	f21,f19,f2	 f19:0x03270aed  f2:0xff800000 f21=0xff800000
     185775.000 ns	     18576	800037b0	c01afcd3	fcvt.wu.s	x25,f21	 f21:0x4efff7e4 x25=0x00000000
     185795.000 ns	     18578	800037b4	40d75893	srai	x17,x14,0xd	 x14:0x00000001 x17=0x00000000
     185815.000 ns	     18580	800037b8	036311b3	mulh	x3,x6,x22	  x6:0x64605ff8 x22:0x00000001  x3=0x00000000
     185845.000 ns	     18583	800037bc	285b9553	fmax.s	f10,f23,f5	 f23:0x00000000  f5:0x4282d7ba f10=0x4282d7ba
     185865.000 ns	     18585	800037c0	0180b933	sltu	x18,x1,x24	  x1:0x00000001 x24:0x55300500 x18=0x00000001
     186225.000 ns	     18621	800037c4	034465b3	rem	x11,x8,x20	  x8:0xffffffd9 x20:0xfffffffe x11=0xffffffff
     186595.000 ns	     18658	800037c8	0254f133	remu	x2,x9,x5	  x9:0x00000000  x5:0xf0008204  x2=0x00000000
     186625.000 ns	     18661	800037cc	02732133	mulhsu	x2,x6,x7	  x6:0x64605ff8  x7:0x064e15da  x2=0x0278e02e
     186645.000 ns	     18663	800037d0	00ea1bb3	sll	x23,x20,x14	 x20:0xfffffffe x14:0x00000001 x23=0xfffffffc
     186655.000 ns	     18664	800037d4	41c5dcb3	sra	x25,x11,x28	 x11:0xffffffff x28:0x5189979c x25=0xffffffff
     186665.000 ns	     18665	800037d8	33190093	addi	x1,x18,817	 x18:0x00000001  x1=0x00000332
     186675.000 ns	     18666	800037dc	014ddc33	srl	x24,x27,x20	 x27:0x00000000 x20:0xfffffffe x24=0x00000000
     186695.000 ns	     18668	800037e0	c01d7053	fcvt.wu.s	x0,f26	 f26:0xbf96fc62
     186735.000 ns	     18672	800037e4	580a39d3	fsqrt.s	f19,f20	 f20:0x80000000 f19=0x80000000
     186785.000 ns	     18677	800037e8	09cc2f53	fsub.s	f30,f24,f28	 f24:0xff800000 f28:0x80041024 f30=0xff800000
     186815.000 ns	     18680	800037ec	285a8753	fmin.s	f14,f21,f5	 f21:0xff800000  f5:0x4282d7ba f14=0xff800000
     186845.000 ns	     18683	800037f0	20d629d3	fsgnjx.s	f19,f12,f13	 f12:0x519a8b16 f13:0x410169b2 f19=0x519a8b16
     186865.000 ns	     18685	800037f4	42c0ef93	ori	x31,x1,1068	  x1:0x00000332 x31=0x0000073e
     187875.000 ns	     18786	800037f8	58007453	fsqrt.s	f8,f0	  f0:0x403909a0  f8=0x3f82d74b
     187905.000 ns	     18789	800037fc	c01a4953	fcvt.wu.s	x18,f20	 f20:0x80000000 x18=0x00000000
     187925.000 ns	     18791	80003800	002f31b3	sltu	x3,x30,x2	 x30:0x40000000  x2:0x0278e02e  x3=0x00000000
     187935.000 ns	     18792	80003804	01325b93	srli	x23,x4,0x13	  x4:0x00000000 x23=0x00000000
     188265.000 ns	     18825	80003808	18a7fd53	fdiv.s	f26,f15,f10	 f15:0xcf7fffff f10:0x4282d7ba f26=0xcc559cd5
     188285.000 ns	     18827	8000380c	960cac93	slti	x25,x25,-1696	 x25:0xffffffff x25=0x00000000
     188295.000 ns	     18828	80003810	49e4a793	slti	x15,x9,1182	  x9:0x00000000 x15=0x00000001
     188315.000 ns	     18830	80003814	0269b933	mulhu	x18,x19,x6	 x19:0x80041024  x6:0x64605ff8 x18=0x3231c7d1
     188345.000 ns	     18833	80003818	d00d79d3	fcvt.s.w	f19,x26	 x26:0x64605ff8 f19=0x4ec8c0bf
     188375.000 ns	     18836	8000381c	a17d1dd3	flt.s	x27,f26,f23	 f26:0xcc559cd5 f23:0x00000000 x27=0x00000001
     188405.000 ns	     18839	80003820	20121453	fsgnjn.s	f8,f4,f1	  f4:0x44000000  f1:0xcf16fc62  f8=0x44000000
     188425.000 ns	     18841	80003824	00b972b3	and	x5,x18,x11	 x18:0x3231c7d1 x11:0xffffffff  x5=0x3231c7d1
     188435.000 ns	     18842	80003828	013a9a33	sll	x20,x21,x19	 x21:0x00000001 x19:0x80041024 x20=0x00000010
     188445.000 ns	     18843	8000382c	38aec693	xori	x13,x29,906	 x29:0x00000040 x13=0x000003ca
     188455.000 ns	     18844	80003830	419bde13	srai	x28,x23,0x19	 x23:0x00000000 x28=0x00000000
     188475.000 ns	     18846	80003834	d01c7653	fcvt.s.wu	f12,x24	 x24:0x00000000 f12=0x00000000
     188505.000 ns	     18849	80003838	02974533	div	x10,x14,x9	 x14:0x00000001  x9:0x00000000 x10=0xffffffff
     188545.000 ns	     18853	8000383c	11af73d3	fmul.s	f7,f30,f26	 f30:0xff800000 f26:0xcc559cd5  f7=0x7f800000
     188575.000 ns	     18856	80003840	033d9db3	mulh	x27,x27,x19	 x27:0x00000001 x19:0x80041024 x27=0xffffffff
     188605.000 ns	     18859	80003844	02190733	mul	x14,x18,x1	 x18:0x3231c7d1  x1:0x00000332 x14=0x631079d2
     188625.000 ns	     18861	80003848	01bcff33	and	x30,x25,x27	 x25:0x00000000 x27:0xffffffff x30=0x00000000
     188635.000 ns	     18862	8000384c	0004c7b3	xor	x15,x9,x0	  x9:0x00000000  x0:0x00000000 x15=0x00000000
     188655.000 ns	     18864	80003850	e0080cd3	fmv.x.w	x25,f16	 f16:0xcefff7e4 x25=0xcefff7e4
     188685.000 ns	     18867	80003854	03d01cb3	mulh	x25,x0,x29	  x0:0x00000000 x29:0x00000040 x25=0x00000000
     188715.000 ns	     18870	80003858	03aca0b3	mulhsu	x1,x25,x26	 x25:0xcefff7e4 x26:0x64605ff8  x1=0x00000000
     188735.000 ns	     18872	8000385c	01653f33	sltu	x30,x10,x22	 x10:0xffffffff x22:0x00000001 x30=0x00000000
     188745.000 ns	     18873	80003860	0088d7b3	srl	x15,x17,x8	 x17:0x00000000  x8:0xffffffd9 x15=0x00000000
     188755.000 ns	     18874	80003864	7e04b793	sltiu	x15,x9,2016	  x9:0x00000000 x15=0x00000001
     188775.000 ns	     18876	80003868	217b0e53	fsgnj.s	f28,f22,f23	 f22:0x00000000 f23:0x00000000 f28=0x00000000
     188805.000 ns	     18879	8000386c	e0089353	fclass.s	x6,f17	 f17:0x80000000  x6=0x00000008
     188835.000 ns	     18882	80003870	d01e33d3	fcvt.s.wu	f7,x28	 x28:0x00000000  f7=0x00000000
     188875.000 ns	     18886	80003874	580c2153	fsqrt.s	f2,f24	 f24:0xff800000  f2=0x7fc00000
     188905.000 ns	     18889	80003878	02293db3	mulhu	x27,x18,x2	 x18:0x3231c7d1  x2:0x0278e02e x27=0x007c16d9
     189275.000 ns	     18926	8000387c	036d42b3	div	x5,x26,x22	 x26:0x64605ff8 x22:0x00000001  x5=0x64605ff8
     189305.000 ns	     18929	80003880	a13d9e53	flt.s	x28,f27,f19	 f27:0x00000000 f19:0x4ec8c0bf x28=0x00000001
     189325.000 ns	     18931	80003884	41ca5d33	sra	x26,x20,x28	 x20:0x00000010 x28:0x00000000 x26=0x00000008
     189335.000 ns	     18932	80003888	00000013	addi	x0,x0,0	  x0:0x00000000
     189355.000 ns	     18934	8000388c	286387d3	fmin.s	f15,f7,f6	  f7:0x00000000  f6:0x0000089c f15=0x00000000
     189395.000 ns	     18938	80003890	18c5f1d3	fdiv.s	f3,f11,f12	 f11:0x519a8b16 f12:0x00000000  f3=0x7f800000
     189425.000 ns	     18941	80003894	e00b08d3	fmv.x.w	x17,f22	 f22:0x00000000 x17=0x00000000
     189455.000 ns	     18944	80003898	033fb3b3	mulhu	x7,x31,x19	 x31:0x0000073e x19:0x80041024  x7=0x0000039f
     189475.000 ns	     18946	8000389c	1f75ce37	lui	x28,0x1f75c	 x28=0x1f75c000
     189495.000 ns	     18948	800038a0	a1dfa8d3	feq.s	x17,f31,f29	 f31:0xceaa600a f29:0x80000000 x17=0x00000000
     189515.000 ns	     18950	800038a4	00079f93	slli	x31,x15,0x0	 x15:0x00000001 x31=0x00000001
     189535.000 ns	     18952	800038a8	208891d3	fsgnjn.s	f3,f17,f8	 f17:0x80000000  f8:0x44000000  f3=0x80000000
     189555.000 ns	     18954	800038ac	00000013	addi	x0,x0,0	  x0:0x00000000
     189595.000 ns	     18958	800038b0	01eb7bd3	fadd.s	f23,f22,f30	 f22:0x00000000 f30:0xff800000 f23=0xff800000
     189625.000 ns	     18961	800038b4	d0101e53	fcvt.s.wu	f28,x0	  x0:0x00000000 f28=0x00000000
     189655.000 ns	     18964	800038b8	02cfb3b3	mulhu	x7,x31,x12	 x31:0x00000001 x12:0x00000000  x7=0x00000000
     189685.000 ns	     18967	800038bc	d01e2553	fcvt.s.wu	f10,x28	 x28:0x1f75c000 f10=0x4dfbae00
     189715.000 ns	     18970	800038c0	e00d94d3	fclass.s	x9,f27	 f27:0x00000000  x9=0x00000010
     189735.000 ns	     18972	800038c4	40e78bb3	sub	x23,x15,x14	 x15:0x00000001 x14:0x631079d2 x23=0x9cef862f
     189745.000 ns	     18973	800038c8	302dc613	xori	x12,x27,770	 x27:0x007c16d9 x12=0x007c15db
     189755.000 ns	     18974	800038cc	7eb1c493	xori	x9,x3,2027	  x3:0x00000000  x9=0x000007eb
     189765.000 ns	     18975	800038d0	00000013	addi	x0,x0,0	  x0:0x00000000
     190125.000 ns	     19011	800038d4	02c9f633	remu	x12,x19,x12	 x19:0x80041024 x12:0x007c15db x12=0x000d864c
     190155.000 ns	     19014	800038d8	d018fcd3	fcvt.s.wu	f25,x17	 x17:0x00000000 f25=0x00000000
     190175.000 ns	     19016	800038dc	41de6c93	ori	x25,x28,1053	 x28:0x1f75c000 x25=0x1f75c41d
     190195.000 ns	     19018	800038e0	a1472fd3	feq.s	x31,f14,f20	 f14:0xff800000 f20:0x80000000 x31=0x00000000
     190215.000 ns	     19020	800038e4	01abcbb3	xor	x23,x23,x26	 x23:0x9cef862f x26:0x00000008 x23=0x9cef8627
     190235.000 ns	     19022	800038e8	023761b3	rem	x3,x14,x3	 x14:0x631079d2  x3:0x00000000  x3=0x631079d2
     190265.000 ns	     19025	800038ec	200415d3	fsgnjn.s	f11,f8,f0	  f8:0x44000000  f0:0x403909a0 f11=0xc4000000
     190295.000 ns	     19028	800038f0	e0058153	fmv.x.w	x2,f11	 f11:0x519a8b16  x2=0xc4000000
     190315.000 ns	     19030	800038f4	de2bfd93	andi	x27,x23,-542	 x23:0x9cef8627 x27=0x9cef8422
     190325.000 ns	     19031	800038f8	961c0093	addi	x1,x24,-1695	 x24:0x00000000  x1=0xfffff961
     190335.000 ns	     19032	800038fc	bc29fb93	andi	x23,x19,-1086	 x19:0x80041024 x23=0x80041000
     190355.000 ns	     19034	80003900	d0152ed3	fcvt.s.wu	f29,x10	 x10:0xffffffff f29=0x4f800000
     190375.000 ns	     19036	80003904	0020dfb3	srl	x31,x1,x2	  x1:0xfffff961  x2:0xc4000000 x31=0xfffff961
     190415.000 ns	     19040	80003908	08f4aed3	fsub.s	f29,f9,f15	  f9:0x00000000 f15:0x00000000 f29=0x80000000
     190445.000 ns	     19043	8000390c	03b03633	mulhu	x12,x0,x27	  x0:0x00000000 x27:0x9cef8422 x12=0x00000000
     190465.000 ns	     19045	80003910	00f37333	and	x6,x6,x15	  x6:0x00000008 x15:0x00000001  x6=0x00000000
     190485.000 ns	     19047	80003914	a14f84d3	fle.s	x9,f31,f20	 f31:0xceaa600a f20:0x80000000  x9=0x00000001
     190515.000 ns	     19050	80003918	28eb9a53	fmax.s	f20,f23,f14	 f23:0xff800000 f14:0xff800000 f20=0xff800000
     190545.000 ns	     19053	8000391c	d0133853	fcvt.s.wu	f16,x6	  x6:0x00000000 f16=0x00000000
     190565.000 ns	     19055	80003920	01095f33	srl	x30,x18,x16	 x18:0x3231c7d1 x16:0x80040fe4 x30=0x03231c7d
     190585.000 ns	     19057	80003924	02eb3f33	mulhu	x30,x22,x14	 x22:0x00000001 x14:0x631079d2 x30=0x00000000
     190605.000 ns	     19059	80003928	01f8d933	srl	x18,x17,x31	 x17:0x00000000 x31:0xfffff961 x18=0x00000000
     190625.000 ns	     19061	8000392c	21d20c53	fsgnj.s	f24,f4,f29	  f4:0x44000000 f29:0x80000000 f24=0xc4000000
     190645.000 ns	     19063	80003930	009721b3	slt	x3,x14,x9	 x14:0x631079d2  x9:0x00000001  x3=0x00000000
     190655.000 ns	     19064	80003934	68c6d7b7	lui	x15,0x68c6d	 x15=0x68c6d000
     190665.000 ns	     19065	80003938	863eb7b7	lui	x15,0x863eb	 x15=0x863eb000
     191025.000 ns	     19101	8000393c	037f4333	div	x6,x30,x23	 x30:0x00000000 x23:0x80041000  x6=0x00000000
     191055.000 ns	     19104	80003940	c0017d53	fcvt.w.s	x26,f2	  f2:0x7fc00000 x26=0x7fffffff
     191085.000 ns	     19107	80003944	299414d3	fmax.s	f9,f8,f25	  f8:0x44000000 f25:0x00000000  f9=0x44000000
     191115.000 ns	     19110	80003948	21d92453	fsgnjx.s	f8,f18,f29	 f18:0x80000000 f29:0x80000000  f8=0x00000000
     191145.000 ns	     19113	8000394c	202216d3	fsgnjn.s	f13,f4,f2	  f4:0x44000000  f2:0x7fc00000 f13=0xc4000000
     191175.000 ns	     19116	80003950	f00c83d3	fmv.w.x	f7,x25	 x25:0x1f75c41d  f7=0x1f75c41d
     191545.000 ns	     19153	80003954	02d9c433	div	x8,x19,x13	 x19:0x80041024 x13:0x000003ca  x8=0xffde3906
     191575.000 ns	     19156	80003958	02cce533	rem	x10,x25,x12	 x25:0x1f75c41d x12:0x00000000 x10=0x1f75c41d
     191605.000 ns	     19159	8000395c	d01310d3	fcvt.s.wu	f1,x6	  x6:0x00000000  f1=0x00000000
     191635.000 ns	     19162	80003960	21c41653	fsgnjn.s	f12,f8,f28	  f8:0x00000000 f28:0x00000000 f12=0x80000000
     191665.000 ns	     19165	80003964	d003a0d3	fcvt.s.w	f1,x7	  x7:0x00000000  f1=0x00000000
     191695.000 ns	     19168	80003968	a0308a53	fle.s	x20,f1,f3	  f1:0x00000000  f3:0x80000000 x20=0x00000001
     191715.000 ns	     19170	8000396c	00a04c33	xor	x24,x0,x10	  x0:0x00000000 x10:0x1f75c41d x24=0x1f75c41d
     191735.000 ns	     19172	80003970	283c09d3	fmin.s	f19,f24,f3	 f24:0xc4000000  f3:0x80000000 f19=0xc4000000
     191765.000 ns	     19175	80003974	f0010853	fmv.w.x	f16,x2	  x2:0xc4000000 f16=0xc4000000
     191785.000 ns	     19177	80003978	011b8db3	add	x27,x23,x17	 x23:0x80041000 x17:0x00000000 x27=0x80041000
     191805.000 ns	     19179	8000397c	a1ad1b53	flt.s	x22,f26,f26	 f26:0xcc559cd5 f26:0xcc559cd5 x22=0x00000000
     191835.000 ns	     19182	80003980	03eb61b3	rem	x3,x22,x30	 x22:0x00000001 x30:0x00000000  x3=0x00000000
     191865.000 ns	     19185	80003984	28159cd3	fmax.s	f25,f11,f1	 f11:0xc4000000  f1:0x00000000 f25=0x00000000
     191895.000 ns	     19188	80003988	d015a253	fcvt.s.wu	f4,x11	 x11:0xffffffff  f4=0x4f800000
     191925.000 ns	     19191	8000398c	a08c23d3	feq.s	x7,f24,f8	 f24:0xc4000000  f8:0x00000000  x7=0x00000000
     191955.000 ns	     19194	80003990	03e7b533	mulhu	x10,x15,x30	 x15:0x863eb000 x30:0x00000000 x10=0x00000000
     191975.000 ns	     19196	80003994	52453d93	sltiu	x27,x10,1316	 x10:0x1f75c41d x27=0x00000001
     192335.000 ns	     19232	80003998	0252c0b3	div	x1,x5,x5	  x5:0x64605ff8  x5:0x64605ff8  x1=0x00000001
     192365.000 ns	     19235	8000399c	c017fcd3	fcvt.wu.s	x25,f15	 f15:0x00000000 x25=0x00000000
     192385.000 ns	     19237	800039a0	01d13eb3	sltu	x29,x2,x29	  x2:0xc4000000 x29:0x00000040 x29=0x00000000
     192405.000 ns	     19239	800039a4	20020353	fsgnj.s	f6,f4,f0	  f4:0x4f800000  f0:0x403909a0  f6=0x4f800000
     192425.000 ns	     19241	800039a8	004e0bb3	add	x23,x28,x4	 x28:0x1f75c000  x4:0x00000000 x23=0x1f75c000
     192465.000 ns	     19245	800039ac	0849fb53	fsub.s	f22,f19,f4	 f19:0xc4000000  f4:0x4f800000 f22=0xcf800001
     192505.000 ns	     19249	800039b0	182df053	fdiv.s	f0,f27,f2	 f27:0x00000000  f2:0x7fc00000  f0=0x7fc00000
     192525.000 ns	     19251	800039b4	01dd6d33	or	x26,x26,x29	 x26:0x7fffffff x29:0x00000000 x26=0x7fffffff
     192555.000 ns	     19254	800039b8	113a4f53	fmul.s	f30,f20,f19	 f20:0xff800000 f19:0xc4000000 f30=0x7f800000
     192585.000 ns	     19257	800039bc	029198b3	mulh	x17,x3,x9	  x3:0x00000000  x9:0x00000001 x17=0x00000000
     192605.000 ns	     19259	800039c0	01491c93	slli	x25,x18,0x14	 x18:0x00000000 x25=0x00000000
     192625.000 ns	     19261	800039c4	a0d412d3	flt.s	x5,f8,f13	  f8:0x00000000 f13:0xc4000000  x5=0x00000000
     192645.000 ns	     19263	800039c8	6c563137	lui	x2,0x6c563	  x2=0x6c563000
     192655.000 ns	     19264	800039cc	00c80433	add	x8,x16,x12	 x16:0x80040fe4 x12:0x00000000  x8=0x80040fe4
     192675.000 ns	     19266	800039d0	03d40033	mul	x0,x8,x29	  x8:0xffde3906 x29:0x00000000
     192695.000 ns	     19268	800039d4	903e3593	sltiu	x11,x28,-1789	 x28:0x1f75c000 x11=0x00000001
     192715.000 ns	     19270	800039d8	02368fb3	mul	x31,x13,x3	 x13:0x000003ca  x3:0x00000000 x31=0x00000000
     192735.000 ns	     19272	800039dc	41e0db33	sra	x22,x1,x30	  x1:0x00000001 x30:0x00000000 x22=0x00000001
     192755.000 ns	     19274	800039e0	20b70353	fsgnj.s	f6,f14,f11	 f14:0xff800000 f11:0xc4000000  f6=0xff800000
     192775.000 ns	     19276	800039e4	00000013	addi	x0,x0,0	  x0:0x00000000
     192785.000 ns	     19277	800039e8	01d1c433	xor	x8,x3,x29	  x3:0x00000000 x29:0x00000000  x8=0x00000000
     192795.000 ns	     19278	800039ec	001d5f13	srli	x30,x26,0x1	 x26:0x7fffffff x30=0x3fffffff
     192805.000 ns	     19279	800039f0	016f40b3	xor	x1,x30,x22	 x30:0x00000000 x22:0x00000001  x1=0x3ffffffe
     193165.000 ns	     19315	800039f4	03aaeab3	rem	x21,x21,x26	 x21:0x00000001 x26:0x7fffffff x21=0x00000001
     193185.000 ns	     19317	800039f8	7deb4c13	xori	x24,x22,2014	 x22:0x00000001 x24=0x000007df
     193205.000 ns	     19319	800039fc	f0068353	fmv.w.x	f6,x13	 x13:0x000003ca  f6=0x000003ca
     193225.000 ns	     19321	80003a00	bd9a7d13	andi	x26,x20,-1063	 x20:0x00000001 x26=0x00000001
     193235.000 ns	     19322	80003a04	83fb6497	auipc	x9,0x83fb6	  x9=0x03fb9a04
     193255.000 ns	     19324	80003a08	20ef2ed3	fsgnjx.s	f29,f30,f14	 f30:0x7f800000 f14:0xff800000 f29=0xff800000
     193285.000 ns	     19327	80003a0c	f00008d3	fmv.w.x	f17,x0	  x0:0x00000000 f17=0x00000000
     193335.000 ns	     19332	80003a10	08f172d3	fsub.s	f5,f2,f15	  f2:0x7fc00000 f15:0x00000000  f5=0x7fc00000
     193355.000 ns	     19334	80003a14	90122893	slti	x17,x4,-1791	  x4:0x00000000 x17=0x00000000
     193375.000 ns	     19336	80003a18	c00d7bd3	fcvt.w.s	x23,f26	 f26:0xcc559cd5 x23=0x03567354
     193405.000 ns	     19339	80003a1c	d01bf853	fcvt.s.wu	f16,x23	 x23:0x1f75c000 f16=0x4c559cd5
     193435.000 ns	     19342	80003a20	024470b3	remu	x1,x8,x4	  x8:0x00000000  x4:0x00000000  x1=0x00000000
     193465.000 ns	     19345	80003a24	032d53b3	divu	x7,x26,x18	 x26:0x00000001 x18:0x00000000  x7=0xffffffff
     193485.000 ns	     19347	80003a28	40bdd1b3	sra	x3,x27,x11	 x27:0x00000001 x11:0x00000001  x3=0x00000000
     193495.000 ns	     19348	80003a2c	00000013	addi	x0,x0,0	  x0:0x00000000
     193515.000 ns	     19350	80003a30	02186a33	rem	x20,x16,x1	 x16:0x80040fe4  x1:0x00000000 x20=0x80040fe4
     193545.000 ns	     19353	80003a34	03cd9db3	mulh	x27,x27,x28	 x27:0x00000001 x28:0x1f75c000 x27=0x00000000
     193575.000 ns	     19356	80003a38	298a1753	fmax.s	f14,f20,f24	 f20:0xff800000 f24:0xc4000000 f14=0xc4000000
     193605.000 ns	     19359	80003a3c	c00f7953	fcvt.w.s	x18,f30	 f30:0x7f800000 x18=0x7fffffff
     193625.000 ns	     19361	80003a40	41550fb3	sub	x31,x10,x21	 x10:0x00000000 x21:0x00000001 x31=0xffffffff
     193635.000 ns	     19362	80003a44	bed6c693	xori	x13,x13,-1043	 x13:0x000003ca x13=0xfffff827
     193655.000 ns	     19364	80003a48	c000c353	fcvt.w.s	x6,f1	  f1:0x00000000  x6=0x00000000
     193675.000 ns	     19366	80003a4c	edffb613	sltiu	x12,x31,-289	 x31:0xffffffff x12=0x00000000
     193695.000 ns	     19368	80003a50	a0338ad3	fle.s	x21,f7,f3	  f7:0x1f75c41d  f3:0x80000000 x21=0x00000000
     193725.000 ns	     19371	80003a54	206e99d3	fsgnjn.s	f19,f29,f6	 f29:0xff800000  f6:0x000003ca f19=0xff800000
     193755.000 ns	     19374	80003a58	212a0c53	fsgnj.s	f24,f20,f18	 f20:0xff800000 f18:0x80000000 f24=0xff800000
     193785.000 ns	     19377	80003a5c	c00cfbd3	fcvt.w.s	x23,f25	 f25:0x00000000 x23=0x00000000
     193825.000 ns	     19381	80003a60	18f27853	fdiv.s	f16,f4,f15	  f4:0x4f800000 f15:0x00000000 f16=0x7f800000
     193845.000 ns	     19383	80003a64	a527cf13	xori	x30,x15,-1454	 x15:0x863eb000 x30=0x79c14a52
     193855.000 ns	     19384	80003a68	f4afc093	xori	x1,x31,-182	 x31:0xffffffff  x1=0x000000b5
     193865.000 ns	     19385	80003a6c	00e27b33	and	x22,x4,x14	  x4:0x00000000 x14:0x631079d2 x22=0x00000000
     193885.000 ns	     19387	80003a70	28040953	fmin.s	f18,f8,f0	  f8:0x00000000  f0:0x7fc00000 f18=0x00000000
     193915.000 ns	     19390	80003a74	207d2453	fsgnjx.s	f8,f26,f7	 f26:0xcc559cd5  f7:0x1f75c41d  f8=0xcc559cd5
     193945.000 ns	     19393	80003a78	d00b92d3	fcvt.s.w	f5,x23	 x23:0x00000000  f5=0x00000000
     193975.000 ns	     19396	80003a7c	0268d8b3	divu	x17,x17,x6	 x17:0x00000000  x6:0x00000000 x17=0xffffffff
     194005.000 ns	     19399	80003a80	a19518d3	flt.s	x17,f10,f25	 f10:0x4dfbae00 f25:0x00000000 x17=0x00000000
     194035.000 ns	     19402	80003a84	e00b1053	fclass.s	x0,f22	 f22:0xcf800001
     194065.000 ns	     19405	80003a88	f0028053	fmv.w.x	f0,x5	  x5:0x00000000  f0=0x00000000
     194095.000 ns	     19408	80003a8c	c01ff353	fcvt.wu.s	x6,f31	 f31:0xceaa600a  x6=0x55300500
     194115.000 ns	     19410	80003a90	ec986f97	auipc	x31,0xec986	 x31=0x6c989a90
     194125.000 ns	     19411	80003a94	c2507013	andi	x0,x0,-987	  x0:0x00000000
     194485.000 ns	     19447	80003a98	03ccde33	divu	x28,x25,x28	 x25:0x00000000 x28:0x1f75c000 x28=0x00000000
     194505.000 ns	     19449	80003a9c	00421513	slli	x10,x4,0x4	  x4:0x00000000 x10=0x00000000
     194515.000 ns	     19450	80003aa0	37db9eb7	lui	x29,0x37db9	 x29=0x37db9000
     194535.000 ns	     19452	80003aa4	a0b70953	fle.s	x18,f14,f11	 f14:0xc4000000 f11:0xc4000000 x18=0x00000001
     194555.000 ns	     19454	80003aa8	843e0593	addi	x11,x28,-1981	 x28:0x00000000 x11=0xfffff843
     194575.000 ns	     19456	80003aac	023c42b3	div	x5,x24,x3	 x24:0x000007df  x3:0x00000000  x5=0xffffffff
     194945.000 ns	     19493	80003ab0	03ffe433	rem	x8,x31,x31	 x31:0x6c989a90 x31:0x6c989a90  x8=0x00000000
     194965.000 ns	     19495	80003ab4	4e59c193	xori	x3,x19,1253	 x19:0x80041024  x3=0x800414c1
     194975.000 ns	     19496	80003ab8	00b49d33	sll	x26,x9,x11	  x9:0x03fb9a04 x11:0xfffff843 x26=0x1fdcd020
     194985.000 ns	     19497	80003abc	014ec4b3	xor	x9,x29,x20	 x29:0x37db9000 x20:0x80040fe4  x9=0xb7df9fe4
     195005.000 ns	     19499	80003ac0	29701ed3	fmax.s	f29,f0,f23	  f0:0x00000000 f23:0xff800000 f29=0x00000000
     195375.000 ns	     19536	80003ac4	0389d333	divu	x6,x19,x24	 x19:0x80041024 x24:0x000007df  x6=0x00104398
     195395.000 ns	     19538	80003ac8	006c5013	srli	x0,x24,0x6	 x24:0x000007df
     195405.000 ns	     19539	80003acc	008277b3	and	x15,x4,x8	  x4:0x00000000  x8:0x00000000 x15=0x00000000
     195425.000 ns	     19541	80003ad0	02362f33	mulhsu	x30,x12,x3	 x12:0x00000000  x3:0x800414c1 x30=0x00000000
     195445.000 ns	     19543	80003ad4	002c60b3	or	x1,x24,x2	 x24:0x000007df  x2:0x6c563000  x1=0x6c5637df
     195475.000 ns	     19546	80003ad8	580a2fd3	fsqrt.s	f31,f20	 f20:0xff800000 f31=0x7fc00000
     195505.000 ns	     19549	80003adc	03671e33	mulh	x28,x14,x22	 x14:0x631079d2 x22:0x00000000 x28=0x00000000
     195545.000 ns	     19553	80003ae0	58077d53	fsqrt.s	f26,f14	 f14:0xc4000000 f26=0x7fc00000
     195575.000 ns	     19556	80003ae4	02c1c633	div	x12,x3,x12	  x3:0x800414c1 x12:0x00000000 x12=0xffffffff
     195595.000 ns	     19558	80003ae8	57524493	xori	x9,x4,1397	  x4:0x00000000  x9=0x00000575
     195955.000 ns	     19594	80003aec	02cc6733	rem	x14,x24,x12	 x24:0x000007df x12:0xffffffff x14=0x00000000
     195985.000 ns	     19597	80003af0	29e19bd3	fmax.s	f23,f3,f30	  f3:0x80000000 f30:0x7f800000 f23=0x7f800000
     196005.000 ns	     19599	80003af4	00c98ab3	add	x21,x19,x12	 x19:0x80041024 x12:0xffffffff x21=0x80041023
     196025.000 ns	     19601	80003af8	a0faa4d3	feq.s	x9,f21,f15	 f21:0xff800000 f15:0x00000000  x9=0x00000000
     196055.000 ns	     19604	80003afc	03cd3433	mulhu	x8,x26,x28	 x26:0x1fdcd020 x28:0x00000000  x8=0x00000000
     196085.000 ns	     19607	80003b00	032f92b3	mulh	x5,x31,x18	 x31:0x6c989a90 x18:0x00000001  x5=0x00000000
     196105.000 ns	     19609	80003b04	01e1af33	slt	x30,x3,x30	  x3:0x800414c1 x30:0x00000000 x30=0x00000001
     196125.000 ns	     19611	80003b08	289a0dd3	fmin.s	f27,f20,f9	 f20:0xff800000  f9:0x44000000 f27=0xff800000
     196145.000 ns	     19613	80003b0c	a4213193	sltiu	x3,x2,-1470	  x2:0x6c563000  x3=0x00000001
     196155.000 ns	     19614	80003b10	cc056b93	ori	x23,x10,-832	 x10:0x00000000 x23=0xfffffcc0
     196195.000 ns	     19618	80003b14	09877153	fsub.s	f2,f14,f24	 f14:0xc4000000 f24:0xff800000  f2=0x7f800000
     196215.000 ns	     19620	80003b18	0169d913	srli	x18,x19,0x16	 x19:0x80041024 x18=0x00000200
     196225.000 ns	     19621	80003b1c	0168e1b3	or	x3,x17,x22	 x17:0x00000000 x22:0x00000000  x3=0x00000000
     196245.000 ns	     19623	80003b20	023cb3b3	mulhu	x7,x25,x3	 x25:0x00000000  x3:0x00000001  x7=0x00000000
     196265.000 ns	     19625	80003b24	004b65b3	or	x11,x22,x4	 x22:0x00000000  x4:0x00000000 x11=0x00000000
     196275.000 ns	     19626	80003b28	b333a513	slti	x10,x7,-1229	  x7:0x00000000 x10=0x00000000
     196295.000 ns	     19628	80003b2c	205705d3	fsgnj.s	f11,f14,f5	 f14:0xc4000000  f5:0x00000000 f11=0x44000000
     196315.000 ns	     19630	80003b30	01e7c633	xor	x12,x15,x30	 x15:0x00000000 x30:0x00000001 x12=0x00000001
     196355.000 ns	     19634	80003b34	007b30d3	fadd.s	f1,f22,f7	 f22:0xcf800001  f7:0x1f75c41d  f1=0xcf800001
     196375.000 ns	     19636	80003b38	99493c13	sltiu	x24,x18,-1644	 x18:0x00000200 x24=0x00000001
     196385.000 ns	     19637	80003b3c	00babe33	sltu	x28,x21,x11	 x21:0x80041023 x11:0x00000000 x28=0x00000000
     196395.000 ns	     19638	80003b40	01106e33	or	x28,x0,x17	  x0:0x00000000 x17:0x00000000 x28=0x00000000
     196415.000 ns	     19640	80003b44	020c0e33	mul	x28,x24,x0	 x24:0x00000001  x0:0x00000000 x28=0x00000000
     196455.000 ns	     19644	80003b48	1869ce53	fdiv.s	f28,f19,f6	 f19:0xff800000  f6:0x000003ca f28=0xff800000
     196485.000 ns	     19647	80003b4c	204008d3	fsgnj.s	f17,f0,f4	  f0:0x00000000  f4:0x4f800000 f17=0x00000000
     196515.000 ns	     19650	80003b50	d01946d3	fcvt.s.wu	f13,x18	 x18:0x00000200 f13=0x44000000
     196545.000 ns	     19653	80003b54	03692cb3	mulhsu	x25,x18,x22	 x18:0x00000200 x22:0x00000000 x25=0x00000000
     196575.000 ns	     19656	80003b58	0291ae33	mulhsu	x28,x3,x9	  x3:0x00000000  x9:0x00000000 x28=0x00000000
     196615.000 ns	     19660	80003b5c	11921b53	fmul.s	f22,f4,f25	  f4:0x4f800000 f25:0x00000000 f22=0x00000000
     196635.000 ns	     19662	80003b60	0cde3293	sltiu	x5,x28,205	 x28:0x00000000  x5=0x00000001
     196645.000 ns	     19663	80003b64	1b55aeb7	lui	x29,0x1b55a	 x29=0x1b55a000
     196655.000 ns	     19664	80003b68	013a8933	add	x18,x21,x19	 x21:0x80041023 x19:0x80041024 x18=0x00082047
     196675.000 ns	     19666	80003b6c	204fafd3	fsgnjx.s	f31,f31,f4	 f31:0x7fc00000  f4:0x4f800000 f31=0x7fc00000
     196695.000 ns	     19668	80003b70	415f54b3	sra	x9,x30,x21	 x30:0x00000001 x21:0x80041023  x9=0x00000000
     196715.000 ns	     19670	80003b74	a0ce90d3	flt.s	x1,f29,f12	 f29:0x00000000 f12:0x80000000  x1=0x00000000
     196755.000 ns	     19674	80003b78	18b17a53	fdiv.s	f20,f2,f11	  f2:0x7f800000 f11:0x44000000 f20=0x7f800000
     196785.000 ns	     19677	80003b7c	e00e8653	fmv.x.w	x12,f29	 f29:0x00000000 x12=0x00000000
     196805.000 ns	     19679	80003b80	416ed6b3	sra	x13,x29,x22	 x29:0x1b55a000 x22:0x00000000 x13=0x1b55a000
     196825.000 ns	     19681	80003b84	c01343d3	fcvt.wu.s	x7,f6	  f6:0x000003ca  x7=0x00000000
     196865.000 ns	     19685	80003b88	1999f153	fdiv.s	f2,f19,f25	 f19:0xff800000 f25:0x00000000  f2=0xff800000
     196885.000 ns	     19687	80003b8c	d7d24913	xori	x18,x4,-643	  x4:0x00000000 x18=0xfffffd7d
     196905.000 ns	     19689	80003b90	a1851753	flt.s	x14,f10,f24	 f10:0x4dfbae00 f24:0xff800000 x14=0x00000000
     196925.000 ns	     19691	80003b94	01d09e13	slli	x28,x1,0x1d	  x1:0x00000000 x28=0x00000000
     196945.000 ns	     19693	80003b98	d0034f53	fcvt.s.w	f30,x6	  x6:0x00104398 f30=0x49821cc0
     196965.000 ns	     19695	80003b9c	000b4933	xor	x18,x22,x0	 x22:0x00000000  x0:0x00000000 x18=0x00000000
     196975.000 ns	     19696	80003ba0	23263f93	sltiu	x31,x12,562	 x12:0x00000000 x31=0x00000001
     197335.000 ns	     19732	80003ba4	0228e4b3	rem	x9,x17,x2	 x17:0x00000000  x2:0x6c563000  x9=0x00000000
     197355.000 ns	     19734	80003ba8	8ccccd97	auipc	x27,0x8cccc	 x27=0x0cccfba8
     197365.000 ns	     19735	80003bac	86dc8093	addi	x1,x25,-1939	 x25:0x00000000  x1=0xfffff86d
     197375.000 ns	     19736	80003bb0	7707a313	slti	x6,x15,1904	 x15:0x00000000  x6=0x00000001
     197385.000 ns	     19737	80003bb4	40215a33	sra	x20,x2,x2	  x2:0x6c563000  x2:0x6c563000 x20=0x6c563000
     197395.000 ns	     19738	80003bb8	f2bce713	ori	x14,x25,-213	 x25:0x00000000 x14=0xffffff2b
     197415.000 ns	     19740	80003bbc	d017cbd3	fcvt.s.wu	f23,x15	 x15:0x00000000 f23=0x00000000
     197445.000 ns	     19743	80003bc0	e0061753	fclass.s	x14,f12	 f12:0x80000000 x14=0x00000008
     197465.000 ns	     19745	80003bc4	40c14693	xori	x13,x2,1036	  x2:0x6c563000 x13=0x6c56340c
     197485.000 ns	     19747	80003bc8	03a0ab33	mulhsu	x22,x1,x26	  x1:0xfffff86d x26:0x1fdcd020 x22=0xffffff0e
     197515.000 ns	     19750	80003bcc	027e1533	mulh	x10,x28,x7	 x28:0x00000000  x7:0x00000000 x10=0x00000000
     197545.000 ns	     19753	80003bd0	e0078bd3	fmv.x.w	x23,f15	 f15:0x00000000 x23=0x00000000
     197565.000 ns	     19755	80003bd4	411f5d33	sra	x26,x30,x17	 x30:0x00000001 x17:0x00000000 x26=0x00000001
     197585.000 ns	     19757	80003bd8	203a0dd3	fsgnj.s	f27,f20,f3	 f20:0x7f800000  f3:0x80000000 f27=0xff800000
     197615.000 ns	     19760	80003bdc	217e83d3	fsgnj.s	f7,f29,f23	 f29:0x00000000 f23:0x00000000  f7=0x00000000
     197635.000 ns	     19762	80003be0	00000013	addi	x0,x0,0	  x0:0x00000000
     197655.000 ns	     19764	80003be4	a0211cd3	flt.s	x25,f2,f2	  f2:0xff800000  f2:0xff800000 x25=0x00000000
     197695.000 ns	     19768	80003be8	1195ac53	fmul.s	f24,f11,f25	 f11:0x44000000 f25:0x00000000 f24=0x00000000
     198065.000 ns	     19805	80003bec	03a44ab3	div	x21,x8,x26	  x8:0x00000000 x26:0x00000001 x21=0x00000000
     198095.000 ns	     19808	80003bf0	c01241d3	fcvt.wu.s	x3,f4	  f4:0x4f800000  x3=0x00000000
     198145.000 ns	     19813	80003bf4	013c8253	fadd.s	f4,f25,f19	 f25:0x00000000 f19:0xff800000  f4=0xff800000
     198175.000 ns	     19816	80003bf8	284f0153	fmin.s	f2,f30,f4	 f30:0x49821cc0  f4:0x4f800000  f2=0xff800000
     198205.000 ns	     19819	80003bfc	e0008cd3	fmv.x.w	x25,f1	  f1:0xcf800001 x25=0xcf800001
     198225.000 ns	     19821	80003c00	476d6013	ori	x0,x26,1142	 x26:0x00000001
     198245.000 ns	     19823	80003c04	20c515d3	fsgnjn.s	f11,f10,f12	 f10:0x4dfbae00 f12:0x80000000 f11=0x4dfbae00
     198275.000 ns	     19826	80003c08	028aa7b3	mulhsu	x15,x21,x8	 x21:0x00000000  x8:0x00000000 x15=0x00000000
     198295.000 ns	     19828	80003c0c	005675b3	and	x11,x12,x5	 x12:0x00000000  x5:0x00000001 x11=0x00000000
     198315.000 ns	     19830	80003c10	e00904d3	fmv.x.w	x9,f18	 f18:0x00000000  x9=0x00000000
     198335.000 ns	     19832	80003c14	3c25ff13	andi	x30,x11,962	 x11:0x00000000 x30=0x00000000
     198695.000 ns	     19868	80003c18	02e24a33	div	x20,x4,x14	  x4:0x00000000 x14:0x00000008 x20=0x00000000
     198715.000 ns	     19870	80003c1c	01954033	xor	x0,x10,x25	 x10:0x00000000 x25:0xcf800001
     198725.000 ns	     19871	80003c20	ccc8f397	auipc	x7,0xccc8f	  x7=0x4cc92c20
     198735.000 ns	     19872	80003c24	40655a13	srai	x20,x10,0x6	 x10:0x00000000 x20=0x00000000
     198755.000 ns	     19874	80003c28	e00f11d3	fclass.s	x3,f30	 f30:0x49821cc0  x3=0x00000040
     198775.000 ns	     19876	80003c2c	e597e713	ori	x14,x15,-423	 x15:0x00000000 x14=0xfffffe59
     198785.000 ns	     19877	80003c30	40e5dd13	srai	x26,x11,0xe	 x11:0x00000000 x26=0x00000000
     198795.000 ns	     19878	80003c34	a4b20e17	auipc	x28,0xa4b20	 x28=0x24b23c34
     198815.000 ns	     19880	80003c38	29699ed3	fmax.s	f29,f19,f22	 f19:0xff800000 f22:0x00000000 f29=0x00000000
     198845.000 ns	     19883	80003c3c	d00bbbd3	fcvt.s.w	f23,x23	 x23:0x00000000 f23=0x00000000
     198865.000 ns	     19885	80003c40	00000013	addi	x0,x0,0	  x0:0x00000000
     198885.000 ns	     19887	80003c44	02c7a333	mulhsu	x6,x15,x12	 x15:0x00000000 x12:0x00000000  x6=0x00000000
     198915.000 ns	     19890	80003c48	c00d7c53	fcvt.w.s	x24,f26	 f26:0x7fc00000 x24=0x7fffffff
     198945.000 ns	     19893	80003c4c	d00cfcd3	fcvt.s.w	f25,x25	 x25:0xcf800001 f25=0xce41ffff
     198965.000 ns	     19895	80003c50	a369f893	andi	x17,x19,-1482	 x19:0x80041024 x17=0x80041024
     198985.000 ns	     19897	80003c54	d0093bd3	fcvt.s.w	f23,x18	 x18:0x00000000 f23=0x00000000
     199035.000 ns	     19902	80003c58	092cfad3	fsub.s	f21,f25,f18	 f25:0xce41ffff f18:0x00000000 f21=0xce41ffff
     199055.000 ns	     19904	80003c5c	00213fb3	sltu	x31,x2,x2	  x2:0x6c563000  x2:0x6c563000 x31=0x00000000
     199065.000 ns	     19905	80003c60	4025d613	srai	x12,x11,0x2	 x11:0x00000000 x12=0x00000000
     199085.000 ns	     19907	80003c64	037c4a33	div	x20,x24,x23	 x24:0x7fffffff x23:0x00000000 x20=0xffffffff
     199115.000 ns	     19910	80003c68	206c2453	fsgnjx.s	f8,f24,f6	 f24:0x00000000  f6:0x000003ca  f8=0x00000000
     199135.000 ns	     19912	80003c6c	00d012b3	sll	x5,x0,x13	  x0:0x00000000 x13:0x6c56340c  x5=0x00000000
     199145.000 ns	     19913	80003c70	00fa6033	or	x0,x20,x15	 x20:0xffffffff x15:0x00000000
     199155.000 ns	     19914	80003c74	dc5afa13	andi	x20,x21,-571	 x21:0x00000000 x20=0x00000000
     199165.000 ns	     19915	80003c78	018261b3	or	x3,x4,x24	  x4:0x00000000 x24:0x7fffffff  x3=0x7fffffff
     199175.000 ns	     19916	80003c7c	41115b93	srai	x23,x2,0x11	  x2:0x6c563000 x23=0x0000362b
     199185.000 ns	     19917	80003c80	00ee0333	add	x6,x28,x14	 x28:0x24b23c34 x14:0xfffffe59  x6=0x24b23a8d
     199205.000 ns	     19919	80003c84	d006fc53	fcvt.s.w	f24,x13	 x13:0x6c56340c f24=0x4ed8ac68
     199225.000 ns	     19921	80003c88	1ea52a93	slti	x21,x10,490	 x10:0x00000000 x21=0x00000001
     199235.000 ns	     19922	80003c8c	7cd60d93	addi	x27,x12,1997	 x12:0x00000000 x27=0x000007cd
     199255.000 ns	     19924	80003c90	e0069dd3	fclass.s	x27,f13	 f13:0x44000000 x27=0x00000040
     199275.000 ns	     19926	80003c94	a545abb7	lui	x23,0xa545a	 x23=0xa545a000
     199295.000 ns	     19928	80003c98	208387d3	fsgnj.s	f15,f7,f8	  f7:0x00000000  f8:0x00000000 f15=0x00000000
     199325.000 ns	     19931	80003c9c	02a52e33	mulhsu	x28,x10,x10	 x10:0x00000000 x10:0x00000000 x28=0x00000000
     199695.000 ns	     19968	80003ca0	027b6ab3	rem	x21,x22,x7	 x22:0xffffff0e  x7:0x4cc92c20 x21=0xffffff0e
     199715.000 ns	     19970	80003ca4	f20c3893	sltiu	x17,x24,-224	 x24:0x7fffffff x17=0x00000001
     199725.000 ns	     19971	80003ca8	43c70f13	addi	x30,x14,1084	 x14:0xfffffe59 x30=0x00000295
     199735.000 ns	     19972	80003cac	00276eb3	or	x29,x14,x2	 x14:0xfffffe59  x2:0x6c563000 x29=0xfffffe59
     199745.000 ns	     19973	80003cb0	74c28113	addi	x2,x5,1868	  x5:0x00000000  x2=0x0000074c
     199785.000 ns	     19977	80003cb4	09c4fcd3	fsub.s	f25,f9,f28	  f9:0x44000000 f28:0xff800000 f25=0x7f800000
     199805.000 ns	     19979	80003cb8	410586b3	sub	x13,x11,x16	 x11:0x00000000 x16:0x80040fe4 x13=0x7ffbf01c
     199815.000 ns	     19980	80003cbc	742ba517	auipc	x10,0x742ba	 x10=0xf42bdcbc
     199835.000 ns	     19982	80003cc0	e00401d3	fmv.x.w	x3,f8	  f8:0x00000000  x3=0x00000000
     199855.000 ns	     19984	80003cc4	864df113	andi	x2,x27,-1948	 x27:0x00000040  x2=0x00000040
     199875.000 ns	     19986	80003cc8	a0e40453	fle.s	x8,f8,f14	  f8:0x00000000 f14:0xc4000000  x8=0x00000000
     199905.000 ns	     19989	80003ccc	f00b02d3	fmv.w.x	f5,x22	 x22:0xffffff0e  f5=0xffffff0e
     199935.000 ns	     19992	80003cd0	20641653	fsgnjn.s	f12,f8,f6	  f8:0x00000000  f6:0x000003ca f12=0x80000000
     199955.000 ns	     19994	80003cd4	4e70e713	ori	x14,x1,1255	  x1:0xfffff86d x14=0xfffffcef
     199975.000 ns	     19996	80003cd8	02abadb3	mulhsu	x27,x23,x10	 x23:0xa545a000 x10:0xf42bdcbc x27=0xa976d0f7
     200005.000 ns	     19999	80003cdc	e00d8f53	fmv.x.w	x30,f27	 f27:0xff800000 x30=0xff800000
     200345.000 ns	     20033	80003ce0	19537653	fdiv.s	f12,f6,f21	  f6:0x000003ca f21:0xce41ffff f12=0x80000000
     200365.000 ns	     20035	80003ce4	017b7cb3	and	x25,x22,x23	 x22:0xffffff0e x23:0xa545a000 x25=0xa545a000
     200395.000 ns	     20038	80003ce8	11de3353	fmul.s	f6,f28,f29	 f28:0xff800000 f29:0x00000000  f6=0x7fc00000
     200425.000 ns	     20041	80003cec	034d4db3	div	x27,x26,x20	 x26:0x00000000 x20:0x00000000 x27=0xffffffff
     200455.000 ns	     20044	80003cf0	f0048ad3	fmv.w.x	f21,x9	  x9:0x00000000 f21=0x00000000
     200485.000 ns	     20047	80003cf4	d00bf0d3	fcvt.s.w	f1,x23	 x23:0xa545a000  f1=0xceb574c0
     200505.000 ns	     20049	80003cf8	cb368d93	addi	x27,x13,-845	 x13:0x7ffbf01c x27=0x7ffbeccf
     200525.000 ns	     20051	80003cfc	e00a81d3	fmv.x.w	x3,f21	 f21:0x00000000  x3=0x00000000
     200555.000 ns	     20054	80003d00	c00af0d3	fcvt.w.s	x1,f21	 f21:0x00000000  x1=0x00000000
     200575.000 ns	     20056	80003d04	fb55dd17	auipc	x26,0xfb55d	 x26=0x7b560d04
     200585.000 ns	     20057	80003d08	002ecf33	xor	x30,x29,x2	 x29:0xfffffe59  x2:0x00000040 x30=0xfffffe19
     200595.000 ns	     20058	80003d0c	7c022c93	slti	x25,x4,1984	  x4:0x00000000 x25=0x00000001
     200605.000 ns	     20059	80003d10	41148eb3	sub	x29,x9,x17	  x9:0x00000000 x17:0x00000001 x29=0xffffffff
     200645.000 ns	     20063	80003d14	09643053	fsub.s	f0,f8,f22	  f8:0x00000000 f22:0x00000000  f0=0x80000000
     200675.000 ns	     20066	80003d18	2121a653	fsgnjx.s	f12,f3,f18	  f3:0x80000000 f18:0x00000000 f12=0x80000000
     201855.000 ns	     20184	80003d1c	580c7ed3	fsqrt.s	f29,f24	 f24:0x4ed8ac68 f29=0x47268931
     201885.000 ns	     20187	80003d20	a0d72553	feq.s	x10,f14,f13	 f14:0xc4000000 f13:0x44000000 x10=0x00000000
     202255.000 ns	     20224	80003d24	0313cdb3	div	x27,x7,x17	  x7:0x4cc92c20 x17:0x00000001 x27=0x4cc92c20
     202625.000 ns	     20261	80003d28	0220e4b3	rem	x9,x1,x2	  x1:0x00000000  x2:0x00000040  x9=0x00000000
     202645.000 ns	     20263	80003d2c	01a19633	sll	x12,x3,x26	  x3:0x00000000 x26:0x7b560d04 x12=0x00000000
     202665.000 ns	     20265	80003d30	02ecb033	mulhu	x0,x25,x14	 x25:0x00000001 x14:0xfffffcef
     202685.000 ns	     20267	80003d34	0082fe33	and	x28,x5,x8	  x5:0x00000000  x8:0x00000000 x28=0x00000000
     202695.000 ns	     20268	80003d38	01bad333	srl	x6,x21,x27	 x21:0xffffff0e x27:0x4cc92c20  x6=0xffffff0e
     202715.000 ns	     20270	80003d3c	216e2453	fsgnjx.s	f8,f28,f22	 f28:0xff800000 f22:0x00000000  f8=0xff800000
     202745.000 ns	     20273	80003d40	03aa2e33	mulhsu	x28,x20,x26	 x20:0x00000000 x26:0x7b560d04 x28=0x00000000
     202775.000 ns	     20276	80003d44	038383b3	mul	x7,x7,x24	  x7:0x4cc92c20 x24:0x7fffffff  x7=0xb336d3e0
     202805.000 ns	     20279	80003d48	29758553	fmin.s	f10,f11,f23	 f11:0x4dfbae00 f23:0x00000000 f10=0x00000000
     202825.000 ns	     20281	80003d4c	00995b13	srli	x22,x18,0x9	 x18:0x00000000 x22=0x00000000
     202845.000 ns	     20283	80003d50	c01d70d3	fcvt.wu.s	x1,f26	 f26:0x7fc00000  x1=0xffffffff
     202865.000 ns	     20285	80003d54	00752bb3	slt	x23,x10,x7	 x10:0x00000000  x7:0xb336d3e0 x23=0x00000000
     202875.000 ns	     20286	80003d58	01c107b3	add	x15,x2,x28	  x2:0x00000040 x28:0x00000000 x15=0x00000040
     202905.000 ns	     20289	80003d5c	1053bfd3	fmul.s	f31,f7,f5	  f7:0x00000000  f5:0xffffff0e f31=0x7fc00000
     202925.000 ns	     20291	80003d60	017223b3	slt	x7,x4,x23	  x4:0x00000000 x23:0x00000000  x7=0x00000000
     202935.000 ns	     20292	80003d64	012b0eb3	add	x29,x22,x18	 x22:0x00000000 x18:0x00000000 x29=0x00000000
     202955.000 ns	     20294	80003d68	02dc8cb3	mul	x25,x25,x13	 x25:0x00000001 x13:0x7ffbf01c x25=0x7ffbf01c
     202975.000 ns	     20296	80003d6c	a98e3593	sltiu	x11,x28,-1384	 x28:0x00000000 x11=0x00000001
     202985.000 ns	     20297	80003d70	40a886b3	sub	x13,x17,x10	 x17:0x00000001 x10:0x00000000 x13=0x00000001
     203015.000 ns	     20300	80003d74	19377853	fdiv.s	f16,f14,f19	 f14:0xc4000000 f19:0xff800000 f16=0x00000000
     203035.000 ns	     20302	80003d78	70016013	ori	x0,x2,1792	  x2:0x00000040
     203045.000 ns	     20303	80003d7c	00075313	srli	x6,x14,0x0	 x14:0xfffffcef  x6=0xfffffcef
     203065.000 ns	     20305	80003d80	29ff0d53	fmin.s	f26,f30,f31	 f30:0x49821cc0 f31:0x7fc00000 f26=0x49821cc0
     203095.000 ns	     20308	80003d84	d019fbd3	fcvt.s.wu	f23,x19	 x19:0x80041024 f23=0x4f000410
     203115.000 ns	     20310	80003d88	12762693	slti	x13,x12,295	 x12:0x00000000 x13=0x00000001
     203155.000 ns	     20314	80003d8c	00ddb853	fadd.s	f16,f27,f13	 f27:0xff800000 f13:0x44000000 f16=0xff800000
     203175.000 ns	     20316	80003d90	00066e33	or	x28,x12,x0	 x12:0x00000000  x0:0x00000000 x28=0x00000000
     203185.000 ns	     20317	80003d94	5059c413	xori	x8,x19,1285	 x19:0x80041024  x8=0x80041521
     203205.000 ns	     20319	80003d98	a17f1fd3	flt.s	x31,f30,f23	 f30:0x49821cc0 f23:0x4f000410 x31=0x00000001
     203235.000 ns	     20322	80003d9c	03d45ab3	divu	x21,x8,x29	  x8:0x00000000 x29:0x00000000 x21=0xffffffff
     203275.000 ns	     20326	80003da0	198ff6d3	fdiv.s	f13,f31,f24	 f31:0x7fc00000 f24:0x4ed8ac68 f13=0x7fc00000
     203315.000 ns	     20330	80003da4	1871f6d3	fdiv.s	f13,f3,f7	  f3:0x80000000  f7:0x00000000 f13=0x7fc00000
     203335.000 ns	     20332	80003da8	00c615b3	sll	x11,x12,x12	 x12:0x00000000 x12:0x00000000 x11=0x00000000
     203355.000 ns	     20334	80003dac	02911033	mulh	x0,x2,x9	  x2:0x00000040  x9:0x00000000
     203375.000 ns	     20336	80003db0	532be393	ori	x7,x23,1330	 x23:0x00000000  x7=0x00000532
     203385.000 ns	     20337	80003db4	01936ab3	or	x21,x6,x25	  x6:0xfffffcef x25:0x7ffbf01c x21=0xfffffcff
     203395.000 ns	     20338	80003db8	66e2ed13	ori	x26,x5,1646	  x5:0x00000000 x26=0x0000066e
     203405.000 ns	     20339	80003dbc	012fd533	srl	x10,x31,x18	 x31:0x00000001 x18:0x00000000 x10=0x00000001
     203415.000 ns	     20340	80003dc0	00937633	and	x12,x6,x9	  x6:0xfffffcef  x9:0x00000000 x12=0x00000000
     203435.000 ns	     20342	80003dc4	02e18bb3	mul	x23,x3,x14	  x3:0x00000000 x14:0xfffffcef x23=0x00000000
     203455.000 ns	     20344	80003dc8	dbbb6113	ori	x2,x22,-581	 x22:0x00000000  x2=0xfffffdbb
     203475.000 ns	     20346	80003dcc	d00b03d3	fcvt.s.w	f7,x22	 x22:0x00000000  f7=0x00000000
     203495.000 ns	     20348	80003dd0	00000013	addi	x0,x0,0	  x0:0x00000000
     203525.000 ns	     20351	80003dd4	5801f2d3	fsqrt.s	f5,f3	  f3:0x80000000  f5=0x80000000
     203555.000 ns	     20354	80003dd8	0255ee33	rem	x28,x11,x5	 x11:0x00000000  x5:0x00000000 x28=0x00000000
     203575.000 ns	     20356	80003ddc	ef71e713	ori	x14,x3,-265	  x3:0x00000000 x14=0xfffffef7
     203585.000 ns	     20357	80003de0	01df9913	slli	x18,x31,0x1d	 x31:0x00000001 x18=0x20000000
     203595.000 ns	     20358	80003de4	34704913	xori	x18,x0,839	  x0:0x00000000 x18=0x00000347
     203635.000 ns	     20362	80003de8	08847cd3	fsub.s	f25,f8,f8	  f8:0xff800000  f8:0xff800000 f25=0x00000000
     203665.000 ns	     20365	80003dec	2177ab53	fsgnjx.s	f22,f15,f23	 f15:0x00000000 f23:0x4f000410 f22=0x00000000
     203685.000 ns	     20367	80003df0	0178d713	srli	x14,x17,0x17	 x17:0x00000001 x14=0x00000000
     203695.000 ns	     20368	80003df4	0abe0c13	addi	x24,x28,171	 x28:0x00000000 x24=0x000000ab
     203715.000 ns	     20370	80003df8	f0010553	fmv.w.x	f10,x2	  x2:0xfffffdbb f10=0xfffffdbb
     203745.000 ns	     20373	80003dfc	d0027553	fcvt.s.w	f10,x4	  x4:0x00000000 f10=0x00000000
     203775.000 ns	     20376	80003e00	d01a9653	fcvt.s.wu	f12,x21	 x21:0xfffffcff f12=0x4f7ffffc
     203795.000 ns	     20378	80003e04	012b9fb3	sll	x31,x23,x18	 x23:0x00000000 x18:0x00000347 x31=0x00000000
     203805.000 ns	     20379	80003e08	5afbb793	sltiu	x15,x23,1455	 x23:0x00000000 x15=0x00000001
     203815.000 ns	     20380	80003e0c	f48ba717	auipc	x14,0xf48ba	 x14=0x748bde0c
     203855.000 ns	     20384	80003e10	0811fdd3	fsub.s	f27,f3,f1	  f3:0x80000000  f1:0xceb574c0 f27=0x4eb574c0
     203875.000 ns	     20386	80003e14	018a7fb3	and	x31,x20,x24	 x20:0x00000000 x24:0x000000ab x31=0x00000000
     203895.000 ns	     20388	80003e18	03411633	mulh	x12,x2,x20	  x2:0xfffffdbb x20:0x00000000 x12=0x00000000
     203915.000 ns	     20390	80003e1c	41d00db3	sub	x27,x0,x29	  x0:0x00000000 x29:0x00000000 x27=0x00000000
     203925.000 ns	     20391	80003e20	4bb9ea93	ori	x21,x19,1211	 x19:0x80041024 x21=0x800414bf
     203935.000 ns	     20392	80003e24	d2326a93	ori	x21,x4,-733	  x4:0x00000000 x21=0xfffffd23
     204295.000 ns	     20428	80003e28	03395d33	divu	x26,x18,x19	 x18:0x00000347 x19:0x80041024 x26=0x00000000
     204315.000 ns	     20430	80003e2c	b91fa313	slti	x6,x31,-1135	 x31:0x00000000  x6=0x00000000
     204335.000 ns	     20432	80003e30	f0038153	fmv.w.x	f2,x7	  x7:0x00000532  f2=0x00000532
     204355.000 ns	     20434	80003e34	40a0d013	srai	x0,x1,0xa	  x1:0xffffffff
     204365.000 ns	     20435	80003e38	1d1ae693	ori	x13,x21,465	 x21:0xfffffd23 x13=0xfffffdf3
     204385.000 ns	     20437	80003e3c	0200ff33	remu	x30,x1,x0	  x1:0xffffffff  x0:0x00000000 x30=0xffffffff
     204405.000 ns	     20439	80003e40	004f9fb3	sll	x31,x31,x4	 x31:0x00000000  x4:0x00000000 x31=0x00000000
     204415.000 ns	     20440	80003e44	018b0c33	add	x24,x22,x24	 x22:0x00000000 x24:0x000000ab x24=0x000000ab
     204435.000 ns	     20442	80003e48	02233ab3	mulhu	x21,x6,x2	  x6:0x00000000  x2:0xfffffdbb x21=0x00000000
     204455.000 ns	     20444	80003e4c	0185f933	and	x18,x11,x24	 x11:0x00000000 x24:0x000000ab x18=0x00000000
     204475.000 ns	     20446	80003e50	c0180d53	fcvt.wu.s	x26,f16	 f16:0xff800000 x26=0x00000000
     204505.000 ns	     20449	80003e54	e00c87d3	fmv.x.w	x15,f25	 f25:0x00000000 x15=0x00000000
     204545.000 ns	     20453	80003e58	116f3653	fmul.s	f12,f30,f22	 f30:0x49821cc0 f22:0x00000000 f12=0x00000000
     204575.000 ns	     20456	80003e5c	d01c95d3	fcvt.s.wu	f11,x25	 x25:0x7ffbf01c f11=0x4efff7e0
     204605.000 ns	     20459	80003e60	c01ef0d3	fcvt.wu.s	x1,f29	 f29:0x47268931  x1=0x0000a689
     204645.000 ns	     20463	80003e64	102cf953	fmul.s	f18,f25,f2	 f25:0x00000000  f2:0x00000532 f18=0x00000000
     204665.000 ns	     20465	80003e68	01e40b33	add	x22,x8,x30	  x8:0x80041521 x30:0xffffffff x22=0x80041520
     204685.000 ns	     20467	80003e6c	a17491d3	flt.s	x3,f9,f23	  f9:0x44000000 f23:0x4f000410  x3=0x00000001
     204715.000 ns	     20470	80003e70	d0187ad3	fcvt.s.wu	f21,x16	 x16:0x80040fe4 f21=0x4f00040f
     204735.000 ns	     20472	80003e74	b9d1f513	andi	x10,x3,-1123	  x3:0x00000001 x10=0x00000001
     204745.000 ns	     20473	80003e78	001e03b3	add	x7,x28,x1	 x28:0x00000000  x1:0x0000a689  x7=0x0000a689
     204785.000 ns	     20477	80003e7c	09db4e53	fsub.s	f28,f22,f29	 f22:0x00000000 f29:0x47268931 f28=0xc7268931
     204805.000 ns	     20479	80003e80	01991733	sll	x14,x18,x25	 x18:0x00000000 x25:0x7ffbf01c x14=0x00000000
     204815.000 ns	     20480	80003e84	6eb57513	andi	x10,x10,1771	 x10:0x00000001 x10=0x00000001
     204835.000 ns	     20482	80003e88	202f17d3	fsgnjn.s	f15,f30,f2	 f30:0x49821cc0  f2:0x00000532 f15=0xc9821cc0
     204865.000 ns	     20485	80003e8c	28809b53	fmax.s	f22,f1,f8	  f1:0xceb574c0  f8:0xff800000 f22=0xceb574c0
     204885.000 ns	     20487	80003e90	408f04b3	sub	x9,x30,x8	 x30:0xffffffff  x8:0x80041521  x9=0x7ffbeade
     204905.000 ns	     20489	80003e94	29789ed3	fmax.s	f29,f17,f23	 f17:0x00000000 f23:0x4f000410 f29=0x4f000410
     204925.000 ns	     20491	80003e98	012578b3	and	x17,x10,x18	 x10:0x00000001 x18:0x00000000 x17=0x00000000
     204945.000 ns	     20493	80003e9c	03da0133	mul	x2,x20,x29	 x20:0x00000000 x29:0x00000000  x2=0x00000000
     204975.000 ns	     20496	80003ea0	c0023453	fcvt.w.s	x8,f4	  f4:0xff800000  x8=0x80000000
     205005.000 ns	     20499	80003ea4	d01397d3	fcvt.s.wu	f15,x7	  x7:0x0000a689 f15=0x47268900
     205035.000 ns	     20502	80003ea8	28301853	fmax.s	f16,f0,f3	  f0:0x80000000  f3:0x80000000 f16=0x80000000
     205065.000 ns	     20505	80003eac	03ee0fb3	mul	x31,x28,x30	 x28:0x00000000 x30:0xffffffff x31=0x00000000
     205095.000 ns	     20508	80003eb0	d008f653	fcvt.s.w	f12,x17	 x17:0x00000000 f12=0x00000000
     205115.000 ns	     20510	80003eb4	009beb33	or	x22,x23,x9	 x23:0x00000000  x9:0x7ffbeade x22=0x7ffbeade
     205125.000 ns	     20511	80003eb8	2f6fa013	slti	x0,x31,758	 x31:0x00000000
     205135.000 ns	     20512	80003ebc	00421ab3	sll	x21,x4,x4	  x4:0x00000000  x4:0x00000000 x21=0x00000000
     205155.000 ns	     20514	80003ec0	a00702d3	fle.s	x5,f14,f0	 f14:0xc4000000  f0:0x80000000  x5=0x00000001
     205495.000 ns	     20548	80003ec4	19bc2c53	fdiv.s	f24,f24,f27	 f24:0x4ed8ac68 f27:0x4eb574c0 f24=0x3f58ac68
     205515.000 ns	     20550	80003ec8	016d0733	add	x14,x26,x22	 x26:0x00000000 x22:0x7ffbeade x14=0x7ffbeade
     205525.000 ns	     20551	80003ecc	40418933	sub	x18,x3,x4	  x3:0x00000001  x4:0x00000000 x18=0x00000001
     205535.000 ns	     20552	80003ed0	40cc02b3	sub	x5,x24,x12	 x24:0x000000ab x12:0x00000000  x5=0x000000ab
     205545.000 ns	     20553	80003ed4	41acdf93	srai	x31,x25,0x1a	 x25:0x7ffbf01c x31=0x0000001f
     205565.000 ns	     20555	80003ed8	028786b3	mul	x13,x15,x8	 x15:0x00000000  x8:0x80000000 x13=0x00000000
     205595.000 ns	     20558	80003edc	025b3133	mulhu	x2,x22,x5	 x22:0x7ffbeade  x5:0x000000ab  x2=0x00000055
     205625.000 ns	     20561	80003ee0	28059753	fmax.s	f14,f11,f0	 f11:0x4efff7e0  f0:0x80000000 f14=0x4efff7e0
     205655.000 ns	     20564	80003ee4	283c8153	fmin.s	f2,f25,f3	 f25:0x00000000  f3:0x80000000  f2=0x80000000
     205675.000 ns	     20566	80003ee8	0178db13	srli	x22,x17,0x17	 x17:0x00000000 x22=0x00000000
     205685.000 ns	     20567	80003eec	f011aa93	slti	x21,x3,-255	  x3:0x00000001 x21=0x00000000
     205705.000 ns	     20569	80003ef0	284014d3	fmax.s	f9,f0,f4	  f0:0x80000000  f4:0xff800000  f9=0x80000000
     205735.000 ns	     20572	80003ef4	212c8b53	fsgnj.s	f22,f25,f18	 f25:0x00000000 f18:0x00000000 f22=0x00000000
     205755.000 ns	     20574	80003ef8	42d20a93	addi	x21,x4,1069	  x4:0x00000000 x21=0x0000042d
     205775.000 ns	     20576	80003efc	d01643d3	fcvt.s.wu	f7,x12	 x12:0x00000000  f7=0x00000000
     205795.000 ns	     20578	80003f00	68f8aa13	slti	x20,x17,1679	 x17:0x00000000 x20=0x00000001
     205805.000 ns	     20579	80003f04	00255113	srli	x2,x10,0x2	 x10:0x00000001  x2=0x00000000
     205825.000 ns	     20581	80003f08	d01e1653	fcvt.s.wu	f12,x28	 x28:0x00000000 f12=0x00000000
     205855.000 ns	     20584	80003f0c	a0ba0f53	fle.s	x30,f20,f11	 f20:0x7f800000 f11:0x4efff7e0 x30=0x00000000
     205875.000 ns	     20586	80003f10	013a2133	slt	x2,x20,x19	 x20:0x00000001 x19:0x80041024  x2=0x00000000
     206205.000 ns	     20619	80003f14	18be1453	fdiv.s	f8,f28,f11	 f28:0xc7268931 f11:0x4efff7e0  f8=0xb7a68932
     206245.000 ns	     20623	80003f18	5800fa53	fsqrt.s	f20,f1	  f1:0xceb574c0 f20=0x7fc00000
     206265.000 ns	     20625	80003f1c	a4a2c513	xori	x10,x5,-1462	  x5:0x000000ab x10=0xfffffae1
     206275.000 ns	     20626	80003f20	00e8a033	slt	x0,x17,x14	 x17:0x00000000 x14:0x7ffbeade
     206295.000 ns	     20628	80003f24	038782b3	mul	x5,x15,x24	 x15:0x00000000 x24:0x000000ab  x5=0x00000000
     206325.000 ns	     20631	80003f28	022762b3	rem	x5,x14,x2	 x14:0x7ffbeade  x2:0x00000000  x5=0x7ffbeade
     206355.000 ns	     20634	80003f2c	e00511d3	fclass.s	x3,f10	 f10:0x00000000  x3=0x00000010
     206375.000 ns	     20636	80003f30	00000013	addi	x0,x0,0	  x0:0x00000000
     206385.000 ns	     20637	80003f34	01515fb3	srl	x31,x2,x21	  x2:0x00000000 x21:0x0000042d x31=0x00000000
     206405.000 ns	     20639	80003f38	d015fad3	fcvt.s.wu	f21,x11	 x11:0x00000000 f21=0x00000000
     206425.000 ns	     20641	80003f3c	41e582b3	sub	x5,x11,x30	 x11:0x00000000 x30:0x00000000  x5=0x00000000
     206435.000 ns	     20642	80003f40	00cb22b3	slt	x5,x22,x12	 x22:0x00000000 x12:0x00000000  x5=0x00000000
     206465.000 ns	     20645	80003f44	190ef7d3	fdiv.s	f15,f29,f16	 f29:0x4f000410 f16:0x80000000 f15=0xff800000
     206485.000 ns	     20647	80003f48	40058cb3	sub	x25,x11,x0	 x11:0x00000000  x0:0x00000000 x25=0x00000000
     206505.000 ns	     20649	80003f4c	218b2653	fsgnjx.s	f12,f22,f24	 f22:0x00000000 f24:0x3f58ac68 f12=0x00000000
     206535.000 ns	     20652	80003f50	028f83b3	mul	x7,x31,x8	 x31:0x00000000  x8:0x80000000  x7=0x00000000
     206555.000 ns	     20654	80003f54	41155fb3	sra	x31,x10,x17	 x10:0xfffffae1 x17:0x00000000 x31=0xfffffae1
     206575.000 ns	     20656	80003f58	a1c78c53	fle.s	x24,f15,f28	 f15:0xff800000 f28:0xc7268931 x24=0x00000001
     206595.000 ns	     20658	80003f5c	01381f13	slli	x30,x16,0x13	 x16:0x80040fe4 x30=0x7f200000
     206605.000 ns	     20659	80003f60	00fddf13	srli	x30,x27,0xf	 x27:0x00000000 x30=0x00000000
     206625.000 ns	     20661	80003f64	03cafe33	remu	x28,x21,x28	 x21:0x0000042d x28:0x00000000 x28=0x0000042d
     206665.000 ns	     20665	80003f68	1140f5d3	fmul.s	f11,f1,f20	  f1:0xceb574c0 f20:0x7fc00000 f11=0x7fc00000
     206695.000 ns	     20668	80003f6c	03c21ab3	mulh	x21,x4,x28	  x4:0x00000000 x28:0x0000042d x21=0x00000000
     206715.000 ns	     20670	80003f70	6add0d93	addi	x27,x26,1709	 x26:0x00000000 x27=0x000006ad
     206735.000 ns	     20672	80003f74	a11a8bd3	fle.s	x23,f21,f17	 f21:0x00000000 f17:0x00000000 x23=0x00000001
     206755.000 ns	     20674	80003f78	00795f93	srli	x31,x18,0x7	 x18:0x00000001 x31=0x00000000
     206765.000 ns	     20675	80003f7c	409ed293	srai	x5,x29,0x9	 x29:0x00000000  x5=0x00000000
     206775.000 ns	     20676	80003f80	01d483b3	add	x7,x9,x29	  x9:0x7ffbeade x29:0x00000000  x7=0x7ffbeade
     206785.000 ns	     20677	80003f84	41b78a33	sub	x20,x15,x27	 x15:0x00000000 x27:0x000006ad x20=0xfffff953
     206815.000 ns	     20680	80003f88	18930cd3	fdiv.s	f25,f6,f9	  f6:0x7fc00000  f9:0x80000000 f25=0x7fc00000
     206845.000 ns	     20683	80003f8c	29549253	fmax.s	f4,f9,f21	  f9:0x80000000 f21:0x00000000  f4=0x00000000
     206875.000 ns	     20686	80003f90	21358a53	fsgnj.s	f20,f11,f19	 f11:0x7fc00000 f19:0xff800000 f20=0xffc00000
     206905.000 ns	     20689	80003f94	204b2f53	fsgnjx.s	f30,f22,f4	 f22:0x00000000  f4:0x00000000 f30=0x00000000
     206925.000 ns	     20691	80003f98	0cdf7093	andi	x1,x30,205	 x30:0x00000000  x1=0x00000000
     206935.000 ns	     20692	80003f9c	41e85193	srai	x3,x16,0x1e	 x16:0x80040fe4  x3=0xfffffffe
     206965.000 ns	     20695	80003fa0	1823fad3	fdiv.s	f21,f7,f2	  f7:0x00000000  f2:0x80000000 f21=0x7fc00000
     206985.000 ns	     20697	80003fa4	01b59733	sll	x14,x11,x27	 x11:0x00000000 x27:0x000006ad x14=0x00000000
     207005.000 ns	     20699	80003fa8	02ec37b3	mulhu	x15,x24,x14	 x24:0x00000001 x14:0x7ffbeade x15=0x00000000
     207025.000 ns	     20701	80003fac	6b98a793	slti	x15,x17,1721	 x17:0x00000000 x15=0x00000001
     207385.000 ns	     20737	80003fb0	02956433	rem	x8,x10,x9	 x10:0xfffffae1  x9:0x7ffbeade  x8=0xfffffae1
     207415.000 ns	     20740	80003fb4	29c289d3	fmin.s	f19,f5,f28	  f5:0x80000000 f28:0xc7268931 f19=0xc7268931
     207435.000 ns	     20742	80003fb8	014a5013	srli	x0,x20,0x14	 x20:0xfffff953
     207455.000 ns	     20744	80003fbc	0241b0b3	mulhu	x1,x3,x4	  x3:0xfffffffe  x4:0x00000000  x1=0x00000000
     207475.000 ns	     20746	80003fc0	01d22f33	slt	x30,x4,x29	  x4:0x00000000 x29:0x00000000 x30=0x00000000
     207485.000 ns	     20747	80003fc4	64f94893	xori	x17,x18,1615	 x18:0x00000001 x17=0x0000064e
     207495.000 ns	     20748	80003fc8	32ee8137	lui	x2,0x32ee8	  x2=0x32ee8000
     207515.000 ns	     20750	80003fcc	d0157fd3	fcvt.s.wu	f31,x10	 x10:0xfffffae1 f31=0x4f7ffffa
     207535.000 ns	     20752	80003fd0	413b5c33	sra	x24,x22,x19	 x22:0x00000000 x19:0x80041024 x24=0x00000000
     207555.000 ns	     20754	80003fd4	03e2cb33	div	x22,x5,x30	  x5:0x00000000 x30:0x00000000 x22=0xffffffff
     207575.000 ns	     20756	80003fd8	cf3c8097	auipc	x1,0xcf3c8	  x1=0x4f3cbfd8
     207595.000 ns	     20758	80003fdc	29271253	fmax.s	f4,f14,f18	 f14:0x4efff7e0 f18:0x00000000  f4=0x4efff7e0
     207615.000 ns	     20760	80003fe0	0092d793	srli	x15,x5,0x9	  x5:0x00000000 x15=0x00000000
     207645.000 ns	     20763	80003fe4	18cd3253	fdiv.s	f4,f26,f12	 f26:0x49821cc0 f12:0x00000000  f4=0x7f800000
     207665.000 ns	     20765	80003fe8	00d9e033	or	x0,x19,x13	 x19:0x80041024 x13:0x00000000
     207675.000 ns	     20766	80003fec	009c8cb3	add	x25,x25,x9	 x25:0x00000000  x9:0x7ffbeade x25=0x7ffbeade
     207705.000 ns	     20769	80003ff0	1871a9d3	fdiv.s	f19,f3,f7	  f3:0x80000000  f7:0x00000000 f19=0x7fc00000
     207735.000 ns	     20772	80003ff4	03672cb3	mulhsu	x25,x14,x22	 x14:0x00000000 x22:0xffffffff x25=0x00000000
     207755.000 ns	     20774	80003ff8	01cb5f13	srli	x30,x22,0x1c	 x22:0xffffffff x30=0x0000000f
     208115.000 ns	     20810	80003ffc	03bbc5b3	div	x11,x23,x27	 x23:0x00000001 x27:0x000006ad x11=0x00000000
     208145.000 ns	     20813	80004000	d00df4d3	fcvt.s.w	f9,x27	 x27:0x000006ad  f9=0x44d5a000
     208175.000 ns	     20816	80004004	036dbb33	mulhu	x22,x27,x22	 x27:0x000006ad x22:0xffffffff x22=0x000006ac
     208195.000 ns	     20818	80004008	41854313	xori	x6,x10,1048	 x10:0xfffffae1  x6=0xfffffef9
     208205.000 ns	     20819	8000400c	b217b293	sltiu	x5,x15,-1247	 x15:0x00000000  x5=0x00000001
     208225.000 ns	     20821	80004010	d012ccd3	fcvt.s.wu	f25,x5	  x5:0x00000000 f25=0x3f800000
     208245.000 ns	     20823	80004014	00b7d013	srli	x0,x15,0xb	 x15:0x00000000
     208265.000 ns	     20825	80004018	0208fe33	remu	x28,x17,x0	 x17:0x0000064e  x0:0x00000000 x28=0x0000064e
     208295.000 ns	     20828	8000401c	0283a933	mulhsu	x18,x7,x8	  x7:0x7ffbeade  x8:0xfffffae1 x18=0x7ffbe84e
     208315.000 ns	     20830	80004020	016a5493	srli	x9,x20,0x16	 x20:0xfffff953  x9=0x000003ff
     208335.000 ns	     20832	80004024	02d745b3	div	x11,x14,x13	 x14:0x00000000 x13:0x00000000 x11=0xffffffff
     208355.000 ns	     20834	80004028	01f50533	add	x10,x10,x31	 x10:0xfffffae1 x31:0x00000000 x10=0xfffffae1
     208365.000 ns	     20835	8000402c	00000013	addi	x0,x0,0	  x0:0x00000000
     208375.000 ns	     20836	80004030	2013a593	slti	x11,x7,513	  x7:0x7ffbeade x11=0x00000000
     208395.000 ns	     20838	80004034	03df1933	mulh	x18,x30,x29	 x30:0x0000000f x29:0x00000000 x18=0x00000000
     208415.000 ns	     20840	80004038	00e428b3	slt	x17,x8,x14	  x8:0xfffffae1 x14:0x00000000 x17=0x00000001
     208425.000 ns	     20841	8000403c	00b82e33	slt	x28,x16,x11	 x16:0x80040fe4 x11:0x00000000 x28=0x00000001
     208445.000 ns	     20843	80004040	a02a0353	fle.s	x6,f20,f2	 f20:0xffc00000  f2:0x80000000  x6=0x00000000
     208465.000 ns	     20845	80004044	016d3933	sltu	x18,x26,x22	 x26:0x00000000 x22:0x000006ac x18=0x00000001
     208475.000 ns	     20846	80004048	40465633	sra	x12,x12,x4	 x12:0x00000000  x4:0x00000000 x12=0x00000000
     208485.000 ns	     20847	8000404c	969f3313	sltiu	x6,x30,-1687	 x30:0x0000000f  x6=0x00000001
     208515.000 ns	     20850	80004050	580a0dd3	fsqrt.s	f27,f20	 f20:0xffc00000 f27=0x7fc00000
     208545.000 ns	     20853	80004054	c00eae53	fcvt.w.s	x28,f29	 f29:0x4f000410 x28=0x7fffffff
     208575.000 ns	     20856	80004058	020a8033	mul	x0,x21,x0	 x21:0x00000000  x0:0x00000000
     208625.000 ns	     20861	8000405c	0150fc53	fadd.s	f24,f1,f21	  f1:0xceb574c0 f21:0x7fc00000 f24=0x7fc00000
     208655.000 ns	     20864	80004060	21671e53	fsgnjn.s	f28,f14,f22	 f14:0x4efff7e0 f22:0x00000000 f28=0xcefff7e0
     208675.000 ns	     20866	80004064	c1be6c93	ori	x25,x28,-997	 x28:0x7fffffff x25=0xffffffff
     208685.000 ns	     20867	80004068	9bab0413	addi	x8,x22,-1606	 x22:0x000006ac  x8=0x00000066
     208695.000 ns	     20868	8000406c	0187dd93	srli	x27,x15,0x18	 x15:0x00000000 x27=0x00000000
     208735.000 ns	     20872	80004070	012079d3	fadd.s	f19,f0,f18	  f0:0x80000000 f18:0x00000000 f19=0x00000000
     209105.000 ns	     20909	80004074	039366b3	rem	x13,x6,x25	  x6:0x00000001 x25:0xffffffff x13=0x00000000
     209125.000 ns	     20911	80004078	01778033	add	x0,x15,x23	 x15:0x00000000 x23:0x00000001
     209145.000 ns	     20913	8000407c	e0080b53	fmv.x.w	x22,f16	 f16:0x80000000 x22=0x80000000
     209165.000 ns	     20915	80004080	53287313	andi	x6,x16,1330	 x16:0x80040fe4  x6=0x00000520
     209195.000 ns	     20918	80004084	119a4e53	fmul.s	f28,f20,f25	 f20:0xffc00000 f25:0x3f800000 f28=0x7fc00000
     209215.000 ns	     20920	80004088	9c327313	andi	x6,x4,-1597	  x4:0x00000000  x6=0x00000000
     209225.000 ns	     20921	8000408c	41c95a33	sra	x20,x18,x28	 x18:0x00000001 x28:0x7fffffff x20=0x00000000
     209585.000 ns	     20957	80004090	0332c733	div	x14,x5,x19	  x5:0x00000001 x19:0x80041024 x14=0x00000000
     209955.000 ns	     20994	80004094	033f4e33	div	x28,x30,x19	 x30:0x0000000f x19:0x80041024 x28=0x00000000
     210005.000 ns	     20999	80004098	000c3c53	fadd.s	f24,f24,f0	 f24:0x7fc00000  f0:0x80000000 f24=0x7fc00000
     210025.000 ns	     21001	8000409c	01534e33	xor	x28,x6,x21	  x6:0x00000000 x21:0x00000000 x28=0x00000000
     210045.000 ns	     21003	800040a0	a1641cd3	flt.s	x25,f8,f22	  f8:0xb7a68932 f22:0x00000000 x25=0x00000001
     210075.000 ns	     21006	800040a4	e00f8353	fmv.x.w	x6,f31	 f31:0x4f7ffffa  x6=0x4f7ffffa
     210095.000 ns	     21008	800040a8	00846db3	or	x27,x8,x8	  x8:0x00000066  x8:0x00000066 x27=0x00000066
     210125.000 ns	     21011	800040ac	196b44d3	fdiv.s	f9,f22,f22	 f22:0x00000000 f22:0x00000000  f9=0x7fc00000
     210155.000 ns	     21014	800040b0	202a9fd3	fsgnjn.s	f31,f21,f2	 f21:0x7fc00000  f2:0x80000000 f31=0x7fc00000
     210175.000 ns	     21016	800040b4	bbbf7db7	lui	x27,0xbbbf7	 x27=0xbbbf7000
     210195.000 ns	     21018	800040b8	29451e53	fmax.s	f28,f10,f20	 f10:0x00000000 f20:0xffc00000 f28=0x00000000
     210215.000 ns	     21020	800040bc	011775b3	and	x11,x14,x17	 x14:0x00000000 x17:0x00000001 x11=0x00000000
     210225.000 ns	     21021	800040c0	00e3c333	xor	x6,x7,x14	  x7:0x7ffbeade x14:0x00000000  x6=0x7ffbeade
     210235.000 ns	     21022	800040c4	01c68133	add	x2,x13,x28	 x13:0x00000000 x28:0x00000000  x2=0x00000000
     210255.000 ns	     21024	800040c8	028d1b33	mulh	x22,x26,x8	 x26:0x00000000  x8:0x00000066 x22=0x00000000
     210295.000 ns	     21028	800040cc	19d9fa53	fdiv.s	f20,f19,f29	 f19:0x00000000 f29:0x4f000410 f20=0x00000000
     210325.000 ns	     21031	800040d0	211caed3	fsgnjx.s	f29,f25,f17	 f25:0x3f800000 f17:0x00000000 f29=0x3f800000
     210355.000 ns	     21034	800040d4	a07823d3	feq.s	x7,f16,f7	 f16:0x80000000  f7:0x00000000  x7=0x00000001
     210375.000 ns	     21036	800040d8	014142b3	xor	x5,x2,x20	  x2:0x00000000 x20:0x00000000  x5=0x00000000
     210395.000 ns	     21038	800040dc	03871333	mulh	x6,x14,x24	 x14:0x00000000 x24:0x00000000  x6=0x00000000
     210415.000 ns	     21040	800040e0	40f5d293	srai	x5,x11,0xf	 x11:0x00000000  x5=0x00000000
     210425.000 ns	     21041	800040e4	58b04a93	xori	x21,x0,1419	  x0:0x00000000 x21=0x0000058b
     210445.000 ns	     21043	800040e8	f00488d3	fmv.w.x	f17,x9	  x9:0x000003ff f17=0x000003ff
     210465.000 ns	     21045	800040ec	6b852b13	slti	x22,x10,1720	 x10:0xfffffae1 x22=0x00000001
     210825.000 ns	     21081	800040f0	02705e33	divu	x28,x0,x7	  x0:0x00000000  x7:0x00000001 x28=0x00000000
     210845.000 ns	     21083	800040f4	004facb3	slt	x25,x31,x4	 x31:0x00000000  x4:0x00000000 x25=0x00000000
     210855.000 ns	     21084	800040f8	e43470b7	lui	x1,0xe4347	  x1=0xe4347000
     211215.000 ns	     21120	800040fc	03075fb3	divu	x31,x14,x16	 x14:0x00000000 x16:0x80040fe4 x31=0x00000000
     211235.000 ns	     21122	80004100	019e4a33	xor	x20,x28,x25	 x28:0x00000000 x25:0x00000000 x20=0x00000000
     211245.000 ns	     21123	80004104	011a2733	slt	x14,x20,x17	 x20:0x00000000 x17:0x00000001 x14=0x00000001
     211265.000 ns	     21125	80004108	02da04b3	mul	x9,x20,x13	 x20:0x00000000 x13:0x00000000  x9=0x00000000
     211295.000 ns	     21128	8000410c	e00d1d53	fclass.s	x26,f26	 f26:0x49821cc0 x26=0x00000040
     211315.000 ns	     21130	80004110	01065533	srl	x10,x12,x16	 x12:0x00000000 x16:0x80040fe4 x10=0x00000000
     211325.000 ns	     21131	80004114	bda14a13	xori	x20,x2,-1062	  x2:0x00000000 x20=0xfffffbda
     211335.000 ns	     21132	80004118	00109733	sll	x14,x1,x1	  x1:0xe4347000  x1:0xe4347000 x14=0xe4347000
     211345.000 ns	     21133	8000411c	00a84d33	xor	x26,x16,x10	 x16:0x80040fe4 x10:0x00000000 x26=0x80040fe4
     211705.000 ns	     21169	80004120	02e86933	rem	x18,x16,x14	 x16:0x80040fe4 x14:0x00000001 x18=0xef324fe4
     211725.000 ns	     21171	80004124	01d87bb3	and	x23,x16,x29	 x16:0x80040fe4 x29:0x00000000 x23=0x00000000
     211735.000 ns	     21172	80004128	4019da33	sra	x20,x19,x1	 x19:0x80041024  x1:0xe4347000 x20=0x80041024
     211745.000 ns	     21173	8000412c	41665a93	srai	x21,x12,0x16	 x12:0x00000000 x21=0x00000000
     211755.000 ns	     21174	80004130	0159ffb3	and	x31,x19,x21	 x19:0x80041024 x21:0x0000058b x31=0x00000000
     211765.000 ns	     21175	80004134	00000013	addi	x0,x0,0	  x0:0x00000000
     211785.000 ns	     21177	80004138	020e3fb3	mulhu	x31,x28,x0	 x28:0x00000000  x0:0x00000000 x31=0x00000000
     211805.000 ns	     21179	8000413c	ab07b693	sltiu	x13,x15,-1360	 x15:0x00000000 x13=0x00000001
     211815.000 ns	     21180	80004140	41a850b3	sra	x1,x16,x26	 x16:0x80040fe4 x26:0x80040fe4  x1=0xf80040fe
     211835.000 ns	     21182	80004144	213c2cd3	fsgnjx.s	f25,f24,f19	 f24:0x7fc00000 f19:0x00000000 f25=0x7fc00000
     211855.000 ns	     21184	80004148	01dc9e13	slli	x28,x25,0x1d	 x25:0x00000000 x28=0x00000000
     211875.000 ns	     21186	8000414c	216c2453	fsgnjx.s	f8,f24,f22	 f24:0x7fc00000 f22:0x00000000  f8=0x7fc00000
     211905.000 ns	     21189	80004150	a02faf53	feq.s	x30,f31,f2	 f31:0x7fc00000  f2:0x80000000 x30=0x00000000
     211925.000 ns	     21191	80004154	40cb8733	sub	x14,x23,x12	 x23:0x00000000 x12:0x00000000 x14=0x00000000
     211935.000 ns	     21192	80004158	98afbe93	sltiu	x29,x31,-1654	 x31:0x00000000 x29=0x00000001
     211945.000 ns	     21193	8000415c	419dd7b3	sra	x15,x27,x25	 x27:0xbbbf7000 x25:0x00000000 x15=0xbbbf7000
     211985.000 ns	     21197	80004160	013d7153	fadd.s	f2,f26,f19	 f26:0x49821cc0 f19:0x00000000  f2=0x49821cc0
     212015.000 ns	     21200	80004164	28e11d53	fmax.s	f26,f2,f14	  f2:0x80000000 f14:0x4efff7e0 f26=0x4efff7e0
     212045.000 ns	     21203	80004168	a1ea1053	flt.s	x0,f20,f30	 f20:0x00000000 f30:0x00000000
     212065.000 ns	     21205	8000416c	dd958d93	addi	x27,x11,-551	 x11:0x00000000 x27=0xfffffdd9
     212425.000 ns	     21241	80004170	0362e4b3	rem	x9,x5,x22	  x5:0x00000000 x22:0x00000001  x9=0x00000000
     212455.000 ns	     21244	80004174	f0050053	fmv.w.x	f0,x10	 x10:0x00000000  f0=0x00000000
     212475.000 ns	     21246	80004178	0081a1b3	slt	x3,x3,x8	  x3:0xfffffffe  x8:0x00000066  x3=0x00000001
     212485.000 ns	     21247	8000417c	00615f13	srli	x30,x2,0x6	  x2:0x00000000 x30=0x00000000
     212495.000 ns	     21248	80004180	176d2e93	slti	x29,x26,374	 x26:0x80040fe4 x29=0x00000001
     212525.000 ns	     21251	80004184	198da853	fdiv.s	f16,f27,f24	 f27:0x7fc00000 f24:0x7fc00000 f16=0x7fc00000
     212545.000 ns	     21253	80004188	8b518c93	addi	x25,x3,-1867	  x3:0x00000001 x25=0xfffff8b6
     212555.000 ns	     21254	8000418c	40af0633	sub	x12,x30,x10	 x30:0x00000000 x10:0x00000000 x12=0x00000000
     212565.000 ns	     21255	80004190	00000013	addi	x0,x0,0	  x0:0x00000000
     212585.000 ns	     21257	80004194	e00a95d3	fclass.s	x11,f21	 f21:0x7fc00000 x11=0x00000200
     212615.000 ns	     21260	80004198	0236bb33	mulhu	x22,x13,x3	 x13:0x00000001  x3:0x00000001 x22=0x00000000
     212645.000 ns	     21263	8000419c	20811c53	fsgnjn.s	f24,f2,f8	  f2:0x49821cc0  f8:0x7fc00000 f24=0xc9821cc0
     212675.000 ns	     21266	800041a0	02dcbc33	mulhu	x24,x25,x13	 x25:0xfffff8b6 x13:0x00000001 x24=0x00000000
     212705.000 ns	     21269	800041a4	a1ce28d3	feq.s	x17,f28,f28	 f28:0x00000000 f28:0x00000000 x17=0x00000001
     212725.000 ns	     21271	800041a8	00359393	slli	x7,x11,0x3	 x11:0x00000200  x7=0x00001000
     212745.000 ns	     21273	800041ac	218c9dd3	fsgnjn.s	f27,f25,f24	 f25:0x7fc00000 f24:0xc9821cc0 f27=0x7fc00000
     212765.000 ns	     21275	800041b0	9e077113	andi	x2,x14,-1568	 x14:0x00000000  x2=0x00000000
     212785.000 ns	     21277	800041b4	213e1753	fsgnjn.s	f14,f28,f19	 f28:0x00000000 f19:0x00000000 f14=0x80000000
     212815.000 ns	     21280	800041b8	21031bd3	fsgnjn.s	f23,f6,f16	  f6:0x7fc00000 f16:0x7fc00000 f23=0xffc00000
     212835.000 ns	     21282	800041bc	40f3d393	srai	x7,x7,0xf	  x7:0x00001000  x7=0x00000000
     212845.000 ns	     21283	800041c0	23536693	ori	x13,x6,565	  x6:0x00000000 x13=0x00000235
     212855.000 ns	     21284	800041c4	4074deb3	sra	x29,x9,x7	  x9:0x00000000  x7:0x00001000 x29=0x00000000
     212885.000 ns	     21287	800041c8	19f819d3	fdiv.s	f19,f16,f31	 f16:0x7fc00000 f31:0x7fc00000 f19=0x7fc00000
     212905.000 ns	     21289	800041cc	247e4e93	xori	x29,x28,583	 x28:0x00000000 x29=0x00000247
     212915.000 ns	     21290	800041d0	f444a793	slti	x15,x9,-188	  x9:0x00000000 x15=0x00000000
     212925.000 ns	     21291	800041d4	40ddd6b3	sra	x13,x27,x13	 x27:0xfffffdd9 x13:0x00000235 x13=0xffffffff
     212935.000 ns	     21292	800041d8	636e8113	addi	x2,x29,1590	 x29:0x00000247  x2=0x0000087d
     213295.000 ns	     21328	800041dc	03df7bb3	remu	x23,x30,x29	 x30:0x00000000 x29:0x00000247 x23=0x00000000
     213315.000 ns	     21330	800041e0	40c406b3	sub	x13,x8,x12	  x8:0x00000066 x12:0x00000000 x13=0x00000066
     213325.000 ns	     21331	800041e4	00ed9cb3	sll	x25,x27,x14	 x27:0xfffffdd9 x14:0x00000000 x25=0xfffffdd9
     213335.000 ns	     21332	800041e8	e479a897	auipc	x17,0xe479a	 x17=0x6479e1e8
     213355.000 ns	     21334	800041ec	d009ce53	fcvt.s.w	f28,x19	 x19:0x80041024 f28=0xcefff7e0
     213385.000 ns	     21337	800041f0	02ebdfb3	divu	x31,x23,x14	 x23:0x00000000 x14:0x00000000 x31=0xffffffff
     213425.000 ns	     21341	800041f4	19ee7953	fdiv.s	f18,f28,f30	 f28:0xcefff7e0 f30:0x00000000 f18=0xff800000
     213795.000 ns	     21378	800041f8	0301fbb3	remu	x23,x3,x16	  x3:0x00000001 x16:0x80040fe4 x23=0x00000001
     213825.000 ns	     21381	800041fc	202f82d3	fsgnj.s	f5,f31,f2	 f31:0x7fc00000  f2:0x49821cc0  f5=0x7fc00000
     213855.000 ns	     21384	80004200	20a2ac53	fsgnjx.s	f24,f5,f10	  f5:0x80000000 f10:0x00000000 f24=0x7fc00000
     213875.000 ns	     21386	80004204	c61f4a13	xori	x20,x30,-927	 x30:0x00000000 x20=0xfffffc61
     213905.000 ns	     21389	80004208	117cf1d3	fmul.s	f3,f25,f23	 f25:0x7fc00000 f23:0xffc00000  f3=0x7fc00000
     213925.000 ns	     21391	8000420c	41dadd93	srai	x27,x21,0x1d	 x21:0x00000000 x27=0x00000000
     213935.000 ns	     21392	80004210	00001a33	sll	x20,x0,x0	  x0:0x00000000  x0:0x00000000 x20=0x00000000
     213955.000 ns	     21394	80004214	03b3ec33	rem	x24,x7,x27	  x7:0x00000000 x27:0xfffffdd9 x24=0x00000000
     213985.000 ns	     21397	80004218	d014f9d3	fcvt.s.wu	f19,x9	  x9:0x00000000 f19=0x00000000
     214015.000 ns	     21400	8000421c	e00690d3	fclass.s	x1,f13	 f13:0x7fc00000  x1=0x00000200
     214045.000 ns	     21403	80004220	c01a9b53	fcvt.wu.s	x22,f21	 f21:0x7fc00000 x22=0xffffffff
     214075.000 ns	     21406	80004224	28f78f53	fmin.s	f30,f15,f15	 f15:0xff800000 f15:0xff800000 f30=0xff800000
     214095.000 ns	     21408	80004228	35ef4537	lui	x10,0x35ef4	 x10=0x35ef4000
     214115.000 ns	     21410	8000422c	286794d3	fmax.s	f9,f15,f6	 f15:0xff800000  f6:0x7fc00000  f9=0xff800000
     214135.000 ns	     21412	80004230	81a4f313	andi	x6,x9,-2022	  x9:0x00000000  x6=0x00000000
     214155.000 ns	     21414	80004234	29e58453	fmin.s	f8,f11,f30	 f11:0x7fc00000 f30:0xff800000  f8=0xff800000
     214185.000 ns	     21417	80004238	21291b53	fsgnjn.s	f22,f18,f18	 f18:0xff800000 f18:0xff800000 f22=0x7f800000
     214215.000 ns	     21420	8000423c	217fa5d3	fsgnjx.s	f11,f31,f23	 f31:0x7fc00000 f23:0xffc00000 f11=0xffc00000
     214235.000 ns	     21422	80004240	487f8d13	addi	x26,x31,1159	 x31:0xffffffff x26=0x00000486
     214245.000 ns	     21423	80004244	5c45a513	slti	x10,x11,1476	 x11:0x00000200 x10=0x00000001
     214255.000 ns	     21424	80004248	413b82b3	sub	x5,x23,x19	 x23:0x00000001 x19:0x80041024  x5=0x7ffbefdd
     214615.000 ns	     21460	8000424c	02b9ceb3	div	x29,x19,x11	 x19:0x80041024 x11:0x00000200 x29=0xffc00209
     214645.000 ns	     21463	80004250	215a93d3	fsgnjn.s	f7,f21,f21	 f21:0x7fc00000 f21:0x7fc00000  f7=0xffc00000
     214675.000 ns	     21466	80004254	20788953	fsgnj.s	f18,f17,f7	 f17:0x000003ff  f7:0x00000000 f18=0x800003ff
     214695.000 ns	     21468	80004258	97ac4a93	xori	x21,x24,-1670	 x24:0x00000000 x21=0xfffff97a
     214715.000 ns	     21470	8000425c	d01e3353	fcvt.s.wu	f6,x28	 x28:0x00000000  f6=0x00000000
     214735.000 ns	     21472	80004260	01641db3	sll	x27,x8,x22	  x8:0x00000066 x22:0xffffffff x27=0x00000000
     214755.000 ns	     21474	80004264	280b0b53	fmin.s	f22,f22,f0	 f22:0x7f800000  f0:0x00000000 f22=0x00000000
     214795.000 ns	     21478	80004268	100cfed3	fmul.s	f29,f25,f0	 f25:0x7fc00000  f0:0x00000000 f29=0x7fc00000
     214825.000 ns	     21481	8000426c	033405b3	mul	x11,x8,x19	  x8:0x00000066 x19:0x80041024 x11=0x019e6e58
     214845.000 ns	     21483	80004270	3c423713	sltiu	x14,x4,964	  x4:0x00000000 x14=0x00000001
     214865.000 ns	     21485	80004274	a0d60153	fle.s	x2,f12,f13	 f12:0x00000000 f13:0x7fc00000  x2=0x00000000
     214895.000 ns	     21488	80004278	a1441653	flt.s	x12,f8,f20	  f8:0xff800000 f20:0x00000000 x12=0x00000001
     214925.000 ns	     21491	8000427c	29501e53	fmax.s	f28,f0,f21	  f0:0x00000000 f21:0x7fc00000 f28=0x00000000
     214945.000 ns	     21493	80004280	e241ec13	ori	x24,x3,-476	  x3:0x00000001 x24=0xfffffe25
     215305.000 ns	     21529	80004284	02d26733	rem	x14,x4,x13	  x4:0x00000000 x13:0x00000066 x14=0x00000000
     215325.000 ns	     21531	80004288	00671013	slli	x0,x14,0x6	 x14:0x00000001
     215335.000 ns	     21532	8000428c	403285b3	sub	x11,x5,x3	  x5:0x7ffbefdd  x3:0x00000001 x11=0x7ffbefdc
     215345.000 ns	     21533	80004290	00000013	addi	x0,x0,0	  x0:0x00000000
     215365.000 ns	     21535	80004294	287789d3	fmin.s	f19,f15,f7	 f15:0xff800000  f7:0xffc00000 f19=0xff800000
     215735.000 ns	     21572	80004298	037c5db3	divu	x27,x24,x23	 x24:0xfffffe25 x23:0x00000001 x27=0xfffffe25
     215785.000 ns	     21577	8000429c	091d8353	fsub.s	f6,f27,f17	 f27:0x7fc00000 f17:0x000003ff  f6=0x7fc00000
     215805.000 ns	     21579	800042a0	f0572893	slti	x17,x14,-251	 x14:0x00000000 x17=0x00000000
     215815.000 ns	     21580	800042a4	00608ab3	add	x21,x1,x6	  x1:0x00000200  x6:0x00000000 x21=0x00000200
     215835.000 ns	     21582	800042a8	a0ac2b53	feq.s	x22,f24,f10	 f24:0x7fc00000 f10:0x00000000 x22=0x00000000
     215855.000 ns	     21584	800042ac	0197b7b3	sltu	x15,x15,x25	 x15:0x00000000 x25:0xfffffdd9 x15=0x00000001
     216215.000 ns	     21620	800042b0	02f6f733	remu	x14,x13,x15	 x13:0x00000066 x15:0x00000000 x14=0x00000000
     216265.000 ns	     21625	800042b4	01bb7e53	fadd.s	f28,f22,f27	 f22:0x00000000 f27:0x7fc00000 f28=0x7fc00000
     216285.000 ns	     21627	800042b8	fa913093	sltiu	x1,x2,-87	  x2:0x00000000  x1=0x00000001
     216295.000 ns	     21628	800042bc	0b912613	slti	x12,x2,185	  x2:0x00000000 x12=0x00000001
     216655.000 ns	     21664	800042c0	03536933	rem	x18,x6,x21	  x6:0x00000000 x21:0x00000200 x18=0x00000000
     217025.000 ns	     21701	800042c4	02f3ee33	rem	x28,x7,x15	  x7:0x00000000 x15:0x00000001 x28=0x00000000
     217055.000 ns	     21704	800042c8	0328dc33	divu	x24,x17,x18	 x17:0x00000000 x18:0x00000000 x24=0xffffffff
     217085.000 ns	     21707	800042cc	a0ef2fd3	feq.s	x31,f30,f14	 f30:0xff800000 f14:0x80000000 x31=0x00000000
     217135.000 ns	     21712	800042d0	01ca3253	fadd.s	f4,f20,f28	 f20:0x00000000 f28:0x7fc00000  f4=0x7fc00000
     217155.000 ns	     21714	800042d4	57b761b7	lui	x3,0x57b76	  x3=0x57b76000
     217515.000 ns	     21750	800042d8	02a2cdb3	div	x27,x5,x10	  x5:0x7ffbefdd x10:0x00000001 x27=0x7ffbefdd
     217545.000 ns	     21753	800042dc	e00200d3	fmv.x.w	x1,f4	  f4:0x7fc00000  x1=0x7fc00000
     217575.000 ns	     21756	800042e0	d001f2d3	fcvt.s.w	f5,x3	  x3:0x57b76000  f5=0x4eaf6ec0
     217595.000 ns	     21758	800042e4	0182b733	sltu	x14,x5,x24	  x5:0x7ffbefdd x24:0xffffffff x14=0x00000001
     217615.000 ns	     21760	800042e8	20e907d3	fsgnj.s	f15,f18,f14	 f18:0x800003ff f14:0x80000000 f15=0x800003ff
     217635.000 ns	     21762	800042ec	00de5c13	srli	x24,x28,0xd	 x28:0x00000000 x24=0x00000000
     217645.000 ns	     21763	800042f0	0c7ea293	slti	x5,x29,199	 x29:0xffc00209  x5=0x00000001
     217655.000 ns	     21764	800042f4	00ca5bb3	srl	x23,x20,x12	 x20:0x00000000 x12:0x00000001 x23=0x00000000
     217665.000 ns	     21765	800042f8	01bc38b3	sltu	x17,x24,x27	 x24:0x00000000 x27:0x7ffbefdd x17=0x00000001
     217675.000 ns	     21766	800042fc	ce408e93	addi	x29,x1,-796	  x1:0x7fc00000 x29=0x7fbffce4
     217685.000 ns	     21767	80004300	005c9913	slli	x18,x25,0x5	 x25:0xfffffdd9 x18=0xffffbb20
     217705.000 ns	     21769	80004304	f0058fd3	fmv.w.x	f31,x11	 x11:0x7ffbefdc f31=0x7ffbefdc
     217725.000 ns	     21771	80004308	41a183b3	sub	x7,x3,x26	  x3:0x57b76000 x26:0x00000486  x7=0x57b75b7a
     217735.000 ns	     21772	8000430c	003daa33	slt	x20,x27,x3	 x27:0x7ffbefdd  x3:0x57b76000 x20=0x00000000
     217745.000 ns	     21773	80004310	4014da33	sra	x20,x9,x1	  x9:0x00000000  x1:0x7fc00000 x20=0x00000000
     217755.000 ns	     21774	80004314	005a1e33	sll	x28,x20,x5	 x20:0x00000000  x5:0x00000001 x28=0x00000000
     217775.000 ns	     21776	80004318	03f88bb3	mul	x23,x17,x31	 x17:0x00000001 x31:0x00000000 x23=0x00000000
     217805.000 ns	     21779	8000431c	e0071fd3	fclass.s	x31,f14	 f14:0x80000000 x31=0x00000008
     217825.000 ns	     21781	80004320	01169513	slli	x10,x13,0x11	 x13:0x00000066 x10=0x00cc0000
     217835.000 ns	     21782	80004324	076b7f13	andi	x30,x22,118	 x22:0x00000000 x30=0x00000000
     217855.000 ns	     21784	80004328	027785b3	mul	x11,x15,x7	 x15:0x00000001  x7:0x57b75b7a x11=0x57b75b7a
     217885.000 ns	     21787	8000432c	03249f33	mulh	x30,x9,x18	  x9:0x00000000 x18:0xffffbb20 x30=0x00000000
     217905.000 ns	     21789	80004330	00d09fb3	sll	x31,x1,x13	  x1:0x7fc00000 x13:0x00000066 x31=0xf0000000
     217925.000 ns	     21791	80004334	f0098ed3	fmv.w.x	f29,x19	 x19:0x80041024 f29=0x80041024
     217955.000 ns	     21794	80004338	a19681d3	fle.s	x3,f13,f25	 f13:0x7fc00000 f25:0x7fc00000  x3=0x00000000
     217975.000 ns	     21796	8000433c	41528933	sub	x18,x5,x21	  x5:0x00000001 x21:0x00000200 x18=0xfffffe01
     217995.000 ns	     21798	80004340	e0011353	fclass.s	x6,f2	  f2:0x49821cc0  x6=0x00000040
     218025.000 ns	     21801	80004344	03970633	mul	x12,x14,x25	 x14:0x00000001 x25:0xfffffdd9 x12=0xfffffdd9
     218055.000 ns	     21804	80004348	a0c28153	fle.s	x2,f5,f12	  f5:0x4eaf6ec0 f12:0x00000000  x2=0x00000000
     218075.000 ns	     21806	8000434c	366b0493	addi	x9,x22,870	 x22:0x00000000  x9=0x00000366
     218095.000 ns	     21808	80004350	a07016d3	flt.s	x13,f0,f7	  f0:0x00000000  f7:0xffc00000 x13=0x00000000
     218125.000 ns	     21811	80004354	a1a595d3	flt.s	x11,f11,f26	 f11:0xffc00000 f26:0x4efff7e0 x11=0x00000000
     218175.000 ns	     21816	80004358	08a38c53	fsub.s	f24,f7,f10	  f7:0xffc00000 f10:0x00000000 f24=0x7fc00000
     218195.000 ns	     21818	8000435c	d099d497	auipc	x9,0xd099d	  x9=0x509a135c
     218205.000 ns	     21819	80004360	00d78a33	add	x20,x15,x13	 x15:0x00000001 x13:0x00000000 x20=0x00000001
     218225.000 ns	     21821	80004364	a1098ad3	fle.s	x21,f19,f16	 f19:0xff800000 f16:0x7fc00000 x21=0x00000000
     218255.000 ns	     21824	80004368	215225d3	fsgnjx.s	f11,f4,f21	  f4:0x7fc00000 f21:0x7fc00000 f11=0x7fc00000
     218285.000 ns	     21827	8000436c	033fa533	mulhsu	x10,x31,x19	 x31:0xf0000000 x19:0x80041024 x10=0xf7ffbefd
     218305.000 ns	     21829	80004370	40275893	srai	x17,x14,0x2	 x14:0x00000001 x17=0x00000000
     218315.000 ns	     21830	80004374	006a5513	srli	x10,x20,0x6	 x20:0x00000001 x10=0x00000000
     218325.000 ns	     21831	80004378	b8d9aa13	slti	x20,x19,-1139	 x19:0x80041024 x20=0x00000001
     218365.000 ns	     21835	8000437c	00a0bdd3	fadd.s	f27,f1,f10	  f1:0xceb574c0 f10:0x00000000 f27=0xceb574c0
     218735.000 ns	     21872	80004380	03996b33	rem	x22,x18,x25	 x18:0xfffffe01 x25:0xfffffdd9 x22=0xfffffe01
     218765.000 ns	     21875	80004384	d004fa53	fcvt.s.w	f20,x9	  x9:0x509a135c f20=0x4ea13426
     219135.000 ns	     21912	80004388	02f2f8b3	remu	x17,x5,x15	  x5:0x00000001 x15:0x00000001 x17=0x00000000
     219165.000 ns	     21915	8000438c	293a0ed3	fmin.s	f29,f20,f19	 f20:0x4ea13426 f19:0xff800000 f29=0xff800000
     219195.000 ns	     21918	80004390	d00ef753	fcvt.s.w	f14,x29	 x29:0x7fbffce4 f14=0x4eff7ff9
     219225.000 ns	     21921	80004394	a04813d3	flt.s	x7,f16,f4	 f16:0x7fc00000  f4:0x7fc00000  x7=0x00000000
     219255.000 ns	     21924	80004398	c0017b53	fcvt.w.s	x22,f2	  f2:0x49821cc0 x22=0x00104398
     219285.000 ns	     21927	8000439c	02e69e33	mulh	x28,x13,x14	 x13:0x00000000 x14:0x00000001 x28=0x00000000
     219305.000 ns	     21929	800043a0	01bca633	slt	x12,x25,x27	 x25:0xfffffdd9 x27:0x7ffbefdd x12=0x00000001
     219325.000 ns	     21931	800043a4	02b58a33	mul	x20,x11,x11	 x11:0x00000000 x11:0x00000000 x20=0x00000000
     219365.000 ns	     21935	800043a8	1991fd53	fdiv.s	f26,f3,f25	  f3:0x7fc00000 f25:0x7fc00000 f26=0x7fc00000
     219385.000 ns	     21937	800043ac	40df8eb3	sub	x29,x31,x13	 x31:0xf0000000 x13:0x00000000 x29=0xf0000000
     219405.000 ns	     21939	800043b0	20d09553	fsgnjn.s	f10,f1,f13	  f1:0xceb574c0 f13:0x7fc00000 f10=0xceb574c0
     219435.000 ns	     21942	800043b4	21fea453	fsgnjx.s	f8,f29,f31	 f29:0xff800000 f31:0x7ffbefdc  f8=0xff800000
     219465.000 ns	     21945	800043b8	e00487d3	fmv.x.w	x15,f9	  f9:0xff800000 x15=0xff800000
     219485.000 ns	     21947	800043bc	499ad6b7	lui	x13,0x499ad	 x13=0x499ad000
     219495.000 ns	     21948	800043c0	005aff33	and	x30,x21,x5	 x21:0x00000000  x5:0x00000001 x30=0x00000000
     219515.000 ns	     21950	800043c4	03bc10b3	mulh	x1,x24,x27	 x24:0x00000000 x27:0x7ffbefdd  x1=0x00000000
     219535.000 ns	     21952	800043c8	c68ef113	andi	x2,x29,-920	 x29:0xf0000000  x2=0xf0000000
     219545.000 ns	     21953	800043cc	803a7013	andi	x0,x20,-2045	 x20:0x00000000
     219585.000 ns	     21957	800043d0	01e899d3	fadd.s	f19,f17,f30	 f17:0x000003ff f30:0xff800000 f19=0xff800000
     219605.000 ns	     21959	800043d4	edf32413	slti	x8,x6,-289	  x6:0x00000040  x8=0x00000000
     219625.000 ns	     21961	800043d8	02f303b3	mul	x7,x6,x15	  x6:0x00000040 x15:0xff800000  x7=0xe0000000
     219655.000 ns	     21964	800043dc	e00806d3	fmv.x.w	x13,f16	 f16:0x7fc00000 x13=0x7fc00000
     219685.000 ns	     21967	800043e0	c01d3d53	fcvt.wu.s	x26,f26	 f26:0x7fc00000 x26=0xffffffff
     219705.000 ns	     21969	800043e4	01cf9313	slli	x6,x31,0x1c	 x31:0xf0000000  x6=0x00000000
     219725.000 ns	     21971	800043e8	03125cb3	divu	x25,x4,x17	  x4:0x00000000 x17:0x00000000 x25=0xffffffff
     219755.000 ns	     21974	800043ec	c01fb0d3	fcvt.wu.s	x1,f31	 f31:0x7ffbefdc  x1=0xffffffff
     219775.000 ns	     21976	800043f0	504aba13	sltiu	x20,x21,1284	 x21:0x00000000 x20=0x00000001
     219795.000 ns	     21978	800043f4	020eff33	remu	x30,x29,x0	 x29:0xf0000000  x0:0x00000000 x30=0xf0000000
     219815.000 ns	     21980	800043f8	0113d613	srli	x12,x7,0x11	  x7:0xe0000000 x12=0x00007000
     219835.000 ns	     21982	800043fc	0353b933	mulhu	x18,x7,x21	  x7:0xe0000000 x21:0x00000000 x18=0x00000000
     219865.000 ns	     21985	80004400	032b5133	divu	x2,x22,x18	 x22:0x00104398 x18:0xfffffe01  x2=0xffffffff
     219895.000 ns	     21988	80004404	02c88bb3	mul	x23,x17,x12	 x17:0x00000000 x12:0x00007000 x23=0x00000000
     219915.000 ns	     21990	80004408	171925b7	lui	x11,0x17192	 x11=0x17192000
     219925.000 ns	     21991	8000440c	005777b3	and	x15,x14,x5	 x14:0x00000001  x5:0x00000001 x15=0x00000001
     219945.000 ns	     21993	80004410	c01a7b53	fcvt.wu.s	x22,f20	 f20:0x4ea13426 x22=0x509a1300
     219965.000 ns	     21995	80004414	e8a16e13	ori	x28,x2,-374	  x2:0xffffffff x28=0xffffffff
     219985.000 ns	     21997	80004418	d013b3d3	fcvt.s.wu	f7,x7	  x7:0xe0000000  f7=0x4f600000
     220015.000 ns	     22000	8000441c	a1fc9553	flt.s	x10,f25,f31	 f25:0x7fc00000 f31:0x7ffbefdc x10=0x00000000
     220035.000 ns	     22002	80004420	ce88e413	ori	x8,x17,-792	 x17:0x00000000  x8=0xfffffce8
     220045.000 ns	     22003	80004424	51f05e97	auipc	x29,0x51f05	 x29=0xd1f09424
     220055.000 ns	     22004	80004428	40f55713	srai	x14,x10,0xf	 x10:0x00000000 x14=0x00000000
     220065.000 ns	     22005	8000442c	00000013	addi	x0,x0,0	  x0:0x00000000
     220085.000 ns	     22007	80004430	20e50b53	fsgnj.s	f22,f10,f14	 f10:0xceb574c0 f14:0x4eff7ff9 f22=0x4eb574c0
     220125.000 ns	     22011	80004434	19effed3	fdiv.s	f29,f31,f30	 f31:0x7ffbefdc f30:0xff800000 f29=0x7fc00000
     220155.000 ns	     22014	80004438	218b22d3	fsgnjx.s	f5,f22,f24	 f22:0x4eb574c0 f24:0x7fc00000  f5=0x4eb574c0
     220175.000 ns	     22016	8000443c	011c2d33	slt	x26,x24,x17	 x24:0x00000000 x17:0x00000000 x26=0x00000000
     220185.000 ns	     22017	80004440	52e16b93	ori	x23,x2,1326	  x2:0xffffffff x23=0xffffffff
     220205.000 ns	     22019	80004444	e0089953	fclass.s	x18,f17	 f17:0x000003ff x18=0x00000020
     220225.000 ns	     22021	80004448	4036db13	srai	x22,x13,0x3	 x13:0x7fc00000 x22=0x0ff80000
     220235.000 ns	     22022	8000444c	81dc7937	lui	x18,0x81dc7	 x18=0x81dc7000
     220595.000 ns	     22058	80004450	02cacd33	div	x26,x21,x12	 x21:0x00000000 x12:0x00007000 x26=0x00000000
     220625.000 ns	     22061	80004454	212c0253	fsgnj.s	f4,f24,f18	 f24:0x7fc00000 f18:0x800003ff  f4=0xffc00000
     220645.000 ns	     22063	80004458	2e0bcb13	xori	x22,x23,736	 x23:0xffffffff x22=0xfffffd1f
     220655.000 ns	     22064	8000445c	cd03b493	sltiu	x9,x7,-816	  x7:0xe0000000  x9=0x00000001
     220675.000 ns	     22066	80004460	d0007dd3	fcvt.s.w	f27,x0	  x0:0x00000000 f27=0x00000000
     221045.000 ns	     22103	80004464	0300cc33	div	x24,x1,x16	  x1:0xffffffff x16:0x80040fe4 x24=0x00000000
     221075.000 ns	     22106	80004468	f00e85d3	fmv.w.x	f11,x29	 x29:0xd1f09424 f11=0xd1f09424
     221105.000 ns	     22109	8000446c	c00323d3	fcvt.w.s	x7,f6	  f6:0x7fc00000  x7=0x7fffffff
     221135.000 ns	     22112	80004470	f00208d3	fmv.w.x	f17,x4	  x4:0x00000000 f17=0x00000000
     221155.000 ns	     22114	80004474	78f24517	auipc	x10,0x78f24	 x10=0xf8f28474
     221175.000 ns	     22116	80004478	029006b3	mul	x13,x0,x9	  x0:0x00000000  x9:0x00000001 x13=0x00000000
     221205.000 ns	     22119	8000447c	e00e98d3	fclass.s	x17,f29	 f29:0x7fc00000 x17=0x00000200
     221225.000 ns	     22121	80004480	15a14693	xori	x13,x2,346	  x2:0xffffffff x13=0xfffffea5
     221235.000 ns	     22122	80004484	873cba93	sltiu	x21,x25,-1933	 x25:0xffffffff x21=0x00000000
     221245.000 ns	     22123	80004488	00bdf533	and	x10,x27,x11	 x27:0x7ffbefdd x11:0x17192000 x10=0x17192000
     221265.000 ns	     22125	8000448c	211c8a53	fsgnj.s	f20,f25,f17	 f25:0x7fc00000 f17:0x00000000 f20=0x7fc00000
     221285.000 ns	     22127	80004490	01990633	add	x12,x18,x25	 x18:0x81dc7000 x25:0xffffffff x12=0x81dc6fff
     221305.000 ns	     22129	80004494	a1d92b53	feq.s	x22,f18,f29	 f18:0x800003ff f29:0x7fc00000 x22=0x00000000
     221335.000 ns	     22132	80004498	02b01a33	mulh	x20,x0,x11	  x0:0x00000000 x11:0x17192000 x20=0x00000000
     221365.000 ns	     22135	8000449c	d010b2d3	fcvt.s.wu	f5,x1	  x1:0xffffffff  f5=0x4f800000
     221385.000 ns	     22137	800044a0	01fc44b3	xor	x9,x24,x31	 x24:0x00000000 x31:0xf0000000  x9=0xf0000000
     221405.000 ns	     22139	800044a4	21f9abd3	fsgnjx.s	f23,f19,f31	 f19:0xff800000 f31:0x7ffbefdc f23=0xff800000
     221425.000 ns	     22141	800044a8	c811f293	andi	x5,x3,-895	  x3:0x00000000  x5=0x00000000
     221445.000 ns	     22143	800044ac	214ba753	fsgnjx.s	f14,f23,f20	 f23:0xff800000 f20:0x7fc00000 f14=0xff800000
     221465.000 ns	     22145	800044b0	1267f693	andi	x13,x15,294	 x15:0x00000001 x13=0x00000000
     221485.000 ns	     22147	800044b4	a01e04d3	fle.s	x9,f28,f1	 f28:0x7fc00000  f1:0xceb574c0  x9=0x00000000
     221505.000 ns	     22149	800044b8	00e25793	srli	x15,x4,0xe	  x4:0x00000000 x15=0x00000000
     221525.000 ns	     22151	800044bc	03bd8f33	mul	x30,x27,x27	 x27:0x7ffbefdd x27:0x7ffbefdd x30=0x821c64c9
     221895.000 ns	     22188	800044c0	03f05b33	divu	x22,x0,x31	  x0:0x00000000 x31:0xf0000000 x22=0x00000000
     221925.000 ns	     22191	800044c4	200e1653	fsgnjn.s	f12,f28,f0	 f28:0x7fc00000  f0:0x00000000 f12=0xffc00000
     221945.000 ns	     22193	800044c8	cfa1b037	lui	x0,0xcfa1b	
     221965.000 ns	     22195	800044cc	a1128ed3	fle.s	x29,f5,f17	  f5:0x4f800000 f17:0x00000000 x29=0x00000000
     221985.000 ns	     22197	800044d0	0056fab3	and	x21,x13,x5	 x13:0x00000000  x5:0x00000000 x21=0x00000000
     222005.000 ns	     22199	800044d4	c0007a53	fcvt.w.s	x20,f0	  f0:0x00000000 x20=0x00000000
     222025.000 ns	     22201	800044d8	0061fd33	and	x26,x3,x6	  x3:0x00000000  x6:0x00000000 x26=0x00000000
     222045.000 ns	     22203	800044dc	a13e86d3	fle.s	x13,f29,f19	 f29:0x7fc00000 f19:0xff800000 x13=0x00000000
     222095.000 ns	     22208	800044e0	09ebce53	fsub.s	f28,f23,f30	 f23:0xff800000 f30:0xff800000 f28=0x00000000
     222125.000 ns	     22211	800044e4	d0093fd3	fcvt.s.w	f31,x18	 x18:0x81dc7000 f31=0xcefc4720
     222145.000 ns	     22213	800044e8	008c1293	slli	x5,x24,0x8	 x24:0x00000000  x5=0x00000000
     222175.000 ns	     22216	800044ec	1988fad3	fdiv.s	f21,f17,f24	 f17:0x00000000 f24:0x7fc00000 f21=0x7fc00000
     222195.000 ns	     22218	800044f0	75530d13	addi	x26,x6,1877	  x6:0x00000000 x26=0x00000755
     222205.000 ns	     22219	800044f4	0056fb33	and	x22,x13,x5	 x13:0x00000000  x5:0x00000000 x22=0x00000000
     222215.000 ns	     22220	800044f8	eef50593	addi	x11,x10,-273	 x10:0x17192000 x11=0x17191eef
     222225.000 ns	     22221	800044fc	16967497	auipc	x9,0x16967	  x9=0x9696b4fc
     222245.000 ns	     22223	80004500	d00d1c53	fcvt.s.w	f24,x26	 x26:0x00000755 f24=0x44eaa000
     222265.000 ns	     22225	80004504	01137b33	and	x22,x6,x17	  x6:0x00000000 x17:0x00000200 x22=0x00000000
     222275.000 ns	     22226	80004508	00000013	addi	x0,x0,0	  x0:0x00000000
     222285.000 ns	     22227	8000450c	01d43c33	sltu	x24,x8,x29	  x8:0xfffffce8 x29:0x00000000 x24=0x00000000
     222305.000 ns	     22229	80004510	d01bb653	fcvt.s.wu	f12,x23	 x23:0xffffffff f12=0x4f800000
     222675.000 ns	     22266	80004514	0396cdb3	div	x27,x13,x25	 x13:0x00000000 x25:0xffffffff x27=0x00000000
     222695.000 ns	     22268	80004518	01389613	slli	x12,x17,0x13	 x17:0x00000200 x12=0x10000000
     222715.000 ns	     22270	8000451c	038c28b3	mulhsu	x17,x24,x24	 x24:0x00000000 x24:0x00000000 x17=0x00000000
     222745.000 ns	     22273	80004520	e0068ed3	fmv.x.w	x29,f13	 f13:0x7fc00000 x29=0x7fc00000
     222765.000 ns	     22275	80004524	66090c13	addi	x24,x18,1632	 x18:0x81dc7000 x24=0x81dc7660
     222775.000 ns	     22276	80004528	016fec33	or	x24,x31,x22	 x31:0xf0000000 x22:0x00000000 x24=0xf0000000
     222795.000 ns	     22278	8000452c	029f0733	mul	x14,x30,x9	 x30:0x821c64c9  x9:0x9696b4fc x14=0xde9689dc
     222815.000 ns	     22280	80004530	00e75793	srli	x15,x14,0xe	 x14:0x00000000 x15=0x00037a5a
     222835.000 ns	     22282	80004534	200c0153	fsgnj.s	f2,f24,f0	 f24:0x44eaa000  f0:0x00000000  f2=0x44eaa000
     222855.000 ns	     22284	80004538	00a97bb3	and	x23,x18,x10	 x18:0x81dc7000 x10:0x17192000 x23=0x01182000
     223215.000 ns	     22320	8000453c	03354433	div	x8,x10,x19	 x10:0x17192000 x19:0x80041024  x8=0x00000000
     223235.000 ns	     22322	80004540	3e4f7313	andi	x6,x30,996	 x30:0x821c64c9  x6=0x000000c0
     223255.000 ns	     22324	80004544	02ae1633	mulh	x12,x28,x10	 x28:0xffffffff x10:0x17192000 x12=0xffffffff
     223285.000 ns	     22327	80004548	283a9d53	fmax.s	f26,f21,f3	 f21:0x7fc00000  f3:0x7fc00000 f26=0x7fc00000
     223315.000 ns	     22330	8000454c	28d19f53	fmax.s	f30,f3,f13	  f3:0x7fc00000 f13:0x7fc00000 f30=0x7fc00000
     223335.000 ns	     22332	80004550	eaa78a93	addi	x21,x15,-342	 x15:0x00037a5a x21=0x00037904
     223355.000 ns	     22334	80004554	f0018d53	fmv.w.x	f26,x3	  x3:0x00000000 f26=0x00000000
     223385.000 ns	     22337	80004558	e00d8d53	fmv.x.w	x26,f27	 f27:0x00000000 x26=0x00000000
     223415.000 ns	     22340	8000455c	28161353	fmax.s	f6,f12,f1	 f12:0x4f800000  f1:0xceb574c0  f6=0x4f800000
     223445.000 ns	     22343	80004560	20e288d3	fsgnj.s	f17,f5,f14	  f5:0x4f800000 f14:0xff800000 f17=0xcf800000
     223475.000 ns	     22346	80004564	297d9353	fmax.s	f6,f27,f23	 f27:0x00000000 f23:0xff800000  f6=0x00000000
     223495.000 ns	     22348	80004568	00b1c8b3	xor	x17,x3,x11	  x3:0x00000000 x11:0x17191eef x17=0x17191eef
     223505.000 ns	     22349	8000456c	be52fa13	andi	x20,x5,-1051	  x5:0x00000000 x20=0x00000000
     223515.000 ns	     22350	80004570	8e9ee393	ori	x7,x29,-1815	 x29:0x7fc00000  x7=0xfffff8e9
     223525.000 ns	     22351	80004574	52a8cf93	xori	x31,x17,1322	 x17:0x17191eef x31=0x17191bc5
     223545.000 ns	     22353	80004578	a0ca8753	fle.s	x14,f21,f12	 f21:0x7fc00000 f12:0x4f800000 x14=0x00000000
     223915.000 ns	     22390	8000457c	021b6533	rem	x10,x22,x1	 x22:0x00000000  x1:0xffffffff x10=0x00000000
     224285.000 ns	     22427	80004580	02b3d933	divu	x18,x7,x11	  x7:0xfffff8e9 x11:0x17191eef x18=0x0000000b
     224315.000 ns	     22430	80004584	f00507d3	fmv.w.x	f15,x10	 x10:0x00000000 f15=0x00000000
     224345.000 ns	     22433	80004588	d013f453	fcvt.s.wu	f8,x7	  x7:0xfffff8e9  f8=0x4f7ffff8
     224365.000 ns	     22435	8000458c	00485693	srli	x13,x16,0x4	 x16:0x80040fe4 x13=0x080040fe
     224375.000 ns	     22436	80004590	41670633	sub	x12,x14,x22	 x14:0x00000000 x22:0x00000000 x12=0x00000000
     224395.000 ns	     22438	80004594	e0051653	fclass.s	x12,f10	 f10:0xceb574c0 x12=0x00000002
     224425.000 ns	     22441	80004598	f00f8553	fmv.w.x	f10,x31	 x31:0x17191bc5 f10=0x17191bc5
     224445.000 ns	     22443	8000459c	7780c913	xori	x18,x1,1912	  x1:0xffffffff x18=0xfffff887
     224455.000 ns	     22444	800045a0	d4fabd13	sltiu	x26,x21,-689	 x21:0x00037904 x26=0x00000001
     224465.000 ns	     22445	800045a4	0126bab3	sltu	x21,x13,x18	 x13:0x080040fe x18:0x0000000b x21=0x00000001
     224475.000 ns	     22446	800045a8	19154393	xori	x7,x10,401	 x10:0x00000000  x7=0x00000191
     224835.000 ns	     22482	800045ac	03dd4933	div	x18,x26,x29	 x26:0x00000001 x29:0x7fc00000 x18=0x00000000
     224855.000 ns	     22484	800045b0	a1f788b7	lui	x17,0xa1f78	 x17=0xa1f78000
     224875.000 ns	     22486	800045b4	02046e33	rem	x28,x8,x0	  x8:0x00000000  x0:0x00000000 x28=0x00000000
     224895.000 ns	     22488	800045b8	bba65ab7	lui	x21,0xbba65	 x21=0xbba65000
     224935.000 ns	     22492	800045bc	08bdffd3	fsub.s	f31,f27,f11	 f27:0x00000000 f11:0xd1f09424 f31=0x51f09424
     224955.000 ns	     22494	800045c0	0149c933	xor	x18,x19,x20	 x19:0x80041024 x20:0x00000000 x18=0x80041024
     224975.000 ns	     22496	800045c4	02b6ac33	mulhsu	x24,x13,x11	 x13:0x080040fe x11:0x17191eef x24=0x00b8ced4
     224995.000 ns	     22498	800045c8	00000013	addi	x0,x0,0	  x0:0x00000000
     225005.000 ns	     22499	800045cc	002c1093	slli	x1,x24,0x2	 x24:0x00b8ced4  x1=0x02e33b50
     225025.000 ns	     22501	800045d0	29340e53	fmin.s	f28,f8,f19	  f8:0x4f7ffff8 f19:0xff800000 f28=0xff800000
     225055.000 ns	     22504	800045d4	e00a0153	fmv.x.w	x2,f20	 f20:0x7fc00000  x2=0x7fc00000
     225075.000 ns	     22506	800045d8	004e6a33	or	x20,x28,x4	 x28:0x00000000  x4:0x00000000 x20=0x00000000
     225095.000 ns	     22508	800045dc	d015b653	fcvt.s.wu	f12,x11	 x11:0x17191eef f12=0x4db8c8f8
     225115.000 ns	     22510	800045e0	008d5ab3	srl	x21,x26,x8	 x26:0x00000001  x8:0x00000000 x21=0x00000001
     225125.000 ns	     22511	800045e4	5e70cd97	auipc	x27,0x5e70c	 x27=0xde7105e4
     225135.000 ns	     22512	800045e8	00b7b7b3	sltu	x15,x15,x11	 x15:0x00037a5a x11:0x17191eef x15=0x00000001
     225495.000 ns	     22548	800045ec	027f41b3	div	x3,x30,x7	 x30:0x821c64c9  x7:0x00000191  x3=0xffafa1c5
     225515.000 ns	     22550	800045f0	01102b33	slt	x22,x0,x17	  x0:0x00000000 x17:0xa1f78000 x22=0x00000000
     225525.000 ns	     22551	800045f4	51eed037	lui	x0,0x51eed	
     225545.000 ns	     22553	800045f8	c0167153	fcvt.wu.s	x2,f12	 f12:0x4db8c8f8  x2=0x17191f00
     225565.000 ns	     22555	800045fc	d74e23b7	lui	x7,0xd74e2	  x7=0xd74e2000
     225585.000 ns	     22557	80004600	e0099153	fclass.s	x2,f19	 f19:0xff800000  x2=0x00000001
     225615.000 ns	     22560	80004604	29890fd3	fmin.s	f31,f18,f24	 f18:0x800003ff f24:0x44eaa000 f31=0x800003ff
     225645.000 ns	     22563	80004608	a0382753	feq.s	x14,f16,f3	 f16:0x7fc00000  f3:0x7fc00000 x14=0x00000000
     225675.000 ns	     22566	8000460c	02ad2033	mulhsu	x0,x26,x10	 x26:0x00000001 x10:0x00000000
     225705.000 ns	     22569	80004610	c00a2753	fcvt.w.s	x14,f20	 f20:0x7fc00000 x14=0x7fffffff
     225755.000 ns	     22574	80004614	00742a53	fadd.s	f20,f8,f7	  f8:0x4f7ffff8  f7:0x4f600000 f20=0x4feffffc
     226125.000 ns	     22611	80004618	03bbefb3	rem	x31,x23,x27	 x23:0x01182000 x27:0xde7105e4 x31=0x01182000
     226155.000 ns	     22614	8000461c	c019cb53	fcvt.wu.s	x22,f19	 f19:0xff800000 x22=0x00000000
     226175.000 ns	     22616	80004620	c68ef8b7	lui	x17,0xc68ef	 x17=0xc68ef000
     226195.000 ns	     22618	80004624	a1ecab53	feq.s	x22,f25,f30	 f25:0x7fc00000 f30:0x7fc00000 x22=0x00000000
     226215.000 ns	     22620	80004628	76714f17	auipc	x30,0x76714	 x30=0xf6718628
     226225.000 ns	     22621	8000462c	13ee6393	ori	x7,x28,318	 x28:0x00000000  x7=0x0000013e
     226235.000 ns	     22622	80004630	8be2e593	ori	x11,x5,-1858	  x5:0x00000000 x11=0xfffff8be
     226255.000 ns	     22624	80004634	d019bad3	fcvt.s.wu	f21,x19	 x19:0x80041024 f21=0x4f000411
     226285.000 ns	     22627	80004638	02020033	mul	x0,x4,x0	  x4:0x00000000  x0:0x00000000
     226335.000 ns	     22632	8000463c	08078dd3	fsub.s	f27,f15,f0	 f15:0x00000000  f0:0x00000000 f27=0x80000000
     226365.000 ns	     22635	80004640	29f81053	fmax.s	f0,f16,f31	 f16:0x7fc00000 f31:0x800003ff  f0=0x800003ff
     226385.000 ns	     22637	80004644	018a93b3	sll	x7,x21,x24	 x21:0x00000001 x24:0x00b8ced4  x7=0x00100000
     226395.000 ns	     22638	80004648	7109a093	slti	x1,x19,1808	 x19:0x80041024  x1=0x00000001
     226435.000 ns	     22642	8000464c	08b6cc53	fsub.s	f24,f13,f11	 f13:0x7fc00000 f11:0xd1f09424 f24=0x7fc00000
     226455.000 ns	     22644	80004650	0d4a6a17	auipc	x20,0xd4a6	 x20=0x8d4aa650
     226475.000 ns	     22646	80004654	c00cfad3	fcvt.w.s	x21,f25	 f25:0x7fc00000 x21=0x7fffffff
     226495.000 ns	     22648	80004658	40a2d193	srai	x3,x5,0xa	  x5:0x00000000  x3=0x00000000
     226505.000 ns	     22649	8000465c	01259033	sll	x0,x11,x18	 x11:0xfffff8be x18:0x80041024
     226515.000 ns	     22650	80004660	601cc393	xori	x7,x25,1537	 x25:0xffffffff  x7=0xfffff9fe
     226525.000 ns	     22651	80004664	01fbbbb3	sltu	x23,x23,x31	 x23:0x01182000 x31:0x01182000 x23=0x00000000
     226535.000 ns	     22652	80004668	014f1293	slli	x5,x30,0x14	 x30:0xf6718628  x5=0x62800000
     226565.000 ns	     22655	8000466c	58088a53	fsqrt.s	f20,f17	 f17:0xcf800000 f20=0x7fc00000
     226585.000 ns	     22657	80004670	4010d613	srai	x12,x1,0x1	  x1:0x00000001 x12=0x00000000
     226615.000 ns	     22660	80004674	19da93d3	fdiv.s	f7,f21,f29	 f21:0x4f000411 f29:0x7fc00000  f7=0x7fc00000
     226635.000 ns	     22662	80004678	419e5eb3	sra	x29,x28,x25	 x28:0x00000000 x25:0xffffffff x29=0x00000000
     226655.000 ns	     22664	8000467c	a16988d3	fle.s	x17,f19,f22	 f19:0xff800000 f22:0x4eb574c0 x17=0x00000001
     226695.000 ns	     22668	80004680	110cf7d3	fmul.s	f15,f25,f16	 f25:0x7fc00000 f16:0x7fc00000 f15=0x7fc00000
     226725.000 ns	     22671	80004684	29750053	fmin.s	f0,f10,f23	 f10:0x17191bc5 f23:0xff800000  f0=0xff800000
     226755.000 ns	     22674	80004688	d01dffd3	fcvt.s.wu	f31,x27	 x27:0xde7105e4 f31=0x4f5e7105
     226775.000 ns	     22676	8000468c	01325d93	srli	x27,x4,0x13	  x4:0x00000000 x27=0x00000000
     226795.000 ns	     22678	80004690	a08908d3	fle.s	x17,f18,f8	 f18:0x800003ff  f8:0x4f7ffff8 x17=0x00000001
     226815.000 ns	     22680	80004694	006e48b3	xor	x17,x28,x6	 x28:0x00000000  x6:0x000000c0 x17=0x000000c0
     226825.000 ns	     22681	80004698	003e1d13	slli	x26,x28,0x3	 x28:0x00000000 x26=0x00000000
     227185.000 ns	     22717	8000469c	035e5eb3	divu	x29,x28,x21	 x28:0x00000000 x21:0x7fffffff x29=0x00000000
     227215.000 ns	     22720	800046a0	c010a553	fcvt.wu.s	x10,f1	  f1:0xceb574c0 x10=0x5aba6000
     227245.000 ns	     22723	800046a4	205a9ed3	fsgnjn.s	f29,f21,f5	 f21:0x4f000411  f5:0x4f800000 f29=0xcf000411
     227275.000 ns	     22726	800046a8	02ce38b3	mulhu	x17,x28,x12	 x28:0x00000000 x12:0x00000000 x17=0x00000000
     227295.000 ns	     22728	800046ac	0195d4b3	srl	x9,x11,x25	 x11:0xfffff8be x25:0xffffffff  x9=0x00000001
     227305.000 ns	     22729	800046b0	01914ab3	xor	x21,x2,x25	  x2:0x00000001 x25:0xffffffff x21=0xfffffffe
     227315.000 ns	     22730	800046b4	00255b13	srli	x22,x10,0x2	 x10:0x5aba6000 x22=0x16ae9800
     227335.000 ns	     22732	800046b8	d019ccd3	fcvt.s.wu	f25,x19	 x19:0x80041024 f25=0x4f000410
     227365.000 ns	     22735	800046bc	21390853	fsgnj.s	f16,f18,f19	 f18:0x800003ff f19:0xff800000 f16=0x800003ff
     227385.000 ns	     22737	800046c0	00a69db3	sll	x27,x13,x10	 x13:0x080040fe x10:0x5aba6000 x27=0x080040fe
     227395.000 ns	     22738	800046c4	9e2b2393	slti	x7,x22,-1566	 x22:0x16ae9800  x7=0x00000000
     227405.000 ns	     22739	800046c8	1146ab13	slti	x22,x13,276	 x13:0x080040fe x22=0x00000000
     227415.000 ns	     22740	800046cc	00c45fb3	srl	x31,x8,x12	  x8:0x00000000 x12:0x00000000 x31=0x00000000
     227425.000 ns	     22741	800046d0	40930ab3	sub	x21,x6,x9	  x6:0x000000c0  x9:0x00000001 x21=0x000000bf
     227445.000 ns	     22743	800046d4	21b61f53	fsgnjn.s	f30,f12,f27	 f12:0x4db8c8f8 f27:0x80000000 f30=0x4db8c8f8
     227475.000 ns	     22746	800046d8	21a28153	fsgnj.s	f2,f5,f26	  f5:0x4f800000 f26:0x00000000  f2=0x4f800000
     227505.000 ns	     22749	800046dc	020427b3	mulhsu	x15,x8,x0	  x8:0x00000000  x0:0x00000000 x15=0x00000000
     227535.000 ns	     22752	800046e0	02a43d33	mulhu	x26,x8,x10	  x8:0x00000000 x10:0x5aba6000 x26=0x00000000
     227565.000 ns	     22755	800046e4	d00e7dd3	fcvt.s.w	f27,x28	 x28:0x00000000 f27=0x00000000
     227595.000 ns	     22758	800046e8	a0cb26d3	feq.s	x13,f22,f12	 f22:0x4eb574c0 f12:0x4db8c8f8 x13=0x00000000
     227615.000 ns	     22760	800046ec	8761fc17	auipc	x24,0x8761f	 x24=0x076236ec
     227635.000 ns	     22762	800046f0	a00007d3	fle.s	x15,f0,f0	  f0:0xff800000  f0:0xff800000 x15=0x00000001
     227665.000 ns	     22765	800046f4	e0008553	fmv.x.w	x10,f1	  f1:0xceb574c0 x10=0xceb574c0
     227695.000 ns	     22768	800046f8	03260633	mul	x12,x12,x18	 x12:0x00000000 x18:0x80041024 x12=0x00000000
     227715.000 ns	     22770	800046fc	56dc0893	addi	x17,x24,1389	 x24:0x076236ec x17=0x07623c59
     227735.000 ns	     22772	80004700	29cf94d3	fmax.s	f9,f31,f28	 f31:0x4f5e7105 f28:0xff800000  f9=0x4f5e7105
     227755.000 ns	     22774	80004704	017cd313	srli	x6,x25,0x17	 x25:0xffffffff  x6=0x000001ff
     227775.000 ns	     22776	80004708	20a8a053	fsgnjx.s	f0,f17,f10	 f17:0xcf800000 f10:0x17191bc5  f0=0xcf800000
     228145.000 ns	     22813	8000470c	02f35ab3	divu	x21,x6,x15	  x6:0x000000c0 x15:0x00000001 x21=0x000001ff
     228165.000 ns	     22815	80004710	40280db3	sub	x27,x16,x2	 x16:0x80040fe4  x2:0x00000001 x27=0x80040fe3
     228175.000 ns	     22816	80004714	008fefb3	or	x31,x31,x8	 x31:0x00000000  x8:0x00000000 x31=0x00000000
     228195.000 ns	     22818	80004718	d01771d3	fcvt.s.wu	f3,x14	 x14:0x7fffffff  f3=0x4effffff
     228215.000 ns	     22820	8000471c	01729693	slli	x13,x5,0x17	  x5:0x62800000 x13=0x00000000
     228225.000 ns	     22821	80004720	01011013	slli	x0,x2,0x10	  x2:0x00000001
     228245.000 ns	     22823	80004724	c0007a53	fcvt.w.s	x20,f0	  f0:0xcf800000 x20=0x80000000
     228275.000 ns	     22826	80004728	e00e0a53	fmv.x.w	x20,f28	 f28:0xff800000 x20=0xff800000
     228315.000 ns	     22830	8000472c	117644d3	fmul.s	f9,f12,f23	 f12:0x4db8c8f8 f23:0xff800000  f9=0xff800000
     228335.000 ns	     22832	80004730	01b66b33	or	x22,x12,x27	 x12:0x00000000 x27:0x80040fe3 x22=0x80040fe3
     228345.000 ns	     22833	80004734	0169fd33	and	x26,x19,x22	 x19:0x80041024 x22:0x00000000 x26=0x80040020
     228355.000 ns	     22834	80004738	418c06b3	sub	x13,x24,x24	 x24:0x076236ec x24:0x076236ec x13=0x00000000
     228375.000 ns	     22836	8000473c	e00a9353	fclass.s	x6,f21	 f21:0x4f000411  x6=0x00000040
     228395.000 ns	     22838	80004740	41e3de93	srai	x29,x7,0x1e	  x7:0x00000000 x29=0x00000000
     228415.000 ns	     22840	80004744	21f3ae53	fsgnjx.s	f28,f7,f31	  f7:0x7fc00000 f31:0x4f5e7105 f28=0x7fc00000
     228445.000 ns	     22843	80004748	20e206d3	fsgnj.s	f13,f4,f14	  f4:0xffc00000 f14:0xff800000 f13=0xffc00000
     228465.000 ns	     22845	8000474c	008d37b3	sltu	x15,x26,x8	 x26:0x80040020  x8:0x00000000 x15=0x00000000
     228495.000 ns	     22848	80004750	1907fd53	fdiv.s	f26,f15,f16	 f15:0x7fc00000 f16:0x800003ff f26=0x7fc00000
     228515.000 ns	     22850	80004754	00afbeb3	sltu	x29,x31,x10	 x31:0x00000000 x10:0xceb574c0 x29=0x00000001
     228555.000 ns	     22854	80004758	013e7553	fadd.s	f10,f28,f19	 f28:0x7fc00000 f19:0xff800000 f10=0x7fc00000
     228575.000 ns	     22856	8000475c	00f06333	or	x6,x0,x15	  x0:0x00000000 x15:0x00000000  x6=0x00000000
     228595.000 ns	     22858	80004760	d016f353	fcvt.s.wu	f6,x13	 x13:0x00000000  f6=0x00000000
     228615.000 ns	     22860	80004764	01be05b3	add	x11,x28,x27	 x28:0x00000000 x27:0x80040fe3 x11=0x80040fe3
     228625.000 ns	     22861	80004768	01601fb3	sll	x31,x0,x22	  x0:0x00000000 x22:0x80040fe3 x31=0x00000000
     228635.000 ns	     22862	8000476c	2b005317	auipc	x6,0x2b005	  x6=0xab00976c
     228645.000 ns	     22863	80004770	00c88fb3	add	x31,x17,x12	 x17:0x07623c59 x12:0x00000000 x31=0x07623c59
     229005.000 ns	     22899	80004774	0307fab3	remu	x21,x15,x16	 x15:0x00000000 x16:0x80040fe4 x21=0x00000000
     229025.000 ns	     22901	80004778	01ceb133	sltu	x2,x29,x28	 x29:0x00000001 x28:0x00000000  x2=0x00000000
     229035.000 ns	     22902	8000477c	0118da13	srli	x20,x17,0x11	 x17:0x07623c59 x20=0x000003b1
     229045.000 ns	     22903	80004780	01902533	slt	x10,x0,x25	  x0:0x00000000 x25:0xffffffff x10=0x00000000
     229065.000 ns	     22905	80004784	20be8f53	fsgnj.s	f30,f29,f11	 f29:0xcf000411 f11:0xd1f09424 f30=0xcf000411
     229435.000 ns	     22942	80004788	03624c33	div	x24,x4,x22	  x4:0x00000000 x22:0x80040fe3 x24=0x00000000
     229465.000 ns	     22945	8000478c	a12fae53	feq.s	x28,f31,f18	 f31:0x4f5e7105 f18:0x800003ff x28=0x00000000
     229485.000 ns	     22947	80004790	9eb6a117	auipc	x2,0x9eb6a	  x2=0x1eb6e790
     229495.000 ns	     22948	80004794	00d1f133	and	x2,x3,x13	  x3:0x00000000 x13:0x00000000  x2=0x00000000
     229515.000 ns	     22950	80004798	20e402d3	fsgnj.s	f5,f8,f14	  f8:0x4f7ffff8 f14:0xff800000  f5=0xcf7ffff8
     229555.000 ns	     22954	8000479c	1040fe53	fmul.s	f28,f1,f4	  f1:0xceb574c0  f4:0xffc00000 f28=0x7fc00000
     229595.000 ns	     22958	800047a0	1095fdd3	fmul.s	f27,f11,f9	 f11:0xd1f09424  f9:0xff800000 f27=0x7f800000
     229625.000 ns	     22961	800047a4	2166af53	fsgnjx.s	f30,f13,f22	 f13:0xffc00000 f22:0x4eb574c0 f30=0xffc00000
     229645.000 ns	     22963	800047a8	017fa4b3	slt	x9,x31,x23	 x31:0x07623c59 x23:0x00000000  x9=0x00000000
     229655.000 ns	     22964	800047ac	019a44b3	xor	x9,x20,x25	 x20:0x000003b1 x25:0xffffffff  x9=0xfffffc4e
     229665.000 ns	     22965	800047b0	c50dde37	lui	x28,0xc50dd	 x28=0xc50dd000
     229685.000 ns	     22967	800047b4	037c2d33	mulhsu	x26,x24,x23	 x24:0x00000000 x23:0x00000000 x26=0x00000000
     229705.000 ns	     22969	800047b8	d9438493	addi	x9,x7,-620	  x7:0x00000000  x9=0xfffffd94
     229735.000 ns	     22972	800047bc	11107bd3	fmul.s	f23,f0,f17	  f0:0xcf800000 f17:0xcf800000 f23=0x5f800000
     229755.000 ns	     22974	800047c0	d9a12a13	slti	x20,x2,-614	  x2:0x00000000 x20=0x00000000
     229785.000 ns	     22977	800047c4	117b3853	fmul.s	f16,f22,f23	 f22:0x4eb574c0 f23:0x5f800000 f16=0x6eb574c0
     229805.000 ns	     22979	800047c8	f401b093	sltiu	x1,x3,-192	  x3:0x00000000  x1=0x00000001
     229815.000 ns	     22980	800047cc	00a61893	slli	x17,x12,0xa	 x12:0x00000000 x17=0x00000000
     229835.000 ns	     22982	800047d0	f00485d3	fmv.w.x	f11,x9	  x9:0xfffffd94 f11=0xfffffd94
     229855.000 ns	     22984	800047d4	01d7f033	and	x0,x15,x29	 x15:0x00000000 x29:0x00000001
     229875.000 ns	     22986	800047d8	e00a1fd3	fclass.s	x31,f20	 f20:0x7fc00000 x31=0x00000200
     229895.000 ns	     22988	800047dc	da110c13	addi	x24,x2,-607	  x2:0x00000000 x24=0xfffffda1
     229905.000 ns	     22989	800047e0	bb328913	addi	x18,x5,-1101	  x5:0x62800000 x18=0x627ffbb3
     229925.000 ns	     22991	800047e4	29ac05d3	fmin.s	f11,f24,f26	 f24:0x7fc00000 f26:0x7fc00000 f11=0x7fc00000
     229955.000 ns	     22994	800047e8	29a79053	fmax.s	f0,f15,f26	 f15:0x7fc00000 f26:0x7fc00000  f0=0x7fc00000
     229975.000 ns	     22996	800047ec	4112d533	sra	x10,x5,x17	  x5:0x62800000 x17:0x00000000 x10=0x62800000
     230005.000 ns	     22999	800047f0	19beffd3	fdiv.s	f31,f29,f27	 f29:0xcf000411 f27:0x7f800000 f31=0x80000000
     230035.000 ns	     23002	800047f4	204f91d3	fsgnjn.s	f3,f31,f4	 f31:0x4f5e7105  f4:0xffc00000  f3=0x00000000
     230085.000 ns	     23007	800047f8	0048f653	fadd.s	f12,f17,f4	 f17:0xcf800000  f4:0xffc00000 f12=0x7fc00000
     230105.000 ns	     23009	800047fc	e4518d93	addi	x27,x3,-443	  x3:0x00000000 x27=0xfffffe45
     230125.000 ns	     23011	80004800	e0088953	fmv.x.w	x18,f17	 f17:0xcf800000 x18=0xcf800000
     230145.000 ns	     23013	80004804	011793b3	sll	x7,x15,x17	 x15:0x00000000 x17:0x00000000  x7=0x00000000
     230165.000 ns	     23015	80004808	d01586d3	fcvt.s.wu	f13,x11	 x11:0x80040fe3 f13=0x4f000410
     230185.000 ns	     23017	8000480c	40da0a33	sub	x20,x20,x13	 x20:0x00000000 x13:0x00000000 x20=0x00000000
     230545.000 ns	     23053	80004810	026b4fb3	div	x31,x22,x6	 x22:0x80040fe3  x6:0xab00976c x31=0x00000001
     230565.000 ns	     23055	80004814	015f3fb3	sltu	x31,x30,x21	 x30:0xf6718628 x21:0x00000000 x31=0x00000000
     230585.000 ns	     23057	80004818	c00df3d3	fcvt.w.s	x7,f27	 f27:0x7f800000  x7=0x7fffffff
     230605.000 ns	     23059	8000481c	40800d33	sub	x26,x0,x8	  x0:0x00000000  x8:0x00000000 x26=0x00000000
     230625.000 ns	     23061	80004820	02a11733	mulh	x14,x2,x10	  x2:0x00000000 x10:0x62800000 x14=0x00000000
     230965.000 ns	     23095	80004824	196b76d3	fdiv.s	f13,f22,f22	 f22:0x4eb574c0 f22:0x4eb574c0 f13=0x3f3574c0
     230995.000 ns	     23098	80004828	a1ef1dd3	flt.s	x27,f30,f30	 f30:0xffc00000 f30:0xffc00000 x27=0x00000000
     231015.000 ns	     23100	8000482c	0010cbb3	xor	x23,x1,x1	  x1:0x00000001  x1:0x00000001 x23=0x00000000
     231025.000 ns	     23101	80004830	00dbd3b3	srl	x7,x23,x13	 x23:0x00000000 x13:0x00000000  x7=0x00000000
     231045.000 ns	     23103	80004834	a1e31a53	flt.s	x20,f6,f30	  f6:0x00000000 f30:0xffc00000 x20=0x00000000
     231065.000 ns	     23105	80004838	40c85293	srai	x5,x16,0xc	 x16:0x80040fe4  x5=0xfff80040
     231085.000 ns	     23107	8000483c	03fc8cb3	mul	x25,x25,x31	 x25:0xffffffff x31:0x00000000 x25=0x00000000
     231115.000 ns	     23110	80004840	a1b12e53	feq.s	x28,f2,f27	  f2:0x4f800000 f27:0x7f800000 x28=0x00000000
     231135.000 ns	     23112	80004844	00293f33	sltu	x30,x18,x2	 x18:0xcf800000  x2:0x00000000 x30=0x00000000
     231145.000 ns	     23113	80004848	01ce5a13	srli	x20,x28,0x1c	 x28:0x00000000 x20=0x00000000
     231165.000 ns	     23115	8000484c	219e89d3	fsgnj.s	f19,f29,f25	 f29:0xcf000411 f25:0x4f000410 f19=0x4f000411
     231185.000 ns	     23117	80004850	90a30d93	addi	x27,x6,-1782	  x6:0xab00976c x27=0xab009076
     231215.000 ns	     23120	80004854	1975fed3	fdiv.s	f29,f11,f23	 f11:0x7fc00000 f23:0x5f800000 f29=0x7fc00000
     231235.000 ns	     23122	80004858	00715c93	srli	x25,x2,0x7	  x2:0x00000000 x25=0x00000000
     231245.000 ns	     23123	8000485c	00dc1bb3	sll	x23,x24,x13	 x24:0xfffffda1 x13:0x00000000 x23=0xfffffda1
     231255.000 ns	     23124	80004860	0157b633	sltu	x12,x15,x21	 x15:0x00000000 x21:0x00000000 x12=0x00000000
     231275.000 ns	     23126	80004864	a06c1653	flt.s	x12,f24,f6	 f24:0x7fc00000  f6:0x00000000 x12=0x00000000
     231305.000 ns	     23129	80004868	039fa1b3	mulhsu	x3,x31,x25	 x31:0x00000000 x25:0x00000000  x3=0x00000000
     231325.000 ns	     23131	8000486c	007403b3	add	x7,x8,x7	  x8:0x00000000  x7:0x00000000  x7=0x00000000
     231655.000 ns	     23164	80004870	19187ad3	fdiv.s	f21,f16,f17	 f16:0x6eb574c0 f17:0xcf800000 f21=0xde3574c0
     231685.000 ns	     23167	80004874	023c18b3	mulh	x17,x24,x3	 x24:0xfffffda1  x3:0x00000000 x17=0x00000000
     231715.000 ns	     23170	80004878	210516d3	fsgnjn.s	f13,f10,f16	 f10:0x7fc00000 f16:0x6eb574c0 f13=0xffc00000
     232085.000 ns	     23207	8000487c	026bceb3	div	x29,x23,x6	 x23:0xfffffda1  x6:0xab00976c x29=0x00000000
     232115.000 ns	     23210	80004880	e0019d53	fclass.s	x26,f3	  f3:0x00000000 x26=0x00000010
     232135.000 ns	     23212	80004884	5b6af013	andi	x0,x21,1462	 x21:0x00000000
     232155.000 ns	     23214	80004888	a1a8a053	feq.s	x0,f17,f26	 f17:0xcf800000 f26:0x7fc00000
     232195.000 ns	     23218	8000488c	5806c353	fsqrt.s	f6,f13	 f13:0xffc00000  f6=0x7fc00000
     232245.000 ns	     23223	80004890	00020ed3	fadd.s	f29,f4,f0	  f4:0xffc00000  f0:0x7fc00000 f29=0x7fc00000
     232265.000 ns	     23225	80004894	a976f913	andi	x18,x13,-1385	 x13:0x00000000 x18=0x00000000
     232285.000 ns	     23227	80004898	21dba6d3	fsgnjx.s	f13,f23,f29	 f23:0x5f800000 f29:0x7fc00000 f13=0x5f800000
     232315.000 ns	     23230	8000489c	21470753	fsgnj.s	f14,f14,f20	 f14:0xff800000 f20:0x7fc00000 f14=0x7f800000
     232365.000 ns	     23235	800048a0	0921ff53	fsub.s	f30,f3,f18	  f3:0x00000000 f18:0x800003ff f30=0x000003ff
     232385.000 ns	     23237	800048a4	008dc933	xor	x18,x27,x8	 x27:0xab009076  x8:0x00000000 x18=0xab009076
     232745.000 ns	     23273	800048a8	036bd333	divu	x6,x23,x22	 x23:0xfffffda1 x22:0x80040fe3  x6=0x00000001
     232775.000 ns	     23276	800048ac	e0090b53	fmv.x.w	x22,f18	 f18:0x800003ff x22=0x800003ff
     232805.000 ns	     23279	800048b0	f00e0a53	fmv.w.x	f20,x28	 x28:0x00000000 f20=0x00000000
     232835.000 ns	     23282	800048b4	a0ec9ed3	flt.s	x29,f25,f14	 f25:0x4f000410 f14:0x7f800000 x29=0x00000001
     232865.000 ns	     23285	800048b8	03b1ae33	mulhsu	x28,x3,x27	  x3:0x00000000 x27:0xab009076 x28=0x00000000
     232885.000 ns	     23287	800048bc	162f6593	ori	x11,x30,354	 x30:0x00000000 x11=0x00000162
     232905.000 ns	     23289	800048c0	c0020553	fcvt.w.s	x10,f4	  f4:0xffc00000 x10=0x7fffffff
     232935.000 ns	     23292	800048c4	03e083b3	mul	x7,x1,x30	  x1:0x00000001 x30:0x00000000  x7=0x00000000
     232955.000 ns	     23294	800048c8	413808b3	sub	x17,x16,x19	 x16:0x80040fe4 x19:0x80041024 x17=0xffffffc0
     232975.000 ns	     23296	800048cc	21ff99d3	fsgnjn.s	f19,f31,f31	 f31:0x80000000 f31:0x80000000 f19=0x00000000
     232995.000 ns	     23298	800048d0	d9080293	addi	x5,x16,-624	 x16:0x80040fe4  x5=0x80040d74
     233005.000 ns	     23299	800048d4	0171dc93	srli	x25,x3,0x17	  x3:0x00000000 x25=0x00000000
     233025.000 ns	     23301	800048d8	e00a97d3	fclass.s	x15,f21	 f21:0xde3574c0 x15=0x00000002
     233055.000 ns	     23304	800048dc	03d7a1b3	mulhsu	x3,x15,x29	 x15:0x00000000 x29:0x00000001  x3=0x00000000
     233085.000 ns	     23307	800048e0	e0091ad3	fclass.s	x21,f18	 f18:0x800003ff x21=0x00000004
     233105.000 ns	     23309	800048e4	00000013	addi	x0,x0,0	  x0:0x00000000
     233125.000 ns	     23311	800048e8	d00ef5d3	fcvt.s.w	f11,x29	 x29:0x00000001 f11=0x3f800000
     233155.000 ns	     23314	800048ec	a03d17d3	flt.s	x15,f26,f3	 f26:0x7fc00000  f3:0x00000000 x15=0x00000000
     233185.000 ns	     23317	800048f0	c0077e53	fcvt.w.s	x28,f14	 f14:0x7f800000 x28=0x7fffffff
     233205.000 ns	     23319	800048f4	00bdfdb3	and	x27,x27,x11	 x27:0xab009076 x11:0x00000162 x27=0x00000062
     233215.000 ns	     23320	800048f8	00e02db3	slt	x27,x0,x14	  x0:0x00000000 x14:0x00000000 x27=0x00000000
     233235.000 ns	     23322	800048fc	c010a753	fcvt.wu.s	x14,f1	  f1:0xceb574c0 x14=0x5aba6000
     233605.000 ns	     23359	80004900	0256cf33	div	x30,x13,x5	 x13:0x00000000  x5:0x80040d74 x30=0x00000000
     233625.000 ns	     23361	80004904	c97bbc93	sltiu	x25,x23,-873	 x23:0xfffffda1 x25=0x00000000
     233645.000 ns	     23363	80004908	c00c7d53	fcvt.w.s	x26,f24	 f24:0x7fc00000 x26=0x7fffffff
     233675.000 ns	     23366	8000490c	c01b7bd3	fcvt.wu.s	x23,f22	 f22:0x4eb574c0 x23=0x5aba6000
     233695.000 ns	     23368	80004910	01553d33	sltu	x26,x10,x21	 x10:0x7fffffff x21:0x00000004 x26=0x00000000
     234055.000 ns	     23404	80004914	021b5033	divu	x0,x22,x1	 x22:0x800003ff  x1:0x00000001
     234085.000 ns	     23407	80004918	a025aed3	feq.s	x29,f11,f2	 f11:0x3f800000  f2:0x4f800000 x29=0x00000000
     234135.000 ns	     23412	8000491c	00687053	fadd.s	f0,f16,f6	 f16:0x6eb574c0  f6:0x7fc00000  f0=0x7fc00000
     234155.000 ns	     23414	80004920	41000133	sub	x2,x0,x16	  x0:0x00000000 x16:0x80040fe4  x2=0x7ffbf01c
     234175.000 ns	     23416	80004924	c01190d3	fcvt.wu.s	x1,f3	  f3:0x00000000  x1=0x00000000
     234205.000 ns	     23419	80004928	29be1bd3	fmax.s	f23,f28,f27	 f28:0x7fc00000 f27:0x7f800000 f23=0x7f800000
     234225.000 ns	     23421	8000492c	71d22a93	slti	x21,x4,1821	  x4:0x00000000 x21=0x00000001
     234235.000 ns	     23422	80004930	00effd33	and	x26,x31,x14	 x31:0x00000000 x14:0x5aba6000 x26=0x00000000
     234255.000 ns	     23424	80004934	d012fed3	fcvt.s.wu	f29,x5	  x5:0x80040d74 f29=0x4f00040d
     234285.000 ns	     23427	80004938	a18aa753	feq.s	x14,f21,f24	 f21:0xde3574c0 f24:0x7fc00000 x14=0x00000000
     234315.000 ns	     23430	8000493c	0230ea33	rem	x20,x1,x3	  x1:0x00000000  x3:0x00000000 x20=0x00000000
     234335.000 ns	     23432	80004940	011feb33	or	x22,x31,x17	 x31:0x00000000 x17:0xffffffc0 x22=0xffffffc0
     234345.000 ns	     23433	80004944	01c05493	srli	x9,x0,0x1c	  x0:0x00000000  x9=0x00000000
     234365.000 ns	     23435	80004948	a06eab53	feq.s	x22,f29,f6	 f29:0x4f00040d  f6:0x7fc00000 x22=0x00000000
     234395.000 ns	     23438	8000494c	29b285d3	fmin.s	f11,f5,f27	  f5:0xcf7ffff8 f27:0x7f800000 f11=0xcf7ffff8
     234425.000 ns	     23441	80004950	29530ad3	fmin.s	f21,f6,f21	  f6:0x7fc00000 f21:0xde3574c0 f21=0xde3574c0
     234445.000 ns	     23443	80004954	23843693	sltiu	x13,x8,568	  x8:0x00000000 x13=0x00000001
     234455.000 ns	     23444	80004958	00c21c33	sll	x24,x4,x12	  x4:0x00000000 x12:0x00000000 x24=0x00000000
     234465.000 ns	     23445	8000495c	40265cb3	sra	x25,x12,x2	 x12:0x00000000  x2:0x7ffbf01c x25=0x00000000
     234475.000 ns	     23446	80004960	0058a933	slt	x18,x17,x5	 x17:0xffffffc0  x5:0x80040d74 x18=0x00000000
     234495.000 ns	     23448	80004964	28c910d3	fmax.s	f1,f18,f12	 f18:0x800003ff f12:0x7fc00000  f1=0x800003ff
     234515.000 ns	     23450	80004968	6e40bd93	sltiu	x27,x1,1764	  x1:0x00000000 x27=0x00000001
     234535.000 ns	     23452	8000496c	f00b86d3	fmv.w.x	f13,x23	 x23:0x5aba6000 f13=0x5aba6000
     234905.000 ns	     23489	80004970	02216b33	rem	x22,x2,x2	  x2:0x7ffbf01c  x2:0x7ffbf01c x22=0x00000000
     234925.000 ns	     23491	80004974	67222b13	slti	x22,x4,1650	  x4:0x00000000 x22=0x00000001
     234945.000 ns	     23493	80004978	e00110d3	fclass.s	x1,f2	  f2:0x4f800000  x1=0x00000040
     234965.000 ns	     23495	8000497c	ee994d13	xori	x26,x18,-279	 x18:0x00000000 x26=0xfffffee9
     234995.000 ns	     23498	80004980	11c1ff53	fmul.s	f30,f3,f28	  f3:0x00000000 f28:0x7fc00000 f30=0x7fc00000
     235025.000 ns	     23501	80004984	020632b3	mulhu	x5,x12,x0	 x12:0x00000000  x0:0x00000000  x5=0x00000000
     235395.000 ns	     23538	80004988	0315d8b3	divu	x17,x11,x17	 x11:0x00000162 x17:0xffffffc0 x17=0x00000000
     235415.000 ns	     23540	8000498c	9b8a4317	auipc	x6,0x9b8a4	  x6=0x1b8a898c
     235435.000 ns	     23542	80004990	c018fbd3	fcvt.wu.s	x23,f17	 f17:0xcf800000 x23=0x00000000
     235475.000 ns	     23546	80004994	10117653	fmul.s	f12,f2,f1	  f2:0x4f800000  f1:0x800003ff f12=0x89ffc000
     235495.000 ns	     23548	80004998	d0964117	auipc	x2,0xd0964	  x2=0x50968998
     235505.000 ns	     23549	8000499c	8ea34513	xori	x10,x6,-1814	  x6:0x1b8a898c x10=0xe4757166
     235515.000 ns	     23550	800049a0	01441b93	slli	x23,x8,0x14	  x8:0x00000000 x23=0x00000000
     235525.000 ns	     23551	800049a4	00ec67b3	or	x15,x24,x14	 x24:0x00000000 x14:0x00000000 x15=0x00000000
     235535.000 ns	     23552	800049a8	01f9d933	srl	x18,x19,x31	 x19:0x80041024 x31:0x00000000 x18=0x80041024
     235545.000 ns	     23553	800049ac	019c45b3	xor	x11,x24,x25	 x24:0x00000000 x25:0x00000000 x11=0x00000000
     235565.000 ns	     23555	800049b0	d012ccd3	fcvt.s.wu	f25,x5	  x5:0x00000000 f25=0x00000000
     235595.000 ns	     23558	800049b4	022d1fb3	mulh	x31,x26,x2	 x26:0xfffffee9  x2:0x50968998 x31=0xffffffa8
     235625.000 ns	     23561	800049b8	21502d53	fsgnjx.s	f26,f0,f21	  f0:0x7fc00000 f21:0xde3574c0 f26=0xffc00000
     235645.000 ns	     23563	800049bc	01c27933	and	x18,x4,x28	  x4:0x00000000 x28:0x7fffffff x18=0x00000000
     235655.000 ns	     23564	800049c0	01fd1413	slli	x8,x26,0x1f	 x26:0xfffffee9  x8=0x80000000
     235665.000 ns	     23565	800049c4	00a080b3	add	x1,x1,x10	  x1:0x00000040 x10:0xe4757166  x1=0xe47571a6
     235675.000 ns	     23566	800049c8	4dd56a37	lui	x20,0x4dd56	 x20=0x4dd56000
     235715.000 ns	     23570	800049cc	0843f253	fsub.s	f4,f7,f4	  f7:0x7fc00000  f4:0xffc00000  f4=0x7fc00000
     235745.000 ns	     23573	800049d0	0318f133	remu	x2,x17,x17	 x17:0x00000000 x17:0x00000000  x2=0x00000000
     235765.000 ns	     23575	800049d4	01eaeab3	or	x21,x21,x30	 x21:0x00000001 x30:0x00000000 x21=0x00000001
     235785.000 ns	     23577	800049d8	e00d8353	fmv.x.w	x6,f27	 f27:0x7f800000  x6=0x7f800000
     235805.000 ns	     23579	800049dc	00f8b6b3	sltu	x13,x17,x15	 x17:0x00000000 x15:0x00000000 x13=0x00000000
     235815.000 ns	     23580	800049e0	36f710b7	lui	x1,0x36f71	  x1=0x36f71000
     235825.000 ns	     23581	800049e4	6e994a37	lui	x20,0x6e994	 x20=0x6e994000
     235855.000 ns	     23584	800049e8	580f97d3	fsqrt.s	f15,f31	 f31:0x80000000 f15=0x80000000
     235885.000 ns	     23587	800049ec	02710d33	mul	x26,x2,x7	  x2:0x00000000  x7:0x00000000 x26=0x00000000
     235905.000 ns	     23589	800049f0	01479093	slli	x1,x15,0x14	 x15:0x00000000  x1=0x00000000
     235915.000 ns	     23590	800049f4	018adb13	srli	x22,x21,0x18	 x21:0x00000001 x22=0x00000000
     235935.000 ns	     23592	800049f8	21f222d3	fsgnjx.s	f5,f4,f31	  f4:0x7fc00000 f31:0x80000000  f5=0xffc00000
     235965.000 ns	     23595	800049fc	20049ad3	fsgnjn.s	f21,f9,f0	  f9:0xff800000  f0:0x7fc00000 f21=0xff800000
     235985.000 ns	     23597	80004a00	41b00033	sub	x0,x0,x27	  x0:0x00000000 x27:0x00000001
     235995.000 ns	     23598	80004a04	848e4297	auipc	x5,0x848e4	  x5=0x048e8a04
     236005.000 ns	     23599	80004a08	98b53c13	sltiu	x24,x10,-1653	 x10:0xe4757166 x24=0x00000001
     236015.000 ns	     23600	80004a0c	41a00cb3	sub	x25,x0,x26	  x0:0x00000000 x26:0x00000000 x25=0x00000000
     236025.000 ns	     23601	80004a10	00000013	addi	x0,x0,0	  x0:0x00000000
     236045.000 ns	     23603	80004a14	c00da653	fcvt.w.s	x12,f27	 f27:0x7f800000 x12=0x7fffffff
     236065.000 ns	     23605	80004a18	00d95db3	srl	x27,x18,x13	 x18:0x00000000 x13:0x00000000 x27=0x00000000
     236075.000 ns	     23606	80004a1c	01d56b33	or	x22,x10,x29	 x10:0xe4757166 x29:0x00000000 x22=0xe4757166
     236085.000 ns	     23607	80004a20	004f4f33	xor	x30,x30,x4	 x30:0x00000000  x4:0x00000000 x30=0x00000000
     236105.000 ns	     23609	80004a24	03e3a0b3	mulhsu	x1,x7,x30	  x7:0x00000000 x30:0x00000000  x1=0x00000000
     236125.000 ns	     23611	80004a28	0076a6b3	slt	x13,x13,x7	 x13:0x00000000  x7:0x00000000 x13=0x00000000
     236145.000 ns	     23613	80004a2c	a13d8653	fle.s	x12,f27,f19	 f27:0x7f800000 f19:0x00000000 x12=0x00000000
     236165.000 ns	     23615	80004a30	01d1d933	srl	x18,x3,x29	  x3:0x00000000 x29:0x00000000 x18=0x00000000
     236185.000 ns	     23617	80004a34	03bd3f33	mulhu	x30,x26,x27	 x26:0x00000000 x27:0x00000000 x30=0x00000000
     236205.000 ns	     23619	80004a38	00000013	addi	x0,x0,0	  x0:0x00000000
     236225.000 ns	     23621	80004a3c	202927d3	fsgnjx.s	f15,f18,f2	 f18:0x800003ff  f2:0x4f800000 f15=0x800003ff
     236255.000 ns	     23624	80004a40	d0149dd3	fcvt.s.wu	f27,x9	  x9:0x00000000 f27=0x00000000
     236275.000 ns	     23626	80004a44	6ec44d93	xori	x27,x8,1772	  x8:0x80000000 x27=0x800006ec
     236295.000 ns	     23628	80004a48	0220b333	mulhu	x6,x1,x2	  x1:0x00000000  x2:0x00000000  x6=0x00000000
     236315.000 ns	     23630	80004a4c	00000013	addi	x0,x0,0	  x0:0x00000000
     236325.000 ns	     23631	80004a50	9d559137	lui	x2,0x9d559	  x2=0x9d559000
     236345.000 ns	     23633	80004a54	a07e1b53	flt.s	x22,f28,f7	 f28:0x7fc00000  f7:0x7fc00000 x22=0x00000000
     236365.000 ns	     23635	80004a58	fd3d0693	addi	x13,x26,-45	 x26:0x00000000 x13=0xffffffd3
     236385.000 ns	     23637	80004a5c	29fd97d3	fmax.s	f15,f27,f31	 f27:0x00000000 f31:0x80000000 f15=0x00000000
     236405.000 ns	     23639	80004a60	01424f33	xor	x30,x4,x20	  x4:0x00000000 x20:0x6e994000 x30=0x6e994000
     236415.000 ns	     23640	80004a64	4bd6ec93	ori	x25,x13,1213	 x13:0xffffffd3 x25=0xffffffff
     236425.000 ns	     23641	80004a68	d5ced3b7	lui	x7,0xd5ced	  x7=0xd5ced000
     236445.000 ns	     23643	80004a6c	d0113753	fcvt.s.wu	f14,x2	  x2:0x9d559000 f14=0x4f1d5590
     236465.000 ns	     23645	80004a70	28404593	xori	x11,x0,644	  x0:0x00000000 x11=0x00000284
     236475.000 ns	     23646	80004a74	0111b0b3	sltu	x1,x3,x17	  x3:0x00000000 x17:0x00000000  x1=0x00000000
     236485.000 ns	     23647	80004a78	002f82b3	add	x5,x31,x2	 x31:0xffffffa8  x2:0x9d559000  x5=0x9d558fa8
     236495.000 ns	     23648	80004a7c	00c79513	slli	x10,x15,0xc	 x15:0x00000000 x10=0x00000000
     236505.000 ns	     23649	80004a80	00465e33	srl	x28,x12,x4	 x12:0x00000000  x4:0x00000000 x28=0x00000000
     236515.000 ns	     23650	80004a84	00558d33	add	x26,x11,x5	 x11:0x00000284  x5:0x9d558fa8 x26=0x9d55922c
     236535.000 ns	     23652	80004a88	02e69b33	mulh	x22,x13,x14	 x13:0xffffffd3 x14:0x00000000 x22=0x00000000
     236565.000 ns	     23655	80004a8c	c01dc053	fcvt.wu.s	x0,f27	 f27:0x00000000
     236595.000 ns	     23658	80004a90	f0070153	fmv.w.x	f2,x14	 x14:0x00000000  f2=0x00000000
     236645.000 ns	     23663	80004a94	00707f53	fadd.s	f30,f0,f7	  f0:0x7fc00000  f7:0x7fc00000 f30=0x7fc00000
     236695.000 ns	     23668	80004a98	0997a053	fsub.s	f0,f15,f25	 f15:0x00000000 f25:0x00000000  f0=0x80000000
     236715.000 ns	     23670	80004a9c	eea2b3b7	lui	x7,0xeea2b	  x7=0xeea2b000
     236725.000 ns	     23671	80004aa0	315c9937	lui	x18,0x315c9	 x18=0x315c9000
     236745.000 ns	     23673	80004aa4	c00c9ad3	fcvt.w.s	x21,f25	 f25:0x00000000 x21=0x00000000
     236765.000 ns	     23675	80004aa8	f046cc13	xori	x24,x13,-252	 x13:0xffffffd3 x24=0x000000d7
     236775.000 ns	     23676	80004aac	41cc04b3	sub	x9,x24,x28	 x24:0x00000001 x28:0x00000000  x9=0x000000d7
     236795.000 ns	     23678	80004ab0	03fa05b3	mul	x11,x20,x31	 x20:0x6e994000 x31:0xffffffa8 x11=0xfb520000
     236815.000 ns	     23680	80004ab4	00000013	addi	x0,x0,0	  x0:0x00000000
     236825.000 ns	     23681	80004ab8	2089c293	xori	x5,x19,520	 x19:0x80041024  x5=0x8004122c
     236835.000 ns	     23682	80004abc	01a3feb3	and	x29,x7,x26	  x7:0xeea2b000 x26:0x9d55922c x29=0x8c009000
     236845.000 ns	     23683	80004ac0	0daf84b7	lui	x9,0xdaf8	  x9=0x0daf8000
     236865.000 ns	     23685	80004ac4	025da333	mulhsu	x6,x27,x5	 x27:0x800006ec  x5:0x8004122c  x6=0xbffdfa60
     236895.000 ns	     23688	80004ac8	21002ed3	fsgnjx.s	f29,f0,f16	  f0:0x80000000 f16:0x6eb574c0 f29=0x80000000
     236925.000 ns	     23691	80004acc	e0050ed3	fmv.x.w	x29,f10	 f10:0x7fc00000 x29=0x7fc00000
     236945.000 ns	     23693	80004ad0	01680033	add	x0,x16,x22	 x16:0x80040fe4 x22:0x00000000
     236975.000 ns	     23696	80004ad4	580df6d3	fsqrt.s	f13,f27	 f27:0x00000000 f13=0x00000000
     237005.000 ns	     23699	80004ad8	02c2fd33	remu	x26,x5,x12	  x5:0x8004122c x12:0x00000000 x26=0x8004122c
     237375.000 ns	     23736	80004adc	02dffd33	remu	x26,x31,x13	 x31:0xffffffa8 x13:0xffffffd3 x26=0xffffffa8
     237395.000 ns	     23738	80004ae0	00c8c1b3	xor	x3,x17,x12	 x17:0x00000000 x12:0x00000000  x3=0x00000000
     237415.000 ns	     23740	80004ae4	02f604b3	mul	x9,x12,x15	 x12:0x00000000 x15:0x00000000  x9=0x00000000
     237435.000 ns	     23742	80004ae8	d7f1b293	sltiu	x5,x3,-641	  x3:0x00000000  x5=0x00000001
     237445.000 ns	     23743	80004aec	404d5013	srai	x0,x26,0x4	 x26:0xffffffa8
     237455.000 ns	     23744	80004af0	00045b13	srli	x22,x8,0x0	  x8:0x80000000 x22=0x80000000
     237465.000 ns	     23745	80004af4	00bef033	and	x0,x29,x11	 x29:0x7fc00000 x11:0xfb520000
     237485.000 ns	     23747	80004af8	f00e0253	fmv.w.x	f4,x28	 x28:0x00000000  f4=0x00000000
     237505.000 ns	     23749	80004afc	0013d413	srli	x8,x7,0x1	  x7:0xeea2b000  x8=0x77515800
     237515.000 ns	     23750	80004b00	403b81b3	sub	x3,x23,x3	 x23:0x00000000  x3:0x00000000  x3=0x00000000
     237535.000 ns	     23752	80004b04	02d7b1b3	mulhu	x3,x15,x13	 x15:0x00000000 x13:0xffffffd3  x3=0x00000000
     237555.000 ns	     23754	80004b08	00eeefb3	or	x31,x29,x14	 x29:0x7fc00000 x14:0x00000000 x31=0x7fc00000
     237575.000 ns	     23756	80004b0c	023578b3	remu	x17,x10,x3	 x10:0x00000000  x3:0x00000000 x17=0x00000000
     237595.000 ns	     23758	80004b10	01421d33	sll	x26,x4,x20	  x4:0x00000000 x20:0x6e994000 x26=0x00000000
     237615.000 ns	     23760	80004b14	c01640d3	fcvt.wu.s	x1,f12	 f12:0x89ffc000  x1=0x00000000
     237635.000 ns	     23762	80004b18	414e5533	sra	x10,x28,x20	 x28:0x00000000 x20:0x6e994000 x10=0x00000000
     237655.000 ns	     23764	80004b1c	28a20853	fmin.s	f16,f4,f10	  f4:0x00000000 f10:0x7fc00000 f16=0x00000000
     237685.000 ns	     23767	80004b20	287982d3	fmin.s	f5,f19,f7	 f19:0x00000000  f7:0x7fc00000  f5=0x00000000
     237705.000 ns	     23769	80004b24	67a4fb13	andi	x22,x9,1658	  x9:0x00000000 x22=0x00000000
     237715.000 ns	     23770	80004b28	a0356e93	ori	x29,x10,-1533	 x10:0x00000000 x29=0xfffffa03
     237735.000 ns	     23772	80004b2c	a0690cd3	fle.s	x25,f18,f6	 f18:0x800003ff  f6:0x7fc00000 x25=0x00000000
     237765.000 ns	     23775	80004b30	027512b3	mulh	x5,x10,x7	 x10:0x00000000  x7:0xeea2b000  x5=0x00000000
     237795.000 ns	     23778	80004b34	289a0253	fmin.s	f4,f20,f9	 f20:0x00000000  f9:0xff800000  f4=0xff800000
     237825.000 ns	     23781	80004b38	29b58b53	fmin.s	f22,f11,f27	 f11:0xcf7ffff8 f27:0x00000000 f22=0xcf7ffff8
     237855.000 ns	     23784	80004b3c	210a9f53	fsgnjn.s	f30,f21,f16	 f21:0xff800000 f16:0x00000000 f30=0xff800000
     237885.000 ns	     23787	80004b40	f00a8fd3	fmv.w.x	f31,x21	 x21:0x00000000 f31=0x00000000
     237905.000 ns	     23789	80004b44	00a69e13	slli	x28,x13,0xa	 x13:0xffffffd3 x28=0xffff4c00
     237915.000 ns	     23790	80004b48	3ed54593	xori	x11,x10,1005	 x10:0x00000000 x11=0x000003ed
     237945.000 ns	     23793	80004b4c	19dfc153	fdiv.s	f2,f31,f29	 f31:0x00000000 f29:0x80000000  f2=0x7fc00000
     237975.000 ns	     23796	80004b50	0200c2b3	div	x5,x1,x0	  x1:0x00000000  x0:0x00000000  x5=0xffffffff
     238005.000 ns	     23799	80004b54	c0182ed3	fcvt.wu.s	x29,f16	 f16:0x00000000 x29=0x00000000
     238035.000 ns	     23802	80004b58	21548ed3	fsgnj.s	f29,f9,f21	  f9:0xff800000 f21:0xff800000 f29=0xff800000
     238055.000 ns	     23804	80004b5c	40bc88b3	sub	x17,x25,x11	 x25:0x00000000 x11:0x000003ed x17=0xfffffc13
     238075.000 ns	     23806	80004b60	d012b6d3	fcvt.s.wu	f13,x5	  x5:0xffffffff f13=0x4f800000
     238095.000 ns	     23808	80004b64	01abf733	and	x14,x23,x26	 x23:0x00000000 x26:0x00000000 x14=0x00000000
     238115.000 ns	     23810	80004b68	0217e6b3	rem	x13,x15,x1	 x15:0x00000000  x1:0x00000000 x13=0x00000000
     238165.000 ns	     23815	80004b6c	09b48fd3	fsub.s	f31,f9,f27	  f9:0xff800000 f27:0x00000000 f31=0xff800000
     238215.000 ns	     23820	80004b70	00a4b8d3	fadd.s	f17,f9,f10	  f9:0xff800000 f10:0x7fc00000 f17=0x7fc00000
     238235.000 ns	     23822	80004b74	00c38133	add	x2,x7,x12	  x7:0xeea2b000 x12:0x00000000  x2=0xeea2b000
     238245.000 ns	     23823	80004b78	01ab9493	slli	x9,x23,0x1a	 x23:0x00000000  x9=0x00000000
     238255.000 ns	     23824	80004b7c	405357b3	sra	x15,x6,x5	  x6:0xbffdfa60  x5:0xffffffff x15=0xffffffff
     238265.000 ns	     23825	80004b80	019e1bb3	sll	x23,x28,x25	 x28:0xffff4c00 x25:0x00000000 x23=0xffff4c00
     238285.000 ns	     23827	80004b84	02d81733	mulh	x14,x16,x13	 x16:0x80040fe4 x13:0x00000000 x14=0x00000000
     238315.000 ns	     23830	80004b88	216f9e53	fsgnjn.s	f28,f31,f22	 f31:0xff800000 f22:0xcf7ffff8 f28=0x7f800000
     238335.000 ns	     23832	80004b8c	41975c93	srai	x25,x14,0x19	 x14:0x00000000 x25=0x00000000
     238345.000 ns	     23833	80004b90	00a00333	add	x6,x0,x10	  x0:0x00000000 x10:0x00000000  x6=0x00000000
     238365.000 ns	     23835	80004b94	21462853	fsgnjx.s	f16,f12,f20	 f12:0x89ffc000 f20:0x00000000 f16=0x89ffc000
     238395.000 ns	     23838	80004b98	21831bd3	fsgnjn.s	f23,f6,f24	  f6:0x7fc00000 f24:0x7fc00000 f23=0xffc00000
     238425.000 ns	     23841	80004b9c	e00b8f53	fmv.x.w	x30,f23	 f23:0x7f800000 x30=0xffc00000
     238455.000 ns	     23844	80004ba0	e0029bd3	fclass.s	x23,f5	  f5:0x00000000 x23=0x00000010
     238475.000 ns	     23846	80004ba4	9015ec13	ori	x24,x11,-1791	 x11:0x000003ed x24=0xfffffbed
     238835.000 ns	     23882	80004ba8	034f73b3	remu	x7,x30,x20	 x30:0xffc00000 x20:0x6e994000  x7=0x228d8000
     238865.000 ns	     23885	80004bac	d00ffc53	fcvt.s.w	f24,x31	 x31:0x7fc00000 f24=0x4eff8000
     238885.000 ns	     23887	80004bb0	01537d33	and	x26,x6,x21	  x6:0x00000000 x21:0x00000000 x26=0x00000000
     238905.000 ns	     23889	80004bb4	28ca9ed3	fmax.s	f29,f21,f12	 f21:0xff800000 f12:0x89ffc000 f29=0x89ffc000
     238935.000 ns	     23892	80004bb8	e0098453	fmv.x.w	x8,f19	 f19:0x00000000  x8=0x00000000
     238965.000 ns	     23895	80004bbc	d00623d3	fcvt.s.w	f7,x12	 x12:0x00000000  f7=0x00000000
     238995.000 ns	     23898	80004bc0	02dcfeb3	remu	x29,x25,x13	 x25:0x00000000 x13:0x00000000 x29=0x00000000
     239015.000 ns	     23900	80004bc4	52cf6893	ori	x17,x30,1324	 x30:0xffc00000 x17=0xffc0052c
     239045.000 ns	     23903	80004bc8	101cfa53	fmul.s	f20,f25,f1	 f25:0x00000000  f1:0x800003ff f20=0x80000000
     239075.000 ns	     23906	80004bcc	034f98b3	mulh	x17,x31,x20	 x31:0x7fc00000 x20:0x6e994000 x17=0x3730f9b0
     239105.000 ns	     23909	80004bd0	2079acd3	fsgnjx.s	f25,f19,f7	 f19:0x00000000  f7:0x00000000 f25=0x00000000
     239125.000 ns	     23911	80004bd4	5b8c5f97	auipc	x31,0x5b8c5	 x31=0xdb8c9bd4
     239135.000 ns	     23912	80004bd8	0045de93	srli	x29,x11,0x4	 x11:0x000003ed x29=0x0000003e
     239145.000 ns	     23913	80004bdc	00ae0f33	add	x30,x28,x10	 x28:0xffff4c00 x10:0x00000000 x30=0xffff4c00
     239155.000 ns	     23914	80004be0	00b15b13	srli	x22,x2,0xb	  x2:0xeea2b000 x22=0x001dd456
     239175.000 ns	     23916	80004be4	033b04b3	mul	x9,x22,x19	 x22:0x00000000 x19:0x80041024  x9=0x32cf3c18
     239195.000 ns	     23918	80004be8	00c9fdb3	and	x27,x19,x12	 x19:0x80041024 x12:0x00000000 x27=0x00000000
     239225.000 ns	     23921	80004bec	19abf953	fdiv.s	f18,f23,f26	 f23:0xffc00000 f26:0xffc00000 f18=0x7fc00000
     239245.000 ns	     23923	80004bf0	c3ac0b93	addi	x23,x24,-966	 x24:0xfffffbed x23=0xfffff827
     239255.000 ns	     23924	80004bf4	a8b36393	ori	x7,x6,-1397	  x6:0x00000000  x7=0xfffffa8b
     239265.000 ns	     23925	80004bf8	00d060b3	or	x1,x0,x13	  x0:0x00000000 x13:0x00000000  x1=0x00000000
     239275.000 ns	     23926	80004bfc	01e39913	slli	x18,x7,0x1e	  x7:0x228d8000 x18=0xc0000000
     239295.000 ns	     23928	80004c00	d0007f53	fcvt.s.w	f30,x0	  x0:0x00000000 f30=0x00000000
     239325.000 ns	     23931	80004c04	a1f48e53	fle.s	x28,f9,f31	  f9:0xff800000 f31:0xff800000 x28=0x00000001
     239345.000 ns	     23933	80004c08	00be8a33	add	x20,x29,x11	 x29:0x0000003e x11:0x000003ed x20=0x0000042b
     239365.000 ns	     23935	80004c0c	c00ef5d3	fcvt.w.s	x11,f29	 f29:0x89ffc000 x11=0x00000000
     239395.000 ns	     23938	80004c10	03a36533	rem	x10,x6,x26	  x6:0x00000000 x26:0x00000000 x10=0x00000000
     239425.000 ns	     23941	80004c14	026824b3	mulhsu	x9,x16,x6	 x16:0x80040fe4  x6:0x00000000  x9=0x00000000
     239455.000 ns	     23944	80004c18	0284b6b3	mulhu	x13,x9,x8	  x9:0x32cf3c18  x8:0x00000000 x13=0x00000000
     239485.000 ns	     23947	80004c1c	a0c82dd3	feq.s	x27,f16,f12	 f16:0x89ffc000 f12:0x89ffc000 x27=0x00000001
     239515.000 ns	     23950	80004c20	c0189653	fcvt.wu.s	x12,f17	 f17:0x7fc00000 x12=0xffffffff
     239545.000 ns	     23953	80004c24	a08fa0d3	feq.s	x1,f31,f8	 f31:0xff800000  f8:0x4f7ffff8  x1=0x00000000
     239595.000 ns	     23958	80004c28	01dd16d3	fadd.s	f13,f26,f29	 f26:0xffc00000 f29:0x89ffc000 f13=0x7fc00000
     239635.000 ns	     23962	80004c2c	114c76d3	fmul.s	f13,f24,f20	 f24:0x4eff8000 f20:0x80000000 f13=0x80000000
     239655.000 ns	     23964	80004c30	cbcc8297	auipc	x5,0xcbcc8	  x5=0x4bcccc30
     239665.000 ns	     23965	80004c34	4c2ce513	ori	x10,x25,1218	 x25:0x00000000 x10=0x000004c2
     239685.000 ns	     23967	80004c38	02003b33	mulhu	x22,x0,x0	  x0:0x00000000  x0:0x00000000 x22=0x00000000
     239715.000 ns	     23970	80004c3c	036d9ab3	mulh	x21,x27,x22	 x27:0x00000001 x22:0x001dd456 x21=0x00000000
     239745.000 ns	     23973	80004c40	035e9bb3	mulh	x23,x29,x21	 x29:0x0000003e x21:0x00000000 x23=0x00000000
     239775.000 ns	     23976	80004c44	0239f6b3	remu	x13,x19,x3	 x19:0x80041024  x3:0x00000000 x13=0x80041024
     239795.000 ns	     23978	80004c48	01379693	slli	x13,x15,0x13	 x15:0xffffffff x13=0xfff80000
     239805.000 ns	     23979	80004c4c	0016d7b3	srl	x15,x13,x1	 x13:0x80041024  x1:0x00000000 x15=0xfff80000
     240165.000 ns	     24015	80004c50	03b955b3	divu	x11,x18,x27	 x18:0xc0000000 x27:0x00000001 x11=0xc0000000
     240205.000 ns	     24019	80004c54	19e4ba53	fdiv.s	f20,f9,f30	  f9:0xff800000 f30:0x00000000 f20=0xff800000
     240575.000 ns	     24056	80004c58	031e4f33	div	x30,x28,x17	 x28:0x00000001 x17:0x3730f9b0 x30=0x00000000
     240605.000 ns	     24059	80004c5c	a02428d3	feq.s	x17,f8,f2	  f8:0x4f7ffff8  f2:0x7fc00000 x17=0x00000000
     240635.000 ns	     24062	80004c60	d0198c53	fcvt.s.wu	f24,x19	 x19:0x80041024 f24=0x4f000410
     240655.000 ns	     24064	80004c64	9678ae97	auipc	x29,0x9678a	 x29=0x1678ec64
     240665.000 ns	     24065	80004c68	41545333	sra	x6,x8,x21	  x8:0x00000000 x21:0x00000000  x6=0x00000000
     240685.000 ns	     24067	80004c6c	03520bb3	mul	x23,x4,x21	  x4:0x00000000 x21:0x00000000 x23=0x00000000
     240705.000 ns	     24069	80004c70	f63e7e13	andi	x28,x28,-157	 x28:0x00000001 x28=0x00000001
     241065.000 ns	     24105	80004c74	03c06033	rem	x0,x0,x28	  x0:0x00000000 x28:0x00000001
     241095.000 ns	     24108	80004c78	c001f753	fcvt.w.s	x14,f3	  f3:0x00000000 x14=0x00000000
     241115.000 ns	     24110	80004c7c	411f0633	sub	x12,x30,x17	 x30:0x00000000 x17:0x00000000 x12=0x00000000
     241125.000 ns	     24111	80004c80	01e11a33	sll	x20,x2,x30	  x2:0xeea2b000 x30:0x00000000 x20=0xeea2b000
     241145.000 ns	     24113	80004c84	294517d3	fmax.s	f15,f10,f20	 f10:0x7fc00000 f20:0xff800000 f15=0xff800000
     241165.000 ns	     24115	80004c88	00805f93	srli	x31,x0,0x8	  x0:0x00000000 x31=0x00000000
     241175.000 ns	     24116	80004c8c	00000013	addi	x0,x0,0	  x0:0x00000000
     241195.000 ns	     24118	80004c90	0233e533	rem	x10,x7,x3	  x7:0xfffffa8b  x3:0x00000000 x10=0xfffffa8b
     241225.000 ns	     24121	80004c94	28e78353	fmin.s	f6,f15,f14	 f15:0xff800000 f14:0x4f1d5590  f6=0xff800000
     241275.000 ns	     24126	80004c98	01457453	fadd.s	f8,f10,f20	 f10:0x7fc00000 f20:0xff800000  f8=0x7fc00000
     241295.000 ns	     24128	80004c9c	00000013	addi	x0,x0,0	  x0:0x00000000
     241305.000 ns	     24129	80004ca0	0190dc93	srli	x25,x1,0x19	  x1:0x00000000 x25=0x00000000
     241315.000 ns	     24130	80004ca4	c9130393	addi	x7,x6,-879	  x6:0x00000000  x7=0xfffffc91
     241325.000 ns	     24131	80004ca8	07eeb417	auipc	x8,0x7eeb	  x8=0x87eefca8
     241335.000 ns	     24132	80004cac	00f65c33	srl	x24,x12,x15	 x12:0x00000000 x15:0xfff80000 x24=0x00000000
     241345.000 ns	     24133	80004cb0	00055eb3	srl	x29,x10,x0	 x10:0xfffffa8b  x0:0x00000000 x29=0xfffffa8b
     241705.000 ns	     24169	80004cb4	03b94a33	div	x20,x18,x27	 x18:0xc0000000 x27:0x00000001 x20=0xc0000000
     241735.000 ns	     24172	80004cb8	c006b653	fcvt.w.s	x12,f13	 f13:0x80000000 x12=0x00000000
     241755.000 ns	     24174	80004cbc	017d9b13	slli	x22,x27,0x17	 x27:0x00000001 x22=0x00800000
     242115.000 ns	     24210	80004cc0	02f1d6b3	divu	x13,x3,x15	  x3:0x00000000 x15:0xfff80000 x13=0x00000000
     242145.000 ns	     24213	80004cc4	20aa04d3	fsgnj.s	f9,f20,f10	 f20:0xff800000 f10:0x7fc00000  f9=0x7f800000
     242165.000 ns	     24215	80004cc8	88da6497	auipc	x9,0x88da6	  x9=0x08daacc8
     242175.000 ns	     24216	80004ccc	413d5b33	sra	x22,x26,x19	 x26:0x00000000 x19:0x80041024 x22=0x00000000
     242195.000 ns	     24218	80004cd0	03685db3	divu	x27,x16,x22	 x16:0x80040fe4 x22:0x00800000 x27=0xffffffff
     242215.000 ns	     24220	80004cd4	01071313	slli	x6,x14,0x10	 x14:0x00000000  x6=0x00000000
     242225.000 ns	     24221	80004cd8	01f213b3	sll	x7,x4,x31	  x4:0x00000000 x31:0x00000000  x7=0x00000000
     242235.000 ns	     24222	80004cdc	eda2e637	lui	x12,0xeda2e	 x12=0xeda2e000
     242245.000 ns	     24223	80004ce0	d6d02113	slti	x2,x0,-659	  x0:0x00000000  x2=0x00000000
     242255.000 ns	     24224	80004ce4	41da5933	sra	x18,x20,x29	 x20:0xc0000000 x29:0xfffffa8b x18=0xfff80000
     242265.000 ns	     24225	80004ce8	7590e793	ori	x15,x1,1881	  x1:0x00000000 x15=0x00000759
     242285.000 ns	     24227	80004cec	215784d3	fsgnj.s	f9,f15,f21	 f15:0xff800000 f21:0xff800000  f9=0xff800000
     242305.000 ns	     24229	80004cf0	a3c1c393	xori	x7,x3,-1476	  x3:0x00000000  x7=0xfffffa3c
     242315.000 ns	     24230	80004cf4	bf5d9717	auipc	x14,0xbf5d9	 x14=0x3f5ddcf4
     242335.000 ns	     24232	80004cf8	d015fdd3	fcvt.s.wu	f27,x11	 x11:0xc0000000 f27=0x4f400000
     242365.000 ns	     24235	80004cfc	0381e433	rem	x8,x3,x24	  x3:0x00000000 x24:0x00000000  x8=0x00000000
     242395.000 ns	     24238	80004d00	e00f96d3	fclass.s	x13,f31	 f31:0xff800000 x13=0x00000001
     242435.000 ns	     24242	80004d04	5802f6d3	fsqrt.s	f13,f5	  f5:0x00000000 f13=0x00000000
     242455.000 ns	     24244	80004d08	da4db493	sltiu	x9,x27,-604	 x27:0xffffffff  x9=0x00000000
     242465.000 ns	     24245	80004d0c	004a96b3	sll	x13,x21,x4	 x21:0x00000000  x4:0x00000000 x13=0x00000000
     242475.000 ns	     24246	80004d10	000370b3	and	x1,x6,x0	  x6:0x00000000  x0:0x00000000  x1=0x00000000
     242485.000 ns	     24247	80004d14	01755ab3	srl	x21,x10,x23	 x10:0xfffffa8b x23:0x00000000 x21=0xfffffa8b
     242505.000 ns	     24249	80004d18	d01c7b53	fcvt.s.wu	f22,x24	 x24:0x00000000 f22=0x00000000
     242545.000 ns	     24253	80004d1c	19257553	fdiv.s	f10,f10,f18	 f10:0x7fc00000 f18:0x7fc00000 f10=0x7fc00000
     242575.000 ns	     24256	80004d20	216708d3	fsgnj.s	f17,f14,f22	 f14:0x4f1d5590 f22:0x00000000 f17=0x4f1d5590
     242595.000 ns	     24258	80004d24	d893e893	ori	x17,x7,-631	  x7:0xfffffa3c x17=0xffffffbd
     242605.000 ns	     24259	80004d28	1c5e2617	auipc	x12,0x1c5e2	 x12=0x9c5e6d28
     242625.000 ns	     24261	80004d2c	d00fcb53	fcvt.s.w	f22,x31	 x31:0x00000000 f22=0x00000000
     242655.000 ns	     24264	80004d30	024e51b3	divu	x3,x28,x4	 x28:0x00000001  x4:0x00000000  x3=0xffffffff
     242685.000 ns	     24267	80004d34	c009ae53	fcvt.w.s	x28,f19	 f19:0x00000000 x28=0x00000000
     242705.000 ns	     24269	80004d38	25756013	ori	x0,x10,599	 x10:0xfffffa8b
     242715.000 ns	     24270	80004d3c	0ffa7597	auipc	x11,0xffa7	 x11=0x8ffabd3c
     242725.000 ns	     24271	80004d40	01792733	slt	x14,x18,x23	 x18:0xfff80000 x23:0x00000000 x14=0x00000001
     242735.000 ns	     24272	80004d44	01cb0ab3	add	x21,x22,x28	 x22:0x00000000 x28:0x00000000 x21=0x00000000
     242745.000 ns	     24273	80004d48	0008c7b3	xor	x15,x17,x0	 x17:0xffffffbd  x0:0x00000000 x15=0xffffffbd
     242755.000 ns	     24274	80004d4c	e2e44393	xori	x7,x8,-466	  x8:0x00000000  x7=0xfffffe2e
     242775.000 ns	     24276	80004d50	20b00053	fsgnj.s	f0,f0,f11	  f0:0x80000000 f11:0xcf7ffff8  f0=0x80000000
     242805.000 ns	     24279	80004d54	290e86d3	fmin.s	f13,f29,f16	 f29:0x89ffc000 f16:0x89ffc000 f13=0x89ffc000
     242855.000 ns	     24284	80004d58	0128f353	fadd.s	f6,f17,f18	 f17:0x4f1d5590 f18:0x7fc00000  f6=0x7fc00000
     242885.000 ns	     24287	80004d5c	03f5ddb3	divu	x27,x11,x31	 x11:0x8ffabd3c x31:0x00000000 x27=0xffffffff
     242915.000 ns	     24290	80004d60	023d22b3	mulhsu	x5,x26,x3	 x26:0x00000000  x3:0xffffffff  x5=0x00000000
     242955.000 ns	     24294	80004d64	580d7fd3	fsqrt.s	f31,f26	 f26:0xffc00000 f31=0x7fc00000
     242985.000 ns	     24297	80004d68	d0113753	fcvt.s.wu	f14,x2	  x2:0x00000000 f14=0x00000000
     243005.000 ns	     24299	80004d6c	40a65593	srai	x11,x12,0xa	 x12:0x9c5e6d28 x11=0xffe7179b
     243015.000 ns	     24300	80004d70	003422b3	slt	x5,x8,x3	  x8:0x00000000  x3:0xffffffff  x5=0x00000000
     243025.000 ns	     24301	80004d74	400e05b3	sub	x11,x28,x0	 x28:0x00000000  x0:0x00000000 x11=0x00000000
     243035.000 ns	     24302	80004d78	0167ed33	or	x26,x15,x22	 x15:0xffffffbd x22:0x00000000 x26=0xffffffbd
     243055.000 ns	     24304	80004d7c	d01008d3	fcvt.s.wu	f17,x0	  x0:0x00000000 f17=0x00000000
     243075.000 ns	     24306	80004d80	c2397713	andi	x14,x18,-989	 x18:0xfff80000 x14=0xfff80000
     243085.000 ns	     24307	80004d84	01d073b3	and	x7,x0,x29	  x0:0x00000000 x29:0xfffffa8b  x7=0x00000000
     243105.000 ns	     24309	80004d88	d0092653	fcvt.s.w	f12,x18	 x18:0xfff80000 f12=0xc9000000
     243125.000 ns	     24311	80004d8c	b2b0ee13	ori	x28,x1,-1237	  x1:0x00000000 x28=0xfffffb2b
     243165.000 ns	     24315	80004d90	09831ad3	fsub.s	f21,f6,f24	  f6:0x7fc00000 f24:0x4f000410 f21=0x7fc00000
     243195.000 ns	     24318	80004d94	a0208cd3	fle.s	x25,f1,f2	  f1:0x800003ff  f2:0x7fc00000 x25=0x00000000
     243215.000 ns	     24320	80004d98	a05be017	auipc	x0,0xa05be	
     243235.000 ns	     24322	80004d9c	f0088553	fmv.w.x	f10,x17	 x17:0xffffffbd f10=0xffffffbd
     243265.000 ns	     24325	80004da0	03460b33	mul	x22,x12,x20	 x12:0x9c5e6d28 x20:0xc0000000 x22=0x00000000
     243295.000 ns	     24328	80004da4	d00696d3	fcvt.s.w	f13,x13	 x13:0x00000000 f13=0x00000000
     243325.000 ns	     24331	80004da8	02489933	mulh	x18,x17,x4	 x17:0xffffffbd  x4:0x00000000 x18=0x00000000
     243355.000 ns	     24334	80004dac	21441453	fsgnjn.s	f8,f8,f20	  f8:0x7fc00000 f20:0xff800000  f8=0x7fc00000
     243385.000 ns	     24337	80004db0	207b2ad3	fsgnjx.s	f21,f22,f7	 f22:0x00000000  f7:0x00000000 f21=0x00000000
     243415.000 ns	     24340	80004db4	d016fb53	fcvt.s.wu	f22,x13	 x13:0x00000000 f22=0x00000000
     243435.000 ns	     24342	80004db8	000adf93	srli	x31,x21,0x0	 x21:0x00000000 x31=0x00000000
     243455.000 ns	     24344	80004dbc	0289f4b3	remu	x9,x19,x8	 x19:0x80041024  x8:0x00000000  x9=0x80041024
     243475.000 ns	     24346	80004dc0	00975593	srli	x11,x14,0x9	 x14:0xfff80000 x11=0x007ffc00
     243485.000 ns	     24347	80004dc4	001311b3	sll	x3,x6,x1	  x6:0x00000000  x1:0x00000000  x3=0x00000000
     243495.000 ns	     24348	80004dc8	01968a33	add	x20,x13,x25	 x13:0x00000000 x25:0x00000000 x20=0x00000000
     243855.000 ns	     24384	80004dcc	02b36ab3	rem	x21,x6,x11	  x6:0x00000000 x11:0x007ffc00 x21=0x00000000
     243875.000 ns	     24386	80004dd0	405d8d33	sub	x26,x27,x5	 x27:0xffffffff  x5:0x00000000 x26=0xffffffff
     243895.000 ns	     24388	80004dd4	a06792d3	flt.s	x5,f15,f6	 f15:0xff800000  f6:0x7fc00000  x5=0x00000000
     243915.000 ns	     24390	80004dd8	0138ec33	or	x24,x17,x19	 x17:0xffffffbd x19:0x80041024 x24=0xffffffbd
     243935.000 ns	     24392	80004ddc	e0030e53	fmv.x.w	x28,f6	  f6:0x7fc00000 x28=0x7fc00000
     243965.000 ns	     24395	80004de0	03b9bd33	mulhu	x26,x19,x27	 x19:0x80041024 x27:0xffffffff x26=0x80041023
     243995.000 ns	     24398	80004de4	a15a03d3	fle.s	x7,f20,f21	 f20:0xff800000 f21:0x00000000  x7=0x00000001
     244025.000 ns	     24401	80004de8	296200d3	fmin.s	f1,f4,f22	  f4:0xff800000 f22:0x00000000  f1=0xff800000
     244055.000 ns	     24404	80004dec	0344e4b3	rem	x9,x9,x20	  x9:0x80041024 x20:0x00000000  x9=0x80041024
     244075.000 ns	     24406	80004df0	47e5a1b7	lui	x3,0x47e5a	  x3=0x47e5a000
     244095.000 ns	     24408	80004df4	205180d3	fsgnj.s	f1,f3,f5	  f3:0x00000000  f5:0x00000000  f1=0x00000000
     244115.000 ns	     24410	80004df8	67f3fe17	auipc	x28,0x67f3f	 x28=0xe7f43df8
     244155.000 ns	     24414	80004dfc	018ea053	fadd.s	f0,f29,f24	 f29:0x89ffc000 f24:0x4f000410  f0=0x4f000410
     244175.000 ns	     24416	80004e00	01d0afb3	slt	x31,x1,x29	  x1:0x00000000 x29:0xfffffa8b x31=0x00000000
     244185.000 ns	     24417	80004e04	401c8db3	sub	x27,x25,x1	 x25:0x00000000  x1:0x00000000 x27=0x00000000
     244225.000 ns	     24421	80004e08	09dff4d3	fsub.s	f9,f31,f29	 f31:0x7fc00000 f29:0x89ffc000  f9=0x7fc00000
     244255.000 ns	     24424	80004e0c	a1240cd3	fle.s	x25,f8,f18	  f8:0x7fc00000 f18:0x7fc00000 x25=0x00000000
     244275.000 ns	     24426	80004e10	01ec5cb3	srl	x25,x24,x30	 x24:0xffffffbd x30:0x00000000 x25=0xffffffbd
     244635.000 ns	     24462	80004e14	02e346b3	div	x13,x6,x14	  x6:0x00000000 x14:0xfff80000 x13=0x00000000
     245005.000 ns	     24499	80004e18	0270eab3	rem	x21,x1,x7	  x1:0x00000000  x7:0x00000001 x21=0x00000000
     245025.000 ns	     24501	80004e1c	a84ebab7	lui	x21,0xa84eb	 x21=0xa84eb000
     245035.000 ns	     24502	80004e20	886a3e13	sltiu	x28,x20,-1914	 x20:0x00000000 x28=0x00000001
     245055.000 ns	     24504	80004e24	c009ffd3	fcvt.w.s	x31,f19	 f19:0x00000000 x31=0x00000000
     245085.000 ns	     24507	80004e28	d0160cd3	fcvt.s.wu	f25,x12	 x12:0x9c5e6d28 f25=0x4f1c5e6d
     245105.000 ns	     24509	80004e2c	01798633	add	x12,x19,x23	 x19:0x80041024 x23:0x00000000 x12=0x80041024
     245125.000 ns	     24511	80004e30	c00ef3d3	fcvt.w.s	x7,f29	 f29:0x89ffc000  x7=0x00000000
     245155.000 ns	     24514	80004e34	02371c33	mulh	x24,x14,x3	 x14:0xfff80000  x3:0x47e5a000 x24=0xfffdc0d3
     245185.000 ns	     24517	80004e38	d00b7dd3	fcvt.s.w	f27,x22	 x22:0x00000000 f27=0x00000000
     245205.000 ns	     24519	80004e3c	b1788113	addi	x2,x17,-1257	 x17:0xffffffbd  x2=0xfffffad4
     245225.000 ns	     24521	80004e40	212003d3	fsgnj.s	f7,f0,f18	  f0:0x4f000410 f18:0x7fc00000  f7=0x4f000410
     245245.000 ns	     24523	80004e44	00f9ef33	or	x30,x19,x15	 x19:0x80041024 x15:0xffffffbd x30=0xffffffbd
     245265.000 ns	     24525	80004e48	0327d733	divu	x14,x15,x18	 x15:0xffffffbd x18:0x00000000 x14=0xffffffff
     245295.000 ns	     24528	80004e4c	027b9db3	mulh	x27,x23,x7	 x23:0x00000000  x7:0x00000000 x27=0x00000000
     245315.000 ns	     24530	80004e50	009ca1b3	slt	x3,x25,x9	 x25:0xffffffbd  x9:0x80041024  x3=0x00000000
     245325.000 ns	     24531	80004e54	01ec2133	slt	x2,x24,x30	 x24:0xfffdc0d3 x30:0xffffffbd  x2=0x00000001
     245355.000 ns	     24534	80004e58	5809fd53	fsqrt.s	f26,f19	 f19:0x00000000 f26=0x00000000
     245385.000 ns	     24537	80004e5c	d01677d3	fcvt.s.wu	f15,x12	 x12:0x80041024 f15=0x4f000410
     245405.000 ns	     24539	80004e60	01135a33	srl	x20,x6,x17	  x6:0x00000000 x17:0xffffffbd x20=0x00000000
     245425.000 ns	     24541	80004e64	037e7d33	remu	x26,x28,x23	 x28:0x00000001 x23:0x00000000 x26=0x00000001
     245445.000 ns	     24543	80004e68	e6b36713	ori	x14,x6,-405	  x6:0x00000000 x14=0xfffffe6b
     245465.000 ns	     24545	80004e6c	033d15b3	mulh	x11,x26,x19	 x26:0x00000001 x19:0x80041024 x11=0xffffffff
     245505.000 ns	     24549	80004e70	11c0f053	fmul.s	f0,f1,f28	  f1:0x00000000 f28:0x7f800000  f0=0x7fc00000
     245535.000 ns	     24552	80004e74	21fd27d3	fsgnjx.s	f15,f26,f31	 f26:0x00000000 f31:0x7fc00000 f15=0x00000000
     245555.000 ns	     24554	80004e78	219ee593	ori	x11,x29,537	 x29:0xfffffa8b x11=0xfffffa9b
     245915.000 ns	     24590	80004e7c	02c3ea33	rem	x20,x7,x12	  x7:0x00000000 x12:0x80041024 x20=0x00000000
     245945.000 ns	     24593	80004e80	02329b33	mulh	x22,x5,x3	  x5:0x00000000  x3:0x00000000 x22=0x00000000
     245975.000 ns	     24596	80004e84	02e701b3	mul	x3,x14,x14	 x14:0xfffffe6b x14:0xfffffe6b  x3=0x000280b9
     245995.000 ns	     24598	80004e88	00000013	addi	x0,x0,0	  x0:0x00000000
     246015.000 ns	     24600	80004e8c	21cd0bd3	fsgnj.s	f23,f26,f28	 f26:0x00000000 f28:0x7f800000 f23=0x00000000
     246065.000 ns	     24605	80004e90	081bca53	fsub.s	f20,f23,f1	 f23:0xffc00000  f1:0x00000000 f20=0x80000000
     246095.000 ns	     24608	80004e94	02ff2bb3	mulhsu	x23,x30,x15	 x30:0xffffffbd x15:0xffffffbd x23=0xffffffbd
     246125.000 ns	     24611	80004e98	0257d8b3	divu	x17,x15,x5	 x15:0xffffffbd  x5:0x00000000 x17=0xffffffff
     246155.000 ns	     24614	80004e9c	28cb0d53	fmin.s	f26,f22,f12	 f22:0x00000000 f12:0xc9000000 f26=0xc9000000
     246175.000 ns	     24616	80004ea0	ce29ca13	xori	x20,x19,-798	 x19:0x80041024 x20=0x7ffbecc6
     246195.000 ns	     24618	80004ea4	e00e07d3	fmv.x.w	x15,f28	 f28:0x7f800000 x15=0x7f800000
     246225.000 ns	     24621	80004ea8	03247ab3	remu	x21,x8,x18	  x8:0x00000000 x18:0x00000000 x21=0x00000000
     246255.000 ns	     24624	80004eac	28750d53	fmin.s	f26,f10,f7	 f10:0xffffffbd  f7:0x4f000410 f26=0x4f000410
     246285.000 ns	     24627	80004eb0	e0068f53	fmv.x.w	x30,f13	 f13:0x00000000 x30=0x00000000
     246315.000 ns	     24630	80004eb4	024c32b3	mulhu	x5,x24,x4	 x24:0xfffdc0d3  x4:0x00000000  x5=0x00000000
     246345.000 ns	     24633	80004eb8	a01b0f53	fle.s	x30,f22,f1	 f22:0x00000000  f1:0x00000000 x30=0x00000001
     246365.000 ns	     24635	80004ebc	003b67b3	or	x15,x22,x3	 x22:0x00000000  x3:0x000280b9 x15=0x000280b9
     246395.000 ns	     24638	80004ec0	11d2fe53	fmul.s	f28,f5,f29	  f5:0x00000000 f29:0x89ffc000 f28=0x80000000
     246415.000 ns	     24640	80004ec4	0163a733	slt	x14,x7,x22	  x7:0x00000000 x22:0x00000000 x14=0x00000000
     246425.000 ns	     24641	80004ec8	4007d893	srai	x17,x15,0x0	 x15:0x000280b9 x17=0x000280b9
     246455.000 ns	     24644	80004ecc	10bd0bd3	fmul.s	f23,f26,f11	 f26:0x4f000410 f11:0xcf7ffff8 f23=0xdf00040c
     246475.000 ns	     24646	80004ed0	6350bb97	auipc	x23,0x6350b	 x23=0xe350fed0
     246495.000 ns	     24648	80004ed4	a1f59453	flt.s	x8,f11,f31	 f11:0xcf7ffff8 f31:0x7fc00000  x8=0x00000000
     246525.000 ns	     24651	80004ed8	f00a80d3	fmv.w.x	f1,x21	 x21:0x00000000  f1=0x00000000
     246555.000 ns	     24654	80004edc	03cb0e33	mul	x28,x22,x28	 x22:0x00000000 x28:0x00000001 x28=0x00000000
     246585.000 ns	     24657	80004ee0	d00b7b53	fcvt.s.w	f22,x22	 x22:0x00000000 f22=0x00000000
     246625.000 ns	     24661	80004ee4	196170d3	fdiv.s	f1,f2,f22	  f2:0x7fc00000 f22:0x00000000  f1=0x7fc00000
     246645.000 ns	     24663	80004ee8	40745f33	sra	x30,x8,x7	  x8:0x00000000  x7:0x00000000 x30=0x00000000
     246655.000 ns	     24664	80004eec	4099d533	sra	x10,x19,x9	 x19:0x80041024  x9:0x80041024 x10=0xf8004102
     246675.000 ns	     24666	80004ef0	f00e86d3	fmv.w.x	f13,x29	 x29:0xfffffa8b f13=0xfffffa8b
     246705.000 ns	     24669	80004ef4	a0be16d3	flt.s	x13,f28,f11	 f28:0x80000000 f11:0xcf7ffff8 x13=0x00000000
     246725.000 ns	     24671	80004ef8	0167aab3	slt	x21,x15,x22	 x15:0x000280b9 x22:0x00000000 x21=0x00000000
     246735.000 ns	     24672	80004efc	c8352b13	slti	x22,x10,-893	 x10:0xf8004102 x22=0x00000001
     246755.000 ns	     24674	80004f00	f00d85d3	fmv.w.x	f11,x27	 x27:0x00000000 f11=0x00000000
     246775.000 ns	     24676	80004f04	01e88333	add	x6,x17,x30	 x17:0x000280b9 x30:0x00000000  x6=0x000280b9
     246785.000 ns	     24677	80004f08	f2b16693	ori	x13,x2,-213	  x2:0x00000001 x13=0xffffff2b
     246805.000 ns	     24679	80004f0c	c01781d3	fcvt.wu.s	x3,f15	 f15:0x00000000  x3=0x00000000
     246855.000 ns	     24684	80004f10	0946fc53	fsub.s	f24,f13,f20	 f13:0xfffffa8b f20:0x80000000 f24=0x7fc00000
     246885.000 ns	     24687	80004f14	d005f8d3	fcvt.s.w	f17,x11	 x11:0xfffffa9b f17=0xc4aca000
     246915.000 ns	     24690	80004f18	035a5533	divu	x10,x20,x21	 x20:0x7ffbecc6 x21:0x00000000 x10=0xffffffff
     246935.000 ns	     24692	80004f1c	92e7ba13	sltiu	x20,x15,-1746	 x15:0x000280b9 x20=0x00000001
     246955.000 ns	     24694	80004f20	a16291d3	flt.s	x3,f5,f22	  f5:0x00000000 f22:0x00000000  x3=0x00000000
     246985.000 ns	     24697	80004f24	c01075d3	fcvt.wu.s	x11,f0	  f0:0x7fc00000 x11=0xffffffff
     247005.000 ns	     24699	80004f28	00e36033	or	x0,x6,x14	  x6:0x000280b9 x14:0x00000000
     247025.000 ns	     24701	80004f2c	d01dcf53	fcvt.s.wu	f30,x27	 x27:0x00000000 f30=0x00000000
     247045.000 ns	     24703	80004f30	00000013	addi	x0,x0,0	  x0:0x00000000
     247055.000 ns	     24704	80004f34	003821b3	slt	x3,x16,x3	 x16:0x80040fe4  x3:0x00000000  x3=0x00000001
     247065.000 ns	     24705	80004f38	00000013	addi	x0,x0,0	  x0:0x00000000
     247075.000 ns	     24706	80004f3c	2e840193	addi	x3,x8,744	  x8:0x00000000  x3=0x000002e8
     247085.000 ns	     24707	80004f40	2768b093	sltiu	x1,x17,630	 x17:0x000280b9  x1=0x00000000
     247095.000 ns	     24708	80004f44	40c78033	sub	x0,x15,x12	 x15:0x000280b9 x12:0x80041024
     247105.000 ns	     24709	80004f48	40355013	srai	x0,x10,0x3	 x10:0xffffffff
     247115.000 ns	     24710	80004f4c	008f73b3	and	x7,x30,x8	 x30:0x00000000  x8:0x00000000  x7=0x00000000
     247135.000 ns	     24712	80004f50	d00d3f53	fcvt.s.w	f30,x26	 x26:0x00000001 f30=0x3f800000
     247165.000 ns	     24715	80004f54	e0038e53	fmv.x.w	x28,f7	  f7:0x4f000410 x28=0x4f000410
     247195.000 ns	     24718	80004f58	02ed2333	mulhsu	x6,x26,x14	 x26:0x00000001 x14:0x00000000  x6=0x00000000
     247215.000 ns	     24720	80004f5c	00d565b3	or	x11,x10,x13	 x10:0xffffffff x13:0xffffff2b x11=0xffffffff
     247225.000 ns	     24721	80004f60	0172bf33	sltu	x30,x5,x23	  x5:0x00000000 x23:0xe350fed0 x30=0x00000001
     247235.000 ns	     24722	80004f64	004f4fb3	xor	x31,x30,x4	 x30:0x00000000  x4:0x00000000 x31=0x00000001
     247245.000 ns	     24723	80004f68	eacc8313	addi	x6,x25,-340	 x25:0xffffffbd  x6=0xfffffe69
     247255.000 ns	     24724	80004f6c	f86cbbb7	lui	x23,0xf86cb	 x23=0xf86cb000
     247265.000 ns	     24725	80004f70	01803c33	sltu	x24,x0,x24	  x0:0x00000000 x24:0xfffdc0d3 x24=0x00000001
     247275.000 ns	     24726	80004f74	00000013	addi	x0,x0,0	  x0:0x00000000
     247295.000 ns	     24728	80004f78	d0053553	fcvt.s.w	f10,x10	 x10:0xffffffff f10=0xbf800000
     247325.000 ns	     24731	80004f7c	f0098f53	fmv.w.x	f30,x19	 x19:0x80041024 f30=0x80041024
     247345.000 ns	     24733	80004f80	98ba10b7	lui	x1,0x98ba1	  x1=0x98ba1000
     247375.000 ns	     24736	80004f84	1144f053	fmul.s	f0,f9,f20	  f9:0x7fc00000 f20:0x80000000  f0=0x7fc00000
     247395.000 ns	     24738	80004f88	aac4be13	sltiu	x28,x9,-1364	  x9:0x80041024 x28=0x00000001
     247405.000 ns	     24739	80004f8c	4074dd93	srai	x27,x9,0x7	  x9:0x80041024 x27=0xff000820
     247415.000 ns	     24740	80004f90	007f5693	srli	x13,x30,0x7	 x30:0x00000001 x13=0x00000000
     247425.000 ns	     24741	80004f94	010dd633	srl	x12,x27,x16	 x27:0x00000000 x16:0x80040fe4 x12=0x0ff00082
     247445.000 ns	     24743	80004f98	a0ba2353	feq.s	x6,f20,f11	 f20:0x80000000 f11:0x00000000  x6=0x00000001
     247815.000 ns	     24780	80004f9c	03954bb3	div	x23,x10,x25	 x10:0xffffffff x25:0xffffffbd x23=0x00000000
     247835.000 ns	     24782	80004fa0	00ec31b3	sltu	x3,x24,x14	 x24:0x00000001 x14:0x00000000  x3=0x00000000
     247855.000 ns	     24784	80004fa4	291c8fd3	fmin.s	f31,f25,f17	 f25:0x4f1c5e6d f17:0xc4aca000 f31=0xc4aca000
     247875.000 ns	     24786	80004fa8	40d154b3	sra	x9,x2,x13	  x2:0x00000001 x13:0x00000000  x9=0x00000001
     247885.000 ns	     24787	80004fac	40a307b3	sub	x15,x6,x10	  x6:0x00000001 x10:0xffffffff x15=0x00000002
     247905.000 ns	     24789	80004fb0	0230b033	mulhu	x0,x1,x3	  x1:0x98ba1000  x3:0x00000000
     247935.000 ns	     24792	80004fb4	03eb3433	mulhu	x8,x22,x30	 x22:0x00000001 x30:0x00000001  x8=0x00000000
     247955.000 ns	     24794	80004fb8	59160f97	auipc	x31,0x59160	 x31=0xd9164fb8
     247975.000 ns	     24796	80004fbc	29409253	fmax.s	f4,f1,f20	  f1:0x7fc00000 f20:0x80000000  f4=0x80000000
     248005.000 ns	     24799	80004fc0	03a83033	mulhu	x0,x16,x26	 x16:0x80040fe4 x26:0x00000001
     248375.000 ns	     24836	80004fc4	03d6cfb3	div	x31,x13,x29	 x13:0x00000000 x29:0xfffffa8b x31=0x00000000
     248395.000 ns	     24838	80004fc8	00db56b3	srl	x13,x22,x13	 x22:0x00000001 x13:0x00000000 x13=0x00000001
     248755.000 ns	     24874	80004fcc	0367cc33	div	x24,x15,x22	 x15:0x00000002 x22:0x00000001 x24=0x00000002
     248785.000 ns	     24877	80004fd0	f0030fd3	fmv.w.x	f31,x6	  x6:0x00000001 f31=0x00000001
     248825.000 ns	     24881	80004fd4	19cdf153	fdiv.s	f2,f27,f28	 f27:0x00000000 f28:0x80000000  f2=0x7fc00000
     248845.000 ns	     24883	80004fd8	5a3a8f13	addi	x30,x21,1443	 x21:0x00000000 x30=0x000005a3
     248855.000 ns	     24884	80004fdc	4346bd13	sltiu	x26,x13,1076	 x13:0x00000001 x26=0x00000001
     248875.000 ns	     24886	80004fe0	29e719d3	fmax.s	f19,f14,f30	 f14:0x00000000 f30:0x80041024 f19=0x00000000
     248905.000 ns	     24889	80004fe4	d00af753	fcvt.s.w	f14,x21	 x21:0x00000000 f14=0x00000000
     248925.000 ns	     24891	80004fe8	0035ac33	slt	x24,x11,x3	 x11:0xffffffff  x3:0x00000000 x24=0x00000001
     248935.000 ns	     24892	80004fec	0083af33	slt	x30,x7,x8	  x7:0x00000000  x8:0x00000000 x30=0x00000000
     248945.000 ns	     24893	80004ff0	89f0cc93	xori	x25,x1,-1889	  x1:0x98ba1000 x25=0x6745e89f
     248965.000 ns	     24895	80004ff4	a1cc1d53	flt.s	x26,f24,f28	 f24:0x7fc00000 f28:0x80000000 x26=0x00000000
     248995.000 ns	     24898	80004ff8	03172533	mulhsu	x10,x14,x17	 x14:0x00000000 x17:0x000280b9 x10=0x00000000
     249015.000 ns	     24900	80004ffc	00cd9733	sll	x14,x27,x12	 x27:0xff000820 x12:0x0ff00082 x14=0xfc002080
     249025.000 ns	     24901	80005000	192443b7	lui	x7,0x19244	  x7=0x19244000
     249035.000 ns	     24902	80005004	41030db3	sub	x27,x6,x16	  x6:0x00000001 x16:0x80040fe4 x27=0x7ffbf01d
     249055.000 ns	     24904	80005008	02e82333	mulhsu	x6,x16,x14	 x16:0x80040fe4 x14:0xfc002080  x6=0x8203ef64
     249085.000 ns	     24907	8000500c	0280d433	divu	x8,x1,x8	  x1:0x98ba1000  x8:0x00000000  x8=0xffffffff
     249125.000 ns	     24911	80005010	11eeff53	fmul.s	f30,f29,f30	 f29:0x89ffc000 f30:0x80041024 f30=0x00000001
     249145.000 ns	     24913	80005014	86f20e13	addi	x28,x4,-1937	  x4:0x00000000 x28=0xfffff86f
     249165.000 ns	     24915	80005018	c00af5d3	fcvt.w.s	x11,f21	 f21:0x00000000 x11=0x00000000
     249195.000 ns	     24918	8000501c	02476a33	rem	x20,x14,x4	 x14:0xfc002080  x4:0x00000000 x20=0xfc002080
     249225.000 ns	     24921	80005020	02bb9d33	mulh	x26,x23,x11	 x23:0x00000000 x11:0x00000000 x26=0x00000000
     249245.000 ns	     24923	80005024	400c83b3	sub	x7,x25,x0	 x25:0x6745e89f  x0:0x00000000  x7=0x6745e89f
     249265.000 ns	     24925	80005028	d013bc53	fcvt.s.wu	f24,x7	  x7:0x19244000 f24=0x4ece8bd2
     249295.000 ns	     24928	8000502c	d01aa8d3	fcvt.s.wu	f17,x21	 x21:0x00000000 f17=0x00000000
     249325.000 ns	     24931	80005030	e00a10d3	fclass.s	x1,f20	 f20:0x80000000  x1=0x00000008
     249365.000 ns	     24935	80005034	10c5fbd3	fmul.s	f23,f11,f12	 f11:0x00000000 f12:0xc9000000 f23=0x80000000
     249395.000 ns	     24938	80005038	02790733	mul	x14,x18,x7	 x18:0x00000000  x7:0x6745e89f x14=0x00000000
     249425.000 ns	     24941	8000503c	03efe4b3	rem	x9,x31,x30	 x31:0x00000000 x30:0x00000000  x9=0x00000000
     249445.000 ns	     24943	80005040	4536c093	xori	x1,x13,1107	 x13:0x00000001  x1=0x00000452
     249485.000 ns	     24947	80005044	006319d3	fadd.s	f19,f6,f6	  f6:0x7fc00000  f6:0x7fc00000 f19=0x7fc00000
     249515.000 ns	     24950	80005048	21d10f53	fsgnj.s	f30,f2,f29	  f2:0x7fc00000 f29:0x89ffc000 f30=0xffc00000
     249535.000 ns	     24952	8000504c	f2342497	auipc	x9,0xf2342	  x9=0x7234704c
     249555.000 ns	     24954	80005050	03a900b3	mul	x1,x18,x26	 x18:0x00000000 x26:0x00000000  x1=0x00000000
     249585.000 ns	     24957	80005054	f00c09d3	fmv.w.x	f19,x24	 x24:0x00000001 f19=0x00000001
     249605.000 ns	     24959	80005058	09462f93	slti	x31,x12,148	 x12:0x0ff00082 x31=0x00000000
     249625.000 ns	     24961	8000505c	e00693d3	fclass.s	x7,f13	 f13:0xfffffa8b  x7=0x00000200
     249645.000 ns	     24963	80005060	40ac8013	addi	x0,x25,1034	 x25:0x6745e89f
     249665.000 ns	     24965	80005064	a17f2553	feq.s	x10,f30,f23	 f30:0xffc00000 f23:0x80000000 x10=0x00000000
     249695.000 ns	     24968	80005068	03b701b3	mul	x3,x14,x27	 x14:0x00000000 x27:0x7ffbf01d  x3=0x00000000
     249725.000 ns	     24971	8000506c	03300fb3	mul	x31,x0,x19	  x0:0x00000000 x19:0x80041024 x31=0x00000000
     249755.000 ns	     24974	80005070	03d4acb3	mulhsu	x25,x9,x29	  x9:0x7234704c x29:0xfffffa8b x25=0x72346ddc
     250125.000 ns	     25011	80005074	02d8c2b3	div	x5,x17,x13	 x17:0x000280b9 x13:0x00000001  x5=0x000280b9
     250145.000 ns	     25013	80005078	0071cab3	xor	x21,x3,x7	  x3:0x00000000  x7:0x00000200 x21=0x00000200
     250165.000 ns	     25015	8000507c	02289cb3	mulh	x25,x17,x2	 x17:0x000280b9  x2:0x00000001 x25=0x00000000
     250195.000 ns	     25018	80005080	d00787d3	fcvt.s.w	f15,x15	 x15:0x00000002 f15=0x40000000
     250215.000 ns	     25020	80005084	eb3e6d93	ori	x27,x28,-333	 x28:0xfffff86f x27=0xfffffeff
     250235.000 ns	     25022	80005088	d01f4653	fcvt.s.wu	f12,x30	 x30:0x00000000 f12=0x00000000
     250255.000 ns	     25024	8000508c	01c4fd33	and	x26,x9,x28	  x9:0x7234704c x28:0xfffff86f x26=0x7234704c
     250265.000 ns	     25025	80005090	be30e513	ori	x10,x1,-1053	  x1:0x00000000 x10=0xfffffbe3
     250275.000 ns	     25026	80005094	0104d413	srli	x8,x9,0x10	  x9:0x7234704c  x8=0x00007234
     250295.000 ns	     25028	80005098	e00297d3	fclass.s	x15,f5	  f5:0x00000000 x15=0x00000010
     250315.000 ns	     25030	8000509c	1abfa613	slti	x12,x31,427	 x31:0x00000000 x12=0x00000001
     250325.000 ns	     25031	800050a0	01cf88b3	add	x17,x31,x28	 x31:0x00000000 x28:0xfffff86f x17=0xfffff86f
     250335.000 ns	     25032	800050a4	3df28e93	addi	x29,x5,991	  x5:0x000280b9 x29=0x00028498
     250345.000 ns	     25033	800050a8	0100ea33	or	x20,x1,x16	  x1:0x00000000 x16:0x80040fe4 x20=0x80040fe4
     250355.000 ns	     25034	800050ac	010434b3	sltu	x9,x8,x16	  x8:0x00007234 x16:0x80040fe4  x9=0x00000001
     250365.000 ns	     25035	800050b0	a91be897	auipc	x17,0xa91be	 x17=0x291c30b0
     250725.000 ns	     25071	800050b4	03154133	div	x2,x10,x17	 x10:0xfffffbe3 x17:0xfffff86f  x2=0x00000000
     250745.000 ns	     25073	800050b8	00782c33	slt	x24,x16,x7	 x16:0x80040fe4  x7:0x00000200 x24=0x00000001
     250765.000 ns	     25075	800050bc	03b2a2b3	mulhsu	x5,x5,x27	  x5:0x000280b9 x27:0xfffffeff  x5=0x000280b8
     251135.000 ns	     25112	800050c0	03467eb3	remu	x29,x12,x20	 x12:0x00000001 x20:0x80040fe4 x29=0x00000001
     251155.000 ns	     25114	800050c4	41650333	sub	x6,x10,x22	 x10:0xfffffbe3 x22:0x00000001  x6=0xfffffbe2
     251165.000 ns	     25115	800050c8	6d16af97	auipc	x31,0x6d16a	 x31=0xed16f0c8
     251185.000 ns	     25117	800050cc	f0030553	fmv.w.x	f10,x6	  x6:0x8203ef64 f10=0xfffffbe2
     251205.000 ns	     25119	800050d0	00ec81b3	add	x3,x25,x14	 x25:0x00000000 x14:0x00000000  x3=0x00000000
     251215.000 ns	     25120	800050d4	74632793	slti	x15,x6,1862	  x6:0xfffffbe2 x15=0x00000001
     251235.000 ns	     25122	800050d8	038c2533	mulhsu	x10,x24,x24	 x24:0x00000001 x24:0x00000001 x10=0x00000000
     251265.000 ns	     25125	800050dc	03181e33	mulh	x28,x16,x17	 x16:0x80040fe4 x17:0x291c30b0 x28=0xeb728ea6
     251285.000 ns	     25127	800050e0	01851513	slli	x10,x10,0x18	 x10:0x00000000 x10=0x00000000
     251305.000 ns	     25129	800050e4	0365adb3	mulhsu	x27,x11,x22	 x11:0x00000000 x22:0x00000001 x27=0x00000000
     251335.000 ns	     25132	800050e8	20ccafd3	fsgnjx.s	f31,f25,f12	 f25:0x4f1c5e6d f12:0x00000000 f31=0x4f1c5e6d
     251365.000 ns	     25135	800050ec	e00984d3	fmv.x.w	x9,f19	 f19:0x00000001  x9=0x00000001
     251735.000 ns	     25172	800050f0	03d56cb3	rem	x25,x10,x29	 x10:0x00000000 x29:0x00000001 x25=0x00000000
     251755.000 ns	     25174	800050f4	019a38b3	sltu	x17,x20,x25	 x20:0x80040fe4 x25:0x00000000 x17=0x00000000
     251775.000 ns	     25176	800050f8	a0dca953	feq.s	x18,f25,f13	 f25:0x4f1c5e6d f13:0xfffffa8b x18=0x00000000
     251795.000 ns	     25178	800050fc	01f666b3	or	x13,x12,x31	 x12:0x00000001 x31:0xed16f0c8 x13=0xed16f0c9
     251805.000 ns	     25179	80005100	00000013	addi	x0,x0,0	  x0:0x00000000
     251825.000 ns	     25181	80005104	e00518d3	fclass.s	x17,f10	 f10:0xfffffbe2 x17=0x00000200
     251845.000 ns	     25183	80005108	012d82b3	add	x5,x27,x18	 x27:0x00000000 x18:0x00000000  x5=0x00000000
     251865.000 ns	     25185	8000510c	21f21653	fsgnjn.s	f12,f4,f31	  f4:0x80000000 f31:0x4f1c5e6d f12=0x80000000
     251895.000 ns	     25188	80005110	c00974d3	fcvt.w.s	x9,f18	 f18:0x7fc00000  x9=0x7fffffff
     251925.000 ns	     25191	80005114	a0829dd3	flt.s	x27,f5,f8	  f5:0x00000000  f8:0x7fc00000 x27=0x00000000
     251955.000 ns	     25194	80005118	a1230053	fle.s	x0,f6,f18	  f6:0x7fc00000 f18:0x7fc00000
     251975.000 ns	     25196	8000511c	41c25793	srai	x15,x4,0x1c	  x4:0x00000000 x15=0x00000000
     251995.000 ns	     25198	80005120	e0001153	fclass.s	x2,f0	  f0:0x7fc00000  x2=0x00000200
     252365.000 ns	     25235	80005124	026552b3	divu	x5,x10,x6	 x10:0x00000000  x6:0xfffffbe2  x5=0x00000000
     252395.000 ns	     25238	80005128	c0012ed3	fcvt.w.s	x29,f2	  f2:0x7fc00000 x29=0x7fffffff
     252765.000 ns	     25275	8000512c	03515fb3	divu	x31,x2,x21	  x2:0x00000200 x21:0x00000200 x31=0x00000001
     252785.000 ns	     25277	80005130	00306bb3	or	x23,x0,x3	  x0:0x00000000  x3:0x00000000 x23=0x00000000
     252815.000 ns	     25280	80005134	184f3953	fdiv.s	f18,f30,f4	 f30:0xffc00000  f4:0x80000000 f18=0x7fc00000
     252835.000 ns	     25282	80005138	01afefb3	or	x31,x31,x26	 x31:0x00000001 x26:0x7234704c x31=0x7234704d
     252845.000 ns	     25283	8000513c	00000013	addi	x0,x0,0	  x0:0x00000000
     252865.000 ns	     25285	80005140	d01af153	fcvt.s.wu	f2,x21	 x21:0x00000200  f2=0x44000000
     252885.000 ns	     25287	80005144	00000013	addi	x0,x0,0	  x0:0x00000000
     252895.000 ns	     25288	80005148	e4d26513	ori	x10,x4,-435	  x4:0x00000000 x10=0xfffffe4d
     252915.000 ns	     25290	8000514c	20e91953	fsgnjn.s	f18,f18,f14	 f18:0x7fc00000 f14:0x00000000 f18=0xffc00000
     252935.000 ns	     25292	80005150	00000013	addi	x0,x0,0	  x0:0x00000000
     252955.000 ns	     25294	80005154	a15504d3	fle.s	x9,f10,f21	 f10:0xfffffbe2 f21:0x00000000  x9=0x00000000
     252975.000 ns	     25296	80005158	00c99e93	slli	x29,x19,0xc	 x19:0x80041024 x29=0x41024000
     252985.000 ns	     25297	8000515c	463d5737	lui	x14,0x463d5	 x14=0x463d5000
     252995.000 ns	     25298	80005160	40305633	sra	x12,x0,x3	  x0:0x00000000  x3:0x00000000 x12=0x00000000
     253005.000 ns	     25299	80005164	190a6c13	ori	x24,x20,400	 x20:0x80040fe4 x24=0x80040ff4
     253025.000 ns	     25301	80005168	29dc9453	fmax.s	f8,f25,f29	 f25:0x4f1c5e6d f29:0x89ffc000  f8=0x4f1c5e6d
     253045.000 ns	     25303	8000516c	00e73b33	sltu	x22,x14,x14	 x14:0x463d5000 x14:0x463d5000 x22=0x00000000
     253055.000 ns	     25304	80005170	00000013	addi	x0,x0,0	  x0:0x00000000
     253065.000 ns	     25305	80005174	01b69933	sll	x18,x13,x27	 x13:0xed16f0c9 x27:0x00000000 x18=0xed16f0c9
     253075.000 ns	     25306	80005178	cca08093	addi	x1,x1,-822	  x1:0x00000000  x1=0xfffffcca
     253095.000 ns	     25308	8000517c	f0078dd3	fmv.w.x	f27,x15	 x15:0x00000000 f27=0x00000000
     253125.000 ns	     25311	80005180	28be1753	fmax.s	f14,f28,f11	 f28:0x80000000 f11:0x00000000 f14=0x00000000
     253145.000 ns	     25313	80005184	82260137	lui	x2,0x82260	  x2=0x82260000
     253155.000 ns	     25314	80005188	bd66aa13	slti	x20,x13,-1066	 x13:0xed16f0c9 x20=0x00000001
     253165.000 ns	     25315	8000518c	41e98bb3	sub	x23,x19,x30	 x19:0x80041024 x30:0x00000000 x23=0x80041024
     253175.000 ns	     25316	80005190	01e5c4b3	xor	x9,x11,x30	 x11:0x00000000 x30:0x00000000  x9=0x00000000
     253535.000 ns	     25352	80005194	021e47b3	div	x15,x28,x1	 x28:0xeb728ea6  x1:0xfffffcca x15=0x00066699
     253555.000 ns	     25354	80005198	eb21a713	slti	x14,x3,-334	  x3:0x00000000 x14=0x00000000
     253565.000 ns	     25355	8000519c	41445013	srai	x0,x8,0x14	  x8:0x00007234
     253585.000 ns	     25357	800051a0	f00005d3	fmv.w.x	f11,x0	  x0:0x00000000 f11=0x00000000
     253635.000 ns	     25362	800051a4	002bf953	fadd.s	f18,f23,f2	 f23:0x80000000  f2:0x44000000 f18=0x44000000
     253665.000 ns	     25365	800051a8	20289953	fsgnjn.s	f18,f17,f2	 f17:0x00000000  f2:0x44000000 f18=0x80000000
     253685.000 ns	     25367	800051ac	e8eda893	slti	x17,x27,-370	 x27:0x00000000 x17=0x00000000
     253695.000 ns	     25368	800051b0	01b0d8b3	srl	x17,x1,x27	  x1:0xfffffcca x27:0x00000000 x17=0xfffffcca
     253705.000 ns	     25369	800051b4	009f25b3	slt	x11,x30,x9	 x30:0x00000000  x9:0x00000000 x11=0x00000000
     253715.000 ns	     25370	800051b8	01e9d013	srli	x0,x19,0x1e	 x19:0x80041024
     253745.000 ns	     25373	800051bc	11978053	fmul.s	f0,f15,f25	 f15:0x40000000 f25:0x4f1c5e6d  f0=0x4f9c5e6e
     253765.000 ns	     25375	800051c0	0154fcb3	and	x25,x9,x21	  x9:0x00000000 x21:0x00000200 x25=0x00000000
     253785.000 ns	     25377	800051c4	c001aad3	fcvt.w.s	x21,f3	  f3:0x00000000 x21=0x00000000
     253815.000 ns	     25380	800051c8	e00f10d3	fclass.s	x1,f30	 f30:0xffc00000  x1=0x00000200
     253835.000 ns	     25382	800051cc	4e5bf393	andi	x7,x23,1253	 x23:0x80041024  x7=0x00000024
     253855.000 ns	     25384	800051d0	a19d9353	flt.s	x6,f27,f25	 f27:0x00000000 f25:0x4f1c5e6d  x6=0x00000001
     253875.000 ns	     25386	800051d4	af6a8f13	addi	x30,x21,-1290	 x21:0x00000000 x30=0xfffffaf6
     253895.000 ns	     25388	800051d8	a0f79dd3	flt.s	x27,f15,f15	 f15:0x40000000 f15:0x40000000 x27=0x00000000
     253915.000 ns	     25390	800051dc	0199e8b3	or	x17,x19,x25	 x19:0x80041024 x25:0x00000000 x17=0x80041024
     253935.000 ns	     25392	800051e0	03253ab3	mulhu	x21,x10,x18	 x10:0xfffffe4d x18:0xed16f0c9 x21=0xed16ef36
     253955.000 ns	     25394	800051e4	0064fb33	and	x22,x9,x6	  x9:0x00000000  x6:0x00000001 x22=0x00000000
     253965.000 ns	     25395	800051e8	edaeb893	sltiu	x17,x29,-294	 x29:0x41024000 x17=0x00000001
     253985.000 ns	     25397	800051ec	02703333	mulhu	x6,x0,x7	  x0:0x00000000  x7:0x00000024  x6=0x00000000
     254015.000 ns	     25400	800051f0	a0fc05d3	fle.s	x11,f24,f15	 f24:0x4ece8bd2 f15:0x40000000 x11=0x00000000
     254035.000 ns	     25402	800051f4	00000013	addi	x0,x0,0	  x0:0x00000000
     254045.000 ns	     25403	800051f8	013766b3	or	x13,x14,x19	 x14:0x00000000 x19:0x80041024 x13=0x80041024
     254055.000 ns	     25404	800051fc	9155cc17	auipc	x24,0x9155c	 x24=0x115611fc
     254075.000 ns	     25406	80005200	209fa2d3	fsgnjx.s	f5,f31,f9	 f31:0x4f1c5e6d  f9:0x7fc00000  f5=0x4f1c5e6d
     254105.000 ns	     25409	80005204	e00802d3	fmv.x.w	x5,f16	 f16:0x89ffc000  x5=0x89ffc000
     254135.000 ns	     25412	80005208	d01ff153	fcvt.s.wu	f2,x31	 x31:0x7234704d  f2=0x4ee468e0
     254165.000 ns	     25415	8000520c	03851633	mulh	x12,x10,x24	 x10:0xfffffe4d x24:0x115611fc x12=0xffffffe2
     254215.000 ns	     25420	80005210	01ac08d3	fadd.s	f17,f24,f26	 f24:0x4ece8bd2 f26:0x4f000410 f17=0x4f6749f9
     254235.000 ns	     25422	80005214	010a9c93	slli	x25,x21,0x10	 x21:0xed16ef36 x25=0xef360000
     254255.000 ns	     25424	80005218	a0380653	fle.s	x12,f16,f3	 f16:0x89ffc000  f3:0x00000000 x12=0x00000001
     254275.000 ns	     25426	8000521c	00000013	addi	x0,x0,0	  x0:0x00000000
     254285.000 ns	     25427	80005220	01bad933	srl	x18,x21,x27	 x21:0xed16ef36 x27:0x00000000 x18=0xed16ef36
     254295.000 ns	     25428	80005224	b4b36b93	ori	x23,x6,-1205	  x6:0x00000000 x23=0xfffffb4b
     254305.000 ns	     25429	80005228	60f2fa37	lui	x20,0x60f2f	 x20=0x60f2f000
     254315.000 ns	     25430	8000522c	b861c893	xori	x17,x3,-1146	  x3:0x00000000 x17=0xfffffb86
     254325.000 ns	     25431	80005230	405ed693	srai	x13,x29,0x5	 x29:0x41024000 x13=0x02081200
     254345.000 ns	     25433	80005234	a02fadd3	feq.s	x27,f31,f2	 f31:0x4f1c5e6d  f2:0x4ee468e0 x27=0x00000000
     254375.000 ns	     25436	80005238	e00c82d3	fmv.x.w	x5,f25	 f25:0x4f1c5e6d  x5=0x4f1c5e6d
     254405.000 ns	     25439	8000523c	21b92153	fsgnjx.s	f2,f18,f27	 f18:0x80000000 f27:0x00000000  f2=0x80000000
     254425.000 ns	     25441	80005240	e0e46493	ori	x9,x8,-498	  x8:0x00007234  x9=0xfffffe3e
     254435.000 ns	     25442	80005244	7d641797	auipc	x15,0x7d641	 x15=0xfd646244
     254455.000 ns	     25444	80005248	d001c253	fcvt.s.w	f4,x3	  x3:0x00000000  f4=0x00000000
     254505.000 ns	     25449	8000524c	099136d3	fsub.s	f13,f2,f25	  f2:0x80000000 f25:0x4f1c5e6d f13=0xcf1c5e6d
     254535.000 ns	     25452	80005250	e00e9353	fclass.s	x6,f29	 f29:0x89ffc000  x6=0x00000002
     254565.000 ns	     25455	80005254	02e1adb3	mulhsu	x27,x3,x14	  x3:0x00000000 x14:0x00000000 x27=0x00000000
     254595.000 ns	     25458	80005258	03d381b3	mul	x3,x7,x29	  x7:0x00000024 x29:0x41024000  x3=0x24510000
     254615.000 ns	     25460	8000525c	3655ad13	slti	x26,x11,869	 x11:0x00000000 x26=0x00000001
     254625.000 ns	     25461	80005260	409e54b3	sra	x9,x28,x9	 x28:0xeb728ea6  x9:0xfffffe3e  x9=0xffffffff
     254665.000 ns	     25465	80005264	01d7f853	fadd.s	f16,f15,f29	 f15:0x40000000 f29:0x89ffc000 f16=0x40000000
     255035.000 ns	     25502	80005268	0311fd33	remu	x26,x3,x17	  x3:0x24510000 x17:0xfffffb86 x26=0x24510000
     255055.000 ns	     25504	8000526c	54820d93	addi	x27,x4,1352	  x4:0x00000000 x27=0x00000548
     255075.000 ns	     25506	80005270	286d1b53	fmax.s	f22,f26,f6	 f26:0x4f000410  f6:0x7fc00000 f22=0x4f000410
     255105.000 ns	     25509	80005274	033708b3	mul	x17,x14,x19	 x14:0x00000000 x19:0x80041024 x17=0x00000000
     255475.000 ns	     25546	80005278	0228f3b3	remu	x7,x17,x2	 x17:0xfffffb86  x2:0x82260000  x7=0x00000000
     255525.000 ns	     25551	8000527c	0050ccd3	fadd.s	f25,f1,f5	  f1:0x7fc00000  f5:0x4f1c5e6d f25=0x7fc00000
     255545.000 ns	     25553	80005280	3fce4297	auipc	x5,0x3fce4	  x5=0xbfce9280
     255905.000 ns	     25589	80005284	02926cb3	rem	x25,x4,x9	  x4:0x00000000  x9:0xffffffff x25=0x00000000
     255935.000 ns	     25592	80005288	a19d9ed3	flt.s	x29,f27,f25	 f27:0x00000000 f25:0x7fc00000 x29=0x00000000
     255965.000 ns	     25595	8000528c	02802db3	mulhsu	x27,x0,x8	  x0:0x00000000  x8:0x00007234 x27=0x00000000
     255985.000 ns	     25597	80005290	0139eeb3	or	x29,x19,x19	 x19:0x80041024 x19:0x80041024 x29=0x80041024
     255995.000 ns	     25598	80005294	0120a1b3	slt	x3,x1,x18	  x1:0x00000200 x18:0xed16ef36  x3=0x00000000
     256015.000 ns	     25600	80005298	c01a05d3	fcvt.wu.s	x11,f20	 f20:0x80000000 x11=0x00000000
     256035.000 ns	     25602	8000529c	00b07a33	and	x20,x0,x11	  x0:0x00000000 x11:0x00000000 x20=0x00000000
     256055.000 ns	     25604	800052a0	20ed2a53	fsgnjx.s	f20,f26,f14	 f26:0x4f000410 f14:0x00000000 f20=0x4f000410
     256085.000 ns	     25607	800052a4	20d1a253	fsgnjx.s	f4,f3,f13	  f3:0x00000000 f13:0xcf1c5e6d  f4=0x80000000
     256115.000 ns	     25610	800052a8	21a21853	fsgnjn.s	f16,f4,f26	  f4:0x00000000 f26:0x4f000410 f16=0x80000000
     256145.000 ns	     25613	800052ac	f00a8553	fmv.w.x	f10,x21	 x21:0xed16ef36 f10=0xed16ef36
     256165.000 ns	     25615	800052b0	01b7c2b3	xor	x5,x15,x27	 x15:0xfd646244 x27:0x00000000  x5=0xfd646244
     256175.000 ns	     25616	800052b4	c6bcc093	xori	x1,x25,-917	 x25:0x00000000  x1=0xfffffc6b
     256195.000 ns	     25618	800052b8	21f09653	fsgnjn.s	f12,f1,f31	  f1:0x7fc00000 f31:0x4f1c5e6d f12=0xffc00000
     256215.000 ns	     25620	800052bc	00000013	addi	x0,x0,0	  x0:0x00000000
     256235.000 ns	     25622	800052c0	d01a7953	fcvt.s.wu	f18,x20	 x20:0x00000000 f18=0x00000000
     256275.000 ns	     25626	800052c4	195bf953	fdiv.s	f18,f23,f21	 f23:0x80000000 f21:0x00000000 f18=0x7fc00000
     256315.000 ns	     25630	800052c8	1104f553	fmul.s	f10,f9,f16	  f9:0x7fc00000 f16:0x80000000 f10=0x7fc00000
     256345.000 ns	     25633	800052cc	f0010e53	fmv.w.x	f28,x2	  x2:0x82260000 f28=0x82260000
     256375.000 ns	     25636	800052d0	02bfe2b3	rem	x5,x31,x11	 x31:0x7234704d x11:0x00000000  x5=0x7234704d
     256405.000 ns	     25639	800052d4	f0060653	fmv.w.x	f12,x12	 x12:0x00000001 f12=0x00000001
     256435.000 ns	     25642	800052d8	024ed8b3	divu	x17,x29,x4	 x29:0x80041024  x4:0x00000000 x17=0xffffffff
     256455.000 ns	     25644	800052dc	4058d093	srai	x1,x17,0x5	 x17:0x00000000  x1=0xffffffff
     256475.000 ns	     25646	800052e0	a0451bd3	flt.s	x23,f10,f4	 f10:0x7fc00000  f4:0x80000000 x23=0x00000000
     256505.000 ns	     25649	800052e4	21b496d3	fsgnjn.s	f13,f9,f27	  f9:0x7fc00000 f27:0x00000000 f13=0xffc00000
     256535.000 ns	     25652	800052e8	21ed80d3	fsgnj.s	f1,f27,f30	 f27:0x00000000 f30:0xffc00000  f1=0x80000000
     256565.000 ns	     25655	800052ec	c00ff553	fcvt.w.s	x10,f31	 f31:0x4f1c5e6d x10=0x7fffffff
     256595.000 ns	     25658	800052f0	d014fa53	fcvt.s.wu	f20,x9	  x9:0xffffffff f20=0x4f7fffff
     256625.000 ns	     25661	800052f4	02e24ab3	div	x21,x4,x14	  x4:0x00000000 x14:0x00000000 x21=0xffffffff
     256655.000 ns	     25664	800052f8	c0134f53	fcvt.wu.s	x30,f6	  f6:0x7fc00000 x30=0xffffffff
     256685.000 ns	     25667	800052fc	a0e60653	fle.s	x12,f12,f14	 f12:0x00000001 f14:0x00000000 x12=0x00000000
     256705.000 ns	     25669	80005300	ea324413	xori	x8,x4,-349	  x4:0x00000000  x8=0xfffffea3
     256725.000 ns	     25671	80005304	03808eb3	mul	x29,x1,x24	  x1:0xffffffff x24:0x115611fc x29=0xeea9ee04
     256755.000 ns	     25674	80005308	d011afd3	fcvt.s.wu	f31,x3	  x3:0x00000000 f31=0x00000000
     257125.000 ns	     25711	8000530c	0228c7b3	div	x15,x17,x2	 x17:0xffffffff  x2:0x82260000 x15=0x00000000
     257145.000 ns	     25713	80005310	00bbd733	srl	x14,x23,x11	 x23:0x00000000 x11:0x00000000 x14=0x00000000
     257155.000 ns	     25714	80005314	0168cf33	xor	x30,x17,x22	 x17:0xffffffff x22:0x00000000 x30=0xffffffff
     257175.000 ns	     25716	80005318	03df0eb3	mul	x29,x30,x29	 x30:0xffffffff x29:0xeea9ee04 x29=0x115611fc
     257205.000 ns	     25719	8000531c	a1301453	flt.s	x8,f0,f19	  f0:0x4f9c5e6e f19:0x00000001  x8=0x00000000
     257225.000 ns	     25721	80005320	181dbf93	sltiu	x31,x27,385	 x27:0x00000000 x31=0x00000001
     257245.000 ns	     25723	80005324	e00e1553	fclass.s	x10,f28	 f28:0x82260000 x10=0x00000002
     257275.000 ns	     25726	80005328	a1a421d3	feq.s	x3,f8,f26	  f8:0x4f1c5e6d f26:0x4f000410  x3=0x00000000
     257305.000 ns	     25729	8000532c	028c6133	rem	x2,x24,x8	 x24:0x115611fc  x8:0x00000000  x2=0x115611fc
     257325.000 ns	     25731	80005330	0001c733	xor	x14,x3,x0	  x3:0x00000000  x0:0x00000000 x14=0x00000000
     257335.000 ns	     25732	80005334	412a0cb3	sub	x25,x20,x18	 x20:0x00000000 x18:0xed16ef36 x25=0x12e910ca
     257355.000 ns	     25734	80005338	028b05b3	mul	x11,x22,x8	 x22:0x00000000  x8:0x00000000 x11=0x00000000
     257405.000 ns	     25739	8000533c	09adf5d3	fsub.s	f11,f27,f26	 f27:0x00000000 f26:0x4f000410 f11=0xcf000410
     257435.000 ns	     25742	80005340	034b2733	mulhsu	x14,x22,x20	 x22:0x00000000 x20:0x00000000 x14=0x00000000
     257465.000 ns	     25745	80005344	023a4bb3	div	x23,x20,x3	 x20:0x00000000  x3:0x00000000 x23=0xffffffff
     257485.000 ns	     25747	80005348	98907893	andi	x17,x0,-1655	  x0:0x00000000 x17=0x00000000
     257525.000 ns	     25751	8000534c	09d33153	fsub.s	f2,f6,f29	  f6:0x7fc00000 f29:0x89ffc000  f2=0x7fc00000
     257545.000 ns	     25753	80005350	28b3c937	lui	x18,0x28b3c	 x18=0x28b3c000
     257555.000 ns	     25754	80005354	406957b3	sra	x15,x18,x6	 x18:0xed16ef36  x6:0x00000002 x15=0x0a2cf000
     257575.000 ns	     25756	80005358	285b88d3	fmin.s	f17,f23,f5	 f23:0x80000000  f5:0x4f1c5e6d f17=0x80000000
     257595.000 ns	     25758	8000535c	41e984b3	sub	x9,x19,x30	 x19:0x80041024 x30:0xffffffff  x9=0x80041025
     257605.000 ns	     25759	80005360	00bbd693	srli	x13,x23,0xb	 x23:0xffffffff x13=0x001fffff
     257615.000 ns	     25760	80005364	00d29c33	sll	x24,x5,x13	  x5:0x7234704d x13:0x02081200 x24=0x80000000
     257635.000 ns	     25762	80005368	0255ab33	mulhsu	x22,x11,x5	 x11:0x00000000  x5:0x7234704d x22=0x00000000
     257655.000 ns	     25764	8000536c	a7c13913	sltiu	x18,x2,-1412	  x2:0x115611fc x18=0x00000001
     257675.000 ns	     25766	80005370	d0137dd3	fcvt.s.wu	f27,x6	  x6:0x00000002 f27=0x40000000
     258855.000 ns	     25884	80005374	580478d3	fsqrt.s	f17,f8	  f8:0x4f1c5e6d f17=0x46dd22fa
     258885.000 ns	     25887	80005378	c017f953	fcvt.wu.s	x18,f15	 f15:0x40000000 x18=0x00000002
     258905.000 ns	     25889	8000537c	01531933	sll	x18,x6,x21	  x6:0x00000002 x21:0xffffffff x18=0x00000000
     258915.000 ns	     25890	80005380	4124de93	srai	x29,x9,0x12	  x9:0x80041025 x29=0xffffe001
     258935.000 ns	     25892	80005384	a0b59b53	flt.s	x22,f11,f11	 f11:0xcf000410 f11:0xcf000410 x22=0x00000000
     258955.000 ns	     25894	80005388	da42e193	ori	x3,x5,-604	  x5:0x7234704d  x3=0xfffffded
     258975.000 ns	     25896	8000538c	e00c9f53	fclass.s	x30,f25	 f25:0x7fc00000 x30=0x00000200
     259005.000 ns	     25899	80005390	d011f1d3	fcvt.s.wu	f3,x3	  x3:0x00000000  f3=0x4f7ffffd
     259035.000 ns	     25902	80005394	a1afaf53	feq.s	x30,f31,f26	 f31:0x00000000 f26:0x4f000410 x30=0x00000000
     259055.000 ns	     25904	80005398	0a86a893	slti	x17,x13,168	 x13:0x001fffff x17=0x00000000
     259065.000 ns	     25905	8000539c	a9957513	andi	x10,x10,-1383	 x10:0x00000002 x10=0x00000000
     259085.000 ns	     25907	800053a0	e0001fd3	fclass.s	x31,f0	  f0:0x4f9c5e6e x31=0x00000040
     259115.000 ns	     25910	800053a4	21212fd3	fsgnjx.s	f31,f2,f18	  f2:0x7fc00000 f18:0x7fc00000 f31=0x7fc00000
     259135.000 ns	     25912	800053a8	00448033	add	x0,x9,x4	  x9:0x80041025  x4:0x00000000
     259155.000 ns	     25914	800053ac	d000be53	fcvt.s.w	f28,x1	  x1:0xffffffff f28=0xbf800000
     259175.000 ns	     25916	800053b0	41d604b3	sub	x9,x12,x29	 x12:0x00000000 x29:0xffffe001  x9=0x00001fff
     259185.000 ns	     25917	800053b4	4098db93	srai	x23,x17,0x9	 x17:0x00000000 x23=0x00000000
     259195.000 ns	     25918	800053b8	0068dd33	srl	x26,x17,x6	 x17:0x00000000  x6:0x00000002 x26=0x00000000
     259215.000 ns	     25920	800053bc	d0101653	fcvt.s.wu	f12,x0	  x0:0x00000000 f12=0x00000000
     259245.000 ns	     25923	800053c0	29d51cd3	fmax.s	f25,f10,f29	 f10:0x7fc00000 f29:0x89ffc000 f25=0x89ffc000
     259265.000 ns	     25925	800053c4	01fcdc33	srl	x24,x25,x31	 x25:0x12e910ca x31:0x00000040 x24=0x12e910ca
     259275.000 ns	     25926	800053c8	41815a13	srai	x20,x2,0x18	  x2:0x115611fc x20=0x00000011
     259295.000 ns	     25928	800053cc	c01c0f53	fcvt.wu.s	x30,f24	 f24:0x4ece8bd2 x30=0x6745e900
     259325.000 ns	     25931	800053d0	02b048b3	div	x17,x0,x11	  x0:0x00000000 x11:0x00000000 x17=0xffffffff
     259355.000 ns	     25934	800053d4	c00770d3	fcvt.w.s	x1,f14	 f14:0x00000000  x1=0x00000000
     259395.000 ns	     25938	800053d8	1125f2d3	fmul.s	f5,f11,f18	 f11:0xcf000410 f18:0x7fc00000  f5=0x7fc00000
     259415.000 ns	     25940	800053dc	573df097	auipc	x1,0x573df	  x1=0xd73e43dc
     259425.000 ns	     25941	800053e0	144e6393	ori	x7,x28,324	 x28:0xeb728ea6  x7=0xeb728fe6
     259435.000 ns	     25942	800053e4	e86fb313	sltiu	x6,x31,-378	 x31:0x00000040  x6=0x00000001
     259445.000 ns	     25943	800053e8	40005c33	sra	x24,x0,x0	  x0:0x00000000  x0:0x00000000 x24=0x00000000
     259475.000 ns	     25946	800053ec	1854fdd3	fdiv.s	f27,f9,f5	  f9:0x7fc00000  f5:0x7fc00000 f27=0x7fc00000
     259495.000 ns	     25948	800053f0	dba78a13	addi	x20,x15,-582	 x15:0x0a2cf000 x20=0x0a2cedba
     259525.000 ns	     25951	800053f4	18aca853	fdiv.s	f16,f25,f10	 f25:0x89ffc000 f10:0x7fc00000 f16=0x7fc00000
     259545.000 ns	     25953	800053f8	012903b3	add	x7,x18,x18	 x18:0x00000000 x18:0x00000000  x7=0x00000000
     259565.000 ns	     25955	800053fc	a0431bd3	flt.s	x23,f6,f4	  f6:0x7fc00000  f4:0x80000000 x23=0x00000000
     259595.000 ns	     25958	80005400	02783333	mulhu	x6,x16,x7	 x16:0x80040fe4  x7:0xeb728fe6  x6=0x00000000
     259625.000 ns	     25961	80005404	207a02d3	fsgnj.s	f5,f20,f7	 f20:0x4f7fffff  f7:0x4f000410  f5=0x4f7fffff
     259665.000 ns	     25965	80005408	1000ffd3	fmul.s	f31,f1,f0	  f1:0x80000000  f0:0x4f9c5e6e f31=0x80000000
     259695.000 ns	     25968	8000540c	a05a0053	fle.s	x0,f20,f5	 f20:0x4f7fffff  f5:0x4f7fffff
     259725.000 ns	     25971	80005410	21dda8d3	fsgnjx.s	f17,f27,f29	 f27:0x7fc00000 f29:0x89ffc000 f17=0xffc00000
     259745.000 ns	     25973	80005414	0024d6b3	srl	x13,x9,x2	  x9:0x00001fff  x2:0x115611fc x13=0x00000000
     259755.000 ns	     25974	80005418	00d3e7b3	or	x15,x7,x13	  x7:0x00000000 x13:0x001fffff x15=0x00000000
     259785.000 ns	     25977	8000541c	109f3b53	fmul.s	f22,f30,f9	 f30:0xffc00000  f9:0x7fc00000 f22=0x7fc00000
     259815.000 ns	     25980	80005420	c01774d3	fcvt.wu.s	x9,f14	 f14:0x00000000  x9=0x00000000
     259835.000 ns	     25982	80005424	4016d133	sra	x2,x13,x1	 x13:0x00000000  x1:0xd73e43dc  x2=0x00000000
     259855.000 ns	     25984	80005428	c010f453	fcvt.wu.s	x8,f1	  f1:0x80000000  x8=0x00000000
     259885.000 ns	     25987	8000542c	21e696d3	fsgnjn.s	f13,f13,f30	 f13:0xffc00000 f30:0xffc00000 f13=0x7fc00000
     259915.000 ns	     25990	80005430	e0018d53	fmv.x.w	x26,f3	  f3:0x4f7ffffd x26=0x4f7ffffd
     259945.000 ns	     25993	80005434	213b21d3	fsgnjx.s	f3,f22,f19	 f22:0x7fc00000 f19:0x00000001  f3=0x7fc00000
     259965.000 ns	     25995	80005438	4087d293	srai	x5,x15,0x8	 x15:0x00000000  x5=0x00000000
     259975.000 ns	     25996	8000543c	015d5fb3	srl	x31,x26,x21	 x26:0x4f7ffffd x21:0xffffffff x31=0x00000000
     259995.000 ns	     25998	80005440	c0047553	fcvt.w.s	x10,f8	  f8:0x4f1c5e6d x10=0x7fffffff
     260025.000 ns	     26001	80005444	c00ea3d3	fcvt.w.s	x7,f29	 f29:0x89ffc000  x7=0x00000000
     260055.000 ns	     26004	80005448	0234a8b3	mulhsu	x17,x9,x3	  x9:0x00000000  x3:0xfffffded x17=0x00000000
     260075.000 ns	     26006	8000544c	e3f06013	ori	x0,x0,-449	  x0:0x00000000
     260085.000 ns	     26007	80005450	0127b933	sltu	x18,x15,x18	 x15:0x00000000 x18:0x00000000 x18=0x00000000
     260095.000 ns	     26008	80005454	90ad4013	xori	x0,x26,-1782	 x26:0x4f7ffffd
     260115.000 ns	     26010	80005458	29e09653	fmax.s	f12,f1,f30	  f1:0x80000000 f30:0xffc00000 f12=0x80000000
     260485.000 ns	     26047	8000545c	03c74cb3	div	x25,x14,x28	 x14:0x00000000 x28:0xeb728ea6 x25=0x00000000
     260505.000 ns	     26049	80005460	89941c97	auipc	x25,0x89941	 x25=0x09946460
     260525.000 ns	     26051	80005464	20f406d3	fsgnj.s	f13,f8,f15	  f8:0x4f1c5e6d f15:0x40000000 f13=0x4f1c5e6d
     260545.000 ns	     26053	80005468	f75df613	andi	x12,x27,-139	 x27:0x00000000 x12=0x00000000
     260555.000 ns	     26054	8000546c	1d78b093	sltiu	x1,x17,471	 x17:0x00000000  x1=0x00000001
     260565.000 ns	     26055	80005470	41285933	sra	x18,x16,x18	 x16:0x80040fe4 x18:0x00000000 x18=0x80040fe4
     260575.000 ns	     26056	80005474	00e06133	or	x2,x0,x14	  x0:0x00000000 x14:0x00000000  x2=0x00000000
     260585.000 ns	     26057	80005478	00e7d013	srli	x0,x15,0xe	 x15:0x00000000
     260605.000 ns	     26059	8000547c	c0083353	fcvt.w.s	x6,f16	 f16:0x7fc00000  x6=0x7fffffff
     260655.000 ns	     26064	80005480	01bb8dd3	fadd.s	f27,f23,f27	 f23:0x80000000 f27:0x7fc00000 f27=0x7fc00000
     260675.000 ns	     26066	80005484	000d8a33	add	x20,x27,x0	 x27:0x00000000  x0:0x00000000 x20=0x00000000
     260685.000 ns	     26067	80005488	6d38b137	lui	x2,0x6d38b	  x2=0x6d38b000
     260695.000 ns	     26068	8000548c	bbb2b893	sltiu	x17,x5,-1093	  x5:0x00000000 x17=0x00000001
     260715.000 ns	     26070	80005490	c0117d53	fcvt.wu.s	x26,f2	  f2:0x7fc00000 x26=0xffffffff
     260735.000 ns	     26072	80005494	008a6fb3	or	x31,x20,x8	 x20:0x00000000  x8:0x00000000 x31=0x00000000
     260755.000 ns	     26074	80005498	29c801d3	fmin.s	f3,f16,f28	 f16:0x7fc00000 f28:0xbf800000  f3=0xbf800000
     260775.000 ns	     26076	8000549c	01be58b3	srl	x17,x28,x27	 x28:0xeb728ea6 x27:0x00000000 x17=0xeb728ea6
     260795.000 ns	     26078	800054a0	c01bc053	fcvt.wu.s	x0,f23	 f23:0x80000000
     260815.000 ns	     26080	800054a4	394b6393	ori	x7,x22,916	 x22:0x00000000  x7=0x00000394
     260835.000 ns	     26082	800054a8	e0008653	fmv.x.w	x12,f1	  f1:0x80000000 x12=0x80000000
     260865.000 ns	     26085	800054ac	c00ca2d3	fcvt.w.s	x5,f25	 f25:0x89ffc000  x5=0x00000000
     260905.000 ns	     26089	800054b0	112004d3	fmul.s	f9,f0,f18	  f0:0x4f9c5e6e f18:0x7fc00000  f9=0x7fc00000
     260935.000 ns	     26092	800054b4	f0040b53	fmv.w.x	f22,x8	  x8:0x00000000 f22=0x00000000
     261305.000 ns	     26129	800054b8	030fe133	rem	x2,x31,x16	 x31:0x00000000 x16:0x80040fe4  x2=0x00000000
     261325.000 ns	     26131	800054bc	4a87a093	slti	x1,x15,1192	 x15:0x00000000  x1=0x00000001
     261335.000 ns	     26132	800054c0	41e45d93	srai	x27,x8,0x1e	  x8:0x00000000 x27=0x00000000
     261355.000 ns	     26134	800054c4	0362edb3	rem	x27,x5,x22	  x5:0x00000000 x22:0x00000000 x27=0x00000000
     261395.000 ns	     26138	800054c8	1976fe53	fdiv.s	f28,f13,f23	 f13:0x4f1c5e6d f23:0x80000000 f28=0xff800000
     261415.000 ns	     26140	800054cc	00d15613	srli	x12,x2,0xd	  x2:0x00000000 x12=0x00000000
     261445.000 ns	     26143	800054d0	19c87553	fdiv.s	f10,f16,f28	 f16:0x7fc00000 f28:0xff800000 f10=0x7fc00000
     261475.000 ns	     26146	800054d4	28a993d3	fmax.s	f7,f19,f10	 f19:0x00000001 f10:0x7fc00000  f7=0x00000001
     261505.000 ns	     26149	800054d8	a0920f53	fle.s	x30,f4,f9	  f4:0x80000000  f9:0x7fc00000 x30=0x00000000
     261525.000 ns	     26151	800054dc	00e36133	or	x2,x6,x14	  x6:0x7fffffff x14:0x00000000  x2=0x7fffffff
     261545.000 ns	     26153	800054e0	031e13b3	mulh	x7,x28,x17	 x28:0xeb728ea6 x17:0xeb728ea6  x7=0x01a667dc
     261575.000 ns	     26156	800054e4	d00803d3	fcvt.s.w	f7,x16	 x16:0x80040fe4  f7=0xcefff7e0
     261605.000 ns	     26159	800054e8	0252a633	mulhsu	x12,x5,x5	  x5:0x00000000  x5:0x00000000 x12=0x00000000
     261625.000 ns	     26161	800054ec	41cb5913	srai	x18,x22,0x1c	 x22:0x00000000 x18=0x00000000
     261635.000 ns	     26162	800054f0	00a1e5b3	or	x11,x3,x10	  x3:0xfffffded x10:0x7fffffff x11=0xffffffff
     261655.000 ns	     26164	800054f4	c0097dd3	fcvt.w.s	x27,f18	 f18:0x7fc00000 x27=0x7fffffff
     261675.000 ns	     26166	800054f8	01d04b33	xor	x22,x0,x29	  x0:0x00000000 x29:0xffffe001 x22=0xffffe001
     261695.000 ns	     26168	800054fc	03fe0c33	mul	x24,x28,x31	 x28:0xeb728ea6 x31:0x00000000 x24=0x00000000
     261725.000 ns	     26171	80005500	29d117d3	fmax.s	f15,f2,f29	  f2:0x7fc00000 f29:0x89ffc000 f15=0x89ffc000
     261755.000 ns	     26174	80005504	28b99053	fmax.s	f0,f19,f11	 f19:0x00000001 f11:0xcf000410  f0=0x00000001
     261785.000 ns	     26177	80005508	e0091e53	fclass.s	x28,f18	 f18:0x7fc00000 x28=0x00000200
     262155.000 ns	     26214	8000550c	03ad5933	divu	x18,x26,x26	 x26:0xffffffff x26:0xffffffff x18=0x00000001
     262175.000 ns	     26216	80005510	00000013	addi	x0,x0,0	  x0:0x00000000
     262195.000 ns	     26218	80005514	02d744b3	div	x9,x14,x13	 x14:0x00000000 x13:0x00000000  x9=0xffffffff
     262565.000 ns	     26255	80005518	02364533	div	x10,x12,x3	 x12:0x00000000  x3:0xfffffded x10=0x00000000
     262585.000 ns	     26257	8000551c	006e5a93	srli	x21,x28,0x6	 x28:0x00000200 x21=0x00000008
     262605.000 ns	     26259	80005520	a12414d3	flt.s	x9,f8,f18	  f8:0x4f1c5e6d f18:0x7fc00000  x9=0x00000000
     262635.000 ns	     26262	80005524	20d79d53	fsgnjn.s	f26,f15,f13	 f15:0x89ffc000 f13:0x4f1c5e6d f26=0x89ffc000
     262655.000 ns	     26264	80005528	396de513	ori	x10,x27,918	 x27:0x7fffffff x10=0x7fffffff
     262665.000 ns	     26265	8000552c	016b1f33	sll	x30,x22,x22	 x22:0xffffe001 x22:0xffffe001 x30=0xffffc002
     262675.000 ns	     26266	80005530	010583b3	add	x7,x11,x16	 x11:0xffffffff x16:0x80040fe4  x7=0x80040fe3
     262715.000 ns	     26270	80005534	012471d3	fadd.s	f3,f8,f18	  f8:0x4f1c5e6d f18:0x7fc00000  f3=0x7fc00000
     262735.000 ns	     26272	80005538	01e51c13	slli	x24,x10,0x1e	 x10:0x7fffffff x24=0xc0000000
     262765.000 ns	     26275	8000553c	18107953	fdiv.s	f18,f0,f1	  f0:0x00000001  f1:0x80000000 f18=0xff800000
     262795.000 ns	     26278	80005540	d0129a53	fcvt.s.wu	f20,x5	  x5:0x00000000 f20=0x00000000
     262825.000 ns	     26281	80005544	03af3533	mulhu	x10,x30,x26	 x30:0xffffc002 x26:0xffffffff x10=0xffffc001
     262845.000 ns	     26283	80005548	00c2dfb3	srl	x31,x5,x12	  x5:0x00000000 x12:0x00000000 x31=0x00000000
     262865.000 ns	     26285	8000554c	0247adb3	mulhsu	x27,x15,x4	 x15:0x00000000  x4:0x00000000 x27=0x00000000
     262895.000 ns	     26288	80005550	e00a91d3	fclass.s	x3,f21	 f21:0x00000000  x3=0x00000010
     262925.000 ns	     26291	80005554	a0e89b53	flt.s	x22,f17,f14	 f17:0xffc00000 f14:0x00000000 x22=0x00000000
     262945.000 ns	     26293	80005558	975e7693	andi	x13,x28,-1675	 x28:0x00000200 x13=0x00000000
     262965.000 ns	     26295	8000555c	d010aa53	fcvt.s.wu	f20,x1	  x1:0x00000001 f20=0x3f800000
     263005.000 ns	     26299	80005560	11a21c53	fmul.s	f24,f4,f26	  f4:0x80000000 f26:0x89ffc000 f24=0x00000000
     263035.000 ns	     26302	80005564	a0dd0f53	fle.s	x30,f26,f13	 f26:0x89ffc000 f13:0x4f1c5e6d x30=0x00000001
     263065.000 ns	     26305	80005568	e0011b53	fclass.s	x22,f2	  f2:0x7fc00000 x22=0x00000200
     263085.000 ns	     26307	8000556c	40bd5c13	srai	x24,x26,0xb	 x26:0xffffffff x24=0xffffffff
     263095.000 ns	     26308	80005570	006af0b3	and	x1,x21,x6	 x21:0x00000008  x6:0x7fffffff  x1=0x00000008
     263135.000 ns	     26312	80005574	09897dd3	fsub.s	f27,f18,f24	 f18:0xff800000 f24:0x00000000 f27=0xff800000
     263165.000 ns	     26315	80005578	c00a20d3	fcvt.w.s	x1,f20	 f20:0x3f800000  x1=0x00000001
     263185.000 ns	     26317	8000557c	007edfb3	srl	x31,x29,x7	 x29:0xffffe001  x7:0x80040fe3 x31=0x1ffffc00
     263205.000 ns	     26319	80005580	02eb1733	mulh	x14,x22,x14	 x22:0x00000200 x14:0x00000000 x14=0x00000000
     263225.000 ns	     26321	80005584	013badb3	slt	x27,x23,x19	 x23:0x00000000 x19:0x80041024 x27=0x00000000
     263245.000 ns	     26323	80005588	a1749cd3	flt.s	x25,f9,f23	  f9:0x7fc00000 f23:0x80000000 x25=0x00000000
     263285.000 ns	     26327	8000558c	100e86d3	fmul.s	f13,f29,f0	 f29:0x89ffc000  f0:0x00000001 f13=0x80000001
     263305.000 ns	     26329	80005590	4fa08913	addi	x18,x1,1274	  x1:0x00000001 x18=0x000004fb
     263325.000 ns	     26331	80005594	d0147553	fcvt.s.wu	f10,x8	  x8:0x00000000 f10=0x00000000
     263355.000 ns	     26334	80005598	2021a2d3	fsgnjx.s	f5,f3,f2	  f3:0x7fc00000  f2:0x7fc00000  f5=0x7fc00000
     263385.000 ns	     26337	8000559c	e00a9153	fclass.s	x2,f21	 f21:0x00000000  x2=0x00000010
     263415.000 ns	     26340	800055a0	03d8b733	mulhu	x14,x17,x29	 x17:0xeb728ea6 x29:0xffffe001 x14=0xeb727138
     263435.000 ns	     26342	800055a4	5ccc2513	slti	x10,x24,1484	 x24:0xffffffff x10=0x00000001
     263445.000 ns	     26343	800055a8	4144dc93	srai	x25,x9,0x14	  x9:0x00000000 x25=0x00000000
     263455.000 ns	     26344	800055ac	01b6ac33	slt	x24,x13,x27	 x13:0x00000000 x27:0x00000000 x24=0x00000000
     263475.000 ns	     26346	800055b0	c012f953	fcvt.wu.s	x18,f5	  f5:0x7fc00000 x18=0xffffffff
     263495.000 ns	     26348	800055b4	7b4d2093	slti	x1,x26,1972	 x26:0xffffffff  x1=0x00000001
     263515.000 ns	     26350	800055b8	a1799753	flt.s	x14,f19,f23	 f19:0x00000001 f23:0x80000000 x14=0x00000000
     263545.000 ns	     26353	800055bc	a0d4abd3	feq.s	x23,f9,f13	  f9:0x7fc00000 f13:0x80000001 x23=0x00000000
     263565.000 ns	     26355	800055c0	004a61b3	or	x3,x20,x4	 x20:0x00000000  x4:0x00000000  x3=0x00000000
     263575.000 ns	     26356	800055c4	d5bbab13	slti	x22,x23,-677	 x23:0x00000000 x22=0x00000000
     263585.000 ns	     26357	800055c8	01125513	srli	x10,x4,0x11	  x4:0x00000000 x10=0x00000000
     263595.000 ns	     26358	800055cc	00789e33	sll	x28,x17,x7	 x17:0xeb728ea6  x7:0x80040fe3 x28=0x5b947530
     263605.000 ns	     26359	800055d0	b3e31897	auipc	x17,0xb3e31	 x17=0x33e365d0
     263965.000 ns	     26395	800055d4	026e76b3	remu	x13,x28,x6	 x28:0x00000200  x6:0x7fffffff x13=0x5b947530
     263995.000 ns	     26398	800055d8	03c0a3b3	mulhsu	x7,x1,x28	  x1:0x00000001 x28:0x5b947530  x7=0x00000000
     264025.000 ns	     26401	800055dc	287b9a53	fmax.s	f20,f23,f7	 f23:0x80000000  f7:0xcefff7e0 f20=0x80000000
     264055.000 ns	     26404	800055e0	0217b333	mulhu	x6,x15,x1	 x15:0x00000000  x1:0x00000001  x6=0x00000000
     264085.000 ns	     26407	800055e4	03668eb3	mul	x29,x13,x22	 x13:0x5b947530 x22:0x00000000 x29=0x00000000
     264115.000 ns	     26410	800055e8	a01905d3	fle.s	x11,f18,f1	 f18:0xff800000  f1:0x80000000 x11=0x00000001
     264135.000 ns	     26412	800055ec	01851d13	slli	x26,x10,0x18	 x10:0x00000000 x26=0x00000000
     264145.000 ns	     26413	800055f0	01568e33	add	x28,x13,x21	 x13:0x5b947530 x21:0x00000008 x28=0x5b947538
     264175.000 ns	     26416	800055f4	580bbf53	fsqrt.s	f30,f23	 f23:0x80000000 f30=0x80000000
     264195.000 ns	     26418	800055f8	98e53913	sltiu	x18,x10,-1650	 x10:0x00000000 x18=0x00000001
     264205.000 ns	     26419	800055fc	be662413	slti	x8,x12,-1050	 x12:0x00000000  x8=0x00000000
     264225.000 ns	     26421	80005600	020b18b3	mulh	x17,x22,x0	 x22:0x00000000  x0:0x00000000 x17=0x00000000
     264255.000 ns	     26424	80005604	e00d12d3	fclass.s	x5,f26	 f26:0x89ffc000  x5=0x00000002
     264285.000 ns	     26427	80005608	f0048453	fmv.w.x	f8,x9	  x9:0x00000000  f8=0x00000000
     264315.000 ns	     26430	8000560c	e0058d53	fmv.x.w	x26,f11	 f11:0xcf000410 x26=0xcf000410
     264365.000 ns	     26435	80005610	094749d3	fsub.s	f19,f14,f20	 f14:0x00000000 f20:0x80000000 f19=0x00000000
     264395.000 ns	     26438	80005614	a0b81353	flt.s	x6,f16,f11	 f16:0x7fc00000 f11:0xcf000410  x6=0x00000000
     264415.000 ns	     26440	80005618	01151c93	slli	x25,x10,0x11	 x10:0x00000000 x25=0x00000000
     264425.000 ns	     26441	8000561c	728fcb93	xori	x23,x31,1832	 x31:0x1ffffc00 x23=0x1ffffb28
     264435.000 ns	     26442	80005620	41e85c13	srai	x24,x16,0x1e	 x16:0x80040fe4 x24=0xfffffffe
     264455.000 ns	     26444	80005624	28999b53	fmax.s	f22,f19,f9	 f19:0x00000000  f9:0x7fc00000 f22=0x00000000
     264475.000 ns	     26446	80005628	31ea44b7	lui	x9,0x31ea4	  x9=0x31ea4000
     264485.000 ns	     26447	8000562c	40da5d33	sra	x26,x20,x13	 x20:0x00000000 x13:0x5b947530 x26=0x00000000
     264495.000 ns	     26448	80005630	01ce7633	and	x12,x28,x28	 x28:0x5b947538 x28:0x5b947538 x12=0x5b947538
     264505.000 ns	     26449	80005634	6655f793	andi	x15,x11,1637	 x11:0x00000001 x15=0x00000001
     264525.000 ns	     26451	80005638	c00075d3	fcvt.w.s	x11,f0	  f0:0x00000001 x11=0x00000000
     264545.000 ns	     26453	8000563c	0076b333	sltu	x6,x13,x7	 x13:0x5b947530  x7:0x00000000  x6=0x00000000
     264565.000 ns	     26455	80005640	21b490d3	fsgnjn.s	f1,f9,f27	  f9:0x7fc00000 f27:0xff800000  f1=0x7fc00000
     264595.000 ns	     26458	80005644	02a81db3	mulh	x27,x16,x10	 x16:0x80040fe4 x10:0x00000000 x27=0x00000000
     264615.000 ns	     26460	80005648	b2e99597	auipc	x11,0xb2e99	 x11=0x32e9e648
     264625.000 ns	     26461	8000564c	00000013	addi	x0,x0,0	  x0:0x00000000
     264635.000 ns	     26462	80005650	00ee9c33	sll	x24,x29,x14	 x29:0x00000000 x14:0x00000000 x24=0x00000000
     264655.000 ns	     26464	80005654	a0fb0dd3	fle.s	x27,f22,f15	 f22:0x00000000 f15:0x89ffc000 x27=0x00000000
     264685.000 ns	     26467	80005658	03e79ab3	mulh	x21,x15,x30	 x15:0x00000001 x30:0x00000001 x21=0x00000000
     264705.000 ns	     26469	8000565c	01baef33	or	x30,x21,x27	 x21:0x00000008 x27:0x00000000 x30=0x00000000
     264715.000 ns	     26470	80005660	01fe2e33	slt	x28,x28,x31	 x28:0x5b947538 x31:0x1ffffc00 x28=0x00000000
     264725.000 ns	     26471	80005664	40fc0bb3	sub	x23,x24,x15	 x24:0x00000000 x15:0x00000001 x23=0xffffffff
     264735.000 ns	     26472	80005668	c7261a17	auipc	x20,0xc7261	 x20=0x47266668
     264755.000 ns	     26474	8000566c	20ed0453	fsgnj.s	f8,f26,f14	 f26:0x89ffc000 f14:0x00000000  f8=0x09ffc000
     264785.000 ns	     26477	80005670	03688b33	mul	x22,x17,x22	 x17:0x00000000 x22:0x00000000 x22=0x00000000
     264805.000 ns	     26479	80005674	0156adb3	slt	x27,x13,x21	 x13:0x5b947530 x21:0x00000000 x27=0x00000000
     264835.000 ns	     26482	80005678	5807add3	fsqrt.s	f27,f15	 f15:0x89ffc000 f27=0x7fc00000
     264855.000 ns	     26484	8000567c	00018533	add	x10,x3,x0	  x3:0x00000000  x0:0x00000000 x10=0x00000000
     264865.000 ns	     26485	80005680	00a363b3	or	x7,x6,x10	  x6:0x00000000 x10:0x00000000  x7=0x00000000
     264875.000 ns	     26486	80005684	311b2d93	slti	x27,x22,785	 x22:0x00000000 x27=0x00000001
     264895.000 ns	     26488	80005688	03d5da33	divu	x20,x11,x29	 x11:0x32e9e648 x29:0x00000000 x20=0xffffffff
     264915.000 ns	     26490	8000568c	00b58fb3	add	x31,x11,x11	 x11:0x32e9e648 x11:0x32e9e648 x31=0x65d3cc90
     264935.000 ns	     26492	80005690	c0037b53	fcvt.w.s	x22,f6	  f6:0x7fc00000 x22=0x7fffffff
     264965.000 ns	     26495	80005694	e00690d3	fclass.s	x1,f13	 f13:0x80000001  x1=0x00000004
     264995.000 ns	     26498	80005698	f0088ed3	fmv.w.x	f29,x17	 x17:0x00000000 f29=0x00000000
     265015.000 ns	     26500	8000569c	00bcb533	sltu	x10,x25,x11	 x25:0x00000000 x11:0x32e9e648 x10=0x00000001
     265035.000 ns	     26502	800056a0	a1510c53	fle.s	x24,f2,f21	  f2:0x7fc00000 f21:0x00000000 x24=0x00000000
     265065.000 ns	     26505	800056a4	029cbdb3	mulhu	x27,x25,x9	 x25:0x00000000  x9:0x31ea4000 x27=0x00000000
     265085.000 ns	     26507	800056a8	00000013	addi	x0,x0,0	  x0:0x00000000
     265105.000 ns	     26509	800056ac	02e51933	mulh	x18,x10,x14	 x10:0x00000001 x14:0x00000000 x18=0x00000000
     265125.000 ns	     26511	800056b0	e4d1ee93	ori	x29,x3,-435	  x3:0x00000000 x29=0xfffffe4d
     265135.000 ns	     26512	800056b4	41235d93	srai	x27,x6,0x12	  x6:0x00000000 x27=0x00000000
     265145.000 ns	     26513	800056b8	e918bc93	sltiu	x25,x17,-367	 x17:0x00000000 x25=0x00000001
     265155.000 ns	     26514	800056bc	01e41093	slli	x1,x8,0x1e	  x8:0x00000000  x1=0x00000000
     265195.000 ns	     26518	800056c0	01b87dd3	fadd.s	f27,f16,f27	 f16:0x7fc00000 f27:0x7fc00000 f27=0x7fc00000
     265225.000 ns	     26521	800056c4	d0127153	fcvt.s.wu	f2,x4	  x4:0x00000000  f2=0x00000000
     265245.000 ns	     26523	800056c8	3c0b2693	slti	x13,x22,960	 x22:0x7fffffff x13=0x00000000
     265255.000 ns	     26524	800056cc	1db437b7	lui	x15,0x1db43	 x15=0x1db43000
     265275.000 ns	     26526	800056d0	024f9c33	mulh	x24,x31,x4	 x31:0x65d3cc90  x4:0x00000000 x24=0x00000000
     265295.000 ns	     26528	800056d4	418e8a33	sub	x20,x29,x24	 x29:0xfffffe4d x24:0x00000000 x20=0xfffffe4d
     265315.000 ns	     26530	800056d8	02e7da33	divu	x20,x15,x14	 x15:0x1db43000 x14:0x00000000 x20=0xffffffff
     265335.000 ns	     26532	800056dc	00c82fb3	slt	x31,x16,x12	 x16:0x80040fe4 x12:0x5b947538 x31=0x00000001
     265345.000 ns	     26533	800056e0	00000013	addi	x0,x0,0	  x0:0x00000000
     265355.000 ns	     26534	800056e4	012e5113	srli	x2,x28,0x12	 x28:0x00000000  x2=0x00000000
     265385.000 ns	     26537	800056e8	11a77f53	fmul.s	f30,f14,f26	 f14:0x00000000 f26:0x89ffc000 f30=0x80000000
     265415.000 ns	     26540	800056ec	d00b70d3	fcvt.s.w	f1,x22	 x22:0x7fffffff  f1=0x4effffff
     265445.000 ns	     26543	800056f0	211fa253	fsgnjx.s	f4,f31,f17	 f31:0x80000000 f17:0xffc00000  f4=0x00000000
     265465.000 ns	     26545	800056f4	0057e1b3	or	x3,x15,x5	 x15:0x1db43000  x5:0x00000002  x3=0x1db43002
     265475.000 ns	     26546	800056f8	0bb5f493	andi	x9,x11,187	 x11:0x32e9e648  x9=0x00000008
     265485.000 ns	     26547	800056fc	89bf3a93	sltiu	x21,x30,-1893	 x30:0x00000000 x21=0x00000001
     265515.000 ns	     26550	80005700	18ac1153	fdiv.s	f2,f24,f10	 f24:0x00000000 f10:0x00000000  f2=0x7fc00000
     265555.000 ns	     26554	80005704	11e77553	fmul.s	f10,f14,f30	 f14:0x00000000 f30:0x80000000 f10=0x80000000
     265585.000 ns	     26557	80005708	f0090f53	fmv.w.x	f30,x18	 x18:0x00000000 f30=0x00000000
     265615.000 ns	     26560	8000570c	03b6e533	rem	x10,x13,x27	 x13:0x00000000 x27:0x00000000 x10=0x00000000
     265645.000 ns	     26563	80005710	02c385b3	mul	x11,x7,x12	  x7:0x00000000 x12:0x5b947538 x11=0x00000000
     265675.000 ns	     26566	80005714	29be87d3	fmin.s	f15,f29,f27	 f29:0x00000000 f27:0x7fc00000 f15=0x00000000
     265695.000 ns	     26568	80005718	01b2f633	and	x12,x5,x27	  x5:0x00000002 x27:0x00000000 x12=0x00000000
     265715.000 ns	     26570	8000571c	28479fd3	fmax.s	f31,f15,f4	 f15:0x00000000  f4:0x00000000 f31=0x00000000
     265735.000 ns	     26572	80005720	89c56793	ori	x15,x10,-1892	 x10:0x00000000 x15=0xfffff89c
     265755.000 ns	     26574	80005724	d01522d3	fcvt.s.wu	f5,x10	 x10:0x00000000  f5=0x00000000
     265775.000 ns	     26576	80005728	2bcac793	xori	x15,x21,700	 x21:0x00000001 x15=0x000002bd
     265795.000 ns	     26578	8000572c	a1a72a53	feq.s	x20,f14,f26	 f14:0x00000000 f26:0x89ffc000 x20=0x00000000
     265825.000 ns	     26581	80005730	02a48db3	mul	x27,x9,x10	  x9:0x00000008 x10:0x00000000 x27=0x00000000
     265865.000 ns	     26585	80005734	11098553	fmul.s	f10,f19,f16	 f19:0x00000000 f16:0x7fc00000 f10=0x7fc00000
     265885.000 ns	     26587	80005738	21d2de97	auipc	x29,0x21d2d	 x29=0xa1d32738
     265905.000 ns	     26589	8000573c	29629553	fmax.s	f10,f5,f22	  f5:0x00000000 f22:0x00000000 f10=0x00000000
     265925.000 ns	     26591	80005740	00932933	slt	x18,x6,x9	  x6:0x00000000  x9:0x00000008 x18=0x00000001
     265945.000 ns	     26593	80005744	209915d3	fsgnjn.s	f11,f18,f9	 f18:0xff800000  f9:0x7fc00000 f11=0xff800000
     265975.000 ns	     26596	80005748	034cfd33	remu	x26,x25,x20	 x25:0x00000001 x20:0x00000000 x26=0x00000001
     265995.000 ns	     26598	8000574c	01b48633	add	x12,x9,x27	  x9:0x00000008 x27:0x00000000 x12=0x00000008
     266005.000 ns	     26599	80005750	41a95bb3	sra	x23,x18,x26	 x18:0x00000001 x26:0x00000001 x23=0x00000000
     266015.000 ns	     26600	80005754	aef2f1b7	lui	x3,0xaef2f	  x3=0xaef2f000
     266025.000 ns	     26601	80005758	00ab28b3	slt	x17,x22,x10	 x22:0x7fffffff x10:0x00000000 x17=0x00000000
     266385.000 ns	     26637	8000575c	02f9d2b3	divu	x5,x19,x15	 x19:0x80041024 x15:0x000002bd  x5=0x002ec01d
     266405.000 ns	     26639	80005760	d5e6ea13	ori	x20,x13,-674	 x13:0x00000000 x20=0xfffffd5e
     266765.000 ns	     26675	80005764	0322f6b3	remu	x13,x5,x18	  x5:0x002ec01d x18:0x00000001 x13=0x00000000
     266785.000 ns	     26677	80005768	2f276513	ori	x10,x14,754	 x14:0x00000000 x10=0x000002f2
     266825.000 ns	     26681	8000576c	09d81553	fsub.s	f10,f16,f29	 f16:0x7fc00000 f29:0x00000000 f10=0x7fc00000
     266855.000 ns	     26684	80005770	a01d06d3	fle.s	x13,f26,f1	 f26:0x89ffc000  f1:0x4effffff x13=0x00000001
     266875.000 ns	     26686	80005774	41208033	sub	x0,x1,x18	  x1:0x00000000 x18:0x00000001
     266895.000 ns	     26688	80005778	29809053	fmax.s	f0,f1,f24	  f1:0x4effffff f24:0x00000000  f0=0x4effffff
     266915.000 ns	     26690	8000577c	00000013	addi	x0,x0,0	  x0:0x00000000
     267275.000 ns	     26726	80005780	02d46433	rem	x8,x8,x13	  x8:0x00000000 x13:0x00000001  x8=0x00000000
     267305.000 ns	     26729	80005784	039ab733	mulhu	x14,x21,x25	 x21:0x00000001 x25:0x00000001 x14=0x00000000
     267335.000 ns	     26732	80005788	e00e9c53	fclass.s	x24,f29	 f29:0x00000000 x24=0x00000010
     267355.000 ns	     26734	8000578c	0094a433	slt	x8,x9,x9	  x9:0x00000008  x9:0x00000008  x8=0x00000000
     267375.000 ns	     26736	80005790	d0067fd3	fcvt.s.w	f31,x12	 x12:0x00000008 f31=0x41000000
     267405.000 ns	     26739	80005794	024e38b3	mulhu	x17,x28,x4	 x28:0x00000000  x4:0x00000000 x17=0x00000000
     267435.000 ns	     26742	80005798	d01e4a53	fcvt.s.wu	f20,x28	 x28:0x00000000 f20=0x00000000
     267485.000 ns	     26747	8000579c	09847c53	fsub.s	f24,f8,f24	  f8:0x09ffc000 f24:0x00000000 f24=0x09ffc000
     267505.000 ns	     26749	800057a0	00000013	addi	x0,x0,0	  x0:0x00000000
     267545.000 ns	     26753	800057a4	084170d3	fsub.s	f1,f2,f4	  f2:0x7fc00000  f4:0x00000000  f1=0x7fc00000
     267575.000 ns	     26756	800057a8	f00088d3	fmv.w.x	f17,x1	  x1:0x00000000 f17=0x00000000
     267625.000 ns	     26761	800057ac	01474d53	fadd.s	f26,f14,f20	 f14:0x00000000 f20:0x00000000 f26=0x00000000
     267645.000 ns	     26763	800057b0	401cd733	sra	x14,x25,x1	 x25:0x00000001  x1:0x00000000 x14=0x00000001
     267665.000 ns	     26765	800057b4	29648dd3	fmin.s	f27,f9,f22	  f9:0x7fc00000 f22:0x00000000 f27=0x00000000
     267685.000 ns	     26767	800057b8	93a96613	ori	x12,x18,-1734	 x18:0x00000001 x12=0xfffff93b
     267695.000 ns	     26768	800057bc	41b15b93	srai	x23,x2,0x1b	  x2:0x00000000 x23=0x00000000
     267715.000 ns	     26770	800057c0	d01af253	fcvt.s.wu	f4,x21	 x21:0x00000001  f4=0x3f800000
     267765.000 ns	     26775	800057c4	094d0dd3	fsub.s	f27,f26,f20	 f26:0x00000000 f20:0x00000000 f27=0x80000000
     267785.000 ns	     26777	800057c8	00563133	sltu	x2,x12,x5	 x12:0xfffff93b  x5:0x002ec01d  x2=0x00000000
     267795.000 ns	     26778	800057cc	6a252d93	slti	x27,x10,1698	 x10:0x000002f2 x27=0x00000001
     268125.000 ns	     26811	800057d0	18042d53	fdiv.s	f26,f8,f0	  f8:0x09ffc000  f0:0x4effffff f26=0x7a7fc000
     268155.000 ns	     26814	800057d4	c0008b53	fcvt.w.s	x22,f1	  f1:0x7fc00000 x22=0x7fffffff
     268185.000 ns	     26817	800057d8	e00b0753	fmv.x.w	x14,f22	 f22:0x00000000 x14=0x00000000
     268205.000 ns	     26819	800057dc	4192dd33	sra	x26,x5,x25	  x5:0x002ec01d x25:0x00000001 x26=0x0017600e
     268225.000 ns	     26821	800057e0	29911653	fmax.s	f12,f2,f25	  f2:0x7fc00000 f25:0x89ffc000 f12=0x89ffc000
     268245.000 ns	     26823	800057e4	012f9293	slli	x5,x31,0x12	 x31:0x00000001  x5=0x00040000
     268255.000 ns	     26824	800057e8	012a4733	xor	x14,x20,x18	 x20:0xfffffd5e x18:0x00000001 x14=0xfffffd5f
     268265.000 ns	     26825	800057ec	01ace5b3	or	x11,x25,x26	 x25:0x00000001 x26:0x0017600e x11=0x0017600f
     268275.000 ns	     26826	800057f0	649a1db7	lui	x27,0x649a1	 x27=0x649a1000
     268285.000 ns	     26827	800057f4	0008b0b3	sltu	x1,x17,x0	 x17:0x00000000  x0:0x00000000  x1=0x00000000
     268295.000 ns	     26828	800057f8	105a6e37	lui	x28,0x105a6	 x28=0x105a6000
     268305.000 ns	     26829	800057fc	3ce26893	ori	x17,x4,974	  x4:0x00000000 x17=0x000003ce
     268665.000 ns	     26865	80005800	032d7c33	remu	x24,x26,x18	 x26:0x0017600e x18:0x00000001 x24=0x00000000
     268695.000 ns	     26868	80005804	c01e08d3	fcvt.wu.s	x17,f28	 f28:0xff800000 x17=0x00000000
     268725.000 ns	     26871	80005808	024f4bb3	div	x23,x30,x4	 x30:0x00000000  x4:0x00000000 x23=0xffffffff
     268755.000 ns	     26874	8000580c	c010f653	fcvt.wu.s	x12,f1	  f1:0x7fc00000 x12=0xffffffff
     268785.000 ns	     26877	80005810	d00686d3	fcvt.s.w	f13,x13	 x13:0x00000001 f13=0x3f800000
     268805.000 ns	     26879	80005814	59320613	addi	x12,x4,1427	  x4:0x00000000 x12=0x00000593
     268815.000 ns	     26880	80005818	a04ef113	andi	x2,x29,-1532	 x29:0xa1d32738  x2=0xa1d32200
     268855.000 ns	     26884	8000581c	0103f5d3	fadd.s	f11,f7,f16	  f7:0xcefff7e0 f16:0x7fc00000 f11=0x7fc00000
     268885.000 ns	     26887	80005820	d0010053	fcvt.s.w	f0,x2	  x2:0x00000000  f0=0xcebc59bc
     268905.000 ns	     26889	80005824	01079e13	slli	x28,x15,0x10	 x15:0x000002bd x28=0x02bd0000
     268925.000 ns	     26891	80005828	28a518d3	fmax.s	f17,f10,f10	 f10:0x7fc00000 f10:0x7fc00000 f17=0x7fc00000
     268955.000 ns	     26894	8000582c	a1582f53	feq.s	x30,f16,f21	 f16:0x7fc00000 f21:0x00000000 x30=0x00000000
     268975.000 ns	     26896	80005830	004e5493	srli	x9,x28,0x4	 x28:0x02bd0000  x9=0x002bd000
     268985.000 ns	     26897	80005834	1be1ea13	ori	x20,x3,446	  x3:0xaef2f000 x20=0xaef2f1be
     268995.000 ns	     26898	80005838	2e658413	addi	x8,x11,742	 x11:0x0017600f  x8=0x001762f5
     269005.000 ns	     26899	8000583c	013f1a33	sll	x20,x30,x19	 x30:0x00000000 x19:0x80041024 x20=0x00000000
     269035.000 ns	     26902	80005840	11daf553	fmul.s	f10,f21,f29	 f21:0x00000000 f29:0x00000000 f10=0x00000000
     269065.000 ns	     26905	80005844	031368b3	rem	x17,x6,x17	  x6:0x00000000 x17:0x00000000 x17=0x00000000
     269085.000 ns	     26907	80005848	00929293	slli	x5,x5,0x9	  x5:0x00040000  x5=0x08000000
     269105.000 ns	     26909	8000584c	282d0b53	fmin.s	f22,f26,f2	 f26:0x7a7fc000  f2:0x7fc00000 f22=0x7a7fc000
     269125.000 ns	     26911	80005850	00f8efb3	or	x31,x17,x15	 x17:0x00000000 x15:0x000002bd x31=0x000002bd
     269145.000 ns	     26913	80005854	c00af2d3	fcvt.w.s	x5,f21	 f21:0x00000000  x5=0x00000000
     269175.000 ns	     26916	80005858	020053b3	divu	x7,x0,x0	  x0:0x00000000  x0:0x00000000  x7=0xffffffff
     269205.000 ns	     26919	8000585c	03ea0d33	mul	x26,x20,x30	 x20:0x00000000 x30:0x00000000 x26=0x00000000
     269225.000 ns	     26921	80005860	40335633	sra	x12,x6,x3	  x6:0x00000000  x3:0xaef2f000 x12=0x00000000
     269245.000 ns	     26923	80005864	03e70e33	mul	x28,x14,x30	 x14:0xfffffd5f x30:0x00000000 x28=0x00000000
     269265.000 ns	     26925	80005868	01c9bbb3	sltu	x23,x19,x28	 x19:0x80041024 x28:0x02bd0000 x23=0x00000000
     269275.000 ns	     26926	8000586c	41495e33	sra	x28,x18,x20	 x18:0x00000001 x20:0x00000000 x28=0x00000001
     269295.000 ns	     26928	80005870	034b67b3	rem	x15,x22,x20	 x22:0x7fffffff x20:0x00000000 x15=0x7fffffff
     269345.000 ns	     26933	80005874	006b7dd3	fadd.s	f27,f22,f6	 f22:0x7a7fc000  f6:0x7fc00000 f27=0x7fc00000
     269365.000 ns	     26935	80005878	40165793	srai	x15,x12,0x1	 x12:0x00000000 x15=0x00000000
     269385.000 ns	     26937	8000587c	28cd1dd3	fmax.s	f27,f26,f12	 f26:0x7a7fc000 f12:0x89ffc000 f27=0x7a7fc000
     269415.000 ns	     26940	80005880	035da933	mulhsu	x18,x27,x21	 x27:0x649a1000 x21:0x00000001 x18=0x00000000
     269435.000 ns	     26942	80005884	01ae3a33	sltu	x20,x28,x26	 x28:0x00000001 x26:0x00000000 x20=0x00000000
     269445.000 ns	     26943	80005888	01de3533	sltu	x10,x28,x29	 x28:0x00000001 x29:0xa1d32738 x10=0x00000001
     269455.000 ns	     26944	8000588c	e68e7d17	auipc	x26,0xe68e7	 x26=0x668ec88c
     269475.000 ns	     26946	80005890	0370df33	divu	x30,x1,x23	  x1:0x00000000 x23:0x00000000 x30=0xffffffff
     269505.000 ns	     26949	80005894	02645cb3	divu	x25,x8,x6	  x8:0x001762f5  x6:0x00000000 x25=0xffffffff
     269525.000 ns	     26951	80005898	009ecdb3	xor	x27,x29,x9	 x29:0xa1d32738  x9:0x002bd000 x27=0xa1f8f738
     269535.000 ns	     26952	8000589c	8efc3893	sltiu	x17,x24,-1809	 x24:0x00000000 x17=0x00000001
     269565.000 ns	     26955	800058a0	580e93d3	fsqrt.s	f7,f29	 f29:0x00000000  f7=0x00000000
     269585.000 ns	     26957	800058a4	5ad1c697	auipc	x13,0x5ad1c	 x13=0xdad218a4
     269605.000 ns	     26959	800058a8	02a722b3	mulhsu	x5,x14,x10	 x14:0xfffffd5f x10:0x00000001  x5=0xffffffff
     269625.000 ns	     26961	800058ac	612b4713	xori	x14,x22,1554	 x22:0x7fffffff x14=0x7ffff9ed
     269645.000 ns	     26963	800058b0	e00c1553	fclass.s	x10,f24	 f24:0x09ffc000 x10=0x00000040
     269685.000 ns	     26967	800058b4	5804b0d3	fsqrt.s	f1,f9	  f9:0x7fc00000  f1=0x7fc00000
     269715.000 ns	     26970	800058b8	21159fd3	fsgnjn.s	f31,f11,f17	 f11:0x7fc00000 f17:0x7fc00000 f31=0xffc00000
     269735.000 ns	     26972	800058bc	00b36633	or	x12,x6,x11	  x6:0x00000000 x11:0x0017600f x12=0x0017600f
     269745.000 ns	     26973	800058c0	d5fc4293	xori	x5,x24,-673	 x24:0x00000000  x5=0xfffffd5f
     269765.000 ns	     26975	800058c4	f00b8d53	fmv.w.x	f26,x23	 x23:0x00000000 f26=0x00000000
     269795.000 ns	     26978	800058c8	29d79d53	fmax.s	f26,f15,f29	 f15:0x00000000 f29:0x00000000 f26=0x00000000
     269835.000 ns	     26982	800058cc	19d989d3	fdiv.s	f19,f19,f29	 f19:0x00000000 f29:0x00000000 f19=0x7fc00000
     269855.000 ns	     26984	800058d0	01bc9b93	slli	x23,x25,0x1b	 x25:0xffffffff x23=0xf8000000
     269865.000 ns	     26985	800058d4	7f0da193	slti	x3,x27,2032	 x27:0xa1f8f738  x3=0x00000001
     270225.000 ns	     27021	800058d8	03eff033	remu	x0,x31,x30	 x31:0x000002bd x30:0xffffffff
     270245.000 ns	     27023	800058dc	60523b13	sltiu	x22,x4,1541	  x4:0x00000000 x22=0x00000001
     270265.000 ns	     27025	800058e0	02a9a6b3	mulhsu	x13,x19,x10	 x19:0x80041024 x10:0x00000040 x13=0xffffffe0
     270285.000 ns	     27027	800058e4	01eca633	slt	x12,x25,x30	 x25:0xffffffff x30:0xffffffff x12=0x00000000
     270645.000 ns	     27063	800058e8	030ddab3	divu	x21,x27,x16	 x27:0xa1f8f738 x16:0x80040fe4 x21=0x00000001
     270685.000 ns	     27067	800058ec	106c80d3	fmul.s	f1,f25,f6	 f25:0x89ffc000  f6:0x7fc00000  f1=0x7fc00000
     270725.000 ns	     27071	800058f0	5807f8d3	fsqrt.s	f17,f15	 f15:0x00000000 f17=0x00000000
     270745.000 ns	     27073	800058f4	01db1713	slli	x14,x22,0x1d	 x22:0x00000001 x14=0x20000000
     270765.000 ns	     27075	800058f8	20eba053	fsgnjx.s	f0,f23,f14	 f23:0x80000000 f14:0x00000000  f0=0x80000000
     270785.000 ns	     27077	800058fc	011898b3	sll	x17,x17,x17	 x17:0x00000001 x17:0x00000001 x17=0x00000002
     270795.000 ns	     27078	80005900	00857bb3	and	x23,x10,x8	 x10:0x00000040  x8:0x001762f5 x23=0x00000040
     270835.000 ns	     27082	80005904	019435d3	fadd.s	f11,f8,f25	  f8:0x09ffc000 f25:0x89ffc000 f11=0x80000000
     270865.000 ns	     27085	80005908	a0f48b53	fle.s	x22,f9,f15	  f9:0x7fc00000 f15:0x00000000 x22=0x00000000
     270895.000 ns	     27088	8000590c	03d18633	mul	x12,x3,x29	  x3:0x00000001 x29:0xa1d32738 x12=0xa1d32738
     270915.000 ns	     27090	80005910	2d95e593	ori	x11,x11,729	 x11:0x0017600f x11=0x001762df
     270935.000 ns	     27092	80005914	c0093453	fcvt.w.s	x8,f18	 f18:0xff800000  x8=0x80000000
     270975.000 ns	     27096	80005918	5804f8d3	fsqrt.s	f17,f9	  f9:0x7fc00000 f17=0x7fc00000
     271345.000 ns	     27133	8000591c	03baf733	remu	x14,x21,x27	 x21:0x00000001 x27:0xa1f8f738 x14=0x00000001
     271375.000 ns	     27136	80005920	03c133b3	mulhu	x7,x2,x28	  x2:0xa1d32200 x28:0x00000001  x7=0x00000000
     271395.000 ns	     27138	80005924	cb54b913	sltiu	x18,x9,-843	  x9:0x002bd000 x18=0x00000001
     271415.000 ns	     27140	80005928	28d31d53	fmax.s	f26,f6,f13	  f6:0x7fc00000 f13:0x3f800000 f26=0x3f800000
     271435.000 ns	     27142	8000592c	00099f33	sll	x30,x19,x0	 x19:0x80041024  x0:0x00000000 x30=0x80041024
     271445.000 ns	     27143	80005930	4535b537	lui	x10,0x4535b	 x10=0x4535b000
     271465.000 ns	     27145	80005934	c0087053	fcvt.w.s	x0,f16	 f16:0x7fc00000
     271495.000 ns	     27148	80005938	20489453	fsgnjn.s	f8,f17,f4	 f17:0x7fc00000  f4:0x3f800000  f8=0xffc00000
     271525.000 ns	     27151	8000593c	d0040c53	fcvt.s.w	f24,x8	  x8:0x80000000 f24=0xcf000000
     271545.000 ns	     27153	80005940	0182d413	srli	x8,x5,0x18	  x5:0xfffffd5f  x8=0x000000ff
     271565.000 ns	     27155	80005944	038f23b3	mulhsu	x7,x30,x24	 x30:0x80041024 x24:0x00000000  x7=0x00000000
     271595.000 ns	     27158	80005948	d01dcfd3	fcvt.s.wu	f31,x27	 x27:0xa1f8f738 f31=0x4f21f8f7
     271615.000 ns	     27160	8000594c	000bf533	and	x10,x23,x0	 x23:0x00000040  x0:0x00000000 x10=0x00000000
     271625.000 ns	     27161	80005950	01e4abb3	slt	x23,x9,x30	  x9:0x002bd000 x30:0x80041024 x23=0x00000000
     271635.000 ns	     27162	80005954	011b5313	srli	x6,x22,0x11	 x22:0x00000000  x6=0x00000000
     271655.000 ns	     27164	80005958	021c9ab3	mulh	x21,x25,x1	 x25:0xffffffff  x1:0x00000000 x21=0x00000000
     271685.000 ns	     27167	8000595c	03ce2b33	mulhsu	x22,x28,x28	 x28:0x00000001 x28:0x00000001 x22=0x00000000
     271705.000 ns	     27169	80005960	cc6c5c97	auipc	x25,0xcc6c5	 x25=0x4c6ca960
     271715.000 ns	     27170	80005964	0018dc93	srli	x25,x17,0x1	 x17:0x00000002 x25=0x00000001
     271725.000 ns	     27171	80005968	012e9033	sll	x0,x29,x18	 x29:0xa1d32738 x18:0x00000001
     271765.000 ns	     27175	8000596c	084f17d3	fsub.s	f15,f30,f4	 f30:0x00000000  f4:0x3f800000 f15=0xbf800000
     271795.000 ns	     27178	80005970	295c8a53	fmin.s	f20,f25,f21	 f25:0x89ffc000 f21:0x00000000 f20=0x89ffc000
     271825.000 ns	     27181	80005974	038b07b3	mul	x15,x22,x24	 x22:0x00000000 x24:0x00000000 x15=0x00000000
     271845.000 ns	     27183	80005978	f7af3e93	sltiu	x29,x30,-134	 x30:0x80041024 x29=0x00000001
     271855.000 ns	     27184	8000597c	01c53933	sltu	x18,x10,x28	 x10:0x00000000 x28:0x00000001 x18=0x00000001
     271875.000 ns	     27186	80005980	21fdabd3	fsgnjx.s	f23,f27,f31	 f27:0x7a7fc000 f31:0x4f21f8f7 f23=0x7a7fc000
     272245.000 ns	     27223	80005984	02c1f733	remu	x14,x3,x12	  x3:0x00000001 x12:0xa1d32738 x14=0x00000001
     272265.000 ns	     27225	80005988	00f31cb3	sll	x25,x6,x15	  x6:0x00000000 x15:0x00000000 x25=0x00000000
     272275.000 ns	     27226	8000598c	004a5f13	srli	x30,x20,0x4	 x20:0x00000000 x30=0x00000000
     272295.000 ns	     27228	80005990	034eeb33	rem	x22,x29,x20	 x29:0x00000001 x20:0x00000000 x22=0x00000001
     272315.000 ns	     27230	80005994	d80ccb93	xori	x23,x25,-640	 x25:0x00000000 x23=0xfffffd80
     272325.000 ns	     27231	80005998	d8cbaf93	slti	x31,x23,-628	 x23:0x00000000 x31=0x00000001
     272345.000 ns	     27233	8000599c	e0009653	fclass.s	x12,f1	  f1:0x7fc00000 x12=0x00000200
     272365.000 ns	     27235	800059a0	41b05cb3	sra	x25,x0,x27	  x0:0x00000000 x27:0xa1f8f738 x25=0x00000000
     272385.000 ns	     27237	800059a4	c00d8a53	fcvt.w.s	x20,f27	 f27:0x7a7fc000 x20=0x7fffffff
     272405.000 ns	     27239	800059a8	41c85333	sra	x6,x16,x28	 x16:0x80040fe4 x28:0x00000001  x6=0xc00207f2
     272425.000 ns	     27241	800059ac	0382b933	mulhu	x18,x5,x24	  x5:0xfffffd5f x24:0x00000000 x18=0x00000000
     272445.000 ns	     27243	800059b0	00e64cb3	xor	x25,x12,x14	 x12:0x00000200 x14:0x00000001 x25=0x00000201
     272455.000 ns	     27244	800059b4	0104de33	srl	x28,x9,x16	  x9:0x002bd000 x16:0x80040fe4 x28=0x0002bd00
     272475.000 ns	     27246	800059b8	a08002d3	fle.s	x5,f0,f8	  f0:0x80000000  f8:0xffc00000  x5=0x00000000
     272495.000 ns	     27248	800059bc	0045f113	andi	x2,x11,4	 x11:0x001762df  x2=0x00000004
     272505.000 ns	     27249	800059c0	f8c9cf13	xori	x30,x19,-116	 x19:0x80041024 x30=0x7ffbefa8
     273675.000 ns	     27366	800059c4	5806a1d3	fsqrt.s	f3,f13	 f13:0x3f800000  f3=0x3f7fffae
     273705.000 ns	     27369	800059c8	a0921953	flt.s	x18,f4,f9	  f4:0x3f800000  f9:0x7fc00000 x18=0x00000000
     273735.000 ns	     27372	800059cc	28cc94d3	fmax.s	f9,f25,f12	 f25:0x89ffc000 f12:0x89ffc000  f9=0x89ffc000
     273755.000 ns	     27374	800059d0	003a8eb3	add	x29,x21,x3	 x21:0x00000000  x3:0x00000001 x29=0x00000001
     273775.000 ns	     27376	800059d4	219a2d53	fsgnjx.s	f26,f20,f25	 f20:0x89ffc000 f25:0x89ffc000 f26=0x09ffc000
     273795.000 ns	     27378	800059d8	00e82ab3	slt	x21,x16,x14	 x16:0x80040fe4 x14:0x00000001 x21=0x00000001
     273815.000 ns	     27380	800059dc	297c9953	fmax.s	f18,f25,f23	 f25:0x89ffc000 f23:0x7a7fc000 f18=0x7a7fc000
     273835.000 ns	     27382	800059e0	001b0e33	add	x28,x22,x1	 x22:0x00000001  x1:0x00000000 x28=0x00000001
     273845.000 ns	     27383	800059e4	00000013	addi	x0,x0,0	  x0:0x00000000
     273865.000 ns	     27385	800059e8	a1a30653	fle.s	x12,f6,f26	  f6:0x7fc00000 f26:0x09ffc000 x12=0x00000000
     273885.000 ns	     27387	800059ec	0188f6b3	and	x13,x17,x24	 x17:0x00000002 x24:0x00000000 x13=0x00000000
     273905.000 ns	     27389	800059f0	f0048a53	fmv.w.x	f20,x9	  x9:0x002bd000 f20=0x002bd000
     273925.000 ns	     27391	800059f4	006e1533	sll	x10,x28,x6	 x28:0x00000001  x6:0xc00207f2 x10=0x00040000
     273935.000 ns	     27392	800059f8	405f0cb3	sub	x25,x30,x5	 x30:0x7ffbefa8  x5:0x00000000 x25=0x7ffbefa8
     273955.000 ns	     27394	800059fc	200012d3	fsgnjn.s	f5,f0,f0	  f0:0x80000000  f0:0x80000000  f5=0x00000000
     273975.000 ns	     27396	80005a00	00452733	slt	x14,x10,x4	 x10:0x00040000  x4:0x00000000 x14=0x00000000
     273985.000 ns	     27397	80005a04	41bb0633	sub	x12,x22,x27	 x22:0x00000001 x27:0xa1f8f738 x12=0x5e0708c9
     274005.000 ns	     27399	80005a08	28329e53	fmax.s	f28,f5,f3	  f5:0x00000000  f3:0x3f7fffae f28=0x3f7fffae
     274375.000 ns	     27436	80005a0c	028e7d33	remu	x26,x28,x8	 x28:0x00000001  x8:0x000000ff x26=0x00000001
     274745.000 ns	     27473	80005a10	035cfbb3	remu	x23,x25,x21	 x25:0x7ffbefa8 x21:0x00000001 x23=0x00000000
     274765.000 ns	     27475	80005a14	00000013	addi	x0,x0,0	  x0:0x00000000
     274785.000 ns	     27477	80005a18	c009b953	fcvt.w.s	x18,f19	 f19:0x7fc00000 x18=0x7fffffff
     274815.000 ns	     27480	80005a1c	a08f1dd3	flt.s	x27,f30,f8	 f30:0x00000000  f8:0xffc00000 x27=0x00000000
     274835.000 ns	     27482	80005a20	00a725b3	slt	x11,x14,x10	 x14:0x00000000 x10:0x00040000 x11=0x00000001
     274845.000 ns	     27483	80005a24	7003e393	ori	x7,x7,1792	  x7:0x00000000  x7=0x00000700
     274855.000 ns	     27484	80005a28	4144e393	ori	x7,x9,1044	  x9:0x002bd000  x7=0x002bd414
     274885.000 ns	     27487	80005a2c	112c24d3	fmul.s	f9,f24,f18	 f24:0xcf000000 f18:0x7a7fc000  f9=0xff800000
     274905.000 ns	     27489	80005a30	bc2dae93	slti	x29,x27,-1086	 x27:0x00000000 x29=0x00000000
     274915.000 ns	     27490	80005a34	85a02b13	slti	x22,x0,-1958	  x0:0x00000000 x22=0x00000000
     274935.000 ns	     27492	80005a38	28468bd3	fmin.s	f23,f13,f4	 f13:0x3f800000  f4:0x3f800000 f23=0x3f800000
     274955.000 ns	     27494	80005a3c	fdb0a413	slti	x8,x1,-37	  x1:0x00000000  x8=0x00000000
     274985.000 ns	     27497	80005a40	18af03d3	fdiv.s	f7,f30,f10	 f30:0x00000000 f10:0x00000000  f7=0x7fc00000
     275005.000 ns	     27499	80005a44	00e8bfb3	sltu	x31,x17,x14	 x17:0x00000002 x14:0x00000000 x31=0x00000000
     275015.000 ns	     27500	80005a48	00774533	xor	x10,x14,x7	 x14:0x00000000  x7:0x002bd414 x10=0x002bd414
     275025.000 ns	     27501	80005a4c	73f4e313	ori	x6,x9,1855	  x9:0x002bd000  x6=0x002bd73f
     275035.000 ns	     27502	80005a50	41f28eb3	sub	x29,x5,x31	  x5:0x00000000 x31:0x00000000 x29=0x00000000
     275055.000 ns	     27504	80005a54	21dca753	fsgnjx.s	f14,f25,f29	 f25:0x89ffc000 f29:0x00000000 f14=0x89ffc000
     275075.000 ns	     27506	80005a58	012a2a33	slt	x20,x20,x18	 x20:0x7fffffff x18:0x7fffffff x20=0x00000000
     275085.000 ns	     27507	80005a5c	b76b2197	auipc	x3,0xb76b2	  x3=0x376b7a5c
     275105.000 ns	     27509	80005a60	032d30b3	mulhu	x1,x26,x18	 x26:0x00000001 x18:0x7fffffff  x1=0x00000000
     275135.000 ns	     27512	80005a64	02d75a33	divu	x20,x14,x13	 x14:0x00000000 x13:0x00000000 x20=0xffffffff
     275155.000 ns	     27514	80005a68	6bb7b113	sltiu	x2,x15,1723	 x15:0x00000000  x2=0x00000001
     275165.000 ns	     27515	80005a6c	019d3e33	sltu	x28,x26,x25	 x26:0x00000001 x25:0x7ffbefa8 x28=0x00000001
     275175.000 ns	     27516	80005a70	008a6733	or	x14,x20,x8	 x20:0xffffffff  x8:0x00000000 x14=0xffffffff
     275185.000 ns	     27517	80005a74	0155d0b3	srl	x1,x11,x21	 x11:0x00000001 x21:0x00000001  x1=0x00000000
     275205.000 ns	     27519	80005a78	28af8653	fmin.s	f12,f31,f10	 f31:0x4f21f8f7 f10:0x00000000 f12=0x00000000
     275235.000 ns	     27522	80005a7c	d00bf653	fcvt.s.w	f12,x23	 x23:0x00000000 f12=0x00000000
     275265.000 ns	     27525	80005a80	d0009653	fcvt.s.w	f12,x1	  x1:0x00000000 f12=0x00000000
     275295.000 ns	     27528	80005a84	02036b33	rem	x22,x6,x0	  x6:0x002bd73f  x0:0x00000000 x22=0x002bd73f
     275325.000 ns	     27531	80005a88	e00a9cd3	fclass.s	x25,f21	 f21:0x00000000 x25=0x00000010
     275375.000 ns	     27536	80005a8c	01c77a53	fadd.s	f20,f14,f28	 f14:0x89ffc000 f28:0x3f7fffae f20=0x3f7fffae
     275745.000 ns	     27573	80005a90	0263cf33	div	x30,x7,x6	  x7:0x002bd414  x6:0x002bd73f x30=0x00000000
     275775.000 ns	     27576	80005a94	a004a7d3	feq.s	x15,f9,f0	  f9:0xff800000  f0:0x80000000 x15=0x00000000
     275795.000 ns	     27578	80005a98	0024cd33	xor	x26,x9,x2	  x9:0x002bd000  x2:0x00000001 x26=0x002bd001
     275815.000 ns	     27580	80005a9c	a09984d3	fle.s	x9,f19,f9	 f19:0x7fc00000  f9:0xff800000  x9=0x00000000
     275835.000 ns	     27582	80005aa0	00f01f13	slli	x30,x0,0xf	  x0:0x00000000 x30=0x00000000
     276195.000 ns	     27618	80005aa4	030bea33	rem	x20,x23,x16	 x23:0x00000000 x16:0x80040fe4 x20=0x00000000
     276215.000 ns	     27620	80005aa8	00000013	addi	x0,x0,0	  x0:0x00000000
     276235.000 ns	     27622	80005aac	a1ce16d3	flt.s	x13,f28,f28	 f28:0x3f7fffae f28:0x3f7fffae x13=0x00000000
     276255.000 ns	     27624	80005ab0	006d62b3	or	x5,x26,x6	 x26:0x002bd001  x6:0x002bd73f  x5=0x002bd73f
     276295.000 ns	     27628	80005ab4	0850fd53	fsub.s	f26,f1,f5	  f1:0x7fc00000  f5:0x00000000 f26=0x7fc00000
     276325.000 ns	     27631	80005ab8	e00c9d53	fclass.s	x26,f25	 f25:0x89ffc000 x26=0x00000002
     276355.000 ns	     27634	80005abc	211006d3	fsgnj.s	f13,f0,f17	  f0:0x80000000 f17:0x7fc00000 f13=0x00000000
     276725.000 ns	     27671	80005ac0	0263e6b3	rem	x13,x7,x6	  x7:0x002bd414  x6:0x002bd73f x13=0x002bd414
     277095.000 ns	     27708	80005ac4	03084e33	div	x28,x16,x16	 x16:0x80040fe4 x16:0x80040fe4 x28=0x00000001
     277125.000 ns	     27711	80005ac8	035f8d33	mul	x26,x31,x21	 x31:0x00000000 x21:0x00000001 x26=0x00000000
     277155.000 ns	     27714	80005acc	e00d9c53	fclass.s	x24,f27	 f27:0x7a7fc000 x24=0x00000040
     277205.000 ns	     27719	80005ad0	082276d3	fsub.s	f13,f4,f2	  f4:0x3f800000  f2:0x7fc00000 f13=0x7fc00000
     277245.000 ns	     27723	80005ad4	1144ff53	fmul.s	f30,f9,f20	  f9:0xff800000 f20:0x3f7fffae f30=0xff800000
     277265.000 ns	     27725	80005ad8	06304713	xori	x14,x0,99	  x0:0x00000000 x14=0x00000063
     277275.000 ns	     27726	80005adc	019fac33	slt	x24,x31,x25	 x31:0x00000000 x25:0x00000010 x24=0x00000001
     277285.000 ns	     27727	80005ae0	41645a33	sra	x20,x8,x22	  x8:0x00000000 x22:0x002bd73f x20=0x00000000
     277305.000 ns	     27729	80005ae4	026cb433	mulhu	x8,x25,x6	 x25:0x00000010  x6:0x002bd73f  x8=0x00000000
     277335.000 ns	     27732	80005ae8	d01e7753	fcvt.s.wu	f14,x28	 x28:0x00000001 f14=0x3f800000
     277365.000 ns	     27735	80005aec	21f590d3	fsgnjn.s	f1,f11,f31	 f11:0x80000000 f31:0x4f21f8f7  f1=0x80000000
     277385.000 ns	     27737	80005af0	4198de33	sra	x28,x17,x25	 x17:0x00000002 x25:0x00000010 x28=0x00000000
     277405.000 ns	     27739	80005af4	026c1fb3	mulh	x31,x24,x6	 x24:0x00000001  x6:0x002bd73f x31=0x00000000
     277425.000 ns	     27741	80005af8	01c3bfb3	sltu	x31,x7,x28	  x7:0x002bd414 x28:0x00000001 x31=0x00000000
     277445.000 ns	     27743	80005afc	d01047d3	fcvt.s.wu	f15,x0	  x0:0x00000000 f15=0x00000000
     277475.000 ns	     27746	80005b00	20a787d3	fsgnj.s	f15,f15,f10	 f15:0xbf800000 f10:0x00000000 f15=0x00000000
     277505.000 ns	     27749	80005b04	20331353	fsgnjn.s	f6,f6,f3	  f6:0x7fc00000  f3:0x3f7fffae  f6=0xffc00000
     277525.000 ns	     27751	80005b08	003b2633	slt	x12,x22,x3	 x22:0x002bd73f  x3:0x376b7a5c x12=0x00000001
     277545.000 ns	     27753	80005b0c	d016f853	fcvt.s.wu	f16,x13	 x13:0x002bd414 f16=0x4a2f5050
     277575.000 ns	     27756	80005b10	03e32f33	mulhsu	x30,x6,x30	  x6:0x002bd73f x30:0x00000000 x30=0x00000000
     277595.000 ns	     27758	80005b14	e8840113	addi	x2,x8,-376	  x8:0x00000000  x2=0xfffffe88
     277615.000 ns	     27760	80005b18	036e86b3	mul	x13,x29,x22	 x29:0x00000000 x22:0x002bd73f x13=0x00000000
     277645.000 ns	     27763	80005b1c	d01d77d3	fcvt.s.wu	f15,x26	 x26:0x00000000 f15=0x00000000
     277665.000 ns	     27765	80005b20	deca34b7	lui	x9,0xdeca3	  x9=0xdeca3000
     277685.000 ns	     27767	80005b24	c0097bd3	fcvt.w.s	x23,f18	 f18:0x7a7fc000 x23=0x7fffffff
     277715.000 ns	     27770	80005b28	03bd51b3	divu	x3,x26,x27	 x26:0x00000000 x27:0x00000000  x3=0xffffffff
     277745.000 ns	     27773	80005b2c	d0198b53	fcvt.s.wu	f22,x19	 x19:0x80041024 f22=0x4f000410
     277765.000 ns	     27775	80005b30	00000013	addi	x0,x0,0	  x0:0x00000000
     277785.000 ns	     27777	80005b34	e0088fd3	fmv.x.w	x31,f17	 f17:0x7fc00000 x31=0x7fc00000
     277805.000 ns	     27779	80005b38	92dc8c13	addi	x24,x25,-1747	 x25:0x00000010 x24=0xfffff93d
     277815.000 ns	     27780	80005b3c	00ae9713	slli	x14,x29,0xa	 x29:0x00000000 x14=0x00000000
     277825.000 ns	     27781	80005b40	eec82597	auipc	x11,0xeec82	 x11=0x6ec87b40
     277865.000 ns	     27785	80005b44	01e4ffd3	fadd.s	f31,f9,f30	  f9:0xff800000 f30:0xff800000 f31=0x80000000
     277895.000 ns	     27788	80005b48	c000c6d3	fcvt.w.s	x13,f1	  f1:0x80000000 x13=0x00000000
     277925.000 ns	     27791	80005b4c	a03d9d53	flt.s	x26,f27,f3	 f27:0x7a7fc000  f3:0x3f7fffae x26=0x00000000
     277945.000 ns	     27793	80005b50	08853393	sltiu	x7,x10,136	 x10:0x002bd414  x7=0x00000000
     277955.000 ns	     27794	80005b54	00000013	addi	x0,x0,0	  x0:0x00000000
     278315.000 ns	     27830	80005b58	0361d8b3	divu	x17,x3,x22	  x3:0xffffffff x22:0x002bd73f x17=0x000005d6
     278335.000 ns	     27832	80005b5c	417d5e93	srai	x29,x26,0x17	 x26:0x00000000 x29=0x00000000
     278345.000 ns	     27833	80005b60	00000013	addi	x0,x0,0	  x0:0x00000000
     278365.000 ns	     27835	80005b64	02dc74b3	remu	x9,x24,x13	 x24:0xfffff93d x13:0x00000000  x9=0xfffff93d
     278385.000 ns	     27837	80005b68	0177d413	srli	x8,x15,0x17	 x15:0x00000000  x8=0x00000000
     278405.000 ns	     27839	80005b6c	a0d2aa53	feq.s	x20,f5,f13	  f5:0x00000000 f13:0x7fc00000 x20=0x00000000
     278425.000 ns	     27841	80005b70	336eb193	sltiu	x3,x29,822	 x29:0x00000000  x3=0x00000001
     278465.000 ns	     27845	80005b74	09e8f7d3	fsub.s	f15,f17,f30	 f17:0x7fc00000 f30:0xff800000 f15=0x7fc00000
     278495.000 ns	     27848	80005b78	028cffb3	remu	x31,x25,x8	 x25:0x00000010  x8:0x00000000 x31=0x00000010
     278515.000 ns	     27850	80005b7c	403254b3	sra	x9,x4,x3	  x4:0x00000000  x3:0x00000001  x9=0x00000000
     278525.000 ns	     27851	80005b80	bc416c93	ori	x25,x2,-1084	  x2:0xfffffe88 x25=0xffffffcc
     278535.000 ns	     27852	80005b84	00661433	sll	x8,x12,x6	 x12:0x00000001  x6:0x002bd73f  x8=0x80000000
     278545.000 ns	     27853	80005b88	0036f633	and	x12,x13,x3	 x13:0x00000000  x3:0x00000001 x12=0x00000000
     278555.000 ns	     27854	80005b8c	007dfcb3	and	x25,x27,x7	 x27:0x00000000  x7:0x00000000 x25=0x00000000
     278575.000 ns	     27856	80005b90	203214d3	fsgnjn.s	f9,f4,f3	  f4:0x3f800000  f3:0x3f7fffae  f9=0xbf800000
     278625.000 ns	     27861	80005b94	017f1353	fadd.s	f6,f30,f23	 f30:0xff800000 f23:0x3f800000  f6=0xff800000
     278645.000 ns	     27863	80005b98	3e0e3e13	sltiu	x28,x28,992	 x28:0x00000000 x28=0x00000001
     278655.000 ns	     27864	80005b9c	4286fe13	andi	x28,x13,1064	 x13:0x00000000 x28=0x00000000
     278665.000 ns	     27865	80005ba0	ced9b393	sltiu	x7,x19,-787	 x19:0x80041024  x7=0x00000001
     279025.000 ns	     27901	80005ba4	03205333	divu	x6,x0,x18	  x0:0x00000000 x18:0x7fffffff  x6=0x00000000
     279045.000 ns	     27903	80005ba8	00ef72b3	and	x5,x30,x14	 x30:0x00000000 x14:0x00000000  x5=0x00000000
     279075.000 ns	     27906	80005bac	580aa653	fsqrt.s	f12,f21	 f21:0x00000000 f12=0x00000000
     279095.000 ns	     27908	80005bb0	01975113	srli	x2,x14,0x19	 x14:0x00000000  x2=0x00000000
     279115.000 ns	     27910	80005bb4	20c481d3	fsgnj.s	f3,f9,f12	  f9:0xbf800000 f12:0x00000000  f3=0x3f800000
     279135.000 ns	     27912	80005bb8	001110b3	sll	x1,x2,x1	  x2:0xfffffe88  x1:0x00000000  x1=0x00000000
     279145.000 ns	     27913	80005bbc	0098e933	or	x18,x17,x9	 x17:0x000005d6  x9:0x00000000 x18=0x000005d6
     279165.000 ns	     27915	80005bc0	020092b3	mulh	x5,x1,x0	  x1:0x00000000  x0:0x00000000  x5=0x00000000
     279185.000 ns	     27917	80005bc4	5f5f2493	slti	x9,x30,1525	 x30:0x00000000  x9=0x00000001
     279205.000 ns	     27919	80005bc8	a14d88d3	fle.s	x17,f27,f20	 f27:0x7a7fc000 f20:0x3f7fffae x17=0x00000000
     280215.000 ns	     28020	80005bcc	580a2453	fsqrt.s	f8,f20	 f20:0x3f7fffae  f8=0x3f35042a
     280585.000 ns	     28057	80005bd0	02aec2b3	div	x5,x29,x10	 x29:0x00000000 x10:0x002bd414  x5=0x00000000
     280605.000 ns	     28059	80005bd4	015a4633	xor	x12,x20,x21	 x20:0x00000000 x21:0x00000001 x12=0x00000001
     280615.000 ns	     28060	80005bd8	bc898b93	addi	x23,x19,-1080	 x19:0x80041024 x23=0x80040bec
     280625.000 ns	     28061	80005bdc	013cdf13	srli	x30,x25,0x13	 x25:0x00000000 x30=0x00000000
     280645.000 ns	     28063	80005be0	c015c453	fcvt.wu.s	x8,f11	 f11:0x80000000  x8=0x00000000
     280675.000 ns	     28066	80005be4	20a3a153	fsgnjx.s	f2,f7,f10	  f7:0x7fc00000 f10:0x00000000  f2=0x7fc00000
     280695.000 ns	     28068	80005be8	00b9e0b3	or	x1,x19,x11	 x19:0x80041024 x11:0x6ec87b40  x1=0xeecc7b64
     280705.000 ns	     28069	80005bec	01429593	slli	x11,x5,0x14	  x5:0x00000000 x11=0x00000000
     280715.000 ns	     28070	80005bf0	3f967a13	andi	x20,x12,1017	 x12:0x00000001 x20=0x00000001
     280735.000 ns	     28072	80005bf4	d01cffd3	fcvt.s.wu	f31,x25	 x25:0x00000000 f31=0x00000000
     280765.000 ns	     28075	80005bf8	20388ed3	fsgnj.s	f29,f17,f3	 f17:0x7fc00000  f3:0x3f800000 f29=0x7fc00000
     280795.000 ns	     28078	80005bfc	288a8553	fmin.s	f10,f21,f8	 f21:0x00000000  f8:0x3f35042a f10=0x00000000
     280815.000 ns	     28080	80005c00	009b7433	and	x8,x22,x9	 x22:0x002bd73f  x9:0x00000001  x8=0x00000001
     280835.000 ns	     28082	80005c04	a0e318d3	flt.s	x17,f6,f14	  f6:0xff800000 f14:0x3f800000 x17=0x00000001
     280855.000 ns	     28084	80005c08	019a6033	or	x0,x20,x25	 x20:0x00000001 x25:0x00000000
     280865.000 ns	     28085	80005c0c	d1847413	andi	x8,x8,-744	  x8:0x00000001  x8=0x00000000
     280885.000 ns	     28087	80005c10	025c93b3	mulh	x7,x25,x5	 x25:0x00000000  x5:0x00000000  x7=0x00000000
     280915.000 ns	     28090	80005c14	286185d3	fmin.s	f11,f3,f6	  f3:0x3f800000  f6:0xff800000 f11=0xff800000
     280945.000 ns	     28093	80005c18	e0081b53	fclass.s	x22,f16	 f16:0x4a2f5050 x22=0x00000040
     280975.000 ns	     28096	80005c1c	20998fd3	fsgnj.s	f31,f19,f9	 f19:0x7fc00000  f9:0xbf800000 f31=0xffc00000
     281015.000 ns	     28100	80005c20	19dc7ed3	fdiv.s	f29,f24,f29	 f24:0xcf000000 f29:0x7fc00000 f29=0x7fc00000
     281045.000 ns	     28103	80005c24	28c68553	fmin.s	f10,f13,f12	 f13:0x7fc00000 f12:0x00000000 f10=0x00000000
     281075.000 ns	     28106	80005c28	e00881d3	fmv.x.w	x3,f17	 f17:0x7fc00000  x3=0x7fc00000
     281095.000 ns	     28108	80005c2c	739a2d13	slti	x26,x20,1849	 x20:0x00000001 x26=0x00000001
     281105.000 ns	     28109	80005c30	000be933	or	x18,x23,x0	 x23:0x80040bec  x0:0x00000000 x18=0x80040bec
     281115.000 ns	     28110	80005c34	00b512b3	sll	x5,x10,x11	 x10:0x002bd414 x11:0x00000000  x5=0x002bd414
     281125.000 ns	     28111	80005c38	32810893	addi	x17,x2,808	  x2:0x00000000 x17=0x00000328
     281135.000 ns	     28112	80005c3c	98423293	sltiu	x5,x4,-1660	  x4:0x00000000  x5=0x00000001
     281155.000 ns	     28114	80005c40	d016f7d3	fcvt.s.wu	f15,x13	 x13:0x00000000 f15=0x00000000
     281175.000 ns	     28116	80005c44	0166d2b3	srl	x5,x13,x22	 x13:0x00000000 x22:0x00000040  x5=0x00000000
     281535.000 ns	     28152	80005c48	0340f0b3	remu	x1,x1,x20	  x1:0xeecc7b64 x20:0x00000001  x1=0x00000000
     281575.000 ns	     28156	80005c4c	1999f1d3	fdiv.s	f3,f19,f25	 f19:0x7fc00000 f25:0x89ffc000  f3=0x7fc00000
     281595.000 ns	     28158	80005c50	00561313	slli	x6,x12,0x5	 x12:0x00000001  x6=0x00000020
     281605.000 ns	     28159	80005c54	28c8b517	auipc	x10,0x28c8b	 x10=0xa8c90c54
     281625.000 ns	     28161	80005c58	28a79153	fmax.s	f2,f15,f10	 f15:0x00000000 f10:0x00000000  f2=0x00000000
     281655.000 ns	     28164	80005c5c	2144a753	fsgnjx.s	f14,f9,f20	  f9:0xbf800000 f20:0x3f7fffae f14=0xbf800000
     281675.000 ns	     28166	80005c60	40185133	sra	x2,x16,x1	 x16:0x80040fe4  x1:0x00000000  x2=0x80040fe4
     281695.000 ns	     28168	80005c64	c01091d3	fcvt.wu.s	x3,f1	  f1:0x80000000  x3=0x00000000
     281715.000 ns	     28170	80005c68	001e81b3	add	x3,x29,x1	 x29:0x00000000  x1:0x00000000  x3=0x00000000
     281725.000 ns	     28171	80005c6c	00c5b8b3	sltu	x17,x11,x12	 x11:0x00000000 x12:0x00000001 x17=0x00000001
     281745.000 ns	     28173	80005c70	c00eb0d3	fcvt.w.s	x1,f29	 f29:0x7fc00000  x1=0x7fffffff
     281775.000 ns	     28176	80005c74	c003b8d3	fcvt.w.s	x17,f7	  f7:0x7fc00000 x17=0x7fffffff
     281815.000 ns	     28180	80005c78	58077153	fsqrt.s	f2,f14	 f14:0xbf800000  f2=0x7fc00000
     281855.000 ns	     28184	80005c7c	580529d3	fsqrt.s	f19,f10	 f10:0x00000000 f19=0x00000000
     281875.000 ns	     28186	80005c80	60f9e013	ori	x0,x19,1551	 x19:0x80041024
     281885.000 ns	     28187	80005c84	de3f0f13	addi	x30,x30,-541	 x30:0x00000000 x30=0xfffffde3
     281905.000 ns	     28189	80005c88	e0088ad3	fmv.x.w	x21,f17	 f17:0x7fc00000 x21=0x7fc00000
     281925.000 ns	     28191	80005c8c	01bb8133	add	x2,x23,x27	 x23:0x80040bec x27:0x00000000  x2=0x80040bec
     281945.000 ns	     28193	80005c90	d0020153	fcvt.s.w	f2,x4	  x4:0x00000000  f2=0x00000000
     281985.000 ns	     28197	80005c94	116d7253	fmul.s	f4,f26,f22	 f26:0x7fc00000 f22:0x4f000410  f4=0x7fc00000
     282015.000 ns	     28200	80005c98	28329853	fmax.s	f16,f5,f3	  f5:0x00000000  f3:0x7fc00000 f16=0x00000000
     282045.000 ns	     28203	80005c9c	e00716d3	fclass.s	x13,f14	 f14:0xbf800000 x13=0x00000002
     282065.000 ns	     28205	80005ca0	013c6db3	or	x27,x24,x19	 x24:0xfffff93d x19:0x80041024 x27=0xfffff93d
     282085.000 ns	     28207	80005ca4	a02eaa53	feq.s	x20,f29,f2	 f29:0x7fc00000  f2:0x00000000 x20=0x00000000
     282115.000 ns	     28210	80005ca8	025b6633	rem	x12,x22,x5	 x22:0x00000040  x5:0x00000000 x12=0x00000040
     282135.000 ns	     28212	80005cac	d3f1be93	sltiu	x29,x3,-705	  x3:0x00000000 x29=0x00000001
     282155.000 ns	     28214	80005cb0	29ae8553	fmin.s	f10,f29,f26	 f29:0x7fc00000 f26:0x7fc00000 f10=0x7fc00000
     282195.000 ns	     28218	80005cb4	580d7153	fsqrt.s	f2,f26	 f26:0x7fc00000  f2=0x7fc00000
     282225.000 ns	     28221	80005cb8	20532053	fsgnjx.s	f0,f6,f5	  f6:0xff800000  f5:0x00000000  f0=0xff800000
     282245.000 ns	     28223	80005cbc	00e0df13	srli	x30,x1,0xe	  x1:0x7fffffff x30=0x0001ffff
     282265.000 ns	     28225	80005cc0	02b0f5b3	remu	x11,x1,x11	  x1:0x7fffffff x11:0x00000000 x11=0x7fffffff
     282285.000 ns	     28227	80005cc4	00000013	addi	x0,x0,0	  x0:0x00000000
     282305.000 ns	     28229	80005cc8	03a284b3	mul	x9,x5,x26	  x5:0x00000000 x26:0x00000001  x9=0x00000000
     282335.000 ns	     28232	80005ccc	218a8e53	fsgnj.s	f28,f21,f24	 f21:0x00000000 f24:0xcf000000 f28=0x80000000
     282355.000 ns	     28234	80005cd0	00daca33	xor	x20,x21,x13	 x21:0x7fc00000 x13:0x00000002 x20=0x7fc00002
     282365.000 ns	     28235	80005cd4	00c11393	slli	x7,x2,0xc	  x2:0x80040bec  x7=0x40bec000
     282385.000 ns	     28237	80005cd8	2155add3	fsgnjx.s	f27,f11,f21	 f11:0xff800000 f21:0x00000000 f27=0xff800000
     282435.000 ns	     28242	80005cdc	00a77ad3	fadd.s	f21,f14,f10	 f14:0xbf800000 f10:0x7fc00000 f21=0x7fc00000
     282465.000 ns	     28245	80005ce0	02f44433	div	x8,x8,x15	  x8:0x00000000 x15:0x00000000  x8=0xffffffff
     282505.000 ns	     28249	80005ce4	190079d3	fdiv.s	f19,f0,f16	  f0:0xff800000 f16:0x00000000 f19=0xff800000
     282535.000 ns	     28252	80005ce8	c00cfc53	fcvt.w.s	x24,f25	 f25:0x89ffc000 x24=0x00000000
     282555.000 ns	     28254	80005cec	e20f8917	auipc	x18,0xe20f8	 x18=0x620fdcec
     282575.000 ns	     28256	80005cf0	c0187053	fcvt.wu.s	x0,f16	 f16:0x00000000
     282605.000 ns	     28259	80005cf4	c00332d3	fcvt.w.s	x5,f6	  f6:0xff800000  x5=0x80000000
     282625.000 ns	     28261	80005cf8	2e46b113	sltiu	x2,x13,740	 x13:0x00000002  x2=0x00000001
     282635.000 ns	     28262	80005cfc	41e2da33	sra	x20,x5,x30	  x5:0x80000000 x30:0x0001ffff x20=0xffffffff
     282645.000 ns	     28263	80005d00	01084133	xor	x2,x16,x16	 x16:0x80040fe4 x16:0x80040fe4  x2=0x00000000
     282655.000 ns	     28264	80005d04	41f80433	sub	x8,x16,x31	 x16:0x80040fe4 x31:0x00000010  x8=0x80040fd4
     282665.000 ns	     28265	80005d08	417c8cb3	sub	x25,x25,x23	 x25:0x00000000 x23:0x80040bec x25=0x7ffbf414
     282685.000 ns	     28267	80005d0c	215d1fd3	fsgnjn.s	f31,f26,f21	 f26:0x7fc00000 f21:0x7fc00000 f31=0xffc00000
     282725.000 ns	     28271	80005d10	10df4253	fmul.s	f4,f30,f13	 f30:0xff800000 f13:0x7fc00000  f4=0x7fc00000
     282745.000 ns	     28273	80005d14	406e5b13	srai	x22,x28,0x6	 x28:0x00000000 x22=0x00000000
     282765.000 ns	     28275	80005d18	03ebb7b3	mulhu	x15,x23,x30	 x23:0x80040bec x30:0x0001ffff x15=0x00010007
     282785.000 ns	     28277	80005d1c	63e43c93	sltiu	x25,x8,1598	  x8:0x80040fd4 x25=0x00000000
     282795.000 ns	     28278	80005d20	01d1d793	srli	x15,x3,0x1d	  x3:0x00000000 x15=0x00000000
     282815.000 ns	     28280	80005d24	e00b87d3	fmv.x.w	x15,f23	 f23:0x3f800000 x15=0x3f800000
     282845.000 ns	     28283	80005d28	036b0d33	mul	x26,x22,x22	 x22:0x00000000 x22:0x00000000 x26=0x00000000
     282875.000 ns	     28286	80005d2c	e00b8153	fmv.x.w	x2,f23	 f23:0x3f800000  x2=0x3f800000
     282905.000 ns	     28289	80005d30	f00689d3	fmv.w.x	f19,x13	 x13:0x00000002 f19=0x00000002
     283275.000 ns	     28326	80005d34	022ce1b3	rem	x3,x25,x2	 x25:0x00000000  x2:0x3f800000  x3=0x00000000
     283315.000 ns	     28330	80005d38	580ef8d3	fsqrt.s	f17,f29	 f29:0x7fc00000 f17=0x7fc00000
     283335.000 ns	     28332	80005d3c	41db0a33	sub	x20,x22,x29	 x22:0x00000000 x29:0x00000001 x20=0xffffffff
     283355.000 ns	     28334	80005d40	290e91d3	fmax.s	f3,f29,f16	 f29:0x7fc00000 f16:0x00000000  f3=0x00000000
     283395.000 ns	     28338	80005d44	190c79d3	fdiv.s	f19,f24,f16	 f24:0xcf000000 f16:0x00000000 f19=0xff800000
     283415.000 ns	     28340	80005d48	7b911c37	lui	x24,0x7b911	 x24=0x7b911000
     283435.000 ns	     28342	80005d4c	032f37b3	mulhu	x15,x30,x18	 x30:0x0001ffff x18:0x620fdcec x15=0x0000c41f
     283455.000 ns	     28344	80005d50	00e1ad33	slt	x26,x3,x14	  x3:0x00000000 x14:0x00000000 x26=0x00000000
     283475.000 ns	     28346	80005d54	e00716d3	fclass.s	x13,f14	 f14:0xbf800000 x13=0x00000002
     283495.000 ns	     28348	80005d58	a71aa693	slti	x13,x21,-1423	 x21:0x7fc00000 x13=0x00000000
     283505.000 ns	     28349	80005d5c	00fd5713	srli	x14,x26,0xf	 x26:0x00000000 x14=0x00000000
     283525.000 ns	     28351	80005d60	e00e03d3	fmv.x.w	x7,f28	 f28:0x80000000  x7=0x80000000
     283555.000 ns	     28354	80005d64	20e280d3	fsgnj.s	f1,f5,f14	  f5:0x00000000 f14:0xbf800000  f1=0x80000000
     283585.000 ns	     28357	80005d68	a02a14d3	flt.s	x9,f20,f2	 f20:0x3f7fffae  f2:0x7fc00000  x9=0x00000000
     283615.000 ns	     28360	80005d6c	036905b3	mul	x11,x18,x22	 x18:0x620fdcec x22:0x00000000 x11=0x00000000
     283645.000 ns	     28363	80005d70	e0010ad3	fmv.x.w	x21,f2	  f2:0x7fc00000 x21=0x7fc00000
     283665.000 ns	     28365	80005d74	00b83133	sltu	x2,x16,x11	 x16:0x80040fe4 x11:0x00000000  x2=0x00000000
     283675.000 ns	     28366	80005d78	182cb893	sltiu	x17,x25,386	 x25:0x00000000 x17=0x00000001
     283705.000 ns	     28369	80005d7c	1151f553	fmul.s	f10,f3,f21	  f3:0x00000000 f21:0x7fc00000 f10=0x7fc00000
     283725.000 ns	     28371	80005d80	00b96eb3	or	x29,x18,x11	 x18:0x620fdcec x11:0x00000000 x29=0x620fdcec
     283735.000 ns	     28372	80005d84	a68ead13	slti	x26,x29,-1432	 x29:0x00000001 x26=0x00000000
     283755.000 ns	     28374	80005d88	c00f03d3	fcvt.w.s	x7,f30	 f30:0xff800000  x7=0x80000000
     283775.000 ns	     28376	80005d8c	408c5f13	srai	x30,x24,0x8	 x24:0x7b911000 x30=0x007b9110
     283785.000 ns	     28377	80005d90	000a64b3	or	x9,x20,x0	 x20:0xffffffff  x0:0x00000000  x9=0xffffffff
     283805.000 ns	     28379	80005d94	e00302d3	fmv.x.w	x5,f6	  f6:0xff800000  x5=0xff800000
     283855.000 ns	     28384	80005d98	00a71053	fadd.s	f0,f14,f10	 f14:0xbf800000 f10:0x7fc00000  f0=0x7fc00000
     283885.000 ns	     28387	80005d9c	02513db3	mulhu	x27,x2,x5	  x2:0x00000000  x5:0xff800000 x27=0x00000000
     283915.000 ns	     28390	80005da0	f00f0e53	fmv.w.x	f28,x30	 x30:0x007b9110 f28=0x007b9110
     283945.000 ns	     28393	80005da4	a09f2b53	feq.s	x22,f30,f9	 f30:0xff800000  f9:0xbf800000 x22=0x00000000
     283965.000 ns	     28395	80005da8	01cadb33	srl	x22,x21,x28	 x21:0x7fc00000 x28:0x00000000 x22=0x7fc00000
     283975.000 ns	     28396	80005dac	41d9d393	srai	x7,x19,0x1d	 x19:0x80041024  x7=0xfffffffc
     283985.000 ns	     28397	80005db0	71e4bc13	sltiu	x24,x9,1822	  x9:0xffffffff x24=0x00000000
     283995.000 ns	     28398	80005db4	21b36c93	ori	x25,x6,539	  x6:0x00000020 x25=0x0000023b
     284005.000 ns	     28399	80005db8	00021cb3	sll	x25,x4,x0	  x4:0x00000000  x0:0x00000000 x25=0x00000000
     284035.000 ns	     28402	80005dbc	10a439d3	fmul.s	f19,f8,f10	  f8:0x3f35042a f10:0x7fc00000 f19=0x7fc00000
     284065.000 ns	     28405	80005dc0	29ea01d3	fmin.s	f3,f20,f30	 f20:0x3f7fffae f30:0xff800000  f3=0xff800000
     284085.000 ns	     28407	80005dc4	d03de313	ori	x6,x27,-765	 x27:0x00000000  x6=0xfffffd03
     284105.000 ns	     28409	80005dc8	28e90ad3	fmin.s	f21,f18,f14	 f18:0x7a7fc000 f14:0xbf800000 f21=0xbf800000
     284125.000 ns	     28411	80005dcc	efcea2b7	lui	x5,0xefcea	  x5=0xefcea000
     284145.000 ns	     28413	80005dd0	28c61e53	fmax.s	f28,f12,f12	 f12:0x00000000 f12:0x00000000 f28=0x00000000
     284195.000 ns	     28418	80005dd4	08c127d3	fsub.s	f15,f2,f12	  f2:0x7fc00000 f12:0x00000000 f15=0x7fc00000
     284225.000 ns	     28421	80005dd8	d0147dd3	fcvt.s.wu	f27,x8	  x8:0x80040fd4 f27=0x4f00040f
     284265.000 ns	     28425	80005ddc	580afa53	fsqrt.s	f20,f21	 f21:0xbf800000 f20=0x7fc00000
     284295.000 ns	     28428	80005de0	032f0ab3	mul	x21,x30,x18	 x30:0x007b9110 x18:0x620fdcec x21=0x42837ac0
     284315.000 ns	     28430	80005de4	00d1c7b3	xor	x15,x3,x13	  x3:0x00000000 x13:0x00000000 x15=0x00000000
     284325.000 ns	     28431	80005de8	00000013	addi	x0,x0,0	  x0:0x00000000
     284365.000 ns	     28435	80005dec	0849bf53	fsub.s	f30,f19,f4	 f19:0x7fc00000  f4:0x7fc00000 f30=0x7fc00000
     284385.000 ns	     28437	80005df0	002e1bb3	sll	x23,x28,x2	 x28:0x00000000  x2:0x00000000 x23=0x00000000
     284415.000 ns	     28440	80005df4	580f02d3	fsqrt.s	f5,f30	 f30:0x7fc00000  f5=0x7fc00000
     284445.000 ns	     28443	80005df8	02c4a7b3	mulhsu	x15,x9,x12	  x9:0xffffffff x12:0x00000040 x15=0xffffffff
     284465.000 ns	     28445	80005dfc	77bcf417	auipc	x8,0x77bcf	  x8=0xf7bd4dfc
     284475.000 ns	     28446	80005e00	077ec593	xori	x11,x29,119	 x29:0x620fdcec x11=0x620fdc9b
     284485.000 ns	     28447	80005e04	8cc3ce93	xori	x29,x7,-1844	  x7:0xfffffffc x29=0x00000730
     284515.000 ns	     28450	80005e08	580efbd3	fsqrt.s	f23,f29	 f29:0x7fc00000 f23=0x7fc00000
     284535.000 ns	     28452	80005e0c	edcf87b7	lui	x15,0xedcf8	 x15=0xedcf8000
     284545.000 ns	     28453	80005e10	01985933	srl	x18,x16,x25	 x16:0x80040fe4 x25:0x00000000 x18=0x80040fe4
     284565.000 ns	     28455	80005e14	f00c00d3	fmv.w.x	f1,x24	 x24:0x00000000  f1=0x00000000
     284585.000 ns	     28457	80005e18	01182733	slt	x14,x16,x17	 x16:0x80040fe4 x17:0x00000001 x14=0x00000001
     284595.000 ns	     28458	80005e1c	4179da93	srai	x21,x19,0x17	 x19:0x80041024 x21=0xffffff00
     284615.000 ns	     28460	80005e20	e00a0453	fmv.x.w	x8,f20	 f20:0x7fc00000  x8=0x7fc00000
     284645.000 ns	     28463	80005e24	02791eb3	mulh	x29,x18,x7	 x18:0x80040fe4  x7:0xfffffffc x29=0x00000001
     284695.000 ns	     28468	80005e28	01f09353	fadd.s	f6,f1,f31	  f1:0x00000000 f31:0xffc00000  f6=0x7fc00000
     284725.000 ns	     28471	80005e2c	21a6a353	fsgnjx.s	f6,f13,f26	 f13:0x7fc00000 f26:0x7fc00000  f6=0x7fc00000
     284755.000 ns	     28474	80005e30	29468e53	fmin.s	f28,f13,f20	 f13:0x7fc00000 f20:0x7fc00000 f28=0x7fc00000
     284775.000 ns	     28476	80005e34	007ca7b3	slt	x15,x25,x7	 x25:0x00000000  x7:0xfffffffc x15=0x00000000
     284785.000 ns	     28477	80005e38	00679f33	sll	x30,x15,x6	 x15:0xedcf8000  x6:0xfffffd03 x30=0x00000000
     284795.000 ns	     28478	80005e3c	01810e33	add	x28,x2,x24	  x2:0x00000000 x24:0x00000000 x28=0x00000000
     284815.000 ns	     28480	80005e40	20271cd3	fsgnjn.s	f25,f14,f2	 f14:0xbf800000  f2:0x7fc00000 f25=0xbf800000
     284835.000 ns	     28482	80005e44	fd08c593	xori	x11,x17,-48	 x17:0x00000001 x11=0xffffffd1
     284875.000 ns	     28486	80005e48	00c545d3	fadd.s	f11,f10,f12	 f10:0x7fc00000 f12:0x00000000 f11=0x7fc00000
     284895.000 ns	     28488	80005e4c	00ab6733	or	x14,x22,x10	 x22:0x7fc00000 x10:0xa8c90c54 x14=0xffc90c54
     284905.000 ns	     28489	80005e50	1035cd13	xori	x26,x11,259	 x11:0xffffffd1 x26=0xfffffed2
     284935.000 ns	     28492	80005e54	18264bd3	fdiv.s	f23,f12,f2	 f12:0x00000000  f2:0x7fc00000 f23=0x7fc00000
     284955.000 ns	     28494	80005e58	01f7a633	slt	x12,x15,x31	 x15:0x00000000 x31:0x00000010 x12=0x00000001
     284975.000 ns	     28496	80005e5c	03758ab3	mul	x21,x11,x23	 x11:0xffffffd1 x23:0x00000000 x21=0x00000000
     284995.000 ns	     28498	80005e60	2be5ba13	sltiu	x20,x11,702	 x11:0xffffffd1 x20=0x00000000
     285025.000 ns	     28501	80005e64	195f71d3	fdiv.s	f3,f30,f21	 f30:0x7fc00000 f21:0xbf800000  f3=0x7fc00000
     285055.000 ns	     28504	80005e68	03737533	remu	x10,x6,x23	  x6:0xfffffd03 x23:0x00000000 x10=0xfffffd03
     285085.000 ns	     28507	80005e6c	023a1eb3	mulh	x29,x20,x3	 x20:0x00000000  x3:0x00000000 x29=0x00000000
     285115.000 ns	     28510	80005e70	d0172f53	fcvt.s.wu	f30,x14	 x14:0xffc90c54 f30=0x4f7fc90d
     285135.000 ns	     28512	80005e74	12f1c737	lui	x14,0x12f1c	 x14=0x12f1c000
     285155.000 ns	     28514	80005e78	03cf9c33	mulh	x24,x31,x28	 x31:0x00000010 x28:0x00000000 x24=0x00000000
     285185.000 ns	     28517	80005e7c	02b52033	mulhsu	x0,x10,x11	 x10:0xfffffd03 x11:0xffffffd1
     285215.000 ns	     28520	80005e80	0240fab3	remu	x21,x1,x4	  x1:0x7fffffff  x4:0x00000000 x21=0x7fffffff
     285245.000 ns	     28523	80005e84	d011f0d3	fcvt.s.wu	f1,x3	  x3:0x00000000  f1=0x00000000
     285265.000 ns	     28525	80005e88	c406a313	slti	x6,x13,-960	 x13:0x00000000  x6=0x00000000
     285285.000 ns	     28527	80005e8c	280d98d3	fmax.s	f17,f27,f0	 f27:0x4f00040f  f0:0x7fc00000 f17=0x4f00040f
     285325.000 ns	     28531	80005e90	19fc42d3	fdiv.s	f5,f24,f31	 f24:0xcf000000 f31:0xffc00000  f5=0x7fc00000
     285355.000 ns	     28534	80005e94	e00892d3	fclass.s	x5,f17	 f17:0x4f00040f  x5=0x00000040
     285375.000 ns	     28536	80005e98	00747733	and	x14,x8,x7	  x8:0x7fc00000  x7:0xfffffffc x14=0x7fc00000
     285385.000 ns	     28537	80005e9c	40478433	sub	x8,x15,x4	 x15:0x00000000  x4:0x00000000  x8=0x00000000
     285405.000 ns	     28539	80005ea0	02680f33	mul	x30,x16,x6	 x16:0x80040fe4  x6:0x00000000 x30=0x00000000
     285425.000 ns	     28541	80005ea4	003c4a33	xor	x20,x24,x3	 x24:0x00000000  x3:0x00000000 x20=0x00000000
     285445.000 ns	     28543	80005ea8	03dbbab3	mulhu	x21,x23,x29	 x23:0x00000000 x29:0x00000000 x21=0x00000000
     285465.000 ns	     28545	80005eac	00db0a33	add	x20,x22,x13	 x22:0x7fc00000 x13:0x00000000 x20=0x7fc00000
     285475.000 ns	     28546	80005eb0	3f81f893	andi	x17,x3,1016	  x3:0x00000000 x17=0x00000000
     285495.000 ns	     28548	80005eb4	029a94b3	mulh	x9,x21,x9	 x21:0x00000000  x9:0xffffffff  x9=0x00000000
     285545.000 ns	     28553	80005eb8	00077053	fadd.s	f0,f14,f0	 f14:0xbf800000  f0:0x7fc00000  f0=0x7fc00000
     285565.000 ns	     28555	80005ebc	00000013	addi	x0,x0,0	  x0:0x00000000
     285605.000 ns	     28559	80005ec0	0976f3d3	fsub.s	f7,f13,f23	 f13:0x7fc00000 f23:0x7fc00000  f7=0x7fc00000
     285635.000 ns	     28562	80005ec4	d01bf9d3	fcvt.s.wu	f19,x23	 x23:0x00000000 f19=0x00000000
     285665.000 ns	     28565	80005ec8	c01eb8d3	fcvt.wu.s	x17,f29	 f29:0x7fc00000 x17=0xffffffff
     285705.000 ns	     28569	80005ecc	5801f353	fsqrt.s	f6,f3	  f3:0x7fc00000  f6=0x7fc00000
     285735.000 ns	     28572	80005ed0	025586b3	mul	x13,x11,x5	 x11:0xffffffd1  x5:0x00000040 x13=0xfffff440
     285755.000 ns	     28574	80005ed4	80493737	lui	x14,0x80493	 x14=0x80493000
     285775.000 ns	     28576	80005ed8	d0061353	fcvt.s.w	f6,x12	 x12:0x00000001  f6=0x3f800000
     285805.000 ns	     28579	80005edc	e0079fd3	fclass.s	x31,f15	 f15:0x7fc00000 x31=0x00000200
     285835.000 ns	     28582	80005ee0	024621b3	mulhsu	x3,x12,x4	 x12:0x00000001  x4:0x00000000  x3=0x00000000
     285855.000 ns	     28584	80005ee4	00953633	sltu	x12,x10,x9	 x10:0xfffffd03  x9:0x00000000 x12=0x00000000
     285865.000 ns	     28585	80005ee8	e0bbac93	slti	x25,x23,-501	 x23:0x00000000 x25=0x00000000
     285905.000 ns	     28589	80005eec	086cced3	fsub.s	f29,f25,f6	 f25:0xbf800000  f6:0x3f800000 f29=0xc0000000
     286275.000 ns	     28626	80005ef0	02a5f2b3	remu	x5,x11,x10	 x11:0xffffffd1 x10:0xfffffd03  x5=0x000002ce
     286305.000 ns	     28629	80005ef4	021a35b3	mulhu	x11,x20,x1	 x20:0x7fc00000  x1:0x7fffffff x11=0x3fdfffff
     286335.000 ns	     28632	80005ef8	e00895d3	fclass.s	x11,f17	 f17:0x4f00040f x11=0x00000040
     286355.000 ns	     28634	80005efc	40135613	srai	x12,x6,0x1	  x6:0x00000000 x12=0x00000000
     286365.000 ns	     28635	80005f00	01680fb3	add	x31,x16,x22	 x16:0x80040fe4 x22:0x7fc00000 x31=0xffc40fe4
     286385.000 ns	     28637	80005f04	a16ca953	feq.s	x18,f25,f22	 f25:0xbf800000 f22:0x4f000410 x18=0x00000000
     286415.000 ns	     28640	80005f08	f0020153	fmv.w.x	f2,x4	  x4:0x00000000  f2=0x00000000
     286455.000 ns	     28644	80005f0c	580393d3	fsqrt.s	f7,f7	  f7:0x7fc00000  f7=0x7fc00000
     286475.000 ns	     28646	80005f10	41630633	sub	x12,x6,x22	  x6:0x00000000 x22:0x7fc00000 x12=0x80400000
     286495.000 ns	     28648	80005f14	a0b50353	fle.s	x6,f10,f11	 f10:0x7fc00000 f11:0x7fc00000  x6=0x00000000
     286515.000 ns	     28650	80005f18	006aa3b3	slt	x7,x21,x6	 x21:0x00000000  x6:0x00000000  x7=0x00000000
     286525.000 ns	     28651	80005f1c	41b70033	sub	x0,x14,x27	 x14:0x80493000 x27:0x00000000
     286535.000 ns	     28652	80005f20	e174ec93	ori	x25,x9,-489	  x9:0x00000000 x25=0xfffffe17
     286545.000 ns	     28653	80005f24	e7583b13	sltiu	x22,x16,-395	 x16:0x80040fe4 x22=0x00000001
     286555.000 ns	     28654	80005f28	a3b58797	auipc	x15,0xa3b58	 x15=0x23b5df28
     286575.000 ns	     28656	80005f2c	216615d3	fsgnjn.s	f11,f12,f22	 f12:0x00000000 f22:0x4f000410 f11=0x80000000
     286595.000 ns	     28658	80005f30	00121f13	slli	x30,x4,0x1	  x4:0x00000000 x30=0x00000000
     286615.000 ns	     28660	80005f34	d01d1153	fcvt.s.wu	f2,x26	 x26:0xfffffed2  f2=0x4f7ffffe
     286645.000 ns	     28663	80005f38	f0038b53	fmv.w.x	f22,x7	  x7:0x00000000 f22=0x00000000
     286665.000 ns	     28665	80005f3c	0055b3b3	sltu	x7,x11,x5	 x11:0x00000040  x5:0x000002ce  x7=0x00000001
     286685.000 ns	     28667	80005f40	02b28033	mul	x0,x5,x11	  x5:0x000002ce x11:0x00000040
     286715.000 ns	     28670	80005f44	c00f7453	fcvt.w.s	x8,f30	 f30:0x4f7fc90d  x8=0x7fffffff
     286735.000 ns	     28672	80005f48	00891893	slli	x17,x18,0x8	 x18:0x00000000 x17=0x00000000
     286755.000 ns	     28674	80005f4c	02970fb3	mul	x31,x14,x9	 x14:0x80493000  x9:0x00000000 x31=0x00000000
     286775.000 ns	     28676	80005f50	404258b3	sra	x17,x4,x4	  x4:0x00000000  x4:0x00000000 x17=0x00000000
     286795.000 ns	     28678	80005f54	03af2633	mulhsu	x12,x30,x26	 x30:0x00000000 x26:0xfffffed2 x12=0x00000000
     286815.000 ns	     28680	80005f58	15e1bd97	auipc	x27,0x15e1b	 x27=0x95e20f58
     286835.000 ns	     28682	80005f5c	20f39fd3	fsgnjn.s	f31,f7,f15	  f7:0x7fc00000 f15:0x7fc00000 f31=0xffc00000
     286855.000 ns	     28684	80005f60	011f5293	srli	x5,x30,0x11	 x30:0x00000000  x5=0x00000000
     286875.000 ns	     28686	80005f64	02d78fb3	mul	x31,x15,x13	 x15:0x23b5df28 x13:0xfffff440 x31=0x6701ea00
     286895.000 ns	     28688	80005f68	01a430b3	sltu	x1,x8,x26	  x8:0x7fffffff x26:0xfffffed2  x1=0x00000001
     286915.000 ns	     28690	80005f6c	03dca633	mulhsu	x12,x25,x29	 x25:0xfffffe17 x29:0x00000000 x12=0x00000000
     288095.000 ns	     28808	80005f70	58032a53	fsqrt.s	f20,f6	  f6:0x3f800000 f20=0x3f7fffae
     288125.000 ns	     28811	80005f74	c01c25d3	fcvt.wu.s	x11,f24	 f24:0xcf000000 x11=0x80000000
     288145.000 ns	     28813	80005f78	014a54b3	srl	x9,x20,x20	 x20:0x7fc00000 x20:0x7fc00000  x9=0x7fc00000
     288505.000 ns	     28849	80005f7c	02d8d0b3	divu	x1,x17,x13	 x17:0x00000000 x13:0xfffff440  x1=0x00000000
     288525.000 ns	     28851	80005f80	4132dd33	sra	x26,x5,x19	  x5:0x00000000 x19:0x80041024 x26=0x00000000
     288545.000 ns	     28853	80005f84	c00e7653	fcvt.w.s	x12,f28	 f28:0x7fc00000 x12=0x7fffffff
     288565.000 ns	     28855	80005f88	008a1a13	slli	x20,x20,0x8	 x20:0x7fc00000 x20=0xc0000000
     288585.000 ns	     28857	80005f8c	e0088a53	fmv.x.w	x20,f17	 f17:0x4f00040f x20=0x4f00040f
     288615.000 ns	     28860	80005f90	20cd10d3	fsgnjn.s	f1,f26,f12	 f26:0x7fc00000 f12:0x00000000  f1=0xffc00000
     288635.000 ns	     28862	80005f94	2d4cac93	slti	x25,x25,724	 x25:0xfffffe17 x25=0x00000001
     288665.000 ns	     28865	80005f98	10f91053	fmul.s	f0,f18,f15	 f18:0x7a7fc000 f15:0x7fc00000  f0=0x7fc00000
     288685.000 ns	     28867	80005f9c	0060d8b3	srl	x17,x1,x6	  x1:0x00000000  x6:0x00000000 x17=0x00000000
     288715.000 ns	     28870	80005fa0	113043d3	fmul.s	f7,f0,f19	  f0:0x7fc00000 f19:0x00000000  f7=0x7fc00000
     288745.000 ns	     28873	80005fa4	e0051d53	fclass.s	x26,f10	 f10:0x7fc00000 x26=0x00000200
     288765.000 ns	     28875	80005fa8	01c6cf33	xor	x30,x13,x28	 x13:0xfffff440 x28:0x00000000 x30=0xfffff440
     288785.000 ns	     28877	80005fac	e00793d3	fclass.s	x7,f15	 f15:0x7fc00000  x7=0x00000200
     288825.000 ns	     28881	80005fb0	18a6ffd3	fdiv.s	f31,f13,f10	 f13:0x7fc00000 f10:0x7fc00000 f31=0x7fc00000
     289165.000 ns	     28915	80005fb4	18e42e53	fdiv.s	f28,f8,f14	  f8:0x3f35042a f14:0xbf800000 f28=0xbebb3274
     289195.000 ns	     28918	80005fb8	28ac0a53	fmin.s	f20,f24,f10	 f24:0xcf000000 f10:0x7fc00000 f20=0xcf000000
     289215.000 ns	     28920	80005fbc	40528633	sub	x12,x5,x5	  x5:0x00000000  x5:0x00000000 x12=0x00000000
     289225.000 ns	     28921	80005fc0	c9bf8e13	addi	x28,x31,-869	 x31:0x6701ea00 x28=0x6701e69b
     289235.000 ns	     28922	80005fc4	011d9713	slli	x14,x27,0x11	 x27:0x95e20f58 x14=0x1eb00000
     289255.000 ns	     28924	80005fc8	d0170a53	fcvt.s.wu	f20,x14	 x14:0x80493000 f20=0x4df58000
     289275.000 ns	     28926	80005fcc	bdfdf493	andi	x9,x27,-1057	 x27:0x95e20f58  x9=0x95e20b58
     289315.000 ns	     28930	80005fd0	011cc6d3	fadd.s	f13,f25,f17	 f25:0xbf800000 f17:0x4f00040f f13=0x4f00040f
     289335.000 ns	     28932	80005fd4	00000013	addi	x0,x0,0	  x0:0x00000000
     289345.000 ns	     28933	80005fd8	5e914c97	auipc	x25,0x5e914	 x25=0xde919fd8
     289365.000 ns	     28935	80005fdc	f00c82d3	fmv.w.x	f5,x25	 x25:0x00000001  f5=0xde919fd8
     289385.000 ns	     28937	80005fe0	019d1293	slli	x5,x26,0x19	 x26:0x00000200  x5=0x00000000
     289745.000 ns	     28973	80005fe4	03b9ce33	div	x28,x19,x27	 x19:0x80041024 x27:0x95e20f58 x28=0x00000001
     289765.000 ns	     28975	80005fe8	9a154b17	auipc	x22,0x9a154	 x22=0x1a159fe8
     290125.000 ns	     29011	80005fec	028f7333	remu	x6,x30,x8	 x30:0xfffff440  x8:0x7fffffff  x6=0x7ffff441
     290145.000 ns	     29013	80005ff0	4069dbb3	sra	x23,x19,x6	 x19:0x80041024  x6:0x00000000 x23=0xc0020812
     290165.000 ns	     29015	80005ff4	c019fd53	fcvt.wu.s	x26,f19	 f19:0x00000000 x26=0x00000000
     290185.000 ns	     29017	80005ff8	68665097	auipc	x1,0x68665	  x1=0xe866aff8
     290205.000 ns	     29019	80005ffc	032efdb3	remu	x27,x29,x18	 x29:0x00000000 x18:0x00000000 x27=0x00000000
     290225.000 ns	     29021	80006000	007d9b33	sll	x22,x27,x7	 x27:0x95e20f58  x7:0x00000200 x22=0x00000000
     290245.000 ns	     29023	80006004	03637933	remu	x18,x6,x22	  x6:0x7ffff441 x22:0x1a159fe8 x18=0x7ffff441
     290285.000 ns	     29027	80006008	1883fc53	fdiv.s	f24,f7,f8	  f7:0x7fc00000  f8:0x3f35042a f24=0x7fc00000
     290305.000 ns	     29029	8000600c	5aba8d93	addi	x27,x21,1451	 x21:0x00000000 x27=0x000005ab
     290325.000 ns	     29031	80006010	a0598353	fle.s	x6,f19,f5	 f19:0x00000000  f5:0xde919fd8  x6=0x00000000
     290365.000 ns	     29035	80006014	580c79d3	fsqrt.s	f19,f24	 f24:0x7fc00000 f19=0x7fc00000
     290385.000 ns	     29037	80006018	0084e3b3	or	x7,x9,x8	  x9:0x95e20b58  x8:0x7fffffff  x7=0xffffffff
     290395.000 ns	     29038	8000601c	3cc0e393	ori	x7,x1,972	  x1:0xe866aff8  x7=0xe866affc
     290755.000 ns	     29074	80006020	0295e6b3	rem	x13,x11,x9	 x11:0x80000000  x9:0x95e20b58 x13=0xea1df4a8
     290775.000 ns	     29076	80006024	400b82b3	sub	x5,x23,x0	 x23:0xc0020812  x0:0x00000000  x5=0xc0020812
     290795.000 ns	     29078	80006028	023e70b3	remu	x1,x28,x3	 x28:0x00000001  x3:0x00000000  x1=0x00000001
     290815.000 ns	     29080	8000602c	f9f21ab7	lui	x21,0xf9f21	 x21=0xf9f21000
     290845.000 ns	     29083	80006030	1920bcd3	fdiv.s	f25,f1,f18	  f1:0xffc00000 f18:0x7a7fc000 f25=0x7fc00000
     290865.000 ns	     29085	80006034	01669d33	sll	x26,x13,x22	 x13:0xea1df4a8 x22:0x00000000 x26=0xea1df4a8
     290875.000 ns	     29086	80006038	0122d333	srl	x6,x5,x18	  x5:0xc0020812 x18:0x7ffff441  x6=0x60010409
     290885.000 ns	     29087	8000603c	1fd84693	xori	x13,x16,509	 x16:0x80040fe4 x13=0x80040e19
     290925.000 ns	     29091	80006040	01402f53	fadd.s	f30,f0,f20	  f0:0x7fc00000 f20:0x4df58000 f30=0x7fc00000
     290945.000 ns	     29093	80006044	00755113	srli	x2,x10,0x7	 x10:0xfffffd03  x2=0x01fffffa
     290955.000 ns	     29094	80006048	40705e13	srai	x28,x0,0x7	  x0:0x00000000 x28=0x00000000
     290975.000 ns	     29096	8000604c	28fe0fd3	fmin.s	f31,f28,f15	 f28:0xbebb3274 f15:0x7fc00000 f31=0xbebb3274
     291345.000 ns	     29133	80006050	037ed3b3	divu	x7,x29,x23	 x29:0x00000000 x23:0xc0020812  x7=0x00000000
     291375.000 ns	     29136	80006054	f0040ed3	fmv.w.x	f29,x8	  x8:0x7fffffff f29=0x7fffffff
     291405.000 ns	     29139	80006058	a03d1dd3	flt.s	x27,f26,f3	 f26:0x7fc00000  f3:0x7fc00000 x27=0x00000000
     291425.000 ns	     29141	8000605c	0627d517	auipc	x10,0x627d	 x10=0x8628305c
     291435.000 ns	     29142	80006060	00fee033	or	x0,x29,x15	 x29:0x00000000 x15:0x23b5df28
     291455.000 ns	     29144	80006064	035f04b3	mul	x9,x30,x21	 x30:0xfffff440 x21:0xf9f21000  x9=0x23c40000
     291485.000 ns	     29147	80006068	02d804b3	mul	x9,x16,x13	 x16:0x80040fe4 x13:0x80040e19  x9=0xf8d40544
     291515.000 ns	     29150	8000606c	216ba653	fsgnjx.s	f12,f23,f22	 f23:0x7fc00000 f22:0x00000000 f12=0x7fc00000
     291535.000 ns	     29152	80006070	41fe5d33	sra	x26,x28,x31	 x28:0x00000000 x31:0x6701ea00 x26=0x00000000
     291555.000 ns	     29154	80006074	c00afa53	fcvt.w.s	x20,f21	 f21:0xbf800000 x20=0x00000001
     291585.000 ns	     29157	80006078	29c281d3	fmin.s	f3,f5,f28	  f5:0xde919fd8 f28:0xbebb3274  f3=0xde919fd8
     291605.000 ns	     29159	8000607c	00bb1733	sll	x14,x22,x11	 x22:0x00000000 x11:0x80000000 x14=0x00000000
     291965.000 ns	     29195	80006080	035bda33	divu	x20,x23,x21	 x23:0xc0020812 x21:0xf9f21000 x20=0x00000000
     291995.000 ns	     29198	80006084	02e75333	divu	x6,x14,x14	 x14:0x1eb00000 x14:0x1eb00000  x6=0xffffffff
     292015.000 ns	     29200	80006088	00677fb3	and	x31,x14,x6	 x14:0x00000000  x6:0x60010409 x31=0x00000000
     292035.000 ns	     29202	8000608c	c0117b53	fcvt.wu.s	x22,f2	  f2:0x4f7ffffe x22=0xfffffe00
     292055.000 ns	     29204	80006090	a6e63337	lui	x6,0xa6e63	  x6=0xa6e63000
     292065.000 ns	     29205	80006094	b9b9ed13	ori	x26,x19,-1125	 x19:0x80041024 x26=0xfffffbbf
     292085.000 ns	     29207	80006098	e0031d53	fclass.s	x26,f6	  f6:0x3f800000 x26=0x00000040
     292115.000 ns	     29210	8000609c	d014f0d3	fcvt.s.wu	f1,x9	  x9:0xf8d40544  f1=0x4f78d405
     292135.000 ns	     29212	800060a0	00f2ecb3	or	x25,x5,x15	  x5:0xc0020812 x15:0x23b5df28 x25=0xe3b7df3a
     292165.000 ns	     29215	800060a4	106a7dd3	fmul.s	f27,f20,f6	 f20:0x4df58000  f6:0x3f800000 f27=0x4df58000
     292185.000 ns	     29217	800060a8	01754e33	xor	x28,x10,x23	 x10:0x8628305c x23:0xc0020812 x28=0x462a384e
     292195.000 ns	     29218	800060ac	59117513	andi	x10,x2,1425	  x2:0x01fffffa x10=0x00000590
     292215.000 ns	     29220	800060b0	e0019353	fclass.s	x6,f3	  f3:0xde919fd8  x6=0x00000002
     292245.000 ns	     29223	800060b4	a086a753	feq.s	x14,f13,f8	 f13:0x4f00040f  f8:0x3f35042a x14=0x00000000
     292285.000 ns	     29227	800060b8	19e94053	fdiv.s	f0,f18,f30	 f18:0x7a7fc000 f30:0x7fc00000  f0=0x7fc00000
     292315.000 ns	     29230	800060bc	21290853	fsgnj.s	f16,f18,f18	 f18:0x7a7fc000 f18:0x7a7fc000 f16=0x7a7fc000
     292335.000 ns	     29232	800060c0	f3402db7	lui	x27,0xf3402	 x27=0xf3402000
     292355.000 ns	     29234	800060c4	02063a33	mulhu	x20,x12,x0	 x12:0x00000000  x0:0x00000000 x20=0x00000000
     292375.000 ns	     29236	800060c8	5404c497	auipc	x9,0x5404c	  x9=0xd40520c8
     292395.000 ns	     29238	800060cc	21719053	fsgnjn.s	f0,f3,f23	  f3:0xde919fd8 f23:0x7fc00000  f0=0xde919fd8
     292435.000 ns	     29242	800060d0	11a1fb53	fmul.s	f22,f3,f26	  f3:0xde919fd8 f26:0x7fc00000 f22=0x7fc00000
     292475.000 ns	     29246	800060d4	116c3e53	fmul.s	f28,f24,f22	 f24:0x7fc00000 f22:0x00000000 f28=0x7fc00000
     292495.000 ns	     29248	800060d8	a5f03913	sltiu	x18,x0,-1441	  x0:0x00000000 x18=0x00000001
     292515.000 ns	     29250	800060dc	29ca1053	fmax.s	f0,f20,f28	 f20:0x4df58000 f28:0x7fc00000  f0=0x4df58000
     292545.000 ns	     29253	800060e0	0240a2b3	mulhsu	x5,x1,x4	  x1:0x00000001  x4:0x00000000  x5=0x00000000
     292575.000 ns	     29256	800060e4	03fb0b33	mul	x22,x22,x31	 x22:0xfffffe00 x31:0x00000000 x22=0x00000000
     292595.000 ns	     29258	800060e8	01de0d33	add	x26,x28,x29	 x28:0x462a384e x29:0x00000000 x26=0x462a384e
     292615.000 ns	     29260	800060ec	289f95d3	fmax.s	f11,f31,f9	 f31:0xbebb3274  f9:0xbf800000 f11=0xbebb3274
     292635.000 ns	     29262	800060f0	41cc0e33	sub	x28,x24,x28	 x24:0x00000000 x28:0x462a384e x28=0xb9d5c7b2
     292655.000 ns	     29264	800060f4	a0a28053	fle.s	x0,f5,f10	  f5:0xde919fd8 f10:0x7fc00000
     292675.000 ns	     29266	800060f8	3aaaffb7	lui	x31,0x3aaaf	 x31=0x3aaaf000
     292695.000 ns	     29268	800060fc	02ad2bb3	mulhsu	x23,x26,x10	 x26:0x462a384e x10:0x00000590 x23=0x00000186
     292715.000 ns	     29270	80006100	01ea4733	xor	x14,x20,x30	 x20:0x00000000 x30:0xfffff440 x14=0xfffff440
     292735.000 ns	     29272	80006104	21fe0e53	fsgnj.s	f28,f28,f31	 f28:0x7fc00000 f31:0xbebb3274 f28=0xffc00000
     293105.000 ns	     29309	80006108	022cf7b3	remu	x15,x25,x2	 x25:0xe3b7df3a  x2:0x01fffffa x15=0x01b7e1e0
     293135.000 ns	     29312	8000610c	021c8cb3	mul	x25,x25,x1	 x25:0xe3b7df3a  x1:0x00000001 x25=0xe3b7df3a
     293185.000 ns	     29317	80006110	0944f5d3	fsub.s	f11,f9,f20	  f9:0xbf800000 f20:0x4df58000 f11=0xcdf58000
     293215.000 ns	     29320	80006114	29d010d3	fmax.s	f1,f0,f29	  f0:0x4df58000 f29:0x7fffffff  f1=0x4df58000
     293235.000 ns	     29322	80006118	01aeff33	and	x30,x29,x26	 x29:0x00000000 x26:0x462a384e x30=0x00000000
     293265.000 ns	     29325	8000611c	19a997d3	fdiv.s	f15,f19,f26	 f19:0x7fc00000 f26:0x7fc00000 f15=0x7fc00000
     293285.000 ns	     29327	80006120	40308f33	sub	x30,x1,x3	  x1:0x00000001  x3:0x00000000 x30=0x00000001
     293645.000 ns	     29363	80006124	039ee3b3	rem	x7,x29,x25	 x29:0x00000000 x25:0xe3b7df3a  x7=0x00000000
     294015.000 ns	     29400	80006128	02bf6333	rem	x6,x30,x11	 x30:0x00000000 x11:0x80000000  x6=0x00000001
     294045.000 ns	     29403	8000612c	20331053	fsgnjn.s	f0,f6,f3	  f6:0x3f800000  f3:0xde919fd8  f0=0x3f800000
     294075.000 ns	     29406	80006130	28da8c53	fmin.s	f24,f21,f13	 f21:0xbf800000 f13:0x4f00040f f24=0xbf800000
     294095.000 ns	     29408	80006134	428d8713	addi	x14,x27,1064	 x27:0xf3402000 x14=0xf3402428
     294455.000 ns	     29444	80006138	02edebb3	rem	x23,x27,x14	 x27:0xf3402000 x14:0xfffff440 x23=0xfffffbd8
     294485.000 ns	     29447	8000613c	d0019b53	fcvt.s.w	f22,x3	  x3:0x00000000 f22=0x00000000
     294515.000 ns	     29450	80006140	c0022c53	fcvt.w.s	x24,f4	  f4:0x7fc00000 x24=0x7fffffff
     294545.000 ns	     29453	80006144	d01087d3	fcvt.s.wu	f15,x1	  x1:0x00000001 f15=0x3f800000
     294565.000 ns	     29455	80006148	ada8a493	slti	x9,x17,-1318	 x17:0x00000000  x9=0x00000000
     294585.000 ns	     29457	8000614c	d002fb53	fcvt.s.w	f22,x5	  x5:0x00000000 f22=0x00000000
     294625.000 ns	     29461	80006150	1844fcd3	fdiv.s	f25,f9,f4	  f9:0xbf800000  f4:0x7fc00000 f25=0x7fc00000
     294655.000 ns	     29464	80006154	03270d33	mul	x26,x14,x18	 x14:0xf3402428 x18:0x00000001 x26=0xf3402428
     294675.000 ns	     29466	80006158	08aefe13	andi	x28,x29,138	 x29:0x00000000 x28=0x00000000
     295035.000 ns	     29502	8000615c	0353c8b3	div	x17,x7,x21	  x7:0x00000000 x21:0xf9f21000 x17=0x00000000
     295065.000 ns	     29505	80006160	c005f953	fcvt.w.s	x18,f11	 f11:0xcdf58000 x18=0x1eb00000
     295085.000 ns	     29507	80006164	018090b3	sll	x1,x1,x24	  x1:0x00000001 x24:0x7fffffff  x1=0x80000000
     295105.000 ns	     29509	80006168	020f9cb3	mulh	x25,x31,x0	 x31:0x3aaaf000  x0:0x00000000 x25=0x00000000
     295125.000 ns	     29511	8000616c	001aa3b3	slt	x7,x21,x1	 x21:0xf9f21000  x1:0x00000001  x7=0x00000000
     295145.000 ns	     29513	80006170	20791fd3	fsgnjn.s	f31,f18,f7	 f18:0x7a7fc000  f7:0x7fc00000 f31=0xfa7fc000
     295175.000 ns	     29516	80006174	d00d7853	fcvt.s.w	f16,x26	 x26:0xf3402428 f16=0xcd4bfdbd
     295205.000 ns	     29519	80006178	a1f826d3	feq.s	x13,f16,f31	 f16:0x7a7fc000 f31:0xfa7fc000 x13=0x00000000
     295235.000 ns	     29522	8000617c	c0052bd3	fcvt.w.s	x23,f10	 f10:0x7fc00000 x23=0x7fffffff
     295265.000 ns	     29525	80006180	216d87d3	fsgnj.s	f15,f27,f22	 f27:0x4df58000 f22:0x00000000 f15=0x4df58000
     295285.000 ns	     29527	80006184	05a7e793	ori	x15,x15,90	 x15:0x01b7e1e0 x15=0x01b7e1fa
     295305.000 ns	     29529	80006188	c0190153	fcvt.wu.s	x2,f18	 f18:0x7a7fc000  x2=0xffffffff
     295355.000 ns	     29534	8000618c	00477cd3	fadd.s	f25,f14,f4	 f14:0xbf800000  f4:0x7fc00000 f25=0x7fc00000
     295385.000 ns	     29537	80006190	21fca9d3	fsgnjx.s	f19,f25,f31	 f25:0x7fc00000 f31:0xfa7fc000 f19=0xffc00000
     295415.000 ns	     29540	80006194	c018fd53	fcvt.wu.s	x26,f17	 f17:0x4f00040f x26=0x80040f00
     295455.000 ns	     29544	80006198	189d70d3	fdiv.s	f1,f26,f9	 f26:0x7fc00000  f9:0xbf800000  f1=0x7fc00000
     295485.000 ns	     29547	8000619c	03b49333	mulh	x6,x9,x27	  x9:0x00000000 x27:0xf3402000  x6=0x00000000
     295505.000 ns	     29549	800061a0	004b41b3	xor	x3,x22,x4	 x22:0x00000000  x4:0x00000000  x3=0x00000000
     295515.000 ns	     29550	800061a4	017145b3	xor	x11,x2,x23	  x2:0xffffffff x23:0x7fffffff x11=0x80000000
     295535.000 ns	     29552	800061a8	21f80bd3	fsgnj.s	f23,f16,f31	 f16:0xcd4bfdbd f31:0xfa7fc000 f23=0xcd4bfdbd
     295585.000 ns	     29557	800061ac	01b720d3	fadd.s	f1,f14,f27	 f14:0xbf800000 f27:0x4df58000  f1=0x4df57fff
     295605.000 ns	     29559	800061b0	bafd4117	auipc	x2,0xbafd4	  x2=0x3afda1b0
     295625.000 ns	     29561	800061b4	20cd09d3	fsgnj.s	f19,f26,f12	 f26:0x7fc00000 f12:0x7fc00000 f19=0x7fc00000
     295645.000 ns	     29563	800061b8	4971f593	andi	x11,x3,1175	  x3:0x00000000 x11=0x00000000
     295665.000 ns	     29565	800061bc	a187abd3	feq.s	x23,f15,f24	 f15:0x4df58000 f24:0xbf800000 x23=0x00000000
     295685.000 ns	     29567	800061c0	00000013	addi	x0,x0,0	  x0:0x00000000
     295705.000 ns	     29569	800061c4	201c2b53	fsgnjx.s	f22,f24,f1	 f24:0xbf800000  f1:0x4df57fff f22=0xbf800000
     295725.000 ns	     29571	800061c8	008d58b3	srl	x17,x26,x8	 x26:0x80040f00  x8:0x7fffffff x17=0x00000001
     295745.000 ns	     29573	800061cc	c01275d3	fcvt.wu.s	x11,f4	  f4:0x7fc00000 x11=0xffffffff
     295765.000 ns	     29575	800061d0	01d226b3	slt	x13,x4,x29	  x4:0x00000000 x29:0x00000000 x13=0x00000000
     295775.000 ns	     29576	800061d4	bc556a13	ori	x20,x10,-1083	 x10:0x00000590 x20=0xffffffd5
     295795.000 ns	     29578	800061d8	28560253	fmin.s	f4,f12,f5	 f12:0x7fc00000  f5:0xde919fd8  f4=0xde919fd8
     295815.000 ns	     29580	800061dc	06f23e13	sltiu	x28,x4,111	  x4:0x00000000 x28=0x00000001
     295835.000 ns	     29582	800061e0	a0a39953	flt.s	x18,f7,f10	  f7:0x7fc00000 f10:0x7fc00000 x18=0x00000000
     295855.000 ns	     29584	800061e4	c4144713	xori	x14,x8,-959	  x8:0x7fffffff x14=0x800003be
     295865.000 ns	     29585	800061e8	0084ddb3	srl	x27,x9,x8	  x9:0x00000000  x8:0x7fffffff x27=0x00000000
     295885.000 ns	     29587	800061ec	02cf2eb3	mulhsu	x29,x30,x12	 x30:0x00000001 x12:0x00000000 x29=0x00000000
     295925.000 ns	     29591	800061f0	580b3f53	fsqrt.s	f30,f22	 f22:0xbf800000 f30=0x7fc00000
     295955.000 ns	     29594	800061f4	c018c353	fcvt.wu.s	x6,f17	 f17:0x4f00040f  x6=0x80040f00
     295985.000 ns	     29597	800061f8	d005f153	fcvt.s.w	f2,x11	 x11:0xffffffff  f2=0xbf800000
     296005.000 ns	     29599	800061fc	000b06b3	add	x13,x22,x0	 x22:0x00000000  x0:0x00000000 x13=0x00000000
     296365.000 ns	     29635	80006200	030d5e33	divu	x28,x26,x16	 x26:0x80040f00 x16:0x80040fe4 x28=0x00000000
     296395.000 ns	     29638	80006204	d009f6d3	fcvt.s.w	f13,x19	 x19:0x80041024 f13=0xcefff7df
     296415.000 ns	     29640	80006208	00fd8db3	add	x27,x27,x15	 x27:0x00000000 x15:0x01b7e1fa x27=0x01b7e1fa
     296435.000 ns	     29642	8000620c	a1ac0c53	fle.s	x24,f24,f26	 f24:0xbf800000 f26:0x7fc00000 x24=0x00000000
     296465.000 ns	     29645	80006210	21a91c53	fsgnjn.s	f24,f18,f26	 f18:0x7a7fc000 f26:0x7fc00000 f24=0xfa7fc000
     296485.000 ns	     29647	80006214	e3c43493	sltiu	x9,x8,-452	  x8:0x7fffffff  x9=0x00000001
     296495.000 ns	     29648	80006218	01af9333	sll	x6,x31,x26	 x31:0x3aaaf000 x26:0x80040f00  x6=0x3aaaf000
     296515.000 ns	     29650	8000621c	02c871b3	remu	x3,x16,x12	 x16:0x80040fe4 x12:0x00000000  x3=0x80040fe4
     296545.000 ns	     29653	80006220	026fa0b3	mulhsu	x1,x31,x6	 x31:0x3aaaf000  x6:0x80040f00  x1=0x0d71e6e3
     296565.000 ns	     29655	80006224	01f6b8b3	sltu	x17,x13,x31	 x13:0x00000000 x31:0x3aaaf000 x17=0x00000001
     296575.000 ns	     29656	80006228	401b8b33	sub	x22,x23,x1	 x23:0x00000000  x1:0x0d71e6e3 x22=0xf28e191d
     296585.000 ns	     29657	8000622c	0180b733	sltu	x14,x1,x24	  x1:0x0d71e6e3 x24:0x00000000 x14=0x00000000
     296605.000 ns	     29659	80006230	29770153	fmin.s	f2,f14,f23	 f14:0xbf800000 f23:0xcd4bfdbd  f2=0xcd4bfdbd
     296655.000 ns	     29664	80006234	003ef7d3	fadd.s	f15,f29,f3	 f29:0x7fffffff  f3:0xde919fd8 f15=0x7fc00000
     296675.000 ns	     29666	80006238	016e96b3	sll	x13,x29,x22	 x29:0x00000000 x22:0xf28e191d x13=0x00000000
     296695.000 ns	     29668	8000623c	a1620d53	fle.s	x26,f4,f22	  f4:0xde919fd8 f22:0xbf800000 x26=0x00000001
     296725.000 ns	     29671	80006240	0290b0b3	mulhu	x1,x1,x9	  x1:0x0d71e6e3  x9:0x00000001  x1=0x00000000
     296745.000 ns	     29673	80006244	4073df13	srai	x30,x7,0x7	  x7:0x00000000 x30=0x00000000
     296765.000 ns	     29675	80006248	28e102d3	fmin.s	f5,f2,f14	  f2:0xcd4bfdbd f14:0xbf800000  f5=0xcd4bfdbd
     296785.000 ns	     29677	8000624c	415f5533	sra	x10,x30,x21	 x30:0x00000001 x21:0xf9f21000 x10=0x00000000
     296805.000 ns	     29679	80006250	d00e0053	fcvt.s.w	f0,x28	 x28:0x00000000  f0=0x00000000
     296825.000 ns	     29681	80006254	ee2f3b13	sltiu	x22,x30,-286	 x30:0x00000000 x22=0x00000001
     296835.000 ns	     29682	80006258	83effa93	andi	x21,x31,-1986	 x31:0x3aaaf000 x21=0x3aaaf000
     296845.000 ns	     29683	8000625c	087bff93	andi	x31,x23,135	 x23:0x00000000 x31=0x00000000
     296865.000 ns	     29685	80006260	20a38553	fsgnj.s	f10,f7,f10	  f7:0x7fc00000 f10:0x7fc00000 f10=0x7fc00000
     296885.000 ns	     29687	80006264	0174d6b3	srl	x13,x9,x23	  x9:0x00000001 x23:0x00000000 x13=0x00000001
     296895.000 ns	     29688	80006268	417b5113	srai	x2,x22,0x17	 x22:0x00000001  x2=0x00000000
     296915.000 ns	     29690	8000626c	29348bd3	fmin.s	f23,f9,f19	  f9:0xbf800000 f19:0x7fc00000 f23=0xbf800000
     296935.000 ns	     29692	80006270	410384b3	sub	x9,x7,x16	  x7:0x00000000 x16:0x80040fe4  x9=0x7ffbf01c
     296945.000 ns	     29693	80006274	00e45f93	srli	x31,x8,0xe	  x8:0x7fffffff x31=0x0001ffff
     296955.000 ns	     29694	80006278	391ec093	xori	x1,x29,913	 x29:0x00000000  x1=0x00000391
     296975.000 ns	     29696	8000627c	e00f84d3	fmv.x.w	x9,f31	 f31:0xfa7fc000  x9=0xfa7fc000
     297005.000 ns	     29699	80006280	d01dfcd3	fcvt.s.wu	f25,x27	 x27:0x01b7e1fa f25=0x4bdbf0fd
     297025.000 ns	     29701	80006284	40c90bb3	sub	x23,x18,x12	 x18:0x00000000 x12:0x00000000 x23=0x00000000
     297035.000 ns	     29702	80006288	00000013	addi	x0,x0,0	  x0:0x00000000
     297045.000 ns	     29703	8000628c	0136d513	srli	x10,x13,0x13	 x13:0x00000001 x10=0x00000000
     297055.000 ns	     29704	80006290	00ee2133	slt	x2,x28,x14	 x28:0x00000000 x14:0x00000000  x2=0x00000000
     297065.000 ns	     29705	80006294	0077b7b3	sltu	x15,x15,x7	 x15:0x01b7e1fa  x7:0x00000000 x15=0x00000000
     297085.000 ns	     29707	80006298	03749e33	mulh	x28,x9,x23	  x9:0xfa7fc000 x23:0x00000000 x28=0x00000000
     297105.000 ns	     29709	8000629c	282b3e93	sltiu	x29,x22,642	 x22:0x00000001 x29=0x00000001
     297125.000 ns	     29711	800062a0	02cc6fb3	rem	x31,x24,x12	 x24:0x00000000 x12:0x00000000 x31=0x00000000
     297155.000 ns	     29714	800062a4	03cf9e33	mulh	x28,x31,x28	 x31:0x0001ffff x28:0x00000000 x28=0x00000000
     297175.000 ns	     29716	800062a8	00196cb3	or	x25,x18,x1	 x18:0x00000000  x1:0x00000391 x25=0x00000391
     297185.000 ns	     29717	800062ac	410b5113	srai	x2,x22,0x10	 x22:0x00000001  x2=0x00000000
     297195.000 ns	     29718	800062b0	3deb0793	addi	x15,x22,990	 x22:0x00000001 x15=0x000003df
     297215.000 ns	     29720	800062b4	03d00633	mul	x12,x0,x29	  x0:0x00000000 x29:0x00000001 x12=0x00000000
     297245.000 ns	     29723	800062b8	28339953	fmax.s	f18,f7,f3	  f7:0x7fc00000  f3:0xde919fd8 f18=0xde919fd8
     297275.000 ns	     29726	800062bc	a032aed3	feq.s	x29,f5,f3	  f5:0xcd4bfdbd  f3:0xde919fd8 x29=0x00000000
     297295.000 ns	     29728	800062c0	00000013	addi	x0,x0,0	  x0:0x00000000
     297305.000 ns	     29729	800062c4	82163a93	sltiu	x21,x12,-2015	 x12:0x00000000 x21=0x00000001
     297315.000 ns	     29730	800062c8	004f1e13	slli	x28,x30,0x4	 x30:0x00000000 x28=0x00000000
     297325.000 ns	     29731	800062cc	cb064f13	xori	x30,x12,-848	 x12:0x00000000 x30=0xfffffcb0
     297355.000 ns	     29734	800062d0	58057fd3	fsqrt.s	f31,f10	 f10:0x7fc00000 f31=0x7fc00000
     297725.000 ns	     29771	800062d4	02b2dd33	divu	x26,x5,x11	  x5:0x00000000 x11:0xffffffff x26=0x00000000
     297755.000 ns	     29774	800062d8	02509d33	mulh	x26,x1,x5	  x1:0x00000391  x5:0x00000000 x26=0x00000000
     297785.000 ns	     29777	800062dc	d00b7dd3	fcvt.s.w	f27,x22	 x22:0x00000001 f27=0x3f800000
     297815.000 ns	     29780	800062e0	0231b0b3	mulhu	x1,x3,x3	  x3:0x80040fe4  x3:0x80040fe4  x1=0x40040ff4
     297845.000 ns	     29783	800062e4	20c8ac53	fsgnjx.s	f24,f17,f12	 f17:0x4f00040f f12:0x7fc00000 f24=0x4f00040f
     297875.000 ns	     29786	800062e8	a0a32153	feq.s	x2,f6,f10	  f6:0x3f800000 f10:0x7fc00000  x2=0x00000000
     297905.000 ns	     29789	800062ec	d0027953	fcvt.s.w	f18,x4	  x4:0x00000000 f18=0x00000000
     297935.000 ns	     29792	800062f0	28b48253	fmin.s	f4,f9,f11	  f9:0xbf800000 f11:0xcdf58000  f4=0xcdf58000
     297965.000 ns	     29795	800062f4	d016fd53	fcvt.s.wu	f26,x13	 x13:0x00000001 f26=0x3f800000
     297995.000 ns	     29798	800062f8	f00f88d3	fmv.w.x	f17,x31	 x31:0x00000000 f17=0x00000000
     298025.000 ns	     29801	800062fc	2172acd3	fsgnjx.s	f25,f5,f23	  f5:0xcd4bfdbd f23:0xbf800000 f25=0x4d4bfdbd
     298055.000 ns	     29804	80006300	e00c1453	fclass.s	x8,f24	 f24:0x4f00040f  x8=0x00000040
     298075.000 ns	     29806	80006304	00769333	sll	x6,x13,x7	 x13:0x00000001  x7:0x00000000  x6=0x00000001
     298095.000 ns	     29808	80006308	d011b8d3	fcvt.s.wu	f17,x3	  x3:0x80040fe4 f17=0x4f000410
     298125.000 ns	     29811	8000630c	0254b0b3	mulhu	x1,x9,x5	  x9:0xfa7fc000  x5:0x00000000  x1=0x00000000
     298155.000 ns	     29814	80006310	c0199353	fcvt.wu.s	x6,f19	 f19:0x7fc00000  x6=0xffffffff
     298185.000 ns	     29817	80006314	e00b1a53	fclass.s	x20,f22	 f22:0xbf800000 x20=0x00000002
     298205.000 ns	     29819	80006318	bb2e4b93	xori	x23,x28,-1102	 x28:0x00000000 x23=0xfffffbb2
     298535.000 ns	     29852	8000631c	186a4ed3	fdiv.s	f29,f20,f6	 f20:0x4df58000  f6:0x3f800000 f29=0x4df57f40
     298555.000 ns	     29854	80006320	17f95617	auipc	x12,0x17f95	 x12=0x97f9b320
     298565.000 ns	     29855	80006324	40d55b93	srai	x23,x10,0xd	 x10:0x00000000 x23=0x00000000
     298585.000 ns	     29857	80006328	a178a6d3	feq.s	x13,f17,f23	 f17:0x4f000410 f23:0xbf800000 x13=0x00000000
     298605.000 ns	     29859	8000632c	003c2d33	slt	x26,x24,x3	 x24:0x00000000  x3:0x80040fe4 x26=0x00000000
     298625.000 ns	     29861	80006330	d00b1253	fcvt.s.w	f4,x22	 x22:0x00000001  f4=0x3f800000
     298645.000 ns	     29863	80006334	f6a06113	ori	x2,x0,-150	  x0:0x00000000  x2=0xffffff6a
     298665.000 ns	     29865	80006338	c00daf53	fcvt.w.s	x30,f27	 f27:0x3f800000 x30=0x00000001
     298685.000 ns	     29867	8000633c	37e58413	addi	x8,x11,894	 x11:0xffffffff  x8=0x0000037d
     298705.000 ns	     29869	80006340	21f11353	fsgnjn.s	f6,f2,f31	  f2:0xcd4bfdbd f31:0x7fc00000  f6=0xcd4bfdbd
     298725.000 ns	     29871	80006344	e1d53f13	sltiu	x30,x10,-483	 x10:0x00000000 x30=0x00000001
     298735.000 ns	     29872	80006348	447938b7	lui	x17,0x44793	 x17=0x44793000
     298775.000 ns	     29876	8000634c	08883853	fsub.s	f16,f16,f8	 f16:0xcd4bfdbd  f8:0x3f35042a f16=0xcd4bfdbd
     298795.000 ns	     29878	80006350	016921b3	slt	x3,x18,x22	 x18:0x00000000 x22:0x00000001  x3=0x00000001
     298815.000 ns	     29880	80006354	a08f02d3	fle.s	x5,f30,f8	 f30:0x7fc00000  f8:0x3f35042a  x5=0x00000000
     298835.000 ns	     29882	80006358	c85d0593	addi	x11,x26,-891	 x26:0x00000000 x11=0xfffffc85
     298855.000 ns	     29884	8000635c	02a09633	mulh	x12,x1,x10	  x1:0x00000000 x10:0x00000000 x12=0x00000000
     298875.000 ns	     29886	80006360	008b72b3	and	x5,x22,x8	 x22:0x00000001  x8:0x0000037d  x5=0x00000001
     298895.000 ns	     29888	80006364	d004f953	fcvt.s.w	f18,x9	  x9:0xfa7fc000 f18=0xccb00800
     298915.000 ns	     29890	80006368	017e0c33	add	x24,x28,x23	 x28:0x00000000 x23:0x00000000 x24=0x00000000
     298935.000 ns	     29892	8000636c	29cf8653	fmin.s	f12,f31,f28	 f31:0x7fc00000 f28:0xffc00000 f12=0x7fc00000
     298965.000 ns	     29895	80006370	f0040853	fmv.w.x	f16,x8	  x8:0x0000037d f16=0x0000037d
     298995.000 ns	     29898	80006374	c01d14d3	fcvt.wu.s	x9,f26	 f26:0x3f800000  x9=0x00000001
     299335.000 ns	     29932	80006378	192d7dd3	fdiv.s	f27,f26,f18	 f26:0x3f800000 f18:0xccb00800 f27=0xb2000000
     299385.000 ns	     29937	8000637c	08d07ed3	fsub.s	f29,f0,f13	  f0:0x00000000 f13:0xcefff7df f29=0x4efff7df
     299405.000 ns	     29939	80006380	018214b3	sll	x9,x4,x24	  x4:0x00000000 x24:0x00000000  x9=0x00000000
     299425.000 ns	     29941	80006384	03e78533	mul	x10,x15,x30	 x15:0x000003df x30:0x00000001 x10=0x000003df
     299445.000 ns	     29943	80006388	4109d193	srai	x3,x19,0x10	 x19:0x80041024  x3=0xffff8004
     299805.000 ns	     29979	8000638c	0236d2b3	divu	x5,x13,x3	 x13:0x00000000  x3:0x00000001  x5=0x00000000
     299825.000 ns	     29981	80006390	01e412b3	sll	x5,x8,x30	  x8:0x0000037d x30:0x00000001  x5=0x000006fa
     299835.000 ns	     29982	80006394	e6554013	xori	x0,x10,-411	 x10:0x000003df
     299845.000 ns	     29983	80006398	ec983413	sltiu	x8,x16,-311	 x16:0x80040fe4  x8=0x00000001
     299855.000 ns	     29984	8000639c	acdf6c93	ori	x25,x30,-1331	 x30:0x00000001 x25=0xfffffacd
     299875.000 ns	     29986	800063a0	03caf533	remu	x10,x21,x28	 x21:0x00000001 x28:0x00000000 x10=0x00000001
     299905.000 ns	     29989	800063a4	214907d3	fsgnj.s	f15,f18,f20	 f18:0xccb00800 f20:0x4df58000 f15=0x4cb00800
     299935.000 ns	     29992	800063a8	d014fed3	fcvt.s.wu	f29,x9	  x9:0x00000000 f29=0x00000000
     299955.000 ns	     29994	800063ac	019ad893	srli	x17,x21,0x19	 x21:0x00000001 x17=0x00000000
     299965.000 ns	     29995	800063b0	bdeb6b93	ori	x23,x22,-1058	 x22:0x00000001 x23=0xfffffbdf
     299985.000 ns	     29997	800063b4	03d558b3	divu	x17,x10,x29	 x10:0x00000001 x29:0x00000000 x17=0xffffffff
     300005.000 ns	     29999	800063b8	e5693713	sltiu	x14,x18,-426	 x18:0x00000000 x14=0x00000001
     300025.000 ns	     30001	800063bc	d01748d3	fcvt.s.wu	f17,x14	 x14:0x00000000 f17=0x3f800000
     300045.000 ns	     30003	800063c0	65f9a793	slti	x15,x19,1631	 x19:0x80041024 x15=0x00000001
     300065.000 ns	     30005	800063c4	a0f18453	fle.s	x8,f3,f15	  f3:0xde919fd8 f15:0x4cb00800  x8=0x00000001
     300085.000 ns	     30007	800063c8	0098afb3	slt	x31,x17,x9	 x17:0xffffffff  x9:0x00000000 x31=0x00000001
     300445.000 ns	     30043	800063cc	0379ff33	remu	x30,x19,x23	 x19:0x80041024 x23:0xfffffbdf x30=0x80041024
     300465.000 ns	     30045	800063d0	001b6cb3	or	x25,x22,x1	 x22:0x00000001  x1:0x00000000 x25=0x00000001
     300505.000 ns	     30049	800063d4	0927aad3	fsub.s	f21,f15,f18	 f15:0x4cb00800 f18:0xccb00800 f21=0x4d300800
     300525.000 ns	     30051	800063d8	00000013	addi	x0,x0,0	  x0:0x00000000
     300545.000 ns	     30053	800063dc	02c7b1b3	mulhu	x3,x15,x12	 x15:0x00000001 x12:0x00000000  x3=0x00000000
     300565.000 ns	     30055	800063e0	af21b293	sltiu	x5,x3,-1294	  x3:0xffff8004  x5=0x00000001
     300595.000 ns	     30058	800063e4	11fc3d53	fmul.s	f26,f24,f31	 f24:0x4f00040f f31:0x7fc00000 f26=0x7fc00000
     300615.000 ns	     30060	800063e8	40515a93	srai	x21,x2,0x5	  x2:0xffffff6a x21=0xfffffffb
     300625.000 ns	     30061	800063ec	fcf97693	andi	x13,x18,-49	 x18:0x00000000 x13=0x00000000
     300635.000 ns	     30062	800063f0	41d75093	srai	x1,x14,0x1d	 x14:0x00000001  x1=0x00000000
     300655.000 ns	     30064	800063f4	0241c433	div	x8,x3,x4	  x3:0x00000000  x4:0x00000000  x8=0xffffffff
     300685.000 ns	     30067	800063f8	20b42fd3	fsgnjx.s	f31,f8,f11	  f8:0x3f35042a f11:0xcdf58000 f31=0xbf35042a
     300705.000 ns	     30069	800063fc	40ced093	srai	x1,x29,0xc	 x29:0x00000000  x1=0x00000000
     300715.000 ns	     30070	80006400	01b08f33	add	x30,x1,x27	  x1:0x00000000 x27:0x01b7e1fa x30=0x01b7e1fa
     300735.000 ns	     30072	80006404	204910d3	fsgnjn.s	f1,f18,f4	 f18:0xccb00800  f4:0x3f800000  f1=0xccb00800
     300755.000 ns	     30074	80006408	e30e8113	addi	x2,x29,-464	 x29:0x00000000  x2=0xfffffe30
     300775.000 ns	     30076	8000640c	c014f8d3	fcvt.wu.s	x17,f9	  f9:0xbf800000 x17=0x00000001
     300795.000 ns	     30078	80006410	51e37913	andi	x18,x6,1310	  x6:0xffffffff x18=0x0000051e
     300815.000 ns	     30080	80006414	a1592053	feq.s	x0,f18,f21	 f18:0xccb00800 f21:0x4d300800
     300845.000 ns	     30083	80006418	204294d3	fsgnjn.s	f9,f5,f4	  f5:0xcd4bfdbd  f4:0x3f800000  f9=0xcd4bfdbd
     300895.000 ns	     30088	8000641c	09e473d3	fsub.s	f7,f8,f30	  f8:0x3f35042a f30:0x7fc00000  f7=0x7fc00000
     300915.000 ns	     30090	80006420	01392033	slt	x0,x18,x19	 x18:0x0000051e x19:0x80041024
     300925.000 ns	     30091	80006424	0078d593	srli	x11,x17,0x7	 x17:0x00000001 x11=0x00000000
     300935.000 ns	     30092	80006428	40a702b3	sub	x5,x14,x10	 x14:0x00000001 x10:0x00000001  x5=0x00000000
     300955.000 ns	     30094	8000642c	03e096b3	mulh	x13,x1,x30	  x1:0x00000000 x30:0x01b7e1fa x13=0x00000000
     300975.000 ns	     30096	80006430	2161b313	sltiu	x6,x3,534	  x3:0x00000000  x6=0x00000001
     300995.000 ns	     30098	80006434	d0181bd3	fcvt.s.wu	f23,x16	 x16:0x80040fe4 f23=0x4f00040f
     301015.000 ns	     30100	80006438	00af4533	xor	x10,x30,x10	 x30:0x01b7e1fa x10:0x00000001 x10=0x01b7e1fb
     301035.000 ns	     30102	8000643c	a19916d3	flt.s	x13,f18,f25	 f18:0xccb00800 f25:0x4d4bfdbd x13=0x00000001
     301065.000 ns	     30105	80006440	290213d3	fmax.s	f7,f4,f16	  f4:0x3f800000 f16:0x0000037d  f7=0x3f800000
     301085.000 ns	     30107	80006444	8886d917	auipc	x18,0x8886d	 x18=0x08873444
     301125.000 ns	     30111	80006448	00e3a453	fadd.s	f8,f7,f14	  f7:0x3f800000 f14:0xbf800000  f8=0x80000000
     301145.000 ns	     30113	8000644c	0091e4b3	or	x9,x3,x9	  x3:0x00000000  x9:0x00000000  x9=0x00000000
     301165.000 ns	     30115	80006450	d00c7353	fcvt.s.w	f6,x24	 x24:0x00000000  f6=0x00000000
     301185.000 ns	     30117	80006454	33832a93	slti	x21,x6,824	  x6:0x00000001 x21=0x00000001
     301205.000 ns	     30119	80006458	e00016d3	fclass.s	x13,f0	  f0:0x00000000 x13=0x00000010
     301235.000 ns	     30122	8000645c	219607d3	fsgnj.s	f15,f12,f25	 f12:0x7fc00000 f25:0x4d4bfdbd f15=0x7fc00000
     301265.000 ns	     30125	80006460	023d0033	mul	x0,x26,x3	 x26:0x00000000  x3:0x00000000
     301285.000 ns	     30127	80006464	0082aab3	slt	x21,x5,x8	  x5:0x00000000  x8:0xffffffff x21=0x00000000
     301295.000 ns	     30128	80006468	595ba093	slti	x1,x23,1429	 x23:0xfffffbdf  x1=0x00000001
     301305.000 ns	     30129	8000646c	01990bb3	add	x23,x18,x25	 x18:0x08873444 x25:0x00000001 x23=0x08873445
     301325.000 ns	     30131	80006470	21ec2cd3	fsgnjx.s	f25,f24,f30	 f24:0x4f00040f f30:0x7fc00000 f25=0x4f00040f
     301355.000 ns	     30134	80006474	a1769bd3	flt.s	x23,f13,f23	 f13:0xcefff7df f23:0x4f00040f x23=0x00000001
     301395.000 ns	     30138	80006478	10acf453	fmul.s	f8,f25,f10	 f25:0x4f00040f f10:0x7fc00000  f8=0x7fc00000
     301425.000 ns	     30141	8000647c	03df40b3	div	x1,x30,x29	 x30:0x01b7e1fa x29:0x00000000  x1=0xffffffff
     301445.000 ns	     30143	80006480	00949d93	slli	x27,x9,0x9	  x9:0x00000000 x27=0x00000000
     301465.000 ns	     30145	80006484	a0b597d3	flt.s	x15,f11,f11	 f11:0xcdf58000 f11:0xcdf58000 x15=0x00000000
     301485.000 ns	     30147	80006488	0101e3b3	or	x7,x3,x16	  x3:0x00000000 x16:0x80040fe4  x7=0x80040fe4
     301505.000 ns	     30149	8000648c	214493d3	fsgnjn.s	f7,f9,f20	  f9:0xcd4bfdbd f20:0x4df58000  f7=0xcd4bfdbd
     301525.000 ns	     30151	80006490	00000013	addi	x0,x0,0	  x0:0x00000000
     301555.000 ns	     30154	80006494	5803f0d3	fsqrt.s	f1,f7	  f7:0xcd4bfdbd  f1=0x7fc00000
     301585.000 ns	     30157	80006498	a0a198d3	flt.s	x17,f3,f10	  f3:0xde919fd8 f10:0x7fc00000 x17=0x00000000
     301615.000 ns	     30160	8000649c	d01f7ad3	fcvt.s.wu	f21,x30	 x30:0x01b7e1fa f21=0x4bdbf0fd
     301645.000 ns	     30163	800064a0	a1249fd3	flt.s	x31,f9,f18	  f9:0xcd4bfdbd f18:0xccb00800 x31=0x00000001
     301675.000 ns	     30166	800064a4	202f1653	fsgnjn.s	f12,f30,f2	 f30:0x7fc00000  f2:0xcd4bfdbd f12=0x7fc00000
     301705.000 ns	     30169	800064a8	e00f9cd3	fclass.s	x25,f31	 f31:0xbf35042a x25=0x00000002
     301735.000 ns	     30172	800064ac	031cf533	remu	x10,x25,x17	 x25:0x00000001 x17:0x00000000 x10=0x00000002
     301755.000 ns	     30174	800064b0	f7ab0593	addi	x11,x22,-134	 x22:0x00000001 x11=0xffffff7b
     301775.000 ns	     30176	800064b4	a18f8053	fle.s	x0,f31,f24	 f31:0xbf35042a f24:0x4f00040f
     301795.000 ns	     30178	800064b8	de20cd93	xori	x27,x1,-542	  x1:0xffffffff x27=0x0000021d
     301805.000 ns	     30179	800064bc	58407037	lui	x0,0x58407	
     301815.000 ns	     30180	800064c0	0b4cd797	auipc	x15,0xb4cd	 x15=0x8b4d34c0
     301835.000 ns	     30182	800064c4	02d50db3	mul	x27,x10,x13	 x10:0x00000002 x13:0x00000010 x27=0x00000020
     301865.000 ns	     30185	800064c8	03ec9533	mulh	x10,x25,x30	 x25:0x00000002 x30:0x01b7e1fa x10=0x00000000
     301895.000 ns	     30188	800064cc	02a582b3	mul	x5,x11,x10	 x11:0xffffff7b x10:0x00000002  x5=0x00000000
     302265.000 ns	     30225	800064d0	03ec56b3	divu	x13,x24,x30	 x24:0x00000000 x30:0x01b7e1fa x13=0x00000000
     302285.000 ns	     30227	800064d4	00dd1293	slli	x5,x26,0xd	 x26:0x00000000  x5=0x00000000
     303455.000 ns	     30344	800064d8	580c87d3	fsqrt.s	f15,f25	 f25:0x4f00040f f15=0x46b50a40
     303475.000 ns	     30346	800064dc	013977b3	and	x15,x18,x19	 x18:0x08873444 x19:0x80041024 x15=0x00041004
     303835.000 ns	     30382	800064e0	0275f733	remu	x14,x11,x7	 x11:0xffffff7b  x7:0x80040fe4 x14=0x7ffbef97
     303865.000 ns	     30385	800064e4	e0080a53	fmv.x.w	x20,f16	 f16:0x0000037d x20=0x0000037d
     303895.000 ns	     30388	800064e8	a06d0bd3	fle.s	x23,f26,f6	 f26:0x7fc00000  f6:0x00000000 x23=0x00000000
     303915.000 ns	     30390	800064ec	41d486b3	sub	x13,x9,x29	  x9:0x00000000 x29:0x00000000 x13=0x00000000
     303925.000 ns	     30391	800064f0	b4120697	auipc	x13,0xb4120	 x13=0x341264f0
     303935.000 ns	     30392	800064f4	00ceceb3	xor	x29,x29,x12	 x29:0x00000000 x12:0x00000000 x29=0x00000000
     303955.000 ns	     30394	800064f8	20ea06d3	fsgnj.s	f13,f20,f14	 f20:0x4df58000 f14:0xbf800000 f13=0xcdf58000
     304325.000 ns	     30431	800064fc	02bdf7b3	remu	x15,x27,x11	 x27:0x00000020 x11:0xffffff7b x15=0x00000020
     304355.000 ns	     30434	80006500	a00c9e53	flt.s	x28,f25,f0	 f25:0x4f00040f  f0:0x00000000 x28=0x00000000
     304375.000 ns	     30436	80006504	00000013	addi	x0,x0,0	  x0:0x00000000
     304395.000 ns	     30438	80006508	03c2edb3	rem	x27,x5,x28	  x5:0x00000000 x28:0x00000000 x27=0x00000000
     304415.000 ns	     30440	8000650c	412a5cb3	sra	x25,x20,x18	 x20:0x0000037d x18:0x08873444 x25=0x00000037
     304425.000 ns	     30441	80006510	8c013f93	sltiu	x31,x2,-1856	  x2:0xfffffe30 x31=0x00000000
     304445.000 ns	     30443	80006514	d00402d3	fcvt.s.w	f5,x8	  x8:0xffffffff  f5=0xbf800000
     304475.000 ns	     30446	80006518	f0000dd3	fmv.w.x	f27,x0	  x0:0x00000000 f27=0x00000000
     304505.000 ns	     30449	8000651c	20ca9653	fsgnjn.s	f12,f21,f12	 f21:0x4bdbf0fd f12:0x7fc00000 f12=0xcbdbf0fd
     304535.000 ns	     30452	80006520	f00803d3	fmv.w.x	f7,x16	 x16:0x80040fe4  f7=0x80040fe4
     304565.000 ns	     30455	80006524	a1642553	feq.s	x10,f8,f22	  f8:0x7fc00000 f22:0xbf800000 x10=0x00000000
     304585.000 ns	     30457	80006528	37c02513	slti	x10,x0,892	  x0:0x00000000 x10=0x00000001
     304605.000 ns	     30459	8000652c	02cd6ab3	rem	x21,x26,x12	 x26:0x00000000 x12:0x00000000 x21=0x00000000
     304635.000 ns	     30462	80006530	20189b53	fsgnjn.s	f22,f17,f1	 f17:0x3f800000  f1:0x7fc00000 f22=0xbf800000
     304655.000 ns	     30464	80006534	00e41f93	slli	x31,x8,0xe	  x8:0xffffffff x31=0xffffc000
     304675.000 ns	     30466	80006538	a0bb2ad3	feq.s	x21,f22,f11	 f22:0xbf800000 f11:0xcdf58000 x21=0x00000000
     304705.000 ns	     30469	8000653c	028a3eb3	mulhu	x29,x20,x8	 x20:0x0000037d  x8:0xffffffff x29=0x0000037c
     304735.000 ns	     30472	80006540	02241cb3	mulh	x25,x8,x2	  x8:0xffffffff  x2:0xfffffe30 x25=0x00000000
     304765.000 ns	     30475	80006544	0253c2b3	div	x5,x7,x5	  x7:0x80040fe4  x5:0x00000000  x5=0xffffffff
     304795.000 ns	     30478	80006548	21e590d3	fsgnjn.s	f1,f11,f30	 f11:0xcdf58000 f30:0x7fc00000  f1=0xcdf58000
     304825.000 ns	     30481	8000654c	a1f2a753	feq.s	x14,f5,f31	  f5:0xbf800000 f31:0xbf35042a x14=0x00000000
     304855.000 ns	     30484	80006550	e00a9753	fclass.s	x14,f21	 f21:0x4bdbf0fd x14=0x00000040
     304875.000 ns	     30486	80006554	dc32ea93	ori	x21,x5,-573	  x5:0xffffffff x21=0xffffffff
     304885.000 ns	     30487	80006558	dccde313	ori	x6,x27,-564	 x27:0x00000000  x6=0xfffffdcc
     304895.000 ns	     30488	8000655c	8bd77cb7	lui	x25,0x8bd77	 x25=0x8bd77000
     304915.000 ns	     30490	80006560	29a78a53	fmin.s	f20,f15,f26	 f15:0x46b50a40 f26:0x7fc00000 f20=0x46b50a40
     304945.000 ns	     30493	80006564	e00015d3	fclass.s	x11,f0	  f0:0x00000000 x11=0x00000010
     304965.000 ns	     30495	80006568	41825d33	sra	x26,x4,x24	  x4:0x00000000 x24:0x00000000 x26=0x00000000
     304985.000 ns	     30497	8000656c	a01d85d3	fle.s	x11,f27,f1	 f27:0x00000000  f1:0xcdf58000 x11=0x00000000
     305015.000 ns	     30500	80006570	295f8b53	fmin.s	f22,f31,f21	 f31:0xbf35042a f21:0x4bdbf0fd f22=0xbf35042a
     305045.000 ns	     30503	80006574	d0051ed3	fcvt.s.w	f29,x10	 x10:0x00000001 f29=0x3f800000
     305075.000 ns	     30506	80006578	c01045d3	fcvt.wu.s	x11,f0	  f0:0x00000000 x11=0x00000000
     305105.000 ns	     30509	8000657c	03443e33	mulhu	x28,x8,x20	  x8:0xffffffff x20:0x0000037d x28=0x0000037c
     305135.000 ns	     30512	80006580	29198153	fmin.s	f2,f19,f17	 f19:0x7fc00000 f17:0x3f800000  f2=0x3f800000
     305165.000 ns	     30515	80006584	d00a7f53	fcvt.s.w	f30,x20	 x20:0x0000037d f30=0x445f4000
     305195.000 ns	     30518	80006588	023c72b3	remu	x5,x24,x3	 x24:0x00000000  x3:0x00000000  x5=0x00000000
     305215.000 ns	     30520	8000658c	40138e33	sub	x28,x7,x1	  x7:0x80040fe4  x1:0xffffffff x28=0x80040fe5
     305225.000 ns	     30521	80006590	006eecb3	or	x25,x29,x6	 x29:0x0000037c  x6:0xfffffdcc x25=0xfffffffc
     305235.000 ns	     30522	80006594	01137db3	and	x27,x6,x17	  x6:0xfffffdcc x17:0x00000000 x27=0x00000000
     305255.000 ns	     30524	80006598	202423d3	fsgnjx.s	f7,f8,f2	  f8:0x7fc00000  f2:0x3f800000  f7=0x7fc00000
     305625.000 ns	     30561	8000659c	0361cb33	div	x22,x3,x22	  x3:0x00000000 x22:0x00000001 x22=0x00000000
     305655.000 ns	     30564	800065a0	20ff1ad3	fsgnjn.s	f21,f30,f15	 f30:0x445f4000 f15:0x46b50a40 f21=0xc45f4000
     305675.000 ns	     30566	800065a4	60636f13	ori	x30,x6,1542	  x6:0xfffffdcc x30=0xffffffce
     305685.000 ns	     30567	800065a8	c5177193	andi	x3,x14,-943	 x14:0x00000040  x3=0x00000040
     305705.000 ns	     30569	800065ac	e0058153	fmv.x.w	x2,f11	 f11:0xcdf58000  x2=0xcdf58000
     305725.000 ns	     30571	800065b0	f6996793	ori	x15,x18,-151	 x18:0x08873444 x15=0xffffff6d
     305735.000 ns	     30572	800065b4	4020d4b3	sra	x9,x1,x2	  x1:0xffffffff  x2:0xcdf58000  x9=0xffffffff
     305745.000 ns	     30573	800065b8	01f9a333	slt	x6,x19,x31	 x19:0x80041024 x31:0xffffc000  x6=0x00000001
     305755.000 ns	     30574	800065bc	005876b3	and	x13,x16,x5	 x16:0x80040fe4  x5:0x00000000 x13=0x00000000
     305795.000 ns	     30578	800065c0	00234653	fadd.s	f12,f6,f2	  f6:0x00000000  f2:0x3f800000 f12=0x3f800000
     305815.000 ns	     30580	800065c4	01976133	or	x2,x14,x25	 x14:0x00000040 x25:0xfffffffc  x2=0xfffffffc
     305855.000 ns	     30584	800065c8	00b2f9d3	fadd.s	f19,f5,f11	  f5:0xbf800000 f11:0xcdf58000 f19=0xcdf58000
     305875.000 ns	     30586	800065cc	413d5e13	srai	x28,x26,0x13	 x26:0x00000000 x28=0x00000000
     306235.000 ns	     30622	800065d0	0276c733	div	x14,x13,x7	 x13:0x00000000  x7:0x80040fe4 x14=0x00000000
     306605.000 ns	     30659	800065d4	0235c433	div	x8,x11,x3	 x11:0x00000000  x3:0x00000040  x8=0x00000000
     306625.000 ns	     30661	800065d8	0121c333	xor	x6,x3,x18	  x3:0x00000040 x18:0x08873444  x6=0x08873404
     306645.000 ns	     30663	800065dc	a03c81d3	fle.s	x3,f25,f3	 f25:0x4f00040f  f3:0xde919fd8  x3=0x00000000
     306665.000 ns	     30665	800065e0	d72ba593	slti	x11,x23,-654	 x23:0x00000000 x11=0x00000000
     306685.000 ns	     30667	800065e4	0231f433	remu	x8,x3,x3	  x3:0x00000000  x3:0x00000000  x8=0x00000000
     306735.000 ns	     30672	800065e8	08e28ad3	fsub.s	f21,f5,f14	  f5:0xbf800000 f14:0xbf800000 f21=0x00000000
     306765.000 ns	     30675	800065ec	a08704d3	fle.s	x9,f14,f8	 f14:0xbf800000  f8:0x7fc00000  x9=0x00000000
     306795.000 ns	     30678	800065f0	03b49bb3	mulh	x23,x9,x27	  x9:0xffffffff x27:0x00000000 x23=0x00000000
     306825.000 ns	     30681	800065f4	a10a8ad3	fle.s	x21,f21,f16	 f21:0x00000000 f16:0x0000037d x21=0x00000001
     306845.000 ns	     30683	800065f8	00012533	slt	x10,x2,x0	  x2:0xfffffffc  x0:0x00000000 x10=0x00000001
     306855.000 ns	     30684	800065fc	014551b3	srl	x3,x10,x20	 x10:0x00000001 x20:0x0000037d  x3=0x00000000
     306885.000 ns	     30687	80006600	11e87a53	fmul.s	f20,f16,f30	 f16:0x0000037d f30:0x445f4000 f20=0x000c2b0a
     306915.000 ns	     30690	80006604	03a26fb3	rem	x31,x4,x26	  x4:0x00000000 x26:0x00000000 x31=0x00000000
     306965.000 ns	     30695	80006608	00f69a53	fadd.s	f20,f13,f15	 f13:0xcdf58000 f15:0x46b50a40 f20=0xcdf57d2b
     306995.000 ns	     30698	8000660c	023badb3	mulhsu	x27,x23,x3	 x23:0x00000000  x3:0x00000000 x27=0x00000000
     307025.000 ns	     30701	80006610	20fa9fd3	fsgnjn.s	f31,f21,f15	 f21:0x00000000 f15:0x46b50a40 f31=0x80000000
     307055.000 ns	     30704	80006614	03d12e33	mulhsu	x28,x2,x29	  x2:0xfffffffc x29:0x0000037c x28=0xffffffff
     307085.000 ns	     30707	80006618	296a97d3	fmax.s	f15,f21,f22	 f21:0x00000000 f22:0xbf35042a f15=0x00000000
     307115.000 ns	     30710	8000661c	21f5ac53	fsgnjx.s	f24,f11,f31	 f11:0xcdf58000 f31:0x80000000 f24=0x4df58000
     307145.000 ns	     30713	80006620	20ae8853	fsgnj.s	f16,f29,f10	 f29:0x3f800000 f10:0x7fc00000 f16=0x3f800000
     307175.000 ns	     30716	80006624	29f800d3	fmin.s	f1,f16,f31	 f16:0x0000037d f31:0x80000000  f1=0x80000000
     307195.000 ns	     30718	80006628	004a5433	srl	x8,x20,x4	 x20:0x0000037d  x4:0x00000000  x8=0x0000037d
     307205.000 ns	     30719	8000662c	00000013	addi	x0,x0,0	  x0:0x00000000
     307225.000 ns	     30721	80006630	a1df1653	flt.s	x12,f30,f29	 f30:0x445f4000 f29:0x3f800000 x12=0x00000000
     307245.000 ns	     30723	80006634	40f90f33	sub	x30,x18,x15	 x18:0x08873444 x15:0xffffff6d x30=0x088734d7
     307265.000 ns	     30725	80006638	2184a353	fsgnjx.s	f6,f9,f24	  f9:0xcd4bfdbd f24:0x4df58000  f6=0xcd4bfdbd
     307315.000 ns	     30730	8000663c	09bff8d3	fsub.s	f17,f31,f27	 f31:0x80000000 f27:0x00000000 f17=0x80000000
     307345.000 ns	     30733	80006640	028c3533	mulhu	x10,x24,x8	 x24:0x00000000  x8:0x0000037d x10=0x00000000
     307365.000 ns	     30735	80006644	0023df93	srli	x31,x7,0x2	  x7:0x80040fe4 x31=0x200103f9
     307405.000 ns	     30739	80006648	08170853	fsub.s	f16,f14,f1	 f14:0xbf800000  f1:0x80000000 f16=0xbf800000
     307425.000 ns	     30741	8000664c	4178d6b3	sra	x13,x17,x23	 x17:0x00000000 x23:0x00000000 x13=0x00000000
     307445.000 ns	     30743	80006650	a1749dd3	flt.s	x27,f9,f23	  f9:0xcd4bfdbd f23:0x4f00040f x27=0x00000001
     307465.000 ns	     30745	80006654	00000013	addi	x0,x0,0	  x0:0x00000000
     307475.000 ns	     30746	80006658	006534b3	sltu	x9,x10,x6	 x10:0x00000000  x6:0x08873404  x9=0x00000001
     307495.000 ns	     30748	8000665c	21539d53	fsgnjn.s	f26,f7,f21	  f7:0x7fc00000 f21:0x00000000 f26=0xffc00000
     307515.000 ns	     30750	80006660	40a65533	sra	x10,x12,x10	 x12:0x00000000 x10:0x00000000 x10=0x00000000
     307525.000 ns	     30751	80006664	c95f7a13	andi	x20,x30,-875	 x30:0x088734d7 x20=0x08873495
     307545.000 ns	     30753	80006668	c01744d3	fcvt.wu.s	x9,f14	 f14:0xbf800000  x9=0x00000001
     307565.000 ns	     30755	8000666c	000f56b3	srl	x13,x30,x0	 x30:0x088734d7  x0:0x00000000 x13=0x088734d7
     307585.000 ns	     30757	80006670	29c896d3	fmax.s	f13,f17,f28	 f17:0x80000000 f28:0xffc00000 f13=0x80000000
     307615.000 ns	     30760	80006674	03829533	mulh	x10,x5,x24	  x5:0x00000000 x24:0x00000000 x10=0x00000000
     307665.000 ns	     30765	80006678	01977853	fadd.s	f16,f14,f25	 f14:0xbf800000 f25:0x4f00040f f16=0x4f00040e
     307695.000 ns	     30768	8000667c	a1cf0353	fle.s	x6,f30,f28	 f30:0x445f4000 f28:0xffc00000  x6=0x00000000
     307725.000 ns	     30771	80006680	029702b3	mul	x5,x14,x9	 x14:0x00000000  x9:0x00000001  x5=0x00000000
     307755.000 ns	     30774	80006684	e0061dd3	fclass.s	x27,f12	 f12:0x3f800000 x27=0x00000040
     307785.000 ns	     30777	80006688	024441b3	div	x3,x8,x4	  x8:0x0000037d  x4:0x00000000  x3=0xffffffff
     307805.000 ns	     30779	8000668c	44a73593	sltiu	x11,x14,1098	 x14:0x00000000 x11=0x00000001
     307815.000 ns	     30780	80006690	00d5dc33	srl	x24,x11,x13	 x11:0x00000000 x13:0x088734d7 x24=0x00000000
     307835.000 ns	     30782	80006694	20618953	fsgnj.s	f18,f3,f6	  f3:0xde919fd8  f6:0xcd4bfdbd f18=0xde919fd8
     307885.000 ns	     30787	80006698	09747a53	fsub.s	f20,f8,f23	  f8:0x7fc00000 f23:0x4f00040f f20=0x7fc00000
     307915.000 ns	     30790	8000669c	28a788d3	fmin.s	f17,f15,f10	 f15:0x00000000 f10:0x7fc00000 f17=0x00000000
     307935.000 ns	     30792	800066a0	01a8bfb3	sltu	x31,x17,x26	 x17:0x00000000 x26:0x00000000 x31=0x00000000
     307955.000 ns	     30794	800066a4	038ae133	rem	x2,x21,x24	 x21:0x00000001 x24:0x00000000  x2=0x00000001
     307975.000 ns	     30796	800066a8	0081a6b3	slt	x13,x3,x8	  x3:0xffffffff  x8:0x0000037d x13=0x00000001
     307985.000 ns	     30797	800066ac	000f1f93	slli	x31,x30,0x0	 x30:0x088734d7 x31=0x088734d7
     307995.000 ns	     30798	800066b0	10f6fb13	andi	x22,x13,271	 x13:0x088734d7 x22=0x00000001
     308005.000 ns	     30799	800066b4	01e31b93	slli	x23,x6,0x1e	  x6:0x00000000 x23=0x00000000
     308025.000 ns	     30801	800066b8	e0001353	fclass.s	x6,f0	  f0:0x00000000  x6=0x00000010
     308065.000 ns	     30805	800066bc	580d3ad3	fsqrt.s	f21,f26	 f26:0xffc00000 f21=0x7fc00000
     308085.000 ns	     30807	800066c0	016afcb3	and	x25,x21,x22	 x21:0x00000001 x22:0x00000001 x25=0x00000001
     308095.000 ns	     30808	800066c4	a77e8017	auipc	x0,0xa77e8	
     308105.000 ns	     30809	800066c8	00dfd493	srli	x9,x31,0xd	 x31:0x088734d7  x9=0x00004439
     308115.000 ns	     30810	800066cc	41a082b3	sub	x5,x1,x26	  x1:0xffffffff x26:0x00000000  x5=0xffffffff
     308125.000 ns	     30811	800066d0	d179e793	ori	x15,x19,-745	 x19:0x80041024 x15=0xfffffd37
     308135.000 ns	     30812	800066d4	c223af93	slti	x31,x7,-990	  x7:0x80040fe4 x31=0x00000001
     308155.000 ns	     30814	800066d8	d00577d3	fcvt.s.w	f15,x10	 x10:0x00000000 f15=0x00000000
     308205.000 ns	     30819	800066dc	08e9a3d3	fsub.s	f7,f19,f14	 f19:0xcdf58000 f14:0xbf800000  f7=0xcdf58000
     308235.000 ns	     30822	800066e0	c00621d3	fcvt.w.s	x3,f12	 f12:0x3f800000  x3=0x00000001
     308255.000 ns	     30824	800066e4	00a95093	srli	x1,x18,0xa	 x18:0x08873444  x1=0x000221cd
     308275.000 ns	     30826	800066e8	d01b70d3	fcvt.s.wu	f1,x22	 x22:0x00000001  f1=0x3f800000
     308295.000 ns	     30828	800066ec	01470a33	add	x20,x14,x20	 x14:0x00000000 x20:0x08873495 x20=0x08873495
     308315.000 ns	     30830	800066f0	e00c9dd3	fclass.s	x27,f25	 f25:0x4f00040f x27=0x00000040
     308335.000 ns	     30832	800066f4	00000013	addi	x0,x0,0	  x0:0x00000000
     308695.000 ns	     30868	800066f8	023fd133	divu	x2,x31,x3	 x31:0x00000001  x3:0x00000001  x2=0x00000001
     308725.000 ns	     30871	800066fc	c009ffd3	fcvt.w.s	x31,f19	 f19:0xcdf58000 x31=0x1eb00000
     308755.000 ns	     30874	80006700	d01d7953	fcvt.s.wu	f18,x26	 x26:0x00000000 f18=0x00000000
     308785.000 ns	     30877	80006704	a0ad2553	feq.s	x10,f26,f10	 f26:0xffc00000 f10:0x7fc00000 x10=0x00000000
     308815.000 ns	     30880	80006708	c00378d3	fcvt.w.s	x17,f6	  f6:0xcd4bfdbd x17=0x0cbfdbd0
     308835.000 ns	     30882	8000670c	fa54f493	andi	x9,x9,-91	  x9:0x00004439  x9=0x00004421
     308845.000 ns	     30883	80006710	be55c013	xori	x0,x11,-1051	 x11:0x00000001
     309205.000 ns	     30919	80006714	0264d1b3	divu	x3,x9,x6	  x9:0x00004439  x6:0x00000010  x3=0x00000442
     309235.000 ns	     30922	80006718	03492b33	mulhsu	x22,x18,x20	 x18:0x08873444 x20:0x08873495 x22=0x0048baaf
     309255.000 ns	     30924	8000671c	0097d6b3	srl	x13,x15,x9	 x15:0xfffffd37  x9:0x00004421 x13=0x7ffffe9b
     309275.000 ns	     30926	80006720	e00288d3	fmv.x.w	x17,f5	  f5:0xbf800000 x17=0xbf800000
     309295.000 ns	     30928	80006724	00faf7b3	and	x15,x21,x15	 x21:0x00000001 x15:0xfffffd37 x15=0x00000001
     309305.000 ns	     30929	80006728	00459e33	sll	x28,x11,x4	 x11:0x00000001  x4:0x00000000 x28=0x00000001
     309325.000 ns	     30931	8000672c	03f30c33	mul	x24,x6,x31	  x6:0x00000010 x31:0x1eb00000 x24=0xeb000000
     310505.000 ns	     31049	80006730	58027cd3	fsqrt.s	f25,f4	  f4:0x3f800000 f25=0x3f7fffae
     310875.000 ns	     31086	80006734	02b37a33	remu	x20,x6,x11	  x6:0x00000010 x11:0x00000001 x20=0x00000000
     311245.000 ns	     31123	80006738	02d14c33	div	x24,x2,x13	  x2:0x00000001 x13:0x7ffffe9b x24=0x00000000
     311615.000 ns	     31160	8000673c	0266fdb3	remu	x27,x13,x6	 x13:0x7ffffe9b  x6:0x00000010 x27=0x0000000b
     311645.000 ns	     31163	80006740	03a607b3	mul	x15,x12,x26	 x12:0x00000000 x26:0x00000000 x15=0x00000000
     311685.000 ns	     31167	80006744	11c0ae53	fmul.s	f28,f1,f28	  f1:0x3f800000 f28:0xffc00000 f28=0x7fc00000
     311725.000 ns	     31171	80006748	10b7bdd3	fmul.s	f27,f15,f11	 f15:0x00000000 f11:0xcdf58000 f27=0x80000000
     311745.000 ns	     31173	8000674c	7ce28393	addi	x7,x5,1998	  x5:0xffffffff  x7=0x000007cd
     311765.000 ns	     31175	80006750	c0117753	fcvt.wu.s	x14,f2	  f2:0x3f800000 x14=0x00000001
     311795.000 ns	     31178	80006754	e00e9353	fclass.s	x6,f29	 f29:0x3f800000  x6=0x00000040
     312165.000 ns	     31215	80006758	03646d33	rem	x26,x8,x22	  x8:0x0000037d x22:0x0048baaf x26=0x0000037d
     312185.000 ns	     31217	8000675c	aa1b2313	slti	x6,x22,-1375	 x22:0x0048baaf  x6=0x00000000
     312195.000 ns	     31218	80006760	00a648b3	xor	x17,x12,x10	 x12:0x00000000 x10:0x00000000 x17=0x00000000
     312205.000 ns	     31219	80006764	019e6f33	or	x30,x28,x25	 x28:0x00000001 x25:0x00000001 x30=0x00000001
     312225.000 ns	     31221	80006768	f00a8253	fmv.w.x	f4,x21	 x21:0x00000001  f4=0x00000001
     312595.000 ns	     31258	8000676c	02ebeb33	rem	x22,x23,x14	 x23:0x00000000 x14:0x00000001 x22=0x00000000
     312615.000 ns	     31260	80006770	00ba1513	slli	x10,x20,0xb	 x20:0x00000000 x10=0x00000000
     312625.000 ns	     31261	80006774	00aa5bb3	srl	x23,x20,x10	 x20:0x00000000 x10:0x00000000 x23=0x00000000
     312635.000 ns	     31262	80006778	00f2d433	srl	x8,x5,x15	  x5:0xffffffff x15:0x00000000  x8=0xffffffff
     312655.000 ns	     31264	8000677c	02c1dab3	divu	x21,x3,x12	  x3:0x00000442 x12:0x00000000 x21=0xffffffff
     313835.000 ns	     31382	80006780	58087ed3	fsqrt.s	f29,f16	 f16:0x4f00040e f29=0x46b50a3e
     313865.000 ns	     31385	80006784	e00582d3	fmv.x.w	x5,f11	 f11:0xcdf58000  x5=0xcdf58000
     314235.000 ns	     31422	80006788	0281d433	divu	x8,x3,x8	  x3:0x00000442  x8:0xffffffff  x8=0x00000000
     314265.000 ns	     31425	8000678c	284b9e53	fmax.s	f28,f23,f4	 f23:0x4f00040f  f4:0x00000001 f28=0x4f00040f
     314285.000 ns	     31427	80006790	da3a4a13	xori	x20,x20,-605	 x20:0x00000000 x20=0xfffffda3
     314645.000 ns	     31463	80006794	03d6fcb3	remu	x25,x13,x29	 x13:0x7ffffe9b x29:0x0000037c x25=0x000001ab
     314665.000 ns	     31465	80006798	cabf4093	xori	x1,x30,-853	 x30:0x00000001  x1=0xfffffcaa
     314675.000 ns	     31466	8000679c	009d0633	add	x12,x26,x9	 x26:0x0000037d  x9:0x00004421 x12=0x0000479e
     314685.000 ns	     31467	800067a0	01cc5733	srl	x14,x24,x28	 x24:0x00000000 x28:0x00000001 x14=0x00000000
     315015.000 ns	     31500	800067a4	19d17bd3	fdiv.s	f23,f2,f29	  f2:0x3f800000 f29:0x46b50a3e f23=0x380e1dc4
     315045.000 ns	     31503	800067a8	025f2533	mulhsu	x10,x30,x5	 x30:0x00000001  x5:0xcdf58000 x10=0x00000000
     315075.000 ns	     31506	800067ac	02c11fb3	mulh	x31,x2,x12	  x2:0x00000001 x12:0x0000479e x31=0x00000000
     315105.000 ns	     31509	800067b0	022d1133	mulh	x2,x26,x2	 x26:0x0000037d  x2:0x00000001  x2=0x00000000
     315135.000 ns	     31512	800067b4	e00904d3	fmv.x.w	x9,f18	 f18:0x00000000  x9=0x00000000
     315155.000 ns	     31514	800067b8	01b5af33	slt	x30,x11,x27	 x11:0x00000001 x27:0x0000000b x30=0x00000001
     315165.000 ns	     31515	800067bc	000f5a33	srl	x20,x30,x0	 x30:0x00000001  x0:0x00000000 x20=0x00000001
     315185.000 ns	     31517	800067c0	f0080553	fmv.w.x	f10,x16	 x16:0x80040fe4 f10=0x80040fe4
     315215.000 ns	     31520	800067c4	022477b3	remu	x15,x8,x2	  x8:0x00000000  x2:0x00000000 x15=0x00000000
     315235.000 ns	     31522	800067c8	2b900b13	addi	x22,x0,697	  x0:0x00000000 x22=0x000002b9
     315255.000 ns	     31524	800067cc	036f1033	mulh	x0,x30,x22	 x30:0x00000001 x22:0x00000000
     315285.000 ns	     31527	800067d0	e00b8b53	fmv.x.w	x22,f23	 f23:0x380e1dc4 x22=0x380e1dc4
     315315.000 ns	     31530	800067d4	034332b3	mulhu	x5,x6,x20	  x6:0x00000000 x20:0x00000001  x5=0x00000000
     315335.000 ns	     31532	800067d8	017604b3	add	x9,x12,x23	 x12:0x0000479e x23:0x00000000  x9=0x0000479e
     315365.000 ns	     31535	800067dc	104e4e53	fmul.s	f28,f28,f4	 f28:0x4f00040f  f4:0x00000001 f28=0x04800410
     315385.000 ns	     31537	800067e0	414b5b33	sra	x22,x22,x20	 x22:0x380e1dc4 x20:0x00000001 x22=0x1c070ee2
     315395.000 ns	     31538	800067e4	56c64a93	xori	x21,x12,1388	 x12:0x0000479e x21=0x000042f2
     315405.000 ns	     31539	800067e8	405583b3	sub	x7,x11,x5	 x11:0x00000001  x5:0x00000000  x7=0x00000001
     315425.000 ns	     31541	800067ec	a0aea353	feq.s	x6,f29,f10	 f29:0x46b50a3e f10:0x80040fe4  x6=0x00000000
     315475.000 ns	     31546	800067f0	011073d3	fadd.s	f7,f0,f17	  f0:0x00000000 f17:0x00000000  f7=0x00000000
     315495.000 ns	     31548	800067f4	599b7c37	lui	x24,0x599b7	 x24=0x599b7000
     315505.000 ns	     31549	800067f8	61a46a93	ori	x21,x8,1562	  x8:0x00000000 x21=0x0000061a
     315545.000 ns	     31553	800067fc	09d10553	fsub.s	f10,f2,f29	  f2:0x3f800000 f29:0x46b50a3e f10=0xc6b5083e
     315575.000 ns	     31556	80006800	c0101753	fcvt.wu.s	x14,f0	  f0:0x00000000 x14=0x00000000
     315605.000 ns	     31559	80006804	03ad16b3	mulh	x13,x26,x26	 x26:0x0000037d x26:0x0000037d x13=0x00000000
     315625.000 ns	     31561	80006808	86bfb697	auipc	x13,0x86bfb	 x13=0x06c01808
     315635.000 ns	     31562	8000680c	00000013	addi	x0,x0,0	  x0:0x00000000
     315645.000 ns	     31563	80006810	ff338d93	addi	x27,x7,-13	  x7:0x00000001 x27=0xfffffff4
     315655.000 ns	     31564	80006814	04143f97	auipc	x31,0x4143	 x31=0x84149814
     315665.000 ns	     31565	80006818	0aeaf0b7	lui	x1,0xaeaf	  x1=0x0aeaf000
     315685.000 ns	     31567	8000681c	a08b1553	flt.s	x10,f22,f8	 f22:0xbf35042a  f8:0x7fc00000 x10=0x00000000
     315725.000 ns	     31571	80006820	5802f153	fsqrt.s	f2,f5	  f5:0xbf800000  f2=0x7fc00000
     315775.000 ns	     31576	80006824	081ef5d3	fsub.s	f11,f29,f1	 f29:0x46b50a3e  f1:0x3f800000 f11=0x46b5083e
     316145.000 ns	     31613	80006828	023cd2b3	divu	x5,x25,x3	 x25:0x000001ab  x3:0x00000442  x5=0x00000000
     316165.000 ns	     31615	8000682c	01cb4133	xor	x2,x22,x28	 x22:0x1c070ee2 x28:0x00000001  x2=0x1c070ee3
     316185.000 ns	     31617	80006830	02b6a6b3	mulhsu	x13,x13,x11	 x13:0x06c01808 x11:0x00000001 x13=0x00000000
     316555.000 ns	     31654	80006834	03e5e733	rem	x14,x11,x30	 x11:0x00000001 x30:0x00000001 x14=0x00000000
     316585.000 ns	     31657	80006838	e00984d3	fmv.x.w	x9,f19	 f19:0xcdf58000  x9=0xcdf58000
     316615.000 ns	     31660	8000683c	f00481d3	fmv.w.x	f3,x9	  x9:0x0000479e  f3=0xcdf58000
     316955.000 ns	     31694	80006840	1894f5d3	fdiv.s	f11,f9,f9	  f9:0xcd4bfdbd  f9:0xcd4bfdbd f11=0x3f4bfdbe
     316985.000 ns	     31697	80006844	a05218d3	flt.s	x17,f4,f5	  f4:0x00000001  f5:0xbf800000 x17=0x00000000
     317035.000 ns	     31702	80006848	00097653	fadd.s	f12,f18,f0	 f18:0x00000000  f0:0x00000000 f12=0x00000000
     317055.000 ns	     31704	8000684c	01511a33	sll	x20,x2,x21	  x2:0x1c070ee3 x21:0x0000061a x20=0x8c000000
     317065.000 ns	     31705	80006850	01e27a33	and	x20,x4,x30	  x4:0x00000000 x30:0x00000001 x20=0x00000000
     317105.000 ns	     31709	80006854	08987253	fsub.s	f4,f16,f9	 f16:0x4f00040e  f9:0xcd4bfdbd  f4=0x4f0cc3e9
     317125.000 ns	     31711	80006858	011ac1b3	xor	x3,x21,x17	 x21:0x0000061a x17:0x00000000  x3=0x0000061a
     317485.000 ns	     31747	8000685c	02947933	remu	x18,x8,x9	  x8:0x00000000  x9:0xcdf58000 x18=0x00000000
     317855.000 ns	     31784	80006860	021371b3	remu	x3,x6,x1	  x6:0x00000000  x1:0x0aeaf000  x3=0x00000000
     317885.000 ns	     31787	80006864	d01a9fd3	fcvt.s.wu	f31,x21	 x21:0x0000061a f31=0x44c34000
     317905.000 ns	     31789	80006868	00da2a33	slt	x20,x20,x13	 x20:0x00000000 x13:0x00000000 x20=0x00000000
     317915.000 ns	     31790	8000686c	00a31113	slli	x2,x6,0xa	  x6:0x00000000  x2=0x00000000
     317935.000 ns	     31792	80006870	a1a72e53	feq.s	x28,f14,f26	 f14:0xbf800000 f26:0xffc00000 x28=0x00000000
     317965.000 ns	     31795	80006874	c007f1d3	fcvt.w.s	x3,f15	 f15:0x00000000  x3=0x00000000
     317985.000 ns	     31797	80006878	d7edc297	auipc	x5,0xd7edc	  x5=0x57ee2878
     318005.000 ns	     31799	8000687c	02eb35b3	mulhu	x11,x22,x14	 x22:0x1c070ee2 x14:0x00000000 x11=0x00000000
     318035.000 ns	     31802	80006880	022e63b3	rem	x7,x28,x2	 x28:0x00000000  x2:0x00000000  x7=0x00000000
     318075.000 ns	     31806	80006884	58092953	fsqrt.s	f18,f18	 f18:0x00000000 f18=0x00000000
     318105.000 ns	     31809	80006888	a15c8d53	fle.s	x26,f25,f21	 f25:0x3f7fffae f21:0x7fc00000 x26=0x00000000
     318125.000 ns	     31811	8000688c	4cf3f593	andi	x11,x7,1231	  x7:0x00000000 x11=0x00000000
     318145.000 ns	     31813	80006890	03252d33	mulhsu	x26,x10,x18	 x10:0x00000000 x18:0x00000000 x26=0x00000000
     318165.000 ns	     31815	80006894	00bdd433	srl	x8,x27,x11	 x27:0xfffffff4 x11:0x00000000  x8=0xfffffff4
     318195.000 ns	     31818	80006898	580187d3	fsqrt.s	f15,f3	  f3:0xcdf58000 f15=0x7fc00000
     318215.000 ns	     31820	8000689c	012fd013	srli	x0,x31,0x12	 x31:0x84149814
     318235.000 ns	     31822	800068a0	e00a8953	fmv.x.w	x18,f21	 f21:0x7fc00000 x18=0x7fc00000
     318265.000 ns	     31825	800068a4	a02aa053	feq.s	x0,f21,f2	 f21:0x7fc00000  f2:0x7fc00000
     318285.000 ns	     31827	800068a8	4100d313	srai	x6,x1,0x10	  x1:0x0aeaf000  x6=0x00000aea
     318315.000 ns	     31830	800068ac	116ca1d3	fmul.s	f3,f25,f22	 f25:0x3f7fffae f22:0xbf35042a  f3=0xbf3503f1
     318335.000 ns	     31832	800068b0	7d360793	addi	x15,x12,2003	 x12:0x0000479e x15=0x00004f71
     318345.000 ns	     31833	800068b4	01429933	sll	x18,x5,x20	  x5:0x57ee2878 x20:0x00000000 x18=0x57ee2878
     318355.000 ns	     31834	800068b8	00cd7533	and	x10,x26,x12	 x26:0x00000000 x12:0x0000479e x10=0x00000000
     318375.000 ns	     31836	800068bc	f00e09d3	fmv.w.x	f19,x28	 x28:0x00000000 f19=0x00000000
     318405.000 ns	     31839	800068c0	d01cf453	fcvt.s.wu	f8,x25	 x25:0x000001ab  f8=0x43d58000
     318425.000 ns	     31841	800068c4	00000013	addi	x0,x0,0	  x0:0x00000000
     318785.000 ns	     31877	800068c8	0331c133	div	x2,x3,x19	  x3:0x00000000 x19:0x80041024  x2=0x00000000
     318815.000 ns	     31880	800068cc	f00d0f53	fmv.w.x	f30,x26	 x26:0x00000000 f30=0x00000000
     318835.000 ns	     31882	800068d0	014c9193	slli	x3,x25,0x14	 x25:0x000001ab  x3=0x1ab00000
     318855.000 ns	     31884	800068d4	e0061b53	fclass.s	x22,f12	 f12:0x00000000 x22=0x00000010
     318875.000 ns	     31886	800068d8	01b51b13	slli	x22,x10,0x1b	 x10:0x00000000 x22=0x00000000
     318885.000 ns	     31887	800068dc	0008aa33	slt	x20,x17,x0	 x17:0x00000000  x0:0x00000000 x20=0x00000000
     318905.000 ns	     31889	800068e0	200092d3	fsgnjn.s	f5,f1,f0	  f1:0x3f800000  f0:0x00000000  f5=0xbf800000
     318955.000 ns	     31894	800068e4	01130cd3	fadd.s	f25,f6,f17	  f6:0xcd4bfdbd f17:0x00000000 f25=0xcd4bfdbd
     318975.000 ns	     31896	800068e8	002cda93	srli	x21,x25,0x2	 x25:0x000001ab x21=0x0000006a
     318995.000 ns	     31898	800068ec	21451653	fsgnjn.s	f12,f10,f20	 f10:0xc6b5083e f20:0x7fc00000 f12=0xc6b5083e
     319015.000 ns	     31900	800068f0	00dcabb3	slt	x23,x25,x13	 x25:0x000001ab x13:0x00000000 x23=0x00000000
     319025.000 ns	     31901	800068f4	00c92a33	slt	x20,x18,x12	 x18:0x57ee2878 x12:0x0000479e x20=0x00000000
     319045.000 ns	     31903	800068f8	21ab98d3	fsgnjn.s	f17,f23,f26	 f23:0x380e1dc4 f26:0xffc00000 f17=0x380e1dc4
     319075.000 ns	     31906	800068fc	d0187ad3	fcvt.s.wu	f21,x16	 x16:0x80040fe4 f21=0x4f00040f
     319105.000 ns	     31909	80006900	a1e82653	feq.s	x12,f16,f30	 f16:0x4f00040e f30:0x00000000 x12=0x00000000
     319125.000 ns	     31911	80006904	48897113	andi	x2,x18,1160	 x18:0x57ee2878  x2=0x00000008
     319135.000 ns	     31912	80006908	96be8313	addi	x6,x29,-1685	 x29:0x0000037c  x6=0xfffffce7
     319145.000 ns	     31913	8000690c	01948eb3	add	x29,x9,x25	  x9:0xcdf58000 x25:0x000001ab x29=0xcdf581ab
     319505.000 ns	     31949	80006910	02fbc5b3	div	x11,x23,x15	 x23:0x00000000 x15:0x00004f71 x11=0x00000000
     319545.000 ns	     31953	80006914	10d31253	fmul.s	f4,f6,f13	  f6:0xcd4bfdbd f13:0x80000000  f4=0x00000000
     319575.000 ns	     31956	80006918	027e28b3	mulhsu	x17,x28,x7	 x28:0x00000000  x7:0x00000000 x17=0x00000000
     319605.000 ns	     31959	8000691c	e00604d3	fmv.x.w	x9,f12	 f12:0xc6b5083e  x9=0xc6b5083e
     319625.000 ns	     31961	80006920	5dcc4493	xori	x9,x24,1500	 x24:0x599b7000  x9=0x599b75dc
     319635.000 ns	     31962	80006924	00d9d433	srl	x8,x19,x13	 x19:0x80041024 x13:0x00000000  x8=0x80041024
     319645.000 ns	     31963	80006928	40938db3	sub	x27,x7,x9	  x7:0x00000000  x9:0xc6b5083e x27=0xa6648a24
     319675.000 ns	     31966	8000692c	10b8bbd3	fmul.s	f23,f17,f11	 f17:0x380e1dc4 f11:0x3f4bfdbe f23=0x37e27cef
     319695.000 ns	     31968	80006930	0127d133	srl	x2,x15,x18	 x15:0x00004f71 x18:0x57ee2878  x2=0x00000000
     319705.000 ns	     31969	80006934	00dbfcb3	and	x25,x23,x13	 x23:0x00000000 x13:0x00000000 x25=0x00000000
     319715.000 ns	     31970	80006938	01102133	slt	x2,x0,x17	  x0:0x00000000 x17:0x00000000  x2=0x00000000
     319735.000 ns	     31972	8000693c	2096a5d3	fsgnjx.s	f11,f13,f9	 f13:0x80000000  f9:0xcd4bfdbd f11=0x00000000
     319755.000 ns	     31974	80006940	01372d33	slt	x26,x14,x19	 x14:0x00000000 x19:0x80041024 x26=0x00000000
     319765.000 ns	     31975	80006944	8d9c5b97	auipc	x23,0x8d9c5	 x23=0x0d9cb944
     319775.000 ns	     31976	80006948	0176b5b3	sltu	x11,x13,x23	 x13:0x00000000 x23:0x00000000 x11=0x00000001
     319795.000 ns	     31978	8000694c	029d3933	mulhu	x18,x26,x9	 x26:0x00000000  x9:0x599b75dc x18=0x00000000
     319825.000 ns	     31981	80006950	c008fb53	fcvt.w.s	x22,f17	 f17:0x380e1dc4 x22=0x00000000
     320195.000 ns	     32018	80006954	02ba6633	rem	x12,x20,x11	 x20:0x00000000 x11:0x00000001 x12=0x00000000
     320215.000 ns	     32020	80006958	1e583037	lui	x0,0x1e583	
     320225.000 ns	     32021	8000695c	01c4cfb3	xor	x31,x9,x28	  x9:0x599b75dc x28:0x00000000 x31=0x599b75dc
     320235.000 ns	     32022	80006960	f0330313	addi	x6,x6,-253	  x6:0xfffffce7  x6=0xfffffbea
     320245.000 ns	     32023	80006964	00dcf633	and	x12,x25,x13	 x25:0x00000000 x13:0x00000000 x12=0x00000000
     320265.000 ns	     32025	80006968	21dc8553	fsgnj.s	f10,f25,f29	 f25:0xcd4bfdbd f29:0x46b50a3e f10=0x4d4bfdbd
     320285.000 ns	     32027	8000696c	793c9f37	lui	x30,0x793c9	 x30=0x793c9000
     320305.000 ns	     32029	80006970	03178fb3	mul	x31,x15,x17	 x15:0x00004f71 x17:0x00000000 x31=0x00000000
     320345.000 ns	     32033	80006974	10887ed3	fmul.s	f29,f16,f8	 f16:0x4f00040e  f8:0x43d58000 f29=0x535586c4
     320375.000 ns	     32036	80006978	d0021dd3	fcvt.s.w	f27,x4	  x4:0x00000000 f27=0x00000000
     320405.000 ns	     32039	8000697c	d00e2a53	fcvt.s.w	f20,x28	 x28:0x00000000 f20=0x00000000
     320455.000 ns	     32044	80006980	08cff8d3	fsub.s	f17,f31,f12	 f31:0x44c34000 f12:0xc6b5083e f17=0x46c13c3e
     320495.000 ns	     32048	80006984	10533153	fmul.s	f2,f6,f5	  f6:0xcd4bfdbd  f5:0xbf800000  f2=0x4d4bfdbe
     320525.000 ns	     32051	80006988	02f83933	mulhu	x18,x16,x15	 x16:0x80040fe4 x15:0x00004f71 x18=0x000027b9
     320555.000 ns	     32054	8000698c	a0c78753	fle.s	x14,f15,f12	 f15:0x7fc00000 f12:0xc6b5083e x14=0x00000000
     320575.000 ns	     32056	80006990	40360933	sub	x18,x12,x3	 x12:0x00000000  x3:0x1ab00000 x18=0xe5500000
     320595.000 ns	     32058	80006994	d007fad3	fcvt.s.w	f21,x15	 x15:0x00004f71 f21=0x469ee200
     320615.000 ns	     32060	80006998	00000013	addi	x0,x0,0	  x0:0x00000000
     320625.000 ns	     32061	8000699c	014a4333	xor	x6,x20,x20	 x20:0x00000000 x20:0x00000000  x6=0x00000000
     320635.000 ns	     32062	800069a0	006eba33	sltu	x20,x29,x6	 x29:0xcdf581ab  x6:0xfffffbea x20=0x00000000
     320655.000 ns	     32064	800069a4	e0008b53	fmv.x.w	x22,f1	  f1:0x3f800000 x22=0x3f800000
     320675.000 ns	     32066	800069a8	37fb8d13	addi	x26,x23,895	 x23:0x0d9cb944 x26=0x0d9cbcc3
     320695.000 ns	     32068	800069ac	c0177053	fcvt.wu.s	x0,f14	 f14:0xbf800000
     321065.000 ns	     32105	800069b0	03bb4d33	div	x26,x22,x27	 x22:0x3f800000 x27:0xa6648a24 x26=0x00000000
     321085.000 ns	     32107	800069b4	139d7493	andi	x9,x26,313	 x26:0x0d9cbcc3  x9=0x00000000
     321105.000 ns	     32109	800069b8	f00588d3	fmv.w.x	f17,x11	 x11:0x00000001 f17=0x00000001
     321125.000 ns	     32111	800069bc	003fb2b3	sltu	x5,x31,x3	 x31:0x00000000  x3:0x1ab00000  x5=0x00000001
     321485.000 ns	     32147	800069c0	0333d633	divu	x12,x7,x19	  x7:0x00000000 x19:0x80041024 x12=0x00000000
     321515.000 ns	     32150	800069c4	d00bfbd3	fcvt.s.w	f23,x23	 x23:0x0d9cb944 f23=0x4d59cb94
     321535.000 ns	     32152	800069c8	41e95cb3	sra	x25,x18,x30	 x18:0xe5500000 x30:0x793c9000 x25=0xe5500000
     321545.000 ns	     32153	800069cc	48c00a13	addi	x20,x0,1164	  x0:0x00000000 x20=0x0000048c
     321565.000 ns	     32155	800069d0	29eb8bd3	fmin.s	f23,f23,f30	 f23:0x4d59cb94 f30:0x00000000 f23=0x00000000
     321595.000 ns	     32158	800069d4	02953333	mulhu	x6,x10,x9	 x10:0x00000000  x9:0x00000000  x6=0x00000000
     321615.000 ns	     32160	800069d8	01d09a33	sll	x20,x1,x29	  x1:0x0aeaf000 x29:0xcdf581ab x20=0x57800000
     321635.000 ns	     32162	800069dc	297b95d3	fmax.s	f11,f23,f23	 f23:0x00000000 f23:0x00000000 f11=0x00000000
     321655.000 ns	     32164	800069e0	40e8d133	sra	x2,x17,x14	 x17:0x00000000 x14:0x00000000  x2=0x00000000
     321665.000 ns	     32165	800069e4	012edeb3	srl	x29,x29,x18	 x29:0xcdf581ab x18:0xe5500000 x29=0xcdf581ab
     321675.000 ns	     32166	800069e8	58f22d93	slti	x27,x4,1423	  x4:0x00000000 x27=0x00000001
     321695.000 ns	     32168	800069ec	291712d3	fmax.s	f5,f14,f17	 f14:0xbf800000 f17:0x00000001  f5=0x00000001
     321725.000 ns	     32171	800069f0	c0167453	fcvt.wu.s	x8,f12	 f12:0xc6b5083e  x8=0x00005a84
     321745.000 ns	     32173	800069f4	9bba2f13	slti	x30,x20,-1605	 x20:0x57800000 x30=0x00000000
     321755.000 ns	     32174	800069f8	0093d1b3	srl	x3,x7,x9	  x7:0x00000000  x9:0x00000000  x3=0x00000000
     321775.000 ns	     32176	800069fc	02c7fdb3	remu	x27,x15,x12	 x15:0x00004f71 x12:0x00000000 x27=0x00004f71
     321805.000 ns	     32179	80006a00	032f2033	mulhsu	x0,x30,x18	 x30:0x00000000 x18:0xe5500000
     321825.000 ns	     32181	80006a04	00610c33	add	x24,x2,x6	  x2:0x00000000  x6:0x00000000 x24=0x00000000
     322185.000 ns	     32217	80006a08	0284f533	remu	x10,x9,x8	  x9:0x00000000  x8:0x00005a84 x10=0x00000000
     322215.000 ns	     32220	80006a0c	a096afd3	feq.s	x31,f13,f9	 f13:0x80000000  f9:0xcd4bfdbd x31=0x00000000
     322245.000 ns	     32223	80006a10	03042eb3	mulhsu	x29,x8,x16	  x8:0x00005a84 x16:0x80040fe4 x29=0x00002d43
     322275.000 ns	     32226	80006a14	28618ed3	fmin.s	f29,f3,f6	  f3:0xbf3503f1  f6:0xcd4bfdbd f29=0xcd4bfdbd
     322305.000 ns	     32229	80006a18	e00784d3	fmv.x.w	x9,f15	 f15:0x7fc00000  x9=0x7fc00000
     322335.000 ns	     32232	80006a1c	282495d3	fmax.s	f11,f9,f2	  f9:0xcd4bfdbd  f2:0x4d4bfdbe f11=0x4d4bfdbe
     322355.000 ns	     32234	80006a20	414cd933	sra	x18,x25,x20	 x25:0xe5500000 x20:0x57800000 x18=0xe5500000
     322365.000 ns	     32235	80006a24	2f188713	addi	x14,x17,753	 x17:0x00000000 x14=0x000002f1
     322385.000 ns	     32237	80006a28	02445133	divu	x2,x8,x4	  x8:0x00005a84  x4:0x00000000  x2=0xffffffff
     322415.000 ns	     32240	80006a2c	d00879d3	fcvt.s.w	f19,x16	 x16:0x80040fe4 f19=0xcefff7e0
     322445.000 ns	     32243	80006a30	e00711d3	fclass.s	x3,f14	 f14:0xbf800000  x3=0x00000002
     322495.000 ns	     32248	80006a34	09737953	fsub.s	f18,f6,f23	  f6:0xcd4bfdbd f23:0x00000000 f18=0xcd4bfdbd
     322515.000 ns	     32250	80006a38	400f8b33	sub	x22,x31,x0	 x31:0x00000000  x0:0x00000000 x22=0x00000000
     322525.000 ns	     32251	80006a3c	00628433	add	x8,x5,x6	  x5:0x00000001  x6:0x00000000  x8=0x00000001
     322535.000 ns	     32252	80006a40	41585a33	sra	x20,x16,x21	 x16:0x80040fe4 x21:0x0000006a x20=0xffe00103
     322545.000 ns	     32253	80006a44	f5e6ee13	ori	x28,x13,-162	 x13:0x00000000 x28=0xffffff5e
     322565.000 ns	     32255	80006a48	03fd8c33	mul	x24,x27,x31	 x27:0x00004f71 x31:0x00000000 x24=0x00000000
     322585.000 ns	     32257	80006a4c	00c5fa33	and	x20,x11,x12	 x11:0x00000001 x12:0x00000000 x20=0x00000000
     322605.000 ns	     32259	80006a50	f00a8bd3	fmv.w.x	f23,x21	 x21:0x0000006a f23=0x0000006a
     322625.000 ns	     32261	80006a54	006bcdb3	xor	x27,x23,x6	 x23:0x0d9cb944  x6:0x00000000 x27=0x0d9cb944
     322645.000 ns	     32263	80006a58	02434fb3	div	x31,x6,x4	  x6:0x00000000  x4:0x00000000 x31=0xffffffff
     322675.000 ns	     32266	80006a5c	a1ce2ed3	feq.s	x29,f28,f28	 f28:0x04800410 f28:0x04800410 x29=0x00000001
     322705.000 ns	     32269	80006a60	03a85733	divu	x14,x16,x26	 x16:0x80040fe4 x26:0x00000000 x14=0xffffffff
     322755.000 ns	     32274	80006a64	01f48bd3	fadd.s	f23,f9,f31	  f9:0xcd4bfdbd f31:0x44c34000 f23=0xcd4bfd5b
     322785.000 ns	     32277	80006a68	c01bc953	fcvt.wu.s	x18,f23	 f23:0x0000006a x18=0x0cbfd5b0
     322815.000 ns	     32280	80006a6c	a12baad3	feq.s	x21,f23,f18	 f23:0xcd4bfd5b f18:0xcd4bfdbd x21=0x00000000
     322835.000 ns	     32282	80006a70	01d54033	xor	x0,x10,x29	 x10:0x00000000 x29:0x00000001
     322855.000 ns	     32284	80006a74	a0c39dd3	flt.s	x27,f7,f12	  f7:0x00000000 f12:0xc6b5083e x27=0x00000000
     322875.000 ns	     32286	80006a78	00000013	addi	x0,x0,0	  x0:0x00000000
     322895.000 ns	     32288	80006a7c	02b52133	mulhsu	x2,x10,x11	 x10:0x00000000 x11:0x00000001  x2=0x00000000
     322925.000 ns	     32291	80006a80	032f8ab3	mul	x21,x31,x18	 x31:0xffffffff x18:0x0cbfd5b0 x21=0xf3402a50
     322945.000 ns	     32293	80006a84	41e107b3	sub	x15,x2,x30	  x2:0x00000000 x30:0x00000000 x15=0x00000000
     322955.000 ns	     32294	80006a88	00c07433	and	x8,x0,x12	  x0:0x00000000 x12:0x00000000  x8=0x00000000
     322975.000 ns	     32296	80006a8c	e0028f53	fmv.x.w	x30,f5	  f5:0x00000001 x30=0x00000001
     323005.000 ns	     32299	80006a90	29650cd3	fmin.s	f25,f10,f22	 f10:0x4d4bfdbd f22:0xbf35042a f25=0xbf35042a
     323035.000 ns	     32302	80006a94	037293b3	mulh	x7,x5,x23	  x5:0x00000001 x23:0x0d9cb944  x7=0x00000000
     323055.000 ns	     32304	80006a98	01bdf4b3	and	x9,x27,x27	 x27:0x00000000 x27:0x00000000  x9=0x00000000
     323065.000 ns	     32305	80006a9c	009cdbb3	srl	x23,x25,x9	 x25:0xe5500000  x9:0x7fc00000 x23=0xe5500000
     323085.000 ns	     32307	80006aa0	02a76f33	rem	x30,x14,x10	 x14:0xffffffff x10:0x00000000 x30=0xffffffff
     323115.000 ns	     32310	80006aa4	d0097153	fcvt.s.w	f2,x18	 x18:0x0cbfd5b0  f2=0x4d4bfd5b
     323145.000 ns	     32313	80006aa8	c001f5d3	fcvt.w.s	x11,f3	  f3:0xbf3503f1 x11=0x00000000
     323165.000 ns	     32315	80006aac	011d04b3	add	x9,x26,x17	 x26:0x00000000 x17:0x00000000  x9=0x00000000
     323185.000 ns	     32317	80006ab0	02874cb3	div	x25,x14,x8	 x14:0xffffffff  x8:0x00000000 x25=0xffffffff
     323205.000 ns	     32319	80006ab4	9f2ab8b7	lui	x17,0x9f2ab	 x17=0x9f2ab000
     323235.000 ns	     32322	80006ab8	10c03e53	fmul.s	f28,f0,f12	  f0:0x00000000 f12:0xc6b5083e f28=0x80000000
     323255.000 ns	     32324	80006abc	00d18ab3	add	x21,x3,x13	  x3:0x00000002 x13:0x00000000 x21=0x00000002
     323615.000 ns	     32360	80006ac0	025074b3	remu	x9,x0,x5	  x0:0x00000000  x5:0x00000001  x9=0x00000000
     323635.000 ns	     32362	80006ac4	6cae8293	addi	x5,x29,1738	 x29:0x00000001  x5=0x000006cb
     323645.000 ns	     32363	80006ac8	0160d633	srl	x12,x1,x22	  x1:0x0aeaf000 x22:0x00000000 x12=0x0aeaf000
     323665.000 ns	     32365	80006acc	288c8e53	fmin.s	f28,f25,f8	 f25:0xbf35042a  f8:0x43d58000 f28=0xbf35042a
     323685.000 ns	     32367	80006ad0	00805533	srl	x10,x0,x8	  x0:0x00000000  x8:0x00000000 x10=0x00000000
     323695.000 ns	     32368	80006ad4	00d65293	srli	x5,x12,0xd	 x12:0x0aeaf000  x5=0x00005757
     323705.000 ns	     32369	80006ad8	de09d4b7	lui	x9,0xde09d	  x9=0xde09d000
     324065.000 ns	     32405	80006adc	02187e33	remu	x28,x16,x1	 x16:0x80040fe4  x1:0x0aeaf000 x28=0x07ebbfe4
     324085.000 ns	     32407	80006ae0	419f5b33	sra	x22,x30,x25	 x30:0xffffffff x25:0xffffffff x22=0xffffffff
     324105.000 ns	     32409	80006ae4	02b24733	div	x14,x4,x11	  x4:0x00000000 x11:0x00000000 x14=0xffffffff
     324135.000 ns	     32412	80006ae8	c011ab53	fcvt.wu.s	x22,f3	  f3:0xbf3503f1 x22=0x00000001
     324165.000 ns	     32415	80006aec	025497b3	mulh	x15,x9,x5	  x9:0xde09d000  x5:0x00005757 x15=0xfffff469
     324185.000 ns	     32417	80006af0	4126dcb3	sra	x25,x13,x18	 x13:0x00000000 x18:0x0cbfd5b0 x25=0x00000000
     324195.000 ns	     32418	80006af4	01327c33	and	x24,x4,x19	  x4:0x00000000 x19:0x80041024 x24=0x00000000
     324215.000 ns	     32420	80006af8	d0100fd3	fcvt.s.wu	f31,x0	  x0:0x00000000 f31=0x00000000
     325395.000 ns	     32538	80006afc	5800add3	fsqrt.s	f27,f1	  f1:0x3f800000 f27=0x3f7fffae
     325425.000 ns	     32541	80006b00	f0040d53	fmv.w.x	f26,x8	  x8:0x00000000 f26=0x00000000
     325465.000 ns	     32545	80006b04	580ef653	fsqrt.s	f12,f29	 f29:0xcd4bfdbd f12=0x7fc00000
     325485.000 ns	     32547	80006b08	00c022b3	slt	x5,x0,x12	  x0:0x00000000 x12:0x0aeaf000  x5=0x00000001
     325495.000 ns	     32548	80006b0c	0045cf33	xor	x30,x11,x4	 x11:0x00000000  x4:0x00000000 x30=0x00000000
     325505.000 ns	     32549	80006b10	cf1ae013	ori	x0,x21,-783	 x21:0x00000002
     325525.000 ns	     32551	80006b14	03b382b3	mul	x5,x7,x27	  x7:0x00000000 x27:0x00000000  x5=0x00000000
     325545.000 ns	     32553	80006b18	987a4e93	xori	x29,x20,-1657	 x20:0x00000000 x29=0xfffff987
     325565.000 ns	     32555	80006b1c	02da1bb3	mulh	x23,x20,x13	 x20:0x00000000 x13:0x00000000 x23=0x00000000
     325585.000 ns	     32557	80006b20	00000013	addi	x0,x0,0	  x0:0x00000000
     325605.000 ns	     32559	80006b24	c003fbd3	fcvt.w.s	x23,f7	  f7:0x00000000 x23=0x00000000
     325625.000 ns	     32561	80006b28	c6b06793	ori	x15,x0,-917	  x0:0x00000000 x15=0xfffffc6b
     325645.000 ns	     32563	80006b2c	d001add3	fcvt.s.w	f27,x3	  x3:0x00000002 f27=0x40000000
     325665.000 ns	     32565	80006b30	65486613	ori	x12,x16,1620	 x16:0x80040fe4 x12=0x80040ff4
     325685.000 ns	     32567	80006b34	02b99bb3	mulh	x23,x19,x11	 x19:0x80041024 x11:0x00000000 x23=0x00000000
     325705.000 ns	     32569	80006b38	0100fe33	and	x28,x1,x16	  x1:0x0aeaf000 x16:0x80040fe4 x28=0x00000000
     325725.000 ns	     32571	80006b3c	20731853	fsgnjn.s	f16,f6,f7	  f6:0xcd4bfdbd  f7:0x00000000 f16=0xcd4bfdbd
     325755.000 ns	     32574	80006b40	e0078553	fmv.x.w	x10,f15	 f15:0x7fc00000 x10=0x7fc00000
     325785.000 ns	     32577	80006b44	c007f453	fcvt.w.s	x8,f15	 f15:0x7fc00000  x8=0x7fffffff
     325835.000 ns	     32582	80006b48	00117bd3	fadd.s	f23,f2,f1	  f2:0x4d4bfd5b  f1:0x3f800000 f23=0x4d4bfd5b
     325865.000 ns	     32585	80006b4c	03c65933	divu	x18,x12,x28	 x12:0x80040ff4 x28:0x00000000 x18=0xffffffff
     325915.000 ns	     32590	80006b50	00227bd3	fadd.s	f23,f4,f2	  f4:0x00000000  f2:0x4d4bfd5b f23=0x4d4bfd5b
     325935.000 ns	     32592	80006b54	411981b3	sub	x3,x19,x17	 x19:0x80041024 x17:0x9f2ab000  x3=0xe0d96024
     325945.000 ns	     32593	80006b58	00c34cb3	xor	x25,x6,x12	  x6:0x00000000 x12:0x80040ff4 x25=0x80040ff4
     325965.000 ns	     32595	80006b5c	028eaa33	mulhsu	x20,x29,x8	 x29:0xfffff987  x8:0x7fffffff x20=0xfffffcc3
     325995.000 ns	     32598	80006b60	0300bfb3	mulhu	x31,x1,x16	  x1:0x0aeaf000 x16:0x80040fe4 x31=0x0575a459
     326025.000 ns	     32601	80006b64	e00618d3	fclass.s	x17,f12	 f12:0x7fc00000 x17=0x00000200
     326055.000 ns	     32604	80006b68	c01f00d3	fcvt.wu.s	x1,f30	 f30:0x00000000  x1=0x00000000
     326105.000 ns	     32609	80006b6c	09fe8ed3	fsub.s	f29,f29,f31	 f29:0xcd4bfdbd f31:0x00000000 f29=0xcd4bfdbd
     326125.000 ns	     32611	80006b70	108acf93	xori	x31,x21,264	 x21:0x00000002 x31=0x0000010a
     326135.000 ns	     32612	80006b74	cf98ea13	ori	x20,x17,-775	 x17:0x00000200 x20=0xfffffef9
     326495.000 ns	     32648	80006b78	03f945b3	div	x11,x18,x31	 x18:0xffffffff x31:0x0575a459 x11=0x00000000
     326525.000 ns	     32651	80006b7c	a0c81dd3	flt.s	x27,f16,f12	 f16:0xcd4bfdbd f12:0x7fc00000 x27=0x00000000
     326545.000 ns	     32653	80006b80	4e2dc117	auipc	x2,0x4e2dc	  x2=0xce2e2b80
     326565.000 ns	     32655	80006b84	c001f2d3	fcvt.w.s	x5,f3	  f3:0xbf3503f1  x5=0x00000000
     326935.000 ns	     32692	80006b88	028ec6b3	div	x13,x29,x8	 x29:0xfffff987  x8:0x7fffffff x13=0x00000000
     326965.000 ns	     32695	80006b8c	21399353	fsgnjn.s	f6,f19,f19	 f19:0xcefff7e0 f19:0xcefff7e0  f6=0x4efff7e0
     326995.000 ns	     32698	80006b90	02e33d33	mulhu	x26,x6,x14	  x6:0x00000000 x14:0xffffffff x26=0x00000000
     327025.000 ns	     32701	80006b94	a1a42553	feq.s	x10,f8,f26	  f8:0x43d58000 f26:0x00000000 x10=0x00000000
     327045.000 ns	     32703	80006b98	005e8b33	add	x22,x29,x5	 x29:0xfffff987  x5:0x00000000 x22=0xfffff987
     327065.000 ns	     32705	80006b9c	208b2253	fsgnjx.s	f4,f22,f8	 f22:0xbf35042a  f8:0x43d58000  f4=0xbf35042a
     327095.000 ns	     32708	80006ba0	c0007dd3	fcvt.w.s	x27,f0	  f0:0x00000000 x27=0x00000000
     327125.000 ns	     32711	80006ba4	03b0c8b3	div	x17,x1,x27	  x1:0x00000000 x27:0x00000000 x17=0xffffffff
     327175.000 ns	     32716	80006ba8	01eaf7d3	fadd.s	f15,f21,f30	 f21:0x469ee200 f30:0x00000000 f15=0x469ee200
     327195.000 ns	     32718	80006bac	00000013	addi	x0,x0,0	  x0:0x00000000
     327215.000 ns	     32720	80006bb0	d01cfad3	fcvt.s.wu	f21,x25	 x25:0x80040ff4 f21=0x4f00040f
     327245.000 ns	     32723	80006bb4	a1ee0c53	fle.s	x24,f28,f30	 f28:0xbf35042a f30:0x00000000 x24=0x00000001
     327275.000 ns	     32726	80006bb8	a17c1fd3	flt.s	x31,f24,f23	 f24:0x4df58000 f23:0x4d4bfd5b x31=0x00000000
     327295.000 ns	     32728	80006bbc	00000013	addi	x0,x0,0	  x0:0x00000000
     327315.000 ns	     32730	80006bc0	d003bc53	fcvt.s.w	f24,x7	  x7:0x00000000 f24=0x00000000
     327345.000 ns	     32733	80006bc4	e0001f53	fclass.s	x30,f0	  f0:0x00000000 x30=0x00000010
     327375.000 ns	     32736	80006bc8	d00f2353	fcvt.s.w	f6,x30	 x30:0x00000000  f6=0x41800000
     328555.000 ns	     32854	80006bcc	580bb7d3	fsqrt.s	f15,f23	 f23:0x4d4bfd5b f15=0x46103e12
     328575.000 ns	     32856	80006bd0	db12e793	ori	x15,x5,-591	  x5:0x00000000 x15=0xfffffdb1
     328595.000 ns	     32858	80006bd4	d009f653	fcvt.s.w	f12,x19	 x19:0x80041024 f12=0xcefff7df
     328645.000 ns	     32863	80006bd8	08817b53	fsub.s	f22,f2,f8	  f2:0x4d4bfd5b  f8:0x43d58000 f22=0x4d4bfd40
     328675.000 ns	     32866	80006bdc	29140653	fmin.s	f12,f8,f17	  f8:0x43d58000 f17:0x00000001 f12=0x00000001
     328705.000 ns	     32869	80006be0	a0280d53	fle.s	x26,f16,f2	 f16:0xcd4bfdbd  f2:0x4d4bfd5b x26=0x00000001
     328725.000 ns	     32871	80006be4	01d727b3	slt	x15,x14,x29	 x14:0xffffffff x29:0xfffff987 x15=0x00000000
     328735.000 ns	     32872	80006be8	01d115b3	sll	x11,x2,x29	  x2:0xce2e2b80 x29:0xfffff987 x11=0x1715c000
     328755.000 ns	     32874	80006bec	28af05d3	fmin.s	f11,f30,f10	 f30:0x00000000 f10:0x4d4bfdbd f11=0x00000000
     328785.000 ns	     32877	80006bf0	c000f753	fcvt.w.s	x14,f1	  f1:0x3f800000 x14=0x00000001
     328805.000 ns	     32879	80006bf4	003f34b3	sltu	x9,x30,x3	 x30:0x00000010  x3:0xe0d96024  x9=0x00000001
     328815.000 ns	     32880	80006bf8	199def13	ori	x30,x27,409	 x27:0x00000000 x30=0x00000199
     328825.000 ns	     32881	80006bfc	079f7913	andi	x18,x30,121	 x30:0x00000010 x18=0x00000019
     328835.000 ns	     32882	80006c00	00f89a33	sll	x20,x17,x15	 x17:0xffffffff x15:0x00000000 x20=0xffffffff
     328845.000 ns	     32883	80006c04	00a67eb3	and	x29,x12,x10	 x12:0x80040ff4 x10:0x00000000 x29=0x00000000
     328855.000 ns	     32884	80006c08	00519033	sll	x0,x3,x5	  x3:0xe0d96024  x5:0x00000000
     328865.000 ns	     32885	80006c0c	00286333	or	x6,x16,x2	 x16:0x80040fe4  x2:0xce2e2b80  x6=0xce2e2fe4
     328885.000 ns	     32887	80006c10	e0089cd3	fclass.s	x25,f17	 f17:0x00000001 x25=0x00000020
     328905.000 ns	     32889	80006c14	00ce92b3	sll	x5,x29,x12	 x29:0x00000000 x12:0x80040ff4  x5=0x00000000
     328925.000 ns	     32891	80006c18	0379fcb3	remu	x25,x19,x23	 x19:0x80041024 x23:0x00000000 x25=0x80041024
     328975.000 ns	     32896	80006c1c	090c7f53	fsub.s	f30,f24,f16	 f24:0x00000000 f16:0xcd4bfdbd f30=0x4d4bfdbd
     329005.000 ns	     32899	80006c20	f00e0353	fmv.w.x	f6,x28	 x28:0x00000000  f6=0x00000000
     329035.000 ns	     32902	80006c24	c00c0953	fcvt.w.s	x18,f24	 f24:0x00000000 x18=0x00000000
     329055.000 ns	     32904	80006c28	41b90bb3	sub	x23,x18,x27	 x18:0x00000019 x27:0x00000000 x23=0x00000000
     329065.000 ns	     32905	80006c2c	0131c133	xor	x2,x3,x19	  x3:0xe0d96024 x19:0x80041024  x2=0x60dd7000
     329075.000 ns	     32906	80006c30	00000013	addi	x0,x0,0	  x0:0x00000000
     329085.000 ns	     32907	80006c34	3951f5b7	lui	x11,0x3951f	 x11=0x3951f000
     329415.000 ns	     32940	80006c38	19d0c253	fdiv.s	f4,f1,f29	  f1:0x3f800000 f29:0xcd4bfdbd  f4=0xb1800000
     329455.000 ns	     32944	80006c3c	11fd7453	fmul.s	f8,f26,f31	 f26:0x00000000 f31:0x00000000  f8=0x00000000
     329485.000 ns	     32947	80006c40	e00b97d3	fclass.s	x15,f23	 f23:0x4d4bfd5b x15=0x00000040
     329505.000 ns	     32949	80006c44	e1c241b7	lui	x3,0xe1c24	  x3=0xe1c24000
     329535.000 ns	     32952	80006c48	11077fd3	fmul.s	f31,f14,f16	 f14:0xbf800000 f16:0xcd4bfdbd f31=0x4d4bfdbe
     329565.000 ns	     32955	80006c4c	212e8653	fsgnj.s	f12,f29,f18	 f29:0xcd4bfdbd f18:0xcd4bfdbd f12=0xcd4bfdbd
     329595.000 ns	     32958	80006c50	03702f33	mulhsu	x30,x0,x23	  x0:0x00000000 x23:0x00000000 x30=0x00000000
     329625.000 ns	     32961	80006c54	032ec3b3	div	x7,x29,x18	 x29:0x00000000 x18:0x00000000  x7=0xffffffff
     329655.000 ns	     32964	80006c58	02108033	mul	x0,x1,x1	  x1:0x00000000  x1:0x00000000
     329685.000 ns	     32967	80006c5c	028bb133	mulhu	x2,x23,x8	 x23:0x00000000  x8:0x7fffffff  x2=0x00000000
     330055.000 ns	     33004	80006c60	030250b3	divu	x1,x4,x16	  x4:0x00000000 x16:0x80040fe4  x1=0x00000000
     330085.000 ns	     33007	80006c64	038b11b3	mulh	x3,x22,x24	 x22:0xfffff987 x24:0x00000001  x3=0xffffffff
     330115.000 ns	     33010	80006c68	20ac2bd3	fsgnjx.s	f23,f24,f10	 f24:0x00000000 f10:0x4d4bfdbd f23=0x00000000
     330145.000 ns	     33013	80006c6c	0220d333	divu	x6,x1,x2	  x1:0x00000000  x2:0x00000000  x6=0xffffffff
     330515.000 ns	     33050	80006c70	036d6db3	rem	x27,x26,x22	 x26:0x00000001 x22:0xfffff987 x27=0x00000001
     330535.000 ns	     33052	80006c74	c3c97437	lui	x8,0xc3c97	  x8=0xc3c97000
     330555.000 ns	     33054	80006c78	e0040c53	fmv.x.w	x24,f8	  f8:0x00000000 x24=0x00000000
     330605.000 ns	     33059	80006c7c	094cfad3	fsub.s	f21,f25,f20	 f25:0xbf35042a f20:0x00000000 f21=0xbf35042a
     330625.000 ns	     33061	80006c80	413cd8b3	sra	x17,x25,x19	 x25:0x80041024 x19:0x80041024 x17=0xf8004102
     330645.000 ns	     33063	80006c84	21362ed3	fsgnjx.s	f29,f12,f19	 f12:0xcd4bfdbd f19:0xcefff7e0 f29=0x4d4bfdbd
     330665.000 ns	     33065	80006c88	0127d293	srli	x5,x15,0x12	 x15:0x00000040  x5=0x00000000
     330685.000 ns	     33067	80006c8c	e0018653	fmv.x.w	x12,f3	  f3:0xbf3503f1 x12=0xbf3503f1
     330705.000 ns	     33069	80006c90	f9810417	auipc	x8,0xf9810	  x8=0x79816c90
     330725.000 ns	     33071	80006c94	f00589d3	fmv.w.x	f19,x11	 x11:0x3951f000 f19=0x3951f000
     330755.000 ns	     33074	80006c98	c01793d3	fcvt.wu.s	x7,f15	 f15:0x46103e12  x7=0x0000240f
     330785.000 ns	     33077	80006c9c	29f112d3	fmax.s	f5,f2,f31	  f2:0x4d4bfd5b f31:0x4d4bfdbe  f5=0x4d4bfdbe
     330815.000 ns	     33080	80006ca0	a131a1d3	feq.s	x3,f3,f19	  f3:0xbf3503f1 f19:0x3951f000  x3=0x00000000
     330835.000 ns	     33082	80006ca4	2d93f313	andi	x6,x7,729	  x7:0x0000240f  x6=0x00000009
     330845.000 ns	     33083	80006ca8	63596d93	ori	x27,x18,1589	 x18:0x00000000 x27=0x00000635
     330855.000 ns	     33084	80006cac	bda3b893	sltiu	x17,x7,-1062	  x7:0x0000240f x17=0x00000001
     330875.000 ns	     33086	80006cb0	021eb933	mulhu	x18,x29,x1	 x29:0x00000000  x1:0x00000000 x18=0x00000000
     330905.000 ns	     33089	80006cb4	a01f1a53	flt.s	x20,f30,f1	 f30:0x4d4bfdbd  f1:0x3f800000 x20=0x00000000
     330935.000 ns	     33092	80006cb8	21a925d3	fsgnjx.s	f11,f18,f26	 f18:0xcd4bfdbd f26:0x00000000 f11=0xcd4bfdbd
     330965.000 ns	     33095	80006cbc	02127733	remu	x14,x4,x1	  x4:0x00000000  x1:0x00000000 x14=0x00000000
     330985.000 ns	     33097	80006cc0	2b8b3793	sltiu	x15,x22,696	 x22:0xfffff987 x15=0x00000000
     330995.000 ns	     33098	80006cc4	00277533	and	x10,x14,x2	 x14:0x00000000  x2:0x00000000 x10=0x00000000
     331025.000 ns	     33101	80006cc8	5805b553	fsqrt.s	f10,f11	 f11:0xcd4bfdbd f10=0x7fc00000
     331045.000 ns	     33103	80006ccc	8754ed93	ori	x27,x9,-1931	  x9:0x00000001 x27=0xfffff875
     331065.000 ns	     33105	80006cd0	28720f53	fmin.s	f30,f4,f7	  f4:0xb1800000  f7:0x00000000 f30=0xb1800000
     331085.000 ns	     33107	80006cd4	bb477d13	andi	x26,x14,-1100	 x14:0x00000000 x26=0x00000000
     331095.000 ns	     33108	80006cd8	01837cb3	and	x25,x6,x24	  x6:0x00000009 x24:0x00000000 x25=0x00000000
     331105.000 ns	     33109	80006cdc	d944b593	sltiu	x11,x9,-620	  x9:0x00000001 x11=0x00000001
     331125.000 ns	     33111	80006ce0	a1d02053	feq.s	x0,f0,f29	  f0:0x00000000 f29:0x4d4bfdbd
     331145.000 ns	     33113	80006ce4	41348933	sub	x18,x9,x19	  x9:0x00000001 x19:0x80041024 x18=0x7ffbefdd
     331185.000 ns	     33117	80006ce8	00670253	fadd.s	f4,f14,f6	 f14:0xbf800000  f6:0x00000000  f4=0xbf800000
     331215.000 ns	     33120	80006cec	f0060ad3	fmv.w.x	f21,x12	 x12:0xbf3503f1 f21=0xbf3503f1
     331245.000 ns	     33123	80006cf0	d01c1ed3	fcvt.s.wu	f29,x24	 x24:0x00000000 f29=0x00000000
     331275.000 ns	     33126	80006cf4	0394b0b3	mulhu	x1,x9,x25	  x9:0x00000001 x25:0x00000000  x1=0x00000000
     332165.000 ns	     33215	80006cf8	5807f1d3	fsqrt.s	f3,f15	 f15:0x46103e12  f3=0x424bfcbc
     332195.000 ns	     33218	80006cfc	e0069d53	fclass.s	x26,f13	 f13:0x80000000 x26=0x00000008
     332225.000 ns	     33221	80006d00	e0051ed3	fclass.s	x29,f10	 f10:0x7fc00000 x29=0x00000200
     332245.000 ns	     33223	80006d04	00000013	addi	x0,x0,0	  x0:0x00000000
     332255.000 ns	     33224	80006d08	00978a33	add	x20,x15,x9	 x15:0x00000000  x9:0x00000001 x20=0x00000001
     332275.000 ns	     33226	80006d0c	a0680c53	fle.s	x24,f16,f6	 f16:0xcd4bfdbd  f6:0x00000000 x24=0x00000001
     332295.000 ns	     33228	80006d10	012a1633	sll	x12,x20,x18	 x20:0x00000000 x18:0x7ffbefdd x12=0x20000000
     332305.000 ns	     33229	80006d14	ec8e0e93	addi	x29,x28,-312	 x28:0x00000000 x29=0xfffffec8
     332325.000 ns	     33231	80006d18	03603133	mulhu	x2,x0,x22	  x0:0x00000000 x22:0xfffff987  x2=0x00000000
     332355.000 ns	     33234	80006d1c	28e81ed3	fmax.s	f29,f16,f14	 f16:0xcd4bfdbd f14:0xbf800000 f29=0xbf800000
     332375.000 ns	     33236	80006d20	01a055b3	srl	x11,x0,x26	  x0:0x00000000 x26:0x00000008 x11=0x00000000
     332395.000 ns	     33238	80006d24	0319ba33	mulhu	x20,x19,x17	 x19:0x80041024 x17:0x00000001 x20=0x00000000
     332415.000 ns	     33240	80006d28	51c23a13	sltiu	x20,x4,1308	  x4:0x00000000 x20=0x00000001
     332425.000 ns	     33241	80006d2c	0072db93	srli	x23,x5,0x7	  x5:0x00000000 x23=0x00000000
     332445.000 ns	     33243	80006d30	a04607d3	fle.s	x15,f12,f4	 f12:0xcd4bfdbd  f4:0xbf800000 x15=0x00000001
     332465.000 ns	     33245	80006d34	00000013	addi	x0,x0,0	  x0:0x00000000
     332485.000 ns	     33247	80006d38	c00afad3	fcvt.w.s	x21,f21	 f21:0xbf3503f1 x21=0x00000000
     332515.000 ns	     33250	80006d3c	a15326d3	feq.s	x13,f6,f21	  f6:0x00000000 f21:0xbf3503f1 x13=0x00000000
     332535.000 ns	     33252	80006d40	0070d3b3	srl	x7,x1,x7	  x1:0x00000000  x7:0x0000240f  x7=0x00000000
     332555.000 ns	     33254	80006d44	0355aa33	mulhsu	x20,x11,x21	 x11:0x00000000 x21:0x00000000 x20=0x00000000
     332585.000 ns	     33257	80006d48	290015d3	fmax.s	f11,f0,f16	  f0:0x00000000 f16:0xcd4bfdbd f11=0x00000000
     332615.000 ns	     33260	80006d4c	f00e04d3	fmv.w.x	f9,x28	 x28:0x00000000  f9=0x00000000
     332655.000 ns	     33264	80006d50	10311bd3	fmul.s	f23,f2,f3	  f2:0x4d4bfd5b  f3:0x424bfcbc f23=0x50228b4a
     332675.000 ns	     33266	80006d54	4068dc93	srai	x25,x17,0x6	 x17:0x00000001 x25=0x00000000
     333005.000 ns	     33299	80006d58	18eeb0d3	fdiv.s	f1,f29,f14	 f29:0xbf800000 f14:0xbf800000  f1=0x3f045ede
     333035.000 ns	     33302	80006d5c	21bbaed3	fsgnjx.s	f29,f23,f27	 f23:0x50228b4a f27:0x40000000 f29=0x50228b4a
     333055.000 ns	     33304	80006d60	abf6f513	andi	x10,x13,-1345	 x13:0x00000000 x10=0x00000000
     333095.000 ns	     33308	80006d64	00099f53	fadd.s	f30,f19,f0	 f19:0x3951f000  f0:0x00000000 f30=0x3951f000
     333115.000 ns	     33310	80006d68	2dbb7393	andi	x7,x22,731	 x22:0xfffff987  x7=0x00000083
     333135.000 ns	     33312	80006d6c	203929d3	fsgnjx.s	f19,f18,f3	 f18:0xcd4bfdbd  f3:0x424bfcbc f19=0xcd4bfdbd
     333165.000 ns	     33315	80006d70	d010a2d3	fcvt.s.wu	f5,x1	  x1:0x00000000  f5=0x00000000
     333195.000 ns	     33318	80006d74	c00933d3	fcvt.w.s	x7,f18	 f18:0xcd4bfdbd  x7=0xf3402430
     333215.000 ns	     33320	80006d78	4002d513	srai	x10,x5,0x0	  x5:0x00000000 x10=0x00000000
     333235.000 ns	     33322	80006d7c	f00803d3	fmv.w.x	f7,x16	 x16:0x80040fe4  f7=0x80040fe4
     333255.000 ns	     33324	80006d80	01b10a33	add	x20,x2,x27	  x2:0x00000000 x27:0xfffff875 x20=0xfffff875
     333275.000 ns	     33326	80006d84	03282bb3	mulhsu	x23,x16,x18	 x16:0x80040fe4 x18:0x7ffbefdd x23=0xc0040ff2
     333295.000 ns	     33328	80006d88	01000bb3	add	x23,x0,x16	  x0:0x00000000 x16:0x80040fe4 x23=0x80040fe4
     333315.000 ns	     33330	80006d8c	021087b3	mul	x15,x1,x1	  x1:0x00000000  x1:0x00000000 x15=0x00000000
     333335.000 ns	     33332	80006d90	0034f5b3	and	x11,x9,x3	  x9:0x00000001  x3:0x00000000 x11=0x00000000
     333345.000 ns	     33333	80006d94	01b162b3	or	x5,x2,x27	  x2:0x00000000 x27:0xfffff875  x5=0xfffff875
     333355.000 ns	     33334	80006d98	408f0033	sub	x0,x30,x8	 x30:0x00000000  x8:0x79816c90
     333375.000 ns	     33336	80006d9c	02071cb3	mulh	x25,x14,x0	 x14:0x00000000  x0:0x00000000 x25=0x00000000
     333405.000 ns	     33339	80006da0	c0150bd3	fcvt.wu.s	x23,f10	 f10:0x7fc00000 x23=0xffffffff
     333435.000 ns	     33342	80006da4	03ca17b3	mulh	x15,x20,x28	 x20:0xfffff875 x28:0x00000000 x15=0x00000000
     333455.000 ns	     33344	80006da8	0002ec33	or	x24,x5,x0	  x5:0xfffff875  x0:0x00000000 x24=0xfffff875
     333475.000 ns	     33346	80006dac	c01c70d3	fcvt.wu.s	x1,f24	 f24:0x00000000  x1=0x00000000
     333505.000 ns	     33349	80006db0	e0001cd3	fclass.s	x25,f0	  f0:0x00000000 x25=0x00000010
     333525.000 ns	     33351	80006db4	00f63933	sltu	x18,x12,x15	 x12:0x20000000 x15:0x00000000 x18=0x00000000
     333535.000 ns	     33352	80006db8	00813033	sltu	x0,x2,x8	  x2:0x00000000  x8:0x79816c90
     333545.000 ns	     33353	80006dbc	0080d033	srl	x0,x1,x8	  x1:0x00000000  x8:0x79816c90
     333565.000 ns	     33355	80006dc0	2114ad53	fsgnjx.s	f26,f9,f17	  f9:0x00000000 f17:0x00000001 f26=0x00000000
     333595.000 ns	     33358	80006dc4	20139ed3	fsgnjn.s	f29,f7,f1	  f7:0x80040fe4  f1:0x3f045ede f29=0x80040fe4
     333615.000 ns	     33360	80006dc8	00d5ccb3	xor	x25,x11,x13	 x11:0x00000000 x13:0x00000000 x25=0x00000000
     333625.000 ns	     33361	80006dcc	d1d1cd13	xori	x26,x3,-739	  x3:0x00000000 x26=0xfffffd1d
     333645.000 ns	     33363	80006dd0	03cec333	div	x6,x29,x28	 x29:0xfffffec8 x28:0x00000000  x6=0xffffffff
     333665.000 ns	     33365	80006dd4	1c77f897	auipc	x17,0x1c77f	 x17=0x9c785dd4
     333675.000 ns	     33366	80006dd8	41cc6c13	ori	x24,x24,1052	 x24:0xfffff875 x24=0xfffffc7d
     333695.000 ns	     33368	80006ddc	02590c33	mul	x24,x18,x5	 x18:0x00000000  x5:0xfffff875 x24=0x00000000
     333725.000 ns	     33371	80006de0	a0400ad3	fle.s	x21,f0,f4	  f0:0x00000000  f4:0xbf800000 x21=0x00000000
     334095.000 ns	     33408	80006de4	03015db3	divu	x27,x2,x16	  x2:0x00000000 x16:0x80040fe4 x27=0x00000000
     334125.000 ns	     33411	80006de8	204525d3	fsgnjx.s	f11,f10,f4	 f10:0x7fc00000  f4:0xbf800000 f11=0xffc00000
     334145.000 ns	     33413	80006dec	40f18c33	sub	x24,x3,x15	  x3:0x00000000 x15:0x00000000 x24=0x00000000
     334155.000 ns	     33414	80006df0	0187a633	slt	x12,x15,x24	 x15:0x00000000 x24:0x00000000 x12=0x00000000
     334175.000 ns	     33416	80006df4	e00b8e53	fmv.x.w	x28,f23	 f23:0x50228b4a x28=0x50228b4a
     334195.000 ns	     33418	80006df8	2f62bc93	sltiu	x25,x5,758	  x5:0xfffff875 x25=0x00000000
     334215.000 ns	     33420	80006dfc	e00d0f53	fmv.x.w	x30,f26	 f26:0x00000000 x30=0x00000000
     334245.000 ns	     33423	80006e00	e0099d53	fclass.s	x26,f19	 f19:0xcd4bfdbd x26=0x00000002
     334275.000 ns	     33426	80006e04	0330b6b3	mulhu	x13,x1,x19	  x1:0x00000000 x19:0x80041024 x13=0x00000000
     334295.000 ns	     33428	80006e08	6aad7a13	andi	x20,x26,1706	 x26:0x00000002 x20=0x00000002
     334315.000 ns	     33430	80006e0c	f0050453	fmv.w.x	f8,x10	 x10:0x00000000  f8=0x00000000
     334335.000 ns	     33432	80006e10	00128433	add	x8,x5,x1	  x5:0xfffff875  x1:0x00000000  x8=0xfffff875
     334355.000 ns	     33434	80006e14	02b95fb3	divu	x31,x18,x11	 x18:0x00000000 x11:0x00000000 x31=0xffffffff
     334385.000 ns	     33437	80006e18	a09f9053	flt.s	x0,f31,f9	 f31:0x4d4bfdbe  f9:0x00000000
     334415.000 ns	     33440	80006e1c	d00cf2d3	fcvt.s.w	f5,x25	 x25:0x00000000  f5=0x00000000
     334435.000 ns	     33442	80006e20	00bbca33	xor	x20,x23,x11	 x23:0xffffffff x11:0x00000000 x20=0xffffffff
     334455.000 ns	     33444	80006e24	028cb6b3	mulhu	x13,x25,x8	 x25:0x00000000  x8:0xfffff875 x13=0x00000000
     334475.000 ns	     33446	80006e28	0143ccb3	xor	x25,x7,x20	  x7:0xf3402430 x20:0x00000002 x25=0x0cbfdbcf
     334495.000 ns	     33448	80006e2c	032d63b3	rem	x7,x26,x18	 x26:0x00000002 x18:0x00000000  x7=0x00000002
     334545.000 ns	     33453	80006e30	09a41153	fsub.s	f2,f8,f26	  f8:0x00000000 f26:0x00000000  f2=0x80000000
     334575.000 ns	     33456	80006e34	e00887d3	fmv.x.w	x15,f17	 f17:0x00000001 x15=0x00000001
     334605.000 ns	     33459	80006e38	21c2ac53	fsgnjx.s	f24,f5,f28	  f5:0x00000000 f28:0xbf35042a f24=0x80000000
     334655.000 ns	     33464	80006e3c	0111f7d3	fadd.s	f15,f3,f17	  f3:0x424bfcbc f17:0x00000001 f15=0x424bfcbc
     334685.000 ns	     33467	80006e40	29dc8dd3	fmin.s	f27,f25,f29	 f25:0xbf35042a f29:0x80040fe4 f27=0xbf35042a
     334715.000 ns	     33470	80006e44	0212d1b3	divu	x3,x5,x1	  x5:0xfffff875  x1:0x00000000  x3=0xffffffff
     334755.000 ns	     33474	80006e48	58072153	fsqrt.s	f2,f14	 f14:0xbf800000  f2=0x7fc00000
     334775.000 ns	     33476	80006e4c	01a26433	or	x8,x4,x26	  x4:0x00000000 x26:0x00000002  x8=0x00000002
     334815.000 ns	     33480	80006e50	01d372d3	fadd.s	f5,f6,f29	  f6:0x00000000 f29:0x80040fe4  f5=0x80040fe4
     335155.000 ns	     33514	80006e54	18c1f1d3	fdiv.s	f3,f3,f12	  f3:0x424bfcbc f12:0xcd4bfdbd  f3=0xb44bfcbc
     335175.000 ns	     33516	80006e58	008e5333	srl	x6,x28,x8	 x28:0x50228b4a  x8:0x00000002  x6=0x1408a2d2
     335185.000 ns	     33517	80006e5c	011c9593	slli	x11,x25,0x11	 x25:0x0cbfdbcf x11=0xb79e0000
     335195.000 ns	     33518	80006e60	01b36b33	or	x22,x6,x27	  x6:0xffffffff x27:0x00000000 x22=0x1408a2d2
     335205.000 ns	     33519	80006e64	009e8c33	add	x24,x29,x9	 x29:0xfffffec8  x9:0x00000001 x24=0xfffffec9
     335215.000 ns	     33520	80006e68	00000013	addi	x0,x0,0	  x0:0x00000000
     335225.000 ns	     33521	80006e6c	7b59aa93	slti	x21,x19,1973	 x19:0x80041024 x21=0x00000001
     335245.000 ns	     33523	80006e70	a0c92b53	feq.s	x22,f18,f12	 f18:0xcd4bfdbd f12:0xcd4bfdbd x22=0x00000001
     335615.000 ns	     33560	80006e74	029ef133	remu	x2,x29,x9	 x29:0xfffffec8  x9:0x00000001  x2=0x00000000
     335645.000 ns	     33563	80006e78	d00179d3	fcvt.s.w	f19,x2	  x2:0x00000000 f19=0x00000000
     335665.000 ns	     33565	80006e7c	4194de93	srai	x29,x9,0x19	  x9:0x00000001 x29=0x00000000
     335695.000 ns	     33568	80006e80	5806f953	fsqrt.s	f18,f13	 f13:0x80000000 f18=0x80000000
     335725.000 ns	     33571	80006e84	e0060a53	fmv.x.w	x20,f12	 f12:0xcd4bfdbd x20=0xcd4bfdbd
     335745.000 ns	     33573	80006e88	505ce413	ori	x8,x25,1285	 x25:0x0cbfdbcf  x8=0x0cbfdfcf
     335765.000 ns	     33575	80006e8c	292901d3	fmin.s	f3,f18,f18	 f18:0x80000000 f18:0x80000000  f3=0x80000000
     335785.000 ns	     33577	80006e90	00c59013	slli	x0,x11,0xc	 x11:0xb79e0000
     335805.000 ns	     33579	80006e94	c0197c53	fcvt.wu.s	x24,f18	 f18:0x80000000 x24=0x00000000
     335835.000 ns	     33582	80006e98	29cd9c53	fmax.s	f24,f27,f28	 f27:0xbf35042a f28:0xbf35042a f24=0xbf35042a
     335855.000 ns	     33584	80006e9c	01ddd4b3	srl	x9,x27,x29	 x27:0x00000000 x29:0x00000000  x9=0x00000000
     335875.000 ns	     33586	80006ea0	c00f2fd3	fcvt.w.s	x31,f30	 f30:0x3951f000 x31=0x00000000
     335895.000 ns	     33588	80006ea4	1b9cb093	sltiu	x1,x25,441	 x25:0x0cbfdbcf  x1=0x00000000
     335915.000 ns	     33590	80006ea8	e0081153	fclass.s	x2,f16	 f16:0xcd4bfdbd  x2=0x00000002
     335955.000 ns	     33594	80006eac	1045f2d3	fmul.s	f5,f11,f4	 f11:0xffc00000  f4:0xbf800000  f5=0x7fc00000
     335985.000 ns	     33597	80006eb0	02f032b3	mulhu	x5,x0,x15	  x0:0x00000000 x15:0x00000001  x5=0x00000000
     336015.000 ns	     33600	80006eb4	c017fcd3	fcvt.wu.s	x25,f15	 f15:0x424bfcbc x25=0x00000032
     336045.000 ns	     33603	80006eb8	f00d0dd3	fmv.w.x	f27,x26	 x26:0x00000002 f27=0x00000002
     336075.000 ns	     33606	80006ebc	02aa5d33	divu	x26,x20,x10	 x20:0xcd4bfdbd x10:0x00000000 x26=0xffffffff
     336105.000 ns	     33609	80006ec0	f00980d3	fmv.w.x	f1,x19	 x19:0x80041024  f1=0x80041024
     336125.000 ns	     33611	80006ec4	01b25c13	srli	x24,x4,0x1b	  x4:0x00000000 x24=0x00000000
     336135.000 ns	     33612	80006ec8	36308f13	addi	x30,x1,867	  x1:0x00000000 x30=0x00000363
     336145.000 ns	     33613	80006ecc	409e8eb3	sub	x29,x29,x9	 x29:0x00000000  x9:0x00000000 x29=0x00000000
     336165.000 ns	     33615	80006ed0	213f92d3	fsgnjn.s	f5,f31,f19	 f31:0x4d4bfdbe f19:0x00000000  f5=0xcd4bfdbe
     336195.000 ns	     33618	80006ed4	021fdf33	divu	x30,x31,x1	 x31:0x00000000  x1:0x00000000 x30=0xffffffff
     336215.000 ns	     33620	80006ed8	6b00b313	sltiu	x6,x1,1712	  x1:0x00000000  x6=0x00000001
     336225.000 ns	     33621	80006edc	00da5693	srli	x13,x20,0xd	 x20:0xcd4bfdbd x13=0x00066a5f
     336235.000 ns	     33622	80006ee0	01187e33	and	x28,x16,x17	 x16:0x80040fe4 x17:0x9c785dd4 x28=0x80000dc4
     336245.000 ns	     33623	80006ee4	b965fc37	lui	x24,0xb965f	 x24=0xb965f000
     336265.000 ns	     33625	80006ee8	c00ef453	fcvt.w.s	x8,f29	 f29:0x80040fe4  x8=0x00000000
     336285.000 ns	     33627	80006eec	017d9f93	slli	x31,x27,0x17	 x27:0x00000000 x31=0x00000000
     336295.000 ns	     33628	80006ef0	83c97c13	andi	x24,x18,-1988	 x18:0x00000000 x24=0x00000000
     336315.000 ns	     33630	80006ef4	025a9b33	mulh	x22,x21,x5	 x21:0x00000001  x5:0x00000000 x22=0x00000000
     336655.000 ns	     33664	80006ef8	191e7bd3	fdiv.s	f23,f28,f17	 f28:0xbf35042a f17:0x00000001 f23=0xfdff8d6a
     336675.000 ns	     33666	80006efc	00f27f33	and	x30,x4,x15	  x4:0x00000000 x15:0x00000001 x30=0x00000000
     336695.000 ns	     33668	80006f00	202d2ed3	fsgnjx.s	f29,f26,f2	 f26:0x00000000  f2:0x7fc00000 f29=0x00000000
     336715.000 ns	     33670	80006f04	0125c633	xor	x12,x11,x18	 x11:0xb79e0000 x18:0x00000000 x12=0xb79e0000
     337885.000 ns	     33787	80006f08	58079d53	fsqrt.s	f26,f15	 f15:0x424bfcbc f26=0x40903da2
     337925.000 ns	     33791	80006f0c	18144a53	fdiv.s	f20,f8,f1	  f8:0x00000000  f1:0x80041024 f20=0x80000000
     337945.000 ns	     33793	80006f10	ecaa4e37	lui	x28,0xecaa4	 x28=0xecaa4000
     337955.000 ns	     33794	80006f14	f08e4f93	xori	x31,x28,-248	 x28:0x80000dc4 x31=0x1355bf08
     337975.000 ns	     33796	80006f18	a1332c53	feq.s	x24,f6,f19	  f6:0x00000000 f19:0x00000000 x24=0x00000001
     337995.000 ns	     33798	80006f1c	40acd2b3	sra	x5,x25,x10	 x25:0x00000032 x10:0x00000000  x5=0x00000032
     338015.000 ns	     33800	80006f20	28c10353	fmin.s	f6,f2,f12	  f2:0x7fc00000 f12:0xcd4bfdbd  f6=0xcd4bfdbd
     338035.000 ns	     33802	80006f24	015c0eb3	add	x29,x24,x21	 x24:0x00000001 x21:0x00000001 x29=0x00000002
     338045.000 ns	     33803	80006f28	006a4933	xor	x18,x20,x6	 x20:0xcd4bfdbd  x6:0x00000001 x18=0xcd4bfdbc
     338065.000 ns	     33805	80006f2c	f00a0353	fmv.w.x	f6,x20	 x20:0xcd4bfdbd  f6=0xcd4bfdbd
     338085.000 ns	     33807	80006f30	403e87b3	sub	x15,x29,x3	 x29:0x00000002  x3:0xffffffff x15=0x00000003
     338095.000 ns	     33808	80006f34	0066d493	srli	x9,x13,0x6	 x13:0x00066a5f  x9=0x000019a9
     338115.000 ns	     33810	80006f38	212f0453	fsgnj.s	f8,f30,f18	 f30:0x3951f000 f18:0x80000000  f8=0xb951f000
     338135.000 ns	     33812	80006f3c	e1df3593	sltiu	x11,x30,-483	 x30:0x00000000 x11=0x00000001
     338145.000 ns	     33813	80006f40	01c7b933	sltu	x18,x15,x28	 x15:0x00000003 x28:0xecaa4000 x18=0x00000001
     338165.000 ns	     33815	80006f44	d0019fd3	fcvt.s.w	f31,x3	  x3:0xffffffff f31=0xbf800000
     338535.000 ns	     33852	80006f48	02ddcc33	div	x24,x27,x13	 x27:0x00000000 x13:0x00066a5f x24=0x00000000
     338565.000 ns	     33855	80006f4c	28b78ad3	fmin.s	f21,f15,f11	 f15:0x424bfcbc f11:0xffc00000 f21=0x424bfcbc
     338585.000 ns	     33857	80006f50	2107e113	ori	x2,x15,528	 x15:0x00000003  x2=0x00000213
     338595.000 ns	     33858	80006f54	414e5593	srai	x11,x28,0x14	 x28:0xecaa4000 x11=0xfffffeca
     338605.000 ns	     33859	80006f58	00000013	addi	x0,x0,0	  x0:0x00000000
     338625.000 ns	     33861	80006f5c	c016f6d3	fcvt.wu.s	x13,f13	 f13:0x80000000 x13=0x00000000
     338645.000 ns	     33863	80006f60	b7a67613	andi	x12,x12,-1158	 x12:0xb79e0000 x12=0xb79e0000
     338665.000 ns	     33865	80006f64	284204d3	fmin.s	f9,f4,f4	  f4:0xbf800000  f4:0xbf800000  f9=0xbf800000
     338685.000 ns	     33867	80006f68	01772133	slt	x2,x14,x23	 x14:0x00000000 x23:0xffffffff  x2=0x00000000
     338705.000 ns	     33869	80006f6c	21548553	fsgnj.s	f10,f9,f21	  f9:0xbf800000 f21:0x424bfcbc f10=0x3f800000
     338735.000 ns	     33872	80006f70	026ea933	mulhsu	x18,x29,x6	 x29:0x00000002  x6:0x00000001 x18=0x00000000
     338755.000 ns	     33874	80006f74	67966713	ori	x14,x12,1657	 x12:0xb79e0000 x14=0xb79e0679
     338765.000 ns	     33875	80006f78	00dad793	srli	x15,x21,0xd	 x21:0x00000001 x15=0x00000000
     338785.000 ns	     33877	80006f7c	02044db3	div	x27,x8,x0	  x8:0x00000000  x0:0x00000000 x27=0xffffffff
     338815.000 ns	     33880	80006f80	a1a01553	flt.s	x10,f0,f26	  f0:0x00000000 f26:0x40903da2 x10=0x00000001
     338835.000 ns	     33882	80006f84	011f4fb3	xor	x31,x30,x17	 x30:0x00000000 x17:0x9c785dd4 x31=0x9c785dd4
     338855.000 ns	     33884	80006f88	0264b733	mulhu	x14,x9,x6	  x9:0x000019a9  x6:0x00000001 x14=0x00000000
     338885.000 ns	     33887	80006f8c	03db1f33	mulh	x30,x22,x29	 x22:0x00000000 x29:0x00000002 x30=0x00000000
     338915.000 ns	     33890	80006f90	d01f4353	fcvt.s.wu	f6,x30	 x30:0x00000000  f6=0x00000000
     338945.000 ns	     33893	80006f94	a13f1c53	flt.s	x24,f30,f19	 f30:0x3951f000 f19:0x00000000 x24=0x00000000
     338965.000 ns	     33895	80006f98	004584b3	add	x9,x11,x4	 x11:0xfffffeca  x4:0x00000000  x9=0xfffffeca
     338975.000 ns	     33896	80006f9c	00000013	addi	x0,x0,0	  x0:0x00000000
     338985.000 ns	     33897	80006fa0	01e711b3	sll	x3,x14,x30	 x14:0x00000000 x30:0x00000000  x3=0x00000000
     339005.000 ns	     33899	80006fa4	c003c053	fcvt.w.s	x0,f7	  f7:0x80040fe4
     339025.000 ns	     33901	80006fa8	01a4f1b3	and	x3,x9,x26	  x9:0xfffffeca x26:0xffffffff  x3=0xfffffeca
     339035.000 ns	     33902	80006fac	00efe3b3	or	x7,x31,x14	 x31:0x9c785dd4 x14:0x00000000  x7=0x9c785dd4
     339045.000 ns	     33903	80006fb0	0171c533	xor	x10,x3,x23	  x3:0x00000000 x23:0xffffffff x10=0x00000135
     339055.000 ns	     33904	80006fb4	4181d893	srai	x17,x3,0x18	  x3:0xfffffeca x17=0xffffffff
     339065.000 ns	     33905	80006fb8	87d87b93	andi	x23,x16,-1923	 x16:0x80040fe4 x23=0x80040864
     339085.000 ns	     33907	80006fbc	29199153	fmax.s	f2,f19,f17	 f19:0x00000000 f17:0x00000001  f2=0x00000001
     339115.000 ns	     33910	80006fc0	a1eaaed3	feq.s	x29,f21,f30	 f21:0x424bfcbc f30:0x3951f000 x29=0x00000000
     339145.000 ns	     33913	80006fc4	a08a8dd3	fle.s	x27,f21,f8	 f21:0x424bfcbc  f8:0xb951f000 x27=0x00000000
     339515.000 ns	     33950	80006fc8	02a05533	divu	x10,x0,x10	  x0:0x00000000 x10:0x00000135 x10=0x00000000
     339535.000 ns	     33952	80006fcc	00000013	addi	x0,x0,0	  x0:0x00000000
     339555.000 ns	     33954	80006fd0	a1cf1153	flt.s	x2,f30,f28	 f30:0x3951f000 f28:0xbf35042a  x2=0x00000000
     339585.000 ns	     33957	80006fd4	c00306d3	fcvt.w.s	x13,f6	  f6:0x00000000 x13=0x00000000
     339615.000 ns	     33960	80006fd8	03ef37b3	mulhu	x15,x30,x30	 x30:0x00000000 x30:0x00000000 x15=0x00000000
     339635.000 ns	     33962	80006fdc	01d23733	sltu	x14,x4,x29	  x4:0x00000000 x29:0x00000000 x14=0x00000000
     339655.000 ns	     33964	80006fe0	c01370d3	fcvt.wu.s	x1,f6	  f6:0x00000000  x1=0x00000000
     339685.000 ns	     33967	80006fe4	c01ff953	fcvt.wu.s	x18,f31	 f31:0xbf800000 x18=0x00000001
     339715.000 ns	     33970	80006fe8	f00e8ed3	fmv.w.x	f29,x29	 x29:0x00000000 f29=0x00000000
     339745.000 ns	     33973	80006fec	f00a8bd3	fmv.w.x	f23,x21	 x21:0x00000001 f23=0x00000001
     340115.000 ns	     34010	80006ff0	03365433	divu	x8,x12,x19	 x12:0xb79e0000 x19:0x80041024  x8=0x00000001
     340135.000 ns	     34012	80006ff4	01f46633	or	x12,x8,x31	  x8:0x00000000 x31:0x9c785dd4 x12=0x9c785dd5
     340155.000 ns	     34014	80006ff8	f0000453	fmv.w.x	f8,x0	  x0:0x00000000  f8=0x00000000
     340175.000 ns	     34016	80006ffc	00a99a93	slli	x21,x19,0xa	 x19:0x80041024 x21=0x10409000
     340195.000 ns	     34018	80007000	e00f9ed3	fclass.s	x29,f31	 f31:0xbf800000 x29=0x00000002
     340215.000 ns	     34020	80007004	00484db3	xor	x27,x16,x4	 x16:0x80040fe4  x4:0x00000000 x27=0x80040fe4
     340225.000 ns	     34021	80007008	9a187293	andi	x5,x16,-1631	 x16:0x80040fe4  x5=0x800409a0
     340235.000 ns	     34022	8000700c	49632b13	slti	x22,x6,1174	  x6:0x00000001 x22=0x00000001
     340255.000 ns	     34024	80007010	215296d3	fsgnjn.s	f13,f5,f21	  f5:0xcd4bfdbe f21:0x424bfcbc f13=0xcd4bfdbe
     340305.000 ns	     34029	80007014	00954ed3	fadd.s	f29,f10,f9	 f10:0x3f800000  f9:0xbf800000 f29=0x80000000
     340325.000 ns	     34031	80007018	01df1db3	sll	x27,x30,x29	 x30:0x00000000 x29:0x00000002 x27=0x00000000
     340345.000 ns	     34033	8000701c	e0041553	fclass.s	x10,f8	  f8:0x00000000 x10=0x00000010
     340365.000 ns	     34035	80007020	41c25193	srai	x3,x4,0x1c	  x4:0x00000000  x3=0x00000000
     340385.000 ns	     34037	80007024	c0117c53	fcvt.wu.s	x24,f2	  f2:0x00000001 x24=0x00000000
     340415.000 ns	     34040	80007028	d004fb53	fcvt.s.w	f22,x9	  x9:0xfffffeca f22=0xc39b0000
     340445.000 ns	     34043	8000702c	02e78b33	mul	x22,x15,x14	 x15:0x00000000 x14:0x00000000 x22=0x00000000
     340475.000 ns	     34046	80007030	281d8d53	fmin.s	f26,f27,f1	 f27:0x00000002  f1:0x80041024 f26=0x80041024
     340505.000 ns	     34049	80007034	c016fdd3	fcvt.wu.s	x27,f13	 f13:0xcd4bfdbe x27=0x0cbfdbe0
     340535.000 ns	     34052	80007038	c015b553	fcvt.wu.s	x10,f11	 f11:0xffc00000 x10=0xffffffff
     340555.000 ns	     34054	8000703c	082f8d13	addi	x26,x31,130	 x31:0x9c785dd4 x26=0x9c785e56
     340575.000 ns	     34056	80007040	a03a13d3	flt.s	x7,f20,f3	 f20:0x80000000  f3:0x80000000  x7=0x00000000
     340605.000 ns	     34059	80007044	21da07d3	fsgnj.s	f15,f20,f29	 f20:0x80000000 f29:0x80000000 f15=0x80000000
     340635.000 ns	     34062	80007048	02db6433	rem	x8,x22,x13	 x22:0x00000000 x13:0x00000000  x8=0x00000000
     340655.000 ns	     34064	8000704c	09094a13	xori	x20,x18,144	 x18:0x00000001 x20=0x00000091
     340665.000 ns	     34065	80007050	41eadd93	srai	x27,x21,0x1e	 x21:0x10409000 x27=0x00000000
     340685.000 ns	     34067	80007054	03acabb3	mulhsu	x23,x25,x26	 x25:0x00000032 x26:0x9c785e56 x23=0x0000001e
     340725.000 ns	     34071	80007058	580c7853	fsqrt.s	f16,f24	 f24:0xbf35042a f16=0x7fc00000
     340765.000 ns	     34075	8000705c	19be92d3	fdiv.s	f5,f29,f27	 f29:0x80000000 f27:0x00000002  f5=0x80000000
     340785.000 ns	     34077	80007060	6fd32e13	slti	x28,x6,1789	  x6:0x00000001 x28=0x00000001
     340805.000 ns	     34079	80007064	21169353	fsgnjn.s	f6,f13,f17	 f13:0xcd4bfdbe f17:0x00000001  f6=0xcd4bfdbe
     340835.000 ns	     34082	80007068	e00d1953	fclass.s	x18,f26	 f26:0x80041024 x18=0x00000004
     340865.000 ns	     34085	8000706c	e00883d3	fmv.x.w	x7,f17	 f17:0x00000001  x7=0x00000001
     340885.000 ns	     34087	80007070	e0050293	addi	x5,x10,-512	 x10:0xffffffff  x5=0xfffffdff
     340915.000 ns	     34090	80007074	580e90d3	fsqrt.s	f1,f29	 f29:0x80000000  f1=0x80000000
     340935.000 ns	     34092	80007078	fc456c13	ori	x24,x10,-60	 x10:0xffffffff x24=0xffffffff
     340945.000 ns	     34093	8000707c	01cd90b3	sll	x1,x27,x28	 x27:0x00000000 x28:0x00000001  x1=0x00000000
     340985.000 ns	     34097	80007080	002cb2d3	fadd.s	f5,f25,f2	 f25:0xbf35042a  f2:0x00000001  f5=0xbf35042a
     341015.000 ns	     34100	80007084	02d856b3	divu	x13,x16,x13	 x16:0x80040fe4 x13:0x00000000 x13=0xffffffff
     341045.000 ns	     34103	80007088	c008cad3	fcvt.w.s	x21,f17	 f17:0x00000001 x21=0x00000000
     341075.000 ns	     34106	8000708c	20a71cd3	fsgnjn.s	f25,f14,f10	 f14:0xbf800000 f10:0x3f800000 f25=0xbf800000
     341105.000 ns	     34109	80007090	a1cc04d3	fle.s	x9,f24,f28	 f24:0xbf35042a f28:0xbf35042a  x9=0x00000001
     341125.000 ns	     34111	80007094	d2566e93	ori	x29,x12,-731	 x12:0x9c785dd5 x29=0xfffffdf5
     341455.000 ns	     34144	80007098	19857853	fdiv.s	f16,f10,f24	 f10:0x3f800000 f24:0xbf35042a f16=0xbfa94a0e
     341485.000 ns	     34147	8000709c	d00b76d3	fcvt.s.w	f13,x22	 x22:0x00000000 f13=0x00000000
     341505.000 ns	     34149	800070a0	40b75e13	srai	x28,x14,0xb	 x14:0x00000000 x28=0x00000000
     341525.000 ns	     34151	800070a4	20ab9553	fsgnjn.s	f10,f23,f10	 f23:0x00000001 f10:0x3f800000 f10=0x80000001
     341555.000 ns	     34154	800070a8	0362ab33	mulhsu	x22,x5,x22	  x5:0xfffffdff x22:0x00000000 x22=0x00000000
     341605.000 ns	     34159	800070ac	01a5c3d3	fadd.s	f7,f11,f26	 f11:0xffc00000 f26:0x80041024  f7=0x7fc00000
     341975.000 ns	     34196	800070b0	03f1d1b3	divu	x3,x3,x31	  x3:0x00000000 x31:0x9c785dd4  x3=0x00000000
     342005.000 ns	     34199	800070b4	d01078d3	fcvt.s.wu	f17,x0	  x0:0x00000000 f17=0x00000000
     342025.000 ns	     34201	800070b8	01943433	sltu	x8,x8,x25	  x8:0x00000000 x25:0x00000032  x8=0x00000001
     342055.000 ns	     34204	800070bc	111e19d3	fmul.s	f19,f28,f17	 f28:0xbf35042a f17:0x00000000 f19=0x80000000
     342085.000 ns	     34207	800070c0	d01b4353	fcvt.s.wu	f6,x22	 x22:0x00000000  f6=0x00000000
     342105.000 ns	     34209	800070c4	0163a933	slt	x18,x7,x22	  x7:0x00000001 x22:0x00000000 x18=0x00000000
     342135.000 ns	     34212	800070c8	10b223d3	fmul.s	f7,f4,f11	  f4:0xbf800000 f11:0xffc00000  f7=0x7fc00000
     342165.000 ns	     34215	800070cc	e0031f53	fclass.s	x30,f6	  f6:0x00000000 x30=0x00000010
     342185.000 ns	     34217	800070d0	019ba3b3	slt	x7,x23,x25	 x23:0x0000001e x25:0x00000032  x7=0x00000001
     342195.000 ns	     34218	800070d4	cd064f93	xori	x31,x12,-816	 x12:0x9c785dd5 x31=0x6387a105
     342235.000 ns	     34222	800070d8	01a4f153	fadd.s	f2,f9,f26	  f9:0xbf800000 f26:0x80041024  f2=0xbf800000
     342265.000 ns	     34225	800070dc	f0090d53	fmv.w.x	f26,x18	 x18:0x00000000 f26=0x00000000
     342635.000 ns	     34262	800070e0	02a6e333	rem	x6,x13,x10	 x13:0xffffffff x10:0xffffffff  x6=0x00000000
     342665.000 ns	     34265	800070e4	0364b533	mulhu	x10,x9,x22	  x9:0x00000001 x22:0x00000000 x10=0x00000000
     342685.000 ns	     34267	800070e8	400ade13	srai	x28,x21,0x0	 x21:0x00000000 x28=0x00000000
     342705.000 ns	     34269	800070ec	c00880d3	fcvt.w.s	x1,f17	 f17:0x00000000  x1=0x00000000
     342735.000 ns	     34272	800070f0	20f289d3	fsgnj.s	f19,f5,f15	  f5:0xbf35042a f15:0x80000000 f19=0xbf35042a
     342755.000 ns	     34274	800070f4	00784ab3	xor	x21,x16,x7	 x16:0x80040fe4  x7:0x00000001 x21=0x80040fe5
     342775.000 ns	     34276	800070f8	a0ea1f53	flt.s	x30,f20,f14	 f20:0x80000000 f14:0xbf800000 x30=0x00000000
     342795.000 ns	     34278	800070fc	005a21b3	slt	x3,x20,x5	 x20:0x00000091  x5:0xfffffdff  x3=0x00000000
     342805.000 ns	     34279	80007100	40ad5633	sra	x12,x26,x10	 x26:0x9c785e56 x10:0x00000000 x12=0x9c785e56
     342815.000 ns	     34280	80007104	017db133	sltu	x2,x27,x23	 x27:0x00000000 x23:0x0000001e  x2=0x00000001
     342825.000 ns	     34281	80007108	0150a733	slt	x14,x1,x21	  x1:0x00000000 x21:0x80040fe5 x14=0x00000000
     342845.000 ns	     34283	8000710c	206d02d3	fsgnj.s	f5,f26,f6	 f26:0x00000000  f6:0x00000000  f5=0x00000000
     342865.000 ns	     34285	80007110	a8bd2597	auipc	x11,0xa8bd2	 x11=0x28bd9110
     342885.000 ns	     34287	80007114	c009f453	fcvt.w.s	x8,f19	 f19:0xbf35042a  x8=0x00000000
     342925.000 ns	     34291	80007118	580b47d3	fsqrt.s	f15,f22	 f22:0xc39b0000 f15=0x7fc00000
     342955.000 ns	     34294	8000711c	28b80c53	fmin.s	f24,f16,f11	 f16:0xbfa94a0e f11:0xffc00000 f24=0xbfa94a0e
     342975.000 ns	     34296	80007120	40f5dd93	srai	x27,x11,0xf	 x11:0x28bd9110 x27=0x0000517b
     342995.000 ns	     34298	80007124	20120f53	fsgnj.s	f30,f4,f1	  f4:0xbf800000  f1:0x80000000 f30=0xbf800000
     343015.000 ns	     34300	80007128	c240b913	sltiu	x18,x1,-988	  x1:0x00000000 x18=0x00000001
     343025.000 ns	     34301	8000712c	004863b3	or	x7,x16,x4	 x16:0x80040fe4  x4:0x00000000  x7=0x80040fe4
     343055.000 ns	     34304	80007130	191e24d3	fdiv.s	f9,f28,f17	 f28:0xbf35042a f17:0x00000000  f9=0xff800000
     343085.000 ns	     34307	80007134	c0057953	fcvt.w.s	x18,f10	 f10:0x80000001 x18=0x00000000
     343115.000 ns	     34310	80007138	03b890b3	mulh	x1,x17,x27	 x17:0xffffffff x27:0x0000517b  x1=0xffffffff
     343145.000 ns	     34313	8000713c	c01bf053	fcvt.wu.s	x0,f23	 f23:0x00000001
     343515.000 ns	     34350	80007140	0318e033	rem	x0,x17,x17	 x17:0xffffffff x17:0xffffffff
     343535.000 ns	     34352	80007144	64360197	auipc	x3,0x64360	  x3=0xe4367144
     343545.000 ns	     34353	80007148	b232b293	sltiu	x5,x5,-1245	  x5:0xfffffdff  x5=0x00000000
     343565.000 ns	     34355	8000714c	f0008f53	fmv.w.x	f30,x1	  x1:0xffffffff f30=0xffffffff
     343585.000 ns	     34357	80007150	011fdf13	srli	x30,x31,0x11	 x31:0x6387a105 x30=0x000031c3
     343945.000 ns	     34393	80007154	034e5f33	divu	x30,x28,x20	 x28:0x00000000 x20:0x00000091 x30=0x00000000
     343965.000 ns	     34395	80007158	08ba2f93	slti	x31,x20,139	 x20:0x00000091 x31=0x00000000
     343995.000 ns	     34398	8000715c	1887c2d3	fdiv.s	f5,f15,f8	 f15:0x7fc00000  f8:0x00000000  f5=0x7fc00000
     344015.000 ns	     34400	80007160	41515733	sra	x14,x2,x21	  x2:0x00000001 x21:0x80040fe5 x14=0x00000000
     344025.000 ns	     34401	80007164	5e846b37	lui	x22,0x5e846	 x22=0x5e846000
     344035.000 ns	     34402	80007168	00ed1633	sll	x12,x26,x14	 x26:0x9c785e56 x14:0x00000000 x12=0x9c785e56
     344055.000 ns	     34404	8000716c	e0068b53	fmv.x.w	x22,f13	 f13:0x00000000 x22=0x00000000
     344075.000 ns	     34406	80007170	664bf013	andi	x0,x23,1636	 x23:0x0000001e
     344095.000 ns	     34408	80007174	036d7c33	remu	x24,x26,x22	 x26:0x9c785e56 x22:0x00000000 x24=0x9c785e56
     344125.000 ns	     34411	80007178	e0081f53	fclass.s	x30,f16	 f16:0xbfa94a0e x30=0x00000002
     344145.000 ns	     34413	8000717c	405841b7	lui	x3,0x40584	  x3=0x40584000
     344165.000 ns	     34415	80007180	d01d0753	fcvt.s.wu	f14,x26	 x26:0x9c785e56 f14=0x4f1c785e
     344195.000 ns	     34418	80007184	28741f53	fmax.s	f30,f8,f7	  f8:0x00000000  f7:0x7fc00000 f30=0x00000000
     344215.000 ns	     34420	80007188	00e55333	srl	x6,x10,x14	 x10:0x00000000 x14:0x00000000  x6=0x00000000
     344235.000 ns	     34422	8000718c	0329c733	div	x14,x19,x18	 x19:0x80041024 x18:0x00000000 x14=0xffffffff
     344265.000 ns	     34425	80007190	217a2bd3	fsgnjx.s	f23,f20,f23	 f20:0x80000000 f23:0x00000001 f23=0x80000000
     344305.000 ns	     34429	80007194	19773c53	fdiv.s	f24,f14,f23	 f14:0x4f1c785e f23:0x00000001 f24=0xff800000
     344345.000 ns	     34433	80007198	19ed2753	fdiv.s	f14,f26,f30	 f26:0x00000000 f30:0x00000000 f14=0x7fc00000
     344375.000 ns	     34436	8000719c	f00e84d3	fmv.w.x	f9,x29	 x29:0xfffffdf5  f9=0xfffffdf5
     344395.000 ns	     34438	800071a0	ad1a1f97	auipc	x31,0xad1a1	 x31=0x2d1a81a0
     344415.000 ns	     34440	800071a4	29a481d3	fmin.s	f3,f9,f26	  f9:0xfffffdf5 f26:0x00000000  f3=0x00000000
     344435.000 ns	     34442	800071a8	01b3c433	xor	x8,x7,x27	  x7:0x80040fe4 x27:0x0000517b  x8=0x80045e9f
     344445.000 ns	     34443	800071ac	01c244b3	xor	x9,x4,x28	  x4:0x00000000 x28:0x00000000  x9=0x00000000
     344455.000 ns	     34444	800071b0	0427f193	andi	x3,x15,66	 x15:0x00000000  x3=0x00000000
     344475.000 ns	     34446	800071b4	03b6a2b3	mulhsu	x5,x13,x27	 x13:0xffffffff x27:0x0000517b  x5=0xffffffff
     344495.000 ns	     34448	800071b8	14a12313	slti	x6,x2,330	  x2:0x00000001  x6=0x00000001
     344515.000 ns	     34450	800071bc	f0050ad3	fmv.w.x	f21,x10	 x10:0x00000000 f21=0x00000000
     344555.000 ns	     34454	800071c0	19d27f53	fdiv.s	f30,f4,f29	  f4:0xbf800000 f29:0x80000000 f30=0x7f800000
     344585.000 ns	     34457	800071c4	e0051453	fclass.s	x8,f10	 f10:0x80000001  x8=0x00000004
     344605.000 ns	     34459	800071c8	0052c633	xor	x12,x5,x5	  x5:0xffffffff  x5:0xffffffff x12=0x00000000
     344625.000 ns	     34461	800071cc	a1e61453	flt.s	x8,f12,f30	 f12:0xcd4bfdbd f30:0x7f800000  x8=0x00000001
     344655.000 ns	     34464	800071d0	039b1fb3	mulh	x31,x22,x25	 x22:0x00000000 x25:0x00000032 x31=0x00000000
     344675.000 ns	     34466	800071d4	01d4d193	srli	x3,x9,0x1d	  x9:0x00000000  x3=0x00000000
     344685.000 ns	     34467	800071d8	61aa2e13	slti	x28,x20,1562	 x20:0x00000091 x28=0x00000001
     344695.000 ns	     34468	800071dc	018d6933	or	x18,x26,x24	 x26:0x9c785e56 x24:0x9c785e56 x18=0x9c785e56
     344715.000 ns	     34470	800071e0	a1e99ad3	flt.s	x21,f19,f30	 f19:0xbf35042a f30:0x7f800000 x21=0x00000001
     344735.000 ns	     34472	800071e4	e4640417	auipc	x8,0xe4640	  x8=0x646471e4
     344745.000 ns	     34473	800071e8	41a5d733	sra	x14,x11,x26	 x11:0x28bd9110 x26:0x9c785e56 x14=0x000000a2
     344765.000 ns	     34475	800071ec	036274b3	remu	x9,x4,x22	  x4:0x00000000 x22:0x00000000  x9=0x00000000
     344795.000 ns	     34478	800071f0	20c91953	fsgnjn.s	f18,f18,f12	 f18:0x80000000 f12:0xcd4bfdbd f18=0x00000000
     344815.000 ns	     34480	800071f4	00f83433	sltu	x8,x16,x15	 x16:0x80040fe4 x15:0x00000000  x8=0x00000000
     344825.000 ns	     34481	800071f8	d7f64d13	xori	x26,x12,-641	 x12:0x00000000 x26=0xfffffd7f
     344845.000 ns	     34483	800071fc	f0070a53	fmv.w.x	f20,x14	 x14:0x000000a2 f20=0x000000a2
     344875.000 ns	     34486	80007200	a18125d3	feq.s	x11,f2,f24	  f2:0xbf800000 f24:0xff800000 x11=0x00000000
     344905.000 ns	     34489	80007204	023adcb3	divu	x25,x21,x3	 x21:0x00000001  x3:0x00000000 x25=0xffffffff
     344935.000 ns	     34492	80007208	e0050353	fmv.x.w	x6,f10	 f10:0x80000001  x6=0x80000001
     344955.000 ns	     34494	8000720c	8a5e4313	xori	x6,x28,-1883	 x28:0x00000001  x6=0xfffff8a4
     344975.000 ns	     34496	80007210	d0137a53	fcvt.s.wu	f20,x6	  x6:0x80000001 f20=0x4f7ffff8
     345005.000 ns	     34499	80007214	28cc05d3	fmin.s	f11,f24,f12	 f24:0xff800000 f12:0xcd4bfdbd f11=0xff800000
     345035.000 ns	     34502	80007218	02d32e33	mulhsu	x28,x6,x13	  x6:0xfffff8a4 x13:0xffffffff x28=0xfffff8a4
     345055.000 ns	     34504	8000721c	019cd413	srli	x8,x25,0x19	 x25:0xffffffff  x8=0x0000007f
     345065.000 ns	     34505	80007220	00086433	or	x8,x16,x0	 x16:0x80040fe4  x0:0x00000000  x8=0x80040fe4
     345085.000 ns	     34507	80007224	204d91d3	fsgnjn.s	f3,f27,f4	 f27:0x00000002  f4:0xbf800000  f3=0x00000002
     345105.000 ns	     34509	80007228	51977b93	andi	x23,x14,1305	 x14:0x000000a2 x23=0x00000000
     345125.000 ns	     34511	8000722c	213c8553	fsgnj.s	f10,f25,f19	 f25:0xbf800000 f19:0xbf35042a f10=0xbf800000
     345145.000 ns	     34513	80007230	00799113	slli	x2,x19,0x7	 x19:0x80041024  x2=0x02081200
     345165.000 ns	     34515	80007234	216b83d3	fsgnj.s	f7,f23,f22	 f23:0x80000000 f22:0xc39b0000  f7=0x80000000
     345535.000 ns	     34552	80007238	0275cd33	div	x26,x11,x7	 x11:0x00000000  x7:0x80040fe4 x26=0x00000000
     345555.000 ns	     34554	8000723c	001e5e13	srli	x28,x28,0x1	 x28:0xfffff8a4 x28=0x7ffffc52
     345575.000 ns	     34556	80007240	e0058d53	fmv.x.w	x26,f11	 f11:0xff800000 x26=0xff800000
     345595.000 ns	     34558	80007244	4190de33	sra	x28,x1,x25	  x1:0xffffffff x25:0xffffffff x28=0xffffffff
     345605.000 ns	     34559	80007248	4183dc13	srai	x24,x7,0x18	  x7:0x80040fe4 x24=0xffffff80
     345615.000 ns	     34560	8000724c	b2a47113	andi	x2,x8,-1238	  x8:0x80040fe4  x2=0x80040b20
     345625.000 ns	     34561	80007250	0112e0b3	or	x1,x5,x17	  x5:0xffffffff x17:0xffffffff  x1=0xffffffff
     345645.000 ns	     34563	80007254	c01eb353	fcvt.wu.s	x6,f29	 f29:0x80000000  x6=0x00000000
     345665.000 ns	     34565	80007258	d6a6f693	andi	x13,x13,-662	 x13:0xffffffff x13=0xfffffd6a
     346025.000 ns	     34601	8000725c	03ab6333	rem	x6,x22,x26	 x22:0x00000000 x26:0xff800000  x6=0x00000000
     346065.000 ns	     34605	80007260	1069cc53	fmul.s	f24,f19,f6	 f19:0xbf35042a  f6:0x00000000 f24=0x80000000
     346085.000 ns	     34607	80007264	ffd0be93	sltiu	x29,x1,-3	  x1:0xffffffff x29=0x00000000
     346105.000 ns	     34609	80007268	a0f68dd3	fle.s	x27,f13,f15	 f13:0x00000000 f15:0x7fc00000 x27=0x00000000
     346155.000 ns	     34614	8000726c	00c1ffd3	fadd.s	f31,f3,f12	  f3:0x00000002 f12:0xcd4bfdbd f31=0xcd4bfdbd
     346185.000 ns	     34617	80007270	a1f61e53	flt.s	x28,f12,f31	 f12:0xcd4bfdbd f31:0xbf800000 x28=0x00000000
     346215.000 ns	     34620	80007274	295f9ed3	fmax.s	f29,f31,f21	 f31:0xcd4bfdbd f21:0x00000000 f29=0x00000000
     346245.000 ns	     34623	80007278	a0a3a153	feq.s	x2,f7,f10	  f7:0x80000000 f10:0xbf800000  x2=0x00000000
     346265.000 ns	     34625	8000727c	e6317cb7	lui	x25,0xe6317	 x25=0xe6317000
     346275.000 ns	     34626	80007280	00938c33	add	x24,x7,x9	  x7:0x80040fe4  x9:0x00000000 x24=0x80040fe4
     346295.000 ns	     34628	80007284	038a13b3	mulh	x7,x20,x24	 x20:0x00000091 x24:0xffffff80  x7=0xffffffb7
     346345.000 ns	     34633	80007288	086b7753	fsub.s	f14,f22,f6	 f22:0xc39b0000  f6:0x00000000 f14=0xc39b0000
     346365.000 ns	     34635	8000728c	0076ee13	ori	x28,x13,7	 x13:0xfffffd6a x28=0xfffffd6f
     346385.000 ns	     34637	80007290	205a9f53	fsgnjn.s	f30,f21,f5	 f21:0x00000000  f5:0x7fc00000 f30=0x80000000
     346415.000 ns	     34640	80007294	a05e1a53	flt.s	x20,f28,f5	 f28:0xbf35042a  f5:0x7fc00000 x20=0x00000000
     346435.000 ns	     34642	80007298	a9470393	addi	x7,x14,-1388	 x14:0x000000a2  x7=0xfffffb36
     346455.000 ns	     34644	8000729c	0357a433	mulhsu	x8,x15,x21	 x15:0x00000000 x21:0x00000001  x8=0x00000000
     346825.000 ns	     34681	800072a0	03136cb3	rem	x25,x6,x17	  x6:0x00000000 x17:0xffffffff x25=0x00000000
     346855.000 ns	     34684	800072a4	283388d3	fmin.s	f17,f7,f3	  f7:0x80000000  f3:0x00000002 f17=0x80000000
     346885.000 ns	     34687	800072a8	a1db2153	feq.s	x2,f22,f29	 f22:0xc39b0000 f29:0x00000000  x2=0x00000000
     346915.000 ns	     34690	800072ac	c0183553	fcvt.wu.s	x10,f16	 f16:0xbfa94a0e x10=0x00000002
     346935.000 ns	     34692	800072b0	01ca1fb3	sll	x31,x20,x28	 x20:0x00000000 x28:0xfffffd6f x31=0x00000000
     346955.000 ns	     34694	800072b4	f0078a53	fmv.w.x	f20,x15	 x15:0x00000000 f20=0x00000000
     346975.000 ns	     34696	800072b8	666b6f13	ori	x30,x22,1638	 x22:0x00000000 x30=0x00000666
     346995.000 ns	     34698	800072bc	c0001653	fcvt.w.s	x12,f0	  f0:0x00000000 x12=0x00000000
     347015.000 ns	     34700	800072c0	4198da13	srai	x20,x17,0x19	 x17:0xffffffff x20=0xffffffff
     347035.000 ns	     34702	800072c4	c00b3ed3	fcvt.w.s	x29,f22	 f22:0xc39b0000 x29=0xfffffeca
     347065.000 ns	     34705	800072c8	02b68133	mul	x2,x13,x11	 x13:0xfffffd6a x11:0x00000000  x2=0x00000000
     347085.000 ns	     34707	800072cc	179abf93	sltiu	x31,x21,377	 x21:0x00000001 x31=0x00000001
     347445.000 ns	     34743	800072d0	0351c8b3	div	x17,x3,x21	  x3:0x00000000 x21:0x00000001 x17=0x00000000
     347475.000 ns	     34746	800072d4	039a9f33	mulh	x30,x21,x25	 x21:0x00000001 x25:0x00000000 x30=0x00000000
     347525.000 ns	     34751	800072d8	0811fb53	fsub.s	f22,f3,f1	  f3:0x00000002  f1:0x80000000 f22=0x00000002
     347545.000 ns	     34753	800072dc	012a2c33	slt	x24,x20,x18	 x20:0xffffffff x18:0x9c785e56 x24=0x00000000
     347565.000 ns	     34755	800072e0	026a0f33	mul	x30,x20,x6	 x20:0xffffffff  x6:0x00000000 x30=0x00000000
     347585.000 ns	     34757	800072e4	015c9a33	sll	x20,x25,x21	 x25:0x00000000 x21:0x00000001 x20=0x00000000
     347915.000 ns	     34790	800072e8	19bb2053	fdiv.s	f0,f22,f27	 f22:0x00000002 f27:0x00000002  f0=0x3434b4b6
     347935.000 ns	     34792	800072ec	d3643b37	lui	x22,0xd3643	 x22=0xd3643000
     347945.000 ns	     34793	800072f0	23442e93	slti	x29,x8,564	  x8:0x00000000 x29=0x00000001
     347965.000 ns	     34795	800072f4	023861b3	rem	x3,x16,x3	 x16:0x80040fe4  x3:0x00000000  x3=0x80040fe4
     347985.000 ns	     34797	800072f8	98af0413	addi	x8,x30,-1654	 x30:0x00000000  x8=0xfffff98a
     348005.000 ns	     34799	800072fc	a1a72c53	feq.s	x24,f14,f26	 f14:0xc39b0000 f26:0x00000000 x24=0x00000000
     348025.000 ns	     34801	80007300	2284ac13	slti	x24,x9,552	  x9:0x00000000 x24=0x00000001
     348045.000 ns	     34803	80007304	03e33133	mulhu	x2,x6,x30	  x6:0x00000000 x30:0x00000000  x2=0x00000000
     348065.000 ns	     34805	80007308	01869ab3	sll	x21,x13,x24	 x13:0xfffffd6a x24:0x00000000 x21=0xfffffad4
     348075.000 ns	     34806	8000730c	3f91e313	ori	x6,x3,1017	  x3:0x80040fe4  x6=0x80040ffd
     348095.000 ns	     34808	80007310	a0440453	fle.s	x8,f8,f4	  f8:0x00000000  f4:0xbf800000  x8=0x00000000
     348125.000 ns	     34811	80007314	c0017dd3	fcvt.w.s	x27,f2	  f2:0xbf800000 x27=0x00000001
     348145.000 ns	     34813	80007318	00af3b33	sltu	x22,x30,x10	 x30:0x00000000 x10:0x00000002 x22=0x00000001
     348155.000 ns	     34814	8000731c	00407fb3	and	x31,x0,x4	  x0:0x00000000  x4:0x00000000 x31=0x00000000
     348165.000 ns	     34815	80007320	43978013	addi	x0,x15,1081	 x15:0x00000000
     348185.000 ns	     34817	80007324	e00d0cd3	fmv.x.w	x25,f26	 f26:0x00000000 x25=0x00000000
     348205.000 ns	     34819	80007328	19687c17	auipc	x24,0x19687	 x24=0x9968e328
     348225.000 ns	     34821	8000732c	a05fae53	feq.s	x28,f31,f5	 f31:0xcd4bfdbd  f5:0x7fc00000 x28=0x00000000
     348245.000 ns	     34823	80007330	00544d33	xor	x26,x8,x5	  x8:0x00000000  x5:0xffffffff x26=0xffffffff
     348275.000 ns	     34826	80007334	580ef353	fsqrt.s	f6,f29	 f29:0x00000000  f6=0x00000000
     348295.000 ns	     34828	80007338	90e76713	ori	x14,x14,-1778	 x14:0x000000a2 x14=0xfffff9ae
     348315.000 ns	     34830	8000733c	0349aa33	mulhsu	x20,x19,x20	 x19:0x80041024 x20:0x00000000 x20=0x00000000
     348335.000 ns	     34832	80007340	6d0f3e93	sltiu	x29,x30,1744	 x30:0x00000000 x29=0x00000001
     348345.000 ns	     34833	80007344	01335b93	srli	x23,x6,0x13	  x6:0x80040ffd x23=0x00001000
     348375.000 ns	     34836	80007348	580776d3	fsqrt.s	f13,f14	 f14:0xc39b0000 f13=0x7fc00000
     348745.000 ns	     34873	8000734c	03584ab3	div	x21,x16,x21	 x16:0x80040fe4 x21:0xfffffad4 x21=0x0018bf05
     348775.000 ns	     34876	80007350	03ce3733	mulhu	x14,x28,x28	 x28:0x00000000 x28:0x00000000 x14=0x00000000
     348795.000 ns	     34878	80007354	3cb00593	addi	x11,x0,971	  x0:0x00000000 x11=0x000003cb
     348815.000 ns	     34880	80007358	e00790d3	fclass.s	x1,f15	 f15:0x7fc00000  x1=0x00000200
     348835.000 ns	     34882	8000735c	00539933	sll	x18,x7,x5	  x7:0xfffffb36  x5:0xffffffff x18=0x00000000
     348855.000 ns	     34884	80007360	c0013953	fcvt.w.s	x18,f2	  f2:0xbf800000 x18=0xffffffff
     348895.000 ns	     34888	80007364	1887f0d3	fdiv.s	f1,f15,f8	 f15:0x7fc00000  f8:0x00000000  f1=0x7fc00000
     348915.000 ns	     34890	80007368	a38fc193	xori	x3,x31,-1480	 x31:0x00000000  x3=0xfffffa38
     348935.000 ns	     34892	8000736c	02cc60b3	rem	x1,x24,x12	 x24:0x9968e328 x12:0x00000000  x1=0x9968e328
     348965.000 ns	     34895	80007370	a161afd3	feq.s	x31,f3,f22	  f3:0x00000002 f22:0x00000002 x31=0x00000001
     348985.000 ns	     34897	80007374	317f6e93	ori	x29,x30,791	 x30:0x00000000 x29=0x00000317
     349005.000 ns	     34899	80007378	f0080053	fmv.w.x	f0,x16	 x16:0x80040fe4  f0=0x80040fe4
     349035.000 ns	     34902	8000737c	a098a5d3	feq.s	x11,f17,f9	 f17:0x80000000  f9:0xfffffdf5 x11=0x00000000
     349075.000 ns	     34906	80007380	189133d3	fdiv.s	f7,f2,f9	  f2:0xbf800000  f9:0xfffffdf5  f7=0x7fc00000
     349105.000 ns	     34909	80007384	c00610d3	fcvt.w.s	x1,f12	 f12:0xcd4bfdbd  x1=0xf3402430
     349125.000 ns	     34911	80007388	0034fe33	and	x28,x9,x3	  x9:0x00000000  x3:0xfffffa38 x28=0x00000000
     349145.000 ns	     34913	8000738c	c00e45d3	fcvt.w.s	x11,f28	 f28:0xbf35042a x11=0xffffffff
     349175.000 ns	     34916	80007390	a0dd0fd3	fle.s	x31,f26,f13	 f26:0x00000000 f13:0x7fc00000 x31=0x00000000
     349225.000 ns	     34921	80007394	01a448d3	fadd.s	f17,f8,f26	  f8:0x00000000 f26:0x00000000 f17=0x00000000
     349245.000 ns	     34923	80007398	01cc6633	or	x12,x24,x28	 x24:0x9968e328 x28:0x00000000 x12=0x9968e328
     349265.000 ns	     34925	8000739c	f00584d3	fmv.w.x	f9,x11	 x11:0xffffffff  f9=0xffffffff
     349315.000 ns	     34930	800073a0	0029b5d3	fadd.s	f11,f19,f2	 f19:0xbf35042a  f2:0xbf800000 f11=0xbfda8215
     349345.000 ns	     34933	800073a4	028d7b33	remu	x22,x26,x8	 x26:0xffffffff  x8:0x00000000 x22=0xffffffff
     349375.000 ns	     34936	800073a8	a08c07d3	fle.s	x15,f24,f8	 f24:0x80000000  f8:0x00000000 x15=0x00000001
     349405.000 ns	     34939	800073ac	21db0e53	fsgnj.s	f28,f22,f29	 f22:0x00000002 f29:0x00000000 f28=0x00000002
     349435.000 ns	     34942	800073b0	e0059d53	fclass.s	x26,f11	 f11:0xbfda8215 x26=0x00000002
     349465.000 ns	     34945	800073b4	d003fa53	fcvt.s.w	f20,x7	  x7:0xfffffb36 f20=0xc4994000
     349505.000 ns	     34949	800073b8	1171f853	fmul.s	f16,f3,f23	  f3:0x00000002 f23:0x80000000 f16=0x80000000
     349525.000 ns	     34951	800073bc	9ffa6313	ori	x6,x20,-1537	 x20:0x00000000  x6=0xfffff9ff
     349545.000 ns	     34953	800073c0	2032a9d3	fsgnjx.s	f19,f5,f3	  f5:0x7fc00000  f3:0x00000002 f19=0x7fc00000
     349575.000 ns	     34956	800073c4	a05e0053	fle.s	x0,f28,f5	 f28:0x00000002  f5:0x7fc00000
     349605.000 ns	     34959	800073c8	f0010153	fmv.w.x	f2,x2	  x2:0x00000000  f2=0x00000000
     349625.000 ns	     34961	800073cc	01d7e6b3	or	x13,x15,x29	 x15:0x00000001 x29:0x00000317 x13=0x00000317
     349635.000 ns	     34962	800073d0	01178eb3	add	x29,x15,x17	 x15:0x00000001 x17:0x00000000 x29=0x00000001
     349995.000 ns	     34998	800073d4	03aafb33	remu	x22,x21,x26	 x21:0x0018bf05 x26:0x00000002 x22=0x00000001
     350015.000 ns	     35000	800073d8	0153b2b3	sltu	x5,x7,x21	  x7:0xfffffb36 x21:0x0018bf05  x5=0x00000000
     350025.000 ns	     35001	800073dc	409b8fb3	sub	x31,x23,x9	 x23:0x00001000  x9:0x00000000 x31=0x00001000
     350045.000 ns	     35003	800073e0	c01b9bd3	fcvt.wu.s	x23,f23	 f23:0x80000000 x23=0x00000000
     350065.000 ns	     35005	800073e4	0749a637	lui	x12,0x749a	 x12=0x0749a000
     350085.000 ns	     35007	800073e8	c01c75d3	fcvt.wu.s	x11,f24	 f24:0x80000000 x11=0x00000000
     350105.000 ns	     35009	800073ec	6d52e613	ori	x12,x5,1749	  x5:0x00000000 x12=0x000006d5
     350115.000 ns	     35010	800073f0	9ddf4f93	xori	x31,x30,-1571	 x30:0x00000000 x31=0xfffff9dd
     350135.000 ns	     35012	800073f4	0254a933	mulhsu	x18,x9,x5	  x9:0x00000000  x5:0x00000000 x18=0x00000000
     350155.000 ns	     35014	800073f8	23b54f93	xori	x31,x10,571	 x10:0x00000002 x31=0x00000239
     350165.000 ns	     35015	800073fc	016d9733	sll	x14,x27,x22	 x27:0x00000001 x22:0x00000001 x14=0x00000002
     350185.000 ns	     35017	80007400	28cf0ad3	fmin.s	f21,f30,f12	 f30:0x80000000 f12:0xcd4bfdbd f21=0xcd4bfdbd
     350205.000 ns	     35019	80007404	a14dcc13	xori	x24,x27,-1516	 x27:0x00000001 x24=0xfffffa15
     350225.000 ns	     35021	80007408	032c6c33	rem	x24,x24,x18	 x24:0x9968e328 x18:0x00000000 x24=0xfffffa15
     350255.000 ns	     35024	8000740c	201b18d3	fsgnjn.s	f17,f22,f1	 f22:0x00000002  f1:0x7fc00000 f17=0x80000002
     350275.000 ns	     35026	80007410	7016e793	ori	x15,x13,1793	 x13:0x00000317 x15=0x00000717
     350285.000 ns	     35027	80007414	40a20933	sub	x18,x4,x10	  x4:0x00000000 x10:0x00000002 x18=0xfffffffe
     350305.000 ns	     35029	80007418	025e2733	mulhsu	x14,x28,x5	 x28:0x00000000  x5:0x00000000 x14=0x00000000
     350345.000 ns	     35033	8000741c	18978153	fdiv.s	f2,f15,f9	 f15:0x7fc00000  f9:0xffffffff  f2=0x7fc00000
     350365.000 ns	     35035	80007420	5cb06013	ori	x0,x0,1483	  x0:0x00000000
     350375.000 ns	     35036	80007424	01f19513	slli	x10,x3,0x1f	  x3:0xfffffa38 x10=0x00000000
     350385.000 ns	     35037	80007428	49fa2ab7	lui	x21,0x49fa2	 x21=0x49fa2000
     350395.000 ns	     35038	8000742c	d1791f37	lui	x30,0xd1791	 x30=0xd1791000
     350415.000 ns	     35040	80007430	20638653	fsgnj.s	f12,f7,f6	  f7:0x7fc00000  f6:0x00000000 f12=0x7fc00000
     350455.000 ns	     35044	80007434	188af353	fdiv.s	f6,f21,f8	 f21:0xcd4bfdbd  f8:0x00000000  f6=0xff800000
     350475.000 ns	     35046	80007438	00000013	addi	x0,x0,0	  x0:0x00000000
     350495.000 ns	     35048	8000743c	a1c298d3	flt.s	x17,f5,f28	  f5:0x7fc00000 f28:0x00000002 x17=0x00000000
     350525.000 ns	     35051	80007440	03503cb3	mulhu	x25,x0,x21	  x0:0x00000000 x21:0x49fa2000 x25=0x00000000
     350575.000 ns	     35056	80007444	09f74cd3	fsub.s	f25,f14,f31	 f14:0xc39b0000 f31:0xcd4bfdbd f25=0x4d4bfdaa
     350605.000 ns	     35059	80007448	e00181d3	fmv.x.w	x3,f3	  f3:0x00000002  x3=0x00000002
     350625.000 ns	     35061	8000744c	01b2d613	srli	x12,x5,0x1b	  x5:0x00000000 x12=0x00000000
     350645.000 ns	     35063	80007450	209403d3	fsgnj.s	f7,f8,f9	  f8:0x00000000  f9:0xffffffff  f7=0x80000000
     350675.000 ns	     35066	80007454	02a54933	div	x18,x10,x10	 x10:0x00000000 x10:0x00000000 x18=0xffffffff
     350695.000 ns	     35068	80007458	46e1e913	ori	x18,x3,1134	  x3:0x00000002 x18=0x0000046e
     350715.000 ns	     35070	8000745c	02095b33	divu	x22,x18,x0	 x18:0xffffffff  x0:0x00000000 x22=0xffffffff
     350765.000 ns	     35075	80007460	081e73d3	fsub.s	f7,f28,f1	 f28:0x00000002  f1:0x7fc00000  f7=0x7fc00000
     350795.000 ns	     35078	80007464	03c95e33	divu	x28,x18,x28	 x18:0x0000046e x28:0x00000000 x28=0xffffffff
     350815.000 ns	     35080	80007468	a7d3f713	andi	x14,x7,-1411	  x7:0xfffffb36 x14=0xfffffa34
     350825.000 ns	     35081	8000746c	417adf13	srai	x30,x21,0x17	 x21:0x49fa2000 x30=0x00000093
     350845.000 ns	     35083	80007470	20401ed3	fsgnjn.s	f29,f0,f4	  f0:0x80040fe4  f4:0xbf800000 f29=0x00040fe4
     350875.000 ns	     35086	80007474	e0000f53	fmv.x.w	x30,f0	  f0:0x80040fe4 x30=0x80040fe4
     350905.000 ns	     35089	80007478	0371b1b3	mulhu	x3,x3,x23	  x3:0x00000002 x23:0x00000000  x3=0x00000000
     350955.000 ns	     35094	8000747c	08443b53	fsub.s	f22,f8,f4	  f8:0x00000000  f4:0xbf800000 f22=0x3f800000
     350985.000 ns	     35097	80007480	21c41153	fsgnjn.s	f2,f8,f28	  f8:0x00000000 f28:0x00000002  f2=0x80000000
     351035.000 ns	     35102	80007484	094d9a53	fsub.s	f20,f27,f20	 f27:0x00000002 f20:0xc4994000 f20=0x44994000
     351055.000 ns	     35104	80007488	0158b533	sltu	x10,x17,x21	 x17:0x00000000 x21:0x49fa2000 x10=0x00000001
     351095.000 ns	     35108	8000748c	0127f653	fadd.s	f12,f15,f18	 f15:0x7fc00000 f18:0x00000000 f12=0x7fc00000
     351125.000 ns	     35111	80007490	20a88e53	fsgnj.s	f28,f17,f10	 f17:0x80000002 f10:0xbf800000 f28=0x80000002
     351145.000 ns	     35113	80007494	007eb6b3	sltu	x13,x29,x7	 x29:0x00000001  x7:0xfffffb36 x13=0x00000001
     351155.000 ns	     35114	80007498	016ce633	or	x12,x25,x22	 x25:0x00000000 x22:0xffffffff x12=0xffffffff
     351175.000 ns	     35116	8000749c	a1d986d3	fle.s	x13,f19,f29	 f19:0x7fc00000 f29:0x00040fe4 x13=0x00000000
     351205.000 ns	     35119	800074a0	d00779d3	fcvt.s.w	f19,x14	 x14:0xfffffa34 f19=0xc4b98000
     351225.000 ns	     35121	800074a4	01c14133	xor	x2,x2,x28	  x2:0x00000000 x28:0xffffffff  x2=0xffffffff
     351235.000 ns	     35122	800074a8	00500433	add	x8,x0,x5	  x0:0x00000000  x5:0x00000000  x8=0x00000000
     351255.000 ns	     35124	800074ac	025eda33	divu	x20,x29,x5	 x29:0x00000001  x5:0x00000000 x20=0xffffffff
     351285.000 ns	     35127	800074b0	d010bdd3	fcvt.s.wu	f27,x1	  x1:0xf3402430 f27=0x4f734025
     351315.000 ns	     35130	800074b4	28151b53	fmax.s	f22,f10,f1	 f10:0xbf800000  f1:0x7fc00000 f22=0xbf800000
     351345.000 ns	     35133	800074b8	c0179753	fcvt.wu.s	x14,f15	 f15:0x7fc00000 x14=0xffffffff
     351715.000 ns	     35170	800074bc	03d0f633	remu	x12,x1,x29	  x1:0xf3402430 x29:0x00000001 x12=0x00000000
     351745.000 ns	     35173	800074c0	c015f5d3	fcvt.wu.s	x11,f11	 f11:0xbfda8215 x11=0x00000001
     351785.000 ns	     35177	800074c4	18d474d3	fdiv.s	f9,f8,f13	  f8:0x00000000 f13:0x7fc00000  f9=0x7fc00000
     351805.000 ns	     35179	800074c8	00abca33	xor	x20,x23,x10	 x23:0x00000000 x10:0x00000001 x20=0x00000001
     351825.000 ns	     35181	800074cc	03f137b3	mulhu	x15,x2,x31	  x2:0xffffffff x31:0x00000239 x15=0x00000238
     351855.000 ns	     35184	800074d0	02865a33	divu	x20,x12,x8	 x12:0x00000000  x8:0x00000000 x20=0xffffffff
     351875.000 ns	     35186	800074d4	01b45693	srli	x13,x8,0x1b	  x8:0x00000000 x13=0x00000000
     351885.000 ns	     35187	800074d8	0104f033	and	x0,x9,x16	  x9:0x00000000 x16:0x80040fe4
     351905.000 ns	     35189	800074dc	0387b133	mulhu	x2,x15,x24	 x15:0x00000238 x24:0xfffffa15  x2=0x00000237
     351935.000 ns	     35192	800074e0	d000bcd3	fcvt.s.w	f25,x1	  x1:0xf3402430 f25=0xcd4bfdbd
     351965.000 ns	     35195	800074e4	20af8cd3	fsgnj.s	f25,f31,f10	 f31:0xcd4bfdbd f10:0xbf800000 f25=0xcd4bfdbd
     351985.000 ns	     35197	800074e8	00537433	and	x8,x6,x5	  x6:0xfffff9ff  x5:0x00000000  x8=0x00000000
     352005.000 ns	     35199	800074ec	e00a14d3	fclass.s	x9,f20	 f20:0x44994000  x9=0x00000040
     352025.000 ns	     35201	800074f0	009ec533	xor	x10,x29,x9	 x29:0x00000001  x9:0x00000000 x10=0x00000041
     352045.000 ns	     35203	800074f4	d01b70d3	fcvt.s.wu	f1,x22	 x22:0xffffffff  f1=0x4f7fffff
     352065.000 ns	     35205	800074f8	e8b94897	auipc	x17,0xe8b94	 x17=0x68b9b4f8
     352085.000 ns	     35207	800074fc	c003f153	fcvt.w.s	x2,f7	  f7:0x7fc00000  x2=0x7fffffff
     352105.000 ns	     35209	80007500	00da75b3	and	x11,x20,x13	 x20:0xffffffff x13:0x00000000 x11=0x00000000
     352125.000 ns	     35211	80007504	a1780653	fle.s	x12,f16,f23	 f16:0x80000000 f23:0x80000000 x12=0x00000001
     352155.000 ns	     35214	80007508	20438353	fsgnj.s	f6,f7,f4	  f7:0x7fc00000  f4:0xbf800000  f6=0xffc00000
     352185.000 ns	     35217	8000750c	027baab3	mulhsu	x21,x23,x7	 x23:0x00000000  x7:0xfffffb36 x21=0x00000000
     352555.000 ns	     35254	80007510	038cf4b3	remu	x9,x25,x24	 x25:0x00000000 x24:0xfffffa15  x9=0x00000000
     352585.000 ns	     35257	80007514	028d0ab3	mul	x21,x26,x8	 x26:0x00000002  x8:0x00000000 x21=0x00000000
     352605.000 ns	     35259	80007518	d288bf13	sltiu	x30,x17,-728	 x17:0x68b9b4f8 x30=0x00000001
     352965.000 ns	     35295	8000751c	03a37733	remu	x14,x6,x26	  x6:0xfffff9ff x26:0x00000002 x14=0x00000001
     352985.000 ns	     35297	80007520	189ffb13	andi	x22,x31,393	 x31:0x00000239 x22=0x00000009
     353345.000 ns	     35333	80007524	02f27eb3	remu	x29,x4,x15	  x4:0x00000000 x15:0x00000238 x29=0x00000000
     353365.000 ns	     35335	80007528	41b5d733	sra	x14,x11,x27	 x11:0x00000000 x27:0x00000001 x14=0x00000000
     353375.000 ns	     35336	8000752c	34e8bc13	sltiu	x24,x17,846	 x17:0x68b9b4f8 x24=0x00000000
     353385.000 ns	     35337	80007530	003f0bb3	add	x23,x30,x3	 x30:0x00000001  x3:0x00000000 x23=0x00000001
     353395.000 ns	     35338	80007534	51b28893	addi	x17,x5,1307	  x5:0x00000000 x17=0x0000051b
     353405.000 ns	     35339	80007538	a703b013	sltiu	x0,x7,-1424	  x7:0xfffffb36
     353425.000 ns	     35341	8000753c	0398a7b3	mulhsu	x15,x17,x25	 x17:0x68b9b4f8 x25:0x00000000 x15=0x00000000
     353475.000 ns	     35346	80007540	086bf7d3	fsub.s	f15,f23,f6	 f23:0x80000000  f6:0xffc00000 f15=0x7fc00000
     353505.000 ns	     35349	80007544	a1889ad3	flt.s	x21,f17,f24	 f17:0x80000002 f24:0x80000000 x21=0x00000001
     353535.000 ns	     35352	80007548	e0038653	fmv.x.w	x12,f7	  f7:0x7fc00000 x12=0x7fc00000
     353565.000 ns	     35355	8000754c	c01c72d3	fcvt.wu.s	x5,f24	 f24:0x80000000  x5=0x00000000
     353595.000 ns	     35358	80007550	c01abe53	fcvt.wu.s	x28,f21	 f21:0xcd4bfdbd x28=0x0cbfdbd0
     353625.000 ns	     35361	80007554	e0030453	fmv.x.w	x8,f6	  f6:0xffc00000  x8=0xffc00000
     353655.000 ns	     35364	80007558	e00f8a53	fmv.x.w	x20,f31	 f31:0xcd4bfdbd x20=0xcd4bfdbd
     353675.000 ns	     35366	8000755c	015aae33	slt	x28,x21,x21	 x21:0x00000001 x21:0x00000001 x28=0x00000000
     353685.000 ns	     35367	80007560	71733913	sltiu	x18,x6,1815	  x6:0xfffff9ff x18=0x00000000
     353705.000 ns	     35369	80007564	e0058953	fmv.x.w	x18,f11	 f11:0xbfda8215 x18=0xbfda8215
     353725.000 ns	     35371	80007568	01eb5393	srli	x7,x22,0x1e	 x22:0x00000009  x7=0x00000000
     353735.000 ns	     35372	8000756c	3bedf093	andi	x1,x27,958	 x27:0x00000001  x1=0x00000000
     353745.000 ns	     35373	80007570	00ba2e33	slt	x28,x20,x11	 x20:0xcd4bfdbd x11:0x00000000 x28=0x00000001
     354105.000 ns	     35409	80007574	03bdc533	div	x10,x27,x27	 x27:0x00000001 x27:0x00000001 x10=0x00000001
     354125.000 ns	     35411	80007578	41b902b3	sub	x5,x18,x27	 x18:0xbfda8215 x27:0x00000001  x5=0xbfda8214
     354135.000 ns	     35412	8000757c	007301b3	add	x3,x6,x7	  x6:0xfffff9ff  x7:0x00000000  x3=0xfffff9ff
     354145.000 ns	     35413	80007580	5d6af393	andi	x7,x21,1494	 x21:0x00000001  x7=0x00000000
     354155.000 ns	     35414	80007584	b15c3893	sltiu	x17,x24,-1259	 x24:0x00000000 x17=0x00000001
     354165.000 ns	     35415	80007588	91f604b7	lui	x9,0x91f60	  x9=0x91f60000
     354185.000 ns	     35417	8000758c	e00f9653	fclass.s	x12,f31	 f31:0xcd4bfdbd x12=0x00000002
     354555.000 ns	     35454	80007590	0307dcb3	divu	x25,x15,x16	 x15:0x00000000 x16:0x80040fe4 x25=0x00000000
     354585.000 ns	     35457	80007594	039284b3	mul	x9,x5,x25	  x5:0xbfda8214 x25:0x00000000  x9=0x00000000
     354615.000 ns	     35460	80007598	0224a7b3	mulhsu	x15,x9,x2	  x9:0x91f60000  x2:0x7fffffff x15=0x00000000
     354985.000 ns	     35497	8000759c	022955b3	divu	x11,x18,x2	 x18:0xbfda8215  x2:0x7fffffff x11=0x00000001
     355005.000 ns	     35499	800075a0	01e65313	srli	x6,x12,0x1e	 x12:0x00000002  x6=0x00000000
     355025.000 ns	     35501	800075a4	02eff6b3	remu	x13,x31,x14	 x31:0x00000239 x14:0x00000000 x13=0x00000239
     355045.000 ns	     35503	800075a8	011b1c33	sll	x24,x22,x17	 x22:0x00000009 x17:0x00000001 x24=0x00000012
     355405.000 ns	     35539	800075ac	02abe8b3	rem	x17,x23,x10	 x23:0x00000001 x10:0x00000001 x17=0x00000000
     355425.000 ns	     35541	800075b0	a1ef1c17	auipc	x24,0xa1ef1	 x24=0x21ef85b0
     355445.000 ns	     35543	800075b4	21d68d53	fsgnj.s	f26,f13,f29	 f13:0x7fc00000 f29:0x00040fe4 f26=0x7fc00000
     355475.000 ns	     35546	800075b8	e0021fd3	fclass.s	x31,f4	  f4:0xbf800000 x31=0x00000002
     355505.000 ns	     35549	800075bc	d0027fd3	fcvt.s.w	f31,x4	  x4:0x00000000 f31=0x00000000
     355535.000 ns	     35552	800075c0	0391a4b3	mulhsu	x9,x3,x25	  x3:0xfffff9ff x25:0x00000000  x9=0x00000000
     355565.000 ns	     35555	800075c4	f00408d3	fmv.w.x	f17,x8	  x8:0xffc00000 f17=0xffc00000
     355585.000 ns	     35557	800075c8	007e9c93	slli	x25,x29,0x7	 x29:0x00000000 x25=0x00000000
     355595.000 ns	     35558	800075cc	cbc8e693	ori	x13,x17,-836	 x17:0x00000000 x13=0xfffffcbc
     355605.000 ns	     35559	800075d0	9ee9d297	auipc	x5,0x9ee9d	  x5=0x1eea45d0
     355615.000 ns	     35560	800075d4	01260533	add	x10,x12,x18	 x12:0x00000002 x18:0xbfda8215 x10=0xbfda8217
     355625.000 ns	     35561	800075d8	00b69593	slli	x11,x13,0xb	 x13:0xfffffcbc x11=0xffe5e000
     355645.000 ns	     35563	800075dc	d0047853	fcvt.s.w	f16,x8	  x8:0xffc00000 f16=0xca800000
     355665.000 ns	     35565	800075e0	59598397	auipc	x7,0x59598	  x7=0xd959f5e0
     355675.000 ns	     35566	800075e4	007ffbb3	and	x23,x31,x7	 x31:0x00000002  x7:0x00000000 x23=0x00000000
     355695.000 ns	     35568	800075e8	c0008153	fcvt.w.s	x2,f1	  f1:0x4f7fffff  x2=0x7fffffff
     355715.000 ns	     35570	800075ec	7a09c693	xori	x13,x19,1952	 x19:0x80041024 x13=0x80041784
     355735.000 ns	     35572	800075f0	03a688b3	mul	x17,x13,x26	 x13:0xfffffcbc x26:0x00000002 x17=0x00082f08
     355765.000 ns	     35575	800075f4	d01efc53	fcvt.s.wu	f24,x29	 x29:0x00000000 f24=0x00000000
     355795.000 ns	     35578	800075f8	03bd2733	mulhsu	x14,x26,x27	 x26:0x00000002 x27:0x00000001 x14=0x00000000
     356165.000 ns	     35615	800075fc	02c6fd33	remu	x26,x13,x12	 x13:0x80041784 x12:0x00000002 x26=0x00000000
     356195.000 ns	     35618	80007600	d01f73d3	fcvt.s.wu	f7,x30	 x30:0x00000001  f7=0x3f800000
     356225.000 ns	     35621	80007604	a1650dd3	fle.s	x27,f10,f22	 f10:0xbf800000 f22:0xbf800000 x27=0x00000001
     356265.000 ns	     35625	80007608	5804f053	fsqrt.s	f0,f9	  f9:0x7fc00000  f0=0x7fc00000
     356285.000 ns	     35627	8000760c	00f943b3	xor	x7,x18,x15	 x18:0xbfda8215 x15:0x00000000  x7=0xbfda8215
     356305.000 ns	     35629	80007610	c015ff53	fcvt.wu.s	x30,f11	 f11:0xbfda8215 x30=0x00000001
     356325.000 ns	     35631	80007614	2bd16493	ori	x9,x2,701	  x2:0x7fffffff  x9=0x7fffffff
     356345.000 ns	     35633	80007618	206a2853	fsgnjx.s	f16,f20,f6	 f20:0x44994000  f6:0xffc00000 f16=0xc4994000
     356365.000 ns	     35635	8000761c	00a0af33	slt	x30,x1,x10	  x1:0x00000000 x10:0xbfda8217 x30=0x00000000
     356385.000 ns	     35637	80007620	c00e21d3	fcvt.w.s	x3,f28	 f28:0x80000002  x3=0x00000000
     356405.000 ns	     35639	80007624	403cdf13	srai	x30,x25,0x3	 x25:0x00000000 x30=0x00000000
     356445.000 ns	     35643	80007628	01288353	fadd.s	f6,f17,f18	 f17:0xffc00000 f18:0x00000000  f6=0x7fc00000
     356475.000 ns	     35646	8000762c	a0902753	feq.s	x14,f0,f9	  f0:0x7fc00000  f9:0x7fc00000 x14=0x00000000
     356495.000 ns	     35648	80007630	41b10fb3	sub	x31,x2,x27	  x2:0x7fffffff x27:0x00000001 x31=0x7ffffffe
     356505.000 ns	     35649	80007634	00c38733	add	x14,x7,x12	  x7:0xbfda8215 x12:0x00000002 x14=0xbfda8217
     356525.000 ns	     35651	80007638	20791a53	fsgnjn.s	f20,f18,f7	 f18:0x00000000  f7:0x3f800000 f20=0x80000000
     356545.000 ns	     35653	8000763c	f7b4e693	ori	x13,x9,-133	  x9:0x7fffffff x13=0xffffffff
     356565.000 ns	     35655	80007640	e0041553	fclass.s	x10,f8	  f8:0x00000000 x10=0x00000010
     356585.000 ns	     35657	80007644	01a8a033	slt	x0,x17,x26	 x17:0x00082f08 x26:0x00000000
     356595.000 ns	     35658	80007648	1c282793	slti	x15,x16,450	 x16:0x80040fe4 x15=0x00000001
     357765.000 ns	     35775	8000764c	5800f4d3	fsqrt.s	f9,f1	  f1:0x4f7fffff  f9=0x47350461
     357795.000 ns	     35778	80007650	20860453	fsgnj.s	f8,f12,f8	 f12:0x7fc00000  f8:0x00000000  f8=0x7fc00000
     357825.000 ns	     35781	80007654	e00d07d3	fmv.x.w	x15,f26	 f26:0x7fc00000 x15=0x7fc00000
     357845.000 ns	     35783	80007658	0102cab3	xor	x21,x5,x16	  x5:0x1eea45d0 x16:0x80040fe4 x21=0x9eee4a34
     357855.000 ns	     35784	8000765c	ad3c7b93	andi	x23,x24,-1325	 x24:0x21ef85b0 x23=0x21ef8090
     357875.000 ns	     35786	80007660	21ae2753	fsgnjx.s	f14,f28,f26	 f28:0x80000002 f26:0x7fc00000 f14=0x80000002
     357915.000 ns	     35790	80007664	191e7953	fdiv.s	f18,f28,f17	 f28:0x80000002 f17:0xffc00000 f18=0x7fc00000
     357945.000 ns	     35793	80007668	022d3333	mulhu	x6,x26,x2	 x26:0x00000000  x2:0x7fffffff  x6=0x00000000
     357965.000 ns	     35795	8000766c	b433b893	sltiu	x17,x7,-1213	  x7:0xbfda8215 x17=0x00000001
     357985.000 ns	     35797	80007670	215f9653	fsgnjn.s	f12,f31,f21	 f31:0x00000000 f21:0xcd4bfdbd f12=0x00000000
     358015.000 ns	     35800	80007674	c00418d3	fcvt.w.s	x17,f8	  f8:0x7fc00000 x17=0x7fffffff
     358045.000 ns	     35803	80007678	204d12d3	fsgnjn.s	f5,f26,f4	 f26:0x7fc00000  f4:0xbf800000  f5=0x7fc00000
     358065.000 ns	     35805	8000767c	50daa293	slti	x5,x21,1293	 x21:0x9eee4a34  x5=0x00000001
     358085.000 ns	     35807	80007680	c0144d53	fcvt.wu.s	x26,f8	  f8:0x7fc00000 x26=0xffffffff
     358115.000 ns	     35810	80007684	a120aa53	feq.s	x20,f1,f18	  f1:0x4f7fffff f18:0x7fc00000 x20=0x00000000
     358155.000 ns	     35814	80007688	58067753	fsqrt.s	f14,f12	 f12:0x00000000 f14=0x00000000
     358185.000 ns	     35817	8000768c	a0e90753	fle.s	x14,f18,f14	 f18:0x7fc00000 f14:0x80000002 x14=0x00000000
     358205.000 ns	     35819	80007690	04f47093	andi	x1,x8,79	  x8:0xffc00000  x1=0x00000000
     358215.000 ns	     35820	80007694	0147bd33	sltu	x26,x15,x20	 x15:0x7fc00000 x20:0x00000000 x26=0x00000000
     358575.000 ns	     35856	80007698	033fd2b3	divu	x5,x31,x19	 x31:0x7ffffffe x19:0x80041024  x5=0x00000000
     358595.000 ns	     35858	8000769c	0033c733	xor	x14,x7,x3	  x7:0xbfda8215  x3:0x00000000 x14=0xbfda8215
     358615.000 ns	     35860	800076a0	e00e15d3	fclass.s	x11,f28	 f28:0x80000002 x11=0x00000004
     358635.000 ns	     35862	800076a4	824efe93	andi	x29,x29,-2012	 x29:0x00000000 x29=0x00000000
     358665.000 ns	     35865	800076a8	11c4f8d3	fmul.s	f17,f9,f28	  f9:0x47350461 f28:0x80000002 f17=0x80016a08
     359035.000 ns	     35902	800076ac	02e97033	remu	x0,x18,x14	 x18:0xbfda8215 x14:0xbfda8215
     359055.000 ns	     35904	800076b0	001c5e33	srl	x28,x24,x1	 x24:0x21ef85b0  x1:0x00000000 x28=0x21ef85b0
     359095.000 ns	     35908	800076b4	01f39e53	fadd.s	f28,f7,f31	  f7:0x3f800000 f31:0x00000000 f28=0x3f800000
     359125.000 ns	     35911	800076b8	e0021b53	fclass.s	x22,f4	  f4:0xbf800000 x22=0x00000002
     359155.000 ns	     35914	800076bc	e00613d3	fclass.s	x7,f12	 f12:0x00000000  x7=0x00000010
     359175.000 ns	     35916	800076c0	00d10333	add	x6,x2,x13	  x2:0x7fffffff x13:0xffffffff  x6=0x7ffffffe
     359195.000 ns	     35918	800076c4	d00ba953	fcvt.s.w	f18,x23	 x23:0x21ef8090 f18=0x4e07be03
     359215.000 ns	     35920	800076c8	00935293	srli	x5,x6,0x9	  x6:0x00000000  x5=0x003fffff
     359235.000 ns	     35922	800076cc	a09e98d3	flt.s	x17,f29,f9	 f29:0x00040fe4  f9:0x47350461 x17=0x00000001
     359265.000 ns	     35925	800076d0	200f1c53	fsgnjn.s	f24,f30,f0	 f30:0x80000000  f0:0x7fc00000 f24=0x80000000
     359295.000 ns	     35928	800076d4	a10190d3	flt.s	x1,f3,f16	  f3:0x00000002 f16:0xc4994000  x1=0x00000000
     359325.000 ns	     35931	800076d8	d00d96d3	fcvt.s.w	f13,x27	 x27:0x00000001 f13=0x3f800000
     359355.000 ns	     35934	800076dc	03dd3f33	mulhu	x30,x26,x29	 x26:0x00000000 x29:0x00000000 x30=0x00000000
     359385.000 ns	     35937	800076e0	d00c1253	fcvt.s.w	f4,x24	 x24:0x21ef85b0  f4=0x4e07be16
     359405.000 ns	     35939	800076e4	00284b33	xor	x22,x16,x2	 x16:0x80040fe4  x2:0x7fffffff x22=0xfffbf01b
     359415.000 ns	     35940	800076e8	006c9193	slli	x3,x25,0x6	 x25:0x00000000  x3=0x00000000
     359435.000 ns	     35942	800076ec	03ee90b3	mulh	x1,x29,x30	 x29:0x00000000 x30:0x00000000  x1=0x00000000
     359455.000 ns	     35944	800076f0	00000013	addi	x0,x0,0	  x0:0x00000000
     359815.000 ns	     35980	800076f4	025153b3	divu	x7,x2,x5	  x2:0x7fffffff  x5:0x003fffff  x7=0x00000200
     359835.000 ns	     35982	800076f8	ccbd8893	addi	x17,x27,-821	 x27:0x00000001 x17=0xfffffccc
     359845.000 ns	     35983	800076fc	01d471b3	and	x3,x8,x29	  x8:0xffc00000 x29:0x00000000  x3=0x00000000
     359865.000 ns	     35985	80007700	0217de33	divu	x28,x15,x1	 x15:0x7fc00000  x1:0x00000000 x28=0xffffffff
     359895.000 ns	     35988	80007704	a10711d3	flt.s	x3,f14,f16	 f14:0x00000000 f16:0xc4994000  x3=0x00000000
     360265.000 ns	     36025	80007708	02f0cf33	div	x30,x1,x15	  x1:0x00000000 x15:0x7fc00000 x30=0x00000000
     360285.000 ns	     36027	8000770c	08ca3593	sltiu	x11,x20,140	 x20:0x00000000 x11=0x00000001
     360315.000 ns	     36030	80007710	58047a53	fsqrt.s	f20,f8	  f8:0x7fc00000 f20=0x7fc00000
     360335.000 ns	     36032	80007714	018ab933	sltu	x18,x21,x24	 x21:0x9eee4a34 x24:0x21ef85b0 x18=0x00000000
     360345.000 ns	     36033	80007718	2f51a737	lui	x14,0x2f51a	 x14=0x2f51a000
     360365.000 ns	     36035	8000771c	031fa0b3	mulhsu	x1,x31,x17	 x31:0x7ffffffe x17:0xfffffccc  x1=0x7ffffe64
     360385.000 ns	     36037	80007720	595f22b7	lui	x5,0x595f2	  x5=0x595f2000
     360405.000 ns	     36039	80007724	a1bda553	feq.s	x10,f27,f27	 f27:0x4f734025 f27:0x4f734025 x10=0x00000001
     360425.000 ns	     36041	80007728	01fb0b33	add	x22,x22,x31	 x22:0xfffbf01b x31:0x7ffffffe x22=0x7ffbf019
     360445.000 ns	     36043	8000772c	203fa453	fsgnjx.s	f8,f31,f3	 f31:0x00000000  f3:0x00000002  f8=0x00000000
     360465.000 ns	     36045	80007730	00c31a13	slli	x20,x6,0xc	  x6:0x7ffffffe x20=0xffffe000
     360475.000 ns	     36046	80007734	402255b3	sra	x11,x4,x2	  x4:0x00000000  x2:0x7fffffff x11=0x00000000
     360485.000 ns	     36047	80007738	21df2493	slti	x9,x30,541	 x30:0x00000000  x9=0x00000001
     360495.000 ns	     36048	8000773c	92d45c97	auipc	x25,0x92d45	 x25=0x12d4c73c
     360515.000 ns	     36050	80007740	e00f0653	fmv.x.w	x12,f30	 f30:0x80000000 x12=0x80000000
     360535.000 ns	     36052	80007744	012aa633	slt	x12,x21,x18	 x21:0x9eee4a34 x18:0x00000000 x12=0x00000001
     360565.000 ns	     36055	80007748	180546d3	fdiv.s	f13,f10,f0	 f10:0xbf800000  f0:0x7fc00000 f13=0x7fc00000
     360595.000 ns	     36058	8000774c	0364a4b3	mulhsu	x9,x9,x22	  x9:0x00000001 x22:0x7ffbf019  x9=0x00000000
     360625.000 ns	     36061	80007750	03e72e33	mulhsu	x28,x14,x30	 x14:0x2f51a000 x30:0x00000000 x28=0x00000000
     360655.000 ns	     36064	80007754	e00512d3	fclass.s	x5,f10	 f10:0xbf800000  x5=0x00000002
     360675.000 ns	     36066	80007758	016fa333	slt	x6,x31,x22	 x31:0x7ffffffe x22:0x7ffbf019  x6=0x00000000
     360695.000 ns	     36068	8000775c	29571953	fmax.s	f18,f14,f21	 f14:0x00000000 f21:0xcd4bfdbd f18=0x00000000
     360735.000 ns	     36072	80007760	58067953	fsqrt.s	f18,f12	 f12:0x00000000 f18=0x00000000
     360755.000 ns	     36074	80007764	01b9d133	srl	x2,x19,x27	 x19:0x80041024 x27:0x00000001  x2=0x40020812
     360765.000 ns	     36075	80007768	55293d13	sltiu	x26,x18,1362	 x18:0x00000000 x26=0x00000001
     360785.000 ns	     36077	8000776c	02cb11b3	mulh	x3,x22,x12	 x22:0x7ffbf019 x12:0x00000001  x3=0x00000000
     360805.000 ns	     36079	80007770	c5090b93	addi	x23,x18,-944	 x18:0x00000000 x23=0xfffffc50
     360825.000 ns	     36081	80007774	a149a153	feq.s	x2,f19,f20	 f19:0xc4b98000 f20:0x7fc00000  x2=0x00000000
     360855.000 ns	     36084	80007778	023b00b3	mul	x1,x22,x3	 x22:0x7ffbf019  x3:0x00000000  x1=0x00000000
     361225.000 ns	     36121	8000777c	038d73b3	remu	x7,x26,x24	 x26:0x00000001 x24:0x21ef85b0  x7=0x00000001
     361255.000 ns	     36124	80007780	a1de82d3	fle.s	x5,f29,f29	 f29:0x00040fe4 f29:0x00040fe4  x5=0x00000001
     361625.000 ns	     36161	80007784	03077cb3	remu	x25,x14,x16	 x14:0x2f51a000 x16:0x80040fe4 x25=0x2f51a000
     361645.000 ns	     36163	80007788	14373513	sltiu	x10,x14,323	 x14:0x2f51a000 x10=0x00000000
     361665.000 ns	     36165	8000778c	d00d7c53	fcvt.s.w	f24,x26	 x26:0x00000001 f24=0x3f800000
     361695.000 ns	     36168	80007790	a11b2dd3	feq.s	x27,f22,f17	 f22:0xbf800000 f17:0x80016a08 x27=0x00000000
     362035.000 ns	     36202	80007794	199af553	fdiv.s	f10,f21,f25	 f21:0xcd4bfdbd f25:0xcd4bfdbd f10=0x3f4bfdbe
     362065.000 ns	     36205	80007798	a1250bd3	fle.s	x23,f10,f18	 f10:0xbf800000 f18:0x00000000 x23=0x00000000
     362095.000 ns	     36208	8000779c	c01fb453	fcvt.wu.s	x8,f31	 f31:0x00000000  x8=0x00000000
     362115.000 ns	     36210	800077a0	18a34e97	auipc	x29,0x18a34	 x29=0x98a3b7a0
     362125.000 ns	     36211	800077a4	3e938317	auipc	x6,0x3e938	  x6=0xbe93f7a4
     362145.000 ns	     36213	800077a8	298d0b53	fmin.s	f22,f26,f24	 f26:0x7fc00000 f24:0x3f800000 f22=0x3f800000
     362165.000 ns	     36215	800077ac	01f77ab3	and	x21,x14,x31	 x14:0x2f51a000 x31:0x7ffffffe x21=0x2f51a000
     362175.000 ns	     36216	800077b0	01376433	or	x8,x14,x19	 x14:0x2f51a000 x19:0x80041024  x8=0xaf55b024
     362195.000 ns	     36218	800077b4	02fc9cb3	mulh	x25,x25,x15	 x25:0x2f51a000 x15:0x7fc00000 x25=0x179cfb98
     362225.000 ns	     36221	800077b8	f00d0153	fmv.w.x	f2,x26	 x26:0x00000001  f2=0x00000001
     362255.000 ns	     36224	800077bc	28e51653	fmax.s	f12,f10,f14	 f10:0x3f4bfdbe f14:0x00000000 f12=0x3f4bfdbe
     362285.000 ns	     36227	800077c0	f0040a53	fmv.w.x	f20,x8	  x8:0xaf55b024 f20=0xaf55b024
     362305.000 ns	     36229	800077c4	40400c33	sub	x24,x0,x4	  x0:0x00000000  x4:0x00000000 x24=0x00000000
     362345.000 ns	     36233	800077c8	09a9f9d3	fsub.s	f19,f19,f26	 f19:0xc4b98000 f26:0x7fc00000 f19=0x7fc00000
     362375.000 ns	     36236	800077cc	03ab1db3	mulh	x27,x22,x26	 x22:0x7ffbf019 x26:0x00000001 x27=0x00000000
     362405.000 ns	     36239	800077d0	03cf2033	mulhsu	x0,x30,x28	 x30:0x00000000 x28:0x00000000
     362435.000 ns	     36242	800077d4	2194a6d3	fsgnjx.s	f13,f9,f25	  f9:0x47350461 f25:0xcd4bfdbd f13=0xc7350461
     362455.000 ns	     36244	800077d8	00558133	add	x2,x11,x5	 x11:0x00000000  x5:0x00000001  x2=0x00000001
     362465.000 ns	     36245	800077dc	000afcb3	and	x25,x21,x0	 x21:0x2f51a000  x0:0x00000000 x25=0x00000000
     362475.000 ns	     36246	800077e0	00000013	addi	x0,x0,0	  x0:0x00000000
     362485.000 ns	     36247	800077e4	00279c13	slli	x24,x15,0x2	 x15:0x7fc00000 x24=0xff000000
     362495.000 ns	     36248	800077e8	d1f245b7	lui	x11,0xd1f24	 x11=0xd1f24000
     362505.000 ns	     36249	800077ec	4062d733	sra	x14,x5,x6	  x5:0x00000001  x6:0xbe93f7a4 x14=0x00000000
     362525.000 ns	     36251	800077f0	29c995d3	fmax.s	f11,f19,f28	 f19:0x7fc00000 f28:0x3f800000 f11=0x3f800000
     362865.000 ns	     36285	800077f4	19027cd3	fdiv.s	f25,f4,f16	  f4:0x4e07be16 f16:0xc4994000 f25=0xc8bcb97c
     364045.000 ns	     36403	800077f8	580dff53	fsqrt.s	f30,f27	 f27:0x4f734025 f30=0x472c00fc
     364075.000 ns	     36406	800077fc	a0a626d3	feq.s	x13,f12,f10	 f12:0x3f4bfdbe f10:0x3f4bfdbe x13=0x00000001
     364105.000 ns	     36409	80007800	e0028653	fmv.x.w	x12,f5	  f5:0x7fc00000 x12=0x7fc00000
     364135.000 ns	     36412	80007804	e0001a53	fclass.s	x20,f0	  f0:0x7fc00000 x20=0x00000200
     364155.000 ns	     36414	80007808	004afb33	and	x22,x21,x4	 x21:0x2f51a000  x4:0x00000000 x22=0x00000000
     364175.000 ns	     36416	8000780c	20a98dd3	fsgnj.s	f27,f19,f10	 f19:0x7fc00000 f10:0x3f4bfdbe f27=0x7fc00000
     364205.000 ns	     36419	80007810	e00c11d3	fclass.s	x3,f24	 f24:0x3f800000  x3=0x00000040
     364225.000 ns	     36421	80007814	00415a13	srli	x20,x2,0x4	  x2:0x00000001 x20=0x00000000
     364245.000 ns	     36423	80007818	d016f1d3	fcvt.s.wu	f3,x13	 x13:0x00000001  f3=0x3f800000
     364275.000 ns	     36426	8000781c	20649dd3	fsgnjn.s	f27,f9,f6	  f9:0x47350461  f6:0x7fc00000 f27=0xc7350461
     364295.000 ns	     36428	80007820	01259b93	slli	x23,x11,0x12	 x11:0xd1f24000 x23=0x00000000
     364655.000 ns	     36464	80007824	03a35533	divu	x10,x6,x26	  x6:0xbe93f7a4 x26:0x00000001 x10=0xbe93f7a4
     364675.000 ns	     36466	80007828	e523c413	xori	x8,x7,-430	  x7:0x00000001  x8=0xfffffe53
     364695.000 ns	     36468	8000782c	21db8c53	fsgnj.s	f24,f23,f29	 f23:0x80000000 f29:0x00040fe4 f24=0x00000000
     364745.000 ns	     36473	80007830	08c006d3	fsub.s	f13,f0,f12	  f0:0x7fc00000 f12:0x3f4bfdbe f13=0x7fc00000
     364775.000 ns	     36476	80007834	02c48cb3	mul	x25,x9,x12	  x9:0x00000000 x12:0x7fc00000 x25=0x00000000
     364795.000 ns	     36478	80007838	000170b3	and	x1,x2,x0	  x2:0x00000001  x0:0x00000000  x1=0x00000000
     364835.000 ns	     36482	8000783c	002b7bd3	fadd.s	f23,f22,f2	 f22:0x3f800000  f2:0x00000001 f23=0x3f800000
     364865.000 ns	     36485	80007840	024462b3	rem	x5,x8,x4	  x8:0xfffffe53  x4:0x00000000  x5=0xfffffe53
     364885.000 ns	     36487	80007844	01851e33	sll	x28,x10,x24	 x10:0xbe93f7a4 x24:0xff000000 x28=0xbe93f7a4
     364905.000 ns	     36489	80007848	03e5d633	divu	x12,x11,x30	 x11:0xd1f24000 x30:0x00000000 x12=0xffffffff
     364935.000 ns	     36492	8000784c	28429f53	fmax.s	f30,f5,f4	  f5:0x7fc00000  f4:0x4e07be16 f30=0x4e07be16
     364955.000 ns	     36494	80007850	bd00f337	lui	x6,0xbd00f	  x6=0xbd00f000
     364965.000 ns	     36495	80007854	0100c4b3	xor	x9,x1,x16	  x1:0x00000000 x16:0x80040fe4  x9=0x80040fe4
     364975.000 ns	     36496	80007858	00c5d893	srli	x17,x11,0xc	 x11:0xd1f24000 x17=0x000d1f24
     364985.000 ns	     36497	8000785c	00199f33	sll	x30,x19,x1	 x19:0x80041024  x1:0x00000000 x30=0x80041024
     364995.000 ns	     36498	80007860	01dad513	srli	x10,x21,0x1d	 x21:0x2f51a000 x10=0x00000001
     365035.000 ns	     36502	80007864	0858ac53	fsub.s	f24,f17,f5	 f17:0x80016a08  f5:0x7fc00000 f24=0x7fc00000
     365065.000 ns	     36505	80007868	c003c1d3	fcvt.w.s	x3,f7	  f7:0x3f800000  x3=0x00000001
     365085.000 ns	     36507	8000786c	568e52b7	lui	x5,0x568e5	  x5=0x568e5000
     365105.000 ns	     36509	80007870	e0060753	fmv.x.w	x14,f12	 f12:0x3f4bfdbe x14=0x3f4bfdbe
     365135.000 ns	     36512	80007874	28c30f53	fmin.s	f30,f6,f12	  f6:0x7fc00000 f12:0x3f4bfdbe f30=0x3f4bfdbe
     365165.000 ns	     36515	80007878	030f3e33	mulhu	x28,x30,x16	 x30:0x80041024 x16:0x80040fe4 x28=0x40041014
     365205.000 ns	     36519	8000787c	580ffdd3	fsqrt.s	f27,f31	 f31:0x00000000 f27=0x00000000
     365235.000 ns	     36522	80007880	d002fed3	fcvt.s.w	f29,x5	  x5:0x568e5000 f29=0x4ead1ca0
     365265.000 ns	     36525	80007884	f0008ed3	fmv.w.x	f29,x1	  x1:0x00000000 f29=0x00000000
     365285.000 ns	     36527	80007888	e5fd6893	ori	x17,x26,-417	 x26:0x00000001 x17=0xfffffe5f
     365295.000 ns	     36528	8000788c	00cc1533	sll	x10,x24,x12	 x24:0xff000000 x12:0xffffffff x10=0x00000000
     365315.000 ns	     36530	80007890	e0048453	fmv.x.w	x8,f9	  f9:0x47350461  x8=0x47350461
     365335.000 ns	     36532	80007894	40d8ddb3	sra	x27,x17,x13	 x17:0xfffffe5f x13:0x00000001 x27=0xffffff2f
     365365.000 ns	     36535	80007898	1056fa53	fmul.s	f20,f13,f5	 f13:0x7fc00000  f5:0x7fc00000 f20=0x7fc00000
     365385.000 ns	     36537	8000789c	99867793	andi	x15,x12,-1640	 x12:0xffffffff x15=0xfffff998
     365405.000 ns	     36539	800078a0	e0009ed3	fclass.s	x29,f1	  f1:0x4f7fffff x29=0x00000040
     365435.000 ns	     36542	800078a4	d01d1453	fcvt.s.wu	f8,x26	 x26:0x00000001  f8=0x3f800000
     365455.000 ns	     36544	800078a8	013aad33	slt	x26,x21,x19	 x21:0x2f51a000 x19:0x80041024 x26=0x00000000
     365465.000 ns	     36545	800078ac	2d6ef713	andi	x14,x29,726	 x29:0x00000040 x14=0x00000040
     365825.000 ns	     36581	800078b0	03e95cb3	divu	x25,x18,x30	 x18:0x00000000 x30:0x80041024 x25=0x00000000
     365855.000 ns	     36584	800078b4	21490653	fsgnj.s	f12,f18,f20	 f18:0x00000000 f20:0x7fc00000 f12=0x00000000
     365875.000 ns	     36586	800078b8	00b9feb3	and	x29,x19,x11	 x19:0x80041024 x11:0xd1f24000 x29=0x80000000
     365895.000 ns	     36588	800078bc	f00a8353	fmv.w.x	f6,x21	 x21:0x2f51a000  f6=0x2f51a000
     365915.000 ns	     36590	800078c0	2e70cf13	xori	x30,x1,743	  x1:0x00000000 x30=0x000002e7
     365925.000 ns	     36591	800078c4	321e3a97	auipc	x21,0x321e3	 x21=0xb21ea8c4
     365935.000 ns	     36592	800078c8	01e69db3	sll	x27,x13,x30	 x13:0x00000001 x30:0x80041024 x27=0x00000080
     365955.000 ns	     36594	800078cc	025db433	mulhu	x8,x27,x5	 x27:0xffffff2f  x5:0x568e5000  x8=0x0000002b
     365975.000 ns	     36596	800078d0	b7118313	addi	x6,x3,-1167	  x3:0x00000001  x6=0xfffffb72
     365985.000 ns	     36597	800078d4	00000013	addi	x0,x0,0	  x0:0x00000000
     366005.000 ns	     36599	800078d8	f00405d3	fmv.w.x	f11,x8	  x8:0x0000002b f11=0x0000002b
     366045.000 ns	     36603	800078dc	18f04a53	fdiv.s	f20,f0,f15	  f0:0x7fc00000 f15:0x7fc00000 f20=0x7fc00000
     366075.000 ns	     36606	800078e0	21520dd3	fsgnj.s	f27,f4,f21	  f4:0x4e07be16 f21:0xcd4bfdbd f27=0xce07be16
     366095.000 ns	     36608	800078e4	0158acb3	slt	x25,x17,x21	 x17:0xfffffe5f x21:0xb21ea8c4 x25=0x00000000
     366115.000 ns	     36610	800078e8	e00e13d3	fclass.s	x7,f28	 f28:0x3f800000  x7=0x00000040
     366485.000 ns	     36647	800078ec	026c5a33	divu	x20,x24,x6	 x24:0xff000000  x6:0xfffffb72 x20=0x00000000
     366535.000 ns	     36652	800078f0	00da7053	fadd.s	f0,f20,f13	 f20:0x7fc00000 f13:0x7fc00000  f0=0x7fc00000
     366565.000 ns	     36655	800078f4	298a0d53	fmin.s	f26,f20,f24	 f20:0x7fc00000 f24:0x7fc00000 f26=0x7fc00000
     366595.000 ns	     36658	800078f8	c01092d3	fcvt.wu.s	x5,f1	  f1:0x4f7fffff  x5=0xffffff00
     366625.000 ns	     36661	800078fc	a1941ad3	flt.s	x21,f8,f25	  f8:0x3f800000 f25:0xc8bcb97c x21=0x00000000
     366655.000 ns	     36664	80007900	205586d3	fsgnj.s	f13,f11,f5	 f11:0x0000002b  f5:0x7fc00000 f13=0x0000002b
     366685.000 ns	     36667	80007904	a1752953	feq.s	x18,f10,f23	 f10:0x3f4bfdbe f23:0x3f800000 x18=0x00000000
     366715.000 ns	     36670	80007908	d00cfcd3	fcvt.s.w	f25,x25	 x25:0x00000000 f25=0x00000000
     366745.000 ns	     36673	8000790c	03583733	mulhu	x14,x16,x21	 x16:0x80040fe4 x21:0x00000000 x14=0x00000000
     366765.000 ns	     36675	80007910	f95f3013	sltiu	x0,x30,-107	 x30:0x000002e7
     366785.000 ns	     36677	80007914	02298db3	mul	x27,x19,x2	 x19:0x80041024  x2:0x00000001 x27=0x80041024
     366815.000 ns	     36680	80007918	d0037753	fcvt.s.w	f14,x6	  x6:0xfffffb72 f14=0xc491c000
     366845.000 ns	     36683	8000791c	d017f253	fcvt.s.wu	f4,x15	 x15:0xfffff998  f4=0x4f7ffff9
     366865.000 ns	     36685	80007920	6c560f13	addi	x30,x12,1733	 x12:0xffffffff x30=0x000006c4
     366875.000 ns	     36686	80007924	9fcb0f13	addi	x30,x22,-1540	 x22:0x00000000 x30=0xfffff9fc
     366915.000 ns	     36690	80007928	0140c3d3	fadd.s	f7,f1,f20	  f1:0x4f7fffff f20:0x7fc00000  f7=0x7fc00000
     366935.000 ns	     36692	8000792c	b61b4e13	xori	x28,x22,-1183	 x22:0x00000000 x28=0xfffffb61
     366955.000 ns	     36694	80007930	21fc2d53	fsgnjx.s	f26,f24,f31	 f24:0x7fc00000 f31:0x00000000 f26=0x7fc00000
     366975.000 ns	     36696	80007934	00151e13	slli	x28,x10,0x1	 x10:0x00000000 x28=0x00000000
     367335.000 ns	     36732	80007938	03ec6733	rem	x14,x24,x30	 x24:0xff000000 x30:0xfffff9fc x14=0xfffffe38
     367355.000 ns	     36734	8000793c	01f6cab3	xor	x21,x13,x31	 x13:0x00000001 x31:0x7ffffffe x21=0x7fffffff
     367375.000 ns	     36736	80007940	202c2bd3	fsgnjx.s	f23,f24,f2	 f24:0x7fc00000  f2:0x00000001 f23=0x7fc00000
     367405.000 ns	     36739	80007944	036fcb33	div	x22,x31,x22	 x31:0x7ffffffe x22:0x00000000 x22=0xffffffff
     367435.000 ns	     36742	80007948	035a0eb3	mul	x29,x20,x21	 x20:0x00000000 x21:0x7fffffff x29=0x00000000
     367805.000 ns	     36779	8000794c	036d60b3	rem	x1,x26,x22	 x26:0x00000000 x22:0xffffffff  x1=0x00000000
     367835.000 ns	     36782	80007950	c0197d53	fcvt.wu.s	x26,f18	 f18:0x00000000 x26=0x00000000
     367865.000 ns	     36785	80007954	03e53eb3	mulhu	x29,x10,x30	 x10:0x00000000 x30:0xfffff9fc x29=0x00000000
     367885.000 ns	     36787	80007958	59c52693	slti	x13,x10,1436	 x10:0x00000000 x13=0x00000001
     367905.000 ns	     36789	8000795c	21ed1053	fsgnjn.s	f0,f26,f30	 f26:0x7fc00000 f30:0x3f4bfdbe  f0=0xffc00000
     367935.000 ns	     36792	80007960	c00490d3	fcvt.w.s	x1,f9	  f9:0x47350461  x1=0x0000b504
     367965.000 ns	     36795	80007964	21008f53	fsgnj.s	f30,f1,f16	  f1:0x4f7fffff f16:0xc4994000 f30=0xcf7fffff
     367985.000 ns	     36797	80007968	01775933	srl	x18,x14,x23	 x14:0xfffffe38 x23:0x00000000 x18=0xfffffe38
     367995.000 ns	     36798	8000796c	7c407613	andi	x12,x0,1988	  x0:0x00000000 x12=0x00000000
     368005.000 ns	     36799	80007970	18dce713	ori	x14,x25,397	 x25:0x00000000 x14=0x0000018d
     368365.000 ns	     36835	80007974	0389deb3	divu	x29,x19,x24	 x19:0x80041024 x24:0xff000000 x29=0x00000000
     368385.000 ns	     36837	80007978	0112d7b3	srl	x15,x5,x17	  x5:0xffffff00 x17:0xfffffe5f x15=0x00000001
     368395.000 ns	     36838	8000797c	603f3713	sltiu	x14,x30,1539	 x30:0xfffff9fc x14=0x00000000
     368405.000 ns	     36839	80007980	58188713	addi	x14,x17,1409	 x17:0xfffffe5f x14=0x000003e0
     368425.000 ns	     36841	80007984	c01ef753	fcvt.wu.s	x14,f29	 f29:0x00000000 x14=0x00000000
     368455.000 ns	     36844	80007988	02ec0e33	mul	x28,x24,x14	 x24:0xff000000 x14:0x00000000 x28=0x00000000
     368485.000 ns	     36847	8000798c	d01a7dd3	fcvt.s.wu	f27,x20	 x20:0x00000000 f27=0x00000000
     368505.000 ns	     36849	80007990	41b70bb3	sub	x23,x14,x27	 x14:0x00000000 x27:0x80041024 x23=0x7ffbefdc
     368865.000 ns	     36885	80007994	021ffeb3	remu	x29,x31,x1	 x31:0x7ffffffe  x1:0x0000b504 x29=0x0000a2ea
     368895.000 ns	     36888	80007998	a06e1c53	flt.s	x24,f28,f6	 f28:0x3f800000  f6:0x2f51a000 x24=0x00000000
     368925.000 ns	     36891	8000799c	299210d3	fmax.s	f1,f4,f25	  f4:0x4f7ffff9 f25:0x00000000  f1=0x4f7ffff9
     368945.000 ns	     36893	800079a0	00b7eb33	or	x22,x15,x11	 x15:0x00000001 x11:0xd1f24000 x22=0xd1f24001
     368965.000 ns	     36895	800079a4	c01c7a53	fcvt.wu.s	x20,f24	 f24:0x7fc00000 x20=0xffffffff
     368995.000 ns	     36898	800079a8	02a1a7b3	mulhsu	x15,x3,x10	  x3:0x00000001 x10:0x00000000 x15=0x00000000
     369025.000 ns	     36901	800079ac	c0127ad3	fcvt.wu.s	x21,f4	  f4:0x4f7ffff9 x21=0xfffff900
     369045.000 ns	     36903	800079b0	78306493	ori	x9,x0,1923	  x0:0x00000000  x9=0x00000783
     369065.000 ns	     36905	800079b4	29810453	fmin.s	f8,f2,f24	  f2:0x00000001 f24:0x7fc00000  f8=0x00000001
     369115.000 ns	     36910	800079b8	08b9f8d3	fsub.s	f17,f19,f11	 f19:0x7fc00000 f11:0x0000002b f17=0x7fc00000
     369145.000 ns	     36913	800079bc	e0070dd3	fmv.x.w	x27,f14	 f14:0xc491c000 x27=0xc491c000
     369175.000 ns	     36916	800079c0	02f52cb3	mulhsu	x25,x10,x15	 x10:0x00000000 x15:0x00000000 x25=0x00000000
     369205.000 ns	     36919	800079c4	03ce6933	rem	x18,x28,x28	 x28:0x00000000 x28:0x00000000 x18=0x00000000
     369225.000 ns	     36921	800079c8	47cb5f97	auipc	x31,0x47cb5	 x31=0xc7cbc9c8
     369235.000 ns	     36922	800079cc	014bd913	srli	x18,x23,0x14	 x23:0x7ffbefdc x18=0x000007ff
     369245.000 ns	     36923	800079d0	75796113	ori	x2,x18,1879	 x18:0x00000000  x2=0x000007ff
     369255.000 ns	     36924	800079d4	41298f33	sub	x30,x19,x18	 x19:0x80041024 x18:0x00000000 x30=0x80040825
     369265.000 ns	     36925	800079d8	35be7613	andi	x12,x28,859	 x28:0x00000000 x12=0x00000000
     369285.000 ns	     36927	800079dc	02c86433	rem	x8,x16,x12	 x16:0x80040fe4 x12:0x00000000  x8=0x80040fe4
     369315.000 ns	     36930	800079e0	217dab53	fsgnjx.s	f22,f27,f23	 f27:0x00000000 f23:0x7fc00000 f22=0x00000000
     369335.000 ns	     36932	800079e4	f5193a13	sltiu	x20,x18,-175	 x18:0x000007ff x20=0x00000001
     369345.000 ns	     36933	800079e8	014a5a93	srli	x21,x20,0x14	 x20:0xffffffff x21=0x00000000
     369355.000 ns	     36934	800079ec	e18911b7	lui	x3,0xe1891	  x3=0xe1891000
     369365.000 ns	     36935	800079f0	01a067b3	or	x15,x0,x26	  x0:0x00000000 x26:0x00000000 x15=0x00000000
     369375.000 ns	     36936	800079f4	0059d293	srli	x5,x19,0x5	 x19:0x80041024  x5=0x04002081
     370545.000 ns	     37053	800079f8	58017053	fsqrt.s	f0,f2	  f2:0x00000001  f0=0x1f350483
     370575.000 ns	     37056	800079fc	c0130e53	fcvt.wu.s	x28,f6	  f6:0x2f51a000 x28=0x00000000
     370595.000 ns	     37058	80007a00	4035de13	srai	x28,x11,0x3	 x11:0xd1f24000 x28=0xfa3e4800
     370955.000 ns	     37094	80007a04	03d75b33	divu	x22,x14,x29	 x14:0x00000000 x29:0x0000a2ea x22=0x00000000
     370975.000 ns	     37096	80007a08	401f5513	srai	x10,x30,0x1	 x30:0x80040825 x10=0xc0020412
     370985.000 ns	     37097	80007a0c	017f37b3	sltu	x15,x30,x23	 x30:0x80040825 x23:0x7ffbefdc x15=0x00000000
     370995.000 ns	     37098	80007a10	47f7fe13	andi	x28,x15,1151	 x15:0x00000000 x28=0x00000000
     371035.000 ns	     37102	80007a14	00e28cd3	fadd.s	f25,f5,f14	  f5:0x7fc00000 f14:0xc491c000 f25=0x7fc00000
     371065.000 ns	     37105	80007a18	e0070ad3	fmv.x.w	x21,f14	 f14:0xc491c000 x21=0xc491c000
     371115.000 ns	     37110	80007a1c	094b3ad3	fsub.s	f21,f22,f20	 f22:0x00000000 f20:0x7fc00000 f21=0x7fc00000
     371135.000 ns	     37112	80007a20	00ecdb33	srl	x22,x25,x14	 x25:0x00000000 x14:0x00000000 x22=0x00000000
     371145.000 ns	     37113	80007a24	57c53593	sltiu	x11,x10,1404	 x10:0xc0020412 x11=0x00000000
     371165.000 ns	     37115	80007a28	d005c5d3	fcvt.s.w	f11,x11	 x11:0xd1f24000 f11=0x00000000
     371185.000 ns	     37117	80007a2c	00755013	srli	x0,x10,0x7	 x10:0xc0020412
     371195.000 ns	     37118	80007a30	004ea8b3	slt	x17,x29,x4	 x29:0x0000a2ea  x4:0x00000000 x17=0x00000000
     371205.000 ns	     37119	80007a34	d023f113	andi	x2,x7,-766	  x7:0x00000040  x2=0x00000000
     371225.000 ns	     37121	80007a38	d00870d3	fcvt.s.w	f1,x16	 x16:0x80040fe4  f1=0xcefff7e0
     371255.000 ns	     37124	80007a3c	a00912d3	flt.s	x5,f18,f0	 f18:0x00000000  f0:0x1f350483  x5=0x00000001
     371275.000 ns	     37126	80007a40	40ead293	srai	x5,x21,0xe	 x21:0xc491c000  x5=0xffff1247
     371285.000 ns	     37127	80007a44	40d7d533	sra	x10,x15,x13	 x15:0x00000000 x13:0x00000001 x10=0x00000000
     371305.000 ns	     37129	80007a48	e0091ad3	fclass.s	x21,f18	 f18:0x00000000 x21=0x00000010
     371325.000 ns	     37131	80007a4c	0b8d8f93	addi	x31,x27,184	 x27:0xc491c000 x31=0xc491c0b8
     371345.000 ns	     37133	80007a50	03452133	mulhsu	x2,x10,x20	 x10:0x00000000 x20:0x00000001  x2=0x00000000
     371375.000 ns	     37136	80007a54	020a3633	mulhu	x12,x20,x0	 x20:0x00000001  x0:0x00000000 x12=0x00000000
     371395.000 ns	     37138	80007a58	96485737	lui	x14,0x96485	 x14=0x96485000
     371415.000 ns	     37140	80007a5c	e0091653	fclass.s	x12,f18	 f18:0x00000000 x12=0x00000010
     371445.000 ns	     37143	80007a60	d0157fd3	fcvt.s.wu	f31,x10	 x10:0x00000000 f31=0x00000000
     371465.000 ns	     37145	80007a64	ed472293	slti	x5,x14,-300	 x14:0x96485000  x5=0x00000001
     371485.000 ns	     37147	80007a68	024e4cb3	div	x25,x28,x4	 x28:0x00000000  x4:0x00000000 x25=0xffffffff
     371515.000 ns	     37150	80007a6c	29921253	fmax.s	f4,f4,f25	  f4:0x4f7ffff9 f25:0x7fc00000  f4=0x4f7ffff9
     371545.000 ns	     37153	80007a70	f0048153	fmv.w.x	f2,x9	  x9:0x00000783  f2=0x00000783
     371565.000 ns	     37155	80007a74	40d60133	sub	x2,x12,x13	 x12:0x00000010 x13:0x00000001  x2=0x0000000f
     371585.000 ns	     37157	80007a78	d019f053	fcvt.s.wu	f0,x19	 x19:0x80041024  f0=0x4f000410
     371615.000 ns	     37160	80007a7c	d00471d3	fcvt.s.w	f3,x8	  x8:0x80040fe4  f3=0xcefff7e0
     371635.000 ns	     37162	80007a80	41a2dc93	srai	x25,x5,0x1a	  x5:0x00000001 x25=0x00000000
     371665.000 ns	     37165	80007a84	5800b653	fsqrt.s	f12,f1	  f1:0xcefff7e0 f12=0x7fc00000
     371685.000 ns	     37167	80007a88	01a85333	srl	x6,x16,x26	 x16:0x80040fe4 x26:0x00000000  x6=0x80040fe4
     371705.000 ns	     37169	80007a8c	03b885b3	mul	x11,x17,x27	 x17:0x00000000 x27:0xc491c000 x11=0x00000000
     371735.000 ns	     37172	80007a90	21ea1ad3	fsgnjn.s	f21,f20,f30	 f20:0x7fc00000 f30:0xcf7fffff f21=0x7fc00000
     371755.000 ns	     37174	80007a94	418ed593	srai	x11,x29,0x18	 x29:0x0000a2ea x11=0x00000000
     371775.000 ns	     37176	80007a98	c0107cd3	fcvt.wu.s	x25,f0	  f0:0x4f000410 x25=0x80041000
     371795.000 ns	     37178	80007a9c	01270133	add	x2,x14,x18	 x14:0x96485000 x18:0x000007ff  x2=0x964857ff
     371815.000 ns	     37180	80007aa0	e0080a53	fmv.x.w	x20,f16	 f16:0xc4994000 x20=0xc4994000
     372185.000 ns	     37217	80007aa4	03d07d33	remu	x26,x0,x29	  x0:0x00000000 x29:0x0000a2ea x26=0x00000000
     372215.000 ns	     37220	80007aa8	203b0b53	fsgnj.s	f22,f22,f3	 f22:0x00000000  f3:0xcefff7e0 f22=0x80000000
     372245.000 ns	     37223	80007aac	c01db453	fcvt.wu.s	x8,f27	 f27:0x00000000  x8=0x00000000
     372265.000 ns	     37225	80007ab0	0155e133	or	x2,x11,x21	 x11:0x00000000 x21:0x00000010  x2=0x00000010
     372285.000 ns	     37227	80007ab4	c001ca53	fcvt.w.s	x20,f3	  f3:0xcefff7e0 x20=0x80041000
     372305.000 ns	     37229	80007ab8	01fe95b3	sll	x11,x29,x31	 x29:0x0000a2ea x31:0xc491c0b8 x11=0xea000000
     372315.000 ns	     37230	80007abc	00000013	addi	x0,x0,0	  x0:0x00000000
     372325.000 ns	     37231	80007ac0	40e35d33	sra	x26,x6,x14	  x6:0x80040fe4 x14:0x96485000 x26=0x80040fe4
     372345.000 ns	     37233	80007ac4	c00b7b53	fcvt.w.s	x22,f22	 f22:0x80000000 x22=0x00000000
     372375.000 ns	     37236	80007ac8	c0160fd3	fcvt.wu.s	x31,f12	 f12:0x7fc00000 x31=0xffffffff
     372405.000 ns	     37239	80007acc	e00981d3	fmv.x.w	x3,f19	 f19:0x7fc00000  x3=0x7fc00000
     372455.000 ns	     37244	80007ad0	007c1d53	fadd.s	f26,f24,f7	 f24:0x7fc00000  f7:0x7fc00000 f26=0x7fc00000
     372505.000 ns	     37249	80007ad4	0144c653	fadd.s	f12,f9,f20	  f9:0x47350461 f20:0x7fc00000 f12=0x7fc00000
     372875.000 ns	     37286	80007ad8	0355e4b3	rem	x9,x11,x21	 x11:0xea000000 x21:0x00000010  x9=0x00000000
     372895.000 ns	     37288	80007adc	00000013	addi	x0,x0,0	  x0:0x00000000
     373255.000 ns	     37324	80007ae0	03ed4fb3	div	x31,x26,x30	 x26:0x80040fe4 x30:0x80040825 x31=0x00000000
     373275.000 ns	     37326	80007ae4	0020fd33	and	x26,x1,x2	  x1:0x0000b504  x2:0x00000010 x26=0x00000000
     373295.000 ns	     37328	80007ae8	a14d8653	fle.s	x12,f27,f20	 f27:0x00000000 f20:0x7fc00000 x12=0x00000000
     373315.000 ns	     37330	80007aec	32bf8913	addi	x18,x31,811	 x31:0x00000000 x18=0x0000032b
     373325.000 ns	     37331	80007af0	073ae113	ori	x2,x21,115	 x21:0x00000010  x2=0x00000073
     373335.000 ns	     37332	80007af4	000af6b3	and	x13,x21,x0	 x21:0x00000010  x0:0x00000000 x13=0x00000000
     373695.000 ns	     37368	80007af8	02e2de33	divu	x28,x5,x14	  x5:0x00000001 x14:0x96485000 x28=0x00000000
     374065.000 ns	     37405	80007afc	0213ffb3	remu	x31,x7,x1	  x7:0x00000040  x1:0x0000b504 x31=0x00000040
     374115.000 ns	     37410	80007b00	093ff0d3	fsub.s	f1,f31,f19	 f31:0x00000000 f19:0x7fc00000  f1=0x7fc00000
     374145.000 ns	     37413	80007b04	c011f653	fcvt.wu.s	x12,f3	  f3:0xcefff7e0 x12=0x7ffbf000
     374175.000 ns	     37416	80007b08	c0048ed3	fcvt.w.s	x29,f9	  f9:0x47350461 x29=0x0000b504
     374205.000 ns	     37419	80007b0c	a0351353	flt.s	x6,f10,f3	 f10:0x3f4bfdbe  f3:0xcefff7e0  x6=0x00000000
     374225.000 ns	     37421	80007b10	003c2a33	slt	x20,x24,x3	 x24:0x00000000  x3:0x7fc00000 x20=0x00000001
     374235.000 ns	     37422	80007b14	bbd6e593	ori	x11,x13,-1091	 x13:0x00000000 x11=0xfffffbbd
     374255.000 ns	     37424	80007b18	213c0ad3	fsgnj.s	f21,f24,f19	 f24:0x7fc00000 f19:0x7fc00000 f21=0x7fc00000
     374285.000 ns	     37427	80007b1c	21358553	fsgnj.s	f10,f11,f19	 f11:0x00000000 f19:0x7fc00000 f10=0x00000000
     374335.000 ns	     37432	80007b20	00c27153	fadd.s	f2,f4,f12	  f4:0x4f7ffff9 f12:0x7fc00000  f2=0x7fc00000
     374355.000 ns	     37434	80007b24	4015dc13	srai	x24,x11,0x1	 x11:0xfffffbbd x24=0xfffffdde
     374715.000 ns	     37470	80007b28	034945b3	div	x11,x18,x20	 x18:0x0000032b x20:0x00000001 x11=0x0000032b
     374745.000 ns	     37473	80007b2c	a1069ad3	flt.s	x21,f13,f16	 f13:0x0000002b f16:0xc4994000 x21=0x00000000
     374765.000 ns	     37475	80007b30	0070d633	srl	x12,x1,x7	  x1:0x0000b504  x7:0x00000040 x12=0x0000b504
     374785.000 ns	     37477	80007b34	d0047cd3	fcvt.s.w	f25,x8	  x8:0x00000000 f25=0x00000000
     374815.000 ns	     37480	80007b38	e0080dd3	fmv.x.w	x27,f16	 f16:0xc4994000 x27=0xc4994000
     374835.000 ns	     37482	80007b3c	41695633	sra	x12,x18,x22	 x18:0x0000032b x22:0x00000000 x12=0x0000032b
     374855.000 ns	     37484	80007b40	29351cd3	fmax.s	f25,f10,f19	 f10:0x00000000 f19:0x7fc00000 f25=0x00000000
     374905.000 ns	     37489	80007b44	08987553	fsub.s	f10,f16,f9	 f16:0xc4994000  f9:0x47350461 f10=0xc739ce61
     374935.000 ns	     37492	80007b48	02c026b3	mulhsu	x13,x0,x12	  x0:0x00000000 x12:0x0000032b x13=0x00000000
     374965.000 ns	     37495	80007b4c	0258bfb3	mulhu	x31,x17,x5	 x17:0x00000000  x5:0x00000001 x31=0x00000000
     374985.000 ns	     37497	80007b50	db904193	xori	x3,x0,-583	  x0:0x00000000  x3=0xfffffdb9
     375005.000 ns	     37499	80007b54	f0040653	fmv.w.x	f12,x8	  x8:0x00000000 f12=0x00000000
     375025.000 ns	     37501	80007b58	01ab9393	slli	x7,x23,0x1a	 x23:0x7ffbefdc  x7=0x70000000
     375035.000 ns	     37502	80007b5c	00dd86b3	add	x13,x27,x13	 x27:0xc4994000 x13:0x00000000 x13=0xc4994000
     375055.000 ns	     37504	80007b60	d002f553	fcvt.s.w	f10,x5	  x5:0x00000001 f10=0x3f800000
     375085.000 ns	     37507	80007b64	a1351553	flt.s	x10,f10,f19	 f10:0xc739ce61 f19:0x7fc00000 x10=0x00000000
     375105.000 ns	     37509	80007b68	40348cb3	sub	x25,x9,x3	  x9:0x00000000  x3:0xfffffdb9 x25=0x00000247
     375115.000 ns	     37510	80007b6c	e2a58493	addi	x9,x11,-470	 x11:0x0000032b  x9=0x00000155
     375135.000 ns	     37512	80007b70	d00843d3	fcvt.s.w	f7,x16	 x16:0x80040fe4  f7=0xcefff7e0
     375165.000 ns	     37515	80007b74	a09381d3	fle.s	x3,f7,f9	  f7:0x7fc00000  f9:0x47350461  x3=0x00000001
     375185.000 ns	     37517	80007b78	01004633	xor	x12,x0,x16	  x0:0x00000000 x16:0x80040fe4 x12=0x80040fe4
     375215.000 ns	     37520	80007b7c	11bf7dd3	fmul.s	f27,f30,f27	 f30:0xcf7fffff f27:0x00000000 f27=0x80000000
     375245.000 ns	     37523	80007b80	28fe9653	fmax.s	f12,f29,f15	 f29:0x00000000 f15:0x7fc00000 f12=0x00000000
     375265.000 ns	     37525	80007b84	50ac6f13	ori	x30,x24,1290	 x24:0xfffffdde x30=0xfffffdde
     375275.000 ns	     37526	80007b88	41f704b3	sub	x9,x14,x31	 x14:0x96485000 x31:0x00000000  x9=0x96485000
     375295.000 ns	     37528	80007b8c	f0050053	fmv.w.x	f0,x10	 x10:0x00000000  f0=0x00000000
     375325.000 ns	     37531	80007b90	203629d3	fsgnjx.s	f19,f12,f3	 f12:0x00000000  f3:0xcefff7e0 f19=0x80000000
     375345.000 ns	     37533	80007b94	28f18f37	lui	x30,0x28f18	 x30=0x28f18000
     375365.000 ns	     37535	80007b98	037234b3	mulhu	x9,x4,x23	  x4:0x00000000 x23:0x7ffbefdc  x9=0x00000000
     375385.000 ns	     37537	80007b9c	41c78cb3	sub	x25,x15,x28	 x15:0x00000000 x28:0x00000000 x25=0x00000000
     375395.000 ns	     37538	80007ba0	41b0df33	sra	x30,x1,x27	  x1:0x0000b504 x27:0xc4994000 x30=0x0000b504
     375415.000 ns	     37540	80007ba4	f0018453	fmv.w.x	f8,x3	  x3:0x00000001  f8=0x00000001
     375445.000 ns	     37543	80007ba8	0312b8b3	mulhu	x17,x5,x17	  x5:0x00000001 x17:0x00000000 x17=0x00000000
     375475.000 ns	     37546	80007bac	d01bfb53	fcvt.s.wu	f22,x23	 x23:0x7ffbefdc f22=0x4efff7df
     375525.000 ns	     37551	80007bb0	016483d3	fadd.s	f7,f9,f22	  f9:0x47350461 f22:0x80000000  f7=0x4efff949
     375555.000 ns	     37554	80007bb4	c00df553	fcvt.w.s	x10,f27	 f27:0x80000000 x10=0x00000000
     375585.000 ns	     37557	80007bb8	c01e9ed3	fcvt.wu.s	x29,f29	 f29:0x00000000 x29=0x00000000
     375615.000 ns	     37560	80007bbc	d010a653	fcvt.s.wu	f12,x1	  x1:0x0000b504 f12=0x47350400
     375645.000 ns	     37563	80007bc0	20a42253	fsgnjx.s	f4,f8,f10	  f8:0x00000001 f10:0x3f800000  f4=0x00000001
     375665.000 ns	     37565	80007bc4	41e0d413	srai	x8,x1,0x1e	  x1:0x0000b504  x8=0x00000000
     375685.000 ns	     37567	80007bc8	a0471a53	flt.s	x20,f14,f4	 f14:0xc491c000  f4:0x00000001 x20=0x00000001
     375715.000 ns	     37570	80007bcc	02fcc0b3	div	x1,x25,x15	 x25:0x00000000 x15:0x00000000  x1=0xffffffff
     375735.000 ns	     37572	80007bd0	b8014b13	xori	x22,x2,-1152	  x2:0x00000073 x22=0xfffffbf3
     375755.000 ns	     37574	80007bd4	d0157953	fcvt.s.wu	f18,x10	 x10:0x00000000 f18=0x00000000
     376125.000 ns	     37611	80007bd8	02b46e33	rem	x28,x8,x11	  x8:0x00000000 x11:0x0000032b x28=0x00000000
     376145.000 ns	     37613	80007bdc	00771b33	sll	x22,x14,x7	 x14:0x96485000  x7:0x70000000 x22=0x96485000
     376155.000 ns	     37614	80007be0	00060d33	add	x26,x12,x0	 x12:0x80040fe4  x0:0x00000000 x26=0x80040fe4
     376165.000 ns	     37615	80007be4	7285fe13	andi	x28,x11,1832	 x11:0x0000032b x28=0x00000328
     376185.000 ns	     37617	80007be8	02e8a033	mulhsu	x0,x17,x14	 x17:0x00000000 x14:0x96485000
     376205.000 ns	     37619	80007bec	05d5e613	ori	x12,x11,93	 x11:0x0000032b x12=0x0000037f
     376215.000 ns	     37620	80007bf0	50c52013	slti	x0,x10,1292	 x10:0x00000000
     376225.000 ns	     37621	80007bf4	41c1da33	sra	x20,x3,x28	  x3:0x00000001 x28:0x00000328 x20=0x00000000
     376245.000 ns	     37623	80007bf8	d01db1d3	fcvt.s.wu	f3,x27	 x27:0xc4994000  f3=0x4f449940
     376265.000 ns	     37625	80007bfc	000e9893	slli	x17,x29,0x0	 x29:0x00000000 x17=0x00000000
     376275.000 ns	     37626	80007c00	6d59bb13	sltiu	x22,x19,1749	 x19:0x80041024 x22=0x00000000
     376285.000 ns	     37627	80007c04	00879fb3	sll	x31,x15,x8	 x15:0x00000000  x8:0x00000000 x31=0x00000000
     376645.000 ns	     37663	80007c08	02dc6733	rem	x14,x24,x13	 x24:0xfffffdde x13:0xc4994000 x14=0xfffffdde
     376675.000 ns	     37666	80007c0c	21a18653	fsgnj.s	f12,f3,f26	  f3:0x4f449940 f26:0x7fc00000 f12=0x4f449940
     376695.000 ns	     37668	80007c10	42273f13	sltiu	x30,x14,1058	 x14:0xfffffdde x30=0x00000000
     376715.000 ns	     37670	80007c14	e00b1cd3	fclass.s	x25,f22	 f22:0x4efff7df x25=0x00000040
     376745.000 ns	     37673	80007c18	03ba37b3	mulhu	x15,x20,x27	 x20:0x00000000 x27:0xc4994000 x15=0x00000000
     376765.000 ns	     37675	80007c1c	0063c633	xor	x12,x7,x6	  x7:0x70000000  x6:0x00000000 x12=0x70000000
     376795.000 ns	     37678	80007c20	1822fe53	fdiv.s	f28,f5,f2	  f5:0x7fc00000  f2:0x7fc00000 f28=0x7fc00000
     377165.000 ns	     37715	80007c24	023f7033	remu	x0,x30,x3	 x30:0x00000000  x3:0x00000001
     377185.000 ns	     37717	80007c28	cb9f8313	addi	x6,x31,-839	 x31:0x00000000  x6=0xfffffcb9
     377545.000 ns	     37753	80007c2c	033de4b3	rem	x9,x27,x19	 x27:0xc4994000 x19:0x80041024  x9=0xc4994000
     377575.000 ns	     37756	80007c30	e00c8c53	fmv.x.w	x24,f25	 f25:0x00000000 x24=0x00000000
     377605.000 ns	     37759	80007c34	037f9fb3	mulh	x31,x31,x23	 x31:0x00000000 x23:0x7ffbefdc x31=0x00000000
     377625.000 ns	     37761	80007c38	cdc78293	addi	x5,x15,-804	 x15:0x00000000  x5=0xfffffcdc
     377645.000 ns	     37763	80007c3c	d001fdd3	fcvt.s.w	f27,x3	  x3:0x00000001 f27=0x3f800000
     377665.000 ns	     37765	80007c40	0160fe33	and	x28,x1,x22	  x1:0xffffffff x22:0x00000000 x28=0x00000000
     377675.000 ns	     37766	80007c44	15144113	xori	x2,x8,337	  x8:0x00000000  x2=0x00000151
     377685.000 ns	     37767	80007c48	47db7a93	andi	x21,x22,1149	 x22:0x00000000 x21=0x00000000
     377705.000 ns	     37769	80007c4c	a1c19953	flt.s	x18,f3,f28	  f3:0x4f449940 f28:0x7fc00000 x18=0x00000000
     377735.000 ns	     37772	80007c50	e00403d3	fmv.x.w	x7,f8	  f8:0x00000001  x7=0x00000001
     377755.000 ns	     37774	80007c54	ce98b413	sltiu	x8,x17,-791	 x17:0x00000000  x8=0x00000001
     377775.000 ns	     37776	80007c58	28cb8bd3	fmin.s	f23,f23,f12	 f23:0x7fc00000 f12:0x4f449940 f23=0x4f449940
     377795.000 ns	     37778	80007c5c	d68c3513	sltiu	x10,x24,-664	 x24:0x00000000 x10=0x00000001
     377805.000 ns	     37779	80007c60	407c03b3	sub	x7,x24,x7	 x24:0x00000000  x7:0x00000001  x7=0xffffffff
     377825.000 ns	     37781	80007c64	a15c1753	flt.s	x14,f24,f21	 f24:0x7fc00000 f21:0x7fc00000 x14=0x00000000
     377845.000 ns	     37783	80007c68	f4a9d517	auipc	x10,0xf4a9d	 x10=0x74aa4c68
     377855.000 ns	     37784	80007c6c	00c59a33	sll	x20,x11,x12	 x11:0x0000032b x12:0x70000000 x20=0x0000032b
     377865.000 ns	     37785	80007c70	004e9913	slli	x18,x29,0x4	 x29:0x00000000 x18=0x00000000
     377875.000 ns	     37786	80007c74	0016cab3	xor	x21,x13,x1	 x13:0xc4994000  x1:0xffffffff x21=0x3b66bfff
     377895.000 ns	     37788	80007c78	29281e53	fmax.s	f28,f16,f18	 f16:0xc4994000 f18:0x00000000 f28=0x00000000
     377915.000 ns	     37790	80007c7c	23549e37	lui	x28,0x23549	 x28=0x23549000
     377935.000 ns	     37792	80007c80	c00783d3	fcvt.w.s	x7,f15	 f15:0x7fc00000  x7=0x7fffffff
     377955.000 ns	     37794	80007c84	00000013	addi	x0,x0,0	  x0:0x00000000
     377985.000 ns	     37797	80007c88	11c11b53	fmul.s	f22,f2,f28	  f2:0x7fc00000 f28:0x00000000 f22=0x7fc00000
     378005.000 ns	     37799	80007c8c	ff063793	sltiu	x15,x12,-16	 x12:0x70000000 x15=0x00000001
     378025.000 ns	     37801	80007c90	29c90653	fmin.s	f12,f18,f28	 f18:0x00000000 f28:0x00000000 f12=0x00000000
     378055.000 ns	     37804	80007c94	0326c6b3	div	x13,x13,x18	 x13:0xc4994000 x18:0x00000000 x13=0xffffffff
     378085.000 ns	     37807	80007c98	e0038553	fmv.x.w	x10,f7	  f7:0x4efff949 x10=0x4efff949
     378105.000 ns	     37809	80007c9c	00000013	addi	x0,x0,0	  x0:0x00000000
     378145.000 ns	     37813	80007ca0	000dfad3	fadd.s	f21,f27,f0	 f27:0x3f800000  f0:0x00000000 f21=0x3f800000
     378175.000 ns	     37816	80007ca4	c018c3d3	fcvt.wu.s	x7,f17	 f17:0x7fc00000  x7=0xffffffff
     378545.000 ns	     37853	80007ca8	03096333	rem	x6,x18,x16	 x18:0x00000000 x16:0x80040fe4  x6=0x00000000
     378565.000 ns	     37855	80007cac	00c8c033	xor	x0,x17,x12	 x17:0x00000000 x12:0x70000000
     378595.000 ns	     37858	80007cb0	5808fb53	fsqrt.s	f22,f17	 f17:0x7fc00000 f22=0x7fc00000
     378625.000 ns	     37861	80007cb4	21620953	fsgnj.s	f18,f4,f22	  f4:0x00000001 f22:0x7fc00000 f18=0x00000001
     378655.000 ns	     37864	80007cb8	036ea1b3	mulhsu	x3,x29,x22	 x29:0x00000000 x22:0x00000000  x3=0x00000000
     378705.000 ns	     37869	80007cbc	00d91dd3	fadd.s	f27,f18,f13	 f18:0x00000001 f13:0x0000002b f27=0x0000002c
     379075.000 ns	     37906	80007cc0	027ff2b3	remu	x5,x31,x7	 x31:0x00000000  x7:0xffffffff  x5=0x00000000
     379095.000 ns	     37908	80007cc4	017453b3	srl	x7,x8,x23	  x8:0x00000001 x23:0x7ffbefdc  x7=0x00000000
     379105.000 ns	     37909	80007cc8	00ae74b3	and	x9,x28,x10	 x28:0x23549000 x10:0x4efff949  x9=0x02549000
     379115.000 ns	     37910	80007ccc	00895313	srli	x6,x18,0x8	 x18:0x00000000  x6=0x00000000
     379135.000 ns	     37912	80007cd0	027eb533	mulhu	x10,x29,x7	 x29:0x00000000  x7:0x00000000 x10=0x00000000
     379155.000 ns	     37914	80007cd4	00d5d333	srl	x6,x11,x13	 x11:0x0000032b x13:0xffffffff  x6=0x00000000
     379165.000 ns	     37915	80007cd8	000934b3	sltu	x9,x18,x0	 x18:0x00000000  x0:0x00000000  x9=0x00000000
     379175.000 ns	     37916	80007cdc	01469393	slli	x7,x13,0x14	 x13:0xffffffff  x7=0xfff00000
     379185.000 ns	     37917	80007ce0	00117d33	and	x26,x2,x1	  x2:0x00000151  x1:0xffffffff x26=0x00000151
     379205.000 ns	     37919	80007ce4	a016a653	feq.s	x12,f13,f1	 f13:0x0000002b  f1:0x7fc00000 x12=0x00000000
     379225.000 ns	     37921	80007ce8	fe61ec13	ori	x24,x3,-26	  x3:0x00000000 x24=0xffffffe6
     379255.000 ns	     37924	80007cec	10763853	fmul.s	f16,f12,f7	 f12:0x00000000  f7:0x4efff949 f16=0x00000000
     379285.000 ns	     37927	80007cf0	c0070c53	fcvt.w.s	x24,f14	 f14:0xc491c000 x24=0xfffffb72
     379325.000 ns	     37931	80007cf4	107aff53	fmul.s	f30,f21,f7	 f21:0x3f800000  f7:0x4efff949 f30=0x4efff94a
     379695.000 ns	     37968	80007cf8	037a5333	divu	x6,x20,x23	 x20:0x0000032b x23:0x7ffbefdc  x6=0x00000000
     379715.000 ns	     37970	80007cfc	27797613	andi	x12,x18,631	 x18:0x00000000 x12=0x00000000
     379725.000 ns	     37971	80007d00	be5efa93	andi	x21,x29,-1051	 x29:0x00000000 x21=0x00000000
     379735.000 ns	     37972	80007d04	01ff4133	xor	x2,x30,x31	 x30:0x00000000 x31:0x00000000  x2=0x00000000
     379745.000 ns	     37973	80007d08	016a9a93	slli	x21,x21,0x16	 x21:0x3b66bfff x21=0x00000000
     379765.000 ns	     37975	80007d0c	20590a53	fsgnj.s	f20,f18,f5	 f18:0x00000001  f5:0x7fc00000 f20=0x00000001
     379815.000 ns	     37980	80007d10	00a1fcd3	fadd.s	f25,f3,f10	  f3:0x4f449940 f10:0x3f800000 f25=0x4f449940
     379845.000 ns	     37983	80007d14	d01174d3	fcvt.s.wu	f9,x2	  x2:0x00000000  f9=0x00000000
     379875.000 ns	     37986	80007d18	29eb1c53	fmax.s	f24,f22,f30	 f22:0x7fc00000 f30:0x4efff94a f24=0x4efff94a
     379905.000 ns	     37989	80007d1c	f00b0353	fmv.w.x	f6,x22	 x22:0x00000000  f6=0x00000000
     379925.000 ns	     37991	80007d20	01e37633	and	x12,x6,x30	  x6:0x00000000 x30:0x00000000 x12=0x00000000
     379965.000 ns	     37995	80007d24	08e17a53	fsub.s	f20,f2,f14	  f2:0x7fc00000 f14:0xc491c000 f20=0x7fc00000
     379985.000 ns	     37997	80007d28	6efe2f13	slti	x30,x28,1775	 x28:0x23549000 x30=0x00000000
     380005.000 ns	     37999	80007d2c	e00612d3	fclass.s	x5,f12	 f12:0x00000000  x5=0x00000010
     380025.000 ns	     38001	80007d30	00e18bb3	add	x23,x3,x14	  x3:0x00000000 x14:0x00000000 x23=0x00000000
     380045.000 ns	     38003	80007d34	a1f900d3	fle.s	x1,f18,f31	 f18:0x00000001 f31:0x00000000  x1=0x00000000
     380075.000 ns	     38006	80007d38	295e9f53	fmax.s	f30,f29,f21	 f29:0x00000000 f21:0x3f800000 f30=0x3f800000
     380095.000 ns	     38008	80007d3c	007b33b3	sltu	x7,x22,x7	 x22:0x00000000  x7:0xfff00000  x7=0x00000001
     380115.000 ns	     38010	80007d40	03d2d7b3	divu	x15,x5,x29	  x5:0x00000010 x29:0x00000000 x15=0xffffffff
     380135.000 ns	     38012	80007d44	89560c13	addi	x24,x12,-1899	 x12:0x00000000 x24=0xfffff895
     380145.000 ns	     38013	80007d48	1e1b0a97	auipc	x21,0x1e1b0	 x21=0x9e1b7d48
     380165.000 ns	     38015	80007d4c	203d93d3	fsgnjn.s	f7,f27,f3	 f27:0x0000002c  f3:0x4f449940  f7=0x8000002c
     380195.000 ns	     38018	80007d50	a0e024d3	feq.s	x9,f0,f14	  f0:0x00000000 f14:0xc491c000  x9=0x00000000
     381375.000 ns	     38136	80007d54	5801ab53	fsqrt.s	f22,f3	  f3:0x4f449940 f22=0x470b0422
     381405.000 ns	     38139	80007d58	036cb6b3	mulhu	x13,x25,x22	 x25:0x00000040 x22:0x00000000 x13=0x00000000
     381435.000 ns	     38142	80007d5c	21dc89d3	fsgnj.s	f19,f25,f29	 f25:0x4f449940 f29:0x00000000 f19=0x4f449940
     381465.000 ns	     38145	80007d60	03630733	mul	x14,x6,x22	  x6:0x00000000 x22:0x00000000 x14=0x00000000
     381495.000 ns	     38148	80007d64	e0058bd3	fmv.x.w	x23,f11	 f11:0x00000000 x23=0x00000000
     381525.000 ns	     38151	80007d68	e0080353	fmv.x.w	x6,f16	 f16:0x00000000  x6=0x00000000
     381545.000 ns	     38153	80007d6c	10294713	xori	x14,x18,258	 x18:0x00000000 x14=0x00000102
     381555.000 ns	     38154	80007d70	661cf593	andi	x11,x25,1633	 x25:0x00000040 x11=0x00000040
     381915.000 ns	     38190	80007d74	035771b3	remu	x3,x14,x21	 x14:0x00000000 x21:0x9e1b7d48  x3=0x00000102
     381945.000 ns	     38193	80007d78	021af533	remu	x10,x21,x1	 x21:0x9e1b7d48  x1:0x00000000 x10=0x9e1b7d48
     381995.000 ns	     38198	80007d7c	01c73853	fadd.s	f16,f14,f28	 f14:0xc491c000 f28:0x00000000 f16=0xc491c000
     382025.000 ns	     38201	80007d80	299395d3	fmax.s	f11,f7,f25	  f7:0x8000002c f25:0x4f449940 f11=0x4f449940
     382045.000 ns	     38203	80007d84	00585013	srli	x0,x16,0x5	 x16:0x80040fe4
     382065.000 ns	     38205	80007d88	205a2553	fsgnjx.s	f10,f20,f5	 f20:0x7fc00000  f5:0x7fc00000 f10=0x7fc00000
     382095.000 ns	     38208	80007d8c	f0078353	fmv.w.x	f6,x15	 x15:0xffffffff  f6=0xffffffff
     382145.000 ns	     38213	80007d90	09d5f6d3	fsub.s	f13,f11,f29	 f11:0x4f449940 f29:0x00000000 f13=0x4f449940
     382165.000 ns	     38215	80007d94	00e4aa33	slt	x20,x9,x14	  x9:0x00000000 x14:0x00000102 x20=0x00000001
     382195.000 ns	     38218	80007d98	18e17a53	fdiv.s	f20,f2,f14	  f2:0x7fc00000 f14:0xc491c000 f20=0x7fc00000
     382225.000 ns	     38221	80007d9c	023cacb3	mulhsu	x25,x25,x3	 x25:0x00000040  x3:0x00000102 x25=0x00000000
     382245.000 ns	     38223	80007da0	00c8de33	srl	x28,x17,x12	 x17:0x00000000 x12:0x00000000 x28=0x00000000
     382255.000 ns	     38224	80007da4	6b1c9337	lui	x6,0x6b1c9	  x6=0x6b1c9000
     382285.000 ns	     38227	80007da8	1185f553	fmul.s	f10,f11,f24	 f11:0x4f449940 f24:0x4efff94a f10=0x5ec49419
     382305.000 ns	     38229	80007dac	40d2de93	srai	x29,x5,0xd	  x5:0x00000010 x29=0x00000000
     382315.000 ns	     38230	80007db0	0084fd33	and	x26,x9,x8	  x9:0x00000000  x8:0x00000001 x26=0x00000000
     382335.000 ns	     38232	80007db4	a1c42753	feq.s	x14,f8,f28	  f8:0x00000001 f28:0x00000000 x14=0x00000000
     382355.000 ns	     38234	80007db8	01908cb3	add	x25,x1,x25	  x1:0x00000000 x25:0x00000000 x25=0x00000000
     382365.000 ns	     38235	80007dbc	015a1713	slli	x14,x20,0x15	 x20:0x00000001 x14=0x00200000
     382385.000 ns	     38237	80007dc0	03986633	rem	x12,x16,x25	 x16:0x80040fe4 x25:0x00000000 x12=0x80040fe4
     382405.000 ns	     38239	80007dc4	00000013	addi	x0,x0,0	  x0:0x00000000
     382425.000 ns	     38241	80007dc8	a0549e53	flt.s	x28,f9,f5	  f9:0x00000000  f5:0x7fc00000 x28=0x00000000
     382475.000 ns	     38246	80007dcc	01dff7d3	fadd.s	f15,f31,f29	 f31:0x00000000 f29:0x00000000 f15=0x00000000
     382505.000 ns	     38249	80007dd0	286c9453	fmax.s	f8,f25,f6	 f25:0x4f449940  f6:0xffffffff  f8=0x4f449940
     382525.000 ns	     38251	80007dd4	f8fd6913	ori	x18,x26,-113	 x26:0x00000000 x18=0xffffff8f
     382545.000 ns	     38253	80007dd8	a1721353	flt.s	x6,f4,f23	  f4:0x00000001 f23:0x4f449940  x6=0x00000001
     382575.000 ns	     38256	80007ddc	025b90b3	mulh	x1,x23,x5	 x23:0x00000000  x5:0x00000010  x1=0x00000000
     382605.000 ns	     38259	80007de0	a07b22d3	feq.s	x5,f22,f7	 f22:0x470b0422  f7:0x8000002c  x5=0x00000000
     382635.000 ns	     38262	80007de4	296794d3	fmax.s	f9,f15,f22	 f15:0x00000000 f22:0x470b0422  f9=0x470b0422
     382665.000 ns	     38265	80007de8	a1002953	feq.s	x18,f0,f16	  f0:0x00000000 f16:0xc491c000 x18=0x00000000
     382695.000 ns	     38268	80007dec	02d18ab3	mul	x21,x3,x13	  x3:0x00000102 x13:0x00000000 x21=0x00000000
     382725.000 ns	     38271	80007df0	0387a133	mulhsu	x2,x15,x24	 x15:0xffffffff x24:0xfffff895  x2=0xffffffff
     382745.000 ns	     38273	80007df4	404dd1b3	sra	x3,x27,x4	 x27:0xc4994000  x4:0x00000000  x3=0xc4994000
     382765.000 ns	     38275	80007df8	e0080c53	fmv.x.w	x24,f16	 f16:0xc491c000 x24=0xc491c000
     382785.000 ns	     38277	80007dfc	7fdfea93	ori	x21,x31,2045	 x31:0x00000000 x21=0x000007fd
     383955.000 ns	     38394	80007e00	580b3653	fsqrt.s	f12,f22	 f22:0x470b0422 f12=0x42c4989e
     383985.000 ns	     38397	80007e04	020d9733	mulh	x14,x27,x0	 x27:0xc4994000  x0:0x00000000 x14=0x00000000
     384015.000 ns	     38400	80007e08	29de9d53	fmax.s	f26,f29,f29	 f29:0x00000000 f29:0x00000000 f26=0x00000000
     384045.000 ns	     38403	80007e0c	034d1733	mulh	x14,x26,x20	 x26:0x00000000 x20:0x00000001 x14=0x00000000
     384075.000 ns	     38406	80007e10	e0001fd3	fclass.s	x31,f0	  f0:0x00000000 x31=0x00000010
     384095.000 ns	     38408	80007e14	3acc5137	lui	x2,0x3acc5	  x2=0x3acc5000
     384135.000 ns	     38412	80007e18	0027c7d3	fadd.s	f15,f15,f2	 f15:0x00000000  f2:0x7fc00000 f15=0x7fc00000
     384165.000 ns	     38415	80007e1c	a02f9553	flt.s	x10,f31,f2	 f31:0x00000000  f2:0x7fc00000 x10=0x00000000
     384195.000 ns	     38418	80007e20	e00b1d53	fclass.s	x26,f22	 f22:0x470b0422 x26=0x00000040
     384225.000 ns	     38421	80007e24	02fbb7b3	mulhu	x15,x23,x15	 x23:0x00000000 x15:0xffffffff x15=0x00000000
     384255.000 ns	     38424	80007e28	d00e7353	fcvt.s.w	f6,x28	 x28:0x00000000  f6=0x00000000
     384285.000 ns	     38427	80007e2c	a0498053	fle.s	x0,f19,f4	 f19:0x4f449940  f4:0x00000001
     385465.000 ns	     38545	80007e30	580b3753	fsqrt.s	f14,f22	 f22:0x470b0422 f14=0x42c4989e
     385485.000 ns	     38547	80007e34	4b134a93	xori	x21,x6,1201	  x6:0x00000001 x21=0x000004b0
     385505.000 ns	     38549	80007e38	a0b19cd3	flt.s	x25,f3,f11	  f3:0x4f449940 f11:0x4f449940 x25=0x00000000
     385535.000 ns	     38552	80007e3c	213f9253	fsgnjn.s	f4,f31,f19	 f31:0x00000000 f19:0x4f449940  f4=0x80000000
     385555.000 ns	     38554	80007e40	5a15eb93	ori	x23,x11,1441	 x11:0x00000040 x23=0x000005e1
     385915.000 ns	     38590	80007e44	033ffeb3	remu	x29,x31,x19	 x31:0x00000010 x19:0x80041024 x29=0x00000010
     385955.000 ns	     38594	80007e48	10abfc53	fmul.s	f24,f23,f10	 f23:0x4f449940 f10:0x5ec49419 f24=0x6e96f711
     385985.000 ns	     38597	80007e4c	20651e53	fsgnjn.s	f28,f10,f6	 f10:0x5ec49419  f6:0x00000000 f28=0xdec49419
     386355.000 ns	     38634	80007e50	0386d433	divu	x8,x13,x24	 x13:0x00000000 x24:0xc491c000  x8=0x00000000
     386375.000 ns	     38636	80007e54	349c8293	addi	x5,x25,841	 x25:0x00000000  x5=0x00000349
     386395.000 ns	     38638	80007e58	28b30453	fmin.s	f8,f6,f11	  f6:0x00000000 f11:0x4f449940  f8=0x00000000
     386425.000 ns	     38641	80007e5c	e0078953	fmv.x.w	x18,f15	 f15:0x7fc00000 x18=0x7fc00000
     386475.000 ns	     38646	80007e60	005606d3	fadd.s	f13,f12,f5	 f12:0x42c4989e  f5:0x7fc00000 f13=0x7fc00000
     386495.000 ns	     38648	80007e64	d8883a13	sltiu	x20,x16,-632	 x16:0x80040fe4 x20=0x00000001
     386515.000 ns	     38650	80007e68	e0029fd3	fclass.s	x31,f5	  f5:0x7fc00000 x31=0x00000200
     386885.000 ns	     38687	80007e6c	0304f8b3	remu	x17,x9,x16	  x9:0x00000000 x16:0x80040fe4 x17=0x00000000
     386915.000 ns	     38690	80007e70	a1221fd3	flt.s	x31,f4,f18	  f4:0x80000000 f18:0x00000001 x31=0x00000001
     386945.000 ns	     38693	80007e74	e0080b53	fmv.x.w	x22,f16	 f16:0xc491c000 x22=0xc491c000
     386965.000 ns	     38695	80007e78	cd7c3713	sltiu	x14,x24,-809	 x24:0xc491c000 x14=0x00000001
     386975.000 ns	     38696	80007e7c	008e8f33	add	x30,x29,x8	 x29:0x00000010  x8:0x00000000 x30=0x00000010
     386995.000 ns	     38698	80007e80	a0e023d3	feq.s	x7,f0,f14	  f0:0x00000000 f14:0x42c4989e  x7=0x00000000
     387015.000 ns	     38700	80007e84	017160b3	or	x1,x2,x23	  x2:0x3acc5000 x23:0x000005e1  x1=0x3acc55e1
     387035.000 ns	     38702	80007e88	e0050b53	fmv.x.w	x22,f10	 f10:0x5ec49419 x22=0x5ec49419
     387065.000 ns	     38705	80007e8c	c0017ad3	fcvt.w.s	x21,f2	  f2:0x7fc00000 x21=0x7fffffff
     387085.000 ns	     38707	80007e90	c13bc693	xori	x13,x23,-1005	 x23:0x000005e1 x13=0xfffff9f2
     387105.000 ns	     38709	80007e94	29190053	fmin.s	f0,f18,f17	 f18:0x00000001 f17:0x7fc00000  f0=0x00000001
     387135.000 ns	     38712	80007e98	c0188553	fcvt.wu.s	x10,f17	 f17:0x7fc00000 x10=0xffffffff
     387155.000 ns	     38714	80007e9c	ce9f3d97	auipc	x27,0xce9f3	 x27=0x4e9fae9c
     387175.000 ns	     38716	80007ea0	f00d0d53	fmv.w.x	f26,x26	 x26:0x00000040 f26=0x00000040
     387195.000 ns	     38718	80007ea4	c299b513	sltiu	x10,x19,-983	 x19:0x80041024 x10=0x00000001
     387215.000 ns	     38720	80007ea8	a1271ed3	flt.s	x29,f14,f18	 f14:0x42c4989e f18:0x00000001 x29=0x00000000
     387235.000 ns	     38722	80007eac	01d252b3	srl	x5,x4,x29	  x4:0x00000000 x29:0x00000010  x5=0x00000000
     387245.000 ns	     38723	80007eb0	414c5133	sra	x2,x24,x20	 x24:0xc491c000 x20:0x00000001  x2=0xe248e000
     387265.000 ns	     38725	80007eb4	29c71dd3	fmax.s	f27,f14,f28	 f14:0x42c4989e f28:0xdec49419 f27=0x42c4989e
     387315.000 ns	     38730	80007eb8	00879d53	fadd.s	f26,f15,f8	 f15:0x7fc00000  f8:0x00000000 f26=0x7fc00000
     387335.000 ns	     38732	80007ebc	404e0b33	sub	x22,x28,x4	 x28:0x00000000  x4:0x00000000 x22=0x00000000
     387345.000 ns	     38733	80007ec0	013133b3	sltu	x7,x2,x19	  x2:0xe248e000 x19:0x80041024  x7=0x00000000
     387355.000 ns	     38734	80007ec4	44bdc793	xori	x15,x27,1099	 x27:0x4e9fae9c x15=0x4e9faad7
     387715.000 ns	     38770	80007ec8	02f3f533	remu	x10,x7,x15	  x7:0x00000000 x15:0x00000000 x10=0x00000000
     387735.000 ns	     38772	80007ecc	00fc47b3	xor	x15,x24,x15	 x24:0xc491c000 x15:0x00000000 x15=0x8a0e6ad7
     387745.000 ns	     38773	80007ed0	018ebdb3	sltu	x27,x29,x24	 x29:0x00000000 x24:0xc491c000 x27=0x00000001
     387765.000 ns	     38775	80007ed4	d01f1653	fcvt.s.wu	f12,x30	 x30:0x00000010 f12=0x41800000
     387785.000 ns	     38777	80007ed8	01fd4a33	xor	x20,x26,x31	 x26:0x00000040 x31:0x00000001 x20=0x00000041
     387805.000 ns	     38779	80007edc	29d988d3	fmin.s	f17,f19,f29	 f19:0x4f449940 f29:0x00000000 f17=0x00000000
     387835.000 ns	     38782	80007ee0	e0040053	fmv.x.w	x0,f8	  f8:0x00000000
     387855.000 ns	     38784	80007ee4	a79c0b13	addi	x22,x24,-1415	 x24:0xc491c000 x22=0xc491ba79
     387875.000 ns	     38786	80007ee8	208484d3	fsgnj.s	f9,f9,f8	  f9:0x470b0422  f8:0x00000000  f9=0x470b0422
     387905.000 ns	     38789	80007eec	e00797d3	fclass.s	x15,f15	 f15:0x7fc00000 x15=0x00000200
     387935.000 ns	     38792	80007ef0	21b88953	fsgnj.s	f18,f17,f27	 f17:0x00000000 f27:0x42c4989e f18=0x00000000
     387965.000 ns	     38795	80007ef4	f00a8553	fmv.w.x	f10,x21	 x21:0x7fffffff f10=0x7fffffff
     387995.000 ns	     38798	80007ef8	c001cbd3	fcvt.w.s	x23,f3	  f3:0x4f449940 x23=0x7fffffff
     388015.000 ns	     38800	80007efc	547abe93	sltiu	x29,x21,1351	 x21:0x7fffffff x29=0x00000000
     388035.000 ns	     38802	80007f00	d010f753	fcvt.s.wu	f14,x1	  x1:0x3acc55e1 f14=0x4e6b3157
     388065.000 ns	     38805	80007f04	c016ff53	fcvt.wu.s	x30,f13	 f13:0x7fc00000 x30=0xffffffff
     388085.000 ns	     38807	80007f08	00780eb3	add	x29,x16,x7	 x16:0x80040fe4  x7:0x00000000 x29=0x80040fe4
     388445.000 ns	     38843	80007f0c	0337eb33	rem	x22,x15,x19	 x15:0x00000200 x19:0x80041024 x22=0x00000200
     388475.000 ns	     38846	80007f10	03c1d4b3	divu	x9,x3,x28	  x3:0xc4994000 x28:0x00000000  x9=0xffffffff
     388505.000 ns	     38849	80007f14	c00cfb53	fcvt.w.s	x22,f25	 f25:0x4f449940 x22=0x7fffffff
     388525.000 ns	     38851	80007f18	00504ab3	xor	x21,x0,x5	  x0:0x00000000  x5:0x00000000 x21=0x00000000
     388535.000 ns	     38852	80007f1c	cded0f13	addi	x30,x26,-802	 x26:0x00000040 x30=0xfffffd1e
     388575.000 ns	     38856	80007f20	08ff1fd3	fsub.s	f31,f30,f15	 f30:0x3f800000 f15:0x7fc00000 f31=0x7fc00000
     388605.000 ns	     38859	80007f24	208b21d3	fsgnjx.s	f3,f22,f8	 f22:0x470b0422  f8:0x00000000  f3=0x470b0422
     388625.000 ns	     38861	80007f28	13183b13	sltiu	x22,x16,305	 x16:0x80040fe4 x22=0x00000000
     388635.000 ns	     38862	80007f2c	008dbb33	sltu	x22,x27,x8	 x27:0x00000001  x8:0x00000000 x22=0x00000000
     388645.000 ns	     38863	80007f30	dd650793	addi	x15,x10,-554	 x10:0x00000000 x15=0xfffffdd6
     388655.000 ns	     38864	80007f34	c2434897	auipc	x17,0xc2434	 x17=0x4243bf34
     388665.000 ns	     38865	80007f38	41e3d713	srai	x14,x7,0x1e	  x7:0x00000000 x14=0x00000000
     388675.000 ns	     38866	80007f3c	e8ce2313	slti	x6,x28,-372	 x28:0x00000000  x6=0x00000000
     388685.000 ns	     38867	80007f40	00c70eb3	add	x29,x14,x12	 x14:0x00000001 x12:0x80040fe4 x29=0x80040fe4
     388705.000 ns	     38869	80007f44	0370b633	mulhu	x12,x1,x23	  x1:0x3acc55e1 x23:0x7fffffff x12=0x1d662af0
     389075.000 ns	     38906	80007f48	03ed7db3	remu	x27,x26,x30	 x26:0x00000040 x30:0xfffffd1e x27=0x00000040
     389095.000 ns	     38908	80007f4c	07ec3793	sltiu	x15,x24,126	 x24:0xc491c000 x15=0x00000000
     389115.000 ns	     38910	80007f50	29cd0b53	fmin.s	f22,f26,f28	 f26:0x7fc00000 f28:0xdec49419 f22=0xdec49419
     389155.000 ns	     38914	80007f54	10c178d3	fmul.s	f17,f2,f12	  f2:0x7fc00000 f12:0x41800000 f17=0x7fc00000
     389175.000 ns	     38916	80007f58	8e87c193	xori	x3,x15,-1816	 x15:0x00000000  x3=0xfffff8e8
     389185.000 ns	     38917	80007f5c	00d307b3	add	x15,x6,x13	  x6:0x00000000 x13:0xfffff9f2 x15=0xfffff9f2
     389205.000 ns	     38919	80007f60	d01d2c53	fcvt.s.wu	f24,x26	 x26:0x00000040 f24=0x42800000
     389225.000 ns	     38921	80007f64	01498db3	add	x27,x19,x20	 x19:0x80041024 x20:0x00000041 x27=0x80041065
     389245.000 ns	     38923	80007f68	21562b53	fsgnjx.s	f22,f12,f21	 f12:0x41800000 f21:0x3f800000 f22=0x41800000
     389275.000 ns	     38926	80007f6c	e00496d3	fclass.s	x13,f9	  f9:0x470b0422 x13=0x00000040
     389295.000 ns	     38928	80007f70	0115a4b3	slt	x9,x11,x17	 x11:0x00000040 x17:0x4243bf34  x9=0x00000001
     389305.000 ns	     38929	80007f74	9c413513	sltiu	x10,x2,-1596	  x2:0xe248e000 x10=0x00000001
     389315.000 ns	     38930	80007f78	e782e017	auipc	x0,0xe782e	
     389335.000 ns	     38932	80007f7c	a1979653	flt.s	x12,f15,f25	 f15:0x7fc00000 f25:0x4f449940 x12=0x00000000
     389705.000 ns	     38969	80007f80	02a770b3	remu	x1,x14,x10	 x14:0x00000000 x10:0x00000001  x1=0x00000000
     390075.000 ns	     39006	80007f84	02d35633	divu	x12,x6,x13	  x6:0x00000000 x13:0x00000040 x12=0x00000000
     390105.000 ns	     39009	80007f88	03fb1c33	mulh	x24,x22,x31	 x22:0x00000000 x31:0x00000001 x24=0x00000000
     390125.000 ns	     39011	80007f8c	02788117	auipc	x2,0x2788	  x2=0x8278ff8c
     390165.000 ns	     39015	80007f90	00c17c53	fadd.s	f24,f2,f12	  f2:0x7fc00000 f12:0x41800000 f24=0x7fc00000
     390195.000 ns	     39018	80007f94	030200b3	mul	x1,x4,x16	  x4:0x00000000 x16:0x80040fe4  x1=0x00000000
     390215.000 ns	     39020	80007f98	b51d3c13	sltiu	x24,x26,-1199	 x26:0x00000040 x24=0x00000001
     391385.000 ns	     39137	80007f9c	58049ed3	fsqrt.s	f29,f9	  f9:0x470b0422 f29=0x42c4989e
     391415.000 ns	     39140	80007fa0	a18418d3	flt.s	x17,f8,f24	  f8:0x00000000 f24:0x7fc00000 x17=0x00000000
     391435.000 ns	     39142	80007fa4	407cd513	srai	x10,x25,0x7	 x25:0x00000000 x10=0x00000000
     391455.000 ns	     39144	80007fa8	a17d96d3	flt.s	x13,f27,f23	 f27:0x42c4989e f23:0x4f449940 x13=0x00000001
     391475.000 ns	     39146	80007fac	011ecbb3	xor	x23,x29,x17	 x29:0x80040fe4 x17:0x00000000 x23=0x80040fe4
     391485.000 ns	     39147	80007fb0	7756f713	andi	x14,x13,1909	 x13:0x00000001 x14=0x00000001
     391495.000 ns	     39148	80007fb4	01ff5593	srli	x11,x30,0x1f	 x30:0xfffffd1e x11=0x00000001
     391515.000 ns	     39150	80007fb8	f00d8cd3	fmv.w.x	f25,x27	 x27:0x80041065 f25=0x80041065
     391535.000 ns	     39152	80007fbc	418853b3	sra	x7,x16,x24	 x16:0x80040fe4 x24:0x00000001  x7=0xc00207f2
     391575.000 ns	     39156	80007fc0	014afe53	fadd.s	f28,f21,f20	 f21:0x3f800000 f20:0x7fc00000 f28=0x7fc00000
     391605.000 ns	     39159	80007fc4	d001f7d3	fcvt.s.w	f15,x3	  x3:0xfffff8e8 f15=0xc4e30000
     391625.000 ns	     39161	80007fc8	0147dcb3	srl	x25,x15,x20	 x15:0xfffff9f2 x20:0x00000041 x25=0x7ffffcf9
     391635.000 ns	     39162	80007fcc	012db7b3	sltu	x15,x27,x18	 x27:0x80041065 x18:0x7fc00000 x15=0x00000000
     391645.000 ns	     39163	80007fd0	5a312617	auipc	x12,0x5a312	 x12=0xda319fd0
     391665.000 ns	     39165	80007fd4	02723f33	mulhu	x30,x4,x7	  x4:0x00000000  x7:0xc00207f2 x30=0x00000000
     391695.000 ns	     39168	80007fd8	03221633	mulh	x12,x4,x18	  x4:0x00000000 x18:0x7fc00000 x12=0x00000000
     391735.000 ns	     39172	80007fdc	11e672d3	fmul.s	f5,f12,f30	 f12:0x41800000 f30:0x3f800000  f5=0x41800000
     391765.000 ns	     39175	80007fe0	203f91d3	fsgnjn.s	f3,f31,f3	 f31:0x7fc00000  f3:0x470b0422  f3=0xffc00000
     391785.000 ns	     39177	80007fe4	00815733	srl	x14,x2,x8	  x2:0x8278ff8c  x8:0x00000000 x14=0x8278ff8c
     391795.000 ns	     39178	80007fe8	40ccdd93	srai	x27,x25,0xc	 x25:0x7ffffcf9 x27=0x0007ffff
     392155.000 ns	     39214	80007fec	02e5f933	remu	x18,x11,x14	 x11:0x00000001 x14:0x00000001 x18=0x00000001
     392175.000 ns	     39216	80007ff0	e2d77c13	andi	x24,x14,-467	 x14:0x8278ff8c x24=0x8278fe0c
     392185.000 ns	     39217	80007ff4	00000013	addi	x0,x0,0	  x0:0x00000000
     392195.000 ns	     39218	80007ff8	0022ca33	xor	x20,x5,x2	  x5:0x00000000  x2:0x8278ff8c x20=0x8278ff8c
     392205.000 ns	     39219	80007ffc	0025bb33	sltu	x22,x11,x2	 x11:0x00000001  x2:0x8278ff8c x22=0x00000001
     392565.000 ns	     39255	80008000	0223e2b3	rem	x5,x7,x2	  x7:0xc00207f2  x2:0x8278ff8c  x5=0xc00207f2
     392585.000 ns	     39257	80008004	00b4b1b3	sltu	x3,x9,x11	  x9:0x00000001 x11:0x00000001  x3=0x00000000
     392615.000 ns	     39260	80008008	190e0cd3	fdiv.s	f25,f28,f16	 f28:0x7fc00000 f16:0xc491c000 f25=0x7fc00000
     392645.000 ns	     39263	8000800c	f0028ad3	fmv.w.x	f21,x5	  x5:0xc00207f2 f21=0xc00207f2
     392675.000 ns	     39266	80008010	a183ae53	feq.s	x28,f7,f24	  f7:0x8000002c f24:0x7fc00000 x28=0x00000000
     392705.000 ns	     39269	80008014	a1d99bd3	flt.s	x23,f19,f29	 f19:0x4f449940 f29:0x42c4989e x23=0x00000000
     392725.000 ns	     39271	80008018	008064b3	or	x9,x0,x8	  x0:0x00000000  x8:0x00000000  x9=0x00000000
     392745.000 ns	     39273	8000801c	a176afd3	feq.s	x31,f13,f23	 f13:0x7fc00000 f23:0x4f449940 x31=0x00000000
     392765.000 ns	     39275	80008020	002d2333	slt	x6,x26,x2	 x26:0x00000040  x2:0x8278ff8c  x6=0x00000000
     392775.000 ns	     39276	80008024	00989db3	sll	x27,x17,x9	 x17:0x00000000  x9:0x00000000 x27=0x00000000
     392795.000 ns	     39278	80008028	03cbdab3	divu	x21,x23,x28	 x23:0x00000000 x28:0x00000000 x21=0xffffffff
     392815.000 ns	     39280	8000802c	01f0fcb3	and	x25,x1,x31	  x1:0x00000000 x31:0x00000000 x25=0x00000000
     392825.000 ns	     39281	80008030	014df733	and	x14,x27,x20	 x27:0x00000000 x20:0x8278ff8c x14=0x00000000
     392835.000 ns	     39282	80008034	6b87a513	slti	x10,x15,1720	 x15:0x00000000 x10=0x00000001
     392855.000 ns	     39284	80008038	c0089dd3	fcvt.w.s	x27,f17	 f17:0x7fc00000 x27=0x7fffffff
     392885.000 ns	     39287	8000803c	d0177353	fcvt.s.wu	f6,x14	 x14:0x00000000  f6=0x00000000
     392905.000 ns	     39289	80008040	017c8133	add	x2,x25,x23	 x25:0x00000000 x23:0x00000000  x2=0x00000000
     392925.000 ns	     39291	80008044	c00c2e53	fcvt.w.s	x28,f24	 f24:0x7fc00000 x28=0x7fffffff
     392955.000 ns	     39294	80008048	204e8f53	fsgnj.s	f30,f29,f4	 f29:0x42c4989e  f4:0x80000000 f30=0xc2c4989e
     392985.000 ns	     39297	8000804c	d001afd3	fcvt.s.w	f31,x3	  x3:0x00000000 f31=0x00000000
     393005.000 ns	     39299	80008050	4087d093	srai	x1,x15,0x8	 x15:0x00000000  x1=0x00000000
     393015.000 ns	     39300	80008054	32fcd4b7	lui	x9,0x32fcd	  x9=0x32fcd000
     393025.000 ns	     39301	80008058	01f7a8b3	slt	x17,x15,x31	 x15:0x00000000 x31:0x00000000 x17=0x00000000
     393035.000 ns	     39302	8000805c	59ee6293	ori	x5,x28,1438	 x28:0x7fffffff  x5=0x7fffffff
     393045.000 ns	     39303	80008060	49078c13	addi	x24,x15,1168	 x15:0x00000000 x24=0x00000490
     394215.000 ns	     39420	80008064	58029ed3	fsqrt.s	f29,f5	  f5:0x41800000 f29=0x407fffae
     394235.000 ns	     39422	80008068	01490633	add	x12,x18,x20	 x18:0x00000001 x20:0x8278ff8c x12=0x8278ff8d
     394595.000 ns	     39458	8000806c	03b34db3	div	x27,x6,x27	  x6:0x00000000 x27:0x7fffffff x27=0x00000000
     394615.000 ns	     39460	80008070	00000013	addi	x0,x0,0	  x0:0x00000000
     394635.000 ns	     39462	80008074	02e077b3	remu	x15,x0,x14	  x0:0x00000000 x14:0x00000000 x15=0x00000000
     394655.000 ns	     39464	80008078	df4d3e93	sltiu	x29,x26,-524	 x26:0x00000040 x29=0x00000001
     394675.000 ns	     39466	8000807c	21fdaf53	fsgnjx.s	f30,f27,f31	 f27:0x42c4989e f31:0x00000000 f30=0x42c4989e
     394725.000 ns	     39471	80008080	095e7a53	fsub.s	f20,f28,f21	 f28:0x7fc00000 f21:0xc00207f2 f20=0x7fc00000
     394755.000 ns	     39474	80008084	0379f733	remu	x14,x19,x23	 x19:0x80041024 x23:0x00000000 x14=0x80041024
     394795.000 ns	     39478	80008088	188ea9d3	fdiv.s	f19,f29,f8	 f29:0x407fffae  f8:0x00000000 f19=0x7f800000
     394815.000 ns	     39480	8000808c	00c41793	slli	x15,x8,0xc	  x8:0x00000000 x15=0x00000000
     394825.000 ns	     39481	80008090	00000013	addi	x0,x0,0	  x0:0x00000000
     394835.000 ns	     39482	80008094	013e2d33	slt	x26,x28,x19	 x28:0x7fffffff x19:0x80041024 x26=0x00000000
     394845.000 ns	     39483	80008098	40da8eb3	sub	x29,x21,x13	 x21:0xffffffff x13:0x00000001 x29=0xfffffffe
     394855.000 ns	     39484	8000809c	dc137497	auipc	x9,0xdc137	  x9=0x5c13f09c
     394885.000 ns	     39487	800080a0	181bbc53	fdiv.s	f24,f23,f1	 f23:0x4f449940  f1:0x7fc00000 f24=0x7fc00000
     395255.000 ns	     39524	800080a4	02b26db3	rem	x27,x4,x11	  x4:0x00000000 x11:0x00000001 x27=0x00000000
     395285.000 ns	     39527	800080a8	a09901d3	fle.s	x3,f18,f9	 f18:0x00000000  f9:0x470b0422  x3=0x00000001
     395305.000 ns	     39529	800080ac	002b96b3	sll	x13,x23,x2	 x23:0x00000000  x2:0x00000000 x13=0x00000000
     395315.000 ns	     39530	800080b0	01c31333	sll	x6,x6,x28	  x6:0x00000000 x28:0x7fffffff  x6=0x00000000
     395335.000 ns	     39532	800080b4	a08f2753	feq.s	x14,f30,f8	 f30:0x42c4989e  f8:0x00000000 x14=0x00000000
     395365.000 ns	     39535	800080b8	d0111bd3	fcvt.s.wu	f23,x2	  x2:0x00000000 f23=0x00000000
     395395.000 ns	     39538	800080bc	a1f72e53	feq.s	x28,f14,f31	 f14:0x4e6b3157 f31:0x00000000 x28=0x00000000
     395415.000 ns	     39540	800080c0	40b65333	sra	x6,x12,x11	 x12:0x8278ff8d x11:0x00000001  x6=0xc13c7fc6
     395425.000 ns	     39541	800080c4	013997b3	sll	x15,x19,x19	 x19:0x80041024 x19:0x80041024 x15=0x00410240
     395435.000 ns	     39542	800080c8	5fa73313	sltiu	x6,x14,1530	 x14:0x00000000  x6=0x00000001
     395445.000 ns	     39543	800080cc	0066ed33	or	x26,x13,x6	 x13:0x00000000  x6:0xc13c7fc6 x26=0x00000001
     395465.000 ns	     39545	800080d0	0360ae33	mulhsu	x28,x1,x22	  x1:0x00000000 x22:0x00000001 x28=0x00000000
     395485.000 ns	     39547	800080d4	411507b3	sub	x15,x10,x17	 x10:0x00000001 x17:0x00000000 x15=0x00000001
     395505.000 ns	     39549	800080d8	e00918d3	fclass.s	x17,f18	 f18:0x00000000 x17=0x00000010
     395535.000 ns	     39552	800080dc	f00f0a53	fmv.w.x	f20,x30	 x30:0x00000000 f20=0x00000000
     395565.000 ns	     39555	800080e0	200a1bd3	fsgnjn.s	f23,f20,f0	 f20:0x7fc00000  f0:0x00000001 f23=0x80000000
     395595.000 ns	     39558	800080e4	e00e0d53	fmv.x.w	x26,f28	 f28:0x7fc00000 x26=0x7fc00000
     395615.000 ns	     39560	800080e8	a9abed13	ori	x26,x23,-1382	 x23:0x00000000 x26=0xfffffa9a
     395635.000 ns	     39562	800080ec	f00b05d3	fmv.w.x	f11,x22	 x22:0x00000001 f11=0x00000001
     395655.000 ns	     39564	800080f0	17911c97	auipc	x25,0x17911	 x25=0x979190f0
     395675.000 ns	     39566	800080f4	03c61e33	mulh	x28,x12,x28	 x12:0x8278ff8d x28:0x00000000 x28=0x00000000
     395695.000 ns	     39568	800080f8	cb68a893	slti	x17,x17,-842	 x17:0x00000010 x17=0x00000000
     395705.000 ns	     39569	800080fc	fb0e2013	slti	x0,x28,-80	 x28:0x00000000
     395715.000 ns	     39570	80008100	5f984013	xori	x0,x16,1529	 x16:0x80040fe4
     395735.000 ns	     39572	80008104	03a6bfb3	mulhu	x31,x13,x26	 x13:0x00000000 x26:0xfffffa9a x31=0x00000000
     395755.000 ns	     39574	80008108	01bbf4b3	and	x9,x23,x27	 x23:0x00000000 x27:0x00000000  x9=0x00000000
     395765.000 ns	     39575	8000810c	8709aa13	slti	x20,x19,-1936	 x19:0x80041024 x20=0x00000001
     396125.000 ns	     39611	80008110	038bde33	divu	x28,x23,x24	 x23:0x00000000 x24:0x00000490 x28=0x00000000
     396155.000 ns	     39614	80008114	e00500d3	fmv.x.w	x1,f10	 f10:0x7fffffff  x1=0x7fffffff
     396185.000 ns	     39617	80008118	03e3cdb3	div	x27,x7,x30	  x7:0xc00207f2 x30:0x00000000 x27=0xffffffff
     396235.000 ns	     39622	8000811c	01faf8d3	fadd.s	f17,f21,f31	 f21:0xc00207f2 f31:0x00000000 f17=0xc00207f2
     396265.000 ns	     39625	80008120	c0199ad3	fcvt.wu.s	x21,f19	 f19:0x7f800000 x21=0xffffffff
     396285.000 ns	     39627	80008124	005a4033	xor	x0,x20,x5	 x20:0x00000001  x5:0x7fffffff
     396305.000 ns	     39629	80008128	21908c53	fsgnj.s	f24,f1,f25	  f1:0x7fc00000 f25:0x7fc00000 f24=0x7fc00000
     396335.000 ns	     39632	8000812c	a05ba6d3	feq.s	x13,f23,f5	 f23:0x80000000  f5:0x41800000 x13=0x00000000
     396375.000 ns	     39636	80008130	101bfa53	fmul.s	f20,f23,f1	 f23:0x80000000  f1:0x7fc00000 f20=0x7fc00000
     396395.000 ns	     39638	80008134	e3bee417	auipc	x8,0xe3bee	  x8=0x63bf6134
     396405.000 ns	     39639	80008138	00876533	or	x10,x14,x8	 x14:0x00000000  x8:0x00000000 x10=0x63bf6134
     396415.000 ns	     39640	8000813c	41135cb3	sra	x25,x6,x17	  x6:0x00000001 x17:0x00000000 x25=0x00000001
     396775.000 ns	     39676	80008140	0323d433	divu	x8,x7,x18	  x7:0xc00207f2 x18:0x00000001  x8=0xc00207f2
     396795.000 ns	     39678	80008144	012825b3	slt	x11,x16,x18	 x16:0x80040fe4 x18:0x00000001 x11=0x00000001
     396825.000 ns	     39681	80008148	580a2353	fsqrt.s	f6,f20	 f20:0x7fc00000  f6=0x7fc00000
     396845.000 ns	     39683	8000814c	018fc0b3	xor	x1,x31,x24	 x31:0x00000000 x24:0x00000490  x1=0x00000490
     396855.000 ns	     39684	80008150	00185333	srl	x6,x16,x1	 x16:0x80040fe4  x1:0x7fffffff  x6=0x00008004
     396865.000 ns	     39685	80008154	00cffeb3	and	x29,x31,x12	 x31:0x00000000 x12:0x8278ff8d x29=0x00000000
     396875.000 ns	     39686	80008158	9a546113	ori	x2,x8,-1627	  x8:0xc00207f2  x2=0xfffffff7
     396885.000 ns	     39687	8000815c	01e62ab3	slt	x21,x12,x30	 x12:0x8278ff8d x30:0x00000000 x21=0x00000001
     396925.000 ns	     39691	80008160	09cbc7d3	fsub.s	f15,f23,f28	 f23:0x80000000 f28:0x7fc00000 f15=0x7fc00000
     396955.000 ns	     39694	80008164	e0080dd3	fmv.x.w	x27,f16	 f16:0xc491c000 x27=0xc491c000
     396995.000 ns	     39698	80008168	19428353	fdiv.s	f6,f5,f20	  f5:0x41800000 f20:0x7fc00000  f6=0x7fc00000
     397015.000 ns	     39700	8000816c	00d2a2b3	slt	x5,x5,x13	  x5:0x7fffffff x13:0x00000000  x5=0x00000000
     397025.000 ns	     39701	80008170	019a1b13	slli	x22,x20,0x19	 x20:0x00000001 x22=0x02000000
     397035.000 ns	     39702	80008174	003dc433	xor	x8,x27,x3	 x27:0xc491c000  x3:0x00000001  x8=0xc491c001
     397055.000 ns	     39704	80008178	2041a9d3	fsgnjx.s	f19,f3,f4	  f3:0xffc00000  f4:0x80000000 f19=0x7fc00000
     397075.000 ns	     39706	8000817c	01cd8c33	add	x24,x27,x28	 x27:0xc491c000 x28:0x00000000 x24=0xc491c000
     397085.000 ns	     39707	80008180	016e9f13	slli	x30,x29,0x16	 x29:0x00000000 x30=0x00000000
     397095.000 ns	     39708	80008184	01d9ecb3	or	x25,x19,x29	 x19:0x80041024 x29:0x00000000 x25=0x80041024
     397105.000 ns	     39709	80008188	0171d733	srl	x14,x3,x23	  x3:0x00000001 x23:0x00000000 x14=0x00000001
     397115.000 ns	     39710	8000818c	f46cc113	xori	x2,x25,-186	 x25:0x00000001  x2=0x7ffbef62
     397125.000 ns	     39711	80008190	0053d313	srli	x6,x7,0x5	  x7:0xc00207f2  x6=0x0600103f
     397135.000 ns	     39712	80008194	01ffe2b3	or	x5,x31,x31	 x31:0x00000000 x31:0x00000000  x5=0x00000000
     397155.000 ns	     39714	80008198	03b234b3	mulhu	x9,x4,x27	  x4:0x00000000 x27:0xc491c000  x9=0x00000000
     397185.000 ns	     39717	8000819c	a0f72053	feq.s	x0,f14,f15	 f14:0x4e6b3157 f15:0x7fc00000
     397215.000 ns	     39720	800081a0	20ec1753	fsgnjn.s	f14,f24,f14	 f24:0x7fc00000 f14:0x4e6b3157 f14=0xffc00000
     397235.000 ns	     39722	800081a4	00df0db3	add	x27,x30,x13	 x30:0x00000000 x13:0x00000000 x27=0x00000000
     397255.000 ns	     39724	800081a8	29609ad3	fmax.s	f21,f1,f22	  f1:0x7fc00000 f22:0x41800000 f21=0x41800000
     397275.000 ns	     39726	800081ac	1a0f1a17	auipc	x20,0x1a0f1	 x20=0x9a0f91ac
     398445.000 ns	     39843	800081b0	580afc53	fsqrt.s	f24,f21	 f21:0x41800000 f24=0x407fffae
     398465.000 ns	     39845	800081b4	01e45d93	srli	x27,x8,0x1e	  x8:0xc491c001 x27=0x00000003
     398475.000 ns	     39846	800081b8	b4098a93	addi	x21,x19,-1216	 x19:0x80041024 x21=0x80040b64
     398505.000 ns	     39849	800081bc	580ffbd3	fsqrt.s	f23,f31	 f31:0x00000000 f23=0x00000000
     398535.000 ns	     39852	800081c0	c011f653	fcvt.wu.s	x12,f3	  f3:0xffc00000 x12=0xffffffff
     398565.000 ns	     39855	800081c4	03610033	mul	x0,x2,x22	  x2:0x7ffbef62 x22:0x02000000
     398585.000 ns	     39857	800081c8	00cd28b3	slt	x17,x26,x12	 x26:0xfffffa9a x12:0xffffffff x17=0x00000001
     398595.000 ns	     39858	800081cc	00a45433	srl	x8,x8,x10	  x8:0xc491c001 x10:0x63bf6134  x8=0x00000c49
     398615.000 ns	     39860	800081d0	a0db0653	fle.s	x12,f22,f13	 f22:0x41800000 f13:0x7fc00000 x12=0x00000000
     398645.000 ns	     39863	800081d4	e00d05d3	fmv.x.w	x11,f26	 f26:0x7fc00000 x11=0x7fc00000
     398665.000 ns	     39865	800081d8	00000013	addi	x0,x0,0	  x0:0x00000000
     398685.000 ns	     39867	800081dc	02a7bb33	mulhu	x22,x15,x10	 x15:0x00000001 x10:0x63bf6134 x22=0x00000000
     398715.000 ns	     39870	800081e0	e00b9e53	fclass.s	x28,f23	 f23:0x00000000 x28=0x00000010
     399645.000 ns	     39963	800081e4	580638d3	fsqrt.s	f17,f12	 f12:0x41800000 f17=0x407fffae
     399665.000 ns	     39965	800081e8	011ae033	or	x0,x21,x17	 x21:0x80040b64 x17:0x00000001
     399685.000 ns	     39967	800081ec	a0f2a053	feq.s	x0,f5,f15	  f5:0x41800000 f15:0x7fc00000
     399735.000 ns	     39972	800081f0	09c2c153	fsub.s	f2,f5,f28	  f5:0x41800000 f28:0x7fc00000  f2=0x7fc00000
     399765.000 ns	     39975	800081f4	29f98053	fmin.s	f0,f19,f31	 f19:0x7fc00000 f31:0x00000000  f0=0x00000000
     399815.000 ns	     39980	800081f8	01c77353	fadd.s	f6,f14,f28	 f14:0xffc00000 f28:0x7fc00000  f6=0x7fc00000
     399845.000 ns	     39983	800081fc	295d0753	fmin.s	f14,f26,f21	 f26:0x7fc00000 f21:0x41800000 f14=0x41800000
     400215.000 ns	     40020	80008200	023ec4b3	div	x9,x29,x3	 x29:0x00000000  x3:0x00000001  x9=0x00000000
     400255.000 ns	     40024	80008204	11f5a3d3	fmul.s	f7,f11,f31	 f11:0x00000001 f31:0x00000000  f7=0x00000000
     400285.000 ns	     40027	80008208	02947733	remu	x14,x8,x9	  x8:0x00000c49  x9:0x00000000 x14=0x00000c49
     400325.000 ns	     40031	8000820c	188d3e53	fdiv.s	f28,f26,f8	 f26:0x7fc00000  f8:0x00000000 f28=0x7fc00000
     400345.000 ns	     40033	80008210	010cf133	and	x2,x25,x16	 x25:0x80041024 x16:0x80040fe4  x2=0x80040024
     400365.000 ns	     40035	80008214	03932933	mulhsu	x18,x6,x25	  x6:0x0600103f x25:0x80041024 x18=0x03002080
     400385.000 ns	     40037	80008218	006e46b3	xor	x13,x28,x6	 x28:0x00000010  x6:0x0600103f x13=0x0600102f
     400395.000 ns	     40038	8000821c	bf34cf13	xori	x30,x9,-1037	  x9:0x00000000 x30=0xfffffbf3
     400755.000 ns	     40074	80008220	0346e133	rem	x2,x13,x20	 x13:0x00000000 x20:0x9a0f91ac  x2=0x0600102f
     400775.000 ns	     40076	80008224	007ddeb3	srl	x29,x27,x7	 x27:0x00000003  x7:0xc00207f2 x29=0x00000000
     400805.000 ns	     40079	80008228	1990cc53	fdiv.s	f24,f1,f25	  f1:0x7fc00000 f25:0x7fc00000 f24=0x7fc00000
     400825.000 ns	     40081	8000822c	d0840713	addi	x14,x8,-760	  x8:0x00000c49 x14=0x00000951
     400845.000 ns	     40083	80008230	21172c53	fsgnjx.s	f24,f14,f17	 f14:0x41800000 f17:0x407fffae f24=0x41800000
     400875.000 ns	     40086	80008234	f0078553	fmv.w.x	f10,x15	 x15:0x00000001 f10=0x00000001
     400905.000 ns	     40089	80008238	f0048753	fmv.w.x	f14,x9	  x9:0x00000000 f14=0x00000000
     401275.000 ns	     40126	8000823c	035e4333	div	x6,x28,x21	 x28:0x00000010 x21:0x80040b64  x6=0x00000000
     401295.000 ns	     40128	80008240	003da533	slt	x10,x27,x3	 x27:0x00000003  x3:0x00000001 x10=0x00000000
     401315.000 ns	     40130	80008244	032baf33	mulhsu	x30,x23,x18	 x23:0x00000000 x18:0x03002080 x30=0x00000000
     401345.000 ns	     40133	80008248	207426d3	fsgnjx.s	f13,f8,f7	  f8:0x00000000  f7:0x00000000 f13=0x00000000
     401375.000 ns	     40136	8000824c	214d9353	fsgnjn.s	f6,f27,f20	 f27:0x42c4989e f20:0x7fc00000  f6=0xc2c4989e
     401745.000 ns	     40173	80008250	0354e6b3	rem	x13,x9,x21	  x9:0x00000000 x21:0x80040b64 x13=0x00000000
     401765.000 ns	     40175	80008254	019e50b3	srl	x1,x28,x25	 x28:0x00000010 x25:0x80041024  x1=0x00000001
     401785.000 ns	     40177	80008258	d006ccd3	fcvt.s.w	f25,x13	 x13:0x00000000 f25=0x00000000
     401835.000 ns	     40182	8000825c	006ff853	fadd.s	f16,f31,f6	 f31:0x00000000  f6:0xc2c4989e f16=0xc2c4989e
     403015.000 ns	     40300	80008260	580f7cd3	fsqrt.s	f25,f30	 f30:0x42c4989e f25=0x411ea1ef
     403045.000 ns	     40303	80008264	025fd6b3	divu	x13,x31,x5	 x31:0x00000000  x5:0x00000000 x13=0xffffffff
     403075.000 ns	     40306	80008268	0283ac33	mulhsu	x24,x7,x8	  x7:0xc00207f2  x8:0x00000c49 x24=0xfffffced
     404255.000 ns	     40424	8000826c	5805a553	fsqrt.s	f10,f11	 f11:0x00000001 f10=0x1f350483
     404625.000 ns	     40461	80008270	0283cdb3	div	x27,x7,x8	  x7:0xc00207f2  x8:0x00000c49 x27=0xfffaca86
     404645.000 ns	     40463	80008274	7e042113	slti	x2,x8,2016	  x8:0x00000c49  x2=0x00000000
     404655.000 ns	     40464	80008278	40e55413	srai	x8,x10,0xe	 x10:0x00000000  x8=0x00000000
     404675.000 ns	     40466	8000827c	031407b3	mul	x15,x8,x17	  x8:0x00000c49 x17:0x00000001 x15=0x00000000
     404695.000 ns	     40468	80008280	01e93b33	sltu	x22,x18,x30	 x18:0x03002080 x30:0x00000000 x22=0x00000000
     404715.000 ns	     40470	80008284	03531f33	mulh	x30,x6,x21	  x6:0x00000000 x21:0x80040b64 x30=0x00000000
     404735.000 ns	     40472	80008288	401c5413	srai	x8,x24,0x1	 x24:0xfffffced  x8=0xfffffe76
     404745.000 ns	     40473	8000828c	25ebb093	sltiu	x1,x23,606	 x23:0x00000000  x1=0x00000001
     404755.000 ns	     40474	80008290	015d7cb3	and	x25,x26,x21	 x26:0xfffffa9a x21:0x80040b64 x25=0x80040a00
     404765.000 ns	     40475	80008294	00e82133	slt	x2,x16,x14	 x16:0x80040fe4 x14:0x00000951  x2=0x00000001
     404785.000 ns	     40477	80008298	21f51253	fsgnjn.s	f4,f10,f31	 f10:0x1f350483 f31:0x00000000  f4=0x9f350483
     404825.000 ns	     40481	8000829c	106544d3	fmul.s	f9,f10,f6	 f10:0x1f350483  f6:0xc2c4989e  f9=0xa28b035f
     404865.000 ns	     40485	800082a0	1824f453	fdiv.s	f8,f9,f2	  f9:0x470b0422  f2:0x7fc00000  f8=0x7fc00000
     404905.000 ns	     40489	800082a4	5801f053	fsqrt.s	f0,f3	  f3:0xffc00000  f0=0x7fc00000
     404925.000 ns	     40491	800082a8	001691b3	sll	x3,x13,x1	 x13:0xffffffff  x1:0x00000001  x3=0xfffffffe
     404935.000 ns	     40492	800082ac	41bfda13	srai	x20,x31,0x1b	 x31:0x00000000 x20=0x00000000
     404945.000 ns	     40493	800082b0	00db7f33	and	x30,x22,x13	 x22:0x00000000 x13:0xffffffff x30=0x00000000
     404975.000 ns	     40496	800082b4	11608cd3	fmul.s	f25,f1,f22	  f1:0x7fc00000 f22:0x41800000 f25=0x7fc00000
     405005.000 ns	     40499	800082b8	02b425b3	mulhsu	x11,x8,x11	  x8:0xfffffe76 x11:0x7fc00000 x11=0xffffff3b
     405025.000 ns	     40501	800082bc	a4d2cc93	xori	x25,x5,-1459	  x5:0x00000000 x25=0xfffffa4d
     405045.000 ns	     40503	800082c0	0240acb3	mulhsu	x25,x1,x4	  x1:0x00000001  x4:0x00000000 x25=0x00000000
     405095.000 ns	     40508	800082c4	00cf7253	fadd.s	f4,f30,f12	 f30:0x42c4989e f12:0x41800000  f4=0x42e4989e
     405465.000 ns	     40545	800082c8	030b7933	remu	x18,x22,x16	 x22:0x00000000 x16:0x80040fe4 x18=0x00000000
     405495.000 ns	     40548	800082cc	035281b3	mul	x3,x5,x21	  x5:0x00000000 x21:0x80040b64  x3=0x00000000
     405515.000 ns	     40550	800082d0	40f4d613	srai	x12,x9,0xf	  x9:0x00000000 x12=0x00000000
     405535.000 ns	     40552	800082d4	e0039f53	fclass.s	x30,f7	  f7:0x00000000 x30=0x00000010
     405565.000 ns	     40555	800082d8	03a32633	mulhsu	x12,x6,x26	  x6:0x00000000 x26:0xfffffa9a x12=0x00000000
     405585.000 ns	     40557	800082dc	00c48433	add	x8,x9,x12	  x9:0x00000000 x12:0x00000000  x8=0x00000000
     405605.000 ns	     40559	800082e0	f0048953	fmv.w.x	f18,x9	  x9:0x00000000 f18=0x00000000
     405625.000 ns	     40561	800082e4	f5fac113	xori	x2,x21,-161	 x21:0x80040b64  x2=0x7ffbf43b
     405635.000 ns	     40562	800082e8	01e3aeb3	slt	x29,x7,x30	  x7:0xc00207f2 x30:0x00000010 x29=0x00000001
     405995.000 ns	     40598	800082ec	03505a33	divu	x20,x0,x21	  x0:0x00000000 x21:0x80040b64 x20=0x00000000
     406025.000 ns	     40601	800082f0	032cdeb3	divu	x29,x25,x18	 x25:0x00000000 x18:0x00000000 x29=0xffffffff
     406395.000 ns	     40638	800082f4	021858b3	divu	x17,x16,x1	 x16:0x80040fe4  x1:0x00000001 x17=0x80040fe4
     406735.000 ns	     40672	800082f8	18a277d3	fdiv.s	f15,f4,f10	  f4:0x42e4989e f10:0x1f350483 f15=0x63215cad
     406755.000 ns	     40674	800082fc	a02ea193	slti	x3,x29,-1534	 x29:0xffffffff  x3=0x00000000
     406765.000 ns	     40675	80008300	41e55133	sra	x2,x10,x30	 x10:0x00000000 x30:0x00000010  x2=0x00000000
     407125.000 ns	     40711	80008304	021df5b3	remu	x11,x27,x1	 x27:0xfffaca86  x1:0x00000001 x11=0x00000000
     407145.000 ns	     40713	80008308	00a22333	slt	x6,x4,x10	  x4:0x00000000 x10:0x00000000  x6=0x00000000
     407185.000 ns	     40717	8000830c	08431053	fsub.s	f0,f6,f4	  f6:0xc2c4989e  f4:0x42e4989e  f0=0xc354989e
     407205.000 ns	     40719	80008310	56ffbb13	sltiu	x22,x31,1391	 x31:0x00000000 x22=0x00000001
     407225.000 ns	     40721	80008314	21520cd3	fsgnj.s	f25,f4,f21	  f4:0x42e4989e f21:0x41800000 f25=0x42e4989e
     407275.000 ns	     40726	80008318	01f741d3	fadd.s	f3,f14,f31	 f14:0x00000000 f31:0x00000000  f3=0x00000000
     407295.000 ns	     40728	8000831c	8b612113	slti	x2,x2,-1866	  x2:0x00000000  x2=0x00000000
     407315.000 ns	     40730	80008320	d00fafd3	fcvt.s.w	f31,x31	 x31:0x00000000 f31=0x00000000
     407335.000 ns	     40732	80008324	f6502793	slti	x15,x0,-155	  x0:0x00000000 x15=0x00000000
     407345.000 ns	     40733	80008328	0022b733	sltu	x14,x5,x2	  x5:0x00000000  x2:0x00000000 x14=0x00000000
     407365.000 ns	     40735	8000832c	a0602cd3	feq.s	x25,f0,f6	  f0:0xc354989e  f6:0xc2c4989e x25=0x00000000
     407395.000 ns	     40738	80008330	a1a52353	feq.s	x6,f10,f26	 f10:0x1f350483 f26:0x7fc00000  x6=0x00000000
     407425.000 ns	     40741	80008334	035514b3	mulh	x9,x10,x21	 x10:0x00000000 x21:0x80040b64  x9=0x00000000
     407445.000 ns	     40743	80008338	f6c73f93	sltiu	x31,x14,-148	 x14:0x00000000 x31=0x00000001
     407455.000 ns	     40744	8000833c	325c9c37	lui	x24,0x325c9	 x24=0x325c9000
     407475.000 ns	     40746	80008340	c00b9953	fcvt.w.s	x18,f23	 f23:0x00000000 x18=0x00000000
     407495.000 ns	     40748	80008344	01449933	sll	x18,x9,x20	  x9:0x00000000 x20:0x00000000 x18=0x00000000
     407505.000 ns	     40749	80008348	00411333	sll	x6,x2,x4	  x2:0x00000000  x4:0x00000000  x6=0x00000000
     407525.000 ns	     40751	8000834c	c00cccd3	fcvt.w.s	x25,f25	 f25:0x42e4989e x25=0x00000072
     407555.000 ns	     40754	80008350	203d98d3	fsgnjn.s	f17,f27,f3	 f27:0x42c4989e  f3:0x00000000 f17=0xc2c4989e
     407925.000 ns	     40791	80008354	03df54b3	divu	x9,x30,x29	 x30:0x00000010 x29:0xffffffff  x9=0x00000000
     407945.000 ns	     40793	80008358	01380c33	add	x24,x16,x19	 x16:0x80040fe4 x19:0x80041024 x24=0x00082008
     407965.000 ns	     40795	8000835c	c00c7fd3	fcvt.w.s	x31,f24	 f24:0x41800000 x31=0x00000010
     407995.000 ns	     40798	80008360	20120f53	fsgnj.s	f30,f4,f1	  f4:0x42e4989e  f1:0x7fc00000 f30=0x42e4989e
     408015.000 ns	     40800	80008364	007d4a33	xor	x20,x26,x7	 x26:0xfffffa9a  x7:0xc00207f2 x20=0x3ffdfd68
     408035.000 ns	     40802	80008368	a0501cd3	flt.s	x25,f0,f5	  f0:0xc354989e  f5:0x41800000 x25=0x00000001
     408065.000 ns	     40805	8000836c	e0038953	fmv.x.w	x18,f7	  f7:0x00000000 x18=0x00000000
     408435.000 ns	     40842	80008370	03a26b33	rem	x22,x4,x26	  x4:0x00000000 x26:0xfffffa9a x22=0x00000000
     408465.000 ns	     40845	80008374	a07907d3	fle.s	x15,f18,f7	 f18:0x00000000  f7:0x00000000 x15=0x00000001
     408485.000 ns	     40847	80008378	22934593	xori	x11,x6,553	  x6:0x00000000 x11=0x00000229
     408495.000 ns	     40848	8000837c	000540b3	xor	x1,x10,x0	 x10:0x00000000  x0:0x00000000  x1=0x00000000
     408505.000 ns	     40849	80008380	00497433	and	x8,x18,x4	 x18:0x00000000  x4:0x00000000  x8=0x00000000
     408515.000 ns	     40850	80008384	00000013	addi	x0,x0,0	  x0:0x00000000
     408545.000 ns	     40853	80008388	1096f353	fmul.s	f6,f13,f9	 f13:0x00000000  f9:0xa28b035f  f6=0x80000000
     408565.000 ns	     40855	8000838c	24bbebb7	lui	x23,0x24bbe	 x23=0x24bbe000
     408605.000 ns	     40859	80008390	0134c653	fadd.s	f12,f9,f19	  f9:0xa28b035f f19:0x7fc00000 f12=0x7fc00000
     408645.000 ns	     40863	80008394	10372353	fmul.s	f6,f14,f3	 f14:0x00000000  f3:0x00000000  f6=0x00000000
     408675.000 ns	     40866	80008398	a0e700d3	fle.s	x1,f14,f14	 f14:0x00000000 f14:0x00000000  x1=0x00000001
     408705.000 ns	     40869	8000839c	c01705d3	fcvt.wu.s	x11,f14	 f14:0x00000000 x11=0x00000000
     408725.000 ns	     40871	800083a0	010ef033	and	x0,x29,x16	 x29:0xffffffff x16:0x80040fe4
     408745.000 ns	     40873	800083a4	218daf53	fsgnjx.s	f30,f27,f24	 f27:0x42c4989e f24:0x41800000 f30=0x42c4989e
     408775.000 ns	     40876	800083a8	a1c72fd3	feq.s	x31,f14,f28	 f14:0x00000000 f28:0x7fc00000 x31=0x00000000
     408805.000 ns	     40879	800083ac	a12d9353	flt.s	x6,f27,f18	 f27:0x42c4989e f18:0x00000000  x6=0x00000000
     408825.000 ns	     40881	800083b0	00000013	addi	x0,x0,0	  x0:0x00000000
     408835.000 ns	     40882	800083b4	73f6ce93	xori	x29,x13,1855	 x13:0xffffffff x29=0xfffff8c0
     408845.000 ns	     40883	800083b8	90b6ab13	slti	x22,x13,-1781	 x13:0xffffffff x22=0x00000000
     408875.000 ns	     40886	800083bc	108b98d3	fmul.s	f17,f23,f8	 f23:0x00000000  f8:0x7fc00000 f17=0x7fc00000
     408895.000 ns	     40888	800083c0	01cedb93	srli	x23,x29,0x1c	 x29:0xfffff8c0 x23=0x0000000f
     409255.000 ns	     40924	800083c4	03915db3	divu	x27,x2,x25	  x2:0x00000000 x25:0x00000001 x27=0x00000000
     409285.000 ns	     40927	800083c8	20f597d3	fsgnjn.s	f15,f11,f15	 f11:0x00000001 f15:0x63215cad f15=0x80000001
     409315.000 ns	     40930	800083cc	c018a4d3	fcvt.wu.s	x9,f17	 f17:0x7fc00000  x9=0xffffffff
     409345.000 ns	     40933	800083d0	c007f553	fcvt.w.s	x10,f15	 f15:0x80000001 x10=0x00000000
     409375.000 ns	     40936	800083d4	c0087153	fcvt.w.s	x2,f16	 f16:0xc2c4989e  x2=0x00000062
     409395.000 ns	     40938	800083d8	017e0db3	add	x27,x28,x23	 x28:0x00000010 x23:0x0000000f x27=0x0000001f
     409405.000 ns	     40939	800083dc	7237ac37	lui	x24,0x7237a	 x24=0x7237a000
     409425.000 ns	     40941	800083e0	e00a0153	fmv.x.w	x2,f20	 f20:0x7fc00000  x2=0x7fc00000
     409455.000 ns	     40944	800083e4	e0038dd3	fmv.x.w	x27,f7	  f7:0x00000000 x27=0x00000000
     409495.000 ns	     40948	800083e8	10daf5d3	fmul.s	f11,f21,f13	 f21:0x41800000 f13:0x00000000 f11=0x00000000
     409525.000 ns	     40951	800083ec	026cc633	div	x12,x25,x6	 x25:0x00000001  x6:0x00000000 x12=0xffffffff
     409555.000 ns	     40954	800083f0	e0029d53	fclass.s	x26,f5	  f5:0x41800000 x26=0x00000040
     409575.000 ns	     40956	800083f4	9af62093	slti	x1,x12,-1617	 x12:0xffffffff  x1=0x00000000
     409585.000 ns	     40957	800083f8	9fcb2e17	auipc	x28,0x9fcb2	 x28=0x1fcba3f8
     409605.000 ns	     40959	800083fc	c00f0953	fcvt.w.s	x18,f30	 f30:0x42c4989e x18=0x00000062
     409635.000 ns	     40962	80008400	e00386d3	fmv.x.w	x13,f7	  f7:0x00000000 x13=0x00000000
     409655.000 ns	     40964	80008404	003f7e33	and	x28,x30,x3	 x30:0x00000010  x3:0x00000000 x28=0x00000000
     409675.000 ns	     40966	80008408	03920a33	mul	x20,x4,x25	  x4:0x00000000 x25:0x00000001 x20=0x00000000
     409715.000 ns	     40970	8000840c	10db34d3	fmul.s	f9,f22,f13	 f22:0x41800000 f13:0x00000000  f9=0x00000000
     409735.000 ns	     40972	80008410	007487b3	add	x15,x9,x7	  x9:0xffffffff  x7:0xc00207f2 x15=0xc00207f1
     409745.000 ns	     40973	80008414	00000013	addi	x0,x0,0	  x0:0x00000000
     409785.000 ns	     40977	80008418	01397ed3	fadd.s	f29,f18,f19	 f18:0x00000000 f19:0x7fc00000 f29=0x7fc00000
     409805.000 ns	     40979	8000841c	3697cb93	xori	x23,x15,873	 x15:0xc00207f1 x23=0xc0020498
     409825.000 ns	     40981	80008420	02b28033	mul	x0,x5,x11	  x5:0x00000000 x11:0x00000000
     409845.000 ns	     40983	80008424	016856b3	srl	x13,x16,x22	 x16:0x80040fe4 x22:0x00000000 x13=0x80040fe4
     409855.000 ns	     40984	80008428	a8c3a293	slti	x5,x7,-1396	  x7:0xc00207f2  x5=0x00000001
     409875.000 ns	     40986	8000842c	a1521053	flt.s	x0,f4,f21	  f4:0x42e4989e f21:0x41800000
     409905.000 ns	     40989	80008430	a078aa53	feq.s	x20,f17,f7	 f17:0x7fc00000  f7:0x00000000 x20=0x00000000
     409925.000 ns	     40991	80008434	d4412693	slti	x13,x2,-700	  x2:0x7fc00000 x13=0x00000000
     410285.000 ns	     41027	80008438	030068b3	rem	x17,x0,x16	  x0:0x00000000 x16:0x80040fe4 x17=0x00000000
     410315.000 ns	     41030	8000843c	03c15b33	divu	x22,x2,x28	  x2:0x7fc00000 x28:0x00000000 x22=0xffffffff
     410335.000 ns	     41032	80008440	00d8aa33	slt	x20,x17,x13	 x17:0x00000000 x13:0x00000000 x20=0x00000000
     410345.000 ns	     41033	80008444	41f10e33	sub	x28,x2,x31	  x2:0x7fc00000 x31:0x00000000 x28=0x7fc00000
     410705.000 ns	     41069	80008448	035ed5b3	divu	x11,x29,x21	 x29:0xfffff8c0 x21:0x80040b64 x11=0x00000001
     410725.000 ns	     41071	8000844c	8e0f9f37	lui	x30,0x8e0f9	 x30=0x8e0f9000
     410745.000 ns	     41073	80008450	c00c2453	fcvt.w.s	x8,f24	 f24:0x41800000  x8=0x00000010
     410765.000 ns	     41075	80008454	01d7ac33	slt	x24,x15,x29	 x15:0xc00207f1 x29:0xfffff8c0 x24=0x00000001
     410785.000 ns	     41077	80008458	e0021153	fclass.s	x2,f4	  f4:0x42e4989e  x2=0x00000040
     410815.000 ns	     41080	8000845c	e00e1153	fclass.s	x2,f28	 f28:0x7fc00000  x2=0x00000200
     410865.000 ns	     41085	80008460	0186ff53	fadd.s	f30,f13,f24	 f13:0x00000000 f24:0x41800000 f30=0x41800000
     410895.000 ns	     41088	80008464	0237d0b3	divu	x1,x15,x3	 x15:0xc00207f1  x3:0x00000000  x1=0xffffffff
     410935.000 ns	     41092	80008468	114e4fd3	fmul.s	f31,f28,f20	 f28:0x7fc00000 f20:0x7fc00000 f31=0x7fc00000
     410955.000 ns	     41094	8000846c	01016033	or	x0,x2,x16	  x2:0x00000200 x16:0x80040fe4
     410975.000 ns	     41096	80008470	29538853	fmin.s	f16,f7,f21	  f7:0x00000000 f21:0x41800000 f16=0x00000000
     411005.000 ns	     41099	80008474	021f2933	mulhsu	x18,x30,x1	 x30:0x8e0f9000  x1:0xffffffff x18=0x8e0f9000
     411035.000 ns	     41102	80008478	21119bd3	fsgnjn.s	f23,f3,f17	  f3:0x00000000 f17:0x7fc00000 f23=0x80000000
     411055.000 ns	     41104	8000847c	00621b33	sll	x22,x4,x6	  x4:0x00000000  x6:0x00000000 x22=0x00000000
     411085.000 ns	     41107	80008480	1109f0d3	fmul.s	f1,f19,f16	 f19:0x7fc00000 f16:0x00000000  f1=0x7fc00000
     411115.000 ns	     41110	80008484	213cabd3	fsgnjx.s	f23,f25,f19	 f25:0x42e4989e f19:0x7fc00000 f23=0x42e4989e
     411145.000 ns	     41113	80008488	03f46ab3	rem	x21,x8,x31	  x8:0x00000010 x31:0x00000000 x21=0x00000010
     411185.000 ns	     41117	8000848c	580e19d3	fsqrt.s	f19,f28	 f28:0x7fc00000 f19=0x7fc00000
     411215.000 ns	     41120	80008490	21c28b53	fsgnj.s	f22,f5,f28	  f5:0x41800000 f28:0x7fc00000 f22=0x41800000
     411245.000 ns	     41123	80008494	02b2acb3	mulhsu	x25,x5,x11	  x5:0x00000001 x11:0x00000001 x25=0x00000000
     411265.000 ns	     41125	80008498	363e3317	auipc	x6,0x363e3	  x6=0xb63eb498
     411275.000 ns	     41126	8000849c	00783533	sltu	x10,x16,x7	 x16:0x80040fe4  x7:0xc00207f2 x10=0x00000001
     411295.000 ns	     41128	800084a0	29630953	fmin.s	f18,f6,f22	  f6:0x00000000 f22:0x41800000 f18=0x00000000
     411325.000 ns	     41131	800084a4	a06c9153	flt.s	x2,f25,f6	 f25:0x42e4989e  f6:0x00000000  x2=0x00000000
     411355.000 ns	     41134	800084a8	f00501d3	fmv.w.x	f3,x10	 x10:0x00000001  f3=0x00000001
     411385.000 ns	     41137	800084ac	d0074f53	fcvt.s.w	f30,x14	 x14:0x00000000 f30=0x00000000
     411415.000 ns	     41140	800084b0	0206f0b3	remu	x1,x13,x0	 x13:0x00000000  x0:0x00000000  x1=0x00000000
     411445.000 ns	     41143	800084b4	a0212d53	feq.s	x26,f2,f2	  f2:0x7fc00000  f2:0x7fc00000 x26=0x00000000
     411465.000 ns	     41145	800084b8	00d083b3	add	x7,x1,x13	  x1:0x00000000 x13:0x00000000  x7=0x00000000
     411485.000 ns	     41147	800084bc	02f8a533	mulhsu	x10,x17,x15	 x17:0x00000000 x15:0xc00207f1 x10=0x00000000
     411515.000 ns	     41150	800084c0	d004f753	fcvt.s.w	f14,x9	  x9:0xffffffff f14=0xbf800000
     411545.000 ns	     41153	800084c4	c000fbd3	fcvt.w.s	x23,f1	  f1:0x7fc00000 x23=0x7fffffff
     411575.000 ns	     41156	800084c8	0220f0b3	remu	x1,x1,x2	  x1:0x00000000  x2:0x00000000  x1=0x00000000
     411595.000 ns	     41158	800084cc	bc803413	sltiu	x8,x0,-1080	  x0:0x00000000  x8=0x00000001
     411615.000 ns	     41160	800084d0	21d210d3	fsgnjn.s	f1,f4,f29	  f4:0x42e4989e f29:0x7fc00000  f1=0xc2e4989e
     411645.000 ns	     41163	800084d4	a1a52553	feq.s	x10,f10,f26	 f10:0x1f350483 f26:0x7fc00000 x10=0x00000000
     411665.000 ns	     41165	800084d8	340b7793	andi	x15,x22,832	 x22:0x00000000 x15=0x00000000
     411675.000 ns	     41166	800084dc	00000013	addi	x0,x0,0	  x0:0x00000000
     411695.000 ns	     41168	800084e0	28fd0153	fmin.s	f2,f26,f15	 f26:0x7fc00000 f15:0x80000001  f2=0x80000001
     411715.000 ns	     41170	800084e4	00000013	addi	x0,x0,0	  x0:0x00000000
     411735.000 ns	     41172	800084e8	030c0033	mul	x0,x24,x16	 x24:0x00000001 x16:0x80040fe4
     411775.000 ns	     41176	800084ec	11897e53	fmul.s	f28,f18,f24	 f18:0x00000000 f24:0x41800000 f28=0x00000000
     411795.000 ns	     41178	800084f0	7aea2cb7	lui	x25,0x7aea2	 x25=0x7aea2000
     411805.000 ns	     41179	800084f4	00434133	xor	x2,x6,x4	  x6:0xb63eb498  x4:0x00000000  x2=0xb63eb498
     411825.000 ns	     41181	800084f8	f0070453	fmv.w.x	f8,x14	 x14:0x00000000  f8=0x00000000
     411845.000 ns	     41183	800084fc	008efa33	and	x20,x29,x8	 x29:0xfffff8c0  x8:0x00000001 x20=0x00000000
     411865.000 ns	     41185	80008500	02d5f6b3	remu	x13,x11,x13	 x11:0x00000001 x13:0x00000000 x13=0x00000001
     411885.000 ns	     41187	80008504	1a16bf13	sltiu	x30,x13,417	 x13:0x00000000 x30=0x00000001
     411905.000 ns	     41189	80008508	d0107bd3	fcvt.s.wu	f23,x0	  x0:0x00000000 f23=0x00000000
     411935.000 ns	     41192	8000850c	e00a1353	fclass.s	x6,f20	 f20:0x7fc00000  x6=0x00000200
     411955.000 ns	     41194	80008510	019fee33	or	x28,x31,x25	 x31:0x00000000 x25:0x7aea2000 x28=0x7aea2000
     411995.000 ns	     41198	80008514	017f8453	fadd.s	f8,f31,f23	 f31:0x7fc00000 f23:0x00000000  f8=0x7fc00000
     412025.000 ns	     41201	80008518	038a0ab3	mul	x21,x20,x24	 x20:0x00000000 x24:0x00000001 x21=0x00000000
     412055.000 ns	     41204	8000851c	021e2bb3	mulhsu	x23,x28,x1	 x28:0x7aea2000  x1:0x00000000 x23=0x00000000
     412075.000 ns	     41206	80008520	e098f613	andi	x12,x17,-503	 x17:0x00000000 x12=0x00000000
     412095.000 ns	     41208	80008524	a048acd3	feq.s	x25,f17,f4	 f17:0x7fc00000  f4:0x42e4989e x25=0x00000000
     412115.000 ns	     41210	80008528	40575e33	sra	x28,x14,x5	 x14:0x00000000  x5:0x00000001 x28=0x00000000
     412135.000 ns	     41212	8000852c	e00d0153	fmv.x.w	x2,f26	 f26:0x7fc00000  x2=0x7fc00000
     412185.000 ns	     41217	80008530	09fff553	fsub.s	f10,f31,f31	 f31:0x7fc00000 f31:0x7fc00000 f10=0x7fc00000
     412205.000 ns	     41219	80008534	005404b3	add	x9,x8,x5	  x8:0x00000001  x5:0x00000001  x9=0x00000002
     412225.000 ns	     41221	80008538	025b3933	mulhu	x18,x22,x5	 x22:0x00000000  x5:0x00000001 x18=0x00000000
     412245.000 ns	     41223	8000853c	01b35533	srl	x10,x6,x27	  x6:0x00000200 x27:0x00000000 x10=0x00000200
     412285.000 ns	     41227	80008540	09f47ad3	fsub.s	f21,f8,f31	  f8:0x7fc00000 f31:0x7fc00000 f21=0x7fc00000
     412305.000 ns	     41229	80008544	4435af13	slti	x30,x11,1091	 x11:0x00000001 x30=0x00000001
     412315.000 ns	     41230	80008548	001227b3	slt	x15,x4,x1	  x4:0x00000000  x1:0x00000000 x15=0x00000000
     412355.000 ns	     41234	8000854c	0027c753	fadd.s	f14,f15,f2	 f15:0x80000001  f2:0x80000001 f14=0x80000002
     412375.000 ns	     41236	80008550	40a3ce13	xori	x28,x7,1034	  x7:0x00000000 x28=0x0000040a
     412395.000 ns	     41238	80008554	03f04333	div	x6,x0,x31	  x0:0x00000000 x31:0x00000000  x6=0xffffffff
     412425.000 ns	     41241	80008558	f0010cd3	fmv.w.x	f25,x2	  x2:0x7fc00000 f25=0x7fc00000
     412455.000 ns	     41244	8000855c	a08814d3	flt.s	x9,f16,f8	 f16:0x00000000  f8:0x7fc00000  x9=0x00000000
     412475.000 ns	     41246	80008560	93c75bb7	lui	x23,0x93c75	 x23=0x93c75000
     412495.000 ns	     41248	80008564	286d1dd3	fmax.s	f27,f26,f6	 f26:0x7fc00000  f6:0x00000000 f27=0x00000000
     412525.000 ns	     41251	80008568	035a2333	mulhsu	x6,x20,x21	 x20:0x00000000 x21:0x00000000  x6=0x00000000
     412565.000 ns	     41255	8000856c	191ffad3	fdiv.s	f21,f31,f17	 f31:0x7fc00000 f17:0x7fc00000 f21=0x7fc00000
     412585.000 ns	     41257	80008570	000ca033	slt	x0,x25,x0	 x25:0x00000000  x0:0x00000000
     412615.000 ns	     41260	80008574	580489d3	fsqrt.s	f19,f9	  f9:0x00000000 f19=0x00000000
     412645.000 ns	     41263	80008578	21ec0dd3	fsgnj.s	f27,f24,f30	 f24:0x41800000 f30:0x00000000 f27=0x41800000
     412675.000 ns	     41266	8000857c	03176f33	rem	x30,x14,x17	 x14:0x00000000 x17:0x00000000 x30=0x00000000
     412705.000 ns	     41269	80008580	a14e0153	fle.s	x2,f28,f20	 f28:0x00000000 f20:0x7fc00000  x2=0x00000000
     412755.000 ns	     41274	80008584	09469053	fsub.s	f0,f13,f20	 f13:0x00000000 f20:0x7fc00000  f0=0x7fc00000
     412785.000 ns	     41277	80008588	20d423d3	fsgnjx.s	f7,f8,f13	  f8:0x7fc00000 f13:0x00000000  f7=0x7fc00000
     412805.000 ns	     41279	8000858c	002cd533	srl	x10,x25,x2	 x25:0x00000000  x2:0x00000000 x10=0x00000000
     412825.000 ns	     41281	80008590	0298da33	divu	x20,x17,x9	 x17:0x00000000  x9:0x00000000 x20=0xffffffff
     412845.000 ns	     41283	80008594	01ca9733	sll	x14,x21,x28	 x21:0x00000000 x28:0x0000040a x14=0x00000000
     412855.000 ns	     41284	80008598	01bdc2b3	xor	x5,x27,x27	 x27:0x00000000 x27:0x00000000  x5=0x00000000
     412865.000 ns	     41285	8000859c	00619cb3	sll	x25,x3,x6	  x3:0x00000000  x6:0x00000000 x25=0x00000000
     412875.000 ns	     41286	800085a0	01155e93	srli	x29,x10,0x11	 x10:0x00000000 x29=0x00000000
     412895.000 ns	     41288	800085a4	03920a33	mul	x20,x4,x25	  x4:0x00000000 x25:0x00000000 x20=0x00000000
     412915.000 ns	     41290	800085a8	00d70933	add	x18,x14,x13	 x14:0x00000000 x13:0x00000001 x18=0x00000001
     412925.000 ns	     41291	800085ac	b6b5eb13	ori	x22,x11,-1173	 x11:0x00000001 x22=0xfffffb6b
     413285.000 ns	     41327	800085b0	033c7533	remu	x10,x24,x19	 x24:0x00000001 x19:0x80041024 x10=0x00000001
     413305.000 ns	     41329	800085b4	017b1333	sll	x6,x22,x23	 x22:0x00000000 x23:0x93c75000  x6=0xfffffb6b
     413325.000 ns	     41331	800085b8	28ca98d3	fmax.s	f17,f21,f12	 f21:0x7fc00000 f12:0x7fc00000 f17=0x7fc00000
     413355.000 ns	     41334	800085bc	03da23b3	mulhsu	x7,x20,x29	 x20:0x00000000 x29:0x00000000  x7=0x00000000
     413385.000 ns	     41337	800085c0	d0027f53	fcvt.s.w	f30,x4	  x4:0x00000000 f30=0x00000000
     413405.000 ns	     41339	800085c4	a31f1937	lui	x18,0xa31f1	 x18=0xa31f1000
     413425.000 ns	     41341	800085c8	03e2b0b3	mulhu	x1,x5,x30	  x5:0x00000000 x30:0x00000000  x1=0x00000000
     413455.000 ns	     41344	800085cc	e00a1753	fclass.s	x14,f20	 f20:0x7fc00000 x14=0x00000200
     413475.000 ns	     41346	800085d0	00ffcfb3	xor	x31,x31,x15	 x31:0x00000000 x15:0x00000000 x31=0x00000000
     413495.000 ns	     41348	800085d4	c017fbd3	fcvt.wu.s	x23,f15	 f15:0x80000001 x23=0x00000000
     413515.000 ns	     41350	800085d8	3d310f13	addi	x30,x2,979	  x2:0x00000000 x30=0x000003d3
     413525.000 ns	     41351	800085dc	63fa8b93	addi	x23,x21,1599	 x21:0x00000000 x23=0x0000063f
     413885.000 ns	     41387	800085e0	0321d633	divu	x12,x3,x18	  x3:0x00000000 x18:0xa31f1000 x12=0x00000000
     413905.000 ns	     41389	800085e4	01e962b3	or	x5,x18,x30	 x18:0xa31f1000 x30:0x000003d3  x5=0xa31f13d3
     413915.000 ns	     41390	800085e8	00633cb3	sltu	x25,x6,x6	  x6:0xfffffb6b  x6:0xfffffb6b x25=0x00000000
     413935.000 ns	     41392	800085ec	f00488d3	fmv.w.x	f17,x9	  x9:0x00000000 f17=0x00000000
     413965.000 ns	     41395	800085f0	f00385d3	fmv.w.x	f11,x7	  x7:0x00000000 f11=0x00000000
     413985.000 ns	     41397	800085f4	9deb8693	addi	x13,x23,-1570	 x23:0x0000063f x13=0x0000001d
     415155.000 ns	     41514	800085f8	580b77d3	fsqrt.s	f15,f22	 f22:0x41800000 f15=0x407fffae
     415185.000 ns	     41517	800085fc	021104b3	mul	x9,x2,x1	  x2:0x00000000  x1:0x00000000  x9=0x00000000
     415215.000 ns	     41520	80008600	29f69ad3	fmax.s	f21,f13,f31	 f13:0x00000000 f31:0x7fc00000 f21=0x00000000
     415235.000 ns	     41522	80008604	78218113	addi	x2,x3,1922	  x3:0x00000000  x2=0x00000782
     415245.000 ns	     41523	80008608	14b4cb97	auipc	x23,0x14b4c	 x23=0x94b54608
     415255.000 ns	     41524	8000860c	813b8f93	addi	x31,x23,-2029	 x23:0x0000063f x31=0x94b53e1b
     415265.000 ns	     41525	80008610	ff59ab93	slti	x23,x19,-11	 x19:0x80041024 x23=0x00000001
     415285.000 ns	     41527	80008614	0351adb3	mulhsu	x27,x3,x21	  x3:0x00000000 x21:0x00000000 x27=0x00000000
     415315.000 ns	     41530	80008618	a03f0b53	fle.s	x22,f30,f3	 f30:0x00000000  f3:0x00000001 x22=0x00000001
     415335.000 ns	     41532	8000861c	c0fac713	xori	x14,x21,-1009	 x21:0x00000000 x14=0xfffffc0f
     415355.000 ns	     41534	80008620	f00e8253	fmv.w.x	f4,x29	 x29:0x00000000  f4=0x00000000
     415375.000 ns	     41536	80008624	0005e333	or	x6,x11,x0	 x11:0x00000001  x0:0x00000000  x6=0x00000001
     415395.000 ns	     41538	80008628	036098b3	mulh	x17,x1,x22	  x1:0x00000000 x22:0x00000001 x17=0x00000000
     415415.000 ns	     41540	8000862c	01e9d8b3	srl	x17,x19,x30	 x19:0x80041024 x30:0x000003d3 x17=0x00001000
     415445.000 ns	     41543	80008630	189094d3	fdiv.s	f9,f1,f9	  f1:0xc2e4989e  f9:0x00000000  f9=0xff800000
     415465.000 ns	     41545	80008634	40878fb3	sub	x31,x15,x8	 x15:0x00000000  x8:0x00000001 x31=0xffffffff
     415475.000 ns	     41546	80008638	00630733	add	x14,x6,x6	  x6:0x00000001  x6:0x00000001 x14=0x00000002
     415495.000 ns	     41548	8000863c	c018b753	fcvt.wu.s	x14,f17	 f17:0x00000000 x14=0x00000000
     415545.000 ns	     41553	80008640	080073d3	fsub.s	f7,f0,f0	  f0:0x7fc00000  f0:0x7fc00000  f7=0x7fc00000
     415565.000 ns	     41555	80008644	018d1533	sll	x10,x26,x24	 x26:0x00000000 x24:0x00000001 x10=0x00000000
     415585.000 ns	     41557	80008648	a0df9d53	flt.s	x26,f31,f13	 f31:0x7fc00000 f13:0x00000000 x26=0x00000000
     415605.000 ns	     41559	8000864c	624a6b17	auipc	x22,0x624a6	 x22=0xe24ae64c
     415625.000 ns	     41561	80008650	293015d3	fmax.s	f11,f0,f19	  f0:0x7fc00000 f19:0x00000000 f11=0x00000000
     415655.000 ns	     41564	80008654	21c22653	fsgnjx.s	f12,f4,f28	  f4:0x00000000 f28:0x00000000 f12=0x00000000
     415675.000 ns	     41566	80008658	2ff64313	xori	x6,x12,767	 x12:0x00000000  x6=0x000002ff
     415695.000 ns	     41568	8000865c	d01a7f53	fcvt.s.wu	f30,x20	 x20:0x00000000 f30=0x00000000
     415715.000 ns	     41570	80008660	4053d7b3	sra	x15,x7,x5	  x7:0x00000000  x5:0xa31f13d3 x15=0x00000000
     415725.000 ns	     41571	80008664	00a7ebb3	or	x23,x15,x10	 x15:0x00000000 x10:0x00000000 x23=0x00000000
     415735.000 ns	     41572	80008668	01559a33	sll	x20,x11,x21	 x11:0x00000001 x21:0x00000000 x20=0x00000001
     415755.000 ns	     41574	8000866c	029ae633	rem	x12,x21,x9	 x21:0x00000000  x9:0x00000000 x12=0x00000000
     415785.000 ns	     41577	80008670	d01296d3	fcvt.s.wu	f13,x5	  x5:0xa31f13d3 f13=0x4f231f13
     415805.000 ns	     41579	80008674	01a29293	slli	x5,x5,0x1a	  x5:0xa31f13d3  x5=0x4c000000
     415825.000 ns	     41581	80008678	a0ea0b53	fle.s	x22,f20,f14	 f20:0x7fc00000 f14:0x80000002 x22=0x00000000
     415845.000 ns	     41583	8000867c	400a02b3	sub	x5,x20,x0	 x20:0x00000001  x0:0x00000000  x5=0x00000001
     415885.000 ns	     41587	80008680	00fd7153	fadd.s	f2,f26,f15	 f26:0x7fc00000 f15:0x407fffae  f2=0x7fc00000
     415915.000 ns	     41590	80008684	a0d18653	fle.s	x12,f3,f13	  f3:0x00000001 f13:0x4f231f13 x12=0x00000001
     415935.000 ns	     41592	80008688	16b94293	xori	x5,x18,363	 x18:0xa31f1000  x5=0xa31f116b
     416295.000 ns	     41628	8000868c	02bad633	divu	x12,x21,x11	 x21:0x00000000 x11:0x00000001 x12=0x00000000
     416345.000 ns	     41633	80008690	08d63653	fsub.s	f12,f12,f13	 f12:0x00000000 f13:0x4f231f13 f12=0xcf231f13
     416365.000 ns	     41635	80008694	af5c6037	lui	x0,0xaf5c6	
     416395.000 ns	     41638	80008698	580bfad3	fsqrt.s	f21,f23	 f23:0x00000000 f21=0x00000000
     416425.000 ns	     41641	8000869c	026a21b3	mulhsu	x3,x20,x6	 x20:0x00000001  x6:0x000002ff  x3=0x00000000
     416455.000 ns	     41644	800086a0	e00a1bd3	fclass.s	x23,f20	 f20:0x7fc00000 x23=0x00000200
     416495.000 ns	     41648	800086a4	11177853	fmul.s	f16,f14,f17	 f14:0x80000002 f17:0x00000000 f16=0x80000000
     416525.000 ns	     41651	800086a8	e00810d3	fclass.s	x1,f16	 f16:0x00000000  x1=0x00000008
     416555.000 ns	     41654	800086ac	c002f053	fcvt.w.s	x0,f5	  f5:0x41800000
     416925.000 ns	     41691	800086b0	03f974b3	remu	x9,x18,x31	 x18:0xa31f1000 x31:0xffffffff  x9=0xa31f1000
     416955.000 ns	     41694	800086b4	e00b0353	fmv.x.w	x6,f22	 f22:0x41800000  x6=0x41800000
     416985.000 ns	     41697	800086b8	021e81b3	mul	x3,x29,x1	 x29:0x00000000  x1:0x00000008  x3=0x00000000
     417015.000 ns	     41700	800086bc	02f55533	divu	x10,x10,x15	 x10:0x00000000 x15:0x00000000 x10=0xffffffff
     417045.000 ns	     41703	800086c0	d01872d3	fcvt.s.wu	f5,x16	 x16:0x80040fe4  f5=0x4f00040f
     417075.000 ns	     41706	800086c4	a1498753	fle.s	x14,f19,f20	 f19:0x00000000 f20:0x7fc00000 x14=0x00000000
     417095.000 ns	     41708	800086c8	01c09c33	sll	x24,x1,x28	  x1:0x00000008 x28:0x0000040a x24=0x00002000
     417105.000 ns	     41709	800086cc	00f58db3	add	x27,x11,x15	 x11:0x00000001 x15:0x00000000 x27=0x00000001
     417115.000 ns	     41710	800086d0	00000013	addi	x0,x0,0	  x0:0x00000000
     417135.000 ns	     41712	800086d4	03a4bf33	mulhu	x30,x9,x26	  x9:0xa31f1000 x26:0x00000000 x30=0x00000000
     417165.000 ns	     41715	800086d8	c01370d3	fcvt.wu.s	x1,f6	  f6:0x00000000  x1=0x00000000
     417185.000 ns	     41717	800086dc	93e30413	addi	x8,x6,-1730	  x6:0x41800000  x8=0x417ff93e
     417205.000 ns	     41719	800086e0	02055cb3	divu	x25,x10,x0	 x10:0xffffffff  x0:0x00000000 x25=0xffffffff
     417245.000 ns	     41723	800086e4	10397ad3	fmul.s	f21,f18,f3	 f18:0x00000000  f3:0x00000001 f21=0x00000000
     417275.000 ns	     41726	800086e8	c00ebbd3	fcvt.w.s	x23,f29	 f29:0x7fc00000 x23=0x7fffffff
     417305.000 ns	     41729	800086ec	02eceb33	rem	x22,x25,x14	 x25:0xffffffff x14:0x00000000 x22=0xffffffff
     417325.000 ns	     41731	800086f0	00000013	addi	x0,x0,0	  x0:0x00000000
     417345.000 ns	     41733	800086f4	28e413d3	fmax.s	f7,f8,f14	  f8:0x7fc00000 f14:0x80000002  f7=0x80000002
     417365.000 ns	     41735	800086f8	67457c13	andi	x24,x10,1652	 x10:0xffffffff x24=0x00000674
     417375.000 ns	     41736	800086fc	410a8013	addi	x0,x21,1040	 x21:0x00000000
     417395.000 ns	     41738	80008700	f0018a53	fmv.w.x	f20,x3	  x3:0x00000000 f20=0x00000000
     417425.000 ns	     41741	80008704	e00e8f53	fmv.x.w	x30,f29	 f29:0x7fc00000 x30=0x7fc00000
     417455.000 ns	     41744	80008708	a09e22d3	feq.s	x5,f28,f9	 f28:0x00000000  f9:0xff800000  x5=0x00000000
     417485.000 ns	     41747	8000870c	28a18053	fmin.s	f0,f3,f10	  f3:0x00000001 f10:0x7fc00000  f0=0x00000001
     417515.000 ns	     41750	80008710	f0070253	fmv.w.x	f4,x14	 x14:0x00000000  f4=0x00000000
     417545.000 ns	     41753	80008714	e0091dd3	fclass.s	x27,f18	 f18:0x00000000 x27=0x00000010
     417575.000 ns	     41756	80008718	a1490653	fle.s	x12,f18,f20	 f18:0x00000000 f20:0x00000000 x12=0x00000001
     417595.000 ns	     41758	8000871c	41275093	srai	x1,x14,0x12	 x14:0x00000000  x1=0x00000000
     417955.000 ns	     41794	80008720	03c5f7b3	remu	x15,x11,x28	 x11:0x00000001 x28:0x0000040a x15=0x00000001
     417985.000 ns	     41797	80008724	a0781353	flt.s	x6,f16,f7	 f16:0x80000000  f7:0x80000002  x6=0x00000000
     418355.000 ns	     41834	80008728	03924bb3	div	x23,x4,x25	  x4:0x00000000 x25:0xffffffff x23=0x00000000
     418385.000 ns	     41837	8000872c	02b43b33	mulhu	x22,x8,x11	  x8:0x417ff93e x11:0x00000001 x22=0x00000000
     418405.000 ns	     41839	80008730	00036b33	or	x22,x6,x0	  x6:0x00000000  x0:0x00000000 x22=0x00000000
     418415.000 ns	     41840	80008734	00a68433	add	x8,x13,x10	 x13:0x0000001d x10:0xffffffff  x8=0x0000001c
     418435.000 ns	     41842	80008738	038b3d33	mulhu	x26,x22,x24	 x22:0x00000000 x24:0x00000674 x26=0x00000000
     418475.000 ns	     41846	8000873c	113d3153	fmul.s	f2,f26,f19	 f26:0x7fc00000 f19:0x00000000  f2=0x7fc00000
     419655.000 ns	     41964	80008740	5807f853	fsqrt.s	f16,f15	 f15:0x407fffae f16=0x3fb5042a
     420025.000 ns	     42001	80008744	02adf4b3	remu	x9,x27,x10	 x27:0x00000010 x10:0xffffffff  x9=0x00000010
     420045.000 ns	     42003	80008748	01ee20b3	slt	x1,x28,x30	 x28:0x0000040a x30:0x7fc00000  x1=0x00000001
     420055.000 ns	     42004	8000874c	84a0b517	auipc	x10,0x84a0b	 x10=0x04a1374c
     420065.000 ns	     42005	80008750	c3344013	xori	x0,x8,-973	  x8:0x0000001c
     420085.000 ns	     42007	80008754	03502ab3	mulhsu	x21,x0,x21	  x0:0x00000000 x21:0x00000000 x21=0x00000000
     420115.000 ns	     42010	80008758	c0159ed3	fcvt.wu.s	x29,f11	 f11:0x00000000 x29=0x00000000
     420165.000 ns	     42015	8000875c	09d770d3	fsub.s	f1,f14,f29	 f14:0x80000002 f29:0x7fc00000  f1=0x7fc00000
     420195.000 ns	     42018	80008760	02e4f0b3	remu	x1,x9,x14	  x9:0x00000010 x14:0x00000000  x1=0x00000010
     420225.000 ns	     42021	80008764	28960d53	fmin.s	f26,f12,f9	 f12:0xcf231f13  f9:0xff800000 f26=0xff800000
     420255.000 ns	     42024	80008768	03d626b3	mulhsu	x13,x12,x29	 x12:0x00000001 x29:0x00000000 x13=0x00000000
     420275.000 ns	     42026	8000876c	406e55b3	sra	x11,x28,x6	 x28:0x0000040a  x6:0x00000000 x11=0x0000040a
     420285.000 ns	     42027	80008770	41555a13	srai	x20,x10,0x15	 x10:0x04a1374c x20=0x00000025
     420295.000 ns	     42028	80008774	41fade33	sra	x28,x21,x31	 x21:0x00000000 x31:0xffffffff x28=0x00000000
     420315.000 ns	     42030	80008778	035a2c33	mulhsu	x24,x20,x21	 x20:0x00000001 x21:0x00000000 x24=0x00000000
     420345.000 ns	     42033	8000877c	02d87133	remu	x2,x16,x13	 x16:0x80040fe4 x13:0x00000000  x2=0x80040fe4
     420385.000 ns	     42037	80008780	112ef1d3	fmul.s	f3,f29,f18	 f29:0x7fc00000 f18:0x00000000  f3=0x7fc00000
     420405.000 ns	     42039	80008784	01751593	slli	x11,x10,0x17	 x10:0x04a1374c x11=0xa6000000
     420425.000 ns	     42041	80008788	29cd16d3	fmax.s	f13,f26,f28	 f26:0xff800000 f28:0x00000000 f13=0x00000000
     420455.000 ns	     42044	8000878c	a077a1d3	feq.s	x3,f15,f7	 f15:0x407fffae  f7:0x80000002  x3=0x00000000
     420475.000 ns	     42046	80008790	00df33b3	sltu	x7,x30,x13	 x30:0x7fc00000 x13:0x00000000  x7=0x00000000
     420485.000 ns	     42047	80008794	926ace93	xori	x29,x21,-1754	 x21:0x00000000 x29=0xfffff926
     420495.000 ns	     42048	80008798	010f4eb3	xor	x29,x30,x16	 x30:0x7fc00000 x16:0x80040fe4 x29=0xffc40fe4
     420515.000 ns	     42050	8000879c	e00685d3	fmv.x.w	x11,f13	 f13:0x00000000 x11=0x00000000
     420555.000 ns	     42054	800087a0	185a7f53	fdiv.s	f30,f20,f5	 f20:0x00000000  f5:0x4f00040f f30=0x00000000
     420605.000 ns	     42059	800087a4	01ee7ad3	fadd.s	f21,f28,f30	 f28:0x00000000 f30:0x00000000 f21=0x00000000
     420635.000 ns	     42062	800087a8	21bd0d53	fsgnj.s	f26,f26,f27	 f26:0xff800000 f27:0x41800000 f26=0x7f800000
     420665.000 ns	     42065	800087ac	2087a753	fsgnjx.s	f14,f15,f8	 f15:0x407fffae  f8:0x7fc00000 f14=0x407fffae
     421035.000 ns	     42102	800087b0	03de7e33	remu	x28,x28,x29	 x28:0x00000000 x29:0xffc40fe4 x28=0x00000000
     421055.000 ns	     42104	800087b4	4d562613	slti	x12,x12,1237	 x12:0x00000001 x12=0x00000001
     421065.000 ns	     42105	800087b8	a93a3d93	sltiu	x27,x20,-1389	 x20:0x00000025 x27=0x00000001
     421075.000 ns	     42106	800087bc	00b08fb3	add	x31,x1,x11	  x1:0x00000010 x11:0x00000000 x31=0x00000010
     421085.000 ns	     42107	800087c0	01fa3db3	sltu	x27,x20,x31	 x20:0x00000025 x31:0xffffffff x27=0x00000000
     421105.000 ns	     42109	800087c4	29301653	fmax.s	f12,f0,f19	  f0:0x00000001 f19:0x00000000 f12=0x00000001
     421125.000 ns	     42111	800087c8	4dc0ff93	andi	x31,x1,1244	  x1:0x00000010 x31=0x00000010
     421145.000 ns	     42113	800087cc	a01086d3	fle.s	x13,f1,f1	  f1:0x7fc00000  f1:0x7fc00000 x13=0x00000000
     421175.000 ns	     42116	800087d0	20351f53	fsgnjn.s	f30,f10,f3	 f10:0x7fc00000  f3:0x7fc00000 f30=0xffc00000
     421195.000 ns	     42118	800087d4	9c3a3913	sltiu	x18,x20,-1597	 x20:0x00000025 x18=0x00000001
     421215.000 ns	     42120	800087d8	a09faa53	feq.s	x20,f31,f9	 f31:0x7fc00000  f9:0xff800000 x20=0x00000000
     421245.000 ns	     42123	800087dc	214b9ad3	fsgnjn.s	f21,f23,f20	 f23:0x00000000 f20:0x00000000 f21=0x80000000
     421265.000 ns	     42125	800087e0	771cc793	xori	x15,x25,1905	 x25:0xffffffff x15=0xfffff88e
     421285.000 ns	     42127	800087e4	d00573d3	fcvt.s.w	f7,x10	 x10:0x04a1374c  f7=0x4c9426e9
     421305.000 ns	     42129	800087e8	199fa613	slti	x12,x31,409	 x31:0x00000010 x12=0x00000001
     421665.000 ns	     42165	800087ec	033fc333	div	x6,x31,x19	 x31:0x00000010 x19:0x80041024  x6=0x00000000
     421695.000 ns	     42168	800087f0	204595d3	fsgnjn.s	f11,f11,f4	 f11:0x00000000  f4:0x00000000 f11=0x80000000
     421715.000 ns	     42170	800087f4	884f3397	auipc	x7,0x884f3	  x7=0x084fb7f4
     421735.000 ns	     42172	800087f8	c01da653	fcvt.wu.s	x12,f27	 f27:0x41800000 x12=0x00000010
     421755.000 ns	     42174	800087fc	4b36a613	slti	x12,x13,1203	 x13:0x00000000 x12=0x00000001
     421765.000 ns	     42175	80008800	00aac733	xor	x14,x21,x10	 x21:0x00000000 x10:0x04a1374c x14=0x04a1374c
     421795.000 ns	     42178	80008804	11c574d3	fmul.s	f9,f10,f28	 f10:0x7fc00000 f28:0x00000000  f9=0x7fc00000
     421815.000 ns	     42180	80008808	7ce8ad13	slti	x26,x17,1998	 x17:0x00001000 x26=0x00000000
     421835.000 ns	     42182	8000880c	c00477d3	fcvt.w.s	x15,f8	  f8:0x7fc00000 x15=0x7fffffff
     421855.000 ns	     42184	80008810	6e78c697	auipc	x13,0x6e78c	 x13=0xee794810
     421875.000 ns	     42186	80008814	204c9753	fsgnjn.s	f14,f25,f4	 f25:0x7fc00000  f4:0x00000000 f14=0xffc00000
     421895.000 ns	     42188	80008818	ef49b337	lui	x6,0xef49b	  x6=0xef49b000
     421905.000 ns	     42189	8000881c	cfedfbb7	lui	x23,0xcfedf	 x23=0xcfedf000
     421925.000 ns	     42191	80008820	219705d3	fsgnj.s	f11,f14,f25	 f14:0xffc00000 f25:0x7fc00000 f11=0x7fc00000
     422295.000 ns	     42228	80008824	02e2cfb3	div	x31,x5,x14	  x5:0x00000000 x14:0x04a1374c x31=0x00000000
     422325.000 ns	     42231	80008828	f00308d3	fmv.w.x	f17,x6	  x6:0xef49b000 f17=0xef49b000
     422355.000 ns	     42234	8000882c	d00139d3	fcvt.s.w	f19,x2	  x2:0x80040fe4 f19=0xcefff7e1
     422385.000 ns	     42237	80008830	a1ef26d3	feq.s	x13,f30,f30	 f30:0xffc00000 f30:0xffc00000 x13=0x00000000
     422405.000 ns	     42239	80008834	00877a33	and	x20,x14,x8	 x14:0x04a1374c  x8:0x0000001c x20=0x0000000c
     422415.000 ns	     42240	80008838	00c7d413	srli	x8,x15,0xc	 x15:0x7fffffff  x8=0x0007ffff
     422425.000 ns	     42241	8000883c	410a5193	srai	x3,x20,0x10	 x20:0x00000000  x3=0x00000000
     422445.000 ns	     42243	80008840	e0058153	fmv.x.w	x2,f11	 f11:0x7fc00000  x2=0x7fc00000
     422475.000 ns	     42246	80008844	d00379d3	fcvt.s.w	f19,x6	  x6:0xef49b000 f19=0xcd85b280
     422495.000 ns	     42248	80008848	acdc3393	sltiu	x7,x24,-1331	 x24:0x00000000  x7=0x00000001
     422505.000 ns	     42249	8000884c	41810ab3	sub	x21,x2,x24	  x2:0x7fc00000 x24:0x00000000 x21=0x7fc00000
     422525.000 ns	     42251	80008850	03b34ab3	div	x21,x6,x27	  x6:0xef49b000 x27:0x00000000 x21=0xffffffff
     422545.000 ns	     42253	80008854	6ddb7e93	andi	x29,x22,1757	 x22:0x00000000 x29=0x00000000
     422565.000 ns	     42255	80008858	a1941dd3	flt.s	x27,f8,f25	  f8:0x7fc00000 f25:0x7fc00000 x27=0x00000000
     422595.000 ns	     42258	8000885c	c003fd53	fcvt.w.s	x26,f7	  f7:0x4c9426e9 x26=0x04a13748
     422615.000 ns	     42260	80008860	01d89593	slli	x11,x17,0x1d	 x17:0x00001000 x11=0x00000000
     422635.000 ns	     42262	80008864	218b8a53	fsgnj.s	f20,f23,f24	 f23:0x00000000 f24:0x41800000 f20=0x00000000
     422655.000 ns	     42264	80008868	17fcbb37	lui	x22,0x17fcb	 x22=0x17fcb000
     422695.000 ns	     42268	8000886c	00baf753	fadd.s	f14,f21,f11	 f21:0x80000000 f11:0x7fc00000 f14=0x7fc00000
     422725.000 ns	     42271	80008870	02bf3b33	mulhu	x22,x30,x11	 x30:0x7fc00000 x11:0x00000000 x22=0x00000000
     422755.000 ns	     42274	80008874	02c106b3	mul	x13,x2,x12	  x2:0x7fc00000 x12:0x00000001 x13=0x7fc00000
     422785.000 ns	     42277	80008878	a1c507d3	fle.s	x15,f10,f28	 f10:0x7fc00000 f28:0x00000000 x15=0x00000000
     422815.000 ns	     42280	8000887c	027c0b33	mul	x22,x24,x7	 x24:0x00000000  x7:0x00000001 x22=0x00000000
     422845.000 ns	     42283	80008880	e0090ed3	fmv.x.w	x29,f18	 f18:0x00000000 x29=0x00000000
     422865.000 ns	     42285	80008884	01249e93	slli	x29,x9,0x12	  x9:0x00000010 x29=0x00400000
     422905.000 ns	     42289	80008888	0918f753	fsub.s	f14,f17,f17	 f17:0xef49b000 f17:0xef49b000 f14=0x00000000
     422935.000 ns	     42292	8000888c	21149553	fsgnjn.s	f10,f9,f17	  f9:0x7fc00000 f17:0xef49b000 f10=0x7fc00000
     422955.000 ns	     42294	80008890	0151db93	srli	x23,x3,0x15	  x3:0x00000000 x23=0x00000000
     422965.000 ns	     42295	80008894	41a2d0b3	sra	x1,x5,x26	  x5:0x00000000 x26:0x04a13748  x1=0x00000000
     423325.000 ns	     42331	80008898	03dd61b3	rem	x3,x26,x29	 x26:0x04a13748 x29:0x00400000  x3=0x00213748
     423355.000 ns	     42334	8000889c	204706d3	fsgnj.s	f13,f14,f4	 f14:0x00000000  f4:0x00000000 f13=0x00000000
     423405.000 ns	     42339	800088a0	094e78d3	fsub.s	f17,f28,f20	 f28:0x00000000 f20:0x00000000 f17=0x80000000
     423425.000 ns	     42341	800088a4	47b2a613	slti	x12,x5,1147	  x5:0x00000000 x12=0x00000001
     423445.000 ns	     42343	800088a8	298a1753	fmax.s	f14,f20,f24	 f20:0x00000000 f24:0x41800000 f14=0x41800000
     423475.000 ns	     42346	800088ac	03c3d433	divu	x8,x7,x28	  x7:0x00000001 x28:0x00000000  x8=0xffffffff
     423495.000 ns	     42348	800088b0	4068dab3	sra	x21,x17,x6	 x17:0x00001000  x6:0xef49b000 x21=0x00001000
     423535.000 ns	     42352	800088b4	01d4f4d3	fadd.s	f9,f9,f29	  f9:0x7fc00000 f29:0x7fc00000  f9=0x7fc00000
     423555.000 ns	     42354	800088b8	0038de13	srli	x28,x17,0x3	 x17:0x00001000 x28=0x00000200
     423565.000 ns	     42355	800088bc	000f2733	slt	x14,x30,x0	 x30:0x7fc00000  x0:0x00000000 x14=0x00000000
     423585.000 ns	     42357	800088c0	f0068853	fmv.w.x	f16,x13	 x13:0x7fc00000 f16=0x7fc00000
     423605.000 ns	     42359	800088c4	0114f333	and	x6,x9,x17	  x9:0x00000010 x17:0x00001000  x6=0x00000000
     423635.000 ns	     42362	800088c8	10be4fd3	fmul.s	f31,f28,f11	 f28:0x00000000 f11:0x7fc00000 f31=0x7fc00000
     423655.000 ns	     42364	800088cc	412b8eb3	sub	x29,x23,x18	 x23:0x00000000 x18:0x00000001 x29=0xffffffff
     423665.000 ns	     42365	800088d0	8584ecb7	lui	x25,0x8584e	 x25=0x8584e000
     423675.000 ns	     42366	800088d4	b8edbe13	sltiu	x28,x27,-1138	 x27:0x00000000 x28=0x00000001
     423695.000 ns	     42368	800088d8	e00d14d3	fclass.s	x9,f26	 f26:0x7f800000  x9=0x00000080
     423735.000 ns	     42372	800088dc	10f49253	fmul.s	f4,f9,f15	  f9:0x7fc00000 f15:0x407fffae  f4=0x7fc00000
     423765.000 ns	     42375	800088e0	d01ff7d3	fcvt.s.wu	f15,x31	 x31:0x00000000 f15=0x00000000
     423785.000 ns	     42377	800088e4	14133617	auipc	x12,0x14133	 x12=0x9413b8e4
     423805.000 ns	     42379	800088e8	d008f3d3	fcvt.s.w	f7,x17	 x17:0x00001000  f7=0x45800000
     423835.000 ns	     42382	800088ec	20f629d3	fsgnjx.s	f19,f12,f15	 f12:0x00000001 f15:0x00000000 f19=0x00000001
     423865.000 ns	     42385	800088f0	03af06b3	mul	x13,x30,x26	 x30:0x7fc00000 x26:0x04a13748 x13=0x2e000000
     423905.000 ns	     42389	800088f4	580d7253	fsqrt.s	f4,f26	 f26:0x7f800000  f4=0x7f800000
     423925.000 ns	     42391	800088f8	4c3b7b93	andi	x23,x22,1219	 x22:0x00000000 x23=0x00000000
     423945.000 ns	     42393	800088fc	03029a33	mulh	x20,x5,x16	  x5:0x00000000 x16:0x80040fe4 x20=0x00000000
     423965.000 ns	     42395	80008900	00f32ab3	slt	x21,x6,x15	  x6:0x00000000 x15:0x00000000 x21=0x00000000
     423985.000 ns	     42397	80008904	025996b3	mulh	x13,x19,x5	 x19:0x80041024  x5:0x00000000 x13=0x00000000
     424015.000 ns	     42400	80008908	03d60ab3	mul	x21,x12,x29	 x12:0x9413b8e4 x29:0xffffffff x21=0x6bec471c
     424035.000 ns	     42402	8000890c	013b7db3	and	x27,x22,x19	 x22:0x00000000 x19:0x80041024 x27=0x00000000
     424395.000 ns	     42438	80008910	02a143b3	div	x7,x2,x10	  x2:0x7fc00000 x10:0x04a1374c  x7=0x0000001b
     424425.000 ns	     42441	80008914	a0608953	fle.s	x18,f1,f6	  f1:0x7fc00000  f6:0x00000000 x18=0x00000000
     424465.000 ns	     42445	80008918	114a7253	fmul.s	f4,f20,f20	 f20:0x00000000 f20:0x00000000  f4=0x00000000
     424495.000 ns	     42448	8000891c	e00f9153	fclass.s	x2,f31	 f31:0x7fc00000  x2=0x00000200
     424525.000 ns	     42451	80008920	02d28933	mul	x18,x5,x13	  x5:0x00000000 x13:0x00000000 x18=0x00000000
     424555.000 ns	     42454	80008924	d00020d3	fcvt.s.w	f1,x0	  x0:0x00000000  f1=0x00000000
     424575.000 ns	     42456	80008928	00e0ebb3	or	x23,x1,x14	  x1:0x00000000 x14:0x00000000 x23=0x00000000
     424615.000 ns	     42460	8000892c	089d3c53	fsub.s	f24,f26,f9	 f26:0x7f800000  f9:0x7fc00000 f24=0x7fc00000
     424635.000 ns	     42462	80008930	014c2433	slt	x8,x24,x20	 x24:0x00000000 x20:0x00000000  x8=0x00000000
     424675.000 ns	     42466	80008934	01def353	fadd.s	f6,f29,f29	 f29:0x7fc00000 f29:0x7fc00000  f6=0x7fc00000
     424705.000 ns	     42469	80008938	202825d3	fsgnjx.s	f11,f16,f2	 f16:0x7fc00000  f2:0x7fc00000 f11=0x7fc00000
     424725.000 ns	     42471	8000893c	496c7313	andi	x6,x24,1174	 x24:0x00000000  x6=0x00000000
     424745.000 ns	     42473	80008940	28699bd3	fmax.s	f23,f19,f6	 f19:0x00000001  f6:0x7fc00000 f23=0x00000001
     424765.000 ns	     42475	80008944	1bd0e313	ori	x6,x1,445	  x1:0x00000000  x6=0x000001bd
     424805.000 ns	     42479	80008948	08fccd53	fsub.s	f26,f25,f15	 f25:0x7fc00000 f15:0x00000000 f26=0x7fc00000
     424835.000 ns	     42482	8000894c	032fb433	mulhu	x8,x31,x18	 x31:0x00000000 x18:0x00000000  x8=0x00000000
     424865.000 ns	     42485	80008950	d00ef253	fcvt.s.w	f4,x29	 x29:0xffffffff  f4=0xbf800000
     424885.000 ns	     42487	80008954	f2687193	andi	x3,x16,-218	 x16:0x80040fe4  x3=0x80040f24
     424905.000 ns	     42489	80008958	0206acb3	mulhsu	x25,x13,x0	 x13:0x00000000  x0:0x00000000 x25=0x00000000
     424925.000 ns	     42491	8000895c	419f5013	srai	x0,x30,0x19	 x30:0x7fc00000
     424945.000 ns	     42493	80008960	034ffa33	remu	x20,x31,x20	 x31:0x00000000 x20:0x00000000 x20=0x00000000
     424975.000 ns	     42496	80008964	03c703b3	mul	x7,x14,x28	 x14:0x00000000 x28:0x00000001  x7=0x00000000
     424995.000 ns	     42498	80008968	00f7bbb3	sltu	x23,x15,x15	 x15:0x00000000 x15:0x00000000 x23=0x00000000
     425025.000 ns	     42501	8000896c	107e71d3	fmul.s	f3,f28,f7	 f28:0x00000000  f7:0x45800000  f3=0x00000000
     425055.000 ns	     42504	80008970	a020ab53	feq.s	x22,f1,f2	  f1:0x00000000  f2:0x7fc00000 x22=0x00000000
     425075.000 ns	     42506	80008974	4111d493	srai	x9,x3,0x11	  x3:0x80040f24  x9=0xffffc002
     425085.000 ns	     42507	80008978	01189093	slli	x1,x17,0x11	 x17:0x00001000  x1=0x20000000
     425095.000 ns	     42508	8000897c	7fc23493	sltiu	x9,x4,2044	  x4:0x00000000  x9=0x00000001
     425105.000 ns	     42509	80008980	403dd333	sra	x6,x27,x3	 x27:0x00000000  x3:0x80040f24  x6=0x00000000
     425125.000 ns	     42511	80008984	29a61553	fmax.s	f10,f12,f26	 f12:0x00000001 f26:0x7fc00000 f10=0x00000001
     425145.000 ns	     42513	80008988	009ece33	xor	x28,x29,x9	 x29:0xffffffff  x9:0x00000001 x28=0xfffffffe
     425165.000 ns	     42515	8000898c	d00ffd53	fcvt.s.w	f26,x31	 x31:0x00000000 f26=0x00000000
     425185.000 ns	     42517	80008990	01a99bb3	sll	x23,x19,x26	 x19:0x80041024 x26:0x04a13748 x23=0x04102400
     425205.000 ns	     42519	80008994	02d0b633	mulhu	x12,x1,x13	  x1:0x20000000 x13:0x00000000 x12=0x00000000
     425235.000 ns	     42522	80008998	213c1753	fsgnjn.s	f14,f24,f19	 f24:0x7fc00000 f19:0x00000001 f14=0xffc00000
     425265.000 ns	     42525	8000899c	20442553	fsgnjx.s	f10,f8,f4	  f8:0x7fc00000  f4:0xbf800000 f10=0xffc00000
     426445.000 ns	     42643	800089a0	5809b653	fsqrt.s	f12,f19	 f19:0x00000001 f12=0x1f350483
     426465.000 ns	     42645	800089a4	5b43fc37	lui	x24,0x5b43f	 x24=0x5b43f000
     426475.000 ns	     42646	800089a8	1461cc93	xori	x25,x3,326	  x3:0x80040f24 x25=0x80040e62
     426495.000 ns	     42648	800089ac	02342f33	mulhsu	x30,x8,x3	  x8:0x00000000  x3:0x80040f24 x30=0x00000000
     426525.000 ns	     42651	800089b0	a17dadd3	feq.s	x27,f27,f23	 f27:0x41800000 f23:0x00000001 x27=0x00000000
     426545.000 ns	     42653	800089b4	00355fb3	srl	x31,x10,x3	 x10:0x04a1374c  x3:0x80040f24 x31=0x004a1374
     426555.000 ns	     42654	800089b8	06667413	andi	x8,x12,102	 x12:0x00000000  x8=0x00000000
     426575.000 ns	     42656	800089bc	e0020e53	fmv.x.w	x28,f4	  f4:0xbf800000 x28=0xbf800000
     426615.000 ns	     42660	800089c0	11d80a53	fmul.s	f20,f16,f29	 f16:0x7fc00000 f29:0x7fc00000 f20=0x7fc00000
     426635.000 ns	     42662	800089c4	28edea37	lui	x20,0x28ede	 x20=0x28ede000
     426655.000 ns	     42664	800089c8	212c1fd3	fsgnjn.s	f31,f24,f18	 f24:0x7fc00000 f18:0x00000000 f31=0xffc00000
     426685.000 ns	     42667	800089cc	024448b3	div	x17,x8,x4	  x8:0x00000000  x4:0x00000000 x17=0xffffffff
     426715.000 ns	     42670	800089d0	20d20f53	fsgnj.s	f30,f4,f13	  f4:0xbf800000 f13:0x00000000 f30=0x3f800000
     426745.000 ns	     42673	800089d4	206994d3	fsgnjn.s	f9,f19,f6	 f19:0x00000001  f6:0x7fc00000  f9=0x80000001
     426775.000 ns	     42676	800089d8	028e1fb3	mulh	x31,x28,x8	 x28:0xbf800000  x8:0x00000000 x31=0x00000000
     426795.000 ns	     42678	800089dc	012dbeb3	sltu	x29,x27,x18	 x27:0x00000000 x18:0x00000000 x29=0x00000000
     426805.000 ns	     42679	800089e0	000f5113	srli	x2,x30,0x0	 x30:0x00000000  x2=0x00000000
     426815.000 ns	     42680	800089e4	f09ebd93	sltiu	x27,x29,-247	 x29:0xffffffff x27=0x00000001
     426835.000 ns	     42682	800089e8	02036633	rem	x12,x6,x0	  x6:0x00000000  x0:0x00000000 x12=0x00000000
     426865.000 ns	     42685	800089ec	29040fd3	fmin.s	f31,f8,f16	  f8:0x7fc00000 f16:0x7fc00000 f31=0x7fc00000
     426885.000 ns	     42687	800089f0	00a946b3	xor	x13,x18,x10	 x18:0x00000000 x10:0x04a1374c x13=0x04a1374c
     426905.000 ns	     42689	800089f4	d01673d3	fcvt.s.wu	f7,x12	 x12:0x00000000  f7=0x00000000
     426925.000 ns	     42691	800089f8	27f18c13	addi	x24,x3,639	  x3:0x80040f24 x24=0x800411a3
     426945.000 ns	     42693	800089fc	e0069553	fclass.s	x10,f13	 f13:0x00000000 x10=0x00000010
     426975.000 ns	     42696	80008a00	d0007653	fcvt.s.w	f12,x0	  x0:0x00000000 f12=0x00000000
     426995.000 ns	     42698	80008a04	002946b3	xor	x13,x18,x2	 x18:0x00000000  x2:0x00000000 x13=0x00000000
     427015.000 ns	     42700	80008a08	29488ad3	fmin.s	f21,f17,f20	 f17:0x80000000 f20:0x7fc00000 f21=0x80000000
     427065.000 ns	     42705	80008a0c	085da3d3	fsub.s	f7,f27,f5	 f27:0x41800000  f5:0x4f00040f  f7=0xcf00040f
     427095.000 ns	     42708	80008a10	212f8053	fsgnj.s	f0,f31,f18	 f31:0x7fc00000 f18:0x00000000  f0=0x7fc00000
     427125.000 ns	     42711	80008a14	f0018fd3	fmv.w.x	f31,x3	  x3:0x80040f24 f31=0x80040f24
     427155.000 ns	     42714	80008a18	0223d333	divu	x6,x7,x2	  x7:0x00000000  x2:0x00000000  x6=0xffffffff
     427185.000 ns	     42717	80008a1c	f00a8353	fmv.w.x	f6,x21	 x21:0x6bec471c  f6=0x6bec471c
     427215.000 ns	     42720	80008a20	28b783d3	fmin.s	f7,f15,f11	 f15:0x00000000 f11:0x7fc00000  f7=0x00000000
     427235.000 ns	     42722	80008a24	7c6b3eb7	lui	x29,0x7c6b3	 x29=0x7c6b3000
     427255.000 ns	     42724	80008a28	c00a9fd3	fcvt.w.s	x31,f21	 f21:0x80000000 x31=0x00000000
     427275.000 ns	     42726	80008a2c	31538c93	addi	x25,x7,789	  x7:0x00000000 x25=0x00000315
     427295.000 ns	     42728	80008a30	c007fdd3	fcvt.w.s	x27,f15	 f15:0x00000000 x27=0x00000000
     427325.000 ns	     42731	80008a34	a00197d3	flt.s	x15,f3,f0	  f3:0x00000000  f0:0x7fc00000 x15=0x00000000
     427345.000 ns	     42733	80008a38	413188b3	sub	x17,x3,x19	  x3:0x80040f24 x19:0x80041024 x17=0xffffff00
     427365.000 ns	     42735	80008a3c	e00907d3	fmv.x.w	x15,f18	 f18:0x00000000 x15=0x00000000
     427385.000 ns	     42737	80008a40	40cee793	ori	x15,x29,1036	 x29:0x7c6b3000 x15=0x7c6b340c
     427745.000 ns	     42773	80008a44	039a7bb3	remu	x23,x20,x25	 x20:0x28ede000 x25:0x00000315 x23=0x0000010e
     427775.000 ns	     42776	80008a48	02812633	mulhsu	x12,x2,x8	  x2:0x00000000  x8:0x00000000 x12=0x00000000
     427815.000 ns	     42780	80008a4c	192417d3	fdiv.s	f15,f8,f18	  f8:0x7fc00000 f18:0x00000000 f15=0x7fc00000
     428185.000 ns	     42817	80008a50	03157d33	remu	x26,x10,x17	 x10:0x00000010 x17:0xffffff00 x26=0x00000010
     428215.000 ns	     42820	80008a54	a0a22453	feq.s	x8,f4,f10	  f4:0xbf800000 f10:0xffc00000  x8=0x00000000
     428235.000 ns	     42822	80008a58	00000013	addi	x0,x0,0	  x0:0x00000000
     428255.000 ns	     42824	80008a5c	a035aa53	feq.s	x20,f11,f3	 f11:0x7fc00000  f3:0x00000000 x20=0x00000000
     428275.000 ns	     42826	80008a60	ccd3dd37	lui	x26,0xccd3d	 x26=0xccd3d000
     428295.000 ns	     42828	80008a64	a05201d3	fle.s	x3,f4,f5	  f4:0xbf800000  f5:0x4f00040f  x3=0x00000001
     428335.000 ns	     42832	80008a68	18d3f653	fdiv.s	f12,f7,f13	  f7:0x00000000 f13:0x00000000 f12=0x7fc00000
     428385.000 ns	     42837	80008a6c	011c18d3	fadd.s	f17,f24,f17	 f24:0x7fc00000 f17:0x80000000 f17=0x7fc00000
     428415.000 ns	     42840	80008a70	29920cd3	fmin.s	f25,f4,f25	  f4:0xbf800000 f25:0x7fc00000 f25=0xbf800000
     428445.000 ns	     42843	80008a74	e00f85d3	fmv.x.w	x11,f31	 f31:0x80040f24 x11=0x80040f24
     428475.000 ns	     42846	80008a78	a18fa3d3	feq.s	x7,f31,f24	 f31:0x80040f24 f24:0x7fc00000  x7=0x00000000
     428495.000 ns	     42848	80008a7c	009a8633	add	x12,x21,x9	 x21:0x6bec471c  x9:0x00000001 x12=0x6bec471d
     428505.000 ns	     42849	80008a80	1211e893	ori	x17,x3,289	  x3:0x00000001 x17=0x00000121
     428515.000 ns	     42850	80008a84	00158033	add	x0,x11,x1	 x11:0x80040f24  x1:0x20000000
     428535.000 ns	     42852	80008a88	28348053	fmin.s	f0,f9,f3	  f9:0x80000001  f3:0x00000000  f0=0x80000001
     428565.000 ns	     42855	80008a8c	02823eb3	mulhu	x29,x4,x8	  x4:0x00000000  x8:0x00000000 x29=0x00000000
     428595.000 ns	     42858	80008a90	a143a753	feq.s	x14,f7,f20	  f7:0x00000000 f20:0x7fc00000 x14=0x00000000
     428965.000 ns	     42895	80008a94	03077033	remu	x0,x14,x16	 x14:0x00000000 x16:0x80040fe4
     428985.000 ns	     42897	80008a98	486f8c93	addi	x25,x31,1158	 x31:0x00000000 x25=0x00000486
     428995.000 ns	     42898	80008a9c	00831e33	sll	x28,x6,x8	  x6:0xffffffff  x8:0x00000000 x28=0xffffffff
     429005.000 ns	     42899	80008aa0	007ddc33	srl	x24,x27,x7	 x27:0x00000000  x7:0x00000000 x24=0x00000000
     429015.000 ns	     42900	80008aa4	1d26f113	andi	x2,x13,466	 x13:0x00000000  x2=0x00000000
     429035.000 ns	     42902	80008aa8	d0071bd3	fcvt.s.w	f23,x14	 x14:0x00000000 f23=0x00000000
     429065.000 ns	     42905	80008aac	e00d0653	fmv.x.w	x12,f26	 f26:0x00000000 x12=0x00000000
     429085.000 ns	     42907	80008ab0	68300193	addi	x3,x0,1667	  x0:0x00000000  x3=0x00000683
     429095.000 ns	     42908	80008ab4	0060d733	srl	x14,x1,x6	  x1:0x20000000  x6:0xffffffff x14=0x00000000
     429115.000 ns	     42910	80008ab8	03b59e33	mulh	x28,x11,x27	 x11:0x80040f24 x27:0x00000000 x28=0x00000000
     429135.000 ns	     42912	80008abc	6cfe4a93	xori	x21,x28,1743	 x28:0xffffffff x21=0x000006cf
     429495.000 ns	     42948	80008ac0	030673b3	remu	x7,x12,x16	 x12:0x00000000 x16:0x80040fe4  x7=0x00000000
     429865.000 ns	     42985	80008ac4	02a775b3	remu	x11,x14,x10	 x14:0x00000000 x10:0x00000010 x11=0x00000000
     429915.000 ns	     42990	80008ac8	0161f6d3	fadd.s	f13,f3,f22	  f3:0x00000000 f22:0x41800000 f13=0x41800000
     429945.000 ns	     42993	80008acc	02236fb3	rem	x31,x6,x2	  x6:0xffffffff  x2:0x00000000 x31=0xffffffff
     429975.000 ns	     42996	80008ad0	d01e94d3	fcvt.s.wu	f9,x29	 x29:0x00000000  f9=0x00000000
     430005.000 ns	     42999	80008ad4	030e84b3	mul	x9,x29,x16	 x29:0x00000000 x16:0x80040fe4  x9=0x00000000
     430025.000 ns	     43001	80008ad8	4159d013	srai	x0,x19,0x15	 x19:0x80041024
     430035.000 ns	     43002	80008adc	00ff4cb3	xor	x25,x30,x15	 x30:0x00000000 x15:0x7c6b340c x25=0x7c6b340c
     430395.000 ns	     43038	80008ae0	03f570b3	remu	x1,x10,x31	 x10:0x00000010 x31:0xffffffff  x1=0x00000010
     430425.000 ns	     43041	80008ae4	d00cacd3	fcvt.s.w	f25,x25	 x25:0x00000486 f25=0x4ef8d669
     430455.000 ns	     43044	80008ae8	21079dd3	fsgnjn.s	f27,f15,f16	 f15:0x7fc00000 f16:0x7fc00000 f27=0xffc00000
     430485.000 ns	     43047	80008aec	03e6d033	divu	x0,x13,x30	 x13:0x00000000 x30:0x00000000
     430515.000 ns	     43050	80008af0	f0090dd3	fmv.w.x	f27,x18	 x18:0x00000000 f27=0x00000000
     430545.000 ns	     43053	80008af4	d01b82d3	fcvt.s.wu	f5,x23	 x23:0x0000010e  f5=0x43870000
     430575.000 ns	     43056	80008af8	03980eb3	mul	x29,x16,x25	 x16:0x80040fe4 x25:0x7c6b340c x29=0xe7b70eb0
     430595.000 ns	     43058	80008afc	5cd68d13	addi	x26,x13,1485	 x13:0x00000000 x26=0x000005cd
     430605.000 ns	     43059	80008b00	019a0ab3	add	x21,x20,x25	 x20:0x00000000 x25:0x7c6b340c x21=0x7c6b340c
     430615.000 ns	     43060	80008b04	0078fc33	and	x24,x17,x7	 x17:0x00000121  x7:0x00000000 x24=0x00000000
     430635.000 ns	     43062	80008b08	037b80b3	mul	x1,x23,x23	 x23:0x0000010e x23:0x0000010e  x1=0x00011cc4
     430685.000 ns	     43067	80008b0c	08d379d3	fsub.s	f19,f6,f13	  f6:0x6bec471c f13:0x41800000 f19=0x6bec471c
     431055.000 ns	     43104	80008b10	03fd4db3	div	x27,x26,x31	 x26:0x000005cd x31:0xffffffff x27=0xfffffa33
     431075.000 ns	     43106	80008b14	46f5a013	slti	x0,x11,1135	 x11:0x00000000
     431095.000 ns	     43108	80008b18	c00efd53	fcvt.w.s	x26,f29	 f29:0x7fc00000 x26=0x7fffffff
     431435.000 ns	     43142	80008b1c	186b48d3	fdiv.s	f17,f22,f6	 f22:0x41800000  f6:0x6bec471c f17=0x15000000
     431465.000 ns	     43145	80008b20	297986d3	fmin.s	f13,f19,f23	 f19:0x6bec471c f23:0x00000000 f13=0x00000000
     431495.000 ns	     43148	80008b24	02e6fcb3	remu	x25,x13,x14	 x13:0x00000000 x14:0x00000000 x25=0x00000000
     431525.000 ns	     43151	80008b28	e00f83d3	fmv.x.w	x7,f31	 f31:0x80040f24  x7=0x80040f24
     431545.000 ns	     43153	80008b2c	00be3d33	sltu	x26,x28,x11	 x28:0x00000000 x11:0x00000000 x26=0x00000000
     431555.000 ns	     43154	80008b30	01fb10b3	sll	x1,x22,x31	 x22:0x00000000 x31:0xffffffff  x1=0x00000000
     431565.000 ns	     43155	80008b34	59758d13	addi	x26,x11,1431	 x11:0x00000000 x26=0x00000597
     431575.000 ns	     43156	80008b38	df8dc013	xori	x0,x27,-520	 x27:0xfffffa33
     431595.000 ns	     43158	80008b3c	e00b1653	fclass.s	x12,f22	 f22:0x41800000 x12=0x00000040
     431625.000 ns	     43161	80008b40	a1c92653	feq.s	x12,f18,f28	 f18:0x00000000 f28:0x00000000 x12=0x00000001
     431645.000 ns	     43163	80008b44	4f59ac13	slti	x24,x19,1269	 x19:0x80041024 x24=0x00000001
     431665.000 ns	     43165	80008b48	21b19bd3	fsgnjn.s	f23,f3,f27	  f3:0x00000000 f27:0x00000000 f23=0x80000000
     431695.000 ns	     43168	80008b4c	c0000453	fcvt.w.s	x8,f0	  f0:0x80000001  x8=0x00000000
     431715.000 ns	     43170	80008b50	089a3193	sltiu	x3,x20,137	 x20:0x00000000  x3=0x00000001
     431725.000 ns	     43171	80008b54	011a8933	add	x18,x21,x17	 x21:0x7c6b340c x17:0x00000121 x18=0x7c6b352d
     431735.000 ns	     43172	80008b58	006d3eb3	sltu	x29,x26,x6	 x26:0x00000597  x6:0xffffffff x29=0x00000001
     431745.000 ns	     43173	80008b5c	ee0c94b7	lui	x9,0xee0c9	  x9=0xee0c9000
     431755.000 ns	     43174	80008b60	01432fb3	slt	x31,x6,x20	  x6:0xffffffff x20:0x00000000 x31=0x00000001
     431775.000 ns	     43176	80008b64	a1972c53	feq.s	x24,f14,f25	 f14:0xffc00000 f25:0x4ef8d669 x24=0x00000000
     431815.000 ns	     43180	80008b68	19837753	fdiv.s	f14,f6,f24	  f6:0x6bec471c f24:0x7fc00000 f14=0x7fc00000
     431835.000 ns	     43182	80008b6c	00000013	addi	x0,x0,0	  x0:0x00000000
     431845.000 ns	     43183	80008b70	8a842793	slti	x15,x8,-1880	  x8:0x00000000 x15=0x00000000
     431855.000 ns	     43184	80008b74	01bdd513	srli	x10,x27,0x1b	 x27:0xfffffa33 x10=0x0000001f
     431875.000 ns	     43186	80008b78	21822cd3	fsgnjx.s	f25,f4,f24	  f4:0xbf800000 f24:0x7fc00000 f25=0xbf800000
     431905.000 ns	     43189	80008b7c	c003f6d3	fcvt.w.s	x13,f7	  f7:0x00000000 x13=0x00000000
     431925.000 ns	     43191	80008b80	0045dc33	srl	x24,x11,x4	 x11:0x00000000  x4:0x00000000 x24=0x00000000
     431945.000 ns	     43193	80008b84	20d30253	fsgnj.s	f4,f6,f13	  f6:0x6bec471c f13:0x00000000  f4=0x6bec471c
     431975.000 ns	     43196	80008b88	a1751f53	flt.s	x30,f10,f23	 f10:0xffc00000 f23:0x80000000 x30=0x00000000
     431995.000 ns	     43198	80008b8c	00c2fc33	and	x24,x5,x12	  x5:0x00000000 x12:0x00000001 x24=0x00000000
     432005.000 ns	     43199	80008b90	018496b3	sll	x13,x9,x24	  x9:0xee0c9000 x24:0x00000000 x13=0xee0c9000
     432015.000 ns	     43200	80008b94	01d582b3	add	x5,x11,x29	 x11:0x00000000 x29:0x00000001  x5=0x00000001
     432025.000 ns	     43201	80008b98	005fdf93	srli	x31,x31,0x5	 x31:0x00000001 x31=0x00000000
     432045.000 ns	     43203	80008b9c	e00d81d3	fmv.x.w	x3,f27	 f27:0x00000000  x3=0x00000000
     432075.000 ns	     43206	80008ba0	023bfab3	remu	x21,x23,x3	 x23:0x0000010e  x3:0x00000001 x21=0x0000010e
     432105.000 ns	     43209	80008ba4	033d9a33	mulh	x20,x27,x19	 x27:0xfffffa33 x19:0x80041024 x20=0x000002e6
     432145.000 ns	     43213	80008ba8	11258153	fmul.s	f2,f11,f18	 f11:0x7fc00000 f18:0x00000000  f2=0x7fc00000
     432175.000 ns	     43216	80008bac	284d1e53	fmax.s	f28,f26,f4	 f26:0x00000000  f4:0x6bec471c f28=0x6bec471c
     432195.000 ns	     43218	80008bb0	01c93db3	sltu	x27,x18,x28	 x18:0x7c6b352d x28:0x00000000 x27=0x00000000
     432215.000 ns	     43220	80008bb4	02df31b3	mulhu	x3,x30,x13	 x30:0x00000000 x13:0xee0c9000  x3=0x00000000
     432245.000 ns	     43223	80008bb8	02fb0333	mul	x6,x22,x15	 x22:0x00000000 x15:0x00000000  x6=0x00000000
     432295.000 ns	     43228	80008bbc	003bc8d3	fadd.s	f17,f23,f3	 f23:0x80000000  f3:0x00000000 f17=0x00000000
     432325.000 ns	     43231	80008bc0	028b5333	divu	x6,x22,x8	 x22:0x00000000  x8:0x00000000  x6=0xffffffff
     432345.000 ns	     43233	80008bc4	00000013	addi	x0,x0,0	  x0:0x00000000
     432355.000 ns	     43234	80008bc8	01b05a93	srli	x21,x0,0x1b	  x0:0x00000000 x21=0x00000000
     432365.000 ns	     43235	80008bcc	418d05b3	sub	x11,x26,x24	 x26:0x00000597 x24:0x00000000 x11=0x00000597
     432385.000 ns	     43237	80008bd0	f00c8dd3	fmv.w.x	f27,x25	 x25:0x00000000 f27=0x00000000
     432415.000 ns	     43240	80008bd4	02169bb3	mulh	x23,x13,x1	 x13:0xee0c9000  x1:0x00000000 x23=0x00000000
     432435.000 ns	     43242	80008bd8	019e6033	or	x0,x28,x25	 x28:0x00000000 x25:0x00000000
     432455.000 ns	     43244	80008bdc	d011fc53	fcvt.s.wu	f24,x3	  x3:0x00000000 f24=0x00000000
     432485.000 ns	     43247	80008be0	20b19a53	fsgnjn.s	f20,f3,f11	  f3:0x00000000 f11:0x7fc00000 f20=0x80000000
     432515.000 ns	     43250	80008be4	03941633	mulh	x12,x8,x25	  x8:0x00000000 x25:0x00000000 x12=0x00000000
     432545.000 ns	     43253	80008be8	e00703d3	fmv.x.w	x7,f14	 f14:0x7fc00000  x7=0x7fc00000
     432565.000 ns	     43255	80008bec	00de5493	srli	x9,x28,0xd	 x28:0x00000000  x9=0x00000000
     432575.000 ns	     43256	80008bf0	0076ba33	sltu	x20,x13,x7	 x13:0xee0c9000  x7:0x7fc00000 x20=0x00000000
     432585.000 ns	     43257	80008bf4	00000013	addi	x0,x0,0	  x0:0x00000000
     432605.000 ns	     43259	80008bf8	21300ad3	fsgnj.s	f21,f0,f19	  f0:0x80000001 f19:0x6bec471c f21=0x00000001
     432945.000 ns	     43293	80008bfc	18404653	fdiv.s	f12,f0,f4	  f0:0x80000001  f4:0x6bec471c f12=0x80000000
     432965.000 ns	     43295	80008c00	018cf6b3	and	x13,x25,x24	 x25:0x00000000 x24:0x00000000 x13=0x00000000
     432985.000 ns	     43297	80008c04	20238453	fsgnj.s	f8,f7,f2	  f7:0x00000000  f2:0x7fc00000  f8=0x00000000
     433325.000 ns	     43331	80008c08	199b71d3	fdiv.s	f3,f22,f25	 f22:0x41800000 f25:0xbf800000  f3=0xc1045ede
     433345.000 ns	     43333	80008c0c	6c852737	lui	x14,0x6c852	 x14=0x6c852000
     433365.000 ns	     43335	80008c10	a17f07d3	fle.s	x15,f30,f23	 f30:0x3f800000 f23:0x80000000 x15=0x00000000
     433385.000 ns	     43337	80008c14	00e586b3	add	x13,x11,x14	 x11:0x00000597 x14:0x00000000 x13=0x6c852597
     433395.000 ns	     43338	80008c18	01fad013	srli	x0,x21,0x1f	 x21:0x00000000
     433415.000 ns	     43340	80008c1c	e00c9bd3	fclass.s	x23,f25	 f25:0xbf800000 x23=0x00000002
     433445.000 ns	     43343	80008c20	a1b59bd3	flt.s	x23,f11,f27	 f11:0x7fc00000 f27:0x00000000 x23=0x00000000
     433475.000 ns	     43346	80008c24	a0e72053	feq.s	x0,f14,f14	 f14:0x7fc00000 f14:0x7fc00000
     433505.000 ns	     43349	80008c28	201d95d3	fsgnjn.s	f11,f27,f1	 f27:0x00000000  f1:0x00000000 f11=0x80000000
     433555.000 ns	     43354	80008c2c	0808a153	fsub.s	f2,f17,f0	 f17:0x00000000  f0:0x80000001  f2=0x00000001
     433585.000 ns	     43357	80008c30	03fe5733	divu	x14,x28,x31	 x28:0x00000000 x31:0x00000000 x14=0xffffffff
     433615.000 ns	     43360	80008c34	e00e0d53	fmv.x.w	x26,f28	 f28:0x6bec471c x26=0x6bec471c
     433635.000 ns	     43362	80008c38	ad494d13	xori	x26,x18,-1324	 x18:0x7c6b352d x26=0x8394cff9
     433645.000 ns	     43363	80008c3c	00000013	addi	x0,x0,0	  x0:0x00000000
     433655.000 ns	     43364	80008c40	41e25f93	srai	x31,x4,0x1e	  x4:0x00000000 x31=0x00000000
     434015.000 ns	     43400	80008c44	027decb3	rem	x25,x27,x7	 x27:0x00000000  x7:0x7fc00000 x25=0x00000000
     434045.000 ns	     43403	80008c48	d0007453	fcvt.s.w	f8,x0	  x0:0x00000000  f8=0x00000000
     434075.000 ns	     43406	80008c4c	03bead33	mulhsu	x26,x29,x27	 x29:0x00000001 x27:0x00000000 x26=0x00000000
     434095.000 ns	     43408	80008c50	c4d2e037	lui	x0,0xc4d2e	
     434115.000 ns	     43410	80008c54	29419dd3	fmax.s	f27,f3,f20	  f3:0xc1045ede f20:0x80000000 f27=0x80000000
     434145.000 ns	     43413	80008c58	207d1cd3	fsgnjn.s	f25,f26,f7	 f26:0x00000000  f7:0x00000000 f25=0x80000000
     434165.000 ns	     43415	80008c5c	001d51b3	srl	x3,x26,x1	 x26:0x00000000  x1:0x00000000  x3=0x00000000
     434185.000 ns	     43417	80008c60	d0077853	fcvt.s.w	f16,x14	 x14:0xffffffff f16=0xbf800000
     435365.000 ns	     43535	80008c64	580f2953	fsqrt.s	f18,f30	 f30:0x3f800000 f18=0x3f7fffae
     435385.000 ns	     43537	80008c68	14f28d17	auipc	x26,0x14f28	 x26=0x94f30c68
     435395.000 ns	     43538	80008c6c	00d1df93	srli	x31,x3,0xd	  x3:0x00000000 x31=0x00000000
     435405.000 ns	     43539	80008c70	0062f433	and	x8,x5,x6	  x5:0x00000001  x6:0xffffffff  x8=0x00000001
     435425.000 ns	     43541	80008c74	d01078d3	fcvt.s.wu	f17,x0	  x0:0x00000000 f17=0x00000000
     435445.000 ns	     43543	80008c78	001ec1b3	xor	x3,x29,x1	 x29:0x00000001  x1:0x00000000  x3=0x00000001
     435455.000 ns	     43544	80008c7c	007dd4b3	srl	x9,x27,x7	 x27:0x00000000  x7:0x7fc00000  x9=0x00000000
     435475.000 ns	     43546	80008c80	d00483d3	fcvt.s.w	f7,x9	  x9:0x00000000  f7=0x00000000
     435495.000 ns	     43548	80008c84	25a54c13	xori	x24,x10,602	 x10:0x0000001f x24=0x00000245
     435505.000 ns	     43549	80008c88	ac6dce13	xori	x28,x27,-1338	 x27:0x00000000 x28=0xfffffac6
     435525.000 ns	     43551	80008c8c	037685b3	mul	x11,x13,x23	 x13:0x6c852597 x23:0x00000000 x11=0x00000000
     435555.000 ns	     43554	80008c90	a12703d3	fle.s	x7,f14,f18	 f14:0x7fc00000 f18:0x3f7fffae  x7=0x00000000
     435595.000 ns	     43558	80008c94	19727453	fdiv.s	f8,f4,f23	  f4:0x6bec471c f23:0x80000000  f8=0xff800000
     435615.000 ns	     43560	80008c98	01265493	srli	x9,x12,0x12	 x12:0x00000000  x9=0x00000000
     435625.000 ns	     43561	80008c9c	01399fb3	sll	x31,x19,x19	 x19:0x80041024 x19:0x80041024 x31=0x00410240
     435665.000 ns	     43565	80008ca0	012696d3	fadd.s	f13,f13,f18	 f13:0x00000000 f18:0x3f7fffae f13=0x3f7fffae
     435685.000 ns	     43567	80008ca4	40775513	srai	x10,x14,0x7	 x14:0xffffffff x10=0xffffffff
     435705.000 ns	     43569	80008ca8	20e184d3	fsgnj.s	f9,f3,f14	  f3:0xc1045ede f14:0x7fc00000  f9=0x41045ede
     435735.000 ns	     43572	80008cac	e00e02d3	fmv.x.w	x5,f28	 f28:0x6bec471c  x5=0x6bec471c
     435765.000 ns	     43575	80008cb0	0394bdb3	mulhu	x27,x9,x25	  x9:0x00000000 x25:0x00000000 x27=0x00000000
     435785.000 ns	     43577	80008cb4	00865eb3	srl	x29,x12,x8	 x12:0x00000000  x8:0x00000001 x29=0x00000000
     435805.000 ns	     43579	80008cb8	020b04b3	mul	x9,x22,x0	 x22:0x00000000  x0:0x00000000  x9=0x00000000
     435825.000 ns	     43581	80008cbc	2dfbf113	andi	x2,x23,735	 x23:0x00000000  x2=0x00000000
     435835.000 ns	     43582	80008cc0	01ca6733	or	x14,x20,x28	 x20:0x00000000 x28:0xfffffac6 x14=0xfffffac6
     435845.000 ns	     43583	80008cc4	00000013	addi	x0,x0,0	  x0:0x00000000
     435885.000 ns	     43587	80008cc8	0869f6d3	fsub.s	f13,f19,f6	 f19:0x6bec471c  f6:0x6bec471c f13=0x80000000
     435915.000 ns	     43590	80008ccc	21bf80d3	fsgnj.s	f1,f31,f27	 f31:0x80040f24 f27:0x80000000  f1=0x80040f24
     435935.000 ns	     43592	80008cd0	7b318417	auipc	x8,0x7b318	  x8=0xfb320cd0
     435955.000 ns	     43594	80008cd4	f00005d3	fmv.w.x	f11,x0	  x0:0x00000000 f11=0x00000000
     435985.000 ns	     43597	80008cd8	28790a53	fmin.s	f20,f18,f7	 f18:0x3f7fffae  f7:0x00000000 f20=0x00000000
     436015.000 ns	     43600	80008cdc	e00e81d3	fmv.x.w	x3,f29	 f29:0x7fc00000  x3=0x7fc00000
     436035.000 ns	     43602	80008ce0	411908b3	sub	x17,x18,x17	 x18:0x7c6b352d x17:0x00000121 x17=0x7c6b340c
     436045.000 ns	     43603	80008ce4	b24f4093	xori	x1,x30,-1244	 x30:0x00000000  x1=0xfffffb24
     436065.000 ns	     43605	80008ce8	024332b3	mulhu	x5,x6,x4	  x6:0xffffffff  x4:0x00000000  x5=0x00000000
     436085.000 ns	     43607	80008cec	47d17613	andi	x12,x2,1149	  x2:0x00000000 x12=0x00000000
     436095.000 ns	     43608	80008cf0	00000013	addi	x0,x0,0	  x0:0x00000000
     436105.000 ns	     43609	80008cf4	40da0cb3	sub	x25,x20,x13	 x20:0x00000000 x13:0x6c852597 x25=0x937ada69
     436115.000 ns	     43610	80008cf8	01699633	sll	x12,x19,x22	 x19:0x80041024 x22:0x00000000 x12=0x80041024
     436135.000 ns	     43612	80008cfc	0243b5b3	mulhu	x11,x7,x4	  x7:0x00000000  x4:0x00000000 x11=0x00000000
     436175.000 ns	     43616	80008d00	10e1a953	fmul.s	f18,f3,f14	  f3:0xc1045ede f14:0x7fc00000 f18=0x7fc00000
     436195.000 ns	     43618	80008d04	00c1a2b3	slt	x5,x3,x12	  x3:0x7fc00000 x12:0x80041024  x5=0x00000000
     436205.000 ns	     43619	80008d08	413a58b3	sra	x17,x20,x19	 x20:0x00000000 x19:0x80041024 x17=0x00000000
     436215.000 ns	     43620	80008d0c	002e6a33	or	x20,x28,x2	 x28:0xfffffac6  x2:0x00000000 x20=0xfffffac6
     436235.000 ns	     43622	80008d10	02f5fc33	remu	x24,x11,x15	 x11:0x00000000 x15:0x00000000 x24=0x00000000
     436265.000 ns	     43625	80008d14	21cf2fd3	fsgnjx.s	f31,f30,f28	 f30:0x3f800000 f28:0x6bec471c f31=0x3f800000
     436285.000 ns	     43627	80008d18	0138d933	srl	x18,x17,x19	 x17:0x00000000 x19:0x80041024 x18=0x00000000
     436295.000 ns	     43628	80008d1c	f1117d13	andi	x26,x2,-239	  x2:0x00000000 x26=0x00000000
     436315.000 ns	     43630	80008d20	a01dabd3	feq.s	x23,f27,f1	 f27:0x80000000  f1:0x80040f24 x23=0x00000000
     436335.000 ns	     43632	80008d24	e6b66313	ori	x6,x12,-405	 x12:0x80041024  x6=0xfffffe6f
     436355.000 ns	     43634	80008d28	037ee8b3	rem	x17,x29,x23	 x29:0x00000000 x23:0x00000000 x17=0x00000000
     436375.000 ns	     43636	80008d2c	01bf3333	sltu	x6,x30,x27	 x30:0x00000000 x27:0x00000000  x6=0x00000000
     436405.000 ns	     43639	80008d30	580a7fd3	fsqrt.s	f31,f20	 f20:0x00000000 f31=0x00000000
     436425.000 ns	     43641	80008d34	f73d8d13	addi	x26,x27,-141	 x27:0x00000000 x26=0xffffff73
     436465.000 ns	     43645	80008d38	09987ed3	fsub.s	f29,f16,f25	 f16:0xbf800000 f25:0x80000000 f29=0xbf800000
     436485.000 ns	     43647	80008d3c	4197d033	sra	x0,x15,x25	 x15:0x00000000 x25:0x937ada69
     436515.000 ns	     43650	80008d40	580577d3	fsqrt.s	f15,f10	 f10:0xffc00000 f15=0x7fc00000
     436855.000 ns	     43684	80008d44	1962c0d3	fdiv.s	f1,f5,f22	  f5:0x43870000 f22:0x41800000  f1=0x4110374e
     437225.000 ns	     43721	80008d48	02395033	divu	x0,x18,x3	 x18:0x00000000  x3:0x7fc00000
     437255.000 ns	     43724	80008d4c	218a0d53	fsgnj.s	f26,f20,f24	 f20:0x00000000 f24:0x00000000 f26=0x00000000
     437285.000 ns	     43727	80008d50	a04f1dd3	flt.s	x27,f30,f4	 f30:0x3f800000  f4:0x6bec471c x27=0x00000001
     437315.000 ns	     43730	80008d54	20d30e53	fsgnj.s	f28,f6,f13	  f6:0x6bec471c f13:0x80000000 f28=0xebec471c
     437335.000 ns	     43732	80008d58	00e41513	slli	x10,x8,0xe	  x8:0xfb320cd0 x10=0x83340000
     437345.000 ns	     43733	80008d5c	b84e6897	auipc	x17,0xb84e6	 x17=0x384eed5c
     437355.000 ns	     43734	80008d60	01023eb3	sltu	x29,x4,x16	  x4:0x00000000 x16:0x80040fe4 x29=0x00000001
     437365.000 ns	     43735	80008d64	01209db3	sll	x27,x1,x18	  x1:0xfffffb24 x18:0x00000000 x27=0xfffffb24
     437405.000 ns	     43739	80008d68	08417dd3	fsub.s	f27,f2,f4	  f2:0x00000001  f4:0x6bec471c f27=0xebec471c
     437425.000 ns	     43741	80008d6c	01ff4fb3	xor	x31,x30,x31	 x30:0x00000000 x31:0x00410240 x31=0x00410240
     438595.000 ns	     43858	80008d70	5809ff53	fsqrt.s	f30,f19	 f19:0x6bec471c f30=0x55ade81e
     438965.000 ns	     43895	80008d74	028bc933	div	x18,x23,x8	 x23:0x00000000  x8:0xfb320cd0 x18=0x00000000
     439005.000 ns	     43899	80008d78	58097dd3	fsqrt.s	f27,f18	 f18:0x7fc00000 f27=0x7fc00000
     439045.000 ns	     43903	80008d7c	11fef9d3	fmul.s	f19,f29,f31	 f29:0xbf800000 f31:0x00000000 f19=0x80000000
     439075.000 ns	     43906	80008d80	a1cf12d3	flt.s	x5,f30,f28	 f30:0x55ade81e f28:0xebec471c  x5=0x00000000
     439095.000 ns	     43908	80008d84	00508433	add	x8,x1,x5	  x1:0xfffffb24  x5:0x00000000  x8=0xfffffb24
     439105.000 ns	     43909	80008d88	00000013	addi	x0,x0,0	  x0:0x00000000
     439115.000 ns	     43910	80008d8c	401d5093	srai	x1,x26,0x1	 x26:0xffffff73  x1=0xffffffb9
     439135.000 ns	     43912	80008d90	02c2ad33	mulhsu	x26,x5,x12	  x5:0x00000000 x12:0x80041024 x26=0x00000000
     439165.000 ns	     43915	80008d94	a02125d3	feq.s	x11,f2,f2	  f2:0x00000001  f2:0x00000001 x11=0x00000001
     439195.000 ns	     43918	80008d98	0299f533	remu	x10,x19,x9	 x19:0x80041024  x9:0x00000000 x10=0x80041024
     439215.000 ns	     43920	80008d9c	3bc44f97	auipc	x31,0x3bc44	 x31=0xbbc4cd9c
     439235.000 ns	     43922	80008da0	02b917b3	mulh	x15,x18,x11	 x18:0x00000000 x11:0x00000001 x15=0x00000000
     439255.000 ns	     43924	80008da4	015a6a33	or	x20,x20,x21	 x20:0xfffffac6 x21:0x00000000 x20=0xfffffac6
     439275.000 ns	     43926	80008da8	e00a02d3	fmv.x.w	x5,f20	 f20:0x00000000  x5=0x00000000
     439295.000 ns	     43928	80008dac	6cf4b893	sltiu	x17,x9,1743	  x9:0x00000000 x17=0x00000001
     439305.000 ns	     43929	80008db0	00685a13	srli	x20,x16,0x6	 x16:0x80040fe4 x20=0x0200103f
     439335.000 ns	     43932	80008db4	58054d53	fsqrt.s	f26,f10	 f10:0xffc00000 f26=0x7fc00000
     439355.000 ns	     43934	80008db8	415fd713	srai	x14,x31,0x15	 x31:0xbbc4cd9c x14=0xfffffdde
     439385.000 ns	     43937	80008dbc	11014c53	fmul.s	f24,f2,f16	  f2:0x00000001 f16:0xbf800000 f24=0x80000002
     439405.000 ns	     43939	80008dc0	4077d733	sra	x14,x15,x7	 x15:0x00000000  x7:0x00000000 x14=0x00000000
     439415.000 ns	     43940	80008dc4	00000013	addi	x0,x0,0	  x0:0x00000000
     439425.000 ns	     43941	80008dc8	00000013	addi	x0,x0,0	  x0:0x00000000
     439445.000 ns	     43943	80008dcc	02000b33	mul	x22,x0,x0	  x0:0x00000000  x0:0x00000000 x22=0x00000000
     439815.000 ns	     43980	80008dd0	02146fb3	rem	x31,x8,x1	  x8:0xfffffb24  x1:0xffffffb9 x31=0xffffffdb
     439855.000 ns	     43984	80008dd4	188b71d3	fdiv.s	f3,f22,f8	 f22:0x41800000  f8:0xff800000  f3=0x80000000
     439875.000 ns	     43986	80008dd8	00eadc93	srli	x25,x21,0xe	 x21:0x00000000 x25=0x00000000
     439895.000 ns	     43988	80008ddc	03957bb3	remu	x23,x10,x25	 x10:0x80041024 x25:0x937ada69 x23=0x80041024
     439915.000 ns	     43990	80008de0	ee806c13	ori	x24,x0,-280	  x0:0x00000000 x24=0xfffffee8
     439925.000 ns	     43991	80008de4	01580bb3	add	x23,x16,x21	 x16:0x80040fe4 x21:0x00000000 x23=0x80040fe4
     439935.000 ns	     43992	80008de8	ae465337	lui	x6,0xae465	  x6=0xae465000
     439955.000 ns	     43994	80008dec	20910553	fsgnj.s	f10,f2,f9	  f2:0x00000001  f9:0x41045ede f10=0x00000001
     439995.000 ns	     43998	80008df0	18197c53	fdiv.s	f24,f18,f1	 f18:0x7fc00000  f1:0x4110374e f24=0x7fc00000
     440015.000 ns	     44000	80008df4	0096ccb3	xor	x25,x13,x9	 x13:0x6c852597  x9:0x00000000 x25=0x6c852597
     440035.000 ns	     44002	80008df8	d01c2f53	fcvt.s.wu	f30,x24	 x24:0xfffffee8 f30=0x4f7fffff
     440065.000 ns	     44005	80008dfc	02b212b3	mulh	x5,x4,x11	  x4:0x00000000 x11:0x00000001  x5=0x00000000
     440085.000 ns	     44007	80008e00	07f4c717	auipc	x14,0x7f4c	 x14=0x87f54e00
     440125.000 ns	     44011	80008e04	019523d3	fadd.s	f7,f10,f25	 f10:0x00000001 f25:0x80000000  f7=0x00000001
     440145.000 ns	     44013	80008e08	00996e33	or	x28,x18,x9	 x18:0x00000000  x9:0x00000000 x28=0x00000000
     440165.000 ns	     44015	80008e0c	206001d3	fsgnj.s	f3,f0,f6	  f0:0x80000001  f6:0x6bec471c  f3=0x00000001
     440195.000 ns	     44018	80008e10	a1472c53	feq.s	x24,f14,f20	 f14:0x7fc00000 f20:0x00000000 x24=0x00000000
     440225.000 ns	     44021	80008e14	29df9553	fmax.s	f10,f31,f29	 f31:0x00000000 f29:0xbf800000 f10=0x00000000
     440255.000 ns	     44024	80008e18	21bcacd3	fsgnjx.s	f25,f25,f27	 f25:0x80000000 f27:0x7fc00000 f25=0x80000000
     440285.000 ns	     44027	80008e1c	203721d3	fsgnjx.s	f3,f14,f3	 f14:0x7fc00000  f3:0x00000001  f3=0x7fc00000
     440305.000 ns	     44029	80008e20	0e1b1c97	auipc	x25,0xe1b1	 x25=0x8e1b9e20
     440325.000 ns	     44031	80008e24	035d6f33	rem	x30,x26,x21	 x26:0x00000000 x21:0x00000000 x30=0x00000000
     440375.000 ns	     44036	80008e28	008c03d3	fadd.s	f7,f24,f8	 f24:0x7fc00000  f8:0xff800000  f7=0x7fc00000
     440415.000 ns	     44040	80008e2c	10f901d3	fmul.s	f3,f18,f15	 f18:0x7fc00000 f15:0x7fc00000  f3=0x7fc00000
     440435.000 ns	     44042	80008e30	5a616c93	ori	x25,x2,1446	  x2:0x00000000 x25=0x000005a6
     440445.000 ns	     44043	80008e34	02cc7f37	lui	x30,0x2cc7	 x30=0x02cc7000
     440465.000 ns	     44045	80008e38	21c80153	fsgnj.s	f2,f16,f28	 f16:0xbf800000 f28:0xebec471c  f2=0xbf800000
     440485.000 ns	     44047	80008e3c	c0711537	lui	x10,0xc0711	 x10=0xc0711000
     440495.000 ns	     44048	80008e40	01350db3	add	x27,x10,x19	 x10:0x80041024 x19:0x80041024 x27=0x40752024
     440515.000 ns	     44050	80008e44	21280e53	fsgnj.s	f28,f16,f18	 f16:0xbf800000 f18:0x7fc00000 f28=0x3f800000
     440545.000 ns	     44053	80008e48	03682733	mulhsu	x14,x16,x22	 x16:0x80040fe4 x22:0x00000000 x14=0x00000000
     440565.000 ns	     44055	80008e4c	005f34b3	sltu	x9,x30,x5	 x30:0x02cc7000  x5:0x00000000  x9=0x00000000
     440575.000 ns	     44056	80008e50	01598933	add	x18,x19,x21	 x19:0x80041024 x21:0x00000000 x18=0x80041024
     440595.000 ns	     44058	80008e54	294e1953	fmax.s	f18,f28,f20	 f28:0x3f800000 f20:0x00000000 f18=0x3f800000
     440615.000 ns	     44060	80008e58	40255b93	srai	x23,x10,0x2	 x10:0xc0711000 x23=0xf01c4400
     440635.000 ns	     44062	80008e5c	e00887d3	fmv.x.w	x15,f17	 f17:0x00000000 x15=0x00000000
     440655.000 ns	     44064	80008e60	43398f93	addi	x31,x19,1075	 x19:0x80041024 x31=0x80041457
     440665.000 ns	     44065	80008e64	01a3c933	xor	x18,x7,x26	  x7:0x00000000 x26:0x00000000 x18=0x00000000
     440705.000 ns	     44069	80008e68	09faff53	fsub.s	f30,f21,f31	 f21:0x00000001 f31:0x00000000 f30=0x00000001
     440725.000 ns	     44071	80008e6c	411e8eb3	sub	x29,x29,x17	 x29:0x00000001 x17:0x00000001 x29=0x00000000
     440745.000 ns	     44073	80008e70	a0dc8553	fle.s	x10,f25,f13	 f25:0x80000000 f13:0x80000000 x10=0x00000001
     440775.000 ns	     44076	80008e74	035fae33	mulhsu	x28,x31,x21	 x31:0x80041457 x21:0x00000000 x28=0x00000000
     440805.000 ns	     44079	80008e78	035d43b3	div	x7,x26,x21	 x26:0x00000000 x21:0x00000000  x7=0xffffffff
     440825.000 ns	     44081	80008e7c	bfb67e93	andi	x29,x12,-1029	 x12:0x80041024 x29=0x80041020
     440845.000 ns	     44083	80008e80	a19d0053	fle.s	x0,f26,f25	 f26:0x7fc00000 f25:0x80000000
     441215.000 ns	     44120	80008e84	031f7a33	remu	x20,x30,x17	 x30:0x02cc7000 x17:0x00000001 x20=0x00000000
     441235.000 ns	     44122	80008e88	00000013	addi	x0,x0,0	  x0:0x00000000
     441245.000 ns	     44123	80008e8c	40738133	sub	x2,x7,x7	  x7:0xffffffff  x7:0xffffffff  x2=0x00000000
     441275.000 ns	     44126	80008e90	5806ff53	fsqrt.s	f30,f13	 f13:0x80000000 f30=0x80000000
     441295.000 ns	     44128	80008e94	414f8c33	sub	x24,x31,x20	 x31:0x80041457 x20:0x00000000 x24=0x80041457
     441315.000 ns	     44130	80008e98	29931153	fmax.s	f2,f6,f25	  f6:0x6bec471c f25:0x80000000  f2=0x6bec471c
     441335.000 ns	     44132	80008e9c	41505293	srai	x5,x0,0x15	  x0:0x00000000  x5=0x00000000
     441355.000 ns	     44134	80008ea0	02151fb3	mulh	x31,x10,x1	 x10:0x00000001  x1:0xffffffb9 x31=0xffffffff
     441375.000 ns	     44136	80008ea4	497c3c93	sltiu	x25,x24,1175	 x24:0x80041457 x25=0x00000000
     441385.000 ns	     44137	80008ea8	00d283b3	add	x7,x5,x13	  x5:0x00000000 x13:0x6c852597  x7=0x6c852597
     441415.000 ns	     44140	80008eac	58077253	fsqrt.s	f4,f14	 f14:0x7fc00000  f4=0x7fc00000
     441435.000 ns	     44142	80008eb0	009853b3	srl	x7,x16,x9	 x16:0x80040fe4  x9:0x00000000  x7=0x80040fe4
     441445.000 ns	     44143	80008eb4	2d183313	sltiu	x6,x16,721	 x16:0x80040fe4  x6=0x00000000
     441465.000 ns	     44145	80008eb8	c016ff53	fcvt.wu.s	x30,f13	 f13:0x80000000 x30=0x00000000
     441505.000 ns	     44149	80008ebc	580073d3	fsqrt.s	f7,f0	  f0:0x80000001  f7=0x7fc00000
     441535.000 ns	     44152	80008ec0	e0020f53	fmv.x.w	x30,f4	  f4:0x7fc00000 x30=0x7fc00000
     441555.000 ns	     44154	80008ec4	de723713	sltiu	x14,x4,-537	  x4:0x00000000 x14=0x00000001
     441915.000 ns	     44190	80008ec8	03846633	rem	x12,x8,x24	  x8:0xfffffb24 x24:0x80041457 x12=0xfffffb24
     441945.000 ns	     44193	80008ecc	a10f97d3	flt.s	x15,f31,f16	 f31:0x00000000 f16:0xbf800000 x15=0x00000000
     441995.000 ns	     44198	80008ed0	0849f353	fsub.s	f6,f19,f4	 f19:0x80000000  f4:0x7fc00000  f6=0x7fc00000
     442045.000 ns	     44203	80008ed4	0984fcd3	fsub.s	f25,f9,f24	  f9:0x41045ede f24:0x7fc00000 f25=0x7fc00000
     442095.000 ns	     44208	80008ed8	08e6b1d3	fsub.s	f3,f13,f14	 f13:0x80000000 f14:0x7fc00000  f3=0x7fc00000
     442115.000 ns	     44210	80008edc	d98a4713	xori	x14,x20,-616	 x20:0x00000000 x14=0xfffffd98
     442135.000 ns	     44212	80008ee0	a1f2acd3	feq.s	x25,f5,f31	  f5:0x43870000 f31:0x00000000 x25=0x00000000
     442155.000 ns	     44214	80008ee4	d74e0137	lui	x2,0xd74e0	  x2=0xd74e0000
     442515.000 ns	     44250	80008ee8	03dbe533	rem	x10,x23,x29	 x23:0xf01c4400 x29:0x80041020 x10=0xf01c4400
     442535.000 ns	     44252	80008eec	41a68bb3	sub	x23,x13,x26	 x13:0x6c852597 x26:0x00000000 x23=0x6c852597
     442545.000 ns	     44253	80008ef0	99cb0913	addi	x18,x22,-1636	 x22:0x00000000 x18=0xfffff99c
     442565.000 ns	     44255	80008ef4	023c1633	mulh	x12,x24,x3	 x24:0x80041457  x3:0x7fc00000 x12=0xc0220926
     442935.000 ns	     44292	80008ef8	030275b3	remu	x11,x4,x16	  x4:0x00000000 x16:0x80040fe4 x11=0x00000000
     442955.000 ns	     44294	80008efc	1d7ab893	sltiu	x17,x21,471	 x21:0x00000000 x17=0x00000001
     442965.000 ns	     44295	80008f00	01c880b3	add	x1,x17,x28	 x17:0x00000001 x28:0x00000000  x1=0x00000001
     442985.000 ns	     44297	80008f04	035b1433	mulh	x8,x22,x21	 x22:0x00000000 x21:0x00000000  x8=0x00000000
     443005.000 ns	     44299	80008f08	01b86ab3	or	x21,x16,x27	 x16:0x80040fe4 x27:0x40752024 x21=0xc0752fe4
     443015.000 ns	     44300	80008f0c	0130a6b3	slt	x13,x1,x19	  x1:0x00000001 x19:0x80041024 x13=0x00000000
     443025.000 ns	     44301	80008f10	41dd5033	sra	x0,x26,x29	 x26:0x00000000 x29:0x80041020
     443035.000 ns	     44302	80008f14	0f7c6493	ori	x9,x24,247	 x24:0x80041457  x9=0x800414f7
     443045.000 ns	     44303	80008f18	0e6e8693	addi	x13,x29,230	 x29:0x80041020 x13=0x80041106
     443055.000 ns	     44304	80008f1c	01669e93	slli	x29,x13,0x16	 x13:0x00000000 x29=0x41800000
     443065.000 ns	     44305	80008f20	409507b3	sub	x15,x10,x9	 x10:0xf01c4400  x9:0x800414f7 x15=0x70182f09
     443075.000 ns	     44306	80008f24	0199d293	srli	x5,x19,0x19	 x19:0x80041024  x5=0x00000040
     443095.000 ns	     44308	80008f28	c01914d3	fcvt.wu.s	x9,f18	 f18:0x3f800000  x9=0x00000001
     443115.000 ns	     44310	80008f2c	00000013	addi	x0,x0,0	  x0:0x00000000
     443135.000 ns	     44312	80008f30	2022ae53	fsgnjx.s	f28,f5,f2	  f5:0x43870000  f2:0x6bec471c f28=0x43870000
     443155.000 ns	     44314	80008f34	012c76b3	and	x13,x24,x18	 x24:0x80041457 x18:0xfffff99c x13=0x80041014
     443165.000 ns	     44315	80008f38	012f10b3	sll	x1,x30,x18	 x30:0x7fc00000 x18:0xfffff99c  x1=0x00000000
     443175.000 ns	     44316	80008f3c	01b49113	slli	x2,x9,0x1b	  x9:0x00000001  x2=0x08000000
     443195.000 ns	     44318	80008f40	c0134753	fcvt.wu.s	x14,f6	  f6:0x7fc00000 x14=0xffffffff
     443225.000 ns	     44321	80008f44	03f89333	mulh	x6,x17,x31	 x17:0x00000001 x31:0xffffffff  x6=0xffffffff
     443245.000 ns	     44323	80008f48	415d0db3	sub	x27,x26,x21	 x26:0x00000000 x21:0xc0752fe4 x27=0x3f8ad01c
     443255.000 ns	     44324	80008f4c	00032f33	slt	x30,x6,x0	  x6:0xffffffff  x0:0x00000000 x30=0x00000001
     443615.000 ns	     44360	80008f50	03ba4a33	div	x20,x20,x27	 x20:0x00000000 x27:0x40752024 x20=0x00000000
     443645.000 ns	     44363	80008f54	02051a33	mulh	x20,x10,x0	 x10:0xf01c4400  x0:0x00000000 x20=0x00000000
     443665.000 ns	     44365	80008f58	00cd5cb3	srl	x25,x26,x12	 x26:0x00000000 x12:0xc0220926 x25=0x00000000
     443685.000 ns	     44367	80008f5c	a0b824d3	feq.s	x9,f16,f11	 f16:0xbf800000 f11:0x00000000  x9=0x00000000
     443705.000 ns	     44369	80008f60	2b75a393	slti	x7,x11,695	 x11:0x00000000  x7=0x00000001
     444065.000 ns	     44405	80008f64	02ecc633	div	x12,x25,x14	 x25:0x00000000 x14:0xffffffff x12=0x00000000
     444095.000 ns	     44408	80008f68	021bf733	remu	x14,x23,x1	 x23:0x6c852597  x1:0x00000000 x14=0x6c852597
     444135.000 ns	     44412	80008f6c	580dbbd3	fsqrt.s	f23,f27	 f27:0x7fc00000 f23=0x7fc00000
     444165.000 ns	     44415	80008f70	03983a33	mulhu	x20,x16,x25	 x16:0x80040fe4 x25:0x00000000 x20=0x00000000
     444195.000 ns	     44418	80008f74	d00c71d3	fcvt.s.w	f3,x24	 x24:0x80041457  f3=0xcefff7d7
     444565.000 ns	     44455	80008f78	02d1cc33	div	x24,x3,x13	  x3:0x7fc00000 x13:0x80041014 x24=0x00000000
     444935.000 ns	     44492	80008f7c	0250c1b3	div	x3,x1,x5	  x1:0x00000000  x5:0x00000040  x3=0x00000000
     444975.000 ns	     44496	80008f80	113443d3	fmul.s	f7,f8,f19	  f8:0xff800000 f19:0x80000000  f7=0x7fc00000
     444995.000 ns	     44498	80008f84	2d6d2a93	slti	x21,x26,726	 x26:0x00000000 x21=0x00000001
     446165.000 ns	     44615	80008f88	5804cdd3	fsqrt.s	f27,f9	  f9:0x41045ede f27=0x3fbb32c0
     446185.000 ns	     44617	80008f8c	019ed1b3	srl	x3,x29,x25	 x29:0x41800000 x25:0x00000000  x3=0x41800000
     446215.000 ns	     44620	80008f90	18ca4853	fdiv.s	f16,f20,f12	 f20:0x00000000 f12:0x80000000 f16=0x7fc00000
     446235.000 ns	     44622	80008f94	01b03c33	sltu	x24,x0,x27	  x0:0x00000000 x27:0x3f8ad01c x24=0x00000001
     446255.000 ns	     44624	80008f98	02b3d533	divu	x10,x7,x11	  x7:0x00000001 x11:0x00000000 x10=0xffffffff
     446285.000 ns	     44627	80008f9c	a05e84d3	fle.s	x9,f29,f5	 f29:0xbf800000  f5:0x43870000  x9=0x00000001
     446305.000 ns	     44629	80008fa0	01f5abb3	slt	x23,x11,x31	 x11:0x00000000 x31:0xffffffff x23=0x00000000
     446325.000 ns	     44631	80008fa4	21041653	fsgnjn.s	f12,f8,f16	  f8:0xff800000 f16:0x7fc00000 f12=0xff800000
     446355.000 ns	     44634	80008fa8	2000aed3	fsgnjx.s	f29,f1,f0	  f1:0x4110374e  f0:0x80000001 f29=0xc110374e
     446375.000 ns	     44636	80008fac	01dd1fb3	sll	x31,x26,x29	 x26:0x00000000 x29:0x41800000 x31=0x00000000
     446385.000 ns	     44637	80008fb0	00485e13	srli	x28,x16,0x4	 x16:0x80040fe4 x28=0x080040fe
     446395.000 ns	     44638	80008fb4	00b23433	sltu	x8,x4,x11	  x4:0x00000000 x11:0x00000000  x8=0x00000000
     446415.000 ns	     44640	80008fb8	a1af8bd3	fle.s	x23,f31,f26	 f31:0x00000000 f26:0x7fc00000 x23=0x00000000
     446445.000 ns	     44643	80008fbc	027080b3	mul	x1,x1,x7	  x1:0x00000000  x7:0x00000001  x1=0x00000000
     446475.000 ns	     44646	80008fc0	a1702f53	feq.s	x30,f0,f23	  f0:0x80000001 f23:0x7fc00000 x30=0x00000000
     446495.000 ns	     44648	80008fc4	e5818113	addi	x2,x3,-424	  x3:0x41800000  x2=0x417ffe58
     446525.000 ns	     44651	80008fc8	19537a53	fdiv.s	f20,f6,f21	  f6:0x7fc00000 f21:0x00000001 f20=0x7fc00000
     446545.000 ns	     44653	80008fcc	000011b3	sll	x3,x0,x0	  x0:0x00000000  x0:0x00000000  x3=0x00000000
     447715.000 ns	     44770	80008fd0	58093e53	fsqrt.s	f28,f18	 f18:0x3f800000 f28=0x3f7fffae
     447745.000 ns	     44773	80008fd4	f00a8453	fmv.w.x	f8,x21	 x21:0x00000001  f8=0x00000001
     447775.000 ns	     44776	80008fd8	a0b71ed3	flt.s	x29,f14,f11	 f14:0x7fc00000 f11:0x00000000 x29=0x00000000
     447795.000 ns	     44778	80008fdc	00db9db3	sll	x27,x23,x13	 x23:0x00000000 x13:0x80041014 x27=0x00000000
     447815.000 ns	     44780	80008fe0	c00d48d3	fcvt.w.s	x17,f26	 f26:0x7fc00000 x17=0x7fffffff
     447835.000 ns	     44782	80008fe4	e85fbc13	sltiu	x24,x31,-379	 x31:0x00000000 x24=0x00000001
     447845.000 ns	     44783	80008fe8	7c44b113	sltiu	x2,x9,1988	  x9:0x00000001  x2=0x00000001
     447855.000 ns	     44784	80008fec	40038db3	sub	x27,x7,x0	  x7:0x00000001  x0:0x00000000 x27=0x00000001
     448215.000 ns	     44820	80008ff0	02f4c433	div	x8,x9,x15	  x9:0x00000001 x15:0x70182f09  x8=0x00000000
     448235.000 ns	     44822	80008ff4	00a36733	or	x14,x6,x10	  x6:0xffffffff x10:0xffffffff x14=0xffffffff
     448255.000 ns	     44824	80008ff8	033b3133	mulhu	x2,x22,x19	 x22:0x00000000 x19:0x80041024  x2=0x00000000
     448275.000 ns	     44826	80008ffc	005ecfb3	xor	x31,x29,x5	 x29:0x00000000  x5:0x00000040 x31=0x00000040
     448285.000 ns	     44827	80009000	0f326293	ori	x5,x4,243	  x4:0x00000000  x5=0x000000f3
     448295.000 ns	     44828	80009004	0e4ed037	lui	x0,0xe4ed	
     448655.000 ns	     44864	80009008	02e561b3	rem	x3,x10,x14	 x10:0xffffffff x14:0xffffffff  x3=0x00000000
     448685.000 ns	     44867	8000900c	02c09e33	mulh	x28,x1,x12	  x1:0x00000000 x12:0x00000000 x28=0x00000000
     448705.000 ns	     44869	80009010	67023193	sltiu	x3,x4,1648	  x4:0x00000000  x3=0x00000001
     448715.000 ns	     44870	80009014	7b598293	addi	x5,x19,1973	 x19:0x80041024  x5=0x800417d9
     448725.000 ns	     44871	80009018	00fc1393	slli	x7,x24,0xf	 x24:0x00000001  x7=0x00008000
     448745.000 ns	     44873	8000901c	03c15a33	divu	x20,x2,x28	  x2:0x00000000 x28:0x00000000 x20=0xffffffff
     448775.000 ns	     44876	80009020	d0139053	fcvt.s.wu	f0,x7	  x7:0x00000001  f0=0x47000000
     448795.000 ns	     44878	80009024	41db0733	sub	x14,x22,x29	 x22:0x00000000 x29:0x00000000 x14=0x00000000
     448805.000 ns	     44879	80009028	00000013	addi	x0,x0,0	  x0:0x00000000
     448815.000 ns	     44880	8000902c	019a2133	slt	x2,x20,x25	 x20:0xffffffff x25:0x00000000  x2=0x00000001
     449175.000 ns	     44916	80009030	02ac4eb3	div	x29,x24,x10	 x24:0x00000001 x10:0xffffffff x29=0xffffffff
     449195.000 ns	     44918	80009034	40710b33	sub	x22,x2,x7	  x2:0x00000000  x7:0x00008000 x22=0xffff8001
     449215.000 ns	     44920	80009038	29bc9453	fmax.s	f8,f25,f27	 f25:0x7fc00000 f27:0x3fbb32c0  f8=0x3fbb32c0
     449235.000 ns	     44922	8000903c	0c6ac593	xori	x11,x21,198	 x21:0x00000001 x11=0x000000c7
     449255.000 ns	     44924	80009040	29ca10d3	fmax.s	f1,f20,f28	 f20:0x7fc00000 f28:0x3f7fffae  f1=0x3f7fffae
     449285.000 ns	     44927	80009044	20840cd3	fsgnj.s	f25,f8,f8	  f8:0x3fbb32c0  f8:0x3fbb32c0 f25=0x3fbb32c0
     449315.000 ns	     44930	80009048	0270a433	mulhsu	x8,x1,x7	  x1:0x00000000  x7:0x00008000  x8=0x00000000
     449345.000 ns	     44933	8000904c	d011cd53	fcvt.s.wu	f26,x3	  x3:0x00000001 f26=0x3f800000
     449375.000 ns	     44936	80009050	020394b3	mulh	x9,x7,x0	  x7:0x00008000  x0:0x00000000  x9=0x00000000
     449405.000 ns	     44939	80009054	285a9e53	fmax.s	f28,f21,f5	 f21:0x00000001  f5:0x43870000 f28=0x43870000
     449435.000 ns	     44942	80009058	a18927d3	feq.s	x15,f18,f24	 f18:0x3f800000 f24:0x7fc00000 x15=0x00000000
     449465.000 ns	     44945	8000905c	028001b3	mul	x3,x0,x8	  x0:0x00000000  x8:0x00000000  x3=0x00000000
     449495.000 ns	     44948	80009060	a0b090d3	flt.s	x1,f1,f11	  f1:0x3f7fffae f11:0x00000000  x1=0x00000000
     449535.000 ns	     44952	80009064	58062dd3	fsqrt.s	f27,f12	 f12:0xff800000 f27=0x7fc00000
     449575.000 ns	     44956	80009068	58067f53	fsqrt.s	f30,f12	 f12:0xff800000 f30=0x7fc00000
     449595.000 ns	     44958	8000906c	e03f7313	andi	x6,x30,-509	 x30:0x00000000  x6=0x00000000
     449635.000 ns	     44962	80009070	096278d3	fsub.s	f17,f4,f22	  f4:0x7fc00000 f22:0x41800000 f17=0x7fc00000
     449655.000 ns	     44964	80009074	01a06633	or	x12,x0,x26	  x0:0x00000000 x26:0x00000000 x12=0x00000000
     449675.000 ns	     44966	80009078	03ffa933	mulhsu	x18,x31,x31	 x31:0x00000040 x31:0x00000040 x18=0x00000000
     449705.000 ns	     44969	8000907c	c0057d53	fcvt.w.s	x26,f10	 f10:0x00000000 x26=0x00000000
     449725.000 ns	     44971	80009080	010ce1b3	or	x3,x25,x16	 x25:0x00000000 x16:0x80040fe4  x3=0x80040fe4
     449755.000 ns	     44974	80009084	194f7053	fdiv.s	f0,f30,f20	 f30:0x7fc00000 f20:0x7fc00000  f0=0x7fc00000
     449785.000 ns	     44977	80009088	e0008cd3	fmv.x.w	x25,f1	  f1:0x3f7fffae x25=0x3f7fffae
     449815.000 ns	     44980	8000908c	d01090d3	fcvt.s.wu	f1,x1	  x1:0x00000000  f1=0x00000000
     449865.000 ns	     44985	80009090	08e0fcd3	fsub.s	f25,f1,f14	  f1:0x3f7fffae f14:0x7fc00000 f25=0x7fc00000
     449895.000 ns	     44988	80009094	28ca1553	fmax.s	f10,f20,f12	 f20:0x7fc00000 f12:0xff800000 f10=0xff800000
     449925.000 ns	     44991	80009098	a1bd27d3	feq.s	x15,f26,f27	 f26:0x3f800000 f27:0x7fc00000 x15=0x00000000
     449945.000 ns	     44993	8000909c	00a46333	or	x6,x8,x10	  x8:0x00000000 x10:0xffffffff  x6=0xffffffff
     449965.000 ns	     44995	800090a0	e0068553	fmv.x.w	x10,f13	 f13:0x80000000 x10=0x80000000
     449995.000 ns	     44998	800090a4	28c68953	fmin.s	f18,f13,f12	 f13:0x80000000 f12:0xff800000 f18=0xff800000
     450025.000 ns	     45001	800090a8	e00e9553	fclass.s	x10,f29	 f29:0xc110374e x10=0x00000002
     450055.000 ns	     45004	800090ac	03d41f33	mulh	x30,x8,x29	  x8:0x00000000 x29:0xffffffff x30=0x00000000
     450085.000 ns	     45007	800090b0	e00895d3	fclass.s	x11,f17	 f17:0x7fc00000 x11=0x00000200
     450105.000 ns	     45009	800090b4	41028ab3	sub	x21,x5,x16	  x5:0x800417d9 x16:0x80040fe4 x21=0x000007f5
     450115.000 ns	     45010	800090b8	8e810313	addi	x6,x2,-1816	  x2:0x00000001  x6=0xfffff8e9
     450135.000 ns	     45012	800090bc	20c6a1d3	fsgnjx.s	f3,f13,f12	 f13:0x80000000 f12:0xff800000  f3=0x00000000
     450155.000 ns	     45014	800090c0	009b9633	sll	x12,x23,x9	 x23:0x00000000  x9:0x00000000 x12=0x00000000
     450165.000 ns	     45015	800090c4	00fbdf33	srl	x30,x23,x15	 x23:0x00000000 x15:0x00000000 x30=0x00000000
     450185.000 ns	     45017	800090c8	03f707b3	mul	x15,x14,x31	 x14:0x00000000 x31:0x00000040 x15=0x00000000
     450205.000 ns	     45019	800090cc	410f0d33	sub	x26,x30,x16	 x30:0x00000000 x16:0x80040fe4 x26=0x7ffbf01c
     450215.000 ns	     45020	800090d0	e33a0793	addi	x15,x20,-461	 x20:0xffffffff x15=0xfffffe32
     450235.000 ns	     45022	800090d4	a1ac04d3	fle.s	x9,f24,f26	 f24:0x7fc00000 f26:0x3f800000  x9=0x00000000
     450255.000 ns	     45024	800090d8	f909e013	ori	x0,x19,-112	 x19:0x80041024
     450265.000 ns	     45025	800090dc	41f85713	srai	x14,x16,0x1f	 x16:0x80040fe4 x14=0xffffffff
     450295.000 ns	     45028	800090e0	10f7fe53	fmul.s	f28,f15,f15	 f15:0x7fc00000 f15:0x7fc00000 f28=0x7fc00000
     450315.000 ns	     45030	800090e4	01cf8c33	add	x24,x31,x28	 x31:0x00000040 x28:0x00000000 x24=0x00000040
     450335.000 ns	     45032	800090e8	03beafb3	mulhsu	x31,x29,x27	 x29:0xffffffff x27:0x00000001 x31=0xffffffff
     450355.000 ns	     45034	800090ec	00000013	addi	x0,x0,0	  x0:0x00000000
     450365.000 ns	     45035	800090f0	008828b3	slt	x17,x16,x8	 x16:0x80040fe4  x8:0x00000000 x17=0x00000001
     450385.000 ns	     45037	800090f4	e0001a53	fclass.s	x20,f0	  f0:0x7fc00000 x20=0x00000200
     450405.000 ns	     45039	800090f8	5dbfe313	ori	x6,x31,1499	 x31:0xffffffff  x6=0xffffffff
     450415.000 ns	     45040	800090fc	00c3edb3	or	x27,x7,x12	  x7:0x00008000 x12:0x00000000 x27=0x00008000
     450425.000 ns	     45041	80009100	005f8fb3	add	x31,x31,x5	 x31:0xffffffff  x5:0x800417d9 x31=0x800417d8
     450435.000 ns	     45042	80009104	410d5933	sra	x18,x26,x16	 x26:0x7ffbf01c x16:0x80040fe4 x18=0x07ffbf01
     450455.000 ns	     45044	80009108	0286e533	rem	x10,x13,x8	 x13:0x80041014  x8:0x00000000 x10=0x80041014
     450485.000 ns	     45047	8000910c	c00f0dd3	fcvt.w.s	x27,f30	 f30:0x7fc00000 x27=0x7fffffff
     450505.000 ns	     45049	80009110	b56a7b13	andi	x22,x20,-1194	 x20:0x00000200 x22=0x00000200
     450525.000 ns	     45051	80009114	d0144e53	fcvt.s.wu	f28,x8	  x8:0x00000000 f28=0x00000000
     450865.000 ns	     45085	80009118	182ab3d3	fdiv.s	f7,f21,f2	 f21:0x00000001  f2:0x6bec471c  f7=0x00000000
     450885.000 ns	     45087	8000911c	0184c2b3	xor	x5,x9,x24	  x9:0x00000000 x24:0x00000040  x5=0x00000040
     451245.000 ns	     45123	80009120	02d87a33	remu	x20,x16,x13	 x16:0x80040fe4 x13:0x80041014 x20=0x80040fe4
     451265.000 ns	     45125	80009124	96084f93	xori	x31,x16,-1696	 x16:0x80040fe4 x31=0x7ffbf684
     451285.000 ns	     45127	80009128	e0071c53	fclass.s	x24,f14	 f14:0x7fc00000 x24=0x00000200
     451315.000 ns	     45130	8000912c	03e81d33	mulh	x26,x16,x30	 x16:0x80040fe4 x30:0x00000000 x26=0x00000000
     451335.000 ns	     45132	80009130	14a67937	lui	x18,0x14a67	 x18=0x14a67000
     451355.000 ns	     45134	80009134	20890f53	fsgnj.s	f30,f18,f8	 f18:0xff800000  f8:0x3fbb32c0 f30=0x7f800000
     451385.000 ns	     45137	80009138	a0ec2a53	feq.s	x20,f24,f14	 f24:0x7fc00000 f14:0x7fc00000 x20=0x00000000
     451405.000 ns	     45139	8000913c	01beb8b3	sltu	x17,x29,x27	 x29:0xffffffff x27:0x7fffffff x17=0x00000000
     451415.000 ns	     45140	80009140	006d1a13	slli	x20,x26,0x6	 x26:0x00000000 x20=0x00000000
     451435.000 ns	     45142	80009144	a1221dd3	flt.s	x27,f4,f18	  f4:0x7fc00000 f18:0xff800000 x27=0x00000000
     451455.000 ns	     45144	80009148	4069d793	srai	x15,x19,0x6	 x19:0x80041024 x15=0xfe001040
     451465.000 ns	     45145	8000914c	01310933	add	x18,x2,x19	  x2:0x00000001 x19:0x80041024 x18=0x80041025
     451475.000 ns	     45146	80009150	008cd193	srli	x3,x25,0x8	 x25:0x3f7fffae  x3=0x003f7fff
     451485.000 ns	     45147	80009154	011e3133	sltu	x2,x28,x17	 x28:0x00000000 x17:0x00000000  x2=0x00000000
     451505.000 ns	     45149	80009158	a0c42353	feq.s	x6,f8,f12	  f8:0x3fbb32c0 f12:0xff800000  x6=0x00000000
     451525.000 ns	     45151	8000915c	01f26133	or	x2,x4,x31	  x4:0x00000000 x31:0x7ffbf684  x2=0x7ffbf684
     451535.000 ns	     45152	80009160	01b85413	srli	x8,x16,0x1b	 x16:0x80040fe4  x8=0x00000010
     451565.000 ns	     45155	80009164	10e49e53	fmul.s	f28,f9,f14	  f9:0x41045ede f14:0x7fc00000 f28=0x7fc00000
     451615.000 ns	     45160	80009168	0928afd3	fsub.s	f31,f17,f18	 f17:0x7fc00000 f18:0xff800000 f31=0x7fc00000
     451645.000 ns	     45163	8000916c	a02e86d3	fle.s	x13,f29,f2	 f29:0xc110374e  f2:0x6bec471c x13=0x00000001
     451675.000 ns	     45166	80009170	202404d3	fsgnj.s	f9,f8,f2	  f8:0x3fbb32c0  f2:0x6bec471c  f9=0x3fbb32c0
     451695.000 ns	     45168	80009174	400fa413	slti	x8,x31,1024	 x31:0x7ffbf684  x8=0x00000000
     451715.000 ns	     45170	80009178	a02f11d3	flt.s	x3,f30,f2	 f30:0x7f800000  f2:0x6bec471c  x3=0x00000000
     451735.000 ns	     45172	8000917c	52074a93	xori	x21,x14,1312	 x14:0xffffffff x21=0xfffffadf
     451755.000 ns	     45174	80009180	283e1a53	fmax.s	f20,f28,f3	 f28:0x7fc00000  f3:0x00000000 f20=0x00000000
     451785.000 ns	     45177	80009184	21732ed3	fsgnjx.s	f29,f6,f23	  f6:0x7fc00000 f23:0x7fc00000 f29=0x7fc00000
     451805.000 ns	     45179	80009188	00bd8333	add	x6,x27,x11	 x27:0x00000000 x11:0x00000200  x6=0x00000200
     451835.000 ns	     45182	8000918c	117a72d3	fmul.s	f5,f20,f23	 f20:0x00000000 f23:0x7fc00000  f5=0x7fc00000
     451855.000 ns	     45184	80009190	dd34e637	lui	x12,0xdd34e	 x12=0xdd34e000
     451865.000 ns	     45185	80009194	01bf90b3	sll	x1,x31,x27	 x31:0x7ffbf684 x27:0x00000000  x1=0x7ffbf684
     451885.000 ns	     45187	80009198	21010553	fsgnj.s	f10,f2,f16	  f2:0x6bec471c f16:0x7fc00000 f10=0x6bec471c
     451925.000 ns	     45191	8000919c	193875d3	fdiv.s	f11,f16,f19	 f16:0x7fc00000 f19:0x80000000 f11=0x7fc00000
     451945.000 ns	     45193	800091a0	1f21fb13	andi	x22,x3,498	  x3:0x00000000 x22=0x00000000
     451965.000 ns	     45195	800091a4	219f0153	fsgnj.s	f2,f30,f25	 f30:0x7f800000 f25:0x7fc00000  f2=0x7f800000
     451985.000 ns	     45197	800091a8	c8d06893	ori	x17,x0,-883	  x0:0x00000000 x17=0xfffffc8d
     452005.000 ns	     45199	800091ac	208322d3	fsgnjx.s	f5,f6,f8	  f6:0x7fc00000  f8:0x3fbb32c0  f5=0x7fc00000
     452035.000 ns	     45202	800091b0	03648133	mul	x2,x9,x22	  x9:0x00000000 x22:0x00000000  x2=0x00000000
     452065.000 ns	     45205	800091b4	e0088753	fmv.x.w	x14,f17	 f17:0x7fc00000 x14=0x7fc00000
     452085.000 ns	     45207	800091b8	003e0eb3	add	x29,x28,x3	 x28:0x00000000  x3:0x00000000 x29=0x00000000
     452095.000 ns	     45208	800091bc	00cac4b3	xor	x9,x21,x12	 x21:0xfffffadf x12:0xdd34e000  x9=0x22cb1adf
     452135.000 ns	     45212	800091c0	0951a853	fsub.s	f16,f3,f21	  f3:0x00000000 f21:0x00000001 f16=0x80000001
     452505.000 ns	     45249	800091c4	032bd2b3	divu	x5,x23,x18	 x23:0x00000000 x18:0x80041025  x5=0x00000000
     452535.000 ns	     45252	800091c8	02536e33	rem	x28,x6,x5	  x6:0x00000200  x5:0x00000040 x28=0x00000200
     452565.000 ns	     45255	800091cc	28a80853	fmin.s	f16,f16,f10	 f16:0x80000001 f10:0x6bec471c f16=0x80000001
     452595.000 ns	     45258	800091d0	03feba33	mulhu	x20,x29,x31	 x29:0x00000000 x31:0x7ffbf684 x20=0x00000000
     452615.000 ns	     45260	800091d4	405bdd13	srai	x26,x23,0x5	 x23:0x00000000 x26=0x00000000
     452625.000 ns	     45261	800091d8	00565d33	srl	x26,x12,x5	 x12:0xdd34e000  x5:0x00000000 x26=0xdd34e000
     452645.000 ns	     45263	800091dc	a08a2e53	feq.s	x28,f20,f8	 f20:0x00000000  f8:0x3fbb32c0 x28=0x00000000
     452665.000 ns	     45265	800091e0	01a7df33	srl	x30,x15,x26	 x15:0xfe001040 x26:0x00000000 x30=0xfe001040
     452685.000 ns	     45267	800091e4	d00d45d3	fcvt.s.w	f11,x26	 x26:0xdd34e000 f11=0xce0b2c80
     452715.000 ns	     45270	800091e8	a0e12753	feq.s	x14,f2,f14	  f2:0x7f800000 f14:0x7fc00000 x14=0x00000000
     452745.000 ns	     45273	800091ec	036ba1b3	mulhsu	x3,x23,x22	 x23:0x00000000 x22:0x00000000  x3=0x00000000
     452765.000 ns	     45275	800091f0	0153a633	slt	x12,x7,x21	  x7:0x00008000 x21:0xfffffadf x12=0x00000000
     452785.000 ns	     45277	800091f4	20fd8ad3	fsgnj.s	f21,f27,f15	 f27:0x7fc00000 f15:0x7fc00000 f21=0x7fc00000
     452805.000 ns	     45279	800091f8	8dab6613	ori	x12,x22,-1830	 x22:0x00000000 x12=0xfffff8da
     452815.000 ns	     45280	800091fc	408700b3	sub	x1,x14,x8	 x14:0x00000000  x8:0x00000000  x1=0x00000000
     452825.000 ns	     45281	80009200	01fce1b3	or	x3,x25,x31	 x25:0x3f7fffae x31:0x7ffbf684  x3=0x7fffffae
     452835.000 ns	     45282	80009204	011e5033	srl	x0,x28,x17	 x28:0x00000000 x17:0xfffffc8d
     452855.000 ns	     45284	80009208	28c88453	fmin.s	f8,f17,f12	 f17:0x7fc00000 f12:0xff800000  f8=0xff800000
     452885.000 ns	     45287	8000920c	e0098bd3	fmv.x.w	x23,f19	 f19:0x80000000 x23=0x80000000
     453255.000 ns	     45324	80009210	031afe33	remu	x28,x21,x17	 x21:0xfffffadf x17:0xfffffc8d x28=0xfffffadf
     453275.000 ns	     45326	80009214	01264333	xor	x6,x12,x18	 x12:0xfffff8da x18:0x80041025  x6=0x7ffbe8ff
     453285.000 ns	     45327	80009218	0fe36a93	ori	x21,x6,254	  x6:0x00000200 x21=0x7ffbe8ff
     453295.000 ns	     45328	8000921c	d9c5bf13	sltiu	x30,x11,-612	 x11:0x00000200 x30=0x00000001
     453315.000 ns	     45330	80009220	c004f553	fcvt.w.s	x10,f9	  f9:0x3fbb32c0 x10=0x00000001
     453355.000 ns	     45334	80009224	1846f4d3	fdiv.s	f9,f13,f4	 f13:0x80000000  f4:0x7fc00000  f9=0x7fc00000
     453725.000 ns	     45371	80009228	03535633	divu	x12,x6,x21	  x6:0x7ffbe8ff x21:0x7ffbe8ff x12=0x00000001
     453745.000 ns	     45373	8000922c	e5437493	andi	x9,x6,-428	  x6:0x7ffbe8ff  x9=0x7ffbe854
     453755.000 ns	     45374	80009230	01978c33	add	x24,x15,x25	 x15:0xfe001040 x25:0x3f7fffae x24=0x3d800fee
     453765.000 ns	     45375	80009234	006b0bb3	add	x23,x22,x6	 x22:0x00000000  x6:0x7ffbe8ff x23=0x7ffbe8ff
     453785.000 ns	     45377	80009238	c01073d3	fcvt.wu.s	x7,f0	  f0:0x7fc00000  x7=0xffffffff
     453815.000 ns	     45380	8000923c	020518b3	mulh	x17,x10,x0	 x10:0x00000001  x0:0x00000000 x17=0x00000000
     453845.000 ns	     45383	80009240	d01a3c53	fcvt.s.wu	f24,x20	 x20:0x00000000 f24=0x00000000
     453865.000 ns	     45385	80009244	003824b3	slt	x9,x16,x3	 x16:0x80040fe4  x3:0x7fffffae  x9=0x00000001
     453885.000 ns	     45387	80009248	028064b3	rem	x9,x0,x8	  x0:0x00000000  x8:0x00000000  x9=0x00000000
     453905.000 ns	     45389	8000924c	009f5c13	srli	x24,x30,0x9	 x30:0x00000001 x24=0x00000000
     453915.000 ns	     45390	80009250	00e53433	sltu	x8,x10,x14	 x10:0x00000001 x14:0x00000000  x8=0x00000000
     454275.000 ns	     45426	80009254	02ccf8b3	remu	x17,x25,x12	 x25:0x3f7fffae x12:0x00000001 x17=0x00000000
     454305.000 ns	     45429	80009258	29160953	fmin.s	f18,f12,f17	 f12:0xff800000 f17:0x7fc00000 f18=0xff800000
     454325.000 ns	     45431	8000925c	00ca1a33	sll	x20,x20,x12	 x20:0x00000000 x12:0x00000001 x20=0x00000000
     454345.000 ns	     45433	80009260	a09f91d3	flt.s	x3,f31,f9	 f31:0x7fc00000  f9:0x7fc00000  x3=0x00000000
     454375.000 ns	     45436	80009264	28a71c53	fmax.s	f24,f14,f10	 f14:0x7fc00000 f10:0x6bec471c f24=0x6bec471c
     454405.000 ns	     45439	80009268	a0508cd3	fle.s	x25,f1,f5	  f1:0x00000000  f5:0x7fc00000 x25=0x00000000
     454435.000 ns	     45442	8000926c	21d22dd3	fsgnjx.s	f27,f4,f29	  f4:0x7fc00000 f29:0x7fc00000 f27=0x7fc00000
     454465.000 ns	     45445	80009270	c00a77d3	fcvt.w.s	x15,f20	 f20:0x00000000 x15=0x00000000
     454495.000 ns	     45448	80009274	f00e8c53	fmv.w.x	f24,x29	 x29:0x00000000 f24=0x00000000
     454515.000 ns	     45450	80009278	40465493	srai	x9,x12,0x4	 x12:0x00000001  x9=0x00000000
     454525.000 ns	     45451	8000927c	41525a33	sra	x20,x4,x21	  x4:0x00000000 x21:0x7ffbe8ff x20=0x00000000
     454545.000 ns	     45453	80009280	e0020dd3	fmv.x.w	x27,f4	  f4:0x7fc00000 x27=0x7fc00000
     454575.000 ns	     45456	80009284	285c9d53	fmax.s	f26,f25,f5	 f25:0x7fc00000  f5:0x7fc00000 f26=0x7fc00000
     454605.000 ns	     45459	80009288	03a8a733	mulhsu	x14,x17,x26	 x17:0x00000000 x26:0xdd34e000 x14=0x00000000
     454635.000 ns	     45462	8000928c	f00988d3	fmv.w.x	f17,x19	 x19:0x80041024 f17=0x80041024
     454665.000 ns	     45465	80009290	02ca0d33	mul	x26,x20,x12	 x20:0x00000000 x12:0x00000001 x26=0x00000000
     454685.000 ns	     45467	80009294	019f3733	sltu	x14,x30,x25	 x30:0x00000001 x25:0x00000000 x14=0x00000000
     454705.000 ns	     45469	80009298	28729fd3	fmax.s	f31,f5,f7	  f5:0x7fc00000  f7:0x00000000 f31=0x00000000
     454725.000 ns	     45471	8000929c	00b4bdb3	sltu	x27,x9,x11	  x9:0x00000000 x11:0x00000200 x27=0x00000001
     454735.000 ns	     45472	800092a0	0043ff33	and	x30,x7,x4	  x7:0xffffffff  x4:0x00000000 x30=0x00000000
     454755.000 ns	     45474	800092a4	03380eb3	mul	x29,x16,x19	 x16:0x80040fe4 x19:0x80041024 x29=0x81207c10
     454785.000 ns	     45477	800092a8	02611633	mulh	x12,x2,x6	  x2:0x00000000  x6:0x7ffbe8ff x12=0x00000000
     454825.000 ns	     45481	800092ac	11d87fd3	fmul.s	f31,f16,f29	 f16:0x80000001 f29:0x7fc00000 f31=0x7fc00000
     454845.000 ns	     45483	800092b0	1e086693	ori	x13,x16,480	 x16:0x80040fe4 x13=0x80040fe4
     454855.000 ns	     45484	800092b4	007adfb3	srl	x31,x21,x7	 x21:0x7ffbe8ff  x7:0xffffffff x31=0x00000000
     454865.000 ns	     45485	800092b8	3883bd97	auipc	x27,0x3883b	 x27=0xb88442b8
     454875.000 ns	     45486	800092bc	00c45533	srl	x10,x8,x12	  x8:0x00000000 x12:0x00000000 x10=0x00000000
     454895.000 ns	     45488	800092c0	a0162e53	feq.s	x28,f12,f1	 f12:0xff800000  f1:0x00000000 x28=0x00000000
     454945.000 ns	     45493	800092c4	08737e53	fsub.s	f28,f6,f7	  f6:0x7fc00000  f7:0x00000000 f28=0x7fc00000
     454965.000 ns	     45495	800092c8	01dcd4b3	srl	x9,x25,x29	 x25:0x00000000 x29:0x81207c10  x9=0x00000000
     454985.000 ns	     45497	800092cc	a16016d3	flt.s	x13,f0,f22	  f0:0x7fc00000 f22:0x41800000 x13=0x00000000
     455015.000 ns	     45500	800092d0	a1b32cd3	feq.s	x25,f6,f27	  f6:0x7fc00000 f27:0x7fc00000 x25=0x00000000
     455035.000 ns	     45502	800092d4	01064333	xor	x6,x12,x16	 x12:0x00000000 x16:0x80040fe4  x6=0x80040fe4
     455045.000 ns	     45503	800092d8	4096dfb3	sra	x31,x13,x9	 x13:0x00000000  x9:0x00000000 x31=0x00000000
     455055.000 ns	     45504	800092dc	ac5494b7	lui	x9,0xac549	  x9=0xac549000
     455065.000 ns	     45505	800092e0	418b0fb3	sub	x31,x22,x24	 x22:0x00000000 x24:0x00000000 x31=0x00000000
     455085.000 ns	     45507	800092e4	02479633	mulh	x12,x15,x4	 x15:0x00000000  x4:0x00000000 x12=0x00000000
     455105.000 ns	     45509	800092e8	fac60693	addi	x13,x12,-84	 x12:0x00000000 x13=0xffffffac
     455125.000 ns	     45511	800092ec	c00b7c53	fcvt.w.s	x24,f22	 f22:0x41800000 x24=0x00000010
     455155.000 ns	     45514	800092f0	211f8653	fsgnj.s	f12,f31,f17	 f31:0x7fc00000 f17:0x80041024 f12=0xffc00000
     455195.000 ns	     45518	800092f4	58037753	fsqrt.s	f14,f6	  f6:0x7fc00000 f14=0x7fc00000
     455225.000 ns	     45521	800092f8	025de0b3	rem	x1,x27,x5	 x27:0xb88442b8  x5:0x00000000  x1=0xb88442b8
     455265.000 ns	     45525	800092fc	580cfcd3	fsqrt.s	f25,f25	 f25:0x7fc00000 f25=0x7fc00000
     455285.000 ns	     45527	80009300	40f08fb3	sub	x31,x1,x15	  x1:0xb88442b8 x15:0x00000000 x31=0xb88442b8
     455305.000 ns	     45529	80009304	20f18bd3	fsgnj.s	f23,f3,f15	  f3:0x00000000 f15:0x7fc00000 f23=0x00000000
     455325.000 ns	     45531	80009308	40d3d4b3	sra	x9,x7,x13	  x7:0xffffffff x13:0xffffffac  x9=0xffffffff
     455345.000 ns	     45533	8000930c	29a307d3	fmin.s	f15,f6,f26	  f6:0x7fc00000 f26:0x7fc00000 f15=0x7fc00000
     455375.000 ns	     45536	80009310	e00f81d3	fmv.x.w	x3,f31	 f31:0x7fc00000  x3=0x7fc00000
     455405.000 ns	     45539	80009314	031d4db3	div	x27,x26,x17	 x26:0x00000000 x17:0x00000000 x27=0xffffffff
     455425.000 ns	     45541	80009318	01c434b3	sltu	x9,x8,x28	  x8:0x00000000 x28:0x00000000  x9=0x00000000
     455435.000 ns	     45542	8000931c	f8167117	auipc	x2,0xf8167	  x2=0x7817031c
     455445.000 ns	     45543	80009320	005d8933	add	x18,x27,x5	 x27:0xffffffff  x5:0x00000000 x18=0xffffffff
     455455.000 ns	     45544	80009324	006e33b3	sltu	x7,x28,x6	 x28:0x00000000  x6:0x80040fe4  x7=0x00000001
     455475.000 ns	     45546	80009328	0283aa33	mulhsu	x20,x7,x8	  x7:0xffffffff  x8:0x00000000 x20=0x00000000
     455495.000 ns	     45548	8000932c	8f6f6e97	auipc	x29,0x8f6f6	 x29=0x0f6ff32c
     455505.000 ns	     45549	80009330	00d1a1b3	slt	x3,x3,x13	  x3:0x7fc00000 x13:0xffffffac  x3=0x00000000
     455525.000 ns	     45551	80009334	f0090053	fmv.w.x	f0,x18	 x18:0xffffffff  f0=0xffffffff
     455545.000 ns	     45553	80009338	5e6a0537	lui	x10,0x5e6a0	 x10=0x5e6a0000
     455555.000 ns	     45554	8000933c	404b5eb3	sra	x29,x22,x4	 x22:0x00000000  x4:0x00000000 x29=0x00000000
     455575.000 ns	     45556	80009340	02dd87b3	mul	x15,x27,x13	 x27:0xffffffff x13:0xffffffac x15=0x00000054
     455595.000 ns	     45558	80009344	f261df97	auipc	x31,0xf261d	 x31=0x72626344
     455605.000 ns	     45559	80009348	00000013	addi	x0,x0,0	  x0:0x00000000
     455625.000 ns	     45561	8000934c	036bd6b3	divu	x13,x23,x22	 x23:0x7ffbe8ff x22:0x00000000 x13=0xffffffff
     455645.000 ns	     45563	80009350	00000013	addi	x0,x0,0	  x0:0x00000000
     455665.000 ns	     45565	80009354	e00e15d3	fclass.s	x11,f28	 f28:0x7fc00000 x11=0x00000200
     455685.000 ns	     45567	80009358	01eada93	srli	x21,x21,0x1e	 x21:0x7ffbe8ff x21=0x00000001
     455695.000 ns	     45568	8000935c	410f8433	sub	x8,x31,x16	 x31:0x72626344 x16:0x80040fe4  x8=0xf25e5360
     455715.000 ns	     45570	80009360	c013fad3	fcvt.wu.s	x21,f7	  f7:0x00000000 x21=0x00000000
     455745.000 ns	     45573	80009364	207eaed3	fsgnjx.s	f29,f29,f7	 f29:0x7fc00000  f7:0x00000000 f29=0x7fc00000
     455765.000 ns	     45575	80009368	1f5e5d97	auipc	x27,0x1f5e5	 x27=0x9f5ee368
     455775.000 ns	     45576	8000936c	841a6713	ori	x14,x20,-1983	 x20:0x00000000 x14=0xfffff841
     455795.000 ns	     45578	80009370	a1551753	flt.s	x14,f10,f21	 f10:0x6bec471c f21:0x7fc00000 x14=0x00000000
     455825.000 ns	     45581	80009374	a02e14d3	flt.s	x9,f28,f2	 f28:0x7fc00000  f2:0x7f800000  x9=0x00000000
     455845.000 ns	     45583	80009378	4039d193	srai	x3,x19,0x3	 x19:0x80041024  x3=0xf0008204
     455875.000 ns	     45586	8000937c	184279d3	fdiv.s	f19,f4,f4	  f4:0x7fc00000  f4:0x7fc00000 f19=0x7fc00000
     455905.000 ns	     45589	80009380	20460353	fsgnj.s	f6,f12,f4	 f12:0xffc00000  f4:0x7fc00000  f6=0x7fc00000
     455925.000 ns	     45591	80009384	40b18e33	sub	x28,x3,x11	  x3:0xf0008204 x11:0x00000200 x28=0xf0008004
     455935.000 ns	     45592	80009388	408188b3	sub	x17,x3,x8	  x3:0xf0008204  x8:0xf25e5360 x17=0xfda22ea4
     455955.000 ns	     45594	8000938c	a1b2abd3	feq.s	x23,f5,f27	  f5:0x7fc00000 f27:0x7fc00000 x23=0x00000000
     455975.000 ns	     45596	80009390	00000013	addi	x0,x0,0	  x0:0x00000000
     455995.000 ns	     45598	80009394	024844b3	div	x9,x16,x4	 x16:0x80040fe4  x4:0x00000000  x9=0xffffffff
     456025.000 ns	     45601	80009398	a1410d53	fle.s	x26,f2,f20	  f2:0x7f800000 f20:0x00000000 x26=0x00000000
     456045.000 ns	     45603	8000939c	40105e93	srai	x29,x0,0x1	  x0:0x00000000 x29=0x00000000
     456055.000 ns	     45604	800093a0	f2988193	addi	x3,x17,-215	 x17:0xfda22ea4  x3=0xfda22dcd
     456065.000 ns	     45605	800093a4	007b9d13	slli	x26,x23,0x7	 x23:0x00000000 x26=0x00000000
     456425.000 ns	     45641	800093a8	02d34db3	div	x27,x6,x13	  x6:0x80040fe4 x13:0xffffffff x27=0x7ffbf01c
     456455.000 ns	     45644	800093ac	293a1f53	fmax.s	f30,f20,f19	 f20:0x00000000 f19:0x7fc00000 f30=0x00000000
     456485.000 ns	     45647	800093b0	02c14cb3	div	x25,x2,x12	  x2:0x7817031c x12:0x00000000 x25=0xffffffff
     456505.000 ns	     45649	800093b4	01a63f33	sltu	x30,x12,x26	 x12:0x00000000 x26:0x00000000 x30=0x00000000
     456515.000 ns	     45650	800093b8	2314bf93	sltiu	x31,x9,561	  x9:0xffffffff x31=0x00000000
     456525.000 ns	     45651	800093bc	01cb84b3	add	x9,x23,x28	 x23:0x00000000 x28:0xf0008004  x9=0xf0008004
     456545.000 ns	     45653	800093c0	02830b33	mul	x22,x6,x8	  x6:0x80040fe4  x8:0xf25e5360 x22=0xb064e180
     456565.000 ns	     45655	800093c4	01848bb3	add	x23,x9,x24	  x9:0xffffffff x24:0x00000010 x23=0xf0008014
     456585.000 ns	     45657	800093c8	280f11d3	fmax.s	f3,f30,f0	 f30:0x00000000  f0:0xffffffff  f3=0x00000000
     456605.000 ns	     45659	800093cc	6456a093	slti	x1,x13,1605	 x13:0xffffffff  x1=0x00000001
     456645.000 ns	     45663	800093d0	0841f1d3	fsub.s	f3,f3,f4	  f3:0x00000000  f4:0x7fc00000  f3=0x7fc00000
     456685.000 ns	     45667	800093d4	182dffd3	fdiv.s	f31,f27,f2	 f27:0x7fc00000  f2:0x7f800000 f31=0x7fc00000
     456715.000 ns	     45670	800093d8	02843bb3	mulhu	x23,x8,x8	  x8:0xf25e5360  x8:0xf25e5360 x23=0xe5767862
     456745.000 ns	     45673	800093dc	c01a75d3	fcvt.wu.s	x11,f20	 f20:0x00000000 x11=0x00000000
     456775.000 ns	     45676	800093e0	0202e4b3	rem	x9,x5,x0	  x5:0x00000000  x0:0x00000000  x9=0x00000000
     457145.000 ns	     45713	800093e4	0231cf33	div	x30,x3,x3	  x3:0xfda22dcd  x3:0xfda22dcd x30=0x00000001
     457185.000 ns	     45717	800093e8	5806fcd3	fsqrt.s	f25,f13	 f13:0x80000000 f25=0x80000000
     457215.000 ns	     45720	800093ec	c007fa53	fcvt.w.s	x20,f15	 f15:0x7fc00000 x20=0x7fffffff
     457245.000 ns	     45723	800093f0	e00c86d3	fmv.x.w	x13,f25	 f25:0x80000000 x13=0x80000000
     457265.000 ns	     45725	800093f4	00000013	addi	x0,x0,0	  x0:0x00000000
     457285.000 ns	     45727	800093f8	03a0a4b3	mulhsu	x9,x1,x26	  x1:0x00000001 x26:0x00000000  x9=0x00000000
     457305.000 ns	     45729	800093fc	01107fb3	and	x31,x0,x17	  x0:0x00000000 x17:0xfda22ea4 x31=0x00000000
     457325.000 ns	     45731	80009400	d004f5d3	fcvt.s.w	f11,x9	  x9:0x00000000 f11=0x00000000
     457355.000 ns	     45734	80009404	d00c7753	fcvt.s.w	f14,x24	 x24:0x00000010 f14=0x41800000
     457385.000 ns	     45737	80009408	e0021453	fclass.s	x8,f4	  f4:0x7fc00000  x8=0x00000200
     457415.000 ns	     45740	8000940c	c01b3f53	fcvt.wu.s	x30,f22	 f22:0x41800000 x30=0x00000010
     457435.000 ns	     45742	80009410	210a4513	xori	x10,x20,528	 x20:0x7fffffff x10=0x7ffffdef
     457795.000 ns	     45778	80009414	02d4dbb3	divu	x23,x9,x13	  x9:0x00000000 x13:0x80000000 x23=0x00000000
     457825.000 ns	     45781	80009418	c009f353	fcvt.w.s	x6,f19	 f19:0x7fc00000  x6=0x7fffffff
     457845.000 ns	     45783	8000941c	00177e33	and	x28,x14,x1	 x14:0x00000000  x1:0x00000001 x28=0x00000000
     457875.000 ns	     45786	80009420	580499d3	fsqrt.s	f19,f9	  f9:0x7fc00000 f19=0x7fc00000
     457895.000 ns	     45788	80009424	4029d033	sra	x0,x19,x2	 x19:0x80041024  x2:0x7817031c
     457935.000 ns	     45792	80009428	01bb1a53	fadd.s	f20,f22,f27	 f22:0x41800000 f27:0x7fc00000 f20=0x7fc00000
     458305.000 ns	     45829	8000942c	03e6c333	div	x6,x13,x30	 x13:0x80000000 x30:0x00000010  x6=0xf8000000
     458325.000 ns	     45831	80009430	4085d093	srai	x1,x11,0x8	 x11:0x00000000  x1=0x00000000
     458345.000 ns	     45833	80009434	d0087553	fcvt.s.w	f10,x16	 x16:0x80040fe4 f10=0xcefff7e0
     458365.000 ns	     45835	80009438	01d54cb3	xor	x25,x10,x29	 x10:0x7ffffdef x29:0x00000000 x25=0x7ffffdef
     458385.000 ns	     45837	8000943c	037318b3	mulh	x17,x6,x23	  x6:0xf8000000 x23:0x00000000 x17=0x00000000
     458415.000 ns	     45840	80009440	21d908d3	fsgnj.s	f17,f18,f29	 f18:0xff800000 f29:0x7fc00000 f17=0x7f800000
     458435.000 ns	     45842	80009444	012e61b3	or	x3,x28,x18	 x28:0x00000000 x18:0xffffffff  x3=0xffffffff
     458445.000 ns	     45843	80009448	01919c13	slli	x24,x3,0x19	  x3:0xfda22dcd x24=0xfe000000
     458465.000 ns	     45845	8000944c	29a51e53	fmax.s	f28,f10,f26	 f10:0xcefff7e0 f26:0x7fc00000 f28=0xcefff7e0
     458485.000 ns	     45847	80009450	01c76933	or	x18,x14,x28	 x14:0x00000000 x28:0x00000000 x18=0x00000000
     458495.000 ns	     45848	80009454	5f54a293	slti	x5,x9,1525	  x9:0x00000000  x5=0x00000001
     458515.000 ns	     45850	80009458	293006d3	fmin.s	f13,f0,f19	  f0:0xffffffff f19:0x7fc00000 f13=0x7fc00000
     458545.000 ns	     45853	8000945c	03be8a33	mul	x20,x29,x27	 x29:0x00000000 x27:0x7ffbf01c x20=0x00000000
     458575.000 ns	     45856	80009460	024c22b3	mulhsu	x5,x24,x4	 x24:0xfe000000  x4:0x00000000  x5=0x00000000
     458625.000 ns	     45861	80009464	00c3b6d3	fadd.s	f13,f7,f12	  f7:0x00000000 f12:0xffc00000 f13=0x7fc00000
     458995.000 ns	     45898	80009468	02d5c033	div	x0,x11,x13	 x11:0x00000000 x13:0x80000000
     459045.000 ns	     45903	8000946c	08584453	fsub.s	f8,f16,f5	 f16:0x80000001  f5:0x7fc00000  f8=0x7fc00000
     459095.000 ns	     45908	80009470	09167fd3	fsub.s	f31,f12,f17	 f12:0xffc00000 f17:0x7f800000 f31=0x7fc00000
     459115.000 ns	     45910	80009474	41e050b3	sra	x1,x0,x30	  x0:0x00000000 x30:0x00000010  x1=0x00000000
     459135.000 ns	     45912	80009478	028806b3	mul	x13,x16,x8	 x16:0x80040fe4  x8:0x00000200 x13=0x081fc800
     459155.000 ns	     45914	8000947c	00fda4b3	slt	x9,x27,x15	 x27:0x7ffbf01c x15:0x00000054  x9=0x00000000
     459175.000 ns	     45916	80009480	e0059dd3	fclass.s	x27,f11	 f11:0x00000000 x27=0x00000010
     459205.000 ns	     45919	80009484	027c11b3	mulh	x3,x24,x7	 x24:0xfe000000  x7:0x00000001  x3=0xffffffff
     459235.000 ns	     45922	80009488	21ad2353	fsgnjx.s	f6,f26,f26	 f26:0x7fc00000 f26:0x7fc00000  f6=0x7fc00000
     459265.000 ns	     45925	8000948c	207e9bd3	fsgnjn.s	f23,f29,f7	 f29:0x7fc00000  f7:0x00000000 f23=0xffc00000
     459285.000 ns	     45927	80009490	419a08b3	sub	x17,x20,x25	 x20:0x00000000 x25:0x7ffffdef x17=0x80000211
     459305.000 ns	     45929	80009494	0217d0b3	divu	x1,x15,x1	 x15:0x00000054  x1:0x00000000  x1=0xffffffff
     459335.000 ns	     45932	80009498	f00588d3	fmv.w.x	f17,x11	 x11:0x00000000 f17=0x00000000
     459375.000 ns	     45936	8000949c	106bfdd3	fmul.s	f27,f23,f6	 f23:0xffc00000  f6:0x7fc00000 f27=0x7fc00000
     459405.000 ns	     45939	800094a0	02e20ab3	mul	x21,x4,x14	  x4:0x00000000 x14:0x00000000 x21=0x00000000
     459425.000 ns	     45941	800094a4	beeca893	slti	x17,x25,-1042	 x25:0x7ffffdef x17=0x00000000
     459445.000 ns	     45943	800094a8	d0027cd3	fcvt.s.w	f25,x4	  x4:0x00000000 f25=0x00000000
     459465.000 ns	     45945	800094ac	00000013	addi	x0,x0,0	  x0:0x00000000
     459475.000 ns	     45946	800094b0	9549bbb7	lui	x23,0x9549b	 x23=0x9549b000
     459495.000 ns	     45948	800094b4	218a9d53	fsgnjn.s	f26,f21,f24	 f21:0x7fc00000 f24:0x00000000 f26=0xffc00000
     459545.000 ns	     45953	800094b8	08d9abd3	fsub.s	f23,f19,f13	 f19:0x7fc00000 f13:0x7fc00000 f23=0x7fc00000
     459565.000 ns	     45955	800094bc	adbb7793	andi	x15,x22,-1317	 x22:0xb064e180 x15=0xb064e080
     459575.000 ns	     45956	800094c0	01681513	slli	x10,x16,0x16	 x16:0x80040fe4 x10=0xf9000000
     459595.000 ns	     45958	800094c4	28261ad3	fmax.s	f21,f12,f2	 f12:0xffc00000  f2:0x7f800000 f21=0x7f800000
     459625.000 ns	     45961	800094c8	c01a1a53	fcvt.wu.s	x20,f20	 f20:0x7fc00000 x20=0xffffffff
     459655.000 ns	     45964	800094cc	02bb54b3	divu	x9,x22,x11	 x22:0xb064e180 x11:0x00000000  x9=0xffffffff
     459685.000 ns	     45967	800094d0	20c89bd3	fsgnjn.s	f23,f17,f12	 f17:0x00000000 f12:0xffc00000 f23=0x00000000
     459715.000 ns	     45970	800094d4	03aac7b3	div	x15,x21,x26	 x21:0x00000000 x26:0x00000000 x15=0xffffffff
     459765.000 ns	     45975	800094d8	08a87253	fsub.s	f4,f16,f10	 f16:0x80000001 f10:0xcefff7e0  f4=0x4efff7e0
     459785.000 ns	     45977	800094dc	011e0033	add	x0,x28,x17	 x28:0x00000000 x17:0x00000000
     459795.000 ns	     45978	800094e0	014b9f33	sll	x30,x23,x20	 x23:0x9549b000 x20:0xffffffff x30=0x00000000
     459815.000 ns	     45980	800094e4	02c2fa33	remu	x20,x5,x12	  x5:0x00000000 x12:0x00000000 x20=0x00000000
     459865.000 ns	     45985	800094e8	09cb7953	fsub.s	f18,f22,f28	 f22:0x41800000 f28:0xcefff7e0 f18=0x4efff7e0
     459895.000 ns	     45988	800094ec	a0999753	flt.s	x14,f19,f9	 f19:0x7fc00000  f9:0x7fc00000 x14=0x00000000
     459915.000 ns	     45990	800094f0	41d10033	sub	x0,x2,x29	  x2:0x7817031c x29:0x00000000
     459925.000 ns	     45991	800094f4	00be3633	sltu	x12,x28,x11	 x28:0x00000000 x11:0x00000000 x12=0x00000000
     459935.000 ns	     45992	800094f8	41015fb3	sra	x31,x2,x16	  x2:0x7817031c x16:0x80040fe4 x31=0x07817031
     459955.000 ns	     45994	800094fc	296d83d3	fmin.s	f7,f27,f22	 f27:0x7fc00000 f22:0x41800000  f7=0x41800000
     459985.000 ns	     45997	80009500	021638b3	mulhu	x17,x12,x1	 x12:0x00000000  x1:0xffffffff x17=0x00000000
     460005.000 ns	     45999	80009504	00fc66b3	or	x13,x24,x15	 x24:0xfe000000 x15:0xffffffff x13=0xffffffff
     460025.000 ns	     46001	80009508	02bd2db3	mulhsu	x27,x26,x11	 x26:0x00000000 x11:0x00000000 x27=0x00000000
     460055.000 ns	     46004	8000950c	020db533	mulhu	x10,x27,x0	 x27:0x00000010  x0:0x00000000 x10=0x00000000
     460075.000 ns	     46006	80009510	d4220b93	addi	x23,x4,-702	  x4:0x00000000 x23=0xfffffd42
     460095.000 ns	     46008	80009514	20ebae53	fsgnjx.s	f28,f23,f14	 f23:0x00000000 f14:0x41800000 f28=0x00000000
     460115.000 ns	     46010	80009518	1a446a93	ori	x21,x8,420	  x8:0x00000200 x21=0x000003a4
     460125.000 ns	     46011	8000951c	ce253a13	sltiu	x20,x10,-798	 x10:0x00000000 x20=0x00000001
     460135.000 ns	     46012	80009520	015e5c33	srl	x24,x28,x21	 x28:0x00000000 x21:0x00000000 x24=0x00000000
     460175.000 ns	     46016	80009524	016213d3	fadd.s	f7,f4,f22	  f4:0x4efff7e0 f22:0x41800000  f7=0x4efff7e0
     460205.000 ns	     46019	80009528	c01341d3	fcvt.wu.s	x3,f6	  f6:0x7fc00000  x3=0xffffffff
     460235.000 ns	     46022	8000952c	c0017ed3	fcvt.w.s	x29,f2	  f2:0x7f800000 x29=0x7fffffff
     460605.000 ns	     46059	80009530	02fb7533	remu	x10,x22,x15	 x22:0xb064e180 x15:0xffffffff x10=0xb064e180
     460635.000 ns	     46062	80009534	c01898d3	fcvt.wu.s	x17,f17	 f17:0x00000000 x17=0x00000000
     460655.000 ns	     46064	80009538	c765eb13	ori	x22,x11,-906	 x11:0x00000000 x22=0xfffffc76
     460665.000 ns	     46065	8000953c	b9d9c893	xori	x17,x19,-1123	 x19:0x80041024 x17=0x7ffbebb9
     460675.000 ns	     46066	80009540	0029dc13	srli	x24,x19,0x2	 x19:0x80041024 x24=0x20010409
     460695.000 ns	     46068	80009544	a1f085d3	fle.s	x11,f1,f31	  f1:0x00000000 f31:0x7fc00000 x11=0x00000000
     460715.000 ns	     46070	80009548	007a9e13	slli	x28,x21,0x7	 x21:0x000003a4 x28=0x0001d200
     460725.000 ns	     46071	8000954c	01a758b3	srl	x17,x14,x26	 x14:0x00000000 x26:0x00000000 x17=0x00000000
     460735.000 ns	     46072	80009550	b2017413	andi	x8,x2,-1248	  x2:0x7817031c  x8=0x78170300
     460755.000 ns	     46074	80009554	d01efd53	fcvt.s.wu	f26,x29	 x29:0x7fffffff f26=0x4effffff
     461125.000 ns	     46111	80009558	036fd433	divu	x8,x31,x22	 x31:0x07817031 x22:0xfffffc76  x8=0x00000000
     461155.000 ns	     46114	8000955c	2037a0d3	fsgnjx.s	f1,f15,f3	 f15:0x7fc00000  f3:0x7fc00000  f1=0x7fc00000
     461185.000 ns	     46117	80009560	a14223d3	feq.s	x7,f4,f20	  f4:0x4efff7e0 f20:0x7fc00000  x7=0x00000000
     461215.000 ns	     46120	80009564	d01930d3	fcvt.s.wu	f1,x18	 x18:0x00000000  f1=0x00000000
     461245.000 ns	     46123	80009568	c01ff7d3	fcvt.wu.s	x15,f31	 f31:0x7fc00000 x15=0xffffffff
     461265.000 ns	     46125	8000956c	4068d793	srai	x15,x17,0x6	 x17:0x00000000 x15=0x00000000
     461285.000 ns	     46127	80009570	03e556b3	divu	x13,x10,x30	 x10:0xb064e180 x30:0x00000000 x13=0xffffffff
     461315.000 ns	     46130	80009574	d01af5d3	fcvt.s.wu	f11,x21	 x21:0x000003a4 f11=0x44690000
     461345.000 ns	     46133	80009578	29f51ed3	fmax.s	f29,f10,f31	 f10:0xcefff7e0 f31:0x7fc00000 f29=0xcefff7e0
     461365.000 ns	     46135	8000957c	015e9493	slli	x9,x29,0x15	 x29:0x7fffffff  x9=0xffe00000
     461385.000 ns	     46137	80009580	a00917d3	flt.s	x15,f18,f0	 f18:0x4efff7e0  f0:0xffffffff x15=0x00000000
     461405.000 ns	     46139	80009584	30d74497	auipc	x9,0x30d74	  x9=0xb0d7d584
     461425.000 ns	     46141	80009588	a12e1fd3	flt.s	x31,f28,f18	 f28:0x00000000 f18:0x4efff7e0 x31=0x00000001
     461455.000 ns	     46144	8000958c	20bc1e53	fsgnjn.s	f28,f24,f11	 f24:0x00000000 f11:0x44690000 f28=0x80000000
     461485.000 ns	     46147	80009590	a1268d53	fle.s	x26,f13,f18	 f13:0x7fc00000 f18:0x4efff7e0 x26=0x00000000
     461515.000 ns	     46150	80009594	02f08933	mul	x18,x1,x15	  x1:0xffffffff x15:0x00000000 x18=0x00000000
     461535.000 ns	     46152	80009598	01663d33	sltu	x26,x12,x22	 x12:0x00000000 x22:0xfffffc76 x26=0x00000001
     461555.000 ns	     46154	8000959c	02f96bb3	rem	x23,x18,x15	 x18:0x00000000 x15:0x00000000 x23=0x00000000
     461575.000 ns	     46156	800095a0	2c014c13	xori	x24,x2,704	  x2:0x7817031c x24=0x781701dc
     461595.000 ns	     46158	800095a4	d0157253	fcvt.s.wu	f4,x10	 x10:0xb064e180  f4=0x4f3064e1
     461615.000 ns	     46160	800095a8	01923c33	sltu	x24,x4,x25	  x4:0x00000000 x25:0x7ffffdef x24=0x00000001
     461635.000 ns	     46162	800095ac	285b9153	fmax.s	f2,f23,f5	 f23:0x00000000  f5:0x7fc00000  f2=0x00000000
     461665.000 ns	     46165	800095b0	03fc10b3	mulh	x1,x24,x31	 x24:0x781701dc x31:0x00000001  x1=0x00000000
     461695.000 ns	     46168	800095b4	285100d3	fmin.s	f1,f2,f5	  f2:0x00000000  f5:0x7fc00000  f1=0x00000000
     461715.000 ns	     46170	800095b8	7f8b1417	auipc	x8,0x7f8b1	  x8=0xff8ba5b8
     461725.000 ns	     46171	800095bc	42b33317	auipc	x6,0x42b33	  x6=0xc2b3c5bc
     461745.000 ns	     46173	800095c0	e0090c53	fmv.x.w	x24,f18	 f18:0x4efff7e0 x24=0x4efff7e0
     461775.000 ns	     46176	800095c4	e00006d3	fmv.x.w	x13,f0	  f0:0xffffffff x13=0xffffffff
     461795.000 ns	     46178	800095c8	bf94fc93	andi	x25,x9,-1031	  x9:0xb0d7d584 x25=0xb0d7d180
     461805.000 ns	     46179	800095cc	00000013	addi	x0,x0,0	  x0:0x00000000
     461815.000 ns	     46180	800095d0	01260c33	add	x24,x12,x18	 x12:0x00000000 x18:0x00000000 x24=0x00000000
     461835.000 ns	     46182	800095d4	033920b3	mulhsu	x1,x18,x19	 x18:0x00000000 x19:0x80041024  x1=0x00000000
     461855.000 ns	     46184	800095d8	58c13893	sltiu	x17,x2,1420	  x2:0x7817031c x17=0x00000000
     461865.000 ns	     46185	800095dc	a835ff93	andi	x31,x11,-1405	 x11:0x00000000 x31=0x00000000
     461875.000 ns	     46186	800095e0	1e4165b7	lui	x11,0x1e416	 x11=0x1e416000
     462235.000 ns	     46222	800095e4	02aff8b3	remu	x17,x31,x10	 x31:0x00000001 x10:0xb064e180 x17=0x00000000
     462255.000 ns	     46224	800095e8	005f9d93	slli	x27,x31,0x5	 x31:0x00000000 x27=0x00000000
     462265.000 ns	     46225	800095ec	01ae0a33	add	x20,x28,x26	 x28:0x0001d200 x26:0x00000001 x20=0x0001d201
     462275.000 ns	     46226	800095f0	00000013	addi	x0,x0,0	  x0:0x00000000
     462305.000 ns	     46229	800095f4	11e2ff53	fmul.s	f30,f5,f30	  f5:0x7fc00000 f30:0x00000000 f30=0x7fc00000
     462325.000 ns	     46231	800095f8	0173b033	sltu	x0,x7,x23	  x7:0x00000000 x23:0x00000000
     462345.000 ns	     46233	800095fc	28dd06d3	fmin.s	f13,f26,f13	 f26:0x4effffff f13:0x7fc00000 f13=0x4effffff
     462375.000 ns	     46236	80009600	c0167453	fcvt.wu.s	x8,f12	 f12:0xffc00000  x8=0xffffffff
     462395.000 ns	     46238	80009604	25098f97	auipc	x31,0x25098	 x31=0xa50a1604
     462405.000 ns	     46239	80009608	3d3d6f13	ori	x30,x26,979	 x26:0x00000001 x30=0x000003d3
     462415.000 ns	     46240	8000960c	40ee5f13	srai	x30,x28,0xe	 x28:0x0001d200 x30=0x00000007
     462435.000 ns	     46242	80009610	03979c33	mulh	x24,x15,x25	 x15:0x00000000 x25:0xb0d7d180 x24=0x00000000
     462465.000 ns	     46245	80009614	20f8add3	fsgnjx.s	f27,f17,f15	 f17:0x00000000 f15:0x7fc00000 f27=0x00000000
     462835.000 ns	     46282	80009618	0352dcb3	divu	x25,x5,x21	  x5:0x00000000 x21:0x000003a4 x25=0x00000000
     462855.000 ns	     46284	8000961c	3ff23c13	sltiu	x24,x4,1023	  x4:0x00000000 x24=0x00000001
     462865.000 ns	     46285	80009620	b1d0bb13	sltiu	x22,x1,-1251	  x1:0x00000000 x22=0x00000001
     462885.000 ns	     46287	80009624	032143b3	div	x7,x2,x18	  x2:0x7817031c x18:0x00000000  x7=0xffffffff
     462915.000 ns	     46290	80009628	02fb4cb3	div	x25,x22,x15	 x22:0xfffffc76 x15:0x00000000 x25=0xffffffff
     462945.000 ns	     46293	8000962c	a0d79953	flt.s	x18,f15,f13	 f15:0x7fc00000 f13:0x4effffff x18=0x00000000
     462965.000 ns	     46295	80009630	013c10b3	sll	x1,x24,x19	 x24:0x00000001 x19:0x80041024  x1=0x00000010
     462975.000 ns	     46296	80009634	01091e93	slli	x29,x18,0x10	 x18:0x00000000 x29=0x00000000
     462985.000 ns	     46297	80009638	01b2aab3	slt	x21,x5,x27	  x5:0x00000000 x27:0x00000000 x21=0x00000000
     463005.000 ns	     46299	8000963c	e00812d3	fclass.s	x5,f16	 f16:0x80000001  x5=0x00000004
     463035.000 ns	     46302	80009640	024a1733	mulh	x14,x20,x4	 x20:0x0001d201  x4:0x00000000 x14=0x00000000
     463055.000 ns	     46304	80009644	01379093	slli	x1,x15,0x13	 x15:0x00000000  x1=0x00000000
     463075.000 ns	     46306	80009648	a04196d3	flt.s	x13,f3,f4	  f3:0x7fc00000  f4:0x4f3064e1 x13=0x00000000
     463095.000 ns	     46308	8000964c	d4e5f537	lui	x10,0xd4e5f	 x10=0xd4e5f000
     463115.000 ns	     46310	80009650	217888d3	fsgnj.s	f17,f17,f23	 f17:0x00000000 f23:0x00000000 f17=0x00000000
     463145.000 ns	     46313	80009654	206a01d3	fsgnj.s	f3,f20,f6	 f20:0x7fc00000  f6:0x7fc00000  f3=0x7fc00000
     463515.000 ns	     46350	80009658	03fde2b3	rem	x5,x27,x31	 x27:0x00000000 x31:0xa50a1604  x5=0x00000000
     463545.000 ns	     46353	8000965c	d00077d3	fcvt.s.w	f15,x0	  x0:0x00000000 f15=0x00000000
     463595.000 ns	     46358	80009660	09b0fdd3	fsub.s	f27,f1,f27	  f1:0x00000000 f27:0x00000000 f27=0x80000000
     463635.000 ns	     46362	80009664	191879d3	fdiv.s	f19,f16,f17	 f16:0x80000001 f17:0x00000000 f19=0xff800000
     463665.000 ns	     46365	80009668	d00bf4d3	fcvt.s.w	f9,x23	 x23:0x00000000  f9=0x00000000
     464035.000 ns	     46402	8000966c	03ede633	rem	x12,x27,x30	 x27:0x00000000 x30:0x00000007 x12=0x00000000
     464055.000 ns	     46404	80009670	4f26c0b7	lui	x1,0x4f26c	  x1=0x4f26c000
     464075.000 ns	     46406	80009674	03712533	mulhsu	x10,x2,x23	  x2:0x7817031c x23:0x00000000 x10=0x00000000
     464105.000 ns	     46409	80009678	a1fc2053	feq.s	x0,f24,f31	 f24:0x00000000 f31:0x7fc00000
     464125.000 ns	     46411	8000967c	0030a6b3	slt	x13,x1,x3	  x1:0x4f26c000  x3:0xffffffff x13=0x00000000
     464135.000 ns	     46412	80009680	0097b033	sltu	x0,x15,x9	 x15:0x00000000  x9:0xb0d7d584
     464145.000 ns	     46413	80009684	01090b33	add	x22,x18,x16	 x18:0x00000000 x16:0x80040fe4 x22=0x80040fe4
     464165.000 ns	     46415	80009688	f00684d3	fmv.w.x	f9,x13	 x13:0x00000000  f9=0x00000000
     464535.000 ns	     46452	8000968c	034cd5b3	divu	x11,x25,x20	 x25:0xffffffff x20:0x0001d201 x11=0x00008ca2
     464565.000 ns	     46455	80009690	03781133	mulh	x2,x16,x23	 x16:0x80040fe4 x23:0x00000000  x2=0x00000000
     464585.000 ns	     46457	80009694	00931313	slli	x6,x6,0x9	  x6:0xc2b3c5bc  x6=0x678b7800
     464605.000 ns	     46459	80009698	02d49e33	mulh	x28,x9,x13	  x9:0xb0d7d584 x13:0x00000000 x28=0x00000000
     464625.000 ns	     46461	8000969c	0a256793	ori	x15,x10,162	 x10:0x00000000 x15=0x000000a2
     464645.000 ns	     46463	800096a0	c00833d3	fcvt.w.s	x7,f16	 f16:0x80000001  x7=0x00000000
     464675.000 ns	     46466	800096a4	d01ff653	fcvt.s.wu	f12,x31	 x31:0xa50a1604 f12=0x4f250a16
     464695.000 ns	     46468	800096a8	004c9513	slli	x10,x25,0x4	 x25:0xffffffff x10=0xfffffff0
     464705.000 ns	     46469	800096ac	01ae8433	add	x8,x29,x26	 x29:0x00000000 x26:0x00000001  x8=0x00000001
     464715.000 ns	     46470	800096b0	e86a0893	addi	x17,x20,-378	 x20:0x0001d201 x17=0x0001d087
     464725.000 ns	     46471	800096b4	01890db3	add	x27,x18,x24	 x18:0x00000000 x24:0x00000001 x27=0x00000001
     464735.000 ns	     46472	800096b8	e8c750b7	lui	x1,0xe8c75	  x1=0xe8c75000
     464755.000 ns	     46474	800096bc	a0168ad3	fle.s	x21,f13,f1	 f13:0x4effffff  f1:0x00000000 x21=0x00000000
     464775.000 ns	     46476	800096c0	17fb2b93	slti	x23,x22,383	 x22:0x80040fe4 x23=0x00000001
     464785.000 ns	     46477	800096c4	08a29d97	auipc	x27,0x8a29	 x27=0x88a326c4
     464805.000 ns	     46479	800096c8	039c28b3	mulhsu	x17,x24,x25	 x24:0x00000001 x25:0xffffffff x17=0x00000000
     464825.000 ns	     46481	800096cc	9f00a093	slti	x1,x1,-1552	  x1:0xe8c75000  x1=0x00000001
     464835.000 ns	     46482	800096d0	009e1d93	slli	x27,x28,0x9	 x28:0x00000000 x27=0x00000000
     464845.000 ns	     46483	800096d4	007744b3	xor	x9,x14,x7	 x14:0x00000000  x7:0x00000000  x9=0x00000000
     464855.000 ns	     46484	800096d8	86a0f793	andi	x15,x1,-1942	  x1:0x00000001 x15=0x00000000
     464865.000 ns	     46485	800096dc	01f6c1b3	xor	x3,x13,x31	 x13:0x00000000 x31:0xa50a1604  x3=0xa50a1604
     464875.000 ns	     46486	800096e0	017e45b3	xor	x11,x28,x23	 x28:0x00000000 x23:0x00000001 x11=0x00000001
     464885.000 ns	     46487	800096e4	417fd0b3	sra	x1,x31,x23	 x31:0xa50a1604 x23:0x00000001  x1=0xd2850b02
     464905.000 ns	     46489	800096e8	d00e1c53	fcvt.s.w	f24,x28	 x28:0x00000000 f24=0x00000000
     464925.000 ns	     46491	800096ec	d03de193	ori	x3,x27,-765	 x27:0x00000000  x3=0xfffffd03
     464955.000 ns	     46494	800096f0	117271d3	fmul.s	f3,f4,f23	  f4:0x4f3064e1 f23:0x00000000  f3=0x00000000
     464975.000 ns	     46496	800096f4	40220b33	sub	x22,x4,x2	  x4:0x00000000  x2:0x00000000 x22=0x00000000
     465015.000 ns	     46500	800096f8	092ff2d3	fsub.s	f5,f31,f18	 f31:0x7fc00000 f18:0x4efff7e0  f5=0x7fc00000
     465045.000 ns	     46503	800096fc	20f7a3d3	fsgnjx.s	f7,f15,f15	 f15:0x00000000 f15:0x00000000  f7=0x00000000
     465065.000 ns	     46505	80009700	00df5713	srli	x14,x30,0xd	 x30:0x00000007 x14=0x00000000
     465085.000 ns	     46507	80009704	20be0c53	fsgnj.s	f24,f28,f11	 f28:0x80000000 f11:0x44690000 f24=0x00000000
     465115.000 ns	     46510	80009708	202c2ed3	fsgnjx.s	f29,f24,f2	 f24:0x00000000  f2:0x00000000 f29=0x00000000
     465145.000 ns	     46513	8000970c	f00301d3	fmv.w.x	f3,x6	  x6:0x678b7800  f3=0x678b7800
     465165.000 ns	     46515	80009710	7c788113	addi	x2,x17,1991	 x17:0x00000000  x2=0x000007c7
     465175.000 ns	     46516	80009714	01592933	slt	x18,x18,x21	 x18:0x00000000 x21:0x00000000 x18=0x00000000
     465195.000 ns	     46518	80009718	a0382ed3	feq.s	x29,f16,f3	 f16:0x80000001  f3:0x678b7800 x29=0x00000000
     465225.000 ns	     46521	8000971c	d0030bd3	fcvt.s.w	f23,x6	  x6:0x678b7800 f23=0x4ecf16f0
     465245.000 ns	     46523	80009720	5338fa37	lui	x20,0x5338f	 x20=0x5338f000
     465265.000 ns	     46525	80009724	f00b8053	fmv.w.x	f0,x23	 x23:0x00000001  f0=0x00000001
     465295.000 ns	     46528	80009728	201508d3	fsgnj.s	f17,f10,f1	 f10:0xcefff7e0  f1:0x00000000 f17=0x4efff7e0
     465315.000 ns	     46530	8000972c	00af0cb3	add	x25,x30,x10	 x30:0x00000007 x10:0xfffffff0 x25=0xfffffff7
     465325.000 ns	     46531	80009730	01bc5f93	srli	x31,x24,0x1b	 x24:0x00000001 x31=0x00000000
     465335.000 ns	     46532	80009734	00000013	addi	x0,x0,0	  x0:0x00000000
     465355.000 ns	     46534	80009738	02d011b3	mulh	x3,x0,x13	  x0:0x00000000 x13:0x00000000  x3=0x00000000
     465375.000 ns	     46536	8000973c	018b6133	or	x2,x22,x24	 x22:0x00000000 x24:0x00000001  x2=0x00000001
     465385.000 ns	     46537	80009740	41770d33	sub	x26,x14,x23	 x14:0x00000000 x23:0x00000001 x26=0xffffffff
     465405.000 ns	     46539	80009744	03b292b3	mulh	x5,x5,x27	  x5:0x00000000 x27:0x00000000  x5=0x00000000
     465435.000 ns	     46542	80009748	209a88d3	fsgnj.s	f17,f21,f9	 f21:0x7f800000  f9:0x00000000 f17=0x7f800000
     465465.000 ns	     46545	8000974c	20bda653	fsgnjx.s	f12,f27,f11	 f27:0x80000000 f11:0x44690000 f12=0x80000000
     465485.000 ns	     46547	80009750	01cb28b3	slt	x17,x22,x28	 x22:0x00000000 x28:0x00000000 x17=0x00000000
     465505.000 ns	     46549	80009754	031fd533	divu	x10,x31,x17	 x31:0x00000000 x17:0x00000000 x10=0xffffffff
     465875.000 ns	     46586	80009758	037be733	rem	x14,x23,x23	 x23:0x00000001 x23:0x00000001 x14=0x00000000
     465905.000 ns	     46589	8000975c	02e9a6b3	mulhsu	x13,x19,x14	 x19:0x80041024 x14:0x00000000 x13=0x00000000
     465945.000 ns	     46593	80009760	1048b853	fmul.s	f16,f17,f4	 f17:0x7f800000  f4:0x4f3064e1 f16=0x7f800000
     466315.000 ns	     46630	80009764	02a7d2b3	divu	x5,x15,x10	 x15:0x00000000 x10:0xffffffff  x5=0x00000000
     466335.000 ns	     46632	80009768	00b47bb3	and	x23,x8,x11	  x8:0x00000001 x11:0x00000001 x23=0x00000001
     466345.000 ns	     46633	8000976c	00000013	addi	x0,x0,0	  x0:0x00000000
     466365.000 ns	     46635	80009770	21d50b53	fsgnj.s	f22,f10,f29	 f10:0xcefff7e0 f29:0x00000000 f22=0x4efff7e0
     466385.000 ns	     46637	80009774	e4571d97	auipc	x27,0xe4571	 x27=0x6457a774
     466395.000 ns	     46638	80009778	2f8c2413	slti	x8,x24,760	 x24:0x00000001  x8=0x00000001
     466415.000 ns	     46640	8000977c	2125a7d3	fsgnjx.s	f15,f11,f18	 f11:0x44690000 f18:0x4efff7e0 f15=0x44690000
     466435.000 ns	     46642	80009780	7dacba13	sltiu	x20,x25,2010	 x25:0xfffffff7 x20=0x00000000
     466445.000 ns	     46643	80009784	2b7ce5b7	lui	x11,0x2b7ce	 x11=0x2b7ce000
     466455.000 ns	     46644	80009788	0106da93	srli	x21,x13,0x10	 x13:0x00000000 x21=0x00000000
     466465.000 ns	     46645	8000978c	01b2fd33	and	x26,x5,x27	  x5:0x00000000 x27:0x6457a774 x26=0x00000000
     466495.000 ns	     46648	80009790	580fb353	fsqrt.s	f6,f31	 f31:0x7fc00000  f6=0x7fc00000
     466515.000 ns	     46650	80009794	0c8aec17	auipc	x24,0xc8ae	 x24=0x8c8b7794
     466535.000 ns	     46652	80009798	201287d3	fsgnj.s	f15,f5,f1	  f5:0x7fc00000  f1:0x00000000 f15=0x7fc00000
     466565.000 ns	     46655	8000979c	e00513d3	fclass.s	x7,f10	 f10:0xcefff7e0  x7=0x00000002
     466595.000 ns	     46658	800097a0	28371d53	fmax.s	f26,f14,f3	 f14:0x41800000  f3:0x678b7800 f26=0x678b7800
     466625.000 ns	     46661	800097a4	d00ecf53	fcvt.s.w	f30,x29	 x29:0x00000000 f30=0x00000000
     466995.000 ns	     46698	800097a8	03e7d333	divu	x6,x15,x30	 x15:0x00000000 x30:0x00000007  x6=0x00000000
     467025.000 ns	     46701	800097ac	031a3cb3	mulhu	x25,x20,x17	 x20:0x00000000 x17:0x00000000 x25=0x00000000
     467055.000 ns	     46704	800097b0	d002f053	fcvt.s.w	f0,x5	  x5:0x00000000  f0=0x00000000
     467085.000 ns	     46707	800097b4	211593d3	fsgnjn.s	f7,f11,f17	 f11:0x44690000 f17:0x7f800000  f7=0xc4690000
     467135.000 ns	     46712	800097b8	01f43fd3	fadd.s	f31,f8,f31	  f8:0x7fc00000 f31:0x7fc00000 f31=0x7fc00000
     467505.000 ns	     46749	800097bc	0378f3b3	remu	x7,x17,x23	 x17:0x00000000 x23:0x00000001  x7=0x00000000
     467535.000 ns	     46752	800097c0	205118d3	fsgnjn.s	f17,f2,f5	  f2:0x00000000  f5:0x7fc00000 f17=0x80000000
     467565.000 ns	     46755	800097c4	21d92ed3	fsgnjx.s	f29,f18,f29	 f18:0x4efff7e0 f29:0x00000000 f29=0x4efff7e0
     467585.000 ns	     46757	800097c8	006e1013	slli	x0,x28,0x6	 x28:0x00000000
     467615.000 ns	     46760	800097cc	18c22653	fdiv.s	f12,f4,f12	  f4:0x4f3064e1 f12:0x80000000 f12=0xff800000
     467645.000 ns	     46763	800097d0	02f86ab3	rem	x21,x16,x15	 x16:0x80040fe4 x15:0x00000000 x21=0x80040fe4
     467675.000 ns	     46766	800097d4	e0088ed3	fmv.x.w	x29,f17	 f17:0x80000000 x29=0x80000000
     467695.000 ns	     46768	800097d8	004f2fb3	slt	x31,x30,x4	 x30:0x00000007  x4:0x00000000 x31=0x00000000
     467705.000 ns	     46769	800097dc	00dec2b3	xor	x5,x29,x13	 x29:0x80000000 x13:0x00000000  x5=0x80000000
     467715.000 ns	     46770	800097e0	13c82513	slti	x10,x16,316	 x16:0x80040fe4 x10=0x00000001
     467725.000 ns	     46771	800097e4	00469f33	sll	x30,x13,x4	 x13:0x00000000  x4:0x00000000 x30=0x00000000
     467745.000 ns	     46773	800097e8	a1532ad3	feq.s	x21,f6,f21	  f6:0x7fc00000 f21:0x7f800000 x21=0x00000000
     467775.000 ns	     46776	800097ec	c0041d53	fcvt.w.s	x26,f8	  f8:0x7fc00000 x26=0x7fffffff
     467805.000 ns	     46779	800097f0	2076a8d3	fsgnjx.s	f17,f13,f7	 f13:0x4effffff  f7:0xc4690000 f17=0xceffffff
     467835.000 ns	     46782	800097f4	c016cb53	fcvt.wu.s	x22,f13	 f13:0x4effffff x22=0x7fffff80
     467865.000 ns	     46785	800097f8	d00204d3	fcvt.s.w	f9,x4	  x4:0x00000000  f9=0x00000000
     467895.000 ns	     46788	800097fc	f0088c53	fmv.w.x	f24,x17	 x17:0x00000000 f24=0x00000000
     467925.000 ns	     46791	80009800	e00a0bd3	fmv.x.w	x23,f20	 f20:0x7fc00000 x23=0x7fc00000
     467955.000 ns	     46794	80009804	a0440bd3	fle.s	x23,f8,f4	  f8:0x7fc00000  f4:0x4f3064e1 x23=0x00000000
     467975.000 ns	     46796	80009808	dcdfe193	ori	x3,x31,-563	 x31:0x00000000  x3=0xfffffdcd
     468335.000 ns	     46832	8000980c	03b3fcb3	remu	x25,x7,x27	  x7:0x00000000 x27:0x6457a774 x25=0x00000000
     468365.000 ns	     46835	80009810	d0067f53	fcvt.s.w	f30,x12	 x12:0x00000000 f30=0x00000000
     468395.000 ns	     46838	80009814	c001fad3	fcvt.w.s	x21,f3	  f3:0x678b7800 x21=0x7fffffff
     468415.000 ns	     46840	80009818	00c848b3	xor	x17,x16,x12	 x16:0x80040fe4 x12:0x00000000 x17=0x80040fe4
     468425.000 ns	     46841	8000981c	06747513	andi	x10,x8,103	  x8:0x00000001 x10=0x00000001
     468445.000 ns	     46843	80009820	03e2a733	mulhsu	x14,x5,x30	  x5:0x80000000 x30:0x00000000 x14=0x00000000
     468465.000 ns	     46845	80009824	c6972a13	slti	x20,x14,-919	 x14:0x00000000 x20=0x00000000
     468485.000 ns	     46847	80009828	a198aad3	feq.s	x21,f17,f25	 f17:0xceffffff f25:0x00000000 x21=0x00000000
     468505.000 ns	     46849	8000982c	00000013	addi	x0,x0,0	  x0:0x00000000
     468535.000 ns	     46852	80009830	102ecc53	fmul.s	f24,f29,f2	 f29:0x4efff7e0  f2:0x00000000 f24=0x00000000
     468565.000 ns	     46855	80009834	02f20f33	mul	x30,x4,x15	  x4:0x00000000 x15:0x00000000 x30=0x00000000
     468595.000 ns	     46858	80009838	e00b0a53	fmv.x.w	x20,f22	 f22:0x4efff7e0 x20=0x4efff7e0
     468625.000 ns	     46861	8000983c	03b7bd33	mulhu	x26,x15,x27	 x15:0x00000000 x27:0x6457a774 x26=0x00000000
     468645.000 ns	     46863	80009840	00662733	slt	x14,x12,x6	 x12:0x00000000  x6:0x00000000 x14=0x00000000
     468665.000 ns	     46865	80009844	a11e9153	flt.s	x2,f29,f17	 f29:0x4efff7e0 f17:0xceffffff  x2=0x00000000
     468685.000 ns	     46867	80009848	d8ae8b93	addi	x23,x29,-630	 x29:0x80000000 x23=0x7ffffd8a
     468705.000 ns	     46869	8000984c	a0c2aed3	feq.s	x29,f5,f12	  f5:0x7fc00000 f12:0xff800000 x29=0x00000000
     468735.000 ns	     46872	80009850	02e500b3	mul	x1,x10,x14	 x10:0x00000001 x14:0x00000000  x1=0x00000000
     468765.000 ns	     46875	80009854	f00a0153	fmv.w.x	f2,x20	 x20:0x4efff7e0  f2=0x4efff7e0
     468795.000 ns	     46878	80009858	d00ffed3	fcvt.s.w	f29,x31	 x31:0x00000000 f29=0x00000000
     468825.000 ns	     46881	8000985c	03f74b33	div	x22,x14,x31	 x14:0x00000000 x31:0x00000000 x22=0xffffffff
     468845.000 ns	     46883	80009860	4024d7b3	sra	x15,x9,x2	  x9:0x00000000  x2:0x00000000 x15=0x00000000
     468865.000 ns	     46885	80009864	a0569f53	flt.s	x30,f13,f5	 f13:0x4effffff  f5:0x7fc00000 x30=0x00000000
     468885.000 ns	     46887	80009868	97ad2293	slti	x5,x26,-1670	 x26:0x00000000  x5=0x00000000
     468895.000 ns	     46888	8000986c	401d0b33	sub	x22,x26,x1	 x26:0x00000000  x1:0x00000000 x22=0x00000000
     468905.000 ns	     46889	80009870	415105b3	sub	x11,x2,x21	  x2:0x00000000 x21:0x00000000 x11=0x00000000
     468935.000 ns	     46892	80009874	58063bd3	fsqrt.s	f23,f12	 f12:0xff800000 f23=0x7fc00000
     468965.000 ns	     46895	80009878	d01c2153	fcvt.s.wu	f2,x24	 x24:0x8c8b7794  f2=0x4f0c8b78
     468985.000 ns	     46897	8000987c	41720e33	sub	x28,x4,x23	  x4:0x00000000 x23:0x7ffffd8a x28=0x80000276
     468995.000 ns	     46898	80009880	01da1133	sll	x2,x20,x29	 x20:0x4efff7e0 x29:0x00000000  x2=0x4efff7e0
     469005.000 ns	     46899	80009884	0062e033	or	x0,x5,x6	  x5:0x00000000  x6:0x00000000
     469025.000 ns	     46901	80009888	02f086b3	mul	x13,x1,x15	  x1:0x00000000 x15:0x00000000 x13=0x00000000
     469045.000 ns	     46903	8000988c	01a30733	add	x14,x6,x26	  x6:0x00000000 x26:0x00000000 x14=0x00000000
     469055.000 ns	     46904	80009890	4117dd33	sra	x26,x15,x17	 x15:0x00000000 x17:0x80040fe4 x26=0x00000000
     469075.000 ns	     46906	80009894	02243433	mulhu	x8,x8,x2	  x8:0x00000001  x2:0x4efff7e0  x8=0x00000000
     469105.000 ns	     46909	80009898	283a8953	fmin.s	f18,f21,f3	 f21:0x7f800000  f3:0x678b7800 f18=0x678b7800
     469125.000 ns	     46911	8000989c	cc5a67b7	lui	x15,0xcc5a6	 x15=0xcc5a6000
     469145.000 ns	     46913	800098a0	a15b0a53	fle.s	x20,f22,f21	 f22:0x4efff7e0 f21:0x7f800000 x20=0x00000001
     469175.000 ns	     46916	800098a4	20409ad3	fsgnjn.s	f21,f1,f4	  f1:0x00000000  f4:0x4f3064e1 f21=0x80000000
     469205.000 ns	     46919	800098a8	d00b31d3	fcvt.s.w	f3,x22	 x22:0x00000000  f3=0x00000000
     469225.000 ns	     46921	800098ac	3b1c0f93	addi	x31,x24,945	 x24:0x8c8b7794 x31=0x8c8b7b45
     469245.000 ns	     46923	800098b0	035836b3	mulhu	x13,x16,x21	 x16:0x80040fe4 x21:0x00000000 x13=0x00000000
     469265.000 ns	     46925	800098b4	78632d13	slti	x26,x6,1926	  x6:0x00000000 x26=0x00000001
     469275.000 ns	     46926	800098b8	00cd0f33	add	x30,x26,x12	 x26:0x00000000 x12:0x00000000 x30=0x00000001
     469295.000 ns	     46928	800098bc	d00820d3	fcvt.s.w	f1,x16	 x16:0x80040fe4  f1=0xcefff7e1
     469315.000 ns	     46930	800098c0	008a8bb3	add	x23,x21,x8	 x21:0x00000000  x8:0x00000000 x23=0x00000000
     469335.000 ns	     46932	800098c4	e0048e53	fmv.x.w	x28,f9	  f9:0x00000000 x28=0x00000000
     469355.000 ns	     46934	800098c8	008160b3	or	x1,x2,x8	  x2:0x4efff7e0  x8:0x00000000  x1=0x4efff7e0
     469365.000 ns	     46935	800098cc	01bad8b3	srl	x17,x21,x27	 x21:0x00000000 x27:0x6457a774 x17=0x00000000
     469375.000 ns	     46936	800098d0	01bbb2b3	sltu	x5,x23,x27	 x23:0x00000000 x27:0x6457a774  x5=0x00000001
     469385.000 ns	     46937	800098d4	00000013	addi	x0,x0,0	  x0:0x00000000
     469405.000 ns	     46939	800098d8	03609733	mulh	x14,x1,x22	  x1:0x4efff7e0 x22:0x00000000 x14=0x00000000
     469435.000 ns	     46942	800098dc	f00b8553	fmv.w.x	f10,x23	 x23:0x00000000 f10=0x00000000
     469465.000 ns	     46945	800098e0	213f01d3	fsgnj.s	f3,f30,f19	 f30:0x00000000 f19:0xff800000  f3=0x80000000
     469495.000 ns	     46948	800098e4	024628b3	mulhsu	x17,x12,x4	 x12:0x00000000  x4:0x00000000 x17=0x00000000
     469515.000 ns	     46950	800098e8	aea07193	andi	x3,x0,-1302	  x0:0x00000000  x3=0x00000000
     469535.000 ns	     46952	800098ec	c0067b53	fcvt.w.s	x22,f12	 f12:0xff800000 x22=0x80000000
     469555.000 ns	     46954	800098f0	5a69f137	lui	x2,0x5a69f	  x2=0x5a69f000
     469565.000 ns	     46955	800098f4	fc9e4d13	xori	x26,x28,-55	 x28:0x00000000 x26=0xffffffc9
     469595.000 ns	     46958	800098f8	185ef253	fdiv.s	f4,f29,f5	 f29:0x00000000  f5:0x7fc00000  f4=0x7fc00000
     469625.000 ns	     46961	800098fc	03b23b33	mulhu	x22,x4,x27	  x4:0x00000000 x27:0x6457a774 x22=0x00000000
     469645.000 ns	     46963	80009900	018f4ab3	xor	x21,x30,x24	 x30:0x00000001 x24:0x8c8b7794 x21=0x8c8b7795
     469665.000 ns	     46965	80009904	28eb1b53	fmax.s	f22,f22,f14	 f22:0x4efff7e0 f14:0x41800000 f22=0x4efff7e0
     469685.000 ns	     46967	80009908	00519093	slli	x1,x3,0x5	  x3:0x00000000  x1=0x00000000
     469695.000 ns	     46968	8000990c	01a06433	or	x8,x0,x26	  x0:0x00000000 x26:0xffffffc9  x8=0xffffffc9
     469715.000 ns	     46970	80009910	21188253	fsgnj.s	f4,f17,f17	 f17:0xceffffff f17:0xceffffff  f4=0xceffffff
     469765.000 ns	     46975	80009914	00127dd3	fadd.s	f27,f4,f1	  f4:0x7fc00000  f1:0xcefff7e1 f27=0xcf7ffbf0
     469795.000 ns	     46978	80009918	299c9753	fmax.s	f14,f25,f25	 f25:0x00000000 f25:0x00000000 f14=0x00000000
     469825.000 ns	     46981	8000991c	20bd9253	fsgnjn.s	f4,f27,f11	 f27:0xcf7ffbf0 f11:0x44690000  f4=0xcf7ffbf0
     469865.000 ns	     46985	80009920	58074bd3	fsqrt.s	f23,f14	 f14:0x00000000 f23=0x00000000
     469895.000 ns	     46988	80009924	03d530b3	mulhu	x1,x10,x29	 x10:0x00000001 x29:0x00000000  x1=0x00000000
     469935.000 ns	     46992	80009928	1104fd53	fmul.s	f26,f9,f16	  f9:0x00000000 f16:0x7f800000 f26=0x7fc00000
     469965.000 ns	     46995	8000992c	a12a2cd3	feq.s	x25,f20,f18	 f20:0x7fc00000 f18:0x678b7800 x25=0x00000000
     469985.000 ns	     46997	80009930	001ef333	and	x6,x29,x1	 x29:0x00000000  x1:0x00000000  x6=0x00000000
     469995.000 ns	     46998	80009934	011412b3	sll	x5,x8,x17	  x8:0xffffffc9 x17:0x00000000  x5=0xffffffc9
     470015.000 ns	     47000	80009938	0371ea33	rem	x20,x3,x23	  x3:0x00000000 x23:0x00000000 x20=0x00000000
     470045.000 ns	     47003	8000993c	21b88fd3	fsgnj.s	f31,f17,f27	 f17:0xceffffff f27:0xcf7ffbf0 f31=0xceffffff
     470415.000 ns	     47040	80009940	02f77a33	remu	x20,x14,x15	 x14:0x00000000 x15:0xcc5a6000 x20=0x00000000
     470445.000 ns	     47043	80009944	0274ba33	mulhu	x20,x9,x7	  x9:0x00000000  x7:0x00000000 x20=0x00000000
     470465.000 ns	     47045	80009948	1330ce93	xori	x29,x1,307	  x1:0x00000000 x29=0x00000133
     470475.000 ns	     47046	8000994c	01f425b3	slt	x11,x8,x31	  x8:0xffffffc9 x31:0x8c8b7b45 x11=0x00000000
     470485.000 ns	     47047	80009950	01f13eb3	sltu	x29,x2,x31	  x2:0x5a69f000 x31:0x8c8b7b45 x29=0x00000001
     470505.000 ns	     47049	80009954	d01f1fd3	fcvt.s.wu	f31,x30	 x30:0x00000001 f31=0x3f800000
     470525.000 ns	     47051	80009958	00051b13	slli	x22,x10,0x0	 x10:0x00000001 x22=0x00000001
     470535.000 ns	     47052	8000995c	e54e7193	andi	x3,x28,-428	 x28:0x00000000  x3=0x00000000
     470555.000 ns	     47054	80009960	a1259d53	flt.s	x26,f11,f18	 f11:0x44690000 f18:0x678b7800 x26=0x00000001
     470575.000 ns	     47056	80009964	003957b3	srl	x15,x18,x3	 x18:0x00000000  x3:0x00000000 x15=0x00000000
     470615.000 ns	     47060	80009968	00d77553	fadd.s	f10,f14,f13	 f14:0x00000000 f13:0x4effffff f10=0x4effffff
     470635.000 ns	     47062	8000996c	00e2f333	and	x6,x5,x14	  x5:0xffffffc9 x14:0x00000000  x6=0x00000000
     470645.000 ns	     47063	80009970	415404b3	sub	x9,x8,x21	  x8:0xffffffc9 x21:0x8c8b7795  x9=0x73748834
     470655.000 ns	     47064	80009974	00000013	addi	x0,x0,0	  x0:0x00000000
     470675.000 ns	     47066	80009978	02b5d733	divu	x14,x11,x11	 x11:0x00000000 x11:0x00000000 x14=0xffffffff
     470705.000 ns	     47069	8000997c	02053cb3	mulhu	x25,x10,x0	 x10:0x00000001  x0:0x00000000 x25=0x00000000
     470725.000 ns	     47071	80009980	e51b7f93	andi	x31,x22,-431	 x22:0x00000001 x31=0x00000001
     470745.000 ns	     47073	80009984	02769633	mulh	x12,x13,x7	 x13:0x00000000  x7:0x00000000 x12=0x00000000
     470795.000 ns	     47078	80009988	01fefc53	fadd.s	f24,f29,f31	 f29:0x00000000 f31:0x3f800000 f24=0x3f800000
     470835.000 ns	     47082	8000998c	197f7d53	fdiv.s	f26,f30,f23	 f30:0x00000000 f23:0x00000000 f26=0x7fc00000
     470865.000 ns	     47085	80009990	28309fd3	fmax.s	f31,f1,f3	  f1:0xcefff7e1  f3:0x80000000 f31=0x80000000
     470905.000 ns	     47089	80009994	110b7153	fmul.s	f2,f22,f16	 f22:0x4efff7e0 f16:0x7f800000  f2=0x7f800000
     471275.000 ns	     47126	80009998	03824933	div	x18,x4,x24	  x4:0x00000000 x24:0x8c8b7794 x18=0x00000000
     471295.000 ns	     47128	8000999c	008f3eb3	sltu	x29,x30,x8	 x30:0x00000001  x8:0xffffffc9 x29=0x00000001
     471305.000 ns	     47129	800099a0	0009fa33	and	x20,x19,x0	 x19:0x80041024  x0:0x00000000 x20=0x00000000
     471315.000 ns	     47130	800099a4	3b86a393	slti	x7,x13,952	 x13:0x00000000  x7=0x00000001
     471335.000 ns	     47132	800099a8	02ab0ab3	mul	x21,x22,x10	 x22:0x00000001 x10:0x00000001 x21=0x00000001
     471355.000 ns	     47134	800099ac	01d2c1b3	xor	x3,x5,x29	  x5:0xffffffc9 x29:0x00000001  x3=0xffffffc8
     471385.000 ns	     47137	800099b0	580ff753	fsqrt.s	f14,f31	 f31:0x80000000 f14=0x80000000
     471755.000 ns	     47174	800099b4	028adab3	divu	x21,x21,x8	 x21:0x00000001  x8:0xffffffc9 x21=0x00000000
     471775.000 ns	     47176	800099b8	01b21b33	sll	x22,x4,x27	  x4:0x00000000 x27:0x6457a774 x22=0x00000000
     471795.000 ns	     47178	800099bc	f00982d3	fmv.w.x	f5,x19	 x19:0x80041024  f5=0x80041024
     471815.000 ns	     47180	800099c0	c2a0eb93	ori	x23,x1,-982	  x1:0x00000000 x23=0xfffffc2a
     471825.000 ns	     47181	800099c4	9de90593	addi	x11,x18,-1570	 x18:0x00000000 x11=0xfffff9de
     471835.000 ns	     47182	800099c8	01ff6eb3	or	x29,x30,x31	 x30:0x00000001 x31:0x00000001 x29=0x00000001
     471845.000 ns	     47183	800099cc	01eeaab3	slt	x21,x29,x30	 x29:0x00000001 x30:0x00000001 x21=0x00000000
     471855.000 ns	     47184	800099d0	019adf33	srl	x30,x21,x25	 x21:0x00000000 x25:0x00000000 x30=0x00000000
     471865.000 ns	     47185	800099d4	3a963c13	sltiu	x24,x12,937	 x12:0x00000000 x24=0x00000001
     471885.000 ns	     47187	800099d8	214594d3	fsgnjn.s	f9,f11,f20	 f11:0x44690000 f20:0x7fc00000  f9=0xc4690000
     471915.000 ns	     47190	800099dc	29c29c53	fmax.s	f24,f5,f28	  f5:0x80041024 f28:0x80000000 f24=0x80000000
     471935.000 ns	     47192	800099e0	4010d693	srai	x13,x1,0x1	  x1:0x00000000 x13=0x00000000
     471955.000 ns	     47194	800099e4	f00806d3	fmv.w.x	f13,x16	 x16:0x80040fe4 f13=0x80040fe4
     471995.000 ns	     47198	800099e8	10a2bfd3	fmul.s	f31,f5,f10	  f5:0x80041024 f10:0x4effffff f31=0x8d82047f
     472015.000 ns	     47200	800099ec	00a8d293	srli	x5,x17,0xa	 x17:0x00000000  x5=0x00000000
     472035.000 ns	     47202	800099f0	a0d21cd3	flt.s	x25,f4,f13	  f4:0xcf7ffbf0 f13:0x80040fe4 x25=0x00000001
     472065.000 ns	     47205	800099f4	025bbcb3	mulhu	x25,x23,x5	 x23:0xfffffc2a  x5:0xffffffc9 x25=0x00000000
     472095.000 ns	     47208	800099f8	03d42433	mulhsu	x8,x8,x29	  x8:0xffffffc9 x29:0x00000001  x8=0xffffffff
     472125.000 ns	     47211	800099fc	d011f953	fcvt.s.wu	f18,x3	  x3:0xffffffc8 f18=0x4f7fffff
     472175.000 ns	     47216	80009a00	0139fe53	fadd.s	f28,f19,f19	 f19:0xff800000 f19:0xff800000 f28=0x80000000
     472195.000 ns	     47218	80009a04	1918c037	lui	x0,0x1918c	
     472205.000 ns	     47219	80009a08	009e9033	sll	x0,x29,x9	 x29:0x00000001  x9:0x73748834
     472215.000 ns	     47220	80009a0c	01a120b3	slt	x1,x2,x26	  x2:0x5a69f000 x26:0x00000001  x1=0x00000000
     472235.000 ns	     47222	80009a10	a151aa53	feq.s	x20,f3,f21	  f3:0x80000000 f21:0x80000000 x20=0x00000001
     472605.000 ns	     47259	80009a14	02a57533	remu	x10,x10,x10	 x10:0x00000001 x10:0x00000001 x10=0x00000000
     472625.000 ns	     47261	80009a18	008c10b3	sll	x1,x24,x8	 x24:0x00000001  x8:0xffffffff  x1=0x80000000
     472645.000 ns	     47263	80009a1c	03c31333	mulh	x6,x6,x28	  x6:0x00000000 x28:0x00000000  x6=0x00000000
     472665.000 ns	     47265	80009a20	a6683897	auipc	x17,0xa6683	 x17=0x2668ca20
     472695.000 ns	     47268	80009a24	183b87d3	fdiv.s	f15,f23,f3	 f23:0x00000000  f3:0x80000000 f15=0x7fc00000
     473065.000 ns	     47305	80009a28	0344fc33	remu	x24,x9,x20	  x9:0x73748834 x20:0x00000001 x24=0x00000000
     473095.000 ns	     47308	80009a2c	a1ff8e53	fle.s	x28,f31,f31	 f31:0x8d82047f f31:0x8d82047f x28=0x00000001
     473125.000 ns	     47311	80009a30	a0de06d3	fle.s	x13,f28,f13	 f28:0x80000000 f13:0x80040fe4 x13=0x00000000
     473145.000 ns	     47313	80009a34	7fddad13	slti	x26,x27,2045	 x27:0x6457a774 x26=0x00000000
     473155.000 ns	     47314	80009a38	005650b3	srl	x1,x12,x5	 x12:0x00000000  x5:0x00000000  x1=0x00000000
     473165.000 ns	     47315	80009a3c	9ad73d93	sltiu	x27,x14,-1619	 x14:0xffffffff x27=0x00000000
     473175.000 ns	     47316	80009a40	d0b86013	ori	x0,x16,-757	 x16:0x80040fe4
     473195.000 ns	     47318	80009a44	e0048d53	fmv.x.w	x26,f9	  f9:0xc4690000 x26=0xc4690000
     473565.000 ns	     47355	80009a48	0296d433	divu	x8,x13,x9	 x13:0x00000000  x9:0x73748834  x8=0x00000000
     473595.000 ns	     47358	80009a4c	f00f85d3	fmv.w.x	f11,x31	 x31:0x00000001 f11=0x00000001
     473615.000 ns	     47360	80009a50	3c749a37	lui	x20,0x3c749	 x20=0x3c749000
     473625.000 ns	     47361	80009a54	0011adb3	slt	x27,x3,x1	  x3:0xffffffc8  x1:0x00000000 x27=0x00000001
     474795.000 ns	     47478	80009a58	58050fd3	fsqrt.s	f31,f10	 f10:0x4effffff f31=0x473504ab
     474815.000 ns	     47480	80009a5c	00b35fb3	srl	x31,x6,x11	  x6:0x00000000 x11:0xfffff9de x31=0x00000000
     474835.000 ns	     47482	80009a60	039dba33	mulhu	x20,x27,x25	 x27:0x00000001 x25:0x00000000 x20=0x00000000
     474865.000 ns	     47485	80009a64	026d74b3	remu	x9,x26,x6	 x26:0xc4690000  x6:0x00000000  x9=0xc4690000
     474895.000 ns	     47488	80009a68	d00d7bd3	fcvt.s.w	f23,x26	 x26:0xc4690000 f23=0xce6e5c00
     474915.000 ns	     47490	80009a6c	4183dd33	sra	x26,x7,x24	  x7:0x00000001 x24:0x00000000 x26=0x00000001
     474935.000 ns	     47492	80009a70	21c8ab53	fsgnjx.s	f22,f17,f28	 f17:0xceffffff f28:0x80000000 f22=0x4effffff
     474955.000 ns	     47494	80009a74	96ec0113	addi	x2,x24,-1682	 x24:0x00000000  x2=0xfffff96e
     474975.000 ns	     47496	80009a78	02a0cdb3	div	x27,x1,x10	  x1:0x00000000 x10:0x00000000 x27=0xffffffff
     474995.000 ns	     47498	80009a7c	001c1e13	slli	x28,x24,0x1	 x24:0x00000000 x28=0x00000000
     475035.000 ns	     47502	80009a80	083a7253	fsub.s	f4,f20,f3	 f20:0x7fc00000  f3:0x80000000  f4=0x7fc00000
     475405.000 ns	     47539	80009a84	037777b3	remu	x15,x14,x23	 x14:0xffffffff x23:0xfffffc2a x15=0x000003d5
     475445.000 ns	     47543	80009a88	11d48b53	fmul.s	f22,f9,f29	  f9:0xc4690000 f29:0x00000000 f22=0x80000000
     475465.000 ns	     47545	80009a8c	004b66b3	or	x13,x22,x4	 x22:0x00000000  x4:0x00000000 x13=0x00000000
     475505.000 ns	     47549	80009a90	01b227d3	fadd.s	f15,f4,f27	  f4:0x7fc00000 f27:0xcf7ffbf0 f15=0x7fc00000
     475535.000 ns	     47552	80009a94	02ebbbb3	mulhu	x23,x23,x14	 x23:0xfffffc2a x14:0xffffffff x23=0xfffffc29
     475555.000 ns	     47554	80009a98	01d84db3	xor	x27,x16,x29	 x16:0x80040fe4 x29:0x00000001 x27=0x80040fe5
     475575.000 ns	     47556	80009a9c	03fd7fb3	remu	x31,x26,x31	 x26:0x00000001 x31:0x00000000 x31=0x00000001
     475605.000 ns	     47559	80009aa0	a0590bd3	fle.s	x23,f18,f5	 f18:0x4f7fffff  f5:0x80041024 x23=0x00000000
     475625.000 ns	     47561	80009aa4	8bd28d13	addi	x26,x5,-1859	  x5:0x00000000 x26=0xfffff8bd
     475645.000 ns	     47563	80009aa8	2092a5d3	fsgnjx.s	f11,f5,f9	  f5:0x80041024  f9:0xc4690000 f11=0x00041024
     475675.000 ns	     47566	80009aac	03cff3b3	remu	x7,x31,x28	 x31:0x00000001 x28:0x00000000  x7=0x00000001
     475705.000 ns	     47569	80009ab0	e0041fd3	fclass.s	x31,f8	  f8:0x7fc00000 x31=0x00000200
     475735.000 ns	     47572	80009ab4	032ecd33	div	x26,x29,x18	 x29:0x00000001 x18:0x00000000 x26=0xffffffff
     475765.000 ns	     47575	80009ab8	d01d3453	fcvt.s.wu	f8,x26	 x26:0xfffff8bd  f8=0x4f800000
     475815.000 ns	     47580	80009abc	015149d3	fadd.s	f19,f2,f21	  f2:0x7f800000 f21:0x80000000 f19=0x7f800000
     475835.000 ns	     47582	80009ac0	00e7d533	srl	x10,x15,x14	 x15:0x000003d5 x14:0xffffffff x10=0x00000000
     475845.000 ns	     47583	80009ac4	00000013	addi	x0,x0,0	  x0:0x00000000
     475875.000 ns	     47586	80009ac8	109e7153	fmul.s	f2,f28,f9	 f28:0x80000000  f9:0xc4690000  f2=0x00000000
     475915.000 ns	     47590	80009acc	19b7ab53	fdiv.s	f22,f15,f27	 f15:0x7fc00000 f27:0xcf7ffbf0 f22=0x7fc00000
     475945.000 ns	     47593	80009ad0	d00a15d3	fcvt.s.w	f11,x20	 x20:0x00000000 f11=0x00000000
     475965.000 ns	     47595	80009ad4	5133d5b7	lui	x11,0x5133d	 x11=0x5133d000
     475975.000 ns	     47596	80009ad8	01fb1a13	slli	x20,x22,0x1f	 x22:0x00000000 x20=0x00000000
     475995.000 ns	     47598	80009adc	214591d3	fsgnjn.s	f3,f11,f20	 f11:0x00000000 f20:0x7fc00000  f3=0x80000000
     476015.000 ns	     47600	80009ae0	01cb00b3	add	x1,x22,x28	 x22:0x00000000 x28:0x00000000  x1=0x00000000
     476025.000 ns	     47601	80009ae4	c2e7fb13	andi	x22,x15,-978	 x15:0x000003d5 x22=0x00000004
     476035.000 ns	     47602	80009ae8	65810513	addi	x10,x2,1624	  x2:0xfffff96e x10=0xffffffc6
     476045.000 ns	     47603	80009aec	8c452c13	slti	x24,x10,-1852	 x10:0x00000000 x24=0x00000000
     476065.000 ns	     47605	80009af0	a02c2cd3	feq.s	x25,f24,f2	 f24:0x80000000  f2:0x00000000 x25=0x00000001
     476435.000 ns	     47642	80009af4	02f240b3	div	x1,x4,x15	  x4:0x00000000 x15:0x000003d5  x1=0x00000000
     476465.000 ns	     47645	80009af8	c0038cd3	fcvt.w.s	x25,f7	  f7:0xc4690000 x25=0xfffffc5c
     476515.000 ns	     47650	80009afc	0957f953	fsub.s	f18,f15,f21	 f15:0x7fc00000 f21:0x80000000 f18=0x7fc00000
     476545.000 ns	     47653	80009b00	c00c7953	fcvt.w.s	x18,f24	 f24:0x80000000 x18=0x00000000
     476575.000 ns	     47656	80009b04	0386b133	mulhu	x2,x13,x24	 x13:0x00000000 x24:0x00000000  x2=0x00000000
     476595.000 ns	     47658	80009b08	01311e93	slli	x29,x2,0x13	  x2:0xfffff96e x29=0x00000000
     476615.000 ns	     47660	80009b0c	d01336d3	fcvt.s.wu	f13,x6	  x6:0x00000000 f13=0x00000000
     476645.000 ns	     47663	80009b10	a04aaad3	feq.s	x21,f21,f4	 f21:0x80000000  f4:0x7fc00000 x21=0x00000000
     476665.000 ns	     47665	80009b14	88156093	ori	x1,x10,-1919	 x10:0xffffffc6  x1=0xffffffc7
     476675.000 ns	     47666	80009b18	01d5da33	srl	x20,x11,x29	 x11:0x5133d000 x29:0x00000000 x20=0x5133d000
     476685.000 ns	     47667	80009b1c	00bd1933	sll	x18,x26,x11	 x26:0xffffffff x11:0x5133d000 x18=0xffffffff
     476695.000 ns	     47668	80009b20	01ab0ab3	add	x21,x22,x26	 x22:0x00000004 x26:0xffffffff x21=0x00000003
     476705.000 ns	     47669	80009b24	00ddf933	and	x18,x27,x13	 x27:0x80040fe5 x13:0x00000000 x18=0x00000000
     476715.000 ns	     47670	80009b28	00000013	addi	x0,x0,0	  x0:0x00000000
     476745.000 ns	     47673	80009b2c	58017653	fsqrt.s	f12,f2	  f2:0x00000000 f12=0x00000000
     476765.000 ns	     47675	80009b30	41840733	sub	x14,x8,x24	  x8:0x00000000 x24:0x00000000 x14=0x00000000
     476775.000 ns	     47676	80009b34	00000013	addi	x0,x0,0	  x0:0x00000000
     476785.000 ns	     47677	80009b38	01131633	sll	x12,x6,x17	  x6:0x00000000 x17:0x2668ca20 x12=0x00000000
     476795.000 ns	     47678	80009b3c	59ed6b13	ori	x22,x26,1438	 x26:0xffffffff x22=0xffffffff
     476815.000 ns	     47680	80009b40	20092ad3	fsgnjx.s	f21,f18,f0	 f18:0x7fc00000  f0:0x00000000 f21=0x7fc00000
     476845.000 ns	     47683	80009b44	e00b8d53	fmv.x.w	x26,f23	 f23:0xce6e5c00 x26=0xce6e5c00
     476875.000 ns	     47686	80009b48	d005cad3	fcvt.s.w	f21,x11	 x11:0x5133d000 f21=0x4ea267a0
     476905.000 ns	     47689	80009b4c	f0038cd3	fmv.w.x	f25,x7	  x7:0x00000001 f25=0x00000001
     476935.000 ns	     47692	80009b50	c00cfbd3	fcvt.w.s	x23,f25	 f25:0x00000000 x23=0x00000000
     476985.000 ns	     47697	80009b54	018efc53	fadd.s	f24,f29,f24	 f29:0x00000000 f24:0x80000000 f24=0x80000000
     477015.000 ns	     47700	80009b58	d01df253	fcvt.s.wu	f4,x27	 x27:0x80040fe5  f4=0x4f00040f
     477045.000 ns	     47703	80009b5c	e00c10d3	fclass.s	x1,f24	 f24:0x80000000  x1=0x00000008
     477095.000 ns	     47708	80009b60	00b27ad3	fadd.s	f21,f4,f11	  f4:0x4f00040f f11:0x00000000 f21=0x4f00040f
     477115.000 ns	     47710	80009b64	01f02633	slt	x12,x0,x31	  x0:0x00000000 x31:0x00000200 x12=0x00000001
     477125.000 ns	     47711	80009b68	01a89db3	sll	x27,x17,x26	 x17:0x2668ca20 x26:0xce6e5c00 x27=0x2668ca20
     477145.000 ns	     47713	80009b6c	d0057d53	fcvt.s.w	f26,x10	 x10:0xffffffc6 f26=0xc2680000
     477515.000 ns	     47750	80009b70	02c8eb33	rem	x22,x17,x12	 x17:0x2668ca20 x12:0x00000001 x22=0x00000000
     477545.000 ns	     47753	80009b74	e00d13d3	fclass.s	x7,f26	 f26:0xc2680000  x7=0x00000002
     477575.000 ns	     47756	80009b78	a1412a53	feq.s	x20,f2,f20	  f2:0x00000000 f20:0x7fc00000 x20=0x00000000
     477615.000 ns	     47760	80009b7c	113cf653	fmul.s	f12,f25,f19	 f25:0x00000001 f19:0x7f800000 f12=0x7f800000
     477645.000 ns	     47763	80009b80	037faab3	mulhsu	x21,x31,x23	 x31:0x00000200 x23:0x00000000 x21=0x00000000
     477665.000 ns	     47765	80009b84	00b61893	slli	x17,x12,0xb	 x12:0x00000001 x17=0x00000800
     477685.000 ns	     47767	80009b88	0385c633	div	x12,x11,x24	 x11:0x5133d000 x24:0x00000000 x12=0xffffffff
     477735.000 ns	     47772	80009b8c	08047e53	fsub.s	f28,f8,f0	  f8:0x4f800000  f0:0x00000000 f28=0x4f800000
     477755.000 ns	     47774	80009b90	0103c633	xor	x12,x7,x16	  x7:0x00000002 x16:0x80040fe4 x12=0x80040fe6
     477765.000 ns	     47775	80009b94	01cb4033	xor	x0,x22,x28	 x22:0x00000000 x28:0x00000000
     477785.000 ns	     47777	80009b98	2045a6d3	fsgnjx.s	f13,f11,f4	 f11:0x00000000  f4:0x4f00040f f13=0x00000000
     477805.000 ns	     47779	80009b9c	0b3d4013	xori	x0,x26,179	 x26:0xce6e5c00
     477815.000 ns	     47780	80009ba0	4c625417	auipc	x8,0x4c625	  x8=0xcc62eba0
     477825.000 ns	     47781	80009ba4	f99b3e93	sltiu	x29,x22,-103	 x22:0x00000000 x29=0x00000001
     477855.000 ns	     47784	80009ba8	191b7b53	fdiv.s	f22,f22,f17	 f22:0x7fc00000 f17:0xceffffff f22=0x7fc00000
     477885.000 ns	     47787	80009bac	216e8153	fsgnj.s	f2,f29,f22	 f29:0x00000000 f22:0x7fc00000  f2=0x00000000
     477905.000 ns	     47789	80009bb0	00000013	addi	x0,x0,0	  x0:0x00000000
     477915.000 ns	     47790	80009bb4	000d6b33	or	x22,x26,x0	 x26:0xce6e5c00  x0:0x00000000 x22=0xce6e5c00
     477935.000 ns	     47792	80009bb8	a1a58fd3	fle.s	x31,f11,f26	 f11:0x00000000 f26:0xc2680000 x31=0x00000000
     477965.000 ns	     47795	80009bbc	299b1fd3	fmax.s	f31,f22,f25	 f22:0x7fc00000 f25:0x00000001 f31=0x00000001
     477985.000 ns	     47797	80009bc0	01256333	or	x6,x10,x18	 x10:0xffffffc6 x18:0x00000000  x6=0xffffffc6
     478005.000 ns	     47799	80009bc4	c01afcd3	fcvt.wu.s	x25,f21	 f21:0x4f00040f x25=0x80040f00
     478035.000 ns	     47802	80009bc8	02cfbe33	mulhu	x28,x31,x12	 x31:0x00000000 x12:0x80040fe6 x28=0x00000000
     478055.000 ns	     47804	80009bcc	01e221b3	slt	x3,x4,x30	  x4:0x00000000 x30:0x00000000  x3=0x00000000
     478065.000 ns	     47805	80009bd0	00000013	addi	x0,x0,0	  x0:0x00000000
     478075.000 ns	     47806	80009bd4	9dfdce13	xori	x28,x27,-1569	 x27:0x2668ca20 x28=0xd99733ff
     478095.000 ns	     47808	80009bd8	025d3ab3	mulhu	x21,x26,x5	 x26:0xce6e5c00  x5:0x00000000 x21=0x00000000
     478125.000 ns	     47811	80009bdc	d01a3d53	fcvt.s.wu	f26,x20	 x20:0x00000000 f26=0x00000000
     478145.000 ns	     47813	80009be0	58664397	auipc	x7,0x58664	  x7=0xd866dbe0
     478165.000 ns	     47815	80009be4	c0039a53	fcvt.w.s	x20,f7	  f7:0xc4690000 x20=0xfffffc5c
     478195.000 ns	     47818	80009be8	a10c2fd3	feq.s	x31,f24,f16	 f24:0x80000000 f16:0x7f800000 x31=0x00000000
     478225.000 ns	     47821	80009bec	d01fa353	fcvt.s.wu	f6,x31	 x31:0x00000000  f6=0x00000000
     478595.000 ns	     47858	80009bf0	026463b3	rem	x7,x8,x6	  x8:0xcc62eba0  x6:0xffffffc6  x7=0xffffffd8
     478625.000 ns	     47861	80009bf4	025dc133	div	x2,x27,x5	 x27:0x2668ca20  x5:0x00000000  x2=0xffffffff
     479805.000 ns	     47979	80009bf8	580f8fd3	fsqrt.s	f31,f31	 f31:0x00000001 f31=0x1f350483
     479825.000 ns	     47981	80009bfc	01b8a633	slt	x12,x17,x27	 x17:0x00000800 x27:0x2668ca20 x12=0x00000001
     479835.000 ns	     47982	80009c00	fab2ea13	ori	x20,x5,-85	  x5:0x00000000 x20=0xffffffab
     479875.000 ns	     47986	80009c04	018ba553	fadd.s	f10,f23,f24	 f23:0xce6e5c00 f24:0x80000000 f10=0xce6e5c00
     479895.000 ns	     47988	80009c08	d4844937	lui	x18,0xd4844	 x18=0xd4844000
     479925.000 ns	     47991	80009c0c	580bf0d3	fsqrt.s	f1,f23	 f23:0xce6e5c00  f1=0x7fc00000
     479945.000 ns	     47993	80009c10	10350493	addi	x9,x10,259	 x10:0xffffffc6  x9=0x000000c9
     479965.000 ns	     47995	80009c14	e00708d3	fmv.x.w	x17,f14	 f14:0x80000000 x17=0x80000000
     480335.000 ns	     48032	80009c18	03c07cb3	remu	x25,x0,x28	  x0:0x00000000 x28:0xd99733ff x25=0x00000000
     480375.000 ns	     48036	80009c1c	580df053	fsqrt.s	f0,f27	 f27:0xcf7ffbf0  f0=0x7fc00000
     480395.000 ns	     48038	80009c20	c93f8193	addi	x3,x31,-877	 x31:0x00000000  x3=0xfffffc93
     480415.000 ns	     48040	80009c24	037a7eb3	remu	x29,x20,x23	 x20:0xffffffab x23:0x00000000 x29=0xffffffab
     480785.000 ns	     48077	80009c28	036c4533	div	x10,x24,x22	 x24:0x00000000 x22:0xce6e5c00 x10=0x00000000
     480805.000 ns	     48079	80009c2c	41825d33	sra	x26,x4,x24	  x4:0x00000000 x24:0x00000000 x26=0x00000000
     480825.000 ns	     48081	80009c30	a030a2d3	feq.s	x5,f1,f3	  f1:0x7fc00000  f3:0x80000000  x5=0x00000000
     480875.000 ns	     48086	80009c34	015cf0d3	fadd.s	f1,f25,f21	 f25:0x00000001 f21:0x4f00040f  f1=0x4f00040f
     480905.000 ns	     48089	80009c38	f00d0953	fmv.w.x	f18,x26	 x26:0x00000000 f18=0x00000000
     480945.000 ns	     48093	80009c3c	11127b53	fmul.s	f22,f4,f17	  f4:0x4f00040f f17:0xceffffff f22=0xde80040e
     480995.000 ns	     48098	80009c40	005475d3	fadd.s	f11,f8,f5	  f8:0x4f800000  f5:0x80041024 f11=0x4f800000
     481015.000 ns	     48100	80009c44	979de913	ori	x18,x27,-1671	 x27:0x2668ca20 x18=0xfffffb79
     481035.000 ns	     48102	80009c48	c00d4b53	fcvt.w.s	x22,f26	 f26:0x00000000 x22=0x00000000
     481075.000 ns	     48106	80009c4c	181f71d3	fdiv.s	f3,f30,f1	 f30:0x00000000  f1:0x4f00040f  f3=0x00000000
     481105.000 ns	     48109	80009c50	20d48ed3	fsgnj.s	f29,f9,f13	  f9:0xc4690000 f13:0x00000000 f29=0x44690000
     481125.000 ns	     48111	80009c54	8939f693	andi	x13,x19,-1901	 x19:0x80041024 x13=0x80041000
     481135.000 ns	     48112	80009c58	00000013	addi	x0,x0,0	  x0:0x00000000
     481145.000 ns	     48113	80009c5c	01423db3	sltu	x27,x4,x20	  x4:0x00000000 x20:0xffffffab x27=0x00000001
     481505.000 ns	     48149	80009c60	029351b3	divu	x3,x6,x9	  x6:0xffffffc6  x9:0x000000c9  x3=0x01460cbc
     481525.000 ns	     48151	80009c64	002cf133	and	x2,x25,x2	 x25:0x00000000  x2:0xffffffff  x2=0x00000000
     481545.000 ns	     48153	80009c68	285390d3	fmax.s	f1,f7,f5	  f7:0xc4690000  f5:0x80041024  f1=0x80041024
     481575.000 ns	     48156	80009c6c	21c59d53	fsgnjn.s	f26,f11,f28	 f11:0x4f800000 f28:0x4f800000 f26=0xcf800000
     481595.000 ns	     48158	80009c70	416104b3	sub	x9,x2,x22	  x2:0x00000000 x22:0x00000000  x9=0x00000000
     481605.000 ns	     48159	80009c74	b27ccd93	xori	x27,x25,-1241	 x25:0x00000000 x27=0xfffffb27
     481625.000 ns	     48161	80009c78	a16618d3	flt.s	x17,f12,f22	 f12:0x7f800000 f22:0xde80040e x17=0x00000000
     481645.000 ns	     48163	80009c7c	018a5693	srli	x13,x20,0x18	 x20:0xffffffab x13=0x000000ff
     481655.000 ns	     48164	80009c80	00759293	slli	x5,x11,0x7	 x11:0x5133d000  x5=0x99e80000
     481665.000 ns	     48165	80009c84	011067b3	or	x15,x0,x17	  x0:0x00000000 x17:0x00000000 x15=0x00000000
     481675.000 ns	     48166	80009c88	84480497	auipc	x9,0x84480	  x9=0x04489c88
     481705.000 ns	     48169	80009c8c	107df653	fmul.s	f12,f27,f7	 f27:0xcf7ffbf0  f7:0xc4690000 f12=0x5468fc4d
     481725.000 ns	     48171	80009c90	004bd313	srli	x6,x23,0x4	 x23:0x00000000  x6=0x00000000
     481735.000 ns	     48172	80009c94	8b36f313	andi	x6,x13,-1869	 x13:0x000000ff  x6=0x000000b3
     481745.000 ns	     48173	80009c98	00ebae33	slt	x28,x23,x14	 x23:0x00000000 x14:0x00000000 x28=0x00000000
     481755.000 ns	     48174	80009c9c	0047de13	srli	x28,x15,0x4	 x15:0x00000000 x28=0x00000000
     481775.000 ns	     48176	80009ca0	a1561bd3	flt.s	x23,f12,f21	 f12:0x5468fc4d f21:0x4f00040f x23=0x00000000
     481805.000 ns	     48179	80009ca4	29711f53	fmax.s	f30,f2,f23	  f2:0x00000000 f23:0xce6e5c00 f30=0x00000000
     481835.000 ns	     48182	80009ca8	020cbb33	mulhu	x22,x25,x0	 x25:0x00000000  x0:0x00000000 x22=0x00000000
     481865.000 ns	     48185	80009cac	e00795d3	fclass.s	x11,f15	 f15:0x7fc00000 x11=0x00000200
     481895.000 ns	     48188	80009cb0	c003cfd3	fcvt.w.s	x31,f7	  f7:0xc4690000 x31=0xfffffc5c
     481925.000 ns	     48191	80009cb4	a1168453	fle.s	x8,f13,f17	 f13:0x00000000 f17:0xceffffff  x8=0x00000000
     481955.000 ns	     48194	80009cb8	02cf15b3	mulh	x11,x30,x12	 x30:0x00000000 x12:0x00000001 x11=0x00000000
     481975.000 ns	     48196	80009cbc	00886e33	or	x28,x16,x8	 x16:0x80040fe4  x8:0x00000000 x28=0x80040fe4
     481995.000 ns	     48198	80009cc0	a0062ad3	feq.s	x21,f12,f0	 f12:0x5468fc4d  f0:0x7fc00000 x21=0x00000000
     482015.000 ns	     48200	80009cc4	00000013	addi	x0,x0,0	  x0:0x00000000
     482035.000 ns	     48202	80009cc8	02c527b3	mulhsu	x15,x10,x12	 x10:0x00000000 x12:0x00000001 x15=0x00000000
     482405.000 ns	     48239	80009ccc	03235e33	divu	x28,x6,x18	  x6:0x000000b3 x18:0xfffffb79 x28=0x00000000
     482425.000 ns	     48241	80009cd0	3fea4593	xori	x11,x20,1022	 x20:0xffffffab x11=0xfffffc55
     482435.000 ns	     48242	80009cd4	400fdeb3	sra	x29,x31,x0	 x31:0xfffffc5c  x0:0x00000000 x29=0xfffffc5c
     482795.000 ns	     48278	80009cd8	03ba5b33	divu	x22,x20,x27	 x20:0xffffffab x27:0xfffffb27 x22=0x00000001
     482825.000 ns	     48281	80009cdc	299293d3	fmax.s	f7,f5,f25	  f5:0x80041024 f25:0x00000001  f7=0x00000001
     482855.000 ns	     48284	80009ce0	d013f1d3	fcvt.s.wu	f3,x7	  x7:0xffffffd8  f3=0x4f7fffff
     482875.000 ns	     48286	80009ce4	01b78cb3	add	x25,x15,x27	 x15:0x00000000 x27:0xfffffb27 x25=0xfffffb27
     482905.000 ns	     48289	80009ce8	10187653	fmul.s	f12,f16,f1	 f16:0x7f800000  f1:0x80041024 f12=0xff800000
     482925.000 ns	     48291	80009cec	00168333	add	x6,x13,x1	 x13:0x000000ff  x1:0x00000008  x6=0x00000107
     484095.000 ns	     48408	80009cf0	580efe53	fsqrt.s	f28,f29	 f29:0x44690000 f28=0x41a4c17e
     484125.000 ns	     48411	80009cf4	03729633	mulh	x12,x5,x23	  x5:0x99e80000 x23:0x00000000 x12=0x00000000
     484145.000 ns	     48413	80009cf8	2e09a313	slti	x6,x19,736	 x19:0x80041024  x6=0x00000001
     484165.000 ns	     48415	80009cfc	20f49a53	fsgnjn.s	f20,f9,f15	  f9:0xc4690000 f15:0x7fc00000 f20=0xc4690000
     484195.000 ns	     48418	80009d00	02d800b3	mul	x1,x16,x13	 x16:0x80040fe4 x13:0x000000ff  x1=0x840bd41c
     484215.000 ns	     48420	80009d04	002fda93	srli	x21,x31,0x2	 x31:0xfffffc5c x21=0x3fffff17
     484225.000 ns	     48421	80009d08	76c312b7	lui	x5,0x76c31	  x5=0x76c31000
     484245.000 ns	     48423	80009d0c	c01b0053	fcvt.wu.s	x0,f22	 f22:0xde80040e
     484275.000 ns	     48426	80009d10	035dbcb3	mulhu	x25,x27,x21	 x27:0xfffffb27 x21:0x3fffff17 x25=0x3ffffde0
     484305.000 ns	     48429	80009d14	c005f653	fcvt.w.s	x12,f11	 f11:0x4f800000 x12=0x7fffffff
     484325.000 ns	     48431	80009d18	01f37533	and	x10,x6,x31	  x6:0x00000001 x31:0xfffffc5c x10=0x00000000
     484335.000 ns	     48432	80009d1c	00345f93	srli	x31,x8,0x3	  x8:0x00000000 x31=0x00000000
     484345.000 ns	     48433	80009d20	55c43913	sltiu	x18,x8,1372	  x8:0x00000000 x18=0x00000001
     484355.000 ns	     48434	80009d24	09e6b913	sltiu	x18,x13,158	 x13:0x000000ff x18=0x00000000
     484365.000 ns	     48435	80009d28	f9386513	ori	x10,x16,-109	 x16:0x80040fe4 x10=0xfffffff7
     484385.000 ns	     48437	80009d2c	0221b1b3	mulhu	x3,x3,x2	  x3:0x01460cbc  x2:0x00000000  x3=0x00000000
     484415.000 ns	     48440	80009d30	e00414d3	fclass.s	x9,f8	  f8:0x4f800000  x9=0x00000040
     484435.000 ns	     48442	80009d34	01bd5413	srli	x8,x26,0x1b	 x26:0x00000000  x8=0x00000000
     484445.000 ns	     48443	80009d38	55b13113	sltiu	x2,x2,1371	  x2:0x00000000  x2=0x00000001
     484465.000 ns	     48445	80009d3c	28550d53	fmin.s	f26,f10,f5	 f10:0xce6e5c00  f5:0x80041024 f26=0xce6e5c00
     484485.000 ns	     48447	80009d40	00b334b3	sltu	x9,x6,x11	  x6:0x00000001 x11:0xfffffc55  x9=0x00000001
     484505.000 ns	     48449	80009d44	f0038f53	fmv.w.x	f30,x7	  x7:0xffffffd8 f30=0xffffffd8
     484525.000 ns	     48451	80009d48	534b0893	addi	x17,x22,1332	 x22:0x00000001 x17=0x00000535
     484535.000 ns	     48452	80009d4c	01758c33	add	x24,x11,x23	 x11:0xfffffc55 x23:0x00000000 x24=0xfffffc55
     484895.000 ns	     48488	80009d50	039bcd33	div	x26,x23,x25	 x23:0x00000000 x25:0x3ffffde0 x26=0x00000000
     484925.000 ns	     48491	80009d54	21fc9f53	fsgnjn.s	f30,f25,f31	 f25:0x00000001 f31:0x1f350483 f30=0x80000001
     484945.000 ns	     48493	80009d58	00000013	addi	x0,x0,0	  x0:0x00000000
     484965.000 ns	     48495	80009d5c	20e794d3	fsgnjn.s	f9,f15,f14	 f15:0x7fc00000 f14:0x80000000  f9=0x7fc00000
     484985.000 ns	     48497	80009d60	01addcb3	srl	x25,x27,x26	 x27:0xfffffb27 x26:0x00000000 x25=0xfffffb27
     485005.000 ns	     48499	80009d64	c01f36d3	fcvt.wu.s	x13,f30	 f30:0x80000001 x13=0x00000000
     485035.000 ns	     48502	80009d68	03a6a533	mulhsu	x10,x13,x26	 x13:0x000000ff x26:0x00000000 x10=0x00000000
     485055.000 ns	     48504	80009d6c	140dfb93	andi	x23,x27,320	 x27:0xfffffb27 x23=0x00000100
     485075.000 ns	     48506	80009d70	21800653	fsgnj.s	f12,f0,f24	  f0:0x7fc00000 f24:0x80000000 f12=0xffc00000
     485105.000 ns	     48509	80009d74	027aabb3	mulhsu	x23,x21,x7	 x21:0x3fffff17  x7:0xffffffd8 x23=0x3fffff0d
     485135.000 ns	     48512	80009d78	e00118d3	fclass.s	x17,f2	  f2:0x00000000 x17=0x00000010
     485155.000 ns	     48514	80009d7c	01c4c733	xor	x14,x9,x28	  x9:0x00000001 x28:0x00000000 x14=0x00000001
     485175.000 ns	     48516	80009d80	a1ff0653	fle.s	x12,f30,f31	 f30:0x80000001 f31:0x1f350483 x12=0x00000001
     485205.000 ns	     48519	80009d84	02a65db3	divu	x27,x12,x10	 x12:0x7fffffff x10:0x00000000 x27=0xffffffff
     485225.000 ns	     48521	80009d88	401956b3	sra	x13,x18,x1	 x18:0x00000000  x1:0x840bd41c x13=0x00000000
     485235.000 ns	     48522	80009d8c	c0f26793	ori	x15,x4,-1009	  x4:0x00000000 x15=0xfffffc0f
     485265.000 ns	     48525	80009d90	580039d3	fsqrt.s	f19,f0	  f0:0x7fc00000 f19=0x7fc00000
     485285.000 ns	     48527	80009d94	01082db3	slt	x27,x16,x16	 x16:0x80040fe4 x16:0x80040fe4 x27=0x00000000
     485305.000 ns	     48529	80009d98	c01d78d3	fcvt.wu.s	x17,f26	 f26:0xce6e5c00 x17=0x3b970000
     485325.000 ns	     48531	80009d9c	01166e33	or	x28,x12,x17	 x12:0x00000001 x17:0x00000010 x28=0x3b970001
     485345.000 ns	     48533	80009da0	c00c7c53	fcvt.w.s	x24,f24	 f24:0x80000000 x24=0x00000000
     485375.000 ns	     48536	80009da4	20cc95d3	fsgnjn.s	f11,f25,f12	 f25:0x00000001 f12:0xffc00000 f11=0x00000001
     485405.000 ns	     48539	80009da8	f00a0253	fmv.w.x	f4,x20	 x20:0xffffffab  f4=0xffffffab
     485425.000 ns	     48541	80009dac	700b8db7	lui	x27,0x700b8	 x27=0x700b8000
     485435.000 ns	     48542	80009db0	01230db3	add	x27,x6,x18	  x6:0x00000001 x18:0x00000000 x27=0x00000001
     485795.000 ns	     48578	80009db4	035debb3	rem	x23,x27,x21	 x27:0x00000000 x21:0x3fffff17 x23=0x00000001
     485825.000 ns	     48581	80009db8	022d9633	mulh	x12,x27,x2	 x27:0x700b8000  x2:0x00000001 x12=0x00000000
     485855.000 ns	     48584	80009dbc	212d2c53	fsgnjx.s	f24,f26,f18	 f26:0xce6e5c00 f18:0x00000000 f24=0xce6e5c00
     485875.000 ns	     48586	80009dc0	f7ee8913	addi	x18,x29,-130	 x29:0xfffffc5c x18=0xfffffbda
     485885.000 ns	     48587	80009dc4	002510b3	sll	x1,x10,x2	 x10:0x00000000  x2:0x00000001  x1=0x00000000
     485905.000 ns	     48589	80009dc8	c017c553	fcvt.wu.s	x10,f15	 f15:0x7fc00000 x10=0xffffffff
     485925.000 ns	     48591	80009dcc	658e6eb7	lui	x29,0x658e6	 x29=0x658e6000
     485945.000 ns	     48593	80009dd0	0295b5b3	mulhu	x11,x11,x9	 x11:0xfffffc55  x9:0x00000001 x11=0x00000000
     485975.000 ns	     48596	80009dd4	f0070a53	fmv.w.x	f20,x14	 x14:0x00000001 f20=0x00000001
     486005.000 ns	     48599	80009dd8	f00681d3	fmv.w.x	f3,x13	 x13:0x00000000  f3=0x00000000
     486035.000 ns	     48602	80009ddc	20c19a53	fsgnjn.s	f20,f3,f12	  f3:0x4f7fffff f12:0xffc00000 f20=0x00000000
     486065.000 ns	     48605	80009de0	f00500d3	fmv.w.x	f1,x10	 x10:0xffffffff  f1=0xffffffff
     486085.000 ns	     48607	80009de4	0102abb3	slt	x23,x5,x16	  x5:0x76c31000 x16:0x80040fe4 x23=0x00000000
     486105.000 ns	     48609	80009de8	a146a8d3	feq.s	x17,f13,f20	 f13:0x00000000 f20:0x00000000 x17=0x00000001
     486135.000 ns	     48612	80009dec	021e84b3	mul	x9,x29,x1	 x29:0x658e6000  x1:0x00000000  x9=0x00000000
     486165.000 ns	     48615	80009df0	2007a6d3	fsgnjx.s	f13,f15,f0	 f15:0x7fc00000  f0:0x7fc00000 f13=0x7fc00000
     486215.000 ns	     48620	80009df4	01211dd3	fadd.s	f27,f2,f18	  f2:0x00000000 f18:0x00000000 f27=0x00000000
     486245.000 ns	     48623	80009df8	02560db3	mul	x27,x12,x5	 x12:0x00000000  x5:0x76c31000 x27=0x00000000
     486275.000 ns	     48626	80009dfc	d000f153	fcvt.s.w	f2,x1	  x1:0x00000000  f2=0x00000000
     486305.000 ns	     48629	80009e00	29c987d3	fmin.s	f15,f19,f28	 f19:0x7fc00000 f28:0x41a4c17e f15=0x41a4c17e
     486325.000 ns	     48631	80009e04	eec7aeb7	lui	x29,0xeec7a	 x29=0xeec7a000
     486345.000 ns	     48633	80009e08	033b1a33	mulh	x20,x22,x19	 x22:0x00000001 x19:0x80041024 x20=0xffffffff
     486365.000 ns	     48635	80009e0c	41d608b3	sub	x17,x12,x29	 x12:0x00000000 x29:0x658e6000 x17=0x11386000
     486375.000 ns	     48636	80009e10	0007e533	or	x10,x15,x0	 x15:0xfffffc0f  x0:0x00000000 x10=0xfffffc0f
     486385.000 ns	     48637	80009e14	01963cb3	sltu	x25,x12,x25	 x12:0x00000000 x25:0xfffffb27 x25=0x00000001
     486405.000 ns	     48639	80009e18	e00e8453	fmv.x.w	x8,f29	 f29:0x44690000  x8=0x44690000
     486435.000 ns	     48642	80009e1c	02cdff33	remu	x30,x27,x12	 x27:0x00000000 x12:0x00000000 x30=0x00000000
     486805.000 ns	     48679	80009e20	030fe033	rem	x0,x31,x16	 x31:0x00000000 x16:0x80040fe4
     486835.000 ns	     48682	80009e24	a1248653	fle.s	x12,f9,f18	  f9:0x7fc00000 f18:0x00000000 x12=0x00000000
     486855.000 ns	     48684	80009e28	01ac61b3	or	x3,x24,x26	 x24:0x00000000 x26:0x00000000  x3=0x00000000
     486865.000 ns	     48685	80009e2c	007448b3	xor	x17,x8,x7	  x8:0x44690000  x7:0xffffffd8 x17=0xbb96ffd8
     487225.000 ns	     48721	80009e30	032d66b3	rem	x13,x26,x18	 x26:0x00000000 x18:0xfffffbda x13=0x00000000
     487245.000 ns	     48723	80009e34	2f05ef93	ori	x31,x11,752	 x11:0x00000000 x31=0x000002f0
     487255.000 ns	     48724	80009e38	000d8533	add	x10,x27,x0	 x27:0x00000000  x0:0x00000000 x10=0x00000000
     487265.000 ns	     48725	80009e3c	00e00933	add	x18,x0,x14	  x0:0x00000000 x14:0x00000001 x18=0x00000001
     487275.000 ns	     48726	80009e40	d3ac0cb7	lui	x25,0xd3ac0	 x25=0xd3ac0000
     487305.000 ns	     48729	80009e44	18e88ad3	fdiv.s	f21,f17,f14	 f17:0xceffffff f14:0x80000000 f21=0x7f800000
     487325.000 ns	     48731	80009e48	79773417	auipc	x8,0x79773	  x8=0xf977ce48
     487335.000 ns	     48732	80009e4c	8c138d13	addi	x26,x7,-1855	  x7:0xffffffd8 x26=0xfffff899
     487355.000 ns	     48734	80009e50	037eadb3	mulhsu	x27,x29,x23	 x29:0xeec7a000 x23:0x00000000 x27=0x00000000
     487375.000 ns	     48736	80009e54	00ba1033	sll	x0,x20,x11	 x20:0xffffffff x11:0x00000000
     487395.000 ns	     48738	80009e58	c015fcd3	fcvt.wu.s	x25,f11	 f11:0x00000001 x25=0x00000000
     487415.000 ns	     48740	80009e5c	001cf333	and	x6,x25,x1	 x25:0xd3ac0000  x1:0x00000000  x6=0x00000000
     487425.000 ns	     48741	80009e60	58e03d93	sltiu	x27,x0,1422	  x0:0x00000000 x27=0x00000001
     487435.000 ns	     48742	80009e64	00fe8d33	add	x26,x29,x15	 x29:0xeec7a000 x15:0xfffffc0f x26=0xeec79c0f
     487445.000 ns	     48743	80009e68	0119a0b3	slt	x1,x19,x17	 x19:0x80041024 x17:0xbb96ffd8  x1=0x00000001
     487465.000 ns	     48745	80009e6c	02078c33	mul	x24,x15,x0	 x15:0xfffffc0f  x0:0x00000000 x24=0x00000000
     487485.000 ns	     48747	80009e70	00041f93	slli	x31,x8,0x0	  x8:0xf977ce48 x31=0xf977ce48
     487505.000 ns	     48749	80009e74	02403b33	mulhu	x22,x0,x4	  x0:0x00000000  x4:0x00000000 x22=0x00000000
     487525.000 ns	     48751	80009e78	01af0033	add	x0,x30,x26	 x30:0x00000000 x26:0xeec79c0f
     487545.000 ns	     48753	80009e7c	e00107d3	fmv.x.w	x15,f2	  f2:0x00000000 x15=0x00000000
     487575.000 ns	     48756	80009e80	29141853	fmax.s	f16,f8,f17	  f8:0x4f800000 f17:0xceffffff f16=0x4f800000
     487595.000 ns	     48758	80009e84	63826793	ori	x15,x4,1592	  x4:0x00000000 x15=0x00000638
     487605.000 ns	     48759	80009e88	00174033	xor	x0,x14,x1	 x14:0x00000001  x1:0x00000001
     487625.000 ns	     48761	80009e8c	a15c24d3	feq.s	x9,f24,f21	 f24:0xce6e5c00 f21:0x7f800000  x9=0x00000000
     487655.000 ns	     48764	80009e90	e00f9fd3	fclass.s	x31,f31	 f31:0x1f350483 x31=0x00000040
     487685.000 ns	     48767	80009e94	d01fb553	fcvt.s.wu	f10,x31	 x31:0xf977ce48 f10=0x42800000
     487715.000 ns	     48770	80009e98	d01da6d3	fcvt.s.wu	f13,x27	 x27:0x00000001 f13=0x3f800000
     488085.000 ns	     48807	80009e9c	027377b3	remu	x15,x6,x7	  x6:0x00000000  x7:0xffffffd8 x15=0x00000000
     488125.000 ns	     48811	80009ea0	115a99d3	fmul.s	f19,f21,f21	 f21:0x7f800000 f21:0x7f800000 f19=0x7f800000
     488155.000 ns	     48814	80009ea4	d00c3e53	fcvt.s.w	f28,x24	 x24:0x00000000 f28=0x00000000
     488185.000 ns	     48817	80009ea8	29f29153	fmax.s	f2,f5,f31	  f5:0x80041024 f31:0x1f350483  f2=0x1f350483
     488205.000 ns	     48819	80009eac	40605e33	sra	x28,x0,x6	  x0:0x00000000  x6:0x00000000 x28=0x00000000
     488215.000 ns	     48820	80009eb0	00000217	auipc	x4,0x0	  x4=0x80009eb0
     488225.000 ns	     48821	80009eb4	00c20213	addi	x4,x4,12	  x4:0x00000000  x4=0x80009ebc
     488235.000 ns	     48822	80009eb8	00020067	jalr	x0,x4,0	  x4:0x00000000
     488285.000 ns	     48827	80009ebc	00100193	addi	x3,x0,1	  x0:0x00000000  x3=0x00000001
     488295.000 ns	     48828	80009ec0	00000073	ecall	
     488305.000 ns	     48829	80009ec4	00036f17	auipc	x30,0x36	 x30=0x8003fec4
     488315.000 ns	     48830	80009ec8	123f2e23	sw	x3,316(x30)	 x30:0x00000000  x3:0x00000001 PA:0xxxxxxxxx
     488335.000 ns	     48832	80009ecc	ff9ff06f	jal	x0,80009ec8	
     488385.000 ns	     48837	80009ec4	00036f17	auipc	x30,0x36	 x30=0x8003fec4
     488395.000 ns	     48838	80009ec8	123f2e23	sw	x3,316(x30)	 x30:0x8003fec4  x3:0x00000001 PA:0xxxxxxxxx
     488415.000 ns	     48840	80009ecc	ff9ff06f	jal	x0,80009ec8	
     488465.000 ns	     48845	80009ec4	00036f17	auipc	x30,0x36	 x30=0x8003fec4
     488475.000 ns	     48846	80009ec8	123f2e23	sw	x3,316(x30)	 x30:0x8003fec4  x3:0x00000001 PA:0xxxxxxxxx
     488495.000 ns	     48848	80009ecc	ff9ff06f	jal	x0,80009ec8	
     488545.000 ns	     48853	80009ec4	00036f17	auipc	x30,0x36	 x30=0x8003fec4
     488555.000 ns	     48854	80009ec8	123f2e23	sw	x3,316(x30)	 x30:0x8003fec4  x3:0x00000001 PA:0xxxxxxxxx
     488575.000 ns	     48856	80009ecc	ff9ff06f	jal	x0,80009ec8	
     488625.000 ns	     48861	80009ec4	00036f17	auipc	x30,0x36	 x30=0x8003fec4
     488635.000 ns	     48862	80009ec8	123f2e23	sw	x3,316(x30)	 x30:0x8003fec4  x3:0x00000001 PA:0xxxxxxxxx
     488655.000 ns	     48864	80009ecc	ff9ff06f	jal	x0,80009ec8	
     488705.000 ns	     48869	80009ec4	00036f17	auipc	x30,0x36	 x30=0x8003fec4
     488715.000 ns	     48870	80009ec8	123f2e23	sw	x3,316(x30)	 x30:0x8003fec4  x3:0x00000001 PA:0xxxxxxxxx
     488735.000 ns	     48872	80009ecc	ff9ff06f	jal	x0,80009ec8	
     488785.000 ns	     48877	80009ec4	00036f17	auipc	x30,0x36	 x30=0x8003fec4
     488795.000 ns	     48878	80009ec8	123f2e23	sw	x3,316(x30)	 x30:0x8003fec4  x3:0x00000001 PA:0xxxxxxxxx
     488815.000 ns	     48880	80009ecc	ff9ff06f	jal	x0,80009ec8	
     488865.000 ns	     48885	80009ec4	00036f17	auipc	x30,0x36	 x30=0x8003fec4
     488875.000 ns	     48886	80009ec8	123f2e23	sw	x3,316(x30)	 x30:0x8003fec4  x3:0x00000001 PA:0xxxxxxxxx
     488895.000 ns	     48888	80009ecc	ff9ff06f	jal	x0,80009ec8	
     488945.000 ns	     48893	80009ec4	00036f17	auipc	x30,0x36	 x30=0x8003fec4
     488955.000 ns	     48894	80009ec8	123f2e23	sw	x3,316(x30)	 x30:0x8003fec4  x3:0x00000001 PA:0xxxxxxxxx
     488975.000 ns	     48896	80009ecc	ff9ff06f	jal	x0,80009ec8	
     489025.000 ns	     48901	80009ec4	00036f17	auipc	x30,0x36	 x30=0x8003fec4
     489035.000 ns	     48902	80009ec8	123f2e23	sw	x3,316(x30)	 x30:0x8003fec4  x3:0x00000001 PA:0xxxxxxxxx
     489055.000 ns	     48904	80009ecc	ff9ff06f	jal	x0,80009ec8	
     489105.000 ns	     48909	80009ec4	00036f17	auipc	x30,0x36	 x30=0x8003fec4
     489115.000 ns	     48910	80009ec8	123f2e23	sw	x3,316(x30)	 x30:0x8003fec4  x3:0x00000001 PA:0xxxxxxxxx
     489135.000 ns	     48912	80009ecc	ff9ff06f	jal	x0,80009ec8	
     489185.000 ns	     48917	80009ec4	00036f17	auipc	x30,0x36	 x30=0x8003fec4
     489195.000 ns	     48918	80009ec8	123f2e23	sw	x3,316(x30)	 x30:0x8003fec4  x3:0x00000001 PA:0xxxxxxxxx
     489215.000 ns	     48920	80009ecc	ff9ff06f	jal	x0,80009ec8	
     489265.000 ns	     48925	80009ec4	00036f17	auipc	x30,0x36	 x30=0x8003fec4
     489275.000 ns	     48926	80009ec8	123f2e23	sw	x3,316(x30)	 x30:0x8003fec4  x3:0x00000001 PA:0xxxxxxxxx
     489295.000 ns	     48928	80009ecc	ff9ff06f	jal	x0,80009ec8	
     489345.000 ns	     48933	80009ec4	00036f17	auipc	x30,0x36	 x30=0x8003fec4
     489355.000 ns	     48934	80009ec8	123f2e23	sw	x3,316(x30)	 x30:0x8003fec4  x3:0x00000001 PA:0xxxxxxxxx
     489375.000 ns	     48936	80009ecc	ff9ff06f	jal	x0,80009ec8	
     489425.000 ns	     48941	80009ec4	00036f17	auipc	x30,0x36	 x30=0x8003fec4
     489435.000 ns	     48942	80009ec8	123f2e23	sw	x3,316(x30)	 x30:0x8003fec4  x3:0x00000001 PA:0xxxxxxxxx
     489455.000 ns	     48944	80009ecc	ff9ff06f	jal	x0,80009ec8	
     489505.000 ns	     48949	80009ec4	00036f17	auipc	x30,0x36	 x30=0x8003fec4
     489515.000 ns	     48950	80009ec8	123f2e23	sw	x3,316(x30)	 x30:0x8003fec4  x3:0x00000001 PA:0xxxxxxxxx
     489535.000 ns	     48952	80009ecc	ff9ff06f	jal	x0,80009ec8	
     489585.000 ns	     48957	80009ec4	00036f17	auipc	x30,0x36	 x30=0x8003fec4
     489595.000 ns	     48958	80009ec8	123f2e23	sw	x3,316(x30)	 x30:0x8003fec4  x3:0x00000001 PA:0xxxxxxxxx
     489615.000 ns	     48960	80009ecc	ff9ff06f	jal	x0,80009ec8	
     489665.000 ns	     48965	80009ec4	00036f17	auipc	x30,0x36	 x30=0x8003fec4
     489675.000 ns	     48966	80009ec8	123f2e23	sw	x3,316(x30)	 x30:0x8003fec4  x3:0x00000001 PA:0xxxxxxxxx
     489695.000 ns	     48968	80009ecc	ff9ff06f	jal	x0,80009ec8	
     489745.000 ns	     48973	80009ec4	00036f17	auipc	x30,0x36	 x30=0x8003fec4
     489755.000 ns	     48974	80009ec8	123f2e23	sw	x3,316(x30)	 x30:0x8003fec4  x3:0x00000001 PA:0xxxxxxxxx
     489775.000 ns	     48976	80009ecc	ff9ff06f	jal	x0,80009ec8	
     489825.000 ns	     48981	80009ec4	00036f17	auipc	x30,0x36	 x30=0x8003fec4
     489835.000 ns	     48982	80009ec8	123f2e23	sw	x3,316(x30)	 x30:0x8003fec4  x3:0x00000001 PA:0xxxxxxxxx
     489855.000 ns	     48984	80009ecc	ff9ff06f	jal	x0,80009ec8	
     489905.000 ns	     48989	80009ec4	00036f17	auipc	x30,0x36	 x30=0x8003fec4
     489915.000 ns	     48990	80009ec8	123f2e23	sw	x3,316(x30)	 x30:0x8003fec4  x3:0x00000001 PA:0xxxxxxxxx
     489935.000 ns	     48992	80009ecc	ff9ff06f	jal	x0,80009ec8	
     489985.000 ns	     48997	80009ec4	00036f17	auipc	x30,0x36	 x30=0x8003fec4
     489995.000 ns	     48998	80009ec8	123f2e23	sw	x3,316(x30)	 x30:0x8003fec4  x3:0x00000001 PA:0xxxxxxxxx
     490015.000 ns	     49000	80009ecc	ff9ff06f	jal	x0,80009ec8	
     490065.000 ns	     49005	80009ec4	00036f17	auipc	x30,0x36	 x30=0x8003fec4
     490075.000 ns	     49006	80009ec8	123f2e23	sw	x3,316(x30)	 x30:0x8003fec4  x3:0x00000001 PA:0xxxxxxxxx
     490095.000 ns	     49008	80009ecc	ff9ff06f	jal	x0,80009ec8	
     490145.000 ns	     49013	80009ec4	00036f17	auipc	x30,0x36	 x30=0x8003fec4
     490155.000 ns	     49014	80009ec8	123f2e23	sw	x3,316(x30)	 x30:0x8003fec4  x3:0x00000001 PA:0xxxxxxxxx
     490175.000 ns	     49016	80009ecc	ff9ff06f	jal	x0,80009ec8	
     490225.000 ns	     49021	80009ec4	00036f17	auipc	x30,0x36	 x30=0x8003fec4
     490235.000 ns	     49022	80009ec8	123f2e23	sw	x3,316(x30)	 x30:0x8003fec4  x3:0x00000001 PA:0xxxxxxxxx
     490255.000 ns	     49024	80009ecc	ff9ff06f	jal	x0,80009ec8	
     490305.000 ns	     49029	80009ec4	00036f17	auipc	x30,0x36	 x30=0x8003fec4
     490315.000 ns	     49030	80009ec8	123f2e23	sw	x3,316(x30)	 x30:0x8003fec4  x3:0x00000001 PA:0xxxxxxxxx
     490335.000 ns	     49032	80009ecc	ff9ff06f	jal	x0,80009ec8	
     490385.000 ns	     49037	80009ec4	00036f17	auipc	x30,0x36	 x30=0x8003fec4
     490395.000 ns	     49038	80009ec8	123f2e23	sw	x3,316(x30)	 x30:0x8003fec4  x3:0x00000001 PA:0xxxxxxxxx
     490415.000 ns	     49040	80009ecc	ff9ff06f	jal	x0,80009ec8	
     490465.000 ns	     49045	80009ec4	00036f17	auipc	x30,0x36	 x30=0x8003fec4
     490475.000 ns	     49046	80009ec8	123f2e23	sw	x3,316(x30)	 x30:0x8003fec4  x3:0x00000001 PA:0xxxxxxxxx
     490495.000 ns	     49048	80009ecc	ff9ff06f	jal	x0,80009ec8	
     490545.000 ns	     49053	80009ec4	00036f17	auipc	x30,0x36	 x30=0x8003fec4
     490555.000 ns	     49054	80009ec8	123f2e23	sw	x3,316(x30)	 x30:0x8003fec4  x3:0x00000001 PA:0xxxxxxxxx
     490575.000 ns	     49056	80009ecc	ff9ff06f	jal	x0,80009ec8	
     490625.000 ns	     49061	80009ec4	00036f17	auipc	x30,0x36	 x30=0x8003fec4
     490635.000 ns	     49062	80009ec8	123f2e23	sw	x3,316(x30)	 x30:0x8003fec4  x3:0x00000001 PA:0xxxxxxxxx
     490655.000 ns	     49064	80009ecc	ff9ff06f	jal	x0,80009ec8	
     490705.000 ns	     49069	80009ec4	00036f17	auipc	x30,0x36	 x30=0x8003fec4
     490715.000 ns	     49070	80009ec8	123f2e23	sw	x3,316(x30)	 x30:0x8003fec4  x3:0x00000001 PA:0xxxxxxxxx
     490735.000 ns	     49072	80009ecc	ff9ff06f	jal	x0,80009ec8	
     490785.000 ns	     49077	80009ec4	00036f17	auipc	x30,0x36	 x30=0x8003fec4
     490795.000 ns	     49078	80009ec8	123f2e23	sw	x3,316(x30)	 x30:0x8003fec4  x3:0x00000001 PA:0xxxxxxxxx
     490815.000 ns	     49080	80009ecc	ff9ff06f	jal	x0,80009ec8	
     490865.000 ns	     49085	80009ec4	00036f17	auipc	x30,0x36	 x30=0x8003fec4
     490875.000 ns	     49086	80009ec8	123f2e23	sw	x3,316(x30)	 x30:0x8003fec4  x3:0x00000001 PA:0xxxxxxxxx
     490895.000 ns	     49088	80009ecc	ff9ff06f	jal	x0,80009ec8	
     490945.000 ns	     49093	80009ec4	00036f17	auipc	x30,0x36	 x30=0x8003fec4
     490955.000 ns	     49094	80009ec8	123f2e23	sw	x3,316(x30)	 x30:0x8003fec4  x3:0x00000001 PA:0xxxxxxxxx
     490975.000 ns	     49096	80009ecc	ff9ff06f	jal	x0,80009ec8	
     491025.000 ns	     49101	80009ec4	00036f17	auipc	x30,0x36	 x30=0x8003fec4
     491035.000 ns	     49102	80009ec8	123f2e23	sw	x3,316(x30)	 x30:0x8003fec4  x3:0x00000001 PA:0xxxxxxxxx
     491055.000 ns	     49104	80009ecc	ff9ff06f	jal	x0,80009ec8	
     491105.000 ns	     49109	80009ec4	00036f17	auipc	x30,0x36	 x30=0x8003fec4
     491115.000 ns	     49110	80009ec8	123f2e23	sw	x3,316(x30)	 x30:0x8003fec4  x3:0x00000001 PA:0xxxxxxxxx
     491135.000 ns	     49112	80009ecc	ff9ff06f	jal	x0,80009ec8	
     491185.000 ns	     49117	80009ec4	00036f17	auipc	x30,0x36	 x30=0x8003fec4
     491195.000 ns	     49118	80009ec8	123f2e23	sw	x3,316(x30)	 x30:0x8003fec4  x3:0x00000001 PA:0xxxxxxxxx
     491215.000 ns	     49120	80009ecc	ff9ff06f	jal	x0,80009ec8	
     491265.000 ns	     49125	80009ec4	00036f17	auipc	x30,0x36	 x30=0x8003fec4
     491275.000 ns	     49126	80009ec8	123f2e23	sw	x3,316(x30)	 x30:0x8003fec4  x3:0x00000001 PA:0xxxxxxxxx
     491295.000 ns	     49128	80009ecc	ff9ff06f	jal	x0,80009ec8	
     491345.000 ns	     49133	80009ec4	00036f17	auipc	x30,0x36	 x30=0x8003fec4
     491355.000 ns	     49134	80009ec8	123f2e23	sw	x3,316(x30)	 x30:0x8003fec4  x3:0x00000001 PA:0xxxxxxxxx
     491375.000 ns	     49136	80009ecc	ff9ff06f	jal	x0,80009ec8	
     491425.000 ns	     49141	80009ec4	00036f17	auipc	x30,0x36	 x30=0x8003fec4
     491435.000 ns	     49142	80009ec8	123f2e23	sw	x3,316(x30)	 x30:0x8003fec4  x3:0x00000001 PA:0xxxxxxxxx
     491455.000 ns	     49144	80009ecc	ff9ff06f	jal	x0,80009ec8	
     491505.000 ns	     49149	80009ec4	00036f17	auipc	x30,0x36	 x30=0x8003fec4
     491515.000 ns	     49150	80009ec8	123f2e23	sw	x3,316(x30)	 x30:0x8003fec4  x3:0x00000001 PA:0xxxxxxxxx
     491535.000 ns	     49152	80009ecc	ff9ff06f	jal	x0,80009ec8	
     491585.000 ns	     49157	80009ec4	00036f17	auipc	x30,0x36	 x30=0x8003fec4
     491595.000 ns	     49158	80009ec8	123f2e23	sw	x3,316(x30)	 x30:0x8003fec4  x3:0x00000001 PA:0xxxxxxxxx
     491615.000 ns	     49160	80009ecc	ff9ff06f	jal	x0,80009ec8	
     491665.000 ns	     49165	80009ec4	00036f17	auipc	x30,0x36	 x30=0x8003fec4
     491675.000 ns	     49166	80009ec8	123f2e23	sw	x3,316(x30)	 x30:0x8003fec4  x3:0x00000001 PA:0xxxxxxxxx
     491695.000 ns	     49168	80009ecc	ff9ff06f	jal	x0,80009ec8	
     491745.000 ns	     49173	80009ec4	00036f17	auipc	x30,0x36	 x30=0x8003fec4
     491755.000 ns	     49174	80009ec8	123f2e23	sw	x3,316(x30)	 x30:0x8003fec4  x3:0x00000001 PA:0xxxxxxxxx
     491775.000 ns	     49176	80009ecc	ff9ff06f	jal	x0,80009ec8	
     491825.000 ns	     49181	80009ec4	00036f17	auipc	x30,0x36	 x30=0x8003fec4
     491835.000 ns	     49182	80009ec8	123f2e23	sw	x3,316(x30)	 x30:0x8003fec4  x3:0x00000001 PA:0xxxxxxxxx
     491855.000 ns	     49184	80009ecc	ff9ff06f	jal	x0,80009ec8	
     491905.000 ns	     49189	80009ec4	00036f17	auipc	x30,0x36	 x30=0x8003fec4
     491915.000 ns	     49190	80009ec8	123f2e23	sw	x3,316(x30)	 x30:0x8003fec4  x3:0x00000001 PA:0xxxxxxxxx
     491935.000 ns	     49192	80009ecc	ff9ff06f	jal	x0,80009ec8	
     491985.000 ns	     49197	80009ec4	00036f17	auipc	x30,0x36	 x30=0x8003fec4
     491995.000 ns	     49198	80009ec8	123f2e23	sw	x3,316(x30)	 x30:0x8003fec4  x3:0x00000001 PA:0xxxxxxxxx
     492015.000 ns	     49200	80009ecc	ff9ff06f	jal	x0,80009ec8	
     492065.000 ns	     49205	80009ec4	00036f17	auipc	x30,0x36	 x30=0x8003fec4
     492075.000 ns	     49206	80009ec8	123f2e23	sw	x3,316(x30)	 x30:0x8003fec4  x3:0x00000001 PA:0xxxxxxxxx
     492095.000 ns	     49208	80009ecc	ff9ff06f	jal	x0,80009ec8	
     492145.000 ns	     49213	80009ec4	00036f17	auipc	x30,0x36	 x30=0x8003fec4
     492155.000 ns	     49214	80009ec8	123f2e23	sw	x3,316(x30)	 x30:0x8003fec4  x3:0x00000001 PA:0xxxxxxxxx
     492175.000 ns	     49216	80009ecc	ff9ff06f	jal	x0,80009ec8	
     492225.000 ns	     49221	80009ec4	00036f17	auipc	x30,0x36	 x30=0x8003fec4
     492235.000 ns	     49222	80009ec8	123f2e23	sw	x3,316(x30)	 x30:0x8003fec4  x3:0x00000001 PA:0xxxxxxxxx
     492255.000 ns	     49224	80009ecc	ff9ff06f	jal	x0,80009ec8	
     492305.000 ns	     49229	80009ec4	00036f17	auipc	x30,0x36	 x30=0x8003fec4
     492315.000 ns	     49230	80009ec8	123f2e23	sw	x3,316(x30)	 x30:0x8003fec4  x3:0x00000001 PA:0xxxxxxxxx
     492335.000 ns	     49232	80009ecc	ff9ff06f	jal	x0,80009ec8	
     492385.000 ns	     49237	80009ec4	00036f17	auipc	x30,0x36	 x30=0x8003fec4
     492395.000 ns	     49238	80009ec8	123f2e23	sw	x3,316(x30)	 x30:0x8003fec4  x3:0x00000001 PA:0xxxxxxxxx
     492415.000 ns	     49240	80009ecc	ff9ff06f	jal	x0,80009ec8	
     492465.000 ns	     49245	80009ec4	00036f17	auipc	x30,0x36	 x30=0x8003fec4
     492475.000 ns	     49246	80009ec8	123f2e23	sw	x3,316(x30)	 x30:0x8003fec4  x3:0x00000001 PA:0xxxxxxxxx
     492495.000 ns	     49248	80009ecc	ff9ff06f	jal	x0,80009ec8	
     492545.000 ns	     49253	80009ec4	00036f17	auipc	x30,0x36	 x30=0x8003fec4
     492555.000 ns	     49254	80009ec8	123f2e23	sw	x3,316(x30)	 x30:0x8003fec4  x3:0x00000001 PA:0xxxxxxxxx
     492575.000 ns	     49256	80009ecc	ff9ff06f	jal	x0,80009ec8	
     492625.000 ns	     49261	80009ec4	00036f17	auipc	x30,0x36	 x30=0x8003fec4
     492635.000 ns	     49262	80009ec8	123f2e23	sw	x3,316(x30)	 x30:0x8003fec4  x3:0x00000001 PA:0xxxxxxxxx
     492655.000 ns	     49264	80009ecc	ff9ff06f	jal	x0,80009ec8	
     492705.000 ns	     49269	80009ec4	00036f17	auipc	x30,0x36	 x30=0x8003fec4
     492715.000 ns	     49270	80009ec8	123f2e23	sw	x3,316(x30)	 x30:0x8003fec4  x3:0x00000001 PA:0xxxxxxxxx
     492735.000 ns	     49272	80009ecc	ff9ff06f	jal	x0,80009ec8	
     492785.000 ns	     49277	80009ec4	00036f17	auipc	x30,0x36	 x30=0x8003fec4
     492795.000 ns	     49278	80009ec8	123f2e23	sw	x3,316(x30)	 x30:0x8003fec4  x3:0x00000001 PA:0xxxxxxxxx
     492815.000 ns	     49280	80009ecc	ff9ff06f	jal	x0,80009ec8	
     492865.000 ns	     49285	80009ec4	00036f17	auipc	x30,0x36	 x30=0x8003fec4
     492875.000 ns	     49286	80009ec8	123f2e23	sw	x3,316(x30)	 x30:0x8003fec4  x3:0x00000001 PA:0xxxxxxxxx
     492895.000 ns	     49288	80009ecc	ff9ff06f	jal	x0,80009ec8	
     492945.000 ns	     49293	80009ec4	00036f17	auipc	x30,0x36	 x30=0x8003fec4
     492955.000 ns	     49294	80009ec8	123f2e23	sw	x3,316(x30)	 x30:0x8003fec4  x3:0x00000001 PA:0xxxxxxxxx
     492975.000 ns	     49296	80009ecc	ff9ff06f	jal	x0,80009ec8	
     493025.000 ns	     49301	80009ec4	00036f17	auipc	x30,0x36	 x30=0x8003fec4
     493035.000 ns	     49302	80009ec8	123f2e23	sw	x3,316(x30)	 x30:0x8003fec4  x3:0x00000001 PA:0xxxxxxxxx
     493055.000 ns	     49304	80009ecc	ff9ff06f	jal	x0,80009ec8	
     493105.000 ns	     49309	80009ec4	00036f17	auipc	x30,0x36	 x30=0x8003fec4
     493115.000 ns	     49310	80009ec8	123f2e23	sw	x3,316(x30)	 x30:0x8003fec4  x3:0x00000001 PA:0xxxxxxxxx
     493135.000 ns	     49312	80009ecc	ff9ff06f	jal	x0,80009ec8	
     493185.000 ns	     49317	80009ec4	00036f17	auipc	x30,0x36	 x30=0x8003fec4
     493195.000 ns	     49318	80009ec8	123f2e23	sw	x3,316(x30)	 x30:0x8003fec4  x3:0x00000001 PA:0xxxxxxxxx
     493215.000 ns	     49320	80009ecc	ff9ff06f	jal	x0,80009ec8	
     493265.000 ns	     49325	80009ec4	00036f17	auipc	x30,0x36	 x30=0x8003fec4
     493275.000 ns	     49326	80009ec8	123f2e23	sw	x3,316(x30)	 x30:0x8003fec4  x3:0x00000001 PA:0xxxxxxxxx
     493295.000 ns	     49328	80009ecc	ff9ff06f	jal	x0,80009ec8	
     493345.000 ns	     49333	80009ec4	00036f17	auipc	x30,0x36	 x30=0x8003fec4
     493355.000 ns	     49334	80009ec8	123f2e23	sw	x3,316(x30)	 x30:0x8003fec4  x3:0x00000001 PA:0xxxxxxxxx
     493375.000 ns	     49336	80009ecc	ff9ff06f	jal	x0,80009ec8	
     493425.000 ns	     49341	80009ec4	00036f17	auipc	x30,0x36	 x30=0x8003fec4
     493435.000 ns	     49342	80009ec8	123f2e23	sw	x3,316(x30)	 x30:0x8003fec4  x3:0x00000001 PA:0xxxxxxxxx
     493455.000 ns	     49344	80009ecc	ff9ff06f	jal	x0,80009ec8	
     493505.000 ns	     49349	80009ec4	00036f17	auipc	x30,0x36	 x30=0x8003fec4
     493515.000 ns	     49350	80009ec8	123f2e23	sw	x3,316(x30)	 x30:0x8003fec4  x3:0x00000001 PA:0xxxxxxxxx
     493535.000 ns	     49352	80009ecc	ff9ff06f	jal	x0,80009ec8	
     493585.000 ns	     49357	80009ec4	00036f17	auipc	x30,0x36	 x30=0x8003fec4
     493595.000 ns	     49358	80009ec8	123f2e23	sw	x3,316(x30)	 x30:0x8003fec4  x3:0x00000001 PA:0xxxxxxxxx
     493615.000 ns	     49360	80009ecc	ff9ff06f	jal	x0,80009ec8	
     493665.000 ns	     49365	80009ec4	00036f17	auipc	x30,0x36	 x30=0x8003fec4
     493675.000 ns	     49366	80009ec8	123f2e23	sw	x3,316(x30)	 x30:0x8003fec4  x3:0x00000001 PA:0xxxxxxxxx
     493695.000 ns	     49368	80009ecc	ff9ff06f	jal	x0,80009ec8	
     493745.000 ns	     49373	80009ec4	00036f17	auipc	x30,0x36	 x30=0x8003fec4
     493755.000 ns	     49374	80009ec8	123f2e23	sw	x3,316(x30)	 x30:0x8003fec4  x3:0x00000001 PA:0xxxxxxxxx
     493775.000 ns	     49376	80009ecc	ff9ff06f	jal	x0,80009ec8	
     493825.000 ns	     49381	80009ec4	00036f17	auipc	x30,0x36	 x30=0x8003fec4
     493835.000 ns	     49382	80009ec8	123f2e23	sw	x3,316(x30)	 x30:0x8003fec4  x3:0x00000001 PA:0xxxxxxxxx
     493855.000 ns	     49384	80009ecc	ff9ff06f	jal	x0,80009ec8	
     493905.000 ns	     49389	80009ec4	00036f17	auipc	x30,0x36	 x30=0x8003fec4
     493915.000 ns	     49390	80009ec8	123f2e23	sw	x3,316(x30)	 x30:0x8003fec4  x3:0x00000001 PA:0xxxxxxxxx
     493935.000 ns	     49392	80009ecc	ff9ff06f	jal	x0,80009ec8	
     493985.000 ns	     49397	80009ec4	00036f17	auipc	x30,0x36	 x30=0x8003fec4
     493995.000 ns	     49398	80009ec8	123f2e23	sw	x3,316(x30)	 x30:0x8003fec4  x3:0x00000001 PA:0xxxxxxxxx
     494015.000 ns	     49400	80009ecc	ff9ff06f	jal	x0,80009ec8	
     494065.000 ns	     49405	80009ec4	00036f17	auipc	x30,0x36	 x30=0x8003fec4
     494075.000 ns	     49406	80009ec8	123f2e23	sw	x3,316(x30)	 x30:0x8003fec4  x3:0x00000001 PA:0xxxxxxxxx
     494095.000 ns	     49408	80009ecc	ff9ff06f	jal	x0,80009ec8	
     494145.000 ns	     49413	80009ec4	00036f17	auipc	x30,0x36	 x30=0x8003fec4
     494155.000 ns	     49414	80009ec8	123f2e23	sw	x3,316(x30)	 x30:0x8003fec4  x3:0x00000001 PA:0xxxxxxxxx
     494175.000 ns	     49416	80009ecc	ff9ff06f	jal	x0,80009ec8	
     494225.000 ns	     49421	80009ec4	00036f17	auipc	x30,0x36	 x30=0x8003fec4
     494235.000 ns	     49422	80009ec8	123f2e23	sw	x3,316(x30)	 x30:0x8003fec4  x3:0x00000001 PA:0xxxxxxxxx
     494255.000 ns	     49424	80009ecc	ff9ff06f	jal	x0,80009ec8	
     494305.000 ns	     49429	80009ec4	00036f17	auipc	x30,0x36	 x30=0x8003fec4
     494315.000 ns	     49430	80009ec8	123f2e23	sw	x3,316(x30)	 x30:0x8003fec4  x3:0x00000001 PA:0xxxxxxxxx
     494335.000 ns	     49432	80009ecc	ff9ff06f	jal	x0,80009ec8	
     494385.000 ns	     49437	80009ec4	00036f17	auipc	x30,0x36	 x30=0x8003fec4
     494395.000 ns	     49438	80009ec8	123f2e23	sw	x3,316(x30)	 x30:0x8003fec4  x3:0x00000001 PA:0xxxxxxxxx
     494415.000 ns	     49440	80009ecc	ff9ff06f	jal	x0,80009ec8	
     494465.000 ns	     49445	80009ec4	00036f17	auipc	x30,0x36	 x30=0x8003fec4
     494475.000 ns	     49446	80009ec8	123f2e23	sw	x3,316(x30)	 x30:0x8003fec4  x3:0x00000001 PA:0xxxxxxxxx
     494495.000 ns	     49448	80009ecc	ff9ff06f	jal	x0,80009ec8	
     494545.000 ns	     49453	80009ec4	00036f17	auipc	x30,0x36	 x30=0x8003fec4
     494555.000 ns	     49454	80009ec8	123f2e23	sw	x3,316(x30)	 x30:0x8003fec4  x3:0x00000001 PA:0xxxxxxxxx
     494575.000 ns	     49456	80009ecc	ff9ff06f	jal	x0,80009ec8	
     494625.000 ns	     49461	80009ec4	00036f17	auipc	x30,0x36	 x30=0x8003fec4
     494635.000 ns	     49462	80009ec8	123f2e23	sw	x3,316(x30)	 x30:0x8003fec4  x3:0x00000001 PA:0xxxxxxxxx
     494655.000 ns	     49464	80009ecc	ff9ff06f	jal	x0,80009ec8	
     494705.000 ns	     49469	80009ec4	00036f17	auipc	x30,0x36	 x30=0x8003fec4
     494715.000 ns	     49470	80009ec8	123f2e23	sw	x3,316(x30)	 x30:0x8003fec4  x3:0x00000001 PA:0xxxxxxxxx
     494735.000 ns	     49472	80009ecc	ff9ff06f	jal	x0,80009ec8	
     494785.000 ns	     49477	80009ec4	00036f17	auipc	x30,0x36	 x30=0x8003fec4
     494795.000 ns	     49478	80009ec8	123f2e23	sw	x3,316(x30)	 x30:0x8003fec4  x3:0x00000001 PA:0xxxxxxxxx
     494815.000 ns	     49480	80009ecc	ff9ff06f	jal	x0,80009ec8	
     494865.000 ns	     49485	80009ec4	00036f17	auipc	x30,0x36	 x30=0x8003fec4
     494875.000 ns	     49486	80009ec8	123f2e23	sw	x3,316(x30)	 x30:0x8003fec4  x3:0x00000001 PA:0xxxxxxxxx
     494895.000 ns	     49488	80009ecc	ff9ff06f	jal	x0,80009ec8	
     494945.000 ns	     49493	80009ec4	00036f17	auipc	x30,0x36	 x30=0x8003fec4
     494955.000 ns	     49494	80009ec8	123f2e23	sw	x3,316(x30)	 x30:0x8003fec4  x3:0x00000001 PA:0xxxxxxxxx
     494975.000 ns	     49496	80009ecc	ff9ff06f	jal	x0,80009ec8	
     495025.000 ns	     49501	80009ec4	00036f17	auipc	x30,0x36	 x30=0x8003fec4
     495035.000 ns	     49502	80009ec8	123f2e23	sw	x3,316(x30)	 x30:0x8003fec4  x3:0x00000001 PA:0xxxxxxxxx
     495055.000 ns	     49504	80009ecc	ff9ff06f	jal	x0,80009ec8	
     495105.000 ns	     49509	80009ec4	00036f17	auipc	x30,0x36	 x30=0x8003fec4
     495115.000 ns	     49510	80009ec8	123f2e23	sw	x3,316(x30)	 x30:0x8003fec4  x3:0x00000001 PA:0xxxxxxxxx
     495135.000 ns	     49512	80009ecc	ff9ff06f	jal	x0,80009ec8	
     495185.000 ns	     49517	80009ec4	00036f17	auipc	x30,0x36	 x30=0x8003fec4
     495195.000 ns	     49518	80009ec8	123f2e23	sw	x3,316(x30)	 x30:0x8003fec4  x3:0x00000001 PA:0xxxxxxxxx
     495215.000 ns	     49520	80009ecc	ff9ff06f	jal	x0,80009ec8	
     495265.000 ns	     49525	80009ec4	00036f17	auipc	x30,0x36	 x30=0x8003fec4
     495275.000 ns	     49526	80009ec8	123f2e23	sw	x3,316(x30)	 x30:0x8003fec4  x3:0x00000001 PA:0xxxxxxxxx
     495295.000 ns	     49528	80009ecc	ff9ff06f	jal	x0,80009ec8	
     495345.000 ns	     49533	80009ec4	00036f17	auipc	x30,0x36	 x30=0x8003fec4
     495355.000 ns	     49534	80009ec8	123f2e23	sw	x3,316(x30)	 x30:0x8003fec4  x3:0x00000001 PA:0xxxxxxxxx
     495375.000 ns	     49536	80009ecc	ff9ff06f	jal	x0,80009ec8	
     495425.000 ns	     49541	80009ec4	00036f17	auipc	x30,0x36	 x30=0x8003fec4
     495435.000 ns	     49542	80009ec8	123f2e23	sw	x3,316(x30)	 x30:0x8003fec4  x3:0x00000001 PA:0xxxxxxxxx
     495455.000 ns	     49544	80009ecc	ff9ff06f	jal	x0,80009ec8	
     495505.000 ns	     49549	80009ec4	00036f17	auipc	x30,0x36	 x30=0x8003fec4
     495515.000 ns	     49550	80009ec8	123f2e23	sw	x3,316(x30)	 x30:0x8003fec4  x3:0x00000001 PA:0xxxxxxxxx
     495535.000 ns	     49552	80009ecc	ff9ff06f	jal	x0,80009ec8	
     495585.000 ns	     49557	80009ec4	00036f17	auipc	x30,0x36	 x30=0x8003fec4
     495595.000 ns	     49558	80009ec8	123f2e23	sw	x3,316(x30)	 x30:0x8003fec4  x3:0x00000001 PA:0xxxxxxxxx
     495615.000 ns	     49560	80009ecc	ff9ff06f	jal	x0,80009ec8	
     495665.000 ns	     49565	80009ec4	00036f17	auipc	x30,0x36	 x30=0x8003fec4
     495675.000 ns	     49566	80009ec8	123f2e23	sw	x3,316(x30)	 x30:0x8003fec4  x3:0x00000001 PA:0xxxxxxxxx
     495695.000 ns	     49568	80009ecc	ff9ff06f	jal	x0,80009ec8	
     495745.000 ns	     49573	80009ec4	00036f17	auipc	x30,0x36	 x30=0x8003fec4
     495755.000 ns	     49574	80009ec8	123f2e23	sw	x3,316(x30)	 x30:0x8003fec4  x3:0x00000001 PA:0xxxxxxxxx
     495775.000 ns	     49576	80009ecc	ff9ff06f	jal	x0,80009ec8	
     495825.000 ns	     49581	80009ec4	00036f17	auipc	x30,0x36	 x30=0x8003fec4
     495835.000 ns	     49582	80009ec8	123f2e23	sw	x3,316(x30)	 x30:0x8003fec4  x3:0x00000001 PA:0xxxxxxxxx
     495855.000 ns	     49584	80009ecc	ff9ff06f	jal	x0,80009ec8	
     495905.000 ns	     49589	80009ec4	00036f17	auipc	x30,0x36	 x30=0x8003fec4
     495915.000 ns	     49590	80009ec8	123f2e23	sw	x3,316(x30)	 x30:0x8003fec4  x3:0x00000001 PA:0xxxxxxxxx
     495935.000 ns	     49592	80009ecc	ff9ff06f	jal	x0,80009ec8	
     495985.000 ns	     49597	80009ec4	00036f17	auipc	x30,0x36	 x30=0x8003fec4
     495995.000 ns	     49598	80009ec8	123f2e23	sw	x3,316(x30)	 x30:0x8003fec4  x3:0x00000001 PA:0xxxxxxxxx
     496015.000 ns	     49600	80009ecc	ff9ff06f	jal	x0,80009ec8	
     496065.000 ns	     49605	80009ec4	00036f17	auipc	x30,0x36	 x30=0x8003fec4
     496075.000 ns	     49606	80009ec8	123f2e23	sw	x3,316(x30)	 x30:0x8003fec4  x3:0x00000001 PA:0xxxxxxxxx
     496095.000 ns	     49608	80009ecc	ff9ff06f	jal	x0,80009ec8	
     496145.000 ns	     49613	80009ec4	00036f17	auipc	x30,0x36	 x30=0x8003fec4
     496155.000 ns	     49614	80009ec8	123f2e23	sw	x3,316(x30)	 x30:0x8003fec4  x3:0x00000001 PA:0xxxxxxxxx
     496175.000 ns	     49616	80009ecc	ff9ff06f	jal	x0,80009ec8	
     496225.000 ns	     49621	80009ec4	00036f17	auipc	x30,0x36	 x30=0x8003fec4
     496235.000 ns	     49622	80009ec8	123f2e23	sw	x3,316(x30)	 x30:0x8003fec4  x3:0x00000001 PA:0xxxxxxxxx
     496255.000 ns	     49624	80009ecc	ff9ff06f	jal	x0,80009ec8	
     496305.000 ns	     49629	80009ec4	00036f17	auipc	x30,0x36	 x30=0x8003fec4
     496315.000 ns	     49630	80009ec8	123f2e23	sw	x3,316(x30)	 x30:0x8003fec4  x3:0x00000001 PA:0xxxxxxxxx
     496335.000 ns	     49632	80009ecc	ff9ff06f	jal	x0,80009ec8	
     496385.000 ns	     49637	80009ec4	00036f17	auipc	x30,0x36	 x30=0x8003fec4
     496395.000 ns	     49638	80009ec8	123f2e23	sw	x3,316(x30)	 x30:0x8003fec4  x3:0x00000001 PA:0xxxxxxxxx
     496415.000 ns	     49640	80009ecc	ff9ff06f	jal	x0,80009ec8	
     496465.000 ns	     49645	80009ec4	00036f17	auipc	x30,0x36	 x30=0x8003fec4
     496475.000 ns	     49646	80009ec8	123f2e23	sw	x3,316(x30)	 x30:0x8003fec4  x3:0x00000001 PA:0xxxxxxxxx
     496495.000 ns	     49648	80009ecc	ff9ff06f	jal	x0,80009ec8	
     496545.000 ns	     49653	80009ec4	00036f17	auipc	x30,0x36	 x30=0x8003fec4
     496555.000 ns	     49654	80009ec8	123f2e23	sw	x3,316(x30)	 x30:0x8003fec4  x3:0x00000001 PA:0xxxxxxxxx
     496575.000 ns	     49656	80009ecc	ff9ff06f	jal	x0,80009ec8	
     496625.000 ns	     49661	80009ec4	00036f17	auipc	x30,0x36	 x30=0x8003fec4
     496635.000 ns	     49662	80009ec8	123f2e23	sw	x3,316(x30)	 x30:0x8003fec4  x3:0x00000001 PA:0xxxxxxxxx
     496655.000 ns	     49664	80009ecc	ff9ff06f	jal	x0,80009ec8	
     496705.000 ns	     49669	80009ec4	00036f17	auipc	x30,0x36	 x30=0x8003fec4
     496715.000 ns	     49670	80009ec8	123f2e23	sw	x3,316(x30)	 x30:0x8003fec4  x3:0x00000001 PA:0xxxxxxxxx
     496735.000 ns	     49672	80009ecc	ff9ff06f	jal	x0,80009ec8	
     496785.000 ns	     49677	80009ec4	00036f17	auipc	x30,0x36	 x30=0x8003fec4
     496795.000 ns	     49678	80009ec8	123f2e23	sw	x3,316(x30)	 x30:0x8003fec4  x3:0x00000001 PA:0xxxxxxxxx
     496815.000 ns	     49680	80009ecc	ff9ff06f	jal	x0,80009ec8	
     496865.000 ns	     49685	80009ec4	00036f17	auipc	x30,0x36	 x30=0x8003fec4
     496875.000 ns	     49686	80009ec8	123f2e23	sw	x3,316(x30)	 x30:0x8003fec4  x3:0x00000001 PA:0xxxxxxxxx
     496895.000 ns	     49688	80009ecc	ff9ff06f	jal	x0,80009ec8	
     496945.000 ns	     49693	80009ec4	00036f17	auipc	x30,0x36	 x30=0x8003fec4
     496955.000 ns	     49694	80009ec8	123f2e23	sw	x3,316(x30)	 x30:0x8003fec4  x3:0x00000001 PA:0xxxxxxxxx
     496975.000 ns	     49696	80009ecc	ff9ff06f	jal	x0,80009ec8	
     497025.000 ns	     49701	80009ec4	00036f17	auipc	x30,0x36	 x30=0x8003fec4
     497035.000 ns	     49702	80009ec8	123f2e23	sw	x3,316(x30)	 x30:0x8003fec4  x3:0x00000001 PA:0xxxxxxxxx
     497055.000 ns	     49704	80009ecc	ff9ff06f	jal	x0,80009ec8	
     497105.000 ns	     49709	80009ec4	00036f17	auipc	x30,0x36	 x30=0x8003fec4
     497115.000 ns	     49710	80009ec8	123f2e23	sw	x3,316(x30)	 x30:0x8003fec4  x3:0x00000001 PA:0xxxxxxxxx
     497135.000 ns	     49712	80009ecc	ff9ff06f	jal	x0,80009ec8	
     497185.000 ns	     49717	80009ec4	00036f17	auipc	x30,0x36	 x30=0x8003fec4
     497195.000 ns	     49718	80009ec8	123f2e23	sw	x3,316(x30)	 x30:0x8003fec4  x3:0x00000001 PA:0xxxxxxxxx
     497215.000 ns	     49720	80009ecc	ff9ff06f	jal	x0,80009ec8	
     497265.000 ns	     49725	80009ec4	00036f17	auipc	x30,0x36	 x30=0x8003fec4
     497275.000 ns	     49726	80009ec8	123f2e23	sw	x3,316(x30)	 x30:0x8003fec4  x3:0x00000001 PA:0xxxxxxxxx
     497295.000 ns	     49728	80009ecc	ff9ff06f	jal	x0,80009ec8	
     497345.000 ns	     49733	80009ec4	00036f17	auipc	x30,0x36	 x30=0x8003fec4
     497355.000 ns	     49734	80009ec8	123f2e23	sw	x3,316(x30)	 x30:0x8003fec4  x3:0x00000001 PA:0xxxxxxxxx
     497375.000 ns	     49736	80009ecc	ff9ff06f	jal	x0,80009ec8	
     497425.000 ns	     49741	80009ec4	00036f17	auipc	x30,0x36	 x30=0x8003fec4
     497435.000 ns	     49742	80009ec8	123f2e23	sw	x3,316(x30)	 x30:0x8003fec4  x3:0x00000001 PA:0xxxxxxxxx
     497455.000 ns	     49744	80009ecc	ff9ff06f	jal	x0,80009ec8	
     497505.000 ns	     49749	80009ec4	00036f17	auipc	x30,0x36	 x30=0x8003fec4
     497515.000 ns	     49750	80009ec8	123f2e23	sw	x3,316(x30)	 x30:0x8003fec4  x3:0x00000001 PA:0xxxxxxxxx
     497535.000 ns	     49752	80009ecc	ff9ff06f	jal	x0,80009ec8	
     497585.000 ns	     49757	80009ec4	00036f17	auipc	x30,0x36	 x30=0x8003fec4
     497595.000 ns	     49758	80009ec8	123f2e23	sw	x3,316(x30)	 x30:0x8003fec4  x3:0x00000001 PA:0xxxxxxxxx
     497615.000 ns	     49760	80009ecc	ff9ff06f	jal	x0,80009ec8	
     497665.000 ns	     49765	80009ec4	00036f17	auipc	x30,0x36	 x30=0x8003fec4
     497675.000 ns	     49766	80009ec8	123f2e23	sw	x3,316(x30)	 x30:0x8003fec4  x3:0x00000001 PA:0xxxxxxxxx
     497695.000 ns	     49768	80009ecc	ff9ff06f	jal	x0,80009ec8	
     497745.000 ns	     49773	80009ec4	00036f17	auipc	x30,0x36	 x30=0x8003fec4
     497755.000 ns	     49774	80009ec8	123f2e23	sw	x3,316(x30)	 x30:0x8003fec4  x3:0x00000001 PA:0xxxxxxxxx
     497775.000 ns	     49776	80009ecc	ff9ff06f	jal	x0,80009ec8	
     497825.000 ns	     49781	80009ec4	00036f17	auipc	x30,0x36	 x30=0x8003fec4
     497835.000 ns	     49782	80009ec8	123f2e23	sw	x3,316(x30)	 x30:0x8003fec4  x3:0x00000001 PA:0xxxxxxxxx
     497855.000 ns	     49784	80009ecc	ff9ff06f	jal	x0,80009ec8	
     497905.000 ns	     49789	80009ec4	00036f17	auipc	x30,0x36	 x30=0x8003fec4
     497915.000 ns	     49790	80009ec8	123f2e23	sw	x3,316(x30)	 x30:0x8003fec4  x3:0x00000001 PA:0xxxxxxxxx
     497935.000 ns	     49792	80009ecc	ff9ff06f	jal	x0,80009ec8	
     497985.000 ns	     49797	80009ec4	00036f17	auipc	x30,0x36	 x30=0x8003fec4
     497995.000 ns	     49798	80009ec8	123f2e23	sw	x3,316(x30)	 x30:0x8003fec4  x3:0x00000001 PA:0xxxxxxxxx
     498015.000 ns	     49800	80009ecc	ff9ff06f	jal	x0,80009ec8	
     498065.000 ns	     49805	80009ec4	00036f17	auipc	x30,0x36	 x30=0x8003fec4
     498075.000 ns	     49806	80009ec8	123f2e23	sw	x3,316(x30)	 x30:0x8003fec4  x3:0x00000001 PA:0xxxxxxxxx
     498095.000 ns	     49808	80009ecc	ff9ff06f	jal	x0,80009ec8	
     498145.000 ns	     49813	80009ec4	00036f17	auipc	x30,0x36	 x30=0x8003fec4
     498155.000 ns	     49814	80009ec8	123f2e23	sw	x3,316(x30)	 x30:0x8003fec4  x3:0x00000001 PA:0xxxxxxxxx
     498175.000 ns	     49816	80009ecc	ff9ff06f	jal	x0,80009ec8	
     498225.000 ns	     49821	80009ec4	00036f17	auipc	x30,0x36	 x30=0x8003fec4
     498235.000 ns	     49822	80009ec8	123f2e23	sw	x3,316(x30)	 x30:0x8003fec4  x3:0x00000001 PA:0xxxxxxxxx
     498255.000 ns	     49824	80009ecc	ff9ff06f	jal	x0,80009ec8	
     498305.000 ns	     49829	80009ec4	00036f17	auipc	x30,0x36	 x30=0x8003fec4
     498315.000 ns	     49830	80009ec8	123f2e23	sw	x3,316(x30)	 x30:0x8003fec4  x3:0x00000001 PA:0xxxxxxxxx
     498335.000 ns	     49832	80009ecc	ff9ff06f	jal	x0,80009ec8	
     498385.000 ns	     49837	80009ec4	00036f17	auipc	x30,0x36	 x30=0x8003fec4
     498395.000 ns	     49838	80009ec8	123f2e23	sw	x3,316(x30)	 x30:0x8003fec4  x3:0x00000001 PA:0xxxxxxxxx
     498415.000 ns	     49840	80009ecc	ff9ff06f	jal	x0,80009ec8	
     498465.000 ns	     49845	80009ec4	00036f17	auipc	x30,0x36	 x30=0x8003fec4
     498475.000 ns	     49846	80009ec8	123f2e23	sw	x3,316(x30)	 x30:0x8003fec4  x3:0x00000001 PA:0xxxxxxxxx
     498495.000 ns	     49848	80009ecc	ff9ff06f	jal	x0,80009ec8	
     498545.000 ns	     49853	80009ec4	00036f17	auipc	x30,0x36	 x30=0x8003fec4
     498555.000 ns	     49854	80009ec8	123f2e23	sw	x3,316(x30)	 x30:0x8003fec4  x3:0x00000001 PA:0xxxxxxxxx
     498575.000 ns	     49856	80009ecc	ff9ff06f	jal	x0,80009ec8	
     498625.000 ns	     49861	80009ec4	00036f17	auipc	x30,0x36	 x30=0x8003fec4
     498635.000 ns	     49862	80009ec8	123f2e23	sw	x3,316(x30)	 x30:0x8003fec4  x3:0x00000001 PA:0xxxxxxxxx
     498655.000 ns	     49864	80009ecc	ff9ff06f	jal	x0,80009ec8	
     498705.000 ns	     49869	80009ec4	00036f17	auipc	x30,0x36	 x30=0x8003fec4
     498715.000 ns	     49870	80009ec8	123f2e23	sw	x3,316(x30)	 x30:0x8003fec4  x3:0x00000001 PA:0xxxxxxxxx
     498735.000 ns	     49872	80009ecc	ff9ff06f	jal	x0,80009ec8	
     498785.000 ns	     49877	80009ec4	00036f17	auipc	x30,0x36	 x30=0x8003fec4
     498795.000 ns	     49878	80009ec8	123f2e23	sw	x3,316(x30)	 x30:0x8003fec4  x3:0x00000001 PA:0xxxxxxxxx
     498815.000 ns	     49880	80009ecc	ff9ff06f	jal	x0,80009ec8	
     498865.000 ns	     49885	80009ec4	00036f17	auipc	x30,0x36	 x30=0x8003fec4
     498875.000 ns	     49886	80009ec8	123f2e23	sw	x3,316(x30)	 x30:0x8003fec4  x3:0x00000001 PA:0xxxxxxxxx
     498895.000 ns	     49888	80009ecc	ff9ff06f	jal	x0,80009ec8	
     498945.000 ns	     49893	80009ec4	00036f17	auipc	x30,0x36	 x30=0x8003fec4
     498955.000 ns	     49894	80009ec8	123f2e23	sw	x3,316(x30)	 x30:0x8003fec4  x3:0x00000001 PA:0xxxxxxxxx
     498975.000 ns	     49896	80009ecc	ff9ff06f	jal	x0,80009ec8	
     499025.000 ns	     49901	80009ec4	00036f17	auipc	x30,0x36	 x30=0x8003fec4
     499035.000 ns	     49902	80009ec8	123f2e23	sw	x3,316(x30)	 x30:0x8003fec4  x3:0x00000001 PA:0xxxxxxxxx
     499055.000 ns	     49904	80009ecc	ff9ff06f	jal	x0,80009ec8	
     499105.000 ns	     49909	80009ec4	00036f17	auipc	x30,0x36	 x30=0x8003fec4
     499115.000 ns	     49910	80009ec8	123f2e23	sw	x3,316(x30)	 x30:0x8003fec4  x3:0x00000001 PA:0xxxxxxxxx
     499135.000 ns	     49912	80009ecc	ff9ff06f	jal	x0,80009ec8	
     499185.000 ns	     49917	80009ec4	00036f17	auipc	x30,0x36	 x30=0x8003fec4
     499195.000 ns	     49918	80009ec8	123f2e23	sw	x3,316(x30)	 x30:0x8003fec4  x3:0x00000001 PA:0xxxxxxxxx
     499215.000 ns	     49920	80009ecc	ff9ff06f	jal	x0,80009ec8	
     499265.000 ns	     49925	80009ec4	00036f17	auipc	x30,0x36	 x30=0x8003fec4
     499275.000 ns	     49926	80009ec8	123f2e23	sw	x3,316(x30)	 x30:0x8003fec4  x3:0x00000001 PA:0xxxxxxxxx
     499295.000 ns	     49928	80009ecc	ff9ff06f	jal	x0,80009ec8	
     499345.000 ns	     49933	80009ec4	00036f17	auipc	x30,0x36	 x30=0x8003fec4
     499355.000 ns	     49934	80009ec8	123f2e23	sw	x3,316(x30)	 x30:0x8003fec4  x3:0x00000001 PA:0xxxxxxxxx
     499375.000 ns	     49936	80009ecc	ff9ff06f	jal	x0,80009ec8	
     499425.000 ns	     49941	80009ec4	00036f17	auipc	x30,0x36	 x30=0x8003fec4
     499435.000 ns	     49942	80009ec8	123f2e23	sw	x3,316(x30)	 x30:0x8003fec4  x3:0x00000001 PA:0xxxxxxxxx
     499455.000 ns	     49944	80009ecc	ff9ff06f	jal	x0,80009ec8	
     499505.000 ns	     49949	80009ec4	00036f17	auipc	x30,0x36	 x30=0x8003fec4
     499515.000 ns	     49950	80009ec8	123f2e23	sw	x3,316(x30)	 x30:0x8003fec4  x3:0x00000001 PA:0xxxxxxxxx
     499535.000 ns	     49952	80009ecc	ff9ff06f	jal	x0,80009ec8	
     499585.000 ns	     49957	80009ec4	00036f17	auipc	x30,0x36	 x30=0x8003fec4
     499595.000 ns	     49958	80009ec8	123f2e23	sw	x3,316(x30)	 x30:0x8003fec4  x3:0x00000001 PA:0xxxxxxxxx
     499615.000 ns	     49960	80009ecc	ff9ff06f	jal	x0,80009ec8	
     499665.000 ns	     49965	80009ec4	00036f17	auipc	x30,0x36	 x30=0x8003fec4
     499675.000 ns	     49966	80009ec8	123f2e23	sw	x3,316(x30)	 x30:0x8003fec4  x3:0x00000001 PA:0xxxxxxxxx
     499695.000 ns	     49968	80009ecc	ff9ff06f	jal	x0,80009ec8	
     499745.000 ns	     49973	80009ec4	00036f17	auipc	x30,0x36	 x30=0x8003fec4
     499755.000 ns	     49974	80009ec8	123f2e23	sw	x3,316(x30)	 x30:0x8003fec4  x3:0x00000001 PA:0xxxxxxxxx
     499775.000 ns	     49976	80009ecc	ff9ff06f	jal	x0,80009ec8	
     499825.000 ns	     49981	80009ec4	00036f17	auipc	x30,0x36	 x30=0x8003fec4
     499835.000 ns	     49982	80009ec8	123f2e23	sw	x3,316(x30)	 x30:0x8003fec4  x3:0x00000001 PA:0xxxxxxxxx
     499855.000 ns	     49984	80009ecc	ff9ff06f	jal	x0,80009ec8	
     499905.000 ns	     49989	80009ec4	00036f17	auipc	x30,0x36	 x30=0x8003fec4
     499915.000 ns	     49990	80009ec8	123f2e23	sw	x3,316(x30)	 x30:0x8003fec4  x3:0x00000001 PA:0xxxxxxxxx
     499935.000 ns	     49992	80009ecc	ff9ff06f	jal	x0,80009ec8	
     499985.000 ns	     49997	80009ec4	00036f17	auipc	x30,0x36	 x30=0x8003fec4
