		Time			Cycle	PC		Insn	Decoded instruction	Register and memory contents
         65.000 ns	         5	80000000	f14022f3	csrrs	x5,mhartid,x0	  x0:0x00000000  x5=0xffffff14
         75.000 ns	         6	80000004	00000313	addi	x6,x0,0	  x0:0x00000000  x6=0x00000000
         85.000 ns	         7	80000008	00628263	beq	x5,x6,8000000c	  x5:0x00000000  x6:0x00000000
         95.000 ns	         8	8000000c	00000717	auipc	x14,0x0	 x14=0x8000000c
        105.000 ns	         9	80000010	00c70713	addi	x14,x14,12	 x14:0x00000000 x14=0x80000018
        115.000 ns	        10	80000014	00070067	jalr	x0,x14,0	 x14:0x00000000
        165.000 ns	        15	80000018	40001eb7	lui	x29,0x40001	 x29=0x40001000
        175.000 ns	        16	8000001c	120e8e93	addi	x29,x29,288	 x29:0x00000000 x29=0x40001120
        185.000 ns	        17	80000020	301e9073	csrrw	x0,misa,x29	 x29:0x00000000
        195.000 ns	        18	80000024	00041a17	auipc	x20,0x41	 x20=0x80041024
        205.000 ns	        19	80000028	000a0a13	addi	x20,x20,0	 x20:0x00000000 x20=0x80041024
        215.000 ns	        20	8000002c	0000be97	auipc	x29,0xb	 x29=0x8000b02c
        225.000 ns	        21	80000030	8a4e8e93	addi	x29,x29,-1884	 x29:0x40001120 x29=0x8000a8d0
        235.000 ns	        22	80000034	001eee93	ori	x29,x29,1	 x29:0x40001120 x29=0x8000a8d1
        245.000 ns	        23	80000038	305e9073	csrrw	x0,mtvec,x29	 x29:0x8000b02c
        255.000 ns	        24	8000003c	00000e97	auipc	x29,0x0	 x29=0x8000003c
        265.000 ns	        25	80000040	028e8e93	addi	x29,x29,40	 x29:0x8000a8d1 x29=0x80000064
        275.000 ns	        26	80000044	341e9073	csrrw	x0,mepc,x29	 x29:0x8000a8d1
        285.000 ns	        27	80000048	00000013	addi	x0,x0,0	  x0:0x00000000
        295.000 ns	        28	8000004c	00004eb7	lui	x29,0x4	 x29=0x00004000
        305.000 ns	        29	80000050	800e8e93	addi	x29,x29,-2048	 x29:0x80000064 x29=0x00003800
        315.000 ns	        30	80000054	300e9073	csrrw	x0,mstatus,x29	 x29:0x80000064
        325.000 ns	        31	80000058	00000e93	addi	x29,x0,0	  x0:0x00000000 x29=0x00000000
        335.000 ns	        32	8000005c	304e9073	csrrw	x0,mie,x29	 x29:0x00003800
        345.000 ns	        33	80000060	30200073	mret	
        355.000 ns	        34	80000064	00000e93	addi	x29,x0,0	  x0:0x00000000 x29=0x00000000
        375.000 ns	        36	80000068	f00e8053	fmv.w.x	f0,x29	 x29:0x00000000  f0=0x00000000
        395.000 ns	        38	8000006c	004d1eb7	lui	x29,0x4d1	 x29=0x004d1000
        405.000 ns	        39	80000070	fa4e8e93	addi	x29,x29,-92	 x29:0x00000000 x29=0x004d0fa4
        425.000 ns	        41	80000074	f00e80d3	fmv.w.x	f1,x29	 x29:0x00000000  f1=0x004d0fa4
        445.000 ns	        43	80000078	80000eb7	lui	x29,0x80000	 x29=0x80000000
        465.000 ns	        45	8000007c	f00e8153	fmv.w.x	f2,x29	 x29:0x004d0fa4  f2=0x80000000
        485.000 ns	        47	80000080	7f800eb7	lui	x29,0x7f800	 x29=0x7f800000
        505.000 ns	        49	80000084	f00e81d3	fmv.w.x	f3,x29	 x29:0x80000000  f3=0x7f800000
        525.000 ns	        51	80000088	80000eb7	lui	x29,0x80000	 x29=0x80000000
        545.000 ns	        53	8000008c	f00e8253	fmv.w.x	f4,x29	 x29:0x7f800000  f4=0x80000000
        565.000 ns	        55	80000090	80000eb7	lui	x29,0x80000	 x29=0x80000000
        585.000 ns	        57	80000094	f00e82d3	fmv.w.x	f5,x29	 x29:0x80000000  f5=0x80000000
        605.000 ns	        59	80000098	ff800eb7	lui	x29,0xff800	 x29=0xff800000
        625.000 ns	        61	8000009c	f00e8353	fmv.w.x	f6,x29	 x29:0x80000000  f6=0xff800000
        645.000 ns	        63	800000a0	ff800eb7	lui	x29,0xff800	 x29=0xff800000
        665.000 ns	        65	800000a4	f00e83d3	fmv.w.x	f7,x29	 x29:0xff800000  f7=0xff800000
        685.000 ns	        67	800000a8	00777eb7	lui	x29,0x777	 x29=0x00777000
        695.000 ns	        68	800000ac	7e2e8e93	addi	x29,x29,2018	 x29:0xff800000 x29=0x007777e2
        715.000 ns	        70	800000b0	f00e8453	fmv.w.x	f8,x29	 x29:0xff800000  f8=0x007777e2
        735.000 ns	        72	800000b4	00000e93	addi	x29,x0,0	  x0:0x00000000 x29=0x00000000
        755.000 ns	        74	800000b8	f00e84d3	fmv.w.x	f9,x29	 x29:0x007777e2  f9=0x00000000
        775.000 ns	        76	800000bc	80000eb7	lui	x29,0x80000	 x29=0x80000000
        795.000 ns	        78	800000c0	f00e8553	fmv.w.x	f10,x29	 x29:0x00000000 f10=0x80000000
        815.000 ns	        80	800000c4	800fceb7	lui	x29,0x800fc	 x29=0x800fc000
        825.000 ns	        81	800000c8	94fe8e93	addi	x29,x29,-1713	 x29:0x80000000 x29=0x800fb94f
        845.000 ns	        83	800000cc	f00e85d3	fmv.w.x	f11,x29	 x29:0x80000000 f11=0x800fb94f
        865.000 ns	        85	800000d0	7f800eb7	lui	x29,0x7f800	 x29=0x7f800000
        875.000 ns	        86	800000d4	001e8e93	addi	x29,x29,1	 x29:0x800fb94f x29=0x7f800001
        895.000 ns	        88	800000d8	f00e8653	fmv.w.x	f12,x29	 x29:0x800fb94f f12=0x7f800001
        915.000 ns	        90	800000dc	7f800eb7	lui	x29,0x7f800	 x29=0x7f800000
        935.000 ns	        92	800000e0	f00e86d3	fmv.w.x	f13,x29	 x29:0x7f800001 f13=0x7f800000
        955.000 ns	        94	800000e4	ff800eb7	lui	x29,0xff800	 x29=0xff800000
        975.000 ns	        96	800000e8	f00e8753	fmv.w.x	f14,x29	 x29:0x7f800000 f14=0xff800000
        995.000 ns	        98	800000ec	7f800eb7	lui	x29,0x7f800	 x29=0x7f800000
       1015.000 ns	       100	800000f0	f00e87d3	fmv.w.x	f15,x29	 x29:0xff800000 f15=0x7f800000
       1035.000 ns	       102	800000f4	8122beb7	lui	x29,0x8122b	 x29=0x8122b000
       1045.000 ns	       103	800000f8	635e8e93	addi	x29,x29,1589	 x29:0x7f800000 x29=0x8122b635
       1065.000 ns	       105	800000fc	f00e8853	fmv.w.x	f16,x29	 x29:0x7f800000 f16=0x8122b635
       1085.000 ns	       107	80000100	7f800eb7	lui	x29,0x7f800	 x29=0x7f800000
       1095.000 ns	       108	80000104	001e8e93	addi	x29,x29,1	 x29:0x8122b635 x29=0x7f800001
       1115.000 ns	       110	80000108	f00e88d3	fmv.w.x	f17,x29	 x29:0x8122b635 f17=0x7f800001
       1135.000 ns	       112	8000010c	7fc00eb7	lui	x29,0x7fc00	 x29=0x7fc00000
       1155.000 ns	       114	80000110	f00e8953	fmv.w.x	f18,x29	 x29:0x7f800001 f18=0x7fc00000
       1175.000 ns	       116	80000114	ff800eb7	lui	x29,0xff800	 x29=0xff800000
       1185.000 ns	       117	80000118	fffe8e93	addi	x29,x29,-1	 x29:0x7fc00000 x29=0xff7fffff
       1205.000 ns	       119	8000011c	f00e89d3	fmv.w.x	f19,x29	 x29:0x7fc00000 f19=0xff7fffff
       1225.000 ns	       121	80000120	803e3eb7	lui	x29,0x803e3	 x29=0x803e3000
       1235.000 ns	       122	80000124	602e8e93	addi	x29,x29,1538	 x29:0xff7fffff x29=0x803e3602
       1255.000 ns	       124	80000128	f00e8a53	fmv.w.x	f20,x29	 x29:0xff7fffff f20=0x803e3602
       1275.000 ns	       126	8000012c	80000eb7	lui	x29,0x80000	 x29=0x80000000
       1295.000 ns	       128	80000130	f00e8ad3	fmv.w.x	f21,x29	 x29:0x803e3602 f21=0x80000000
       1315.000 ns	       130	80000134	ff800eb7	lui	x29,0xff800	 x29=0xff800000
       1335.000 ns	       132	80000138	f00e8b53	fmv.w.x	f22,x29	 x29:0x80000000 f22=0xff800000
       1355.000 ns	       134	8000013c	7f800eb7	lui	x29,0x7f800	 x29=0x7f800000
       1365.000 ns	       135	80000140	001e8e93	addi	x29,x29,1	 x29:0xff800000 x29=0x7f800001
       1385.000 ns	       137	80000144	f00e8bd3	fmv.w.x	f23,x29	 x29:0xff800000 f23=0x7f800001
       1405.000 ns	       139	80000148	c0ef5eb7	lui	x29,0xc0ef5	 x29=0xc0ef5000
       1415.000 ns	       140	8000014c	b7ae8e93	addi	x29,x29,-1158	 x29:0x7f800001 x29=0xc0ef4b7a
       1435.000 ns	       142	80000150	f00e8c53	fmv.w.x	f24,x29	 x29:0x7f800001 f24=0xc0ef4b7a
       1455.000 ns	       144	80000154	80437eb7	lui	x29,0x80437	 x29=0x80437000
       1465.000 ns	       145	80000158	fa7e8e93	addi	x29,x29,-89	 x29:0xc0ef4b7a x29=0x80436fa7
       1485.000 ns	       147	8000015c	f00e8cd3	fmv.w.x	f25,x29	 x29:0xc0ef4b7a f25=0x80436fa7
       1505.000 ns	       149	80000160	ff800eb7	lui	x29,0xff800	 x29=0xff800000
       1525.000 ns	       151	80000164	f00e8d53	fmv.w.x	f26,x29	 x29:0x80436fa7 f26=0xff800000
       1545.000 ns	       153	80000168	00145eb7	lui	x29,0x145	 x29=0x00145000
       1555.000 ns	       154	8000016c	5b9e8e93	addi	x29,x29,1465	 x29:0xff800000 x29=0x001455b9
       1575.000 ns	       156	80000170	f00e8dd3	fmv.w.x	f27,x29	 x29:0xff800000 f27=0x001455b9
       1595.000 ns	       158	80000174	801d9eb7	lui	x29,0x801d9	 x29=0x801d9000
       1605.000 ns	       159	80000178	ecde8e93	addi	x29,x29,-307	 x29:0x001455b9 x29=0x801d8ecd
       1625.000 ns	       161	8000017c	f00e8e53	fmv.w.x	f28,x29	 x29:0x001455b9 f28=0x801d8ecd
       1645.000 ns	       163	80000180	a7104eb7	lui	x29,0xa7104	 x29=0xa7104000
       1655.000 ns	       164	80000184	ccde8e93	addi	x29,x29,-819	 x29:0x801d8ecd x29=0xa7103ccd
       1675.000 ns	       166	80000188	f00e8ed3	fmv.w.x	f29,x29	 x29:0x801d8ecd f29=0xa7103ccd
       1695.000 ns	       168	8000018c	7fc00eb7	lui	x29,0x7fc00	 x29=0x7fc00000
       1715.000 ns	       170	80000190	f00e8f53	fmv.w.x	f30,x29	 x29:0xa7103ccd f30=0x7fc00000
       1735.000 ns	       172	80000194	55d1deb7	lui	x29,0x55d1d	 x29=0x55d1d000
       1745.000 ns	       173	80000198	e3fe8e93	addi	x29,x29,-449	 x29:0x7fc00000 x29=0x55d1ce3f
       1765.000 ns	       175	8000019c	f00e8fd3	fmv.w.x	f31,x29	 x29:0x7fc00000 f31=0x55d1ce3f
       1785.000 ns	       177	800001a0	00225073	csrrwi	x0,frm,4	
       1795.000 ns	       178	800001a4	00c00013	addi	x0,x0,12	  x0:0x00000000
       1805.000 ns	       179	800001a8	00600093	addi	x1,x0,6	  x0:0x00000000  x1=0x00000006
       1815.000 ns	       180	800001ac	b888d137	lui	x2,0xb888d	  x2=0xb888d000
       1825.000 ns	       181	800001b0	1ff10113	addi	x2,x2,511	  x2:0x00000000  x2=0xb888d1ff
       1835.000 ns	       182	800001b4	00000193	addi	x3,x0,0	  x0:0x00000000  x3=0x00000000
       1845.000 ns	       183	800001b8	9d004237	lui	x4,0x9d004	  x4=0x9d004000
       1855.000 ns	       184	800001bc	bfb20213	addi	x4,x4,-1029	  x4:0x00000000  x4=0x9d003bfb
       1865.000 ns	       185	800001c0	fc8a12b7	lui	x5,0xfc8a1	  x5=0xfc8a1000
       1875.000 ns	       186	800001c4	b4b28293	addi	x5,x5,-1205	  x5:0xffffff14  x5=0xfc8a0b4b
       1885.000 ns	       187	800001c8	00100313	addi	x6,x0,1	  x0:0x00000000  x6=0x00000001
       1895.000 ns	       188	800001cc	24aef3b7	lui	x7,0x24aef	  x7=0x24aef000
       1905.000 ns	       189	800001d0	20c38393	addi	x7,x7,524	  x7:0x00000000  x7=0x24aef20c
       1915.000 ns	       190	800001d4	80000437	lui	x8,0x80000	  x8=0x80000000
       1925.000 ns	       191	800001d8	800004b7	lui	x9,0x80000	  x9=0x80000000
       1935.000 ns	       192	800001dc	e0de6537	lui	x10,0xe0de6	 x10=0xe0de6000
       1945.000 ns	       193	800001e0	f2b50513	addi	x10,x10,-213	 x10:0x00000000 x10=0xe0de5f2b
       1955.000 ns	       194	800001e4	f05845b7	lui	x11,0xf0584	 x11=0xf0584000
       1965.000 ns	       195	800001e8	56f58593	addi	x11,x11,1391	 x11:0x00000000 x11=0xf058456f
       1975.000 ns	       196	800001ec	00000613	addi	x12,x0,0	  x0:0x00000000 x12=0x00000000
       1985.000 ns	       197	800001f0	f28e56b7	lui	x13,0xf28e5	 x13=0xf28e5000
       1995.000 ns	       198	800001f4	a0368693	addi	x13,x13,-1533	 x13:0x00000000 x13=0xf28e4a03
       2005.000 ns	       199	800001f8	72cb5737	lui	x14,0x72cb5	 x14=0x72cb5000
       2015.000 ns	       200	800001fc	a2470713	addi	x14,x14,-1500	 x14:0x80000018 x14=0x72cb4a24
       2025.000 ns	       201	80000200	00000793	addi	x15,x0,0	  x0:0x00000000 x15=0x00000000
       2035.000 ns	       202	80000204	800008b7	lui	x17,0x80000	 x17=0x80000000
       2045.000 ns	       203	80000208	00e00913	addi	x18,x0,14	  x0:0x00000000 x18=0x0000000e
       2055.000 ns	       204	8000020c	800009b7	lui	x19,0x80000	 x19=0x80000000
       2065.000 ns	       205	80000210	00200a93	addi	x21,x0,2	  x0:0x00000000 x21=0x00000002
       2075.000 ns	       206	80000214	00000b13	addi	x22,x0,0	  x0:0x00000000 x22=0x00000000
       2085.000 ns	       207	80000218	00000b93	addi	x23,x0,0	  x0:0x00000000 x23=0x00000000
       2095.000 ns	       208	8000021c	2ed49c37	lui	x24,0x2ed49	 x24=0x2ed49000
       2105.000 ns	       209	80000220	c1bc0c13	addi	x24,x24,-997	 x24:0x00000000 x24=0x2ed48c1b
       2115.000 ns	       210	80000224	7a6cccb7	lui	x25,0x7a6cc	 x25=0x7a6cc000
       2125.000 ns	       211	80000228	fbdc8c93	addi	x25,x25,-67	 x25:0x00000000 x25=0x7a6cbfbd
       2135.000 ns	       212	8000022c	00b00d13	addi	x26,x0,11	  x0:0x00000000 x26=0x0000000b
       2145.000 ns	       213	80000230	00d00d93	addi	x27,x0,13	  x0:0x00000000 x27=0x0000000d
       2155.000 ns	       214	80000234	00200e13	addi	x28,x0,2	  x0:0x00000000 x28=0x00000002
       2165.000 ns	       215	80000238	99408eb7	lui	x29,0x99408	 x29=0x99408000
       2175.000 ns	       216	8000023c	df0e8e93	addi	x29,x29,-528	 x29:0x55d1ce3f x29=0x99407df0
       2185.000 ns	       217	80000240	00000f13	addi	x30,x0,0	  x0:0x00000000 x30=0x00000000
       2195.000 ns	       218	80000244	80000fb7	lui	x31,0x80000	 x31=0x80000000
       2205.000 ns	       219	80000248	00041817	auipc	x16,0x41	 x16=0x80041248
       2215.000 ns	       220	8000024c	d9c80813	addi	x16,x16,-612	 x16:0x00000000 x16=0x80040fe4
       2225.000 ns	       221	80000250	00cc5313	srli	x6,x24,0xc	 x24:0x2ed48c1b  x6=0x0002ed48
       2245.000 ns	       223	80000254	a07f10d3	flt.s	x1,f30,f7	 f30:0x7fc00000  f7:0xff800000  x1=0x00000000
       2265.000 ns	       225	80000258	4f2e0193	addi	x3,x28,1266	 x28:0x00000002  x3=0x000004f4
       2295.000 ns	       228	8000025c	1120f0d3	fmul.s	f1,f1,f18	  f1:0x004d0fa4 f18:0x7fc00000  f1=0x7fc00000
       2315.000 ns	       230	80000260	005bd213	srli	x4,x23,0x5	 x23:0x00000000  x4=0x00000000
       2335.000 ns	       232	80000264	03d28133	mul	x2,x5,x29	  x5:0xfc8a0b4b x29:0x99407df0  x2=0xceae3550
       2365.000 ns	       235	80000268	289804d3	fmin.s	f9,f16,f9	 f16:0x8122b635  f9:0x00000000  f9=0x8122b635
       2395.000 ns	       238	8000026c	0279ab33	mulhsu	x22,x19,x7	 x19:0x80000000  x7:0x24aef20c x22=0xeda886fa
       2415.000 ns	       240	80000270	27f56113	ori	x2,x10,639	 x10:0xe0de5f2b  x2=0xe0de5f7f
       2435.000 ns	       242	80000274	c00fcf53	fcvt.w.s	x30,f31	 f31:0x55d1ce3f x30=0x7fffffff
       2455.000 ns	       244	80000278	abe3e213	ori	x4,x7,-1346	  x7:0x24aef20c  x4=0xfffffabe
       2465.000 ns	       245	8000027c	01b3d893	srli	x17,x7,0x1b	  x7:0x24aef20c x17=0x00000004
       2475.000 ns	       246	80000280	01e45f33	srl	x30,x8,x30	  x8:0x80000000 x30:0x7fffffff x30=0x00000001
       2505.000 ns	       249	80000284	104aa7d3	fmul.s	f15,f21,f4	 f21:0x80000000  f4:0x80000000 f15=0x00000000
       2525.000 ns	       251	80000288	01474cb3	xor	x25,x14,x20	 x14:0x72cb4a24 x20:0x80041024 x25=0xf2cf5a00
       2535.000 ns	       252	8000028c	01838f33	add	x30,x7,x24	  x7:0x24aef20c x24:0x2ed48c1b x30=0x53837e27
       2575.000 ns	       256	80000290	011cf7d3	fadd.s	f15,f25,f17	 f25:0x80436fa7 f17:0x7f800001 f15=0x7fc00000
       2605.000 ns	       259	80000294	e00d80d3	fmv.x.w	x1,f27	 f27:0x001455b9  x1=0x001455b9
       2655.000 ns	       264	80000298	01417dd3	fadd.s	f27,f2,f20	  f2:0x80000000 f20:0x803e3602 f27=0x803e3602
       2675.000 ns	       266	8000029c	00a7f5b3	and	x11,x15,x10	 x15:0x00000000 x10:0xe0de5f2b x11=0x00000000
       2685.000 ns	       267	800002a0	00000013	addi	x0,x0,0	  x0:0x00000000
       2725.000 ns	       271	800002a4	00d97fd3	fadd.s	f31,f18,f13	 f18:0x7fc00000 f13:0x7f800000 f31=0x7fc00000
       2745.000 ns	       273	800002a8	ec877293	andi	x5,x14,-312	 x14:0x72cb4a24  x5=0x72cb4a00
       2765.000 ns	       275	800002ac	28dc0dd3	fmin.s	f27,f24,f13	 f24:0xc0ef4b7a f13:0x7f800000 f27=0xc0ef4b7a
       2785.000 ns	       277	800002b0	0031c933	xor	x18,x3,x3	  x3:0x000004f4  x3:0x000004f4 x18=0x00000000
       2795.000 ns	       278	800002b4	003dc233	xor	x4,x27,x3	 x27:0x0000000d  x3:0x000004f4  x4=0x000004f9
       2815.000 ns	       280	800002b8	28ad0ed3	fmin.s	f29,f26,f10	 f26:0xff800000 f10:0x80000000 f29=0xff800000
       2845.000 ns	       283	800002bc	c0157153	fcvt.wu.s	x2,f10	 f10:0x80000000  x2=0x00000000
       2875.000 ns	       286	800002c0	20409e53	fsgnjn.s	f28,f1,f4	  f1:0x7fc00000  f4:0x80000000 f28=0x7fc00000
       2905.000 ns	       289	800002c4	20228a53	fsgnj.s	f20,f5,f2	  f5:0x80000000  f2:0x80000000 f20=0x80000000
       2935.000 ns	       292	800002c8	a167a253	feq.s	x4,f15,f22	 f15:0x7fc00000 f22:0xff800000  x4=0x00000000
       2965.000 ns	       295	800002cc	d006f9d3	fcvt.s.w	f19,x13	 x13:0xf28e4a03 f19=0xcd571b5f
       2985.000 ns	       297	800002d0	00794ab3	xor	x21,x18,x7	 x18:0x00000000  x7:0x24aef20c x21=0x24aef20c
       3025.000 ns	       301	800002d4	003a74d3	fadd.s	f9,f20,f3	 f20:0x80000000  f3:0x7f800000  f9=0x7f800000
       3055.000 ns	       304	800002d8	c00518d3	fcvt.w.s	x17,f10	 f10:0x80000000 x17=0x00000000
       3075.000 ns	       306	800002dc	990f2993	slti	x19,x30,-1648	 x30:0x53837e27 x19=0x00000000
       3095.000 ns	       308	800002e0	e0039cd3	fclass.s	x25,f7	  f7:0xff800000 x25=0x00000001
       3125.000 ns	       311	800002e4	02b426b3	mulhsu	x13,x8,x11	  x8:0x80000000 x11:0x00000000 x13=0x00000000
       3145.000 ns	       313	800002e8	01c81233	sll	x4,x16,x28	 x16:0x80040fe4 x28:0x00000002  x4=0x00103f90
       3165.000 ns	       315	800002ec	e00e9353	fclass.s	x6,f29	 f29:0xff800000  x6=0x00000001
       3185.000 ns	       317	800002f0	0028a1b3	slt	x3,x17,x2	 x17:0x00000000  x2:0x00000000  x3=0x00000000
       3195.000 ns	       318	800002f4	00271f33	sll	x30,x14,x2	 x14:0x72cb4a24  x2:0x00000000 x30=0x72cb4a24
       3205.000 ns	       319	800002f8	a5663a93	sltiu	x21,x12,-1450	 x12:0x00000000 x21=0x00000001
       3225.000 ns	       321	800002fc	022ec533	div	x10,x29,x2	 x29:0x99407df0  x2:0x00000000 x10=0xffffffff
       3595.000 ns	       358	80000300	02187ab3	remu	x21,x16,x1	 x16:0x80040fe4  x1:0x001455b9 x21=0x000c9cb1
       3625.000 ns	       361	80000304	20318ad3	fsgnj.s	f21,f3,f3	  f3:0x7f800000  f3:0x7f800000 f21=0x7f800000
       3655.000 ns	       364	80000308	21e41953	fsgnjn.s	f18,f8,f30	  f8:0x007777e2 f30:0x7fc00000 f18=0x807777e2
       3685.000 ns	       367	8000030c	a1ba82d3	fle.s	x5,f21,f27	 f21:0x7f800000 f27:0xc0ef4b7a  x5=0x00000000
       3715.000 ns	       370	80000310	21c696d3	fsgnjn.s	f13,f13,f28	 f13:0x7f800000 f28:0x7fc00000 f13=0xff800000
       3765.000 ns	       375	80000314	00f27053	fadd.s	f0,f4,f15	  f4:0x80000000 f15:0x7fc00000  f0=0x7fc00000
       3795.000 ns	       378	80000318	d0187853	fcvt.s.wu	f16,x16	 x16:0x80040fe4 f16=0x4f00040f
       3845.000 ns	       383	8000031c	09e28fd3	fsub.s	f31,f5,f30	  f5:0x80000000 f30:0x7fc00000 f31=0x7fc00000
       3865.000 ns	       385	80000320	d0bd3493	sltiu	x9,x26,-757	 x26:0x0000000b  x9=0x00000001
       3885.000 ns	       387	80000324	e0048cd3	fmv.x.w	x25,f9	  f9:0x7f800000 x25=0x7f800000
       4255.000 ns	       424	80000328	026f41b3	div	x3,x30,x6	 x30:0x72cb4a24  x6:0x00000001  x3=0x72cb4a24
       4275.000 ns	       426	8000032c	01045193	srli	x3,x8,0x10	  x8:0x80000000  x3=0x00008000
       4295.000 ns	       428	80000330	025d9ab3	mulh	x21,x27,x5	 x27:0x0000000d  x5:0x00000000 x21=0x00000000
       4315.000 ns	       430	80000334	41415c33	sra	x24,x2,x20	  x2:0x00000000 x20:0x80041024 x24=0x00000000
       4335.000 ns	       432	80000338	f00687d3	fmv.w.x	f15,x13	 x13:0x00000000 f15=0x00000000
       4365.000 ns	       435	8000033c	29fd0a53	fmin.s	f20,f26,f31	 f26:0xff800000 f31:0x7fc00000 f20=0xff800000
       4395.000 ns	       438	80000340	02ccd933	divu	x18,x25,x12	 x25:0x7f800000 x12:0x00000000 x18=0xffffffff
       4425.000 ns	       441	80000344	c0037bd3	fcvt.w.s	x23,f6	  f6:0xff800000 x23=0x80000000
       4455.000 ns	       444	80000348	03431233	mulh	x4,x6,x20	  x6:0x00000001 x20:0x80041024  x4=0xffffffff
       4475.000 ns	       446	8000034c	6b4f2f93	slti	x31,x30,1716	 x30:0x72cb4a24 x31=0x00000000
       4495.000 ns	       448	80000350	d00df7d3	fcvt.s.w	f15,x27	 x27:0x0000000d f15=0x41500000
       4525.000 ns	       451	80000354	21b6aa53	fsgnjx.s	f20,f13,f27	 f13:0xff800000 f27:0xc0ef4b7a f20=0x7f800000
       4545.000 ns	       453	80000358	00000013	addi	x0,x0,0	  x0:0x00000000
       4565.000 ns	       455	8000035c	29d19453	fmax.s	f8,f3,f29	  f3:0x7f800000 f29:0xff800000  f8=0x7f800000
       4585.000 ns	       457	80000360	00dee5b3	or	x11,x29,x13	 x29:0x99407df0 x13:0x00000000 x11=0x99407df0
       4625.000 ns	       461	80000364	011f19d3	fadd.s	f19,f30,f17	 f30:0x7fc00000 f17:0x7f800001 f19=0x7fc00000
       4995.000 ns	       498	80000368	039ed233	divu	x4,x29,x25	 x29:0x99407df0 x25:0x7f800000  x4=0x00000001
       5015.000 ns	       500	8000036c	40d6d293	srai	x5,x13,0xd	 x13:0x00000000  x5=0x00000000
       5035.000 ns	       502	80000370	e00b1fd3	fclass.s	x31,f22	 f22:0xff800000 x31=0x00000001
       5055.000 ns	       504	80000374	409ad2b3	sra	x5,x21,x9	 x21:0x00000000  x9:0x00000001  x5=0x00000000
       5075.000 ns	       506	80000378	2023add3	fsgnjx.s	f27,f7,f2	  f7:0xff800000  f2:0x80000000 f27=0x7f800000
       5105.000 ns	       509	8000037c	a1670ad3	fle.s	x21,f14,f22	 f14:0xff800000 f22:0xff800000 x21=0x00000001
       5475.000 ns	       546	80000380	028ed033	divu	x0,x29,x8	 x29:0x99407df0  x8:0x80000000
       5495.000 ns	       548	80000384	00000013	addi	x0,x0,0	  x0:0x00000000
       5505.000 ns	       549	80000388	406358b3	sra	x17,x6,x6	  x6:0x00000001  x6:0x00000001 x17=0x00000000
       5515.000 ns	       550	8000038c	fcf59d37	lui	x26,0xfcf59	 x26=0xfcf59000
       5535.000 ns	       552	80000390	e00d1ad3	fclass.s	x21,f26	 f26:0xff800000 x21=0x00000001
       5555.000 ns	       554	80000394	89f00213	addi	x4,x0,-1889	  x0:0x00000000  x4=0xfffff89f
       5565.000 ns	       555	80000398	41dfd0b3	sra	x1,x31,x29	 x31:0x00000001 x29:0x99407df0  x1=0x00000000
       5575.000 ns	       556	8000039c	6bcfea93	ori	x21,x31,1724	 x31:0x00000001 x21=0x000006bd
       5585.000 ns	       557	800003a0	00b9b1b3	sltu	x3,x19,x11	 x19:0x00000000 x11:0x99407df0  x3=0x00000001
       5595.000 ns	       558	800003a4	01a9df13	srli	x30,x19,0x1a	 x19:0x00000000 x30=0x00000000
       5615.000 ns	       560	800003a8	c00673d3	fcvt.w.s	x7,f12	 f12:0x7f800001  x7=0x7fffffff
       5985.000 ns	       597	800003ac	02466eb3	rem	x29,x12,x4	 x12:0x00000000  x4:0xfffff89f x29=0x00000000
       6005.000 ns	       599	800003b0	010e42b3	xor	x5,x28,x16	 x28:0x00000002 x16:0x80040fe4  x5=0x80040fe6
       6015.000 ns	       600	800003b4	00000013	addi	x0,x0,0	  x0:0x00000000
       6025.000 ns	       601	800003b8	78310213	addi	x4,x2,1923	  x2:0x00000000  x4=0x00000783
       6035.000 ns	       602	800003bc	009295b3	sll	x11,x5,x9	  x5:0x80040fe6  x9:0x00000001 x11=0x00081fcc
       6045.000 ns	       603	800003c0	015e0f33	add	x30,x28,x21	 x28:0x00000002 x21:0x000006bd x30=0x000006bf
       6065.000 ns	       605	800003c4	031593b3	mulh	x7,x11,x17	 x11:0x99407df0 x17:0x00000000  x7=0x00000000
       6435.000 ns	       642	800003c8	024fc6b3	div	x13,x31,x4	 x31:0x00000001  x4:0x00000783 x13=0x00000000
       6455.000 ns	       644	800003cc	0199a0b3	slt	x1,x19,x25	 x19:0x00000000 x25:0x7f800000  x1=0x00000001
       6465.000 ns	       645	800003d0	00207d33	and	x26,x0,x2	  x0:0x00000000  x2:0x00000000 x26=0x00000000
       6495.000 ns	       648	800003d4	1044b9d3	fmul.s	f19,f9,f4	  f9:0x7f800000  f4:0x80000000 f19=0x7fc00000
       6525.000 ns	       651	800003d8	d00b1c53	fcvt.s.w	f24,x22	 x22:0xeda886fa f24=0xcd92bbc8
       6545.000 ns	       653	800003dc	cb77a893	slti	x17,x15,-841	 x15:0x00000000 x17=0x00000000
       6555.000 ns	       654	800003e0	a85b0f93	addi	x31,x22,-1403	 x22:0xeda886fa x31=0xeda8817f
       6565.000 ns	       655	800003e4	41615133	sra	x2,x2,x22	  x2:0x00000000 x22:0xeda886fa  x2=0x00000000
       6925.000 ns	       691	800003e8	039640b3	div	x1,x12,x25	 x12:0x00000000 x25:0x7f800000  x1=0x00000000
       6945.000 ns	       693	800003ec	9fc02893	slti	x17,x0,-1540	  x0:0x00000000 x17=0x00000000
       6975.000 ns	       696	800003f0	19abffd3	fdiv.s	f31,f23,f26	 f23:0x7f800001 f26:0xff800000 f31=0x7fc00000
       7015.000 ns	       700	800003f4	18ed9e53	fdiv.s	f28,f27,f14	 f27:0x7f800000 f14:0xff800000 f28=0x7fc00000
       7035.000 ns	       702	800003f8	40265413	srai	x8,x12,0x2	 x12:0x00000000  x8=0x00000000
       7045.000 ns	       703	800003fc	00641693	slli	x13,x8,0x6	  x8:0x80000000 x13=0x00000000
       7085.000 ns	       707	80000400	0096ffd3	fadd.s	f31,f13,f9	 f13:0xff800000  f9:0x7f800000 f31=0x00000000
       7115.000 ns	       710	80000404	a0f18653	fle.s	x12,f3,f15	  f3:0x7f800000 f15:0x41500000 x12=0x00000000
       7135.000 ns	       712	80000408	418f0633	sub	x12,x30,x24	 x30:0x000006bf x24:0x00000000 x12=0x000006bf
       7155.000 ns	       714	8000040c	03603bb3	mulhu	x23,x0,x22	  x0:0x00000000 x22:0xeda886fa x23=0x00000000
       7185.000 ns	       717	80000410	20868953	fsgnj.s	f18,f13,f8	 f13:0xff800000  f8:0x7f800000 f18=0x7f800000
       7205.000 ns	       719	80000414	00000013	addi	x0,x0,0	  x0:0x00000000
       7225.000 ns	       721	80000418	c00b4053	fcvt.w.s	x0,f22	 f22:0xff800000
       7275.000 ns	       726	8000041c	009a7dd3	fadd.s	f27,f20,f9	 f20:0x7f800000  f9:0x7f800000 f27=0x00000000
       7295.000 ns	       728	80000420	00dda233	slt	x4,x27,x13	 x27:0x0000000d x13:0x00000000  x4=0x00000000
       7315.000 ns	       730	80000424	29e491d3	fmax.s	f3,f9,f30	  f9:0x7f800000 f30:0x7fc00000  f3=0x7f800000
       7345.000 ns	       733	80000428	21741e53	fsgnjn.s	f28,f8,f23	  f8:0x7f800000 f23:0x7f800001 f28=0xff800000
       7375.000 ns	       736	8000042c	a05893d3	flt.s	x7,f17,f5	 f17:0x7f800001  f5:0x80000000  x7=0x00000000
       7395.000 ns	       738	80000430	b3500913	addi	x18,x0,-1227	  x0:0x00000000 x18=0xfffffb35
       7415.000 ns	       740	80000434	e00e0d53	fmv.x.w	x26,f28	 f28:0xff800000 x26=0xff800000
       7435.000 ns	       742	80000438	40f5db33	sra	x22,x11,x15	 x11:0x00081fcc x15:0x00000000 x22=0x00081fcc
       7455.000 ns	       744	8000043c	21d300d3	fsgnj.s	f1,f6,f29	  f6:0xff800000 f29:0xff800000  f1=0xff800000
       7475.000 ns	       746	80000440	010a3633	sltu	x12,x20,x16	 x20:0x80041024 x16:0x80040fe4 x12=0x00000000
       7485.000 ns	       747	80000444	41080b33	sub	x22,x16,x16	 x16:0x80040fe4 x16:0x80040fe4 x22=0x00000000
       7505.000 ns	       749	80000448	a12f9e53	flt.s	x28,f31,f18	 f31:0x00000000 f18:0x7f800000 x28=0x00000001
       7555.000 ns	       754	8000044c	01f17ed3	fadd.s	f29,f2,f31	  f2:0x80000000 f31:0x00000000 f29=0x00000000
       7585.000 ns	       757	80000450	03e52b33	mulhsu	x22,x10,x30	 x10:0xffffffff x30:0x000006bf x22=0xffffffff
       7615.000 ns	       760	80000454	a10b2953	feq.s	x18,f22,f16	 f22:0xff800000 f16:0x4f00040f x18=0x00000000
       7635.000 ns	       762	80000458	01741c33	sll	x24,x8,x23	  x8:0x00000000 x23:0x00000000 x24=0x00000000
       7645.000 ns	       763	8000045c	40d15393	srai	x7,x2,0xd	  x2:0x00000000  x7=0x00000000
       7655.000 ns	       764	80000460	00cc2cb3	slt	x25,x24,x12	 x24:0x00000000 x12:0x00000000 x25=0x00000000
       7665.000 ns	       765	80000464	b3ef2a93	slti	x21,x30,-1218	 x30:0x000006bf x21=0x00000000
       7685.000 ns	       767	80000468	02619333	mulh	x6,x3,x6	  x3:0x00000001  x6:0x00000001  x6=0x00000000
       7705.000 ns	       769	8000046c	531cb693	sltiu	x13,x25,1329	 x25:0x00000000 x13=0x00000001
       7715.000 ns	       770	80000470	181a8113	addi	x2,x21,385	 x21:0x00000000  x2=0x00000181
       7735.000 ns	       772	80000474	20351c53	fsgnjn.s	f24,f10,f3	 f10:0x80000000  f3:0x7f800000 f24=0x80000000
       7765.000 ns	       775	80000478	d01741d3	fcvt.s.wu	f3,x14	 x14:0x72cb4a24  f3=0x4ee59694
       7785.000 ns	       777	8000047c	01ec9db3	sll	x27,x25,x30	 x25:0x00000000 x30:0x000006bf x27=0x00000000
       7795.000 ns	       778	80000480	002a30b3	sltu	x1,x20,x2	 x20:0x80041024  x2:0x00000181  x1=0x00000000
       7805.000 ns	       779	80000484	00c14c33	xor	x24,x2,x12	  x2:0x00000181 x12:0x00000000 x24=0x00000181
       7825.000 ns	       781	80000488	f0068353	fmv.w.x	f6,x13	 x13:0x00000001  f6=0x00000001
       7865.000 ns	       785	8000048c	580efcd3	fsqrt.s	f25,f29	 f29:0x00000000 f25=0x00000000
       7885.000 ns	       787	80000490	009bbb33	sltu	x22,x23,x9	 x23:0x00000000  x9:0x00000001 x22=0x00000001
       8245.000 ns	       823	80000494	03af6033	rem	x0,x30,x26	 x30:0x000006bf x26:0xff800000
       8265.000 ns	       825	80000498	006ba433	slt	x8,x23,x6	 x23:0x00000000  x6:0x00000000  x8=0x00000000
       8285.000 ns	       827	8000049c	e00d9bd3	fclass.s	x23,f27	 f27:0x00000000 x23=0x00000010
       8305.000 ns	       829	800004a0	00aa1313	slli	x6,x20,0xa	 x20:0x80041024  x6=0x10409000
       8325.000 ns	       831	800004a4	02af3233	mulhu	x4,x30,x10	 x30:0x000006bf x10:0xffffffff  x4=0x000006be
       8345.000 ns	       833	800004a8	012a5d93	srli	x27,x20,0x12	 x20:0x80041024 x27=0x00002001
       8355.000 ns	       834	800004ac	327a0913	addi	x18,x20,807	 x20:0x80041024 x18=0x8004134b
       8375.000 ns	       836	800004b0	c01b74d3	fcvt.wu.s	x9,f22	 f22:0xff800000  x9=0x00000000
       8415.000 ns	       840	800004b4	105a76d3	fmul.s	f13,f20,f5	 f20:0x7f800000  f5:0x80000000 f13=0x7fc00000
       8435.000 ns	       842	800004b8	065f2b93	slti	x23,x30,101	 x30:0x000006bf x23=0x00000000
       8455.000 ns	       844	800004bc	d00f7e53	fcvt.s.w	f28,x30	 x30:0x000006bf f28=0x44d7e000
       8495.000 ns	       848	800004c0	192676d3	fdiv.s	f13,f12,f18	 f12:0x7f800001 f18:0x7f800000 f13=0x7fc00000
       8515.000 ns	       850	800004c4	0104aeb3	slt	x29,x9,x16	  x9:0x00000000 x16:0x80040fe4 x29=0x00000000
       8525.000 ns	       851	800004c8	41790db3	sub	x27,x18,x23	 x18:0x8004134b x23:0x00000000 x27=0x8004134b
       8535.000 ns	       852	800004cc	008b6933	or	x18,x22,x8	 x22:0x00000001  x8:0x00000000 x18=0x00000001
       8545.000 ns	       853	800004d0	ac206cb7	lui	x25,0xac206	 x25=0xac206000
       8555.000 ns	       854	800004d4	008122b3	slt	x5,x2,x8	  x2:0x00000181  x8:0x00000000  x5=0x00000000
       8575.000 ns	       856	800004d8	031845b3	div	x11,x16,x17	 x16:0x80040fe4 x17:0x00000000 x11=0xffffffff
       8605.000 ns	       859	800004dc	f00384d3	fmv.w.x	f9,x7	  x7:0x00000000  f9=0x00000000
       8645.000 ns	       863	800004e0	11acf2d3	fmul.s	f5,f25,f26	 f25:0x00000000 f26:0xff800000  f5=0x7fc00000
       8665.000 ns	       865	800004e4	01789233	sll	x4,x17,x23	 x17:0x00000000 x23:0x00000000  x4=0x00000000
       8685.000 ns	       867	800004e8	02ac20b3	mulhsu	x1,x24,x10	 x24:0x00000181 x10:0xffffffff  x1=0x00000180
       8705.000 ns	       869	800004ec	5274cdb7	lui	x27,0x5274c	 x27=0x5274c000
       8715.000 ns	       870	800004f0	00b53f33	sltu	x30,x10,x11	 x10:0xffffffff x11:0xffffffff x30=0x00000000
       8725.000 ns	       871	800004f4	003b9233	sll	x4,x23,x3	 x23:0x00000000  x3:0x00000001  x4=0x00000000
       8745.000 ns	       873	800004f8	c00b70d3	fcvt.w.s	x1,f22	 f22:0xff800000  x1=0x80000000
       8775.000 ns	       876	800004fc	f0008c53	fmv.w.x	f24,x1	  x1:0x00000180 f24=0x80000000
       8795.000 ns	       878	80000500	01f25333	srl	x6,x4,x31	  x4:0x00000000 x31:0xeda8817f  x6=0x00000000
       8805.000 ns	       879	80000504	01675213	srli	x4,x14,0x16	 x14:0x72cb4a24  x4=0x000001cb
       8825.000 ns	       881	80000508	02c84cb3	div	x25,x16,x12	 x16:0x80040fe4 x12:0x00000000 x25=0xffffffff
       8845.000 ns	       883	8000050c	d78bee93	ori	x29,x23,-648	 x23:0x00000000 x29=0xfffffd78
       8875.000 ns	       886	80000510	11464253	fmul.s	f4,f12,f20	 f12:0x7f800001 f20:0x7f800000  f4=0x7fc00000
       8895.000 ns	       888	80000514	177f6413	ori	x8,x30,375	 x30:0x00000000  x8=0x00000177
       8905.000 ns	       889	80000518	e9144693	xori	x13,x8,-367	  x8:0x00000000 x13=0xffffffe6
       8915.000 ns	       890	8000051c	013e9333	sll	x6,x29,x19	 x29:0xfffffd78 x19:0x00000000  x6=0xfffffd78
       8925.000 ns	       891	80000520	00eb9d13	slli	x26,x23,0xe	 x23:0x00000000 x26=0x00000000
       8935.000 ns	       892	80000524	407f0fb3	sub	x31,x30,x7	 x30:0x00000000  x7:0x00000000 x31=0x00000000
       8955.000 ns	       894	80000528	209c83d3	fsgnj.s	f7,f25,f9	 f25:0x00000000  f9:0x00000000  f7=0x00000000
       8975.000 ns	       896	8000052c	6561ae13	slti	x28,x3,1622	  x3:0x00000001 x28=0x00000001
       8985.000 ns	       897	80000530	309d3eb7	lui	x29,0x309d3	 x29=0x309d3000
       8995.000 ns	       898	80000534	7f897493	andi	x9,x18,2040	 x18:0x00000001  x9=0x00000000
       9015.000 ns	       900	80000538	e00803d3	fmv.x.w	x7,f16	 f16:0x4f00040f  x7=0x4f00040f
       9035.000 ns	       902	8000053c	e1208e93	addi	x29,x1,-494	  x1:0x80000000 x29=0x7ffffe12
       9045.000 ns	       903	80000540	010e04b3	add	x9,x28,x16	 x28:0x00000001 x16:0x80040fe4  x9=0x80040fe5
       9055.000 ns	       904	80000544	633df913	andi	x18,x27,1587	 x27:0x5274c000 x18=0x00000000
       9065.000 ns	       905	80000548	00000013	addi	x0,x0,0	  x0:0x00000000
       9425.000 ns	       941	8000054c	0301c6b3	div	x13,x3,x16	  x3:0x00000001 x16:0x80040fe4 x13=0x00000000
       9445.000 ns	       943	80000550	00236db3	or	x27,x6,x2	  x6:0xfffffd78  x2:0x00000181 x27=0xfffffdf9
       9455.000 ns	       944	80000554	4d2e3d17	auipc	x26,0x4d2e3	 x26=0xcd2e3554
       9475.000 ns	       946	80000558	20e88753	fsgnj.s	f14,f17,f14	 f17:0x7f800001 f14:0xff800000 f14=0xff800001
       9495.000 ns	       948	8000055c	00f21f13	slli	x30,x4,0xf	  x4:0x000001cb x30=0x00e58000
       9505.000 ns	       949	80000560	32e6e213	ori	x4,x13,814	 x13:0x00000000  x4=0x0000032e
       9525.000 ns	       951	80000564	03ffc533	div	x10,x31,x31	 x31:0x00000000 x31:0x00000000 x10=0xffffffff
       9545.000 ns	       953	80000568	4188db13	srai	x22,x17,0x18	 x17:0x00000000 x22=0x00000000
       9585.000 ns	       957	8000056c	08d672d3	fsub.s	f5,f12,f13	 f12:0x7f800001 f13:0x7fc00000  f5=0x7fc00000
       9615.000 ns	       960	80000570	213f2b53	fsgnjx.s	f22,f30,f19	 f30:0x7fc00000 f19:0x7fc00000 f22=0x7fc00000
       9645.000 ns	       963	80000574	a0f89ad3	flt.s	x21,f17,f15	 f17:0x7f800001 f15:0x41500000 x21=0x00000000
       9675.000 ns	       966	80000578	02df9cb3	mulh	x25,x31,x13	 x31:0x00000000 x13:0x00000000 x25=0x00000000
       9705.000 ns	       969	8000057c	c00b32d3	fcvt.w.s	x5,f22	 f22:0x7fc00000  x5=0x7fffffff
       9745.000 ns	       973	80000580	19a3f3d3	fdiv.s	f7,f7,f26	  f7:0x00000000 f26:0xff800000  f7=0x80000000
       9775.000 ns	       976	80000584	03851533	mulh	x10,x10,x24	 x10:0xffffffff x24:0x00000181 x10=0xffffffff
       9795.000 ns	       978	80000588	01429993	slli	x19,x5,0x14	  x5:0x7fffffff x19=0xfff00000
       9805.000 ns	       979	8000058c	cfc31fb7	lui	x31,0xcfc31	 x31=0xcfc31000
       9825.000 ns	       981	80000590	02e90bb3	mul	x23,x18,x14	 x18:0x00000000 x14:0x72cb4a24 x23=0x00000000
       9845.000 ns	       983	80000594	013c02b3	add	x5,x24,x19	 x24:0x00000181 x19:0xfff00000  x5=0xfff00181
       9855.000 ns	       984	80000598	00763333	sltu	x6,x12,x7	 x12:0x00000000  x7:0x4f00040f  x6=0x00000001
       9885.000 ns	       987	8000059c	10b916d3	fmul.s	f13,f18,f11	 f18:0x7f800000 f11:0x800fb94f f13=0xff800000
       9915.000 ns	       990	800005a0	03719633	mulh	x12,x3,x23	  x3:0x00000001 x23:0x00000000 x12=0x00000000
       9945.000 ns	       993	800005a4	a0190ed3	fle.s	x29,f18,f1	 f18:0x7f800000  f1:0xff800000 x29=0x00000000
       9975.000 ns	       996	800005a8	21e98153	fsgnj.s	f2,f19,f30	 f19:0x7fc00000 f30:0x7fc00000  f2=0x7fc00000
       9995.000 ns	       998	800005ac	00e6f433	and	x8,x13,x14	 x13:0x00000000 x14:0x72cb4a24  x8=0x00000000
      10005.000 ns	       999	800005b0	00095533	srl	x10,x18,x0	 x18:0x00000000  x0:0x00000000 x10=0x00000000
      10025.000 ns	      1001	800005b4	d00ffdd3	fcvt.s.w	f27,x31	 x31:0xcfc31000 f27=0xce40f3c0
      10055.000 ns	      1004	800005b8	c00e05d3	fcvt.w.s	x11,f28	 f28:0x44d7e000 x11=0x000006bf
      10105.000 ns	      1009	800005bc	0991fc53	fsub.s	f24,f3,f25	  f3:0x4ee59694 f25:0x00000000 f24=0x4ee59694
      10125.000 ns	      1011	800005c0	714843b7	lui	x7,0x71484	  x7=0x71484000
      10145.000 ns	      1013	800005c4	29069cd3	fmax.s	f25,f13,f16	 f13:0xff800000 f16:0x4f00040f f25=0x4f00040f
      10175.000 ns	      1016	800005c8	28ac81d3	fmin.s	f3,f25,f10	 f25:0x00000000 f10:0x80000000  f3=0x80000000
      10205.000 ns	      1019	800005cc	21958253	fsgnj.s	f4,f11,f25	 f11:0x800fb94f f25:0x4f00040f  f4=0x000fb94f
      10225.000 ns	      1021	800005d0	3deda3b7	lui	x7,0x3deda	  x7=0x3deda000
      10245.000 ns	      1023	800005d4	029ba333	mulhsu	x6,x23,x9	 x23:0x00000000  x9:0x80040fe5  x6=0x00000000
      10615.000 ns	      1060	800005d8	033167b3	rem	x15,x2,x19	  x2:0x00000181 x19:0xfff00000 x15=0x00000181
      10635.000 ns	      1062	800005dc	015afd33	and	x26,x21,x21	 x21:0x00000000 x21:0x00000000 x26=0x00000000
      10655.000 ns	      1064	800005e0	02a74133	div	x2,x14,x10	 x14:0x72cb4a24 x10:0x00000000  x2=0xffffffff
      10685.000 ns	      1067	800005e4	219006d3	fsgnj.s	f13,f0,f25	  f0:0x7fc00000 f25:0x4f00040f f13=0x7fc00000
      10705.000 ns	      1069	800005e8	00f3ec33	or	x24,x7,x15	  x7:0x3deda000 x15:0x00000181 x24=0x3deda181
      10725.000 ns	      1071	800005ec	28dc1553	fmax.s	f10,f24,f13	 f24:0x4ee59694 f13:0x7fc00000 f10=0x4ee59694
      10775.000 ns	      1076	800005f0	01a5f0d3	fadd.s	f1,f11,f26	 f11:0x800fb94f f26:0xff800000  f1=0xff800000
      10805.000 ns	      1079	800005f4	f0038053	fmv.w.x	f0,x7	  x7:0x3deda000  f0=0x3deda000
      10835.000 ns	      1082	800005f8	d00b7153	fcvt.s.w	f2,x22	 x22:0x00000000  f2=0x00000000
      10865.000 ns	      1085	800005fc	e0088ed3	fmv.x.w	x29,f17	 f17:0x7f800001 x29=0x7f800001
      10895.000 ns	      1088	80000600	28181553	fmax.s	f10,f16,f1	 f16:0x4f00040f  f1:0xff800000 f10=0x4f00040f
      10925.000 ns	      1091	80000604	028f54b3	divu	x9,x30,x8	 x30:0x00e58000  x8:0x00000000  x9=0xffffffff
      10945.000 ns	      1093	80000608	0df0aa97	auipc	x21,0xdf0a	 x21=0x8df0a608
      10965.000 ns	      1095	8000060c	c01aaad3	fcvt.wu.s	x21,f21	 f21:0x7f800000 x21=0xffffffff
      10985.000 ns	      1097	80000610	00567533	and	x10,x12,x5	 x12:0x00000000  x5:0xfff00181 x10=0x00000000
      11005.000 ns	      1099	80000614	02ac1033	mulh	x0,x24,x10	 x24:0x3deda181 x10:0x00000000
      11035.000 ns	      1102	80000618	a10a8953	fle.s	x18,f21,f16	 f21:0x7f800000 f16:0x4f00040f x18=0x00000000
      11055.000 ns	      1104	8000061c	004e0133	add	x2,x28,x4	 x28:0x00000001  x4:0x0000032e  x2=0x0000032f
      11075.000 ns	      1106	80000620	20d218d3	fsgnjn.s	f17,f4,f13	  f4:0x000fb94f f13:0x7fc00000 f17=0x800fb94f
      11125.000 ns	      1111	80000624	09b49c53	fsub.s	f24,f9,f27	  f9:0x00000000 f27:0xce40f3c0 f24=0x4e40f3c0
      11155.000 ns	      1114	80000628	023c98b3	mulh	x17,x25,x3	 x25:0x00000000  x3:0x00000001 x17=0x00000000
      11175.000 ns	      1116	8000062c	01be19b3	sll	x19,x28,x27	 x28:0x00000001 x27:0xfffffdf9 x19=0x02000000
      11185.000 ns	      1117	80000630	010ebb33	sltu	x22,x29,x16	 x29:0x7f800001 x16:0x80040fe4 x22=0x00000001
      11205.000 ns	      1119	80000634	20640453	fsgnj.s	f8,f8,f6	  f8:0x7f800000  f6:0x00000001  f8=0x7f800000
      11255.000 ns	      1124	80000638	08e320d3	fsub.s	f1,f6,f14	  f6:0x00000001 f14:0xff800001  f1=0x7fc00000
      11285.000 ns	      1127	8000063c	a0b40ed3	fle.s	x29,f8,f11	  f8:0x7f800000 f11:0x800fb94f x29=0x00000000
      11315.000 ns	      1130	80000640	a0868353	fle.s	x6,f13,f8	 f13:0x7fc00000  f8:0x7f800000  x6=0x00000000
      11345.000 ns	      1133	80000644	29098cd3	fmin.s	f25,f19,f16	 f19:0x7fc00000 f16:0x4f00040f f25=0x4f00040f
      11385.000 ns	      1137	80000648	5809f8d3	fsqrt.s	f17,f19	 f19:0x7fc00000 f17=0x7fc00000
      11415.000 ns	      1140	8000064c	c0067c53	fcvt.w.s	x24,f12	 f12:0x7f800001 x24=0x7fffffff
      11445.000 ns	      1143	80000650	20e58ad3	fsgnj.s	f21,f11,f14	 f11:0x800fb94f f14:0xff800001 f21=0x800fb94f
      11475.000 ns	      1146	80000654	c0152dd3	fcvt.wu.s	x27,f10	 f10:0x4f00040f x27=0x80040f00
      11505.000 ns	      1149	80000658	f00b0ed3	fmv.w.x	f29,x22	 x22:0x00000001 f29=0x00000001
      11555.000 ns	      1154	8000065c	01c6f753	fadd.s	f14,f13,f28	 f13:0x7fc00000 f28:0x44d7e000 f14=0x7fc00000
      11585.000 ns	      1157	80000660	c01177d3	fcvt.wu.s	x15,f2	  f2:0x00000000 x15=0x00000000
      11615.000 ns	      1160	80000664	a0241dd3	flt.s	x27,f8,f2	  f8:0x7f800000  f2:0x00000000 x27=0x00000000
      11645.000 ns	      1163	80000668	03dc09b3	mul	x19,x24,x29	 x24:0x7fffffff x29:0x00000000 x19=0x00000000
      11665.000 ns	      1165	8000066c	c6a13b13	sltiu	x22,x2,-918	  x2:0x0000032f x22=0x00000001
      11675.000 ns	      1166	80000670	73c57f93	andi	x31,x10,1852	 x10:0x00000000 x31=0x00000000
      11715.000 ns	      1170	80000674	008579d3	fadd.s	f19,f10,f8	 f10:0x4f00040f  f8:0x7f800000 f19=0x7f800000
      11735.000 ns	      1172	80000678	fac22113	slti	x2,x4,-84	  x4:0x0000032e  x2=0x00000000
      11745.000 ns	      1173	8000067c	0001a533	slt	x10,x3,x0	  x3:0x00000001  x0:0x00000000 x10=0x00000000
      12105.000 ns	      1209	80000680	0308de33	divu	x28,x17,x16	 x17:0x00000000 x16:0x80040fe4 x28=0x00000000
      12125.000 ns	      1211	80000684	4103da93	srai	x21,x7,0x10	  x7:0x3deda000 x21=0x00003ded
      12135.000 ns	      1212	80000688	00e01eb3	sll	x29,x0,x14	  x0:0x00000000 x14:0x72cb4a24 x29=0x00000000
      12155.000 ns	      1214	8000068c	2107ad53	fsgnjx.s	f26,f15,f16	 f15:0x41500000 f16:0x4f00040f f26=0x41500000
      12195.000 ns	      1218	80000690	117c7cd3	fmul.s	f25,f24,f23	 f24:0x4e40f3c0 f23:0x7f800001 f25=0x7fc00000
      12215.000 ns	      1220	80000694	004d2433	slt	x8,x26,x4	 x26:0x00000000  x4:0x0000032e  x8=0x00000001
      12575.000 ns	      1256	80000698	02eafab3	remu	x21,x21,x14	 x21:0x00003ded x14:0x72cb4a24 x21=0x00003ded
      12615.000 ns	      1260	8000069c	11ccf553	fmul.s	f10,f25,f28	 f25:0x7fc00000 f28:0x44d7e000 f10=0x7fc00000
      12635.000 ns	      1262	800006a0	400489b3	sub	x19,x9,x0	  x9:0xffffffff  x0:0x00000000 x19=0xffffffff
      12655.000 ns	      1264	800006a4	f00a0fd3	fmv.w.x	f31,x20	 x20:0x80041024 f31=0x80041024
      12685.000 ns	      1267	800006a8	02feadb3	mulhsu	x27,x29,x15	 x29:0x00000000 x15:0x00000000 x27=0x00000000
      12705.000 ns	      1269	800006ac	c314f793	andi	x15,x9,-975	  x9:0xffffffff x15=0xfffffc31
      12725.000 ns	      1271	800006b0	03fc1133	mulh	x2,x24,x31	 x24:0x7fffffff x31:0x00000000  x2=0x00000000
      12745.000 ns	      1273	800006b4	01cb91b3	sll	x3,x23,x28	 x23:0x00000000 x28:0x00000000  x3=0x00000000
      12755.000 ns	      1274	800006b8	8faa7d93	andi	x27,x20,-1798	 x20:0x80041024 x27=0x80041020
      12765.000 ns	      1275	800006bc	00000013	addi	x0,x0,0	  x0:0x00000000
      12785.000 ns	      1277	800006c0	a1caa353	feq.s	x6,f21,f28	 f21:0x800fb94f f28:0x44d7e000  x6=0x00000000
      12805.000 ns	      1279	800006c4	2476a693	slti	x13,x13,583	 x13:0x00000000 x13=0x00000001
      12815.000 ns	      1280	800006c8	0067ecb3	or	x25,x15,x6	 x15:0xfffffc31  x6:0x00000000 x25=0xfffffc31
      12835.000 ns	      1282	800006cc	293d9c53	fmax.s	f24,f27,f19	 f27:0xce40f3c0 f19:0x7f800000 f24=0x7f800000
      13205.000 ns	      1319	800006d0	034e5633	divu	x12,x28,x20	 x28:0x00000000 x20:0x80041024 x12=0x00000000
      13225.000 ns	      1321	800006d4	019da333	slt	x6,x27,x25	 x27:0x80041020 x25:0xfffffc31  x6=0x00000001
      13245.000 ns	      1323	800006d8	21e30bd3	fsgnj.s	f23,f6,f30	  f6:0x00000001 f30:0x7fc00000 f23=0x00000001
      13265.000 ns	      1325	800006dc	00000013	addi	x0,x0,0	  x0:0x00000000
      13275.000 ns	      1326	800006e0	952e2193	slti	x3,x28,-1710	 x28:0x00000000  x3=0x00000000
      13635.000 ns	      1362	800006e4	03334533	div	x10,x6,x19	  x6:0x00000001 x19:0xffffffff x10=0xffffffff
      13655.000 ns	      1364	800006e8	00000013	addi	x0,x0,0	  x0:0x00000000
      13665.000 ns	      1365	800006ec	019539b3	sltu	x19,x10,x25	 x10:0xffffffff x25:0xfffffc31 x19=0x00000000
      13675.000 ns	      1366	800006f0	0115d4b3	srl	x9,x11,x17	 x11:0x000006bf x17:0x00000000  x9=0x000006bf
      13695.000 ns	      1368	800006f4	03009f33	mulh	x30,x1,x16	  x1:0x80000000 x16:0x80040fe4 x30=0x3ffdf80e
      13715.000 ns	      1370	800006f8	406cee13	ori	x28,x25,1030	 x25:0xfffffc31 x28=0xfffffc37
      13725.000 ns	      1371	800006fc	00000013	addi	x0,x0,0	  x0:0x00000000
      13735.000 ns	      1372	80000700	0142dc93	srli	x25,x5,0x14	  x5:0xfff00181 x25=0x00000fff
      13745.000 ns	      1373	80000704	405ddf93	srai	x31,x27,0x5	 x27:0x80041020 x31=0xfc002081
      13785.000 ns	      1377	80000708	00de7e53	fadd.s	f28,f28,f13	 f28:0x44d7e000 f13:0x7fc00000 f28=0x7fc00000
      13805.000 ns	      1379	8000070c	004426b3	slt	x13,x8,x4	  x8:0x00000001  x4:0x0000032e x13=0x00000001
      13815.000 ns	      1380	80000710	004b2333	slt	x6,x22,x4	 x22:0x00000001  x4:0x0000032e  x6=0x00000001
      13825.000 ns	      1381	80000714	1a26bc17	auipc	x24,0x1a26b	 x24=0x9a26b714
      13835.000 ns	      1382	80000718	01294bb3	xor	x23,x18,x18	 x18:0x00000000 x18:0x00000000 x23=0x00000000
      13845.000 ns	      1383	8000071c	006624b3	slt	x9,x12,x6	 x12:0x00000000  x6:0x00000001  x9=0x00000001
      13865.000 ns	      1385	80000720	02da84b3	mul	x9,x21,x13	 x21:0x00003ded x13:0x00000001  x9=0x00003ded
      13895.000 ns	      1388	80000724	f00b0a53	fmv.w.x	f20,x22	 x22:0x00000001 f20=0x00000001
      13915.000 ns	      1390	80000728	17523c93	sltiu	x25,x4,373	  x4:0x0000032e x25=0x00000000
      13925.000 ns	      1391	8000072c	4110d193	srai	x3,x1,0x11	  x1:0x80000000  x3=0xffffc000
      13945.000 ns	      1393	80000730	a0b89553	flt.s	x10,f17,f11	 f17:0x7fc00000 f11:0x800fb94f x10=0x00000000
      14315.000 ns	      1430	80000734	02ede033	rem	x0,x27,x14	 x27:0x80041020 x14:0x72cb4a24
      14335.000 ns	      1432	80000738	01790fb3	add	x31,x18,x23	 x18:0x00000000 x23:0x00000000 x31=0x00000000
      14355.000 ns	      1434	8000073c	e0070d53	fmv.x.w	x26,f14	 f14:0x7fc00000 x26=0x7fc00000
      14385.000 ns	      1437	80000740	e0061353	fclass.s	x6,f12	 f12:0x7f800001  x6=0x00000100
      14405.000 ns	      1439	80000744	02846093	ori	x1,x8,40	  x8:0x00000001  x1=0x00000029
      14415.000 ns	      1440	80000748	b2bd4c93	xori	x25,x26,-1237	 x26:0x7fc00000 x25=0x803ffb2b
      14435.000 ns	      1442	8000074c	d00bf453	fcvt.s.w	f8,x23	 x23:0x00000000  f8=0x00000000
      14455.000 ns	      1444	80000750	a194f293	andi	x5,x9,-1511	  x9:0x00003ded  x5=0x00003809
      14465.000 ns	      1445	80000754	01d72f33	slt	x30,x14,x29	 x14:0x72cb4a24 x29:0x00000000 x30=0x00000000
      14475.000 ns	      1446	80000758	cac22993	slti	x19,x4,-852	  x4:0x0000032e x19=0x00000000
      14505.000 ns	      1449	8000075c	1068a7d3	fmul.s	f15,f17,f6	 f17:0x7fc00000  f6:0x00000001 f15=0x7fc00000
      14545.000 ns	      1453	80000760	1859a553	fdiv.s	f10,f19,f5	 f19:0x7f800000  f5:0x7fc00000 f10=0x7fc00000
      14575.000 ns	      1456	80000764	0338e4b3	rem	x9,x17,x19	 x17:0x00000000 x19:0x00000000  x9=0x00000000
      14595.000 ns	      1458	80000768	008651b3	srl	x3,x12,x8	 x12:0x00000000  x8:0x00000001  x3=0x00000000
      14955.000 ns	      1494	8000076c	026afd33	remu	x26,x21,x6	 x21:0x00003ded  x6:0x00000100 x26=0x000000ed
      14975.000 ns	      1496	80000770	97e03093	sltiu	x1,x0,-1666	  x0:0x00000000  x1=0x00000001
      15335.000 ns	      1532	80000774	028478b3	remu	x17,x8,x8	  x8:0x00000001  x8:0x00000001 x17=0x00000000
      15355.000 ns	      1534	80000778	015eed33	or	x26,x29,x21	 x29:0x00000000 x21:0x00003ded x26=0x00003ded
      15375.000 ns	      1536	8000077c	a17e1153	flt.s	x2,f28,f23	 f28:0x7fc00000 f23:0x00000001  x2=0x00000000
      15405.000 ns	      1539	80000780	c0060553	fcvt.w.s	x10,f12	 f12:0x7f800001 x10=0x7fffffff
      15425.000 ns	      1541	80000784	008599b3	sll	x19,x11,x8	 x11:0x000006bf  x8:0x00000001 x19=0x00000d7e
      15435.000 ns	      1542	80000788	002af7b3	and	x15,x21,x2	 x21:0x00003ded  x2:0x00000000 x15=0x00000000
      15445.000 ns	      1543	8000078c	913c0517	auipc	x10,0x913c0	 x10=0x113c078c
      15465.000 ns	      1545	80000790	219e2d53	fsgnjx.s	f26,f28,f25	 f28:0x7fc00000 f25:0x7fc00000 f26=0x7fc00000
      15515.000 ns	      1550	80000794	0006f6d3	fadd.s	f13,f13,f0	 f13:0x7fc00000  f0:0x3deda000 f13=0x7fc00000
      15535.000 ns	      1552	80000798	efdd2c13	slti	x24,x26,-259	 x26:0x00003ded x24=0x00000000
      16705.000 ns	      1669	8000079c	58037753	fsqrt.s	f14,f6	  f6:0x00000001 f14=0x1f350483
      16725.000 ns	      1671	800007a0	62598013	addi	x0,x19,1573	 x19:0x00000d7e
      16735.000 ns	      1672	800007a4	51714093	xori	x1,x2,1303	  x2:0x00000000  x1=0x00000517
      16755.000 ns	      1674	800007a8	28641853	fmax.s	f16,f8,f6	  f8:0x00000000  f6:0x00000001 f16=0x00000001
      16785.000 ns	      1677	800007ac	201e1a53	fsgnjn.s	f20,f28,f1	 f28:0x7fc00000  f1:0x7fc00000 f20=0xffc00000
      16825.000 ns	      1681	800007b0	580f3fd3	fsqrt.s	f31,f30	 f30:0x7fc00000 f31=0x7fc00000
      16855.000 ns	      1684	800007b4	f0060053	fmv.w.x	f0,x12	 x12:0x00000000  f0=0x00000000
      16885.000 ns	      1687	800007b8	e00e98d3	fclass.s	x17,f29	 f29:0x00000001 x17=0x00000020
      16905.000 ns	      1689	800007bc	01cd5913	srli	x18,x26,0x1c	 x26:0x00003ded x18=0x00000000
      16915.000 ns	      1690	800007c0	bc5a3b93	sltiu	x23,x20,-1083	 x20:0x80041024 x23=0x00000001
      16935.000 ns	      1692	800007c4	023c89b3	mul	x19,x25,x3	 x25:0x803ffb2b  x3:0x00000000 x19=0x00000000
      16965.000 ns	      1695	800007c8	f0088f53	fmv.w.x	f30,x17	 x17:0x00000020 f30=0x00000020
      16985.000 ns	      1697	800007cc	76e06593	ori	x11,x0,1902	  x0:0x00000000 x11=0x0000076e
      16995.000 ns	      1698	800007d0	00012233	slt	x4,x2,x0	  x2:0x00000000  x0:0x00000000  x4=0x00000000
      17005.000 ns	      1699	800007d4	00000013	addi	x0,x0,0	  x0:0x00000000
      17015.000 ns	      1700	800007d8	00918233	add	x4,x3,x9	  x3:0x00000000  x9:0x00000000  x4=0x00000000
      17025.000 ns	      1701	800007dc	5aba2b13	slti	x22,x20,1451	 x20:0x80041024 x22=0x00000001
      17035.000 ns	      1702	800007e0	b2a40113	addi	x2,x8,-1238	  x8:0x00000001  x2=0xfffffb2b
      17055.000 ns	      1704	800007e4	d005f253	fcvt.s.w	f4,x11	 x11:0x0000076e  f4=0x44edc000
      17085.000 ns	      1707	800007e8	c008fcd3	fcvt.w.s	x25,f17	 f17:0x7fc00000 x25=0x7fffffff
      17105.000 ns	      1709	800007ec	f71d6493	ori	x9,x26,-143	 x26:0x00003ded  x9=0xfffffffd
      17125.000 ns	      1711	800007f0	20081253	fsgnjn.s	f4,f16,f0	 f16:0x00000001  f0:0x00000000  f4=0x80000001
      17145.000 ns	      1713	800007f4	001315b3	sll	x11,x6,x1	  x6:0x00000100  x1:0x00000517 x11=0x80000000
      17165.000 ns	      1715	800007f8	29bc1f53	fmax.s	f30,f24,f27	 f24:0x7f800000 f27:0xce40f3c0 f30=0x7f800000
      17185.000 ns	      1717	800007fc	00000013	addi	x0,x0,0	  x0:0x00000000
      17195.000 ns	      1718	80000800	00000013	addi	x0,x0,0	  x0:0x00000000
      17215.000 ns	      1720	80000804	c01278d3	fcvt.wu.s	x17,f4	  f4:0x80000001 x17=0x00000000
      17245.000 ns	      1723	80000808	0376a7b3	mulhsu	x15,x13,x23	 x13:0x00000001 x23:0x00000001 x15=0x00000000
      17295.000 ns	      1728	8000080c	013a7453	fadd.s	f8,f20,f19	 f20:0xffc00000 f19:0x7f800000  f8=0x7fc00000
      17325.000 ns	      1731	80000810	028e0433	mul	x8,x28,x8	 x28:0xfffffc37  x8:0x00000001  x8=0xfffffc37
      17345.000 ns	      1733	80000814	00f93033	sltu	x0,x18,x15	 x18:0x00000000 x15:0x00000000
      17355.000 ns	      1734	80000818	011501b3	add	x3,x10,x17	 x10:0x113c078c x17:0x00000000  x3=0x113c078c
      17375.000 ns	      1736	8000081c	20258bd3	fsgnj.s	f23,f11,f2	 f11:0x800fb94f  f2:0x00000000 f23=0x000fb94f
      17395.000 ns	      1738	80000820	07f7dcb7	lui	x25,0x7f7d	 x25=0x07f7d000
      17755.000 ns	      1774	80000824	0340f8b3	remu	x17,x1,x20	  x1:0x00000517 x20:0x80041024 x17=0x00000517
      17795.000 ns	      1778	80000828	5807f6d3	fsqrt.s	f13,f15	 f15:0x7fc00000 f13=0x7fc00000
      17825.000 ns	      1781	8000082c	02ca9633	mulh	x12,x21,x12	 x21:0x00003ded x12:0x00000000 x12=0x00000000
      17855.000 ns	      1784	80000830	20baab53	fsgnjx.s	f22,f21,f11	 f21:0x800fb94f f11:0x800fb94f f22=0x000fb94f
      17875.000 ns	      1786	80000834	04214993	xori	x19,x2,66	  x2:0xfffffb2b x19=0xfffffb69
      17905.000 ns	      1789	80000838	11a38253	fmul.s	f4,f7,f26	  f7:0x80000000 f26:0x7fc00000  f4=0x7fc00000
      17925.000 ns	      1791	8000083c	4e262b13	slti	x22,x12,1250	 x12:0x00000000 x22=0x00000001
      17945.000 ns	      1793	80000840	03d9d1b3	divu	x3,x19,x29	 x19:0xfffffb69 x29:0x00000000  x3=0xffffffff
      17975.000 ns	      1796	80000844	d0077d53	fcvt.s.w	f26,x14	 x14:0x72cb4a24 f26=0x4ee59694
      18005.000 ns	      1799	80000848	a1b728d3	feq.s	x17,f14,f27	 f14:0x1f350483 f27:0xce40f3c0 x17=0x00000000
      18025.000 ns	      1801	8000084c	01fdc633	xor	x12,x27,x31	 x27:0x80041020 x31:0x00000000 x12=0x80041020
      18035.000 ns	      1802	80000850	33914697	auipc	x13,0x33914	 x13=0xb3914850
      18395.000 ns	      1838	80000854	02a773b3	remu	x7,x14,x10	 x14:0x72cb4a24 x10:0x113c078c  x7=0x0b631cdc
      18415.000 ns	      1840	80000858	4fc62693	slti	x13,x12,1276	 x12:0x80041020 x13=0x00000001
      18435.000 ns	      1842	8000085c	e0051353	fclass.s	x6,f10	 f10:0x7fc00000  x6=0x00000200
      18465.000 ns	      1845	80000860	a0c29353	flt.s	x6,f5,f12	  f5:0x7fc00000 f12:0x7f800001  x6=0x00000000
      18495.000 ns	      1848	80000864	033230b3	mulhu	x1,x4,x19	  x4:0x00000000 x19:0xfffffb69  x1=0x00000000
      18525.000 ns	      1851	80000868	e0061b53	fclass.s	x22,f12	 f12:0x7f800001 x22=0x00000100
      18555.000 ns	      1854	8000086c	29a70353	fmin.s	f6,f14,f26	 f14:0x1f350483 f26:0x4ee59694  f6=0x1f350483
      18575.000 ns	      1856	80000870	fc488c13	addi	x24,x17,-60	 x17:0x00000000 x24=0xffffffc4
      18585.000 ns	      1857	80000874	3ecceab7	lui	x21,0x3ecce	 x21=0x3ecce000
      18605.000 ns	      1859	80000878	032f8c33	mul	x24,x31,x18	 x31:0x00000000 x18:0x00000000 x24=0x00000000
      18625.000 ns	      1861	8000087c	008096b3	sll	x13,x1,x8	  x1:0x00000000  x8:0xfffffc37 x13=0x00000000
      19795.000 ns	      1978	80000880	58084353	fsqrt.s	f6,f16	 f16:0x00000001  f6=0x1f350483
      19825.000 ns	      1981	80000884	d00ff053	fcvt.s.w	f0,x31	 x31:0x00000000  f0=0x00000000
      19845.000 ns	      1983	80000888	001600b3	add	x1,x12,x1	 x12:0x80041020  x1:0x00000000  x1=0x80041020
      19865.000 ns	      1985	8000088c	c003fd53	fcvt.w.s	x26,f7	  f7:0x80000000 x26=0x00000000
      19885.000 ns	      1987	80000890	0189b333	sltu	x6,x19,x24	 x19:0xfffffb69 x24:0x00000000  x6=0x00000000
      19895.000 ns	      1988	80000894	41870db3	sub	x27,x14,x24	 x14:0x72cb4a24 x24:0x00000000 x27=0x72cb4a24
      19905.000 ns	      1989	80000898	00893533	sltu	x10,x18,x8	 x18:0x00000000  x8:0xfffffc37 x10=0x00000001
      19915.000 ns	      1990	8000089c	6a8dff13	andi	x30,x27,1704	 x27:0x80041020 x30=0x00000220
      19925.000 ns	      1991	800008a0	018dfb33	and	x22,x27,x24	 x27:0x72cb4a24 x24:0x00000000 x22=0x00000000
      19935.000 ns	      1992	800008a4	02dfa993	slti	x19,x31,45	 x31:0x00000000 x19=0x00000001
      19965.000 ns	      1995	800008a8	5801a8d3	fsqrt.s	f17,f3	  f3:0x80000000 f17=0x80000000
      20335.000 ns	      2032	800008ac	0254e2b3	rem	x5,x9,x5	  x9:0xfffffffd  x5:0x00003809  x5=0xfffffffd
      20365.000 ns	      2035	800008b0	02c62db3	mulhsu	x27,x12,x12	 x12:0x80041020 x12:0x80041020 x27=0xc0000010
      20735.000 ns	      2072	800008b4	0290f433	remu	x8,x1,x9	  x1:0x80041020  x9:0xfffffffd  x8=0x80041020
      20765.000 ns	      2075	800008b8	21db8253	fsgnj.s	f4,f23,f29	 f23:0x000fb94f f29:0x00000001  f4=0x000fb94f
      20785.000 ns	      2077	800008bc	00aa1e33	sll	x28,x20,x10	 x20:0x80041024 x10:0x00000001 x28=0x00082048
      20805.000 ns	      2079	800008c0	28d51ad3	fmax.s	f21,f10,f13	 f10:0x7fc00000 f13:0x7fc00000 f21=0x7fc00000
      21175.000 ns	      2116	800008c4	033070b3	remu	x1,x0,x19	  x0:0x00000000 x19:0x00000001  x1=0x00000000
      21195.000 ns	      2118	800008c8	017dd193	srli	x3,x27,0x17	 x27:0xc0000010  x3=0x00000180
      21555.000 ns	      2154	800008cc	02b2dc33	divu	x24,x5,x11	  x5:0xfffffffd x11:0x80000000 x24=0x00000001
      21575.000 ns	      2156	800008d0	8a720f13	addi	x30,x4,-1881	  x4:0x00000000 x30=0xfffff8a7
      21585.000 ns	      2157	800008d4	6115df17	auipc	x30,0x6115d	 x30=0xe115d8d4
      21605.000 ns	      2159	800008d8	f0098d53	fmv.w.x	f26,x19	 x19:0x00000001 f26=0x00000001
      21635.000 ns	      2162	800008dc	21369ad3	fsgnjn.s	f21,f13,f19	 f13:0x7fc00000 f19:0x7f800000 f21=0xffc00000
      21665.000 ns	      2165	800008e0	e00d11d3	fclass.s	x3,f26	 f26:0x00000001  x3=0x00000020
      21705.000 ns	      2169	800008e4	1829f9d3	fdiv.s	f19,f19,f2	 f19:0x7f800000  f2:0x00000000 f19=0x7f800000
      21735.000 ns	      2172	800008e8	28719353	fmax.s	f6,f3,f7	  f3:0x80000000  f7:0x80000000  f6=0x80000000
      21755.000 ns	      2174	800008ec	2d4e2f13	slti	x30,x28,724	 x28:0x00082048 x30=0x00000000
      21765.000 ns	      2175	800008f0	00969133	sll	x2,x13,x9	 x13:0x00000000  x9:0xfffffffd  x2=0x00000000
      21775.000 ns	      2176	800008f4	01229bb3	sll	x23,x5,x18	  x5:0xfffffffd x18:0x00000000 x23=0xfffffffd
      21795.000 ns	      2178	800008f8	03a1f3b3	remu	x7,x3,x26	  x3:0x00000020 x26:0x00000000  x7=0x00000020
      21825.000 ns	      2181	800008fc	d0127853	fcvt.s.wu	f16,x4	  x4:0x00000000 f16=0x00000000
      21855.000 ns	      2184	80000900	c01d98d3	fcvt.wu.s	x17,f27	 f27:0xce40f3c0 x17=0x303cf000
      21885.000 ns	      2187	80000904	c016ffd3	fcvt.wu.s	x31,f13	 f13:0x7fc00000 x31=0xffffffff
      21915.000 ns	      2190	80000908	282716d3	fmax.s	f13,f14,f2	 f14:0x1f350483  f2:0x00000000 f13=0x1f350483
      21955.000 ns	      2194	8000090c	580af153	fsqrt.s	f2,f21	 f21:0xffc00000  f2=0x7fc00000
      21975.000 ns	      2196	80000910	b3f27f17	auipc	x30,0xb3f27	 x30=0x33f27910
      21985.000 ns	      2197	80000914	005f8633	add	x12,x31,x5	 x31:0xffffffff  x5:0xfffffffd x12=0xfffffffc
      22025.000 ns	      2201	80000918	0941f1d3	fsub.s	f3,f3,f20	  f3:0x80000000 f20:0xffc00000  f3=0x7fc00000
      22395.000 ns	      2238	8000091c	03b5c2b3	div	x5,x11,x27	 x11:0x80000000 x27:0xc0000010  x5=0x00000002
      22415.000 ns	      2240	80000920	007438b3	sltu	x17,x8,x7	  x8:0x80041020  x7:0x00000020 x17=0x00000000
      22455.000 ns	      2244	80000924	006cc653	fadd.s	f12,f25,f6	 f25:0x7fc00000  f6:0x80000000 f12=0x7fc00000
      22475.000 ns	      2246	80000928	40c80633	sub	x12,x16,x12	 x16:0x80040fe4 x12:0xfffffffc x12=0x80040fe8
      22495.000 ns	      2248	8000092c	035c1b33	mulh	x22,x24,x21	 x24:0x00000001 x21:0x3ecce000 x22=0x00000000
      23675.000 ns	      2366	80000930	580b7e53	fsqrt.s	f28,f22	 f22:0x000fb94f f28=0x1f4b40fa
      23725.000 ns	      2371	80000934	0097cad3	fadd.s	f21,f15,f9	 f15:0x7fc00000  f9:0x00000000 f21=0x7fc00000
      23745.000 ns	      2373	80000938	00809f13	slli	x30,x1,0x8	  x1:0x00000000 x30=0x00000000
      23755.000 ns	      2374	8000093c	012600b3	add	x1,x12,x18	 x12:0x80040fe8 x18:0x00000000  x1=0x80040fe8
      23765.000 ns	      2375	80000940	453eff93	andi	x31,x29,1107	 x29:0x00000000 x31=0x00000000
      23785.000 ns	      2377	80000944	216917d3	fsgnjn.s	f15,f18,f22	 f18:0x7f800000 f22:0x000fb94f f15=0xff800000
      23805.000 ns	      2379	80000948	012c95b3	sll	x11,x25,x18	 x25:0x07f7d000 x18:0x00000000 x11=0x07f7d000
      23825.000 ns	      2381	8000094c	03008c33	mul	x24,x1,x16	  x1:0x80040fe8 x16:0x80040fe4 x24=0x802cc2a0
      23845.000 ns	      2383	80000950	00000013	addi	x0,x0,0	  x0:0x00000000
      23855.000 ns	      2384	80000954	0146abb3	slt	x23,x13,x20	 x13:0x00000000 x20:0x80041024 x23=0x00000000
      23865.000 ns	      2385	80000958	4145d913	srai	x18,x11,0x14	 x11:0x07f7d000 x18=0x0000007f
      24225.000 ns	      2421	8000095c	025b5133	divu	x2,x22,x5	 x22:0x00000000  x5:0x00000002  x2=0x00000000
      24255.000 ns	      2424	80000960	a0172bd3	feq.s	x23,f14,f1	 f14:0x1f350483  f1:0x7fc00000 x23=0x00000000
      25435.000 ns	      2542	80000964	580d7dd3	fsqrt.s	f27,f26	 f26:0x00000001 f27=0x1f350483
      25455.000 ns	      2544	80000968	006b7cb3	and	x25,x22,x6	 x22:0x00000000  x6:0x00000000 x25=0x00000000
      25465.000 ns	      2545	8000096c	c0386e93	ori	x29,x16,-1021	 x16:0x80040fe4 x29=0xffffffe7
      25485.000 ns	      2547	80000970	e00c9ed3	fclass.s	x29,f25	 f25:0x7fc00000 x29=0x00000200
      25515.000 ns	      2550	80000974	02628bb3	mul	x23,x5,x6	  x5:0x00000002  x6:0x00000000 x23=0x00000000
      25535.000 ns	      2552	80000978	53833f93	sltiu	x31,x6,1336	  x6:0x00000000 x31=0x00000001
      25555.000 ns	      2554	8000097c	021d94b3	mulh	x9,x27,x1	 x27:0xc0000010  x1:0x80040fe8  x9=0x1ffefbfe
      25575.000 ns	      2556	80000980	40b7d093	srai	x1,x15,0xb	 x15:0x00000000  x1=0x00000000
      25595.000 ns	      2558	80000984	e0078cd3	fmv.x.w	x25,f15	 f15:0xff800000 x25=0xff800000
      25615.000 ns	      2560	80000988	7cee8a93	addi	x21,x29,1998	 x29:0x00000200 x21=0x000009ce
      25625.000 ns	      2561	8000098c	0014db33	srl	x22,x9,x1	  x9:0x1ffefbfe  x1:0x00000000 x22=0x1ffefbfe
      25645.000 ns	      2563	80000990	210c2ed3	fsgnjx.s	f29,f24,f16	 f24:0x7f800000 f16:0x00000000 f29=0x7f800000
      25675.000 ns	      2566	80000994	031e7e33	remu	x28,x28,x17	 x28:0x00082048 x17:0x00000000 x28=0x00082048
      25695.000 ns	      2568	80000998	40305c13	srai	x24,x0,0x3	  x0:0x00000000 x24=0x00000000
      25705.000 ns	      2569	8000099c	00f0acb3	slt	x25,x1,x15	  x1:0x00000000 x15:0x00000000 x25=0x00000000
      25725.000 ns	      2571	800009a0	21b80a53	fsgnj.s	f20,f16,f27	 f16:0x00000000 f27:0x1f350483 f20=0x00000000
      25755.000 ns	      2574	800009a4	e0000053	fmv.x.w	x0,f0	  f0:0x00000000
      25775.000 ns	      2576	800009a8	e6e088b7	lui	x17,0xe6e08	 x17=0xe6e08000
      25795.000 ns	      2578	800009ac	20172e53	fsgnjx.s	f28,f14,f1	 f14:0x1f350483  f1:0x7fc00000 f28=0x1f350483
      25825.000 ns	      2581	800009b0	a0c994d3	flt.s	x9,f19,f12	 f19:0x7f800000 f12:0x7fc00000  x9=0x00000000
      25845.000 ns	      2583	800009b4	41cf87b3	sub	x15,x31,x28	 x31:0x00000001 x28:0x00082048 x15=0xfff7dfb9
      25865.000 ns	      2585	800009b8	f00400d3	fmv.w.x	f1,x8	  x8:0x80041020  f1=0x80041020
      25895.000 ns	      2588	800009bc	03851933	mulh	x18,x10,x24	 x10:0x00000001 x24:0x00000000 x18=0x00000000
      25915.000 ns	      2590	800009c0	019708b3	add	x17,x14,x25	 x14:0x72cb4a24 x25:0x00000000 x17=0x72cb4a24
      25935.000 ns	      2592	800009c4	20059c53	fsgnjn.s	f24,f11,f0	 f11:0x800fb94f  f0:0x00000000 f24=0x800fb94f
      25955.000 ns	      2594	800009c8	01110693	addi	x13,x2,17	  x2:0x00000000 x13=0x00000011
      25965.000 ns	      2595	800009cc	00000013	addi	x0,x0,0	  x0:0x00000000
      25985.000 ns	      2597	800009d0	022df133	remu	x2,x27,x2	 x27:0xc0000010  x2:0x00000000  x2=0xc0000010
      26015.000 ns	      2600	800009d4	a1ca07d3	fle.s	x15,f20,f28	 f20:0x00000000 f28:0x1f350483 x15=0x00000001
      26035.000 ns	      2602	800009d8	00200eb3	add	x29,x0,x2	  x0:0x00000000  x2:0xc0000010 x29=0xc0000010
      26045.000 ns	      2603	800009dc	00000013	addi	x0,x0,0	  x0:0x00000000
      26065.000 ns	      2605	800009e0	21b81453	fsgnjn.s	f8,f16,f27	 f16:0x00000000 f27:0x1f350483  f8=0x80000000
      26095.000 ns	      2608	800009e4	a15c9553	flt.s	x10,f25,f21	 f25:0x7fc00000 f21:0x7fc00000 x10=0x00000000
      26115.000 ns	      2610	800009e8	acd98b93	addi	x23,x19,-1331	 x19:0x00000001 x23=0xffffface
      26125.000 ns	      2611	800009ec	01cca433	slt	x8,x25,x28	 x25:0x00000000 x28:0x00082048  x8=0x00000001
      26145.000 ns	      2613	800009f0	03a1f633	remu	x12,x3,x26	  x3:0x00000020 x26:0x00000000 x12=0x00000020
      26165.000 ns	      2615	800009f4	417400b3	sub	x1,x8,x23	  x8:0x80041020 x23:0xffffface  x1=0x00000533
      26175.000 ns	      2616	800009f8	56d1b393	sltiu	x7,x3,1389	  x3:0x00000020  x7=0x00000001
      26185.000 ns	      2617	800009fc	0048cc33	xor	x24,x17,x4	 x17:0x72cb4a24  x4:0x00000000 x24=0x72cb4a24
      26205.000 ns	      2619	80000a00	f0040b53	fmv.w.x	f22,x8	  x8:0x00000001 f22=0x00000001
      26225.000 ns	      2621	80000a04	01b249b3	xor	x19,x4,x27	  x4:0x00000000 x27:0xc0000010 x19=0xc0000010
      26235.000 ns	      2622	80000a08	01bb4933	xor	x18,x22,x27	 x22:0x1ffefbfe x27:0xc0000010 x18=0xdffefbee
      26245.000 ns	      2623	80000a0c	9456bd93	sltiu	x27,x13,-1723	 x13:0x00000011 x27=0x00000001
      26255.000 ns	      2624	80000a10	da3861b7	lui	x3,0xda386	  x3=0xda386000
      26295.000 ns	      2628	80000a14	00782153	fadd.s	f2,f16,f7	 f16:0x00000000  f7:0x80000000  f2=0x80000000
      26325.000 ns	      2631	80000a18	28b61b53	fmax.s	f22,f12,f11	 f12:0x7fc00000 f11:0x800fb94f f22=0x800fb94f
      26345.000 ns	      2633	80000a1c	00b2e0b3	or	x1,x5,x11	  x5:0x00000002 x11:0x07f7d000  x1=0x07f7d002
      26355.000 ns	      2634	80000a20	01e3d9b3	srl	x19,x7,x30	  x7:0x00000001 x30:0x00000000 x19=0x00000001
      26375.000 ns	      2636	80000a24	28799753	fmax.s	f14,f19,f7	 f19:0x7f800000  f7:0x80000000 f14=0x7f800000
      26395.000 ns	      2638	80000a28	00cb01b3	add	x3,x22,x12	 x22:0x1ffefbfe x12:0x00000020  x3=0x1ffefc1e
      26435.000 ns	      2642	80000a2c	0918a753	fsub.s	f14,f17,f17	 f17:0x80000000 f17:0x80000000 f14=0x00000000
      26465.000 ns	      2645	80000a30	a1e49c53	flt.s	x24,f9,f30	  f9:0x00000000 f30:0x7f800000 x24=0x00000001
      26495.000 ns	      2648	80000a34	032d83b3	mul	x7,x27,x18	 x27:0x00000001 x18:0xdffefbee  x7=0xdffefbee
      26525.000 ns	      2651	80000a38	e0058153	fmv.x.w	x2,f11	 f11:0x800fb94f  x2=0x800fb94f
      26555.000 ns	      2654	80000a3c	20e28353	fsgnj.s	f6,f5,f14	  f5:0x7fc00000 f14:0x00000000  f6=0x7fc00000
      26575.000 ns	      2656	80000a40	dca14e37	lui	x28,0xdca14	 x28=0xdca14000
      26585.000 ns	      2657	80000a44	f3266213	ori	x4,x12,-206	 x12:0x00000020  x4=0xffffff32
      26605.000 ns	      2659	80000a48	02038933	mul	x18,x7,x0	  x7:0xdffefbee  x0:0x00000000 x18=0x00000000
      26625.000 ns	      2661	80000a4c	c03aac37	lui	x24,0xc03aa	 x24=0xc03aa000
      26645.000 ns	      2663	80000a50	d0160fd3	fcvt.s.wu	f31,x12	 x12:0x00000020 f31=0x42000000
      26675.000 ns	      2666	80000a54	28ec81d3	fmin.s	f3,f25,f14	 f25:0x7fc00000 f14:0x00000000  f3=0x00000000
      26695.000 ns	      2668	80000a58	0182f3b3	and	x7,x5,x24	  x5:0x00000002 x24:0xc03aa000  x7=0x00000000
      26705.000 ns	      2669	80000a5c	00d1dbb3	srl	x23,x3,x13	  x3:0x1ffefc1e x13:0x00000011 x23=0x00000fff
      26715.000 ns	      2670	80000a60	4034d533	sra	x10,x9,x3	  x9:0x00000000  x3:0x1ffefc1e x10=0x00000000
      26735.000 ns	      2672	80000a64	28a58ed3	fmin.s	f29,f11,f10	 f11:0x800fb94f f10:0x7fc00000 f29=0x800fb94f
      26755.000 ns	      2674	80000a68	01f6d313	srli	x6,x13,0x1f	 x13:0x00000011  x6=0x00000000
      26775.000 ns	      2676	80000a6c	d00a8dd3	fcvt.s.w	f27,x21	 x21:0x000009ce f27=0x451ce000
      26795.000 ns	      2678	80000a70	0157fd33	and	x26,x15,x21	 x15:0x00000001 x21:0x000009ce x26=0x00000000
      26805.000 ns	      2679	80000a74	0078e9b3	or	x19,x17,x7	 x17:0x72cb4a24  x7:0x00000000 x19=0x72cb4a24
      26815.000 ns	      2680	80000a78	7bc94eb7	lui	x29,0x7bc94	 x29=0x7bc94000
      26835.000 ns	      2682	80000a7c	02a2d533	divu	x10,x5,x10	  x5:0x00000002 x10:0x00000000 x10=0xffffffff
      26855.000 ns	      2684	80000a80	7950b593	sltiu	x11,x1,1941	  x1:0x07f7d002 x11=0x00000000
      26875.000 ns	      2686	80000a84	020705b3	mul	x11,x14,x0	 x14:0x72cb4a24  x0:0x00000000 x11=0x00000000
      26895.000 ns	      2688	80000a88	1d350c37	lui	x24,0x1d350	 x24=0x1d350000
      26915.000 ns	      2690	80000a8c	a039add3	feq.s	x27,f19,f3	 f19:0x7f800000  f3:0x00000000 x27=0x00000000
      26935.000 ns	      2692	80000a90	0008e233	or	x4,x17,x0	 x17:0x72cb4a24  x0:0x00000000  x4=0x72cb4a24
      26945.000 ns	      2693	80000a94	5d8ca913	slti	x18,x25,1496	 x25:0x00000000 x18=0x00000001
      26955.000 ns	      2694	80000a98	00451493	slli	x9,x10,0x4	 x10:0xffffffff  x9=0xfffffff0
      26985.000 ns	      2697	80000a9c	11c6f153	fmul.s	f2,f13,f28	 f13:0x1f350483 f28:0x1f350483  f2=0x7efffec2
      27015.000 ns	      2700	80000aa0	e00d8253	fmv.x.w	x4,f27	 f27:0x451ce000  x4=0x451ce000
      27045.000 ns	      2703	80000aa4	021d0c33	mul	x24,x26,x1	 x26:0x00000000  x1:0x07f7d002 x24=0x00000000
      27075.000 ns	      2706	80000aa8	021317b3	mulh	x15,x6,x1	  x6:0x00000000  x1:0x07f7d002 x15=0x00000000
      27095.000 ns	      2708	80000aac	7e51ab13	slti	x22,x3,2021	  x3:0x1ffefc1e x22=0x00000000
      27105.000 ns	      2709	80000ab0	0058feb3	and	x29,x17,x5	 x17:0x72cb4a24  x5:0x00000002 x29=0x00000000
      27125.000 ns	      2711	80000ab4	d003fd53	fcvt.s.w	f26,x7	  x7:0x00000000 f26=0x00000000
      27155.000 ns	      2714	80000ab8	038d1233	mulh	x4,x26,x24	 x26:0x00000000 x24:0x00000000  x4=0x00000000
      27205.000 ns	      2719	80000abc	094682d3	fsub.s	f5,f13,f20	 f13:0x1f350483 f20:0x00000000  f5=0x1f350483
      27225.000 ns	      2721	80000ac0	00533133	sltu	x2,x6,x5	  x6:0x00000000  x5:0x00000002  x2=0x00000001
      27265.000 ns	      2725	80000ac4	00f242d3	fadd.s	f5,f4,f15	  f4:0x000fb94f f15:0xff800000  f5=0xff800000
      27295.000 ns	      2728	80000ac8	294e94d3	fmax.s	f9,f29,f20	 f29:0x800fb94f f20:0x00000000  f9=0x00000000
      27325.000 ns	      2731	80000acc	035009b3	mul	x19,x0,x21	  x0:0x00000000 x21:0x000009ce x19=0x00000000
      27355.000 ns	      2734	80000ad0	020943b3	div	x7,x18,x0	 x18:0x00000001  x0:0x00000000  x7=0xffffffff
      27395.000 ns	      2738	80000ad4	58097753	fsqrt.s	f14,f18	 f18:0x7f800000 f14=0x7f800000
      27415.000 ns	      2740	80000ad8	010f27b3	slt	x15,x30,x16	 x30:0x00000000 x16:0x80040fe4 x15=0x00000000
      27425.000 ns	      2741	80000adc	01776233	or	x4,x14,x23	 x14:0x72cb4a24 x23:0x00000fff  x4=0x72cb4fff
      27435.000 ns	      2742	80000ae0	40e7dfb3	sra	x31,x15,x14	 x15:0x00000000 x14:0x72cb4a24 x31=0x00000000
      27455.000 ns	      2744	80000ae4	28c18153	fmin.s	f2,f3,f12	  f3:0x00000000 f12:0x7fc00000  f2=0x00000000
      27795.000 ns	      2778	80000ae8	18d6fc53	fdiv.s	f24,f13,f13	 f13:0x1f350483 f13:0x1f350483 f24=0x3f7f8de8
      27815.000 ns	      2780	80000aec	4a094013	xori	x0,x18,1184	 x18:0x00000001
      27845.000 ns	      2783	80000af0	10d2fb53	fmul.s	f22,f5,f13	  f5:0xff800000 f13:0x1f350483 f22=0xff800000
      27865.000 ns	      2785	80000af4	8dfd6db7	lui	x27,0x8dfd6	 x27=0x8dfd6000
      27895.000 ns	      2788	80000af8	10da71d3	fmul.s	f3,f20,f13	 f20:0x00000000 f13:0x1f350483  f3=0x00000000
      27925.000 ns	      2791	80000afc	02e727b3	mulhsu	x15,x14,x14	 x14:0x72cb4a24 x14:0x72cb4a24 x15=0x3379af76
      27945.000 ns	      2793	80000b00	66bfe693	ori	x13,x31,1643	 x31:0x00000000 x13=0x0000066b
      27965.000 ns	      2795	80000b04	e00a13d3	fclass.s	x7,f20	 f20:0x00000000  x7=0x00000010
      27995.000 ns	      2798	80000b08	20320bd3	fsgnj.s	f23,f4,f3	  f4:0x000fb94f  f3:0x00000000 f23=0x000fb94f
      28015.000 ns	      2800	80000b0c	40cedcb3	sra	x25,x29,x12	 x29:0x00000000 x12:0x00000020 x25=0x00000000
      28035.000 ns	      2802	80000b10	035bb333	mulhu	x6,x23,x21	 x23:0x00000fff x21:0x000009ce  x6=0x00000000
      28065.000 ns	      2805	80000b14	d01d78d3	fcvt.s.wu	f17,x26	 x26:0x00000000 f17=0x00000000
      28085.000 ns	      2807	80000b18	aaed2c37	lui	x24,0xaaed2	 x24=0xaaed2000
      28095.000 ns	      2808	80000b1c	405fd3b3	sra	x7,x31,x5	 x31:0x00000000  x5:0x00000002  x7=0x00000000
      28115.000 ns	      2810	80000b20	28f093d3	fmax.s	f7,f1,f15	  f1:0x80041020 f15:0xff800000  f7=0x80041020
      28485.000 ns	      2847	80000b24	025fc8b3	div	x17,x31,x5	 x31:0x00000000  x5:0x00000002 x17=0x00000000
      28505.000 ns	      2849	80000b28	015a0db3	add	x27,x20,x21	 x20:0x80041024 x21:0x000009ce x27=0x800419f2
      28515.000 ns	      2850	80000b2c	c4e4cb13	xori	x22,x9,-946	  x9:0xfffffff0 x22=0x000003be
      28525.000 ns	      2851	80000b30	00000013	addi	x0,x0,0	  x0:0x00000000
      28535.000 ns	      2852	80000b34	00000013	addi	x0,x0,0	  x0:0x00000000
      28545.000 ns	      2853	80000b38	01d48b33	add	x22,x9,x29	  x9:0xfffffff0 x29:0x00000000 x22=0xfffffff0
      28555.000 ns	      2854	80000b3c	967faa93	slti	x21,x31,-1689	 x31:0x00000000 x21=0x00000000
      28575.000 ns	      2856	80000b40	a1458353	fle.s	x6,f11,f20	 f11:0x800fb94f f20:0x00000000  x6=0x00000001
      28945.000 ns	      2893	80000b44	0288e433	rem	x8,x17,x8	 x17:0x00000000  x8:0x00000001  x8=0x00000000
      28965.000 ns	      2895	80000b48	00341f93	slli	x31,x8,0x3	  x8:0x00000001 x31=0x00000000
      29005.000 ns	      2899	80000b4c	00709253	fadd.s	f4,f1,f7	  f1:0x80041020  f7:0x80041020  f4=0x80082040
      29035.000 ns	      2902	80000b50	296b1653	fmax.s	f12,f22,f22	 f22:0xff800000 f22:0xff800000 f12=0xff800000
      29065.000 ns	      2905	80000b54	f00c8a53	fmv.w.x	f20,x25	 x25:0x00000000 f20=0x00000000
      29085.000 ns	      2907	80000b58	0082db13	srli	x22,x5,0x8	  x5:0x00000002 x22=0x00000000
      29095.000 ns	      2908	80000b5c	e51ae593	ori	x11,x21,-431	 x21:0x00000000 x11=0xfffffe51
      29115.000 ns	      2910	80000b60	a17487d3	fle.s	x15,f9,f23	  f9:0x00000000 f23:0x000fb94f x15=0x00000001
      29135.000 ns	      2912	80000b64	00bc9933	sll	x18,x25,x11	 x25:0x00000000 x11:0x00000000 x18=0x00000000
      29155.000 ns	      2914	80000b68	02d41b33	mulh	x22,x8,x13	  x8:0x00000000 x13:0x0000066b x22=0x00000000
      29205.000 ns	      2919	80000b6c	097d77d3	fsub.s	f15,f26,f23	 f26:0x00000000 f23:0x000fb94f f15=0x800fb94f
      29235.000 ns	      2922	80000b70	a0932653	feq.s	x12,f6,f9	  f6:0x7fc00000  f9:0x00000000 x12=0x00000000
      29255.000 ns	      2924	80000b74	7fe90c93	addi	x25,x18,2046	 x18:0x00000000 x25=0x000007fe
      29275.000 ns	      2926	80000b78	21630ed3	fsgnj.s	f29,f6,f22	  f6:0x7fc00000 f22:0xff800000 f29=0xffc00000
      29295.000 ns	      2928	80000b7c	00598533	add	x10,x19,x5	 x19:0x00000000  x5:0x00000002 x10=0x00000002
      29325.000 ns	      2931	80000b80	105399d3	fmul.s	f19,f7,f5	  f7:0x80041020  f5:0xff800000 f19=0x7f800000
      29355.000 ns	      2934	80000b84	282f1553	fmax.s	f10,f30,f2	 f30:0x7f800000  f2:0x00000000 f10=0x7f800000
      29385.000 ns	      2937	80000b88	033fe4b3	rem	x9,x31,x19	 x31:0x00000000 x19:0x00000000  x9=0x00000000
      29415.000 ns	      2940	80000b8c	f00905d3	fmv.w.x	f11,x18	 x18:0x00000000 f11=0x00000000
      29445.000 ns	      2943	80000b90	d0008dd3	fcvt.s.w	f27,x1	  x1:0x07f7d002 f27=0x4cfefa00
      29475.000 ns	      2946	80000b94	e00a11d3	fclass.s	x3,f20	 f20:0x00000000  x3=0x00000010
      29505.000 ns	      2949	80000b98	035278b3	remu	x17,x4,x21	  x4:0x72cb4fff x21:0x00000000 x17=0x72cb4fff
      29535.000 ns	      2952	80000b9c	20a09253	fsgnjn.s	f4,f1,f10	  f1:0x80041020 f10:0x7f800000  f4=0x80041020
      29565.000 ns	      2955	80000ba0	a0cda353	feq.s	x6,f27,f12	 f27:0x4cfefa00 f12:0xff800000  x6=0x00000000
      29595.000 ns	      2958	80000ba4	d01c1cd3	fcvt.s.wu	f25,x24	 x24:0xaaed2000 f25=0x4f2aed20
      29615.000 ns	      2960	80000ba8	00000013	addi	x0,x0,0	  x0:0x00000000
      29635.000 ns	      2962	80000bac	0337b633	mulhu	x12,x15,x19	 x15:0x00000001 x19:0x00000000 x12=0x00000000
      29665.000 ns	      2965	80000bb0	03fe00b3	mul	x1,x28,x31	 x28:0xdca14000 x31:0x00000000  x1=0x00000000
      29695.000 ns	      2968	80000bb4	c0129e53	fcvt.wu.s	x28,f5	  f5:0xff800000 x28=0x00000000
      29715.000 ns	      2970	80000bb8	002368b3	or	x17,x6,x2	  x6:0x00000000  x2:0x00000001 x17=0x00000001
      29735.000 ns	      2972	80000bbc	028b20b3	mulhsu	x1,x22,x8	 x22:0x00000000  x8:0x00000000  x1=0x00000000
      29765.000 ns	      2975	80000bc0	a1f78c53	fle.s	x24,f15,f31	 f15:0x800fb94f f31:0x42000000 x24=0x00000001
      29795.000 ns	      2978	80000bc4	a19c1f53	flt.s	x30,f24,f25	 f24:0x3f7f8de8 f25:0x4f2aed20 x30=0x00000001
      29825.000 ns	      2981	80000bc8	d01333d3	fcvt.s.wu	f7,x6	  x6:0x00000000  f7=0x00000000
      29845.000 ns	      2983	80000bcc	019e1393	slli	x7,x28,0x19	 x28:0x00000000  x7=0x00000000
      29855.000 ns	      2984	80000bd0	01aa8eb3	add	x29,x21,x26	 x21:0x00000000 x26:0x00000000 x29=0x00000000
      29875.000 ns	      2986	80000bd4	0236bdb3	mulhu	x27,x13,x3	 x13:0x0000066b  x3:0x00000010 x27=0x00000000
      29895.000 ns	      2988	80000bd8	00d66633	or	x12,x12,x13	 x12:0x00000000 x13:0x0000066b x12=0x0000066b
      29915.000 ns	      2990	80000bdc	03ee8433	mul	x8,x29,x30	 x29:0x00000000 x30:0x00000001  x8=0x00000000
      29935.000 ns	      2992	80000be0	00939913	slli	x18,x7,0x9	  x7:0x00000000 x18=0x00000000
      29955.000 ns	      2994	80000be4	20301953	fsgnjn.s	f18,f0,f3	  f0:0x00000000  f3:0x00000000 f18=0x80000000
      29995.000 ns	      2998	80000be8	105dfad3	fmul.s	f21,f27,f5	 f27:0x4cfefa00  f5:0xff800000 f21=0xff800000
      30025.000 ns	      3001	80000bec	a16b9e53	flt.s	x28,f23,f22	 f23:0x000fb94f f22:0xff800000 x28=0x00000000
      30055.000 ns	      3004	80000bf0	e00a0453	fmv.x.w	x8,f20	 f20:0x00000000  x8=0x00000000
      30075.000 ns	      3006	80000bf4	e7f1f513	andi	x10,x3,-385	  x3:0x00000010 x10=0x00000010
      30105.000 ns	      3009	80000bf8	580049d3	fsqrt.s	f19,f0	  f0:0x00000000 f19=0x00000000
      30155.000 ns	      3014	80000bfc	0942f853	fsub.s	f16,f5,f20	  f5:0xff800000 f20:0x00000000 f16=0xff800000
      30175.000 ns	      3016	80000c00	000d21b3	slt	x3,x26,x0	 x26:0x00000000  x0:0x00000000  x3=0x00000000
      30535.000 ns	      3052	80000c04	022473b3	remu	x7,x8,x2	  x8:0x00000000  x2:0x00000001  x7=0x00000000
      30565.000 ns	      3055	80000c08	e00610d3	fclass.s	x1,f12	 f12:0xff800000  x1=0x00000001
      30595.000 ns	      3058	80000c0c	029e56b3	divu	x13,x28,x9	 x28:0x00000000  x9:0x00000000 x13=0xffffffff
      30965.000 ns	      3095	80000c10	02adde33	divu	x28,x27,x10	 x27:0x00000000 x10:0x00000010 x28=0x00000000
      30995.000 ns	      3098	80000c14	f00684d3	fmv.w.x	f9,x13	 x13:0xffffffff  f9=0xffffffff
      31025.000 ns	      3101	80000c18	c01e70d3	fcvt.wu.s	x1,f28	 f28:0x1f350483  x1=0x00000000
      31055.000 ns	      3104	80000c1c	29031c53	fmax.s	f24,f6,f16	  f6:0x7fc00000 f16:0xff800000 f24=0xff800000
      31075.000 ns	      3106	80000c20	01c7fb33	and	x22,x15,x28	 x15:0x00000001 x28:0x00000000 x22=0x00000000
      31085.000 ns	      3107	80000c24	01650db3	add	x27,x10,x22	 x10:0x00000010 x22:0x00000000 x27=0x00000010
      31095.000 ns	      3108	80000c28	01e0d933	srl	x18,x1,x30	  x1:0x00000000 x30:0x00000001 x18=0x00000000
      31105.000 ns	      3109	80000c2c	41670eb3	sub	x29,x14,x22	 x14:0x72cb4a24 x22:0x00000000 x29=0x72cb4a24
      31125.000 ns	      3111	80000c30	c01f98d3	fcvt.wu.s	x17,f31	 f31:0x42000000 x17=0x00000020
      31155.000 ns	      3114	80000c34	202f05d3	fsgnj.s	f11,f30,f2	 f30:0x7f800000  f2:0x00000000 f11=0x7f800000
      31185.000 ns	      3117	80000c38	c00c7253	fcvt.w.s	x4,f24	 f24:0xff800000  x4=0x80000000
      31215.000 ns	      3120	80000c3c	d013fb53	fcvt.s.wu	f22,x7	  x7:0x00000000 f22=0x00000000
      31235.000 ns	      3122	80000c40	40198fb3	sub	x31,x19,x1	 x19:0x00000000  x1:0x00000000 x31=0x00000000
      31245.000 ns	      3123	80000c44	0008e233	or	x4,x17,x0	 x17:0x00000020  x0:0x00000000  x4=0x00000020
      31285.000 ns	      3127	80000c48	01487453	fadd.s	f8,f16,f20	 f16:0xff800000 f20:0x00000000  f8=0xff800000
      31305.000 ns	      3129	80000c4c	f4872593	slti	x11,x14,-184	 x14:0x72cb4a24 x11=0x00000000
      31315.000 ns	      3130	80000c50	a6364c97	auipc	x25,0xa6364	 x25=0x26364c50
      31335.000 ns	      3132	80000c54	e0079553	fclass.s	x10,f15	 f15:0x800fb94f x10=0x00000004
      31355.000 ns	      3134	80000c58	2b052f13	slti	x30,x10,688	 x10:0x00000010 x30=0x00000001
      31365.000 ns	      3135	80000c5c	4175dc13	srai	x24,x11,0x17	 x11:0x00000000 x24=0x00000000
      31395.000 ns	      3138	80000c60	5803f053	fsqrt.s	f0,f7	  f7:0x00000000  f0=0x00000000
      31425.000 ns	      3141	80000c64	292b1d53	fmax.s	f26,f22,f18	 f22:0x00000000 f18:0x80000000 f26=0x00000000
      31445.000 ns	      3143	80000c68	f289b613	sltiu	x12,x19,-216	 x19:0x00000000 x12=0x00000001
      31455.000 ns	      3144	80000c6c	01b316b3	sll	x13,x6,x27	  x6:0x00000000 x27:0x00000010 x13=0x00000000
      31465.000 ns	      3145	80000c70	00a8d233	srl	x4,x17,x10	 x17:0x00000020 x10:0x00000004  x4=0x00000002
      31485.000 ns	      3147	80000c74	c0157cd3	fcvt.wu.s	x25,f10	 f10:0x7f800000 x25=0xffffffff
      31515.000 ns	      3150	80000c78	a0fa86d3	fle.s	x13,f21,f15	 f21:0xff800000 f15:0x800fb94f x13=0x00000001
      31535.000 ns	      3152	80000c7c	00e938b3	sltu	x17,x18,x14	 x18:0x00000000 x14:0x72cb4a24 x17=0x00000001
      31555.000 ns	      3154	80000c80	0264f4b3	remu	x9,x9,x6	  x9:0x00000000  x6:0x00000000  x9=0x00000000
      31575.000 ns	      3156	80000c84	01501b33	sll	x22,x0,x21	  x0:0x00000000 x21:0x00000000 x22=0x00000000
      31595.000 ns	      3158	80000c88	02616433	rem	x8,x2,x6	  x2:0x00000001  x6:0x00000000  x8=0x00000001
      31635.000 ns	      3162	80000c8c	105cfed3	fmul.s	f29,f25,f5	 f25:0x4f2aed20  f5:0xff800000 f29=0xff800000
      31665.000 ns	      3165	80000c90	20109cd3	fsgnjn.s	f25,f1,f1	  f1:0x80041020  f1:0x80041020 f25=0x00041020
      31685.000 ns	      3167	80000c94	f8137c13	andi	x24,x6,-127	  x6:0x00000000 x24=0x00000000
      31695.000 ns	      3168	80000c98	d8b32017	auipc	x0,0xd8b32	
      31705.000 ns	      3169	80000c9c	586ad417	auipc	x8,0x586ad	  x8=0xd86adc9c
      31725.000 ns	      3171	80000ca0	0215adb3	mulhsu	x27,x11,x1	 x11:0x00000000  x1:0x00000000 x27=0x00000000
      31755.000 ns	      3174	80000ca4	c01808d3	fcvt.wu.s	x17,f16	 f16:0xff800000 x17=0x00000000
      31785.000 ns	      3177	80000ca8	d0192153	fcvt.s.wu	f2,x18	 x18:0x00000000  f2=0x00000000
      31805.000 ns	      3179	80000cac	400b5d13	srai	x26,x22,0x0	 x22:0x00000000 x26=0x00000000
      31815.000 ns	      3180	80000cb0	6008a913	slti	x18,x17,1536	 x17:0x00000000 x18=0x00000001
      31825.000 ns	      3181	80000cb4	00725793	srli	x15,x4,0x7	  x4:0x00000002 x15=0x00000000
      31835.000 ns	      3182	80000cb8	40a75eb3	sra	x29,x14,x10	 x14:0x72cb4a24 x10:0x00000004 x29=0x072cb4a2
      31855.000 ns	      3184	80000cbc	03f049b3	div	x19,x0,x31	  x0:0x00000000 x31:0x00000000 x19=0xffffffff
      31885.000 ns	      3187	80000cc0	21ba8bd3	fsgnj.s	f23,f21,f27	 f21:0xff800000 f27:0x4cfefa00 f23=0x7f800000
      31905.000 ns	      3189	80000cc4	008c2cb3	slt	x25,x24,x8	 x24:0x00000000  x8:0xd86adc9c x25=0x00000000
      31925.000 ns	      3191	80000cc8	a00c8b53	fle.s	x22,f25,f0	 f25:0x00041020  f0:0x00000000 x22=0x00000000
      31955.000 ns	      3194	80000ccc	0336ab33	mulhsu	x22,x13,x19	 x13:0x00000001 x19:0xffffffff x22=0x00000000
      31975.000 ns	      3196	80000cd0	e00351b7	lui	x3,0xe0035	  x3=0xe0035000
      31985.000 ns	      3197	80000cd4	ec582893	slti	x17,x16,-315	 x16:0x80040fe4 x17=0x00000001
      31995.000 ns	      3198	80000cd8	00e18b33	add	x22,x3,x14	  x3:0x00000000 x14:0x72cb4a24 x22=0x52ce9a24
      32015.000 ns	      3200	80000cdc	c0030f53	fcvt.w.s	x30,f6	  f6:0x7fc00000 x30=0x7fffffff
      32045.000 ns	      3203	80000ce0	e0061c53	fclass.s	x24,f12	 f12:0xff800000 x24=0x00000001
      32075.000 ns	      3206	80000ce4	03b76433	rem	x8,x14,x27	 x14:0x72cb4a24 x27:0x00000000  x8=0x72cb4a24
      32095.000 ns	      3208	80000ce8	00567633	and	x12,x12,x5	 x12:0x00000001  x5:0x00000002 x12=0x00000000
      32105.000 ns	      3209	80000cec	01f5c1b3	xor	x3,x11,x31	 x11:0x00000000 x31:0x00000000  x3=0x00000000
      32115.000 ns	      3210	80000cf0	01fdb5b3	sltu	x11,x27,x31	 x27:0x00000000 x31:0x00000000 x11=0x00000000
      32135.000 ns	      3212	80000cf4	a1ff0d53	fle.s	x26,f30,f31	 f30:0x7f800000 f31:0x42000000 x26=0x00000000
      32155.000 ns	      3214	80000cf8	00549f33	sll	x30,x9,x5	  x9:0x00000000  x5:0x00000002 x30=0x00000000
      32165.000 ns	      3215	80000cfc	00053e33	sltu	x28,x10,x0	 x10:0x00000004  x0:0x00000000 x28=0x00000000
      32175.000 ns	      3216	80000d00	00000013	addi	x0,x0,0	  x0:0x00000000
      32195.000 ns	      3218	80000d04	a1241953	flt.s	x18,f8,f18	  f8:0xff800000 f18:0x80000000 x18=0x00000001
      32215.000 ns	      3220	80000d08	00000013	addi	x0,x0,0	  x0:0x00000000
      32235.000 ns	      3222	80000d0c	a01fa153	feq.s	x2,f31,f1	 f31:0x42000000  f1:0x80041020  x2=0x00000000
      32265.000 ns	      3225	80000d10	03ec8cb3	mul	x25,x25,x30	 x25:0x00000000 x30:0x00000000 x25=0x00000000
      32285.000 ns	      3227	80000d14	405ddfb3	sra	x31,x27,x5	 x27:0x00000000  x5:0x00000002 x31=0x00000000
      32305.000 ns	      3229	80000d18	a0bc1bd3	flt.s	x23,f24,f11	 f24:0xff800000 f11:0x7f800000 x23=0x00000001
      32335.000 ns	      3232	80000d1c	c008f0d3	fcvt.w.s	x1,f17	 f17:0x00000000  x1=0x00000000
      32355.000 ns	      3234	80000d20	01f12133	slt	x2,x2,x31	  x2:0x00000000 x31:0x00000000  x2=0x00000000
      32395.000 ns	      3238	80000d24	09c3ae53	fsub.s	f28,f7,f28	  f7:0x00000000 f28:0x1f350483 f28=0x9f350483
      32415.000 ns	      3240	80000d28	01e21e13	slli	x28,x4,0x1e	  x4:0x00000002 x28=0x80000000
      32435.000 ns	      3242	80000d2c	c00f19d3	fcvt.w.s	x19,f30	 f30:0x7f800000 x19=0x7fffffff
      32455.000 ns	      3244	80000d30	01419913	slli	x18,x3,0x14	  x3:0x00000000 x18=0x00000000
      32465.000 ns	      3245	80000d34	4047df93	srai	x31,x15,0x4	 x15:0x00000000 x31=0x00000000
      32485.000 ns	      3247	80000d38	e00c17d3	fclass.s	x15,f24	 f24:0xff800000 x15=0x00000001
      32515.000 ns	      3250	80000d3c	21e706d3	fsgnj.s	f13,f14,f30	 f14:0x7f800000 f30:0x7f800000 f13=0x7f800000
      32555.000 ns	      3254	80000d40	58087453	fsqrt.s	f8,f16	 f16:0xff800000  f8=0x7fc00000
      32575.000 ns	      3256	80000d44	095f8d13	addi	x26,x31,149	 x31:0x00000000 x26=0x00000095
      32595.000 ns	      3258	80000d48	03a335b3	mulhu	x11,x6,x26	  x6:0x00000000 x26:0x00000000 x11=0x00000000
      32635.000 ns	      3262	80000d4c	5809f9d3	fsqrt.s	f19,f19	 f19:0x00000000 f19=0x00000000
      32975.000 ns	      3296	80000d50	19c241d3	fdiv.s	f3,f4,f28	  f4:0x80041020 f28:0x9f350483  f3=0x1e378d2f
      32995.000 ns	      3298	80000d54	eb8f6193	ori	x3,x30,-328	 x30:0x00000000  x3=0xfffffeb8
      33005.000 ns	      3299	80000d58	002fe4b3	or	x9,x31,x2	 x31:0x00000000  x2:0x00000000  x9=0x00000000
      33045.000 ns	      3303	80000d5c	081a7fd3	fsub.s	f31,f20,f1	 f20:0x00000000  f1:0x80041020 f31=0x00041020
      33085.000 ns	      3307	80000d60	11957f53	fmul.s	f30,f10,f25	 f10:0x7f800000 f25:0x00041020 f30=0x7f800000
      33105.000 ns	      3309	80000d64	0104d893	srli	x17,x9,0x10	  x9:0x00000000 x17=0x00000000
      33115.000 ns	      3310	80000d68	003f41b3	xor	x3,x30,x3	 x30:0x00000000  x3:0xfffffeb8  x3=0xfffffeb8
      33125.000 ns	      3311	80000d6c	01bc34b3	sltu	x9,x24,x27	 x24:0x00000001 x27:0x00000000  x9=0x00000000
      33135.000 ns	      3312	80000d70	011783b3	add	x7,x15,x17	 x15:0x00000001 x17:0x00000000  x7=0x00000001
      33145.000 ns	      3313	80000d74	00a02f33	slt	x30,x0,x10	  x0:0x00000000 x10:0x00000004 x30=0x00000001
      33165.000 ns	      3315	80000d78	c01d9ad3	fcvt.wu.s	x21,f27	 f27:0x4cfefa00 x21=0x07f7d000
      33185.000 ns	      3317	80000d7c	009f9793	slli	x15,x31,0x9	 x31:0x00000000 x15=0x00000000
      33205.000 ns	      3319	80000d80	c001f3d3	fcvt.w.s	x7,f3	  f3:0x1e378d2f  x7=0x00000000
      33235.000 ns	      3322	80000d84	a0319c53	flt.s	x24,f3,f3	  f3:0x1e378d2f  f3:0x1e378d2f x24=0x00000000
      33255.000 ns	      3324	80000d88	8cd78013	addi	x0,x15,-1843	 x15:0x00000000
      33265.000 ns	      3325	80000d8c	013607b3	add	x15,x12,x19	 x12:0x00000000 x19:0x7fffffff x15=0x7fffffff
      33275.000 ns	      3326	80000d90	e1ec6093	ori	x1,x24,-482	 x24:0x00000000  x1=0xfffffe1e
      33295.000 ns	      3328	80000d94	a16b2e53	feq.s	x28,f22,f22	 f22:0x00000000 f22:0x00000000 x28=0x00000001
      33325.000 ns	      3331	80000d98	d0027fd3	fcvt.s.w	f31,x4	  x4:0x00000002 f31=0x40000000
      33375.000 ns	      3336	80000d9c	0091a6d3	fadd.s	f13,f3,f9	  f3:0x1e378d2f  f9:0xffffffff f13=0x7fc00000
      33405.000 ns	      3339	80000da0	031848b3	div	x17,x16,x17	 x16:0x80040fe4 x17:0x00000000 x17=0xffffffff
      33425.000 ns	      3341	80000da4	019404b3	add	x9,x8,x25	  x8:0x72cb4a24 x25:0x00000000  x9=0x72cb4a24
      33445.000 ns	      3343	80000da8	e00217d3	fclass.s	x15,f4	  f4:0x80041020 x15=0x00000004
      33475.000 ns	      3346	80000dac	02c2efb3	rem	x31,x5,x12	  x5:0x00000002 x12:0x00000000 x31=0x00000002
      33495.000 ns	      3348	80000db0	f6578e93	addi	x29,x15,-155	 x15:0x00000004 x29=0xffffff69
      33505.000 ns	      3349	80000db4	f9358613	addi	x12,x11,-109	 x11:0x00000000 x12=0xffffff93
      33525.000 ns	      3351	80000db8	d002f153	fcvt.s.w	f2,x5	  x5:0x00000002  f2=0x40000000
      33545.000 ns	      3353	80000dbc	5cd14093	xori	x1,x2,1485	  x2:0x00000000  x1=0x000005cd
      33555.000 ns	      3354	80000dc0	006cd493	srli	x9,x25,0x6	 x25:0x00000000  x9=0x00000000
      33565.000 ns	      3355	80000dc4	0053d313	srli	x6,x7,0x5	  x7:0x00000000  x6=0x00000000
      33585.000 ns	      3357	80000dc8	d00f2a53	fcvt.s.w	f20,x30	 x30:0x00000001 f20=0x3f800000
      33615.000 ns	      3360	80000dcc	e00d98d3	fclass.s	x17,f27	 f27:0x4cfefa00 x17=0x00000040
      33655.000 ns	      3364	80000dd0	5804a753	fsqrt.s	f14,f9	  f9:0xffffffff f14=0x7fc00000
      33685.000 ns	      3367	80000dd4	a022a4d3	feq.s	x9,f5,f2	  f5:0xff800000  f2:0x40000000  x9=0x00000000
      33715.000 ns	      3370	80000dd8	0266de33	divu	x28,x13,x6	 x13:0x00000001  x6:0x00000000 x28=0xffffffff
      33735.000 ns	      3372	80000ddc	01d39d33	sll	x26,x7,x29	  x7:0x00000000 x29:0xffffff69 x26=0x00000000
      33745.000 ns	      3373	80000de0	41a25433	sra	x8,x4,x26	  x4:0x00000002 x26:0x00000095  x8=0x00000002
      33755.000 ns	      3374	80000de4	01ffa633	slt	x12,x31,x31	 x31:0x00000002 x31:0x00000002 x12=0x00000000
      33765.000 ns	      3375	80000de8	00585913	srli	x18,x16,0x5	 x16:0x80040fe4 x18=0x0400207f
      33785.000 ns	      3377	80000dec	e00d8653	fmv.x.w	x12,f27	 f27:0x4cfefa00 x12=0x4cfefa00
      33815.000 ns	      3380	80000df0	022055b3	divu	x11,x0,x2	  x0:0x00000000  x2:0x00000000 x11=0xffffffff
      33835.000 ns	      3382	80000df4	64832b93	slti	x23,x6,1608	  x6:0x00000000 x23=0x00000001
      33855.000 ns	      3384	80000df8	e00197d3	fclass.s	x15,f3	  f3:0x1e378d2f x15=0x00000040
      33885.000 ns	      3387	80000dfc	c00b7fd3	fcvt.w.s	x31,f22	 f22:0x00000000 x31=0x00000000
      33915.000 ns	      3390	80000e00	e00f8dd3	fmv.x.w	x27,f31	 f31:0x40000000 x27=0x40000000
      33935.000 ns	      3392	80000e04	00b01b33	sll	x22,x0,x11	  x0:0x00000000 x11:0xffffffff x22=0x00000000
      33945.000 ns	      3393	80000e08	12dd0993	addi	x19,x26,301	 x26:0x00000000 x19=0x0000012d
      33955.000 ns	      3394	80000e0c	ed59d417	auipc	x8,0xed59d	  x8=0x6d59de0c
      33965.000 ns	      3395	80000e10	00c63b33	sltu	x22,x12,x12	 x12:0x4cfefa00 x12:0x4cfefa00 x22=0x00000000
      33985.000 ns	      3397	80000e14	d01f2f53	fcvt.s.wu	f30,x30	 x30:0x00000001 f30=0x3f800000
      34025.000 ns	      3401	80000e18	580bcb53	fsqrt.s	f22,f23	 f23:0x7f800000 f22=0x7f800000
      34065.000 ns	      3405	80000e1c	11dd1b53	fmul.s	f22,f26,f29	 f26:0x00000000 f29:0xff800000 f22=0x7fc00000
      34085.000 ns	      3407	80000e20	4ee34b93	xori	x23,x6,1262	  x6:0x00000000 x23=0x000004ee
      34105.000 ns	      3409	80000e24	295a8553	fmin.s	f10,f21,f21	 f21:0xff800000 f21:0xff800000 f10=0xff800000
      34135.000 ns	      3412	80000e28	038aae33	mulhsu	x28,x21,x24	 x21:0x07f7d000 x24:0x00000000 x28=0x00000000
      34155.000 ns	      3414	80000e2c	0194b1b3	sltu	x3,x9,x25	  x9:0x00000000 x25:0x00000000  x3=0x00000000
      34165.000 ns	      3415	80000e30	00fa77b3	and	x15,x20,x15	 x20:0x80041024 x15:0x00000040 x15=0x00000000
      34525.000 ns	      3451	80000e34	024afab3	remu	x21,x21,x4	 x21:0x07f7d000  x4:0x00000002 x21=0x00000000
      34545.000 ns	      3453	80000e38	25be6897	auipc	x17,0x25be6	 x17=0xa5be6e38
      34555.000 ns	      3454	80000e3c	00fa06b3	add	x13,x20,x15	 x20:0x80041024 x15:0x00000000 x13=0x80041024
      34575.000 ns	      3456	80000e40	c008f653	fcvt.w.s	x12,f17	 f17:0x00000000 x12=0x00000000
      34595.000 ns	      3458	80000e44	006a7cb3	and	x25,x20,x6	 x20:0x80041024  x6:0x00000000 x25=0x00000000
      34605.000 ns	      3459	80000e48	02cdfb17	auipc	x22,0x2cdf	 x22=0x82cdfe48
      34625.000 ns	      3461	80000e4c	212307d3	fsgnj.s	f15,f6,f18	  f6:0x7fc00000 f18:0x80000000 f15=0xffc00000
      34655.000 ns	      3464	80000e50	21f21653	fsgnjn.s	f12,f4,f31	  f4:0x80041020 f31:0x40000000 f12=0x80041020
      34685.000 ns	      3467	80000e54	c00af9d3	fcvt.w.s	x19,f21	 f21:0xff800000 x19=0x80000000
      34705.000 ns	      3469	80000e58	677ffe13	andi	x28,x31,1655	 x31:0x00000000 x28=0x00000000
      34715.000 ns	      3470	80000e5c	0088d993	srli	x19,x17,0x8	 x17:0xa5be6e38 x19=0x00a5be6e
      34735.000 ns	      3472	80000e60	a04e95d3	flt.s	x11,f29,f4	 f29:0xff800000  f4:0x80041020 x11=0x00000001
      34755.000 ns	      3474	80000e64	4083d133	sra	x2,x7,x8	  x7:0x00000000  x8:0x6d59de0c  x2=0x00000000
      34765.000 ns	      3475	80000e68	00d3d693	srli	x13,x7,0xd	  x7:0x00000000 x13=0x00000000
      34775.000 ns	      3476	80000e6c	0009d013	srli	x0,x19,0x0	 x19:0x00a5be6e
      34795.000 ns	      3478	80000e70	a1e619d3	flt.s	x19,f12,f30	 f12:0x80041020 f30:0x3f800000 x19=0x00000001
      34825.000 ns	      3481	80000e74	a1b11653	flt.s	x12,f2,f27	  f2:0x40000000 f27:0x4cfefa00 x12=0x00000001
      34845.000 ns	      3483	80000e78	d4590b93	addi	x23,x18,-699	 x18:0x0400207f x23=0x04001dc4
      34855.000 ns	      3484	80000e7c	ca000193	addi	x3,x0,-864	  x0:0x00000000  x3=0xfffffca0
      34875.000 ns	      3486	80000e80	02809d33	mulh	x26,x1,x8	  x1:0x000005cd  x8:0x6d59de0c x26=0x0000027a
      34895.000 ns	      3488	80000e84	418c8c33	sub	x24,x25,x24	 x25:0x00000000 x24:0x00000000 x24=0x00000000
      34905.000 ns	      3489	80000e88	00e9cab3	xor	x21,x19,x14	 x19:0x00000001 x14:0x72cb4a24 x21=0x72cb4a25
      34925.000 ns	      3491	80000e8c	c002b5d3	fcvt.w.s	x11,f5	  f5:0xff800000 x11=0x80000000
      34965.000 ns	      3495	80000e90	5807c353	fsqrt.s	f6,f15	 f15:0xffc00000  f6=0x7fc00000
      34985.000 ns	      3497	80000e94	01b33933	sltu	x18,x6,x27	  x6:0x00000000 x27:0x40000000 x18=0x00000001
      35025.000 ns	      3501	80000e98	08724b53	fsub.s	f22,f4,f7	  f4:0x80041020  f7:0x00000000 f22=0x80041020
      35055.000 ns	      3504	80000e9c	29449b53	fmax.s	f22,f9,f20	  f9:0xffffffff f20:0x3f800000 f22=0x3f800000
      35095.000 ns	      3508	80000ea0	19007dd3	fdiv.s	f27,f0,f16	  f0:0x00000000 f16:0xff800000 f27=0x80000000
      35125.000 ns	      3511	80000ea4	024282b3	mul	x5,x5,x4	  x5:0x00000002  x4:0x00000002  x5=0x00000004
      35145.000 ns	      3513	80000ea8	2a770d93	addi	x27,x14,679	 x14:0x72cb4a24 x27=0x72cb4ccb
      35165.000 ns	      3515	80000eac	289010d3	fmax.s	f1,f0,f9	  f0:0x00000000  f9:0xffffffff  f1=0x00000000
      35185.000 ns	      3517	80000eb0	015e7fb3	and	x31,x28,x21	 x28:0x00000000 x21:0x72cb4a25 x31=0x00000000
      35195.000 ns	      3518	80000eb4	0196b5b3	sltu	x11,x13,x25	 x13:0x00000000 x25:0x00000000 x11=0x00000000
      35205.000 ns	      3519	80000eb8	010ed493	srli	x9,x29,0x10	 x29:0xffffff69  x9=0x0000ffff
      35565.000 ns	      3555	80000ebc	0336ef33	rem	x30,x13,x19	 x13:0x00000000 x19:0x00000001 x30=0x00000000
      35585.000 ns	      3557	80000ec0	40fe5993	srai	x19,x28,0xf	 x28:0x00000000 x19=0x00000000
      35595.000 ns	      3558	80000ec4	00000013	addi	x0,x0,0	  x0:0x00000000
      35605.000 ns	      3559	80000ec8	01a5b8b3	sltu	x17,x11,x26	 x11:0x00000000 x26:0x0000027a x17=0x00000001
      35625.000 ns	      3561	80000ecc	29b70553	fmin.s	f10,f14,f27	 f14:0x7fc00000 f27:0x80000000 f10=0x80000000
      35645.000 ns	      3563	80000ed0	55767113	andi	x2,x12,1367	 x12:0x00000001  x2=0x00000001
      35655.000 ns	      3564	80000ed4	8fd17e93	andi	x29,x2,-1795	  x2:0x00000000 x29=0x00000001
      35675.000 ns	      3566	80000ed8	d015a053	fcvt.s.wu	f0,x11	 x11:0x00000000  f0=0x00000000
      35695.000 ns	      3568	80000edc	0174f133	and	x2,x9,x23	  x9:0x0000ffff x23:0x04001dc4  x2=0x00001dc4
      35725.000 ns	      3571	80000ee0	5807f7d3	fsqrt.s	f15,f15	 f15:0xffc00000 f15=0x7fc00000
      35745.000 ns	      3573	80000ee4	42492193	slti	x3,x18,1060	 x18:0x00000001  x3=0x00000001
      35765.000 ns	      3575	80000ee8	206e9a53	fsgnjn.s	f20,f29,f6	 f29:0xff800000  f6:0x7fc00000 f20=0xff800000
      35785.000 ns	      3577	80000eec	21a02593	slti	x11,x0,538	  x0:0x00000000 x11=0x00000001
      35805.000 ns	      3579	80000ef0	a0aa0cd3	fle.s	x25,f20,f10	 f20:0xff800000 f10:0x80000000 x25=0x00000001
      35825.000 ns	      3581	80000ef4	97ecf113	andi	x2,x25,-1666	 x25:0x00000000  x2=0x00000000
      35855.000 ns	      3584	80000ef8	19897d53	fdiv.s	f26,f18,f24	 f18:0x80000000 f24:0xff800000 f26=0x00000000
      35875.000 ns	      3586	80000efc	45733693	sltiu	x13,x6,1111	  x6:0x00000000 x13=0x00000001
      35885.000 ns	      3587	80000f00	01bb1113	slli	x2,x22,0x1b	 x22:0x82cdfe48  x2=0x40000000
      35905.000 ns	      3589	80000f04	038b2c33	mulhsu	x24,x22,x24	 x22:0x82cdfe48 x24:0x00000000 x24=0x00000000
      35925.000 ns	      3591	80000f08	00000013	addi	x0,x0,0	  x0:0x00000000
      35935.000 ns	      3592	80000f0c	00d5d293	srli	x5,x11,0xd	 x11:0x00000001  x5=0x00000000
      35955.000 ns	      3594	80000f10	02813333	mulhu	x6,x2,x8	  x2:0x40000000  x8:0x6d59de0c  x6=0x1b567783
      36325.000 ns	      3631	80000f14	030e6633	rem	x12,x28,x16	 x28:0x00000000 x16:0x80040fe4 x12=0x00000000
      36345.000 ns	      3633	80000f18	3400f117	auipc	x2,0x3400f	  x2=0xb400ff18
      36365.000 ns	      3635	80000f1c	d0021bd3	fcvt.s.w	f23,x4	  x4:0x00000002 f23=0x40000000
      36395.000 ns	      3638	80000f20	c016f2d3	fcvt.wu.s	x5,f13	 f13:0x7fc00000  x5=0xffffffff
      36415.000 ns	      3640	80000f24	002aa3b3	slt	x7,x21,x2	 x21:0x72cb4a25  x2:0xb400ff18  x7=0x00000000
      36435.000 ns	      3642	80000f28	20c217d3	fsgnjn.s	f15,f4,f12	  f4:0x80041020 f12:0x80041020 f15=0x00041020
      36465.000 ns	      3645	80000f2c	287c0053	fmin.s	f0,f24,f7	 f24:0xff800000  f7:0x00000000  f0=0xff800000
      36495.000 ns	      3648	80000f30	c018a453	fcvt.wu.s	x8,f17	 f17:0x00000000  x8=0x00000000
      36515.000 ns	      3650	80000f34	00c35493	srli	x9,x6,0xc	  x6:0x1b567783  x9=0x0001b567
      37685.000 ns	      3767	80000f38	5801f153	fsqrt.s	f2,f3	  f3:0x1e378d2f  f2=0x2e81ca47
      37705.000 ns	      3769	80000f3c	817dc893	xori	x17,x27,-2025	 x27:0x72cb4ccb x17=0x8d34b4dc
      37715.000 ns	      3770	80000f40	da918a93	addi	x21,x3,-599	  x3:0x00000001 x21=0xfffffdaa
      37725.000 ns	      3771	80000f44	00bedc33	srl	x24,x29,x11	 x29:0x00000001 x11:0x00000001 x24=0x00000000
      37745.000 ns	      3773	80000f48	c01c0253	fcvt.wu.s	x4,f24	 f24:0xff800000  x4=0x00000000
      38115.000 ns	      3810	80000f4c	02d55933	divu	x18,x10,x13	 x10:0x00000004 x13:0x00000001 x18=0x00000004
      38155.000 ns	      3814	80000f50	11742cd3	fmul.s	f25,f8,f23	  f8:0x7fc00000 f23:0x40000000 f25=0x7fc00000
      38175.000 ns	      3816	80000f54	01f3d433	srl	x8,x7,x31	  x7:0x00000000 x31:0x00000000  x8=0x00000000
      38195.000 ns	      3818	80000f58	03f58533	mul	x10,x11,x31	 x11:0x00000001 x31:0x00000000 x10=0x00000000
      38225.000 ns	      3821	80000f5c	20cd2a53	fsgnjx.s	f20,f26,f12	 f26:0x00000000 f12:0x80041020 f20=0x80000000
      38245.000 ns	      3823	80000f60	406b5593	srai	x11,x22,0x6	 x22:0x82cdfe48 x11=0xfe0b37f9
      38605.000 ns	      3859	80000f64	02176533	rem	x10,x14,x1	 x14:0x72cb4a24  x1:0x000005cd x10=0x000002b9
      38635.000 ns	      3862	80000f68	a1060dd3	fle.s	x27,f12,f16	 f12:0x80041020 f16:0xff800000 x27=0x00000000
      38665.000 ns	      3865	80000f6c	a04520d3	feq.s	x1,f10,f4	 f10:0x80000000  f4:0x80041020  x1=0x00000000
      38685.000 ns	      3867	80000f70	51b58013	addi	x0,x11,1307	 x11:0xfe0b37f9
      38705.000 ns	      3869	80000f74	02f9c2b3	div	x5,x19,x15	 x19:0x00000000 x15:0x00000000  x5=0xffffffff
      38735.000 ns	      3872	80000f78	a1988653	fle.s	x12,f17,f25	 f17:0x00000000 f25:0x7fc00000 x12=0x00000000
      38765.000 ns	      3875	80000f7c	03460ab3	mul	x21,x12,x20	 x12:0x00000000 x20:0x80041024 x21=0x00000000
      38785.000 ns	      3877	80000f80	41aa0c33	sub	x24,x20,x26	 x20:0x80041024 x26:0x0000027a x24=0x80040daa
      38795.000 ns	      3878	80000f84	45ca4597	auipc	x11,0x45ca4	 x11=0xc5ca4f84
      38805.000 ns	      3879	80000f88	01d09013	slli	x0,x1,0x1d	  x1:0x00000000
      38825.000 ns	      3881	80000f8c	e00b0953	fmv.x.w	x18,f22	 f22:0x3f800000 x18=0x3f800000
      38845.000 ns	      3883	80000f90	000b1213	slli	x4,x22,0x0	 x22:0x82cdfe48  x4=0x82cdfe48
      38865.000 ns	      3885	80000f94	d01479d3	fcvt.s.wu	f19,x8	  x8:0x00000000 f19=0x00000000
      38895.000 ns	      3888	80000f98	e0051ed3	fclass.s	x29,f10	 f10:0x80000000 x29=0x00000008
      38925.000 ns	      3891	80000f9c	0315bb33	mulhu	x22,x11,x17	 x11:0xc5ca4f84 x17:0x8d34b4dc x22=0x6d1926a0
      38945.000 ns	      3893	80000fa0	01bd98b3	sll	x17,x27,x27	 x27:0x00000000 x27:0x00000000 x17=0x00000000
      38965.000 ns	      3895	80000fa4	03c0dfb3	divu	x31,x1,x28	  x1:0x00000000 x28:0x00000000 x31=0xffffffff
      39005.000 ns	      3899	80000fa8	58077753	fsqrt.s	f14,f14	 f14:0x7fc00000 f14=0x7fc00000
      39035.000 ns	      3902	80000fac	03ca7ab3	remu	x21,x20,x28	 x20:0x80041024 x28:0x00000000 x21=0x80041024
      39065.000 ns	      3905	80000fb0	20fd1453	fsgnjn.s	f8,f26,f15	 f26:0x00000000 f15:0x00041020  f8=0x80000000
      39085.000 ns	      3907	80000fb4	681f7393	andi	x7,x30,1665	 x30:0x00000000  x7=0x00000000
      39105.000 ns	      3909	80000fb8	c00eb253	fcvt.w.s	x4,f29	 f29:0xff800000  x4=0x80000000
      39125.000 ns	      3911	80000fbc	407087b3	sub	x15,x1,x7	  x1:0x00000000  x7:0x00000000 x15=0x00000000
      39135.000 ns	      3912	80000fc0	d8a1a413	slti	x8,x3,-630	  x3:0x00000001  x8=0x00000000
      39155.000 ns	      3914	80000fc4	201907d3	fsgnj.s	f15,f18,f1	 f18:0x80000000  f1:0x00000000 f15=0x00000000
      39185.000 ns	      3917	80000fc8	03f824b3	mulhsu	x9,x16,x31	 x16:0x80040fe4 x31:0xffffffff  x9=0x80040fe4
      39215.000 ns	      3920	80000fcc	21149353	fsgnjn.s	f6,f9,f17	  f9:0xffffffff f17:0x00000000  f6=0xffffffff
      39245.000 ns	      3923	80000fd0	20cc02d3	fsgnj.s	f5,f24,f12	 f24:0xff800000 f12:0x80041020  f5=0xff800000
      39265.000 ns	      3925	80000fd4	a76f3593	sltiu	x11,x30,-1418	 x30:0x00000000 x11=0x00000001
      39625.000 ns	      3961	80000fd8	03444333	div	x6,x8,x20	  x8:0x00000000 x20:0x80041024  x6=0x00000000
      39675.000 ns	      3966	80000fdc	0044fbd3	fadd.s	f23,f9,f4	  f9:0xffffffff  f4:0x80041020 f23=0x7fc00000
      40045.000 ns	      4003	80000fe0	025f7133	remu	x2,x30,x5	 x30:0x00000000  x5:0xffffffff  x2=0x00000000
      40065.000 ns	      4005	80000fe4	01a07b33	and	x22,x0,x26	  x0:0x00000000 x26:0x0000027a x22=0x00000000
      40095.000 ns	      4008	80000fe8	18e2fd53	fdiv.s	f26,f5,f14	  f5:0xff800000 f14:0x7fc00000 f26=0x7fc00000
      40125.000 ns	      4011	80000fec	a0248ad3	fle.s	x21,f9,f2	  f9:0xffffffff  f2:0x2e81ca47 x21=0x00000000
      40155.000 ns	      4014	80000ff0	c010f5d3	fcvt.wu.s	x11,f1	  f1:0x00000000 x11=0x00000000
      40185.000 ns	      4017	80000ff4	210395d3	fsgnjn.s	f11,f7,f16	  f7:0x00000000 f16:0xff800000 f11=0x00000000
      41365.000 ns	      4135	80000ff8	580b7a53	fsqrt.s	f20,f22	 f22:0x3f800000 f20=0x3f7fffae
      41385.000 ns	      4137	80000ffc	0149b333	sltu	x6,x19,x20	 x19:0x00000000 x20:0x80041024  x6=0x00000001
      41395.000 ns	      4138	80001000	0086edb3	or	x27,x13,x8	 x13:0x00000001  x8:0x00000000 x27=0x00000001
      41415.000 ns	      4140	80001004	20a92353	fsgnjx.s	f6,f18,f10	 f18:0x80000000 f10:0x80000000  f6=0x00000000
      41435.000 ns	      4142	80001008	8ea56113	ori	x2,x10,-1814	 x10:0x000002b9  x2=0xfffffafb
      41445.000 ns	      4143	8000100c	01ecdd13	srli	x26,x25,0x1e	 x25:0x00000001 x26=0x00000000
      41465.000 ns	      4145	80001010	21cbab53	fsgnjx.s	f22,f23,f28	 f23:0x7fc00000 f28:0x9f350483 f22=0xffc00000
      41495.000 ns	      4148	80001014	f0000353	fmv.w.x	f6,x0	  x0:0x00000000  f6=0x00000000
      41515.000 ns	      4150	80001018	01b94cb3	xor	x25,x18,x27	 x18:0x3f800000 x27:0x00000001 x25=0x3f800001
      41525.000 ns	      4151	8000101c	418c5013	srai	x0,x24,0x18	 x24:0x80040daa
      41535.000 ns	      4152	80001020	46c28113	addi	x2,x5,1132	  x5:0xffffffff  x2=0x0000046b
      41555.000 ns	      4154	80001024	a0b081d3	fle.s	x3,f1,f11	  f1:0x00000000 f11:0x00000000  x3=0x00000001
      41575.000 ns	      4156	80001028	668bb513	sltiu	x10,x23,1640	 x23:0x04001dc4 x10=0x00000000
      41595.000 ns	      4158	8000102c	28688853	fmin.s	f16,f17,f6	 f17:0x00000000  f6:0x00000000 f16=0x00000000
      41625.000 ns	      4161	80001030	28198e53	fmin.s	f28,f19,f1	 f19:0x00000000  f1:0x00000000 f28=0x00000000
      41645.000 ns	      4163	80001034	006f5013	srli	x0,x30,0x6	 x30:0x00000000
      41675.000 ns	      4166	80001038	580afdd3	fsqrt.s	f27,f21	 f21:0xff800000 f27=0x7fc00000
      41695.000 ns	      4168	8000103c	4152df93	srai	x31,x5,0x15	  x5:0xffffffff x31=0xffffffff
      41715.000 ns	      4170	80001040	02a48633	mul	x12,x9,x10	  x9:0x80040fe4 x10:0x00000000 x12=0x00000000
      41745.000 ns	      4173	80001044	02732333	mulhsu	x6,x6,x7	  x6:0x00000001  x7:0x00000000  x6=0x00000000
      41775.000 ns	      4176	80001048	a0af80d3	fle.s	x1,f31,f10	 f31:0x40000000 f10:0x80000000  x1=0x00000000
      41805.000 ns	      4179	8000104c	d00877d3	fcvt.s.w	f15,x16	 x16:0x80040fe4 f15=0xcefff7e0
      41855.000 ns	      4184	80001050	0084f0d3	fadd.s	f1,f9,f8	  f9:0xffffffff  f8:0x80000000  f1=0x7fc00000
      41885.000 ns	      4187	80001054	033ae6b3	rem	x13,x21,x19	 x21:0x00000000 x19:0x00000000 x13=0x00000000
      41915.000 ns	      4190	80001058	a17824d3	feq.s	x9,f16,f23	 f16:0x00000000 f23:0x7fc00000  x9=0x00000000
      41935.000 ns	      4192	8000105c	008826b3	slt	x13,x16,x8	 x16:0x80040fe4  x8:0x00000000 x13=0x00000001
      42295.000 ns	      4228	80001060	03bf77b3	remu	x15,x30,x27	 x30:0x00000000 x27:0x00000001 x15=0x00000000
      42325.000 ns	      4231	80001064	a09510d3	flt.s	x1,f10,f9	 f10:0x80000000  f9:0xffffffff  x1=0x00000000
      42355.000 ns	      4234	80001068	216faa53	fsgnjx.s	f20,f31,f22	 f31:0x40000000 f22:0xffc00000 f20=0xc0000000
      42395.000 ns	      4238	8000106c	19233253	fdiv.s	f4,f6,f18	  f6:0x00000000 f18:0x80000000  f4=0x7fc00000
      42445.000 ns	      4243	80001070	08e27c53	fsub.s	f24,f4,f14	  f4:0x80041020 f14:0x7fc00000 f24=0x7fc00000
      42495.000 ns	      4248	80001074	090a97d3	fsub.s	f15,f21,f16	 f21:0xff800000 f16:0x00000000 f15=0xff800000
      42535.000 ns	      4252	80001078	580d7953	fsqrt.s	f18,f26	 f26:0x7fc00000 f18=0x7fc00000
      42555.000 ns	      4254	8000107c	40775b33	sra	x22,x14,x7	 x14:0x72cb4a24  x7:0x00000000 x22=0x72cb4a24
      42575.000 ns	      4256	80001080	a19b0453	fle.s	x8,f22,f25	 f22:0xffc00000 f25:0x7fc00000  x8=0x00000000
      42595.000 ns	      4258	80001084	000202b3	add	x5,x4,x0	  x4:0x80000000  x0:0x00000000  x5=0x80000000
      42605.000 ns	      4259	80001088	886b7913	andi	x18,x22,-1914	 x22:0x72cb4a24 x18=0x72cb4804
      42965.000 ns	      4295	8000108c	03006333	rem	x6,x0,x16	  x0:0x00000000 x16:0x80040fe4  x6=0x00000000
      42995.000 ns	      4298	80001090	21a3a253	fsgnjx.s	f4,f7,f26	  f7:0x00000000 f26:0x7fc00000  f4=0x00000000
      43015.000 ns	      4300	80001094	01b895b3	sll	x11,x17,x27	 x17:0x00000000 x27:0x00000001 x11=0x00000000
      43035.000 ns	      4302	80001098	e00e8e53	fmv.x.w	x28,f29	 f29:0xff800000 x28=0xff800000
      43085.000 ns	      4307	8000109c	003c1453	fadd.s	f8,f24,f3	 f24:0x7fc00000  f3:0x1e378d2f  f8=0x7fc00000
      43125.000 ns	      4311	800010a0	19622fd3	fdiv.s	f31,f4,f22	  f4:0x00000000 f22:0xffc00000 f31=0x7fc00000
      43155.000 ns	      4314	800010a4	29e381d3	fmin.s	f3,f7,f30	  f7:0x00000000 f30:0x3f800000  f3=0x00000000
      43185.000 ns	      4317	800010a8	d0087a53	fcvt.s.w	f20,x16	 x16:0x80040fe4 f20=0xcefff7e0
      43215.000 ns	      4320	800010ac	023235b3	mulhu	x11,x4,x3	  x4:0x80000000  x3:0x00000001 x11=0x00000000
      43245.000 ns	      4323	800010b0	033eebb3	rem	x23,x29,x19	 x29:0x00000008 x19:0x00000000 x23=0x00000008
      43265.000 ns	      4325	800010b4	c06d4313	xori	x6,x26,-1018	 x26:0x00000000  x6=0xfffffc06
      43275.000 ns	      4326	800010b8	3de12f93	slti	x31,x2,990	  x2:0x0000046b x31=0x00000000
      43285.000 ns	      4327	800010bc	e448ed93	ori	x27,x17,-444	 x17:0x00000000 x27=0xfffffe44
      43295.000 ns	      4328	800010c0	00915413	srli	x8,x2,0x9	  x2:0x0000046b  x8=0x00000002
      43305.000 ns	      4329	800010c4	35087a93	andi	x21,x16,848	 x16:0x80040fe4 x21=0x00000340
      43325.000 ns	      4331	800010c8	293f0cd3	fmin.s	f25,f30,f19	 f30:0x3f800000 f19:0x00000000 f25=0x00000000
      43355.000 ns	      4334	800010cc	20a811d3	fsgnjn.s	f3,f16,f10	 f16:0x00000000 f10:0x80000000  f3=0x00000000
      43725.000 ns	      4371	800010d0	03d5e4b3	rem	x9,x11,x29	 x11:0x00000000 x29:0x00000008  x9=0x00000000
      43755.000 ns	      4374	800010d4	a04f1953	flt.s	x18,f30,f4	 f30:0x3f800000  f4:0x00000000 x18=0x00000000
      43775.000 ns	      4376	800010d8	41e100b3	sub	x1,x2,x30	  x2:0x0000046b x30:0x00000000  x1=0x0000046b
      43785.000 ns	      4377	800010dc	40b2d7b3	sra	x15,x5,x11	  x5:0x80000000 x11:0x00000000 x15=0x80000000
      43795.000 ns	      4378	800010e0	3a7c5e37	lui	x28,0x3a7c5	 x28=0x3a7c5000
      43805.000 ns	      4379	800010e4	01fbd313	srli	x6,x23,0x1f	 x23:0x00000008  x6=0x00000000
      43845.000 ns	      4383	800010e8	00fe9dd3	fadd.s	f27,f29,f15	 f29:0xff800000 f15:0xff800000 f27=0x80000000
      43865.000 ns	      4385	800010ec	00582b33	slt	x22,x16,x5	 x16:0x80040fe4  x5:0x80000000 x22=0x00000000
      43885.000 ns	      4387	800010f0	f0088f53	fmv.w.x	f30,x17	 x17:0x00000000 f30=0x00000000
      43905.000 ns	      4389	800010f4	1b824513	xori	x10,x4,440	  x4:0x80000000 x10=0x800001b8
      43925.000 ns	      4391	800010f8	a1e08153	fle.s	x2,f1,f30	  f1:0x7fc00000 f30:0x00000000  x2=0x00000000
      43945.000 ns	      4393	800010fc	4096de33	sra	x28,x13,x9	 x13:0x00000001  x9:0x00000000 x28=0x00000001
      43955.000 ns	      4394	80001100	24d16513	ori	x10,x2,589	  x2:0x00000000 x10=0x0000024d
      43965.000 ns	      4395	80001104	01c25093	srli	x1,x4,0x1c	  x4:0x80000000  x1=0x00000008
      43975.000 ns	      4396	80001108	d28bff13	andi	x30,x23,-728	 x23:0x00000008 x30=0x00000008
      43995.000 ns	      4398	8000110c	03b1a8b3	mulhsu	x17,x3,x27	  x3:0x00000001 x27:0xfffffe44 x17=0x00000000
      44015.000 ns	      4400	80001110	40c951b3	sra	x3,x18,x12	 x18:0x00000000 x12:0x00000000  x3=0x00000000
      44025.000 ns	      4401	80001114	418a5613	srai	x12,x20,0x18	 x20:0x80041024 x12=0xffffff80
      44045.000 ns	      4403	80001118	03b39cb3	mulh	x25,x7,x27	  x7:0x00000000 x27:0xfffffe44 x25=0x00000000
      44065.000 ns	      4405	8000111c	5e2bb213	sltiu	x4,x23,1506	 x23:0x00000008  x4=0x00000001
      44085.000 ns	      4407	80001120	215b8653	fsgnj.s	f12,f23,f21	 f23:0x7fc00000 f21:0xff800000 f12=0xffc00000
      44115.000 ns	      4410	80001124	03b42133	mulhsu	x2,x8,x27	  x8:0x00000002 x27:0xfffffe44  x2=0x00000001
      44135.000 ns	      4412	80001128	41a78b33	sub	x22,x15,x26	 x15:0x80000000 x26:0x00000000 x22=0x80000000
      44155.000 ns	      4414	8000112c	e00713d3	fclass.s	x7,f14	 f14:0x7fc00000  x7=0x00000200
      44175.000 ns	      4416	80001130	01a8f0b3	and	x1,x17,x26	 x17:0x00000000 x26:0x00000000  x1=0x00000000
      44195.000 ns	      4418	80001134	d00ca7d3	fcvt.s.w	f15,x25	 x25:0x00000000 f15=0x00000000
      44225.000 ns	      4421	80001138	f00d02d3	fmv.w.x	f5,x26	 x26:0x00000000  f5=0x00000000
      44245.000 ns	      4423	8000113c	00004e33	xor	x28,x0,x0	  x0:0x00000000  x0:0x00000000 x28=0x00000000
      44255.000 ns	      4424	80001140	50a8f913	andi	x18,x17,1290	 x17:0x00000000 x18=0x00000000
      44265.000 ns	      4425	80001144	40b55413	srai	x8,x10,0xb	 x10:0x0000024d  x8=0x00000000
      44275.000 ns	      4426	80001148	013e84b3	add	x9,x29,x19	 x29:0x00000008 x19:0x00000000  x9=0x00000008
      44305.000 ns	      4429	8000114c	580ef453	fsqrt.s	f8,f29	 f29:0xff800000  f8=0x7fc00000
      44335.000 ns	      4432	80001150	c0127ad3	fcvt.wu.s	x21,f4	  f4:0x00000000 x21=0x00000000
      44365.000 ns	      4435	80001154	20eb8a53	fsgnj.s	f20,f23,f14	 f23:0x7fc00000 f14:0x7fc00000 f20=0x7fc00000
      44405.000 ns	      4439	80001158	10e22ed3	fmul.s	f29,f4,f14	  f4:0x00000000 f14:0x7fc00000 f29=0x7fc00000
      44425.000 ns	      4441	8000115c	01601d13	slli	x26,x0,0x16	  x0:0x00000000 x26=0x00000000
      44445.000 ns	      4443	80001160	29b59b53	fmax.s	f22,f11,f27	 f11:0x00000000 f27:0x80000000 f22=0x00000000
      44465.000 ns	      4445	80001164	dd6423b7	lui	x7,0xdd642	  x7=0xdd642000
      44485.000 ns	      4447	80001168	02d68cb3	mul	x25,x13,x13	 x13:0x00000001 x13:0x00000001 x25=0x00000001
      44505.000 ns	      4449	8000116c	8655bf13	sltiu	x30,x11,-1947	 x11:0x00000000 x30=0x00000001
      44535.000 ns	      4452	80001170	58087853	fsqrt.s	f16,f16	 f16:0x00000000 f16=0x00000000
      44555.000 ns	      4454	80001174	0457a493	slti	x9,x15,69	 x15:0x80000000  x9=0x00000001
      44575.000 ns	      4456	80001178	f00d02d3	fmv.w.x	f5,x26	 x26:0x00000000  f5=0x00000000
      44595.000 ns	      4458	8000117c	0052a4b3	slt	x9,x5,x5	  x5:0x80000000  x5:0x80000000  x9=0x00000000
      44605.000 ns	      4459	80001180	01305f13	srli	x30,x0,0x13	  x0:0x00000000 x30=0x00000000
      44615.000 ns	      4460	80001184	3e227213	andi	x4,x4,994	  x4:0x00000001  x4=0x00000000
      44625.000 ns	      4461	80001188	0177fc33	and	x24,x15,x23	 x15:0x80000000 x23:0x00000008 x24=0x00000000
      44645.000 ns	      4463	8000118c	c0063c53	fcvt.w.s	x24,f12	 f12:0xffc00000 x24=0x7fffffff
      44675.000 ns	      4466	80001190	03721333	mulh	x6,x4,x23	  x4:0x00000000 x23:0x00000008  x6=0x00000000
      44695.000 ns	      4468	80001194	00abe3b3	or	x7,x23,x10	 x23:0x00000008 x10:0x0000024d  x7=0x0000024d
      44715.000 ns	      4470	80001198	e0090253	fmv.x.w	x4,f18	 f18:0x7fc00000  x4=0x7fc00000
      44735.000 ns	      4472	8000119c	15cf73b7	lui	x7,0x15cf7	  x7=0x15cf7000
      44755.000 ns	      4474	800011a0	03489133	mulh	x2,x17,x20	 x17:0x00000000 x20:0x80041024  x2=0x00000000
      44775.000 ns	      4476	800011a4	ac2c3f13	sltiu	x30,x24,-1342	 x24:0x7fffffff x30=0x00000001
      44785.000 ns	      4477	800011a8	00fdecb3	or	x25,x27,x15	 x27:0xfffffe44 x15:0x80000000 x25=0xfffffe44
      44795.000 ns	      4478	800011ac	00000013	addi	x0,x0,0	  x0:0x00000000
      44805.000 ns	      4479	800011b0	00000013	addi	x0,x0,0	  x0:0x00000000
      44815.000 ns	      4480	800011b4	00257133	and	x2,x10,x2	 x10:0x0000024d  x2:0x00000000  x2=0x00000000
      44835.000 ns	      4482	800011b8	f00185d3	fmv.w.x	f11,x3	  x3:0x00000000 f11=0x00000000
      44875.000 ns	      4486	800011bc	198571d3	fdiv.s	f3,f10,f24	 f10:0x80000000 f24:0x7fc00000  f3=0x7fc00000
      44895.000 ns	      4488	800011c0	01d76633	or	x12,x14,x29	 x14:0x72cb4a24 x29:0x00000008 x12=0x72cb4a2c
      45255.000 ns	      4524	800011c4	039cf4b3	remu	x9,x25,x25	 x25:0xfffffe44 x25:0xfffffe44  x9=0x00000000
      45285.000 ns	      4527	800011c8	02255b33	divu	x22,x10,x2	 x10:0x0000024d  x2:0x00000000 x22=0xffffffff
      45315.000 ns	      4530	800011cc	d016f3d3	fcvt.s.wu	f7,x13	 x13:0x00000001  f7=0x3f800000
      45335.000 ns	      4532	800011d0	00000013	addi	x0,x0,0	  x0:0x00000000
      45345.000 ns	      4533	800011d4	05767317	auipc	x6,0x5767	  x6=0x857681d4
      45705.000 ns	      4569	800011d8	026472b3	remu	x5,x8,x6	  x8:0x00000000  x6:0x00000000  x5=0x00000000
      45725.000 ns	      4571	800011dc	01406533	or	x10,x0,x20	  x0:0x00000000 x20:0x80041024 x10=0x80041024
      45745.000 ns	      4573	800011e0	c00eaad3	fcvt.w.s	x21,f29	 f29:0x7fc00000 x21=0x7fffffff
      45785.000 ns	      4577	800011e4	580ec953	fsqrt.s	f18,f29	 f29:0x7fc00000 f18=0x7fc00000
      45805.000 ns	      4579	800011e8	01ae60b3	or	x1,x28,x26	 x28:0x00000000 x26:0x00000000  x1=0x00000000
      45815.000 ns	      4580	800011ec	00c44eb3	xor	x29,x8,x12	  x8:0x00000000 x12:0x72cb4a2c x29=0x72cb4a2c
      45825.000 ns	      4581	800011f0	dade7213	andi	x4,x28,-595	 x28:0x00000000  x4=0x00000000
      45835.000 ns	      4582	800011f4	00239f93	slli	x31,x7,0x2	  x7:0x15cf7000 x31=0x573dc000
      45855.000 ns	      4584	800011f8	a08703d3	fle.s	x7,f14,f8	 f14:0x7fc00000  f8:0x7fc00000  x7=0x00000000
      45875.000 ns	      4586	800011fc	00d35b33	srl	x22,x6,x13	  x6:0x857681d4 x13:0x00000001 x22=0x42bb40ea
      45885.000 ns	      4587	80001200	01c01cb3	sll	x25,x0,x28	  x0:0x00000000 x28:0x00000000 x25=0x00000000
      45905.000 ns	      4589	80001204	024d4c33	div	x24,x26,x4	 x26:0x00000000  x4:0x00000000 x24=0xffffffff
      45925.000 ns	      4591	80001208	01b25fb3	srl	x31,x4,x27	  x4:0x00000000 x27:0xfffffe44 x31=0x00000000
      45945.000 ns	      4593	8000120c	a1641053	flt.s	x0,f8,f22	  f8:0x7fc00000 f22:0x00000000
      45975.000 ns	      4596	80001210	a114a653	feq.s	x12,f9,f17	  f9:0xffffffff f17:0x00000000 x12=0x00000000
      45995.000 ns	      4598	80001214	0097bdb3	sltu	x27,x15,x9	 x15:0x80000000  x9:0x00000000 x27=0x00000000
      46005.000 ns	      4599	80001218	8d437793	andi	x15,x6,-1836	  x6:0x857681d4 x15=0x857680d4
      46015.000 ns	      4600	8000121c	40865033	sra	x0,x12,x8	 x12:0x00000000  x8:0x00000000
      46035.000 ns	      4602	80001220	29e41c53	fmax.s	f24,f8,f30	  f8:0x7fc00000 f30:0x00000000 f24=0x00000000
      46065.000 ns	      4605	80001224	e00f8b53	fmv.x.w	x22,f31	 f31:0x7fc00000 x22=0x7fc00000
      46095.000 ns	      4608	80001228	29ee91d3	fmax.s	f3,f29,f30	 f29:0x7fc00000 f30:0x00000000  f3=0x00000000
      46125.000 ns	      4611	8000122c	028b58b3	divu	x17,x22,x8	 x22:0x7fc00000  x8:0x00000000 x17=0xffffffff
      46155.000 ns	      4614	80001230	c0010453	fcvt.w.s	x8,f2	  f2:0x2e81ca47  x8=0x00000000
      46205.000 ns	      4619	80001234	01467bd3	fadd.s	f23,f12,f20	 f12:0xffc00000 f20:0x7fc00000 f23=0x7fc00000
      46235.000 ns	      4622	80001238	a0482b53	feq.s	x22,f16,f4	 f16:0x00000000  f4:0x00000000 x22=0x00000001
      46255.000 ns	      4624	8000123c	db7c4797	auipc	x15,0xdb7c4	 x15=0x5b7c523c
      46265.000 ns	      4625	80001240	00bc1f33	sll	x30,x24,x11	 x24:0xffffffff x11:0x00000000 x30=0xffffffff
      46285.000 ns	      4627	80001244	d01181d3	fcvt.s.wu	f3,x3	  x3:0x00000000  f3=0x00000000
      46305.000 ns	      4629	80001248	41865d33	sra	x26,x12,x24	 x12:0x00000000 x24:0xffffffff x26=0x00000000
      46325.000 ns	      4631	8000124c	29220bd3	fmin.s	f23,f4,f18	  f4:0x00000000 f18:0x7fc00000 f23=0x00000000
      46355.000 ns	      4634	80001250	a17c1653	flt.s	x12,f24,f23	 f24:0x00000000 f23:0x7fc00000 x12=0x00000000
      46385.000 ns	      4637	80001254	28d78e53	fmin.s	f28,f15,f13	 f15:0x00000000 f13:0x7fc00000 f28=0x00000000
      46405.000 ns	      4639	80001258	67599d17	auipc	x26,0x67599	 x26=0xe759a258
      46415.000 ns	      4640	8000125c	4904e893	ori	x17,x9,1168	  x9:0x00000000 x17=0x00000490
      46425.000 ns	      4641	80001260	00aa01b3	add	x3,x20,x10	 x20:0x80041024 x10:0x80041024  x3=0x00082048
      46445.000 ns	      4643	80001264	a14680d3	fle.s	x1,f13,f20	 f13:0x7fc00000 f20:0x7fc00000  x1=0x00000000
      46475.000 ns	      4646	80001268	21d71953	fsgnjn.s	f18,f14,f29	 f14:0x7fc00000 f29:0x7fc00000 f18=0xffc00000
      46845.000 ns	      4683	8000126c	0372c033	div	x0,x5,x23	  x5:0x00000000 x23:0x00000008
      46875.000 ns	      4686	80001270	d01934d3	fcvt.s.wu	f9,x18	 x18:0x00000000  f9=0x00000000
      46895.000 ns	      4688	80001274	41aa5293	srai	x5,x20,0x1a	 x20:0x80041024  x5=0xffffffe0
      46915.000 ns	      4690	80001278	035a1b33	mulh	x22,x20,x21	 x20:0x80041024 x21:0x7fffffff x22=0xc0020812
      46945.000 ns	      4693	8000127c	a05c87d3	fle.s	x15,f25,f5	 f25:0x00000000  f5:0x00000000 x15=0x00000001
      46975.000 ns	      4696	80001280	031d3d33	mulhu	x26,x26,x17	 x26:0xe759a258 x17:0x00000490 x26=0x0000041f
      47005.000 ns	      4699	80001284	28c80c53	fmin.s	f24,f16,f12	 f16:0x00000000 f12:0xffc00000 f24=0x00000000
      47025.000 ns	      4701	80001288	0093efb3	or	x31,x7,x9	  x7:0x00000000  x9:0x00000000 x31=0x00000000
      47045.000 ns	      4703	8000128c	20110053	fsgnj.s	f0,f2,f1	  f2:0x2e81ca47  f1:0x7fc00000  f0=0x2e81ca47
      47065.000 ns	      4705	80001290	006cf333	and	x6,x25,x6	 x25:0x00000000  x6:0x857681d4  x6=0x00000000
      47085.000 ns	      4707	80001294	a1dea4d3	feq.s	x9,f29,f29	 f29:0x7fc00000 f29:0x7fc00000  x9=0x00000000
      47125.000 ns	      4711	80001298	19567ad3	fdiv.s	f21,f12,f21	 f12:0xffc00000 f21:0xff800000 f21=0x7fc00000
      47155.000 ns	      4714	8000129c	033b9433	mulh	x8,x23,x19	 x23:0x00000008 x19:0x00000000  x8=0x00000000
      47185.000 ns	      4717	800012a0	02c84f33	div	x30,x16,x12	 x16:0x80040fe4 x12:0x00000000 x30=0xffffffff
      47215.000 ns	      4720	800012a4	e00903d3	fmv.x.w	x7,f18	 f18:0xffc00000  x7=0xffc00000
      47235.000 ns	      4722	800012a8	415a5913	srai	x18,x20,0x15	 x20:0x80041024 x18=0xfffffc00
      47245.000 ns	      4723	800012ac	91153093	sltiu	x1,x10,-1775	 x10:0x80041024  x1=0x00000001
      47275.000 ns	      4726	800012b0	10374153	fmul.s	f2,f14,f3	 f14:0x7fc00000  f3:0x00000000  f2=0x7fc00000
      47305.000 ns	      4729	800012b4	296e0353	fmin.s	f6,f28,f22	 f28:0x00000000 f22:0x00000000  f6=0x00000000
      47325.000 ns	      4731	800012b8	00d295b3	sll	x11,x5,x13	  x5:0xffffffe0 x13:0x00000001 x11=0xffffffc0
      47345.000 ns	      4733	800012bc	d0150553	fcvt.s.wu	f10,x10	 x10:0x80041024 f10=0x4f000410
      47375.000 ns	      4736	800012c0	c00439d3	fcvt.w.s	x19,f8	  f8:0x7fc00000 x19=0x7fffffff
      47395.000 ns	      4738	800012c4	01d90bb3	add	x23,x18,x29	 x18:0xfffffc00 x29:0x72cb4a2c x23=0x72cb462c
      47435.000 ns	      4742	800012c8	08c71fd3	fsub.s	f31,f14,f12	 f14:0x7fc00000 f12:0xffc00000 f31=0x7fc00000
      47455.000 ns	      4744	800012cc	01581a93	slli	x21,x16,0x15	 x16:0x80040fe4 x21=0xfc800000
      47465.000 ns	      4745	800012d0	708cee13	ori	x28,x25,1800	 x25:0x00000000 x28=0x00000708
      47475.000 ns	      4746	800012d4	dce2bb17	auipc	x22,0xdce2b	 x22=0x5ce2c2d4
      47495.000 ns	      4748	800012d8	02f80133	mul	x2,x16,x15	 x16:0x80040fe4 x15:0x00000001  x2=0x80040fe4
      47515.000 ns	      4750	800012dc	00acdf13	srli	x30,x25,0xa	 x25:0x00000000 x30=0x00000000
      47545.000 ns	      4753	800012e0	1180f853	fmul.s	f16,f1,f24	  f1:0x7fc00000 f24:0x00000000 f16=0x7fc00000
      47595.000 ns	      4758	800012e4	091530d3	fsub.s	f1,f10,f17	 f10:0x4f000410 f17:0x00000000  f1=0x4f000410
      47625.000 ns	      4761	800012e8	02a19033	mulh	x0,x3,x10	  x3:0x00082048 x10:0x80041024
      47655.000 ns	      4764	800012ec	e00493d3	fclass.s	x7,f9	  f9:0x00000000  x7=0x00000010
      47685.000 ns	      4767	800012f0	29a48653	fmin.s	f12,f9,f26	  f9:0x00000000 f26:0x7fc00000 f12=0x00000000
      47735.000 ns	      4772	800012f4	092a9cd3	fsub.s	f25,f21,f18	 f21:0x7fc00000 f18:0xffc00000 f25=0x7fc00000
      47765.000 ns	      4775	800012f8	c003fe53	fcvt.w.s	x28,f7	  f7:0x3f800000 x28=0x00000001
      47785.000 ns	      4777	800012fc	41925913	srai	x18,x4,0x19	  x4:0x00000000 x18=0x00000000
      47795.000 ns	      4778	80001300	00179013	slli	x0,x15,0x1	 x15:0x00000001
      47825.000 ns	      4781	80001304	1057b353	fmul.s	f6,f15,f5	 f15:0x00000000  f5:0x00000000  f6=0x00000000
      47855.000 ns	      4784	80001308	033f85b3	mul	x11,x31,x19	 x31:0x00000000 x19:0x7fffffff x11=0x00000000
      47875.000 ns	      4786	8000130c	00a85493	srli	x9,x16,0xa	 x16:0x80040fe4  x9=0x00200103
      47885.000 ns	      4787	80001310	003bd433	srl	x8,x23,x3	 x23:0x72cb462c  x3:0x00082048  x8=0x0072cb46
      47895.000 ns	      4788	80001314	00429d33	sll	x26,x5,x4	  x5:0xffffffe0  x4:0x00000000 x26=0xffffffe0
      48255.000 ns	      4824	80001318	03764eb3	div	x29,x12,x23	 x12:0x00000000 x23:0x72cb462c x29=0x00000000
      48285.000 ns	      4827	8000131c	f00c0e53	fmv.w.x	f28,x24	 x24:0xffffffff f28=0xffffffff
      48315.000 ns	      4830	80001320	03001933	mulh	x18,x0,x16	  x0:0x00000000 x16:0x80040fe4 x18=0x00000000
      48345.000 ns	      4833	80001324	20b51453	fsgnjn.s	f8,f10,f11	 f10:0x4f000410 f11:0x00000000  f8=0xcf000410
      48385.000 ns	      4837	80001328	580989d3	fsqrt.s	f19,f19	 f19:0x00000000 f19=0x00000000
      48405.000 ns	      4839	8000132c	00d696b3	sll	x13,x13,x13	 x13:0x00000001 x13:0x00000001 x13=0x00000002
      48435.000 ns	      4842	80001330	114491d3	fmul.s	f3,f9,f20	  f9:0x00000000 f20:0x7fc00000  f3=0x7fc00000
      48465.000 ns	      4845	80001334	d0067f53	fcvt.s.w	f30,x12	 x12:0x00000000 f30=0x00000000
      48485.000 ns	      4847	80001338	00eb29b3	slt	x19,x22,x14	 x22:0x5ce2c2d4 x14:0x72cb4a24 x19=0x00000001
      48505.000 ns	      4849	8000133c	a1218fd3	fle.s	x31,f3,f18	  f3:0x7fc00000 f18:0xffc00000 x31=0x00000000
      48525.000 ns	      4851	80001340	00521413	slli	x8,x4,0x5	  x4:0x00000000  x8=0x00000000
      48545.000 ns	      4853	80001344	02ad35b3	mulhu	x11,x26,x10	 x26:0xffffffe0 x10:0x80041024 x11=0x80041013
      48565.000 ns	      4855	80001348	0090deb3	srl	x29,x1,x9	  x1:0x00000001  x9:0x00200103 x29=0x00000000
      48575.000 ns	      4856	8000134c	cbd78f13	addi	x30,x15,-835	 x15:0x00000001 x30=0xfffffcbe
      48595.000 ns	      4858	80001350	c0087953	fcvt.w.s	x18,f16	 f16:0x7fc00000 x18=0x7fffffff
      48625.000 ns	      4861	80001354	d01df353	fcvt.s.wu	f6,x27	 x27:0x00000000  f6=0x00000000
      48655.000 ns	      4864	80001358	282e1553	fmax.s	f10,f28,f2	 f28:0xffffffff  f2:0x7fc00000 f10=0x7fc00000
      48675.000 ns	      4866	8000135c	0134f9b3	and	x19,x9,x19	  x9:0x00200103 x19:0x00000001 x19=0x00000001
      48685.000 ns	      4867	80001360	007c3f33	sltu	x30,x24,x7	 x24:0xffffffff  x7:0x00000010 x30=0x00000000
      49045.000 ns	      4903	80001364	02e044b3	div	x9,x0,x14	  x0:0x00000000 x14:0x72cb4a24  x9=0x00000000
      49065.000 ns	      4905	80001368	00000013	addi	x0,x0,0	  x0:0x00000000
      49075.000 ns	      4906	8000136c	006ac433	xor	x8,x21,x6	 x21:0xfc800000  x6:0x00000000  x8=0xfc800000
      49095.000 ns	      4908	80001370	0339bd33	mulhu	x26,x19,x19	 x19:0x00000001 x19:0x00000001 x26=0x00000000
      49465.000 ns	      4945	80001374	035f62b3	rem	x5,x30,x21	 x30:0x00000000 x21:0xfc800000  x5=0x00000000
      49485.000 ns	      4947	80001378	00000013	addi	x0,x0,0	  x0:0x00000000
      49505.000 ns	      4949	8000137c	03492933	mulhsu	x18,x18,x20	 x18:0x7fffffff x20:0x80041024 x18=0x40020811
      49525.000 ns	      4951	80001380	406903b3	sub	x7,x18,x6	 x18:0x7fffffff  x6:0x00000000  x7=0x40020811
      49535.000 ns	      4952	80001384	a670f493	andi	x9,x1,-1433	  x1:0x00000001  x9=0x00000001
      49555.000 ns	      4954	80001388	0209a933	mulhsu	x18,x19,x0	 x19:0x00000001  x0:0x00000000 x18=0x00000000
      49575.000 ns	      4956	8000138c	acce7d93	andi	x27,x28,-1332	 x28:0x00000001 x27=0x00000000
      49595.000 ns	      4958	80001390	d013f753	fcvt.s.wu	f14,x7	  x7:0x40020811 f14=0x4e800410
      49635.000 ns	      4962	80001394	10fd7a53	fmul.s	f20,f26,f15	 f26:0x7fc00000 f15:0x00000000 f20=0x7fc00000
      49665.000 ns	      4965	80001398	20bf97d3	fsgnjn.s	f15,f31,f11	 f31:0x7fc00000 f11:0x00000000 f15=0xffc00000
      49695.000 ns	      4968	8000139c	29b60353	fmin.s	f6,f12,f27	 f12:0x00000000 f27:0x80000000  f6=0x80000000
      49725.000 ns	      4971	800013a0	a18e0ed3	fle.s	x29,f28,f24	 f28:0xffffffff f24:0x00000000 x29=0x00000000
      49755.000 ns	      4974	800013a4	a18623d3	feq.s	x7,f12,f24	 f12:0x00000000 f24:0x00000000  x7=0x00000001
      49805.000 ns	      4979	800013a8	093ef5d3	fsub.s	f11,f29,f19	 f29:0x7fc00000 f19:0x00000000 f11=0x7fc00000
      49825.000 ns	      4981	800013ac	01615d93	srli	x27,x2,0x16	  x2:0x80040fe4 x27=0x00000200
      49845.000 ns	      4983	800013b0	f00809d3	fmv.w.x	f19,x16	 x16:0x80040fe4 f19=0x80040fe4
      49875.000 ns	      4986	800013b4	20d98d53	fsgnj.s	f26,f19,f13	 f19:0x00000000 f13:0x7fc00000 f26=0x00040fe4
      49925.000 ns	      4991	800013b8	084f1e53	fsub.s	f28,f30,f4	 f30:0x00000000  f4:0x00000000 f28=0x80000000
      49945.000 ns	      4993	800013bc	405cdbb3	sra	x23,x25,x5	 x25:0x00000000  x5:0x00000000 x23=0x00000000
      49975.000 ns	      4996	800013c0	580fcad3	fsqrt.s	f21,f31	 f31:0x7fc00000 f21=0x7fc00000
      49995.000 ns	      4998	800013c4	8d253b93	sltiu	x23,x10,-1838	 x10:0x80041024 x23=0x00000001
      50015.000 ns	      5000	800013c8	a0d386d3	fle.s	x13,f7,f13	  f7:0x3f800000 f13:0x7fc00000 x13=0x00000000
      50065.000 ns	      5005	800013cc	095d2753	fsub.s	f14,f26,f21	 f26:0x00040fe4 f21:0x7fc00000 f14=0x7fc00000
      50085.000 ns	      5007	800013d0	4cc6ba93	sltiu	x21,x13,1228	 x13:0x00000000 x21=0x00000001
      50105.000 ns	      5009	800013d4	e0058953	fmv.x.w	x18,f11	 f11:0x7fc00000 x18=0x7fc00000
      50475.000 ns	      5046	800013d8	02257fb3	remu	x31,x10,x2	 x10:0x80041024  x2:0x80040fe4 x31=0x00000040
      50495.000 ns	      5048	800013dc	015110b3	sll	x1,x2,x21	  x2:0x80040fe4 x21:0x00000001  x1=0x00081fc8
      50515.000 ns	      5050	800013e0	02980533	mul	x10,x16,x9	 x16:0x80040fe4  x9:0x00000001 x10=0x80040fe4
      50545.000 ns	      5053	800013e4	a01495d3	flt.s	x11,f9,f1	  f9:0x00000000  f1:0x4f000410 x11=0x00000001
      50885.000 ns	      5087	800013e8	1933f753	fdiv.s	f14,f7,f19	  f7:0x3f800000 f19:0x80040fe4 f14=0xfe34b4b6
      50905.000 ns	      5089	800013ec	00000013	addi	x0,x0,0	  x0:0x00000000
      50915.000 ns	      5090	800013f0	00000013	addi	x0,x0,0	  x0:0x00000000
      50935.000 ns	      5092	800013f4	216890d3	fsgnjn.s	f1,f17,f22	 f17:0x00000000 f22:0x00000000  f1=0x80000000
      50955.000 ns	      5094	800013f8	01047e33	and	x28,x8,x16	  x8:0xfc800000 x16:0x80040fe4 x28=0x80000000
      50965.000 ns	      5095	800013fc	61f87b13	andi	x22,x16,1567	 x16:0x80040fe4 x22=0x00000604
      50975.000 ns	      5096	80001400	00000013	addi	x0,x0,0	  x0:0x00000000
      50985.000 ns	      5097	80001404	011df7b3	and	x15,x27,x17	 x27:0x00000200 x17:0x00000490 x15=0x00000000
      51005.000 ns	      5099	80001408	c013fed3	fcvt.wu.s	x29,f7	  f7:0x3f800000 x29=0x00000001
      51025.000 ns	      5101	8000140c	0093de13	srli	x28,x7,0x9	  x7:0x00000001 x28=0x00000000
      51035.000 ns	      5102	80001410	40475513	srai	x10,x14,0x4	 x14:0x72cb4a24 x10=0x072cb4a2
      51045.000 ns	      5103	80001414	002a9593	slli	x11,x21,0x2	 x21:0x00000001 x11=0x00000004
      51065.000 ns	      5105	80001418	e00406d3	fmv.x.w	x13,f8	  f8:0xcf000410 x13=0xcf000410
      51095.000 ns	      5108	8000141c	d0067dd3	fcvt.s.w	f27,x12	 x12:0x00000000 f27=0x00000000
      51145.000 ns	      5113	80001420	089b4453	fsub.s	f8,f22,f9	 f22:0x00000000  f9:0x00000000  f8=0x80000000
      51175.000 ns	      5116	80001424	030d0d33	mul	x26,x26,x16	 x26:0x00000000 x16:0x80040fe4 x26=0x00000000
      51225.000 ns	      5121	80001428	08acbed3	fsub.s	f29,f25,f10	 f25:0x7fc00000 f10:0x7fc00000 f29=0x7fc00000
      51245.000 ns	      5123	8000142c	00e703b3	add	x7,x14,x14	 x14:0x72cb4a24 x14:0x72cb4a24  x7=0xe5969448
      51265.000 ns	      5125	80001430	03f3a533	mulhsu	x10,x7,x31	  x7:0x00000001 x31:0x00000040 x10=0xfffffff9
      51295.000 ns	      5128	80001434	21e52f53	fsgnjx.s	f30,f10,f30	 f10:0x7fc00000 f30:0x00000000 f30=0x7fc00000
      51315.000 ns	      5130	80001438	e95ab993	sltiu	x19,x21,-363	 x21:0x00000001 x19=0x00000001
      51325.000 ns	      5131	8000143c	0a602493	slti	x9,x0,166	  x0:0x00000000  x9=0x00000001
      51345.000 ns	      5133	80001440	f0058953	fmv.w.x	f18,x11	 x11:0x00000004 f18=0x00000004
      51375.000 ns	      5136	80001444	216796d3	fsgnjn.s	f13,f15,f22	 f15:0xffc00000 f22:0x00000000 f13=0xffc00000
      51405.000 ns	      5139	80001448	e0040e53	fmv.x.w	x28,f8	  f8:0x80000000 x28=0x80000000
      51455.000 ns	      5144	8000144c	017078d3	fadd.s	f17,f0,f23	  f0:0x2e81ca47 f23:0x00000000 f17=0x2e81ca47
      51485.000 ns	      5147	80001450	215493d3	fsgnjn.s	f7,f9,f21	  f9:0x00000000 f21:0x7fc00000  f7=0x80000000
      51515.000 ns	      5150	80001454	a1918653	fle.s	x12,f3,f25	  f3:0x7fc00000 f25:0x7fc00000 x12=0x00000000
      51545.000 ns	      5153	80001458	a0371ad3	flt.s	x21,f14,f3	 f14:0xfe34b4b6  f3:0x7fc00000 x21=0x00000000
      51585.000 ns	      5157	8000145c	117439d3	fmul.s	f19,f8,f23	  f8:0x80000000 f23:0x00000000 f19=0x80000000
      51605.000 ns	      5159	80001460	14f50f93	addi	x31,x10,335	 x10:0xfffffff9 x31=0x00000148
      51625.000 ns	      5161	80001464	a14f9053	flt.s	x0,f31,f20	 f31:0x7fc00000 f20:0x7fc00000
      51655.000 ns	      5164	80001468	e00f8053	fmv.x.w	x0,f31	 f31:0x7fc00000
      51675.000 ns	      5166	8000146c	0026dd93	srli	x27,x13,0x2	 x13:0xcf000410 x27=0x33c00104
      51685.000 ns	      5167	80001470	01d3ae33	slt	x28,x7,x29	  x7:0xe5969448 x29:0x00000001 x28=0x00000001
      51695.000 ns	      5168	80001474	25a63613	sltiu	x12,x12,602	 x12:0x00000000 x12=0x00000001
      51715.000 ns	      5170	80001478	28e488d3	fmin.s	f17,f9,f14	  f9:0x00000000 f14:0xfe34b4b6 f17=0xfe34b4b6
      51755.000 ns	      5174	8000147c	580b2ad3	fsqrt.s	f21,f22	 f22:0x00000000 f21=0x00000000
      51775.000 ns	      5176	80001480	326a8d97	auipc	x27,0x326a8	 x27=0xb26a9480
      51785.000 ns	      5177	80001484	00e56633	or	x12,x10,x14	 x10:0xfffffff9 x14:0x72cb4a24 x12=0xfffffffd
      51805.000 ns	      5179	80001488	20da96d3	fsgnjn.s	f13,f21,f13	 f21:0x00000000 f13:0xffc00000 f13=0x00000000
      51825.000 ns	      5181	8000148c	00000013	addi	x0,x0,0	  x0:0x00000000
      51845.000 ns	      5183	80001490	a09e9553	flt.s	x10,f29,f9	 f29:0x7fc00000  f9:0x00000000 x10=0x00000000
      51875.000 ns	      5186	80001494	d0137cd3	fcvt.s.wu	f25,x6	  x6:0x00000000 f25=0x00000000
      51905.000 ns	      5189	80001498	c00d7c53	fcvt.w.s	x24,f26	 f26:0x00040fe4 x24=0x00000000
      51925.000 ns	      5191	8000149c	001b8ab3	add	x21,x23,x1	 x23:0x00000001  x1:0x00081fc8 x21=0x00081fc9
      51945.000 ns	      5193	800014a0	29d29ed3	fmax.s	f29,f5,f29	  f5:0x00000000 f29:0x7fc00000 f29=0x00000000
      51975.000 ns	      5196	800014a4	a0529ad3	flt.s	x21,f5,f5	  f5:0x00000000  f5:0x00000000 x21=0x00000000
      51995.000 ns	      5198	800014a8	0058e7b3	or	x15,x17,x5	 x17:0x00000490  x5:0x00000000 x15=0x00000490
      52025.000 ns	      5201	800014ac	19c23ed3	fdiv.s	f29,f4,f28	  f4:0x00000000 f28:0x80000000 f29=0x7fc00000
      52045.000 ns	      5203	800014b0	01d5f6b3	and	x13,x11,x29	 x11:0x00000004 x29:0x00000001 x13=0x00000000
      52055.000 ns	      5204	800014b4	f02bbeb7	lui	x29,0xf02bb	 x29=0xf02bb000
      52075.000 ns	      5206	800014b8	20d814d3	fsgnjn.s	f9,f16,f13	 f16:0x7fc00000 f13:0x00000000  f9=0xffc00000
      52115.000 ns	      5210	800014bc	18739053	fdiv.s	f0,f7,f7	  f7:0x80000000  f7:0x80000000  f0=0x7fc00000
      52485.000 ns	      5247	800014c0	022578b3	remu	x17,x10,x2	 x10:0x00000000  x2:0x80040fe4 x17=0x00000000
      52515.000 ns	      5250	800014c4	a0b41953	flt.s	x18,f8,f11	  f8:0x80000000 f11:0x7fc00000 x18=0x00000000
      52545.000 ns	      5253	800014c8	c002f1d3	fcvt.w.s	x3,f5	  f5:0x00000000  x3=0x00000000
      52575.000 ns	      5256	800014cc	e00008d3	fmv.x.w	x17,f0	  f0:0x7fc00000 x17=0x7fc00000
      52615.000 ns	      5260	800014d0	19ec48d3	fdiv.s	f17,f24,f30	 f24:0x00000000 f30:0x7fc00000 f17=0x7fc00000
      52635.000 ns	      5262	800014d4	01decc33	xor	x24,x29,x29	 x29:0xf02bb000 x29:0xf02bb000 x24=0x00000000
      52675.000 ns	      5266	800014d8	08bf8d53	fsub.s	f26,f31,f11	 f31:0x7fc00000 f11:0x7fc00000 f26=0x7fc00000
      52695.000 ns	      5268	800014dc	01dd9033	sll	x0,x27,x29	 x27:0xb26a9480 x29:0xf02bb000
      52715.000 ns	      5270	800014e0	025e0233	mul	x4,x28,x5	 x28:0x00000001  x5:0x00000000  x4=0x00000000
      53085.000 ns	      5307	800014e4	02c550b3	divu	x1,x10,x12	 x10:0x00000000 x12:0xfffffffd  x1=0x00000000
      53105.000 ns	      5309	800014e8	44716213	ori	x4,x2,1095	  x2:0x80040fe4  x4=0x80040fe7
      53125.000 ns	      5311	800014ec	f00e0bd3	fmv.w.x	f23,x28	 x28:0x00000001 f23=0x00000001
      53495.000 ns	      5348	800014f0	02ef5b33	divu	x22,x30,x14	 x30:0x00000000 x14:0x72cb4a24 x22=0x00000000
      53525.000 ns	      5351	800014f4	28388f53	fmin.s	f30,f17,f3	 f17:0x7fc00000  f3:0x7fc00000 f30=0x7fc00000
      53545.000 ns	      5353	800014f8	011e6033	or	x0,x28,x17	 x28:0x00000001 x17:0x7fc00000
      53555.000 ns	      5354	800014fc	dc4dabb7	lui	x23,0xdc4da	 x23=0xdc4da000
      53575.000 ns	      5356	80001500	030424b3	mulhsu	x9,x8,x16	  x8:0xfc800000 x16:0x80040fe4  x9=0xfe3ff1c8
      53595.000 ns	      5358	80001504	01e59c13	slli	x24,x11,0x1e	 x11:0x00000004 x24=0x00000000
      53605.000 ns	      5359	80001508	41d50ab3	sub	x21,x10,x29	 x10:0x00000000 x29:0xf02bb000 x21=0x0fd45000
      53615.000 ns	      5360	8000150c	403e84b3	sub	x9,x29,x3	 x29:0xf02bb000  x3:0x00000000  x9=0xf02bb000
      53635.000 ns	      5362	80001510	a05b8e53	fle.s	x28,f23,f5	 f23:0x00000001  f5:0x00000000 x28=0x00000000
      53655.000 ns	      5364	80001514	01a6dd33	srl	x26,x13,x26	 x13:0x00000000 x26:0x00000000 x26=0x00000000
      53675.000 ns	      5366	80001518	02325f33	divu	x30,x4,x3	  x4:0x80040fe7  x3:0x00000000 x30=0xffffffff
      53695.000 ns	      5368	8000151c	3c9e7613	andi	x12,x28,969	 x28:0x00000000 x12=0x00000000
      53705.000 ns	      5369	80001520	00381d33	sll	x26,x16,x3	 x16:0x80040fe4  x3:0x00000000 x26=0x80040fe4
      53715.000 ns	      5370	80001524	63f86397	auipc	x7,0x63f86	  x7=0xe3f87524
      53735.000 ns	      5372	80001528	f0010bd3	fmv.w.x	f23,x2	  x2:0x80040fe4 f23=0x80040fe4
      53755.000 ns	      5374	8000152c	84116593	ori	x11,x2,-1983	  x2:0x80040fe4 x11=0xffffffe5
      53775.000 ns	      5376	80001530	024837b3	mulhu	x15,x16,x4	 x16:0x80040fe4  x4:0x80040fe7 x15=0x40040ff6
      53795.000 ns	      5378	80001534	001e80b3	add	x1,x29,x1	 x29:0xf02bb000  x1:0x00000000  x1=0xf02bb000
      53805.000 ns	      5379	80001538	41595413	srai	x8,x18,0x15	 x18:0x00000000  x8=0x00000000
      53825.000 ns	      5381	8000153c	d00df153	fcvt.s.w	f2,x27	 x27:0xb26a9480  f2=0xce9b2ad7
      53845.000 ns	      5383	80001540	58210d93	addi	x27,x2,1410	  x2:0x80040fe4 x27=0x80041566
      53855.000 ns	      5384	80001544	8c64f417	auipc	x8,0x8c64f	  x8=0x0c650544
      53865.000 ns	      5385	80001548	01124433	xor	x8,x4,x17	  x4:0x80040fe7 x17:0x7fc00000  x8=0xffc40fe7
      53885.000 ns	      5387	8000154c	28370e53	fmin.s	f28,f14,f3	 f14:0xfe34b4b6  f3:0x7fc00000 f28=0xfe34b4b6
      53905.000 ns	      5389	80001550	4179d213	srai	x4,x19,0x17	 x19:0x00000001  x4=0x00000000
      53925.000 ns	      5391	80001554	02d517b3	mulh	x15,x10,x13	 x10:0x00000000 x13:0x00000000 x15=0x00000000
      53945.000 ns	      5393	80001558	01176bb3	or	x23,x14,x17	 x14:0x72cb4a24 x17:0x7fc00000 x23=0x7fcb4a24
      53955.000 ns	      5394	8000155c	41530233	sub	x4,x6,x21	  x6:0x00000000 x21:0x0fd45000  x4=0xf02bb000
      53965.000 ns	      5395	80001560	40485cb3	sra	x25,x16,x4	 x16:0x80040fe4  x4:0x00000000 x25=0x80040fe4
      53975.000 ns	      5396	80001564	006999b3	sll	x19,x19,x6	 x19:0x00000001  x6:0x00000000 x19=0x00000001
      53985.000 ns	      5397	80001568	014b9293	slli	x5,x23,0x14	 x23:0x7fcb4a24  x5=0xa2400000
      54345.000 ns	      5433	8000156c	03d57133	remu	x2,x10,x29	 x10:0x00000000 x29:0xf02bb000  x2=0x00000000
      54365.000 ns	      5435	80001570	29278f93	addi	x31,x15,658	 x15:0x00000000 x31=0x00000292
      54405.000 ns	      5439	80001574	0843c7d3	fsub.s	f15,f7,f4	  f7:0x80000000  f4:0x00000000 f15=0x80000000
      54435.000 ns	      5442	80001578	026a60b3	rem	x1,x20,x6	 x20:0x80041024  x6:0x00000000  x1=0x80041024
      54455.000 ns	      5444	8000157c	807b6e93	ori	x29,x22,-2041	 x22:0x00000000 x29=0xfffff807
      54475.000 ns	      5446	80001580	e00c0e53	fmv.x.w	x28,f24	 f24:0x00000000 x28=0x00000000
      54845.000 ns	      5483	80001584	03346c33	rem	x24,x8,x19	  x8:0xffc40fe7 x19:0x00000001 x24=0x00000000
      54865.000 ns	      5485	80001588	00000013	addi	x0,x0,0	  x0:0x00000000
      54885.000 ns	      5487	8000158c	e0011053	fclass.s	x0,f2	  f2:0xce9b2ad7
      54905.000 ns	      5489	80001590	001120b3	slt	x1,x2,x1	  x2:0x00000000  x1:0x80041024  x1=0x00000000
      54925.000 ns	      5491	80001594	28489353	fmax.s	f6,f17,f4	 f17:0x7fc00000  f4:0x00000000  f6=0x00000000
      54945.000 ns	      5493	80001598	447a8b13	addi	x22,x21,1095	 x21:0x0fd45000 x22=0x0fd45447
      54975.000 ns	      5496	8000159c	102ffdd3	fmul.s	f27,f31,f2	 f31:0x7fc00000  f2:0xce9b2ad7 f27=0x7fc00000
      55005.000 ns	      5499	800015a0	02942e33	mulhsu	x28,x8,x9	  x8:0xffc40fe7  x9:0xf02bb000 x28=0xffc7c4ae
      55025.000 ns	      5501	800015a4	4382b593	sltiu	x11,x5,1080	  x5:0xa2400000 x11=0x00000000
      55045.000 ns	      5503	800015a8	29868cd3	fmin.s	f25,f13,f24	 f13:0x00000000 f24:0x00000000 f25=0x00000000
      55095.000 ns	      5508	800015ac	09214bd3	fsub.s	f23,f2,f18	  f2:0xce9b2ad7 f18:0x00000004 f23=0xce9b2ad7
      55125.000 ns	      5511	800015b0	212897d3	fsgnjn.s	f15,f17,f18	 f17:0x7fc00000 f18:0x00000004 f15=0xffc00000
      55145.000 ns	      5513	800015b4	41225db3	sra	x27,x4,x18	  x4:0xf02bb000 x18:0x00000000 x27=0xf02bb000
      55155.000 ns	      5514	800015b8	40095bb3	sra	x23,x18,x0	 x18:0x00000000  x0:0x00000000 x23=0x00000000
      55175.000 ns	      5516	800015bc	c00693d3	fcvt.w.s	x7,f13	 f13:0x00000000  x7=0x00000000
      55545.000 ns	      5553	800015c0	02967e33	remu	x28,x12,x9	 x12:0x00000000  x9:0xf02bb000 x28=0x00000000
      55915.000 ns	      5590	800015c4	03e0c133	div	x2,x1,x30	  x1:0x00000000 x30:0xffffffff  x2=0x00000000
      55945.000 ns	      5593	800015c8	207b2953	fsgnjx.s	f18,f22,f7	 f22:0x00000000  f7:0x80000000 f18=0x80000000
      55965.000 ns	      5595	800015cc	00b78c33	add	x24,x15,x11	 x15:0x00000000 x11:0x00000000 x24=0x00000000
      55985.000 ns	      5597	800015d0	d0037b53	fcvt.s.w	f22,x6	  x6:0x00000000 f22=0x00000000
      56015.000 ns	      5600	800015d4	023a37b3	mulhu	x15,x20,x3	 x20:0x80041024  x3:0x00000000 x15=0x00000000
      56045.000 ns	      5603	800015d8	e00c8953	fmv.x.w	x18,f25	 f25:0x00000000 x18=0x00000000
      56415.000 ns	      5640	800015dc	03e04cb3	div	x25,x0,x30	  x0:0x00000000 x30:0xffffffff x25=0x00000000
      56445.000 ns	      5643	800015e0	e00200d3	fmv.x.w	x1,f4	  f4:0x00000000  x1=0x00000000
      56465.000 ns	      5645	800015e4	010853b3	srl	x7,x16,x16	 x16:0x80040fe4 x16:0x80040fe4  x7=0x080040fe
      56485.000 ns	      5647	800015e8	03943133	mulhu	x2,x8,x25	  x8:0xffc40fe7 x25:0x00000000  x2=0x00000000
      56855.000 ns	      5684	800015ec	02ecf933	remu	x18,x25,x14	 x25:0x00000000 x14:0x72cb4a24 x18=0x00000000
      56875.000 ns	      5686	800015f0	01d2c8b3	xor	x17,x5,x29	  x5:0xa2400000 x29:0xfffff807 x17=0x5dbff807
      56905.000 ns	      5689	800015f4	580ffbd3	fsqrt.s	f23,f31	 f31:0x7fc00000 f23=0x7fc00000
      56925.000 ns	      5691	800015f8	a89bff93	andi	x31,x23,-1399	 x23:0x00000000 x31=0x00000000
      56945.000 ns	      5693	800015fc	d000ffd3	fcvt.s.w	f31,x1	  x1:0x00000000 f31=0x00000000
      56965.000 ns	      5695	80001600	a16d7593	andi	x11,x26,-1514	 x26:0x80040fe4 x11=0x80040a04
      56975.000 ns	      5696	80001604	00c29593	slli	x11,x5,0xc	  x5:0xa2400000 x11=0x00000000
      56985.000 ns	      5697	80001608	0020a933	slt	x18,x1,x2	  x1:0x00000000  x2:0x00000000 x18=0x00000000
      56995.000 ns	      5698	8000160c	40518d33	sub	x26,x3,x5	  x3:0x00000000  x5:0xa2400000 x26=0x5dc00000
      57005.000 ns	      5699	80001610	03d486b7	lui	x13,0x3d48	 x13=0x03d48000
      57015.000 ns	      5700	80001614	2ed6c013	xori	x0,x13,749	 x13:0x00000000
      57035.000 ns	      5702	80001618	a02c9ed3	flt.s	x29,f25,f2	 f25:0x00000000  f2:0xce9b2ad7 x29=0x00000000
      57055.000 ns	      5704	8000161c	4c623e13	sltiu	x28,x4,1222	  x4:0xf02bb000 x28=0x00000000
      57065.000 ns	      5705	80001620	405ed5b3	sra	x11,x29,x5	 x29:0x00000000  x5:0xa2400000 x11=0x00000000
      57085.000 ns	      5707	80001624	a03e0c53	fle.s	x24,f28,f3	 f28:0xfe34b4b6  f3:0x7fc00000 x24=0x00000000
      57105.000 ns	      5709	80001628	007d9593	slli	x11,x27,0x7	 x27:0xf02bb000 x11=0x15d80000
      57125.000 ns	      5711	8000162c	03fb2eb3	mulhsu	x29,x22,x31	 x22:0x0fd45447 x31:0x00000000 x29=0x00000000
      57155.000 ns	      5714	80001630	e00408d3	fmv.x.w	x17,f8	  f8:0x80000000 x17=0x80000000
      57195.000 ns	      5718	80001634	58019053	fsqrt.s	f0,f3	  f3:0x7fc00000  f0=0x7fc00000
      57215.000 ns	      5720	80001638	017aeb33	or	x22,x21,x23	 x21:0x0fd45000 x23:0x00000000 x22=0x0fd45000
      57225.000 ns	      5721	8000163c	3f58c017	auipc	x0,0x3f58c	
      57235.000 ns	      5722	80001640	0157d6b3	srl	x13,x15,x21	 x15:0x00000000 x21:0x0fd45000 x13=0x00000000
      57245.000 ns	      5723	80001644	0cd0c093	xori	x1,x1,205	  x1:0x00000000  x1=0x000000cd
      57265.000 ns	      5725	80001648	e00a14d3	fclass.s	x9,f20	 f20:0x7fc00000  x9=0x00000200
      57295.000 ns	      5728	8000164c	218824d3	fsgnjx.s	f9,f16,f24	 f16:0x7fc00000 f24:0x00000000  f9=0x7fc00000
      57335.000 ns	      5732	80001650	580c3fd3	fsqrt.s	f31,f24	 f24:0x00000000 f31=0x00000000
      57365.000 ns	      5735	80001654	02facd33	div	x26,x21,x15	 x21:0x0fd45000 x15:0x00000000 x26=0xffffffff
      57385.000 ns	      5737	80001658	00000013	addi	x0,x0,0	  x0:0x00000000
      57395.000 ns	      5738	8000165c	01be11b3	sll	x3,x28,x27	 x28:0x00000000 x27:0xf02bb000  x3=0x00000000
      57405.000 ns	      5739	80001660	0070f2b3	and	x5,x1,x7	  x1:0x000000cd  x7:0x080040fe  x5=0x000000cc
      57415.000 ns	      5740	80001664	01da2233	slt	x4,x20,x29	 x20:0x80041024 x29:0x00000000  x4=0x00000001
      57435.000 ns	      5742	80001668	20e1a153	fsgnjx.s	f2,f3,f14	  f3:0x7fc00000 f14:0xfe34b4b6  f2=0xffc00000
      57455.000 ns	      5744	8000166c	01f6a9b3	slt	x19,x13,x31	 x13:0x00000000 x31:0x00000000 x19=0x00000000
      57475.000 ns	      5746	80001670	c00572d3	fcvt.w.s	x5,f10	 f10:0x7fc00000  x5=0x7fffffff
      57505.000 ns	      5749	80001674	21c0a553	fsgnjx.s	f10,f1,f28	  f1:0x80000000 f28:0xfe34b4b6 f10=0x00000000
      57535.000 ns	      5752	80001678	28d80ed3	fmin.s	f29,f16,f13	 f16:0x7fc00000 f13:0x00000000 f29=0x00000000
      57555.000 ns	      5754	8000167c	0185d533	srl	x10,x11,x24	 x11:0x15d80000 x24:0x00000000 x10=0x15d80000
      57575.000 ns	      5756	80001680	29cc9153	fmax.s	f2,f25,f28	 f25:0x00000000 f28:0xfe34b4b6  f2=0x00000000
      57595.000 ns	      5758	80001684	22477c13	andi	x24,x14,548	 x14:0x72cb4a24 x24=0x00000224
      57605.000 ns	      5759	80001688	baa23993	sltiu	x19,x4,-1110	  x4:0x00000001 x19=0x00000001
      57615.000 ns	      5760	8000168c	01aa1313	slli	x6,x20,0x1a	 x20:0x80041024  x6=0x90000000
      57635.000 ns	      5762	80001690	032321b3	mulhsu	x3,x6,x18	  x6:0x00000000 x18:0x00000000  x3=0x00000000
      57665.000 ns	      5765	80001694	f00907d3	fmv.w.x	f15,x18	 x18:0x00000000 f15=0x00000000
      57695.000 ns	      5768	80001698	d01affd3	fcvt.s.wu	f31,x21	 x21:0x0fd45000 f31=0x4d7d4500
      57725.000 ns	      5771	8000169c	0201ebb3	rem	x23,x3,x0	  x3:0x00000000  x0:0x00000000 x23=0x00000000
      57775.000 ns	      5776	800016a0	087a7153	fsub.s	f2,f20,f7	 f20:0x7fc00000  f7:0x80000000  f2=0x7fc00000
      57805.000 ns	      5779	800016a4	20390e53	fsgnj.s	f28,f18,f3	 f18:0x80000000  f3:0x7fc00000 f28=0x00000000
      57835.000 ns	      5782	800016a8	a1ef8b53	fle.s	x22,f31,f30	 f31:0x4d7d4500 f30:0x7fc00000 x22=0x00000000
      57855.000 ns	      5784	800016ac	00aa0c33	add	x24,x20,x10	 x20:0x80041024 x10:0x15d80000 x24=0x95dc1024
      57875.000 ns	      5786	800016b0	e00c0553	fmv.x.w	x10,f24	 f24:0x00000000 x10=0x00000000
      57905.000 ns	      5789	800016b4	d01a08d3	fcvt.s.wu	f17,x20	 x20:0x80041024 f17=0x4f000410
      57925.000 ns	      5791	800016b8	017721b3	slt	x3,x14,x23	 x14:0x72cb4a24 x23:0x00000000  x3=0x00000000
      57945.000 ns	      5793	800016bc	213194d3	fsgnjn.s	f9,f3,f19	  f3:0x7fc00000 f19:0x80000000  f9=0x7fc00000
      57975.000 ns	      5796	800016c0	f00e89d3	fmv.w.x	f19,x29	 x29:0x00000000 f19=0x00000000
      58345.000 ns	      5833	800016c4	027178b3	remu	x17,x2,x7	  x2:0x00000000  x7:0x080040fe x17=0x00000000
      58385.000 ns	      5837	800016c8	1954b153	fdiv.s	f2,f9,f21	  f9:0x7fc00000 f21:0x00000000  f2=0x7fc00000
      58415.000 ns	      5840	800016cc	d009f253	fcvt.s.w	f4,x19	 x19:0x00000001  f4=0x3f800000
      58435.000 ns	      5842	800016d0	d54ebf13	sltiu	x30,x29,-684	 x29:0x00000000 x30=0x00000001
      58455.000 ns	      5844	800016d4	a07a25d3	feq.s	x11,f20,f7	 f20:0x7fc00000  f7:0x80000000 x11=0x00000000
      58485.000 ns	      5847	800016d8	03ff38b3	mulhu	x17,x30,x31	 x30:0xffffffff x31:0x00000000 x17=0x00000000
      58515.000 ns	      5850	800016dc	2103a853	fsgnjx.s	f16,f7,f16	  f7:0x80000000 f16:0x7fc00000 f16=0x80000000
      58545.000 ns	      5853	800016e0	020a7cb3	remu	x25,x20,x0	 x20:0x80041024  x0:0x00000000 x25=0x80041024
      58565.000 ns	      5855	800016e4	00165c13	srli	x24,x12,0x1	 x12:0x00000000 x24=0x00000000
      58575.000 ns	      5856	800016e8	014dff33	and	x30,x27,x20	 x27:0xf02bb000 x20:0x80041024 x30=0x80001000
      58585.000 ns	      5857	800016ec	00abe9b3	or	x19,x23,x10	 x23:0x00000000 x10:0x00000000 x19=0x00000000
      58625.000 ns	      5861	800016f0	00797c53	fadd.s	f24,f18,f7	 f18:0x80000000  f7:0x80000000 f24=0x80000000
      58655.000 ns	      5864	800016f4	a0c91bd3	flt.s	x23,f18,f12	 f18:0x80000000 f12:0x00000000 x23=0x00000000
      58695.000 ns	      5868	800016f8	580a7853	fsqrt.s	f16,f20	 f20:0x7fc00000 f16=0x7fc00000
      58725.000 ns	      5871	800016fc	e0061b53	fclass.s	x22,f12	 f12:0x00000000 x22=0x00000010
      58745.000 ns	      5873	80001700	416d8fb3	sub	x31,x27,x22	 x27:0xf02bb000 x22:0x00000000 x31=0xf02baff0
      58755.000 ns	      5874	80001704	002fceb3	xor	x29,x31,x2	 x31:0x00000000  x2:0x00000000 x29=0xf02baff0
      58765.000 ns	      5875	80001708	7042c493	xori	x9,x5,1796	  x5:0x7fffffff  x9=0x7ffff8fb
      58775.000 ns	      5876	8000170c	168ea413	slti	x8,x29,360	 x29:0x00000000  x8=0x00000001
      58795.000 ns	      5878	80001710	a0b396d3	flt.s	x13,f7,f11	  f7:0x80000000 f11:0x7fc00000 x13=0x00000000
      58815.000 ns	      5880	80001714	006d0c33	add	x24,x26,x6	 x26:0xffffffff  x6:0x90000000 x24=0x8fffffff
      58835.000 ns	      5882	80001718	20871753	fsgnjn.s	f14,f14,f8	 f14:0xfe34b4b6  f8:0x80000000 f14=0x7e34b4b6
      58865.000 ns	      5885	8000171c	211a0153	fsgnj.s	f2,f20,f17	 f20:0x7fc00000 f17:0x4f000410  f2=0x7fc00000
      58895.000 ns	      5888	80001720	03981c33	mulh	x24,x16,x25	 x16:0x80040fe4 x25:0x80041024 x24=0x3ffbf00c
      58925.000 ns	      5891	80001724	a1a008d3	fle.s	x17,f0,f26	  f0:0x7fc00000 f26:0x7fc00000 x17=0x00000000
      58955.000 ns	      5894	80001728	035928b3	mulhsu	x17,x18,x21	 x18:0x00000000 x21:0x0fd45000 x17=0x00000000
      58995.000 ns	      5898	8000172c	580408d3	fsqrt.s	f17,f8	  f8:0x80000000 f17=0x80000000
      59025.000 ns	      5901	80001730	286c09d3	fmin.s	f19,f24,f6	 f24:0x80000000  f6:0x00000000 f19=0x80000000
      59055.000 ns	      5904	80001734	28f688d3	fmin.s	f17,f13,f15	 f13:0x00000000 f15:0x00000000 f17=0x00000000
      59085.000 ns	      5907	80001738	03ac3b33	mulhu	x22,x24,x26	 x24:0x3ffbf00c x26:0xffffffff x22=0x3ffbf00b
      59105.000 ns	      5909	8000173c	ecfea593	slti	x11,x29,-305	 x29:0xf02baff0 x11=0x00000001
      59115.000 ns	      5910	80001740	41a25b33	sra	x22,x4,x26	  x4:0x00000001 x26:0xffffffff x22=0x00000000
      59125.000 ns	      5911	80001744	016e9913	slli	x18,x29,0x16	 x29:0xf02baff0 x18=0xfc000000
      59135.000 ns	      5912	80001748	010039b3	sltu	x19,x0,x16	  x0:0x00000000 x16:0x80040fe4 x19=0x00000001
      59155.000 ns	      5914	8000174c	03798db3	mul	x27,x19,x23	 x19:0x00000000 x23:0x00000000 x27=0x00000000
      59175.000 ns	      5916	80001750	41ea0bb3	sub	x23,x20,x30	 x20:0x80041024 x30:0x80001000 x23=0x00040024
      59195.000 ns	      5918	80001754	28431ed3	fmax.s	f29,f6,f4	  f6:0x00000000  f4:0x3f800000 f29=0x3f800000
      59225.000 ns	      5921	80001758	02063bb3	mulhu	x23,x12,x0	 x12:0x00000000  x0:0x00000000 x23=0x00000000
      59595.000 ns	      5958	8000175c	02e648b3	div	x17,x12,x14	 x12:0x00000000 x14:0x72cb4a24 x17=0x00000000
      59615.000 ns	      5960	80001760	00000013	addi	x0,x0,0	  x0:0x00000000
      59635.000 ns	      5962	80001764	03ff11b3	mulh	x3,x30,x31	 x30:0x80001000 x31:0xf02baff0  x3=0x07ea270a
      59665.000 ns	      5965	80001768	d015c4d3	fcvt.s.wu	f9,x11	 x11:0x00000001  f9=0x3f800000
      59685.000 ns	      5967	8000176c	a4f37113	andi	x2,x6,-1457	  x6:0x90000000  x2=0x90000000
      59705.000 ns	      5969	80001770	a09f20d3	feq.s	x1,f30,f9	 f30:0x7fc00000  f9:0x3f800000  x1=0x00000000
      59735.000 ns	      5972	80001774	036117b3	mulh	x15,x2,x22	  x2:0x00000000 x22:0x00000000 x15=0x00000000
      59765.000 ns	      5975	80001778	d00d7b53	fcvt.s.w	f22,x26	 x26:0xffffffff f22=0xbf800000
      59795.000 ns	      5978	8000177c	c01c72d3	fcvt.wu.s	x5,f24	 f24:0x80000000  x5=0x00000000
      59825.000 ns	      5981	80001780	f0058b53	fmv.w.x	f22,x11	 x11:0x00000001 f22=0x00000001
      59855.000 ns	      5984	80001784	f0000c53	fmv.w.x	f24,x0	  x0:0x00000000 f24=0x00000000
      59885.000 ns	      5987	80001788	e00c99d3	fclass.s	x19,f25	 f25:0x00000000 x19=0x00000010
      59905.000 ns	      5989	8000178c	00d7cb33	xor	x22,x15,x13	 x15:0x00000000 x13:0x00000000 x22=0x00000000
      59925.000 ns	      5991	80001790	28ed9bd3	fmax.s	f23,f27,f14	 f27:0x7fc00000 f14:0x7e34b4b6 f23=0x7e34b4b6
      59945.000 ns	      5993	80001794	fc527013	andi	x0,x4,-59	  x4:0x00000001
      59965.000 ns	      5995	80001798	c01f20d3	fcvt.wu.s	x1,f30	 f30:0x7fc00000  x1=0xffffffff
      59985.000 ns	      5997	8000179c	40c20f33	sub	x30,x4,x12	  x4:0x00000001 x12:0x00000000 x30=0x00000001
      60005.000 ns	      5999	800017a0	28c799d3	fmax.s	f19,f15,f12	 f15:0x00000000 f12:0x00000000 f19=0x00000000
      60035.000 ns	      6002	800017a4	c01f4d53	fcvt.wu.s	x26,f30	 f30:0x7fc00000 x26=0xffffffff
      60075.000 ns	      6006	800017a8	10784753	fmul.s	f14,f16,f7	 f16:0x7fc00000  f7:0x80000000 f14=0x7fc00000
      60105.000 ns	      6009	800017ac	282997d3	fmax.s	f15,f19,f2	 f19:0x00000000  f2:0x7fc00000 f15=0x00000000
      60135.000 ns	      6012	800017b0	29ba8653	fmin.s	f12,f21,f27	 f21:0x00000000 f27:0x7fc00000 f12=0x00000000
      60185.000 ns	      6017	800017b4	08701dd3	fsub.s	f27,f0,f7	  f0:0x7fc00000  f7:0x80000000 f27=0x7fc00000
      60205.000 ns	      6019	800017b8	a7214c13	xori	x24,x2,-1422	  x2:0x90000000 x24=0x6ffffa72
      60225.000 ns	      6021	800017bc	20e39753	fsgnjn.s	f14,f7,f14	  f7:0x80000000 f14:0x7fc00000 f14=0x80000000
      60255.000 ns	      6024	800017c0	a0a41e53	flt.s	x28,f8,f10	  f8:0x80000000 f10:0x00000000 x28=0x00000000
      60295.000 ns	      6028	800017c4	580f30d3	fsqrt.s	f1,f30	 f30:0x7fc00000  f1=0x7fc00000
      60335.000 ns	      6032	800017c8	1943f653	fdiv.s	f12,f7,f20	  f7:0x80000000 f20:0x7fc00000 f12=0x7fc00000
      60355.000 ns	      6034	800017cc	01fb9793	slli	x15,x23,0x1f	 x23:0x00000000 x15=0x00000000
      60365.000 ns	      6035	800017d0	b377e293	ori	x5,x15,-1225	 x15:0x00000000  x5=0xfffffb37
      60375.000 ns	      6036	800017d4	4183dd93	srai	x27,x7,0x18	  x7:0x080040fe x27=0x00000008
      60395.000 ns	      6038	800017d8	a0b491d3	flt.s	x3,f9,f11	  f9:0x3f800000 f11:0x7fc00000  x3=0x00000000
      60425.000 ns	      6041	800017dc	03efa333	mulhsu	x6,x31,x30	 x31:0xf02baff0 x30:0x00000001  x6=0xffffffff
      60455.000 ns	      6044	800017e0	d00770d3	fcvt.s.w	f1,x14	 x14:0x72cb4a24  f1=0x4ee59694
      60495.000 ns	      6048	800017e4	10cb92d3	fmul.s	f5,f23,f12	 f23:0x7e34b4b6 f12:0x7fc00000  f5=0x7fc00000
      60525.000 ns	      6051	800017e8	a08e96d3	flt.s	x13,f29,f8	 f29:0x3f800000  f8:0x80000000 x13=0x00000000
      60545.000 ns	      6053	800017ec	01a6e4b3	or	x9,x13,x26	 x13:0x00000000 x26:0xffffffff  x9=0xffffffff
      60565.000 ns	      6055	800017f0	283010d3	fmax.s	f1,f0,f3	  f0:0x7fc00000  f3:0x7fc00000  f1=0x7fc00000
      60935.000 ns	      6092	800017f4	021a5b33	divu	x22,x20,x1	 x20:0x80041024  x1:0xffffffff x22=0x00000000
      60955.000 ns	      6094	800017f8	018cdc13	srli	x24,x25,0x18	 x25:0x80041024 x24=0x00000080
      60975.000 ns	      6096	800017fc	03608db3	mul	x27,x1,x22	  x1:0xffffffff x22:0x00000000 x27=0x00000000
      60995.000 ns	      6098	80001800	01f9a633	slt	x12,x19,x31	 x19:0x00000010 x31:0xf02baff0 x12=0x00000000
      61015.000 ns	      6100	80001804	e0031953	fclass.s	x18,f6	  f6:0x00000000 x18=0x00000010
      61385.000 ns	      6137	80001808	027bedb3	rem	x27,x23,x7	 x23:0x00000000  x7:0x080040fe x27=0x00000000
      61405.000 ns	      6139	8000180c	00047d33	and	x26,x8,x0	  x8:0x00000001  x0:0x00000000 x26=0x00000000
      61425.000 ns	      6141	80001810	a0039f53	flt.s	x30,f7,f0	  f7:0x80000000  f0:0x7fc00000 x30=0x00000000
      61455.000 ns	      6144	80001814	28a006d3	fmin.s	f13,f0,f10	  f0:0x7fc00000 f10:0x00000000 f13=0x00000000
      61825.000 ns	      6181	80001818	03f14db3	div	x27,x2,x31	  x2:0x90000000 x31:0xf02baff0 x27=0x00000007
      61845.000 ns	      6183	8000181c	01ead433	srl	x8,x21,x30	 x21:0x0fd45000 x30:0x00000000  x8=0x0fd45000
      62205.000 ns	      6219	80001820	029d6533	rem	x10,x26,x9	 x26:0x00000000  x9:0xffffffff x10=0x00000000
      62235.000 ns	      6222	80001824	28421a53	fmax.s	f20,f4,f4	  f4:0x3f800000  f4:0x3f800000 f20=0x3f800000
      62265.000 ns	      6225	80001828	219aadd3	fsgnjx.s	f27,f21,f25	 f21:0x00000000 f25:0x00000000 f27=0x00000000
      62295.000 ns	      6228	8000182c	d00efa53	fcvt.s.w	f20,x29	 x29:0xf02baff0 f20=0xcd7d4501
      62315.000 ns	      6230	80001830	a1ef2b13	slti	x22,x30,-1506	 x30:0x00000000 x22=0x00000000
      62335.000 ns	      6232	80001834	02a80c33	mul	x24,x16,x10	 x16:0x80040fe4 x10:0x00000000 x24=0x00000000
      62365.000 ns	      6235	80001838	29941353	fmax.s	f6,f8,f25	  f8:0x80000000 f25:0x00000000  f6=0x00000000
      62395.000 ns	      6238	8000183c	e00318d3	fclass.s	x17,f6	  f6:0x00000000 x17=0x00000010
      62415.000 ns	      6240	80001840	edab4013	xori	x0,x22,-294	 x22:0x00000000
      62425.000 ns	      6241	80001844	ee108993	addi	x19,x1,-287	  x1:0xffffffff x19=0xfffffee0
      62445.000 ns	      6243	80001848	026c3f33	mulhu	x30,x24,x6	 x24:0x00000000  x6:0xffffffff x30=0x00000000
      62465.000 ns	      6245	8000184c	b1984413	xori	x8,x16,-1255	 x16:0x80040fe4  x8=0x7ffbf4fd
      62475.000 ns	      6246	80001850	012f9513	slli	x10,x31,0x12	 x31:0xf02baff0 x10=0xbfc00000
      62485.000 ns	      6247	80001854	36076193	ori	x3,x14,864	 x14:0x72cb4a24  x3=0x72cb4b64
      62845.000 ns	      6283	80001858	027577b3	remu	x15,x10,x7	 x10:0x00000000  x7:0x080040fe x15=0x07ba292e
      62865.000 ns	      6285	8000185c	41d95693	srai	x13,x18,0x1d	 x18:0x00000010 x13=0x00000000
      62875.000 ns	      6286	80001860	01416fb3	or	x31,x2,x20	  x2:0x90000000 x20:0x80041024 x31=0x90041024
      62885.000 ns	      6287	80001864	b09f6f13	ori	x30,x30,-1271	 x30:0x00000000 x30=0xfffffb09
      62905.000 ns	      6289	80001868	03870bb3	mul	x23,x14,x24	 x14:0x72cb4a24 x24:0x00000000 x23=0x00000000
      62935.000 ns	      6292	8000186c	e00688d3	fmv.x.w	x17,f13	 f13:0x00000000 x17=0x00000000
      62955.000 ns	      6294	80001870	0191d033	srl	x0,x3,x25	  x3:0x72cb4b64 x25:0x80041024
      62995.000 ns	      6298	80001874	001e74d3	fadd.s	f9,f28,f1	 f28:0x00000000  f1:0x7fc00000  f9=0x7fc00000
      63025.000 ns	      6301	80001878	284196d3	fmax.s	f13,f3,f4	  f3:0x7fc00000  f4:0x3f800000 f13=0x3f800000
      63055.000 ns	      6304	8000187c	c00838d3	fcvt.w.s	x17,f16	 f16:0x7fc00000 x17=0x7fffffff
      63085.000 ns	      6307	80001880	c012b0d3	fcvt.wu.s	x1,f5	  f5:0x7fc00000  x1=0xffffffff
      63105.000 ns	      6309	80001884	01015033	srl	x0,x2,x16	  x2:0x90000000 x16:0x80040fe4
      63115.000 ns	      6310	80001888	7cf52a93	slti	x21,x10,1999	 x10:0xbfc00000 x21=0x00000001
      63155.000 ns	      6314	8000188c	081ef553	fsub.s	f10,f29,f1	 f29:0x3f800000  f1:0x7fc00000 f10=0x7fc00000
      63185.000 ns	      6317	80001890	037410b3	mulh	x1,x8,x23	  x8:0x7ffbf4fd x23:0x00000000  x1=0x00000000
      63235.000 ns	      6322	80001894	000fca53	fadd.s	f20,f31,f0	 f31:0x4d7d4500  f0:0x7fc00000 f20=0x7fc00000
      63255.000 ns	      6324	80001898	00000013	addi	x0,x0,0	  x0:0x00000000
      63275.000 ns	      6326	8000189c	20329253	fsgnjn.s	f4,f5,f3	  f5:0x7fc00000  f3:0x7fc00000  f4=0xffc00000
      63295.000 ns	      6328	800018a0	7c8e6413	ori	x8,x28,1992	 x28:0x00000000  x8=0x000007c8
      63325.000 ns	      6331	800018a4	104e4d53	fmul.s	f26,f28,f4	 f28:0x00000000  f4:0xffc00000 f26=0x7fc00000
      63345.000 ns	      6333	800018a8	0103ddb3	srl	x27,x7,x16	  x7:0x080040fe x16:0x80040fe4 x27=0x0080040f
      63355.000 ns	      6334	800018ac	018d5613	srli	x12,x26,0x18	 x26:0x00000000 x12=0x00000000
      63375.000 ns	      6336	800018b0	a03b11d3	flt.s	x3,f22,f3	 f22:0x00000001  f3:0x7fc00000  x3=0x00000000
      63395.000 ns	      6338	800018b4	01c250b3	srl	x1,x4,x28	  x4:0x00000001 x28:0x00000000  x1=0x00000001
      63415.000 ns	      6340	800018b8	03be2033	mulhsu	x0,x28,x27	 x28:0x00000000 x27:0x0080040f
      63445.000 ns	      6343	800018bc	03ec0ab3	mul	x21,x24,x30	 x24:0x00000000 x30:0xfffffb09 x21=0x00000000
      63475.000 ns	      6346	800018c0	29f81653	fmax.s	f12,f16,f31	 f16:0x7fc00000 f31:0x4d7d4500 f12=0x4d7d4500
      63495.000 ns	      6348	800018c4	b2e77db7	lui	x27,0xb2e77	 x27=0xb2e77000
      63505.000 ns	      6349	800018c8	6d736293	ori	x5,x6,1751	  x6:0xffffffff  x5=0xffffffff
      63865.000 ns	      6385	800018cc	03be40b3	div	x1,x28,x27	 x28:0x00000000 x27:0x0080040f  x1=0x00000000
      63895.000 ns	      6388	800018d0	c01178d3	fcvt.wu.s	x17,f2	  f2:0x7fc00000 x17=0xffffffff
      63915.000 ns	      6390	800018d4	0197fcb3	and	x25,x15,x25	 x15:0x07ba292e x25:0x80041024 x25=0x00000024
      63935.000 ns	      6392	800018d8	d010f253	fcvt.s.wu	f4,x1	  x1:0x00000000  f4=0x00000000
      63975.000 ns	      6396	800018dc	11789f53	fmul.s	f30,f17,f23	 f17:0x00000000 f23:0x7e34b4b6 f30=0x00000000
      64015.000 ns	      6400	800018e0	190fbdd3	fdiv.s	f27,f31,f16	 f31:0x4d7d4500 f16:0x7fc00000 f27=0x7fc00000
      64035.000 ns	      6402	800018e4	0087f8b3	and	x17,x15,x8	 x15:0x07ba292e  x8:0x000007c8 x17=0x00000108
      64055.000 ns	      6404	800018e8	03806533	rem	x10,x0,x24	  x0:0x00000000 x24:0x00000000 x10=0x00000000
      64075.000 ns	      6406	800018ec	00f30cb3	add	x25,x6,x15	  x6:0xffffffff x15:0x07ba292e x25=0x07ba292d
      64085.000 ns	      6407	800018f0	010d0db3	add	x27,x26,x16	 x26:0x00000000 x16:0x80040fe4 x27=0x80040fe4
      64095.000 ns	      6408	800018f4	12a28c13	addi	x24,x5,298	  x5:0xffffffff x24=0x00000129
      64105.000 ns	      6409	800018f8	7b974637	lui	x12,0x7b974	 x12=0x7b974000
      64115.000 ns	      6410	800018fc	001fe233	or	x4,x31,x1	 x31:0x90041024  x1:0x00000000  x4=0x90041024
      64125.000 ns	      6411	80001900	0156a233	slt	x4,x13,x21	 x13:0x00000000 x21:0x00000000  x4=0x00000000
      64135.000 ns	      6412	80001904	011c2eb3	slt	x29,x24,x17	 x24:0x00000129 x17:0x00000108 x29=0x00000000
      64155.000 ns	      6414	80001908	f0018dd3	fmv.w.x	f27,x3	  x3:0x00000000 f27=0x00000000
      64185.000 ns	      6417	8000190c	e00701d3	fmv.x.w	x3,f14	 f14:0x80000000  x3=0x80000000
      64215.000 ns	      6420	80001910	29d21d53	fmax.s	f26,f4,f29	  f4:0x00000000 f29:0x3f800000 f26=0x3f800000
      64245.000 ns	      6423	80001914	c007a1d3	fcvt.w.s	x3,f15	 f15:0x00000000  x3=0x00000000
      64275.000 ns	      6426	80001918	035c4633	div	x12,x24,x21	 x24:0x00000129 x21:0x00000000 x12=0xffffffff
      64305.000 ns	      6429	8000191c	21061ed3	fsgnjn.s	f29,f12,f16	 f12:0x4d7d4500 f16:0x7fc00000 f29=0xcd7d4500
      64335.000 ns	      6432	80001920	20f22cd3	fsgnjx.s	f25,f4,f15	  f4:0x00000000 f15:0x00000000 f25=0x00000000
      64705.000 ns	      6469	80001924	02c0fdb3	remu	x27,x1,x12	  x1:0x00000000 x12:0xffffffff x27=0x00000000
      64735.000 ns	      6472	80001928	212da653	fsgnjx.s	f12,f27,f18	 f27:0x00000000 f18:0x80000000 f12=0x80000000
      64765.000 ns	      6475	8000192c	29070253	fmin.s	f4,f14,f16	 f14:0x80000000 f16:0x7fc00000  f4=0x80000000
      64795.000 ns	      6478	80001930	f00004d3	fmv.w.x	f9,x0	  x0:0x00000000  f9=0x00000000
      64825.000 ns	      6481	80001934	028c2b33	mulhsu	x22,x24,x8	 x24:0x00000129  x8:0x000007c8 x22=0x00000000
      64845.000 ns	      6483	80001938	00f91213	slli	x4,x18,0xf	 x18:0x00000010  x4=0x00080000
      64865.000 ns	      6485	8000193c	035088b3	mul	x17,x1,x21	  x1:0x00000000 x21:0x00000000 x17=0x00000000
      64895.000 ns	      6488	80001940	02a986b3	mul	x13,x19,x10	 x19:0xfffffee0 x10:0x00000000 x13=0x00000000
      64935.000 ns	      6492	80001944	10f905d3	fmul.s	f11,f18,f15	 f18:0x80000000 f15:0x00000000 f11=0x80000000
      64955.000 ns	      6494	80001948	41ffd013	srai	x0,x31,0x1f	 x31:0x90041024
      64965.000 ns	      6495	8000194c	00cb2933	slt	x18,x22,x12	 x22:0x00000000 x12:0xffffffff x18=0x00000000
      64985.000 ns	      6497	80001950	c01aacd3	fcvt.wu.s	x25,f21	 f21:0x00000000 x25=0x00000000
      65355.000 ns	      6534	80001954	03454633	div	x12,x10,x20	 x10:0x00000000 x20:0x80041024 x12=0x00000000
      65385.000 ns	      6537	80001958	e0000453	fmv.x.w	x8,f0	  f0:0x7fc00000  x8=0x7fc00000
      65435.000 ns	      6542	8000195c	092594d3	fsub.s	f9,f11,f18	 f11:0x80000000 f18:0x80000000  f9=0x00000000
      65465.000 ns	      6545	80001960	a19623d3	feq.s	x7,f12,f25	 f12:0x80000000 f25:0x00000000  x7=0x00000001
      65495.000 ns	      6548	80001964	a07d9653	flt.s	x12,f27,f7	 f27:0x00000000  f7:0x80000000 x12=0x00000000
      65515.000 ns	      6550	80001968	3b810613	addi	x12,x2,952	  x2:0x90000000 x12=0x900003b8
      65525.000 ns	      6551	8000196c	ac613137	lui	x2,0xac613	  x2=0xac613000
      65535.000 ns	      6552	80001970	01fa1133	sll	x2,x20,x31	 x20:0x80041024 x31:0x90041024  x2=0x00410240
      65545.000 ns	      6553	80001974	01cb9513	slli	x10,x23,0x1c	 x23:0x00000000 x10=0x00000000
      65555.000 ns	      6554	80001978	2a157793	andi	x15,x10,673	 x10:0x00000000 x15=0x00000000
      65575.000 ns	      6556	8000197c	288d1c53	fmax.s	f24,f26,f8	 f26:0x3f800000  f8:0x80000000 f24=0x3f800000
      65605.000 ns	      6559	80001980	02bc0233	mul	x4,x24,x11	 x24:0x00000129 x11:0x00000001  x4=0x00000129
      65625.000 ns	      6561	80001984	a5a0a693	slti	x13,x1,-1446	  x1:0x00000000 x13=0x00000000
      65645.000 ns	      6563	80001988	e00c9953	fclass.s	x18,f25	 f25:0x00000000 x18=0x00000010
      65675.000 ns	      6566	8000198c	029e2eb3	mulhsu	x29,x28,x9	 x28:0x00000000  x9:0xffffffff x29=0x00000000
      65695.000 ns	      6568	80001990	3354c613	xori	x12,x9,821	  x9:0xffffffff x12=0xfffffcca
      65715.000 ns	      6570	80001994	e00480d3	fmv.x.w	x1,f9	  f9:0x00000000  x1=0x00000000
      65735.000 ns	      6572	80001998	0e8e3e93	sltiu	x29,x28,232	 x28:0x00000000 x29=0x00000001
      65745.000 ns	      6573	8000199c	00000013	addi	x0,x0,0	  x0:0x00000000
      65765.000 ns	      6575	800019a0	e00211d3	fclass.s	x3,f4	  f4:0x80000000  x3=0x00000008
      66135.000 ns	      6612	800019a4	0348fab3	remu	x21,x17,x20	 x17:0x00000000 x20:0x80041024 x21=0x00000000
      66165.000 ns	      6615	800019a8	d006f853	fcvt.s.w	f16,x13	 x13:0x00000000 f16=0x00000000
      66195.000 ns	      6618	800019ac	20ef83d3	fsgnj.s	f7,f31,f14	 f31:0x4d7d4500 f14:0x80000000  f7=0xcd7d4500
      66215.000 ns	      6620	800019b0	01f4a8b3	slt	x17,x9,x31	  x9:0xffffffff x31:0x90041024 x17=0x00000000
      66225.000 ns	      6621	800019b4	35eea793	slti	x15,x29,862	 x29:0x00000001 x15=0x00000001
      66235.000 ns	      6622	800019b8	4135d3b3	sra	x7,x11,x19	 x11:0x00000001 x19:0xfffffee0  x7=0x00000001
      66245.000 ns	      6623	800019bc	00000013	addi	x0,x0,0	  x0:0x00000000
      66265.000 ns	      6625	800019c0	c00697d3	fcvt.w.s	x15,f13	 f13:0x3f800000 x15=0x00000001
      66285.000 ns	      6627	800019c4	00000013	addi	x0,x0,0	  x0:0x00000000
      66295.000 ns	      6628	800019c8	19aeaf93	slti	x31,x29,410	 x29:0x00000001 x31=0x00000001
      66315.000 ns	      6630	800019cc	032a0133	mul	x2,x20,x18	 x20:0x80041024 x18:0x00000010  x2=0x00410240
      66345.000 ns	      6633	800019d0	020e5133	divu	x2,x28,x0	 x28:0x00000000  x0:0x00000000  x2=0xffffffff
      66365.000 ns	      6635	800019d4	019ce8b3	or	x17,x25,x25	 x25:0x00000000 x25:0x00000000 x17=0x00000000
      66385.000 ns	      6637	800019d8	03913c33	mulhu	x24,x2,x25	  x2:0xffffffff x25:0x00000000 x24=0x00000000
      66425.000 ns	      6641	800019dc	1022a453	fmul.s	f8,f5,f2	  f5:0x7fc00000  f2:0x7fc00000  f8=0x7fc00000
      66445.000 ns	      6643	800019e0	e781bb93	sltiu	x23,x3,-392	  x3:0x00000008 x23=0x00000001
      66465.000 ns	      6645	800019e4	208c96d3	fsgnjn.s	f13,f25,f8	 f25:0x00000000  f8:0x7fc00000 f13=0x80000000
      66495.000 ns	      6648	800019e8	035d1fb3	mulh	x31,x26,x21	 x26:0x00000000 x21:0x00000000 x31=0x00000000
      66515.000 ns	      6650	800019ec	0045c1b3	xor	x3,x11,x4	 x11:0x00000001  x4:0x00000129  x3=0x00000128
      66525.000 ns	      6651	800019f0	3b1ad937	lui	x18,0x3b1ad	 x18=0x3b1ad000
      66535.000 ns	      6652	800019f4	0186d8b3	srl	x17,x13,x24	 x13:0x00000000 x24:0x00000000 x17=0x00000000
      66545.000 ns	      6653	800019f8	01e6a933	slt	x18,x13,x30	 x13:0x00000000 x30:0xfffffb09 x18=0x00000000
      66555.000 ns	      6654	800019fc	00000013	addi	x0,x0,0	  x0:0x00000000
      66575.000 ns	      6656	80001a00	29e70cd3	fmin.s	f25,f14,f30	 f14:0x80000000 f30:0x00000000 f25=0x80000000
      66595.000 ns	      6658	80001a04	8d4f3413	sltiu	x8,x30,-1836	 x30:0xfffffb09  x8=0x00000000
      66605.000 ns	      6659	80001a08	72e74d13	xori	x26,x14,1838	 x14:0x72cb4a24 x26=0x72cb4d0a
      66615.000 ns	      6660	80001a0c	40f65693	srai	x13,x12,0xf	 x12:0xfffffcca x13=0xffffffff
      66645.000 ns	      6663	80001a10	193ac5d3	fdiv.s	f11,f21,f19	 f21:0x00000000 f19:0x00000000 f11=0x7fc00000
      66675.000 ns	      6666	80001a14	f0060653	fmv.w.x	f12,x12	 x12:0xfffffcca f12=0xfffffcca
      67855.000 ns	      6784	80001a18	580bfa53	fsqrt.s	f20,f23	 f23:0x7e34b4b6 f20=0x5e7f8e46
      67885.000 ns	      6787	80001a1c	d0057753	fcvt.s.w	f14,x10	 x10:0x00000000 f14=0x00000000
      67905.000 ns	      6789	80001a20	00b2d093	srli	x1,x5,0xb	  x5:0xffffffff  x1=0x001fffff
      67925.000 ns	      6791	80001a24	28e40653	fmin.s	f12,f8,f14	  f8:0x7fc00000 f14:0x00000000 f12=0x00000000
      67945.000 ns	      6793	80001a28	d6616e97	auipc	x29,0xd6616	 x29=0x56617a28
      67955.000 ns	      6794	80001a2c	41d7d133	sra	x2,x15,x29	 x15:0x00000001 x29:0x00000001  x2=0x00000000
      67965.000 ns	      6795	80001a30	a0c9a193	slti	x3,x19,-1524	 x19:0xfffffee0  x3=0x00000000
      67975.000 ns	      6796	80001a34	fd0c9037	lui	x0,0xfd0c9	
      67995.000 ns	      6798	80001a38	a0fa8ad3	fle.s	x21,f21,f15	 f21:0x00000000 f15:0x00000000 x21=0x00000001
      68015.000 ns	      6800	80001a3c	00000013	addi	x0,x0,0	  x0:0x00000000
      68035.000 ns	      6802	80001a40	20541c53	fsgnjn.s	f24,f8,f5	  f8:0x7fc00000  f5:0x7fc00000 f24=0xffc00000
      68065.000 ns	      6805	80001a44	21859753	fsgnjn.s	f14,f11,f24	 f11:0x7fc00000 f24:0x3f800000 f14=0x7fc00000
      68085.000 ns	      6807	80001a48	0186abb3	slt	x23,x13,x24	 x13:0xffffffff x24:0x00000000 x23=0x00000001
      68095.000 ns	      6808	80001a4c	8e22a993	slti	x19,x5,-1822	  x5:0xffffffff x19=0x00000000
      68115.000 ns	      6810	80001a50	212e0c53	fsgnj.s	f24,f28,f18	 f28:0x00000000 f18:0x80000000 f24=0x80000000
      68135.000 ns	      6812	80001a54	40aa5db3	sra	x27,x20,x10	 x20:0x80041024 x10:0x00000000 x27=0x80041024
      68155.000 ns	      6814	80001a58	02eb9933	mulh	x18,x23,x14	 x23:0x00000001 x14:0x72cb4a24 x18=0x00000000
      68185.000 ns	      6817	80001a5c	02922d33	mulhsu	x26,x4,x9	  x4:0x00000129  x9:0xffffffff x26=0x00000128
      68205.000 ns	      6819	80001a60	6a3ebb93	sltiu	x23,x29,1699	 x29:0x56617a28 x23=0x00000000
      68215.000 ns	      6820	80001a64	6256b293	sltiu	x5,x13,1573	 x13:0xffffffff  x5=0x00000000
      68235.000 ns	      6822	80001a68	d008c0d3	fcvt.s.w	f1,x17	 x17:0x00000000  f1=0x00000000
      68605.000 ns	      6859	80001a6c	029feb33	rem	x22,x31,x9	 x31:0x00000000  x9:0xffffffff x22=0x00000000
      68635.000 ns	      6862	80001a70	03eb32b3	mulhu	x5,x22,x30	 x22:0x00000000 x30:0xfffffb09  x5=0x00000000
      68655.000 ns	      6864	80001a74	4115deb3	sra	x29,x11,x17	 x11:0x00000001 x17:0x00000000 x29=0x00000001
      68675.000 ns	      6866	80001a78	a137a953	feq.s	x18,f15,f19	 f15:0x00000000 f19:0x00000000 x18=0x00000001
      68695.000 ns	      6868	80001a7c	00000013	addi	x0,x0,0	  x0:0x00000000
      68725.000 ns	      6871	80001a80	10711853	fmul.s	f16,f2,f7	  f2:0x7fc00000  f7:0xcd7d4500 f16=0x7fc00000
      68765.000 ns	      6875	80001a84	18d17e53	fdiv.s	f28,f2,f13	  f2:0x7fc00000 f13:0x80000000 f28=0x7fc00000
      68785.000 ns	      6877	80001a88	b14ced13	ori	x26,x25,-1260	 x25:0x00000000 x26=0xfffffb14
      68795.000 ns	      6878	80001a8c	01aba933	slt	x18,x23,x26	 x23:0x00000000 x26:0x00000128 x18=0x00000000
      68805.000 ns	      6879	80001a90	013b05b3	add	x11,x22,x19	 x22:0x00000000 x19:0x00000000 x11=0x00000000
      68825.000 ns	      6881	80001a94	d00316d3	fcvt.s.w	f13,x6	  x6:0xffffffff f13=0xbf800000
      68855.000 ns	      6884	80001a98	21c79253	fsgnjn.s	f4,f15,f28	 f15:0x00000000 f28:0x7fc00000  f4=0x80000000
      68875.000 ns	      6886	80001a9c	e78f3393	sltiu	x7,x30,-392	 x30:0xfffffb09  x7=0x00000001
      68885.000 ns	      6887	80001aa0	40b28133	sub	x2,x5,x11	  x5:0x00000000 x11:0x00000000  x2=0x00000000
      70055.000 ns	      7004	80001aa4	580bf953	fsqrt.s	f18,f23	 f23:0x7e34b4b6 f18=0x5e7f8e46
      70085.000 ns	      7007	80001aa8	206e98d3	fsgnjn.s	f17,f29,f6	 f29:0xcd7d4500  f6:0x00000000 f17=0xcd7d4500
      70115.000 ns	      7010	80001aac	03c4d9b3	divu	x19,x9,x28	  x9:0xffffffff x28:0x00000000 x19=0xffffffff
      70145.000 ns	      7013	80001ab0	f0050bd3	fmv.w.x	f23,x10	 x10:0x00000000 f23=0x00000000
      70175.000 ns	      7016	80001ab4	215c13d3	fsgnjn.s	f7,f24,f21	 f24:0x80000000 f21:0x00000000  f7=0x80000000
      70205.000 ns	      7019	80001ab8	295519d3	fmax.s	f19,f10,f21	 f10:0x7fc00000 f21:0x00000000 f19=0x00000000
      70235.000 ns	      7022	80001abc	025163b3	rem	x7,x2,x5	  x2:0x00000000  x5:0x00000000  x7=0x00000000
      70265.000 ns	      7025	80001ac0	e0051e53	fclass.s	x28,f10	 f10:0x7fc00000 x28=0x00000200
      70285.000 ns	      7027	80001ac4	59174393	xori	x7,x14,1425	 x14:0x72cb4a24  x7=0x72cb4fb5
      70325.000 ns	      7031	80001ac8	09be71d3	fsub.s	f3,f28,f27	 f28:0x7fc00000 f27:0x00000000  f3=0x7fc00000
      70355.000 ns	      7034	80001acc	284182d3	fmin.s	f5,f3,f4	  f3:0x7fc00000  f4:0x80000000  f5=0x80000000
      70395.000 ns	      7038	80001ad0	195a8953	fdiv.s	f18,f21,f21	 f21:0x00000000 f21:0x00000000 f18=0x7fc00000
      70415.000 ns	      7040	80001ad4	e04dd2b7	lui	x5,0xe04dd	  x5=0xe04dd000
      70775.000 ns	      7076	80001ad8	02df6533	rem	x10,x30,x13	 x30:0xfffffb09 x13:0xffffffff x10=0x00000000
      70805.000 ns	      7079	80001adc	21bcab53	fsgnjx.s	f22,f25,f27	 f25:0x80000000 f27:0x00000000 f22=0x80000000
      70835.000 ns	      7082	80001ae0	218606d3	fsgnj.s	f13,f12,f24	 f12:0x00000000 f24:0x80000000 f13=0x80000000
      70865.000 ns	      7085	80001ae4	c00175d3	fcvt.w.s	x11,f2	  f2:0x7fc00000 x11=0x7fffffff
      70895.000 ns	      7088	80001ae8	a1fd2453	feq.s	x8,f26,f31	 f26:0x3f800000 f31:0x4d7d4500  x8=0x00000000
      70915.000 ns	      7090	80001aec	003a6c33	or	x24,x20,x3	 x20:0x80041024  x3:0x00000000 x24=0x80041024
      70935.000 ns	      7092	80001af0	03989fb3	mulh	x31,x17,x25	 x17:0x00000000 x25:0x00000000 x31=0x00000000
      70985.000 ns	      7097	80001af4	01ee74d3	fadd.s	f9,f28,f30	 f28:0x7fc00000 f30:0x00000000  f9=0x7fc00000
      71005.000 ns	      7099	80001af8	01d9b933	sltu	x18,x19,x29	 x19:0xffffffff x29:0x00000001 x18=0x00000000
      71025.000 ns	      7101	80001afc	02245133	divu	x2,x8,x2	  x8:0x00000000  x2:0x00000000  x2=0xffffffff
      71045.000 ns	      7103	80001b00	d82dc237	lui	x4,0xd82dc	  x4=0xd82dc000
      71055.000 ns	      7104	80001b04	00b1f4b3	and	x9,x3,x11	  x3:0x00000000 x11:0x7fffffff  x9=0x00000000
      71085.000 ns	      7107	80001b08	18e0a3d3	fdiv.s	f7,f1,f14	  f1:0x00000000 f14:0x7fc00000  f7=0x7fc00000
      71105.000 ns	      7109	80001b0c	40135e93	srai	x29,x6,0x1	  x6:0xffffffff x29=0xffffffff
      71115.000 ns	      7110	80001b10	183e0d93	addi	x27,x28,387	 x28:0x00000200 x27=0x00000383
      71135.000 ns	      7112	80001b14	29991c53	fmax.s	f24,f18,f25	 f18:0x7fc00000 f25:0x80000000 f24=0x80000000
      71185.000 ns	      7117	80001b18	00bc8753	fadd.s	f14,f25,f11	 f25:0x80000000 f11:0x7fc00000 f14=0x7fc00000
      71225.000 ns	      7121	80001b1c	1944b153	fdiv.s	f2,f9,f20	  f9:0x7fc00000 f20:0x5e7f8e46  f2=0x7fc00000
      71245.000 ns	      7123	80001b20	011d75b3	and	x11,x26,x17	 x26:0xfffffb14 x17:0x00000000 x11=0x00000000
      71255.000 ns	      7124	80001b24	00f8af93	slti	x31,x17,15	 x17:0x00000000 x31=0x00000001
      71295.000 ns	      7128	80001b28	00dcf0d3	fadd.s	f1,f25,f13	 f25:0x80000000 f13:0x80000000  f1=0x80000000
      71315.000 ns	      7130	80001b2c	5d7ca993	slti	x19,x25,1495	 x25:0x00000000 x19=0x00000001
      71325.000 ns	      7131	80001b30	6c9d7f93	andi	x31,x26,1737	 x26:0xfffffb14 x31=0x00000200
      71685.000 ns	      7167	80001b34	0272cbb3	div	x23,x5,x7	  x5:0xe04dd000  x7:0x72cb4fb5 x23=0x00000000
      71725.000 ns	      7171	80001b38	18e1cb53	fdiv.s	f22,f3,f14	  f3:0x7fc00000 f14:0x7fc00000 f22=0x7fc00000
      71745.000 ns	      7173	80001b3c	0163aab3	slt	x21,x7,x22	  x7:0x72cb4fb5 x22:0x00000000 x21=0x00000000
      71765.000 ns	      7175	80001b40	c00495d3	fcvt.w.s	x11,f9	  f9:0x7fc00000 x11=0x7fffffff
      71785.000 ns	      7177	80001b44	01f7ec33	or	x24,x15,x31	 x15:0x00000001 x31:0x00000200 x24=0x00000201
      71795.000 ns	      7178	80001b48	0176d313	srli	x6,x13,0x17	 x13:0xffffffff  x6=0x000001ff
      72155.000 ns	      7214	80001b4c	03f6cbb3	div	x23,x13,x31	 x13:0xffffffff x31:0x00000200 x23=0x00000000
      72175.000 ns	      7216	80001b50	010d9413	slli	x8,x27,0x10	 x27:0x00000383  x8=0x03830000
      72195.000 ns	      7218	80001b54	201896d3	fsgnjn.s	f13,f17,f1	 f17:0xcd7d4500  f1:0x80000000 f13=0x4d7d4500
      72215.000 ns	      7220	80001b58	01b78433	add	x8,x15,x27	 x15:0x00000001 x27:0x00000383  x8=0x00000384
      72225.000 ns	      7221	80001b5c	01fb6133	or	x2,x22,x31	 x22:0x00000000 x31:0x00000200  x2=0x00000200
      72245.000 ns	      7223	80001b60	03729933	mulh	x18,x5,x23	  x5:0xe04dd000 x23:0x00000000 x18=0x00000000
      72275.000 ns	      7226	80001b64	20261b53	fsgnjn.s	f22,f12,f2	 f12:0x00000000  f2:0x7fc00000 f22=0x80000000
      72305.000 ns	      7229	80001b68	20441653	fsgnjn.s	f12,f8,f4	  f8:0x7fc00000  f4:0x80000000 f12=0x7fc00000
      72325.000 ns	      7231	80001b6c	00d709b3	add	x19,x14,x13	 x14:0x72cb4a24 x13:0xffffffff x19=0x72cb4a23
      72335.000 ns	      7232	80001b70	4044d9b3	sra	x19,x9,x4	  x9:0x00000000  x4:0xd82dc000 x19=0x00000000
      72345.000 ns	      7233	80001b74	848af913	andi	x18,x21,-1976	 x21:0x00000000 x18=0x00000000
      72365.000 ns	      7235	80001b78	c004bdd3	fcvt.w.s	x27,f9	  f9:0x7fc00000 x27=0x7fffffff
      72395.000 ns	      7238	80001b7c	21489253	fsgnjn.s	f4,f17,f20	 f17:0xcd7d4500 f20:0x5e7f8e46  f4=0xcd7d4500
      72415.000 ns	      7240	80001b80	00549013	slli	x0,x9,0x5	  x9:0x00000000
      72435.000 ns	      7242	80001b84	20d8a653	fsgnjx.s	f12,f17,f13	 f17:0xcd7d4500 f13:0x4d7d4500 f12=0xcd7d4500
      72455.000 ns	      7244	80001b88	3d027593	andi	x11,x4,976	  x4:0xd82dc000 x11=0x00000000
      72475.000 ns	      7246	80001b8c	c0167153	fcvt.wu.s	x2,f12	 f12:0xcd7d4500  x2=0x0fd45000
      72495.000 ns	      7248	80001b90	01c597b3	sll	x15,x11,x28	 x11:0x7fffffff x28:0x00000200 x15=0x00000000
      72515.000 ns	      7250	80001b94	c00df6d3	fcvt.w.s	x13,f27	 f27:0x00000000 x13=0x00000000
      72535.000 ns	      7252	80001b98	0176ee33	or	x28,x13,x23	 x13:0xffffffff x23:0x00000000 x28=0x00000000
      72555.000 ns	      7254	80001b9c	20f69053	fsgnjn.s	f0,f13,f15	 f13:0x4d7d4500 f15:0x00000000  f0=0xcd7d4500
      72585.000 ns	      7257	80001ba0	a05d0bd3	fle.s	x23,f26,f5	 f26:0x3f800000  f5:0x80000000 x23=0x00000000
      72605.000 ns	      7259	80001ba4	0012c933	xor	x18,x5,x1	  x5:0xe04dd000  x1:0x001fffff x18=0xe0522fff
      72965.000 ns	      7295	80001ba8	02867133	remu	x2,x12,x8	 x12:0xfffffcca  x8:0x00000384  x2=0x0000036a
      72995.000 ns	      7298	80001bac	02f2cbb3	div	x23,x5,x15	  x5:0xe04dd000 x15:0x00000000 x23=0xffffffff
      73025.000 ns	      7301	80001bb0	02a8a9b3	mulhsu	x19,x17,x10	 x17:0x00000000 x10:0x00000000 x19=0x00000000
      73055.000 ns	      7304	80001bb4	03150ab3	mul	x21,x10,x17	 x10:0x00000000 x17:0x00000000 x21=0x00000000
      73075.000 ns	      7306	80001bb8	5ecfa997	auipc	x19,0x5ecfa	 x19=0xdecfbbb8
      73095.000 ns	      7308	80001bbc	28fc97d3	fmax.s	f15,f25,f15	 f25:0x80000000 f15:0x00000000 f15=0x00000000
      73125.000 ns	      7311	80001bc0	02d100b3	mul	x1,x2,x13	  x2:0x0000036a x13:0x00000000  x1=0x00000000
      73155.000 ns	      7314	80001bc4	2141add3	fsgnjx.s	f27,f3,f20	  f3:0x7fc00000 f20:0x5e7f8e46 f27=0x7fc00000
      73185.000 ns	      7317	80001bc8	a1ad2f53	feq.s	x30,f26,f26	 f26:0x3f800000 f26:0x3f800000 x30=0x00000001
      73215.000 ns	      7320	80001bcc	f00689d3	fmv.w.x	f19,x13	 x13:0x00000000 f19=0x00000000
      73245.000 ns	      7323	80001bd0	a13d0353	fle.s	x6,f26,f19	 f26:0x3f800000 f19:0x00000000  x6=0x00000000
      73615.000 ns	      7360	80001bd4	0334f633	remu	x12,x9,x19	  x9:0x00000000 x19:0xdecfbbb8 x12=0x00000000
      73645.000 ns	      7363	80001bd8	a0072253	feq.s	x4,f14,f0	 f14:0x7fc00000  f0:0xcd7d4500  x4=0x00000000
      73675.000 ns	      7366	80001bdc	c00508d3	fcvt.w.s	x17,f10	 f10:0x7fc00000 x17=0x7fffffff
      73695.000 ns	      7368	80001be0	9c44e313	ori	x6,x9,-1596	  x9:0x00000000  x6=0xfffff9c4
      73705.000 ns	      7369	80001be4	01d34d33	xor	x26,x6,x29	  x6:0x00000000 x29:0xffffffff x26=0x0000063b
      73715.000 ns	      7370	80001be8	15f277b7	lui	x15,0x15f27	 x15=0x15f27000
      74075.000 ns	      7406	80001bec	02e77133	remu	x2,x14,x14	 x14:0x72cb4a24 x14:0x72cb4a24  x2=0x00000000
      74095.000 ns	      7408	80001bf0	409cd293	srai	x5,x25,0x9	 x25:0x00000000  x5=0x00000000
      74115.000 ns	      7410	80001bf4	a0060253	fle.s	x4,f12,f0	 f12:0xcd7d4500  f0:0xcd7d4500  x4=0x00000001
      74485.000 ns	      7447	80001bf8	034d57b3	divu	x15,x26,x20	 x26:0x0000063b x20:0x80041024 x15=0x00000000
      74505.000 ns	      7449	80001bfc	01389a93	slli	x21,x17,0x13	 x17:0x7fffffff x21=0xfff80000
      74525.000 ns	      7451	80001c00	0234b333	mulhu	x6,x9,x3	  x9:0x00000000  x3:0x00000000  x6=0x00000000
      74555.000 ns	      7454	80001c04	f0010f53	fmv.w.x	f30,x2	  x2:0x00000000 f30=0x00000000
      74585.000 ns	      7457	80001c08	219882d3	fsgnj.s	f5,f17,f25	 f17:0xcd7d4500 f25:0x80000000  f5=0xcd7d4500
      74615.000 ns	      7460	80001c0c	c005fdd3	fcvt.w.s	x27,f11	 f11:0x7fc00000 x27=0x7fffffff
      74635.000 ns	      7462	80001c10	dfbaf617	auipc	x12,0xdfbaf	 x12=0x5fbb0c10
      74675.000 ns	      7466	80001c14	00479553	fadd.s	f10,f15,f4	 f15:0x00000000  f4:0xcd7d4500 f10=0xcd7d4500
      74695.000 ns	      7468	80001c18	41e98e93	addi	x29,x19,1054	 x19:0xdecfbbb8 x29=0xdecfbfd6
      74705.000 ns	      7469	80001c1c	00000013	addi	x0,x0,0	  x0:0x00000000
      74725.000 ns	      7471	80001c20	2191acd3	fsgnjx.s	f25,f3,f25	  f3:0x7fc00000 f25:0x80000000 f25=0xffc00000
      74745.000 ns	      7473	80001c24	01002bb3	slt	x23,x0,x16	  x0:0x00000000 x16:0x80040fe4 x23=0x00000000
      74765.000 ns	      7475	80001c28	29189c53	fmax.s	f24,f17,f17	 f17:0xcd7d4500 f17:0xcd7d4500 f24=0xcd7d4500
      74785.000 ns	      7477	80001c2c	01305633	srl	x12,x0,x19	  x0:0x00000000 x19:0xdecfbbb8 x12=0x00000000
      74805.000 ns	      7479	80001c30	2196a553	fsgnjx.s	f10,f13,f25	 f13:0x4d7d4500 f25:0xffc00000 f10=0xcd7d4500
      74855.000 ns	      7484	80001c34	09937853	fsub.s	f16,f6,f25	  f6:0x00000000 f25:0xffc00000 f16=0x7fc00000
      74895.000 ns	      7488	80001c38	11d8bd53	fmul.s	f26,f17,f29	 f17:0xcd7d4500 f29:0xcd7d4500 f26=0x5b7a9175
      74945.000 ns	      7493	80001c3c	003ff2d3	fadd.s	f5,f31,f3	 f31:0x4d7d4500  f3:0x7fc00000  f5=0x7fc00000
      74975.000 ns	      7496	80001c40	28c81ad3	fmax.s	f21,f16,f12	 f16:0x7fc00000 f12:0xcd7d4500 f21=0xcd7d4500
      74995.000 ns	      7498	80001c44	00000013	addi	x0,x0,0	  x0:0x00000000
      75025.000 ns	      7501	80001c48	186bfe53	fdiv.s	f28,f23,f6	 f23:0x00000000  f6:0x00000000 f28=0x7fc00000
      75045.000 ns	      7503	80001c4c	006caeb3	slt	x29,x25,x6	 x25:0x00000000  x6:0x00000000 x29=0x00000000
      75075.000 ns	      7506	80001c50	18c87ed3	fdiv.s	f29,f16,f12	 f16:0x7fc00000 f12:0xcd7d4500 f29=0x7fc00000
      75125.000 ns	      7511	80001c54	01b8b653	fadd.s	f12,f17,f27	 f17:0xcd7d4500 f27:0x7fc00000 f12=0x7fc00000
      75145.000 ns	      7513	80001c58	c9b90013	addi	x0,x18,-869	 x18:0xe0522fff
      75165.000 ns	      7515	80001c5c	29c89dd3	fmax.s	f27,f17,f28	 f17:0xcd7d4500 f28:0x7fc00000 f27=0xcd7d4500
      75185.000 ns	      7517	80001c60	7b4a14b7	lui	x9,0x7b4a1	  x9=0x7b4a1000
      75195.000 ns	      7518	80001c64	8e5f2217	auipc	x4,0x8e5f2	  x4=0x0e5f3c64
      75205.000 ns	      7519	80001c68	090cac93	slti	x25,x25,144	 x25:0x00000000 x25=0x00000001
      75225.000 ns	      7521	80001c6c	c017f253	fcvt.wu.s	x4,f15	 f15:0x00000000  x4=0x00000000
      75595.000 ns	      7558	80001c70	0350fdb3	remu	x27,x1,x21	  x1:0x00000000 x21:0xfff80000 x27=0x00000000
      75615.000 ns	      7560	80001c74	00afd6b3	srl	x13,x31,x10	 x31:0x00000200 x10:0x00000000 x13=0x00000200
      75635.000 ns	      7562	80001c78	f0080653	fmv.w.x	f12,x16	 x16:0x80040fe4 f12=0x80040fe4
      75655.000 ns	      7564	80001c7c	6d07e593	ori	x11,x15,1744	 x15:0x00000000 x11=0x000006d0
      76015.000 ns	      7600	80001c80	03fcd533	divu	x10,x25,x31	 x25:0x00000001 x31:0x00000200 x10=0x00000000
      76035.000 ns	      7602	80001c84	d2ca0637	lui	x12,0xd2ca0	 x12=0xd2ca0000
      76045.000 ns	      7603	80001c88	00edbe33	sltu	x28,x27,x14	 x27:0x00000000 x14:0x72cb4a24 x28=0x00000001
      76065.000 ns	      7605	80001c8c	c01aacd3	fcvt.wu.s	x25,f21	 f21:0xcd7d4500 x25=0x0fd45000
      76085.000 ns	      7607	80001c90	7919ac93	slti	x25,x19,1937	 x19:0xdecfbbb8 x25=0x00000001
      76095.000 ns	      7608	80001c94	17bf6b93	ori	x23,x30,379	 x30:0x00000001 x23=0x0000017b
      76105.000 ns	      7609	80001c98	4908f613	andi	x12,x17,1168	 x17:0x7fffffff x12=0x00000490
      76125.000 ns	      7611	80001c9c	e00912d3	fclass.s	x5,f18	 f18:0x7fc00000  x5=0x00000200
      76145.000 ns	      7613	80001ca0	41ead9b3	sra	x19,x21,x30	 x21:0xfff80000 x30:0x00000001 x19=0xfffc0000
      76165.000 ns	      7615	80001ca4	02fa6333	rem	x6,x20,x15	 x20:0x80041024 x15:0x00000000  x6=0x80041024
      76185.000 ns	      7617	80001ca8	01611913	slli	x18,x2,0x16	  x2:0x00000000 x18=0x00000000
      76195.000 ns	      7618	80001cac	e5257293	andi	x5,x10,-430	 x10:0x00000000  x5=0x00000000
      76205.000 ns	      7619	80001cb0	015cbeb3	sltu	x29,x25,x21	 x25:0x00000001 x21:0xfff80000 x29=0x00000001
      76225.000 ns	      7621	80001cb4	f0070653	fmv.w.x	f12,x14	 x14:0x72cb4a24 f12=0x72cb4a24
      76255.000 ns	      7624	80001cb8	0358b0b3	mulhu	x1,x17,x21	 x17:0x7fffffff x21:0xfff80000  x1=0x7ffbffff
      76275.000 ns	      7626	80001cbc	0085df93	srli	x31,x11,0x8	 x11:0x000006d0 x31=0x00000006
      76285.000 ns	      7627	80001cc0	01ac3933	sltu	x18,x24,x26	 x24:0x00000201 x26:0x0000063b x18=0x00000001
      76295.000 ns	      7628	80001cc4	2e466413	ori	x8,x12,740	 x12:0x00000490  x8=0x000006f4
      76305.000 ns	      7629	80001cc8	01263533	sltu	x10,x12,x18	 x12:0x00000490 x18:0x00000000 x10=0x00000000
      76325.000 ns	      7631	80001ccc	03fb2d33	mulhsu	x26,x22,x31	 x22:0x00000000 x31:0x00000006 x26=0x00000000
      76345.000 ns	      7633	80001cd0	402bd133	sra	x2,x23,x2	 x23:0x0000017b  x2:0x00000000  x2=0x0000017b
      76355.000 ns	      7634	80001cd4	00099993	slli	x19,x19,0x0	 x19:0xfffc0000 x19=0xfffc0000
      76375.000 ns	      7636	80001cd8	e00e95d3	fclass.s	x11,f29	 f29:0x7fc00000 x11=0x00000200
      76405.000 ns	      7639	80001cdc	21aba7d3	fsgnjx.s	f15,f23,f26	 f23:0x00000000 f26:0x5b7a9175 f15=0x00000000
      76425.000 ns	      7641	80001ce0	7dfd3d13	sltiu	x26,x26,2015	 x26:0x00000000 x26=0x00000001
      76445.000 ns	      7643	80001ce4	20368453	fsgnj.s	f8,f13,f3	 f13:0x4d7d4500  f3:0x7fc00000  f8=0x4d7d4500
      76465.000 ns	      7645	80001ce8	0113d013	srli	x0,x7,0x11	  x7:0x72cb4fb5
      76475.000 ns	      7646	80001cec	01745c13	srli	x24,x8,0x17	  x8:0x000006f4 x24=0x00000000
      76485.000 ns	      7647	80001cf0	005b98b3	sll	x17,x23,x5	 x23:0x0000017b  x5:0x00000000 x17=0x0000017b
      76505.000 ns	      7649	80001cf4	20f4a0d3	fsgnjx.s	f1,f9,f15	  f9:0x7fc00000 f15:0x00000000  f1=0x7fc00000
      76525.000 ns	      7651	80001cf8	f8fa7393	andi	x7,x20,-113	 x20:0x80041024  x7=0x80041004
      76545.000 ns	      7653	80001cfc	283b0bd3	fmin.s	f23,f22,f3	 f22:0x80000000  f3:0x7fc00000 f23=0x80000000
      76565.000 ns	      7655	80001d00	013ee933	or	x18,x29,x19	 x29:0x00000001 x19:0xfffc0000 x18=0xfffc0001
      76585.000 ns	      7657	80001d04	f00105d3	fmv.w.x	f11,x2	  x2:0x0000017b f11=0x0000017b
      76605.000 ns	      7659	80001d08	00253433	sltu	x8,x10,x2	 x10:0x00000000  x2:0x0000017b  x8=0x00000001
      76625.000 ns	      7661	80001d0c	a130abd3	feq.s	x23,f1,f19	  f1:0x7fc00000 f19:0x00000000 x23=0x00000000
      76645.000 ns	      7663	80001d10	004ca7b3	slt	x15,x25,x4	 x25:0x00000001  x4:0x00000000 x15=0x00000000
      76665.000 ns	      7665	80001d14	a07bafd3	feq.s	x31,f23,f7	 f23:0x80000000  f7:0x7fc00000 x31=0x00000000
      76695.000 ns	      7668	80001d18	216e0353	fsgnj.s	f6,f28,f22	 f28:0x7fc00000 f22:0x80000000  f6=0xffc00000
      76725.000 ns	      7671	80001d1c	c0107dd3	fcvt.wu.s	x27,f0	  f0:0xcd7d4500 x27=0x0fd45000
      76755.000 ns	      7674	80001d20	29fc8953	fmin.s	f18,f25,f31	 f25:0xffc00000 f31:0x4d7d4500 f18=0x4d7d4500
      76785.000 ns	      7677	80001d24	a1229e53	flt.s	x28,f5,f18	  f5:0x7fc00000 f18:0x7fc00000 x28=0x00000000
      76815.000 ns	      7680	80001d28	0394b1b3	mulhu	x3,x9,x25	  x9:0x7b4a1000 x25:0x00000001  x3=0x00000000
      76835.000 ns	      7682	80001d2c	00f5ec33	or	x24,x11,x15	 x11:0x00000200 x15:0x00000000 x24=0x00000200
      76855.000 ns	      7684	80001d30	c007f3d3	fcvt.w.s	x7,f15	 f15:0x00000000  x7=0x00000000
      76885.000 ns	      7687	80001d34	d017f1d3	fcvt.s.wu	f3,x15	 x15:0x00000000  f3=0x00000000
      76915.000 ns	      7690	80001d38	28d819d3	fmax.s	f19,f16,f13	 f16:0x7fc00000 f13:0x4d7d4500 f19=0x4d7d4500
      76935.000 ns	      7692	80001d3c	00634233	xor	x4,x6,x6	  x6:0x80041024  x6:0x80041024  x4=0x00000000
      76945.000 ns	      7693	80001d40	29597313	andi	x6,x18,661	 x18:0xfffc0001  x6=0x00000001
      76965.000 ns	      7695	80001d44	c01e73d3	fcvt.wu.s	x7,f28	 f28:0x7fc00000  x7=0xffffffff
      76985.000 ns	      7697	80001d48	00aa7cb3	and	x25,x20,x10	 x20:0x80041024 x10:0x00000000 x25=0x00000000
      77345.000 ns	      7733	80001d4c	03805f33	divu	x30,x0,x24	  x0:0x00000000 x24:0x00000200 x30=0x00000000
      77365.000 ns	      7735	80001d50	00a33d33	sltu	x26,x6,x10	  x6:0x00000001 x10:0x00000000 x26=0x00000000
      77385.000 ns	      7737	80001d54	29ed07d3	fmin.s	f15,f26,f30	 f26:0x5b7a9175 f30:0x00000000 f15=0x00000000
      77415.000 ns	      7740	80001d58	2072af53	fsgnjx.s	f30,f5,f7	  f5:0x7fc00000  f7:0x7fc00000 f30=0x7fc00000
      77435.000 ns	      7742	80001d5c	00325693	srli	x13,x4,0x3	  x4:0x00000000 x13=0x00000000
      77445.000 ns	      7743	80001d60	00f8aab3	slt	x21,x17,x15	 x17:0x0000017b x15:0x00000000 x21=0x00000000
      77465.000 ns	      7745	80001d64	e00a8cd3	fmv.x.w	x25,f21	 f21:0xcd7d4500 x25=0xcd7d4500
      77485.000 ns	      7747	80001d68	01a6dfb3	srl	x31,x13,x26	 x13:0x00000000 x26:0x00000000 x31=0x00000000
      77525.000 ns	      7751	80001d6c	08bf96d3	fsub.s	f13,f31,f11	 f31:0x4d7d4500 f11:0x0000017b f13=0x4d7d4500
      77555.000 ns	      7754	80001d70	a1001cd3	flt.s	x25,f0,f16	  f0:0xcd7d4500 f16:0x7fc00000 x25=0x00000000
      77585.000 ns	      7757	80001d74	c0071353	fcvt.w.s	x6,f14	 f14:0x7fc00000  x6=0x7fffffff
      77605.000 ns	      7759	80001d78	00dc5b33	srl	x22,x24,x13	 x24:0x00000200 x13:0x00000000 x22=0x00000200
      77615.000 ns	      7760	80001d7c	7dde8d93	addi	x27,x29,2013	 x29:0x00000001 x27=0x000007de
      77635.000 ns	      7762	80001d80	037608b3	mul	x17,x12,x23	 x12:0x00000490 x23:0x00000000 x17=0x00000000
      77665.000 ns	      7765	80001d84	025eedb3	rem	x27,x29,x5	 x29:0x00000001  x5:0x00000000 x27=0x00000001
      77695.000 ns	      7768	80001d88	29d28253	fmin.s	f4,f5,f29	  f5:0x7fc00000 f29:0x7fc00000  f4=0x7fc00000
      77745.000 ns	      7773	80001d8c	0117f9d3	fadd.s	f19,f15,f17	 f15:0x00000000 f17:0xcd7d4500 f19=0xcd7d4500
      77765.000 ns	      7775	80001d90	01fad533	srl	x10,x21,x31	 x21:0x00000000 x31:0x00000000 x10=0x00000000
      77785.000 ns	      7777	80001d94	21b7a153	fsgnjx.s	f2,f15,f27	 f15:0x00000000 f27:0xcd7d4500  f2=0x80000000
      77815.000 ns	      7780	80001d98	c0074ad3	fcvt.w.s	x21,f14	 f14:0x7fc00000 x21=0x7fffffff
      77845.000 ns	      7783	80001d9c	02a128b3	mulhsu	x17,x2,x10	  x2:0x0000017b x10:0x00000000 x17=0x00000000
      77865.000 ns	      7785	80001da0	502298b7	lui	x17,0x50229	 x17=0x50229000
      77875.000 ns	      7786	80001da4	00201e93	slli	x29,x0,0x2	  x0:0x00000000 x29=0x00000000
      77885.000 ns	      7787	80001da8	41a0d493	srai	x9,x1,0x1a	  x1:0x7ffbffff  x9=0x0000001f
      77905.000 ns	      7789	80001dac	e00b11d3	fclass.s	x3,f22	 f22:0x80000000  x3=0x00000008
      77925.000 ns	      7791	80001db0	411ad233	sra	x4,x21,x17	 x21:0x7fffffff x17:0x50229000  x4=0x7fffffff
      77955.000 ns	      7794	80001db4	18f07cd3	fdiv.s	f25,f0,f15	  f0:0xcd7d4500 f15:0x00000000 f25=0xff800000
      77995.000 ns	      7798	80001db8	580f0053	fsqrt.s	f0,f30	 f30:0x7fc00000  f0=0x7fc00000
      78015.000 ns	      7800	80001dbc	5868c113	xori	x2,x17,1414	 x17:0x50229000  x2=0x50229586
      78035.000 ns	      7802	80001dc0	03240233	mul	x4,x8,x18	  x8:0x00000001 x18:0xfffc0001  x4=0xfffc0001
      78065.000 ns	      7805	80001dc4	03033c33	mulhu	x24,x6,x16	  x6:0x7fffffff x16:0x80040fe4 x24=0x400207f1
      78085.000 ns	      7807	80001dc8	01251393	slli	x7,x10,0x12	 x10:0x00000000  x7=0x00000000
      78105.000 ns	      7809	80001dcc	c00aa053	fcvt.w.s	x0,f21	 f21:0xcd7d4500
      78155.000 ns	      7814	80001dd0	00624e53	fadd.s	f28,f4,f6	  f4:0x7fc00000  f6:0xffc00000 f28=0x7fc00000
      78175.000 ns	      7816	80001dd4	16d0b313	sltiu	x6,x1,365	  x1:0x7ffbffff  x6=0x00000000
      78185.000 ns	      7817	80001dd8	0038e4b3	or	x9,x17,x3	 x17:0x50229000  x3:0x00000008  x9=0x50229008
      78195.000 ns	      7818	80001ddc	01db3db3	sltu	x27,x22,x29	 x22:0x00000200 x29:0x00000000 x27=0x00000000
      78225.000 ns	      7821	80001de0	19ed37d3	fdiv.s	f15,f26,f30	 f26:0x5b7a9175 f30:0x7fc00000 f15=0x7fc00000
      78265.000 ns	      7825	80001de4	5809f9d3	fsqrt.s	f19,f19	 f19:0xcd7d4500 f19=0x7fc00000
      78285.000 ns	      7827	80001de8	014373b3	and	x7,x6,x20	  x6:0x00000000 x20:0x80041024  x7=0x00000000
      78305.000 ns	      7829	80001dec	21c80a53	fsgnj.s	f20,f16,f28	 f16:0x7fc00000 f28:0x7fc00000 f20=0x7fc00000
      78355.000 ns	      7834	80001df0	01bc8fd3	fadd.s	f31,f25,f27	 f25:0xff800000 f27:0xcd7d4500 f31=0xff800000
      78375.000 ns	      7836	80001df4	01607e33	and	x28,x0,x22	  x0:0x00000000 x22:0x00000200 x28=0x00000000
      78385.000 ns	      7837	80001df8	005cfc33	and	x24,x25,x5	 x25:0x00000000  x5:0x00000000 x24=0x00000000
      78745.000 ns	      7873	80001dfc	030073b3	remu	x7,x0,x16	  x0:0x00000000 x16:0x80040fe4  x7=0x00000000
      78765.000 ns	      7875	80001e00	00fbfab3	and	x21,x23,x15	 x23:0x00000000 x15:0x00000000 x21=0x00000000
      78805.000 ns	      7879	80001e04	00d8ffd3	fadd.s	f31,f17,f13	 f17:0xcd7d4500 f13:0x4d7d4500 f31=0x00000000
      78835.000 ns	      7882	80001e08	207782d3	fsgnj.s	f5,f15,f7	 f15:0x7fc00000  f7:0x7fc00000  f5=0x7fc00000
      78865.000 ns	      7885	80001e0c	20232753	fsgnjx.s	f14,f6,f2	  f6:0xffc00000  f2:0x80000000 f14=0x7fc00000
      78895.000 ns	      7888	80001e10	296c9953	fmax.s	f18,f25,f22	 f25:0xff800000 f22:0x80000000 f18=0x80000000
      78915.000 ns	      7890	80001e14	00381533	sll	x10,x16,x3	 x16:0x80040fe4  x3:0x00000008 x10=0x040fe400
      78935.000 ns	      7892	80001e18	03429ab3	mulh	x21,x5,x20	  x5:0x00000000 x20:0x80041024 x21=0x00000000
      78965.000 ns	      7895	80001e1c	c01826d3	fcvt.wu.s	x13,f16	 f16:0x7fc00000 x13=0xffffffff
      78995.000 ns	      7898	80001e20	28721653	fmax.s	f12,f4,f7	  f4:0x7fc00000  f7:0x7fc00000 f12=0x7fc00000
      79015.000 ns	      7900	80001e24	00e83633	sltu	x12,x16,x14	 x16:0x80040fe4 x14:0x72cb4a24 x12=0x00000000
      79025.000 ns	      7901	80001e28	00000013	addi	x0,x0,0	  x0:0x00000000
      79045.000 ns	      7903	80001e2c	a0a702d3	fle.s	x5,f14,f10	 f14:0x7fc00000 f10:0xcd7d4500  x5=0x00000000
      79075.000 ns	      7906	80001e30	e0041ad3	fclass.s	x21,f8	  f8:0x4d7d4500 x21=0x00000040
      79105.000 ns	      7909	80001e34	a1e187d3	fle.s	x15,f3,f30	  f3:0x00000000 f30:0x7fc00000 x15=0x00000000
      79125.000 ns	      7911	80001e38	d523ab93	slti	x23,x7,-686	  x7:0x00000000 x23=0x00000000
      79145.000 ns	      7913	80001e3c	d00f05d3	fcvt.s.w	f11,x30	 x30:0x00000000 f11=0x00000000
      79175.000 ns	      7916	80001e40	032516b3	mulh	x13,x10,x18	 x10:0x040fe400 x18:0xfffc0001 x13=0xffffefc0
      79205.000 ns	      7919	80001e44	d00f10d3	fcvt.s.w	f1,x30	 x30:0x00000000  f1=0x00000000
      79235.000 ns	      7922	80001e48	e00291d3	fclass.s	x3,f5	  f5:0x7fc00000  x3=0x00000200
      79265.000 ns	      7925	80001e4c	02ab9033	mulh	x0,x23,x10	 x23:0x00000000 x10:0x040fe400
      79295.000 ns	      7928	80001e50	214696d3	fsgnjn.s	f13,f13,f20	 f13:0x4d7d4500 f20:0x7fc00000 f13=0xcd7d4500
      79325.000 ns	      7931	80001e54	02f889b3	mul	x19,x17,x15	 x17:0x50229000 x15:0x00000000 x19=0x00000000
      79355.000 ns	      7934	80001e58	a08e09d3	fle.s	x19,f28,f8	 f28:0x7fc00000  f8:0x4d7d4500 x19=0x00000000
      79375.000 ns	      7936	80001e5c	825d3a93	sltiu	x21,x26,-2011	 x26:0x00000000 x21=0x00000001
      79395.000 ns	      7938	80001e60	206f12d3	fsgnjn.s	f5,f30,f6	 f30:0x7fc00000  f6:0xffc00000  f5=0x7fc00000
      79425.000 ns	      7941	80001e64	02084b33	div	x22,x16,x0	 x16:0x80040fe4  x0:0x00000000 x22=0xffffffff
      79455.000 ns	      7944	80001e68	03740fb3	mul	x31,x8,x23	  x8:0x00000001 x23:0x00000000 x31=0x00000000
      79485.000 ns	      7947	80001e6c	21ec9a53	fsgnjn.s	f20,f25,f30	 f25:0xff800000 f30:0x7fc00000 f20=0xff800000
      79505.000 ns	      7949	80001e70	01a7c533	xor	x10,x15,x26	 x15:0x00000000 x26:0x00000000 x10=0x00000000
      79515.000 ns	      7950	80001e74	8a3dfb97	auipc	x23,0x8a3df	 x23=0x0a3e0e74
      79525.000 ns	      7951	80001e78	01c61c33	sll	x24,x12,x28	 x12:0x00000000 x28:0x00000000 x24=0x00000000
      79545.000 ns	      7953	80001e7c	02676233	rem	x4,x14,x6	 x14:0x72cb4a24  x6:0x00000000  x4=0x72cb4a24
      79915.000 ns	      7990	80001e80	02b76933	rem	x18,x14,x11	 x14:0x72cb4a24 x11:0x00000200 x18=0x00000024
      79935.000 ns	      7992	80001e84	2628e293	ori	x5,x17,610	 x17:0x50229000  x5=0x50229262
      79955.000 ns	      7994	80001e88	0389ee33	rem	x28,x19,x24	 x19:0x00000000 x24:0x00000000 x28=0x00000000
      79985.000 ns	      7997	80001e8c	28af82d3	fmin.s	f5,f31,f10	 f31:0x00000000 f10:0xcd7d4500  f5=0xcd7d4500
      80005.000 ns	      7999	80001e90	4b940b13	addi	x22,x8,1209	  x8:0x00000001 x22=0x000004ba
      80015.000 ns	      8000	80001e94	0060cbb3	xor	x23,x1,x6	  x1:0x7ffbffff  x6:0x00000000 x23=0x7ffbffff
      80025.000 ns	      8001	80001e98	8c5a6db7	lui	x27,0x8c5a6	 x27=0x8c5a6000
      80035.000 ns	      8002	80001e9c	7a0fae13	slti	x28,x31,1952	 x31:0x00000000 x28=0x00000001
      80055.000 ns	      8004	80001ea0	21781753	fsgnjn.s	f14,f16,f23	 f16:0x7fc00000 f23:0x80000000 f14=0x7fc00000
      80085.000 ns	      8007	80001ea4	288814d3	fmax.s	f9,f16,f8	 f16:0x7fc00000  f8:0x4d7d4500  f9=0x4d7d4500
      80105.000 ns	      8009	80001ea8	f77fa513	slti	x10,x31,-137	 x31:0x00000000 x10=0x00000000
      80115.000 ns	      8010	80001eac	84327793	andi	x15,x4,-1981	  x4:0x72cb4a24 x15=0x72cb4800
      80125.000 ns	      8011	80001eb0	01cd72b3	and	x5,x26,x28	 x26:0x00000000 x28:0x00000001  x5=0x00000000
      80135.000 ns	      8012	80001eb4	11737e37	lui	x28,0x11737	 x28=0x11737000
      80145.000 ns	      8013	80001eb8	41415e93	srai	x29,x2,0x14	  x2:0x50229586 x29=0x00000502
      80185.000 ns	      8017	80001ebc	08f6acd3	fsub.s	f25,f13,f15	 f13:0xcd7d4500 f15:0x7fc00000 f25=0x7fc00000
      80215.000 ns	      8020	80001ec0	f0060ad3	fmv.w.x	f21,x12	 x12:0x00000000 f21=0x00000000
      80245.000 ns	      8023	80001ec4	03345cb3	divu	x25,x8,x19	  x8:0x00000001 x19:0x00000000 x25=0xffffffff
      80265.000 ns	      8025	80001ec8	00b3b533	sltu	x10,x7,x11	  x7:0x00000000 x11:0x00000200 x10=0x00000001
      80275.000 ns	      8026	80001ecc	4142d613	srai	x12,x5,0x14	  x5:0x00000000 x12=0x00000000
      80315.000 ns	      8030	80001ed0	012af3d3	fadd.s	f7,f21,f18	 f21:0x00000000 f18:0x80000000  f7=0x80000000
      80345.000 ns	      8033	80001ed4	e00c9253	fclass.s	x4,f25	 f25:0x7fc00000  x4=0x00000200
      80365.000 ns	      8035	80001ed8	285c25b7	lui	x11,0x285c2	 x11=0x285c2000
      80385.000 ns	      8037	80001edc	03200933	mul	x18,x0,x18	  x0:0x00000000 x18:0x00000024 x18=0x00000000
      80415.000 ns	      8040	80001ee0	02c22433	mulhsu	x8,x4,x12	  x4:0x00000200 x12:0x00000000  x8=0x00000000
      80445.000 ns	      8043	80001ee4	039b1f33	mulh	x30,x22,x25	 x22:0x000004ba x25:0xffffffff x30=0xffffffff
      80815.000 ns	      8080	80001ee8	02acfdb3	remu	x27,x25,x10	 x25:0xffffffff x10:0x00000001 x27=0x00000000
      80845.000 ns	      8083	80001eec	289910d3	fmax.s	f1,f18,f9	 f18:0x80000000  f9:0x4d7d4500  f1=0x4d7d4500
      80865.000 ns	      8085	80001ef0	40c05e93	srai	x29,x0,0xc	  x0:0x00000000 x29=0x00000000
      80875.000 ns	      8086	80001ef4	403ad693	srai	x13,x21,0x3	 x21:0x00000001 x13=0x00000000
      80885.000 ns	      8087	80001ef8	00609f93	slli	x31,x1,0x6	  x1:0x7ffbffff x31=0xfeffffc0
      80895.000 ns	      8088	80001efc	01678eb3	add	x29,x15,x22	 x15:0x72cb4800 x22:0x000004ba x29=0x72cb4cba
      80915.000 ns	      8090	80001f00	a05c03d3	fle.s	x7,f24,f5	 f24:0xcd7d4500  f5:0xcd7d4500  x7=0x00000001
      80935.000 ns	      8092	80001f04	0050e633	or	x12,x1,x5	  x1:0x7ffbffff  x5:0x00000000 x12=0x7ffbffff
      81295.000 ns	      8128	80001f08	034aff33	remu	x30,x21,x20	 x21:0x00000001 x20:0x80041024 x30=0x00000001
      81345.000 ns	      8133	80001f0c	09eccad3	fsub.s	f21,f25,f30	 f25:0x7fc00000 f30:0x7fc00000 f21=0x7fc00000
      81375.000 ns	      8136	80001f10	020fa1b3	mulhsu	x3,x31,x0	 x31:0xfeffffc0  x0:0x00000000  x3=0x00000000
      81395.000 ns	      8138	80001f14	00860fb3	add	x31,x12,x8	 x12:0x7ffbffff  x8:0x00000000 x31=0x7ffbffff
      81415.000 ns	      8140	80001f18	21e68053	fsgnj.s	f0,f13,f30	 f13:0xcd7d4500 f30:0x7fc00000  f0=0x4d7d4500
      81435.000 ns	      8142	80001f1c	d929c013	xori	x0,x19,-622	 x19:0x00000000
      81795.000 ns	      8178	80001f20	024650b3	divu	x1,x12,x4	 x12:0x7ffbffff  x4:0x00000200  x1=0x003ffdff
      81815.000 ns	      8180	80001f24	2c853f97	auipc	x31,0x2c853	 x31=0xac854f24
      81835.000 ns	      8182	80001f28	219e2c53	fsgnjx.s	f24,f28,f25	 f28:0x7fc00000 f25:0x7fc00000 f24=0x7fc00000
      81855.000 ns	      8184	80001f2c	00483333	sltu	x6,x16,x4	 x16:0x80040fe4  x4:0x00000200  x6=0x00000000
      81875.000 ns	      8186	80001f30	037caeb3	mulhsu	x29,x25,x23	 x25:0xffffffff x23:0x7ffbffff x29=0xffffffff
      81905.000 ns	      8189	80001f34	e0021453	fclass.s	x8,f4	  f4:0x7fc00000  x8=0x00000200
      81935.000 ns	      8192	80001f38	20c9ac53	fsgnjx.s	f24,f19,f12	 f19:0x7fc00000 f12:0x7fc00000 f24=0x7fc00000
      81955.000 ns	      8194	80001f3c	06efd7b7	lui	x15,0x6efd	 x15=0x06efd000
      81975.000 ns	      8196	80001f40	024ea6b3	mulhsu	x13,x29,x4	 x29:0xffffffff  x4:0x00000200 x13=0xffffffff
      82005.000 ns	      8199	80001f44	28d69fd3	fmax.s	f31,f13,f13	 f13:0xcd7d4500 f13:0xcd7d4500 f31=0xcd7d4500
      82035.000 ns	      8202	80001f48	215c8053	fsgnj.s	f0,f25,f21	 f25:0x7fc00000 f21:0x7fc00000  f0=0x7fc00000
      82065.000 ns	      8205	80001f4c	032635b3	mulhu	x11,x12,x18	 x12:0x7ffbffff x18:0x00000000 x11=0x00000000
      82095.000 ns	      8208	80001f50	d01ac353	fcvt.s.wu	f6,x21	 x21:0x00000001  f6=0x3f800000
      82125.000 ns	      8211	80001f54	a0cda153	feq.s	x2,f27,f12	 f27:0xcd7d4500 f12:0x7fc00000  x2=0x00000000
      82145.000 ns	      8213	80001f58	4143d6b3	sra	x13,x7,x20	  x7:0x00000001 x20:0x80041024 x13=0x00000000
      82165.000 ns	      8215	80001f5c	28a09e53	fmax.s	f28,f1,f10	  f1:0x4d7d4500 f10:0xcd7d4500 f28=0x4d7d4500
      82185.000 ns	      8217	80001f60	00ecdd93	srli	x27,x25,0xe	 x25:0xffffffff x27=0x0003ffff
      82195.000 ns	      8218	80001f64	00d41d13	slli	x26,x8,0xd	  x8:0x00000200 x26=0x00400000
      82215.000 ns	      8220	80001f68	02364433	div	x8,x12,x3	 x12:0x7ffbffff  x3:0x00000000  x8=0xffffffff
      82245.000 ns	      8223	80001f6c	c0033b53	fcvt.w.s	x22,f6	  f6:0x3f800000 x22=0x00000001
      82265.000 ns	      8225	80001f70	0050f9b3	and	x19,x1,x5	  x1:0x003ffdff  x5:0x00000000 x19=0x00000000
      82285.000 ns	      8227	80001f74	c00cb4d3	fcvt.w.s	x9,f25	 f25:0x7fc00000  x9=0x7fffffff
      82305.000 ns	      8229	80001f78	a725e593	ori	x11,x11,-1422	 x11:0x00000000 x11=0xfffffa72
      82315.000 ns	      8230	80001f7c	01a7e433	or	x8,x15,x26	 x15:0x06efd000 x26:0x00400000  x8=0x06efd000
      82675.000 ns	      8266	80001f80	03b1feb3	remu	x29,x3,x27	  x3:0x00000000 x27:0x0003ffff x29=0x00000000
      83045.000 ns	      8303	80001f84	030f6b33	rem	x22,x30,x16	 x30:0x00000001 x16:0x80040fe4 x22=0x00000001
      83085.000 ns	      8307	80001f88	580f1b53	fsqrt.s	f22,f30	 f30:0x7fc00000 f22=0x7fc00000
      83105.000 ns	      8309	80001f8c	008c9513	slli	x10,x25,0x8	 x25:0xffffffff x10=0xffffff00
      83115.000 ns	      8310	80001f90	011ba633	slt	x12,x23,x17	 x23:0x7ffbffff x17:0x50229000 x12=0x00000000
      83125.000 ns	      8311	80001f94	00df9433	sll	x8,x31,x13	 x31:0xac854f24 x13:0x00000000  x8=0xac854f24
      83145.000 ns	      8313	80001f98	20a402d3	fsgnj.s	f5,f8,f10	  f8:0x4d7d4500 f10:0xcd7d4500  f5=0xcd7d4500
      83175.000 ns	      8316	80001f9c	d01a76d3	fcvt.s.wu	f13,x20	 x20:0x80041024 f13=0x4f000410
      83205.000 ns	      8319	80001fa0	e00d1e53	fclass.s	x28,f26	 f26:0x5b7a9175 x28=0x00000040
      83225.000 ns	      8321	80001fa4	ddd14113	xori	x2,x2,-547	  x2:0x00000000  x2=0xfffffddd
      83245.000 ns	      8323	80001fa8	e0009bd3	fclass.s	x23,f1	  f1:0x4d7d4500 x23=0x00000040
      83265.000 ns	      8325	80001fac	004ea433	slt	x8,x29,x4	 x29:0x00000000  x4:0x00000200  x8=0x00000001
      83305.000 ns	      8329	80001fb0	01f119d3	fadd.s	f19,f2,f31	  f2:0x80000000 f31:0xcd7d4500 f19=0xcd7d4500
      83335.000 ns	      8332	80001fb4	f00586d3	fmv.w.x	f13,x11	 x11:0xfffffa72 f13=0xfffffa72
      83705.000 ns	      8369	80001fb8	03c4f5b3	remu	x11,x9,x28	  x9:0x7fffffff x28:0x00000040 x11=0x0000003f
      83725.000 ns	      8371	80001fbc	00a8a133	slt	x2,x17,x10	 x17:0x50229000 x10:0xffffff00  x2=0x00000000
      83735.000 ns	      8372	80001fc0	764d4093	xori	x1,x26,1892	 x26:0x00400000  x1=0x00400764
      83745.000 ns	      8373	80001fc4	17ab3413	sltiu	x8,x22,378	 x22:0x00000001  x8=0x00000001
      83755.000 ns	      8374	80001fc8	405f0d33	sub	x26,x30,x5	 x30:0x00000001  x5:0x00000000 x26=0x00000001
      83765.000 ns	      8375	80001fcc	01941633	sll	x12,x8,x25	  x8:0x00000001 x25:0xffffffff x12=0x80000000
      83785.000 ns	      8377	80001fd0	28b21dd3	fmax.s	f27,f4,f11	  f4:0x7fc00000 f11:0x00000000 f27=0x00000000
      83815.000 ns	      8380	80001fd4	032e24b3	mulhsu	x9,x28,x18	 x28:0x00000040 x18:0x00000000  x9=0x00000000
      83845.000 ns	      8383	80001fd8	29468753	fmin.s	f14,f13,f20	 f13:0xfffffa72 f20:0xff800000 f14=0xff800000
      83875.000 ns	      8386	80001fdc	0309a9b3	mulhsu	x19,x19,x16	 x19:0x00000000 x16:0x80040fe4 x19=0x00000000
      83895.000 ns	      8388	80001fe0	f0480f13	addi	x30,x16,-252	 x16:0x80040fe4 x30=0x80040ee8
      83905.000 ns	      8389	80001fe4	007e88b3	add	x17,x29,x7	 x29:0x00000000  x7:0x00000001 x17=0x00000001
      83915.000 ns	      8390	80001fe8	e83ed337	lui	x6,0xe83ed	  x6=0xe83ed000
      84275.000 ns	      8426	80001fec	02ced2b3	divu	x5,x29,x12	 x29:0x00000000 x12:0x80000000  x5=0x00000000
      84315.000 ns	      8430	80001ff0	580db253	fsqrt.s	f4,f27	 f27:0x00000000  f4=0x00000000
      84345.000 ns	      8433	80001ff4	03c29133	mulh	x2,x5,x28	  x5:0x00000000 x28:0x00000040  x2=0x00000000
      84375.000 ns	      8436	80001ff8	a03a22d3	feq.s	x5,f20,f3	 f20:0xff800000  f3:0x00000000  x5=0x00000000
      84395.000 ns	      8438	80001ffc	41558e33	sub	x28,x11,x21	 x11:0x0000003f x21:0x00000001 x28=0x0000003e
      84405.000 ns	      8439	80002000	89906913	ori	x18,x0,-1895	  x0:0x00000000 x18=0xfffff899
      84415.000 ns	      8440	80002004	00c6f7b3	and	x15,x13,x12	 x13:0x00000000 x12:0x80000000 x15=0x00000000
      84435.000 ns	      8442	80002008	02699d33	mulh	x26,x19,x6	 x19:0x00000000  x6:0xe83ed000 x26=0x00000000
      84455.000 ns	      8444	8000200c	ca440613	addi	x12,x8,-860	  x8:0x00000001 x12=0xfffffca5
      84475.000 ns	      8446	80002010	21cd8653	fsgnj.s	f12,f27,f28	 f27:0x00000000 f28:0x4d7d4500 f12=0x00000000
      84495.000 ns	      8448	80002014	01415c93	srli	x25,x2,0x14	  x2:0x00000000 x25=0x00000000
      84505.000 ns	      8449	80002018	0ed36c13	ori	x24,x6,237	  x6:0xe83ed000 x24=0xe83ed0ed
      84515.000 ns	      8450	8000201c	002a7133	and	x2,x20,x2	 x20:0x80041024  x2:0x00000000  x2=0x00000000
      84555.000 ns	      8454	80002020	01e32953	fadd.s	f18,f6,f30	  f6:0x3f800000 f30:0x7fc00000 f18=0x7fc00000
      84575.000 ns	      8456	80002024	01429bb3	sll	x23,x5,x20	  x5:0x00000000 x20:0x80041024 x23=0x00000000
      84595.000 ns	      8458	80002028	c010f5d3	fcvt.wu.s	x11,f1	  f1:0x4d7d4500 x11=0x0fd45000
      84625.000 ns	      8461	8000202c	e00382d3	fmv.x.w	x5,f7	  f7:0x80000000  x5=0x80000000
      84645.000 ns	      8463	80002030	02de8413	addi	x8,x29,45	 x29:0x00000000  x8=0x0000002d
      84665.000 ns	      8465	80002034	0206bfb3	mulhu	x31,x13,x0	 x13:0x00000000  x0:0x00000000 x31=0x00000000
      84695.000 ns	      8468	80002038	029223b3	mulhsu	x7,x4,x9	  x4:0x00000200  x9:0x00000000  x7=0x00000000
      85065.000 ns	      8505	8000203c	0348c3b3	div	x7,x17,x20	 x17:0x00000001 x20:0x80041024  x7=0x00000000
      85085.000 ns	      8507	80002040	00262ab3	slt	x21,x12,x2	 x12:0xfffffca5  x2:0x00000000 x21=0x00000001
      85105.000 ns	      8509	80002044	2020aa53	fsgnjx.s	f20,f1,f2	  f1:0x4d7d4500  f2:0x80000000 f20=0xcd7d4500
      85125.000 ns	      8511	80002048	036ce393	ori	x7,x25,54	 x25:0x00000000  x7=0x00000036
      85135.000 ns	      8512	8000204c	01c177b3	and	x15,x2,x28	  x2:0x00000000 x28:0x0000003e x15=0x00000000
      85495.000 ns	      8548	80002050	02514933	div	x18,x2,x5	  x2:0x00000000  x5:0x80000000 x18=0x00000000
      85515.000 ns	      8550	80002054	c83e6193	ori	x3,x28,-893	 x28:0x0000003e  x3=0xfffffcbf
      85525.000 ns	      8551	80002058	97474397	auipc	x7,0x97474	  x7=0x17476058
      85545.000 ns	      8553	8000205c	0305abb3	mulhsu	x23,x11,x16	 x11:0x0fd45000 x16:0x80040fe4 x23=0x07ea684c
      85575.000 ns	      8556	80002060	e0010153	fmv.x.w	x2,f2	  f2:0x80000000  x2=0x80000000
      85595.000 ns	      8558	80002064	01bc79b3	and	x19,x24,x27	 x24:0xe83ed0ed x27:0x0003ffff x19=0x0002d0ed
      85605.000 ns	      8559	80002068	531add37	lui	x26,0x531ad	 x26=0x531ad000
      85615.000 ns	      8560	8000206c	00322d33	slt	x26,x4,x3	  x4:0x00000200  x3:0xfffffcbf x26=0x00000000
      85625.000 ns	      8561	80002070	01294133	xor	x2,x18,x18	 x18:0x00000000 x18:0x00000000  x2=0x00000000
      85635.000 ns	      8562	80002074	008c1993	slli	x19,x24,0x8	 x24:0xe83ed0ed x19=0x3ed0ed00
      85655.000 ns	      8564	80002078	a094aad3	feq.s	x21,f9,f9	  f9:0x4d7d4500  f9:0x4d7d4500 x21=0x00000001
      85675.000 ns	      8566	8000207c	361de397	auipc	x7,0x361de	  x7=0xb61e007c
      86035.000 ns	      8602	80002080	02e4d133	divu	x2,x9,x14	  x9:0x00000000 x14:0x72cb4a24  x2=0x00000000
      86065.000 ns	      8605	80002084	c01070d3	fcvt.wu.s	x1,f0	  f0:0x7fc00000  x1=0xffffffff
      86095.000 ns	      8608	80002088	d00d7ad3	fcvt.s.w	f21,x26	 x26:0x00000000 f21=0x00000000
      86115.000 ns	      8610	8000208c	03bfb293	sltiu	x5,x31,59	 x31:0x00000000  x5=0x00000001
      86155.000 ns	      8614	80002090	00d81cd3	fadd.s	f25,f16,f13	 f16:0x7fc00000 f13:0xfffffa72 f25=0x7fc00000
      86175.000 ns	      8616	80002094	01179b33	sll	x22,x15,x17	 x15:0x00000000 x17:0x00000001 x22=0x00000000
      86185.000 ns	      8617	80002098	9b4c0e93	addi	x29,x24,-1612	 x24:0xe83ed0ed x29=0xe83ecaa1
      86205.000 ns	      8619	8000209c	f00e8553	fmv.w.x	f10,x29	 x29:0x00000000 f10=0xe83ecaa1
      86255.000 ns	      8624	800020a0	00617ed3	fadd.s	f29,f2,f6	  f2:0x80000000  f6:0x3f800000 f29=0x3f800000
      86285.000 ns	      8627	800020a4	f00b0953	fmv.w.x	f18,x22	 x22:0x00000000 f18=0x00000000
      86305.000 ns	      8629	800020a8	017ab6b3	sltu	x13,x21,x23	 x21:0x00000001 x23:0x07ea684c x13=0x00000001
      86315.000 ns	      8630	800020ac	00000013	addi	x0,x0,0	  x0:0x00000000
      86355.000 ns	      8634	800020b0	0163ff53	fadd.s	f30,f7,f22	  f7:0x80000000 f22:0x7fc00000 f30=0x7fc00000
      86385.000 ns	      8637	800020b4	a03b1253	flt.s	x4,f22,f3	 f22:0x7fc00000  f3:0x00000000  x4=0x00000000
      86405.000 ns	      8639	800020b8	00a5dfb3	srl	x31,x11,x10	 x11:0x0fd45000 x10:0xffffff00 x31=0x0fd45000
      86425.000 ns	      8641	800020bc	02479cb3	mulh	x25,x15,x4	 x15:0x00000000  x4:0x00000000 x25=0x00000000
      86455.000 ns	      8644	800020c0	c000fad3	fcvt.w.s	x21,f1	  f1:0x4d7d4500 x21=0x0fd45000
      86505.000 ns	      8649	800020c4	0969afd3	fsub.s	f31,f19,f22	 f19:0xcd7d4500 f22:0x7fc00000 f31=0x7fc00000
      86525.000 ns	      8651	800020c8	00811b13	slli	x22,x2,0x8	  x2:0x00000000 x22=0x00000000
      86545.000 ns	      8653	800020cc	030027b3	mulhsu	x15,x0,x16	  x0:0x00000000 x16:0x80040fe4 x15=0x00000000
      86565.000 ns	      8655	800020d0	41c8d913	srai	x18,x17,0x1c	 x17:0x00000001 x18=0x00000000
      86585.000 ns	      8657	800020d4	a1a29953	flt.s	x18,f5,f26	  f5:0xcd7d4500 f26:0x5b7a9175 x18=0x00000001
      86635.000 ns	      8662	800020d8	081d8d53	fsub.s	f26,f27,f1	 f27:0x00000000  f1:0x4d7d4500 f26=0xcd7d4500
      86675.000 ns	      8666	800020dc	19c19c53	fdiv.s	f24,f3,f28	  f3:0x00000000 f28:0x4d7d4500 f24=0x00000000
      86705.000 ns	      8669	800020e0	a107a8d3	feq.s	x17,f15,f16	 f15:0x7fc00000 f16:0x7fc00000 x17=0x00000000
      86725.000 ns	      8671	800020e4	01f4ed33	or	x26,x9,x31	  x9:0x00000000 x31:0x0fd45000 x26=0x0fd45000
      86735.000 ns	      8672	800020e8	009903b3	add	x7,x18,x9	 x18:0x00000001  x9:0x00000000  x7=0x00000001
      86755.000 ns	      8674	800020ec	295c87d3	fmin.s	f15,f25,f21	 f25:0x7fc00000 f21:0x00000000 f15=0x00000000
      86775.000 ns	      8676	800020f0	c1d7a613	slti	x12,x15,-995	 x15:0x00000000 x12=0x00000000
      86795.000 ns	      8678	800020f4	21eea653	fsgnjx.s	f12,f29,f30	 f29:0x3f800000 f30:0x7fc00000 f12=0x3f800000
      86815.000 ns	      8680	800020f8	00775c93	srli	x25,x14,0x7	 x14:0x72cb4a24 x25=0x00e59694
      86825.000 ns	      8681	800020fc	269cac93	slti	x25,x25,617	 x25:0x00000000 x25=0x00000000
      86835.000 ns	      8682	80002100	00bf6fb3	or	x31,x30,x11	 x30:0x80040ee8 x11:0x0fd45000 x31=0x8fd45ee8
      86875.000 ns	      8686	80002104	002d1353	fadd.s	f6,f26,f2	 f26:0xcd7d4500  f2:0x80000000  f6=0xcd7d4500
      87245.000 ns	      8723	80002108	02675c33	divu	x24,x14,x6	 x14:0x72cb4a24  x6:0xe83ed000 x24=0x00000000
      87275.000 ns	      8726	8000210c	219a28d3	fsgnjx.s	f17,f20,f25	 f20:0xcd7d4500 f25:0x7fc00000 f17=0xcd7d4500
      87305.000 ns	      8729	80002110	c012b8d3	fcvt.wu.s	x17,f5	  f5:0xcd7d4500 x17=0x0fd45000
      87335.000 ns	      8732	80002114	022a8533	mul	x10,x21,x2	 x21:0x0fd45000  x2:0x00000000 x10=0x00000000
      87355.000 ns	      8734	80002118	400a8033	sub	x0,x21,x0	 x21:0x0fd45000  x0:0x00000000
      87365.000 ns	      8735	8000211c	01d8a033	slt	x0,x17,x29	 x17:0x0fd45000 x29:0xe83ecaa1
      87385.000 ns	      8737	80002120	03f69eb3	mulh	x29,x13,x31	 x13:0x00000001 x31:0x8fd45ee8 x29=0xffffffff
      87415.000 ns	      8740	80002124	c009b153	fcvt.w.s	x2,f19	 f19:0xcd7d4500  x2=0xf02bb000
      87435.000 ns	      8742	80002128	00c2e3b3	or	x7,x5,x12	  x5:0x00000001 x12:0x00000000  x7=0x00000001
      87455.000 ns	      8744	8000212c	020df233	remu	x4,x27,x0	 x27:0x0003ffff  x0:0x00000000  x4=0x0003ffff
      87485.000 ns	      8747	80002130	e00614d3	fclass.s	x9,f12	 f12:0x3f800000  x9=0x00000040
      87515.000 ns	      8750	80002134	0311bdb3	mulhu	x27,x3,x17	  x3:0xfffffcbf x17:0x0fd45000 x27=0x0fd44fcc
      88695.000 ns	      8868	80002138	580e7e53	fsqrt.s	f28,f28	 f28:0x4d7d4500 f28=0x4633164c
      88715.000 ns	      8870	8000213c	01d66cb3	or	x25,x12,x29	 x12:0x00000000 x29:0xffffffff x25=0xffffffff
      88725.000 ns	      8871	80002140	01dfd793	srli	x15,x31,0x1d	 x31:0x8fd45ee8 x15=0x00000004
      88745.000 ns	      8873	80002144	d01e77d3	fcvt.s.wu	f15,x28	 x28:0x0000003e f15=0x42780000
      88765.000 ns	      8875	80002148	0101d193	srli	x3,x3,0x10	  x3:0xfffffcbf  x3=0x0000ffff
      88775.000 ns	      8876	8000214c	6d92f593	andi	x11,x5,1753	  x5:0x00000001 x11=0x00000001
      88795.000 ns	      8878	80002150	f0080f53	fmv.w.x	f30,x16	 x16:0x80040fe4 f30=0x80040fe4
      88815.000 ns	      8880	80002154	00749c33	sll	x24,x9,x7	  x9:0x00000040  x7:0x00000001 x24=0x00000080
      88855.000 ns	      8884	80002158	00c83cd3	fadd.s	f25,f16,f12	 f16:0x7fc00000 f12:0x3f800000 f25=0x7fc00000
      88895.000 ns	      8888	8000215c	1030fad3	fmul.s	f21,f1,f3	  f1:0x4d7d4500  f3:0x00000000 f21=0x00000000
      88935.000 ns	      8892	80002160	580c7fd3	fsqrt.s	f31,f24	 f24:0x00000000 f31=0x00000000
      88955.000 ns	      8894	80002164	0177cf33	xor	x30,x15,x23	 x15:0x00000004 x23:0x07ea684c x30=0x07ea6848
      88975.000 ns	      8896	80002168	219605d3	fsgnj.s	f11,f12,f25	 f12:0x3f800000 f25:0x7fc00000 f11=0x3f800000
      88995.000 ns	      8898	8000216c	cc767e93	andi	x29,x12,-825	 x12:0x00000000 x29=0x00000000
      89015.000 ns	      8900	80002170	a10d9553	flt.s	x10,f27,f16	 f27:0x00000000 f16:0x7fc00000 x10=0x00000000
      89035.000 ns	      8902	80002174	01bb9d13	slli	x26,x23,0x1b	 x23:0x07ea684c x26=0x60000000
      89055.000 ns	      8904	80002178	039595b3	mulh	x11,x11,x25	 x11:0x00000001 x25:0xffffffff x11=0xffffffff
      89075.000 ns	      8906	8000217c	41470e33	sub	x28,x14,x20	 x14:0x72cb4a24 x20:0x80041024 x28=0xf2c73a00
      89435.000 ns	      8942	80002180	02257533	remu	x10,x10,x2	 x10:0x00000000  x2:0xf02bb000 x10=0x00000000
      89465.000 ns	      8945	80002184	a0f5ab53	feq.s	x22,f11,f15	 f11:0x3f800000 f15:0x42780000 x22=0x00000000
      89515.000 ns	      8950	80002188	08ebf153	fsub.s	f2,f23,f14	 f23:0x80000000 f14:0xff800000  f2=0x7f800000
      89545.000 ns	      8953	8000218c	036782b3	mul	x5,x15,x22	 x15:0x00000004 x22:0x00000000  x5=0x00000000
      89565.000 ns	      8955	80002190	01a28cb3	add	x25,x5,x26	  x5:0x00000001 x26:0x60000000 x25=0x60000000
      89585.000 ns	      8957	80002194	f0000ed3	fmv.w.x	f29,x0	  x0:0x00000000 f29=0x00000000
      89605.000 ns	      8959	80002198	00326eb3	or	x29,x4,x3	  x4:0x0003ffff  x3:0x0000ffff x29=0x0003ffff
      89635.000 ns	      8962	8000219c	58037153	fsqrt.s	f2,f6	  f6:0xcd7d4500  f2=0x7fc00000
      89665.000 ns	      8965	800021a0	f00c8cd3	fmv.w.x	f25,x25	 x25:0x60000000 f25=0x60000000
      89695.000 ns	      8968	800021a4	0210b0b3	mulhu	x1,x1,x1	  x1:0xffffffff  x1:0xffffffff  x1=0xfffffffe
      89745.000 ns	      8973	800021a8	090af553	fsub.s	f10,f21,f16	 f21:0x00000000 f16:0x7fc00000 f10=0x7fc00000
      89765.000 ns	      8975	800021ac	81feb913	sltiu	x18,x29,-2017	 x29:0x0003ffff x18=0x00000001
      89775.000 ns	      8976	800021b0	b2050297	auipc	x5,0xb2050	  x5=0x320521b0
      89785.000 ns	      8977	800021b4	01dd39b3	sltu	x19,x26,x29	 x26:0x60000000 x29:0x0003ffff x19=0x00000000
      89795.000 ns	      8978	800021b8	41abd993	srai	x19,x23,0x1a	 x23:0x07ea684c x19=0x00000001
      89805.000 ns	      8979	800021bc	404cd913	srai	x18,x25,0x4	 x25:0x60000000 x18=0x06000000
      89815.000 ns	      8980	800021c0	01e29393	slli	x7,x5,0x1e	  x5:0x320521b0  x7=0x00000000
      89825.000 ns	      8981	800021c4	01571eb3	sll	x29,x14,x21	 x14:0x72cb4a24 x21:0x0fd45000 x29=0x72cb4a24
      89845.000 ns	      8983	800021c8	291b1653	fmax.s	f12,f22,f17	 f22:0x7fc00000 f17:0xcd7d4500 f12=0xcd7d4500
      89865.000 ns	      8985	800021cc	13f9fc13	andi	x24,x19,319	 x19:0x00000001 x24=0x00000001
      89875.000 ns	      8986	800021d0	01b21213	slli	x4,x4,0x1b	  x4:0x0003ffff  x4=0xf8000000
      89895.000 ns	      8988	800021d4	e0078153	fmv.x.w	x2,f15	 f15:0x42780000  x2=0x42780000
      89915.000 ns	      8990	800021d8	00adb7b3	sltu	x15,x27,x10	 x27:0x0fd44fcc x10:0x00000000 x15=0x00000000
      89935.000 ns	      8992	800021dc	c01ec1d3	fcvt.wu.s	x3,f29	 f29:0x00000000  x3=0x00000000
      89955.000 ns	      8994	800021e0	c1bbde97	auipc	x29,0xc1bbd	 x29=0x41bbf1e0
      90315.000 ns	      9030	800021e4	03bec533	div	x10,x29,x27	 x29:0x72cb4a24 x27:0x0fd44fcc x10=0x00000004
      90345.000 ns	      9033	800021e8	a0a885d3	fle.s	x11,f17,f10	 f17:0xcd7d4500 f10:0x7fc00000 x11=0x00000000
      90365.000 ns	      9035	800021ec	410f0233	sub	x4,x30,x16	 x30:0x07ea6848 x16:0x80040fe4  x4=0x87e65864
      90725.000 ns	      9071	800021f0	035b45b3	div	x11,x22,x21	 x22:0x00000000 x21:0x0fd45000 x11=0x00000000
      90745.000 ns	      9073	800021f4	cf952437	lui	x8,0xcf952	  x8=0xcf952000
      90765.000 ns	      9075	800021f8	0260b433	mulhu	x8,x1,x6	  x1:0xfffffffe  x6:0xe83ed000  x8=0xe83ecffe
      90785.000 ns	      9077	800021fc	01dc76b3	and	x13,x24,x29	 x24:0x00000001 x29:0x41bbf1e0 x13=0x00000000
      90795.000 ns	      9078	80002200	409cdcb3	sra	x25,x25,x9	 x25:0x60000000  x9:0x00000040 x25=0x60000000
      90805.000 ns	      9079	80002204	23d2f693	andi	x13,x5,573	  x5:0x320521b0 x13=0x00000030
      90815.000 ns	      9080	80002208	01195db3	srl	x27,x18,x17	 x18:0x06000000 x17:0x0fd45000 x27=0x06000000
      91175.000 ns	      9116	8000220c	0214f033	remu	x0,x9,x1	  x9:0x00000040  x1:0xfffffffe
      91195.000 ns	      9118	80002210	8f8eac93	slti	x25,x29,-1800	 x29:0x41bbf1e0 x25=0x00000000
      91205.000 ns	      9119	80002214	00000013	addi	x0,x0,0	  x0:0x00000000
      91215.000 ns	      9120	80002218	01b36e33	or	x28,x6,x27	  x6:0xe83ed000 x27:0x06000000 x28=0xee3ed000
      91235.000 ns	      9122	8000221c	f00681d3	fmv.w.x	f3,x13	 x13:0x00000030  f3=0x00000030
      91255.000 ns	      9124	80002220	0079e8b3	or	x17,x19,x7	 x19:0x00000001  x7:0x00000000 x17=0x00000001
      91265.000 ns	      9125	80002224	40df03b3	sub	x7,x30,x13	 x30:0x07ea6848 x13:0x00000030  x7=0x07ea6818
      91275.000 ns	      9126	80002228	00000013	addi	x0,x0,0	  x0:0x00000000
      91295.000 ns	      9128	8000222c	c00f80d3	fcvt.w.s	x1,f31	 f31:0x00000000  x1=0x00000000
      91325.000 ns	      9131	80002230	e00f1ed3	fclass.s	x29,f30	 f30:0x80040fe4 x29=0x00000004
      91345.000 ns	      9133	80002234	567f2297	auipc	x5,0x567f2	  x5=0xd67f4234
      91355.000 ns	      9134	80002238	016bbdb3	sltu	x27,x23,x22	 x23:0x07ea684c x22:0x00000000 x27=0x00000000
      91375.000 ns	      9136	8000223c	e00a1cd3	fclass.s	x25,f20	 f20:0xcd7d4500 x25=0x00000002
      91405.000 ns	      9139	80002240	d0152153	fcvt.s.wu	f2,x10	 x10:0x00000004  f2=0x40800000
      91455.000 ns	      9144	80002244	014034d3	fadd.s	f9,f0,f20	  f0:0x7fc00000 f20:0xcd7d4500  f9=0x7fc00000
      91505.000 ns	      9149	80002248	0092fd53	fadd.s	f26,f5,f9	  f5:0xcd7d4500  f9:0x4d7d4500 f26=0x7fc00000
      91525.000 ns	      9151	8000224c	47836c93	ori	x25,x6,1144	  x6:0xe83ed000 x25=0xe83ed478
      91535.000 ns	      9152	80002250	00000013	addi	x0,x0,0	  x0:0x00000000
      91555.000 ns	      9154	80002254	291c16d3	fmax.s	f13,f24,f17	 f24:0x00000000 f17:0xcd7d4500 f13=0x00000000
      91585.000 ns	      9157	80002258	c011ffd3	fcvt.wu.s	x31,f3	  f3:0x00000030 x31=0x00000000
      91605.000 ns	      9159	8000225c	de152413	slti	x8,x10,-543	 x10:0x00000004  x8=0x00000000
      91625.000 ns	      9161	80002260	03c996b3	mulh	x13,x19,x28	 x19:0x00000001 x28:0xee3ed000 x13=0xffffffff
      91655.000 ns	      9164	80002264	289e9753	fmax.s	f14,f29,f9	 f29:0x00000000  f9:0x7fc00000 f14=0x00000000
      91685.000 ns	      9167	80002268	c00f98d3	fcvt.w.s	x17,f31	 f31:0x00000000 x17=0x00000000
      91725.000 ns	      9171	8000226c	18c23ad3	fdiv.s	f21,f4,f12	  f4:0x00000000 f12:0xcd7d4500 f21=0x80000000
      91745.000 ns	      9173	80002270	535a3993	sltiu	x19,x20,1333	 x20:0x80041024 x19=0x00000000
      91765.000 ns	      9175	80002274	02258d33	mul	x26,x11,x2	 x11:0x00000000  x2:0x42780000 x26=0x00000000
      91785.000 ns	      9177	80002278	008e96b3	sll	x13,x29,x8	 x29:0x00000004  x8:0x00000000 x13=0x00000004
      91795.000 ns	      9178	8000227c	2ba20993	addi	x19,x4,698	  x4:0x87e65864 x19=0x87e65b1e
      91815.000 ns	      9180	80002280	20af8953	fsgnj.s	f18,f31,f10	 f31:0x00000000 f10:0x7fc00000 f18=0x00000000
      91835.000 ns	      9182	80002284	0045dd13	srli	x26,x11,0x4	 x11:0x00000000 x26=0x00000000
      91855.000 ns	      9184	80002288	207e0b53	fsgnj.s	f22,f28,f7	 f28:0x4633164c  f7:0x80000000 f22=0xc633164c
      91875.000 ns	      9186	8000228c	01ffb433	sltu	x8,x31,x31	 x31:0x00000000 x31:0x00000000  x8=0x00000000
      92235.000 ns	      9222	80002290	03d94333	div	x6,x18,x29	 x18:0x06000000 x29:0x00000004  x6=0x01800000
      92255.000 ns	      9224	80002294	01975433	srl	x8,x14,x25	 x14:0x72cb4a24 x25:0xe83ed478  x8=0x00000072
      92275.000 ns	      9226	80002298	c01c2cd3	fcvt.wu.s	x25,f24	 f24:0x00000000 x25=0x00000000
      92295.000 ns	      9228	8000229c	01d11b93	slli	x23,x2,0x1d	  x2:0x42780000 x23=0x00000000
      92315.000 ns	      9230	800022a0	a0462ed3	feq.s	x29,f12,f4	 f12:0xcd7d4500  f4:0x00000000 x29=0x00000000
      92345.000 ns	      9233	800022a4	284417d3	fmax.s	f15,f8,f4	  f8:0x4d7d4500  f4:0x00000000 f15=0x4d7d4500
      92365.000 ns	      9235	800022a8	40f3dfb3	sra	x31,x7,x15	  x7:0x07ea6818 x15:0x00000000 x31=0x07ea6818
      92385.000 ns	      9237	800022ac	287b00d3	fmin.s	f1,f22,f7	 f22:0xc633164c  f7:0x80000000  f1=0xc633164c
      92435.000 ns	      9242	800022b0	004c0453	fadd.s	f8,f24,f4	 f24:0x00000000  f4:0x00000000  f8=0x00000000
      92455.000 ns	      9244	800022b4	01754f33	xor	x30,x10,x23	 x10:0x00000004 x23:0x00000000 x30=0x00000004
      92475.000 ns	      9246	800022b8	299d13d3	fmax.s	f7,f26,f25	 f26:0x7fc00000 f25:0x60000000  f7=0x60000000
      92495.000 ns	      9248	800022bc	019f83b3	add	x7,x31,x25	 x31:0x07ea6818 x25:0x00000000  x7=0x07ea6818
      92855.000 ns	      9284	800022c0	022e4533	div	x10,x28,x2	 x28:0xee3ed000  x2:0x42780000 x10=0x00000000
      92885.000 ns	      9287	800022c4	03838133	mul	x2,x7,x24	  x7:0x07ea6818 x24:0x00000001  x2=0x07ea6818
      92925.000 ns	      9291	800022c8	10b1f453	fmul.s	f8,f3,f11	  f3:0x00000030 f11:0x3f800000  f8=0x00000030
      92945.000 ns	      9293	800022cc	00000013	addi	x0,x0,0	  x0:0x00000000
      92955.000 ns	      9294	800022d0	ccd37293	andi	x5,x6,-819	  x6:0x01800000  x5=0x01800000
      92965.000 ns	      9295	800022d4	00b6b4b3	sltu	x9,x13,x11	 x13:0x00000004 x11:0x00000000  x9=0x00000000
      92975.000 ns	      9296	800022d8	01ae2e33	slt	x28,x28,x26	 x28:0xee3ed000 x26:0x00000000 x28=0x00000001
      92995.000 ns	      9298	800022dc	a16320d3	feq.s	x1,f6,f22	  f6:0xcd7d4500 f22:0xc633164c  x1=0x00000000
      93025.000 ns	      9301	800022e0	290184d3	fmin.s	f9,f3,f16	  f3:0x00000030 f16:0x7fc00000  f9=0x00000030
      93065.000 ns	      9305	800022e4	11447853	fmul.s	f16,f8,f20	  f8:0x00000030 f20:0xcd7d4500 f16=0x85bdf3c0
      93085.000 ns	      9307	800022e8	c0c7b313	sltiu	x6,x15,-1012	 x15:0x00000000  x6=0x00000001
      93095.000 ns	      9308	800022ec	01a9e533	or	x10,x19,x26	 x19:0x87e65b1e x26:0x00000000 x10=0x87e65b1e
      93105.000 ns	      9309	800022f0	01effdb3	and	x27,x31,x30	 x31:0x07ea6818 x30:0x00000004 x27=0x00000000
      93125.000 ns	      9311	800022f4	d003a653	fcvt.s.w	f12,x7	  x7:0x07ea6818 f12=0x4cfd4d03
      93155.000 ns	      9314	800022f8	03313333	mulhu	x6,x2,x19	  x2:0x07ea6818 x19:0x87e65b1e  x6=0x0433bc4f
      93175.000 ns	      9316	800022fc	006c9b33	sll	x22,x25,x6	 x25:0x00000000  x6:0x00000001 x22=0x00000000
      93195.000 ns	      9318	80002300	29dc1253	fmax.s	f4,f24,f29	 f24:0x00000000 f29:0x00000000  f4=0x00000000
      93215.000 ns	      9320	80002304	00cafeb3	and	x29,x21,x12	 x21:0x0fd45000 x12:0x00000000 x29=0x00000000
      93235.000 ns	      9322	80002308	29950453	fmin.s	f8,f10,f25	 f10:0x7fc00000 f25:0x60000000  f8=0x60000000
      93255.000 ns	      9324	8000230c	01769db3	sll	x27,x13,x23	 x13:0x00000004 x23:0x00000000 x27=0x00000004
      93265.000 ns	      9325	80002310	e872c393	xori	x7,x5,-377	  x5:0x01800000  x7=0xfe7ffe87
      93305.000 ns	      9329	80002314	09eefcd3	fsub.s	f25,f29,f30	 f29:0x00000000 f30:0x80040fe4 f25=0x00040fe4
      93325.000 ns	      9331	80002318	00000013	addi	x0,x0,0	  x0:0x00000000
      93335.000 ns	      9332	8000231c	00000013	addi	x0,x0,0	  x0:0x00000000
      93355.000 ns	      9334	80002320	20a12053	fsgnjx.s	f0,f2,f10	  f2:0x40800000 f10:0x7fc00000  f0=0x40800000
      93375.000 ns	      9336	80002324	01471eb3	sll	x29,x14,x20	 x14:0x72cb4a24 x20:0x80041024 x29=0x2cb4a240
      93395.000 ns	      9338	80002328	29f69253	fmax.s	f4,f13,f31	 f13:0x00000000 f31:0x00000000  f4=0x00000000
      93415.000 ns	      9340	8000232c	00000013	addi	x0,x0,0	  x0:0x00000000
      93775.000 ns	      9376	80002330	0356e533	rem	x10,x13,x21	 x13:0x00000004 x21:0x0fd45000 x10=0x00000004
      93815.000 ns	      9380	80002334	5806f3d3	fsqrt.s	f7,f13	 f13:0x00000000  f7=0x00000000
      93835.000 ns	      9382	80002338	d7dc2093	slti	x1,x24,-643	 x24:0x00000001  x1=0x00000000
      93855.000 ns	      9384	8000233c	02f5d233	divu	x4,x11,x15	 x11:0x00000000 x15:0x00000000  x4=0xffffffff
      93885.000 ns	      9387	80002340	a04602d3	fle.s	x5,f12,f4	 f12:0x4cfd4d03  f4:0x00000000  x5=0x00000000
      93905.000 ns	      9389	80002344	00224933	xor	x18,x4,x2	  x4:0xffffffff  x2:0x07ea6818 x18=0xf81597e7
      93925.000 ns	      9391	80002348	025688b3	mul	x17,x13,x5	 x13:0x00000004  x5:0x00000000 x17=0x00000000
      94295.000 ns	      9428	8000234c	03b1dab3	divu	x21,x3,x27	  x3:0x00000000 x27:0x00000004 x21=0x00000000
      94325.000 ns	      9431	80002350	d01424d3	fcvt.s.wu	f9,x8	  x8:0x00000072  f9=0x42e40000
      94345.000 ns	      9433	80002354	b6934b93	xori	x23,x6,-1175	  x6:0x0433bc4f x23=0xfbcc4726
      94365.000 ns	      9435	80002358	a1c10353	fle.s	x6,f2,f28	  f2:0x40800000 f28:0x4633164c  x6=0x00000001
      94385.000 ns	      9437	8000235c	008ba0b3	slt	x1,x23,x8	 x23:0x00000000  x8:0x00000072  x1=0x00000001
      94395.000 ns	      9438	80002360	6935a893	slti	x17,x11,1683	 x11:0x00000000 x17=0x00000001
      94425.000 ns	      9441	80002364	11d1f2d3	fmul.s	f5,f3,f29	  f3:0x00000030 f29:0x00000000  f5=0x00000000
      94445.000 ns	      9443	80002368	015220b3	slt	x1,x4,x21	  x4:0xffffffff x21:0x00000000  x1=0x00000001
      94485.000 ns	      9447	8000236c	0970f653	fsub.s	f12,f1,f23	  f1:0xc633164c f23:0x80000000 f12=0xc633164c
      94505.000 ns	      9449	80002370	6d8aa793	slti	x15,x21,1752	 x21:0x00000000 x15=0x00000001
      94525.000 ns	      9451	80002374	c00675d3	fcvt.w.s	x11,f12	 f12:0xc633164c x11=0x00002cc5
      94545.000 ns	      9453	80002378	01e11db3	sll	x27,x2,x30	  x2:0x07ea6818 x30:0x00000004 x27=0x7ea68180
      94555.000 ns	      9454	8000237c	0096b8b3	sltu	x17,x13,x9	 x13:0x00000004  x9:0x00000000 x17=0x00000000
      94575.000 ns	      9456	80002380	219dac53	fsgnjx.s	f24,f27,f25	 f27:0x00000000 f25:0x00040fe4 f24=0x00000000
      94605.000 ns	      9459	80002384	d014a053	fcvt.s.wu	f0,x9	  x9:0x00000000  f0=0x00000000
      94975.000 ns	      9496	80002388	02e654b3	divu	x9,x12,x14	 x12:0x00000000 x14:0x72cb4a24  x9=0x00000000
      94995.000 ns	      9498	8000238c	e10b6213	ori	x4,x22,-496	 x22:0x00000000  x4=0xfffffe10
      95015.000 ns	      9500	80002390	201d2853	fsgnjx.s	f16,f26,f1	 f26:0x7fc00000  f1:0xc633164c f16=0xffc00000
      95065.000 ns	      9505	80002394	002c7cd3	fadd.s	f25,f24,f2	 f24:0x00000000  f2:0x40800000 f25=0x40800000
      95085.000 ns	      9507	80002398	00d360b3	or	x1,x6,x13	  x6:0x00000001 x13:0x00000004  x1=0x00000005
      95105.000 ns	      9509	8000239c	029616b3	mulh	x13,x12,x9	 x12:0x00000000  x9:0x00000000 x13=0x00000000
      95155.000 ns	      9514	800023a0	013972d3	fadd.s	f5,f18,f19	 f18:0x00000000 f19:0xcd7d4500  f5=0xcd7d4500
      95185.000 ns	      9517	800023a4	a1ca29d3	feq.s	x19,f20,f28	 f20:0xcd7d4500 f28:0x4633164c x19=0x00000000
      95205.000 ns	      9519	800023a8	01bf1393	slli	x7,x30,0x1b	 x30:0x00000004  x7=0x20000000
      95215.000 ns	      9520	800023ac	01554233	xor	x4,x10,x21	 x10:0x00000004 x21:0x00000000  x4=0x00000004
      95225.000 ns	      9521	800023b0	45c48793	addi	x15,x9,1116	  x9:0x00000000 x15=0x0000045c
      95235.000 ns	      9522	800023b4	01de62b3	or	x5,x28,x29	 x28:0x00000001 x29:0x2cb4a240  x5=0x2cb4a241
      95245.000 ns	      9523	800023b8	07eb6793	ori	x15,x22,126	 x22:0x00000000 x15=0x0000007e
      95255.000 ns	      9524	800023bc	01795533	srl	x10,x18,x23	 x18:0xf81597e7 x23:0xfbcc4726 x10=0x03e0565f
      95275.000 ns	      9526	800023c0	a17898d3	flt.s	x17,f17,f23	 f17:0xcd7d4500 f23:0x80000000 x17=0x00000001
      95325.000 ns	      9531	800023c4	00034653	fadd.s	f12,f6,f0	  f6:0xcd7d4500  f0:0x00000000 f12=0xcd7d4500
      95345.000 ns	      9533	800023c8	40da8bb3	sub	x23,x21,x13	 x21:0x00000000 x13:0x00000000 x23=0x00000000
      95375.000 ns	      9536	800023cc	10deb053	fmul.s	f0,f29,f13	 f29:0x00000000 f13:0x00000000  f0=0x00000000
      95405.000 ns	      9539	800023d0	28750353	fmin.s	f6,f10,f7	 f10:0x7fc00000  f7:0x00000000  f6=0x00000000
      95425.000 ns	      9541	800023d4	01770e33	add	x28,x14,x23	 x14:0x72cb4a24 x23:0x00000000 x28=0x72cb4a24
      95435.000 ns	      9542	800023d8	00fd1f93	slli	x31,x26,0xf	 x26:0x00000000 x31=0x00000000
      95455.000 ns	      9544	800023dc	28498553	fmin.s	f10,f19,f4	 f19:0xcd7d4500  f4:0x00000000 f10=0xcd7d4500
      95475.000 ns	      9546	800023e0	da4f8213	addi	x4,x31,-604	 x31:0x07ea6818  x4=0xfffffda4
      95495.000 ns	      9548	800023e4	034b1d33	mulh	x26,x22,x20	 x22:0x00000000 x20:0x80041024 x26=0x00000000
      95525.000 ns	      9551	800023e8	a05191d3	flt.s	x3,f3,f5	  f3:0x00000030  f5:0xcd7d4500  x3=0x00000000
      95545.000 ns	      9553	800023ec	0004bfb3	sltu	x31,x9,x0	  x9:0x00000000  x0:0x00000000 x31=0x00000000
      95565.000 ns	      9555	800023f0	a0bfa553	feq.s	x10,f31,f11	 f31:0x00000000 f11:0x3f800000 x10=0x00000000
      95595.000 ns	      9558	800023f4	20180cd3	fsgnj.s	f25,f16,f1	 f16:0xffc00000  f1:0xc633164c f25=0xffc00000
      95615.000 ns	      9560	800023f8	00aa5013	srli	x0,x20,0xa	 x20:0x80041024
      95635.000 ns	      9562	800023fc	03f06e33	rem	x28,x0,x31	  x0:0x00000000 x31:0x00000000 x28=0x00000000
      95655.000 ns	      9564	80002400	f4b8e513	ori	x10,x17,-181	 x17:0x00000001 x10=0xffffff4b
      95675.000 ns	      9566	80002404	c0182253	fcvt.wu.s	x4,f16	 f16:0xffc00000  x4=0xffffffff
      95705.000 ns	      9569	80002408	d00b41d3	fcvt.s.w	f3,x22	 x22:0x00000000  f3=0x00000000
      95735.000 ns	      9572	8000240c	206a0153	fsgnj.s	f2,f20,f6	 f20:0xcd7d4500  f6:0x00000000  f2=0x4d7d4500
      95765.000 ns	      9575	80002410	a018a9d3	feq.s	x19,f17,f1	 f17:0xcd7d4500  f1:0xc633164c x19=0x00000000
      95795.000 ns	      9578	80002414	03f96bb3	rem	x23,x18,x31	 x18:0xf81597e7 x31:0x00000000 x23=0xf81597e7
      95825.000 ns	      9581	80002418	f00d8153	fmv.w.x	f2,x27	 x27:0x7ea68180  f2=0x7ea68180
      95845.000 ns	      9583	8000241c	c9314a93	xori	x21,x2,-877	  x2:0x07ea6818 x21=0xf815948b
      95865.000 ns	      9585	80002420	03ce76b3	remu	x13,x28,x28	 x28:0x00000000 x28:0x00000000 x13=0x00000000
      95885.000 ns	      9587	80002424	40f4d513	srai	x10,x9,0xf	  x9:0x00000000 x10=0x00000000
      95895.000 ns	      9588	80002428	01b759b3	srl	x19,x14,x27	 x14:0x72cb4a24 x27:0x7ea68180 x19=0x72cb4a24
      95905.000 ns	      9589	8000242c	004fff33	and	x30,x31,x4	 x31:0x00000000  x4:0xffffffff x30=0x00000000
      96265.000 ns	      9625	80002430	038c7db3	remu	x27,x24,x24	 x24:0x00000001 x24:0x00000001 x27=0x00000000
      96285.000 ns	      9627	80002434	2afdadb7	lui	x27,0x2afda	 x27=0x2afda000
      96295.000 ns	      9628	80002438	01661f33	sll	x30,x12,x22	 x12:0x00000000 x22:0x00000000 x30=0x00000000
      96305.000 ns	      9629	8000243c	00ea9413	slli	x8,x21,0xe	 x21:0xf815948b  x8=0x6522c000
      96315.000 ns	      9630	80002440	41f9d9b3	sra	x19,x19,x31	 x19:0x72cb4a24 x31:0x00000000 x19=0x72cb4a24
      96335.000 ns	      9632	80002444	03f64bb3	div	x23,x12,x31	 x12:0x00000000 x31:0x00000000 x23=0xffffffff
      96355.000 ns	      9634	80002448	40eb87b3	sub	x15,x23,x14	 x23:0xf81597e7 x14:0x72cb4a24 x15=0x8d34b5db
      96375.000 ns	      9636	8000244c	038d8633	mul	x12,x27,x24	 x27:0x2afda000 x24:0x00000001 x12=0x2afda000
      96405.000 ns	      9639	80002450	0356b0b3	mulhu	x1,x13,x21	 x13:0x00000000 x21:0xf815948b  x1=0x00000000
      96435.000 ns	      9642	80002454	03f42c33	mulhsu	x24,x8,x31	  x8:0x6522c000 x31:0x00000000 x24=0x00000000
      96455.000 ns	      9644	80002458	40d35cb3	sra	x25,x6,x13	  x6:0x00000001 x13:0x00000000 x25=0x00000001
      96485.000 ns	      9647	8000245c	580f9bd3	fsqrt.s	f23,f31	 f31:0x00000000 f23=0x00000000
      96505.000 ns	      9649	80002460	b087f193	andi	x3,x15,-1272	 x15:0x8d34b5db  x3=0x8d34b108
      96525.000 ns	      9651	80002464	d0087fd3	fcvt.s.w	f31,x16	 x16:0x80040fe4 f31=0xcefff7e0
      96545.000 ns	      9653	80002468	417bdf93	srai	x31,x23,0x17	 x23:0xffffffff x31=0xffffffff
      96565.000 ns	      9655	8000246c	a1992cd3	feq.s	x25,f18,f25	 f18:0x00000000 f25:0xffc00000 x25=0x00000000
      96595.000 ns	      9658	80002470	e00310d3	fclass.s	x1,f6	  f6:0x00000000  x1=0x00000010
      96625.000 ns	      9661	80002474	022b3d33	mulhu	x26,x22,x2	 x22:0x00000000  x2:0x07ea6818 x26=0x00000000
      96645.000 ns	      9663	80002478	00277033	and	x0,x14,x2	 x14:0x72cb4a24  x2:0x07ea6818
      96655.000 ns	      9664	8000247c	ba818293	addi	x5,x3,-1112	  x3:0x8d34b108  x5=0x8d34acb0
      97015.000 ns	      9700	80002480	03f249b3	div	x19,x4,x31	  x4:0xffffffff x31:0xffffffff x19=0x00000001
      97035.000 ns	      9702	80002484	018f4ab3	xor	x21,x30,x24	 x30:0x00000000 x24:0x00000000 x21=0x00000000
      97055.000 ns	      9704	80002488	2119a1d3	fsgnjx.s	f3,f19,f17	 f19:0xcd7d4500 f17:0xcd7d4500  f3=0x4d7d4500
      97425.000 ns	      9741	8000248c	0319eeb3	rem	x29,x19,x17	 x19:0x00000001 x17:0x00000001 x29=0x00000000
      97465.000 ns	      9745	80002490	110b7f53	fmul.s	f30,f22,f16	 f22:0xc633164c f16:0xffc00000 f30=0x7fc00000
      97495.000 ns	      9748	80002494	a14b2cd3	feq.s	x25,f22,f20	 f22:0xc633164c f20:0xcd7d4500 x25=0x00000000
      97535.000 ns	      9752	80002498	1995ff53	fdiv.s	f30,f11,f25	 f11:0x3f800000 f25:0xffc00000 f30=0x7fc00000
      97555.000 ns	      9754	8000249c	01750cb3	add	x25,x10,x23	 x10:0x00000000 x23:0xffffffff x25=0xffffffff
      97565.000 ns	      9755	800024a0	41b15013	srai	x0,x2,0x1b	  x2:0x07ea6818
      97925.000 ns	      9791	800024a4	0267f333	remu	x6,x15,x6	 x15:0x8d34b5db  x6:0x00000001  x6=0x00000000
      97955.000 ns	      9794	800024a8	03a1a433	mulhsu	x8,x3,x26	  x3:0x8d34b108 x26:0x00000000  x8=0x00000000
      97985.000 ns	      9797	800024ac	e00e8f53	fmv.x.w	x30,f29	 f29:0x00000000 x30=0x00000000
      98015.000 ns	      9800	800024b0	293d0bd3	fmin.s	f23,f26,f19	 f26:0x7fc00000 f19:0xcd7d4500 f23=0xcd7d4500
      98045.000 ns	      9803	800024b4	03a81e33	mulh	x28,x16,x26	 x16:0x80040fe4 x26:0x00000000 x28=0x00000000
      98075.000 ns	      9806	800024b8	e0079ed3	fclass.s	x29,f15	 f15:0x4d7d4500 x29=0x00000040
      98095.000 ns	      9808	800024bc	019d2b33	slt	x22,x26,x25	 x26:0x00000000 x25:0xffffffff x22=0x00000000
      98115.000 ns	      9810	800024c0	a147af53	feq.s	x30,f15,f20	 f15:0x4d7d4500 f20:0xcd7d4500 x30=0x00000000
      98135.000 ns	      9812	800024c4	00c5f933	and	x18,x11,x12	 x11:0x00002cc5 x12:0x2afda000 x18=0x00002000
      98145.000 ns	      9813	800024c8	41a6dcb3	sra	x25,x13,x26	 x13:0x00000000 x26:0x00000000 x25=0x00000000
      98155.000 ns	      9814	800024cc	00528db3	add	x27,x5,x5	  x5:0x8d34acb0  x5:0x8d34acb0 x27=0x1a695960
      98175.000 ns	      9816	800024d0	02041cb3	mulh	x25,x8,x0	  x8:0x00000000  x0:0x00000000 x25=0x00000000
      98195.000 ns	      9818	800024d4	93f84513	xori	x10,x16,-1729	 x16:0x80040fe4 x10=0x7ffbf6db
      98225.000 ns	      9821	800024d8	181ab0d3	fdiv.s	f1,f21,f1	 f21:0x80000000  f1:0xc633164c  f1=0x00000000
      98255.000 ns	      9824	800024dc	f00a88d3	fmv.w.x	f17,x21	 x21:0x00000000 f17=0x00000000
      98285.000 ns	      9827	800024e0	a18f1d53	flt.s	x26,f30,f24	 f30:0x7fc00000 f24:0x00000000 x26=0x00000000
      98305.000 ns	      9829	800024e4	647a7c93	andi	x25,x20,1607	 x20:0x80041024 x25=0x00000004
      98325.000 ns	      9831	800024e8	e00d8fd3	fmv.x.w	x31,f27	 f27:0x00000000 x31=0x00000000
      98345.000 ns	      9833	800024ec	2fa4cf93	xori	x31,x9,762	  x9:0x00000000 x31=0x000002fa
      98385.000 ns	      9837	800024f0	0056a253	fadd.s	f4,f13,f5	 f13:0x00000000  f5:0xcd7d4500  f4=0xcd7d4500
      98405.000 ns	      9839	800024f4	419d08b3	sub	x17,x26,x25	 x26:0x00000000 x25:0x00000004 x17=0xfffffffc
      98425.000 ns	      9841	800024f8	217d2953	fsgnjx.s	f18,f26,f23	 f26:0x7fc00000 f23:0xcd7d4500 f18=0xffc00000
      98445.000 ns	      9843	800024fc	01d855b3	srl	x11,x16,x29	 x16:0x80040fe4 x29:0x00000040 x11=0x80040fe4
      98455.000 ns	      9844	80002500	01ed81b3	add	x3,x27,x30	 x27:0x1a695960 x30:0x00000000  x3=0x1a695960
      98465.000 ns	      9845	80002504	beea2913	slti	x18,x20,-1042	 x20:0x80041024 x18=0x00000001
      98485.000 ns	      9847	80002508	21102dd3	fsgnjx.s	f27,f0,f17	  f0:0x00000000 f17:0x00000000 f27=0x00000000
      98515.000 ns	      9850	8000250c	e00492d3	fclass.s	x5,f9	  f9:0x42e40000  x5=0x00000040
      98565.000 ns	      9855	80002510	01e03a53	fadd.s	f20,f0,f30	  f0:0x00000000 f30:0x7fc00000 f20=0x7fc00000
      98595.000 ns	      9858	80002514	d01b04d3	fcvt.s.wu	f9,x22	 x22:0x00000000  f9=0x00000000
      98615.000 ns	      9860	80002518	00ebefb3	or	x31,x23,x14	 x23:0xffffffff x14:0x72cb4a24 x31=0xffffffff
      98635.000 ns	      9862	8000251c	e0088cd3	fmv.x.w	x25,f17	 f17:0x00000000 x25=0x00000000
      98665.000 ns	      9865	80002520	a00c2bd3	feq.s	x23,f24,f0	 f24:0x00000000  f0:0x00000000 x23=0x00000001
      98685.000 ns	      9867	80002524	01424cb3	xor	x25,x4,x20	  x4:0xffffffff x20:0x80041024 x25=0x7ffbefdb
      98705.000 ns	      9869	80002528	a1521153	flt.s	x2,f4,f21	  f4:0xcd7d4500 f21:0x80000000  x2=0x00000001
      98735.000 ns	      9872	8000252c	280d0253	fmin.s	f4,f26,f0	 f26:0x7fc00000  f0:0x00000000  f4=0x00000000
      98775.000 ns	      9876	80002530	10907453	fmul.s	f8,f0,f9	  f0:0x00000000  f9:0x00000000  f8=0x00000000
      98805.000 ns	      9879	80002534	e00b0453	fmv.x.w	x8,f22	 f22:0xc633164c  x8=0xc633164c
      98825.000 ns	      9881	80002538	00add593	srli	x11,x27,0xa	 x27:0x1a695960 x11=0x00069a56
      98835.000 ns	      9882	8000253c	00981633	sll	x12,x16,x9	 x16:0x80040fe4  x9:0x00000000 x12=0x80040fe4
      98845.000 ns	      9883	80002540	725cc693	xori	x13,x25,1829	 x25:0x7ffbefdb x13=0x7ffbe8fe
      98865.000 ns	      9885	80002544	2010ae53	fsgnjx.s	f28,f1,f1	  f1:0x00000000  f1:0x00000000 f28=0x00000000
      98885.000 ns	      9887	80002548	01b84ab3	xor	x21,x16,x27	 x16:0x80040fe4 x27:0x1a695960 x21=0x9a6d5684
      98895.000 ns	      9888	8000254c	41008fb3	sub	x31,x1,x16	  x1:0x00000010 x16:0x80040fe4 x31=0x7ffbf02c
      98915.000 ns	      9890	80002550	0382d9b3	divu	x19,x5,x24	  x5:0x00000040 x24:0x00000000 x19=0xffffffff
      98935.000 ns	      9892	80002554	0e3c9497	auipc	x9,0xe3c9	  x9=0x8e3cb554
      98945.000 ns	      9893	80002558	011d3cb3	sltu	x25,x26,x17	 x26:0x00000000 x17:0xfffffffc x25=0x00000001
      98965.000 ns	      9895	8000255c	c00ccf53	fcvt.w.s	x30,f25	 f25:0xffc00000 x30=0x7fffffff
      98985.000 ns	      9897	80002560	008b5c33	srl	x24,x22,x8	 x22:0x00000000  x8:0xc633164c x24=0x00000000
      98995.000 ns	      9898	80002564	009391b3	sll	x3,x7,x9	  x7:0x20000000  x9:0x8e3cb554  x3=0x00000000
      99015.000 ns	      9900	80002568	036a3c33	mulhu	x24,x20,x22	 x20:0x80041024 x22:0x00000000 x24=0x00000000
      99035.000 ns	      9902	8000256c	40e2d033	sra	x0,x5,x14	  x5:0x00000040 x14:0x72cb4a24
      99045.000 ns	      9903	80002570	01b8bfb3	sltu	x31,x17,x27	 x17:0xfffffffc x27:0x1a695960 x31=0x00000000
      99055.000 ns	      9904	80002574	01f52cb3	slt	x25,x10,x31	 x10:0x7ffbf6db x31:0x7ffbf02c x25=0x00000000
      99065.000 ns	      9905	80002578	41c80d33	sub	x26,x16,x28	 x16:0x80040fe4 x28:0x00000000 x26=0x80040fe4
      99085.000 ns	      9907	8000257c	a07d17d3	flt.s	x15,f26,f7	 f26:0x7fc00000  f7:0x00000000 x15=0x00000000
      99115.000 ns	      9910	80002580	a1ee2c53	feq.s	x24,f28,f30	 f28:0x00000000 f30:0x7fc00000 x24=0x00000000
      99145.000 ns	      9913	80002584	038669b3	rem	x19,x12,x24	 x12:0x80040fe4 x24:0x00000000 x19=0x80040fe4
      99175.000 ns	      9916	80002588	0351beb3	mulhu	x29,x3,x21	  x3:0x00000000 x21:0x9a6d5684 x29=0x00000000
      99205.000 ns	      9919	8000258c	290502d3	fmin.s	f5,f10,f16	 f10:0xcd7d4500 f16:0xffc00000  f5=0xcd7d4500
      99225.000 ns	      9921	80002590	a8feb393	sltiu	x7,x29,-1393	 x29:0x00000000  x7=0x00000001
      99245.000 ns	      9923	80002594	03092333	mulhsu	x6,x18,x16	 x18:0x00000001 x16:0x80040fe4  x6=0x00000000
      99265.000 ns	      9925	80002598	00000013	addi	x0,x0,0	  x0:0x00000000
      99275.000 ns	      9926	8000259c	40f28eb3	sub	x29,x5,x15	  x5:0x00000040 x15:0x00000000 x29=0x00000040
      99315.000 ns	      9930	800025a0	08e576d3	fsub.s	f13,f10,f14	 f10:0xcd7d4500 f14:0x00000000 f13=0xcd7d4500
      99345.000 ns	      9933	800025a4	0365d2b3	divu	x5,x11,x22	 x11:0x00069a56 x22:0x00000000  x5=0xffffffff
      99375.000 ns	      9936	800025a8	a0c22ed3	feq.s	x29,f4,f12	  f4:0x00000000 f12:0xcd7d4500 x29=0x00000000
      99415.000 ns	      9940	800025ac	183efdd3	fdiv.s	f27,f29,f3	 f29:0x00000000  f3:0x4d7d4500 f27=0x00000000
      99435.000 ns	      9942	800025b0	383caf93	slti	x31,x25,899	 x25:0x00000000 x31=0x00000001
      99465.000 ns	      9945	800025b4	19827253	fdiv.s	f4,f4,f24	  f4:0x00000000 f24:0x00000000  f4=0x7fc00000
      99485.000 ns	      9947	800025b8	01039633	sll	x12,x7,x16	  x7:0x00000001 x16:0x80040fe4 x12=0x00000010
      99505.000 ns	      9949	800025bc	29211953	fmax.s	f18,f2,f18	  f2:0x7ea68180 f18:0xffc00000 f18=0x7ea68180
      99525.000 ns	      9951	800025c0	00ff5893	srli	x17,x30,0xf	 x30:0x7fffffff x17=0x0000ffff
      99535.000 ns	      9952	800025c4	40e4d493	srai	x9,x9,0xe	  x9:0x8e3cb554  x9=0xfffe38f2
      99565.000 ns	      9955	800025c8	580d3a53	fsqrt.s	f20,f26	 f26:0x7fc00000 f20=0x7fc00000
      99605.000 ns	      9959	800025cc	11b60353	fmul.s	f6,f12,f27	 f12:0xcd7d4500 f27:0x00000000  f6=0x80000000
      99625.000 ns	      9961	800025d0	003b58b3	srl	x17,x22,x3	 x22:0x00000000  x3:0x00000000 x17=0x00000000
      99645.000 ns	      9963	800025d4	a06b9d53	flt.s	x26,f23,f6	 f23:0xcd7d4500  f6:0x80000000 x26=0x00000001
      99665.000 ns	      9965	800025d8	016d5533	srl	x10,x26,x22	 x26:0x80040fe4 x22:0x00000000 x10=0x00000001
      99675.000 ns	      9966	800025dc	01927f33	and	x30,x4,x25	  x4:0xffffffff x25:0x00000000 x30=0x00000000
      99685.000 ns	      9967	800025e0	002fdc13	srli	x24,x31,0x2	 x31:0x00000001 x24=0x00000000
      99695.000 ns	      9968	800025e4	f6232613	slti	x12,x6,-158	  x6:0x00000000 x12=0x00000000
      99705.000 ns	      9969	800025e8	0081c933	xor	x18,x3,x8	  x3:0x00000000  x8:0xc633164c x18=0xc633164c
      99725.000 ns	      9971	800025ec	a0690fd3	fle.s	x31,f18,f6	 f18:0x7ea68180  f6:0x80000000 x31=0x00000000
     100095.000 ns	     10008	800025f0	025575b3	remu	x11,x10,x5	 x10:0x00000001  x5:0xffffffff x11=0x00000001
     100125.000 ns	     10011	800025f4	20772553	fsgnjx.s	f10,f14,f7	 f14:0x00000000  f7:0x00000000 f10=0x00000000
     100145.000 ns	     10013	800025f8	001f32b3	sltu	x5,x30,x1	 x30:0x00000000  x1:0x00000010  x5=0x00000001
     100165.000 ns	     10015	800025fc	d00c20d3	fcvt.s.w	f1,x24	 x24:0x00000000  f1=0x00000000
     100185.000 ns	     10017	80002600	013089b3	add	x19,x1,x19	  x1:0x00000010 x19:0x80040fe4 x19=0x80040ff4
     100195.000 ns	     10018	80002604	01421a93	slli	x21,x4,0x14	  x4:0xffffffff x21=0xfff00000
     100215.000 ns	     10020	80002608	d018ff53	fcvt.s.wu	f30,x17	 x17:0x00000000 f30=0x00000000
     100245.000 ns	     10023	8000260c	e00e9cd3	fclass.s	x25,f29	 f29:0x00000000 x25=0x00000010
     100265.000 ns	     10025	80002610	40cb5b33	sra	x22,x22,x12	 x22:0x00000000 x12:0x00000000 x22=0x00000000
     100275.000 ns	     10026	80002614	a9c22913	slti	x18,x4,-1380	  x4:0xffffffff x18=0x00000000
     100285.000 ns	     10027	80002618	41ed0bb3	sub	x23,x26,x30	 x26:0x00000001 x30:0x00000000 x23=0x00000001
     100295.000 ns	     10028	8000261c	003037b3	sltu	x15,x0,x3	  x0:0x00000000  x3:0x00000000 x15=0x00000000
     100305.000 ns	     10029	80002620	011c85b3	add	x11,x25,x17	 x25:0x00000010 x17:0x00000000 x11=0x00000010
     100325.000 ns	     10031	80002624	d009f553	fcvt.s.w	f10,x19	 x19:0x80040ff4 f10=0xcefff7e0
     100345.000 ns	     10033	80002628	92c4c197	auipc	x3,0x92c4c	  x3=0x12c4e628
     100365.000 ns	     10035	8000262c	218d06d3	fsgnj.s	f13,f26,f24	 f26:0x7fc00000 f24:0x00000000 f13=0x7fc00000
     100385.000 ns	     10037	80002630	00f3d213	srli	x4,x7,0xf	  x7:0x00000001  x4=0x00000000
     100395.000 ns	     10038	80002634	01ef5193	srli	x3,x30,0x1e	 x30:0x00000000  x3=0x00000000
     100405.000 ns	     10039	80002638	57643793	sltiu	x15,x8,1398	  x8:0xc633164c x15=0x00000000
     100425.000 ns	     10041	8000263c	d0077b53	fcvt.s.w	f22,x14	 x14:0x72cb4a24 f22=0x4ee59694
     100445.000 ns	     10043	80002640	011b9d33	sll	x26,x23,x17	 x23:0x00000001 x17:0x00000000 x26=0x00000001
     100455.000 ns	     10044	80002644	000ff033	and	x0,x31,x0	 x31:0x00000000  x0:0x00000000
     100815.000 ns	     10080	80002648	034475b3	remu	x11,x8,x20	  x8:0xc633164c x20:0x80041024 x11=0x462f0628
     100845.000 ns	     10083	8000264c	a1ae02d3	fle.s	x5,f28,f26	 f28:0x00000000 f26:0x7fc00000  x5=0x00000000
     100865.000 ns	     10085	80002650	00f2ef33	or	x30,x5,x15	  x5:0x00000001 x15:0x00000000 x30=0x00000000
     100875.000 ns	     10086	80002654	92362413	slti	x8,x12,-1757	 x12:0x00000000  x8=0x00000000
     100885.000 ns	     10087	80002658	417b52b3	sra	x5,x22,x23	 x22:0x00000000 x23:0x00000001  x5=0x00000000
     100895.000 ns	     10088	8000265c	01b540b3	xor	x1,x10,x27	 x10:0x00000001 x27:0x1a695960  x1=0x1a695961
     100905.000 ns	     10089	80002660	ba168a93	addi	x21,x13,-1119	 x13:0x7ffbe8fe x21=0x7ffbe49f
     100915.000 ns	     10090	80002664	414c08b3	sub	x17,x24,x20	 x24:0x00000000 x20:0x80041024 x17=0x7ffbefdc
     100935.000 ns	     10092	80002668	a13a2353	feq.s	x6,f20,f19	 f20:0x7fc00000 f19:0xcd7d4500  x6=0x00000000
     100955.000 ns	     10094	8000266c	418309b3	sub	x19,x6,x24	  x6:0x00000000 x24:0x00000000 x19=0x00000000
     100965.000 ns	     10095	80002670	5bc93993	sltiu	x19,x18,1468	 x18:0x00000000 x19=0x00000001
     100975.000 ns	     10096	80002674	015be3b3	or	x7,x23,x21	 x23:0x00000001 x21:0x7ffbe49f  x7=0x7ffbe49f
     100995.000 ns	     10098	80002678	d00429d3	fcvt.s.w	f19,x8	  x8:0x00000000 f19=0x00000000
     101025.000 ns	     10101	8000267c	f0058853	fmv.w.x	f16,x11	 x11:0x462f0628 f16=0x462f0628
     101055.000 ns	     10104	80002680	d0117453	fcvt.s.wu	f8,x2	  x2:0x00000001  f8=0x3f800000
     101075.000 ns	     10106	80002684	24a27313	andi	x6,x4,586	  x4:0x00000000  x6=0x00000000
     101115.000 ns	     10110	80002688	087e4cd3	fsub.s	f25,f28,f7	 f28:0x00000000  f7:0x00000000 f25=0x80000000
     101145.000 ns	     10113	8000268c	02896f33	rem	x30,x18,x8	 x18:0x00000000  x8:0x00000000 x30=0x00000000
     101175.000 ns	     10116	80002690	e0019dd3	fclass.s	x27,f3	  f3:0x4d7d4500 x27=0x00000040
     101195.000 ns	     10118	80002694	f3123113	sltiu	x2,x4,-207	  x4:0x00000000  x2=0x00000001
     101205.000 ns	     10119	80002698	6d4b5d97	auipc	x27,0x6d4b5	 x27=0xed4b7698
     101225.000 ns	     10121	8000269c	28ae0dd3	fmin.s	f27,f28,f10	 f28:0x00000000 f10:0xcefff7e0 f27=0xcefff7e0
     101255.000 ns	     10124	800026a0	03bd9fb3	mulh	x31,x27,x27	 x27:0x00000040 x27:0x00000040 x31=0x015de2a4
     102435.000 ns	     10242	800026a4	580b7753	fsqrt.s	f14,f22	 f22:0x4ee59694 f14=0x472b6d5d
     102455.000 ns	     10244	800026a8	017f4c33	xor	x24,x30,x23	 x30:0x00000000 x23:0x00000001 x24=0x00000001
     102475.000 ns	     10246	800026ac	02ddb1b3	mulhu	x3,x27,x13	 x27:0xed4b7698 x13:0x7ffbe8fe  x3=0x76a1f0ca
     102505.000 ns	     10249	800026b0	02090333	mul	x6,x18,x0	 x18:0x00000000  x0:0x00000000  x6=0x00000000
     102535.000 ns	     10252	800026b4	d01fb7d3	fcvt.s.wu	f15,x31	 x31:0x015de2a4 f15=0x4baef152
     102565.000 ns	     10255	800026b8	e00901d3	fmv.x.w	x3,f18	 f18:0x7ea68180  x3=0x7ea68180
     102595.000 ns	     10258	800026bc	0257ce33	div	x28,x15,x5	 x15:0x00000000  x5:0x00000000 x28=0xffffffff
     102645.000 ns	     10263	800026c0	01437053	fadd.s	f0,f6,f20	  f6:0x80000000 f20:0x7fc00000  f0=0x7fc00000
     102675.000 ns	     10266	800026c4	e00e11d3	fclass.s	x3,f28	 f28:0x00000000  x3=0x00000010
     102695.000 ns	     10268	800026c8	400fd313	srai	x6,x31,0x0	 x31:0x015de2a4  x6=0x015de2a4
     102705.000 ns	     10269	800026cc	a6c09017	auipc	x0,0xa6c09	
     102725.000 ns	     10271	800026d0	02d29bb3	mulh	x23,x5,x13	  x5:0x00000000 x13:0x7ffbe8fe x23=0x00000000
     102745.000 ns	     10273	800026d4	67d2c9b7	lui	x19,0x67d2c	 x19=0x67d2c000
     102785.000 ns	     10277	800026d8	086b70d3	fsub.s	f1,f22,f6	 f22:0x4ee59694  f6:0x80000000  f1=0x4ee59694
     102815.000 ns	     10280	800026dc	21d814d3	fsgnjn.s	f9,f16,f29	 f16:0x462f0628 f29:0x00000000  f9=0xc62f0628
     102845.000 ns	     10283	800026e0	a0342ed3	feq.s	x29,f8,f3	  f8:0x3f800000  f3:0x4d7d4500 x29=0x00000000
     102875.000 ns	     10286	800026e4	a1bc8bd3	fle.s	x23,f25,f27	 f25:0x80000000 f27:0xcefff7e0 x23=0x00000000
     102895.000 ns	     10288	800026e8	78dbbc93	sltiu	x25,x23,1933	 x23:0x00000000 x25=0x00000001
     103255.000 ns	     10324	800026ec	026d5033	divu	x0,x26,x6	 x26:0x00000001  x6:0x015de2a4
     103275.000 ns	     10326	800026f0	5f75b293	sltiu	x5,x11,1527	 x11:0x462f0628  x5=0x00000000
     103295.000 ns	     10328	800026f4	d0154b53	fcvt.s.wu	f22,x10	 x10:0x00000001 f22=0x3f800000
     103325.000 ns	     10331	800026f8	03ba28b3	mulhsu	x17,x20,x27	 x20:0x80041024 x27:0xed4b7698 x17=0x895e08d7
     103695.000 ns	     10368	800026fc	02aae8b3	rem	x17,x21,x10	 x21:0x7ffbe49f x10:0x00000001 x17=0x00000000
     103715.000 ns	     10370	80002700	000822b3	slt	x5,x16,x0	 x16:0x80040fe4  x0:0x00000000  x5=0x00000001
     103725.000 ns	     10371	80002704	009845b3	xor	x11,x16,x9	 x16:0x80040fe4  x9:0xfffe38f2 x11=0x7ffa3716
     103745.000 ns	     10373	80002708	03ccb033	mulhu	x0,x25,x28	 x25:0x00000001 x28:0xffffffff
     103775.000 ns	     10376	8000270c	03decab3	div	x21,x29,x29	 x29:0x00000000 x29:0x00000000 x21=0xffffffff
     103795.000 ns	     10378	80002710	00115593	srli	x11,x2,0x1	  x2:0x00000001 x11=0x00000000
     104155.000 ns	     10414	80002714	03b0de33	divu	x28,x1,x27	  x1:0x1a695961 x27:0xed4b7698 x28=0x00000000
     104175.000 ns	     10416	80002718	62167497	auipc	x9,0x62167	  x9=0xe2169718
     104185.000 ns	     10417	8000271c	01b94bb3	xor	x23,x18,x27	 x18:0x00000000 x27:0xed4b7698 x23=0xed4b7698
     104205.000 ns	     10419	80002720	a13590d3	flt.s	x1,f11,f19	 f11:0x3f800000 f19:0x00000000  x1=0x00000000
     104235.000 ns	     10422	80002724	e0021ad3	fclass.s	x21,f4	  f4:0x7fc00000 x21=0x00000200
     104265.000 ns	     10425	80002728	291d1a53	fmax.s	f20,f26,f17	 f26:0x7fc00000 f17:0x00000000 f20=0x00000000
     104285.000 ns	     10427	8000272c	bf885d17	auipc	x26,0xbf885	 x26=0x3f88772c
     104295.000 ns	     10428	80002730	4097dc33	sra	x24,x15,x9	 x15:0x00000000  x9:0xe2169718 x24=0x00000000
     104305.000 ns	     10429	80002734	00961f13	slli	x30,x12,0x9	 x12:0x00000000 x30=0x00000000
     104325.000 ns	     10431	80002738	d0147ad3	fcvt.s.wu	f21,x8	  x8:0x00000000 f21=0x00000000
     104345.000 ns	     10433	8000273c	0065ce33	xor	x28,x11,x6	 x11:0x00000000  x6:0x015de2a4 x28=0x015de2a4
     104365.000 ns	     10435	80002740	0248ddb3	divu	x27,x17,x4	 x17:0x00000000  x4:0x00000000 x27=0xffffffff
     104395.000 ns	     10438	80002744	0250bc33	mulhu	x24,x1,x5	  x1:0x00000000  x5:0x00000001 x24=0x00000000
     104425.000 ns	     10441	80002748	027805b3	mul	x11,x16,x7	 x16:0x80040fe4  x7:0x7ffbe49f x11=0xd138ee9c
     104445.000 ns	     10443	8000274c	00aa1b13	slli	x22,x20,0xa	 x20:0x80041024 x22=0x10409000
     104465.000 ns	     10445	80002750	d011bf53	fcvt.s.wu	f30,x3	  x3:0x00000010 f30=0x41800000
     104835.000 ns	     10482	80002754	03ffeab3	rem	x21,x31,x31	 x31:0x015de2a4 x31:0x015de2a4 x21=0x00000000
     104865.000 ns	     10485	80002758	20422b53	fsgnjx.s	f22,f4,f4	  f4:0x7fc00000  f4:0x7fc00000 f22=0x7fc00000
     104895.000 ns	     10488	8000275c	03e98eb3	mul	x29,x19,x30	 x19:0x67d2c000 x30:0x00000000 x29=0x00000000
     104935.000 ns	     10492	80002760	195ef153	fdiv.s	f2,f29,f21	 f29:0x00000000 f21:0x00000000  f2=0x7fc00000
     104985.000 ns	     10497	80002764	08a4f9d3	fsub.s	f19,f9,f10	  f9:0xc62f0628 f10:0xcefff7e0 f19=0x4efff788
     105035.000 ns	     10502	80002768	08fa1f53	fsub.s	f30,f20,f15	 f20:0x00000000 f15:0x4baef152 f30=0xcbaef152
     105085.000 ns	     10507	8000276c	096e1953	fsub.s	f18,f28,f22	 f28:0x00000000 f22:0x7fc00000 f18=0x7fc00000
     105115.000 ns	     10510	80002770	a1629fd3	flt.s	x31,f5,f22	  f5:0xcd7d4500 f22:0x7fc00000 x31=0x00000000
     105145.000 ns	     10513	80002774	29eb8753	fmin.s	f14,f23,f30	 f23:0xcd7d4500 f30:0xcbaef152 f14=0xcd7d4500
     105165.000 ns	     10515	80002778	f30d9d37	lui	x26,0xf30d9	 x26=0xf30d9000
     105195.000 ns	     10518	8000277c	580c77d3	fsqrt.s	f15,f24	 f24:0x00000000 f15=0x00000000
     105215.000 ns	     10520	80002780	00121293	slli	x5,x4,0x1	  x4:0x00000000  x5=0x00000000
     105225.000 ns	     10521	80002784	00000013	addi	x0,x0,0	  x0:0x00000000
     105235.000 ns	     10522	80002788	00000013	addi	x0,x0,0	  x0:0x00000000
     105265.000 ns	     10525	8000278c	18f57553	fdiv.s	f10,f10,f15	 f10:0xcefff7e0 f15:0x00000000 f10=0xff800000
     105295.000 ns	     10528	80002790	202e1d53	fsgnjn.s	f26,f28,f2	 f28:0x00000000  f2:0x7fc00000 f26=0x80000000
     105315.000 ns	     10530	80002794	002d1e93	slli	x29,x26,0x2	 x26:0xf30d9000 x29=0xcc364000
     105355.000 ns	     10534	80002798	0187fe53	fadd.s	f28,f15,f24	 f15:0x00000000 f24:0x00000000 f28=0x00000000
     105375.000 ns	     10536	8000279c	01f61cb3	sll	x25,x12,x31	 x12:0x00000000 x31:0x00000000 x25=0x00000000
     105385.000 ns	     10537	800027a0	00000013	addi	x0,x0,0	  x0:0x00000000
     105405.000 ns	     10539	800027a4	d017c253	fcvt.s.wu	f4,x15	 x15:0x00000000  f4=0x00000000
     105425.000 ns	     10541	800027a8	a25d0193	addi	x3,x26,-1499	 x26:0xf30d9000  x3=0xf30d8a25
     105785.000 ns	     10577	800027ac	033bf333	remu	x6,x23,x19	 x23:0xed4b7698 x19:0x67d2c000  x6=0x1da5f698
     105805.000 ns	     10579	800027b0	00f3acb3	slt	x25,x7,x15	  x7:0x7ffbe49f x15:0x00000000 x25=0x00000000
     105835.000 ns	     10582	800027b4	5807f653	fsqrt.s	f12,f15	 f15:0x00000000 f12=0x00000000
     105865.000 ns	     10585	800027b8	f0008253	fmv.w.x	f4,x1	  x1:0x00000000  f4=0x00000000
     105895.000 ns	     10588	800027bc	035410b3	mulh	x1,x8,x21	  x8:0x00000000 x21:0x00000000  x1=0x00000000
     105925.000 ns	     10591	800027c0	e00a9bd3	fclass.s	x23,f21	 f21:0x00000000 x23=0x00000010
     105975.000 ns	     10596	800027c4	08ccfed3	fsub.s	f29,f25,f12	 f25:0x80000000 f12:0x00000000 f29=0x80000000
     106005.000 ns	     10599	800027c8	29a00e53	fmin.s	f28,f0,f26	  f0:0x7fc00000 f26:0x80000000 f28=0x80000000
     106035.000 ns	     10602	800027cc	03245333	divu	x6,x8,x18	  x8:0x00000000 x18:0x00000000  x6=0xffffffff
     106065.000 ns	     10605	800027d0	28359b53	fmax.s	f22,f11,f3	 f11:0x3f800000  f3:0x4d7d4500 f22=0x4d7d4500
     106095.000 ns	     10608	800027d4	02fae2b3	rem	x5,x21,x15	 x21:0x00000000 x15:0x00000000  x5=0x00000000
     106125.000 ns	     10611	800027d8	02d083b3	mul	x7,x1,x13	  x1:0x00000000 x13:0x7ffbe8fe  x7=0x00000000
     106145.000 ns	     10613	800027dc	01416433	or	x8,x2,x20	  x2:0x00000001 x20:0x80041024  x8=0x80041025
     106165.000 ns	     10615	800027e0	a1b4a153	feq.s	x2,f9,f27	  f9:0xc62f0628 f27:0xcefff7e0  x2=0x00000000
     106195.000 ns	     10618	800027e4	c01b4dd3	fcvt.wu.s	x27,f22	 f22:0x4d7d4500 x27=0x0fd45000
     106225.000 ns	     10621	800027e8	e0080cd3	fmv.x.w	x25,f16	 f16:0x462f0628 x25=0x462f0628
     106245.000 ns	     10623	800027ec	01cc91b3	sll	x3,x25,x28	 x25:0x00000000 x28:0x015de2a4  x3=0x62f06280
     106265.000 ns	     10625	800027f0	0254f5b3	remu	x11,x9,x5	  x9:0xe2169718  x5:0x00000000 x11=0xe2169718
     106635.000 ns	     10662	800027f4	02a25f33	divu	x30,x4,x10	  x4:0x00000000 x10:0x00000001 x30=0x00000000
     106675.000 ns	     10666	800027f8	18f47953	fdiv.s	f18,f8,f15	  f8:0x3f800000 f15:0x00000000 f18=0x7f800000
     106705.000 ns	     10669	800027fc	035b8233	mul	x4,x23,x21	 x23:0x00000010 x21:0x00000000  x4=0x00000000
     106725.000 ns	     10671	80002800	06d95f37	lui	x30,0x6d95	 x30=0x06d95000
     106735.000 ns	     10672	80002804	00020133	add	x2,x4,x0	  x4:0x00000000  x0:0x00000000  x2=0x00000000
     106745.000 ns	     10673	80002808	01a2f8b3	and	x17,x5,x26	  x5:0x00000000 x26:0xf30d9000 x17=0x00000000
     106785.000 ns	     10677	8000280c	09befad3	fsub.s	f21,f29,f27	 f29:0x80000000 f27:0xcefff7e0 f21=0x4efff7e0
     106805.000 ns	     10679	80002810	411c5eb3	sra	x29,x24,x17	 x24:0x00000000 x17:0x00000000 x29=0x00000000
     106815.000 ns	     10680	80002814	01480bb3	add	x23,x16,x20	 x16:0x80040fe4 x20:0x80041024 x23=0x00082008
     106825.000 ns	     10681	80002818	5ee62f93	slti	x31,x12,1518	 x12:0x00000000 x31=0x00000001
     106845.000 ns	     10683	8000281c	c0011ad3	fcvt.w.s	x21,f2	  f2:0x7fc00000 x21=0x7fffffff
     106875.000 ns	     10686	80002820	a0f72353	feq.s	x6,f14,f15	 f14:0xcd7d4500 f15:0x00000000  x6=0x00000000
     106895.000 ns	     10688	80002824	01ff3433	sltu	x8,x30,x31	 x30:0x06d95000 x31:0x00000001  x8=0x00000000
     106905.000 ns	     10689	80002828	a6a88d93	addi	x27,x17,-1430	 x17:0x00000000 x27=0xfffffa6a
     106915.000 ns	     10690	8000282c	006f77b3	and	x15,x30,x6	 x30:0x06d95000  x6:0x00000000 x15=0x00000000
     107275.000 ns	     10726	80002830	02bdfdb3	remu	x27,x27,x11	 x27:0x0fd45000 x11:0xe2169718 x27=0x1de96352
     107305.000 ns	     10729	80002834	e00e07d3	fmv.x.w	x15,f28	 f28:0x80000000 x15=0x80000000
     107335.000 ns	     10732	80002838	20ff8ad3	fsgnj.s	f21,f31,f15	 f31:0xcefff7e0 f15:0x00000000 f21=0x4efff7e0
     107365.000 ns	     10735	8000283c	281792d3	fmax.s	f5,f15,f1	 f15:0x00000000  f1:0x4ee59694  f5=0x4ee59694
     107415.000 ns	     10740	80002840	081f7153	fsub.s	f2,f30,f1	 f30:0xcbaef152  f1:0x4ee59694  f2=0xcee85259
     107435.000 ns	     10742	80002844	00b7d493	srli	x9,x15,0xb	 x15:0x80000000  x9=0x00100000
     107445.000 ns	     10743	80002848	00479db3	sll	x27,x15,x4	 x15:0x80000000  x4:0x00000000 x27=0x80000000
     107455.000 ns	     10744	8000284c	01b1d5b3	srl	x11,x3,x27	  x3:0x62f06280 x27:0x1de96352 x11=0x62f06280
     107485.000 ns	     10747	80002850	5806f7d3	fsqrt.s	f15,f13	 f13:0x7fc00000 f15=0x7fc00000
     107535.000 ns	     10752	80002854	006e03d3	fadd.s	f7,f28,f6	 f28:0x80000000  f6:0x80000000  f7=0x80000000
     107565.000 ns	     10755	80002858	a165a453	feq.s	x8,f11,f22	 f11:0x3f800000 f22:0x4d7d4500  x8=0x00000000
     107605.000 ns	     10759	8000285c	114a79d3	fmul.s	f19,f20,f20	 f20:0x00000000 f20:0x00000000 f19=0x00000000
     107635.000 ns	     10762	80002860	c0147653	fcvt.wu.s	x12,f8	  f8:0x3f800000 x12=0x00000001
     107665.000 ns	     10765	80002864	02830f33	mul	x30,x6,x8	  x6:0x00000000  x8:0x00000000 x30=0x00000000
     107695.000 ns	     10768	80002868	c0177e53	fcvt.wu.s	x28,f14	 f14:0xcd7d4500 x28=0x0fd45000
     107715.000 ns	     10770	8000286c	0069f133	and	x2,x19,x6	 x19:0x67d2c000  x6:0x00000000  x2=0x00000000
     107735.000 ns	     10772	80002870	03e57b33	remu	x22,x10,x30	 x10:0x00000001 x30:0x00000000 x22=0x00000001
     107755.000 ns	     10774	80002874	00534633	xor	x12,x6,x5	  x6:0x00000000  x5:0x00000000 x12=0x00000000
     107775.000 ns	     10776	80002878	a16facd3	feq.s	x25,f31,f22	 f31:0xcefff7e0 f22:0x4d7d4500 x25=0x00000000
     107805.000 ns	     10779	8000287c	a0620cd3	fle.s	x25,f4,f6	  f4:0x00000000  f6:0x80000000 x25=0x00000001
     107835.000 ns	     10782	80002880	c01c8bd3	fcvt.wu.s	x23,f25	 f25:0x80000000 x23=0x00000000
     107865.000 ns	     10785	80002884	02d830b3	mulhu	x1,x16,x13	 x16:0x80040fe4 x13:0x7ffbe8fe  x1=0x3ffffc60
     107885.000 ns	     10787	80002888	c1c02293	slti	x5,x0,-996	  x0:0x00000000  x5=0x00000000
     107895.000 ns	     10788	8000288c	00b9df33	srl	x30,x19,x11	 x19:0x67d2c000 x11:0x62f06280 x30=0x67d2c000
     107905.000 ns	     10789	80002890	00fbd313	srli	x6,x23,0xf	 x23:0x00000000  x6=0x00000000
     107915.000 ns	     10790	80002894	00000013	addi	x0,x0,0	  x0:0x00000000
     107935.000 ns	     10792	80002898	c00daad3	fcvt.w.s	x21,f27	 f27:0xcefff7e0 x21=0x80041000
     107965.000 ns	     10795	8000289c	a1f312d3	flt.s	x5,f6,f31	  f6:0x80000000 f31:0xcefff7e0  x5=0x00000000
     107985.000 ns	     10797	800028a0	00881b93	slli	x23,x16,0x8	 x16:0x80040fe4 x23=0x040fe400
     108005.000 ns	     10799	800028a4	03cea633	mulhsu	x12,x29,x28	 x29:0x00000000 x28:0x0fd45000 x12=0x00000000
     108025.000 ns	     10801	800028a8	00b68e33	add	x28,x13,x11	 x13:0x7ffbe8fe x11:0x62f06280 x28=0xe2ec4b7e
     108055.000 ns	     10804	800028ac	10484153	fmul.s	f2,f16,f4	 f16:0x462f0628  f4:0x00000000  f2=0x00000000
     108075.000 ns	     10806	800028b0	010572b3	and	x5,x10,x16	 x10:0x00000001 x16:0x80040fe4  x5=0x00000000
     108085.000 ns	     10807	800028b4	00e33b33	sltu	x22,x6,x14	  x6:0x00000000 x14:0x72cb4a24 x22=0x00000001
     108125.000 ns	     10811	800028b8	096af2d3	fsub.s	f5,f21,f22	 f21:0x4efff7e0 f22:0x4d7d4500  f5=0x4ee04f40
     108495.000 ns	     10848	800028bc	02b74533	div	x10,x14,x11	 x14:0x72cb4a24 x11:0x62f06280 x10=0x00000001
     108515.000 ns	     10850	800028c0	fa322613	slti	x12,x4,-93	  x4:0x00000000 x12=0x00000000
     108525.000 ns	     10851	800028c4	01b5d5b3	srl	x11,x11,x27	 x11:0x62f06280 x27:0x80000000 x11=0x62f06280
     108545.000 ns	     10853	800028c8	d018abd3	fcvt.s.wu	f23,x17	 x17:0x00000000 f23=0x00000000
     108585.000 ns	     10857	800028cc	11eeb0d3	fmul.s	f1,f29,f30	 f29:0x80000000 f30:0xcbaef152  f1=0x00000000
     108605.000 ns	     10859	800028d0	16a33593	sltiu	x11,x6,362	  x6:0x00000000 x11=0x00000001
     108615.000 ns	     10860	800028d4	004ae7b3	or	x15,x21,x4	 x21:0x80041000  x4:0x00000000 x15=0x80041000
     108625.000 ns	     10861	800028d8	396d7013	andi	x0,x26,918	 x26:0xf30d9000
     108635.000 ns	     10862	800028dc	41930d33	sub	x26,x6,x25	  x6:0x00000000 x25:0x00000001 x26=0xffffffff
     108995.000 ns	     10898	800028e0	029c7cb3	remu	x25,x24,x9	 x24:0x00000000  x9:0x00100000 x25=0x00000000
     109025.000 ns	     10901	800028e4	20470f53	fsgnj.s	f30,f14,f4	 f14:0xcd7d4500  f4:0x00000000 f30=0x4d7d4500
     109055.000 ns	     10904	800028e8	f0078453	fmv.w.x	f8,x15	 x15:0x80041000  f8=0x80041000
     109095.000 ns	     10908	800028ec	11fb10d3	fmul.s	f1,f22,f31	 f22:0x4d7d4500 f31:0xcefff7e0  f1=0xdcfd3cf6
     109125.000 ns	     10911	800028f0	291a89d3	fmin.s	f19,f21,f17	 f21:0x4efff7e0 f17:0x00000000 f19=0x00000000
     109155.000 ns	     10914	800028f4	20bfa053	fsgnjx.s	f0,f31,f11	 f31:0xcefff7e0 f11:0x3f800000  f0=0xcefff7e0
     109175.000 ns	     10916	800028f8	43a99617	auipc	x12,0x43a99	 x12=0xc3a9b8f8
     109195.000 ns	     10918	800028fc	d0084053	fcvt.s.w	f0,x16	 x16:0x80040fe4  f0=0xcefff7e0
     109225.000 ns	     10921	80002900	02e09eb3	mulh	x29,x1,x14	  x1:0x3ffffc60 x14:0x72cb4a24 x29=0x1cb2d0e8
     109265.000 ns	     10925	80002904	580a76d3	fsqrt.s	f13,f20	 f20:0x00000000 f13=0x00000000
     109285.000 ns	     10927	80002908	00d16c33	or	x24,x2,x13	  x2:0x00000000 x13:0x7ffbe8fe x24=0x7ffbe8fe
     109305.000 ns	     10929	8000290c	d0077853	fcvt.s.w	f16,x14	 x14:0x72cb4a24 f16=0x4ee59694
     109355.000 ns	     10934	80002910	00f13fd3	fadd.s	f31,f2,f15	  f2:0x00000000 f15:0x7fc00000 f31=0x7fc00000
     109375.000 ns	     10936	80002914	403f5993	srai	x19,x30,0x3	 x30:0x67d2c000 x19=0x0cfa5800
     109385.000 ns	     10937	80002918	00885f93	srli	x31,x16,0x8	 x16:0x80040fe4 x31=0x0080040f
     109405.000 ns	     10939	8000291c	f00c81d3	fmv.w.x	f3,x25	 x25:0x00000000  f3=0x00000000
     109435.000 ns	     10942	80002920	21a21dd3	fsgnjn.s	f27,f4,f26	  f4:0x00000000 f26:0x80000000 f27=0x00000000
     109455.000 ns	     10944	80002924	625bb513	sltiu	x10,x23,1573	 x23:0x040fe400 x10=0x00000000
     109495.000 ns	     10948	80002928	00850e53	fadd.s	f28,f10,f8	 f10:0xff800000  f8:0x80041000 f28=0xff800000
     109515.000 ns	     10950	8000292c	2b686493	ori	x9,x16,694	 x16:0x80040fe4  x9=0x80040ff6
     109535.000 ns	     10952	80002930	03100e33	mul	x28,x0,x17	  x0:0x00000000 x17:0x00000000 x28=0x00000000
     109555.000 ns	     10954	80002934	004b9a93	slli	x21,x23,0x4	 x23:0x040fe400 x21=0x40fe4000
     109575.000 ns	     10956	80002938	f00104d3	fmv.w.x	f9,x2	  x2:0x00000000  f9=0x00000000
     109595.000 ns	     10958	8000293c	00bfedb3	or	x27,x31,x11	 x31:0x0080040f x11:0x00000001 x27=0x0080040f
     109615.000 ns	     10960	80002940	02809eb3	mulh	x29,x1,x8	  x1:0x3ffffc60  x8:0x00000000 x29=0x00000000
     109645.000 ns	     10963	80002944	285d81d3	fmin.s	f3,f27,f5	 f27:0x00000000  f5:0x4ee04f40  f3=0x00000000
     109685.000 ns	     10967	80002948	19399853	fdiv.s	f16,f19,f19	 f19:0x00000000 f19:0x00000000 f16=0x7fc00000
     109715.000 ns	     10970	8000294c	03d838b3	mulhu	x17,x16,x29	 x16:0x80040fe4 x29:0x00000000 x17=0x00000000
     109735.000 ns	     10972	80002950	70467c13	andi	x24,x12,1796	 x12:0xc3a9b8f8 x24=0x00000000
     109765.000 ns	     10975	80002954	1164ffd3	fmul.s	f31,f9,f22	  f9:0x00000000 f22:0x4d7d4500 f31=0x00000000
     109785.000 ns	     10977	80002958	01c91193	slli	x3,x18,0x1c	 x18:0x00000000  x3=0x00000000
     109805.000 ns	     10979	8000295c	e0031cd3	fclass.s	x25,f6	  f6:0x80000000 x25=0x00000008
     109835.000 ns	     10982	80002960	d01477d3	fcvt.s.wu	f15,x8	  x8:0x00000000 f15=0x00000000
     109855.000 ns	     10984	80002964	01672f33	slt	x30,x14,x22	 x14:0x72cb4a24 x22:0x00000001 x30=0x00000000
     109875.000 ns	     10986	80002968	c017cbd3	fcvt.wu.s	x23,f15	 f15:0x00000000 x23=0x00000000
     109895.000 ns	     10988	8000296c	001240b3	xor	x1,x4,x1	  x4:0x00000000  x1:0x3ffffc60  x1=0x3ffffc60
     109905.000 ns	     10989	80002970	c8698613	addi	x12,x19,-890	 x19:0x0cfa5800 x12=0x0cfa5486
     109925.000 ns	     10991	80002974	f00d0153	fmv.w.x	f2,x26	 x26:0xffffffff  f2=0xffffffff
     109975.000 ns	     10996	80002978	0192a053	fadd.s	f0,f5,f25	  f5:0x4ee04f40 f25:0x80000000  f0=0x4ee04f40
     110005.000 ns	     10999	8000297c	0311beb3	mulhu	x29,x3,x17	  x3:0x00000000 x17:0x00000000 x29=0x00000000
     110035.000 ns	     11002	80002980	e00d1cd3	fclass.s	x25,f26	 f26:0x80000000 x25=0x00000008
     110065.000 ns	     11005	80002984	e0049253	fclass.s	x4,f9	  f9:0x00000000  x4=0x00000010
     110095.000 ns	     11008	80002988	20d79cd3	fsgnjn.s	f25,f15,f13	 f15:0x00000000 f13:0x00000000 f25=0x80000000
     110115.000 ns	     11010	8000298c	016de433	or	x8,x27,x22	 x27:0x0080040f x22:0x00000001  x8=0x0080040f
     110135.000 ns	     11012	80002990	f0068c53	fmv.w.x	f24,x13	 x13:0x7ffbe8fe f24=0x7ffbe8fe
     110155.000 ns	     11014	80002994	3e478f93	addi	x31,x15,996	 x15:0x80041000 x31=0x800413e4
     110165.000 ns	     11015	80002998	6071bd93	sltiu	x27,x3,1543	  x3:0x00000000 x27=0x00000001
     110175.000 ns	     11016	8000299c	01275633	srl	x12,x14,x18	 x14:0x72cb4a24 x18:0x00000000 x12=0x72cb4a24
     110195.000 ns	     11018	800029a0	281b1bd3	fmax.s	f23,f22,f1	 f22:0x4d7d4500  f1:0xdcfd3cf6 f23=0x4d7d4500
     110225.000 ns	     11021	800029a4	023dccb3	div	x25,x27,x3	 x27:0x00000001  x3:0x00000000 x25=0xffffffff
     110255.000 ns	     11024	800029a8	e0011d53	fclass.s	x26,f2	  f2:0xffffffff x26=0x00000200
     110625.000 ns	     11061	800029ac	033dff33	remu	x30,x27,x19	 x27:0x00000001 x19:0x0cfa5800 x30=0x00000001
     110645.000 ns	     11063	800029b0	a0b5b593	sltiu	x11,x11,-1525	 x11:0x00000001 x11=0x00000001
     110665.000 ns	     11065	800029b4	a1ce2c53	feq.s	x24,f28,f28	 f28:0xff800000 f28:0xff800000 x24=0x00000001
     110685.000 ns	     11067	800029b8	fd4f0c13	addi	x24,x30,-44	 x30:0x00000001 x24=0xffffffd5
     110705.000 ns	     11069	800029bc	29978453	fmin.s	f8,f15,f25	 f15:0x00000000 f25:0x80000000  f8=0x80000000
     110735.000 ns	     11072	800029c0	022b1933	mulh	x18,x22,x2	 x22:0x00000001  x2:0x00000000 x18=0x00000000
     110765.000 ns	     11075	800029c4	29929853	fmax.s	f16,f5,f25	  f5:0x4ee04f40 f25:0x80000000 f16=0x4ee04f40
     110805.000 ns	     11079	800029c8	580925d3	fsqrt.s	f11,f18	 f18:0x7f800000 f11=0x7f800000
     110835.000 ns	     11082	800029cc	216f0d53	fsgnj.s	f26,f30,f22	 f30:0x4d7d4500 f22:0x4d7d4500 f26=0x4d7d4500
     111945.000 ns	     11193	800029d0	580bf653	fsqrt.s	f12,f23	 f23:0x4d7d4500 f12=0x4633164c
     111965.000 ns	     11195	800029d4	01ed3e33	sltu	x28,x26,x30	 x26:0x00000200 x30:0x00000001 x28=0x00000000
     111975.000 ns	     11196	800029d8	2253a593	slti	x11,x7,549	  x7:0x00000000 x11=0x00000001
     111985.000 ns	     11197	800029dc	405c5613	srai	x12,x24,0x5	 x24:0xffffffd5 x12=0xfffffffe
     111995.000 ns	     11198	800029e0	00e669b3	or	x19,x12,x14	 x12:0x72cb4a24 x14:0x72cb4a24 x19=0xfffffffe
     112005.000 ns	     11199	800029e4	40fb5793	srai	x15,x22,0xf	 x22:0x00000001 x15=0x00000000
     112025.000 ns	     11201	800029e8	2048a4d3	fsgnjx.s	f9,f17,f4	 f17:0x00000000  f4:0x00000000  f9=0x00000000
     112045.000 ns	     11203	800029ec	414f8033	sub	x0,x31,x20	 x31:0x800413e4 x20:0x80041024
     112405.000 ns	     11239	800029f0	0330e433	rem	x8,x1,x19	  x1:0x3ffffc60 x19:0xfffffffe  x8=0x00000000
     112425.000 ns	     11241	800029f4	00000013	addi	x0,x0,0	  x0:0x00000000
     112445.000 ns	     11243	800029f8	c004f9d3	fcvt.w.s	x19,f9	  f9:0x00000000 x19=0x00000000
     112475.000 ns	     11246	800029fc	297284d3	fmin.s	f9,f5,f23	  f5:0x4ee04f40 f23:0x4d7d4500  f9=0x4d7d4500
     112495.000 ns	     11248	80002a00	00522d33	slt	x26,x4,x5	  x4:0x00000010  x5:0x00000000 x26=0x00000000
     112505.000 ns	     11249	80002a04	0164deb3	srl	x29,x9,x22	  x9:0x80040ff6 x22:0x00000001 x29=0x400207fb
     112515.000 ns	     11250	80002a08	33590e13	addi	x28,x18,821	 x18:0x00000000 x28=0x00000335
     112525.000 ns	     11251	80002a0c	1bbe7593	andi	x11,x28,443	 x28:0x00000000 x11=0x00000131
     112885.000 ns	     11287	80002a10	02db62b3	rem	x5,x22,x13	 x22:0x00000001 x13:0x7ffbe8fe  x5=0x00000001
     112905.000 ns	     11289	80002a14	00381233	sll	x4,x16,x3	 x16:0x80040fe4  x3:0x00000000  x4=0x80040fe4
     112915.000 ns	     11290	80002a18	5944ad13	slti	x26,x9,1428	  x9:0x80040ff6 x26=0x00000001
     113275.000 ns	     11326	80002a1c	02926e33	rem	x28,x4,x9	  x4:0x00000010  x9:0x80040ff6 x28=0xffffffee
     113305.000 ns	     11329	80002a20	20648f53	fsgnj.s	f30,f9,f6	  f9:0x4d7d4500  f6:0x80000000 f30=0xcd7d4500
     113335.000 ns	     11332	80002a24	209ea353	fsgnjx.s	f6,f29,f9	 f29:0x80000000  f9:0x4d7d4500  f6=0x80000000
     113355.000 ns	     11334	80002a28	00000013	addi	x0,x0,0	  x0:0x00000000
     113375.000 ns	     11336	80002a2c	a1d826d3	feq.s	x13,f16,f29	 f16:0x4ee04f40 f29:0x80000000 x13=0x00000000
     113405.000 ns	     11339	80002a30	28239fd3	fmax.s	f31,f7,f2	  f7:0x80000000  f2:0xffffffff f31=0x80000000
     113435.000 ns	     11342	80002a34	a1d6a2d3	feq.s	x5,f13,f29	 f13:0x00000000 f29:0x80000000  x5=0x00000001
     113465.000 ns	     11345	80002a38	034d19b3	mulh	x19,x26,x20	 x26:0x00000001 x20:0x80041024 x19=0xffffffff
     113485.000 ns	     11347	80002a3c	4021d913	srai	x18,x3,0x2	  x3:0x00000000 x18=0x00000000
     113505.000 ns	     11349	80002a40	a1121ed3	flt.s	x29,f4,f17	  f4:0x00000000 f17:0x00000000 x29=0x00000000
     113535.000 ns	     11352	80002a44	a1fd9ad3	flt.s	x21,f27,f31	 f27:0x00000000 f31:0x80000000 x21=0x00000000
     113555.000 ns	     11354	80002a48	c1e63993	sltiu	x19,x12,-994	 x12:0xfffffffe x19=0x00000000
     113575.000 ns	     11356	80002a4c	d017f053	fcvt.s.wu	f0,x15	 x15:0x00000000  f0=0x00000000
     114755.000 ns	     11474	80002a50	58087953	fsqrt.s	f18,f16	 f16:0x4ee04f40 f18=0x472971ef
     114785.000 ns	     11477	80002a54	211988d3	fsgnj.s	f17,f19,f17	 f19:0x00000000 f17:0x00000000 f17=0x00000000
     114805.000 ns	     11479	80002a58	fbd8cc93	xori	x25,x17,-67	 x17:0x00000000 x25=0xffffffbd
     114825.000 ns	     11481	80002a5c	d012f6d3	fcvt.s.wu	f13,x5	  x5:0x00000001 f13=0x3f800000
     114855.000 ns	     11484	80002a60	d007af53	fcvt.s.w	f30,x15	 x15:0x00000000 f30=0x00000000
     114875.000 ns	     11486	80002a64	8984b893	sltiu	x17,x9,-1896	  x9:0x80040ff6 x17=0x00000001
     114885.000 ns	     11487	80002a68	01f78333	add	x6,x15,x31	 x15:0x00000000 x31:0x800413e4  x6=0x800413e4
     114895.000 ns	     11488	80002a6c	00b04cb3	xor	x25,x0,x11	  x0:0x00000000 x11:0x00000131 x25=0x00000131
     114935.000 ns	     11492	80002a70	098a7153	fsub.s	f2,f20,f24	 f20:0x00000000 f24:0x7ffbe8fe  f2=0x7fc00000
     114955.000 ns	     11494	80002a74	0057f633	and	x12,x15,x5	 x15:0x00000000  x5:0x00000001 x12=0x00000000
     114975.000 ns	     11496	80002a78	d0057ed3	fcvt.s.w	f29,x10	 x10:0x00000000 f29=0x00000000
     114995.000 ns	     11498	80002a7c	33cef293	andi	x5,x29,828	 x29:0x00000000  x5=0x00000000
     115005.000 ns	     11499	80002a80	2ae4b493	sltiu	x9,x9,686	  x9:0x80040ff6  x9=0x00000000
     115015.000 ns	     11500	80002a84	414ad433	sra	x8,x21,x20	 x21:0x00000000 x20:0x80041024  x8=0x00000000
     115025.000 ns	     11501	80002a88	a0c3b313	sltiu	x6,x7,-1524	  x7:0x00000000  x6=0x00000001
     115035.000 ns	     11502	80002a8c	631c7913	andi	x18,x24,1585	 x24:0xffffffd5 x18=0x00000611
     115045.000 ns	     11503	80002a90	010c3fb3	sltu	x31,x24,x16	 x24:0xffffffd5 x16:0x80040fe4 x31=0x00000000
     115055.000 ns	     11504	80002a94	b9557393	andi	x7,x10,-1131	 x10:0x00000000  x7=0x00000000
     115075.000 ns	     11506	80002a98	f00206d3	fmv.w.x	f13,x4	  x4:0x80040fe4 f13=0x80040fe4
     115105.000 ns	     11509	80002a9c	29c09b53	fmax.s	f22,f1,f28	  f1:0xdcfd3cf6 f28:0xff800000 f22=0xdcfd3cf6
     115125.000 ns	     11511	80002aa0	5bae6893	ori	x17,x28,1466	 x28:0xffffffee x17=0xfffffffe
     115155.000 ns	     11514	80002aa4	10770cd3	fmul.s	f25,f14,f7	 f14:0xcd7d4500  f7:0x80000000 f25=0x00000000
     115175.000 ns	     11516	80002aa8	0025a533	slt	x10,x11,x2	 x11:0x00000131  x2:0x00000000 x10=0x00000000
     115195.000 ns	     11518	80002aac	c00bf6d3	fcvt.w.s	x13,f23	 f23:0x4d7d4500 x13=0x0fd45000
     115225.000 ns	     11521	80002ab0	03b10fb3	mul	x31,x2,x27	  x2:0x00000000 x27:0x00000001 x31=0x00000000
     115245.000 ns	     11523	80002ab4	88b44013	xori	x0,x8,-1909	  x8:0x00000000
     115265.000 ns	     11525	80002ab8	025a5ab3	divu	x21,x20,x5	 x20:0x80041024  x5:0x00000000 x21=0xffffffff
     115295.000 ns	     11528	80002abc	20d923d3	fsgnjx.s	f7,f18,f13	 f18:0x472971ef f13:0x80040fe4  f7=0xc72971ef
     115335.000 ns	     11532	80002ac0	5806bf53	fsqrt.s	f30,f13	 f13:0x80040fe4 f30=0x7fc00000
     115365.000 ns	     11535	80002ac4	c00f7953	fcvt.w.s	x18,f30	 f30:0x00000000 x18=0x7fffffff
     115405.000 ns	     11539	80002ac8	11c3a2d3	fmul.s	f5,f7,f28	  f7:0xc72971ef f28:0xff800000  f5=0x7f800000
     115425.000 ns	     11541	80002acc	77e61a97	auipc	x21,0x77e61	 x21=0xf7e63acc
     115435.000 ns	     11542	80002ad0	007ddb13	srli	x22,x27,0x7	 x27:0x00000001 x22=0x00000000
     115445.000 ns	     11543	80002ad4	eff06313	ori	x6,x0,-257	  x0:0x00000000  x6=0xfffffeff
     115465.000 ns	     11545	80002ad8	c012c153	fcvt.wu.s	x2,f5	  f5:0x7f800000  x2=0xffffffff
     115485.000 ns	     11547	80002adc	ff4d7d93	andi	x27,x26,-12	 x26:0x00000001 x27=0x00000000
     115495.000 ns	     11548	80002ae0	00b95013	srli	x0,x18,0xb	 x18:0x7fffffff
     115515.000 ns	     11550	80002ae4	02326d33	rem	x26,x4,x3	  x4:0x80040fe4  x3:0x00000000 x26=0x80040fe4
     115535.000 ns	     11552	80002ae8	85f1ff93	andi	x31,x3,-1953	  x3:0x00000000 x31=0x00000000
     116475.000 ns	     11646	80002aec	580614d3	fsqrt.s	f9,f12	 f12:0x4633164c  f9=0x427d4434
     116495.000 ns	     11648	80002af0	006b36b3	sltu	x13,x22,x6	 x22:0x00000000  x6:0xfffffeff x13=0x00000001
     116515.000 ns	     11650	80002af4	28ed03d3	fmin.s	f7,f26,f14	 f26:0x4d7d4500 f14:0xcd7d4500  f7=0xcd7d4500
     116535.000 ns	     11652	80002af8	0137a6b3	slt	x13,x15,x19	 x15:0x00000000 x19:0x00000000 x13=0x00000000
     116545.000 ns	     11653	80002afc	01321f13	slli	x30,x4,0x13	  x4:0x80040fe4 x30=0x7f200000
     116555.000 ns	     11654	80002b00	013410b3	sll	x1,x8,x19	  x8:0x00000000 x19:0x00000000  x1=0x00000000
     116575.000 ns	     11656	80002b04	e00e85d3	fmv.x.w	x11,f29	 f29:0x00000000 x11=0x00000000
     116595.000 ns	     11658	80002b08	c37f0a93	addi	x21,x30,-969	 x30:0x7f200000 x21=0x7f1ffc37
     116605.000 ns	     11659	80002b0c	012fdc33	srl	x24,x31,x18	 x31:0x00000000 x18:0x7fffffff x24=0x00000000
     116615.000 ns	     11660	80002b10	13658e13	addi	x28,x11,310	 x11:0x00000000 x28=0x00000136
     116655.000 ns	     11664	80002b14	08ec1153	fsub.s	f2,f24,f14	 f24:0x7ffbe8fe f14:0xcd7d4500  f2=0x7fc00000
     116675.000 ns	     11666	80002b18	0104b033	sltu	x0,x9,x16	  x9:0x00000000 x16:0x80040fe4
     116685.000 ns	     11667	80002b1c	40e151b3	sra	x3,x2,x14	  x2:0xffffffff x14:0x72cb4a24  x3=0xffffffff
     116695.000 ns	     11668	80002b20	00061613	slli	x12,x12,0x0	 x12:0x00000000 x12=0x00000000
     116705.000 ns	     11669	80002b24	41a4df93	srai	x31,x9,0x1a	  x9:0x00000000 x31=0x00000000
     116715.000 ns	     11670	80002b28	01ef90b3	sll	x1,x31,x30	 x31:0x00000000 x30:0x7f200000  x1=0x00000000
     116725.000 ns	     11671	80002b2c	275d10b7	lui	x1,0x275d1	  x1=0x275d1000
     116755.000 ns	     11674	80002b30	5805f1d3	fsqrt.s	f3,f11	 f11:0x7f800000  f3=0x7f800000
     116785.000 ns	     11677	80002b34	0332bbb3	mulhu	x23,x5,x19	  x5:0x00000000 x19:0x00000000 x23=0x00000000
     116815.000 ns	     11680	80002b38	a07590d3	flt.s	x1,f11,f7	 f11:0x7f800000  f7:0xcd7d4500  x1=0x00000000
     116845.000 ns	     11683	80002b3c	20ab86d3	fsgnj.s	f13,f23,f10	 f23:0x4d7d4500 f10:0xff800000 f13=0xcd7d4500
     116865.000 ns	     11685	80002b40	41205cb3	sra	x25,x0,x18	  x0:0x00000000 x18:0x7fffffff x25=0x00000000
     116885.000 ns	     11687	80002b44	02784f33	div	x30,x16,x7	 x16:0x80040fe4  x7:0x00000000 x30=0xffffffff
     116905.000 ns	     11689	80002b48	36b3ef13	ori	x30,x7,875	  x7:0x00000000 x30=0x0000036b
     117895.000 ns	     11788	80002b4c	58064b53	fsqrt.s	f22,f12	 f12:0x4633164c f22=0x427d4434
     117925.000 ns	     11791	80002b50	a0eca353	feq.s	x6,f25,f14	 f25:0x00000000 f14:0xcd7d4500  x6=0x00000000
     117945.000 ns	     11793	80002b54	000d12b3	sll	x5,x26,x0	 x26:0x80040fe4  x0:0x00000000  x5=0x80040fe4
     117955.000 ns	     11794	80002b58	413509b3	sub	x19,x10,x19	 x10:0x00000000 x19:0x00000000 x19=0x00000000
     117975.000 ns	     11796	80002b5c	03f58c33	mul	x24,x11,x31	 x11:0x00000000 x31:0x00000000 x24=0x00000000
     117995.000 ns	     11798	80002b60	40a80f33	sub	x30,x16,x10	 x16:0x80040fe4 x10:0x00000000 x30=0x80040fe4
     118015.000 ns	     11800	80002b64	03d61033	mulh	x0,x12,x29	 x12:0x00000000 x29:0x00000000
     118055.000 ns	     11804	80002b68	580f7453	fsqrt.s	f8,f30	 f30:0x7fc00000  f8=0x7fc00000
     118085.000 ns	     11807	80002b6c	d0017a53	fcvt.s.w	f20,x2	  x2:0xffffffff f20=0xbf800000
     118105.000 ns	     11809	80002b70	00100fb3	add	x31,x0,x1	  x0:0x00000000  x1:0x00000000 x31=0x00000000
     118465.000 ns	     11845	80002b74	031adeb3	divu	x29,x21,x17	 x21:0x7f1ffc37 x17:0xfffffffe x29=0x00000000
     118485.000 ns	     11847	80002b78	f5db4e93	xori	x29,x22,-163	 x22:0x00000000 x29=0xffffff5d
     118515.000 ns	     11850	80002b7c	580429d3	fsqrt.s	f19,f8	  f8:0x7fc00000 f19=0x7fc00000
     118565.000 ns	     11855	80002b80	0015f1d3	fadd.s	f3,f11,f1	 f11:0x7f800000  f1:0xdcfd3cf6  f3=0x7f800000
     118595.000 ns	     11858	80002b84	a14f04d3	fle.s	x9,f30,f20	 f30:0x7fc00000 f20:0xbf800000  x9=0x00000000
     118625.000 ns	     11861	80002b88	c0138653	fcvt.wu.s	x12,f7	  f7:0xcd7d4500 x12=0x0fd45000
     118655.000 ns	     11864	80002b8c	d003fa53	fcvt.s.w	f20,x7	  x7:0x00000000 f20=0x00000000
     118675.000 ns	     11866	80002b90	018db3b3	sltu	x7,x27,x24	 x27:0x00000000 x24:0x00000000  x7=0x00000000
     118685.000 ns	     11867	80002b94	4161d633	sra	x12,x3,x22	  x3:0xffffffff x22:0x00000000 x12=0xffffffff
     118705.000 ns	     11869	80002b98	a119a153	feq.s	x2,f19,f17	 f19:0x7fc00000 f17:0x00000000  x2=0x00000000
     119075.000 ns	     11906	80002b9c	02cb5bb3	divu	x23,x22,x12	 x22:0x00000000 x12:0x0fd45000 x23=0x00000000
     119105.000 ns	     11909	80002ba0	e00c84d3	fmv.x.w	x9,f25	 f25:0x00000000  x9=0x00000000
     119135.000 ns	     11912	80002ba4	c013c1d3	fcvt.wu.s	x3,f7	  f7:0xcd7d4500  x3=0x0fd45000
     119165.000 ns	     11915	80002ba8	a0d492d3	flt.s	x5,f9,f13	  f9:0x427d4434 f13:0xcd7d4500  x5=0x00000000
     119195.000 ns	     11918	80002bac	29a50953	fmin.s	f18,f10,f26	 f10:0xff800000 f26:0x4d7d4500 f18=0xff800000
     119215.000 ns	     11920	80002bb0	e7e5fe93	andi	x29,x11,-386	 x11:0x00000000 x29=0x00000000
     119225.000 ns	     11921	80002bb4	e18f3513	sltiu	x10,x30,-488	 x30:0x80040fe4 x10=0x00000001
     119245.000 ns	     11923	80002bb8	021fb533	mulhu	x10,x31,x1	 x31:0x00000000  x1:0x00000000 x10=0x00000000
     119615.000 ns	     11960	80002bbc	03244cb3	div	x25,x8,x18	  x8:0x00000000 x18:0x7fffffff x25=0x00000000
     119635.000 ns	     11962	80002bc0	00a89293	slli	x5,x17,0xa	 x17:0xfffffffe  x5=0xfffff800
     119655.000 ns	     11964	80002bc4	20d18cd3	fsgnj.s	f25,f3,f13	  f3:0x7f800000 f13:0xcd7d4500 f25=0xff800000
     119675.000 ns	     11966	80002bc8	f2996293	ori	x5,x18,-215	 x18:0x7fffffff  x5=0xffffffff
     119695.000 ns	     11968	80002bcc	03b2a7b3	mulhsu	x15,x5,x27	  x5:0xfffff800 x27:0x00000000 x15=0x00000000
     119725.000 ns	     11971	80002bd0	a1fdafd3	feq.s	x31,f27,f31	 f27:0x00000000 f31:0x80000000 x31=0x00000001
     119745.000 ns	     11973	80002bd4	009ca433	slt	x8,x25,x9	 x25:0x00000000  x9:0x00000000  x8=0x00000000
     119755.000 ns	     11974	80002bd8	3ce33793	sltiu	x15,x6,974	  x6:0x00000000 x15=0x00000001
     119775.000 ns	     11976	80002bdc	f00402d3	fmv.w.x	f5,x8	  x8:0x00000000  f5=0x00000000
     119805.000 ns	     11979	80002be0	297413d3	fmax.s	f7,f8,f23	  f8:0x7fc00000 f23:0x4d7d4500  f7=0x4d7d4500
     119835.000 ns	     11982	80002be4	211d8153	fsgnj.s	f2,f27,f17	 f27:0x00000000 f17:0x00000000  f2=0x00000000
     119855.000 ns	     11984	80002be8	40235e93	srai	x29,x6,0x2	  x6:0x00000000 x29=0x00000000
     119875.000 ns	     11986	80002bec	e00f0dd3	fmv.x.w	x27,f30	 f30:0x7fc00000 x27=0x7fc00000
     119895.000 ns	     11988	80002bf0	01e8bfb3	sltu	x31,x17,x30	 x17:0xfffffffe x30:0x80040fe4 x31=0x00000000
     119915.000 ns	     11990	80002bf4	02f62fb3	mulhsu	x31,x12,x15	 x12:0xffffffff x15:0x00000001 x31=0xffffffff
     119955.000 ns	     11994	80002bf8	183d7053	fdiv.s	f0,f26,f3	 f26:0x4d7d4500  f3:0x7f800000  f0=0x00000000
     119975.000 ns	     11996	80002bfc	00000013	addi	x0,x0,0	  x0:0x00000000
     119985.000 ns	     11997	80002c00	78146d13	ori	x26,x8,1921	  x8:0x00000000 x26=0x00000781
     119995.000 ns	     11998	80002c04	fbb3b193	sltiu	x3,x7,-69	  x7:0x00000000  x3=0x00000001
     120015.000 ns	     12000	80002c08	20388153	fsgnj.s	f2,f17,f3	 f17:0x00000000  f3:0x7f800000  f2=0x00000000
     120385.000 ns	     12037	80002c0c	03c2dd33	divu	x26,x5,x28	  x5:0xffffffff x28:0x00000136 x26=0x00d3680d
     120405.000 ns	     12039	80002c10	5222e893	ori	x17,x5,1314	  x5:0xffffffff x17=0xffffffff
     120415.000 ns	     12040	80002c14	00783b33	sltu	x22,x16,x7	 x16:0x80040fe4  x7:0x00000000 x22=0x00000000
     120455.000 ns	     12044	80002c18	01ef7453	fadd.s	f8,f30,f30	 f30:0x7fc00000 f30:0x7fc00000  f8=0x7fc00000
     120475.000 ns	     12046	80002c1c	402dd993	srai	x19,x27,0x2	 x27:0x7fc00000 x19=0x1ff00000
     120485.000 ns	     12047	80002c20	4192d093	srai	x1,x5,0x19	  x5:0xffffffff  x1=0xffffffff
     120845.000 ns	     12083	80002c24	03f963b3	rem	x7,x18,x31	 x18:0x7fffffff x31:0xffffffff  x7=0x00000000
     120875.000 ns	     12086	80002c28	a0ec9bd3	flt.s	x23,f25,f14	 f25:0xff800000 f14:0xcd7d4500 x23=0x00000001
     120905.000 ns	     12089	80002c2c	025213b3	mulh	x7,x4,x5	  x4:0x80040fe4  x5:0xffffffff  x7=0x00000000
     120935.000 ns	     12092	80002c30	c016ff53	fcvt.wu.s	x30,f13	 f13:0xcd7d4500 x30=0x0fd45000
     121305.000 ns	     12129	80002c34	03bd6fb3	rem	x31,x26,x27	 x26:0x00d3680d x27:0x7fc00000 x31=0x00d3680d
     121335.000 ns	     12132	80002c38	29119453	fmax.s	f8,f3,f17	  f3:0x7f800000 f17:0x00000000  f8=0x7f800000
     121365.000 ns	     12135	80002c3c	d00d7153	fcvt.s.w	f2,x26	 x26:0x00d3680d  f2=0x4b53680d
     121385.000 ns	     12137	80002c40	bd813017	auipc	x0,0xbd813	
     121395.000 ns	     12138	80002c44	002b8fb3	add	x31,x23,x2	 x23:0x00000001  x2:0x00000000 x31=0x00000001
     121405.000 ns	     12139	80002c48	00000013	addi	x0,x0,0	  x0:0x00000000
     121415.000 ns	     12140	80002c4c	c59f8e97	auipc	x29,0xc59f8	 x29=0x459fac4c
     121425.000 ns	     12141	80002c50	01b33133	sltu	x2,x6,x27	  x6:0x00000000 x27:0x7fc00000  x2=0x00000001
     121435.000 ns	     12142	80002c54	01e79513	slli	x10,x15,0x1e	 x15:0x00000001 x10=0x40000000
     121445.000 ns	     12143	80002c58	018756b3	srl	x13,x14,x24	 x14:0x72cb4a24 x24:0x00000000 x13=0x72cb4a24
     121455.000 ns	     12144	80002c5c	00878b33	add	x22,x15,x8	 x15:0x00000001  x8:0x00000000 x22=0x00000001
     121465.000 ns	     12145	80002c60	c3d43913	sltiu	x18,x8,-963	  x8:0x00000000 x18=0x00000001
     121475.000 ns	     12146	80002c64	58f22f93	slti	x31,x4,1423	  x4:0x80040fe4 x31=0x00000001
     121485.000 ns	     12147	80002c68	41935c13	srai	x24,x6,0x19	  x6:0x00000000 x24=0x00000000
     121505.000 ns	     12149	80002c6c	e0001e53	fclass.s	x28,f0	  f0:0x00000000 x28=0x00000010
     121525.000 ns	     12151	80002c70	7763ee13	ori	x28,x7,1910	  x7:0x00000000 x28=0x00000776
     121565.000 ns	     12155	80002c74	01cc7b53	fadd.s	f22,f24,f28	 f24:0x7ffbe8fe f28:0xff800000 f22=0x7fc00000
     121585.000 ns	     12157	80002c78	21fae313	ori	x6,x21,543	 x21:0x7f1ffc37  x6=0x7f1ffe3f
     121595.000 ns	     12158	80002c7c	018e14b3	sll	x9,x28,x24	 x28:0x00000776 x24:0x00000000  x9=0x00000776
     121615.000 ns	     12160	80002c80	c01d7cd3	fcvt.wu.s	x25,f26	 f26:0x4d7d4500 x25=0x0fd45000
     121635.000 ns	     12162	80002c84	00000013	addi	x0,x0,0	  x0:0x00000000
     121645.000 ns	     12163	80002c88	8c95fe93	andi	x29,x11,-1847	 x11:0x00000000 x29=0x00000000
     121665.000 ns	     12165	80002c8c	f00909d3	fmv.w.x	f19,x18	 x18:0x00000001 f19=0x00000001
     121685.000 ns	     12167	80002c90	afb96337	lui	x6,0xafb96	  x6=0xafb96000
     121705.000 ns	     12169	80002c94	03143fb3	mulhu	x31,x8,x17	  x8:0x00000000 x17:0xffffffff x31=0x00000000
     121725.000 ns	     12171	80002c98	3285c113	xori	x2,x11,808	 x11:0x00000000  x2=0x00000328
     121735.000 ns	     12172	80002c9c	b602eab7	lui	x21,0xb602e	 x21=0xb602e000
     121755.000 ns	     12174	80002ca0	02520bb3	mul	x23,x4,x5	  x4:0x80040fe4  x5:0xffffffff x23=0x7ffbf01c
     121775.000 ns	     12176	80002ca4	01af2bb3	slt	x23,x30,x26	 x30:0x0fd45000 x26:0x00d3680d x23=0x00000000
     121795.000 ns	     12178	80002ca8	c0133d53	fcvt.wu.s	x26,f6	  f6:0x80000000 x26=0x00000000
     121815.000 ns	     12180	80002cac	01b4ad33	slt	x26,x9,x27	  x9:0x00000776 x27:0x7fc00000 x26=0x00000001
     121835.000 ns	     12182	80002cb0	02220c33	mul	x24,x4,x2	  x4:0x80040fe4  x2:0x00000328 x24=0x0cd227a0
     121855.000 ns	     12184	80002cb4	01cfa6b3	slt	x13,x31,x28	 x31:0x00000000 x28:0x00000776 x13=0x00000001
     122185.000 ns	     12217	80002cb8	18c67053	fdiv.s	f0,f12,f12	 f12:0x4633164c f12:0x4633164c  f0=0x3f38406e
     122205.000 ns	     12219	80002cbc	009f0f33	add	x30,x30,x9	 x30:0x0fd45000  x9:0x00000776 x30=0x0fd45776
     122215.000 ns	     12220	80002cc0	005143b3	xor	x7,x2,x5	  x2:0x00000328  x5:0xffffffff  x7=0xfffffcd7
     122575.000 ns	     12256	80002cc4	0232c9b3	div	x19,x5,x3	  x5:0xffffffff  x3:0x00000001 x19=0xffffffff
     122595.000 ns	     12258	80002cc8	0038b433	sltu	x8,x17,x3	 x17:0xffffffff  x3:0x00000001  x8=0x00000000
     122615.000 ns	     12260	80002ccc	03de7db3	remu	x27,x28,x29	 x28:0x00000776 x29:0x00000000 x27=0x00000776
     122635.000 ns	     12262	80002cd0	f58cb913	sltiu	x18,x25,-168	 x25:0x0fd45000 x18=0x00000001
     122655.000 ns	     12264	80002cd4	201eafd3	fsgnjx.s	f31,f29,f1	 f29:0x00000000  f1:0xdcfd3cf6 f31=0x80000000
     122685.000 ns	     12267	80002cd8	d0113ed3	fcvt.s.wu	f29,x2	  x2:0x00000328 f29=0x444a0000
     122715.000 ns	     12270	80002cdc	2007a953	fsgnjx.s	f18,f15,f0	 f15:0x00000000  f0:0x3f38406e f18=0x00000000
     123085.000 ns	     12307	80002ce0	03b95f33	divu	x30,x18,x27	 x18:0x00000001 x27:0x00000776 x30=0x00000000
     123115.000 ns	     12310	80002ce4	03cb38b3	mulhu	x17,x22,x28	 x22:0x00000001 x28:0x00000776 x17=0x00000000
     123135.000 ns	     12312	80002ce8	95cc4893	xori	x17,x24,-1700	 x24:0x0cd227a0 x17=0xf32ddefc
     123155.000 ns	     12314	80002cec	a12f0053	fle.s	x0,f30,f18	 f30:0x7fc00000 f18:0x00000000
     123195.000 ns	     12318	80002cf0	1188b153	fmul.s	f2,f17,f24	 f17:0x00000000 f24:0x7ffbe8fe  f2=0x7fc00000
     123235.000 ns	     12322	80002cf4	10a61b53	fmul.s	f22,f12,f10	 f12:0x4633164c f10:0xff800000 f22=0xff800000
     123255.000 ns	     12324	80002cf8	09318197	auipc	x3,0x9318	  x3=0x8931acf8
     123265.000 ns	     12325	80002cfc	411fd033	sra	x0,x31,x17	 x31:0x00000000 x17:0xf32ddefc
     123275.000 ns	     12326	80002d00	01d6bf33	sltu	x30,x13,x29	 x13:0x00000001 x29:0x00000000 x30=0x00000000
     123285.000 ns	     12327	80002d04	014375b3	and	x11,x6,x20	  x6:0xafb96000 x20:0x80041024 x11=0x80000000
     123305.000 ns	     12329	80002d08	2051a853	fsgnjx.s	f16,f3,f5	  f3:0x7f800000  f5:0x00000000 f16=0x7f800000
     123325.000 ns	     12331	80002d0c	1632f013	andi	x0,x5,355	  x5:0xffffffff
     123335.000 ns	     12332	80002d10	40e0d6b3	sra	x13,x1,x14	  x1:0xffffffff x14:0x72cb4a24 x13=0xffffffff
     123695.000 ns	     12368	80002d14	023b5db3	divu	x27,x22,x3	 x22:0x00000001  x3:0x8931acf8 x27=0x00000000
     123715.000 ns	     12370	80002d18	1e664993	xori	x19,x12,486	 x12:0xffffffff x19=0xfffffe19
     123735.000 ns	     12372	80002d1c	e00f9b53	fclass.s	x22,f31	 f31:0x80000000 x22=0x00000008
     123755.000 ns	     12374	80002d20	00e08593	addi	x11,x1,14	  x1:0xffffffff x11=0x0000000d
     123775.000 ns	     12376	80002d24	d00e29d3	fcvt.s.w	f19,x28	 x28:0x00000776 f19=0x44eec000
     123805.000 ns	     12379	80002d28	e0070ed3	fmv.x.w	x29,f14	 f14:0xcd7d4500 x29=0xcd7d4500
     123825.000 ns	     12381	80002d2c	01235eb3	srl	x29,x6,x18	  x6:0xafb96000 x18:0x00000001 x29=0x57dcb000
     123845.000 ns	     12383	80002d30	e00d9e53	fclass.s	x28,f27	 f27:0x00000000 x28=0x00000010
     123865.000 ns	     12385	80002d34	01a4c533	xor	x10,x9,x26	  x9:0x00000776 x26:0x00000001 x10=0x00000777
     123875.000 ns	     12386	80002d38	001ad8b3	srl	x17,x21,x1	 x21:0xb602e000  x1:0xffffffff x17=0x00000001
     123885.000 ns	     12387	80002d3c	40e95e33	sra	x28,x18,x14	 x18:0x00000001 x14:0x72cb4a24 x28=0x00000000
     123905.000 ns	     12389	80002d40	c01049d3	fcvt.wu.s	x19,f0	  f0:0x3f38406e x19=0x00000001
     123925.000 ns	     12391	80002d44	5e47f5b7	lui	x11,0x5e47f	 x11=0x5e47f000
     123945.000 ns	     12393	80002d48	206aa4d3	fsgnjx.s	f9,f21,f6	 f21:0x4efff7e0  f6:0x80000000  f9=0xcefff7e0
     123965.000 ns	     12395	80002d4c	01e99ab3	sll	x21,x19,x30	 x19:0x00000001 x30:0x00000000 x21=0x00000001
     123975.000 ns	     12396	80002d50	007bcfb3	xor	x31,x23,x7	 x23:0x00000000  x7:0xfffffcd7 x31=0xfffffcd7
     123995.000 ns	     12398	80002d54	034a1e33	mulh	x28,x20,x20	 x20:0x80041024 x20:0x80041024 x28=0x3ffbefec
     124015.000 ns	     12400	80002d58	412b8333	sub	x6,x23,x18	 x23:0x00000000 x18:0x00000001  x6=0xffffffff
     124025.000 ns	     12401	80002d5c	00259d33	sll	x26,x11,x2	 x11:0x5e47f000  x2:0x00000328 x26=0x47f00000
     124035.000 ns	     12402	80002d60	01ad1b93	slli	x23,x26,0x1a	 x26:0x00000001 x23=0x00000000
     124045.000 ns	     12403	80002d64	f7070537	lui	x10,0xf7070	 x10=0xf7070000
     124065.000 ns	     12405	80002d68	288b05d3	fmin.s	f11,f22,f8	 f22:0xff800000  f8:0x7f800000 f11=0xff800000
     124085.000 ns	     12407	80002d6c	41edd633	sra	x12,x27,x30	 x27:0x00000000 x30:0x00000000 x12=0x00000000
     124125.000 ns	     12411	80002d70	01d806d3	fadd.s	f13,f16,f29	 f16:0x7f800000 f29:0x444a0000 f13=0x7f800000
     124145.000 ns	     12413	80002d74	2acfd137	lui	x2,0x2acfd	  x2=0x2acfd000
     124505.000 ns	     12449	80002d78	0385db33	divu	x22,x11,x24	 x11:0x5e47f000 x24:0x0cd227a0 x22=0x00000007
     124525.000 ns	     12451	80002d7c	b4bf0213	addi	x4,x30,-1205	 x30:0x00000000  x4=0xfffffb4b
     124545.000 ns	     12453	80002d80	0206b233	mulhu	x4,x13,x0	 x13:0xffffffff  x0:0x00000000  x4=0x00000000
     124575.000 ns	     12456	80002d84	216c8e53	fsgnj.s	f28,f25,f22	 f25:0xff800000 f22:0xff800000 f28=0xff800000
     124615.000 ns	     12460	80002d88	112d7353	fmul.s	f6,f26,f18	 f26:0x4d7d4500 f18:0x00000000  f6=0x00000000
     124635.000 ns	     12462	80002d8c	41535933	sra	x18,x6,x21	  x6:0xffffffff x21:0x00000001 x18=0xffffffff
     124995.000 ns	     12498	80002d90	02125033	divu	x0,x4,x1	  x4:0x00000000  x1:0xffffffff
     125025.000 ns	     12501	80002d94	02393e33	mulhu	x28,x18,x3	 x18:0x00000001  x3:0x8931acf8 x28=0x8931acf7
     125045.000 ns	     12503	80002d98	00000013	addi	x0,x0,0	  x0:0x00000000
     125075.000 ns	     12506	80002d9c	58082f53	fsqrt.s	f30,f16	 f16:0x7f800000 f30=0x7f800000
     125105.000 ns	     12509	80002da0	02c90433	mul	x8,x18,x12	 x18:0xffffffff x12:0x00000000  x8=0x00000000
     125125.000 ns	     12511	80002da4	013ff8b3	and	x17,x31,x19	 x31:0xfffffcd7 x19:0x00000001 x17=0x00000001
     125145.000 ns	     12513	80002da8	c01679d3	fcvt.wu.s	x19,f12	 f12:0x4633164c x19=0x00002cc5
     125175.000 ns	     12516	80002dac	a04284d3	fle.s	x9,f5,f4	  f5:0x00000000  f4:0x00000000  x9=0x00000001
     125205.000 ns	     12519	80002db0	283c94d3	fmax.s	f9,f25,f3	 f25:0xff800000  f3:0x7f800000  f9=0x7f800000
     125235.000 ns	     12522	80002db4	d010c0d3	fcvt.s.wu	f1,x1	  x1:0xffffffff  f1=0x4f800000
     125275.000 ns	     12526	80002db8	11c1c5d3	fmul.s	f11,f3,f28	  f3:0x7f800000 f28:0xff800000 f11=0xff800000
     125305.000 ns	     12529	80002dbc	d0057453	fcvt.s.w	f8,x10	 x10:0xf7070000  f8=0xcd0f9000
     125325.000 ns	     12531	80002dc0	00d5f333	and	x6,x11,x13	 x11:0x5e47f000 x13:0xffffffff  x6=0x5e47f000
     125335.000 ns	     12532	80002dc4	0173e133	or	x2,x7,x23	  x7:0xfffffcd7 x23:0x00000000  x2=0xfffffcd7
     125345.000 ns	     12533	80002dc8	400a05b3	sub	x11,x20,x0	 x20:0x80041024  x0:0x00000000 x11=0x80041024
     125355.000 ns	     12534	80002dcc	00ad1413	slli	x8,x26,0xa	 x26:0x47f00000  x8=0xc0000000
     125375.000 ns	     12536	80002dd0	03941d33	mulh	x26,x8,x25	  x8:0x00000000 x25:0x0fd45000 x26=0xfc0aec00
     125405.000 ns	     12539	80002dd4	a14586d3	fle.s	x13,f11,f20	 f11:0xff800000 f20:0x00000000 x13=0x00000001
     125425.000 ns	     12541	80002dd8	6b501bb7	lui	x23,0x6b501	 x23=0x6b501000
     125435.000 ns	     12542	80002ddc	40430533	sub	x10,x6,x4	  x6:0x5e47f000  x4:0x00000000 x10=0x5e47f000
     125795.000 ns	     12578	80002de0	035c72b3	remu	x5,x24,x21	 x24:0x0cd227a0 x21:0x00000001  x5=0x00000000
     125835.000 ns	     12582	80002de4	10bbf5d3	fmul.s	f11,f23,f11	 f23:0x4d7d4500 f11:0xff800000 f11=0xff800000
     125865.000 ns	     12585	80002de8	028b12b3	mulh	x5,x22,x8	 x22:0x00000007  x8:0xc0000000  x5=0xfffffffe
     125885.000 ns	     12587	80002dec	00000013	addi	x0,x0,0	  x0:0x00000000
     126245.000 ns	     12623	80002df0	037be533	rem	x10,x23,x23	 x23:0x6b501000 x23:0x6b501000 x10=0x00000000
     126275.000 ns	     12626	80002df4	02842533	mulhsu	x10,x8,x8	  x8:0xc0000000  x8:0xc0000000 x10=0xd0000000
     126295.000 ns	     12628	80002df8	40db09b3	sub	x19,x22,x13	 x22:0x00000007 x13:0x00000001 x19=0x00000006
     126305.000 ns	     12629	80002dfc	0094e233	or	x4,x9,x9	  x9:0x00000001  x9:0x00000001  x4=0x00000001
     126315.000 ns	     12630	80002e00	79394493	xori	x9,x18,1939	 x18:0xffffffff  x9=0xfffff86c
     126335.000 ns	     12632	80002e04	02e391b3	mulh	x3,x7,x14	  x7:0xfffffcd7 x14:0x72cb4a24  x3=0xfffffe95
     126365.000 ns	     12635	80002e08	02c185b3	mul	x11,x3,x12	  x3:0x8931acf8 x12:0x00000000 x11=0x00000000
     126395.000 ns	     12638	80002e0c	03c620b3	mulhsu	x1,x12,x28	 x12:0x00000000 x28:0x8931acf7  x1=0x00000000
     126765.000 ns	     12675	80002e10	037159b3	divu	x19,x2,x23	  x2:0xfffffcd7 x23:0x6b501000 x19=0x00000002
     126795.000 ns	     12678	80002e14	03f90ab3	mul	x21,x18,x31	 x18:0xffffffff x31:0xfffffcd7 x21=0x00000329
     126815.000 ns	     12680	80002e18	00929033	sll	x0,x5,x9	  x5:0xfffffffe  x9:0xfffff86c
     126855.000 ns	     12684	80002e1c	09087c53	fsub.s	f24,f16,f16	 f16:0x7f800000 f16:0x7f800000 f24=0x80000000
     126895.000 ns	     12688	80002e20	10e0fb53	fmul.s	f22,f1,f14	  f1:0x4f800000 f14:0xcd7d4500 f22=0xdd7d4500
     126925.000 ns	     12691	80002e24	29fa9bd3	fmax.s	f23,f21,f31	 f21:0x4efff7e0 f31:0x80000000 f23=0x4efff7e0
     126955.000 ns	     12694	80002e28	a07f1d53	flt.s	x26,f30,f7	 f30:0x7f800000  f7:0x4d7d4500 x26=0x00000000
     126975.000 ns	     12696	80002e2c	41d9d413	srai	x8,x19,0x1d	 x19:0x00000002  x8=0x00000000
     127335.000 ns	     12732	80002e30	03d76e33	rem	x28,x14,x29	 x14:0x72cb4a24 x29:0x57dcb000 x28=0x1aee9a24
     127355.000 ns	     12734	80002e34	00c39db3	sll	x27,x7,x12	  x7:0xfffffcd7 x12:0x00000000 x27=0xfffffcd7
     127385.000 ns	     12737	80002e38	199f46d3	fdiv.s	f13,f30,f25	 f30:0x7f800000 f25:0xff800000 f13=0x7fc00000
     127405.000 ns	     12739	80002e3c	01dafab3	and	x21,x21,x29	 x21:0x00000329 x29:0x57dcb000 x21=0x00000000
     127425.000 ns	     12741	80002e40	e00006d3	fmv.x.w	x13,f0	  f0:0x3f38406e x13=0x3f38406e
     127445.000 ns	     12743	80002e44	014e9133	sll	x2,x29,x20	 x29:0x57dcb000 x20:0x80041024  x2=0x7dcb0000
     127455.000 ns	     12744	80002e48	005fc133	xor	x2,x31,x5	 x31:0xfffffcd7  x5:0xfffffffe  x2=0x00000329
     127475.000 ns	     12746	80002e4c	02b780b3	mul	x1,x15,x11	 x15:0x00000001 x11:0x00000000  x1=0x00000000
     127495.000 ns	     12748	80002e50	00d83533	sltu	x10,x16,x13	 x16:0x80040fe4 x13:0x3f38406e x10=0x00000000
     127515.000 ns	     12750	80002e54	a1eda6d3	feq.s	x13,f27,f30	 f27:0x00000000 f30:0x7f800000 x13=0x00000000
     127535.000 ns	     12752	80002e58	72d06293	ori	x5,x0,1837	  x0:0x00000000  x5=0x0000072d
     127545.000 ns	     12753	80002e5c	00000013	addi	x0,x0,0	  x0:0x00000000
     127575.000 ns	     12756	80002e60	580c3fd3	fsqrt.s	f31,f24	 f24:0x80000000 f31=0x80000000
     127605.000 ns	     12759	80002e64	e0079fd3	fclass.s	x31,f15	 f15:0x00000000 x31=0x00000010
     127625.000 ns	     12761	80002e68	01d823b3	slt	x7,x16,x29	 x16:0x80040fe4 x29:0x57dcb000  x7=0x00000001
     127635.000 ns	     12762	80002e6c	40cdd233	sra	x4,x27,x12	 x27:0xfffffcd7 x12:0x00000000  x4=0xfffffcd7
     127655.000 ns	     12764	80002e70	03cb9bb3	mulh	x23,x23,x28	 x23:0x6b501000 x28:0x1aee9a24 x23=0x0b4a26ac
     127675.000 ns	     12766	80002e74	409c5db3	sra	x27,x24,x9	 x24:0x0cd227a0  x9:0xfffff86c x27=0x0000cd22
     127685.000 ns	     12767	80002e78	01e5e1b3	or	x3,x11,x30	 x11:0x00000000 x30:0x00000000  x3=0x00000000
     127695.000 ns	     12768	80002e7c	dfbe3b93	sltiu	x23,x28,-517	 x28:0x1aee9a24 x23=0x00000001
     127715.000 ns	     12770	80002e80	a10e9c53	flt.s	x24,f29,f16	 f29:0x444a0000 f16:0x7f800000 x24=0x00000001
     127735.000 ns	     12772	80002e84	01b8d993	srli	x19,x17,0x1b	 x17:0x00000001 x19=0x00000000
     127745.000 ns	     12773	80002e88	3a9c3893	sltiu	x17,x24,937	 x24:0x00000001 x17=0x00000001
     127765.000 ns	     12775	80002e8c	c0109fd3	fcvt.wu.s	x31,f1	  f1:0x4f800000 x31=0x00000000
     127785.000 ns	     12777	80002e90	405d0e33	sub	x28,x26,x5	 x26:0x00000000  x5:0x0000072d x28=0xfffff8d3
     127795.000 ns	     12778	80002e94	f38245b7	lui	x11,0xf3824	 x11=0xf3824000
     127805.000 ns	     12779	80002e98	00515d93	srli	x27,x2,0x5	  x2:0x00000329 x27=0x00000019
     127825.000 ns	     12781	80002e9c	c00bb053	fcvt.w.s	x0,f23	 f23:0x4efff7e0
     127845.000 ns	     12783	80002ea0	401a55b3	sra	x11,x20,x1	 x20:0x80041024  x1:0x00000000 x11=0x80041024
     127885.000 ns	     12787	80002ea4	0084fd53	fadd.s	f26,f9,f8	  f9:0x7f800000  f8:0xcd0f9000 f26=0x7f800000
     127905.000 ns	     12789	80002ea8	00000013	addi	x0,x0,0	  x0:0x00000000
     127935.000 ns	     12792	80002eac	192d34d3	fdiv.s	f9,f26,f18	 f26:0x7f800000 f18:0x00000000  f9=0x7f800000
     127955.000 ns	     12794	80002eb0	01201393	slli	x7,x0,0x12	  x0:0x00000000  x7=0x00000000
     127975.000 ns	     12796	80002eb4	20d7a853	fsgnjx.s	f16,f15,f13	 f15:0x00000000 f13:0x7fc00000 f16=0x00000000
     128005.000 ns	     12799	80002eb8	f00c85d3	fmv.w.x	f11,x25	 x25:0x0fd45000 f11=0x0fd45000
     128035.000 ns	     12802	80002ebc	d00e7553	fcvt.s.w	f10,x28	 x28:0xfffff8d3 f10=0xc4e5a000
     128085.000 ns	     12807	80002ec0	0193b053	fadd.s	f0,f7,f25	  f7:0x4d7d4500 f25:0xff800000  f0=0xff800000
     128115.000 ns	     12810	80002ec4	028ac033	div	x0,x21,x8	 x21:0x00000000  x8:0x00000000
     129295.000 ns	     12928	80002ec8	5800a7d3	fsqrt.s	f15,f1	  f1:0x4f800000 f15=0x477fffae
     129315.000 ns	     12930	80002ecc	20d93413	sltiu	x8,x18,525	 x18:0xffffffff  x8=0x00000000
     129335.000 ns	     12932	80002ed0	e0078ad3	fmv.x.w	x21,f15	 f15:0x477fffae x21=0x477fffae
     129705.000 ns	     12969	80002ed4	037cecb3	rem	x25,x25,x23	 x25:0x0fd45000 x23:0x00000001 x25=0x00000000
     129725.000 ns	     12971	80002ed8	008f9293	slli	x5,x31,0x8	 x31:0x00000000  x5=0x00000000
     129735.000 ns	     12972	80002edc	0b7b4d13	xori	x26,x22,183	 x22:0x00000007 x26=0x000000b0
     130905.000 ns	     13089	80002ee0	5809ff53	fsqrt.s	f30,f19	 f19:0x44eec000 f30=0x422ed069
     130925.000 ns	     13091	80002ee4	0084dc13	srli	x24,x9,0x8	  x9:0xfffff86c x24=0x00fffff8
     130945.000 ns	     13093	80002ee8	21279bd3	fsgnjn.s	f23,f15,f18	 f15:0x477fffae f18:0x00000000 f23=0xc77fffae
     130975.000 ns	     13096	80002eec	e0088553	fmv.x.w	x10,f17	 f17:0x00000000 x10=0x00000000
     131005.000 ns	     13099	80002ef0	20318153	fsgnj.s	f2,f3,f3	  f3:0x7f800000  f3:0x7f800000  f2=0x7f800000
     131045.000 ns	     13103	80002ef4	580974d3	fsqrt.s	f9,f18	 f18:0x00000000  f9=0x00000000
     131075.000 ns	     13106	80002ef8	030ebbb3	mulhu	x23,x29,x16	 x29:0x57dcb000 x16:0x80040fe4 x23=0x2befbce6
     131095.000 ns	     13108	80002efc	4b656597	auipc	x11,0x4b656	 x11=0xcb658efc
     131105.000 ns	     13109	80002f00	01ac74b3	and	x9,x24,x26	 x24:0x00fffff8 x26:0x000000b0  x9=0x000000b0
     131125.000 ns	     13111	80002f04	c0197c53	fcvt.wu.s	x24,f18	 f18:0x00000000 x24=0x00000000
     131155.000 ns	     13114	80002f08	20e58553	fsgnj.s	f10,f11,f14	 f11:0x0fd45000 f14:0xcd7d4500 f10=0x8fd45000
     131175.000 ns	     13116	80002f0c	d360bf97	auipc	x31,0xd360b	 x31=0x5360df0c
     131185.000 ns	     13117	80002f10	009d77b3	and	x15,x26,x9	 x26:0x000000b0  x9:0x000000b0 x15=0x000000b0
     131195.000 ns	     13118	80002f14	63c125b7	lui	x11,0x63c12	 x11=0x63c12000
     131215.000 ns	     13120	80002f18	a13e2153	feq.s	x2,f28,f19	 f28:0xff800000 f19:0x44eec000  x2=0x00000000
     131245.000 ns	     13123	80002f1c	d01f2153	fcvt.s.wu	f2,x30	 x30:0x00000000  f2=0x00000000
     131265.000 ns	     13125	80002f20	014d5513	srli	x10,x26,0x14	 x26:0x000000b0 x10=0x00000000
     131285.000 ns	     13127	80002f24	e0001553	fclass.s	x10,f0	  f0:0xff800000 x10=0x00000001
     131315.000 ns	     13130	80002f28	0333de33	divu	x28,x7,x19	  x7:0x00000000 x19:0x00000000 x28=0xffffffff
     131335.000 ns	     13132	80002f2c	53327913	andi	x18,x4,1331	  x4:0xfffffcd7 x18=0x00000413
     131345.000 ns	     13133	80002f30	4a9bc513	xori	x10,x23,1193	 x23:0x2befbce6 x10=0x2befb84f
     131355.000 ns	     13134	80002f34	01079693	slli	x13,x15,0x10	 x15:0x000000b0 x13=0x00b00000
     131715.000 ns	     13170	80002f38	032bcbb3	div	x23,x23,x18	 x23:0x2befbce6 x18:0x00000413 x23=0x000ac8b5
     131745.000 ns	     13173	80002f3c	a15e2253	feq.s	x4,f28,f21	 f28:0xff800000 f21:0x4efff7e0  x4=0x00000000
     131775.000 ns	     13176	80002f40	021d6633	rem	x12,x26,x1	 x26:0x000000b0  x1:0x00000000 x12=0x000000b0
     131795.000 ns	     13178	80002f44	01598793	addi	x15,x19,21	 x19:0x00000000 x15=0x00000015
     131805.000 ns	     13179	80002f48	0113bb33	sltu	x22,x7,x17	  x7:0x00000000 x17:0x00000001 x22=0x00000001
     131835.000 ns	     13182	80002f4c	10b88f53	fmul.s	f30,f17,f11	 f17:0x00000000 f11:0x0fd45000 f30=0x00000000
     132205.000 ns	     13219	80002f50	02ded1b3	divu	x3,x29,x13	 x29:0x57dcb000 x13:0x00b00000  x3=0x0000007f
     132225.000 ns	     13221	80002f54	0053db93	srli	x23,x7,0x5	  x7:0x00000000 x23=0x00000000
     132245.000 ns	     13223	80002f58	c00cff53	fcvt.w.s	x30,f25	 f25:0xff800000 x30=0x80000000
     133425.000 ns	     13341	80002f5c	5800c2d3	fsqrt.s	f5,f1	  f1:0x4f800000  f5=0x477fffae
     133445.000 ns	     13343	80002f60	41e307b3	sub	x15,x6,x30	  x6:0x5e47f000 x30:0x80000000 x15=0xde47f000
     133485.000 ns	     13347	80002f64	00a43553	fadd.s	f10,f8,f10	  f8:0xcd0f9000 f10:0x8fd45000 f10=0xcd0f9000
     133505.000 ns	     13349	80002f68	14ea6b13	ori	x22,x20,334	 x20:0x80041024 x22=0x8004116e
     133515.000 ns	     13350	80002f6c	01432ab3	slt	x21,x6,x20	  x6:0x5e47f000 x20:0x80041024 x21=0x00000000
     133525.000 ns	     13351	80002f70	78336b13	ori	x22,x6,1923	  x6:0x5e47f000 x22=0x5e47f783
     133535.000 ns	     13352	80002f74	019a5633	srl	x12,x20,x25	 x20:0x80041024 x25:0x00000000 x12=0x80041024
     133555.000 ns	     13354	80002f78	c01a26d3	fcvt.wu.s	x13,f20	 f20:0x00000000 x13=0x00000000
     133575.000 ns	     13356	80002f7c	00eccb33	xor	x22,x25,x14	 x25:0x00000000 x14:0x72cb4a24 x22=0x72cb4a24
     133605.000 ns	     13359	80002f80	19fe4953	fdiv.s	f18,f28,f31	 f28:0xff800000 f31:0x80000000 f18=0x7f800000
     133625.000 ns	     13361	80002f84	01bac633	xor	x12,x21,x27	 x21:0x00000000 x27:0x00000019 x12=0x00000019
     133645.000 ns	     13363	80002f88	020a5e33	divu	x28,x20,x0	 x20:0x80041024  x0:0x00000000 x28=0xffffffff
     133665.000 ns	     13365	80002f8c	00000013	addi	x0,x0,0	  x0:0x00000000
     133685.000 ns	     13367	80002f90	a085a953	feq.s	x18,f11,f8	 f11:0x0fd45000  f8:0xcd0f9000 x18=0x00000000
     133715.000 ns	     13370	80002f94	02d28b33	mul	x22,x5,x13	  x5:0x00000000 x13:0x00000000 x22=0x00000000
     133745.000 ns	     13373	80002f98	a1d916d3	flt.s	x13,f18,f29	 f18:0x7f800000 f29:0x444a0000 x13=0x00000000
     133765.000 ns	     13375	80002f9c	00b3d533	srl	x10,x7,x11	  x7:0x00000000 x11:0x63c12000 x10=0x00000000
     133785.000 ns	     13377	80002fa0	037572b3	remu	x5,x10,x23	 x10:0x2befb84f x23:0x00000000  x5=0x00000000
     133815.000 ns	     13380	80002fa4	f0018c53	fmv.w.x	f24,x3	  x3:0x0000007f f24=0x0000007f
     133835.000 ns	     13382	80002fa8	41e50e33	sub	x28,x10,x30	 x10:0x00000000 x30:0x80000000 x28=0x80000000
     133855.000 ns	     13384	80002fac	02aa80b3	mul	x1,x21,x10	 x21:0x00000000 x10:0x00000000  x1=0x00000000
     133875.000 ns	     13386	80002fb0	315ec513	xori	x10,x29,789	 x29:0x57dcb000 x10=0x57dcb315
     134205.000 ns	     13419	80002fb4	1983c7d3	fdiv.s	f15,f7,f24	  f7:0x4d7d4500 f24:0x0000007f f15=0x7f800000
     134575.000 ns	     13456	80002fb8	02f360b3	rem	x1,x6,x15	  x6:0x5e47f000 x15:0xde47f000  x1=0x1ad7d000
     134605.000 ns	     13459	80002fbc	283e8653	fmin.s	f12,f29,f3	 f29:0x444a0000  f3:0x7f800000 f12=0x444a0000
     134635.000 ns	     13462	80002fc0	29dd13d3	fmax.s	f7,f26,f29	 f26:0x7f800000 f29:0x444a0000  f7=0x7f800000
     134665.000 ns	     13465	80002fc4	c0020bd3	fcvt.w.s	x23,f4	  f4:0x00000000 x23=0x00000000
     134705.000 ns	     13469	80002fc8	10b57e53	fmul.s	f28,f10,f11	 f10:0xcd0f9000 f11:0x0fd45000 f28=0x9d6e203a
     134735.000 ns	     13472	80002fcc	21c41ad3	fsgnjn.s	f21,f8,f28	  f8:0xcd0f9000 f28:0xff800000 f21=0x4d0f9000
     134765.000 ns	     13475	80002fd0	f00986d3	fmv.w.x	f13,x19	 x19:0x00000000 f13=0x00000000
     134795.000 ns	     13478	80002fd4	c01bf7d3	fcvt.wu.s	x15,f23	 f23:0xc77fffae x15=0x0000ffff
     134815.000 ns	     13480	80002fd8	402e03b3	sub	x7,x28,x2	 x28:0x80000000  x2:0x00000000  x7=0x80000000
     134845.000 ns	     13483	80002fdc	184b39d3	fdiv.s	f19,f22,f4	 f22:0xdd7d4500  f4:0x00000000 f19=0xff800000
     134875.000 ns	     13486	80002fe0	c0177d53	fcvt.wu.s	x26,f14	 f14:0xcd7d4500 x26=0x0fd45000
     134895.000 ns	     13488	80002fe4	4075dc93	srai	x25,x11,0x7	 x11:0x63c12000 x25=0x00c78240
     134905.000 ns	     13489	80002fe8	00be4bb3	xor	x23,x28,x11	 x28:0x80000000 x11:0x63c12000 x23=0xe3c12000
     134915.000 ns	     13490	80002fec	00000013	addi	x0,x0,0	  x0:0x00000000
     134925.000 ns	     13491	80002ff0	00a9fb33	and	x22,x19,x10	 x19:0x00000000 x10:0x57dcb315 x22=0x00000000
     134945.000 ns	     13493	80002ff4	025cdbb3	divu	x23,x25,x5	 x25:0x00c78240  x5:0x00000000 x23=0xffffffff
     134975.000 ns	     13496	80002ff8	21c12b53	fsgnjx.s	f22,f2,f28	  f2:0x00000000 f28:0x9d6e203a f22=0x80000000
     134995.000 ns	     13498	80002ffc	000ad5b3	srl	x11,x21,x0	 x21:0x00000000  x0:0x00000000 x11=0x00000000
     135005.000 ns	     13499	80003000	004a5e13	srli	x28,x20,0x4	 x20:0x80041024 x28=0x08004102
     135025.000 ns	     13501	80003004	d00e78d3	fcvt.s.w	f17,x28	 x28:0x80000000 f17=0x4d000410
     135075.000 ns	     13506	80003008	005b7753	fadd.s	f14,f22,f5	 f22:0x80000000  f5:0x477fffae f14=0x477fffae
     135095.000 ns	     13508	8000300c	010cdc33	srl	x24,x25,x16	 x25:0x00c78240 x16:0x80040fe4 x24=0x000c7824
     135115.000 ns	     13510	80003010	f00081d3	fmv.w.x	f3,x1	  x1:0x1ad7d000  f3=0x1ad7d000
     135485.000 ns	     13547	80003014	034248b3	div	x17,x4,x20	  x4:0x00000000 x20:0x80041024 x17=0x00000000
     135515.000 ns	     13550	80003018	a0611bd3	flt.s	x23,f2,f6	  f2:0x00000000  f6:0x00000000 x23=0x00000000
     135545.000 ns	     13553	8000301c	a1aa1153	flt.s	x2,f20,f26	 f20:0x00000000 f26:0x7f800000  x2=0x00000001
     135575.000 ns	     13556	80003020	03506433	rem	x8,x0,x21	  x0:0x00000000 x21:0x00000000  x8=0x00000000
     135625.000 ns	     13561	80003024	08611e53	fsub.s	f28,f2,f6	  f2:0x00000000  f6:0x00000000 f28=0x80000000
     135645.000 ns	     13563	80003028	4082d393	srai	x7,x5,0x8	  x5:0x00000000  x7=0x00000000
     136005.000 ns	     13599	8000302c	02e64d33	div	x26,x12,x14	 x12:0x00000019 x14:0x72cb4a24 x26=0x00000000
     136025.000 ns	     13601	80003030	01415d13	srli	x26,x2,0x14	  x2:0x00000001 x26=0x00000000
     136035.000 ns	     13602	80003034	006e66b3	or	x13,x28,x6	 x28:0x08004102  x6:0x5e47f000 x13=0x5e47f102
     136395.000 ns	     13638	80003038	0341ccb3	div	x25,x3,x20	  x3:0x0000007f x20:0x80041024 x25=0x00000000
     136415.000 ns	     13640	8000303c	013ef2b3	and	x5,x29,x19	 x29:0x57dcb000 x19:0x00000000  x5=0x00000000
     136435.000 ns	     13642	80003040	03febdb3	mulhu	x27,x29,x31	 x29:0x57dcb000 x31:0x5360df0c x27=0x1c9dcc5f
     136485.000 ns	     13647	80003044	082c7153	fsub.s	f2,f24,f2	 f24:0x0000007f  f2:0x00000000  f2=0x0000007f
     136505.000 ns	     13649	80003048	e1b77413	andi	x8,x14,-485	 x14:0x72cb4a24  x8=0x72cb4a00
     136515.000 ns	     13650	8000304c	015cccb3	xor	x25,x25,x21	 x25:0x00000000 x21:0x00000000 x25=0x00000000
     136525.000 ns	     13651	80003050	00000013	addi	x0,x0,0	  x0:0x00000000
     136545.000 ns	     13653	80003054	207a99d3	fsgnjn.s	f19,f21,f7	 f21:0x4d0f9000  f7:0x7f800000 f19=0xcd0f9000
     136565.000 ns	     13655	80003058	00e75d33	srl	x26,x14,x14	 x14:0x72cb4a24 x14:0x72cb4a24 x26=0x072cb4a2
     136575.000 ns	     13656	8000305c	01c25cb3	srl	x25,x4,x28	  x4:0x00000000 x28:0x08004102 x25=0x00000000
     136595.000 ns	     13658	80003060	a1459253	flt.s	x4,f11,f20	 f11:0x0fd45000 f20:0x00000000  x4=0x00000000
     136625.000 ns	     13661	80003064	c01f93d3	fcvt.wu.s	x7,f31	 f31:0x80000000  x7=0x00000000
     136655.000 ns	     13664	80003068	0231b633	mulhu	x12,x3,x3	  x3:0x0000007f  x3:0x0000007f x12=0x00000000
     136685.000 ns	     13667	8000306c	c0141f53	fcvt.wu.s	x30,f8	  f8:0xcd0f9000 x30=0x08f90000
     136715.000 ns	     13670	80003070	c0112ad3	fcvt.wu.s	x21,f2	  f2:0x0000007f x21=0x00000000
     136745.000 ns	     13673	80003074	d00ff053	fcvt.s.w	f0,x31	 x31:0x5360df0c  f0=0x4ea6c1be
     136765.000 ns	     13675	80003078	a22f8c37	lui	x24,0xa22f8	 x24=0xa22f8000
     136785.000 ns	     13677	8000307c	28ec0cd3	fmin.s	f25,f24,f14	 f24:0x0000007f f14:0x477fffae f25=0x0000007f
     136805.000 ns	     13679	80003080	96308e13	addi	x28,x1,-1693	  x1:0x1ad7d000 x28=0x1ad7c963
     136825.000 ns	     13681	80003084	c000fcd3	fcvt.w.s	x25,f1	  f1:0x4f800000 x25=0x7fffffff
     136855.000 ns	     13684	80003088	203915d3	fsgnjn.s	f11,f18,f3	 f18:0x7f800000  f3:0x1ad7d000 f11=0xff800000
     136895.000 ns	     13688	8000308c	10a93bd3	fmul.s	f23,f18,f10	 f18:0x7f800000 f10:0xcd0f9000 f23=0xff800000
     136915.000 ns	     13690	80003090	41295db3	sra	x27,x18,x18	 x18:0x00000000 x18:0x00000000 x27=0x00000000
     136945.000 ns	     13693	80003094	10c5f9d3	fmul.s	f19,f11,f12	 f11:0xff800000 f12:0x444a0000 f19=0xff800000
     136965.000 ns	     13695	80003098	01de5b13	srli	x22,x28,0x1d	 x28:0x1ad7c963 x22=0x00000000
     136985.000 ns	     13697	8000309c	29449fd3	fmax.s	f31,f9,f20	  f9:0x00000000 f20:0x00000000 f31=0x00000000
     137015.000 ns	     13700	800030a0	f0098353	fmv.w.x	f6,x19	 x19:0x00000000  f6=0x00000000
     137045.000 ns	     13703	800030a4	20bbadd3	fsgnjx.s	f27,f23,f11	 f23:0xff800000 f11:0xff800000 f27=0x7f800000
     137065.000 ns	     13705	800030a8	0080e4b3	or	x9,x1,x8	  x1:0x1ad7d000  x8:0x72cb4a00  x9=0x7adfda00
     137075.000 ns	     13706	800030ac	00fda333	slt	x6,x27,x15	 x27:0x00000000 x15:0x0000ffff  x6=0x00000001
     137085.000 ns	     13707	800030b0	007c1493	slli	x9,x24,0x7	 x24:0xa22f8000  x9=0x17c00000
     137445.000 ns	     13743	800030b4	03f7dab3	divu	x21,x15,x31	 x15:0x0000ffff x31:0x5360df0c x21=0x00000000
     137465.000 ns	     13745	800030b8	00d6c333	xor	x6,x13,x13	 x13:0x5e47f102 x13:0x5e47f102  x6=0x00000000
     137485.000 ns	     13747	800030bc	02475d33	divu	x26,x14,x4	 x14:0x72cb4a24  x4:0x00000000 x26=0xffffffff
     137515.000 ns	     13750	800030c0	0363bdb3	mulhu	x27,x7,x22	  x7:0x00000000 x22:0x00000000 x27=0x00000000
     137535.000 ns	     13752	800030c4	69feeb13	ori	x22,x29,1695	 x29:0x57dcb000 x22=0x57dcb69f
     137545.000 ns	     13753	800030c8	e6824193	xori	x3,x4,-408	  x4:0x00000000  x3=0xfffffe68
     137555.000 ns	     13754	800030cc	d78e3f13	sltiu	x30,x28,-648	 x28:0x1ad7c963 x30=0x00000001
     137565.000 ns	     13755	800030d0	0057dab3	srl	x21,x15,x5	 x15:0x0000ffff  x5:0x00000000 x21=0x0000ffff
     137585.000 ns	     13757	800030d4	a05dadd3	feq.s	x27,f27,f5	 f27:0x7f800000  f5:0x477fffae x27=0x00000000
     137605.000 ns	     13759	800030d8	d6110a93	addi	x21,x2,-671	  x2:0x00000001 x21=0xfffffd62
     137615.000 ns	     13760	800030dc	a6d20c93	addi	x25,x4,-1427	  x4:0x00000000 x25=0xfffffa6d
     137625.000 ns	     13761	800030e0	c1f6f597	auipc	x11,0xc1f6f	 x11=0x41f720e0
     137665.000 ns	     13765	800030e4	00c73d53	fadd.s	f26,f14,f12	 f14:0x477fffae f12:0x444a0000 f26=0x478193d7
     137685.000 ns	     13767	800030e8	adfecbb7	lui	x23,0xadfec	 x23=0xadfec000
     137695.000 ns	     13768	800030ec	00b210b3	sll	x1,x4,x11	  x4:0x00000000 x11:0x41f720e0  x1=0x00000000
     137705.000 ns	     13769	800030f0	41965133	sra	x2,x12,x25	 x12:0x00000000 x25:0xfffffa6d  x2=0x00000000
     138065.000 ns	     13805	800030f4	03734c33	div	x24,x6,x23	  x6:0x00000000 x23:0xadfec000 x24=0x00000000
     138085.000 ns	     13807	800030f8	457aa093	slti	x1,x21,1111	 x21:0xfffffd62  x1=0x00000001
     138105.000 ns	     13809	800030fc	03d0bc33	mulhu	x24,x1,x29	  x1:0x00000000 x29:0x57dcb000 x24=0x00000000
     138145.000 ns	     13813	80003100	117ef053	fmul.s	f0,f29,f23	 f29:0x444a0000 f23:0xff800000  f0=0xff800000
     138175.000 ns	     13816	80003104	c011c253	fcvt.wu.s	x4,f3	  f3:0x1ad7d000  x4=0x00000000
     138195.000 ns	     13818	80003108	3693aa93	slti	x21,x7,873	  x7:0x00000000 x21=0x00000001
     138205.000 ns	     13819	8000310c	00000013	addi	x0,x0,0	  x0:0x00000000
     138215.000 ns	     13820	80003110	0001dd13	srli	x26,x3,0x0	  x3:0xfffffe68 x26=0xfffffe68
     138225.000 ns	     13821	80003114	411b5d13	srai	x26,x22,0x11	 x22:0x57dcb69f x26=0x00002bee
     138245.000 ns	     13823	80003118	d0168dd3	fcvt.s.wu	f27,x13	 x13:0x5e47f102 f27=0x4ebc8fe2
     138275.000 ns	     13826	8000311c	f00f8853	fmv.w.x	f16,x31	 x31:0x5360df0c f16=0x5360df0c
     138295.000 ns	     13828	80003120	0046e0b3	or	x1,x13,x4	 x13:0x5e47f102  x4:0x00000000  x1=0x5e47f102
     138315.000 ns	     13830	80003124	d002f9d3	fcvt.s.w	f19,x5	  x5:0x00000000 f19=0x00000000
     138335.000 ns	     13832	80003128	55347f93	andi	x31,x8,1363	  x8:0x72cb4a00 x31=0x00000000
     138355.000 ns	     13834	8000312c	03c72533	mulhsu	x10,x14,x28	 x14:0x72cb4a24 x28:0x1ad7c963 x10=0x0c096890
     138375.000 ns	     13836	80003130	3e5e3113	sltiu	x2,x28,997	 x28:0x1ad7c963  x2=0x00000000
     138385.000 ns	     13837	80003134	0196d9b3	srl	x19,x13,x25	 x13:0x5e47f102 x25:0xfffffa6d x19=0x0002f23f
     138405.000 ns	     13839	80003138	0247f9b3	remu	x19,x15,x4	 x15:0x0000ffff  x4:0x00000000 x19=0x0000ffff
     138435.000 ns	     13842	8000313c	039e87b3	mul	x15,x29,x25	 x29:0x57dcb000 x25:0xfffffa6d x15=0x3cd6f000
     138455.000 ns	     13844	80003140	f2c12013	slti	x0,x2,-212	  x2:0x00000000
     138465.000 ns	     13845	80003144	40240bb3	sub	x23,x8,x2	  x8:0x72cb4a00  x2:0x00000000 x23=0x72cb4a00
     138485.000 ns	     13847	80003148	c0102b53	fcvt.wu.s	x22,f0	  f0:0xff800000 x22=0x00000000
     138535.000 ns	     13852	8000314c	005fae53	fadd.s	f28,f31,f5	 f31:0x00000000  f5:0x477fffae f28=0x477fffae
     138565.000 ns	     13855	80003150	03ed29b3	mulhsu	x19,x26,x30	 x26:0x00002bee x30:0x00000001 x19=0x00000000
     138585.000 ns	     13857	80003154	2e4f4693	xori	x13,x30,740	 x30:0x00000001 x13=0x000002e5
     138605.000 ns	     13859	80003158	0339a3b3	mulhsu	x7,x19,x19	 x19:0x00000000 x19:0x00000000  x7=0x00000000
     138635.000 ns	     13862	8000315c	036f9933	mulh	x18,x31,x22	 x31:0x00000000 x22:0x00000000 x18=0x00000000
     138655.000 ns	     13864	80003160	94d68c13	addi	x24,x13,-1715	 x13:0x000002e5 x24=0xfffffc32
     138675.000 ns	     13866	80003164	d01074d3	fcvt.s.wu	f9,x0	  x0:0x00000000  f9=0x00000000
     138725.000 ns	     13871	80003168	01d578d3	fadd.s	f17,f10,f29	 f10:0xcd0f9000 f29:0x444a0000 f17=0xcd0f8fcd
     138755.000 ns	     13874	8000316c	c006c453	fcvt.w.s	x8,f13	 f13:0x00000000  x8=0x00000000
     138785.000 ns	     13877	80003170	2084abd3	fsgnjx.s	f23,f9,f8	  f9:0x00000000  f8:0xcd0f9000 f23=0x80000000
     138805.000 ns	     13879	80003174	00d09113	slli	x2,x1,0xd	  x1:0x5e47f102  x2=0xfe204000
     138815.000 ns	     13880	80003178	019fdbb3	srl	x23,x31,x25	 x31:0x00000000 x25:0xfffffa6d x23=0x00000000
     138825.000 ns	     13881	8000317c	416fd113	srai	x2,x31,0x16	 x31:0x00000000  x2=0x00000000
     138835.000 ns	     13882	80003180	aeeef693	andi	x13,x29,-1298	 x29:0x57dcb000 x13=0x57dcb000
     138855.000 ns	     13884	80003184	a1df00d3	fle.s	x1,f30,f29	 f30:0x00000000 f29:0x444a0000  x1=0x00000001
     138885.000 ns	     13887	80003188	037c5433	divu	x8,x24,x23	 x24:0xfffffc32 x23:0x00000000  x8=0xffffffff
     138915.000 ns	     13890	8000318c	031071b3	remu	x3,x0,x17	  x0:0x00000000 x17:0x00000000  x3=0x00000000
     138935.000 ns	     13892	80003190	00b91ab3	sll	x21,x18,x11	 x18:0x00000000 x11:0x41f720e0 x21=0x00000000
     138955.000 ns	     13894	80003194	c01f24d3	fcvt.wu.s	x9,f30	 f30:0x00000000  x9=0x00000000
     138975.000 ns	     13896	80003198	01495113	srli	x2,x18,0x14	 x18:0x00000000  x2=0x00000000
     139015.000 ns	     13900	8000319c	0987f8d3	fsub.s	f17,f15,f24	 f15:0x7f800000 f24:0x0000007f f17=0x7f800000
     139035.000 ns	     13902	800031a0	01260b33	add	x22,x12,x18	 x12:0x00000000 x18:0x00000000 x22=0x00000000
     139055.000 ns	     13904	800031a4	c0053cd3	fcvt.w.s	x25,f10	 f10:0xcd0f9000 x25=0xf7070000
     139085.000 ns	     13907	800031a8	20b69753	fsgnjn.s	f14,f13,f11	 f13:0x00000000 f11:0xff800000 f14=0x00000000
     139105.000 ns	     13909	800031ac	d71c4cb7	lui	x25,0xd71c4	 x25=0xd71c4000
     139145.000 ns	     13913	800031b0	09e423d3	fsub.s	f7,f8,f30	  f8:0xcd0f9000 f30:0x00000000  f7=0xcd0f9000
     139515.000 ns	     13950	800031b4	02ededb3	rem	x27,x27,x14	 x27:0x00000000 x14:0x72cb4a24 x27=0x00000000
     139535.000 ns	     13952	800031b8	41fc0bb3	sub	x23,x24,x31	 x24:0xfffffc32 x31:0x00000000 x23=0xfffffc32
     139555.000 ns	     13954	800031bc	2080acd3	fsgnjx.s	f25,f1,f8	  f1:0x4f800000  f8:0xcd0f9000 f25=0xcf800000
     139585.000 ns	     13957	800031c0	020e9333	mulh	x6,x29,x0	 x29:0x57dcb000  x0:0x00000000  x6=0x00000000
     139955.000 ns	     13994	800031c4	030df333	remu	x6,x27,x16	 x27:0x00000000 x16:0x80040fe4  x6=0x00000000
     139975.000 ns	     13996	800031c8	0cfd6213	ori	x4,x26,207	 x26:0x00002bee  x4=0x00002bef
     139985.000 ns	     13997	800031cc	0169c7b3	xor	x15,x19,x22	 x19:0x00000000 x22:0x00000000 x15=0x00000000
     139995.000 ns	     13998	800031d0	402701b3	sub	x3,x14,x2	 x14:0x72cb4a24  x2:0x00000000  x3=0x72cb4a24
     140015.000 ns	     14000	800031d4	c01508d3	fcvt.wu.s	x17,f10	 f10:0xcd0f9000 x17=0x08f90000
     140045.000 ns	     14003	800031d8	212d9153	fsgnjn.s	f2,f27,f18	 f27:0x4ebc8fe2 f18:0x7f800000  f2=0xcebc8fe2
     140075.000 ns	     14006	800031dc	c0193dd3	fcvt.wu.s	x27,f18	 f18:0x7f800000 x27=0xffffffff
     140105.000 ns	     14009	800031e0	a0cdad53	feq.s	x26,f27,f12	 f27:0x4ebc8fe2 f12:0x444a0000 x26=0x00000000
     140125.000 ns	     14011	800031e4	40815913	srai	x18,x2,0x8	  x2:0x00000000 x18=0x00000000
     140135.000 ns	     14012	800031e8	01fe2933	slt	x18,x28,x31	 x28:0x1ad7c963 x31:0x00000000 x18=0x00000000
     140155.000 ns	     14014	800031ec	d0017653	fcvt.s.w	f12,x2	  x2:0x00000000 f12=0x00000000
     140185.000 ns	     14017	800031f0	f00d8353	fmv.w.x	f6,x27	 x27:0xffffffff  f6=0xffffffff
     140205.000 ns	     14019	800031f4	01323f33	sltu	x30,x4,x19	  x4:0x00002bef x19:0x00000000 x30=0x00000000
     140225.000 ns	     14021	800031f8	e00b8f53	fmv.x.w	x30,f23	 f23:0x80000000 x30=0x80000000
     140265.000 ns	     14025	800031fc	19d97b53	fdiv.s	f22,f18,f29	 f18:0x7f800000 f29:0x444a0000 f22=0x7f800000
     140295.000 ns	     14028	80003200	029fef33	rem	x30,x31,x9	 x31:0x00000000  x9:0x00000000 x30=0x00000000
     140325.000 ns	     14031	80003204	e0008d53	fmv.x.w	x26,f1	  f1:0x4f800000 x26=0x4f800000
     140345.000 ns	     14033	80003208	da8bb317	auipc	x6,0xda8bb	  x6=0x5a8be208
     140385.000 ns	     14037	8000320c	0160f3d3	fadd.s	f7,f1,f22	  f1:0x4f800000 f22:0x7f800000  f7=0x7f800000
     140415.000 ns	     14040	80003210	20fb24d3	fsgnjx.s	f9,f22,f15	 f22:0x7f800000 f15:0x7f800000  f9=0x7f800000
     140435.000 ns	     14042	80003214	015e1793	slli	x15,x28,0x15	 x28:0x1ad7c963 x15=0x2c600000
     140475.000 ns	     14046	80003218	003cf553	fadd.s	f10,f25,f3	 f25:0xcf800000  f3:0x1ad7d000 f10=0xcf800000
     140515.000 ns	     14050	8000321c	11b47b53	fmul.s	f22,f8,f27	  f8:0xcd0f9000 f27:0x4ebc8fe2 f22=0xdc537ce0
     140545.000 ns	     14053	80003220	e0068cd3	fmv.x.w	x25,f13	 f13:0x00000000 x25=0x00000000
     140565.000 ns	     14055	80003224	00ef67b3	or	x15,x30,x14	 x30:0x00000000 x14:0x72cb4a24 x15=0x72cb4a24
     140585.000 ns	     14057	80003228	206b09d3	fsgnj.s	f19,f22,f6	 f22:0xdc537ce0  f6:0xffffffff f19=0xdc537ce0
     140615.000 ns	     14060	8000322c	03121f33	mulh	x30,x4,x17	  x4:0x00002bef x17:0x08f90000 x30=0x0000018a
     140635.000 ns	     14062	80003230	56af8793	addi	x15,x31,1386	 x31:0x00000000 x15=0x0000056a
     140655.000 ns	     14064	80003234	c0179d53	fcvt.wu.s	x26,f15	 f15:0x7f800000 x26=0xffffffff
     140675.000 ns	     14066	80003238	1ab4c8b7	lui	x17,0x1ab4c	 x17=0x1ab4c000
     141035.000 ns	     14102	8000323c	038976b3	remu	x13,x18,x24	 x18:0x00000000 x24:0xfffffc32 x13=0x00000000
     141075.000 ns	     14106	80003240	10cc3c53	fmul.s	f24,f24,f12	 f24:0x0000007f f12:0x00000000 f24=0x00000000
     141115.000 ns	     14110	80003244	11a8fbd3	fmul.s	f23,f17,f26	 f17:0x7f800000 f26:0x478193d7 f23=0x7f800000
     141135.000 ns	     14112	80003248	bf532393	slti	x7,x6,-1035	  x6:0x5a8be208  x7=0x00000000
     142305.000 ns	     14229	8000324c	580877d3	fsqrt.s	f15,f16	 f16:0x5360df0c f15=0x491f020b
     142335.000 ns	     14232	80003250	2082a0d3	fsgnjx.s	f1,f5,f8	  f5:0x477fffae  f8:0xcd0f9000  f1=0xc77fffae
     142355.000 ns	     14234	80003254	8cb73c17	auipc	x24,0x8cb73	 x24=0x0cb76254
     142385.000 ns	     14237	80003258	11a47953	fmul.s	f18,f8,f26	  f8:0xcd0f9000 f26:0x478193d7 f18=0xd51154f0
     142405.000 ns	     14239	8000325c	fad5b593	sltiu	x11,x11,-83	 x11:0x41f720e0 x11=0x00000001
     142415.000 ns	     14240	80003260	012b5393	srli	x7,x22,0x12	 x22:0x00000000  x7=0x00000000
     142435.000 ns	     14242	80003264	200c9b53	fsgnjn.s	f22,f25,f0	 f25:0xcf800000  f0:0xff800000 f22=0x4f800000
     142465.000 ns	     14245	80003268	e00a18d3	fclass.s	x17,f20	 f20:0x00000000 x17=0x00000010
     142485.000 ns	     14247	8000326c	01547eb3	and	x29,x8,x21	  x8:0xffffffff x21:0x00000000 x29=0x00000000
     142505.000 ns	     14249	80003270	203d8953	fsgnj.s	f18,f27,f3	 f27:0x4ebc8fe2  f3:0x1ad7d000 f18=0x4ebc8fe2
     142535.000 ns	     14252	80003274	03d490b3	mulh	x1,x9,x29	  x9:0x00000000 x29:0x57dcb000  x1=0x00000000
     142565.000 ns	     14255	80003278	a11e0153	fle.s	x2,f28,f17	 f28:0x477fffae f17:0x7f800000  x2=0x00000001
     142595.000 ns	     14258	8000327c	d017f5d3	fcvt.s.wu	f11,x15	 x15:0x0000056a f11=0x44ad4000
     142615.000 ns	     14260	80003280	4ecc8313	addi	x6,x25,1260	 x25:0x00000000  x6=0x000004ec
     142635.000 ns	     14262	80003284	0356cb33	div	x22,x13,x21	 x13:0x00000000 x21:0x00000000 x22=0xffffffff
     142655.000 ns	     14264	80003288	00ad3c33	sltu	x24,x26,x10	 x26:0xffffffff x10:0x0c096890 x24=0x00000000
     142665.000 ns	     14265	8000328c	0165f8b3	and	x17,x11,x22	 x11:0x00000001 x22:0xffffffff x17=0x00000001
     142675.000 ns	     14266	80003290	a1f1fe93	andi	x29,x3,-1505	  x3:0x72cb4a24 x29=0x72cb4a04
     142695.000 ns	     14268	80003294	d01d7853	fcvt.s.wu	f16,x26	 x26:0xffffffff f16=0x4f7fffff
     143065.000 ns	     14305	80003298	03e0ddb3	divu	x27,x1,x30	  x1:0x00000000 x30:0x0000018a x27=0x00000000
     143095.000 ns	     14308	8000329c	f00607d3	fmv.w.x	f15,x12	 x12:0x00000000 f15=0x00000000
     143125.000 ns	     14311	800032a0	c01a4953	fcvt.wu.s	x18,f20	 f20:0x00000000 x18=0x00000000
     143155.000 ns	     14314	800032a4	a191abd3	feq.s	x23,f3,f25	  f3:0x1ad7d000 f25:0xcf800000 x23=0x00000000
     143185.000 ns	     14317	800032a8	d0082c53	fcvt.s.w	f24,x16	 x16:0x80040fe4 f24=0xcefff7e1
     143205.000 ns	     14319	800032ac	00000013	addi	x0,x0,0	  x0:0x00000000
     143225.000 ns	     14321	800032b0	c01cfc53	fcvt.wu.s	x24,f25	 f25:0xcf800000 x24=0x00000000
     143275.000 ns	     14326	800032b4	0874f953	fsub.s	f18,f9,f7	  f9:0x7f800000  f7:0x7f800000 f18=0x80000000
     143295.000 ns	     14328	800032b8	41218db3	sub	x27,x3,x18	  x3:0x72cb4a24 x18:0x00000000 x27=0x72cb4a24
     143305.000 ns	     14329	800032bc	b217a013	slti	x0,x15,-1247	 x15:0x0000056a
     143315.000 ns	     14330	800032c0	00c26f33	or	x30,x4,x12	  x4:0x00002bef x12:0x00000000 x30=0x00002bef
     143335.000 ns	     14332	800032c4	e0029153	fclass.s	x2,f5	  f5:0x477fffae  x2=0x00000040
     143355.000 ns	     14334	800032c8	414854b3	sra	x9,x16,x20	 x16:0x80040fe4 x20:0x80041024  x9=0xf80040fe
     143395.000 ns	     14338	800032cc	090b3a53	fsub.s	f20,f22,f16	 f22:0x4f800000 f16:0x4f7fffff f20=0x43800001
     143415.000 ns	     14340	800032d0	689b81b7	lui	x3,0x689b8	  x3=0x689b8000
     143775.000 ns	     14376	800032d4	03036133	rem	x2,x6,x16	  x6:0x000004ec x16:0x80040fe4  x2=0x000004ec
     143805.000 ns	     14379	800032d8	a1faa553	feq.s	x10,f21,f31	 f21:0x4d0f9000 f31:0x00000000 x10=0x00000000
     143825.000 ns	     14381	800032dc	00629433	sll	x8,x5,x6	  x5:0x00000000  x6:0x000004ec  x8=0x00000000
     143835.000 ns	     14382	800032e0	1667ef13	ori	x30,x15,358	 x15:0x0000056a x30=0x0000056e
     143855.000 ns	     14384	800032e4	28949153	fmax.s	f2,f9,f9	  f9:0x7f800000  f9:0x7f800000  f2=0x7f800000
     143875.000 ns	     14386	800032e8	34e3b613	sltiu	x12,x7,846	  x7:0x00000000 x12=0x00000001
     143895.000 ns	     14388	800032ec	02dc9bb3	mulh	x23,x25,x13	 x25:0x00000000 x13:0x00000000 x23=0x00000000
     143915.000 ns	     14390	800032f0	015aefb3	or	x31,x21,x21	 x21:0x00000000 x21:0x00000000 x31=0x00000000
     143925.000 ns	     14391	800032f4	d54ded13	ori	x26,x27,-684	 x27:0x72cb4a24 x26=0xffffff74
     143945.000 ns	     14393	800032f8	d0018053	fcvt.s.w	f0,x3	  x3:0x689b8000  f0=0x4ed13700
     143965.000 ns	     14395	800032fc	01c2d933	srl	x18,x5,x28	  x5:0x00000000 x28:0x1ad7c963 x18=0x00000000
     143975.000 ns	     14396	80003300	5c7b6e93	ori	x29,x22,1479	 x22:0xffffffff x29=0xffffffff
     143985.000 ns	     14397	80003304	41355193	srai	x3,x10,0x13	 x10:0x00000000  x3=0x00000000
     144005.000 ns	     14399	80003308	e00f0cd3	fmv.x.w	x25,f30	 f30:0x00000000 x25=0x00000000
     144035.000 ns	     14402	8000330c	d01af8d3	fcvt.s.wu	f17,x21	 x21:0x00000000 f17=0x00000000
     145215.000 ns	     14520	80003310	580e7dd3	fsqrt.s	f27,f28	 f28:0x477fffae f27=0x4335042a
     145235.000 ns	     14522	80003314	00bbf9b3	and	x19,x23,x11	 x23:0x00000000 x11:0x00000001 x19=0x00000000
     145245.000 ns	     14523	80003318	01bbfab3	and	x21,x23,x27	 x23:0x00000000 x27:0x72cb4a24 x21=0x00000000
     145265.000 ns	     14525	8000331c	d00c7553	fcvt.s.w	f10,x24	 x24:0x00000000 f10=0x00000000
     145295.000 ns	     14528	80003320	c0080353	fcvt.w.s	x6,f16	 f16:0x4f7fffff  x6=0x7fffffff
     145315.000 ns	     14530	80003324	8d4fb193	sltiu	x3,x31,-1836	 x31:0x00000000  x3=0x00000001
     145325.000 ns	     14531	80003328	01afdb13	srli	x22,x31,0x1a	 x31:0x00000000 x22=0x00000000
     145335.000 ns	     14532	8000332c	001e3233	sltu	x4,x28,x1	 x28:0x1ad7c963  x1:0x00000000  x4=0x00000000
     145695.000 ns	     14568	80003330	0266ef33	rem	x30,x13,x6	 x13:0x00000000  x6:0x7fffffff x30=0x00000000
     145725.000 ns	     14571	80003334	20750253	fsgnj.s	f4,f10,f7	 f10:0x00000000  f7:0x7f800000  f4=0x00000000
     145755.000 ns	     14574	80003338	d003f853	fcvt.s.w	f16,x7	  x7:0x00000000 f16=0x00000000
     145795.000 ns	     14578	8000333c	580925d3	fsqrt.s	f11,f18	 f18:0x80000000 f11=0x80000000
     145815.000 ns	     14580	80003340	58b7fe13	andi	x28,x15,1419	 x15:0x0000056a x28=0x0000050a
     145825.000 ns	     14581	80003344	1cbc6513	ori	x10,x24,459	 x24:0x00000000 x10=0x000001cb
     145835.000 ns	     14582	80003348	41140233	sub	x4,x8,x17	  x8:0x00000000 x17:0x00000001  x4=0xffffffff
     145845.000 ns	     14583	8000334c	418482b3	sub	x5,x9,x24	  x9:0xf80040fe x24:0x00000000  x5=0xf80040fe
     145865.000 ns	     14585	80003350	0338d433	divu	x8,x17,x19	 x17:0x00000001 x19:0x00000000  x8=0xffffffff
     145885.000 ns	     14587	80003354	00bada93	srli	x21,x21,0xb	 x21:0x00000000 x21=0x00000000
     145905.000 ns	     14589	80003358	a1f6acd3	feq.s	x25,f13,f31	 f13:0x00000000 f31:0x00000000 x25=0x00000001
     145935.000 ns	     14592	8000335c	02cc0cb3	mul	x25,x24,x12	 x24:0x00000000 x12:0x00000001 x25=0x00000000
     145965.000 ns	     14595	80003360	02007f33	remu	x30,x0,x0	  x0:0x00000000  x0:0x00000000 x30=0x00000000
     145995.000 ns	     14598	80003364	f0098d53	fmv.w.x	f26,x19	 x19:0x00000000 f26=0x00000000
     146025.000 ns	     14601	80003368	0266a033	mulhsu	x0,x13,x6	 x13:0x00000000  x6:0x7fffffff
     146045.000 ns	     14603	8000336c	004dde13	srli	x28,x27,0x4	 x27:0x72cb4a24 x28=0x072cb4a2
     146065.000 ns	     14605	80003370	0322e933	rem	x18,x5,x18	  x5:0xf80040fe x18:0x00000000 x18=0xf80040fe
     146085.000 ns	     14607	80003374	618bde37	lui	x28,0x618bd	 x28=0x618bd000
     146105.000 ns	     14609	80003378	02a81ab3	mulh	x21,x16,x10	 x16:0x80040fe4 x10:0x000001cb x21=0xffffff1a
     146125.000 ns	     14611	8000337c	ddec7493	andi	x9,x24,-546	 x24:0x00000000  x9=0x00000000
     146145.000 ns	     14613	80003380	02fe3333	mulhu	x6,x28,x15	 x28:0x618bd000 x15:0x0000056a  x6=0x00000210
     146165.000 ns	     14615	80003384	20320237	lui	x4,0x20320	  x4=0x20320000
     146185.000 ns	     14617	80003388	e00719d3	fclass.s	x19,f14	 f14:0x00000000 x19=0x00000010
     146555.000 ns	     14654	8000338c	02365233	divu	x4,x12,x3	 x12:0x00000001  x3:0x00000001  x4=0x00000001
     146575.000 ns	     14656	80003390	00fb4533	xor	x10,x22,x15	 x22:0x00000000 x15:0x0000056a x10=0x0000056a
     146585.000 ns	     14657	80003394	b327a693	slti	x13,x15,-1230	 x15:0x0000056a x13=0x00000000
     146615.000 ns	     14660	80003398	580326d3	fsqrt.s	f13,f6	  f6:0xffffffff f13=0x7fc00000
     146635.000 ns	     14662	8000339c	9783db97	auipc	x23,0x9783d	 x23=0x1784039c
     146655.000 ns	     14664	800033a0	f0058ed3	fmv.w.x	f29,x11	 x11:0x00000001 f29=0x00000001
     146685.000 ns	     14667	800033a4	03b93533	mulhu	x10,x18,x27	 x18:0xf80040fe x27:0x72cb4a24 x10=0x6f350cf7
     146705.000 ns	     14669	800033a8	009ef8b3	and	x17,x29,x9	 x29:0xffffffff  x9:0x00000000 x17=0x00000000
     146715.000 ns	     14670	800033ac	7462f493	andi	x9,x5,1862	  x5:0xf80040fe  x9=0x00000046
     146725.000 ns	     14671	800033b0	0156c8b3	xor	x17,x13,x21	 x13:0x00000000 x21:0xffffff1a x17=0xffffff1a
     146745.000 ns	     14673	800033b4	a1999c53	flt.s	x24,f19,f25	 f19:0xdc537ce0 f25:0xcf800000 x24=0x00000001
     146775.000 ns	     14676	800033b8	d0127cd3	fcvt.s.wu	f25,x4	  x4:0x00000001 f25=0x3f800000
     146795.000 ns	     14678	800033bc	40815233	sra	x4,x2,x8	  x2:0x000004ec  x8:0xffffffff  x4=0x00000000
     146815.000 ns	     14680	800033c0	e00507d3	fmv.x.w	x15,f10	 f10:0x00000000 x15=0x00000000
     146845.000 ns	     14683	800033c4	d01dbad3	fcvt.s.wu	f21,x27	 x27:0x72cb4a24 f21=0x4ee59695
     146865.000 ns	     14685	800033c8	41ea5993	srai	x19,x20,0x1e	 x20:0x80041024 x19=0xfffffffe
     146885.000 ns	     14687	800033cc	c01ff953	fcvt.wu.s	x18,f31	 f31:0x00000000 x18=0x00000000
     146905.000 ns	     14689	800033d0	405c5b93	srai	x23,x24,0x5	 x24:0x00000001 x23=0x00000000
     146935.000 ns	     14692	800033d4	580f4d53	fsqrt.s	f26,f30	 f30:0x00000000 f26=0x00000000
     146955.000 ns	     14694	800033d8	00000013	addi	x0,x0,0	  x0:0x00000000
     146965.000 ns	     14695	800033dc	296c96b7	lui	x13,0x296c9	 x13=0x296c9000
     146975.000 ns	     14696	800033e0	4c5f2a93	slti	x21,x30,1221	 x30:0x00000000 x21=0x00000001
     146985.000 ns	     14697	800033e4	41ae0933	sub	x18,x28,x26	 x28:0x618bd000 x26:0xffffff74 x18=0x618bd08c
     147005.000 ns	     14699	800033e8	281001d3	fmin.s	f3,f0,f1	  f0:0x4ed13700  f1:0xc77fffae  f3=0xc77fffae
     147035.000 ns	     14702	800033ec	03b2a533	mulhsu	x10,x5,x27	  x5:0xf80040fe x27:0x72cb4a24 x10=0xfc69c2d3
     147055.000 ns	     14704	800033f0	0032fc13	andi	x24,x5,3	  x5:0xf80040fe x24=0x00000002
     147075.000 ns	     14706	800033f4	c0052bd3	fcvt.w.s	x23,f10	 f10:0x00000000 x23=0x00000000
     147095.000 ns	     14708	800033f8	b45c6d13	ori	x26,x24,-1211	 x24:0x00000001 x26=0xfffffb47
     147135.000 ns	     14712	800033fc	016cfbd3	fadd.s	f23,f25,f22	 f25:0x3f800000 f22:0x4f800000 f23=0x4f800000
     147155.000 ns	     14714	80003400	00434333	xor	x6,x6,x4	  x6:0x00000210  x4:0x00000000  x6=0x00000210
     147165.000 ns	     14715	80003404	00c67cb3	and	x25,x12,x12	 x12:0x00000001 x12:0x00000001 x25=0x00000001
     147185.000 ns	     14717	80003408	e00a0253	fmv.x.w	x4,f20	 f20:0x43800001  x4=0x43800001
     147215.000 ns	     14720	8000340c	c019fcd3	fcvt.wu.s	x25,f19	 f19:0xdc537ce0 x25=0x00000000
     147235.000 ns	     14722	80003410	01c752b3	srl	x5,x14,x28	 x14:0x72cb4a24 x28:0x618bd000  x5=0x72cb4a24
     147275.000 ns	     14726	80003414	08ba7053	fsub.s	f0,f20,f11	 f20:0x43800001 f11:0x80000000  f0=0x43800001
     147305.000 ns	     14729	80003418	027b3333	mulhu	x6,x22,x7	 x22:0x00000000  x7:0x00000000  x6=0x00000000
     147325.000 ns	     14731	8000341c	73398693	addi	x13,x19,1843	 x19:0xfffffffe x13=0x00000731
     147335.000 ns	     14732	80003420	407654b3	sra	x9,x12,x7	 x12:0x00000001  x7:0x00000000  x9=0x00000001
     147355.000 ns	     14734	80003424	c01ffbd3	fcvt.wu.s	x23,f31	 f31:0x00000000 x23=0x00000000
     147375.000 ns	     14736	80003428	4030d533	sra	x10,x1,x3	  x1:0x00000000  x3:0x00000001 x10=0x00000000
     147395.000 ns	     14738	8000342c	2052ae53	fsgnjx.s	f28,f5,f5	  f5:0x477fffae  f5:0x477fffae f28=0x477fffae
     147415.000 ns	     14740	80003430	01783e33	sltu	x28,x16,x23	 x16:0x80040fe4 x23:0x00000000 x28=0x00000000
     147435.000 ns	     14742	80003434	c00470d3	fcvt.w.s	x1,f8	  f8:0xcd0f9000  x1=0x08f90000
     147455.000 ns	     14744	80003438	011ad3b3	srl	x7,x21,x17	 x21:0x00000001 x17:0xffffff1a  x7=0x00000000
     147465.000 ns	     14745	8000343c	406e05b3	sub	x11,x28,x6	 x28:0x00000000  x6:0x00000000 x11=0x00000000
     147485.000 ns	     14747	80003440	0366c533	div	x10,x13,x22	 x13:0x00000731 x22:0x00000000 x10=0xffffffff
     147515.000 ns	     14750	80003444	29d481d3	fmin.s	f3,f9,f29	  f9:0x7f800000 f29:0x00000001  f3=0x00000001
     147545.000 ns	     14753	80003448	21ae9753	fsgnjn.s	f14,f29,f26	 f29:0x00000001 f26:0x00000000 f14=0x80000001
     147915.000 ns	     14790	8000344c	03347db3	remu	x27,x8,x19	  x8:0xffffffff x19:0xfffffffe x27=0x00000001
     147945.000 ns	     14793	80003450	29bc91d3	fmax.s	f3,f25,f27	 f25:0x3f800000 f27:0x4335042a  f3=0x4335042a
     147985.000 ns	     14797	80003454	11580553	fmul.s	f10,f16,f21	 f16:0x00000000 f21:0x4ee59695 f10=0x00000000
     148005.000 ns	     14799	80003458	00a19693	slli	x13,x3,0xa	  x3:0x00000001 x13=0x00000400
     148015.000 ns	     14800	8000345c	4a474e13	xori	x28,x14,1188	 x14:0x72cb4a24 x28=0x72cb4e80
     148025.000 ns	     14801	80003460	eb27f513	andi	x10,x15,-334	 x15:0x00000000 x10=0x00000000
     148035.000 ns	     14802	80003464	410c03b3	sub	x7,x24,x16	 x24:0x00000002 x16:0x80040fe4  x7=0x7ffbf01e
     148045.000 ns	     14803	80003468	008ad7b3	srl	x15,x21,x8	 x21:0x00000001  x8:0xffffffff x15=0x00000000
     148055.000 ns	     14804	8000346c	40700033	sub	x0,x0,x7	  x0:0x00000000  x7:0x00000000
     148095.000 ns	     14808	80003470	0889fb53	fsub.s	f22,f19,f8	 f19:0xdc537ce0  f8:0xcd0f9000 f22=0xdc537cdf
     148125.000 ns	     14811	80003474	03a185b3	mul	x11,x3,x26	  x3:0x00000001 x26:0xfffffb47 x11=0xfffffb47
     148145.000 ns	     14813	80003478	9815b793	sltiu	x15,x11,-1663	 x11:0x00000000 x15=0x00000000
     148505.000 ns	     14849	8000347c	0221e433	rem	x8,x3,x2	  x3:0x00000001  x2:0x000004ec  x8=0x00000001
     148535.000 ns	     14852	80003480	c01d8e53	fcvt.wu.s	x28,f27	 f27:0x4335042a x28=0x000000b5
     148555.000 ns	     14854	80003484	009e46b3	xor	x13,x28,x9	 x28:0x72cb4e80  x9:0x00000001 x13=0x000000b4
     148565.000 ns	     14855	80003488	01727cb3	and	x25,x4,x23	  x4:0x43800001 x23:0x00000000 x25=0x00000000
     148585.000 ns	     14857	8000348c	c00aab53	fcvt.w.s	x22,f21	 f21:0x4ee59695 x22=0x72cb4a80
     148615.000 ns	     14860	80003490	03253333	mulhu	x6,x10,x18	 x10:0x00000000 x18:0x618bd08c  x6=0x00000000
     148645.000 ns	     14863	80003494	280f8ed3	fmin.s	f29,f31,f0	 f31:0x00000000  f0:0x43800001 f29=0x00000000
     148665.000 ns	     14865	80003498	40eade93	srai	x29,x21,0xe	 x21:0x00000001 x29=0x00000000
     148675.000 ns	     14866	8000349c	008522b3	slt	x5,x10,x8	 x10:0x00000000  x8:0x00000001  x5=0x00000001
     148685.000 ns	     14867	800034a0	ab2bbb13	sltiu	x22,x23,-1358	 x23:0x00000000 x22=0x00000001
     148705.000 ns	     14869	800034a4	e00689d3	fmv.x.w	x19,f13	 f13:0x7fc00000 x19=0x7fc00000
     148725.000 ns	     14871	800034a8	fc345ab7	lui	x21,0xfc345	 x21=0xfc345000
     148755.000 ns	     14874	800034ac	18e6f153	fdiv.s	f2,f13,f14	 f13:0x7fc00000 f14:0x80000001  f2=0x7fc00000
     148775.000 ns	     14876	800034b0	f0a55b37	lui	x22,0xf0a55	 x22=0xf0a55000
     148795.000 ns	     14878	800034b4	218194d3	fsgnjn.s	f9,f3,f24	  f3:0x4335042a f24:0xcefff7e1  f9=0x4335042a
     148825.000 ns	     14881	800034b8	295d1353	fmax.s	f6,f26,f21	 f26:0x00000000 f21:0x4ee59695  f6=0x4ee59695
     148855.000 ns	     14884	800034bc	0311a7b3	mulhsu	x15,x3,x17	  x3:0x00000001 x17:0xffffff1a x15=0x00000000
     148905.000 ns	     14889	800034c0	00e2ffd3	fadd.s	f31,f5,f14	  f5:0x477fffae f14:0x80000001 f31=0x477fffae
     148935.000 ns	     14892	800034c4	a06b95d3	flt.s	x11,f23,f6	 f23:0x4f800000  f6:0x4ee59695 x11=0x00000000
     148965.000 ns	     14895	800034c8	206181d3	fsgnj.s	f3,f3,f6	  f3:0x4335042a  f6:0x4ee59695  f3=0x4335042a
     148995.000 ns	     14898	800034cc	d00accd3	fcvt.s.w	f25,x21	 x21:0xfc345000 f25=0xcc72ec00
     149035.000 ns	     14902	800034d0	1140ff53	fmul.s	f30,f1,f20	  f1:0xc77fffae f20:0x43800001 f30=0xcb7fffb0
     149065.000 ns	     14905	800034d4	29d61853	fmax.s	f16,f12,f29	 f12:0x00000000 f29:0x00000000 f16=0x00000000
     149085.000 ns	     14907	800034d8	605d1bb7	lui	x23,0x605d1	 x23=0x605d1000
     149105.000 ns	     14909	800034dc	217b04d3	fsgnj.s	f9,f22,f23	 f22:0xdc537cdf f23:0x4f800000  f9=0x5c537cdf
     149125.000 ns	     14911	800034e0	01a59bb3	sll	x23,x11,x26	 x11:0x00000000 x26:0xfffffb47 x23=0x00000000
     149145.000 ns	     14913	800034e4	28fc0a53	fmin.s	f20,f24,f15	 f24:0xcefff7e1 f15:0x00000000 f20=0xcefff7e1
     149165.000 ns	     14915	800034e8	0d9b8013	addi	x0,x23,217	 x23:0x605d1000
     149175.000 ns	     14916	800034ec	001e7533	and	x10,x28,x1	 x28:0x000000b5  x1:0x08f90000 x10=0x00000000
     149185.000 ns	     14917	800034f0	16a4cc97	auipc	x25,0x16a4c	 x25=0x96a4f4f0
     149205.000 ns	     14919	800034f4	020033b3	mulhu	x7,x0,x0	  x0:0x00000000  x0:0x00000000  x7=0x00000000
     149235.000 ns	     14922	800034f8	e00417d3	fclass.s	x15,f8	  f8:0xcd0f9000 x15=0x00000002
     149255.000 ns	     14924	800034fc	276e8493	addi	x9,x29,630	 x29:0x00000000  x9=0x00000276
     149265.000 ns	     14925	80003500	01bb18b3	sll	x17,x22,x27	 x22:0xf0a55000 x27:0x00000001 x17=0xe14aa000
     149625.000 ns	     14961	80003504	030e5633	divu	x12,x28,x16	 x28:0x000000b5 x16:0x80040fe4 x12=0x00000000
     149655.000 ns	     14964	80003508	a19f9f53	flt.s	x30,f31,f25	 f31:0x477fffae f25:0xcc72ec00 x30=0x00000000
     149685.000 ns	     14967	8000350c	29411353	fmax.s	f6,f2,f20	  f2:0x7fc00000 f20:0xcefff7e1  f6=0xcefff7e1
     149705.000 ns	     14969	80003510	bac7f613	andi	x12,x15,-1108	 x15:0x00000002 x12=0x00000000
     149725.000 ns	     14971	80003514	214caf53	fsgnjx.s	f30,f25,f20	 f25:0xcc72ec00 f20:0xcefff7e1 f30=0x4c72ec00
     150095.000 ns	     15008	80003518	021a4d33	div	x26,x20,x1	 x20:0x80041024  x1:0x08f90000 x26=0xfffffff2
     150125.000 ns	     15011	8000351c	a06c2e53	feq.s	x28,f24,f6	 f24:0xcefff7e1  f6:0xcefff7e1 x28=0x00000001
     150145.000 ns	     15013	80003520	2cc7ed37	lui	x26,0x2cc7e	 x26=0x2cc7e000
     150165.000 ns	     15015	80003524	027cd2b3	divu	x5,x25,x7	 x25:0x96a4f4f0  x7:0x00000000  x5=0xffffffff
     150185.000 ns	     15017	80003528	00000013	addi	x0,x0,0	  x0:0x00000000
     150195.000 ns	     15018	8000352c	964ca213	slti	x4,x25,-1692	 x25:0x96a4f4f0  x4=0x00000001
     150215.000 ns	     15020	80003530	e0038d53	fmv.x.w	x26,f7	  f7:0x7f800000 x26=0x7f800000
     150235.000 ns	     15022	80003534	712d8413	addi	x8,x27,1810	 x27:0x00000001  x8=0x00000713
     150245.000 ns	     15023	80003538	09a564b7	lui	x9,0x9a56	  x9=0x09a56000
     150265.000 ns	     15025	8000353c	c0168c53	fcvt.wu.s	x24,f13	 f13:0x7fc00000 x24=0xffffffff
     150295.000 ns	     15028	80003540	c01c2453	fcvt.wu.s	x8,f24	 f24:0xcefff7e1  x8=0x7ffbf080
     150665.000 ns	     15065	80003544	02f177b3	remu	x15,x2,x15	  x2:0x000004ec x15:0x00000002 x15=0x00000000
     150685.000 ns	     15067	80003548	00d40233	add	x4,x8,x13	  x8:0x7ffbf080 x13:0x000000b4  x4=0x7ffbf134
     150705.000 ns	     15069	8000354c	c01280d3	fcvt.wu.s	x1,f5	  f5:0x477fffae  x1=0x00010000
     150735.000 ns	     15072	80003550	c0089bd3	fcvt.w.s	x23,f17	 f17:0x00000000 x23=0x00000000
     150755.000 ns	     15074	80003554	bfb60037	lui	x0,0xbfb60	
     150765.000 ns	     15075	80003558	0045b3b3	sltu	x7,x11,x4	 x11:0x00000000  x4:0x7ffbf134  x7=0x00000001
     150785.000 ns	     15077	8000355c	e00310d3	fclass.s	x1,f6	  f6:0xcefff7e1  x1=0x00000002
     150825.000 ns	     15081	80003560	580a09d3	fsqrt.s	f19,f20	 f20:0xcefff7e1 f19=0x7fc00000
     150855.000 ns	     15084	80003564	0266ce33	div	x28,x13,x6	 x13:0x000000b4  x6:0x00000000 x28=0xffffffff
     150885.000 ns	     15087	80003568	294d9a53	fmax.s	f20,f27,f20	 f27:0x4335042a f20:0xcefff7e1 f20=0x4335042a
     150915.000 ns	     15090	8000356c	a0a49153	flt.s	x2,f9,f10	  f9:0x5c537cdf f10:0x00000000  x2=0x00000000
     150945.000 ns	     15093	80003570	d0187253	fcvt.s.wu	f4,x16	 x16:0x80040fe4  f4=0x4f00040f
     150975.000 ns	     15096	80003574	e00a0153	fmv.x.w	x2,f20	 f20:0x4335042a  x2=0x4335042a
     150995.000 ns	     15098	80003578	0156ecb3	or	x25,x13,x21	 x13:0x000000b4 x21:0xfc345000 x25=0xfc3450b4
     151025.000 ns	     15101	8000357c	58087d53	fsqrt.s	f26,f16	 f16:0x00000000 f26=0x00000000
     151055.000 ns	     15104	80003580	02ea1b33	mulh	x22,x20,x14	 x20:0x80041024 x14:0x72cb4a24 x22=0xc69c2d58
     151085.000 ns	     15107	80003584	03340cb3	mul	x25,x8,x19	  x8:0x7ffbf080 x19:0x7fc00000 x25=0xe0000000
     151115.000 ns	     15110	80003588	29f680d3	fmin.s	f1,f13,f31	 f13:0x7fc00000 f31:0x477fffae  f1=0x477fffae
     151145.000 ns	     15113	8000358c	29d10ed3	fmin.s	f29,f2,f29	  f2:0x7fc00000 f29:0x00000000 f29=0x00000000
     151165.000 ns	     15115	80003590	00000013	addi	x0,x0,0	  x0:0x00000000
     151175.000 ns	     15116	80003594	010543b3	xor	x7,x10,x16	 x10:0x00000000 x16:0x80040fe4  x7=0x80040fe4
     151185.000 ns	     15117	80003598	0071a9b3	slt	x19,x3,x7	  x3:0x00000001  x7:0x00000001 x19=0x00000000
     151195.000 ns	     15118	8000359c	015d21b3	slt	x3,x26,x21	 x26:0x7f800000 x21:0xfc345000  x3=0x00000000
     151205.000 ns	     15119	800035a0	009f3eb3	sltu	x29,x30,x9	 x30:0x00000000  x9:0x09a56000 x29=0x00000001
     151215.000 ns	     15120	800035a4	0145eab3	or	x21,x11,x20	 x11:0x00000000 x20:0x80041024 x21=0x80041024
     151235.000 ns	     15122	800035a8	a1c51053	flt.s	x0,f10,f28	 f10:0x00000000 f28:0x477fffae
     151255.000 ns	     15124	800035ac	00e58fb3	add	x31,x11,x14	 x11:0x00000000 x14:0x72cb4a24 x31=0x72cb4a24
     151275.000 ns	     15126	800035b0	208ea9d3	fsgnjx.s	f19,f29,f8	 f29:0x00000000  f8:0xcd0f9000 f19=0x80000000
     151295.000 ns	     15128	800035b4	113e2493	slti	x9,x28,275	 x28:0xffffffff  x9=0x00000001
     151315.000 ns	     15130	800035b8	03631033	mulh	x0,x6,x22	  x6:0x00000000 x22:0xc69c2d58
     151355.000 ns	     15134	800035bc	58087ed3	fsqrt.s	f29,f16	 f16:0x00000000 f29=0x00000000
     151385.000 ns	     15137	800035c0	a06eab53	feq.s	x22,f29,f6	 f29:0x00000000  f6:0xcefff7e1 x22=0x00000000
     151415.000 ns	     15140	800035c4	21d7a953	fsgnjx.s	f18,f15,f29	 f15:0x00000000 f29:0x00000000 f18=0x00000000
     151435.000 ns	     15142	800035c8	eb332f13	slti	x30,x6,-333	  x6:0x00000000 x30=0x00000000
     151445.000 ns	     15143	800035cc	3dec0a93	addi	x21,x24,990	 x24:0xffffffff x21=0x000003dd
     151455.000 ns	     15144	800035d0	8fa46113	ori	x2,x8,-1798	  x8:0x7ffbf080  x2=0xfffff8fa
     151465.000 ns	     15145	800035d4	746fe293	ori	x5,x31,1862	 x31:0x72cb4a24  x5=0x72cb4f66
     151485.000 ns	     15147	800035d8	28169653	fmax.s	f12,f13,f1	 f13:0x7fc00000  f1:0x477fffae f12=0x477fffae
     151515.000 ns	     15150	800035dc	20c19753	fsgnjn.s	f14,f3,f12	  f3:0x4335042a f12:0x00000000 f14=0xc335042a
     151565.000 ns	     15155	800035e0	00c4f2d3	fadd.s	f5,f9,f12	  f9:0x5c537cdf f12:0x477fffae  f5=0x5c537cdf
     151595.000 ns	     15158	800035e4	a02f14d3	flt.s	x9,f30,f2	 f30:0x4c72ec00  f2:0x7fc00000  x9=0x00000000
     151625.000 ns	     15161	800035e8	039ab233	mulhu	x4,x21,x25	 x21:0x000003dd x25:0xe0000000  x4=0x00000361
     151645.000 ns	     15163	800035ec	ec412513	slti	x10,x2,-316	  x2:0xfffff8fa x10=0x00000001
     151685.000 ns	     15167	800035f0	006f0753	fadd.s	f14,f30,f6	 f30:0x4c72ec00  f6:0xcefff7e1 f14=0xcef86081
     151715.000 ns	     15170	800035f4	e00815d3	fclass.s	x11,f16	 f16:0x00000000 x11=0x00000010
     151735.000 ns	     15172	800035f8	011a5033	srl	x0,x20,x17	 x20:0x80041024 x17:0xe14aa000
     151745.000 ns	     15173	800035fc	015e9533	sll	x10,x29,x21	 x29:0x00000001 x21:0x000003dd x10=0x20000000
     151785.000 ns	     15177	80003600	08ea23d3	fsub.s	f7,f20,f14	 f20:0x4335042a f14:0xcef86081  f7=0x4ef86082
     151815.000 ns	     15180	80003604	c00f16d3	fcvt.w.s	x13,f30	 f30:0x4c72ec00 x13=0x03cbb000
     151845.000 ns	     15183	80003608	a1dc0d53	fle.s	x26,f24,f29	 f24:0xcefff7e1 f29:0x00000000 x26=0x00000001
     152215.000 ns	     15220	8000360c	02ab6333	rem	x6,x22,x10	 x22:0x00000000 x10:0x20000000  x6=0x00000000
     152245.000 ns	     15223	80003610	a14720d3	feq.s	x1,f14,f20	 f14:0xcef86081 f20:0x4335042a  x1=0x00000000
     152615.000 ns	     15260	80003614	038efab3	remu	x21,x29,x24	 x29:0x00000001 x24:0xffffffff x21=0x00000001
     152635.000 ns	     15262	80003618	00cbbb33	sltu	x22,x23,x12	 x23:0x00000000 x12:0x00000000 x22=0x00000000
     152655.000 ns	     15264	8000361c	e00004d3	fmv.x.w	x9,f0	  f0:0x43800001  x9=0x43800001
     152675.000 ns	     15266	80003620	014cabb3	slt	x23,x25,x20	 x25:0xe0000000 x20:0x80041024 x23=0x00000000
     152715.000 ns	     15270	80003624	09f7bed3	fsub.s	f29,f15,f31	 f15:0x00000000 f31:0x477fffae f29=0xc77fffae
     152745.000 ns	     15273	80003628	0202f233	remu	x4,x5,x0	  x5:0x72cb4f66  x0:0x00000000  x4=0x72cb4f66
     152785.000 ns	     15277	8000362c	58082653	fsqrt.s	f12,f16	 f16:0x00000000 f12=0x00000000
     152815.000 ns	     15280	80003630	e00893d3	fclass.s	x7,f17	 f17:0x00000000  x7=0x00000010
     152835.000 ns	     15282	80003634	00000013	addi	x0,x0,0	  x0:0x00000000
     152845.000 ns	     15283	80003638	41640533	sub	x10,x8,x22	  x8:0x7ffbf080 x22:0x00000000 x10=0x7ffbf080
     152855.000 ns	     15284	8000363c	01ca9133	sll	x2,x21,x28	 x21:0x00000001 x28:0xffffffff  x2=0x80000000
     153185.000 ns	     15317	80003640	19eef653	fdiv.s	f12,f29,f30	 f29:0xc77fffae f30:0x4c72ec00 f12=0xba7fffae
     153215.000 ns	     15320	80003644	28f58dd3	fmin.s	f27,f11,f15	 f11:0x80000000 f15:0x00000000 f27=0x80000000
     153235.000 ns	     15322	80003648	0040d5b3	srl	x11,x1,x4	  x1:0x00000000  x4:0x72cb4f66 x11=0x00000000
     153265.000 ns	     15325	8000364c	106f35d3	fmul.s	f11,f30,f6	 f30:0x4c72ec00  f6:0xcefff7e1 f11=0xdbf2e44b
     153285.000 ns	     15327	80003650	0b8e7f13	andi	x30,x28,184	 x28:0xffffffff x30=0x000000b8
     153295.000 ns	     15328	80003654	4ba02537	lui	x10,0x4ba02	 x10=0x4ba02000
     153315.000 ns	     15330	80003658	c007f4d3	fcvt.w.s	x9,f15	 f15:0x00000000  x9=0x00000000
     153335.000 ns	     15332	8000365c	01aa6ab3	or	x21,x20,x26	 x20:0x80041024 x26:0x00000001 x21=0x80041025
     153345.000 ns	     15333	80003660	0173ac33	slt	x24,x7,x23	  x7:0x00000010 x23:0x00000000 x24=0x00000000
     153365.000 ns	     15335	80003664	2124a553	fsgnjx.s	f10,f9,f18	  f9:0x5c537cdf f18:0x00000000 f10=0x5c537cdf
     153385.000 ns	     15337	80003668	5f80ce93	xori	x29,x1,1528	  x1:0x00000000 x29=0x000005f8
     153395.000 ns	     15338	8000366c	aabc4c93	xori	x25,x24,-1365	 x24:0x00000000 x25=0xfffffaab
     153415.000 ns	     15340	80003670	03948333	mul	x6,x9,x25	  x9:0x00000000 x25:0xe0000000  x6=0x00000000
     153445.000 ns	     15343	80003674	210a0753	fsgnj.s	f14,f20,f16	 f20:0x4335042a f16:0x00000000 f14=0x4335042a
     153475.000 ns	     15346	80003678	20961853	fsgnjn.s	f16,f12,f9	 f12:0xba7fffae  f9:0x5c537cdf f16=0xba7fffae
     153495.000 ns	     15348	8000367c	019222b3	slt	x5,x4,x25	  x4:0x72cb4f66 x25:0xfffffaab  x5=0x00000000
     153505.000 ns	     15349	80003680	416dd9b3	sra	x19,x27,x22	 x27:0x00000001 x22:0x00000000 x19=0x00000001
     153525.000 ns	     15351	80003684	029edfb3	divu	x31,x29,x9	 x29:0x000005f8  x9:0x00000000 x31=0xffffffff
     153545.000 ns	     15353	80003688	0011fb13	andi	x22,x3,1	  x3:0x00000000 x22=0x00000000
     153565.000 ns	     15355	8000368c	d01a2c53	fcvt.s.wu	f24,x20	 x20:0x80041024 f24=0x4f000411
     153585.000 ns	     15357	80003690	015d47b3	xor	x15,x26,x21	 x26:0x00000001 x21:0x80041025 x15=0x80041024
     153595.000 ns	     15358	80003694	00c348b3	xor	x17,x6,x12	  x6:0x00000000 x12:0x00000000 x17=0x00000000
     153615.000 ns	     15360	80003698	f00c0cd3	fmv.w.x	f25,x24	 x24:0x00000000 f25=0x00000000
     153635.000 ns	     15362	8000369c	e2f33513	sltiu	x10,x6,-465	  x6:0x00000000 x10=0x00000001
     153645.000 ns	     15363	800036a0	397dcf13	xori	x30,x27,919	 x27:0x00000001 x30=0x00000396
     153655.000 ns	     15364	800036a4	be768a93	addi	x21,x13,-1049	 x13:0x03cbb000 x21=0x03cbabe7
     153665.000 ns	     15365	800036a8	006d11b3	sll	x3,x26,x6	 x26:0x00000001  x6:0x00000000  x3=0x00000001
     153685.000 ns	     15367	800036ac	a0d4a3d3	feq.s	x7,f9,f13	  f9:0x5c537cdf f13:0x7fc00000  x7=0x00000000
     153705.000 ns	     15369	800036b0	01fd5c13	srli	x24,x26,0x1f	 x26:0x00000001 x24=0x00000000
     153725.000 ns	     15371	800036b4	03c4ab33	mulhsu	x22,x9,x28	  x9:0x00000000 x28:0xffffffff x22=0x00000000
     153755.000 ns	     15374	800036b8	21d5a5d3	fsgnjx.s	f11,f11,f29	 f11:0xdbf2e44b f29:0xc77fffae f11=0x5bf2e44b
     153795.000 ns	     15378	800036bc	191e72d3	fdiv.s	f5,f28,f17	 f28:0x477fffae f17:0x00000000  f5=0x7f800000
     153825.000 ns	     15381	800036c0	c0017453	fcvt.w.s	x8,f2	  f2:0x7fc00000  x8=0x7fffffff
     155005.000 ns	     15499	800036c4	580e7b53	fsqrt.s	f22,f28	 f28:0x477fffae f22=0x4335042a
     155025.000 ns	     15501	800036c8	b38a4093	xori	x1,x20,-1224	 x20:0x80041024  x1=0x7ffbeb1c
     155035.000 ns	     15502	800036cc	00dd1b93	slli	x23,x26,0xd	 x26:0x00000001 x23=0x00002000
     155055.000 ns	     15504	800036d0	d01546d3	fcvt.s.wu	f13,x10	 x10:0x00000001 f13=0x3f800000
     155075.000 ns	     15506	800036d4	4e506097	auipc	x1,0x4e506	  x1=0xce5096d4
     155095.000 ns	     15508	800036d8	c002fd53	fcvt.w.s	x26,f5	  f5:0x7f800000 x26=0x7fffffff
     155125.000 ns	     15511	800036dc	d00795d3	fcvt.s.w	f11,x15	 x15:0x80041024 f11=0xcefff7df
     155145.000 ns	     15513	800036e0	9d804e37	lui	x28,0x9d804	 x28=0x9d804000
     155165.000 ns	     15515	800036e4	e00d8953	fmv.x.w	x18,f27	 f27:0x80000000 x18=0x80000000
     155195.000 ns	     15518	800036e8	d0039fd3	fcvt.s.w	f31,x7	  x7:0x00000000 f31=0x00000000
     155215.000 ns	     15520	800036ec	9716ef93	ori	x31,x13,-1679	 x13:0x03cbb000 x31=0xfffff971
     155225.000 ns	     15521	800036f0	00000013	addi	x0,x0,0	  x0:0x00000000
     155555.000 ns	     15554	800036f4	18908253	fdiv.s	f4,f1,f9	  f1:0x477fffae  f9:0x5c537cdf  f4=0x2a7fffae
     155585.000 ns	     15557	800036f8	29119153	fmax.s	f2,f3,f17	  f3:0x4335042a f17:0x00000000  f2=0x4335042a
     155625.000 ns	     15561	800036fc	11fff753	fmul.s	f14,f31,f31	 f31:0x00000000 f31:0x00000000 f14=0x00000000
     155645.000 ns	     15563	80003700	00d03c33	sltu	x24,x0,x13	  x0:0x00000000 x13:0x03cbb000 x24=0x00000001
     155655.000 ns	     15564	80003704	01c44eb3	xor	x29,x8,x28	  x8:0x7fffffff x28:0x9d804000 x29=0xe27fbfff
     155675.000 ns	     15566	80003708	28889ad3	fmax.s	f21,f17,f8	 f17:0x00000000  f8:0xcd0f9000 f21=0x00000000
     155695.000 ns	     15568	8000370c	019bd533	srl	x10,x23,x25	 x23:0x00002000 x25:0xfffffaab x10=0x00000004
     155735.000 ns	     15572	80003710	080cf4d3	fsub.s	f9,f25,f0	 f25:0x00000000  f0:0x43800001  f9=0xc3800001
     155765.000 ns	     15575	80003714	025a14b3	mulh	x9,x20,x5	 x20:0x80041024  x5:0x00000000  x9=0x00000000
     155795.000 ns	     15578	80003718	c01198d3	fcvt.wu.s	x17,f3	  f3:0x4335042a x17=0x000000b5
     156975.000 ns	     15696	8000371c	5803f4d3	fsqrt.s	f9,f7	  f7:0x4ef86082  f9=0x47324db0
     156995.000 ns	     15698	80003720	01c51d93	slli	x27,x10,0x1c	 x10:0x00000004 x27=0x40000000
     157005.000 ns	     15699	80003724	01fcfdb3	and	x27,x25,x31	 x25:0xfffffaab x31:0xfffff971 x27=0xfffff821
     157025.000 ns	     15701	80003728	d01c7cd3	fcvt.s.wu	f25,x24	 x24:0x00000001 f25=0x3f800000
     157055.000 ns	     15704	8000372c	02b07c33	remu	x24,x0,x11	  x0:0x00000000 x11:0x00000000 x24=0x00000000
     157075.000 ns	     15706	80003730	000d8ab3	add	x21,x27,x0	 x27:0xfffff821  x0:0x00000000 x21=0xfffff821
     157095.000 ns	     15708	80003734	d0150853	fcvt.s.wu	f16,x10	 x10:0x00000004 f16=0x40800000
     157125.000 ns	     15711	80003738	29411e53	fmax.s	f28,f2,f20	  f2:0x4335042a f20:0x4335042a f28=0x4335042a
     157495.000 ns	     15748	8000373c	03ab4233	div	x4,x22,x26	 x22:0x00000000 x26:0x7fffffff  x4=0x00000000
     157515.000 ns	     15750	80003740	00000013	addi	x0,x0,0	  x0:0x00000000
     157525.000 ns	     15751	80003744	008c7433	and	x8,x24,x8	 x24:0x00000000  x8:0x7fffffff  x8=0x00000000
     157545.000 ns	     15753	80003748	038d4533	div	x10,x26,x24	 x26:0x7fffffff x24:0x00000000 x10=0xffffffff
     157575.000 ns	     15756	8000374c	021d2033	mulhsu	x0,x26,x1	 x26:0x7fffffff  x1:0xce5096d4
     157595.000 ns	     15758	80003750	bfd1b513	sltiu	x10,x3,-1027	  x3:0x00000001 x10=0x00000001
     157955.000 ns	     15794	80003754	03ff75b3	remu	x11,x30,x31	 x30:0x00000396 x31:0xfffff971 x11=0x00000396
     157985.000 ns	     15797	80003758	c01482d3	fcvt.wu.s	x5,f9	  f9:0x47324db0  x5=0x0000b24e
     158005.000 ns	     15799	8000375c	0093c6b3	xor	x13,x7,x9	  x7:0x00000000  x9:0x00000000 x13=0x00000000
     158025.000 ns	     15801	80003760	21d713d3	fsgnjn.s	f7,f14,f29	 f14:0x00000000 f29:0xc77fffae  f7=0x00000000
     158055.000 ns	     15804	80003764	d010f0d3	fcvt.s.wu	f1,x1	  x1:0xce5096d4  f1=0x4f4e5096
     158075.000 ns	     15806	80003768	00c5fcb3	and	x25,x11,x12	 x11:0x00000396 x12:0x00000000 x25=0x00000000
     158095.000 ns	     15808	8000376c	c00b30d3	fcvt.w.s	x1,f22	 f22:0x4335042a  x1=0x000000b6
     158115.000 ns	     15810	80003770	eb631537	lui	x10,0xeb631	 x10=0xeb631000
     158145.000 ns	     15813	80003774	195921d3	fdiv.s	f3,f18,f21	 f18:0x00000000 f21:0x00000000  f3=0x7fc00000
     158165.000 ns	     15815	80003778	00b563b3	or	x7,x10,x11	 x10:0x00000001 x11:0x00000396  x7=0xeb631396
     158185.000 ns	     15817	8000377c	e0021c53	fclass.s	x24,f4	  f4:0x2a7fffae x24=0x00000040
     158215.000 ns	     15820	80003780	d01bf553	fcvt.s.wu	f10,x23	 x23:0x00002000 f10=0x46000000
     158245.000 ns	     15823	80003784	02830933	mul	x18,x6,x8	  x6:0x00000000  x8:0x00000000 x18=0x00000000
     158285.000 ns	     15827	80003788	10c675d3	fmul.s	f11,f12,f12	 f12:0xba7fffae f12:0xba7fffae f11=0x357fff5c
     158315.000 ns	     15830	8000378c	217714d3	fsgnjn.s	f9,f14,f23	 f14:0x00000000 f23:0x4f800000  f9=0x80000000
     158345.000 ns	     15833	80003790	c00a94d3	fcvt.w.s	x9,f21	 f21:0x00000000  x9=0x00000000
     158715.000 ns	     15870	80003794	0302ce33	div	x28,x5,x16	  x5:0x0000b24e x16:0x80040fe4 x28=0x00000000
     158735.000 ns	     15872	80003798	00909d93	slli	x27,x1,0x9	  x1:0x000000b6 x27=0x00016c00
     158755.000 ns	     15874	8000379c	02628033	mul	x0,x5,x6	  x5:0x0000b24e  x6:0x00000000
     158775.000 ns	     15876	800037a0	012fd393	srli	x7,x31,0x12	 x31:0xfffff971  x7=0x00003fff
     158795.000 ns	     15878	800037a4	29a19253	fmax.s	f4,f3,f26	  f3:0x7fc00000 f26:0x00000000  f4=0x00000000
     158815.000 ns	     15880	800037a8	dead6a93	ori	x21,x26,-534	 x26:0x7fffffff x21=0xffffffff
     158835.000 ns	     15882	800037ac	c0127d53	fcvt.wu.s	x26,f4	  f4:0x00000000 x26=0x00000000
     159205.000 ns	     15919	800037b0	02eaecb3	rem	x25,x21,x14	 x21:0xfffff821 x14:0x72cb4a24 x25=0xffffffff
     159225.000 ns	     15921	800037b4	00227fb3	and	x31,x4,x2	  x4:0x00000000  x2:0x80000000 x31=0x00000000
     159245.000 ns	     15923	800037b8	20baa753	fsgnjx.s	f14,f21,f11	 f21:0x00000000 f11:0x357fff5c f14=0x00000000
     159265.000 ns	     15925	800037bc	0024d993	srli	x19,x9,0x2	  x9:0x00000000 x19=0x00000000
     159275.000 ns	     15926	800037c0	2e933693	sltiu	x13,x6,745	  x6:0x00000000 x13=0x00000001
     159285.000 ns	     15927	800037c4	003dac33	slt	x24,x27,x3	 x27:0x00016c00  x3:0x00000001 x24=0x00000000
     159295.000 ns	     15928	800037c8	a9671897	auipc	x17,0xa9671	 x17=0x296747c8
     159315.000 ns	     15930	800037cc	0322acb3	mulhsu	x25,x5,x18	  x5:0x0000b24e x18:0x00000000 x25=0x00000000
     159345.000 ns	     15933	800037d0	a0b40953	fle.s	x18,f8,f11	  f8:0xcd0f9000 f11:0x357fff5c x18=0x00000001
     159365.000 ns	     15935	800037d4	007b88b3	add	x17,x23,x7	 x23:0x00002000  x7:0x00003fff x17=0x00005fff
     159375.000 ns	     15936	800037d8	5fae7213	andi	x4,x28,1530	 x28:0x00000000  x4=0x00000000
     159385.000 ns	     15937	800037dc	00600c33	add	x24,x0,x6	  x0:0x00000000  x6:0x00000000 x24=0x00000000
     159405.000 ns	     15939	800037e0	21f30e53	fsgnj.s	f28,f6,f31	  f6:0xcefff7e1 f31:0x00000000 f28=0x4efff7e1
     159425.000 ns	     15941	800037e4	011af6b3	and	x13,x21,x17	 x21:0xffffffff x17:0x00005fff x13=0x00005fff
     159445.000 ns	     15943	800037e8	21010fd3	fsgnj.s	f31,f2,f16	  f2:0x4335042a f16:0x40800000 f31=0x4335042a
     159475.000 ns	     15946	800037ec	c00a9953	fcvt.w.s	x18,f21	 f21:0x00000000 x18=0x00000000
     159495.000 ns	     15948	800037f0	01921313	slli	x6,x4,0x19	  x4:0x00000000  x6=0x00000000
     159505.000 ns	     15949	800037f4	93650697	auipc	x13,0x93650	 x13=0x136537f4
     159525.000 ns	     15951	800037f8	02bf33b3	mulhu	x7,x30,x11	 x30:0x00000396 x11:0x00000396  x7=0x00000000
     159555.000 ns	     15954	800037fc	c00c0f53	fcvt.w.s	x30,f24	 f24:0x4f000411 x30=0x7fffffff
     159585.000 ns	     15957	80003800	a0089ad3	flt.s	x21,f17,f0	 f17:0x00000000  f0:0x43800001 x21=0x00000001
     159605.000 ns	     15959	80003804	01cf3533	sltu	x10,x30,x28	 x30:0x7fffffff x28:0x00000000 x10=0x00000000
     159625.000 ns	     15961	80003808	e0060e53	fmv.x.w	x28,f12	 f12:0xba7fffae x28=0xba7fffae
     159655.000 ns	     15964	8000380c	c011f953	fcvt.wu.s	x18,f3	  f3:0x7fc00000 x18=0xffffffff
     159675.000 ns	     15966	80003810	417cd693	srai	x13,x25,0x17	 x25:0x00000000 x13=0x00000000
     159685.000 ns	     15967	80003814	4011dfb3	sra	x31,x3,x1	  x3:0x00000001  x1:0x000000b6 x31=0x00000000
     159705.000 ns	     15969	80003818	0291d7b3	divu	x15,x3,x9	  x3:0x00000001  x9:0x00000000 x15=0xffffffff
     159735.000 ns	     15972	8000381c	c007cd53	fcvt.w.s	x26,f15	 f15:0x00000000 x26=0x00000000
     159785.000 ns	     15977	80003820	00f04653	fadd.s	f12,f0,f15	  f0:0x43800001 f15:0x00000000 f12=0x43800001
     159815.000 ns	     15980	80003824	e00b8ed3	fmv.x.w	x29,f23	 f23:0x4f800000 x29=0x4f800000
     159835.000 ns	     15982	80003828	01213c33	sltu	x24,x2,x18	  x2:0x80000000 x18:0xffffffff x24=0x00000001
     161005.000 ns	     16099	8000382c	58080c53	fsqrt.s	f24,f16	 f16:0x40800000 f24=0x3fffffae
     161035.000 ns	     16102	80003830	e0080dd3	fmv.x.w	x27,f16	 f16:0x40800000 x27=0x40800000
     161055.000 ns	     16104	80003834	4144de33	sra	x28,x9,x20	  x9:0x00000000 x20:0x80041024 x28=0x00000000
     162225.000 ns	     16221	80003838	580c71d3	fsqrt.s	f3,f24	 f24:0x3fffffae  f3=0x3fb5048f
     162255.000 ns	     16224	8000383c	a1d383d3	fle.s	x7,f7,f29	  f7:0x00000000 f29:0xc77fffae  x7=0x00000000
     162275.000 ns	     16226	80003840	00000013	addi	x0,x0,0	  x0:0x00000000
     162635.000 ns	     16262	80003844	035e6bb3	rem	x23,x28,x21	 x28:0x00000000 x21:0x00000001 x23=0x00000000
     162655.000 ns	     16264	80003848	0040cd33	xor	x26,x1,x4	  x1:0x000000b6  x4:0x00000000 x26=0x000000b6
     162665.000 ns	     16265	8000384c	018b5413	srli	x8,x22,0x18	 x22:0x00000000  x8=0x00000000
     162675.000 ns	     16266	80003850	00000013	addi	x0,x0,0	  x0:0x00000000
     162685.000 ns	     16267	80003854	40c95113	srai	x2,x18,0xc	 x18:0xffffffff  x2=0xffffffff
     162715.000 ns	     16270	80003858	115c86d3	fmul.s	f13,f25,f21	 f25:0x3f800000 f21:0x00000000 f13=0x00000000
     162745.000 ns	     16273	8000385c	20bda7d3	fsgnjx.s	f15,f27,f11	 f27:0x80000000 f11:0x357fff5c f15=0x80000000
     162785.000 ns	     16277	80003860	119978d3	fmul.s	f17,f18,f25	 f18:0x00000000 f25:0x3f800000 f17=0x00000000
     162815.000 ns	     16280	80003864	20e592d3	fsgnjn.s	f5,f11,f14	 f11:0x357fff5c f14:0x00000000  f5=0xb57fff5c
     162835.000 ns	     16282	80003868	00331bb3	sll	x23,x6,x3	  x6:0x00000000  x3:0x00000001 x23=0x00000000
     162855.000 ns	     16284	8000386c	d002f2d3	fcvt.s.w	f5,x5	  x5:0x0000b24e  f5=0x47324e00
     163225.000 ns	     16321	80003870	03d547b3	div	x15,x10,x29	 x10:0x00000000 x29:0x4f800000 x15=0x00000000
     163595.000 ns	     16358	80003874	030cffb3	remu	x31,x25,x16	 x25:0x00000000 x16:0x80040fe4 x31=0x00000000
     163615.000 ns	     16360	80003878	0112e7b3	or	x15,x5,x17	  x5:0x0000b24e x17:0x00005fff x15=0x0000ffff
     163625.000 ns	     16361	8000387c	0026d3b3	srl	x7,x13,x2	 x13:0x00000000  x2:0xffffffff  x7=0x00000000
     163635.000 ns	     16362	80003880	00ecd6b3	srl	x13,x25,x14	 x25:0x00000000 x14:0x72cb4a24 x13=0x00000000
     163645.000 ns	     16363	80003884	411ddd33	sra	x26,x27,x17	 x27:0x40800000 x17:0x00005fff x26=0x00000000
     163665.000 ns	     16365	80003888	c0177dd3	fcvt.wu.s	x27,f14	 f14:0x00000000 x27=0x00000000
     163685.000 ns	     16367	8000388c	41b58cb3	sub	x25,x11,x27	 x11:0x00000396 x27:0x40800000 x25=0x00000396
     163695.000 ns	     16368	80003890	40e90033	sub	x0,x18,x14	 x18:0xffffffff x14:0x72cb4a24
     163715.000 ns	     16370	80003894	e0029e53	fclass.s	x28,f5	  f5:0x47324e00 x28=0x00000040
     163755.000 ns	     16374	80003898	110f8953	fmul.s	f18,f31,f16	 f31:0x4335042a f16:0x40800000 f18=0x4435042a
     163775.000 ns	     16376	8000389c	01d37db3	and	x27,x6,x29	  x6:0x00000000 x29:0x4f800000 x27=0x00000000
     163785.000 ns	     16377	800038a0	009a4933	xor	x18,x20,x9	 x20:0x80041024  x9:0x00000000 x18=0x80041024
     163805.000 ns	     16379	800038a4	20d42dd3	fsgnjx.s	f27,f8,f13	  f8:0xcd0f9000 f13:0x00000000 f27=0xcd0f9000
     163825.000 ns	     16381	800038a8	7be5c197	auipc	x3,0x7be5c	  x3=0xfbe5f8a8
     163845.000 ns	     16383	800038ac	033ecb33	div	x22,x29,x19	 x29:0x4f800000 x19:0x00000000 x22=0xffffffff
     163875.000 ns	     16386	800038b0	03bd53b3	divu	x7,x26,x27	 x26:0x00000000 x27:0x00000000  x7=0xffffffff
     163895.000 ns	     16388	800038b4	1815a413	slti	x8,x11,385	 x11:0x00000396  x8=0x00000000
     163915.000 ns	     16390	800038b8	d0139653	fcvt.s.wu	f12,x7	  x7:0xffffffff f12=0x4f7fffff
     163935.000 ns	     16392	800038bc	f908f113	andi	x2,x17,-112	 x17:0x00005fff  x2=0x00005f90
     163955.000 ns	     16394	800038c0	e00816d3	fclass.s	x13,f16	 f16:0x40800000 x13=0x00000040
     163975.000 ns	     16396	800038c4	01ec7233	and	x4,x24,x30	 x24:0x00000001 x30:0x7fffffff  x4=0x00000001
     163995.000 ns	     16398	800038c8	213e0953	fsgnj.s	f18,f28,f19	 f28:0x4efff7e1 f19:0x80000000 f18=0xcefff7e1
     164015.000 ns	     16400	800038cc	00ca4133	xor	x2,x20,x12	 x20:0x80041024 x12:0x00000000  x2=0x80041024
     164025.000 ns	     16401	800038d0	403a5133	sra	x2,x20,x3	 x20:0x80041024  x3:0xfbe5f8a8  x2=0xff800410
     164385.000 ns	     16437	800038d4	02355d33	divu	x26,x10,x3	 x10:0x00000000  x3:0xfbe5f8a8 x26=0x00000000
     164405.000 ns	     16439	800038d8	01ea5533	srl	x10,x20,x30	 x20:0x80041024 x30:0x7fffffff x10=0x00000001
     164425.000 ns	     16441	800038dc	294188d3	fmin.s	f17,f3,f20	  f3:0x3fb5048f f20:0x4335042a f17=0x3fb5048f
     164465.000 ns	     16445	800038e0	101e7ed3	fmul.s	f29,f28,f1	 f28:0x4efff7e1  f1:0x4f4e5096 f29=0x5ece4a0a
     164495.000 ns	     16448	800038e4	d01af9d3	fcvt.s.wu	f19,x21	 x21:0x00000001 f19=0x3f800000
     164525.000 ns	     16451	800038e8	21a492d3	fsgnjn.s	f5,f9,f26	  f9:0x80000000 f26:0x00000000  f5=0x80000000
     164555.000 ns	     16454	800038ec	d005fbd3	fcvt.s.w	f23,x11	 x11:0x00000396 f23=0x44658000
     164585.000 ns	     16457	800038f0	036f25b3	mulhsu	x11,x30,x22	 x30:0x7fffffff x22:0xffffffff x11=0x7ffffffe
     165765.000 ns	     16575	800038f4	5800f953	fsqrt.s	f18,f1	  f1:0x4f4e5096 f18=0x4711e2f6
     165785.000 ns	     16577	800038f8	3545f7b7	lui	x15,0x3545f	 x15=0x3545f000
     165795.000 ns	     16578	800038fc	ec0e4d93	xori	x27,x28,-320	 x28:0x00000040 x27=0xfffffe80
     165815.000 ns	     16580	80003900	03765033	divu	x0,x12,x23	 x12:0x00000000 x23:0x00000000
     165835.000 ns	     16582	80003904	b897c313	xori	x6,x15,-1143	 x15:0x3545f000  x6=0xcaba0b89
     166195.000 ns	     16618	80003908	021ef933	remu	x18,x29,x1	 x29:0x4f800000  x1:0x000000b6 x18=0x00000022
     166215.000 ns	     16620	8000390c	01e1e933	or	x18,x3,x30	  x3:0xfbe5f8a8 x30:0x7fffffff x18=0xffffffff
     166225.000 ns	     16621	80003910	00c49d93	slli	x27,x9,0xc	  x9:0x00000000 x27=0x00000000
     166245.000 ns	     16623	80003914	204288d3	fsgnj.s	f17,f5,f4	  f5:0x80000000  f4:0x00000000 f17=0x00000000
     166265.000 ns	     16625	80003918	014e9ab3	sll	x21,x29,x20	 x29:0x4f800000 x20:0x80041024 x21=0xf8000000
     166285.000 ns	     16627	8000391c	a0e205d3	fle.s	x11,f4,f14	  f4:0x00000000 f14:0x00000000 x11=0x00000001
     166325.000 ns	     16631	80003920	580d36d3	fsqrt.s	f13,f26	 f26:0x00000000 f13=0x00000000
     166355.000 ns	     16634	80003924	a1272653	feq.s	x12,f14,f18	 f14:0x00000000 f18:0x4711e2f6 x12=0x00000000
     166385.000 ns	     16637	80003928	02985bb3	divu	x23,x16,x9	 x16:0x80040fe4  x9:0x00000000 x23=0xffffffff
     166415.000 ns	     16640	8000392c	03040eb3	mul	x29,x8,x16	  x8:0x00000000 x16:0x80040fe4 x29=0x00000000
     166445.000 ns	     16643	80003930	035c29b3	mulhsu	x19,x24,x21	 x24:0x00000001 x21:0xf8000000 x19=0x00000000
     166465.000 ns	     16645	80003934	019598b3	sll	x17,x11,x25	 x11:0x00000001 x25:0x00000396 x17=0x00400000
     166485.000 ns	     16647	80003938	03949db3	mulh	x27,x9,x25	  x9:0x00000000 x25:0x00000396 x27=0x00000000
     166505.000 ns	     16649	8000393c	01352c33	slt	x24,x10,x19	 x10:0x00000001 x19:0x00000000 x24=0x00000000
     166515.000 ns	     16650	80003940	00000013	addi	x0,x0,0	  x0:0x00000000
     166535.000 ns	     16652	80003944	a0811e53	flt.s	x28,f2,f8	  f2:0x4335042a  f8:0xcd0f9000 x28=0x00000000
     166905.000 ns	     16689	80003948	0320e433	rem	x8,x1,x18	  x1:0x000000b6 x18:0xffffffff  x8=0x00000000
     166925.000 ns	     16691	8000394c	00091613	slli	x12,x18,0x0	 x18:0xffffffff x12=0xffffffff
     166935.000 ns	     16692	80003950	01a10633	add	x12,x2,x26	  x2:0xff800410 x26:0x00000000 x12=0xff800410
     166955.000 ns	     16694	80003954	c00ffdd3	fcvt.w.s	x27,f31	 f31:0x4335042a x27=0x000000b5
     167005.000 ns	     16699	80003958	0058a953	fadd.s	f18,f17,f5	 f17:0x00000000  f5:0x80000000 f18=0x80000000
     167025.000 ns	     16701	8000395c	01605c33	srl	x24,x0,x22	  x0:0x00000000 x22:0xffffffff x24=0x00000000
     167065.000 ns	     16705	80003960	01e8f953	fadd.s	f18,f17,f30	 f17:0x00000000 f30:0x4c72ec00 f18=0x4c72ec00
     167085.000 ns	     16707	80003964	01c10c33	add	x24,x2,x28	  x2:0xff800410 x28:0x00000000 x24=0xff800410
     167095.000 ns	     16708	80003968	85284593	xori	x11,x16,-1966	 x16:0x80040fe4 x11=0x7ffbf7b6
     167135.000 ns	     16712	8000396c	0059b0d3	fadd.s	f1,f19,f5	 f19:0x3f800000  f5:0x80000000  f1=0x3f800000
     167155.000 ns	     16714	80003970	7b833c93	sltiu	x25,x6,1976	  x6:0xcaba0b89 x25=0x00000000
     167165.000 ns	     16715	80003974	003bcab3	xor	x21,x23,x3	 x23:0xffffffff  x3:0xfbe5f8a8 x21=0x041a0757
     167185.000 ns	     16717	80003978	f00f03d3	fmv.w.x	f7,x30	 x30:0x7fffffff  f7=0x7fffffff
     167225.000 ns	     16721	8000397c	182d7d53	fdiv.s	f26,f26,f2	 f26:0x00000000  f2:0x4335042a f26=0x00000000
     167245.000 ns	     16723	80003980	00000013	addi	x0,x0,0	  x0:0x00000000
     167255.000 ns	     16724	80003984	00f9fd33	and	x26,x19,x15	 x19:0x00000000 x15:0x3545f000 x26=0x00000000
     167615.000 ns	     16760	80003988	030de7b3	rem	x15,x27,x16	 x27:0x000000b5 x16:0x80040fe4 x15=0x000000b5
     167635.000 ns	     16762	8000398c	016ce1b3	or	x3,x25,x22	 x25:0x00000000 x22:0xffffffff  x3=0xffffffff
     167655.000 ns	     16764	80003990	210613d3	fsgnjn.s	f7,f12,f16	 f12:0x4f7fffff f16:0x40800000  f7=0xcf7fffff
     167675.000 ns	     16766	80003994	407d5b13	srai	x22,x26,0x7	 x26:0x00000000 x22=0x00000000
     167695.000 ns	     16768	80003998	d005f053	fcvt.s.w	f0,x11	 x11:0x7ffbf7b6  f0=0x4efff7ef
     167725.000 ns	     16771	8000399c	2042a0d3	fsgnjx.s	f1,f5,f4	  f5:0x80000000  f4:0x00000000  f1=0x80000000
     167755.000 ns	     16774	800039a0	d00d74d3	fcvt.s.w	f9,x26	 x26:0x00000000  f9=0x00000000
     167805.000 ns	     16779	800039a4	09fe7fd3	fsub.s	f31,f28,f31	 f28:0x4efff7e1 f31:0x4335042a f31=0x4efff7df
     167825.000 ns	     16781	800039a8	909efd13	andi	x26,x29,-1783	 x29:0x00000000 x26=0x00000000
     167835.000 ns	     16782	800039ac	70538e93	addi	x29,x7,1797	  x7:0xffffffff x29=0x00000704
     167855.000 ns	     16784	800039b0	036cfab3	remu	x21,x25,x22	 x25:0x00000000 x22:0x00000000 x21=0x00000000
     167875.000 ns	     16786	800039b4	01ccb433	sltu	x8,x25,x28	 x25:0x00000000 x28:0x00000000  x8=0x00000000
     167885.000 ns	     16787	800039b8	aa0c4613	xori	x12,x24,-1376	 x24:0xff800410 x12=0x007ffeb0
     167905.000 ns	     16789	800039bc	21f7a753	fsgnjx.s	f14,f15,f31	 f15:0x80000000 f31:0x4efff7df f14=0x80000000
     167925.000 ns	     16791	800039c0	40da5493	srai	x9,x20,0xd	 x20:0x80041024  x9=0xfffc0020
     168285.000 ns	     16827	800039c4	0375f633	remu	x12,x11,x23	 x11:0x7ffbf7b6 x23:0xffffffff x12=0x7ffbf7b6
     168315.000 ns	     16830	800039c8	0363a1b3	mulhsu	x3,x7,x22	  x7:0xffffffff x22:0x00000000  x3=0x00000000
     168335.000 ns	     16832	800039cc	3cc7a393	slti	x7,x15,972	 x15:0x000000b5  x7=0x00000001
     168345.000 ns	     16833	800039d0	0158df93	srli	x31,x17,0x15	 x17:0x00400000 x31=0x00000002
     168355.000 ns	     16834	800039d4	00bb7fb3	and	x31,x22,x11	 x22:0x00000000 x11:0x7ffbf7b6 x31=0x00000000
     168375.000 ns	     16836	800039d8	03c989b3	mul	x19,x19,x28	 x19:0x00000000 x28:0x00000000 x19=0x00000000
     168395.000 ns	     16838	800039dc	79e28793	addi	x15,x5,1950	  x5:0x0000b24e x15=0x0000b9ec
     168405.000 ns	     16839	800039e0	00fc0eb3	add	x29,x24,x15	 x24:0xff800410 x15:0x000000b5 x29=0xff80bdfc
     168425.000 ns	     16841	800039e4	02b0a6b3	mulhsu	x13,x1,x11	  x1:0x000000b6 x11:0x7ffbf7b6 x13=0x0000005a
     169605.000 ns	     16959	800039e8	580a79d3	fsqrt.s	f19,f20	 f20:0x4335042a f19=0x40fffeaa
     169975.000 ns	     16996	800039ec	02e5f533	remu	x10,x11,x14	 x11:0x7ffbf7b6 x14:0x72cb4a24 x10=0x0d30ad92
     170005.000 ns	     16999	800039f0	e0049653	fclass.s	x12,f9	  f9:0x00000000 x12=0x00000010
     170035.000 ns	     17002	800039f4	c0013e53	fcvt.w.s	x28,f2	  f2:0x4335042a x28=0x000000b6
     170065.000 ns	     17005	800039f8	d006f5d3	fcvt.s.w	f11,x13	 x13:0x0000005a f11=0x42b40000
     170095.000 ns	     17008	800039fc	20742d53	fsgnjx.s	f26,f8,f7	  f8:0xcd0f9000  f7:0xcf7fffff f26=0x4d0f9000
     170115.000 ns	     17010	80003a00	00f8c8b3	xor	x17,x17,x15	 x17:0x00400000 x15:0x0000b9ec x17=0x0040b9ec
     170135.000 ns	     17012	80003a04	c01bc9d3	fcvt.wu.s	x19,f23	 f23:0x44658000 x19=0x00000396
     170165.000 ns	     17015	80003a08	a1b517d3	flt.s	x15,f10,f27	 f10:0x46000000 f27:0xcd0f9000 x15=0x00000000
     170185.000 ns	     17017	80003a0c	a7c93613	sltiu	x12,x18,-1412	 x18:0xffffffff x12=0x00000000
     170205.000 ns	     17019	80003a10	022e2f33	mulhsu	x30,x28,x2	 x28:0x000000b6  x2:0xff800410 x30=0x000000b5
     170225.000 ns	     17021	80003a14	00e85913	srli	x18,x16,0xe	 x16:0x80040fe4 x18=0x00020010
     170235.000 ns	     17022	80003a18	b311c237	lui	x4,0xb311c	  x4=0xb311c000
     170255.000 ns	     17024	80003a1c	02cfb3b3	mulhu	x7,x31,x12	 x31:0x00000000 x12:0x00000000  x7=0x00000000
     170625.000 ns	     17061	80003a20	03c6d933	divu	x18,x13,x28	 x13:0x0000005a x28:0x000000b6 x18=0x00000000
     170655.000 ns	     17064	80003a24	21249153	fsgnjn.s	f2,f9,f18	  f9:0x00000000 f18:0x4c72ec00  f2=0x80000000
     170675.000 ns	     17066	80003a28	f0752393	slti	x7,x10,-249	 x10:0x0d30ad92  x7=0x00000000
     170705.000 ns	     17069	80003a2c	580df553	fsqrt.s	f10,f27	 f27:0xcd0f9000 f10=0x7fc00000
     170725.000 ns	     17071	80003a30	01245613	srli	x12,x8,0x12	  x8:0x00000000 x12=0x00000000
     170735.000 ns	     17072	80003a34	91abe5b7	lui	x11,0x91abe	 x11=0x91abe000
     170775.000 ns	     17076	80003a38	00093d53	fadd.s	f26,f18,f0	 f18:0x4c72ec00  f0:0x4efff7ef f26=0x4f03c7a7
     170805.000 ns	     17079	80003a3c	a1978253	fle.s	x4,f15,f25	 f15:0x80000000 f25:0x3f800000  x4=0x00000001
     170835.000 ns	     17082	80003a40	e00f91d3	fclass.s	x3,f31	 f31:0x4efff7df  x3=0x00000040
     170865.000 ns	     17085	80003a44	c0043453	fcvt.w.s	x8,f8	  f8:0xcd0f9000  x8=0xf7070000
     170895.000 ns	     17088	80003a48	20538c53	fsgnj.s	f24,f7,f5	  f7:0xcf7fffff  f5:0x80000000 f24=0xcf7fffff
     171265.000 ns	     17125	80003a4c	0388ff33	remu	x30,x17,x24	 x17:0x0040b9ec x24:0xff800410 x30=0x0040b9ec
     171285.000 ns	     17127	80003a50	400f8033	sub	x0,x31,x0	 x31:0x00000000  x0:0x00000000
     171295.000 ns	     17128	80003a54	c6544213	xori	x4,x8,-923	  x8:0xf7070000  x4=0x08f8fc65
     171315.000 ns	     17130	80003a58	207007d3	fsgnj.s	f15,f0,f7	  f0:0x4efff7ef  f7:0xcf7fffff f15=0xcefff7ef
     171345.000 ns	     17133	80003a5c	0321ffb3	remu	x31,x3,x18	  x3:0x00000040 x18:0x00000000 x31=0x00000040
     171715.000 ns	     17170	80003a60	02d971b3	remu	x3,x18,x13	 x18:0x00000000 x13:0x0000005a  x3=0x00000000
     171735.000 ns	     17172	80003a64	9b684593	xori	x11,x16,-1610	 x16:0x80040fe4 x11=0x7ffbf652
     171755.000 ns	     17174	80003a68	a1a7a3d3	feq.s	x7,f15,f26	 f15:0xcefff7ef f26:0x4f03c7a7  x7=0x00000000
     171805.000 ns	     17179	80003a6c	0070cf53	fadd.s	f30,f1,f7	  f1:0x80000000  f7:0xcf7fffff f30=0xcf7fffff
     171825.000 ns	     17181	80003a70	40df8033	sub	x0,x31,x13	 x31:0x00000040 x13:0x0000005a
     171835.000 ns	     17182	80003a74	4141dfb3	sra	x31,x3,x20	  x3:0x00000000 x20:0x80041024 x31=0x00000000
     171855.000 ns	     17184	80003a78	032008b3	mul	x17,x0,x18	  x0:0x00000000 x18:0x00000000 x17=0x00000000
     171875.000 ns	     17186	80003a7c	01f2f6b3	and	x13,x5,x31	  x5:0x0000b24e x31:0x00000040 x13=0x00000000
     171895.000 ns	     17188	80003a80	e00580d3	fmv.x.w	x1,f11	 f11:0x42b40000  x1=0x42b40000
     171925.000 ns	     17191	80003a84	214a81d3	fsgnj.s	f3,f21,f20	 f21:0x00000000 f20:0x4335042a  f3=0x00000000
     171945.000 ns	     17193	80003a88	01128c33	add	x24,x5,x17	  x5:0x0000b24e x17:0x00000000 x24=0x0000b24e
     171955.000 ns	     17194	80003a8c	001ce6b3	or	x13,x25,x1	 x25:0x00000000  x1:0x42b40000 x13=0x42b40000
     171965.000 ns	     17195	80003a90	aa876693	ori	x13,x14,-1368	 x14:0x72cb4a24 x13=0xfffffaac
     172005.000 ns	     17199	80003a94	08ef3bd3	fsub.s	f23,f30,f14	 f30:0xcf7fffff f14:0x80000000 f23=0xcf7fffff
     172035.000 ns	     17202	80003a98	02342fb3	mulhsu	x31,x8,x3	  x8:0xf7070000  x3:0x00000000 x31=0x00000000
     172065.000 ns	     17205	80003a9c	c01704d3	fcvt.wu.s	x9,f14	 f14:0x80000000  x9=0x00000000
     172105.000 ns	     17209	80003aa0	100670d3	fmul.s	f1,f12,f0	 f12:0x4f7fffff  f0:0x4efff7ef  f1=0x5efff7ee
     172125.000 ns	     17211	80003aa4	0094dd13	srli	x26,x9,0x9	  x9:0x00000000 x26=0x00000000
     172135.000 ns	     17212	80003aa8	019d0633	add	x12,x26,x25	 x26:0x00000000 x25:0x00000000 x12=0x00000000
     172145.000 ns	     17213	80003aac	0076b9b3	sltu	x19,x13,x7	 x13:0xfffffaac  x7:0x00000000 x19=0x00000000
     172155.000 ns	     17214	80003ab0	01b76c33	or	x24,x14,x27	 x14:0x72cb4a24 x27:0x000000b5 x24=0x72cb4ab5
     172175.000 ns	     17216	80003ab4	028637b3	mulhu	x15,x12,x8	 x12:0x00000000  x8:0xf7070000 x15=0x00000000
     172195.000 ns	     17218	80003ab8	00e99033	sll	x0,x19,x14	 x19:0x00000000 x14:0x72cb4a24
     172215.000 ns	     17220	80003abc	29438bd3	fmin.s	f23,f7,f20	  f7:0xcf7fffff f20:0x4335042a f23=0xcf7fffff
     172245.000 ns	     17223	80003ac0	0339a0b3	mulhsu	x1,x19,x19	 x19:0x00000000 x19:0x00000000  x1=0x00000000
     172275.000 ns	     17226	80003ac4	e00b86d3	fmv.x.w	x13,f23	 f23:0xcf7fffff x13=0xcf7fffff
     172305.000 ns	     17229	80003ac8	a1d29cd3	flt.s	x25,f5,f29	  f5:0x80000000 f29:0x5ece4a0a x25=0x00000001
     172335.000 ns	     17232	80003acc	c01502d3	fcvt.wu.s	x5,f10	 f10:0x7fc00000  x5=0xffffffff
     172675.000 ns	     17266	80003ad0	18787b53	fdiv.s	f22,f16,f7	 f16:0x40800000  f7:0xcf7fffff f22=0xb0800000
     172695.000 ns	     17268	80003ad4	00709293	slli	x5,x1,0x7	  x1:0x00000000  x5=0x00000000
     172705.000 ns	     17269	80003ad8	d6ff0913	addi	x18,x30,-657	 x30:0x0040b9ec x18=0x0040b75b
     172715.000 ns	     17270	80003adc	f9dbcf93	xori	x31,x23,-99	 x23:0xffffffff x31=0x00000062
     172725.000 ns	     17271	80003ae0	41ca81b3	sub	x3,x21,x28	 x21:0x00000000 x28:0x000000b6  x3=0xffffff4a
     172745.000 ns	     17273	80003ae4	025dae33	mulhsu	x28,x27,x5	 x27:0x000000b5  x5:0x00000000 x28=0x00000000
     172775.000 ns	     17276	80003ae8	a0712e53	feq.s	x28,f2,f7	  f2:0x80000000  f7:0xcf7fffff x28=0x00000000
     172795.000 ns	     17278	80003aec	b4457f17	auipc	x30,0xb4457	 x30=0x3445aaec
     172805.000 ns	     17279	80003af0	00062fb3	slt	x31,x12,x0	 x12:0x00000000  x0:0x00000000 x31=0x00000000
     172825.000 ns	     17281	80003af4	20172b53	fsgnjx.s	f22,f14,f1	 f14:0x80000000  f1:0x5efff7ee f22=0x80000000
     172855.000 ns	     17284	80003af8	29900ad3	fmin.s	f21,f0,f25	  f0:0x4efff7ef f25:0x3f800000 f21=0x3f800000
     173195.000 ns	     17318	80003afc	19f64b53	fdiv.s	f22,f12,f31	 f12:0x4f7fffff f31:0x4efff7df f22=0x40000000
     173215.000 ns	     17320	80003b00	01364433	xor	x8,x12,x19	 x12:0x00000000 x19:0x00000000  x8=0x00000000
     173235.000 ns	     17322	80003b04	a11b2ad3	feq.s	x21,f22,f17	 f22:0x40000000 f17:0x00000000 x21=0x00000000
     173255.000 ns	     17324	80003b08	018fc033	xor	x0,x31,x24	 x31:0x00000000 x24:0x72cb4ab5
     173275.000 ns	     17326	80003b0c	e0078c53	fmv.x.w	x24,f15	 f15:0xcefff7ef x24=0xcefff7ef
     173295.000 ns	     17328	80003b10	4e807013	andi	x0,x0,1256	  x0:0x00000000
     173315.000 ns	     17330	80003b14	02863db3	mulhu	x27,x12,x8	 x12:0x00000000  x8:0x00000000 x27=0x00000000
     173335.000 ns	     17332	80003b18	019c26b3	slt	x13,x24,x25	 x24:0xcefff7ef x25:0x00000001 x13=0x00000001
     173345.000 ns	     17333	80003b1c	013c37b3	sltu	x15,x24,x19	 x24:0xcefff7ef x19:0x00000000 x15=0x00000000
     173355.000 ns	     17334	80003b20	005009b3	add	x19,x0,x5	  x0:0x00000000  x5:0x00000000 x19=0x00000000
     173375.000 ns	     17336	80003b24	d00877d3	fcvt.s.w	f15,x16	 x16:0x80040fe4 f15=0xcefff7e0
     173405.000 ns	     17339	80003b28	d012fb53	fcvt.s.wu	f22,x5	  x5:0x00000000 f22=0x00000000
     173435.000 ns	     17342	80003b2c	e00f8953	fmv.x.w	x18,f31	 f31:0x4efff7df x18=0x4efff7df
     173455.000 ns	     17344	80003b30	4bf74d93	xori	x27,x14,1215	 x14:0x72cb4a24 x27=0x72cb4e9b
     173465.000 ns	     17345	80003b34	013c5513	srli	x10,x24,0x13	 x24:0xcefff7ef x10=0x000019df
     173475.000 ns	     17346	80003b38	0e96c8b7	lui	x17,0xe96c	 x17=0x0e96c000
     173485.000 ns	     17347	80003b3c	8d0eb393	sltiu	x7,x29,-1840	 x29:0xff80bdfc  x7=0x00000001
     173505.000 ns	     17349	80003b40	d01d77d3	fcvt.s.wu	f15,x26	 x26:0x00000000 f15=0x00000000
     173535.000 ns	     17352	80003b44	c0034b53	fcvt.w.s	x22,f6	  f6:0xcefff7e1 x22=0x80040f80
     173555.000 ns	     17354	80003b48	41c5df93	srai	x31,x11,0x1c	 x11:0x7ffbf652 x31=0x00000007
     173575.000 ns	     17356	80003b4c	e00c9bd3	fclass.s	x23,f25	 f25:0x3f800000 x23=0x00000040
     173605.000 ns	     17359	80003b50	02f65ab3	divu	x21,x12,x15	 x12:0x00000000 x15:0x00000000 x21=0xffffffff
     173655.000 ns	     17364	80003b54	08ccffd3	fsub.s	f31,f25,f12	 f25:0x3f800000 f12:0x4f7fffff f31=0xcf7ffffe
     173685.000 ns	     17367	80003b58	a06101d3	fle.s	x3,f2,f6	  f2:0x80000000  f6:0xcefff7e1  x3=0x00000000
     173715.000 ns	     17370	80003b5c	21162c53	fsgnjx.s	f24,f12,f17	 f12:0x4f7fffff f17:0x00000000 f24=0x4f7fffff
     173735.000 ns	     17372	80003b60	aabd8e13	addi	x28,x27,-1365	 x27:0x72cb4e9b x28=0x72cb4946
     173745.000 ns	     17373	80003b64	01291d33	sll	x26,x18,x18	 x18:0x4efff7df x18:0x4efff7df x26=0x80000000
     173775.000 ns	     17376	80003b68	18677253	fdiv.s	f4,f14,f6	 f14:0x80000000  f6:0xcefff7e1  f4=0x00000000
     173795.000 ns	     17378	80003b6c	01091033	sll	x0,x18,x16	 x18:0x4efff7df x16:0x80040fe4
     173805.000 ns	     17379	80003b70	0058df93	srli	x31,x17,0x5	 x17:0x0e96c000 x31=0x0074b600
     173825.000 ns	     17381	80003b74	c01343d3	fcvt.wu.s	x7,f6	  f6:0xcefff7e1  x7=0x7ffbf080
     173855.000 ns	     17384	80003b78	200ca2d3	fsgnjx.s	f5,f25,f0	 f25:0x3f800000  f0:0x4efff7ef  f5=0x3f800000
     173875.000 ns	     17386	80003b7c	418589b3	sub	x19,x11,x24	 x11:0x7ffbf652 x24:0xcefff7ef x19=0xb0fbfe63
     173895.000 ns	     17388	80003b80	21079fd3	fsgnjn.s	f31,f15,f16	 f15:0x00000000 f16:0x40800000 f31=0x80000000
     173925.000 ns	     17391	80003b84	a0391053	flt.s	x0,f18,f3	 f18:0x4c72ec00  f3:0x00000000
     173955.000 ns	     17394	80003b88	035096b3	mulh	x13,x1,x21	  x1:0x00000000 x21:0xffffffff x13=0x00000000
     173985.000 ns	     17397	80003b8c	e00d8053	fmv.x.w	x0,f27	 f27:0xcd0f9000
     174015.000 ns	     17400	80003b90	20972cd3	fsgnjx.s	f25,f14,f9	 f14:0x80000000  f9:0x00000000 f25=0x80000000
     174035.000 ns	     17402	80003b94	012df433	and	x8,x27,x18	 x27:0x72cb4e9b x18:0x4efff7df  x8=0x42cb469b
     174045.000 ns	     17403	80003b98	00086db3	or	x27,x16,x0	 x16:0x80040fe4  x0:0x00000000 x27=0x80040fe4
     174065.000 ns	     17405	80003b9c	c01a0353	fcvt.wu.s	x6,f20	 f20:0x4335042a  x6=0x000000b5
     174105.000 ns	     17409	80003ba0	1073f053	fmul.s	f0,f7,f7	  f7:0xcf7fffff  f7:0xcf7fffff  f0=0x5f7ffffe
     174125.000 ns	     17411	80003ba4	6c9c2db7	lui	x27,0x6c9c2	 x27=0x6c9c2000
     174145.000 ns	     17413	80003ba8	a1b68d53	fle.s	x26,f13,f27	 f13:0x00000000 f27:0xcd0f9000 x26=0x00000000
     174175.000 ns	     17416	80003bac	21e096d3	fsgnjn.s	f13,f1,f30	  f1:0x5efff7ee f30:0xcf7fffff f13=0x5efff7ee
     174195.000 ns	     17418	80003bb0	41e15a93	srai	x21,x2,0x1e	  x2:0xff800410 x21=0xffffffff
     174205.000 ns	     17419	80003bb4	ae9bbc93	sltiu	x25,x23,-1303	 x23:0x00000040 x25=0x00000001
     174225.000 ns	     17421	80003bb8	202ba4d3	fsgnjx.s	f9,f23,f2	 f23:0xcf7fffff  f2:0x80000000  f9=0x4f7fffff
     174245.000 ns	     17423	80003bbc	01cafc33	and	x24,x21,x28	 x21:0xffffffff x28:0x72cb4946 x24=0x72cb4946
     174265.000 ns	     17425	80003bc0	02c31433	mulh	x8,x6,x12	  x6:0x000000b5 x12:0x00000000  x8=0x00000000
     174285.000 ns	     17427	80003bc4	004b65b3	or	x11,x22,x4	 x22:0x80040f80  x4:0x08f8fc65 x11=0x88fcffe5
     174295.000 ns	     17428	80003bc8	010af033	and	x0,x21,x16	 x21:0xffffffff x16:0x80040fe4
     174305.000 ns	     17429	80003bcc	45f6cf93	xori	x31,x13,1119	 x13:0x00000000 x31=0x0000045f
     174325.000 ns	     17431	80003bd0	d012f253	fcvt.s.wu	f4,x5	  x5:0x00000000  f4=0x00000000
     174355.000 ns	     17434	80003bd4	211d8c53	fsgnj.s	f24,f27,f17	 f27:0xcd0f9000 f17:0x00000000 f24=0x4d0f9000
     174375.000 ns	     17436	80003bd8	00000013	addi	x0,x0,0	  x0:0x00000000
     174395.000 ns	     17438	80003bdc	c014a6d3	fcvt.wu.s	x13,f9	  f9:0x4f7fffff x13=0xffffff00
     174765.000 ns	     17475	80003be0	02b07533	remu	x10,x0,x11	  x0:0x00000000 x11:0x88fcffe5 x10=0x00000000
     175945.000 ns	     17593	80003be4	580a9fd3	fsqrt.s	f31,f21	 f21:0x3f800000 f31=0x3f7fffae
     175975.000 ns	     17596	80003be8	029e30b3	mulhu	x1,x28,x9	 x28:0x72cb4946  x9:0x00000000  x1=0x00000000
     176025.000 ns	     17601	80003bec	01ca23d3	fadd.s	f7,f20,f28	 f20:0x4335042a f28:0x4efff7e1  f7=0x4efff7e2
     176055.000 ns	     17604	80003bf0	e0050c53	fmv.x.w	x24,f10	 f10:0x7fc00000 x24=0x7fc00000
     176075.000 ns	     17606	80003bf4	00000013	addi	x0,x0,0	  x0:0x00000000
     176085.000 ns	     17607	80003bf8	0101ebb3	or	x23,x3,x16	  x3:0x00000000 x16:0x80040fe4 x23=0x80040fe4
     176095.000 ns	     17608	80003bfc	0e10bf97	auipc	x31,0xe10b	 x31=0x8e10ebfc
     176115.000 ns	     17610	80003c00	e0000153	fmv.x.w	x2,f0	  f0:0x5f7ffffe  x2=0x5f7ffffe
     176165.000 ns	     17615	80003c04	01790453	fadd.s	f8,f18,f23	 f18:0x4c72ec00 f23:0xcf7fffff  f8=0xcf7c344f
     176195.000 ns	     17618	80003c08	c0077cd3	fcvt.w.s	x25,f14	 f14:0x80000000 x25=0x00000000
     176215.000 ns	     17620	80003c0c	00f44ab3	xor	x21,x8,x15	  x8:0x00000000 x15:0x00000000 x21=0x00000000
     176255.000 ns	     17624	80003c10	01387553	fadd.s	f10,f16,f19	 f16:0x40800000 f19:0x40fffeaa f10=0x413fff55
     176275.000 ns	     17626	80003c14	012bdd33	srl	x26,x23,x18	 x23:0x80040fe4 x18:0x4efff7df x26=0x00000001
     176285.000 ns	     17627	80003c18	01c788b3	add	x17,x15,x28	 x15:0x00000000 x28:0x72cb4946 x17=0x72cb4946
     177455.000 ns	     17744	80003c1c	580a73d3	fsqrt.s	f7,f20	 f20:0x4335042a  f7=0x40fffeaa
     177485.000 ns	     17747	80003c20	039ba333	mulhsu	x6,x23,x25	 x23:0x80040fe4 x25:0x00000000  x6=0x00000000
     177515.000 ns	     17750	80003c24	215b2f53	fsgnjx.s	f30,f22,f21	 f22:0x00000000 f21:0x3f800000 f30=0x00000000
     177535.000 ns	     17752	80003c28	4036d693	srai	x13,x13,0x3	 x13:0xffffff00 x13=0xffffffe0
     177545.000 ns	     17753	80003c2c	00133233	sltu	x4,x6,x1	  x6:0x00000000  x1:0x00000000  x4=0x00000000
     177565.000 ns	     17755	80003c30	a05e8cd3	fle.s	x25,f29,f5	 f29:0x5ece4a0a  f5:0x3f800000 x25=0x00000000
     177595.000 ns	     17758	80003c34	c01e7b53	fcvt.wu.s	x22,f28	 f28:0x4efff7e1 x22=0x7ffbf080
     177625.000 ns	     17761	80003c38	03f13233	mulhu	x4,x2,x31	  x2:0x5f7ffffe x31:0x8e10ebfc  x4=0x34ff5007
     177675.000 ns	     17766	80003c3c	0171f0d3	fadd.s	f1,f3,f23	  f3:0x00000000 f23:0xcf7fffff  f1=0xcf7fffff
     177695.000 ns	     17768	80003c40	00c81993	slli	x19,x16,0xc	 x16:0x80040fe4 x19=0x40fe4000
     177715.000 ns	     17770	80003c44	28471153	fmax.s	f2,f14,f4	 f14:0x80000000  f4:0x00000000  f2=0x00000000
     177745.000 ns	     17773	80003c48	21cf1853	fsgnjn.s	f16,f30,f28	 f30:0x00000000 f28:0x4efff7e1 f16=0x80000000
     177775.000 ns	     17776	80003c4c	e00c0cd3	fmv.x.w	x25,f24	 f24:0x4d0f9000 x25=0x4d0f9000
     177795.000 ns	     17778	80003c50	6a247013	andi	x0,x8,1698	  x8:0x00000000
     177805.000 ns	     17779	80003c54	0152d993	srli	x19,x5,0x15	  x5:0x00000000 x19=0x00000000
     177825.000 ns	     17781	80003c58	02793933	mulhu	x18,x18,x7	 x18:0x4efff7df  x7:0x7ffbf080 x18=0x277ebb27
     177845.000 ns	     17783	80003c5c	3ad66e37	lui	x28,0x3ad66	 x28=0x3ad66000
     177855.000 ns	     17784	80003c60	cc708b93	addi	x23,x1,-825	  x1:0x00000000 x23=0xfffffcc7
     177875.000 ns	     17786	80003c64	20249dd3	fsgnjn.s	f27,f9,f2	  f9:0x4f7fffff  f2:0x00000000 f27=0xcf7fffff
     177905.000 ns	     17789	80003c68	a13b9b53	flt.s	x22,f23,f19	 f23:0xcf7fffff f19:0x40fffeaa x22=0x00000001
     177925.000 ns	     17791	80003c6c	0015d493	srli	x9,x11,0x1	 x11:0x88fcffe5  x9=0x447e7ff2
     177935.000 ns	     17792	80003c70	01a59f33	sll	x30,x11,x26	 x11:0x88fcffe5 x26:0x00000001 x30=0x11f9ffca
     177945.000 ns	     17793	80003c74	00000013	addi	x0,x0,0	  x0:0x00000000
     178305.000 ns	     17829	80003c78	0386f033	remu	x0,x13,x24	 x13:0xffffffe0 x24:0x7fc00000
     178335.000 ns	     17832	80003c7c	21d781d3	fsgnj.s	f3,f15,f29	 f15:0x00000000 f29:0x5ece4a0a  f3=0x00000000
     178365.000 ns	     17835	80003c80	e00f1e53	fclass.s	x28,f30	 f30:0x00000000 x28=0x00000010
     178385.000 ns	     17837	80003c84	0169e7b3	or	x15,x19,x22	 x19:0x00000000 x22:0x00000001 x15=0x00000001
     178395.000 ns	     17838	80003c88	019c6cb3	or	x25,x24,x25	 x24:0x7fc00000 x25:0x4d0f9000 x25=0x7fcf9000
     178435.000 ns	     17842	80003c8c	0117c753	fadd.s	f14,f15,f17	 f15:0x00000000 f17:0x00000000 f14=0x00000000
     178805.000 ns	     17879	80003c90	03cb72b3	remu	x5,x22,x28	 x22:0x00000001 x28:0x00000010  x5=0x00000001
     178835.000 ns	     17882	80003c94	e0039353	fclass.s	x6,f7	  f7:0x40fffeaa  x6=0x00000040
     179205.000 ns	     17919	80003c98	022ae0b3	rem	x1,x21,x2	 x21:0x00000000  x2:0x5f7ffffe  x1=0x00000000
     179575.000 ns	     17956	80003c9c	02e9ed33	rem	x26,x19,x14	 x19:0x00000000 x14:0x72cb4a24 x26=0x00000000
     179595.000 ns	     17958	80003ca0	1fd07393	andi	x7,x0,509	  x0:0x00000000  x7=0x00000000
     179615.000 ns	     17960	80003ca4	a0e181d3	fle.s	x3,f3,f14	  f3:0x00000000 f14:0x00000000  x3=0x00000001
     179635.000 ns	     17962	80003ca8	00cd0533	add	x10,x26,x12	 x26:0x00000000 x12:0x00000000 x10=0x00000000
     179645.000 ns	     17963	80003cac	00e385b3	add	x11,x7,x14	  x7:0x00000000 x14:0x72cb4a24 x11=0x72cb4a24
     179665.000 ns	     17965	80003cb0	02f8aeb3	mulhsu	x29,x17,x15	 x17:0x72cb4946 x15:0x00000001 x29=0x00000000
     180035.000 ns	     18002	80003cb4	02d85cb3	divu	x25,x16,x13	 x16:0x80040fe4 x13:0xffffffe0 x25=0x00000000
     180065.000 ns	     18005	80003cb8	e00f1ad3	fclass.s	x21,f30	 f30:0x00000000 x21=0x00000010
     180115.000 ns	     18010	80003cbc	01ab49d3	fadd.s	f19,f22,f26	 f22:0x00000000 f26:0x4f03c7a7 f19=0x4f03c7a7
     180145.000 ns	     18013	80003cc0	03210fb3	mul	x31,x2,x18	  x2:0x5f7ffffe x18:0x277ebb27 x31=0xbd8289b2
     180165.000 ns	     18015	80003cc4	01e041b3	xor	x3,x0,x30	  x0:0x00000000 x30:0x11f9ffca  x3=0x11f9ffca
     180185.000 ns	     18017	80003cc8	a12791d3	flt.s	x3,f15,f18	 f15:0x00000000 f18:0x4c72ec00  x3=0x00000001
     180205.000 ns	     18019	80003ccc	01b4a5b3	slt	x11,x9,x27	  x9:0x447e7ff2 x27:0x6c9c2000 x11=0x00000001
     180215.000 ns	     18020	80003cd0	40c45f33	sra	x30,x8,x12	  x8:0x00000000 x12:0x00000000 x30=0x00000000
     180225.000 ns	     18021	80003cd4	5212c393	xori	x7,x5,1313	  x5:0x00000001  x7=0x00000520
     180235.000 ns	     18022	80003cd8	8da87d93	andi	x27,x16,-1830	 x16:0x80040fe4 x27=0x800408c0
     180245.000 ns	     18023	80003cdc	016632b3	sltu	x5,x12,x22	 x12:0x00000000 x22:0x00000001  x5=0x00000001
     180265.000 ns	     18025	80003ce0	a13d1b53	flt.s	x22,f26,f19	 f26:0x4f03c7a7 f19:0x4f03c7a7 x22=0x00000000
     180305.000 ns	     18029	80003ce4	19fb77d3	fdiv.s	f15,f22,f31	 f22:0x00000000 f31:0x3f7fffae f15=0x00000000
     180325.000 ns	     18031	80003ce8	56872117	auipc	x2,0x56872	  x2=0xd6875ce8
     180345.000 ns	     18033	80003cec	e00a8253	fmv.x.w	x4,f21	 f21:0x3f800000  x4=0x3f800000
     180375.000 ns	     18036	80003cf0	c011f253	fcvt.wu.s	x4,f3	  f3:0x00000000  x4=0x00000000
     180395.000 ns	     18038	80003cf4	01951a93	slli	x21,x10,0x19	 x10:0x00000000 x21=0x00000000
     180755.000 ns	     18074	80003cf8	03f6c333	div	x6,x13,x31	 x13:0xffffffe0 x31:0xbd8289b2  x6=0x00000000
     180785.000 ns	     18077	80003cfc	d0131ad3	fcvt.s.wu	f21,x6	  x6:0x00000040 f21=0x00000000
     180815.000 ns	     18080	80003d00	20712853	fsgnjx.s	f16,f2,f7	  f2:0x00000000  f7:0x40fffeaa f16=0x00000000
     180835.000 ns	     18082	80003d04	8f668f13	addi	x30,x13,-1802	 x13:0xffffffe0 x30=0xfffff8d6
     180845.000 ns	     18083	80003d08	00847233	and	x4,x8,x8	  x8:0x00000000  x8:0x00000000  x4=0x00000000
     180865.000 ns	     18085	80003d0c	02e3b6b3	mulhu	x13,x7,x14	  x7:0x00000520 x14:0x72cb4a24 x13=0x0000024c
     180895.000 ns	     18088	80003d10	a14218d3	flt.s	x17,f4,f20	  f4:0x00000000 f20:0x4335042a x17=0x00000001
     180925.000 ns	     18091	80003d14	0272a4b3	mulhsu	x9,x5,x7	  x5:0x00000001  x7:0x00000520  x9=0x00000000
     180955.000 ns	     18094	80003d18	a1b808d3	fle.s	x17,f16,f27	 f16:0x00000000 f27:0xcf7fffff x17=0x00000000
     181325.000 ns	     18131	80003d1c	03eff133	remu	x2,x31,x30	 x31:0xbd8289b2 x30:0xfffff8d6  x2=0xbd8289b2
     181345.000 ns	     18133	80003d20	000a5b93	srli	x23,x20,0x0	 x20:0x80041024 x23=0x80041024
     181355.000 ns	     18134	80003d24	414202b3	sub	x5,x4,x20	  x4:0x00000000 x20:0x80041024  x5=0x7ffbefdc
     181375.000 ns	     18136	80003d28	c01f7253	fcvt.wu.s	x4,f30	 f30:0x00000000  x4=0x00000000
     181745.000 ns	     18173	80003d2c	02504f33	div	x30,x0,x5	  x0:0x00000000  x5:0x00000001 x30=0x00000000
     181765.000 ns	     18175	80003d30	01adde13	srli	x28,x27,0x1a	 x27:0x800408c0 x28=0x00000020
     181795.000 ns	     18178	80003d34	10272ed3	fmul.s	f29,f14,f2	 f14:0x00000000  f2:0x00000000 f29=0x00000000
     181815.000 ns	     18180	80003d38	003a5033	srl	x0,x20,x3	 x20:0x80041024  x3:0x00000001
     181835.000 ns	     18182	80003d3c	203c09d3	fsgnj.s	f19,f24,f3	 f24:0x4d0f9000  f3:0x00000000 f19=0x4d0f9000
     181865.000 ns	     18185	80003d40	02d6a0b3	mulhsu	x1,x13,x13	 x13:0x0000024c x13:0x0000024c  x1=0x00000000
     181895.000 ns	     18188	80003d44	d0067ad3	fcvt.s.w	f21,x12	 x12:0x00000000 f21=0x00000000
     181915.000 ns	     18190	80003d48	83440413	addi	x8,x8,-1996	  x8:0x00000000  x8=0xfffff834
     181925.000 ns	     18191	80003d4c	004c8db3	add	x27,x25,x4	 x25:0x00000000  x4:0x00000000 x27=0x00000000
     181935.000 ns	     18192	80003d50	7321b293	sltiu	x5,x3,1842	  x3:0x00000001  x5=0x00000001
     181955.000 ns	     18194	80003d54	0369ceb3	div	x29,x19,x22	 x19:0x00000000 x22:0x00000000 x29=0xffffffff
     181985.000 ns	     18197	80003d58	0350b7b3	mulhu	x15,x1,x21	  x1:0x00000000 x21:0x00000000 x15=0x00000000
     182005.000 ns	     18199	80003d5c	00f858b3	srl	x17,x16,x15	 x16:0x80040fe4 x15:0x00000001 x17=0x80040fe4
     182025.000 ns	     18201	80003d60	033041b3	div	x3,x0,x19	  x0:0x00000000 x19:0x00000000  x3=0xffffffff
     182045.000 ns	     18203	80003d64	01d6c7b3	xor	x15,x13,x29	 x13:0x0000024c x29:0xffffffff x15=0xfffffdb3
     182065.000 ns	     18205	80003d68	036d00b3	mul	x1,x26,x22	 x26:0x00000000 x22:0x00000000  x1=0x00000000
     182105.000 ns	     18209	80003d6c	198efed3	fdiv.s	f29,f29,f24	 f29:0x00000000 f24:0x4d0f9000 f29=0x00000000
     182135.000 ns	     18212	80003d70	218225d3	fsgnjx.s	f11,f4,f24	  f4:0x00000000 f24:0x4d0f9000 f11=0x00000000
     182155.000 ns	     18214	80003d74	0195cab3	xor	x21,x11,x25	 x11:0x00000001 x25:0x00000000 x21=0x00000001
     182175.000 ns	     18216	80003d78	02c80633	mul	x12,x16,x12	 x16:0x80040fe4 x12:0x00000000 x12=0x00000000
     182205.000 ns	     18219	80003d7c	f00b0d53	fmv.w.x	f26,x22	 x22:0x00000000 f26=0x00000000
     182575.000 ns	     18256	80003d80	030a7533	remu	x10,x20,x16	 x20:0x80041024 x16:0x80040fe4 x10=0x00000040
     182595.000 ns	     18258	80003d84	91c64913	xori	x18,x12,-1764	 x12:0x00000000 x18=0xfffff91c
     182615.000 ns	     18260	80003d88	e00e84d3	fmv.x.w	x9,f29	 f29:0x00000000  x9=0x00000000
     183795.000 ns	     18378	80003d8c	58002ad3	fsqrt.s	f21,f0	  f0:0x5f7ffffe f21=0x4f350461
     183825.000 ns	     18381	80003d90	20192b53	fsgnjx.s	f22,f18,f1	 f18:0x4c72ec00  f1:0xcf7fffff f22=0xcc72ec00
     183855.000 ns	     18384	80003d94	209891d3	fsgnjn.s	f3,f17,f9	 f17:0x00000000  f9:0x4f7fffff  f3=0x80000000
     183885.000 ns	     18387	80003d98	d0057dd3	fcvt.s.w	f27,x10	 x10:0x00000040 f27=0x42800000
     183905.000 ns	     18389	80003d9c	ea137c93	andi	x25,x6,-351	  x6:0x00000000 x25=0x00000000
     183915.000 ns	     18390	80003da0	01a609b3	add	x19,x12,x26	 x12:0x00000000 x26:0x00000000 x19=0x00000000
     183935.000 ns	     18392	80003da4	c00e2e53	fcvt.w.s	x28,f28	 f28:0x4efff7e1 x28=0x7ffbf080
     183975.000 ns	     18396	80003da8	116f4453	fmul.s	f8,f30,f22	 f30:0x00000000 f22:0xcc72ec00  f8=0x80000000
     184005.000 ns	     18399	80003dac	02e23333	mulhu	x6,x4,x14	  x4:0x00000000 x14:0x72cb4a24  x6=0x00000000
     184375.000 ns	     18436	80003db0	028665b3	rem	x11,x12,x8	 x12:0x00000000  x8:0xfffff834 x11=0x00000000
     184405.000 ns	     18439	80003db4	0361d7b3	divu	x15,x3,x22	  x3:0xffffffff x22:0x00000000 x15=0xffffffff
     184435.000 ns	     18442	80003db8	219a8c53	fsgnj.s	f24,f21,f25	 f21:0x4f350461 f25:0x80000000 f24=0xcf350461
     184465.000 ns	     18445	80003dbc	c00ffb53	fcvt.w.s	x22,f31	 f31:0x3f7fffae x22=0x00000000
     184495.000 ns	     18448	80003dc0	e0068153	fmv.x.w	x2,f13	 f13:0x5efff7ee  x2=0x5efff7ee
     184525.000 ns	     18451	80003dc4	a1790dd3	fle.s	x27,f18,f23	 f18:0x4c72ec00 f23:0xcf7fffff x27=0x00000000
     184555.000 ns	     18454	80003dc8	e0028453	fmv.x.w	x8,f5	  f5:0x3f800000  x8=0x3f800000
     184575.000 ns	     18456	80003dcc	01b346b3	xor	x13,x6,x27	  x6:0x00000000 x27:0x00000000 x13=0x00000000
     184585.000 ns	     18457	80003dd0	00fbd093	srli	x1,x23,0xf	 x23:0x80041024  x1=0x00010008
     184915.000 ns	     18490	80003dd4	198aa153	fdiv.s	f2,f21,f24	 f21:0x4f350461 f24:0xcf350461  f2=0xbf350462
     184945.000 ns	     18493	80003dd8	02b92c33	mulhsu	x24,x18,x11	 x18:0xfffff91c x11:0x00000000 x24=0x00000000
     184965.000 ns	     18495	80003ddc	01722b33	slt	x22,x4,x23	  x4:0x00000000 x23:0x80041024 x22=0x00000000
     184985.000 ns	     18497	80003de0	038dff33	remu	x30,x27,x24	 x27:0x00000000 x24:0x00000000 x30=0x00000000
     185015.000 ns	     18500	80003de4	215b0dd3	fsgnj.s	f27,f22,f21	 f22:0xcc72ec00 f21:0x4f350461 f27=0x4c72ec00
     185045.000 ns	     18503	80003de8	d0028ad3	fcvt.s.w	f21,x5	  x5:0x00000001 f21=0x3f800000
     185075.000 ns	     18506	80003dec	212983d3	fsgnj.s	f7,f19,f18	 f19:0x4d0f9000 f18:0x4c72ec00  f7=0x4d0f9000
     185095.000 ns	     18508	80003df0	1d57ce13	xori	x28,x15,469	 x15:0xffffffff x28=0xfffffe2a
     185115.000 ns	     18510	80003df4	c0197353	fcvt.wu.s	x6,f18	 f18:0x4c72ec00  x6=0x03cbb000
     185135.000 ns	     18512	80003df8	405c8033	sub	x0,x25,x5	 x25:0x00000000  x5:0x00000001
     185155.000 ns	     18514	80003dfc	0278aeb3	mulhsu	x29,x17,x7	 x17:0x80040fe4  x7:0x00000520 x29=0xfffffd70
     185175.000 ns	     18516	80003e00	fc7a6db7	lui	x27,0xfc7a6	 x27=0xfc7a6000
     185185.000 ns	     18517	80003e04	0113de93	srli	x29,x7,0x11	  x7:0x00000520 x29=0x00000000
     185205.000 ns	     18519	80003e08	20359e53	fsgnjn.s	f28,f11,f3	 f11:0x00000000  f3:0x80000000 f28=0x00000000
     185575.000 ns	     18556	80003e0c	0231fcb3	remu	x25,x3,x3	  x3:0xffffffff  x3:0xffffffff x25=0x00000000
     185625.000 ns	     18561	80003e10	0861f0d3	fsub.s	f1,f3,f6	  f3:0x80000000  f6:0xcefff7e1  f1=0x4efff7e1
     185655.000 ns	     18564	80003e14	c00372d3	fcvt.w.s	x5,f6	  f6:0xcefff7e1  x5=0x7ffbf080
     185685.000 ns	     18567	80003e18	021989b3	mul	x19,x19,x1	 x19:0x00000000  x1:0x00010008 x19=0x00000000
     185735.000 ns	     18572	80003e1c	01d91853	fadd.s	f16,f18,f29	 f18:0x4c72ec00 f29:0x00000000 f16=0x4c72ec00
     185775.000 ns	     18576	80003e20	10118a53	fmul.s	f20,f3,f1	  f3:0x80000000  f1:0x4efff7e1 f20=0x80000000
     185795.000 ns	     18578	80003e24	cb32f337	lui	x6,0xcb32f	  x6=0xcb32f000
     185815.000 ns	     18580	80003e28	200daad3	fsgnjx.s	f21,f27,f0	 f27:0x4c72ec00  f0:0x5f7ffffe f21=0x4c72ec00
     185835.000 ns	     18582	80003e2c	014e12b3	sll	x5,x28,x20	 x28:0xfffffe2a x20:0x80041024  x5=0xffffe2a0
     185855.000 ns	     18584	80003e30	03393ab3	mulhu	x21,x18,x19	 x18:0xfffff91c x19:0x00000000 x21=0x00000000
     185895.000 ns	     18588	80003e34	105af1d3	fmul.s	f3,f21,f5	 f21:0x4c72ec00  f5:0x3f800000  f3=0x4c72ec00
     185915.000 ns	     18590	80003e38	017838b3	sltu	x17,x16,x23	 x16:0x80040fe4 x23:0x80041024 x17=0x00000001
     185925.000 ns	     18591	80003e3c	f1fa4e93	xori	x29,x20,-225	 x20:0x80041024 x29=0x7ffbef3b
     185945.000 ns	     18593	80003e40	a18a0253	fle.s	x4,f20,f24	 f20:0x80000000 f24:0xcf350461  x4=0x00000000
     185975.000 ns	     18596	80003e44	03002ab3	mulhsu	x21,x0,x16	  x0:0x00000000 x16:0x80040fe4 x21=0x00000000
     186005.000 ns	     18599	80003e48	d019f653	fcvt.s.wu	f12,x19	 x19:0x00000000 f12=0x00000000
     186035.000 ns	     18602	80003e4c	032a1d33	mulh	x26,x20,x18	 x20:0x80041024 x18:0xfffff91c x26=0x00000371
     186085.000 ns	     18607	80003e50	086a14d3	fsub.s	f9,f20,f6	 f20:0x80000000  f6:0xcefff7e1  f9=0x4efff7e1
     186125.000 ns	     18611	80003e54	19e21753	fdiv.s	f14,f4,f30	  f4:0x00000000 f30:0x00000000 f14=0x7fc00000
     186495.000 ns	     18648	80003e58	0222fc33	remu	x24,x5,x2	  x5:0xffffe2a0  x2:0x5efff7ee x24=0x41fff2c4
     186525.000 ns	     18651	80003e5c	02ef01b3	mul	x3,x30,x14	 x30:0x00000000 x14:0x72cb4a24  x3=0x00000000
     186545.000 ns	     18653	80003e60	dc30bd93	sltiu	x27,x1,-573	  x1:0x00010008 x27=0x00000001
     186565.000 ns	     18655	80003e64	03952033	mulhsu	x0,x10,x25	 x10:0x00000040 x25:0x00000000
     186905.000 ns	     18689	80003e68	19737ed3	fdiv.s	f29,f6,f23	  f6:0xcefff7e1 f23:0xcf7fffff f29=0x3efff7e2
     186925.000 ns	     18691	80003e6c	41a46593	ori	x11,x8,1050	  x8:0x3f800000 x11=0x3f80041a
     186945.000 ns	     18693	80003e70	286c90d3	fmax.s	f1,f25,f6	 f25:0x80000000  f6:0xcefff7e1  f1=0x80000000
     186975.000 ns	     18696	80003e74	20f7a653	fsgnjx.s	f12,f15,f15	 f15:0x00000000 f15:0x00000000 f12=0x00000000
     187005.000 ns	     18699	80003e78	f0010453	fmv.w.x	f8,x2	  x2:0x5efff7ee  f8=0x5efff7ee
     187035.000 ns	     18702	80003e7c	03a68e33	mul	x28,x13,x26	 x13:0x00000000 x26:0x00000371 x28=0x00000000
     187055.000 ns	     18704	80003e80	01248eb3	add	x29,x9,x18	  x9:0x00000000 x18:0xfffff91c x29=0xfffff91c
     187075.000 ns	     18706	80003e84	039fcfb3	div	x31,x31,x25	 x31:0xbd8289b2 x25:0x00000000 x31=0xffffffff
     187105.000 ns	     18709	80003e88	c00fbdd3	fcvt.w.s	x27,f31	 f31:0x3f7fffae x27=0x00000001
     187135.000 ns	     18712	80003e8c	29409053	fmax.s	f0,f1,f20	  f1:0x80000000 f20:0x80000000  f0=0x80000000
     187165.000 ns	     18715	80003e90	d0027d53	fcvt.s.w	f26,x4	  x4:0x00000000 f26=0x00000000
     187185.000 ns	     18717	80003e94	00000013	addi	x0,x0,0	  x0:0x00000000
     187205.000 ns	     18719	80003e98	03e41f33	mulh	x30,x8,x30	  x8:0x3f800000 x30:0x00000000 x30=0x00000000
     187235.000 ns	     18722	80003e9c	294e07d3	fmin.s	f15,f28,f20	 f28:0x00000000 f20:0x80000000 f15=0x80000000
     187285.000 ns	     18727	80003ea0	001972d3	fadd.s	f5,f18,f1	 f18:0x4c72ec00  f1:0x80000000  f5=0x4c72ec00
     187305.000 ns	     18729	80003ea4	00b5b033	sltu	x0,x11,x11	 x11:0x3f80041a x11:0x3f80041a
     187315.000 ns	     18730	80003ea8	00baa333	slt	x6,x21,x11	 x21:0x00000000 x11:0x3f80041a  x6=0x00000001
     187325.000 ns	     18731	80003eac	4cd5a113	slti	x2,x11,1229	 x11:0x3f80041a  x2=0x00000000
     187345.000 ns	     18733	80003eb0	c0167353	fcvt.wu.s	x6,f12	 f12:0x00000000  x6=0x00000000
     187375.000 ns	     18736	80003eb4	033bb8b3	mulhu	x17,x23,x19	 x23:0x80041024 x19:0x00000000 x17=0x00000000
     187405.000 ns	     18739	80003eb8	d0137e53	fcvt.s.wu	f28,x6	  x6:0x00000000 f28=0x00000000
     187425.000 ns	     18741	80003ebc	01495db3	srl	x27,x18,x20	 x18:0xfffff91c x20:0x80041024 x27=0x0fffff91
     187445.000 ns	     18743	80003ec0	29ea9653	fmax.s	f12,f21,f30	 f21:0x4c72ec00 f30:0x00000000 f12=0x4c72ec00
     187465.000 ns	     18745	80003ec4	003bdc33	srl	x24,x23,x3	 x23:0x80041024  x3:0x00000000 x24=0x80041024
     187475.000 ns	     18746	80003ec8	00ad44b3	xor	x9,x26,x10	 x26:0x00000371 x10:0x00000040  x9=0x00000331
     187485.000 ns	     18747	80003ecc	4013d793	srai	x15,x7,0x1	  x7:0x00000520 x15=0x00000290
     187495.000 ns	     18748	80003ed0	001f3433	sltu	x8,x30,x1	 x30:0x00000000  x1:0x00010008  x8=0x00000001
     187505.000 ns	     18749	80003ed4	69aa8193	addi	x3,x21,1690	 x21:0x00000000  x3=0x0000069a
     187515.000 ns	     18750	80003ed8	b510d6b7	lui	x13,0xb510d	 x13=0xb510d000
     187525.000 ns	     18751	80003edc	00090933	add	x18,x18,x0	 x18:0xfffff91c  x0:0x00000000 x18=0xfffff91c
     187545.000 ns	     18753	80003ee0	03316eb3	rem	x29,x2,x19	  x2:0x00000000 x19:0x00000000 x29=0x00000000
     187565.000 ns	     18755	80003ee4	00291333	sll	x6,x18,x2	 x18:0xfffff91c  x2:0x00000000  x6=0xfffff91c
     187575.000 ns	     18756	80003ee8	b8cef693	andi	x13,x29,-1140	 x29:0x00000000 x13=0x00000000
     187585.000 ns	     18757	80003eec	01030fb3	add	x31,x6,x16	  x6:0x00000000 x16:0x80040fe4 x31=0x80040900
     187595.000 ns	     18758	80003ef0	008f5493	srli	x9,x30,0x8	 x30:0x00000000  x9=0x00000000
     187605.000 ns	     18759	80003ef4	0150a9b3	slt	x19,x1,x21	  x1:0x00010008 x21:0x00000000 x19=0x00000000
     187615.000 ns	     18760	80003ef8	0092a033	slt	x0,x5,x9	  x5:0xffffe2a0  x9:0x00000331
     187625.000 ns	     18761	80003efc	4103dbb3	sra	x23,x7,x16	  x7:0x00000520 x16:0x80040fe4 x23=0x00000052
     187645.000 ns	     18763	80003f00	035b3e33	mulhu	x28,x22,x21	 x22:0x00000000 x21:0x00000000 x28=0x00000000
     187675.000 ns	     18766	80003f04	f0000353	fmv.w.x	f6,x0	  x0:0x00000000  f6=0x00000000
     187705.000 ns	     18769	80003f08	a0670d53	fle.s	x26,f14,f6	 f14:0x7fc00000  f6:0xcefff7e1 x26=0x00000000
     187725.000 ns	     18771	80003f0c	7ad44fb7	lui	x31,0x7ad44	 x31=0x7ad44000
     187745.000 ns	     18773	80003f10	020226b3	mulhsu	x13,x4,x0	  x4:0x00000000  x0:0x00000000 x13=0x00000000
     187785.000 ns	     18777	80003f14	183ca2d3	fdiv.s	f5,f25,f3	 f25:0x80000000  f3:0x4c72ec00  f5=0x80000000
     187805.000 ns	     18779	80003f18	0092a133	slt	x2,x5,x9	  x5:0xffffe2a0  x9:0x00000000  x2=0x00000001
     187825.000 ns	     18781	80003f1c	03fc25b3	mulhsu	x11,x24,x31	 x24:0x80041024 x31:0x7ad44000 x11=0xc297d30f
     187845.000 ns	     18783	80003f20	013f1f33	sll	x30,x30,x19	 x30:0x00000000 x19:0x00000000 x30=0x00000000
     187855.000 ns	     18784	80003f24	00000013	addi	x0,x0,0	  x0:0x00000000
     187865.000 ns	     18785	80003f28	00c42d33	slt	x26,x8,x12	  x8:0x00000001 x12:0x00000000 x26=0x00000000
     187885.000 ns	     18787	80003f2c	20b38d53	fsgnj.s	f26,f7,f11	  f7:0x4d0f9000 f11:0x00000000 f26=0x4d0f9000
     187905.000 ns	     18789	80003f30	00dc16b3	sll	x13,x24,x13	 x24:0x80041024 x13:0x00000000 x13=0x80041024
     187945.000 ns	     18793	80003f34	09cffed3	fsub.s	f29,f31,f28	 f31:0x3f7fffae f28:0x00000000 f29=0x3f7fffae
     187965.000 ns	     18795	80003f38	00cb3633	sltu	x12,x22,x12	 x22:0x00000000 x12:0x00000000 x12=0x00000000
     187985.000 ns	     18797	80003f3c	033ee1b3	rem	x3,x29,x19	 x29:0x00000000 x19:0x00000000  x3=0x00000000
     188015.000 ns	     18800	80003f40	02009533	mulh	x10,x1,x0	  x1:0x00010008  x0:0x00000000 x10=0x00000000
     188035.000 ns	     18802	80003f44	00471a93	slli	x21,x14,0x4	 x14:0x72cb4a24 x21=0x2cb4a240
     188045.000 ns	     18803	80003f48	00abfcb3	and	x25,x23,x10	 x23:0x00000052 x10:0x00000000 x25=0x00000000
     188065.000 ns	     18805	80003f4c	d01b3f53	fcvt.s.wu	f30,x22	 x22:0x00000000 f30=0x00000000
     188085.000 ns	     18807	80003f50	418bd013	srai	x0,x23,0x18	 x23:0x00000052
     188105.000 ns	     18809	80003f54	c006b4d3	fcvt.w.s	x9,f13	 f13:0x5efff7ee  x9=0x7fffffff
     188135.000 ns	     18812	80003f58	d01ecdd3	fcvt.s.wu	f27,x29	 x29:0x00000000 f27=0x00000000
     188155.000 ns	     18814	80003f5c	01979293	slli	x5,x15,0x19	 x15:0x00000290  x5=0x20000000
     188175.000 ns	     18816	80003f60	21e70f53	fsgnj.s	f30,f14,f30	 f14:0x7fc00000 f30:0x00000000 f30=0x7fc00000
     188205.000 ns	     18819	80003f64	f00f8d53	fmv.w.x	f26,x31	 x31:0x7ad44000 f26=0x7ad44000
     188235.000 ns	     18822	80003f68	e0098053	fmv.x.w	x0,f19	 f19:0x4d0f9000
     188265.000 ns	     18825	80003f6c	025f31b3	mulhu	x3,x30,x5	 x30:0x00000000  x5:0x20000000  x3=0x00000000
     188295.000 ns	     18828	80003f70	c001fe53	fcvt.w.s	x28,f3	  f3:0x4c72ec00 x28=0x03cbb000
     188315.000 ns	     18830	80003f74	fa7f3517	auipc	x10,0xfa7f3	 x10=0x7a7f6f74
     188335.000 ns	     18832	80003f78	201fa653	fsgnjx.s	f12,f31,f1	 f31:0x3f7fffae  f1:0x80000000 f12=0xbf7fffae
     188355.000 ns	     18834	80003f7c	00000013	addi	x0,x0,0	  x0:0x00000000
     188365.000 ns	     18835	80003f80	00c55233	srl	x4,x10,x12	 x10:0x7a7f6f74 x12:0x00000000  x4=0x7a7f6f74
     188385.000 ns	     18837	80003f84	29ee87d3	fmin.s	f15,f29,f30	 f29:0x3f7fffae f30:0x7fc00000 f15=0x3f7fffae
     188415.000 ns	     18840	80003f88	f0050ed3	fmv.w.x	f29,x10	 x10:0x7a7f6f74 f29=0x7a7f6f74
     188435.000 ns	     18842	80003f8c	ec4e5917	auipc	x18,0xec4e5	 x18=0x6c4e8f8c
     188475.000 ns	     18846	80003f90	09f48a53	fsub.s	f20,f9,f31	  f9:0x4efff7e1 f31:0x3f7fffae f20=0x4efff7e1
     188505.000 ns	     18849	80003f94	03db5fb3	divu	x31,x22,x29	 x22:0x00000000 x29:0x00000000 x31=0xffffffff
     188535.000 ns	     18852	80003f98	20fc1a53	fsgnjn.s	f20,f24,f15	 f24:0xcf350461 f15:0x3f7fffae f20=0xcf350461
     188555.000 ns	     18854	80003f9c	01eb9113	slli	x2,x23,0x1e	 x23:0x00000052  x2=0x80000000
     188575.000 ns	     18856	80003fa0	03ca3fb3	mulhu	x31,x20,x28	 x20:0x80041024 x28:0x03cbb000 x31=0x01e5e76c
     188595.000 ns	     18858	80003fa4	7a0bbd13	sltiu	x26,x23,1952	 x23:0x00000052 x26=0x00000001
     188635.000 ns	     18862	80003fa8	00e677d3	fadd.s	f15,f12,f14	 f12:0xbf7fffae f14:0x7fc00000 f15=0x7fc00000
     188665.000 ns	     18865	80003fac	036ef0b3	remu	x1,x29,x22	 x29:0x00000000 x22:0x00000000  x1=0x00000000
     188695.000 ns	     18868	80003fb0	d01da653	fcvt.s.wu	f12,x27	 x27:0x0fffff91 f12=0x4d7ffffa
     188725.000 ns	     18871	80003fb4	f00206d3	fmv.w.x	f13,x4	  x4:0x7a7f6f74 f13=0x7a7f6f74
     188765.000 ns	     18875	80003fb8	580a4853	fsqrt.s	f16,f20	 f20:0xcf350461 f16=0x7fc00000
     188815.000 ns	     18880	80003fbc	000b2bd3	fadd.s	f23,f22,f0	 f22:0xcc72ec00  f0:0x80000000 f23=0xcc72ec00
     188845.000 ns	     18883	80003fc0	024b8fb3	mul	x31,x23,x4	 x23:0x00000052  x4:0x7a7f6f74 x31=0x3cd1b328
     188875.000 ns	     18886	80003fc4	c009ff53	fcvt.w.s	x30,f19	 f19:0x4d0f9000 x30=0x08f90000
     188895.000 ns	     18888	80003fc8	01e71c93	slli	x25,x14,0x1e	 x14:0x72cb4a24 x25=0x00000000
     188925.000 ns	     18891	80003fcc	188ca8d3	fdiv.s	f17,f25,f8	 f25:0x80000000  f8:0x5efff7ee f17=0x80000000
     188955.000 ns	     18894	80003fd0	d0180fd3	fcvt.s.wu	f31,x16	 x16:0x80040fe4 f31=0x4f000410
     188985.000 ns	     18897	80003fd4	d013a4d3	fcvt.s.wu	f9,x7	  x7:0x00000520  f9=0x44a40000
     189015.000 ns	     18900	80003fd8	02e8a8b3	mulhsu	x17,x17,x14	 x17:0x00000000 x14:0x72cb4a24 x17=0x00000000
     189045.000 ns	     18903	80003fdc	218b8653	fsgnj.s	f12,f23,f24	 f23:0xcc72ec00 f24:0xcf350461 f12=0xcc72ec00
     189075.000 ns	     18906	80003fe0	02a326b3	mulhsu	x13,x6,x10	  x6:0xfffff91c x10:0x7a7f6f74 x13=0xfffffcb3
     189095.000 ns	     18908	80003fe4	01375eb3	srl	x29,x14,x19	 x14:0x72cb4a24 x19:0x00000000 x29=0x72cb4a24
     189115.000 ns	     18910	80003fe8	d009fb53	fcvt.s.w	f22,x19	 x19:0x00000000 f22=0x00000000
     189135.000 ns	     18912	80003fec	89a60113	addi	x2,x12,-1894	 x12:0x00000000  x2=0xfffff89a
     189145.000 ns	     18913	80003ff0	4085d7b3	sra	x15,x11,x8	 x11:0xc297d30f  x8:0x00000001 x15=0xe14be987
     189165.000 ns	     18915	80003ff4	f00f83d3	fmv.w.x	f7,x31	 x31:0x3cd1b328  f7=0x3cd1b328
     189185.000 ns	     18917	80003ff8	0128c133	xor	x2,x17,x18	 x17:0x00000000 x18:0x6c4e8f8c  x2=0x6c4e8f8c
     189195.000 ns	     18918	80003ffc	f0015597	auipc	x11,0xf0015	 x11=0x70018ffc
     189205.000 ns	     18919	80004000	008565b3	or	x11,x10,x8	 x10:0x7a7f6f74  x8:0x00000001 x11=0x7a7f6f75
     189225.000 ns	     18921	80004004	285c9653	fmax.s	f12,f25,f5	 f25:0x80000000  f5:0x80000000 f12=0x80000000
     189265.000 ns	     18925	80004008	1178fe53	fmul.s	f28,f17,f23	 f17:0x80000000 f23:0xcc72ec00 f28=0x00000000
     189285.000 ns	     18927	8000400c	00fed333	srl	x6,x29,x15	 x29:0x72cb4a24 x15:0xe14be987  x6=0x00e59694
     189305.000 ns	     18929	80004010	287686d3	fmin.s	f13,f13,f7	 f13:0x7a7f6f74  f7:0x3cd1b328 f13=0x3cd1b328
     189325.000 ns	     18931	80004014	001ecab3	xor	x21,x29,x1	 x29:0x72cb4a24  x1:0x00000000 x21=0x72cb4a24
     189345.000 ns	     18933	80004018	026fbab3	mulhu	x21,x31,x6	 x31:0x3cd1b328  x6:0x00e59694 x21=0x00368b5b
     189715.000 ns	     18970	8000401c	03524fb3	div	x31,x4,x21	  x4:0x7a7f6f74 x21:0x2cb4a240 x31=0x0000023e
     189755.000 ns	     18974	80004020	11e1fd53	fmul.s	f26,f3,f30	  f3:0x4c72ec00 f30:0x7fc00000 f26=0x7fc00000
     189775.000 ns	     18976	80004024	00502d33	slt	x26,x0,x5	  x0:0x00000000  x5:0x20000000 x26=0x00000001
     189785.000 ns	     18977	80004028	26f96e93	ori	x29,x18,623	 x18:0x6c4e8f8c x29=0x6c4e8fef
     189795.000 ns	     18978	8000402c	014f8eb3	add	x29,x31,x20	 x31:0x0000023e x20:0x80041024 x29=0x80041262
     189805.000 ns	     18979	80004030	11a4f313	andi	x6,x9,282	  x9:0x7fffffff  x6=0x0000011a
     189825.000 ns	     18981	80004034	20c72ed3	fsgnjx.s	f29,f14,f12	 f14:0x7fc00000 f12:0x80000000 f29=0xffc00000
     189865.000 ns	     18985	80004038	19bc0e53	fdiv.s	f28,f24,f27	 f24:0xcf350461 f27:0x00000000 f28=0xff800000
     189885.000 ns	     18987	8000403c	002efcb3	and	x25,x29,x2	 x29:0x80041262  x2:0x6c4e8f8c x25=0x00040200
     189905.000 ns	     18989	80004040	21ac89d3	fsgnj.s	f19,f25,f26	 f25:0x80000000 f26:0x7fc00000 f19=0x00000000
     189935.000 ns	     18992	80004044	0212a0b3	mulhsu	x1,x5,x1	  x5:0x20000000  x1:0x00000000  x1=0x00000000
     189955.000 ns	     18994	80004048	01a480b3	add	x1,x9,x26	  x9:0x7fffffff x26:0x00000001  x1=0x80000000
     189975.000 ns	     18996	8000404c	a1261ed3	flt.s	x29,f12,f18	 f12:0x80000000 f18:0x4c72ec00 x29=0x00000001
     190005.000 ns	     18999	80004050	e00194d3	fclass.s	x9,f3	  f3:0x4c72ec00  x9=0x00000040
     190035.000 ns	     19002	80004054	21659ad3	fsgnjn.s	f21,f11,f22	 f11:0x00000000 f22:0x00000000 f21=0x80000000
     190065.000 ns	     19005	80004058	e0028bd3	fmv.x.w	x23,f5	  f5:0x80000000 x23=0x80000000
     190085.000 ns	     19007	8000405c	01045f93	srli	x31,x8,0x10	  x8:0x00000001 x31=0x00000000
     190095.000 ns	     19008	80004060	007b54b3	srl	x9,x22,x7	 x22:0x00000000  x7:0x00000520  x9=0x00000000
     190105.000 ns	     19009	80004064	00d31513	slli	x10,x6,0xd	  x6:0x0000011a x10=0x00234000
     190125.000 ns	     19011	80004068	03ce9ab3	mulh	x21,x29,x28	 x29:0x00000001 x28:0x03cbb000 x21=0x00000000
     190495.000 ns	     19048	8000406c	028cd233	divu	x4,x25,x8	 x25:0x00040200  x8:0x00000001  x4=0x00040200
     190865.000 ns	     19085	80004070	03aac433	div	x8,x21,x26	 x21:0x00000000 x26:0x00000001  x8=0x00000000
     190895.000 ns	     19088	80004074	213283d3	fsgnj.s	f7,f5,f19	  f5:0x80000000 f19:0x00000000  f7=0x00000000
     190925.000 ns	     19091	80004078	e0050e53	fmv.x.w	x28,f10	 f10:0x413fff55 x28=0x413fff55
     190955.000 ns	     19094	8000407c	d005f953	fcvt.s.w	f18,x11	 x11:0x7a7f6f75 f18=0x4ef4fede
     190975.000 ns	     19096	80004080	798ed497	auipc	x9,0x798ed	  x9=0xf98f1080
     190985.000 ns	     19097	80004084	01b9eb33	or	x22,x19,x27	 x19:0x00000000 x27:0x0fffff91 x22=0x0fffff91
     191005.000 ns	     19099	80004088	02478b33	mul	x22,x15,x4	 x15:0xe14be987  x4:0x00040200 x22=0x3def0e00
     191025.000 ns	     19101	8000408c	010580b3	add	x1,x11,x16	 x11:0x7a7f6f75 x16:0x80040fe4  x1=0xfa837f59
     191045.000 ns	     19103	80004090	031f2033	mulhsu	x0,x30,x17	 x30:0x08f90000 x17:0x00000000
     191065.000 ns	     19105	80004094	5e33c013	xori	x0,x7,1507	  x7:0x00000520
     191085.000 ns	     19107	80004098	29580453	fmin.s	f8,f16,f21	 f16:0x7fc00000 f21:0x80000000  f8=0x80000000
     191105.000 ns	     19109	8000409c	01765d33	srl	x26,x12,x23	 x12:0x00000000 x23:0x80000000 x26=0x00000000
     191115.000 ns	     19110	800040a0	00c427b3	slt	x15,x8,x12	  x8:0x00000000 x12:0x00000000 x15=0x00000000
     191125.000 ns	     19111	800040a4	016da0b3	slt	x1,x27,x22	 x27:0x0fffff91 x22:0x3def0e00  x1=0x00000001
     191145.000 ns	     19113	800040a8	d01facd3	fcvt.s.wu	f25,x31	 x31:0x00000000 f25=0x00000000
     191175.000 ns	     19116	800040ac	c01232d3	fcvt.wu.s	x5,f4	  f4:0x00000000  x5=0x00000000
     191195.000 ns	     19118	800040b0	41e05d13	srai	x26,x0,0x1e	  x0:0x00000000 x26=0x00000000
     191205.000 ns	     19119	800040b4	0135c533	xor	x10,x11,x19	 x11:0x7a7f6f75 x19:0x00000000 x10=0x7a7f6f75
     191225.000 ns	     19121	800040b8	03a46633	rem	x12,x8,x26	  x8:0x00000000 x26:0x00000000 x12=0x00000000
     191255.000 ns	     19124	800040bc	200593d3	fsgnjn.s	f7,f11,f0	 f11:0x00000000  f0:0x80000000  f7=0x00000000
     191285.000 ns	     19127	800040c0	034e0d33	mul	x26,x28,x20	 x28:0x413fff55 x20:0x80041024 x26=0xaa4937f4
     191305.000 ns	     19129	800040c4	013849b3	xor	x19,x16,x19	 x16:0x80040fe4 x19:0x00000000 x19=0x80040fe4
     191315.000 ns	     19130	800040c8	42654b93	xori	x23,x10,1062	 x10:0x7a7f6f75 x23=0x7a7f6b53
     191355.000 ns	     19134	800040cc	0175a453	fadd.s	f8,f11,f23	 f11:0x00000000 f23:0xcc72ec00  f8=0xcc72ec00
     191385.000 ns	     19137	800040d0	f0080853	fmv.w.x	f16,x16	 x16:0x80040fe4 f16=0x80040fe4
     191415.000 ns	     19140	800040d4	a0f60153	fle.s	x2,f12,f15	 f12:0x80000000 f15:0x7fc00000  x2=0x00000000
     191455.000 ns	     19144	800040d8	1841f353	fdiv.s	f6,f3,f4	  f3:0x4c72ec00  f4:0x00000000  f6=0x7f800000
     191485.000 ns	     19147	800040dc	f0078453	fmv.w.x	f8,x15	 x15:0x00000000  f8=0x00000000
     191505.000 ns	     19149	800040e0	014cd613	srli	x12,x25,0x14	 x25:0x00040200 x12=0x00000000
     191515.000 ns	     19150	800040e4	002bfcb3	and	x25,x23,x2	 x23:0x7a7f6b53  x2:0x00000000 x25=0x00000000
     191535.000 ns	     19152	800040e8	021690b3	mulh	x1,x13,x1	 x13:0xfffffcb3  x1:0x00000001  x1=0xffffffff
     191565.000 ns	     19155	800040ec	031469b3	rem	x19,x8,x17	  x8:0x00000000 x17:0x00000000 x19=0x00000000
     191585.000 ns	     19157	800040f0	8b074f93	xori	x31,x14,-1872	 x14:0x72cb4a24 x31=0x8d34b294
     191595.000 ns	     19158	800040f4	4118dc13	srai	x24,x17,0x11	 x17:0x00000000 x24=0x00000000
     191615.000 ns	     19160	800040f8	a0f01453	flt.s	x8,f0,f15	  f0:0x80000000 f15:0x7fc00000  x8=0x00000000
     191645.000 ns	     19163	800040fc	0234a5b3	mulhsu	x11,x9,x3	  x9:0xf98f1080  x3:0x00000000 x11=0x00000000
     191675.000 ns	     19166	80004100	c004cdd3	fcvt.w.s	x27,f9	  f9:0x44a40000 x27=0x00000520
     191705.000 ns	     19169	80004104	023a36b3	mulhu	x13,x20,x3	 x20:0x80041024  x3:0x00000000 x13=0x00000000
     191735.000 ns	     19172	80004108	03140fb3	mul	x31,x8,x17	  x8:0x00000000 x17:0x00000000 x31=0x00000000
     191755.000 ns	     19174	8000410c	018e20b3	slt	x1,x28,x24	 x28:0x413fff55 x24:0x00000000  x1=0x00000000
     192115.000 ns	     19210	80004110	03677233	remu	x4,x14,x22	 x14:0x72cb4a24 x22:0x3def0e00  x4=0x34dc3c24
     192135.000 ns	     19212	80004114	f729aeb7	lui	x29,0xf729a	 x29=0xf729a000
     192145.000 ns	     19213	80004118	01130133	add	x2,x6,x17	  x6:0x0000011a x17:0x00000000  x2=0x0000011a
     192165.000 ns	     19215	8000411c	03a71333	mulh	x6,x14,x26	 x14:0x72cb4a24 x26:0xaa4937f4  x6=0xd9908a27
     192195.000 ns	     19218	80004120	03f577b3	remu	x15,x10,x31	 x10:0x7a7f6f75 x31:0x00000000 x15=0x7a7f6f75
     192235.000 ns	     19222	80004124	1858add3	fdiv.s	f27,f17,f5	 f17:0x80000000  f5:0x80000000 f27=0x7fc00000
     192255.000 ns	     19224	80004128	a5cc0517	auipc	x10,0xa5cc0	 x10=0x25cc4128
     192275.000 ns	     19226	8000412c	0257cdb3	div	x27,x15,x5	 x15:0x7a7f6f75  x5:0x00000000 x27=0xffffffff
     192295.000 ns	     19228	80004130	40150333	sub	x6,x10,x1	 x10:0x7a7f6f75  x1:0x00000000  x6=0x25cc4128
     192325.000 ns	     19231	80004134	5807c8d3	fsqrt.s	f17,f15	 f15:0x7fc00000 f17=0x7fc00000
     192355.000 ns	     19234	80004138	0357f0b3	remu	x1,x15,x21	 x15:0x7a7f6f75 x21:0x00000000  x1=0x7a7f6f75
     192375.000 ns	     19236	8000413c	01e43eb3	sltu	x29,x8,x30	  x8:0x00000000 x30:0x08f90000 x29=0x00000001
     192415.000 ns	     19240	80004140	014a03d3	fadd.s	f7,f20,f20	 f20:0xcf350461 f20:0xcf350461  f7=0xcfb50461
     192445.000 ns	     19243	80004144	03f56933	rem	x18,x10,x31	 x10:0x25cc4128 x31:0x00000000 x18=0x25cc4128
     192465.000 ns	     19245	80004148	d7fb9497	auipc	x9,0xd7fb9	  x9=0x57fbd148
     192475.000 ns	     19246	8000414c	4fcb7793	andi	x15,x22,1276	 x22:0x3def0e00 x15=0x00000400
     192485.000 ns	     19247	80004150	00da41b3	xor	x3,x20,x13	 x20:0x80041024 x13:0x00000000  x3=0x80041024
     192495.000 ns	     19248	80004154	52fcb693	sltiu	x13,x25,1327	 x25:0x00000000 x13=0x00000001
     192515.000 ns	     19250	80004158	210001d3	fsgnj.s	f3,f0,f16	  f0:0x80000000 f16:0x80040fe4  f3=0x80000000
     192555.000 ns	     19254	8000415c	580aa553	fsqrt.s	f10,f21	 f21:0x80000000 f10=0x80000000
     192575.000 ns	     19256	80004160	00436d33	or	x26,x6,x4	  x6:0x25cc4128  x4:0x34dc3c24 x26=0x35dc7d2c
     192595.000 ns	     19258	80004164	21c7a2d3	fsgnjx.s	f5,f15,f28	 f15:0x7fc00000 f28:0xff800000  f5=0xffc00000
     192625.000 ns	     19261	80004168	a0bd04d3	fle.s	x9,f26,f11	 f26:0x7fc00000 f11:0x00000000  x9=0x00000000
     192645.000 ns	     19263	8000416c	01802133	slt	x2,x0,x24	  x0:0x00000000 x24:0x00000000  x2=0x00000000
     192655.000 ns	     19264	80004170	b5ccba97	auipc	x21,0xb5ccb	 x21=0x35ccf170
     192685.000 ns	     19267	80004174	10e3cad3	fmul.s	f21,f7,f14	  f7:0xcfb50461 f14:0x7fc00000 f21=0x7fc00000
     192705.000 ns	     19269	80004178	01c84e33	xor	x28,x16,x28	 x16:0x80040fe4 x28:0x413fff55 x28=0xc13bf0b1
     192725.000 ns	     19271	8000417c	29451853	fmax.s	f16,f10,f20	 f10:0x80000000 f20:0xcf350461 f16=0x80000000
     192745.000 ns	     19273	80004180	00de01b3	add	x3,x28,x13	 x28:0x413fff55 x13:0x00000001  x3=0xc13bf0b2
     192775.000 ns	     19276	80004184	181542d3	fdiv.s	f5,f10,f1	 f10:0x80000000  f1:0x80000000  f5=0x7fc00000
     192795.000 ns	     19278	80004188	0017e8b3	or	x17,x15,x1	 x15:0x00000400  x1:0x7a7f6f75 x17=0x7a7f6f75
     192815.000 ns	     19280	8000418c	03fedeb3	divu	x29,x29,x31	 x29:0x00000001 x31:0x00000000 x29=0xffffffff
     192835.000 ns	     19282	80004190	0186b133	sltu	x2,x13,x24	 x13:0x00000001 x24:0x00000000  x2=0x00000000
     192845.000 ns	     19283	80004194	41735293	srai	x5,x6,0x17	  x6:0x25cc4128  x5=0x0000004b
     192865.000 ns	     19285	80004198	28b48253	fmin.s	f4,f9,f11	  f9:0x44a40000 f11:0x00000000  f4=0x00000000
     192895.000 ns	     19288	8000419c	21ea0953	fsgnj.s	f18,f20,f30	 f20:0xcf350461 f30:0x7fc00000 f18=0x4f350461
     192925.000 ns	     19291	800041a0	a0a522d3	feq.s	x5,f10,f10	 f10:0x80000000 f10:0x80000000  x5=0x00000001
     192945.000 ns	     19293	800041a4	b29b6d93	ori	x27,x22,-1239	 x22:0x3def0e00 x27=0xffffff29
     192955.000 ns	     19294	800041a8	85568313	addi	x6,x13,-1963	 x13:0x00000001  x6=0xfffff856
     192975.000 ns	     19296	800041ac	03060033	mul	x0,x12,x16	 x12:0x00000000 x16:0x80040fe4
     192995.000 ns	     19298	800041b0	bdeb0913	addi	x18,x22,-1058	 x22:0x3def0e00 x18=0x3def09de
     193025.000 ns	     19301	800041b4	1105fb53	fmul.s	f22,f11,f16	 f11:0x00000000 f16:0x80000000 f22=0x80000000
     193055.000 ns	     19304	800041b8	03df06b3	mul	x13,x30,x29	 x30:0x08f90000 x29:0xffffffff x13=0xf7070000
     193075.000 ns	     19306	800041bc	0104c233	xor	x4,x9,x16	  x9:0x00000000 x16:0x80040fe4  x4=0x80040fe4
     193085.000 ns	     19307	800041c0	d8a4be13	sltiu	x28,x9,-630	  x9:0x00000000 x28=0x00000001
     193105.000 ns	     19309	800041c4	21362c53	fsgnjx.s	f24,f12,f19	 f12:0x80000000 f19:0x00000000 f24=0x80000000
     193155.000 ns	     19314	800041c8	01b2c253	fadd.s	f4,f5,f27	  f5:0x7fc00000 f27:0x7fc00000  f4=0x7fc00000
     193175.000 ns	     19316	800041cc	6ac2d637	lui	x12,0x6ac2d	 x12=0x6ac2d000
     193195.000 ns	     19318	800041d0	a14816d3	flt.s	x13,f16,f20	 f16:0x80000000 f20:0xcf350461 x13=0x00000000
     193215.000 ns	     19320	800041d4	da3a8993	addi	x19,x21,-605	 x21:0x35ccf170 x19=0x35ccef13
     193235.000 ns	     19322	800041d8	a0f008d3	fle.s	x17,f0,f15	  f0:0x80000000 f15:0x7fc00000 x17=0x00000000
     193255.000 ns	     19324	800041dc	40a880b3	sub	x1,x17,x10	 x17:0x7a7f6f75 x10:0x25cc4128  x1=0xda33bed8
     193275.000 ns	     19326	800041e0	21e597d3	fsgnjn.s	f15,f11,f30	 f11:0x00000000 f30:0x7fc00000 f15=0x80000000
     193305.000 ns	     19329	800041e4	e00494d3	fclass.s	x9,f9	  f9:0x44a40000  x9=0x00000040
     193675.000 ns	     19366	800041e8	02fa6d33	rem	x26,x20,x15	 x20:0x80041024 x15:0x00000400 x26=0xfffffc24
     193695.000 ns	     19368	800041ec	01891ab3	sll	x21,x18,x24	 x18:0x3def09de x24:0x00000000 x21=0x3def09de
     193715.000 ns	     19370	800041f0	a00726d3	feq.s	x13,f14,f0	 f14:0x7fc00000  f0:0x80000000 x13=0x00000000
     193765.000 ns	     19375	800041f4	00a28353	fadd.s	f6,f5,f10	  f5:0x7fc00000 f10:0x80000000  f6=0x7fc00000
     193795.000 ns	     19378	800041f8	a0ec24d3	feq.s	x9,f24,f14	 f24:0x80000000 f14:0x7fc00000  x9=0x00000000
     193825.000 ns	     19381	800041fc	03948b33	mul	x22,x9,x25	  x9:0x00000040 x25:0x00000000 x22=0x00000000
     193875.000 ns	     19386	80004200	01007653	fadd.s	f12,f0,f16	  f0:0x80000000 f16:0x80000000 f12=0x80000000
     193905.000 ns	     19389	80004204	a1ab93d3	flt.s	x7,f23,f26	 f23:0xcc72ec00 f26:0x7fc00000  x7=0x00000000
     193935.000 ns	     19392	80004208	d0061dd3	fcvt.s.w	f27,x12	 x12:0x6ac2d000 f27=0x4ed585a0
     193955.000 ns	     19394	8000420c	010c82b3	add	x5,x25,x16	 x25:0x00000000 x16:0x80040fe4  x5=0x80040fe4
     193965.000 ns	     19395	80004210	01898db3	add	x27,x19,x24	 x19:0x35ccef13 x24:0x00000000 x27=0x35ccef13
     193985.000 ns	     19397	80004214	e00187d3	fmv.x.w	x15,f3	  f3:0x80000000 x15=0x80000000
     194015.000 ns	     19400	80004218	e00b9653	fclass.s	x12,f23	 f23:0xcc72ec00 x12=0x00000002
     194385.000 ns	     19437	8000421c	034e4033	div	x0,x28,x20	 x28:0x00000001 x20:0x80041024
     194415.000 ns	     19440	80004220	a18b2b53	feq.s	x22,f22,f24	 f22:0x80000000 f24:0x80000000 x22=0x00000001
     194455.000 ns	     19444	80004224	580cfcd3	fsqrt.s	f25,f25	 f25:0x00000000 f25=0x00000000
     194485.000 ns	     19447	80004228	025b8633	mul	x12,x23,x5	 x23:0x7a7f6b53  x5:0x80040fe4 x12=0xbe1172ec
     194505.000 ns	     19449	8000422c	01ca22b3	slt	x5,x20,x28	 x20:0x80041024 x28:0x00000001  x5=0x00000001
     194525.000 ns	     19451	80004230	285a10d3	fmax.s	f1,f20,f5	 f20:0xcf350461  f5:0x7fc00000  f1=0xcf350461
     194555.000 ns	     19454	80004234	28fe96d3	fmax.s	f13,f29,f15	 f29:0xffc00000 f15:0x80000000 f13=0x80000000
     194575.000 ns	     19456	80004238	00858b33	add	x22,x11,x8	 x11:0x00000000  x8:0x00000000 x22=0x00000000
     194595.000 ns	     19458	8000423c	0277be33	mulhu	x28,x15,x7	 x15:0x80000000  x7:0x00000000 x28=0x00000000
     194615.000 ns	     19460	80004240	c37b4893	xori	x17,x22,-969	 x22:0x00000001 x17=0xfffffc37
     194635.000 ns	     19462	80004244	023a31b3	mulhu	x3,x20,x3	 x20:0x80041024  x3:0xc13bf0b2  x3=0x60a10977
     194685.000 ns	     19467	80004248	00eafd53	fadd.s	f26,f21,f14	 f21:0x7fc00000 f14:0x7fc00000 f26=0x7fc00000
     194715.000 ns	     19470	8000424c	d00f4f53	fcvt.s.w	f30,x30	 x30:0x08f90000 f30=0x4d0f9000
     194745.000 ns	     19473	80004250	a0c50b53	fle.s	x22,f10,f12	 f10:0x80000000 f12:0x80000000 x22=0x00000001
     194765.000 ns	     19475	80004254	015f6d33	or	x26,x30,x21	 x30:0x08f90000 x21:0x3def09de x26=0x3dff09de
     194775.000 ns	     19476	80004258	00edb433	sltu	x8,x27,x14	 x27:0x35ccef13 x14:0x72cb4a24  x8=0x00000001
     194795.000 ns	     19478	8000425c	03918133	mul	x2,x3,x25	  x3:0x60a10977 x25:0x00000000  x2=0x00000000
     194815.000 ns	     19480	80004260	010aa133	slt	x2,x21,x16	 x21:0x3def09de x16:0x80040fe4  x2=0x00000000
     194825.000 ns	     19481	80004264	00e5c3b3	xor	x7,x11,x14	 x11:0x00000000 x14:0x72cb4a24  x7=0x72cb4a24
     194835.000 ns	     19482	80004268	01a599b3	sll	x19,x11,x26	 x11:0x00000000 x26:0x3dff09de x19=0x00000000
     194845.000 ns	     19483	8000426c	013492b3	sll	x5,x9,x19	  x9:0x00000000 x19:0x35ccef13  x5=0x00000000
     194865.000 ns	     19485	80004270	d00cc7d3	fcvt.s.w	f15,x25	 x25:0x00000000 f15=0x00000000
     194895.000 ns	     19488	80004274	d003f353	fcvt.s.w	f6,x7	  x7:0x72cb4a24  f6=0x4ee59694
     194915.000 ns	     19490	80004278	4007dd13	srai	x26,x15,0x0	 x15:0x80000000 x26=0x80000000
     194925.000 ns	     19491	8000427c	00813eb3	sltu	x29,x2,x8	  x2:0x00000000  x8:0x00000001 x29=0x00000001
     194945.000 ns	     19493	80004280	02150db3	mul	x27,x10,x1	 x10:0x25cc4128  x1:0xda33bed8 x27=0x87aaa9c0
     194965.000 ns	     19495	80004284	00f8adb3	slt	x27,x17,x15	 x17:0xfffffc37 x15:0x80000000 x27=0x00000000
     195005.000 ns	     19499	80004288	01e6a653	fadd.s	f12,f13,f30	 f13:0x80000000 f30:0x4d0f9000 f12=0x4d0f9000
     195035.000 ns	     19502	8000428c	28eb08d3	fmin.s	f17,f22,f14	 f22:0x80000000 f14:0x7fc00000 f17=0x80000000
     195055.000 ns	     19504	80004290	40d45033	sra	x0,x8,x13	  x8:0x00000001 x13:0x00000000
     195065.000 ns	     19505	80004294	40c9d993	srai	x19,x19,0xc	 x19:0x00000000 x19=0x00000000
     195085.000 ns	     19507	80004298	02d1d0b3	divu	x1,x3,x13	  x3:0x60a10977 x13:0x00000000  x1=0xffffffff
     195105.000 ns	     19509	8000429c	411d5993	srai	x19,x26,0x11	 x26:0x80000000 x19=0xffffc000
     195115.000 ns	     19510	800042a0	00eaadb3	slt	x27,x21,x14	 x21:0x3def09de x14:0x72cb4a24 x27=0x00000001
     195135.000 ns	     19512	800042a4	c0172253	fcvt.wu.s	x4,f14	 f14:0x7fc00000  x4=0xffffffff
     195165.000 ns	     19515	800042a8	d000ff53	fcvt.s.w	f30,x1	  x1:0xffffffff f30=0xbf800000
     195195.000 ns	     19518	800042ac	280a0b53	fmin.s	f22,f20,f0	 f20:0xcf350461  f0:0x80000000 f22=0xcf350461
     195215.000 ns	     19520	800042b0	8e2fe513	ori	x10,x31,-1822	 x31:0x00000000 x10=0xfffff8e2
     195235.000 ns	     19522	800042b4	e00103d3	fmv.x.w	x7,f2	  f2:0xbf350462  x7=0xbf350462
     195255.000 ns	     19524	800042b8	405fde33	sra	x28,x31,x5	 x31:0x00000000  x5:0x00000000 x28=0x00000000
     195295.000 ns	     19528	800042bc	004bf953	fadd.s	f18,f23,f4	 f23:0xcc72ec00  f4:0x7fc00000 f18=0x7fc00000
     195325.000 ns	     19531	800042c0	030a9ab3	mulh	x21,x21,x16	 x21:0x3def09de x16:0x80040fe4 x21=0xe10976a5
     195355.000 ns	     19534	800042c4	02b1c133	div	x2,x3,x11	  x3:0x60a10977 x11:0x00000000  x2=0xffffffff
     195385.000 ns	     19537	800042c8	28a71b53	fmax.s	f22,f14,f10	 f14:0x7fc00000 f10:0x80000000 f22=0x80000000
     195755.000 ns	     19574	800042cc	03e64533	div	x10,x12,x30	 x12:0xbe1172ec x30:0x08f90000 x10=0xfffffff9
     195775.000 ns	     19576	800042d0	7add7d93	andi	x27,x26,1965	 x26:0x80000000 x27=0x00000000
     195795.000 ns	     19578	800042d4	02b59fb3	mulh	x31,x11,x11	 x11:0x00000000 x11:0x00000000 x31=0x00000000
     195815.000 ns	     19580	800042d8	b9f87213	andi	x4,x16,-1121	 x16:0x80040fe4  x4=0x80040b84
     195825.000 ns	     19581	800042dc	01a25213	srli	x4,x4,0x1a	  x4:0xffffffff  x4=0x00000020
     195845.000 ns	     19583	800042e0	c012ff53	fcvt.wu.s	x30,f5	  f5:0x7fc00000 x30=0xffffffff
     195875.000 ns	     19586	800042e4	d01d90d3	fcvt.s.wu	f1,x27	 x27:0x00000000  f1=0x00000000
     195905.000 ns	     19589	800042e8	21bc24d3	fsgnjx.s	f9,f24,f27	 f24:0x80000000 f27:0x4ed585a0  f9=0x80000000
     195935.000 ns	     19592	800042ec	a1879353	flt.s	x6,f15,f24	 f15:0x00000000 f24:0x80000000  x6=0x00000000
     195965.000 ns	     19595	800042f0	03e2af33	mulhsu	x30,x5,x30	  x5:0x00000000 x30:0xffffffff x30=0x00000000
     196005.000 ns	     19599	800042f4	198dfb53	fdiv.s	f22,f27,f24	 f27:0x4ed585a0 f24:0x80000000 f22=0xff800000
     196035.000 ns	     19602	800042f8	03b7ab33	mulhsu	x22,x15,x27	 x15:0x80000000 x27:0x00000000 x22=0x00000000
     196065.000 ns	     19605	800042fc	a0b89e53	flt.s	x28,f17,f11	 f17:0x80000000 f11:0x00000000 x28=0x00000000
     196085.000 ns	     19607	80004300	401a5493	srai	x9,x20,0x1	 x20:0x80041024  x9=0xc0020812
     196105.000 ns	     19609	80004304	28279753	fmax.s	f14,f15,f2	 f15:0x00000000  f2:0xbf350462 f14=0x00000000
     196125.000 ns	     19611	80004308	d106f993	andi	x19,x13,-752	 x13:0x00000000 x19=0x00000000
     196135.000 ns	     19612	8000430c	41b95ab3	sra	x21,x18,x27	 x18:0x3def09de x27:0x00000000 x21=0x3def09de
     196145.000 ns	     19613	80004310	00ca1db3	sll	x27,x20,x12	 x20:0x80041024 x12:0xbe1172ec x27=0x41024000
     196165.000 ns	     19615	80004314	d007f1d3	fcvt.s.w	f3,x15	 x15:0x80000000  f3=0xcf000000
     196195.000 ns	     19618	80004318	02f89c33	mulh	x24,x17,x15	 x17:0xfffffc37 x15:0x80000000 x24=0x000001e4
     196215.000 ns	     19620	8000431c	01a5b3b3	sltu	x7,x11,x26	 x11:0x00000000 x26:0x80000000  x7=0x00000001
     196225.000 ns	     19621	80004320	4a7cb793	sltiu	x15,x25,1191	 x25:0x00000000 x15=0x00000001
     196235.000 ns	     19622	80004324	005526b3	slt	x13,x10,x5	 x10:0xfffffff9  x5:0x00000000 x13=0x00000001
     196255.000 ns	     19624	80004328	d0092dd3	fcvt.s.w	f27,x18	 x18:0x3def09de f27=0x4e77bc28
     196285.000 ns	     19627	8000432c	022f2cb3	mulhsu	x25,x30,x2	 x30:0x00000000  x2:0xffffffff x25=0x00000000
     196655.000 ns	     19664	80004330	03a5d133	divu	x2,x11,x26	 x11:0x00000000 x26:0x80000000  x2=0x00000000
     196675.000 ns	     19666	80004334	26317b93	andi	x23,x2,611	  x2:0xffffffff x23=0x00000000
     196695.000 ns	     19668	80004338	a13d0c53	fle.s	x24,f26,f19	 f26:0x7fc00000 f19:0x00000000 x24=0x00000000
     196715.000 ns	     19670	8000433c	e1788693	addi	x13,x17,-489	 x17:0xfffffc37 x13=0xfffffa4e
     196745.000 ns	     19673	80004340	5800f653	fsqrt.s	f12,f1	  f1:0x00000000 f12=0x00000000
     196765.000 ns	     19675	80004344	411ad933	sra	x18,x21,x17	 x21:0x3def09de x17:0xfffffc37 x18=0x0000007b
     196775.000 ns	     19676	80004348	00f61113	slli	x2,x12,0xf	 x12:0xbe1172ec  x2=0xb9760000
     196795.000 ns	     19678	8000434c	f0050bd3	fmv.w.x	f23,x10	 x10:0xfffffff9 f23=0xfffffff9
     196815.000 ns	     19680	80004350	732c0697	auipc	x13,0x732c0	 x13=0xf32c4350
     196825.000 ns	     19681	80004354	0108be33	sltu	x28,x17,x16	 x17:0xfffffc37 x16:0x80040fe4 x28=0x00000000
     197185.000 ns	     19717	80004358	03a47533	remu	x10,x8,x26	  x8:0x00000001 x26:0x80000000 x10=0x00000001
     197205.000 ns	     19719	8000435c	8cf80d93	addi	x27,x16,-1841	 x16:0x80040fe4 x27=0x800408b3
     197225.000 ns	     19721	80004360	a0538153	fle.s	x2,f7,f5	  f7:0xcfb50461  f5:0x7fc00000  x2=0x00000000
     197255.000 ns	     19724	80004364	021a83b3	mul	x7,x21,x1	 x21:0x3def09de  x1:0xffffffff  x7=0xc210f622
     197285.000 ns	     19727	80004368	e0041253	fclass.s	x4,f8	  f8:0x00000000  x4=0x00000010
     197315.000 ns	     19730	8000436c	29360a53	fmin.s	f20,f12,f19	 f12:0x00000000 f19:0x00000000 f20=0x00000000
     197335.000 ns	     19732	80004370	0064c633	xor	x12,x9,x6	  x9:0xc0020812  x6:0x00000000 x12=0xc0020812
     197345.000 ns	     19733	80004374	9b7a8213	addi	x4,x21,-1609	 x21:0x3def09de  x4=0x3def0395
     197355.000 ns	     19734	80004378	40aad633	sra	x12,x21,x10	 x21:0x3def09de x10:0x00000001 x12=0x1ef784ef
     197365.000 ns	     19735	8000437c	01f3a8b3	slt	x17,x7,x31	  x7:0xc210f622 x31:0x00000000 x17=0x00000001
     197375.000 ns	     19736	80004380	00cb7fb3	and	x31,x22,x12	 x22:0x00000000 x12:0xc0020812 x31=0x00000000
     197395.000 ns	     19738	80004384	286718d3	fmax.s	f17,f14,f6	 f14:0x00000000  f6:0x4ee59694 f17=0x4ee59694
     197765.000 ns	     19775	80004388	02f370b3	remu	x1,x6,x15	  x6:0x00000000 x15:0x00000001  x1=0x00000000
     197805.000 ns	     19779	8000438c	101e23d3	fmul.s	f7,f28,f1	 f28:0xff800000  f1:0x00000000  f7=0x7fc00000
     197835.000 ns	     19782	80004390	020e6db3	rem	x27,x28,x0	 x28:0x00000000  x0:0x00000000 x27=0x00000000
     197865.000 ns	     19785	80004394	a06c03d3	fle.s	x7,f24,f6	 f24:0x80000000  f6:0x4ee59694  x7=0x00000001
     197895.000 ns	     19788	80004398	d0193cd3	fcvt.s.wu	f25,x18	 x18:0x0000007b f25=0x42f60000
     197915.000 ns	     19790	8000439c	00000013	addi	x0,x0,0	  x0:0x00000000
     197935.000 ns	     19792	800043a0	02200cb3	mul	x25,x0,x2	  x0:0x00000000  x2:0x00000000 x25=0x00000000
     197965.000 ns	     19795	800043a4	03970533	mul	x10,x14,x25	 x14:0x72cb4a24 x25:0x00000000 x10=0x00000000
     197995.000 ns	     19798	800043a8	d0197753	fcvt.s.wu	f14,x18	 x18:0x0000007b f14=0x42f60000
     198025.000 ns	     19801	800043ac	298a1dd3	fmax.s	f27,f20,f24	 f20:0x00000000 f24:0x80000000 f27=0x00000000
     198065.000 ns	     19805	800043b0	10387e53	fmul.s	f28,f16,f3	 f16:0x80000000  f3:0xcf000000 f28=0x00000000
     198085.000 ns	     19807	800043b4	00000013	addi	x0,x0,0	  x0:0x00000000
     198095.000 ns	     19808	800043b8	78a626b7	lui	x13,0x78a62	 x13=0x78a62000
     198125.000 ns	     19811	800043bc	102af753	fmul.s	f14,f21,f2	 f21:0x7fc00000  f2:0xbf350462 f14=0x7fc00000
     198145.000 ns	     19813	800043c0	369c7913	andi	x18,x24,873	 x24:0x00000000 x18=0x00000000
     198155.000 ns	     19814	800043c4	01fc92b3	sll	x5,x25,x31	 x25:0x00000000 x31:0x00000000  x5=0x00000000
     198165.000 ns	     19815	800043c8	28c5ed93	ori	x27,x11,652	 x11:0x00000000 x27=0x0000028c
     198175.000 ns	     19816	800043cc	004e8333	add	x6,x29,x4	 x29:0x00000001  x4:0x3def0395  x6=0x3def0396
     198185.000 ns	     19817	800043d0	00e69f93	slli	x31,x13,0xe	 x13:0x78a62000 x31=0x88000000
     198195.000 ns	     19818	800043d4	71ec5037	lui	x0,0x71ec5	
     198205.000 ns	     19819	800043d8	d843e093	ori	x1,x7,-636	  x7:0x00000001  x1=0xfffffd85
     198215.000 ns	     19820	800043dc	670c2f37	lui	x30,0x670c2	 x30=0x670c2000
     198235.000 ns	     19822	800043e0	d0177f53	fcvt.s.wu	f30,x14	 x14:0x72cb4a24 f30=0x4ee59694
     198265.000 ns	     19825	800043e4	e0059bd3	fclass.s	x23,f11	 f11:0x00000000 x23=0x00000010
     198295.000 ns	     19828	800043e8	29b40e53	fmin.s	f28,f8,f27	  f8:0x00000000 f27:0x00000000 f28=0x00000000
     198325.000 ns	     19831	800043ec	f0088453	fmv.w.x	f8,x17	 x17:0x00000001  f8=0x00000001
     198345.000 ns	     19833	800043f0	01b1a6b3	slt	x13,x3,x27	  x3:0x60a10977 x27:0x0000028c x13=0x00000000
     198365.000 ns	     19835	800043f4	f00484d3	fmv.w.x	f9,x9	  x9:0xc0020812  f9=0xc0020812
     198385.000 ns	     19837	800043f8	40d8d693	srai	x13,x17,0xd	 x17:0x00000001 x13=0x00000000
     198405.000 ns	     19839	800043fc	f0090053	fmv.w.x	f0,x18	 x18:0x00000000  f0=0x00000000
     198435.000 ns	     19842	80004400	21792853	fsgnjx.s	f16,f18,f23	 f18:0x7fc00000 f23:0xfffffff9 f16=0xffc00000
     198465.000 ns	     19845	80004404	c01ac553	fcvt.wu.s	x10,f21	 f21:0x7fc00000 x10=0xffffffff
     198495.000 ns	     19848	80004408	20db89d3	fsgnj.s	f19,f23,f13	 f23:0xfffffff9 f13:0x80000000 f19=0xfffffff9
     198525.000 ns	     19851	8000440c	a09baf53	feq.s	x30,f23,f9	 f23:0xfffffff9  f9:0xc0020812 x30=0x00000000
     198545.000 ns	     19853	80004410	8af9bc37	lui	x24,0x8af9b	 x24=0x8af9b000
     198585.000 ns	     19857	80004414	009812d3	fadd.s	f5,f16,f9	 f16:0xffc00000  f9:0xc0020812  f5=0x7fc00000
     198615.000 ns	     19860	80004418	d00ff7d3	fcvt.s.w	f15,x31	 x31:0x88000000 f15=0xcef00000
     198635.000 ns	     19862	8000441c	4153db13	srai	x22,x7,0x15	  x7:0x00000001 x22=0x00000000
     198655.000 ns	     19864	80004420	c01046d3	fcvt.wu.s	x13,f0	  f0:0x00000000 x13=0x00000000
     198705.000 ns	     19869	80004424	0190fb53	fadd.s	f22,f1,f25	  f1:0x00000000 f25:0x42f60000 f22=0x42f60000
     198735.000 ns	     19872	80004428	a19f2453	feq.s	x8,f30,f25	 f30:0x4ee59694 f25:0x42f60000  x8=0x00000000
     198765.000 ns	     19875	8000442c	036eaab3	mulhsu	x21,x29,x22	 x29:0x00000001 x22:0x00000000 x21=0x00000000
     198795.000 ns	     19878	80004430	a033a8d3	feq.s	x17,f7,f3	  f7:0x7fc00000  f3:0xcf000000 x17=0x00000000
     198815.000 ns	     19880	80004434	417fdd33	sra	x26,x31,x23	 x31:0x88000000 x23:0x00000010 x26=0xffff8800
     198835.000 ns	     19882	80004438	0274a1b3	mulhsu	x3,x9,x7	  x9:0xc0020812  x7:0x00000001  x3=0xffffffff
     198855.000 ns	     19884	8000443c	2baf7c13	andi	x24,x30,698	 x30:0x00000000 x24=0x00000000
     200025.000 ns	     20001	80004440	580fcdd3	fsqrt.s	f27,f31	 f31:0x4f000410 f27=0x46b50a40
     200055.000 ns	     20004	80004444	29190653	fmin.s	f12,f18,f17	 f18:0x7fc00000 f17:0x4ee59694 f12=0x4ee59694
     200105.000 ns	     20009	80004448	08c72d53	fsub.s	f26,f14,f12	 f14:0x7fc00000 f12:0x00000000 f26=0x7fc00000
     200145.000 ns	     20013	8000444c	18b6f1d3	fdiv.s	f3,f13,f11	 f13:0x80000000 f11:0x00000000  f3=0x7fc00000
     200165.000 ns	     20015	80004450	00df9913	slli	x18,x31,0xd	 x31:0x88000000 x18=0x00000000
     200175.000 ns	     20016	80004454	9b16a993	slti	x19,x13,-1615	 x13:0x00000000 x19=0x00000000
     200215.000 ns	     20020	80004458	0155f1d3	fadd.s	f3,f11,f21	 f11:0x00000000 f21:0x7fc00000  f3=0x7fc00000
     200245.000 ns	     20023	8000445c	a0ca2dd3	feq.s	x27,f20,f12	 f20:0x00000000 f12:0x4ee59694 x27=0x00000000
     200265.000 ns	     20025	80004460	41165db3	sra	x27,x12,x17	 x12:0x1ef784ef x17:0x00000000 x27=0x1ef784ef
     200275.000 ns	     20026	80004464	00159d93	slli	x27,x11,0x1	 x11:0x00000000 x27=0x00000000
     200285.000 ns	     20027	80004468	9b102113	slti	x2,x0,-1615	  x0:0x00000000  x2=0x00000000
     200645.000 ns	     20063	8000446c	0269c2b3	div	x5,x19,x6	 x19:0x00000000  x6:0x3def0396  x5=0x00000000
     200675.000 ns	     20066	80004470	28689dd3	fmax.s	f27,f17,f6	 f17:0x4ee59694  f6:0x4ee59694 f27=0x4ee59694
     200695.000 ns	     20068	80004474	403e5693	srai	x13,x28,0x3	 x28:0x00000000 x13=0x00000000
     200705.000 ns	     20069	80004478	cd4ea493	slti	x9,x29,-812	 x29:0x00000001  x9=0x00000000
     200715.000 ns	     20070	8000447c	01e6b633	sltu	x12,x13,x30	 x13:0x00000000 x30:0x00000000 x12=0x00000000
     200725.000 ns	     20071	80004480	40e900b3	sub	x1,x18,x14	 x18:0x00000000 x14:0x72cb4a24  x1=0x8d34b5dc
     200735.000 ns	     20072	80004484	01590bb3	add	x23,x18,x21	 x18:0x00000000 x21:0x00000000 x23=0x00000000
     200745.000 ns	     20073	80004488	6c797913	andi	x18,x18,1735	 x18:0x00000000 x18=0x00000000
     200765.000 ns	     20075	8000448c	a106a553	feq.s	x10,f13,f16	 f13:0x80000000 f16:0xffc00000 x10=0x00000000
     200785.000 ns	     20077	80004490	003551b3	srl	x3,x10,x3	 x10:0xffffffff  x3:0xffffffff  x3=0x00000000
     200805.000 ns	     20079	80004494	d00673d3	fcvt.s.w	f7,x12	 x12:0x00000000  f7=0x00000000
     200835.000 ns	     20082	80004498	024eaab3	mulhsu	x21,x29,x4	 x29:0x00000001  x4:0x3def0395 x21=0x00000000
     200865.000 ns	     20085	8000449c	e0049b53	fclass.s	x22,f9	  f9:0xc0020812 x22=0x00000002
     200895.000 ns	     20088	800044a0	02be5533	divu	x10,x28,x11	 x28:0x00000000 x11:0x00000000 x10=0xffffffff
     200925.000 ns	     20091	800044a4	03f83133	mulhu	x2,x16,x31	 x16:0x80040fe4 x31:0x88000000  x2=0x44022871
     200945.000 ns	     20093	800044a8	01bbb333	sltu	x6,x23,x27	 x23:0x00000000 x27:0x00000000  x6=0x00000000
     200965.000 ns	     20095	800044ac	a0b68253	fle.s	x4,f13,f11	 f13:0x80000000 f11:0x00000000  x4=0x00000001
     200995.000 ns	     20098	800044b0	029e8e33	mul	x28,x29,x9	 x29:0x00000001  x9:0x00000000 x28=0x00000000
     201015.000 ns	     20100	800044b4	00000013	addi	x0,x0,0	  x0:0x00000000
     201035.000 ns	     20102	800044b8	d0087ad3	fcvt.s.w	f21,x16	 x16:0x80040fe4 f21=0xcefff7e0
     201055.000 ns	     20104	800044bc	0047c433	xor	x8,x15,x4	 x15:0x00000001  x4:0x00000001  x8=0x00000000
     201075.000 ns	     20106	800044c0	d01272d3	fcvt.s.wu	f5,x4	  x4:0x00000001  f5=0x3f800000
     201095.000 ns	     20108	800044c4	00000013	addi	x0,x0,0	  x0:0x00000000
     201105.000 ns	     20109	800044c8	d683a693	slti	x13,x7,-664	  x7:0x00000001 x13=0x00000000
     201465.000 ns	     20145	800044cc	027e5b33	divu	x22,x28,x7	 x28:0x00000000  x7:0x00000001 x22=0x00000000
     201495.000 ns	     20148	800044d0	20610053	fsgnj.s	f0,f2,f6	  f2:0xbf350462  f6:0x4ee59694  f0=0x3f350462
     201515.000 ns	     20150	800044d4	5c6ee437	lui	x8,0x5c6ee	  x8=0x5c6ee000
     201535.000 ns	     20152	800044d8	21062853	fsgnjx.s	f16,f12,f16	 f12:0x4ee59694 f16:0xffc00000 f16=0xcee59694
     201565.000 ns	     20155	800044dc	d0057a53	fcvt.s.w	f20,x10	 x10:0xffffffff f20=0xbf800000
     201595.000 ns	     20158	800044e0	d01e7ed3	fcvt.s.wu	f29,x28	 x28:0x00000000 f29=0x00000000
     201645.000 ns	     20163	800044e4	01f175d3	fadd.s	f11,f2,f31	  f2:0xbf350462 f31:0x4f000410 f11=0x4f00040f
     201665.000 ns	     20165	800044e8	402fd613	srai	x12,x31,0x2	 x31:0x88000000 x12=0xe2000000
     201675.000 ns	     20166	800044ec	ea428e93	addi	x29,x5,-348	  x5:0x00000000 x29=0xfffffea4
     201685.000 ns	     20167	800044f0	0076b3b3	sltu	x7,x13,x7	 x13:0x00000000  x7:0x00000001  x7=0x00000001
     201695.000 ns	     20168	800044f4	00376533	or	x10,x14,x3	 x14:0x72cb4a24  x3:0x00000000 x10=0x72cb4a24
     201705.000 ns	     20169	800044f8	408c5913	srai	x18,x24,0x8	 x24:0x00000000 x18=0x00000000
     201715.000 ns	     20170	800044fc	c48f6e93	ori	x29,x30,-952	 x30:0x00000000 x29=0xfffffc48
     201725.000 ns	     20171	80004500	4191dc33	sra	x24,x3,x25	  x3:0x00000000 x25:0x00000000 x24=0x00000000
     201745.000 ns	     20173	80004504	21b00353	fsgnj.s	f6,f0,f27	  f0:0x3f350462 f27:0x4ee59694  f6=0x3f350462
     201775.000 ns	     20176	80004508	c009f653	fcvt.w.s	x12,f19	 f19:0xfffffff9 x12=0x7fffffff
     201805.000 ns	     20179	8000450c	21349953	fsgnjn.s	f18,f9,f19	  f9:0xc0020812 f19:0xfffffff9 f18=0x40020812
     202175.000 ns	     20216	80004510	02157633	remu	x12,x10,x1	 x10:0x72cb4a24  x1:0x8d34b5dc x12=0x72cb4a24
     202195.000 ns	     20218	80004514	690abe37	lui	x28,0x690ab	 x28=0x690ab000
     202215.000 ns	     20220	80004518	d011c3d3	fcvt.s.wu	f7,x3	  x3:0x00000000  f7=0x00000000
     202245.000 ns	     20223	8000451c	f0030253	fmv.w.x	f4,x6	  x6:0x00000000  f4=0x00000000
     202275.000 ns	     20226	80004520	e0061dd3	fclass.s	x27,f12	 f12:0x4ee59694 x27=0x00000040
     202305.000 ns	     20229	80004524	03f4bbb3	mulhu	x23,x9,x31	  x9:0x00000000 x31:0x88000000 x23=0x00000000
     202325.000 ns	     20231	80004528	01464233	xor	x4,x12,x20	 x12:0x72cb4a24 x20:0x80041024  x4=0xf2cf5a00
     202335.000 ns	     20232	8000452c	4cc5ce93	xori	x29,x11,1228	 x11:0x00000000 x29=0x000004cc
     202345.000 ns	     20233	80004530	0039f033	and	x0,x19,x3	 x19:0x00000000  x3:0x00000000
     202365.000 ns	     20235	80004534	296a8ad3	fmin.s	f21,f21,f22	 f21:0xcefff7e0 f22:0x42f60000 f21=0xcefff7e0
     202385.000 ns	     20237	80004538	00024c33	xor	x24,x4,x0	  x4:0xf2cf5a00  x0:0x00000000 x24=0xf2cf5a00
     202395.000 ns	     20238	8000453c	40c95a93	srai	x21,x18,0xc	 x18:0x00000000 x21=0x00000000
     202425.000 ns	     20241	80004540	1970c953	fdiv.s	f18,f1,f23	  f1:0x00000000 f23:0xfffffff9 f18=0x7fc00000
     202445.000 ns	     20243	80004544	00000013	addi	x0,x0,0	  x0:0x00000000
     202455.000 ns	     20244	80004548	01dca1b3	slt	x3,x25,x29	 x25:0x00000000 x29:0x000004cc  x3=0x00000001
     202475.000 ns	     20246	8000454c	e0061ad3	fclass.s	x21,f12	 f12:0x4ee59694 x21=0x00000040
     202495.000 ns	     20248	80004550	000bdc13	srli	x24,x23,0x0	 x23:0x00000000 x24=0x00000000
     202515.000 ns	     20250	80004554	03e9f3b3	remu	x7,x19,x30	 x19:0x00000000 x30:0x00000000  x7=0x00000000
     202535.000 ns	     20252	80004558	0029e5b3	or	x11,x19,x2	 x19:0x00000000  x2:0x44022871 x11=0x44022871
     202545.000 ns	     20253	8000455c	3c1f0093	addi	x1,x30,961	 x30:0x00000000  x1=0x000003c1
     202555.000 ns	     20254	80004560	cb1d8437	lui	x8,0xcb1d8	  x8=0xcb1d8000
     202575.000 ns	     20256	80004564	e0061453	fclass.s	x8,f12	 f12:0x4ee59694  x8=0x00000040
     202605.000 ns	     20259	80004568	202caed3	fsgnjx.s	f29,f25,f2	 f25:0x42f60000  f2:0xbf350462 f29=0xc2f60000
     202625.000 ns	     20261	8000456c	00e695b3	sll	x11,x13,x14	 x13:0x00000000 x14:0x72cb4a24 x11=0x00000000
     202645.000 ns	     20263	80004570	e0008cd3	fmv.x.w	x25,f1	  f1:0x00000000 x25=0x00000000
     202665.000 ns	     20265	80004574	00701eb3	sll	x29,x0,x7	  x0:0x00000000  x7:0x00000000 x29=0x00000000
     202685.000 ns	     20267	80004578	21398cd3	fsgnj.s	f25,f19,f19	 f19:0xfffffff9 f19:0xfffffff9 f25=0xfffffff9
     202705.000 ns	     20269	8000457c	c227a613	slti	x12,x15,-990	 x15:0x00000001 x12=0x00000000
     202715.000 ns	     20270	80004580	00e35493	srli	x9,x6,0xe	  x6:0x00000000  x9=0x00000000
     202725.000 ns	     20271	80004584	7a66c913	xori	x18,x13,1958	 x13:0x00000000 x18=0x000007a6
     202755.000 ns	     20274	80004588	580775d3	fsqrt.s	f11,f14	 f14:0x7fc00000 f11=0x7fc00000
     202775.000 ns	     20276	8000458c	010cacb3	slt	x25,x25,x16	 x25:0x00000000 x16:0x80040fe4 x25=0x00000000
     202785.000 ns	     20277	80004590	00000013	addi	x0,x0,0	  x0:0x00000000
     202795.000 ns	     20278	80004594	46ce3b13	sltiu	x22,x28,1132	 x28:0x690ab000 x22=0x00000000
     202815.000 ns	     20280	80004598	216b1fd3	fsgnjn.s	f31,f22,f22	 f22:0x42f60000 f22:0x42f60000 f31=0xc2f60000
     202835.000 ns	     20282	8000459c	01f26533	or	x10,x4,x31	  x4:0xf2cf5a00 x31:0x88000000 x10=0xfacf5a00
     202845.000 ns	     20283	800045a0	ddfe6593	ori	x11,x28,-545	 x28:0x690ab000 x11=0xfffffddf
     202865.000 ns	     20285	800045a4	e00c8fd3	fmv.x.w	x31,f25	 f25:0xfffffff9 x31=0xfffffff9
     202885.000 ns	     20287	800045a8	00eacb33	xor	x22,x21,x14	 x21:0x00000040 x14:0x72cb4a24 x22=0x72cb4a64
     202905.000 ns	     20289	800045ac	02c03b33	mulhu	x22,x0,x12	  x0:0x00000000 x12:0x00000000 x22=0x00000000
     202935.000 ns	     20292	800045b0	21e6a8d3	fsgnjx.s	f17,f13,f30	 f13:0x80000000 f30:0x4ee59694 f17=0x80000000
     202965.000 ns	     20295	800045b4	02921b33	mulh	x22,x4,x9	  x4:0xf2cf5a00  x9:0x00000000 x22=0x00000000
     202985.000 ns	     20297	800045b8	009b26b3	slt	x13,x22,x9	 x22:0x00000000  x9:0x00000000 x13=0x00000000
     202995.000 ns	     20298	800045bc	40b10bb3	sub	x23,x2,x11	  x2:0x44022871 x11:0xfffffddf x23=0x44022a92
     203015.000 ns	     20300	800045c0	026c3133	mulhu	x2,x24,x6	 x24:0x00000000  x6:0x00000000  x2=0x00000000
     203055.000 ns	     20304	800045c4	18de8cd3	fdiv.s	f25,f29,f13	 f29:0xc2f60000 f13:0x80000000 f25=0x7f800000
     203085.000 ns	     20307	800045c8	a0402fd3	feq.s	x31,f0,f4	  f0:0x3f350462  f4:0x00000000 x31=0x00000000
     203115.000 ns	     20310	800045cc	a02fafd3	feq.s	x31,f31,f2	 f31:0xc2f60000  f2:0xbf350462 x31=0x00000000
     203145.000 ns	     20313	800045d0	a0930053	fle.s	x0,f6,f9	  f6:0x3f350462  f9:0xc0020812
     203175.000 ns	     20316	800045d4	025611b3	mulh	x3,x12,x5	 x12:0x00000000  x5:0x00000000  x3=0x00000000
     203195.000 ns	     20318	800045d8	405e0bb3	sub	x23,x28,x5	 x28:0x690ab000  x5:0x00000000 x23=0x690ab000
     203215.000 ns	     20320	800045dc	02f98f33	mul	x30,x19,x15	 x19:0x00000000 x15:0x00000001 x30=0x00000000
     203235.000 ns	     20322	800045e0	01987633	and	x12,x16,x25	 x16:0x80040fe4 x25:0x00000000 x12=0x00000000
     203255.000 ns	     20324	800045e4	03d6beb3	mulhu	x29,x13,x29	 x13:0x00000000 x29:0x00000000 x29=0x00000000
     203285.000 ns	     20327	800045e8	e0011953	fclass.s	x18,f2	  f2:0xbf350462 x18=0x00000002
     203305.000 ns	     20329	800045ec	416554b3	sra	x9,x10,x22	 x10:0xfacf5a00 x22:0x00000000  x9=0xfacf5a00
     203325.000 ns	     20331	800045f0	20b020d3	fsgnjx.s	f1,f0,f11	  f0:0x3f350462 f11:0x7fc00000  f1=0x3f350462
     203375.000 ns	     20336	800045f4	090ccbd3	fsub.s	f23,f25,f16	 f25:0x7f800000 f16:0xcee59694 f23=0x7f800000
     203395.000 ns	     20338	800045f8	00643233	sltu	x4,x8,x6	  x8:0x00000040  x6:0x00000000  x4=0x00000000
     203405.000 ns	     20339	800045fc	e3eee893	ori	x17,x29,-450	 x29:0x00000000 x17=0xfffffe3e
     203765.000 ns	     20375	80004600	03186cb3	rem	x25,x16,x17	 x16:0x80040fe4 x17:0x00000000 x25=0xffffff78
     203785.000 ns	     20377	80004604	b6a4cd13	xori	x26,x9,-1174	  x9:0xfacf5a00 x26=0x0530a16a
     203805.000 ns	     20379	80004608	0358bab3	mulhu	x21,x17,x21	 x17:0xfffffe3e x21:0x00000040 x21=0x0000003f
     203825.000 ns	     20381	8000460c	70996597	auipc	x11,0x70996	 x11=0xf099a60c
     203845.000 ns	     20383	80004610	e0079ed3	fclass.s	x29,f15	 f15:0xcef00000 x29=0x00000002
     203865.000 ns	     20385	80004614	4c2be193	ori	x3,x23,1218	 x23:0x690ab000  x3=0x690ab4c2
     203885.000 ns	     20387	80004618	29351a53	fmax.s	f20,f10,f19	 f10:0x80000000 f19:0xfffffff9 f20=0x80000000
     203925.000 ns	     20391	8000461c	10c3f953	fmul.s	f18,f7,f12	  f7:0x00000000 f12:0x4ee59694 f18=0x00000000
     203955.000 ns	     20394	80004620	02d961b3	rem	x3,x18,x13	 x18:0x00000002 x13:0x00000000  x3=0x00000002
     203975.000 ns	     20396	80004624	00cbc4b3	xor	x9,x23,x12	 x23:0x690ab000 x12:0x00000000  x9=0x690ab000
     203985.000 ns	     20397	80004628	01165933	srl	x18,x12,x17	 x12:0x00000000 x17:0xfffffe3e x18=0x00000000
     203995.000 ns	     20398	8000462c	01b57cb3	and	x25,x10,x27	 x10:0xfacf5a00 x27:0x00000040 x25=0x00000000
     204015.000 ns	     20400	80004630	20b08553	fsgnj.s	f10,f1,f11	  f1:0x3f350462 f11:0x7fc00000 f10=0x3f350462
     204385.000 ns	     20437	80004634	034244b3	div	x9,x4,x20	  x4:0x00000000 x20:0x80041024  x9=0x00000000
     204405.000 ns	     20439	80004638	95d9cd13	xori	x26,x19,-1699	 x19:0x00000000 x26=0xfffff95d
     204425.000 ns	     20441	8000463c	c00e3f53	fcvt.w.s	x30,f28	 f28:0x00000000 x30=0x00000000
     204445.000 ns	     20443	80004640	011616b3	sll	x13,x12,x17	 x12:0x00000000 x17:0xfffffe3e x13=0x00000000
     204465.000 ns	     20445	80004644	0273f533	remu	x10,x7,x7	  x7:0x00000000  x7:0x00000000 x10=0x00000000
     204495.000 ns	     20448	80004648	c0030453	fcvt.w.s	x8,f6	  f6:0x3f350462  x8=0x00000001
     204515.000 ns	     20450	8000464c	0029cb33	xor	x22,x19,x2	 x19:0x00000000  x2:0x00000000 x22=0x00000000
     204535.000 ns	     20452	80004650	c01cb953	fcvt.wu.s	x18,f25	 f25:0x7f800000 x18=0xffffffff
     204565.000 ns	     20455	80004654	a1348b53	fle.s	x22,f9,f19	  f9:0xc0020812 f19:0xfffffff9 x22=0x00000000
     204585.000 ns	     20457	80004658	01ae5c13	srli	x24,x28,0x1a	 x28:0x690ab000 x24=0x0000001a
     204595.000 ns	     20458	8000465c	009ab9b3	sltu	x19,x21,x9	 x21:0x0000003f  x9:0x00000000 x19=0x00000000
     204615.000 ns	     20460	80004660	02382633	mulhsu	x12,x16,x3	 x16:0x80040fe4  x3:0x00000002 x12=0xffffffff
     204645.000 ns	     20463	80004664	030da533	mulhsu	x10,x27,x16	 x27:0x00000040 x16:0x80040fe4 x10=0x00000020
     204665.000 ns	     20465	80004668	01d69513	slli	x10,x13,0x1d	 x13:0x00000000 x10=0x00000000
     204675.000 ns	     20466	8000466c	010057b3	srl	x15,x0,x16	  x0:0x00000000 x16:0x80040fe4 x15=0x00000000
     204695.000 ns	     20468	80004670	f0098853	fmv.w.x	f16,x19	 x19:0x00000000 f16=0x00000000
     204715.000 ns	     20470	80004674	da498d13	addi	x26,x19,-604	 x19:0x00000000 x26=0xfffffda4
     204735.000 ns	     20472	80004678	a0e596d3	flt.s	x13,f11,f14	 f11:0x7fc00000 f14:0x7fc00000 x13=0x00000000
     204755.000 ns	     20474	8000467c	019001b3	add	x3,x0,x25	  x0:0x00000000 x25:0x00000000  x3=0x00000000
     204775.000 ns	     20476	80004680	d0111053	fcvt.s.wu	f0,x2	  x2:0x00000000  f0=0x00000000
     204795.000 ns	     20478	80004684	c58d3b93	sltiu	x23,x26,-936	 x26:0xfffffda4 x23=0x00000000
     204835.000 ns	     20482	80004688	0122cfd3	fadd.s	f31,f5,f18	  f5:0x3f800000 f18:0x00000000 f31=0x3f800000
     204865.000 ns	     20485	8000468c	f0078c53	fmv.w.x	f24,x15	 x15:0x00000000 f24=0x00000000
     204895.000 ns	     20488	80004690	039f4133	div	x2,x30,x25	 x30:0x00000000 x25:0x00000000  x2=0xffffffff
     204945.000 ns	     20493	80004694	080abb53	fsub.s	f22,f21,f0	 f21:0xcefff7e0  f0:0x00000000 f22=0xcefff7e0
     204975.000 ns	     20496	80004698	a1dc1453	flt.s	x8,f24,f29	 f24:0x00000000 f29:0xc2f60000  x8=0x00000000
     204995.000 ns	     20498	8000469c	5ce142b7	lui	x5,0x5ce14	  x5=0x5ce14000
     205005.000 ns	     20499	800046a0	d3793413	sltiu	x8,x18,-713	 x18:0xffffffff  x8=0x00000000
     205015.000 ns	     20500	800046a4	01501c93	slli	x25,x0,0x15	  x0:0x00000000 x25=0x00000000
     205025.000 ns	     20501	800046a8	710b8993	addi	x19,x23,1808	 x23:0x00000000 x19=0x00000710
     205035.000 ns	     20502	800046ac	0c5cbdb7	lui	x27,0xc5cb	 x27=0x0c5cb000
     205055.000 ns	     20504	800046b0	03648d33	mul	x26,x9,x22	  x9:0x00000000 x22:0x00000000 x26=0x00000000
     205075.000 ns	     20506	800046b4	017ad0b3	srl	x1,x21,x23	 x21:0x0000003f x23:0x00000000  x1=0x0000003f
     205095.000 ns	     20508	800046b8	d008b153	fcvt.s.w	f2,x17	 x17:0xfffffe3e  f2=0xc3e10000
     205115.000 ns	     20510	800046bc	40c7d1b3	sra	x3,x15,x12	 x15:0x00000000 x12:0xffffffff  x3=0x00000000
     205125.000 ns	     20511	800046c0	00642eb3	slt	x29,x8,x6	  x8:0x00000000  x6:0x00000000 x29=0x00000000
     205135.000 ns	     20512	800046c4	40f55993	srai	x19,x10,0xf	 x10:0x00000000 x19=0x00000000
     205155.000 ns	     20514	800046c8	d01871d3	fcvt.s.wu	f3,x16	 x16:0x80040fe4  f3=0x4f00040f
     205175.000 ns	     20516	800046cc	10b38493	addi	x9,x7,267	  x7:0x00000000  x9=0x0000010b
     205195.000 ns	     20518	800046d0	210a07d3	fsgnj.s	f15,f20,f16	 f20:0x80000000 f16:0x00000000 f15=0x00000000
     205565.000 ns	     20555	800046d4	03055433	divu	x8,x10,x16	 x10:0x00000000 x16:0x80040fe4  x8=0x00000000
     205605.000 ns	     20559	800046d8	119116d3	fmul.s	f13,f2,f25	  f2:0xc3e10000 f25:0x7f800000 f13=0xff800000
     205645.000 ns	     20563	800046dc	11f4c153	fmul.s	f2,f9,f31	  f9:0xc0020812 f31:0x3f800000  f2=0xc0020812
     205675.000 ns	     20566	800046e0	a0581153	flt.s	x2,f16,f5	 f16:0x00000000  f5:0x3f800000  x2=0x00000001
     205705.000 ns	     20569	800046e4	033c59b3	divu	x19,x24,x19	 x24:0x0000001a x19:0x00000000 x19=0xffffffff
     205735.000 ns	     20572	800046e8	28669053	fmax.s	f0,f13,f6	 f13:0xff800000  f6:0x3f350462  f0=0x3f350462
     205765.000 ns	     20575	800046ec	21ff8753	fsgnj.s	f14,f31,f31	 f31:0x3f800000 f31:0x3f800000 f14=0x3f800000
     205795.000 ns	     20578	800046f0	29ad97d3	fmax.s	f15,f27,f26	 f27:0x4ee59694 f26:0x7fc00000 f15=0x4ee59694
     205815.000 ns	     20580	800046f4	012392b3	sll	x5,x7,x18	  x7:0x00000000 x18:0xffffffff  x5=0x00000000
     205825.000 ns	     20581	800046f8	00a4d313	srli	x6,x9,0xa	  x9:0x0000010b  x6=0x00000000
     205835.000 ns	     20582	800046fc	410751b3	sra	x3,x14,x16	 x14:0x72cb4a24 x16:0x80040fe4  x3=0x072cb4a2
     205855.000 ns	     20584	80004700	c00a7553	fcvt.w.s	x10,f20	 f20:0x80000000 x10=0x00000000
     205875.000 ns	     20586	80004704	9d7f6c17	auipc	x24,0x9d7f6	 x24=0x1d7fa704
     207045.000 ns	     20703	80004708	580579d3	fsqrt.s	f19,f10	 f10:0x3f350462 f19=0x3efffef8
     207075.000 ns	     20706	8000470c	c005fcd3	fcvt.w.s	x25,f11	 f11:0x7fc00000 x25=0x7fffffff
     207105.000 ns	     20709	80004710	d0077753	fcvt.s.w	f14,x14	 x14:0x72cb4a24 f14=0x4ee59694
     207125.000 ns	     20711	80004714	013bf4b3	and	x9,x23,x19	 x23:0x00000000 x19:0xffffffff  x9=0x00000000
     207145.000 ns	     20713	80004718	20a72c53	fsgnjx.s	f24,f14,f10	 f14:0x4ee59694 f10:0x3f350462 f24=0x4ee59694
     207185.000 ns	     20717	8000471c	106df6d3	fmul.s	f13,f27,f6	 f27:0x4ee59694  f6:0x3f350462 f13=0x4ea25765
     207205.000 ns	     20719	80004720	00000013	addi	x0,x0,0	  x0:0x00000000
     207225.000 ns	     20721	80004724	29ef17d3	fmax.s	f15,f30,f30	 f30:0x4ee59694 f30:0x4ee59694 f15=0x4ee59694
     207255.000 ns	     20724	80004728	c016fe53	fcvt.wu.s	x28,f13	 f13:0x4ea25765 x28=0x512bb280
     207285.000 ns	     20727	8000472c	e00b9d53	fclass.s	x26,f23	 f23:0x7f800000 x26=0x00000080
     207305.000 ns	     20729	80004730	e22db3b7	lui	x7,0xe22db	  x7=0xe22db000
     207315.000 ns	     20730	80004734	cabbef93	ori	x31,x23,-853	 x23:0x00000000 x31=0xfffffcab
     207335.000 ns	     20732	80004738	c00c9ed3	fcvt.w.s	x29,f25	 f25:0x7f800000 x29=0x7fffffff
     207365.000 ns	     20735	8000473c	a1ab1dd3	flt.s	x27,f22,f26	 f22:0xcefff7e0 f26:0x7fc00000 x27=0x00000000
     207735.000 ns	     20772	80004740	02be70b3	remu	x1,x28,x11	 x28:0x512bb280 x11:0xf099a60c  x1=0x512bb280
     207755.000 ns	     20774	80004744	41870533	sub	x10,x14,x24	 x14:0x72cb4a24 x24:0x1d7fa704 x10=0x554ba320
     207775.000 ns	     20776	80004748	d00bfdd3	fcvt.s.w	f27,x23	 x23:0x00000000 f27=0x00000000
     207805.000 ns	     20779	8000474c	023e14b3	mulh	x9,x28,x3	 x28:0x512bb280  x3:0x072cb4a2  x9=0x02465eaa
     207835.000 ns	     20782	80004750	a162a653	feq.s	x12,f5,f22	  f5:0x3f800000 f22:0xcefff7e0 x12=0x00000000
     207855.000 ns	     20784	80004754	dbc4a113	slti	x2,x9,-580	  x9:0x02465eaa  x2=0x00000000
     207875.000 ns	     20786	80004758	a0f51553	flt.s	x10,f10,f15	 f10:0x3f350462 f15:0x4ee59694 x10=0x00000001
     207895.000 ns	     20788	8000475c	417a0f33	sub	x30,x20,x23	 x20:0x80041024 x23:0x00000000 x30=0x80041024
     207905.000 ns	     20789	80004760	c2608493	addi	x9,x1,-986	  x1:0x512bb280  x9=0x512baea6
     207915.000 ns	     20790	80004764	008f6d33	or	x26,x30,x8	 x30:0x00000000  x8:0x00000000 x26=0x80041024
     207955.000 ns	     20794	80004768	0144fa53	fadd.s	f20,f9,f20	  f9:0xc0020812 f20:0x80000000 f20=0xc0020812
     207975.000 ns	     20796	8000476c	416885b3	sub	x11,x17,x22	 x17:0xfffffe3e x22:0x00000000 x11=0xfffffe3e
     207995.000 ns	     20798	80004770	d00576d3	fcvt.s.w	f13,x10	 x10:0x00000001 f13=0x3f800000
     208025.000 ns	     20801	80004774	295a0753	fmin.s	f14,f20,f21	 f20:0xc0020812 f21:0xcefff7e0 f14=0xcefff7e0
     208395.000 ns	     20838	80004778	02e45033	divu	x0,x8,x14	  x8:0x00000000 x14:0x72cb4a24
     208415.000 ns	     20840	8000477c	016b0633	add	x12,x22,x22	 x22:0x00000000 x22:0x00000000 x12=0x00000000
     208435.000 ns	     20842	80004780	209a2e53	fsgnjx.s	f28,f20,f9	 f20:0xc0020812  f9:0xc0020812 f28=0x40020812
     208465.000 ns	     20845	80004784	025a58b3	divu	x17,x20,x5	 x20:0x80041024  x5:0x00000000 x17=0xffffffff
     208485.000 ns	     20847	80004788	01af1493	slli	x9,x30,0x1a	 x30:0x80041024  x9=0x90000000
     208505.000 ns	     20849	8000478c	d00b2d53	fcvt.s.w	f26,x22	 x22:0x00000000 f26=0x00000000
     208535.000 ns	     20852	80004790	a10599d3	flt.s	x19,f11,f16	 f11:0x7fc00000 f16:0x00000000 x19=0x00000000
     208575.000 ns	     20856	80004794	180bff53	fdiv.s	f30,f23,f0	 f23:0x7f800000  f0:0x3f350462 f30=0x7f800000
     208595.000 ns	     20858	80004798	f06631b7	lui	x3,0xf0663	  x3=0xf0663000
     208615.000 ns	     20860	8000479c	a0f4a653	feq.s	x12,f9,f15	  f9:0xc0020812 f15:0x4ee59694 x12=0x00000000
     208645.000 ns	     20863	800047a0	03c20fb3	mul	x31,x4,x28	  x4:0x00000000 x28:0x512bb280 x31=0x00000000
     208665.000 ns	     20865	800047a4	00ed6633	or	x12,x26,x14	 x26:0x80041024 x14:0x72cb4a24 x12=0xf2cf5a24
     208675.000 ns	     20866	800047a8	0100df13	srli	x30,x1,0x10	  x1:0x512bb280 x30=0x0000512b
     208695.000 ns	     20868	800047ac	0271beb3	mulhu	x29,x3,x7	  x3:0xf0663000  x7:0xe22db000 x29=0xd4651d9c
     208725.000 ns	     20871	800047b0	d003f053	fcvt.s.w	f0,x7	  x7:0xe22db000  f0=0xcdee9280
     208755.000 ns	     20874	800047b4	d01b94d3	fcvt.s.wu	f9,x23	 x23:0x00000000  f9=0x00000000
     208785.000 ns	     20877	800047b8	a1edadd3	feq.s	x27,f27,f30	 f27:0x00000000 f30:0x7f800000 x27=0x00000000
     208815.000 ns	     20880	800047bc	a0cda153	feq.s	x2,f27,f12	 f27:0x00000000 f12:0x4ee59694  x2=0x00000000
     208845.000 ns	     20883	800047c0	20e52cd3	fsgnjx.s	f25,f10,f14	 f10:0x3f350462 f14:0xcefff7e0 f25=0xbf350462
     208875.000 ns	     20886	800047c4	033cf2b3	remu	x5,x25,x19	 x25:0x7fffffff x19:0x00000000  x5=0x7fffffff
     208895.000 ns	     20888	800047c8	00000013	addi	x0,x0,0	  x0:0x00000000
     208905.000 ns	     20889	800047cc	00000013	addi	x0,x0,0	  x0:0x00000000
     208915.000 ns	     20890	800047d0	00781533	sll	x10,x16,x7	 x16:0x80040fe4  x7:0xe22db000 x10=0x80040fe4
     208925.000 ns	     20891	800047d4	01efdc93	srli	x25,x31,0x1e	 x31:0x00000000 x25=0x00000000
     208945.000 ns	     20893	800047d8	d01271d3	fcvt.s.wu	f3,x4	  x4:0x00000000  f3=0x00000000
     208965.000 ns	     20895	800047dc	01ae5693	srli	x13,x28,0x1a	 x28:0x512bb280 x13=0x00000014
     208985.000 ns	     20897	800047e0	206e2ed3	fsgnjx.s	f29,f28,f6	 f28:0x40020812  f6:0x3f350462 f29=0x40020812
     209355.000 ns	     20934	800047e4	03a9d5b3	divu	x11,x19,x26	 x19:0x00000000 x26:0x80041024 x11=0x00000000
     209375.000 ns	     20936	800047e8	004488b3	add	x17,x9,x4	  x9:0x90000000  x4:0x00000000 x17=0x90000000
     209385.000 ns	     20937	800047ec	bd8dff17	auipc	x30,0xbd8df	 x30=0x3d8e37ec
     209425.000 ns	     20941	800047f0	09ab73d3	fsub.s	f7,f22,f26	 f22:0xcefff7e0 f26:0x00000000  f7=0xcefff7e0
     209455.000 ns	     20944	800047f4	0277a1b3	mulhsu	x3,x15,x7	 x15:0x00000000  x7:0xe22db000  x3=0x00000000
     209825.000 ns	     20981	800047f8	03e3fdb3	remu	x27,x7,x30	  x7:0xe22db000 x30:0x3d8e37ec x27=0x2983083c
     209875.000 ns	     20986	800047fc	08ee7153	fsub.s	f2,f28,f14	 f28:0x40020812 f14:0xcefff7e0  f2=0x4efff7e0
     209905.000 ns	     20989	80004800	0365cc33	div	x24,x11,x22	 x11:0x00000000 x22:0x00000000 x24=0xffffffff
     210275.000 ns	     21026	80004804	02a746b3	div	x13,x14,x10	 x14:0x72cb4a24 x10:0x80040fe4 x13=0x00000000
     210295.000 ns	     21028	80004808	0042dfb3	srl	x31,x5,x4	  x5:0x7fffffff  x4:0x00000000 x31=0x7fffffff
     210625.000 ns	     21061	8000480c	188e9d53	fdiv.s	f26,f29,f8	 f29:0x40020812  f8:0x00000001 f26=0x7eb792ee
     210645.000 ns	     21063	80004810	008a0bb3	add	x23,x20,x8	 x20:0x80041024  x8:0x00000000 x23=0x80041024
     210655.000 ns	     21064	80004814	41010eb3	sub	x29,x2,x16	  x2:0x00000000 x16:0x80040fe4 x29=0x7ffbf01c
     210665.000 ns	     21065	80004818	3bda3c13	sltiu	x24,x20,957	 x20:0x80041024 x24=0x00000000
     210685.000 ns	     21067	8000481c	c0029c53	fcvt.w.s	x24,f5	  f5:0x3f800000 x24=0x00000001
     210715.000 ns	     21070	80004820	a0159bd3	flt.s	x23,f11,f1	 f11:0x7fc00000  f1:0x3f350462 x23=0x00000000
     210745.000 ns	     21073	80004824	206c1953	fsgnjn.s	f18,f24,f6	 f24:0x4ee59694  f6:0x3f350462 f18=0xcee59694
     210765.000 ns	     21075	80004828	41c75b13	srai	x22,x14,0x1c	 x14:0x72cb4a24 x22=0x00000007
     210775.000 ns	     21076	8000482c	003b3433	sltu	x8,x22,x3	 x22:0x00000000  x3:0x00000000  x8=0x00000000
     210795.000 ns	     21078	80004830	e0018d53	fmv.x.w	x26,f3	  f3:0x00000000 x26=0x00000000
     210825.000 ns	     21081	80004834	e00289d3	fmv.x.w	x19,f5	  f5:0x3f800000 x19=0x3f800000
     210855.000 ns	     21084	80004838	21aa9fd3	fsgnjn.s	f31,f21,f26	 f21:0xcefff7e0 f26:0x7eb792ee f31=0xcefff7e0
     210885.000 ns	     21087	8000483c	024eb033	mulhu	x0,x29,x4	 x29:0x7ffbf01c  x4:0x00000000
     210905.000 ns	     21089	80004840	522c9ab7	lui	x21,0x522c9	 x21=0x522c9000
     210925.000 ns	     21091	80004844	c0097553	fcvt.w.s	x10,f18	 f18:0xcee59694 x10=0x72cb4a00
     210955.000 ns	     21094	80004848	c00cf053	fcvt.w.s	x0,f25	 f25:0xbf350462
     211325.000 ns	     21131	8000484c	03f474b3	remu	x9,x8,x31	  x8:0x00000000 x31:0x7fffffff  x9=0x00000000
     211695.000 ns	     21168	80004850	027ef633	remu	x12,x29,x7	 x29:0x7ffbf01c  x7:0xe22db000 x12=0x7ffbf01c
     211725.000 ns	     21171	80004854	03ca28b3	mulhsu	x17,x20,x28	 x20:0x80041024 x28:0x512bb280 x17=0xd76b708c
     211755.000 ns	     21174	80004858	f0000cd3	fmv.w.x	f25,x0	  x0:0x00000000 f25=0x00000000
     211785.000 ns	     21177	8000485c	03370333	mul	x6,x14,x19	 x14:0x72cb4a24 x19:0x3f800000  x6=0xee000000
     211835.000 ns	     21182	80004860	090b1dd3	fsub.s	f27,f22,f16	 f22:0xcefff7e0 f16:0x00000000 f27=0xcefff7e0
     211855.000 ns	     21184	80004864	218cfd13	andi	x26,x25,536	 x25:0x00000000 x26=0x00000000
     211875.000 ns	     21186	80004868	28fb09d3	fmin.s	f19,f22,f15	 f22:0xcefff7e0 f15:0x4ee59694 f19=0xcefff7e0
     211905.000 ns	     21189	8000486c	215c24d3	fsgnjx.s	f9,f24,f21	 f24:0x4ee59694 f21:0xcefff7e0  f9=0xcee59694
     211935.000 ns	     21192	80004870	20270fd3	fsgnj.s	f31,f14,f2	 f14:0xcefff7e0  f2:0x4efff7e0 f31=0x4efff7e0
     211955.000 ns	     21194	80004874	b7d4cb37	lui	x22,0xb7d4c	 x22=0xb7d4c000
     211975.000 ns	     21196	80004878	d0031cd3	fcvt.s.w	f25,x6	  x6:0xee000000 f25=0xcd900000
     212005.000 ns	     21199	8000487c	02ec9ab3	mulh	x21,x25,x14	 x25:0x00000000 x14:0x72cb4a24 x21=0x00000000
     212025.000 ns	     21201	80004880	003caf33	slt	x30,x25,x3	 x25:0x00000000  x3:0x00000000 x30=0x00000000
     212055.000 ns	     21204	80004884	115bf853	fmul.s	f16,f23,f21	 f23:0x7f800000 f21:0xcefff7e0 f16=0xff800000
     212085.000 ns	     21207	80004888	a0a4add3	feq.s	x27,f9,f10	  f9:0xcee59694 f10:0x3f350462 x27=0x00000000
     212105.000 ns	     21209	8000488c	0955f293	andi	x5,x11,149	 x11:0x00000000  x5=0x00000000
     212125.000 ns	     21211	80004890	d0101853	fcvt.s.wu	f16,x0	  x0:0x00000000 f16=0x00000000
     212155.000 ns	     21214	80004894	28fa97d3	fmax.s	f15,f21,f15	 f21:0xcefff7e0 f15:0x4ee59694 f15=0x4ee59694
     212175.000 ns	     21216	80004898	015ba7b3	slt	x15,x23,x21	 x23:0x00000000 x21:0x00000000 x15=0x00000000
     212195.000 ns	     21218	8000489c	20bca8d3	fsgnjx.s	f17,f25,f11	 f25:0xcd900000 f11:0x7fc00000 f17=0xcd900000
     212215.000 ns	     21220	800048a0	014785b3	add	x11,x15,x20	 x15:0x00000000 x20:0x80041024 x11=0x80041024
     212225.000 ns	     21221	800048a4	003831b3	sltu	x3,x16,x3	 x16:0x80040fe4  x3:0x00000000  x3=0x00000000
     212245.000 ns	     21223	800048a8	f0010653	fmv.w.x	f12,x2	  x2:0x00000000 f12=0x00000000
     212275.000 ns	     21226	800048ac	d01ef953	fcvt.s.wu	f18,x29	 x29:0x7ffbf01c f18=0x4efff7e0
     212295.000 ns	     21228	800048b0	40895793	srai	x15,x18,0x8	 x18:0xffffffff x15=0xffffffff
     212315.000 ns	     21230	800048b4	f00e0253	fmv.w.x	f4,x28	 x28:0x512bb280  f4=0x512bb280
     212345.000 ns	     21233	800048b8	03575fb3	divu	x31,x14,x21	 x14:0x72cb4a24 x21:0x00000000 x31=0xffffffff
     212365.000 ns	     21235	800048bc	504e7593	andi	x11,x28,1284	 x28:0x512bb280 x11=0x00000000
     212375.000 ns	     21236	800048c0	d586b193	sltiu	x3,x13,-680	 x13:0x00000000  x3=0x00000001
     212415.000 ns	     21240	800048c4	01c807d3	fadd.s	f15,f16,f28	 f16:0x00000000 f28:0x40020812 f15=0x40020812
     212435.000 ns	     21242	800048c8	81e5a617	auipc	x12,0x81e5a	 x12=0x01e5e8c8
     212455.000 ns	     21244	800048cc	29518653	fmin.s	f12,f3,f21	  f3:0x00000000 f21:0xcefff7e0 f12=0xcefff7e0
     212795.000 ns	     21278	800048d0	19d34753	fdiv.s	f14,f6,f29	  f6:0x3f350462 f29:0x40020812 f14=0x3e6904d4
     212815.000 ns	     21280	800048d4	9e246f17	auipc	x30,0x9e246	 x30=0x1e24a8d4
     212825.000 ns	     21281	800048d8	413b0533	sub	x10,x22,x19	 x22:0xb7d4c000 x19:0x3f800000 x10=0x7854c000
     212845.000 ns	     21283	800048dc	21dd2d53	fsgnjx.s	f26,f26,f29	 f26:0x7eb792ee f29:0x40020812 f26=0x7eb792ee
     212865.000 ns	     21285	800048e0	01ffa533	slt	x10,x31,x31	 x31:0xffffffff x31:0xffffffff x10=0x00000000
     212875.000 ns	     21286	800048e4	00301633	sll	x12,x0,x3	  x0:0x00000000  x3:0x00000001 x12=0x00000000
     212895.000 ns	     21288	800048e8	02d3a8b3	mulhsu	x17,x7,x13	  x7:0xe22db000 x13:0x00000000 x17=0x00000000
     212915.000 ns	     21290	800048ec	ddda4893	xori	x17,x20,-547	 x20:0x80041024 x17=0x7ffbedf9
     212935.000 ns	     21292	800048f0	c00305d3	fcvt.w.s	x11,f6	  f6:0x3f350462 x11=0x00000001
     212985.000 ns	     21297	800048f4	0855fed3	fsub.s	f29,f11,f5	 f11:0x7fc00000  f5:0x3f800000 f29=0x7fc00000
     213005.000 ns	     21299	800048f8	013724b3	slt	x9,x14,x19	 x14:0x72cb4a24 x19:0x3f800000  x9=0x00000000
     213025.000 ns	     21301	800048fc	29050a53	fmin.s	f20,f10,f16	 f10:0x3f350462 f16:0x00000000 f20=0x00000000
     213055.000 ns	     21304	80004900	e00a9cd3	fclass.s	x25,f21	 f21:0xcefff7e0 x25=0x00000002
     213085.000 ns	     21307	80004904	02b28d33	mul	x26,x5,x11	  x5:0x00000000 x11:0x00000001 x26=0x00000000
     213115.000 ns	     21310	80004908	28489853	fmax.s	f16,f17,f4	 f17:0xcd900000  f4:0x512bb280 f16=0x512bb280
     213145.000 ns	     21313	8000490c	a07f2553	feq.s	x10,f30,f7	 f30:0x7f800000  f7:0xcefff7e0 x10=0x00000000
     213175.000 ns	     21316	80004910	29849bd3	fmax.s	f23,f9,f24	  f9:0xcee59694 f24:0x4ee59694 f23=0x4ee59694
     213195.000 ns	     21318	80004914	252d3a93	sltiu	x21,x26,594	 x26:0x00000000 x21=0x00000001
     213205.000 ns	     21319	80004918	012a6f33	or	x30,x20,x18	 x20:0x80041024 x18:0xffffffff x30=0xffffffff
     213215.000 ns	     21320	8000491c	002a72b3	and	x5,x20,x2	 x20:0x80041024  x2:0x00000000  x5=0x00000000
     213235.000 ns	     21322	80004920	02d34433	div	x8,x6,x13	  x6:0xee000000 x13:0x00000000  x8=0xffffffff
     213255.000 ns	     21324	80004924	e68d6093	ori	x1,x26,-408	 x26:0x00000000  x1=0xfffffe68
     213265.000 ns	     21325	80004928	30b93293	sltiu	x5,x18,779	 x18:0xffffffff  x5=0x00000000
     213275.000 ns	     21326	8000492c	0051d533	srl	x10,x3,x5	  x3:0x00000001  x5:0x00000000 x10=0x00000001
     213635.000 ns	     21362	80004930	035140b3	div	x1,x2,x21	  x2:0x00000000 x21:0x00000001  x1=0x00000000
     213665.000 ns	     21365	80004934	033e2133	mulhsu	x2,x28,x19	 x28:0x512bb280 x19:0x3f800000  x2=0x142256c6
     213695.000 ns	     21368	80004938	202e0cd3	fsgnj.s	f25,f28,f2	 f28:0x40020812  f2:0x4efff7e0 f25=0x40020812
     213715.000 ns	     21370	8000493c	ddade637	lui	x12,0xddade	 x12=0xddade000
     213725.000 ns	     21371	80004940	01a70ab3	add	x21,x14,x26	 x14:0x72cb4a24 x26:0x00000000 x21=0x72cb4a24
     213745.000 ns	     21373	80004944	031bbeb3	mulhu	x29,x23,x17	 x23:0x00000000 x17:0x7ffbedf9 x29=0x00000000
     213765.000 ns	     21375	80004948	00e8a0b3	slt	x1,x17,x14	 x17:0x7ffbedf9 x14:0x72cb4a24  x1=0x00000000
     213775.000 ns	     21376	8000494c	0a12c113	xori	x2,x5,161	  x5:0x00000000  x2=0x000000a1
     213785.000 ns	     21377	80004950	b668f093	andi	x1,x17,-1178	 x17:0x7ffbedf9  x1=0x7ffbe960
     213805.000 ns	     21379	80004954	c00fa8d3	fcvt.w.s	x17,f31	 f31:0x4efff7e0 x17=0x7ffbf000
     213835.000 ns	     21382	80004958	d0109ad3	fcvt.s.wu	f21,x1	  x1:0x00000000 f21=0x4efff7d2
     213855.000 ns	     21384	8000495c	0ad8a913	slti	x18,x17,173	 x17:0x7ffbf000 x18=0x00000000
     213875.000 ns	     21386	80004960	20ae27d3	fsgnjx.s	f15,f28,f10	 f28:0x40020812 f10:0x3f350462 f15=0x40020812
     213895.000 ns	     21388	80004964	01deabb3	slt	x23,x29,x29	 x29:0x00000000 x29:0x00000000 x23=0x00000000
     213915.000 ns	     21390	80004968	212eaad3	fsgnjx.s	f21,f29,f18	 f29:0x7fc00000 f18:0x4efff7e0 f21=0x7fc00000
     213945.000 ns	     21393	8000496c	027b26b3	mulhsu	x13,x22,x7	 x22:0xb7d4c000  x7:0xe22db000 x13=0xc03cf048
     213975.000 ns	     21396	80004970	a1458653	fle.s	x12,f11,f20	 f11:0x7fc00000 f20:0x00000000 x12=0x00000000
     214315.000 ns	     21430	80004974	18652853	fdiv.s	f16,f10,f6	 f10:0x3f350462  f6:0x3f350462 f16=0x3f7fff62
     214335.000 ns	     21432	80004978	017cd9b3	srl	x19,x25,x23	 x25:0x00000002 x23:0x00000000 x19=0x00000002
     214355.000 ns	     21434	8000497c	e0059653	fclass.s	x12,f11	 f11:0x7fc00000 x12=0x00000200
     214385.000 ns	     21437	80004980	c00cfbd3	fcvt.w.s	x23,f25	 f25:0x40020812 x23=0x00000002
     214415.000 ns	     21440	80004984	a15e2ad3	feq.s	x21,f28,f21	 f28:0x40020812 f21:0x7fc00000 x21=0x00000000
     214455.000 ns	     21444	80004988	113793d3	fmul.s	f7,f15,f19	 f15:0x40020812 f19:0xcefff7e0  f7=0xcf8203f1
     214485.000 ns	     21447	8000498c	a1fe9e53	flt.s	x28,f29,f31	 f29:0x7fc00000 f31:0x4efff7e0 x28=0x00000000
     214515.000 ns	     21450	80004990	030801b3	mul	x3,x16,x16	 x16:0x80040fe4 x16:0x80040fe4  x3=0x801c8310
     214545.000 ns	     21453	80004994	e00e0453	fmv.x.w	x8,f28	 f28:0x40020812  x8=0x40020812
     214565.000 ns	     21455	80004998	00414bb3	xor	x23,x2,x4	  x2:0x000000a1  x4:0x00000000 x23=0x000000a1
     214575.000 ns	     21456	8000499c	7241b193	sltiu	x3,x3,1828	  x3:0x801c8310  x3=0x00000000
     214585.000 ns	     21457	800049a0	5216fb93	andi	x23,x13,1313	 x13:0xc03cf048 x23=0x00000000
     214595.000 ns	     21458	800049a4	417cd8b3	sra	x17,x25,x23	 x25:0x00000002 x23:0x000000a1 x17=0x00000002
     214955.000 ns	     21494	800049a8	0283c333	div	x6,x7,x8	  x7:0xe22db000  x8:0x40020812  x6=0x00000000
     214975.000 ns	     21496	800049ac	01ab3033	sltu	x0,x22,x26	 x22:0xb7d4c000 x26:0x00000000
     214985.000 ns	     21497	800049b0	00b47233	and	x4,x8,x11	  x8:0x40020812 x11:0x00000001  x4=0x00000000
     214995.000 ns	     21498	800049b4	de1a6db7	lui	x27,0xde1a6	 x27=0xde1a6000
     215015.000 ns	     21500	800049b8	a0ea0653	fle.s	x12,f20,f14	 f20:0x00000000 f14:0x3e6904d4 x12=0x00000001
     215045.000 ns	     21503	800049bc	f00785d3	fmv.w.x	f11,x15	 x15:0xffffffff f11=0xffffffff
     215075.000 ns	     21506	800049c0	20428353	fsgnj.s	f6,f5,f4	  f5:0x3f800000  f4:0x512bb280  f6=0x3f800000
     215105.000 ns	     21509	800049c4	a11b82d3	fle.s	x5,f23,f17	 f23:0x4ee59694 f17:0xcd900000  x5=0x00000000
     215155.000 ns	     21514	800049c8	0860f353	fsub.s	f6,f1,f6	  f1:0x3f350462  f6:0x3f800000  f6=0xbe95f73c
     215205.000 ns	     21519	800049cc	08f7f1d3	fsub.s	f3,f15,f15	 f15:0x40020812 f15:0x40020812  f3=0x80000000
     215225.000 ns	     21521	800049d0	002f7133	and	x2,x30,x2	 x30:0xffffffff  x2:0x000000a1  x2=0x000000a1
     215585.000 ns	     21557	800049d4	0229db33	divu	x22,x19,x2	 x19:0x00000002  x2:0x000000a1 x22=0x00000000
     215615.000 ns	     21560	800049d8	0363bbb3	mulhu	x23,x7,x22	  x7:0xe22db000 x22:0xb7d4c000 x23=0x00000000
     215645.000 ns	     21563	800049dc	03a096b3	mulh	x13,x1,x26	  x1:0x7ffbe960 x26:0x00000000 x13=0x00000000
     215675.000 ns	     21566	800049e0	d00fc1d3	fcvt.s.w	f3,x31	 x31:0xffffffff  f3=0xbf800000
     215705.000 ns	     21569	800049e4	e0000bd3	fmv.x.w	x23,f0	  f0:0xcdee9280 x23=0xcdee9280
     215735.000 ns	     21572	800049e8	02c51033	mulh	x0,x10,x12	 x10:0x00000001 x12:0x00000001
     215785.000 ns	     21577	800049ec	00c0a6d3	fadd.s	f13,f1,f12	  f1:0x3f350462 f12:0xcefff7e0 f13=0xcefff7e0
     215835.000 ns	     21582	800049f0	083727d3	fsub.s	f15,f14,f3	 f14:0x3e6904d4  f3:0xbf800000 f15=0x3f9d209a
     215855.000 ns	     21584	800049f4	ef276e93	ori	x29,x14,-270	 x14:0x72cb4a24 x29=0xfffffef6
     215885.000 ns	     21587	800049f8	11fb4653	fmul.s	f12,f22,f31	 f22:0xcefff7e0 f31:0x4efff7e0 f12=0xde7fefc0
     215915.000 ns	     21590	800049fc	287a1c53	fmax.s	f24,f20,f7	 f20:0x00000000  f7:0xcf8203f1 f24=0x00000000
     215935.000 ns	     21592	80004a00	00096bb3	or	x23,x18,x0	 x18:0x00000000  x0:0x00000000 x23=0x00000000
     216265.000 ns	     21625	80004a04	184bfbd3	fdiv.s	f23,f23,f4	 f23:0x4ee59694  f4:0x512bb280 f23=0x3ce59694
     216295.000 ns	     21628	80004a08	e0028cd3	fmv.x.w	x25,f5	  f5:0x3f800000 x25=0x3f800000
     216665.000 ns	     21665	80004a0c	030d6fb3	rem	x31,x26,x16	 x26:0x00000000 x16:0x80040fe4 x31=0x00000000
     216685.000 ns	     21667	80004a10	00587333	and	x6,x16,x5	 x16:0x80040fe4  x5:0x00000000  x6=0x00000000
     216705.000 ns	     21669	80004a14	a0608ed3	fle.s	x29,f1,f6	  f1:0x3f350462  f6:0xbe95f73c x29=0x00000000
     216725.000 ns	     21671	80004a18	010a9693	slli	x13,x21,0x10	 x21:0x00000000 x13=0x00000000
     216765.000 ns	     21675	80004a1c	091a36d3	fsub.s	f13,f20,f17	 f20:0x00000000 f17:0xcd900000 f13=0x4d900000
     216795.000 ns	     21678	80004a20	21a482d3	fsgnj.s	f5,f9,f26	  f9:0xcee59694 f26:0x7eb792ee  f5=0x4ee59694
     216815.000 ns	     21680	80004a24	0063d6b3	srl	x13,x7,x6	  x7:0xe22db000  x6:0x00000000 x13=0xe22db000
     216855.000 ns	     21684	80004a28	006ef7d3	fadd.s	f15,f29,f6	 f29:0x7fc00000  f6:0xbe95f73c f15=0x7fc00000
     216875.000 ns	     21686	80004a2c	005a8db3	add	x27,x21,x5	 x21:0x00000000  x5:0x00000000 x27=0x00000000
     216885.000 ns	     21687	80004a30	01290fb3	add	x31,x18,x18	 x18:0x00000000 x18:0x00000000 x31=0x00000000
     218055.000 ns	     21804	80004a34	58041d53	fsqrt.s	f26,f8	  f8:0x00000001 f26=0x1f350483
     218075.000 ns	     21806	80004a38	470ee613	ori	x12,x29,1136	 x29:0x00000000 x12=0x00000470
     218095.000 ns	     21808	80004a3c	a03125d3	feq.s	x11,f2,f3	  f2:0x4efff7e0  f3:0xbf800000 x11=0x00000000
     218125.000 ns	     21811	80004a40	e00c9fd3	fclass.s	x31,f25	 f25:0x40020812 x31=0x00000040
     218155.000 ns	     21814	80004a44	a0c32f53	feq.s	x30,f6,f12	  f6:0xbe95f73c f12:0xde7fefc0 x30=0x00000000
     218175.000 ns	     21816	80004a48	01547eb3	and	x29,x8,x21	  x8:0x40020812 x21:0x00000000 x29=0x00000000
     218195.000 ns	     21818	80004a4c	f00a89d3	fmv.w.x	f19,x21	 x21:0x00000000 f19=0x00000000
     218225.000 ns	     21821	80004a50	032eff33	remu	x30,x29,x18	 x29:0x00000000 x18:0x00000000 x30=0x00000000
     218245.000 ns	     21823	80004a54	072db393	sltiu	x7,x27,114	 x27:0x00000000  x7=0x00000001
     218255.000 ns	     21824	80004a58	a6d3b193	sltiu	x3,x7,-1427	  x7:0xe22db000  x3=0x00000001
     218275.000 ns	     21826	80004a5c	03d0cbb3	div	x23,x1,x29	  x1:0x7ffbe960 x29:0x00000000 x23=0xffffffff
     218305.000 ns	     21829	80004a60	282182d3	fmin.s	f5,f3,f2	  f3:0xbf800000  f2:0x4efff7e0  f5=0xbf800000
     218325.000 ns	     21831	80004a64	012f5d93	srli	x27,x30,0x12	 x30:0x00000000 x27=0x00000000
     218335.000 ns	     21832	80004a68	40cb8e33	sub	x28,x23,x12	 x23:0xffffffff x12:0x00000470 x28=0xfffffb8f
     218345.000 ns	     21833	80004a6c	00000013	addi	x0,x0,0	  x0:0x00000000
     218365.000 ns	     21835	80004a70	28cf96d3	fmax.s	f13,f31,f12	 f31:0x4efff7e0 f12:0xde7fefc0 f13=0x4efff7e0
     218395.000 ns	     21838	80004a74	03a48133	mul	x2,x9,x26	  x9:0x00000000 x26:0x00000000  x2=0x00000000
     218735.000 ns	     21872	80004a78	19977953	fdiv.s	f18,f14,f25	 f14:0x3e6904d4 f25:0x40020812 f18=0x3d95face
     219075.000 ns	     21906	80004a7c	191dffd3	fdiv.s	f31,f27,f17	 f27:0xcefff7e0 f17:0xcd900000 f31=0x407ff7e0
     219105.000 ns	     21909	80004a80	20581d53	fsgnjn.s	f26,f16,f5	 f16:0x3f7fff62  f5:0xbf800000 f26=0x3f7fff62
     219125.000 ns	     21911	80004a84	00000013	addi	x0,x0,0	  x0:0x00000000
     219145.000 ns	     21913	80004a88	a1f796d3	flt.s	x13,f15,f31	 f15:0x7fc00000 f31:0x407ff7e0 x13=0x00000000
     219175.000 ns	     21916	80004a8c	a06203d3	fle.s	x7,f4,f6	  f4:0x512bb280  f6:0xbe95f73c  x7=0x00000000
     219195.000 ns	     21918	80004a90	01ae5c13	srli	x24,x28,0x1a	 x28:0xfffffb8f x24=0x0000003f
     219215.000 ns	     21920	80004a94	03c01cb3	mulh	x25,x0,x28	  x0:0x00000000 x28:0xfffffb8f x25=0x00000000
     219245.000 ns	     21923	80004a98	02be4f33	div	x30,x28,x11	 x28:0xfffffb8f x11:0x00000000 x30=0xffffffff
     219615.000 ns	     21960	80004a9c	03c5f1b3	remu	x3,x11,x28	 x11:0x00000000 x28:0xfffffb8f  x3=0x00000000
     219635.000 ns	     21962	80004aa0	00885f93	srli	x31,x16,0x8	 x16:0x80040fe4 x31=0x0080040f
     219645.000 ns	     21963	80004aa4	00e139b3	sltu	x19,x2,x14	  x2:0x00000000 x14:0x72cb4a24 x19=0x00000001
     219665.000 ns	     21965	80004aa8	03656e33	rem	x28,x10,x22	 x10:0x00000001 x22:0x00000000 x28=0x00000001
     219695.000 ns	     21968	80004aac	211d90d3	fsgnjn.s	f1,f27,f17	 f27:0xcefff7e0 f17:0xcd900000  f1=0x4efff7e0
     219725.000 ns	     21971	80004ab0	21980bd3	fsgnj.s	f23,f16,f25	 f16:0x3f7fff62 f25:0x40020812 f23=0x3f7fff62
     219745.000 ns	     21973	80004ab4	01394cb3	xor	x25,x18,x19	 x18:0x00000000 x19:0x00000001 x25=0x00000001
     220105.000 ns	     22009	80004ab8	039ef9b3	remu	x19,x29,x25	 x29:0x00000000 x25:0x00000000 x19=0x00000000
     220135.000 ns	     22012	80004abc	e0070c53	fmv.x.w	x24,f14	 f14:0x3e6904d4 x24=0x3e6904d4
     220505.000 ns	     22049	80004ac0	03815633	divu	x12,x2,x24	  x2:0x00000000 x24:0x0000003f x12=0x00000000
     220545.000 ns	     22053	80004ac4	11ef7f53	fmul.s	f30,f30,f30	 f30:0x7f800000 f30:0x7f800000 f30=0x7f800000
     220565.000 ns	     22055	80004ac8	f31f6417	auipc	x8,0xf31f6	  x8=0x731faac8
     220575.000 ns	     22056	80004acc	416901b3	sub	x3,x18,x22	 x18:0x00000000 x22:0x00000000  x3=0x00000000
     220595.000 ns	     22058	80004ad0	d00c09d3	fcvt.s.w	f19,x24	 x24:0x3e6904d4 f19=0x4e79a413
     220625.000 ns	     22061	80004ad4	02cb3233	mulhu	x4,x22,x12	 x22:0x00000000 x12:0x00000000  x4=0x00000000
     220655.000 ns	     22064	80004ad8	a1871c53	flt.s	x24,f14,f24	 f14:0x3e6904d4 f24:0x00000000 x24=0x00000000
     220685.000 ns	     22067	80004adc	026cc633	div	x12,x25,x6	 x25:0x00000001  x6:0x00000000 x12=0xffffffff
     220705.000 ns	     22069	80004ae0	0172e533	or	x10,x5,x23	  x5:0x00000000 x23:0xffffffff x10=0xffffffff
     220725.000 ns	     22071	80004ae4	a1832ed3	feq.s	x29,f6,f24	  f6:0xbe95f73c f24:0x00000000 x29=0x00000000
     220755.000 ns	     22074	80004ae8	027795b3	mulh	x11,x15,x7	 x15:0xffffffff  x7:0x00000000 x11=0x00000000
     220785.000 ns	     22077	80004aec	a0c89ad3	flt.s	x21,f17,f12	 f17:0xcd900000 f12:0xde7fefc0 x21=0x00000000
     220825.000 ns	     22081	80004af0	103138d3	fmul.s	f17,f2,f3	  f2:0x4efff7e0  f3:0xbf800000 f17=0xcefff7e0
     220855.000 ns	     22084	80004af4	20938ad3	fsgnj.s	f21,f7,f9	  f7:0xcf8203f1  f9:0xcee59694 f21=0xcf8203f1
     220895.000 ns	     22088	80004af8	1897ffd3	fdiv.s	f31,f15,f9	 f15:0x7fc00000  f9:0xcee59694 f31=0x7fc00000
     220925.000 ns	     22091	80004afc	02c102b3	mul	x5,x2,x12	  x2:0x00000000 x12:0xffffffff  x5=0x00000000
     220945.000 ns	     22093	80004b00	0139feb3	and	x29,x19,x19	 x19:0x00000000 x19:0x00000000 x29=0x00000000
     220955.000 ns	     22094	80004b04	00000013	addi	x0,x0,0	  x0:0x00000000
     221315.000 ns	     22130	80004b08	0285eab3	rem	x21,x11,x8	 x11:0x00000000  x8:0x731faac8 x21=0x00000000
     221365.000 ns	     22135	80004b0c	01257753	fadd.s	f14,f10,f18	 f10:0x3f350462 f18:0x3d95face f14=0x3f47c3bb
     221395.000 ns	     22138	80004b10	02d00133	mul	x2,x0,x13	  x0:0x00000000 x13:0x00000000  x2=0x00000000
     221425.000 ns	     22141	80004b14	290c1753	fmax.s	f14,f24,f16	 f24:0x00000000 f16:0x3f7fff62 f14=0x3f7fff62
     221455.000 ns	     22144	80004b18	29291f53	fmax.s	f30,f18,f18	 f18:0x3d95face f18:0x3d95face f30=0x3d95face
     221475.000 ns	     22146	80004b1c	3096feb7	lui	x29,0x3096f	 x29=0x3096f000
     221495.000 ns	     22148	80004b20	d00d7c53	fcvt.s.w	f24,x26	 x26:0x00000000 f24=0x00000000
     221865.000 ns	     22185	80004b24	037044b3	div	x9,x0,x23	  x0:0x00000000 x23:0xffffffff  x9=0x00000000
     222235.000 ns	     22222	80004b28	02f8dc33	divu	x24,x17,x15	 x17:0x00000002 x15:0xffffffff x24=0x00000000
     222265.000 ns	     22225	80004b2c	02792033	mulhsu	x0,x18,x7	 x18:0x00000000  x7:0x00000000
     222285.000 ns	     22227	80004b30	65ae0797	auipc	x15,0x65ae0	 x15=0xe5ae4b30
     222295.000 ns	     22228	80004b34	01376fb3	or	x31,x14,x19	 x14:0x72cb4a24 x19:0x00000000 x31=0x72cb4a24
     222305.000 ns	     22229	80004b38	00578eb3	add	x29,x15,x5	 x15:0xffffffff  x5:0x00000000 x29=0xe5ae4b30
     222325.000 ns	     22231	80004b3c	f00701d3	fmv.w.x	f3,x14	 x14:0x72cb4a24  f3=0x72cb4a24
     222355.000 ns	     22234	80004b40	a1a9a153	feq.s	x2,f19,f26	 f19:0x4e79a413 f26:0x3f7fff62  x2=0x00000000
     222375.000 ns	     22236	80004b44	01d91113	slli	x2,x18,0x1d	 x18:0x00000000  x2=0x00000000
     222385.000 ns	     22237	80004b48	00d37b33	and	x22,x6,x13	  x6:0x00000000 x13:0x00000000 x22=0x00000000
     222405.000 ns	     22239	80004b4c	a01c87d3	fle.s	x15,f25,f1	 f25:0x40020812  f1:0x4efff7e0 x15=0x00000001
     222425.000 ns	     22241	80004b50	007ed313	srli	x6,x29,0x7	 x29:0xe5ae4b30  x6=0x01cb5c96
     222435.000 ns	     22242	80004b54	01b39d33	sll	x26,x7,x27	  x7:0x00000000 x27:0x00000000 x26=0x00000000
     222455.000 ns	     22244	80004b58	e00097d3	fclass.s	x15,f1	  f1:0x4efff7e0 x15=0x00000040
     222485.000 ns	     22247	80004b5c	02009bb3	mulh	x23,x1,x0	  x1:0x7ffbe960  x0:0x00000000 x23=0x00000000
     222825.000 ns	     22281	80004b60	1820f453	fdiv.s	f8,f1,f2	  f1:0x4efff7e0  f2:0x4efff7e0  f8=0x3f7ff7e0
     222845.000 ns	     22283	80004b64	00b01433	sll	x8,x0,x11	  x0:0x00000000 x11:0x00000000  x8=0x00000000
     222865.000 ns	     22285	80004b68	031692b3	mulh	x5,x13,x17	 x13:0x00000000 x17:0x00000002  x5=0x00000000
     222885.000 ns	     22287	80004b6c	0194d913	srli	x18,x9,0x19	  x9:0x00000000 x18=0x00000000
     222905.000 ns	     22289	80004b70	c0182dd3	fcvt.wu.s	x27,f16	 f16:0x3f7fff62 x27=0x00000001
     222935.000 ns	     22292	80004b74	c0013ad3	fcvt.w.s	x21,f2	  f2:0x4efff7e0 x21=0x7ffbf000
     222955.000 ns	     22294	80004b78	01689b33	sll	x22,x17,x22	 x17:0x00000002 x22:0x00000000 x22=0x00000002
     222965.000 ns	     22295	80004b7c	0160e1b3	or	x3,x1,x22	  x1:0x7ffbe960 x22:0x00000000  x3=0x7ffbe962
     223325.000 ns	     22331	80004b80	036dce33	div	x28,x27,x22	 x27:0x00000001 x22:0x00000000 x28=0x00000000
     223375.000 ns	     22336	80004b84	01d1af53	fadd.s	f30,f3,f29	  f3:0x72cb4a24 f29:0x7fc00000 f30=0x7fc00000
     223715.000 ns	     22370	80004b88	180109d3	fdiv.s	f19,f2,f0	  f2:0x4efff7e0  f0:0xcdee9280 f19=0xc07ff7e0
     223745.000 ns	     22373	80004b8c	201220d3	fsgnjx.s	f1,f4,f1	  f4:0x512bb280  f1:0x4efff7e0  f1=0x512bb280
     223775.000 ns	     22376	80004b90	03270933	mul	x18,x14,x18	 x14:0x72cb4a24 x18:0x00000000 x18=0x00000000
     224145.000 ns	     22413	80004b94	034c4433	div	x8,x24,x20	 x24:0x00000000 x20:0x80041024  x8=0x00000000
     224175.000 ns	     22416	80004b98	217821d3	fsgnjx.s	f3,f16,f23	 f16:0x3f7fff62 f23:0x3f7fff62  f3=0x3f7fff62
     224195.000 ns	     22418	80004b9c	018132b3	sltu	x5,x2,x24	  x2:0x00000000 x24:0x00000000  x5=0x00000000
     224215.000 ns	     22420	80004ba0	21792553	fsgnjx.s	f10,f18,f23	 f18:0x3d95face f23:0x3f7fff62 f10=0x3d95face
     224245.000 ns	     22423	80004ba4	c00d7953	fcvt.w.s	x18,f26	 f26:0x3f7fff62 x18=0x00000000
     224275.000 ns	     22426	80004ba8	03a55e33	divu	x28,x10,x26	 x10:0xffffffff x26:0x00000000 x28=0xffffffff
     224295.000 ns	     22428	80004bac	37e2fb97	auipc	x23,0x37e2f	 x23=0xb7e33bac
     224315.000 ns	     22430	80004bb0	e00f8353	fmv.x.w	x6,f31	 f31:0x7fc00000  x6=0x7fc00000
     224345.000 ns	     22433	80004bb4	d00297d3	fcvt.s.w	f15,x5	  x5:0x00000000 f15=0x00000000
     224375.000 ns	     22436	80004bb8	d01c05d3	fcvt.s.wu	f11,x24	 x24:0x00000000 f11=0x00000000
     224405.000 ns	     22439	80004bbc	03478433	mul	x8,x15,x20	 x15:0x00000040 x20:0x80041024  x8=0x01040900
     224445.000 ns	     22443	80004bc0	104d4a53	fmul.s	f20,f26,f4	 f26:0x3f7fff62  f4:0x512bb280 f20=0x512bb216
     224475.000 ns	     22446	80004bc4	033694b3	mulh	x9,x13,x19	 x13:0x00000000 x19:0x00000000  x9=0x00000000
     224505.000 ns	     22449	80004bc8	03aaf933	remu	x18,x21,x26	 x21:0x7ffbf000 x26:0x00000000 x18=0x7ffbf000
     224525.000 ns	     22451	80004bcc	00000013	addi	x0,x0,0	  x0:0x00000000
     224535.000 ns	     22452	80004bd0	40a180b3	sub	x1,x3,x10	  x3:0x7ffbe962 x10:0xffffffff  x1=0x7ffbe963
     224545.000 ns	     22453	80004bd4	00000013	addi	x0,x0,0	  x0:0x00000000
     224565.000 ns	     22455	80004bd8	a1d413d3	flt.s	x7,f8,f29	  f8:0x3f7ff7e0 f29:0x7fc00000  x7=0x00000000
     224615.000 ns	     22460	80004bdc	09b87653	fsub.s	f12,f16,f27	 f16:0x3f7fff62 f27:0xcefff7e0 f12=0x4efff7e0
     224665.000 ns	     22465	80004be0	0015aad3	fadd.s	f21,f11,f1	 f11:0x00000000  f1:0x512bb280 f21=0x512bb280
     225035.000 ns	     22502	80004be4	03b5eb33	rem	x22,x11,x27	 x11:0x00000000 x27:0x00000001 x22=0x00000000
     225055.000 ns	     22504	80004be8	b0202b93	slti	x23,x0,-1278	  x0:0x00000000 x23=0x00000000
     225415.000 ns	     22540	80004bec	031cd933	divu	x18,x25,x17	 x25:0x00000001 x17:0x00000002 x18=0x00000000
     225465.000 ns	     22545	80004bf0	09738653	fsub.s	f12,f7,f23	  f7:0xcf8203f1 f23:0x3f7fff62 f12=0xcf8203f1
     225505.000 ns	     22549	80004bf4	19867d53	fdiv.s	f26,f12,f24	 f12:0x4efff7e0 f24:0x00000000 f26=0xff800000
     225525.000 ns	     22551	80004bf8	01273333	sltu	x6,x14,x18	 x14:0x72cb4a24 x18:0x00000000  x6=0x00000000
     225535.000 ns	     22552	80004bfc	0121e533	or	x10,x3,x18	  x3:0x7ffbe962 x18:0x00000000 x10=0x7ffbe962
     225555.000 ns	     22554	80004c00	02044bb3	div	x23,x8,x0	  x8:0x01040900  x0:0x00000000 x23=0xffffffff
     225575.000 ns	     22556	80004c04	eec3a093	slti	x1,x7,-276	  x7:0x00000000  x1=0x00000000
     225595.000 ns	     22558	80004c08	c018f253	fcvt.wu.s	x4,f17	 f17:0xcefff7e0  x4=0x7ffbf000
     225615.000 ns	     22560	80004c0c	40935913	srai	x18,x6,0x9	  x6:0x00000000 x18=0x00000000
     225635.000 ns	     22562	80004c10	e0038053	fmv.x.w	x0,f7	  f7:0xcf8203f1
     225665.000 ns	     22565	80004c14	20e02a53	fsgnjx.s	f20,f0,f14	  f0:0xcdee9280 f14:0x3f7fff62 f20=0xcdee9280
     225695.000 ns	     22568	80004c18	20771e53	fsgnjn.s	f28,f14,f7	 f14:0x3f7fff62  f7:0xcf8203f1 f28=0x3f7fff62
     225725.000 ns	     22571	80004c1c	209caad3	fsgnjx.s	f21,f25,f9	 f25:0x40020812  f9:0xcee59694 f21=0xc0020812
     226095.000 ns	     22608	80004c20	0391eeb3	rem	x29,x3,x25	  x3:0x7ffbe962 x25:0x00000001 x29=0x00000000
     226125.000 ns	     22611	80004c24	a17c89d3	fle.s	x19,f25,f23	 f25:0x40020812 f23:0x3f7fff62 x19=0x00000000
     226145.000 ns	     22613	80004c28	00fd9db3	sll	x27,x27,x15	 x27:0x00000001 x15:0x00000040 x27=0x00000001
     226185.000 ns	     22617	80004c2c	01cefb53	fadd.s	f22,f29,f28	 f29:0x7fc00000 f28:0x3f7fff62 f22=0x7fc00000
     226215.000 ns	     22620	80004c30	a140a353	feq.s	x6,f1,f20	  f1:0x512bb280 f20:0xcdee9280  x6=0x00000000
     226245.000 ns	     22623	80004c34	a12ca2d3	feq.s	x5,f25,f18	 f25:0x40020812 f18:0x3d95face  x5=0x00000000
     226275.000 ns	     22626	80004c38	21780dd3	fsgnj.s	f27,f16,f23	 f16:0x3f7fff62 f23:0x3f7fff62 f27=0x3f7fff62
     226295.000 ns	     22628	80004c3c	01bc59b3	srl	x19,x24,x27	 x24:0x00000000 x27:0x00000001 x19=0x00000000
     226335.000 ns	     22632	80004c40	00f6fa53	fadd.s	f20,f13,f15	 f13:0x4efff7e0 f15:0x00000000 f20=0x4efff7e0
     226355.000 ns	     22634	80004c44	006fde93	srli	x29,x31,0x6	 x31:0x72cb4a24 x29=0x01cb2d28
     226365.000 ns	     22635	80004c48	018d9b33	sll	x22,x27,x24	 x27:0x00000001 x24:0x00000000 x22=0x00000001
     226375.000 ns	     22636	80004c4c	c77c4e13	xori	x28,x24,-905	 x24:0x00000000 x28=0xfffffc77
     226385.000 ns	     22637	80004c50	00000013	addi	x0,x0,0	  x0:0x00000000
     226395.000 ns	     22638	80004c54	0010bd33	sltu	x26,x1,x1	  x1:0x00000000  x1:0x00000000 x26=0x00000000
     226415.000 ns	     22640	80004c58	c01afc53	fcvt.wu.s	x24,f21	 f21:0xc0020812 x24=0x00000002
     226435.000 ns	     22642	80004c5c	005d9cb3	sll	x25,x27,x5	 x27:0x00000001  x5:0x00000000 x25=0x00000001
     226455.000 ns	     22644	80004c60	21428653	fsgnj.s	f12,f5,f20	  f5:0xbf800000 f20:0x4efff7e0 f12=0x3f800000
     226485.000 ns	     22647	80004c64	a14e0453	fle.s	x8,f28,f20	 f28:0x3f7fff62 f20:0x4efff7e0  x8=0x00000001
     226505.000 ns	     22649	80004c68	d23fca93	xori	x21,x31,-733	 x31:0x72cb4a24 x21=0x8d34b707
     226515.000 ns	     22650	80004c6c	b2280317	auipc	x6,0xb2280	  x6=0x32284c6c
     226525.000 ns	     22651	80004c70	01521213	slli	x4,x4,0x15	  x4:0x7ffbf000  x4=0x00000000
     226545.000 ns	     22653	80004c74	d0152253	fcvt.s.wu	f4,x10	 x10:0x7ffbe962  f4=0x4efff7d3
     226575.000 ns	     22656	80004c78	2002a2d3	fsgnjx.s	f5,f5,f0	  f5:0xbf800000  f0:0xcdee9280  f5=0x3f800000
     226605.000 ns	     22659	80004c7c	212ca1d3	fsgnjx.s	f3,f25,f18	 f25:0x40020812 f18:0x3d95face  f3=0x40020812
     226625.000 ns	     22661	80004c80	c4983c93	sltiu	x25,x16,-951	 x16:0x80040fe4 x25=0x00000001
     227795.000 ns	     22778	80004c84	58067cd3	fsqrt.s	f25,f12	 f12:0x3f800000 f25=0x3f7fffae
     227815.000 ns	     22780	80004c88	5c96a793	slti	x15,x13,1481	 x13:0x00000000 x15=0x00000001
     227825.000 ns	     22781	80004c8c	41a0db13	srai	x22,x1,0x1a	  x1:0x00000000 x22=0x00000000
     227835.000 ns	     22782	80004c90	d4df3d13	sltiu	x26,x30,-691	 x30:0xffffffff x26=0x00000000
     227845.000 ns	     22783	80004c94	009147b3	xor	x15,x2,x9	  x2:0x00000000  x9:0x00000000 x15=0x00000000
     227865.000 ns	     22785	80004c98	d0157b53	fcvt.s.wu	f22,x10	 x10:0x7ffbe962 f22=0x4efff7d2
     227885.000 ns	     22787	80004c9c	00000013	addi	x0,x0,0	  x0:0x00000000
     227905.000 ns	     22789	80004ca0	03d31b33	mulh	x22,x6,x29	  x6:0x32284c6c x29:0x01cb2d28 x22=0x0059f719
     227925.000 ns	     22791	80004ca4	7c4d3993	sltiu	x19,x26,1988	 x26:0x00000000 x19=0x00000001
     227945.000 ns	     22793	80004ca8	20a08953	fsgnj.s	f18,f1,f10	  f1:0x512bb280 f10:0x3d95face f18=0x512bb280
     227975.000 ns	     22796	80004cac	a0ad1fd3	flt.s	x31,f26,f10	 f26:0xff800000 f10:0x3d95face x31=0x00000001
     227995.000 ns	     22798	80004cb0	00224433	xor	x8,x4,x2	  x4:0x00000000  x2:0x00000000  x8=0x00000000
     228005.000 ns	     22799	80004cb4	4586e313	ori	x6,x13,1112	 x13:0x00000000  x6=0x00000458
     228015.000 ns	     22800	80004cb8	4084d3b3	sra	x7,x9,x8	  x9:0x00000000  x8:0x00000001  x7=0x00000000
     228025.000 ns	     22801	80004cbc	d259b613	sltiu	x12,x19,-731	 x19:0x00000001 x12=0x00000001
     228045.000 ns	     22803	80004cc0	02457cb3	remu	x25,x10,x4	 x10:0x7ffbe962  x4:0x00000000 x25=0x7ffbe962
     228065.000 ns	     22805	80004cc4	001f1293	slli	x5,x30,0x1	 x30:0xffffffff  x5=0xfffffffe
     228075.000 ns	     22806	80004cc8	00000013	addi	x0,x0,0	  x0:0x00000000
     228435.000 ns	     22842	80004ccc	0312c033	div	x0,x5,x17	  x5:0x00000000 x17:0x00000002
     228455.000 ns	     22844	80004cd0	40c35633	sra	x12,x6,x12	  x6:0x00000458 x12:0x00000001 x12=0x0000022c
     228475.000 ns	     22846	80004cd4	0359b533	mulhu	x10,x19,x21	 x19:0x00000001 x21:0x8d34b707 x10=0x00000000
     228495.000 ns	     22848	80004cd8	007a9e33	sll	x28,x21,x7	 x21:0x8d34b707  x7:0x00000000 x28=0x8d34b707
     228515.000 ns	     22850	80004cdc	03d701b3	mul	x3,x14,x29	 x14:0x72cb4a24 x29:0x01cb2d28  x3=0x9a57e9a0
     228565.000 ns	     22855	80004ce0	08a42653	fsub.s	f12,f8,f10	  f8:0x3f7ff7e0 f10:0x3d95face f12=0x3f6d3886
     229745.000 ns	     22973	80004ce4	58097a53	fsqrt.s	f20,f18	 f18:0x512bb280 f20=0x47f2d0aa
     229775.000 ns	     22976	80004ce8	a1d580d3	fle.s	x1,f11,f29	 f11:0x00000000 f29:0x7fc00000  x1=0x00000000
     229805.000 ns	     22979	80004cec	a15580d3	fle.s	x1,f11,f21	 f11:0x00000000 f21:0xc0020812  x1=0x00000000
     229825.000 ns	     22981	80004cf0	613f4b13	xori	x22,x30,1555	 x30:0xffffffff x22=0xfffff9ec
     229835.000 ns	     22982	80004cf4	54910e13	addi	x28,x2,1353	  x2:0x00000000 x28=0x00000549
     229845.000 ns	     22983	80004cf8	019dd513	srli	x10,x27,0x19	 x27:0x00000001 x10=0x00000000
     231015.000 ns	     23100	80004cfc	58081fd3	fsqrt.s	f31,f16	 f16:0x3f7fff62 f31=0x3f3503f4
     231045.000 ns	     23103	80004d00	03b925b3	mulhsu	x11,x18,x27	 x18:0x00000000 x27:0x00000001 x11=0x00000000
     231065.000 ns	     23105	80004d04	014320b3	slt	x1,x6,x20	  x6:0x00000458 x20:0x80041024  x1=0x00000000
     231075.000 ns	     23106	80004d08	410ce413	ori	x8,x25,1040	 x25:0x7ffbe962  x8=0x7ffbed72
     231085.000 ns	     23107	80004d0c	00000013	addi	x0,x0,0	  x0:0x00000000
     231105.000 ns	     23109	80004d10	e0018653	fmv.x.w	x12,f3	  f3:0x40020812 x12=0x40020812
     231475.000 ns	     23146	80004d14	028cef33	rem	x30,x25,x8	 x25:0x7ffbe962  x8:0x7ffbed72 x30=0x7ffbe962
     231495.000 ns	     23148	80004d18	a5b9c293	xori	x5,x19,-1445	 x19:0x00000001  x5=0xfffffa5a
     231505.000 ns	     23149	80004d1c	0103d593	srli	x11,x7,0x10	  x7:0x00000000 x11=0x00000000
     231525.000 ns	     23151	80004d20	a1302553	feq.s	x10,f0,f19	  f0:0xcdee9280 f19:0xc07ff7e0 x10=0x00000000
     231565.000 ns	     23155	80004d24	10ed7f53	fmul.s	f30,f26,f14	 f26:0xff800000 f14:0x3f7fff62 f30=0xff800000
     231595.000 ns	     23158	80004d28	f00e00d3	fmv.w.x	f1,x28	 x28:0x00000549  f1=0x00000549
     231625.000 ns	     23161	80004d2c	293c81d3	fmin.s	f3,f25,f19	 f25:0x3f7fffae f19:0xc07ff7e0  f3=0xc07ff7e0
     231655.000 ns	     23164	80004d30	032caab3	mulhsu	x21,x25,x18	 x25:0x7ffbe962 x18:0x00000000 x21=0x00000000
     231695.000 ns	     23168	80004d34	580373d3	fsqrt.s	f7,f6	  f6:0xbe95f73c  f7=0x7fc00000
     231725.000 ns	     23171	80004d38	02becf33	div	x30,x29,x11	 x29:0x01cb2d28 x11:0x00000000 x30=0xffffffff
     231755.000 ns	     23174	80004d3c	02bf9ab3	mulh	x21,x31,x11	 x31:0x00000001 x11:0x00000000 x21=0x00000000
     231785.000 ns	     23177	80004d40	020b2eb3	mulhsu	x29,x22,x0	 x22:0xfffff9ec  x0:0x00000000 x29=0x00000000
     231815.000 ns	     23180	80004d44	f00807d3	fmv.w.x	f15,x16	 x16:0x80040fe4 f15=0x80040fe4
     231845.000 ns	     23183	80004d48	20a382d3	fsgnj.s	f5,f7,f10	  f7:0x7fc00000 f10:0x3d95face  f5=0x7fc00000
     231875.000 ns	     23186	80004d4c	21c42e53	fsgnjx.s	f28,f8,f28	  f8:0x3f7ff7e0 f28:0x3f7fff62 f28=0x3f7ff7e0
     231895.000 ns	     23188	80004d50	00000013	addi	x0,x0,0	  x0:0x00000000
     231915.000 ns	     23190	80004d54	295093d3	fmax.s	f7,f1,f21	  f1:0x00000549 f21:0xc0020812  f7=0x00000549
     231945.000 ns	     23193	80004d58	a0f58ad3	fle.s	x21,f11,f15	 f11:0x00000000 f15:0x80040fe4 x21=0x00000000
     231965.000 ns	     23195	80004d5c	c0182c93	slti	x25,x16,-1023	 x16:0x80040fe4 x25=0x00000001
     231985.000 ns	     23197	80004d60	d01f22d3	fcvt.s.wu	f5,x30	 x30:0xffffffff  f5=0x4f800000
     232015.000 ns	     23200	80004d64	e00c8fd3	fmv.x.w	x31,f25	 f25:0x3f7fffae x31=0x3f7fffae
     232035.000 ns	     23202	80004d68	01782c33	slt	x24,x16,x23	 x16:0x80040fe4 x23:0xffffffff x24=0x00000001
     232045.000 ns	     23203	80004d6c	01f047b3	xor	x15,x0,x31	  x0:0x00000000 x31:0x3f7fffae x15=0x3f7fffae
     232055.000 ns	     23204	80004d70	01ef7c33	and	x24,x30,x30	 x30:0xffffffff x30:0xffffffff x24=0xffffffff
     232065.000 ns	     23205	80004d74	019d1333	sll	x6,x26,x25	 x26:0x00000000 x25:0x00000001  x6=0x00000000
     232075.000 ns	     23206	80004d78	61d0ff13	andi	x30,x1,1565	  x1:0x00000000 x30=0x00000000
     232085.000 ns	     23207	80004d7c	0162e633	or	x12,x5,x22	  x5:0xfffffa5a x22:0xfffff9ec x12=0xfffffbfe
     232095.000 ns	     23208	80004d80	018560b3	or	x1,x10,x24	 x10:0x00000000 x24:0xffffffff  x1=0xffffffff
     232115.000 ns	     23210	80004d84	03729533	mulh	x10,x5,x23	  x5:0xfffffa5a x23:0xffffffff x10=0x00000000
     232145.000 ns	     23213	80004d88	03ec6eb3	rem	x29,x24,x30	 x24:0xffffffff x30:0x00000000 x29=0xffffffff
     232175.000 ns	     23216	80004d8c	02938b33	mul	x22,x7,x9	  x7:0x00000000  x9:0x00000000 x22=0x00000000
     232205.000 ns	     23219	80004d90	28a492d3	fmax.s	f5,f9,f10	  f9:0xcee59694 f10:0x3d95face  f5=0x3d95face
     232575.000 ns	     23256	80004d94	0380eab3	rem	x21,x1,x24	  x1:0xffffffff x24:0xffffffff x21=0x00000000
     233755.000 ns	     23374	80004d98	580bb6d3	fsqrt.s	f13,f23	 f23:0x3f7fff62 f13=0x3f3503f4
     233775.000 ns	     23376	80004d9c	41a1d1b3	sra	x3,x3,x26	  x3:0x9a57e9a0 x26:0x00000000  x3=0x9a57e9a0
     233785.000 ns	     23377	80004da0	04e87693	andi	x13,x16,78	 x16:0x80040fe4 x13=0x00000044
     234145.000 ns	     23413	80004da4	02ec53b3	divu	x7,x24,x14	 x24:0xffffffff x14:0x72cb4a24  x7=0x00000002
     234175.000 ns	     23416	80004da8	298e9ed3	fmax.s	f29,f29,f24	 f29:0x7fc00000 f24:0x00000000 f29=0x00000000
     234545.000 ns	     23453	80004dac	03fe50b3	divu	x1,x28,x31	 x28:0x00000549 x31:0x3f7fffae  x1=0x00000000
     234565.000 ns	     23455	80004db0	42cc7e93	andi	x29,x24,1068	 x24:0xffffffff x29=0x0000042c
     234575.000 ns	     23456	80004db4	417fd2b3	sra	x5,x31,x23	 x31:0x3f7fffae x23:0xffffffff  x5=0x00000000
     234585.000 ns	     23457	80004db8	00000013	addi	x0,x0,0	  x0:0x00000000
     234595.000 ns	     23458	80004dbc	bb8ef393	andi	x7,x29,-1096	 x29:0x0000042c  x7=0x00000028
     234615.000 ns	     23460	80004dc0	03fa2fb3	mulhsu	x31,x20,x31	 x20:0x80041024 x31:0x3f7fffae x31=0xe0410229
     234635.000 ns	     23462	80004dc4	cc814113	xori	x2,x2,-824	  x2:0x00000000  x2=0xfffffcc8
     234655.000 ns	     23464	80004dc8	e00e83d3	fmv.x.w	x7,f29	 f29:0x00000000  x7=0x00000000
     234685.000 ns	     23467	80004dcc	21d18ed3	fsgnj.s	f29,f3,f29	  f3:0xc07ff7e0 f29:0x00000000 f29=0x407ff7e0
     234705.000 ns	     23469	80004dd0	5deec193	xori	x3,x29,1502	 x29:0x0000042c  x3=0x000001f2
     234715.000 ns	     23470	80004dd4	d0c96313	ori	x6,x18,-756	 x18:0x00000000  x6=0xfffffd0c
     234735.000 ns	     23472	80004dd8	290699d3	fmax.s	f19,f13,f16	 f13:0x3f3503f4 f16:0x3f7fff62 f19=0x3f7fff62
     234755.000 ns	     23474	80004ddc	003794b3	sll	x9,x15,x3	 x15:0x3f7fffae  x3:0x000001f2  x9=0xfeb80000
     234765.000 ns	     23475	80004de0	019f5013	srli	x0,x30,0x19	 x30:0x00000000
     234775.000 ns	     23476	80004de4	00e15633	srl	x12,x2,x14	  x2:0xfffffcc8 x14:0x72cb4a24 x12=0x0fffffcc
     235135.000 ns	     23512	80004de8	02cc5933	divu	x18,x24,x12	 x24:0xffffffff x12:0xfffffbfe x18=0x00000010
     235155.000 ns	     23514	80004dec	66cc3c13	sltiu	x24,x24,1644	 x24:0xffffffff x24=0x00000000
     235165.000 ns	     23515	80004df0	23ad1a97	auipc	x21,0x23ad1	 x21=0xa3ad5df0
     235185.000 ns	     23517	80004df4	f0008d53	fmv.w.x	f26,x1	  x1:0x00000000 f26=0x00000000
     235205.000 ns	     23519	80004df8	015582b3	add	x5,x11,x21	 x11:0x00000000 x21:0x00000000  x5=0xa3ad5df0
     235565.000 ns	     23555	80004dfc	025bd233	divu	x4,x23,x5	 x23:0xffffffff  x5:0x00000000  x4=0x00000001
     235935.000 ns	     23592	80004e00	023b5cb3	divu	x25,x22,x3	 x22:0x00000000  x3:0x000001f2 x25=0x00000000
     235965.000 ns	     23595	80004e04	03eb9033	mulh	x0,x23,x30	 x23:0xffffffff x30:0x00000000
     236305.000 ns	     23629	80004e08	18c31553	fdiv.s	f10,f6,f12	  f6:0xbe95f73c f12:0x3f6d3886 f10=0xbea1d66c
     236335.000 ns	     23632	80004e0c	f00a8a53	fmv.w.x	f20,x21	 x21:0xa3ad5df0 f20=0xa3ad5df0
     236355.000 ns	     23634	80004e10	00f846b3	xor	x13,x16,x15	 x16:0x80040fe4 x15:0x3f7fffae x13=0xbf7bf04a
     236375.000 ns	     23636	80004e14	f00c8853	fmv.w.x	f16,x25	 x25:0x00000000 f16=0x00000000
     236405.000 ns	     23639	80004e18	c0017e53	fcvt.w.s	x28,f2	  f2:0x4efff7e0 x28=0x7ffbf000
     236775.000 ns	     23676	80004e1c	03307ab3	remu	x21,x0,x19	  x0:0x00000000 x19:0x00000001 x21=0x00000000
     236805.000 ns	     23679	80004e20	c001fc53	fcvt.w.s	x24,f3	  f3:0xc07ff7e0 x24=0x00000003
     236835.000 ns	     23682	80004e24	208ea453	fsgnjx.s	f8,f29,f8	 f29:0x407ff7e0  f8:0x3f7ff7e0  f8=0x407ff7e0
     236865.000 ns	     23685	80004e28	036cf433	remu	x8,x25,x22	 x25:0x00000000 x22:0x00000000  x8=0x00000000
     236885.000 ns	     23687	80004e2c	00de7133	and	x2,x28,x13	 x28:0x7ffbf000 x13:0xbf7bf04a  x2=0x3f7bf000
     237245.000 ns	     23723	80004e30	030872b3	remu	x5,x16,x16	 x16:0x80040fe4 x16:0x80040fe4  x5=0x00000000
     237615.000 ns	     23760	80004e34	037bcfb3	div	x31,x23,x23	 x23:0xffffffff x23:0xffffffff x31=0x00000001
     237655.000 ns	     23764	80004e38	580a7553	fsqrt.s	f10,f20	 f20:0xa3ad5df0 f10=0x7fc00000
     237685.000 ns	     23767	80004e3c	293a9bd3	fmax.s	f23,f21,f19	 f21:0xc0020812 f19:0x3f7fff62 f23=0x3f7fff62
     237715.000 ns	     23770	80004e40	f0088953	fmv.w.x	f18,x17	 x17:0x00000002 f18=0x00000002
     237735.000 ns	     23772	80004e44	01241793	slli	x15,x8,0x12	  x8:0x00000000 x15=0x00000000
     237745.000 ns	     23773	80004e48	98cfbd93	sltiu	x27,x31,-1652	 x31:0x00000001 x27=0x00000001
     237755.000 ns	     23774	80004e4c	602ced97	auipc	x27,0x602ce	 x27=0xe02d2e4c
     237775.000 ns	     23776	80004e50	c01ff5d3	fcvt.wu.s	x11,f31	 f31:0x3f3503f4 x11=0x00000000
     237805.000 ns	     23779	80004e54	0371aeb3	mulhsu	x29,x3,x23	  x3:0x000001f2 x23:0xffffffff x29=0x000001f1
     237825.000 ns	     23781	80004e58	00151cb3	sll	x25,x10,x1	 x10:0x00000000  x1:0x00000000 x25=0x00000000
     237845.000 ns	     23783	80004e5c	e0008453	fmv.x.w	x8,f1	  f1:0x00000549  x8=0x00000549
     237865.000 ns	     23785	80004e60	010d9093	slli	x1,x27,0x10	 x27:0xe02d2e4c  x1=0x2e4c0000
     237875.000 ns	     23786	80004e64	0097a6b7	lui	x13,0x97a	 x13=0x0097a000
     237885.000 ns	     23787	80004e68	0130ecb3	or	x25,x1,x19	  x1:0x00000000 x19:0x00000001 x25=0x2e4c0001
     237905.000 ns	     23789	80004e6c	f00e08d3	fmv.w.x	f17,x28	 x28:0x7ffbf000 f17=0x7ffbf000
     237925.000 ns	     23791	80004e70	6e5c1bb7	lui	x23,0x6e5c1	 x23=0x6e5c1000
     238285.000 ns	     23827	80004e74	03954d33	div	x26,x10,x25	 x10:0x00000000 x25:0x2e4c0001 x26=0x00000000
     238305.000 ns	     23829	80004e78	439ce913	ori	x18,x25,1081	 x25:0x2e4c0001 x18=0x2e4c0439
     238325.000 ns	     23831	80004e7c	035eee33	rem	x28,x29,x21	 x29:0x000001f1 x21:0x00000000 x28=0x000001f1
     238355.000 ns	     23834	80004e80	03bea3b3	mulhsu	x7,x29,x27	 x29:0x000001f1 x27:0xe02d2e4c  x7=0x000001b3
     238375.000 ns	     23836	80004e84	013dd033	srl	x0,x27,x19	 x27:0xe02d2e4c x19:0x00000001
     238385.000 ns	     23837	80004e88	8631ec13	ori	x24,x3,-1949	  x3:0x000001f2 x24=0xfffff9f3
     238395.000 ns	     23838	80004e8c	414fd3b3	sra	x7,x31,x20	 x31:0x00000001 x20:0x80041024  x7=0x00000000
     238415.000 ns	     23840	80004e90	c016f953	fcvt.wu.s	x18,f13	 f13:0x3f3503f4 x18=0x00000000
     238435.000 ns	     23842	80004e94	4186d933	sra	x18,x13,x24	 x13:0x0097a000 x24:0xfffff9f3 x18=0x00000012
     238455.000 ns	     23844	80004e98	21d2ae53	fsgnjx.s	f28,f5,f29	  f5:0x3d95face f29:0x407ff7e0 f28=0x3d95face
     238475.000 ns	     23846	80004e9c	40a187b3	sub	x15,x3,x10	  x3:0x000001f2 x10:0x00000000 x15=0x000001f2
     239645.000 ns	     23963	80004ea0	58091653	fsqrt.s	f12,f18	 f18:0x00000002 f12=0x1f350483
     239675.000 ns	     23966	80004ea4	f00b81d3	fmv.w.x	f3,x23	 x23:0x6e5c1000  f3=0x6e5c1000
     239695.000 ns	     23968	80004ea8	6d4d0a97	auipc	x21,0x6d4d0	 x21=0xed4d4ea8
     239705.000 ns	     23969	80004eac	404452b3	sra	x5,x8,x4	  x8:0x00000549  x4:0x00000001  x5=0x000002a4
     239715.000 ns	     23970	80004eb0	c7bd7f13	andi	x30,x26,-901	 x26:0x00000000 x30=0x00000000
     239735.000 ns	     23972	80004eb4	d0178453	fcvt.s.wu	f8,x15	 x15:0x000001f2  f8=0x43f90000
     240105.000 ns	     24009	80004eb8	03b65f33	divu	x30,x12,x27	 x12:0x0fffffcc x27:0xe02d2e4c x30=0x00000000
     240125.000 ns	     24011	80004ebc	5596d137	lui	x2,0x5596d	  x2=0x5596d000
     240145.000 ns	     24013	80004ec0	c01e86d3	fcvt.wu.s	x13,f29	 f29:0x407ff7e0 x13=0x00000004
     240165.000 ns	     24015	80004ec4	01139213	slli	x4,x7,0x11	  x7:0x00000000  x4=0x00000000
     240185.000 ns	     24017	80004ec8	a0282653	feq.s	x12,f16,f2	 f16:0x00000000  f2:0x4efff7e0 x12=0x00000000
     240205.000 ns	     24019	80004ecc	016932b3	sltu	x5,x18,x22	 x18:0x00000012 x22:0x00000000  x5=0x00000000
     240225.000 ns	     24021	80004ed0	c015f2d3	fcvt.wu.s	x5,f11	 f11:0x00000000  x5=0x00000000
     240245.000 ns	     24023	80004ed4	e7468d93	addi	x27,x13,-396	 x13:0x00000004 x27=0xfffffe78
     240255.000 ns	     24024	80004ed8	bb7d3013	sltiu	x0,x26,-1097	 x26:0x00000000
     240275.000 ns	     24026	80004edc	21391bd3	fsgnjn.s	f23,f18,f19	 f18:0x00000002 f19:0x3f7fff62 f23=0x80000002
     240305.000 ns	     24029	80004ee0	f00b04d3	fmv.w.x	f9,x22	 x22:0x00000000  f9=0x00000000
     240325.000 ns	     24031	80004ee4	0182bfb3	sltu	x31,x5,x24	  x5:0x00000000 x24:0xfffff9f3 x31=0x00000001
     240335.000 ns	     24032	80004ee8	00307d33	and	x26,x0,x3	  x0:0x00000000  x3:0x000001f2 x26=0x00000000
     240355.000 ns	     24034	80004eec	02408b33	mul	x22,x1,x4	  x1:0x2e4c0000  x4:0x00000000 x22=0x00000000
     240375.000 ns	     24036	80004ef0	01c1fab3	and	x21,x3,x28	  x3:0x000001f2 x28:0x000001f1 x21=0x000001f0
     240395.000 ns	     24038	80004ef4	c0027153	fcvt.w.s	x2,f4	  f4:0x4efff7d3  x2=0x7ffbe980
     240415.000 ns	     24040	80004ef8	018be6b3	or	x13,x23,x24	 x23:0x6e5c1000 x24:0xfffff9f3 x13=0xfffff9f3
     240425.000 ns	     24041	80004efc	0155d6b3	srl	x13,x11,x21	 x11:0x00000000 x21:0x000001f0 x13=0x00000000
     240435.000 ns	     24042	80004f00	180f0613	addi	x12,x30,384	 x30:0x00000000 x12=0x00000180
     240445.000 ns	     24043	80004f04	1eac7097	auipc	x1,0x1eac7	  x1=0x9eacbf04
     240465.000 ns	     24045	80004f08	c00742d3	fcvt.w.s	x5,f14	 f14:0x3f7fff62  x5=0x00000001
     240495.000 ns	     24048	80004f0c	c001f2d3	fcvt.w.s	x5,f3	  f3:0x6e5c1000  x5=0x7fffffff
     240515.000 ns	     24050	80004f10	42eb8193	addi	x3,x23,1070	 x23:0x6e5c1000  x3=0x6e5c142e
     240525.000 ns	     24051	80004f14	00012333	slt	x6,x2,x0	  x2:0x7ffbe980  x0:0x00000000  x6=0x00000000
     240535.000 ns	     24052	80004f18	a87e01b7	lui	x3,0xa87e0	  x3=0xa87e0000
     240555.000 ns	     24054	80004f1c	c0077453	fcvt.w.s	x8,f14	 f14:0x3f7fff62  x8=0x00000000
     240575.000 ns	     24056	80004f20	01441633	sll	x12,x8,x20	  x8:0x00000549 x20:0x80041024 x12=0x00000000
     240585.000 ns	     24057	80004f24	50a90613	addi	x12,x18,1290	 x18:0x00000012 x12=0x0000051c
     240625.000 ns	     24061	80004f28	086c3e53	fsub.s	f28,f24,f6	 f24:0x00000000  f6:0xbe95f73c f28=0x3e95f73c
     240995.000 ns	     24098	80004f2c	034eedb3	rem	x27,x29,x20	 x29:0x000001f1 x20:0x80041024 x27=0x000001f1
     241025.000 ns	     24101	80004f30	286d05d3	fmin.s	f11,f26,f6	 f26:0x00000000  f6:0xbe95f73c f11=0xbe95f73c
     241045.000 ns	     24103	80004f34	01be6333	or	x6,x28,x27	 x28:0x000001f1 x27:0x000001f1  x6=0x000001f1
     241065.000 ns	     24105	80004f38	a1401bd3	flt.s	x23,f0,f20	  f0:0xcdee9280 f20:0xa3ad5df0 x23=0x00000001
     241085.000 ns	     24107	80004f3c	380c7e13	andi	x28,x24,896	 x24:0xfffff9f3 x28=0x00000180
     241095.000 ns	     24108	80004f40	0141a433	slt	x8,x3,x20	  x3:0xa87e0000 x20:0x80041024  x8=0x00000000
     241105.000 ns	     24109	80004f44	00cba6b3	slt	x13,x23,x12	 x23:0x00000001 x12:0x0000051c x13=0x00000001
     241465.000 ns	     24145	80004f48	030cf2b3	remu	x5,x25,x16	 x25:0x2e4c0001 x16:0x80040fe4  x5=0x2e4c0001
     241515.000 ns	     24150	80004f4c	093401d3	fsub.s	f3,f8,f19	  f8:0x43f90000 f19:0x3f7fff62  f3=0x43f88000
     241545.000 ns	     24153	80004f50	0289b1b3	mulhu	x3,x19,x8	 x19:0x00000001  x8:0x00000000  x3=0x00000000
     241575.000 ns	     24156	80004f54	d01e7153	fcvt.s.wu	f2,x28	 x28:0x00000180  f2=0x43c00000
     241605.000 ns	     24159	80004f58	a0a183d3	fle.s	x7,f3,f10	  f3:0x43f88000 f10:0x7fc00000  x7=0x00000000
     241635.000 ns	     24162	80004f5c	a0cd1453	flt.s	x8,f26,f12	 f26:0x00000000 f12:0x1f350483  x8=0x00000001
     241655.000 ns	     24164	80004f60	1c388493	addi	x9,x17,451	 x17:0x00000002  x9=0x000001c5
     241665.000 ns	     24165	80004f64	303b4f13	xori	x30,x22,771	 x22:0x00000000 x30=0x00000303
     241685.000 ns	     24167	80004f68	28031fd3	fmax.s	f31,f6,f0	  f6:0xbe95f73c  f0:0xcdee9280 f31=0xbe95f73c
     241715.000 ns	     24170	80004f6c	20842f53	fsgnjx.s	f30,f8,f8	  f8:0x43f90000  f8:0x43f90000 f30=0x43f90000
     241745.000 ns	     24173	80004f70	d00bfed3	fcvt.s.w	f29,x23	 x23:0x00000001 f29=0x3f800000
     241765.000 ns	     24175	80004f74	01c18633	add	x12,x3,x28	  x3:0x00000000 x28:0x00000180 x12=0x00000180
     241785.000 ns	     24177	80004f78	02788b33	mul	x22,x17,x7	 x17:0x00000002  x7:0x00000000 x22=0x00000000
     241835.000 ns	     24182	80004f7c	08d236d3	fsub.s	f13,f4,f13	  f4:0x4efff7d3 f13:0x3f3503f4 f13=0x4efff7d3
     241885.000 ns	     24187	80004f80	00d01ad3	fadd.s	f21,f0,f13	  f0:0xcdee9280 f13:0x3f3503f4 f21=0x4ec45333
     241905.000 ns	     24189	80004f84	00f14333	xor	x6,x2,x15	  x2:0x7ffbe980 x15:0x000001f2  x6=0x7ffbe872
     242265.000 ns	     24225	80004f88	0314eab3	rem	x21,x9,x17	  x9:0x000001c5 x17:0x00000002 x21=0x00000001
     242305.000 ns	     24229	80004f8c	191d7253	fdiv.s	f4,f26,f17	 f26:0x00000000 f17:0x7ffbf000  f4=0x7fc00000
     242335.000 ns	     24232	80004f90	21e90bd3	fsgnj.s	f23,f18,f30	 f18:0x00000002 f30:0x43f90000 f23=0x00000002
     242365.000 ns	     24235	80004f94	e0048c53	fmv.x.w	x24,f9	  f9:0x00000000 x24=0x00000000
     242395.000 ns	     24238	80004f98	f00287d3	fmv.w.x	f15,x5	  x5:0x2e4c0001 f15=0x2e4c0001
     242425.000 ns	     24241	80004f9c	e00412d3	fclass.s	x5,f8	  f8:0x43f90000  x5=0x00000040
     242455.000 ns	     24244	80004fa0	a05406d3	fle.s	x13,f8,f5	  f8:0x43f90000  f5:0x3d95face x13=0x00000000
     242485.000 ns	     24247	80004fa4	f0028553	fmv.w.x	f10,x5	  x5:0x00000040 f10=0x00000040
     242855.000 ns	     24284	80004fa8	034dd8b3	divu	x17,x27,x20	 x27:0x000001f1 x20:0x80041024 x17=0x00000000
     242895.000 ns	     24288	80004fac	11e02ad3	fmul.s	f21,f0,f30	  f0:0xcdee9280 f30:0x43f90000 f21=0xd2680c7f
     242915.000 ns	     24290	80004fb0	01314b33	xor	x22,x2,x19	  x2:0x7ffbe980 x19:0x00000001 x22=0x7ffbe981
     242935.000 ns	     24292	80004fb4	c00070d3	fcvt.w.s	x1,f0	  f0:0xcdee9280  x1=0x1dd25000
     242965.000 ns	     24295	80004fb8	a1e70bd3	fle.s	x23,f14,f30	 f14:0x3f7fff62 f30:0x43f90000 x23=0x00000001
     242995.000 ns	     24298	80004fbc	029b0db3	mul	x27,x22,x9	 x22:0x7ffbe981  x9:0x000001c5 x27=0x78c43145
     243015.000 ns	     24300	80004fc0	00f7cdb3	xor	x27,x15,x15	 x15:0x000001f2 x15:0x000001f2 x27=0x00000000
     243035.000 ns	     24302	80004fc4	a1a61253	flt.s	x4,f12,f26	 f12:0x1f350483 f26:0x00000000  x4=0x00000000
     243055.000 ns	     24304	80004fc8	e0242c93	slti	x25,x8,-510	  x8:0x00000001 x25=0x00000000
     243075.000 ns	     24306	80004fcc	03452333	mulhsu	x6,x10,x20	 x10:0x00000000 x20:0x80041024  x6=0x00000000
     243105.000 ns	     24309	80004fd0	f0058353	fmv.w.x	f6,x11	 x11:0x00000000  f6=0x00000000
     243125.000 ns	     24311	80004fd4	414bdc13	srai	x24,x23,0x14	 x23:0x00000001 x24=0x00000000
     243455.000 ns	     24344	80004fd8	1957fcd3	fdiv.s	f25,f15,f21	 f15:0x2e4c0001 f21:0xd2680c7f f25=0x9b4c0002
     243475.000 ns	     24346	80004fdc	01ed7cb3	and	x25,x26,x30	 x26:0x00000000 x30:0x00000303 x25=0x00000000
     243495.000 ns	     24348	80004fe0	a0008653	fle.s	x12,f1,f0	  f1:0x00000549  f0:0xcdee9280 x12=0x00000000
     243865.000 ns	     24385	80004fe4	032af1b3	remu	x3,x21,x18	 x21:0x00000001 x18:0x00000012  x3=0x00000001
     243895.000 ns	     24388	80004fe8	02af9ab3	mulh	x21,x31,x10	 x31:0x00000001 x10:0x00000000 x21=0x00000000
     243925.000 ns	     24391	80004fec	02b9c0b3	div	x1,x19,x11	 x19:0x00000001 x11:0x00000000  x1=0xffffffff
     243945.000 ns	     24393	80004ff0	009e1333	sll	x6,x28,x9	 x28:0x00000180  x9:0x000001c5  x6=0x00003000
     243965.000 ns	     24395	80004ff4	28949bd3	fmax.s	f23,f9,f9	  f9:0x00000000  f9:0x00000000 f23=0x00000000
     243985.000 ns	     24397	80004ff8	00361633	sll	x12,x12,x3	 x12:0x00000000  x3:0x00000001 x12=0x00000000
     243995.000 ns	     24398	80004ffc	0116d113	srli	x2,x13,0x11	 x13:0x00000000  x2=0x00000000
     244035.000 ns	     24402	80005000	0876f853	fsub.s	f16,f13,f7	 f13:0x4efff7d3  f7:0x00000549 f16=0x4efff7d3
     244055.000 ns	     24404	80005004	00000013	addi	x0,x0,0	  x0:0x00000000
     244075.000 ns	     24406	80005008	d00b7453	fcvt.s.w	f8,x22	 x22:0x7ffbe981  f8=0x4efff7d3
     244105.000 ns	     24409	8000500c	21a01653	fsgnjn.s	f12,f0,f26	  f0:0xcdee9280 f26:0x00000000 f12=0xcdee9280
     244135.000 ns	     24412	80005010	022c7ab3	remu	x21,x24,x2	 x24:0x00000000  x2:0x00000000 x21=0x00000000
     244155.000 ns	     24414	80005014	41385c33	sra	x24,x16,x19	 x16:0x80040fe4 x19:0x00000001 x24=0xc00207f2
     244165.000 ns	     24415	80005018	0136c9b3	xor	x19,x13,x19	 x13:0x00000000 x19:0x00000001 x19=0x00000001
     244185.000 ns	     24417	8000501c	e0089ed3	fclass.s	x29,f17	 f17:0x7ffbf000 x29=0x00000200
     244555.000 ns	     24454	80005020	03e47133	remu	x2,x8,x30	  x8:0x00000001 x30:0x00000303  x2=0x00000001
     244585.000 ns	     24457	80005024	03368eb3	mul	x29,x13,x19	 x13:0x00000000 x19:0x00000001 x29=0x00000000
     244615.000 ns	     24460	80005028	d00f2dd3	fcvt.s.w	f27,x30	 x30:0x00000303 f27=0x4440c000
     244645.000 ns	     24463	8000502c	02a5e333	rem	x6,x11,x10	 x11:0x00000000 x10:0x00000000  x6=0x00000000
     244665.000 ns	     24465	80005030	0177d693	srli	x13,x15,0x17	 x15:0x000001f2 x13=0x00000000
     245025.000 ns	     24501	80005034	0369deb3	divu	x29,x19,x22	 x19:0x00000001 x22:0x7ffbe981 x29=0x00000000
     245055.000 ns	     24504	80005038	20eb03d3	fsgnj.s	f7,f22,f14	 f22:0x4efff7d2 f14:0x3f7fff62  f7=0x4efff7d2
     245395.000 ns	     24538	8000503c	18d3f6d3	fdiv.s	f13,f7,f13	  f7:0x00000549 f13:0x4efff7d3 f13=0x3f7ff7d2
     245415.000 ns	     24540	80005040	b2296d13	ori	x26,x18,-1246	 x18:0x00000012 x26=0xfffffb32
     245435.000 ns	     24542	80005044	204788d3	fsgnj.s	f17,f15,f4	 f15:0x2e4c0001  f4:0x7fc00000 f17=0x2e4c0001
     245805.000 ns	     24579	80005048	023666b3	rem	x13,x12,x3	 x12:0x00000000  x3:0x00000001 x13=0x00000000
     245835.000 ns	     24582	8000504c	28af05d3	fmin.s	f11,f30,f10	 f30:0x43f90000 f10:0x00000040 f11=0x00000040
     245855.000 ns	     24584	80005050	004a3133	sltu	x2,x20,x4	 x20:0x80041024  x4:0x00000000  x2=0x00000000
     246215.000 ns	     24620	80005054	032df9b3	remu	x19,x27,x18	 x27:0x00000000 x18:0x00000012 x19=0x00000000
     246245.000 ns	     24623	80005058	d01975d3	fcvt.s.wu	f11,x18	 x18:0x00000012 f11=0x41900000
     246615.000 ns	     24660	8000505c	029dfdb3	remu	x27,x27,x9	 x27:0x00000000  x9:0x000001c5 x27=0x00000000
     246645.000 ns	     24663	80005060	e0050453	fmv.x.w	x8,f10	 f10:0x00000040  x8=0x00000040
     246665.000 ns	     24665	80005064	0167a6b3	slt	x13,x15,x22	 x15:0x000001f2 x22:0x7ffbe981 x13=0x00000001
     247835.000 ns	     24782	80005068	580424d3	fsqrt.s	f9,f8	  f8:0x4efff7d3  f9=0x473501c7
     247855.000 ns	     24784	8000506c	00d35133	srl	x2,x6,x13	  x6:0x00000000 x13:0x00000000  x2=0x00000000
     247865.000 ns	     24785	80005070	41cb8db3	sub	x27,x23,x28	 x23:0x00000001 x28:0x00000180 x27=0xfffffe81
     247885.000 ns	     24787	80005074	a12f2453	feq.s	x8,f30,f18	 f30:0x43f90000 f18:0x00000002  x8=0x00000000
     247905.000 ns	     24789	80005078	00000013	addi	x0,x0,0	  x0:0x00000000
     247915.000 ns	     24790	8000507c	008c9db3	sll	x27,x25,x8	 x25:0x00000000  x8:0x00000000 x27=0x00000000
     247935.000 ns	     24792	80005080	02ddbab3	mulhu	x21,x27,x13	 x27:0xfffffe81 x13:0x00000001 x21=0x00000000
     247965.000 ns	     24795	80005084	025991b3	mulh	x3,x19,x5	 x19:0x00000000  x5:0x00000040  x3=0x00000000
     247985.000 ns	     24797	80005088	00935913	srli	x18,x6,0x9	  x6:0x00000000 x18=0x00000000
     247995.000 ns	     24798	8000508c	00f4d1b3	srl	x3,x9,x15	  x9:0x000001c5 x15:0x000001f2  x3=0x00000000
     248015.000 ns	     24800	80005090	c00c7cd3	fcvt.w.s	x25,f24	 f24:0x00000000 x25=0x00000000
     248035.000 ns	     24802	80005094	cd98ff13	andi	x30,x17,-807	 x17:0x00000000 x30=0x00000000
     248075.000 ns	     24806	80005098	08c89ed3	fsub.s	f29,f17,f12	 f17:0x2e4c0001 f12:0xcdee9280 f29=0x4dee9280
     248105.000 ns	     24809	8000509c	02e680b3	mul	x1,x13,x14	 x13:0x00000001 x14:0x72cb4a24  x1=0x72cb4a24
     248125.000 ns	     24811	800050a0	ce1d7b93	andi	x23,x26,-799	 x26:0xfffffb32 x23=0xfffff820
     248145.000 ns	     24813	800050a4	e00a8bd3	fmv.x.w	x23,f21	 f21:0xd2680c7f x23=0xd2680c7f
     248515.000 ns	     24850	800050a8	03655e33	divu	x28,x10,x22	 x10:0x00000000 x22:0x7ffbe981 x28=0x00000000
     248535.000 ns	     24852	800050ac	40b85493	srai	x9,x16,0xb	 x16:0x80040fe4  x9=0xfff00081
     248555.000 ns	     24854	800050b0	a1d428d3	feq.s	x17,f8,f29	  f8:0x4efff7d3 f29:0x4dee9280 x17=0x00000000
     248585.000 ns	     24857	800050b4	d012aa53	fcvt.s.wu	f20,x5	  x5:0x00000040 f20=0x42800000
     248605.000 ns	     24859	800050b8	41d086b3	sub	x13,x1,x29	  x1:0x72cb4a24 x29:0x00000000 x13=0x72cb4a24
     248625.000 ns	     24861	800050bc	0260ae33	mulhsu	x28,x1,x6	  x1:0x72cb4a24  x6:0x00000000 x28=0x00000000
     248655.000 ns	     24864	800050c0	28980753	fmin.s	f14,f16,f9	 f16:0x4efff7d3  f9:0x473501c7 f14=0x473501c7
     248675.000 ns	     24866	800050c4	0017aeb3	slt	x29,x15,x1	 x15:0x000001f2  x1:0x72cb4a24 x29=0x00000001
     248685.000 ns	     24867	800050c8	017690b3	sll	x1,x13,x23	 x13:0x72cb4a24 x23:0xd2680c7f  x1=0x00000000
     248695.000 ns	     24868	800050cc	443c7093	andi	x1,x24,1091	 x24:0xc00207f2  x1=0x00000442
     249055.000 ns	     24904	800050d0	025978b3	remu	x17,x18,x5	 x18:0x00000000  x5:0x00000040 x17=0x00000000
     249075.000 ns	     24906	800050d4	616b4093	xori	x1,x22,1558	 x22:0x7ffbe981  x1=0x7ffbef97
     249105.000 ns	     24909	800050d8	10137ad3	fmul.s	f21,f6,f1	  f6:0x00000000  f1:0x00000549 f21=0x00000000
     249135.000 ns	     24912	800050dc	20680dd3	fsgnj.s	f27,f16,f6	 f16:0x4efff7d3  f6:0x00000000 f27=0x4efff7d3
     249185.000 ns	     24917	800050e0	019bfb53	fadd.s	f22,f23,f25	 f23:0x00000000 f25:0x9b4c0002 f22=0x9b4c0002
     249205.000 ns	     24919	800050e4	40f4db13	srai	x22,x9,0xf	  x9:0xfff00081 x22=0xffffffe0
     249565.000 ns	     24955	800050e8	03dd6ab3	rem	x21,x26,x29	 x26:0xfffffb32 x29:0x00000001 x21=0x00000000
     249595.000 ns	     24958	800050ec	028f5d33	divu	x26,x30,x8	 x30:0x00000000  x8:0x00000000 x26=0xffffffff
     249625.000 ns	     24961	800050f0	a1ab9453	flt.s	x8,f23,f26	 f23:0x00000000 f26:0x00000000  x8=0x00000000
     249655.000 ns	     24964	800050f4	215a87d3	fsgnj.s	f15,f21,f21	 f21:0x00000000 f21:0x00000000 f15=0x00000000
     249685.000 ns	     24967	800050f8	032c8c33	mul	x24,x25,x18	 x25:0x00000000 x18:0x00000000 x24=0x00000000
     249705.000 ns	     24969	800050fc	01570ab3	add	x21,x14,x21	 x14:0x72cb4a24 x21:0x00000000 x21=0x72cb4a24
     249715.000 ns	     24970	80005100	40aadab3	sra	x21,x21,x10	 x21:0x00000000 x10:0x00000000 x21=0x72cb4a24
     249725.000 ns	     24971	80005104	01ad4433	xor	x8,x26,x26	 x26:0xffffffff x26:0xffffffff  x8=0x00000000
     249735.000 ns	     24972	80005108	00000013	addi	x0,x0,0	  x0:0x00000000
     249765.000 ns	     24975	8000510c	11c8bcd3	fmul.s	f25,f17,f28	 f17:0x2e4c0001 f28:0x3e95f73c f25=0x2d6f0209
     249795.000 ns	     24978	80005110	023791b3	mulh	x3,x15,x3	 x15:0x000001f2  x3:0x00000000  x3=0x00000000
     249825.000 ns	     24981	80005114	e00a1fd3	fclass.s	x31,f20	 f20:0x42800000 x31=0x00000040
     249875.000 ns	     24986	80005118	01aba453	fadd.s	f8,f23,f26	 f23:0x00000000 f26:0x00000000  f8=0x00000000
     249905.000 ns	     24989	8000511c	02ecb1b3	mulhu	x3,x25,x14	 x25:0x00000000 x14:0x72cb4a24  x3=0x00000000
     249925.000 ns	     24991	80005120	01b19193	slli	x3,x3,0x1b	  x3:0x00000000  x3=0x00000000
     249935.000 ns	     24992	80005124	01024633	xor	x12,x4,x16	  x4:0x00000000 x16:0x80040fe4 x12=0x80040fe4
     249955.000 ns	     24994	80005128	28de95d3	fmax.s	f11,f29,f13	 f29:0x4dee9280 f13:0x3f7ff7d2 f11=0x4dee9280
     249995.000 ns	     24998	8000512c	11267a53	fmul.s	f20,f12,f18	 f12:0xcdee9280 f18:0x00000002 f20=0x83ee9281
     250015.000 ns	     25000	80005130	00000013	addi	x0,x0,0	  x0:0x00000000
     250025.000 ns	     25001	80005134	a7acc513	xori	x10,x25,-1414	 x25:0x00000000 x10=0xfffffa7a
     250045.000 ns	     25003	80005138	e00d0dd3	fmv.x.w	x27,f26	 f26:0x00000000 x27=0x00000000
     250415.000 ns	     25040	8000513c	02d268b3	rem	x17,x4,x13	  x4:0x00000000 x13:0x72cb4a24 x17=0x00000000
     250435.000 ns	     25042	80005140	23a84b37	lui	x22,0x23a84	 x22=0x23a84000
     250445.000 ns	     25043	80005144	419852b3	sra	x5,x16,x25	 x16:0x80040fe4 x25:0x00000000  x5=0x80040fe4
     250465.000 ns	     25045	80005148	d016f0d3	fcvt.s.wu	f1,x13	 x13:0x72cb4a24  f1=0x4ee59694
     250485.000 ns	     25047	8000514c	01443eb3	sltu	x29,x8,x20	  x8:0x00000000 x20:0x80041024 x29=0x00000001
     250495.000 ns	     25048	80005150	008b1293	slli	x5,x22,0x8	 x22:0x23a84000  x5=0xa8400000
     250515.000 ns	     25050	80005154	0391a633	mulhsu	x12,x3,x25	  x3:0x00000000 x25:0x00000000 x12=0x00000000
     250535.000 ns	     25052	80005158	9626b513	sltiu	x10,x13,-1694	 x13:0x72cb4a24 x10=0x00000001
     250575.000 ns	     25056	8000515c	01210dd3	fadd.s	f27,f2,f18	  f2:0x43c00000 f18:0x00000002 f27=0x43c00000
     250595.000 ns	     25058	80005160	024ab013	sltiu	x0,x21,36	 x21:0x72cb4a24
     250615.000 ns	     25060	80005164	02a79eb3	mulh	x29,x15,x10	 x15:0x000001f2 x10:0x00000001 x29=0x00000000
     250645.000 ns	     25063	80005168	e0088653	fmv.x.w	x12,f17	 f17:0x2e4c0001 x12=0x2e4c0001
     250675.000 ns	     25066	8000516c	f00a04d3	fmv.w.x	f9,x20	 x20:0x80041024  f9=0x80041024
     250705.000 ns	     25069	80005170	d01cf153	fcvt.s.wu	f2,x25	 x25:0x00000000  f2=0x00000000
     250735.000 ns	     25072	80005174	c0113e53	fcvt.wu.s	x28,f2	  f2:0x43c00000 x28=0x00000000
     250755.000 ns	     25074	80005178	01d2d493	srli	x9,x5,0x1d	  x5:0xa8400000  x9=0x00000005
     250775.000 ns	     25076	8000517c	e0070fd3	fmv.x.w	x31,f14	 f14:0x473501c7 x31=0x473501c7
     250825.000 ns	     25081	80005180	08354353	fsub.s	f6,f10,f3	 f10:0x00000040  f3:0x43f88000  f6=0xc3f88000
     250845.000 ns	     25083	80005184	74efa893	slti	x17,x31,1870	 x31:0x473501c7 x17=0x00000000
     250865.000 ns	     25085	80005188	02a28ab3	mul	x21,x5,x10	  x5:0xa8400000 x10:0x00000001 x21=0xa8400000
     250895.000 ns	     25088	8000518c	201496d3	fsgnjn.s	f13,f9,f1	  f9:0x80041024  f1:0x4ee59694 f13=0x80041024
     250915.000 ns	     25090	80005190	65fb2d93	slti	x27,x22,1631	 x22:0x23a84000 x27=0x00000000
     251245.000 ns	     25123	80005194	1800fad3	fdiv.s	f21,f1,f0	  f1:0x4ee59694  f0:0xcdee9280 f21=0xc0659694
     251275.000 ns	     25126	80005198	f0090853	fmv.w.x	f16,x18	 x18:0x00000000 f16=0x00000000
     251615.000 ns	     25160	8000519c	18ab34d3	fdiv.s	f9,f22,f10	 f22:0x9b4c0002 f10:0x00000040  f9=0xda100002
     251955.000 ns	     25194	800051a0	18beaad3	fdiv.s	f21,f29,f11	 f29:0x4dee9280 f11:0x4dee9280 f21=0x3f6e9280
     251975.000 ns	     25196	800051a4	003959b3	srl	x19,x18,x3	 x18:0x00000000  x3:0x00000000 x19=0x00000000
     251995.000 ns	     25198	800051a8	e0028c53	fmv.x.w	x24,f5	  f5:0x3d95face x24=0x3d95face
     253175.000 ns	     25316	800051ac	5805afd3	fsqrt.s	f31,f11	 f11:0x4dee9280 f31=0x46aebfc1
     253195.000 ns	     25318	800051b0	38954093	xori	x1,x10,905	 x10:0x00000001  x1=0x00000388
     253215.000 ns	     25320	800051b4	03d0f9b3	remu	x19,x1,x29	  x1:0x7ffbef97 x29:0x00000000 x19=0x00000388
     253245.000 ns	     25323	800051b8	a1e22053	feq.s	x0,f4,f30	  f4:0x7fc00000 f30:0x43f90000
     253265.000 ns	     25325	800051bc	f06f7193	andi	x3,x30,-250	 x30:0x00000000  x3=0x00000000
     253285.000 ns	     25327	800051c0	02fe1533	mulh	x10,x28,x15	 x28:0x00000000 x15:0x000001f2 x10=0x00000000
     253305.000 ns	     25329	800051c4	16e07213	andi	x4,x0,366	  x0:0x00000000  x4=0x00000000
     253325.000 ns	     25331	800051c8	c011ac53	fcvt.wu.s	x24,f3	  f3:0x43f88000 x24=0x000001f1
     253345.000 ns	     25333	800051cc	bcecb993	sltiu	x19,x25,-1074	 x25:0x00000000 x19=0x00000001
     253365.000 ns	     25335	800051d0	c01c7f53	fcvt.wu.s	x30,f24	 f24:0x00000000 x30=0x00000000
     253385.000 ns	     25337	800051d4	4165d5b3	sra	x11,x11,x22	 x11:0x00000000 x22:0x23a84000 x11=0x00000000
     253395.000 ns	     25338	800051d8	01394033	xor	x0,x18,x19	 x18:0x00000000 x19:0x00000001
     253405.000 ns	     25339	800051dc	012d1313	slli	x6,x26,0x12	 x26:0xffffffff  x6=0xfffc0000
     253425.000 ns	     25341	800051e0	034c2433	mulhsu	x8,x24,x20	 x24:0x000001f1 x20:0x80041024  x8=0x000000f8
     253455.000 ns	     25344	800051e4	d00ca6d3	fcvt.s.w	f13,x25	 x25:0x00000000 f13=0x00000000
     254635.000 ns	     25462	800051e8	5801b953	fsqrt.s	f18,f3	  f3:0x43f88000 f18=0x41b258fb
     254665.000 ns	     25465	800051ec	c00279d3	fcvt.w.s	x19,f4	  f4:0x7fc00000 x19=0x7fffffff
     254695.000 ns	     25468	800051f0	290785d3	fmin.s	f11,f15,f16	 f15:0x00000000 f16:0x00000000 f11=0x00000000
     254725.000 ns	     25471	800051f4	02bd4cb3	div	x25,x26,x11	 x26:0xffffffff x11:0x00000000 x25=0xffffffff
     254745.000 ns	     25473	800051f8	41e05433	sra	x8,x0,x30	  x0:0x00000000 x30:0x00000000  x8=0x00000000
     254755.000 ns	     25474	800051fc	00ec3133	sltu	x2,x24,x14	 x24:0x000001f1 x14:0x72cb4a24  x2=0x00000001
     254765.000 ns	     25475	80005200	00a5ed33	or	x26,x11,x10	 x11:0x00000000 x10:0x00000000 x26=0x00000000
     254785.000 ns	     25477	80005204	021e3f33	mulhu	x30,x28,x1	 x28:0x00000000  x1:0x00000388 x30=0x00000000
     254815.000 ns	     25480	80005208	21b01b53	fsgnjn.s	f22,f0,f27	  f0:0xcdee9280 f27:0x43c00000 f22=0xcdee9280
     254835.000 ns	     25482	8000520c	00d46533	or	x10,x8,x13	  x8:0x00000000 x13:0x72cb4a24 x10=0x72cb4a24
     254855.000 ns	     25484	80005210	a06797d3	flt.s	x15,f15,f6	 f15:0x00000000  f6:0xc3f88000 x15=0x00000000
     254875.000 ns	     25486	80005214	eb532093	slti	x1,x6,-331	  x6:0xfffc0000  x1=0x00000001
     254885.000 ns	     25487	80005218	dd7e6b13	ori	x22,x28,-553	 x28:0x00000000 x22=0xfffffdd7
     254905.000 ns	     25489	8000521c	02355bb3	divu	x23,x10,x3	 x10:0x72cb4a24  x3:0x00000000 x23=0xffffffff
     254955.000 ns	     25494	80005220	08c8c653	fsub.s	f12,f17,f12	 f17:0x2e4c0001 f12:0xcdee9280 f12=0x4dee9280
     254975.000 ns	     25496	80005224	41235113	srai	x2,x6,0x12	  x6:0xfffc0000  x2=0xffffffff
     255335.000 ns	     25532	80005228	037f6cb3	rem	x25,x30,x23	 x30:0x00000000 x23:0xffffffff x25=0x00000000
     255355.000 ns	     25534	8000522c	5e1e0493	addi	x9,x28,1505	 x28:0x00000000  x9=0x000005e1
     255395.000 ns	     25538	80005230	093e47d3	fsub.s	f15,f28,f19	 f28:0x3e95f73c f19:0x3f7fff62 f15=0xbf3503c4
     255765.000 ns	     25575	80005234	02e953b3	divu	x7,x18,x14	 x18:0x00000000 x14:0x72cb4a24  x7=0x00000000
     255795.000 ns	     25578	80005238	e00913d3	fclass.s	x7,f18	 f18:0x41b258fb  x7=0x00000040
     255845.000 ns	     25583	8000523c	09c281d3	fsub.s	f3,f5,f28	  f5:0x3d95face f28:0x3e95f73c  f3=0xbe60f110
     255865.000 ns	     25585	80005240	00d29c33	sll	x24,x5,x13	  x5:0xa8400000 x13:0x72cb4a24 x24=0x84000000
     255875.000 ns	     25586	80005244	407c5693	srai	x13,x24,0x7	 x24:0x000001f1 x13=0xff080000
     255885.000 ns	     25587	80005248	de463393	sltiu	x7,x12,-540	 x12:0x2e4c0001  x7=0x00000001
     255895.000 ns	     25588	8000524c	005b42b3	xor	x5,x22,x5	 x22:0xfffffdd7  x5:0xa8400000  x5=0x57bffdd7
     255905.000 ns	     25589	80005250	00784eb3	xor	x29,x16,x7	 x16:0x80040fe4  x7:0x00000040 x29=0x80040fe5
     255925.000 ns	     25591	80005254	03aaf233	remu	x4,x21,x26	 x21:0xa8400000 x26:0x00000000  x4=0xa8400000
     255945.000 ns	     25593	80005258	001edc33	srl	x24,x29,x1	 x29:0x00000000  x1:0x00000001 x24=0x400207f2
     255975.000 ns	     25596	8000525c	19f6f753	fdiv.s	f14,f13,f31	 f13:0x00000000 f31:0x46aebfc1 f14=0x00000000
     256005.000 ns	     25599	80005260	035d01b3	mul	x3,x26,x21	 x26:0x00000000 x21:0xa8400000  x3=0x00000000
     256035.000 ns	     25602	80005264	024faf33	mulhsu	x30,x31,x4	 x31:0x473501c7  x4:0xa8400000 x30=0x2ecc966b
     256065.000 ns	     25605	80005268	2133aa53	fsgnjx.s	f20,f7,f19	  f7:0x4efff7d2 f19:0x3f7fff62 f20=0x4efff7d2
     256085.000 ns	     25607	8000526c	010c0e33	add	x28,x24,x16	 x24:0x400207f2 x16:0x80040fe4 x28=0xc00617d6
     256125.000 ns	     25611	80005270	018497d3	fadd.s	f15,f9,f24	  f9:0xda100002 f24:0x00000000 f15=0xda100002
     256145.000 ns	     25613	80005274	01ac8c33	add	x24,x25,x26	 x25:0x00000000 x26:0x00000000 x24=0x00000000
     256165.000 ns	     25615	80005278	032d2133	mulhsu	x2,x26,x18	 x26:0x00000000 x18:0x00000000  x2=0x00000000
     256185.000 ns	     25617	8000527c	d672a093	slti	x1,x5,-665	  x5:0x57bffdd7  x1=0x00000000
     256545.000 ns	     25653	80005280	03d47933	remu	x18,x8,x29	  x8:0x00000000 x29:0x80040fe5 x18=0x00000000
     256565.000 ns	     25655	80005284	00c69633	sll	x12,x13,x12	 x13:0xff080000 x12:0x2e4c0001 x12=0xfe100000
     257735.000 ns	     25772	80005288	5808bbd3	fsqrt.s	f23,f17	 f17:0x2e4c0001 f23=0x36903ff0
     257755.000 ns	     25774	8000528c	009097b3	sll	x15,x1,x9	  x1:0x00000000  x9:0x000005e1 x15=0x00000000
     257795.000 ns	     25778	80005290	09037453	fsub.s	f8,f6,f16	  f6:0xc3f88000 f16:0x00000000  f8=0xc3f88000
     257815.000 ns	     25780	80005294	00ccc233	xor	x4,x25,x12	 x25:0x00000000 x12:0xfe100000  x4=0xfe100000
     257835.000 ns	     25782	80005298	a0c107d3	fle.s	x15,f2,f12	  f2:0x00000000 f12:0x4dee9280 x15=0x00000001
     257855.000 ns	     25784	8000529c	00c00cb3	add	x25,x0,x12	  x0:0x00000000 x12:0xfe100000 x25=0xfe100000
     257865.000 ns	     25785	800052a0	00f25913	srli	x18,x4,0xf	  x4:0xfe100000 x18=0x0001fc20
     257885.000 ns	     25787	800052a4	a1509253	flt.s	x4,f1,f21	  f1:0x4ee59694 f21:0x3f6e9280  x4=0x00000000
     257905.000 ns	     25789	800052a8	0078d5b3	srl	x11,x17,x7	 x17:0x00000000  x7:0x00000001 x11=0x00000000
     257935.000 ns	     25792	800052ac	11d8fe53	fmul.s	f28,f17,f29	 f17:0x2e4c0001 f29:0x4dee9280 f28=0x3cbe1cbf
     257955.000 ns	     25794	800052b0	01d35f13	srli	x30,x6,0x1d	  x6:0xfffc0000 x30=0x00000007
     257965.000 ns	     25795	800052b4	00000013	addi	x0,x0,0	  x0:0x00000000
     257985.000 ns	     25797	800052b8	f00684d3	fmv.w.x	f9,x13	 x13:0xff080000  f9=0xff080000
     258005.000 ns	     25799	800052bc	41690033	sub	x0,x18,x22	 x18:0x0001fc20 x22:0xfffffdd7
     258365.000 ns	     25835	800052c0	03cc7db3	remu	x27,x24,x28	 x24:0x00000000 x28:0xc00617d6 x27=0x00000000
     258395.000 ns	     25838	800052c4	21bf2a53	fsgnjx.s	f20,f30,f27	 f30:0x43f90000 f27:0x43c00000 f20=0x43f90000
     258425.000 ns	     25841	800052c8	027089b3	mul	x19,x1,x7	  x1:0x00000000  x7:0x00000001 x19=0x00000000
     258445.000 ns	     25843	800052cc	00c1ddb3	srl	x27,x3,x12	  x3:0x00000000 x12:0xfe100000 x27=0x00000000
     258455.000 ns	     25844	800052d0	00000013	addi	x0,x0,0	  x0:0x00000000
     258495.000 ns	     25848	800052d4	08a57b53	fsub.s	f22,f10,f10	 f10:0x00000040 f10:0x00000040 f22=0x80000000
     258515.000 ns	     25850	800052d8	011069b3	or	x19,x0,x17	  x0:0x00000000 x17:0x00000000 x19=0x00000000
     258525.000 ns	     25851	800052dc	0058acb3	slt	x25,x17,x5	 x17:0x00000000  x5:0x57bffdd7 x25=0x00000001
     258545.000 ns	     25853	800052e0	02a78eb3	mul	x29,x15,x10	 x15:0x00000001 x10:0x72cb4a24 x29=0x72cb4a24
     258565.000 ns	     25855	800052e4	01d00b33	add	x22,x0,x29	  x0:0x00000000 x29:0x80040fe5 x22=0x72cb4a24
     258575.000 ns	     25856	800052e8	002ffc33	and	x24,x31,x2	 x31:0x473501c7  x2:0x00000000 x24=0x00000000
     258615.000 ns	     25860	800052ec	0804f8d3	fsub.s	f17,f9,f0	  f9:0xff080000  f0:0xcdee9280 f17=0xff080000
     258635.000 ns	     25862	800052f0	40c15393	srai	x7,x2,0xc	  x2:0x00000000  x7=0x00000000
     258645.000 ns	     25863	800052f4	4034de33	sra	x28,x9,x3	  x9:0x000005e1  x3:0x00000000 x28=0x000005e1
     258655.000 ns	     25864	800052f8	012ecdb3	xor	x27,x29,x18	 x29:0x72cb4a24 x18:0x0001fc20 x27=0x72cab604
     258665.000 ns	     25865	800052fc	007a6b33	or	x22,x20,x7	 x20:0x80041024  x7:0x00000000 x22=0x80041024
     258675.000 ns	     25866	80005300	405e5c13	srai	x24,x28,0x5	 x28:0x000005e1 x24=0x0000002f
     258685.000 ns	     25867	80005304	007b1f33	sll	x30,x22,x7	 x22:0x72cb4a24  x7:0x00000000 x30=0x80041024
     258705.000 ns	     25869	80005308	02313cb3	mulhu	x25,x2,x3	  x2:0x00000000  x3:0x00000000 x25=0x00000000
     258735.000 ns	     25872	8000530c	213da353	fsgnjx.s	f6,f27,f19	 f27:0x43c00000 f19:0x3f7fff62  f6=0x43c00000
     258765.000 ns	     25875	80005310	d0018153	fcvt.s.w	f2,x3	  x3:0x00000000  f2=0x00000000
     258785.000 ns	     25877	80005314	016a9293	slli	x5,x21,0x16	 x21:0xa8400000  x5=0x00000000
     258795.000 ns	     25878	80005318	007d24b3	slt	x9,x26,x7	 x26:0x00000000  x7:0x00000000  x9=0x00000000
     258815.000 ns	     25880	8000531c	d0083553	fcvt.s.w	f10,x16	 x16:0x80040fe4 f10=0xcefff7e1
     258835.000 ns	     25882	80005320	01475333	srl	x6,x14,x20	 x14:0x72cb4a24 x20:0x80041024  x6=0x072cb4a2
     258845.000 ns	     25883	80005324	00000013	addi	x0,x0,0	  x0:0x00000000
     258855.000 ns	     25884	80005328	41c60fb3	sub	x31,x12,x28	 x12:0xfe100000 x28:0x000005e1 x31=0xfe0ffa1f
     258875.000 ns	     25886	8000532c	f00b0ad3	fmv.w.x	f21,x22	 x22:0x80041024 f21=0x80041024
     258905.000 ns	     25889	80005330	03b987b3	mul	x15,x19,x27	 x19:0x00000000 x27:0x72cab604 x15=0x00000000
     258935.000 ns	     25892	80005334	03b08cb3	mul	x25,x1,x27	  x1:0x00000000 x27:0x72cab604 x25=0x00000000
     258985.000 ns	     25897	80005338	09a886d3	fsub.s	f13,f17,f26	 f17:0xff080000 f26:0x00000000 f13=0xff080000
     259015.000 ns	     25900	8000533c	026834b3	mulhu	x9,x16,x6	 x16:0x80040fe4  x6:0x072cb4a2  x9=0x03967775
     259045.000 ns	     25903	80005340	c01272d3	fcvt.wu.s	x5,f4	  f4:0x7fc00000  x5=0xffffffff
     259065.000 ns	     25905	80005344	2b30e413	ori	x8,x1,691	  x1:0x00000000  x8=0x000002b3
     259085.000 ns	     25907	80005348	e00f8ad3	fmv.x.w	x21,f31	 f31:0x46aebfc1 x21=0x46aebfc1
     259105.000 ns	     25909	8000534c	7c866e93	ori	x29,x12,1992	 x12:0xfe100000 x29=0xfe1007c8
     259125.000 ns	     25911	80005350	d0077b53	fcvt.s.w	f22,x14	 x14:0x72cb4a24 f22=0x4ee59694
     259155.000 ns	     25914	80005354	021b6533	rem	x10,x22,x1	 x22:0x80041024  x1:0x00000000 x10=0x80041024
     259175.000 ns	     25916	80005358	01005113	srli	x2,x0,0x10	  x0:0x00000000  x2=0x00000000
     259535.000 ns	     25952	8000535c	0299d433	divu	x8,x19,x9	 x19:0x00000000  x9:0x03967775  x8=0x00000000
     259555.000 ns	     25954	80005360	00a8ae33	slt	x28,x17,x10	 x17:0x00000000 x10:0x80041024 x28=0x00000000
     259565.000 ns	     25955	80005364	0141adb3	slt	x27,x3,x20	  x3:0x00000000 x20:0x80041024 x27=0x00000000
     259585.000 ns	     25957	80005368	03c5c0b3	div	x1,x11,x28	 x11:0x00000000 x28:0x000005e1  x1=0xffffffff
     259955.000 ns	     25994	8000536c	0255ce33	div	x28,x11,x5	 x11:0x00000000  x5:0xffffffff x28=0x00000000
     259985.000 ns	     25997	80005370	c016f4d3	fcvt.wu.s	x9,f13	 f13:0xff080000  x9=0x00000000
     260015.000 ns	     26000	80005374	03e0ad33	mulhsu	x26,x1,x30	  x1:0xffffffff x30:0x80041024 x26=0xffffffff
     260035.000 ns	     26002	80005378	41eb0333	sub	x6,x22,x30	 x22:0x80041024 x30:0x80041024  x6=0x00000000
     260045.000 ns	     26003	8000537c	01f6e0b3	or	x1,x13,x31	 x13:0xff080000 x31:0xfe0ffa1f  x1=0xff0ffa1f
     260065.000 ns	     26005	80005380	02e695b3	mulh	x11,x13,x14	 x13:0xff080000 x14:0x72cb4a24 x11=0xff90cb10
     260085.000 ns	     26007	80005384	59fa2293	slti	x5,x20,1439	 x20:0x80041024  x5=0x00000001
     260095.000 ns	     26008	80005388	01f689b3	add	x19,x13,x31	 x13:0xff080000 x31:0xfe0ffa1f x19=0xfd17fa1f
     260105.000 ns	     26009	8000538c	417088b3	sub	x17,x1,x23	  x1:0xff0ffa1f x23:0xffffffff x17=0xff0ffa20
     260135.000 ns	     26012	80005390	10489953	fmul.s	f18,f17,f4	 f17:0xff080000  f4:0x7fc00000 f18=0x7fc00000
     260155.000 ns	     26014	80005394	00ef9f33	sll	x30,x31,x14	 x31:0xfe0ffa1f x14:0x72cb4a24 x30=0xe0ffa1f0
     260175.000 ns	     26016	80005398	d011f2d3	fcvt.s.wu	f5,x3	  x3:0x00000000  f5=0x00000000
     260205.000 ns	     26019	8000539c	282f1cd3	fmax.s	f25,f30,f2	 f30:0x43f90000  f2:0x00000000 f25=0x43f90000
     260225.000 ns	     26021	800053a0	007bde13	srli	x28,x23,0x7	 x23:0xffffffff x28=0x01ffffff
     260235.000 ns	     26022	800053a4	dcebae13	slti	x28,x23,-562	 x23:0xffffffff x28=0x00000000
     260245.000 ns	     26023	800053a8	8186e593	ori	x11,x13,-2024	 x13:0xff080000 x11=0xfffff818
     260255.000 ns	     26024	800053ac	2ef6ae13	slti	x28,x13,751	 x13:0xff080000 x28=0x00000001
     260265.000 ns	     26025	800053b0	46fd3113	sltiu	x2,x26,1135	 x26:0xffffffff  x2=0x00000000
     260285.000 ns	     26027	800053b4	f00e0cd3	fmv.w.x	f25,x28	 x28:0x00000000 f25=0x00000001
     260305.000 ns	     26029	800053b8	41765e33	sra	x28,x12,x23	 x12:0xfe100000 x23:0xffffffff x28=0xffffffff
     260325.000 ns	     26031	800053bc	e0069ed3	fclass.s	x29,f13	 f13:0xff080000 x29=0x00000002
     260355.000 ns	     26034	800053c0	02b225b3	mulhsu	x11,x4,x11	  x4:0x00000000 x11:0xfffff818 x11=0x00000000
     260375.000 ns	     26036	800053c4	014a05b3	add	x11,x20,x20	 x20:0x80041024 x20:0x80041024 x11=0x00082048
     260385.000 ns	     26037	800053c8	4011da93	srai	x21,x3,0x1	  x3:0x00000000 x21=0x00000000
     260405.000 ns	     26039	800053cc	28970ed3	fmin.s	f29,f14,f9	 f14:0x00000000  f9:0xff080000 f29=0xff080000
     260435.000 ns	     26042	800053d0	f0000a53	fmv.w.x	f20,x0	  x0:0x00000000 f20=0x00000000
     260455.000 ns	     26044	800053d4	00fd92b3	sll	x5,x27,x15	 x27:0x00000000 x15:0x00000000  x5=0x00000000
     260475.000 ns	     26046	800053d8	c01510d3	fcvt.wu.s	x1,f10	 f10:0xcefff7e1  x1=0x7ffbf080
     260505.000 ns	     26049	800053dc	208d0253	fsgnj.s	f4,f26,f8	 f26:0x00000000  f8:0xc3f88000  f4=0x80000000
     260545.000 ns	     26053	800053e0	118df0d3	fmul.s	f1,f27,f24	 f27:0x43c00000 f24:0x00000000  f1=0x00000000
     260575.000 ns	     26056	800053e4	20392253	fsgnjx.s	f4,f18,f3	 f18:0x7fc00000  f3:0xbe60f110  f4=0xffc00000
     260605.000 ns	     26059	800053e8	e00184d3	fmv.x.w	x9,f3	  f3:0xbe60f110  x9=0xbe60f110
     260645.000 ns	     26063	800053ec	10038dd3	fmul.s	f27,f7,f0	  f7:0x4efff7d2  f0:0xcdee9280 f27=0xdd6e8ae1
     260675.000 ns	     26066	800053f0	20c82f53	fsgnjx.s	f30,f16,f12	 f16:0x00000000 f12:0x4dee9280 f30=0x00000000
     260705.000 ns	     26069	800053f4	e00f82d3	fmv.x.w	x5,f31	 f31:0x46aebfc1  x5=0x46aebfc1
     260725.000 ns	     26071	800053f8	88cffc13	andi	x24,x31,-1908	 x31:0xfe0ffa1f x24=0xfe0ff80c
     260735.000 ns	     26072	800053fc	c88e8313	addi	x6,x29,-888	 x29:0x00000002  x6=0xfffffc8a
     260755.000 ns	     26074	80005400	a1d3a253	feq.s	x4,f7,f29	  f7:0x4efff7d2 f29:0xff080000  x4=0x00000000
     260775.000 ns	     26076	80005404	1e437ab7	lui	x21,0x1e437	 x21=0x1e437000
     260795.000 ns	     26078	80005408	206ba6d3	fsgnjx.s	f13,f23,f6	 f23:0x36903ff0  f6:0x43c00000 f13=0x36903ff0
     260815.000 ns	     26080	8000540c	011f5bb3	srl	x23,x30,x17	 x30:0xe0ffa1f0 x17:0xff0ffa20 x23=0xe0ffa1f0
     260835.000 ns	     26082	80005410	c01f76d3	fcvt.wu.s	x13,f30	 f30:0x00000000 x13=0x00000000
     260855.000 ns	     26084	80005414	fc783693	sltiu	x13,x16,-57	 x16:0x80040fe4 x13=0x00000001
     260875.000 ns	     26086	80005418	c01f15d3	fcvt.wu.s	x11,f30	 f30:0x00000000 x11=0x00000000
     260915.000 ns	     26090	8000541c	11907dd3	fmul.s	f27,f0,f25	  f0:0xcdee9280 f25:0x00000001 f27=0x836e9281
     260955.000 ns	     26094	80005420	580d77d3	fsqrt.s	f15,f26	 f26:0x00000000 f15=0x00000000
     260985.000 ns	     26097	80005424	a05028d3	feq.s	x17,f0,f5	  f0:0xcdee9280  f5:0x00000000 x17=0x00000000
     261025.000 ns	     26101	80005428	580df5d3	fsqrt.s	f11,f27	 f27:0x836e9281 f11=0x7fc00000
     261065.000 ns	     26105	8000542c	58028753	fsqrt.s	f14,f5	  f5:0x00000000 f14=0x00000000
     261095.000 ns	     26108	80005430	021c1fb3	mulh	x31,x24,x1	 x24:0xfe0ff80c  x1:0x7ffbf080 x31=0xff0803e4
     261125.000 ns	     26111	80005434	023e67b3	rem	x15,x28,x3	 x28:0xffffffff  x3:0x00000000 x15=0xffffffff
     261155.000 ns	     26114	80005438	20e380d3	fsgnj.s	f1,f7,f14	  f7:0x4efff7d2 f14:0x00000000  f1=0x4efff7d2
     261175.000 ns	     26116	8000543c	40385013	srai	x0,x16,0x3	 x16:0x80040fe4
     261185.000 ns	     26117	80005440	07f47b13	andi	x22,x8,127	  x8:0x00000000 x22=0x00000000
     261195.000 ns	     26118	80005444	973eb413	sltiu	x8,x29,-1677	 x29:0x00000002  x8=0x00000001
     261215.000 ns	     26120	80005448	28a01353	fmax.s	f6,f0,f10	  f0:0xcdee9280 f10:0xcefff7e1  f6=0xcdee9280
     261245.000 ns	     26123	8000544c	f00e07d3	fmv.w.x	f15,x28	 x28:0xffffffff f15=0xffffffff
     261265.000 ns	     26125	80005450	be323213	sltiu	x4,x4,-1053	  x4:0x00000000  x4=0x00000001
     261295.000 ns	     26128	80005454	1820f753	fdiv.s	f14,f1,f2	  f1:0x4efff7d2  f2:0x00000000 f14=0x7f800000
     261315.000 ns	     26130	80005458	0085ecb3	or	x25,x11,x8	 x11:0x00000000  x8:0x00000001 x25=0x00000001
     261325.000 ns	     26131	8000545c	40f2d3b3	sra	x7,x5,x15	  x5:0x46aebfc1 x15:0xffffffff  x7=0x00000000
     261345.000 ns	     26133	80005460	a06d0553	fle.s	x10,f26,f6	 f26:0x00000000  f6:0xcdee9280 x10=0x00000000
     261365.000 ns	     26135	80005464	625f2e17	auipc	x28,0x625f2	 x28=0xe25f7464
     261395.000 ns	     26138	80005468	101f79d3	fmul.s	f19,f30,f1	 f30:0x00000000  f1:0x4efff7d2 f19=0x00000000
     261415.000 ns	     26140	8000546c	01e28633	add	x12,x5,x30	  x5:0x46aebfc1 x30:0xe0ffa1f0 x12=0x27ae61b1
     261435.000 ns	     26142	80005470	02822433	mulhsu	x8,x4,x8	  x4:0x00000001  x8:0x00000001  x8=0x00000000
     261455.000 ns	     26144	80005474	37580493	addi	x9,x16,885	 x16:0x80040fe4  x9=0x80041359
     261475.000 ns	     26146	80005478	21182b53	fsgnjx.s	f22,f16,f17	 f16:0x00000000 f17:0xff080000 f22=0x80000000
     261495.000 ns	     26148	8000547c	00f16d33	or	x26,x2,x15	  x2:0x00000000 x15:0xffffffff x26=0xffffffff
     261505.000 ns	     26149	80005480	00849ab3	sll	x21,x9,x8	  x9:0x80041359  x8:0x00000000 x21=0x80041359
     261865.000 ns	     26185	80005484	037f78b3	remu	x17,x30,x23	 x30:0xe0ffa1f0 x23:0xe0ffa1f0 x17=0x00000000
     262235.000 ns	     26222	80005488	03a2e033	rem	x0,x5,x26	  x5:0x46aebfc1 x26:0xffffffff
     262255.000 ns	     26224	8000548c	01f137b3	sltu	x15,x2,x31	  x2:0x00000000 x31:0xff0803e4 x15=0x00000001
     262265.000 ns	     26225	80005490	7b520197	auipc	x3,0x7b520	  x3=0xfb525490
     262305.000 ns	     26229	80005494	0078f553	fadd.s	f10,f17,f7	 f17:0xff080000  f7:0x4efff7d2 f10=0xff080000
     262335.000 ns	     26232	80005498	02ae82b3	mul	x5,x29,x10	 x29:0x00000002 x10:0x00000000  x5=0x00000000
     262355.000 ns	     26234	8000549c	088dc0b7	lui	x1,0x88dc	  x1=0x088dc000
     262385.000 ns	     26237	800054a0	18a770d3	fdiv.s	f1,f14,f10	 f14:0x7f800000 f10:0xff080000  f1=0xff800000
     262405.000 ns	     26239	800054a4	aa8c8213	addi	x4,x25,-1368	 x25:0x00000001  x4=0xfffffaa9
     262415.000 ns	     26240	800054a8	685ccc13	xori	x24,x25,1669	 x25:0x00000001 x24=0x00000684
     262435.000 ns	     26242	800054ac	28358753	fmin.s	f14,f11,f3	 f11:0x7fc00000  f3:0xbe60f110 f14=0xbe60f110
     262465.000 ns	     26245	800054b0	a1fc8dd3	fle.s	x27,f25,f31	 f25:0x00000001 f31:0x46aebfc1 x27=0x00000001
     262485.000 ns	     26247	800054b4	019f3eb3	sltu	x29,x30,x25	 x30:0xe0ffa1f0 x25:0x00000001 x29=0x00000000
     262495.000 ns	     26248	800054b8	41e757b3	sra	x15,x14,x30	 x14:0x72cb4a24 x30:0xe0ffa1f0 x15=0x000072cb
     263665.000 ns	     26365	800054bc	580bcad3	fsqrt.s	f21,f23	 f23:0x36903ff0 f21=0x3a87e1a0
     263685.000 ns	     26367	800054c0	9c1775b7	lui	x11,0x9c177	 x11=0x9c177000
     264855.000 ns	     26484	800054c4	580e4653	fsqrt.s	f12,f28	 f28:0x3cbe1cbf f12=0x3d9bfea2
     264875.000 ns	     26486	800054c8	0407f893	andi	x17,x15,64	 x15:0x000072cb x17=0x00000040
     264885.000 ns	     26487	800054cc	407ed933	sra	x18,x29,x7	 x29:0x00000000  x7:0x00000000 x18=0x00000000
     264895.000 ns	     26488	800054d0	00000013	addi	x0,x0,0	  x0:0x00000000
     264905.000 ns	     26489	800054d4	95e66d93	ori	x27,x12,-1698	 x12:0x27ae61b1 x27=0xfffff9ff
     264925.000 ns	     26491	800054d8	024fb233	mulhu	x4,x31,x4	 x31:0xff0803e4  x4:0xfffffaa9  x4=0xff07fe92
     264955.000 ns	     26494	800054dc	a0d001d3	fle.s	x3,f0,f13	  f0:0xcdee9280 f13:0x36903ff0  x3=0x00000001
     264985.000 ns	     26497	800054e0	21ab92d3	fsgnjn.s	f5,f23,f26	 f23:0x36903ff0 f26:0x00000000  f5=0xb6903ff0
     265035.000 ns	     26502	800054e4	09160353	fsub.s	f6,f12,f17	 f12:0x3d9bfea2 f17:0xff080000  f6=0x7f080000
     265055.000 ns	     26504	800054e8	01f6e9b3	or	x19,x13,x31	 x13:0x00000001 x31:0xff0803e4 x19=0xff0803e5
     265075.000 ns	     26506	800054ec	02e98133	mul	x2,x19,x14	 x19:0xfd17fa1f x14:0x72cb4a24  x2=0x3ed7be34
     265105.000 ns	     26509	800054f0	f00a8653	fmv.w.x	f12,x21	 x21:0x80041359 f12=0x80041359
     265135.000 ns	     26512	800054f4	a02091d3	flt.s	x3,f1,f2	  f1:0xff800000  f2:0x00000000  x3=0x00000001
     265155.000 ns	     26514	800054f8	41f2d393	srai	x7,x5,0x1f	  x5:0x00000000  x7=0x00000000
     265165.000 ns	     26515	800054fc	01978533	add	x10,x15,x25	 x15:0x000072cb x25:0x00000001 x10=0x000072cc
     265185.000 ns	     26517	80005500	e00993d3	fclass.s	x7,f19	 f19:0x00000000  x7=0x00000010
     265555.000 ns	     26554	80005504	02f3e0b3	rem	x1,x7,x15	  x7:0x00000000 x15:0x000072cb  x1=0x00000010
     265575.000 ns	     26556	80005508	00ac0fb3	add	x31,x24,x10	 x24:0x00000684 x10:0x000072cc x31=0x00007950
     265595.000 ns	     26558	8000550c	d01bf253	fcvt.s.wu	f4,x23	 x23:0xe0ffa1f0  f4=0x4f60ffa1
     265625.000 ns	     26561	80005510	d01274d3	fcvt.s.wu	f9,x4	  x4:0xff07fe92  f9=0x4f7f07fe
     265655.000 ns	     26564	80005514	a07084d3	fle.s	x9,f1,f7	  f1:0xff800000  f7:0x4efff7d2  x9=0x00000001
     265685.000 ns	     26567	80005518	c0181253	fcvt.wu.s	x4,f16	 f16:0x00000000  x4=0x00000000
     265735.000 ns	     26572	8000551c	0863f653	fsub.s	f12,f7,f6	  f7:0x4efff7d2  f6:0x7f080000 f12=0xff080000
     265775.000 ns	     26576	80005520	18ff7d53	fdiv.s	f26,f30,f15	 f30:0x00000000 f15:0xffffffff f26=0x7fc00000
     265795.000 ns	     26578	80005524	47863093	sltiu	x1,x12,1144	 x12:0x27ae61b1  x1=0x00000000
     265805.000 ns	     26579	80005528	0c1787b7	lui	x15,0xc178	 x15=0x0c178000
     265825.000 ns	     26581	8000552c	02ca1db3	mulh	x27,x20,x12	 x20:0x80041024 x12:0x27ae61b1 x27=0xec297061
     265855.000 ns	     26584	80005530	a16908d3	fle.s	x17,f18,f22	 f18:0x7fc00000 f22:0x80000000 x17=0x00000000
     265875.000 ns	     26586	80005534	f64fa693	slti	x13,x31,-156	 x31:0x00007950 x13=0x00000000
     265895.000 ns	     26588	80005538	a1ee00d3	fle.s	x1,f28,f30	 f28:0x3cbe1cbf f30:0x00000000  x1=0x00000000
     265925.000 ns	     26591	8000553c	a1f7a453	feq.s	x8,f15,f31	 f15:0xffffffff f31:0x46aebfc1  x8=0x00000000
     265945.000 ns	     26593	80005540	b1a44913	xori	x18,x8,-1254	  x8:0x00000000 x18=0xfffffb1a
     265965.000 ns	     26595	80005544	f0048f53	fmv.w.x	f30,x9	  x9:0x00000001 f30=0x00000001
     265995.000 ns	     26598	80005548	d00c41d3	fcvt.s.w	f3,x24	 x24:0x00000684  f3=0x44d08000
     266025.000 ns	     26601	8000554c	20119fd3	fsgnjn.s	f31,f3,f1	  f3:0xbe60f110  f1:0xff800000 f31=0x44d08000
     266045.000 ns	     26603	80005550	c000eab7	lui	x21,0xc000e	 x21=0xc000e000
     266065.000 ns	     26605	80005554	023420b3	mulhsu	x1,x8,x3	  x8:0x00000000  x3:0x00000001  x1=0x00000000
     266085.000 ns	     26607	80005558	00c7c6b3	xor	x13,x15,x12	 x15:0x0c178000 x12:0x27ae61b1 x13=0x2bb9e1b1
     266095.000 ns	     26608	8000555c	00000013	addi	x0,x0,0	  x0:0x00000000
     266105.000 ns	     26609	80005560	19ada117	auipc	x2,0x19ada	  x2=0x99adf560
     266465.000 ns	     26645	80005564	029bc3b3	div	x7,x23,x9	 x23:0xe0ffa1f0  x9:0x00000001  x7=0xe0ffa1f0
     266485.000 ns	     26647	80005568	01d95113	srli	x2,x18,0x1d	 x18:0xfffffb1a  x2=0x00000007
     266495.000 ns	     26648	8000556c	00d72933	slt	x18,x14,x13	 x14:0x72cb4a24 x13:0x2bb9e1b1 x18=0x00000000
     266515.000 ns	     26650	80005570	03d2ceb3	div	x29,x5,x29	  x5:0x00000000 x29:0x00000000 x29=0xffffffff
     266545.000 ns	     26653	80005574	28368c53	fmin.s	f24,f13,f3	 f13:0x36903ff0  f3:0x44d08000 f24=0x36903ff0
     266565.000 ns	     26655	80005578	00299093	slli	x1,x19,0x2	 x19:0xff0803e5  x1=0xfc200f94
     266575.000 ns	     26656	8000557c	41d4d1b3	sra	x3,x9,x29	  x9:0x00000001 x29:0xffffffff  x3=0x00000000
     266585.000 ns	     26657	80005580	00e61693	slli	x13,x12,0xe	 x12:0x27ae61b1 x13=0x986c4000
     266595.000 ns	     26658	80005584	01deb4b3	sltu	x9,x29,x29	 x29:0xffffffff x29:0xffffffff  x9=0x00000000
     266605.000 ns	     26659	80005588	01e30233	add	x4,x6,x30	  x6:0xfffffc8a x30:0xe0ffa1f0  x4=0xe0ff9e7a
     266625.000 ns	     26661	8000558c	f00b0453	fmv.w.x	f8,x22	 x22:0x00000000  f8=0x00000000
     266655.000 ns	     26664	80005590	02885033	divu	x0,x16,x8	 x16:0x80040fe4  x8:0x00000000
     266675.000 ns	     26666	80005594	ea76fa93	andi	x21,x13,-345	 x13:0x986c4000 x21=0x986c4000
     266695.000 ns	     26668	80005598	023aed33	rem	x26,x21,x3	 x21:0xc000e000  x3:0x00000000 x26=0x986c4000
     266735.000 ns	     26672	8000559c	580077d3	fsqrt.s	f15,f0	  f0:0xcdee9280 f15=0x7fc00000
     266755.000 ns	     26674	800055a0	40098f33	sub	x30,x19,x0	 x19:0xff0803e5  x0:0x00000000 x30=0xff0803e5
     266775.000 ns	     26676	800055a4	027b16b3	mulh	x13,x22,x7	 x22:0x00000000  x7:0xe0ffa1f0 x13=0x00000000
     266805.000 ns	     26679	800055a8	0385abb3	mulhsu	x23,x11,x24	 x11:0x9c177000 x24:0x00000684 x23=0xfffffd75
     266825.000 ns	     26681	800055ac	01f28b33	add	x22,x5,x31	  x5:0x00000000 x31:0x00007950 x22=0x00007950
     266865.000 ns	     26685	800055b0	09c47853	fsub.s	f16,f8,f28	  f8:0x00000000 f28:0x3cbe1cbf f16=0xbcbe1cbf
     266895.000 ns	     26688	800055b4	a18822d3	feq.s	x5,f16,f24	 f16:0x00000000 f24:0x36903ff0  x5=0x00000000
     266925.000 ns	     26691	800055b8	036aa233	mulhsu	x4,x21,x22	 x21:0x986c4000 x22:0x00007950  x4=0xffffceea
     266945.000 ns	     26693	800055bc	a5a7fd13	andi	x26,x15,-1446	 x15:0x0c178000 x26=0x0c178000
     266955.000 ns	     26694	800055c0	0097d913	srli	x18,x15,0x9	 x15:0x0c178000 x18=0x00060bc0
     266975.000 ns	     26696	800055c4	037ca233	mulhsu	x4,x25,x23	 x25:0x00000001 x23:0xfffffd75  x4=0x00000000
     267005.000 ns	     26699	800055c8	289895d3	fmax.s	f11,f17,f9	 f17:0xff080000  f9:0x4f7f07fe f11=0x4f7f07fe
     267035.000 ns	     26702	800055cc	f0018553	fmv.w.x	f10,x3	  x3:0x00000000 f10=0x00000000
     267065.000 ns	     26705	800055d0	a0929153	flt.s	x2,f5,f9	  f5:0xb6903ff0  f9:0x4f7f07fe  x2=0x00000001
     267085.000 ns	     26707	800055d4	976c3793	sltiu	x15,x24,-1674	 x24:0x00000684 x15=0x00000001
     267095.000 ns	     26708	800055d8	00791f33	sll	x30,x18,x7	 x18:0x00060bc0  x7:0xe0ffa1f0 x30=0x0bc00000
     267105.000 ns	     26709	800055dc	011a9d13	slli	x26,x21,0x11	 x21:0x986c4000 x26=0x80000000
     267115.000 ns	     26710	800055e0	c5e90917	auipc	x18,0xc5e90	 x18=0x45e955e0
     267125.000 ns	     26711	800055e4	009d5393	srli	x7,x26,0x9	 x26:0x0c178000  x7=0x00400000
     267135.000 ns	     26712	800055e8	0101d613	srli	x12,x3,0x10	  x3:0x00000000 x12=0x00000000
     267145.000 ns	     26713	800055ec	01b60db3	add	x27,x12,x27	 x12:0x27ae61b1 x27:0xec297061 x27=0xec297061
     267165.000 ns	     26715	800055f0	02bfacb3	mulhsu	x25,x31,x11	 x31:0x00007950 x11:0x9c177000 x25=0x000049f7
     267195.000 ns	     26718	800055f4	c012f9d3	fcvt.wu.s	x19,f5	  f5:0xb6903ff0 x19=0x00000000
     267225.000 ns	     26721	800055f8	032a9ab3	mulh	x21,x21,x18	 x21:0x986c4000 x18:0x45e955e0 x21=0xe3b6c507
     267245.000 ns	     26723	800055fc	0033fe33	and	x28,x7,x3	  x7:0x00400000  x3:0x00000000 x28=0x00000000
     267255.000 ns	     26724	80005600	40215893	srai	x17,x2,0x2	  x2:0x00000001 x17=0x00000000
     267275.000 ns	     26726	80005604	2177a6d3	fsgnjx.s	f13,f15,f23	 f15:0x7fc00000 f23:0x36903ff0 f13=0x7fc00000
     267295.000 ns	     26728	80005608	40ced0b3	sra	x1,x29,x12	 x29:0xffffffff x12:0x00000000  x1=0xffffffff
     267315.000 ns	     26730	8000560c	03ec0033	mul	x0,x24,x30	 x24:0x00000684 x30:0x0bc00000
     267335.000 ns	     26732	80005610	ca0b2493	slti	x9,x22,-864	 x22:0x00007950  x9=0x00000000
     267355.000 ns	     26734	80005614	029a2333	mulhsu	x6,x20,x9	 x20:0x80041024  x9:0x00000000  x6=0x00000000
     267375.000 ns	     26736	80005618	0010b933	sltu	x18,x1,x1	  x1:0xffffffff  x1:0xffffffff x18=0x00000000
     267385.000 ns	     26737	8000561c	e09113b7	lui	x7,0xe0911	  x7=0xe0911000
     267405.000 ns	     26739	80005620	29890cd3	fmin.s	f25,f18,f24	 f18:0x7fc00000 f24:0x36903ff0 f25=0x36903ff0
     267445.000 ns	     26743	80005624	580e8f53	fsqrt.s	f30,f29	 f29:0xff080000 f30=0x7fc00000
     267475.000 ns	     26746	80005628	206b12d3	fsgnjn.s	f5,f22,f6	 f22:0x80000000  f6:0x7f080000  f5=0x80000000
     267495.000 ns	     26748	8000562c	0123ad33	slt	x26,x7,x18	  x7:0xe0911000 x18:0x00000000 x26=0x00000001
     267505.000 ns	     26749	80005630	412609b3	sub	x19,x12,x18	 x12:0x00000000 x18:0x00000000 x19=0x00000000
     267525.000 ns	     26751	80005634	0343a8b3	mulhsu	x17,x7,x20	  x7:0xe0911000 x20:0x80041024 x17=0xf0480848
     267555.000 ns	     26754	80005638	a18090d3	flt.s	x1,f1,f24	  f1:0xff800000 f24:0x36903ff0  x1=0x00000001
     267575.000 ns	     26756	8000563c	40c9d433	sra	x8,x19,x12	 x19:0x00000000 x12:0x00000000  x8=0x00000000
     267595.000 ns	     26758	80005640	20d50dd3	fsgnj.s	f27,f10,f13	 f10:0x00000000 f13:0x7fc00000 f27=0x00000000
     267625.000 ns	     26761	80005644	a1a71ed3	flt.s	x29,f14,f26	 f14:0xbe60f110 f26:0x7fc00000 x29=0x00000000
     267655.000 ns	     26764	80005648	03a691b3	mulh	x3,x13,x26	 x13:0x00000000 x26:0x00000001  x3=0x00000000
     267675.000 ns	     26766	8000564c	378518b7	lui	x17,0x37851	 x17=0x37851000
     267685.000 ns	     26767	80005650	40510db3	sub	x27,x2,x5	  x2:0x00000001  x5:0x00000000 x27=0x00000001
     267695.000 ns	     26768	80005654	70068e97	auipc	x29,0x70068	 x29=0xf006d654
     267715.000 ns	     26770	80005658	c00d0e53	fcvt.w.s	x28,f26	 f26:0x7fc00000 x28=0x7fffffff
     267745.000 ns	     26773	8000565c	20510853	fsgnj.s	f16,f2,f5	  f2:0x00000000  f5:0x80000000 f16=0x80000000
     267775.000 ns	     26776	80005660	02d93db3	mulhu	x27,x18,x13	 x18:0x00000000 x13:0x00000000 x27=0x00000000
     267805.000 ns	     26779	80005664	02da4033	div	x0,x20,x13	 x20:0x80041024 x13:0x00000000
     267825.000 ns	     26781	80005668	010e44b3	xor	x9,x28,x16	 x28:0x7fffffff x16:0x80040fe4  x9=0xfffbf01b
     267845.000 ns	     26783	8000566c	c003f1d3	fcvt.w.s	x3,f7	  f7:0x4efff7d2  x3=0x7ffbe900
     267875.000 ns	     26786	80005670	287c91d3	fmax.s	f3,f25,f7	 f25:0x36903ff0  f7:0x4efff7d2  f3=0x4efff7d2
     267895.000 ns	     26788	80005674	00231213	slli	x4,x6,0x2	  x6:0x00000000  x4=0x00000000
     267915.000 ns	     26790	80005678	a12223d3	feq.s	x7,f4,f18	  f4:0x4f60ffa1 f18:0x7fc00000  x7=0x00000000
     267935.000 ns	     26792	8000567c	45b46293	ori	x5,x8,1115	  x8:0x00000000  x5=0x0000045b
     268295.000 ns	     26828	80005680	0294f133	remu	x2,x9,x9	  x9:0xfffbf01b  x9:0xfffbf01b  x2=0x00000000
     268325.000 ns	     26831	80005684	d009f753	fcvt.s.w	f14,x19	 x19:0x00000000 f14=0x00000000
     268345.000 ns	     26833	80005688	19e12b93	slti	x23,x2,414	  x2:0x00000000 x23=0x00000001
     268365.000 ns	     26835	8000568c	a0d999d3	flt.s	x19,f19,f13	 f19:0x00000000 f13:0x7fc00000 x19=0x00000000
     268385.000 ns	     26837	80005690	41a58533	sub	x10,x11,x26	 x11:0x9c177000 x26:0x00000001 x10=0x9c176fff
     268405.000 ns	     26839	80005694	02866ab3	rem	x21,x12,x8	 x12:0x00000000  x8:0x00000000 x21=0x00000000
     268435.000 ns	     26842	80005698	a16e0c53	fle.s	x24,f28,f22	 f28:0x3cbe1cbf f22:0x80000000 x24=0x00000000
     268455.000 ns	     26844	8000569c	013df033	and	x0,x27,x19	 x27:0x00000000 x19:0x00000000
     268475.000 ns	     26846	800056a0	033d81b3	mul	x3,x27,x19	 x27:0x00000000 x19:0x00000000  x3=0x00000000
     268505.000 ns	     26849	800056a4	285f1ad3	fmax.s	f21,f30,f5	 f30:0x7fc00000  f5:0x80000000 f21=0x80000000
     268545.000 ns	     26853	800056a8	115100d3	fmul.s	f1,f2,f21	  f2:0x00000000 f21:0x3a87e1a0  f1=0x80000000
     268565.000 ns	     26855	800056ac	00119493	slli	x9,x3,0x1	  x3:0x00000000  x9=0x00000000
     268585.000 ns	     26857	800056b0	219b2dd3	fsgnjx.s	f27,f22,f25	 f22:0x80000000 f25:0x36903ff0 f27=0x80000000
     269765.000 ns	     26975	800056b4	58027fd3	fsqrt.s	f31,f4	  f4:0x4f60ffa1 f31=0x471f1915
     269785.000 ns	     26977	800056b8	4194d693	srai	x13,x9,0x19	  x9:0x00000000 x13=0x00000000
     269805.000 ns	     26979	800056bc	02b19233	mulh	x4,x3,x11	  x3:0x00000000 x11:0x9c177000  x4=0x00000000
     269845.000 ns	     26983	800056c0	19e246d3	fdiv.s	f13,f4,f30	  f4:0x4f60ffa1 f30:0x7fc00000 f13=0x7fc00000
     269875.000 ns	     26986	800056c4	a0391b53	flt.s	x22,f18,f3	 f18:0x7fc00000  f3:0x4efff7d2 x22=0x00000000
     269915.000 ns	     26990	800056c8	18d4bc53	fdiv.s	f24,f9,f13	  f9:0x4f7f07fe f13:0x7fc00000 f24=0x7fc00000
     269945.000 ns	     26993	800056cc	02ba02b3	mul	x5,x20,x11	 x20:0x80041024 x11:0x9c177000  x5=0x2a4bc000
     269965.000 ns	     26995	800056d0	c44b2537	lui	x10,0xc44b2	 x10=0xc44b2000
     269975.000 ns	     26996	800056d4	bd5089b7	lui	x19,0xbd508	 x19=0xbd508000
     269985.000 ns	     26997	800056d8	41478cb3	sub	x25,x15,x20	 x15:0x00000001 x20:0x80041024 x25=0x7ffbefdd
     270015.000 ns	     27000	800056dc	181eac53	fdiv.s	f24,f29,f1	 f29:0xff080000  f1:0x80000000 f24=0x7f800000
     270045.000 ns	     27003	800056e0	29dd85d3	fmin.s	f11,f27,f29	 f27:0x80000000 f29:0xff080000 f11=0xff080000
     270095.000 ns	     27008	800056e4	09172b53	fsub.s	f22,f14,f17	 f14:0x00000000 f17:0xff080000 f22=0x7f080000
     270125.000 ns	     27011	800056e8	02d929b3	mulhsu	x19,x18,x13	 x18:0x00000000 x13:0x00000000 x19=0x00000000
     270155.000 ns	     27014	800056ec	c00678d3	fcvt.w.s	x17,f12	 f12:0xff080000 x17=0x80000000
     270175.000 ns	     27016	800056f0	00000013	addi	x0,x0,0	  x0:0x00000000
     270195.000 ns	     27018	800056f4	d0043ed3	fcvt.s.w	f29,x8	  x8:0x00000000 f29=0x00000000
     270225.000 ns	     27021	800056f8	026fcf33	div	x30,x31,x6	 x31:0x00007950  x6:0x00000000 x30=0xffffffff
     270265.000 ns	     27025	800056fc	112d78d3	fmul.s	f17,f26,f18	 f26:0x7fc00000 f18:0x7fc00000 f17=0x7fc00000
     270285.000 ns	     27027	80005700	014fd3b3	srl	x7,x31,x20	 x31:0x00007950 x20:0x80041024  x7=0x00000795
     270305.000 ns	     27029	80005704	282e94d3	fmax.s	f9,f29,f2	 f29:0x00000000  f2:0x00000000  f9=0x00000000
     270325.000 ns	     27031	80005708	00fb62b3	or	x5,x22,x15	 x22:0x00000000 x15:0x00000001  x5=0x00000001
     270335.000 ns	     27032	8000570c	010c1913	slli	x18,x24,0x10	 x24:0x00000000 x18=0x00000000
     270345.000 ns	     27033	80005710	22e74093	xori	x1,x14,558	 x14:0x72cb4a24  x1=0x72cb480a
     270375.000 ns	     27036	80005714	101435d3	fmul.s	f11,f8,f1	  f8:0x00000000  f1:0x80000000 f11=0x80000000
     270405.000 ns	     27039	80005718	02662fb3	mulhsu	x31,x12,x6	 x12:0x00000000  x6:0x00000000 x31=0x00000000
     270425.000 ns	     27041	8000571c	409e5d33	sra	x26,x28,x9	 x28:0x7fffffff  x9:0x00000000 x26=0x7fffffff
     270785.000 ns	     27077	80005720	02f9c8b3	div	x17,x19,x15	 x19:0x00000000 x15:0x00000001 x17=0x00000000
     271155.000 ns	     27114	80005724	02fcf0b3	remu	x1,x25,x15	 x25:0x7ffbefdd x15:0x00000001  x1=0x00000000
     271175.000 ns	     27116	80005728	33cb7293	andi	x5,x22,828	 x22:0x00000000  x5=0x00000000
     271185.000 ns	     27117	8000572c	8a028037	lui	x0,0x8a028	
     271205.000 ns	     27119	80005730	0321e533	rem	x10,x3,x18	  x3:0x00000000 x18:0x00000000 x10=0x00000000
     271225.000 ns	     27121	80005734	00a71413	slli	x8,x14,0xa	 x14:0x72cb4a24  x8=0x2d289000
     271235.000 ns	     27122	80005738	003107b3	add	x15,x2,x3	  x2:0x00000000  x3:0x00000000 x15=0x00000000
     271245.000 ns	     27123	8000573c	00985013	srli	x0,x16,0x9	 x16:0x80040fe4
     271255.000 ns	     27124	80005740	01d0df13	srli	x30,x1,0x1d	  x1:0x00000000 x30=0x00000000
     271275.000 ns	     27126	80005744	211984d3	fsgnj.s	f9,f19,f17	 f19:0x00000000 f17:0x7fc00000  f9=0x00000000
     271295.000 ns	     27128	80005748	00c0c033	xor	x0,x1,x12	  x1:0x00000000 x12:0x00000000
     272465.000 ns	     27245	8000574c	580309d3	fsqrt.s	f19,f6	  f6:0x7f080000 f19=0x5ec054b4
     272495.000 ns	     27248	80005750	034124b3	mulhsu	x9,x2,x20	  x2:0x00000000 x20:0x80041024  x9=0x00000000
     273675.000 ns	     27366	80005754	580e1053	fsqrt.s	f0,f28	 f28:0x3cbe1cbf  f0=0x3d9bfea2
     273725.000 ns	     27371	80005758	08bff9d3	fsub.s	f19,f31,f11	 f31:0x471f1915 f11:0x80000000 f19=0x471f1915
     273745.000 ns	     27373	8000575c	c1ac0fb7	lui	x31,0xc1ac0	 x31=0xc1ac0000
     273765.000 ns	     27375	80005760	e00f07d3	fmv.x.w	x15,f30	 f30:0x7fc00000 x15=0x7fc00000
     273795.000 ns	     27378	80005764	20b10653	fsgnj.s	f12,f2,f11	  f2:0x00000000 f11:0x80000000 f12=0x80000000
     273815.000 ns	     27380	80005768	bb85f113	andi	x2,x11,-1096	 x11:0x9c177000  x2=0x9c177000
     273845.000 ns	     27383	8000576c	580afe53	fsqrt.s	f28,f21	 f21:0x80000000 f28=0x80000000
     273875.000 ns	     27386	80005770	f00b03d3	fmv.w.x	f7,x22	 x22:0x00000000  f7=0x00000000
     273905.000 ns	     27389	80005774	28a39bd3	fmax.s	f23,f7,f10	  f7:0x4efff7d2 f10:0x00000000 f23=0x00000000
     273935.000 ns	     27392	80005778	03b812b3	mulh	x5,x16,x27	 x16:0x80040fe4 x27:0x00000000  x5=0x00000000
     273985.000 ns	     27397	8000577c	01687653	fadd.s	f12,f16,f22	 f16:0x80000000 f22:0x7f080000 f12=0x7f080000
     274005.000 ns	     27399	80005780	0184d233	srl	x4,x9,x24	  x9:0x00000000 x24:0x00000000  x4=0x00000000
     274015.000 ns	     27400	80005784	3acebf37	lui	x30,0x3aceb	 x30=0x3aceb000
     274035.000 ns	     27402	80005788	28280553	fmin.s	f10,f16,f2	 f16:0x80000000  f2:0x00000000 f10=0x80000000
     274055.000 ns	     27404	8000578c	b50d8eb7	lui	x29,0xb50d8	 x29=0xb50d8000
     274085.000 ns	     27407	80005790	18492f53	fdiv.s	f30,f18,f4	 f18:0x7fc00000  f4:0x4f60ffa1 f30=0x7fc00000
     274115.000 ns	     27410	80005794	a0a98dd3	fle.s	x27,f19,f10	 f19:0x471f1915 f10:0x80000000 x27=0x00000000
     274145.000 ns	     27413	80005798	026fdb33	divu	x22,x31,x6	 x31:0xc1ac0000  x6:0x00000000 x22=0xffffffff
     274175.000 ns	     27416	8000579c	a0ca1953	flt.s	x18,f20,f12	 f20:0x00000000 f12:0x7f080000 x18=0x00000001
     274205.000 ns	     27419	800057a0	2052a3d3	fsgnjx.s	f7,f5,f5	  f5:0x80000000  f5:0x80000000  f7=0x00000000
     274225.000 ns	     27421	800057a4	b9f64993	xori	x19,x12,-1121	 x12:0x00000000 x19=0xfffffb9f
     274235.000 ns	     27422	800057a8	014d2433	slt	x8,x26,x20	 x26:0x7fffffff x20:0x80041024  x8=0x00000000
     274255.000 ns	     27424	800057ac	02cce133	rem	x2,x25,x12	 x25:0x7ffbefdd x12:0x00000000  x2=0x7ffbefdd
     274275.000 ns	     27426	800057b0	410fdf93	srai	x31,x31,0x10	 x31:0xc1ac0000 x31=0xffffc1ac
     274285.000 ns	     27427	800057b4	5d070d13	addi	x26,x14,1488	 x14:0x72cb4a24 x26=0x72cb4ff4
     274295.000 ns	     27428	800057b8	12ab2b13	slti	x22,x22,298	 x22:0xffffffff x22=0x00000001
     274315.000 ns	     27430	800057bc	c003a153	fcvt.w.s	x2,f7	  f7:0x00000000  x2=0x00000000
     274345.000 ns	     27433	800057c0	20fe26d3	fsgnjx.s	f13,f28,f15	 f28:0x80000000 f15:0x7fc00000 f13=0x80000000
     274365.000 ns	     27435	800057c4	3b03a593	slti	x11,x7,944	  x7:0x00000795 x11=0x00000000
     274385.000 ns	     27437	800057c8	038eb0b3	mulhu	x1,x29,x24	 x29:0xb50d8000 x24:0x00000000  x1=0x00000000
     274755.000 ns	     27474	800057cc	03e649b3	div	x19,x12,x30	 x12:0x00000000 x30:0x3aceb000 x19=0x00000000
     274775.000 ns	     27476	800057d0	00000013	addi	x0,x0,0	  x0:0x00000000
     274785.000 ns	     27477	800057d4	01da9513	slli	x10,x21,0x1d	 x21:0x00000000 x10=0x00000000
     274805.000 ns	     27479	800057d8	e00e9f53	fclass.s	x30,f29	 f29:0x00000000 x30=0x00000010
     274835.000 ns	     27482	800057dc	a1012553	feq.s	x10,f2,f16	  f2:0x00000000 f16:0x80000000 x10=0x00000001
     274855.000 ns	     27484	800057e0	57556c93	ori	x25,x10,1397	 x10:0x00000000 x25=0x00000575
     274875.000 ns	     27486	800057e4	03b19fb3	mulh	x31,x3,x27	  x3:0x00000000 x27:0x00000000 x31=0x00000000
     274905.000 ns	     27489	800057e8	02b90bb3	mul	x23,x18,x11	 x18:0x00000001 x11:0x00000000 x23=0x00000000
     274935.000 ns	     27492	800057ec	21f815d3	fsgnjn.s	f11,f16,f31	 f16:0x80000000 f31:0x471f1915 f11=0x80000000
     274955.000 ns	     27494	800057f0	a07d0f93	addi	x31,x26,-1529	 x26:0x72cb4ff4 x31=0x72cb49fb
     274965.000 ns	     27495	800057f4	24abf013	andi	x0,x23,586	 x23:0x00000000
     274975.000 ns	     27496	800057f8	41a8d7b3	sra	x15,x17,x26	 x17:0x00000000 x26:0x72cb4ff4 x15=0x00000000
     274985.000 ns	     27497	800057fc	011576b3	and	x13,x10,x17	 x10:0x00000001 x17:0x00000000 x13=0x00000000
     275005.000 ns	     27499	80005800	e00000d3	fmv.x.w	x1,f0	  f0:0x3d9bfea2  x1=0x3d9bfea2
     275025.000 ns	     27501	80005804	011b71b3	and	x3,x22,x17	 x22:0x00000001 x17:0x00000000  x3=0x00000000
     275045.000 ns	     27503	80005808	299489d3	fmin.s	f19,f9,f25	  f9:0x00000000 f25:0x36903ff0 f19=0x00000000
     275065.000 ns	     27505	8000580c	01ab6db3	or	x27,x22,x26	 x22:0x00000001 x26:0x72cb4ff4 x27=0x72cb4ff5
     275075.000 ns	     27506	80005810	e6fcf913	andi	x18,x25,-401	 x25:0x00000575 x18=0x00000465
     275085.000 ns	     27507	80005814	d4dc2b13	slti	x22,x24,-691	 x24:0x00000000 x22=0x00000000
     275105.000 ns	     27509	80005818	025dce33	div	x28,x27,x5	 x27:0x72cb4ff5  x5:0x00000000 x28=0xffffffff
     275125.000 ns	     27511	8000581c	0173dc33	srl	x24,x7,x23	  x7:0x00000795 x23:0x00000000 x24=0x00000795
     275155.000 ns	     27514	80005820	193d0353	fdiv.s	f6,f26,f19	 f26:0x7fc00000 f19:0x00000000  f6=0x7fc00000
     275205.000 ns	     27519	80005824	008c4ad3	fadd.s	f21,f24,f8	 f24:0x7f800000  f8:0x00000000 f21=0x7f800000
     275235.000 ns	     27522	80005828	03eb05b3	mul	x11,x22,x30	 x22:0x00000000 x30:0x00000010 x11=0x00000000
     275265.000 ns	     27525	8000582c	03f622b3	mulhsu	x5,x12,x31	 x12:0x00000000 x31:0x72cb49fb  x5=0x00000000
     275285.000 ns	     27527	80005830	005d0f33	add	x30,x26,x5	 x26:0x72cb4ff4  x5:0x00000000 x30=0x72cb4ff4
     275305.000 ns	     27529	80005834	d004f553	fcvt.s.w	f10,x9	  x9:0x00000000 f10=0x00000000
     275325.000 ns	     27531	80005838	ed6ecf93	xori	x31,x29,-298	 x29:0xb50d8000 x31=0x4af27ed6
     275345.000 ns	     27533	8000583c	203890d3	fsgnjn.s	f1,f17,f3	 f17:0x7fc00000  f3:0x4efff7d2  f1=0xffc00000
     275365.000 ns	     27535	80005840	00fe2933	slt	x18,x28,x15	 x28:0xffffffff x15:0x00000000 x18=0x00000001
     275375.000 ns	     27536	80005844	410756b3	sra	x13,x14,x16	 x14:0x72cb4a24 x16:0x80040fe4 x13=0x072cb4a2
     275395.000 ns	     27538	80005848	29f196d3	fmax.s	f13,f3,f31	  f3:0x4efff7d2 f31:0x471f1915 f13=0x4efff7d2
     275435.000 ns	     27542	8000584c	5802fd53	fsqrt.s	f26,f5	  f5:0x80000000 f26=0x80000000
     275455.000 ns	     27544	80005850	809cedb7	lui	x27,0x809ce	 x27=0x809ce000
     275475.000 ns	     27546	80005854	022483b3	mul	x7,x9,x2	  x9:0x00000000  x2:0x00000000  x7=0x00000000
     275525.000 ns	     27551	80005858	085a7653	fsub.s	f12,f20,f5	 f20:0x00000000  f5:0x80000000 f12=0x00000000
     275555.000 ns	     27554	8000585c	f0060253	fmv.w.x	f4,x12	 x12:0x00000000  f4=0x00000000
     275575.000 ns	     27556	80005860	00000013	addi	x0,x0,0	  x0:0x00000000
     275585.000 ns	     27557	80005864	60db3293	sltiu	x5,x22,1549	 x22:0x00000000  x5=0x00000001
     275595.000 ns	     27558	80005868	017d9333	sll	x6,x27,x23	 x27:0x809ce000 x23:0x00000000  x6=0x809ce000
     275605.000 ns	     27559	8000586c	d9c17413	andi	x8,x2,-612	  x2:0x00000000  x8=0x00000000
     275615.000 ns	     27560	80005870	bda28b93	addi	x23,x5,-1062	  x5:0x00000001 x23=0xfffffbdb
     275635.000 ns	     27562	80005874	03ec90b3	mulh	x1,x25,x30	 x25:0x00000575 x30:0x72cb4ff4  x1=0x00000272
     275655.000 ns	     27564	80005878	40cdd313	srai	x6,x27,0xc	 x27:0x809ce000  x6=0xfff809ce
     275685.000 ns	     27567	8000587c	11870e53	fmul.s	f28,f14,f24	 f14:0x00000000 f24:0x7f800000 f28=0x7fc00000
     275705.000 ns	     27569	80005880	01765fb3	srl	x31,x12,x23	 x12:0x00000000 x23:0xfffffbdb x31=0x00000000
     275715.000 ns	     27570	80005884	00d6cd33	xor	x26,x13,x13	 x13:0x072cb4a2 x13:0x072cb4a2 x26=0x00000000
     275725.000 ns	     27571	80005888	00000013	addi	x0,x0,0	  x0:0x00000000
     275735.000 ns	     27572	8000588c	004dceb3	xor	x29,x27,x4	 x27:0x809ce000  x4:0x00000000 x29=0x809ce000
     275755.000 ns	     27574	80005890	a0bba3d3	feq.s	x7,f23,f11	 f23:0x00000000 f11:0x80000000  x7=0x00000001
     275785.000 ns	     27577	80005894	a0158453	fle.s	x8,f11,f1	 f11:0x80000000  f1:0xffc00000  x8=0x00000000
     275825.000 ns	     27581	80005898	580874d3	fsqrt.s	f9,f16	 f16:0x80000000  f9=0x80000000
     275855.000 ns	     27584	8000589c	d0102153	fcvt.s.wu	f2,x0	  x0:0x00000000  f2=0x00000000
     275875.000 ns	     27586	800058a0	00bcd893	srli	x17,x25,0xb	 x25:0x00000575 x17=0x00000000
     275885.000 ns	     27587	800058a4	4078dab3	sra	x21,x17,x7	 x17:0x00000000  x7:0x00000001 x21=0x00000000
     275895.000 ns	     27588	800058a8	c5434b93	xori	x23,x6,-940	  x6:0xfff809ce x23=0x0007f59a
     275915.000 ns	     27590	800058ac	0284deb3	divu	x29,x9,x8	  x9:0x00000000  x8:0x00000000 x29=0xffffffff
     275945.000 ns	     27593	800058b0	0337ab33	mulhsu	x22,x15,x19	 x15:0x00000000 x19:0x00000000 x22=0x00000000
     275975.000 ns	     27596	800058b4	290e96d3	fmax.s	f13,f29,f16	 f29:0x00000000 f16:0x80000000 f13=0x00000000
     276005.000 ns	     27599	800058b8	a1f51e53	flt.s	x28,f10,f31	 f10:0x00000000 f31:0x471f1915 x28=0x00000001
     276035.000 ns	     27602	800058bc	03a8bc33	mulhu	x24,x17,x26	 x17:0x00000000 x26:0x00000000 x24=0x00000000
     276055.000 ns	     27604	800058c0	dd623493	sltiu	x9,x4,-554	  x4:0x00000000  x9=0x00000001
     276075.000 ns	     27606	800058c4	c00795d3	fcvt.w.s	x11,f15	 f15:0x7fc00000 x11=0x7fffffff
     276095.000 ns	     27608	800058c8	28263797	auipc	x15,0x28263	 x15=0xa82688c8
     276105.000 ns	     27609	800058cc	c39db213	sltiu	x4,x27,-967	 x27:0x809ce000  x4=0x00000001
     276125.000 ns	     27611	800058d0	c00df0d3	fcvt.w.s	x1,f27	 f27:0x80000000  x1=0x00000000
     276165.000 ns	     27615	800058d4	10fbf553	fmul.s	f10,f23,f15	 f23:0x00000000 f15:0x7fc00000 f10=0x7fc00000
     276195.000 ns	     27618	800058d8	03809133	mulh	x2,x1,x24	  x1:0x00000000 x24:0x00000000  x2=0x00000000
     276565.000 ns	     27655	800058dc	0264d433	divu	x8,x9,x6	  x9:0x00000001  x6:0xfff809ce  x8=0x00000000
     276935.000 ns	     27692	800058e0	02edd2b3	divu	x5,x27,x14	 x27:0x809ce000 x14:0x72cb4a24  x5=0x00000001
     276955.000 ns	     27694	800058e4	40990033	sub	x0,x18,x9	 x18:0x00000001  x9:0x00000001
     276975.000 ns	     27696	800058e8	03bc3633	mulhu	x12,x24,x27	 x24:0x00000000 x27:0x809ce000 x12=0x00000000
     276995.000 ns	     27698	800058ec	85614013	xori	x0,x2,-1962	  x2:0x00000000
     277015.000 ns	     27700	800058f0	02972233	mulhsu	x4,x14,x9	 x14:0x72cb4a24  x9:0x00000001  x4=0x00000000
     277045.000 ns	     27703	800058f4	03e9a933	mulhsu	x18,x19,x30	 x19:0x00000000 x30:0x72cb4ff4 x18=0x00000000
     277095.000 ns	     27708	800058f8	083cce53	fsub.s	f28,f25,f3	 f25:0x36903ff0  f3:0x4efff7d2 f28=0xcefff7d2
     277115.000 ns	     27710	800058fc	cbc8c093	xori	x1,x17,-836	 x17:0x00000000  x1=0xfffffcbc
     277125.000 ns	     27711	80005900	415b0f33	sub	x30,x22,x21	 x22:0x00000000 x21:0x00000000 x30=0x00000000
     277145.000 ns	     27713	80005904	209f2253	fsgnjx.s	f4,f30,f9	 f30:0x7fc00000  f9:0x80000000  f4=0xffc00000
     277175.000 ns	     27716	80005908	a0d78cd3	fle.s	x25,f15,f13	 f15:0x7fc00000 f13:0x00000000 x25=0x00000000
     277195.000 ns	     27718	8000590c	01846433	or	x8,x8,x24	  x8:0x00000000 x24:0x00000000  x8=0x00000000
     277205.000 ns	     27719	80005910	53f4f393	andi	x7,x9,1343	  x9:0x00000001  x7=0x00000001
     277215.000 ns	     27720	80005914	47e16493	ori	x9,x2,1150	  x2:0x00000000  x9=0x0000047e
     277225.000 ns	     27721	80005918	5eacbd13	sltiu	x26,x25,1514	 x25:0x00000000 x26=0x00000001
     277235.000 ns	     27722	8000591c	ff45b893	sltiu	x17,x11,-12	 x11:0x7fffffff x17=0x00000001
     277245.000 ns	     27723	80005920	01c5d333	srl	x6,x11,x28	 x11:0x7fffffff x28:0x00000001  x6=0x3fffffff
     277255.000 ns	     27724	80005924	00e91413	slli	x8,x18,0xe	 x18:0x00000000  x8=0x00000000
     277275.000 ns	     27726	80005928	a06296d3	flt.s	x13,f5,f6	  f5:0x80000000  f6:0x7fc00000 x13=0x00000000
     277295.000 ns	     27728	8000592c	193ac593	xori	x11,x21,403	 x21:0x00000000 x11=0x00000193
     278465.000 ns	     27845	80005930	58007dd3	fsqrt.s	f27,f0	  f0:0x3d9bfea2 f27=0x3e0d4e14
     278495.000 ns	     27848	80005934	e0040fd3	fmv.x.w	x31,f8	  f8:0x00000000 x31=0x00000000
     278525.000 ns	     27851	80005938	207787d3	fsgnj.s	f15,f15,f7	 f15:0x7fc00000  f7:0x00000000 f15=0x7fc00000
     278555.000 ns	     27854	8000593c	f00e80d3	fmv.w.x	f1,x29	 x29:0xffffffff  f1=0xffffffff
     278585.000 ns	     27857	80005940	035c3b33	mulhu	x22,x24,x21	 x24:0x00000000 x21:0x00000000 x22=0x00000000
     278615.000 ns	     27860	80005944	a04f0c53	fle.s	x24,f30,f4	 f30:0x7fc00000  f4:0xffc00000 x24=0x00000000
     278645.000 ns	     27863	80005948	c01dfad3	fcvt.wu.s	x21,f27	 f27:0x3e0d4e14 x21=0x00000000
     278675.000 ns	     27866	8000594c	20558353	fsgnj.s	f6,f11,f5	 f11:0x80000000  f5:0x80000000  f6=0x80000000
     278695.000 ns	     27868	80005950	148b0193	addi	x3,x22,328	 x22:0x00000000  x3=0x00000148
     278705.000 ns	     27869	80005954	20259bb7	lui	x23,0x20259	 x23=0x20259000
     278725.000 ns	     27871	80005958	e00810d3	fclass.s	x1,f16	 f16:0x80000000  x1=0x00000008
     278745.000 ns	     27873	8000595c	8a082493	slti	x9,x16,-1888	 x16:0x80040fe4  x9=0x00000001
     278755.000 ns	     27874	80005960	01dc9333	sll	x6,x25,x29	 x25:0x00000000 x29:0xffffffff  x6=0x00000000
     278775.000 ns	     27876	80005964	29350e53	fmin.s	f28,f10,f19	 f10:0x7fc00000 f19:0x00000000 f28=0x00000000
     278805.000 ns	     27879	80005968	29e90153	fmin.s	f2,f18,f30	 f18:0x7fc00000 f30:0x7fc00000  f2=0x7fc00000
     279175.000 ns	     27916	8000596c	025de9b3	rem	x19,x27,x5	 x27:0x809ce000  x5:0x00000001 x19=0x00000000
     279195.000 ns	     27918	80005970	415edcb3	sra	x25,x29,x21	 x29:0xffffffff x21:0x00000000 x25=0xffffffff
     279225.000 ns	     27921	80005974	5807b0d3	fsqrt.s	f1,f15	 f15:0x7fc00000  f1=0x7fc00000
     279245.000 ns	     27923	80005978	f18e2293	slti	x5,x28,-232	 x28:0x00000001  x5=0x00000000
     279275.000 ns	     27926	8000597c	11340bd3	fmul.s	f23,f8,f19	  f8:0x00000000 f19:0x00000000 f23=0x00000000
     279295.000 ns	     27928	80005980	40ce89b3	sub	x19,x29,x12	 x29:0xffffffff x12:0x00000000 x19=0xffffffff
     279315.000 ns	     27930	80005984	02b036b3	mulhu	x13,x0,x11	  x0:0x00000000 x11:0x00000193 x13=0x00000000
     279685.000 ns	     27967	80005988	02acde33	divu	x28,x25,x10	 x25:0xffffffff x10:0x00000001 x28=0xffffffff
     279705.000 ns	     27969	8000598c	06912797	auipc	x15,0x6912	 x15=0x8691798c
     279725.000 ns	     27971	80005990	033e2db3	mulhsu	x27,x28,x19	 x28:0xffffffff x19:0xffffffff x27=0xffffffff
     280095.000 ns	     28008	80005994	03b573b3	remu	x7,x10,x27	 x10:0x00000001 x27:0x809ce000  x7=0x00000001
     280115.000 ns	     28010	80005998	011b9913	slli	x18,x23,0x11	 x23:0x20259000 x18=0x20000000
     280125.000 ns	     28011	8000599c	0068dd33	srl	x26,x17,x6	 x17:0x00000001  x6:0x00000000 x26=0x00000001
     280145.000 ns	     28013	800059a0	0256f6b3	remu	x13,x13,x5	 x13:0x00000000  x5:0x00000000 x13=0x00000000
     280515.000 ns	     28050	800059a4	0290e9b3	rem	x19,x1,x9	  x1:0x00000008  x9:0x00000001 x19=0x00000000
     280545.000 ns	     28053	800059a8	20db24d3	fsgnjx.s	f9,f22,f13	 f22:0x7f080000 f13:0x00000000  f9=0x7f080000
     280575.000 ns	     28056	800059ac	213a08d3	fsgnj.s	f17,f20,f19	 f20:0x00000000 f19:0x00000000 f17=0x00000000
     280615.000 ns	     28060	800059b0	101530d3	fmul.s	f1,f10,f1	 f10:0x7fc00000  f1:0x7fc00000  f1=0x7fc00000
     280645.000 ns	     28063	800059b4	c01076d3	fcvt.wu.s	x13,f0	  f0:0x3d9bfea2 x13=0x00000000
     280675.000 ns	     28066	800059b8	21169b53	fsgnjn.s	f22,f13,f17	 f13:0x00000000 f17:0x00000000 f22=0x80000000
     280695.000 ns	     28068	800059bc	4100d433	sra	x8,x1,x16	  x1:0x00000008 x16:0x80040fe4  x8=0x00000000
     280715.000 ns	     28070	800059c0	0279abb3	mulhsu	x23,x19,x7	 x19:0x00000000  x7:0x00000001 x23=0x00000000
     280735.000 ns	     28072	800059c4	e7d7c193	xori	x3,x15,-387	 x15:0x8691798c  x3=0x796e87f1
     280745.000 ns	     28073	800059c8	008b7c33	and	x24,x22,x8	 x22:0x00000000  x8:0x00000000 x24=0x00000000
     280755.000 ns	     28074	800059cc	8e74e913	ori	x18,x9,-1817	  x9:0x00000001 x18=0xfffff8e7
     280785.000 ns	     28077	800059d0	198f7753	fdiv.s	f14,f30,f24	 f30:0x7fc00000 f24:0x7f800000 f14=0x7fc00000
     280805.000 ns	     28079	800059d4	00ac8fb3	add	x31,x25,x10	 x25:0xffffffff x10:0x00000001 x31=0x00000000
     280815.000 ns	     28080	800059d8	fbef7293	andi	x5,x30,-66	 x30:0x00000000  x5=0x00000000
     280835.000 ns	     28082	800059dc	a0179bd3	flt.s	x23,f15,f1	 f15:0x7fc00000  f1:0x7fc00000 x23=0x00000000
     280855.000 ns	     28084	800059e0	ce901f97	auipc	x31,0xce901	 x31=0x4e9069e0
     280865.000 ns	     28085	800059e4	017370b3	and	x1,x6,x23	  x6:0x00000000 x23:0x00000000  x1=0x00000000
     280875.000 ns	     28086	800059e8	00000013	addi	x0,x0,0	  x0:0x00000000
     280905.000 ns	     28089	800059ec	580b70d3	fsqrt.s	f1,f22	 f22:0x80000000  f1=0x80000000
     280925.000 ns	     28091	800059f0	006dae13	slti	x28,x27,6	 x27:0xffffffff x28=0x00000001
     280935.000 ns	     28092	800059f4	68c02f93	slti	x31,x0,1676	  x0:0x00000000 x31=0x00000001
     280955.000 ns	     28094	800059f8	214f0053	fsgnj.s	f0,f30,f20	 f30:0x7fc00000 f20:0x00000000  f0=0x7fc00000
     280975.000 ns	     28096	800059fc	41c65f33	sra	x30,x12,x28	 x12:0x00000000 x28:0x00000001 x30=0x00000000
     280985.000 ns	     28097	80005a00	900fdb17	auipc	x22,0x900fd	 x22=0x10102a00
     281005.000 ns	     28099	80005a04	e00999d3	fclass.s	x19,f19	 f19:0x00000000 x19=0x00000010
     281035.000 ns	     28102	80005a08	2003a0d3	fsgnjx.s	f1,f7,f0	  f7:0x00000000  f0:0x7fc00000  f1=0x00000000
     281065.000 ns	     28105	80005a0c	e00701d3	fmv.x.w	x3,f14	 f14:0x7fc00000  x3=0x7fc00000
     281105.000 ns	     28109	80005a10	187e4253	fdiv.s	f4,f28,f7	 f28:0x00000000  f7:0x00000000  f4=0x7fc00000
     281475.000 ns	     28146	80005a14	02ed62b3	rem	x5,x26,x14	 x26:0x00000001 x14:0x72cb4a24  x5=0x00000001
     281495.000 ns	     28148	80005a18	015f3f33	sltu	x30,x30,x21	 x30:0x00000000 x21:0x00000000 x30=0x00000000
     281515.000 ns	     28150	80005a1c	0368b0b3	mulhu	x1,x17,x22	 x17:0x00000001 x22:0x10102a00  x1=0x00000000
     281535.000 ns	     28152	80005a20	00cdbab3	sltu	x21,x27,x12	 x27:0xffffffff x12:0x00000000 x21=0x00000000
     281895.000 ns	     28188	80005a24	027c42b3	div	x5,x24,x7	 x24:0x00000000  x7:0x00000001  x5=0x00000000
     281935.000 ns	     28192	80005a28	580bf4d3	fsqrt.s	f9,f23	 f23:0x00000000  f9=0x00000000
     281965.000 ns	     28195	80005a2c	21ae0853	fsgnj.s	f16,f28,f26	 f28:0x00000000 f26:0x80000000 f16=0x80000000
     281985.000 ns	     28197	80005a30	11a75037	lui	x0,0x11a75	
     281995.000 ns	     28198	80005a34	4019dfb3	sra	x31,x19,x1	 x19:0x00000010  x1:0x00000000 x31=0x00000010
     282005.000 ns	     28199	80005a38	e716ec93	ori	x25,x13,-399	 x13:0x00000000 x25=0xfffffe71
     282015.000 ns	     28200	80005a3c	2fdae013	ori	x0,x21,765	 x21:0x00000000
     282025.000 ns	     28201	80005a40	01d31033	sll	x0,x6,x29	  x6:0x00000000 x29:0xffffffff
     282045.000 ns	     28203	80005a44	c01d8cd3	fcvt.wu.s	x25,f27	 f27:0x3e0d4e14 x25=0x00000000
     282075.000 ns	     28206	80005a48	d0127a53	fcvt.s.wu	f20,x4	  x4:0x00000000 f20=0x00000000
     282115.000 ns	     28210	80005a4c	10611053	fmul.s	f0,f2,f6	  f2:0x7fc00000  f6:0x80000000  f0=0x7fc00000
     282135.000 ns	     28212	80005a50	41125433	sra	x8,x4,x17	  x4:0x00000000 x17:0x00000001  x8=0x00000000
     282155.000 ns	     28214	80005a54	e0078e53	fmv.x.w	x28,f15	 f15:0x7fc00000 x28=0x7fc00000
     282185.000 ns	     28217	80005a58	e0078653	fmv.x.w	x12,f15	 f15:0x7fc00000 x12=0x7fc00000
     282215.000 ns	     28220	80005a5c	e00d87d3	fmv.x.w	x15,f27	 f27:0x3e0d4e14 x15=0x3e0d4e14
     282245.000 ns	     28223	80005a60	03e063b3	rem	x7,x0,x30	  x0:0x00000000 x30:0x00000000  x7=0x00000000
     282275.000 ns	     28226	80005a64	21c493d3	fsgnjn.s	f7,f9,f28	  f9:0x00000000 f28:0x00000000  f7=0x80000000
     282305.000 ns	     28229	80005a68	f0038fd3	fmv.w.x	f31,x7	  x7:0x00000000 f31=0x00000000
     282325.000 ns	     28231	80005a6c	0087dfb3	srl	x31,x15,x8	 x15:0x3e0d4e14  x8:0x00000000 x31=0x3e0d4e14
     282355.000 ns	     28234	80005a70	58081953	fsqrt.s	f18,f16	 f16:0x80000000 f18=0x80000000
     282395.000 ns	     28238	80005a74	184999d3	fdiv.s	f19,f19,f4	 f19:0x00000000  f4:0x7fc00000 f19=0x7fc00000
     282415.000 ns	     28240	80005a78	95aef293	andi	x5,x29,-1702	 x29:0xffffffff  x5=0xfffff95a
     282425.000 ns	     28241	80005a7c	01f0d6b3	srl	x13,x1,x31	  x1:0x00000000 x31:0x3e0d4e14 x13=0x00000000
     282445.000 ns	     28243	80005a80	d006f453	fcvt.s.w	f8,x13	 x13:0x00000000  f8=0x00000000
     282465.000 ns	     28245	80005a84	40425993	srai	x19,x4,0x4	  x4:0x00000000 x19=0x00000000
     282825.000 ns	     28281	80005a88	03ba63b3	rem	x7,x20,x27	 x20:0x80041024 x27:0xffffffff  x7=0x00000000
     283195.000 ns	     28318	80005a8c	03a9f4b3	remu	x9,x19,x26	 x19:0x00000010 x26:0x00000001  x9=0x00000000
     283215.000 ns	     28320	80005a90	00000013	addi	x0,x0,0	  x0:0x00000000
     283245.000 ns	     28323	80005a94	119839d3	fmul.s	f19,f16,f25	 f16:0x80000000 f25:0x36903ff0 f19=0x80000000
     283275.000 ns	     28326	80005a98	025127b3	mulhsu	x15,x2,x5	  x2:0x00000000  x5:0xfffff95a x15=0x00000000
     283305.000 ns	     28329	80005a9c	d0151ed3	fcvt.s.wu	f29,x10	 x10:0x00000001 f29=0x3f800000
     283335.000 ns	     28332	80005aa0	c00271d3	fcvt.w.s	x3,f4	  f4:0x7fc00000  x3=0x7fffffff
     283385.000 ns	     28337	80005aa4	09e0a953	fsub.s	f18,f1,f30	  f1:0x00000000 f30:0x7fc00000 f18=0x7fc00000
     283405.000 ns	     28339	80005aa8	00c103b3	add	x7,x2,x12	  x2:0x00000000 x12:0x7fc00000  x7=0x7fc00000
     283445.000 ns	     28343	80005aac	014dc6d3	fadd.s	f13,f27,f20	 f27:0x3e0d4e14 f20:0x00000000 f13=0x3e0d4e14
     283475.000 ns	     28346	80005ab0	03402cb3	mulhsu	x25,x0,x20	  x0:0x00000000 x20:0x80041024 x25=0x00000000
     283505.000 ns	     28349	80005ab4	f00d8cd3	fmv.w.x	f25,x27	 x27:0xffffffff f25=0xffffffff
     283525.000 ns	     28351	80005ab8	02631e97	auipc	x29,0x2631	 x29=0x82636ab8
     283545.000 ns	     28353	80005abc	2184a553	fsgnjx.s	f10,f9,f24	  f9:0x00000000 f24:0x7f800000 f10=0x00000000
     283595.000 ns	     28358	80005ac0	08947ad3	fsub.s	f21,f8,f9	  f8:0x00000000  f9:0x00000000 f21=0x80000000
     283615.000 ns	     28360	80005ac4	012505b3	add	x11,x10,x18	 x10:0x00000001 x18:0xfffff8e7 x11=0xfffff8e8
     283635.000 ns	     28362	80005ac8	026df2b3	remu	x5,x27,x6	 x27:0xffffffff  x6:0x00000000  x5=0xffffffff
     283665.000 ns	     28365	80005acc	c0097653	fcvt.w.s	x12,f18	 f18:0x7fc00000 x12=0x7fffffff
     283695.000 ns	     28368	80005ad0	e0098953	fmv.x.w	x18,f19	 f19:0x80000000 x18=0x80000000
     283725.000 ns	     28371	80005ad4	03938eb3	mul	x29,x7,x25	  x7:0x7fc00000 x25:0x00000000 x29=0x00000000
     283745.000 ns	     28373	80005ad8	01b60333	add	x6,x12,x27	 x12:0x7fffffff x27:0xffffffff  x6=0x7ffffffe
     283755.000 ns	     28374	80005adc	009ff433	and	x8,x31,x9	 x31:0x3e0d4e14  x9:0x00000000  x8=0x00000000
     283795.000 ns	     28378	80005ae0	09aafad3	fsub.s	f21,f21,f26	 f21:0x80000000 f26:0x80000000 f21=0x00000000
     283845.000 ns	     28383	80005ae4	01051753	fadd.s	f14,f10,f16	 f10:0x00000000 f16:0x80000000 f14=0x80000000
     283875.000 ns	     28386	80005ae8	02dd1133	mulh	x2,x26,x13	 x26:0x00000001 x13:0x00000000  x2=0x00000000
     283895.000 ns	     28388	80005aec	00d8f5b3	and	x11,x17,x13	 x17:0x00000001 x13:0x00000000 x11=0x00000000
     283915.000 ns	     28390	80005af0	a0201553	flt.s	x10,f0,f2	  f0:0x7fc00000  f2:0x7fc00000 x10=0x00000000
     283945.000 ns	     28393	80005af4	21bea953	fsgnjx.s	f18,f29,f27	 f29:0x3f800000 f27:0x3e0d4e14 f18=0x3f800000
     283975.000 ns	     28396	80005af8	28a08d53	fmin.s	f26,f1,f10	  f1:0x00000000 f10:0x00000000 f26=0x00000000
     284005.000 ns	     28399	80005afc	e00c18d3	fclass.s	x17,f24	 f24:0x7f800000 x17=0x00000080
     284035.000 ns	     28402	80005b00	021d37b3	mulhu	x15,x26,x1	 x26:0x00000001  x1:0x00000000 x15=0x00000000
     284065.000 ns	     28405	80005b04	20108b53	fsgnj.s	f22,f1,f1	  f1:0x00000000  f1:0x00000000 f22=0x00000000
     284085.000 ns	     28407	80005b08	8a6f8037	lui	x0,0x8a6f8	
     284095.000 ns	     28408	80005b0c	014e0933	add	x18,x28,x20	 x28:0x7fc00000 x20:0x80041024 x18=0xffc41024
     284105.000 ns	     28409	80005b10	a3666e37	lui	x28,0xa3666	 x28=0xa3666000
     284115.000 ns	     28410	80005b14	00000013	addi	x0,x0,0	  x0:0x00000000
     284135.000 ns	     28412	80005b18	d0089a53	fcvt.s.w	f20,x17	 x17:0x00000080 f20=0x43000000
     284155.000 ns	     28414	80005b1c	0175f9b3	and	x19,x11,x23	 x11:0x00000000 x23:0x00000000 x19=0x00000000
     284185.000 ns	     28417	80005b20	1910cb53	fdiv.s	f22,f1,f17	  f1:0x00000000 f17:0x00000000 f22=0x7fc00000
     284215.000 ns	     28420	80005b24	c004a8d3	fcvt.w.s	x17,f9	  f9:0x00000000 x17=0x00000000
     284235.000 ns	     28422	80005b28	9228e593	ori	x11,x17,-1758	 x17:0x00000080 x11=0xfffff922
     284245.000 ns	     28423	80005b2c	1fa4bf17	auipc	x30,0x1fa4b	 x30=0x9fa50b2c
     284265.000 ns	     28425	80005b30	21fa83d3	fsgnj.s	f7,f21,f31	 f21:0x00000000 f31:0x00000000  f7=0x00000000
     284295.000 ns	     28428	80005b34	d0187a53	fcvt.s.wu	f20,x16	 x16:0x80040fe4 f20=0x4f00040f
     284335.000 ns	     28432	80005b38	58017153	fsqrt.s	f2,f2	  f2:0x7fc00000  f2=0x7fc00000
     284365.000 ns	     28435	80005b3c	21f68fd3	fsgnj.s	f31,f13,f31	 f13:0x3e0d4e14 f31:0x00000000 f31=0x3e0d4e14
     284385.000 ns	     28437	80005b40	d0dadcb7	lui	x25,0xd0dad	 x25=0xd0dad000
     284395.000 ns	     28438	80005b44	5a54a613	slti	x12,x9,1445	  x9:0x00000000 x12=0x00000001
     284415.000 ns	     28440	80005b48	c00ff353	fcvt.w.s	x6,f31	 f31:0x3e0d4e14  x6=0x00000000
     284435.000 ns	     28442	80005b4c	0038fd33	and	x26,x17,x3	 x17:0x00000000  x3:0x7fffffff x26=0x00000000
     284455.000 ns	     28444	80005b50	280685d3	fmin.s	f11,f13,f0	 f13:0x3e0d4e14  f0:0x7fc00000 f11=0x3e0d4e14
     284475.000 ns	     28446	80005b54	bb37a413	slti	x8,x15,-1101	 x15:0x00000000  x8=0x00000000
     284495.000 ns	     28448	80005b58	c00a7653	fcvt.w.s	x12,f20	 f20:0x4f00040f x12=0x7fffffff
     284525.000 ns	     28451	80005b5c	03cc0eb3	mul	x29,x24,x28	 x24:0x00000000 x28:0xa3666000 x29=0x00000000
     284555.000 ns	     28454	80005b60	c0187ad3	fcvt.wu.s	x21,f16	 f16:0x80000000 x21=0x00000000
     284575.000 ns	     28456	80005b64	00843fb3	sltu	x31,x8,x8	  x8:0x00000000  x8:0x00000000 x31=0x00000000
     284585.000 ns	     28457	80005b68	c07fc913	xori	x18,x31,-1017	 x31:0x3e0d4e14 x18=0xfffffc07
     284595.000 ns	     28458	80005b6c	00fb9893	slli	x17,x23,0xf	 x23:0x00000000 x17=0x00000000
     284605.000 ns	     28459	80005b70	41258fb3	sub	x31,x11,x18	 x11:0xfffff922 x18:0xffc41024 x31=0xfffffd1b
     284625.000 ns	     28461	80005b74	c014add3	fcvt.wu.s	x27,f9	  f9:0x00000000 x27=0x00000000
     284655.000 ns	     28464	80005b78	029e13b3	mulh	x7,x28,x9	 x28:0xa3666000  x9:0x00000000  x7=0x00000000
     284675.000 ns	     28466	80005b7c	0053d013	srli	x0,x7,0x5	  x7:0x7fc00000
     284695.000 ns	     28468	80005b80	d0119d53	fcvt.s.wu	f26,x3	  x3:0x7fffffff f26=0x4effffff
     284725.000 ns	     28471	80005b84	038a1eb3	mulh	x29,x20,x24	 x20:0x80041024 x24:0x00000000 x29=0x00000000
     284755.000 ns	     28474	80005b88	03d51c33	mulh	x24,x10,x29	 x10:0x00000000 x29:0x00000000 x24=0x00000000
     284785.000 ns	     28477	80005b8c	2108a753	fsgnjx.s	f14,f17,f16	 f17:0x00000000 f16:0x80000000 f14=0x80000000
     284815.000 ns	     28480	80005b90	03ad8533	mul	x10,x27,x26	 x27:0x00000000 x26:0x00000000 x10=0x00000000
     284835.000 ns	     28482	80005b94	00a9dc33	srl	x24,x19,x10	 x19:0x00000000 x10:0x00000000 x24=0x00000000
     284845.000 ns	     28483	80005b98	1cdff793	andi	x15,x31,461	 x31:0xfffffd1b x15=0x00000109
     284875.000 ns	     28486	80005b9c	18671453	fdiv.s	f8,f14,f6	 f14:0x80000000  f6:0x80000000  f8=0x7fc00000
     284915.000 ns	     28490	80005ba0	102e9bd3	fmul.s	f23,f29,f2	 f29:0x3f800000  f2:0x7fc00000 f23=0x7fc00000
     284935.000 ns	     28492	80005ba4	c93d3c17	auipc	x24,0xc93d3	 x24=0x493d8ba4
     284955.000 ns	     28494	80005ba8	20268753	fsgnj.s	f14,f13,f2	 f13:0x3e0d4e14  f2:0x7fc00000 f14=0x3e0d4e14
     284975.000 ns	     28496	80005bac	01732bb3	slt	x23,x6,x23	  x6:0x00000000 x23:0x00000000 x23=0x00000000
     284995.000 ns	     28498	80005bb0	20bb22d3	fsgnjx.s	f5,f22,f11	 f22:0x7fc00000 f11:0x3e0d4e14  f5=0x7fc00000
     285025.000 ns	     28501	80005bb4	a1b191d3	flt.s	x3,f3,f27	  f3:0x4efff7d2 f27:0x3e0d4e14  x3=0x00000000
     285395.000 ns	     28538	80005bb8	032cf433	remu	x8,x25,x18	 x25:0xd0dad000 x18:0xfffffc07  x8=0xd0dad000
     285425.000 ns	     28541	80005bbc	c01470d3	fcvt.wu.s	x1,f8	  f8:0x7fc00000  x1=0xffffffff
     285795.000 ns	     28578	80005bc0	03685ab3	divu	x21,x16,x22	 x16:0x80040fe4 x22:0x10102a00 x21=0x00000007
     285815.000 ns	     28580	80005bc4	87f13c13	sltiu	x24,x2,-1921	  x2:0x00000000 x24=0x00000001
     285835.000 ns	     28582	80005bc8	a0ffa5d3	feq.s	x11,f31,f15	 f31:0x3e0d4e14 f15:0x7fc00000 x11=0x00000000
     285855.000 ns	     28584	80005bcc	60e46913	ori	x18,x8,1550	  x8:0xd0dad000 x18=0xd0dad60e
     285865.000 ns	     28585	80005bd0	00bbb133	sltu	x2,x23,x11	 x23:0x00000000 x11:0x00000000  x2=0x00000000
     286225.000 ns	     28621	80005bd4	035f7633	remu	x12,x30,x21	 x30:0x9fa50b2c x21:0x00000007 x12=0x00000003
     286275.000 ns	     28626	80005bd8	01519853	fadd.s	f16,f3,f21	  f3:0x4efff7d2 f21:0x00000000 f16=0x4efff7d2
     286305.000 ns	     28629	80005bdc	02b71033	mulh	x0,x14,x11	 x14:0x72cb4a24 x11:0x00000000
     286335.000 ns	     28632	80005be0	21179a53	fsgnjn.s	f20,f15,f17	 f15:0x7fc00000 f17:0x00000000 f20=0xffc00000
     286365.000 ns	     28635	80005be4	20a11553	fsgnjn.s	f10,f2,f10	  f2:0x7fc00000 f10:0x00000000 f10=0xffc00000
     286395.000 ns	     28638	80005be8	d01cb3d3	fcvt.s.wu	f7,x25	 x25:0xd0dad000  f7=0x4f50dad0
     286415.000 ns	     28640	80005bec	a39f5c37	lui	x24,0xa39f5	 x24=0xa39f5000
     286425.000 ns	     28641	80005bf0	00121413	slli	x8,x4,0x1	  x4:0x00000000  x8=0x00000000
     286445.000 ns	     28643	80005bf4	0284d4b3	divu	x9,x9,x8	  x9:0x00000000  x8:0xd0dad000  x9=0xffffffff
     286475.000 ns	     28646	80005bf8	f0050ad3	fmv.w.x	f21,x10	 x10:0x00000000 f21=0x00000000
     286495.000 ns	     28648	80005bfc	00a5e4b3	or	x9,x11,x10	 x11:0x00000000 x10:0x00000000  x9=0x00000000
     286515.000 ns	     28650	80005c00	e0080053	fmv.x.w	x0,f16	 f16:0x4efff7d2
     286545.000 ns	     28653	80005c04	03a010b3	mulh	x1,x0,x26	  x0:0x00000000 x26:0x00000000  x1=0x00000000
     286575.000 ns	     28656	80005c08	02532eb3	mulhsu	x29,x6,x5	  x6:0x00000000  x5:0xffffffff x29=0x00000000
     286605.000 ns	     28659	80005c0c	0208b033	mulhu	x0,x17,x0	 x17:0x00000000  x0:0x00000000
     286625.000 ns	     28661	80005c10	3e3e5d97	auipc	x27,0x3e3e5	 x27=0xbe3eac10
     286645.000 ns	     28663	80005c14	02731133	mulh	x2,x6,x7	  x6:0x00000000  x7:0x00000000  x2=0x00000000
     286675.000 ns	     28666	80005c18	c01076d3	fcvt.wu.s	x13,f0	  f0:0x7fc00000 x13=0xffffffff
     286695.000 ns	     28668	80005c1c	01929bb3	sll	x23,x5,x25	  x5:0xffffffff x25:0xd0dad000 x23=0xffffffff
     286715.000 ns	     28670	80005c20	a0438153	fle.s	x2,f7,f4	  f7:0x4f50dad0  f4:0x7fc00000  x2=0x00000000
     287085.000 ns	     28707	80005c24	0370dfb3	divu	x31,x1,x23	  x1:0x00000000 x23:0x00000000 x31=0x00000000
     287115.000 ns	     28710	80005c28	02e22133	mulhsu	x2,x4,x14	  x4:0x00000000 x14:0x72cb4a24  x2=0x00000000
     287135.000 ns	     28712	80005c2c	4aeda537	lui	x10,0x4aeda	 x10=0x4aeda000
     287155.000 ns	     28714	80005c30	c00846d3	fcvt.w.s	x13,f16	 f16:0x4efff7d2 x13=0x7ffbe900
     287185.000 ns	     28717	80005c34	a11d1653	flt.s	x12,f26,f17	 f26:0x4effffff f17:0x00000000 x12=0x00000000
     287205.000 ns	     28719	80005c38	f5ee7c13	andi	x24,x28,-162	 x28:0xa3666000 x24=0xa3666000
     287225.000 ns	     28721	80005c3c	28528f53	fmin.s	f30,f5,f5	  f5:0x7fc00000  f5:0x7fc00000 f30=0x7fc00000
     287245.000 ns	     28723	80005c40	017957b3	srl	x15,x18,x23	 x18:0xd0dad60e x23:0xffffffff x15=0x00000001
     287255.000 ns	     28724	80005c44	013038b3	sltu	x17,x0,x19	  x0:0x00000000 x19:0x00000000 x17=0x00000000
     287265.000 ns	     28725	80005c48	00827633	and	x12,x4,x8	  x4:0x00000000  x8:0x00000000 x12=0x00000000
     287275.000 ns	     28726	80005c4c	00baafb3	slt	x31,x21,x11	 x21:0x00000007 x11:0x00000000 x31=0x00000000
     287635.000 ns	     28762	80005c50	03795e33	divu	x28,x18,x23	 x18:0xd0dad60e x23:0xffffffff x28=0x00000000
     287665.000 ns	     28765	80005c54	29d40dd3	fmin.s	f27,f8,f29	  f8:0x7fc00000 f29:0x3f800000 f27=0x3f800000
     287715.000 ns	     28770	80005c58	08be7753	fsub.s	f14,f28,f11	 f28:0x00000000 f11:0x3e0d4e14 f14=0xbe0d4e14
     287745.000 ns	     28773	80005c5c	0245f8b3	remu	x17,x11,x4	 x11:0x00000000  x4:0x00000000 x17=0x00000000
     287795.000 ns	     28778	80005c60	080508d3	fsub.s	f17,f10,f0	 f10:0xffc00000  f0:0x7fc00000 f17=0x7fc00000
     287825.000 ns	     28781	80005c64	29f79ed3	fmax.s	f29,f15,f31	 f15:0x7fc00000 f31:0x3e0d4e14 f29=0x3e0d4e14
     287845.000 ns	     28783	80005c68	013da033	slt	x0,x27,x19	 x27:0xbe3eac10 x19:0x00000000
     287855.000 ns	     28784	80005c6c	97d60013	addi	x0,x12,-1667	 x12:0x00000000
     287875.000 ns	     28786	80005c70	d013f1d3	fcvt.s.wu	f3,x7	  x7:0x00000000  f3=0x00000000
     287905.000 ns	     28789	80005c74	02626933	rem	x18,x4,x6	  x4:0x00000000  x6:0x00000000 x18=0x00000000
     287935.000 ns	     28792	80005c78	031c1933	mulh	x18,x24,x17	 x24:0xa3666000 x17:0x00000000 x18=0x00000000
     287965.000 ns	     28795	80005c7c	02fdbb33	mulhu	x22,x27,x15	 x27:0xbe3eac10 x15:0x00000001 x22=0x00000000
     287995.000 ns	     28798	80005c80	03387ab3	remu	x21,x16,x19	 x16:0x80040fe4 x19:0x00000000 x21=0x80040fe4
     288025.000 ns	     28801	80005c84	c01583d3	fcvt.wu.s	x7,f11	 f11:0x3e0d4e14  x7=0x00000000
     288055.000 ns	     28804	80005c88	025015b3	mulh	x11,x0,x5	  x0:0x00000000  x5:0xffffffff x11=0x00000000
     288085.000 ns	     28807	80005c8c	e00c8c53	fmv.x.w	x24,f25	 f25:0xffffffff x24=0xffffffff
     288135.000 ns	     28812	80005c90	08947553	fsub.s	f10,f8,f9	  f8:0x7fc00000  f9:0x00000000 f10=0x7fc00000
     288155.000 ns	     28814	80005c94	419ede93	srai	x29,x29,0x19	 x29:0x00000000 x29=0x00000000
     288165.000 ns	     28815	80005c98	f5c1b693	sltiu	x13,x3,-164	  x3:0x00000000 x13=0x00000001
     288175.000 ns	     28816	80005c9c	00f61a93	slli	x21,x12,0xf	 x12:0x00000000 x21=0x00000000
     288185.000 ns	     28817	80005ca0	013a3bb3	sltu	x23,x20,x19	 x20:0x80041024 x19:0x00000000 x23=0x00000000
     288215.000 ns	     28820	80005ca4	116687d3	fmul.s	f15,f13,f22	 f13:0x3e0d4e14 f22:0x7fc00000 f15=0x7fc00000
     288235.000 ns	     28822	80005ca8	73822f13	slti	x30,x4,1848	  x4:0x00000000 x30=0x00000001
     288245.000 ns	     28823	80005cac	2464ab93	slti	x23,x9,582	  x9:0x00000000 x23=0x00000001
     288255.000 ns	     28824	80005cb0	01ebbb33	sltu	x22,x23,x30	 x23:0x00000000 x30:0x9fa50b2c x22=0x00000000
     288275.000 ns	     28826	80005cb4	d00670d3	fcvt.s.w	f1,x12	 x12:0x00000000  f1=0x00000000
     288305.000 ns	     28829	80005cb8	29571353	fmax.s	f6,f14,f21	 f14:0xbe0d4e14 f21:0x00000000  f6=0x00000000
     288345.000 ns	     28833	80005cbc	10ac2ad3	fmul.s	f21,f24,f10	 f24:0x7f800000 f10:0x7fc00000 f21=0x7fc00000
     288365.000 ns	     28835	80005cc0	01f71e33	sll	x28,x14,x31	 x14:0x72cb4a24 x31:0x00000000 x28=0x72cb4a24
     288375.000 ns	     28836	80005cc4	4052d593	srai	x11,x5,0x5	  x5:0xffffffff x11=0xffffffff
     288405.000 ns	     28839	80005cc8	18b10453	fdiv.s	f8,f2,f11	  f2:0x7fc00000 f11:0x3e0d4e14  f8=0x7fc00000
     288435.000 ns	     28842	80005ccc	a12fae53	feq.s	x28,f31,f18	 f31:0x3e0d4e14 f18:0x3f800000 x28=0x00000000
     288455.000 ns	     28844	80005cd0	0dc9c417	auipc	x8,0xdc9c	  x8=0x8dca1cd0
     288475.000 ns	     28846	80005cd4	a1c4a8d3	feq.s	x17,f9,f28	  f9:0x00000000 f28:0x00000000 x17=0x00000001
     288495.000 ns	     28848	80005cd8	d8833513	sltiu	x10,x6,-632	  x6:0x00000000 x10=0x00000001
     288515.000 ns	     28850	80005cdc	03359db3	mulh	x27,x11,x19	 x11:0xffffffff x19:0x00000000 x27=0x00000000
     288545.000 ns	     28853	80005ce0	024de033	rem	x0,x27,x4	 x27:0xbe3eac10  x4:0x00000000
     288575.000 ns	     28856	80005ce4	a17517d3	flt.s	x15,f10,f23	 f10:0x7fc00000 f23:0x7fc00000 x15=0x00000000
     288595.000 ns	     28858	80005ce8	012a5393	srli	x7,x20,0x12	 x20:0x80041024  x7=0x00002001
     288605.000 ns	     28859	80005cec	41f80d33	sub	x26,x16,x31	 x16:0x80040fe4 x31:0x00000000 x26=0x80040fe4
     288625.000 ns	     28861	80005cf0	20172053	fsgnjx.s	f0,f14,f1	 f14:0xbe0d4e14  f1:0x00000000  f0=0xbe0d4e14
     288655.000 ns	     28864	80005cf4	02231f33	mulh	x30,x6,x2	  x6:0x00000000  x2:0x00000000 x30=0x00000000
     288695.000 ns	     28868	80005cf8	190b46d3	fdiv.s	f13,f22,f16	 f22:0x7fc00000 f16:0x4efff7d2 f13=0x7fc00000
     288725.000 ns	     28871	80005cfc	f0008853	fmv.w.x	f16,x1	  x1:0x00000000 f16=0x00000000
     288755.000 ns	     28874	80005d00	03cfab33	mulhsu	x22,x31,x28	 x31:0x00000000 x28:0x00000000 x22=0x00000000
     288785.000 ns	     28877	80005d04	f0070ed3	fmv.w.x	f29,x14	 x14:0x72cb4a24 f29=0x72cb4a24
     288815.000 ns	     28880	80005d08	02fd05b3	mul	x11,x26,x15	 x26:0x80040fe4 x15:0x00000000 x11=0x00000000
     288855.000 ns	     28884	80005d0c	19387ad3	fdiv.s	f21,f16,f19	 f16:0x00000000 f19:0x80000000 f21=0x7fc00000
     288885.000 ns	     28887	80005d10	20a4a153	fsgnjx.s	f2,f9,f10	  f9:0x00000000 f10:0x7fc00000  f2=0x00000000
     288935.000 ns	     28892	80005d14	01078053	fadd.s	f0,f15,f16	 f15:0x7fc00000 f16:0x00000000  f0=0x7fc00000
     288955.000 ns	     28894	80005d18	f74bff93	andi	x31,x23,-140	 x23:0x00000001 x31=0x00000000
     288975.000 ns	     28896	80005d1c	03534033	div	x0,x6,x21	  x6:0x00000000 x21:0x00000000
     289015.000 ns	     28900	80005d20	58017853	fsqrt.s	f16,f2	  f2:0x00000000 f16=0x00000000
     289045.000 ns	     28903	80005d24	024224b3	mulhsu	x9,x4,x4	  x4:0x00000000  x4:0x00000000  x9=0x00000000
     289075.000 ns	     28906	80005d28	20e892d3	fsgnjn.s	f5,f17,f14	 f17:0x7fc00000 f14:0xbe0d4e14  f5=0x7fc00000
     289095.000 ns	     28908	80005d2c	000e3cb3	sltu	x25,x28,x0	 x28:0x00000000  x0:0x00000000 x25=0x00000000
     289105.000 ns	     28909	80005d30	01a91293	slli	x5,x18,0x1a	 x18:0x00000000  x5=0x00000000
     289115.000 ns	     28910	80005d34	85d5e593	ori	x11,x11,-1955	 x11:0x00000000 x11=0xfffff85d
     289145.000 ns	     28913	80005d38	58098ed3	fsqrt.s	f29,f19	 f19:0x80000000 f29=0x80000000
     289195.000 ns	     28918	80005d3c	000d0953	fadd.s	f18,f26,f0	 f26:0x4effffff  f0:0x7fc00000 f18=0x7fc00000
     289215.000 ns	     28920	80005d40	288cbe93	sltiu	x29,x25,648	 x25:0x00000000 x29=0x00000001
     289225.000 ns	     28921	80005d44	01e013b3	sll	x7,x0,x30	  x0:0x00000000 x30:0x00000000  x7=0x00000000
     289245.000 ns	     28923	80005d48	21d312d3	fsgnjn.s	f5,f6,f29	  f6:0x00000000 f29:0x80000000  f5=0x00000000
     289275.000 ns	     28926	80005d4c	039a5333	divu	x6,x20,x25	 x20:0x80041024 x25:0x00000000  x6=0xffffffff
     289305.000 ns	     28929	80005d50	28f58353	fmin.s	f6,f11,f15	 f11:0x3e0d4e14 f15:0x7fc00000  f6=0x3e0d4e14
     289335.000 ns	     28932	80005d54	c0099b53	fcvt.w.s	x22,f19	 f19:0x80000000 x22=0x00000000
     289365.000 ns	     28935	80005d58	21d605d3	fsgnj.s	f11,f12,f29	 f12:0x00000000 f29:0x80000000 f11=0x80000000
     289415.000 ns	     28940	80005d5c	01e7f153	fadd.s	f2,f15,f30	 f15:0x7fc00000 f30:0x7fc00000  f2=0x7fc00000
     289445.000 ns	     28943	80005d60	a1b8a8d3	feq.s	x17,f17,f27	 f17:0x7fc00000 f27:0x3f800000 x17=0x00000000
     289475.000 ns	     28946	80005d64	025bd533	divu	x10,x23,x5	 x23:0x00000001  x5:0x00000000 x10=0xffffffff
     289505.000 ns	     28949	80005d68	21711cd3	fsgnjn.s	f25,f2,f23	  f2:0x7fc00000 f23:0x7fc00000 f25=0xffc00000
     289525.000 ns	     28951	80005d6c	011334b3	sltu	x9,x6,x17	  x6:0xffffffff x17:0x00000000  x9=0x00000000
     289545.000 ns	     28953	80005d70	a1c81253	flt.s	x4,f16,f28	 f16:0x00000000 f28:0x00000000  x4=0x00000000
     289575.000 ns	     28956	80005d74	03e7e933	rem	x18,x15,x30	 x15:0x00000000 x30:0x00000000 x18=0x00000000
     289595.000 ns	     28958	80005d78	41c75bb3	sra	x23,x14,x28	 x14:0x72cb4a24 x28:0x00000000 x23=0x72cb4a24
     289605.000 ns	     28959	80005d7c	40d6d913	srai	x18,x13,0xd	 x13:0x00000001 x18=0x00000000
     289625.000 ns	     28961	80005d80	a0252fd3	feq.s	x31,f10,f2	 f10:0x7fc00000  f2:0x7fc00000 x31=0x00000000
     289655.000 ns	     28964	80005d84	03e05033	divu	x0,x0,x30	  x0:0x00000000 x30:0x00000000
     289685.000 ns	     28967	80005d88	038191b3	mulh	x3,x3,x24	  x3:0x00000000 x24:0xffffffff  x3=0x00000000
     289705.000 ns	     28969	80005d8c	00dfef33	or	x30,x31,x13	 x31:0x00000000 x13:0x00000001 x30=0x00000001
     289725.000 ns	     28971	80005d90	02d689b3	mul	x19,x13,x13	 x13:0x00000001 x13:0x00000001 x19=0x00000001
     289765.000 ns	     28975	80005d94	1143f853	fmul.s	f16,f7,f20	  f7:0x4f50dad0 f20:0xffc00000 f16=0x7fc00000
     289795.000 ns	     28978	80005d98	a0cd1b53	flt.s	x22,f26,f12	 f26:0x4effffff f12:0x00000000 x22=0x00000000
     289825.000 ns	     28981	80005d9c	29c08153	fmin.s	f2,f1,f28	  f1:0x00000000 f28:0x00000000  f2=0x00000000
     289845.000 ns	     28983	80005da0	01f76233	or	x4,x14,x31	 x14:0x72cb4a24 x31:0x00000000  x4=0x72cb4a24
     289855.000 ns	     28984	80005da4	14afa393	slti	x7,x31,330	 x31:0x00000000  x7=0x00000001
     289875.000 ns	     28986	80005da8	291280d3	fmin.s	f1,f5,f17	  f5:0x00000000 f17:0x7fc00000  f1=0x00000000
     289895.000 ns	     28988	80005dac	012de4b3	or	x9,x27,x18	 x27:0x00000000 x18:0x00000000  x9=0x00000000
     289915.000 ns	     28990	80005db0	028d2cb3	mulhsu	x25,x26,x8	 x26:0x80040fe4  x8:0x8dca1cd0 x25=0xb91d318d
     289945.000 ns	     28993	80005db4	d0177ed3	fcvt.s.wu	f29,x14	 x14:0x72cb4a24 f29=0x4ee59694
     289965.000 ns	     28995	80005db8	0334e593	ori	x11,x9,51	  x9:0x00000000 x11=0x00000033
     290005.000 ns	     28999	80005dbc	003e3453	fadd.s	f8,f28,f3	 f28:0x00000000  f3:0x00000000  f8=0x00000000
     290035.000 ns	     29002	80005dc0	c0124b53	fcvt.wu.s	x22,f4	  f4:0x7fc00000 x22=0xffffffff
     290065.000 ns	     29005	80005dc4	e00c96d3	fclass.s	x13,f25	 f25:0xffc00000 x13=0x00000200
     290105.000 ns	     29009	80005dc8	580a1bd3	fsqrt.s	f23,f20	 f20:0xffc00000 f23=0x7fc00000
     290125.000 ns	     29011	80005dcc	41015933	sra	x18,x2,x16	  x2:0x00000000 x16:0x80040fe4 x18=0x00000000
     290145.000 ns	     29013	80005dd0	0395b9b3	mulhu	x19,x11,x25	 x11:0x00000033 x25:0xb91d318d x19=0x00000024
     290175.000 ns	     29016	80005dd4	d000f9d3	fcvt.s.w	f19,x1	  x1:0x00000000 f19=0x00000000
     290205.000 ns	     29019	80005dd8	293109d3	fmin.s	f19,f2,f19	  f2:0x00000000 f19:0x80000000 f19=0x00000000
     290235.000 ns	     29022	80005ddc	02589db3	mulh	x27,x17,x5	 x17:0x00000000  x5:0x00000000 x27=0x00000000
     290275.000 ns	     29026	80005de0	18e7fcd3	fdiv.s	f25,f15,f14	 f15:0x7fc00000 f14:0xbe0d4e14 f25=0x7fc00000
     290305.000 ns	     29029	80005de4	28f58f53	fmin.s	f30,f11,f15	 f11:0x80000000 f15:0x7fc00000 f30=0x80000000
     290335.000 ns	     29032	80005de8	c018f8d3	fcvt.wu.s	x17,f17	 f17:0x7fc00000 x17=0xffffffff
     290365.000 ns	     29035	80005dec	0289b9b3	mulhu	x19,x19,x8	 x19:0x00000024  x8:0x8dca1cd0 x19=0x00000013
     290385.000 ns	     29037	80005df0	01bdc533	xor	x10,x27,x27	 x27:0x00000000 x27:0x00000000 x10=0x00000000
     290425.000 ns	     29041	80005df4	0883f053	fsub.s	f0,f7,f8	  f7:0x4f50dad0  f8:0x00000000  f0=0x4f50dad0
     290455.000 ns	     29044	80005df8	d01a7553	fcvt.s.wu	f10,x20	 x20:0x80041024 f10=0x4f000410
     290475.000 ns	     29046	80005dfc	00c71b93	slli	x23,x14,0xc	 x14:0x72cb4a24 x23=0xb4a24000
     290485.000 ns	     29047	80005e00	491d0493	addi	x9,x26,1169	 x26:0x80040fe4  x9=0x80041475
     290505.000 ns	     29049	80005e04	21cea9d3	fsgnjx.s	f19,f29,f28	 f29:0x4ee59694 f28:0x00000000 f19=0x4ee59694
     290525.000 ns	     29051	80005e08	4191db33	sra	x22,x3,x25	  x3:0x00000000 x25:0xb91d318d x22=0x00000000
     290535.000 ns	     29052	80005e0c	011118b3	sll	x17,x2,x17	  x2:0x00000000 x17:0xffffffff x17=0x00000000
     290555.000 ns	     29054	80005e10	29d59a53	fmax.s	f20,f11,f29	 f11:0x80000000 f29:0x4ee59694 f20=0x4ee59694
     290585.000 ns	     29057	80005e14	021c9f33	mulh	x30,x25,x1	 x25:0xb91d318d  x1:0x00000000 x30=0x00000000
     290615.000 ns	     29060	80005e18	e0089fd3	fclass.s	x31,f17	 f17:0x7fc00000 x31=0x00000200
     290645.000 ns	     29063	80005e1c	02a733b3	mulhu	x7,x14,x10	 x14:0x72cb4a24 x10:0x00000000  x7=0x00000000
     290675.000 ns	     29066	80005e20	207c10d3	fsgnjn.s	f1,f24,f7	 f24:0x7f800000  f7:0x4f50dad0  f1=0xff800000
     290695.000 ns	     29068	80005e24	00af7533	and	x10,x30,x10	 x30:0x00000000 x10:0x00000000 x10=0x00000000
     290705.000 ns	     29069	80005e28	18c7c113	xori	x2,x15,396	 x15:0x00000000  x2=0x0000018c
     290735.000 ns	     29072	80005e2c	11ea10d3	fmul.s	f1,f20,f30	 f20:0x4ee59694 f30:0x80000000  f1=0x80000000
     290755.000 ns	     29074	80005e30	fcecc013	xori	x0,x25,-50	 x25:0xb91d318d
     290765.000 ns	     29075	80005e34	07823b93	sltiu	x23,x4,120	  x4:0x72cb4a24 x23=0x00000000
     290775.000 ns	     29076	80005e38	40915113	srai	x2,x2,0x9	  x2:0x0000018c  x2=0x00000000
     290795.000 ns	     29078	80005e3c	a1caac53	feq.s	x24,f21,f28	 f21:0x7fc00000 f28:0x00000000 x24=0x00000000
     290815.000 ns	     29080	80005e40	a5f0ce13	xori	x28,x1,-1441	  x1:0x00000000 x28=0xfffffa5f
     290825.000 ns	     29081	80005e44	01b6df93	srli	x31,x13,0x1b	 x13:0x00000200 x31=0x00000000
     290835.000 ns	     29082	80005e48	30f8c893	xori	x17,x17,783	 x17:0x00000000 x17=0x0000030f
     290845.000 ns	     29083	80005e4c	0186c933	xor	x18,x13,x24	 x13:0x00000200 x24:0x00000000 x18=0x00000200
     290865.000 ns	     29085	80005e50	03ee2b33	mulhsu	x22,x28,x30	 x28:0xfffffa5f x30:0x00000000 x22=0x00000000
     290895.000 ns	     29088	80005e54	a1620453	fle.s	x8,f4,f22	  f4:0x7fc00000 f22:0x7fc00000  x8=0x00000000
     290915.000 ns	     29090	80005e58	0455e417	auipc	x8,0x455e	  x8=0x84563e58
     290925.000 ns	     29091	80005e5c	0145e333	or	x6,x11,x20	 x11:0x00000033 x20:0x80041024  x6=0x80041037
     290935.000 ns	     29092	80005e60	01b5a7b3	slt	x15,x11,x27	 x11:0x00000033 x27:0x00000000 x15=0x00000000
     290945.000 ns	     29093	80005e64	40365033	sra	x0,x12,x3	 x12:0x00000000  x3:0x00000000
     290965.000 ns	     29095	80005e68	02e73633	mulhu	x12,x14,x14	 x14:0x72cb4a24 x14:0x72cb4a24 x12=0x3379af76
     290995.000 ns	     29098	80005e6c	e0079653	fclass.s	x12,f15	 f15:0x7fc00000 x12=0x00000200
     291025.000 ns	     29101	80005e70	29f29fd3	fmax.s	f31,f5,f31	  f5:0x00000000 f31:0x3e0d4e14 f31=0x3e0d4e14
     291045.000 ns	     29103	80005e74	01f6e2b3	or	x5,x13,x31	 x13:0x00000200 x31:0x00000000  x5=0x00000200
     291065.000 ns	     29105	80005e78	21d21fd3	fsgnjn.s	f31,f4,f29	  f4:0x7fc00000 f29:0x4ee59694 f31=0xffc00000
     291115.000 ns	     29110	80005e7c	00ce2753	fadd.s	f14,f28,f12	 f28:0x00000000 f12:0x00000000 f14=0x00000000
     291145.000 ns	     29113	80005e80	a03d0bd3	fle.s	x23,f26,f3	 f26:0x4effffff  f3:0x00000000 x23=0x00000000
     291175.000 ns	     29116	80005e84	f00c0753	fmv.w.x	f14,x24	 x24:0x00000000 f14=0x00000000
     291205.000 ns	     29119	80005e88	02e10433	mul	x8,x2,x14	  x2:0x00000000 x14:0x72cb4a24  x8=0x00000000
     291225.000 ns	     29121	80005e8c	4aadc613	xori	x12,x27,1194	 x27:0x00000000 x12=0x000004aa
     291235.000 ns	     29122	80005e90	004030b3	sltu	x1,x0,x4	  x0:0x00000000  x4:0x72cb4a24  x1=0x00000001
     291245.000 ns	     29123	80005e94	0040f333	and	x6,x1,x4	  x1:0x00000000  x4:0x72cb4a24  x6=0x00000000
     291265.000 ns	     29125	80005e98	284e88d3	fmin.s	f17,f29,f4	 f29:0x4ee59694  f4:0x7fc00000 f17=0x4ee59694
     291295.000 ns	     29128	80005e9c	02ffa0b3	mulhsu	x1,x31,x15	 x31:0x00000000 x15:0x00000000  x1=0x00000000
     291665.000 ns	     29165	80005ea0	02c84333	div	x6,x16,x12	 x16:0x80040fe4 x12:0x000004aa  x6=0xffe48f3d
     291695.000 ns	     29168	80005ea4	28ee9753	fmax.s	f14,f29,f14	 f29:0x4ee59694 f14:0x00000000 f14=0x4ee59694
     291725.000 ns	     29171	80005ea8	024983b3	mul	x7,x19,x4	 x19:0x00000013  x4:0x72cb4a24  x7=0x851680ac
     291745.000 ns	     29173	80005eac	b93f2313	slti	x6,x30,-1133	 x30:0x00000000  x6=0x00000000
     291755.000 ns	     29174	80005eb0	37210613	addi	x12,x2,882	  x2:0x00000000 x12=0x00000372
     291775.000 ns	     29176	80005eb4	c00c7d53	fcvt.w.s	x26,f24	 f24:0x7f800000 x26=0x7fffffff
     291825.000 ns	     29181	80005eb8	015b10d3	fadd.s	f1,f22,f21	 f22:0x7fc00000 f21:0x7fc00000  f1=0x7fc00000
     291855.000 ns	     29184	80005ebc	d014a153	fcvt.s.wu	f2,x9	  x9:0x80041475  f2=0x4f000415
     291885.000 ns	     29187	80005ec0	026c5fb3	divu	x31,x24,x6	 x24:0x00000000  x6:0x00000000 x31=0xffffffff
     291915.000 ns	     29190	80005ec4	023ff133	remu	x2,x31,x3	 x31:0x00000000  x3:0x00000000  x2=0xffffffff
     292285.000 ns	     29227	80005ec8	02d9e1b3	rem	x3,x19,x13	 x19:0x00000013 x13:0x00000200  x3=0x00000013
     292305.000 ns	     29229	80005ecc	0053c8b3	xor	x17,x7,x5	  x7:0x851680ac  x5:0x00000200 x17=0x851682ac
     292315.000 ns	     29230	80005ed0	40ac5d33	sra	x26,x24,x10	 x24:0x00000000 x10:0x00000000 x26=0x00000000
     292335.000 ns	     29232	80005ed4	c00c3e53	fcvt.w.s	x28,f24	 f24:0x7f800000 x28=0x7fffffff
     292365.000 ns	     29235	80005ed8	c0117f53	fcvt.wu.s	x30,f2	  f2:0x4f000415 x30=0x80041500
     292385.000 ns	     29237	80005edc	398de893	ori	x17,x27,920	 x27:0x00000000 x17=0x00000398
     292405.000 ns	     29239	80005ee0	03a48333	mul	x6,x9,x26	  x9:0x80041475 x26:0x00000000  x6=0x00000000
     292425.000 ns	     29241	80005ee4	4173d5b3	sra	x11,x7,x23	  x7:0x851680ac x23:0x00000000 x11=0x851680ac
     292435.000 ns	     29242	80005ee8	01f35b13	srli	x22,x6,0x1f	  x6:0x00000000 x22=0x00000000
     292445.000 ns	     29243	80005eec	000f1113	slli	x2,x30,0x0	 x30:0x80041500  x2=0x80041500
     292455.000 ns	     29244	80005ef0	00d74d33	xor	x26,x14,x13	 x14:0x72cb4a24 x13:0x00000200 x26=0x72cb4824
     292475.000 ns	     29246	80005ef4	e00108d3	fmv.x.w	x17,f2	  f2:0x4f000415 x17=0x4f000415
     292495.000 ns	     29248	80005ef8	86e8bd93	sltiu	x27,x17,-1938	 x17:0x00000398 x27=0x00000001
     292855.000 ns	     29284	80005efc	022addb3	divu	x27,x21,x2	 x21:0x00000000  x2:0x80041500 x27=0x00000000
     292875.000 ns	     29286	80005f00	001727b3	slt	x15,x14,x1	 x14:0x72cb4a24  x1:0x00000000 x15=0x00000000
     292905.000 ns	     29289	80005f04	11b8ab53	fmul.s	f22,f17,f27	 f17:0x4ee59694 f27:0x3f800000 f22=0x4ee59694
     292935.000 ns	     29292	80005f08	024ba0b3	mulhsu	x1,x23,x4	 x23:0x00000000  x4:0x72cb4a24  x1=0x00000000
     292965.000 ns	     29295	80005f0c	d013fa53	fcvt.s.wu	f20,x7	  x7:0x851680ac f20=0x4f051680
     293015.000 ns	     29300	80005f10	005ffdd3	fadd.s	f27,f31,f5	 f31:0xffc00000  f5:0x00000000 f27=0x7fc00000
     293035.000 ns	     29302	80005f14	00000013	addi	x0,x0,0	  x0:0x00000000
     293045.000 ns	     29303	80005f18	417388b3	sub	x17,x7,x23	  x7:0x851680ac x23:0x00000000 x17=0x851680ac
     293085.000 ns	     29307	80005f1c	08f07b53	fsub.s	f22,f0,f15	  f0:0x4f50dad0 f15:0x7fc00000 f22=0x7fc00000
     293115.000 ns	     29310	80005f20	e00d00d3	fmv.x.w	x1,f26	 f26:0x4effffff  x1=0x4effffff
     293135.000 ns	     29312	80005f24	00936933	or	x18,x6,x9	  x6:0x00000000  x9:0x80041475 x18=0x80041475
     293155.000 ns	     29314	80005f28	c00d78d3	fcvt.w.s	x17,f26	 f26:0x4effffff x17=0x7fffff80
     293175.000 ns	     29316	80005f2c	01615933	srl	x18,x2,x22	  x2:0x80041500 x22:0x00000000 x18=0x80041500
     293535.000 ns	     29352	80005f30	032fed33	rem	x26,x31,x18	 x31:0xffffffff x18:0x80041475 x26=0xffffffff
     294715.000 ns	     29470	80005f34	580700d3	fsqrt.s	f1,f14	 f14:0x4ee59694  f1=0x472b6d5d
     294755.000 ns	     29474	80005f38	19c4f7d3	fdiv.s	f15,f9,f28	  f9:0x00000000 f28:0x00000000 f15=0x7fc00000
     294775.000 ns	     29476	80005f3c	004359b3	srl	x19,x6,x4	  x6:0x00000000  x4:0x72cb4a24 x19=0x00000000
     294785.000 ns	     29477	80005f40	0157e1b3	or	x3,x15,x21	 x15:0x00000000 x21:0x00000000  x3=0x00000000
     294805.000 ns	     29479	80005f44	28b182d3	fmin.s	f5,f3,f11	  f3:0x00000000 f11:0x80000000  f5=0x80000000
     294825.000 ns	     29481	80005f48	00000013	addi	x0,x0,0	  x0:0x00000000
     294845.000 ns	     29483	80005f4c	03ca8333	mul	x6,x21,x28	 x21:0x00000000 x28:0x7fffffff  x6=0x00000000
     294865.000 ns	     29485	80005f50	419abd13	sltiu	x26,x21,1049	 x21:0x00000000 x26=0x00000001
     294885.000 ns	     29487	80005f54	29430353	fmin.s	f6,f6,f20	  f6:0x3e0d4e14 f20:0x4f051680  f6=0x3e0d4e14
     294915.000 ns	     29490	80005f58	a10a80d3	fle.s	x1,f21,f16	 f21:0x7fc00000 f16:0x7fc00000  x1=0x00000000
     294945.000 ns	     29493	80005f5c	e00f9953	fclass.s	x18,f31	 f31:0xffc00000 x18=0x00000200
     294975.000 ns	     29496	80005f60	e00714d3	fclass.s	x9,f14	 f14:0x4ee59694  x9=0x00000040
     295345.000 ns	     29533	80005f64	02baefb3	rem	x31,x21,x11	 x21:0x00000000 x11:0x851680ac x31=0x00000000
     295375.000 ns	     29536	80005f68	d00b7a53	fcvt.s.w	f20,x22	 x22:0x00000000 f20=0x00000000
     295395.000 ns	     29538	80005f6c	01eed0b3	srl	x1,x29,x30	 x29:0x00000001 x30:0x80041500  x1=0x00000001
     295415.000 ns	     29540	80005f70	c01efad3	fcvt.wu.s	x21,f29	 f29:0x4ee59694 x21=0x72cb4a00
     295455.000 ns	     29544	80005f74	5807b2d3	fsqrt.s	f5,f15	 f15:0x7fc00000  f5=0x7fc00000
     295475.000 ns	     29546	80005f78	d3863237	lui	x4,0xd3863	  x4=0xd3863000
     295495.000 ns	     29548	80005f7c	f0010053	fmv.w.x	f0,x2	  x2:0x80041500  f0=0x80041500
     295515.000 ns	     29550	80005f80	d86b2b13	slti	x22,x22,-634	 x22:0x00000000 x22=0x00000000
     295535.000 ns	     29552	80005f84	d0182d53	fcvt.s.wu	f26,x16	 x16:0x80040fe4 f26=0x4f000410
     295565.000 ns	     29555	80005f88	283f12d3	fmax.s	f5,f30,f3	 f30:0x80000000  f3:0x00000000  f5=0x00000000
     295585.000 ns	     29557	80005f8c	6874c297	auipc	x5,0x6874c	  x5=0xe8751f8c
     295595.000 ns	     29558	80005f90	25592c13	slti	x24,x18,597	 x18:0x00000200 x24=0x00000001
     295605.000 ns	     29559	80005f94	40f2db33	sra	x22,x5,x15	  x5:0x00000200 x15:0x00000000 x22=0xe8751f8c
     295625.000 ns	     29561	80005f98	a1271053	flt.s	x0,f14,f18	 f14:0x4ee59694 f18:0x7fc00000
     295645.000 ns	     29563	80005f9c	00000013	addi	x0,x0,0	  x0:0x00000000
     295665.000 ns	     29565	80005fa0	28a48253	fmin.s	f4,f9,f10	  f9:0x00000000 f10:0x4f000410  f4=0x00000000
     295695.000 ns	     29568	80005fa4	285684d3	fmin.s	f9,f13,f5	 f13:0x7fc00000  f5:0x00000000  f9=0x00000000
     295715.000 ns	     29570	80005fa8	0010d213	srli	x4,x1,0x1	  x1:0x00000001  x4=0x00000000
     295725.000 ns	     29571	80005fac	0043a4b3	slt	x9,x7,x4	  x7:0x851680ac  x4:0xd3863000  x9=0x00000001
     295735.000 ns	     29572	80005fb0	008c12b3	sll	x5,x24,x8	 x24:0x00000001  x8:0x00000000  x5=0x00000001
     295755.000 ns	     29574	80005fb4	029399b3	mulh	x19,x7,x9	  x7:0x851680ac  x9:0x00000040 x19=0xffffffff
     295775.000 ns	     29576	80005fb8	00321793	slli	x15,x4,0x3	  x4:0x00000000 x15=0x00000000
     295785.000 ns	     29577	80005fbc	417a0133	sub	x2,x20,x23	 x20:0x80041024 x23:0x00000000  x2=0x80041024
     295795.000 ns	     29578	80005fc0	01867cb3	and	x25,x12,x24	 x12:0x00000372 x24:0x00000001 x25=0x00000000
     295805.000 ns	     29579	80005fc4	00000013	addi	x0,x0,0	  x0:0x00000000
     296165.000 ns	     29615	80005fc8	02e941b3	div	x3,x18,x14	 x18:0x00000200 x14:0x72cb4a24  x3=0x00000000
     296215.000 ns	     29620	80005fcc	0096fe53	fadd.s	f28,f13,f9	 f13:0x7fc00000  f9:0x00000000 f28=0x7fc00000
     296235.000 ns	     29622	80005fd0	d6fe6297	auipc	x5,0xd6fe6	  x5=0x56febfd0
     296255.000 ns	     29624	80005fd4	208d2653	fsgnjx.s	f12,f26,f8	 f26:0x4f000410  f8:0x00000000 f12=0x4f000410
     297435.000 ns	     29742	80005fd8	580ef8d3	fsqrt.s	f17,f29	 f29:0x4ee59694 f17=0x472b6d5d
     297455.000 ns	     29744	80005fdc	000dacb3	slt	x25,x27,x0	 x27:0x00000000  x0:0x00000000 x25=0x00000000
     297465.000 ns	     29745	80005fe0	40e952b3	sra	x5,x18,x14	 x18:0x00000200 x14:0x72cb4a24  x5=0x00000020
     297475.000 ns	     29746	80005fe4	0066cb33	xor	x22,x13,x6	 x13:0x00000200  x6:0x00000000 x22=0x00000200
     297485.000 ns	     29747	80005fe8	11187293	andi	x5,x16,273	 x16:0x80040fe4  x5=0x00000100
     297495.000 ns	     29748	80005fec	008eb2b3	sltu	x5,x29,x8	 x29:0x00000001  x8:0x00000000  x5=0x00000000
     297515.000 ns	     29750	80005ff0	289280d3	fmin.s	f1,f5,f9	  f5:0x00000000  f9:0x00000000  f1=0x00000000
     297545.000 ns	     29753	80005ff4	20d825d3	fsgnjx.s	f11,f16,f13	 f16:0x7fc00000 f13:0x7fc00000 f11=0x7fc00000
     297575.000 ns	     29756	80005ff8	02cfa5b3	mulhsu	x11,x31,x12	 x31:0x00000000 x12:0x00000372 x11=0x00000000
     297945.000 ns	     29793	80005ffc	03e5c633	div	x12,x11,x30	 x11:0x851680ac x30:0x80041500 x12=0x00000000
     297965.000 ns	     29795	80006000	0024d233	srl	x4,x9,x2	  x9:0x00000001  x2:0x80041024  x4=0x00000000
     297985.000 ns	     29797	80006004	a0ff98d3	flt.s	x17,f31,f15	 f31:0xffc00000 f15:0x7fc00000 x17=0x00000000
     298015.000 ns	     29800	80006008	20fb2253	fsgnjx.s	f4,f22,f15	 f22:0x7fc00000 f15:0x7fc00000  f4=0x7fc00000
     298045.000 ns	     29803	8000600c	28c31053	fmax.s	f0,f6,f12	  f6:0x3e0d4e14 f12:0x4f000410  f0=0x4f000410
     298065.000 ns	     29805	80006010	40aa5013	srai	x0,x20,0xa	 x20:0x80041024
     298085.000 ns	     29807	80006014	02efaab3	mulhsu	x21,x31,x14	 x31:0x00000000 x14:0x72cb4a24 x21=0x00000000
     298105.000 ns	     29809	80006018	41978f33	sub	x30,x15,x25	 x15:0x00000000 x25:0x00000000 x30=0x00000000
     298135.000 ns	     29812	8000601c	11ce9553	fmul.s	f10,f29,f28	 f29:0x4ee59694 f28:0x7fc00000 f10=0x7fc00000
     298165.000 ns	     29815	80006020	21022553	fsgnjx.s	f10,f4,f16	  f4:0x7fc00000 f16:0x7fc00000 f10=0x7fc00000
     298195.000 ns	     29818	80006024	036a1bb3	mulh	x23,x20,x22	 x20:0x80041024 x22:0x00000200 x23=0xffffff00
     298225.000 ns	     29821	80006028	036c8f33	mul	x30,x25,x22	 x25:0x00000000 x22:0x00000200 x30=0x00000000
     298245.000 ns	     29823	8000602c	be6ffe97	auipc	x29,0xbe6ff	 x29=0x3e70502c
     298265.000 ns	     29825	80006030	d0097cd3	fcvt.s.w	f25,x18	 x18:0x00000200 f25=0x44000000
     298305.000 ns	     29829	80006034	108e86d3	fmul.s	f13,f29,f8	 f29:0x4ee59694  f8:0x00000000 f13=0x00000000
     298325.000 ns	     29831	80006038	617f3993	sltiu	x19,x30,1559	 x30:0x00000000 x19=0x00000001
     298345.000 ns	     29833	8000603c	a1958f53	fle.s	x30,f11,f25	 f11:0x7fc00000 f25:0x44000000 x30=0x00000000
     298375.000 ns	     29836	80006040	020a3533	mulhu	x10,x20,x0	 x20:0x80041024  x0:0x00000000 x10=0x00000000
     298745.000 ns	     29873	80006044	02d3d433	divu	x8,x7,x13	  x7:0x851680ac x13:0x00000200  x8=0x00428b40
     298775.000 ns	     29876	80006048	c013a053	fcvt.wu.s	x0,f7	  f7:0x4f50dad0
     298805.000 ns	     29879	8000604c	a0548353	fle.s	x6,f9,f5	  f9:0x00000000  f5:0x00000000  x6=0x00000001
     298835.000 ns	     29882	80006050	d00cf7d3	fcvt.s.w	f15,x25	 x25:0x00000000 f15=0x00000000
     298865.000 ns	     29885	80006054	0329b2b3	mulhu	x5,x19,x18	 x19:0x00000001 x18:0x00000200  x5=0x00000000
     298895.000 ns	     29888	80006058	d01979d3	fcvt.s.wu	f19,x18	 x18:0x00000200 f19=0x44000000
     298915.000 ns	     29890	8000605c	61a2fb93	andi	x23,x5,1562	  x5:0x00000000 x23=0x00000000
     299275.000 ns	     29926	80006060	033fe1b3	rem	x3,x31,x19	 x31:0x00000000 x19:0x00000001  x3=0x00000000
     299295.000 ns	     29928	80006064	0643ca93	xori	x21,x7,100	  x7:0x851680ac x21=0x851680c8
     299305.000 ns	     29929	80006068	b06ca013	slti	x0,x25,-1274	 x25:0x00000000
     299315.000 ns	     29930	8000606c	01e2b6b3	sltu	x13,x5,x30	  x5:0x00000000 x30:0x00000000 x13=0x00000000
     299325.000 ns	     29931	80006070	00c47033	and	x0,x8,x12	  x8:0x00428b40 x12:0x00000000
     299355.000 ns	     29934	80006074	11a6f953	fmul.s	f18,f13,f26	 f13:0x00000000 f26:0x4f000410 f18=0x00000000
     299375.000 ns	     29936	80006078	00f7d033	srl	x0,x15,x15	 x15:0x00000000 x15:0x00000000
     299395.000 ns	     29938	8000607c	a0d79ed3	flt.s	x29,f15,f13	 f15:0x00000000 f13:0x00000000 x29=0x00000000
     299425.000 ns	     29941	80006080	21359453	fsgnjn.s	f8,f11,f19	 f11:0x7fc00000 f19:0x44000000  f8=0xffc00000
     299795.000 ns	     29978	80006084	03657fb3	remu	x31,x10,x22	 x10:0x00000000 x22:0x00000200 x31=0x00000000
     299825.000 ns	     29981	80006088	e00e90d3	fclass.s	x1,f29	 f29:0x4ee59694  x1=0x00000040
     299855.000 ns	     29984	8000608c	215027d3	fsgnjx.s	f15,f0,f21	  f0:0x4f000410 f21:0x7fc00000 f15=0x4f000410
     299875.000 ns	     29986	80006090	a25f6a93	ori	x21,x30,-1499	 x30:0x00000000 x21=0xfffffa25
     299895.000 ns	     29988	80006094	0228ab33	mulhsu	x22,x17,x2	 x17:0x00000000  x2:0x80041024 x22=0x00000000
     299925.000 ns	     29991	80006098	e00387d3	fmv.x.w	x15,f7	  f7:0x4f50dad0 x15=0x4f50dad0
     299955.000 ns	     29994	8000609c	d00ef353	fcvt.s.w	f6,x29	 x29:0x00000000  f6=0x00000000
     299975.000 ns	     29996	800060a0	6d12eab7	lui	x21,0x6d12e	 x21=0x6d12e000
     299995.000 ns	     29998	800060a4	022fbd33	mulhu	x26,x31,x2	 x31:0x00000000  x2:0x80041024 x26=0x00000000
     300015.000 ns	     30000	800060a8	c5e67c13	andi	x24,x12,-930	 x12:0x00000000 x24=0x00000000
     300025.000 ns	     30001	800060ac	00fc3133	sltu	x2,x24,x15	 x24:0x00000001 x15:0x4f50dad0  x2=0x00000001
     300035.000 ns	     30002	800060b0	01de5d93	srli	x27,x28,0x1d	 x28:0x7fffffff x27=0x00000003
     300045.000 ns	     30003	800060b4	ced22693	slti	x13,x4,-787	  x4:0x00000000 x13=0x00000000
     300075.000 ns	     30006	800060b8	580c7f53	fsqrt.s	f30,f24	 f24:0x7f800000 f30=0x7f800000
     300095.000 ns	     30008	800060bc	403050b3	sra	x1,x0,x3	  x0:0x00000000  x3:0x00000000  x1=0x00000000
     300115.000 ns	     30010	800060c0	28241dd3	fmax.s	f27,f8,f2	  f8:0xffc00000  f2:0x4f000415 f27=0x4f000415
     300145.000 ns	     30013	800060c4	03a93633	mulhu	x12,x18,x26	 x18:0x00000200 x26:0x00000000 x12=0x00000000
     300515.000 ns	     30050	800060c8	030e7233	remu	x4,x28,x16	 x28:0x7fffffff x16:0x80040fe4  x4=0x7fffffff
     300535.000 ns	     30052	800060cc	01085c13	srli	x24,x16,0x10	 x16:0x80040fe4 x24=0x00008004
     300545.000 ns	     30053	800060d0	f19eec13	ori	x24,x29,-231	 x29:0x00000000 x24=0xffffff19
     300565.000 ns	     30055	800060d4	02843e33	mulhu	x28,x8,x8	  x8:0x00428b40  x8:0x00428b40 x28=0x0000114c
     300585.000 ns	     30057	800060d8	dfc73f93	sltiu	x31,x14,-516	 x14:0x72cb4a24 x31=0x00000001
     300615.000 ns	     30060	800060dc	18e187d3	fdiv.s	f15,f3,f14	  f3:0x00000000 f14:0x4ee59694 f15=0x00000000
     300985.000 ns	     30097	800060e0	026adf33	divu	x30,x21,x6	 x21:0x6d12e000  x6:0x00000001 x30=0x6d12e000
     301035.000 ns	     30102	800060e4	0814a0d3	fsub.s	f1,f9,f1	  f9:0x00000000  f1:0x00000000  f1=0x80000000
     301065.000 ns	     30105	800060e8	c0163dd3	fcvt.wu.s	x27,f12	 f12:0x4f000410 x27=0x80041000
     301095.000 ns	     30108	800060ec	c006cd53	fcvt.w.s	x26,f13	 f13:0x00000000 x26=0x00000000
     301125.000 ns	     30111	800060f0	29278dd3	fmin.s	f27,f15,f18	 f15:0x00000000 f18:0x00000000 f27=0x00000000
     301155.000 ns	     30114	800060f4	f0000553	fmv.w.x	f10,x0	  x0:0x00000000 f10=0x00000000
     301525.000 ns	     30151	800060f8	02f1c3b3	div	x7,x3,x15	  x3:0x00000000 x15:0x4f50dad0  x7=0x00000000
     301545.000 ns	     30153	800060fc	00e6a1b3	slt	x3,x13,x14	 x13:0x00000000 x14:0x72cb4a24  x3=0x00000001
     301565.000 ns	     30155	80006100	038931b3	mulhu	x3,x18,x24	 x18:0x00000200 x24:0xffffff19  x3=0x000001ff
     301605.000 ns	     30159	80006104	10a625d3	fmul.s	f11,f12,f10	 f12:0x4f000410 f10:0x00000000 f11=0x00000000
     301645.000 ns	     30163	80006108	190f2c53	fdiv.s	f24,f30,f16	 f30:0x7f800000 f16:0x7fc00000 f24=0x7fc00000
     301675.000 ns	     30166	8000610c	e0000153	fmv.x.w	x2,f0	  f0:0x4f000410  x2=0x4f000410
     301695.000 ns	     30168	80006110	cf547413	andi	x8,x8,-779	  x8:0x00428b40  x8=0x00428840
     302055.000 ns	     30204	80006114	03c5fb33	remu	x22,x11,x28	 x11:0x00000000 x28:0x0000114c x22=0x00000000
     302085.000 ns	     30207	80006118	e0049dd3	fclass.s	x27,f9	  f9:0x00000000 x27=0x00000010
     302115.000 ns	     30210	8000611c	2125a553	fsgnjx.s	f10,f11,f18	 f11:0x00000000 f18:0x00000000 f10=0x00000000
     302145.000 ns	     30213	80006120	02056cb3	rem	x25,x10,x0	 x10:0x00000000  x0:0x00000000 x25=0x00000000
     302165.000 ns	     30215	80006124	0103c633	xor	x12,x7,x16	  x7:0x00000000 x16:0x80040fe4 x12=0x80040fe4
     302185.000 ns	     30217	80006128	a1910353	fle.s	x6,f2,f25	  f2:0x4f000415 f25:0x44000000  x6=0x00000000
     302215.000 ns	     30220	8000612c	c00fae53	fcvt.w.s	x28,f31	 f31:0xffc00000 x28=0x7fffffff
     302255.000 ns	     30224	80006130	5807f053	fsqrt.s	f0,f15	 f15:0x00000000  f0=0x00000000
     302295.000 ns	     30228	80006134	5806fed3	fsqrt.s	f29,f13	 f13:0x00000000 f29=0x00000000
     302325.000 ns	     30231	80006138	d014fed3	fcvt.s.wu	f29,x9	  x9:0x00000001 f29=0x3f800000
     302695.000 ns	     30268	8000613c	03047033	remu	x0,x8,x16	  x8:0x00428840 x16:0x80040fe4
     302725.000 ns	     30271	80006140	030eb133	mulhu	x2,x29,x16	 x29:0x00000000 x16:0x80040fe4  x2=0x00000000
     302745.000 ns	     30273	80006144	d8370613	addi	x12,x14,-637	 x14:0x72cb4a24 x12=0x72cb47a7
     302765.000 ns	     30275	80006148	02fb2033	mulhsu	x0,x22,x15	 x22:0x00000000 x15:0x4f50dad0
     302795.000 ns	     30278	8000614c	e00f86d3	fmv.x.w	x13,f31	 f31:0xffc00000 x13=0xffc00000
     302815.000 ns	     30280	80006150	003f5a93	srli	x21,x30,0x3	 x30:0x6d12e000 x21=0x0da25c00
     302825.000 ns	     30281	80006154	41995913	srai	x18,x18,0x19	 x18:0x00000200 x18=0x00000000
     302865.000 ns	     30285	80006158	081076d3	fsub.s	f13,f0,f1	  f0:0x00000000  f1:0x80000000 f13=0x00000000
     302885.000 ns	     30287	8000615c	418ed413	srai	x8,x29,0x18	 x29:0x00000000  x8=0x00000000
     302895.000 ns	     30288	80006160	00015fb3	srl	x31,x2,x0	  x2:0x00000000  x0:0x00000000 x31=0x00000000
     302915.000 ns	     30290	80006164	03bdbd33	mulhu	x26,x27,x27	 x27:0x00000010 x27:0x00000010 x26=0x00000000
     302935.000 ns	     30292	80006168	001d17b3	sll	x15,x26,x1	 x26:0x00000000  x1:0x00000000 x15=0x00000000
     302965.000 ns	     30295	8000616c	108afc53	fmul.s	f24,f21,f8	 f21:0x7fc00000  f8:0xffc00000 f24=0x7fc00000
     302985.000 ns	     30297	80006170	13c8aa93	slti	x21,x17,316	 x17:0x00000000 x21=0x00000001
     302995.000 ns	     30298	80006174	403358b3	sra	x17,x6,x3	  x6:0x00000000  x3:0x000001ff x17=0x00000000
     303015.000 ns	     30300	80006178	03a5fc33	remu	x24,x11,x26	 x11:0x00000000 x26:0x00000000 x24=0x00000000
     303035.000 ns	     30302	8000617c	016d0333	add	x6,x26,x22	 x26:0x00000000 x22:0x00000000  x6=0x00000000
     303075.000 ns	     30306	80006180	08162dd3	fsub.s	f27,f12,f1	 f12:0x4f000410  f1:0x80000000 f27=0x4f000410
     303105.000 ns	     30309	80006184	2143a3d3	fsgnjx.s	f7,f7,f20	  f7:0x4f50dad0 f20:0x00000000  f7=0x4f50dad0
     303135.000 ns	     30312	80006188	e0070ed3	fmv.x.w	x29,f14	 f14:0x4ee59694 x29=0x4ee59694
     303165.000 ns	     30315	8000618c	a1be02d3	fle.s	x5,f28,f27	 f28:0x7fc00000 f27:0x4f000410  x5=0x00000000
     303185.000 ns	     30317	80006190	00161933	sll	x18,x12,x1	 x12:0x72cb47a7  x1:0x00000000 x18=0x72cb47a7
     303215.000 ns	     30320	80006194	197b4ad3	fdiv.s	f21,f22,f23	 f22:0x7fc00000 f23:0x7fc00000 f21=0x7fc00000
     303245.000 ns	     30323	80006198	c00a91d3	fcvt.w.s	x3,f21	 f21:0x7fc00000  x3=0x7fffffff
     303265.000 ns	     30325	8000619c	00000013	addi	x0,x0,0	  x0:0x00000000
     303625.000 ns	     30361	800061a0	023179b3	remu	x19,x2,x3	  x2:0x00000000  x3:0x7fffffff x19=0x00000000
     303665.000 ns	     30365	800061a4	19c53a53	fdiv.s	f20,f10,f28	 f10:0x00000000 f28:0x7fc00000 f20=0x7fc00000
     303695.000 ns	     30368	800061a8	20eca0d3	fsgnjx.s	f1,f25,f14	 f25:0x44000000 f14:0x4ee59694  f1=0x44000000
     303715.000 ns	     30370	800061ac	00000013	addi	x0,x0,0	  x0:0x00000000
     303725.000 ns	     30371	800061b0	0068c433	xor	x8,x17,x6	 x17:0x00000000  x6:0x00000000  x8=0x00000000
     303735.000 ns	     30372	800061b4	00034ab3	xor	x21,x6,x0	  x6:0x00000000  x0:0x00000000 x21=0x00000000
     304095.000 ns	     30408	800061b8	02e7d9b3	divu	x19,x15,x14	 x15:0x00000000 x14:0x72cb4a24 x19=0x00000000
     304125.000 ns	     30411	800061bc	f00a87d3	fmv.w.x	f15,x21	 x21:0x00000001 f15=0x00000000
     304155.000 ns	     30414	800061c0	f0048953	fmv.w.x	f18,x9	  x9:0x00000001 f18=0x00000001
     304175.000 ns	     30416	800061c4	00ca2033	slt	x0,x20,x12	 x20:0x80041024 x12:0x72cb47a7
     304185.000 ns	     30417	800061c8	014fdf93	srli	x31,x31,0x14	 x31:0x00000000 x31=0x00000000
     304205.000 ns	     30419	800061cc	f00181d3	fmv.w.x	f3,x3	  x3:0x7fffffff  f3=0x7fffffff
     304235.000 ns	     30422	800061d0	03adfdb3	remu	x27,x27,x26	 x27:0x00000010 x26:0x00000000 x27=0x00000010
     304265.000 ns	     30425	800061d4	29ab08d3	fmin.s	f17,f22,f26	 f22:0x7fc00000 f26:0x4f000410 f17=0x4f000410
     304285.000 ns	     30427	800061d8	01853cb3	sltu	x25,x10,x24	 x10:0x00000000 x24:0x00000000 x25=0x00000000
     304295.000 ns	     30428	800061dc	1c1d6893	ori	x17,x26,449	 x26:0x00000000 x17=0x000001c1
     304305.000 ns	     30429	800061e0	0c817337	lui	x6,0xc817	  x6=0x0c817000
     304325.000 ns	     30431	800061e4	d01ecd53	fcvt.s.wu	f26,x29	 x29:0x4ee59694 f26=0x4e9dcb2d
     304345.000 ns	     30433	800061e8	012cd1b3	srl	x3,x25,x18	 x25:0x00000000 x18:0x72cb47a7  x3=0x00000000
     304365.000 ns	     30435	800061ec	c013fd53	fcvt.wu.s	x26,f7	  f7:0x4f50dad0 x26=0xd0dad000
     304395.000 ns	     30438	800061f0	21058753	fsgnj.s	f14,f11,f16	 f11:0x00000000 f16:0x7fc00000 f14=0x00000000
     304435.000 ns	     30442	800061f4	580518d3	fsqrt.s	f17,f10	 f10:0x00000000 f17=0x00000000
     304465.000 ns	     30445	800061f8	a161a6d3	feq.s	x13,f3,f22	  f3:0x7fffffff f22:0x7fc00000 x13=0x00000000
     304485.000 ns	     30447	800061fc	a8287193	andi	x3,x16,-1406	 x16:0x80040fe4  x3=0x80040a80
     304495.000 ns	     30448	80006200	01a34fb3	xor	x31,x6,x26	  x6:0x0c817000 x26:0xd0dad000 x31=0xdc5ba000
     304505.000 ns	     30449	80006204	b4b28193	addi	x3,x5,-1205	  x5:0x00000000  x3=0xfffffb4b
     304515.000 ns	     30450	80006208	c5408993	addi	x19,x1,-940	  x1:0x00000000 x19=0xfffffc54
     304525.000 ns	     30451	8000620c	00000013	addi	x0,x0,0	  x0:0x00000000
     304545.000 ns	     30453	80006210	20b8a5d3	fsgnjx.s	f11,f17,f11	 f17:0x00000000 f11:0x00000000 f11=0x00000000
     304565.000 ns	     30455	80006214	01763bb3	sltu	x23,x12,x23	 x12:0x72cb47a7 x23:0x00000000 x23=0x00000000
     304585.000 ns	     30457	80006218	c0008153	fcvt.w.s	x2,f1	  f1:0x44000000  x2=0x00000200
     304605.000 ns	     30459	8000621c	00297bb3	and	x23,x18,x2	 x18:0x72cb47a7  x2:0x00000000 x23=0x00000200
     304615.000 ns	     30460	80006220	01a97eb3	and	x29,x18,x26	 x18:0x72cb47a7 x26:0xd0dad000 x29=0x50ca4000
     304625.000 ns	     30461	80006224	401b8d33	sub	x26,x23,x1	 x23:0x00000000  x1:0x00000000 x26=0x00000200
     304655.000 ns	     30464	80006228	1885a353	fdiv.s	f6,f11,f8	 f11:0x00000000  f8:0xffc00000  f6=0x7fc00000
     304705.000 ns	     30469	8000622c	007f3853	fadd.s	f16,f30,f7	 f30:0x7f800000  f7:0x4f50dad0 f16=0x7f800000
     304735.000 ns	     30472	80006230	c0037553	fcvt.w.s	x10,f6	  f6:0x7fc00000 x10=0x7fffffff
     304765.000 ns	     30475	80006234	e00411d3	fclass.s	x3,f8	  f8:0xffc00000  x3=0x00000200
     304785.000 ns	     30477	80006238	40e001b3	sub	x3,x0,x14	  x0:0x00000000 x14:0x72cb4a24  x3=0x8d34b5dc
     304795.000 ns	     30478	8000623c	a3734913	xori	x18,x6,-1481	  x6:0x0c817000 x18=0xf37e8a37
     304815.000 ns	     30480	80006240	20f429d3	fsgnjx.s	f19,f8,f15	  f8:0xffc00000 f15:0x00000000 f19=0xffc00000
     304835.000 ns	     30482	80006244	0025fdb3	and	x27,x11,x2	 x11:0x00000000  x2:0x00000200 x27=0x00000000
     304845.000 ns	     30483	80006248	f4d0a893	slti	x17,x1,-179	  x1:0x00000000 x17=0x00000000
     304865.000 ns	     30485	8000624c	02ebac33	mulhsu	x24,x23,x14	 x23:0x00000200 x14:0x72cb4a24 x24=0x000000e5
     304885.000 ns	     30487	80006250	41705033	sra	x0,x0,x23	  x0:0x00000000 x23:0x00000200
     304905.000 ns	     30489	80006254	29a716d3	fmax.s	f13,f14,f26	 f14:0x00000000 f26:0x4e9dcb2d f13=0x4e9dcb2d
     304925.000 ns	     30491	80006258	008af333	and	x6,x21,x8	 x21:0x00000000  x8:0x00000000  x6=0x00000000
     304935.000 ns	     30492	8000625c	22497213	andi	x4,x18,548	 x18:0xf37e8a37  x4=0x00000224
     304975.000 ns	     30496	80006260	087d8a53	fsub.s	f20,f27,f7	 f27:0x4f000410  f7:0x4f50dad0 f20=0xcea1ad80
     304995.000 ns	     30498	80006264	0033d8b3	srl	x17,x7,x3	  x7:0x00000000  x3:0x8d34b5dc x17=0x00000000
     305015.000 ns	     30500	80006268	c00c78d3	fcvt.w.s	x17,f24	 f24:0x7fc00000 x17=0x7fffffff
     305045.000 ns	     30503	8000626c	d0067f53	fcvt.s.w	f30,x12	 x12:0x72cb47a7 f30=0x4ee5968f
     305075.000 ns	     30506	80006270	d015f7d3	fcvt.s.wu	f15,x11	 x11:0x00000000 f15=0x00000000
     305095.000 ns	     30508	80006274	a0248593	addi	x11,x9,-1534	  x9:0x00000001 x11=0xfffffa03
     305105.000 ns	     30509	80006278	01a41633	sll	x12,x8,x26	  x8:0x00000000 x26:0x00000200 x12=0x00000000
     305465.000 ns	     30545	8000627c	03c363b3	rem	x7,x6,x28	  x6:0x00000000 x28:0x7fffffff  x7=0x00000000
     305495.000 ns	     30548	80006280	03bcdb33	divu	x22,x25,x27	 x25:0x00000000 x27:0x00000000 x22=0xffffffff
     305515.000 ns	     30550	80006284	01ee12b3	sll	x5,x28,x30	 x28:0x7fffffff x30:0x6d12e000  x5=0x7fffffff
     305535.000 ns	     30552	80006288	d01676d3	fcvt.s.wu	f13,x12	 x12:0x00000000 f13=0x00000000
     305565.000 ns	     30555	8000628c	a1c80cd3	fle.s	x25,f16,f28	 f16:0x7f800000 f28:0x7fc00000 x25=0x00000000
     305595.000 ns	     30558	80006290	028565b3	rem	x11,x10,x8	 x10:0x7fffffff  x8:0x00000000 x11=0x7fffffff
     305625.000 ns	     30561	80006294	e00a83d3	fmv.x.w	x7,f21	 f21:0x7fc00000  x7=0x7fc00000
     305655.000 ns	     30564	80006298	c008f2d3	fcvt.w.s	x5,f17	 f17:0x00000000  x5=0x00000000
     305685.000 ns	     30567	8000629c	28581fd3	fmax.s	f31,f16,f5	 f16:0x7f800000  f5:0x00000000 f31=0x7f800000
     305715.000 ns	     30570	800062a0	a1762b53	feq.s	x22,f12,f23	 f12:0x4f000410 f23:0x7fc00000 x22=0x00000000
     305745.000 ns	     30573	800062a4	0216fd33	remu	x26,x13,x1	 x13:0x00000000  x1:0x00000000 x26=0x00000000
     305765.000 ns	     30575	800062a8	00b438b3	sltu	x17,x8,x11	  x8:0x00000000 x11:0x7fffffff x17=0x00000001
     305795.000 ns	     30578	800062ac	192afad3	fdiv.s	f21,f21,f18	 f21:0x7fc00000 f18:0x00000001 f21=0x7fc00000
     305825.000 ns	     30581	800062b0	025e02b3	mul	x5,x28,x5	 x28:0x7fffffff  x5:0x00000000  x5=0x00000000
     305855.000 ns	     30584	800062b4	e00a08d3	fmv.x.w	x17,f20	 f20:0xcea1ad80 x17=0xcea1ad80
     305875.000 ns	     30586	800062b8	00065f33	srl	x30,x12,x0	 x12:0x00000000  x0:0x00000000 x30=0x00000000
     306235.000 ns	     30622	800062bc	027b58b3	divu	x17,x22,x7	 x22:0x00000000  x7:0x7fc00000 x17=0x00000000
     306265.000 ns	     30625	800062c0	28679d53	fmax.s	f26,f15,f6	 f15:0x00000000  f6:0x7fc00000 f26=0x00000000
     306285.000 ns	     30627	800062c4	006a9eb3	sll	x29,x21,x6	 x21:0x00000000  x6:0x00000000 x29=0x00000000
     306315.000 ns	     30630	800062c8	10197053	fmul.s	f0,f18,f1	 f18:0x00000001  f1:0x44000000  f0=0x00000200
     306335.000 ns	     30632	800062cc	11e7dcb7	lui	x25,0x11e7d	 x25=0x11e7d000
     306345.000 ns	     30633	800062d0	3092ed13	ori	x26,x5,777	  x5:0x00000000 x26=0x00000309
     307515.000 ns	     30750	800062d4	580f7ad3	fsqrt.s	f21,f30	 f30:0x4ee5968f f21=0x472b6d5b
     307535.000 ns	     30752	800062d8	b7c4a0b7	lui	x1,0xb7c4a	  x1=0xb7c4a000
     307555.000 ns	     30754	800062dc	c00c33d3	fcvt.w.s	x7,f24	 f24:0x7fc00000  x7=0x7fffffff
     307585.000 ns	     30757	800062e0	c005b2d3	fcvt.w.s	x5,f11	 f11:0x00000000  x5=0x00000000
     307615.000 ns	     30760	800062e4	a1201bd3	flt.s	x23,f0,f18	  f0:0x00000200 f18:0x00000001 x23=0x00000000
     307985.000 ns	     30797	800062e8	02e1c133	div	x2,x3,x14	  x3:0x8d34b5dc x14:0x72cb4a24  x2=0xffffffff
     308005.000 ns	     30799	800062ec	56518c13	addi	x24,x3,1381	  x3:0x8d34b5dc x24=0x8d34bb41
     308015.000 ns	     30800	800062f0	002f5133	srl	x2,x30,x2	 x30:0x00000000  x2:0xffffffff  x2=0x00000000
     308375.000 ns	     30836	800062f4	0215dab3	divu	x21,x11,x1	 x11:0x7fffffff  x1:0xb7c4a000 x21=0x00000000
     308405.000 ns	     30839	800062f8	213d06d3	fsgnj.s	f13,f26,f19	 f26:0x00000000 f19:0xffc00000 f13=0x80000000
     308425.000 ns	     30841	800062fc	162c6c13	ori	x24,x24,354	 x24:0x8d34bb41 x24=0x8d34bb63
     308435.000 ns	     30842	80006300	41ec89b3	sub	x19,x25,x30	 x25:0x11e7d000 x30:0x00000000 x19=0x11e7d000
     308445.000 ns	     30843	80006304	01881233	sll	x4,x16,x24	 x16:0x80040fe4 x24:0x8d34bb41  x4=0x00207f20
     308455.000 ns	     30844	80006308	430fc313	xori	x6,x31,1072	 x31:0xdc5ba000  x6=0xdc5ba430
     308465.000 ns	     30845	8000630c	01d11d93	slli	x27,x2,0x1d	  x2:0x00000000 x27=0x00000000
     308475.000 ns	     30846	80006310	d117c7b7	lui	x15,0xd117c	 x15=0xd117c000
     308485.000 ns	     30847	80006314	01d77e33	and	x28,x14,x29	 x14:0x72cb4a24 x29:0x00000000 x28=0x00000000
     308495.000 ns	     30848	80006318	41458c33	sub	x24,x11,x20	 x11:0x7fffffff x20:0x80041024 x24=0xfffbefdb
     308855.000 ns	     30884	8000631c	02e3cc33	div	x24,x7,x14	  x7:0x7fffffff x14:0x72cb4a24 x24=0x00000001
     308885.000 ns	     30887	80006320	28d19bd3	fmax.s	f23,f3,f13	  f3:0x7fffffff f13:0x80000000 f23=0x80000000
     308925.000 ns	     30891	80006324	189a3453	fdiv.s	f8,f20,f9	 f20:0xcea1ad80  f9:0x00000000  f8=0xff800000
     308945.000 ns	     30893	80006328	0132b333	sltu	x6,x5,x19	  x5:0x00000000 x19:0x11e7d000  x6=0x00000001
     308965.000 ns	     30895	8000632c	212ba3d3	fsgnjx.s	f7,f23,f18	 f23:0x80000000 f18:0x00000001  f7=0x80000000
     308995.000 ns	     30898	80006330	20328853	fsgnj.s	f16,f5,f3	  f5:0x00000000  f3:0x7fffffff f16=0x00000000
     309015.000 ns	     30900	80006334	01633533	sltu	x10,x6,x22	  x6:0x00000001 x22:0x00000000 x10=0x00000000
     309025.000 ns	     30901	80006338	6247f913	andi	x18,x15,1572	 x15:0xd117c000 x18=0x00000000
     309035.000 ns	     30902	8000633c	813830b7	lui	x1,0x81383	  x1=0x81383000
     309055.000 ns	     30904	80006340	c0039f53	fcvt.w.s	x30,f7	  f7:0x80000000 x30=0x00000000
     309085.000 ns	     30907	80006344	02cac033	div	x0,x21,x12	 x21:0x00000000 x12:0x00000000
     309115.000 ns	     30910	80006348	c007bfd3	fcvt.w.s	x31,f15	 f15:0x00000000 x31=0x00000000
     309135.000 ns	     30912	8000634c	aeb9a593	slti	x11,x19,-1301	 x19:0x11e7d000 x11=0x00000000
     309145.000 ns	     30913	80006350	0bc5ac93	slti	x25,x11,188	 x11:0x7fffffff x25=0x00000001
     309505.000 ns	     30949	80006354	034ed433	divu	x8,x29,x20	 x29:0x00000000 x20:0x80041024  x8=0x00000000
     309525.000 ns	     30951	80006358	41990ab3	sub	x21,x18,x25	 x18:0x00000000 x25:0x11e7d000 x21=0xffffffff
     309545.000 ns	     30953	8000635c	f0048fd3	fmv.w.x	f31,x9	  x9:0x00000001 f31=0x00000001
     309565.000 ns	     30955	80006360	ddb40f93	addi	x31,x8,-549	  x8:0x00000000 x31=0xfffffddb
     309585.000 ns	     30957	80006364	03a98633	mul	x12,x19,x26	 x19:0x11e7d000 x26:0x00000309 x12=0x58965000
     310765.000 ns	     31075	80006368	58097ed3	fsqrt.s	f29,f18	 f18:0x00000001 f29=0x1f350483
     310785.000 ns	     31077	8000636c	36aa6913	ori	x18,x20,874	 x20:0x80041024 x18=0x8004136e
     310795.000 ns	     31078	80006370	6bc82f17	auipc	x30,0x6bc82	 x30=0xebc88370
     310815.000 ns	     31080	80006374	20c4aed3	fsgnjx.s	f29,f9,f12	  f9:0x00000000 f12:0x4f000410 f29=0x00000000
     310835.000 ns	     31082	80006378	b0158513	addi	x10,x11,-1279	 x11:0x00000000 x10=0xfffffb01
     310855.000 ns	     31084	8000637c	a09b93d3	flt.s	x7,f23,f9	 f23:0x80000000  f9:0x00000000  x7=0x00000000
     311225.000 ns	     31121	80006380	0241f6b3	remu	x13,x3,x4	  x3:0x8d34b5dc  x4:0x00207f20 x13=0x000c82dc
     311255.000 ns	     31124	80006384	210ca053	fsgnjx.s	f0,f25,f16	 f25:0x44000000 f16:0x00000000  f0=0x44000000
     311285.000 ns	     31127	80006388	f00b0b53	fmv.w.x	f22,x22	 x22:0x00000000 f22=0x00000000
     311335.000 ns	     31132	8000638c	09e1fa53	fsub.s	f20,f3,f30	  f3:0x7fffffff f30:0x4ee5968f f20=0x7fc00000
     311365.000 ns	     31135	80006390	f0078153	fmv.w.x	f2,x15	 x15:0xd117c000  f2=0xd117c000
     311395.000 ns	     31138	80006394	02fbaeb3	mulhsu	x29,x23,x15	 x23:0x00000000 x15:0xd117c000 x29=0x00000000
     311425.000 ns	     31141	80006398	20942b53	fsgnjx.s	f22,f8,f9	  f8:0xff800000  f9:0x00000000 f22=0xff800000
     311455.000 ns	     31144	8000639c	c00bf053	fcvt.w.s	x0,f23	 f23:0x80000000
     311475.000 ns	     31146	800063a0	015cb3b3	sltu	x7,x25,x21	 x25:0x00000001 x21:0xffffffff  x7=0x00000001
     311495.000 ns	     31148	800063a4	c01a0053	fcvt.wu.s	x0,f20	 f20:0x7fc00000
     311515.000 ns	     31150	800063a8	010330b3	sltu	x1,x6,x16	  x6:0x00000001 x16:0x80040fe4  x1=0x00000001
     311545.000 ns	     31153	800063ac	58034ed3	fsqrt.s	f29,f6	  f6:0x7fc00000 f29=0x7fc00000
     311565.000 ns	     31155	800063b0	01b1afb3	slt	x31,x3,x27	  x3:0x8d34b5dc x27:0x00000000 x31=0x00000001
     311575.000 ns	     31156	800063b4	005de2b3	or	x5,x27,x5	 x27:0x00000000  x5:0x00000000  x5=0x00000000
     311585.000 ns	     31157	800063b8	014117b3	sll	x15,x2,x20	  x2:0x00000000 x20:0x80041024 x15=0x00000000
     311605.000 ns	     31159	800063bc	28d205d3	fmin.s	f11,f4,f13	  f4:0x7fc00000 f13:0x80000000 f11=0x80000000
     311635.000 ns	     31162	800063c0	0250f7b3	remu	x15,x1,x5	  x1:0x00000001  x5:0x00000000 x15=0x00000001
     311655.000 ns	     31164	800063c4	01839333	sll	x6,x7,x24	  x7:0x00000001 x24:0x00000001  x6=0x00000002
     311685.000 ns	     31167	800063c8	580e8c53	fsqrt.s	f24,f29	 f29:0x7fc00000 f24=0x7fc00000
     311705.000 ns	     31169	800063cc	027a7513	andi	x10,x20,39	 x20:0x80041024 x10=0x00000024
     311715.000 ns	     31170	800063d0	0163df33	srl	x30,x7,x22	  x7:0x00000001 x22:0x00000000 x30=0x00000001
     311735.000 ns	     31172	800063d4	0314e233	rem	x4,x9,x17	  x9:0x00000001 x17:0x00000000  x4=0x00000001
     311755.000 ns	     31174	800063d8	41be8133	sub	x2,x29,x27	 x29:0x00000000 x27:0x00000000  x2=0x00000000
     311775.000 ns	     31176	800063dc	21a785d3	fsgnj.s	f11,f15,f26	 f15:0x00000000 f26:0x00000000 f11=0x00000000
     311805.000 ns	     31179	800063e0	e0008c53	fmv.x.w	x24,f1	  f1:0x44000000 x24=0x44000000
     312175.000 ns	     31216	800063e4	02986fb3	rem	x31,x16,x9	 x16:0x80040fe4  x9:0x00000001 x31=0x00000000
     312205.000 ns	     31219	800063e8	289811d3	fmax.s	f3,f16,f9	 f16:0x00000000  f9:0x00000000  f3=0x00000000
     312235.000 ns	     31222	800063ec	0203f133	remu	x2,x7,x0	  x7:0x00000001  x0:0x00000000  x2=0x00000001
     312605.000 ns	     31259	800063f0	02abef33	rem	x30,x23,x10	 x23:0x00000000 x10:0x00000024 x30=0x00000000
     312635.000 ns	     31262	800063f4	03661533	mulh	x10,x12,x22	 x12:0x58965000 x22:0x00000000 x10=0x00000000
     313005.000 ns	     31299	800063f8	0391cab3	div	x21,x3,x25	  x3:0x8d34b5dc x25:0x00000001 x21=0x8d34b5dc
     313035.000 ns	     31302	800063fc	a0848953	fle.s	x18,f9,f8	  f9:0x00000000  f8:0xff800000 x18=0x00000000
     313065.000 ns	     31305	80006400	20cc9b53	fsgnjn.s	f22,f25,f12	 f25:0x44000000 f12:0x4f000410 f22=0xc4000000
     313095.000 ns	     31308	80006404	02ec0633	mul	x12,x24,x14	 x24:0x44000000 x14:0x72cb4a24 x12=0x90000000
     313465.000 ns	     31345	80006408	038041b3	div	x3,x0,x24	  x0:0x00000000 x24:0x44000000  x3=0x00000000
     313515.000 ns	     31350	8000640c	0909f6d3	fsub.s	f13,f19,f16	 f19:0xffc00000 f16:0x00000000 f13=0x7fc00000
     313545.000 ns	     31353	80006410	a01b9653	flt.s	x12,f23,f1	 f23:0x80000000  f1:0x44000000 x12=0x00000001
     313575.000 ns	     31356	80006414	d009f4d3	fcvt.s.w	f9,x19	 x19:0x11e7d000  f9=0x4d8f3e80
     313605.000 ns	     31359	80006418	a1ad8e53	fle.s	x28,f27,f26	 f27:0x4f000410 f26:0x00000000 x28=0x00000000
     313975.000 ns	     31396	8000641c	0355ef33	rem	x30,x11,x21	 x11:0x00000000 x21:0x8d34b5dc x30=0x00000000
     313995.000 ns	     31398	80006420	00000013	addi	x0,x0,0	  x0:0x00000000
     314015.000 ns	     31400	80006424	217283d3	fsgnj.s	f7,f5,f23	  f5:0x00000000 f23:0x80000000  f7=0x80000000
     314045.000 ns	     31403	80006428	a092a9d3	feq.s	x19,f5,f9	  f5:0x00000000  f9:0x4d8f3e80 x19=0x00000000
     314075.000 ns	     31406	8000642c	291b0f53	fmin.s	f30,f22,f17	 f22:0xc4000000 f17:0x00000000 f30=0xc4000000
     314095.000 ns	     31408	80006430	01315fb3	srl	x31,x2,x19	  x2:0x00000001 x19:0x00000000 x31=0x00000001
     314115.000 ns	     31410	80006434	206616d3	fsgnjn.s	f13,f12,f6	 f12:0x4f000410  f6:0x7fc00000 f13=0xcf000410
     314145.000 ns	     31413	80006438	03d110b3	mulh	x1,x2,x29	  x2:0x00000001 x29:0x00000000  x1=0x00000000
     314185.000 ns	     31417	8000643c	1023a853	fmul.s	f16,f7,f2	  f7:0x80000000  f2:0xd117c000 f16=0x00000000
     314215.000 ns	     31420	80006440	a1740c53	fle.s	x24,f8,f23	  f8:0xff800000 f23:0x80000000 x24=0x00000001
     314245.000 ns	     31423	80006444	02e1b033	mulhu	x0,x3,x14	  x3:0x00000000 x14:0x72cb4a24
     314285.000 ns	     31427	80006448	580d4953	fsqrt.s	f18,f26	 f26:0x00000000 f18=0x00000000
     314325.000 ns	     31431	8000644c	11d499d3	fmul.s	f19,f9,f29	  f9:0x4d8f3e80 f29:0x7fc00000 f19=0x7fc00000
     314355.000 ns	     31434	80006450	f00d0353	fmv.w.x	f6,x26	 x26:0x00000309  f6=0x00000309
     314375.000 ns	     31436	80006454	0056e033	or	x0,x13,x5	 x13:0x000c82dc  x5:0x00000000
     314385.000 ns	     31437	80006458	01b90033	add	x0,x18,x27	 x18:0x00000000 x27:0x00000000
     314405.000 ns	     31439	8000645c	d00e76d3	fcvt.s.w	f13,x28	 x28:0x00000000 f13=0x00000000
     314435.000 ns	     31442	80006460	201211d3	fsgnjn.s	f3,f4,f1	  f4:0x7fc00000  f1:0x44000000  f3=0xffc00000
     314465.000 ns	     31445	80006464	f00c0ad3	fmv.w.x	f21,x24	 x24:0x00000001 f21=0x00000001
     314485.000 ns	     31447	80006468	00bf51b3	srl	x3,x30,x11	 x30:0x00000000 x11:0x00000000  x3=0x00000000
     314505.000 ns	     31449	8000646c	025ec033	div	x0,x29,x5	 x29:0x00000000  x5:0x00000000
     314525.000 ns	     31451	80006470	00261bb3	sll	x23,x12,x2	 x12:0x00000001  x2:0x00000001 x23=0x00000002
     314885.000 ns	     31487	80006474	024945b3	div	x11,x18,x4	 x18:0x00000000  x4:0x00000001 x11=0x00000000
     314915.000 ns	     31490	80006478	285106d3	fmin.s	f13,f2,f5	  f2:0xd117c000  f5:0x00000000 f13=0xd117c000
     314945.000 ns	     31493	8000647c	d00bfdd3	fcvt.s.w	f27,x23	 x23:0x00000002 f27=0x40000000
     314965.000 ns	     31495	80006480	41548bb3	sub	x23,x9,x21	  x9:0x00000001 x21:0x8d34b5dc x23=0x72cb4a25
     314975.000 ns	     31496	80006484	1fd6f897	auipc	x17,0x1fd6f	 x17=0x9fd75484
     315015.000 ns	     31500	80006488	086b1c53	fsub.s	f24,f22,f6	 f22:0xc4000000  f6:0x00000309 f24=0xc4000000
     315035.000 ns	     31502	8000648c	017cc6b3	xor	x13,x25,x23	 x25:0x00000001 x23:0x72cb4a25 x13=0x72cb4a24
     315045.000 ns	     31503	80006490	01ee8db3	add	x27,x29,x30	 x29:0x00000000 x30:0x00000000 x27=0x00000000
     315055.000 ns	     31504	80006494	01aa89b3	add	x19,x21,x26	 x21:0x8d34b5dc x26:0x00000309 x19=0x8d34b8e5
     315075.000 ns	     31506	80006498	29a308d3	fmin.s	f17,f6,f26	  f6:0x00000309 f26:0x00000000 f17=0x00000000
     315105.000 ns	     31509	8000649c	02b24633	div	x12,x4,x11	  x4:0x00000001 x11:0x00000000 x12=0xffffffff
     315135.000 ns	     31512	800064a0	02949bb3	mulh	x23,x9,x9	  x9:0x00000001  x9:0x00000001 x23=0x00000000
     315175.000 ns	     31516	800064a4	101f7fd3	fmul.s	f31,f30,f1	 f30:0xc4000000  f1:0x44000000 f31=0xc8800000
     315195.000 ns	     31518	800064a8	00000013	addi	x0,x0,0	  x0:0x00000000
     315215.000 ns	     31520	800064ac	e00f14d3	fclass.s	x9,f30	 f30:0xc4000000  x9=0x00000002
     315245.000 ns	     31523	800064b0	02f68633	mul	x12,x13,x15	 x13:0x72cb4a24 x15:0x00000001 x12=0x72cb4a24
     315275.000 ns	     31526	800064b4	e00398d3	fclass.s	x17,f7	  f7:0x80000000 x17=0x00000008
     315295.000 ns	     31528	800064b8	00000013	addi	x0,x0,0	  x0:0x00000000
     315305.000 ns	     31529	800064bc	4133dbb3	sra	x23,x7,x19	  x7:0x00000001 x19:0x8d34b8e5 x23=0x00000000
     315315.000 ns	     31530	800064c0	01729f33	sll	x30,x5,x23	  x5:0x00000000 x23:0x00000000 x30=0x00000000
     315325.000 ns	     31531	800064c4	7d260b13	addi	x22,x12,2002	 x12:0x72cb4a24 x22=0x72cb51f6
     315345.000 ns	     31533	800064c8	f00f8ad3	fmv.w.x	f21,x31	 x31:0x00000001 f21=0x00000001
     315365.000 ns	     31535	800064cc	00512933	slt	x18,x2,x5	  x2:0x00000001  x5:0x00000000 x18=0x00000000
     315375.000 ns	     31536	800064d0	40b389b3	sub	x19,x7,x11	  x7:0x00000001 x11:0x00000000 x19=0x00000001
     315415.000 ns	     31540	800064d4	0181f1d3	fadd.s	f3,f3,f24	  f3:0xffc00000 f24:0xc4000000  f3=0x7fc00000
     315445.000 ns	     31543	800064d8	21d928d3	fsgnjx.s	f17,f18,f29	 f18:0x00000000 f29:0x7fc00000 f17=0x00000000
     315475.000 ns	     31546	800064dc	e0089fd3	fclass.s	x31,f17	 f17:0x00000000 x31=0x00000010
     315505.000 ns	     31549	800064e0	03af1633	mulh	x12,x30,x26	 x30:0x00000000 x26:0x00000309 x12=0x00000000
     315525.000 ns	     31551	800064e4	00052033	slt	x0,x10,x0	 x10:0x00000000  x0:0x00000000
     315535.000 ns	     31552	800064e8	7828e593	ori	x11,x17,1922	 x17:0x00000008 x11=0x0000078a
     315865.000 ns	     31585	800064ec	19e17cd3	fdiv.s	f25,f2,f30	  f2:0xd117c000 f30:0xc4000000 f25=0x4c70f372
     315895.000 ns	     31588	800064f0	d0178dd3	fcvt.s.wu	f27,x15	 x15:0x00000001 f27=0x3f800000
     315915.000 ns	     31590	800064f4	b36c8393	addi	x7,x25,-1226	 x25:0x00000001  x7=0xfffffb37
     315925.000 ns	     31591	800064f8	01f6ec33	or	x24,x13,x31	 x13:0x72cb4a24 x31:0x00000010 x24=0x72cb4a34
     315945.000 ns	     31593	800064fc	03eacab3	div	x21,x21,x30	 x21:0x8d34b5dc x30:0x00000000 x21=0xffffffff
     315965.000 ns	     31595	80006500	4177d6b3	sra	x13,x15,x23	 x15:0x00000001 x23:0x00000000 x13=0x00000001
     315985.000 ns	     31597	80006504	0214d4b3	divu	x9,x9,x1	  x9:0x00000002  x1:0x00000000  x9=0xffffffff
     316035.000 ns	     31602	80006508	01d128d3	fadd.s	f17,f2,f29	  f2:0xd117c000 f29:0x7fc00000 f17=0x7fc00000
     316055.000 ns	     31604	8000650c	40995493	srai	x9,x18,0x9	 x18:0x00000000  x9=0x00000000
     316065.000 ns	     31605	80006510	01fe5333	srl	x6,x28,x31	 x28:0x00000000 x31:0x00000010  x6=0x00000000
     316085.000 ns	     31607	80006514	29549253	fmax.s	f4,f9,f21	  f9:0x4d8f3e80 f21:0x00000001  f4=0x4d8f3e80
     316115.000 ns	     31610	80006518	a0698bd3	fle.s	x23,f19,f6	 f19:0x7fc00000  f6:0x00000309 x23=0x00000000
     316135.000 ns	     31612	8000651c	41105c93	srai	x25,x0,0x11	  x0:0x00000000 x25=0x00000000
     316155.000 ns	     31614	80006520	f0060fd3	fmv.w.x	f31,x12	 x12:0x00000000 f31=0x00000000
     316185.000 ns	     31617	80006524	e00811d3	fclass.s	x3,f16	 f16:0x00000000  x3=0x00000010
     316205.000 ns	     31619	80006528	5bbe1f97	auipc	x31,0x5bbe1	 x31=0xdbbe7528
     316225.000 ns	     31621	8000652c	c00e7253	fcvt.w.s	x4,f28	 f28:0x7fc00000  x4=0x7fffffff
     316255.000 ns	     31624	80006530	a1c907d3	fle.s	x15,f18,f28	 f18:0x00000000 f28:0x7fc00000 x15=0x00000000
     316275.000 ns	     31626	80006534	01807433	and	x8,x0,x24	  x0:0x00000000 x24:0x72cb4a34  x8=0x00000000
     316605.000 ns	     31659	80006538	196cb053	fdiv.s	f0,f25,f22	 f25:0x4c70f372 f22:0xc4000000  f0=0xc7bf4af4
     316625.000 ns	     31661	8000653c	c7d50693	addi	x13,x10,-899	 x10:0x00000000 x13=0xfffffc7d
     316645.000 ns	     31663	80006540	209287d3	fsgnj.s	f15,f5,f9	  f5:0x00000000  f9:0x4d8f3e80 f15=0x00000000
     316675.000 ns	     31666	80006544	20d709d3	fsgnj.s	f19,f14,f13	 f14:0x00000000 f13:0xd117c000 f19=0x80000000
     316705.000 ns	     31669	80006548	e0041453	fclass.s	x8,f8	  f8:0xff800000  x8=0x00000001
     316725.000 ns	     31671	8000654c	96faae93	slti	x29,x21,-1681	 x21:0xffffffff x29=0x00000000
     316735.000 ns	     31672	80006550	37330693	addi	x13,x6,883	  x6:0x00000000 x13=0x00000373
     316755.000 ns	     31674	80006554	21c00fd3	fsgnj.s	f31,f0,f28	  f0:0xc7bf4af4 f28:0x7fc00000 f31=0x47bf4af4
     316775.000 ns	     31676	80006558	00fe0eb3	add	x29,x28,x15	 x28:0x00000000 x15:0x00000000 x29=0x00000000
     316785.000 ns	     31677	8000655c	258b2113	slti	x2,x22,600	 x22:0x72cb51f6  x2=0x00000000
     316825.000 ns	     31681	80006560	09060bd3	fsub.s	f23,f12,f16	 f12:0x4f000410 f16:0x00000000 f23=0x4f000410
     316855.000 ns	     31684	80006564	03976eb3	rem	x29,x14,x25	 x14:0x72cb4a24 x25:0x00000000 x29=0x72cb4a24
     316875.000 ns	     31686	80006568	00b99a93	slli	x21,x19,0xb	 x19:0x00000001 x21=0x00000800
     316895.000 ns	     31688	8000656c	a0380653	fle.s	x12,f16,f3	 f16:0x00000000  f3:0x7fc00000 x12=0x00000000
     316915.000 ns	     31690	80006570	415ed893	srai	x17,x29,0x15	 x29:0x72cb4a24 x17=0x00000396
     316945.000 ns	     31693	80006574	5809fd53	fsqrt.s	f26,f19	 f19:0x80000000 f26=0x80000000
     316965.000 ns	     31695	80006578	01499f93	slli	x31,x19,0x14	 x19:0x00000001 x31=0x00100000
     316975.000 ns	     31696	8000657c	01be1fb3	sll	x31,x28,x27	 x28:0x00000000 x27:0x00000000 x31=0x00000000
     316985.000 ns	     31697	80006580	0048bab3	sltu	x21,x17,x4	 x17:0x00000396  x4:0x7fffffff x21=0x00000001
     316995.000 ns	     31698	80006584	0ab8bb13	sltiu	x22,x17,171	 x17:0x00000396 x22=0x00000000
     317005.000 ns	     31699	80006588	07aa0b93	addi	x23,x20,122	 x20:0x80041024 x23=0x8004109e
     317025.000 ns	     31701	8000658c	a07b28d3	feq.s	x17,f22,f7	 f22:0xc4000000  f7:0x80000000 x17=0x00000000
     317045.000 ns	     31703	80006590	00e404b3	add	x9,x8,x14	  x8:0x00000001 x14:0x72cb4a24  x9=0x72cb4a25
     317055.000 ns	     31704	80006594	00dc51b3	srl	x3,x24,x13	 x24:0x72cb4a34 x13:0x00000373  x3=0x00000e59
     317075.000 ns	     31706	80006598	d01e70d3	fcvt.s.wu	f1,x28	 x28:0x00000000  f1=0x00000000
     317105.000 ns	     31709	8000659c	209d8853	fsgnj.s	f16,f27,f9	 f27:0x3f800000  f9:0x4d8f3e80 f16=0x3f800000
     317135.000 ns	     31712	800065a0	e00183d3	fmv.x.w	x7,f3	  f3:0x7fc00000  x7=0x7fc00000
     317155.000 ns	     31714	800065a4	4746e393	ori	x7,x13,1140	 x13:0x00000373  x7=0x00000777
     317175.000 ns	     31716	800065a8	280111d3	fmax.s	f3,f2,f0	  f2:0xd117c000  f0:0xc7bf4af4  f3=0xc7bf4af4
     317195.000 ns	     31718	800065ac	ab1b4b93	xori	x23,x22,-1359	 x22:0x00000000 x23=0xfffffab1
     317215.000 ns	     31720	800065b0	f00b00d3	fmv.w.x	f1,x22	 x22:0x00000000  f1=0x00000000
     317235.000 ns	     31722	800065b4	c507a593	slti	x11,x15,-944	 x15:0x00000000 x11=0x00000000
     317245.000 ns	     31723	800065b8	94adb993	sltiu	x19,x27,-1718	 x27:0x00000000 x19=0x00000001
     317255.000 ns	     31724	800065bc	012987b3	add	x15,x19,x18	 x19:0x00000001 x18:0x00000000 x15=0x00000001
     317275.000 ns	     31726	800065c0	f00c0e53	fmv.w.x	f28,x24	 x24:0x72cb4a34 f28=0x72cb4a34
     317305.000 ns	     31729	800065c4	d0117853	fcvt.s.wu	f16,x2	  x2:0x00000000 f16=0x00000000
     317335.000 ns	     31732	800065c8	206a8553	fsgnj.s	f10,f21,f6	 f21:0x00000001  f6:0x00000309 f10=0x00000001
     317355.000 ns	     31734	800065cc	3f6ce893	ori	x17,x25,1014	 x25:0x00000000 x17=0x000003f6
     317685.000 ns	     31767	800065d0	196ffe53	fdiv.s	f28,f31,f22	 f31:0x47bf4af4 f22:0xc4000000 f28=0xc317de69
     317705.000 ns	     31769	800065d4	002bcab3	xor	x21,x23,x2	 x23:0xfffffab1  x2:0x00000000 x21=0xfffffab1
     318065.000 ns	     31805	800065d8	02754933	div	x18,x10,x7	 x10:0x00000000  x7:0x00000777 x18=0x00000000
     318085.000 ns	     31807	800065dc	413e8933	sub	x18,x29,x19	 x29:0x72cb4a24 x19:0x00000001 x18=0x72cb4a23
     318095.000 ns	     31808	800065e0	01ca2533	slt	x10,x20,x28	 x20:0x80041024 x28:0x00000000 x10=0x00000001
     318115.000 ns	     31810	800065e4	211298d3	fsgnjn.s	f17,f5,f17	  f5:0x00000000 f17:0x7fc00000 f17=0x80000000
     318135.000 ns	     31812	800065e8	005b5433	srl	x8,x22,x5	 x22:0x00000000  x5:0x00000000  x8=0x00000000
     318145.000 ns	     31813	800065ec	41f25db3	sra	x27,x4,x31	  x4:0x7fffffff x31:0x00000000 x27=0x7fffffff
     318165.000 ns	     31815	800065f0	21d42bd3	fsgnjx.s	f23,f8,f29	  f8:0xff800000 f29:0x7fc00000 f23=0xff800000
     318195.000 ns	     31818	800065f4	03b4b133	mulhu	x2,x9,x27	  x9:0x72cb4a25 x27:0x00000000  x2=0x3965a512
     318225.000 ns	     31821	800065f8	21e289d3	fsgnj.s	f19,f5,f30	  f5:0x00000000 f30:0xc4000000 f19=0x80000000
     318255.000 ns	     31824	800065fc	c008c253	fcvt.w.s	x4,f17	 f17:0x80000000  x4=0x00000000
     318285.000 ns	     31827	80006600	d01e0953	fcvt.s.wu	f18,x28	 x28:0x00000000 f18=0x00000000
     318315.000 ns	     31830	80006604	d018ab53	fcvt.s.wu	f22,x17	 x17:0x000003f6 f22=0x447d8000
     318345.000 ns	     31833	80006608	f00385d3	fmv.w.x	f11,x7	  x7:0x00000777 f11=0x00000777
     318365.000 ns	     31835	8000660c	cb81bf13	sltiu	x30,x3,-840	  x3:0x00000e59 x30=0x00000001
     318385.000 ns	     31837	80006610	02b7e333	rem	x6,x15,x11	 x15:0x00000001 x11:0x00000000  x6=0x00000001
     318405.000 ns	     31839	80006614	8a2b4413	xori	x8,x22,-1886	 x22:0x00000000  x8=0xfffff8a2
     318415.000 ns	     31840	80006618	003d5b13	srli	x22,x26,0x3	 x26:0x00000309 x22=0x00000061
     318775.000 ns	     31876	8000661c	03256633	rem	x12,x10,x18	 x10:0x00000001 x18:0x72cb4a23 x12=0x00000001
     318805.000 ns	     31879	80006620	a1132fd3	feq.s	x31,f6,f17	  f6:0x00000309 f17:0x80000000 x31=0x00000000
     318825.000 ns	     31881	80006624	d56dc793	xori	x15,x27,-682	 x27:0x7fffffff x15=0x800002a9
     318845.000 ns	     31883	80006628	a19810d3	flt.s	x1,f16,f25	 f16:0x00000000 f25:0x4c70f372  x1=0x00000001
     318865.000 ns	     31885	8000662c	c5df4a93	xori	x21,x30,-931	 x30:0x00000001 x21=0xfffffc5c
     318885.000 ns	     31887	80006630	f0028153	fmv.w.x	f2,x5	  x5:0x00000000  f2=0x00000000
     318905.000 ns	     31889	80006634	82df2f93	slti	x31,x30,-2003	 x30:0x00000001 x31=0x00000000
     318945.000 ns	     31893	80006638	008bf8d3	fadd.s	f17,f23,f8	 f23:0xff800000  f8:0xff800000 f17=0x80000000
     318975.000 ns	     31896	8000663c	207117d3	fsgnjn.s	f15,f2,f7	  f2:0x00000000  f7:0x80000000 f15=0x00000000
     319345.000 ns	     31933	80006640	02e2ccb3	div	x25,x5,x14	  x5:0x00000000 x14:0x72cb4a24 x25=0x00000000
     319375.000 ns	     31936	80006644	a01f1dd3	flt.s	x27,f30,f1	 f30:0xc4000000  f1:0x00000000 x27=0x00000001
     319405.000 ns	     31939	80006648	e00f0c53	fmv.x.w	x24,f30	 f30:0xc4000000 x24=0xc4000000
     319435.000 ns	     31942	8000664c	c01d8653	fcvt.wu.s	x12,f27	 f27:0x3f800000 x12=0x00000001
     319465.000 ns	     31945	80006650	02693433	mulhu	x8,x18,x6	 x18:0x72cb4a23  x6:0x00000001  x8=0x00000000
     319485.000 ns	     31947	80006654	01069493	slli	x9,x13,0x10	 x13:0x00000373  x9=0x03730000
     319495.000 ns	     31948	80006658	ed5a7493	andi	x9,x20,-299	 x20:0x80041024  x9=0x80041004
     319505.000 ns	     31949	8000665c	01f648b3	xor	x17,x12,x31	 x12:0x00000001 x31:0x00000000 x17=0x00000001
     319525.000 ns	     31951	80006660	03010f33	mul	x30,x2,x16	  x2:0x3965a512 x16:0x80040fe4 x30=0xa77b1208
     319555.000 ns	     31954	80006664	02494c33	div	x24,x18,x4	 x18:0x72cb4a23  x4:0x00000000 x24=0xffffffff
     319925.000 ns	     31991	80006668	023c41b3	div	x3,x24,x3	 x24:0xc4000000  x3:0x00000e59  x3=0x00000000
     319945.000 ns	     31993	8000666c	00363b33	sltu	x22,x12,x3	 x12:0x00000001  x3:0x00000e59 x22=0x00000000
     320305.000 ns	     32029	80006670	031951b3	divu	x3,x18,x17	 x18:0x72cb4a23 x17:0x00000001  x3=0x72cb4a23
     320325.000 ns	     32031	80006674	014ef4b3	and	x9,x29,x20	 x29:0x72cb4a24 x20:0x80041024  x9=0x00000024
     320345.000 ns	     32033	80006678	02713b33	mulhu	x22,x2,x7	  x2:0x3965a512  x7:0x00000777 x22=0x000001ac
     320395.000 ns	     32038	8000667c	014c4753	fadd.s	f14,f24,f20	 f24:0xc4000000 f20:0x7fc00000 f14=0x7fc00000
     320415.000 ns	     32040	80006680	00e03cb3	sltu	x25,x0,x14	  x0:0x00000000 x14:0x72cb4a24 x25=0x00000001
     320425.000 ns	     32041	80006684	e3a53517	auipc	x10,0xe3a53	 x10=0x63a59684
     320435.000 ns	     32042	80006688	00000013	addi	x0,x0,0	  x0:0x00000000
     320455.000 ns	     32044	8000668c	2150abd3	fsgnjx.s	f23,f1,f21	  f1:0x00000000 f21:0x00000001 f23=0x00000000
     320825.000 ns	     32081	80006690	03487e33	remu	x28,x16,x20	 x16:0x80040fe4 x20:0x80041024 x28=0x80040fe4
     320855.000 ns	     32084	80006694	21e32853	fsgnjx.s	f16,f6,f30	  f6:0x00000309 f30:0xc4000000 f16=0x80000309
     320875.000 ns	     32086	80006698	ca0b3017	auipc	x0,0xca0b3	
     320915.000 ns	     32090	8000669c	01a07953	fadd.s	f18,f0,f26	  f0:0xc7bf4af4 f26:0x80000000 f18=0xc7bf4af4
     320935.000 ns	     32092	800066a0	baa08b13	addi	x22,x1,-1110	  x1:0x00000001 x22=0xfffffbab
     320955.000 ns	     32094	800066a4	02bacf33	div	x30,x21,x11	 x21:0xfffffc5c x11:0x00000000 x30=0xffffffff
     320975.000 ns	     32096	800066a8	8c9e4017	auipc	x0,0x8c9e4	
     320995.000 ns	     32098	800066ac	02e58233	mul	x4,x11,x14	 x11:0x00000000 x14:0x72cb4a24  x4=0x00000000
     321015.000 ns	     32100	800066b0	6f562e13	slti	x28,x12,1781	 x12:0x00000001 x28=0x00000001
     321035.000 ns	     32102	800066b4	c01f79d3	fcvt.wu.s	x19,f30	 f30:0xc4000000 x19=0x00000200
     322215.000 ns	     32220	800066b8	580242d3	fsqrt.s	f5,f4	  f4:0x4d8f3e80  f5=0x4687682a
     322245.000 ns	     32223	800066bc	28000bd3	fmin.s	f23,f0,f0	  f0:0xc7bf4af4  f0:0xc7bf4af4 f23=0xc7bf4af4
     322275.000 ns	     32226	800066c0	f00e82d3	fmv.w.x	f5,x29	 x29:0x72cb4a24  f5=0x72cb4a24
     322295.000 ns	     32228	800066c4	00000013	addi	x0,x0,0	  x0:0x00000000
     322305.000 ns	     32229	800066c8	011119b3	sll	x19,x2,x17	  x2:0x3965a512 x17:0x00000001 x19=0x72cb4a24
     322315.000 ns	     32230	800066cc	dc728e93	addi	x29,x5,-569	  x5:0x00000000 x29=0xfffffdc7
     322675.000 ns	     32266	800066d0	036062b3	rem	x5,x0,x22	  x0:0x00000000 x22:0xfffffbab  x5=0x00000000
     322705.000 ns	     32269	800066d4	f00e86d3	fmv.w.x	f13,x29	 x29:0x72cb4a24 f13=0xfffffdc7
     322725.000 ns	     32271	800066d8	41eb8bb3	sub	x23,x23,x30	 x23:0xfffffab1 x30:0xffffffff x23=0xfffffab2
     322735.000 ns	     32272	800066dc	bf297f13	andi	x30,x18,-1038	 x18:0x72cb4a23 x30=0x72cb4a22
     323095.000 ns	     32308	800066e0	0326cfb3	div	x31,x13,x18	 x13:0x00000373 x18:0x72cb4a23 x31=0x00000000
     323125.000 ns	     32311	800066e4	0246c9b3	div	x19,x13,x4	 x13:0x00000373  x4:0x00000000 x19=0xffffffff
     323155.000 ns	     32314	800066e8	f0070853	fmv.w.x	f16,x14	 x14:0x72cb4a24 f16=0x72cb4a24
     323195.000 ns	     32318	800066ec	182870d3	fdiv.s	f1,f16,f2	 f16:0x80000309  f2:0x00000000  f1=0x7f800000
     323215.000 ns	     32320	800066f0	b6acc913	xori	x18,x25,-1174	 x25:0x00000001 x18=0xfffffb6b
     323545.000 ns	     32353	800066f4	189b41d3	fdiv.s	f3,f22,f9	 f22:0x447d8000  f9:0x4d8f3e80  f3=0x35fd8000
     323565.000 ns	     32355	800066f8	00589a93	slli	x21,x17,0x5	 x17:0x00000001 x21=0x00000020
     323575.000 ns	     32356	800066fc	41150233	sub	x4,x10,x17	 x10:0x63a59684 x17:0x00000001  x4=0x63a59683
     323595.000 ns	     32358	80006700	a19d9e53	flt.s	x28,f27,f25	 f27:0x3f800000 f25:0x4c70f372 x28=0x00000001
     323625.000 ns	     32361	80006704	f0060dd3	fmv.w.x	f27,x12	 x12:0x00000001 f27=0x00000001
     323665.000 ns	     32365	80006708	11094bd3	fmul.s	f23,f18,f16	 f18:0xc7bf4af4 f16:0x72cb4a24 f23=0xfb17e7d6
     323715.000 ns	     32370	8000670c	08f673d3	fsub.s	f7,f12,f15	 f12:0x4f000410 f15:0x00000000  f7=0x4f000410
     323745.000 ns	     32373	80006710	037a3e33	mulhu	x28,x20,x23	 x20:0x80041024 x23:0xfffffab2 x28=0x80040d7c
     323765.000 ns	     32375	80006714	deb6bb13	sltiu	x22,x13,-533	 x13:0x00000373 x22=0x00000001
     323785.000 ns	     32377	80006718	f00b06d3	fmv.w.x	f13,x22	 x22:0xfffffbab f13=0x00000001
     323825.000 ns	     32381	8000671c	193df453	fdiv.s	f8,f27,f19	 f27:0x00000001 f19:0x80000000  f8=0xff800000
     323855.000 ns	     32384	80006720	c018ff53	fcvt.wu.s	x30,f17	 f17:0x80000000 x30=0x00000000
     324225.000 ns	     32421	80006724	0362fbb3	remu	x23,x5,x22	  x5:0x00000000 x22:0x00000001 x23=0x00000000
     324255.000 ns	     32424	80006728	03fb6bb3	rem	x23,x22,x31	 x22:0x00000001 x31:0x00000000 x23=0x00000001
     324275.000 ns	     32426	8000672c	00e4d993	srli	x19,x9,0xe	  x9:0x00000024 x19=0x00000000
     324285.000 ns	     32427	80006730	013b23b3	slt	x7,x22,x19	 x22:0x00000001 x19:0xffffffff  x7=0x00000000
     324325.000 ns	     32431	80006734	094af453	fsub.s	f8,f21,f20	 f21:0x00000001 f20:0x7fc00000  f8=0x7fc00000
     324345.000 ns	     32433	80006738	0093e9b3	or	x19,x7,x9	  x7:0x00000777  x9:0x00000024 x19=0x00000024
     324355.000 ns	     32434	8000673c	aa3e6913	ori	x18,x28,-1373	 x28:0x80040d7c x18=0xffffffff
     324375.000 ns	     32436	80006740	a14d1e53	flt.s	x28,f26,f20	 f26:0x80000000 f20:0x7fc00000 x28=0x00000000
     324405.000 ns	     32439	80006744	02be0333	mul	x6,x28,x11	 x28:0x80040d7c x11:0x00000000  x6=0x00000000
     324775.000 ns	     32476	80006748	023c75b3	remu	x11,x24,x3	 x24:0xffffffff  x3:0x72cb4a23 x11=0x1a696bb9
     324795.000 ns	     32478	8000674c	01ab1933	sll	x18,x22,x26	 x22:0x00000001 x26:0x00000309 x18=0x00000200
     324805.000 ns	     32479	80006750	014dff33	and	x30,x27,x20	 x27:0x00000001 x20:0x80041024 x30=0x00000000
     324815.000 ns	     32480	80006754	378c7513	andi	x10,x24,888	 x24:0xffffffff x10=0x00000378
     324855.000 ns	     32484	80006758	09bf7d53	fsub.s	f26,f30,f27	 f30:0xc4000000 f27:0x00000001 f26=0xc4000000
     324875.000 ns	     32486	8000675c	01ef56b3	srl	x13,x30,x30	 x30:0x00000000 x30:0x00000000 x13=0x00000000
     324895.000 ns	     32488	80006760	d010c053	fcvt.s.wu	f0,x1	  x1:0x00000001  f0=0x3f800000
     324915.000 ns	     32490	80006764	a2d46293	ori	x5,x8,-1491	  x8:0x00000000  x5=0xfffffa2d
     324925.000 ns	     32491	80006768	056be313	ori	x6,x23,86	 x23:0x00000001  x6=0x00000057
     324965.000 ns	     32495	8000676c	01d5f453	fadd.s	f8,f11,f29	 f11:0x00000777 f29:0x7fc00000  f8=0x7fc00000
     325005.000 ns	     32499	80006770	18e43653	fdiv.s	f12,f8,f14	  f8:0x7fc00000 f14:0x7fc00000 f12=0x7fc00000
     325035.000 ns	     32502	80006774	a17d13d3	flt.s	x7,f26,f23	 f26:0xc4000000 f23:0xfb17e7d6  x7=0x00000000
     325065.000 ns	     32505	80006778	a1540ad3	fle.s	x21,f8,f21	  f8:0x7fc00000 f21:0x00000001 x21=0x00000000
     325095.000 ns	     32508	8000677c	02ae2d33	mulhsu	x26,x28,x10	 x28:0x00000000 x10:0x00000378 x26=0x00000000
     325125.000 ns	     32511	80006780	21250fd3	fsgnj.s	f31,f10,f18	 f10:0x00000001 f18:0xc7bf4af4 f31=0x80000001
     325155.000 ns	     32514	80006784	d0140653	fcvt.s.wu	f12,x8	  x8:0x00000000 f12=0x00000000
     325205.000 ns	     32519	80006788	089e16d3	fsub.s	f13,f28,f9	 f28:0xc317de69  f9:0x4d8f3e80 f13=0xcd8f3e84
     325225.000 ns	     32521	8000678c	006c4333	xor	x6,x24,x6	 x24:0xffffffff  x6:0x00000057  x6=0xffffffa8
     325235.000 ns	     32522	80006790	011f17b3	sll	x15,x30,x17	 x30:0x00000000 x17:0x00000001 x15=0x00000000
     325245.000 ns	     32523	80006794	01e2a933	slt	x18,x5,x30	  x5:0xfffffa2d x30:0x00000000 x18=0x00000001
     325265.000 ns	     32525	80006798	e00f0cd3	fmv.x.w	x25,f30	 f30:0xc4000000 x25=0xc4000000
     325285.000 ns	     32527	8000679c	01d55b93	srli	x23,x10,0x1d	 x10:0x00000378 x23=0x00000000
     325305.000 ns	     32529	800067a0	f0090b53	fmv.w.x	f22,x18	 x18:0x00000001 f22=0x00000001
     325335.000 ns	     32532	800067a4	29a88a53	fmin.s	f20,f17,f26	 f17:0x80000000 f26:0xc4000000 f20=0xc4000000
     325365.000 ns	     32535	800067a8	a0e300d3	fle.s	x1,f6,f14	  f6:0x00000309 f14:0x7fc00000  x1=0x00000000
     325415.000 ns	     32540	800067ac	015f1153	fadd.s	f2,f30,f21	 f30:0xc4000000 f21:0x00000001  f2=0xc4000000
     325785.000 ns	     32577	800067b0	03604db3	div	x27,x0,x22	  x0:0x00000000 x22:0x00000001 x27=0x00000000
     325815.000 ns	     32580	800067b4	02f314b3	mulh	x9,x6,x15	  x6:0xffffffa8 x15:0x00000000  x9=0x00000000
     325835.000 ns	     32582	800067b8	6a8a0993	addi	x19,x20,1704	 x20:0x80041024 x19=0x800416cc
     325855.000 ns	     32584	800067bc	f0090ed3	fmv.w.x	f29,x18	 x18:0x00000001 f29=0x00000001
     325905.000 ns	     32589	800067c0	01cec7d3	fadd.s	f15,f29,f28	 f29:0x7fc00000 f28:0xc317de69 f15=0xc317de69
     325935.000 ns	     32592	800067c4	28721d53	fmax.s	f26,f4,f7	  f4:0x4d8f3e80  f7:0x4f000410 f26=0x4f000410
     326305.000 ns	     32629	800067c8	0349d1b3	divu	x3,x19,x20	 x19:0x800416cc x20:0x80041024  x3=0x00000001
     326335.000 ns	     32632	800067cc	c01b7bd3	fcvt.wu.s	x23,f22	 f22:0x00000001 x23=0x00000000
     326365.000 ns	     32635	800067d0	e0038453	fmv.x.w	x8,f7	  f7:0x4f000410  x8=0x4f000410
     326385.000 ns	     32637	800067d4	401cd8b3	sra	x17,x25,x1	 x25:0xc4000000  x1:0x00000000 x17=0xc4000000
     326745.000 ns	     32673	800067d8	025ad933	divu	x18,x21,x5	 x21:0x00000000  x5:0xfffffa2d x18=0x00000000
     326775.000 ns	     32676	800067dc	0247b533	mulhu	x10,x15,x4	 x15:0x00000000  x4:0x63a59683 x10=0x00000000
     326795.000 ns	     32678	800067e0	01a65c33	srl	x24,x12,x26	 x12:0x00000001 x26:0x00000000 x24=0x00000001
     326805.000 ns	     32679	800067e4	00963233	sltu	x4,x12,x9	 x12:0x00000001  x9:0x00000000  x4=0x00000000
     326825.000 ns	     32681	800067e8	2125a6d3	fsgnjx.s	f13,f11,f18	 f11:0x00000777 f18:0xc7bf4af4 f13=0x80000777
     326855.000 ns	     32684	800067ec	20fa9953	fsgnjn.s	f18,f21,f15	 f21:0x00000001 f15:0xc317de69 f18=0x00000001
     326875.000 ns	     32686	800067f0	0129fcb3	and	x25,x19,x18	 x19:0x800416cc x18:0x00000000 x25=0x00000000
     326885.000 ns	     32687	800067f4	407dd693	srai	x13,x27,0x7	 x27:0x00000000 x13=0x00000000
     326895.000 ns	     32688	800067f8	01e2a1b3	slt	x3,x5,x30	  x5:0xfffffa2d x30:0x00000000  x3=0x00000001
     326915.000 ns	     32690	800067fc	e0031053	fclass.s	x0,f6	  f6:0x00000309
     326935.000 ns	     32692	80006800	01c9dfb3	srl	x31,x19,x28	 x19:0x800416cc x28:0x00000000 x31=0x800416cc
     326955.000 ns	     32694	80006804	0376cd33	div	x26,x13,x23	 x13:0x00000000 x23:0x00000000 x26=0xffffffff
     326975.000 ns	     32696	80006808	3a728b93	addi	x23,x5,935	  x5:0xfffffa2d x23=0xfffffdd4
     327005.000 ns	     32699	8000680c	1186fe53	fmul.s	f28,f13,f24	 f13:0x80000777 f24:0xc4000000 f28=0x000eee00
     327035.000 ns	     32702	80006810	29b90353	fmin.s	f6,f18,f27	 f18:0x00000001 f27:0x00000001  f6=0x00000001
     327055.000 ns	     32704	80006814	00000013	addi	x0,x0,0	  x0:0x00000000
     327065.000 ns	     32705	80006818	01ed35b3	sltu	x11,x26,x30	 x26:0xffffffff x30:0x00000000 x11=0x00000000
     327085.000 ns	     32707	8000681c	02fc1b33	mulh	x22,x24,x15	 x24:0x00000001 x15:0x00000000 x22=0x00000000
     327115.000 ns	     32710	80006820	28c10fd3	fmin.s	f31,f2,f12	  f2:0xc4000000 f12:0x00000000 f31=0xc4000000
     327145.000 ns	     32713	80006824	28f39853	fmax.s	f16,f7,f15	  f7:0x4f000410 f15:0xc317de69 f16=0x4f000410
     327175.000 ns	     32716	80006828	20d38a53	fsgnj.s	f20,f7,f13	  f7:0x4f000410 f13:0x80000777 f20=0xcf000410
     327195.000 ns	     32718	8000682c	2b750017	auipc	x0,0x2b750	
     327205.000 ns	     32719	80006830	99e2fc93	andi	x25,x5,-1634	  x5:0xfffffa2d x25=0xfffff80c
     327215.000 ns	     32720	80006834	9b320d93	addi	x27,x4,-1613	  x4:0x00000000 x27=0xfffff9b3
     327225.000 ns	     32721	80006838	01bbfc33	and	x24,x23,x27	 x23:0xfffffdd4 x27:0x00000000 x24=0xfffff990
     327245.000 ns	     32723	8000683c	02f2adb3	mulhsu	x27,x5,x15	  x5:0xfffffa2d x15:0x00000000 x27=0x00000000
     327265.000 ns	     32725	80006840	009ad093	srli	x1,x21,0x9	 x21:0x00000000  x1=0x00000000
     327285.000 ns	     32727	80006844	d0078bd3	fcvt.s.w	f23,x15	 x15:0x00000000 f23=0x00000000
     327315.000 ns	     32730	80006848	20130cd3	fsgnj.s	f25,f6,f1	  f6:0x00000001  f1:0x7f800000 f25=0x00000001
     327345.000 ns	     32733	8000684c	a1ef2b53	feq.s	x22,f30,f30	 f30:0xc4000000 f30:0xc4000000 x22=0x00000001
     327375.000 ns	     32736	80006850	c010f053	fcvt.wu.s	x0,f1	  f1:0x7f800000
     327745.000 ns	     32773	80006854	03a3cdb3	div	x27,x7,x26	  x7:0x00000000 x26:0xffffffff x27=0x00000000
     327775.000 ns	     32776	80006858	a1598cd3	fle.s	x25,f19,f21	 f19:0x80000000 f21:0x00000001 x25=0x00000001
     327795.000 ns	     32778	8000685c	01857ab3	and	x21,x10,x24	 x10:0x00000000 x24:0xfffff990 x21=0x00000000
     327815.000 ns	     32780	80006860	f00084d3	fmv.w.x	f9,x1	  x1:0x00000000  f9=0x00000000
     328185.000 ns	     32817	80006864	0311ecb3	rem	x25,x3,x17	  x3:0x00000001 x17:0xc4000000 x25=0x00000001
     328215.000 ns	     32820	80006868	c00a77d3	fcvt.w.s	x15,f20	 f20:0xcf000410 x15=0x80000000
     328245.000 ns	     32823	8000686c	c01abd53	fcvt.wu.s	x26,f21	 f21:0x00000001 x26=0x00000000
     328275.000 ns	     32826	80006870	2085a5d3	fsgnjx.s	f11,f11,f8	 f11:0x00000777  f8:0x7fc00000 f11=0x00000777
     328305.000 ns	     32829	80006874	299684d3	fmin.s	f9,f13,f25	 f13:0x80000777 f25:0x00000001  f9=0x80000777
     328325.000 ns	     32831	80006878	07676e13	ori	x28,x14,118	 x14:0x72cb4a24 x28=0x72cb4a76
     328345.000 ns	     32833	8000687c	03e199b3	mulh	x19,x3,x30	  x3:0x00000001 x30:0x00000000 x19=0x00000000
     328365.000 ns	     32835	80006880	ab297793	andi	x15,x18,-1358	 x18:0x00000000 x15=0x00000000
     328385.000 ns	     32837	80006884	a133a3d3	feq.s	x7,f7,f19	  f7:0x4f000410 f19:0x80000000  x7=0x00000000
     328405.000 ns	     32839	80006888	00351993	slli	x19,x10,0x3	 x10:0x00000000 x19=0x00000000
     328425.000 ns	     32841	8000688c	a011aad3	feq.s	x21,f3,f1	  f3:0x35fd8000  f1:0x7f800000 x21=0x00000000
     328455.000 ns	     32844	80006890	027a2033	mulhsu	x0,x20,x7	 x20:0x80041024  x7:0x00000000
     328485.000 ns	     32847	80006894	a1062053	feq.s	x0,f12,f16	 f12:0x00000000 f16:0x4f000410
     328505.000 ns	     32849	80006898	00d887b3	add	x15,x17,x13	 x17:0xc4000000 x13:0x00000000 x15=0xc4000000
     328525.000 ns	     32851	8000689c	0337ebb3	rem	x23,x15,x19	 x15:0x00000000 x19:0x00000000 x23=0xc4000000
     328555.000 ns	     32854	800068a0	28969353	fmax.s	f6,f13,f9	 f13:0x80000777  f9:0x80000777  f6=0x80000777
     328575.000 ns	     32856	800068a4	3644fe13	andi	x28,x9,868	  x9:0x00000000 x28=0x00000000
     328595.000 ns	     32858	800068a8	21422253	fsgnjx.s	f4,f4,f20	  f4:0x4d8f3e80 f20:0xcf000410  f4=0xcd8f3e80
     328615.000 ns	     32860	800068ac	01674bb3	xor	x23,x14,x22	 x14:0x72cb4a24 x22:0x00000001 x23=0x72cb4a25
     328635.000 ns	     32862	800068b0	0278afb3	mulhsu	x31,x17,x7	 x17:0xc4000000  x7:0x00000000 x31=0x00000000
     328655.000 ns	     32864	800068b4	5a804213	xori	x4,x0,1448	  x0:0x00000000  x4=0x000005a8
     328665.000 ns	     32865	800068b8	006270b3	and	x1,x4,x6	  x4:0x00000000  x6:0xffffffa8  x1=0x000005a8
     328675.000 ns	     32866	800068bc	017cd2b3	srl	x5,x25,x23	 x25:0x00000001 x23:0x72cb4a25  x5=0x00000000
     328685.000 ns	     32867	800068c0	00aa84b3	add	x9,x21,x10	 x21:0x00000000 x10:0x00000000  x9=0x00000000
     328695.000 ns	     32868	800068c4	404eda93	srai	x21,x29,0x4	 x29:0xfffffdc7 x21=0xffffffdc
     328715.000 ns	     32870	800068c8	029cf233	remu	x4,x25,x9	 x25:0x00000001  x9:0x00000000  x4=0x00000001
     328745.000 ns	     32873	800068cc	02917db3	remu	x27,x2,x9	  x2:0x3965a512  x9:0x00000000 x27=0x3965a512
     328775.000 ns	     32876	800068d0	a1c3aad3	feq.s	x21,f7,f28	  f7:0x4f000410 f28:0x000eee00 x21=0x00000000
     328805.000 ns	     32879	800068d4	a1e596d3	flt.s	x13,f11,f30	 f11:0x00000777 f30:0xc4000000 x13=0x00000000
     328835.000 ns	     32882	800068d8	03efc933	div	x18,x31,x30	 x31:0x00000000 x30:0x00000000 x18=0xffffffff
     328885.000 ns	     32887	800068dc	09ad7453	fsub.s	f8,f26,f26	 f26:0x4f000410 f26:0x4f000410  f8=0x80000000
     328905.000 ns	     32889	800068e0	4013d533	sra	x10,x7,x1	  x7:0x00000000  x1:0x000005a8 x10=0x00000000
     328915.000 ns	     32890	800068e4	ba658413	addi	x8,x11,-1114	 x11:0x00000000  x8=0xfffffba6
     328925.000 ns	     32891	800068e8	0147cc33	xor	x24,x15,x20	 x15:0xc4000000 x20:0x80041024 x24=0x44041024
     328945.000 ns	     32893	800068ec	d00f77d3	fcvt.s.w	f15,x30	 x30:0x00000000 f15=0x00000000
     328975.000 ns	     32896	800068f0	21ab2c53	fsgnjx.s	f24,f22,f26	 f22:0x00000001 f26:0x4f000410 f24=0x00000001
     328995.000 ns	     32898	800068f4	39ac7293	andi	x5,x24,922	 x24:0x44041024  x5=0x00000000
     329005.000 ns	     32899	800068f8	3e45f993	andi	x19,x11,996	 x11:0x00000000 x19=0x00000000
     329015.000 ns	     32900	800068fc	00a03233	sltu	x4,x0,x10	  x0:0x00000000 x10:0x00000000  x4=0x00000000
     329025.000 ns	     32901	80006900	00028633	add	x12,x5,x0	  x5:0x00000000  x0:0x00000000 x12=0x00000000
     329045.000 ns	     32903	80006904	a0368553	fle.s	x10,f13,f3	 f13:0x80000777  f3:0x35fd8000 x10=0x00000001
     329095.000 ns	     32908	80006908	09159153	fsub.s	f2,f11,f17	 f11:0x00000777 f17:0x80000000  f2=0x00000777
     329115.000 ns	     32910	8000690c	a184ae13	slti	x28,x9,-1512	  x9:0x00000000 x28=0x00000000
     329135.000 ns	     32912	80006910	a0282dd3	feq.s	x27,f16,f2	 f16:0x4f000410  f2:0x00000777 x27=0x00000000
     329165.000 ns	     32915	80006914	21f70f53	fsgnj.s	f30,f14,f31	 f14:0x7fc00000 f31:0xc4000000 f30=0xffc00000
     329185.000 ns	     32917	80006918	00955993	srli	x19,x10,0x9	 x10:0x00000001 x19=0x00000000
     329195.000 ns	     32918	8000691c	a5434493	xori	x9,x6,-1452	  x6:0xffffffa8  x9=0x000005fc
     329205.000 ns	     32919	80006920	403e53b3	sra	x7,x28,x3	 x28:0x00000000  x3:0x00000001  x7=0x00000000
     329225.000 ns	     32921	80006924	a0dd1bd3	flt.s	x23,f26,f13	 f26:0x4f000410 f13:0x80000777 x23=0x00000000
     329245.000 ns	     32923	80006928	12528113	addi	x2,x5,293	  x5:0x00000000  x2=0x00000125
     329285.000 ns	     32927	8000692c	0107f3d3	fadd.s	f7,f15,f16	 f15:0x00000000 f16:0x4f000410  f7=0x4f000410
     329305.000 ns	     32929	80006930	20fe7c13	andi	x24,x28,527	 x28:0x00000000 x24=0x00000000
     329325.000 ns	     32931	80006934	c00af153	fcvt.w.s	x2,f21	 f21:0x00000001  x2=0x00000000
     329345.000 ns	     32933	80006938	8b0db913	sltiu	x18,x27,-1872	 x27:0x00000000 x18=0x00000001
     329365.000 ns	     32935	8000693c	e00c8dd3	fmv.x.w	x27,f25	 f25:0x00000001 x27=0x00000001
     329395.000 ns	     32938	80006940	c015f053	fcvt.wu.s	x0,f11	 f11:0x00000777
     329425.000 ns	     32941	80006944	f00688d3	fmv.w.x	f17,x13	 x13:0x00000000 f17=0x00000000
     329445.000 ns	     32943	80006948	01a37633	and	x12,x6,x26	  x6:0xffffffa8 x26:0x00000000 x12=0x00000000
     329465.000 ns	     32945	8000694c	023590b3	mulh	x1,x11,x3	 x11:0x00000000  x3:0x00000001  x1=0x00000000
     329495.000 ns	     32948	80006950	20c725d3	fsgnjx.s	f11,f14,f12	 f14:0x7fc00000 f12:0x00000000 f11=0x7fc00000
     329515.000 ns	     32950	80006954	0009b7b3	sltu	x15,x19,x0	 x19:0x00000000  x0:0x00000000 x15=0x00000000
     329525.000 ns	     32951	80006958	01b070b3	and	x1,x0,x27	  x0:0x00000000 x27:0x00000001  x1=0x00000000
     329545.000 ns	     32953	8000695c	f00f09d3	fmv.w.x	f19,x30	 x30:0x00000000 f19=0x00000000
     329585.000 ns	     32957	80006960	580370d3	fsqrt.s	f1,f6	  f6:0x80000777  f1=0x7fc00000
     329615.000 ns	     32960	80006964	e00f1b53	fclass.s	x22,f30	 f30:0xffc00000 x22=0x00000200
     329645.000 ns	     32963	80006968	a14ca053	feq.s	x0,f25,f20	 f25:0x00000001 f20:0xcf000410
     329685.000 ns	     32967	8000696c	58079553	fsqrt.s	f10,f15	 f15:0x00000000 f10=0x00000000
     329705.000 ns	     32969	80006970	0690f793	andi	x15,x1,105	  x1:0x00000000 x15=0x00000000
     329725.000 ns	     32971	80006974	d0087e53	fcvt.s.w	f28,x16	 x16:0x80040fe4 f28=0xcefff7e0
     329755.000 ns	     32974	80006978	03b59ab3	mulh	x21,x11,x27	 x11:0x00000000 x27:0x00000001 x21=0x00000000
     329805.000 ns	     32979	8000697c	00af79d3	fadd.s	f19,f30,f10	 f30:0xffc00000 f10:0x00000000 f19=0x7fc00000
     329835.000 ns	     32982	80006980	035707b3	mul	x15,x14,x21	 x14:0x72cb4a24 x21:0x00000000 x15=0x00000000
     329865.000 ns	     32985	80006984	29039053	fmax.s	f0,f7,f16	  f7:0x4f000410 f16:0x4f000410  f0=0x4f000410
     329885.000 ns	     32987	80006988	00000013	addi	x0,x0,0	  x0:0x00000000
     329905.000 ns	     32989	8000698c	03889d33	mulh	x26,x17,x24	 x17:0xc4000000 x24:0x00000000 x26=0x00000000
     329945.000 ns	     32993	80006990	5804a4d3	fsqrt.s	f9,f9	  f9:0x80000777  f9=0x7fc00000
     329995.000 ns	     32998	80006994	01100053	fadd.s	f0,f0,f17	  f0:0x4f000410 f17:0x00000000  f0=0x4f000410
     330025.000 ns	     33001	80006998	292a85d3	fmin.s	f11,f21,f18	 f21:0x00000001 f18:0x00000001 f11=0x00000001
     330045.000 ns	     33003	8000699c	41a5da93	srai	x21,x11,0x1a	 x11:0x00000000 x21=0x00000000
     330055.000 ns	     33004	800069a0	0010d0b3	srl	x1,x1,x1	  x1:0x00000000  x1:0x00000000  x1=0x00000000
     330075.000 ns	     33006	800069a4	287380d3	fmin.s	f1,f7,f7	  f7:0x4f000410  f7:0x4f000410  f1=0x4f000410
     330125.000 ns	     33011	800069a8	08d4ac53	fsub.s	f24,f9,f13	  f9:0x7fc00000 f13:0x80000777 f24=0x7fc00000
     330155.000 ns	     33014	800069ac	f00407d3	fmv.w.x	f15,x8	  x8:0xfffffba6 f15=0xfffffba6
     330185.000 ns	     33017	800069b0	c00bf8d3	fcvt.w.s	x17,f23	 f23:0x00000000 x17=0x00000000
     330205.000 ns	     33019	800069b4	c95c0213	addi	x4,x24,-875	 x24:0x00000000  x4=0xfffffc95
     330565.000 ns	     33055	800069b8	026bdbb3	divu	x23,x23,x6	 x23:0x00000000  x6:0xffffffa8 x23=0x00000000
     330595.000 ns	     33058	800069bc	0258d6b3	divu	x13,x17,x5	 x17:0x00000000  x5:0x00000000 x13=0xffffffff
     330645.000 ns	     33063	800069c0	098b7653	fsub.s	f12,f22,f24	 f22:0x00000001 f24:0x7fc00000 f12=0x7fc00000
     330665.000 ns	     33065	800069c4	086c7e17	auipc	x28,0x86c7	 x28=0x886cd9c4
     330685.000 ns	     33067	800069c8	a06994d3	flt.s	x9,f19,f6	 f19:0x7fc00000  f6:0x80000777  x9=0x00000000
     330705.000 ns	     33069	800069cc	fc0c7493	andi	x9,x24,-64	 x24:0x00000000  x9=0x00000000
     330745.000 ns	     33073	800069d0	00d309d3	fadd.s	f19,f6,f13	  f6:0x80000777 f13:0x80000777 f19=0x80000eee
     330775.000 ns	     33076	800069d4	d01ef5d3	fcvt.s.wu	f11,x29	 x29:0xfffffdc7 f11=0x4f7ffffd
     330805.000 ns	     33079	800069d8	d01b8a53	fcvt.s.wu	f20,x23	 x23:0x00000000 f20=0x00000000
     330835.000 ns	     33082	800069dc	2085a8d3	fsgnjx.s	f17,f11,f8	 f11:0x4f7ffffd  f8:0x80000000 f17=0xcf7ffffd
     330865.000 ns	     33085	800069e0	033268b3	rem	x17,x4,x19	  x4:0xfffffc95 x19:0x00000000 x17=0xfffffc95
     331235.000 ns	     33122	800069e4	03ca77b3	remu	x15,x20,x28	 x20:0x80041024 x28:0x886cd9c4 x15=0x80041024
     331255.000 ns	     33124	800069e8	7ed06017	auipc	x0,0x7ed06	
     331265.000 ns	     33125	800069ec	2b1d2b13	slti	x22,x26,689	 x26:0x00000000 x22=0x00000001
     331275.000 ns	     33126	800069f0	018ccd33	xor	x26,x25,x24	 x25:0x00000001 x24:0x00000000 x26=0x00000001
     331285.000 ns	     33127	800069f4	005372b3	and	x5,x6,x5	  x6:0xffffffa8  x5:0x00000000  x5=0x00000000
     331305.000 ns	     33129	800069f8	a1210cd3	fle.s	x25,f2,f18	  f2:0x00000777 f18:0x00000001 x25=0x00000000
     331325.000 ns	     33131	800069fc	4e122693	slti	x13,x4,1249	  x4:0xfffffc95 x13=0x00000001
     331345.000 ns	     33133	80006a00	02c7c2b3	div	x5,x15,x12	 x15:0x80041024 x12:0x00000000  x5=0xffffffff
     331375.000 ns	     33136	80006a04	0351c4b3	div	x9,x3,x21	  x3:0x00000001 x21:0x00000000  x9=0xffffffff
     331395.000 ns	     33138	80006a08	0056e1b3	or	x3,x13,x5	 x13:0x00000001  x5:0xffffffff  x3=0xffffffff
     331415.000 ns	     33140	80006a0c	029e80b3	mul	x1,x29,x9	 x29:0xfffffdc7  x9:0xffffffff  x1=0x00000239
     331435.000 ns	     33142	80006a10	80a20393	addi	x7,x4,-2038	  x4:0xfffffc95  x7=0xfffff49f
     331445.000 ns	     33143	80006a14	4114db13	srai	x22,x9,0x11	  x9:0xffffffff x22=0xffffffff
     331805.000 ns	     33179	80006a18	02555cb3	divu	x25,x10,x5	 x10:0x00000001  x5:0xffffffff x25=0x00000000
     332175.000 ns	     33216	80006a1c	0254c1b3	div	x3,x9,x5	  x9:0xffffffff  x5:0xffffffff  x3=0x00000001
     332205.000 ns	     33219	80006a20	031e9cb3	mulh	x25,x29,x17	 x29:0xfffffdc7 x17:0xfffffc95 x25=0x00000000
     332245.000 ns	     33223	80006a24	198c3bd3	fdiv.s	f23,f24,f24	 f24:0x7fc00000 f24:0x7fc00000 f23=0x7fc00000
     332265.000 ns	     33225	80006a28	00cb11b3	sll	x3,x22,x12	 x22:0xffffffff x12:0x00000000  x3=0xffffffff
     332275.000 ns	     33226	80006a2c	16982593	slti	x11,x16,361	 x16:0x80040fe4 x11=0x00000001
     332635.000 ns	     33262	80006a30	036cceb3	div	x29,x25,x22	 x25:0x00000000 x22:0xffffffff x29=0x00000000
     332655.000 ns	     33264	80006a34	5b048e13	addi	x28,x9,1456	  x9:0xffffffff x28=0x000005af
     332665.000 ns	     33265	80006a38	ac88eb37	lui	x22,0xac88e	 x22=0xac88e000
     332675.000 ns	     33266	80006a3c	00884e33	xor	x28,x16,x8	 x16:0x80040fe4  x8:0xfffffba6 x28=0x7ffbf442
     332715.000 ns	     33270	80006a40	08d07353	fsub.s	f6,f0,f13	  f0:0x4f000410 f13:0x80000777  f6=0x4f000410
     332735.000 ns	     33272	80006a44	017c1933	sll	x18,x24,x23	 x24:0x00000000 x23:0x00000000 x18=0x00000000
     332755.000 ns	     33274	80006a48	f0098dd3	fmv.w.x	f27,x19	 x19:0x00000000 f27=0x00000000
     332785.000 ns	     33277	80006a4c	03d62fb3	mulhsu	x31,x12,x29	 x12:0x00000000 x29:0x00000000 x31=0x00000000
     332805.000 ns	     33279	80006a50	013065b3	or	x11,x0,x19	  x0:0x00000000 x19:0x00000000 x11=0x00000000
     332815.000 ns	     33280	80006a54	41b58633	sub	x12,x11,x27	 x11:0x00000001 x27:0x00000001 x12=0xffffffff
     333175.000 ns	     33316	80006a58	02366533	rem	x10,x12,x3	 x12:0x00000000  x3:0xffffffff x10=0x00000000
     333195.000 ns	     33318	80006a5c	00e536b3	sltu	x13,x10,x14	 x10:0x00000001 x14:0x72cb4a24 x13=0x00000001
     333215.000 ns	     33320	80006a60	c017c453	fcvt.wu.s	x8,f15	 f15:0xfffffba6  x8=0xffffffff
     333245.000 ns	     33323	80006a64	c01a9553	fcvt.wu.s	x10,f21	 f21:0x00000001 x10=0x00000000
     333265.000 ns	     33325	80006a68	7c826693	ori	x13,x4,1992	  x4:0xfffffc95 x13=0xffffffdd
     333275.000 ns	     33326	80006a6c	01d4c5b3	xor	x11,x9,x29	  x9:0xffffffff x29:0x00000000 x11=0xffffffff
     333295.000 ns	     33328	80006a70	e00b1b53	fclass.s	x22,f22	 f22:0x00000001 x22=0x00000020
     333315.000 ns	     33330	80006a74	ca7d3d93	sltiu	x27,x26,-857	 x26:0x00000001 x27=0x00000001
     333335.000 ns	     33332	80006a78	02949d33	mulh	x26,x9,x9	  x9:0xffffffff  x9:0xffffffff x26=0x00000000
     333365.000 ns	     33335	80006a7c	d003f353	fcvt.s.w	f6,x7	  x7:0xfffff49f  f6=0xc5361000
     333385.000 ns	     33337	80006a80	01bf96b3	sll	x13,x31,x27	 x31:0x00000000 x27:0x00000001 x13=0x00000000
     333405.000 ns	     33339	80006a84	207e27d3	fsgnjx.s	f15,f28,f7	 f28:0xcefff7e0  f7:0x4f000410 f15=0xcefff7e0
     333435.000 ns	     33342	80006a88	21ab0a53	fsgnj.s	f20,f22,f26	 f22:0x00000001 f26:0x4f000410 f20=0x00000001
     333455.000 ns	     33344	80006a8c	00000013	addi	x0,x0,0	  x0:0x00000000
     333465.000 ns	     33345	80006a90	41f65f93	srai	x31,x12,0x1f	 x12:0xffffffff x31=0xffffffff
     333485.000 ns	     33347	80006a94	d014f853	fcvt.s.wu	f16,x9	  x9:0xffffffff f16=0x4f7fffff
     333505.000 ns	     33349	80006a98	01ee7b33	and	x22,x28,x30	 x28:0x7ffbf442 x30:0x00000000 x22=0x00000000
     333515.000 ns	     33350	80006a9c	dc7dec17	auipc	x24,0xdc7de	 x24=0x5c7e4a9c
     333535.000 ns	     33352	80006aa0	f00f0b53	fmv.w.x	f22,x30	 x30:0x00000000 f22=0x00000000
     333555.000 ns	     33354	80006aa4	0e5f7093	andi	x1,x30,229	 x30:0x00000000  x1=0x00000000
     333575.000 ns	     33356	80006aa8	212f90d3	fsgnjn.s	f1,f31,f18	 f31:0xc4000000 f18:0x00000001  f1=0xc4000000
     333595.000 ns	     33358	80006aac	b450bb13	sltiu	x22,x1,-1211	  x1:0x00000239 x22=0x00000001
     333615.000 ns	     33360	80006ab0	28188b53	fmin.s	f22,f17,f1	 f17:0xcf7ffffd  f1:0xc4000000 f22=0xcf7ffffd
     333635.000 ns	     33362	80006ab4	00f31b33	sll	x22,x6,x15	  x6:0xffffffa8 x15:0x80041024 x22=0xfffffa80
     333645.000 ns	     33363	80006ab8	00379113	slli	x2,x15,0x3	 x15:0x80041024  x2=0x00208120
     333655.000 ns	     33364	80006abc	1880fc13	andi	x24,x1,392	  x1:0x00000000 x24=0x00000000
     333665.000 ns	     33365	80006ac0	00019693	slli	x13,x3,0x0	  x3:0xffffffff x13=0xffffffff
     333695.000 ns	     33368	80006ac4	11c43ed3	fmul.s	f29,f8,f28	  f8:0x80000000 f28:0xcefff7e0 f29=0x00000000
     334065.000 ns	     33405	80006ac8	02fe76b3	remu	x13,x28,x15	 x28:0x7ffbf442 x15:0x80041024 x13=0x7ffbf442
     334095.000 ns	     33408	80006acc	a0a691d3	flt.s	x3,f13,f10	 f13:0x80000777 f10:0x00000000  x3=0x00000001
     334115.000 ns	     33410	80006ad0	34fb8613	addi	x12,x23,847	 x23:0x00000000 x12=0x0000034f
     334125.000 ns	     33411	80006ad4	41110c33	sub	x24,x2,x17	  x2:0x00208120 x17:0xfffffc95 x24=0x0020848b
     334135.000 ns	     33412	80006ad8	014f78b3	and	x17,x30,x20	 x30:0x00000000 x20:0x80041024 x17=0x00000000
     334145.000 ns	     33413	80006adc	007f8bb3	add	x23,x31,x7	 x31:0xffffffff  x7:0xfffff49f x23=0xfffff49e
     334185.000 ns	     33417	80006ae0	09fb7f53	fsub.s	f30,f22,f31	 f22:0xcf7ffffd f31:0xc4000000 f30=0xcf7ffffb
     334205.000 ns	     33419	80006ae4	008d7cb3	and	x25,x26,x8	 x26:0x00000000  x8:0xffffffff x25=0x00000000
     334215.000 ns	     33420	80006ae8	00000013	addi	x0,x0,0	  x0:0x00000000
     334235.000 ns	     33422	80006aec	20d119d3	fsgnjn.s	f19,f2,f13	  f2:0x00000777 f13:0x80000777 f19=0x00000777
     334255.000 ns	     33424	80006af0	40470bb3	sub	x23,x14,x4	 x14:0x72cb4a24  x4:0xfffffc95 x23=0x72cb4d8f
     334285.000 ns	     33427	80006af4	180b9bd3	fdiv.s	f23,f23,f0	 f23:0x7fc00000  f0:0x4f000410 f23=0x7fc00000
     334305.000 ns	     33429	80006af8	01a9beb3	sltu	x29,x19,x26	 x19:0x00000000 x26:0x00000000 x29=0x00000000
     334315.000 ns	     33430	80006afc	daba2f13	slti	x30,x20,-597	 x20:0x80041024 x30=0x00000001
     334335.000 ns	     33432	80006b00	a1018ed3	fle.s	x29,f3,f16	  f3:0x35fd8000 f16:0x4f7fffff x29=0x00000001
     334365.000 ns	     33435	80006b04	a1382b53	feq.s	x22,f16,f19	 f16:0x4f7fffff f19:0x00000777 x22=0x00000000
     334395.000 ns	     33438	80006b08	c01dc8d3	fcvt.wu.s	x17,f27	 f27:0x00000000 x17=0x00000000
     334415.000 ns	     33440	80006b0c	4f272793	slti	x15,x14,1266	 x14:0x72cb4a24 x15=0x00000000
     334435.000 ns	     33442	80006b10	28a79ad3	fmax.s	f21,f15,f10	 f15:0xcefff7e0 f10:0x00000000 f21=0x00000000
     334455.000 ns	     33444	80006b14	1c6c7117	auipc	x2,0x1c6c7	  x2=0x9c6cdb14
     334465.000 ns	     33445	80006b18	014e22b3	slt	x5,x28,x20	 x28:0x7ffbf442 x20:0x80041024  x5=0x00000000
     334485.000 ns	     33447	80006b1c	21c821d3	fsgnjx.s	f3,f16,f28	 f16:0x4f7fffff f28:0xcefff7e0  f3=0xcf7fffff
     334505.000 ns	     33449	80006b20	8f03c193	xori	x3,x7,-1808	  x7:0xfffff49f  x3=0x00000c6f
     334525.000 ns	     33451	80006b24	03039cb3	mulh	x25,x7,x16	  x7:0xfffff49f x16:0x80040fe4 x25=0x000005b0
     334555.000 ns	     33454	80006b28	a00c0c53	fle.s	x24,f24,f0	 f24:0x7fc00000  f0:0x4f000410 x24=0x00000000
     334575.000 ns	     33456	80006b2c	00000013	addi	x0,x0,0	  x0:0x00000000
     334595.000 ns	     33458	80006b30	e0060f53	fmv.x.w	x30,f12	 f12:0x7fc00000 x30=0x7fc00000
     334625.000 ns	     33461	80006b34	c006f253	fcvt.w.s	x4,f13	 f13:0x80000777  x4=0x00000000
     334645.000 ns	     33463	80006b38	009c8033	add	x0,x25,x9	 x25:0x000005b0  x9:0xffffffff
     334655.000 ns	     33464	80006b3c	00000013	addi	x0,x0,0	  x0:0x00000000
     334675.000 ns	     33466	80006b40	298d9653	fmax.s	f12,f27,f24	 f27:0x00000000 f24:0x7fc00000 f12=0x00000000
     334695.000 ns	     33468	80006b44	01038fb3	add	x31,x7,x16	  x7:0xfffff49f x16:0x80040fe4 x31=0x80040483
     334715.000 ns	     33470	80006b48	03d10433	mul	x8,x2,x29	  x2:0x9c6cdb14 x29:0x00000001  x8=0x9c6cdb14
     334735.000 ns	     33472	80006b4c	d8c92417	auipc	x8,0xd8c92	  x8=0x58c98b4c
     334755.000 ns	     33474	80006b50	029408b3	mul	x17,x8,x9	  x8:0x9c6cdb14  x9:0xffffffff x17=0xa73674b4
     334795.000 ns	     33478	80006b54	185aa1d3	fdiv.s	f3,f21,f5	 f21:0x00000000  f5:0x72cb4a24  f3=0x00000000
     334815.000 ns	     33480	80006b58	012d93b3	sll	x7,x27,x18	 x27:0x00000001 x18:0x00000000  x7=0x00000001
     334825.000 ns	     33481	80006b5c	5e25e613	ori	x12,x11,1506	 x11:0xffffffff x12=0xffffffff
     334835.000 ns	     33482	80006b60	01e18633	add	x12,x3,x30	  x3:0x00000c6f x30:0x7fc00000 x12=0x7fc00c6f
     334855.000 ns	     33484	80006b64	a037ac53	feq.s	x24,f15,f3	 f15:0xcefff7e0  f3:0x00000000 x24=0x00000000
     334885.000 ns	     33487	80006b68	28bb0dd3	fmin.s	f27,f22,f11	 f22:0xcf7ffffd f11:0x4f7ffffd f27=0xcf7ffffd
     334915.000 ns	     33490	80006b6c	29af1b53	fmax.s	f22,f30,f26	 f30:0xcf7ffffb f26:0x4f000410 f22=0x4f000410
     334945.000 ns	     33493	80006b70	a1779e53	flt.s	x28,f15,f23	 f15:0xcefff7e0 f23:0x7fc00000 x28=0x00000000
     334975.000 ns	     33496	80006b74	d018a3d3	fcvt.s.wu	f7,x17	 x17:0xa73674b4  f7=0x4f273675
     335025.000 ns	     33501	80006b78	088df9d3	fsub.s	f19,f27,f8	 f27:0xcf7ffffd  f8:0x80000000 f19=0xcf7ffffd
     335045.000 ns	     33503	80006b7c	2128ac13	slti	x24,x17,530	 x17:0xa73674b4 x24=0x00000001
     335075.000 ns	     33506	80006b80	580442d3	fsqrt.s	f5,f8	  f8:0x80000000  f5=0x80000000
     335095.000 ns	     33508	80006b84	404000b3	sub	x1,x0,x4	  x0:0x00000000  x4:0x00000000  x1=0x00000000
     335105.000 ns	     33509	80006b88	694e4f93	xori	x31,x28,1684	 x28:0x00000000 x31=0x00000694
     335115.000 ns	     33510	80006b8c	01b464b3	or	x9,x8,x27	  x8:0x58c98b4c x27:0x00000001  x9=0x58c98b4d
     335125.000 ns	     33511	80006b90	01e411b3	sll	x3,x8,x30	  x8:0x58c98b4c x30:0x7fc00000  x3=0x58c98b4c
     335485.000 ns	     33547	80006b94	022ae633	rem	x12,x21,x2	 x21:0x00000000  x2:0x9c6cdb14 x12=0x00000000
     336665.000 ns	     33665	80006b98	5805fa53	fsqrt.s	f20,f11	 f11:0x4f7ffffd f20=0x47350460
     337035.000 ns	     33702	80006b9c	02bcf4b3	remu	x9,x25,x11	 x25:0x000005b0 x11:0xffffffff  x9=0x000005b0
     337055.000 ns	     33704	80006ba0	40e7d213	srai	x4,x15,0xe	 x15:0x00000000  x4=0x00000000
     337065.000 ns	     33705	80006ba4	01e79fb3	sll	x31,x15,x30	 x15:0x00000000 x30:0x7fc00000 x31=0x00000000
     337075.000 ns	     33706	80006ba8	bde41d17	auipc	x26,0xbde41	 x26=0x3de47ba8
     337095.000 ns	     33708	80006bac	c00a7453	fcvt.w.s	x8,f20	 f20:0x47350460  x8=0x0000b504
     337115.000 ns	     33710	80006bb0	010c9393	slli	x7,x25,0x10	 x25:0x000005b0  x7=0x05b00000
     337125.000 ns	     33711	80006bb4	016395b3	sll	x11,x7,x22	  x7:0x00000001 x22:0x00000000 x11=0x05b00000
     337135.000 ns	     33712	80006bb8	41cc5c33	sra	x24,x24,x28	 x24:0x00000001 x28:0x00000000 x24=0x00000001
     337145.000 ns	     33713	80006bbc	01af18b3	sll	x17,x30,x26	 x30:0x7fc00000 x26:0x3de47ba8 x17=0xc0000000
     337155.000 ns	     33714	80006bc0	0077ec33	or	x24,x15,x7	 x15:0x00000000  x7:0x05b00000 x24=0x05b00000
     337165.000 ns	     33715	80006bc4	004cdf93	srli	x31,x25,0x4	 x25:0x000005b0 x31=0x0000005b
     337175.000 ns	     33716	80006bc8	54937b13	andi	x22,x6,1353	  x6:0xffffffa8 x22=0x00000508
     337195.000 ns	     33718	80006bcc	a04f2d53	feq.s	x26,f30,f4	 f30:0xcf7ffffb  f4:0xcd8f3e80 x26=0x00000000
     337225.000 ns	     33721	80006bd0	29b61f53	fmax.s	f30,f12,f27	 f12:0x00000000 f27:0xcf7ffffd f30=0x00000000
     337255.000 ns	     33724	80006bd4	f00d09d3	fmv.w.x	f19,x26	 x26:0x00000000 f19=0x00000000
     337275.000 ns	     33726	80006bd8	0132b8b3	sltu	x17,x5,x19	  x5:0x00000000 x19:0x00000000 x17=0x00000000
     337285.000 ns	     33727	80006bdc	be994597	auipc	x11,0xbe994	 x11=0x3e99abdc
     337295.000 ns	     33728	80006be0	00ca7633	and	x12,x20,x12	 x20:0x80041024 x12:0x00000000 x12=0x00000000
     337305.000 ns	     33729	80006be4	501dc913	xori	x18,x27,1281	 x27:0x00000001 x18=0x00000500
     337315.000 ns	     33730	80006be8	01d72b33	slt	x22,x14,x29	 x14:0x72cb4a24 x29:0x00000001 x22=0x00000000
     337335.000 ns	     33732	80006bec	a0b115d3	flt.s	x11,f2,f11	  f2:0x00000777 f11:0x4f7ffffd x11=0x00000001
     337355.000 ns	     33734	80006bf0	7b8a0193	addi	x3,x20,1976	 x20:0x80041024  x3=0x800417dc
     337365.000 ns	     33735	80006bf4	019f3c33	sltu	x24,x30,x25	 x30:0x7fc00000 x25:0x000005b0 x24=0x00000000
     337695.000 ns	     33768	80006bf8	18680253	fdiv.s	f4,f16,f6	 f16:0x4f7fffff  f6:0xc5361000  f4=0xc9942c92
     337725.000 ns	     33771	80006bfc	e00000d3	fmv.x.w	x1,f0	  f0:0x4f000410  x1=0x4f000410
     337745.000 ns	     33773	80006c00	00eb18b3	sll	x17,x22,x14	 x22:0x00000000 x14:0x72cb4a24 x17=0x00000000
     337765.000 ns	     33775	80006c04	e0041dd3	fclass.s	x27,f8	  f8:0x80000000 x27=0x00000008
     337785.000 ns	     33777	80006c08	9a8af197	auipc	x3,0x9a8af	  x3=0x1a8b5c08
     337805.000 ns	     33779	80006c0c	02e917b3	mulh	x15,x18,x14	 x18:0x00000500 x14:0x72cb4a24 x15=0x0000023d
     337825.000 ns	     33781	80006c10	6708e993	ori	x19,x17,1648	 x17:0x00000000 x19=0x00000670
     337865.000 ns	     33785	80006c14	09a17d53	fsub.s	f26,f2,f26	  f2:0x00000777 f26:0x4f000410 f26=0xcf000410
     337895.000 ns	     33788	80006c18	03e022b3	mulhsu	x5,x0,x30	  x0:0x00000000 x30:0x7fc00000  x5=0x00000000
     338265.000 ns	     33825	80006c1c	033267b3	rem	x15,x4,x19	  x4:0x00000000 x19:0x00000670 x15=0x00000000
     338285.000 ns	     33827	80006c20	01d19d93	slli	x27,x3,0x1d	  x3:0x1a8b5c08 x27=0x00000000
     338295.000 ns	     33828	80006c24	00cd7033	and	x0,x26,x12	 x26:0x00000000 x12:0x00000000
     338315.000 ns	     33830	80006c28	e00b89d3	fmv.x.w	x19,f23	 f23:0x7fc00000 x19=0x7fc00000
     338335.000 ns	     33832	80006c2c	1f3e4d13	xori	x26,x28,499	 x28:0x00000000 x26=0x000001f3
     338355.000 ns	     33834	80006c30	21278553	fsgnj.s	f10,f15,f18	 f15:0xcefff7e0 f18:0x00000001 f10=0x4efff7e0
     338395.000 ns	     33838	80006c34	11bdfcd3	fmul.s	f25,f27,f27	 f27:0xcf7ffffd f27:0xcf7ffffd f25=0x5f7ffffa
     338425.000 ns	     33841	80006c38	021da2b3	mulhsu	x5,x27,x1	 x27:0x00000000  x1:0x4f000410  x5=0x00000000
     338445.000 ns	     33843	80006c3c	41ec5f93	srai	x31,x24,0x1e	 x24:0x00000000 x31=0x00000000
     338475.000 ns	     33846	80006c40	5801fbd3	fsqrt.s	f23,f3	  f3:0x00000000 f23=0x00000000
     338495.000 ns	     33848	80006c44	01c07ab3	and	x21,x0,x28	  x0:0x00000000 x28:0x00000000 x21=0x00000000
     338505.000 ns	     33849	80006c48	0a88a993	slti	x19,x17,168	 x17:0x00000000 x19=0x00000001
     338515.000 ns	     33850	80006c4c	c3c1a893	slti	x17,x3,-964	  x3:0x1a8b5c08 x17=0x00000000
     338555.000 ns	     33854	80006c50	011a72d3	fadd.s	f5,f20,f17	 f20:0x47350460 f17:0xcf7ffffd  f5=0xcf7fff47
     338585.000 ns	     33857	80006c54	c0077e53	fcvt.w.s	x28,f14	 f14:0x7fc00000 x28=0x7fffffff
     338605.000 ns	     33859	80006c58	009fbab3	sltu	x21,x31,x9	 x31:0x00000000  x9:0x000005b0 x21=0x00000001
     338625.000 ns	     33861	80006c5c	21a5a053	fsgnjx.s	f0,f11,f26	 f11:0x4f7ffffd f26:0xcf000410  f0=0xcf7ffffd
     338645.000 ns	     33863	80006c60	017d3533	sltu	x10,x26,x23	 x26:0x000001f3 x23:0x72cb4d8f x10=0x00000001
     338655.000 ns	     33864	80006c64	9cfb1017	auipc	x0,0x9cfb1	
     338665.000 ns	     33865	80006c68	d6841437	lui	x8,0xd6841	  x8=0xd6841000
     338685.000 ns	     33867	80006c6c	0244ddb3	divu	x27,x9,x4	  x9:0x000005b0  x4:0x00000000 x27=0xffffffff
     338705.000 ns	     33869	80006c70	2fb12293	slti	x5,x2,763	  x2:0x9c6cdb14  x5=0x00000001
     338715.000 ns	     33870	80006c74	00be8033	add	x0,x29,x11	 x29:0x00000001 x11:0x00000001
     338725.000 ns	     33871	80006c78	01251133	sll	x2,x10,x18	 x10:0x00000001 x18:0x00000500  x2=0x00000001
     338745.000 ns	     33873	80006c7c	20459dd3	fsgnjn.s	f27,f11,f4	 f11:0x4f7ffffd  f4:0xc9942c92 f27=0x4f7ffffd
     338775.000 ns	     33876	80006c80	d0034cd3	fcvt.s.w	f25,x6	  x6:0xffffffa8 f25=0xc2b00000
     338795.000 ns	     33878	80006c84	63de7b93	andi	x23,x28,1597	 x28:0x7fffffff x23=0x0000063d
     338815.000 ns	     33880	80006c88	288d0dd3	fmin.s	f27,f26,f8	 f26:0xcf000410  f8:0x80000000 f27=0xcf000410
     339185.000 ns	     33917	80006c8c	025d48b3	div	x17,x26,x5	 x26:0x000001f3  x5:0x00000001 x17=0x000001f3
     339215.000 ns	     33920	80006c90	289c1353	fmax.s	f6,f24,f9	 f24:0x7fc00000  f9:0x7fc00000  f6=0x7fc00000
     339235.000 ns	     33922	80006c94	ec4c6d13	ori	x26,x24,-316	 x24:0x00000000 x26=0xfffffec4
     339255.000 ns	     33924	80006c98	031b3f33	mulhu	x30,x22,x17	 x22:0x00000000 x17:0x000001f3 x30=0x00000000
     339275.000 ns	     33926	80006c9c	41a35913	srai	x18,x6,0x1a	  x6:0xffffffa8 x18=0xffffffff
     339285.000 ns	     33927	80006ca0	eb198197	auipc	x3,0xeb198	  x3=0x6b19eca0
     339295.000 ns	     33928	80006ca4	00000013	addi	x0,x0,0	  x0:0x00000000
     339305.000 ns	     33929	80006ca8	000a1033	sll	x0,x20,x0	 x20:0x80041024  x0:0x00000000
     339325.000 ns	     33931	80006cac	d0137c53	fcvt.s.wu	f24,x6	  x6:0xffffffa8 f24=0x4f7fffff
     339355.000 ns	     33934	80006cb0	c0027e53	fcvt.w.s	x28,f4	  f4:0xc9942c92 x28=0x00128592
     339375.000 ns	     33936	80006cb4	ebd244b7	lui	x9,0xebd24	  x9=0xebd24000
     339385.000 ns	     33937	80006cb8	00000013	addi	x0,x0,0	  x0:0x00000000
     339425.000 ns	     33941	80006cbc	00cbf7d3	fadd.s	f15,f23,f12	 f23:0x00000000 f12:0x00000000 f15=0x00000000
     339455.000 ns	     33944	80006cc0	f00483d3	fmv.w.x	f7,x9	  x9:0xebd24000  f7=0xebd24000
     339485.000 ns	     33947	80006cc4	028a3eb3	mulhu	x29,x20,x8	 x20:0x80041024  x8:0xd6841000 x29=0x6b456f96
     339515.000 ns	     33950	80006cc8	03942ab3	mulhsu	x21,x8,x25	  x8:0xd6841000 x25:0x000005b0 x21=0xffffff14
     339535.000 ns	     33952	80006ccc	0020d9b3	srl	x19,x1,x2	  x1:0x4f000410  x2:0x00000001 x19=0x27800208
     339555.000 ns	     33954	80006cd0	c019f7d3	fcvt.wu.s	x15,f19	 f19:0x00000000 x15=0x00000000
     339585.000 ns	     33957	80006cd4	28ed91d3	fmax.s	f3,f27,f14	 f27:0xcf000410 f14:0x7fc00000  f3=0xcf000410
     339605.000 ns	     33959	80006cd8	00c95e93	srli	x29,x18,0xc	 x18:0xffffffff x29=0x000fffff
     339615.000 ns	     33960	80006cdc	afe4a613	slti	x12,x9,-1282	  x9:0xebd24000 x12=0x00000001
     339635.000 ns	     33962	80006ce0	20158553	fsgnj.s	f10,f11,f1	 f11:0x4f7ffffd  f1:0xc4000000 f10=0xcf7ffffd
     339685.000 ns	     33967	80006ce4	012b7e53	fadd.s	f28,f22,f18	 f22:0x4f000410 f18:0x00000001 f28=0x4f000410
     339715.000 ns	     33970	80006ce8	a13d8fd3	fle.s	x31,f27,f19	 f27:0xcf000410 f19:0x00000000 x31=0x00000001
     339735.000 ns	     33972	80006cec	4db19337	lui	x6,0x4db19	  x6=0x4db19000
     339755.000 ns	     33974	80006cf0	030515b3	mulh	x11,x10,x16	 x10:0x00000001 x16:0x80040fe4 x11=0xffffffff
     339795.000 ns	     33978	80006cf4	5806b053	fsqrt.s	f0,f13	 f13:0x80000777  f0=0x7fc00000
     339825.000 ns	     33981	80006cf8	a0dcabd3	feq.s	x23,f25,f13	 f25:0xc2b00000 f13:0x80000777 x23=0x00000000
     339845.000 ns	     33983	80006cfc	00133e33	sltu	x28,x6,x1	  x6:0x4db19000  x1:0x4f000410 x28=0x00000001
     339865.000 ns	     33985	80006d00	d01bf453	fcvt.s.wu	f8,x23	 x23:0x00000000  f8=0x00000000
     339895.000 ns	     33988	80006d04	28630a53	fmin.s	f20,f6,f6	  f6:0x7fc00000  f6:0x7fc00000 f20=0x7fc00000
     339915.000 ns	     33990	80006d08	011aa133	slt	x2,x21,x17	 x21:0xffffff14 x17:0x000001f3  x2=0x00000001
     339935.000 ns	     33992	80006d0c	d0107453	fcvt.s.wu	f8,x0	  x0:0x00000000  f8=0x00000000
     339955.000 ns	     33994	80006d10	018918b3	sll	x17,x18,x24	 x18:0xffffffff x24:0x00000000 x17=0xffffffff
     339975.000 ns	     33996	80006d14	02e63333	mulhu	x6,x12,x14	 x12:0x00000001 x14:0x72cb4a24  x6=0x00000000
     340005.000 ns	     33999	80006d18	e00e15d3	fclass.s	x11,f28	 f28:0x4f000410 x11=0x00000040
     340375.000 ns	     34036	80006d1c	034467b3	rem	x15,x8,x20	  x8:0xd6841000 x20:0x80041024 x15=0xd6841000
     340395.000 ns	     34038	80006d20	00a38db3	add	x27,x7,x10	  x7:0x05b00000 x10:0x00000001 x27=0x05b00001
     340415.000 ns	     34040	80006d24	03298533	mul	x10,x19,x18	 x19:0x27800208 x18:0xffffffff x10=0xd87ffdf8
     340435.000 ns	     34042	80006d28	007a5213	srli	x4,x20,0x7	 x20:0x80041024  x4=0x01000820
     340445.000 ns	     34043	80006d2c	00b329b3	slt	x19,x6,x11	  x6:0x00000000 x11:0x00000040 x19=0x00000001
     340465.000 ns	     34045	80006d30	a0c38053	fle.s	x0,f7,f12	  f7:0xebd24000 f12:0x00000000
     340485.000 ns	     34047	80006d34	4144d993	srai	x19,x9,0x14	  x9:0xebd24000 x19=0xfffffebd
     340495.000 ns	     34048	80006d38	41df0033	sub	x0,x30,x29	 x30:0x00000000 x29:0x000fffff
     341665.000 ns	     34165	80006d3c	58091c53	fsqrt.s	f24,f18	 f18:0x00000001 f24=0x1f350483
     341695.000 ns	     34168	80006d40	20be0653	fsgnj.s	f12,f28,f11	 f28:0x4f000410 f11:0x4f7ffffd f12=0x4f000410
     341735.000 ns	     34172	80006d44	18777753	fdiv.s	f14,f14,f7	 f14:0x7fc00000  f7:0xebd24000 f14=0x7fc00000
     341765.000 ns	     34175	80006d48	a1042553	feq.s	x10,f8,f16	  f8:0x00000000 f16:0x4f7fffff x10=0x00000000
     341785.000 ns	     34177	80006d4c	0107ce33	xor	x28,x15,x16	 x15:0xd6841000 x16:0x80040fe4 x28=0x56801fe4
     341825.000 ns	     34181	80006d50	084f7353	fsub.s	f6,f30,f4	 f30:0x00000000  f4:0xc9942c92  f6=0x49942c92
     341845.000 ns	     34183	80006d54	00d5f8b3	and	x17,x11,x13	 x11:0x00000040 x13:0x7ffbf442 x17=0x00000040
     341865.000 ns	     34185	80006d58	d006f053	fcvt.s.w	f0,x13	 x13:0x7ffbf442  f0=0x4efff7e8
     341885.000 ns	     34187	80006d5c	00000013	addi	x0,x0,0	  x0:0x00000000
     341905.000 ns	     34189	80006d60	a0609f53	flt.s	x30,f1,f6	  f1:0xc4000000  f6:0x49942c92 x30=0x00000001
     341935.000 ns	     34192	80006d64	02b098b3	mulh	x17,x1,x11	  x1:0x4f000410 x11:0x00000040 x17=0x00000013
     341955.000 ns	     34194	80006d68	40205a93	srai	x21,x0,0x2	  x0:0x00000000 x21=0x00000000
     342315.000 ns	     34230	80006d6c	03c44233	div	x4,x8,x28	  x8:0xd6841000 x28:0x56801fe4  x4=0x00000000
     342335.000 ns	     34232	80006d70	e43f4f13	xori	x30,x30,-445	 x30:0x00000001 x30=0xfffffe42
     342345.000 ns	     34233	80006d74	92346793	ori	x15,x8,-1757	  x8:0xd6841000 x15=0xfffff923
     342365.000 ns	     34235	80006d78	03e09cb3	mulh	x25,x1,x30	  x1:0x4f000410 x30:0x00000001 x25=0xffffff76
     342395.000 ns	     34238	80006d7c	d0120453	fcvt.s.wu	f8,x4	  x4:0x00000000  f8=0x00000000
     342425.000 ns	     34241	80006d80	02cba4b3	mulhsu	x9,x23,x12	 x23:0x00000000 x12:0x00000001  x9=0x00000000
     342455.000 ns	     34244	80006d84	29ce1f53	fmax.s	f30,f28,f28	 f28:0x4f000410 f28:0x4f000410 f30=0x4f000410
     342825.000 ns	     34281	80006d88	0250f333	remu	x6,x1,x5	  x1:0x4f000410  x5:0x00000001  x6=0x00000000
     343195.000 ns	     34318	80006d8c	03ba6333	rem	x6,x20,x27	 x20:0x80041024 x27:0x05b00001  x6=0xfd24103a
     343225.000 ns	     34321	80006d90	28521853	fmax.s	f16,f4,f5	  f4:0xc9942c92  f5:0xcf7fff47 f16=0xc9942c92
     343595.000 ns	     34358	80006d94	03ba75b3	remu	x11,x20,x27	 x20:0x80041024 x27:0x05b00001 x11=0x02e4100e
     343625.000 ns	     34361	80006d98	02321c33	mulh	x24,x4,x3	  x4:0x00000000  x3:0x6b19eca0 x24=0x00000000
     343655.000 ns	     34364	80006d9c	21349853	fsgnjn.s	f16,f9,f19	  f9:0x7fc00000 f19:0x00000000 f16=0xffc00000
     343675.000 ns	     34366	80006da0	402685b3	sub	x11,x13,x2	 x13:0x7ffbf442  x2:0x00000001 x11=0x7ffbf441
     343685.000 ns	     34367	80006da4	41ad89b3	sub	x19,x27,x26	 x27:0x05b00001 x26:0xfffffec4 x19=0x05b0013d
     343695.000 ns	     34368	80006da8	41735433	sra	x8,x6,x23	  x6:0xfd24103a x23:0x00000000  x8=0xfd24103a
     343715.000 ns	     34370	80006dac	f00b0853	fmv.w.x	f16,x22	 x22:0x00000000 f16=0x00000000
     343745.000 ns	     34373	80006db0	021cb133	mulhu	x2,x25,x1	 x25:0xffffff76  x1:0x4f000410  x2=0x4f0003e5
     343765.000 ns	     34375	80006db4	1b8c7993	andi	x19,x24,440	 x24:0x00000000 x19=0x00000000
     343775.000 ns	     34376	80006db8	d9617997	auipc	x19,0xd9617	 x19=0x5961ddb8
     343795.000 ns	     34378	80006dbc	c00802d3	fcvt.w.s	x5,f16	 f16:0x00000000  x5=0x00000000
     343825.000 ns	     34381	80006dc0	28778ad3	fmin.s	f21,f15,f7	 f15:0x00000000  f7:0xebd24000 f21=0xebd24000
     343845.000 ns	     34383	80006dc4	000a1133	sll	x2,x20,x0	 x20:0x80041024  x0:0x00000000  x2=0x80041024
     343855.000 ns	     34384	80006dc8	0067e1b3	or	x3,x15,x6	 x15:0xfffff923  x6:0xfd24103a  x3=0xfffff93b
     343865.000 ns	     34385	80006dcc	01ab5a93	srli	x21,x22,0x1a	 x22:0x00000000 x21=0x00000000
     343885.000 ns	     34387	80006dd0	a07601d3	fle.s	x3,f12,f7	 f12:0x4f000410  f7:0xebd24000  x3=0x00000000
     343915.000 ns	     34390	80006dd4	21472153	fsgnjx.s	f2,f14,f20	 f14:0x7fc00000 f20:0x7fc00000  f2=0x7fc00000
     343935.000 ns	     34392	80006dd8	006eb3b3	sltu	x7,x29,x6	 x29:0x000fffff  x6:0xfd24103a  x7=0x00000001
     343945.000 ns	     34393	80006ddc	0004a3b3	slt	x7,x9,x0	  x9:0x00000000  x0:0x00000000  x7=0x00000000
     343985.000 ns	     34397	80006de0	08dffc53	fsub.s	f24,f31,f13	 f31:0xc4000000 f13:0x80000777 f24=0xc4000000
     344015.000 ns	     34400	80006de4	a017a5d3	feq.s	x11,f15,f1	 f15:0x00000000  f1:0xc4000000 x11=0x00000000
     344065.000 ns	     34405	80006de8	081ab253	fsub.s	f4,f21,f1	 f21:0xebd24000  f1:0xc4000000  f4=0xebd24000
     344085.000 ns	     34407	80006dec	01a992b3	sll	x5,x19,x26	 x19:0x5961ddb8 x26:0xfffffec4  x5=0x961ddb80
     344095.000 ns	     34408	80006df0	41ac8e33	sub	x28,x25,x26	 x25:0xffffff76 x26:0xfffffec4 x28=0x000000b2
     344105.000 ns	     34409	80006df4	4a928893	addi	x17,x5,1193	  x5:0x00000000 x17=0x961de029
     344115.000 ns	     34410	80006df8	41dd5313	srai	x6,x26,0x1d	 x26:0xfffffec4  x6=0xffffffff
     344125.000 ns	     34411	80006dfc	166c6993	ori	x19,x24,358	 x24:0x00000000 x19=0x00000166
     344135.000 ns	     34412	80006e00	af114437	lui	x8,0xaf114	  x8=0xaf114000
     344145.000 ns	     34413	80006e04	4183d393	srai	x7,x7,0x18	  x7:0x00000000  x7=0x00000000
     344165.000 ns	     34415	80006e08	291a1853	fmax.s	f16,f20,f17	 f20:0x7fc00000 f17:0xcf7ffffd f16=0xcf7ffffd
     344185.000 ns	     34417	80006e0c	e1abbb13	sltiu	x22,x23,-486	 x23:0x00000000 x22=0x00000001
     344205.000 ns	     34419	80006e10	c01b97d3	fcvt.wu.s	x15,f23	 f23:0x00000000 x15=0x00000000
     344235.000 ns	     34422	80006e14	28b982d3	fmin.s	f5,f19,f11	 f19:0x00000000 f11:0x4f7ffffd  f5=0x00000000
     344605.000 ns	     34459	80006e18	03424f33	div	x30,x4,x20	  x4:0x00000000 x20:0x80041024 x30=0x00000000
     344625.000 ns	     34461	80006e1c	00a61233	sll	x4,x12,x10	 x12:0x00000001 x10:0x00000000  x4=0x00000001
     344635.000 ns	     34462	80006e20	fc93dd97	auipc	x27,0xfc93d	 x27=0x7c943e20
     344655.000 ns	     34464	80006e24	a0b08553	fle.s	x10,f1,f11	  f1:0xc4000000 f11:0x4f7ffffd x10=0x00000001
     344995.000 ns	     34498	80006e28	18b88ad3	fdiv.s	f21,f17,f11	 f17:0xcf7ffffd f11:0x4f7ffffd f21=0xbf7ffffe
     345015.000 ns	     34500	80006e2c	00a440b3	xor	x1,x8,x10	  x8:0xaf114000 x10:0x00000001  x1=0xaf114001
     345025.000 ns	     34501	80006e30	00373ab3	sltu	x21,x14,x3	 x14:0x72cb4a24  x3:0x00000000 x21=0x00000000
     345045.000 ns	     34503	80006e34	034ea533	mulhsu	x10,x29,x20	 x29:0x000fffff x20:0x80041024 x10=0x00080040
     345075.000 ns	     34506	80006e38	a1e201d3	fle.s	x3,f4,f30	  f4:0xebd24000 f30:0x4f000410  x3=0x00000001
     345445.000 ns	     34543	80006e3c	02ac6d33	rem	x26,x24,x10	 x24:0x00000000 x10:0x00080040 x26=0x00000000
     345475.000 ns	     34546	80006e40	28150053	fmin.s	f0,f10,f1	 f10:0xcf7ffffd  f1:0xc4000000  f0=0xcf7ffffd
     345505.000 ns	     34549	80006e44	032a3633	mulhu	x12,x20,x18	 x20:0x80041024 x18:0xffffffff x12=0x80041023
     345525.000 ns	     34551	80006e48	00e38fb3	add	x31,x7,x14	  x7:0x00000000 x14:0x72cb4a24 x31=0x72cb4a24
     345545.000 ns	     34553	80006e4c	0276e7b3	rem	x15,x13,x7	 x13:0x7ffbf442  x7:0x00000000 x15=0x7ffbf442
     345575.000 ns	     34556	80006e50	03b799b3	mulh	x19,x15,x27	 x15:0x00000000 x27:0x7c943e20 x19=0x3e482708
     345605.000 ns	     34559	80006e54	02988633	mul	x12,x17,x9	 x17:0x961de029  x9:0x00000000 x12=0x00000000
     345635.000 ns	     34562	80006e58	c01d8453	fcvt.wu.s	x8,f27	 f27:0xcf000410  x8=0x80041000
     345685.000 ns	     34567	80006e5c	00cdf753	fadd.s	f14,f27,f12	 f27:0xcf000410 f12:0x4f000410 f14=0x00000000
     346025.000 ns	     34601	80006e60	19208753	fdiv.s	f14,f1,f18	  f1:0xc4000000 f18:0x00000001 f14=0xff800000
     346395.000 ns	     34638	80006e64	02e770b3	remu	x1,x14,x14	 x14:0x72cb4a24 x14:0x72cb4a24  x1=0x00000000
     346415.000 ns	     34640	80006e68	40975c93	srai	x25,x14,0x9	 x14:0x72cb4a24 x25=0x003965a5
     346455.000 ns	     34644	80006e6c	00147fd3	fadd.s	f31,f8,f1	  f8:0x00000000  f1:0xc4000000 f31=0xc4000000
     346475.000 ns	     34646	80006e70	72a03a93	sltiu	x21,x0,1834	  x0:0x00000000 x21=0x00000001
     346485.000 ns	     34647	80006e74	00af5f93	srli	x31,x30,0xa	 x30:0x00000000 x31=0x00000000
     346515.000 ns	     34650	80006e78	11c5f8d3	fmul.s	f17,f11,f28	 f11:0x4f7ffffd f28:0x4f000410 f17=0x5f00040e
     346545.000 ns	     34653	80006e7c	2071a753	fsgnjx.s	f14,f3,f7	  f3:0xcf000410  f7:0xebd24000 f14=0x4f000410
     346565.000 ns	     34655	80006e80	aedca593	slti	x11,x25,-1299	 x25:0x003965a5 x11=0x00000000
     346575.000 ns	     34656	80006e84	12d5ca93	xori	x21,x11,301	 x11:0x00000000 x21=0x0000012d
     346605.000 ns	     34659	80006e88	18513ad3	fdiv.s	f21,f2,f5	  f2:0x7fc00000  f5:0x00000000 f21=0x7fc00000
     346625.000 ns	     34661	80006e8c	00000013	addi	x0,x0,0	  x0:0x00000000
     346635.000 ns	     34662	80006e90	0101d793	srli	x15,x3,0x10	  x3:0x00000001 x15=0x00000000
     346655.000 ns	     34664	80006e94	a0b30b53	fle.s	x22,f6,f11	  f6:0x49942c92 f11:0x4f7ffffd x22=0x00000001
     346675.000 ns	     34666	80006e98	7f753913	sltiu	x18,x10,2039	 x10:0x00080040 x18=0x00000000
     346685.000 ns	     34667	80006e9c	97fbbd37	lui	x26,0x97fbb	 x26=0x97fbb000
     346705.000 ns	     34669	80006ea0	a05c95d3	flt.s	x11,f25,f5	 f25:0xc2b00000  f5:0x00000000 x11=0x00000001
     346735.000 ns	     34672	80006ea4	a09899d3	flt.s	x19,f17,f9	 f17:0x5f00040e  f9:0x7fc00000 x19=0x00000000
     346755.000 ns	     34674	80006ea8	018fde13	srli	x28,x31,0x18	 x31:0x00000000 x28=0x00000000
     346765.000 ns	     34675	80006eac	c823ba93	sltiu	x21,x7,-894	  x7:0x00000000 x21=0x00000001
     346785.000 ns	     34677	80006eb0	c0117ad3	fcvt.wu.s	x21,f2	  f2:0x7fc00000 x21=0xffffffff
     346815.000 ns	     34680	80006eb4	c017f8d3	fcvt.wu.s	x17,f15	 f15:0x00000000 x17=0x00000000
     346845.000 ns	     34683	80006eb8	a02b97d3	flt.s	x15,f23,f2	 f23:0x00000000  f2:0x7fc00000 x15=0x00000000
     346875.000 ns	     34686	80006ebc	f0018bd3	fmv.w.x	f23,x3	  x3:0x00000001 f23=0x00000001
     347245.000 ns	     34723	80006ec0	03deef33	rem	x30,x29,x29	 x29:0x000fffff x29:0x000fffff x30=0x00000000
     347275.000 ns	     34726	80006ec4	c017f653	fcvt.wu.s	x12,f15	 f15:0x00000000 x12=0x00000000
     347295.000 ns	     34728	80006ec8	00e27ab3	and	x21,x4,x14	  x4:0x00000001 x14:0x72cb4a24 x21=0x00000000
     347305.000 ns	     34729	80006ecc	01b133b3	sltu	x7,x2,x27	  x2:0x80041024 x27:0x7c943e20  x7=0x00000000
     347325.000 ns	     34731	80006ed0	d009f7d3	fcvt.s.w	f15,x19	 x19:0x00000000 f15=0x00000000
     347695.000 ns	     34768	80006ed4	03ac73b3	remu	x7,x24,x26	 x24:0x00000000 x26:0x97fbb000  x7=0x00000000
     347715.000 ns	     34770	80006ed8	0118d133	srl	x2,x17,x17	 x17:0x00000000 x17:0x00000000  x2=0x00000000
     347725.000 ns	     34771	80006edc	00c2b5b3	sltu	x11,x5,x12	  x5:0x961ddb80 x12:0x00000000 x11=0x00000000
     347745.000 ns	     34773	80006ee0	20e492d3	fsgnjn.s	f5,f9,f14	  f9:0x7fc00000 f14:0x4f000410  f5=0xffc00000
     347765.000 ns	     34775	80006ee4	00d6ac33	slt	x24,x13,x13	 x13:0x7ffbf442 x13:0x7ffbf442 x24=0x00000000
     347805.000 ns	     34779	80006ee8	010cc353	fadd.s	f6,f25,f16	 f25:0xc2b00000 f16:0xcf7ffffd  f6=0xcf7ffffd
     347825.000 ns	     34781	80006eec	0167e5b3	or	x11,x15,x22	 x15:0x00000000 x22:0x00000001 x11=0x00000001
     347835.000 ns	     34782	80006ef0	008ff633	and	x12,x31,x8	 x31:0x00000000  x8:0x80041000 x12=0x00000000
     347855.000 ns	     34784	80006ef4	02150db3	mul	x27,x10,x1	 x10:0x00080040  x1:0x00000000 x27=0x00000000
     347885.000 ns	     34787	80006ef8	c01671d3	fcvt.wu.s	x3,f12	 f12:0x4f000410  x3=0x80041000
     347915.000 ns	     34790	80006efc	c01c9053	fcvt.wu.s	x0,f25	 f25:0xc2b00000
     347935.000 ns	     34792	80006f00	408d5fb3	sra	x31,x26,x8	 x26:0x97fbb000  x8:0x80041000 x31=0x97fbb000
     347955.000 ns	     34794	80006f04	c0197cd3	fcvt.wu.s	x25,f18	 f18:0x00000001 x25=0x00000000
     348325.000 ns	     34831	80006f08	028b48b3	div	x17,x22,x8	 x22:0x00000001  x8:0x80041000 x17=0x00000000
     348355.000 ns	     34834	80006f0c	d003f153	fcvt.s.w	f2,x7	  x7:0x00000000  f2=0x00000000
     348385.000 ns	     34837	80006f10	a08303d3	fle.s	x7,f6,f8	  f6:0xcf7ffffd  f8:0x00000000  x7=0x00000001
     348415.000 ns	     34840	80006f14	02fc2cb3	mulhsu	x25,x24,x15	 x24:0x00000000 x15:0x00000000 x25=0x00000000
     348435.000 ns	     34842	80006f18	1ad86593	ori	x11,x16,429	 x16:0x80040fe4 x11=0x80040fed
     348455.000 ns	     34844	80006f1c	c00bf1d3	fcvt.w.s	x3,f23	 f23:0x00000001  x3=0x00000000
     348485.000 ns	     34847	80006f20	20759353	fsgnjn.s	f6,f11,f7	 f11:0x4f7ffffd  f7:0xebd24000  f6=0x4f7ffffd
     348515.000 ns	     34850	80006f24	c00d3bd3	fcvt.w.s	x23,f26	 f26:0xcf000410 x23=0x80000000
     348535.000 ns	     34852	80006f28	01a16b33	or	x22,x2,x26	  x2:0x00000000 x26:0x97fbb000 x22=0x97fbb000
     348545.000 ns	     34853	80006f2c	25dc6f93	ori	x31,x24,605	 x24:0x00000000 x31=0x0000025d
     348565.000 ns	     34855	80006f30	a1c315d3	flt.s	x11,f6,f28	  f6:0x4f7ffffd f28:0x4f000410 x11=0x00000000
     348595.000 ns	     34858	80006f34	20282053	fsgnjx.s	f0,f16,f2	 f16:0xcf7ffffd  f2:0x00000000  f0=0xcf7ffffd
     348625.000 ns	     34861	80006f38	a075ad53	feq.s	x26,f11,f7	 f11:0x4f7ffffd  f7:0xebd24000 x26=0x00000000
     348645.000 ns	     34863	80006f3c	0103fb33	and	x22,x7,x16	  x7:0x00000001 x16:0x80040fe4 x22=0x00000000
     348665.000 ns	     34865	80006f40	c00bf8d3	fcvt.w.s	x17,f23	 f23:0x00000001 x17=0x00000000
     348695.000 ns	     34868	80006f44	a0e4abd3	feq.s	x23,f9,f14	  f9:0x7fc00000 f14:0x4f000410 x23=0x00000000
     348715.000 ns	     34870	80006f48	00739db3	sll	x27,x7,x7	  x7:0x00000001  x7:0x00000001 x27=0x00000002
     348735.000 ns	     34872	80006f4c	f00985d3	fmv.w.x	f11,x19	 x19:0x00000000 f11=0x00000000
     348755.000 ns	     34874	80006f50	0066eab3	or	x21,x13,x6	 x13:0x7ffbf442  x6:0xffffffff x21=0xffffffff
     348765.000 ns	     34875	80006f54	70ef0b13	addi	x22,x30,1806	 x30:0x00000000 x22=0x0000070e
     348775.000 ns	     34876	80006f58	40df0ab3	sub	x21,x30,x13	 x30:0x00000000 x13:0x7ffbf442 x21=0x80040bbe
     348795.000 ns	     34878	80006f5c	a1e0ac53	feq.s	x24,f1,f30	  f1:0xc4000000 f30:0x4f000410 x24=0x00000000
     348815.000 ns	     34880	80006f60	78fd6a93	ori	x21,x26,1935	 x26:0x00000000 x21=0x0000078f
     348825.000 ns	     34881	80006f64	01ed3d33	sltu	x26,x26,x30	 x26:0x00000000 x30:0x00000000 x26=0x00000000
     348845.000 ns	     34883	80006f68	e0090c53	fmv.x.w	x24,f18	 f18:0x00000001 x24=0x00000001
     348875.000 ns	     34886	80006f6c	a0411f53	flt.s	x30,f2,f4	  f2:0x00000000  f4:0xebd24000 x30=0x00000000
     348905.000 ns	     34889	80006f70	a146a453	feq.s	x8,f13,f20	 f13:0x80000777 f20:0x7fc00000  x8=0x00000000
     348935.000 ns	     34892	80006f74	02237233	remu	x4,x6,x2	  x6:0xffffffff  x2:0x00000000  x4=0xffffffff
     348955.000 ns	     34894	80006f78	00000013	addi	x0,x0,0	  x0:0x00000000
     348965.000 ns	     34895	80006f7c	4033d033	sra	x0,x7,x3	  x7:0x00000001  x3:0x00000000
     348975.000 ns	     34896	80006f80	00b29793	slli	x15,x5,0xb	  x5:0x961ddb80 x15=0xeedc0000
     348995.000 ns	     34898	80006f84	d01dff53	fcvt.s.wu	f30,x27	 x27:0x00000002 f30=0x40000000
     349025.000 ns	     34901	80006f88	c01c73d3	fcvt.wu.s	x7,f24	 f24:0xc4000000  x7=0x00000200
     349045.000 ns	     34903	80006f8c	a1d3c213	xori	x4,x7,-1507	  x7:0x00000001  x4=0xfffff81d
     349075.000 ns	     34906	80006f90	580df5d3	fsqrt.s	f11,f27	 f27:0xcf000410 f11=0x7fc00000
     349095.000 ns	     34908	80006f94	007b8f33	add	x30,x23,x7	 x23:0x00000000  x7:0x00000200 x30=0x00000200
     349105.000 ns	     34909	80006f98	00000013	addi	x0,x0,0	  x0:0x00000000
     349125.000 ns	     34911	80006f9c	d01003d3	fcvt.s.wu	f7,x0	  x0:0x00000000  f7=0x00000000
     349145.000 ns	     34913	80006fa0	01cb1293	slli	x5,x22,0x1c	 x22:0x0000070e  x5=0xe0000000
     349165.000 ns	     34915	80006fa4	d0077153	fcvt.s.w	f2,x14	 x14:0x72cb4a24  f2=0x4ee59694
     349185.000 ns	     34917	80006fa8	8556f893	andi	x17,x13,-1963	 x13:0x7ffbf442 x17=0x7ffbf040
     349195.000 ns	     34918	80006fac	012e4633	xor	x12,x28,x18	 x28:0x00000000 x18:0x00000000 x12=0x00000000
     349205.000 ns	     34919	80006fb0	406ddb93	srai	x23,x27,0x6	 x27:0x00000002 x23=0x00000000
     349225.000 ns	     34921	80006fb4	a1cf0353	fle.s	x6,f30,f28	 f30:0x40000000 f28:0x4f000410  x6=0x00000001
     349595.000 ns	     34958	80006fb8	0363deb3	divu	x29,x7,x22	  x7:0x00000200 x22:0x0000070e x29=0x00000000
     349625.000 ns	     34961	80006fbc	21042653	fsgnjx.s	f12,f8,f16	  f8:0x00000000 f16:0xcf7ffffd f12=0x80000000
     349645.000 ns	     34963	80006fc0	2707cbb7	lui	x23,0x2707c	 x23=0x2707c000
     349655.000 ns	     34964	80006fc4	01a1ee33	or	x28,x3,x26	  x3:0x00000000 x26:0x00000000 x28=0x00000000
     349685.000 ns	     34967	80006fc8	11e81253	fmul.s	f4,f16,f30	 f16:0xcf7ffffd f30:0x40000000  f4=0xcffffffd
     349705.000 ns	     34969	80006fcc	6b067d13	andi	x26,x12,1712	 x12:0x00000000 x26=0x00000000
     349715.000 ns	     34970	80006fd0	01bfd233	srl	x4,x31,x27	 x31:0x0000025d x27:0x00000002  x4=0x00000097
     349725.000 ns	     34971	80006fd4	010ab433	sltu	x8,x21,x16	 x21:0x0000078f x16:0x80040fe4  x8=0x00000001
     350055.000 ns	     35004	80006fd8	19224953	fdiv.s	f18,f4,f18	  f4:0xcffffffd f18:0x00000001 f18=0xff800000
     350085.000 ns	     35007	80006fdc	294505d3	fmin.s	f11,f10,f20	 f10:0xcf7ffffd f20:0x7fc00000 f11=0xcf7ffffd
     350115.000 ns	     35010	80006fe0	20bd28d3	fsgnjx.s	f17,f26,f11	 f26:0xcf000410 f11:0x7fc00000 f17=0x4f000410
     350155.000 ns	     35014	80006fe4	1174fed3	fmul.s	f29,f9,f23	  f9:0x7fc00000 f23:0x00000001 f29=0x7fc00000
     350175.000 ns	     35016	80006fe8	eb14be93	sltiu	x29,x9,-335	  x9:0x00000000 x29=0x00000001
     350195.000 ns	     35018	80006fec	d00d9dd3	fcvt.s.w	f27,x27	 x27:0x00000002 f27=0x40000000
     350215.000 ns	     35020	80006ff0	00cfbcb3	sltu	x25,x31,x12	 x31:0x0000025d x12:0x00000000 x25=0x00000000
     350245.000 ns	     35023	80006ff4	1863f353	fdiv.s	f6,f7,f6	  f7:0x00000000  f6:0x4f7ffffd  f6=0x00000000
     350275.000 ns	     35026	80006ff8	a0aa0b53	fle.s	x22,f20,f10	 f20:0x7fc00000 f10:0xcf7ffffd x22=0x00000000
     350295.000 ns	     35028	80006ffc	41980933	sub	x18,x16,x25	 x16:0x80040fe4 x25:0x00000000 x18=0x80040fe4
     350315.000 ns	     35030	80007000	d01ba7d3	fcvt.s.wu	f15,x23	 x23:0x2707c000 f15=0x4e1c1f00
     350335.000 ns	     35032	80007004	9f70b913	sltiu	x18,x1,-1545	  x1:0x00000000 x18=0x00000001
     350345.000 ns	     35033	80007008	01c6d5b3	srl	x11,x13,x28	 x13:0x7ffbf442 x28:0x00000000 x11=0x7ffbf442
     350355.000 ns	     35034	8000700c	5f3cbcb7	lui	x25,0x5f3cb	 x25=0x5f3cb000
     350715.000 ns	     35070	80007010	02b94eb3	div	x29,x18,x11	 x18:0x00000001 x11:0x00000000 x29=0x00000000
     350735.000 ns	     35072	80007014	104fc4b7	lui	x9,0x104fc	  x9=0x104fc000
     350755.000 ns	     35074	80007018	21eea2d3	fsgnjx.s	f5,f29,f30	 f29:0x7fc00000 f30:0x40000000  f5=0x7fc00000
     350785.000 ns	     35077	8000701c	219296d3	fsgnjn.s	f13,f5,f25	  f5:0xffc00000 f25:0xc2b00000 f13=0x7fc00000
     350815.000 ns	     35080	80007020	a05aabd3	feq.s	x23,f21,f5	 f21:0x7fc00000  f5:0x7fc00000 x23=0x00000000
     350845.000 ns	     35083	80007024	f00e0953	fmv.w.x	f18,x28	 x28:0x00000000 f18=0x00000000
     350875.000 ns	     35086	80007028	e00b1d53	fclass.s	x26,f22	 f22:0x4f000410 x26=0x00000040
     350905.000 ns	     35089	8000702c	282c0ad3	fmin.s	f21,f24,f2	 f24:0xc4000000  f2:0x4ee59694 f21=0xc4000000
     350935.000 ns	     35092	80007030	20102853	fsgnjx.s	f16,f0,f1	  f0:0xcf7ffffd  f1:0xc4000000 f16=0x4f7ffffd
     350965.000 ns	     35095	80007034	a0ba9ad3	flt.s	x21,f21,f11	 f21:0xc4000000 f11:0xcf7ffffd x21=0x00000000
     350985.000 ns	     35097	80007038	308f7d93	andi	x27,x30,776	 x30:0x00000200 x27=0x00000200
     351005.000 ns	     35099	8000703c	a1bb1353	flt.s	x6,f22,f27	 f22:0x4f000410 f27:0x40000000  x6=0x00000000
     351035.000 ns	     35102	80007040	a0d80d53	fle.s	x26,f16,f13	 f16:0x4f7ffffd f13:0x7fc00000 x26=0x00000000
     351055.000 ns	     35104	80007044	b1e2f093	andi	x1,x5,-1250	  x5:0xe0000000  x1=0xe0000000
     351095.000 ns	     35108	80007048	01c178d3	fadd.s	f17,f2,f28	  f2:0x4ee59694 f28:0x4f000410 f17=0x4f72cf5a
     351115.000 ns	     35110	8000704c	69557093	andi	x1,x10,1685	 x10:0x00080040  x1=0x00000000
     351125.000 ns	     35111	80007050	d3e89897	auipc	x17,0xd3e89	 x17=0x53e90050
     351165.000 ns	     35115	80007054	0101fad3	fadd.s	f21,f3,f16	  f3:0xcf000410 f16:0x4f7ffffd f21=0x4efff7da
     351195.000 ns	     35118	80007058	29591a53	fmax.s	f20,f18,f21	 f18:0x00000000 f21:0xc4000000 f20=0x4efff7da
     351215.000 ns	     35120	8000705c	00d21d13	slli	x26,x4,0xd	  x4:0x00000097 x26=0x0012e000
     351225.000 ns	     35121	80007060	002caab3	slt	x21,x25,x2	 x25:0x5f3cb000  x2:0x00000000 x21=0x00000000
     351255.000 ns	     35124	80007064	18c07253	fdiv.s	f4,f0,f12	  f0:0xcf7ffffd f12:0x80000000  f4=0x7f800000
     351275.000 ns	     35126	80007068	0161afb3	slt	x31,x3,x22	  x3:0x00000000 x22:0x00000000 x31=0x00000000
     351295.000 ns	     35128	8000706c	a1869b53	flt.s	x22,f13,f24	 f13:0x7fc00000 f24:0xc4000000 x22=0x00000000
     351345.000 ns	     35133	80007070	09808853	fsub.s	f16,f1,f24	  f1:0xc4000000 f24:0xc4000000 f16=0x00000000
     351365.000 ns	     35135	80007074	ea534e13	xori	x28,x6,-347	  x6:0x00000000 x28=0xfffffea5
     351375.000 ns	     35136	80007078	644f3c93	sltiu	x25,x30,1604	 x30:0x00000200 x25=0x00000001
     351395.000 ns	     35138	8000707c	a1bda5d3	feq.s	x11,f27,f27	 f27:0x40000000 f27:0x40000000 x11=0x00000001
     351415.000 ns	     35140	80007080	bbad7493	andi	x9,x26,-1094	 x26:0x0012e000  x9=0x0012e000
     351425.000 ns	     35141	80007084	401cd213	srai	x4,x25,0x1	 x25:0x00000001  x4=0x00000000
     351465.000 ns	     35145	80007088	09087dd3	fsub.s	f27,f16,f16	 f16:0x00000000 f16:0x00000000 f27=0x80000000
     351485.000 ns	     35147	8000708c	40280eb3	sub	x29,x16,x2	 x16:0x80040fe4  x2:0x00000000 x29=0x80040fe4
     351495.000 ns	     35148	80007090	90e04513	xori	x10,x0,-1778	  x0:0x00000000 x10=0xfffff90e
     351505.000 ns	     35149	80007094	01f4e0b3	or	x1,x9,x31	  x9:0x0012e000 x31:0x00000000  x1=0x0012e000
     351525.000 ns	     35151	80007098	20f596d3	fsgnjn.s	f13,f11,f15	 f11:0xcf7ffffd f15:0x4e1c1f00 f13=0xcf7ffffd
     351555.000 ns	     35154	8000709c	d010c353	fcvt.s.wu	f6,x1	  x1:0x00000000  f6=0x49970000
     351585.000 ns	     35157	800070a0	03794e33	div	x28,x18,x23	 x18:0x00000001 x23:0x00000000 x28=0xffffffff
     351635.000 ns	     35162	800070a4	0195fbd3	fadd.s	f23,f11,f25	 f11:0xcf7ffffd f25:0xc2b00000 f23=0xcf7ffffd
     351685.000 ns	     35167	800070a8	0157abd3	fadd.s	f23,f15,f21	 f15:0x4e1c1f00 f21:0x4efff7da f23=0x4f2703ad
     351715.000 ns	     35170	800070ac	28af1353	fmax.s	f6,f30,f10	 f30:0x40000000 f10:0xcf7ffffd  f6=0x40000000
     351745.000 ns	     35173	800070b0	023b4c33	div	x24,x22,x3	 x22:0x00000000  x3:0x00000000 x24=0xffffffff
     351775.000 ns	     35176	800070b4	a1739dd3	flt.s	x27,f7,f23	  f7:0x00000000 f23:0x4f2703ad x27=0x00000001
     351805.000 ns	     35179	800070b8	e00a0653	fmv.x.w	x12,f20	 f20:0x4efff7da x12=0x4efff7da
     351825.000 ns	     35181	800070bc	b9823b13	sltiu	x22,x4,-1128	  x4:0x00000000 x22=0x00000001
     351855.000 ns	     35184	800070c0	1932f2d3	fdiv.s	f5,f5,f19	  f5:0x7fc00000 f19:0x00000000  f5=0x7fc00000
     351875.000 ns	     35186	800070c4	0110a233	slt	x4,x1,x17	  x1:0x0012e000 x17:0x53e90050  x4=0x00000001
     351885.000 ns	     35187	800070c8	00117333	and	x6,x2,x1	  x2:0x00000000  x1:0x0012e000  x6=0x00000000
     351915.000 ns	     35190	800070cc	1031f853	fmul.s	f16,f3,f3	  f3:0xcf000410  f3:0xcf000410 f16=0x5e800820
     351935.000 ns	     35192	800070d0	09abb613	sltiu	x12,x23,154	 x23:0x00000000 x12=0x00000001
     351955.000 ns	     35194	800070d4	d0104b53	fcvt.s.wu	f22,x0	  x0:0x00000000 f22=0x00000000
     351975.000 ns	     35196	800070d8	5559ab13	slti	x22,x19,1365	 x19:0x00000000 x22=0x00000001
     351995.000 ns	     35198	800070dc	285a9dd3	fmax.s	f27,f21,f5	 f21:0x4efff7da  f5:0x7fc00000 f27=0x4efff7da
     352025.000 ns	     35201	800070e0	f00e0d53	fmv.w.x	f26,x28	 x28:0xffffffff f26=0xffffffff
     352045.000 ns	     35203	800070e4	0180a8b3	slt	x17,x1,x24	  x1:0x0012e000 x24:0xffffffff x17=0x00000000
     352065.000 ns	     35205	800070e8	28298ed3	fmin.s	f29,f19,f2	 f19:0x00000000  f2:0x4ee59694 f29=0x00000000
     352095.000 ns	     35208	800070ec	a0f91653	flt.s	x12,f18,f15	 f18:0x00000000 f15:0x4e1c1f00 x12=0x00000001
     352115.000 ns	     35210	800070f0	01849393	slli	x7,x9,0x18	  x9:0x0012e000  x7=0x00000000
     352125.000 ns	     35211	800070f4	014ac4b3	xor	x9,x21,x20	 x21:0x00000000 x20:0x80041024  x9=0x80041024
     352145.000 ns	     35213	800070f8	e0080d53	fmv.x.w	x26,f16	 f16:0x5e800820 x26=0x5e800820
     352175.000 ns	     35216	800070fc	c00973d3	fcvt.w.s	x7,f18	 f18:0x00000000  x7=0x00000000
     352195.000 ns	     35218	80007100	cd7584b7	lui	x9,0xcd758	  x9=0xcd758000
     352555.000 ns	     35254	80007104	02417e33	remu	x28,x2,x4	  x2:0x00000000  x4:0x00000001 x28=0x00000000
     352575.000 ns	     35256	80007108	00000013	addi	x0,x0,0	  x0:0x00000000
     352585.000 ns	     35257	8000710c	012d2e33	slt	x28,x26,x18	 x26:0x5e800820 x18:0x00000001 x28=0x00000000
     352605.000 ns	     35259	80007110	03392bb3	mulhsu	x23,x18,x19	 x18:0x00000001 x19:0x00000000 x23=0x00000000
     352625.000 ns	     35261	80007114	41fbdf93	srai	x31,x23,0x1f	 x23:0x00000000 x31=0x00000000
     352635.000 ns	     35262	80007118	00000013	addi	x0,x0,0	  x0:0x00000000
     353805.000 ns	     35379	8000711c	580bf453	fsqrt.s	f8,f23	 f23:0x4f2703ad  f8=0x46ec3132
     353825.000 ns	     35381	80007120	2c55c113	xori	x2,x11,709	 x11:0x00000001  x2=0x000002c4
     353845.000 ns	     35383	80007124	d0170d53	fcvt.s.wu	f26,x14	 x14:0x72cb4a24 f26=0x4ee59694
     354215.000 ns	     35420	80007128	029b6d33	rem	x26,x22,x9	 x22:0x00000001  x9:0xcd758000 x26=0x00000001
     354235.000 ns	     35422	8000712c	0092e933	or	x18,x5,x9	  x5:0xe0000000  x9:0xcd758000 x18=0xed758000
     354245.000 ns	     35423	80007130	a49ec093	xori	x1,x29,-1463	 x29:0x80040fe4  x1=0x7ffbf5ad
     354255.000 ns	     35424	80007134	00b00433	add	x8,x0,x11	  x0:0x00000000 x11:0x00000001  x8=0x00000001
     354265.000 ns	     35425	80007138	010dbdb3	sltu	x27,x27,x16	 x27:0x00000001 x16:0x80040fe4 x27=0x00000001
     354275.000 ns	     35426	8000713c	11502613	slti	x12,x0,277	  x0:0x00000000 x12=0x00000001
     354295.000 ns	     35428	80007140	028e3033	mulhu	x0,x28,x8	 x28:0x00000000  x8:0x00000001
     354315.000 ns	     35430	80007144	01dcbf33	sltu	x30,x25,x29	 x25:0x00000001 x29:0x80040fe4 x30=0x00000001
     354645.000 ns	     35463	80007148	19e47f53	fdiv.s	f30,f8,f30	  f8:0x46ec3132 f30:0x40000000 f30=0x45fb0940
     354675.000 ns	     35466	8000714c	02bb2533	mulhsu	x10,x22,x11	 x22:0x00000001 x11:0x00000001 x10=0x00000000
     354725.000 ns	     35471	80007150	09b52ad3	fsub.s	f21,f10,f27	 f10:0xcf7ffffd f27:0x4efff7da f21=0xcfbffdf5
     354755.000 ns	     35474	80007154	21622553	fsgnjx.s	f10,f4,f22	  f4:0x7f800000 f22:0x00000000 f10=0x7f800000
     354785.000 ns	     35477	80007158	d01f7453	fcvt.s.wu	f8,x30	 x30:0x00000001  f8=0x3f800000
     354815.000 ns	     35480	8000715c	a12a8fd3	fle.s	x31,f21,f18	 f21:0xcfbffdf5 f18:0x00000000 x31=0x00000001
     354835.000 ns	     35482	80007160	00dd8233	add	x4,x27,x13	 x27:0x00000001 x13:0x7ffbf442  x4=0x7ffbf443
     354855.000 ns	     35484	80007164	21892c53	fsgnjx.s	f24,f18,f24	 f18:0x00000000 f24:0xc4000000 f24=0x80000000
     354885.000 ns	     35487	80007168	20c20353	fsgnj.s	f6,f4,f12	  f4:0x7f800000 f12:0x80000000  f6=0xff800000
     354915.000 ns	     35490	8000716c	2153ab53	fsgnjx.s	f22,f7,f21	  f7:0x00000000 f21:0xcfbffdf5 f22=0x80000000
     354935.000 ns	     35492	80007170	0063d2b3	srl	x5,x7,x6	  x7:0x00000000  x6:0x00000000  x5=0x00000000
     354955.000 ns	     35494	80007174	c0147953	fcvt.wu.s	x18,f8	  f8:0x3f800000 x18=0x00000001
     355005.000 ns	     35499	80007178	013a82d3	fadd.s	f5,f21,f19	 f21:0xcfbffdf5 f19:0x00000000  f5=0xcfbffdf5
     355025.000 ns	     35501	8000717c	004ceeb3	or	x29,x25,x4	 x25:0x00000001  x4:0x7ffbf443 x29=0x7ffbf443
     355035.000 ns	     35502	80007180	40845d93	srai	x27,x8,0x8	  x8:0x00000001 x27=0x00000000
     355045.000 ns	     35503	80007184	96fbb397	auipc	x7,0x96fbb	  x7=0x16fc2184
     355055.000 ns	     35504	80007188	00000013	addi	x0,x0,0	  x0:0x00000000
     355065.000 ns	     35505	8000718c	000d1933	sll	x18,x26,x0	 x26:0x00000001  x0:0x00000000 x18=0x00000001
     355075.000 ns	     35506	80007190	007a2fb3	slt	x31,x20,x7	 x20:0x80041024  x7:0x16fc2184 x31=0x00000001
     355085.000 ns	     35507	80007194	a39e2d93	slti	x27,x28,-1479	 x28:0x00000000 x27=0x00000000
     355095.000 ns	     35508	80007198	0035d6b3	srl	x13,x11,x3	 x11:0x00000001  x3:0x00000000 x13=0x00000001
     355105.000 ns	     35509	8000719c	00935f13	srli	x30,x6,0x9	  x6:0x00000000 x30=0x00000000
     355115.000 ns	     35510	800071a0	2a5dc7b7	lui	x15,0x2a5dc	 x15=0x2a5dc000
     355125.000 ns	     35511	800071a4	400455b3	sra	x11,x8,x0	  x8:0x00000001  x0:0x00000000 x11=0x00000001
     355145.000 ns	     35513	800071a8	02c03133	mulhu	x2,x0,x12	  x0:0x00000000 x12:0x00000001  x2=0x00000000
     355165.000 ns	     35515	800071ac	00000013	addi	x0,x0,0	  x0:0x00000000
     355175.000 ns	     35516	800071b0	011f53b3	srl	x7,x30,x17	 x30:0x00000000 x17:0x00000000  x7=0x00000000
     355185.000 ns	     35517	800071b4	00811113	slli	x2,x2,0x8	  x2:0x00000000  x2=0x00000000
     355195.000 ns	     35518	800071b8	0093ccb3	xor	x25,x7,x9	  x7:0x16fc2184  x9:0xcd758000 x25=0xcd758000
     355205.000 ns	     35519	800071bc	00000013	addi	x0,x0,0	  x0:0x00000000
     355225.000 ns	     35521	800071c0	02632e33	mulhsu	x28,x6,x6	  x6:0x00000000  x6:0x00000000 x28=0x00000000
     355255.000 ns	     35524	800071c4	200a11d3	fsgnjn.s	f3,f20,f0	 f20:0x4efff7da  f0:0xcf7ffffd  f3=0x4efff7da
     355285.000 ns	     35527	800071c8	d00a1253	fcvt.s.w	f4,x20	 x20:0x80041024  f4=0xcefff7df
     355315.000 ns	     35530	800071cc	026be6b3	rem	x13,x23,x6	 x23:0x00000000  x6:0x00000000 x13=0x00000000
     355345.000 ns	     35533	800071d0	a10128d3	feq.s	x17,f2,f16	  f2:0x4ee59694 f16:0x5e800820 x17=0x00000000
     355365.000 ns	     35535	800071d4	40dfd7b3	sra	x15,x31,x13	 x31:0x00000001 x13:0x00000000 x15=0x00000001
     355375.000 ns	     35536	800071d8	402ad233	sra	x4,x21,x2	 x21:0x00000000  x2:0x00000000  x4=0x00000000
     355395.000 ns	     35538	800071dc	027d12b3	mulh	x5,x26,x7	 x26:0x00000001  x7:0x00000000  x5=0x00000000
     355415.000 ns	     35540	800071e0	00506fb3	or	x31,x0,x5	  x0:0x00000000  x5:0x00000000 x31=0x00000000
     355435.000 ns	     35542	800071e4	a19020d3	feq.s	x1,f0,f25	  f0:0xcf7ffffd f25:0xc2b00000  x1=0x00000000
     355465.000 ns	     35545	800071e8	d00773d3	fcvt.s.w	f7,x14	 x14:0x72cb4a24  f7=0x4ee59694
     355495.000 ns	     35548	800071ec	a02817d3	flt.s	x15,f16,f2	 f16:0x5e800820  f2:0x4ee59694 x15=0x00000000
     355545.000 ns	     35553	800071f0	08e1f8d3	fsub.s	f17,f3,f14	  f3:0x4efff7da f14:0x4f000410 f17=0xc9023000
     355575.000 ns	     35556	800071f4	e00b9b53	fclass.s	x22,f23	 f23:0x4f2703ad x22=0x00000040
     355605.000 ns	     35559	800071f8	02406fb3	rem	x31,x0,x4	  x0:0x00000000  x4:0x00000000 x31=0x00000000
     355635.000 ns	     35562	800071fc	20a98753	fsgnj.s	f14,f19,f10	 f19:0x00000000 f10:0x7f800000 f14=0x00000000
     355665.000 ns	     35565	80007200	c00ff9d3	fcvt.w.s	x19,f31	 f31:0xc4000000 x19=0x00000200
     355695.000 ns	     35568	80007204	028dab33	mulhsu	x22,x27,x8	 x27:0x00000000  x8:0x00000001 x22=0x00000000
     355725.000 ns	     35571	80007208	039d2f33	mulhsu	x30,x26,x25	 x26:0x00000001 x25:0xcd758000 x30=0x00000000
     355745.000 ns	     35573	8000720c	002c71b3	and	x3,x24,x2	 x24:0xffffffff  x2:0x00000000  x3=0x00000000
     355755.000 ns	     35574	80007210	01bf8933	add	x18,x31,x27	 x31:0x00000000 x27:0x00000000 x18=0x00000000
     355765.000 ns	     35575	80007214	00d9e333	or	x6,x19,x13	 x19:0x00000200 x13:0x00000000  x6=0x00000200
     355785.000 ns	     35577	80007218	02b7bdb3	mulhu	x27,x15,x11	 x15:0x00000000 x11:0x00000001 x27=0x00000000
     355805.000 ns	     35579	8000721c	00622e33	slt	x28,x4,x6	  x4:0x00000000  x6:0x00000000 x28=0x00000001
     355835.000 ns	     35582	80007220	106d3853	fmul.s	f16,f26,f6	 f26:0x4ee59694  f6:0xff800000 f16=0xff800000
     355865.000 ns	     35585	80007224	02753533	mulhu	x10,x10,x7	 x10:0x00000000  x7:0x00000000 x10=0x00000000
     355885.000 ns	     35587	80007228	45e6af13	slti	x30,x13,1118	 x13:0x00000000 x30=0x00000001
     355895.000 ns	     35588	8000722c	01458133	add	x2,x11,x20	 x11:0x00000001 x20:0x80041024  x2=0x80041025
     355905.000 ns	     35589	80007230	a7243993	sltiu	x19,x8,-1422	  x8:0x00000001 x19=0x00000001
     355915.000 ns	     35590	80007234	01970633	add	x12,x14,x25	 x14:0x72cb4a24 x25:0xcd758000 x12=0x4040ca24
     355925.000 ns	     35591	80007238	00000013	addi	x0,x0,0	  x0:0x00000000
     355935.000 ns	     35592	8000723c	01bb5613	srli	x12,x22,0x1b	 x22:0x00000000 x12=0x00000000
     355945.000 ns	     35593	80007240	41a70433	sub	x8,x14,x26	 x14:0x72cb4a24 x26:0x00000001  x8=0x72cb4a23
     355955.000 ns	     35594	80007244	009356b3	srl	x13,x6,x9	  x6:0x00000200  x9:0xcd758000 x13=0x00000200
     355975.000 ns	     35596	80007248	c0014ad3	fcvt.w.s	x21,f2	  f2:0x4ee59694 x21=0x72cb4a00
     356005.000 ns	     35599	8000724c	c013fe53	fcvt.wu.s	x28,f7	  f7:0x4ee59694 x28=0x72cb4a00
     356025.000 ns	     35601	80007250	4b5f7f93	andi	x31,x30,1205	 x30:0x00000001 x31=0x00000001
     356045.000 ns	     35603	80007254	03a386b3	mul	x13,x7,x26	  x7:0x00000000 x26:0x00000001 x13=0x00000000
     356075.000 ns	     35606	80007258	a0f017d3	flt.s	x15,f0,f15	  f0:0xcf7ffffd f15:0x4e1c1f00 x15=0x00000001
     356125.000 ns	     35611	8000725c	00880a53	fadd.s	f20,f16,f8	 f16:0xff800000  f8:0x3f800000 f20=0xff800000
     356145.000 ns	     35613	80007260	012be233	or	x4,x23,x18	 x23:0x00000000 x18:0x00000000  x4=0x00000000
     356155.000 ns	     35614	80007264	01c118b3	sll	x17,x2,x28	  x2:0x80041025 x28:0x72cb4a00 x17=0x80041025
     356175.000 ns	     35616	80007268	a172a253	feq.s	x4,f5,f23	  f5:0xcfbffdf5 f23:0x4f2703ad  x4=0x00000000
     356195.000 ns	     35618	8000726c	5d579cb7	lui	x25,0x5d579	 x25=0x5d579000
     356215.000 ns	     35620	80007270	0235a9b3	mulhsu	x19,x11,x3	 x11:0x00000001  x3:0x00000000 x19=0x00000000
     356245.000 ns	     35623	80007274	03664933	div	x18,x12,x22	 x12:0x00000000 x22:0x00000000 x18=0xffffffff
     356265.000 ns	     35625	80007278	6939ec93	ori	x25,x19,1683	 x19:0x00000000 x25=0x00000693
     356275.000 ns	     35626	8000727c	c40898b7	lui	x17,0xc4089	 x17=0xc4089000
     356285.000 ns	     35627	80007280	00c921b3	slt	x3,x18,x12	 x18:0xffffffff x12:0x00000000  x3=0x00000001
     356295.000 ns	     35628	80007284	b490a0b7	lui	x1,0xb490a	  x1=0xb490a000
     356315.000 ns	     35630	80007288	02cfcb33	div	x22,x31,x12	 x31:0x00000001 x12:0x00000000 x22=0xffffffff
     356335.000 ns	     35632	8000728c	0147dc93	srli	x25,x15,0x14	 x15:0x00000001 x25=0x00000000
     356355.000 ns	     35634	80007290	c01ef9d3	fcvt.wu.s	x19,f29	 f29:0x00000000 x19=0x00000000
     356375.000 ns	     35636	80007294	83173113	sltiu	x2,x14,-1999	 x14:0x72cb4a24  x2=0x00000001
     356385.000 ns	     35637	80007298	649cc413	xori	x8,x25,1609	 x25:0x00000000  x8=0x00000649
     356395.000 ns	     35638	8000729c	00b9ec33	or	x24,x19,x11	 x19:0x00000000 x11:0x00000001 x24=0x00000001
     356405.000 ns	     35639	800072a0	012a4633	xor	x12,x20,x18	 x20:0x80041024 x18:0xffffffff x12=0x7ffbefdb
     356415.000 ns	     35640	800072a4	0152d1b3	srl	x3,x5,x21	  x5:0x00000000 x21:0x72cb4a00  x3=0x00000000
     356435.000 ns	     35642	800072a8	c01193d3	fcvt.wu.s	x7,f3	  f3:0x4efff7da  x7=0x7ffbed00
     356455.000 ns	     35644	800072ac	d2746e13	ori	x28,x8,-729	  x8:0x00000649 x28=0xffffff6f
     356475.000 ns	     35646	800072b0	29c617d3	fmax.s	f15,f12,f28	 f12:0x80000000 f28:0x4f000410 f15=0x4f000410
     356505.000 ns	     35649	800072b4	a0998bd3	fle.s	x23,f19,f9	 f19:0x00000000  f9:0x7fc00000 x23=0x00000000
     356545.000 ns	     35653	800072b8	10247bd3	fmul.s	f23,f8,f2	  f8:0x3f800000  f2:0x4ee59694 f23=0x4ee59694
     356575.000 ns	     35656	800072bc	e0058e53	fmv.x.w	x28,f11	 f11:0xcf7ffffd x28=0xcf7ffffd
     356605.000 ns	     35659	800072c0	292616d3	fmax.s	f13,f12,f18	 f12:0x80000000 f18:0x00000000 f13=0x00000000
     356625.000 ns	     35661	800072c4	00d51413	slli	x8,x10,0xd	 x10:0x00000000  x8=0x00000000
     356635.000 ns	     35662	800072c8	91aaf993	andi	x19,x21,-1766	 x21:0x72cb4a00 x19=0x72cb4800
     356645.000 ns	     35663	800072cc	01ddb333	sltu	x6,x27,x29	 x27:0x00000000 x29:0x7ffbf443  x6=0x00000001
     357005.000 ns	     35699	800072d0	021d6333	rem	x6,x26,x1	 x26:0x00000001  x1:0xb490a000  x6=0x00000001
     357025.000 ns	     35701	800072d4	00ac63b3	or	x7,x24,x10	 x24:0x00000001 x10:0x00000000  x7=0x00000001
     357045.000 ns	     35703	800072d8	a13b94d3	flt.s	x9,f23,f19	 f23:0x4ee59694 f19:0x00000000  x9=0x00000000
     357075.000 ns	     35706	800072dc	02032633	mulhsu	x12,x6,x0	  x6:0x00000001  x0:0x00000000 x12=0x00000000
     357095.000 ns	     35708	800072e0	41c77093	andi	x1,x14,1052	 x14:0x72cb4a24  x1=0x00000004
     357115.000 ns	     35710	800072e4	e00d9c53	fclass.s	x24,f27	 f27:0x4efff7da x24=0x00000040
     357145.000 ns	     35713	800072e8	02b12db3	mulhsu	x27,x2,x11	  x2:0x00000001 x11:0x00000001 x27=0x00000000
     357165.000 ns	     35715	800072ec	017d0b33	add	x22,x26,x23	 x26:0x00000001 x23:0x00000000 x22=0x00000001
     357175.000 ns	     35716	800072f0	01c701b3	add	x3,x14,x28	 x14:0x72cb4a24 x28:0xcf7ffffd  x3=0x424b4a21
     357195.000 ns	     35718	800072f4	c00c4d53	fcvt.w.s	x26,f24	 f24:0x80000000 x26=0x00000000
     357235.000 ns	     35722	800072f8	18f541d3	fdiv.s	f3,f10,f15	 f10:0x7f800000 f15:0x4f000410  f3=0x7f800000
     357285.000 ns	     35727	800072fc	08feae53	fsub.s	f28,f29,f15	 f29:0x00000000 f15:0x4f000410 f28=0xcf000410
     357305.000 ns	     35729	80007300	28404f13	xori	x30,x0,644	  x0:0x00000000 x30=0x00000284
     357665.000 ns	     35765	80007304	0387e7b3	rem	x15,x15,x24	 x15:0x00000001 x24:0x00000040 x15=0x00000001
     357685.000 ns	     35767	80007308	41c58533	sub	x10,x11,x28	 x11:0x00000001 x28:0xcf7ffffd x10=0x30800004
     357705.000 ns	     35769	8000730c	20d706d3	fsgnj.s	f13,f14,f13	 f14:0x00000000 f13:0x00000000 f13=0x00000000
     357735.000 ns	     35772	80007310	c01b7053	fcvt.wu.s	x0,f22	 f22:0x80000000
     357755.000 ns	     35774	80007314	407afb13	andi	x22,x21,1031	 x21:0x72cb4a00 x22=0x00000000
     357765.000 ns	     35775	80007318	f1238e93	addi	x29,x7,-238	  x7:0x00000001 x29=0xffffff13
     357785.000 ns	     35777	8000731c	28b097d3	fmax.s	f15,f1,f11	  f1:0xc4000000 f11:0xcf7ffffd f15=0xc4000000
     357815.000 ns	     35780	80007320	a0f28653	fle.s	x12,f5,f15	  f5:0xcfbffdf5 f15:0x4f000410 x12=0x00000001
     357845.000 ns	     35783	80007324	f00685d3	fmv.w.x	f11,x13	 x13:0x00000000 f11=0x00000000
     357875.000 ns	     35786	80007328	a05812d3	flt.s	x5,f16,f5	 f16:0xff800000  f5:0xcfbffdf5  x5=0x00000001
     357895.000 ns	     35788	8000732c	cdfe3413	sltiu	x8,x28,-801	 x28:0xcf7ffffd  x8=0x00000001
     357915.000 ns	     35790	80007330	029a6fb3	rem	x31,x20,x9	 x20:0x80041024  x9:0x00000000 x31=0x80041024
     357945.000 ns	     35793	80007334	e00604d3	fmv.x.w	x9,f12	 f12:0x80000000  x9=0x80000000
     357975.000 ns	     35796	80007338	02d5e4b3	rem	x9,x11,x13	 x11:0x00000001 x13:0x00000000  x9=0x00000001
     357995.000 ns	     35798	8000733c	01c69333	sll	x6,x13,x28	 x13:0x00000000 x28:0xcf7ffffd  x6=0x00000000
     358355.000 ns	     35834	80007340	03e146b3	div	x13,x2,x30	  x2:0x00000001 x30:0x00000284 x13=0x00000000
     358385.000 ns	     35837	80007344	026620b3	mulhsu	x1,x12,x6	 x12:0x00000001  x6:0x00000001  x1=0x00000000
     358405.000 ns	     35839	80007348	1d4f7e93	andi	x29,x30,468	 x30:0x00000284 x29=0x00000084
     358425.000 ns	     35841	8000734c	a1f92ed3	feq.s	x29,f18,f31	 f18:0x00000000 f31:0xc4000000 x29=0x00000000
     358445.000 ns	     35843	80007350	46890e13	addi	x28,x18,1128	 x18:0xffffffff x28=0x00000467
     358465.000 ns	     35845	80007354	e00215d3	fclass.s	x11,f4	  f4:0xcefff7df x11=0x00000002
     358495.000 ns	     35848	80007358	e00c11d3	fclass.s	x3,f24	 f24:0x80000000  x3=0x00000008
     358515.000 ns	     35850	8000735c	0045bcb3	sltu	x25,x11,x4	 x11:0x00000002  x4:0x00000000 x25=0x00000000
     358545.000 ns	     35853	80007360	18ac7353	fdiv.s	f6,f24,f10	 f24:0x80000000 f10:0x7f800000  f6=0x80000000
     358575.000 ns	     35856	80007364	e0091c53	fclass.s	x24,f18	 f18:0x00000000 x24=0x00000010
     358625.000 ns	     35861	80007368	013b4dd3	fadd.s	f27,f22,f19	 f22:0x80000000 f19:0x00000000 f27=0x00000000
     358645.000 ns	     35863	8000736c	40485793	srai	x15,x16,0x4	 x16:0x80040fe4 x15=0xf80040fe
     358665.000 ns	     35865	80007370	e0060f53	fmv.x.w	x30,f12	 f12:0x80000000 x30=0x80000000
     358685.000 ns	     35867	80007374	0acc2493	slti	x9,x24,172	 x24:0x00000010  x9=0x00000001
     359045.000 ns	     35903	80007378	02a6fb33	remu	x22,x13,x10	 x13:0x00000000 x10:0x30800004 x22=0x00000000
     359075.000 ns	     35906	8000737c	a06b1d53	flt.s	x26,f22,f6	 f22:0x80000000  f6:0x80000000 x26=0x00000000
     359445.000 ns	     35943	80007380	027a7233	remu	x4,x20,x7	 x20:0x80041024  x7:0x00000001  x4=0x00000000
     359465.000 ns	     35945	80007384	007b8633	add	x12,x23,x7	 x23:0x00000000  x7:0x00000001 x12=0x00000001
     359485.000 ns	     35947	80007388	d0148f53	fcvt.s.wu	f30,x9	  x9:0x00000001 f30=0x3f800000
     359505.000 ns	     35949	8000738c	8ed53b93	sltiu	x23,x10,-1811	 x10:0x30800004 x23=0x00000001
     359525.000 ns	     35951	80007390	03935d33	divu	x26,x6,x25	  x6:0x00000000 x25:0x00000000 x26=0xffffffff
     359895.000 ns	     35988	80007394	03c3ce33	div	x28,x7,x28	  x7:0x00000001 x28:0x00000467 x28=0x00000000
     359925.000 ns	     35991	80007398	283c8553	fmin.s	f10,f25,f3	 f25:0xc2b00000  f3:0x7f800000 f10=0xc2b00000
     359965.000 ns	     35995	8000739c	58078ed3	fsqrt.s	f29,f15	 f15:0xc4000000 f29=0x7fc00000
     359985.000 ns	     35997	800073a0	004f8d33	add	x26,x31,x4	 x31:0x80041024  x4:0x00000000 x26=0x80041024
     360005.000 ns	     35999	800073a4	200f8d53	fsgnj.s	f26,f31,f0	 f31:0xc4000000  f0:0xcf7ffffd f26=0xc4000000
     360025.000 ns	     36001	800073a8	019387b3	add	x15,x7,x25	  x7:0x00000001 x25:0x00000000 x15=0x00000001
     360385.000 ns	     36037	800073ac	02a7d033	divu	x0,x15,x10	 x15:0xf80040fe x10:0x30800004
     360405.000 ns	     36039	800073b0	01229093	slli	x1,x5,0x12	  x5:0x00000001  x1=0x00040000
     360425.000 ns	     36041	800073b4	295b8b53	fmin.s	f22,f23,f21	 f23:0x4ee59694 f21:0xcfbffdf5 f22=0xcfbffdf5
     360445.000 ns	     36043	800073b8	c7926193	ori	x3,x4,-903	  x4:0x00000000  x3=0xfffffc79
     360455.000 ns	     36044	800073bc	e8ca1fb7	lui	x31,0xe8ca1	 x31=0xe8ca1000
     360475.000 ns	     36046	800073c0	03ccb533	mulhu	x10,x25,x28	 x25:0x00000000 x28:0x00000000 x10=0x00000000
     360495.000 ns	     36048	800073c4	00e161b3	or	x3,x2,x14	  x2:0x00000001 x14:0x72cb4a24  x3=0x72cb4a25
     360515.000 ns	     36050	800073c8	03a693b3	mulh	x7,x13,x26	 x13:0x00000000 x26:0x80041024  x7=0x00000000
     360545.000 ns	     36053	800073cc	a0ab93d3	flt.s	x7,f23,f10	 f23:0x4ee59694 f10:0xc2b00000  x7=0x00000000
     360575.000 ns	     36056	800073d0	a18d00d3	fle.s	x1,f26,f24	 f26:0xc4000000 f24:0x80000000  x1=0x00000001
     360615.000 ns	     36060	800073d4	19a6fc53	fdiv.s	f24,f13,f26	 f13:0x00000000 f26:0xc4000000 f24=0x80000000
     360645.000 ns	     36063	800073d8	d0038e53	fcvt.s.w	f28,x7	  x7:0x00000000 f28=0x00000000
     360675.000 ns	     36066	800073dc	e0080353	fmv.x.w	x6,f16	 f16:0xff800000  x6=0xff800000
     360695.000 ns	     36068	800073e0	9be80317	auipc	x6,0x9be80	  x6=0x1be873e0
     360715.000 ns	     36070	800073e4	283e0353	fmin.s	f6,f28,f3	 f28:0x00000000  f3:0x7f800000  f6=0x00000000
     360745.000 ns	     36073	800073e8	02d72e33	mulhsu	x28,x14,x13	 x14:0x72cb4a24 x13:0x00000000 x28=0x00000000
     360775.000 ns	     36076	800073ec	20f31053	fsgnjn.s	f0,f6,f15	  f6:0x00000000 f15:0xc4000000  f0=0x00000000
     360805.000 ns	     36079	800073f0	d003f8d3	fcvt.s.w	f17,x7	  x7:0x00000000 f17=0x00000000
     360835.000 ns	     36082	800073f4	f0040453	fmv.w.x	f8,x8	  x8:0x00000001  f8=0x00000001
     360885.000 ns	     36087	800073f8	08a7fed3	fsub.s	f29,f15,f10	 f15:0xc4000000 f10:0xc2b00000 f29=0xc3d40000
     360935.000 ns	     36092	800073fc	0955add3	fsub.s	f27,f11,f21	 f11:0x00000000 f21:0xcfbffdf5 f27=0x4fbffdf5
     360965.000 ns	     36095	80007400	02323b33	mulhu	x22,x4,x3	  x4:0x00000000  x3:0x72cb4a25 x22=0x00000000
     360985.000 ns	     36097	80007404	277b2413	slti	x8,x22,631	 x22:0x00000000  x8=0x00000001
     361345.000 ns	     36133	80007408	0218cf33	div	x30,x17,x1	 x17:0xc4089000  x1:0x00000001 x30=0xc4089000
     361715.000 ns	     36170	8000740c	0287c1b3	div	x3,x15,x8	 x15:0x00000001  x8:0x00000001  x3=0x00000001
     361745.000 ns	     36173	80007410	e0030053	fmv.x.w	x0,f6	  f6:0x00000000
     361795.000 ns	     36178	80007414	083a4ed3	fsub.s	f29,f20,f3	 f20:0xff800000  f3:0x7f800000 f29=0x80000000
     361825.000 ns	     36181	80007418	c0083fd3	fcvt.w.s	x31,f16	 f16:0xff800000 x31=0x80000000
     361855.000 ns	     36184	8000741c	c000ced3	fcvt.w.s	x29,f1	  f1:0xc4000000 x29=0xfffffe00
     361875.000 ns	     36186	80007420	00b7dab3	srl	x21,x15,x11	 x15:0x00000001 x11:0x00000002 x21=0x00000000
     361885.000 ns	     36187	80007424	005b6033	or	x0,x22,x5	 x22:0x00000000  x5:0x00000001
     362245.000 ns	     36223	80007428	022047b3	div	x15,x0,x2	  x0:0x00000000  x2:0x00000001 x15=0x00000000
     362265.000 ns	     36225	8000742c	007d35b3	sltu	x11,x26,x7	 x26:0x80041024  x7:0x00000000 x11=0x00000000
     362285.000 ns	     36227	80007430	038e0fb3	mul	x31,x28,x24	 x28:0x00000000 x24:0x00000010 x31=0x00000000
     362305.000 ns	     36229	80007434	40425f93	srai	x31,x4,0x4	  x4:0x00000000 x31=0x00000000
     362315.000 ns	     36230	80007438	012b1693	slli	x13,x22,0x12	 x22:0x00000000 x13=0x00000000
     362325.000 ns	     36231	8000743c	009a1313	slli	x6,x20,0x9	 x20:0x80041024  x6=0x08204800
     362345.000 ns	     36233	80007440	214d8c53	fsgnj.s	f24,f27,f20	 f27:0x4fbffdf5 f20:0xff800000 f24=0xcfbffdf5
     362365.000 ns	     36235	80007444	bf1df393	andi	x7,x27,-1039	 x27:0x00000000  x7=0x00000000
     362375.000 ns	     36236	80007448	01b41d93	slli	x27,x8,0x1b	  x8:0x00000001 x27=0x08000000
     362385.000 ns	     36237	8000744c	ea819397	auipc	x7,0xea819	  x7=0x6a82044c
     362395.000 ns	     36238	80007450	013b5d93	srli	x27,x22,0x13	 x22:0x00000000 x27=0x00000000
     362415.000 ns	     36240	80007454	c0014253	fcvt.w.s	x4,f2	  f2:0x4ee59694  x4=0x72cb4a00
     362435.000 ns	     36242	80007458	017b4533	xor	x10,x22,x23	 x22:0x00000000 x23:0x00000001 x10=0x00000001
     362455.000 ns	     36244	8000745c	2078a4d3	fsgnjx.s	f9,f17,f7	 f17:0x00000000  f7:0x4ee59694  f9=0x00000000
     362475.000 ns	     36246	80007460	005972b3	and	x5,x18,x5	 x18:0xffffffff  x5:0x00000001  x5=0x00000001
     362485.000 ns	     36247	80007464	01666033	or	x0,x12,x22	 x12:0x00000001 x22:0x00000000
     362505.000 ns	     36249	80007468	e00a96d3	fclass.s	x13,f21	 f21:0xcfbffdf5 x13=0x00000002
     362545.000 ns	     36253	8000746c	11b9a7d3	fmul.s	f15,f19,f27	 f19:0x00000000 f27:0x4fbffdf5 f15=0x00000000
     362575.000 ns	     36256	80007470	29951753	fmax.s	f14,f10,f25	 f10:0xc2b00000 f25:0xc2b00000 f14=0xc2b00000
     362595.000 ns	     36258	80007474	00be7433	and	x8,x28,x11	 x28:0x00000000 x11:0x00000000  x8=0x00000000
     362605.000 ns	     36259	80007478	001513b3	sll	x7,x10,x1	 x10:0x00000001  x1:0x00000001  x7=0x00000002
     362615.000 ns	     36260	8000747c	cd9dbb13	sltiu	x22,x27,-807	 x27:0x00000000 x22=0x00000001
     362975.000 ns	     36296	80007480	030474b3	remu	x9,x8,x16	  x8:0x00000000 x16:0x80040fe4  x9=0x00000000
     362995.000 ns	     36298	80007484	00c365b3	or	x11,x6,x12	  x6:0x08204800 x12:0x00000001 x11=0x08204801
     363355.000 ns	     36334	80007488	0314db33	divu	x22,x9,x17	  x9:0x00000000 x17:0xc4089000 x22=0x00000000
     363385.000 ns	     36337	8000748c	20ea2dd3	fsgnjx.s	f27,f20,f14	 f20:0xff800000 f14:0xc2b00000 f27=0x7f800000
     363755.000 ns	     36374	80007490	03777cb3	remu	x25,x14,x23	 x14:0x72cb4a24 x23:0x00000001 x25=0x00000000
     363785.000 ns	     36377	80007494	f00c8a53	fmv.w.x	f20,x25	 x25:0x00000000 f20=0x00000000
     364155.000 ns	     36414	80007498	0250f0b3	remu	x1,x1,x5	  x1:0x00000001  x5:0x00000001  x1=0x00000000
     364195.000 ns	     36418	8000749c	11037053	fmul.s	f0,f6,f16	  f6:0x00000000 f16:0xff800000  f0=0x7fc00000
     364215.000 ns	     36420	800074a0	41f10033	sub	x0,x2,x31	  x2:0x00000001 x31:0x00000000
     364225.000 ns	     36421	800074a4	13fda593	slti	x11,x27,319	 x27:0x00000000 x11=0x00000001
     364245.000 ns	     36423	800074a8	2101ae53	fsgnjx.s	f28,f3,f16	  f3:0x7f800000 f16:0xff800000 f28=0xff800000
     364275.000 ns	     36426	800074ac	a1aa9253	flt.s	x4,f21,f26	 f21:0xcfbffdf5 f26:0xc4000000  x4=0x00000001
     364645.000 ns	     36463	800074b0	023cd933	divu	x18,x25,x3	 x25:0x00000000  x3:0x00000001 x18=0x00000000
     364665.000 ns	     36465	800074b4	b3f8ea93	ori	x21,x17,-1217	 x17:0xc4089000 x21=0xfffffb3f
     364675.000 ns	     36466	800074b8	01beee33	or	x28,x29,x27	 x29:0xfffffe00 x27:0x00000000 x28=0xfffffe00
     364685.000 ns	     36467	800074bc	005eafb3	slt	x31,x29,x5	 x29:0xfffffe00  x5:0x00000001 x31=0x00000001
     364695.000 ns	     36468	800074c0	40d003b3	sub	x7,x0,x13	  x0:0x00000000 x13:0x00000002  x7=0xfffffffe
     364705.000 ns	     36469	800074c4	01fc0ab3	add	x21,x24,x31	 x24:0x00000010 x31:0x00000000 x21=0x00000011
     364715.000 ns	     36470	800074c8	00000013	addi	x0,x0,0	  x0:0x00000000
     364725.000 ns	     36471	800074cc	01917c33	and	x24,x2,x25	  x2:0x00000001 x25:0x00000000 x24=0x00000000
     364745.000 ns	     36473	800074d0	c0178153	fcvt.wu.s	x2,f15	 f15:0x00000000  x2=0x00000000
     364775.000 ns	     36476	800074d4	29ad81d3	fmin.s	f3,f27,f26	 f27:0x7f800000 f26:0xc4000000  f3=0xc4000000
     364795.000 ns	     36478	800074d8	40a65893	srai	x17,x12,0xa	 x12:0x00000001 x17=0x00000000
     364805.000 ns	     36479	800074dc	01421313	slli	x6,x4,0x14	  x4:0x00000001  x6=0x00100000
     364815.000 ns	     36480	800074e0	00369233	sll	x4,x13,x3	 x13:0x00000002  x3:0x00000001  x4=0x00000004
     364825.000 ns	     36481	800074e4	009a1c93	slli	x25,x20,0x9	 x20:0x80041024 x25=0x08204800
     364845.000 ns	     36483	800074e8	c01b3ad3	fcvt.wu.s	x21,f22	 f22:0xcfbffdf5 x21=0x00000000
     364895.000 ns	     36488	800074ec	00acf2d3	fadd.s	f5,f25,f10	 f25:0xc2b00000 f10:0xc2b00000  f5=0xc3300000
     364935.000 ns	     36492	800074f0	18f8f253	fdiv.s	f4,f17,f15	 f17:0x00000000 f15:0x00000000  f4=0x7fc00000
     364965.000 ns	     36495	800074f4	a04a86d3	fle.s	x13,f21,f4	 f21:0xcfbffdf5  f4:0xcefff7df x13=0x00000000
     364995.000 ns	     36498	800074f8	c01af953	fcvt.wu.s	x18,f21	 f21:0xcfbffdf5 x18=0x00000000
     365025.000 ns	     36501	800074fc	029db033	mulhu	x0,x27,x9	 x27:0x00000000  x9:0x00000000
     365045.000 ns	     36503	80007500	00921cb3	sll	x25,x4,x9	  x4:0x00000004  x9:0x00000000 x25=0x00000004
     365055.000 ns	     36504	80007504	00372333	slt	x6,x14,x3	 x14:0x72cb4a24  x3:0x00000001  x6=0x00000000
     365065.000 ns	     36505	80007508	28b031b7	lui	x3,0x28b03	  x3=0x28b03000
     365075.000 ns	     36506	8000750c	0042b5b3	sltu	x11,x5,x4	  x5:0x00000001  x4:0x00000004 x11=0x00000001
     365095.000 ns	     36508	80007510	f0038cd3	fmv.w.x	f25,x7	  x7:0xfffffffe f25=0xfffffffe
     365115.000 ns	     36510	80007514	00f8ff33	and	x30,x17,x15	 x17:0x00000000 x15:0x00000000 x30=0x00000000
     365145.000 ns	     36513	80007518	1884f353	fdiv.s	f6,f9,f8	  f9:0x00000000  f8:0x00000001  f6=0x00000000
     365175.000 ns	     36516	8000751c	025a9e33	mulh	x28,x21,x5	 x21:0x00000000  x5:0x00000001 x28=0x00000000
     365205.000 ns	     36519	80007520	f0020753	fmv.w.x	f14,x4	  x4:0x00000004 f14=0x00000004
     365235.000 ns	     36522	80007524	c01a3b53	fcvt.wu.s	x22,f20	 f20:0x00000000 x22=0x00000000
     365265.000 ns	     36525	80007528	a0e20dd3	fle.s	x27,f4,f14	  f4:0x7fc00000 f14:0x00000004 x27=0x00000000
     365295.000 ns	     36528	8000752c	a058a253	feq.s	x4,f17,f5	 f17:0x00000000  f5:0xc3300000  x4=0x00000000
     365335.000 ns	     36532	80007530	58027f53	fsqrt.s	f30,f4	  f4:0x7fc00000 f30=0x7fc00000
     365365.000 ns	     36535	80007534	f00280d3	fmv.w.x	f1,x5	  x5:0x00000001  f1=0x00000001
     365385.000 ns	     36537	80007538	01dfc2b3	xor	x5,x31,x29	 x31:0x00000001 x29:0xfffffe00  x5=0xfffffe01
     365395.000 ns	     36538	8000753c	011416b3	sll	x13,x8,x17	  x8:0x00000000 x17:0x00000000 x13=0x00000000
     365415.000 ns	     36540	80007540	f00484d3	fmv.w.x	f9,x9	  x9:0x00000000  f9=0x00000000
     365785.000 ns	     36577	80007544	02a566b3	rem	x13,x10,x10	 x10:0x00000001 x10:0x00000001 x13=0x00000000
     365805.000 ns	     36579	80007548	01ff0b33	add	x22,x30,x31	 x30:0x00000000 x31:0x00000001 x22=0x00000001
     365815.000 ns	     36580	8000754c	97dabe13	sltiu	x28,x21,-1667	 x21:0x00000000 x28=0x00000001
     365855.000 ns	     36584	80007550	083ffcd3	fsub.s	f25,f31,f3	 f31:0xc4000000  f3:0xc4000000 f25=0x00000000
     365875.000 ns	     36586	80007554	41545613	srai	x12,x8,0x15	  x8:0x00000000 x12=0x00000000
     365895.000 ns	     36588	80007558	02519e33	mulh	x28,x3,x5	  x3:0x28b03000  x5:0xfffffe01 x28=0xffffffae
     365925.000 ns	     36591	8000755c	20b40fd3	fsgnj.s	f31,f8,f11	  f8:0x00000001 f11:0x00000000 f31=0x00000001
     365945.000 ns	     36593	80007560	007f53b3	srl	x7,x30,x7	 x30:0x00000000  x7:0xfffffffe  x7=0x00000000
     365965.000 ns	     36595	80007564	02518f33	mul	x30,x3,x5	  x3:0x28b03000  x5:0xfffffe01 x30=0xc8503000
     365985.000 ns	     36597	80007568	00042db3	slt	x27,x8,x0	  x8:0x00000000  x0:0x00000000 x27=0x00000000
     365995.000 ns	     36598	8000756c	007d1b33	sll	x22,x26,x7	 x26:0x80041024  x7:0x00000000 x22=0x80041024
     366015.000 ns	     36600	80007570	03dd23b3	mulhsu	x7,x26,x29	 x26:0x80041024 x29:0xfffffe00  x7=0x80041123
     366035.000 ns	     36602	80007574	00d3b8b3	sltu	x17,x7,x13	  x7:0x00000000 x13:0x00000000 x17=0x00000000
     366045.000 ns	     36603	80007578	0031b8b3	sltu	x17,x3,x3	  x3:0x28b03000  x3:0x28b03000 x17=0x00000000
     366085.000 ns	     36607	8000757c	00457853	fadd.s	f16,f10,f4	 f10:0xc2b00000  f4:0x7fc00000 f16=0x7fc00000
     366105.000 ns	     36609	80007580	41c905b3	sub	x11,x18,x28	 x18:0x00000000 x28:0xffffffae x11=0x00000052
     366115.000 ns	     36610	80007584	fe690293	addi	x5,x18,-26	 x18:0x00000000  x5=0xffffffe6
     366125.000 ns	     36611	80007588	00000013	addi	x0,x0,0	  x0:0x00000000
     366145.000 ns	     36613	8000758c	281d84d3	fmin.s	f9,f27,f1	 f27:0x7f800000  f1:0x00000001  f9=0x00000001
     366165.000 ns	     36615	80007590	009386b3	add	x13,x7,x9	  x7:0x80041123  x9:0x00000000 x13=0x80041123
     366185.000 ns	     36617	80007594	2035a8d3	fsgnjx.s	f17,f11,f3	 f11:0x00000000  f3:0xc4000000 f17=0x80000000
     366205.000 ns	     36619	80007598	00a06e33	or	x28,x0,x10	  x0:0x00000000 x10:0x00000001 x28=0x00000001
     366565.000 ns	     36655	8000759c	03d26db3	rem	x27,x4,x29	  x4:0x00000000 x29:0xfffffe00 x27=0x00000000
     366595.000 ns	     36658	800075a0	0327d933	divu	x18,x15,x18	 x15:0x00000000 x18:0x00000000 x18=0xffffffff
     366615.000 ns	     36660	800075a4	41ecd333	sra	x6,x25,x30	 x25:0x00000004 x30:0xc8503000  x6=0x00000004
     366635.000 ns	     36662	800075a8	288e8b53	fmin.s	f22,f29,f8	 f29:0x80000000  f8:0x00000001 f22=0x80000000
     366665.000 ns	     36665	800075ac	e0091453	fclass.s	x8,f18	 f18:0x00000000  x8=0x00000010
     366695.000 ns	     36668	800075b0	e00997d3	fclass.s	x15,f19	 f19:0x00000000 x15=0x00000010
     366735.000 ns	     36672	800075b4	11220c53	fmul.s	f24,f4,f18	  f4:0x7fc00000 f18:0x00000000 f24=0x7fc00000
     366765.000 ns	     36675	800075b8	d008b953	fcvt.s.w	f18,x17	 x17:0x00000000 f18=0x00000000
     366785.000 ns	     36677	800075bc	45e4fd97	auipc	x27,0x45e4f	 x27=0xc5e565bc
     366805.000 ns	     36679	800075c0	0292d1b3	divu	x3,x5,x9	  x5:0xffffffe6  x9:0x00000000  x3=0xffffffff
     366835.000 ns	     36682	800075c4	c001ffd3	fcvt.w.s	x31,f3	  f3:0xc4000000 x31=0x00000200
     366855.000 ns	     36684	800075c8	00000013	addi	x0,x0,0	  x0:0x00000000
     366875.000 ns	     36686	800075cc	a1b8a6d3	feq.s	x13,f17,f27	 f17:0x80000000 f27:0x7f800000 x13=0x00000000
     366895.000 ns	     36688	800075d0	01362ab3	slt	x21,x12,x19	 x12:0x00000000 x19:0x72cb4800 x21=0x00000001
     366925.000 ns	     36691	800075d4	580693d3	fsqrt.s	f7,f13	 f13:0x00000000  f7=0x00000000
     366945.000 ns	     36693	800075d8	41e4ddb3	sra	x27,x9,x30	  x9:0x00000000 x30:0xc8503000 x27=0x00000000
     366965.000 ns	     36695	800075dc	032ba4b3	mulhsu	x9,x23,x18	 x23:0x00000001 x18:0xffffffff  x9=0x00000000
     366985.000 ns	     36697	800075e0	00e89593	slli	x11,x17,0xe	 x17:0x00000000 x11=0x00000000
     367005.000 ns	     36699	800075e4	f0040653	fmv.w.x	f12,x8	  x8:0x00000010 f12=0x00000010
     367025.000 ns	     36701	800075e8	01eecfb3	xor	x31,x29,x30	 x29:0xfffffe00 x30:0xc8503000 x31=0x37afce00
     367035.000 ns	     36702	800075ec	01e1d593	srli	x11,x3,0x1e	  x3:0xffffffff x11=0x00000003
     367045.000 ns	     36703	800075f0	5eccf9b7	lui	x19,0x5eccf	 x19=0x5eccf000
     367065.000 ns	     36705	800075f4	c0090653	fcvt.w.s	x12,f18	 f18:0x00000000 x12=0x00000000
     367085.000 ns	     36707	800075f8	416357b3	sra	x15,x6,x22	  x6:0x00000004 x22:0x80041024 x15=0x00000000
     367105.000 ns	     36709	800075fc	f0000cd3	fmv.w.x	f25,x0	  x0:0x00000000 f25=0x00000000
     367135.000 ns	     36712	80007600	20d9a9d3	fsgnjx.s	f19,f19,f13	 f19:0x00000000 f13:0x00000000 f19=0x00000000
     367505.000 ns	     36749	80007604	02a963b3	rem	x7,x18,x10	 x18:0xffffffff x10:0x00000001  x7=0x00000000
     367525.000 ns	     36751	80007608	0011b033	sltu	x0,x3,x1	  x3:0xffffffff  x1:0x00000000
     367545.000 ns	     36753	8000760c	d003fad3	fcvt.s.w	f21,x7	  x7:0x00000000 f21=0x00000000
     367565.000 ns	     36755	80007610	01f6df93	srli	x31,x13,0x1f	 x13:0x00000000 x31=0x00000000
     367575.000 ns	     36756	80007614	7885bb93	sltiu	x23,x11,1928	 x11:0x00000003 x23=0x00000001
     367595.000 ns	     36758	80007618	c013cb53	fcvt.wu.s	x22,f7	  f7:0x00000000 x22=0x00000000
     367625.000 ns	     36761	8000761c	0270d933	divu	x18,x1,x7	  x1:0x00000000  x7:0x00000000 x18=0xffffffff
     367645.000 ns	     36763	80007620	c6278cb7	lui	x25,0xc6278	 x25=0xc6278000
     367655.000 ns	     36764	80007624	00530133	add	x2,x6,x5	  x6:0x00000004  x5:0xffffffe6  x2=0xffffffea
     367685.000 ns	     36767	80007628	10614953	fmul.s	f18,f2,f6	  f2:0x4ee59694  f6:0x00000000 f18=0x00000000
     367715.000 ns	     36770	8000762c	02c24ab3	div	x21,x4,x12	  x4:0x00000000 x12:0x00000000 x21=0xffffffff
     367735.000 ns	     36772	80007630	9e226413	ori	x8,x4,-1566	  x4:0x00000000  x8=0xfffff9e2
     367745.000 ns	     36773	80007634	00381b13	slli	x22,x16,0x3	 x16:0x80040fe4 x22=0x00207f20
     367755.000 ns	     36774	80007638	7042ec13	ori	x24,x5,1796	  x5:0xffffffe6 x24=0xffffffe6
     367765.000 ns	     36775	8000763c	00d587b3	add	x15,x11,x13	 x11:0x00000003 x13:0x00000000 x15=0x00000003
     367785.000 ns	     36777	80007640	a06b10d3	flt.s	x1,f22,f6	 f22:0x80000000  f6:0x00000000  x1=0x00000000
     367835.000 ns	     36782	80007644	00d38e53	fadd.s	f28,f7,f13	  f7:0x00000000 f13:0x00000000 f28=0x00000000
     367855.000 ns	     36784	80007648	01f8deb3	srl	x29,x17,x31	 x17:0x00000000 x31:0x00000000 x29=0x00000000
     367865.000 ns	     36785	8000764c	01363db3	sltu	x27,x12,x19	 x12:0x00000000 x19:0x5eccf000 x27=0x00000001
     367885.000 ns	     36787	80007650	29e815d3	fmax.s	f11,f16,f30	 f16:0x7fc00000 f30:0x7fc00000 f11=0x7fc00000
     367915.000 ns	     36790	80007654	a182a7d3	feq.s	x15,f5,f24	  f5:0xc3300000 f24:0x7fc00000 x15=0x00000000
     367935.000 ns	     36792	80007658	00000013	addi	x0,x0,0	  x0:0x00000000
     367945.000 ns	     36793	8000765c	00481db3	sll	x27,x16,x4	 x16:0x80040fe4  x4:0x00000000 x27=0x80040fe4
     367965.000 ns	     36795	80007660	03318433	mul	x8,x3,x19	  x3:0xffffffff x19:0x5eccf000  x8=0xa1331000
     367985.000 ns	     36797	80007664	00099eb3	sll	x29,x19,x0	 x19:0x5eccf000  x0:0x00000000 x29=0x5eccf000
     367995.000 ns	     36798	80007668	010806b3	add	x13,x16,x16	 x16:0x80040fe4 x16:0x80040fe4 x13=0x00081fc8
     368005.000 ns	     36799	8000766c	c01df897	auipc	x17,0xc01df	 x17=0x401e666c
     368015.000 ns	     36800	80007670	001fce33	xor	x28,x31,x1	 x31:0x00000000  x1:0x00000000 x28=0x00000000
     368025.000 ns	     36801	80007674	003e7633	and	x12,x28,x3	 x28:0x00000001  x3:0xffffffff x12=0x00000000
     368035.000 ns	     36802	80007678	41d85093	srai	x1,x16,0x1d	 x16:0x80040fe4  x1=0xfffffffc
     368055.000 ns	     36804	8000767c	a067a8d3	feq.s	x17,f15,f6	 f15:0x00000000  f6:0x00000000 x17=0x00000001
     368075.000 ns	     36806	80007680	52df3f93	sltiu	x31,x30,1325	 x30:0xc8503000 x31=0x00000000
     368095.000 ns	     36808	80007684	281f93d3	fmax.s	f7,f31,f1	 f31:0x00000001  f1:0x00000001  f7=0x00000001
     368125.000 ns	     36811	80007688	03d596b3	mulh	x13,x11,x29	 x11:0x00000003 x29:0x5eccf000 x13=0x00000001
     368145.000 ns	     36813	8000768c	00823333	sltu	x6,x4,x8	  x4:0x00000000  x8:0xa1331000  x6=0x00000001
     368155.000 ns	     36814	80007690	0003a7b3	slt	x15,x7,x0	  x7:0x00000000  x0:0x00000000 x15=0x00000000
     368175.000 ns	     36816	80007694	a0c90c53	fle.s	x24,f18,f12	 f18:0x00000000 f12:0x00000010 x24=0x00000001
     368195.000 ns	     36818	80007698	a163cf13	xori	x30,x7,-1514	  x7:0x00000000 x30=0xfffffa16
     368205.000 ns	     36819	8000769c	00000013	addi	x0,x0,0	  x0:0x00000000
     368225.000 ns	     36821	800076a0	e00912d3	fclass.s	x5,f18	 f18:0x00000000  x5=0x00000010
     368245.000 ns	     36823	800076a4	0187b433	sltu	x8,x15,x24	 x15:0x00000000 x24:0x00000001  x8=0x00000001
     368255.000 ns	     36824	800076a8	0020a7b3	slt	x15,x1,x2	  x1:0xfffffffc  x2:0xffffffea x15=0x00000000
     368275.000 ns	     36826	800076ac	03f8a6b3	mulhsu	x13,x17,x31	 x17:0x00000001 x31:0x00000000 x13=0x00000000
     368295.000 ns	     36828	800076b0	01df19b3	sll	x19,x30,x29	 x30:0xfffffa16 x29:0x5eccf000 x19=0xfffffa16
     368305.000 ns	     36829	800076b4	cf760213	addi	x4,x12,-777	 x12:0x00000000  x4=0xfffffcf7
     368315.000 ns	     36830	800076b8	68abee13	ori	x28,x23,1674	 x23:0x00000001 x28=0x0000068b
     368325.000 ns	     36831	800076bc	4050d9b3	sra	x19,x1,x5	  x1:0xfffffffc  x5:0x00000010 x19=0xffffffff
     368335.000 ns	     36832	800076c0	ffcf3593	sltiu	x11,x30,-4	 x30:0xfffffa16 x11=0x00000001
     368345.000 ns	     36833	800076c4	f2916037	lui	x0,0xf2916	
     368705.000 ns	     36869	800076c8	0357e133	rem	x2,x15,x21	 x15:0x00000000 x21:0xffffffff  x2=0x00000000
     368735.000 ns	     36872	800076cc	027932b3	mulhu	x5,x18,x7	 x18:0xffffffff  x7:0x00000000  x5=0x00000000
     369105.000 ns	     36909	800076d0	03285d33	divu	x26,x16,x18	 x16:0x80040fe4 x18:0xffffffff x26=0x00000000
     369135.000 ns	     36912	800076d4	283084d3	fmin.s	f9,f1,f3	  f1:0x00000001  f3:0xc4000000  f9=0xc4000000
     369155.000 ns	     36914	800076d8	21eec913	xori	x18,x29,542	 x29:0x5eccf000 x18=0x5eccf21e
     369165.000 ns	     36915	800076dc	df1b8c93	addi	x25,x23,-527	 x23:0x00000001 x25=0xfffffdf2
     369185.000 ns	     36917	800076e0	e00d1f53	fclass.s	x30,f26	 f26:0xc4000000 x30=0x00000002
     369205.000 ns	     36919	800076e4	01add213	srli	x4,x27,0x1a	 x27:0x80040fe4  x4=0x00000020
     369235.000 ns	     36922	800076e8	10907853	fmul.s	f16,f0,f9	  f0:0x7fc00000  f9:0xc4000000 f16=0x7fc00000
     369265.000 ns	     36925	800076ec	29cc8153	fmin.s	f2,f25,f28	 f25:0x00000000 f28:0x00000000  f2=0x00000000
     369285.000 ns	     36927	800076f0	5b258c37	lui	x24,0x5b258	 x24=0x5b258000
     369295.000 ns	     36928	800076f4	0019c9b3	xor	x19,x19,x1	 x19:0xffffffff  x1:0xfffffffc x19=0x00000003
     369305.000 ns	     36929	800076f8	00ecb8b3	sltu	x17,x25,x14	 x25:0xfffffdf2 x14:0x72cb4a24 x17=0x00000000
     369325.000 ns	     36931	800076fc	03b63133	mulhu	x2,x12,x27	 x12:0x00000000 x27:0x80040fe4  x2=0x00000000
     369345.000 ns	     36933	80007700	000169b3	or	x19,x2,x0	  x2:0x00000000  x0:0x00000000 x19=0x00000000
     369385.000 ns	     36937	80007704	0109f5d3	fadd.s	f11,f19,f16	 f19:0x00000000 f16:0x7fc00000 f11=0x7fc00000
     369405.000 ns	     36939	80007708	00439633	sll	x12,x7,x4	  x7:0x00000000  x4:0x00000020 x12=0x00000000
     369425.000 ns	     36941	8000770c	02350bb3	mul	x23,x10,x3	 x10:0x00000001  x3:0xffffffff x23=0xffffffff
     369445.000 ns	     36943	80007710	40085533	sra	x10,x16,x0	 x16:0x80040fe4  x0:0x00000000 x10=0x80040fe4
     369475.000 ns	     36946	80007714	11b3c1d3	fmul.s	f3,f7,f27	  f7:0x00000001 f27:0x7f800000  f3=0x7f800000
     369495.000 ns	     36948	80007718	ff368893	addi	x17,x13,-13	 x13:0x00000000 x17=0xfffffff3
     369515.000 ns	     36950	8000771c	c01a15d3	fcvt.wu.s	x11,f20	 f20:0x00000000 x11=0x00000000
     369535.000 ns	     36952	80007720	01fd3493	sltiu	x9,x26,31	 x26:0x00000000  x9=0x00000001
     369545.000 ns	     36953	80007724	01e05493	srli	x9,x0,0x1e	  x0:0x00000000  x9=0x00000000
     369565.000 ns	     36955	80007728	a187a253	feq.s	x4,f15,f24	 f15:0x00000000 f24:0x7fc00000  x4=0x00000000
     369595.000 ns	     36958	8000772c	e0028ed3	fmv.x.w	x29,f5	  f5:0xc3300000 x29=0xc3300000
     369615.000 ns	     36960	80007730	40f508b3	sub	x17,x10,x15	 x10:0x80040fe4 x15:0x00000000 x17=0x80040fe4
     369635.000 ns	     36962	80007734	d01125d3	fcvt.s.wu	f11,x2	  x2:0x00000000 f11=0x00000000
     369685.000 ns	     36967	80007738	08e71c53	fsub.s	f24,f14,f14	 f14:0x00000004 f14:0x00000004 f24=0x80000000
     369705.000 ns	     36969	8000773c	00d2dcb3	srl	x25,x5,x13	  x5:0x00000000 x13:0x00000000 x25=0x00000000
     369715.000 ns	     36970	80007740	299fa913	slti	x18,x31,665	 x31:0x00000000 x18=0x00000001
     369735.000 ns	     36972	80007744	e0000653	fmv.x.w	x12,f0	  f0:0x7fc00000 x12=0x7fc00000
     369755.000 ns	     36974	80007748	5ea84c93	xori	x25,x16,1514	 x16:0x80040fe4 x25=0x80040a0e
     369765.000 ns	     36975	8000774c	2495bb93	sltiu	x23,x11,585	 x11:0x00000000 x23=0x00000001
     369775.000 ns	     36976	80007750	2daf0013	addi	x0,x30,730	 x30:0x00000002
     369785.000 ns	     36977	80007754	f5cdb2b7	lui	x5,0xf5cdb	  x5=0xf5cdb000
     369815.000 ns	     36980	80007758	100ba153	fmul.s	f2,f23,f0	 f23:0x4ee59694  f0:0x7fc00000  f2=0x7fc00000
     369845.000 ns	     36983	8000775c	029f3433	mulhu	x8,x30,x9	 x30:0x00000002  x9:0x00000000  x8=0x00000000
     369865.000 ns	     36985	80007760	8adb4693	xori	x13,x22,-1875	 x22:0x00207f20 x13=0xffdf878d
     369875.000 ns	     36986	80007764	019754b3	srl	x9,x14,x25	 x14:0x72cb4a24 x25:0x80040a0e  x9=0x0001cb2d
     369885.000 ns	     36987	80007768	00376db3	or	x27,x14,x3	 x14:0x72cb4a24  x3:0xffffffff x27=0xffffffff
     369895.000 ns	     36988	8000776c	41d18d33	sub	x26,x3,x29	  x3:0xffffffff x29:0xc3300000 x26=0x3ccfffff
     369905.000 ns	     36989	80007770	00209213	slli	x4,x1,0x2	  x1:0xfffffffc  x4=0xfffffff0
     369925.000 ns	     36991	80007774	02215133	divu	x2,x2,x2	  x2:0x00000000  x2:0x00000000  x2=0xffffffff
     369945.000 ns	     36993	80007778	01bb5093	srli	x1,x22,0x1b	 x22:0x00207f20  x1=0x00000000
     369965.000 ns	     36995	8000777c	20689353	fsgnjn.s	f6,f17,f6	 f17:0x80000000  f6:0x00000000  f6=0x80000000
     369995.000 ns	     36998	80007780	f00c05d3	fmv.w.x	f11,x24	 x24:0x5b258000 f11=0x5b258000
     370015.000 ns	     37000	80007784	0027c6b3	xor	x13,x15,x2	 x15:0x00000000  x2:0xffffffff x13=0xffffffff
     370035.000 ns	     37002	80007788	03c388b3	mul	x17,x7,x28	  x7:0x00000000 x28:0x0000068b x17=0x00000000
     370055.000 ns	     37004	8000778c	1bf50f37	lui	x30,0x1bf50	 x30=0x1bf50000
     370065.000 ns	     37005	80007790	01dcf333	and	x6,x25,x29	 x25:0x80040a0e x29:0xc3300000  x6=0x80000000
     370085.000 ns	     37007	80007794	e00a9f53	fclass.s	x30,f21	 f21:0x00000000 x30=0x00000010
     370105.000 ns	     37009	80007798	003099b3	sll	x19,x1,x3	  x1:0x00000000  x3:0xffffffff x19=0x00000000
     370145.000 ns	     37013	8000779c	0007b553	fadd.s	f10,f15,f0	 f15:0x00000000  f0:0x7fc00000 f10=0x7fc00000
     370175.000 ns	     37016	800077a0	024e9ab3	mulh	x21,x29,x4	 x29:0xc3300000  x4:0xfffffff0 x21=0x00000003
     370215.000 ns	     37020	800077a4	5801f7d3	fsqrt.s	f15,f3	  f3:0x7f800000 f15=0x7f800000
     370235.000 ns	     37022	800077a8	514ef9b7	lui	x19,0x514ef	 x19=0x514ef000
     370245.000 ns	     37023	800077ac	bd00bb93	sltiu	x23,x1,-1072	  x1:0x00000000 x23=0x00000001
     370265.000 ns	     37025	800077b0	a1e11bd3	flt.s	x23,f2,f30	  f2:0x7fc00000 f30:0x7fc00000 x23=0x00000000
     370285.000 ns	     37027	800077b4	c767ab93	slti	x23,x15,-906	 x15:0x00000000 x23=0x00000000
     370305.000 ns	     37029	800077b8	29d192d3	fmax.s	f5,f3,f29	  f3:0x7f800000 f29:0x80000000  f5=0x7f800000
     370325.000 ns	     37031	800077bc	7be77613	andi	x12,x14,1982	 x14:0x72cb4a24 x12=0x00000224
     370345.000 ns	     37033	800077c0	a08f1653	flt.s	x12,f30,f8	 f30:0x7fc00000  f8:0x00000001 x12=0x00000000
     370365.000 ns	     37035	800077c4	014464b3	or	x9,x8,x20	  x8:0x00000000 x20:0x80041024  x9=0x80041024
     370385.000 ns	     37037	800077c8	21f4a853	fsgnjx.s	f16,f9,f31	  f9:0xc4000000 f31:0x00000001 f16=0xc4000000
     370405.000 ns	     37039	800077cc	4135d993	srai	x19,x11,0x13	 x11:0x00000000 x19=0x00000000
     370415.000 ns	     37040	800077d0	00dec7b3	xor	x15,x29,x13	 x29:0xc3300000 x13:0xffffffff x15=0x3ccfffff
     370435.000 ns	     37042	800077d4	d01d8cd3	fcvt.s.wu	f25,x27	 x27:0xffffffff f25=0x4f800000
     370455.000 ns	     37044	800077d8	415e57b3	sra	x15,x28,x21	 x28:0x0000068b x21:0x00000003 x15=0x000000d1
     370465.000 ns	     37045	800077dc	4a4e3697	auipc	x13,0x4a4e3	 x13=0xca4ea7dc
     370475.000 ns	     37046	800077e0	017bcb33	xor	x22,x23,x23	 x23:0x00000000 x23:0x00000000 x22=0x00000000
     370495.000 ns	     37048	800077e4	a0911e53	flt.s	x28,f2,f9	  f2:0x7fc00000  f9:0xc4000000 x28=0x00000000
     370515.000 ns	     37050	800077e8	091ba493	slti	x9,x23,145	 x23:0x00000000  x9=0x00000001
     370535.000 ns	     37052	800077ec	28588fd3	fmin.s	f31,f17,f5	 f17:0x80000000  f5:0x7f800000 f31=0x80000000
     370555.000 ns	     37054	800077f0	01268b33	add	x22,x13,x18	 x13:0xca4ea7dc x18:0x00000001 x22=0xca4ea7dd
     370565.000 ns	     37055	800077f4	00000013	addi	x0,x0,0	  x0:0x00000000
     370575.000 ns	     37056	800077f8	efbda193	slti	x3,x27,-261	 x27:0xffffffff  x3=0x00000000
     370595.000 ns	     37058	800077fc	d01077d3	fcvt.s.wu	f15,x0	  x0:0x00000000 f15=0x00000000
     370615.000 ns	     37060	80007800	017f45b3	xor	x11,x30,x23	 x30:0x00000010 x23:0x00000000 x11=0x00000010
     370625.000 ns	     37061	80007804	216f3c93	sltiu	x25,x30,534	 x30:0x00000010 x25=0x00000001
     370985.000 ns	     37097	80007808	02a5feb3	remu	x29,x11,x10	 x11:0x00000000 x10:0x80040fe4 x29=0x00000010
     371355.000 ns	     37134	8000780c	0305f333	remu	x6,x11,x16	 x11:0x00000010 x16:0x80040fe4  x6=0x00000010
     371375.000 ns	     37136	80007810	d9e24493	xori	x9,x4,-610	  x4:0xfffffff0  x9=0x0000026e
     371385.000 ns	     37137	80007814	0078d233	srl	x4,x17,x7	 x17:0x00000000  x7:0x00000000  x4=0x00000000
     371405.000 ns	     37139	80007818	d001aed3	fcvt.s.w	f29,x3	  x3:0x00000000 f29=0x00000000
     371425.000 ns	     37141	8000781c	404901b3	sub	x3,x18,x4	 x18:0x00000001  x4:0xfffffff0  x3=0x00000001
     371435.000 ns	     37142	80007820	01b29233	sll	x4,x5,x27	  x5:0xf5cdb000 x27:0xffffffff  x4=0x00000000
     371455.000 ns	     37144	80007824	a0a22453	feq.s	x8,f4,f10	  f4:0x7fc00000 f10:0x7fc00000  x8=0x00000000
     371475.000 ns	     37146	80007828	409e5633	sra	x12,x28,x9	 x28:0x00000000  x9:0x0000026e x12=0x00000000
     371495.000 ns	     37148	8000782c	a03da253	feq.s	x4,f27,f3	 f27:0x7f800000  f3:0x7f800000  x4=0x00000001
     371525.000 ns	     37151	80007830	e00d0353	fmv.x.w	x6,f26	 f26:0xc4000000  x6=0xc4000000
     371545.000 ns	     37153	80007834	00611013	slli	x0,x2,0x6	  x2:0xffffffff
     371565.000 ns	     37155	80007838	29ce1253	fmax.s	f4,f28,f28	 f28:0x00000000 f28:0x00000000  f4=0x00000000
     371595.000 ns	     37158	8000783c	031ad333	divu	x6,x21,x17	 x21:0x00000003 x17:0x00000000  x6=0xffffffff
     371635.000 ns	     37162	80007840	193eb153	fdiv.s	f2,f29,f19	 f29:0x00000000 f19:0x00000000  f2=0x7fc00000
     371655.000 ns	     37164	80007844	00279e13	slli	x28,x15,0x2	 x15:0x000000d1 x28=0x00000344
     371675.000 ns	     37166	80007848	02c581b3	mul	x3,x11,x12	 x11:0x00000010 x12:0x00000000  x3=0x00000000
     371705.000 ns	     37169	8000784c	e00b05d3	fmv.x.w	x11,f22	 f22:0x80000000 x11=0x80000000
     371745.000 ns	     37173	80007850	18700553	fdiv.s	f10,f0,f7	  f0:0x7fc00000  f7:0x00000001 f10=0x7fc00000
     372115.000 ns	     37210	80007854	02b2dd33	divu	x26,x5,x11	  x5:0xf5cdb000 x11:0x80000000 x26=0x00000001
     372135.000 ns	     37212	80007858	6fd17a97	auipc	x21,0x6fd17	 x21=0xefd1e858
     372145.000 ns	     37213	8000785c	694dd997	auipc	x19,0x694dd	 x19=0xe94e485c
     372165.000 ns	     37215	80007860	c00f8bd3	fcvt.w.s	x23,f31	 f31:0x80000000 x23=0x00000000
     372195.000 ns	     37218	80007864	29a98153	fmin.s	f2,f19,f26	 f19:0x00000000 f26:0xc4000000  f2=0xc4000000
     372225.000 ns	     37221	80007868	d0017dd3	fcvt.s.w	f27,x2	  x2:0xffffffff f27=0xbf800000
     372245.000 ns	     37223	8000786c	41ebdd93	srai	x27,x23,0x1e	 x23:0x00000000 x27=0x00000000
     372265.000 ns	     37225	80007870	21dd01d3	fsgnj.s	f3,f26,f29	 f26:0xc4000000 f29:0x00000000  f3=0x44000000
     372295.000 ns	     37228	80007874	02621cb3	mulh	x25,x4,x6	  x4:0x00000001  x6:0xffffffff x25=0xffffffff
     372315.000 ns	     37230	80007878	e464c0b7	lui	x1,0xe464c	  x1=0xe464c000
     372335.000 ns	     37232	8000787c	21ca9b53	fsgnjn.s	f22,f21,f28	 f21:0x00000000 f28:0x00000000 f22=0x80000000
     372365.000 ns	     37235	80007880	0301a533	mulhsu	x10,x3,x16	  x3:0x00000000 x16:0x80040fe4 x10=0x00000000
     372385.000 ns	     37237	80007884	00000013	addi	x0,x0,0	  x0:0x00000000
     372395.000 ns	     37238	80007888	00000013	addi	x0,x0,0	  x0:0x00000000
     372415.000 ns	     37240	8000788c	e00591d3	fclass.s	x3,f11	 f11:0x5b258000  x3=0x00000040
     372445.000 ns	     37243	80007890	c01c70d3	fcvt.wu.s	x1,f24	 f24:0x80000000  x1=0x00000000
     372465.000 ns	     37245	80007894	413e5f33	sra	x30,x28,x19	 x28:0x00000344 x19:0xe94e485c x30=0x00000000
     372485.000 ns	     37247	80007898	a00ba8d3	feq.s	x17,f23,f0	 f23:0x4ee59694  f0:0x7fc00000 x17=0x00000000
     372855.000 ns	     37284	8000789c	0367c933	div	x18,x15,x22	 x15:0x000000d1 x22:0xca4ea7dd x18=0x00000000
     372885.000 ns	     37287	800078a0	e00516d3	fclass.s	x13,f10	 f10:0x7fc00000 x13=0x00000200
     372915.000 ns	     37290	800078a4	03c3b933	mulhu	x18,x7,x28	  x7:0x00000000 x28:0x00000344 x18=0x00000000
     372945.000 ns	     37293	800078a8	024c18b3	mulh	x17,x24,x4	 x24:0x5b258000  x4:0x00000001 x17=0x00000000
     372975.000 ns	     37296	800078ac	e00205d3	fmv.x.w	x11,f4	  f4:0x00000000 x11=0x00000000
     373005.000 ns	     37299	800078b0	208da4d3	fsgnjx.s	f9,f27,f8	 f27:0xbf800000  f8:0x00000001  f9=0xbf800000
     373025.000 ns	     37301	800078b4	00ab6133	or	x2,x22,x10	 x22:0xca4ea7dd x10:0x00000000  x2=0xca4ea7dd
     373055.000 ns	     37304	800078b8	19f5bed3	fdiv.s	f29,f11,f31	 f11:0x5b258000 f31:0x80000000 f29=0xff800000
     373075.000 ns	     37306	800078bc	0050a533	slt	x10,x1,x5	  x1:0x00000000  x5:0xf5cdb000 x10=0x00000000
     374245.000 ns	     37423	800078c0	580740d3	fsqrt.s	f1,f14	 f14:0x00000004  f1=0x1f350489
     374265.000 ns	     37425	800078c4	014fa5b3	slt	x11,x31,x20	 x31:0x00000000 x20:0x80041024 x11=0x00000000
     374275.000 ns	     37426	800078c8	60fb7a93	andi	x21,x22,1551	 x22:0xca4ea7dd x21=0x0000060d
     374285.000 ns	     37427	800078cc	4073d3b3	sra	x7,x7,x7	  x7:0x00000000  x7:0x00000000  x7=0x00000000
     374305.000 ns	     37429	800078d0	e0079d53	fclass.s	x26,f15	 f15:0x00000000 x26=0x00000010
     374345.000 ns	     37433	800078d4	186a7b53	fdiv.s	f22,f20,f6	 f20:0x00000000  f6:0x80000000 f22=0x7fc00000
     374375.000 ns	     37436	800078d8	283617d3	fmax.s	f15,f12,f3	 f12:0x00000010  f3:0x44000000 f15=0x44000000
     374405.000 ns	     37439	800078dc	d00cfd53	fcvt.s.w	f26,x25	 x25:0xffffffff f26=0xbf800000
     374425.000 ns	     37441	800078e0	41185b13	srai	x22,x16,0x11	 x16:0x80040fe4 x22=0xffffc002
     374435.000 ns	     37442	800078e4	c1ec4f93	xori	x31,x24,-994	 x24:0x5b258000 x31=0xa4da7c1e
     374445.000 ns	     37443	800078e8	7946e393	ori	x7,x13,1940	 x13:0x00000200  x7=0x00000794
     374465.000 ns	     37445	800078ec	20062d53	fsgnjx.s	f26,f12,f0	 f12:0x00000010  f0:0x7fc00000 f26=0x00000010
     374485.000 ns	     37447	800078f0	b8dfbd13	sltiu	x26,x31,-1139	 x31:0xa4da7c1e x26=0x00000001
     374495.000 ns	     37448	800078f4	68364793	xori	x15,x12,1667	 x12:0x00000000 x15=0x00000683
     374525.000 ns	     37451	800078f8	1101f7d3	fmul.s	f15,f3,f16	  f3:0x44000000 f16:0xc4000000 f15=0xc8800000
     374545.000 ns	     37453	800078fc	41d25cb3	sra	x25,x4,x29	  x4:0x00000001 x29:0x00000010 x25=0x00000000
     374555.000 ns	     37454	80007900	01995f33	srl	x30,x18,x25	 x18:0x00000000 x25:0xffffffff x30=0x00000000
     374565.000 ns	     37455	80007904	01b2de33	srl	x28,x5,x27	  x5:0xf5cdb000 x27:0x00000000 x28=0xf5cdb000
     374585.000 ns	     37457	80007908	286c92d3	fmax.s	f5,f25,f6	 f25:0x4f800000  f6:0x80000000  f5=0x4f800000
     374615.000 ns	     37460	8000790c	29669cd3	fmax.s	f25,f13,f22	 f13:0x00000000 f22:0x7fc00000 f25=0x00000000
     374645.000 ns	     37463	80007910	0370a8b3	mulhsu	x17,x1,x23	  x1:0x00000000 x23:0x00000000 x17=0x00000000
     374665.000 ns	     37465	80007914	00ef3fb3	sltu	x31,x30,x14	 x30:0x00000000 x14:0x72cb4a24 x31=0x00000001
     374675.000 ns	     37466	80007918	000504b3	add	x9,x10,x0	 x10:0x00000000  x0:0x00000000  x9=0x00000000
     374685.000 ns	     37467	8000791c	38df7093	andi	x1,x30,909	 x30:0x00000000  x1=0x00000000
     375045.000 ns	     37503	80007920	02dc63b3	rem	x7,x24,x13	 x24:0x5b258000 x13:0x00000200  x7=0x00000000
     375075.000 ns	     37506	80007924	c013f8d3	fcvt.wu.s	x17,f7	  f7:0x00000001 x17=0x00000000
     375105.000 ns	     37509	80007928	e00b00d3	fmv.x.w	x1,f22	 f22:0x7fc00000  x1=0x7fc00000
     375135.000 ns	     37512	8000792c	d00cf553	fcvt.s.w	f10,x25	 x25:0x00000000 f10=0x00000000
     375155.000 ns	     37514	80007930	01329f33	sll	x30,x5,x19	  x5:0xf5cdb000 x19:0xe94e485c x30=0x00000000
     375175.000 ns	     37516	80007934	c00d79d3	fcvt.w.s	x19,f26	 f26:0x00000010 x19=0x00000000
     375195.000 ns	     37518	80007938	40e7de13	srai	x28,x15,0xe	 x15:0x00000683 x28=0x00000000
     375205.000 ns	     37519	8000793c	0075f333	and	x6,x11,x7	 x11:0x00000000  x7:0x00000000  x6=0x00000000
     375215.000 ns	     37520	80007940	00a7cf33	xor	x30,x15,x10	 x15:0x00000683 x10:0x00000000 x30=0x00000683
     375235.000 ns	     37522	80007944	a1c32fd3	feq.s	x31,f6,f28	  f6:0x80000000 f28:0x00000000 x31=0x00000001
     375255.000 ns	     37524	80007948	01f7fc33	and	x24,x15,x31	 x15:0x00000683 x31:0x00000001 x24=0x00000001
     375275.000 ns	     37526	8000794c	03b38333	mul	x6,x7,x27	  x7:0x00000000 x27:0x00000000  x6=0x00000000
     375295.000 ns	     37528	80007950	00181793	slli	x15,x16,0x1	 x16:0x80040fe4 x15=0x00081fc8
     375315.000 ns	     37530	80007954	a1790053	fle.s	x0,f18,f23	 f18:0x00000000 f23:0x4ee59694
     375365.000 ns	     37535	80007958	012472d3	fadd.s	f5,f8,f18	  f8:0x00000001 f18:0x00000000  f5=0x00000001
     375395.000 ns	     37538	8000795c	c0177353	fcvt.wu.s	x6,f14	 f14:0x00000004  x6=0x00000000
     375425.000 ns	     37541	80007960	03e6b433	mulhu	x8,x13,x30	 x13:0x00000200 x30:0x00000683  x8=0x00000000
     375475.000 ns	     37546	80007964	09b1f853	fsub.s	f16,f3,f27	  f3:0x44000000 f27:0xbf800000 f16=0x44004000
     375495.000 ns	     37548	80007968	a339e393	ori	x7,x19,-1485	 x19:0x00000000  x7=0xfffffa33
     375515.000 ns	     37550	8000796c	a0311353	flt.s	x6,f2,f3	  f2:0xc4000000  f3:0x44000000  x6=0x00000001
     375545.000 ns	     37553	80007970	21090f53	fsgnj.s	f30,f18,f16	 f18:0x00000000 f16:0x44004000 f30=0x00000000
     375565.000 ns	     37555	80007974	01aa5cb3	srl	x25,x20,x26	 x20:0x80041024 x26:0x00000001 x25=0x40020812
     375585.000 ns	     37557	80007978	29248d53	fmin.s	f26,f9,f18	  f9:0xbf800000 f18:0x00000000 f26=0xbf800000
     375615.000 ns	     37560	8000797c	a076aed3	feq.s	x29,f13,f7	 f13:0x00000000  f7:0x00000001 x29=0x00000000
     375655.000 ns	     37564	80007980	580dae53	fsqrt.s	f28,f27	 f27:0xbf800000 f28=0x7fc00000
     375705.000 ns	     37569	80007984	09117d53	fsub.s	f26,f2,f17	  f2:0xc4000000 f17:0x80000000 f26=0xc4000000
     375725.000 ns	     37571	80007988	42823b97	auipc	x23,0x42823	 x23=0xc282a988
     375735.000 ns	     37572	8000798c	414752b3	sra	x5,x14,x20	 x14:0x72cb4a24 x20:0x80041024  x5=0x072cb4a2
     375745.000 ns	     37573	80007990	3a730b93	addi	x23,x6,935	  x6:0x00000001 x23=0x000003a8
     375755.000 ns	     37574	80007994	00f90633	add	x12,x18,x15	 x18:0x00000000 x15:0x00081fc8 x12=0x00081fc8
     375765.000 ns	     37575	80007998	017a5e13	srli	x28,x20,0x17	 x20:0x80041024 x28=0x00000100
     375775.000 ns	     37576	8000799c	0066eb33	or	x22,x13,x6	 x13:0x00000200  x6:0x00000001 x22=0x00000201
     375785.000 ns	     37577	800079a0	404d5293	srai	x5,x26,0x4	 x26:0x00000001  x5=0x00000000
     375795.000 ns	     37578	800079a4	1659ee93	ori	x29,x19,357	 x19:0x00000000 x29=0x00000165
     375815.000 ns	     37580	800079a8	a0710153	fle.s	x2,f2,f7	  f2:0xc4000000  f7:0x00000001  x2=0x00000001
     375845.000 ns	     37583	800079ac	021c3c33	mulhu	x24,x24,x1	 x24:0x00000001  x1:0x7fc00000 x24=0x00000000
     375875.000 ns	     37586	800079b0	a13c0153	fle.s	x2,f24,f19	 f24:0x80000000 f19:0x00000000  x2=0x00000001
     375915.000 ns	     37590	800079b4	18f37b53	fdiv.s	f22,f6,f15	  f6:0x80000000 f15:0xc8800000 f22=0x00000000
     375945.000 ns	     37593	800079b8	0316b633	mulhu	x12,x13,x17	 x13:0x00000200 x17:0x00000000 x12=0x00000000
     376315.000 ns	     37630	800079bc	03cc5cb3	divu	x25,x24,x28	 x24:0x00000000 x28:0x00000100 x25=0x00000000
     376335.000 ns	     37632	800079c0	000ff9b3	and	x19,x31,x0	 x31:0x00000001  x0:0x00000000 x19=0x00000000
     376355.000 ns	     37634	800079c4	a09aae53	feq.s	x28,f21,f9	 f21:0x00000000  f9:0xbf800000 x28=0x00000000
     376385.000 ns	     37637	800079c8	28b703d3	fmin.s	f7,f14,f11	 f14:0x00000004 f11:0x5b258000  f7=0x00000004
     376755.000 ns	     37674	800079cc	021fcdb3	div	x27,x31,x1	 x31:0x00000001  x1:0x7fc00000 x27=0x00000000
     376785.000 ns	     37677	800079d0	d01dcdd3	fcvt.s.wu	f27,x27	 x27:0x00000000 f27=0x00000000
     376805.000 ns	     37679	800079d4	ea2f8797	auipc	x15,0xea2f8	 x15=0x6a2ff9d4
     376825.000 ns	     37681	800079d8	036583b3	mul	x7,x11,x22	 x11:0x00000000 x22:0x00000201  x7=0x00000000
     376845.000 ns	     37683	800079dc	00cca333	slt	x6,x25,x12	 x25:0x00000000 x12:0x00000000  x6=0x00000000
     376865.000 ns	     37685	800079e0	03471233	mulh	x4,x14,x20	 x14:0x72cb4a24 x20:0x80041024  x4=0xc69c2d58
     376885.000 ns	     37687	800079e4	417685b3	sub	x11,x13,x23	 x13:0x00000200 x23:0x000003a8 x11=0xfffffe58
     377245.000 ns	     37723	800079e8	03ed64b3	rem	x9,x26,x30	 x26:0x00000001 x30:0x00000683  x9=0x00000001
     377275.000 ns	     37726	800079ec	c016f053	fcvt.wu.s	x0,f13	 f13:0x00000000
     377325.000 ns	     37731	800079f0	01e93bd3	fadd.s	f23,f18,f30	 f18:0x00000000 f30:0x00000000 f23=0x00000000
     377355.000 ns	     37734	800079f4	c002f453	fcvt.w.s	x8,f5	  f5:0x00000001  x8=0x00000000
     377725.000 ns	     37771	800079f8	02e66533	rem	x10,x12,x14	 x12:0x00000000 x14:0x72cb4a24 x10=0x00000000
     377745.000 ns	     37773	800079fc	718bf213	andi	x4,x23,1816	 x23:0x000003a8  x4=0x00000308
     377755.000 ns	     37774	80007a00	003013b3	sll	x7,x0,x3	  x0:0x00000000  x3:0x00000040  x7=0x00000000
     378115.000 ns	     37810	80007a04	029c4333	div	x6,x24,x9	 x24:0x00000000  x9:0x00000001  x6=0x00000000
     378135.000 ns	     37812	80007a08	00429613	slli	x12,x5,0x4	  x5:0x00000000 x12=0x00000000
     378155.000 ns	     37814	80007a0c	21c9a0d3	fsgnjx.s	f1,f19,f28	 f19:0x00000000 f28:0x7fc00000  f1=0x00000000
     378175.000 ns	     37816	80007a10	e5a60413	addi	x8,x12,-422	 x12:0x00000000  x8=0xfffffe5a
     378195.000 ns	     37818	80007a14	f0020cd3	fmv.w.x	f25,x4	  x4:0x00000308 f25=0x00000308
     378215.000 ns	     37820	80007a18	41db5c33	sra	x24,x22,x29	 x22:0x00000201 x29:0x00000165 x24=0x00000010
     378235.000 ns	     37822	80007a1c	c00b1253	fcvt.w.s	x4,f22	 f22:0x00000000  x4=0x00000000
     378275.000 ns	     37826	80007a20	58017fd3	fsqrt.s	f31,f2	  f2:0xc4000000 f31=0x7fc00000
     378295.000 ns	     37828	80007a24	01ba9b33	sll	x22,x21,x27	 x21:0x0000060d x27:0x00000000 x22=0x0000060d
     378655.000 ns	     37864	80007a28	03e067b3	rem	x15,x0,x30	  x0:0x00000000 x30:0x00000683 x15=0x00000000
     378675.000 ns	     37866	80007a2c	00b7a0b3	slt	x1,x15,x11	 x15:0x6a2ff9d4 x11:0xfffffe58  x1=0x00000000
     378685.000 ns	     37867	80007a30	bbe8cc13	xori	x24,x17,-1090	 x17:0x00000000 x24=0xfffffbbe
     378695.000 ns	     37868	80007a34	9a08b293	sltiu	x5,x17,-1632	 x17:0x00000000  x5=0x00000001
     378715.000 ns	     37870	80007a38	c006f953	fcvt.w.s	x18,f13	 f13:0x00000000 x18=0x00000000
     378745.000 ns	     37873	80007a3c	f00d0c53	fmv.w.x	f24,x26	 x26:0x00000001 f24=0x00000001
     378765.000 ns	     37875	80007a40	01be8033	add	x0,x29,x27	 x29:0x00000165 x27:0x00000000
     378785.000 ns	     37877	80007a44	29ad1d53	fmax.s	f26,f26,f26	 f26:0xc4000000 f26:0xc4000000 f26=0xc4000000
     378815.000 ns	     37880	80007a48	d01bc453	fcvt.s.wu	f8,x23	 x23:0x000003a8  f8=0x446a0000
     378845.000 ns	     37883	80007a4c	28d61fd3	fmax.s	f31,f12,f13	 f12:0x00000010 f13:0x00000000 f31=0x00000010
     378875.000 ns	     37886	80007a50	280c1b53	fmax.s	f22,f24,f0	 f24:0x00000001  f0:0x7fc00000 f22=0x00000001
     378905.000 ns	     37889	80007a54	03cbd0b3	divu	x1,x23,x28	 x23:0x000003a8 x28:0x00000000  x1=0xffffffff
     378935.000 ns	     37892	80007a58	21a8a653	fsgnjx.s	f12,f17,f26	 f17:0x80000000 f26:0xc4000000 f12=0x00000000
     378955.000 ns	     37894	80007a5c	006e69b3	or	x19,x28,x6	 x28:0x00000000  x6:0x00000000 x19=0x00000000
     378965.000 ns	     37895	80007a60	961be393	ori	x7,x23,-1695	 x23:0x000003a8  x7=0xfffffbe9
     379325.000 ns	     37931	80007a64	03f84ab3	div	x21,x16,x31	 x16:0x80040fe4 x31:0x00000001 x21=0x80040fe4
     379355.000 ns	     37934	80007a68	02ab2933	mulhsu	x18,x22,x10	 x22:0x0000060d x10:0x00000000 x18=0x00000000
     379375.000 ns	     37936	80007a6c	00e3d1b3	srl	x3,x7,x14	  x7:0xfffffbe9 x14:0x72cb4a24  x3=0x0fffffbe
     379395.000 ns	     37938	80007a70	e00e8bd3	fmv.x.w	x23,f29	 f29:0xff800000 x23=0xff800000
     379425.000 ns	     37941	80007a74	a1970f53	fle.s	x30,f14,f25	 f14:0x00000004 f25:0x00000308 x30=0x00000001
     379445.000 ns	     37943	80007a78	2622e593	ori	x11,x5,610	  x5:0x00000001 x11=0x00000263
     379465.000 ns	     37945	80007a7c	a14a1d53	flt.s	x26,f20,f20	 f20:0x00000000 f20:0x00000000 x26=0x00000000
     379485.000 ns	     37947	80007a80	2f4d7193	andi	x3,x26,756	 x26:0x00000001  x3=0x00000000
     379495.000 ns	     37948	80007a84	7d6abe93	sltiu	x29,x21,2006	 x21:0x80040fe4 x29=0x00000000
     379505.000 ns	     37949	80007a88	004d3933	sltu	x18,x26,x4	 x26:0x00000000  x4:0x00000000 x18=0x00000000
     379535.000 ns	     37952	80007a8c	118ccb53	fmul.s	f22,f25,f24	 f25:0x00000308 f24:0x00000001 f22=0x00000000
     379565.000 ns	     37955	80007a90	c0167ed3	fcvt.wu.s	x29,f12	 f12:0x00000000 x29=0x00000000
     379595.000 ns	     37958	80007a94	f0068a53	fmv.w.x	f20,x13	 x13:0x00000200 f20=0x00000200
     379625.000 ns	     37961	80007a98	a1ce9153	flt.s	x2,f29,f28	 f29:0xff800000 f28:0x7fc00000  x2=0x00000000
     379655.000 ns	     37964	80007a9c	28ae0bd3	fmin.s	f23,f28,f10	 f28:0x7fc00000 f10:0x00000000 f23=0x00000000
     379675.000 ns	     37966	80007aa0	01332eb3	slt	x29,x6,x19	  x6:0x00000000 x19:0x00000000 x29=0x00000000
     379685.000 ns	     37967	80007aa4	41955333	sra	x6,x10,x25	 x10:0x00000000 x25:0x00000000  x6=0x00000000
     379705.000 ns	     37969	80007aa8	e0089bd3	fclass.s	x23,f17	 f17:0x80000000 x23=0x00000008
     379735.000 ns	     37972	80007aac	2019afd3	fsgnjx.s	f31,f19,f1	 f19:0x00000000  f1:0x00000000 f31=0x00000000
     379785.000 ns	     37977	80007ab0	09fa7c53	fsub.s	f24,f20,f31	 f20:0x00000200 f31:0x00000010 f24=0x00000200
     379805.000 ns	     37979	80007ab4	004cb933	sltu	x18,x25,x4	 x25:0x00000000  x4:0x00000000 x18=0x00000000
     379815.000 ns	     37980	80007ab8	256f6513	ori	x10,x30,598	 x30:0x00000001 x10=0x00000257
     379825.000 ns	     37981	80007abc	4175de33	sra	x28,x11,x23	 x11:0x00000263 x23:0x00000008 x28=0x00000002
     380185.000 ns	     38017	80007ac0	0273e133	rem	x2,x7,x7	  x7:0xfffffbe9  x7:0xfffffbe9  x2=0x00000000
     380215.000 ns	     38020	80007ac4	02fe4f33	div	x30,x28,x15	 x28:0x00000000 x15:0x00000000 x30=0xffffffff
     380245.000 ns	     38023	80007ac8	29448bd3	fmin.s	f23,f9,f20	  f9:0xbf800000 f20:0x00000200 f23=0xbf800000
     380265.000 ns	     38025	80007acc	004d52b3	srl	x5,x26,x4	 x26:0x00000000  x4:0x00000000  x5=0x00000000
     380275.000 ns	     38026	80007ad0	cc6a3213	sltiu	x4,x20,-826	 x20:0x80041024  x4=0x00000001
     380295.000 ns	     38028	80007ad4	a1f09453	flt.s	x8,f1,f31	  f1:0x00000000 f31:0x00000000  x8=0x00000000
     380335.000 ns	     38032	80007ad8	5808f5d3	fsqrt.s	f11,f17	 f17:0x80000000 f11=0x80000000
     380355.000 ns	     38034	80007adc	405e0db3	sub	x27,x28,x5	 x28:0x00000002  x5:0x00000000 x27=0x00000002
     380375.000 ns	     38036	80007ae0	02149933	mulh	x18,x9,x1	  x9:0x00000001  x1:0xffffffff x18=0xffffffff
     380405.000 ns	     38039	80007ae4	020fb933	mulhu	x18,x31,x0	 x31:0x00000001  x0:0x00000000 x18=0x00000000
     380435.000 ns	     38042	80007ae8	e00d8ed3	fmv.x.w	x29,f27	 f27:0x00000000 x29=0x00000000
     380465.000 ns	     38045	80007aec	29850ad3	fmin.s	f21,f10,f24	 f10:0x00000000 f24:0x00000200 f21=0x00000000
     380485.000 ns	     38047	80007af0	34c1b993	sltiu	x19,x3,844	  x3:0x00000000 x19=0x00000001
     380505.000 ns	     38049	80007af4	201120d3	fsgnjx.s	f1,f2,f1	  f2:0xc4000000  f1:0x00000000  f1=0xc4000000
     380535.000 ns	     38052	80007af8	a0d096d3	flt.s	x13,f1,f13	  f1:0x00000000 f13:0x00000000 x13=0x00000001
     380555.000 ns	     38054	80007afc	01643eb3	sltu	x29,x8,x22	  x8:0x00000000 x22:0x0000060d x29=0x00000001
     380565.000 ns	     38055	80007b00	00c0dab3	srl	x21,x1,x12	  x1:0xffffffff x12:0x00000000 x21=0xffffffff
     380575.000 ns	     38056	80007b04	017d43b3	xor	x7,x26,x23	 x26:0x00000000 x23:0x00000008  x7=0x00000008
     380595.000 ns	     38058	80007b08	021b27b3	mulhsu	x15,x22,x1	 x22:0x0000060d  x1:0xffffffff x15=0x0000060c
     380615.000 ns	     38060	80007b0c	00000013	addi	x0,x0,0	  x0:0x00000000
     380635.000 ns	     38062	80007b10	e0059153	fclass.s	x2,f11	 f11:0x80000000  x2=0x00000008
     380665.000 ns	     38065	80007b14	e0050153	fmv.x.w	x2,f10	 f10:0x00000000  x2=0x00000000
     380705.000 ns	     38069	80007b18	104070d3	fmul.s	f1,f0,f4	  f0:0x7fc00000  f4:0x00000000  f1=0x7fc00000
     380725.000 ns	     38071	80007b1c	01d0f133	and	x2,x1,x29	  x1:0xffffffff x29:0x00000001  x2=0x00000001
     380745.000 ns	     38073	80007b20	29b310d3	fmax.s	f1,f6,f27	  f6:0x80000000 f27:0x00000000  f1=0x00000000
     380765.000 ns	     38075	80007b24	018e74b3	and	x9,x28,x24	 x28:0x00000002 x24:0xfffffbbe  x9=0x00000002
     381125.000 ns	     38111	80007b28	0303c133	div	x2,x7,x16	  x7:0x00000008 x16:0x80040fe4  x2=0x00000000
     381155.000 ns	     38114	80007b2c	e0011453	fclass.s	x8,f2	  f2:0xc4000000  x8=0x00000002
     381175.000 ns	     38116	80007b30	f2e0ef93	ori	x31,x1,-210	  x1:0xffffffff x31=0xffffffff
     381185.000 ns	     38117	80007b34	ab818797	auipc	x15,0xab818	 x15=0x2b81fb34
     381205.000 ns	     38119	80007b38	03a159b3	divu	x19,x2,x26	  x2:0x00000000 x26:0x00000000 x19=0xffffffff
     381235.000 ns	     38122	80007b3c	d01df353	fcvt.s.wu	f6,x27	 x27:0x00000002  f6=0x40000000
     381285.000 ns	     38127	80007b40	0833fad3	fsub.s	f21,f7,f3	  f7:0x00000004  f3:0x44000000 f21=0xc4000000
     381305.000 ns	     38129	80007b44	01becab3	xor	x21,x29,x27	 x29:0x00000001 x27:0x00000002 x21=0x00000003
     381325.000 ns	     38131	80007b48	a15fa6d3	feq.s	x13,f31,f21	 f31:0x00000000 f21:0xc4000000 x13=0x00000000
     381355.000 ns	     38134	80007b4c	033408b3	mul	x17,x8,x19	  x8:0x00000002 x19:0xffffffff x17=0xfffffffe
     381385.000 ns	     38137	80007b50	216c9853	fsgnjn.s	f16,f25,f22	 f25:0x00000308 f22:0x00000000 f16=0x80000308
     381405.000 ns	     38139	80007b54	01f01e33	sll	x28,x0,x31	  x0:0x00000000 x31:0xffffffff x28=0x00000000
     381425.000 ns	     38141	80007b58	a00024d3	feq.s	x9,f0,f0	  f0:0x7fc00000  f0:0x7fc00000  x9=0x00000000
     381445.000 ns	     38143	80007b5c	00a3d533	srl	x10,x7,x10	  x7:0x00000008 x10:0x00000257 x10=0x00000000
     381455.000 ns	     38144	80007b60	01eecf33	xor	x30,x29,x30	 x29:0x00000001 x30:0xffffffff x30=0xfffffffe
     381475.000 ns	     38146	80007b64	e0070d53	fmv.x.w	x26,f14	 f14:0x00000004 x26=0x00000004
     381495.000 ns	     38148	80007b68	019c2b33	slt	x22,x24,x25	 x24:0xfffffbbe x25:0x00000000 x22=0x00000001
     381505.000 ns	     38149	80007b6c	8682e897	auipc	x17,0x8682e	 x17=0x06835b6c
     381525.000 ns	     38151	80007b70	29bd84d3	fmin.s	f9,f27,f27	 f27:0x00000000 f27:0x00000000  f9=0x00000000
     381575.000 ns	     38156	80007b74	0108b7d3	fadd.s	f15,f17,f16	 f17:0x80000000 f16:0x80000308 f15=0x80000308
     381605.000 ns	     38159	80007b78	d01e0653	fcvt.s.wu	f12,x28	 x28:0x00000000 f12=0x00000000
     381635.000 ns	     38162	80007b7c	03241033	mulh	x0,x8,x18	  x8:0x00000002 x18:0x00000000
     381655.000 ns	     38164	80007b80	f5f4a617	auipc	x12,0xf5f4a	 x12=0x75f51b80
     381665.000 ns	     38165	80007b84	01f88d33	add	x26,x17,x31	 x17:0x06835b6c x31:0xffffffff x26=0x06835b6b
     382835.000 ns	     38282	80007b88	58071a53	fsqrt.s	f20,f14	 f14:0x00000004 f20=0x1f350489
     382865.000 ns	     38285	80007b8c	c00137d3	fcvt.w.s	x15,f2	  f2:0xc4000000 x15=0xfffffe00
     382895.000 ns	     38288	80007b90	030d02b3	mul	x5,x26,x16	 x26:0x06835b6b x16:0x80040fe4  x5=0x6d04b04c
     382915.000 ns	     38290	80007b94	00fdd133	srl	x2,x27,x15	 x27:0x00000002 x15:0xfffffe00  x2=0x00000002
     382925.000 ns	     38291	80007b98	d7fb2617	auipc	x12,0xd7fb2	 x12=0x57fb9b98
     382935.000 ns	     38292	80007b9c	1839df37	lui	x30,0x1839d	 x30=0x1839d000
     382955.000 ns	     38294	80007ba0	020122b3	mulhsu	x5,x2,x0	  x2:0x00000002  x0:0x00000000  x5=0x00000000
     382985.000 ns	     38297	80007ba4	201b1f53	fsgnjn.s	f30,f22,f1	 f22:0x00000000  f1:0x00000000 f30=0x80000000
     383005.000 ns	     38299	80007ba8	a303f193	andi	x3,x7,-1488	  x7:0x00000008  x3=0x00000000
     383015.000 ns	     38300	80007bac	d32abf93	sltiu	x31,x21,-718	 x21:0x00000003 x31=0x00000001
     383345.000 ns	     38333	80007bb0	1823f6d3	fdiv.s	f13,f7,f2	  f7:0x00000004  f2:0xc4000000 f13=0x80000000
     383375.000 ns	     38336	80007bb4	e0080f53	fmv.x.w	x30,f16	 f16:0x80000308 x30=0x80000308
     383405.000 ns	     38339	80007bb8	023f9133	mulh	x2,x31,x3	 x31:0x00000001  x3:0x00000000  x2=0x00000000
     383425.000 ns	     38341	80007bbc	41575393	srai	x7,x14,0x15	 x14:0x72cb4a24  x7=0x00000396
     383435.000 ns	     38342	80007bc0	41fd0133	sub	x2,x26,x31	 x26:0x06835b6b x31:0x00000001  x2=0x06835b6a
     383455.000 ns	     38344	80007bc4	03aab333	mulhu	x6,x21,x26	 x21:0x00000003 x26:0x06835b6b  x6=0x00000000
     383485.000 ns	     38347	80007bc8	032f2ab3	mulhsu	x21,x30,x18	 x30:0x80000308 x18:0x00000000 x21=0x00000000
     383505.000 ns	     38349	80007bcc	1de0c613	xori	x12,x1,478	  x1:0xffffffff x12=0xfffffe21
     383525.000 ns	     38351	80007bd0	02a60cb3	mul	x25,x12,x10	 x12:0x57fb9b98 x10:0x00000000 x25=0x00000000
     383555.000 ns	     38354	80007bd4	29368cd3	fmin.s	f25,f13,f19	 f13:0x80000000 f19:0x00000000 f25=0x80000000
     383575.000 ns	     38356	80007bd8	0183ec33	or	x24,x7,x24	  x7:0x00000396 x24:0xfffffbbe x24=0xfffffbbe
     383595.000 ns	     38358	80007bdc	293d90d3	fmax.s	f1,f27,f19	 f27:0x00000000 f19:0x00000000  f1=0x00000000
     383615.000 ns	     38360	80007be0	41805613	srai	x12,x0,0x18	  x0:0x00000000 x12=0x00000000
     383625.000 ns	     38361	80007be4	9cf8b893	sltiu	x17,x17,-1585	 x17:0x06835b6c x17=0x00000001
     383635.000 ns	     38362	80007be8	00119b33	sll	x22,x3,x1	  x3:0x00000000  x1:0xffffffff x22=0x00000000
     383645.000 ns	     38363	80007bec	eb75f613	andi	x12,x11,-329	 x11:0x00000263 x12=0x00000223
     383665.000 ns	     38365	80007bf0	29c30ad3	fmin.s	f21,f6,f28	  f6:0x40000000 f28:0x7fc00000 f21=0x40000000
     383685.000 ns	     38367	80007bf4	01de46b3	xor	x13,x28,x29	 x28:0x00000000 x29:0x00000001 x13=0x00000001
     383715.000 ns	     38370	80007bf8	191e1dd3	fdiv.s	f27,f28,f17	 f28:0x7fc00000 f17:0x80000000 f27=0x7fc00000
     383745.000 ns	     38373	80007bfc	200d8153	fsgnj.s	f2,f27,f0	 f27:0x00000000  f0:0x7fc00000  f2=0x7fc00000
     383775.000 ns	     38376	80007c00	29b21d53	fmax.s	f26,f4,f27	  f4:0x00000000 f27:0x7fc00000 f26=0x00000000
     383795.000 ns	     38378	80007c04	0036d293	srli	x5,x13,0x3	 x13:0x00000001  x5=0x00000000
     383805.000 ns	     38379	80007c08	56627f13	andi	x30,x4,1382	  x4:0x00000001 x30=0x00000000
     383815.000 ns	     38380	80007c0c	014f9333	sll	x6,x31,x20	 x31:0x00000001 x20:0x80041024  x6=0x00000010
     383835.000 ns	     38382	80007c10	f00807d3	fmv.w.x	f15,x16	 x16:0x80040fe4 f15=0x80040fe4
     383865.000 ns	     38385	80007c14	d000fb53	fcvt.s.w	f22,x1	  x1:0xffffffff f22=0xbf800000
     383885.000 ns	     38387	80007c18	ebd50e93	addi	x29,x10,-323	 x10:0x00000000 x29=0xfffffebd
     383895.000 ns	     38388	80007c1c	01d0bab3	sltu	x21,x1,x29	  x1:0xffffffff x29:0x00000001 x21=0x00000000
     383905.000 ns	     38389	80007c20	41130333	sub	x6,x6,x17	  x6:0x00000010 x17:0x00000001  x6=0x0000000f
     383915.000 ns	     38390	80007c24	413c59b3	sra	x19,x24,x19	 x24:0xfffffbbe x19:0xffffffff x19=0xffffffff
     383935.000 ns	     38392	80007c28	f00a8ed3	fmv.w.x	f29,x21	 x21:0x00000000 f29=0x00000000
     383965.000 ns	     38395	80007c2c	02bcae33	mulhsu	x28,x25,x11	 x25:0x00000000 x11:0x00000263 x28=0x00000000
     383985.000 ns	     38397	80007c30	107e4013	xori	x0,x28,263	 x28:0x00000000
     383995.000 ns	     38398	80007c34	014035b3	sltu	x11,x0,x20	  x0:0x00000000 x20:0x80041024 x11=0x00000001
     384015.000 ns	     38400	80007c38	d002fd53	fcvt.s.w	f26,x5	  x5:0x00000000 f26=0x00000000
     384035.000 ns	     38402	80007c3c	55894513	xori	x10,x18,1368	 x18:0x00000000 x10=0x00000558
     384045.000 ns	     38403	80007c40	414b0eb3	sub	x29,x22,x20	 x22:0x00000000 x20:0x80041024 x29=0x7ffbefdc
     384065.000 ns	     38405	80007c44	036559b3	divu	x19,x10,x22	 x10:0x00000000 x22:0x00000000 x19=0xffffffff
     384095.000 ns	     38408	80007c48	a05b05d3	fle.s	x11,f22,f5	 f22:0xbf800000  f5:0x00000001 x11=0x00000001
     384115.000 ns	     38410	80007c4c	01087233	and	x4,x16,x16	 x16:0x80040fe4 x16:0x80040fe4  x4=0x80040fe4
     384125.000 ns	     38411	80007c50	0136ed33	or	x26,x13,x19	 x13:0x00000001 x19:0xffffffff x26=0xffffffff
     384145.000 ns	     38413	80007c54	2155a953	fsgnjx.s	f18,f11,f21	 f11:0x80000000 f21:0x40000000 f18=0x80000000
     384165.000 ns	     38415	80007c58	38a82d13	slti	x26,x16,906	 x16:0x80040fe4 x26=0x00000001
     384185.000 ns	     38417	80007c5c	a0858d53	fle.s	x26,f11,f8	 f11:0x80000000  f8:0x446a0000 x26=0x00000001
     384555.000 ns	     38454	80007c60	027e4033	div	x0,x28,x7	 x28:0x00000000  x7:0x00000396
     384585.000 ns	     38457	80007c64	a0561bd3	flt.s	x23,f12,f5	 f12:0x00000000  f5:0x00000001 x23=0x00000001
     384955.000 ns	     38494	80007c68	03a3c4b3	div	x9,x7,x26	  x7:0x00000396 x26:0x00000001  x9=0x00000396
     384985.000 ns	     38497	80007c6c	c00d77d3	fcvt.w.s	x15,f26	 f26:0x00000000 x15=0x00000000
     385355.000 ns	     38534	80007c70	02d4d333	divu	x6,x9,x13	  x9:0x00000396 x13:0x00000001  x6=0x00000396
     385725.000 ns	     38571	80007c74	027ecab3	div	x21,x29,x7	 x29:0x7ffbefdc  x7:0x00000396 x21=0x0023b0c8
     385745.000 ns	     38573	80007c78	010c1bb3	sll	x23,x24,x16	 x24:0xfffffbbe x16:0x80040fe4 x23=0xffffbbe0
     385765.000 ns	     38575	80007c7c	e0050fd3	fmv.x.w	x31,f10	 f10:0x00000000 x31=0x00000000
     385785.000 ns	     38577	80007c80	00f06033	or	x0,x0,x15	  x0:0x00000000 x15:0x00000000
     386145.000 ns	     38613	80007c84	0214e933	rem	x18,x9,x1	  x9:0x00000396  x1:0xffffffff x18=0x00000000
     386175.000 ns	     38616	80007c88	a0722253	feq.s	x4,f4,f7	  f4:0x00000000  f7:0x00000004  x4=0x00000000
     386205.000 ns	     38619	80007c8c	03f53233	mulhu	x4,x10,x31	 x10:0x00000558 x31:0x00000000  x4=0x00000000
     386225.000 ns	     38621	80007c90	5c926b97	auipc	x23,0x5c926	 x23=0xdc92dc90
     386235.000 ns	     38622	80007c94	412f5e33	sra	x28,x30,x18	 x30:0x00000000 x18:0x00000000 x28=0x00000000
     386255.000 ns	     38624	80007c98	f0078653	fmv.w.x	f12,x15	 x15:0x00000000 f12=0x00000000
     386275.000 ns	     38626	80007c9c	01beaeb3	slt	x29,x29,x27	 x29:0x7ffbefdc x27:0x00000002 x29=0x00000000
     386285.000 ns	     38627	80007ca0	0615d617	auipc	x12,0x615d	 x12=0x86164ca0
     386305.000 ns	     38629	80007ca4	d00512d3	fcvt.s.w	f5,x10	 x10:0x00000558  f5=0x44ab0000
     386345.000 ns	     38633	80007ca8	1091c453	fmul.s	f8,f3,f9	  f3:0x44000000  f9:0x00000000  f8=0x00000000
     386365.000 ns	     38635	80007cac	76724d13	xori	x26,x4,1895	  x4:0x00000000 x26=0x00000767
     386385.000 ns	     38637	80007cb0	e00c9153	fclass.s	x2,f25	 f25:0x80000000  x2=0x00000008
     386415.000 ns	     38640	80007cb4	f00008d3	fmv.w.x	f17,x0	  x0:0x00000000 f17=0x00000000
     386445.000 ns	     38643	80007cb8	c00325d3	fcvt.w.s	x11,f6	  f6:0x40000000 x11=0x00000002
     386475.000 ns	     38646	80007cbc	f00c0f53	fmv.w.x	f30,x24	 x24:0xfffffbbe f30=0xfffffbbe
     386505.000 ns	     38649	80007cc0	03ad9333	mulh	x6,x27,x26	 x27:0x00000002 x26:0x00000767  x6=0x00000000
     386535.000 ns	     38652	80007cc4	201823d3	fsgnjx.s	f7,f16,f1	 f16:0x80000308  f1:0x00000000  f7=0x80000308
     386555.000 ns	     38654	80007cc8	01943db3	sltu	x27,x8,x25	  x8:0x00000002 x25:0x00000000 x27=0x00000000
     386575.000 ns	     38656	80007ccc	d00bf9d3	fcvt.s.w	f19,x23	 x23:0xdc92dc90 f19=0xce0db48d
     386605.000 ns	     38659	80007cd0	f00d8bd3	fmv.w.x	f23,x27	 x27:0x00000002 f23=0x00000000
     386625.000 ns	     38661	80007cd4	00252f33	slt	x30,x10,x2	 x10:0x00000558  x2:0x00000008 x30=0x00000000
     386985.000 ns	     38697	80007cd8	0211e5b3	rem	x11,x3,x1	  x3:0x00000000  x1:0xffffffff x11=0x00000000
     387035.000 ns	     38702	80007cdc	0880a653	fsub.s	f12,f1,f8	  f1:0x00000000  f8:0x00000000 f12=0x80000000
     387055.000 ns	     38704	80007ce0	00f359b3	srl	x19,x6,x15	  x6:0x00000000 x15:0x00000000 x19=0x00000000
     387095.000 ns	     38708	80007ce4	00d64953	fadd.s	f18,f12,f13	 f12:0x80000000 f13:0x80000000 f18=0x80000000
     387125.000 ns	     38711	80007ce8	c00cf5d3	fcvt.w.s	x11,f25	 f25:0x80000000 x11=0x00000000
     387145.000 ns	     38713	80007cec	38bbb313	sltiu	x6,x23,907	 x23:0xdc92dc90  x6=0x00000000
     387165.000 ns	     38715	80007cf0	a0fb0e53	fle.s	x28,f22,f15	 f22:0xbf800000 f15:0x80040fe4 x28=0x00000001
     387195.000 ns	     38718	80007cf4	294488d3	fmin.s	f17,f9,f20	  f9:0x00000000 f20:0x1f350489 f17=0x00000000
     387225.000 ns	     38721	80007cf8	0318b6b3	mulhu	x13,x17,x17	 x17:0x00000001 x17:0x00000001 x13=0x00000000
     387255.000 ns	     38724	80007cfc	020b25b3	mulhsu	x11,x22,x0	 x22:0x00000000  x0:0x00000000 x11=0x00000000
     387285.000 ns	     38727	80007d00	02d71eb3	mulh	x29,x14,x13	 x14:0x72cb4a24 x13:0x00000000 x29=0x00000000
     387315.000 ns	     38730	80007d04	c00d70d3	fcvt.w.s	x1,f26	 f26:0x00000000  x1=0x00000000
     387335.000 ns	     38732	80007d08	01162633	slt	x12,x12,x17	 x12:0x86164ca0 x17:0x00000001 x12=0x00000001
     387355.000 ns	     38734	80007d0c	f00a0b53	fmv.w.x	f22,x20	 x20:0x80041024 f22=0x80041024
     387385.000 ns	     38737	80007d10	039c24b3	mulhsu	x9,x24,x25	 x24:0xfffffbbe x25:0x00000000  x9=0x00000000
     387435.000 ns	     38742	80007d14	09b59753	fsub.s	f14,f11,f27	 f11:0x80000000 f27:0x7fc00000 f14=0x7fc00000
     387455.000 ns	     38744	80007d18	b0dd8b13	addi	x22,x27,-1267	 x27:0x00000000 x22=0xfffffb0d
     387485.000 ns	     38747	80007d1c	110c72d3	fmul.s	f5,f24,f16	 f24:0x00000200 f16:0x80000308  f5=0x80000000
     387515.000 ns	     38750	80007d20	a008ae53	feq.s	x28,f17,f0	 f17:0x00000000  f0:0x7fc00000 x28=0x00000000
     387535.000 ns	     38752	80007d24	ced1b313	sltiu	x6,x3,-787	  x3:0x00000000  x6=0x00000001
     387555.000 ns	     38754	80007d28	03fe87b3	mul	x15,x29,x31	 x29:0x00000000 x31:0x00000000 x15=0x00000000
     387925.000 ns	     38791	80007d2c	02806bb3	rem	x23,x0,x8	  x0:0x00000000  x8:0x00000002 x23=0x00000000
     387955.000 ns	     38794	80007d30	d0053653	fcvt.s.w	f12,x10	 x10:0x00000558 f12=0x44ab0000
     387985.000 ns	     38797	80007d34	c018f353	fcvt.wu.s	x6,f17	 f17:0x00000000  x6=0x00000000
     388005.000 ns	     38799	80007d38	402a54b3	sra	x9,x20,x2	 x20:0x80041024  x2:0x00000008  x9=0xff800410
     388045.000 ns	     38803	80007d3c	003b7553	fadd.s	f10,f22,f3	 f22:0x80041024  f3:0x44000000 f10=0x44000000
     388065.000 ns	     38805	80007d40	00000013	addi	x0,x0,0	  x0:0x00000000
     388075.000 ns	     38806	80007d44	40095193	srai	x3,x18,0x0	 x18:0x00000000  x3=0x00000000
     388095.000 ns	     38808	80007d48	d0157053	fcvt.s.wu	f0,x10	 x10:0x00000558  f0=0x44ab0000
     388135.000 ns	     38812	80007d4c	191a9553	fdiv.s	f10,f21,f17	 f21:0x40000000 f17:0x00000000 f10=0x7f800000
     388165.000 ns	     38815	80007d50	c00922d3	fcvt.w.s	x5,f18	 f18:0x80000000  x5=0x00000000
     388195.000 ns	     38818	80007d54	29409dd3	fmax.s	f27,f1,f20	  f1:0x00000000 f20:0x1f350489 f27=0x1f350489
     388245.000 ns	     38823	80007d58	00cc3053	fadd.s	f0,f24,f12	 f24:0x00000200 f12:0x44ab0000  f0=0x44ab0000
     388275.000 ns	     38826	80007d5c	28a999d3	fmax.s	f19,f19,f10	 f19:0xce0db48d f10:0x7f800000 f19=0x7f800000
     388305.000 ns	     38829	80007d60	28d38153	fmin.s	f2,f7,f13	  f7:0x80000308 f13:0x80000000  f2=0x80000308
     388325.000 ns	     38831	80007d64	019d71b3	and	x3,x26,x25	 x26:0x00000767 x25:0x00000000  x3=0x00000000
     388685.000 ns	     38867	80007d68	0369edb3	rem	x27,x19,x22	 x19:0x00000000 x22:0xfffffb0d x27=0x00000000
     388705.000 ns	     38869	80007d6c	2445cb13	xori	x22,x11,580	 x11:0x00000000 x22=0x00000244
     388725.000 ns	     38871	80007d70	0247e8b3	rem	x17,x15,x4	 x15:0x00000000  x4:0x00000000 x17=0x00000000
     388745.000 ns	     38873	80007d74	2162b093	sltiu	x1,x5,534	  x5:0x00000000  x1=0x00000001
     388765.000 ns	     38875	80007d78	d00ef9d3	fcvt.s.w	f19,x29	 x29:0x00000000 f19=0x00000000
     388785.000 ns	     38877	80007d7c	0688cb93	xori	x23,x17,104	 x17:0x00000000 x23=0x00000068
     388805.000 ns	     38879	80007d80	29f90ad3	fmin.s	f21,f18,f31	 f18:0x80000000 f31:0x00000000 f21=0x80000000
     388825.000 ns	     38881	80007d84	23572893	slti	x17,x14,565	 x14:0x72cb4a24 x17=0x00000000
     388835.000 ns	     38882	80007d88	ea284393	xori	x7,x16,-350	 x16:0x80040fe4  x7=0x7ffbf146
     389195.000 ns	     38918	80007d8c	029e47b3	div	x15,x28,x9	 x28:0x00000000  x9:0xff800410 x15=0x00000000
     390375.000 ns	     39036	80007d90	580c2053	fsqrt.s	f0,f24	 f24:0x00000200  f0=0x1f350758
     390415.000 ns	     39040	80007d94	11332153	fmul.s	f2,f6,f19	  f6:0x40000000 f19:0x00000000  f2=0x00000000
     390435.000 ns	     39042	80007d98	01e31c93	slli	x25,x6,0x1e	  x6:0x00000000 x25=0x00000000
     390445.000 ns	     39043	80007d9c	a6662d13	slti	x26,x12,-1434	 x12:0x00000001 x26=0x00000000
     390465.000 ns	     39045	80007da0	0313dcb3	divu	x25,x7,x17	  x7:0x7ffbf146 x17:0x00000000 x25=0xffffffff
     390485.000 ns	     39047	80007da4	0017d193	srli	x3,x15,0x1	 x15:0x00000000  x3=0x00000000
     390495.000 ns	     39048	80007da8	4aa77237	lui	x4,0x4aa77	  x4=0x4aa77000
     390505.000 ns	     39049	80007dac	fcc2cc97	auipc	x25,0xfcc2c	 x25=0x7cc33dac
     390865.000 ns	     39085	80007db0	024d6ab3	rem	x21,x26,x4	 x26:0x00000000  x4:0x00000000 x21=0x00000000
     390885.000 ns	     39087	80007db4	40855033	sra	x0,x10,x8	 x10:0x00000558  x8:0x00000002
     391245.000 ns	     39123	80007db8	0372e1b3	rem	x3,x5,x23	  x5:0x00000000 x23:0x00000068  x3=0x00000000
     391275.000 ns	     39126	80007dbc	287f8953	fmin.s	f18,f31,f7	 f31:0x00000000  f7:0x80000308 f18=0x80000308
     391295.000 ns	     39128	80007dc0	e77de637	lui	x12,0xe77de	 x12=0xe77de000
     391315.000 ns	     39130	80007dc4	0351dfb3	divu	x31,x3,x21	  x3:0x00000000 x21:0x00000000 x31=0xffffffff
     391355.000 ns	     39134	80007dc8	180e3353	fdiv.s	f6,f28,f0	 f28:0x7fc00000  f0:0x1f350758  f6=0x7fc00000
     391375.000 ns	     39136	80007dcc	092fc993	xori	x19,x31,146	 x31:0xffffffff x19=0xffffff6d
     391385.000 ns	     39137	80007dd0	532e98b7	lui	x17,0x532e9	 x17=0x532e9000
     391395.000 ns	     39138	80007dd4	40a88133	sub	x2,x17,x10	 x17:0x00000000 x10:0x00000558  x2=0x532e8aa8
     391425.000 ns	     39141	80007dd8	10357ed3	fmul.s	f29,f10,f3	 f10:0x7f800000  f3:0x44000000 f29=0x7f800000
     391445.000 ns	     39143	80007ddc	007d89b3	add	x19,x27,x7	 x27:0x00000000  x7:0x7ffbf146 x19=0x7ffbf146
     391475.000 ns	     39146	80007de0	19bca9d3	fdiv.s	f19,f25,f27	 f25:0x80000000 f27:0x1f350489 f19=0x80000000
     391495.000 ns	     39148	80007de4	aae3bb13	sltiu	x22,x7,-1362	  x7:0x7ffbf146 x22=0x00000001
     391525.000 ns	     39151	80007de8	19cef153	fdiv.s	f2,f29,f28	 f29:0x7f800000 f28:0x7fc00000  f2=0x7fc00000
     391545.000 ns	     39153	80007dec	008be933	or	x18,x23,x8	 x23:0x00000068  x8:0x00000002 x18=0x0000006a
     391555.000 ns	     39154	80007df0	2cd13793	sltiu	x15,x2,717	  x2:0x532e8aa8 x15=0x00000000
     391575.000 ns	     39156	80007df4	03903233	mulhu	x4,x0,x25	  x0:0x00000000 x25:0x7cc33dac  x4=0x00000000
     391595.000 ns	     39158	80007df8	008e50b3	srl	x1,x28,x8	 x28:0x00000000  x8:0x00000002  x1=0x00000000
     391615.000 ns	     39160	80007dfc	e0069dd3	fclass.s	x27,f13	 f13:0x80000000 x27=0x00000008
     391645.000 ns	     39163	80007e00	03e49ab3	mulh	x21,x9,x30	  x9:0xff800410 x30:0x00000000 x21=0x00000000
     391665.000 ns	     39165	80007e04	ecb74e93	xori	x29,x14,-309	 x14:0x72cb4a24 x29=0x8d34b4ef
     391675.000 ns	     39166	80007e08	01ee6d33	or	x26,x28,x30	 x28:0x00000000 x30:0x00000000 x26=0x00000000
     391695.000 ns	     39168	80007e0c	216d9bd3	fsgnjn.s	f23,f27,f22	 f27:0x1f350489 f22:0x80041024 f23=0x1f350489
     391725.000 ns	     39171	80007e10	281687d3	fmin.s	f15,f13,f1	 f13:0x80000000  f1:0x00000000 f15=0x80000000
     391745.000 ns	     39173	80007e14	00eb9513	slli	x10,x23,0xe	 x23:0x00000068 x10=0x001a0000
     391755.000 ns	     39174	80007e18	01b775b3	and	x11,x14,x27	 x14:0x72cb4a24 x27:0x00000008 x11=0x00000000
     391775.000 ns	     39176	80007e1c	a1a004d3	fle.s	x9,f0,f26	  f0:0x1f350758 f26:0x00000000  x9=0x00000000
     391795.000 ns	     39178	80007e20	017b58b3	srl	x17,x22,x23	 x22:0x00000001 x23:0x00000068 x17=0x00000000
     391835.000 ns	     39182	80007e24	0826fb53	fsub.s	f22,f13,f2	 f13:0x80000000  f2:0x7fc00000 f22=0x7fc00000
     391855.000 ns	     39184	80007e28	41478533	sub	x10,x15,x20	 x15:0x00000000 x20:0x80041024 x10=0x7ffbefdc
     391865.000 ns	     39185	80007e2c	00390933	add	x18,x18,x3	 x18:0x0000006a  x3:0x00000000 x18=0x0000006a
     391875.000 ns	     39186	80007e30	7775ed13	ori	x26,x11,1911	 x11:0x00000000 x26=0x00000777
     391895.000 ns	     39188	80007e34	d0091ed3	fcvt.s.w	f29,x18	 x18:0x0000006a f29=0x42d40000
     391915.000 ns	     39190	80007e38	40ab85b3	sub	x11,x23,x10	 x23:0x00000068 x10:0x7ffbefdc x11=0x8004108c
     391925.000 ns	     39191	80007e3c	416e04b3	sub	x9,x28,x22	 x28:0x00000000 x22:0x00000001  x9=0xffffffff
     391945.000 ns	     39193	80007e40	038bad33	mulhsu	x26,x23,x24	 x23:0x00000068 x24:0xfffffbbe x26=0x00000067
     391975.000 ns	     39196	80007e44	f00904d3	fmv.w.x	f9,x18	 x18:0x0000006a  f9=0x0000006a
     391995.000 ns	     39198	80007e48	0003a1b3	slt	x3,x7,x0	  x7:0x7ffbf146  x0:0x00000000  x3=0x00000000
     392005.000 ns	     39199	80007e4c	18c93213	sltiu	x4,x18,396	 x18:0x0000006a  x4=0x00000001
     392025.000 ns	     39201	80007e50	03080cb3	mul	x25,x16,x16	 x16:0x80040fe4 x16:0x80040fe4 x25=0x801c8310
     392045.000 ns	     39203	80007e54	133bb413	sltiu	x8,x23,307	 x23:0x00000068  x8=0x00000001
     392055.000 ns	     39204	80007e58	0148bdb3	sltu	x27,x17,x20	 x17:0x00000000 x20:0x80041024 x27=0x00000001
     392075.000 ns	     39206	80007e5c	03a828b3	mulhsu	x17,x16,x26	 x16:0x80040fe4 x26:0x00000067 x17=0xffffffcc
     392445.000 ns	     39243	80007e60	02be7eb3	remu	x29,x28,x11	 x28:0x00000000 x11:0x8004108c x29=0x00000000
     392465.000 ns	     39245	80007e64	dacb2913	slti	x18,x22,-596	 x22:0x00000001 x18=0x00000000
     392475.000 ns	     39246	80007e68	00239a93	slli	x21,x7,0x2	  x7:0x7ffbf146 x21=0xffefc518
     392485.000 ns	     39247	80007e6c	c1f02b93	slti	x23,x0,-993	  x0:0x00000000 x23=0x00000000
     392495.000 ns	     39248	80007e70	3b2b4913	xori	x18,x22,946	 x22:0x00000001 x18=0x000003b3
     392505.000 ns	     39249	80007e74	0180d913	srli	x18,x1,0x18	  x1:0x00000000 x18=0x00000000
     392525.000 ns	     39251	80007e78	e0000653	fmv.x.w	x12,f0	  f0:0x1f350758 x12=0x1f350758
     392555.000 ns	     39254	80007e7c	a0b692d3	flt.s	x5,f13,f11	 f13:0x80000000 f11:0x80000000  x5=0x00000000
     392585.000 ns	     39257	80007e80	02933933	mulhu	x18,x6,x9	  x6:0x00000000  x9:0xffffffff x18=0x00000000
     392605.000 ns	     39259	80007e84	4162deb3	sra	x29,x5,x22	  x5:0x00000000 x22:0x00000001 x29=0x00000000
     392625.000 ns	     39261	80007e88	d01e9353	fcvt.s.wu	f6,x29	 x29:0x00000000  f6=0x00000000
     392645.000 ns	     39263	80007e8c	4c76bb93	sltiu	x23,x13,1223	 x13:0x00000000 x23=0x00000001
     392655.000 ns	     39264	80007e90	e77ae413	ori	x8,x21,-393	 x21:0xffefc518  x8=0xffffff7f
     392665.000 ns	     39265	80007e94	4188d013	srai	x0,x17,0x18	 x17:0xffffffcc
     392685.000 ns	     39267	80007e98	03b910b3	mulh	x1,x18,x27	 x18:0x00000000 x27:0x00000001  x1=0x00000000
     392705.000 ns	     39269	80007e9c	a899b697	auipc	x13,0xa899b	 x13=0x289a2e9c
     392715.000 ns	     39270	80007ea0	4edd4c93	xori	x25,x26,1261	 x26:0x00000067 x25=0x0000048a
     392745.000 ns	     39273	80007ea4	190af953	fdiv.s	f18,f21,f16	 f21:0x80000000 f16:0x80000308 f18=0x00000000
     392775.000 ns	     39276	80007ea8	028b34b3	mulhu	x9,x22,x8	 x22:0x00000001  x8:0xffffff7f  x9=0x00000000
     392805.000 ns	     39279	80007eac	d00e7e53	fcvt.s.w	f28,x28	 x28:0x00000000 f28=0x00000000
     392825.000 ns	     39281	80007eb0	40f2d093	srai	x1,x5,0xf	  x5:0x00000000  x1=0x00000000
     392835.000 ns	     39282	80007eb4	401ed533	sra	x10,x29,x1	 x29:0x00000000  x1:0x00000000 x10=0x00000000
     392845.000 ns	     39283	80007eb8	00000013	addi	x0,x0,0	  x0:0x00000000
     392865.000 ns	     39285	80007ebc	e0098953	fmv.x.w	x18,f19	 f19:0x80000000 x18=0x80000000
     392895.000 ns	     39288	80007ec0	02ac6333	rem	x6,x24,x10	 x24:0xfffffbbe x10:0x00000000  x6=0xfffffbbe
     392915.000 ns	     39290	80007ec4	41555b33	sra	x22,x10,x21	 x10:0x00000000 x21:0xffefc518 x22=0x00000000
     392955.000 ns	     39294	80007ec8	094cffd3	fsub.s	f31,f25,f20	 f25:0x80000000 f20:0x1f350489 f31=0x9f350489
     392975.000 ns	     39296	80007ecc	015fd6b3	srl	x13,x31,x21	 x31:0xffffffff x21:0xffefc518 x13=0x000000ff
     392995.000 ns	     39298	80007ed0	026005b3	mul	x11,x0,x6	  x0:0x00000000  x6:0xfffffbbe x11=0x00000000
     393015.000 ns	     39300	80007ed4	00000013	addi	x0,x0,0	  x0:0x00000000
     393035.000 ns	     39302	80007ed8	02f3b8b3	mulhu	x17,x7,x15	  x7:0x7ffbf146 x15:0x00000000 x17=0x00000000
     393085.000 ns	     39307	80007edc	097f1ad3	fsub.s	f21,f30,f23	 f30:0xfffffbbe f23:0x1f350489 f21=0x7fc00000
     393115.000 ns	     39310	80007ee0	f0090b53	fmv.w.x	f22,x18	 x18:0x80000000 f22=0x80000000
     393145.000 ns	     39313	80007ee4	2082a3d3	fsgnjx.s	f7,f5,f8	  f5:0x80000000  f8:0x00000000  f7=0x80000000
     393175.000 ns	     39316	80007ee8	0212f533	remu	x10,x5,x1	  x5:0x00000000  x1:0x00000000 x10=0x00000000
     393205.000 ns	     39319	80007eec	03483cb3	mulhu	x25,x16,x20	 x16:0x80040fe4 x20:0x80041024 x25=0x40041014
     393225.000 ns	     39321	80007ef0	01735993	srli	x19,x6,0x17	  x6:0xfffffbbe x19=0x000001ff
     393245.000 ns	     39323	80007ef4	e0090ed3	fmv.x.w	x29,f18	 f18:0x00000000 x29=0x00000000
     393275.000 ns	     39326	80007ef8	f00c8dd3	fmv.w.x	f27,x25	 x25:0x40041014 f27=0x40041014
     393305.000 ns	     39329	80007efc	a1bc8e53	fle.s	x28,f25,f27	 f25:0x80000000 f27:0x1f350489 x28=0x00000001
     393325.000 ns	     39331	80007f00	7e2e7bb7	lui	x23,0x7e2e7	 x23=0x7e2e7000
     393335.000 ns	     39332	80007f04	01c7a133	slt	x2,x15,x28	 x15:0x00000000 x28:0x00000001  x2=0x00000001
     393355.000 ns	     39334	80007f08	20b2a753	fsgnjx.s	f14,f5,f11	  f5:0x80000000 f11:0x80000000 f14=0x00000000
     393385.000 ns	     39337	80007f0c	d01bc8d3	fcvt.s.wu	f17,x23	 x23:0x7e2e7000 f17=0x4efc5ce0
     393425.000 ns	     39341	80007f10	10dc13d3	fmul.s	f7,f24,f13	 f24:0x00000200 f13:0x80000000  f7=0x80000000
     393445.000 ns	     39343	80007f14	d1454f37	lui	x30,0xd1454	 x30=0xd1454000
     393465.000 ns	     39345	80007f18	a1f40053	fle.s	x0,f8,f31	  f8:0x00000000 f31:0x9f350489
     393485.000 ns	     39347	80007f1c	6b3ebf93	sltiu	x31,x29,1715	 x29:0x00000000 x31=0x00000001
     393495.000 ns	     39348	80007f20	01181b33	sll	x22,x16,x17	 x16:0x80040fe4 x17:0x00000000 x22=0x80040fe4
     393505.000 ns	     39349	80007f24	0077f5b3	and	x11,x15,x7	 x15:0x00000000  x7:0x7ffbf146 x11=0x00000000
     393515.000 ns	     39350	80007f28	8a1aa517	auipc	x10,0x8a1aa	 x10=0x0a1b1f28
     393535.000 ns	     39352	80007f2c	d01a8c53	fcvt.s.wu	f24,x21	 x21:0xffefc518 f24=0x4f7fefc5
     393555.000 ns	     39354	80007f30	00c05093	srli	x1,x0,0xc	  x0:0x00000000  x1=0x00000000
     393565.000 ns	     39355	80007f34	0185b6b3	sltu	x13,x11,x24	 x11:0x00000000 x24:0xfffffbbe x13=0x00000001
     393585.000 ns	     39357	80007f38	282b0153	fmin.s	f2,f22,f2	 f22:0x80000000  f2:0x7fc00000  f2=0x80000000
     393615.000 ns	     39360	80007f3c	c001f0d3	fcvt.w.s	x1,f3	  f3:0x44000000  x1=0x00000200
     393635.000 ns	     39362	80007f40	00c1c5b3	xor	x11,x3,x12	  x3:0x00000000 x12:0x1f350758 x11=0x1f350758
     393655.000 ns	     39364	80007f44	29541053	fmax.s	f0,f8,f21	  f8:0x00000000 f21:0x7fc00000  f0=0x00000000
     393675.000 ns	     39366	80007f48	b43d4013	xori	x0,x26,-1213	 x26:0x00000067
     393695.000 ns	     39368	80007f4c	c0057053	fcvt.w.s	x0,f10	 f10:0x7f800000
     394065.000 ns	     39405	80007f50	036352b3	divu	x5,x6,x22	  x6:0xfffffbbe x22:0x80040fe4  x5=0x00000001
     394435.000 ns	     39442	80007f54	03c46433	rem	x8,x8,x28	  x8:0xffffff7f x28:0x00000001  x8=0x00000000
     394455.000 ns	     39444	80007f58	447b4b13	xori	x22,x22,1095	 x22:0x80040fe4 x22=0x80040ba3
     394475.000 ns	     39446	80007f5c	c0037ed3	fcvt.w.s	x29,f6	  f6:0x00000000 x29=0x00000000
     394495.000 ns	     39448	80007f60	401a59b3	sra	x19,x20,x1	 x20:0x80041024  x1:0x00000200 x19=0x80041024
     394515.000 ns	     39450	80007f64	a01da1d3	feq.s	x3,f27,f1	 f27:0x40041014  f1:0x00000000  x3=0x00000000
     394545.000 ns	     39453	80007f68	a0b10fd3	fle.s	x31,f2,f11	  f2:0x80000000 f11:0x80000000 x31=0x00000001
     394565.000 ns	     39455	80007f6c	21cc7f93	andi	x31,x24,540	 x24:0xfffffbbe x31=0x0000021c
     394585.000 ns	     39457	80007f70	d01170d3	fcvt.s.wu	f1,x2	  x2:0x00000001  f1=0x3f800000
     394615.000 ns	     39460	80007f74	29cd95d3	fmax.s	f11,f27,f28	 f27:0x40041014 f28:0x00000000 f11=0x40041014
     394645.000 ns	     39463	80007f78	f00e8bd3	fmv.w.x	f23,x29	 x29:0x00000000 f23=0x00000000
     394665.000 ns	     39465	80007f7c	c35f1097	auipc	x1,0xc35f1	  x1=0x435f8f7c
     394685.000 ns	     39467	80007f80	20c09053	fsgnjn.s	f0,f1,f12	  f1:0x3f800000 f12:0x44ab0000  f0=0xbf800000
     394715.000 ns	     39470	80007f84	c0167e53	fcvt.wu.s	x28,f12	 f12:0x44ab0000 x28=0x00000558
     394745.000 ns	     39473	80007f88	f0000053	fmv.w.x	f0,x0	  x0:0x00000000  f0=0x00000000
     394765.000 ns	     39475	80007f8c	00aa1093	slli	x1,x20,0xa	 x20:0x80041024  x1=0x10409000
     394785.000 ns	     39477	80007f90	a083aad3	feq.s	x21,f7,f8	  f7:0x80000000  f8:0x00000000 x21=0x00000001
     394815.000 ns	     39480	80007f94	e0011553	fclass.s	x10,f2	  f2:0x80000000 x10=0x00000008
     394845.000 ns	     39483	80007f98	a0d32653	feq.s	x12,f6,f13	  f6:0x00000000 f13:0x80000000 x12=0x00000001
     394885.000 ns	     39487	80007f9c	19227a53	fdiv.s	f20,f4,f18	  f4:0x00000000 f18:0x00000000 f20=0x7fc00000
     394905.000 ns	     39489	80007fa0	12eb8793	addi	x15,x23,302	 x23:0x7e2e7000 x15=0x7e2e712e
     394915.000 ns	     39490	80007fa4	00cf0b33	add	x22,x30,x12	 x30:0xd1454000 x12:0x00000001 x22=0xd1454001
     394925.000 ns	     39491	80007fa8	0075f0b3	and	x1,x11,x7	 x11:0x1f350758  x7:0x7ffbf146  x1=0x1f310140
     394945.000 ns	     39493	80007fac	025712b3	mulh	x5,x14,x5	 x14:0x72cb4a24  x5:0x00000001  x5=0x00000000
     394975.000 ns	     39496	80007fb0	02683633	mulhu	x12,x16,x6	 x16:0x80040fe4  x6:0xfffffbbe x12=0x80040dc2
     395345.000 ns	     39533	80007fb4	03416cb3	rem	x25,x2,x20	  x2:0x00000001 x20:0x80041024 x25=0x00000001
     395365.000 ns	     39535	80007fb8	a691a037	lui	x0,0xa691a	
     395375.000 ns	     39536	80007fbc	00310133	add	x2,x2,x3	  x2:0x00000001  x3:0x00000000  x2=0x00000001
     395395.000 ns	     39538	80007fc0	a04e09d3	fle.s	x19,f28,f4	 f28:0x00000000  f4:0x00000000 x19=0x00000001
     395415.000 ns	     39540	80007fc4	416ad693	srai	x13,x21,0x16	 x21:0x00000001 x13=0x00000000
     395775.000 ns	     39576	80007fc8	03c1d933	divu	x18,x3,x28	  x3:0x00000000 x28:0x00000558 x18=0x00000000
     395805.000 ns	     39579	80007fcc	a0ae90d3	flt.s	x1,f29,f10	 f29:0x42d40000 f10:0x7f800000  x1=0x00000001
     395835.000 ns	     39582	80007fd0	287a1853	fmax.s	f16,f20,f7	 f20:0x7fc00000  f7:0x80000000 f16=0x80000000
     395865.000 ns	     39585	80007fd4	28139cd3	fmax.s	f25,f7,f1	  f7:0x80000000  f1:0x3f800000 f25=0x3f800000
     395895.000 ns	     39588	80007fd8	024d3533	mulhu	x10,x26,x4	 x26:0x00000067  x4:0x00000001 x10=0x00000000
     395935.000 ns	     39592	80007fdc	10b82153	fmul.s	f2,f16,f11	 f16:0x80000000 f11:0x40041014  f2=0x80000000
     395955.000 ns	     39594	80007fe0	011cdf33	srl	x30,x25,x17	 x25:0x00000001 x17:0x00000000 x30=0x00000001
     395975.000 ns	     39596	80007fe4	02da6fb3	rem	x31,x20,x13	 x20:0x80041024 x13:0x00000000 x31=0x80041024
     396005.000 ns	     39599	80007fe8	e0071dd3	fclass.s	x27,f14	 f14:0x00000000 x27=0x00000010
     396025.000 ns	     39601	80007fec	014ce533	or	x10,x25,x20	 x25:0x00000001 x20:0x80041024 x10=0x80041025
     396045.000 ns	     39603	80007ff0	21740053	fsgnj.s	f0,f8,f23	  f8:0x00000000 f23:0x00000000  f0=0x00000000
     396085.000 ns	     39607	80007ff4	190df2d3	fdiv.s	f5,f27,f16	 f27:0x40041014 f16:0x80000000  f5=0xff800000
     396115.000 ns	     39610	80007ff8	202daad3	fsgnjx.s	f21,f27,f2	 f27:0x40041014  f2:0x80000000 f21=0xc0041014
     396145.000 ns	     39613	80007ffc	28f087d3	fmin.s	f15,f1,f15	  f1:0x3f800000 f15:0x80000000 f15=0x80000000
     396165.000 ns	     39615	80008000	00d8ce33	xor	x28,x17,x13	 x17:0x00000000 x13:0x00000000 x28=0x00000000
     396175.000 ns	     39616	80008004	00790cb3	add	x25,x18,x7	 x18:0x00000000  x7:0x7ffbf146 x25=0x7ffbf146
     396185.000 ns	     39617	80008008	6ad56b13	ori	x22,x10,1709	 x10:0x80041025 x22=0x800416ad
     396205.000 ns	     39619	8000800c	03c547b3	div	x15,x10,x28	 x10:0x80041025 x28:0x00000000 x15=0xffffffff
     396225.000 ns	     39621	80008010	416d5633	sra	x12,x26,x22	 x26:0x00000067 x22:0xd1454001 x12=0x00000000
     396245.000 ns	     39623	80008014	d015f9d3	fcvt.s.wu	f19,x11	 x11:0x1f350758 f19=0x4df9a83a
     396275.000 ns	     39626	80008018	201d11d3	fsgnjn.s	f3,f26,f1	 f26:0x00000000  f1:0x3f800000  f3=0x80000000
     396305.000 ns	     39629	8000801c	c01024d3	fcvt.wu.s	x9,f0	  f0:0x00000000  x9=0x00000000
     396335.000 ns	     39632	80008020	d010fd53	fcvt.s.wu	f26,x1	  x1:0x00000001 f26=0x3f800000
     396355.000 ns	     39634	80008024	401c5933	sra	x18,x24,x1	 x24:0xfffffbbe  x1:0x00000001 x18=0xfffffddf
     396365.000 ns	     39635	80008028	00219f13	slli	x30,x3,0x2	  x3:0x00000000 x30=0x00000000
     396375.000 ns	     39636	8000802c	a552c193	xori	x3,x5,-1451	  x5:0x00000000  x3=0xfffffa55
     396385.000 ns	     39637	80008030	0141d533	srl	x10,x3,x20	  x3:0x00000000 x20:0x80041024 x10=0x0fffffa5
     396405.000 ns	     39639	80008034	2133a0d3	fsgnjx.s	f1,f7,f19	  f7:0x80000000 f19:0x4df9a83a  f1=0x80000000
     396775.000 ns	     39676	80008038	037870b3	remu	x1,x16,x23	 x16:0x80040fe4 x23:0x7e2e7000  x1=0x01d59fe4
     397955.000 ns	     39794	8000803c	580d71d3	fsqrt.s	f3,f26	 f26:0x3f800000  f3=0x3f7fffae
     398325.000 ns	     39831	80008040	02f6c633	div	x12,x13,x15	 x13:0x00000000 x15:0xffffffff x12=0x00000000
     398355.000 ns	     39834	80008044	297f9453	fmax.s	f8,f31,f23	 f31:0x9f350489 f23:0x00000000  f8=0x00000000
     398375.000 ns	     39836	80008048	3c637d97	auipc	x27,0x3c637	 x27=0xbc63f048
     398395.000 ns	     39838	8000804c	28b98653	fmin.s	f12,f19,f11	 f19:0x4df9a83a f11:0x40041014 f12=0x40041014
     398435.000 ns	     39842	80008050	58027ed3	fsqrt.s	f29,f4	  f4:0x00000000 f29=0x00000000
     398455.000 ns	     39844	80008054	10564613	xori	x12,x12,261	 x12:0x00000000 x12=0x00000105
     398475.000 ns	     39846	80008058	02ef0fb3	mul	x31,x30,x14	 x30:0x00000000 x14:0x72cb4a24 x31=0x00000000
     398525.000 ns	     39851	8000805c	002326d3	fadd.s	f13,f6,f2	  f6:0x00000000  f2:0x80000000 f13=0x80000000
     398555.000 ns	     39854	80008060	033b80b3	mul	x1,x23,x19	 x23:0x7e2e7000 x19:0x00000001  x1=0x7e2e7000
     398575.000 ns	     39856	80008064	01f3d213	srli	x4,x7,0x1f	  x7:0x7ffbf146  x4=0x00000000
     398585.000 ns	     39857	80008068	bf91ce93	xori	x29,x3,-1031	  x3:0xfffffa55 x29=0x000001ac
     398605.000 ns	     39859	8000806c	e0040fd3	fmv.x.w	x31,f8	  f8:0x00000000 x31=0x00000000
     398635.000 ns	     39862	80008070	a16717d3	flt.s	x15,f14,f22	 f14:0x00000000 f22:0x80000000 x15=0x00000000
     398665.000 ns	     39865	80008074	a0102553	feq.s	x10,f0,f1	  f0:0x00000000  f1:0x80000000 x10=0x00000001
     398695.000 ns	     39868	80008078	03e938b3	mulhu	x17,x18,x30	 x18:0xfffffddf x30:0x00000000 x17=0x00000000
     398715.000 ns	     39870	8000807c	01fdf4b3	and	x9,x27,x31	 x27:0xbc63f048 x31:0x00000000  x9=0x00000000
     398725.000 ns	     39871	80008080	01f1bdb3	sltu	x27,x3,x31	  x3:0xfffffa55 x31:0x00000000 x27=0x00000000
     398735.000 ns	     39872	80008084	00262033	slt	x0,x12,x2	 x12:0x00000105  x2:0x00000001
     398755.000 ns	     39874	80008088	295486d3	fmin.s	f13,f9,f21	  f9:0x0000006a f21:0xc0041014 f13=0xc0041014
     398785.000 ns	     39877	8000808c	a0f52253	feq.s	x4,f10,f15	 f10:0x7f800000 f15:0x80000000  x4=0x00000000
     398805.000 ns	     39879	80008090	413c89b3	sub	x19,x25,x19	 x25:0x7ffbf146 x19:0x00000001 x19=0x7ffbf145
     398825.000 ns	     39881	80008094	20529453	fsgnjn.s	f8,f5,f5	  f5:0xff800000  f5:0xff800000  f8=0x7f800000
     398875.000 ns	     39886	80008098	08359dd3	fsub.s	f27,f11,f3	 f11:0x40041014  f3:0x3f7fffae f27=0x3f882050
     398905.000 ns	     39889	8000809c	a05a9ad3	flt.s	x21,f21,f5	 f21:0xc0041014  f5:0xff800000 x21=0x00000000
     398925.000 ns	     39891	800080a0	019ede93	srli	x29,x29,0x19	 x29:0x000001ac x29=0x00000000
     398945.000 ns	     39893	800080a4	0309ab33	mulhsu	x22,x19,x16	 x19:0x7ffbf145 x16:0x80040fe4 x22=0x40000084
     398975.000 ns	     39896	800080a8	d01cf653	fcvt.s.wu	f12,x25	 x25:0x7ffbf146 f12=0x4efff7e2
     399005.000 ns	     39899	800080ac	0333b233	mulhu	x4,x7,x19	  x7:0x7ffbf146 x19:0x7ffbf145  x4=0x3ffbf155
     399025.000 ns	     39901	800080b0	26c3a513	slti	x10,x7,620	  x7:0x7ffbf146 x10=0x00000000
     399045.000 ns	     39903	800080b4	027f87b3	mul	x15,x31,x7	 x31:0x00000000  x7:0x7ffbf146 x15=0x00000000
     399075.000 ns	     39906	800080b8	d0038653	fcvt.s.w	f12,x7	  x7:0x7ffbf146 f12=0x4efff7e2
     399125.000 ns	     39911	800080bc	009001d3	fadd.s	f3,f0,f9	  f0:0x00000000  f9:0x0000006a  f3=0x0000006a
     399155.000 ns	     39914	800080c0	e0040ad3	fmv.x.w	x21,f8	  f8:0x7f800000 x21=0x7f800000
     399175.000 ns	     39916	800080c4	01f05d13	srli	x26,x0,0x1f	  x0:0x00000000 x26=0x00000000
     399185.000 ns	     39917	800080c8	011c1c93	slli	x25,x24,0x11	 x24:0xfffffbbe x25=0xf77c0000
     399205.000 ns	     39919	800080cc	c01ea2d3	fcvt.wu.s	x5,f29	 f29:0x00000000  x5=0x00000000
     399575.000 ns	     39956	800080d0	037e59b3	divu	x19,x28,x23	 x28:0x00000000 x23:0x7e2e7000 x19=0x00000000
     399625.000 ns	     39961	800080d4	0853cdd3	fsub.s	f27,f7,f5	  f7:0x80000000  f5:0xff800000 f27=0x7f800000
     399655.000 ns	     39964	800080d8	20da2753	fsgnjx.s	f14,f20,f13	 f20:0x7fc00000 f13:0xc0041014 f14=0xffc00000
     399695.000 ns	     39968	800080dc	10bb94d3	fmul.s	f9,f23,f11	 f23:0x00000000 f11:0x40041014  f9=0x00000000
     399725.000 ns	     39971	800080e0	031190b3	mulh	x1,x3,x17	  x3:0xfffffa55 x17:0x00000000  x1=0x00000000
     399745.000 ns	     39973	800080e4	018be5b3	or	x11,x23,x24	 x23:0x7e2e7000 x24:0xfffffbbe x11=0xfffffbbe
     400105.000 ns	     40009	800080e8	038ec633	div	x12,x29,x24	 x29:0x00000000 x24:0xfffffbbe x12=0x00000000
     400135.000 ns	     40012	800080ec	031b02b3	mul	x5,x22,x17	 x22:0x40000084 x17:0x00000000  x5=0x00000000
     400175.000 ns	     40016	800080f0	11ff8553	fmul.s	f10,f31,f31	 f31:0x9f350489 f31:0x9f350489 f10=0x7efffed4
     400225.000 ns	     40021	800080f4	005573d3	fadd.s	f7,f10,f5	 f10:0x7f800000  f5:0xff800000  f7=0xff800000
     400255.000 ns	     40024	800080f8	216fa1d3	fsgnjx.s	f3,f31,f22	 f31:0x9f350489 f22:0x80000000  f3=0x1f350489
     400275.000 ns	     40026	800080fc	009ee9b3	or	x19,x29,x9	 x29:0x00000000  x9:0x00000000 x19=0x00000000
     400295.000 ns	     40028	80008100	c00d20d3	fcvt.w.s	x1,f26	 f26:0x3f800000  x1=0x00000001
     400315.000 ns	     40030	80008104	4024df33	sra	x30,x9,x2	  x9:0x00000000  x2:0x00000001 x30=0x00000000
     400335.000 ns	     40032	80008108	c01d1453	fcvt.wu.s	x8,f26	 f26:0x3f800000  x8=0x00000001
     400365.000 ns	     40035	8000810c	a16f19d3	flt.s	x19,f30,f22	 f30:0xfffffbbe f22:0x80000000 x19=0x00000000
     400395.000 ns	     40038	80008110	29af0153	fmin.s	f2,f30,f26	 f30:0xfffffbbe f26:0x3f800000  f2=0x3f800000
     400435.000 ns	     40042	80008114	18517bd3	fdiv.s	f23,f2,f5	  f2:0x80000000  f5:0xff800000 f23=0x80000000
     400465.000 ns	     40045	80008118	a014a153	feq.s	x2,f9,f1	  f9:0x00000000  f1:0x80000000  x2=0x00000001
     400485.000 ns	     40047	8000811c	40795b13	srai	x22,x18,0x7	 x18:0xfffffddf x22=0xfffffffb
     400495.000 ns	     40048	80008120	40c95933	sra	x18,x18,x12	 x18:0xfffffddf x12:0x00000000 x18=0xfffffddf
     400515.000 ns	     40050	80008124	0227bc33	mulhu	x24,x15,x2	 x15:0x00000000  x2:0x00000001 x24=0x00000000
     400545.000 ns	     40053	80008128	20bb1dd3	fsgnjn.s	f27,f22,f11	 f22:0x80000000 f11:0x40041014 f27=0x80000000
     400915.000 ns	     40090	8000812c	0326f6b3	remu	x13,x13,x18	 x13:0x00000000 x18:0xfffffddf x13=0x00000000
     400935.000 ns	     40092	80008130	76524b93	xori	x23,x4,1893	  x4:0x3ffbf155 x23=0x3ffbf630
     400945.000 ns	     40093	80008134	01401633	sll	x12,x0,x20	  x0:0x00000000 x20:0x80041024 x12=0x00000000
     401305.000 ns	     40129	80008138	024f64b3	rem	x9,x30,x4	 x30:0x00000000  x4:0x3ffbf155  x9=0x00000000
     401335.000 ns	     40132	8000813c	026580b3	mul	x1,x11,x6	 x11:0xfffffbbe  x6:0xfffffbbe  x1=0x00122104
     401355.000 ns	     40134	80008140	005cac33	slt	x24,x25,x5	 x25:0xf77c0000  x5:0x00000000 x24=0x00000001
     401365.000 ns	     40135	80008144	f5f3fd93	andi	x27,x7,-161	  x7:0x7ffbf146 x27=0x7ffbf146
     401375.000 ns	     40136	80008148	0027bd33	sltu	x26,x15,x2	 x15:0x00000000  x2:0x00000001 x26=0x00000001
     401395.000 ns	     40138	8000814c	29568f53	fmin.s	f30,f13,f21	 f13:0xc0041014 f21:0xc0041014 f30=0xc0041014
     401415.000 ns	     40140	80008150	41c25533	sra	x10,x4,x28	  x4:0x3ffbf155 x28:0x00000000 x10=0x3ffbf155
     401425.000 ns	     40141	80008154	40758333	sub	x6,x11,x7	 x11:0xfffffbbe  x7:0x7ffbf146  x6=0x80040a78
     401445.000 ns	     40143	80008158	20168353	fsgnj.s	f6,f13,f1	 f13:0xc0041014  f1:0x80000000  f6=0xc0041014
     401465.000 ns	     40145	8000815c	5fb8a013	slti	x0,x17,1531	 x17:0x00000000
     401475.000 ns	     40146	80008160	40688ab3	sub	x21,x17,x6	 x17:0x00000000  x6:0x80040a78 x21=0x7ffbf588
     401485.000 ns	     40147	80008164	712e2413	slti	x8,x28,1810	 x28:0x00000000  x8=0x00000001
     401495.000 ns	     40148	80008168	00d6f633	and	x12,x13,x13	 x13:0x00000000 x13:0x00000000 x12=0x00000000
     401535.000 ns	     40152	8000816c	08797c53	fsub.s	f24,f18,f7	 f18:0x00000000  f7:0xff800000 f24=0x7f800000
     401565.000 ns	     40155	80008170	217f9053	fsgnjn.s	f0,f31,f23	 f31:0x9f350489 f23:0x80000000  f0=0x1f350489
     401595.000 ns	     40158	80008174	d0064853	fcvt.s.w	f16,x12	 x12:0x00000000 f16=0x00000000
     401625.000 ns	     40161	80008178	e0041553	fclass.s	x10,f8	  f8:0x7f800000 x10=0x00000080
     401995.000 ns	     40198	8000817c	022dfb33	remu	x22,x27,x2	 x27:0x7ffbf146  x2:0x00000001 x22=0x00000000
     402025.000 ns	     40201	80008180	02c6c133	div	x2,x13,x12	 x13:0x00000000 x12:0x00000000  x2=0xffffffff
     402055.000 ns	     40204	80008184	f00f0c53	fmv.w.x	f24,x30	 x30:0x00000000 f24=0x00000000
     402085.000 ns	     40207	80008188	a1b69953	flt.s	x18,f13,f27	 f13:0xc0041014 f27:0x80000000 x18=0x00000001
     402115.000 ns	     40210	8000818c	e00b80d3	fmv.x.w	x1,f23	 f23:0x80000000  x1=0x80000000
     402145.000 ns	     40213	80008190	a05a0e53	fle.s	x28,f20,f5	 f20:0x7fc00000  f5:0xff800000 x28=0x00000000
     402165.000 ns	     40215	80008194	5a2b4113	xori	x2,x22,1442	 x22:0x00000000  x2=0x000005a2
     402175.000 ns	     40216	80008198	0158af33	slt	x30,x17,x21	 x17:0x00000000 x21:0x7ffbf588 x30=0x00000001
     402185.000 ns	     40217	8000819c	612ae293	ori	x5,x21,1554	 x21:0x7ffbf588  x5=0x7ffbf79a
     402195.000 ns	     40218	800081a0	01cfc7b3	xor	x15,x31,x28	 x31:0x00000000 x28:0x00000000 x15=0x00000000
     402205.000 ns	     40219	800081a4	a6e17913	andi	x18,x2,-1426	  x2:0x000005a2 x18=0x00000022
     402235.000 ns	     40222	800081a8	580dc2d3	fsqrt.s	f5,f27	 f27:0x80000000  f5=0x80000000
     402265.000 ns	     40225	800081ac	02e3be33	mulhu	x28,x7,x14	  x7:0x7ffbf146 x14:0x72cb4a24 x28=0x3963d34a
     402295.000 ns	     40228	800081b0	c014a953	fcvt.wu.s	x18,f9	  f9:0x00000000 x18=0x00000000
     402335.000 ns	     40232	800081b4	18ecfbd3	fdiv.s	f23,f25,f14	 f25:0x3f800000 f14:0xffc00000 f23=0x7fc00000
     402365.000 ns	     40235	800081b8	a0009153	flt.s	x2,f1,f0	  f1:0x80000000  f0:0x1f350489  x2=0x00000001
     402395.000 ns	     40238	800081bc	e00d8fd3	fmv.x.w	x31,f27	 f27:0x80000000 x31=0x80000000
     402425.000 ns	     40241	800081c0	a1c907d3	fle.s	x15,f18,f28	 f18:0x00000000 f28:0x00000000 x15=0x00000001
     402455.000 ns	     40244	800081c4	a0650b53	fle.s	x22,f10,f6	 f10:0x7efffed4  f6:0xc0041014 x22=0x00000000
     402475.000 ns	     40246	800081c8	4119d693	srai	x13,x19,0x11	 x19:0x00000000 x13=0x00000000
     402485.000 ns	     40247	800081cc	db1f0a93	addi	x21,x30,-591	 x30:0x00000001 x21=0xfffffdb2
     402495.000 ns	     40248	800081d0	00db1993	slli	x19,x22,0xd	 x22:0x00000000 x19=0x00000000
     402505.000 ns	     40249	800081d4	013a8ab3	add	x21,x21,x19	 x21:0x7ffbf588 x19:0x00000000 x21=0xfffffdb2
     402515.000 ns	     40250	800081d8	40b15333	sra	x6,x2,x11	  x2:0x00000001 x11:0xfffffbbe  x6=0x00000000
     402875.000 ns	     40286	800081dc	03e6e8b3	rem	x17,x13,x30	 x13:0x00000000 x30:0x00000001 x17=0x00000000
     402905.000 ns	     40289	800081e0	e00786d3	fmv.x.w	x13,f15	 f15:0x80000000 x13=0x80000000
     403275.000 ns	     40326	800081e4	02d75e33	divu	x28,x14,x13	 x14:0x72cb4a24 x13:0x00000000 x28=0x00000000
     403305.000 ns	     40329	800081e8	0288a6b3	mulhsu	x13,x17,x8	 x17:0x00000000  x8:0x00000001 x13=0x00000000
     403335.000 ns	     40332	800081ec	f00303d3	fmv.w.x	f7,x6	  x6:0x00000000  f7=0x00000000
     403355.000 ns	     40334	800081f0	0063d193	srli	x3,x7,0x6	  x7:0x7ffbf146  x3=0x01ffefc5
     403385.000 ns	     40337	800081f4	10cbf5d3	fmul.s	f11,f23,f12	 f23:0x7fc00000 f12:0x4efff7e2 f11=0x7fc00000
     403405.000 ns	     40339	800081f8	01304633	xor	x12,x0,x19	  x0:0x00000000 x19:0x00000000 x12=0x00000000
     403765.000 ns	     40375	800081fc	03a853b3	divu	x7,x16,x26	 x16:0x80040fe4 x26:0x00000001  x7=0x80040fe4
     403795.000 ns	     40378	80008200	21e18053	fsgnj.s	f0,f3,f30	  f3:0x1f350489 f30:0xc0041014  f0=0x9f350489
     403825.000 ns	     40381	80008204	e00e1353	fclass.s	x6,f28	 f28:0x00000000  x6=0x00000010
     403845.000 ns	     40383	80008208	3e660013	addi	x0,x12,998	 x12:0x00000000
     403865.000 ns	     40385	8000820c	281a86d3	fmin.s	f13,f21,f1	 f21:0xc0041014  f1:0x80000000 f13=0xc0041014
     403895.000 ns	     40388	80008210	a12f2153	feq.s	x2,f30,f18	 f30:0xc0041014 f18:0x00000000  x2=0x00000000
     403945.000 ns	     40393	80008214	09c11fd3	fsub.s	f31,f2,f28	  f2:0x3f800000 f28:0x00000000 f31=0x3f800000
     403965.000 ns	     40395	80008218	2e8bc693	xori	x13,x23,744	 x23:0x3ffbf630 x13=0x3ffbf4d8
     403985.000 ns	     40397	8000821c	e00911d3	fclass.s	x3,f18	 f18:0x00000000  x3=0x00000010
     404015.000 ns	     40400	80008220	c01648d3	fcvt.wu.s	x17,f12	 f12:0x4efff7e2 x17=0x7ffbf100
     404035.000 ns	     40402	80008224	1c9ab593	sltiu	x11,x21,457	 x21:0xfffffdb2 x11=0x00000000
     404045.000 ns	     40403	80008228	010f7933	and	x18,x30,x16	 x30:0x00000001 x16:0x80040fe4 x18=0x00000000
     404065.000 ns	     40405	8000822c	03849b33	mulh	x22,x9,x24	  x9:0x00000000 x24:0x00000001 x22=0x00000000
     404095.000 ns	     40408	80008230	03bfb433	mulhu	x8,x31,x27	 x31:0x80000000 x27:0x7ffbf146  x8=0x3ffdf8a3
     404145.000 ns	     40413	80008234	00562153	fadd.s	f2,f12,f5	 f12:0x4efff7e2  f5:0x80000000  f2=0x4efff7e2
     404515.000 ns	     40450	80008238	02aedb33	divu	x22,x29,x10	 x29:0x00000000 x10:0x00000080 x22=0x00000000
     404535.000 ns	     40452	8000823c	40c20ab3	sub	x21,x4,x12	  x4:0x3ffbf155 x12:0x00000000 x21=0x3ffbf155
     404555.000 ns	     40454	80008240	d014c8d3	fcvt.s.wu	f17,x9	  x9:0x00000000 f17=0x00000000
     404595.000 ns	     40458	80008244	10dc43d3	fmul.s	f7,f24,f13	 f24:0x00000000 f13:0xc0041014  f7=0x80000000
     404625.000 ns	     40461	80008248	292e92d3	fmax.s	f5,f29,f18	 f29:0x00000000 f18:0x00000000  f5=0x00000000
     404655.000 ns	     40464	8000824c	02be9f33	mulh	x30,x29,x11	 x29:0x00000000 x11:0x00000000 x30=0x00000000
     404675.000 ns	     40466	80008250	0154c3b3	xor	x7,x9,x21	  x9:0x00000000 x21:0x3ffbf155  x7=0x3ffbf155
     404695.000 ns	     40468	80008254	c0042953	fcvt.w.s	x18,f8	  f8:0x7f800000 x18=0x7fffffff
     404715.000 ns	     40470	80008258	3ddab093	sltiu	x1,x21,989	 x21:0x3ffbf155  x1=0x00000000
     404735.000 ns	     40472	8000825c	a1828353	fle.s	x6,f5,f24	  f5:0x00000000 f24:0x00000000  x6=0x00000001
     404765.000 ns	     40475	80008260	a14d0353	fle.s	x6,f26,f20	 f26:0x3f800000 f20:0x7fc00000  x6=0x00000000
     404785.000 ns	     40477	80008264	005806b3	add	x13,x16,x5	 x16:0x80040fe4  x5:0x7ffbf79a x13=0x0000077e
     404795.000 ns	     40478	80008268	00965993	srli	x19,x12,0x9	 x12:0x00000000 x19=0x00000000
     404815.000 ns	     40480	8000826c	a01780d3	fle.s	x1,f15,f1	 f15:0x80000000  f1:0x80000000  x1=0x00000001
     404835.000 ns	     40482	80008270	018d5d13	srli	x26,x26,0x18	 x26:0x00000001 x26=0x00000000
     404855.000 ns	     40484	80008274	c01776d3	fcvt.wu.s	x13,f14	 f14:0xffc00000 x13=0xffffffff
     404875.000 ns	     40486	80008278	00000013	addi	x0,x0,0	  x0:0x00000000
     404885.000 ns	     40487	8000827c	08792997	auipc	x19,0x8792	 x19=0x8879a27c
     404895.000 ns	     40488	80008280	106cb913	sltiu	x18,x25,262	 x25:0xf77c0000 x18=0x00000000
     404915.000 ns	     40490	80008284	02028633	mul	x12,x5,x0	  x5:0x7ffbf79a  x0:0x00000000 x12=0x00000000
     404935.000 ns	     40492	80008288	01dc7eb3	and	x29,x24,x29	 x24:0x00000001 x29:0x00000000 x29=0x00000000
     404945.000 ns	     40493	8000828c	0120d613	srli	x12,x1,0x12	  x1:0x00000001 x12=0x00000000
     404965.000 ns	     40495	80008290	a1e410d3	flt.s	x1,f8,f30	  f8:0x7f800000 f30:0xc0041014  x1=0x00000000
     404995.000 ns	     40498	80008294	c0169ad3	fcvt.wu.s	x21,f13	 f13:0xc0041014 x21=0x00000002
     405025.000 ns	     40501	80008298	039d33b3	mulhu	x7,x26,x25	 x26:0x00000000 x25:0xf77c0000  x7=0x00000000
     405045.000 ns	     40503	8000829c	0060da93	srli	x21,x1,0x6	  x1:0x00000000 x21=0x00000000
     405055.000 ns	     40504	800082a0	01df1433	sll	x8,x30,x29	 x30:0x00000000 x29:0x00000000  x8=0x00000000
     405065.000 ns	     40505	800082a4	c1e3a797	auipc	x15,0xc1e3a	 x15=0x41e422a4
     405075.000 ns	     40506	800082a8	468e7593	andi	x11,x28,1128	 x28:0x00000000 x11=0x00000000
     405085.000 ns	     40507	800082ac	01851193	slli	x3,x10,0x18	 x10:0x00000080  x3=0x80000000
     405105.000 ns	     40509	800082b0	e0049053	fclass.s	x0,f9	  f9:0x00000000
     405125.000 ns	     40511	800082b4	01f39893	slli	x17,x7,0x1f	  x7:0x00000000 x17=0x00000000
     405145.000 ns	     40513	800082b8	c0069e53	fcvt.w.s	x28,f13	 f13:0xc0041014 x28=0xfffffffe
     405175.000 ns	     40516	800082bc	024a3db3	mulhu	x27,x20,x4	 x20:0x80041024  x4:0x3ffbf155 x27=0x1ffefca3
     405195.000 ns	     40518	800082c0	00dc1fb3	sll	x31,x24,x13	 x24:0x00000001 x13:0xffffffff x31=0x80000000
     405205.000 ns	     40519	800082c4	67123c13	sltiu	x24,x4,1649	  x4:0x3ffbf155 x24=0x00000000
     405215.000 ns	     40520	800082c8	41c25113	srai	x2,x4,0x1c	  x4:0x3ffbf155  x2=0x00000003
     405225.000 ns	     40521	800082cc	4ee16193	ori	x3,x2,1262	  x2:0x00000000  x3=0x000004ef
     405235.000 ns	     40522	800082d0	414e5db3	sra	x27,x28,x20	 x28:0xfffffffe x20:0x80041024 x27=0xffffffff
     405245.000 ns	     40523	800082d4	01ff1533	sll	x10,x30,x31	 x30:0x00000000 x31:0x80000000 x10=0x00000000
     405265.000 ns	     40525	800082d8	29108c53	fmin.s	f24,f1,f17	  f1:0x80000000 f17:0x00000000 f24=0x80000000
     405315.000 ns	     40530	800082dc	004c7ad3	fadd.s	f21,f24,f4	 f24:0x00000000  f4:0x00000000 f21=0x00000000
     405685.000 ns	     40567	800082e0	0252e233	rem	x4,x5,x5	  x5:0x7ffbf79a  x5:0x7ffbf79a  x4=0x00000000
     405715.000 ns	     40570	800082e4	028e1eb3	mulh	x29,x28,x8	 x28:0xfffffffe  x8:0x00000000 x29=0x00000000
     405755.000 ns	     40574	800082e8	196efa53	fdiv.s	f20,f29,f22	 f29:0x00000000 f22:0x80000000 f20=0x7fc00000
     406125.000 ns	     40611	800082ec	02e25533	divu	x10,x4,x14	  x4:0x00000000 x14:0x72cb4a24 x10=0x00000000
     406155.000 ns	     40614	800082f0	02c0d633	divu	x12,x1,x12	  x1:0x00000000 x12:0x00000000 x12=0xffffffff
     406185.000 ns	     40617	800082f4	e00c1cd3	fclass.s	x25,f24	 f24:0x80000000 x25=0x00000008
     406215.000 ns	     40620	800082f8	030186b3	mul	x13,x3,x16	  x3:0x000004ef x16:0x80040fe4 x13=0x940a65dc
     406245.000 ns	     40623	800082fc	29ba0a53	fmin.s	f20,f20,f27	 f20:0x7fc00000 f27:0x80000000 f20=0x80000000
     406265.000 ns	     40625	80008300	0c847593	andi	x11,x8,200	  x8:0x00000000 x11=0x00000000
     406275.000 ns	     40626	80008304	6d28fe93	andi	x29,x17,1746	 x17:0x00000000 x29=0x00000000
     406285.000 ns	     40627	80008308	01107f33	and	x30,x0,x17	  x0:0x00000000 x17:0x00000000 x30=0x00000000
     406295.000 ns	     40628	8000830c	0018ceb3	xor	x29,x17,x1	 x17:0x00000000  x1:0x00000000 x29=0x00000000
     406305.000 ns	     40629	80008310	013ce2b3	or	x5,x25,x19	 x25:0x00000008 x19:0x8879a27c  x5=0x8879a27c
     406315.000 ns	     40630	80008314	4077d113	srai	x2,x15,0x7	 x15:0x41e422a4  x2=0x0083c845
     406335.000 ns	     40632	80008318	e0039f53	fclass.s	x30,f7	  f7:0x80000000 x30=0x00000008
     406355.000 ns	     40634	8000831c	01294cb3	xor	x25,x18,x18	 x18:0x00000000 x18:0x00000000 x25=0x00000000
     406365.000 ns	     40635	80008320	004f43b3	xor	x7,x30,x4	 x30:0x00000008  x4:0x00000000  x7=0x00000008
     406385.000 ns	     40637	80008324	284b9ed3	fmax.s	f29,f23,f4	 f23:0x7fc00000  f4:0x00000000 f29=0x00000000
     406415.000 ns	     40640	80008328	c014ffd3	fcvt.wu.s	x31,f9	  f9:0x00000000 x31=0x00000000
     406445.000 ns	     40643	8000832c	a18c12d3	flt.s	x5,f24,f24	 f24:0x80000000 f24:0x80000000  x5=0x00000000
     406465.000 ns	     40645	80008330	412a03b3	sub	x7,x20,x18	 x20:0x80041024 x18:0x00000000  x7=0x80041024
     406475.000 ns	     40646	80008334	017c1613	slli	x12,x24,0x17	 x24:0x00000000 x12=0x00000000
     406495.000 ns	     40648	80008338	c01693d3	fcvt.wu.s	x7,f13	 f13:0xc0041014  x7=0x00000002
     406515.000 ns	     40650	8000833c	018c4e33	xor	x28,x24,x24	 x24:0x00000000 x24:0x00000000 x28=0x00000000
     406525.000 ns	     40651	80008340	a6bca993	slti	x19,x25,-1429	 x25:0x00000000 x19=0x00000000
     406545.000 ns	     40653	80008344	297b1953	fmax.s	f18,f22,f23	 f22:0x80000000 f23:0x7fc00000 f18=0x80000000
     406565.000 ns	     40655	80008348	ab4d3c13	sltiu	x24,x26,-1356	 x26:0x00000000 x24=0x00000001
     406585.000 ns	     40657	8000834c	f00085d3	fmv.w.x	f11,x1	  x1:0x00000000 f11=0x00000000
     406605.000 ns	     40659	80008350	f12b7913	andi	x18,x22,-238	 x22:0x00000000 x18=0x00000000
     406625.000 ns	     40661	80008354	283b9b53	fmax.s	f22,f23,f3	 f23:0x7fc00000  f3:0x1f350489 f22=0x1f350489
     406655.000 ns	     40664	80008358	20151d53	fsgnjn.s	f26,f10,f1	 f10:0x7efffed4  f1:0x80000000 f26=0x7efffed4
     406675.000 ns	     40666	8000835c	00000013	addi	x0,x0,0	  x0:0x00000000
     406695.000 ns	     40668	80008360	02c530b3	mulhu	x1,x10,x12	 x10:0x00000000 x12:0x00000000  x1=0x00000000
     406715.000 ns	     40670	80008364	8f323b93	sltiu	x23,x4,-1805	  x4:0x00000000 x23=0x00000001
     406725.000 ns	     40671	80008368	41b10533	sub	x10,x2,x27	  x2:0x0083c845 x27:0xffffffff x10=0x0083c846
     406735.000 ns	     40672	8000836c	00794433	xor	x8,x18,x7	 x18:0x00000000  x7:0x00000002  x8=0x00000002
     406745.000 ns	     40673	80008370	01914637	lui	x12,0x1914	 x12=0x01914000
     406765.000 ns	     40675	80008374	03da0eb3	mul	x29,x20,x29	 x20:0x80041024 x29:0x00000000 x29=0x00000000
     406785.000 ns	     40677	80008378	01f0dc93	srli	x25,x1,0x1f	  x1:0x00000000 x25=0x00000000
     406825.000 ns	     40681	8000837c	00fc1fd3	fadd.s	f31,f24,f15	 f24:0x80000000 f15:0x80000000 f31=0x80000000
     406865.000 ns	     40685	80008380	18feac53	fdiv.s	f24,f29,f15	 f29:0x00000000 f15:0x80000000 f24=0x7fc00000
     406885.000 ns	     40687	80008384	b0df1037	lui	x0,0xb0df1	
     406895.000 ns	     40688	80008388	003bf7b3	and	x15,x23,x3	 x23:0x00000001  x3:0x000004ef x15=0x00000001
     407255.000 ns	     40724	8000838c	037046b3	div	x13,x0,x23	  x0:0x00000000 x23:0x00000001 x13=0x00000000
     407285.000 ns	     40727	80008390	c01983d3	fcvt.wu.s	x7,f19	 f19:0x4df9a83a  x7=0x1f350740
     407315.000 ns	     40730	80008394	e0001f53	fclass.s	x30,f0	  f0:0x9f350489 x30=0x00000002
     407335.000 ns	     40732	80008398	00261e33	sll	x28,x12,x2	 x12:0x01914000  x2:0x0083c845 x28=0x32280000
     407355.000 ns	     40734	8000839c	216298d3	fsgnjn.s	f17,f5,f22	  f5:0x00000000 f22:0x1f350489 f17=0x80000000
     407385.000 ns	     40737	800083a0	02998933	mul	x18,x19,x9	 x19:0x00000000  x9:0x00000000 x18=0x00000000
     407415.000 ns	     40740	800083a4	0316c633	div	x12,x13,x17	 x13:0x00000000 x17:0x00000000 x12=0xffffffff
     407445.000 ns	     40743	800083a8	02ba51b3	divu	x3,x20,x11	 x20:0x80041024 x11:0x00000000  x3=0xffffffff
     407485.000 ns	     40747	800083ac	10bf7fd3	fmul.s	f31,f30,f11	 f30:0xc0041014 f11:0x00000000 f31=0x80000000
     407505.000 ns	     40749	800083b0	acdcc013	xori	x0,x25,-1331	 x25:0x00000000
     407515.000 ns	     40750	800083b4	4051de13	srai	x28,x3,0x5	  x3:0xffffffff x28=0xffffffff
     407875.000 ns	     40786	800083b8	02efe433	rem	x8,x31,x14	 x31:0x00000000 x14:0x72cb4a24  x8=0x00000000
     407895.000 ns	     40788	800083bc	f70dbb13	sltiu	x22,x27,-144	 x27:0xffffffff x22=0x00000000
     407915.000 ns	     40790	800083c0	28c58f53	fmin.s	f30,f11,f12	 f11:0x00000000 f12:0x4efff7e2 f30=0x00000000
     407945.000 ns	     40793	800083c4	025f16b3	mulh	x13,x30,x5	 x30:0x00000002  x5:0x00000000 x13=0x00000000
     407965.000 ns	     40795	800083c8	009fb033	sltu	x0,x31,x9	 x31:0x00000000  x9:0x00000000
     407985.000 ns	     40797	800083cc	03408633	mul	x12,x1,x20	  x1:0x00000000 x20:0x80041024 x12=0x00000000
     408005.000 ns	     40799	800083d0	76dcc393	xori	x7,x25,1901	 x25:0x00000000  x7=0x0000076d
     408015.000 ns	     40800	800083d4	40940d33	sub	x26,x8,x9	  x8:0x00000000  x9:0x00000000 x26=0x00000000
     408035.000 ns	     40802	800083d8	e00416d3	fclass.s	x13,f8	  f8:0x7f800000 x13=0x00000080
     408055.000 ns	     40804	800083dc	e21c7393	andi	x7,x24,-479	 x24:0x00000001  x7=0x00000001
     408065.000 ns	     40805	800083e0	36833013	sltiu	x0,x6,872	  x6:0x00000000
     408075.000 ns	     40806	800083e4	bfce0e93	addi	x29,x28,-1028	 x28:0xffffffff x29=0xfffffbfb
     408095.000 ns	     40808	800083e8	298c98d3	fmax.s	f17,f25,f24	 f25:0x3f800000 f24:0x7fc00000 f17=0x3f800000
     408125.000 ns	     40811	800083ec	a0b40053	fle.s	x0,f8,f11	  f8:0x7f800000 f11:0x00000000
     408155.000 ns	     40814	800083f0	a0a195d3	flt.s	x11,f3,f10	  f3:0x1f350489 f10:0x7efffed4 x11=0x00000001
     408175.000 ns	     40816	800083f4	01479e33	sll	x28,x15,x20	 x15:0x00000001 x20:0x80041024 x28=0x00000010
     408185.000 ns	     40817	800083f8	f810e417	auipc	x8,0xf810e	  x8=0x781163f8
     408215.000 ns	     40820	800083fc	197bc153	fdiv.s	f2,f23,f23	 f23:0x7fc00000 f23:0x7fc00000  f2=0x7fc00000
     408245.000 ns	     40823	80008400	c00a7953	fcvt.w.s	x18,f20	 f20:0x80000000 x18=0x00000000
     408265.000 ns	     40825	80008404	00e75913	srli	x18,x14,0xe	 x14:0x72cb4a24 x18=0x0001cb2d
     408275.000 ns	     40826	80008408	00000013	addi	x0,x0,0	  x0:0x00000000
     408285.000 ns	     40827	8000840c	011ee633	or	x12,x29,x17	 x29:0xfffffbfb x17:0x00000000 x12=0xfffffbfb
     408295.000 ns	     40828	80008410	01fa5d33	srl	x26,x20,x31	 x20:0x80041024 x31:0x00000000 x26=0x80041024
     408315.000 ns	     40830	80008414	201318d3	fsgnjn.s	f17,f6,f1	  f6:0xc0041014  f1:0x80000000 f17=0x40041014
     408335.000 ns	     40832	80008418	015509b3	add	x19,x10,x21	 x10:0x0083c846 x21:0x00000000 x19=0x0083c846
     408345.000 ns	     40833	8000841c	00ea1293	slli	x5,x20,0xe	 x20:0x80041024  x5=0x04090000
     408365.000 ns	     40835	80008420	02e69bb3	mulh	x23,x13,x14	 x13:0x00000080 x14:0x72cb4a24 x23=0x00000039
     408385.000 ns	     40837	80008424	01f60cb3	add	x25,x12,x31	 x12:0xfffffbfb x31:0x00000000 x25=0xfffffbfb
     408405.000 ns	     40839	80008428	21adac53	fsgnjx.s	f24,f27,f26	 f27:0x80000000 f26:0x7efffed4 f24=0x80000000
     408425.000 ns	     40841	8000842c	41088cb3	sub	x25,x17,x16	 x17:0x00000000 x16:0x80040fe4 x25=0x7ffbf01c
     408455.000 ns	     40844	80008430	18581dd3	fdiv.s	f27,f16,f5	 f16:0x00000000  f5:0x00000000 f27=0x7fc00000
     408475.000 ns	     40846	80008434	002529b3	slt	x19,x10,x2	 x10:0x0083c846  x2:0x0083c845 x19=0x00000000
     408485.000 ns	     40847	80008438	40a75113	srai	x2,x14,0xa	 x14:0x72cb4a24  x2=0x001cb2d2
     408495.000 ns	     40848	8000843c	0066edb3	or	x27,x13,x6	 x13:0x00000080  x6:0x00000000 x27=0x00000080
     408515.000 ns	     40850	80008440	02853ab3	mulhu	x21,x10,x8	 x10:0x0083c846  x8:0x781163f8 x21=0x003dced4
     408545.000 ns	     40853	80008444	2164a7d3	fsgnjx.s	f15,f9,f22	  f9:0x00000000 f22:0x1f350489 f15=0x00000000
     408575.000 ns	     40856	80008448	c018fcd3	fcvt.wu.s	x25,f17	 f17:0x40041014 x25=0x00000002
     408595.000 ns	     40858	8000844c	13bd7b17	auipc	x22,0x13bd7	 x22=0x93bdf44c
     408605.000 ns	     40859	80008450	40425c33	sra	x24,x4,x4	  x4:0x00000000  x4:0x00000000 x24=0x00000000
     408625.000 ns	     40861	80008454	a0691d53	flt.s	x26,f18,f6	 f18:0x80000000  f6:0xc0041014 x26=0x00000000
     408665.000 ns	     40865	80008458	116df3d3	fmul.s	f7,f27,f22	 f27:0x7fc00000 f22:0x1f350489  f7=0x7fc00000
     408695.000 ns	     40868	8000845c	21bf20d3	fsgnjx.s	f1,f30,f27	 f30:0x00000000 f27:0x7fc00000  f1=0x00000000
     408715.000 ns	     40870	80008460	64ed0793	addi	x15,x26,1614	 x26:0x00000000 x15=0x0000064e
     408725.000 ns	     40871	80008464	05f82893	slti	x17,x16,95	 x16:0x80040fe4 x17=0x00000001
     408735.000 ns	     40872	80008468	00000013	addi	x0,x0,0	  x0:0x00000000
     408755.000 ns	     40874	8000846c	d01cf653	fcvt.s.wu	f12,x25	 x25:0x00000002 f12=0x40000000
     408805.000 ns	     40879	80008470	080c7d53	fsub.s	f26,f24,f0	 f24:0x80000000  f0:0x9f350489 f26=0x1f350489
     408825.000 ns	     40881	80008474	017610b3	sll	x1,x12,x23	 x12:0xfffffbfb x23:0x00000039  x1=0xf6000000
     408835.000 ns	     40882	80008478	fafb0093	addi	x1,x22,-81	 x22:0x93bdf44c  x1=0x93bdf3fb
     408845.000 ns	     40883	8000847c	22f8de97	auipc	x29,0x22f8d	 x29=0xa2f9547c
     408855.000 ns	     40884	80008480	00070db3	add	x27,x14,x0	 x14:0x72cb4a24  x0:0x00000000 x27=0x72cb4a24
     408865.000 ns	     40885	80008484	01ea1eb3	sll	x29,x20,x30	 x20:0x80041024 x30:0x00000002 x29=0x00104090
     408885.000 ns	     40887	80008488	0341b333	mulhu	x6,x3,x20	  x3:0xffffffff x20:0x80041024  x6=0x80041023
     408915.000 ns	     40890	8000848c	29b28dd3	fmin.s	f27,f5,f27	  f5:0x00000000 f27:0x7fc00000 f27=0x00000000
     408935.000 ns	     40892	80008490	4069dd13	srai	x26,x19,0x6	 x19:0x00000000 x26=0x00000000
     408955.000 ns	     40894	80008494	d0059153	fcvt.s.w	f2,x11	 x11:0x00000001  f2=0x3f800000
     408975.000 ns	     40896	80008498	01725f93	srli	x31,x4,0x17	  x4:0x00000000 x31=0x00000000
     408995.000 ns	     40898	8000849c	285c1953	fmax.s	f18,f24,f5	 f24:0x80000000  f5:0x00000000 f18=0x00000000
     409035.000 ns	     40902	800084a0	580d95d3	fsqrt.s	f11,f27	 f27:0x00000000 f11=0x00000000
     409065.000 ns	     40905	800084a4	206887d3	fsgnj.s	f15,f17,f6	 f17:0x40041014  f6:0xc0041014 f15=0xc0041014
     409095.000 ns	     40908	800084a8	a1fd0bd3	fle.s	x23,f26,f31	 f26:0x1f350489 f31:0x80000000 x23=0x00000000
     409135.000 ns	     40912	800084ac	580870d3	fsqrt.s	f1,f16	 f16:0x00000000  f1=0x00000000
     409165.000 ns	     40915	800084b0	f00e8553	fmv.w.x	f10,x29	 x29:0x00104090 f10=0x00104090
     409185.000 ns	     40917	800084b4	00cfd693	srli	x13,x31,0xc	 x31:0x00000000 x13=0x00000000
     409205.000 ns	     40919	800084b8	d0031453	fcvt.s.w	f8,x6	  x6:0x80041023  f8=0xcefff7df
     409225.000 ns	     40921	800084bc	41355393	srai	x7,x10,0x13	 x10:0x0083c846  x7=0x00000010
     409245.000 ns	     40923	800084c0	d00a7bd3	fcvt.s.w	f23,x20	 x20:0x80041024 f23=0xcefff7df
     409275.000 ns	     40926	800084c4	c00f97d3	fcvt.w.s	x15,f31	 f31:0x80000000 x15=0x00000000
     409295.000 ns	     40928	800084c8	4920f793	andi	x15,x1,1170	  x1:0x93bdf3fb x15=0x00000092
     409315.000 ns	     40930	800084cc	f00e8053	fmv.w.x	f0,x29	 x29:0x00104090  f0=0x00104090
     409345.000 ns	     40933	800084d0	29931153	fmax.s	f2,f6,f25	  f6:0xc0041014 f25:0x3f800000  f2=0x3f800000
     409385.000 ns	     40937	800084d4	11a810d3	fmul.s	f1,f16,f26	 f16:0x00000000 f26:0x1f350489  f1=0x00000000
     409415.000 ns	     40940	800084d8	21ac2053	fsgnjx.s	f0,f24,f26	 f24:0x80000000 f26:0x1f350489  f0=0x80000000
     409435.000 ns	     40942	800084dc	40c58933	sub	x18,x11,x12	 x11:0x00000001 x12:0xfffffbfb x18=0x00000406
     409445.000 ns	     40943	800084e0	845246b7	lui	x13,0x84524	 x13=0x84524000
     409805.000 ns	     40979	800084e4	0286eeb3	rem	x29,x13,x8	 x13:0x00000000  x8:0x781163f8 x29=0xfc63a3f8
     409825.000 ns	     40981	800084e8	01ba7333	and	x6,x20,x27	 x20:0x80041024 x27:0x72cb4a24  x6=0x00000024
     409835.000 ns	     40982	800084ec	01160fb3	add	x31,x12,x17	 x12:0xfffffbfb x17:0x00000001 x31=0xfffffbfc
     409855.000 ns	     40984	800084f0	21472ad3	fsgnjx.s	f21,f14,f20	 f14:0xffc00000 f20:0x80000000 f21=0x7fc00000
     409885.000 ns	     40987	800084f4	f0098a53	fmv.w.x	f20,x19	 x19:0x00000000 f20=0x00000000
     409915.000 ns	     40990	800084f8	21e51ad3	fsgnjn.s	f21,f10,f30	 f10:0x00104090 f30:0x00000000 f21=0x80104090
     409945.000 ns	     40993	800084fc	213919d3	fsgnjn.s	f19,f18,f19	 f18:0x00000000 f19:0x4df9a83a f19=0x80000000
     409965.000 ns	     40995	80008500	41e15693	srai	x13,x2,0x1e	  x2:0x001cb2d2 x13=0x00000000
     410325.000 ns	     41031	80008504	0212ffb3	remu	x31,x5,x1	  x5:0x04090000  x1:0x93bdf3fb x31=0x04090000
     410695.000 ns	     41068	80008508	03fe4633	div	x12,x28,x31	 x28:0x00000010 x31:0xfffffbfc x12=0x00000000
     411065.000 ns	     41105	8000850c	03bfecb3	rem	x25,x31,x27	 x31:0x04090000 x27:0x72cb4a24 x25=0x04090000
     411095.000 ns	     41108	80008510	21262853	fsgnjx.s	f16,f12,f18	 f12:0x40000000 f18:0x00000000 f16=0x40000000
     411115.000 ns	     41110	80008514	270ceb93	ori	x23,x25,624	 x25:0x04090000 x23=0x04090270
     411125.000 ns	     41111	80008518	0152c533	xor	x10,x5,x21	  x5:0x04090000 x21:0x003dced4 x10=0x0434ced4
     411145.000 ns	     41113	8000851c	e00f92d3	fclass.s	x5,f31	 f31:0x80000000  x5=0x00000008
     411195.000 ns	     41118	80008520	09907dd3	fsub.s	f27,f0,f25	  f0:0x80000000 f25:0x3f800000 f27=0xbf800000
     411215.000 ns	     41120	80008524	15ab8a93	addi	x21,x23,346	 x23:0x04090270 x21=0x040903ca
     411225.000 ns	     41121	80008528	00fb5233	srl	x4,x22,x15	 x22:0x93bdf44c x15:0x00000092  x4=0x000024ef
     411585.000 ns	     41157	8000852c	02aa44b3	div	x9,x20,x10	 x20:0x80041024 x10:0x0434ced4  x9=0xffffffe2
     411615.000 ns	     41160	80008530	031889b3	mul	x19,x17,x17	 x17:0x00000001 x17:0x00000001 x19=0x00000001
     411655.000 ns	     41164	80008534	11940553	fmul.s	f10,f8,f25	  f8:0xcefff7df f25:0x3f800000 f10=0xcefff7e0
     411675.000 ns	     41166	80008538	00cf7c33	and	x24,x30,x12	 x30:0x00000002 x12:0x00000000 x24=0x00000000
     411695.000 ns	     41168	8000853c	20082d53	fsgnjx.s	f26,f16,f0	 f16:0x40000000  f0:0x80000000 f26=0xc0000000
     411725.000 ns	     41171	80008540	d01aac53	fcvt.s.wu	f24,x21	 x21:0x040903ca f24=0x4c81207a
     411745.000 ns	     41173	80008544	01c46433	or	x8,x8,x28	  x8:0x781163f8 x28:0x00000010  x8=0x781163f8
     411765.000 ns	     41175	80008548	c017fdd3	fcvt.wu.s	x27,f15	 f15:0xc0041014 x27=0x00000002
     411795.000 ns	     41178	8000854c	210082d3	fsgnj.s	f5,f1,f16	  f1:0x00000000 f16:0x40000000  f5=0x00000000
     412975.000 ns	     41296	80008550	580104d3	fsqrt.s	f9,f2	  f2:0x3f800000  f9=0x3f7fffae
     413015.000 ns	     41300	80008554	11201653	fmul.s	f12,f0,f18	  f0:0x80000000 f18:0x00000000 f12=0x80000000
     413045.000 ns	     41303	80008558	a1430e53	fle.s	x28,f6,f20	  f6:0xc0041014 f20:0x00000000 x28=0x00000001
     413075.000 ns	     41306	8000855c	a0938653	fle.s	x12,f7,f9	  f7:0x7fc00000  f9:0x3f7fffae x12=0x00000000
     413105.000 ns	     41309	80008560	c005a1d3	fcvt.w.s	x3,f11	 f11:0x00000000  x3=0x00000000
     413125.000 ns	     41311	80008564	01233db3	sltu	x27,x6,x18	  x6:0x00000024 x18:0x00000406 x27=0x00000001
     413145.000 ns	     41313	80008568	039e06b3	mul	x13,x28,x25	 x28:0x00000001 x25:0x04090000 x13=0x04090000
     413165.000 ns	     41315	8000856c	00fc5b13	srli	x22,x24,0xf	 x24:0x00000000 x22=0x00000000
     413185.000 ns	     41317	80008570	a16e19d3	flt.s	x19,f28,f22	 f28:0x00000000 f22:0x1f350489 x19=0x00000001
     413555.000 ns	     41354	80008574	03ed7433	remu	x8,x26,x30	 x26:0x00000000 x30:0x00000002  x8=0x00000000
     413595.000 ns	     41358	80008578	1135f4d3	fmul.s	f9,f11,f19	 f11:0x00000000 f19:0x80000000  f9=0x80000000
     413615.000 ns	     41360	8000857c	01a81593	slli	x11,x16,0x1a	 x16:0x80040fe4 x11=0x90000000
     413655.000 ns	     41364	80008580	018af953	fadd.s	f18,f21,f24	 f21:0x80104090 f24:0x4c81207a f18=0x4c81207a
     413705.000 ns	     41369	80008584	08e316d3	fsub.s	f13,f6,f14	  f6:0xc0041014 f14:0xffc00000 f13=0x7fc00000
     413725.000 ns	     41371	80008588	01ac3eb3	sltu	x29,x24,x26	 x24:0x00000000 x26:0x00000000 x29=0x00000000
     413745.000 ns	     41373	8000858c	a0592153	feq.s	x2,f18,f5	 f18:0x4c81207a  f5:0x00000000  x2=0x00000000
     413775.000 ns	     41376	80008590	28338b53	fmin.s	f22,f7,f3	  f7:0x7fc00000  f3:0x1f350489 f22=0x1f350489
     413805.000 ns	     41379	80008594	215b86d3	fsgnj.s	f13,f23,f21	 f23:0xcefff7df f21:0x80104090 f13=0xcefff7df
     413845.000 ns	     41383	80008598	116f12d3	fmul.s	f5,f30,f22	 f30:0x00000000 f22:0x1f350489  f5=0x00000000
     414215.000 ns	     41420	8000859c	021dc5b3	div	x11,x27,x1	 x27:0x00000001  x1:0x93bdf3fb x11=0x00000000
     414235.000 ns	     41422	800085a0	0137ee33	or	x28,x15,x19	 x15:0x00000092 x19:0x00000001 x28=0x00000093
     414245.000 ns	     41423	800085a4	089e5137	lui	x2,0x89e5	  x2=0x089e5000
     414265.000 ns	     41425	800085a8	a00d8653	fle.s	x12,f27,f0	 f27:0xbf800000  f0:0x80000000 x12=0x00000001
     415445.000 ns	     41543	800085ac	580c7053	fsqrt.s	f0,f24	 f24:0x4c81207a  f0=0x46008fc2
     415465.000 ns	     41545	800085b0	01239613	slli	x12,x7,0x12	  x7:0x00000010 x12=0x00400000
     415475.000 ns	     41546	800085b4	ccbdbbb7	lui	x23,0xccbdb	 x23=0xccbdb000
     415515.000 ns	     41550	800085b8	084672d3	fsub.s	f5,f12,f4	 f12:0x80000000  f4:0x00000000  f5=0x80000000
     415885.000 ns	     41587	800085bc	024af7b3	remu	x15,x21,x4	 x21:0x040903ca  x4:0x000024ef x15=0x00000742
     415915.000 ns	     41590	800085c0	02054433	div	x8,x10,x0	 x10:0x0434ced4  x0:0x00000000  x8=0xffffffff
     415945.000 ns	     41593	800085c4	e00a9553	fclass.s	x10,f21	 f21:0x80104090 x10=0x00000004
     415995.000 ns	     41598	800085c8	08a341d3	fsub.s	f3,f6,f10	  f6:0xc0041014 f10:0xcefff7e0  f3=0x4efff7e0
     416025.000 ns	     41601	800085cc	d01f72d3	fcvt.s.wu	f5,x30	 x30:0x00000002  f5=0x40000000
     416075.000 ns	     41606	800085d0	08f2fd53	fsub.s	f26,f5,f15	  f5:0x80000000 f15:0xc0041014 f26=0x4082080a
     416095.000 ns	     41608	800085d4	01c192b3	sll	x5,x3,x28	  x3:0x00000000 x28:0x00000093  x5=0x00000000
     416135.000 ns	     41612	800085d8	017cb153	fadd.s	f2,f25,f23	 f25:0x3f800000 f23:0xcefff7df  f2=0xcefff7de
     416185.000 ns	     41617	800085dc	0919a353	fsub.s	f6,f19,f17	 f19:0x80000000 f17:0x40041014  f6=0xc0041014
     416205.000 ns	     41619	800085e0	002f1cb3	sll	x25,x30,x2	 x30:0x00000002  x2:0x089e5000 x25=0x00000002
     416565.000 ns	     41655	800085e4	03ed6cb3	rem	x25,x26,x30	 x26:0x00000000 x30:0x00000002 x25=0x00000000
     416585.000 ns	     41657	800085e8	0011edb3	or	x27,x3,x1	  x3:0x00000000  x1:0x93bdf3fb x27=0x93bdf3fb
     416615.000 ns	     41660	800085ec	117945d3	fmul.s	f11,f18,f23	 f18:0x4c81207a f23:0xcefff7df f11=0xdc011c60
     416635.000 ns	     41662	800085f0	019911b3	sll	x3,x18,x25	 x18:0x00000406 x25:0x00000000  x3=0x00000406
     416665.000 ns	     41665	800085f4	18e17e53	fdiv.s	f28,f2,f14	  f2:0xcefff7de f14:0xffc00000 f28=0x7fc00000
     416695.000 ns	     41668	800085f8	290f8c53	fmin.s	f24,f31,f16	 f31:0x80000000 f16:0x40000000 f24=0x80000000
     416725.000 ns	     41671	800085fc	29c71453	fmax.s	f8,f14,f28	 f14:0xffc00000 f28:0x7fc00000  f8=0x7fc00000
     416755.000 ns	     41674	80008600	03c037b3	mulhu	x15,x0,x28	  x0:0x00000000 x28:0x00000093 x15=0x00000000
     416775.000 ns	     41676	80008604	004ece33	xor	x28,x29,x4	 x29:0x00000000  x4:0x000024ef x28=0x000024ef
     416795.000 ns	     41678	80008608	e0049f53	fclass.s	x30,f9	  f9:0x80000000 x30=0x00000008
     416815.000 ns	     41680	8000860c	4199dc13	srai	x24,x19,0x19	 x19:0x00000001 x24=0x00000000
     417175.000 ns	     41716	80008610	03574333	div	x6,x14,x21	 x14:0x72cb4a24 x21:0x040903ca  x6=0x0000001c
     417205.000 ns	     41719	80008614	d01e9f53	fcvt.s.wu	f30,x29	 x29:0x00000000 f30=0x00000000
     417235.000 ns	     41722	80008618	c0147ed3	fcvt.wu.s	x29,f8	  f8:0x7fc00000 x29=0xffffffff
     417255.000 ns	     41724	8000861c	a08f6493	ori	x9,x30,-1528	 x30:0x00000008  x9=0xfffffa08
     417275.000 ns	     41726	80008620	a0f02d53	feq.s	x26,f0,f15	  f0:0x46008fc2 f15:0xc0041014 x26=0x00000000
     417325.000 ns	     41731	80008624	0946c353	fsub.s	f6,f13,f20	 f13:0xcefff7df f20:0x00000000  f6=0xcefff7df
     417695.000 ns	     41768	80008628	031855b3	divu	x11,x16,x17	 x16:0x80040fe4 x17:0x00000001 x11=0x80040fe4
     417725.000 ns	     41771	8000862c	d017ac53	fcvt.s.wu	f24,x15	 x15:0x00000000 f24=0x00000000
     417755.000 ns	     41774	80008630	297f1f53	fmax.s	f30,f30,f23	 f30:0x00000000 f23:0xcefff7df f30=0x00000000
     417775.000 ns	     41776	80008634	ea75b797	auipc	x15,0xea75b	 x15=0x6a763634
     417785.000 ns	     41777	80008638	00e4b033	sltu	x0,x9,x14	  x9:0xfffffa08 x14:0x72cb4a24
     417795.000 ns	     41778	8000863c	33a50913	addi	x18,x10,826	 x10:0x00000004 x18=0x0000033e
     417805.000 ns	     41779	80008640	76e07213	andi	x4,x0,1902	  x0:0x00000000  x4=0x00000000
     417815.000 ns	     41780	80008644	004b61b3	or	x3,x22,x4	 x22:0x00000000  x4:0x000024ef  x3=0x00000000
     417855.000 ns	     41784	80008648	08058253	fsub.s	f4,f11,f0	 f11:0xdc011c60  f0:0x46008fc2  f4=0xdc011c60
     417885.000 ns	     41787	8000864c	f0000cd3	fmv.w.x	f25,x0	  x0:0x00000000 f25=0x00000000
     417905.000 ns	     41789	80008650	e2906593	ori	x11,x0,-471	  x0:0x00000000 x11=0xfffffe29
     417925.000 ns	     41791	80008654	a1058e53	fle.s	x28,f11,f16	 f11:0xdc011c60 f16:0x40000000 x28=0x00000001
     417945.000 ns	     41793	80008658	01ed78b3	and	x17,x26,x30	 x26:0x00000000 x30:0x00000008 x17=0x00000000
     417965.000 ns	     41795	8000865c	f00604d3	fmv.w.x	f9,x12	 x12:0x00400000  f9=0x00400000
     417985.000 ns	     41797	80008660	ff935c97	auipc	x25,0xff935	 x25=0x7f93d660
     417995.000 ns	     41798	80008664	40010133	sub	x2,x2,x0	  x2:0x089e5000  x0:0x00000000  x2=0x089e5000
     418015.000 ns	     41800	80008668	020326b3	mulhsu	x13,x6,x0	  x6:0x0000001c  x0:0x00000000 x13=0x00000000
     418045.000 ns	     41803	8000866c	a18a1253	flt.s	x4,f20,f24	 f20:0x00000000 f24:0x00000000  x4=0x00000000
     418065.000 ns	     41805	80008670	860808b7	lui	x17,0x86080	 x17=0x86080000
     418085.000 ns	     41807	80008674	205912d3	fsgnjn.s	f5,f18,f5	 f18:0x4c81207a  f5:0x40000000  f5=0xcc81207a
     418115.000 ns	     41810	80008678	20d999d3	fsgnjn.s	f19,f19,f13	 f19:0x80000000 f13:0xcefff7df f19=0x00000000
     418145.000 ns	     41813	8000867c	d0027053	fcvt.s.w	f0,x4	  x4:0x00000000  f0=0x00000000
     418175.000 ns	     41816	80008680	286d84d3	fmin.s	f9,f27,f6	 f27:0xbf800000  f6:0xcefff7df  f9=0xcefff7df
     418205.000 ns	     41819	80008684	d01876d3	fcvt.s.wu	f13,x16	 x16:0x80040fe4 f13=0x4f00040f
     418235.000 ns	     41822	80008688	c0148bd3	fcvt.wu.s	x23,f9	  f9:0xcefff7df x23=0x7ffbef80
     418265.000 ns	     41825	8000868c	21480f53	fsgnj.s	f30,f16,f20	 f16:0x40000000 f20:0x00000000 f30=0x40000000
     418285.000 ns	     41827	80008690	01d22033	slt	x0,x4,x29	  x4:0x00000000 x29:0xffffffff
     418295.000 ns	     41828	80008694	00dc00b3	add	x1,x24,x13	 x24:0x00000000 x13:0x00000000  x1=0x00000000
     418305.000 ns	     41829	80008698	01bb9133	sll	x2,x23,x27	 x23:0x7ffbef80 x27:0x93bdf3fb  x2=0x00000000
     418325.000 ns	     41831	8000869c	e0031cd3	fclass.s	x25,f6	  f6:0xcefff7df x25=0x00000002
     418375.000 ns	     41836	800086a0	00937b53	fadd.s	f22,f6,f9	  f6:0xcefff7df  f9:0xcefff7df f22=0xcf7ff7df
     418415.000 ns	     41840	800086a4	1048ab53	fmul.s	f22,f17,f4	 f17:0x40041014  f4:0xdc011c60 f22=0xdc85357b
     418445.000 ns	     41843	800086a8	e0059553	fclass.s	x10,f11	 f11:0xdc011c60 x10=0x00000002
     418475.000 ns	     41846	800086ac	f00b80d3	fmv.w.x	f1,x23	 x23:0x7ffbef80  f1=0x7ffbef80
     418845.000 ns	     41883	800086b0	03417fb3	remu	x31,x2,x20	  x2:0x00000000 x20:0x80041024 x31=0x00000000
     418865.000 ns	     41885	800086b4	01b51413	slli	x8,x10,0x1b	 x10:0x00000002  x8=0x10000000
     418885.000 ns	     41887	800086b8	03ac26b3	mulhsu	x13,x24,x26	 x24:0x00000000 x26:0x00000000 x13=0x00000000
     419255.000 ns	     41924	800086bc	032a74b3	remu	x9,x20,x18	 x20:0x80041024 x18:0x0000033e  x9=0x000001a8
     419625.000 ns	     41961	800086c0	028bd133	divu	x2,x23,x8	 x23:0x7ffbef80  x8:0x10000000  x2=0x00000007
     419645.000 ns	     41963	800086c4	00000013	addi	x0,x0,0	  x0:0x00000000
     419655.000 ns	     41964	800086c8	402580b3	sub	x1,x11,x2	 x11:0xfffffe29  x2:0x00000007  x1=0xfffffe22
     419675.000 ns	     41966	800086cc	03d91b33	mulh	x22,x18,x29	 x18:0x0000033e x29:0xffffffff x22=0xffffffff
     419705.000 ns	     41969	800086d0	20849fd3	fsgnjn.s	f31,f9,f8	  f9:0xcefff7df  f8:0x7fc00000 f31=0xcefff7df
     419735.000 ns	     41972	800086d4	a0ba0e53	fle.s	x28,f20,f11	 f20:0x00000000 f11:0xdc011c60 x28=0x00000000
     419765.000 ns	     41975	800086d8	207a9fd3	fsgnjn.s	f31,f21,f7	 f21:0x80104090  f7:0x7fc00000 f31=0x80104090
     419785.000 ns	     41977	800086dc	009f93b3	sll	x7,x31,x9	 x31:0x00000000  x9:0x000001a8  x7=0x00000000
     419795.000 ns	     41978	800086e0	00a6b933	sltu	x18,x13,x10	 x13:0x00000000 x10:0x00000002 x18=0x00000001
     419805.000 ns	     41979	800086e4	017af1b3	and	x3,x21,x23	 x21:0x040903ca x23:0x7ffbef80  x3=0x04090380
     419815.000 ns	     41980	800086e8	0033cbb3	xor	x23,x7,x3	  x7:0x00000000  x3:0x00000000 x23=0x04090380
     419825.000 ns	     41981	800086ec	35443893	sltiu	x17,x8,852	  x8:0x10000000 x17=0x00000000
     419835.000 ns	     41982	800086f0	2aa92993	slti	x19,x18,682	 x18:0x00000001 x19=0x00000001
     419845.000 ns	     41983	800086f4	41dd8ab3	sub	x21,x27,x29	 x27:0x93bdf3fb x29:0xffffffff x21=0x93bdf3fc
     419855.000 ns	     41984	800086f8	00badbb3	srl	x23,x21,x11	 x21:0x040903ca x11:0xfffffe29 x23=0x0049def9
     419865.000 ns	     41985	800086fc	00000013	addi	x0,x0,0	  x0:0x00000000
     419875.000 ns	     41986	80008700	00000013	addi	x0,x0,0	  x0:0x00000000
     419895.000 ns	     41988	80008704	020bb533	mulhu	x10,x23,x0	 x23:0x0049def9  x0:0x00000000 x10=0x00000000
     419925.000 ns	     41991	80008708	21190cd3	fsgnj.s	f25,f18,f17	 f18:0x4c81207a f17:0x40041014 f25=0x4c81207a
     419955.000 ns	     41994	8000870c	02076933	rem	x18,x14,x0	 x14:0x72cb4a24  x0:0x00000000 x18=0x72cb4a24
     419975.000 ns	     41996	80008710	0179fab3	and	x21,x19,x23	 x19:0x00000001 x23:0x0049def9 x21=0x00000001
     419995.000 ns	     41998	80008714	03b7a933	mulhsu	x18,x15,x27	 x15:0x6a763634 x27:0x93bdf3fb x18=0x3d70dfdc
     420025.000 ns	     42001	80008718	02081eb3	mulh	x29,x16,x0	 x16:0x80040fe4  x0:0x00000000 x29=0x00000000
     420075.000 ns	     42006	8000871c	09a53153	fsub.s	f2,f10,f26	 f10:0xcefff7e0 f26:0x4082080a  f2=0xcefff7e0
     420105.000 ns	     42009	80008720	213ca753	fsgnjx.s	f14,f25,f19	 f25:0x4c81207a f19:0x00000000 f14=0x4c81207a
     420125.000 ns	     42011	80008724	d4d9c293	xori	x5,x19,-691	 x19:0x00000001  x5=0xfffffd4c
     420135.000 ns	     42012	80008728	0047d2b3	srl	x5,x15,x4	 x15:0x6a763634  x4:0x00000000  x5=0x6a763634
     420145.000 ns	     42013	8000872c	012e3c33	sltu	x24,x28,x18	 x28:0x00000000 x18:0x3d70dfdc x24=0x00000001
     420165.000 ns	     42015	80008730	201289d3	fsgnj.s	f19,f5,f1	  f5:0xcc81207a  f1:0x7ffbef80 f19=0x4c81207a
     420185.000 ns	     42017	80008734	01b0b533	sltu	x10,x1,x27	  x1:0xfffffe22 x27:0x93bdf3fb x10=0x00000000
     420195.000 ns	     42018	80008738	00965013	srli	x0,x12,0x9	 x12:0x00400000
     420555.000 ns	     42054	8000873c	02e0d033	divu	x0,x1,x14	  x1:0xfffffe22 x14:0x72cb4a24
     420595.000 ns	     42058	80008740	580dfed3	fsqrt.s	f29,f27	 f27:0xbf800000 f29=0x7fc00000
     420635.000 ns	     42062	80008744	58001d53	fsqrt.s	f26,f0	  f0:0x00000000 f26=0x00000000
     420975.000 ns	     42096	80008748	199c8fd3	fdiv.s	f31,f25,f25	 f25:0x4c81207a f25:0x4c81207a f31=0x3f01207a
     420995.000 ns	     42098	8000874c	018c1193	slli	x3,x24,0x18	 x24:0x00000001  x3=0x01000000
     421005.000 ns	     42099	80008750	01828633	add	x12,x5,x24	  x5:0x6a763634 x24:0x00000001 x12=0x6a763635
     421025.000 ns	     42101	80008754	28f78fd3	fmin.s	f31,f15,f15	 f15:0xc0041014 f15:0xc0041014 f31=0xc0041014
     421045.000 ns	     42103	80008758	e347b193	sltiu	x3,x15,-460	 x15:0x6a763634  x3=0x00000001
     421065.000 ns	     42105	8000875c	0204aeb3	mulhsu	x29,x9,x0	  x9:0x000001a8  x0:0x00000000 x29=0x00000000
     421105.000 ns	     42109	80008760	100572d3	fmul.s	f5,f10,f0	 f10:0xcefff7e0  f0:0x00000000  f5=0x80000000
     421125.000 ns	     42111	80008764	0024fe33	and	x28,x9,x2	  x9:0x000001a8  x2:0x00000007 x28=0x00000000
     421135.000 ns	     42112	80008768	011de033	or	x0,x27,x17	 x27:0x93bdf3fb x17:0x00000000
     421165.000 ns	     42115	8000876c	181afad3	fdiv.s	f21,f21,f1	 f21:0x80104090  f1:0x7ffbef80 f21=0x7fc00000
     421195.000 ns	     42118	80008770	283284d3	fmin.s	f9,f5,f3	  f5:0x80000000  f3:0x4efff7e0  f9=0x80000000
     421215.000 ns	     42120	80008774	0044e1b3	or	x3,x9,x4	  x9:0x000001a8  x4:0x00000000  x3=0x000001a8
     421225.000 ns	     42121	80008778	00102c33	slt	x24,x0,x1	  x0:0x00000000  x1:0xfffffe22 x24=0x00000000
     421235.000 ns	     42122	8000877c	010eabb3	slt	x23,x29,x16	 x29:0x00000000 x16:0x80040fe4 x23=0x00000000
     421245.000 ns	     42123	80008780	01117433	and	x8,x2,x17	  x2:0x00000007 x17:0x00000000  x8=0x00000000
     421265.000 ns	     42125	80008784	28870c53	fmin.s	f24,f14,f8	 f14:0x4c81207a  f8:0x7fc00000 f24=0x4c81207a
     421285.000 ns	     42127	80008788	0065efb3	or	x31,x11,x6	 x11:0xfffffe29  x6:0x0000001c x31=0xfffffe3d
     421295.000 ns	     42128	8000878c	64263c17	auipc	x24,0x64263	 x24=0xe426b78c
     421655.000 ns	     42164	80008790	036a5533	divu	x10,x20,x22	 x20:0x80041024 x22:0xffffffff x10=0x00000000
     421685.000 ns	     42167	80008794	a05b2c53	feq.s	x24,f22,f5	 f22:0xdc85357b  f5:0x80000000 x24=0x00000000
     421715.000 ns	     42170	80008798	038c11b3	mulh	x3,x24,x24	 x24:0xe426b78c x24:0xe426b78c  x3=0x00000000
     421745.000 ns	     42173	8000879c	03cfcdb3	div	x27,x31,x28	 x31:0xfffffe3d x28:0x00000000 x27=0xffffffff
     422115.000 ns	     42210	800087a0	02e0d333	divu	x6,x1,x14	  x1:0xfffffe22 x14:0x72cb4a24  x6=0x00000002
     422145.000 ns	     42213	800087a4	28e41f53	fmax.s	f30,f8,f14	  f8:0x7fc00000 f14:0x4c81207a f30=0x4c81207a
     422195.000 ns	     42218	800087a8	00f2ba53	fadd.s	f20,f5,f15	  f5:0x80000000 f15:0xc0041014 f20=0xc0041014
     422225.000 ns	     42221	800087ac	d0149353	fcvt.s.wu	f6,x9	  x9:0x000001a8  f6=0x43d40000
     422245.000 ns	     42223	800087b0	00bf2ab3	slt	x21,x30,x11	 x30:0x00000008 x11:0xfffffe29 x21=0x00000000
     422265.000 ns	     42225	800087b4	d00b1b53	fcvt.s.w	f22,x22	 x22:0xffffffff f22=0xbf800000
     422295.000 ns	     42228	800087b8	21d00953	fsgnj.s	f18,f0,f29	  f0:0x00000000 f29:0x7fc00000 f18=0x00000000
     422315.000 ns	     42230	800087bc	93edb193	sltiu	x3,x27,-1730	 x27:0xffffffff  x3=0x00000000
     422325.000 ns	     42231	800087c0	0181db93	srli	x23,x3,0x18	  x3:0x00000000 x23=0x00000000
     422335.000 ns	     42232	800087c4	2204f693	andi	x13,x9,544	  x9:0x000001a8 x13=0x00000020
     422355.000 ns	     42234	800087c8	a1542353	feq.s	x6,f8,f21	  f8:0x7fc00000 f21:0x7fc00000  x6=0x00000000
     422395.000 ns	     42238	800087cc	103ec3d3	fmul.s	f7,f29,f3	 f29:0x7fc00000  f3:0x4efff7e0  f7=0x7fc00000
     422415.000 ns	     42240	800087d0	017942b3	xor	x5,x18,x23	 x18:0x3d70dfdc x23:0x00000000  x5=0x3d70dfdc
     422435.000 ns	     42242	800087d4	c01191d3	fcvt.wu.s	x3,f3	  f3:0x4efff7e0  x3=0x7ffbf000
     422465.000 ns	     42245	800087d8	f00607d3	fmv.w.x	f15,x12	 x12:0x6a763635 f15=0x6a763635
     422485.000 ns	     42247	800087dc	01179f13	slli	x30,x15,0x11	 x15:0x6a763634 x30=0x6c680000
     422505.000 ns	     42249	800087e0	022c1233	mulh	x4,x24,x2	 x24:0x00000000  x2:0x00000007  x4=0x00000000
     422525.000 ns	     42251	800087e4	012d6fb3	or	x31,x26,x18	 x26:0x00000000 x18:0x3d70dfdc x31=0x3d70dfdc
     422535.000 ns	     42252	800087e8	77e76393	ori	x7,x14,1918	 x14:0x72cb4a24  x7=0x72cb4f7e
     422555.000 ns	     42254	800087ec	281d9cd3	fmax.s	f25,f27,f1	 f27:0xbf800000  f1:0x7ffbef80 f25=0xbf800000
     422585.000 ns	     42257	800087f0	a14204d3	fle.s	x9,f4,f20	  f4:0xdc011c60 f20:0xc0041014  x9=0x00000001
     422605.000 ns	     42259	800087f4	1a1cc913	xori	x18,x25,417	 x25:0x00000002 x18=0x000001a3
     422615.000 ns	     42260	800087f8	01e897b3	sll	x15,x17,x30	 x17:0x00000000 x30:0x6c680000 x15=0x00000000
     422625.000 ns	     42261	800087fc	39b8c613	xori	x12,x17,923	 x17:0x00000000 x12=0x0000039b
     422645.000 ns	     42263	80008800	e00d9bd3	fclass.s	x23,f27	 f27:0xbf800000 x23=0x00000002
     422665.000 ns	     42265	80008804	01c70fb3	add	x31,x14,x28	 x14:0x72cb4a24 x28:0x00000000 x31=0x72cb4a24
     422685.000 ns	     42267	80008808	d0093b53	fcvt.s.w	f22,x18	 x18:0x000001a3 f22=0x43d18000
     422735.000 ns	     42272	8000880c	01bb7053	fadd.s	f0,f22,f27	 f22:0xbf800000 f27:0xbf800000  f0=0x43d10000
     422765.000 ns	     42275	80008810	031fb233	mulhu	x4,x31,x17	 x31:0x72cb4a24 x17:0x00000000  x4=0x00000000
     422785.000 ns	     42277	80008814	80fd2413	slti	x8,x26,-2033	 x26:0x00000000  x8=0x00000000
     422795.000 ns	     42278	80008818	dfa7fc93	andi	x25,x15,-518	 x15:0x00000000 x25=0x00000000
     422815.000 ns	     42280	8000881c	c01bf3d3	fcvt.wu.s	x7,f23	 f23:0xcefff7df  x7=0x7ffbef80
     423185.000 ns	     42317	80008820	02e9f333	remu	x6,x19,x14	 x19:0x00000001 x14:0x72cb4a24  x6=0x00000001
     423205.000 ns	     42319	80008824	008a9633	sll	x12,x21,x8	 x21:0x00000000  x8:0x00000000 x12=0x00000000
     423215.000 ns	     42320	80008828	4ca7ba97	auipc	x21,0x4ca7b	 x21=0xcca83828
     423235.000 ns	     42322	8000882c	21f022d3	fsgnjx.s	f5,f0,f31	  f0:0x43d10000 f31:0xc0041014  f5=0xc3d10000
     423265.000 ns	     42325	80008830	d01c4c53	fcvt.s.wu	f24,x24	 x24:0x00000000 f24=0x00000000
     423285.000 ns	     42327	80008834	00000013	addi	x0,x0,0	  x0:0x00000000
     423295.000 ns	     42328	80008838	40dd0233	sub	x4,x26,x13	 x26:0x00000000 x13:0x00000020  x4=0xffffffe0
     423315.000 ns	     42330	8000883c	02459fb3	mulh	x31,x11,x4	 x11:0xfffffe29  x4:0x00000000 x31=0x00000000
     423335.000 ns	     42332	80008840	95659d17	auipc	x26,0x95659	 x26=0x15661840
     423345.000 ns	     42333	80008844	2f156993	ori	x19,x10,753	 x10:0x00000000 x19=0x000002f1
     423365.000 ns	     42335	80008848	e00e0fd3	fmv.x.w	x31,f28	 f28:0x7fc00000 x31=0x7fc00000
     423405.000 ns	     42339	8000884c	11212bd3	fmul.s	f23,f2,f18	  f2:0xcefff7e0 f18:0x00000000 f23=0x80000000
     424585.000 ns	     42457	80008850	58087d53	fsqrt.s	f26,f16	 f16:0x40000000 f26=0x3f350482
     424605.000 ns	     42459	80008854	01d73333	sltu	x6,x14,x29	 x14:0x72cb4a24 x29:0x00000000  x6=0x00000000
     424965.000 ns	     42495	80008858	03fcc233	div	x4,x25,x31	 x25:0x00000000 x31:0x7fc00000  x4=0x00000000
     424985.000 ns	     42497	8000885c	2f8c8213	addi	x4,x25,760	 x25:0x00000000  x4=0x000002f8
     424995.000 ns	     42498	80008860	96233893	sltiu	x17,x6,-1694	  x6:0x00000000 x17=0x00000001
     425005.000 ns	     42499	80008864	5c046893	ori	x17,x8,1472	  x8:0x00000000 x17=0x000005c0
     425025.000 ns	     42501	80008868	021d94b3	mulh	x9,x27,x1	 x27:0xffffffff  x1:0xfffffe22  x9=0x00000000
     425365.000 ns	     42535	8000886c	19a8ae53	fdiv.s	f28,f17,f26	 f17:0x40041014 f26:0x3f350482 f28=0x403ac3da
     425385.000 ns	     42537	80008870	0003dd13	srli	x26,x7,0x0	  x7:0x7ffbef80 x26=0x7ffbef80
     425405.000 ns	     42539	80008874	039014b3	mulh	x9,x0,x25	  x0:0x00000000 x25:0x00000000  x9=0x00000000
     425435.000 ns	     42542	80008878	e00f9d53	fclass.s	x26,f31	 f31:0xc0041014 x26=0x00000002
     425455.000 ns	     42544	8000887c	c6958a93	addi	x21,x11,-919	 x11:0xfffffe29 x21=0xfffffa92
     425465.000 ns	     42545	80008880	000662b3	or	x5,x12,x0	 x12:0x00000000  x0:0x00000000  x5=0x00000000
     425475.000 ns	     42546	80008884	019accb3	xor	x25,x21,x25	 x21:0xcca83828 x25:0x00000000 x25=0xfffffa92
     425485.000 ns	     42547	80008888	00d55433	srl	x8,x10,x13	 x10:0x00000000 x13:0x00000020  x8=0x00000000
     425495.000 ns	     42548	8000888c	7edb2613	slti	x12,x22,2029	 x22:0xffffffff x12=0x00000001
     425515.000 ns	     42550	80008890	0292d033	divu	x0,x5,x9	  x5:0x00000000  x9:0x00000000
     425535.000 ns	     42552	80008894	0005ab33	slt	x22,x11,x0	 x11:0xfffffe29  x0:0x00000000 x22=0x00000001
     425895.000 ns	     42588	80008898	024ff3b3	remu	x7,x31,x4	 x31:0x7fc00000  x4:0x000002f8  x7=0x000001a8
     425915.000 ns	     42590	8000889c	01b1cab3	xor	x21,x3,x27	  x3:0x7ffbf000 x27:0xffffffff x21=0x80040fff
     425925.000 ns	     42591	800088a0	b3765597	auipc	x11,0xb3765	 x11=0x3376d8a0
     425945.000 ns	     42593	800088a4	d0097cd3	fcvt.s.w	f25,x18	 x18:0x000001a3 f25=0x43d18000
     425975.000 ns	     42596	800088a8	d007f8d3	fcvt.s.w	f17,x15	 x15:0x00000000 f17=0x00000000
     425995.000 ns	     42598	800088ac	004d1ab3	sll	x21,x26,x4	 x26:0x00000002  x4:0x000002f8 x21=0x02000000
     426005.000 ns	     42599	800088b0	00409cb3	sll	x25,x1,x4	  x1:0xfffffe22  x4:0x000002f8 x25=0x22000000
     426015.000 ns	     42600	800088b4	0145a333	slt	x6,x11,x20	 x11:0x3376d8a0 x20:0x80041024  x6=0x00000000
     426025.000 ns	     42601	800088b8	098c8b93	addi	x23,x25,152	 x25:0xfffffa92 x23=0x22000098
     426035.000 ns	     42602	800088bc	8d923193	sltiu	x3,x4,-1831	  x4:0x000002f8  x3=0x00000001
     426065.000 ns	     42605	800088c0	1168a153	fmul.s	f2,f17,f22	 f17:0x00000000 f22:0x43d18000  f2=0x00000000
     426095.000 ns	     42608	800088c4	21df1253	fsgnjn.s	f4,f30,f29	 f30:0x4c81207a f29:0x7fc00000  f4=0xcc81207a
     426145.000 ns	     42613	800088c8	01eacf53	fadd.s	f30,f21,f30	 f21:0x7fc00000 f30:0x4c81207a f30=0x7fc00000
     426175.000 ns	     42616	800088cc	c004f353	fcvt.w.s	x6,f9	  f9:0x80000000  x6=0x00000000
     426205.000 ns	     42619	800088d0	a12baed3	feq.s	x29,f23,f18	 f23:0x80000000 f18:0x00000000 x29=0x00000001
     426235.000 ns	     42622	800088d4	c00d9353	fcvt.w.s	x6,f27	 f27:0xbf800000  x6=0xffffffff
     426265.000 ns	     42625	800088d8	0291c233	div	x4,x3,x9	  x3:0x00000001  x9:0x00000000  x4=0xffffffff
     426285.000 ns	     42627	800088dc	01fcbb33	sltu	x22,x25,x31	 x25:0x22000000 x31:0x7fc00000 x22=0x00000001
     426295.000 ns	     42628	800088e0	40e250b3	sra	x1,x4,x14	  x4:0xffffffff x14:0x72cb4a24  x1=0xffffffff
     426315.000 ns	     42630	800088e4	20c4a8d3	fsgnjx.s	f17,f9,f12	  f9:0x80000000 f12:0x80000000 f17=0x00000000
     426335.000 ns	     42632	800088e8	45d6f693	andi	x13,x13,1117	 x13:0x00000020 x13=0x00000000
     426345.000 ns	     42633	800088ec	e40599b7	lui	x19,0xe4059	 x19=0xe4059000
     426365.000 ns	     42635	800088f0	d01ecb53	fcvt.s.wu	f22,x29	 x29:0x00000001 f22=0x3f800000
     426395.000 ns	     42638	800088f4	c000f1d3	fcvt.w.s	x3,f1	  f1:0x7ffbef80  x3=0x7fffffff
     426415.000 ns	     42640	800088f8	004d11b3	sll	x3,x26,x4	 x26:0x00000002  x4:0xffffffff  x3=0x00000000
     426425.000 ns	     42641	800088fc	007a85b3	add	x11,x21,x7	 x21:0x02000000  x7:0x000001a8 x11=0x020001a8
     426435.000 ns	     42642	80008900	9abeac13	slti	x24,x29,-1621	 x29:0x00000001 x24=0x00000000
     426445.000 ns	     42643	80008904	01273d33	sltu	x26,x14,x18	 x14:0x72cb4a24 x18:0x000001a3 x26=0x00000000
     426805.000 ns	     42679	80008908	03926f33	rem	x30,x4,x25	  x4:0xffffffff x25:0x22000000 x30=0xffffffff
     426845.000 ns	     42683	8000890c	195276d3	fdiv.s	f13,f4,f21	  f4:0xcc81207a f21:0x7fc00000 f13=0x7fc00000
     426875.000 ns	     42686	80008910	a1c08c53	fle.s	x24,f1,f28	  f1:0x7ffbef80 f28:0x403ac3da x24=0x00000000
     426915.000 ns	     42690	80008914	1012f353	fmul.s	f6,f5,f1	  f5:0xc3d10000  f1:0x7ffbef80  f6=0x7fc00000
     426935.000 ns	     42692	80008918	400b5113	srai	x2,x22,0x0	 x22:0x00000001  x2=0x00000001
     427295.000 ns	     42728	8000891c	03d8c4b3	div	x9,x17,x29	 x17:0x000005c0 x29:0x00000001  x9=0x000005c0
     427315.000 ns	     42730	80008920	00000013	addi	x0,x0,0	  x0:0x00000000
     427325.000 ns	     42731	80008924	957c0413	addi	x8,x24,-1705	 x24:0x00000000  x8=0xfffff957
     427335.000 ns	     42732	80008928	00c4e2b3	or	x5,x9,x12	  x9:0x000005c0 x12:0x00000001  x5=0x000005c1
     427355.000 ns	     42734	8000892c	0282a133	mulhsu	x2,x5,x8	  x5:0x00000000  x8:0x00000000  x2=0x000005c0
     427385.000 ns	     42737	80008930	c0171653	fcvt.wu.s	x12,f14	 f14:0x4c81207a x12=0x040903d0
     427755.000 ns	     42774	80008934	039ff333	remu	x6,x31,x25	 x31:0x7fc00000 x25:0x22000000  x6=0x19c00000
     427785.000 ns	     42777	80008938	d000f553	fcvt.s.w	f10,x1	  x1:0xffffffff f10=0xbf800000
     427805.000 ns	     42779	8000893c	6d428213	addi	x4,x5,1748	  x5:0x000005c1  x4=0x00000c95
     427815.000 ns	     42780	80008940	40e60333	sub	x6,x12,x14	 x12:0x040903d0 x14:0x72cb4a24  x6=0x913db9ac
     427835.000 ns	     42782	80008944	02d19b33	mulh	x22,x3,x13	  x3:0x00000000 x13:0x00000000 x22=0x00000000
     427855.000 ns	     42784	80008948	a3388797	auipc	x15,0xa3388	 x15=0x23390948
     427875.000 ns	     42786	8000894c	03a98333	mul	x6,x19,x26	 x19:0xe4059000 x26:0x00000000  x6=0x00000000
     427905.000 ns	     42789	80008950	036b8d33	mul	x26,x23,x22	 x23:0x22000098 x22:0x00000000 x26=0x00000000
     427935.000 ns	     42792	80008954	d01112d3	fcvt.s.wu	f5,x2	  x2:0x000005c0  f5=0x44b80000
     427965.000 ns	     42795	80008958	21d09e53	fsgnjn.s	f28,f1,f29	  f1:0x7ffbef80 f29:0x7fc00000 f28=0xfffbef80
     428335.000 ns	     42832	8000895c	03d76cb3	rem	x25,x14,x29	 x14:0x72cb4a24 x29:0x00000001 x25=0x00000000
     428365.000 ns	     42835	80008960	a1889f53	flt.s	x30,f17,f24	 f17:0x00000000 f24:0x00000000 x30=0x00000000
     428395.000 ns	     42838	80008964	03b78c33	mul	x24,x15,x27	 x15:0x23390948 x27:0xffffffff x24=0xdcc6f6b8
     428415.000 ns	     42840	80008968	4032d033	sra	x0,x5,x3	  x5:0x000005c1  x3:0x00000000
     428425.000 ns	     42841	8000896c	00357f33	and	x30,x10,x3	 x10:0x00000000  x3:0x00000000 x30=0x00000000
     428465.000 ns	     42845	80008970	01570a53	fadd.s	f20,f14,f21	 f14:0x4c81207a f21:0x7fc00000 f20=0x7fc00000
     428495.000 ns	     42848	80008974	d00e1a53	fcvt.s.w	f20,x28	 x28:0x00000000 f20=0x00000000
     428515.000 ns	     42850	80008978	009e89b3	add	x19,x29,x9	 x29:0x00000001  x9:0x000005c0 x19=0x000005c1
     428525.000 ns	     42851	8000897c	aed05e37	lui	x28,0xaed05	 x28=0xaed05000
     428545.000 ns	     42853	80008980	29d29ad3	fmax.s	f21,f5,f29	  f5:0x44b80000 f29:0x7fc00000 f21=0x44b80000
     428575.000 ns	     42856	80008984	d01492d3	fcvt.s.wu	f5,x9	  x9:0x000005c0  f5=0x44b80000
     428605.000 ns	     42859	80008988	20999cd3	fsgnjn.s	f25,f19,f9	 f19:0x4c81207a  f9:0x80000000 f25=0x4c81207a
     428635.000 ns	     42862	8000898c	02aba6b3	mulhsu	x13,x23,x10	 x23:0x22000098 x10:0x00000000 x13=0x00000000
     428665.000 ns	     42865	80008990	210a89d3	fsgnj.s	f19,f21,f16	 f21:0x44b80000 f16:0x40000000 f19=0x44b80000
     428695.000 ns	     42868	80008994	f00401d3	fmv.w.x	f3,x8	  x8:0xfffff957  f3=0xfffff957
     428725.000 ns	     42871	80008998	29030353	fmin.s	f6,f6,f16	  f6:0x7fc00000 f16:0x40000000  f6=0x40000000
     428755.000 ns	     42874	8000899c	e00d0ed3	fmv.x.w	x29,f26	 f26:0x3f350482 x29=0x3f350482
     428775.000 ns	     42876	800089a0	07d07893	andi	x17,x0,125	  x0:0x00000000 x17=0x00000000
     428785.000 ns	     42877	800089a4	41b381b3	sub	x3,x7,x27	  x7:0x000001a8 x27:0xffffffff  x3=0x000001a9
     428795.000 ns	     42878	800089a8	00c30c33	add	x24,x6,x12	  x6:0x00000000 x12:0x040903d0 x24=0x040903d0
     428805.000 ns	     42879	800089ac	0079e5b3	or	x11,x19,x7	 x19:0x000005c1  x7:0x000001a8 x11=0x000005e9
     428835.000 ns	     42882	800089b0	18d37253	fdiv.s	f4,f6,f13	  f6:0x40000000 f13:0x7fc00000  f4=0x7fc00000
     428865.000 ns	     42885	800089b4	d01e8953	fcvt.s.wu	f18,x29	 x29:0x3f350482 f18=0x4e7cd412
     428895.000 ns	     42888	800089b8	a1bf1e53	flt.s	x28,f30,f27	 f30:0x7fc00000 f27:0xbf800000 x28=0x00000000
     428925.000 ns	     42891	800089bc	20a426d3	fsgnjx.s	f13,f8,f10	  f8:0x7fc00000 f10:0xbf800000 f13=0xffc00000
     428965.000 ns	     42895	800089c0	112618d3	fmul.s	f17,f12,f18	 f12:0x80000000 f18:0x4e7cd412 f17=0x80000000
     429335.000 ns	     42932	800089c4	02f5ce33	div	x28,x11,x15	 x11:0x000005e9 x15:0x23390948 x28=0x00000000
     429705.000 ns	     42969	800089c8	035b5db3	divu	x27,x22,x21	 x22:0x00000000 x21:0x02000000 x27=0x00000000
     430075.000 ns	     43006	800089cc	0278c6b3	div	x13,x17,x7	 x17:0x00000000  x7:0x000001a8 x13=0x00000000
     430105.000 ns	     43009	800089d0	28b413d3	fmax.s	f7,f8,f11	  f8:0x7fc00000 f11:0xdc011c60  f7=0xdc011c60
     430145.000 ns	     43013	800089d4	58018553	fsqrt.s	f10,f3	  f3:0xfffff957 f10=0x7fc00000
     430175.000 ns	     43016	800089d8	217a1153	fsgnjn.s	f2,f20,f23	 f20:0x00000000 f23:0x80000000  f2=0x00000000
     430195.000 ns	     43018	800089dc	e6873613	sltiu	x12,x14,-408	 x14:0x72cb4a24 x12=0x00000001
     430205.000 ns	     43019	800089e0	01a0d033	srl	x0,x1,x26	  x1:0xffffffff x26:0x00000000
     430225.000 ns	     43021	800089e4	29e70bd3	fmin.s	f23,f14,f30	 f14:0x4c81207a f30:0x7fc00000 f23=0x4c81207a
     430245.000 ns	     43023	800089e8	01a6c633	xor	x12,x13,x26	 x13:0x00000000 x26:0x00000000 x12=0x00000000
     430265.000 ns	     43025	800089ec	026cdd33	divu	x26,x25,x6	 x25:0x00000000  x6:0x00000000 x26=0xffffffff
     430295.000 ns	     43028	800089f0	03f101b3	mul	x3,x2,x31	  x2:0x000005c0 x31:0x7fc00000  x3=0x90000000
     430345.000 ns	     43033	800089f4	087af653	fsub.s	f12,f21,f7	 f21:0x44b80000  f7:0xdc011c60 f12=0x5c011c60
     430715.000 ns	     43070	800089f8	02805633	divu	x12,x0,x8	  x0:0x00000000  x8:0xfffff957 x12=0x00000000
     430735.000 ns	     43072	800089fc	00000013	addi	x0,x0,0	  x0:0x00000000
     430755.000 ns	     43074	80008a00	e00785d3	fmv.x.w	x11,f15	 f15:0x6a763635 x11=0x6a763635
     430795.000 ns	     43078	80008a04	58010553	fsqrt.s	f10,f2	  f2:0x00000000 f10=0x00000000
     430825.000 ns	     43081	80008a08	d0121653	fcvt.s.wu	f12,x4	  x4:0x00000c95 f12=0x45495000
     430845.000 ns	     43083	80008a0c	40d58133	sub	x2,x11,x13	 x11:0x6a763635 x13:0x00000000  x2=0x6a763635
     430865.000 ns	     43085	80008a10	d00e47d3	fcvt.s.w	f15,x28	 x28:0x00000000 f15=0x00000000
     430895.000 ns	     43088	80008a14	027897b3	mulh	x15,x17,x7	 x17:0x00000000  x7:0x000001a8 x15=0x00000000
     430915.000 ns	     43090	80008a18	00385233	srl	x4,x16,x3	 x16:0x80040fe4  x3:0x90000000  x4=0x80040fe4
     430935.000 ns	     43092	80008a1c	f0080ed3	fmv.w.x	f29,x16	 x16:0x80040fe4 f29=0x80040fe4
     430965.000 ns	     43095	80008a20	02cce133	rem	x2,x25,x12	 x25:0x00000000 x12:0x00000000  x2=0x00000000
     430985.000 ns	     43097	80008a24	00000013	addi	x0,x0,0	  x0:0x00000000
     431005.000 ns	     43099	80008a28	03ab28b3	mulhsu	x17,x22,x26	 x22:0x00000000 x26:0xffffffff x17=0x00000000
     431035.000 ns	     43102	80008a2c	206b06d3	fsgnj.s	f13,f22,f6	 f22:0x3f800000  f6:0x40000000 f13=0x3f800000
     431065.000 ns	     43105	80008a30	a1ba82d3	fle.s	x5,f21,f27	 f21:0x44b80000 f27:0xbf800000  x5=0x00000000
     431115.000 ns	     43110	80008a34	099d93d3	fsub.s	f7,f27,f25	 f27:0xbf800000 f25:0x4c81207a  f7=0xcc81207a
     431145.000 ns	     43113	80008a38	02dd96b3	mulh	x13,x27,x13	 x27:0x00000000 x13:0x00000000 x13=0x00000000
     431165.000 ns	     43115	80008a3c	006679b3	and	x19,x12,x6	 x12:0x00000000  x6:0x00000000 x19=0x00000000
     431175.000 ns	     43116	80008a40	40e50eb3	sub	x29,x10,x14	 x10:0x00000000 x14:0x72cb4a24 x29=0x8d34b5dc
     431185.000 ns	     43117	80008a44	dd632c93	slti	x25,x6,-554	  x6:0x00000000 x25=0x00000000
     431205.000 ns	     43119	80008a48	293d80d3	fmin.s	f1,f27,f19	 f27:0xbf800000 f19:0x44b80000  f1=0xbf800000
     431225.000 ns	     43121	80008a4c	01103fb3	sltu	x31,x0,x17	  x0:0x00000000 x17:0x00000000 x31=0x00000000
     431235.000 ns	     43122	80008a50	f5943593	sltiu	x11,x8,-167	  x8:0xfffff957 x11=0x00000001
     431275.000 ns	     43126	80008a54	01483453	fadd.s	f8,f16,f20	 f16:0x40000000 f20:0x00000000  f8=0x40000000
     431305.000 ns	     43129	80008a58	a1e02353	feq.s	x6,f0,f30	  f0:0x43d10000 f30:0x7fc00000  x6=0x00000000
     431325.000 ns	     43131	80008a5c	96889697	auipc	x13,0x96889	 x13=0x16891a5c
     431365.000 ns	     43135	80008a60	08ddfb53	fsub.s	f22,f27,f13	 f27:0xbf800000 f13:0x3f800000 f22=0xc0000000
     431395.000 ns	     43138	80008a64	d00b7253	fcvt.s.w	f4,x22	 x22:0x00000000  f4=0x00000000
     431445.000 ns	     43143	80008a68	002faed3	fadd.s	f29,f31,f2	 f31:0xc0041014  f2:0x00000000 f29=0xc0041014
     431475.000 ns	     43146	80008a6c	d0081f53	fcvt.s.w	f30,x16	 x16:0x80040fe4 f30=0xcefff7e0
     431505.000 ns	     43149	80008a70	d013a053	fcvt.s.wu	f0,x7	  x7:0x000001a8  f0=0x43d40000
     431525.000 ns	     43151	80008a74	b8eba313	slti	x6,x23,-1138	 x23:0x22000098  x6=0x00000000
     431535.000 ns	     43152	80008a78	00a07033	and	x0,x0,x10	  x0:0x00000000 x10:0x00000000
     431555.000 ns	     43154	80008a7c	a0c18f53	fle.s	x30,f3,f12	  f3:0xfffff957 f12:0x45495000 x30=0x00000000
     431585.000 ns	     43157	80008a80	021b20b3	mulhsu	x1,x22,x1	 x22:0x00000000  x1:0xffffffff  x1=0x00000000
     431615.000 ns	     43160	80008a84	f00b0953	fmv.w.x	f18,x22	 x22:0x00000000 f18=0x00000000
     431955.000 ns	     43194	80008a88	199d7153	fdiv.s	f2,f26,f25	 f26:0x3f350482 f25:0x4c81207a  f2=0x31b50482
     431985.000 ns	     43197	80008a8c	03dca033	mulhsu	x0,x25,x29	 x25:0x00000000 x29:0x8d34b5dc
     432015.000 ns	     43200	80008a90	212717d3	fsgnjn.s	f15,f14,f18	 f14:0x4c81207a f18:0x00000000 f15=0xcc81207a
     432035.000 ns	     43202	80008a94	000ed393	srli	x7,x29,0x0	 x29:0x8d34b5dc  x7=0x8d34b5dc
     432055.000 ns	     43204	80008a98	289884d3	fmin.s	f9,f17,f9	 f17:0x80000000  f9:0x80000000  f9=0x80000000
     432085.000 ns	     43207	80008a9c	a0d38dd3	fle.s	x27,f7,f13	  f7:0xcc81207a f13:0x3f800000 x27=0x00000001
     432105.000 ns	     43209	80008aa0	00bd09b3	add	x19,x26,x11	 x26:0xffffffff x11:0x00000001 x19=0x00000000
     432115.000 ns	     43210	80008aa4	00c25093	srli	x1,x4,0xc	  x4:0x80040fe4  x1=0x00080040
     432135.000 ns	     43212	80008aa8	f00b0153	fmv.w.x	f2,x22	 x22:0x00000000  f2=0x00000000
     432165.000 ns	     43215	80008aac	033c3ab3	mulhu	x21,x24,x19	 x24:0x040903d0 x19:0x00000000 x21=0x00000000
     432185.000 ns	     43217	80008ab0	e68ffe37	lui	x28,0xe68ff	 x28=0xe68ff000
     432195.000 ns	     43218	80008ab4	00d823b3	slt	x7,x16,x13	 x16:0x80040fe4 x13:0x16891a5c  x7=0x00000001
     432205.000 ns	     43219	80008ab8	40b709b3	sub	x19,x14,x11	 x14:0x72cb4a24 x11:0x00000001 x19=0x72cb4a23
     432565.000 ns	     43255	80008abc	03a1ffb3	remu	x31,x3,x26	  x3:0x90000000 x26:0xffffffff x31=0x90000000
     432585.000 ns	     43257	80008ac0	164d4493	xori	x9,x26,356	 x26:0xffffffff  x9=0xfffffe9b
     432605.000 ns	     43259	80008ac4	e00491d3	fclass.s	x3,f9	  f9:0x80000000  x3=0x00000008
     432645.000 ns	     43263	80008ac8	18617453	fdiv.s	f8,f2,f6	  f2:0x00000000  f6:0x40000000  f8=0x00000000
     432675.000 ns	     43266	80008acc	28ed9653	fmax.s	f12,f27,f14	 f27:0xbf800000 f14:0x4c81207a f12=0x4c81207a
     432695.000 ns	     43268	80008ad0	a1c5fc93	andi	x25,x11,-1508	 x11:0x00000001 x25=0x00000000
     433055.000 ns	     43304	80008ad4	03bed4b3	divu	x9,x29,x27	 x29:0x8d34b5dc x27:0x00000001  x9=0x8d34b5dc
     433085.000 ns	     43307	80008ad8	d01d7a53	fcvt.s.wu	f20,x26	 x26:0xffffffff f20=0x4f7fffff
     433115.000 ns	     43310	80008adc	024518b3	mulh	x17,x10,x4	 x10:0x00000000  x4:0x80040fe4 x17=0x00000000
     433135.000 ns	     43312	80008ae0	40808633	sub	x12,x1,x8	  x1:0x00080040  x8:0xfffff957 x12=0x000806e9
     433145.000 ns	     43313	80008ae4	41885313	srai	x6,x16,0x18	 x16:0x80040fe4  x6=0xffffff80
     433155.000 ns	     43314	80008ae8	40c45e33	sra	x28,x8,x12	  x8:0xfffff957 x12:0x00000000 x28=0xfffffffc
     433165.000 ns	     43315	80008aec	0164ff33	and	x30,x9,x22	  x9:0x8d34b5dc x22:0x00000000 x30=0x00000000
     433195.000 ns	     43318	80008af0	19c2f5d3	fdiv.s	f11,f5,f28	  f5:0x44b80000 f28:0xfffbef80 f11=0x7fc00000
     433225.000 ns	     43321	80008af4	29ed1653	fmax.s	f12,f26,f30	 f26:0x3f350482 f30:0xcefff7e0 f12=0x3f350482
     433255.000 ns	     43324	80008af8	a0d8a653	feq.s	x12,f17,f13	 f17:0x80000000 f13:0x3f800000 x12=0x00000000
     433625.000 ns	     43361	80008afc	029dc1b3	div	x3,x27,x9	 x27:0x00000001  x9:0x8d34b5dc  x3=0x00000000
     433645.000 ns	     43363	80008b00	01ad72b3	and	x5,x26,x26	 x26:0xffffffff x26:0xffffffff  x5=0xffffffff
     433655.000 ns	     43364	80008b04	54788b13	addi	x22,x17,1351	 x17:0x00000000 x22=0x00000547
     433675.000 ns	     43366	80008b08	f0018ad3	fmv.w.x	f21,x3	  x3:0x00000000 f21=0x00000000
     433695.000 ns	     43368	80008b0c	01bede13	srli	x28,x29,0x1b	 x29:0x8d34b5dc x28=0x00000011
     433705.000 ns	     43369	80008b10	93bb4f93	xori	x31,x22,-1733	 x22:0x00000547 x31=0xfffffc7c
     433725.000 ns	     43371	80008b14	20f618d3	fsgnjn.s	f17,f12,f15	 f12:0x3f350482 f15:0xcc81207a f17=0x3f350482
     433745.000 ns	     43373	80008b18	d77aa513	slti	x10,x21,-649	 x21:0x00000000 x10=0x00000000
     433765.000 ns	     43375	80008b1c	21d4a4d3	fsgnjx.s	f9,f9,f29	  f9:0x80000000 f29:0xc0041014  f9=0x00000000
     433785.000 ns	     43377	80008b20	96de0613	addi	x12,x28,-1683	 x28:0x00000011 x12=0xfffff97e
     434145.000 ns	     43413	80008b24	029761b3	rem	x3,x14,x9	 x14:0x72cb4a24  x9:0x8d34b5dc  x3=0x00000000
     434165.000 ns	     43415	80008b28	412407b3	sub	x15,x8,x18	  x8:0xfffff957 x18:0x000001a3 x15=0xfffff7b4
     434175.000 ns	     43416	80008b2c	005d0d33	add	x26,x26,x5	 x26:0xffffffff  x5:0xffffffff x26=0xfffffffe
     434195.000 ns	     43418	80008b30	298f9053	fmax.s	f0,f31,f24	 f31:0xc0041014 f24:0x00000000  f0=0x00000000
     434215.000 ns	     43420	80008b34	01bb7db3	and	x27,x22,x27	 x22:0x00000547 x27:0x00000001 x27=0x00000001
     434575.000 ns	     43456	80008b38	036ddb33	divu	x22,x27,x22	 x27:0x00000001 x22:0x00000547 x22=0x00000000
     434605.000 ns	     43459	80008b3c	02f2ae33	mulhsu	x28,x5,x15	  x5:0xffffffff x15:0xfffff7b4 x28=0xffffffff
     434975.000 ns	     43496	80008b40	02747b33	remu	x22,x8,x7	  x8:0xfffff957  x7:0x00000001 x22=0x00000000
     435015.000 ns	     43500	80008b44	19c44553	fdiv.s	f10,f8,f28	  f8:0x00000000 f28:0xfffbef80 f10=0x7fc00000
     435035.000 ns	     43502	80008b48	d9b4b593	sltiu	x11,x9,-613	  x9:0x8d34b5dc x11=0x00000001
     435045.000 ns	     43503	80008b4c	eb2ce513	ori	x10,x25,-334	 x25:0x00000000 x10=0xfffffeb2
     435405.000 ns	     43539	80008b50	024b5c33	divu	x24,x22,x4	 x22:0x00000000  x4:0x80040fe4 x24=0x00000000
     435435.000 ns	     43542	80008b54	038e0bb3	mul	x23,x28,x24	 x28:0xffffffff x24:0x040903d0 x23=0x00000000
     435455.000 ns	     43544	80008b58	00000013	addi	x0,x0,0	  x0:0x00000000
     435815.000 ns	     43580	80008b5c	032dd233	divu	x4,x27,x18	 x27:0x00000001 x18:0x000001a3  x4=0x00000000
     435835.000 ns	     43582	80008b60	00000013	addi	x0,x0,0	  x0:0x00000000
     435845.000 ns	     43583	80008b64	eaa36193	ori	x3,x6,-342	  x6:0xffffff80  x3=0xffffffaa
     435865.000 ns	     43585	80008b68	21a28d53	fsgnj.s	f26,f5,f26	  f5:0x44b80000 f26:0x3f350482 f26=0x44b80000
     436235.000 ns	     43622	80008b6c	02fac9b3	div	x19,x21,x15	 x21:0x00000000 x15:0xfffff7b4 x19=0x00000000
     436265.000 ns	     43625	80008b70	21481753	fsgnjn.s	f14,f16,f20	 f16:0x40000000 f20:0x4f7fffff f14=0xc0000000
     436295.000 ns	     43628	80008b74	03d11d33	mulh	x26,x2,x29	  x2:0x00000000 x29:0x8d34b5dc x26=0x00000000
     436325.000 ns	     43631	80008b78	d0130ad3	fcvt.s.wu	f21,x6	  x6:0xffffff80 f21=0x4f800000
     436695.000 ns	     43668	80008b7c	02bc68b3	rem	x17,x24,x11	 x24:0x00000000 x11:0x00000001 x17=0x00000000
     436725.000 ns	     43671	80008b80	283485d3	fmin.s	f11,f9,f3	  f9:0x00000000  f3:0xfffff957 f11=0x00000000
     437095.000 ns	     43708	80008b84	030eef33	rem	x30,x29,x16	 x29:0x8d34b5dc x16:0x80040fe4 x30=0x8d34b5dc
     437125.000 ns	     43711	80008b88	0388c6b3	div	x13,x17,x24	 x17:0x00000000 x24:0x00000000 x13=0xffffffff
     437155.000 ns	     43714	80008b8c	e00f9d53	fclass.s	x26,f31	 f31:0xc0041014 x26=0x00000002
     437185.000 ns	     43717	80008b90	0208c633	div	x12,x17,x0	 x17:0x00000000  x0:0x00000000 x12=0xffffffff
     437225.000 ns	     43721	80008b94	111873d3	fmul.s	f7,f16,f17	 f16:0x40000000 f17:0x3f350482  f7=0x3fb50482
     437255.000 ns	     43724	80008b98	030889b3	mul	x19,x17,x16	 x17:0x00000000 x16:0x80040fe4 x19=0x00000000
     437285.000 ns	     43727	80008b9c	e0071453	fclass.s	x8,f14	 f14:0xc0000000  x8=0x00000002
     437315.000 ns	     43730	80008ba0	03387cb3	remu	x25,x16,x19	 x16:0x80040fe4 x19:0x00000000 x25=0x80040fe4
     437335.000 ns	     43732	80008ba4	418e8bb3	sub	x23,x29,x24	 x29:0x8d34b5dc x24:0x00000000 x23=0x8d34b5dc
     437345.000 ns	     43733	80008ba8	003e51b3	srl	x3,x28,x3	 x28:0xffffffff  x3:0xffffffaa  x3=0x003fffff
     437385.000 ns	     43737	80008bac	007ffbd3	fadd.s	f23,f31,f7	 f31:0xc0041014  f7:0x3fb50482 f23=0xbf26374c
     437415.000 ns	     43740	80008bb0	a0c58e53	fle.s	x28,f11,f12	 f11:0x00000000 f12:0x3f350482 x28=0x00000001
     437435.000 ns	     43742	80008bb4	0193d2b3	srl	x5,x7,x25	  x7:0x00000001 x25:0x80040fe4  x5=0x00000000
     437445.000 ns	     43743	80008bb8	eeb0a493	slti	x9,x1,-277	  x1:0x00080040  x9=0x00000000
     437465.000 ns	     43745	80008bbc	282c9753	fmax.s	f14,f25,f2	 f25:0x4c81207a  f2:0x00000000 f14=0x4c81207a
     437495.000 ns	     43748	80008bc0	f0060d53	fmv.w.x	f26,x12	 x12:0xffffffff f26=0xffffffff
     437525.000 ns	     43751	80008bc4	28e30653	fmin.s	f12,f6,f14	  f6:0x40000000 f14:0x4c81207a f12=0x40000000
     437895.000 ns	     43788	80008bc8	02f86933	rem	x18,x16,x15	 x16:0x80040fe4 x15:0xfffff7b4 x18=0xfffff7bc
     437915.000 ns	     43790	80008bcc	01a50f33	add	x30,x10,x26	 x10:0xfffffeb2 x26:0x00000002 x30=0xfffffeb4
     437925.000 ns	     43791	80008bd0	3db1e513	ori	x10,x3,987	  x3:0x003fffff x10=0x003fffff
     437935.000 ns	     43792	80008bd4	03c28693	addi	x13,x5,60	  x5:0x00000000 x13=0x0000003c
     437945.000 ns	     43793	80008bd8	f5daa537	lui	x10,0xf5daa	 x10=0xf5daa000
     437965.000 ns	     43795	80008bdc	f00c87d3	fmv.w.x	f15,x25	 x25:0x80040fe4 f15=0x80040fe4
     437995.000 ns	     43798	80008be0	215c80d3	fsgnj.s	f1,f25,f21	 f25:0x4c81207a f21:0x4f800000  f1=0x4c81207a
     438025.000 ns	     43801	80008be4	292d1c53	fmax.s	f24,f26,f18	 f26:0xffffffff f18:0x00000000 f24=0x00000000
     438045.000 ns	     43803	80008be8	ead59117	auipc	x2,0xead59	  x2=0x6ad61be8
     438375.000 ns	     43836	80008bec	19f7fa53	fdiv.s	f20,f15,f31	 f15:0x80040fe4 f31:0xc0041014 f20=0x00000000
     438395.000 ns	     43838	80008bf0	9c5da893	slti	x17,x27,-1595	 x27:0x00000001 x17=0x00000000
     438415.000 ns	     43840	80008bf4	c00a78d3	fcvt.w.s	x17,f20	 f20:0x00000000 x17=0x00000000
     438435.000 ns	     43842	80008bf8	01371133	sll	x2,x14,x19	 x14:0x72cb4a24 x19:0x00000000  x2=0x72cb4a24
     438475.000 ns	     43846	80008bfc	094cacd3	fsub.s	f25,f25,f20	 f25:0x4c81207a f20:0x00000000 f25=0x4c81207a
     438495.000 ns	     43848	80008c00	ad5ba193	slti	x3,x23,-1323	 x23:0x8d34b5dc  x3=0x00000001
     438515.000 ns	     43850	80008c04	204f0953	fsgnj.s	f18,f30,f4	 f30:0xcefff7e0  f4:0x00000000 f18=0x4efff7e0
     438535.000 ns	     43852	80008c08	6137b797	auipc	x15,0x6137b	 x15=0xe1383c08
     438565.000 ns	     43855	80008c0c	10247fd3	fmul.s	f31,f8,f2	  f8:0x00000000  f2:0x00000000 f31=0x00000000
     438595.000 ns	     43858	80008c10	a1e788d3	fle.s	x17,f15,f30	 f15:0x80040fe4 f30:0xcefff7e0 x17=0x00000000
     438615.000 ns	     43860	80008c14	70d16e13	ori	x28,x2,1805	  x2:0x72cb4a24 x28=0x72cb4f2d
     438635.000 ns	     43862	80008c18	020b9d33	mulh	x26,x23,x0	 x23:0x8d34b5dc  x0:0x00000000 x26=0x00000000
     439005.000 ns	     43899	80008c1c	030342b3	div	x5,x6,x16	  x6:0xffffff80 x16:0x80040fe4  x5=0x00000000
     439035.000 ns	     43902	80008c20	c014a7d3	fcvt.wu.s	x15,f9	  f9:0x00000000 x15=0x00000000
     439055.000 ns	     43904	80008c24	001a8133	add	x2,x21,x1	 x21:0x00000000  x1:0x00080040  x2=0x00080040
     439065.000 ns	     43905	80008c28	9d684213	xori	x4,x16,-1578	 x16:0x80040fe4  x4=0x7ffbf632
     439075.000 ns	     43906	80008c2c	1a0c5117	auipc	x2,0x1a0c5	  x2=0x9a0cdc2c
     439095.000 ns	     43908	80008c30	02e70c33	mul	x24,x14,x14	 x14:0x72cb4a24 x14:0x72cb4a24 x24=0xba90d510
     439115.000 ns	     43910	80008c34	a2b68193	addi	x3,x13,-1493	 x13:0x0000003c  x3=0xfffffa67
     439125.000 ns	     43911	80008c38	dae705b7	lui	x11,0xdae70	 x11=0xdae70000
     439135.000 ns	     43912	80008c3c	00a0fc33	and	x24,x1,x10	  x1:0x00080040 x10:0xf5daa000 x24=0x00080000
     439175.000 ns	     43916	80008c40	01679e53	fadd.s	f28,f15,f22	 f15:0x80040fe4 f22:0xc0000000 f28=0xc0000000
     439205.000 ns	     43919	80008c44	0355c133	div	x2,x11,x21	 x11:0xdae70000 x21:0x00000000  x2=0xffffffff
     439225.000 ns	     43921	80008c48	3469f093	andi	x1,x19,838	 x19:0x00000000  x1=0x00000000
     439265.000 ns	     43925	80008c4c	009bc1d3	fadd.s	f3,f23,f9	 f23:0xbf26374c  f9:0x00000000  f3=0xbf26374c
     439605.000 ns	     43959	80008c50	1916bad3	fdiv.s	f21,f13,f17	 f13:0x3f800000 f17:0x3f350482 f21=0x3fb504f6
     439625.000 ns	     43961	80008c54	4053db93	srai	x23,x7,0x5	  x7:0x00000001 x23=0x00000000
     439655.000 ns	     43964	80008c58	580e73d3	fsqrt.s	f7,f28	 f28:0xc0000000  f7=0x7fc00000
     439675.000 ns	     43966	80008c5c	a3f8e913	ori	x18,x17,-1473	 x17:0x00000000 x18=0xfffffa3f
     439695.000 ns	     43968	80008c60	d01e05d3	fcvt.s.wu	f11,x28	 x28:0x72cb4f2d f11=0x4ee5969e
     439715.000 ns	     43970	80008c64	41bfd313	srai	x6,x31,0x1b	 x31:0xfffffc7c  x6=0xffffffff
     440795.000 ns	     44078	80008c68	5808ff53	fsqrt.s	f30,f17	 f17:0x3f350482 f30=0x3effff22
     440825.000 ns	     44081	80008c6c	035eec33	rem	x24,x29,x21	 x29:0x8d34b5dc x21:0x00000000 x24=0x8d34b5dc
     440855.000 ns	     44084	80008c70	a1082553	feq.s	x10,f16,f16	 f16:0x40000000 f16:0x40000000 x10=0x00000001
     440875.000 ns	     44086	80008c74	8953cd13	xori	x26,x7,-1899	  x7:0x00000001 x26=0xfffff894
     440895.000 ns	     44088	80008c78	c00e2ad3	fcvt.w.s	x21,f28	 f28:0xc0000000 x21=0xfffffffe
     440925.000 ns	     44091	80008c7c	a04026d3	feq.s	x13,f0,f4	  f0:0x00000000  f4:0x00000000 x13=0x00000001
     440945.000 ns	     44093	80008c80	01fdb4b3	sltu	x9,x27,x31	 x27:0x00000001 x31:0xfffffc7c  x9=0x00000001
     440965.000 ns	     44095	80008c84	02085c33	divu	x24,x16,x0	 x16:0x80040fe4  x0:0x00000000 x24=0xffffffff
     440995.000 ns	     44098	80008c88	c0187053	fcvt.wu.s	x0,f16	 f16:0x40000000
     441015.000 ns	     44100	80008c8c	00000013	addi	x0,x0,0	  x0:0x00000000
     441035.000 ns	     44102	80008c90	e0090453	fmv.x.w	x8,f18	 f18:0x4efff7e0  x8=0x4efff7e0
     441055.000 ns	     44104	80008c94	01dd2fb3	slt	x31,x26,x29	 x26:0xfffff894 x29:0x8d34b5dc x31=0x00000000
     441065.000 ns	     44105	80008c98	01c86097	auipc	x1,0x1c86	  x1=0x81c8ec98
     441085.000 ns	     44107	80008c9c	d005b753	fcvt.s.w	f14,x11	 x11:0xdae70000 f14=0xce146400
     441455.000 ns	     44144	80008ca0	03d2dab3	divu	x21,x5,x29	  x5:0x00000000 x29:0x8d34b5dc x21=0x00000000
     441505.000 ns	     44149	80008ca4	0917f3d3	fsub.s	f7,f15,f17	 f15:0x80040fe4 f17:0x3f350482  f7=0xbf350482
     442685.000 ns	     44267	80008ca8	58099853	fsqrt.s	f16,f19	 f19:0x44b80000 f16=0x42197765
     442715.000 ns	     44270	80008cac	a1dd2bd3	feq.s	x23,f26,f29	 f26:0xffffffff f29:0xc0041014 x23=0x00000000
     442745.000 ns	     44273	80008cb0	a0e2ae53	feq.s	x28,f5,f14	  f5:0x44b80000 f14:0xce146400 x28=0x00000000
     442775.000 ns	     44276	80008cb4	29709553	fmax.s	f10,f1,f23	  f1:0x4c81207a f23:0xbf26374c f10=0x4c81207a
     442815.000 ns	     44280	80008cb8	580b3053	fsqrt.s	f0,f22	 f22:0xc0000000  f0=0x7fc00000
     443185.000 ns	     44317	80008cbc	02414f33	div	x30,x2,x4	  x2:0xffffffff  x4:0x7ffbf632 x30=0x00000000
     443205.000 ns	     44319	80008cc0	01a9a7b3	slt	x15,x19,x26	 x19:0x00000000 x26:0xfffff894 x15=0x00000000
     443215.000 ns	     44320	80008cc4	2828b497	auipc	x9,0x2828b	  x9=0xa8293cc4
     443235.000 ns	     44322	80008cc8	d01af953	fcvt.s.wu	f18,x21	 x21:0x00000000 f18=0x00000000
     443265.000 ns	     44325	80008ccc	02af1533	mulh	x10,x30,x10	 x30:0x00000000 x10:0x00000001 x10=0x00000000
     443295.000 ns	     44328	80008cd0	20fc84d3	fsgnj.s	f9,f25,f15	 f25:0x4c81207a f15:0x80040fe4  f9=0xcc81207a
     443315.000 ns	     44330	80008cd4	00cc8633	add	x12,x25,x12	 x25:0x80040fe4 x12:0xffffffff x12=0x80040fe3
     443335.000 ns	     44332	80008cd8	e0049253	fclass.s	x4,f9	  f9:0xcc81207a  x4=0x00000002
     443365.000 ns	     44335	80008cdc	02dd04b3	mul	x9,x26,x13	 x26:0xfffff894 x13:0x00000001  x9=0xfffff894
     443395.000 ns	     44338	80008ce0	02820cb3	mul	x25,x4,x8	  x4:0x00000002  x8:0x4efff7e0 x25=0x9dffefc0
     443415.000 ns	     44340	80008ce4	40ce86b3	sub	x13,x29,x12	 x29:0x8d34b5dc x12:0x80040fe3 x13=0x0d30a5f9
     443425.000 ns	     44341	80008ce8	41f1dcb3	sra	x25,x3,x31	  x3:0xfffffa67 x31:0x00000000 x25=0xfffffa67
     443435.000 ns	     44342	80008cec	c9c07a93	andi	x21,x0,-868	  x0:0x00000000 x21=0x00000000
     443445.000 ns	     44343	80008cf0	00000013	addi	x0,x0,0	  x0:0x00000000
     443465.000 ns	     44345	80008cf4	29cf1553	fmax.s	f10,f30,f28	 f30:0x3effff22 f28:0xc0000000 f10=0x3effff22
     443515.000 ns	     44350	80008cf8	01307653	fadd.s	f12,f0,f19	  f0:0x7fc00000 f19:0x44b80000 f12=0x7fc00000
     443535.000 ns	     44352	80008cfc	416c5d13	srai	x26,x24,0x16	 x24:0xffffffff x26=0xffffffff
     443895.000 ns	     44388	80008d00	02714633	div	x12,x2,x7	  x2:0xffffffff  x7:0x00000001 x12=0xffffffff
     443915.000 ns	     44390	80008d04	00b045b3	xor	x11,x0,x11	  x0:0x00000000 x11:0xdae70000 x11=0xdae70000
     443935.000 ns	     44392	80008d08	200b1d53	fsgnjn.s	f26,f22,f0	 f22:0xc0000000  f0:0x7fc00000 f26=0xc0000000
     443965.000 ns	     44395	80008d0c	20779fd3	fsgnjn.s	f31,f15,f7	 f15:0x80040fe4  f7:0xbf350482 f31=0x00040fe4
     443985.000 ns	     44397	80008d10	36278e93	addi	x29,x15,866	 x15:0x00000000 x29=0x00000362
     444015.000 ns	     44400	80008d14	580b7dd3	fsqrt.s	f27,f22	 f22:0xc0000000 f27=0x7fc00000
     444045.000 ns	     44403	80008d18	2133acd3	fsgnjx.s	f25,f7,f19	  f7:0xbf350482 f19:0x44b80000 f25=0xbf350482
     444075.000 ns	     44406	80008d1c	c009f3d3	fcvt.w.s	x7,f19	 f19:0x44b80000  x7=0x000005c0
     444445.000 ns	     44443	80008d20	03d742b3	div	x5,x14,x29	 x14:0x72cb4a24 x29:0x00000362  x5=0x0021ef3c
     444465.000 ns	     44445	80008d24	ced9e213	ori	x4,x19,-787	 x19:0x00000000  x4=0xfffffced
     444485.000 ns	     44447	80008d28	c01026d3	fcvt.wu.s	x13,f0	  f0:0x7fc00000 x13=0xffffffff
     444505.000 ns	     44449	80008d2c	45ddb213	sltiu	x4,x27,1117	 x27:0x00000001  x4=0x00000001
     444525.000 ns	     44451	80008d30	a0e11653	flt.s	x12,f2,f14	  f2:0x00000000 f14:0xce146400 x12=0x00000000
     444545.000 ns	     44453	80008d34	d55b1217	auipc	x4,0xd55b1	  x4=0x555b9d34
     444555.000 ns	     44454	80008d38	ec16c693	xori	x13,x13,-319	 x13:0xffffffff x13=0x0000013e
     444575.000 ns	     44456	80008d3c	f0030153	fmv.w.x	f2,x6	  x6:0xffffffff  f2=0xffffffff
     444595.000 ns	     44458	80008d40	002b9013	slli	x0,x23,0x2	 x23:0x00000000
     444615.000 ns	     44460	80008d44	a01d9ed3	flt.s	x29,f27,f1	 f27:0x7fc00000  f1:0x4c81207a x29=0x00000000
     444645.000 ns	     44463	80008d48	02fbbbb3	mulhu	x23,x23,x15	 x23:0x00000000 x15:0x00000000 x23=0x00000000
     444675.000 ns	     44466	80008d4c	c0008453	fcvt.w.s	x8,f1	  f1:0x4c81207a  x8=0x040903d0
     444705.000 ns	     44469	80008d50	d00f06d3	fcvt.s.w	f13,x30	 x30:0x00000000 f13=0x00000000
     444735.000 ns	     44472	80008d54	031edab3	divu	x21,x29,x17	 x29:0x00000000 x17:0x00000000 x21=0xffffffff
     444755.000 ns	     44474	80008d58	0b903013	sltiu	x0,x0,185	  x0:0x00000000
     444775.000 ns	     44476	80008d5c	a1b281d3	fle.s	x3,f5,f27	  f5:0x44b80000 f27:0x7fc00000  x3=0x00000000
     444795.000 ns	     44478	80008d60	00000013	addi	x0,x0,0	  x0:0x00000000
     444815.000 ns	     44480	80008d64	a036a0d3	feq.s	x1,f13,f3	 f13:0x00000000  f3:0xbf26374c  x1=0x00000000
     444845.000 ns	     44483	80008d68	d011fe53	fcvt.s.wu	f28,x3	  x3:0x00000000 f28=0x00000000
     444865.000 ns	     44485	80008d6c	f0feb5b7	lui	x11,0xf0feb	 x11=0xf0feb000
     444875.000 ns	     44486	80008d70	01fced33	or	x26,x25,x31	 x25:0xfffffa67 x31:0x00000000 x26=0xfffffa67
     444885.000 ns	     44487	80008d74	011e3fb3	sltu	x31,x28,x17	 x28:0x00000000 x17:0x00000000 x31=0x00000000
     444905.000 ns	     44489	80008d78	d0047453	fcvt.s.w	f8,x8	  x8:0x040903d0  f8=0x4c81207a
     444935.000 ns	     44492	80008d7c	02cb3033	mulhu	x0,x22,x12	 x22:0x00000000 x12:0x00000000
     445305.000 ns	     44529	80008d80	02796133	rem	x2,x18,x7	 x18:0xfffffa3f  x7:0x000005c0  x2=0xffffffff
     445335.000 ns	     44532	80008d84	03ec98b3	mulh	x17,x25,x30	 x25:0xfffffa67 x30:0x00000000 x17=0x00000000
     445365.000 ns	     44535	80008d88	d00bf753	fcvt.s.w	f14,x23	 x23:0x00000000 f14=0x00000000
     445395.000 ns	     44538	80008d8c	e00600d3	fmv.x.w	x1,f12	 f12:0x7fc00000  x1=0x7fc00000
     445415.000 ns	     44540	80008d90	00ee1133	sll	x2,x28,x14	 x28:0x00000000 x14:0x72cb4a24  x2=0x00000000
     445435.000 ns	     44542	80008d94	022c1f33	mulh	x30,x24,x2	 x24:0xffffffff  x2:0xffffffff x30=0x00000000
     445475.000 ns	     44546	80008d98	11da7dd3	fmul.s	f27,f20,f29	 f20:0x00000000 f29:0xc0041014 f27=0x80000000
     445505.000 ns	     44549	80008d9c	e00d0053	fmv.x.w	x0,f26	 f26:0xc0000000
     445535.000 ns	     44552	80008da0	c005aad3	fcvt.w.s	x21,f11	 f11:0x4ee5969e x21=0x72cb4f00
     445555.000 ns	     44554	80008da4	0125b0b3	sltu	x1,x11,x18	 x11:0xf0feb000 x18:0xfffffa3f  x1=0x00000001
     445575.000 ns	     44556	80008da8	c008a453	fcvt.w.s	x8,f17	 f17:0x3f350482  x8=0x00000000
     445595.000 ns	     44558	80008dac	61d56693	ori	x13,x10,1565	 x10:0x00000000 x13=0x0000061d
     445605.000 ns	     44559	80008db0	41715d33	sra	x26,x2,x23	  x2:0x00000000 x23:0x00000000 x26=0x00000000
     445615.000 ns	     44560	80008db4	00d31933	sll	x18,x6,x13	  x6:0xffffffff x13:0x0000013e x18=0xe0000000
     445635.000 ns	     44562	80008db8	a0c20ed3	fle.s	x29,f4,f12	  f4:0x00000000 f12:0x7fc00000 x29=0x00000000
     445665.000 ns	     44565	80008dbc	03e6be33	mulhu	x28,x13,x30	 x13:0x0000061d x30:0x00000000 x28=0x00000000
     445695.000 ns	     44568	80008dc0	d00ffb53	fcvt.s.w	f22,x31	 x31:0x00000000 f22=0x00000000
     445715.000 ns	     44570	80008dc4	00afd413	srli	x8,x31,0xa	 x31:0x00000000  x8=0x00000000
     445735.000 ns	     44572	80008dc8	e00b01d3	fmv.x.w	x3,f22	 f22:0x00000000  x3=0x00000000
     445755.000 ns	     44574	80008dcc	01b9beb3	sltu	x29,x19,x27	 x19:0x00000000 x27:0x00000001 x29=0x00000001
     445765.000 ns	     44575	80008dd0	40cc03b3	sub	x7,x24,x12	 x24:0xffffffff x12:0x00000000  x7=0xffffffff
     445785.000 ns	     44577	80008dd4	c014bdd3	fcvt.wu.s	x27,f9	  f9:0xcc81207a x27=0x040903d0
     445815.000 ns	     44580	80008dd8	f00b8853	fmv.w.x	f16,x23	 x23:0x00000000 f16=0x00000000
     446185.000 ns	     44617	80008ddc	03405433	divu	x8,x0,x20	  x0:0x00000000 x20:0x80041024  x8=0x00000000
     446215.000 ns	     44620	80008de0	a0548653	fle.s	x12,f9,f5	  f9:0xcc81207a  f5:0x44b80000 x12=0x00000001
     446235.000 ns	     44622	80008de4	00d2dcb3	srl	x25,x5,x13	  x5:0x0021ef3c x13:0x0000061d x25=0x00000000
     446245.000 ns	     44623	80008de8	0a34b397	auipc	x7,0xa34b	  x7=0x8a353de8
     446265.000 ns	     44625	80008dec	a0710bd3	fle.s	x23,f2,f7	  f2:0xffffffff  f7:0xbf350482 x23=0x00000000
     446295.000 ns	     44628	80008df0	031d0cb3	mul	x25,x26,x17	 x26:0x00000000 x17:0x00000000 x25=0x00000000
     446315.000 ns	     44630	80008df4	1e4acc93	xori	x25,x21,484	 x21:0x72cb4f00 x25=0x72cb4ee4
     446325.000 ns	     44631	80008df8	3480c113	xori	x2,x1,840	  x1:0x00000001  x2=0x00000349
     446335.000 ns	     44632	80008dfc	01bbc4b3	xor	x9,x23,x27	 x23:0x00000000 x27:0x040903d0  x9=0x040903d0
     446355.000 ns	     44634	80008e00	21f19bd3	fsgnjn.s	f23,f3,f31	  f3:0xbf26374c f31:0x00040fe4 f23=0xbf26374c
     446375.000 ns	     44636	80008e04	00f55893	srli	x17,x10,0xf	 x10:0x00000000 x17=0x00000000
     446385.000 ns	     44637	80008e08	005a78b3	and	x17,x20,x5	 x20:0x80041024  x5:0x0021ef3c x17=0x00000024
     446405.000 ns	     44639	80008e0c	03270bb3	mul	x23,x14,x18	 x14:0x72cb4a24 x18:0xe0000000 x23=0x80000000
     446425.000 ns	     44641	80008e10	005bce33	xor	x28,x23,x5	 x23:0x00000000  x5:0x0021ef3c x28=0x8021ef3c
     446445.000 ns	     44643	80008e14	d00d9d53	fcvt.s.w	f26,x27	 x27:0x040903d0 f26=0x4c81207a
     446465.000 ns	     44645	80008e18	40c7d993	srai	x19,x15,0xc	 x15:0x00000000 x19=0x00000000
     446475.000 ns	     44646	80008e1c	01d50ab3	add	x21,x10,x29	 x10:0x00000000 x29:0x00000001 x21=0x00000001
     446485.000 ns	     44647	80008e20	00000013	addi	x0,x0,0	  x0:0x00000000
     446495.000 ns	     44648	80008e24	0048d5b3	srl	x11,x17,x4	 x17:0x00000024  x4:0x555b9d34 x11=0x00000000
     446505.000 ns	     44649	80008e28	00a75b33	srl	x22,x14,x10	 x14:0x72cb4a24 x10:0x00000000 x22=0x72cb4a24
     446515.000 ns	     44650	80008e2c	2b55f593	andi	x11,x11,693	 x11:0xf0feb000 x11=0x00000000
     446535.000 ns	     44652	80008e30	c0009653	fcvt.w.s	x12,f1	  f1:0x4c81207a x12=0x040903d0
     446565.000 ns	     44655	80008e34	024a0eb3	mul	x29,x20,x4	 x20:0x80041024  x4:0x555b9d34 x29=0x2f855b50
     446595.000 ns	     44658	80008e38	03878133	mul	x2,x15,x24	 x15:0x00000000 x24:0xffffffff  x2=0x00000000
     446615.000 ns	     44660	80008e3c	a29df913	andi	x18,x27,-1495	 x27:0x040903d0 x18=0x04090200
     446625.000 ns	     44661	80008e40	571a3b93	sltiu	x23,x20,1393	 x20:0x80041024 x23=0x00000000
     446655.000 ns	     44664	80008e44	113126d3	fmul.s	f13,f2,f19	  f2:0xffffffff f19:0x44b80000 f13=0x7fc00000
     446675.000 ns	     44666	80008e48	008647b3	xor	x15,x12,x8	 x12:0x040903d0  x8:0x00000000 x15=0x040903d0
     446705.000 ns	     44669	80008e4c	182104d3	fdiv.s	f9,f2,f2	  f2:0xffffffff  f2:0xffffffff  f9=0x7fc00000
     447075.000 ns	     44706	80008e50	034ecf33	div	x30,x29,x20	 x29:0x2f855b50 x20:0x80041024 x30=0x00000000
     447105.000 ns	     44709	80008e54	a1fba453	feq.s	x8,f23,f31	 f23:0xbf26374c f31:0x00040fe4  x8=0x00000000
     447135.000 ns	     44712	80008e58	c01dc153	fcvt.wu.s	x2,f27	 f27:0x80000000  x2=0x00000000
     447165.000 ns	     44715	80008e5c	e00e1053	fclass.s	x0,f28	 f28:0x00000000
     447185.000 ns	     44717	80008e60	f7bb3d13	sltiu	x26,x22,-133	 x22:0x72cb4a24 x26=0x00000001
     447195.000 ns	     44718	80008e64	0063dcb3	srl	x25,x7,x6	  x7:0x8a353de8  x6:0xffffffff x25=0x00000001
     447205.000 ns	     44719	80008e68	019111b3	sll	x3,x2,x25	  x2:0x00000000 x25:0x72cb4ee4  x3=0x00000000
     447215.000 ns	     44720	80008e6c	017bc9b3	xor	x19,x23,x23	 x23:0x00000000 x23:0x00000000 x19=0x00000000
     447225.000 ns	     44721	80008e70	4e057e93	andi	x29,x10,1248	 x10:0x00000000 x29=0x00000000
     447235.000 ns	     44722	80008e74	005eae33	slt	x28,x29,x5	 x29:0x2f855b50  x5:0x0021ef3c x28=0x00000001
     447245.000 ns	     44723	80008e78	00d15433	srl	x8,x2,x13	  x2:0x00000000 x13:0x0000061d  x8=0x00000000
     447255.000 ns	     44724	80008e7c	0041d2b3	srl	x5,x3,x4	  x3:0x00000000  x4:0x555b9d34  x5=0x00000000
     447275.000 ns	     44726	80008e80	21fc9153	fsgnjn.s	f2,f25,f31	 f25:0xbf350482 f31:0x00040fe4  f2=0xbf350482
     447295.000 ns	     44728	80008e84	00639a93	slli	x21,x7,0x6	  x7:0x8a353de8 x21=0x8d4f7a00
     447305.000 ns	     44729	80008e88	0144bcb3	sltu	x25,x9,x20	  x9:0x040903d0 x20:0x80041024 x25=0x00000001
     447335.000 ns	     44732	80008e8c	198a7b53	fdiv.s	f22,f20,f24	 f20:0x00000000 f24:0x00000000 f22=0x7fc00000
     447355.000 ns	     44734	80008e90	40dcd933	sra	x18,x25,x13	 x25:0x00000001 x13:0x0000061d x18=0x00000000
     447375.000 ns	     44736	80008e94	d00ea1d3	fcvt.s.w	f3,x29	 x29:0x00000000  f3=0x00000000
     447395.000 ns	     44738	80008e98	014dd533	srl	x10,x27,x20	 x27:0x040903d0 x20:0x80041024 x10=0x0040903d
     447405.000 ns	     44739	80008e9c	b945b237	lui	x4,0xb945b	  x4=0xb945b000
     447415.000 ns	     44740	80008ea0	8b128113	addi	x2,x5,-1871	  x5:0x00000000  x2=0xfffff8b1
     447425.000 ns	     44741	80008ea4	01a1d993	srli	x19,x3,0x1a	  x3:0x00000000 x19=0x00000000
     447455.000 ns	     44744	80008ea8	19467ed3	fdiv.s	f29,f12,f20	 f12:0x7fc00000 f20:0x00000000 f29=0x7fc00000
     448635.000 ns	     44862	80008eac	5802abd3	fsqrt.s	f23,f5	  f5:0x44b80000 f23=0x42197765
     448655.000 ns	     44864	80008eb0	015633b3	sltu	x7,x12,x21	 x12:0x040903d0 x21:0x8d4f7a00  x7=0x00000001
     448685.000 ns	     44867	80008eb4	10fd3ed3	fmul.s	f29,f26,f15	 f26:0x4c81207a f15:0x80040fe4 f29=0x8b032174
     448705.000 ns	     44869	80008eb8	00b5d893	srli	x17,x11,0xb	 x11:0x00000000 x17=0x00000000
     449035.000 ns	     44902	80008ebc	18bec753	fdiv.s	f14,f29,f11	 f29:0x8b032174 f11:0x4ee5969e f14=0xfb832174
     449055.000 ns	     44904	80008ec0	8bff1ab7	lui	x21,0x8bff1	 x21=0x8bff1000
     449065.000 ns	     44905	80008ec4	010d8033	add	x0,x27,x16	 x27:0x040903d0 x16:0x80040fe4
     449085.000 ns	     44907	80008ec8	03418cb3	mul	x25,x3,x20	  x3:0x00000000 x20:0x80041024 x25=0x00000000
     449105.000 ns	     44909	80008ecc	00000013	addi	x0,x0,0	  x0:0x00000000
     449125.000 ns	     44911	80008ed0	d014f653	fcvt.s.wu	f12,x9	  x9:0x040903d0 f12=0x4c81207a
     449145.000 ns	     44913	80008ed4	0189a8b3	slt	x17,x19,x24	 x19:0x00000000 x24:0xffffffff x17=0x00000000
     449155.000 ns	     44914	80008ed8	7477ce93	xori	x29,x15,1863	 x15:0x040903d0 x29=0x04090497
     449185.000 ns	     44917	80008edc	18b04953	fdiv.s	f18,f0,f11	  f0:0x7fc00000 f11:0x4ee5969e f18=0x7fc00000
     449205.000 ns	     44919	80008ee0	7e4f3013	sltiu	x0,x30,2020	 x30:0x00000000
     449215.000 ns	     44920	80008ee4	69567217	auipc	x4,0x69567	  x4=0xe956fee4
     449235.000 ns	     44922	80008ee8	d019bfd3	fcvt.s.wu	f31,x19	 x19:0x00000000 f31=0x00000000
     449255.000 ns	     44924	80008eec	00e4d8b3	srl	x17,x9,x14	  x9:0x040903d0 x14:0x72cb4a24 x17=0x0040903d
     449265.000 ns	     44925	80008ef0	002cc2b3	xor	x5,x25,x2	 x25:0x00000000  x2:0xfffff8b1  x5=0xfffff8b1
     449625.000 ns	     44961	80008ef4	035940b3	div	x1,x18,x21	 x18:0x00000000 x21:0x8bff1000  x1=0x00000000
     449655.000 ns	     44964	80008ef8	02c28bb3	mul	x23,x5,x12	  x5:0x00000000 x12:0x040903d0 x23=0x821d22d0
     449685.000 ns	     44967	80008efc	d005f9d3	fcvt.s.w	f19,x11	 x11:0x00000000 f19=0x00000000
     449715.000 ns	     44970	80008f00	03f0d133	divu	x2,x1,x31	  x1:0x00000000 x31:0x00000000  x2=0xffffffff
     449765.000 ns	     44975	80008f04	088bfa53	fsub.s	f20,f23,f8	 f23:0x42197765  f8:0x4c81207a f20=0xcc812075
     449795.000 ns	     44978	80008f08	03e70633	mul	x12,x14,x30	 x14:0x72cb4a24 x30:0x00000000 x12=0x00000000
     449825.000 ns	     44981	80008f0c	f00b8d53	fmv.w.x	f26,x23	 x23:0x821d22d0 f26=0x821d22d0
     449845.000 ns	     44983	80008f10	93a44cb7	lui	x25,0x93a44	 x25=0x93a44000
     450205.000 ns	     45019	80008f14	038ae1b3	rem	x3,x21,x24	 x21:0x8bff1000 x24:0xffffffff  x3=0x00000000
     450225.000 ns	     45021	80008f18	00b6f133	and	x2,x13,x11	 x13:0x0000061d x11:0x00000000  x2=0x00000000
     450235.000 ns	     45022	80008f1c	0126a2b3	slt	x5,x13,x18	 x13:0x0000061d x18:0x00000000  x5=0x00000000
     450245.000 ns	     45023	80008f20	40b259b3	sra	x19,x4,x11	  x4:0xe956fee4 x11:0x00000000 x19=0xe956fee4
     450265.000 ns	     45025	80008f24	a0470e53	fle.s	x28,f14,f4	 f14:0xfb832174  f4:0x00000000 x28=0x00000001
     450285.000 ns	     45027	80008f28	cbf77893	andi	x17,x14,-833	 x14:0x72cb4a24 x17=0x72cb4824
     450295.000 ns	     45028	80008f2c	4144d7b3	sra	x15,x9,x20	  x9:0x040903d0 x20:0x80041024 x15=0x0040903d
     450305.000 ns	     45029	80008f30	01c79b93	slli	x23,x15,0x1c	 x15:0x040903d0 x23=0xd0000000
     450325.000 ns	     45031	80008f34	f0028553	fmv.w.x	f10,x5	  x5:0x00000000 f10=0x00000000
     450365.000 ns	     45035	80008f38	19ba11d3	fdiv.s	f3,f20,f27	 f20:0xcc812075 f27:0x80000000  f3=0x7f800000
     450395.000 ns	     45038	80008f3c	0224b333	mulhu	x6,x9,x2	  x9:0x040903d0  x2:0x00000000  x6=0x00000000
     450415.000 ns	     45040	80008f40	e76e0313	addi	x6,x28,-394	 x28:0x00000001  x6=0xfffffe77
     450425.000 ns	     45041	80008f44	00efd513	srli	x10,x31,0xe	 x31:0x00000000 x10=0x00000000
     450435.000 ns	     45042	80008f48	00000013	addi	x0,x0,0	  x0:0x00000000
     450445.000 ns	     45043	80008f4c	01f3c633	xor	x12,x7,x31	  x7:0x00000001 x31:0x00000000 x12=0x00000001
     450455.000 ns	     45044	80008f50	015de633	or	x12,x27,x21	 x27:0x040903d0 x21:0x8bff1000 x12=0x8fff13d0
     450465.000 ns	     45045	80008f54	01b069b3	or	x19,x0,x27	  x0:0x00000000 x27:0x040903d0 x19=0x040903d0
     450485.000 ns	     45047	80008f58	a18d83d3	fle.s	x7,f27,f24	 f27:0x80000000 f24:0x00000000  x7=0x00000001
     450515.000 ns	     45050	80008f5c	20668f53	fsgnj.s	f30,f13,f6	 f13:0x7fc00000  f6:0x40000000 f30=0x7fc00000
     450545.000 ns	     45053	80008f60	a0f80bd3	fle.s	x23,f16,f15	 f16:0x00000000 f15:0x80040fe4 x23=0x00000000
     450565.000 ns	     45055	80008f64	006a5c33	srl	x24,x20,x6	 x20:0x80041024  x6:0xfffffe77 x24=0x00000100
     450595.000 ns	     45058	80008f68	11b39153	fmul.s	f2,f7,f27	  f7:0xbf350482 f27:0x80000000  f2=0x00000000
     450615.000 ns	     45060	80008f6c	01e35b33	srl	x22,x6,x30	  x6:0xfffffe77 x30:0x00000000 x22=0xfffffe77
     450625.000 ns	     45061	80008f70	00130533	add	x10,x6,x1	  x6:0xfffffe77  x1:0x00000000 x10=0xfffffe77
     450645.000 ns	     45063	80008f74	d01a7453	fcvt.s.wu	f8,x20	 x20:0x80041024  f8=0x4f000410
     450675.000 ns	     45066	80008f78	a1e6a253	feq.s	x4,f13,f30	 f13:0x7fc00000 f30:0x7fc00000  x4=0x00000000
     450705.000 ns	     45069	80008f7c	d0097653	fcvt.s.w	f12,x18	 x18:0x00000000 f12=0x00000000
     451075.000 ns	     45106	80008f80	02c4d3b3	divu	x7,x9,x12	  x9:0x040903d0 x12:0x8fff13d0  x7=0x00000000
     451095.000 ns	     45108	80008f84	01d46cb3	or	x25,x8,x29	  x8:0x00000000 x29:0x04090497 x25=0x04090497
     451115.000 ns	     45110	80008f88	03fccc33	div	x24,x25,x31	 x25:0x93a44000 x31:0x00000000 x24=0xffffffff
     451135.000 ns	     45112	80008f8c	36542993	slti	x19,x8,869	  x8:0x00000000 x19=0x00000001
     451165.000 ns	     45115	80008f90	11522ad3	fmul.s	f21,f4,f21	  f4:0x00000000 f21:0x3fb504f6 f21=0x00000000
     451195.000 ns	     45118	80008f94	290104d3	fmin.s	f9,f2,f16	  f2:0x00000000 f16:0x00000000  f9=0x00000000
     451215.000 ns	     45120	80008f98	01e98db3	add	x27,x19,x30	 x19:0x00000001 x30:0x00000000 x27=0x00000001
     451235.000 ns	     45122	80008f9c	d00844d3	fcvt.s.w	f9,x16	 x16:0x80040fe4  f9=0xcefff7e0
     451255.000 ns	     45124	80008fa0	00597ab3	and	x21,x18,x5	 x18:0x00000000  x5:0x00000000 x21=0x00000000
     451275.000 ns	     45126	80008fa4	212385d3	fsgnj.s	f11,f7,f18	  f7:0xbf350482 f18:0x7fc00000 f11=0x3f350482
     451305.000 ns	     45129	80008fa8	219e29d3	fsgnjx.s	f19,f28,f25	 f28:0x00000000 f25:0xbf350482 f19=0x80000000
     451325.000 ns	     45131	80008fac	00000013	addi	x0,x0,0	  x0:0x00000000
     451335.000 ns	     45132	80008fb0	b764a493	slti	x9,x9,-1162	  x9:0x040903d0  x9=0x00000000
     451345.000 ns	     45133	80008fb4	41d55533	sra	x10,x10,x29	 x10:0xfffffe77 x29:0x04090497 x10=0xffffffff
     451375.000 ns	     45136	80008fb8	580af853	fsqrt.s	f16,f21	 f21:0x00000000 f16=0x00000000
     451395.000 ns	     45138	80008fbc	01d4ffb3	and	x31,x9,x29	  x9:0x00000000 x29:0x04090497 x31=0x00000000
     451405.000 ns	     45139	80008fc0	0162b533	sltu	x10,x5,x22	  x5:0x00000000 x22:0xfffffe77 x10=0x00000001
     451415.000 ns	     45140	80008fc4	015932b3	sltu	x5,x18,x21	 x18:0x00000000 x21:0x00000000  x5=0x00000000
     451425.000 ns	     45141	80008fc8	0163ac33	slt	x24,x7,x22	  x7:0x00000000 x22:0xfffffe77 x24=0x00000000
     451445.000 ns	     45143	80008fcc	03fd60b3	rem	x1,x26,x31	 x26:0x00000001 x31:0x00000000  x1=0x00000001
     451465.000 ns	     45145	80008fd0	40705f33	sra	x30,x0,x7	  x0:0x00000000  x7:0x00000000 x30=0x00000000
     451495.000 ns	     45148	80008fd4	107077d3	fmul.s	f15,f0,f7	  f0:0x7fc00000  f7:0xbf350482 f15=0x7fc00000
     451525.000 ns	     45151	80008fd8	f0090ad3	fmv.w.x	f21,x18	 x18:0x00000000 f21=0x00000000
     451545.000 ns	     45153	80008fdc	00000013	addi	x0,x0,0	  x0:0x00000000
     451565.000 ns	     45155	80008fe0	02326fb3	rem	x31,x4,x3	  x4:0x00000000  x3:0x00000000 x31=0x00000000
     451595.000 ns	     45158	80008fe4	e0019d53	fclass.s	x26,f3	  f3:0x7f800000 x26=0x00000080
     451625.000 ns	     45161	80008fe8	28c70dd3	fmin.s	f27,f14,f12	 f14:0xfb832174 f12:0x00000000 f27=0xfb832174
     451645.000 ns	     45163	80008fec	017397b3	sll	x15,x7,x23	  x7:0x00000000 x23:0x00000000 x15=0x00000000
     451655.000 ns	     45164	80008ff0	016445b3	xor	x11,x8,x22	  x8:0x00000000 x22:0xfffffe77 x11=0xfffffe77
     451665.000 ns	     45165	80008ff4	9f74efb7	lui	x31,0x9f74e	 x31=0x9f74e000
     451675.000 ns	     45166	80008ff8	00000013	addi	x0,x0,0	  x0:0x00000000
     451685.000 ns	     45167	80008ffc	01104db3	xor	x27,x0,x17	  x0:0x00000000 x17:0x72cb4824 x27=0x72cb4824
     451705.000 ns	     45169	80009000	020795b3	mulh	x11,x15,x0	 x15:0x00000000  x0:0x00000000 x11=0x00000000
     451725.000 ns	     45171	80009004	51fde293	ori	x5,x27,1311	 x27:0x00000001  x5=0x72cb4d3f
     451735.000 ns	     45172	80009008	e366b293	sltiu	x5,x13,-458	 x13:0x0000061d  x5=0x00000001
     451745.000 ns	     45173	8000900c	77d9c013	xori	x0,x19,1917	 x19:0x00000001
     451755.000 ns	     45174	80009010	003558b3	srl	x17,x10,x3	 x10:0x00000001  x3:0x00000000 x17=0x00000001
     451765.000 ns	     45175	80009014	00bb25b3	slt	x11,x22,x11	 x22:0xfffffe77 x11:0x00000000 x11=0x00000001
     451795.000 ns	     45178	80009018	10d57853	fmul.s	f16,f10,f13	 f10:0x00000000 f13:0x7fc00000 f16=0x7fc00000
     451825.000 ns	     45181	8000901c	e00b14d3	fclass.s	x9,f22	 f22:0x7fc00000  x9=0x00000200
     451855.000 ns	     45184	80009020	f0088353	fmv.w.x	f6,x17	 x17:0x00000001  f6=0x00000001
     451885.000 ns	     45187	80009024	03733433	mulhu	x8,x6,x23	  x6:0xfffffe77 x23:0x00000000  x8=0x00000000
     451915.000 ns	     45190	80009028	f00c09d3	fmv.w.x	f19,x24	 x24:0x00000000 f19=0x00000000
     452285.000 ns	     45227	8000902c	03f64b33	div	x22,x12,x31	 x12:0x8fff13d0 x31:0x9f74e000 x22=0x00000001
     452305.000 ns	     45229	80009030	00eb9db3	sll	x27,x23,x14	 x23:0x00000000 x14:0x72cb4a24 x27=0x00000000
     452665.000 ns	     45265	80009034	029bc433	div	x8,x23,x9	 x23:0x00000000  x9:0x00000200  x8=0x00000000
     452695.000 ns	     45268	80009038	20d70ad3	fsgnj.s	f21,f14,f13	 f14:0xfb832174 f13:0x7fc00000 f21=0x7b832174
     452735.000 ns	     45272	8000903c	10cfafd3	fmul.s	f31,f31,f12	 f31:0x00000000 f12:0x00000000 f31=0x00000000
     452765.000 ns	     45275	80009040	29400e53	fmin.s	f28,f0,f20	  f0:0x7fc00000 f20:0xcc812075 f28=0xcc812075
     452785.000 ns	     45277	80009044	5713a493	slti	x9,x7,1393	  x7:0x00000000  x9=0x00000001
     452795.000 ns	     45278	80009048	1aa20b93	addi	x23,x4,426	  x4:0x00000000 x23=0x000001aa
     452805.000 ns	     45279	8000904c	95c570b7	lui	x1,0x95c57	  x1=0x95c57000
     452825.000 ns	     45281	80009050	03f2ac33	mulhsu	x24,x5,x31	  x5:0x00000001 x31:0x9f74e000 x24=0x00000000
     452845.000 ns	     45283	80009054	000f58b3	srl	x17,x30,x0	 x30:0x00000000  x0:0x00000000 x17=0x00000000
     452855.000 ns	     45284	80009058	d5786d93	ori	x27,x16,-681	 x16:0x80040fe4 x27=0xfffffff7
     452865.000 ns	     45285	8000905c	40175f13	srai	x30,x14,0x1	 x14:0x72cb4a24 x30=0x3965a512
     452885.000 ns	     45287	80009060	c0190b53	fcvt.wu.s	x22,f18	 f18:0x7fc00000 x22=0xffffffff
     452925.000 ns	     45291	80009064	188b73d3	fdiv.s	f7,f22,f8	 f22:0x7fc00000  f8:0x4f000410  f7=0x7fc00000
     452955.000 ns	     45294	80009068	036686b3	mul	x13,x13,x22	 x13:0x0000061d x22:0xffffffff x13=0xfffff9e3
     452985.000 ns	     45297	8000906c	e00991d3	fclass.s	x3,f19	 f19:0x00000000  x3=0x00000010
     453035.000 ns	     45302	80009070	01261bd3	fadd.s	f23,f12,f18	 f12:0x00000000 f18:0x7fc00000 f23=0x7fc00000
     453055.000 ns	     45304	80009074	f2ac2c93	slti	x25,x24,-214	 x24:0x00000000 x25=0x00000000
     453065.000 ns	     45305	80009078	01c1d1b3	srl	x3,x3,x28	  x3:0x00000010 x28:0x00000001  x3=0x00000008
     453075.000 ns	     45306	8000907c	40c05793	srai	x15,x0,0xc	  x0:0x00000000 x15=0x00000000
     453085.000 ns	     45307	80009080	01eb5693	srli	x13,x22,0x1e	 x22:0xffffffff x13=0x00000003
     453125.000 ns	     45311	80009084	01727f53	fadd.s	f30,f4,f23	  f4:0x00000000 f23:0x7fc00000 f30=0x7fc00000
     453155.000 ns	     45314	80009088	c01478d3	fcvt.wu.s	x17,f8	  f8:0x4f000410 x17=0x80041000
     453185.000 ns	     45317	8000908c	f00e0353	fmv.w.x	f6,x28	 x28:0x00000001  f6=0x00000001
     453205.000 ns	     45319	80009090	c52c7913	andi	x18,x24,-942	 x24:0x00000000 x18=0x00000000
     453215.000 ns	     45320	80009094	341ca113	slti	x2,x25,833	 x25:0x00000000  x2=0x00000001
     453235.000 ns	     45322	80009098	02f758b3	divu	x17,x14,x15	 x14:0x72cb4a24 x15:0x00000000 x17=0xffffffff
     453265.000 ns	     45325	8000909c	a0550453	fle.s	x8,f10,f5	 f10:0x00000000  f5:0x44b80000  x8=0x00000001
     453295.000 ns	     45328	800090a0	21bdacd3	fsgnjx.s	f25,f27,f27	 f27:0xfb832174 f27:0xfb832174 f25=0x7b832174
     453325.000 ns	     45331	800090a4	21f886d3	fsgnj.s	f13,f17,f31	 f17:0x3f350482 f31:0x00000000 f13=0x3f350482
     453345.000 ns	     45333	800090a8	2fb61d37	lui	x26,0x2fb61	 x26=0x2fb61000
     453365.000 ns	     45335	800090ac	d0012dd3	fcvt.s.w	f27,x2	  x2:0x00000001 f27=0x3f800000
     453385.000 ns	     45337	800090b0	01f4bcb3	sltu	x25,x9,x31	  x9:0x00000001 x31:0x9f74e000 x25=0x00000001
     453405.000 ns	     45339	800090b4	c00239d3	fcvt.w.s	x19,f4	  f4:0x00000000 x19=0x00000000
     453435.000 ns	     45342	800090b8	28339953	fmax.s	f18,f7,f3	  f7:0x7fc00000  f3:0x7f800000 f18=0x7f800000
     453465.000 ns	     45345	800090bc	d0009dd3	fcvt.s.w	f27,x1	  x1:0x95c57000 f27=0xced47520
     453485.000 ns	     45347	800090c0	00f1de13	srli	x28,x3,0xf	  x3:0x00000008 x28=0x00000000
     453845.000 ns	     45383	800090c4	0396fcb3	remu	x25,x13,x25	 x13:0x00000003 x25:0x00000001 x25=0x00000000
     454215.000 ns	     45420	800090c8	023cfd33	remu	x26,x25,x3	 x25:0x00000001  x3:0x00000008 x26=0x00000000
     454255.000 ns	     45424	800090cc	19ff9a53	fdiv.s	f20,f31,f31	 f31:0x00000000 f31:0x00000000 f20=0x7fc00000
     454285.000 ns	     45427	800090d0	d00026d3	fcvt.s.w	f13,x0	  x0:0x00000000 f13=0x00000000
     454315.000 ns	     45430	800090d4	a14618d3	flt.s	x17,f12,f20	 f12:0x00000000 f20:0x7fc00000 x17=0x00000000
     454345.000 ns	     45433	800090d8	f00d86d3	fmv.w.x	f13,x27	 x27:0xfffffff7 f13=0xfffffff7
     454385.000 ns	     45437	800090dc	580d91d3	fsqrt.s	f3,f27	 f27:0xced47520  f3=0x7fc00000
     454415.000 ns	     45440	800090e0	03761333	mulh	x6,x12,x23	 x12:0x8fff13d0 x23:0x000001aa  x6=0xffffff45
     454445.000 ns	     45443	800090e4	0208dcb3	divu	x25,x17,x0	 x17:0x00000000  x0:0x00000000 x25=0xffffffff
     454465.000 ns	     45445	800090e8	000d9533	sll	x10,x27,x0	 x27:0xfffffff7  x0:0x00000000 x10=0xfffffff7
     454485.000 ns	     45447	800090ec	e00d9ed3	fclass.s	x29,f27	 f27:0xced47520 x29=0x00000002
     454505.000 ns	     45449	800090f0	f3a47893	andi	x17,x8,-198	  x8:0x00000001 x17=0x00000000
     454525.000 ns	     45451	800090f4	034d99b3	mulh	x19,x27,x20	 x27:0xfffffff7 x20:0x80041024 x19=0x00000004
     454545.000 ns	     45453	800090f8	3942a013	slti	x0,x5,916	  x5:0x00000001
     454555.000 ns	     45454	800090fc	e7f09137	lui	x2,0xe7f09	  x2=0xe7f09000
     454565.000 ns	     45455	80009100	416cdd33	sra	x26,x25,x22	 x25:0xffffffff x22:0xffffffff x26=0xffffffff
     454585.000 ns	     45457	80009104	e0040353	fmv.x.w	x6,f8	  f8:0x4f000410  x6=0x4f000410
     454605.000 ns	     45459	80009108	e77f5337	lui	x6,0xe77f5	  x6=0xe77f5000
     454635.000 ns	     45462	8000910c	580ff753	fsqrt.s	f14,f31	 f31:0x00000000 f14=0x00000000
     455525.000 ns	     45551	80009110	580408d3	fsqrt.s	f17,f8	  f8:0x4f000410 f17=0x46b50a42
     455545.000 ns	     45553	80009114	40abdb33	sra	x22,x23,x10	 x23:0x000001aa x10:0xfffffff7 x22=0x00000000
     455555.000 ns	     45554	80009118	001c46b3	xor	x13,x24,x1	 x24:0x00000000  x1:0x95c57000 x13=0x95c57000
     455565.000 ns	     45555	8000911c	b3438593	addi	x11,x7,-1228	  x7:0x00000000 x11=0xfffffb34
     455575.000 ns	     45556	80009120	ba8f9697	auipc	x13,0xba8f9	 x13=0x3a902120
     455595.000 ns	     45558	80009124	c007fbd3	fcvt.w.s	x23,f15	 f15:0x7fc00000 x23=0x7fffffff
     455615.000 ns	     45560	80009128	40c38c33	sub	x24,x7,x12	  x7:0x00000000 x12:0x8fff13d0 x24=0x7000ec30
     455635.000 ns	     45562	8000912c	f00083d3	fmv.w.x	f7,x1	  x1:0x95c57000  f7=0x95c57000
     456005.000 ns	     45599	80009130	03f9c3b3	div	x7,x19,x31	 x19:0x00000004 x31:0x9f74e000  x7=0x00000000
     456025.000 ns	     45601	80009134	00ce2133	slt	x2,x28,x12	 x28:0x00000000 x12:0x8fff13d0  x2=0x00000000
     456035.000 ns	     45602	80009138	010809b3	add	x19,x16,x16	 x16:0x80040fe4 x16:0x80040fe4 x19=0x00081fc8
     456045.000 ns	     45603	8000913c	015a1fb3	sll	x31,x20,x21	 x20:0x80041024 x21:0x00000000 x31=0x80041024
     456065.000 ns	     45605	80009140	d00a08d3	fcvt.s.w	f17,x20	 x20:0x80041024 f17=0xcefff7df
     456095.000 ns	     45608	80009144	20871c53	fsgnjn.s	f24,f14,f8	 f14:0x00000000  f8:0x4f000410 f24=0x80000000
     456115.000 ns	     45610	80009148	d8403793	sltiu	x15,x0,-636	  x0:0x00000000 x15=0x00000001
     456135.000 ns	     45612	8000914c	e0068cd3	fmv.x.w	x25,f13	 f13:0xfffffff7 x25=0xfffffff7
     456165.000 ns	     45615	80009150	e00e8ad3	fmv.x.w	x21,f29	 f29:0x8b032174 x21=0x8b032174
     456195.000 ns	     45618	80009154	037e1233	mulh	x4,x28,x23	 x28:0x00000000 x23:0x7fffffff  x4=0x00000000
     456235.000 ns	     45622	80009158	580c3353	fsqrt.s	f6,f24	 f24:0x80000000  f6=0x80000000
     456265.000 ns	     45625	8000915c	f00c8f53	fmv.w.x	f30,x25	 x25:0xfffffff7 f30=0xfffffff7
     456315.000 ns	     45630	80009160	09c79953	fsub.s	f18,f15,f28	 f15:0x7fc00000 f28:0xcc812075 f18=0x7fc00000
     456345.000 ns	     45633	80009164	e00a87d3	fmv.x.w	x15,f21	 f21:0x7b832174 x15=0x7b832174
     456365.000 ns	     45635	80009168	8e062693	slti	x13,x12,-1824	 x12:0x8fff13d0 x13=0x00000001
     456385.000 ns	     45637	8000916c	c00671d3	fcvt.w.s	x3,f12	 f12:0x00000000  x3=0x00000000
     456755.000 ns	     45674	80009170	02aac433	div	x8,x21,x10	 x21:0x8b032174 x10:0xfffffff7  x8=0x0cffa6f3
     456795.000 ns	     45678	80009174	1113b253	fmul.s	f4,f7,f17	  f7:0x95c57000 f17:0xcefff7df  f4=0x254569bc
     456825.000 ns	     45681	80009178	f00d8ed3	fmv.w.x	f29,x27	 x27:0xfffffff7 f29=0xfffffff7
     456845.000 ns	     45683	8000917c	405c05b3	sub	x11,x24,x5	 x24:0x7000ec30  x5:0x00000001 x11=0x7000ec2f
     456865.000 ns	     45685	80009180	c018f2d3	fcvt.wu.s	x5,f17	 f17:0xcefff7df  x5=0x7ffbef80
     456885.000 ns	     45687	80009184	965c4b93	xori	x23,x24,-1691	 x24:0x7000ec30 x23=0x8fff1555
     456905.000 ns	     45689	80009188	a1d72dd3	feq.s	x27,f14,f29	 f14:0x00000000 f29:0xfffffff7 x27=0x00000000
     456935.000 ns	     45692	8000918c	d015f4d3	fcvt.s.wu	f9,x11	 x11:0x7000ec2f  f9=0x4ee001d8
     456955.000 ns	     45694	80009190	00b6f233	and	x4,x13,x11	 x13:0x00000001 x11:0x7000ec2f  x4=0x00000001
     457315.000 ns	     45730	80009194	02ee4b33	div	x22,x28,x14	 x28:0x00000000 x14:0x72cb4a24 x22=0x00000000
     457345.000 ns	     45733	80009198	2185a853	fsgnjx.s	f16,f11,f24	 f11:0x3f350482 f24:0x80000000 f16=0xbf350482
     457375.000 ns	     45736	8000919c	206a8ed3	fsgnj.s	f29,f21,f6	 f21:0x7b832174  f6:0x80000000 f29=0xfb832174
     457395.000 ns	     45738	800091a0	f5d9e413	ori	x8,x19,-163	 x19:0x00081fc8  x8=0xffffffdd
     457415.000 ns	     45740	800091a4	a01aa453	feq.s	x8,f21,f1	 f21:0x7b832174  f1:0x4c81207a  x8=0x00000000
     457445.000 ns	     45743	800091a8	a02e99d3	flt.s	x19,f29,f2	 f29:0xfb832174  f2:0x00000000 x19=0x00000001
     457475.000 ns	     45746	800091ac	d0020cd3	fcvt.s.w	f25,x4	  x4:0x00000001 f25=0x3f800000
     457495.000 ns	     45748	800091b0	00e81b13	slli	x22,x16,0xe	 x16:0x80040fe4 x22=0x03f90000
     457855.000 ns	     45784	800091b4	039b5bb3	divu	x23,x22,x25	 x22:0x00000000 x25:0xfffffff7 x23=0x00000000
     457875.000 ns	     45786	800091b8	3ecbac13	slti	x24,x23,1004	 x23:0x8fff1555 x24=0x00000001
     457885.000 ns	     45787	800091bc	96112437	lui	x8,0x96112	  x8=0x96112000
     457895.000 ns	     45788	800091c0	00053233	sltu	x4,x10,x0	 x10:0xfffffff7  x0:0x00000000  x4=0x00000000
     457915.000 ns	     45790	800091c4	28291253	fmax.s	f4,f18,f2	 f18:0x7fc00000  f2:0x00000000  f4=0x00000000
     457935.000 ns	     45792	800091c8	071e4593	xori	x11,x28,113	 x28:0x00000000 x11=0x00000071
     457955.000 ns	     45794	800091cc	d0088953	fcvt.s.w	f18,x17	 x17:0x00000000 f18=0x00000000
     457985.000 ns	     45797	800091d0	023ba033	mulhsu	x0,x23,x3	 x23:0x00000000  x3:0x00000000
     458015.000 ns	     45800	800091d4	282d09d3	fmin.s	f19,f26,f2	 f26:0x821d22d0  f2:0x00000000 f19=0x821d22d0
     458035.000 ns	     45802	800091d8	00359333	sll	x6,x11,x3	 x11:0x00000071  x3:0x00000000  x6=0x00000071
     458055.000 ns	     45804	800091dc	219609d3	fsgnj.s	f19,f12,f25	 f12:0x00000000 f25:0x3f800000 f19=0x00000000
     458085.000 ns	     45807	800091e0	281104d3	fmin.s	f9,f2,f1	  f2:0x00000000  f1:0x4c81207a  f9=0x00000000
     458135.000 ns	     45812	800091e4	01ec7753	fadd.s	f14,f24,f30	 f24:0x80000000 f30:0xfffffff7 f14=0x7fc00000
     458155.000 ns	     45814	800091e8	ef2b6293	ori	x5,x22,-270	 x22:0x03f90000  x5=0xfffffef2
     458165.000 ns	     45815	800091ec	290c9d37	lui	x26,0x290c9	 x26=0x290c9000
     458175.000 ns	     45816	800091f0	01500bb3	add	x23,x0,x21	  x0:0x00000000 x21:0x8b032174 x23=0x8b032174
     458205.000 ns	     45819	800091f4	58012a53	fsqrt.s	f20,f2	  f2:0x00000000 f20=0x00000000
     458235.000 ns	     45822	800091f8	203c00d3	fsgnj.s	f1,f24,f3	 f24:0x80000000  f3:0x7fc00000  f1=0x00000000
     458255.000 ns	     45824	800091fc	000bd133	srl	x2,x23,x0	 x23:0x8b032174  x0:0x00000000  x2=0x8b032174
     458275.000 ns	     45826	80009200	c006f5d3	fcvt.w.s	x11,f13	 f13:0xfffffff7 x11=0x7fffffff
     458305.000 ns	     45829	80009204	21ac0553	fsgnj.s	f10,f24,f26	 f24:0x80000000 f26:0x821d22d0 f10=0x80000000
     458325.000 ns	     45831	80009208	00000013	addi	x0,x0,0	  x0:0x00000000
     458335.000 ns	     45832	8000920c	41996517	auipc	x10,0x41996	 x10=0xc199f20c
     458345.000 ns	     45833	80009210	40a75cb3	sra	x25,x14,x10	 x14:0x72cb4a24 x10:0xfffffff7 x25=0x00072cb4
     458365.000 ns	     45835	80009214	a0b39ed3	flt.s	x29,f7,f11	  f7:0x95c57000 f11:0x3f350482 x29=0x00000001
     458735.000 ns	     45872	80009218	029479b3	remu	x19,x8,x9	  x8:0x96112000  x9:0x00000001 x19=0x00000000
     458765.000 ns	     45875	8000921c	038bb233	mulhu	x4,x23,x24	 x23:0x8b032174 x24:0x00000001  x4=0x00000000
     458815.000 ns	     45880	80009220	01fb9953	fadd.s	f18,f23,f31	 f23:0x7fc00000 f31:0x00000000 f18=0x7fc00000
     458835.000 ns	     45882	80009224	4bb6cb13	xori	x22,x13,1211	 x13:0x00000001 x22=0x000004ba
     458845.000 ns	     45883	80009228	181cfd13	andi	x26,x25,385	 x25:0x00072cb4 x26=0x00000080
     458865.000 ns	     45885	8000922c	a06027d3	feq.s	x15,f0,f6	  f0:0x7fc00000  f6:0x80000000 x15=0x00000000
     458885.000 ns	     45887	80009230	00915993	srli	x19,x2,0x9	  x2:0x8b032174 x19=0x00458190
     458895.000 ns	     45888	80009234	01aa4fb3	xor	x31,x20,x26	 x20:0x80041024 x26:0x00000080 x31=0x800410a4
     460065.000 ns	     46005	80009238	580cf553	fsqrt.s	f10,f25	 f25:0x3f800000 f10=0x3f7fffae
     460435.000 ns	     46042	8000923c	03d3f1b3	remu	x3,x7,x29	  x7:0x00000000 x29:0x00000001  x3=0x00000000
     460465.000 ns	     46045	80009240	c01df153	fcvt.wu.s	x2,f27	 f27:0xced47520  x2=0x6a3a9000
     460505.000 ns	     46049	80009244	19460a53	fdiv.s	f20,f12,f20	 f12:0x00000000 f20:0x00000000 f20=0x7fc00000
     460525.000 ns	     46051	80009248	004db633	sltu	x12,x27,x4	 x27:0x00000000  x4:0x00000000 x12=0x00000000
     460545.000 ns	     46053	8000924c	d008f6d3	fcvt.s.w	f13,x17	 x17:0x00000000 f13=0x00000000
     460585.000 ns	     46057	80009250	19eab253	fdiv.s	f4,f21,f30	 f21:0x7b832174 f30:0xfffffff7  f4=0x7fc00000
     460615.000 ns	     46060	80009254	0317d533	divu	x10,x15,x17	 x15:0x00000000 x17:0x00000000 x10=0xffffffff
     460645.000 ns	     46063	80009258	20ce87d3	fsgnj.s	f15,f29,f12	 f29:0xfb832174 f12:0x00000000 f15=0x7b832174
     460675.000 ns	     46066	8000925c	03a01bb3	mulh	x23,x0,x26	  x0:0x00000000 x26:0x00000080 x23=0x00000000
     460705.000 ns	     46069	80009260	28d10c53	fmin.s	f24,f2,f13	  f2:0x00000000 f13:0x00000000 f24=0x00000000
     460755.000 ns	     46074	80009264	08a7f953	fsub.s	f18,f15,f10	 f15:0x7b832174 f10:0x3f7fffae f18=0x7b832174
     460775.000 ns	     46076	80009268	408cd193	srai	x3,x25,0x8	 x25:0x00072cb4  x3=0x0000072c
     460785.000 ns	     46077	8000926c	01954233	xor	x4,x10,x25	 x10:0xffffffff x25:0x00072cb4  x4=0xfff8d34b
     460805.000 ns	     46079	80009270	c011fcd3	fcvt.wu.s	x25,f3	  f3:0x7fc00000 x25=0xffffffff
     461175.000 ns	     46116	80009274	0285feb3	remu	x29,x11,x8	 x11:0x7fffffff  x8:0x96112000 x29=0x7fffffff
     461195.000 ns	     46118	80009278	108eecb7	lui	x25,0x108ee	 x25=0x108ee000
     461215.000 ns	     46120	8000927c	a1859f53	flt.s	x30,f11,f24	 f11:0x3f350482 f24:0x00000000 x30=0x00000000
     461235.000 ns	     46122	80009280	01c05233	srl	x4,x0,x28	  x0:0x00000000 x28:0x00000000  x4=0x00000000
     461255.000 ns	     46124	80009284	03e8fd33	remu	x26,x17,x30	 x17:0x00000000 x30:0x00000000 x26=0x00000000
     461285.000 ns	     46127	80009288	20a6a2d3	fsgnjx.s	f5,f13,f10	 f13:0x00000000 f10:0x3f7fffae  f5=0x00000000
     461315.000 ns	     46130	8000928c	d00fa8d3	fcvt.s.w	f17,x31	 x31:0x800410a4 f17=0xcefff7df
     461335.000 ns	     46132	80009290	00000013	addi	x0,x0,0	  x0:0x00000000
     461355.000 ns	     46134	80009294	d01f21d3	fcvt.s.wu	f3,x30	 x30:0x00000000  f3=0x00000000
     461385.000 ns	     46137	80009298	03212133	mulhsu	x2,x2,x18	  x2:0x6a3a9000 x18:0x00000000  x2=0x00000000
     461755.000 ns	     46174	8000929c	02996bb3	rem	x23,x18,x9	 x18:0x00000000  x9:0x00000001 x23=0x00000000
     461785.000 ns	     46177	800092a0	e0008dd3	fmv.x.w	x27,f1	  f1:0x00000000 x27=0x00000000
     461815.000 ns	     46180	800092a4	e0018fd3	fmv.x.w	x31,f3	  f3:0x00000000 x31=0x00000000
     461865.000 ns	     46185	800092a8	015d1753	fadd.s	f14,f26,f21	 f26:0x821d22d0 f21:0x7b832174 f14=0x7b832174
     461915.000 ns	     46190	800092ac	09af7353	fsub.s	f6,f30,f26	 f30:0xfffffff7 f26:0x821d22d0  f6=0x7fc00000
     461935.000 ns	     46192	800092b0	00000013	addi	x0,x0,0	  x0:0x00000000
     461945.000 ns	     46193	800092b4	015fccb3	xor	x25,x31,x21	 x31:0x00000000 x21:0x8b032174 x25=0x8b032174
     461955.000 ns	     46194	800092b8	96c6f993	andi	x19,x13,-1684	 x13:0x00000001 x19=0x00000000
     461975.000 ns	     46196	800092bc	022577b3	remu	x15,x10,x2	 x10:0xffffffff  x2:0x00000000 x15=0xffffffff
     462005.000 ns	     46199	800092c0	d01a7453	fcvt.s.wu	f8,x20	 x20:0x80041024  f8=0x4f000410
     462025.000 ns	     46201	800092c4	d2d06393	ori	x7,x0,-723	  x0:0x00000000  x7=0xfffffd2d
     462045.000 ns	     46203	800092c8	03e3fe33	remu	x28,x7,x30	  x7:0x00000000 x30:0x00000000 x28=0xfffffd2d
     462065.000 ns	     46205	800092cc	0c203b93	sltiu	x23,x0,194	  x0:0x00000000 x23=0x00000001
     462075.000 ns	     46206	800092d0	015e1f33	sll	x30,x28,x21	 x28:0xfffffd2d x21:0x8b032174 x30=0xd2d00000
     462095.000 ns	     46208	800092d4	21ed9253	fsgnjn.s	f4,f27,f30	 f27:0xced47520 f30:0xfffffff7  f4=0x4ed47520
     462125.000 ns	     46211	800092d8	031969b3	rem	x19,x18,x17	 x18:0x00000000 x17:0x00000000 x19=0x00000000
     462145.000 ns	     46213	800092dc	9e8fd517	auipc	x10,0x9e8fd	 x10=0x1e9062dc
     462505.000 ns	     46249	800092e0	02716f33	rem	x30,x2,x7	  x2:0x00000000  x7:0xfffffd2d x30=0x00000000
     462525.000 ns	     46251	800092e4	0078fab3	and	x21,x17,x7	 x17:0x00000000  x7:0xfffffd2d x21=0x00000000
     462535.000 ns	     46252	800092e8	00e19db3	sll	x27,x3,x14	  x3:0x0000072c x14:0x72cb4a24 x27=0x000072c0
     462555.000 ns	     46254	800092ec	03651db3	mulh	x27,x10,x22	 x10:0x1e9062dc x22:0x000004ba x27=0x00000090
     462575.000 ns	     46256	800092f0	00cc7d33	and	x26,x24,x12	 x24:0x00000001 x12:0x00000000 x26=0x00000000
     462585.000 ns	     46257	800092f4	eeaebb93	sltiu	x23,x29,-278	 x29:0x7fffffff x23=0x00000001
     462595.000 ns	     46258	800092f8	edc33413	sltiu	x8,x6,-292	  x6:0x00000071  x8=0x00000001
     462955.000 ns	     46294	800092fc	03cd47b3	div	x15,x26,x28	 x26:0x00000000 x28:0xfffffd2d x15=0x00000000
     462985.000 ns	     46297	80009300	035087b3	mul	x15,x1,x21	  x1:0x95c57000 x21:0x00000000 x15=0x00000000
     463015.000 ns	     46300	80009304	29fe0bd3	fmin.s	f23,f28,f31	 f28:0xcc812075 f31:0x00000000 f23=0xcc812075
     463045.000 ns	     46303	80009308	a1338953	fle.s	x18,f7,f19	  f7:0x95c57000 f19:0x00000000 x18=0x00000001
     463415.000 ns	     46340	8000930c	03b6ddb3	divu	x27,x13,x27	 x13:0x00000001 x27:0x00000090 x27=0x00000000
     463445.000 ns	     46343	80009310	a02d1453	flt.s	x8,f26,f2	 f26:0x821d22d0  f2:0x00000000  x8=0x00000001
     463465.000 ns	     46345	80009314	00e27433	and	x8,x4,x14	  x4:0x00000000 x14:0x72cb4a24  x8=0x00000000
     463475.000 ns	     46346	80009318	01b7db93	srli	x23,x15,0x1b	 x15:0x00000000 x23=0x00000000
     463485.000 ns	     46347	8000931c	d53a4537	lui	x10,0xd53a4	 x10=0xd53a4000
     463505.000 ns	     46349	80009320	a012a9d3	feq.s	x19,f5,f1	  f5:0x00000000  f1:0x00000000 x19=0x00000001
     463525.000 ns	     46351	80009324	1a3cfa93	andi	x21,x25,419	 x25:0x8b032174 x21=0x00000120
     463545.000 ns	     46353	80009328	02c537b3	mulhu	x15,x10,x12	 x10:0xd53a4000 x12:0x00000000 x15=0x00000000
     463565.000 ns	     46355	8000932c	817c0593	addi	x11,x24,-2025	 x24:0x00000001 x11=0xfffff818
     463585.000 ns	     46357	80009330	a0f823d3	feq.s	x7,f16,f15	 f16:0xbf350482 f15:0x7b832174  x7=0x00000000
     463635.000 ns	     46362	80009334	08faf453	fsub.s	f8,f21,f15	 f21:0x7b832174 f15:0x7b832174  f8=0x80000000
     463665.000 ns	     46365	80009338	2020a253	fsgnjx.s	f4,f1,f2	  f1:0x00000000  f2:0x00000000  f4=0x00000000
     463685.000 ns	     46367	8000933c	00055133	srl	x2,x10,x0	 x10:0xd53a4000  x0:0x00000000  x2=0xd53a4000
     463695.000 ns	     46368	80009340	4195d6b3	sra	x13,x11,x25	 x11:0xfffff818 x25:0x8b032174 x13=0xffffffff
     463705.000 ns	     46369	80009344	00215213	srli	x4,x2,0x2	  x2:0x00000000  x4=0x354e9000
     463735.000 ns	     46372	80009348	1858f653	fdiv.s	f12,f17,f5	 f17:0xcefff7df  f5:0x00000000 f12=0xff800000
     463785.000 ns	     46377	8000934c	01867853	fadd.s	f16,f12,f24	 f12:0x00000000 f24:0x00000000 f16=0xff800000
     463805.000 ns	     46379	80009350	00573c33	sltu	x24,x14,x5	 x14:0x72cb4a24  x5:0xfffffef2 x24=0x00000001
     463825.000 ns	     46381	80009354	285e8653	fmin.s	f12,f29,f5	 f29:0xfb832174  f5:0x00000000 f12=0xfb832174
     463855.000 ns	     46384	80009358	03b25233	divu	x4,x4,x27	  x4:0x354e9000 x27:0x00000000  x4=0xffffffff
     463875.000 ns	     46386	8000935c	01b3d393	srli	x7,x7,0x1b	  x7:0x00000000  x7=0x00000000
     463895.000 ns	     46388	80009360	289d99d3	fmax.s	f19,f27,f9	 f27:0xced47520  f9:0x00000000 f19=0x00000000
     463915.000 ns	     46390	80009364	016fa433	slt	x8,x31,x22	 x31:0x00000000 x22:0x000004ba  x8=0x00000001
     463925.000 ns	     46391	80009368	c26c3393	sltiu	x7,x24,-986	 x24:0x00000001  x7=0x00000001
     463935.000 ns	     46392	8000936c	8acdbe13	sltiu	x28,x27,-1876	 x27:0x00000000 x28=0x00000001
     463955.000 ns	     46394	80009370	03ffbcb3	mulhu	x25,x31,x31	 x31:0x00000000 x31:0x00000000 x25=0x00000000
     463985.000 ns	     46397	80009374	032c8eb3	mul	x29,x25,x18	 x25:0x8b032174 x18:0x00000001 x29=0x00000000
     464025.000 ns	     46401	80009378	18b01f53	fdiv.s	f30,f0,f11	  f0:0x7fc00000 f11:0x3f350482 f30=0x7fc00000
     464065.000 ns	     46405	8000937c	11a228d3	fmul.s	f17,f4,f26	  f4:0x00000000 f26:0x821d22d0 f17=0x80000000
     464085.000 ns	     46407	80009380	011b1c93	slli	x25,x22,0x11	 x22:0x000004ba x25=0x09740000
     464095.000 ns	     46408	80009384	00451593	slli	x11,x10,0x4	 x10:0xd53a4000 x11=0x53a40000
     464105.000 ns	     46409	80009388	ea0eeb13	ori	x22,x29,-352	 x29:0x00000000 x22=0xfffffea0
     464115.000 ns	     46410	8000938c	5e252f93	slti	x31,x10,1506	 x10:0xd53a4000 x31=0x00000001
     464125.000 ns	     46411	80009390	01c06933	or	x18,x0,x28	  x0:0x00000000 x28:0x00000001 x18=0x00000001
     464135.000 ns	     46412	80009394	00fc3b33	sltu	x22,x24,x15	 x24:0x00000001 x15:0x00000000 x22=0x00000000
     464155.000 ns	     46414	80009398	02df2eb3	mulhsu	x29,x30,x13	 x30:0x00000000 x13:0xffffffff x29=0x00000000
     464205.000 ns	     46419	8000939c	08047d53	fsub.s	f26,f8,f0	  f8:0x80000000  f0:0x7fc00000 f26=0x7fc00000
     464225.000 ns	     46421	800093a0	00e95233	srl	x4,x18,x14	 x18:0x00000001 x14:0x72cb4a24  x4=0x00000000
     464235.000 ns	     46422	800093a4	00cba233	slt	x4,x23,x12	 x23:0x00000000 x12:0x00000000  x4=0x00000000
     464255.000 ns	     46424	800093a8	c01f7fd3	fcvt.wu.s	x31,f30	 f30:0x7fc00000 x31=0xffffffff
     464275.000 ns	     46426	800093ac	57b6d9b7	lui	x19,0x57b6d	 x19=0x57b6d000
     464295.000 ns	     46428	800093b0	f00580d3	fmv.w.x	f1,x11	 x11:0x53a40000  f1=0x53a40000
     464315.000 ns	     46430	800093b4	006c1133	sll	x2,x24,x6	 x24:0x00000001  x6:0x00000071  x2=0x00020000
     464325.000 ns	     46431	800093b8	41ffd7b3	sra	x15,x31,x31	 x31:0xffffffff x31:0xffffffff x15=0xffffffff
     464345.000 ns	     46433	800093bc	03b643b3	div	x7,x12,x27	 x12:0x00000000 x27:0x00000000  x7=0xffffffff
     464365.000 ns	     46435	800093c0	41d6db93	srai	x23,x13,0x1d	 x13:0xffffffff x23=0xffffffff
     464375.000 ns	     46436	800093c4	01933f33	sltu	x30,x6,x25	  x6:0x00000071 x25:0x09740000 x30=0x00000001
     465545.000 ns	     46553	800093c8	580cb353	fsqrt.s	f6,f25	 f25:0x3f800000  f6=0x3f7fffae
     465575.000 ns	     46556	800093cc	c001c6d3	fcvt.w.s	x13,f3	  f3:0x00000000 x13=0x00000000
     465595.000 ns	     46558	800093d0	b6b70293	addi	x5,x14,-1173	 x14:0x72cb4a24  x5=0x72cb458f
     465615.000 ns	     46560	800093d4	02308bb3	mul	x23,x1,x3	  x1:0x95c57000  x3:0x0000072c x23=0x23ff4000
     465645.000 ns	     46563	800093d8	037107b3	mul	x15,x2,x23	  x2:0x00020000 x23:0xffffffff x15=0x80000000
     465675.000 ns	     46566	800093dc	c01a7353	fcvt.wu.s	x6,f20	 f20:0x7fc00000  x6=0xffffffff
     465705.000 ns	     46569	800093e0	c019bd53	fcvt.wu.s	x26,f19	 f19:0x00000000 x26=0x00000000
     466075.000 ns	     46606	800093e4	028652b3	divu	x5,x12,x8	 x12:0x00000000  x8:0x00000001  x5=0x00000000
     466095.000 ns	     46608	800093e8	00000013	addi	x0,x0,0	  x0:0x00000000
     466105.000 ns	     46609	800093ec	76b37b13	andi	x22,x6,1899	  x6:0xffffffff x22=0x0000076b
     466115.000 ns	     46610	800093f0	a080b393	sltiu	x7,x1,-1528	  x1:0x95c57000  x7=0x00000001
     466125.000 ns	     46611	800093f4	01e8ffb3	and	x31,x17,x30	 x17:0x00000000 x30:0x00000001 x31=0x00000000
     466135.000 ns	     46612	800093f8	9fad7617	auipc	x12,0x9fad7	 x12=0x1fae03f8
     466145.000 ns	     46613	800093fc	0161c6b3	xor	x13,x3,x22	  x3:0x0000072c x22:0x0000076b x13=0x00000047
     466165.000 ns	     46615	80009400	03fe3fb3	mulhu	x31,x28,x31	 x28:0x00000001 x31:0x00000000 x31=0x00000000
     466195.000 ns	     46618	80009404	d00f72d3	fcvt.s.w	f5,x30	 x30:0x00000001  f5=0x3f800000
     466225.000 ns	     46621	80009408	a0568dd3	fle.s	x27,f13,f5	 f13:0x00000000  f5:0x00000000 x27=0x00000001
     466245.000 ns	     46623	8000940c	49c04797	auipc	x15,0x49c04	 x15=0xc9c0d40c
     466255.000 ns	     46624	80009410	2e836f97	auipc	x31,0x2e836	 x31=0xae83f410
     466275.000 ns	     46626	80009414	28dc9153	fmax.s	f2,f25,f13	 f25:0x3f800000 f13:0x00000000  f2=0x3f800000
     466305.000 ns	     46629	80009418	21332553	fsgnjx.s	f10,f6,f19	  f6:0x3f7fffae f19:0x00000000 f10=0x3f7fffae
     466325.000 ns	     46631	8000941c	40b60eb3	sub	x29,x12,x11	 x12:0x1fae03f8 x11:0x53a40000 x29=0xcc0a03f8
     466345.000 ns	     46633	80009420	29cc0e53	fmin.s	f28,f24,f28	 f24:0x00000000 f28:0xcc812075 f28=0xcc812075
     466365.000 ns	     46635	80009424	41175f93	srai	x31,x14,0x11	 x14:0x72cb4a24 x31=0x00003965
     466375.000 ns	     46636	80009428	1431b313	sltiu	x6,x3,323	  x3:0x0000072c  x6=0x00000000
     466385.000 ns	     46637	8000942c	018f50b3	srl	x1,x30,x24	 x30:0x00000001 x24:0x00000001  x1=0x00000000
     466395.000 ns	     46638	80009430	00305133	srl	x2,x0,x3	  x0:0x00000000  x3:0x0000072c  x2=0x00000000
     466405.000 ns	     46639	80009434	4f868c93	addi	x25,x13,1272	 x13:0x00000047 x25=0x0000053f
     466415.000 ns	     46640	80009438	c0ff9417	auipc	x8,0xc0ff9	  x8=0x41002438
     466425.000 ns	     46641	8000943c	41625393	srai	x7,x4,0x16	  x4:0x00000000  x7=0x00000000
     466445.000 ns	     46643	80009440	29ca8c53	fmin.s	f24,f21,f28	 f21:0x7b832174 f28:0xcc812075 f24=0xcc812075
     466465.000 ns	     46645	80009444	00000013	addi	x0,x0,0	  x0:0x00000000
     466485.000 ns	     46647	80009448	2103a6d3	fsgnjx.s	f13,f7,f16	  f7:0x95c57000 f16:0xff800000 f13=0x15c57000
     466515.000 ns	     46650	8000944c	c0189dd3	fcvt.wu.s	x27,f17	 f17:0x80000000 x27=0x00000000
     466535.000 ns	     46652	80009450	45798e93	addi	x29,x19,1111	 x19:0x57b6d000 x29=0x57b6d457
     466555.000 ns	     46654	80009454	280c08d3	fmin.s	f17,f24,f0	 f24:0xcc812075  f0:0x7fc00000 f17=0xcc812075
     466585.000 ns	     46657	80009458	03892bb3	mulhsu	x23,x18,x24	 x18:0x00000001 x24:0x00000001 x23=0x00000000
     466615.000 ns	     46660	8000945c	28949553	fmax.s	f10,f9,f9	  f9:0x00000000  f9:0x00000000 f10=0x00000000
     466635.000 ns	     46662	80009460	011a78b3	and	x17,x20,x17	 x20:0x80041024 x17:0x00000000 x17=0x00000000
     466645.000 ns	     46663	80009464	00c4c233	xor	x4,x9,x12	  x9:0x00000001 x12:0x1fae03f8  x4=0x1fae03f9
     466975.000 ns	     46696	80009468	197594d3	fdiv.s	f9,f11,f23	 f11:0x3f350482 f23:0xcc812075  f9=0xb1b50482
     467005.000 ns	     46699	8000946c	0293bdb3	mulhu	x27,x7,x9	  x7:0x00000000  x9:0x00000001 x27=0x00000000
     467035.000 ns	     46702	80009470	a17c9953	flt.s	x18,f25,f23	 f25:0x3f800000 f23:0xcc812075 x18=0x00000000
     467055.000 ns	     46704	80009474	b8fa3013	sltiu	x0,x20,-1137	 x20:0x80041024
     467415.000 ns	     46740	80009478	03ddf033	remu	x0,x27,x29	 x27:0x00000000 x29:0x57b6d457
     467445.000 ns	     46743	8000947c	c01f77d3	fcvt.wu.s	x15,f30	 f30:0x7fc00000 x15=0xffffffff
     467475.000 ns	     46746	80009480	c0051e53	fcvt.w.s	x28,f10	 f10:0x00000000 x28=0x00000000
     467495.000 ns	     46748	80009484	01b8c3b3	xor	x7,x17,x27	 x17:0x00000000 x27:0x00000000  x7=0x00000000
     467535.000 ns	     46752	80009488	099e26d3	fsub.s	f13,f28,f25	 f28:0xcc812075 f25:0x3f800000 f13=0xcc812076
     467555.000 ns	     46754	8000948c	00000013	addi	x0,x0,0	  x0:0x00000000
     467575.000 ns	     46756	80009490	f00c0d53	fmv.w.x	f26,x24	 x24:0x00000001 f26=0x00000001
     467595.000 ns	     46758	80009494	00d71793	slli	x15,x14,0xd	 x14:0x72cb4a24 x15=0x69448000
     467605.000 ns	     46759	80009498	1e568893	addi	x17,x13,485	 x13:0x00000047 x17=0x0000022c
     467625.000 ns	     46761	8000949c	29988c53	fmin.s	f24,f17,f25	 f17:0xcc812075 f25:0x3f800000 f24=0xcc812075
     467655.000 ns	     46764	800094a0	03c98eb3	mul	x29,x19,x28	 x19:0x57b6d000 x28:0x00000000 x29=0x00000000
     467685.000 ns	     46767	800094a4	037e27b3	mulhsu	x15,x28,x23	 x28:0x00000000 x23:0x00000000 x15=0x00000000
     467705.000 ns	     46769	800094a8	002e9193	slli	x3,x29,0x2	 x29:0x00000000  x3=0x00000000
     468065.000 ns	     46805	800094ac	02d6f633	remu	x12,x13,x13	 x13:0x00000047 x13:0x00000047 x12=0x00000000
     468085.000 ns	     46807	800094b0	008606b3	add	x13,x12,x8	 x12:0x1fae03f8  x8:0x41002438 x13=0x41002438
     468105.000 ns	     46809	800094b4	20571d53	fsgnjn.s	f26,f14,f5	 f14:0x7b832174  f5:0x3f800000 f26=0xfb832174
     468135.000 ns	     46812	800094b8	03b046b3	div	x13,x0,x27	  x0:0x00000000 x27:0x00000000 x13=0xffffffff
     468155.000 ns	     46814	800094bc	413b0d33	sub	x26,x22,x19	 x22:0x0000076b x19:0x57b6d000 x26=0xa849376b
     468515.000 ns	     46850	800094c0	0339d1b3	divu	x3,x19,x19	 x19:0x57b6d000 x19:0x57b6d000  x3=0x00000001
     468545.000 ns	     46853	800094c4	a1de89d3	fle.s	x19,f29,f29	 f29:0xfb832174 f29:0xfb832174 x19=0x00000001
     468565.000 ns	     46855	800094c8	00f29913	slli	x18,x5,0xf	  x5:0x00000000 x18=0x00000000
     468575.000 ns	     46856	800094cc	0011c3b3	xor	x7,x3,x1	  x3:0x00000001  x1:0x00000000  x7=0x00000001
     468585.000 ns	     46857	800094d0	00172033	slt	x0,x14,x1	 x14:0x72cb4a24  x1:0x00000000
     468605.000 ns	     46859	800094d4	d0147953	fcvt.s.wu	f18,x8	  x8:0x41002438 f18=0x4e820048
     468635.000 ns	     46862	800094d8	03274e33	div	x28,x14,x18	 x14:0x72cb4a24 x18:0x00000000 x28=0xffffffff
     468665.000 ns	     46865	800094dc	29b51fd3	fmax.s	f31,f10,f27	 f10:0x00000000 f27:0xced47520 f31=0x00000000
     469035.000 ns	     46902	800094e0	02be47b3	div	x15,x28,x11	 x28:0xffffffff x11:0x53a40000 x15=0x00000000
     469065.000 ns	     46905	800094e4	d00c4153	fcvt.s.w	f2,x24	 x24:0x00000001  f2=0x3f800000
     469095.000 ns	     46908	800094e8	02a2b3b3	mulhu	x7,x5,x10	  x5:0x00000000 x10:0xd53a4000  x7=0x00000000
     469115.000 ns	     46910	800094ec	014d2633	slt	x12,x26,x20	 x26:0xa849376b x20:0x80041024 x12=0x00000000
     469475.000 ns	     46946	800094f0	034bd2b3	divu	x5,x23,x20	 x23:0x00000000 x20:0x80041024  x5=0x00000000
     469495.000 ns	     46948	800094f4	40fb0cb3	sub	x25,x22,x15	 x22:0x0000076b x15:0x00000000 x25=0x0000076b
     469505.000 ns	     46949	800094f8	dd8e2613	slti	x12,x28,-552	 x28:0xffffffff x12=0x00000000
     469515.000 ns	     46950	800094fc	50bf8413	addi	x8,x31,1291	 x31:0x00003965  x8=0x00003e70
     469525.000 ns	     46951	80009500	01be1533	sll	x10,x28,x27	 x28:0xffffffff x27:0x00000000 x10=0xffffffff
     469535.000 ns	     46952	80009504	0039d3b3	srl	x7,x19,x3	 x19:0x00000001  x3:0x00000001  x7=0x00000000
     469545.000 ns	     46953	80009508	408fd4b3	sra	x9,x31,x8	 x31:0x00003965  x8:0x00003e70  x9=0x00000000
     469555.000 ns	     46954	8000950c	01767633	and	x12,x12,x23	 x12:0x00000000 x23:0x00000000 x12=0x00000000
     469575.000 ns	     46956	80009510	d015a1d3	fcvt.s.wu	f3,x11	 x11:0x53a40000  f3=0x4ea74800
     469605.000 ns	     46959	80009514	a1dc2f53	feq.s	x30,f24,f29	 f24:0xcc812075 f29:0xfb832174 x30=0x00000000
     469635.000 ns	     46962	80009518	0258d6b3	divu	x13,x17,x5	 x17:0x0000022c  x5:0x00000000 x13=0xffffffff
     469665.000 ns	     46965	8000951c	d0184ad3	fcvt.s.wu	f21,x16	 x16:0x80040fe4 f21=0x4f000410
     469695.000 ns	     46968	80009520	209a98d3	fsgnjn.s	f17,f21,f9	 f21:0x7b832174  f9:0xb1b50482 f17=0x4f000410
     470065.000 ns	     47005	80009524	038d5333	divu	x6,x26,x24	 x26:0xa849376b x24:0x00000001  x6=0xa849376b
     470085.000 ns	     47007	80009528	01f9d333	srl	x6,x19,x31	 x19:0x00000001 x31:0x00003965  x6=0x00000000
     470095.000 ns	     47008	8000952c	002ea1b3	slt	x3,x29,x2	 x29:0x00000000  x2:0x00000000  x3=0x00000000
     470115.000 ns	     47010	80009530	02bf3ab3	mulhu	x21,x30,x11	 x30:0x00000000 x11:0x53a40000 x21=0x00000000
     470135.000 ns	     47012	80009534	ce0e8797	auipc	x15,0xce0e8	 x15=0x4e0f1534
     470155.000 ns	     47014	80009538	20280fd3	fsgnj.s	f31,f16,f2	 f16:0xff800000  f2:0x3f800000 f31=0x7f800000
     471335.000 ns	     47132	8000953c	58017353	fsqrt.s	f6,f2	  f2:0x3f800000  f6=0x3f7fffae
     471365.000 ns	     47135	80009540	c0174d53	fcvt.wu.s	x26,f14	 f14:0x7b832174 x26=0xffffffff
     471385.000 ns	     47137	80009544	00738333	add	x6,x7,x7	  x7:0x00000000  x7:0x00000000  x6=0x00000000
     471395.000 ns	     47138	80009548	0177f1b3	and	x3,x15,x23	 x15:0x4e0f1534 x23:0x00000000  x3=0x00000000
     471415.000 ns	     47140	8000954c	0212bab3	mulhu	x21,x5,x1	  x5:0x00000000  x1:0x00000000 x21=0x00000000
     471435.000 ns	     47142	80009550	00f7d333	srl	x6,x15,x15	 x15:0x4e0f1534 x15:0x4e0f1534  x6=0x000004e0
     471445.000 ns	     47143	80009554	9895f013	andi	x0,x11,-1655	 x11:0x53a40000
     471455.000 ns	     47144	80009558	01642233	slt	x4,x8,x22	  x8:0x00003e70 x22:0x0000076b  x4=0x00000000
     471495.000 ns	     47148	8000955c	084ef2d3	fsub.s	f5,f29,f4	 f29:0xfb832174  f4:0x00000000  f5=0xfb832174
     471515.000 ns	     47150	80009560	c70417b7	lui	x15,0xc7041	 x15=0xc7041000
     471535.000 ns	     47152	80009564	a1c814d3	flt.s	x9,f16,f28	 f16:0xff800000 f28:0xcc812075  x9=0x00000001
     471555.000 ns	     47154	80009568	5400b793	sltiu	x15,x1,1344	  x1:0x00000000 x15=0x00000001
     471565.000 ns	     47155	8000956c	adbab093	sltiu	x1,x21,-1317	 x21:0x00000000  x1=0x00000001
     471575.000 ns	     47156	80009570	00dfedb3	or	x27,x31,x13	 x31:0x00003965 x13:0xffffffff x27=0xffffffff
     471585.000 ns	     47157	80009574	00f2ecb3	or	x25,x5,x15	  x5:0x00000000 x15:0x00000001 x25=0x00000001
     471595.000 ns	     47158	80009578	000d61b3	or	x3,x26,x0	 x26:0xffffffff  x0:0x00000000  x3=0xffffffff
     471605.000 ns	     47159	8000957c	673e4f13	xori	x30,x28,1651	 x28:0xffffffff x30=0xfffff98c
     471625.000 ns	     47161	80009580	d0099153	fcvt.s.w	f2,x19	 x19:0x00000001  f2=0x3f800000
     471665.000 ns	     47165	80009584	580a74d3	fsqrt.s	f9,f20	 f20:0x7fc00000  f9=0x7fc00000
     472035.000 ns	     47202	80009588	02607133	remu	x2,x0,x6	  x0:0x00000000  x6:0x000004e0  x2=0x00000000
     472065.000 ns	     47205	8000958c	a19aa053	feq.s	x0,f21,f25	 f21:0x4f000410 f25:0x3f800000
     472115.000 ns	     47210	80009590	00292853	fadd.s	f16,f18,f2	 f18:0x4e820048  f2:0x3f800000 f16=0x4e820048
     472155.000 ns	     47214	80009594	580f3c53	fsqrt.s	f24,f30	 f30:0x7fc00000 f24=0x7fc00000
     472175.000 ns	     47216	80009598	6c3c9cb7	lui	x25,0x6c3c9	 x25=0x6c3c9000
     472185.000 ns	     47217	8000959c	40520bb3	sub	x23,x4,x5	  x4:0x00000000  x5:0x00000000 x23=0x00000000
     472195.000 ns	     47218	800095a0	41b7d093	srai	x1,x15,0x1b	 x15:0x00000001  x1=0x00000000
     472215.000 ns	     47220	800095a4	d0129853	fcvt.s.wu	f16,x5	  x5:0x00000000 f16=0x00000000
     472265.000 ns	     47225	800095a8	003ca753	fadd.s	f14,f25,f3	 f25:0x3f800000  f3:0x4ea74800 f14=0x4ea74800
     472295.000 ns	     47228	800095ac	e00709d3	fmv.x.w	x19,f14	 f14:0x7b832174 x19=0x4ea74800
     472325.000 ns	     47231	800095b0	20ada653	fsgnjx.s	f12,f27,f10	 f27:0xced47520 f10:0x00000000 f12=0xced47520
     472375.000 ns	     47236	800095b4	0128f453	fadd.s	f8,f17,f18	 f17:0x4f000410 f18:0x4e820048  f8=0x4f410434
     472395.000 ns	     47238	800095b8	f9fac013	xori	x0,x21,-97	 x21:0x00000000
     472415.000 ns	     47240	800095bc	29e60d53	fmin.s	f26,f12,f30	 f12:0xced47520 f30:0x7fc00000 f26=0xced47520
     472445.000 ns	     47243	800095c0	03dfd233	divu	x4,x31,x29	 x31:0x00003965 x29:0x00000000  x4=0xffffffff
     472475.000 ns	     47246	800095c4	294c90d3	fmax.s	f1,f25,f20	 f25:0x3f800000 f20:0x7fc00000  f1=0x3f800000
     472525.000 ns	     47251	800095c8	09dbf653	fsub.s	f12,f23,f29	 f23:0xcc812075 f29:0xfb832174 f12=0x7b832174
     472555.000 ns	     47254	800095cc	035533b3	mulhu	x7,x10,x21	 x10:0xffffffff x21:0x00000000  x7=0x00000000
     472575.000 ns	     47256	800095d0	2d2f7313	andi	x6,x30,722	 x30:0xfffff98c  x6=0x00000080
     472595.000 ns	     47258	800095d4	d0087053	fcvt.s.w	f0,x16	 x16:0x80040fe4  f0=0xcefff7e0
     472645.000 ns	     47263	800095d8	0127f953	fadd.s	f18,f15,f18	 f15:0x7b832174 f18:0x4e820048 f18=0x7b832174
     472675.000 ns	     47266	800095dc	28fc88d3	fmin.s	f17,f25,f15	 f25:0x3f800000 f15:0x7b832174 f17=0x3f800000
     472695.000 ns	     47268	800095e0	00677ab3	and	x21,x14,x6	 x14:0x72cb4a24  x6:0x00000080 x21=0x00000000
     472705.000 ns	     47269	800095e4	95c42213	slti	x4,x8,-1700	  x8:0x00003e70  x4=0x00000000
     472725.000 ns	     47271	800095e8	f00a8d53	fmv.w.x	f26,x21	 x21:0x00000000 f26=0x00000000
     472755.000 ns	     47274	800095ec	a1eb1953	flt.s	x18,f22,f30	 f22:0x7fc00000 f30:0x7fc00000 x18=0x00000000
     472775.000 ns	     47276	800095f0	414e0033	sub	x0,x28,x20	 x28:0xffffffff x20:0x80041024
     472785.000 ns	     47277	800095f4	c66b6b13	ori	x22,x22,-922	 x22:0x0000076b x22=0xffffff6f
     472805.000 ns	     47279	800095f8	20738953	fsgnj.s	f18,f7,f7	  f7:0x95c57000  f7:0x95c57000 f18=0x95c57000
     472835.000 ns	     47282	800095fc	f00a82d3	fmv.w.x	f5,x21	 x21:0x00000000  f5=0x00000000
     472875.000 ns	     47286	80009600	5804f453	fsqrt.s	f8,f9	  f9:0x7fc00000  f8=0x7fc00000
     472905.000 ns	     47289	80009604	a1719bd3	flt.s	x23,f3,f23	  f3:0x4ea74800 f23:0xcc812075 x23=0x00000000
     472935.000 ns	     47292	80009608	280898d3	fmax.s	f17,f17,f0	 f17:0x3f800000  f0:0xcefff7e0 f17=0x3f800000
     472975.000 ns	     47296	8000960c	19a505d3	fdiv.s	f11,f10,f26	 f10:0x00000000 f26:0x00000000 f11=0x7fc00000
     473015.000 ns	     47300	80009610	10267653	fmul.s	f12,f12,f2	 f12:0x7b832174  f2:0x3f800000 f12=0x7b832174
     473045.000 ns	     47303	80009614	214620d3	fsgnjx.s	f1,f12,f20	 f12:0x7b832174 f20:0x7fc00000  f1=0x7b832174
     473065.000 ns	     47305	80009618	31ebee17	auipc	x28,0x31ebe	 x28=0xb1ec7618
     473075.000 ns	     47306	8000961c	0077a333	slt	x6,x15,x7	 x15:0x00000001  x7:0x00000000  x6=0x00000000
     473095.000 ns	     47308	80009620	21099853	fsgnjn.s	f16,f19,f16	 f19:0x00000000 f16:0x00000000 f16=0x80000000
     473145.000 ns	     47313	80009624	0970f553	fsub.s	f10,f1,f23	  f1:0x7b832174 f23:0xcc812075 f10=0x7b832174
     473175.000 ns	     47316	80009628	e00897d3	fclass.s	x15,f17	 f17:0x3f800000 x15=0x00000040
     473205.000 ns	     47319	8000962c	d01802d3	fcvt.s.wu	f5,x16	 x16:0x80040fe4  f5=0x4f000410
     473225.000 ns	     47321	80009630	01f091b3	sll	x3,x1,x31	  x1:0x00000000 x31:0x00003965  x3=0x00000000
     473245.000 ns	     47323	80009634	e00e1fd3	fclass.s	x31,f28	 f28:0xcc812075 x31=0x00000002
     473615.000 ns	     47360	80009638	02846bb3	rem	x23,x8,x8	  x8:0x00003e70  x8:0x00003e70 x23=0x00000000
     473655.000 ns	     47364	8000963c	1894f5d3	fdiv.s	f11,f9,f9	  f9:0x7fc00000  f9:0x7fc00000 f11=0x7fc00000
     473685.000 ns	     47367	80009640	206ea253	fsgnjx.s	f4,f29,f6	 f29:0xfb832174  f6:0x3f7fffae  f4=0xfb832174
     473705.000 ns	     47369	80009644	7512c213	xori	x4,x5,1873	  x5:0x00000000  x4=0x00000751
     473725.000 ns	     47371	80009648	a1b51e53	flt.s	x28,f10,f27	 f10:0x7b832174 f27:0xced47520 x28=0x00000000
     473755.000 ns	     47374	8000964c	02e60fb3	mul	x31,x12,x14	 x12:0x00000000 x14:0x72cb4a24 x31=0x00000000
     473785.000 ns	     47377	80009650	a0669fd3	flt.s	x31,f13,f6	 f13:0xcc812076  f6:0x3f7fffae x31=0x00000001
     473815.000 ns	     47380	80009654	c00978d3	fcvt.w.s	x17,f18	 f18:0x95c57000 x17=0x00000000
     473845.000 ns	     47383	80009658	024e9033	mulh	x0,x29,x4	 x29:0x00000000  x4:0x00000751
     473875.000 ns	     47386	8000965c	02c5e9b3	rem	x19,x11,x12	 x11:0x53a40000 x12:0x00000000 x19=0x53a40000
     473905.000 ns	     47389	80009660	a132a0d3	feq.s	x1,f5,f19	  f5:0x4f000410 f19:0x00000000  x1=0x00000000
     473935.000 ns	     47392	80009664	03223bb3	mulhu	x23,x4,x18	  x4:0x00000751 x18:0x00000000 x23=0x00000000
     473955.000 ns	     47394	80009668	2c78f693	andi	x13,x17,711	 x17:0x00000000 x13=0x00000000
     473965.000 ns	     47395	8000966c	df3e59b7	lui	x19,0xdf3e5	 x19=0xdf3e5000
     473985.000 ns	     47397	80009670	e0011c53	fclass.s	x24,f2	  f2:0x3f800000 x24=0x00000040
     474015.000 ns	     47400	80009674	c0067ed3	fcvt.w.s	x29,f12	 f12:0x7b832174 x29=0x7fffffff
     474035.000 ns	     47402	80009678	40c8d6b3	sra	x13,x17,x12	 x17:0x00000000 x12:0x00000000 x13=0x00000000
     474075.000 ns	     47406	8000967c	0913f553	fsub.s	f10,f7,f17	  f7:0x95c57000 f17:0x3f800000 f10=0xbf800000
     474105.000 ns	     47409	80009680	d0011d53	fcvt.s.w	f26,x2	  x2:0x00000000 f26=0x00000000
     474475.000 ns	     47446	80009684	02eb56b3	divu	x13,x22,x14	 x22:0xffffff6f x14:0x72cb4a24 x13=0x00000002
     474525.000 ns	     47451	80009688	09a43153	fsub.s	f2,f8,f26	  f8:0x7fc00000 f26:0x00000000  f2=0x7fc00000
     474555.000 ns	     47454	8000968c	02c857b3	divu	x15,x16,x12	 x16:0x80040fe4 x12:0x00000000 x15=0xffffffff
     474585.000 ns	     47457	80009690	e00091d3	fclass.s	x3,f1	  f1:0x7b832174  x3=0x00000040
     474635.000 ns	     47462	80009694	0150f553	fadd.s	f10,f1,f21	  f1:0x7b832174 f21:0x4f000410 f10=0x7b832174
     474655.000 ns	     47464	80009698	12f24f93	xori	x31,x4,303	  x4:0x00000751 x31=0x0000067e
     474675.000 ns	     47466	8000969c	a02e01d3	fle.s	x3,f28,f2	 f28:0xcc812075  f2:0x7fc00000  x3=0x00000000
     474705.000 ns	     47469	800096a0	0216cdb3	div	x27,x13,x1	 x13:0x00000002  x1:0x00000000 x27=0xffffffff
     474735.000 ns	     47472	800096a4	20e096d3	fsgnjn.s	f13,f1,f14	  f1:0x7b832174 f14:0x4ea74800 f13=0xfb832174
     474765.000 ns	     47475	800096a8	028d8633	mul	x12,x27,x8	 x27:0xffffffff  x8:0x00003e70 x12=0xffffc190
     474785.000 ns	     47477	800096ac	e7014313	xori	x6,x2,-400	  x2:0x00000000  x6=0xfffffe70
     474795.000 ns	     47478	800096b0	f8ad3393	sltiu	x7,x26,-118	 x26:0xffffffff  x7=0x00000000
     474815.000 ns	     47480	800096b4	e00213d3	fclass.s	x7,f4	  f4:0xfb832174  x7=0x00000002
     474845.000 ns	     47483	800096b8	a0fa8b53	fle.s	x22,f21,f15	 f21:0x4f000410 f15:0x7b832174 x22=0x00000001
     474875.000 ns	     47486	800096bc	029b1db3	mulh	x27,x22,x9	 x22:0xffffff6f  x9:0x00000001 x27=0x00000000
     474895.000 ns	     47488	800096c0	01a92db3	slt	x27,x18,x26	 x18:0x00000000 x26:0xffffffff x27=0x00000000
     474905.000 ns	     47489	800096c4	011ca433	slt	x8,x25,x17	 x25:0x6c3c9000 x17:0x00000000  x8=0x00000000
     474915.000 ns	     47490	800096c8	00ecb033	sltu	x0,x25,x14	 x25:0x6c3c9000 x14:0x72cb4a24
     474935.000 ns	     47492	800096cc	03f79d33	mulh	x26,x15,x31	 x15:0xffffffff x31:0x0000067e x26=0xffffffff
     474955.000 ns	     47494	800096d0	00881e13	slli	x28,x16,0x8	 x16:0x80040fe4 x28=0x040fe400
     474975.000 ns	     47496	800096d4	02191eb3	mulh	x29,x18,x1	 x18:0x00000000  x1:0x00000000 x29=0x00000000
     474995.000 ns	     47498	800096d8	417303b3	sub	x7,x6,x23	  x6:0xfffffe70 x23:0x00000000  x7=0xfffffe70
     475005.000 ns	     47499	800096dc	00e46fb3	or	x31,x8,x14	  x8:0x00000000 x14:0x72cb4a24 x31=0x72cb4a24
     475015.000 ns	     47500	800096e0	cb0abe13	sltiu	x28,x21,-848	 x21:0x00000000 x28=0x00000001
     475035.000 ns	     47502	800096e4	28f69dd3	fmax.s	f27,f13,f15	 f13:0xfb832174 f15:0x7b832174 f27=0x7b832174
     475055.000 ns	     47504	800096e8	407ad893	srai	x17,x21,0x7	 x21:0x00000000 x17=0x00000000
     475065.000 ns	     47505	800096ec	00c36fb3	or	x31,x6,x12	  x6:0xfffffe70 x12:0xffffc190 x31=0xfffffff0
     475425.000 ns	     47541	800096f0	02d8f7b3	remu	x15,x17,x13	 x17:0x00000000 x13:0x00000002 x15=0x00000000
     475455.000 ns	     47544	800096f4	c00cffd3	fcvt.w.s	x31,f25	 f25:0x3f800000 x31=0x00000001
     475475.000 ns	     47546	800096f8	9b72b513	sltiu	x10,x5,-1609	  x5:0x00000000 x10=0x00000001
     475495.000 ns	     47548	800096fc	e00c15d3	fclass.s	x11,f24	 f24:0x7fc00000 x11=0x00000200
     475525.000 ns	     47551	80009700	a0889bd3	flt.s	x23,f17,f8	 f17:0x3f800000  f8:0x7fc00000 x23=0x00000000
     475545.000 ns	     47553	80009704	aa4ff693	andi	x13,x31,-1372	 x31:0x00000001 x13=0x00000000
     475565.000 ns	     47555	80009708	032b4233	div	x4,x22,x18	 x22:0x00000001 x18:0x00000000  x4=0xffffffff
     475605.000 ns	     47559	8000970c	580e1e53	fsqrt.s	f28,f28	 f28:0xcc812075 f28=0x7fc00000
     475625.000 ns	     47561	80009710	bfcb8613	addi	x12,x23,-1028	 x23:0x00000000 x12=0xfffffbfc
     475635.000 ns	     47562	80009714	01c29533	sll	x10,x5,x28	  x5:0x00000000 x28:0x00000001 x10=0x00000000
     475645.000 ns	     47563	80009718	40025eb3	sra	x29,x4,x0	  x4:0xffffffff  x0:0x00000000 x29=0xffffffff
     475655.000 ns	     47564	8000971c	00a0eb33	or	x22,x1,x10	  x1:0x00000000 x10:0x00000001 x22=0x00000000
     475665.000 ns	     47565	80009720	0dfdbd13	sltiu	x26,x27,223	 x27:0x00000000 x26=0x00000001
     475675.000 ns	     47566	80009724	41b1df13	srai	x30,x3,0x1b	  x3:0x00000000 x30=0x00000000
     475685.000 ns	     47567	80009728	d5cca513	slti	x10,x25,-676	 x25:0x6c3c9000 x10=0x00000000
     475705.000 ns	     47569	8000972c	20da9653	fsgnjn.s	f12,f21,f13	 f21:0x4f000410 f13:0xfb832174 f12=0x4f000410
     475735.000 ns	     47572	80009730	a01e2fd3	feq.s	x31,f28,f1	 f28:0x7fc00000  f1:0x7b832174 x31=0x00000000
     475765.000 ns	     47575	80009734	c01f73d3	fcvt.wu.s	x7,f30	 f30:0x7fc00000  x7=0xffffffff
     475795.000 ns	     47578	80009738	a0110cd3	fle.s	x25,f2,f1	  f2:0x7fc00000  f1:0x7b832174 x25=0x00000000
     475845.000 ns	     47583	8000973c	090dce53	fsub.s	f28,f27,f16	 f27:0x7b832174 f16:0x80000000 f28=0x7b832174
     475865.000 ns	     47585	80009740	009384b3	add	x9,x7,x9	  x7:0xffffffff  x9:0x00000001  x9=0x00000000
     475875.000 ns	     47586	80009744	0d56ec93	ori	x25,x13,213	 x13:0x00000000 x25=0x000000d5
     475895.000 ns	     47588	80009748	020a4933	div	x18,x20,x0	 x20:0x80041024  x0:0x00000000 x18=0xffffffff
     475925.000 ns	     47591	8000974c	287a9f53	fmax.s	f30,f21,f7	 f21:0x4f000410  f7:0x95c57000 f30=0x4f000410
     475945.000 ns	     47593	80009750	15202c93	slti	x25,x0,338	  x0:0x00000000 x25=0x00000001
     475965.000 ns	     47595	80009754	21579253	fsgnjn.s	f4,f15,f21	 f15:0x7b832174 f21:0x4f000410  f4=0xfb832174
     476335.000 ns	     47632	80009758	03a1f8b3	remu	x17,x3,x26	  x3:0x00000000 x26:0x00000001 x17=0x00000000
     476375.000 ns	     47636	8000975c	10cbfb53	fmul.s	f22,f23,f12	 f23:0xcc812075 f12:0x4f000410 f22=0xdc01248e
     476405.000 ns	     47639	80009760	0212c2b3	div	x5,x5,x1	  x5:0x00000000  x1:0x00000000  x5=0xffffffff
     476425.000 ns	     47641	80009764	00000013	addi	x0,x0,0	  x0:0x00000000
     476755.000 ns	     47674	80009768	181e7c53	fdiv.s	f24,f28,f1	 f28:0x7b832174  f1:0x7b832174 f24=0x3f032174
     476785.000 ns	     47677	8000976c	d01647d3	fcvt.s.wu	f15,x12	 x12:0xfffffbfc f15=0x4f7ffffc
     476805.000 ns	     47679	80009770	0170f933	and	x18,x1,x23	  x1:0x00000000 x23:0x00000000 x18=0x00000000
     476825.000 ns	     47681	80009774	02177c33	remu	x24,x14,x1	 x14:0x72cb4a24  x1:0x00000000 x24=0x72cb4a24
     476845.000 ns	     47683	80009778	0125cb33	xor	x22,x11,x18	 x11:0x00000200 x18:0xffffffff x22=0x00000200
     476855.000 ns	     47684	8000977c	016c2933	slt	x18,x24,x22	 x24:0x72cb4a24 x22:0x00000000 x18=0x00000000
     476875.000 ns	     47686	80009780	c019a553	fcvt.wu.s	x10,f19	 f19:0x00000000 x10=0x00000000
     476895.000 ns	     47688	80009784	401a02b3	sub	x5,x20,x1	 x20:0x80041024  x1:0x00000000  x5=0x80041024
     476905.000 ns	     47689	80009788	014ff033	and	x0,x31,x20	 x31:0x00000000 x20:0x80041024
     476915.000 ns	     47690	8000978c	69c8c193	xori	x3,x17,1692	 x17:0x00000000  x3=0x0000069c
     476935.000 ns	     47692	80009790	c018b6d3	fcvt.wu.s	x13,f17	 f17:0x3f800000 x13=0x00000001
     476955.000 ns	     47694	80009794	014d8db3	add	x27,x27,x20	 x27:0x00000000 x20:0x80041024 x27=0x80041024
     476975.000 ns	     47696	80009798	e0041cd3	fclass.s	x25,f8	  f8:0x7fc00000 x25=0x00000200
     477315.000 ns	     47730	8000979c	18d6fed3	fdiv.s	f29,f13,f13	 f13:0xfb832174 f13:0xfb832174 f29=0x3f032174
     477345.000 ns	     47733	800097a0	a1961053	flt.s	x0,f12,f25	 f12:0x4f000410 f25:0x3f800000
     477395.000 ns	     47738	800097a4	01a5c953	fadd.s	f18,f11,f26	 f11:0x7fc00000 f26:0x00000000 f18=0x7fc00000
     477425.000 ns	     47741	800097a8	2091a5d3	fsgnjx.s	f11,f3,f9	  f3:0x4ea74800  f9:0x7fc00000 f11=0x4ea74800
     477445.000 ns	     47743	800097ac	018cd493	srli	x9,x25,0x18	 x25:0x00000200  x9=0x00000000
     477475.000 ns	     47746	800097b0	194e93d3	fdiv.s	f7,f29,f20	 f29:0x3f032174 f20:0x7fc00000  f7=0x7fc00000
     477525.000 ns	     47751	800097b4	01899e53	fadd.s	f28,f19,f24	 f19:0x00000000 f24:0x3f032174 f28=0x3f032174
     477545.000 ns	     47753	800097b8	00fcf533	and	x10,x25,x15	 x25:0x00000200 x15:0x00000000 x10=0x00000000
     477585.000 ns	     47757	800097bc	00121cd3	fadd.s	f25,f4,f1	  f4:0xfb832174  f1:0x7b832174 f25=0x00000000
     477605.000 ns	     47759	800097c0	00c8f4b3	and	x9,x17,x12	 x17:0x00000000 x12:0xfffffbfc  x9=0x00000000
     477625.000 ns	     47761	800097c4	a0b90253	fle.s	x4,f18,f11	 f18:0x7fc00000 f11:0x4ea74800  x4=0x00000000
     477655.000 ns	     47764	800097c8	02a442b3	div	x5,x8,x10	  x8:0x00000000 x10:0x00000000  x5=0xffffffff
     477685.000 ns	     47767	800097cc	c01c28d3	fcvt.wu.s	x17,f24	 f24:0x3f032174 x17=0x00000001
     477715.000 ns	     47770	800097d0	f00d8953	fmv.w.x	f18,x27	 x27:0x80041024 f18=0x80041024
     477745.000 ns	     47773	800097d4	29d71953	fmax.s	f18,f14,f29	 f14:0x4ea74800 f29:0x3f032174 f18=0x4ea74800
     478115.000 ns	     47810	800097d8	0232e533	rem	x10,x5,x3	  x5:0xffffffff  x3:0x0000069c x10=0xffffffff
     478135.000 ns	     47812	800097dc	000b8c33	add	x24,x23,x0	 x23:0x00000000  x0:0x00000000 x24=0x00000000
     478155.000 ns	     47814	800097e0	29999fd3	fmax.s	f31,f19,f25	 f19:0x00000000 f25:0x00000000 f31=0x00000000
     478175.000 ns	     47816	800097e4	004f80b3	add	x1,x31,x4	 x31:0x00000000  x4:0x00000000  x1=0x00000000
     478195.000 ns	     47818	800097e8	026ea633	mulhsu	x12,x29,x6	 x29:0xffffffff  x6:0xfffffe70 x12=0xffffffff
     478225.000 ns	     47821	800097ec	c01df7d3	fcvt.wu.s	x15,f27	 f27:0x7b832174 x15=0xffffffff
     478255.000 ns	     47824	800097f0	21322953	fsgnjx.s	f18,f4,f19	  f4:0xfb832174 f19:0x00000000 f18=0xfb832174
     478275.000 ns	     47826	800097f4	09898893	addi	x17,x19,152	 x19:0xdf3e5000 x17=0xdf3e5098
     478305.000 ns	     47829	800097f8	1055f853	fmul.s	f16,f11,f5	 f11:0x4ea74800  f5:0x4f000410 f16=0x5e274d50
     478335.000 ns	     47832	800097fc	e0029653	fclass.s	x12,f5	  f5:0x4f000410 x12=0x00000040
     478355.000 ns	     47834	80009800	01345593	srli	x11,x8,0x13	  x8:0x00000000 x11=0x00000000
     478365.000 ns	     47835	80009804	415c5333	sra	x6,x24,x21	 x24:0x00000000 x21:0x00000000  x6=0x00000000
     478385.000 ns	     47837	80009808	02348033	mul	x0,x9,x3	  x9:0x00000000  x3:0x0000069c
     478405.000 ns	     47839	8000980c	58352993	slti	x19,x10,1411	 x10:0xffffffff x19=0x00000001
     478425.000 ns	     47841	80009810	f0010bd3	fmv.w.x	f23,x2	  x2:0x00000000 f23=0x00000000
     478455.000 ns	     47844	80009814	c00f26d3	fcvt.w.s	x13,f30	 f30:0x4f000410 x13=0x7fffffff
     478475.000 ns	     47846	80009818	0166d513	srli	x10,x13,0x16	 x13:0x00000001 x10=0x000001ff
     478495.000 ns	     47848	8000981c	e00101d3	fmv.x.w	x3,f2	  f2:0x7fc00000  x3=0x7fc00000
     479675.000 ns	     47966	80009820	58087bd3	fsqrt.s	f23,f16	 f16:0x5e274d50 f23=0x4e6c9954
     479705.000 ns	     47969	80009824	0373ff33	remu	x30,x7,x23	  x7:0xffffffff x23:0x00000000 x30=0xffffffff
     479735.000 ns	     47972	80009828	02fc0bb3	mul	x23,x24,x15	 x24:0x00000000 x15:0xffffffff x23=0x00000000
     479785.000 ns	     47977	8000982c	08f83053	fsub.s	f0,f16,f15	 f16:0x5e274d50 f15:0x4f7ffffc  f0=0x5e274d50
     479805.000 ns	     47979	80009830	01a49333	sll	x6,x9,x26	  x9:0x00000000 x26:0x00000001  x6=0x00000000
     479815.000 ns	     47980	80009834	0187ccb3	xor	x25,x15,x24	 x15:0xffffffff x24:0x00000000 x25=0xffffffff
     479825.000 ns	     47981	80009838	00000013	addi	x0,x0,0	  x0:0x00000000
     479845.000 ns	     47983	8000983c	c0117153	fcvt.wu.s	x2,f2	  f2:0x7fc00000  x2=0xffffffff
     479865.000 ns	     47985	80009840	40695c93	srai	x25,x18,0x6	 x18:0x00000000 x25=0x00000000
     479885.000 ns	     47987	80009844	21a786d3	fsgnj.s	f13,f15,f26	 f15:0x4f7ffffc f26:0x00000000 f13=0x4f7ffffc
     479915.000 ns	     47990	80009848	2150a853	fsgnjx.s	f16,f1,f21	  f1:0x7b832174 f21:0x4f000410 f16=0x7b832174
     479945.000 ns	     47993	8000984c	c016fcd3	fcvt.wu.s	x25,f13	 f13:0x4f7ffffc x25=0xfffffc00
     479965.000 ns	     47995	80009850	404b8f33	sub	x30,x23,x4	 x23:0x00000000  x4:0x00000000 x30=0x00000000
     480005.000 ns	     47999	80009854	00290553	fadd.s	f10,f18,f2	 f18:0xfb832174  f2:0x7fc00000 f10=0x7fc00000
     480025.000 ns	     48001	80009858	017370b3	and	x1,x6,x23	  x6:0x00000000 x23:0x00000000  x1=0x00000000
     480035.000 ns	     48002	8000985c	01cb86b3	add	x13,x23,x28	 x23:0x00000000 x28:0x00000001 x13=0x00000001
     480055.000 ns	     48004	80009860	039f3933	mulhu	x18,x30,x25	 x30:0x00000000 x25:0xfffffc00 x18=0x00000000
     480085.000 ns	     48007	80009864	287d1053	fmax.s	f0,f26,f7	 f26:0x00000000  f7:0x7fc00000  f0=0x00000000
     480115.000 ns	     48010	80009868	c00c2053	fcvt.w.s	x0,f24	 f24:0x3f032174
     480145.000 ns	     48013	8000986c	02e81033	mulh	x0,x16,x14	 x16:0x80040fe4 x14:0x72cb4a24
     480175.000 ns	     48016	80009870	c012f5d3	fcvt.wu.s	x11,f5	  f5:0x4f000410 x11=0x80041000
     480205.000 ns	     48019	80009874	e0099bd3	fclass.s	x23,f19	 f19:0x00000000 x23=0x00000010
     480235.000 ns	     48022	80009878	d0049f53	fcvt.s.w	f30,x9	  x9:0x00000000 f30=0x00000000
     480255.000 ns	     48024	8000987c	9dc88f13	addi	x30,x17,-1572	 x17:0xdf3e5098 x30=0xdf3e4a74
     480265.000 ns	     48025	80009880	01680233	add	x4,x16,x22	 x16:0x80040fe4 x22:0x00000200  x4=0x800411e4
     481435.000 ns	     48142	80009884	580bc653	fsqrt.s	f12,f23	 f23:0x4e6c9954 f12=0x46a74cf7
     481465.000 ns	     48145	80009888	e0040c53	fmv.x.w	x24,f8	  f8:0x7fc00000 x24=0x7fc00000
     481495.000 ns	     48148	8000988c	a1119bd3	flt.s	x23,f3,f17	  f3:0x4ea74800 f17:0x3f800000 x23=0x00000000
     481515.000 ns	     48150	80009890	99fa6693	ori	x13,x20,-1633	 x20:0x80041024 x13=0xfffff9bf
     481525.000 ns	     48151	80009894	0081de93	srli	x29,x3,0x8	  x3:0x7fc00000 x29=0x007fc000
     481545.000 ns	     48153	80009898	2128a953	fsgnjx.s	f18,f17,f18	 f17:0x3f800000 f18:0xfb832174 f18=0xbf800000
     481565.000 ns	     48155	8000989c	41bf52b3	sra	x5,x30,x27	 x30:0xdf3e4a74 x27:0x80041024  x5=0xfdf3e4a7
     481585.000 ns	     48157	800098a0	21a90d53	fsgnj.s	f26,f18,f26	 f18:0xbf800000 f26:0x00000000 f26=0x3f800000
     481605.000 ns	     48159	800098a4	007e1fb3	sll	x31,x28,x7	 x28:0x00000001  x7:0xffffffff x31=0x80000000
     481625.000 ns	     48161	800098a8	031f1b33	mulh	x22,x30,x17	 x30:0xdf3e4a74 x17:0xdf3e5098 x22=0x0430ff2d
     481645.000 ns	     48163	800098ac	01e29fb3	sll	x31,x5,x30	  x5:0xfdf3e4a7 x30:0xdf3e4a74 x31=0x4a700000
     481655.000 ns	     48164	800098b0	00a8d8b3	srl	x17,x17,x10	 x17:0xdf3e5098 x10:0x000001ff x17=0x00000001
     481665.000 ns	     48165	800098b4	eb27fc13	andi	x24,x15,-334	 x15:0xffffffff x24=0xfffffeb2
     481685.000 ns	     48167	800098b8	205c8ad3	fsgnj.s	f21,f25,f5	 f25:0x00000000  f5:0x4f000410 f21=0x00000000
     481705.000 ns	     48169	800098bc	00c15d13	srli	x26,x2,0xc	  x2:0xffffffff x26=0x000fffff
     481725.000 ns	     48171	800098c0	02d7b3b3	mulhu	x7,x15,x13	 x15:0xffffffff x13:0xfffff9bf  x7=0xfffff9be
     482095.000 ns	     48208	800098c4	03827933	remu	x18,x4,x24	  x4:0x800411e4 x24:0xfffffeb2 x18=0x800411e4
     482115.000 ns	     48210	800098c8	4194df93	srai	x31,x9,0x19	  x9:0x00000000 x31=0x00000000
     482125.000 ns	     48211	800098cc	94520437	lui	x8,0x94520	  x8=0x94520000
     482135.000 ns	     48212	800098d0	01769933	sll	x18,x13,x23	 x13:0xfffff9bf x23:0x00000000 x18=0xfffff9bf
     482145.000 ns	     48213	800098d4	00e89693	slli	x13,x17,0xe	 x17:0x00000001 x13=0x00004000
     482155.000 ns	     48214	800098d8	00d7f8b3	and	x17,x15,x13	 x15:0xffffffff x13:0xfffff9bf x17=0x00004000
     482165.000 ns	     48215	800098dc	418e0133	sub	x2,x28,x24	 x28:0x00000001 x24:0xfffffeb2  x2=0x0000014f
     482175.000 ns	     48216	800098e0	40b08433	sub	x8,x1,x11	  x1:0x00000000 x11:0x80041000  x8=0x7ffbf000
     482195.000 ns	     48218	800098e4	e00092d3	fclass.s	x5,f1	  f1:0x7b832174  x5=0x00000040
     482225.000 ns	     48221	800098e8	032332b3	mulhu	x5,x6,x18	  x6:0x00000000 x18:0xfffff9bf  x5=0x00000000
     482255.000 ns	     48224	800098ec	e00e1b53	fclass.s	x22,f28	 f28:0x3f032174 x22=0x00000040
     482295.000 ns	     48228	800098f0	580b7853	fsqrt.s	f16,f22	 f22:0xdc01248e f16=0x7fc00000
     482315.000 ns	     48230	800098f4	00682ab3	slt	x21,x16,x6	 x16:0x80040fe4  x6:0x00000000 x21=0x00000001
     482325.000 ns	     48231	800098f8	01f56033	or	x0,x10,x31	 x10:0x000001ff x31:0x00000000
     482685.000 ns	     48267	800098fc	02d2d4b3	divu	x9,x5,x13	  x5:0x00000000 x13:0x00004000  x9=0x00000000
     482715.000 ns	     48270	80009900	d01f79d3	fcvt.s.wu	f19,x30	 x30:0xdf3e4a74 f19=0x4f5f3e4a
     482735.000 ns	     48272	80009904	40105113	srai	x2,x0,0x1	  x0:0x00000000  x2=0x00000000
     482745.000 ns	     48273	80009908	007bdbb3	srl	x23,x23,x7	 x23:0x00000000  x7:0xfffff9be x23=0x00000000
     482765.000 ns	     48275	8000990c	e00408d3	fmv.x.w	x17,f8	  f8:0x7fc00000 x17=0x7fc00000
     482785.000 ns	     48277	80009910	4000b913	sltiu	x18,x1,1024	  x1:0x00000000 x18=0x00000001
     482805.000 ns	     48279	80009914	d006c653	fcvt.s.w	f12,x13	 x13:0x00004000 f12=0x46800000
     482835.000 ns	     48282	80009918	a1770c53	fle.s	x24,f14,f23	 f14:0x4ea74800 f23:0x4e6c9954 x24=0x00000000
     482865.000 ns	     48285	8000991c	020cbb33	mulhu	x22,x25,x0	 x25:0xfffffc00  x0:0x00000000 x22=0x00000000
     482895.000 ns	     48288	80009920	f00109d3	fmv.w.x	f19,x2	  x2:0x00000000 f19=0x00000000
     482945.000 ns	     48293	80009924	01dd7a53	fadd.s	f20,f26,f29	 f26:0x3f800000 f29:0x3f032174 f20=0x3fc190ba
     482975.000 ns	     48296	80009928	f00d85d3	fmv.w.x	f11,x27	 x27:0x80041024 f11=0x80041024
     483025.000 ns	     48301	8000992c	08a4fdd3	fsub.s	f27,f9,f10	  f9:0x7fc00000 f10:0x7fc00000 f27=0x7fc00000
     483055.000 ns	     48304	80009930	03aebbb3	mulhu	x23,x29,x26	 x29:0x007fc000 x26:0x000fffff x23=0x000007fb
     483085.000 ns	     48307	80009934	20409553	fsgnjn.s	f10,f1,f4	  f1:0x7b832174  f4:0xfb832174 f10=0x7b832174
     483115.000 ns	     48310	80009938	21f5a953	fsgnjx.s	f18,f11,f31	 f11:0x80041024 f31:0x00000000 f18=0x80041024
     483135.000 ns	     48312	8000993c	0139c8b3	xor	x17,x19,x19	 x19:0x00000001 x19:0x00000001 x17=0x00000000
     483155.000 ns	     48314	80009940	0255b933	mulhu	x18,x11,x5	 x11:0x80041000  x5:0x00000000 x18=0x00000000
     483185.000 ns	     48317	80009944	283a18d3	fmax.s	f17,f20,f3	 f20:0x3fc190ba  f3:0x4ea74800 f17=0x4ea74800
     483215.000 ns	     48320	80009948	d002fad3	fcvt.s.w	f21,x5	  x5:0x00000000 f21=0x00000000
     483245.000 ns	     48323	8000994c	29c10ad3	fmin.s	f21,f2,f28	  f2:0x7fc00000 f28:0x3f032174 f21=0x3f032174
     483265.000 ns	     48325	80009950	40628bb3	sub	x23,x5,x6	  x5:0x00000000  x6:0x00000000 x23=0x00000000
     483285.000 ns	     48327	80009954	a1ec8253	fle.s	x4,f25,f30	 f25:0x00000000 f30:0x00000000  x4=0x00000001
     483305.000 ns	     48329	80009958	8c7fc493	xori	x9,x31,-1849	 x31:0x00000000  x9=0xfffff8c7
     483315.000 ns	     48330	8000995c	25284593	xori	x11,x16,594	 x16:0x80040fe4 x11=0x80040db6
     483335.000 ns	     48332	80009960	216416d3	fsgnjn.s	f13,f8,f22	  f8:0x7fc00000 f22:0xdc01248e f13=0x7fc00000
     483365.000 ns	     48335	80009964	20c5ac53	fsgnjx.s	f24,f11,f12	 f11:0x80041024 f12:0x46800000 f24=0x80041024
     483385.000 ns	     48337	80009968	01dd4bb3	xor	x23,x26,x29	 x26:0x000fffff x29:0x007fc000 x23=0x00703fff
     483395.000 ns	     48338	8000996c	0059b1b3	sltu	x3,x19,x5	 x19:0x00000001  x5:0x00000000  x3=0x00000000
     483435.000 ns	     48342	80009970	08561953	fsub.s	f18,f12,f5	 f12:0x46800000  f5:0x4f000410 f18=0xcf0003d0
     483805.000 ns	     48379	80009974	0272d6b3	divu	x13,x5,x7	  x5:0x00000000  x7:0xfffff9be x13=0x00000000
     483825.000 ns	     48381	80009978	26e90113	addi	x2,x18,622	 x18:0x00000000  x2=0x0000026e
     483845.000 ns	     48383	8000997c	a01a9553	flt.s	x10,f21,f1	 f21:0x3f032174  f1:0x7b832174 x10=0x00000001
     483865.000 ns	     48385	80009980	40e18933	sub	x18,x3,x14	  x3:0x00000000 x14:0x72cb4a24 x18=0x8d34b5dc
     483875.000 ns	     48386	80009984	2f0a2393	slti	x7,x20,752	 x20:0x80041024  x7=0x00000001
     483895.000 ns	     48388	80009988	201086d3	fsgnj.s	f13,f1,f1	  f1:0x7b832174  f1:0x7b832174 f13=0x7b832174
     483925.000 ns	     48391	8000998c	02332bb3	mulhsu	x23,x6,x3	  x6:0x00000000  x3:0x00000000 x23=0x00000000
     483945.000 ns	     48393	80009990	00899193	slli	x3,x19,0x8	 x19:0x00000001  x3=0x00000100
     484305.000 ns	     48429	80009994	032ff9b3	remu	x19,x31,x18	 x31:0x00000000 x18:0x8d34b5dc x19=0x00000000
     484325.000 ns	     48431	80009998	007fbb33	sltu	x22,x31,x7	 x31:0x00000000  x7:0x00000001 x22=0x00000001
     484335.000 ns	     48432	8000999c	01055f33	srl	x30,x10,x16	 x10:0x00000001 x16:0x80040fe4 x30=0x00000000
     484345.000 ns	     48433	800099a0	01d75933	srl	x18,x14,x29	 x14:0x72cb4a24 x29:0x007fc000 x18=0x72cb4a24
     484705.000 ns	     48469	800099a4	036d5db3	divu	x27,x26,x22	 x26:0x000fffff x22:0x00000001 x27=0x000fffff
     485885.000 ns	     48587	800099a8	5801f953	fsqrt.s	f18,f3	  f3:0x4ea74800 f18=0x471253ec
     486225.000 ns	     48621	800099ac	18fbf2d3	fdiv.s	f5,f23,f15	 f23:0x4e6c9954 f15:0x4f7ffffc  f5=0x3e6c9954
     486245.000 ns	     48623	800099b0	90932793	slti	x15,x6,-1783	  x6:0x00000000 x15=0x00000000
     486265.000 ns	     48625	800099b4	034826b3	mulhsu	x13,x16,x20	 x16:0x80040fe4 x20:0x80041024 x13=0xbffffff0
     486285.000 ns	     48627	800099b8	01b158b3	srl	x17,x2,x27	  x2:0x0000026e x27:0x000fffff x17=0x00000000
     486295.000 ns	     48628	800099bc	c94e5f97	auipc	x31,0xc94e5	 x31=0x494ee9bc
     486305.000 ns	     48629	800099c0	00cd88b3	add	x17,x27,x12	 x27:0x000fffff x12:0x00000040 x17=0x0010003f
     486315.000 ns	     48630	800099c4	26394493	xori	x9,x18,611	 x18:0x72cb4a24  x9=0x72cb4847
     486335.000 ns	     48632	800099c8	29db8a53	fmin.s	f20,f23,f29	 f23:0x4e6c9954 f29:0x3f032174 f20=0x3f032174
     486355.000 ns	     48634	800099cc	f62d1b97	auipc	x23,0xf62d1	 x23=0x762da9cc
     486375.000 ns	     48636	800099d0	e00a17d3	fclass.s	x15,f20	 f20:0x3f032174 x15=0x00000040
     486405.000 ns	     48639	800099d4	0248a7b3	mulhsu	x15,x17,x4	 x17:0x0010003f  x4:0x00000001 x15=0x00000000
     486425.000 ns	     48641	800099d8	01828c33	add	x24,x5,x24	  x5:0x00000000 x24:0x00000000 x24=0x00000000
     486435.000 ns	     48642	800099dc	bf934d13	xori	x26,x6,-1031	  x6:0x00000000 x26=0xfffffbf9
     486455.000 ns	     48644	800099e0	f0060353	fmv.w.x	f6,x12	 x12:0x00000040  f6=0x00000040
     486485.000 ns	     48647	800099e4	e00c8c53	fmv.x.w	x24,f25	 f25:0x00000000 x24=0x00000000
     486505.000 ns	     48649	800099e8	00000013	addi	x0,x0,0	  x0:0x00000000
     486525.000 ns	     48651	800099ec	20c30c53	fsgnj.s	f24,f6,f12	  f6:0x00000040 f12:0x46800000 f24=0x00000040
     486895.000 ns	     48688	800099f0	02b9fbb3	remu	x23,x19,x11	 x19:0x00000000 x11:0x80040db6 x23=0x00000000
     486925.000 ns	     48691	800099f4	21db9953	fsgnjn.s	f18,f23,f29	 f23:0x4e6c9954 f29:0x3f032174 f18=0xce6c9954
     486945.000 ns	     48693	800099f8	01c1a933	slt	x18,x3,x28	  x3:0x00000100 x28:0x00000001 x18=0x00000000
     486955.000 ns	     48694	800099fc	012b86b3	add	x13,x23,x18	 x23:0x00000000 x18:0x72cb4a24 x13=0x00000000
     486975.000 ns	     48696	80009a00	03b99eb3	mulh	x29,x19,x27	 x19:0x00000000 x27:0x000fffff x29=0x00000000
     487005.000 ns	     48699	80009a04	02f91db3	mulh	x27,x18,x15	 x18:0x00000000 x15:0x00000000 x27=0x00000000
     487375.000 ns	     48736	80009a08	022f7b33	remu	x22,x30,x2	 x30:0x00000000  x2:0x0000026e x22=0x00000000
     487405.000 ns	     48739	80009a0c	29d21353	fmax.s	f6,f4,f29	  f4:0xfb832174 f29:0x3f032174  f6=0x3f032174
     487425.000 ns	     48741	80009a10	4144d0b3	sra	x1,x9,x20	  x9:0x72cb4847 x20:0x80041024  x1=0x072cb484
     487445.000 ns	     48743	80009a14	029b3133	mulhu	x2,x22,x9	 x22:0x00000000  x9:0x72cb4847  x2=0x00000000
     487475.000 ns	     48746	80009a18	a17716d3	flt.s	x13,f14,f23	 f14:0x4ea74800 f23:0x4e6c9954 x13=0x00000000
     487515.000 ns	     48750	80009a1c	10c4ffd3	fmul.s	f31,f9,f12	  f9:0x7fc00000 f12:0x46800000 f31=0x7fc00000
     487545.000 ns	     48753	80009a20	d0060d53	fcvt.s.w	f26,x12	 x12:0x00000040 f26=0x42800000
     487565.000 ns	     48755	80009a24	002e5933	srl	x18,x28,x2	 x28:0x00000001  x2:0x00000000 x18=0x00000001
     487575.000 ns	     48756	80009a28	0bd2c013	xori	x0,x5,189	  x5:0x00000000
     487595.000 ns	     48758	80009a2c	a1340b53	fle.s	x22,f8,f19	  f8:0x7fc00000 f19:0x00000000 x22=0x00000000
     487615.000 ns	     48760	80009a30	01c67bb3	and	x23,x12,x28	 x12:0x00000040 x28:0x00000001 x23=0x00000000
     487625.000 ns	     48761	80009a34	01ac1bb3	sll	x23,x24,x26	 x24:0x00000000 x26:0xfffffbf9 x23=0x00000000
     487645.000 ns	     48763	80009a38	033b5eb3	divu	x29,x22,x19	 x22:0x00000000 x19:0x00000000 x29=0xffffffff
     487665.000 ns	     48765	80009a3c	17b70513	addi	x10,x14,379	 x14:0x72cb4a24 x10=0x72cb4b9f
     487685.000 ns	     48767	80009a40	031f92b3	mulh	x5,x31,x17	 x31:0x494ee9bc x17:0x0010003f  x5=0x00049500
     488055.000 ns	     48804	80009a44	031ecb33	div	x22,x29,x17	 x29:0xffffffff x17:0x0010003f x22=0x00000000
     488075.000 ns	     48806	80009a48	90e97493	andi	x9,x18,-1778	 x18:0x00000001  x9=0x00000000
     488085.000 ns	     48807	80009a4c	2c63a793	slti	x15,x7,710	  x7:0x00000001 x15=0x00000001
     488105.000 ns	     48809	80009a50	d00afcd3	fcvt.s.w	f25,x21	 x21:0x00000001 f25=0x3f800000
     488135.000 ns	     48812	80009a54	c00b7053	fcvt.w.s	x0,f22	 f22:0xdc01248e
     488155.000 ns	     48814	80009a58	ccfea093	slti	x1,x29,-817	 x29:0xffffffff  x1=0x00000000
     488175.000 ns	     48816	80009a5c	c00b4253	fcvt.w.s	x4,f22	 f22:0xdc01248e  x4=0x80000000
     488205.000 ns	     48819	80009a60	20d698d3	fsgnjn.s	f17,f13,f13	 f13:0x7b832174 f13:0x7b832174 f17=0xfb832174
     488225.000 ns	     48821	80009a64	86028f37	lui	x30,0x86028	 x30=0x86028000
     488235.000 ns	     48822	80009a68	2518aab7	lui	x21,0x2518a	 x21=0x2518a000
     488255.000 ns	     48824	80009a6c	022b8e33	mul	x28,x23,x2	 x23:0x00000000  x2:0x00000000 x28=0x00000000
     488285.000 ns	     48827	80009a70	a178ae53	feq.s	x28,f17,f23	 f17:0xfb832174 f23:0x4e6c9954 x28=0x00000000
     488315.000 ns	     48830	80009a74	a1870153	fle.s	x2,f14,f24	 f14:0x4ea74800 f24:0x00000040  x2=0x00000000
     488345.000 ns	     48833	80009a78	a0ae9cd3	flt.s	x25,f29,f10	 f29:0x3f032174 f10:0x7b832174 x25=0x00000001
     488375.000 ns	     48836	80009a7c	c00bf253	fcvt.w.s	x4,f23	 f23:0x4e6c9954  x4=0x3b265500
     488405.000 ns	     48839	80009a80	03b200b3	mul	x1,x4,x27	  x4:0x80000000 x27:0x00000000  x1=0x00000000
     488425.000 ns	     48841	80009a84	00671f33	sll	x30,x14,x6	 x14:0x72cb4a24  x6:0x00000000 x30=0x72cb4a24
     488435.000 ns	     48842	80009a88	e05db413	sltiu	x8,x27,-507	 x27:0x00000000  x8=0x00000001
     488455.000 ns	     48844	80009a8c	034e02b3	mul	x5,x28,x20	 x28:0x00000000 x20:0x80041024  x5=0x00000000
     488475.000 ns	     48846	80009a90	00800933	add	x18,x0,x8	  x0:0x00000000  x8:0x7ffbf000 x18=0x00000001
     488495.000 ns	     48848	80009a94	a1b90fd3	fle.s	x31,f18,f27	 f18:0xce6c9954 f27:0x7fc00000 x31=0x00000000
     488525.000 ns	     48851	80009a98	a1c38cd3	fle.s	x25,f7,f28	  f7:0x7fc00000 f28:0x3f032174 x25=0x00000000
     488555.000 ns	     48854	80009a9c	038177b3	remu	x15,x2,x24	  x2:0x00000000 x24:0x00000000 x15=0x00000000
     488585.000 ns	     48857	80009aa0	02b99533	mulh	x10,x19,x11	 x19:0x00000000 x11:0x80040db6 x10=0x00000000
     489765.000 ns	     48975	80009aa4	580ca253	fsqrt.s	f4,f25	 f25:0x3f800000  f4=0x3f7fffae
     489785.000 ns	     48977	80009aa8	002d28b3	slt	x17,x26,x2	 x26:0xfffffbf9  x2:0x00000000 x17=0x00000001
     489805.000 ns	     48979	80009aac	29ce8a53	fmin.s	f20,f29,f28	 f29:0x3f032174 f28:0x3f032174 f20=0x3f032174
     489825.000 ns	     48981	80009ab0	00dbf0b3	and	x1,x23,x13	 x23:0x00000000 x13:0x00000000  x1=0x00000000
     489865.000 ns	     48985	80009ab4	094a3fd3	fsub.s	f31,f20,f20	 f20:0x3f032174 f20:0x3f032174 f31=0x80000000
     489895.000 ns	     48988	80009ab8	039a39b3	mulhu	x19,x20,x25	 x20:0x80041024 x25:0x00000000 x19=0x00000000
     489935.000 ns	     48992	80009abc	185f3153	fdiv.s	f2,f30,f5	 f30:0x00000000  f5:0x3e6c9954  f2=0x00000000
     489965.000 ns	     48995	80009ac0	29cb09d3	fmin.s	f19,f22,f28	 f22:0xdc01248e f28:0x3f032174 f19=0xdc01248e
     489985.000 ns	     48997	80009ac4	41d50233	sub	x4,x10,x29	 x10:0x00000000 x29:0xffffffff  x4=0x00000001
     490005.000 ns	     48999	80009ac8	03fb1133	mulh	x2,x22,x31	 x22:0x00000000 x31:0x00000000  x2=0x00000000
     490025.000 ns	     49001	80009acc	cc90f993	andi	x19,x1,-823	  x1:0x00000000 x19=0x00000000
     490035.000 ns	     49002	80009ad0	00000013	addi	x0,x0,0	  x0:0x00000000
     490055.000 ns	     49004	80009ad4	2107a2d3	fsgnjx.s	f5,f15,f16	 f15:0x4f7ffffc f16:0x7fc00000  f5=0x4f7ffffc
     490095.000 ns	     49008	80009ad8	185f7ed3	fdiv.s	f29,f30,f5	 f30:0x00000000  f5:0x3e6c9954 f29=0x00000000
     490125.000 ns	     49011	80009adc	216e01d3	fsgnj.s	f3,f28,f22	 f28:0x3f032174 f22:0xdc01248e  f3=0xbf032174
     490145.000 ns	     49013	80009ae0	00e21bb3	sll	x23,x4,x14	  x4:0x00000001 x14:0x72cb4a24 x23=0x00000010
     490155.000 ns	     49014	80009ae4	00815d33	srl	x26,x2,x8	  x2:0x00000000  x8:0x00000001 x26=0x00000000
     490165.000 ns	     49015	80009ae8	010dcab3	xor	x21,x27,x16	 x27:0x00000000 x16:0x80040fe4 x21=0x80040fe4
     490185.000 ns	     49017	80009aec	03d89f33	mulh	x30,x17,x29	 x17:0x00000001 x29:0xffffffff x30=0xffffffff
     490215.000 ns	     49020	80009af0	29b903d3	fmin.s	f7,f18,f27	 f18:0xce6c9954 f27:0x7fc00000  f7=0xce6c9954
     490255.000 ns	     49024	80009af4	10ffb853	fmul.s	f16,f31,f15	 f31:0x80000000 f15:0x4f7ffffc f16=0x80000000
     490285.000 ns	     49027	80009af8	d00fcdd3	fcvt.s.w	f27,x31	 x31:0x00000000 f27=0x00000000
     490655.000 ns	     49064	80009afc	02e05db3	divu	x27,x0,x14	  x0:0x00000000 x14:0x72cb4a24 x27=0x00000000
     490675.000 ns	     49066	80009b00	ca8cf693	andi	x13,x25,-856	 x25:0x00000000 x13=0x00000000
     490685.000 ns	     49067	80009b04	530cf793	andi	x15,x25,1328	 x25:0x00000000 x15=0x00000000
     490695.000 ns	     49068	80009b08	b7883f93	sltiu	x31,x16,-1160	 x16:0x80040fe4 x31=0x00000001
     490715.000 ns	     49070	80009b0c	c00a7bd3	fcvt.w.s	x23,f20	 f20:0x3f032174 x23=0x00000000
     490735.000 ns	     49072	80009b10	40bedfb3	sra	x31,x29,x11	 x29:0xffffffff x11:0x80040db6 x31=0xffffffff
     490745.000 ns	     49073	80009b14	40a0de93	srai	x29,x1,0xa	  x1:0x00000000 x29=0x00000000
     490755.000 ns	     49074	80009b18	841b7293	andi	x5,x22,-1983	 x22:0x00000000  x5=0x00000000
     490795.000 ns	     49078	80009b1c	0991f053	fsub.s	f0,f3,f25	  f3:0xbf032174 f25:0x3f800000  f0=0xbfc190ba
     490815.000 ns	     49080	80009b20	00753033	sltu	x0,x10,x7	 x10:0x00000000  x7:0x00000001
     490835.000 ns	     49082	80009b24	e0071dd3	fclass.s	x27,f14	 f14:0x4ea74800 x27=0x00000040
     490865.000 ns	     49085	80009b28	d00d20d3	fcvt.s.w	f1,x26	 x26:0x00000000  f1=0x00000000
     490895.000 ns	     49088	80009b2c	034a26b3	mulhsu	x13,x20,x20	 x20:0x80041024 x20:0x80041024 x13=0xc0000010
     490915.000 ns	     49090	80009b30	838b2997	auipc	x19,0x838b2	 x19=0x038bbb30
     490925.000 ns	     49091	80009b34	d5b5c113	xori	x2,x11,-677	 x11:0x80040db6  x2=0x7ffbf0ed
     490935.000 ns	     49092	80009b38	00baf433	and	x8,x21,x11	 x21:0x80040fe4 x11:0x80040db6  x8=0x80040da4
     490955.000 ns	     49094	80009b3c	036f8cb3	mul	x25,x31,x22	 x31:0xffffffff x22:0x00000000 x25=0x00000000
     491325.000 ns	     49131	80009b40	02ef59b3	divu	x19,x30,x14	 x30:0xffffffff x14:0x72cb4a24 x19=0x00000002
     491345.000 ns	     49133	80009b44	01925233	srl	x4,x4,x25	  x4:0x00000001 x25:0x00000000  x4=0x00000001
     491365.000 ns	     49135	80009b48	d0131d53	fcvt.s.wu	f26,x6	  x6:0x00000000 f26=0x00000000
     491395.000 ns	     49138	80009b4c	036d1e33	mulh	x28,x26,x22	 x26:0x00000000 x22:0x00000000 x28=0x00000000
     491425.000 ns	     49141	80009b50	a0bd8153	fle.s	x2,f27,f11	 f27:0x00000000 f11:0x80041024  x2=0x00000000
     491455.000 ns	     49144	80009b54	02c93933	mulhu	x18,x18,x12	 x18:0x00000001 x12:0x00000040 x18=0x00000000
     491475.000 ns	     49146	80009b58	4188d013	srai	x0,x17,0x18	 x17:0x00000001
     491495.000 ns	     49148	80009b5c	21709d53	fsgnjn.s	f26,f1,f23	  f1:0x00000000 f23:0x4e6c9954 f26=0x80000000
     491865.000 ns	     49185	80009b60	034af0b3	remu	x1,x21,x20	 x21:0x80040fe4 x20:0x80041024  x1=0x80040fe4
     491895.000 ns	     49188	80009b64	02132633	mulhsu	x12,x6,x1	  x6:0x00000000  x1:0x00000000 x12=0x00000000
     491915.000 ns	     49190	80009b68	01cb0633	add	x12,x22,x28	 x22:0x00000000 x28:0x00000000 x12=0x00000000
     491925.000 ns	     49191	80009b6c	4092ba93	sltiu	x21,x5,1033	  x5:0x00000000 x21=0x00000001
     491945.000 ns	     49193	80009b70	02073e33	mulhu	x28,x14,x0	 x14:0x72cb4a24  x0:0x00000000 x28=0x00000000
     491975.000 ns	     49196	80009b74	28f210d3	fmax.s	f1,f4,f15	  f4:0x3f7fffae f15:0x4f7ffffc  f1=0x4f7ffffc
     492025.000 ns	     49201	80009b78	08b0f8d3	fsub.s	f17,f1,f11	  f1:0x00000000 f11:0x80041024 f17=0x4f7ffffc
     492045.000 ns	     49203	80009b7c	006b6c33	or	x24,x22,x6	 x22:0x00000000  x6:0x00000000 x24=0x00000000
     492055.000 ns	     49204	80009b80	40145193	srai	x3,x8,0x1	  x8:0x80040da4  x3=0xc00206d2
     492075.000 ns	     49206	80009b84	039a5033	divu	x0,x20,x25	 x20:0x80041024 x25:0x00000000
     492095.000 ns	     49208	80009b88	93e02793	slti	x15,x0,-1730	  x0:0x00000000 x15=0x00000000
     492115.000 ns	     49210	80009b8c	a01d1fd3	flt.s	x31,f26,f1	 f26:0x80000000  f1:0x4f7ffffc x31=0x00000001
     492145.000 ns	     49213	80009b90	c00c70d3	fcvt.w.s	x1,f24	 f24:0x00000040  x1=0x00000000
     492165.000 ns	     49215	80009b94	00c05db3	srl	x27,x0,x12	  x0:0x00000000 x12:0x00000000 x27=0x00000000
     492185.000 ns	     49217	80009b98	e00499d3	fclass.s	x19,f9	  f9:0x7fc00000 x19=0x00000200
     492205.000 ns	     49219	80009b9c	00cd0c33	add	x24,x26,x12	 x26:0x00000000 x12:0x00000000 x24=0x00000000
     492225.000 ns	     49221	80009ba0	021ff333	remu	x6,x31,x1	 x31:0x00000001  x1:0x00000000  x6=0x00000001
     492245.000 ns	     49223	80009ba4	ea7c0d13	addi	x26,x24,-345	 x24:0x00000000 x26=0xfffffea7
     492255.000 ns	     49224	80009ba8	00301eb3	sll	x29,x0,x3	  x0:0x00000000  x3:0xc00206d2 x29=0x00000000
     492275.000 ns	     49226	80009bac	e0051bd3	fclass.s	x23,f10	 f10:0x7b832174 x23=0x00000040
     492295.000 ns	     49228	80009bb0	00000013	addi	x0,x0,0	  x0:0x00000000
     492315.000 ns	     49230	80009bb4	e0048053	fmv.x.w	x0,f9	  f9:0x7fc00000
     492345.000 ns	     49233	80009bb8	03339333	mulh	x6,x7,x19	  x7:0x00000001 x19:0x00000200  x6=0x00000000
     492365.000 ns	     49235	80009bbc	0181afb3	slt	x31,x3,x24	  x3:0xc00206d2 x24:0x00000000 x31=0x00000001
     492385.000 ns	     49237	80009bc0	f00f00d3	fmv.w.x	f1,x30	 x30:0xffffffff  f1=0xffffffff
     492415.000 ns	     49240	80009bc4	298a9953	fmax.s	f18,f21,f24	 f21:0x3f032174 f24:0x00000040 f18=0x3f032174
     492435.000 ns	     49242	80009bc8	40df0f33	sub	x30,x30,x13	 x30:0xffffffff x13:0xc0000010 x30=0x3fffffef
     492455.000 ns	     49244	80009bcc	0230bc33	mulhu	x24,x1,x3	  x1:0x00000000  x3:0xc00206d2 x24=0x00000000
     492475.000 ns	     49246	80009bd0	71163e97	auipc	x29,0x71163	 x29=0xf116cbd0
     492485.000 ns	     49247	80009bd4	d35d9217	auipc	x4,0xd35d9	  x4=0x535e2bd4
     492495.000 ns	     49248	80009bd8	1bc90e13	addi	x28,x18,444	 x18:0x00000000 x28=0x000001bc
     492505.000 ns	     49249	80009bdc	400fd013	srai	x0,x31,0x0	 x31:0x00000001
     492515.000 ns	     49250	80009be0	00c2b033	sltu	x0,x5,x12	  x5:0x00000000 x12:0x00000000
     492535.000 ns	     49252	80009be4	036e51b3	divu	x3,x28,x22	 x28:0x000001bc x22:0x00000000  x3=0xffffffff
     492555.000 ns	     49254	80009be8	406add13	srai	x26,x21,0x6	 x21:0x00000001 x26=0x00000000
     492565.000 ns	     49255	80009bec	c5caae13	slti	x28,x21,-932	 x21:0x00000001 x28=0x00000000
     492585.000 ns	     49257	80009bf0	027eb433	mulhu	x8,x29,x7	 x29:0xf116cbd0  x7:0x00000001  x8=0x00000000
     492605.000 ns	     49259	80009bf4	01649e13	slli	x28,x9,0x16	  x9:0x00000000 x28=0x00000000
     492965.000 ns	     49295	80009bf8	030ac3b3	div	x7,x21,x16	 x21:0x00000001 x16:0x80040fe4  x7=0x00000000
     492995.000 ns	     49298	80009bfc	02ffe533	rem	x10,x31,x15	 x31:0x00000001 x15:0x00000000 x10=0x00000001
     493015.000 ns	     49300	80009c00	00437033	and	x0,x6,x4	  x6:0x00000000  x4:0x535e2bd4
     493035.000 ns	     49302	80009c04	03a00bb3	mul	x23,x0,x26	  x0:0x00000000 x26:0x00000000 x23=0x00000000
     493055.000 ns	     49304	80009c08	01a0c333	xor	x6,x1,x26	  x1:0x00000000 x26:0x00000000  x6=0x00000000
     493065.000 ns	     49305	80009c0c	96dbe893	ori	x17,x23,-1683	 x23:0x00000000 x17=0xfffff96d
     493085.000 ns	     49307	80009c10	d00f1dd3	fcvt.s.w	f27,x30	 x30:0x3fffffef f27=0x4e7fffff
     493125.000 ns	     49311	80009c14	1084f9d3	fmul.s	f19,f9,f8	  f9:0x7fc00000  f8:0x7fc00000 f19=0x7fc00000
     493145.000 ns	     49313	80009c18	59c76293	ori	x5,x14,1436	 x14:0x72cb4a24  x5=0x72cb4fbc
     493505.000 ns	     49349	80009c1c	02b55bb3	divu	x23,x10,x11	 x10:0x00000001 x11:0x80040db6 x23=0x00000000
     493535.000 ns	     49352	80009c20	a16b9553	flt.s	x10,f23,f22	 f23:0x4e6c9954 f22:0xdc01248e x10=0x00000000
     493555.000 ns	     49354	80009c24	01d2b0b3	sltu	x1,x5,x29	  x5:0x72cb4fbc x29:0xf116cbd0  x1=0x00000001
     493575.000 ns	     49356	80009c28	a1b413d3	flt.s	x7,f8,f27	  f8:0x7fc00000 f27:0x4e7fffff  x7=0x00000000
     493605.000 ns	     49359	80009c2c	02271633	mulh	x12,x14,x2	 x14:0x72cb4a24  x2:0x00000000 x12=0x00000000
     493625.000 ns	     49361	80009c30	6706f997	auipc	x19,0x6706f	 x19=0xe7078c30
     493655.000 ns	     49364	80009c34	5809f953	fsqrt.s	f18,f19	 f19:0x7fc00000 f18=0x7fc00000
     493685.000 ns	     49367	80009c38	a0e10f53	fle.s	x30,f2,f14	  f2:0x00000000 f14:0x4ea74800 x30=0x00000001
     493715.000 ns	     49370	80009c3c	d01873d3	fcvt.s.wu	f7,x16	 x16:0x80040fe4  f7=0x4f00040f
     493745.000 ns	     49373	80009c40	d00afd53	fcvt.s.w	f26,x21	 x21:0x00000001 f26=0x3f800000
     493765.000 ns	     49375	80009c44	fc1ccb13	xori	x22,x25,-63	 x25:0x00000000 x22=0xffffffc1
     494125.000 ns	     49411	80009c48	0215c433	div	x8,x11,x1	 x11:0x80040db6  x1:0x00000001  x8=0x80040db6
     494155.000 ns	     49414	80009c4c	217f93d3	fsgnjn.s	f7,f31,f23	 f31:0x80000000 f23:0x4e6c9954  f7=0x80000000
     494185.000 ns	     49417	80009c50	f0040ad3	fmv.w.x	f21,x8	  x8:0x80040db6 f21=0x80040db6
     494215.000 ns	     49420	80009c54	0313b2b3	mulhu	x5,x7,x17	  x7:0x00000000 x17:0xfffff96d  x5=0x00000000
     494235.000 ns	     49422	80009c58	383f0bb7	lui	x23,0x383f0	 x23=0x383f0000
     494255.000 ns	     49424	80009c5c	a1de0153	fle.s	x2,f28,f29	 f28:0x3f032174 f29:0x00000000  x2=0x00000000
     494285.000 ns	     49427	80009c60	c0167953	fcvt.wu.s	x18,f12	 f12:0x46800000 x18=0x00004000
     494315.000 ns	     49430	80009c64	03661c33	mulh	x24,x12,x22	 x12:0x00000000 x22:0xffffffc1 x24=0x00000000
     494335.000 ns	     49432	80009c68	01808e33	add	x28,x1,x24	  x1:0x00000001 x24:0x00000000 x28=0x00000001
     494345.000 ns	     49433	80009c6c	001636b3	sltu	x13,x12,x1	 x12:0x00000000  x1:0x00000001 x13=0x00000001
     494375.000 ns	     49436	80009c70	58097cd3	fsqrt.s	f25,f18	 f18:0x7fc00000 f25=0x7fc00000
     494405.000 ns	     49439	80009c74	f00b07d3	fmv.w.x	f15,x22	 x22:0xffffffc1 f15=0xffffffc1
     494425.000 ns	     49441	80009c78	005b1493	slli	x9,x22,0x5	 x22:0xffffffc1  x9=0xfffff820
     494435.000 ns	     49442	80009c7c	01d7d6b3	srl	x13,x15,x29	 x15:0x00000000 x29:0xf116cbd0 x13=0x00000000
     494455.000 ns	     49444	80009c80	02151033	mulh	x0,x10,x1	 x10:0x00000000  x1:0x00000001
     494485.000 ns	     49447	80009c84	c004fd53	fcvt.w.s	x26,f9	  f9:0x7fc00000 x26=0x7fffffff
     494515.000 ns	     49450	80009c88	d009fa53	fcvt.s.w	f20,x19	 x19:0xe7078c30 f20=0xcdc7c39e
     494535.000 ns	     49452	80009c8c	0132eb33	or	x22,x5,x19	  x5:0x00000000 x19:0xe7078c30 x22=0xe7078c30
     494895.000 ns	     49488	80009c90	03d9d633	divu	x12,x19,x29	 x19:0xe7078c30 x29:0xf116cbd0 x12=0x00000000
     494915.000 ns	     49490	80009c94	af5b0f97	auipc	x31,0xaf5b0	 x31=0x2f5b9c94
     494935.000 ns	     49492	80009c98	027ad9b3	divu	x19,x21,x7	 x21:0x00000001  x7:0x00000000 x19=0xffffffff
     494965.000 ns	     49495	80009c9c	02a87bb3	remu	x23,x16,x10	 x16:0x80040fe4 x10:0x00000000 x23=0x80040fe4
     494985.000 ns	     49497	80009ca0	e986be13	sltiu	x28,x13,-360	 x13:0x00000000 x28=0x00000001
     494995.000 ns	     49498	80009ca4	015eb9b3	sltu	x19,x29,x21	 x29:0xf116cbd0 x21:0x00000001 x19=0x00000000
     495015.000 ns	     49500	80009ca8	e0059d53	fclass.s	x26,f11	 f11:0x80041024 x26=0x00000004
     495055.000 ns	     49504	80009cac	580a7b53	fsqrt.s	f22,f20	 f20:0xcdc7c39e f22=0x7fc00000
     495085.000 ns	     49507	80009cb0	29c01dd3	fmax.s	f27,f0,f28	  f0:0xbfc190ba f28:0x3f032174 f27=0x3f032174
     495105.000 ns	     49509	80009cb4	a3087393	andi	x7,x16,-1488	 x16:0x80040fe4  x7=0x80040a20
     495125.000 ns	     49511	80009cb8	21f598d3	fsgnjn.s	f17,f11,f31	 f11:0x80041024 f31:0x80000000 f17=0x00041024
     495145.000 ns	     49513	80009cbc	01c58233	add	x4,x11,x28	 x11:0x80040db6 x28:0x00000001  x4=0x80040db7
     495165.000 ns	     49515	80009cc0	03b2e9b3	rem	x19,x5,x27	  x5:0x00000000 x27:0x00000000 x19=0x00000000
     495185.000 ns	     49517	80009cc4	01201c13	slli	x24,x0,0x12	  x0:0x00000000 x24=0x00000000
     495215.000 ns	     49520	80009cc8	58097cd3	fsqrt.s	f25,f18	 f18:0x7fc00000 f25=0x7fc00000
     495245.000 ns	     49523	80009ccc	298c02d3	fmin.s	f5,f24,f24	 f24:0x00000040 f24:0x00000040  f5=0x00000040
     495275.000 ns	     49526	80009cd0	a0ca8dd3	fle.s	x27,f21,f12	 f21:0x80040db6 f12:0x46800000 x27=0x00000001
     495315.000 ns	     49530	80009cd4	103d22d3	fmul.s	f5,f26,f3	 f26:0x3f800000  f3:0xbf032174  f5=0xbf032174
     495685.000 ns	     49567	80009cd8	03564533	div	x10,x12,x21	 x12:0x00000000 x21:0x00000001 x10=0x00000000
     495715.000 ns	     49570	80009cdc	032fbcb3	mulhu	x25,x31,x18	 x31:0x2f5b9c94 x18:0x00004000 x25=0x00000bd6
     495735.000 ns	     49572	80009ce0	0e013313	sltiu	x6,x2,224	  x2:0x00000000  x6=0x00000001
     495745.000 ns	     49573	80009ce4	00fdd333	srl	x6,x27,x15	 x27:0x00000001 x15:0x00000000  x6=0x00000001
     495755.000 ns	     49574	80009ce8	2c7ebf97	auipc	x31,0x2c7eb	 x31=0xac7f4ce8
     495775.000 ns	     49576	80009cec	20a7ab53	fsgnjx.s	f22,f15,f10	 f15:0xffffffc1 f10:0x7b832174 f22=0xffffffc1
     495795.000 ns	     49578	80009cf0	018a9d13	slli	x26,x21,0x18	 x21:0x00000001 x26=0x01000000
     495805.000 ns	     49579	80009cf4	017e7633	and	x12,x28,x23	 x28:0x00000001 x23:0x80040fe4 x12=0x00000000
     495825.000 ns	     49581	80009cf8	a0b0a5d3	feq.s	x11,f1,f11	  f1:0xffffffff f11:0x80041024 x11=0x00000000
     495845.000 ns	     49583	80009cfc	cdc37193	andi	x3,x6,-804	  x6:0x00000001  x3=0x00000000
     495855.000 ns	     49584	80009d00	75fd3f13	sltiu	x30,x26,1887	 x26:0x01000000 x30=0x00000000
     495875.000 ns	     49586	80009d04	c01e31d3	fcvt.wu.s	x3,f28	 f28:0x3f032174  x3=0x00000001
     495895.000 ns	     49588	80009d08	012b5cb3	srl	x25,x22,x18	 x22:0xe7078c30 x18:0x00004000 x25=0xe7078c30
     495905.000 ns	     49589	80009d0c	010bcfb3	xor	x31,x23,x16	 x23:0x80040fe4 x16:0x80040fe4 x31=0x00000000
     495915.000 ns	     49590	80009d10	bdf08893	addi	x17,x1,-1057	  x1:0x00000001 x17=0xfffffbe0
     495925.000 ns	     49591	80009d14	b383bc93	sltiu	x25,x7,-1224	  x7:0x80040a20 x25=0x00000001
     495935.000 ns	     49592	80009d18	00000013	addi	x0,x0,0	  x0:0x00000000
     495955.000 ns	     49594	80009d1c	a03211d3	flt.s	x3,f4,f3	  f4:0x3f7fffae  f3:0xbf032174  x3=0x00000000
     495975.000 ns	     49596	80009d20	dd026e13	ori	x28,x4,-560	  x4:0x80040db7 x28=0xfffffdf7
     495985.000 ns	     49597	80009d24	0097eb33	or	x22,x15,x9	 x15:0x00000000  x9:0xfffff820 x22=0xfffff820
     496005.000 ns	     49599	80009d28	d010a2d3	fcvt.s.wu	f5,x1	  x1:0x00000001  f5=0x3f800000
     496025.000 ns	     49601	80009d2c	0063a133	slt	x2,x7,x6	  x7:0x80040a20  x6:0x00000001  x2=0x00000001
     496035.000 ns	     49602	80009d30	007c9a93	slli	x21,x25,0x7	 x25:0x00000001 x21=0x00000080
     496055.000 ns	     49604	80009d34	f00d8753	fmv.w.x	f14,x27	 x27:0x00000001 f14=0x00000001
     496085.000 ns	     49607	80009d38	d017bc53	fcvt.s.wu	f24,x15	 x15:0x00000000 f24=0x00000000
     496115.000 ns	     49610	80009d3c	c0083f53	fcvt.w.s	x30,f16	 f16:0x80000000 x30=0x00000000
     496145.000 ns	     49613	80009d40	c00cae53	fcvt.w.s	x28,f25	 f25:0x7fc00000 x28=0x7fffffff
     496175.000 ns	     49616	80009d44	a1e52353	feq.s	x6,f10,f30	 f10:0x7b832174 f30:0x00000000  x6=0x00000000
     496205.000 ns	     49619	80009d48	21c30ad3	fsgnj.s	f21,f6,f28	  f6:0x3f032174 f28:0x3f032174 f21=0x3f032174
     496225.000 ns	     49621	80009d4c	40dc5893	srai	x17,x24,0xd	 x24:0x00000000 x17=0x00000000
     496235.000 ns	     49622	80009d50	00e1ce33	xor	x28,x3,x14	  x3:0x00000000 x14:0x72cb4a24 x28=0x72cb4a24
     496245.000 ns	     49623	80009d54	e47ebf93	sltiu	x31,x29,-441	 x29:0xf116cbd0 x31=0x00000001
     496265.000 ns	     49625	80009d58	03d91d33	mulh	x26,x18,x29	 x18:0x00004000 x29:0xf116cbd0 x26=0xfffffc45
     496285.000 ns	     49627	80009d5c	2cf1e7b7	lui	x15,0x2cf1e	 x15=0x2cf1e000
     496295.000 ns	     49628	80009d60	007cbcb3	sltu	x25,x25,x7	 x25:0x00000001  x7:0x80040a20 x25=0x00000001
     496315.000 ns	     49630	80009d64	a107ab53	feq.s	x22,f15,f16	 f15:0xffffffc1 f16:0x80000000 x22=0x00000000
     496355.000 ns	     49634	80009d68	182bf0d3	fdiv.s	f1,f23,f2	 f23:0x4e6c9954  f2:0x00000000  f1=0x7f800000
     496375.000 ns	     49636	80009d6c	00794ab3	xor	x21,x18,x7	 x18:0x00004000  x7:0x80040a20 x21=0x80044a20
     496385.000 ns	     49637	80009d70	dfd02637	lui	x12,0xdfd02	 x12=0xdfd02000
     496395.000 ns	     49638	80009d74	000b9613	slli	x12,x23,0x0	 x23:0x80040fe4 x12=0x80040fe4
     496405.000 ns	     49639	80009d78	00827133	and	x2,x4,x8	  x4:0x80040db7  x8:0x80040db6  x2=0x80040db6
     496425.000 ns	     49641	80009d7c	a17426d3	feq.s	x13,f8,f23	  f8:0x7fc00000 f23:0x4e6c9954 x13=0x00000000
     496465.000 ns	     49645	80009d80	19a97fd3	fdiv.s	f31,f18,f26	 f18:0x7fc00000 f26:0x3f800000 f31=0x7fc00000
     496495.000 ns	     49648	80009d84	027138b3	mulhu	x17,x2,x7	  x2:0x80040db6  x7:0x80040a20 x17=0x40040bfb
     496515.000 ns	     49650	80009d88	019c1d13	slli	x26,x24,0x19	 x24:0x00000000 x26=0x00000000
     496535.000 ns	     49652	80009d8c	03602133	mulhsu	x2,x0,x22	  x0:0x00000000 x22:0x00000000  x2=0x00000000
     496565.000 ns	     49655	80009d90	21f42653	fsgnjx.s	f12,f8,f31	  f8:0x7fc00000 f31:0x7fc00000 f12=0x7fc00000
     496605.000 ns	     49659	80009d94	109bfc53	fmul.s	f24,f23,f9	 f23:0x4e6c9954  f9:0x7fc00000 f24=0x7fc00000
     496625.000 ns	     49661	80009d98	41f2de13	srai	x28,x5,0x1f	  x5:0x00000000 x28=0x00000000
     496635.000 ns	     49662	80009d9c	df178393	addi	x7,x15,-527	 x15:0x2cf1e000  x7=0x2cf1ddf1
     496655.000 ns	     49664	80009da0	e0019fd3	fclass.s	x31,f3	  f3:0xbf032174 x31=0x00000002
     496685.000 ns	     49667	80009da4	030ea7b3	mulhsu	x15,x29,x16	 x29:0xf116cbd0 x16:0x80040fe4 x15=0xf88b2956
     496715.000 ns	     49670	80009da8	a0d51653	flt.s	x12,f10,f13	 f10:0x7b832174 f13:0x7b832174 x12=0x00000000
     496735.000 ns	     49672	80009dac	008d7d33	and	x26,x26,x8	 x26:0x00000000  x8:0x80040db6 x26=0x00000000
     496745.000 ns	     49673	80009db0	bf7cf393	andi	x7,x25,-1033	 x25:0x00000001  x7=0x00000001
     496755.000 ns	     49674	80009db4	d726ac13	slti	x24,x13,-654	 x13:0x00000000 x24=0x00000000
     496775.000 ns	     49676	80009db8	03052eb3	mulhsu	x29,x10,x16	 x10:0x00000000 x16:0x80040fe4 x29=0x00000000
     496795.000 ns	     49678	80009dbc	006b9613	slli	x12,x23,0x6	 x23:0x80040fe4 x12=0x0103f900
     496815.000 ns	     49680	80009dc0	03c95333	divu	x6,x18,x28	 x18:0x00004000 x28:0x00000000  x6=0xffffffff
     496835.000 ns	     49682	80009dc4	410f5fb3	sra	x31,x30,x16	 x30:0x00000000 x16:0x80040fe4 x31=0x00000000
     497195.000 ns	     49718	80009dc8	03006ab3	rem	x21,x0,x16	  x0:0x00000000 x16:0x80040fe4 x21=0x00000000
     497215.000 ns	     49720	80009dcc	547b0913	addi	x18,x22,1351	 x22:0x00000000 x18=0x00000547
     497235.000 ns	     49722	80009dd0	299106d3	fmin.s	f13,f2,f25	  f2:0x00000000 f25:0x7fc00000 f13=0x00000000
     498415.000 ns	     49840	80009dd4	58057b53	fsqrt.s	f22,f10	 f10:0x7b832174 f22=0x5d818e22
     498445.000 ns	     49843	80009dd8	0383cc33	div	x24,x7,x24	  x7:0x00000001 x24:0x00000000 x24=0xffffffff
     498815.000 ns	     49880	80009ddc	0340c433	div	x8,x1,x20	  x1:0x00000001 x20:0x80041024  x8=0x00000000
     498835.000 ns	     49882	80009de0	00ae08b3	add	x17,x28,x10	 x28:0x00000000 x10:0x00000000 x17=0x00000000
     498855.000 ns	     49884	80009de4	2182a2d3	fsgnjx.s	f5,f5,f24	  f5:0x3f800000 f24:0x7fc00000  f5=0x3f800000
     499225.000 ns	     49921	80009de8	024ce333	rem	x6,x25,x4	 x25:0x00000001  x4:0x80040db7  x6=0x00000001
     499245.000 ns	     49923	80009dec	00590ab3	add	x21,x18,x5	 x18:0x00000547  x5:0x00000000 x21=0x00000547
     499265.000 ns	     49925	80009df0	217e1fd3	fsgnjn.s	f31,f28,f23	 f28:0x3f032174 f23:0x4e6c9954 f31=0xbf032174
     499285.000 ns	     49927	80009df4	4084de33	sra	x28,x9,x8	  x9:0xfffff820  x8:0x00000000 x28=0xfffff820
     499305.000 ns	     49929	80009df8	02fc15b3	mulh	x11,x24,x15	 x24:0xffffffff x15:0xf88b2956 x11=0x00000000
     499335.000 ns	     49932	80009dfc	03140e33	mul	x28,x8,x17	  x8:0x00000000 x17:0x00000000 x28=0x00000000
     499355.000 ns	     49934	80009e00	0018d8b3	srl	x17,x17,x1	 x17:0x00000000  x1:0x00000001 x17=0x00000000
     499385.000 ns	     49937	80009e04	116caf53	fmul.s	f30,f25,f22	 f25:0x7fc00000 f22:0x5d818e22 f30=0x7fc00000
     499415.000 ns	     49940	80009e08	21928a53	fsgnj.s	f20,f5,f25	  f5:0x3f800000 f25:0x7fc00000 f20=0x3f800000
     499445.000 ns	     49943	80009e0c	02b49d33	mulh	x26,x9,x11	  x9:0xfffff820 x11:0x00000000 x26=0x00000000
     499465.000 ns	     49945	80009e10	a66c3d13	sltiu	x26,x24,-1434	 x24:0xffffffff x26=0x00000000
     499475.000 ns	     49946	80009e14	41de8eb3	sub	x29,x29,x29	 x29:0x00000000 x29:0x00000000 x29=0x00000000
     499485.000 ns	     49947	80009e18	00cd1393	slli	x7,x26,0xc	 x26:0x00000000  x7=0x00000000
     499495.000 ns	     49948	80009e1c	35c0cd13	xori	x26,x1,860	  x1:0x00000001 x26=0x0000035d
     499855.000 ns	     49984	80009e20	02e5eab3	rem	x21,x11,x14	 x11:0x00000000 x14:0x72cb4a24 x21=0x00000000
     499875.000 ns	     49986	80009e24	00557cb3	and	x25,x10,x5	 x10:0x00000000  x5:0x00000000 x25=0x00000000
     499895.000 ns	     49988	80009e28	a0b31cd3	flt.s	x25,f6,f11	  f6:0x3f032174 f11:0x80041024 x25=0x00000000
     499925.000 ns	     49991	80009e2c	d0147c53	fcvt.s.wu	f24,x8	  x8:0x00000000 f24=0x00000000
     499955.000 ns	     49994	80009e30	a0b208d3	fle.s	x17,f4,f11	  f4:0x3f7fffae f11:0x80041024 x17=0x00000000
     499985.000 ns	     49997	80009e34	02a96933	rem	x18,x18,x10	 x18:0x00000547 x10:0x00000000 x18=0x00000547
