		Time			Cycle	PC		Insn	Decoded instruction	Register and memory contents
         65.000 ns	         5	80000000	f14022f3	csrrs	x5,mhartid,x0	  x0:0x00000000  x5=0xffffff14
         75.000 ns	         6	80000004	00000313	addi	x6,x0,0	  x0:0x00000000  x6=0x00000000
         85.000 ns	         7	80000008	00628263	beq	x5,x6,8000000c	  x5:0x00000000  x6:0x00000000
         95.000 ns	         8	8000000c	00000517	auipc	x10,0x0	 x10=0x8000000c
        105.000 ns	         9	80000010	00c50513	addi	x10,x10,12	 x10:0x00000000 x10=0x80000018
        115.000 ns	        10	80000014	00050067	jalr	x0,x10,0	 x10:0x00000000
        165.000 ns	        15	80000018	40001b37	lui	x22,0x40001	 x22=0x40001000
        175.000 ns	        16	8000001c	120b0b13	addi	x22,x22,288	 x22:0x00000000 x22=0x40001120
        185.000 ns	        17	80000020	301b1073	csrrw	x0,misa,x22	 x22:0x00000000
        195.000 ns	        18	80000024	00041297	auipc	x5,0x41	  x5=0x80041024
        205.000 ns	        19	80000028	00028293	addi	x5,x5,0	  x5:0xffffff14  x5=0x80041024
        215.000 ns	        20	8000002c	0000ab17	auipc	x22,0xa	 x22=0x8000a02c
        225.000 ns	        21	80000030	eb0b0b13	addi	x22,x22,-336	 x22:0x40001120 x22=0x80009edc
        235.000 ns	        22	80000034	000b6b13	ori	x22,x22,0	 x22:0x40001120 x22=0x80009edc
        245.000 ns	        23	80000038	305b1073	csrrw	x0,mtvec,x22	 x22:0x8000a02c
        255.000 ns	        24	8000003c	00000b17	auipc	x22,0x0	 x22=0x8000003c
        265.000 ns	        25	80000040	028b0b13	addi	x22,x22,40	 x22:0x80009edc x22=0x80000064
        275.000 ns	        26	80000044	341b1073	csrrw	x0,mepc,x22	 x22:0x80009edc
        285.000 ns	        27	80000048	00000013	addi	x0,x0,0	  x0:0x00000000
        295.000 ns	        28	8000004c	00004b37	lui	x22,0x4	 x22=0x00004000
        305.000 ns	        29	80000050	800b0b13	addi	x22,x22,-2048	 x22:0x80000064 x22=0x00003800
        315.000 ns	        30	80000054	300b1073	csrrw	x0,mstatus,x22	 x22:0x80000064
        325.000 ns	        31	80000058	00000b13	addi	x22,x0,0	  x0:0x00000000 x22=0x00000000
        335.000 ns	        32	8000005c	304b1073	csrrw	x0,mie,x22	 x22:0x00003800
        345.000 ns	        33	80000060	30200073	mret	
        355.000 ns	        34	80000064	7f800b37	lui	x22,0x7f800	 x22=0x7f800000
        365.000 ns	        35	80000068	fffb0b13	addi	x22,x22,-1	 x22:0x00000000 x22=0x7f7fffff
        385.000 ns	        37	8000006c	f00b0053	fmv.w.x	f0,x22	 x22:0x00000000  f0=0x7f7fffff
        405.000 ns	        39	80000070	7fc00b37	lui	x22,0x7fc00	 x22=0x7fc00000
        425.000 ns	        41	80000074	f00b00d3	fmv.w.x	f1,x22	 x22:0x7f7fffff  f1=0x7fc00000
        445.000 ns	        43	80000078	7f800b37	lui	x22,0x7f800	 x22=0x7f800000
        465.000 ns	        45	8000007c	f00b0153	fmv.w.x	f2,x22	 x22:0x7fc00000  f2=0x7f800000
        485.000 ns	        47	80000080	7fc00b37	lui	x22,0x7fc00	 x22=0x7fc00000
        505.000 ns	        49	80000084	f00b01d3	fmv.w.x	f3,x22	 x22:0x7f800000  f3=0x7fc00000
        525.000 ns	        51	80000088	7f800b37	lui	x22,0x7f800	 x22=0x7f800000
        535.000 ns	        52	8000008c	001b0b13	addi	x22,x22,1	 x22:0x7fc00000 x22=0x7f800001
        555.000 ns	        54	80000090	f00b0253	fmv.w.x	f4,x22	 x22:0x7fc00000  f4=0x7f800001
        575.000 ns	        56	80000094	2c931b37	lui	x22,0x2c931	 x22=0x2c931000
        585.000 ns	        57	80000098	807b0b13	addi	x22,x22,-2041	 x22:0x7f800001 x22=0x2c930807
        605.000 ns	        59	8000009c	f00b02d3	fmv.w.x	f5,x22	 x22:0x7f800001  f5=0x2c930807
        625.000 ns	        61	800000a0	80000b37	lui	x22,0x80000	 x22=0x80000000
        645.000 ns	        63	800000a4	f00b0353	fmv.w.x	f6,x22	 x22:0x2c930807  f6=0x80000000
        665.000 ns	        65	800000a8	00000b13	addi	x22,x0,0	  x0:0x00000000 x22=0x00000000
        685.000 ns	        67	800000ac	f00b03d3	fmv.w.x	f7,x22	 x22:0x80000000  f7=0x00000000
        705.000 ns	        69	800000b0	7f800b37	lui	x22,0x7f800	 x22=0x7f800000
        715.000 ns	        70	800000b4	001b0b13	addi	x22,x22,1	 x22:0x00000000 x22=0x7f800001
        735.000 ns	        72	800000b8	f00b0453	fmv.w.x	f8,x22	 x22:0x00000000  f8=0x7f800001
        755.000 ns	        74	800000bc	00540b37	lui	x22,0x540	 x22=0x00540000
        765.000 ns	        75	800000c0	218b0b13	addi	x22,x22,536	 x22:0x7f800001 x22=0x00540218
        785.000 ns	        77	800000c4	f00b04d3	fmv.w.x	f9,x22	 x22:0x7f800001  f9=0x00540218
        805.000 ns	        79	800000c8	7f800b37	lui	x22,0x7f800	 x22=0x7f800000
        815.000 ns	        80	800000cc	001b0b13	addi	x22,x22,1	 x22:0x00540218 x22=0x7f800001
        835.000 ns	        82	800000d0	f00b0553	fmv.w.x	f10,x22	 x22:0x00540218 f10=0x7f800001
        855.000 ns	        84	800000d4	0059db37	lui	x22,0x59d	 x22=0x0059d000
        865.000 ns	        85	800000d8	332b0b13	addi	x22,x22,818	 x22:0x7f800001 x22=0x0059d332
        885.000 ns	        87	800000dc	f00b05d3	fmv.w.x	f11,x22	 x22:0x7f800001 f11=0x0059d332
        905.000 ns	        89	800000e0	80000b37	lui	x22,0x80000	 x22=0x80000000
        925.000 ns	        91	800000e4	f00b0653	fmv.w.x	f12,x22	 x22:0x0059d332 f12=0x80000000
        945.000 ns	        93	800000e8	7f800b37	lui	x22,0x7f800	 x22=0x7f800000
        955.000 ns	        94	800000ec	001b0b13	addi	x22,x22,1	 x22:0x80000000 x22=0x7f800001
        975.000 ns	        96	800000f0	f00b06d3	fmv.w.x	f13,x22	 x22:0x80000000 f13=0x7f800001
        995.000 ns	        98	800000f4	7f800b37	lui	x22,0x7f800	 x22=0x7f800000
       1005.000 ns	        99	800000f8	001b0b13	addi	x22,x22,1	 x22:0x7f800001 x22=0x7f800001
       1025.000 ns	       101	800000fc	f00b0753	fmv.w.x	f14,x22	 x22:0x7f800001 f14=0x7f800001
       1045.000 ns	       103	80000100	7fc00b37	lui	x22,0x7fc00	 x22=0x7fc00000
       1065.000 ns	       105	80000104	f00b07d3	fmv.w.x	f15,x22	 x22:0x7f800001 f15=0x7fc00000
       1085.000 ns	       107	80000108	007a0b37	lui	x22,0x7a0	 x22=0x007a0000
       1095.000 ns	       108	8000010c	f03b0b13	addi	x22,x22,-253	 x22:0x7fc00000 x22=0x0079ff03
       1115.000 ns	       110	80000110	f00b0853	fmv.w.x	f16,x22	 x22:0x7fc00000 f16=0x0079ff03
       1135.000 ns	       112	80000114	00000b13	addi	x22,x0,0	  x0:0x00000000 x22=0x00000000
       1155.000 ns	       114	80000118	f00b08d3	fmv.w.x	f17,x22	 x22:0x0079ff03 f17=0x00000000
       1175.000 ns	       116	8000011c	80000b37	lui	x22,0x80000	 x22=0x80000000
       1195.000 ns	       118	80000120	f00b0953	fmv.w.x	f18,x22	 x22:0x00000000 f18=0x80000000
       1215.000 ns	       120	80000124	805cab37	lui	x22,0x805ca	 x22=0x805ca000
       1225.000 ns	       121	80000128	af1b0b13	addi	x22,x22,-1295	 x22:0x80000000 x22=0x805c9af1
       1245.000 ns	       123	8000012c	f00b09d3	fmv.w.x	f19,x22	 x22:0x80000000 f19=0x805c9af1
       1265.000 ns	       125	80000130	ff800b37	lui	x22,0xff800	 x22=0xff800000
       1275.000 ns	       126	80000134	fffb0b13	addi	x22,x22,-1	 x22:0x805c9af1 x22=0xff7fffff
       1295.000 ns	       128	80000138	f00b0a53	fmv.w.x	f20,x22	 x22:0x805c9af1 f20=0xff7fffff
       1315.000 ns	       130	8000013c	7f800b37	lui	x22,0x7f800	 x22=0x7f800000
       1335.000 ns	       132	80000140	f00b0ad3	fmv.w.x	f21,x22	 x22:0xff7fffff f21=0x7f800000
       1355.000 ns	       134	80000144	7f800b37	lui	x22,0x7f800	 x22=0x7f800000
       1365.000 ns	       135	80000148	fffb0b13	addi	x22,x22,-1	 x22:0x7f800000 x22=0x7f7fffff
       1385.000 ns	       137	8000014c	f00b0b53	fmv.w.x	f22,x22	 x22:0x7f800000 f22=0x7f7fffff
       1405.000 ns	       139	80000150	004e4b37	lui	x22,0x4e4	 x22=0x004e4000
       1415.000 ns	       140	80000154	59fb0b13	addi	x22,x22,1439	 x22:0x7f7fffff x22=0x004e459f
       1435.000 ns	       142	80000158	f00b0bd3	fmv.w.x	f23,x22	 x22:0x7f7fffff f23=0x004e459f
       1455.000 ns	       144	8000015c	7f800b37	lui	x22,0x7f800	 x22=0x7f800000
       1475.000 ns	       146	80000160	f00b0c53	fmv.w.x	f24,x22	 x22:0x004e459f f24=0x7f800000
       1495.000 ns	       148	80000164	c5b7bb37	lui	x22,0xc5b7b	 x22=0xc5b7b000
       1505.000 ns	       149	80000168	f75b0b13	addi	x22,x22,-139	 x22:0x7f800000 x22=0xc5b7af75
       1525.000 ns	       151	8000016c	f00b0cd3	fmv.w.x	f25,x22	 x22:0x7f800000 f25=0xc5b7af75
       1545.000 ns	       153	80000170	0070eb37	lui	x22,0x70e	 x22=0x0070e000
       1555.000 ns	       154	80000174	d85b0b13	addi	x22,x22,-635	 x22:0xc5b7af75 x22=0x0070dd85
       1575.000 ns	       156	80000178	f00b0d53	fmv.w.x	f26,x22	 x22:0xc5b7af75 f26=0x0070dd85
       1595.000 ns	       158	8000017c	7f800b37	lui	x22,0x7f800	 x22=0x7f800000
       1615.000 ns	       160	80000180	f00b0dd3	fmv.w.x	f27,x22	 x22:0x0070dd85 f27=0x7f800000
       1635.000 ns	       162	80000184	7f800b37	lui	x22,0x7f800	 x22=0x7f800000
       1645.000 ns	       163	80000188	fffb0b13	addi	x22,x22,-1	 x22:0x7f800000 x22=0x7f7fffff
       1665.000 ns	       165	8000018c	f00b0e53	fmv.w.x	f28,x22	 x22:0x7f800000 f28=0x7f7fffff
       1685.000 ns	       167	80000190	7f800b37	lui	x22,0x7f800	 x22=0x7f800000
       1695.000 ns	       168	80000194	001b0b13	addi	x22,x22,1	 x22:0x7f7fffff x22=0x7f800001
       1715.000 ns	       170	80000198	f00b0ed3	fmv.w.x	f29,x22	 x22:0x7f7fffff f29=0x7f800001
       1735.000 ns	       172	8000019c	001edb37	lui	x22,0x1ed	 x22=0x001ed000
       1745.000 ns	       173	800001a0	646b0b13	addi	x22,x22,1606	 x22:0x7f800001 x22=0x001ed646
       1765.000 ns	       175	800001a4	f00b0f53	fmv.w.x	f30,x22	 x22:0x7f800001 f30=0x001ed646
       1785.000 ns	       177	800001a8	7f800b37	lui	x22,0x7f800	 x22=0x7f800000
       1795.000 ns	       178	800001ac	fffb0b13	addi	x22,x22,-1	 x22:0x001ed646 x22=0x7f7fffff
       1815.000 ns	       180	800001b0	f00b0fd3	fmv.w.x	f31,x22	 x22:0x001ed646 f31=0x7f7fffff
       1835.000 ns	       182	800001b4	00225073	csrrwi	x0,frm,4	
       1845.000 ns	       183	800001b8	7a24f037	lui	x0,0x7a24f	
       1855.000 ns	       184	800001bc	1da00013	addi	x0,x0,474	  x0:0x00000000
       1865.000 ns	       185	800001c0	675cc0b7	lui	x1,0x675cc	  x1=0x675cc000
       1875.000 ns	       186	800001c4	69608093	addi	x1,x1,1686	  x1:0x00000000  x1=0x675cc696
       1885.000 ns	       187	800001c8	00500113	addi	x2,x0,5	  x0:0x00000000  x2=0x00000005
       1895.000 ns	       188	800001cc	800001b7	lui	x3,0x80000	  x3=0x80000000
       1905.000 ns	       189	800001d0	00900213	addi	x4,x0,9	  x0:0x00000000  x4=0x00000009
       1915.000 ns	       190	800001d4	00000313	addi	x6,x0,0	  x0:0x00000000  x6=0x00000000
       1925.000 ns	       191	800001d8	f4af33b7	lui	x7,0xf4af3	  x7=0xf4af3000
       1935.000 ns	       192	800001dc	a2938393	addi	x7,x7,-1495	  x7:0x00000000  x7=0xf4af2a29
       1945.000 ns	       193	800001e0	790a2437	lui	x8,0x790a2	  x8=0x790a2000
       1955.000 ns	       194	800001e4	10740413	addi	x8,x8,263	  x8:0x00000000  x8=0x790a2107
       1965.000 ns	       195	800001e8	00600493	addi	x9,x0,6	  x0:0x00000000  x9=0x00000006
       1975.000 ns	       196	800001ec	f75ca537	lui	x10,0xf75ca	 x10=0xf75ca000
       1985.000 ns	       197	800001f0	18450513	addi	x10,x10,388	 x10:0x80000018 x10=0xf75ca184
       1995.000 ns	       198	800001f4	00700593	addi	x11,x0,7	  x0:0x00000000 x11=0x00000007
       2005.000 ns	       199	800001f8	fde0a637	lui	x12,0xfde0a	 x12=0xfde0a000
       2015.000 ns	       200	800001fc	e2560613	addi	x12,x12,-475	 x12:0x00000000 x12=0xfde09e25
       2025.000 ns	       201	80000200	f094a6b7	lui	x13,0xf094a	 x13=0xf094a000
       2035.000 ns	       202	80000204	4f368693	addi	x13,x13,1267	 x13:0x00000000 x13=0xf094a4f3
       2045.000 ns	       203	80000208	d4548737	lui	x14,0xd4548	 x14=0xd4548000
       2055.000 ns	       204	8000020c	84170713	addi	x14,x14,-1983	 x14:0x00000000 x14=0xd4547841
       2065.000 ns	       205	80000210	00400793	addi	x15,x0,4	  x0:0x00000000 x15=0x00000004
       2075.000 ns	       206	80000214	f4c87837	lui	x16,0xf4c87	 x16=0xf4c87000
       2085.000 ns	       207	80000218	48280813	addi	x16,x16,1154	 x16:0x00000000 x16=0xf4c87482
       2095.000 ns	       208	8000021c	f5b2a8b7	lui	x17,0xf5b2a	 x17=0xf5b2a000
       2105.000 ns	       209	80000220	c9988893	addi	x17,x17,-871	 x17:0x00000000 x17=0xf5b29c99
       2115.000 ns	       210	80000224	fddb5937	lui	x18,0xfddb5	 x18=0xfddb5000
       2125.000 ns	       211	80000228	bb890913	addi	x18,x18,-1096	 x18:0x00000000 x18=0xfddb4bb8
       2135.000 ns	       212	8000022c	43a529b7	lui	x19,0x43a52	 x19=0x43a52000
       2145.000 ns	       213	80000230	a3e98993	addi	x19,x19,-1474	 x19:0x00000000 x19=0x43a51a3e
       2155.000 ns	       214	80000234	00c00a13	addi	x20,x0,12	  x0:0x00000000 x20=0x0000000c
       2165.000 ns	       215	80000238	80000ab7	lui	x21,0x80000	 x21=0x80000000
       2175.000 ns	       216	8000023c	e0b46b37	lui	x22,0xe0b46	 x22=0xe0b46000
       2185.000 ns	       217	80000240	be2b0b13	addi	x22,x22,-1054	 x22:0x7f7fffff x22=0xe0b45be2
       2195.000 ns	       218	80000244	80000bb7	lui	x23,0x80000	 x23=0x80000000
       2205.000 ns	       219	80000248	80000c37	lui	x24,0x80000	 x24=0x80000000
       2215.000 ns	       220	8000024c	00000c93	addi	x25,x0,0	  x0:0x00000000 x25=0x00000000
       2225.000 ns	       221	80000250	80000d37	lui	x26,0x80000	 x26=0x80000000
       2235.000 ns	       222	80000254	9e957e37	lui	x28,0x9e957	 x28=0x9e957000
       2245.000 ns	       223	80000258	43ee0e13	addi	x28,x28,1086	 x28:0x00000000 x28=0x9e95743e
       2255.000 ns	       224	8000025c	fef78eb7	lui	x29,0xfef78	 x29=0xfef78000
       2265.000 ns	       225	80000260	134e8e93	addi	x29,x29,308	 x29:0x00000000 x29=0xfef78134
       2275.000 ns	       226	80000264	00000f13	addi	x30,x0,0	  x0:0x00000000 x30=0x00000000
       2285.000 ns	       227	80000268	64c3efb7	lui	x31,0x64c3e	 x31=0x64c3e000
       2295.000 ns	       228	8000026c	990f8f93	addi	x31,x31,-1648	 x31:0x00000000 x31=0x64c3d990
       2305.000 ns	       229	80000270	00041d97	auipc	x27,0x41	 x27=0x80041270
       2315.000 ns	       230	80000274	d74d8d93	addi	x27,x27,-652	 x27:0x00000000 x27=0x80040fe4
       2325.000 ns	       231	80000278	00f1e833	or	x16,x3,x15	  x3:0x80000000 x15:0x00000004 x16=0x80000004
       2365.000 ns	       235	8000027c	08edfdd3	fsub.s	f27,f27,f14	 f27:0x7f800000 f14:0x7f800001 f27=0x7fc00000
       2385.000 ns	       237	80000280	19a3c413	xori	x8,x7,410	  x7:0xf4af2a29  x8=0xf4af2bb3
       2395.000 ns	       238	80000284	007dd693	srli	x13,x27,0x7	 x27:0x80040fe4 x13=0x0100081f
       2405.000 ns	       239	80000288	80632b13	slti	x22,x6,-2042	  x6:0x00000000 x22=0x00000000
       2425.000 ns	       241	8000028c	28361dd3	fmax.s	f27,f12,f3	 f12:0x80000000  f3:0x7fc00000 f27=0x80000000
       2455.000 ns	       244	80000290	d0134053	fcvt.s.wu	f0,x6	  x6:0x00000000  f0=0x00000000
       2475.000 ns	       246	80000294	01904733	xor	x14,x0,x25	  x0:0x00000000 x25:0x00000000 x14=0x00000000
       2495.000 ns	       248	80000298	213609d3	fsgnj.s	f19,f12,f19	 f12:0x80000000 f19:0x805c9af1 f19=0x80000000
       2515.000 ns	       250	8000029c	01255913	srli	x18,x10,0x12	 x10:0xf75ca184 x18=0x00003dd7
       2535.000 ns	       252	800002a0	a0a18653	fle.s	x12,f3,f10	  f3:0x7fc00000 f10:0x7f800001 x12=0x00000000
       2555.000 ns	       254	800002a4	40c7da13	srai	x20,x15,0xc	 x15:0x00000004 x20=0x00000000
       2565.000 ns	       255	800002a8	015d4a33	xor	x20,x26,x21	 x26:0x80000000 x21:0x80000000 x20=0x00000000
       2585.000 ns	       257	800002ac	28a08a53	fmin.s	f20,f1,f10	  f1:0x7fc00000 f10:0x7f800001 f20=0x7fc00000
       2615.000 ns	       260	800002b0	d00a7353	fcvt.s.w	f6,x20	 x20:0x00000000  f6=0x00000000
       2635.000 ns	       262	800002b4	76716593	ori	x11,x2,1895	  x2:0x00000005 x11=0x00000767
       2655.000 ns	       264	800002b8	a124a653	feq.s	x12,f9,f18	  f9:0x00540218 f18:0x80000000 x12=0x00000000
       2695.000 ns	       268	800002bc	5808cdd3	fsqrt.s	f27,f17	 f17:0x00000000 f27=0x00000000
       2715.000 ns	       270	800002c0	019396b3	sll	x13,x7,x25	  x7:0xf4af2a29 x25:0x00000000 x13=0xf4af2a29
       2725.000 ns	       271	800002c4	006380b3	add	x1,x7,x6	  x7:0xf4af2a29  x6:0x00000000  x1=0xf4af2a29
       2745.000 ns	       273	800002c8	a0b62853	feq.s	x16,f12,f11	 f12:0x80000000 f11:0x0059d332 x16=0x00000000
       2765.000 ns	       275	800002cc	2d20f097	auipc	x1,0x2d20f	  x1=0xad20f2cc
       2785.000 ns	       277	800002d0	d01f0953	fcvt.s.wu	f18,x30	 x30:0x00000000 f18=0x00000000
       2805.000 ns	       279	800002d4	97ee9017	auipc	x0,0x97ee9	
       2815.000 ns	       280	800002d8	013f7eb3	and	x29,x30,x19	 x30:0x00000000 x19:0x43a51a3e x29=0x00000000
       2835.000 ns	       282	800002dc	028e3133	mulhu	x2,x28,x8	 x28:0x9e95743e  x8:0xf4af2bb3  x2=0x9792f607
       2865.000 ns	       285	800002e0	f00c8653	fmv.w.x	f12,x25	 x25:0x00000000 f12=0x00000000
       2895.000 ns	       288	800002e4	28d31753	fmax.s	f14,f6,f13	  f6:0x00000000 f13:0x7f800001 f14=0x00000000
       2925.000 ns	       291	800002e8	201782d3	fsgnj.s	f5,f15,f1	 f15:0x7fc00000  f1:0x7fc00000  f5=0x7fc00000
       2965.000 ns	       295	800002ec	580da553	fsqrt.s	f10,f27	 f27:0x00000000 f10=0x00000000
       2985.000 ns	       297	800002f0	008cd433	srl	x8,x25,x8	 x25:0x00000000  x8:0xf4af2bb3  x8=0x00000000
       2995.000 ns	       298	800002f4	400cdbb3	sra	x23,x25,x0	 x25:0x00000000  x0:0x00000000 x23=0x00000000
       3015.000 ns	       300	800002f8	214712d3	fsgnjn.s	f5,f14,f20	 f14:0x00000000 f20:0x7fc00000  f5=0x80000000
       3035.000 ns	       302	800002fc	00275793	srli	x15,x14,0x2	 x14:0x00000000 x15=0x00000000
       3045.000 ns	       303	80000300	00000013	addi	x0,x0,0	  x0:0x00000000
       3055.000 ns	       304	80000304	40df5313	srai	x6,x30,0xd	 x30:0x00000000  x6=0x00000000
       3075.000 ns	       306	80000308	219b8ad3	fsgnj.s	f21,f23,f25	 f23:0x004e459f f25:0xc5b7af75 f21=0x804e459f
       3095.000 ns	       308	8000030c	003aaeb3	slt	x29,x21,x3	 x21:0x80000000  x3:0x80000000 x29=0x00000000
       3105.000 ns	       309	80000310	a7648837	lui	x16,0xa7648	 x16=0xa7648000
       3115.000 ns	       310	80000314	ff906e93	ori	x29,x0,-7	  x0:0x00000000 x29=0xfffffff9
       3125.000 ns	       311	80000318	d1f20913	addi	x18,x4,-737	  x4:0x00000009 x18=0xfffffd28
       3135.000 ns	       312	8000031c	01dfb233	sltu	x4,x31,x29	 x31:0x64c3d990 x29:0x00000000  x4=0x00000001
       3145.000 ns	       313	80000320	01cd1713	slli	x14,x26,0x1c	 x26:0x80000000 x14=0x00000000
       3165.000 ns	       315	80000324	0282e433	rem	x8,x5,x8	  x5:0x80041024  x8:0x00000000  x8=0x80041024
       3215.000 ns	       320	80000328	082af853	fsub.s	f16,f21,f2	 f21:0x804e459f  f2:0x7f800000 f16=0xff800000
       3235.000 ns	       322	8000032c	01d5e033	or	x0,x11,x29	 x11:0x00000767 x29:0xfffffff9
       3245.000 ns	       323	80000330	01d39b33	sll	x22,x7,x29	  x7:0xf4af2a29 x29:0xfffffff9 x22=0x52000000
       3255.000 ns	       324	80000334	8ad8c493	xori	x9,x17,-1875	 x17:0xf5b29c99  x9=0x0a4d6434
       3265.000 ns	       325	80000338	7c5f3f13	sltiu	x30,x30,1989	 x30:0x00000000 x30=0x00000001
       3275.000 ns	       326	8000033c	00923833	sltu	x16,x4,x9	  x4:0x00000001  x9:0x00000006 x16=0x00000001
       3285.000 ns	       327	80000340	0187c3b3	xor	x7,x15,x24	 x15:0x00000000 x24:0x80000000  x7=0x80000000
       3295.000 ns	       328	80000344	00f81c93	slli	x25,x16,0xf	 x16:0xa7648000 x25=0x00008000
       3315.000 ns	       330	80000348	d002c0d3	fcvt.s.w	f1,x5	  x5:0x80041024  f1=0xcefff7e0
       3345.000 ns	       333	8000034c	21fb18d3	fsgnjn.s	f17,f22,f31	 f22:0x7f7fffff f31:0x7f7fffff f17=0xff7fffff
       3365.000 ns	       335	80000350	6ee5d8b7	lui	x17,0x6ee5d	 x17=0x6ee5d000
       3385.000 ns	       337	80000354	a0122d53	feq.s	x26,f4,f1	  f4:0x7f800001  f1:0xcefff7e0 x26=0x00000000
       3415.000 ns	       340	80000358	215dacd3	fsgnjx.s	f25,f27,f21	 f27:0x00000000 f21:0x804e459f f25=0x80000000
       3445.000 ns	       343	8000035c	29179cd3	fmax.s	f25,f15,f17	 f15:0x7fc00000 f17:0xff7fffff f25=0xff7fffff
       3815.000 ns	       380	80000360	02277433	remu	x8,x14,x2	 x14:0x00000000  x2:0x9792f607  x8=0x00000000
       3835.000 ns	       382	80000364	44ab4993	xori	x19,x22,1098	 x22:0x52000000 x19=0x5200044a
       3855.000 ns	       384	80000368	2061a153	fsgnjx.s	f2,f3,f6	  f3:0x7fc00000  f6:0x00000000  f2=0x7fc00000
       3875.000 ns	       386	8000036c	00061d33	sll	x26,x12,x0	 x12:0x00000000  x0:0x00000000 x26=0x00000000
       3885.000 ns	       387	80000370	014c3ab3	sltu	x21,x24,x20	 x24:0x80000000 x20:0x00000000 x21=0x00000000
       3905.000 ns	       389	80000374	28559fd3	fmax.s	f31,f11,f5	 f11:0x0059d332  f5:0x80000000 f31=0x0059d332
       3925.000 ns	       391	80000378	01abacb3	slt	x25,x23,x26	 x23:0x00000000 x26:0x00000000 x25=0x00000000
       3955.000 ns	       394	8000037c	19f80ad3	fdiv.s	f21,f16,f31	 f16:0xff800000 f31:0x0059d332 f21=0xff800000
       3975.000 ns	       396	80000380	000256b3	srl	x13,x4,x0	  x4:0x00000001  x0:0x00000000 x13=0x00000001
       4005.000 ns	       399	80000384	1071ff53	fmul.s	f30,f3,f7	  f3:0x7fc00000  f7:0x00000000 f30=0x7fc00000
       4035.000 ns	       402	80000388	0279b9b3	mulhu	x19,x19,x7	 x19:0x5200044a  x7:0x80000000 x19=0x29000225
       4055.000 ns	       404	8000038c	014dea33	or	x20,x27,x20	 x27:0x80040fe4 x20:0x00000000 x20=0x80040fe4
       4075.000 ns	       406	80000390	03e4b1b3	mulhu	x3,x9,x30	  x9:0x0a4d6434 x30:0x00000001  x3=0x00000000
       4095.000 ns	       408	80000394	01847ab3	and	x21,x8,x24	  x8:0x00000000 x24:0x80000000 x21=0x00000000
       4135.000 ns	       412	80000398	098876d3	fsub.s	f13,f16,f24	 f16:0xff800000 f24:0x7f800000 f13=0x80000000
       4155.000 ns	       414	8000039c	00324eb3	xor	x29,x4,x3	  x4:0x00000001  x3:0x00000000 x29=0x00000001
       4515.000 ns	       450	800003a0	02d07bb3	remu	x23,x0,x13	  x0:0x00000000 x13:0x00000001 x23=0x00000000
       4535.000 ns	       452	800003a4	01bdf3b3	and	x7,x27,x27	 x27:0x80040fe4 x27:0x80040fe4  x7=0x80040fe4
       4545.000 ns	       453	800003a8	fc366b13	ori	x22,x12,-61	 x12:0x00000000 x22=0xffffffc3
       4555.000 ns	       454	800003ac	01e91093	slli	x1,x18,0x1e	 x18:0xfffffd28  x1=0x00000000
       4575.000 ns	       456	800003b0	20198553	fsgnj.s	f10,f19,f1	 f19:0x80000000  f1:0xcefff7e0 f10=0x80000000
       4595.000 ns	       458	800003b4	8b23fa13	andi	x20,x7,-1870	  x7:0x80040fe4 x20=0x800408a0
       4605.000 ns	       459	800003b8	78ab6e13	ori	x28,x22,1930	 x22:0xffffffc3 x28=0xffffffcb
       4615.000 ns	       460	800003bc	400801b3	sub	x3,x16,x0	 x16:0x00000001  x0:0x00000000  x3=0x00000001
       4625.000 ns	       461	800003c0	01da1c33	sll	x24,x20,x29	 x20:0x800408a0 x29:0x00000001 x24=0x00081140
       4645.000 ns	       463	800003c4	a0752e53	feq.s	x28,f10,f7	 f10:0x80000000  f7:0x00000000 x28=0x00000001
       4695.000 ns	       468	800003c8	015abfd3	fadd.s	f31,f21,f21	 f21:0xff800000 f21:0xff800000 f31=0x80000000
       4715.000 ns	       470	800003cc	00dbc4b3	xor	x9,x23,x13	 x23:0x00000000 x13:0x00000001  x9=0x00000001
       4725.000 ns	       471	800003d0	ff3c4e13	xori	x28,x24,-13	 x24:0x00081140 x28=0xfff7eeb3
       4735.000 ns	       472	800003d4	01b3e033	or	x0,x7,x27	  x7:0x80040fe4 x27:0x80040fe4
       4755.000 ns	       474	800003d8	033da333	mulhsu	x6,x27,x19	 x27:0x80040fe4 x19:0x29000225  x6=0xeb80a579
       4775.000 ns	       476	800003dc	0073dc13	srli	x24,x7,0x7	  x7:0x80040fe4 x24=0x0100081f
       4805.000 ns	       479	800003e0	1982b8d3	fdiv.s	f17,f5,f24	  f5:0x80000000 f24:0x7f800000 f17=0x80000000
       4835.000 ns	       482	800003e4	03128633	mul	x12,x5,x17	  x5:0x80041024 x17:0x6ee5d000 x12=0x35514000
       4865.000 ns	       485	800003e8	020205b3	mul	x11,x4,x0	  x4:0x00000001  x0:0x00000000 x11=0x00000000
       5235.000 ns	       522	800003ec	02797c33	remu	x24,x18,x7	 x18:0xfffffd28  x7:0x80040fe4 x24=0x7ffbed44
       5255.000 ns	       524	800003f0	99a14f37	lui	x30,0x99a14	 x30=0x99a14000
       5265.000 ns	       525	800003f4	00a4a133	slt	x2,x9,x10	  x9:0x00000001 x10:0xf75ca184  x2=0x00000000
       5295.000 ns	       528	800003f8	18587953	fdiv.s	f18,f16,f5	 f16:0xff800000  f5:0x80000000 f18=0x7f800000
       5315.000 ns	       530	800003fc	fac8c413	xori	x8,x17,-84	 x17:0x6ee5d000  x8=0x911a2fac
       5325.000 ns	       531	80000400	40d3dc33	sra	x24,x7,x13	  x7:0x80040fe4 x13:0x00000001 x24=0xc00207f2
       5335.000 ns	       532	80000404	00000013	addi	x0,x0,0	  x0:0x00000000
       5345.000 ns	       533	80000408	1268ef93	ori	x31,x17,294	 x17:0x6ee5d000 x31=0x6ee5d126
       5365.000 ns	       535	8000040c	21a98f53	fsgnj.s	f30,f19,f26	 f19:0x80000000 f26:0x0070dd85 f30=0x00000000
       5385.000 ns	       537	80000410	faeef093	andi	x1,x29,-82	 x29:0x00000001  x1=0x00000000
       5395.000 ns	       538	80000414	019f1c33	sll	x24,x30,x25	 x30:0x99a14000 x25:0x00000000 x24=0x99a14000
       5415.000 ns	       540	80000418	20090cd3	fsgnj.s	f25,f18,f0	 f18:0x7f800000  f0:0x00000000 f25=0x7f800000
       5435.000 ns	       542	8000041c	00230cb3	add	x25,x6,x2	  x6:0xeb80a579  x2:0x00000000 x25=0xeb80a579
       5455.000 ns	       544	80000420	f0060153	fmv.w.x	f2,x12	 x12:0x35514000  f2=0x35514000
       5485.000 ns	       547	80000424	f0018253	fmv.w.x	f4,x3	  x3:0x00000001  f4=0x00000001
       5855.000 ns	       584	80000428	03eadcb3	divu	x25,x21,x30	 x21:0x00000000 x30:0x99a14000 x25=0x00000000
       5875.000 ns	       586	8000042c	00000013	addi	x0,x0,0	  x0:0x00000000
       5885.000 ns	       587	80000430	400d5f13	srai	x30,x26,0x0	 x26:0x00000000 x30=0x00000000
       5895.000 ns	       588	80000434	408adc33	sra	x24,x21,x8	 x21:0x00000000  x8:0x911a2fac x24=0x00000000
       5915.000 ns	       590	80000438	204291d3	fsgnjn.s	f3,f5,f4	  f5:0x80000000  f4:0x00000001  f3=0x80000000
       5935.000 ns	       592	8000043c	0118eab3	or	x21,x17,x17	 x17:0x6ee5d000 x17:0x6ee5d000 x21=0x6ee5d000
       5945.000 ns	       593	80000440	00021a33	sll	x20,x4,x0	  x4:0x00000001  x0:0x00000000 x20=0x00000001
       6305.000 ns	       629	80000444	035c6c33	rem	x24,x24,x21	 x24:0x00000000 x21:0x00000000 x24=0x00000000
       6325.000 ns	       631	80000448	01429f93	slli	x31,x5,0x14	  x5:0x80041024 x31=0x02400000
       6345.000 ns	       633	8000044c	a1cb0cd3	fle.s	x25,f22,f28	 f22:0x7f7fffff f28:0x7f7fffff x25=0x00000001
       6375.000 ns	       636	80000450	216c0c53	fsgnj.s	f24,f24,f22	 f24:0x7f800000 f22:0x7f7fffff f24=0x7f800000
       6395.000 ns	       638	80000454	41e78333	sub	x6,x15,x30	 x15:0x00000000 x30:0x00000000  x6=0x00000000
       6405.000 ns	       639	80000458	dcb86393	ori	x7,x16,-565	 x16:0x00000001  x7=0xfffffdcb
       6435.000 ns	       642	8000045c	10acfdd3	fmul.s	f27,f25,f10	 f25:0x7f800000 f10:0x80000000 f27=0x7fc00000
       6465.000 ns	       645	80000460	f0030a53	fmv.w.x	f20,x6	  x6:0x00000000 f20=0x00000000
       6485.000 ns	       647	80000464	0116bcb3	sltu	x25,x13,x17	 x13:0x00000001 x17:0x6ee5d000 x25=0x00000001
       6505.000 ns	       649	80000468	e0039453	fclass.s	x8,f7	  f7:0x00000000  x8=0x00000010
       6535.000 ns	       652	8000046c	21210953	fsgnj.s	f18,f2,f18	  f2:0x35514000 f18:0x7f800000 f18=0x35514000
       6555.000 ns	       654	80000470	f0a99eb7	lui	x29,0xf0a99	 x29=0xf0a99000
       6585.000 ns	       657	80000474	580301d3	fsqrt.s	f3,f6	  f6:0x00000000  f3=0x00000000
       6615.000 ns	       660	80000478	a0a411d3	flt.s	x3,f8,f10	  f8:0x7f800001 f10:0x80000000  x3=0x00000000
       6645.000 ns	       663	8000047c	20f50153	fsgnj.s	f2,f10,f15	 f10:0x80000000 f15:0x7fc00000  f2=0x00000000
       6695.000 ns	       668	80000480	084ffdd3	fsub.s	f27,f31,f4	 f31:0x80000000  f4:0x00000001 f27=0x80000001
       6725.000 ns	       671	80000484	d01c0653	fcvt.s.wu	f12,x24	 x24:0x00000000 f12=0x00000000
       6745.000 ns	       673	80000488	00c740b3	xor	x1,x14,x12	 x14:0x00000000 x12:0x35514000  x1=0x35514000
       6755.000 ns	       674	8000048c	eaf3c193	xori	x3,x7,-337	  x7:0xfffffdcb  x3=0x00000364
       6775.000 ns	       676	80000490	21e7a6d3	fsgnjx.s	f13,f15,f30	 f15:0x7fc00000 f30:0x00000000 f13=0x7fc00000
       6795.000 ns	       678	80000494	004928b3	slt	x17,x18,x4	 x18:0xfffffd28  x4:0x00000001 x17=0x00000001
       6805.000 ns	       679	80000498	012534b3	sltu	x9,x10,x18	 x10:0xf75ca184 x18:0xfffffd28  x9=0x00000001
       6825.000 ns	       681	8000049c	037f5a33	divu	x20,x30,x23	 x30:0x00000000 x23:0x00000000 x20=0xffffffff
       6855.000 ns	       684	800004a0	03fc94b3	mulh	x9,x25,x31	 x25:0x00000001 x31:0x02400000  x9=0x00000000
       6885.000 ns	       687	800004a4	a13d9453	flt.s	x8,f27,f19	 f27:0x80000001 f19:0x80000000  x8=0x00000001
       6905.000 ns	       689	800004a8	411c86b3	sub	x13,x25,x17	 x25:0x00000001 x17:0x00000001 x13=0x00000000
       6925.000 ns	       691	800004ac	e00f93d3	fclass.s	x7,f31	 f31:0x80000000  x7=0x00000008
       6945.000 ns	       693	800004b0	019721b3	slt	x3,x14,x25	 x14:0x00000000 x25:0x00000001  x3=0x00000001
       6965.000 ns	       695	800004b4	a1268fd3	fle.s	x31,f13,f18	 f13:0x7fc00000 f18:0x35514000 x31=0x00000000
       6985.000 ns	       697	800004b8	0130b9b3	sltu	x19,x1,x19	  x1:0x35514000 x19:0x29000225 x19=0x00000000
       7005.000 ns	       699	800004bc	20702953	fsgnjx.s	f18,f0,f7	  f0:0x00000000  f7:0x00000000 f18=0x00000000
       7025.000 ns	       701	800004c0	2b1d7217	auipc	x4,0x2b1d7	  x4=0xab1d74c0
       7045.000 ns	       703	800004c4	02dd21b3	mulhsu	x3,x26,x13	 x26:0x00000000 x13:0x00000000  x3=0x00000000
       7065.000 ns	       705	800004c8	b8cbc337	lui	x6,0xb8cbc	  x6=0xb8cbc000
       7075.000 ns	       706	800004cc	011ef3b3	and	x7,x29,x17	 x29:0xf0a99000 x17:0x00000001  x7=0x00000000
       7085.000 ns	       707	800004d0	c3ebf937	lui	x18,0xc3ebf	 x18=0xc3ebf000
       7095.000 ns	       708	800004d4	6989c6b7	lui	x13,0x6989c	 x13=0x6989c000
       7115.000 ns	       710	800004d8	2126abd3	fsgnjx.s	f23,f13,f18	 f13:0x7fc00000 f18:0x00000000 f23=0x7fc00000
       7145.000 ns	       713	800004dc	20df9353	fsgnjn.s	f6,f31,f13	 f31:0x80000000 f13:0x7fc00000  f6=0x80000000
       7185.000 ns	       717	800004e0	58087a53	fsqrt.s	f20,f16	 f16:0xff800000 f20=0x7fc00000
       7205.000 ns	       719	800004e4	53de7493	andi	x9,x28,1341	 x28:0xfff7eeb3  x9=0x00000431
       7225.000 ns	       721	800004e8	e00a13d3	fclass.s	x7,f20	 f20:0x7fc00000  x7=0x00000200
       7255.000 ns	       724	800004ec	f00e8bd3	fmv.w.x	f23,x29	 x29:0xf0a99000 f23=0xf0a99000
       7285.000 ns	       727	800004f0	a09616d3	flt.s	x13,f12,f9	 f12:0x00000000  f9:0x00540218 x13=0x00000001
       7305.000 ns	       729	800004f4	4e23da97	auipc	x21,0x4e23d	 x21=0xce23d4f4
       7665.000 ns	       765	800004f8	026bf333	remu	x6,x23,x6	 x23:0x00000000  x6:0xb8cbc000  x6=0x00000000
       7685.000 ns	       767	800004fc	40c55313	srai	x6,x10,0xc	 x10:0xf75ca184  x6=0xffff75ca
       7695.000 ns	       768	80000500	951db493	sltiu	x9,x27,-1711	 x27:0x80040fe4  x9=0x00000001
       7705.000 ns	       769	80000504	f2524693	xori	x13,x4,-219	  x4:0xab1d74c0 x13=0x54e28be5
       7715.000 ns	       770	80000508	01190d33	add	x26,x18,x17	 x18:0xc3ebf000 x17:0x00000001 x26=0xc3ebf001
       7725.000 ns	       771	8000050c	005a55b3	srl	x11,x20,x5	 x20:0xffffffff  x5:0x80041024 x11=0x0fffffff
       7745.000 ns	       773	80000510	c008f053	fcvt.w.s	x0,f17	 f17:0x80000000
       7765.000 ns	       775	80000514	01df18b3	sll	x17,x30,x29	 x30:0x00000000 x29:0xf0a99000 x17=0x00000000
       7785.000 ns	       777	80000518	038f9b33	mulh	x22,x31,x24	 x31:0x00000000 x24:0x00000000 x22=0x00000000
       7805.000 ns	       779	8000051c	01a648b3	xor	x17,x12,x26	 x12:0x35514000 x26:0xc3ebf001 x17=0xf6bab001
       7815.000 ns	       780	80000520	005d7cb3	and	x25,x26,x5	 x26:0xc3ebf001  x5:0x80041024 x25=0x80001000
       7825.000 ns	       781	80000524	fb738913	addi	x18,x7,-73	  x7:0x00000200 x18=0x000001b7
       7845.000 ns	       783	80000528	e00a0153	fmv.x.w	x2,f20	 f20:0x7fc00000  x2=0x7fc00000
       7865.000 ns	       785	8000052c	01749113	slli	x2,x9,0x17	  x9:0x00000001  x2=0x00800000
       8225.000 ns	       821	80000530	02cbc033	div	x0,x23,x12	 x23:0x00000000 x12:0x35514000
       8255.000 ns	       824	80000534	a04aae53	feq.s	x28,f21,f4	 f21:0xff800000  f4:0x00000001 x28=0x00000000
       8285.000 ns	       827	80000538	f0000fd3	fmv.w.x	f31,x0	  x0:0x00000000 f31=0x00000000
       8305.000 ns	       829	8000053c	00000013	addi	x0,x0,0	  x0:0x00000000
       8315.000 ns	       830	80000540	01968333	add	x6,x13,x25	 x13:0x54e28be5 x25:0x80001000  x6=0xd4e29be5
       8335.000 ns	       832	80000544	29101153	fmax.s	f2,f0,f17	  f0:0x00000000 f17:0x80000000  f2=0x00000000
       8355.000 ns	       834	80000548	f2770f97	auipc	x31,0xf2770	 x31=0x72770548
       8385.000 ns	       837	8000054c	183c96d3	fdiv.s	f13,f25,f3	 f25:0x7f800000  f3:0x00000000 f13=0x7f800000
       8415.000 ns	       840	80000550	c002f053	fcvt.w.s	x0,f5	  f5:0x80000000
       8455.000 ns	       844	80000554	5807f553	fsqrt.s	f10,f15	 f15:0x7fc00000 f10=0x7fc00000
       8475.000 ns	       846	80000558	01465b33	srl	x22,x12,x20	 x12:0x35514000 x20:0xffffffff x22=0x00000000
       8495.000 ns	       848	8000055c	02059933	mulh	x18,x11,x0	 x11:0x0fffffff  x0:0x00000000 x18=0x00000000
       8515.000 ns	       850	80000560	004ab333	sltu	x6,x21,x4	 x21:0xce23d4f4  x4:0xab1d74c0  x6=0x00000000
       8535.000 ns	       852	80000564	29dc8c53	fmin.s	f24,f25,f29	 f25:0x7f800000 f29:0x7f800001 f24=0x7f800000
       8565.000 ns	       855	80000568	a0cd04d3	fle.s	x9,f26,f12	 f26:0x0070dd85 f12:0x00000000  x9=0x00000000
       8595.000 ns	       858	8000056c	020373b3	remu	x7,x6,x0	  x6:0x00000000  x0:0x00000000  x7=0x00000000
       8625.000 ns	       861	80000570	037e06b3	mul	x13,x28,x23	 x28:0x00000000 x23:0x00000000 x13=0x00000000
       8655.000 ns	       864	80000574	29539f53	fmax.s	f30,f7,f21	  f7:0x00000000 f21:0xff800000 f30=0x00000000
       8685.000 ns	       867	80000578	204d8353	fsgnj.s	f6,f27,f4	 f27:0x80000001  f4:0x00000001  f6=0x00000001
       8715.000 ns	       870	8000057c	29da1d53	fmax.s	f26,f20,f29	 f20:0x7fc00000 f29:0x7f800001 f26=0x7fc00000
       8745.000 ns	       873	80000580	c00fa6d3	fcvt.w.s	x13,f31	 f31:0x00000000 x13=0x00000000
       8765.000 ns	       875	80000584	00000013	addi	x0,x0,0	  x0:0x00000000
       8785.000 ns	       877	80000588	d00e7dd3	fcvt.s.w	f27,x28	 x28:0x00000000 f27=0x00000000
       8815.000 ns	       880	8000058c	2133a253	fsgnjx.s	f4,f7,f19	  f7:0x00000000 f19:0x80000000  f4=0x80000000
       8835.000 ns	       882	80000590	01baa5b3	slt	x11,x21,x27	 x21:0xce23d4f4 x27:0x80040fe4 x11=0x00000000
       8845.000 ns	       883	80000594	2609f393	andi	x7,x19,608	 x19:0x00000000  x7=0x00000000
       8865.000 ns	       885	80000598	e00f8cd3	fmv.x.w	x25,f31	 f31:0x00000000 x25=0x00000000
       8915.000 ns	       890	8000059c	092d7ed3	fsub.s	f29,f26,f18	 f26:0x7fc00000 f18:0x00000000 f29=0x7fc00000
       8945.000 ns	       893	800005a0	29e50d53	fmin.s	f26,f10,f30	 f10:0x7fc00000 f30:0x00000000 f26=0x00000000
       8995.000 ns	       898	800005a4	00793bd3	fadd.s	f23,f18,f7	 f18:0x00000000  f7:0x00000000 f23=0x00000000
       9025.000 ns	       901	800005a8	e0019fd3	fclass.s	x31,f3	  f3:0x00000000 x31=0x00000010
       9045.000 ns	       903	800005ac	a74d0613	addi	x12,x26,-1420	 x26:0xc3ebf001 x12=0xc3ebea75
       9065.000 ns	       905	800005b0	e00c94d3	fclass.s	x9,f25	 f25:0x7f800000  x9=0x00000080
       9095.000 ns	       908	800005b4	e0030fd3	fmv.x.w	x31,f6	  f6:0x00000001 x31=0x00000001
       9125.000 ns	       911	800005b8	203813d3	fsgnjn.s	f7,f16,f3	 f16:0xff800000  f3:0x00000000  f7=0xff800000
       9145.000 ns	       913	800005bc	4f245237	lui	x4,0x4f245	  x4=0x4f245000
       9155.000 ns	       914	800005c0	44fefa93	andi	x21,x29,1103	 x29:0xf0a99000 x21=0x00000000
       9165.000 ns	       915	800005c4	4f91ec13	ori	x24,x3,1273	  x3:0x00000000 x24=0x000004f9
       9175.000 ns	       916	800005c8	40bb5893	srai	x17,x22,0xb	 x22:0x00000000 x17=0x00000000
       9195.000 ns	       918	800005cc	d014fad3	fcvt.s.wu	f21,x9	  x9:0x00000080 f21=0x43000000
       9215.000 ns	       920	800005d0	013a3433	sltu	x8,x20,x19	 x20:0xffffffff x19:0x00000000  x8=0x00000000
       9255.000 ns	       924	800005d4	0190f0d3	fadd.s	f1,f1,f25	  f1:0xcefff7e0 f25:0x7f800000  f1=0x7f800000
       9305.000 ns	       929	800005d8	017c1653	fadd.s	f12,f24,f23	 f24:0x7f800000 f23:0x00000000 f12=0x7f800000
       9675.000 ns	       966	800005dc	02cc4133	div	x2,x24,x12	 x24:0x000004f9 x12:0xc3ebea75  x2=0x00000000
      10045.000 ns	      1003	800005e0	03fbc433	div	x8,x23,x31	 x23:0x00000000 x31:0x00000001  x8=0x00000000
      10065.000 ns	      1005	800005e4	ed2bf993	andi	x19,x23,-302	 x23:0x00000000 x19=0x00000000
      10085.000 ns	      1007	800005e8	21872953	fsgnjx.s	f18,f14,f24	 f14:0x00000000 f24:0x7f800000 f18=0x00000000
      10125.000 ns	      1011	800005ec	116e18d3	fmul.s	f17,f28,f22	 f28:0x7f7fffff f22:0x7f7fffff f17=0x7f800000
      10145.000 ns	      1013	800005f0	017d9e33	sll	x28,x27,x23	 x27:0x80040fe4 x23:0x00000000 x28=0x80040fe4
      10165.000 ns	      1015	800005f4	a03f16d3	flt.s	x13,f30,f3	 f30:0x00000000  f3:0x00000000 x13=0x00000000
      10185.000 ns	      1017	800005f8	01b8d433	srl	x8,x17,x27	 x17:0x00000000 x27:0x80040fe4  x8=0x00000000
      10195.000 ns	      1018	800005fc	017c9093	slli	x1,x25,0x17	 x25:0x00000000  x1=0x00000000
      10215.000 ns	      1020	80000600	f0040253	fmv.w.x	f4,x8	  x8:0x00000000  f4=0x00000000
      10255.000 ns	      1024	80000604	10421dd3	fmul.s	f27,f4,f4	  f4:0x80000000  f4:0x80000000 f27=0x00000000
      10285.000 ns	      1027	80000608	e0009153	fclass.s	x2,f1	  f1:0x7f800000  x2=0x00000080
      10315.000 ns	      1030	8000060c	2104a8d3	fsgnjx.s	f17,f9,f16	  f9:0x00540218 f16:0xff800000 f17=0x80540218
      10335.000 ns	      1032	80000610	4096d733	sra	x14,x13,x9	 x13:0x00000000  x9:0x00000080 x14=0x00000000
      10345.000 ns	      1033	80000614	013b9a33	sll	x20,x23,x19	 x23:0x00000000 x19:0x00000000 x20=0x00000000
      10365.000 ns	      1035	80000618	e0010c53	fmv.x.w	x24,f2	  f2:0x00000000 x24=0x00000000
      10395.000 ns	      1038	8000061c	03583e33	mulhu	x28,x16,x21	 x16:0x00000001 x21:0x00000000 x28=0x00000000
      10415.000 ns	      1040	80000620	7a4ce593	ori	x11,x25,1956	 x25:0x00000000 x11=0x000007a4
      10425.000 ns	      1041	80000624	241fd397	auipc	x7,0x241fd	  x7=0xa41fd624
      10445.000 ns	      1043	80000628	e00e1853	fclass.s	x16,f28	 f28:0x7f7fffff x16=0x00000040
      10465.000 ns	      1045	8000062c	40ead033	sra	x0,x21,x14	 x21:0x00000000 x14:0x00000000
      10495.000 ns	      1048	80000630	580c2253	fsqrt.s	f4,f24	 f24:0x7f800000  f4=0x7f800000
      10865.000 ns	      1085	80000634	029f7d33	remu	x26,x30,x9	 x30:0x00000000  x9:0x00000080 x26=0x00000000
      10895.000 ns	      1088	80000638	28530e53	fmin.s	f28,f6,f5	  f6:0x00000001  f5:0x80000000 f28=0x80000000
      10915.000 ns	      1090	8000063c	01af7bb3	and	x23,x30,x26	 x30:0x00000000 x26:0x00000000 x23=0x00000000
      10935.000 ns	      1092	80000640	036e4e33	div	x28,x28,x22	 x28:0x00000000 x22:0x00000000 x28=0xffffffff
      10955.000 ns	      1094	80000644	41ca5633	sra	x12,x20,x28	 x20:0x00000000 x28:0x00000000 x12=0x00000000
      11315.000 ns	      1130	80000648	0220c6b3	div	x13,x1,x2	  x1:0x00000000  x2:0x00000080 x13=0x00000000
      11345.000 ns	      1133	8000064c	21352253	fsgnjx.s	f4,f10,f19	 f10:0x7fc00000 f19:0x80000000  f4=0xffc00000
      11375.000 ns	      1136	80000650	02c6fcb3	remu	x25,x13,x12	 x13:0x00000000 x12:0x00000000 x25=0x00000000
      11405.000 ns	      1139	80000654	0344ea33	rem	x20,x9,x20	  x9:0x00000080 x20:0x00000000 x20=0x00000080
      11435.000 ns	      1142	80000658	d001fdd3	fcvt.s.w	f27,x3	  x3:0x00000000 f27=0x00000000
      11465.000 ns	      1145	8000065c	a0190753	fle.s	x14,f18,f1	 f18:0x00000000  f1:0x7f800000 x14=0x00000001
      11485.000 ns	      1147	80000660	00ee49b3	xor	x19,x28,x14	 x28:0xffffffff x14:0x00000000 x19=0xfffffffe
      11495.000 ns	      1148	80000664	00e54133	xor	x2,x10,x14	 x10:0xf75ca184 x14:0x00000001  x2=0xf75ca185
      11505.000 ns	      1149	80000668	408d5333	sra	x6,x26,x8	 x26:0x00000000  x8:0x00000000  x6=0x00000000
      11525.000 ns	      1151	8000066c	a125acd3	feq.s	x25,f11,f18	 f11:0x0059d332 f18:0x00000000 x25=0x00000000
      11545.000 ns	      1153	80000670	40bd8cb3	sub	x25,x27,x11	 x27:0x80040fe4 x11:0x000007a4 x25=0x80040840
      11565.000 ns	      1155	80000674	a1c81a53	flt.s	x20,f16,f28	 f16:0xff800000 f28:0x80000000 x20=0x00000001
      11935.000 ns	      1192	80000678	027f5ab3	divu	x21,x30,x7	 x30:0x00000000  x7:0xa41fd624 x21=0x00000000
      11955.000 ns	      1194	8000067c	bc53bf13	sltiu	x30,x7,-1083	  x7:0xa41fd624 x30=0x00000001
      11975.000 ns	      1196	80000680	d0057253	fcvt.s.w	f4,x10	 x10:0xf75ca184  f4=0xcd0a35e7
      12005.000 ns	      1199	80000684	d007fad3	fcvt.s.w	f21,x15	 x15:0x00000000 f21=0x00000000
      12035.000 ns	      1202	80000688	28d48c53	fmin.s	f24,f9,f13	  f9:0x00540218 f13:0x7f800000 f24=0x00540218
      12055.000 ns	      1204	8000068c	0429e313	ori	x6,x19,66	 x19:0xfffffffe  x6=0xfffffffe
      12065.000 ns	      1205	80000690	410855b3	sra	x11,x16,x16	 x16:0x00000040 x16:0x00000040 x11=0x00000040
      12075.000 ns	      1206	80000694	00477ab3	and	x21,x14,x4	 x14:0x00000001  x4:0x4f245000 x21=0x00000000
      12095.000 ns	      1208	80000698	a06b28d3	feq.s	x17,f22,f6	 f22:0x7f7fffff  f6:0x00000001 x17=0x00000000
      12115.000 ns	      1210	8000069c	523bc3b7	lui	x7,0x523bc	  x7=0x523bc000
      12125.000 ns	      1211	800006a0	405289b3	sub	x19,x5,x5	  x5:0x80041024  x5:0x80041024 x19=0x00000000
      12145.000 ns	      1213	800006a4	e0068653	fmv.x.w	x12,f13	 f13:0x7f800000 x12=0x7f800000
      12175.000 ns	      1216	800006a8	200f8f53	fsgnj.s	f30,f31,f0	 f31:0x00000000  f0:0x00000000 f30=0x00000000
      12225.000 ns	      1221	800006ac	08fb7853	fsub.s	f16,f22,f15	 f22:0x7f7fffff f15:0x7fc00000 f16=0x7fc00000
      12275.000 ns	      1226	800006b0	0158f9d3	fadd.s	f19,f17,f21	 f17:0x80540218 f21:0x00000000 f19=0x80540218
      12315.000 ns	      1230	800006b4	100a7553	fmul.s	f10,f20,f0	 f20:0x7fc00000  f0:0x00000000 f10=0x7fc00000
      12345.000 ns	      1233	800006b8	284c0b53	fmin.s	f22,f24,f4	 f24:0x00540218  f4:0xcd0a35e7 f22=0xcd0a35e7
      12375.000 ns	      1236	800006bc	20c51dd3	fsgnjn.s	f27,f10,f12	 f10:0x7fc00000 f12:0x7f800000 f27=0xffc00000
      12395.000 ns	      1238	800006c0	41ca8333	sub	x6,x21,x28	 x21:0x00000000 x28:0xffffffff  x6=0x00000001
      12415.000 ns	      1240	800006c4	290700d3	fmin.s	f1,f14,f16	 f14:0x00000000 f16:0x7fc00000  f1=0x00000000
      12435.000 ns	      1242	800006c8	0175d133	srl	x2,x11,x23	 x11:0x00000040 x23:0x00000000  x2=0x00000040
      12455.000 ns	      1244	800006cc	03271a33	mulh	x20,x14,x18	 x14:0x00000001 x18:0x00000000 x20=0x00000000
      12485.000 ns	      1247	800006d0	03610d33	mul	x26,x2,x22	  x2:0xf75ca185 x22:0x00000000 x26=0x00000000
      12505.000 ns	      1249	800006d4	01cf9433	sll	x8,x31,x28	 x31:0x00000001 x28:0xffffffff  x8=0x80000000
      12525.000 ns	      1251	800006d8	03f11933	mulh	x18,x2,x31	  x2:0x00000040 x31:0x00000001 x18=0x00000000
      12545.000 ns	      1253	800006dc	73d50e93	addi	x29,x10,1853	 x10:0xf75ca184 x29=0xf75ca8c1
      12565.000 ns	      1255	800006e0	c016a053	fcvt.wu.s	x0,f13	 f13:0x7f800000
      12615.000 ns	      1260	800006e4	08c23fd3	fsub.s	f31,f4,f12	  f4:0xcd0a35e7 f12:0x7f800000 f31=0xff800000
      12645.000 ns	      1263	800006e8	294b84d3	fmin.s	f9,f23,f20	 f23:0x00000000 f20:0x7fc00000  f9=0x00000000
      12665.000 ns	      1265	800006ec	0111c433	xor	x8,x3,x17	  x3:0x00000000 x17:0x00000000  x8=0x00000000
      12685.000 ns	      1267	800006f0	d002ffd3	fcvt.s.w	f31,x5	  x5:0x80041024 f31=0xcefff7df
      12705.000 ns	      1269	800006f4	01c2aeb3	slt	x29,x5,x28	  x5:0x80041024 x28:0xffffffff x29=0x00000001
      12745.000 ns	      1273	800006f8	0986a2d3	fsub.s	f5,f13,f24	 f13:0x7f800000 f24:0x00540218  f5=0x7f800000
      12775.000 ns	      1276	800006fc	027693b3	mulh	x7,x13,x7	 x13:0x00000000  x7:0x523bc000  x7=0x00000000
      13145.000 ns	      1313	80000700	022dc9b3	div	x19,x27,x2	 x27:0x80040fe4  x2:0x00000040 x19=0xfe001040
      13165.000 ns	      1315	80000704	4183d7b3	sra	x15,x7,x24	  x7:0x00000000 x24:0x00000000 x15=0x00000000
      13185.000 ns	      1317	80000708	037edd33	divu	x26,x29,x23	 x29:0x00000001 x23:0x00000000 x26=0xffffffff
      13205.000 ns	      1319	8000070c	00000013	addi	x0,x0,0	  x0:0x00000000
      13225.000 ns	      1321	80000710	e0049fd3	fclass.s	x31,f9	  f9:0x00000000 x31=0x00000010
      13275.000 ns	      1326	80000714	0090f753	fadd.s	f14,f1,f9	  f1:0x00000000  f9:0x00000000 f14=0x00000000
      13295.000 ns	      1328	80000718	0126d693	srli	x13,x13,0x12	 x13:0x00000000 x13=0x00000000
      13305.000 ns	      1329	8000071c	408285b3	sub	x11,x5,x8	  x5:0x80041024  x8:0x00000000 x11=0x80041024
      13315.000 ns	      1330	80000720	879ab913	sltiu	x18,x21,-1927	 x21:0x00000000 x18=0x00000001
      13325.000 ns	      1331	80000724	40c0df13	srai	x30,x1,0xc	  x1:0x00000000 x30=0x00000000
      13345.000 ns	      1333	80000728	a0fa0b53	fle.s	x22,f20,f15	 f20:0x7fc00000 f15:0x7fc00000 x22=0x00000000
      13365.000 ns	      1335	8000072c	40878eb3	sub	x29,x15,x8	 x15:0x00000000  x8:0x00000000 x29=0x00000000
      13375.000 ns	      1336	80000730	90c61097	auipc	x1,0x90c61	  x1=0x10c61730
      13385.000 ns	      1337	80000734	011a2d33	slt	x26,x20,x17	 x20:0x00000000 x17:0x00000000 x26=0x00000000
      13405.000 ns	      1339	80000738	0386c3b3	div	x7,x13,x24	 x13:0x00000000 x24:0x00000000  x7=0xffffffff
      13435.000 ns	      1342	8000073c	d0111953	fcvt.s.wu	f18,x2	  x2:0x00000040 f18=0x42800000
      13455.000 ns	      1344	80000740	6e656f93	ori	x31,x10,1766	 x10:0xf75ca184 x31=0xf75ca7e6
      13815.000 ns	      1380	80000744	033363b3	rem	x7,x6,x19	  x6:0x00000001 x19:0xfe001040  x7=0x00000001
      13845.000 ns	      1383	80000748	28a81ad3	fmax.s	f21,f16,f10	 f16:0x7fc00000 f10:0x7fc00000 f21=0x7fc00000
      13875.000 ns	      1386	8000074c	218914d3	fsgnjn.s	f9,f18,f24	 f18:0x42800000 f24:0x00540218  f9=0xc2800000
      13905.000 ns	      1389	80000750	023f6033	rem	x0,x30,x3	 x30:0x00000000  x3:0x00000000
      13925.000 ns	      1391	80000754	4757b217	auipc	x4,0x4757b	  x4=0xc757b754
      13935.000 ns	      1392	80000758	fb760f93	addi	x31,x12,-73	 x12:0x7f800000 x31=0x7f7fffb7
      13945.000 ns	      1393	8000075c	01d89913	slli	x18,x17,0x1d	 x17:0x00000000 x18=0x00000000
      13965.000 ns	      1395	80000760	209a0fd3	fsgnj.s	f31,f20,f9	 f20:0x7fc00000  f9:0xc2800000 f31=0xffc00000
      13985.000 ns	      1397	80000764	66960913	addi	x18,x12,1641	 x12:0x7f800000 x18=0x7f800669
      13995.000 ns	      1398	80000768	011b4233	xor	x4,x22,x17	 x22:0x00000000 x17:0x00000000  x4=0x00000000
      14005.000 ns	      1399	8000076c	00000013	addi	x0,x0,0	  x0:0x00000000
      14025.000 ns	      1401	80000770	0363bb33	mulhu	x22,x7,x22	  x7:0x00000001 x22:0x00000000 x22=0x00000000
      14055.000 ns	      1404	80000774	21e48ed3	fsgnj.s	f29,f9,f30	  f9:0xc2800000 f30:0x00000000 f29=0x42800000
      14075.000 ns	      1406	80000778	00b103b3	add	x7,x2,x11	  x2:0x00000040 x11:0x80041024  x7=0x80041064
      14085.000 ns	      1407	8000077c	015a17b3	sll	x15,x20,x21	 x20:0x00000000 x21:0x00000000 x15=0x00000000
      14445.000 ns	      1443	80000780	026dca33	div	x20,x27,x6	 x27:0x80040fe4  x6:0x00000001 x20=0x80040fe4
      14465.000 ns	      1445	80000784	9862cb37	lui	x22,0x9862c	 x22=0x9862c000
      14485.000 ns	      1447	80000788	a1d6ad53	feq.s	x26,f13,f29	 f13:0x7f800000 f29:0x42800000 x26=0x00000000
      14515.000 ns	      1450	8000078c	03ea2033	mulhsu	x0,x20,x30	 x20:0x80040fe4 x30:0x00000000
      14545.000 ns	      1453	80000790	0214a1b3	mulhsu	x3,x9,x1	  x9:0x00000080  x1:0x10c61730  x3=0x00000008
      14565.000 ns	      1455	80000794	10fe8f13	addi	x30,x29,271	 x29:0x00000000 x30=0x0000010f
      14575.000 ns	      1456	80000798	01b4c833	xor	x16,x9,x27	  x9:0x00000080 x27:0x80040fe4 x16=0x80040f64
      14935.000 ns	      1492	8000079c	0300dc33	divu	x24,x1,x16	  x1:0x10c61730 x16:0x00000040 x24=0x00000000
      14965.000 ns	      1495	800007a0	f00d8a53	fmv.w.x	f20,x27	 x27:0x80040fe4 f20=0x80040fe4
      14985.000 ns	      1497	800007a4	01193333	sltu	x6,x18,x17	 x18:0x7f800669 x17:0x00000000  x6=0x00000000
      15345.000 ns	      1533	800007a8	02b94033	div	x0,x18,x11	 x18:0x7f800669 x11:0x80041024
      15385.000 ns	      1537	800007ac	1998f553	fdiv.s	f10,f17,f25	 f17:0x80540218 f25:0x7f800000 f10=0x80000000
      15415.000 ns	      1540	800007b0	037b94b3	mulh	x9,x23,x23	 x23:0x00000000 x23:0x00000000  x9=0x00000000
      15445.000 ns	      1543	800007b4	a0dc93d3	flt.s	x7,f25,f13	 f25:0x7f800000 f13:0x7f800000  x7=0x00000000
      15475.000 ns	      1546	800007b8	03d627b3	mulhsu	x15,x12,x29	 x12:0x7f800000 x29:0x00000000 x15=0x00000000
      15505.000 ns	      1549	800007bc	29199553	fmax.s	f10,f19,f17	 f19:0x80540218 f17:0x80540218 f10=0x80540218
      15535.000 ns	      1552	800007c0	c01a8d53	fcvt.wu.s	x26,f21	 f21:0x7fc00000 x26=0xffffffff
      15565.000 ns	      1555	800007c4	e00d0b53	fmv.x.w	x22,f26	 f26:0x00000000 x22=0x00000000
      15585.000 ns	      1557	800007c8	00e3d833	srl	x16,x7,x14	  x7:0x00000000 x14:0x00000001 x16=0x00000000
      15595.000 ns	      1558	800007cc	002caeb3	slt	x29,x25,x2	 x25:0x80040840  x2:0x00000040 x29=0x00000001
      15605.000 ns	      1559	800007d0	00000013	addi	x0,x0,0	  x0:0x00000000
      15625.000 ns	      1561	800007d4	c011fd53	fcvt.wu.s	x26,f3	  f3:0x00000000 x26=0x00000000
      15645.000 ns	      1563	800007d8	00d0b033	sltu	x0,x1,x13	  x1:0x10c61730 x13:0x00000000
      15655.000 ns	      1564	800007dc	0078f733	and	x14,x17,x7	 x17:0x00000000  x7:0x00000000 x14=0x00000000
      15665.000 ns	      1565	800007e0	57f2ce93	xori	x29,x5,1407	  x5:0x80041024 x29=0x8004155b
      15675.000 ns	      1566	800007e4	41c00ab3	sub	x21,x0,x28	  x0:0x00000000 x28:0xffffffff x21=0x00000001
      15685.000 ns	      1567	800007e8	01173c33	sltu	x24,x14,x17	 x14:0x00000000 x17:0x00000000 x24=0x00000000
      15705.000 ns	      1569	800007ec	20d60fd3	fsgnj.s	f31,f12,f13	 f12:0x7f800000 f13:0x7f800000 f31=0x7f800000
      15725.000 ns	      1571	800007f0	01709413	slli	x8,x1,0x17	  x1:0x10c61730  x8=0x98000000
      15745.000 ns	      1573	800007f4	c0127953	fcvt.wu.s	x18,f4	  f4:0xcd0a35e7 x18=0x08a35e70
      15785.000 ns	      1577	800007f8	110831d3	fmul.s	f3,f16,f16	 f16:0x7fc00000 f16:0x7fc00000  f3=0x7fc00000
      15815.000 ns	      1580	800007fc	a07e1f53	flt.s	x30,f28,f7	 f28:0x80000000  f7:0xff800000 x30=0x00000000
      15845.000 ns	      1583	80000800	a12c1bd3	flt.s	x23,f24,f18	 f24:0x00540218 f18:0x42800000 x23=0x00000001
      16215.000 ns	      1620	80000804	0212c9b3	div	x19,x5,x1	  x5:0x80041024  x1:0x10c61730 x19=0xfffffff9
      16235.000 ns	      1622	80000808	f1c66693	ori	x13,x12,-228	 x12:0x7f800000 x13=0xffffff1c
      16245.000 ns	      1623	8000080c	40e3d933	sra	x18,x7,x14	  x7:0x00000000 x14:0x00000000 x18=0x00000000
      16265.000 ns	      1625	80000810	29da9753	fmax.s	f14,f21,f29	 f21:0x7fc00000 f29:0x42800000 f14=0x42800000
      16285.000 ns	      1627	80000814	4000d733	sra	x14,x1,x0	  x1:0x10c61730  x0:0x00000000 x14=0x10c61730
      16295.000 ns	      1628	80000818	01a2ee33	or	x28,x5,x26	  x5:0x80041024 x26:0x00000000 x28=0x80041024
      16305.000 ns	      1629	8000081c	00fce033	or	x0,x25,x15	 x25:0x80040840 x15:0x00000000
      16315.000 ns	      1630	80000820	47898037	lui	x0,0x47898	
      16345.000 ns	      1633	80000824	10eb70d3	fmul.s	f1,f22,f14	 f22:0xcd0a35e7 f14:0x42800000  f1=0xd00a35e8
      16365.000 ns	      1635	80000828	a75d7393	andi	x7,x26,-1419	 x26:0x00000000  x7=0x00000000
      16375.000 ns	      1636	8000082c	8c9f2e17	auipc	x28,0x8c9f2	 x28=0x0c9f282c
      16415.000 ns	      1640	80000830	00b389d3	fadd.s	f19,f7,f11	  f7:0xff800000 f11:0x0059d332 f19=0xff800000
      16445.000 ns	      1643	80000834	02033333	mulhu	x6,x6,x0	  x6:0x00000000  x0:0x00000000  x6=0x00000000
      16465.000 ns	      1645	80000838	1fb1e893	ori	x17,x3,507	  x3:0x00000008 x17=0x000001fb
      16475.000 ns	      1646	8000083c	418387b3	sub	x15,x7,x24	  x7:0x00000000 x24:0x00000000 x15=0x00000000
      16485.000 ns	      1647	80000840	002a5b13	srli	x22,x20,0x2	 x20:0x80040fe4 x22=0x200103f9
      16505.000 ns	      1649	80000844	20ca9fd3	fsgnjn.s	f31,f21,f12	 f21:0x7fc00000 f12:0x7f800000 f31=0xffc00000
      16525.000 ns	      1651	80000848	8a354197	auipc	x3,0x8a354	  x3=0x0a354848
      16545.000 ns	      1653	8000084c	d0007c53	fcvt.s.w	f24,x0	  x0:0x00000000 f24=0x00000000
      16575.000 ns	      1656	80000850	d01bf7d3	fcvt.s.wu	f15,x23	 x23:0x00000001 f15=0x3f800000
      16605.000 ns	      1659	80000854	e0059753	fclass.s	x14,f11	 f11:0x0059d332 x14=0x00000020
      16635.000 ns	      1662	80000858	219d8153	fsgnj.s	f2,f27,f25	 f27:0xffc00000 f25:0x7f800000  f2=0x7fc00000
      16665.000 ns	      1665	8000085c	28648fd3	fmin.s	f31,f9,f6	  f9:0xc2800000  f6:0x00000001 f31=0xc2800000
      16695.000 ns	      1668	80000860	f00a8853	fmv.w.x	f16,x21	 x21:0x00000001 f16=0x00000001
      16715.000 ns	      1670	80000864	414e08b3	sub	x17,x28,x20	 x28:0x0c9f282c x20:0x80040fe4 x17=0x8c9b1848
      17885.000 ns	      1787	80000868	58037cd3	fsqrt.s	f25,f6	  f6:0x00000001 f25=0x1f350483
      17905.000 ns	      1789	8000086c	c5ac2437	lui	x8,0xc5ac2	  x8=0xc5ac2000
      17915.000 ns	      1790	80000870	00000013	addi	x0,x0,0	  x0:0x00000000
      17935.000 ns	      1792	80000874	202b1a53	fsgnjn.s	f20,f22,f2	 f22:0xcd0a35e7  f2:0x7fc00000 f20=0xcd0a35e7
      17965.000 ns	      1795	80000878	29e09153	fmax.s	f2,f1,f30	  f1:0xd00a35e8 f30:0x00000000  f2=0x00000000
      17995.000 ns	      1798	8000087c	036c2233	mulhsu	x4,x24,x22	 x24:0x00000000 x22:0x200103f9  x4=0x00000000
      18015.000 ns	      1800	80000880	402dd713	srai	x14,x27,0x2	 x27:0x80040fe4 x14=0xe00103f9
      18375.000 ns	      1836	80000884	022fc9b3	div	x19,x31,x2	 x31:0x7f7fffb7  x2:0x00000040 x19=0x01fdfffe
      18395.000 ns	      1838	80000888	417b5913	srai	x18,x22,0x17	 x22:0x200103f9 x18=0x00000040
      18415.000 ns	      1840	8000088c	20de0e53	fsgnj.s	f28,f28,f13	 f28:0x80000000 f13:0x7f800000 f28=0x00000000
      18435.000 ns	      1842	80000890	00000013	addi	x0,x0,0	  x0:0x00000000
      18445.000 ns	      1843	80000894	00ef3bb3	sltu	x23,x30,x14	 x30:0x00000000 x14:0xe00103f9 x23=0x00000001
      18455.000 ns	      1844	80000898	6da77b93	andi	x23,x14,1754	 x14:0xe00103f9 x23=0x000002d8
      18465.000 ns	      1845	8000089c	019bc633	xor	x12,x23,x25	 x23:0x00000001 x25:0x80040840 x12=0x80040a98
      18485.000 ns	      1847	800008a0	e0080ad3	fmv.x.w	x21,f16	 f16:0x00000001 x21=0x00000001
      18515.000 ns	      1850	800008a4	c004f253	fcvt.w.s	x4,f9	  f9:0xc2800000  x4=0x00000040
      18555.000 ns	      1854	800008a8	11c57ad3	fmul.s	f21,f10,f28	 f10:0x80540218 f28:0x00000000 f21=0x80000000
      18575.000 ns	      1856	800008ac	00000013	addi	x0,x0,0	  x0:0x00000000
      18615.000 ns	      1860	800008b0	016bf2d3	fadd.s	f5,f23,f22	 f23:0x00000000 f22:0xcd0a35e7  f5=0xcd0a35e7
      18645.000 ns	      1863	800008b4	d01fcfd3	fcvt.s.wu	f31,x31	 x31:0x7f7fffb7 f31=0x4efeffff
      18675.000 ns	      1866	800008b8	29dc0a53	fmin.s	f20,f24,f29	 f24:0x00000000 f29:0x42800000 f20=0x00000000
      18695.000 ns	      1868	800008bc	00388333	add	x6,x17,x3	 x17:0x8c9b1848  x3:0x0a354848  x6=0x96d06090
      18715.000 ns	      1870	800008c0	a0fe15d3	flt.s	x11,f28,f15	 f28:0x00000000 f15:0x3f800000 x11=0x00000001
      18735.000 ns	      1872	800008c4	01aa9793	slli	x15,x21,0x1a	 x21:0x00000001 x15=0x04000000
      18745.000 ns	      1873	800008c8	58963813	sltiu	x16,x12,1417	 x12:0x80040a98 x16=0x00000000
      18755.000 ns	      1874	800008cc	6e318013	addi	x0,x3,1763	  x3:0x0a354848
      18765.000 ns	      1875	800008d0	0124c733	xor	x14,x9,x18	  x9:0x00000000 x18:0x00000040 x14=0x00000040
      18775.000 ns	      1876	800008d4	395dbc13	sltiu	x24,x27,917	 x27:0x80040fe4 x24=0x00000000
      19105.000 ns	      1909	800008d8	18a7f5d3	fdiv.s	f11,f15,f10	 f15:0x3f800000 f10:0x80540218 f11=0xfe34b4b6
      19125.000 ns	      1911	800008dc	9a2bbc17	auipc	x24,0x9a2bb	 x24=0x1a2bb8dc
      19145.000 ns	      1913	800008e0	29430e53	fmin.s	f28,f6,f20	  f6:0x00000001 f20:0x00000000 f28=0x00000000
      19195.000 ns	      1918	800008e4	08fa3453	fsub.s	f8,f20,f15	 f20:0x00000000 f15:0x3f800000  f8=0xbf800000
      19235.000 ns	      1922	800008e8	18327853	fdiv.s	f16,f4,f3	  f4:0xcd0a35e7  f3:0x7fc00000 f16=0x7fc00000
      19265.000 ns	      1925	800008ec	f0028bd3	fmv.w.x	f23,x5	  x5:0x80041024 f23=0x80041024
      19295.000 ns	      1928	800008f0	d01f41d3	fcvt.s.wu	f3,x30	 x30:0x00000000  f3=0x00000000
      19325.000 ns	      1931	800008f4	c00371d3	fcvt.w.s	x3,f6	  f6:0x00000001  x3=0x00000000
      19355.000 ns	      1934	800008f8	f00e88d3	fmv.w.x	f17,x29	 x29:0x8004155b f17=0x8004155b
      19375.000 ns	      1936	800008fc	01a99793	slli	x15,x19,0x1a	 x19:0x01fdfffe x15=0xf8000000
      19385.000 ns	      1937	80000900	00c851b3	srl	x3,x16,x12	 x16:0x00000000 x12:0x80040a98  x3=0x00000000
      19415.000 ns	      1940	80000904	119e8353	fmul.s	f6,f29,f25	 f29:0x42800000 f25:0x1f350483  f6=0x22350484
      19785.000 ns	      1977	80000908	0215cc33	div	x24,x11,x1	 x11:0x00000001  x1:0x10c61730 x24=0x00000000
      19815.000 ns	      1980	8000090c	03a2a0b3	mulhsu	x1,x5,x26	  x5:0x80041024 x26:0x00000000  x1=0x00000000
      19845.000 ns	      1983	80000910	a0479ad3	flt.s	x21,f15,f4	 f15:0x3f800000  f4:0xcd0a35e7 x21=0x00000000
      19875.000 ns	      1986	80000914	d0167cd3	fcvt.s.wu	f25,x12	 x12:0x80040a98 f25=0x4f00040a
      19905.000 ns	      1989	80000918	c00cfd53	fcvt.w.s	x26,f25	 f25:0x1f350483 x26=0x7fffffff
      19955.000 ns	      1994	8000091c	00258553	fadd.s	f10,f11,f2	 f11:0xfe34b4b6  f2:0x00000000 f10=0xfe34b4b6
      19985.000 ns	      1997	80000920	e0009fd3	fclass.s	x31,f1	  f1:0xd00a35e8 x31=0x00000002
      20015.000 ns	      2000	80000924	d0097753	fcvt.s.w	f14,x18	 x18:0x00000040 f14=0x42800000
      20045.000 ns	      2003	80000928	a04f8ad3	fle.s	x21,f31,f4	 f31:0x4efeffff  f4:0xcd0a35e7 x21=0x00000000
      20415.000 ns	      2040	8000092c	03987b33	remu	x22,x16,x25	 x16:0x00000000 x25:0x80040840 x22=0x00000000
      20435.000 ns	      2042	80000930	41e6d133	sra	x2,x13,x30	 x13:0xffffff1c x30:0x00000000  x2=0xffffff1c
      20455.000 ns	      2044	80000934	02e31e33	mulh	x28,x6,x14	  x6:0x96d06090 x14:0x00000040 x28=0xffffffe5
      20475.000 ns	      2046	80000938	8145bab7	lui	x21,0x8145b	 x21=0x8145b000
      20495.000 ns	      2048	8000093c	219d2353	fsgnjx.s	f6,f26,f25	 f26:0x00000000 f25:0x4f00040a  f6=0x00000000
      20515.000 ns	      2050	80000940	0174c933	xor	x18,x9,x23	  x9:0x00000000 x23:0x000002d8 x18=0x000002d8
      20525.000 ns	      2051	80000944	00da5093	srli	x1,x20,0xd	 x20:0x80040fe4  x1=0x00040020
      20545.000 ns	      2053	80000948	21551153	fsgnjn.s	f2,f10,f21	 f10:0xfe34b4b6 f21:0x80000000  f2=0x7e34b4b6
      20575.000 ns	      2056	8000094c	28ba0853	fmin.s	f16,f20,f11	 f20:0x00000000 f11:0xfe34b4b6 f16=0xfe34b4b6
      20945.000 ns	      2093	80000950	03177d33	remu	x26,x14,x17	 x14:0x00000040 x17:0x8c9b1848 x26=0x00000040
      20975.000 ns	      2096	80000954	e0040953	fmv.x.w	x18,f8	  f8:0xbf800000 x18=0xbf800000
      21005.000 ns	      2099	80000958	035524b3	mulhsu	x9,x10,x21	 x10:0xf75ca184 x21:0x8145b000  x9=0xfba3536a
      21025.000 ns	      2101	8000095c	00cf0cb3	add	x25,x30,x12	 x30:0x00000000 x12:0x80040a98 x25=0x80040a98
      21045.000 ns	      2103	80000960	f00a8953	fmv.w.x	f18,x21	 x21:0x8145b000 f18=0x8145b000
      21095.000 ns	      2108	80000964	08da7d53	fsub.s	f26,f20,f13	 f20:0x00000000 f13:0x7f800000 f26=0xff800000
      21115.000 ns	      2110	80000968	00000013	addi	x0,x0,0	  x0:0x00000000
      21135.000 ns	      2112	8000096c	e00b1953	fclass.s	x18,f22	 f22:0xcd0a35e7 x18=0x00000002
      21165.000 ns	      2115	80000970	a1548653	fle.s	x12,f9,f21	  f9:0xc2800000 f21:0x80000000 x12=0x00000001
      21185.000 ns	      2117	80000974	011ec133	xor	x2,x29,x17	 x29:0x8004155b x17:0x8c9b1848  x2=0x0c9f0d13
      21545.000 ns	      2153	80000978	0348f333	remu	x6,x17,x20	 x17:0x8c9b1848 x20:0x80040fe4  x6=0x0c970864
      21565.000 ns	      2155	8000097c	c2ceea93	ori	x21,x29,-980	 x29:0x8004155b x21=0xfffffd7f
      21605.000 ns	      2159	80000980	08459553	fsub.s	f10,f11,f4	 f11:0xfe34b4b6  f4:0xcd0a35e7 f10=0xfe34b4b6
      21625.000 ns	      2161	80000984	ff4d7213	andi	x4,x26,-12	 x26:0x00000040  x4=0x00000040
      21635.000 ns	      2162	80000988	1a9fc117	auipc	x2,0x1a9fc	  x2=0x9a9fc988
      21645.000 ns	      2163	8000098c	40555193	srai	x3,x10,0x5	 x10:0xf75ca184  x3=0xffbae50c
      21655.000 ns	      2164	80000990	409153b3	sra	x7,x2,x9	  x2:0x0c9f0d13  x9:0xfba3536a  x7=0xffe6a7f2
      21665.000 ns	      2165	80000994	4aa34613	xori	x12,x6,1194	  x6:0x0c970864 x12=0x0c970cce
      21675.000 ns	      2166	80000998	62d77e93	andi	x29,x14,1581	 x14:0x00000040 x29=0x00000000
      21685.000 ns	      2167	8000099c	01315713	srli	x14,x2,0x13	  x2:0x9a9fc988 x14=0x00001353
      21695.000 ns	      2168	800009a0	41c05093	srai	x1,x0,0x1c	  x0:0x00000000  x1=0x00000000
      21705.000 ns	      2169	800009a4	00b975b3	and	x11,x18,x11	 x18:0x00000002 x11:0x00000001 x11=0x00000000
      21715.000 ns	      2170	800009a8	00d12fb3	slt	x31,x2,x13	  x2:0x9a9fc988 x13:0xffffff1c x31=0x00000001
      21735.000 ns	      2172	800009ac	03da9833	mulh	x16,x21,x29	 x21:0xfffffd7f x29:0x00000000 x16=0x00000000
      21755.000 ns	      2174	800009b0	013094b3	sll	x9,x1,x19	  x1:0x00000000 x19:0x01fdfffe  x9=0x00000000
      21765.000 ns	      2175	800009b4	01d56a33	or	x20,x10,x29	 x10:0xf75ca184 x29:0x00000000 x20=0xf75ca184
      21795.000 ns	      2178	800009b8	1153fe53	fmul.s	f28,f7,f21	  f7:0xff800000 f21:0x80000000 f28=0x7fc00000
      21815.000 ns	      2180	800009bc	df7cb793	sltiu	x15,x25,-521	 x25:0x80040a98 x15=0x00000001
      21825.000 ns	      2181	800009c0	00000013	addi	x0,x0,0	  x0:0x00000000
      21835.000 ns	      2182	800009c4	64c0f893	andi	x17,x1,1612	  x1:0x00000000 x17=0x00000000
      21845.000 ns	      2183	800009c8	009bf133	and	x2,x23,x9	 x23:0x000002d8  x9:0x00000000  x2=0x00000000
      21865.000 ns	      2185	800009cc	c0167253	fcvt.wu.s	x4,f12	 f12:0x7f800000  x4=0xffffffff
      21885.000 ns	      2187	800009d0	f0c48993	addi	x19,x9,-244	  x9:0x00000000 x19=0xffffff0c
      21895.000 ns	      2188	800009d4	026f4993	xori	x19,x30,38	 x30:0x00000000 x19=0x00000026
      21905.000 ns	      2189	800009d8	010bce33	xor	x28,x23,x16	 x23:0x000002d8 x16:0x00000000 x28=0x000002d8
      21915.000 ns	      2190	800009dc	acc7fe93	andi	x29,x15,-1332	 x15:0x00000001 x29=0x00000000
      21925.000 ns	      2191	800009e0	01cb5c33	srl	x24,x22,x28	 x22:0x00000000 x28:0xffffffe5 x24=0x00000000
      21945.000 ns	      2193	800009e4	a02a0b53	fle.s	x22,f20,f2	 f20:0x00000000  f2:0x7e34b4b6 x22=0x00000001
      21965.000 ns	      2195	800009e8	a6b42613	slti	x12,x8,-1429	  x8:0xc5ac2000 x12=0x00000001
      21995.000 ns	      2198	800009ec	580f73d3	fsqrt.s	f7,f30	 f30:0x00000000  f7=0x00000000
      22025.000 ns	      2201	800009f0	201188d3	fsgnj.s	f17,f3,f1	  f3:0x00000000  f1:0xd00a35e8 f17=0x80000000
      22045.000 ns	      2203	800009f4	004919b3	sll	x19,x18,x4	 x18:0x00000002  x4:0xffffffff x19=0x00000000
      22065.000 ns	      2205	800009f8	a16e2f53	feq.s	x30,f28,f22	 f28:0x7fc00000 f22:0xcd0a35e7 x30=0x00000000
      22085.000 ns	      2207	800009fc	00000013	addi	x0,x0,0	  x0:0x00000000
      22095.000 ns	      2208	80000a00	ce7e8493	addi	x9,x29,-793	 x29:0x00000000  x9=0xfffffce7
      22105.000 ns	      2209	80000a04	64a17213	andi	x4,x2,1610	  x2:0x00000000  x4=0x00000000
      22125.000 ns	      2211	80000a08	033430b3	mulhu	x1,x8,x19	  x8:0xc5ac2000 x19:0x00000000  x1=0x00000000
      22165.000 ns	      2215	80000a0c	580949d3	fsqrt.s	f19,f18	 f18:0x8145b000 f19=0x7fc00000
      22195.000 ns	      2218	80000a10	a0992a53	feq.s	x20,f18,f9	 f18:0x8145b000  f9:0xc2800000 x20=0x00000000
      22215.000 ns	      2220	80000a14	00000013	addi	x0,x0,0	  x0:0x00000000
      22235.000 ns	      2222	80000a18	024cdb33	divu	x22,x25,x4	 x25:0x80040a98  x4:0x00000000 x22=0xffffffff
      22285.000 ns	      2227	80000a1c	08967fd3	fsub.s	f31,f12,f9	 f12:0x7f800000  f9:0xc2800000 f31=0x7f800000
      22315.000 ns	      2230	80000a20	e00d9453	fclass.s	x8,f27	 f27:0xffc00000  x8=0x00000200
      22335.000 ns	      2232	80000a24	00dfee33	or	x28,x31,x13	 x31:0x00000001 x13:0xffffff1c x28=0xffffff1d
      22355.000 ns	      2234	80000a28	e00f0853	fmv.x.w	x16,f30	 f30:0x00000000 x16=0x00000000
      22385.000 ns	      2237	80000a2c	d00e7dd3	fcvt.s.w	f27,x28	 x28:0x000002d8 f27=0xc3630000
      22415.000 ns	      2240	80000a30	039db4b3	mulhu	x9,x27,x25	 x27:0x80040fe4 x25:0x80040a98  x9=0x40040d4e
      22445.000 ns	      2243	80000a34	a1b09bd3	flt.s	x23,f1,f27	  f1:0xd00a35e8 f27:0xc3630000 x23=0x00000001
      22465.000 ns	      2245	80000a38	01673933	sltu	x18,x14,x22	 x14:0x00001353 x22:0xffffffff x18=0x00000001
      22825.000 ns	      2281	80000a3c	036acb33	div	x22,x21,x22	 x21:0xfffffd7f x22:0xffffffff x22=0x00000281
      23195.000 ns	      2318	80000a40	02a9d5b3	divu	x11,x19,x10	 x19:0x00000000 x10:0xf75ca184 x11=0x00000000
      23235.000 ns	      2322	80000a44	1954f4d3	fdiv.s	f9,f9,f21	  f9:0xc2800000 f21:0x80000000  f9=0x7f800000
      23255.000 ns	      2324	80000a48	00000013	addi	x0,x0,0	  x0:0x00000000
      23275.000 ns	      2326	80000a4c	e00b1cd3	fclass.s	x25,f22	 f22:0xcd0a35e7 x25=0x00000002
      23295.000 ns	      2328	80000a50	00e220b3	slt	x1,x4,x14	  x4:0x00000000 x14:0x00001353  x1=0x00000001
      23305.000 ns	      2329	80000a54	01e1e333	or	x6,x3,x30	  x3:0xffbae50c x30:0x00000000  x6=0xffbae50c
      23315.000 ns	      2330	80000a58	159b1cb7	lui	x25,0x159b1	 x25=0x159b1000
      23325.000 ns	      2331	80000a5c	00028c33	add	x24,x5,x0	  x5:0x80041024  x0:0x00000000 x24=0x80041024
      23335.000 ns	      2332	80000a60	00000013	addi	x0,x0,0	  x0:0x00000000
      23355.000 ns	      2334	80000a64	020941b3	div	x3,x18,x0	 x18:0x00000001  x0:0x00000000  x3=0xffffffff
      23385.000 ns	      2337	80000a68	021b8333	mul	x6,x23,x1	 x23:0x00000001  x1:0x00000001  x6=0x00000001
      23405.000 ns	      2339	80000a6c	00bf2ab3	slt	x21,x30,x11	 x30:0x00000000 x11:0x00000000 x21=0x00000000
      23415.000 ns	      2340	80000a70	b3696493	ori	x9,x18,-1226	 x18:0x00000001  x9=0xfffffb37
      23425.000 ns	      2341	80000a74	ae107217	auipc	x4,0xae107	  x4=0x2e107a74
      23435.000 ns	      2342	80000a78	01556e33	or	x28,x10,x21	 x10:0xf75ca184 x21:0x00000000 x28=0xf75ca184
      23795.000 ns	      2378	80000a7c	021ddb33	divu	x22,x27,x1	 x27:0x80040fe4  x1:0x00000001 x22=0x80040fe4
      23835.000 ns	      2382	80000a80	1124fcd3	fmul.s	f25,f9,f18	  f9:0x7f800000 f18:0x8145b000 f25=0xff800000
      23865.000 ns	      2385	80000a84	c0177ad3	fcvt.wu.s	x21,f14	 f14:0x42800000 x21=0x00000040
      23885.000 ns	      2387	80000a88	001ad013	srli	x0,x21,0x1	 x21:0x00000000
      23895.000 ns	      2388	80000a8c	01e98eb3	add	x29,x19,x30	 x19:0x00000000 x30:0x00000000 x29=0x00000000
      23915.000 ns	      2390	80000a90	a0d50453	fle.s	x8,f10,f13	 f10:0xfe34b4b6 f13:0x7f800000  x8=0x00000001
      23935.000 ns	      2392	80000a94	01d320b3	slt	x1,x6,x29	  x6:0x00000001 x29:0x00000000  x1=0x00000000
      23955.000 ns	      2394	80000a98	a0411cd3	flt.s	x25,f2,f4	  f2:0x7e34b4b6  f4:0xcd0a35e7 x25=0x00000000
      23985.000 ns	      2397	80000a9c	28cc1953	fmax.s	f18,f24,f12	 f24:0x00000000 f12:0x7f800000 f18=0x7f800000
      24015.000 ns	      2400	80000aa0	d01924d3	fcvt.s.wu	f9,x18	 x18:0x00000001  f9=0x3f800000
      24035.000 ns	      2402	80000aa4	016830b3	sltu	x1,x16,x22	 x16:0x00000000 x22:0x80040fe4  x1=0x00000001
      24045.000 ns	      2403	80000aa8	010624b3	slt	x9,x12,x16	 x12:0x00000001 x16:0x00000000  x9=0x00000000
      24055.000 ns	      2404	80000aac	ac0fb237	lui	x4,0xac0fb	  x4=0xac0fb000
      24065.000 ns	      2405	80000ab0	00077233	and	x4,x14,x0	 x14:0x00001353  x0:0x00000000  x4=0x00000000
      24085.000 ns	      2407	80000ab4	a0a00f53	fle.s	x30,f0,f10	  f0:0x00000000 f10:0xfe34b4b6 x30=0x00000000
      24105.000 ns	      2409	80000ab8	9745b713	sltiu	x14,x11,-1676	 x11:0x00000000 x14=0x00000001
      24115.000 ns	      2410	80000abc	4195d333	sra	x6,x11,x25	 x11:0x00000000 x25:0x00000000  x6=0x00000000
      24135.000 ns	      2412	80000ac0	e00d9253	fclass.s	x4,f27	 f27:0xc3630000  x4=0x00000002
      24185.000 ns	      2417	80000ac4	0133b2d3	fadd.s	f5,f7,f19	  f7:0x00000000 f19:0x7fc00000  f5=0x7fc00000
      24205.000 ns	      2419	80000ac8	00fca0b3	slt	x1,x25,x15	 x25:0x00000000 x15:0x00000001  x1=0x00000001
      24225.000 ns	      2421	80000acc	212b0bd3	fsgnj.s	f23,f22,f18	 f22:0xcd0a35e7 f18:0x7f800000 f23=0x4d0a35e7
      24255.000 ns	      2424	80000ad0	a069acd3	feq.s	x25,f19,f6	 f19:0x7fc00000  f6:0x00000000 x25=0x00000000
      24275.000 ns	      2426	80000ad4	00d21813	slli	x16,x4,0xd	  x4:0x00000002 x16=0x00004000
      24285.000 ns	      2427	80000ad8	00301bb3	sll	x23,x0,x3	  x0:0x00000000  x3:0xffffffff x23=0x00000000
      24295.000 ns	      2428	80000adc	01c0ffb3	and	x31,x1,x28	  x1:0x00000001 x28:0xf75ca184 x31=0x00000000
      24625.000 ns	      2461	80000ae0	18f092d3	fdiv.s	f5,f1,f15	  f1:0xd00a35e8 f15:0x3f800000  f5=0xd00a357c
      24645.000 ns	      2463	80000ae4	4205a993	slti	x19,x11,1056	 x11:0x00000000 x19=0x00000001
      24665.000 ns	      2465	80000ae8	a0b7a5d3	feq.s	x11,f15,f11	 f15:0x3f800000 f11:0xfe34b4b6 x11=0x00000000
      24685.000 ns	      2467	80000aec	00000013	addi	x0,x0,0	  x0:0x00000000
      24695.000 ns	      2468	80000af0	6be76e13	ori	x28,x14,1726	 x14:0x00000001 x28=0x000006bf
      24715.000 ns	      2470	80000af4	206f0653	fsgnj.s	f12,f30,f6	 f30:0x00000000  f6:0x00000000 f12=0x00000000
      24745.000 ns	      2473	80000af8	03839ab3	mulh	x21,x7,x24	  x7:0xffe6a7f2 x24:0x80041024 x21=0x000caba0
      24765.000 ns	      2475	80000afc	4a00ee93	ori	x29,x1,1184	  x1:0x00000001 x29=0x000004a1
      24805.000 ns	      2479	80000b00	086e26d3	fsub.s	f13,f28,f6	 f28:0x7fc00000  f6:0x00000000 f13=0x7fc00000
      24835.000 ns	      2482	80000b04	a103af53	feq.s	x30,f7,f16	  f7:0x00000000 f16:0xfe34b4b6 x30=0x00000000
      24855.000 ns	      2484	80000b08	00000013	addi	x0,x0,0	  x0:0x00000000
      25215.000 ns	      2520	80000b0c	03b063b3	rem	x7,x0,x27	  x0:0x00000000 x27:0x80040fe4  x7=0x00000000
      25245.000 ns	      2523	80000b10	e00c11d3	fclass.s	x3,f24	 f24:0x00000000  x3=0x00000010
      25265.000 ns	      2525	80000b14	40a80d33	sub	x26,x16,x10	 x16:0x00004000 x10:0xf75ca184 x26=0x08a39e7c
      25275.000 ns	      2526	80000b18	002f5913	srli	x18,x30,0x2	 x30:0x00000000 x18=0x00000000
      25295.000 ns	      2528	80000b1c	a1c92d53	feq.s	x26,f18,f28	 f18:0x7f800000 f28:0x7fc00000 x26=0x00000000
      25325.000 ns	      2531	80000b20	030113b3	mulh	x7,x2,x16	  x2:0x00000000 x16:0x00004000  x7=0x00000000
      25345.000 ns	      2533	80000b24	011589b3	add	x19,x11,x17	 x11:0x00000000 x17:0x00000000 x19=0x00000000
      25355.000 ns	      2534	80000b28	00f23333	sltu	x6,x4,x15	  x4:0x00000002 x15:0x00000001  x6=0x00000000
      25375.000 ns	      2536	80000b2c	f0068ed3	fmv.w.x	f29,x13	 x13:0xffffff1c f29=0xffffff1c
      25405.000 ns	      2539	80000b30	d01a0dd3	fcvt.s.wu	f27,x20	 x20:0x00000000 f27=0x00000000
      25425.000 ns	      2541	80000b34	8b18cc13	xori	x24,x17,-1871	 x17:0x00000000 x24=0xfffff8b1
      25435.000 ns	      2542	80000b38	00004433	xor	x8,x0,x0	  x0:0x00000000  x0:0x00000000  x8=0x00000000
      25445.000 ns	      2543	80000b3c	001f5613	srli	x12,x30,0x1	 x30:0x00000000 x12=0x00000000
      25455.000 ns	      2544	80000b40	ad3065b7	lui	x11,0xad306	 x11=0xad306000
      25465.000 ns	      2545	80000b44	41070e33	sub	x28,x14,x16	 x14:0x00000001 x16:0x00004000 x28=0xffffc001
      25485.000 ns	      2547	80000b48	d00ff2d3	fcvt.s.w	f5,x31	 x31:0x00000000  f5=0x00000000
      25525.000 ns	      2551	80000b4c	19707a53	fdiv.s	f20,f0,f23	  f0:0x00000000 f23:0x4d0a35e7 f20=0x00000000
      25555.000 ns	      2554	80000b50	029e2c33	mulhsu	x24,x28,x9	 x28:0xffffc001  x9:0x00000000 x24=0x00000000
      25605.000 ns	      2559	80000b54	08972053	fsub.s	f0,f14,f9	 f14:0x42800000  f9:0x3f800000  f0=0x427c0000
      25625.000 ns	      2561	80000b58	b62fcf93	xori	x31,x31,-1182	 x31:0x00000000 x31=0xfffffb62
      25645.000 ns	      2563	80000b5c	21ddad53	fsgnjx.s	f26,f27,f29	 f27:0x00000000 f29:0xffffff1c f26=0x80000000
      25665.000 ns	      2565	80000b60	0003ec33	or	x24,x7,x0	  x7:0x00000000  x0:0x00000000 x24=0x00000000
      25675.000 ns	      2566	80000b64	728a6eb7	lui	x29,0x728a6	 x29=0x728a6000
      25685.000 ns	      2567	80000b68	32198c13	addi	x24,x19,801	 x19:0x00000000 x24=0x00000321
      25725.000 ns	      2571	80000b6c	08f9afd3	fsub.s	f31,f19,f15	 f19:0x7fc00000 f15:0x3f800000 f31=0x7fc00000
      25745.000 ns	      2573	80000b70	00ccdcb3	srl	x25,x25,x12	 x25:0x00000000 x12:0x00000000 x25=0x00000000
      25765.000 ns	      2575	80000b74	d00bcdd3	fcvt.s.w	f27,x23	 x23:0x00000000 f27=0x00000000
      25795.000 ns	      2578	80000b78	201c2ad3	fsgnjx.s	f21,f24,f1	 f24:0x00000000  f1:0xd00a35e8 f21=0x80000000
      25815.000 ns	      2580	80000b7c	00000013	addi	x0,x0,0	  x0:0x00000000
      25825.000 ns	      2581	80000b80	01582133	slt	x2,x16,x21	 x16:0x00004000 x21:0x000caba0  x2=0x00000001
      25835.000 ns	      2582	80000b84	0122d193	srli	x3,x5,0x12	  x5:0x80041024  x3=0x00002001
      25875.000 ns	      2586	80000b88	008147d3	fadd.s	f15,f2,f8	  f2:0x7e34b4b6  f8:0xbf800000 f15=0x7e34b4b6
      25915.000 ns	      2590	80000b8c	10889b53	fmul.s	f22,f17,f8	 f17:0x80000000  f8:0xbf800000 f22=0x00000000
      26285.000 ns	      2627	80000b90	03f179b3	remu	x19,x2,x31	  x2:0x00000001 x31:0xfffffb62 x19=0x00000001
      26315.000 ns	      2630	80000b94	f00589d3	fmv.w.x	f19,x11	 x11:0xad306000 f19=0xad306000
      26335.000 ns	      2632	80000b98	fabefe13	andi	x28,x29,-85	 x29:0x728a6000 x28=0x728a6000
      26355.000 ns	      2634	80000b9c	207303d3	fsgnj.s	f7,f6,f7	  f6:0x00000000  f7:0x00000000  f7=0x00000000
      26375.000 ns	      2636	80000ba0	0189e5b3	or	x11,x19,x24	 x19:0x00000001 x24:0x00000321 x11=0x00000321
      26385.000 ns	      2637	80000ba4	009cab33	slt	x22,x25,x9	 x25:0x00000000  x9:0x00000000 x22=0x00000000
      26745.000 ns	      2673	80000ba8	03085d33	divu	x26,x16,x16	 x16:0x00004000 x16:0x00004000 x26=0x00000001
      26765.000 ns	      2675	80000bac	016d0fb3	add	x31,x26,x22	 x26:0x00000000 x22:0x80040fe4 x31=0x00000001
      26785.000 ns	      2677	80000bb0	e00304d3	fmv.x.w	x9,f6	  f6:0x00000000  x9=0x00000000
      26815.000 ns	      2680	80000bb4	28228153	fmin.s	f2,f5,f2	  f5:0x00000000  f2:0x7e34b4b6  f2=0x00000000
      26835.000 ns	      2682	80000bb8	e031fd13	andi	x26,x3,-509	  x3:0x00002001 x26=0x00002001
      26855.000 ns	      2684	80000bbc	e00198d3	fclass.s	x17,f3	  f3:0x00000000 x17=0x00000010
      26885.000 ns	      2687	80000bc0	a1521fd3	flt.s	x31,f4,f21	  f4:0xcd0a35e7 f21:0x80000000 x31=0x00000001
      26915.000 ns	      2690	80000bc4	29550c53	fmin.s	f24,f10,f21	 f10:0xfe34b4b6 f21:0x80000000 f24=0xfe34b4b6
      26935.000 ns	      2692	80000bc8	d7bf29b7	lui	x19,0xd7bf2	 x19=0xd7bf2000
      26955.000 ns	      2694	80000bcc	c01c7e53	fcvt.wu.s	x28,f24	 f24:0xfe34b4b6 x28=0x00000000
      26975.000 ns	      2696	80000bd0	4150d6b3	sra	x13,x1,x21	  x1:0x00000001 x21:0x000caba0 x13=0x00000001
      26985.000 ns	      2697	80000bd4	00000013	addi	x0,x0,0	  x0:0x00000000
      26995.000 ns	      2698	80000bd8	41c05893	srai	x17,x0,0x1c	  x0:0x00000000 x17=0x00000000
      27005.000 ns	      2699	80000bdc	2ca7e993	ori	x19,x15,714	 x15:0x00000001 x19=0x000002cb
      27045.000 ns	      2703	80000be0	09751653	fsub.s	f12,f10,f23	 f10:0xfe34b4b6 f23:0x4d0a35e7 f12=0xfe34b4b6
      27075.000 ns	      2706	80000be4	c001c853	fcvt.w.s	x16,f3	  f3:0x00000000 x16=0x00000000
      27105.000 ns	      2709	80000be8	a0c626d3	feq.s	x13,f12,f12	 f12:0xfe34b4b6 f12:0xfe34b4b6 x13=0x00000001
      27155.000 ns	      2714	80000bec	01969a53	fadd.s	f20,f13,f25	 f13:0x7fc00000 f25:0xff800000 f20=0x7fc00000
      27175.000 ns	      2716	80000bf0	00000013	addi	x0,x0,0	  x0:0x00000000
      27185.000 ns	      2717	80000bf4	006f46b3	xor	x13,x30,x6	 x30:0x00000000  x6:0x00000000 x13=0x00000000
      27215.000 ns	      2720	80000bf8	102c75d3	fmul.s	f11,f24,f2	 f24:0xfe34b4b6  f2:0x00000000 f11=0x80000000
      27555.000 ns	      2754	80000bfc	18827fd3	fdiv.s	f31,f4,f8	  f4:0xcd0a35e7  f8:0xbf800000 f31=0x4c8eee06
      27585.000 ns	      2757	80000c00	e00013d3	fclass.s	x7,f0	  f0:0x427c0000  x7=0x00000040
      27605.000 ns	      2759	80000c04	40f95a33	sra	x20,x18,x15	 x18:0x00000000 x15:0x00000001 x20=0x00000000
      27635.000 ns	      2762	80000c08	19a841d3	fdiv.s	f3,f16,f26	 f16:0xfe34b4b6 f26:0x80000000  f3=0x7f800000
      27655.000 ns	      2764	80000c0c	31fba893	slti	x17,x23,799	 x23:0x00000000 x17=0x00000001
      27675.000 ns	      2766	80000c10	a0df8053	fle.s	x0,f31,f13	 f31:0x4c8eee06 f13:0x7fc00000
      27705.000 ns	      2769	80000c14	d015f953	fcvt.s.wu	f18,x11	 x11:0x00000321 f18=0x44484000
      27735.000 ns	      2772	80000c18	f0088dd3	fmv.w.x	f27,x17	 x17:0x00000001 f27=0x00000001
      27755.000 ns	      2774	80000c1c	00000013	addi	x0,x0,0	  x0:0x00000000
      27765.000 ns	      2775	80000c20	a6616eb7	lui	x29,0xa6616	 x29=0xa6616000
      27775.000 ns	      2776	80000c24	409ad113	srai	x2,x21,0x9	 x21:0x000caba0  x2=0x00000655
      27795.000 ns	      2778	80000c28	028fe1b3	rem	x3,x31,x8	 x31:0x00000001  x8:0x00000000  x3=0x00000001
      27825.000 ns	      2781	80000c2c	a0b008d3	fle.s	x17,f0,f11	  f0:0x427c0000 f11:0x80000000 x17=0x00000000
      27845.000 ns	      2783	80000c30	0004deb3	srl	x29,x9,x0	  x9:0x00000000  x0:0x00000000 x29=0x00000000
      27865.000 ns	      2785	80000c34	21da28d3	fsgnjx.s	f17,f20,f29	 f20:0x7fc00000 f29:0xffffff1c f17=0xffc00000
      27885.000 ns	      2787	80000c38	05b3ee37	lui	x28,0x5b3e	 x28=0x05b3e000
      27905.000 ns	      2789	80000c3c	d005f553	fcvt.s.w	f10,x11	 x11:0x00000321 f10=0x44484000
      27925.000 ns	      2791	80000c40	00e4ef33	or	x30,x9,x14	  x9:0x00000000 x14:0x00000001 x30=0x00000001
      27935.000 ns	      2792	80000c44	01599c93	slli	x25,x19,0x15	 x19:0x000002cb x25=0x59600000
      27955.000 ns	      2794	80000c48	21bea653	fsgnjx.s	f12,f29,f27	 f29:0xffffff1c f27:0x00000001 f12=0xffffff1c
      27985.000 ns	      2797	80000c4c	21d104d3	fsgnj.s	f9,f2,f29	  f2:0x00000000 f29:0xffffff1c  f9=0x80000000
      28005.000 ns	      2799	80000c50	26433a13	sltiu	x20,x6,612	  x6:0x00000000 x20=0x00000001
      28025.000 ns	      2801	80000c54	03b623b3	mulhsu	x7,x12,x27	 x12:0x00000000 x27:0x80040fe4  x7=0x00000000
      28045.000 ns	      2803	80000c58	415f8c33	sub	x24,x31,x21	 x31:0x00000001 x21:0x000caba0 x24=0xfff35461
      28065.000 ns	      2805	80000c5c	032dc8b3	div	x17,x27,x18	 x27:0x80040fe4 x18:0x00000000 x17=0xffffffff
      28095.000 ns	      2808	80000c60	205dacd3	fsgnjx.s	f25,f27,f5	 f27:0x00000001  f5:0x00000000 f25=0x00000001
      28125.000 ns	      2811	80000c64	03624bb3	div	x23,x4,x22	  x4:0x00000002 x22:0x00000000 x23=0xffffffff
      28145.000 ns	      2813	80000c68	00eb5493	srli	x9,x22,0xe	 x22:0x00000000  x9=0x00000000
      28165.000 ns	      2815	80000c6c	e0061253	fclass.s	x4,f12	 f12:0xffffff1c  x4=0x00000200
      28535.000 ns	      2852	80000c70	02b343b3	div	x7,x6,x11	  x6:0x00000000 x11:0x00000321  x7=0x00000000
      28555.000 ns	      2854	80000c74	dd3f3cb7	lui	x25,0xdd3f3	 x25=0xdd3f3000
      28575.000 ns	      2856	80000c78	a199a453	feq.s	x8,f19,f25	 f19:0xad306000 f25:0x00000001  x8=0x00000000
      28945.000 ns	      2893	80000c7c	03ff76b3	remu	x13,x30,x31	 x30:0x00000001 x31:0x00000001 x13=0x00000000
      28975.000 ns	      2896	80000c80	027cbe33	mulhu	x28,x25,x7	 x25:0xdd3f3000  x7:0x00000000 x28=0x00000000
      28995.000 ns	      2898	80000c84	402c8233	sub	x4,x25,x2	 x25:0xdd3f3000  x2:0x00000655  x4=0xdd3f29ab
      29015.000 ns	      2900	80000c88	02a233b3	mulhu	x7,x4,x10	  x4:0x00000200 x10:0xf75ca184  x7=0xd5c7ff7d
      29045.000 ns	      2903	80000c8c	c01ef753	fcvt.wu.s	x14,f29	 f29:0xffffff1c x14=0xffffffff
      29065.000 ns	      2905	80000c90	00ba4233	xor	x4,x20,x11	 x20:0x00000001 x11:0x00000321  x4=0x00000320
      29085.000 ns	      2907	80000c94	022bb3b3	mulhu	x7,x23,x2	 x23:0xffffffff  x2:0x00000655  x7=0x00000654
      29125.000 ns	      2911	80000c98	580d7d53	fsqrt.s	f26,f26	 f26:0x80000000 f26=0x80000000
      29155.000 ns	      2914	80000c9c	03ff3cb3	mulhu	x25,x30,x31	 x30:0x00000001 x31:0x00000001 x25=0x00000000
      29175.000 ns	      2916	80000ca0	00000013	addi	x0,x0,0	  x0:0x00000000
      29185.000 ns	      2917	80000ca4	c5f2eb13	ori	x22,x5,-929	  x5:0x80041024 x22=0xfffffc7f
      29205.000 ns	      2919	80000ca8	f00082d3	fmv.w.x	f5,x1	  x1:0x00000001  f5=0x00000001
      29255.000 ns	      2924	80000cac	097b39d3	fsub.s	f19,f22,f23	 f22:0x00000000 f23:0x4d0a35e7 f19=0xcd0a35e7
      29285.000 ns	      2927	80000cb0	287197d3	fmax.s	f15,f3,f7	  f3:0x7f800000  f7:0x00000000 f15=0x7f800000
      29335.000 ns	      2932	80000cb4	01b37353	fadd.s	f6,f6,f27	  f6:0x00000000 f27:0x00000001  f6=0x00000001
      29365.000 ns	      2935	80000cb8	a0862ad3	feq.s	x21,f12,f8	 f12:0xffffff1c  f8:0xbf800000 x21=0x00000000
      29385.000 ns	      2937	80000cbc	c8d5fb93	andi	x23,x11,-883	 x11:0x00000321 x23=0x00000001
      29395.000 ns	      2938	80000cc0	41b98c33	sub	x24,x19,x27	 x19:0x000002cb x27:0x80040fe4 x24=0x7ffbf2e7
      29415.000 ns	      2940	80000cc4	a13c8853	fle.s	x16,f25,f19	 f25:0x00000001 f19:0xcd0a35e7 x16=0x00000000
      29435.000 ns	      2942	80000cc8	008eab33	slt	x22,x29,x8	 x29:0x00000000  x8:0x00000000 x22=0x00000000
      29445.000 ns	      2943	80000ccc	010a5a33	srl	x20,x20,x16	 x20:0x00000001 x16:0x00000000 x20=0x00000001
      29465.000 ns	      2945	80000cd0	d0157c53	fcvt.s.wu	f24,x10	 x10:0xf75ca184 f24=0x4f775ca1
      29485.000 ns	      2947	80000cd4	fb9bd397	auipc	x7,0xfb9bd	  x7=0x7b9bdcd4
      29505.000 ns	      2949	80000cd8	293c1153	fmax.s	f2,f24,f19	 f24:0x4f775ca1 f19:0xcd0a35e7  f2=0x4f775ca1
      29525.000 ns	      2951	80000cdc	71948713	addi	x14,x9,1817	  x9:0x00000000 x14=0x00000719
      29545.000 ns	      2953	80000ce0	03db1cb3	mulh	x25,x22,x29	 x22:0x00000000 x29:0x00000000 x25=0x00000000
      29565.000 ns	      2955	80000ce4	01d7beb3	sltu	x29,x15,x29	 x15:0x00000001 x29:0x00000000 x29=0x00000000
      29585.000 ns	      2957	80000ce8	a1eb1453	flt.s	x8,f22,f30	 f22:0x00000000 f30:0x00000000  x8=0x00000000
      29615.000 ns	      2960	80000cec	21e08d53	fsgnj.s	f26,f1,f30	  f1:0xd00a35e8 f30:0x00000000 f26=0x500a35e8
      29645.000 ns	      2963	80000cf0	03c58fb3	mul	x31,x11,x28	 x11:0x00000321 x28:0x00000000 x31=0x00000000
      29665.000 ns	      2965	80000cf4	002c96b3	sll	x13,x25,x2	 x25:0x00000000  x2:0x00000655 x13=0x00000000
      29685.000 ns	      2967	80000cf8	a1da8b53	fle.s	x22,f21,f29	 f21:0x80000000 f29:0xffffff1c x22=0x00000000
      29705.000 ns	      2969	80000cfc	3ad72b13	slti	x22,x14,941	 x14:0x00000719 x22=0x00000000
      29715.000 ns	      2970	80000d00	4183d013	srai	x0,x7,0x18	  x7:0x7b9bdcd4
      29735.000 ns	      2972	80000d04	28b70153	fmin.s	f2,f14,f11	 f14:0x42800000 f11:0x80000000  f2=0x80000000
      29755.000 ns	      2974	80000d08	017879b3	and	x19,x16,x23	 x16:0x00000000 x23:0x00000001 x19=0x00000000
      29775.000 ns	      2976	80000d0c	f00109d3	fmv.w.x	f19,x2	  x2:0x00000655 f19=0x00000655
      29805.000 ns	      2979	80000d10	0353e633	rem	x12,x7,x21	  x7:0x7b9bdcd4 x21:0x00000000 x12=0x7b9bdcd4
      29835.000 ns	      2982	80000d14	a1252fd3	feq.s	x31,f10,f18	 f10:0x44484000 f18:0x44484000 x31=0x00000001
      29865.000 ns	      2985	80000d18	e00f8cd3	fmv.x.w	x25,f31	 f31:0x4c8eee06 x25=0x4c8eee06
      29885.000 ns	      2987	80000d1c	013b7333	and	x6,x22,x19	 x22:0x00000000 x19:0x00000000  x6=0x00000000
      29895.000 ns	      2988	80000d20	01fabb17	auipc	x22,0x1fab	 x22=0x81fabd20
      29905.000 ns	      2989	80000d24	be1b8b13	addi	x22,x23,-1055	 x23:0x00000001 x22=0xfffffbe2
      29915.000 ns	      2990	80000d28	00ccb9b3	sltu	x19,x25,x12	 x25:0x4c8eee06 x12:0x7b9bdcd4 x19=0x00000001
      29935.000 ns	      2992	80000d2c	02200cb3	mul	x25,x0,x2	  x0:0x00000000  x2:0x00000655 x25=0x00000000
      29965.000 ns	      2995	80000d30	e0069a53	fclass.s	x20,f13	 f13:0x7fc00000 x20=0x00000200
      29985.000 ns	      2997	80000d34	017ca633	slt	x12,x25,x23	 x25:0x00000000 x23:0x00000001 x12=0x00000001
      30005.000 ns	      2999	80000d38	201d8c53	fsgnj.s	f24,f27,f1	 f27:0x00000001  f1:0xd00a35e8 f24=0x80000001
      30035.000 ns	      3002	80000d3c	c006f7d3	fcvt.w.s	x15,f13	 f13:0x7fc00000 x15=0x7fffffff
      30055.000 ns	      3004	80000d40	ad71e193	ori	x3,x3,-1321	  x3:0x00000001  x3=0xfffffad7
      30095.000 ns	      3008	80000d44	08697b53	fsub.s	f22,f18,f6	 f18:0x44484000  f6:0x00000001 f22=0x44484000
      30115.000 ns	      3010	80000d48	0090d693	srli	x13,x1,0x9	  x1:0x00000001 x13=0x00000000
      30125.000 ns	      3011	80000d4c	01e7cbb3	xor	x23,x15,x30	 x15:0x7fffffff x30:0x00000001 x23=0x7ffffffe
      30135.000 ns	      3012	80000d50	40ec5bb3	sra	x23,x24,x14	 x24:0x7ffbf2e7 x14:0x00000719 x23=0x0000003f
      30155.000 ns	      3014	80000d54	d002f5d3	fcvt.s.w	f11,x5	  x5:0x80041024 f11=0xcefff7df
      30185.000 ns	      3017	80000d58	a17a11d3	flt.s	x3,f20,f23	 f20:0x7fc00000 f23:0x4d0a35e7  x3=0x00000000
      30215.000 ns	      3020	80000d5c	02b83cb3	mulhu	x25,x16,x11	 x16:0x00000000 x11:0x00000321 x25=0x00000000
      30245.000 ns	      3023	80000d60	c01d0b53	fcvt.wu.s	x22,f26	 f26:0x500a35e8 x22=0xffffffff
      30265.000 ns	      3025	80000d64	00d877b3	and	x15,x16,x13	 x16:0x00000000 x13:0x00000000 x15=0x00000000
      30275.000 ns	      3026	80000d68	4165dcb3	sra	x25,x11,x22	 x11:0x00000321 x22:0xffffffff x25=0x00000000
      30315.000 ns	      3030	80000d6c	08e5fed3	fsub.s	f29,f11,f14	 f11:0xcefff7df f14:0x42800000 f29=0xcefff7df
      30335.000 ns	      3032	80000d70	d1f33413	sltiu	x8,x6,-737	  x6:0x00000000  x8=0x00000001
      30375.000 ns	      3036	80000d74	013e7ed3	fadd.s	f29,f28,f19	 f28:0x7fc00000 f19:0x00000655 f29=0x7fc00000
      30395.000 ns	      3038	80000d78	0010dab3	srl	x21,x1,x1	  x1:0x00000001  x1:0x00000001 x21=0x00000000
      30415.000 ns	      3040	80000d7c	0352d033	divu	x0,x5,x21	  x5:0x80041024 x21:0x00000000
      30445.000 ns	      3043	80000d80	d0047ad3	fcvt.s.w	f21,x8	  x8:0x00000001 f21=0x3f800000
      30465.000 ns	      3045	80000d84	ce863e93	sltiu	x29,x12,-792	 x12:0x00000001 x29=0x00000001
      30485.000 ns	      3047	80000d88	03e41b33	mulh	x22,x8,x30	  x8:0x00000001 x30:0x00000001 x22=0x00000000
      30515.000 ns	      3050	80000d8c	d01a8253	fcvt.s.wu	f4,x21	 x21:0x00000000  f4=0x00000000
      30535.000 ns	      3052	80000d90	a1407993	andi	x19,x0,-1516	  x0:0x00000000 x19=0x00000000
      30555.000 ns	      3054	80000d94	e0069ed3	fclass.s	x29,f13	 f13:0x7fc00000 x29=0x00000200
      30575.000 ns	      3056	80000d98	e0fea313	slti	x6,x29,-497	 x29:0x00000001  x6=0x00000000
      30595.000 ns	      3058	80000d9c	027330b3	mulhu	x1,x6,x7	  x6:0x00000000  x7:0x7b9bdcd4  x1=0x00000000
      30625.000 ns	      3061	80000da0	e00f95d3	fclass.s	x11,f31	 f31:0x4c8eee06 x11=0x00000040
      30645.000 ns	      3063	80000da4	019dc6b3	xor	x13,x27,x25	 x27:0x80040fe4 x25:0x00000000 x13=0x80040fe4
      30685.000 ns	      3067	80000da8	0132b953	fadd.s	f18,f5,f19	  f5:0x00000001 f19:0x00000655 f18=0x00000656
      30715.000 ns	      3070	80000dac	03dab9b3	mulhu	x19,x21,x29	 x21:0x00000000 x29:0x00000200 x19=0x00000000
      30765.000 ns	      3075	80000db0	09e2f853	fsub.s	f16,f5,f30	  f5:0x00000001 f30:0x00000000 f16=0x00000001
      30795.000 ns	      3078	80000db4	02e5a4b3	mulhsu	x9,x11,x14	 x11:0x00000040 x14:0x00000719  x9=0x00000000
      30815.000 ns	      3080	80000db8	d95b2913	slti	x18,x22,-619	 x22:0x00000000 x18=0x00000000
      30825.000 ns	      3081	80000dbc	00fb2cb3	slt	x25,x22,x15	 x22:0x00000000 x15:0x00000000 x25=0x00000000
      30845.000 ns	      3083	80000dc0	29f71dd3	fmax.s	f27,f14,f31	 f14:0x42800000 f31:0x4c8eee06 f27=0x4c8eee06
      30875.000 ns	      3086	80000dc4	20b31bd3	fsgnjn.s	f23,f6,f11	  f6:0x00000001 f11:0xcefff7df f23=0x00000001
      30905.000 ns	      3089	80000dc8	203887d3	fsgnj.s	f15,f17,f3	 f17:0xffc00000  f3:0x7f800000 f15=0x7fc00000
      30935.000 ns	      3092	80000dcc	c014a5d3	fcvt.wu.s	x11,f9	  f9:0x80000000 x11=0x00000000
      30985.000 ns	      3097	80000dd0	088b74d3	fsub.s	f9,f22,f8	 f22:0x44484000  f8:0xbf800000  f9=0x44488000
      31355.000 ns	      3134	80000dd4	03a8e633	rem	x12,x17,x26	 x17:0xffffffff x26:0x00002001 x12=0xffffffff
      31375.000 ns	      3136	80000dd8	016515b3	sll	x11,x10,x22	 x10:0xf75ca184 x22:0x00000000 x11=0xf75ca184
      31395.000 ns	      3138	80000ddc	e0000953	fmv.x.w	x18,f0	  f0:0x427c0000 x18=0x427c0000
      31765.000 ns	      3175	80000de0	0250fa33	remu	x20,x1,x5	  x1:0x00000000  x5:0x80041024 x20=0x00000000
      31795.000 ns	      3178	80000de4	d0057553	fcvt.s.w	f10,x10	 x10:0xf75ca184 f10=0xcd0a35e7
      31835.000 ns	      3182	80000de8	116940d3	fmul.s	f1,f18,f22	 f18:0x00000656 f22:0x44484000  f1=0x0013d317
      31865.000 ns	      3185	80000dec	c013ce53	fcvt.wu.s	x28,f7	  f7:0x00000000 x28=0x00000000
      31885.000 ns	      3187	80000df0	70e0b893	sltiu	x17,x1,1806	  x1:0x00000000 x17=0x00000001
      31895.000 ns	      3188	80000df4	80570c13	addi	x24,x14,-2043	 x14:0x00000719 x24=0xffffff1e
      31905.000 ns	      3189	80000df8	01b1ceb3	xor	x29,x3,x27	  x3:0x00000000 x27:0x80040fe4 x29=0x80040fe4
      32265.000 ns	      3225	80000dfc	03f1f6b3	remu	x13,x3,x31	  x3:0x00000000 x31:0x00000001 x13=0x00000000
      32285.000 ns	      3227	80000e00	00000013	addi	x0,x0,0	  x0:0x00000000
      32295.000 ns	      3228	80000e04	fe570913	addi	x18,x14,-27	 x14:0x00000719 x18=0x000006fe
      32305.000 ns	      3229	80000e08	406ede33	sra	x28,x29,x6	 x29:0x80040fe4  x6:0x00000000 x28=0x80040fe4
      32315.000 ns	      3230	80000e0c	9a24c193	xori	x3,x9,-1630	  x9:0x00000000  x3=0xfffff9a2
      32335.000 ns	      3232	80000e10	03902433	mulhsu	x8,x0,x25	  x0:0x00000000 x25:0x00000000  x8=0x00000000
      32355.000 ns	      3234	80000e14	01fedb13	srli	x22,x29,0x1f	 x29:0x80040fe4 x22=0x00000001
      32375.000 ns	      3236	80000e18	c00fb853	fcvt.w.s	x16,f31	 f31:0x4c8eee06 x16=0x04777030
      32405.000 ns	      3239	80000e1c	d017f9d3	fcvt.s.wu	f19,x15	 x15:0x00000000 f19=0x00000000
      32435.000 ns	      3242	80000e20	02f26133	rem	x2,x4,x15	  x4:0x00000320 x15:0x00000000  x2=0x00000320
      32465.000 ns	      3245	80000e24	d01188d3	fcvt.s.wu	f17,x3	  x3:0xfffff9a2 f17=0x4f7ffffa
      32495.000 ns	      3248	80000e28	29119d53	fmax.s	f26,f3,f17	  f3:0x7f800000 f17:0xffc00000 f26=0x7f800000
      32535.000 ns	      3252	80000e2c	10f17e53	fmul.s	f28,f2,f15	  f2:0x80000000 f15:0x7fc00000 f28=0x7fc00000
      32565.000 ns	      3255	80000e30	20139653	fsgnjn.s	f12,f7,f1	  f7:0x00000000  f1:0x0013d317 f12=0x80000000
      32595.000 ns	      3258	80000e34	c01ffad3	fcvt.wu.s	x21,f31	 f31:0x4c8eee06 x21=0x04777030
      33775.000 ns	      3376	80000e38	58049b53	fsqrt.s	f22,f9	  f9:0x44488000 f22=0x418dc65d
      33795.000 ns	      3378	80000e3c	81becc13	xori	x24,x29,-2021	 x29:0x80040fe4 x24=0x7ffbf7ff
      34155.000 ns	      3414	80000e40	03b5d033	divu	x0,x11,x27	 x11:0xf75ca184 x27:0x80040fe4
      34175.000 ns	      3416	80000e44	9e5fbe13	sltiu	x28,x31,-1563	 x31:0x00000001 x28=0x00000001
      34185.000 ns	      3417	80000e48	0216f737	lui	x14,0x216f	 x14=0x0216f000
      34195.000 ns	      3418	80000e4c	407fd493	srai	x9,x31,0x7	 x31:0x00000001  x9=0x00000000
      34205.000 ns	      3419	80000e50	63eb9b97	auipc	x23,0x63eb9	 x23=0xe3eb9e50
      34225.000 ns	      3421	80000e54	a1729d53	flt.s	x26,f5,f23	  f5:0x00000001 f23:0x00000001 x26=0x00000000
      34255.000 ns	      3424	80000e58	03380433	mul	x8,x16,x19	 x16:0x04777030 x19:0x00000000  x8=0x00000000
      34285.000 ns	      3427	80000e5c	d007fd53	fcvt.s.w	f26,x15	 x15:0x00000000 f26=0x00000000
      34305.000 ns	      3429	80000e60	01596a33	or	x20,x18,x21	 x18:0x000006fe x21:0x04777030 x20=0x047776fe
      34315.000 ns	      3430	80000e64	41ba54b3	sra	x9,x20,x27	 x20:0x00000000 x27:0x80040fe4  x9=0x0047776f
      34325.000 ns	      3431	80000e68	77553a13	sltiu	x20,x10,1909	 x10:0xf75ca184 x20=0x00000000
      34335.000 ns	      3432	80000e6c	007d9d33	sll	x26,x27,x7	 x27:0x80040fe4  x7:0x7b9bdcd4 x26=0xfe400000
      34355.000 ns	      3434	80000e70	28b69853	fmax.s	f16,f13,f11	 f13:0x7fc00000 f11:0xcefff7df f16=0xcefff7df
      34405.000 ns	      3439	80000e74	0104c153	fadd.s	f2,f9,f16	  f9:0x44488000 f16:0x00000001  f2=0xcefff7d9
      34425.000 ns	      3441	80000e78	48860493	addi	x9,x12,1160	 x12:0xffffffff  x9=0x00000487
      34435.000 ns	      3442	80000e7c	41ebd933	sra	x18,x23,x30	 x23:0xe3eb9e50 x30:0x00000001 x18=0xf1f5cf28
      34455.000 ns	      3444	80000e80	e0059653	fclass.s	x12,f11	 f11:0xcefff7df x12=0x00000002
      34485.000 ns	      3447	80000e84	a00b9e53	flt.s	x28,f23,f0	 f23:0x00000001  f0:0x427c0000 x28=0x00000001
      34515.000 ns	      3450	80000e88	c00af353	fcvt.w.s	x6,f21	 f21:0x3f800000  x6=0x00000001
      34545.000 ns	      3453	80000e8c	28da05d3	fmin.s	f11,f20,f13	 f20:0x7fc00000 f13:0x7fc00000 f11=0x7fc00000
      34565.000 ns	      3455	80000e90	52cb6813	ori	x16,x22,1324	 x22:0x00000001 x16=0x0000052d
      34575.000 ns	      3456	80000e94	01302c33	slt	x24,x0,x19	  x0:0x00000000 x19:0x00000000 x24=0x00000000
      34595.000 ns	      3458	80000e98	0341e9b3	rem	x19,x3,x20	  x3:0xfffff9a2 x20:0x00000000 x19=0xfffff9a2
      34625.000 ns	      3461	80000e9c	284b87d3	fmin.s	f15,f23,f4	 f23:0x00000001  f4:0x00000000 f15=0x00000000
      34655.000 ns	      3464	80000ea0	03c904b3	mul	x9,x18,x28	 x18:0xf1f5cf28 x28:0x00000001  x9=0xf1f5cf28
      34705.000 ns	      3469	80000ea4	0058b2d3	fadd.s	f5,f17,f5	 f17:0x4f7ffffa  f5:0x00000001  f5=0x4f7ffffa
      34725.000 ns	      3471	80000ea8	41f6dab3	sra	x21,x13,x31	 x13:0x00000000 x31:0x00000001 x21=0x00000000
      34745.000 ns	      3473	80000eac	287c85d3	fmin.s	f11,f25,f7	 f25:0x00000001  f7:0x00000000 f11=0x00000000
      34775.000 ns	      3476	80000eb0	d01dba53	fcvt.s.wu	f20,x27	 x27:0x80040fe4 f20=0x4f000410
      34795.000 ns	      3478	80000eb4	9bf40c13	addi	x24,x8,-1601	  x8:0x00000000 x24=0xfffff9bf
      35125.000 ns	      3511	80000eb8	194d8353	fdiv.s	f6,f27,f20	 f27:0x4c8eee06 f20:0x4f000410  f6=0x3c8eee06
      35155.000 ns	      3514	80000ebc	025ead33	mulhsu	x26,x29,x5	 x29:0x80040fe4  x5:0x80041024 x26=0xbffffff0
      35185.000 ns	      3517	80000ec0	d0137e53	fcvt.s.wu	f28,x6	  x6:0x00000001 f28=0x3f800000
      35555.000 ns	      3554	80000ec4	03b55433	divu	x8,x10,x27	 x10:0xf75ca184 x27:0x80040fe4  x8=0x00000001
      35575.000 ns	      3556	80000ec8	016b5f93	srli	x31,x22,0x16	 x22:0x00000001 x31=0x00000000
      35595.000 ns	      3558	80000ecc	a08100d3	fle.s	x1,f2,f8	  f2:0xcefff7d9  f8:0xbf800000  x1=0x00000001
      35615.000 ns	      3560	80000ed0	00a5b133	sltu	x2,x11,x10	 x11:0xf75ca184 x10:0xf75ca184  x2=0x00000000
      35625.000 ns	      3561	80000ed4	45f3ad13	slti	x26,x7,1119	  x7:0x7b9bdcd4 x26=0x00000000
      35645.000 ns	      3563	80000ed8	21fc2053	fsgnjx.s	f0,f24,f31	 f24:0x80000001 f31:0x4c8eee06  f0=0x80000001
      35675.000 ns	      3566	80000edc	a1a51653	flt.s	x12,f10,f26	 f10:0xcd0a35e7 f26:0x00000000 x12=0x00000001
      35705.000 ns	      3569	80000ee0	03b534b3	mulhu	x9,x10,x27	 x10:0xf75ca184 x27:0x80040fe4  x9=0x7bb23d8f
      35735.000 ns	      3572	80000ee4	21641b53	fsgnjn.s	f22,f8,f22	  f8:0xbf800000 f22:0x418dc65d f22=0xbf800000
      35765.000 ns	      3575	80000ee8	e0041253	fclass.s	x4,f8	  f8:0xbf800000  x4=0x00000002
      35785.000 ns	      3577	80000eec	00000013	addi	x0,x0,0	  x0:0x00000000
      35795.000 ns	      3578	80000ef0	62906413	ori	x8,x0,1577	  x0:0x00000000  x8=0x00000629
      36125.000 ns	      3611	80000ef4	194a7d53	fdiv.s	f26,f20,f20	 f20:0x4f000410 f20:0x4f000410 f26=0x3f000410
      36155.000 ns	      3614	80000ef8	2005a953	fsgnjx.s	f18,f11,f0	 f11:0x00000000  f0:0x80000001 f18=0x80000000
      36175.000 ns	      3616	80000efc	005ea4b3	slt	x9,x29,x5	 x29:0x80040fe4  x5:0x80041024  x9=0x00000001
      36195.000 ns	      3618	80000f00	20b62253	fsgnjx.s	f4,f12,f11	 f12:0x80000000 f11:0x00000000  f4=0x80000000
      36225.000 ns	      3621	80000f04	a0c92b53	feq.s	x22,f18,f12	 f18:0x80000000 f12:0x80000000 x22=0x00000001
      36255.000 ns	      3624	80000f08	20da9cd3	fsgnjn.s	f25,f21,f13	 f21:0x3f800000 f13:0x7fc00000 f25=0xbf800000
      36285.000 ns	      3627	80000f0c	02f475b3	remu	x11,x8,x15	  x8:0x00000629 x15:0x00000000 x11=0x00000629
      36315.000 ns	      3630	80000f10	0358d833	divu	x16,x17,x21	 x17:0x00000001 x21:0x00000000 x16=0xffffffff
      36345.000 ns	      3633	80000f14	032bb233	mulhu	x4,x23,x18	 x23:0xe3eb9e50 x18:0xf1f5cf28  x4=0xd76ba8f6
      36375.000 ns	      3636	80000f18	031086b3	mul	x13,x1,x17	  x1:0x00000001 x17:0x00000001 x13=0x00000001
      36405.000 ns	      3639	80000f1c	d01f19d3	fcvt.s.wu	f19,x30	 x30:0x00000001 f19=0x3f800000
      36425.000 ns	      3641	80000f20	01e08233	add	x4,x1,x30	  x1:0x00000001 x30:0x00000001  x4=0x00000002
      36445.000 ns	      3643	80000f24	02911433	mulh	x8,x2,x9	  x2:0x00000000  x9:0x00000001  x8=0x00000000
      36815.000 ns	      3680	80000f28	03e2c333	div	x6,x5,x30	  x5:0x80041024 x30:0x00000001  x6=0x80041024
      36845.000 ns	      3683	80000f2c	02ffdab3	divu	x21,x31,x15	 x31:0x00000000 x15:0x00000000 x21=0xffffffff
      36895.000 ns	      3688	80000f30	09f98b53	fsub.s	f22,f19,f31	 f19:0x3f800000 f31:0x4c8eee06 f22=0xcc8eee06
      36925.000 ns	      3691	80000f34	d01173d3	fcvt.s.wu	f7,x2	  x2:0x00000000  f7=0x00000000
      36945.000 ns	      3693	80000f38	8608ca13	xori	x20,x17,-1952	 x17:0x00000001 x20=0xfffff861
      36965.000 ns	      3695	80000f3c	d0077fd3	fcvt.s.w	f31,x14	 x14:0x0216f000 f31=0x4c05bc00
      37015.000 ns	      3700	80000f40	0130c9d3	fadd.s	f19,f1,f19	  f1:0x0013d317 f19:0x3f800000 f19=0x3f800000
      37045.000 ns	      3703	80000f44	030a3733	mulhu	x14,x20,x16	 x20:0xfffff861 x16:0xffffffff x14=0xfffff860
      37065.000 ns	      3705	80000f48	013c8a33	add	x20,x25,x19	 x25:0x00000000 x19:0xfffff9a2 x20=0xfffff9a2
      37085.000 ns	      3707	80000f4c	20cb0cd3	fsgnj.s	f25,f22,f12	 f22:0xcc8eee06 f12:0x80000000 f25=0xcc8eee06
      37455.000 ns	      3744	80000f50	0293e633	rem	x12,x7,x9	  x7:0x7b9bdcd4  x9:0x00000001 x12=0x00000000
      37495.000 ns	      3748	80000f54	19d77cd3	fdiv.s	f25,f14,f29	 f14:0x42800000 f29:0x7fc00000 f25=0x7fc00000
      37515.000 ns	      3750	80000f58	0088a0b3	slt	x1,x17,x8	 x17:0x00000001  x8:0x00000000  x1=0x00000000
      37525.000 ns	      3751	80000f5c	00d39713	slli	x14,x7,0xd	  x7:0x7b9bdcd4 x14=0x7b9a8000
      37535.000 ns	      3752	80000f60	00f35633	srl	x12,x6,x15	  x6:0x80041024 x15:0x00000000 x12=0x80041024
      37545.000 ns	      3753	80000f64	b2a3ec93	ori	x25,x7,-1238	  x7:0x7b9bdcd4 x25=0xfffffffe
      37555.000 ns	      3754	80000f68	014cdc33	srl	x24,x25,x20	 x25:0x00000000 x20:0xfffff9a2 x24=0x3fffffff
      37565.000 ns	      3755	80000f6c	01ca47b3	xor	x15,x20,x28	 x20:0xfffff9a2 x28:0x00000001 x15=0xfffff9a3
      37585.000 ns	      3757	80000f70	a01d09d3	fle.s	x19,f26,f1	 f26:0x3f000410  f1:0x0013d317 x19=0x00000000
      37615.000 ns	      3760	80000f74	03cd0433	mul	x8,x26,x28	 x26:0x00000000 x28:0x00000001  x8=0x00000000
      37635.000 ns	      3762	80000f78	00415c13	srli	x24,x2,0x4	  x2:0x00000000 x24=0x00000000
      37645.000 ns	      3763	80000f7c	0008b4b3	sltu	x9,x17,x0	 x17:0x00000001  x0:0x00000000  x9=0x00000000
      37675.000 ns	      3766	80000f80	1155f353	fmul.s	f6,f11,f21	 f11:0x00000000 f21:0x3f800000  f6=0x00000000
      37725.000 ns	      3771	80000f84	098bb2d3	fsub.s	f5,f23,f24	 f23:0x00000001 f24:0x80000001  f5=0x00000002
      37755.000 ns	      3774	80000f88	20389cd3	fsgnjn.s	f25,f17,f3	 f17:0x4f7ffffa  f3:0x7f800000 f25=0xcf7ffffa
      38125.000 ns	      3811	80000f8c	02e84fb3	div	x31,x16,x14	 x16:0xffffffff x14:0x7b9a8000 x31=0x00000000
      38155.000 ns	      3814	80000f90	0203c433	div	x8,x7,x0	  x7:0x7b9bdcd4  x0:0x00000000  x8=0xffffffff
      38175.000 ns	      3816	80000f94	01a406b3	add	x13,x8,x26	  x8:0x00000000 x26:0x00000000 x13=0xffffffff
      38195.000 ns	      3818	80000f98	a1a31d53	flt.s	x26,f6,f26	  f6:0x00000000 f26:0x3f000410 x26=0x00000001
      38215.000 ns	      3820	80000f9c	401ade13	srai	x28,x21,0x1	 x21:0xffffffff x28=0xffffffff
      38235.000 ns	      3822	80000fa0	f00904d3	fmv.w.x	f9,x18	 x18:0xf1f5cf28  f9=0xf1f5cf28
      38255.000 ns	      3824	80000fa4	01d91733	sll	x14,x18,x29	 x18:0xf1f5cf28 x29:0x80040fe4 x14=0x1f5cf280
      38265.000 ns	      3825	80000fa8	019f3633	sltu	x12,x30,x25	 x30:0x00000001 x25:0xfffffffe x12=0x00000001
      38285.000 ns	      3827	80000fac	289e1bd3	fmax.s	f23,f28,f9	 f28:0x3f800000  f9:0xf1f5cf28 f23=0x3f800000
      38305.000 ns	      3829	80000fb0	001443b3	xor	x7,x8,x1	  x8:0xffffffff  x1:0x00000000  x7=0xffffffff
      38665.000 ns	      3865	80000fb4	031f54b3	divu	x9,x30,x17	 x30:0x00000001 x17:0x00000001  x9=0x00000001
      38695.000 ns	      3868	80000fb8	02ffa933	mulhsu	x18,x31,x15	 x31:0x00000000 x15:0xfffff9a3 x18=0x00000000
      38715.000 ns	      3870	80000fbc	28c80e93	addi	x29,x16,652	 x16:0xffffffff x29=0x0000028b
      38745.000 ns	      3873	80000fc0	1817fd53	fdiv.s	f26,f15,f1	 f15:0x00000000  f1:0x0013d317 f26=0x00000000
      39115.000 ns	      3910	80000fc4	02766733	rem	x14,x12,x7	 x12:0x00000001  x7:0xffffffff x14=0x00000000
      39145.000 ns	      3913	80000fc8	02e558b3	divu	x17,x10,x14	 x10:0xf75ca184 x14:0x1f5cf280 x17=0xffffffff
      39175.000 ns	      3916	80000fcc	028a9033	mulh	x0,x21,x8	 x21:0xffffffff  x8:0xffffffff
      39195.000 ns	      3918	80000fd0	01ada3b3	slt	x7,x27,x26	 x27:0x80040fe4 x26:0x00000001  x7=0x00000001
      39205.000 ns	      3919	80000fd4	014aeab3	or	x21,x21,x20	 x21:0xffffffff x20:0xfffff9a2 x21=0xffffffff
      39215.000 ns	      3920	80000fd8	00000013	addi	x0,x0,0	  x0:0x00000000
      39235.000 ns	      3922	80000fdc	a187a053	feq.s	x0,f15,f24	 f15:0x00000000 f24:0x80000001
      39255.000 ns	      3924	80000fe0	0065f1b3	and	x3,x11,x6	 x11:0x00000629  x6:0x80041024  x3=0x00000020
      39265.000 ns	      3925	80000fe4	01520333	add	x6,x4,x21	  x4:0x00000002 x21:0xffffffff  x6=0x00000001
      39275.000 ns	      3926	80000fe8	cad2d797	auipc	x15,0xcad2d	 x15=0x4ad2dfe8
      39285.000 ns	      3927	80000fec	00edf4b3	and	x9,x27,x14	 x27:0x80040fe4 x14:0x00000000  x9=0x00000000
      39295.000 ns	      3928	80000ff0	d4dd8813	addi	x16,x27,-691	 x27:0x80040fe4 x16=0x80040d31
      39305.000 ns	      3929	80000ff4	000b1593	slli	x11,x22,0x0	 x22:0x00000001 x11=0x00000001
      39345.000 ns	      3933	80000ff8	01af41d3	fadd.s	f3,f30,f26	 f30:0x00000000 f26:0x00000000  f3=0x00000000
      39375.000 ns	      3936	80000ffc	a0d3ac53	feq.s	x24,f7,f13	  f7:0x00000000 f13:0x7fc00000 x24=0x00000000
      39405.000 ns	      3939	80001000	a06801d3	fle.s	x3,f16,f6	 f16:0xcefff7df  f6:0x00000000  x3=0x00000001
      39435.000 ns	      3942	80001004	205ba9d3	fsgnjx.s	f19,f23,f5	 f23:0x3f800000  f5:0x00000002 f19=0x3f800000
      39455.000 ns	      3944	80001008	01487cb3	and	x25,x16,x20	 x16:0x80040d31 x20:0xfffff9a2 x25=0x80040920
      39475.000 ns	      3946	8000100c	e00c1453	fclass.s	x8,f24	 f24:0x80000001  x8=0x00000004
      39495.000 ns	      3948	80001010	017799b3	sll	x19,x15,x23	 x15:0x4ad2dfe8 x23:0xe3eb9e50 x19=0xdfe80000
      39505.000 ns	      3949	80001014	6ecaba93	sltiu	x21,x21,1772	 x21:0xffffffff x21=0x00000000
      39515.000 ns	      3950	80001018	c10d0813	addi	x16,x26,-1008	 x26:0x00000001 x16=0xfffffc11
      39875.000 ns	      3986	8000101c	0370d0b3	divu	x1,x1,x23	  x1:0x00000000 x23:0xe3eb9e50  x1=0x00000000
      39905.000 ns	      3989	80001020	a07787d3	fle.s	x15,f15,f7	 f15:0x00000000  f7:0x00000000 x15=0x00000001
      39935.000 ns	      3992	80001024	a08480d3	fle.s	x1,f9,f8	  f9:0xf1f5cf28  f8:0xbf800000  x1=0x00000001
      39955.000 ns	      3994	80001028	b986a097	auipc	x1,0xb986a	  x1=0x3986b028
      39965.000 ns	      3995	8000102c	01871a93	slli	x21,x14,0x18	 x14:0x00000000 x21=0x00000000
      39975.000 ns	      3996	80001030	008b2633	slt	x12,x22,x8	 x22:0x00000001  x8:0x00000004 x12=0x00000001
      39985.000 ns	      3997	80001034	01924e33	xor	x28,x4,x25	  x4:0x00000002 x25:0x80040920 x28=0x80040922
      40015.000 ns	      4000	80001038	580c7f53	fsqrt.s	f30,f24	 f24:0x80000001 f30=0x7fc00000
      40045.000 ns	      4003	8000103c	02ac13b3	mulh	x7,x24,x10	 x24:0x00000000 x10:0xf75ca184  x7=0x00000000
      40065.000 ns	      4005	80001040	40700433	sub	x8,x0,x7	  x0:0x00000000  x7:0x00000001  x8=0x00000000
      40075.000 ns	      4006	80001044	b1302d13	slti	x26,x0,-1261	  x0:0x00000000 x26=0x00000000
      40095.000 ns	      4008	80001048	d01df653	fcvt.s.wu	f12,x27	 x27:0x80040fe4 f12=0x4f00040f
      40145.000 ns	      4013	8000104c	00553053	fadd.s	f0,f10,f5	 f10:0xcd0a35e7  f5:0x00000002  f0=0xcd0a35e7
      40175.000 ns	      4016	80001050	d008f353	fcvt.s.w	f6,x17	 x17:0xffffffff  f6=0xbf800000
      40195.000 ns	      4018	80001054	b2ff2413	slti	x8,x30,-1233	 x30:0x00000001  x8=0x00000000
      40215.000 ns	      4020	80001058	a0558053	fle.s	x0,f11,f5	 f11:0x00000000  f5:0x00000002
      40235.000 ns	      4022	8000105c	01250cb3	add	x25,x10,x18	 x10:0xf75ca184 x18:0x00000000 x25=0xf75ca184
      40245.000 ns	      4023	80001060	41ab8a33	sub	x20,x23,x26	 x23:0xe3eb9e50 x26:0x00000000 x20=0xe3eb9e50
      40265.000 ns	      4025	80001064	027701b3	mul	x3,x14,x7	 x14:0x00000000  x7:0x00000000  x3=0x00000000
      40285.000 ns	      4027	80001068	01b32c33	slt	x24,x6,x27	  x6:0x00000001 x27:0x80040fe4 x24=0x00000000
      40305.000 ns	      4029	8000106c	022e3233	mulhu	x4,x28,x2	 x28:0x80040922  x2:0x00000000  x4=0x00000000
      40335.000 ns	      4032	80001070	c0019d53	fcvt.w.s	x26,f3	  f3:0x00000000 x26=0x00000000
      40365.000 ns	      4035	80001074	03cc1633	mulh	x12,x24,x28	 x24:0x00000000 x28:0x80040922 x12=0x00000000
      40395.000 ns	      4038	80001078	2140abd3	fsgnjx.s	f23,f1,f20	  f1:0x0013d317 f20:0x4f000410 f23=0x0013d317
      40445.000 ns	      4043	8000107c	09b07bd3	fsub.s	f23,f0,f27	  f0:0xcd0a35e7 f27:0x4c8eee06 f23=0xcd51acea
      40465.000 ns	      4045	80001080	01cc0ab3	add	x21,x24,x28	 x24:0x00000000 x28:0x80040922 x21=0x80040922
      40485.000 ns	      4047	80001084	035813b3	mulh	x7,x16,x21	 x16:0xfffffc11 x21:0x00000000  x7=0x000001f7
      40505.000 ns	      4049	80001088	00149593	slli	x11,x9,0x1	  x9:0x00000000 x11=0x00000000
      40525.000 ns	      4051	8000108c	21b795d3	fsgnjn.s	f11,f15,f27	 f15:0x00000000 f27:0x4c8eee06 f11=0x80000000
      40555.000 ns	      4054	80001090	c0167bd3	fcvt.wu.s	x23,f12	 f12:0x4f00040f x23=0x80040f00
      40925.000 ns	      4091	80001094	025647b3	div	x15,x12,x5	 x12:0x00000000  x5:0x80041024 x15=0x00000000
      40955.000 ns	      4094	80001098	20d98e53	fsgnj.s	f28,f19,f13	 f19:0x3f800000 f13:0x7fc00000 f28=0x3f800000
      40975.000 ns	      4096	8000109c	0113e033	or	x0,x7,x17	  x7:0x000001f7 x17:0xffffffff
      40995.000 ns	      4098	800010a0	e00206d3	fmv.x.w	x13,f4	  f4:0x80000000 x13=0x80000000
      41015.000 ns	      4100	800010a4	456e7393	andi	x7,x28,1110	 x28:0x80040922  x7=0x00000002
      41035.000 ns	      4102	800010a8	a186a5d3	feq.s	x11,f13,f24	 f13:0x7fc00000 f24:0x80000001 x11=0x00000000
      41065.000 ns	      4105	800010ac	e00390d3	fclass.s	x1,f7	  f7:0x00000000  x1=0x00000010
      41095.000 ns	      4108	800010b0	f00580d3	fmv.w.x	f1,x11	 x11:0x00000000  f1=0x00000000
      41125.000 ns	      4111	800010b4	02bd8d33	mul	x26,x27,x11	 x27:0x80040fe4 x11:0x00000000 x26=0x00000000
      41145.000 ns	      4113	800010b8	1fc92a93	slti	x21,x18,508	 x18:0x00000000 x21=0x00000001
      41175.000 ns	      4116	800010bc	117592d3	fmul.s	f5,f11,f23	 f11:0x80000000 f23:0xcd51acea  f5=0x00000000
      41205.000 ns	      4119	800010c0	d00e92d3	fcvt.s.w	f5,x29	 x29:0x0000028b  f5=0x4422c000
      41225.000 ns	      4121	800010c4	fa038393	addi	x7,x7,-96	  x7:0x00000002  x7=0xffffffa2
      41235.000 ns	      4122	800010c8	00e2d493	srli	x9,x5,0xe	  x5:0x80041024  x9=0x00020010
      41265.000 ns	      4125	800010cc	5804a153	fsqrt.s	f2,f9	  f9:0xf1f5cf28  f2=0x7fc00000
      41295.000 ns	      4128	800010d0	204516d3	fsgnjn.s	f13,f10,f4	 f10:0xcd0a35e7  f4:0x80000000 f13=0x4d0a35e7
      41665.000 ns	      4165	800010d4	03d0d633	divu	x12,x1,x29	  x1:0x00000010 x29:0x0000028b x12=0x00000000
      41695.000 ns	      4168	800010d8	e00d0453	fmv.x.w	x8,f26	 f26:0x00000000  x8=0x00000000
      41725.000 ns	      4171	800010dc	0375bb33	mulhu	x22,x11,x23	 x11:0x00000000 x23:0x80040f00 x22=0x00000000
      41745.000 ns	      4173	800010e0	eab2bd13	sltiu	x26,x5,-341	  x5:0x80041024 x26=0x00000001
      41765.000 ns	      4175	800010e4	e00e0bd3	fmv.x.w	x23,f28	 f28:0x3f800000 x23=0x3f800000
      41795.000 ns	      4178	800010e8	a0cf1ed3	flt.s	x29,f30,f12	 f30:0x7fc00000 f12:0x4f00040f x29=0x00000000
      41825.000 ns	      4181	800010ec	28958553	fmin.s	f10,f11,f9	 f11:0x80000000  f9:0xf1f5cf28 f10=0xf1f5cf28
      41845.000 ns	      4183	800010f0	0131ceb3	xor	x29,x3,x19	  x3:0x00000000 x19:0xdfe80000 x29=0xdfe80000
      41855.000 ns	      4184	800010f4	012a0fb3	add	x31,x20,x18	 x20:0xe3eb9e50 x18:0x00000000 x31=0xe3eb9e50
      41865.000 ns	      4185	800010f8	00fdcfb3	xor	x31,x27,x15	 x27:0x80040fe4 x15:0x00000000 x31=0x80040fe4
      41885.000 ns	      4187	800010fc	21bd8d53	fsgnj.s	f26,f27,f27	 f27:0x4c8eee06 f27:0x4c8eee06 f26=0x4c8eee06
      41905.000 ns	      4189	80001100	005bd613	srli	x12,x23,0x5	 x23:0x3f800000 x12=0x01fc0000
      41915.000 ns	      4190	80001104	005cd393	srli	x7,x25,0x5	 x25:0xf75ca184  x7=0x07bae50c
      41935.000 ns	      4192	80001108	c00e2cd3	fcvt.w.s	x25,f28	 f28:0x3f800000 x25=0x00000001
      41955.000 ns	      4194	8000110c	00dad733	srl	x14,x21,x13	 x21:0x00000001 x13:0x80000000 x14=0x00000001
      41995.000 ns	      4198	80001110	00991153	fadd.s	f2,f18,f9	 f18:0x80000000  f9:0xf1f5cf28  f2=0xf1f5cf28
      42035.000 ns	      4202	80001114	190e9cd3	fdiv.s	f25,f29,f16	 f29:0x7fc00000 f16:0xcefff7df f25=0x7fc00000
      42055.000 ns	      4204	80001118	019d1e33	sll	x28,x26,x25	 x26:0x00000001 x25:0x00000001 x28=0x00000002
      42075.000 ns	      4206	8000111c	027f18b3	mulh	x17,x30,x7	 x30:0x00000001  x7:0x07bae50c x17=0x00000000
      42105.000 ns	      4209	80001120	d01efbd3	fcvt.s.wu	f23,x29	 x29:0xdfe80000 f23=0x4f5fe800
      42135.000 ns	      4212	80001124	209e1153	fsgnjn.s	f2,f28,f9	 f28:0x3f800000  f9:0xf1f5cf28  f2=0x3f800000
      42155.000 ns	      4214	80001128	dda22913	slti	x18,x4,-550	  x4:0x00000000 x18=0x00000000
      42175.000 ns	      4216	8000112c	204a2553	fsgnjx.s	f10,f20,f4	 f20:0x4f000410  f4:0x80000000 f10=0xcf000410
      42205.000 ns	      4219	80001130	02861133	mulh	x2,x12,x8	 x12:0x01fc0000  x8:0x00000000  x2=0x00000000
      42235.000 ns	      4222	80001134	2016a453	fsgnjx.s	f8,f13,f1	 f13:0x4d0a35e7  f1:0x00000000  f8=0x4d0a35e7
      42255.000 ns	      4224	80001138	4147d133	sra	x2,x15,x20	 x15:0x00000000 x20:0xe3eb9e50  x2=0x00000000
      42275.000 ns	      4226	8000113c	e00a9b53	fclass.s	x22,f21	 f21:0x3f800000 x22=0x00000040
      42305.000 ns	      4229	80001140	291e8ed3	fmin.s	f29,f29,f17	 f29:0x7fc00000 f17:0x4f7ffffa f29=0x4f7ffffa
      42325.000 ns	      4231	80001144	40add813	srai	x16,x27,0xa	 x27:0x80040fe4 x16=0xffe00103
      42345.000 ns	      4233	80001148	a05607d3	fle.s	x15,f12,f5	 f12:0x4f00040f  f5:0x4422c000 x15=0x00000000
      42395.000 ns	      4238	8000114c	0143bad3	fadd.s	f21,f7,f20	  f7:0x00000000 f20:0x4f000410 f21=0x4f000410
      42425.000 ns	      4241	80001150	024f4a33	div	x20,x30,x4	 x30:0x00000001  x4:0x00000000 x20=0xffffffff
      42455.000 ns	      4244	80001154	038876b3	remu	x13,x16,x24	 x16:0xffe00103 x24:0x00000000 x13=0xffe00103
      42485.000 ns	      4247	80001158	a1d311d3	flt.s	x3,f6,f29	  f6:0xbf800000 f29:0x4f7ffffa  x3=0x00000001
      42505.000 ns	      4249	8000115c	00fe08b3	add	x17,x28,x15	 x28:0x00000002 x15:0x00000000 x17=0x00000002
      42525.000 ns	      4251	80001160	e0039ed3	fclass.s	x29,f7	  f7:0x00000000 x29=0x00000010
      42555.000 ns	      4254	80001164	a01125d3	feq.s	x11,f2,f1	  f2:0x3f800000  f1:0x00000000 x11=0x00000000
      42925.000 ns	      4291	80001168	03724b33	div	x22,x4,x23	  x4:0x00000000 x23:0x3f800000 x22=0x00000000
      42945.000 ns	      4293	8000116c	00000013	addi	x0,x0,0	  x0:0x00000000
      42965.000 ns	      4295	80001170	20299bd3	fsgnjn.s	f23,f19,f2	 f19:0x3f800000  f2:0x3f800000 f23=0xbf800000
      42995.000 ns	      4298	80001174	a1da8153	fle.s	x2,f21,f29	 f21:0x4f000410 f29:0x4f7ffffa  x2=0x00000001
      43025.000 ns	      4301	80001178	28578153	fmin.s	f2,f15,f5	 f15:0x00000000  f5:0x4422c000  f2=0x00000000
      43045.000 ns	      4303	8000117c	01133433	sltu	x8,x6,x17	  x6:0x00000001 x17:0x00000002  x8=0x00000001
      43065.000 ns	      4305	80001180	295306d3	fmin.s	f13,f6,f21	  f6:0xbf800000 f21:0x4f000410 f13=0xbf800000
      43095.000 ns	      4308	80001184	02fd90b3	mulh	x1,x27,x15	 x27:0x80040fe4 x15:0x00000000  x1=0x00000000
      43125.000 ns	      4311	80001188	0367c333	div	x6,x15,x22	 x15:0x00000000 x22:0x00000000  x6=0xffffffff
      43145.000 ns	      4313	8000118c	00a4a1b3	slt	x3,x9,x10	  x9:0x00020010 x10:0xf75ca184  x3=0x00000000
      43155.000 ns	      4314	80001190	8c87a413	slti	x8,x15,-1848	 x15:0x00000000  x8=0x00000000
      43515.000 ns	      4350	80001194	02eeec33	rem	x24,x29,x14	 x29:0x00000010 x14:0x00000001 x24=0x00000000
      43885.000 ns	      4387	80001198	0399d333	divu	x6,x19,x25	 x19:0xdfe80000 x25:0x00000001  x6=0xdfe80000
      43905.000 ns	      4389	8000119c	be843113	sltiu	x2,x8,-1048	  x8:0x00000000  x2=0x00000001
      44265.000 ns	      4425	800011a0	022fc133	div	x2,x31,x2	 x31:0x80040fe4  x2:0x00000001  x2=0x80040fe4
      44285.000 ns	      4427	800011a4	01d39d33	sll	x26,x7,x29	  x7:0x07bae50c x29:0x00000010 x26=0xe50c0000
      44295.000 ns	      4428	800011a8	41b1d093	srai	x1,x3,0x1b	  x3:0x00000000  x1=0x00000000
      44315.000 ns	      4430	800011ac	f00b0553	fmv.w.x	f10,x22	 x22:0x00000000 f10=0x00000000
      44335.000 ns	      4432	800011b0	40295d33	sra	x26,x18,x2	 x18:0x00000000  x2:0x80040fe4 x26=0x00000000
      44665.000 ns	      4465	800011b4	18c8fed3	fdiv.s	f29,f17,f12	 f17:0x4f7ffffa f12:0x4f00040f f29=0x3f7ffffa
      44685.000 ns	      4467	800011b8	c8437bb7	lui	x23,0xc8437	 x23=0xc8437000
      44695.000 ns	      4468	800011bc	5e572e13	slti	x28,x14,1509	 x14:0x00000001 x28=0x00000001
      44705.000 ns	      4469	800011c0	417f5c13	srai	x24,x30,0x17	 x30:0x00000001 x24=0x00000000
      44725.000 ns	      4471	800011c4	29b50fd3	fmin.s	f31,f10,f27	 f10:0x00000000 f27:0x4c8eee06 f31=0x00000000
      45095.000 ns	      4508	800011c8	02e47933	remu	x18,x8,x14	  x8:0x00000000 x14:0x00000001 x18=0x00000000
      45125.000 ns	      4511	800011cc	03ef8fb3	mul	x31,x31,x30	 x31:0x80040fe4 x30:0x00000001 x31=0x80040fe4
      45175.000 ns	      4516	800011d0	00e0f053	fadd.s	f0,f1,f14	  f1:0x00000000 f14:0x42800000  f0=0x42800000
      45225.000 ns	      4521	800011d4	08ae7153	fsub.s	f2,f28,f10	 f28:0x3f800000 f10:0x00000000  f2=0x3f800000
      45245.000 ns	      4523	800011d8	01844133	xor	x2,x8,x24	  x8:0x00000000 x24:0x00000000  x2=0x00000000
      45275.000 ns	      4526	800011dc	580ba1d3	fsqrt.s	f3,f23	 f23:0xbf800000  f3=0x7fc00000
      45315.000 ns	      4530	800011e0	11c9be53	fmul.s	f28,f19,f28	 f19:0x3f800000 f28:0x3f800000 f28=0x3f800000
      45335.000 ns	      4532	800011e4	01e31933	sll	x18,x6,x30	  x6:0xdfe80000 x30:0x00000001 x18=0xbfd00000
      45355.000 ns	      4534	800011e8	02a533b3	mulhu	x7,x10,x10	 x10:0xf75ca184 x10:0xf75ca184  x7=0xef03e131
      45385.000 ns	      4537	800011ec	20ad28d3	fsgnjx.s	f17,f26,f10	 f26:0x4c8eee06 f10:0x00000000 f17=0x4c8eee06
      45755.000 ns	      4574	800011f0	02d3c0b3	div	x1,x7,x13	  x7:0xef03e131 x13:0xffe00103  x1=0x00000087
      45775.000 ns	      4576	800011f4	01df03b3	add	x7,x30,x29	 x30:0x00000001 x29:0x00000010  x7=0x00000011
      45795.000 ns	      4578	800011f8	030335b3	mulhu	x11,x6,x16	  x6:0xdfe80000 x16:0xffe00103 x11=0xdfcc03e2
      45825.000 ns	      4581	800011fc	f0098ed3	fmv.w.x	f29,x19	 x19:0xdfe80000 f29=0xdfe80000
      45855.000 ns	      4584	80001200	02fe03b3	mul	x7,x28,x15	 x28:0x00000001 x15:0x00000000  x7=0x00000000
      45875.000 ns	      4586	80001204	41dddf93	srai	x31,x27,0x1d	 x27:0x80040fe4 x31=0xfffffffc
      45885.000 ns	      4587	80001208	415883b3	sub	x7,x17,x21	 x17:0x00000002 x21:0x00000001  x7=0x00000001
      45895.000 ns	      4588	8000120c	00eb5893	srli	x17,x22,0xe	 x22:0x00000000 x17=0x00000000
      45915.000 ns	      4590	80001210	20a889d3	fsgnj.s	f19,f17,f10	 f17:0x4c8eee06 f10:0x00000000 f19=0x4c8eee06
      45935.000 ns	      4592	80001214	56676893	ori	x17,x14,1382	 x14:0x00000001 x17=0x00000567
      45955.000 ns	      4594	80001218	2101aad3	fsgnjx.s	f21,f3,f16	  f3:0x7fc00000 f16:0xcefff7df f21=0xffc00000
      45985.000 ns	      4597	8000121c	02b807b3	mul	x15,x16,x11	 x16:0xffe00103 x11:0xdfcc03e2 x15=0xef27eda6
      47165.000 ns	      4715	80001220	58067b53	fsqrt.s	f22,f12	 f12:0x4f00040f f22=0x46b50a40
      47195.000 ns	      4718	80001224	c00c4f53	fcvt.w.s	x30,f24	 f24:0x80000001 x30=0x00000000
      47215.000 ns	      4720	80001228	002184b3	add	x9,x3,x2	  x3:0x00000000  x2:0x00000000  x9=0x00000000
      47235.000 ns	      4722	8000122c	a08727d3	feq.s	x15,f14,f8	 f14:0x42800000  f8:0x4d0a35e7 x15=0x00000000
      47265.000 ns	      4725	80001230	023aceb3	div	x29,x21,x3	 x21:0x00000001  x3:0x00000000 x29=0xffffffff
      47285.000 ns	      4727	80001234	412dd7b3	sra	x15,x27,x18	 x27:0x80040fe4 x18:0xbfd00000 x15=0x80040fe4
      47325.000 ns	      4731	80001238	01e8fdd3	fadd.s	f27,f17,f30	 f17:0x4c8eee06 f30:0x7fc00000 f27=0x7fc00000
      47355.000 ns	      4734	8000123c	e00c9bd3	fclass.s	x23,f25	 f25:0x7fc00000 x23=0x00000200
      47385.000 ns	      4737	80001240	d015f753	fcvt.s.wu	f14,x11	 x11:0xdfcc03e2 f14=0x4f5fcc03
      47405.000 ns	      4739	80001244	fc4a2c37	lui	x24,0xfc4a2	 x24=0xfc4a2000
      47415.000 ns	      4740	80001248	f56c3e93	sltiu	x29,x24,-170	 x24:0x00000000 x29=0x00000001
      47435.000 ns	      4742	8000124c	02efb233	mulhu	x4,x31,x14	 x31:0xfffffffc x14:0x00000001  x4=0x00000000
      47455.000 ns	      4744	80001250	41cb5c93	srai	x25,x22,0x1c	 x22:0x00000000 x25=0x00000000
      47465.000 ns	      4745	80001254	41cdd9b3	sra	x19,x27,x28	 x27:0x80040fe4 x28:0x00000001 x19=0xc00207f2
      47475.000 ns	      4746	80001258	004f39b3	sltu	x19,x30,x4	 x30:0x00000000  x4:0x00000000 x19=0x00000000
      47485.000 ns	      4747	8000125c	406d0bb3	sub	x23,x26,x6	 x26:0x00000000  x6:0xdfe80000 x23=0x20180000
      47495.000 ns	      4748	80001260	8f52c193	xori	x3,x5,-1803	  x5:0x80041024  x3=0x7ffbe8d1
      47505.000 ns	      4749	80001264	ccbec6b7	lui	x13,0xccbec	 x13=0xccbec000
      47525.000 ns	      4751	80001268	e00e91d3	fclass.s	x3,f29	 f29:0xdfe80000  x3=0x00000002
      47545.000 ns	      4753	8000126c	14eb0c93	addi	x25,x22,334	 x22:0x00000000 x25=0x0000014e
      47575.000 ns	      4756	80001270	1981f5d3	fdiv.s	f11,f3,f24	  f3:0x7fc00000 f24:0x80000001 f11=0x7fc00000
      47605.000 ns	      4759	80001274	a1f81853	flt.s	x16,f16,f31	 f16:0xcefff7df f31:0x00000000 x16=0x00000001
      47655.000 ns	      4764	80001278	004efe53	fadd.s	f28,f29,f4	 f29:0xdfe80000  f4:0x80000000 f28=0xdfe80000
      47675.000 ns	      4766	8000127c	5e448313	addi	x6,x9,1508	  x9:0x00000000  x6=0x000005e4
      48035.000 ns	      4802	80001280	027f7833	remu	x16,x30,x7	 x30:0x00000000  x7:0x00000001 x16=0x00000000
      48075.000 ns	      4806	80001284	1002fcd3	fmul.s	f25,f5,f0	  f5:0x4422c000  f0:0x42800000 f25=0x4722c000
      48095.000 ns	      4808	80001288	00498bb3	add	x23,x19,x4	 x19:0x00000000  x4:0x00000000 x23=0x00000000
      49265.000 ns	      4925	8000128c	580d4b53	fsqrt.s	f22,f26	 f26:0x4c8eee06 f22=0x4607421c
      49285.000 ns	      4927	80001290	018f41b3	xor	x3,x30,x24	 x30:0x00000000 x24:0xfc4a2000  x3=0xfc4a2000
      49305.000 ns	      4929	80001294	28780453	fmin.s	f8,f16,f7	 f16:0xcefff7df  f7:0x00000000  f8=0xcefff7df
      49335.000 ns	      4932	80001298	022ed5b3	divu	x11,x29,x2	 x29:0x00000001  x2:0x00000000 x11=0xffffffff
      49385.000 ns	      4937	8000129c	0923c453	fsub.s	f8,f7,f18	  f7:0x00000000 f18:0x80000000  f8=0x00000000
      49405.000 ns	      4939	800012a0	010906b3	add	x13,x18,x16	 x18:0xbfd00000 x16:0x00000000 x13=0xbfd00000
      49425.000 ns	      4941	800012a4	20f80a53	fsgnj.s	f20,f16,f15	 f16:0xcefff7df f15:0x00000000 f20=0x4efff7df
      49445.000 ns	      4943	800012a8	00fbdfb3	srl	x31,x23,x15	 x23:0x00000000 x15:0x80040fe4 x31=0x00000000
      49455.000 ns	      4944	800012ac	0105d093	srli	x1,x11,0x10	 x11:0xffffffff  x1=0x0000ffff
      49475.000 ns	      4946	800012b0	28548753	fmin.s	f14,f9,f5	  f9:0xf1f5cf28  f5:0x4422c000 f14=0xf1f5cf28
      49525.000 ns	      4951	800012b4	017d83d3	fadd.s	f7,f27,f23	 f27:0x7fc00000 f23:0xbf800000  f7=0x7fc00000
      49555.000 ns	      4954	800012b8	022f50b3	divu	x1,x30,x2	 x30:0x00000000  x2:0x00000000  x1=0xffffffff
      49575.000 ns	      4956	800012bc	341e2413	slti	x8,x28,833	 x28:0x00000001  x8=0x00000001
      49585.000 ns	      4957	800012c0	adaa8693	addi	x13,x21,-1318	 x21:0x00000001 x13=0xfffffadb
      49945.000 ns	      4993	800012c4	034f4433	div	x8,x30,x20	 x30:0x00000000 x20:0xffffffff  x8=0x00000000
      49965.000 ns	      4995	800012c8	018619b3	sll	x19,x12,x24	 x12:0x01fc0000 x24:0xfc4a2000 x19=0x01fc0000
      49975.000 ns	      4996	800012cc	1c026e93	ori	x29,x4,448	  x4:0x00000000 x29=0x000001c0
      49995.000 ns	      4998	800012d0	c01c76d3	fcvt.wu.s	x13,f24	 f24:0x80000001 x13=0x00000000
      50025.000 ns	      5001	800012d4	02feabb3	mulhsu	x23,x29,x15	 x29:0x00000001 x15:0x80040fe4 x23=0x000000e0
      50045.000 ns	      5003	800012d8	009238b3	sltu	x17,x4,x9	  x4:0x00000000  x9:0x00000000 x17=0x00000000
      50375.000 ns	      5036	800012dc	199cf5d3	fdiv.s	f11,f25,f25	 f25:0x4722c000 f25:0x4722c000 f11=0x3f2b7f94
      50395.000 ns	      5038	800012e0	0158ebb3	or	x23,x17,x21	 x17:0x00000567 x21:0x00000001 x23=0x00000001
      50415.000 ns	      5040	800012e4	e00a8653	fmv.x.w	x12,f21	 f21:0xffc00000 x12=0xffc00000
      50445.000 ns	      5043	800012e8	038c9eb3	mulh	x29,x25,x24	 x25:0x0000014e x24:0xfc4a2000 x29=0xfffffffb
      50485.000 ns	      5047	800012ec	189277d3	fdiv.s	f15,f4,f9	  f4:0x80000000  f9:0xf1f5cf28 f15=0x00000000
      50515.000 ns	      5050	800012f0	a03a2153	feq.s	x2,f20,f3	 f20:0x4efff7df  f3:0x7fc00000  x2=0x00000000
      50565.000 ns	      5055	800012f4	01c04cd3	fadd.s	f25,f0,f28	  f0:0x42800000 f28:0xdfe80000 f25=0xdfe80000
      50585.000 ns	      5057	800012f8	41700133	sub	x2,x0,x23	  x0:0x00000000 x23:0x00000001  x2=0xffffffff
      50595.000 ns	      5058	800012fc	00da4233	xor	x4,x20,x13	 x20:0xffffffff x13:0x00000000  x4=0xffffffff
      50605.000 ns	      5059	80001300	63919837	lui	x16,0x63919	 x16=0x63919000
      50625.000 ns	      5061	80001304	e00d9253	fclass.s	x4,f27	 f27:0x7fc00000  x4=0x00000200
      50645.000 ns	      5063	80001308	ad118893	addi	x17,x3,-1327	  x3:0xfc4a2000 x17=0xfc4a1ad1
      50655.000 ns	      5064	8000130c	15c62593	slti	x11,x12,348	 x12:0xffc00000 x11=0x00000001
      50665.000 ns	      5065	80001310	00000013	addi	x0,x0,0	  x0:0x00000000
      50685.000 ns	      5067	80001314	d0157e53	fcvt.s.wu	f28,x10	 x10:0xf75ca184 f28=0x4f775ca1
      50705.000 ns	      5069	80001318	c8016e93	ori	x29,x2,-896	  x2:0xffffffff x29=0xffffffff
      50715.000 ns	      5070	8000131c	01f8c733	xor	x14,x17,x31	 x17:0xfc4a1ad1 x31:0x00000000 x14=0xfc4a1ad1
      50725.000 ns	      5071	80001320	c47e7613	andi	x12,x28,-953	 x28:0x00000001 x12=0x00000001
      50735.000 ns	      5072	80001324	f6a17313	andi	x6,x2,-150	  x2:0xffffffff  x6=0xffffff6a
      50745.000 ns	      5073	80001328	002ecfb3	xor	x31,x29,x2	 x29:0xffffffff  x2:0xffffffff x31=0x00000000
      50755.000 ns	      5074	8000132c	96b08b93	addi	x23,x1,-1685	  x1:0xffffffff x23=0xfffff96a
      50775.000 ns	      5076	80001330	285088d3	fmin.s	f17,f1,f5	  f1:0x00000000  f5:0x4422c000 f17=0x00000000
      51145.000 ns	      5113	80001334	035be7b3	rem	x15,x23,x21	 x23:0x00000001 x21:0x00000001 x15=0x00000000
      51515.000 ns	      5150	80001338	035d6133	rem	x2,x26,x21	 x26:0x00000000 x21:0x00000001  x2=0x00000000
      51545.000 ns	      5153	8000133c	28c59753	fmax.s	f14,f11,f12	 f11:0x3f2b7f94 f12:0x4f00040f f14=0x4f00040f
      51915.000 ns	      5190	80001340	038ee9b3	rem	x19,x29,x24	 x29:0xffffffff x24:0xfc4a2000 x19=0xffffffff
      51935.000 ns	      5192	80001344	4105d4b3	sra	x9,x11,x16	 x11:0x00000001 x16:0x63919000  x9=0x00000001
      51945.000 ns	      5193	80001348	001360b3	or	x1,x6,x1	  x6:0xffffff6a  x1:0xffffffff  x1=0xffffffff
      52305.000 ns	      5229	8000134c	032c7cb3	remu	x25,x24,x18	 x24:0xfc4a2000 x18:0xbfd00000 x25=0x3c7a2000
      52325.000 ns	      5231	80001350	6f542b13	slti	x22,x8,1781	  x8:0x00000000 x22=0x00000001
      52335.000 ns	      5232	80001354	2ecfe493	ori	x9,x31,748	 x31:0x00000000  x9=0x000002ec
      52345.000 ns	      5233	80001358	00e01633	sll	x12,x0,x14	  x0:0x00000000 x14:0xfc4a1ad1 x12=0x00000000
      52355.000 ns	      5234	8000135c	c44e3213	sltiu	x4,x28,-956	 x28:0x00000001  x4=0x00000001
      52365.000 ns	      5235	80001360	017b5b13	srli	x22,x22,0x17	 x22:0x00000001 x22=0x00000000
      52385.000 ns	      5237	80001364	d0007ed3	fcvt.s.w	f29,x0	  x0:0x00000000 f29=0x00000000
      52405.000 ns	      5239	80001368	00ac1313	slli	x6,x24,0xa	 x24:0xfc4a2000  x6=0x28800000
      52445.000 ns	      5243	8000136c	08ad2753	fsub.s	f14,f26,f10	 f26:0x4c8eee06 f10:0x00000000 f14=0x4c8eee06
      52465.000 ns	      5245	80001370	00369693	slli	x13,x13,0x3	 x13:0x00000000 x13=0x00000000
      52475.000 ns	      5246	80001374	016b4cb3	xor	x25,x22,x22	 x22:0x00000000 x22:0x00000000 x25=0x00000000
      52485.000 ns	      5247	80001378	3c4cad13	slti	x26,x25,964	 x25:0x3c7a2000 x26=0x00000001
      52815.000 ns	      5280	8000137c	1829ffd3	fdiv.s	f31,f19,f2	 f19:0x4c8eee06  f2:0x3f800000 f31=0x4c8eed96
      52845.000 ns	      5283	80001380	0235ab33	mulhsu	x22,x11,x3	 x11:0x00000001  x3:0xfc4a2000 x22=0x00000000
      52875.000 ns	      5286	80001384	a11b8a53	fle.s	x20,f23,f17	 f23:0xbf800000 f17:0x00000000 x20=0x00000001
      52905.000 ns	      5289	80001388	026eaf33	mulhsu	x30,x29,x6	 x29:0xffffffff  x6:0x28800000 x30=0xffffffff
      52935.000 ns	      5292	8000138c	a0ca9053	flt.s	x0,f21,f12	 f21:0xffc00000 f12:0x4f00040f
      52955.000 ns	      5294	80001390	00000013	addi	x0,x0,0	  x0:0x00000000
      53315.000 ns	      5330	80001394	024f7433	remu	x8,x30,x4	 x30:0xffffffff  x4:0x00000001  x8=0x00000000
      53335.000 ns	      5332	80001398	00b61a13	slli	x20,x12,0xb	 x12:0x00000000 x20=0x00000000
      53355.000 ns	      5334	8000139c	c00c7c53	fcvt.w.s	x24,f24	 f24:0x80000001 x24=0x00000000
      53385.000 ns	      5337	800013a0	a0db27d3	feq.s	x15,f22,f13	 f22:0x4607421c f13:0xbf800000 x15=0x00000000
      53405.000 ns	      5339	800013a4	41cf0eb3	sub	x29,x30,x28	 x30:0xffffffff x28:0x00000001 x29=0xfffffffe
      53415.000 ns	      5340	800013a8	0043e5b3	or	x11,x7,x4	  x7:0x00000001  x4:0x00000001 x11=0x00000001
      53445.000 ns	      5343	800013ac	18842053	fdiv.s	f0,f8,f8	  f8:0x00000000  f8:0x00000000  f0=0x7fc00000
      53465.000 ns	      5345	800013b0	00d39313	slli	x6,x7,0xd	  x7:0x00000001  x6=0x00002000
      53495.000 ns	      5348	800013b4	580c4ad3	fsqrt.s	f21,f24	 f24:0x80000001 f21=0x7fc00000
      53865.000 ns	      5385	800013b8	032f5fb3	divu	x31,x30,x18	 x30:0xffffffff x18:0xbfd00000 x31=0x00000001
      53895.000 ns	      5388	800013bc	c01c4753	fcvt.wu.s	x14,f24	 f24:0x80000001 x14=0x00000000
      53915.000 ns	      5390	800013c0	00000013	addi	x0,x0,0	  x0:0x00000000
      53935.000 ns	      5392	800013c4	e00910d3	fclass.s	x1,f18	 f18:0x80000000  x1=0x00000008
      53955.000 ns	      5394	800013c8	01948633	add	x12,x9,x25	  x9:0x000002ec x25:0x00000000 x12=0x000002ec
      53975.000 ns	      5396	800013cc	28590253	fmin.s	f4,f18,f5	 f18:0x80000000  f5:0x4422c000  f4=0x80000000
      54345.000 ns	      5433	800013d0	0324ecb3	rem	x25,x9,x18	  x9:0x000002ec x18:0xbfd00000 x25=0x000002ec
      54365.000 ns	      5435	800013d4	ddb6ef13	ori	x30,x13,-549	 x13:0x00000000 x30=0xfffffddb
      54385.000 ns	      5437	800013d8	29a40453	fmin.s	f8,f8,f26	  f8:0x00000000 f26:0x4c8eee06  f8=0x00000000
      54405.000 ns	      5439	800013dc	4038d393	srai	x7,x17,0x3	 x17:0xfc4a1ad1  x7=0xff89435a
      54415.000 ns	      5440	800013e0	40a50733	sub	x14,x10,x10	 x10:0xf75ca184 x10:0xf75ca184 x14=0x00000000
      54425.000 ns	      5441	800013e4	82890393	addi	x7,x18,-2008	 x18:0xbfd00000  x7=0xbfcff828
      54445.000 ns	      5443	800013e8	02e78733	mul	x14,x15,x14	 x15:0x00000000 x14:0x00000000 x14=0x00000000
      54465.000 ns	      5445	800013ec	01bee3b3	or	x7,x29,x27	 x29:0xfffffffe x27:0x80040fe4  x7=0xfffffffe
      54825.000 ns	      5481	800013f0	03ebe1b3	rem	x3,x23,x30	 x23:0xfffff96a x30:0xfffffddb  x3=0xffffffd9
      54845.000 ns	      5483	800013f4	00a668b3	or	x17,x12,x10	 x12:0x000002ec x10:0xf75ca184 x17=0xf75ca3ec
      54855.000 ns	      5484	800013f8	00515b13	srli	x22,x2,0x5	  x2:0x00000000 x22=0x00000000
      54865.000 ns	      5485	800013fc	8630a793	slti	x15,x1,-1949	  x1:0x00000008 x15=0x00000000
      54885.000 ns	      5487	80001400	202588d3	fsgnj.s	f17,f11,f2	 f11:0x3f2b7f94  f2:0x3f800000 f17=0x3f2b7f94
      54915.000 ns	      5490	80001404	f0030ed3	fmv.w.x	f29,x6	  x6:0x00002000 f29=0x00002000
      54965.000 ns	      5495	80001408	09b90b53	fsub.s	f22,f18,f27	 f18:0x80000000 f27:0x7fc00000 f22=0x7fc00000
      54995.000 ns	      5498	8000140c	20e5aad3	fsgnjx.s	f21,f11,f14	 f11:0x3f2b7f94 f14:0x4c8eee06 f21=0x3f2b7f94
      55015.000 ns	      5500	80001410	76c8b593	sltiu	x11,x17,1900	 x17:0xf75ca3ec x11=0x00000000
      55035.000 ns	      5502	80001414	a014a253	feq.s	x4,f9,f1	  f9:0xf1f5cf28  f1:0x00000000  x4=0x00000000
      55065.000 ns	      5505	80001418	02029333	mulh	x6,x5,x0	  x5:0x80041024  x0:0x00000000  x6=0x00000000
      55085.000 ns	      5507	8000141c	409cd613	srai	x12,x25,0x9	 x25:0x000002ec x12=0x00000001
      55095.000 ns	      5508	80001420	32b62213	slti	x4,x12,811	 x12:0x000002ec  x4=0x00000001
      55105.000 ns	      5509	80001424	00e2e4b3	or	x9,x5,x14	  x5:0x80041024 x14:0x00000000  x9=0x80041024
      55115.000 ns	      5510	80001428	40125a93	srai	x21,x4,0x1	  x4:0x00000000 x21=0x00000000
      55135.000 ns	      5512	8000142c	21d22053	fsgnjx.s	f0,f4,f29	  f4:0x80000000 f29:0x00002000  f0=0x80000000
      55505.000 ns	      5549	80001430	03c85cb3	divu	x25,x16,x28	 x16:0x63919000 x28:0x00000001 x25=0x63919000
      55525.000 ns	      5551	80001434	9aff3793	sltiu	x15,x30,-1617	 x30:0xfffffddb x15=0x00000000
      55545.000 ns	      5553	80001438	21439d53	fsgnjn.s	f26,f7,f20	  f7:0x7fc00000 f20:0x4efff7df f26=0xffc00000
      55565.000 ns	      5555	8000143c	a68a6813	ori	x16,x20,-1432	 x20:0x00000000 x16=0xfffffa68
      55575.000 ns	      5556	80001440	7aab7993	andi	x19,x22,1962	 x22:0x00000000 x19=0x00000000
      55585.000 ns	      5557	80001444	01246b33	or	x22,x8,x18	  x8:0x00000000 x18:0xbfd00000 x22=0xbfd00000
      55625.000 ns	      5561	80001448	094577d3	fsub.s	f15,f10,f20	 f10:0x00000000 f20:0x4efff7df f15=0xcefff7df
      55645.000 ns	      5563	8000144c	00d687b3	add	x15,x13,x13	 x13:0x00000000 x13:0x00000000 x15=0x00000000
      55655.000 ns	      5564	80001450	40acde33	sra	x28,x25,x10	 x25:0x63919000 x10:0xf75ca184 x28=0x06391900
      55675.000 ns	      5566	80001454	2068a853	fsgnjx.s	f16,f17,f6	 f17:0x3f2b7f94  f6:0xbf800000 f16=0xbf2b7f94
      55695.000 ns	      5568	80001458	40ef5033	sra	x0,x30,x14	 x30:0xfffffddb x14:0x00000000
      55705.000 ns	      5569	8000145c	002d4e33	xor	x28,x26,x2	 x26:0x00000001  x2:0x00000000 x28=0x00000001
      55725.000 ns	      5571	80001460	02bd7033	remu	x0,x26,x11	 x26:0x00000001 x11:0x00000000
      55745.000 ns	      5573	80001464	52f9e213	ori	x4,x19,1327	 x19:0x00000000  x4=0x0000052f
      55755.000 ns	      5574	80001468	0090fab3	and	x21,x1,x9	  x1:0x00000008  x9:0x80041024 x21=0x00000000
      55775.000 ns	      5576	8000146c	c0137a53	fcvt.wu.s	x20,f6	  f6:0xbf800000 x20=0x00000001
      55795.000 ns	      5578	80001470	00ab9133	sll	x2,x23,x10	 x23:0xfffff96a x10:0xf75ca184  x2=0xffff96a0
      56125.000 ns	      5611	80001474	18de7bd3	fdiv.s	f23,f28,f13	 f28:0x4f775ca1 f13:0xbf800000 f23=0xceffcedc
      56145.000 ns	      5613	80001478	01dbd813	srli	x16,x23,0x1d	 x23:0xfffff96a x16=0x00000007
      56165.000 ns	      5615	8000147c	a03d1653	flt.s	x12,f26,f3	 f26:0xffc00000  f3:0x7fc00000 x12=0x00000000
      56195.000 ns	      5618	80001480	02859733	mulh	x14,x11,x8	 x11:0x00000000  x8:0x00000000 x14=0x00000000
      56225.000 ns	      5621	80001484	207d1bd3	fsgnjn.s	f23,f26,f7	 f26:0xffc00000  f7:0x7fc00000 f23=0xffc00000
      56245.000 ns	      5623	80001488	c98e3193	sltiu	x3,x28,-872	 x28:0x00000001  x3=0x00000001
      56265.000 ns	      5625	8000148c	c01aa853	fcvt.wu.s	x16,f21	 f21:0x3f2b7f94 x16=0x00000001
      56285.000 ns	      5627	80001490	9a4d6c93	ori	x25,x26,-1628	 x26:0x00000001 x25=0xfffff9a5
      56305.000 ns	      5629	80001494	023a1cb3	mulh	x25,x20,x3	 x20:0x00000001  x3:0x00000001 x25=0x00000000
      56325.000 ns	      5631	80001498	f800b213	sltiu	x4,x1,-128	  x1:0x00000008  x4=0x00000001
      56335.000 ns	      5632	8000149c	00446d33	or	x26,x8,x4	  x8:0x00000000  x4:0x0000052f x26=0x00000001
      56355.000 ns	      5634	800014a0	e00d89d3	fmv.x.w	x19,f27	 f27:0x7fc00000 x19=0x7fc00000
      56385.000 ns	      5637	800014a4	03da1333	mulh	x6,x20,x29	 x20:0x00000001 x29:0xfffffffe  x6=0xffffffff
      56725.000 ns	      5671	800014a8	185ffb53	fdiv.s	f22,f31,f5	 f31:0x4c8eed96  f5:0x4422c000 f22=0x47953ff4
      56745.000 ns	      5673	800014ac	00a74d33	xor	x26,x14,x10	 x14:0x00000000 x10:0xf75ca184 x26=0xf75ca184
      56775.000 ns	      5676	800014b0	580cba53	fsqrt.s	f20,f25	 f25:0xdfe80000 f20=0x7fc00000
      56795.000 ns	      5678	800014b4	00d656b3	srl	x13,x12,x13	 x12:0x00000000 x13:0x00000000 x13=0x00000000
      56805.000 ns	      5679	800014b8	e9600593	addi	x11,x0,-362	  x0:0x00000000 x11=0xfffffe96
      56845.000 ns	      5683	800014bc	0998a253	fsub.s	f4,f17,f25	 f17:0x3f2b7f94 f25:0xdfe80000  f4=0x5fe80000
      56865.000 ns	      5685	800014c0	003a7c33	and	x24,x20,x3	 x20:0x00000001  x3:0x00000001 x24=0x00000001
      56885.000 ns	      5687	800014c4	c01db9d3	fcvt.wu.s	x19,f27	 f27:0x7fc00000 x19=0xffffffff
      57255.000 ns	      5724	800014c8	0304c7b3	div	x15,x9,x16	  x9:0x80041024 x16:0x00000001 x15=0x80041024
      57285.000 ns	      5727	800014cc	e00b0153	fmv.x.w	x2,f22	 f22:0x47953ff4  x2=0x47953ff4
      57305.000 ns	      5729	800014d0	01c92233	slt	x4,x18,x28	 x18:0xbfd00000 x28:0x00000001  x4=0x00000001
      57325.000 ns	      5731	800014d4	a1cf87d3	fle.s	x15,f31,f28	 f31:0x4c8eed96 f28:0x4f775ca1 x15=0x00000001
      57365.000 ns	      5735	800014d8	197cbe53	fdiv.s	f28,f25,f23	 f25:0xdfe80000 f23:0xffc00000 f28=0x7fc00000
      57385.000 ns	      5737	800014dc	2a81df97	auipc	x31,0x2a81d	 x31=0xaa81e4dc
      57395.000 ns	      5738	800014e0	0fb53b93	sltiu	x23,x10,251	 x10:0xf75ca184 x23=0x00000000
      57415.000 ns	      5740	800014e4	c005f353	fcvt.w.s	x6,f11	 f11:0x3f2b7f94  x6=0x00000000
      57435.000 ns	      5742	800014e8	ad77f3b7	lui	x7,0xad77f	  x7=0xad77f000
      57455.000 ns	      5744	800014ec	03d5a233	mulhsu	x4,x11,x29	 x11:0xfffffe96 x29:0xfffffffe  x4=0xfffffe96
      57475.000 ns	      5746	800014f0	a7f2ed13	ori	x26,x5,-1409	  x5:0x80041024 x26=0xfffffa7f
      57485.000 ns	      5747	800014f4	00434233	xor	x4,x6,x4	  x6:0x00000000  x4:0xfffffe96  x4=0xfffffe96
      57495.000 ns	      5748	800014f8	a5074a13	xori	x20,x14,-1456	 x14:0x00000000 x20=0xfffffa50
      57505.000 ns	      5749	800014fc	d21b8493	addi	x9,x23,-735	 x23:0x00000000  x9=0xfffffd21
      57515.000 ns	      5750	80001500	09d0aa13	slti	x20,x1,157	  x1:0x00000008 x20=0x00000001
      57535.000 ns	      5752	80001504	a1ea2053	feq.s	x0,f20,f30	 f20:0x7fc00000 f30:0x7fc00000
      57555.000 ns	      5754	80001508	0152a333	slt	x6,x5,x21	  x5:0x80041024 x21:0x00000000  x6=0x00000001
      57565.000 ns	      5755	8000150c	1211f913	andi	x18,x3,289	  x3:0x00000001 x18=0x00000001
      57585.000 ns	      5757	80001510	f00b0e53	fmv.w.x	f28,x22	 x22:0xbfd00000 f28=0xbfd00000
      57605.000 ns	      5759	80001514	28b49f97	auipc	x31,0x28b49	 x31=0xa8b4a514
      57625.000 ns	      5761	80001518	e0068053	fmv.x.w	x0,f13	 f13:0xbf800000
      57645.000 ns	      5763	8000151c	00273933	sltu	x18,x14,x2	 x14:0x00000000  x2:0x47953ff4 x18=0x00000001
      57655.000 ns	      5764	80001520	40515833	sra	x16,x2,x5	  x2:0x47953ff4  x5:0x80041024 x16=0x047953ff
      57665.000 ns	      5765	80001524	005b9133	sll	x2,x23,x5	 x23:0x00000000  x5:0x80041024  x2=0x00000000
      57685.000 ns	      5767	80001528	e00087d3	fmv.x.w	x15,f1	  f1:0x00000000 x15=0x00000000
      57705.000 ns	      5769	8000152c	77803a13	sltiu	x20,x0,1912	  x0:0x00000000 x20=0x00000001
      57725.000 ns	      5771	80001530	026f09b3	mul	x19,x30,x6	 x30:0xfffffddb  x6:0x00000001 x19=0xfffffddb
      57755.000 ns	      5774	80001534	e0061853	fclass.s	x16,f12	 f12:0x4f00040f x16=0x00000040
      57785.000 ns	      5777	80001538	f00d8ad3	fmv.w.x	f21,x27	 x27:0x80040fe4 f21=0x80040fe4
      58155.000 ns	      5814	8000153c	0279e0b3	rem	x1,x19,x7	 x19:0xfffffddb  x7:0xad77f000  x1=0xfffffddb
      58185.000 ns	      5817	80001540	02d78933	mul	x18,x15,x13	 x15:0x00000000 x13:0x00000000 x18=0x00000000
      58205.000 ns	      5819	80001544	000cda33	srl	x20,x25,x0	 x25:0x00000000  x0:0x00000000 x20=0x00000000
      58215.000 ns	      5820	80001548	9e6cea13	ori	x20,x25,-1562	 x25:0x00000000 x20=0xfffff9e6
      58245.000 ns	      5823	8000154c	11552353	fmul.s	f6,f10,f21	 f10:0x00000000 f21:0x80040fe4  f6=0x80000000
      58275.000 ns	      5826	80001550	c011fa53	fcvt.wu.s	x20,f3	  f3:0x7fc00000 x20=0xffffffff
      58315.000 ns	      5830	80001554	1116f353	fmul.s	f6,f13,f17	 f13:0xbf800000 f17:0x3f2b7f94  f6=0xbf2b7f94
      58355.000 ns	      5834	80001558	1162f053	fmul.s	f0,f5,f22	  f5:0x4422c000 f22:0x47953ff4  f0=0x4c3dc4d0
      58405.000 ns	      5839	8000155c	08ae7a53	fsub.s	f20,f28,f10	 f28:0xbfd00000 f10:0x00000000 f20=0xbfd00000
      58425.000 ns	      5841	80001560	00ae89b3	add	x19,x29,x10	 x29:0xfffffffe x10:0xf75ca184 x19=0xf75ca182
      58455.000 ns	      5844	80001564	108e7ed3	fmul.s	f29,f28,f8	 f28:0xbfd00000  f8:0x00000000 f29=0x80000000
      58485.000 ns	      5847	80001568	c0137153	fcvt.wu.s	x2,f6	  f6:0xbf2b7f94  x2=0x00000000
      58515.000 ns	      5850	8000156c	20f8afd3	fsgnjx.s	f31,f17,f15	 f17:0x3f2b7f94 f15:0xcefff7df f31=0xbf2b7f94
      58535.000 ns	      5852	80001570	00a8ba33	sltu	x20,x17,x10	 x17:0xf75ca3ec x10:0xf75ca184 x20=0x00000000
      58545.000 ns	      5853	80001574	4158d633	sra	x12,x17,x21	 x17:0xf75ca3ec x21:0x00000000 x12=0xf75ca3ec
      58905.000 ns	      5889	80001578	026c6cb3	rem	x25,x24,x6	 x24:0x00000001  x6:0x00000001 x25=0x00000000
      58925.000 ns	      5891	8000157c	012c5f93	srli	x31,x24,0x12	 x24:0x00000001 x31=0x00000000
      58935.000 ns	      5892	80001580	e4e2e893	ori	x17,x5,-434	  x5:0x80041024 x17=0xfffffe6e
      58955.000 ns	      5894	80001584	03be8ab3	mul	x21,x29,x27	 x29:0xfffffffe x27:0x80040fe4 x21=0xfff7e038
      58985.000 ns	      5897	80001588	c011f5d3	fcvt.wu.s	x11,f3	  f3:0x7fc00000 x11=0xffffffff
      59005.000 ns	      5899	8000158c	a3a6ff17	auipc	x30,0xa3a6f	 x30=0x23a7058c
      59025.000 ns	      5901	80001590	f00182d3	fmv.w.x	f5,x3	  x3:0x00000001  f5=0x00000001
      59055.000 ns	      5904	80001594	20ec11d3	fsgnjn.s	f3,f24,f14	 f24:0x80000001 f14:0x4c8eee06  f3=0x80000001
      59425.000 ns	      5941	80001598	03e0d8b3	divu	x17,x1,x30	  x1:0xfffffddb x30:0x23a7058c x17=0x00000007
      59455.000 ns	      5944	8000159c	c00ea8d3	fcvt.w.s	x17,f29	 f29:0x80000000 x17=0x00000000
      59485.000 ns	      5947	800015a0	a04a0253	fle.s	x4,f20,f4	 f20:0xbfd00000  f4:0x5fe80000  x4=0x00000001
      59505.000 ns	      5949	800015a4	96564c93	xori	x25,x12,-1691	 x12:0xf75ca3ec x25=0x08a35a89
      59515.000 ns	      5950	800015a8	0145a633	slt	x12,x11,x20	 x11:0xffffffff x20:0x00000000 x12=0x00000001
      59535.000 ns	      5952	800015ac	287e0fd3	fmin.s	f31,f28,f7	 f28:0xbfd00000  f7:0x7fc00000 f31=0xbfd00000
      59905.000 ns	      5989	800015b0	035c6eb3	rem	x29,x24,x21	 x24:0x00000001 x21:0xfff7e038 x29=0x00000001
      59925.000 ns	      5991	800015b4	01ae1ab3	sll	x21,x28,x26	 x28:0x00000001 x26:0xfffffa7f x21=0x80000000
      59935.000 ns	      5992	800015b8	0108d693	srli	x13,x17,0x10	 x17:0x00000000 x13=0x00000000
      60295.000 ns	      6028	800015bc	025f4b33	div	x22,x30,x5	 x30:0x23a7058c  x5:0x80041024 x22=0x00000000
      60315.000 ns	      6030	800015c0	bd317e13	andi	x28,x2,-1069	  x2:0x00000000 x28=0x00000000
      60335.000 ns	      6032	800015c4	21f12453	fsgnjx.s	f8,f2,f31	  f2:0x3f800000 f31:0xbfd00000  f8=0xbf800000
      60355.000 ns	      6034	800015c8	8ac517b7	lui	x15,0x8ac51	 x15=0x8ac51000
      60365.000 ns	      6035	800015cc	01354e33	xor	x28,x10,x19	 x10:0xf75ca184 x19:0xf75ca182 x28=0x00000006
      60385.000 ns	      6037	800015d0	e00f8053	fmv.x.w	x0,f31	 f31:0xbfd00000
      60405.000 ns	      6039	800015d4	166e6113	ori	x2,x28,358	 x28:0x00000000  x2=0x00000166
      60425.000 ns	      6041	800015d8	a1b4ae53	feq.s	x28,f9,f27	  f9:0xf1f5cf28 f27:0x7fc00000 x28=0x00000000
      60455.000 ns	      6044	800015dc	0327b633	mulhu	x12,x15,x18	 x15:0x8ac51000 x18:0x00000000 x12=0x00000000
      60475.000 ns	      6046	800015e0	4199dcb3	sra	x25,x19,x25	 x19:0xf75ca182 x25:0x08a35a89 x25=0xfffbae50
      60495.000 ns	      6048	800015e4	030130b3	mulhu	x1,x2,x16	  x2:0x00000166 x16:0x00000040  x1=0x00000000
      60525.000 ns	      6051	800015e8	f00c8ed3	fmv.w.x	f29,x25	 x25:0x08a35a89 f29=0xfffbae50
      60555.000 ns	      6054	800015ec	c00d7153	fcvt.w.s	x2,f26	 f26:0xffc00000  x2=0x7fffffff
      60575.000 ns	      6056	800015f0	b7add8b7	lui	x17,0xb7add	 x17=0xb7add000
      60605.000 ns	      6059	800015f4	580d7853	fsqrt.s	f16,f26	 f26:0xffc00000 f16=0x7fc00000
      60625.000 ns	      6061	800015f8	00a35693	srli	x13,x6,0xa	  x6:0x00000001 x13=0x00000000
      60645.000 ns	      6063	800015fc	f00984d3	fmv.w.x	f9,x19	 x19:0xf75ca182  f9=0xf75ca182
      60675.000 ns	      6066	80001600	d00a87d3	fcvt.s.w	f15,x21	 x21:0x80000000 f15=0xcf000000
      60705.000 ns	      6069	80001604	a1a298d3	flt.s	x17,f5,f26	  f5:0x00000001 f26:0xffc00000 x17=0x00000000
      60735.000 ns	      6072	80001608	023e28b3	mulhsu	x17,x28,x3	 x28:0x00000000  x3:0x00000001 x17=0x00000000
      60785.000 ns	      6077	8000160c	084579d3	fsub.s	f19,f10,f4	 f10:0x00000000  f4:0x5fe80000 f19=0xdfe80000
      60805.000 ns	      6079	80001610	00879413	slli	x8,x15,0x8	 x15:0x8ac51000  x8=0xc5100000
      60825.000 ns	      6081	80001614	03860f33	mul	x30,x12,x24	 x12:0x00000000 x24:0x00000001 x30=0x00000000
      60855.000 ns	      6084	80001618	03e88133	mul	x2,x17,x30	 x17:0x00000000 x30:0x23a7058c  x2=0x00000000
      60905.000 ns	      6089	8000161c	09f50853	fsub.s	f16,f10,f31	 f10:0x00000000 f31:0xbfd00000 f16=0x3fd00000
      60935.000 ns	      6092	80001620	a0be8ed3	fle.s	x29,f29,f11	 f29:0xfffbae50 f11:0x3f2b7f94 x29=0x00000000
      60955.000 ns	      6094	80001624	c6908a13	addi	x20,x1,-919	  x1:0x00000000 x20=0xfffffc69
      60975.000 ns	      6096	80001628	c0107453	fcvt.wu.s	x8,f0	  f0:0x4c3dc4d0  x8=0x02f71340
      61005.000 ns	      6099	8000162c	20cd1dd3	fsgnjn.s	f27,f26,f12	 f26:0xffc00000 f12:0x4f00040f f27=0xffc00000
      61025.000 ns	      6101	80001630	000d9733	sll	x14,x27,x0	 x27:0x80040fe4  x0:0x00000000 x14=0x80040fe4
      61045.000 ns	      6103	80001634	d00071d3	fcvt.s.w	f3,x0	  x0:0x00000000  f3=0x00000000
      61075.000 ns	      6106	80001638	03933733	mulhu	x14,x6,x25	  x6:0x00000001 x25:0xfffbae50 x14=0x00000000
      61105.000 ns	      6109	8000163c	c01b3fd3	fcvt.wu.s	x31,f22	 f22:0x47953ff4 x31=0x00012a80
      61145.000 ns	      6113	80001640	580a2353	fsqrt.s	f6,f20	 f20:0xbfd00000  f6=0x7fc00000
      61165.000 ns	      6115	80001644	01c8bcb3	sltu	x25,x17,x28	 x17:0x00000000 x28:0x00000000 x25=0x00000000
      61185.000 ns	      6117	80001648	03d8f1b3	remu	x3,x17,x29	 x17:0x00000000 x29:0x00000000  x3=0x00000000
      61205.000 ns	      6119	8000164c	2c0f3813	sltiu	x16,x30,704	 x30:0x00000000 x16=0x00000001
      61225.000 ns	      6121	80001650	201000d3	fsgnj.s	f1,f0,f1	  f0:0x4c3dc4d0  f1:0x00000000  f1=0x4c3dc4d0
      61245.000 ns	      6123	80001654	63d26313	ori	x6,x4,1597	  x4:0x00000001  x6=0x0000063d
      61265.000 ns	      6125	80001658	e0060bd3	fmv.x.w	x23,f12	 f12:0x4f00040f x23=0x4f00040f
      61285.000 ns	      6127	8000165c	01801c13	slli	x24,x0,0x18	  x0:0x00000000 x24=0x00000000
      61305.000 ns	      6129	80001660	03c32bb3	mulhsu	x23,x6,x28	  x6:0x0000063d x28:0x00000000 x23=0x00000000
      61335.000 ns	      6132	80001664	03658233	mul	x4,x11,x22	 x11:0xffffffff x22:0x00000000  x4=0x00000000
      61355.000 ns	      6134	80001668	010c83b3	add	x7,x25,x16	 x25:0x00000000 x16:0x00000001  x7=0x00000001
      61365.000 ns	      6135	8000166c	009923b3	slt	x7,x18,x9	 x18:0x00000000  x9:0xfffffd21  x7=0x00000000
      61385.000 ns	      6137	80001670	03dbef33	rem	x30,x23,x29	 x23:0x00000000 x29:0x00000000 x30=0x00000000
      61405.000 ns	      6139	80001674	31626813	ori	x16,x4,790	  x4:0x00000000 x16=0x00000316
      61425.000 ns	      6141	80001678	d0052ed3	fcvt.s.w	f29,x10	 x10:0xf75ca184 f29=0xcd0a35e8
      61445.000 ns	      6143	8000167c	0101bab3	sltu	x21,x3,x16	  x3:0x00000000 x16:0x00000001 x21=0x00000001
      61455.000 ns	      6144	80001680	01d75613	srli	x12,x14,0x1d	 x14:0x00000000 x12=0x00000000
      61475.000 ns	      6146	80001684	02e00e33	mul	x28,x0,x14	  x0:0x00000000 x14:0x00000000 x28=0x00000000
      61495.000 ns	      6148	80001688	408ed9b3	sra	x19,x29,x8	 x29:0x00000000  x8:0x02f71340 x19=0x00000000
      61515.000 ns	      6150	8000168c	20b60cd3	fsgnj.s	f25,f12,f11	 f12:0x4f00040f f11:0x3f2b7f94 f25=0x4f00040f
      61535.000 ns	      6152	80001690	00c31eb3	sll	x29,x6,x12	  x6:0x0000063d x12:0x00000000 x29=0x0000063d
      61555.000 ns	      6154	80001694	a18418d3	flt.s	x17,f8,f24	  f8:0xbf800000 f24:0x80000001 x17=0x00000001
      61575.000 ns	      6156	80001698	01ee2fb3	slt	x31,x28,x30	 x28:0x00000000 x30:0x00000000 x31=0x00000000
      61905.000 ns	      6189	8000169c	19dc0ed3	fdiv.s	f29,f24,f29	 f24:0x80000001 f29:0xcd0a35e8 f29=0x00000000
      61935.000 ns	      6192	800016a0	a1ad8ad3	fle.s	x21,f27,f26	 f27:0xffc00000 f26:0xffc00000 x21=0x00000000
      61955.000 ns	      6194	800016a4	01348eb3	add	x29,x9,x19	  x9:0xfffffd21 x19:0x00000000 x29=0xfffffd21
      62315.000 ns	      6230	800016a8	02bed7b3	divu	x15,x29,x11	 x29:0x0000063d x11:0xffffffff x15=0x00000000
      62355.000 ns	      6234	800016ac	580af3d3	fsqrt.s	f7,f21	 f21:0x80040fe4  f7=0x7fc00000
      62375.000 ns	      6236	800016b0	40e08eb3	sub	x29,x1,x14	  x1:0x00000000 x14:0x00000000 x29=0x00000000
      62385.000 ns	      6237	800016b4	d353ca93	xori	x21,x7,-715	  x7:0x00000000 x21=0xfffffd35
      62395.000 ns	      6238	800016b8	01abc8b3	xor	x17,x23,x26	 x23:0x00000000 x26:0xfffffa7f x17=0xfffffa7f
      62415.000 ns	      6240	800016bc	a0548653	fle.s	x12,f9,f5	  f9:0xf75ca182  f5:0x00000001 x12=0x00000001
      62445.000 ns	      6243	800016c0	025598b3	mulh	x17,x11,x5	 x11:0xffffffff  x5:0x80041024 x17=0x00000000
      62495.000 ns	      6248	800016c4	00338553	fadd.s	f10,f7,f3	  f7:0x7fc00000  f3:0x00000000 f10=0x7fc00000
      63495.000 ns	      6348	800016c8	5800f3d3	fsqrt.s	f7,f1	  f1:0x4c3dc4d0  f7=0x45862fc3
      63525.000 ns	      6351	800016cc	e00b0fd3	fmv.x.w	x31,f22	 f22:0x47953ff4 x31=0x47953ff4
      63545.000 ns	      6353	800016d0	00000013	addi	x0,x0,0	  x0:0x00000000
      63555.000 ns	      6354	800016d4	65cbc313	xori	x6,x23,1628	 x23:0x00000000  x6=0x0000065c
      63575.000 ns	      6356	800016d8	03b39133	mulh	x2,x7,x27	  x7:0x00000000 x27:0x80040fe4  x2=0x00000000
      63595.000 ns	      6358	800016dc	7f9d0697	auipc	x13,0x7f9d0	 x13=0xff9d16dc
      63615.000 ns	      6360	800016e0	03255633	divu	x12,x10,x18	 x10:0xf75ca184 x18:0x00000000 x12=0xffffffff
      63635.000 ns	      6362	800016e4	0bc04fb7	lui	x31,0xbc04	 x31=0x0bc04000
      63995.000 ns	      6398	800016e8	03a96233	rem	x4,x18,x26	 x18:0x00000000 x26:0xfffffa7f  x4=0x00000000
      64015.000 ns	      6400	800016ec	01615a33	srl	x20,x2,x22	  x2:0x00000000 x22:0x00000000 x20=0x00000000
      64035.000 ns	      6402	800016f0	201e9b53	fsgnjn.s	f22,f29,f1	 f29:0x00000000  f1:0x4c3dc4d0 f22=0x80000000
      64055.000 ns	      6404	800016f4	41cc0d33	sub	x26,x24,x28	 x24:0x00000000 x28:0x00000000 x26=0x00000000
      64065.000 ns	      6405	800016f8	2ac62993	slti	x19,x12,684	 x12:0xffffffff x19=0x00000001
      64075.000 ns	      6406	800016fc	477ad417	auipc	x8,0x477ad	  x8=0xc77ae6fc
      64085.000 ns	      6407	80001700	ebd56f93	ori	x31,x10,-323	 x10:0xf75ca184 x31=0xffffffbd
      64105.000 ns	      6409	80001704	a07619d3	flt.s	x19,f12,f7	 f12:0x4f00040f  f7:0x45862fc3 x19=0x00000000
      64145.000 ns	      6413	80001708	195dfbd3	fdiv.s	f23,f27,f21	 f27:0xffc00000 f21:0x80040fe4 f23=0x7fc00000
      64165.000 ns	      6415	8000170c	16b53b93	sltiu	x23,x10,363	 x10:0xf75ca184 x23=0x00000000
      64185.000 ns	      6417	80001710	d01ff553	fcvt.s.wu	f10,x31	 x31:0xffffffbd f10=0x4f7fffff
      64215.000 ns	      6420	80001714	e0031f53	fclass.s	x30,f6	  f6:0x7fc00000 x30=0x00000200
      64255.000 ns	      6424	80001718	580ff853	fsqrt.s	f16,f31	 f31:0xbfd00000 f16=0x7fc00000
      64275.000 ns	      6426	8000171c	e9d1a813	slti	x16,x3,-355	  x3:0x00000000 x16=0x00000000
      64285.000 ns	      6427	80001720	01971893	slli	x17,x14,0x19	 x14:0x00000000 x17=0x00000000
      64295.000 ns	      6428	80001724	01eb54b3	srl	x9,x22,x30	 x22:0x00000000 x30:0x00000200  x9=0x00000000
      64315.000 ns	      6430	80001728	20188c53	fsgnj.s	f24,f17,f1	 f17:0x3f2b7f94  f1:0x4c3dc4d0 f24=0x3f2b7f94
      64335.000 ns	      6432	8000172c	004c0e33	add	x28,x24,x4	 x24:0x00000000  x4:0x00000000 x28=0x00000000
      64345.000 ns	      6433	80001730	0046d593	srli	x11,x13,0x4	 x13:0xff9d16dc x11=0x0ff9d16d
      64355.000 ns	      6434	80001734	fcb78737	lui	x14,0xfcb78	 x14=0xfcb78000
      64375.000 ns	      6436	80001738	02cf0233	mul	x4,x30,x12	 x30:0x00000200 x12:0xffffffff  x4=0xfffffe00
      64395.000 ns	      6438	8000173c	40575cb3	sra	x25,x14,x5	 x14:0x00000000  x5:0x80041024 x25=0xffcb7800
      64405.000 ns	      6439	80001740	4fade597	auipc	x11,0x4fade	 x11=0xcfadf740
      64445.000 ns	      6443	80001744	08534553	fsub.s	f10,f6,f5	  f6:0x7fc00000  f5:0x00000001 f10=0x7fc00000
      64475.000 ns	      6446	80001748	033c8233	mul	x4,x25,x19	 x25:0xffcb7800 x19:0x00000000  x4=0x00000000
      64495.000 ns	      6448	8000174c	00e89013	slli	x0,x17,0xe	 x17:0x00000000
      64515.000 ns	      6450	80001750	02bcb0b3	mulhu	x1,x25,x11	 x25:0xffcb7800 x11:0xcfadf740  x1=0xcf835995
      64545.000 ns	      6453	80001754	027a4033	div	x0,x20,x7	 x20:0x00000000  x7:0x00000000
      64575.000 ns	      6456	80001758	028fa7b3	mulhsu	x15,x31,x8	 x31:0xffffffbd  x8:0xc77ae6fc x15=0xffffffcb
      64595.000 ns	      6458	8000175c	0134af33	slt	x30,x9,x19	  x9:0x00000000 x19:0x00000000 x30=0x00000000
      64605.000 ns	      6459	80001760	01e71d33	sll	x26,x14,x30	 x14:0xfcb78000 x30:0x00000200 x26=0xfcb78000
      64615.000 ns	      6460	80001764	40010933	sub	x18,x2,x0	  x2:0x00000000  x0:0x00000000 x18=0x00000000
      64945.000 ns	      6493	80001768	18960653	fdiv.s	f12,f12,f9	 f12:0x4f00040f  f9:0xf75ca182 f12=0x97000410
      64975.000 ns	      6496	8000176c	a1b19f53	flt.s	x30,f3,f27	  f3:0x00000000 f27:0xffc00000 x30=0x00000000
      64995.000 ns	      6498	80001770	00850c33	add	x24,x10,x8	 x10:0xf75ca184  x8:0xc77ae6fc x24=0xbed78880
      65005.000 ns	      6499	80001774	654cb813	sltiu	x16,x25,1620	 x25:0xffcb7800 x16=0x00000000
      65015.000 ns	      6500	80001778	97515b97	auipc	x23,0x97515	 x23=0x17516778
      65025.000 ns	      6501	8000177c	7878a4b7	lui	x9,0x7878a	  x9=0x7878a000
      65045.000 ns	      6503	80001780	02581f33	mulh	x30,x16,x5	 x16:0x00000000  x5:0x80041024 x30=0x00000000
      65065.000 ns	      6505	80001784	00a25013	srli	x0,x4,0xa	  x4:0x00000000
      65085.000 ns	      6507	80001788	a188a053	feq.s	x0,f17,f24	 f17:0x3f2b7f94 f24:0x3f2b7f94
      65105.000 ns	      6509	8000178c	01543ab3	sltu	x21,x8,x21	  x8:0xc77ae6fc x21:0xfffffd35 x21=0x00000001
      65125.000 ns	      6511	80001790	d018fb53	fcvt.s.wu	f22,x17	 x17:0x00000000 f22=0x00000000
      65155.000 ns	      6514	80001794	c00acd53	fcvt.w.s	x26,f21	 f21:0x80040fe4 x26=0x00000000
      65185.000 ns	      6517	80001798	03e3d9b3	divu	x19,x7,x30	  x7:0x00000000 x30:0x00000000 x19=0xffffffff
      65215.000 ns	      6520	8000179c	209795d3	fsgnjn.s	f11,f15,f9	 f15:0xcf000000  f9:0xf75ca182 f11=0x4f000000
      65245.000 ns	      6523	800017a0	2195a6d3	fsgnjx.s	f13,f11,f25	 f11:0x3f2b7f94 f25:0x4f00040f f13=0x4f000000
      65265.000 ns	      6525	800017a4	01f66733	or	x14,x12,x31	 x12:0xffffffff x31:0xffffffbd x14=0xffffffff
      65285.000 ns	      6527	800017a8	02cd81b3	mul	x3,x27,x12	 x27:0x80040fe4 x12:0xffffffff  x3=0x7ffbf01c
      65305.000 ns	      6529	800017ac	00df5733	srl	x14,x30,x13	 x30:0x00000000 x13:0xff9d16dc x14=0x00000000
      65325.000 ns	      6531	800017b0	e00b1753	fclass.s	x14,f22	 f22:0x00000000 x14=0x00000010
      65355.000 ns	      6534	800017b4	c01d8153	fcvt.wu.s	x2,f27	 f27:0xffc00000  x2=0xffffffff
      65725.000 ns	      6571	800017b8	02116fb3	rem	x31,x2,x1	  x2:0x00000000  x1:0xcf835995 x31=0xffffffff
      65755.000 ns	      6574	800017bc	d00eb953	fcvt.s.w	f18,x29	 x29:0x00000000 f18=0x00000000
      65785.000 ns	      6577	800017c0	28b38a53	fmin.s	f20,f7,f11	  f7:0x45862fc3 f11:0x4f000000 f20=0x45862fc3
      65815.000 ns	      6580	800017c4	0302ad33	mulhsu	x26,x5,x16	  x5:0x80041024 x16:0x00000000 x26=0x00000000
      65835.000 ns	      6582	800017c8	0152f133	and	x2,x5,x21	  x5:0x80041024 x21:0x00000001  x2=0x00000000
      65845.000 ns	      6583	800017cc	6b4adb97	auipc	x23,0x6b4ad	 x23=0xeb4ae7cc
      65855.000 ns	      6584	800017d0	2bfdfe93	andi	x29,x27,703	 x27:0x80040fe4 x29=0x000002a4
      65865.000 ns	      6585	800017d4	00abd813	srli	x16,x23,0xa	 x23:0x17516778 x16=0x003ad2b9
      65875.000 ns	      6586	800017d8	1a984a37	lui	x20,0x1a984	 x20=0x1a984000
      65885.000 ns	      6587	800017dc	a47a8913	addi	x18,x21,-1465	 x21:0x00000001 x18=0xfffffa48
      65905.000 ns	      6589	800017e0	28499cd3	fmax.s	f25,f19,f4	 f19:0xdfe80000  f4:0x5fe80000 f25=0x5fe80000
      65935.000 ns	      6592	800017e4	031cc8b3	div	x17,x25,x17	 x25:0xffcb7800 x17:0x00000000 x17=0xffffffff
      65955.000 ns	      6594	800017e8	01372733	slt	x14,x14,x19	 x14:0x00000010 x19:0xffffffff x14=0x00000000
      65965.000 ns	      6595	800017ec	01435e93	srli	x29,x6,0x14	  x6:0x0000065c x29=0x00000000
      65985.000 ns	      6597	800017f0	024cc0b3	div	x1,x25,x4	 x25:0xffcb7800  x4:0x00000000  x1=0xffffffff
      66005.000 ns	      6599	800017f4	001ac8b3	xor	x17,x21,x1	 x21:0x00000001  x1:0xcf835995 x17=0xfffffffe
      66025.000 ns	      6601	800017f8	a0208e53	fle.s	x28,f1,f2	  f1:0x4c3dc4d0  f2:0x3f800000 x28=0x00000000
      66055.000 ns	      6604	800017fc	0272ca33	div	x20,x5,x7	  x5:0x80041024  x7:0x00000000 x20=0xffffffff
      66085.000 ns	      6607	80001800	295d93d3	fmax.s	f7,f27,f21	 f27:0xffc00000 f21:0x80040fe4  f7=0x80040fe4
      66105.000 ns	      6609	80001804	b670ec17	auipc	x24,0xb670e	 x24=0x3670f804
      66125.000 ns	      6611	80001808	034d28b3	mulhsu	x17,x26,x20	 x26:0x00000000 x20:0xffffffff x17=0x00000000
      66145.000 ns	      6613	8000180c	8a5b4493	xori	x9,x22,-1883	 x22:0x00000000  x9=0xfffff8a5
      66165.000 ns	      6615	80001810	03d76633	rem	x12,x14,x29	 x14:0x00000000 x29:0x00000000 x12=0x00000000
      66195.000 ns	      6618	80001814	03c75bb3	divu	x23,x14,x28	 x14:0x00000000 x28:0x00000000 x23=0xffffffff
      66215.000 ns	      6620	80001818	00cbd313	srli	x6,x23,0xc	 x23:0xeb4ae7cc  x6=0x000fffff
      66225.000 ns	      6621	8000181c	01c8ca33	xor	x20,x17,x28	 x17:0x00000000 x28:0x00000000 x20=0x00000000
      66245.000 ns	      6623	80001820	a06d18d3	flt.s	x17,f26,f6	 f26:0xffc00000  f6:0x7fc00000 x17=0x00000000
      66265.000 ns	      6625	80001824	00a9b333	sltu	x6,x19,x10	 x19:0xffffffff x10:0xf75ca184  x6=0x00000000
      66275.000 ns	      6626	80001828	2dc2f913	andi	x18,x5,732	  x5:0x80041024 x18=0x00000004
      66295.000 ns	      6628	8000182c	294a14d3	fmax.s	f9,f20,f20	 f20:0x45862fc3 f20:0x45862fc3  f9=0x45862fc3
      66325.000 ns	      6631	80001830	e00f16d3	fclass.s	x13,f30	 f30:0x7fc00000 x13=0x00000200
      66355.000 ns	      6634	80001834	02d799b3	mulh	x19,x15,x13	 x15:0xffffffcb x13:0xff9d16dc x19=0xffffffff
      66385.000 ns	      6637	80001838	03aef4b3	remu	x9,x29,x26	 x29:0x00000000 x26:0x00000000  x9=0x00000000
      66405.000 ns	      6639	8000183c	2bb94593	xori	x11,x18,699	 x18:0x00000004 x11=0x000002bf
      66425.000 ns	      6641	80001840	03d4fc33	remu	x24,x9,x29	  x9:0x00000000 x29:0x00000000 x24=0x00000000
      66445.000 ns	      6643	80001844	41175d13	srai	x26,x14,0x11	 x14:0x00000000 x26=0x00000000
      66465.000 ns	      6645	80001848	d006fe53	fcvt.s.w	f28,x13	 x13:0x00000200 f28=0x44000000
      66495.000 ns	      6648	8000184c	0274c433	div	x8,x9,x7	  x9:0x00000000  x7:0x00000000  x8=0xffffffff
      66525.000 ns	      6651	80001850	a0e8acd3	feq.s	x25,f17,f14	 f17:0x3f2b7f94 f14:0x4c8eee06 x25=0x00000000
      66555.000 ns	      6654	80001854	286f8853	fmin.s	f16,f31,f6	 f31:0xbfd00000  f6:0x7fc00000 f16=0xbfd00000
      66585.000 ns	      6657	80001858	d0127bd3	fcvt.s.wu	f23,x4	  x4:0x00000000 f23=0x00000000
      66615.000 ns	      6660	8000185c	c019f853	fcvt.wu.s	x16,f19	 f19:0xdfe80000 x16=0x00000000
      66645.000 ns	      6663	80001860	a0e021d3	feq.s	x3,f0,f14	  f0:0x4c3dc4d0 f14:0x4c8eee06  x3=0x00000000
      66695.000 ns	      6668	80001864	003243d3	fadd.s	f7,f4,f3	  f4:0x5fe80000  f3:0x00000000  f7=0x5fe80000
      66715.000 ns	      6670	80001868	f23c0d13	addi	x26,x24,-221	 x24:0x00000000 x26=0xffffff23
      66735.000 ns	      6672	8000186c	02c2abb3	mulhsu	x23,x5,x12	  x5:0x80041024 x12:0x00000000 x23=0x00000000
      66765.000 ns	      6675	80001870	f0038fd3	fmv.w.x	f31,x7	  x7:0x00000000 f31=0x00000000
      66785.000 ns	      6677	80001874	18b2ff13	andi	x30,x5,395	  x5:0x80041024 x30=0x00000000
      66805.000 ns	      6679	80001878	03cf99b3	mulh	x19,x31,x28	 x31:0xffffffff x28:0x00000000 x19=0x00000000
      66835.000 ns	      6682	8000187c	f00400d3	fmv.w.x	f1,x8	  x8:0xffffffff  f1=0xffffffff
      66865.000 ns	      6685	80001880	21350353	fsgnj.s	f6,f10,f19	 f10:0x7fc00000 f19:0xdfe80000  f6=0xffc00000
      66895.000 ns	      6688	80001884	c0000753	fcvt.w.s	x14,f0	  f0:0x4c3dc4d0 x14=0x02f71340
      66945.000 ns	      6693	80001888	09c8c353	fsub.s	f6,f17,f28	 f17:0x3f2b7f94 f28:0x44000000  f6=0xc3ffaa40
      66975.000 ns	      6696	8000188c	298680d3	fmin.s	f1,f13,f24	 f13:0x4f000000 f24:0x3f2b7f94  f1=0x3f2b7f94
      67005.000 ns	      6699	80001890	283b1e53	fmax.s	f28,f22,f3	 f22:0x00000000  f3:0x00000000 f28=0x00000000
      67025.000 ns	      6701	80001894	1f5b5037	lui	x0,0x1f5b5	
      67035.000 ns	      6702	80001898	00ab5433	srl	x8,x22,x10	 x22:0x00000000 x10:0xf75ca184  x8=0x00000000
      67045.000 ns	      6703	8000189c	00c16fb3	or	x31,x2,x12	  x2:0x00000000 x12:0x00000000 x31=0x00000000
      67065.000 ns	      6705	800018a0	28821f53	fmax.s	f30,f4,f8	  f4:0x5fe80000  f8:0xbf800000 f30=0x5fe80000
      67095.000 ns	      6708	800018a4	e00b8ed3	fmv.x.w	x29,f23	 f23:0x00000000 x29=0x00000000
      67125.000 ns	      6711	800018a8	02f6a3b3	mulhsu	x7,x13,x15	 x13:0x00000200 x15:0xffffffcb  x7=0x000001ff
      67145.000 ns	      6713	800018ac	57bf7d13	andi	x26,x30,1403	 x30:0x00000000 x26=0x00000000
      67155.000 ns	      6714	800018b0	018a29b3	slt	x19,x20,x24	 x20:0x00000000 x24:0x00000000 x19=0x00000000
      67165.000 ns	      6715	800018b4	0127da93	srli	x21,x15,0x12	 x15:0xffffffcb x21=0x00003fff
      67185.000 ns	      6717	800018b8	21dc08d3	fsgnj.s	f17,f24,f29	 f24:0x3f2b7f94 f29:0x00000000 f17=0x3f2b7f94
      67215.000 ns	      6720	800018bc	f00f0a53	fmv.w.x	f20,x30	 x30:0x00000000 f20=0x00000000
      67245.000 ns	      6723	800018c0	f0028bd3	fmv.w.x	f23,x5	  x5:0x80041024 f23=0x80041024
      67265.000 ns	      6725	800018c4	41055793	srai	x15,x10,0x10	 x10:0xf75ca184 x15=0xfffff75c
      67275.000 ns	      6726	800018c8	435b4e93	xori	x29,x22,1077	 x22:0x00000000 x29=0x00000435
      67285.000 ns	      6727	800018cc	f43a1797	auipc	x15,0xf43a1	 x15=0x743a28cc
      67295.000 ns	      6728	800018d0	01df3c33	sltu	x24,x30,x29	 x30:0x00000000 x29:0x00000000 x24=0x00000001
      67305.000 ns	      6729	800018d4	f59095b7	lui	x11,0xf5909	 x11=0xf5909000
      67325.000 ns	      6731	800018d8	0237ba33	mulhu	x20,x15,x3	 x15:0x743a28cc  x3:0x00000000 x20=0x00000000
      67375.000 ns	      6736	800018dc	000bc053	fadd.s	f0,f23,f0	 f23:0x80041024  f0:0x4c3dc4d0  f0=0x4c3dc4d0
      67405.000 ns	      6739	800018e0	219b1453	fsgnjn.s	f8,f22,f25	 f22:0x00000000 f25:0x5fe80000  f8=0x80000000
      67435.000 ns	      6742	800018e4	a166aa53	feq.s	x20,f13,f22	 f13:0x4f000000 f22:0x00000000 x20=0x00000000
      67455.000 ns	      6744	800018e8	65dac913	xori	x18,x21,1629	 x21:0x00003fff x18=0x000039a2
      67465.000 ns	      6745	800018ec	411a00b3	sub	x1,x20,x17	 x20:0x00000000 x17:0x00000000  x1=0x00000000
      67475.000 ns	      6746	800018f0	00ce2d33	slt	x26,x28,x12	 x28:0x00000000 x12:0x00000000 x26=0x00000000
      67485.000 ns	      6747	800018f4	36412e93	slti	x29,x2,868	  x2:0x00000000 x29=0x00000001
      67505.000 ns	      6749	800018f8	213d17d3	fsgnjn.s	f15,f26,f19	 f26:0xffc00000 f19:0xdfe80000 f15=0x7fc00000
      67525.000 ns	      6751	800018fc	835bf697	auipc	x13,0x835bf	 x13=0x035c08fc
      67545.000 ns	      6753	80001900	03532433	mulhsu	x8,x6,x21	  x6:0x00000000 x21:0x00003fff  x8=0x00000000
      67575.000 ns	      6756	80001904	21ef2b53	fsgnjx.s	f22,f30,f30	 f30:0x5fe80000 f30:0x5fe80000 f22=0x5fe80000
      67605.000 ns	      6759	80001908	2178a753	fsgnjx.s	f14,f17,f23	 f17:0x3f2b7f94 f23:0x80041024 f14=0xbf2b7f94
      67645.000 ns	      6763	8000190c	18ed7ed3	fdiv.s	f29,f26,f14	 f26:0xffc00000 f14:0x4c8eee06 f29=0x7fc00000
      67675.000 ns	      6766	80001910	c006f153	fcvt.w.s	x2,f13	 f13:0x4f000000  x2=0x7fffffff
      67695.000 ns	      6768	80001914	019a17b3	sll	x15,x20,x25	 x20:0x00000000 x25:0x00000000 x15=0x00000000
      67715.000 ns	      6770	80001918	c012f253	fcvt.wu.s	x4,f5	  f5:0x00000001  x4=0x00000000
      67765.000 ns	      6775	8000191c	00b84453	fadd.s	f8,f16,f11	 f16:0xbfd00000 f11:0x4f000000  f8=0x4effffff
      67785.000 ns	      6777	80001920	df6f9f17	auipc	x30,0xdf6f9	 x30=0x5f6fa920
      67795.000 ns	      6778	80001924	00000013	addi	x0,x0,0	  x0:0x00000000
      67815.000 ns	      6780	80001928	a1d48fd3	fle.s	x31,f9,f29	  f9:0x45862fc3 f29:0x7fc00000 x31=0x00000000
      67835.000 ns	      6782	8000192c	00365613	srli	x12,x12,0x3	 x12:0x00000000 x12=0x00000000
      67855.000 ns	      6784	80001930	036c8833	mul	x16,x25,x22	 x25:0x00000000 x22:0x00000000 x16=0x00000000
      67885.000 ns	      6787	80001934	21be0a53	fsgnj.s	f20,f28,f27	 f28:0x00000000 f27:0xffc00000 f20=0x80000000
      67915.000 ns	      6790	80001938	20472bd3	fsgnjx.s	f23,f14,f4	 f14:0xbf2b7f94  f4:0x5fe80000 f23=0xbf2b7f94
      67955.000 ns	      6794	8000193c	19a97953	fdiv.s	f18,f18,f26	 f18:0x00000000 f26:0xffc00000 f18=0x7fc00000
      67975.000 ns	      6796	80001940	570d3917	auipc	x18,0x570d3	 x18=0xd70d4940
      67995.000 ns	      6798	80001944	02a003b3	mul	x7,x0,x10	  x0:0x00000000 x10:0xf75ca184  x7=0x00000000
      68025.000 ns	      6801	80001948	282a16d3	fmax.s	f13,f20,f2	 f20:0x80000000  f2:0x3f800000 f13=0x3f800000
      68045.000 ns	      6803	8000194c	018c8f33	add	x30,x25,x24	 x25:0x00000000 x24:0x00000001 x30=0x00000001
      68055.000 ns	      6804	80001950	41740733	sub	x14,x8,x23	  x8:0x00000000 x23:0x00000000 x14=0x00000000
      68075.000 ns	      6806	80001954	a090af53	feq.s	x30,f1,f9	  f1:0x3f2b7f94  f9:0x45862fc3 x30=0x00000000
      68105.000 ns	      6809	80001958	03e519b3	mulh	x19,x10,x30	 x10:0xf75ca184 x30:0x00000001 x19=0x00000000
      68125.000 ns	      6811	8000195c	2aeb0c13	addi	x24,x22,686	 x22:0x00000000 x24=0x000002ae
      68145.000 ns	      6813	80001960	03334eb3	div	x29,x6,x19	  x6:0x00000000 x19:0x00000000 x29=0xffffffff
      68165.000 ns	      6815	80001964	d98fb213	sltiu	x4,x31,-616	 x31:0x00000000  x4=0x00000001
      68175.000 ns	      6816	80001968	00e45e33	srl	x28,x8,x14	  x8:0x00000000 x14:0x00000000 x28=0x00000000
      68185.000 ns	      6817	8000196c	b87a7693	andi	x13,x20,-1145	 x20:0x00000000 x13=0x00000000
      68195.000 ns	      6818	80001970	76e59eb7	lui	x29,0x76e59	 x29=0x76e59000
      68215.000 ns	      6820	80001974	208f85d3	fsgnj.s	f11,f31,f8	 f31:0x00000000  f8:0x4effffff f11=0x00000000
      68265.000 ns	      6825	80001978	08ea7ad3	fsub.s	f21,f20,f14	 f20:0x80000000 f14:0xbf2b7f94 f21=0x3f2b7f94
      68285.000 ns	      6827	8000197c	416b5033	sra	x0,x22,x22	 x22:0x00000000 x22:0x00000000
      68295.000 ns	      6828	80001980	01f4a1b3	slt	x3,x9,x31	  x9:0x00000000 x31:0x00000000  x3=0x00000000
      68305.000 ns	      6829	80001984	f7486193	ori	x3,x16,-140	 x16:0x00000000  x3=0xffffff74
      68325.000 ns	      6831	80001988	023d9133	mulh	x2,x27,x3	 x27:0x80040fe4  x3:0x00000000  x2=0x00000045
      68345.000 ns	      6833	8000198c	9a4da813	slti	x16,x27,-1628	 x27:0x80040fe4 x16=0x00000001
      68365.000 ns	      6835	80001990	d01572d3	fcvt.s.wu	f5,x10	 x10:0xf75ca184  f5=0x4f775ca1
      68395.000 ns	      6838	80001994	03b79f33	mulh	x30,x15,x27	 x15:0x00000000 x27:0x80040fe4 x30=0x00000000
      68425.000 ns	      6841	80001998	e0038b53	fmv.x.w	x22,f7	  f7:0x5fe80000 x22=0x5fe80000
      68455.000 ns	      6844	8000199c	d01afc53	fcvt.s.wu	f24,x21	 x21:0x00003fff f24=0x467ffc00
      68475.000 ns	      6846	800019a0	00434633	xor	x12,x6,x4	  x6:0x00000000  x4:0x00000001 x12=0x00000001
      68495.000 ns	      6848	800019a4	f00404d3	fmv.w.x	f9,x8	  x8:0x00000000  f9=0x00000000
      68525.000 ns	      6851	800019a8	e00f1bd3	fclass.s	x23,f30	 f30:0x5fe80000 x23=0x00000040
      68555.000 ns	      6854	800019ac	03412a33	mulhsu	x20,x2,x20	  x2:0x00000045 x20:0x00000000 x20=0x00000000
      68595.000 ns	      6858	800019b0	58064653	fsqrt.s	f12,f12	 f12:0x97000410 f12=0x7fc00000
      68625.000 ns	      6861	800019b4	20bc8353	fsgnj.s	f6,f25,f11	 f25:0x5fe80000 f11:0x00000000  f6=0x5fe80000
      68655.000 ns	      6864	800019b8	28e40053	fmin.s	f0,f8,f14	  f8:0x4effffff f14:0xbf2b7f94  f0=0xbf2b7f94
      68685.000 ns	      6867	800019bc	298297d3	fmax.s	f15,f5,f24	  f5:0x4f775ca1 f24:0x467ffc00 f15=0x4f775ca1
      68715.000 ns	      6870	800019c0	a0270b53	fle.s	x22,f14,f2	 f14:0xbf2b7f94  f2:0x3f800000 x22=0x00000001
      68735.000 ns	      6872	800019c4	f5ff3713	sltiu	x14,x30,-161	 x30:0x00000000 x14=0x00000001
      68745.000 ns	      6873	800019c8	40c55793	srai	x15,x10,0xc	 x10:0xf75ca184 x15=0xffff75ca
      68785.000 ns	      6877	800019cc	003acd53	fadd.s	f26,f21,f3	 f21:0x3f2b7f94  f3:0x00000000 f26=0x3f2b7f94
      68815.000 ns	      6880	800019d0	e0011c53	fclass.s	x24,f2	  f2:0x3f800000 x24=0x00000040
      68835.000 ns	      6882	800019d4	01f5d6b3	srl	x13,x11,x31	 x11:0xf5909000 x31:0x00000000 x13=0xf5909000
      68855.000 ns	      6884	800019d8	d0153ad3	fcvt.s.wu	f21,x10	 x10:0xf75ca184 f21=0x4f775ca2
      68875.000 ns	      6886	800019dc	b6f80697	auipc	x13,0xb6f80	 x13=0x36f819dc
      68885.000 ns	      6887	800019e0	b57f1497	auipc	x9,0xb57f1	  x9=0x357f29e0
      68895.000 ns	      6888	800019e4	01fafbb3	and	x23,x21,x31	 x21:0x00003fff x31:0x00000000 x23=0x00000000
      68915.000 ns	      6890	800019e8	a0e30653	fle.s	x12,f6,f14	  f6:0x5fe80000 f14:0xbf2b7f94 x12=0x00000000
      68955.000 ns	      6894	800019ec	580573d3	fsqrt.s	f7,f10	 f10:0x7fc00000  f7=0x7fc00000
      68985.000 ns	      6897	800019f0	e00d9453	fclass.s	x8,f27	 f27:0xffc00000  x8=0x00000200
      69015.000 ns	      6900	800019f4	03c455b3	divu	x11,x8,x28	  x8:0x00000000 x28:0x00000000 x11=0xffffffff
      69045.000 ns	      6903	800019f8	298e9a53	fmax.s	f20,f29,f24	 f29:0x7fc00000 f24:0x467ffc00 f20=0x467ffc00
      69065.000 ns	      6905	800019fc	efa58e13	addi	x28,x11,-262	 x11:0xffffffff x28=0xfffffef9
      69085.000 ns	      6907	80001a00	a0790953	fle.s	x18,f18,f7	 f18:0x7fc00000  f7:0x7fc00000 x18=0x00000000
      69115.000 ns	      6910	80001a04	20f00bd3	fsgnj.s	f23,f0,f15	  f0:0xbf2b7f94 f15:0x4f775ca1 f23=0x3f2b7f94
      69135.000 ns	      6912	80001a08	00bd87b3	add	x15,x27,x11	 x27:0x80040fe4 x11:0xffffffff x15=0x80040fe3
      69155.000 ns	      6914	80001a0c	214c2cd3	fsgnjx.s	f25,f24,f20	 f24:0x467ffc00 f20:0x467ffc00 f25=0x467ffc00
      69205.000 ns	      6919	80001a10	00da48d3	fadd.s	f17,f20,f13	 f20:0x467ffc00 f13:0x3f800000 f17=0x46800000
      69235.000 ns	      6922	80001a14	c01910d3	fcvt.wu.s	x1,f18	 f18:0x7fc00000  x1=0xffffffff
      69255.000 ns	      6924	80001a18	00832f33	slt	x30,x6,x8	  x6:0x00000000  x8:0x00000200 x30=0x00000001
      69275.000 ns	      6926	80001a1c	a1308e53	fle.s	x28,f1,f19	  f1:0x3f2b7f94 f19:0xdfe80000 x28=0x00000000
      69325.000 ns	      6931	80001a20	01067c53	fadd.s	f24,f12,f16	 f12:0x7fc00000 f16:0xbfd00000 f24=0x7fc00000
      69355.000 ns	      6934	80001a24	d01731d3	fcvt.s.wu	f3,x14	 x14:0x00000001  f3=0x3f800000
      69375.000 ns	      6936	80001a28	006a57b3	srl	x15,x20,x6	 x20:0x00000000  x6:0x00000000 x15=0x00000000
      69385.000 ns	      6937	80001a2c	017a10b3	sll	x1,x20,x23	 x20:0x00000000 x23:0x00000000  x1=0x00000000
      69405.000 ns	      6939	80001a30	d00973d3	fcvt.s.w	f7,x18	 x18:0x00000000  f7=0x00000000
      69445.000 ns	      6943	80001a34	580ffc53	fsqrt.s	f24,f31	 f31:0x00000000 f24=0x00000000
      69465.000 ns	      6945	80001a38	00b2d113	srli	x2,x5,0xb	  x5:0x80041024  x2=0x00100082
      69475.000 ns	      6946	80001a3c	7a027913	andi	x18,x4,1952	  x4:0x00000001 x18=0x00000000
      69485.000 ns	      6947	80001a40	01e514b3	sll	x9,x10,x30	 x10:0xf75ca184 x30:0x00000001  x9=0xeeb94308
      69495.000 ns	      6948	80001a44	605a8e17	auipc	x28,0x605a8	 x28=0xe05a9a44
      69505.000 ns	      6949	80001a48	01b5b433	sltu	x8,x11,x27	 x11:0xffffffff x27:0x80040fe4  x8=0x00000000
      69515.000 ns	      6950	80001a4c	412784b3	sub	x9,x15,x18	 x15:0x00000000 x18:0x00000000  x9=0x00000000
      69525.000 ns	      6951	80001a50	00e44bb3	xor	x23,x8,x14	  x8:0x00000200 x14:0x00000001 x23=0x00000001
      69535.000 ns	      6952	80001a54	0150b433	sltu	x8,x1,x21	  x1:0x00000000 x21:0x00003fff  x8=0x00000001
      69555.000 ns	      6954	80001a58	d019ce53	fcvt.s.wu	f28,x19	 x19:0x00000000 f28=0x00000000
      69595.000 ns	      6958	80001a5c	11b674d3	fmul.s	f9,f12,f27	 f12:0x7fc00000 f27:0xffc00000  f9=0x7fc00000
      69625.000 ns	      6961	80001a60	0339b033	mulhu	x0,x19,x19	 x19:0x00000000 x19:0x00000000
      69645.000 ns	      6963	80001a64	01389e93	slli	x29,x17,0x13	 x17:0x00000000 x29=0x00000000
      69655.000 ns	      6964	80001a68	01265013	srli	x0,x12,0x12	 x12:0x00000000
      69665.000 ns	      6965	80001a6c	4152d093	srai	x1,x5,0x15	  x5:0x80041024  x1=0xfffffc00
      69675.000 ns	      6966	80001a70	41ec8433	sub	x8,x25,x30	 x25:0x00000000 x30:0x00000001  x8=0xffffffff
      69695.000 ns	      6968	80001a74	a0238b53	fle.s	x22,f7,f2	  f7:0x00000000  f2:0x3f800000 x22=0x00000001
      69725.000 ns	      6971	80001a78	21da85d3	fsgnj.s	f11,f21,f29	 f21:0x4f775ca2 f29:0x7fc00000 f11=0x4f775ca2
      69755.000 ns	      6974	80001a7c	28f49f53	fmax.s	f30,f9,f15	  f9:0x7fc00000 f15:0x4f775ca1 f30=0x4f775ca1
      69775.000 ns	      6976	80001a80	eec9c713	xori	x14,x19,-276	 x19:0x00000000 x14=0xfffffeec
      70135.000 ns	      7012	80001a84	0372d9b3	divu	x19,x5,x23	  x5:0x80041024 x23:0x00000001 x19=0x80041024
      70165.000 ns	      7015	80001a88	024a0b33	mul	x22,x20,x4	 x20:0x00000000  x4:0x00000001 x22=0x00000000
      70185.000 ns	      7017	80001a8c	003830b3	sltu	x1,x16,x3	 x16:0x00000001  x3:0xffffff74  x1=0x00000001
      70205.000 ns	      7019	80001a90	d00d3bd3	fcvt.s.w	f23,x26	 x26:0x00000000 f23=0x00000000
      70235.000 ns	      7022	80001a94	d003f6d3	fcvt.s.w	f13,x7	  x7:0x00000000 f13=0x00000000
      70255.000 ns	      7024	80001a98	00000013	addi	x0,x0,0	  x0:0x00000000
      70275.000 ns	      7026	80001a9c	a01d91d3	flt.s	x3,f27,f1	 f27:0xffc00000  f1:0x3f2b7f94  x3=0x00000000
      70295.000 ns	      7028	80001aa0	00c53b33	sltu	x22,x10,x12	 x10:0xf75ca184 x12:0x00000000 x22=0x00000000
      70305.000 ns	      7029	80001aa4	0100ba33	sltu	x20,x1,x16	  x1:0x00000001 x16:0x00000001 x20=0x00000000
      70345.000 ns	      7033	80001aa8	085bf153	fsub.s	f2,f23,f5	 f23:0x00000000  f5:0x4f775ca1  f2=0xcf775ca1
      70365.000 ns	      7035	80001aac	009b9993	slli	x19,x23,0x9	 x23:0x00000001 x19=0x00000200
      70385.000 ns	      7037	80001ab0	0275b8b3	mulhu	x17,x11,x7	 x11:0xffffffff  x7:0x00000000 x17=0x00000000
      70415.000 ns	      7040	80001ab4	f00d82d3	fmv.w.x	f5,x27	 x27:0x80040fe4  f5=0x80040fe4
      70435.000 ns	      7042	80001ab8	9482bd13	sltiu	x26,x5,-1720	  x5:0x80041024 x26=0x00000001
      70445.000 ns	      7043	80001abc	a2f0a413	slti	x8,x1,-1489	  x1:0x00000001  x8=0x00000000
      70465.000 ns	      7045	80001ac0	028c4133	div	x2,x24,x8	 x24:0x00000040  x8:0xffffffff  x2=0xffffffff
      70495.000 ns	      7048	80001ac4	c00aab53	fcvt.w.s	x22,f21	 f21:0x4f775ca2 x22=0x7fffffff
      70515.000 ns	      7050	80001ac8	00e49f33	sll	x30,x9,x14	  x9:0x00000000 x14:0xfffffeec x30=0x00000000
      70875.000 ns	      7086	80001acc	02a04a33	div	x20,x0,x10	  x0:0x00000000 x10:0xf75ca184 x20=0x00000000
      70905.000 ns	      7089	80001ad0	20c312d3	fsgnjn.s	f5,f6,f12	  f6:0x5fe80000 f12:0x7fc00000  f5=0xdfe80000
      70945.000 ns	      7093	80001ad4	118b7dd3	fmul.s	f27,f22,f24	 f22:0x5fe80000 f24:0x00000000 f27=0x00000000
      71315.000 ns	      7130	80001ad8	02e849b3	div	x19,x16,x14	 x16:0x00000001 x14:0xfffffeec x19=0x00000000
      71345.000 ns	      7133	80001adc	c00a7953	fcvt.w.s	x18,f20	 f20:0x467ffc00 x18=0x00003fff
      71375.000 ns	      7136	80001ae0	d006c4d3	fcvt.s.w	f9,x13	 x13:0x36f819dc  f9=0x4e5be067
      71395.000 ns	      7138	80001ae4	0099ecb3	or	x25,x19,x9	 x19:0x00000000  x9:0x00000000 x25=0x00000000
      71415.000 ns	      7140	80001ae8	c009f453	fcvt.w.s	x8,f19	 f19:0xdfe80000  x8=0x80000000
      71445.000 ns	      7143	80001aec	c01ff4d3	fcvt.wu.s	x9,f31	 f31:0x00000000  x9=0x00000000
      71465.000 ns	      7145	80001af0	00000013	addi	x0,x0,0	  x0:0x00000000
      71485.000 ns	      7147	80001af4	e00018d3	fclass.s	x17,f0	  f0:0xbf2b7f94 x17=0x00000002
      71505.000 ns	      7149	80001af8	00d35613	srli	x12,x6,0xd	  x6:0x00000000 x12=0x00000000
      71525.000 ns	      7151	80001afc	03eff833	remu	x16,x31,x30	 x31:0x00000000 x30:0x00000000 x16=0x00000000
      71895.000 ns	      7188	80001b00	02b354b3	divu	x9,x6,x11	  x6:0x00000000 x11:0xffffffff  x9=0x00000000
      71915.000 ns	      7190	80001b04	00679433	sll	x8,x15,x6	 x15:0x00000000  x6:0x00000000  x8=0x00000000
      71925.000 ns	      7191	80001b08	017926b3	slt	x13,x18,x23	 x18:0x00003fff x23:0x00000001 x13=0x00000000
      71945.000 ns	      7193	80001b0c	28378cd3	fmin.s	f25,f15,f3	 f15:0x4f775ca1  f3:0x3f800000 f25=0x3f800000
      71985.000 ns	      7197	80001b10	101979d3	fmul.s	f19,f18,f1	 f18:0x7fc00000  f1:0x3f2b7f94 f19=0x7fc00000
      72025.000 ns	      7201	80001b14	1181f3d3	fmul.s	f7,f3,f24	  f3:0x3f800000 f24:0x00000000  f7=0x00000000
      72055.000 ns	      7204	80001b18	03650833	mul	x16,x10,x22	 x10:0xf75ca184 x22:0x7fffffff x16=0x08a35e7c
      72075.000 ns	      7206	80001b1c	36069b97	auipc	x23,0x36069	 x23=0xb606ab1c
      72095.000 ns	      7208	80001b20	a08424d3	feq.s	x9,f8,f8	  f8:0x4effffff  f8:0x4effffff  x9=0x00000001
      72125.000 ns	      7211	80001b24	03ce3ab3	mulhu	x21,x28,x28	 x28:0xe05a9a44 x28:0xe05a9a44 x21=0xc49eae07
      72155.000 ns	      7214	80001b28	d0128753	fcvt.s.wu	f14,x5	  x5:0x80041024 f14=0x4f000410
      72525.000 ns	      7251	80001b2c	03175233	divu	x4,x14,x17	 x14:0xfffffeec x17:0x00000002  x4=0x7fffff76
      72545.000 ns	      7253	80001b30	00901cb3	sll	x25,x0,x9	  x0:0x00000000  x9:0x00000001 x25=0x00000000
      72565.000 ns	      7255	80001b34	a189a9d3	feq.s	x19,f19,f24	 f19:0x7fc00000 f24:0x00000000 x19=0x00000000
      72595.000 ns	      7258	80001b38	02c4a833	mulhsu	x16,x9,x12	  x9:0x00000001 x12:0x00000000 x16=0x00000000
      72615.000 ns	      7260	80001b3c	17690a93	addi	x21,x18,374	 x18:0x00003fff x21=0x00004175
      72635.000 ns	      7262	80001b40	032718b3	mulh	x17,x14,x18	 x14:0xfffffeec x18:0x00003fff x17=0xffffffff
      72655.000 ns	      7264	80001b44	01c3f933	and	x18,x7,x28	  x7:0x00000000 x28:0xe05a9a44 x18=0x00000000
      72675.000 ns	      7266	80001b48	e0098e53	fmv.x.w	x28,f19	 f19:0x7fc00000 x28=0x7fc00000
      72705.000 ns	      7269	80001b4c	e0069d53	fclass.s	x26,f13	 f13:0x00000000 x26=0x00000010
      72735.000 ns	      7272	80001b50	037fac33	mulhsu	x24,x31,x23	 x31:0x00000000 x23:0xb606ab1c x24=0x00000000
      72765.000 ns	      7275	80001b54	20fb9ed3	fsgnjn.s	f29,f23,f15	 f23:0x00000000 f15:0x4f775ca1 f29=0x80000000
      72785.000 ns	      7277	80001b58	002fcb33	xor	x22,x31,x2	 x31:0x00000000  x2:0xffffffff x22=0xffffffff
      72795.000 ns	      7278	80001b5c	402a5b93	srai	x23,x20,0x2	 x20:0x00000000 x23=0x00000000
      72815.000 ns	      7280	80001b60	c01f8a53	fcvt.wu.s	x20,f31	 f31:0x00000000 x20=0x00000000
      73995.000 ns	      7398	80001b64	580a7553	fsqrt.s	f10,f20	 f20:0x467ffc00 f10=0x42b50190
      74015.000 ns	      7400	80001b68	0043e433	or	x8,x7,x4	  x7:0x00000000  x4:0x7fffff76  x8=0x7fffff76
      74035.000 ns	      7402	80001b6c	03e465b3	rem	x11,x8,x30	  x8:0x00000000 x30:0x00000000 x11=0x7fffff76
      74055.000 ns	      7404	80001b70	00140933	add	x18,x8,x1	  x8:0x00000000  x1:0x00000001 x18=0x7fffff77
      74075.000 ns	      7406	80001b74	c00d7653	fcvt.w.s	x12,f26	 f26:0x3f2b7f94 x12=0x00000000
      74105.000 ns	      7409	80001b78	a056a153	feq.s	x2,f13,f5	 f13:0x00000000  f5:0xdfe80000  x2=0x00000000
      74135.000 ns	      7412	80001b7c	a08ba9d3	feq.s	x19,f23,f8	 f23:0x00000000  f8:0x4effffff x19=0x00000000
      74155.000 ns	      7414	80001b80	40c7d4b3	sra	x9,x15,x12	 x15:0x00000000 x12:0x00000000  x9=0x00000000
      74515.000 ns	      7450	80001b84	032bcbb3	div	x23,x23,x18	 x23:0x00000000 x18:0x7fffff77 x23=0x00000000
      74535.000 ns	      7452	80001b88	00445913	srli	x18,x8,0x4	  x8:0x7fffff76 x18=0x07fffff7
      74545.000 ns	      7453	80001b8c	019c9e93	slli	x29,x25,0x19	 x25:0x00000000 x29=0x00000000
      74565.000 ns	      7455	80001b90	c0077ad3	fcvt.w.s	x21,f14	 f14:0x4f000410 x21=0x7fffffff
      74935.000 ns	      7492	80001b94	03bee3b3	rem	x7,x29,x27	 x29:0x00000000 x27:0x80040fe4  x7=0x00000000
      74965.000 ns	      7495	80001b98	0384f933	remu	x18,x9,x24	  x9:0x00000000 x24:0x00000000 x18=0x00000000
      74985.000 ns	      7497	80001b9c	c43fec13	ori	x24,x31,-957	 x31:0x00000000 x24=0xfffffc43
      74995.000 ns	      7498	80001ba0	00dbc433	xor	x8,x23,x13	 x23:0x00000000 x13:0x00000000  x8=0x00000000
      75005.000 ns	      7499	80001ba4	146c7c93	andi	x25,x24,326	 x24:0x00000000 x25=0x00000042
      75025.000 ns	      7501	80001ba8	28029cd3	fmax.s	f25,f5,f0	  f5:0xdfe80000  f0:0xbf2b7f94 f25=0xbf2b7f94
      75045.000 ns	      7503	80001bac	00b946b3	xor	x13,x18,x11	 x18:0x00000000 x11:0x7fffff76 x13=0x7fffff76
      75065.000 ns	      7505	80001bb0	a16e9753	flt.s	x14,f29,f22	 f29:0x80000000 f22:0x5fe80000 x14=0x00000001
      75085.000 ns	      7507	80001bb4	41c35213	srai	x4,x6,0x1c	  x6:0x00000000  x4=0x00000000
      75095.000 ns	      7508	80001bb8	3247f613	andi	x12,x15,804	 x15:0x00000000 x12=0x00000000
      75115.000 ns	      7510	80001bbc	02cc8733	mul	x14,x25,x12	 x25:0x00000042 x12:0x00000000 x14=0x00000000
      75135.000 ns	      7512	80001bc0	419d8433	sub	x8,x27,x25	 x27:0x80040fe4 x25:0x00000042  x8=0x80040fa2
      75145.000 ns	      7513	80001bc4	009cc8b3	xor	x17,x25,x9	 x25:0x00000042  x9:0x00000000 x17=0x00000042
      75155.000 ns	      7514	80001bc8	01dc1a33	sll	x20,x24,x29	 x24:0xfffffc43 x29:0x00000000 x20=0xfffffc43
      75175.000 ns	      7516	80001bcc	d016f8d3	fcvt.s.wu	f17,x13	 x13:0x7fffff76 f17=0x4efffffe
      75195.000 ns	      7518	80001bd0	00deb0b3	sltu	x1,x29,x13	 x29:0x00000000 x13:0x7fffff76  x1=0x00000001
      75205.000 ns	      7519	80001bd4	000ba8b3	slt	x17,x23,x0	 x23:0x00000000  x0:0x00000000 x17=0x00000000
      75215.000 ns	      7520	80001bd8	40df54b3	sra	x9,x30,x13	 x30:0x00000000 x13:0x7fffff76  x9=0x00000000
      75225.000 ns	      7521	80001bdc	01154033	xor	x0,x10,x17	 x10:0xf75ca184 x17:0x00000042
      75585.000 ns	      7557	80001be0	02d6ea33	rem	x20,x13,x13	 x13:0x7fffff76 x13:0x7fffff76 x20=0x00000000
      75635.000 ns	      7562	80001be4	00cbf4d3	fadd.s	f9,f23,f12	 f23:0x00000000 f12:0x7fc00000  f9=0x7fc00000
      75655.000 ns	      7564	80001be8	00000013	addi	x0,x0,0	  x0:0x00000000
      75665.000 ns	      7565	80001bec	00f5d593	srli	x11,x11,0xf	 x11:0x7fffff76 x11=0x0000ffff
      75685.000 ns	      7567	80001bf0	0232f733	remu	x14,x5,x3	  x5:0x80041024  x3:0x00000000 x14=0x80041024
      75705.000 ns	      7569	80001bf4	40055e13	srai	x28,x10,0x0	 x10:0xf75ca184 x28=0xf75ca184
      75725.000 ns	      7571	80001bf8	03a72d33	mulhsu	x26,x14,x26	 x14:0x80041024 x26:0x00000010 x26=0xfffffff8
      75745.000 ns	      7573	80001bfc	4160d1b3	sra	x3,x1,x22	  x1:0x00000001 x22:0xffffffff  x3=0x00000000
      75765.000 ns	      7575	80001c00	21a194d3	fsgnjn.s	f9,f3,f26	  f3:0x3f800000 f26:0x3f2b7f94  f9=0xbf800000
      75785.000 ns	      7577	80001c04	01f236b3	sltu	x13,x4,x31	  x4:0x00000000 x31:0x00000000 x13=0x00000000
      75795.000 ns	      7578	80001c08	414f54b3	sra	x9,x30,x20	 x30:0x00000000 x20:0x00000000  x9=0x00000000
      75805.000 ns	      7579	80001c0c	00a5ed33	or	x26,x11,x10	 x11:0x0000ffff x10:0xf75ca184 x26=0xf75cffff
      75825.000 ns	      7581	80001c10	c0147953	fcvt.wu.s	x18,f8	  f8:0x4effffff x18=0x7fffff80
      75845.000 ns	      7583	80001c14	bd20e113	ori	x2,x1,-1070	  x1:0x00000001  x2=0xfffffbd3
      75865.000 ns	      7585	80001c18	024d20b3	mulhsu	x1,x26,x4	 x26:0xf75cffff  x4:0x00000000  x1=0x00000000
      75895.000 ns	      7588	80001c1c	e00f0053	fmv.x.w	x0,f30	 f30:0x4f775ca1
      75925.000 ns	      7591	80001c20	d0001f53	fcvt.s.w	f30,x0	  x0:0x00000000 f30=0x00000000
      75945.000 ns	      7593	80001c24	402b8833	sub	x16,x23,x2	 x23:0x00000000  x2:0xfffffbd3 x16=0x0000042d
      75965.000 ns	      7595	80001c28	03b89333	mulh	x6,x17,x27	 x17:0x00000000 x27:0x80040fe4  x6=0x00000000
      75995.000 ns	      7598	80001c2c	024e25b3	mulhsu	x11,x28,x4	 x28:0xf75ca184  x4:0x00000000 x11=0x00000000
      76025.000 ns	      7601	80001c30	022299b3	mulh	x19,x5,x2	  x5:0x80041024  x2:0xfffffbd3 x19=0x00000216
      76055.000 ns	      7604	80001c34	28441853	fmax.s	f16,f8,f4	  f8:0x4effffff  f4:0x5fe80000 f16=0x5fe80000
      76075.000 ns	      7606	80001c38	006893b3	sll	x7,x17,x6	 x17:0x00000000  x6:0x00000000  x7=0x00000000
      76085.000 ns	      7607	80001c3c	012d6ab3	or	x21,x26,x18	 x26:0xf75cffff x18:0x7fffff80 x21=0xffffffff
      76105.000 ns	      7609	80001c40	a06509d3	fle.s	x19,f10,f6	 f10:0x42b50190  f6:0x5fe80000 x19=0x00000001
      76135.000 ns	      7612	80001c44	28e69953	fmax.s	f18,f13,f14	 f13:0x00000000 f14:0x4f000410 f18=0x4f000410
      76505.000 ns	      7649	80001c48	0388f733	remu	x14,x17,x24	 x17:0x00000000 x24:0xfffffc43 x14=0x00000000
      76535.000 ns	      7652	80001c4c	211b9553	fsgnjn.s	f10,f23,f17	 f23:0x00000000 f17:0x4efffffe f10=0x80000000
      76565.000 ns	      7655	80001c50	202421d3	fsgnjx.s	f3,f8,f2	  f8:0x4effffff  f2:0xcf775ca1  f3=0xceffffff
      76585.000 ns	      7657	80001c54	004527b3	slt	x15,x10,x4	 x10:0xf75ca184  x4:0x00000000 x15=0x00000001
      76595.000 ns	      7658	80001c58	00000013	addi	x0,x0,0	  x0:0x00000000
      76605.000 ns	      7659	80001c5c	40d70d33	sub	x26,x14,x13	 x14:0x00000000 x13:0x00000000 x26=0x00000000
      76615.000 ns	      7660	80001c60	356eb193	sltiu	x3,x29,854	 x29:0x00000000  x3=0x00000001
      76975.000 ns	      7696	80001c64	039ceeb3	rem	x29,x25,x25	 x25:0x00000042 x25:0x00000042 x29=0x00000000
      77005.000 ns	      7699	80001c68	e0048b53	fmv.x.w	x22,f9	  f9:0xbf800000 x22=0xbf800000
      77025.000 ns	      7701	80001c6c	002f1e93	slli	x29,x30,0x2	 x30:0x00000000 x29=0x00000000
      77045.000 ns	      7703	80001c70	027e2f33	mulhsu	x30,x28,x7	 x28:0xf75ca184  x7:0x00000000 x30=0x00000000
      77065.000 ns	      7705	80001c74	41d25cb3	sra	x25,x4,x29	  x4:0x00000000 x29:0x00000000 x25=0x00000000
      77085.000 ns	      7707	80001c78	02149b33	mulh	x22,x9,x1	  x9:0x00000000  x1:0x00000000 x22=0x00000000
      77105.000 ns	      7709	80001c7c	ed758993	addi	x19,x11,-297	 x11:0x00000000 x19=0xfffffed7
      77125.000 ns	      7711	80001c80	204d1453	fsgnjn.s	f8,f26,f4	 f26:0x3f2b7f94  f4:0x5fe80000  f8=0xbf2b7f94
      77155.000 ns	      7714	80001c84	e00f85d3	fmv.x.w	x11,f31	 f31:0x00000000 x11=0x00000000
      77175.000 ns	      7716	80001c88	002548b3	xor	x17,x10,x2	 x10:0xf75ca184  x2:0xfffffbd3 x17=0x08a35a57
      77185.000 ns	      7717	80001c8c	01ca4913	xori	x18,x20,28	 x20:0x00000000 x18=0x0000001c
      77215.000 ns	      7720	80001c90	18b3a8d3	fdiv.s	f17,f7,f11	  f7:0x00000000 f11:0x4f775ca2 f17=0x00000000
      77245.000 ns	      7723	80001c94	036cc933	div	x18,x25,x22	 x25:0x00000000 x22:0x00000000 x18=0xffffffff
      78425.000 ns	      7841	80001c98	58058f53	fsqrt.s	f30,f11	 f11:0x4f775ca2 f30=0x472ee91d
      78445.000 ns	      7843	80001c9c	40208eb3	sub	x29,x1,x2	  x1:0x00000000  x2:0xfffffbd3 x29=0x0000042d
      78455.000 ns	      7844	80001ca0	2b4bf113	andi	x2,x23,692	 x23:0x00000000  x2=0x00000000
      78465.000 ns	      7845	80001ca4	01726933	or	x18,x4,x23	  x4:0x00000000 x23:0x00000000 x18=0x00000000
      79635.000 ns	      7962	80001ca8	580b7e53	fsqrt.s	f28,f22	 f22:0x5fe80000 f28=0x4fac5344
      79665.000 ns	      7965	80001cac	216323d3	fsgnjx.s	f7,f6,f22	  f6:0x5fe80000 f22:0x5fe80000  f7=0x5fe80000
      79695.000 ns	      7968	80001cb0	c017aed3	fcvt.wu.s	x29,f15	 f15:0x4f775ca1 x29=0xf75ca100
      79715.000 ns	      7970	80001cb4	417f01b3	sub	x3,x30,x23	 x30:0x00000000 x23:0x00000000  x3=0x00000000
      79725.000 ns	      7971	80001cb8	d9880913	addi	x18,x16,-616	 x16:0x0000042d x18=0x000001c5
      79735.000 ns	      7972	80001cbc	82d1fe93	andi	x29,x3,-2003	  x3:0x00000001 x29=0x00000000
      79745.000 ns	      7973	80001cc0	00489b13	slli	x22,x17,0x4	 x17:0x08a35a57 x22=0x8a35a570
      79755.000 ns	      7974	80001cc4	40a65c33	sra	x24,x12,x10	 x12:0x00000000 x10:0xf75ca184 x24=0x00000000
      80115.000 ns	      8010	80001cc8	02fe55b3	divu	x11,x28,x15	 x28:0xf75ca184 x15:0x00000001 x11=0xf75ca184
      80135.000 ns	      8012	80001ccc	81f4a393	slti	x7,x9,-2017	  x9:0x00000000  x7=0x00000000
      80145.000 ns	      8013	80001cd0	012fb933	sltu	x18,x31,x18	 x31:0x00000000 x18:0x000001c5 x18=0x00000001
      80155.000 ns	      8014	80001cd4	00b35093	srli	x1,x6,0xb	  x6:0x00000000  x1=0x00000000
      80195.000 ns	      8018	80001cd8	004775d3	fadd.s	f11,f14,f4	 f14:0x4f000410  f4:0x5fe80000 f11=0x5fe80000
      80215.000 ns	      8020	80001cdc	00f64933	xor	x18,x12,x15	 x12:0x00000000 x15:0x00000001 x18=0x00000001
      80225.000 ns	      8021	80001ce0	c0d7a393	slti	x7,x15,-1011	 x15:0x00000001  x7=0x00000000
      80245.000 ns	      8023	80001ce4	d0022c53	fcvt.s.w	f24,x4	  x4:0x00000000 f24=0x00000000
      80275.000 ns	      8026	80001ce8	28ed9fd3	fmax.s	f31,f27,f14	 f27:0x00000000 f14:0x4f000410 f31=0x4f000410
      80295.000 ns	      8028	80001cec	9d3a2f13	slti	x30,x20,-1581	 x20:0x00000000 x30=0x00000000
      80315.000 ns	      8030	80001cf0	f0068653	fmv.w.x	f12,x13	 x13:0x00000000 f12=0x00000000
      80335.000 ns	      8032	80001cf4	00000013	addi	x0,x0,0	  x0:0x00000000
      80345.000 ns	      8033	80001cf8	01cb84b3	add	x9,x23,x28	 x23:0x00000000 x28:0xf75ca184  x9=0xf75ca184
      80355.000 ns	      8034	80001cfc	01f89f93	slli	x31,x17,0x1f	 x17:0x08a35a57 x31=0x80000000
      80375.000 ns	      8036	80001d00	e0078e53	fmv.x.w	x28,f15	 f15:0x4f775ca1 x28=0x4f775ca1
      80745.000 ns	      8073	80001d04	03c5fab3	remu	x21,x11,x28	 x11:0xf75ca184 x28:0xf75ca184 x21=0x08f68ba1
      80785.000 ns	      8077	80001d08	11569053	fmul.s	f0,f13,f21	 f13:0x00000000 f21:0x4f775ca2  f0=0x00000000
      80815.000 ns	      8080	80001d0c	037604b3	mul	x9,x12,x23	 x12:0x00000000 x23:0x00000000  x9=0x00000000
      80845.000 ns	      8083	80001d10	a1d89d53	flt.s	x26,f17,f29	 f17:0x00000000 f29:0x80000000 x26=0x00000000
      80875.000 ns	      8086	80001d14	28351f53	fmax.s	f30,f10,f3	 f10:0x80000000  f3:0xceffffff f30=0x80000000
      81245.000 ns	      8123	80001d18	03116133	rem	x2,x2,x17	  x2:0x00000000 x17:0x08a35a57  x2=0x00000000
      81275.000 ns	      8126	80001d1c	d0178953	fcvt.s.wu	f18,x15	 x15:0x00000001 f18=0x3f800000
      82455.000 ns	      8244	80001d20	58027153	fsqrt.s	f2,f4	  f4:0x5fe80000  f2=0x4fac5344
      82485.000 ns	      8247	80001d24	a0270d53	fle.s	x26,f14,f2	 f14:0x4f000410  f2:0xcf775ca1 x26=0x00000001
      82515.000 ns	      8250	80001d28	c0180a53	fcvt.wu.s	x20,f16	 f16:0x5fe80000 x20=0xffffffff
      82545.000 ns	      8253	80001d2c	e00290d3	fclass.s	x1,f5	  f5:0xdfe80000  x1=0x00000002
      82575.000 ns	      8256	80001d30	02476233	rem	x4,x14,x4	 x14:0x00000000  x4:0x00000000  x4=0x00000000
      82595.000 ns	      8258	80001d34	50517797	auipc	x15,0x50517	 x15=0xd0518d34
      82925.000 ns	      8291	80001d38	19c4c553	fdiv.s	f10,f9,f28	  f9:0xbf800000 f28:0x4fac5344 f10=0xaf000000
      82955.000 ns	      8294	80001d3c	209214d3	fsgnjn.s	f9,f4,f9	  f4:0x5fe80000  f9:0xbf800000  f9=0x5fe80000
      82985.000 ns	      8297	80001d40	a1c317d3	flt.s	x15,f6,f28	  f6:0x5fe80000 f28:0x4fac5344 x15=0x00000000
      83005.000 ns	      8299	80001d44	01b8c6b3	xor	x13,x17,x27	 x17:0x08a35a57 x27:0x80040fe4 x13=0x88a755b3
      83025.000 ns	      8301	80001d48	e0061653	fclass.s	x12,f12	 f12:0x00000000 x12=0x00000010
      83045.000 ns	      8303	80001d4c	00707433	and	x8,x0,x7	  x0:0x00000000  x7:0x00000000  x8=0x00000000
      83055.000 ns	      8304	80001d50	ab104137	lui	x2,0xab104	  x2=0xab104000
      83075.000 ns	      8306	80001d54	a1e58253	fle.s	x4,f11,f30	 f11:0x5fe80000 f30:0x80000000  x4=0x00000000
      83105.000 ns	      8309	80001d58	c0139bd3	fcvt.wu.s	x23,f7	  f7:0x5fe80000 x23=0xffffffff
      83135.000 ns	      8312	80001d5c	f00f02d3	fmv.w.x	f5,x30	 x30:0x00000000  f5=0x00000000
      83165.000 ns	      8315	80001d60	d00a3153	fcvt.s.w	f2,x20	 x20:0xffffffff  f2=0xbf800000
      83205.000 ns	      8319	80001d64	11befad3	fmul.s	f21,f29,f27	 f29:0x80000000 f27:0x00000000 f21=0x80000000
      83235.000 ns	      8322	80001d68	c00971d3	fcvt.w.s	x3,f18	 f18:0x3f800000  x3=0x00000001
      83255.000 ns	      8324	80001d6c	01c2b433	sltu	x8,x5,x28	  x5:0x80041024 x28:0x4f775ca1  x8=0x00000000
      83275.000 ns	      8326	80001d70	212a87d3	fsgnj.s	f15,f21,f18	 f21:0x80000000 f18:0x3f800000 f15=0x00000000
      83305.000 ns	      8329	80001d74	02349c33	mulh	x24,x9,x3	  x9:0x00000000  x3:0x00000001 x24=0x00000000
      83335.000 ns	      8332	80001d78	21940d53	fsgnj.s	f26,f8,f25	  f8:0xbf2b7f94 f25:0xbf2b7f94 f26=0xbf2b7f94
      83365.000 ns	      8335	80001d7c	d009f7d3	fcvt.s.w	f15,x19	 x19:0xfffffed7 f15=0xc3948000
      83385.000 ns	      8337	80001d80	02d88213	addi	x4,x17,45	 x17:0x08a35a57  x4=0x08a35a84
      83405.000 ns	      8339	80001d84	204a8fd3	fsgnj.s	f31,f21,f4	 f21:0x80000000  f4:0x5fe80000 f31=0x00000000
      83435.000 ns	      8342	80001d88	203399d3	fsgnjn.s	f19,f7,f3	  f7:0x5fe80000  f3:0xceffffff f19=0x5fe80000
      83475.000 ns	      8346	80001d8c	580477d3	fsqrt.s	f15,f8	  f8:0xbf2b7f94 f15=0x7fc00000
      83525.000 ns	      8351	80001d90	09a69fd3	fsub.s	f31,f13,f26	 f13:0x00000000 f26:0xbf2b7f94 f31=0x3f2b7f94
      83545.000 ns	      8353	80001d94	8f91e737	lui	x14,0x8f91e	 x14=0x8f91e000
      83585.000 ns	      8357	80001d98	09ef71d3	fsub.s	f3,f30,f30	 f30:0x80000000 f30:0x80000000  f3=0x00000000
      83605.000 ns	      8359	80001d9c	0138d913	srli	x18,x17,0x13	 x17:0x08a35a57 x18=0x00000114
      83615.000 ns	      8360	80001da0	014519b3	sll	x19,x10,x20	 x10:0xf75ca184 x20:0xffffffff x19=0x00000000
      83625.000 ns	      8361	80001da4	41575d13	srai	x26,x14,0x15	 x14:0x8f91e000 x26=0xfffffc7c
      83635.000 ns	      8362	80001da8	006a7d33	and	x26,x20,x6	 x20:0xffffffff  x6:0x00000000 x26=0x00000000
      83655.000 ns	      8364	80001dac	02810233	mul	x4,x2,x8	  x2:0xab104000  x8:0x00000000  x4=0x00000000
      83675.000 ns	      8366	80001db0	58e7af17	auipc	x30,0x58e7a	 x30=0xd8e7bdb0
      83705.000 ns	      8369	80001db4	5807f8d3	fsqrt.s	f17,f15	 f15:0x7fc00000 f17=0x7fc00000
      83735.000 ns	      8372	80001db8	03997a33	remu	x20,x18,x25	 x18:0x00000114 x25:0x00000000 x20=0x00000114
      83755.000 ns	      8374	80001dbc	c7f96613	ori	x12,x18,-897	 x18:0x00000114 x12=0xfffffd7f
      84115.000 ns	      8410	80001dc0	02585fb3	divu	x31,x16,x5	 x16:0x0000042d  x5:0x80041024 x31=0x00000000
      84145.000 ns	      8413	80001dc4	f0010fd3	fmv.w.x	f31,x2	  x2:0xab104000 f31=0xab104000
      84175.000 ns	      8416	80001dc8	21caa853	fsgnjx.s	f16,f21,f28	 f21:0x80000000 f28:0x4fac5344 f16=0x80000000
      84205.000 ns	      8419	80001dcc	a0cd9953	flt.s	x18,f27,f12	 f27:0x00000000 f12:0x00000000 x18=0x00000000
      84575.000 ns	      8456	80001dd0	021ac133	div	x2,x21,x1	 x21:0x08f68ba1  x1:0x00000002  x2=0x047b45d0
      84605.000 ns	      8459	80001dd4	e0068c53	fmv.x.w	x24,f13	 f13:0x00000000 x24=0x00000000
      84625.000 ns	      8461	80001dd8	bd18e993	ori	x19,x17,-1071	 x17:0x08a35a57 x19=0xfffffbd7
      84645.000 ns	      8463	80001ddc	f00b87d3	fmv.w.x	f15,x23	 x23:0xffffffff f15=0xffffffff
      84675.000 ns	      8466	80001de0	28ef9ed3	fmax.s	f29,f31,f14	 f31:0xab104000 f14:0x4f000410 f29=0x4f000410
      84695.000 ns	      8468	80001de4	1e84ec13	ori	x24,x9,488	  x9:0x00000000 x24=0x000001e8
      84705.000 ns	      8469	80001de8	013d9313	slli	x6,x27,0x13	 x27:0x80040fe4  x6=0x7f200000
      84725.000 ns	      8471	80001dec	028d6d33	rem	x26,x26,x8	 x26:0x00000000  x8:0x00000000 x26=0x00000000
      84745.000 ns	      8473	80001df0	01285393	srli	x7,x16,0x12	 x16:0x0000042d  x7=0x00000000
      84755.000 ns	      8474	80001df4	00465213	srli	x4,x12,0x4	 x12:0xfffffd7f  x4=0x0fffffd7
      84765.000 ns	      8475	80001df8	0021f033	and	x0,x3,x2	  x3:0x00000001  x2:0x047b45d0
      84775.000 ns	      8476	80001dfc	41950f33	sub	x30,x10,x25	 x10:0xf75ca184 x25:0x00000000 x30=0xf75ca184
      84795.000 ns	      8478	80001e00	f0060a53	fmv.w.x	f20,x12	 x12:0xfffffd7f f20=0xfffffd7f
      84815.000 ns	      8480	80001e04	00000013	addi	x0,x0,0	  x0:0x00000000
      84835.000 ns	      8482	80001e08	e0089d53	fclass.s	x26,f17	 f17:0x7fc00000 x26=0x00000200
      84865.000 ns	      8485	80001e0c	02005833	divu	x16,x0,x0	  x0:0x00000000  x0:0x00000000 x16=0xffffffff
      84895.000 ns	      8488	80001e10	a09e86d3	fle.s	x13,f29,f9	 f29:0x4f000410  f9:0x5fe80000 x13=0x00000001
      84925.000 ns	      8491	80001e14	d010f8d3	fcvt.s.wu	f17,x1	  x1:0x00000002 f17=0x40000000
      84945.000 ns	      8493	80001e18	01b48e33	add	x28,x9,x27	  x9:0x00000000 x27:0x80040fe4 x28=0x80040fe4
      84965.000 ns	      8495	80001e1c	0209f8b3	remu	x17,x19,x0	 x19:0xfffffbd7  x0:0x00000000 x17=0xfffffbd7
      84995.000 ns	      8498	80001e20	03ee9333	mulh	x6,x29,x30	 x29:0x00000000 x30:0xf75ca184  x6=0x00000000
      85025.000 ns	      8501	80001e24	29e01753	fmax.s	f14,f0,f30	  f0:0x00000000 f30:0x80000000 f14=0x00000000
      85045.000 ns	      8503	80001e28	0157a3b3	slt	x7,x15,x21	 x15:0x00000000 x21:0x08f68ba1  x7=0x00000001
      85065.000 ns	      8505	80001e2c	c00b7b53	fcvt.w.s	x22,f22	 f22:0x5fe80000 x22=0x7fffffff
      85115.000 ns	      8510	80001e30	08883053	fsub.s	f0,f16,f8	 f16:0x80000000  f8:0xbf2b7f94  f0=0x3f2b7f94
      85485.000 ns	      8547	80001e34	03e16f33	rem	x30,x2,x30	  x2:0x047b45d0 x30:0xf75ca184 x30=0x047b45d0
      85515.000 ns	      8550	80001e38	287e15d3	fmax.s	f11,f28,f7	 f28:0x4fac5344  f7:0x5fe80000 f11=0x5fe80000
      85535.000 ns	      8552	80001e3c	1f85f093	andi	x1,x11,504	 x11:0xf75ca184  x1=0x00000180
      85895.000 ns	      8588	80001e40	024ee833	rem	x16,x29,x4	 x29:0x00000000  x4:0x0fffffd7 x16=0x00000000
      85925.000 ns	      8591	80001e44	d016b253	fcvt.s.wu	f4,x13	 x13:0x00000001  f4=0x3f800000
      86295.000 ns	      8628	80001e48	02c640b3	div	x1,x12,x12	 x12:0xfffffd7f x12:0xfffffd7f  x1=0x00000001
      86315.000 ns	      8630	80001e4c	00425393	srli	x7,x4,0x4	  x4:0x0fffffd7  x7=0x00fffffd
      86335.000 ns	      8632	80001e50	c000f653	fcvt.w.s	x12,f1	  f1:0x3f2b7f94 x12=0x00000000
      86365.000 ns	      8635	80001e54	a109a453	feq.s	x8,f19,f16	 f19:0x5fe80000 f16:0x80000000  x8=0x00000000
      86395.000 ns	      8638	80001e58	032f1b33	mulh	x22,x30,x18	 x30:0x047b45d0 x18:0x00000000 x22=0x00000000
      86735.000 ns	      8672	80001e5c	19ad7bd3	fdiv.s	f23,f26,f26	 f26:0xbf2b7f94 f26:0xbf2b7f94 f23=0x3f41e14a
      86755.000 ns	      8674	80001e60	080b7893	andi	x17,x22,128	 x22:0x00000000 x17=0x00000000
      86775.000 ns	      8676	80001e64	c01df8d3	fcvt.wu.s	x17,f27	 f27:0x00000000 x17=0x00000000
      86805.000 ns	      8679	80001e68	d002fb53	fcvt.s.w	f22,x5	  x5:0x80041024 f22=0xcefff7df
      86835.000 ns	      8682	80001e6c	29969653	fmax.s	f12,f13,f25	 f13:0x00000000 f25:0xbf2b7f94 f12=0x00000000
      86855.000 ns	      8684	80001e70	ccd5f413	andi	x8,x11,-819	 x11:0xf75ca184  x8=0xf75ca084
      86875.000 ns	      8686	80001e74	293c0fd3	fmin.s	f31,f24,f19	 f24:0x00000000 f19:0x5fe80000 f31=0x00000000
      86905.000 ns	      8689	80001e78	e0050a53	fmv.x.w	x20,f10	 f10:0xaf000000 x20=0xaf000000
      86925.000 ns	      8691	80001e7c	40228c33	sub	x24,x5,x2	  x5:0x80041024  x2:0x047b45d0 x24=0x7b88ca54
      86935.000 ns	      8692	80001e80	40d78a33	sub	x20,x15,x13	 x15:0x00000000 x13:0x00000001 x20=0xffffffff
      86945.000 ns	      8693	80001e84	fa91af93	slti	x31,x3,-87	  x3:0x00000001 x31=0x00000000
      86955.000 ns	      8694	80001e88	4161dc13	srai	x24,x3,0x16	  x3:0x00000001 x24=0x00000000
      86985.000 ns	      8697	80001e8c	189f73d3	fdiv.s	f7,f30,f9	 f30:0x80000000  f9:0x5fe80000  f7=0x80000000
      87015.000 ns	      8700	80001e90	d01b07d3	fcvt.s.wu	f15,x22	 x22:0x00000000 f15=0x00000000
      87045.000 ns	      8703	80001e94	206489d3	fsgnj.s	f19,f9,f6	  f9:0x5fe80000  f6:0x5fe80000 f19=0x5fe80000
      87065.000 ns	      8705	80001e98	e2ef4493	xori	x9,x30,-466	 x30:0x047b45d0  x9=0xfb84bbfe
      87075.000 ns	      8706	80001e9c	a9c76b93	ori	x23,x14,-1380	 x14:0x8f91e000 x23=0xfffffa9c
      87085.000 ns	      8707	80001ea0	b6264c13	xori	x24,x12,-1182	 x12:0x00000000 x24=0xfffffb62
      87105.000 ns	      8709	80001ea4	024e2233	mulhsu	x4,x28,x4	 x28:0x80040fe4  x4:0x0fffffd7  x4=0xf8004112
      87125.000 ns	      8711	80001ea8	00721733	sll	x14,x4,x7	  x4:0x0fffffd7  x7:0x00fffffd x14=0x40000000
      87485.000 ns	      8747	80001eac	02a3fbb3	remu	x23,x7,x10	  x7:0x00fffffd x10:0xf75ca184 x23=0x00fffffd
      87505.000 ns	      8749	80001eb0	00b2dc33	srl	x24,x5,x11	  x5:0x80041024 x11:0xf75ca184 x24=0x08004102
      87525.000 ns	      8751	80001eb4	29849a53	fmax.s	f20,f9,f24	  f9:0x5fe80000 f24:0x00000000 f20=0x5fe80000
      87545.000 ns	      8753	80001eb8	87ab2437	lui	x8,0x87ab2	  x8=0x87ab2000
      87555.000 ns	      8754	80001ebc	d5d2f337	lui	x6,0xd5d2f	  x6=0xd5d2f000
      87575.000 ns	      8756	80001ec0	e00d0353	fmv.x.w	x6,f26	 f26:0xbf2b7f94  x6=0xbf2b7f94
      87595.000 ns	      8758	80001ec4	41df8bb3	sub	x23,x31,x29	 x31:0x00000000 x29:0x00000000 x23=0x00000000
      87615.000 ns	      8760	80001ec8	e00d04d3	fmv.x.w	x9,f26	 f26:0xbf2b7f94  x9=0xbf2b7f94
      87645.000 ns	      8763	80001ecc	039eecb3	rem	x25,x29,x25	 x29:0x00000000 x25:0x00000000 x25=0x00000000
      87685.000 ns	      8767	80001ed0	18db9bd3	fdiv.s	f23,f23,f13	 f23:0x3f41e14a f13:0x00000000 f23=0x7f800000
      88055.000 ns	      8804	80001ed4	0276d333	divu	x6,x13,x7	 x13:0x00000001  x7:0x00fffffd  x6=0x00000000
      88075.000 ns	      8806	80001ed8	40a1e913	ori	x18,x3,1034	  x3:0x00000001 x18=0x0000040b
      88085.000 ns	      8807	80001edc	417054b3	sra	x9,x0,x23	  x0:0x00000000 x23:0x00000000  x9=0x00000000
      88095.000 ns	      8808	80001ee0	40ebd1b3	sra	x3,x23,x14	 x23:0x00000000 x14:0x40000000  x3=0x00000000
      88105.000 ns	      8809	80001ee4	01706fb3	or	x31,x0,x23	  x0:0x00000000 x23:0x00000000 x31=0x00000000
      88115.000 ns	      8810	80001ee8	fb5b6093	ori	x1,x22,-75	 x22:0x00000000  x1=0xffffffb5
      88155.000 ns	      8814	80001eec	00cc02d3	fadd.s	f5,f24,f12	 f24:0x00000000 f12:0x00000000  f5=0x00000000
      88175.000 ns	      8816	80001ef0	005ab333	sltu	x6,x21,x5	 x21:0x08f68ba1  x5:0x80041024  x6=0x00000001
      88205.000 ns	      8819	80001ef4	10787453	fmul.s	f8,f16,f7	 f16:0x80000000  f7:0x80000000  f8=0x00000000
      88235.000 ns	      8822	80001ef8	c0133b53	fcvt.wu.s	x22,f6	  f6:0x5fe80000 x22=0xffffffff
      89415.000 ns	      8940	80001efc	580a7e53	fsqrt.s	f28,f20	 f20:0x5fe80000 f28=0x4fac5344
      89465.000 ns	      8945	80001f00	08d817d3	fsub.s	f15,f16,f13	 f16:0x80000000 f13:0x00000000 f15=0x80000000
      89485.000 ns	      8947	80001f04	00906233	or	x4,x0,x9	  x0:0x00000000  x9:0x00000000  x4=0x00000000
      89495.000 ns	      8948	80001f08	5a4cc093	xori	x1,x25,1444	 x25:0x00000000  x1=0x000005a4
      89515.000 ns	      8950	80001f0c	03fdb7b3	mulhu	x15,x27,x31	 x27:0x80040fe4 x31:0x00000000 x15=0x00000000
      89545.000 ns	      8953	80001f10	e0001853	fclass.s	x16,f0	  f0:0x3f2b7f94 x16=0x00000040
      89565.000 ns	      8955	80001f14	01931213	slli	x4,x6,0x19	  x6:0x00000001  x4=0x02000000
      89585.000 ns	      8957	80001f18	02fca333	mulhsu	x6,x25,x15	 x25:0x00000000 x15:0x00000000  x6=0x00000000
      89615.000 ns	      8960	80001f1c	210112d3	fsgnjn.s	f5,f2,f16	  f2:0xbf800000 f16:0x80000000  f5=0x3f800000
      89985.000 ns	      8997	80001f20	03ac5eb3	divu	x29,x24,x26	 x24:0x08004102 x26:0x00000200 x29=0x00040020
      90015.000 ns	      9000	80001f24	e0009353	fclass.s	x6,f1	  f1:0x3f2b7f94  x6=0x00000040
      90045.000 ns	      9003	80001f28	208991d3	fsgnjn.s	f3,f19,f8	 f19:0x5fe80000  f8:0x00000000  f3=0xdfe80000
      90075.000 ns	      9006	80001f2c	208e8253	fsgnj.s	f4,f29,f8	 f29:0x4f000410  f8:0x00000000  f4=0x4f000410
      90115.000 ns	      9010	80001f30	18b7f053	fdiv.s	f0,f15,f11	 f15:0x80000000 f11:0x5fe80000  f0=0x80000000
      90145.000 ns	      9013	80001f34	a1b993d3	flt.s	x7,f19,f27	 f19:0x5fe80000 f27:0x00000000  x7=0x00000000
      90165.000 ns	      9015	80001f38	01dfec33	or	x24,x31,x29	 x31:0x00000000 x29:0x00040020 x24=0x00040020
      90185.000 ns	      9017	80001f3c	20bbac53	fsgnjx.s	f24,f23,f11	 f23:0x7f800000 f11:0x5fe80000 f24=0x7f800000
      90205.000 ns	      9019	80001f40	002828b3	slt	x17,x16,x2	 x16:0x00000040  x2:0x047b45d0 x17=0x00000001
      90225.000 ns	      9021	80001f44	c01a7253	fcvt.wu.s	x4,f20	 f20:0x5fe80000  x4=0xffffffff
      90255.000 ns	      9024	80001f48	20b28a53	fsgnj.s	f20,f5,f11	  f5:0x3f800000 f11:0x5fe80000 f20=0x3f800000
      90275.000 ns	      9026	80001f4c	45527813	andi	x16,x4,1109	  x4:0xffffffff x16=0x00000455
      90285.000 ns	      9027	80001f50	8a12ce93	xori	x29,x5,-1887	  x5:0x80041024 x29=0x7ffbe885
      90315.000 ns	      9030	80001f54	19d420d3	fdiv.s	f1,f8,f29	  f8:0x00000000 f29:0x4f000410  f1=0x00000000
      90685.000 ns	      9067	80001f58	0244fab3	remu	x21,x9,x4	  x9:0x00000000  x4:0xffffffff x21=0x00000000
      90705.000 ns	      9069	80001f5c	01105a93	srli	x21,x0,0x11	  x0:0x00000000 x21=0x00000000
      90715.000 ns	      9070	80001f60	4183de33	sra	x28,x7,x24	  x7:0x00000000 x24:0x00040020 x28=0x00000000
      90735.000 ns	      9072	80001f64	03aa3a33	mulhu	x20,x20,x26	 x20:0xffffffff x26:0x00000200 x20=0x000001ff
      90755.000 ns	      9074	80001f68	00000013	addi	x0,x0,0	  x0:0x00000000
      90775.000 ns	      9076	80001f6c	20d82953	fsgnjx.s	f18,f16,f13	 f16:0x80000000 f13:0x00000000 f18=0x80000000
      90795.000 ns	      9078	80001f70	00ac1bb3	sll	x23,x24,x10	 x24:0x00040020 x10:0xf75ca184 x23=0x00400200
      90805.000 ns	      9079	80001f74	a2878793	addi	x15,x15,-1496	 x15:0x00000000 x15=0xfffffa28
      90825.000 ns	      9081	80001f78	c01b4b53	fcvt.wu.s	x22,f22	 f22:0xcefff7df x22=0x7ffbef80
      90875.000 ns	      9086	80001f7c	09647253	fsub.s	f4,f8,f22	  f8:0x00000000 f22:0xcefff7df  f4=0x4efff7df
      90895.000 ns	      9088	80001f80	00e72133	slt	x2,x14,x14	 x14:0x40000000 x14:0x40000000  x2=0x00000000
      91255.000 ns	      9124	80001f84	03e3dd33	divu	x26,x7,x30	  x7:0x00000000 x30:0x047b45d0 x26=0x00000000
      91305.000 ns	      9129	80001f88	09901353	fsub.s	f6,f0,f25	  f0:0x80000000 f25:0xbf2b7f94  f6=0x3f2b7f94
      91675.000 ns	      9166	80001f8c	03e17933	remu	x18,x2,x30	  x2:0x00000000 x30:0x047b45d0 x18=0x00000000
      91695.000 ns	      9168	80001f90	dc510413	addi	x8,x2,-571	  x2:0x00000000  x8=0xfffffdc5
      91705.000 ns	      9169	80001f94	009d0eb3	add	x29,x26,x9	 x26:0x00000000  x9:0x00000000 x29=0x00000000
      91715.000 ns	      9170	80001f98	41b885b3	sub	x11,x17,x27	 x17:0x00000001 x27:0x80040fe4 x11=0x7ffbf01d
      91735.000 ns	      9172	80001f9c	20b09f53	fsgnjn.s	f30,f1,f11	  f1:0x00000000 f11:0x5fe80000 f30=0x80000000
      91765.000 ns	      9175	80001fa0	022e8bb3	mul	x23,x29,x2	 x29:0x00000000  x2:0x00000000 x23=0x00000000
      91795.000 ns	      9178	80001fa4	02d81ab3	mulh	x21,x16,x13	 x16:0x00000455 x13:0x00000001 x21=0x00000000
      91825.000 ns	      9181	80001fa8	28b518d3	fmax.s	f17,f10,f11	 f10:0xaf000000 f11:0x5fe80000 f17=0x5fe80000
      91845.000 ns	      9183	80001fac	0060d733	srl	x14,x1,x6	  x1:0x000005a4  x6:0x00000040 x14=0x000005a4
      91865.000 ns	      9185	80001fb0	29d01c53	fmax.s	f24,f0,f29	  f0:0x80000000 f29:0x4f000410 f24=0x4f000410
      92235.000 ns	      9222	80001fb4	0388ce33	div	x28,x17,x24	 x17:0x00000001 x24:0x00040020 x28=0x00000000
      92265.000 ns	      9225	80001fb8	03dcfa33	remu	x20,x25,x29	 x25:0x00000000 x29:0x00000000 x20=0x00000000
      92285.000 ns	      9227	80001fbc	a173a197	auipc	x3,0xa173a	  x3=0x2173bfbc
      92295.000 ns	      9228	80001fc0	00768cb3	add	x25,x13,x7	 x13:0x00000001  x7:0x00000000 x25=0x00000001
      92315.000 ns	      9230	80001fc4	d01a16d3	fcvt.s.wu	f13,x20	 x20:0x00000000 f13=0x00000000
      92355.000 ns	      9234	80001fc8	18af7153	fdiv.s	f2,f30,f10	 f30:0x80000000 f10:0xaf000000  f2=0x00000000
      92395.000 ns	      9238	80001fcc	18b478d3	fdiv.s	f17,f8,f11	  f8:0x00000000 f11:0x5fe80000 f17=0x00000000
      92425.000 ns	      9241	80001fd0	21028153	fsgnj.s	f2,f5,f16	  f5:0x3f800000 f16:0x80000000  f2=0xbf800000
      92455.000 ns	      9244	80001fd4	f00503d3	fmv.w.x	f7,x10	 x10:0xf75ca184  f7=0xf75ca184
      92475.000 ns	      9246	80001fd8	00c15993	srli	x19,x2,0xc	  x2:0x00000000 x19=0x00000000
      92485.000 ns	      9247	80001fdc	00eed613	srli	x12,x29,0xe	 x29:0x00000000 x12=0x00000000
      92505.000 ns	      9249	80001fe0	a1812ed3	feq.s	x29,f2,f24	  f2:0xbf800000 f24:0x4f000410 x29=0x00000000
      92845.000 ns	      9283	80001fe4	18549ad3	fdiv.s	f21,f9,f5	  f9:0x5fe80000  f5:0x3f800000 f21=0x5fe7ff4b
      92865.000 ns	      9285	80001fe8	015d4733	xor	x14,x26,x21	 x26:0x00000000 x21:0x00000000 x14=0x00000000
      92875.000 ns	      9286	80001fec	b901e913	ori	x18,x3,-1136	  x3:0x2173bfbc x18=0xffffffbc
      92895.000 ns	      9288	80001ff0	a1fb88d3	fle.s	x17,f23,f31	 f23:0x7f800000 f31:0x00000000 x17=0x00000000
      92915.000 ns	      9290	80001ff4	0048c1b3	xor	x3,x17,x4	 x17:0x00000001  x4:0xffffffff  x3=0xffffffff
      92935.000 ns	      9292	80001ff8	03c4c833	div	x16,x9,x28	  x9:0x00000000 x28:0x00000000 x16=0xffffffff
      92955.000 ns	      9294	80001ffc	40be89b3	sub	x19,x29,x11	 x29:0x00000000 x11:0x7ffbf01d x19=0x80040fe3
      92975.000 ns	      9296	80002000	032c2c33	mulhsu	x24,x24,x18	 x24:0x00040020 x18:0xffffffbc x24=0x0004001f
      93345.000 ns	      9333	80002004	03baecb3	rem	x25,x21,x27	 x21:0x00000000 x27:0x80040fe4 x25=0x00000000
      93365.000 ns	      9335	80002008	01d95313	srli	x6,x18,0x1d	 x18:0xffffffbc  x6=0x00000007
      93385.000 ns	      9337	8000200c	a09016d3	flt.s	x13,f0,f9	  f0:0x80000000  f9:0x5fe80000 x13=0x00000001
      93415.000 ns	      9340	80002010	a1958353	fle.s	x6,f11,f25	 f11:0x5fe80000 f25:0xbf2b7f94  x6=0x00000000
      93435.000 ns	      9342	80002014	6297be13	sltiu	x28,x15,1577	 x15:0xfffffa28 x28=0x00000000
      93445.000 ns	      9343	80002018	41f6da33	sra	x20,x13,x31	 x13:0x00000001 x31:0x00000000 x20=0x00000001
      93465.000 ns	      9345	8000201c	202786d3	fsgnj.s	f13,f15,f2	 f15:0x80000000  f2:0xbf800000 f13=0x80000000
      93485.000 ns	      9347	80002020	41780633	sub	x12,x16,x23	 x16:0xffffffff x23:0x00000000 x12=0xffffffff
      93495.000 ns	      9348	80002024	01571a93	slli	x21,x14,0x15	 x14:0x00000000 x21=0x00000000
      93505.000 ns	      9349	80002028	01bebc33	sltu	x24,x29,x27	 x29:0x00000000 x27:0x80040fe4 x24=0x00000001
      93515.000 ns	      9350	8000202c	003f0437	lui	x8,0x3f0	  x8=0x003f0000
      93525.000 ns	      9351	80002030	7eca75b7	lui	x11,0x7eca7	 x11=0x7eca7000
      93535.000 ns	      9352	80002034	01371f13	slli	x30,x14,0x13	 x14:0x00000000 x30=0x00000000
      93565.000 ns	      9355	80002038	11a1fb53	fmul.s	f22,f3,f26	  f3:0xdfe80000 f26:0xbf2b7f94 f22=0x5f9b6b9e
      93595.000 ns	      9358	8000203c	f0030e53	fmv.w.x	f28,x6	  x6:0x00000000 f28=0x00000000
      93615.000 ns	      9360	80002040	41b451b3	sra	x3,x8,x27	  x8:0x003f0000 x27:0x80040fe4  x3=0x0003f000
      93625.000 ns	      9361	80002044	018dc733	xor	x14,x27,x24	 x27:0x80040fe4 x24:0x00000001 x14=0x80040fe5
      93635.000 ns	      9362	80002048	010bef33	or	x30,x23,x16	 x23:0x00000000 x16:0xffffffff x30=0xffffffff
      93645.000 ns	      9363	8000204c	01cab7b3	sltu	x15,x21,x28	 x21:0x00000000 x28:0x00000000 x15=0x00000000
      93665.000 ns	      9365	80002050	e00f8cd3	fmv.x.w	x25,f31	 f31:0x00000000 x25=0x00000000
      94845.000 ns	      9483	80002054	580c7b53	fsqrt.s	f22,f24	 f24:0x4f000410 f22=0x46b50a40
      94865.000 ns	      9485	80002058	d3db2e13	slti	x28,x22,-707	 x22:0x7ffbef80 x28=0x00000000
      94885.000 ns	      9487	8000205c	20899ed3	fsgnjn.s	f29,f19,f8	 f19:0x5fe80000  f8:0x00000000 f29=0xdfe80000
      94915.000 ns	      9490	80002060	02721333	mulh	x6,x4,x7	  x4:0xffffffff  x7:0x00000000  x6=0x00000000
      94935.000 ns	      9492	80002064	00ccf3b3	and	x7,x25,x12	 x25:0x00000000 x12:0xffffffff  x7=0x00000000
      94965.000 ns	      9495	80002068	58069153	fsqrt.s	f2,f13	 f13:0x80000000  f2=0x80000000
      95005.000 ns	      9499	8000206c	11fef2d3	fmul.s	f5,f29,f31	 f29:0xdfe80000 f31:0x00000000  f5=0x80000000
      95035.000 ns	      9502	80002070	c00c1353	fcvt.w.s	x6,f24	 f24:0x4f000410  x6=0x7fffffff
      95065.000 ns	      9505	80002074	20570ed3	fsgnj.s	f29,f14,f5	 f14:0x00000000  f5:0x80000000 f29=0x80000000
      95085.000 ns	      9507	80002078	0148d493	srli	x9,x17,0x14	 x17:0x00000000  x9=0x00000000
      95125.000 ns	      9511	8000207c	08fff053	fsub.s	f0,f31,f15	 f31:0x00000000 f15:0x80000000  f0=0x00000000
      95155.000 ns	      9514	80002080	d01db553	fcvt.s.wu	f10,x27	 x27:0x80040fe4 f10=0x4f000410
      95175.000 ns	      9516	80002084	00291b33	sll	x22,x18,x2	 x18:0xffffffbc  x2:0x00000000 x22=0xffffffbc
      95535.000 ns	      9552	80002088	036164b3	rem	x9,x2,x22	  x2:0x00000000 x22:0x7ffbef80  x9=0x00000000
      95575.000 ns	      9556	8000208c	19ca0c53	fdiv.s	f24,f20,f28	 f20:0x3f800000 f28:0x00000000 f24=0x7f800000
      95605.000 ns	      9559	80002090	027b21b3	mulhsu	x3,x22,x7	 x22:0xffffffbc  x7:0x00000000  x3=0x00000000
      95645.000 ns	      9563	80002094	11a10cd3	fmul.s	f25,f2,f26	  f2:0x80000000 f26:0xbf2b7f94 f25=0x00000000
      95685.000 ns	      9567	80002098	102aa0d3	fmul.s	f1,f21,f2	 f21:0x5fe7ff4b  f2:0x80000000  f1=0x80000000
      95715.000 ns	      9570	8000209c	21148753	fsgnj.s	f14,f9,f17	  f9:0x5fe80000 f17:0x00000000 f14=0x5fe80000
      95745.000 ns	      9573	800020a0	20e92dd3	fsgnjx.s	f27,f18,f14	 f18:0x80000000 f14:0x00000000 f27=0x80000000
      95765.000 ns	      9575	800020a4	01bf5933	srl	x18,x30,x27	 x30:0xffffffff x27:0x80040fe4 x18=0x0fffffff
      95785.000 ns	      9577	800020a8	210e0553	fsgnj.s	f10,f28,f16	 f28:0x00000000 f16:0x80000000 f10=0x80000000
      95805.000 ns	      9579	800020ac	0131ba33	sltu	x20,x3,x19	  x3:0x00000000 x19:0x80040fe3 x20=0x00000001
      95815.000 ns	      9580	800020b0	01f8eeb3	or	x29,x17,x31	 x17:0x00000000 x31:0x00000000 x29=0x00000000
      95835.000 ns	      9582	800020b4	026d30b3	mulhu	x1,x26,x6	 x26:0x00000000  x6:0x7fffffff  x1=0x00000000
      95855.000 ns	      9584	800020b8	00000013	addi	x0,x0,0	  x0:0x00000000
      95865.000 ns	      9585	800020bc	986d8b37	lui	x22,0x986d8	 x22=0x986d8000
      95885.000 ns	      9587	800020c0	e0050253	fmv.x.w	x4,f10	 f10:0x80000000  x4=0x80000000
      95905.000 ns	      9589	800020c4	01d81433	sll	x8,x16,x29	 x16:0xffffffff x29:0x00000000  x8=0xffffffff
      95925.000 ns	      9591	800020c8	02712bb3	mulhsu	x23,x2,x7	  x2:0x00000000  x7:0x00000000 x23=0x00000000
      96295.000 ns	      9628	800020cc	02e85cb3	divu	x25,x16,x14	 x16:0xffffffff x14:0x80040fe5 x25=0x00000001
      96325.000 ns	      9631	800020d0	21de9ed3	fsgnjn.s	f29,f29,f29	 f29:0x80000000 f29:0x80000000 f29=0x00000000
      96345.000 ns	      9633	800020d4	00000013	addi	x0,x0,0	  x0:0x00000000
      96365.000 ns	      9635	800020d8	a1739353	flt.s	x6,f7,f23	  f7:0xf75ca184 f23:0x7f800000  x6=0x00000001
      96395.000 ns	      9638	800020dc	a02f0853	fle.s	x16,f30,f2	 f30:0x80000000  f2:0x80000000 x16=0x00000001
      96425.000 ns	      9641	800020e0	21da89d3	fsgnj.s	f19,f21,f29	 f21:0x5fe7ff4b f29:0x00000000 f19=0x5fe7ff4b
      96795.000 ns	      9678	800020e4	02b1ec33	rem	x24,x3,x11	  x3:0x00000000 x11:0x7eca7000 x24=0x00000000
      96815.000 ns	      9680	800020e8	4db2d7b7	lui	x15,0x4db2d	 x15=0x4db2d000
      96825.000 ns	      9681	800020ec	41540433	sub	x8,x8,x21	  x8:0xffffffff x21:0x00000000  x8=0xffffffff
      96845.000 ns	      9683	800020f0	20da0a53	fsgnj.s	f20,f20,f13	 f20:0x3f800000 f13:0x80000000 f20=0xbf800000
      96865.000 ns	      9685	800020f4	00e0b033	sltu	x0,x1,x14	  x1:0x00000000 x14:0x80040fe5
      96905.000 ns	      9689	800020f8	01cb9fd3	fadd.s	f31,f23,f28	 f23:0x7f800000 f28:0x00000000 f31=0x7f800000
      96955.000 ns	      9694	800020fc	092a7d53	fsub.s	f26,f20,f18	 f20:0xbf800000 f18:0x80000000 f26=0xbf800000
      96975.000 ns	      9696	80002100	e9614b93	xori	x23,x2,-362	  x2:0x00000000 x23=0xfffffe96
      96985.000 ns	      9697	80002104	1763ea93	ori	x21,x7,374	  x7:0x00000000 x21=0x00000176
      96995.000 ns	      9698	80002108	9dafbc17	auipc	x24,0x9dafb	 x24=0x1dafd108
      97005.000 ns	      9699	8000210c	41225eb3	sra	x29,x4,x18	  x4:0x80000000 x18:0x0fffffff x29=0xffffffff
      97015.000 ns	      9700	80002110	84d84397	auipc	x7,0x84d84	  x7=0x04d86110
      97025.000 ns	      9701	80002114	c01e3117	auipc	x2,0xc01e3	  x2=0x401e5114
      97035.000 ns	      9702	80002118	012e3bb3	sltu	x23,x28,x18	 x28:0x00000000 x18:0x0fffffff x23=0x00000001
      97045.000 ns	      9703	8000211c	01569233	sll	x4,x13,x21	 x13:0x00000001 x21:0x00000176  x4=0x00400000
      97055.000 ns	      9704	80002120	51adf713	andi	x14,x27,1306	 x27:0x80040fe4 x14=0x00000500
      97065.000 ns	      9705	80002124	fc53c213	xori	x4,x7,-59	  x7:0x04d86110  x4=0xfb279ed5
      97075.000 ns	      9706	80002128	00000013	addi	x0,x0,0	  x0:0x00000000
      97085.000 ns	      9707	8000212c	40b585b3	sub	x11,x11,x11	 x11:0x7eca7000 x11:0x7eca7000 x11=0x00000000
      97095.000 ns	      9708	80002130	0068c933	xor	x18,x17,x6	 x17:0x00000000  x6:0x00000001 x18=0x00000001
      97105.000 ns	      9709	80002134	013b6b33	or	x22,x22,x19	 x22:0x986d8000 x19:0x80040fe3 x22=0x986d8fe3
      97115.000 ns	      9710	80002138	bc380813	addi	x16,x16,-1085	 x16:0x00000001 x16=0xfffffbc4
      97125.000 ns	      9711	8000213c	588fe113	ori	x2,x31,1416	 x31:0x00000000  x2=0x00000588
      97135.000 ns	      9712	80002140	2aea2693	slti	x13,x20,686	 x20:0x00000001 x13=0x00000001
      97145.000 ns	      9713	80002144	b2e94193	xori	x3,x18,-1234	 x18:0x00000001  x3=0xfffffb2f
      97165.000 ns	      9715	80002148	03a89133	mulh	x2,x17,x26	 x17:0x00000000 x26:0x00000000  x2=0x00000000
      97185.000 ns	      9717	8000214c	9101c593	xori	x11,x3,-1776	  x3:0x00000000 x11=0x0000023f
      97195.000 ns	      9718	80002150	0038b0b3	sltu	x1,x17,x3	 x17:0x00000000  x3:0xfffffb2f  x1=0x00000001
      97205.000 ns	      9719	80002154	00000013	addi	x0,x0,0	  x0:0x00000000
      97245.000 ns	      9723	80002158	01dc7d53	fadd.s	f26,f24,f29	 f24:0x7f800000 f29:0x00000000 f26=0x7f800000
      97265.000 ns	      9725	8000215c	00585233	srl	x4,x16,x5	 x16:0xfffffbc4  x5:0x80041024  x4=0x0fffffbc
      97275.000 ns	      9726	80002160	40fd8833	sub	x16,x27,x15	 x27:0x80040fe4 x15:0x4db2d000 x16=0x32513fe4
      97295.000 ns	      9728	80002164	d00cf7d3	fcvt.s.w	f15,x25	 x25:0x00000001 f15=0x3f800000
      97345.000 ns	      9733	80002168	00e89753	fadd.s	f14,f17,f14	 f17:0x00000000 f14:0x5fe80000 f14=0x5fe80000
      97365.000 ns	      9735	8000216c	00bb0133	add	x2,x22,x11	 x22:0x986d8fe3 x11:0x0000023f  x2=0x986d9222
      97375.000 ns	      9736	80002170	c88d2017	auipc	x0,0xc88d2	
      97395.000 ns	      9738	80002174	299e8b53	fmin.s	f22,f29,f25	 f29:0x00000000 f25:0x00000000 f22=0x00000000
      97415.000 ns	      9740	80002178	01c08cb3	add	x25,x1,x28	  x1:0x00000001 x28:0x00000000 x25=0x00000001
      97425.000 ns	      9741	8000217c	abc32c93	slti	x25,x6,-1348	  x6:0x00000001 x25=0x00000000
      97445.000 ns	      9743	80002180	216782d3	fsgnj.s	f5,f15,f22	 f15:0x3f800000 f22:0x00000000  f5=0x3f800000
      97475.000 ns	      9746	80002184	03a377b3	remu	x15,x6,x26	  x6:0x00000001 x26:0x00000000 x15=0x00000001
      98655.000 ns	      9864	80002188	580599d3	fsqrt.s	f19,f11	 f11:0x5fe80000 f19=0x4fac5344
      98685.000 ns	      9867	8000218c	f0020d53	fmv.w.x	f26,x4	  x4:0x0fffffbc f26=0x0fffffbc
      98705.000 ns	      9869	80002190	56acc793	xori	x15,x25,1386	 x25:0x00000000 x15=0x0000056a
      98725.000 ns	      9871	80002194	29b102d3	fmin.s	f5,f2,f27	  f2:0x80000000 f27:0x80000000  f5=0x80000000
      99065.000 ns	      9905	80002198	1839fed3	fdiv.s	f29,f19,f3	 f19:0x4fac5344  f3:0xdfe80000 f29=0xaf2c5344
      99095.000 ns	      9908	8000219c	28709753	fmax.s	f14,f1,f7	  f1:0x80000000  f7:0xf75ca184 f14=0x80000000
      99135.000 ns	      9912	800021a0	19c63653	fdiv.s	f12,f12,f28	 f12:0x00000000 f28:0x00000000 f12=0x7fc00000
      99165.000 ns	      9915	800021a4	03ca0333	mul	x6,x20,x28	 x20:0x00000001 x28:0x00000000  x6=0x00000000
      99185.000 ns	      9917	800021a8	fb32b813	sltiu	x16,x5,-77	  x5:0x80041024 x16=0x00000001
      99195.000 ns	      9918	800021ac	49363593	sltiu	x11,x12,1171	 x12:0xffffffff x11=0x00000000
      99205.000 ns	      9919	800021b0	41908eb3	sub	x29,x1,x25	  x1:0x00000001 x25:0x00000000 x29=0x00000001
      99225.000 ns	      9921	800021b4	02ed0433	mul	x8,x26,x14	 x26:0x00000000 x14:0x00000500  x8=0x00000000
      99245.000 ns	      9923	800021b8	009f8733	add	x14,x31,x9	 x31:0x00000000  x9:0x00000000 x14=0x00000000
      99605.000 ns	      9959	800021bc	0228c9b3	div	x19,x17,x2	 x17:0x00000000  x2:0x986d9222 x19=0x00000000
      99645.000 ns	      9963	800021c0	5808f7d3	fsqrt.s	f15,f17	 f17:0x00000000 f15=0x00000000
      99665.000 ns	      9965	800021c4	01a37733	and	x14,x6,x26	  x6:0x00000000 x26:0x00000000 x14=0x00000000
      99675.000 ns	      9966	800021c8	00a73233	sltu	x4,x14,x10	 x14:0x00000000 x10:0xf75ca184  x4=0x00000001
      99685.000 ns	      9967	800021cc	00e18eb3	add	x29,x3,x14	  x3:0xfffffb2f x14:0x00000000 x29=0xfffffb2f
      99715.000 ns	      9970	800021d0	11be7353	fmul.s	f6,f28,f27	 f28:0x00000000 f27:0x80000000  f6=0x80000000
      99735.000 ns	      9972	800021d4	01ac8b33	add	x22,x25,x26	 x25:0x00000000 x26:0x00000000 x22=0x00000000
      99745.000 ns	      9973	800021d8	40f259b3	sra	x19,x4,x15	  x4:0x00000001 x15:0x0000056a x19=0x00000000
      99755.000 ns	      9974	800021dc	0178bab3	sltu	x21,x17,x23	 x17:0x00000000 x23:0x00000001 x21=0x00000001
      99775.000 ns	      9976	800021e0	c0067c53	fcvt.w.s	x24,f12	 f12:0x7fc00000 x24=0x7fffffff
      99805.000 ns	      9979	800021e4	294f09d3	fmin.s	f19,f30,f20	 f30:0x80000000 f20:0xbf800000 f19=0xbf800000
      99835.000 ns	      9982	800021e8	288d8dd3	fmin.s	f27,f27,f8	 f27:0x80000000  f8:0x00000000 f27=0x80000000
      99865.000 ns	      9985	800021ec	20098653	fsgnj.s	f12,f19,f0	 f19:0xbf800000  f0:0x00000000 f12=0x3f800000
      99895.000 ns	      9988	800021f0	d0159f53	fcvt.s.wu	f30,x11	 x11:0x00000000 f30=0x00000000
      99915.000 ns	      9990	800021f4	01e256b3	srl	x13,x4,x30	  x4:0x00000001 x30:0xffffffff x13=0x00000000
      99935.000 ns	      9992	800021f8	a0459053	flt.s	x0,f11,f4	 f11:0x5fe80000  f4:0x4efff7df
      99965.000 ns	      9995	800021fc	2004a9d3	fsgnjx.s	f19,f9,f0	  f9:0x5fe80000  f0:0x00000000 f19=0x5fe80000
      99985.000 ns	      9997	80002200	00501693	slli	x13,x0,0x5	  x0:0x00000000 x13=0x00000000
      99995.000 ns	      9998	80002204	00a0dc13	srli	x24,x1,0xa	  x1:0x00000001 x24=0x00000000
     100015.000 ns	     10000	80002208	f0058953	fmv.w.x	f18,x11	 x11:0x00000000 f18=0x00000000
     100045.000 ns	     10003	8000220c	e00c0253	fmv.x.w	x4,f24	 f24:0x7f800000  x4=0x7f800000
     100065.000 ns	     10005	80002210	9cd74213	xori	x4,x14,-1587	 x14:0x00000000  x4=0xfffff9cd
     100075.000 ns	     10006	80002214	00f01733	sll	x14,x0,x15	  x0:0x00000000 x15:0x0000056a x14=0x00000000
     100085.000 ns	     10007	80002218	7550e093	ori	x1,x1,1877	  x1:0x00000001  x1=0x00000755
     100095.000 ns	     10008	8000221c	00706a33	or	x20,x0,x7	  x0:0x00000000  x7:0x04d86110 x20=0x04d86110
     100115.000 ns	     10010	80002220	21bf9953	fsgnjn.s	f18,f31,f27	 f31:0x7f800000 f27:0x80000000 f18=0x7f800000
     100135.000 ns	     10012	80002224	69ce0c17	auipc	x24,0x69ce0	 x24=0xe9ce2224
     100495.000 ns	     10048	80002228	0347e3b3	rem	x7,x15,x20	 x15:0x0000056a x20:0x04d86110  x7=0x0000056a
     100525.000 ns	     10051	8000222c	e0038653	fmv.x.w	x12,f7	  f7:0xf75ca184 x12=0xf75ca184
     100545.000 ns	     10053	80002230	41b25233	sra	x4,x4,x27	  x4:0xfffff9cd x27:0x80040fe4  x4=0xffffff9c
     100555.000 ns	     10054	80002234	41565e33	sra	x28,x12,x21	 x12:0xf75ca184 x21:0x00000001 x28=0xfbae50c2
     100575.000 ns	     10056	80002238	29bb9853	fmax.s	f16,f23,f27	 f23:0x7f800000 f27:0x80000000 f16=0x7f800000
     100595.000 ns	     10058	8000223c	3fe3f013	andi	x0,x7,1022	  x7:0x0000056a
     100615.000 ns	     10060	80002240	c00db9d3	fcvt.w.s	x19,f27	 f27:0x80000000 x19=0x00000000
     100655.000 ns	     10064	80002244	19f0fed3	fdiv.s	f29,f1,f31	  f1:0x80000000 f31:0x7f800000 f29=0x80000000
     100675.000 ns	     10066	80002248	008c49b3	xor	x19,x24,x8	 x24:0xe9ce2224  x8:0x00000000 x19=0xe9ce2224
     100695.000 ns	     10068	8000224c	210c84d3	fsgnj.s	f9,f25,f16	 f25:0x00000000 f16:0x7f800000  f9=0x00000000
     100715.000 ns	     10070	80002250	01b57c33	and	x24,x10,x27	 x10:0xf75ca184 x27:0x80040fe4 x24=0x80040184
     100725.000 ns	     10071	80002254	01e85bb3	srl	x23,x16,x30	 x16:0x00000001 x30:0xffffffff x23=0x00000000
     100745.000 ns	     10073	80002258	f00a0b53	fmv.w.x	f22,x20	 x20:0x04d86110 f22=0x04d86110
     100765.000 ns	     10075	8000225c	016d2fb3	slt	x31,x26,x22	 x26:0x00000000 x22:0x00000000 x31=0x00000000
     101125.000 ns	     10111	80002260	03037bb3	remu	x23,x6,x16	  x6:0x00000000 x16:0x00000001 x23=0x00000000
     101155.000 ns	     10114	80002264	03c62433	mulhsu	x8,x12,x28	 x12:0xf75ca184 x28:0xfbae50c2  x8=0xf781f098
     101175.000 ns	     10116	80002268	00f3a933	slt	x18,x7,x15	  x7:0x0000056a x15:0x0000056a x18=0x00000000
     101215.000 ns	     10120	8000226c	01f74653	fadd.s	f12,f14,f31	 f14:0x80000000 f31:0x7f800000 f12=0x7f800000
     101245.000 ns	     10123	80002270	29751353	fmax.s	f6,f10,f23	 f10:0x80000000 f23:0x7f800000  f6=0x7f800000
     101265.000 ns	     10125	80002274	018bfb33	and	x22,x23,x24	 x23:0x00000000 x24:0x80040184 x22=0x00000000
     101275.000 ns	     10126	80002278	00c2b3b3	sltu	x7,x5,x12	  x5:0x80041024 x12:0xf75ca184  x7=0x00000001
     101295.000 ns	     10128	8000227c	e0079c53	fclass.s	x24,f15	 f15:0x00000000 x24=0x00000010
     101315.000 ns	     10130	80002280	ea706613	ori	x12,x0,-345	  x0:0x00000000 x12=0xfffffea7
     101335.000 ns	     10132	80002284	29f40ed3	fmin.s	f29,f8,f31	  f8:0x00000000 f31:0x7f800000 f29=0x00000000
     101365.000 ns	     10135	80002288	e0078ad3	fmv.x.w	x21,f15	 f15:0x00000000 x21=0x00000000
     101405.000 ns	     10139	8000228c	5806a053	fsqrt.s	f0,f13	 f13:0x80000000  f0=0x80000000
     101435.000 ns	     10142	80002290	02ceb633	mulhu	x12,x29,x12	 x29:0xfffffb2f x12:0xfffffea7 x12=0xfffff9d6
     101455.000 ns	     10144	80002294	ecc27593	andi	x11,x4,-308	  x4:0xffffff9c x11=0xfffffe8c
     101475.000 ns	     10146	80002298	02bcaa33	mulhsu	x20,x25,x11	 x25:0x00000000 x11:0x00000000 x20=0x00000000
     101515.000 ns	     10150	8000229c	11887353	fmul.s	f6,f16,f24	 f16:0x7f800000 f24:0x7f800000  f6=0x7f800000
     101545.000 ns	     10153	800022a0	a0640e53	fle.s	x28,f8,f6	  f8:0x00000000  f6:0x7f800000 x28=0x00000001
     101565.000 ns	     10155	800022a4	9139f417	auipc	x8,0x9139f	  x8=0x113a12a4
     101585.000 ns	     10157	800022a8	03aba133	mulhsu	x2,x23,x26	 x23:0x00000000 x26:0x00000000  x2=0x00000000
     101615.000 ns	     10160	800022ac	a1952653	feq.s	x12,f10,f25	 f10:0x80000000 f25:0x00000000 x12=0x00000001
     101645.000 ns	     10163	800022b0	02c109b3	mul	x19,x2,x12	  x2:0x00000000 x12:0xfffff9d6 x19=0x00000000
     101685.000 ns	     10167	800022b4	10a80f53	fmul.s	f30,f16,f10	 f16:0x7f800000 f10:0x80000000 f30=0x7fc00000
     101715.000 ns	     10170	800022b8	e0080bd3	fmv.x.w	x23,f16	 f16:0x7f800000 x23=0x7f800000
     101745.000 ns	     10173	800022bc	c012fb53	fcvt.wu.s	x22,f5	  f5:0x80000000 x22=0x00000000
     101775.000 ns	     10176	800022c0	21e404d3	fsgnj.s	f9,f8,f30	  f8:0x00000000 f30:0x7fc00000  f9=0x00000000
     101795.000 ns	     10178	800022c4	d754c113	xori	x2,x9,-651	  x9:0x00000000  x2=0xfffffd75
     101805.000 ns	     10179	800022c8	01b6de93	srli	x29,x13,0x1b	 x13:0x00000000 x29=0x00000000
     101815.000 ns	     10180	800022cc	00000013	addi	x0,x0,0	  x0:0x00000000
     101835.000 ns	     10182	800022d0	d0112dd3	fcvt.s.wu	f27,x2	  x2:0xfffffd75 f27=0x4f7ffffe
     101855.000 ns	     10184	800022d4	70b80613	addi	x12,x16,1803	 x16:0x00000001 x12=0x0000070c
     101885.000 ns	     10187	800022d8	10c10fd3	fmul.s	f31,f2,f12	  f2:0x80000000 f12:0x7f800000 f31=0x7fc00000
     101915.000 ns	     10190	800022dc	e0040253	fmv.x.w	x4,f8	  f8:0x00000000  x4=0x00000000
     101935.000 ns	     10192	800022e0	01a6b3b3	sltu	x7,x13,x26	 x13:0x00000000 x26:0x00000000  x7=0x00000000
     101945.000 ns	     10193	800022e4	407dd3b3	sra	x7,x27,x7	 x27:0x80040fe4  x7:0x00000001  x7=0x80040fe4
     101965.000 ns	     10195	800022e8	211a2253	fsgnjx.s	f4,f20,f17	 f20:0xbf800000 f17:0x00000000  f4=0xbf800000
     101995.000 ns	     10198	800022ec	0317b133	mulhu	x2,x15,x17	 x15:0x0000056a x17:0x00000000  x2=0x00000000
     102015.000 ns	     10200	800022f0	40dfd493	srai	x9,x31,0xd	 x31:0x00000000  x9=0x00000000
     102035.000 ns	     10202	800022f4	a0120453	fle.s	x8,f4,f1	  f4:0xbf800000  f1:0x80000000  x8=0x00000001
     102055.000 ns	     10204	800022f8	01fb7433	and	x8,x22,x31	 x22:0x00000000 x31:0x00000000  x8=0x00000000
     102075.000 ns	     10206	800022fc	20922cd3	fsgnjx.s	f25,f4,f9	  f4:0xbf800000  f9:0x00000000 f25=0xbf800000
     102095.000 ns	     10208	80002300	001fc1b3	xor	x3,x31,x1	 x31:0x00000000  x1:0x00000755  x3=0x00000755
     102115.000 ns	     10210	80002304	280316d3	fmax.s	f13,f6,f0	  f6:0x7f800000  f0:0x80000000 f13=0x7f800000
     102145.000 ns	     10213	80002308	03d21c33	mulh	x24,x4,x29	  x4:0x00000000 x29:0x00000000 x24=0x00000000
     102175.000 ns	     10216	8000230c	02e3eeb3	rem	x29,x7,x14	  x7:0x80040fe4 x14:0x00000000 x29=0x80040fe4
     102195.000 ns	     10218	80002310	01c70c33	add	x24,x14,x28	 x14:0x00000000 x28:0x00000001 x24=0x00000001
     102215.000 ns	     10220	80002314	c001f153	fcvt.w.s	x2,f3	  f3:0xdfe80000  x2=0x80000000
     102235.000 ns	     10222	80002318	000939b3	sltu	x19,x18,x0	 x18:0x00000000  x0:0x00000000 x19=0x00000000
     102255.000 ns	     10224	8000231c	a129af53	feq.s	x30,f19,f18	 f19:0x5fe80000 f18:0x7f800000 x30=0x00000000
     102285.000 ns	     10227	80002320	a0e32bd3	feq.s	x23,f6,f14	  f6:0x7f800000 f14:0x80000000 x23=0x00000000
     102315.000 ns	     10230	80002324	030d3c33	mulhu	x24,x26,x16	 x26:0x00000000 x16:0x00000001 x24=0x00000000
     102335.000 ns	     10232	80002328	a04db493	sltiu	x9,x27,-1532	 x27:0x80040fe4  x9=0x00000001
     102355.000 ns	     10234	8000232c	03898eb3	mul	x29,x19,x24	 x19:0x00000000 x24:0x00000000 x29=0x00000000
     102375.000 ns	     10236	80002330	012a9c33	sll	x24,x21,x18	 x21:0x00000000 x18:0x00000000 x24=0x00000000
     102385.000 ns	     10237	80002334	b52bc813	xori	x16,x23,-1198	 x23:0x00000000 x16=0xfffffb52
     102405.000 ns	     10239	80002338	217194d3	fsgnjn.s	f9,f3,f23	  f3:0xdfe80000 f23:0x7f800000  f9=0xdfe80000
     102775.000 ns	     10276	8000233c	02a2f433	remu	x8,x5,x10	  x5:0x80041024 x10:0xf75ca184  x8=0x80041024
     102805.000 ns	     10279	80002340	02962c33	mulhsu	x24,x12,x9	 x12:0x0000070c  x9:0x00000001 x24=0x00000000
     102835.000 ns	     10282	80002344	f00f0c53	fmv.w.x	f24,x30	 x30:0x00000000 f24=0x00000000
     102855.000 ns	     10284	80002348	00f4c6b3	xor	x13,x9,x15	  x9:0x00000001 x15:0x0000056a x13=0x0000056b
     102875.000 ns	     10286	8000234c	29541cd3	fmax.s	f25,f8,f21	  f8:0x00000000 f21:0x5fe7ff4b f25=0x5fe7ff4b
     102905.000 ns	     10289	80002350	038b35b3	mulhu	x11,x22,x24	 x22:0x00000000 x24:0x00000000 x11=0x00000000
     103275.000 ns	     10326	80002354	023e47b3	div	x15,x28,x3	 x28:0x00000001  x3:0x00000755 x15=0x00000000
     103295.000 ns	     10328	80002358	7ee72a97	auipc	x21,0x7ee72	 x21=0xfee74358
     103305.000 ns	     10329	8000235c	00e75a33	srl	x20,x14,x14	 x14:0x00000000 x14:0x00000000 x20=0x00000000
     103315.000 ns	     10330	80002360	00c02c33	slt	x24,x0,x12	  x0:0x00000000 x12:0x0000070c x24=0x00000001
     103325.000 ns	     10331	80002364	019c44b3	xor	x9,x24,x25	 x24:0x00000000 x25:0x00000000  x9=0x00000001
     103345.000 ns	     10333	80002368	f0038c53	fmv.w.x	f24,x7	  x7:0x80040fe4 f24=0x80040fe4
     103365.000 ns	     10335	8000236c	01195033	srl	x0,x18,x17	 x18:0x00000000 x17:0x00000000
     103385.000 ns	     10337	80002370	20c513d3	fsgnjn.s	f7,f10,f12	 f10:0x80000000 f12:0x7f800000  f7=0x80000000
     103415.000 ns	     10340	80002374	037ead33	mulhsu	x26,x29,x23	 x29:0x00000000 x23:0x00000000 x26=0x00000000
     103435.000 ns	     10342	80002378	01265c13	srli	x24,x12,0x12	 x12:0x0000070c x24=0x00000000
     103465.000 ns	     10345	8000237c	580f7c53	fsqrt.s	f24,f30	 f30:0x7fc00000 f24=0x7fc00000
     103495.000 ns	     10348	80002380	03651f33	mulh	x30,x10,x22	 x10:0xf75ca184 x22:0x00000000 x30=0x00000000
     103515.000 ns	     10350	80002384	018ab5b3	sltu	x11,x21,x24	 x21:0xfee74358 x24:0x00000000 x11=0x00000000
     103535.000 ns	     10352	80002388	a11203d3	fle.s	x7,f4,f17	  f4:0xbf800000 f17:0x00000000  x7=0x00000001
     103575.000 ns	     10356	8000238c	104ff653	fmul.s	f12,f31,f4	 f31:0x7fc00000  f4:0xbf800000 f12=0x7fc00000
     103615.000 ns	     10360	80002390	580e4c53	fsqrt.s	f24,f28	 f28:0x00000000 f24=0x00000000
     103635.000 ns	     10362	80002394	014f5613	srli	x12,x30,0x14	 x30:0x00000000 x12=0x00000000
     103645.000 ns	     10363	80002398	3ad72897	auipc	x17,0x3ad72	 x17=0xbad74398
     103655.000 ns	     10364	8000239c	41dc8133	sub	x2,x25,x29	 x25:0x00000000 x29:0x00000000  x2=0x00000000
     103675.000 ns	     10366	800023a0	a042a7d3	feq.s	x15,f5,f4	  f5:0x80000000  f4:0xbf800000 x15=0x00000000
     103705.000 ns	     10369	800023a4	02a81c33	mulh	x24,x16,x10	 x16:0xfffffb52 x10:0xf75ca184 x24=0x00000028
     103725.000 ns	     10371	800023a8	ff033e13	sltiu	x28,x6,-16	  x6:0x00000000 x28=0x00000001
     103735.000 ns	     10372	800023ac	41cdd233	sra	x4,x27,x28	 x27:0x80040fe4 x28:0x00000001  x4=0xc00207f2
     103745.000 ns	     10373	800023b0	01d7af33	slt	x30,x15,x29	 x15:0x00000000 x29:0x00000000 x30=0x00000000
     103765.000 ns	     10375	800023b4	295984d3	fmin.s	f9,f19,f21	 f19:0x5fe80000 f21:0x5fe7ff4b  f9=0x5fe7ff4b
     103785.000 ns	     10377	800023b8	00877b33	and	x22,x14,x8	 x14:0x00000000  x8:0x80041024 x22=0x00000000
     103795.000 ns	     10378	800023bc	4087df13	srai	x30,x15,0x8	 x15:0x00000000 x30=0x00000000
     103815.000 ns	     10380	800023c0	d00f77d3	fcvt.s.w	f15,x30	 x30:0x00000000 f15=0x00000000
     103835.000 ns	     10382	800023c4	1f816613	ori	x12,x2,504	  x2:0x00000000 x12=0x000001f8
     103845.000 ns	     10383	800023c8	dfb7ae93	slti	x29,x15,-517	 x15:0x00000000 x29=0x00000000
     103865.000 ns	     10385	800023cc	a1088053	fle.s	x0,f17,f16	 f17:0x00000000 f16:0x7f800000
     103885.000 ns	     10387	800023d0	015fe6b3	or	x13,x31,x21	 x31:0x00000000 x21:0xfee74358 x13=0xfee74358
     103895.000 ns	     10388	800023d4	767f0137	lui	x2,0x767f0	  x2=0x767f0000
     103925.000 ns	     10391	800023d8	10af37d3	fmul.s	f15,f30,f10	 f30:0x7fc00000 f10:0x80000000 f15=0x7fc00000
     103955.000 ns	     10394	800023dc	a1fe1153	flt.s	x2,f28,f31	 f28:0x00000000 f31:0x7fc00000  x2=0x00000000
     103975.000 ns	     10396	800023e0	a36ccd13	xori	x26,x25,-1482	 x25:0x00000000 x26=0xfffffa36
     103985.000 ns	     10397	800023e4	2eed6f93	ori	x31,x26,750	 x26:0x00000000 x31=0xfffffafe
     104005.000 ns	     10399	800023e8	294318d3	fmax.s	f17,f6,f20	  f6:0x7f800000 f20:0xbf800000 f17=0x7f800000
     104375.000 ns	     10436	800023ec	03acd833	divu	x16,x25,x26	 x25:0x00000000 x26:0xfffffa36 x16=0x00000000
     104405.000 ns	     10439	800023f0	c00dbcd3	fcvt.w.s	x25,f27	 f27:0x4f7ffffe x25=0x7fffffff
     104435.000 ns	     10442	800023f4	032ffab3	remu	x21,x31,x18	 x31:0xfffffafe x18:0x00000000 x21=0xfffffafe
     104475.000 ns	     10446	800023f8	10eab3d3	fmul.s	f7,f21,f14	 f21:0x5fe7ff4b f14:0x80000000  f7=0x80000000
     104515.000 ns	     10450	800023fc	19df74d3	fdiv.s	f9,f30,f29	 f30:0x7fc00000 f29:0x00000000  f9=0x7fc00000
     104565.000 ns	     10455	80002400	09f27853	fsub.s	f16,f4,f31	  f4:0xbf800000 f31:0x7fc00000 f16=0x7fc00000
     104595.000 ns	     10458	80002404	035335b3	mulhu	x11,x6,x21	  x6:0x00000000 x21:0xfffffafe x11=0x00000000
     104625.000 ns	     10461	80002408	297383d3	fmin.s	f7,f7,f23	  f7:0x80000000 f23:0x7f800000  f7=0x80000000
     104645.000 ns	     10463	8000240c	019639b3	sltu	x19,x12,x25	 x12:0x000001f8 x25:0x7fffffff x19=0x00000001
     104655.000 ns	     10464	80002410	41f85613	srai	x12,x16,0x1f	 x16:0x00000000 x12=0x00000000
     104665.000 ns	     10465	80002414	d0c32e17	auipc	x28,0xd0c32	 x28=0x50c34414
     104685.000 ns	     10467	80002418	e00e0c53	fmv.x.w	x24,f28	 f28:0x00000000 x24=0x00000000
     104735.000 ns	     10472	8000241c	08d9f653	fsub.s	f12,f19,f13	 f19:0x5fe80000 f13:0x7f800000 f12=0xff800000
     104765.000 ns	     10475	80002420	d01a74d3	fcvt.s.wu	f9,x20	 x20:0x00000000  f9=0x00000000
     104785.000 ns	     10477	80002424	416f5433	sra	x8,x30,x22	 x30:0x00000000 x22:0x00000000  x8=0x00000000
     104795.000 ns	     10478	80002428	01dd5593	srli	x11,x26,0x1d	 x26:0xfffffa36 x11=0x00000007
     104815.000 ns	     10480	8000242c	d013f153	fcvt.s.wu	f2,x7	  x7:0x00000001  f2=0x3f800000
     104845.000 ns	     10483	80002430	21f22353	fsgnjx.s	f6,f4,f31	  f4:0xbf800000 f31:0x7fc00000  f6=0xbf800000
     104875.000 ns	     10486	80002434	0224fb33	remu	x22,x9,x2	  x9:0x00000001  x2:0x00000000 x22=0x00000001
     104895.000 ns	     10488	80002438	9fc77493	andi	x9,x14,-1540	 x14:0x00000000  x9=0x00000000
     104915.000 ns	     10490	8000243c	c019f5d3	fcvt.wu.s	x11,f19	 f19:0x5fe80000 x11=0xffffffff
     104945.000 ns	     10493	80002440	29ec8b53	fmin.s	f22,f25,f30	 f25:0x5fe7ff4b f30:0x7fc00000 f22=0x5fe7ff4b
     104975.000 ns	     10496	80002444	d0037a53	fcvt.s.w	f20,x6	  x6:0x00000000 f20=0x00000000
     104995.000 ns	     10498	80002448	41795393	srai	x7,x18,0x17	 x18:0x00000000  x7=0x00000000
     105015.000 ns	     10500	8000244c	a15fa5d3	feq.s	x11,f31,f21	 f31:0x7fc00000 f21:0x5fe7ff4b x11=0x00000000
     105045.000 ns	     10503	80002450	02dbae33	mulhsu	x28,x23,x13	 x23:0x00000000 x13:0xfee74358 x28=0x00000000
     105075.000 ns	     10506	80002454	03e34233	div	x4,x6,x30	  x6:0x00000000 x30:0x00000000  x4=0xffffffff
     105105.000 ns	     10509	80002458	a0a78253	fle.s	x4,f15,f10	 f15:0x7fc00000 f10:0x80000000  x4=0x00000000
     105125.000 ns	     10511	8000245c	0185b1b3	sltu	x3,x11,x24	 x11:0x00000000 x24:0x00000000  x3=0x00000000
     105145.000 ns	     10513	80002460	c0057153	fcvt.w.s	x2,f10	 f10:0x80000000  x2=0x00000000
     105165.000 ns	     10515	80002464	41ca81b3	sub	x3,x21,x28	 x21:0xfffffafe x28:0x00000000  x3=0xfffffafe
     105185.000 ns	     10517	80002468	03d00033	mul	x0,x0,x29	  x0:0x00000000 x29:0x00000000
     105205.000 ns	     10519	8000246c	4c7aaa93	slti	x21,x21,1223	 x21:0xfffffafe x21=0x00000001
     105225.000 ns	     10521	80002470	e0099cd3	fclass.s	x25,f19	 f19:0x5fe80000 x25=0x00000040
     105245.000 ns	     10523	80002474	01075c33	srl	x24,x14,x16	 x14:0x00000000 x16:0x00000000 x24=0x00000000
     105255.000 ns	     10524	80002478	01b89993	slli	x19,x17,0x1b	 x17:0xbad74398 x19=0xc0000000
     105285.000 ns	     10527	8000247c	1017fb53	fmul.s	f22,f15,f1	 f15:0x7fc00000  f1:0x80000000 f22=0x7fc00000
     105305.000 ns	     10529	80002480	f9494113	xori	x2,x18,-108	 x18:0x00000000  x2=0xffffff94
     105325.000 ns	     10531	80002484	0294d4b3	divu	x9,x9,x9	  x9:0x00000000  x9:0x00000000  x9=0xffffffff
     105355.000 ns	     10534	80002488	c000f1d3	fcvt.w.s	x3,f1	  f1:0x80000000  x3=0x00000000
     105385.000 ns	     10537	8000248c	21eda2d3	fsgnjx.s	f5,f27,f30	 f27:0x4f7ffffe f30:0x7fc00000  f5=0x4f7ffffe
     105415.000 ns	     10540	80002490	03fc2033	mulhsu	x0,x24,x31	 x24:0x00000000 x31:0xfffffafe
     105435.000 ns	     10542	80002494	9c5b0913	addi	x18,x22,-1595	 x22:0x00000001 x18=0xfffff9c6
     105455.000 ns	     10544	80002498	29519b53	fmax.s	f22,f3,f21	  f3:0xdfe80000 f21:0x5fe7ff4b f22=0x5fe7ff4b
     105485.000 ns	     10547	8000249c	03c4ceb3	div	x29,x9,x28	  x9:0xffffffff x28:0x00000000 x29=0xffffffff
     105505.000 ns	     10549	800024a0	01a97cb3	and	x25,x18,x26	 x18:0xfffff9c6 x26:0xfffffa36 x25=0xfffff806
     105525.000 ns	     10551	800024a4	29ab8ed3	fmin.s	f29,f23,f26	 f23:0x7f800000 f26:0x0fffffbc f29=0x0fffffbc
     105555.000 ns	     10554	800024a8	02129c33	mulh	x24,x5,x1	  x5:0x80041024  x1:0x00000755 x24=0xfffffc55
     105585.000 ns	     10557	800024ac	f00287d3	fmv.w.x	f15,x5	  x5:0x80041024 f15=0x80041024
     105605.000 ns	     10559	800024b0	00182fb3	slt	x31,x16,x1	 x16:0x00000000  x1:0x00000755 x31=0x00000001
     105625.000 ns	     10561	800024b4	d01ecb53	fcvt.s.wu	f22,x29	 x29:0xffffffff f22=0x4f800000
     105655.000 ns	     10564	800024b8	c0162253	fcvt.wu.s	x4,f12	 f12:0xff800000  x4=0x00000000
     105695.000 ns	     10568	800024bc	10957a53	fmul.s	f20,f10,f9	 f10:0x80000000  f9:0x00000000 f20=0x80000000
     105725.000 ns	     10571	800024c0	212f0a53	fsgnj.s	f20,f30,f18	 f30:0x7fc00000 f18:0x7f800000 f20=0x7fc00000
     105755.000 ns	     10574	800024c4	e0069ad3	fclass.s	x21,f13	 f13:0x7f800000 x21=0x00000080
     105785.000 ns	     10577	800024c8	c0140b53	fcvt.wu.s	x22,f8	  f8:0x00000000 x22=0x00000000
     105815.000 ns	     10580	800024cc	0340dc33	divu	x24,x1,x20	  x1:0x00000755 x20:0x00000000 x24=0xffffffff
     105835.000 ns	     10582	800024d0	4094db13	srai	x22,x9,0x9	  x9:0xffffffff x22=0xffffffff
     105855.000 ns	     10584	800024d4	02219933	mulh	x18,x3,x2	  x3:0x00000000  x2:0xffffff94 x18=0x00000000
     105875.000 ns	     10586	800024d8	004f3a33	sltu	x20,x30,x4	 x30:0x00000000  x4:0x00000000 x20=0x00000000
     105885.000 ns	     10587	800024dc	7b55e913	ori	x18,x11,1973	 x11:0x00000000 x18=0x000007b5
     105905.000 ns	     10589	800024e0	206090d3	fsgnjn.s	f1,f1,f6	  f1:0x80000000  f6:0xbf800000  f1=0x00000000
     105925.000 ns	     10591	800024e4	0190e1b3	or	x3,x1,x25	  x1:0x00000755 x25:0xfffff806  x3=0xffffff57
     105935.000 ns	     10592	800024e8	01c19b93	slli	x23,x3,0x1c	  x3:0x00000000 x23=0x70000000
     105965.000 ns	     10595	800024ec	112e7bd3	fmul.s	f23,f28,f18	 f28:0x00000000 f18:0x7f800000 f23=0x7fc00000
     106335.000 ns	     10632	800024f0	035cd4b3	divu	x9,x25,x21	 x25:0xfffff806 x21:0x00000080  x9=0x01fffff0
     107515.000 ns	     10750	800024f4	58017fd3	fsqrt.s	f31,f2	  f2:0x3f800000 f31=0x3f7fffae
     107545.000 ns	     10753	800024f8	2169abd3	fsgnjx.s	f23,f19,f22	 f19:0x5fe80000 f22:0x4f800000 f23=0x5fe80000
     107565.000 ns	     10755	800024fc	48a2b0b7	lui	x1,0x48a2b	  x1=0x48a2b000
     107575.000 ns	     10756	80002500	f5e32613	slti	x12,x6,-162	  x6:0x00000000 x12=0x00000000
     107595.000 ns	     10758	80002504	201087d3	fsgnj.s	f15,f1,f1	  f1:0x00000000  f1:0x00000000 f15=0x00000000
     107615.000 ns	     10760	80002508	b2120993	addi	x19,x4,-1247	  x4:0x00000000 x19=0xfffffb21
     107635.000 ns	     10762	8000250c	c01b7353	fcvt.wu.s	x6,f22	 f22:0x4f800000  x6=0x00000000
     107655.000 ns	     10764	80002510	00000013	addi	x0,x0,0	  x0:0x00000000
     107675.000 ns	     10766	80002514	02498933	mul	x18,x19,x4	 x19:0xfffffb21  x4:0x00000000 x18=0x00000000
     107695.000 ns	     10768	80002518	40445133	sra	x2,x8,x4	  x8:0x00000000  x4:0x00000000  x2=0x00000000
     107705.000 ns	     10769	8000251c	233a5e37	lui	x28,0x233a5	 x28=0x233a5000
     107745.000 ns	     10773	80002520	00797dd3	fadd.s	f27,f18,f7	 f18:0x7f800000  f7:0x80000000 f27=0x7f800000
     107765.000 ns	     10775	80002524	01a40f33	add	x30,x8,x26	  x8:0x00000000 x26:0xfffffa36 x30=0xfffffa36
     107785.000 ns	     10777	80002528	a1878ed3	fle.s	x29,f15,f24	 f15:0x00000000 f24:0x00000000 x29=0x00000001
     107815.000 ns	     10780	8000252c	0345fcb3	remu	x25,x11,x20	 x11:0x00000000 x20:0x00000000 x25=0x00000000
     107845.000 ns	     10783	80002530	e00286d3	fmv.x.w	x13,f5	  f5:0x4f7ffffe x13=0x4f7ffffe
     107865.000 ns	     10785	80002534	01e785b3	add	x11,x15,x30	 x15:0x00000000 x30:0xfffffa36 x11=0xfffffa36
     107885.000 ns	     10787	80002538	028509b3	mul	x19,x10,x8	 x10:0xf75ca184  x8:0x00000000 x19=0x00000000
     107925.000 ns	     10791	8000253c	5806a453	fsqrt.s	f8,f13	 f13:0x7f800000  f8=0x7f800000
     107955.000 ns	     10794	80002540	c00af8d3	fcvt.w.s	x17,f21	 f21:0x5fe7ff4b x17=0x7fffffff
     109065.000 ns	     10905	80002544	580ab753	fsqrt.s	f14,f21	 f21:0x5fe7ff4b f14=0x4fac5301
     109085.000 ns	     10907	80002548	41a28b33	sub	x22,x5,x26	  x5:0x80041024 x26:0xfffffa36 x22=0x800415ee
     109105.000 ns	     10909	8000254c	02cb1ab3	mulh	x21,x22,x12	 x22:0xffffffff x12:0x00000000 x21=0x00000000
     109475.000 ns	     10946	80002550	02947f33	remu	x30,x8,x9	  x8:0x00000000  x9:0x01fffff0 x30=0x00000000
     109505.000 ns	     10949	80002554	d002fe53	fcvt.s.w	f28,x5	  x5:0x80041024 f28=0xcefff7df
     109535.000 ns	     10952	80002558	28bf16d3	fmax.s	f13,f30,f11	 f30:0x7fc00000 f11:0x5fe80000 f13=0x5fe80000
     109565.000 ns	     10955	8000255c	02b7a0b3	mulhsu	x1,x15,x11	 x15:0x00000000 x11:0xfffffa36  x1=0x00000000
     109585.000 ns	     10957	80002560	01192b33	slt	x22,x18,x17	 x18:0x00000000 x17:0x7fffffff x22=0x00000001
     109605.000 ns	     10959	80002564	037f05b3	mul	x11,x30,x23	 x30:0x00000000 x23:0x70000000 x11=0x00000000
     109635.000 ns	     10962	80002568	a12d95d3	flt.s	x11,f27,f18	 f27:0x7f800000 f18:0x7f800000 x11=0x00000000
     109665.000 ns	     10965	8000256c	f00b89d3	fmv.w.x	f19,x23	 x23:0x70000000 f19=0x70000000
     109695.000 ns	     10968	80002570	a02189d3	fle.s	x19,f3,f2	  f3:0xdfe80000  f2:0x3f800000 x19=0x00000001
     109725.000 ns	     10971	80002574	a0560853	fle.s	x16,f12,f5	 f12:0xff800000  f5:0x4f7ffffe x16=0x00000001
     109755.000 ns	     10974	80002578	a0d58353	fle.s	x6,f11,f13	 f11:0x5fe80000 f13:0x5fe80000  x6=0x00000001
     109785.000 ns	     10977	8000257c	294e18d3	fmax.s	f17,f28,f20	 f28:0xcefff7df f20:0x7fc00000 f17=0xcefff7df
     109815.000 ns	     10980	80002580	c00d1753	fcvt.w.s	x14,f26	 f26:0x0fffffbc x14=0x00000000
     109835.000 ns	     10982	80002584	f3244a37	lui	x20,0xf3244	 x20=0xf3244000
     109855.000 ns	     10984	80002588	28069c53	fmax.s	f24,f13,f0	 f13:0x5fe80000  f0:0x80000000 f24=0x5fe80000
     109885.000 ns	     10987	8000258c	03254433	div	x8,x10,x18	 x10:0xf75ca184 x18:0x00000000  x8=0xffffffff
     109905.000 ns	     10989	80002590	003307b3	add	x15,x6,x3	  x6:0x00000001  x3:0xffffff57 x15=0xffffff58
     109925.000 ns	     10991	80002594	c00978d3	fcvt.w.s	x17,f18	 f18:0x7f800000 x17=0x7fffffff
     109945.000 ns	     10993	80002598	003a03b3	add	x7,x20,x3	 x20:0xf3244000  x3:0xffffff57  x7=0xf3243f57
     109955.000 ns	     10994	8000259c	017f5033	srl	x0,x30,x23	 x30:0x00000000 x23:0x70000000
     109985.000 ns	     10997	800025a0	19047ed3	fdiv.s	f29,f8,f16	  f8:0x7f800000 f16:0x7fc00000 f29=0x7fc00000
     110015.000 ns	     11000	800025a4	28809353	fmax.s	f6,f1,f8	  f1:0x00000000  f8:0x7f800000  f6=0x7f800000
     110045.000 ns	     11003	800025a8	024be333	rem	x6,x23,x4	 x23:0x70000000  x4:0x00000000  x6=0x70000000
     110075.000 ns	     11006	800025ac	02b14f33	div	x30,x2,x11	  x2:0x00000000 x11:0x00000000 x30=0xffffffff
     110095.000 ns	     11008	800025b0	796dbf13	sltiu	x30,x27,1942	 x27:0x80040fe4 x30=0x00000000
     110105.000 ns	     11009	800025b4	011a3a33	sltu	x20,x20,x17	 x20:0xf3244000 x17:0x7fffffff x20=0x00000000
     110125.000 ns	     11011	800025b8	c00919d3	fcvt.w.s	x19,f18	 f18:0x7f800000 x19=0x7fffffff
     110145.000 ns	     11013	800025bc	0141c833	xor	x16,x3,x20	  x3:0xffffff57 x20:0xf3244000 x16=0xffffff57
     110165.000 ns	     11015	800025c0	a12ca153	feq.s	x2,f25,f18	 f25:0x5fe7ff4b f18:0x7f800000  x2=0x00000000
     110215.000 ns	     11020	800025c4	00c7fa53	fadd.s	f20,f15,f12	 f15:0x00000000 f12:0xff800000 f20=0xff800000
     110235.000 ns	     11022	800025c8	001b2fb3	slt	x31,x22,x1	 x22:0x00000001  x1:0x00000000 x31=0x00000000
     110265.000 ns	     11025	800025cc	1124bf53	fmul.s	f30,f9,f18	  f9:0x00000000 f18:0x7f800000 f30=0x7fc00000
     110285.000 ns	     11027	800025d0	0c347613	andi	x12,x8,195	  x8:0xffffffff x12=0x000000c3
     110295.000 ns	     11028	800025d4	01b9f4b3	and	x9,x19,x27	 x19:0x7fffffff x27:0x80040fe4  x9=0x00040fe4
     110655.000 ns	     11064	800025d8	02367fb3	remu	x31,x12,x3	 x12:0x00000000  x3:0xffffff57 x31=0x000000c3
     110685.000 ns	     11067	800025dc	2171a453	fsgnjx.s	f8,f3,f23	  f3:0xdfe80000 f23:0x5fe80000  f8=0xdfe80000
     110715.000 ns	     11070	800025e0	29a697d3	fmax.s	f15,f13,f26	 f13:0x5fe80000 f26:0x0fffffbc f15=0x5fe80000
     110735.000 ns	     11072	800025e4	009f6fb3	or	x31,x30,x9	 x30:0x00000000  x9:0x00040fe4 x31=0x00040fe4
     110755.000 ns	     11074	800025e8	e00108d3	fmv.x.w	x17,f2	  f2:0x3f800000 x17=0x3f800000
     110785.000 ns	     11077	800025ec	e0098653	fmv.x.w	x12,f19	 f19:0x70000000 x12=0x70000000
     110805.000 ns	     11079	800025f0	00fd1b13	slli	x22,x26,0xf	 x26:0xfffffa36 x22=0xfd1b0000
     110835.000 ns	     11082	800025f4	112dc0d3	fmul.s	f1,f27,f18	 f27:0x7f800000 f18:0x7f800000  f1=0x7f800000
     110855.000 ns	     11084	800025f8	00e64833	xor	x16,x12,x14	 x12:0x70000000 x14:0x00000000 x16=0x70000000
     110865.000 ns	     11085	800025fc	005e21b3	slt	x3,x28,x5	 x28:0x233a5000  x5:0x80041024  x3=0x00000000
     110885.000 ns	     11087	80002600	a1f42653	feq.s	x12,f8,f31	  f8:0xdfe80000 f31:0x3f7fffae x12=0x00000000
     110915.000 ns	     11090	80002604	020becb3	rem	x25,x23,x0	 x23:0x70000000  x0:0x00000000 x25=0x70000000
     110955.000 ns	     11094	80002608	1080f953	fmul.s	f18,f1,f8	  f1:0x7f800000  f8:0xdfe80000 f18=0xff800000
     110985.000 ns	     11097	8000260c	021cd3b3	divu	x7,x25,x1	 x25:0x70000000  x1:0x00000000  x7=0xffffffff
     111015.000 ns	     11100	80002610	c0037bd3	fcvt.w.s	x23,f6	  f6:0x7f800000 x23=0x7fffffff
     111035.000 ns	     11102	80002614	795ae313	ori	x6,x21,1941	 x21:0x00000000  x6=0x00000795
     111045.000 ns	     11103	80002618	0147da33	srl	x20,x15,x20	 x15:0xffffff58 x20:0x00000000 x20=0xffffff58
     111055.000 ns	     11104	8000261c	df72f193	andi	x3,x5,-521	  x5:0x80041024  x3=0x80041024
     111075.000 ns	     11106	80002620	280e9c53	fmax.s	f24,f29,f0	 f29:0x7fc00000  f0:0x80000000 f24=0x80000000
     111095.000 ns	     11108	80002624	00000013	addi	x0,x0,0	  x0:0x00000000
     111105.000 ns	     11109	80002628	42ad70b7	lui	x1,0x42ad7	  x1=0x42ad7000
     111115.000 ns	     11110	8000262c	00419b93	slli	x23,x3,0x4	  x3:0x80041024 x23=0x00410240
     111135.000 ns	     11112	80002630	29f20153	fmin.s	f2,f4,f31	  f4:0xbf800000 f31:0x3f7fffae  f2=0xbf800000
     111165.000 ns	     11115	80002634	a1b22ad3	feq.s	x21,f4,f27	  f4:0xbf800000 f27:0x7f800000 x21=0x00000000
     111185.000 ns	     11117	80002638	01b5b233	sltu	x4,x11,x27	 x11:0x00000000 x27:0x80040fe4  x4=0x00000001
     111205.000 ns	     11119	8000263c	021f9933	mulh	x18,x31,x1	 x31:0x00040fe4  x1:0x42ad7000 x18=0x00010ed9
     111225.000 ns	     11121	80002640	a0c3e193	ori	x3,x7,-1524	  x7:0xffffffff  x3=0xffffffff
     111235.000 ns	     11122	80002644	40d784b3	sub	x9,x15,x13	 x15:0xffffff58 x13:0x4f7ffffe  x9=0xb07fff5a
     111255.000 ns	     11124	80002648	28d48a53	fmin.s	f20,f9,f13	  f9:0x00000000 f13:0x5fe80000 f20=0x00000000
     111275.000 ns	     11126	8000264c	015ae9b3	or	x19,x21,x21	 x21:0x00000000 x21:0x00000000 x19=0x00000000
     111285.000 ns	     11127	80002650	00000013	addi	x0,x0,0	  x0:0x00000000
     111305.000 ns	     11129	80002654	28e00553	fmin.s	f10,f0,f14	  f0:0x80000000 f14:0x4fac5301 f10=0x80000000
     111325.000 ns	     11131	80002658	4006d593	srai	x11,x13,0x0	 x13:0x4f7ffffe x11=0x4f7ffffe
     111685.000 ns	     11167	8000265c	025d5633	divu	x12,x26,x5	 x26:0xfffffa36  x5:0x80041024 x12=0x00000001
     111705.000 ns	     11169	80002660	001c93b3	sll	x7,x25,x1	 x25:0x70000000  x1:0x42ad7000  x7=0x70000000
     111725.000 ns	     11171	80002664	205e03d3	fsgnj.s	f7,f28,f5	 f28:0xcefff7df  f5:0x4f7ffffe  f7=0x4efff7df
     111755.000 ns	     11174	80002668	28021353	fmax.s	f6,f4,f0	  f4:0xbf800000  f0:0x80000000  f6=0x80000000
     111795.000 ns	     11178	8000266c	11e577d3	fmul.s	f15,f10,f30	 f10:0x80000000 f30:0x7fc00000 f15=0x7fc00000
     111815.000 ns	     11180	80002670	7b96e893	ori	x17,x13,1977	 x13:0x4f7ffffe x17=0x4f7fffff
     111835.000 ns	     11182	80002674	a0850653	fle.s	x12,f10,f8	 f10:0x80000000  f8:0xdfe80000 x12=0x00000000
     111885.000 ns	     11187	80002678	0914bd53	fsub.s	f26,f9,f17	  f9:0x00000000 f17:0xcefff7df f26=0x4efff7df
     111905.000 ns	     11189	8000267c	01f973b3	and	x7,x18,x31	 x18:0x00010ed9 x31:0x00040fe4  x7=0x00000ec0
     111915.000 ns	     11190	80002680	40a45433	sra	x8,x8,x10	  x8:0xffffffff x10:0xf75ca184  x8=0xffffffff
     111935.000 ns	     11192	80002684	03544eb3	div	x29,x8,x21	  x8:0xffffffff x21:0x00000000 x29=0xffffffff
     111965.000 ns	     11195	80002688	28da1753	fmax.s	f14,f20,f13	 f20:0x00000000 f13:0x5fe80000 f14=0x5fe80000
     111995.000 ns	     11198	8000268c	297e9753	fmax.s	f14,f29,f23	 f29:0x7fc00000 f23:0x5fe80000 f14=0x5fe80000
     112035.000 ns	     11202	80002690	1158f553	fmul.s	f10,f17,f21	 f17:0xcefff7df f21:0x5fe7ff4b f10=0xef67f7ed
     112065.000 ns	     11205	80002694	d00dc0d3	fcvt.s.w	f1,x27	 x27:0x80040fe4  f1=0xcefff7e0
     112115.000 ns	     11210	80002698	08bcc453	fsub.s	f8,f25,f11	 f25:0x5fe7ff4b f11:0x5fe80000  f8=0xd7b50000
     112485.000 ns	     11247	8000269c	036c68b3	rem	x17,x24,x22	 x24:0xffffffff x22:0xfd1b0000 x17=0xffffffff
     112515.000 ns	     11250	800026a0	c01bc053	fcvt.wu.s	x0,f23	 f23:0x5fe80000
     112535.000 ns	     11252	800026a4	01341a93	slli	x21,x8,0x13	  x8:0xffffffff x21=0xfff80000
     112545.000 ns	     11253	800026a8	002a5d33	srl	x26,x20,x2	 x20:0xffffff58  x2:0x00000000 x26=0xffffff58
     112565.000 ns	     11255	800026ac	e0011053	fclass.s	x0,f2	  f2:0xbf800000
     112585.000 ns	     11257	800026b0	014ad133	srl	x2,x21,x20	 x21:0xfff80000 x20:0xffffff58  x2=0x000000ff
     112605.000 ns	     11259	800026b4	034733b3	mulhu	x7,x14,x20	 x14:0x00000000 x20:0xffffff58  x7=0x00000000
     112635.000 ns	     11262	800026b8	0206e733	rem	x14,x13,x0	 x13:0x4f7ffffe  x0:0x00000000 x14=0x4f7ffffe
     112665.000 ns	     11265	800026bc	020b44b3	div	x9,x22,x0	 x22:0xfd1b0000  x0:0x00000000  x9=0xffffffff
     112715.000 ns	     11270	800026c0	01fff453	fadd.s	f8,f31,f31	 f31:0x3f7fffae f31:0x3f7fffae  f8=0x3fffffae
     112745.000 ns	     11273	800026c4	289f14d3	fmax.s	f9,f30,f9	 f30:0x7fc00000  f9:0x00000000  f9=0x00000000
     112765.000 ns	     11275	800026c8	4125deb3	sra	x29,x11,x18	 x11:0x4f7ffffe x18:0x00010ed9 x29=0x00000027
     112775.000 ns	     11276	800026cc	00b6db93	srli	x23,x13,0xb	 x13:0x4f7ffffe x23=0x0009efff
     112785.000 ns	     11277	800026d0	00000013	addi	x0,x0,0	  x0:0x00000000
     112795.000 ns	     11278	800026d4	0006abb3	slt	x23,x13,x0	 x13:0x4f7ffffe  x0:0x00000000 x23=0x00000000
     112815.000 ns	     11280	800026d8	03fabb33	mulhu	x22,x21,x31	 x21:0xfff80000 x31:0x00040fe4 x22=0x00040fc3
     112835.000 ns	     11282	800026dc	40128b33	sub	x22,x5,x1	  x5:0x80041024  x1:0x42ad7000 x22=0x3d56a024
     112855.000 ns	     11284	800026e0	209a12d3	fsgnjn.s	f5,f20,f9	 f20:0x00000000  f9:0x00000000  f5=0x80000000
     112875.000 ns	     11286	800026e4	e7b2c0b7	lui	x1,0xe7b2c	  x1=0xe7b2c000
     112895.000 ns	     11288	800026e8	21d9ae53	fsgnjx.s	f28,f19,f29	 f19:0x70000000 f29:0x7fc00000 f28=0x70000000
     112925.000 ns	     11291	800026ec	d005f1d3	fcvt.s.w	f3,x11	 x11:0x4f7ffffe  f3=0x4e9effff
     112945.000 ns	     11293	800026f0	32f2c113	xori	x2,x5,815	  x5:0x80041024  x2=0x8004130b
     112965.000 ns	     11295	800026f4	027c2ab3	mulhsu	x21,x24,x7	 x24:0xffffffff  x7:0x00000000 x21=0x00000000
     113005.000 ns	     11299	800026f8	58078d53	fsqrt.s	f26,f15	 f15:0x7fc00000 f26=0x7fc00000
     113035.000 ns	     11302	800026fc	218221d3	fsgnjx.s	f3,f4,f24	  f4:0xbf800000 f24:0x80000000  f3=0x3f800000
     113065.000 ns	     11305	80002700	027870b3	remu	x1,x16,x7	 x16:0x70000000  x7:0x00000000  x1=0x70000000
     113105.000 ns	     11309	80002704	19e30653	fdiv.s	f12,f6,f30	  f6:0x80000000 f30:0x7fc00000 f12=0x7fc00000
     113125.000 ns	     11311	80002708	53e6b593	sltiu	x11,x13,1342	 x13:0x4f7ffffe x11=0x00000000
     113135.000 ns	     11312	8000270c	01911913	slli	x18,x2,0x19	  x2:0x8004130b x18=0x16000000
     113145.000 ns	     11313	80002710	01990e33	add	x28,x18,x25	 x18:0x00010ed9 x25:0x70000000 x28=0x86000000
     113165.000 ns	     11315	80002714	e0099253	fclass.s	x4,f19	 f19:0x70000000  x4=0x00000040
     113195.000 ns	     11318	80002718	294217d3	fmax.s	f15,f4,f20	  f4:0xbf800000 f20:0x00000000 f15=0x00000000
     113215.000 ns	     11320	8000271c	a8bea013	slti	x0,x29,-1397	 x29:0x00000027
     113225.000 ns	     11321	80002720	4588e9b7	lui	x19,0x4588e	 x19=0x4588e000
     114145.000 ns	     11413	80002724	580fb553	fsqrt.s	f10,f31	 f31:0x3f7fffae f10=0x3f35042a
     114175.000 ns	     11416	80002728	f0018453	fmv.w.x	f8,x3	  x3:0xffffffff  f8=0xffffffff
     114195.000 ns	     11418	8000272c	58e40e93	addi	x29,x8,1422	  x8:0xffffffff x29=0x0000058d
     114215.000 ns	     11420	80002730	c0137fd3	fcvt.wu.s	x31,f6	  f6:0x80000000 x31=0x00000000
     114245.000 ns	     11423	80002734	294d0153	fmin.s	f2,f26,f20	 f26:0x7fc00000 f20:0x00000000  f2=0x00000000
     114265.000 ns	     11425	80002738	01f1ecb3	or	x25,x3,x31	  x3:0xffffffff x31:0x00000000 x25=0xffffffff
     114275.000 ns	     11426	8000273c	d50cf393	andi	x7,x25,-688	 x25:0x70000000  x7=0xfffffd50
     114295.000 ns	     11428	80002740	c0007153	fcvt.w.s	x2,f0	  f0:0x80000000  x2=0x00000000
     114345.000 ns	     11433	80002744	09b8b6d3	fsub.s	f13,f17,f27	 f17:0xcefff7df f27:0x7f800000 f13=0xff800000
     114395.000 ns	     11438	80002748	0132c9d3	fadd.s	f19,f5,f19	  f5:0x80000000 f19:0x70000000 f19=0x70000000
     114425.000 ns	     11441	8000274c	28118d53	fmin.s	f26,f3,f1	  f3:0x3f800000  f1:0xcefff7e0 f26=0xcefff7e0
     114445.000 ns	     11443	80002750	0028db93	srli	x23,x17,0x2	 x17:0xffffffff x23=0x3fffffff
     114465.000 ns	     11445	80002754	039a1733	mulh	x14,x20,x25	 x20:0xffffff58 x25:0xffffffff x14=0x00000000
     114495.000 ns	     11448	80002758	205a94d3	fsgnjn.s	f9,f21,f5	 f21:0x5fe7ff4b  f5:0x80000000  f9=0x5fe7ff4b
     114515.000 ns	     11450	8000275c	41bdde13	srai	x28,x27,0x1b	 x27:0x80040fe4 x28=0xfffffff0
     114535.000 ns	     11452	80002760	a08e2653	feq.s	x12,f28,f8	 f28:0x70000000  f8:0xffffffff x12=0x00000000
     114585.000 ns	     11457	80002764	00e53453	fadd.s	f8,f10,f14	 f10:0x3f35042a f14:0x5fe80000  f8=0x5fe80000
     114615.000 ns	     11460	80002768	c01fb953	fcvt.wu.s	x18,f31	 f31:0x3f7fffae x18=0x00000001
     114635.000 ns	     11462	8000276c	019137b3	sltu	x15,x2,x25	  x2:0x00000000 x25:0xffffffff x15=0x00000001
     114645.000 ns	     11463	80002770	7616a493	slti	x9,x13,1889	 x13:0x4f7ffffe  x9=0x00000000
     114655.000 ns	     11464	80002774	a5342e13	slti	x28,x8,-1453	  x8:0xffffffff x28=0x00000000
     114675.000 ns	     11466	80002778	f00b0b53	fmv.w.x	f22,x22	 x22:0x3d56a024 f22=0x3d56a024
     114705.000 ns	     11469	8000277c	20a61bd3	fsgnjn.s	f23,f12,f10	 f12:0x7fc00000 f10:0x3f35042a f23=0xffc00000
     114735.000 ns	     11472	80002780	a1840ad3	fle.s	x21,f8,f24	  f8:0x5fe80000 f24:0x80000000 x21=0x00000000
     114765.000 ns	     11475	80002784	a1d2aa53	feq.s	x20,f5,f29	  f5:0x80000000 f29:0x7fc00000 x20=0x00000000
     114785.000 ns	     11477	80002788	41d2d8b3	sra	x17,x5,x29	  x5:0x80041024 x29:0x0000058d x17=0xfffc0020
     114795.000 ns	     11478	8000278c	6466ab13	slti	x22,x13,1606	 x13:0x4f7ffffe x22=0x00000000
     114805.000 ns	     11479	80002790	c69d7613	andi	x12,x26,-919	 x26:0xffffff58 x12=0xfffffc48
     114825.000 ns	     11481	80002794	21eb9cd3	fsgnjn.s	f25,f23,f30	 f23:0xffc00000 f30:0x7fc00000 f25=0xffc00000
     114855.000 ns	     11484	80002798	202c1353	fsgnjn.s	f6,f24,f2	 f24:0x80000000  f2:0x00000000  f6=0x80000000
     116035.000 ns	     11602	8000279c	58049ad3	fsqrt.s	f21,f9	  f9:0x5fe7ff4b f21=0x4fac5301
     116065.000 ns	     11605	800027a0	29da9d53	fmax.s	f26,f21,f29	 f21:0x5fe7ff4b f29:0x7fc00000 f26=0x4fac5301
     117245.000 ns	     11723	800027a4	580a9e53	fsqrt.s	f28,f21	 f21:0x4fac5301 f28=0x4794846a
     117265.000 ns	     11725	800027a8	3cd3ce13	xori	x28,x7,973	  x7:0xfffffd50 x28=0xfffffe9d
     117305.000 ns	     11729	800027ac	089b3d53	fsub.s	f26,f22,f9	 f22:0x3d56a024  f9:0x5fe7ff4b f26=0xdfe7ff4b
     117335.000 ns	     11732	800027b0	03cc97b3	mulh	x15,x25,x28	 x25:0xffffffff x28:0x00000000 x15=0x00000000
     117365.000 ns	     11735	800027b4	f00d8dd3	fmv.w.x	f27,x27	 x27:0x80040fe4 f27=0x80040fe4
     117395.000 ns	     11738	800027b8	a185a653	feq.s	x12,f11,f24	 f11:0x5fe80000 f24:0x80000000 x12=0x00000000
     117445.000 ns	     11743	800027bc	00c99b53	fadd.s	f22,f19,f12	 f19:0x70000000 f12:0x7fc00000 f22=0x7fc00000
     117475.000 ns	     11746	800027c0	0296e1b3	rem	x3,x13,x9	 x13:0x4f7ffffe  x9:0x00000000  x3=0x4f7ffffe
     117495.000 ns	     11748	800027c4	c706bb93	sltiu	x23,x13,-912	 x13:0x4f7ffffe x23=0x00000001
     117505.000 ns	     11749	800027c8	137b6493	ori	x9,x22,311	 x22:0x00000000  x9=0x00000137
     117515.000 ns	     11750	800027cc	411b81b3	sub	x3,x23,x17	 x23:0x3fffffff x17:0xfffc0020  x3=0x0003ffe1
     117525.000 ns	     11751	800027d0	01268cb3	add	x25,x13,x18	 x13:0x4f7ffffe x18:0x00000001 x25=0x4f7fffff
     117545.000 ns	     11753	800027d4	03c41933	mulh	x18,x8,x28	  x8:0xffffffff x28:0xfffffe9d x18=0x00000000
     117565.000 ns	     11755	800027d8	01ab2eb3	slt	x29,x22,x26	 x22:0x00000000 x26:0xffffff58 x29=0x00000000
     117575.000 ns	     11756	800027dc	41868b33	sub	x22,x13,x24	 x13:0x4f7ffffe x24:0xffffffff x22=0x4f7fffff
     117585.000 ns	     11757	800027e0	417700b3	sub	x1,x14,x23	 x14:0x00000000 x23:0x00000001  x1=0xffffffff
     117595.000 ns	     11758	800027e4	00dc81b3	add	x3,x25,x13	 x25:0x4f7fffff x13:0x4f7ffffe  x3=0x9efffffd
     117615.000 ns	     11760	800027e8	a18110d3	flt.s	x1,f2,f24	  f2:0x00000000 f24:0x80000000  x1=0x00000000
     117985.000 ns	     11797	800027ec	02a157b3	divu	x15,x2,x10	  x2:0x00000000 x10:0xf75ca184 x15=0x00000000
     118005.000 ns	     11799	800027f0	ca1dd417	auipc	x8,0xca1dd	  x8=0x4a1df7f0
     118015.000 ns	     11800	800027f4	417ed413	srai	x8,x29,0x17	 x29:0x00000000  x8=0x00000000
     118055.000 ns	     11804	800027f8	008cfad3	fadd.s	f21,f25,f8	 f25:0xffc00000  f8:0x5fe80000 f21=0x7fc00000
     118425.000 ns	     11841	800027fc	02d573b3	remu	x7,x10,x13	 x10:0xf75ca184 x13:0x4f7ffffe  x7=0x08dca18a
     118445.000 ns	     11843	80002800	e1c66a37	lui	x20,0xe1c66	 x20=0xe1c66000
     118465.000 ns	     11845	80002804	02eb9433	mulh	x8,x23,x14	 x23:0x00000001 x14:0x00000000  x8=0x00000000
     118495.000 ns	     11848	80002808	d01bb153	fcvt.s.wu	f2,x23	 x23:0x00000001  f2=0x3f800000
     118865.000 ns	     11885	8000280c	023e57b3	divu	x15,x28,x3	 x28:0xfffffe9d  x3:0x9efffffd x15=0x00000001
     118885.000 ns	     11887	80002810	00eadb13	srli	x22,x21,0xe	 x21:0x00000000 x22=0x00000000
     118895.000 ns	     11888	80002814	016bd833	srl	x16,x23,x22	 x23:0x00000001 x22:0x4f7fffff x16=0x00000001
     118915.000 ns	     11890	80002818	f0080fd3	fmv.w.x	f31,x16	 x16:0x70000000 f31=0x00000001
     118935.000 ns	     11892	8000281c	01f5f893	andi	x17,x11,31	 x11:0x00000000 x17=0x00000000
     118945.000 ns	     11893	80002820	005dc8b3	xor	x17,x27,x5	 x27:0x80040fe4  x5:0x80041024 x17=0x00001fc0
     118965.000 ns	     11895	80002824	c0037d53	fcvt.w.s	x26,f6	  f6:0x80000000 x26=0x00000000
     118985.000 ns	     11897	80002828	0008f1b3	and	x3,x17,x0	 x17:0x00000000  x0:0x00000000  x3=0x00000000
     118995.000 ns	     11898	8000282c	01442633	slt	x12,x8,x20	  x8:0x00000000 x20:0xe1c66000 x12=0x00000000
     119015.000 ns	     11900	80002830	a1bfae53	feq.s	x28,f31,f27	 f31:0x00000001 f27:0x80040fe4 x28=0x00000000
     119045.000 ns	     11903	80002834	20b31753	fsgnjn.s	f14,f6,f11	  f6:0x80000000 f11:0x5fe80000 f14=0x80000000
     119415.000 ns	     11940	80002838	034a7333	remu	x6,x20,x20	 x20:0xe1c66000 x20:0xe1c66000  x6=0x00000000
     119435.000 ns	     11942	8000283c	00798633	add	x12,x19,x7	 x19:0x4588e000  x7:0x08dca18a x12=0x4e65818a
     119445.000 ns	     11943	80002840	9754bc93	sltiu	x25,x9,-1675	  x9:0x00000137 x25=0x00000001
     119455.000 ns	     11944	80002844	007f1393	slli	x7,x30,0x7	 x30:0x00000000  x7=0x00000000
     119475.000 ns	     11946	80002848	e00386d3	fmv.x.w	x13,f7	  f7:0x4efff7df x13=0x4efff7df
     119495.000 ns	     11948	8000284c	39ccbf13	sltiu	x30,x25,924	 x25:0x00000001 x30=0x00000001
     119855.000 ns	     11984	80002850	03e06fb3	rem	x31,x0,x30	  x0:0x00000000 x30:0x00000000 x31=0x00000000
     119885.000 ns	     11987	80002854	e0058fd3	fmv.x.w	x31,f11	 f11:0x5fe80000 x31=0x5fe80000
     119915.000 ns	     11990	80002858	28780bd3	fmin.s	f23,f16,f7	 f16:0x7fc00000  f7:0x4efff7df f23=0x4efff7df
     119955.000 ns	     11994	8000285c	11033b53	fmul.s	f22,f6,f16	  f6:0x80000000 f16:0x7fc00000 f22=0x7fc00000
     119975.000 ns	     11996	80002860	402e8b33	sub	x22,x29,x2	 x29:0x00000000  x2:0x00000000 x22=0x00000000
     119995.000 ns	     11998	80002864	03df7bb3	remu	x23,x30,x29	 x30:0x00000001 x29:0x00000000 x23=0x00000001
     120015.000 ns	     12000	80002868	0167d393	srli	x7,x15,0x16	 x15:0x00000001  x7=0x00000000
     120025.000 ns	     12001	8000286c	29b62937	lui	x18,0x29b62	 x18=0x29b62000
     120035.000 ns	     12002	80002870	2ff6e5b7	lui	x11,0x2ff6e	 x11=0x2ff6e000
     120055.000 ns	     12004	80002874	d01b2353	fcvt.s.wu	f6,x22	 x22:0x00000000  f6=0x00000000
     120425.000 ns	     12041	80002878	030cd033	divu	x0,x25,x16	 x25:0x00000001 x16:0x00000001
     120455.000 ns	     12044	8000287c	a136a5d3	feq.s	x11,f13,f19	 f13:0xff800000 f19:0x70000000 x11=0x00000000
     120475.000 ns	     12046	80002880	413d5193	srai	x3,x26,0x13	 x26:0x00000000  x3=0x00000000
     120495.000 ns	     12048	80002884	0316a733	mulhsu	x14,x13,x17	 x13:0x4efff7df x17:0x00001fc0 x14=0x000009cc
     120515.000 ns	     12050	80002888	0033a9b3	slt	x19,x7,x3	  x7:0x00000000  x3:0x00000000 x19=0x00000000
     120525.000 ns	     12051	8000288c	00000013	addi	x0,x0,0	  x0:0x00000000
     120545.000 ns	     12053	80002890	21cb0bd3	fsgnj.s	f23,f22,f28	 f22:0x7fc00000 f28:0x4794846a f23=0x7fc00000
     120565.000 ns	     12055	80002894	014ba6b3	slt	x13,x23,x20	 x23:0x00000001 x20:0xe1c66000 x13=0x00000000
     120585.000 ns	     12057	80002898	e0031353	fclass.s	x6,f6	  f6:0x00000000  x6=0x00000010
     120955.000 ns	     12094	8000289c	02e36233	rem	x4,x6,x14	  x6:0x00000000 x14:0x000009cc  x4=0x00000010
     120975.000 ns	     12096	800028a0	007ee5b3	or	x11,x29,x7	 x29:0x00000000  x7:0x00000000 x11=0x00000000
     120985.000 ns	     12097	800028a4	0035e233	or	x4,x11,x3	 x11:0x00000000  x3:0x00000000  x4=0x00000000
     121005.000 ns	     12099	800028a8	c0157a53	fcvt.wu.s	x20,f10	 f10:0x3f35042a x20=0x00000000
     121025.000 ns	     12101	800028ac	01176933	or	x18,x14,x17	 x14:0x000009cc x17:0x00001fc0 x18=0x00001fcc
     121035.000 ns	     12102	800028b0	70df3e93	sltiu	x29,x30,1805	 x30:0x00000001 x29=0x00000001
     121045.000 ns	     12103	800028b4	003f1113	slli	x2,x30,0x3	 x30:0x00000001  x2=0x00000008
     121085.000 ns	     12107	800028b8	09c9f153	fsub.s	f2,f19,f28	 f19:0x70000000 f28:0x4794846a  f2=0x70000000
     121105.000 ns	     12109	800028bc	00b4f133	and	x2,x9,x11	  x9:0x00000137 x11:0x00000000  x2=0x00000000
     121115.000 ns	     12110	800028c0	a625d8b7	lui	x17,0xa625d	 x17=0xa625d000
     121135.000 ns	     12112	800028c4	c01fa3d3	fcvt.wu.s	x7,f31	 f31:0x00000001  x7=0x00000000
     121155.000 ns	     12114	800028c8	00349393	slli	x7,x9,0x3	  x9:0x00000137  x7=0x000009b8
     121175.000 ns	     12116	800028cc	c01d4ed3	fcvt.wu.s	x29,f26	 f26:0xdfe7ff4b x29=0x00000000
     121195.000 ns	     12118	800028d0	540eeb13	ori	x22,x29,1344	 x29:0x00000001 x22=0x00000540
     121215.000 ns	     12120	800028d4	d01a7253	fcvt.s.wu	f4,x20	 x20:0x00000000  f4=0x00000000
     121245.000 ns	     12123	800028d8	02014c33	div	x24,x2,x0	  x2:0x00000000  x0:0x00000000 x24=0xffffffff
     121265.000 ns	     12125	800028dc	8cb67793	andi	x15,x12,-1845	 x12:0x4e65818a x15=0x4e65808a
     121285.000 ns	     12127	800028e0	e0000e53	fmv.x.w	x28,f0	  f0:0x80000000 x28=0x80000000
     121655.000 ns	     12164	800028e4	02f3c133	div	x2,x7,x15	  x7:0x000009b8 x15:0x00000001  x2=0x00000000
     121685.000 ns	     12167	800028e8	a030a0d3	feq.s	x1,f1,f3	  f1:0xcefff7e0  f3:0x3f800000  x1=0x00000000
     121715.000 ns	     12170	800028ec	03b726b3	mulhsu	x13,x14,x27	 x14:0x000009cc x27:0x80040fe4 x13=0x000004e6
     121735.000 ns	     12172	800028f0	00000013	addi	x0,x0,0	  x0:0x00000000
     121755.000 ns	     12174	800028f4	a03305d3	fle.s	x11,f6,f3	  f6:0x00000000  f3:0x3f800000 x11=0x00000001
     121785.000 ns	     12177	800028f8	a00a9253	flt.s	x4,f21,f0	 f21:0x7fc00000  f0:0x80000000  x4=0x00000000
     121805.000 ns	     12179	800028fc	41c70f33	sub	x30,x14,x28	 x14:0x000009cc x28:0x80000000 x30=0x800009cc
     121825.000 ns	     12181	80002900	031b95b3	mulh	x11,x23,x17	 x23:0x00000001 x17:0xa625d000 x11=0xffffffff
     121855.000 ns	     12184	80002904	28038853	fmin.s	f16,f7,f0	  f7:0x4efff7df  f0:0x80000000 f16=0x80000000
     121875.000 ns	     12186	80002908	41a68fb3	sub	x31,x13,x26	 x13:0x000004e6 x26:0x00000000 x31=0x000004e6
     121885.000 ns	     12187	8000290c	01ab17b3	sll	x15,x22,x26	 x22:0x00000540 x26:0x00000000 x15=0x00000540
     121905.000 ns	     12189	80002910	02859733	mulh	x14,x11,x8	 x11:0xffffffff  x8:0x00000000 x14=0x00000000
     121935.000 ns	     12192	80002914	205285d3	fsgnj.s	f11,f5,f5	  f5:0x80000000  f5:0x80000000 f11=0x80000000
     121955.000 ns	     12194	80002918	4c801817	auipc	x16,0x4c801	 x16=0xcc803918
     121965.000 ns	     12195	8000291c	00949b33	sll	x22,x9,x9	  x9:0x00000137  x9:0x00000137 x22=0x9b800000
     121975.000 ns	     12196	80002920	d2cd0a13	addi	x20,x26,-724	 x26:0x00000000 x20=0xfffffd2c
     121985.000 ns	     12197	80002924	40695113	srai	x2,x18,0x6	 x18:0x00001fcc  x2=0x0000007f
     122025.000 ns	     12201	80002928	0080fad3	fadd.s	f21,f1,f8	  f1:0xcefff7e0  f8:0x5fe80000 f21=0x5fe7ffff
     122055.000 ns	     12204	8000292c	d01c7dd3	fcvt.s.wu	f27,x24	 x24:0xffffffff f27=0x4f7fffff
     122075.000 ns	     12206	80002930	01065893	srli	x17,x12,0x10	 x12:0x4e65818a x17=0x00004e65
     122095.000 ns	     12208	80002934	f0090453	fmv.w.x	f8,x18	 x18:0x00001fcc  f8=0x00001fcc
     122115.000 ns	     12210	80002938	341f2737	lui	x14,0x341f2	 x14=0x341f2000
     122125.000 ns	     12211	8000293c	26218a13	addi	x20,x3,610	  x3:0x00000000 x20=0x00000262
     122135.000 ns	     12212	80002940	007cc3b3	xor	x7,x25,x7	 x25:0x00000001  x7:0x000009b8  x7=0x000009b9
     122145.000 ns	     12213	80002944	01248c33	add	x24,x9,x18	  x9:0x00000137 x18:0x00001fcc x24=0x00002103
     122175.000 ns	     12216	80002948	58033d53	fsqrt.s	f26,f6	  f6:0x00000000 f26=0x00000000
     122195.000 ns	     12218	8000294c	3f1d3e93	sltiu	x29,x26,1009	 x26:0x00000000 x29=0x00000001
     122205.000 ns	     12219	80002950	00000013	addi	x0,x0,0	  x0:0x00000000
     122215.000 ns	     12220	80002954	41b95693	srai	x13,x18,0x1b	 x18:0x00001fcc x13=0x00000000
     122235.000 ns	     12222	80002958	c0134b53	fcvt.wu.s	x22,f6	  f6:0x00000000 x22=0x00000000
     122255.000 ns	     12224	8000295c	01244933	xor	x18,x8,x18	  x8:0x00000000 x18:0x00001fcc x18=0x00001fcc
     122265.000 ns	     12225	80002960	01f55633	srl	x12,x10,x31	 x10:0xf75ca184 x31:0x000004e6 x12=0x03dd7286
     122285.000 ns	     12227	80002964	29ea80d3	fmin.s	f1,f21,f30	 f21:0x5fe7ffff f30:0x7fc00000  f1=0x5fe7ffff
     122315.000 ns	     12230	80002968	d00d8753	fcvt.s.w	f14,x27	 x27:0x80040fe4 f14=0xcefff7e0
     122345.000 ns	     12233	8000296c	a0f41ed3	flt.s	x29,f8,f15	  f8:0x00001fcc f15:0x00000000 x29=0x00000000
     122365.000 ns	     12235	80002970	01f61933	sll	x18,x12,x31	 x12:0x03dd7286 x31:0x000004e6 x18=0xf75ca180
     122385.000 ns	     12237	80002974	e00b8853	fmv.x.w	x16,f23	 f23:0x7fc00000 x16=0x7fc00000
     122415.000 ns	     12240	80002978	02e115b3	mulh	x11,x2,x14	  x2:0x0000007f x14:0x341f2000 x11=0x00000019
     122435.000 ns	     12242	8000297c	00ab9033	sll	x0,x23,x10	 x23:0x00000001 x10:0xf75ca184
     122455.000 ns	     12244	80002980	a0759ed3	flt.s	x29,f11,f7	 f11:0x80000000  f7:0x4efff7df x29=0x00000001
     122475.000 ns	     12246	80002984	fa9c3813	sltiu	x16,x24,-87	 x24:0x00002103 x16=0x00000001
     122485.000 ns	     12247	80002988	72098713	addi	x14,x19,1824	 x19:0x00000000 x14=0x00000720
     122495.000 ns	     12248	8000298c	ae0dcc93	xori	x25,x27,-1312	 x27:0x80040fe4 x25=0x7ffbf504
     122515.000 ns	     12250	80002990	c01ff753	fcvt.wu.s	x14,f31	 f31:0x00000001 x14=0x00000000
     122885.000 ns	     12287	80002994	029454b3	divu	x9,x8,x9	  x8:0x00000000  x9:0x00000137  x9=0x00000000
     122905.000 ns	     12289	80002998	2b4d1197	auipc	x3,0x2b4d1	  x3=0xab4d3998
     122915.000 ns	     12290	8000299c	419cd3b3	sra	x7,x25,x25	 x25:0x7ffbf504 x25:0x7ffbf504  x7=0x07ffbf50
     122935.000 ns	     12292	800029a0	0260be33	mulhu	x28,x1,x6	  x1:0x00000000  x6:0x00000010 x28=0x00000000
     122965.000 ns	     12295	800029a4	e00f0253	fmv.x.w	x4,f30	 f30:0x7fc00000  x4=0x7fc00000
     123005.000 ns	     12299	800029a8	112338d3	fmul.s	f17,f6,f18	  f6:0x00000000 f18:0xff800000 f17=0x7fc00000
     123025.000 ns	     12301	800029ac	016b75b3	and	x11,x22,x22	 x22:0x00000000 x22:0x00000000 x11=0x00000000
     123035.000 ns	     12302	800029b0	005deeb3	or	x29,x27,x5	 x27:0x80040fe4  x5:0x80041024 x29=0x80041fe4
     123055.000 ns	     12304	800029b4	d00b71d3	fcvt.s.w	f3,x22	 x22:0x00000000  f3=0x00000000
     123425.000 ns	     12341	800029b8	03174cb3	div	x25,x14,x17	 x14:0x00000000 x17:0x00004e65 x25=0x00000000
     123465.000 ns	     12345	800029bc	11418cd3	fmul.s	f25,f3,f20	  f3:0x00000000 f20:0x00000000 f25=0x00000000
     123485.000 ns	     12347	800029c0	a5214593	xori	x11,x2,-1454	  x2:0x0000007f x11=0xfffffa2d
     123495.000 ns	     12348	800029c4	01ac9013	slli	x0,x25,0x1a	 x25:0x00000000
     123535.000 ns	     12352	800029c8	09717f53	fsub.s	f30,f2,f23	  f2:0x70000000 f23:0x7fc00000 f30=0x7fc00000
     123555.000 ns	     12354	800029cc	010bcb33	xor	x22,x23,x16	 x23:0x00000001 x16:0x00000001 x22=0x00000000
     123575.000 ns	     12356	800029d0	02d1a9b3	mulhsu	x19,x3,x13	  x3:0xab4d3998 x13:0x00000000 x19=0x00000000
     123595.000 ns	     12358	800029d4	2c6af713	andi	x14,x21,710	 x21:0x00000000 x14=0x00000000
     123615.000 ns	     12360	800029d8	a0462ed3	feq.s	x29,f12,f4	 f12:0x7fc00000  f4:0x00000000 x29=0x00000000
     123645.000 ns	     12363	800029dc	03cca833	mulhsu	x16,x25,x28	 x25:0x00000000 x28:0x00000000 x16=0x00000000
     123675.000 ns	     12366	800029e0	023f3b33	mulhu	x22,x30,x3	 x30:0x800009cc  x3:0xab4d3998 x22=0x55a6a35a
     123705.000 ns	     12369	800029e4	a1a89453	flt.s	x8,f17,f26	 f17:0x7fc00000 f26:0x00000000  x8=0x00000000
     123725.000 ns	     12371	800029e8	40d68b33	sub	x22,x13,x13	 x13:0x00000000 x13:0x00000000 x22=0x00000000
     123735.000 ns	     12372	800029ec	6fede317	auipc	x6,0x6fede	  x6=0xefee09ec
     123745.000 ns	     12373	800029f0	402457b3	sra	x15,x8,x2	  x8:0x00000000  x2:0x0000007f x15=0x00000000
     123755.000 ns	     12374	800029f4	01b29493	slli	x9,x5,0x1b	  x5:0x80041024  x9=0x20000000
     123795.000 ns	     12378	800029f8	0827c953	fsub.s	f18,f15,f2	 f15:0x00000000  f2:0x70000000 f18=0xf0000000
     123815.000 ns	     12380	800029fc	00113933	sltu	x18,x2,x1	  x2:0x0000007f  x1:0x00000000 x18=0x00000000
     123835.000 ns	     12382	80002a00	a1d6aa53	feq.s	x20,f13,f29	 f13:0xff800000 f29:0x7fc00000 x20=0x00000000
     123855.000 ns	     12384	80002a04	00fda1b3	slt	x3,x27,x15	 x27:0x80040fe4 x15:0x00000000  x3=0x00000001
     123875.000 ns	     12386	80002a08	e0078353	fmv.x.w	x6,f15	 f15:0x00000000  x6=0x00000000
     123905.000 ns	     12389	80002a0c	c01b7653	fcvt.wu.s	x12,f22	 f22:0x7fc00000 x12=0xffffffff
     123935.000 ns	     12392	80002a10	d00bfdd3	fcvt.s.w	f27,x23	 x23:0x00000001 f27=0x3f800000
     123965.000 ns	     12395	80002a14	293014d3	fmax.s	f9,f0,f19	  f0:0x80000000 f19:0x70000000  f9=0x70000000
     123995.000 ns	     12398	80002a18	e00e80d3	fmv.x.w	x1,f29	 f29:0x7fc00000  x1=0x7fc00000
     124015.000 ns	     12400	80002a1c	ae2bf893	andi	x17,x23,-1310	 x23:0x00000001 x17=0x00000000
     124035.000 ns	     12402	80002a20	20a11653	fsgnjn.s	f12,f2,f10	  f2:0x70000000 f10:0x3f35042a f12=0xf0000000
     124055.000 ns	     12404	80002a24	b810c613	xori	x12,x1,-1151	  x1:0x7fc00000 x12=0x803ffb81
     124065.000 ns	     12405	80002a28	86c53bb7	lui	x23,0x86c53	 x23=0x86c53000
     124085.000 ns	     12407	80002a2c	21621b53	fsgnjn.s	f22,f4,f22	  f4:0x00000000 f22:0x7fc00000 f22=0x80000000
     124105.000 ns	     12409	80002a30	b0ae3b93	sltiu	x23,x28,-1270	 x28:0x00000000 x23=0x00000001
     124115.000 ns	     12410	80002a34	0063d233	srl	x4,x7,x6	  x7:0x07ffbf50  x6:0x00000000  x4=0x07ffbf50
     124125.000 ns	     12411	80002a38	e2b8a593	slti	x11,x17,-469	 x17:0x00000000 x11=0x00000000
     124135.000 ns	     12412	80002a3c	01490bb3	add	x23,x18,x20	 x18:0x00000000 x20:0x00000000 x23=0x00000000
     124145.000 ns	     12413	80002a40	01a5ceb3	xor	x29,x11,x26	 x11:0xfffffa2d x26:0x00000000 x29=0x00000000
     124165.000 ns	     12415	80002a44	d00c7fd3	fcvt.s.w	f31,x24	 x24:0x00002103 f31=0x46040c00
     124185.000 ns	     12417	80002a48	012045b3	xor	x11,x0,x18	  x0:0x00000000 x18:0x00000000 x11=0x00000000
     124195.000 ns	     12418	80002a4c	00000013	addi	x0,x0,0	  x0:0x00000000
     124215.000 ns	     12420	80002a50	a1cc9653	flt.s	x12,f25,f28	 f25:0x00000000 f28:0x4794846a x12=0x00000001
     124235.000 ns	     12422	80002a54	014ede33	srl	x28,x29,x20	 x29:0x00000000 x20:0x00000000 x28=0x00000000
     124255.000 ns	     12424	80002a58	29818ed3	fmin.s	f29,f3,f24	  f3:0x00000000 f24:0x80000000 f29=0x80000000
     124275.000 ns	     12426	80002a5c	013af833	and	x16,x21,x19	 x21:0x00000000 x19:0x00000000 x16=0x00000000
     124285.000 ns	     12427	80002a60	e7f94d13	xori	x26,x18,-385	 x18:0x00000000 x26=0xfffffe7f
     124295.000 ns	     12428	80002a64	2bb6b737	lui	x14,0x2bb6b	 x14=0x2bb6b000
     124315.000 ns	     12430	80002a68	21c58b53	fsgnj.s	f22,f11,f28	 f11:0x80000000 f28:0x4794846a f22=0x00000000
     124335.000 ns	     12432	80002a6c	9e6dab93	slti	x23,x27,-1562	 x27:0x80040fe4 x23=0x00000001
     124365.000 ns	     12435	80002a70	580cc953	fsqrt.s	f18,f25	 f25:0x00000000 f18=0x00000000
     124385.000 ns	     12437	80002a74	31d36013	ori	x0,x6,797	  x6:0x00000000
     124405.000 ns	     12439	80002a78	e00215d3	fclass.s	x11,f4	  f4:0x00000000 x11=0x00000010
     124435.000 ns	     12442	80002a7c	a1d50f53	fle.s	x30,f10,f29	 f10:0x3f35042a f29:0x80000000 x30=0x00000000
     124455.000 ns	     12444	80002a80	ad9e0b13	addi	x22,x28,-1319	 x28:0x00000000 x22=0xfffffad9
     124475.000 ns	     12446	80002a84	20600d53	fsgnj.s	f26,f0,f6	  f0:0x80000000  f6:0x00000000 f26=0x00000000
     124505.000 ns	     12449	80002a88	a158aad3	feq.s	x21,f17,f21	 f17:0x7fc00000 f21:0x5fe7ffff x21=0x00000000
     124525.000 ns	     12451	80002a8c	00e820b3	slt	x1,x16,x14	 x16:0x00000000 x14:0x2bb6b000  x1=0x00000001
     124855.000 ns	     12484	80002a90	19ce00d3	fdiv.s	f1,f28,f28	 f28:0x4794846a f28:0x4794846a  f1=0x3f24f472
     124875.000 ns	     12486	80002a94	00de3833	sltu	x16,x28,x13	 x28:0x00000000 x13:0x00000000 x16=0x00000000
     124895.000 ns	     12488	80002a98	02d62d33	mulhsu	x26,x12,x13	 x12:0x00000001 x13:0x00000000 x26=0x00000000
     124925.000 ns	     12491	80002a9c	e00f8c53	fmv.x.w	x24,f31	 f31:0x46040c00 x24=0x46040c00
     124955.000 ns	     12494	80002aa0	281b9353	fmax.s	f6,f23,f1	 f23:0x7fc00000  f1:0x3f24f472  f6=0x3f24f472
     125325.000 ns	     12531	80002aa4	027edf33	divu	x30,x29,x7	 x29:0x00000000  x7:0x07ffbf50 x30=0x00000000
     125345.000 ns	     12533	80002aa8	960cff93	andi	x31,x25,-1696	 x25:0x00000000 x31=0x00000000
     125355.000 ns	     12534	80002aac	402856b3	sra	x13,x16,x2	 x16:0x00000000  x2:0x0000007f x13=0x00000000
     125375.000 ns	     12536	80002ab0	c01d8353	fcvt.wu.s	x6,f27	 f27:0x3f800000  x6=0x00000001
     125395.000 ns	     12538	80002ab4	41d78433	sub	x8,x15,x29	 x15:0x00000000 x29:0x00000000  x8=0x00000000
     125415.000 ns	     12540	80002ab8	c009f153	fcvt.w.s	x2,f19	 f19:0x70000000  x2=0x7fffffff
     125445.000 ns	     12543	80002abc	02af0d33	mul	x26,x30,x10	 x30:0x00000000 x10:0xf75ca184 x26=0x00000000
     125465.000 ns	     12545	80002ac0	e1f38317	auipc	x6,0xe1f38	  x6=0x61f3aac0
     125475.000 ns	     12546	80002ac4	01c6c4b3	xor	x9,x13,x28	 x13:0x00000000 x28:0x00000000  x9=0x00000000
     125515.000 ns	     12550	80002ac8	094d2fd3	fsub.s	f31,f26,f20	 f26:0x00000000 f20:0x00000000 f31=0x80000000
     125565.000 ns	     12555	80002acc	01f9f8d3	fadd.s	f17,f19,f31	 f19:0x70000000 f31:0x46040c00 f17=0x70000000
     125595.000 ns	     12558	80002ad0	02262433	mulhsu	x8,x12,x2	 x12:0x00000001  x2:0x7fffffff  x8=0x00000000
     125615.000 ns	     12560	80002ad4	00b53e33	sltu	x28,x10,x11	 x10:0xf75ca184 x11:0x00000010 x28=0x00000000
     125645.000 ns	     12563	80002ad8	194ea8d3	fdiv.s	f17,f29,f20	 f29:0x80000000 f20:0x00000000 f17=0x7fc00000
     125665.000 ns	     12565	80002adc	58fc6493	ori	x9,x24,1423	 x24:0x46040c00  x9=0x46040d8f
     125695.000 ns	     12568	80002ae0	10484ed3	fmul.s	f29,f16,f4	 f16:0x80000000  f4:0x00000000 f29=0x80000000
     125715.000 ns	     12570	80002ae4	00e71c13	slli	x24,x14,0xe	 x14:0x2bb6b000 x24=0xac000000
     125735.000 ns	     12572	80002ae8	e00d88d3	fmv.x.w	x17,f27	 f27:0x3f800000 x17=0x3f800000
     125775.000 ns	     12576	80002aec	10568253	fmul.s	f4,f13,f5	 f13:0xff800000  f5:0x80000000  f4=0x7fc00000
     125805.000 ns	     12579	80002af0	d0032553	fcvt.s.w	f10,x6	  x6:0x61f3aac0 f10=0x4ec3e756
     125825.000 ns	     12581	80002af4	40b1d913	srai	x18,x3,0xb	  x3:0x00000001 x18=0x00000000
     125835.000 ns	     12582	80002af8	004f6ab3	or	x21,x30,x4	 x30:0x00000000  x4:0x07ffbf50 x21=0x07ffbf50
     125845.000 ns	     12583	80002afc	0144f333	and	x6,x9,x20	  x9:0x46040d8f x20:0x00000000  x6=0x00000000
     125865.000 ns	     12585	80002b00	f0018b53	fmv.w.x	f22,x3	  x3:0x00000001 f22=0x00000001
     125885.000 ns	     12587	80002b04	23922c13	slti	x24,x4,569	  x4:0x07ffbf50 x24=0x00000000
     125895.000 ns	     12588	80002b08	4074d733	sra	x14,x9,x7	  x9:0x46040d8f  x7:0x07ffbf50 x14=0x00004604
     125915.000 ns	     12590	80002b0c	a00c8253	fle.s	x4,f25,f0	 f25:0x00000000  f0:0x80000000  x4=0x00000001
     125935.000 ns	     12592	80002b10	41ee59b3	sra	x19,x28,x30	 x28:0x00000000 x30:0x00000000 x19=0x00000000
     125945.000 ns	     12593	80002b14	01459013	slli	x0,x11,0x14	 x11:0x00000010
     125965.000 ns	     12595	80002b18	024199b3	mulh	x19,x3,x4	  x3:0x00000001  x4:0x00000001 x19=0x00000000
     125995.000 ns	     12598	80002b1c	03eaf3b3	remu	x7,x21,x30	 x21:0x07ffbf50 x30:0x00000000  x7=0x07ffbf50
     126015.000 ns	     12600	80002b20	41615ab3	sra	x21,x2,x22	  x2:0x7fffffff x22:0xfffffad9 x21=0x0000003f
     126025.000 ns	     12601	80002b24	01f41213	slli	x4,x8,0x1f	  x8:0x00000000  x4=0x00000000
     126045.000 ns	     12603	80002b28	020d76b3	remu	x13,x26,x0	 x26:0x00000000  x0:0x00000000 x13=0x00000000
     126075.000 ns	     12606	80002b2c	29971b53	fmax.s	f22,f14,f25	 f14:0xcefff7e0 f25:0x00000000 f22=0x00000000
     126445.000 ns	     12643	80002b30	027746b3	div	x13,x14,x7	 x14:0x00004604  x7:0x07ffbf50 x13=0x00000000
     126465.000 ns	     12645	80002b34	7e5ef113	andi	x2,x29,2021	 x29:0x00000000  x2=0x00000000
     126485.000 ns	     12647	80002b38	a1819d53	flt.s	x26,f3,f24	  f3:0x00000000 f24:0x80000000 x26=0x00000000
     126535.000 ns	     12652	80002b3c	08b470d3	fsub.s	f1,f8,f11	  f8:0x00001fcc f11:0x80000000  f1=0x00001fcc
     126565.000 ns	     12655	80002b40	28c182d3	fmin.s	f5,f3,f12	  f3:0x00000000 f12:0xf0000000  f5=0xf0000000
     126595.000 ns	     12658	80002b44	0324fa33	remu	x20,x9,x18	  x9:0x46040d8f x18:0x00000000 x20=0x46040d8f
     126615.000 ns	     12660	80002b48	00000013	addi	x0,x0,0	  x0:0x00000000
     126645.000 ns	     12663	80002b4c	18fa8453	fdiv.s	f8,f21,f15	 f21:0x5fe7ffff f15:0x00000000  f8=0x7f800000
     126665.000 ns	     12665	80002b50	325e4793	xori	x15,x28,805	 x28:0x00000000 x15=0x00000325
     126685.000 ns	     12667	80002b54	a0dd2cd3	feq.s	x25,f26,f13	 f26:0x00000000 f13:0xff800000 x25=0x00000000
     126705.000 ns	     12669	80002b58	1825a193	slti	x3,x11,386	 x11:0x00000010  x3=0x00000001
     126715.000 ns	     12670	80002b5c	41dc5393	srai	x7,x24,0x1d	 x24:0x00000000  x7=0x00000000
     126735.000 ns	     12672	80002b60	a0b39f53	flt.s	x30,f7,f11	  f7:0x4efff7df f11:0x80000000 x30=0x00000000
     126755.000 ns	     12674	80002b64	00968933	add	x18,x13,x9	 x13:0x00000000  x9:0x46040d8f x18=0x46040d8f
     126765.000 ns	     12675	80002b68	01b1de13	srli	x28,x3,0x1b	  x3:0x00000001 x28=0x00000000
     126785.000 ns	     12677	80002b6c	f0008fd3	fmv.w.x	f31,x1	  x1:0x00000001 f31=0x00000001
     126815.000 ns	     12680	80002b70	a0c39bd3	flt.s	x23,f7,f12	  f7:0x4efff7df f12:0xf0000000 x23=0x00000000
     126855.000 ns	     12684	80002b74	580a7053	fsqrt.s	f0,f20	 f20:0x00000000  f0=0x00000000
     126875.000 ns	     12686	80002b78	1e827d37	lui	x26,0x1e827	 x26=0x1e827000
     126895.000 ns	     12688	80002b7c	d012f6d3	fcvt.s.wu	f13,x5	  x5:0x80041024 f13=0x4f000410
     126915.000 ns	     12690	80002b80	00592933	slt	x18,x18,x5	 x18:0x46040d8f  x5:0x80041024 x18=0x00000000
     126935.000 ns	     12692	80002b84	a19185d3	fle.s	x11,f3,f25	  f3:0x00000000 f25:0x00000000 x11=0x00000001
     126975.000 ns	     12696	80002b88	1989ff53	fdiv.s	f30,f19,f24	 f19:0x70000000 f24:0x80000000 f30=0xff800000
     126995.000 ns	     12698	80002b8c	0080cc33	xor	x24,x1,x8	  x1:0x00000001  x8:0x00000000 x24=0x00000001
     127015.000 ns	     12700	80002b90	201d85d3	fsgnj.s	f11,f27,f1	 f27:0x3f800000  f1:0x00001fcc f11=0x3f800000
     127035.000 ns	     12702	80002b94	00000013	addi	x0,x0,0	  x0:0x00000000
     127045.000 ns	     12703	80002b98	8d213713	sltiu	x14,x2,-1838	  x2:0x00000000 x14=0x00000001
     127075.000 ns	     12706	80002b9c	19d0fad3	fdiv.s	f21,f1,f29	  f1:0x00001fcc f29:0x80000000 f21=0xff800000
     127995.000 ns	     12798	80002ba0	580dfb53	fsqrt.s	f22,f27	 f27:0x3f800000 f22=0x3f7fffae
     128025.000 ns	     12801	80002ba4	29c185d3	fmin.s	f11,f3,f28	  f3:0x00000000 f28:0x4794846a f11=0x00000000
     128065.000 ns	     12805	80002ba8	11a676d3	fmul.s	f13,f12,f26	 f12:0xf0000000 f26:0x00000000 f13=0x80000000
     128085.000 ns	     12807	80002bac	d3af8817	auipc	x16,0xd3af8	 x16=0x53afabac
     128105.000 ns	     12809	80002bb0	218506d3	fsgnj.s	f13,f10,f24	 f10:0x4ec3e756 f24:0x80000000 f13=0xcec3e756
     128135.000 ns	     12812	80002bb4	038c1433	mulh	x8,x24,x24	 x24:0x00000001 x24:0x00000001  x8=0x00000000
     128505.000 ns	     12849	80002bb8	02a56433	rem	x8,x10,x10	 x10:0xf75ca184 x10:0xf75ca184  x8=0x00000000
     128535.000 ns	     12852	80002bbc	216011d3	fsgnjn.s	f3,f0,f22	  f0:0x00000000 f22:0x3f7fffae  f3=0x80000000
     128555.000 ns	     12854	80002bc0	000fd693	srli	x13,x31,0x0	 x31:0x00000000 x13=0x00000000
     128575.000 ns	     12856	80002bc4	299b0353	fmin.s	f6,f22,f25	 f22:0x3f7fffae f25:0x00000000  f6=0x00000000
     128605.000 ns	     12859	80002bc8	027fe4b3	rem	x9,x31,x7	 x31:0x00000000  x7:0x00000000  x9=0x00000000
     128625.000 ns	     12861	80002bcc	01140433	add	x8,x8,x17	  x8:0x00000000 x17:0x3f800000  x8=0x3f800000
     129795.000 ns	     12978	80002bd0	58017f53	fsqrt.s	f30,f2	  f2:0x70000000 f30=0x57350482
     130135.000 ns	     13012	80002bd4	18a674d3	fdiv.s	f9,f12,f10	 f12:0xf0000000 f10:0x4ec3e756  f9=0xe0800000
     130165.000 ns	     13015	80002bd8	a08d0353	fle.s	x6,f26,f8	 f26:0x00000000  f8:0x7f800000  x6=0x00000001
     130185.000 ns	     13017	80002bdc	c8242b97	auipc	x23,0xc8242	 x23=0x48244bdc
     130205.000 ns	     13019	80002be0	c01e2fd3	fcvt.wu.s	x31,f28	 f28:0x4794846a x31=0x00012909
     130235.000 ns	     13022	80002be4	21c310d3	fsgnjn.s	f1,f6,f28	  f6:0x00000000 f28:0x4794846a  f1=0x80000000
     130255.000 ns	     13024	80002be8	00000013	addi	x0,x0,0	  x0:0x00000000
     130285.000 ns	     13027	80002bec	18339853	fdiv.s	f16,f7,f3	  f7:0x4efff7df  f3:0x80000000 f16=0xff800000
     130305.000 ns	     13029	80002bf0	e4163bb7	lui	x23,0xe4163	 x23=0xe4163000
     130315.000 ns	     13030	80002bf4	f9d3c493	xori	x9,x7,-99	  x7:0x00000000  x9=0xffffff9d
     130335.000 ns	     13032	80002bf8	284c95d3	fmax.s	f11,f25,f4	 f25:0x00000000  f4:0x7fc00000 f11=0x00000000
     130355.000 ns	     13034	80002bfc	1e4c8693	addi	x13,x25,484	 x25:0x00000000 x13=0x000001e4
     130395.000 ns	     13038	80002c00	09a984d3	fsub.s	f9,f19,f26	 f19:0x70000000 f26:0x00000000  f9=0x70000000
     130425.000 ns	     13041	80002c04	d01b7a53	fcvt.s.wu	f20,x22	 x22:0xfffffad9 f20=0x4f7ffffa
     130445.000 ns	     13043	80002c08	e1c1a393	slti	x7,x3,-484	  x3:0x00000001  x7=0x00000000
     130465.000 ns	     13045	80002c0c	a0390d53	fle.s	x26,f18,f3	 f18:0x00000000  f3:0x80000000 x26=0x00000001
     130495.000 ns	     13048	80002c10	29ae02d3	fmin.s	f5,f28,f26	 f28:0x4794846a f26:0x00000000  f5=0x00000000
     130515.000 ns	     13050	80002c14	dfdca613	slti	x12,x25,-515	 x25:0x00000000 x12=0x00000000
     130875.000 ns	     13086	80002c18	026c5a33	divu	x20,x24,x6	 x24:0x00000001  x6:0x00000001 x20=0x00000001
     130905.000 ns	     13089	80002c1c	21aa16d3	fsgnjn.s	f13,f20,f26	 f20:0x4f7ffffa f26:0x00000000 f13=0xcf7ffffa
     130935.000 ns	     13092	80002c20	d00af053	fcvt.s.w	f0,x21	 x21:0x0000003f  f0=0x427c0000
     130965.000 ns	     13095	80002c24	c01bfad3	fcvt.wu.s	x21,f23	 f23:0x7fc00000 x21=0xffffffff
     130995.000 ns	     13098	80002c28	a1369953	flt.s	x18,f13,f19	 f13:0xcf7ffffa f19:0x70000000 x18=0x00000001
     131025.000 ns	     13101	80002c2c	202404d3	fsgnj.s	f9,f8,f2	  f8:0x7f800000  f2:0x70000000  f9=0x7f800000
     131055.000 ns	     13104	80002c30	c019f253	fcvt.wu.s	x4,f19	 f19:0x70000000  x4=0x00000000
     131425.000 ns	     13141	80002c34	0360fe33	remu	x28,x1,x22	  x1:0x00000001 x22:0xfffffad9 x28=0x00000001
     131455.000 ns	     13144	80002c38	02ff0bb3	mul	x23,x30,x15	 x30:0x00000000 x15:0x00000325 x23=0x00000000
     131475.000 ns	     13146	80002c3c	d197cb93	xori	x23,x15,-743	 x15:0x00000325 x23=0xfffffe3c
     131485.000 ns	     13147	80002c40	00209613	slli	x12,x1,0x2	  x1:0x00000001 x12=0x00000004
     131495.000 ns	     13148	80002c44	6915a593	slti	x11,x11,1681	 x11:0x00000001 x11=0x00000001
     131515.000 ns	     13150	80002c48	d0017ad3	fcvt.s.w	f21,x2	  x2:0x00000000 f21=0x00000000
     131535.000 ns	     13152	80002c4c	0116a4b3	slt	x9,x13,x17	 x13:0x000001e4 x17:0x3f800000  x9=0x00000001
     131895.000 ns	     13188	80002c50	038cd5b3	divu	x11,x25,x24	 x25:0x00000000 x24:0x00000001 x11=0x00000000
     131915.000 ns	     13190	80002c54	004fd733	srl	x14,x31,x4	 x31:0x00012909  x4:0x00000000 x14=0x00012909
     132275.000 ns	     13226	80002c58	0289cfb3	div	x31,x19,x8	 x19:0x00000000  x8:0x3f800000 x31=0x00000000
     132295.000 ns	     13228	80002c5c	1dd8f393	andi	x7,x17,477	 x17:0x3f800000  x7=0x00000000
     132315.000 ns	     13230	80002c60	d01ac553	fcvt.s.wu	f10,x21	 x21:0xffffffff f10=0x4f800000
     132685.000 ns	     13267	80002c64	031f7ab3	remu	x21,x30,x17	 x30:0x00000000 x17:0x3f800000 x21=0x00000000
     132725.000 ns	     13271	80002c68	11ffc4d3	fmul.s	f9,f31,f31	 f31:0x00000001 f31:0x00000001  f9=0x00000000
     132755.000 ns	     13274	80002c6c	29ae8d53	fmin.s	f26,f29,f26	 f29:0x80000000 f26:0x00000000 f26=0x80000000
     132775.000 ns	     13276	80002c70	a0de8c13	addi	x24,x29,-1523	 x29:0x00000000 x24=0xfffffa0d
     132795.000 ns	     13278	80002c74	29550753	fmin.s	f14,f10,f21	 f10:0x4f800000 f21:0x00000000 f14=0x00000000
     132825.000 ns	     13281	80002c78	c0142753	fcvt.wu.s	x14,f8	  f8:0x7f800000 x14=0xffffffff
     132845.000 ns	     13283	80002c7c	01165b33	srl	x22,x12,x17	 x12:0x00000004 x17:0x3f800000 x22=0x00000004
     132855.000 ns	     13284	80002c80	5bdf5797	auipc	x15,0x5bdf5	 x15=0xdbdf7c80
     132865.000 ns	     13285	80002c84	479f8c13	addi	x24,x31,1145	 x31:0x00000000 x24=0x00000479
     132895.000 ns	     13288	80002c88	19a8fcd3	fdiv.s	f25,f17,f26	 f17:0x7fc00000 f26:0x80000000 f25=0x7fc00000
     132925.000 ns	     13291	80002c8c	03ebb733	mulhu	x14,x23,x30	 x23:0xfffffe3c x30:0x00000000 x14=0x00000000
     132975.000 ns	     13296	80002c90	09ddff53	fsub.s	f30,f27,f29	 f27:0x3f800000 f29:0x80000000 f30=0x3f800000
     133025.000 ns	     13301	80002c94	015f7cd3	fadd.s	f25,f30,f21	 f30:0x57350482 f21:0x00000000 f25=0x3f800000
     133045.000 ns	     13303	80002c98	016a3033	sltu	x0,x20,x22	 x20:0x00000001 x22:0x00000004
     133065.000 ns	     13305	80002c9c	e0068753	fmv.x.w	x14,f13	 f13:0xcf7ffffa x14=0xcf7ffffa
     133085.000 ns	     13307	80002ca0	b6003837	lui	x16,0xb6003	 x16=0xb6003000
     133105.000 ns	     13309	80002ca4	f00901d3	fmv.w.x	f3,x18	 x18:0x00000001  f3=0x00000001
     133125.000 ns	     13311	80002ca8	014ceb33	or	x22,x25,x20	 x25:0x00000000 x20:0x00000001 x22=0x00000001
     133145.000 ns	     13313	80002cac	d00fad53	fcvt.s.w	f26,x31	 x31:0x00000000 f26=0x00000000
     133165.000 ns	     13315	80002cb0	01b11e33	sll	x28,x2,x27	  x2:0x00000000 x27:0x80040fe4 x28=0x00000000
     133175.000 ns	     13316	80002cb4	00e35033	srl	x0,x6,x14	  x6:0x00000001 x14:0xcf7ffffa
     133195.000 ns	     13318	80002cb8	203c0fd3	fsgnj.s	f31,f24,f3	 f24:0x80000000  f3:0x00000001 f31=0x00000000
     133215.000 ns	     13320	80002cbc	f144c193	xori	x3,x9,-236	  x9:0x00000001  x3=0xffffff15
     133225.000 ns	     13321	80002cc0	7b60f437	lui	x8,0x7b60f	  x8=0x7b60f000
     133235.000 ns	     13322	80002cc4	002e5893	srli	x17,x28,0x2	 x28:0x00000000 x17=0x00000000
     133255.000 ns	     13324	80002cc8	a09991d3	flt.s	x3,f19,f9	 f19:0x70000000  f9:0x00000000  x3=0x00000000
     133275.000 ns	     13326	80002ccc	01ac9793	slli	x15,x25,0x1a	 x25:0x00000000 x15=0x00000000
     133295.000 ns	     13328	80002cd0	a1d41153	flt.s	x2,f8,f29	  f8:0x7f800000 f29:0x80000000  x2=0x00000000
     133315.000 ns	     13330	80002cd4	43809017	auipc	x0,0x43809	
     133325.000 ns	     13331	80002cd8	01839413	slli	x8,x7,0x18	  x7:0x00000000  x8=0x00000000
     133345.000 ns	     13333	80002cdc	d01b7bd3	fcvt.s.wu	f23,x22	 x22:0x00000001 f23=0x3f800000
     133365.000 ns	     13335	80002ce0	01ba96b3	sll	x13,x21,x27	 x21:0x00000000 x27:0x80040fe4 x13=0x00000000
     133385.000 ns	     13337	80002ce4	03cf5b33	divu	x22,x30,x28	 x30:0x00000000 x28:0x00000000 x22=0xffffffff
     133415.000 ns	     13340	80002ce8	214797d3	fsgnjn.s	f15,f15,f20	 f15:0x00000000 f20:0x4f7ffffa f15=0x80000000
     133445.000 ns	     13343	80002cec	e00387d3	fmv.x.w	x15,f7	  f7:0x4efff7df x15=0x4efff7df
     133475.000 ns	     13346	80002cf0	02939c33	mulh	x24,x7,x9	  x7:0x00000000  x9:0x00000001 x24=0x00000000
     133505.000 ns	     13349	80002cf4	c01004d3	fcvt.wu.s	x9,f0	  f0:0x427c0000  x9=0x0000003f
     134685.000 ns	     13467	80002cf8	58002453	fsqrt.s	f8,f0	  f0:0x427c0000  f8=0x40b2308a
     134705.000 ns	     13469	80002cfc	01449e33	sll	x28,x9,x20	  x9:0x0000003f x20:0x00000001 x28=0x0000007e
     134725.000 ns	     13471	80002d00	29918dd3	fmin.s	f27,f3,f25	  f3:0x00000001 f25:0x3f800000 f27=0x00000001
     134745.000 ns	     13473	80002d04	4093deb3	sra	x29,x7,x9	  x7:0x00000000  x9:0x0000003f x29=0x00000000
     134785.000 ns	     13477	80002d08	09167353	fsub.s	f6,f12,f17	 f12:0xf0000000 f17:0x7fc00000  f6=0x7fc00000
     134805.000 ns	     13479	80002d0c	01491893	slli	x17,x18,0x14	 x18:0x00000001 x17=0x00100000
     134825.000 ns	     13481	80002d10	a0a31453	flt.s	x8,f6,f10	  f6:0x7fc00000 f10:0x4f800000  x8=0x00000000
     136005.000 ns	     13599	80002d14	5809f0d3	fsqrt.s	f1,f19	 f19:0x70000000  f1=0x57350482
     136035.000 ns	     13602	80002d18	296c94d3	fmax.s	f9,f25,f22	 f25:0x3f800000 f22:0x3f7fffae  f9=0x3f800000
     136085.000 ns	     13607	80002d1c	09027ed3	fsub.s	f29,f4,f16	  f4:0x7fc00000 f16:0xff800000 f29=0x7fc00000
     136105.000 ns	     13609	80002d20	40b10eb3	sub	x29,x2,x11	  x2:0x00000000 x11:0x00000000 x29=0x00000000
     136115.000 ns	     13610	80002d24	3ced7b93	andi	x23,x26,974	 x26:0x00000001 x23=0x00000000
     136135.000 ns	     13612	80002d28	d0071653	fcvt.s.w	f12,x14	 x14:0xcf7ffffa f12=0xce420000
     136175.000 ns	     13616	80002d2c	1851fbd3	fdiv.s	f23,f3,f5	  f3:0x00000001  f5:0x00000000 f23=0x7f800000
     136205.000 ns	     13619	80002d30	02c637b3	mulhu	x15,x12,x12	 x12:0x00000004 x12:0x00000004 x15=0x00000000
     136235.000 ns	     13622	80002d34	a1b4a853	feq.s	x16,f9,f27	  f9:0x3f800000 f27:0x00000001 x16=0x00000000
     136255.000 ns	     13624	80002d38	0062d7b3	srl	x15,x5,x6	  x5:0x80041024  x6:0x00000001 x15=0x40020812
     136275.000 ns	     13626	80002d3c	02da10b3	mulh	x1,x20,x13	 x20:0x00000001 x13:0x00000000  x1=0x00000000
     136305.000 ns	     13629	80002d40	28d81753	fmax.s	f14,f16,f13	 f16:0xff800000 f13:0xcf7ffffa f14=0xcf7ffffa
     136325.000 ns	     13631	80002d44	0150ee33	or	x28,x1,x21	  x1:0x00000000 x21:0x00000000 x28=0x00000000
     136345.000 ns	     13633	80002d48	f0050b53	fmv.w.x	f22,x10	 x10:0xf75ca184 f22=0xf75ca184
     136365.000 ns	     13635	80002d4c	69558b13	addi	x22,x11,1685	 x11:0x00000000 x22=0x00000695
     136405.000 ns	     13639	80002d50	091a7c53	fsub.s	f24,f20,f17	 f20:0x4f7ffffa f17:0x7fc00000 f24=0x7fc00000
     136435.000 ns	     13642	80002d54	03b02bb3	mulhsu	x23,x0,x27	  x0:0x00000000 x27:0x80040fe4 x23=0x00000000
     136455.000 ns	     13644	80002d58	890ef993	andi	x19,x29,-1904	 x29:0x00000000 x19=0x00000000
     136485.000 ns	     13647	80002d5c	10ca70d3	fmul.s	f1,f20,f12	 f20:0x4f7ffffa f12:0xce420000  f1=0xde41fffb
     136505.000 ns	     13649	80002d60	40e48733	sub	x14,x9,x14	  x9:0x0000003f x14:0xcf7ffffa x14=0x30800045
     136525.000 ns	     13651	80002d64	03e4c1b3	div	x3,x9,x30	  x9:0x0000003f x30:0x00000000  x3=0xffffffff
     136545.000 ns	     13653	80002d68	cc9eef93	ori	x31,x29,-823	 x29:0x00000000 x31=0xfffffcc9
     136585.000 ns	     13657	80002d6c	09b1fd53	fsub.s	f26,f3,f27	  f3:0x00000001 f27:0x00000001 f26=0x80000000
     136605.000 ns	     13659	80002d70	003c1013	slli	x0,x24,0x3	 x24:0x00000000
     136615.000 ns	     13660	80002d74	008f1c93	slli	x25,x30,0x8	 x30:0x00000000 x25=0x00000000
     136625.000 ns	     13661	80002d78	01ebbd33	sltu	x26,x23,x30	 x23:0x00000000 x30:0x00000000 x26=0x00000000
     136645.000 ns	     13663	80002d7c	219902d3	fsgnj.s	f5,f18,f25	 f18:0x00000000 f25:0x3f800000  f5=0x00000000
     136665.000 ns	     13665	80002d80	0145fb33	and	x22,x11,x20	 x11:0x00000000 x20:0x00000001 x22=0x00000000
     136675.000 ns	     13666	80002d84	007bfe33	and	x28,x23,x7	 x23:0x00000000  x7:0x00000000 x28=0x00000000
     136685.000 ns	     13667	80002d88	7b228317	auipc	x6,0x7b228	  x6=0xfb22ad88
     136695.000 ns	     13668	80002d8c	37243913	sltiu	x18,x8,882	  x8:0x00000000 x18=0x00000001
     136715.000 ns	     13670	80002d90	035d3a33	mulhu	x20,x26,x21	 x26:0x00000000 x21:0x00000000 x20=0x00000000
     136735.000 ns	     13672	80002d94	2352c493	xori	x9,x5,565	  x5:0x80041024  x9=0x80041211
     136745.000 ns	     13673	80002d98	16c0a913	slti	x18,x1,364	  x1:0x00000000 x18=0x00000001
     136755.000 ns	     13674	80002d9c	00ba1633	sll	x12,x20,x11	 x20:0x00000000 x11:0x00000000 x12=0x00000000
     136775.000 ns	     13676	80002da0	c00d7cd3	fcvt.w.s	x25,f26	 f26:0x80000000 x25=0x00000000
     136805.000 ns	     13679	80002da4	a1a22853	feq.s	x16,f4,f26	  f4:0x7fc00000 f26:0x80000000 x16=0x00000000
     136835.000 ns	     13682	80002da8	d015fdd3	fcvt.s.wu	f27,x11	 x11:0x00000000 f27=0x00000000
     136875.000 ns	     13686	80002dac	11c3fbd3	fmul.s	f23,f7,f28	  f7:0x4efff7df f28:0x4794846a f23=0x57147fb3
     136905.000 ns	     13689	80002db0	a0329f53	flt.s	x30,f5,f3	  f5:0x00000000  f3:0x00000001 x30=0x00000001
     136925.000 ns	     13691	80002db4	00e61bb3	sll	x23,x12,x14	 x12:0x00000000 x14:0x30800045 x23=0x00000000
     137285.000 ns	     13727	80002db8	0316f1b3	remu	x3,x13,x17	 x13:0x00000000 x17:0x00100000  x3=0x00000000
     137315.000 ns	     13730	80002dbc	03af13b3	mulh	x7,x30,x26	 x30:0x00000001 x26:0x00000000  x7=0x00000000
     137335.000 ns	     13732	80002dc0	01deb8b3	sltu	x17,x29,x29	 x29:0x00000000 x29:0x00000000 x17=0x00000000
     138505.000 ns	     13849	80002dc4	580c8f53	fsqrt.s	f30,f25	 f25:0x3f800000 f30=0x3f7fffae
     138525.000 ns	     13851	80002dc8	b9b3deb7	lui	x29,0xb9b3d	 x29=0xb9b3d000
     138535.000 ns	     13852	80002dcc	007a48b3	xor	x17,x20,x7	 x20:0x00000000  x7:0x00000000 x17=0x00000000
     138565.000 ns	     13855	80002dd0	11b2add3	fmul.s	f27,f5,f27	  f5:0x00000000 f27:0x00000000 f27=0x00000000
     138595.000 ns	     13858	80002dd4	c01bbad3	fcvt.wu.s	x21,f23	 f23:0x57147fb3 x21=0xffffffff
     138625.000 ns	     13861	80002dd8	a1d02653	feq.s	x12,f0,f29	  f0:0x427c0000 f29:0x7fc00000 x12=0x00000000
     138665.000 ns	     13865	80002ddc	11f98253	fmul.s	f4,f19,f31	 f19:0x70000000 f31:0x00000000  f4=0x00000000
     138685.000 ns	     13867	80002de0	0082d793	srli	x15,x5,0x8	  x5:0x80041024 x15=0x00800410
     138705.000 ns	     13869	80002de4	d018f653	fcvt.s.wu	f12,x17	 x17:0x00000000 f12=0x00000000
     138725.000 ns	     13871	80002de8	403b51b3	sra	x3,x22,x3	 x22:0x00000000  x3:0x00000000  x3=0x00000000
     138745.000 ns	     13873	80002dec	c01f87d3	fcvt.wu.s	x15,f31	 f31:0x00000000 x15=0x00000000
     138775.000 ns	     13876	80002df0	209bac53	fsgnjx.s	f24,f23,f9	 f23:0x57147fb3  f9:0x3f800000 f24=0x57147fb3
     138805.000 ns	     13879	80002df4	02152bb3	mulhsu	x23,x10,x1	 x10:0xf75ca184  x1:0x00000000 x23=0x00000000
     138835.000 ns	     13882	80002df8	20901e53	fsgnjn.s	f28,f0,f9	  f0:0x427c0000  f9:0x3f800000 f28=0xc27c0000
     138855.000 ns	     13884	80002dfc	01ae1093	slli	x1,x28,0x1a	 x28:0x00000000  x1=0x00000000
     138865.000 ns	     13885	80002e00	003e9eb3	sll	x29,x29,x3	 x29:0xb9b3d000  x3:0x00000000 x29=0xb9b3d000
     138885.000 ns	     13887	80002e04	02f00433	mul	x8,x0,x15	  x0:0x00000000 x15:0x00000000  x8=0x00000000
     138905.000 ns	     13889	80002e08	9d7d3d13	sltiu	x26,x26,-1577	 x26:0x00000000 x26=0x00000001
     138925.000 ns	     13891	80002e0c	03047233	remu	x4,x8,x16	  x8:0x00000000 x16:0x00000000  x4=0x00000000
     138955.000 ns	     13894	80002e10	02db6133	rem	x2,x22,x13	 x22:0x00000000 x13:0x00000000  x2=0x00000000
     138985.000 ns	     13897	80002e14	281906d3	fmin.s	f13,f18,f1	 f18:0x00000000  f1:0xde41fffb f13=0xde41fffb
     139005.000 ns	     13899	80002e18	f3250613	addi	x12,x10,-206	 x10:0xf75ca184 x12=0xf75ca0b6
     139025.000 ns	     13901	80002e1c	033be833	rem	x16,x23,x19	 x23:0x00000000 x19:0x00000000 x16=0x00000000
     139055.000 ns	     13904	80002e20	21d19dd3	fsgnjn.s	f27,f3,f29	  f3:0x00000001 f29:0x7fc00000 f27=0x80000001
     139425.000 ns	     13941	80002e24	02c35233	divu	x4,x6,x12	  x6:0xfb22ad88 x12:0xf75ca0b6  x4=0x00000001
     139445.000 ns	     13943	80002e28	02127637	lui	x12,0x2127	 x12=0x02127000
     139455.000 ns	     13944	80002e2c	01226633	or	x12,x4,x18	  x4:0x00000001 x18:0x00000001 x12=0x00000001
     139815.000 ns	     13980	80002e30	026b53b3	divu	x7,x22,x6	 x22:0x00000000  x6:0xfb22ad88  x7=0x00000000
     139835.000 ns	     13982	80002e34	0088bfb3	sltu	x31,x17,x8	 x17:0x00000000  x8:0x00000000 x31=0x00000000
     139845.000 ns	     13983	80002e38	89cd6a13	ori	x20,x26,-1892	 x26:0x00000001 x20=0xfffff89d
     139865.000 ns	     13985	80002e3c	283e9753	fmax.s	f14,f29,f3	 f29:0x7fc00000  f3:0x00000001 f14=0x00000001
     139885.000 ns	     13987	80002e40	00219893	slli	x17,x3,0x2	  x3:0x00000000 x17=0x00000000
     139895.000 ns	     13988	80002e44	ef17b7b7	lui	x15,0xef17b	 x15=0xef17b000
     139915.000 ns	     13990	80002e48	a1691a53	flt.s	x20,f18,f22	 f18:0x00000000 f22:0xf75ca184 x20=0x00000000
     139935.000 ns	     13992	80002e4c	01ecdf93	srli	x31,x25,0x1e	 x25:0x00000000 x31=0x00000000
     139945.000 ns	     13993	80002e50	41e9df93	srai	x31,x19,0x1e	 x19:0x00000000 x31=0x00000000
     139955.000 ns	     13994	80002e54	743d3213	sltiu	x4,x26,1859	 x26:0x00000001  x4=0x00000001
     139965.000 ns	     13995	80002e58	b946a993	slti	x19,x13,-1132	 x13:0x00000000 x19=0x00000000
     139985.000 ns	     13997	80002e5c	21f81853	fsgnjn.s	f16,f16,f31	 f16:0xff800000 f31:0x00000000 f16=0xff800000
     140015.000 ns	     14000	80002e60	a1989053	flt.s	x0,f17,f25	 f17:0x7fc00000 f25:0x3f800000
     140035.000 ns	     14002	80002e64	e3d42413	slti	x8,x8,-451	  x8:0x00000000  x8=0x00000000
     140045.000 ns	     14003	80002e68	00ca79b3	and	x19,x20,x12	 x20:0x00000000 x12:0x00000001 x19=0x00000000
     140065.000 ns	     14005	80002e6c	a08a9d53	flt.s	x26,f21,f8	 f21:0x00000000  f8:0x40b2308a x26=0x00000001
     140085.000 ns	     14007	80002e70	41d4d3b3	sra	x7,x9,x29	  x9:0x80041211 x29:0xb9b3d000  x7=0x80041211
     140095.000 ns	     14008	80002e74	00000013	addi	x0,x0,0	  x0:0x00000000
     140105.000 ns	     14009	80002e78	41a50833	sub	x16,x10,x26	 x10:0xf75ca184 x26:0x00000001 x16=0xf75ca183
     140145.000 ns	     14013	80002e7c	010718d3	fadd.s	f17,f14,f16	 f14:0x00000001 f16:0xff800000 f17=0xff800000
     140175.000 ns	     14016	80002e80	f0038c53	fmv.w.x	f24,x7	  x7:0x80041211 f24=0x80041211
     140205.000 ns	     14019	80002e84	d0100953	fcvt.s.wu	f18,x0	  x0:0x00000000 f18=0x00000000
     140225.000 ns	     14021	80002e88	00e65733	srl	x14,x12,x14	 x12:0x00000001 x14:0x30800045 x14=0x00000000
     140235.000 ns	     14022	80002e8c	626f0a13	addi	x20,x30,1574	 x30:0x00000001 x20=0x00000627
     140245.000 ns	     14023	80002e90	32b9c693	xori	x13,x19,811	 x19:0x00000000 x13=0x0000032b
     140265.000 ns	     14025	80002e94	022744b3	div	x9,x14,x2	 x14:0x00000000  x2:0x00000000  x9=0xffffffff
     140315.000 ns	     14030	80002e98	01ad73d3	fadd.s	f7,f26,f26	 f26:0x80000000 f26:0x80000000  f7=0x80000000
     140345.000 ns	     14033	80002e9c	02194633	div	x12,x18,x1	 x18:0x00000001  x1:0x00000000 x12=0xffffffff
     140365.000 ns	     14035	80002ea0	046ef637	lui	x12,0x46ef	 x12=0x046ef000
     140375.000 ns	     14036	80002ea4	00d0d893	srli	x17,x1,0xd	  x1:0x00000000 x17=0x00000000
     140395.000 ns	     14038	80002ea8	20648dd3	fsgnj.s	f27,f9,f6	  f9:0x3f800000  f6:0x7fc00000 f27=0x3f800000
     140415.000 ns	     14040	80002eac	005453b3	srl	x7,x8,x5	  x8:0x00000000  x5:0x80041024  x7=0x00000000
     140435.000 ns	     14042	80002eb0	a0691f53	flt.s	x30,f18,f6	 f18:0x00000000  f6:0x7fc00000 x30=0x00000000
     140485.000 ns	     14047	80002eb4	09157b53	fsub.s	f22,f10,f17	 f10:0x4f800000 f17:0xff800000 f22=0x7f800000
     140505.000 ns	     14049	80002eb8	00671233	sll	x4,x14,x6	 x14:0x00000000  x6:0xfb22ad88  x4=0x00000000
     140525.000 ns	     14051	80002ebc	038fdf33	divu	x30,x31,x24	 x31:0x00000000 x24:0x00000000 x30=0xffffffff
     140555.000 ns	     14054	80002ec0	28c29853	fmax.s	f16,f5,f12	  f5:0x00000000 f12:0x00000000 f16=0x00000000
     140575.000 ns	     14056	80002ec4	48b65cb7	lui	x25,0x48b65	 x25=0x48b65000
     140935.000 ns	     14092	80002ec8	03055eb3	divu	x29,x10,x16	 x10:0xf75ca184 x16:0xf75ca183 x29=0x00000001
     140955.000 ns	     14094	80002ecc	001af8b3	and	x17,x21,x1	 x21:0xffffffff  x1:0x00000000 x17=0x00000000
     140975.000 ns	     14096	80002ed0	031279b3	remu	x19,x4,x17	  x4:0x00000000 x17:0x00000000 x19=0x00000000
     140995.000 ns	     14098	80002ed4	e2e3fd13	andi	x26,x7,-466	  x7:0x00000000 x26=0x00000000
     141005.000 ns	     14099	80002ed8	0126a9b3	slt	x19,x13,x18	 x13:0x0000032b x18:0x00000001 x19=0x00000000
     141035.000 ns	     14102	80002edc	18b97c53	fdiv.s	f24,f18,f11	 f18:0x00000000 f11:0x00000000 f24=0x7fc00000
     141065.000 ns	     14105	80002ee0	a1c92453	feq.s	x8,f18,f28	 f18:0x00000000 f28:0xc27c0000  x8=0x00000000
     141085.000 ns	     14107	80002ee4	00fd1b13	slli	x22,x26,0xf	 x26:0x00000000 x22=0x00000000
     141095.000 ns	     14108	80002ee8	0126d0b3	srl	x1,x13,x18	 x13:0x0000032b x18:0x00000001  x1=0x00000195
     141105.000 ns	     14109	80002eec	00565c93	srli	x25,x12,0x5	 x12:0x046ef000 x25=0x00237780
     141115.000 ns	     14110	80002ef0	00000013	addi	x0,x0,0	  x0:0x00000000
     141125.000 ns	     14111	80002ef4	00946333	or	x6,x8,x9	  x8:0x00000000  x9:0xffffffff  x6=0xffffffff
     141455.000 ns	     14144	80002ef8	19308753	fdiv.s	f14,f1,f19	  f1:0xde41fffb f19:0x70000000 f14=0xad41fffc
     141485.000 ns	     14147	80002efc	212b1c53	fsgnjn.s	f24,f22,f18	 f22:0x7f800000 f18:0x00000000 f24=0xff800000
     141515.000 ns	     14150	80002f00	027a8433	mul	x8,x21,x7	 x21:0xffffffff  x7:0x00000000  x8=0x00000000
     141535.000 ns	     14152	80002f04	00b2b033	sltu	x0,x5,x11	  x5:0x80041024 x11:0x00000000
     141555.000 ns	     14154	80002f08	c013bfd3	fcvt.wu.s	x31,f7	  f7:0x80000000 x31=0x00000000
     141585.000 ns	     14157	80002f0c	0371f133	remu	x2,x3,x23	  x3:0x00000000 x23:0x00000000  x2=0x00000000
     141605.000 ns	     14159	80002f10	0161c4b3	xor	x9,x3,x22	  x3:0x00000000 x22:0x00000000  x9=0x00000000
     141625.000 ns	     14161	80002f14	e00706d3	fmv.x.w	x13,f14	 f14:0xad41fffc x13=0xad41fffc
     141645.000 ns	     14163	80002f18	00000013	addi	x0,x0,0	  x0:0x00000000
     142005.000 ns	     14199	80002f1c	02d66f33	rem	x30,x12,x13	 x12:0x046ef000 x13:0xad41fffc x30=0x046ef000
     142035.000 ns	     14202	80002f20	a118a753	feq.s	x14,f17,f17	 f17:0xff800000 f17:0xff800000 x14=0x00000001
     142055.000 ns	     14204	80002f24	e35a0093	addi	x1,x20,-459	 x20:0x00000627  x1=0x0000045c
     142075.000 ns	     14206	80002f28	022f13b3	mulh	x7,x30,x2	 x30:0x046ef000  x2:0x00000000  x7=0x00000000
     142095.000 ns	     14208	80002f2c	001cdf33	srl	x30,x25,x1	 x25:0x00237780  x1:0x00000195 x30=0x00000000
     142115.000 ns	     14210	80002f30	022f5433	divu	x8,x30,x2	 x30:0x046ef000  x2:0x00000000  x8=0xffffffff
     142145.000 ns	     14213	80002f34	f0090a53	fmv.w.x	f20,x18	 x18:0x00000001 f20=0x00000001
     142175.000 ns	     14216	80002f38	21698c53	fsgnj.s	f24,f19,f22	 f19:0x70000000 f22:0x7f800000 f24=0x70000000
     142205.000 ns	     14219	80002f3c	e00e98d3	fclass.s	x17,f29	 f29:0x7fc00000 x17=0x00000200
     142235.000 ns	     14222	80002f40	d00e3c53	fcvt.s.w	f24,x28	 x28:0x00000000 f24=0x00000000
     142265.000 ns	     14225	80002f44	c00acf53	fcvt.w.s	x30,f21	 f21:0x00000000 x30=0x00000000
     142285.000 ns	     14227	80002f48	008224b3	slt	x9,x4,x8	  x4:0x00000000  x8:0xffffffff  x9=0x00000000
     142325.000 ns	     14231	80002f4c	0904ba53	fsub.s	f20,f9,f16	  f9:0x3f800000 f16:0x00000000 f20=0x3f800000
     142345.000 ns	     14233	80002f50	e309bc93	sltiu	x25,x19,-464	 x19:0x00000000 x25=0x00000001
     142365.000 ns	     14235	80002f54	21a50953	fsgnj.s	f18,f10,f26	 f10:0x4f800000 f26:0x80000000 f18=0xcf800000
     142395.000 ns	     14238	80002f58	e00d0953	fmv.x.w	x18,f26	 f26:0x80000000 x18=0x80000000
     142415.000 ns	     14240	80002f5c	016d3ab3	sltu	x21,x26,x22	 x26:0x00000000 x22:0x00000000 x21=0x00000000
     142435.000 ns	     14242	80002f60	c011a453	fcvt.wu.s	x8,f3	  f3:0x00000001  x8=0x00000000
     142465.000 ns	     14245	80002f64	29ae8953	fmin.s	f18,f29,f26	 f29:0x7fc00000 f26:0x80000000 f18=0x80000000
     142495.000 ns	     14248	80002f68	e00b93d3	fclass.s	x7,f23	 f23:0x57147fb3  x7=0x00000040
     142525.000 ns	     14251	80002f6c	a1eda653	feq.s	x12,f27,f30	 f27:0x3f800000 f30:0x3f7fffae x12=0x00000000
     142545.000 ns	     14253	80002f70	1585b213	sltiu	x4,x11,344	 x11:0x00000000  x4=0x00000001
     142565.000 ns	     14255	80002f74	036e6a33	rem	x20,x28,x22	 x28:0x00000000 x22:0x00000000 x20=0x00000000
     142585.000 ns	     14257	80002f78	01eaafb3	slt	x31,x21,x30	 x21:0x00000000 x30:0x00000000 x31=0x00000000
     142595.000 ns	     14258	80002f7c	00000013	addi	x0,x0,0	  x0:0x00000000
     142605.000 ns	     14259	80002f80	01c49f93	slli	x31,x9,0x1c	  x9:0x00000000 x31=0x00000000
     142625.000 ns	     14261	80002f84	f00805d3	fmv.w.x	f11,x16	 x16:0xf75ca183 f11=0xf75ca183
     142655.000 ns	     14264	80002f88	e00091d3	fclass.s	x3,f1	  f1:0xde41fffb  x3=0x00000002
     142675.000 ns	     14266	80002f8c	014f8633	add	x12,x31,x20	 x31:0x00000000 x20:0x00000000 x12=0x00000000
     143845.000 ns	     14383	80002f90	580f3353	fsqrt.s	f6,f30	 f30:0x3f7fffae  f6=0x3f35042a
     143875.000 ns	     14386	80002f94	028c77b3	remu	x15,x24,x8	 x24:0x00000000  x8:0x00000000 x15=0x00000000
     143905.000 ns	     14389	80002f98	0360d933	divu	x18,x1,x22	  x1:0x0000045c x22:0x00000000 x18=0xffffffff
     143935.000 ns	     14392	80002f9c	21020ed3	fsgnj.s	f29,f4,f16	  f4:0x00000000 f16:0x00000000 f29=0x00000000
     143955.000 ns	     14394	80002fa0	00000013	addi	x0,x0,0	  x0:0x00000000
     143965.000 ns	     14395	80002fa4	40d3df33	sra	x30,x7,x13	  x7:0x00000040 x13:0xad41fffc x30=0x00000000
     143985.000 ns	     14397	80002fa8	a1bca953	feq.s	x18,f25,f27	 f25:0x3f800000 f27:0x3f800000 x18=0x00000001
     144005.000 ns	     14399	80002fac	70856593	ori	x11,x10,1800	 x10:0xf75ca184 x11=0xf75ca78c
     144015.000 ns	     14400	80002fb0	01831b33	sll	x22,x6,x24	  x6:0xffffffff x24:0x00000000 x22=0xffffffff
     144025.000 ns	     14401	80002fb4	011787b3	add	x15,x15,x17	 x15:0x00000000 x17:0x00000200 x15=0x00000200
     144045.000 ns	     14403	80002fb8	d01814d3	fcvt.s.wu	f9,x16	 x16:0xf75ca183  f9=0x4f775ca1
     144095.000 ns	     14408	80002fbc	09867353	fsub.s	f6,f12,f24	 f12:0x00000000 f24:0x00000000  f6=0x80000000
     144135.000 ns	     14412	80002fc0	10533653	fmul.s	f12,f6,f5	  f6:0x3f35042a  f5:0x00000000 f12=0x80000000
     144155.000 ns	     14414	80002fc4	b4f5aa93	slti	x21,x11,-1201	 x11:0xf75ca78c x21=0x00000001
     144165.000 ns	     14415	80002fc8	0009df13	srli	x30,x19,0x0	 x19:0x00000000 x30=0x00000000
     144185.000 ns	     14417	80002fcc	29860b53	fmin.s	f22,f12,f24	 f12:0x80000000 f24:0x00000000 f22=0x80000000
     144215.000 ns	     14420	80002fd0	217994d3	fsgnjn.s	f9,f19,f23	 f19:0x70000000 f23:0x57147fb3  f9=0xf0000000
     144235.000 ns	     14422	80002fd4	79e86113	ori	x2,x16,1950	 x16:0xf75ca183  x2=0xf75ca79f
     144255.000 ns	     14424	80002fd8	e0088253	fmv.x.w	x4,f17	 f17:0xff800000  x4=0xff800000
     144625.000 ns	     14461	80002fdc	02eb74b3	remu	x9,x22,x14	 x22:0xffffffff x14:0x00000001  x9=0x00000000
     144655.000 ns	     14464	80002fe0	02123933	mulhu	x18,x4,x1	  x4:0xff800000  x1:0x0000045c x18=0x00000459
     144685.000 ns	     14467	80002fe4	2100aa53	fsgnjx.s	f20,f1,f16	  f1:0xde41fffb f16:0x00000000 f20=0xde41fffb
     144715.000 ns	     14470	80002fe8	029247b3	div	x15,x4,x9	  x4:0xff800000  x9:0x00000000 x15=0xffffffff
     144745.000 ns	     14473	80002fec	202a2ed3	fsgnjx.s	f29,f20,f2	 f20:0xde41fffb  f2:0x70000000 f29=0xde41fffb
     144775.000 ns	     14476	80002ff0	03f9e7b3	rem	x15,x19,x31	 x19:0x00000000 x31:0x00000000 x15=0x00000000
     144795.000 ns	     14478	80002ff4	4f900893	addi	x17,x0,1273	  x0:0x00000000 x17=0x000004f9
     144815.000 ns	     14480	80002ff8	206ea253	fsgnjx.s	f4,f29,f6	 f29:0xde41fffb  f6:0x80000000  f4=0x5e41fffb
     144845.000 ns	     14483	80002ffc	20fa9d53	fsgnjn.s	f26,f21,f15	 f21:0x00000000 f15:0x80000000 f26=0x00000000
     144865.000 ns	     14485	80003000	406b0a33	sub	x20,x22,x6	 x22:0xffffffff  x6:0xffffffff x20=0x00000000
     144885.000 ns	     14487	80003004	037ad933	divu	x18,x21,x23	 x21:0x00000001 x23:0x00000000 x18=0xffffffff
     144915.000 ns	     14490	80003008	a13b07d3	fle.s	x15,f22,f19	 f22:0x80000000 f19:0x70000000 x15=0x00000001
     144935.000 ns	     14492	8000300c	01395633	srl	x12,x18,x19	 x18:0xffffffff x19:0x00000000 x12=0xffffffff
     144955.000 ns	     14494	80003010	217c07d3	fsgnj.s	f15,f24,f23	 f24:0x00000000 f23:0x57147fb3 f15=0x00000000
     144975.000 ns	     14496	80003014	003acfb3	xor	x31,x21,x3	 x21:0x00000001  x3:0x00000002 x31=0x00000003
     145015.000 ns	     14500	80003018	09c17d53	fsub.s	f26,f2,f28	  f2:0x70000000 f28:0xc27c0000 f26=0x70000000
     145045.000 ns	     14503	8000301c	2160a0d3	fsgnjx.s	f1,f1,f22	  f1:0xde41fffb f22:0x80000000  f1=0x5e41fffb
     145075.000 ns	     14506	80003020	026d03b3	mul	x7,x26,x6	 x26:0x00000000  x6:0xffffffff  x7=0x00000000
     145095.000 ns	     14508	80003024	41ee5bb3	sra	x23,x28,x30	 x28:0x00000000 x30:0x00000000 x23=0x00000000
     145115.000 ns	     14510	80003028	02b4bf33	mulhu	x30,x9,x11	  x9:0x00000000 x11:0xf75ca78c x30=0x00000000
     145155.000 ns	     14514	8000302c	11d90b53	fmul.s	f22,f18,f29	 f18:0x80000000 f29:0xde41fffb f22=0x00000000
     145175.000 ns	     14516	80003030	2a38eb13	ori	x22,x17,675	 x17:0x000004f9 x22=0x000006fb
     145205.000 ns	     14519	80003034	18f2c453	fdiv.s	f8,f5,f15	  f5:0x00000000 f15:0x00000000  f8=0x7fc00000
     145575.000 ns	     14556	80003038	02474c33	div	x24,x14,x4	 x14:0x00000001  x4:0xff800000 x24=0x00000000
     145595.000 ns	     14558	8000303c	01d71d33	sll	x26,x14,x29	 x14:0x00000001 x29:0x00000001 x26=0x00000002
     145615.000 ns	     14560	80003040	034a8033	mul	x0,x21,x20	 x21:0x00000001 x20:0x00000000
     145645.000 ns	     14563	80003044	21a6a153	fsgnjx.s	f2,f13,f26	 f13:0xde41fffb f26:0x70000000  f2=0xde41fffb
     146015.000 ns	     14600	80003048	03d3d4b3	divu	x9,x7,x29	  x7:0x00000000 x29:0x00000001  x9=0x00000000
     146035.000 ns	     14602	8000304c	e837e913	ori	x18,x15,-381	 x15:0x00000001 x18=0xfffffe83
     146045.000 ns	     14603	80003050	014225b3	slt	x11,x4,x20	  x4:0xff800000 x20:0x00000000 x11=0x00000001
     146055.000 ns	     14604	80003054	01861733	sll	x14,x12,x24	 x12:0xffffffff x24:0x00000000 x14=0xffffffff
     146065.000 ns	     14605	80003058	01886ab3	or	x21,x16,x24	 x16:0xf75ca183 x24:0x00000000 x21=0xf75ca183
     146075.000 ns	     14606	8000305c	41b68eb3	sub	x29,x13,x27	 x13:0xad41fffc x27:0x80040fe4 x29=0x2d3df018
     146115.000 ns	     14610	80003060	01047053	fadd.s	f0,f8,f16	  f8:0x7fc00000 f16:0x00000000  f0=0x7fc00000
     146165.000 ns	     14615	80003064	00c84853	fadd.s	f16,f16,f12	 f16:0x00000000 f12:0x80000000 f16=0x80000000
     146185.000 ns	     14617	80003068	912a7813	andi	x16,x20,-1774	 x20:0x00000000 x16=0x00000000
     146215.000 ns	     14620	8000306c	5804f5d3	fsqrt.s	f11,f9	  f9:0xf0000000 f11=0x7fc00000
     146265.000 ns	     14625	80003070	01a8ced3	fadd.s	f29,f17,f26	 f17:0xff800000 f26:0x70000000 f29=0xff800000
     146295.000 ns	     14628	80003074	a13111d3	flt.s	x3,f2,f19	  f2:0xde41fffb f19:0x70000000  x3=0x00000001
     146315.000 ns	     14630	80003078	00000013	addi	x0,x0,0	  x0:0x00000000
     146335.000 ns	     14632	8000307c	02c688b3	mul	x17,x13,x12	 x13:0xad41fffc x12:0xffffffff x17=0x52be0004
     146365.000 ns	     14635	80003080	03d427b3	mulhsu	x15,x8,x29	  x8:0x00000000 x29:0x2d3df018 x15=0x00000000
     146385.000 ns	     14637	80003084	00fb7633	and	x12,x22,x15	 x22:0x000006fb x15:0x00000001 x12=0x00000000
     146405.000 ns	     14639	80003088	a1a894d3	flt.s	x9,f17,f26	 f17:0xff800000 f26:0x70000000  x9=0x00000001
     146435.000 ns	     14642	8000308c	c0157253	fcvt.wu.s	x4,f10	 f10:0x4f800000  x4=0x00000000
     146465.000 ns	     14645	80003090	a1600253	fle.s	x4,f0,f22	  f0:0x7fc00000 f22:0x00000000  x4=0x00000000
     146485.000 ns	     14647	80003094	014b5893	srli	x17,x22,0x14	 x22:0x000006fb x17=0x00000000
     146505.000 ns	     14649	80003098	20a61453	fsgnjn.s	f8,f12,f10	 f12:0x80000000 f10:0x4f800000  f8=0x80000000
     146535.000 ns	     14652	8000309c	290d93d3	fmax.s	f7,f27,f16	 f27:0x3f800000 f16:0x80000000  f7=0x3f800000
     146555.000 ns	     14654	800030a0	4161d893	srai	x17,x3,0x16	  x3:0x00000001 x17=0x00000000
     146575.000 ns	     14656	800030a4	29f716d3	fmax.s	f13,f14,f31	 f14:0xad41fffc f31:0x00000000 f13=0x00000000
     146595.000 ns	     14658	800030a8	41a6d5b3	sra	x11,x13,x26	 x13:0xad41fffc x26:0x00000002 x11=0xeb507fff
     146605.000 ns	     14659	800030ac	00000013	addi	x0,x0,0	  x0:0x00000000
     146615.000 ns	     14660	800030b0	fe428c13	addi	x24,x5,-28	  x5:0x80041024 x24=0x80041008
     146635.000 ns	     14662	800030b4	02f0f4b3	remu	x9,x1,x15	  x1:0x0000045c x15:0x00000000  x9=0x0000045c
     146655.000 ns	     14664	800030b8	0e24fe13	andi	x28,x9,226	  x9:0x00000001 x28=0x00000040
     146675.000 ns	     14666	800030bc	a0cda0d3	feq.s	x1,f27,f12	 f27:0x3f800000 f12:0x80000000  x1=0x00000000
     146695.000 ns	     14668	800030c0	0134d933	srl	x18,x9,x19	  x9:0x0000045c x19:0x00000000 x18=0x0000045c
     146705.000 ns	     14669	800030c4	0018b8b3	sltu	x17,x17,x1	 x17:0x00000000  x1:0x00000000 x17=0x00000000
     146745.000 ns	     14673	800030c8	09db43d3	fsub.s	f7,f22,f29	 f22:0x00000000 f29:0xff800000  f7=0x7f800000
     146765.000 ns	     14675	800030cc	00d61693	slli	x13,x12,0xd	 x12:0x00000000 x13=0x00000000
     146775.000 ns	     14676	800030d0	6690fe37	lui	x28,0x6690f	 x28=0x6690f000
     146795.000 ns	     14678	800030d4	20b0a953	fsgnjx.s	f18,f1,f11	  f1:0x5e41fffb f11:0x7fc00000 f18=0x5e41fffb
     146825.000 ns	     14681	800030d8	203a9953	fsgnjn.s	f18,f21,f3	 f21:0x00000000  f3:0x00000001 f18=0x80000000
     147195.000 ns	     14718	800030dc	02e8c733	div	x14,x17,x14	 x17:0x00000000 x14:0xffffffff x14=0x00000000
     147225.000 ns	     14721	800030e0	f00108d3	fmv.w.x	f17,x2	  x2:0xf75ca79f f17=0xf75ca79f
     147245.000 ns	     14723	800030e4	013e6a33	or	x20,x28,x19	 x28:0x6690f000 x19:0x00000000 x20=0x6690f000
     147255.000 ns	     14724	800030e8	00a4ffb3	and	x31,x9,x10	  x9:0x0000045c x10:0xf75ca184 x31=0x00000004
     147265.000 ns	     14725	800030ec	1fc3dc17	auipc	x24,0x1fc3d	 x24=0x9fc400ec
     147295.000 ns	     14728	800030f0	11347953	fmul.s	f18,f8,f19	  f8:0x80000000 f19:0x70000000 f18=0x80000000
     147315.000 ns	     14730	800030f4	40c056b3	sra	x13,x0,x12	  x0:0x00000000 x12:0x00000000 x13=0x00000000
     147325.000 ns	     14731	800030f8	01e71133	sll	x2,x14,x30	 x14:0x00000000 x30:0x00000000  x2=0x00000000
     147335.000 ns	     14732	800030fc	ac70c197	auipc	x3,0xac70c	  x3=0x2c70f0fc
     147345.000 ns	     14733	80003100	004294b3	sll	x9,x5,x4	  x5:0x80041024  x4:0x00000000  x9=0x80041024
     147365.000 ns	     14735	80003104	020780b3	mul	x1,x15,x0	 x15:0x00000000  x0:0x00000000  x1=0x00000000
     147395.000 ns	     14738	80003108	c012fbd3	fcvt.wu.s	x23,f5	  f5:0x00000000 x23=0x00000000
     147425.000 ns	     14741	8000310c	d0057cd3	fcvt.s.w	f25,x10	 x10:0xf75ca184 f25=0xcd0a35e7
     147465.000 ns	     14745	80003110	10943853	fmul.s	f16,f8,f9	  f8:0x80000000  f9:0xf0000000 f16=0x00000000
     147485.000 ns	     14747	80003114	40988833	sub	x16,x17,x9	 x17:0x00000000  x9:0x80041024 x16=0x7ffbefdc
     147505.000 ns	     14749	80003118	a14e0053	fle.s	x0,f28,f20	 f28:0xc27c0000 f20:0xde41fffb
     147525.000 ns	     14751	8000311c	00000013	addi	x0,x0,0	  x0:0x00000000
     147535.000 ns	     14752	80003120	0176d933	srl	x18,x13,x23	 x13:0x00000000 x23:0x00000000 x18=0x00000000
     147555.000 ns	     14754	80003124	03c20fb3	mul	x31,x4,x28	  x4:0x00000000 x28:0x6690f000 x31=0x00000000
     147575.000 ns	     14756	80003128	223de113	ori	x2,x27,547	 x27:0x80040fe4  x2=0x80040fe7
     147585.000 ns	     14757	8000312c	418bdf93	srai	x31,x23,0x18	 x23:0x00000000 x31=0x00000000
     147605.000 ns	     14759	80003130	0231bf33	mulhu	x30,x3,x3	  x3:0x2c70f0fc  x3:0x2c70f0fc x30=0x07b704aa
     147635.000 ns	     14762	80003134	039bae33	mulhsu	x28,x23,x25	 x23:0x00000000 x25:0x00000001 x28=0x00000000
     147665.000 ns	     14765	80003138	28aa9d53	fmax.s	f26,f21,f10	 f21:0x00000000 f10:0x4f800000 f26=0x4f800000
     147685.000 ns	     14767	8000313c	41d457b3	sra	x15,x8,x29	  x8:0x00000000 x29:0x2d3df018 x15=0x00000000
     147695.000 ns	     14768	80003140	937e6317	auipc	x6,0x937e6	  x6=0x137e9140
     147705.000 ns	     14769	80003144	01f79813	slli	x16,x15,0x1f	 x15:0x00000000 x16=0x00000000
     147715.000 ns	     14770	80003148	01173433	sltu	x8,x14,x17	 x14:0x00000000 x17:0x00000000  x8=0x00000000
     147735.000 ns	     14772	8000314c	e00681d3	fmv.x.w	x3,f13	 f13:0x00000000  x3=0x00000000
     147775.000 ns	     14776	80003150	580434d3	fsqrt.s	f9,f8	  f8:0x80000000  f9=0x80000000
     147795.000 ns	     14778	80003154	e3f83e13	sltiu	x28,x16,-449	 x16:0x00000000 x28=0x00000001
     147805.000 ns	     14779	80003158	4140d093	srai	x1,x1,0x14	  x1:0x00000000  x1=0x00000000
     147825.000 ns	     14781	8000315c	e00905d3	fmv.x.w	x11,f18	 f18:0x80000000 x11=0x80000000
     147855.000 ns	     14784	80003160	02cf7fb3	remu	x31,x30,x12	 x30:0x07b704aa x12:0x00000000 x31=0x07b704aa
     147885.000 ns	     14787	80003164	c014f953	fcvt.wu.s	x18,f9	  f9:0x80000000 x18=0x00000000
     147905.000 ns	     14789	80003168	015a5593	srli	x11,x20,0x15	 x20:0x6690f000 x11=0x00000334
     147915.000 ns	     14790	8000316c	00edd993	srli	x19,x27,0xe	 x27:0x80040fe4 x19=0x00020010
     147935.000 ns	     14792	80003170	a1199653	flt.s	x12,f19,f17	 f19:0x70000000 f17:0xf75ca79f x12=0x00000000
     147955.000 ns	     14794	80003174	00227fb3	and	x31,x4,x2	  x4:0x00000000  x2:0x80040fe7 x31=0x00000000
     147965.000 ns	     14795	80003178	01695833	srl	x16,x18,x22	 x18:0x00000000 x22:0x000006fb x16=0x00000000
     147985.000 ns	     14797	8000317c	02c291b3	mulh	x3,x5,x12	  x5:0x80041024 x12:0x00000000  x3=0x00000000
     148005.000 ns	     14799	80003180	ec518e97	auipc	x29,0xec518	 x29=0x6c51b180
     148025.000 ns	     14801	80003184	a13591d3	flt.s	x3,f11,f19	 f11:0x7fc00000 f19:0x70000000  x3=0x00000000
     148055.000 ns	     14804	80003188	028da733	mulhsu	x14,x27,x8	 x27:0x80040fe4  x8:0x00000000 x14=0x00000000
     148075.000 ns	     14806	8000318c	010d8f33	add	x30,x27,x16	 x27:0x80040fe4 x16:0x00000000 x30=0x80040fe4
     148095.000 ns	     14808	80003190	20272e53	fsgnjx.s	f28,f14,f2	 f14:0xad41fffc  f2:0xde41fffb f28=0x2d41fffc
     148115.000 ns	     14810	80003194	fd716693	ori	x13,x2,-41	  x2:0x80040fe7 x13=0xfffffff7
     148125.000 ns	     14811	80003198	401bdf33	sra	x30,x23,x1	 x23:0x00000000  x1:0x00000000 x30=0x00000000
     148135.000 ns	     14812	8000319c	006f9d13	slli	x26,x31,0x6	 x31:0x00000000 x26=0x00000000
     148145.000 ns	     14813	800031a0	8a399097	auipc	x1,0x8a399	  x1=0x0a39c1a0
     148155.000 ns	     14814	800031a4	003936b3	sltu	x13,x18,x3	 x18:0x00000000  x3:0x00000000 x13=0x00000000
     148175.000 ns	     14816	800031a8	c005f0d3	fcvt.w.s	x1,f11	 f11:0x7fc00000  x1=0x7fffffff
     148195.000 ns	     14818	800031ac	40a58133	sub	x2,x11,x10	 x11:0x00000334 x10:0xf75ca184  x2=0x08a361b0
     148215.000 ns	     14820	800031b0	03a40333	mul	x6,x8,x26	  x8:0x00000000 x26:0x00000000  x6=0x00000000
     148245.000 ns	     14823	800031b4	036e8cb3	mul	x25,x29,x22	 x29:0x6c51b180 x22:0x000006fb x25=0x1e420880
     148265.000 ns	     14825	800031b8	9d03e193	ori	x3,x7,-1584	  x7:0x00000000  x3=0xfffff9d0
     148275.000 ns	     14826	800031bc	2c37c613	xori	x12,x15,707	 x15:0x00000000 x12=0x000002c3
     148295.000 ns	     14828	800031c0	21dc9dd3	fsgnjn.s	f27,f25,f29	 f25:0xcd0a35e7 f29:0xff800000 f27=0x4d0a35e7
     148325.000 ns	     14831	800031c4	a0bb1b53	flt.s	x22,f22,f11	 f22:0x00000000 f11:0x7fc00000 x22=0x00000000
     148345.000 ns	     14833	800031c8	38f0fc93	andi	x25,x1,911	  x1:0x7fffffff x25=0x0000038f
     148355.000 ns	     14834	800031cc	d0cd6d13	ori	x26,x26,-756	 x26:0x00000000 x26=0xfffffd0c
     148365.000 ns	     14835	800031d0	01c04b33	xor	x22,x0,x28	  x0:0x00000000 x28:0x00000001 x22=0x00000001
     148375.000 ns	     14836	800031d4	00ee9993	slli	x19,x29,0xe	 x29:0x6c51b180 x19=0x6c600000
     148385.000 ns	     14837	800031d8	41185613	srai	x12,x16,0x11	 x16:0x00000000 x12=0x00000000
     148405.000 ns	     14839	800031dc	d0037c53	fcvt.s.w	f24,x6	  x6:0x00000000 f24=0x00000000
     148425.000 ns	     14841	800031e0	40975713	srai	x14,x14,0x9	 x14:0x00000000 x14=0x00000000
     148445.000 ns	     14843	800031e4	c0088fd3	fcvt.w.s	x31,f17	 f17:0xf75ca79f x31=0x80000000
     148465.000 ns	     14845	800031e8	00adc733	xor	x14,x27,x10	 x27:0x80040fe4 x10:0xf75ca184 x14=0x7758ae60
     148475.000 ns	     14846	800031ec	00e65793	srli	x15,x12,0xe	 x12:0x00000000 x15=0x00000000
     148485.000 ns	     14847	800031f0	01ec8633	add	x12,x25,x30	 x25:0x0000038f x30:0x00000000 x12=0x0000038f
     148505.000 ns	     14849	800031f4	a11e8653	fle.s	x12,f29,f17	 f29:0xff800000 f17:0xf75ca79f x12=0x00000001
     148525.000 ns	     14851	800031f8	c3c8ef93	ori	x31,x17,-964	 x17:0x00000000 x31=0xfffffc3c
     148545.000 ns	     14853	800031fc	03c98c33	mul	x24,x19,x28	 x19:0x6c600000 x28:0x00000001 x24=0x6c600000
     148575.000 ns	     14856	80003200	28f90253	fmin.s	f4,f18,f15	 f18:0x80000000 f15:0x00000000  f4=0x80000000
     148595.000 ns	     14858	80003204	9155ba17	auipc	x20,0x9155b	 x20=0x1155e204
     148605.000 ns	     14859	80003208	00000013	addi	x0,x0,0	  x0:0x00000000
     148625.000 ns	     14861	8000320c	0338a133	mulhsu	x2,x17,x19	 x17:0x00000000 x19:0x6c600000  x2=0x00000000
     148645.000 ns	     14863	80003210	00992eb3	slt	x29,x18,x9	 x18:0x00000000  x9:0x80041024 x29=0x00000000
     148665.000 ns	     14865	80003214	c00a79d3	fcvt.w.s	x19,f20	 f20:0xde41fffb x19=0x80000000
     148695.000 ns	     14868	80003218	d00c7753	fcvt.s.w	f14,x24	 x24:0x6c600000 f14=0x4ed8c000
     148715.000 ns	     14870	8000321c	d363e717	auipc	x14,0xd363e	 x14=0x5364121c
     148725.000 ns	     14871	80003220	003f3233	sltu	x4,x30,x3	 x30:0x00000000  x3:0xfffff9d0  x4=0x00000001
     148735.000 ns	     14872	80003224	394b1a17	auipc	x20,0x394b1	 x20=0xb94b4224
     148745.000 ns	     14873	80003228	2f296413	ori	x8,x18,754	 x18:0x00000000  x8=0x000002f2
     148755.000 ns	     14874	8000322c	009610b3	sll	x1,x12,x9	 x12:0x00000001  x9:0x80041024  x1=0x00000010
     148765.000 ns	     14875	80003230	00000013	addi	x0,x0,0	  x0:0x00000000
     148785.000 ns	     14877	80003234	02f57633	remu	x12,x10,x15	 x10:0xf75ca184 x15:0x00000000 x12=0xf75ca184
     148805.000 ns	     14879	80003238	727dcf13	xori	x30,x27,1831	 x27:0x80040fe4 x30=0x800408c3
     148825.000 ns	     14881	8000323c	28419953	fmax.s	f18,f3,f4	  f3:0x00000001  f4:0x80000000 f18=0x00000001
     148855.000 ns	     14884	80003240	e00f9d53	fclass.s	x26,f31	 f31:0x00000000 x26=0x00000010
     148885.000 ns	     14887	80003244	a1549d53	flt.s	x26,f9,f21	  f9:0x80000000 f21:0x00000000 x26=0x00000000
     148905.000 ns	     14889	80003248	00233e33	sltu	x28,x6,x2	  x6:0x00000000  x2:0x00000000 x28=0x00000000
     148915.000 ns	     14890	8000324c	414a0133	sub	x2,x20,x20	 x20:0xb94b4224 x20:0xb94b4224  x2=0x00000000
     148925.000 ns	     14891	80003250	01ba5893	srli	x17,x20,0x1b	 x20:0xb94b4224 x17=0x00000017
     148945.000 ns	     14893	80003254	0201b833	mulhu	x16,x3,x0	  x3:0xfffff9d0  x0:0x00000000 x16=0x00000000
     149315.000 ns	     14930	80003258	0242e133	rem	x2,x5,x4	  x5:0x80041024  x4:0x00000001  x2=0x00000000
     150495.000 ns	     15048	8000325c	580573d3	fsqrt.s	f7,f10	 f10:0x4f800000  f7=0x477fffae
     150515.000 ns	     15050	80003260	01b22c33	slt	x24,x4,x27	  x4:0x00000001 x27:0x80040fe4 x24=0x00000000
     150525.000 ns	     15051	80003264	00add0b3	srl	x1,x27,x10	 x27:0x80040fe4 x10:0xf75ca184  x1=0x080040fe
     150885.000 ns	     15087	80003268	0241e5b3	rem	x11,x3,x4	  x3:0xfffff9d0  x4:0x00000001 x11=0x00000000
     150915.000 ns	     15090	8000326c	288b0153	fmin.s	f2,f22,f8	 f22:0x00000000  f8:0x80000000  f2=0x80000000
     150945.000 ns	     15093	80003270	02500933	mul	x18,x0,x5	  x0:0x00000000  x5:0x80041024 x18=0x00000000
     150975.000 ns	     15096	80003274	e0090f53	fmv.x.w	x30,f18	 f18:0x00000001 x30=0x00000001
     150995.000 ns	     15098	80003278	00000013	addi	x0,x0,0	  x0:0x00000000
     151005.000 ns	     15099	8000327c	c5098613	addi	x12,x19,-944	 x19:0x80000000 x12=0x7ffffc50
     151025.000 ns	     15101	80003280	020cf233	remu	x4,x25,x0	 x25:0x0000038f  x0:0x00000000  x4=0x0000038f
     151055.000 ns	     15104	80003284	28511453	fmax.s	f8,f2,f5	  f2:0x80000000  f5:0x00000000  f8=0x00000000
     151085.000 ns	     15107	80003288	296686d3	fmin.s	f13,f13,f22	 f13:0x00000000 f22:0x00000000 f13=0x00000000
     151105.000 ns	     15109	8000328c	415f01b3	sub	x3,x30,x21	 x30:0x00000001 x21:0xf75ca183  x3=0x08a35e7e
     151125.000 ns	     15111	80003290	a0f9a4d3	feq.s	x9,f19,f15	 f19:0x70000000 f15:0x00000000  x9=0x00000000
     151175.000 ns	     15116	80003294	09bff953	fsub.s	f18,f31,f27	 f31:0x00000000 f27:0x4d0a35e7 f18=0xcd0a35e7
     151205.000 ns	     15119	80003298	e00f9ed3	fclass.s	x29,f31	 f31:0x00000000 x29=0x00000010
     151225.000 ns	     15121	8000329c	c7ecb493	sltiu	x9,x25,-898	 x25:0x0000038f  x9=0x00000001
     151235.000 ns	     15122	800032a0	ea720f93	addi	x31,x4,-345	  x4:0x0000038f x31=0x00000236
     151255.000 ns	     15124	800032a4	02e5a4b3	mulhsu	x9,x11,x14	 x11:0x00000000 x14:0x5364121c  x9=0x00000000
     151285.000 ns	     15127	800032a8	02372233	mulhsu	x4,x14,x3	 x14:0x5364121c  x3:0x08a35e7e  x4=0x02d05810
     151305.000 ns	     15129	800032ac	002325b3	slt	x11,x6,x2	  x6:0x00000000  x2:0x00000000 x11=0x00000000
     151325.000 ns	     15131	800032b0	02790f33	mul	x30,x18,x7	 x18:0x00000000  x7:0x00000000 x30=0x00000000
     151355.000 ns	     15134	800032b4	a11f8153	fle.s	x2,f31,f17	 f31:0x00000000 f17:0xf75ca79f  x2=0x00000000
     151385.000 ns	     15137	800032b8	219d08d3	fsgnj.s	f17,f26,f25	 f26:0x4f800000 f25:0xcd0a35e7 f17=0xcf800000
     151405.000 ns	     15139	800032bc	0150ffb3	and	x31,x1,x21	  x1:0x080040fe x21:0xf75ca183 x31=0x00000082
     152575.000 ns	     15256	800032c0	5803f353	fsqrt.s	f6,f7	  f7:0x477fffae  f6=0x4335042a
     152615.000 ns	     15260	800032c4	11a22953	fmul.s	f18,f4,f26	  f4:0x80000000 f26:0x4f800000 f18=0x80000000
     152645.000 ns	     15263	800032c8	02f87433	remu	x8,x16,x15	 x16:0x00000000 x15:0x00000000  x8=0x00000000
     152685.000 ns	     15267	800032cc	18a48953	fdiv.s	f18,f9,f10	  f9:0x80000000 f10:0x4f800000 f18=0x80000000
     152705.000 ns	     15269	800032d0	dcc1a893	slti	x17,x3,-564	  x3:0x08a35e7e x17=0x00000000
     152715.000 ns	     15270	800032d4	00194433	xor	x8,x18,x1	 x18:0x00000000  x1:0x080040fe  x8=0x080040fe
     152725.000 ns	     15271	800032d8	c6796013	ori	x0,x18,-921	 x18:0x00000000
     152735.000 ns	     15272	800032dc	d4f48693	addi	x13,x9,-689	  x9:0x00000000 x13=0xfffffd4f
     152755.000 ns	     15274	800032e0	f00c87d3	fmv.w.x	f15,x25	 x25:0x0000038f f15=0x0000038f
     152785.000 ns	     15277	800032e4	29be0fd3	fmin.s	f31,f28,f27	 f28:0x2d41fffc f27:0x4d0a35e7 f31=0x2d41fffc
     152805.000 ns	     15279	800032e8	1b8e28b7	lui	x17,0x1b8e2	 x17=0x1b8e2000
     152815.000 ns	     15280	800032ec	41a281b3	sub	x3,x5,x26	  x5:0x80041024 x26:0x00000000  x3=0x80041024
     152835.000 ns	     15282	800032f0	21b32e53	fsgnjx.s	f28,f6,f27	  f6:0x4335042a f27:0x4d0a35e7 f28=0x4335042a
     153205.000 ns	     15319	800032f4	02edd033	divu	x0,x27,x14	 x27:0x80040fe4 x14:0x5364121c
     153235.000 ns	     15322	800032f8	c0137e53	fcvt.wu.s	x28,f6	  f6:0x4335042a x28=0x000000b5
     153255.000 ns	     15324	800032fc	00294433	xor	x8,x18,x2	 x18:0x00000000  x2:0x00000000  x8=0x00000000
     153265.000 ns	     15325	80003300	00193f33	sltu	x30,x18,x1	 x18:0x00000000  x1:0x080040fe x30=0x00000001
     153295.000 ns	     15328	80003304	1880f6d3	fdiv.s	f13,f1,f8	  f1:0x5e41fffb  f8:0x00000000 f13=0x7f800000
     153325.000 ns	     15331	80003308	02c62933	mulhsu	x18,x12,x12	 x12:0x7ffffc50 x12:0x7ffffc50 x18=0x3ffffc50
     153355.000 ns	     15334	8000330c	f0050ad3	fmv.w.x	f21,x10	 x10:0xf75ca184 f21=0xf75ca184
     153385.000 ns	     15337	80003310	29fd9853	fmax.s	f16,f27,f31	 f27:0x4d0a35e7 f31:0x2d41fffc f16=0x4d0a35e7
     153405.000 ns	     15339	80003314	00000013	addi	x0,x0,0	  x0:0x00000000
     153425.000 ns	     15341	80003318	d01375d3	fcvt.s.wu	f11,x6	  x6:0x00000000 f11=0x00000000
     153445.000 ns	     15343	8000331c	01d21f33	sll	x30,x4,x29	  x4:0x02d05810 x29:0x00000010 x30=0x58100000
     153465.000 ns	     15345	80003320	a0702a53	feq.s	x20,f0,f7	  f0:0x7fc00000  f7:0x477fffae x20=0x00000000
     153485.000 ns	     15347	80003324	016e8933	add	x18,x29,x22	 x29:0x00000010 x22:0x00000001 x18=0x00000011
     153495.000 ns	     15348	80003328	01b36d33	or	x26,x6,x27	  x6:0x00000000 x27:0x80040fe4 x26=0x80040fe4
     153505.000 ns	     15349	8000332c	b3066e37	lui	x28,0xb3066	 x28=0xb3066000
     153515.000 ns	     15350	80003330	00000013	addi	x0,x0,0	  x0:0x00000000
     153535.000 ns	     15352	80003334	034c38b3	mulhu	x17,x24,x20	 x24:0x00000000 x20:0x00000000 x17=0x00000000
     153555.000 ns	     15354	80003338	488b8313	addi	x6,x23,1160	 x23:0x00000000  x6=0x00000488
     153565.000 ns	     15355	8000333c	602decb7	lui	x25,0x602de	 x25=0x602de000
     153575.000 ns	     15356	80003340	00db24b3	slt	x9,x22,x13	 x22:0x00000001 x13:0xfffffd4f  x9=0x00000000
     153585.000 ns	     15357	80003344	00fc2033	slt	x0,x24,x15	 x24:0x00000000 x15:0x00000000
     153945.000 ns	     15393	80003348	03274d33	div	x26,x14,x18	 x14:0x5364121c x18:0x00000011 x26=0x04e7c4d4
     153975.000 ns	     15396	8000334c	03e01e33	mulh	x28,x0,x30	  x0:0x00000000 x30:0x58100000 x28=0x00000000
     154005.000 ns	     15399	80003350	a08e9153	flt.s	x2,f29,f8	 f29:0xff800000  f8:0x00000000  x2=0x00000001
     154025.000 ns	     15401	80003354	57567613	andi	x12,x12,1397	 x12:0x7ffffc50 x12=0x00000450
     154035.000 ns	     15402	80003358	00000013	addi	x0,x0,0	  x0:0x00000000
     154045.000 ns	     15403	8000335c	404a5a33	sra	x20,x20,x4	 x20:0x00000000  x4:0x02d05810 x20=0x00000000
     154075.000 ns	     15406	80003360	580cf553	fsqrt.s	f10,f25	 f25:0xcd0a35e7 f10=0x7fc00000
     154095.000 ns	     15408	80003364	ef468e13	addi	x28,x13,-268	 x13:0xfffffd4f x28=0xfffffc43
     154115.000 ns	     15410	80003368	29ce1353	fmax.s	f6,f28,f28	 f28:0x4335042a f28:0x4335042a  f6=0x4335042a
     154135.000 ns	     15412	8000336c	01f41613	slli	x12,x8,0x1f	  x8:0x00000000 x12=0x00000000
     154165.000 ns	     15415	80003370	1117c3d3	fmul.s	f7,f15,f17	 f15:0x0000038f f17:0xcf800000  f7=0x89e3c001
     154185.000 ns	     15417	80003374	4b038a13	addi	x20,x7,1200	  x7:0x00000000 x20=0x000004b0
     154205.000 ns	     15419	80003378	a0172c53	feq.s	x24,f14,f1	 f14:0x4ed8c000  f1:0x5e41fffb x24=0x00000000
     154235.000 ns	     15422	8000337c	02ca1833	mulh	x16,x20,x12	 x20:0x00000000 x12:0x00000000 x16=0x00000000
     154255.000 ns	     15424	80003380	87c9a413	slti	x8,x19,-1924	 x19:0x80000000  x8=0x00000001
     154275.000 ns	     15426	80003384	a1de1853	flt.s	x16,f28,f29	 f28:0x4335042a f29:0xff800000 x16=0x00000000
     154305.000 ns	     15429	80003388	a0100753	fle.s	x14,f0,f1	  f0:0x7fc00000  f1:0x5e41fffb x14=0x00000000
     154325.000 ns	     15431	8000338c	01a11113	slli	x2,x2,0x1a	  x2:0x00000001  x2=0x04000000
     154365.000 ns	     15435	80003390	096bfa53	fsub.s	f20,f23,f22	 f23:0x57147fb3 f22:0x00000000 f20=0x57147fb3
     154385.000 ns	     15437	80003394	01a9d433	srl	x8,x19,x26	 x19:0x80000000 x26:0x04e7c4d4  x8=0x00000800
     154395.000 ns	     15438	80003398	410c5b13	srai	x22,x24,0x10	 x24:0x00000000 x22=0x00000000
     154415.000 ns	     15440	8000339c	a17f2e53	feq.s	x28,f30,f23	 f30:0x3f7fffae f23:0x57147fb3 x28=0x00000000
     154435.000 ns	     15442	800033a0	0092a833	slt	x16,x5,x9	  x5:0x80041024  x9:0x00000000 x16=0x00000001
     154475.000 ns	     15446	800033a4	09f7cfd3	fsub.s	f31,f15,f31	 f15:0x0000038f f31:0x2d41fffc f31=0xad41fffc
     154495.000 ns	     15448	800033a8	5bd18f13	addi	x30,x3,1469	  x3:0x80041024 x30=0x800415e1
     154535.000 ns	     15452	800033ac	00af71d3	fadd.s	f3,f30,f10	 f30:0x3f7fffae f10:0x7fc00000  f3=0x7fc00000
     154555.000 ns	     15454	800033b0	9e15e613	ori	x12,x11,-1567	 x11:0x00000000 x12=0xfffff9e1
     154565.000 ns	     15455	800033b4	010e1113	slli	x2,x28,0x10	 x28:0x00000000  x2=0x00000000
     154605.000 ns	     15459	800033b8	00613e53	fadd.s	f28,f2,f6	  f2:0x80000000  f6:0x4335042a f28=0x4335042a
     154625.000 ns	     15461	800033bc	0114be33	sltu	x28,x9,x17	  x9:0x00000000 x17:0x00000000 x28=0x00000000
     154635.000 ns	     15462	800033c0	01169cb3	sll	x25,x13,x17	 x13:0xfffffd4f x17:0x00000000 x25=0xfffffd4f
     154655.000 ns	     15464	800033c4	214c0a53	fsgnj.s	f20,f24,f20	 f24:0x00000000 f20:0x57147fb3 f20=0x00000000
     154675.000 ns	     15466	800033c8	20c1f193	andi	x3,x3,524	  x3:0x80041024  x3=0x00000004
     154685.000 ns	     15467	800033cc	012d1a13	slli	x20,x26,0x12	 x26:0x04e7c4d4 x20=0x13500000
     154705.000 ns	     15469	800033d0	033a9d33	mulh	x26,x21,x19	 x21:0xf75ca183 x19:0x80000000 x26=0x0451af3e
     154725.000 ns	     15471	800033d4	87bcee13	ori	x28,x25,-1925	 x25:0xfffffd4f x28=0xfffffd7f
     154735.000 ns	     15472	800033d8	c70ccb93	xori	x23,x25,-912	 x25:0xfffffd4f x23=0x0000013f
     154755.000 ns	     15474	800033dc	a06a0bd3	fle.s	x23,f20,f6	 f20:0x00000000  f6:0x4335042a x23=0x00000001
     154785.000 ns	     15477	800033e0	e00b8853	fmv.x.w	x16,f23	 f23:0x57147fb3 x16=0x57147fb3
     154805.000 ns	     15479	800033e4	01060633	add	x12,x12,x16	 x12:0xfffff9e1 x16:0x00000001 x12=0x57147994
     154815.000 ns	     15480	800033e8	00338833	add	x16,x7,x3	  x7:0x00000000  x3:0x00000004 x16=0x00000004
     154835.000 ns	     15482	800033ec	c01d7c53	fcvt.wu.s	x24,f26	 f26:0x4f800000 x24=0x00000000
     154865.000 ns	     15485	800033f0	21eb2c53	fsgnjx.s	f24,f22,f30	 f22:0x00000000 f30:0x3f7fffae f24=0x00000000
     154885.000 ns	     15487	800033f4	27fccc93	xori	x25,x25,639	 x25:0xfffffd4f x25=0xffffff30
     154895.000 ns	     15488	800033f8	00349bb3	sll	x23,x9,x3	  x9:0x00000000  x3:0x00000004 x23=0x00000000
     156065.000 ns	     15605	800033fc	580f34d3	fsqrt.s	f9,f30	 f30:0x3f7fffae  f9=0x3f35042a
     156085.000 ns	     15607	80003400	84f63993	sltiu	x19,x12,-1969	 x12:0x57147994 x19=0x00000001
     156105.000 ns	     15609	80003404	c01cf753	fcvt.wu.s	x14,f25	 f25:0xcd0a35e7 x14=0x08a35e70
     156125.000 ns	     15611	80003408	fc476f93	ori	x31,x14,-60	 x14:0x00000000 x31=0xfffffff4
     156485.000 ns	     15647	8000340c	0396e433	rem	x8,x13,x25	 x13:0xfffffd4f x25:0xffffff30  x8=0xffffffbf
     156505.000 ns	     15649	80003410	005498b3	sll	x17,x9,x5	  x9:0x00000000  x5:0x80041024 x17=0x00000000
     156515.000 ns	     15650	80003414	00098d33	add	x26,x19,x0	 x19:0x00000001  x0:0x00000000 x26=0x00000001
     156525.000 ns	     15651	80003418	ac932713	slti	x14,x6,-1335	  x6:0x00000488 x14=0x00000000
     156535.000 ns	     15652	8000341c	9a0d75b7	lui	x11,0x9a0d7	 x11=0x9a0d7000
     156555.000 ns	     15654	80003420	02d8bc33	mulhu	x24,x17,x13	 x17:0x00000000 x13:0xfffffd4f x24=0x00000000
     156575.000 ns	     15656	80003424	00d7d093	srli	x1,x15,0xd	 x15:0x00000000  x1=0x00000000
     156595.000 ns	     15658	80003428	c01118d3	fcvt.wu.s	x17,f2	  f2:0x80000000 x17=0x00000000
     156615.000 ns	     15660	8000342c	a0d62b37	lui	x22,0xa0d62	 x22=0xa0d62000
     156625.000 ns	     15661	80003430	01366133	or	x2,x12,x19	 x12:0x57147994 x19:0x00000001  x2=0x57147995
     156645.000 ns	     15663	80003434	f00388d3	fmv.w.x	f17,x7	  x7:0x00000000 f17=0x00000000
     156665.000 ns	     15665	80003438	00000013	addi	x0,x0,0	  x0:0x00000000
     156705.000 ns	     15669	8000343c	08812553	fsub.s	f10,f2,f8	  f2:0x80000000  f8:0x00000000 f10=0x80000000
     156725.000 ns	     15671	80003440	00ee73b3	and	x7,x28,x14	 x28:0xfffffd7f x14:0x00000000  x7=0x00000000
     156735.000 ns	     15672	80003444	00951d33	sll	x26,x10,x9	 x10:0xf75ca184  x9:0x00000000 x26=0xf75ca184
     156755.000 ns	     15674	80003448	215caed3	fsgnjx.s	f29,f25,f21	 f25:0xcd0a35e7 f21:0xf75ca184 f29=0x4d0a35e7
     156775.000 ns	     15676	8000344c	0190d633	srl	x12,x1,x25	  x1:0x00000000 x25:0xffffff30 x12=0x00000000
     156795.000 ns	     15678	80003450	c00420d3	fcvt.w.s	x1,f8	  f8:0x00000000  x1=0x00000000
     156825.000 ns	     15681	80003454	a0d88453	fle.s	x8,f17,f13	 f17:0x00000000 f13:0x7f800000  x8=0x00000001
     156845.000 ns	     15683	80003458	94d43c13	sltiu	x24,x8,-1715	  x8:0xffffffbf x24=0x00000001
     156885.000 ns	     15687	8000345c	009dfdd3	fadd.s	f27,f27,f9	 f27:0x4d0a35e7  f9:0x3f35042a f27=0x4d0a35e7
     156915.000 ns	     15690	80003460	d00533d3	fcvt.s.w	f7,x10	 x10:0xf75ca184  f7=0xcd0a35e8
     156935.000 ns	     15692	80003464	7aa10413	addi	x8,x2,1962	  x2:0x57147995  x8=0x5714813f
     156945.000 ns	     15693	80003468	40b35313	srai	x6,x6,0xb	  x6:0x00000488  x6=0x00000000
     156965.000 ns	     15695	8000346c	a1bb81d3	fle.s	x3,f23,f27	 f23:0x57147fb3 f27:0x4d0a35e7  x3=0x00000000
     156995.000 ns	     15698	80003470	d017f753	fcvt.s.wu	f14,x15	 x15:0x00000000 f14=0x00000000
     157045.000 ns	     15703	80003474	084c8fd3	fsub.s	f31,f25,f4	 f25:0xcd0a35e7  f4:0x80000000 f31=0xcd0a35e7
     157065.000 ns	     15705	80003478	990e2493	slti	x9,x28,-1648	 x28:0xfffffd7f  x9=0x00000000
     157075.000 ns	     15706	8000347c	00ef0133	add	x2,x30,x14	 x30:0x800415e1 x14:0x00000000  x2=0x800415e1
     157095.000 ns	     15708	80003480	0219d233	divu	x4,x19,x1	 x19:0x00000001  x1:0x00000000  x4=0xffffffff
     157115.000 ns	     15710	80003484	00911733	sll	x14,x2,x9	  x2:0x57147995  x9:0x00000000 x14=0x800415e1
     157135.000 ns	     15712	80003488	a13f8e53	fle.s	x28,f31,f19	 f31:0xcd0a35e7 f19:0x70000000 x28=0x00000001
     157155.000 ns	     15714	8000348c	a5929fb7	lui	x31,0xa5929	 x31=0xa5929000
     157195.000 ns	     15718	80003490	00def4d3	fadd.s	f9,f29,f13	 f29:0x4d0a35e7 f13:0x7f800000  f9=0x7f800000
     157245.000 ns	     15723	80003494	09a2c353	fsub.s	f6,f5,f26	  f5:0x00000000 f26:0x4f800000  f6=0xcf800000
     157275.000 ns	     15726	80003498	c01d7ed3	fcvt.wu.s	x29,f26	 f26:0x4f800000 x29=0x00000000
     157295.000 ns	     15728	8000349c	81f86e97	auipc	x29,0x81f86	 x29=0x01f8949c
     157305.000 ns	     15729	800034a0	01898433	add	x8,x19,x24	 x19:0x00000001 x24:0x00000001  x8=0x00000002
     157325.000 ns	     15731	800034a4	209080d3	fsgnj.s	f1,f1,f9	  f1:0x5e41fffb  f9:0x7f800000  f1=0x5e41fffb
     157345.000 ns	     15733	800034a8	29726e37	lui	x28,0x29726	 x28=0x29726000
     157355.000 ns	     15734	800034ac	e1f6ba13	sltiu	x20,x13,-481	 x13:0xfffffd4f x20=0x00000001
     157365.000 ns	     15735	800034b0	01f4d233	srl	x4,x9,x31	  x9:0x00000000 x31:0xa5929000  x4=0x00000000
     157375.000 ns	     15736	800034b4	360e7213	andi	x4,x28,864	 x28:0x29726000  x4=0x00000000
     157395.000 ns	     15738	800034b8	d01ff9d3	fcvt.s.wu	f19,x31	 x31:0xa5929000 f19=0x4f259290
     157415.000 ns	     15740	800034bc	0102f833	and	x16,x5,x16	  x5:0x80041024 x16:0x00000004 x16=0x00000004
     157425.000 ns	     15741	800034c0	4151dc13	srai	x24,x3,0x15	  x3:0x00000000 x24=0x00000000
     157785.000 ns	     15777	800034c4	03437ab3	remu	x21,x6,x20	  x6:0x00000000 x20:0x00000001 x21=0x00000000
     157815.000 ns	     15780	800034c8	f0028ad3	fmv.w.x	f21,x5	  x5:0x80041024 f21=0x80041024
     157835.000 ns	     15782	800034cc	4112d933	sra	x18,x5,x17	  x5:0x80041024 x17:0x00000000 x18=0x80041024
     157845.000 ns	     15783	800034d0	00486bb3	or	x23,x16,x4	 x16:0x00000004  x4:0x00000000 x23=0x00000004
     157865.000 ns	     15785	800034d4	a1a8a0d3	feq.s	x1,f17,f26	 f17:0x00000000 f26:0x4f800000  x1=0x00000000
     157895.000 ns	     15788	800034d8	f00b04d3	fmv.w.x	f9,x22	 x22:0xa0d62000  f9=0xa0d62000
     157925.000 ns	     15791	800034dc	c01a7753	fcvt.wu.s	x14,f20	 f20:0x00000000 x14=0x00000000
     157945.000 ns	     15793	800034e0	016c2633	slt	x12,x24,x22	 x24:0x00000000 x22:0xa0d62000 x12=0x00000000
     157955.000 ns	     15794	800034e4	efd83113	sltiu	x2,x16,-259	 x16:0x00000004  x2=0x00000001
     157965.000 ns	     15795	800034e8	a5a1ff13	andi	x30,x3,-1446	  x3:0x00000000 x30=0x00000000
     157975.000 ns	     15796	800034ec	8750a693	slti	x13,x1,-1931	  x1:0x00000000 x13=0x00000000
     157985.000 ns	     15797	800034f0	01c5b233	sltu	x4,x11,x28	 x11:0x9a0d7000 x28:0x29726000  x4=0x00000000
     158005.000 ns	     15799	800034f4	038025b3	mulhsu	x11,x0,x24	  x0:0x00000000 x24:0x00000000 x11=0x00000000
     158035.000 ns	     15802	800034f8	28959a53	fmax.s	f20,f11,f9	 f11:0x00000000  f9:0xa0d62000 f20=0x00000000
     158055.000 ns	     15804	800034fc	3db64a97	auipc	x21,0x3db64	 x21=0xbdb674fc
     158065.000 ns	     15805	80003500	de57a913	slti	x18,x15,-539	 x15:0x00000000 x18=0x00000000
     158075.000 ns	     15806	80003504	0073d233	srl	x4,x7,x7	  x7:0x00000000  x7:0x00000000  x4=0x00000000
     158095.000 ns	     15808	80003508	e00d0fd3	fmv.x.w	x31,f26	 f26:0x4f800000 x31=0x4f800000
     158115.000 ns	     15810	8000350c	3fceaa13	slti	x20,x29,1020	 x29:0x01f8949c x20=0x00000000
     158135.000 ns	     15812	80003510	f0020dd3	fmv.w.x	f27,x4	  x4:0x00000000 f27=0x00000000
     158165.000 ns	     15815	80003514	a14408d3	fle.s	x17,f8,f20	  f8:0x00000000 f20:0x00000000 x17=0x00000001
     158195.000 ns	     15818	80003518	021d57b3	divu	x15,x26,x1	 x26:0xf75ca184  x1:0x00000000 x15=0xffffffff
     158225.000 ns	     15821	8000351c	a01e8d53	fle.s	x26,f29,f1	 f29:0x4d0a35e7  f1:0x5e41fffb x26=0x00000001
     158245.000 ns	     15823	80003520	40c2da13	srai	x20,x5,0xc	  x5:0x80041024 x20=0xfff80041
     158255.000 ns	     15824	80003524	1e317093	andi	x1,x2,483	  x2:0x00000001  x1=0x00000001
     158275.000 ns	     15826	80003528	d01d7353	fcvt.s.wu	f6,x26	 x26:0x00000001  f6=0x3f800000
     158295.000 ns	     15828	8000352c	f0dc8c93	addi	x25,x25,-243	 x25:0xffffff30 x25=0xfffffe3d
     158315.000 ns	     15830	80003530	03548333	mul	x6,x9,x21	  x9:0x00000000 x21:0xbdb674fc  x6=0x00000000
     158685.000 ns	     15867	80003534	025840b3	div	x1,x16,x5	 x16:0x00000004  x5:0x80041024  x1=0x00000000
     158705.000 ns	     15869	80003538	019bd593	srli	x11,x23,0x19	 x23:0x00000004 x11=0x00000000
     158735.000 ns	     15872	8000353c	1166f7d3	fmul.s	f15,f13,f22	 f13:0x7f800000 f22:0x00000000 f15=0x7fc00000
     158755.000 ns	     15874	80003540	405b8433	sub	x8,x23,x5	 x23:0x00000004  x5:0x80041024  x8=0x7ffbefe0
     158775.000 ns	     15876	80003544	03609033	mulh	x0,x1,x22	  x1:0x00000000 x22:0xa0d62000
     158795.000 ns	     15878	80003548	003dcbb3	xor	x23,x27,x3	 x27:0x80040fe4  x3:0x00000000 x23=0x80040fe4
     158805.000 ns	     15879	8000354c	0143dd13	srli	x26,x7,0x14	  x7:0x00000000 x26=0x00000000
     158815.000 ns	     15880	80003550	01b88a33	add	x20,x17,x27	 x17:0x00000001 x27:0x80040fe4 x20=0x80040fe5
     158835.000 ns	     15882	80003554	0245f333	remu	x6,x11,x4	 x11:0x00000000  x4:0x00000000  x6=0x00000000
     158855.000 ns	     15884	80003558	c0ea8b13	addi	x22,x21,-1010	 x21:0xbdb674fc x22=0xbdb6710a
     158875.000 ns	     15886	8000355c	a0a088d3	fle.s	x17,f1,f10	  f1:0x5e41fffb f10:0x80000000 x17=0x00000000
     158895.000 ns	     15888	80003560	64482893	slti	x17,x16,1604	 x16:0x00000004 x17=0x00000001
     158915.000 ns	     15890	80003564	d01afdd3	fcvt.s.wu	f27,x21	 x21:0xbdb674fc f27=0x4f3db674
     158945.000 ns	     15893	80003568	29221b53	fmax.s	f22,f4,f18	  f4:0x80000000 f18:0x80000000 f22=0x80000000
     158985.000 ns	     15897	8000356c	580af4d3	fsqrt.s	f9,f21	 f21:0x80041024  f9=0x7fc00000
     159005.000 ns	     15899	80003570	408651b3	sra	x3,x12,x8	 x12:0x00000000  x8:0x7ffbefe0  x3=0x00000000
     159035.000 ns	     15902	80003574	11e937d3	fmul.s	f15,f18,f30	 f18:0x80000000 f30:0x3f7fffae f15=0x80000000
     159065.000 ns	     15905	80003578	02728033	mul	x0,x5,x7	  x5:0x80041024  x7:0x00000000
     159435.000 ns	     15942	8000357c	034eca33	div	x20,x29,x20	 x29:0x01f8949c x20:0x80040fe5 x20=0x00000000
     159455.000 ns	     15944	80003580	008be833	or	x16,x23,x8	 x23:0x80040fe4  x8:0x7ffbefe0 x16=0xffffefe4
     159475.000 ns	     15946	80003584	03a45233	divu	x4,x8,x26	  x8:0x7ffbefe0 x26:0x00000000  x4=0xffffffff
     159505.000 ns	     15949	80003588	d01a2b53	fcvt.s.wu	f22,x20	 x20:0x00000000 f22=0x00000000
     159535.000 ns	     15952	8000358c	03729eb3	mulh	x29,x5,x23	  x5:0x80041024 x23:0x80040fe4 x29=0x3ffbf00c
     159555.000 ns	     15954	80003590	40a65593	srai	x11,x12,0xa	 x12:0x00000000 x11=0x00000000
     159575.000 ns	     15956	80003594	208c2a53	fsgnjx.s	f20,f24,f8	 f24:0x00000000  f8:0x00000000 f20=0x00000000
     159605.000 ns	     15959	80003598	d00bff53	fcvt.s.w	f30,x23	 x23:0x80040fe4 f30=0xcefff7e0
     159635.000 ns	     15962	8000359c	e0030353	fmv.x.w	x6,f6	  f6:0x3f800000  x6=0x3f800000
     159675.000 ns	     15966	800035a0	19659653	fdiv.s	f12,f11,f22	 f11:0x00000000 f22:0x00000000 f12=0x7fc00000
     159705.000 ns	     15969	800035a4	28488bd3	fmin.s	f23,f17,f4	 f17:0x00000000  f4:0x80000000 f23=0x80000000
     159735.000 ns	     15972	800035a8	287d82d3	fmin.s	f5,f27,f7	 f27:0x4f3db674  f7:0xcd0a35e8  f5=0xcd0a35e8
     159775.000 ns	     15976	800035ac	192a7fd3	fdiv.s	f31,f20,f18	 f20:0x00000000 f18:0x80000000 f31=0x7fc00000
     159795.000 ns	     15978	800035b0	01723233	sltu	x4,x4,x23	  x4:0xffffffff x23:0x80040fe4  x4=0x00000000
     159805.000 ns	     15979	800035b4	4093d333	sra	x6,x7,x9	  x7:0x00000000  x9:0x00000000  x6=0x00000000
     159815.000 ns	     15980	800035b8	92406e97	auipc	x29,0x92406	 x29=0x124095b8
     159825.000 ns	     15981	800035bc	018dff33	and	x30,x27,x24	 x27:0x80040fe4 x24:0x00000000 x30=0x00000000
     159855.000 ns	     15984	800035c0	11f4f6d3	fmul.s	f13,f9,f31	  f9:0x7fc00000 f31:0x7fc00000 f13=0x7fc00000
     159875.000 ns	     15986	800035c4	5ec72493	slti	x9,x14,1516	 x14:0x00000000  x9=0x00000001
     159885.000 ns	     15987	800035c8	31676793	ori	x15,x14,790	 x14:0x00000000 x15=0x00000316
     159895.000 ns	     15988	800035cc	00377cb3	and	x25,x14,x3	 x14:0x00000000  x3:0x00000000 x25=0x00000000
     159915.000 ns	     15990	800035d0	21022853	fsgnjx.s	f16,f4,f16	  f4:0x80000000 f16:0x4d0a35e7 f16=0x80000000
     159945.000 ns	     15993	800035d4	d01c75d3	fcvt.s.wu	f11,x24	 x24:0x00000000 f11=0x00000000
     159975.000 ns	     15996	800035d8	298d9953	fmax.s	f18,f27,f24	 f27:0x4f3db674 f24:0x00000000 f18=0x4f3db674
     159995.000 ns	     15998	800035dc	01d89633	sll	x12,x17,x29	 x17:0x00000001 x29:0x124095b8 x12=0x01000000
     160015.000 ns	     16000	800035e0	a17614d3	flt.s	x9,f12,f23	 f12:0x7fc00000 f23:0x80000000  x9=0x00000000
     160045.000 ns	     16003	800035e4	a1522653	feq.s	x12,f4,f21	  f4:0x80000000 f21:0x80041024 x12=0x00000000
     160075.000 ns	     16006	800035e8	a16d9d53	flt.s	x26,f27,f22	 f27:0x4f3db674 f22:0x00000000 x26=0x00000000
     160105.000 ns	     16009	800035ec	a1aea153	feq.s	x2,f29,f26	 f29:0x4d0a35e7 f26:0x4f800000  x2=0x00000000
     160125.000 ns	     16011	800035f0	00d13933	sltu	x18,x2,x13	  x2:0x00000001 x13:0x00000000 x18=0x00000000
     160145.000 ns	     16013	800035f4	21a92f53	fsgnjx.s	f30,f18,f26	 f18:0x4f3db674 f26:0x4f800000 f30=0x4f3db674
     160195.000 ns	     16018	800035f8	00e1afd3	fadd.s	f31,f3,f14	  f3:0x7fc00000 f14:0x00000000 f31=0x7fc00000
     160215.000 ns	     16020	800035fc	00000013	addi	x0,x0,0	  x0:0x00000000
     160235.000 ns	     16022	80003600	e0069453	fclass.s	x8,f13	 f13:0x7fc00000  x8=0x00000200
     160275.000 ns	     16026	80003604	5803fe53	fsqrt.s	f28,f7	  f7:0xcd0a35e8 f28=0x7fc00000
     160305.000 ns	     16029	80003608	f00a0c53	fmv.w.x	f24,x20	 x20:0x00000000 f24=0x00000000
     160335.000 ns	     16032	8000360c	a0cb16d3	flt.s	x13,f22,f12	 f22:0x00000000 f12:0x7fc00000 x13=0x00000000
     160365.000 ns	     16035	80003610	28320a53	fmin.s	f20,f4,f3	  f4:0x80000000  f3:0x7fc00000 f20=0x80000000
     160405.000 ns	     16039	80003614	5802f5d3	fsqrt.s	f11,f5	  f5:0xcd0a35e8 f11=0x7fc00000
     160775.000 ns	     16076	80003618	03c378b3	remu	x17,x6,x28	  x6:0x00000000 x28:0x29726000 x17=0x00000000
     160795.000 ns	     16078	8000361c	0109c433	xor	x8,x19,x16	 x19:0x00000001 x16:0xffffefe4  x8=0xffffefe5
     160835.000 ns	     16082	80003620	094d77d3	fsub.s	f15,f26,f20	 f26:0x4f800000 f20:0x80000000 f15=0x4f800000
     160885.000 ns	     16087	80003624	08f92b53	fsub.s	f22,f18,f15	 f18:0x4f3db674 f15:0x80000000 f22=0xce849318
     160905.000 ns	     16089	80003628	01b25a33	srl	x20,x4,x27	  x4:0x00000000 x27:0x80040fe4 x20=0x00000000
     160935.000 ns	     16092	8000362c	10c7f853	fmul.s	f16,f15,f12	 f15:0x4f800000 f12:0x7fc00000 f16=0x7fc00000
     160955.000 ns	     16094	80003630	00fb37b3	sltu	x15,x22,x15	 x22:0xbdb6710a x15:0x00000316 x15=0x00000000
     160965.000 ns	     16095	80003634	0095c333	xor	x6,x11,x9	 x11:0x00000000  x9:0x00000000  x6=0x00000000
     160985.000 ns	     16097	80003638	a0f19cd3	flt.s	x25,f3,f15	  f3:0x7fc00000 f15:0x4f800000 x25=0x00000000
     161005.000 ns	     16099	8000363c	41a65233	sra	x4,x12,x26	 x12:0x00000000 x26:0x00000000  x4=0x00000000
     161015.000 ns	     16100	80003640	00701813	slli	x16,x0,0x7	  x0:0x00000000 x16=0x00000000
     161025.000 ns	     16101	80003644	011acb33	xor	x22,x21,x17	 x21:0xbdb674fc x17:0x00000000 x22=0xbdb674fc
     161035.000 ns	     16102	80003648	4d7c9497	auipc	x9,0x4d7c9	  x9=0xcd7cc648
     161055.000 ns	     16104	8000364c	c01e2353	fcvt.wu.s	x6,f28	 f28:0x7fc00000  x6=0xffffffff
     161085.000 ns	     16107	80003650	d01673d3	fcvt.s.wu	f7,x12	 x12:0x00000000  f7=0x00000000
     161105.000 ns	     16109	80003654	00d6d393	srli	x7,x13,0xd	 x13:0x00000000  x7=0x00000000
     161115.000 ns	     16110	80003658	01e2ee33	or	x28,x5,x30	  x5:0x80041024 x30:0x00000000 x28=0x80041024
     161135.000 ns	     16112	8000365c	03ca8833	mul	x16,x21,x28	 x21:0xbdb674fc x28:0x29726000 x16=0xe8e83370
     161165.000 ns	     16115	80003660	20ad85d3	fsgnj.s	f11,f27,f10	 f27:0x4f3db674 f10:0x80000000 f11=0xcf3db674
     161185.000 ns	     16117	80003664	01975233	srl	x4,x14,x25	 x14:0x00000000 x25:0x00000000  x4=0x00000000
     161205.000 ns	     16119	80003668	02f75ab3	divu	x21,x14,x15	 x14:0x00000000 x15:0x00000000 x21=0xffffffff
     161235.000 ns	     16122	8000366c	e0048753	fmv.x.w	x14,f9	  f9:0x7fc00000 x14=0x7fc00000
     161255.000 ns	     16124	80003670	9a840e93	addi	x29,x8,-1624	  x8:0xffffefe5 x29=0xffffe98d
     161265.000 ns	     16125	80003674	01bf9e93	slli	x29,x31,0x1b	 x31:0x4f800000 x29=0x00000000
     161285.000 ns	     16127	80003678	214914d3	fsgnjn.s	f9,f18,f20	 f18:0x4f3db674 f20:0x80000000  f9=0x4f3db674
     161305.000 ns	     16129	8000367c	000420b3	slt	x1,x8,x0	  x8:0xffffefe5  x0:0x00000000  x1=0x00000001
     161315.000 ns	     16130	80003680	010b9cb3	sll	x25,x23,x16	 x23:0x80040fe4 x16:0xe8e83370 x25=0x0fe40000
     161335.000 ns	     16132	80003684	e00e8353	fmv.x.w	x6,f29	 f29:0x4d0a35e7  x6=0x4d0a35e7
     161365.000 ns	     16135	80003688	20dd29d3	fsgnjx.s	f19,f26,f13	 f26:0x4f800000 f13:0x7fc00000 f19=0x4f800000
     161395.000 ns	     16138	8000368c	a1c90153	fle.s	x2,f18,f28	 f18:0x4f3db674 f28:0x7fc00000  x2=0x00000000
     161425.000 ns	     16141	80003690	207a1953	fsgnjn.s	f18,f20,f7	 f20:0x80000000  f7:0x00000000 f18=0x80000000
     161445.000 ns	     16143	80003694	60420737	lui	x14,0x60420	 x14=0x60420000
     161465.000 ns	     16145	80003698	e00214d3	fclass.s	x9,f4	  f4:0x80000000  x9=0x00000008
     161485.000 ns	     16147	8000369c	41f25633	sra	x12,x4,x31	  x4:0x00000000 x31:0x4f800000 x12=0x00000000
     161525.000 ns	     16151	800036a0	016b73d3	fadd.s	f7,f22,f22	 f22:0xce849318 f22:0xce849318  f7=0xcf049318
     161555.000 ns	     16154	800036a4	02c171b3	remu	x3,x2,x12	  x2:0x00000000 x12:0x00000000  x3=0x00000000
     161575.000 ns	     16156	800036a8	1cb0cc93	xori	x25,x1,459	  x1:0x00000001 x25=0x000001ca
     161595.000 ns	     16158	800036ac	03b4bd33	mulhu	x26,x9,x27	  x9:0x00000008 x27:0x80040fe4 x26=0x00000004
     161625.000 ns	     16161	800036b0	20529ad3	fsgnjn.s	f21,f5,f5	  f5:0xcd0a35e8  f5:0xcd0a35e8 f21=0x4d0a35e8
     161655.000 ns	     16164	800036b4	e0049853	fclass.s	x16,f9	  f9:0x4f3db674 x16=0x00000040
     161675.000 ns	     16166	800036b8	01affd33	and	x26,x31,x26	 x31:0x4f800000 x26:0x00000004 x26=0x00000000
     161685.000 ns	     16167	800036bc	40f95733	sra	x14,x18,x15	 x18:0x00000000 x15:0x00000000 x14=0x00000000
     161705.000 ns	     16169	800036c0	02f080b3	mul	x1,x1,x15	  x1:0x00000001 x15:0x00000000  x1=0x00000000
     161725.000 ns	     16171	800036c4	004ed5b3	srl	x11,x29,x4	 x29:0x00000000  x4:0x00000000 x11=0x00000000
     161765.000 ns	     16175	800036c8	012cf0d3	fadd.s	f1,f25,f18	 f25:0xcd0a35e7 f18:0x80000000  f1=0xcd0a35e7
     161795.000 ns	     16178	800036cc	0203ca33	div	x20,x7,x0	  x7:0x00000000  x0:0x00000000 x20=0xffffffff
     161815.000 ns	     16180	800036d0	408dde93	srai	x29,x27,0x8	 x27:0x80040fe4 x29=0xff80040f
     161835.000 ns	     16182	800036d4	29031753	fmax.s	f14,f6,f16	  f6:0x3f800000 f16:0x7fc00000 f14=0x3f800000
     161855.000 ns	     16184	800036d8	9c226613	ori	x12,x4,-1598	  x4:0x00000000 x12=0xfffff9c2
     161875.000 ns	     16186	800036dc	03cc1f33	mulh	x30,x24,x28	 x24:0x00000000 x28:0x80041024 x30=0x00000000
     161905.000 ns	     16189	800036e0	2187a953	fsgnjx.s	f18,f15,f24	 f15:0x4f800000 f24:0x00000000 f18=0x4f800000
     161935.000 ns	     16192	800036e4	023d2b33	mulhsu	x22,x26,x3	 x26:0x00000000  x3:0x00000000 x22=0x00000000
     161955.000 ns	     16194	800036e8	d1eefeb7	lui	x29,0xd1eef	 x29=0xd1eef000
     161975.000 ns	     16196	800036ec	29721553	fmax.s	f10,f4,f23	  f4:0x80000000 f23:0x80000000 f10=0x80000000
     162005.000 ns	     16199	800036f0	02b97d33	remu	x26,x18,x11	 x18:0x00000000 x11:0x00000000 x26=0x00000000
     162375.000 ns	     16236	800036f4	03b67833	remu	x16,x12,x27	 x12:0xfffff9c2 x27:0x80040fe4 x16=0x7ffbe9de
     162405.000 ns	     16239	800036f8	29d284d3	fmin.s	f9,f5,f29	  f5:0xcd0a35e8 f29:0x4d0a35e7  f9=0xcd0a35e8
     162445.000 ns	     16243	800036fc	5806f253	fsqrt.s	f4,f13	 f13:0x7fc00000  f4=0x7fc00000
     162475.000 ns	     16246	80003700	e00214d3	fclass.s	x9,f4	  f4:0x80000000  x9=0x00000200
     162505.000 ns	     16249	80003704	02a40d33	mul	x26,x8,x10	  x8:0xffffefe5 x10:0xf75ca184 x26=0x1f22b714
     162525.000 ns	     16251	80003708	572e3b13	sltiu	x22,x28,1394	 x28:0x80041024 x22=0x00000000
     162565.000 ns	     16255	8000370c	00538853	fadd.s	f16,f7,f5	  f7:0xcf049318  f5:0xcd0a35e8 f16=0xcf0d3676
     162615.000 ns	     16260	80003710	0946f053	fsub.s	f0,f13,f20	 f13:0x7fc00000 f20:0x80000000  f0=0x7fc00000
     162665.000 ns	     16265	80003714	011db2d3	fadd.s	f5,f27,f17	 f27:0x4f3db674 f17:0x00000000  f5=0x4f3db674
     162685.000 ns	     16267	80003718	41b509b3	sub	x19,x10,x27	 x10:0xf75ca184 x27:0x80040fe4 x19=0x775891a0
     162695.000 ns	     16268	8000371c	4109d193	srai	x3,x19,0x10	 x19:0x00000001  x3=0x00007758
     162705.000 ns	     16269	80003720	00000013	addi	x0,x0,0	  x0:0x00000000
     162715.000 ns	     16270	80003724	00000013	addi	x0,x0,0	  x0:0x00000000
     162735.000 ns	     16272	80003728	02532633	mulhsu	x12,x6,x5	  x6:0x4d0a35e7  x5:0x80041024 x12=0x268653f7
     162765.000 ns	     16275	8000372c	e00108d3	fmv.x.w	x17,f2	  f2:0x80000000 x17=0x80000000
     162795.000 ns	     16278	80003730	03ee0333	mul	x6,x28,x30	 x28:0x80041024 x30:0x00000000  x6=0x00000000
     162825.000 ns	     16281	80003734	d0087cd3	fcvt.s.w	f25,x16	 x16:0x7ffbe9de f25=0x4efff7d3
     162845.000 ns	     16283	80003738	4083d1b3	sra	x3,x7,x8	  x7:0x00000000  x8:0xffffefe5  x3=0x00000000
     162865.000 ns	     16285	8000373c	218d0053	fsgnj.s	f0,f26,f24	 f26:0x4f800000 f24:0x00000000  f0=0x4f800000
     162885.000 ns	     16287	80003740	094cbf93	sltiu	x31,x25,148	 x25:0x000001ca x31=0x00000000
     162915.000 ns	     16290	80003744	11f17553	fmul.s	f10,f2,f31	  f2:0x80000000 f31:0x7fc00000 f10=0x7fc00000
     162935.000 ns	     16292	80003748	006ca633	slt	x12,x25,x6	 x25:0x000001ca  x6:0x00000000 x12=0x00000000
     162955.000 ns	     16294	8000374c	29ff8853	fmin.s	f16,f31,f31	 f31:0x7fc00000 f31:0x7fc00000 f16=0x7fc00000
     162975.000 ns	     16296	80003750	01760f33	add	x30,x12,x23	 x12:0x268653f7 x23:0x80040fe4 x30=0x80040fe4
     162985.000 ns	     16297	80003754	08396017	auipc	x0,0x8396	
     162995.000 ns	     16298	80003758	01123a33	sltu	x20,x4,x17	  x4:0x00000000 x17:0x80000000 x20=0x00000001
     163015.000 ns	     16300	8000375c	d007f4d3	fcvt.s.w	f9,x15	 x15:0x00000000  f9=0x00000000
     163385.000 ns	     16337	80003760	03c5e4b3	rem	x9,x11,x28	 x11:0x00000000 x28:0x80041024  x9=0x00000000
     163415.000 ns	     16340	80003764	e00406d3	fmv.x.w	x13,f8	  f8:0x00000000 x13=0x00000000
     163445.000 ns	     16343	80003768	c01df7d3	fcvt.wu.s	x15,f27	 f27:0x4f3db674 x15=0xbdb67400
     163785.000 ns	     16377	8000376c	196ab953	fdiv.s	f18,f21,f22	 f21:0x4d0a35e8 f22:0xce849318 f18=0xbd8a35e8
     163805.000 ns	     16379	80003770	01b6a7b3	slt	x15,x13,x27	 x13:0x00000000 x27:0x80040fe4 x15=0x00000000
     163825.000 ns	     16381	80003774	28120bd3	fmin.s	f23,f4,f1	  f4:0x7fc00000  f1:0xcd0a35e7 f23=0xcd0a35e7
     163855.000 ns	     16384	80003778	c0037853	fcvt.w.s	x16,f6	  f6:0x3f800000 x16=0x00000001
     163875.000 ns	     16386	8000377c	00ce6f33	or	x30,x28,x12	 x28:0x80041024 x12:0x00000000 x30=0x80041024
     163895.000 ns	     16388	80003780	a0478cd3	fle.s	x25,f15,f4	 f15:0x4f800000  f4:0x7fc00000 x25=0x00000000
     163915.000 ns	     16390	80003784	2ffeac13	slti	x24,x29,767	 x29:0xd1eef000 x24=0x00000001
     163935.000 ns	     16392	80003788	e0099053	fclass.s	x0,f19	 f19:0x4f800000
     163955.000 ns	     16394	8000378c	000c0e33	add	x28,x24,x0	 x24:0x00000000  x0:0x00000000 x28=0x00000001
     163975.000 ns	     16396	80003790	020d8833	mul	x16,x27,x0	 x27:0x80040fe4  x0:0x00000000 x16=0x00000000
     164005.000 ns	     16399	80003794	03b0a733	mulhsu	x14,x1,x27	  x1:0x00000000 x27:0x80040fe4 x14=0x00000000
     164025.000 ns	     16401	80003798	41e2da93	srai	x21,x5,0x1e	  x5:0x80041024 x21=0xfffffffe
     164035.000 ns	     16402	8000379c	00e3d9b3	srl	x19,x7,x14	  x7:0x00000000 x14:0x00000000 x19=0x00000000
     164055.000 ns	     16404	800037a0	03ad8fb3	mul	x31,x27,x26	 x27:0x80040fe4 x26:0x1f22b714 x31=0x9ff539d0
     164085.000 ns	     16407	800037a4	21910f53	fsgnj.s	f30,f2,f25	  f2:0x80000000 f25:0x4efff7d3 f30=0x00000000
     164105.000 ns	     16409	800037a8	00000013	addi	x0,x0,0	  x0:0x00000000
     164125.000 ns	     16411	800037ac	03e431b3	mulhu	x3,x8,x30	  x8:0xffffefe5 x30:0x80041024  x3=0x80040816
     164145.000 ns	     16413	800037b0	012fd993	srli	x19,x31,0x12	 x31:0x9ff539d0 x19=0x000027fd
     164165.000 ns	     16415	800037b4	e0060953	fmv.x.w	x18,f12	 f12:0x7fc00000 x18=0x7fc00000
     164185.000 ns	     16417	800037b8	5261bb13	sltiu	x22,x3,1318	  x3:0x80040816 x22=0x00000000
     164195.000 ns	     16418	800037bc	00000013	addi	x0,x0,0	  x0:0x00000000
     164205.000 ns	     16419	800037c0	016ecd33	xor	x26,x29,x22	 x29:0xd1eef000 x22:0x00000000 x26=0xd1eef000
     164235.000 ns	     16422	800037c4	1911fd53	fdiv.s	f26,f3,f17	  f3:0x7fc00000 f17:0x00000000 f26=0x7fc00000
     164265.000 ns	     16425	800037c8	c00b7d53	fcvt.w.s	x26,f22	 f22:0xce849318 x26=0x42498c00
     164295.000 ns	     16428	800037cc	28591253	fmax.s	f4,f18,f5	 f18:0xbd8a35e8  f5:0x4f3db674  f4=0x4f3db674
     164315.000 ns	     16430	800037d0	00651a33	sll	x20,x10,x6	 x10:0xf75ca184  x6:0x00000000 x20=0xf75ca184
     164325.000 ns	     16431	800037d4	0130a233	slt	x4,x1,x19	  x1:0x00000000 x19:0x000027fd  x4=0x00000001
     164335.000 ns	     16432	800037d8	01595133	srl	x2,x18,x21	 x18:0x7fc00000 x21:0xfffffffe  x2=0x00000001
     164695.000 ns	     16468	800037dc	0348c333	div	x6,x17,x20	 x17:0x80000000 x20:0xf75ca184  x6=0x0000000e
     164725.000 ns	     16471	800037e0	a0e30f53	fle.s	x30,f6,f14	  f6:0x3f800000 f14:0x3f800000 x30=0x00000001
     164745.000 ns	     16473	800037e4	413288b3	sub	x17,x5,x19	  x5:0x80041024 x19:0x000027fd x17=0x8003e827
     164755.000 ns	     16474	800037e8	c8810313	addi	x6,x2,-888	  x2:0x00000001  x6=0xfffffc89
     164775.000 ns	     16476	800037ec	e00100d3	fmv.x.w	x1,f2	  f2:0x80000000  x1=0x80000000
     164805.000 ns	     16479	800037f0	a11480d3	fle.s	x1,f9,f17	  f9:0x00000000 f17:0x00000000  x1=0x00000001
     164835.000 ns	     16482	800037f4	02958a33	mul	x20,x11,x9	 x11:0x00000000  x9:0x00000000 x20=0x00000000
     164865.000 ns	     16485	800037f8	29118bd3	fmin.s	f23,f3,f17	  f3:0x7fc00000 f17:0x00000000 f23=0x00000000
     164885.000 ns	     16487	800037fc	01c31d13	slli	x26,x6,0x1c	  x6:0xfffffc89 x26=0x90000000
     164905.000 ns	     16489	80003800	28a39d53	fmax.s	f26,f7,f10	  f7:0xcf049318 f10:0x7fc00000 f26=0xcf049318
     164935.000 ns	     16492	80003804	d0067ed3	fcvt.s.w	f29,x12	 x12:0x00000000 f29=0x00000000
     164955.000 ns	     16494	80003808	01759c93	slli	x25,x11,0x17	 x11:0x00000000 x25=0x00000000
     164965.000 ns	     16495	8000380c	4040d593	srai	x11,x1,0x4	  x1:0x00000001 x11=0x00000000
     164985.000 ns	     16497	80003810	e00114d3	fclass.s	x9,f2	  f2:0x80000000  x9=0x00000008
     165015.000 ns	     16500	80003814	d0059cd3	fcvt.s.w	f25,x11	 x11:0x00000000 f25=0x00000000
     165045.000 ns	     16503	80003818	d01ffad3	fcvt.s.wu	f21,x31	 x31:0x9ff539d0 f21=0x4f1ff539
     165065.000 ns	     16505	8000381c	017a9893	slli	x17,x21,0x17	 x21:0xfffffffe x17=0xff000000
     165085.000 ns	     16507	80003820	02dc56b3	divu	x13,x24,x13	 x24:0x00000001 x13:0x00000000 x13=0xffffffff
     165105.000 ns	     16509	80003824	01c2d0b3	srl	x1,x5,x28	  x5:0x80041024 x28:0x00000001  x1=0x40020812
     165115.000 ns	     16510	80003828	1875b617	auipc	x12,0x1875b	 x12=0x9875e828
     165125.000 ns	     16511	8000382c	64eaec17	auipc	x24,0x64eae	 x24=0xe4eb182c
     165145.000 ns	     16513	80003830	c0093153	fcvt.w.s	x2,f18	 f18:0xbd8a35e8  x2=0x00000000
     165175.000 ns	     16516	80003834	d000fad3	fcvt.s.w	f21,x1	  x1:0x40020812 f21=0x4e800410
     165225.000 ns	     16521	80003838	01dc7fd3	fadd.s	f31,f24,f29	 f24:0x00000000 f29:0x00000000 f31=0x00000000
     165245.000 ns	     16523	8000383c	01741713	slli	x14,x8,0x17	  x8:0xffffefe5 x14=0xf2800000
     165265.000 ns	     16525	80003840	203b23d3	fsgnjx.s	f7,f22,f3	 f22:0xce849318  f3:0x7fc00000  f7=0xce849318
     165285.000 ns	     16527	80003844	00efb4b3	sltu	x9,x31,x14	 x31:0x9ff539d0 x14:0x00000000  x9=0x00000001
     165295.000 ns	     16528	80003848	40b9df13	srai	x30,x19,0xb	 x19:0x000027fd x30=0x00000004
     165305.000 ns	     16529	8000384c	01b8d733	srl	x14,x17,x27	 x17:0xff000000 x27:0x80040fe4 x14=0x0ff00000
     165315.000 ns	     16530	80003850	3af58493	addi	x9,x11,943	 x11:0x00000000  x9=0x000003af
     165335.000 ns	     16532	80003854	d01f0b53	fcvt.s.wu	f22,x30	 x30:0x00000004 f22=0x40800000
     165365.000 ns	     16535	80003858	c01e3b53	fcvt.wu.s	x22,f28	 f28:0x7fc00000 x22=0xffffffff
     165395.000 ns	     16538	8000385c	20ad27d3	fsgnjx.s	f15,f26,f10	 f26:0xcf049318 f10:0x7fc00000 f15=0xcf049318
     165415.000 ns	     16540	80003860	01966c33	or	x24,x12,x25	 x12:0x9875e828 x25:0x00000000 x24=0x9875e828
     165425.000 ns	     16541	80003864	01f09f13	slli	x30,x1,0x1f	  x1:0x40020812 x30=0x00000000
     165435.000 ns	     16542	80003868	40a4d693	srai	x13,x9,0xa	  x9:0x000003af x13=0x00000000
     165455.000 ns	     16544	8000386c	2176a5d3	fsgnjx.s	f11,f13,f23	 f13:0x7fc00000 f23:0x00000000 f11=0x7fc00000
     165485.000 ns	     16547	80003870	02df58b3	divu	x17,x30,x13	 x30:0x00000000 x13:0xffffffff x17=0xffffffff
     165515.000 ns	     16550	80003874	299c8253	fmin.s	f4,f25,f25	 f25:0x00000000 f25:0x00000000  f4=0x00000000
     165545.000 ns	     16553	80003878	205d1f53	fsgnjn.s	f30,f26,f5	 f26:0xcf049318  f5:0x4f3db674 f30=0xcf049318
     165575.000 ns	     16556	8000387c	021e3033	mulhu	x0,x28,x1	 x28:0x00000001  x1:0x40020812
     165595.000 ns	     16558	80003880	ed268c93	addi	x25,x13,-302	 x13:0x00000000 x25=0xfffffed2
     165605.000 ns	     16559	80003884	2cec0713	addi	x14,x24,718	 x24:0x9875e828 x14=0x9875eaf6
     165625.000 ns	     16561	80003888	29518fd3	fmin.s	f31,f3,f21	  f3:0x7fc00000 f21:0x4e800410 f31=0x4e800410
     165645.000 ns	     16563	8000388c	016fe733	or	x14,x31,x22	 x31:0x9ff539d0 x22:0xffffffff x14=0xffffffff
     165655.000 ns	     16564	80003890	5577ae93	slti	x29,x15,1367	 x15:0x00000000 x29=0x00000001
     165665.000 ns	     16565	80003894	41a38eb3	sub	x29,x7,x26	  x7:0x00000000 x26:0x90000000 x29=0x70000000
     165675.000 ns	     16566	80003898	00559b33	sll	x22,x11,x5	 x11:0x00000000  x5:0x80041024 x22=0x00000000
     165695.000 ns	     16568	8000389c	a0130d53	fle.s	x26,f6,f1	  f6:0x3f800000  f1:0xcd0a35e7 x26=0x00000000
     165715.000 ns	     16570	800038a0	4af9fb13	andi	x22,x19,1199	 x19:0x000027fd x22=0x000004ad
     165725.000 ns	     16571	800038a4	ae873413	sltiu	x8,x14,-1304	 x14:0xffffffff  x8=0x00000000
     165735.000 ns	     16572	800038a8	00131733	sll	x14,x6,x1	  x6:0xfffffc89  x1:0x40020812 x14=0xf2240000
     165755.000 ns	     16574	800038ac	201c8cd3	fsgnj.s	f25,f25,f1	 f25:0x00000000  f1:0xcd0a35e7 f25=0x80000000
     165785.000 ns	     16577	800038b0	a070ae53	feq.s	x28,f1,f7	  f1:0xcd0a35e7  f7:0xce849318 x28=0x00000000
     165815.000 ns	     16580	800038b4	02349033	mulh	x0,x9,x3	  x9:0x000003af  x3:0x80040816
     165835.000 ns	     16582	800038b8	7c4b8b13	addi	x22,x23,1988	 x23:0x80040fe4 x22=0x800417a8
     165845.000 ns	     16583	800038bc	001f1a33	sll	x20,x30,x1	 x30:0x00000000  x1:0x40020812 x20=0x00000000
     165855.000 ns	     16584	800038c0	002a9eb3	sll	x29,x21,x2	 x21:0xfffffffe  x2:0x00000000 x29=0xfffffffe
     165875.000 ns	     16586	800038c4	20a818d3	fsgnjn.s	f17,f16,f10	 f16:0x7fc00000 f10:0x7fc00000 f17=0xffc00000
     165895.000 ns	     16588	800038c8	df9e7993	andi	x19,x28,-519	 x28:0x00000000 x19=0x00000000
     165935.000 ns	     16592	800038cc	00a93453	fadd.s	f8,f18,f10	 f18:0xbd8a35e8 f10:0x7fc00000  f8=0x7fc00000
     165955.000 ns	     16594	800038d0	419f8233	sub	x4,x31,x25	 x31:0x9ff539d0 x25:0xfffffed2  x4=0x9ff53afe
     165975.000 ns	     16596	800038d4	21ba1353	fsgnjn.s	f6,f20,f27	 f20:0x80000000 f27:0x4f3db674  f6=0x80000000
     166005.000 ns	     16599	800038d8	c01df4d3	fcvt.wu.s	x9,f27	 f27:0x4f3db674  x9=0xbdb67400
     166035.000 ns	     16602	800038dc	03fd11b3	mulh	x3,x26,x31	 x26:0x00000000 x31:0x9ff539d0  x3=0x00000000
     166055.000 ns	     16604	800038e0	00f0f6b3	and	x13,x1,x15	  x1:0x40020812 x15:0x00000000 x13=0x00000000
     166085.000 ns	     16607	800038e4	19c29753	fdiv.s	f14,f5,f28	  f5:0x4f3db674 f28:0x7fc00000 f14=0x7fc00000
     166455.000 ns	     16644	800038e8	0386f3b3	remu	x7,x13,x24	 x13:0x00000000 x24:0x9875e828  x7=0x00000000
     166475.000 ns	     16646	800038ec	ae28bf93	sltiu	x31,x17,-1310	 x17:0xffffffff x31=0x00000000
     166495.000 ns	     16648	800038f0	036cb3b3	mulhu	x7,x25,x22	 x25:0xfffffed2 x22:0x800417a8  x7=0x80041710
     166545.000 ns	     16653	800038f4	093afa53	fsub.s	f20,f21,f19	 f21:0x4e800410 f19:0x4f800000 f20=0xcf3ffdf8
     166575.000 ns	     16656	800038f8	c0041d53	fcvt.w.s	x26,f8	  f8:0x7fc00000 x26=0x7fffffff
     166605.000 ns	     16659	800038fc	03e9ba33	mulhu	x20,x19,x30	 x19:0x00000000 x30:0x00000000 x20=0x00000000
     167785.000 ns	     16777	80003900	580fcdd3	fsqrt.s	f27,f31	 f31:0x4e800410 f27=0x470001e0
     167805.000 ns	     16779	80003904	d45a6213	ori	x4,x20,-699	 x20:0x00000000  x4=0xfffffd45
     167815.000 ns	     16780	80003908	40aed6b3	sra	x13,x29,x10	 x29:0xfffffffe x10:0xf75ca184 x13=0xffffffff
     167825.000 ns	     16781	8000390c	822fd0b7	lui	x1,0x822fd	  x1=0x822fd000
     167835.000 ns	     16782	80003910	001ef933	and	x18,x29,x1	 x29:0xfffffffe  x1:0x40020812 x18=0x822fd000
     167855.000 ns	     16784	80003914	a1ff2ad3	feq.s	x21,f30,f31	 f30:0xcf049318 f31:0x4e800410 x21=0x00000000
     168195.000 ns	     16818	80003918	19fafed3	fdiv.s	f29,f21,f31	 f21:0x4e800410 f31:0x4e800410 f29=0x3f000410
     168565.000 ns	     16855	8000391c	037d5233	divu	x4,x26,x23	 x26:0x7fffffff x23:0x80040fe4  x4=0x00000000
     168595.000 ns	     16858	80003920	28c41fd3	fmax.s	f31,f8,f12	  f8:0x7fc00000 f12:0x7fc00000 f31=0x7fc00000
     168615.000 ns	     16860	80003924	00c1b833	sltu	x16,x3,x12	  x3:0x00000000 x12:0x9875e828 x16=0x00000001
     168635.000 ns	     16862	80003928	20ae8ed3	fsgnj.s	f29,f29,f10	 f29:0x3f000410 f10:0x7fc00000 f29=0x3f000410
     168665.000 ns	     16865	8000392c	02fbb6b3	mulhu	x13,x23,x15	 x23:0x80040fe4 x15:0x00000000 x13=0x00000000
     168715.000 ns	     16870	80003930	0176fc53	fadd.s	f24,f13,f23	 f13:0x7fc00000 f23:0x00000000 f24=0x7fc00000
     168735.000 ns	     16872	80003934	0a90ccb7	lui	x25,0xa90c	 x25=0x0a90c000
     168745.000 ns	     16873	80003938	0080d0b3	srl	x1,x1,x8	  x1:0x822fd000  x8:0x00000000  x1=0x822fd000
     168755.000 ns	     16874	8000393c	c910b237	lui	x4,0xc910b	  x4=0xc910b000
     169115.000 ns	     16910	80003940	021b4ab3	div	x21,x22,x1	 x22:0x800417a8  x1:0x822fd000 x21=0x00000001
     169155.000 ns	     16914	80003944	1862f753	fdiv.s	f14,f5,f6	  f5:0x4f3db674  f6:0x80000000 f14=0xff800000
     169175.000 ns	     16916	80003948	01f75f93	srli	x31,x14,0x1f	 x14:0xf2240000 x31=0x00000001
     169185.000 ns	     16917	8000394c	002fdb13	srli	x22,x31,0x2	 x31:0x00000000 x22=0x00000000
     169205.000 ns	     16919	80003950	a1881253	flt.s	x4,f16,f24	 f16:0x7fc00000 f24:0x7fc00000  x4=0x00000000
     169225.000 ns	     16921	80003954	f50d3413	sltiu	x8,x26,-176	 x26:0x7fffffff  x8=0x00000001
     169235.000 ns	     16922	80003958	ff958613	addi	x12,x11,-7	 x11:0x00000000 x12=0xfffffff9
     169245.000 ns	     16923	8000395c	01537233	and	x4,x6,x21	  x6:0xfffffc89 x21:0x00000001  x4=0x00000001
     169255.000 ns	     16924	80003960	405ed933	sra	x18,x29,x5	 x29:0xfffffffe  x5:0x80041024 x18=0xffffffff
     169265.000 ns	     16925	80003964	8e5fa913	slti	x18,x31,-1819	 x31:0x00000001 x18=0x00000000
     169275.000 ns	     16926	80003968	6048e793	ori	x15,x17,1540	 x17:0xffffffff x15=0xffffffff
     169305.000 ns	     16929	8000396c	1013f2d3	fmul.s	f5,f7,f1	  f7:0xce849318  f1:0xcd0a35e7  f5=0x5c0f266a
     169335.000 ns	     16932	80003970	c0123e53	fcvt.wu.s	x28,f4	  f4:0x00000000 x28=0x00000000
     169355.000 ns	     16934	80003974	01786933	or	x18,x16,x23	 x16:0x00000001 x23:0x80040fe4 x18=0x80040fe5
     169375.000 ns	     16936	80003978	c01a8e53	fcvt.wu.s	x28,f21	 f21:0x4e800410 x28=0x40020800
     169395.000 ns	     16938	8000397c	402edf33	sra	x30,x29,x2	 x29:0xfffffffe  x2:0x00000000 x30=0xfffffffe
     169415.000 ns	     16940	80003980	213f13d3	fsgnjn.s	f7,f30,f19	 f30:0xcf049318 f19:0x4f800000  f7=0xcf049318
     169445.000 ns	     16943	80003984	f0000853	fmv.w.x	f16,x0	  x0:0x00000000 f16=0x00000000
     169475.000 ns	     16946	80003988	02493d33	mulhu	x26,x18,x4	 x18:0x80040fe5  x4:0x00000001 x26=0x00000000
     169495.000 ns	     16948	8000398c	00bfdb33	srl	x22,x31,x11	 x31:0x00000001 x11:0x00000000 x22=0x00000001
     169505.000 ns	     16949	80003990	009735b3	sltu	x11,x14,x9	 x14:0xf2240000  x9:0xbdb67400 x11=0x00000000
     169525.000 ns	     16951	80003994	a141a953	feq.s	x18,f3,f20	  f3:0x7fc00000 f20:0xcf3ffdf8 x18=0x00000000
     169545.000 ns	     16953	80003998	92584c13	xori	x24,x16,-1755	 x16:0x00000001 x24=0xfffff924
     169555.000 ns	     16954	8000399c	00e17f33	and	x30,x2,x14	  x2:0x00000000 x14:0xf2240000 x30=0x00000000
     169575.000 ns	     16956	800039a0	a01c0e53	fle.s	x28,f24,f1	 f24:0x7fc00000  f1:0xcd0a35e7 x28=0x00000000
     169595.000 ns	     16958	800039a4	01864c13	xori	x24,x12,24	 x12:0xfffffff9 x24=0xffffffe1
     169605.000 ns	     16959	800039a8	00083e33	sltu	x28,x16,x0	 x16:0x00000001  x0:0x00000000 x28=0x00000000
     169615.000 ns	     16960	800039ac	4603b193	sltiu	x3,x7,1120	  x7:0x80041710  x3=0x00000000
     169625.000 ns	     16961	800039b0	64391317	auipc	x6,0x64391	  x6=0xe43949b0
     169635.000 ns	     16962	800039b4	97038a13	addi	x20,x7,-1680	  x7:0x80041710 x20=0x80041080
     169655.000 ns	     16964	800039b8	d00941d3	fcvt.s.w	f3,x18	 x18:0x00000000  f3=0x00000000
     169675.000 ns	     16966	800039bc	d8169a97	auipc	x21,0xd8169	 x21=0x5816c9bc
     169685.000 ns	     16967	800039c0	7a36cc93	xori	x25,x13,1955	 x13:0x00000000 x25=0x000007a3
     169725.000 ns	     16971	800039c4	0840b153	fsub.s	f2,f1,f4	  f1:0xcd0a35e7  f4:0x00000000  f2=0xcd0a35e7
     169745.000 ns	     16973	800039c8	0170a733	slt	x14,x1,x23	  x1:0x822fd000 x23:0x80040fe4 x14=0x00000000
     169755.000 ns	     16974	800039cc	acef2f13	slti	x30,x30,-1330	 x30:0x00000000 x30=0x00000000
     169765.000 ns	     16975	800039d0	0016d3b3	srl	x7,x13,x1	 x13:0x00000000  x1:0x822fd000  x7=0x00000000
     169775.000 ns	     16976	800039d4	40a6bf93	sltiu	x31,x13,1034	 x13:0x00000000 x31=0x00000001
     169795.000 ns	     16978	800039d8	02274e33	div	x28,x14,x2	 x14:0x00000000  x2:0x00000000 x28=0xffffffff
     169825.000 ns	     16981	800039dc	c00cf653	fcvt.w.s	x12,f25	 f25:0x80000000 x12=0x00000000
     169845.000 ns	     16983	800039e0	40d25913	srai	x18,x4,0xd	  x4:0x00000001 x18=0x00000000
     169865.000 ns	     16985	800039e4	214fabd3	fsgnjx.s	f23,f31,f20	 f31:0x7fc00000 f20:0xcf3ffdf8 f23=0xffc00000
     169895.000 ns	     16988	800039e8	299f1853	fmax.s	f16,f30,f25	 f30:0xcf049318 f25:0x80000000 f16=0x80000000
     169915.000 ns	     16990	800039ec	01f4c1b3	xor	x3,x9,x31	  x9:0xbdb67400 x31:0x00000001  x3=0xbdb67401
     171085.000 ns	     17107	800039f0	580da4d3	fsqrt.s	f9,f27	 f27:0x470001e0  f9=0x42b5072a
     171115.000 ns	     17110	800039f4	28d38253	fmin.s	f4,f7,f13	  f7:0xcf049318 f13:0x7fc00000  f4=0xcf049318
     171145.000 ns	     17113	800039f8	d00c7f53	fcvt.s.w	f30,x24	 x24:0xffffffe1 f30=0xc1f80000
     171165.000 ns	     17115	800039fc	0080b6b3	sltu	x13,x1,x8	  x1:0x822fd000  x8:0x00000001 x13=0x00000000
     171185.000 ns	     17117	80003a00	03070f33	mul	x30,x14,x16	 x14:0x00000000 x16:0x00000001 x30=0x00000000
     171215.000 ns	     17120	80003a04	c00073d3	fcvt.w.s	x7,f0	  f0:0x4f800000  x7=0x7fffffff
     171235.000 ns	     17122	80003a08	01a99793	slli	x15,x19,0x1a	 x19:0x00000000 x15=0x00000000
     171245.000 ns	     17123	80003a0c	40215033	sra	x0,x2,x2	  x2:0x00000000  x2:0x00000000
     171265.000 ns	     17125	80003a10	032f8eb3	mul	x29,x31,x18	 x31:0x00000001 x18:0x00000000 x29=0x00000000
     171635.000 ns	     17162	80003a14	02746cb3	rem	x25,x8,x7	  x8:0x00000001  x7:0x7fffffff x25=0x00000001
     171665.000 ns	     17165	80003a18	a1f59953	flt.s	x18,f11,f31	 f11:0x7fc00000 f31:0x7fc00000 x18=0x00000000
     171685.000 ns	     17167	80003a1c	40e284b3	sub	x9,x5,x14	  x5:0x80041024 x14:0x00000000  x9=0x80041024
     171695.000 ns	     17168	80003a20	015beab3	or	x21,x23,x21	 x23:0x80040fe4 x21:0x5816c9bc x21=0xd816cffc
     171715.000 ns	     17170	80003a24	a1681b53	flt.s	x22,f16,f22	 f16:0x80000000 f22:0x40800000 x22=0x00000001
     171745.000 ns	     17173	80003a28	024b0fb3	mul	x31,x22,x4	 x22:0x00000001  x4:0x00000001 x31=0x00000001
     171765.000 ns	     17175	80003a2c	b727eab7	lui	x21,0xb727e	 x21=0xb727e000
     171785.000 ns	     17177	80003a30	a1c49fd3	flt.s	x31,f9,f28	  f9:0x42b5072a f28:0x7fc00000 x31=0x00000000
     171805.000 ns	     17179	80003a34	40910e33	sub	x28,x2,x9	  x2:0x00000000  x9:0x80041024 x28=0x7ffbefdc
     171825.000 ns	     17181	80003a38	28c31a53	fmax.s	f20,f6,f12	  f6:0x80000000 f12:0x7fc00000 f20=0x80000000
     171845.000 ns	     17183	80003a3c	27092897	auipc	x17,0x27092	 x17=0xa7095a3c
     171865.000 ns	     17185	80003a40	c001ba53	fcvt.w.s	x20,f3	  f3:0x00000000 x20=0x00000000
     171885.000 ns	     17187	80003a44	00000013	addi	x0,x0,0	  x0:0x00000000
     171895.000 ns	     17188	80003a48	bf7b8013	addi	x0,x23,-1033	 x23:0x80040fe4
     171935.000 ns	     17192	80003a4c	01ec71d3	fadd.s	f3,f24,f30	 f24:0x7fc00000 f30:0xc1f80000  f3=0x7fc00000
     171955.000 ns	     17194	80003a50	902b4317	auipc	x6,0x902b4	  x6=0x102b7a50
     171965.000 ns	     17195	80003a54	01501eb3	sll	x29,x0,x21	  x0:0x00000000 x21:0xb727e000 x29=0x00000000
     171975.000 ns	     17196	80003a58	00bad733	srl	x14,x21,x11	 x21:0xb727e000 x11:0x00000000 x14=0xb727e000
     171995.000 ns	     17198	80003a5c	02a92233	mulhsu	x4,x18,x10	 x18:0x00000000 x10:0xf75ca184  x4=0x00000000
     172015.000 ns	     17200	80003a60	15a06193	ori	x3,x0,346	  x0:0x00000000  x3=0x0000015a
     172055.000 ns	     17204	80003a64	0839ffd3	fsub.s	f31,f19,f3	 f19:0x4f800000  f3:0x7fc00000 f31=0x7fc00000
     172085.000 ns	     17207	80003a68	296c95d3	fmax.s	f11,f25,f22	 f25:0x80000000 f22:0x40800000 f11=0x40800000
     172105.000 ns	     17209	80003a6c	01cb5833	srl	x16,x22,x28	 x22:0x00000001 x28:0x7ffbefdc x16=0x00000000
     172125.000 ns	     17211	80003a70	21da0453	fsgnj.s	f8,f20,f29	 f20:0x80000000 f29:0x3f000410  f8=0x00000000
     172155.000 ns	     17214	80003a74	21fa92d3	fsgnjn.s	f5,f21,f31	 f21:0x4e800410 f31:0x7fc00000  f5=0xce800410
     172185.000 ns	     17217	80003a78	033a28b3	mulhsu	x17,x20,x19	 x20:0x00000000 x19:0x00000000 x17=0x00000000
     172205.000 ns	     17219	80003a7c	00dfd213	srli	x4,x31,0xd	 x31:0x00000000  x4=0x00000000
     172215.000 ns	     17220	80003a80	005a9133	sll	x2,x21,x5	 x21:0xb727e000  x5:0x80041024  x2=0x727e0000
     172235.000 ns	     17222	80003a84	a0502353	feq.s	x6,f0,f5	  f0:0x4f800000  f5:0xce800410  x6=0x00000000
     172265.000 ns	     17225	80003a88	d0123753	fcvt.s.wu	f14,x4	  x4:0x00000000 f14=0x00000000
     172295.000 ns	     17228	80003a8c	033d6f33	rem	x30,x26,x19	 x26:0x00000000 x19:0x00000000 x30=0x00000000
     172325.000 ns	     17231	80003a90	e0080353	fmv.x.w	x6,f16	 f16:0x80000000  x6=0x80000000
     172375.000 ns	     17236	80003a94	09f7fdd3	fsub.s	f27,f15,f31	 f15:0xcf049318 f31:0x7fc00000 f27=0x7fc00000
     172395.000 ns	     17238	80003a98	00aac833	xor	x16,x21,x10	 x21:0xb727e000 x10:0xf75ca184 x16=0x407b4184
     172415.000 ns	     17240	80003a9c	20de1653	fsgnjn.s	f12,f28,f13	 f28:0x7fc00000 f13:0x7fc00000 f12=0xffc00000
     172435.000 ns	     17242	80003aa0	40865d13	srai	x26,x12,0x8	 x12:0x00000000 x26=0x00000000
     172445.000 ns	     17243	80003aa4	00f21e93	slli	x29,x4,0xf	  x4:0x00000000 x29=0x00000000
     172455.000 ns	     17244	80003aa8	005fdab3	srl	x21,x31,x5	 x31:0x00000000  x5:0x80041024 x21=0x00000000
     172475.000 ns	     17246	80003aac	e0091053	fclass.s	x0,f18	 f18:0xbd8a35e8
     172505.000 ns	     17249	80003ab0	209b16d3	fsgnjn.s	f13,f22,f9	 f22:0x40800000  f9:0x42b5072a f13=0xc0800000
     172525.000 ns	     17251	80003ab4	41ca5333	sra	x6,x20,x28	 x20:0x00000000 x28:0x7ffbefdc  x6=0x00000000
     172545.000 ns	     17253	80003ab8	f00b0353	fmv.w.x	f6,x22	 x22:0x00000001  f6=0x00000001
     172575.000 ns	     17256	80003abc	025a8cb3	mul	x25,x21,x5	 x21:0x00000000  x5:0x80041024 x25=0x00000000
     172595.000 ns	     17258	80003ac0	3d34ca97	auipc	x21,0x3d34c	 x21=0xbd34fac0
     172625.000 ns	     17261	80003ac4	19917553	fdiv.s	f10,f2,f25	  f2:0xcd0a35e7 f25:0x80000000 f10=0x7f800000
     172645.000 ns	     17263	80003ac8	00409113	slli	x2,x1,0x4	  x1:0x822fd000  x2=0x22fd0000
     172655.000 ns	     17264	80003acc	00dd37b3	sltu	x15,x26,x13	 x26:0x00000000 x13:0x00000000 x15=0x00000000
     172665.000 ns	     17265	80003ad0	01fd74b3	and	x9,x26,x31	 x26:0x00000000 x31:0x00000000  x9=0x00000000
     172675.000 ns	     17266	80003ad4	00acf7b3	and	x15,x25,x10	 x25:0x00000000 x10:0xf75ca184 x15=0x00000000
     172685.000 ns	     17267	80003ad8	00eb9bb3	sll	x23,x23,x14	 x23:0x80040fe4 x14:0xb727e000 x23=0x80040fe4
     172705.000 ns	     17269	80003adc	038a97b3	mulh	x15,x21,x24	 x21:0xbd34fac0 x24:0xffffffe1 x15=0x00000008
     172725.000 ns	     17271	80003ae0	09463b13	sltiu	x22,x12,148	 x12:0x00000000 x22=0x00000001
     172745.000 ns	     17273	80003ae4	033a55b3	divu	x11,x20,x19	 x20:0x00000000 x19:0x00000000 x11=0xffffffff
     172775.000 ns	     17276	80003ae8	c00bc0d3	fcvt.w.s	x1,f23	 f23:0xffc00000  x1=0x7fffffff
     172795.000 ns	     17278	80003aec	00e81cb3	sll	x25,x16,x14	 x16:0x407b4184 x14:0xb727e000 x25=0x407b4184
     172805.000 ns	     17279	80003af0	dc8a4993	xori	x19,x20,-568	 x20:0x00000000 x19=0xfffffdc8
     172835.000 ns	     17282	80003af4	1908a4d3	fdiv.s	f9,f17,f16	 f17:0xffc00000 f16:0x80000000  f9=0x7fc00000
     172865.000 ns	     17285	80003af8	20bd10d3	fsgnjn.s	f1,f26,f11	 f26:0xcf049318 f11:0x40800000  f1=0xcf049318
     172885.000 ns	     17287	80003afc	12bd6a93	ori	x21,x26,299	 x26:0x00000000 x21=0x0000012b
     172905.000 ns	     17289	80003b00	299d99d3	fmax.s	f19,f27,f25	 f27:0x7fc00000 f25:0x80000000 f19=0x80000000
     172925.000 ns	     17291	80003b04	00ba8733	add	x14,x21,x11	 x21:0xbd34fac0 x11:0xffffffff x14=0x0000012a
     172945.000 ns	     17293	80003b08	a09c8f53	fle.s	x30,f25,f9	 f25:0x80000000  f9:0x7fc00000 x30=0x00000000
     173315.000 ns	     17330	80003b0c	02fbccb3	div	x25,x23,x15	 x23:0x80040fe4 x15:0x00000008 x25=0xf00081fd
     173335.000 ns	     17332	80003b10	4cfb0eb7	lui	x29,0x4cfb0	 x29=0x4cfb0000
     173355.000 ns	     17334	80003b14	200da853	fsgnjx.s	f16,f27,f0	 f27:0x7fc00000  f0:0x4f800000 f16=0x7fc00000
     173375.000 ns	     17336	80003b18	01a6d313	srli	x6,x13,0x1a	 x13:0x00000000  x6=0x00000000
     173395.000 ns	     17338	80003b1c	c001fed3	fcvt.w.s	x29,f3	  f3:0x7fc00000 x29=0x7fffffff
     173425.000 ns	     17341	80003b20	a0ad17d3	flt.s	x15,f26,f10	 f26:0xcf049318 f10:0x7f800000 x15=0x00000001
     173445.000 ns	     17343	80003b24	821d9397	auipc	x7,0x821d9	  x7=0x021dcb24
     173455.000 ns	     17344	80003b28	0a117c93	andi	x25,x2,161	  x2:0x22fd0000 x25=0x00000000
     173475.000 ns	     17346	80003b2c	d0113553	fcvt.s.wu	f10,x2	  x2:0x22fd0000 f10=0x4e0bf400
     173505.000 ns	     17349	80003b30	a07c11d3	flt.s	x3,f24,f7	 f24:0x7fc00000  f7:0xcf049318  x3=0x00000000
     173535.000 ns	     17352	80003b34	d00a7a53	fcvt.s.w	f20,x20	 x20:0x00000000 f20=0x00000000
     173565.000 ns	     17355	80003b38	028984b3	mul	x9,x19,x8	 x19:0xfffffdc8  x8:0x00000001  x9=0xfffffdc8
     173585.000 ns	     17357	80003b3c	9e8d3313	sltiu	x6,x26,-1560	 x26:0x00000000  x6=0x00000001
     173605.000 ns	     17359	80003b40	206d8e53	fsgnj.s	f28,f27,f6	 f27:0x7fc00000  f6:0x00000001 f28=0x7fc00000
     173625.000 ns	     17361	80003b44	00a89693	slli	x13,x17,0xa	 x17:0x00000000 x13=0x00000000
     173635.000 ns	     17362	80003b48	45a0ad37	lui	x26,0x45a0a	 x26=0x45a0a000
     173995.000 ns	     17398	80003b4c	027fc433	div	x8,x31,x7	 x31:0x00000000  x7:0x021dcb24  x8=0x00000000
     174025.000 ns	     17401	80003b50	20dd91d3	fsgnjn.s	f3,f27,f13	 f27:0x7fc00000 f13:0xc0800000  f3=0x7fc00000
     174055.000 ns	     17404	80003b54	28261cd3	fmax.s	f25,f12,f2	 f12:0xffc00000  f2:0xcd0a35e7 f25=0xcd0a35e7
     174085.000 ns	     17407	80003b58	e00418d3	fclass.s	x17,f8	  f8:0x00000000 x17=0x00000010
     174115.000 ns	     17410	80003b5c	a10e1c53	flt.s	x24,f28,f16	 f28:0x7fc00000 f16:0x7fc00000 x24=0x00000000
     174145.000 ns	     17413	80003b60	28be0b53	fmin.s	f22,f28,f11	 f28:0x7fc00000 f11:0x40800000 f22=0x40800000
     174165.000 ns	     17415	80003b64	0126a033	slt	x0,x13,x18	 x13:0x00000000 x18:0x00000000
     174205.000 ns	     17419	80003b68	00ab2d53	fadd.s	f26,f22,f10	 f22:0x40800000 f10:0x4e0bf400 f26=0x4e0bf400
     174545.000 ns	     17453	80003b6c	19d54d53	fdiv.s	f26,f10,f29	 f10:0x4e0bf400 f29:0x3f000410 f26=0x4e8bef20
     174565.000 ns	     17455	80003b70	413fde33	sra	x28,x31,x19	 x31:0x00000000 x19:0xfffffdc8 x28=0x00000000
     174585.000 ns	     17457	80003b74	29ad9653	fmax.s	f12,f27,f26	 f27:0x7fc00000 f26:0x4e8bef20 f12=0x4e8bef20
     174605.000 ns	     17459	80003b78	0936c617	auipc	x12,0x936c	 x12=0x8936fb78
     174965.000 ns	     17495	80003b7c	02bb5233	divu	x4,x22,x11	 x22:0x00000001 x11:0xffffffff  x4=0x00000000
     174995.000 ns	     17498	80003b80	a18ea7d3	feq.s	x15,f29,f24	 f29:0x3f000410 f24:0x7fc00000 x15=0x00000000
     175015.000 ns	     17500	80003b84	8d932b13	slti	x22,x6,-1831	  x6:0x00000001 x22=0x00000000
     175035.000 ns	     17502	80003b88	d00fadd3	fcvt.s.w	f27,x31	 x31:0x00000000 f27=0x00000000
     175055.000 ns	     17504	80003b8c	ad374613	xori	x12,x14,-1325	 x14:0x0000012a x12=0xfffffbf9
     175075.000 ns	     17506	80003b90	a14e9f53	flt.s	x30,f29,f20	 f29:0x3f000410 f20:0x00000000 x30=0x00000000
     175105.000 ns	     17509	80003b94	f00a8e53	fmv.w.x	f28,x21	 x21:0x0000012b f28=0x0000012b
     175125.000 ns	     17511	80003b98	fd726113	ori	x2,x4,-41	  x4:0x00000000  x2=0xffffffd7
     175155.000 ns	     17514	80003b9c	102bc0d3	fmul.s	f1,f23,f2	 f23:0xffc00000  f2:0xcd0a35e7  f1=0x7fc00000
     175185.000 ns	     17517	80003ba0	29cc0253	fmin.s	f4,f24,f28	 f24:0x7fc00000 f28:0x0000012b  f4=0x0000012b
     175205.000 ns	     17519	80003ba4	00000013	addi	x0,x0,0	  x0:0x00000000
     175215.000 ns	     17520	80003ba8	ae1df313	andi	x6,x27,-1311	 x27:0x80040fe4  x6=0x80040ae0
     175235.000 ns	     17522	80003bac	02293b33	mulhu	x22,x18,x2	 x18:0x00000000  x2:0xffffffd7 x22=0x00000000
     175265.000 ns	     17525	80003bb0	287c9653	fmax.s	f12,f25,f7	 f25:0xcd0a35e7  f7:0xcf049318 f12=0xcd0a35e7
     175285.000 ns	     17527	80003bb4	75c10e93	addi	x29,x2,1884	  x2:0xffffffd7 x29=0x00000733
     175325.000 ns	     17531	80003bb8	0943f353	fsub.s	f6,f7,f20	  f7:0xcf049318 f20:0x00000000  f6=0xcf049318
     175355.000 ns	     17534	80003bbc	0351a633	mulhsu	x12,x3,x21	  x3:0x00000000 x21:0x0000012b x12=0x00000000
     175375.000 ns	     17536	80003bc0	01635f33	srl	x30,x6,x22	  x6:0x80040ae0 x22:0x00000000 x30=0x80040ae0
     175385.000 ns	     17537	80003bc4	00530d33	add	x26,x6,x5	  x6:0x80040ae0  x5:0x80041024 x26=0x00081b04
     175395.000 ns	     17538	80003bc8	0192bab3	sltu	x21,x5,x25	  x5:0x80041024 x25:0x00000000 x21=0x00000000
     175405.000 ns	     17539	80003bcc	00000013	addi	x0,x0,0	  x0:0x00000000
     175415.000 ns	     17540	80003bd0	d0f0f993	andi	x19,x1,-753	  x1:0x7fffffff x19=0x7ffffd0f
     175435.000 ns	     17542	80003bd4	217da153	fsgnjx.s	f2,f27,f23	 f27:0x00000000 f23:0xffc00000  f2=0x80000000
     175455.000 ns	     17544	80003bd8	00bf0ab3	add	x21,x30,x11	 x30:0x80040ae0 x11:0xffffffff x21=0x80040adf
     175465.000 ns	     17545	80003bdc	01fe8833	add	x16,x29,x31	 x29:0x00000733 x31:0x00000000 x16=0x00000733
     175485.000 ns	     17547	80003be0	039307b3	mul	x15,x6,x25	  x6:0x80040ae0 x25:0x00000000 x15=0x00000000
     175825.000 ns	     17581	80003be4	1952f1d3	fdiv.s	f3,f5,f21	  f5:0xce800410 f21:0x4e800410  f3=0xbf000410
     175855.000 ns	     17584	80003be8	e00b0153	fmv.x.w	x2,f22	 f22:0x40800000  x2=0x40800000
     175885.000 ns	     17587	80003bec	a06c2a53	feq.s	x20,f24,f6	 f24:0x7fc00000  f6:0xcf049318 x20=0x00000000
     175915.000 ns	     17590	80003bf0	c010f4d3	fcvt.wu.s	x9,f1	  f1:0x7fc00000  x9=0xffffffff
     175935.000 ns	     17592	80003bf4	01425013	srli	x0,x4,0x14	  x4:0x00000000
     175945.000 ns	     17593	80003bf8	55e90993	addi	x19,x18,1374	 x18:0x00000000 x19=0x0000055e
     175955.000 ns	     17594	80003bfc	00224933	xor	x18,x4,x2	  x4:0x00000000  x2:0x40800000 x18=0x40800000
     175975.000 ns	     17596	80003c00	0267ba33	mulhu	x20,x15,x6	 x15:0x00000000  x6:0x80040ae0 x20=0x00000000
     176005.000 ns	     17599	80003c04	c0103053	fcvt.wu.s	x0,f0	  f0:0x4f800000
     176025.000 ns	     17601	80003c08	4d8fe593	ori	x11,x31,1240	 x31:0x00000000 x11=0x000004d8
     176055.000 ns	     17604	80003c0c	58079353	fsqrt.s	f6,f15	 f15:0xcf049318  f6=0x7fc00000
     176075.000 ns	     17606	80003c10	72752913	slti	x18,x10,1831	 x10:0xf75ca184 x18=0x00000001
     176095.000 ns	     17608	80003c14	d001a053	fcvt.s.w	f0,x3	  x3:0x00000000  f0=0x00000000
     176115.000 ns	     17610	80003c18	4062de13	srai	x28,x5,0x6	  x5:0x80041024 x28=0xfe001040
     176125.000 ns	     17611	80003c1c	01ee1193	slli	x3,x28,0x1e	 x28:0x00000000  x3=0x00000000
     176145.000 ns	     17613	80003c20	a1589053	flt.s	x0,f17,f21	 f17:0xffc00000 f21:0x4e800410
     176175.000 ns	     17616	80003c24	28758a53	fmin.s	f20,f11,f7	 f11:0x40800000  f7:0xcf049318 f20=0xcf049318
     176205.000 ns	     17619	80003c28	02993733	mulhu	x14,x18,x9	 x18:0x00000001  x9:0xffffffff x14=0x00000000
     176235.000 ns	     17622	80003c2c	207f22d3	fsgnjx.s	f5,f30,f7	 f30:0xc1f80000  f7:0xcf049318  f5=0x41f80000
     176265.000 ns	     17625	80003c30	a1062253	feq.s	x4,f12,f16	 f12:0xcd0a35e7 f16:0x7fc00000  x4=0x00000000
     176285.000 ns	     17627	80003c34	00000013	addi	x0,x0,0	  x0:0x00000000
     176305.000 ns	     17629	80003c38	c00c73d3	fcvt.w.s	x7,f24	 f24:0x7fc00000  x7=0x7fffffff
     176335.000 ns	     17632	80003c3c	02d985b3	mul	x11,x19,x13	 x19:0x0000055e x13:0x00000000 x11=0x00000000
     176365.000 ns	     17635	80003c40	a0301f53	flt.s	x30,f0,f3	  f0:0x00000000  f3:0xbf000410 x30=0x00000000
     176395.000 ns	     17638	80003c44	0247ceb3	div	x29,x15,x4	 x15:0x00000000  x4:0x00000000 x29=0xffffffff
     176425.000 ns	     17641	80003c48	e00a83d3	fmv.x.w	x7,f21	 f21:0x4e800410  x7=0x4e800410
     176445.000 ns	     17643	80003c4c	415bda93	srai	x21,x23,0x15	 x23:0x80040fe4 x21=0xfffffc00
     176455.000 ns	     17644	80003c50	00d130b3	sltu	x1,x2,x13	  x2:0x40800000 x13:0x00000000  x1=0x00000000
     176815.000 ns	     17680	80003c54	037afcb3	remu	x25,x21,x23	 x21:0x80040adf x23:0x80040fe4 x25=0x7ffbec1c
     176835.000 ns	     17682	80003c58	08992213	slti	x4,x18,137	 x18:0x00000001  x4=0x00000001
     177195.000 ns	     17718	80003c5c	039fd6b3	divu	x13,x31,x25	 x31:0x00000000 x25:0x7ffbec1c x13=0x00000000
     177235.000 ns	     17722	80003c60	196347d3	fdiv.s	f15,f6,f22	  f6:0x7fc00000 f22:0x40800000 f15=0x7fc00000
     177265.000 ns	     17725	80003c64	d01878d3	fcvt.s.wu	f17,x16	 x16:0x00000733 f17=0x44e66000
     177295.000 ns	     17728	80003c68	e0010ed3	fmv.x.w	x29,f2	  f2:0x80000000 x29=0x80000000
     177315.000 ns	     17730	80003c6c	006eac33	slt	x24,x29,x6	 x29:0xffffffff  x6:0x80040ae0 x24=0x00000001
     177335.000 ns	     17732	80003c70	216b8fd3	fsgnj.s	f31,f23,f22	 f23:0xffc00000 f22:0x40800000 f31=0x7fc00000
     177385.000 ns	     17737	80003c74	01a1bc53	fadd.s	f24,f3,f26	  f3:0xbf000410 f26:0x4e8bef20 f24=0x4e8bef20
     177415.000 ns	     17740	80003c78	c003f6d3	fcvt.w.s	x13,f7	  f7:0xcf049318 x13=0x80000000
     177455.000 ns	     17744	80003c7c	10827053	fmul.s	f0,f4,f8	  f4:0x0000012b  f8:0x00000000  f0=0x00000000
     177485.000 ns	     17747	80003c80	214d8fd3	fsgnj.s	f31,f27,f20	 f27:0x00000000 f20:0xcf049318 f31=0x80000000
     177505.000 ns	     17749	80003c84	7ba5e413	ori	x8,x11,1978	 x11:0x00000000  x8=0x000007ba
     177525.000 ns	     17751	80003c88	e0019fd3	fclass.s	x31,f3	  f3:0xbf000410 x31=0x00000002
     177555.000 ns	     17754	80003c8c	28428153	fmin.s	f2,f5,f4	  f5:0x41f80000  f4:0x0000012b  f2=0x0000012b
     177585.000 ns	     17757	80003c90	c018f853	fcvt.wu.s	x16,f17	 f17:0x44e66000 x16=0x00000733
     177605.000 ns	     17759	80003c94	01715433	srl	x8,x2,x23	  x2:0x40800000 x23:0x80040fe4  x8=0x04080000
     177615.000 ns	     17760	80003c98	01601993	slli	x19,x0,0x16	  x0:0x00000000 x19=0x00000000
     177635.000 ns	     17762	80003c9c	e0098053	fmv.x.w	x0,f19	 f19:0x80000000
     177655.000 ns	     17764	80003ca0	004ab1b3	sltu	x3,x21,x4	 x21:0xfffffc00  x4:0x00000001  x3=0x00000000
     177665.000 ns	     17765	80003ca4	00792ab3	slt	x21,x18,x7	 x18:0x00000001  x7:0x4e800410 x21=0x00000001
     177685.000 ns	     17767	80003ca8	02598eb3	mul	x29,x19,x5	 x19:0x00000000  x5:0x80041024 x29=0x00000000
     177715.000 ns	     17770	80003cac	02b0ebb3	rem	x23,x1,x11	  x1:0x00000000 x11:0x00000000 x23=0x00000000
     177735.000 ns	     17772	80003cb0	012d48b3	xor	x17,x26,x18	 x26:0x00081b04 x18:0x00000001 x17=0x00081b05
     177755.000 ns	     17774	80003cb4	e0089853	fclass.s	x16,f17	 f17:0x44e66000 x16=0x00000040
     177775.000 ns	     17776	80003cb8	c044ba13	sltiu	x20,x9,-1020	  x9:0xffffffff x20=0x00000000
     177785.000 ns	     17777	80003cbc	01a90d33	add	x26,x18,x26	 x18:0x00000001 x26:0x00081b04 x26=0x00081b05
     177805.000 ns	     17779	80003cc0	02b9d933	divu	x18,x19,x11	 x19:0x00000000 x11:0x00000000 x18=0xffffffff
     177825.000 ns	     17781	80003cc4	32c30613	addi	x12,x6,812	  x6:0x80040ae0 x12=0x80040e0c
     177835.000 ns	     17782	80003cc8	012bc3b3	xor	x7,x23,x18	 x23:0x00000000 x18:0xffffffff  x7=0xffffffff
     177855.000 ns	     17784	80003ccc	a1082653	feq.s	x12,f16,f16	 f16:0x7fc00000 f16:0x7fc00000 x12=0x00000000
     177885.000 ns	     17787	80003cd0	29ce19d3	fmax.s	f19,f28,f28	 f28:0x0000012b f28:0x0000012b f19=0x0000012b
     177905.000 ns	     17789	80003cd4	58ae6113	ori	x2,x28,1418	 x28:0xfe001040  x2=0xfe0015ca
     177915.000 ns	     17790	80003cd8	01286933	or	x18,x16,x18	 x16:0x00000040 x18:0xffffffff x18=0xffffffff
     177945.000 ns	     17793	80003cdc	11d67ed3	fmul.s	f29,f12,f29	 f12:0xcd0a35e7 f29:0x3f000410 f29=0xcc8a3a4a
     177965.000 ns	     17795	80003ce0	002c35b3	sltu	x11,x24,x2	 x24:0x00000001  x2:0xfe0015ca x11=0x00000001
     177995.000 ns	     17798	80003ce4	5804f1d3	fsqrt.s	f3,f9	  f9:0x7fc00000  f3=0x7fc00000
     178015.000 ns	     17800	80003ce8	01b51f93	slli	x31,x10,0x1b	 x10:0xf75ca184 x31=0x20000000
     178025.000 ns	     17801	80003cec	412681b3	sub	x3,x13,x18	 x13:0x80000000 x18:0xffffffff  x3=0x80000001
     178035.000 ns	     17802	80003cf0	208bb393	sltiu	x7,x23,520	 x23:0x00000000  x7=0x00000001
     178045.000 ns	     17803	80003cf4	01e71133	sll	x2,x14,x30	 x14:0x00000000 x30:0x00000000  x2=0x00000000
     178055.000 ns	     17804	80003cf8	41eb5993	srai	x19,x22,0x1e	 x22:0x00000000 x19=0x00000000
     178075.000 ns	     17806	80003cfc	20ff9653	fsgnjn.s	f12,f31,f15	 f31:0x80000000 f15:0x7fc00000 f12=0x80000000
     178105.000 ns	     17809	80003d00	d0030d53	fcvt.s.w	f26,x6	  x6:0x80040ae0 f26=0xcefff7ea
     178145.000 ns	     17813	80003d04	197c1ad3	fdiv.s	f21,f24,f23	 f24:0x4e8bef20 f23:0xffc00000 f21=0x7fc00000
     178165.000 ns	     17815	80003d08	7ca63193	sltiu	x3,x12,1994	 x12:0x00000000  x3=0x00000001
     178175.000 ns	     17816	80003d0c	3baf8893	addi	x17,x31,954	 x31:0x20000000 x17=0x200003ba
     178195.000 ns	     17818	80003d10	21e52ed3	fsgnjx.s	f29,f10,f30	 f10:0x4e0bf400 f30:0xc1f80000 f29=0xce0bf400
     178225.000 ns	     17821	80003d14	039c89b3	mul	x19,x25,x25	 x25:0x7ffbec1c x25:0x7ffbec1c x19=0xa0aba310
     178255.000 ns	     17824	80003d18	03dc9933	mulh	x18,x25,x29	 x25:0x7ffbec1c x29:0x00000000 x18=0x00000000
     178285.000 ns	     17827	80003d1c	c00e2c53	fcvt.w.s	x24,f28	 f28:0x0000012b x24=0x00000000
     178315.000 ns	     17830	80003d20	02a09bb3	mulh	x23,x1,x10	  x1:0x00000000 x10:0xf75ca184 x23=0x00000000
     178335.000 ns	     17832	80003d24	01185433	srl	x8,x16,x17	 x16:0x00000040 x17:0x200003ba  x8=0x00000000
     178345.000 ns	     17833	80003d28	66410837	lui	x16,0x66410	 x16=0x66410000
     178365.000 ns	     17835	80003d2c	03f50433	mul	x8,x10,x31	 x10:0xf75ca184 x31:0x20000000  x8=0x80000000
     178385.000 ns	     17837	80003d30	009611b3	sll	x3,x12,x9	 x12:0x00000000  x9:0xffffffff  x3=0x00000000
     178405.000 ns	     17839	80003d34	024c19b3	mulh	x19,x24,x4	 x24:0x00000000  x4:0x00000001 x19=0x00000000
     178425.000 ns	     17841	80003d38	dcb97413	andi	x8,x18,-565	 x18:0x00000000  x8=0x00000000
     178435.000 ns	     17842	80003d3c	00000013	addi	x0,x0,0	  x0:0x00000000
     178455.000 ns	     17844	80003d40	03d4e633	rem	x12,x9,x29	  x9:0xffffffff x29:0x00000000 x12=0xffffffff
     178475.000 ns	     17846	80003d44	41105bb3	sra	x23,x0,x17	  x0:0x00000000 x17:0x200003ba x23=0x00000000
     178485.000 ns	     17847	80003d48	440d6797	auipc	x15,0x440d6	 x15=0xc40d9d48
     178505.000 ns	     17849	80003d4c	28d90253	fmin.s	f4,f18,f13	 f18:0xbd8a35e8 f13:0xc0800000  f4=0xc0800000
     178875.000 ns	     17886	80003d50	039c5fb3	divu	x31,x24,x25	 x24:0x00000000 x25:0x7ffbec1c x31=0x00000000
     178905.000 ns	     17889	80003d54	a0451153	flt.s	x2,f10,f4	 f10:0x4e0bf400  f4:0xc0800000  x2=0x00000000
     178935.000 ns	     17892	80003d58	c009f453	fcvt.w.s	x8,f19	 f19:0x0000012b  x8=0x00000000
     178955.000 ns	     17894	80003d5c	ad08b893	sltiu	x17,x17,-1328	 x17:0x200003ba x17=0x00000001
     178965.000 ns	     17895	80003d60	415f5f93	srai	x31,x30,0x15	 x30:0x00000000 x31=0x00000000
     178975.000 ns	     17896	80003d64	40e9f593	andi	x11,x19,1038	 x19:0x00000000 x11=0x00000000
     178985.000 ns	     17897	80003d68	00bb5433	srl	x8,x22,x11	 x22:0x00000000 x11:0x00000001  x8=0x00000000
     178995.000 ns	     17898	80003d6c	00315c33	srl	x24,x2,x3	  x2:0x00000000  x3:0x00000000 x24=0x00000000
     179005.000 ns	     17899	80003d70	a81ffc13	andi	x24,x31,-1407	 x31:0x00000000 x24=0x00000000
     179015.000 ns	     17900	80003d74	e0680893	addi	x17,x16,-506	 x16:0x66410000 x17=0x6640fe06
     179035.000 ns	     17902	80003d78	02864a33	div	x20,x12,x8	 x12:0xffffffff  x8:0x00000000 x20=0xffffffff
     179055.000 ns	     17904	80003d7c	0086d493	srli	x9,x13,0x8	 x13:0x80000000  x9=0x00800000
     179065.000 ns	     17905	80003d80	01666633	or	x12,x12,x22	 x12:0xffffffff x22:0x00000000 x12=0xffffffff
     179075.000 ns	     17906	80003d84	00237bb3	and	x23,x6,x2	  x6:0x80040ae0  x2:0x00000000 x23=0x00000000
     179095.000 ns	     17908	80003d88	022eb7b3	mulhu	x15,x29,x2	 x29:0x00000000  x2:0x00000000 x15=0x00000000
     180275.000 ns	     18026	80003d8c	580b2bd3	fsqrt.s	f23,f22	 f22:0x40800000 f23=0x3fffffae
     180305.000 ns	     18029	80003d90	a08403d3	fle.s	x7,f8,f8	  f8:0x00000000  f8:0x00000000  x7=0x00000001
     180355.000 ns	     18034	80003d94	00841153	fadd.s	f2,f8,f8	  f8:0x00000000  f8:0x00000000  f2=0x00000000
     180385.000 ns	     18037	80003d98	03af2fb3	mulhsu	x31,x30,x26	 x30:0x00000000 x26:0x00081b05 x31=0x00000000
     180415.000 ns	     18040	80003d9c	e0058953	fmv.x.w	x18,f11	 f11:0x40800000 x18=0x40800000
     180435.000 ns	     18042	80003da0	01818633	add	x12,x3,x24	  x3:0x00000000 x24:0x00000000 x12=0x00000000
     180455.000 ns	     18044	80003da4	023dd833	divu	x16,x27,x3	 x27:0x80040fe4  x3:0x00000000 x16=0xffffffff
     180505.000 ns	     18049	80003da8	014a7dd3	fadd.s	f27,f20,f20	 f20:0xcf049318 f20:0xcf049318 f27=0xcf849318
     180535.000 ns	     18052	80003dac	02e4b033	mulhu	x0,x9,x14	  x9:0x00800000 x14:0x00000000
     181715.000 ns	     18170	80003db0	5805fbd3	fsqrt.s	f23,f11	 f11:0x40800000 f23=0x3fffffae
     181735.000 ns	     18172	80003db4	0026feb3	and	x29,x13,x2	 x13:0x80000000  x2:0x00000000 x29=0x00000000
     181755.000 ns	     18174	80003db8	c0051953	fcvt.w.s	x18,f10	 f10:0x4e0bf400 x18=0x22fd0000
     181775.000 ns	     18176	80003dbc	00071d13	slli	x26,x14,0x0	 x14:0x00000000 x26=0x00000000
     181795.000 ns	     18178	80003dc0	a10b80d3	fle.s	x1,f23,f16	 f23:0x3fffffae f16:0x7fc00000  x1=0x00000000
     181845.000 ns	     18183	80003dc4	00a24653	fadd.s	f12,f4,f10	  f4:0xc0800000 f10:0x4e0bf400 f12=0x4e0bf400
     181875.000 ns	     18186	80003dc8	204609d3	fsgnj.s	f19,f12,f4	 f12:0x80000000  f4:0xc0800000 f19=0xce0bf400
     181905.000 ns	     18189	80003dcc	03a6dc33	divu	x24,x13,x26	 x13:0x80000000 x26:0x00000000 x24=0xffffffff
     181925.000 ns	     18191	80003dd0	c0736013	ori	x0,x6,-1017	  x6:0x80040ae0
     182255.000 ns	     18224	80003dd4	19a890d3	fdiv.s	f1,f17,f26	 f17:0x44e66000 f26:0xcefff7ea  f1=0xb5666000
     182305.000 ns	     18229	80003dd8	01de7953	fadd.s	f18,f28,f29	 f28:0x0000012b f29:0xce0bf400 f18=0xce0bf400
     182325.000 ns	     18231	80003ddc	b71f18b7	lui	x17,0xb71f1	 x17=0xb71f1000
     182335.000 ns	     18232	80003de0	ec573093	sltiu	x1,x14,-315	 x14:0x00000000  x1=0x00000001
     182345.000 ns	     18233	80003de4	9e442b37	lui	x22,0x9e442	 x22=0x9e442000
     182355.000 ns	     18234	80003de8	0044d413	srli	x8,x9,0x4	  x9:0x00800000  x8=0x00080000
     182375.000 ns	     18236	80003dec	e00b0153	fmv.x.w	x2,f22	 f22:0x40800000  x2=0x40800000
     182405.000 ns	     18239	80003df0	213d01d3	fsgnj.s	f3,f26,f19	 f26:0xcefff7ea f19:0xce0bf400  f3=0xcefff7ea
     182435.000 ns	     18242	80003df4	21ab2cd3	fsgnjx.s	f25,f22,f26	 f22:0x40800000 f26:0xcefff7ea f25=0xc0800000
     182455.000 ns	     18244	80003df8	014c78b3	and	x17,x24,x20	 x24:0xffffffff x20:0xffffffff x17=0xffffffff
     182475.000 ns	     18246	80003dfc	a16c87d3	fle.s	x15,f25,f22	 f25:0xc0800000 f22:0x40800000 x15=0x00000001
     182495.000 ns	     18248	80003e00	01db3333	sltu	x6,x22,x29	 x22:0x9e442000 x29:0x00000000  x6=0x00000000
     182515.000 ns	     18250	80003e04	21d42253	fsgnjx.s	f4,f8,f29	  f8:0x00000000 f29:0xce0bf400  f4=0x80000000
     182535.000 ns	     18252	80003e08	00fb6593	ori	x11,x22,15	 x22:0x9e442000 x11=0x9e44200f
     182545.000 ns	     18253	80003e0c	4131d633	sra	x12,x3,x19	  x3:0x00000000 x19:0x00000000 x12=0x00000000
     182555.000 ns	     18254	80003e10	00396bb3	or	x23,x18,x3	 x18:0x22fd0000  x3:0x00000000 x23=0x22fd0000
     182595.000 ns	     18258	80003e14	090d88d3	fsub.s	f17,f27,f16	 f27:0xcf849318 f16:0x7fc00000 f17=0x7fc00000
     182615.000 ns	     18260	80003e18	01161033	sll	x0,x12,x17	 x12:0x00000000 x17:0xffffffff
     182625.000 ns	     18261	80003e1c	41750033	sub	x0,x10,x23	 x10:0xf75ca184 x23:0x22fd0000
     182635.000 ns	     18262	80003e20	82432013	slti	x0,x6,-2012	  x6:0x00000000
     182655.000 ns	     18264	80003e24	c01919d3	fcvt.wu.s	x19,f18	 f18:0xce0bf400 x19=0x22fd0000
     182685.000 ns	     18267	80003e28	c005a853	fcvt.w.s	x16,f11	 f11:0x40800000 x16=0x00000004
     182705.000 ns	     18269	80003e2c	00000013	addi	x0,x0,0	  x0:0x00000000
     182735.000 ns	     18272	80003e30	115a90d3	fmul.s	f1,f21,f21	 f21:0x7fc00000 f21:0x7fc00000  f1=0x7fc00000
     182755.000 ns	     18274	80003e34	f13f2713	slti	x14,x30,-237	 x30:0x00000000 x14=0x00000000
     182765.000 ns	     18275	80003e38	00000013	addi	x0,x0,0	  x0:0x00000000
     182785.000 ns	     18277	80003e3c	d0157f53	fcvt.s.wu	f30,x10	 x10:0xf75ca184 f30=0x4f775ca1
     182805.000 ns	     18279	80003e40	aaacc213	xori	x4,x25,-1366	 x25:0x7ffbec1c  x4=0x800416b6
     182825.000 ns	     18281	80003e44	a00100d3	fle.s	x1,f2,f0	  f2:0x00000000  f0:0x00000000  x1=0x00000001
     182855.000 ns	     18284	80003e48	c01074d3	fcvt.wu.s	x9,f0	  f0:0x00000000  x9=0x00000000
     182875.000 ns	     18286	80003e4c	014361b3	or	x3,x6,x20	  x6:0x00000000 x20:0xffffffff  x3=0xffffffff
     182895.000 ns	     18288	80003e50	f00705d3	fmv.w.x	f11,x14	 x14:0x00000000 f11=0x00000000
     182925.000 ns	     18291	80003e54	03b506b3	mul	x13,x10,x27	 x10:0xf75ca184 x27:0x80040fe4 x13=0x42069590
     182965.000 ns	     18295	80003e58	10077fd3	fmul.s	f31,f14,f0	 f14:0x00000000  f0:0x00000000 f31=0x00000000
     182985.000 ns	     18297	80003e5c	004e14b3	sll	x9,x28,x4	 x28:0xfe001040  x4:0x800416b6  x9=0x10000000
     183015.000 ns	     18300	80003e60	11852253	fmul.s	f4,f10,f24	 f10:0x4e0bf400 f24:0x4e8bef20  f4=0x5d19006c
     183035.000 ns	     18302	80003e64	341d3213	sltiu	x4,x26,833	 x26:0x00000000  x4=0x00000001
     183045.000 ns	     18303	80003e68	41dcdc93	srai	x25,x25,0x1d	 x25:0x7ffbec1c x25=0x00000003
     183065.000 ns	     18305	80003e6c	02df2a33	mulhsu	x20,x30,x13	 x30:0x00000000 x13:0x42069590 x20=0x00000000
     183085.000 ns	     18307	80003e70	40c406b3	sub	x13,x8,x12	  x8:0x00080000 x12:0x00000000 x13=0x00080000
     183095.000 ns	     18308	80003e74	008bc7b3	xor	x15,x23,x8	 x23:0x22fd0000  x8:0x00080000 x15=0x22f50000
     183105.000 ns	     18309	80003e78	01cab1b3	sltu	x3,x21,x28	 x21:0x00000001 x28:0xfe001040  x3=0x00000001
     183115.000 ns	     18310	80003e7c	41f15e33	sra	x28,x2,x31	  x2:0x40800000 x31:0x00000000 x28=0x40800000
     183125.000 ns	     18311	80003e80	9653a193	slti	x3,x7,-1691	  x7:0x00000001  x3=0x00000000
     183135.000 ns	     18312	80003e84	01a20d33	add	x26,x4,x26	  x4:0x00000001 x26:0x00000000 x26=0x00000001
     183145.000 ns	     18313	80003e88	40e95b13	srai	x22,x18,0xe	 x18:0x22fd0000 x22=0x00008bf4
     183155.000 ns	     18314	80003e8c	015fa1b3	slt	x3,x31,x21	 x31:0x00000000 x21:0x00000001  x3=0x00000001
     183165.000 ns	     18315	80003e90	ed992b97	auipc	x23,0xed992	 x23=0x6d995e90
     183185.000 ns	     18317	80003e94	d01cb3d3	fcvt.s.wu	f7,x25	 x25:0x00000003  f7=0x40400000
     183205.000 ns	     18319	80003e98	40160033	sub	x0,x12,x1	 x12:0x00000000  x1:0x00000001
     183565.000 ns	     18355	80003e9c	03866733	rem	x14,x12,x24	 x12:0x00000000 x24:0xffffffff x14=0x00000000
     183585.000 ns	     18357	80003ea0	0124d7b3	srl	x15,x9,x18	  x9:0x10000000 x18:0x22fd0000 x15=0x10000000
     183595.000 ns	     18358	80003ea4	0146de93	srli	x29,x13,0x14	 x13:0x00080000 x29=0x00000000
     183605.000 ns	     18359	80003ea8	01a71233	sll	x4,x14,x26	 x14:0x00000000 x26:0x00000001  x4=0x00000000
     183625.000 ns	     18361	80003eac	d00999d3	fcvt.s.w	f19,x19	 x19:0x22fd0000 f19=0x4e0bf400
     183645.000 ns	     18363	80003eb0	4115d193	srai	x3,x11,0x11	 x11:0x9e44200f  x3=0xffffcf22
     183655.000 ns	     18364	80003eb4	00b846b3	xor	x13,x16,x11	 x16:0x00000004 x11:0x9e44200f x13=0x9e44200b
     183675.000 ns	     18366	80003eb8	0242c633	div	x12,x5,x4	  x5:0x80041024  x4:0x00000000 x12=0xffffffff
     183695.000 ns	     18368	80003ebc	41a35813	srai	x16,x6,0x1a	  x6:0x00000000 x16=0x00000000
     183715.000 ns	     18370	80003ec0	214202d3	fsgnj.s	f5,f4,f20	  f4:0x5d19006c f20:0xcf049318  f5=0xdd19006c
     183745.000 ns	     18373	80003ec4	290312d3	fmax.s	f5,f6,f16	  f6:0x7fc00000 f16:0x7fc00000  f5=0x7fc00000
     183765.000 ns	     18375	80003ec8	00f0eeb3	or	x29,x1,x15	  x1:0x00000001 x15:0x10000000 x29=0x10000001
     183785.000 ns	     18377	80003ecc	03952b33	mulhsu	x22,x10,x25	 x10:0xf75ca184 x25:0x00000003 x22=0xffffffff
     183815.000 ns	     18380	80003ed0	d00e48d3	fcvt.s.w	f17,x28	 x28:0x40800000 f17=0x4e810000
     183835.000 ns	     18382	80003ed4	65eb3997	auipc	x19,0x65eb3	 x19=0xe5eb6ed4
     183845.000 ns	     18383	80003ed8	00000013	addi	x0,x0,0	  x0:0x00000000
     183875.000 ns	     18386	80003edc	5801f3d3	fsqrt.s	f7,f3	  f3:0xcefff7ea  f7=0x7fc00000
     183905.000 ns	     18389	80003ee0	a13c9953	flt.s	x18,f25,f19	 f25:0xc0800000 f19:0x4e0bf400 x18=0x00000001
     183935.000 ns	     18392	80003ee4	204618d3	fsgnjn.s	f17,f12,f4	 f12:0x4e0bf400  f4:0x5d19006c f17=0xce0bf400
     183955.000 ns	     18394	80003ee8	013b5c13	srli	x24,x22,0x13	 x22:0xffffffff x24=0x00001fff
     183995.000 ns	     18398	80003eec	011f8b53	fadd.s	f22,f31,f17	 f31:0x00000000 f17:0xce0bf400 f22=0xce0bf400
     184365.000 ns	     18435	80003ef0	02534233	div	x4,x6,x5	  x6:0x00000000  x5:0x80041024  x4=0x00000000
     184395.000 ns	     18438	80003ef4	21989653	fsgnjn.s	f12,f17,f25	 f17:0xce0bf400 f25:0xc0800000 f12=0x4e0bf400
     184425.000 ns	     18441	80003ef8	0309f333	remu	x6,x19,x16	 x19:0xe5eb6ed4 x16:0x00000000  x6=0xe5eb6ed4
     184445.000 ns	     18443	80003efc	40c30133	sub	x2,x6,x12	  x6:0x00000000 x12:0xffffffff  x2=0xe5eb6ed5
     184455.000 ns	     18444	80003f00	e2c1a913	slti	x18,x3,-468	  x3:0xffffcf22 x18=0x00000001
     184465.000 ns	     18445	80003f04	016dd813	srli	x16,x27,0x16	 x27:0x80040fe4 x16=0x00000200
     184825.000 ns	     18481	80003f08	0388fbb3	remu	x23,x17,x24	 x17:0xffffffff x24:0x00001fff x23=0x0000003f
     184855.000 ns	     18484	80003f0c	a02881d3	fle.s	x3,f17,f2	 f17:0xce0bf400  f2:0x00000000  x3=0x00000001
     184885.000 ns	     18487	80003f10	038018b3	mulh	x17,x0,x24	  x0:0x00000000 x24:0x00001fff x17=0x00000000
     184915.000 ns	     18490	80003f14	c0199ed3	fcvt.wu.s	x29,f19	 f19:0x4e0bf400 x29=0x22fd0000
     184945.000 ns	     18493	80003f18	c00c3c53	fcvt.w.s	x24,f24	 f24:0x4e8bef20 x24=0x45f79000
     184965.000 ns	     18495	80003f1c	0130feb3	and	x29,x1,x19	  x1:0x00000001 x19:0xe5eb6ed4 x29=0x00000000
     184975.000 ns	     18496	80003f20	01b35f93	srli	x31,x6,0x1b	  x6:0xe5eb6ed4 x31=0x0000001c
     184985.000 ns	     18497	80003f24	016b57b3	srl	x15,x22,x22	 x22:0xffffffff x22:0xffffffff x15=0x00000001
     185005.000 ns	     18499	80003f28	c0197253	fcvt.wu.s	x4,f18	 f18:0xce0bf400  x4=0x22fd0000
     185035.000 ns	     18502	80003f2c	c01d73d3	fcvt.wu.s	x7,f26	 f26:0xcefff7ea  x7=0x7ffbf500
     185055.000 ns	     18504	80003f30	5a164793	xori	x15,x12,1441	 x12:0xffffffff x15=0xfffffa5e
     185065.000 ns	     18505	80003f34	00a05c33	srl	x24,x0,x10	  x0:0x00000000 x10:0xf75ca184 x24=0x00000000
     185075.000 ns	     18506	80003f38	bb70b113	sltiu	x2,x1,-1097	  x1:0x00000001  x2=0x00000001
     185105.000 ns	     18509	80003f3c	11697fd3	fmul.s	f31,f18,f22	 f18:0xce0bf400 f22:0xce0bf400 f31=0x5c9905c2
     185125.000 ns	     18511	80003f40	00000013	addi	x0,x0,0	  x0:0x00000000
     185135.000 ns	     18512	80003f44	01950eb3	add	x29,x10,x25	 x10:0xf75ca184 x25:0x00000003 x29=0xf75ca187
     185145.000 ns	     18513	80003f48	448eaa13	slti	x20,x29,1096	 x29:0x00000000 x20=0x00000001
     185165.000 ns	     18515	80003f4c	029f9733	mulh	x14,x31,x9	 x31:0x0000001c  x9:0x10000000 x14=0x00000001
     185195.000 ns	     18518	80003f50	f00e0bd3	fmv.w.x	f23,x28	 x28:0x40800000 f23=0x40800000
     185215.000 ns	     18520	80003f54	008bf5b3	and	x11,x23,x8	 x23:0x0000003f  x8:0x00080000 x11=0x00000000
     186385.000 ns	     18637	80003f58	58067d53	fsqrt.s	f26,f12	 f12:0x4e0bf400 f26=0x4645ebd8
     186415.000 ns	     18640	80003f5c	a0ea09d3	fle.s	x19,f20,f14	 f20:0xcf049318 f14:0x00000000 x19=0x00000001
     186445.000 ns	     18643	80003f60	288495d3	fmax.s	f11,f9,f8	  f9:0x7fc00000  f8:0x00000000 f11=0x00000000
     186465.000 ns	     18645	80003f64	00000013	addi	x0,x0,0	  x0:0x00000000
     186475.000 ns	     18646	80003f68	0160d933	srl	x18,x1,x22	  x1:0x00000001 x22:0xffffffff x18=0x00000000
     186515.000 ns	     18650	80003f6c	0120ccd3	fadd.s	f25,f1,f18	  f1:0x7fc00000 f18:0xce0bf400 f25=0x7fc00000
     186535.000 ns	     18652	80003f70	40c95793	srai	x15,x18,0xc	 x18:0x00000001 x15=0x00000000
     186555.000 ns	     18654	80003f74	213b23d3	fsgnjx.s	f7,f22,f19	 f22:0xce0bf400 f19:0x4e0bf400  f7=0xce0bf400
     186895.000 ns	     18688	80003f78	197a7553	fdiv.s	f10,f20,f23	 f20:0xcf049318 f23:0x40800000 f10=0xcd9c3256
     186915.000 ns	     18690	80003f7c	01398bb3	add	x23,x19,x19	 x19:0x00000001 x19:0x00000001 x23=0x00000002
     186925.000 ns	     18691	80003f80	013eaf33	slt	x30,x29,x19	 x29:0xf75ca187 x19:0x00000001 x30=0x00000001
     186935.000 ns	     18692	80003f84	f3af7e93	andi	x29,x30,-198	 x30:0x00000000 x29=0x00000000
     186945.000 ns	     18693	80003f88	00000013	addi	x0,x0,0	  x0:0x00000000
     186965.000 ns	     18695	80003f8c	a05326d3	feq.s	x13,f6,f5	  f6:0x7fc00000  f5:0x7fc00000 x13=0x00000000
     186995.000 ns	     18698	80003f90	a0de8d53	fle.s	x26,f29,f13	 f29:0xce0bf400 f13:0xc0800000 x26=0x00000001
     187015.000 ns	     18700	80003f94	01418833	add	x16,x3,x20	  x3:0x00000001 x20:0x00000001 x16=0x00000002
     187025.000 ns	     18701	80003f98	faed3013	sltiu	x0,x26,-82	 x26:0x00000001
     187045.000 ns	     18703	80003f9c	038046b3	div	x13,x0,x24	  x0:0x00000000 x24:0x00000000 x13=0xffffffff
     187075.000 ns	     18706	80003fa0	c01a78d3	fcvt.wu.s	x17,f20	 f20:0xcf049318 x17=0x84931800
     187095.000 ns	     18708	80003fa4	00bd63b3	or	x7,x26,x11	 x26:0x00000001 x11:0x00000000  x7=0x00000001
     187425.000 ns	     18741	80003fa8	18c57bd3	fdiv.s	f23,f10,f12	 f10:0xcd9c3256 f12:0x4e0bf400 f23=0xbe9c3256
     187795.000 ns	     18778	80003fac	026d70b3	remu	x1,x26,x6	 x26:0x00000001  x6:0xe5eb6ed4  x1=0x00000001
     187815.000 ns	     18780	80003fb0	00000013	addi	x0,x0,0	  x0:0x00000000
     187835.000 ns	     18782	80003fb4	d003b553	fcvt.s.w	f10,x7	  x7:0x00000001 f10=0x3f800000
     187855.000 ns	     18784	80003fb8	92ff0693	addi	x13,x30,-1745	 x30:0x00000001 x13=0xfffff930
     187875.000 ns	     18786	80003fbc	20931453	fsgnjn.s	f8,f6,f9	  f6:0x7fc00000  f9:0x7fc00000  f8=0xffc00000
     187905.000 ns	     18789	80003fc0	a06b9753	flt.s	x14,f23,f6	 f23:0xbe9c3256  f6:0x7fc00000 x14=0x00000000
     187925.000 ns	     18791	80003fc4	00000013	addi	x0,x0,0	  x0:0x00000000
     187945.000 ns	     18793	80003fc8	a03f2bd3	feq.s	x23,f30,f3	 f30:0x4f775ca1  f3:0xcefff7ea x23=0x00000000
     188315.000 ns	     18830	80003fcc	02d4d233	divu	x4,x9,x13	  x9:0x10000000 x13:0xfffff930  x4=0x00000000
     188345.000 ns	     18833	80003fd0	a098a4d3	feq.s	x9,f17,f9	 f17:0xce0bf400  f9:0x7fc00000  x9=0x00000000
     188365.000 ns	     18835	80003fd4	06476613	ori	x12,x14,100	 x14:0x00000000 x12=0x00000064
     188385.000 ns	     18837	80003fd8	c00d7453	fcvt.w.s	x8,f26	 f26:0x4645ebd8  x8=0x0000317a
     188415.000 ns	     18840	80003fdc	02edf333	remu	x6,x27,x14	 x27:0x80040fe4 x14:0x00000000  x6=0x80040fe4
     188445.000 ns	     18843	80003fe0	0336a033	mulhsu	x0,x13,x19	 x13:0xfffff930 x19:0x00000001
     188475.000 ns	     18846	80003fe4	c007b853	fcvt.w.s	x16,f15	 f15:0x7fc00000 x16=0x7fffffff
     188525.000 ns	     18851	80003fe8	014ef053	fadd.s	f0,f29,f20	 f29:0xce0bf400 f20:0xcf049318  f0=0xcf279018
     188555.000 ns	     18854	80003fec	e0050253	fmv.x.w	x4,f10	 f10:0x3f800000  x4=0x3f800000
     188575.000 ns	     18856	80003ff0	005f2cb3	slt	x25,x30,x5	 x30:0x00000001  x5:0x80041024 x25=0x00000000
     188585.000 ns	     18857	80003ff4	00786ab3	or	x21,x16,x7	 x16:0x7fffffff  x7:0x00000001 x21=0x7fffffff
     188595.000 ns	     18858	80003ff8	0049f4b3	and	x9,x19,x4	 x19:0x00000001  x4:0x3f800000  x9=0x00000000
     188605.000 ns	     18859	80003ffc	0123cfb3	xor	x31,x7,x18	  x7:0x00000001 x18:0x00000000 x31=0x00000001
     188615.000 ns	     18860	80004000	001b9933	sll	x18,x23,x1	 x23:0x00000000  x1:0x00000001 x18=0x00000000
     188975.000 ns	     18896	80004004	035877b3	remu	x15,x16,x21	 x16:0x7fffffff x21:0x7fffffff x15=0x00000000
     189005.000 ns	     18899	80004008	e00298d3	fclass.s	x17,f5	  f5:0x7fc00000 x17=0x00000200
     189035.000 ns	     18902	8000400c	02ba8033	mul	x0,x21,x11	 x21:0x7fffffff x11:0x00000000
     189065.000 ns	     18905	80004010	03844fb3	div	x31,x8,x24	  x8:0x0000317a x24:0x00000000 x31=0xffffffff
     189085.000 ns	     18907	80004014	0135cf33	xor	x30,x11,x19	 x11:0x00000000 x19:0x00000001 x30=0x00000001
     189445.000 ns	     18943	80004018	022ff1b3	remu	x3,x31,x2	 x31:0xffffffff  x2:0x00000001  x3=0x00000000
     189475.000 ns	     18946	8000401c	a10e0653	fle.s	x12,f28,f16	 f28:0x0000012b f16:0x7fc00000 x12=0x00000000
     189515.000 ns	     18950	80004020	580974d3	fsqrt.s	f9,f18	 f18:0xce0bf400  f9=0x7fc00000
     189545.000 ns	     18953	80004024	0336b633	mulhu	x12,x13,x19	 x13:0xfffff930 x19:0x00000001 x12=0x00000000
     189575.000 ns	     18956	80004028	2110a653	fsgnjx.s	f12,f1,f17	  f1:0x7fc00000 f17:0xce0bf400 f12=0xffc00000
     189625.000 ns	     18961	8000402c	01f87e53	fadd.s	f28,f16,f31	 f16:0x7fc00000 f31:0x5c9905c2 f28=0x7fc00000
     189645.000 ns	     18963	80004030	00c38733	add	x14,x7,x12	  x7:0x00000001 x12:0x00000000 x14=0x00000001
     189655.000 ns	     18964	80004034	00f6f633	and	x12,x13,x15	 x13:0xfffff930 x15:0x00000000 x12=0x00000000
     189665.000 ns	     18965	80004038	40fdd3b3	sra	x7,x27,x15	 x27:0x80040fe4 x15:0x00000000  x7=0x80040fe4
     189675.000 ns	     18966	8000403c	019e67b3	or	x15,x28,x25	 x28:0x40800000 x25:0x00000000 x15=0x40800000
     189685.000 ns	     18967	80004040	01287c33	and	x24,x16,x18	 x16:0x7fffffff x18:0x00000000 x24=0x00000000
     190045.000 ns	     19003	80004044	025b7e33	remu	x28,x22,x5	 x22:0xffffffff  x5:0x80041024 x28=0x7ffbefdb
     190075.000 ns	     19006	80004048	d01e3253	fcvt.s.wu	f4,x28	 x28:0x40800000  f4=0x4efff7e0
     190095.000 ns	     19008	8000404c	4130d613	srai	x12,x1,0x13	  x1:0x00000001 x12=0x00000000
     190105.000 ns	     19009	80004050	00c7d9b3	srl	x19,x15,x12	 x15:0x40800000 x12:0x00000000 x19=0x40800000
     190115.000 ns	     19010	80004054	63994397	auipc	x7,0x63994	  x7=0xe3998054
     190135.000 ns	     19012	80004058	a17f9c53	flt.s	x24,f31,f23	 f31:0x5c9905c2 f23:0xbe9c3256 x24=0x00000000
     190175.000 ns	     19016	8000405c	580b7753	fsqrt.s	f14,f22	 f22:0xce0bf400 f14=0x7fc00000
     190195.000 ns	     19018	80004060	9d74cc93	xori	x25,x9,-1577	  x9:0x00000000 x25=0xfffff9d7
     190205.000 ns	     19019	80004064	00445b33	srl	x22,x8,x4	  x8:0x0000317a  x4:0x3f800000 x22=0x0000317a
     190215.000 ns	     19020	80004068	ace38693	addi	x13,x7,-1330	  x7:0xe3998054 x13=0xe3997b22
     190225.000 ns	     19021	8000406c	1518fe13	andi	x28,x17,337	 x17:0x00000200 x28=0x00000000
     190235.000 ns	     19022	80004070	00000013	addi	x0,x0,0	  x0:0x00000000
     190255.000 ns	     19024	80004074	299e01d3	fmin.s	f3,f28,f25	 f28:0x7fc00000 f25:0x7fc00000  f3=0x7fc00000
     190285.000 ns	     19027	80004078	29289953	fmax.s	f18,f17,f18	 f17:0xce0bf400 f18:0xce0bf400 f18=0xce0bf400
     190335.000 ns	     19032	8000407c	004cfe53	fadd.s	f28,f25,f4	 f25:0x7fc00000  f4:0x4efff7e0 f28=0x7fc00000
     190365.000 ns	     19035	80004080	d0127dd3	fcvt.s.wu	f27,x4	  x4:0x3f800000 f27=0x4e7e0000
     190705.000 ns	     19069	80004084	194bf8d3	fdiv.s	f17,f23,f20	 f23:0xbe9c3256 f20:0xcf049318 f17=0x2e9c3256
     190735.000 ns	     19072	80004088	022385b3	mul	x11,x7,x2	  x7:0xe3998054  x2:0x00000001 x11=0xe3998054
     191105.000 ns	     19109	8000408c	02d4eb33	rem	x22,x9,x13	  x9:0x00000000 x13:0xe3997b22 x22=0x00000000
     191125.000 ns	     19111	80004090	18e6c993	xori	x19,x13,398	 x13:0xe3997b22 x19=0xe3997aac
     191135.000 ns	     19112	80004094	00000013	addi	x0,x0,0	  x0:0x00000000
     191145.000 ns	     19113	80004098	00b6aeb3	slt	x29,x13,x11	 x13:0xe3997b22 x11:0xe3998054 x29=0x00000001
     191185.000 ns	     19117	8000409c	00860cd3	fadd.s	f25,f12,f8	 f12:0xffc00000  f8:0xffc00000 f25=0x7fc00000
     191555.000 ns	     19154	800040a0	028b75b3	remu	x11,x22,x8	 x22:0x00000000  x8:0x0000317a x11=0x00000000
     191605.000 ns	     19159	800040a4	097e7953	fsub.s	f18,f28,f23	 f28:0x7fc00000 f23:0xbe9c3256 f18=0x7fc00000
     191975.000 ns	     19196	800040a8	034df7b3	remu	x15,x27,x20	 x27:0x80040fe4 x20:0x00000001 x15=0x00000000
     191995.000 ns	     19198	800040ac	01b3e6b3	or	x13,x7,x27	  x7:0xe3998054 x27:0x80040fe4 x13=0xe39d8ff4
     192015.000 ns	     19200	800040b0	033c9eb3	mulh	x29,x25,x19	 x25:0xfffff9d7 x19:0xe3997aac x29=0x000000ae
     192045.000 ns	     19203	800040b4	02700d33	mul	x26,x0,x7	  x0:0x00000000  x7:0xe3998054 x26=0x00000000
     192065.000 ns	     19205	800040b8	88737f13	andi	x30,x6,-1913	  x6:0x80040fe4 x30=0x80040884
     192075.000 ns	     19206	800040bc	9acfce93	xori	x29,x31,-1620	 x31:0xffffffff x29=0x00000653
     192105.000 ns	     19209	800040c0	11e14dd3	fmul.s	f27,f2,f30	  f2:0x00000000 f30:0x4f775ca1 f27=0x00000000
     192135.000 ns	     19212	800040c4	d01bf0d3	fcvt.s.wu	f1,x23	 x23:0x00000000  f1=0x00000000
     192155.000 ns	     19214	800040c8	402ed093	srai	x1,x29,0x2	 x29:0x00000653  x1=0x00000194
     192175.000 ns	     19216	800040cc	f00f02d3	fmv.w.x	f5,x30	 x30:0x80040884  f5=0x80040884
     192195.000 ns	     19218	800040d0	84047c13	andi	x24,x8,-1984	  x8:0x0000317a x24=0x00003040
     192205.000 ns	     19219	800040d4	00b8d5b3	srl	x11,x17,x11	 x17:0x00000200 x11:0x00000000 x11=0x00000200
     192225.000 ns	     19221	800040d8	21c58353	fsgnj.s	f6,f11,f28	 f11:0x00000000 f28:0x7fc00000  f6=0x00000000
     192245.000 ns	     19223	800040dc	01a42133	slt	x2,x8,x26	  x8:0x0000317a x26:0x00000000  x2=0x00000000
     192265.000 ns	     19225	800040e0	d0193ed3	fcvt.s.wu	f29,x18	 x18:0x00000000 f29=0x00000000
     192305.000 ns	     19229	800040e4	1024c3d3	fmul.s	f7,f9,f2	  f9:0x7fc00000  f2:0x00000000  f7=0x7fc00000
     192335.000 ns	     19232	800040e8	a00595d3	flt.s	x11,f11,f0	 f11:0x00000000  f0:0xcf279018 x11=0x00000000
     192365.000 ns	     19235	800040ec	a07b9953	flt.s	x18,f23,f7	 f23:0xbe9c3256  f7:0x7fc00000 x18=0x00000000
     192385.000 ns	     19237	800040f0	4463a193	slti	x3,x7,1094	  x7:0xe3998054  x3=0x00000001
     192395.000 ns	     19238	800040f4	41fcd0b3	sra	x1,x25,x31	 x25:0xfffff9d7 x31:0xffffffff  x1=0xffffffff
     192415.000 ns	     19240	800040f8	03689833	mulh	x16,x17,x22	 x17:0x00000200 x22:0x00000000 x16=0x00000000
     192445.000 ns	     19243	800040fc	218417d3	fsgnjn.s	f15,f8,f24	  f8:0xffc00000 f24:0x4e8bef20 f15=0xffc00000
     192475.000 ns	     19246	80004100	c0071653	fcvt.w.s	x12,f14	 f14:0x7fc00000 x12=0x7fffffff
     192495.000 ns	     19248	80004104	00f8f7b3	and	x15,x17,x15	 x17:0x00000200 x15:0x00000000 x15=0x00000000
     192505.000 ns	     19249	80004108	01583833	sltu	x16,x16,x21	 x16:0x00000000 x21:0x7fffffff x16=0x00000001
     192525.000 ns	     19251	8000410c	a067a9d3	feq.s	x19,f15,f6	 f15:0xffc00000  f6:0x00000000 x19=0x00000000
     192895.000 ns	     19288	80004110	03885333	divu	x6,x16,x24	 x16:0x00000000 x24:0x00003040  x6=0x00000000
     192915.000 ns	     19290	80004114	2f440f13	addi	x30,x8,756	  x8:0x0000317a x30=0x0000346e
     192925.000 ns	     19291	80004118	00000013	addi	x0,x0,0	  x0:0x00000000
     192945.000 ns	     19293	8000411c	c00813d3	fcvt.w.s	x7,f16	 f16:0x7fc00000  x7=0x7fffffff
     192995.000 ns	     19298	80004120	00c191d3	fadd.s	f3,f3,f12	  f3:0x7fc00000 f12:0xffc00000  f3=0x7fc00000
     194175.000 ns	     19416	80004124	58020153	fsqrt.s	f2,f4	  f4:0x4efff7e0  f2=0x473501cc
     194205.000 ns	     19419	80004128	f00d89d3	fmv.w.x	f19,x27	 x27:0x80040fe4 f19=0x80040fe4
     194235.000 ns	     19422	8000412c	e0021d53	fclass.s	x26,f4	  f4:0x4efff7e0 x26=0x00000040
     194255.000 ns	     19424	80004130	1500f413	andi	x8,x1,336	  x1:0xffffffff  x8=0x00000150
     194265.000 ns	     19425	80004134	0134d433	srl	x8,x9,x19	  x9:0x00000000 x19:0x00000000  x8=0x00000000
     194275.000 ns	     19426	80004138	05d36b13	ori	x22,x6,93	  x6:0x00000000 x22=0x0000005d
     194295.000 ns	     19428	8000413c	a12b0153	fle.s	x2,f22,f18	 f22:0xce0bf400 f18:0x7fc00000  x2=0x00000000
     194335.000 ns	     19432	80004140	580e24d3	fsqrt.s	f9,f28	 f28:0x7fc00000  f9=0x7fc00000
     194385.000 ns	     19437	80004144	00227453	fadd.s	f8,f4,f2	  f4:0x4efff7e0  f2:0x473501cc  f8=0x4efff94a
     194415.000 ns	     19440	80004148	c00d9753	fcvt.w.s	x14,f27	 f27:0x00000000 x14=0x00000000
     194445.000 ns	     19443	8000414c	a08d0a53	fle.s	x20,f26,f8	 f26:0x4645ebd8  f8:0x4efff94a x20=0x00000001
     194465.000 ns	     19445	80004150	5cf6ab93	slti	x23,x13,1487	 x13:0xe39d8ff4 x23=0x00000001
     194485.000 ns	     19447	80004154	e00e1bd3	fclass.s	x23,f28	 f28:0x7fc00000 x23=0x00000200
     194535.000 ns	     19452	80004158	08578553	fsub.s	f10,f15,f5	 f15:0xffc00000  f5:0x80040884 f10=0x7fc00000
     194905.000 ns	     19489	8000415c	03487a33	remu	x20,x16,x20	 x16:0x00000001 x20:0x00000001 x20=0x00000000
     194935.000 ns	     19492	80004160	218a9fd3	fsgnjn.s	f31,f21,f24	 f21:0x7fc00000 f24:0x4e8bef20 f31=0xffc00000
     194955.000 ns	     19494	80004164	35eee393	ori	x7,x29,862	 x29:0x00000653  x7=0x0000075f
     194975.000 ns	     19496	80004168	e0028b53	fmv.x.w	x22,f5	  f5:0x80040884 x22=0x80040884
     195005.000 ns	     19499	8000416c	a00caa53	feq.s	x20,f25,f0	 f25:0x7fc00000  f0:0xcf279018 x20=0x00000000
     195055.000 ns	     19504	80004170	00527953	fadd.s	f18,f4,f5	  f4:0x4efff7e0  f5:0x80040884 f18=0x4efff7e0
     195085.000 ns	     19507	80004174	20840fd3	fsgnj.s	f31,f8,f8	  f8:0x4efff94a  f8:0x4efff94a f31=0x4efff94a
     195105.000 ns	     19509	80004178	00401a33	sll	x20,x0,x4	  x0:0x00000000  x4:0x3f800000 x20=0x00000000
     195125.000 ns	     19511	8000417c	a1b825d3	feq.s	x11,f16,f27	 f16:0x7fc00000 f27:0x00000000 x11=0x00000000
     195155.000 ns	     19514	80004180	d0057153	fcvt.s.w	f2,x10	 x10:0xf75ca184  f2=0xcd0a35e7
     195195.000 ns	     19518	80004184	580efcd3	fsqrt.s	f25,f29	 f29:0x00000000 f25=0x00000000
     195215.000 ns	     19520	80004188	00676933	or	x18,x14,x6	 x14:0x00000000  x6:0x00000000 x18=0x00000000
     195255.000 ns	     19524	8000418c	09fa1253	fsub.s	f4,f20,f31	 f20:0xcf049318 f31:0x4efff94a  f4=0xcf8247de
     195625.000 ns	     19561	80004190	03f7d033	divu	x0,x15,x31	 x15:0x00000000 x31:0xffffffff
     195655.000 ns	     19564	80004194	28138e53	fmin.s	f28,f7,f1	  f7:0x7fc00000  f1:0x00000000 f28=0x00000000
     195695.000 ns	     19568	80004198	580bf453	fsqrt.s	f8,f23	 f23:0xbe9c3256  f8=0x7fc00000
     196065.000 ns	     19605	8000419c	02467fb3	remu	x31,x12,x4	 x12:0x7fffffff  x4:0x3f800000 x31=0x00ffffff
     196095.000 ns	     19608	800041a0	212b1e53	fsgnjn.s	f28,f22,f18	 f22:0xce0bf400 f18:0x4efff7e0 f28=0xce0bf400
     196145.000 ns	     19613	800041a4	0155f6d3	fadd.s	f13,f11,f21	 f11:0x00000000 f21:0x7fc00000 f13=0x7fc00000
     196165.000 ns	     19615	800041a8	00f33b33	sltu	x22,x6,x15	  x6:0x00000000 x15:0x00000000 x22=0x00000000
     196185.000 ns	     19617	800041ac	03606933	rem	x18,x0,x22	  x0:0x00000000 x22:0x80040884 x18=0x00000000
     196235.000 ns	     19622	800041b0	00448b53	fadd.s	f22,f9,f4	  f9:0x7fc00000  f4:0xcf8247de f22=0x7fc00000
     196255.000 ns	     19624	800041b4	003544b3	xor	x9,x10,x3	 x10:0xf75ca184  x3:0x00000001  x9=0xf75ca185
     196265.000 ns	     19625	800041b8	29d59a97	auipc	x21,0x29d59	 x21=0xa9d5d1b8
     196285.000 ns	     19627	800041bc	21250d53	fsgnj.s	f26,f10,f18	 f10:0x7fc00000 f18:0x4efff7e0 f26=0x7fc00000
     196315.000 ns	     19630	800041c0	28e297d3	fmax.s	f15,f5,f14	  f5:0x80040884 f14:0x7fc00000 f15=0x80040884
     196335.000 ns	     19632	800041c4	41a7c613	xori	x12,x15,1050	 x15:0x00000000 x12=0x0000041a
     196345.000 ns	     19633	800041c8	01a857b3	srl	x15,x16,x26	 x16:0x00000001 x26:0x00000040 x15=0x00000001
     196385.000 ns	     19637	800041cc	013c87d3	fadd.s	f15,f25,f19	 f25:0x00000000 f19:0x80040fe4 f15=0x80040fe4
     196415.000 ns	     19640	800041d0	c005f3d3	fcvt.w.s	x7,f11	 f11:0x00000000  x7=0x00000000
     196785.000 ns	     19677	800041d4	03a3e133	rem	x2,x7,x26	  x7:0x0000075f x26:0x00000040  x2=0x00000000
     196815.000 ns	     19680	800041d8	e00117d3	fclass.s	x15,f2	  f2:0xcd0a35e7 x15=0x00000002
     196845.000 ns	     19683	800041dc	a08e0d53	fle.s	x26,f28,f8	 f28:0xce0bf400  f8:0x7fc00000 x26=0x00000000
     196895.000 ns	     19688	800041e0	0140b5d3	fadd.s	f11,f1,f20	  f1:0x00000000 f20:0xcf049318 f11=0xcf049318
     196945.000 ns	     19693	800041e4	0113f2d3	fadd.s	f5,f7,f17	  f7:0x7fc00000 f17:0x2e9c3256  f5=0x7fc00000
     196975.000 ns	     19696	800041e8	29649f53	fmax.s	f30,f9,f22	  f9:0x7fc00000 f22:0x7fc00000 f30=0x7fc00000
     196995.000 ns	     19698	800041ec	000140b3	xor	x1,x2,x0	  x2:0x00000000  x0:0x00000000  x1=0x00000000
     197005.000 ns	     19699	800041f0	3262ec13	ori	x24,x5,806	  x5:0x80041024 x24=0x80041326
     197015.000 ns	     19700	800041f4	00be9413	slli	x8,x29,0xb	 x29:0x00000653  x8=0x00329800
     197025.000 ns	     19701	800041f8	fbb6dcb7	lui	x25,0xfbb6d	 x25=0xfbb6d000
     197045.000 ns	     19703	800041fc	a07a0153	fle.s	x2,f20,f7	 f20:0xcf049318  f7:0x7fc00000  x2=0x00000000
     197065.000 ns	     19705	80004200	aed2c493	xori	x9,x5,-1299	  x5:0x80041024  x9=0x7ffbeac9
     197075.000 ns	     19706	80004204	01ae3333	sltu	x6,x28,x26	 x28:0x00000000 x26:0x00000000  x6=0x00000000
     197435.000 ns	     19742	80004208	0298d433	divu	x8,x17,x9	 x17:0x00000200  x9:0xf75ca185  x8=0x00000000
     197455.000 ns	     19744	8000420c	c52d68b7	lui	x17,0xc52d6	 x17=0xc52d6000
     197475.000 ns	     19746	80004210	285a11d3	fmax.s	f3,f20,f5	 f20:0xcf049318  f5:0x7fc00000  f3=0xcf049318
     197505.000 ns	     19749	80004214	29668dd3	fmin.s	f27,f13,f22	 f13:0x7fc00000 f22:0x7fc00000 f27=0x7fc00000
     197555.000 ns	     19754	80004218	01e6f053	fadd.s	f0,f13,f30	 f13:0x7fc00000 f30:0x7fc00000  f0=0x7fc00000
     197575.000 ns	     19756	8000421c	ea460713	addi	x14,x12,-348	 x12:0x0000041a x14=0x000002be
     197585.000 ns	     19757	80004220	64c9b813	sltiu	x16,x19,1612	 x19:0x00000000 x16=0x00000001
     197605.000 ns	     19759	80004224	a01297d3	flt.s	x15,f5,f1	  f5:0x7fc00000  f1:0x00000000 x15=0x00000000
     197635.000 ns	     19762	80004228	a0c71fd3	flt.s	x31,f14,f12	 f14:0x7fc00000 f12:0xffc00000 x31=0x00000000
     197655.000 ns	     19764	8000422c	01c51713	slli	x14,x10,0x1c	 x10:0xf75ca184 x14=0x40000000
     197675.000 ns	     19766	80004230	a1109753	flt.s	x14,f1,f17	  f1:0x00000000 f17:0x2e9c3256 x14=0x00000001
     197695.000 ns	     19768	80004234	2e37ac13	slti	x24,x15,739	 x15:0x00000000 x24=0x00000001
     197705.000 ns	     19769	80004238	41a384b3	sub	x9,x7,x26	  x7:0x00000000 x26:0x00000000  x9=0x00000000
     198065.000 ns	     19805	8000423c	0240e033	rem	x0,x1,x4	  x1:0x00000000  x4:0x3f800000
     198095.000 ns	     19808	80004240	f0038e53	fmv.w.x	f28,x7	  x7:0x00000000 f28=0x00000000
     198125.000 ns	     19811	80004244	032aeeb3	rem	x29,x21,x18	 x21:0xa9d5d1b8 x18:0x00000000 x29=0xa9d5d1b8
     198145.000 ns	     19813	80004248	777c7213	andi	x4,x24,1911	 x24:0x00000001  x4=0x00000001
     198155.000 ns	     19814	8000424c	001445b3	xor	x11,x8,x1	  x8:0x00000000  x1:0x00000000 x11=0x00000000
     198165.000 ns	     19815	80004250	00012e33	slt	x28,x2,x0	  x2:0x00000000  x0:0x00000000 x28=0x00000000
     198185.000 ns	     19817	80004254	a0db1c53	flt.s	x24,f22,f13	 f22:0x7fc00000 f13:0x7fc00000 x24=0x00000000
     198205.000 ns	     19819	80004258	b28cd8b7	lui	x17,0xb28cd	 x17=0xb28cd000
     198565.000 ns	     19855	8000425c	02a5de33	divu	x28,x11,x10	 x11:0x00000000 x10:0xf75ca184 x28=0x00000000
     198595.000 ns	     19858	80004260	c018a053	fcvt.wu.s	x0,f17	 f17:0x2e9c3256
     198615.000 ns	     19860	80004264	7f97b093	sltiu	x1,x15,2041	 x15:0x00000000  x1=0x00000001
     198625.000 ns	     19861	80004268	012f7d33	and	x26,x30,x18	 x30:0x0000346e x18:0x00000000 x26=0x00000000
     198645.000 ns	     19863	8000426c	c0140253	fcvt.wu.s	x4,f8	  f8:0x7fc00000  x4=0xffffffff
     198665.000 ns	     19865	80004270	1b334b93	xori	x23,x6,435	  x6:0x00000000 x23=0x000001b3
     198685.000 ns	     19867	80004274	21442d53	fsgnjx.s	f26,f8,f20	  f8:0x7fc00000 f20:0xcf049318 f26=0xffc00000
     198705.000 ns	     19869	80004278	b60c4d13	xori	x26,x24,-1184	 x24:0x00000000 x26=0xfffffb60
     199065.000 ns	     19905	8000427c	0307d233	divu	x4,x15,x16	 x15:0x00000000 x16:0x00000001  x4=0x00000000
     199085.000 ns	     19907	80004280	b951cd17	auipc	x26,0xb951c	 x26=0x39520280
     199105.000 ns	     19909	80004284	a13610d3	flt.s	x1,f12,f19	 f12:0xffc00000 f19:0x80040fe4  x1=0x00000000
     199135.000 ns	     19912	80004288	21f0ae53	fsgnjx.s	f28,f1,f31	  f1:0x00000000 f31:0x4efff94a f28=0x00000000
     199165.000 ns	     19915	8000428c	207a9753	fsgnjn.s	f14,f21,f7	 f21:0x7fc00000  f7:0x7fc00000 f14=0xffc00000
     199185.000 ns	     19917	80004290	bb2c78b7	lui	x17,0xbb2c7	 x17=0xbb2c7000
     199205.000 ns	     19919	80004294	026234b3	mulhu	x9,x4,x6	  x4:0x00000000  x6:0x00000000  x9=0x00000000
     199225.000 ns	     19921	80004298	00362d33	slt	x26,x12,x3	 x12:0x0000041a  x3:0x00000001 x26=0x00000000
     199245.000 ns	     19923	8000429c	0384f633	remu	x12,x9,x24	  x9:0x00000000 x24:0x00000000 x12=0x00000000
     199615.000 ns	     19960	800042a0	023266b3	rem	x13,x4,x3	  x4:0x00000000  x3:0x00000001 x13=0x00000000
     199645.000 ns	     19963	800042a4	20c92653	fsgnjx.s	f12,f18,f12	 f18:0x4efff7e0 f12:0xffc00000 f12=0xcefff7e0
     199665.000 ns	     19965	800042a8	41028f33	sub	x30,x5,x16	  x5:0x80041024 x16:0x00000001 x30=0x80041023
     199695.000 ns	     19968	800042ac	1058f753	fmul.s	f14,f17,f5	 f17:0x2e9c3256  f5:0x7fc00000 f14=0x7fc00000
     199715.000 ns	     19970	800042b0	a318ab13	slti	x22,x17,-1487	 x17:0xbb2c7000 x22=0x00000001
     199725.000 ns	     19971	800042b4	012a6e33	or	x28,x20,x18	 x20:0x00000000 x18:0x00000000 x28=0x00000000
     199735.000 ns	     19972	800042b8	7c52c993	xori	x19,x5,1989	  x5:0x80041024 x19=0x800417e1
     199745.000 ns	     19973	800042bc	01c870b3	and	x1,x16,x28	 x16:0x00000001 x28:0x00000000  x1=0x00000000
     199755.000 ns	     19974	800042c0	019da9b3	slt	x19,x27,x25	 x27:0x80040fe4 x25:0xfbb6d000 x19=0x00000001
     199775.000 ns	     19976	800042c4	291a9f53	fmax.s	f30,f21,f17	 f21:0x7fc00000 f17:0x2e9c3256 f30=0x2e9c3256
     199815.000 ns	     19980	800042c8	10934053	fmul.s	f0,f6,f9	  f6:0x00000000  f9:0x7fc00000  f0=0x7fc00000
     199835.000 ns	     19982	800042cc	16754613	xori	x12,x10,359	 x10:0xf75ca184 x12=0xf75ca0e3
     199855.000 ns	     19984	800042d0	e00f1f53	fclass.s	x30,f30	 f30:0x2e9c3256 x30=0x00000040
     199875.000 ns	     19986	800042d4	41b35733	sra	x14,x6,x27	  x6:0x00000000 x27:0x80040fe4 x14=0x00000000
     199885.000 ns	     19987	800042d8	01d10a33	add	x20,x2,x29	  x2:0x00000000 x29:0xa9d5d1b8 x20=0xa9d5d1b8
     199895.000 ns	     19988	800042dc	00000013	addi	x0,x0,0	  x0:0x00000000
     200255.000 ns	     20024	800042e0	023e56b3	divu	x13,x28,x3	 x28:0x00000000  x3:0x00000001 x13=0x00000000
     200305.000 ns	     20029	800042e4	09b9f753	fsub.s	f14,f19,f27	 f19:0x80040fe4 f27:0x7fc00000 f14=0x7fc00000
     200335.000 ns	     20032	800042e8	d014cb53	fcvt.s.wu	f22,x9	  x9:0x00000000 f22=0x00000000
     200355.000 ns	     20034	800042ec	66343493	sltiu	x9,x8,1635	  x8:0x00000000  x9=0x00000001
     200685.000 ns	     20067	800042f0	183c1653	fdiv.s	f12,f24,f3	 f24:0x4e8bef20  f3:0xcf049318 f12=0xbe8bef20
     200715.000 ns	     20070	800042f4	c01378d3	fcvt.wu.s	x17,f6	  f6:0x00000000 x17=0x00000000
     200745.000 ns	     20073	800042f8	e0020ed3	fmv.x.w	x29,f4	  f4:0xcf8247de x29=0xcf8247de
     200765.000 ns	     20075	800042fc	57c36893	ori	x17,x6,1404	  x6:0x00000000 x17=0x0000057c
     200775.000 ns	     20076	80004300	b3f34413	xori	x8,x6,-1217	  x6:0x00000000  x8=0xfffffb3f
     200785.000 ns	     20077	80004304	001dae33	slt	x28,x27,x1	 x27:0x80040fe4  x1:0x00000000 x28=0x00000001
     200795.000 ns	     20078	80004308	0140c733	xor	x14,x1,x20	  x1:0x00000000 x20:0xa9d5d1b8 x14=0xa9d5d1b8
     200815.000 ns	     20080	8000430c	d014fcd3	fcvt.s.wu	f25,x9	  x9:0x00000001 f25=0x3f800000
     200835.000 ns	     20082	80004310	407d5133	sra	x2,x26,x7	 x26:0x00000000  x7:0x00000000  x2=0x00000000
     200855.000 ns	     20084	80004314	294989d3	fmin.s	f19,f19,f20	 f19:0x80040fe4 f20:0xcf049318 f19=0xcf049318
     200875.000 ns	     20086	80004318	00d49c33	sll	x24,x9,x13	  x9:0x00000001 x13:0x00000000 x24=0x00000001
     200885.000 ns	     20087	8000431c	407dde33	sra	x28,x27,x7	 x27:0x80040fe4  x7:0x00000000 x28=0x80040fe4
     200895.000 ns	     20088	80004320	ba5d0a13	addi	x20,x26,-1115	 x26:0x00000000 x20=0xfffffba5
     200915.000 ns	     20090	80004324	a1ef2bd3	feq.s	x23,f30,f30	 f30:0x2e9c3256 f30:0x2e9c3256 x23=0x00000001
     200945.000 ns	     20093	80004328	02cc2a33	mulhsu	x20,x24,x12	 x24:0x00000001 x12:0xf75ca0e3 x20=0x00000000
     201315.000 ns	     20130	8000432c	02c947b3	div	x15,x18,x12	 x18:0x00000000 x12:0xf75ca0e3 x15=0x00000000
     201335.000 ns	     20132	80004330	aefcff93	andi	x31,x25,-1297	 x25:0xfbb6d000 x31=0xfbb6d000
     201375.000 ns	     20136	80004334	08e170d3	fsub.s	f1,f2,f14	  f2:0xcd0a35e7 f14:0x7fc00000  f1=0x7fc00000
     201415.000 ns	     20140	80004338	195a92d3	fdiv.s	f5,f21,f21	 f21:0x7fc00000 f21:0x7fc00000  f5=0x7fc00000
     201435.000 ns	     20142	8000433c	00191ab3	sll	x21,x18,x1	 x18:0x00000000  x1:0x00000000 x21=0x00000000
     201445.000 ns	     20143	80004340	70d9b713	sltiu	x14,x19,1805	 x19:0x00000001 x14=0x00000001
     201455.000 ns	     20144	80004344	015e8733	add	x14,x29,x21	 x29:0xcf8247de x21:0xa9d5d1b8 x14=0xcf8247de
     201465.000 ns	     20145	80004348	01f3f733	and	x14,x7,x31	  x7:0x00000000 x31:0xfbb6d000 x14=0x00000000
     201495.000 ns	     20148	8000434c	58051c53	fsqrt.s	f24,f10	 f10:0x7fc00000 f24=0x7fc00000
     201515.000 ns	     20150	80004350	01273d33	sltu	x26,x14,x18	 x14:0xcf8247de x18:0x00000000 x26=0x00000000
     201535.000 ns	     20152	80004354	21589953	fsgnjn.s	f18,f17,f21	 f17:0x2e9c3256 f21:0x7fc00000 f18=0xae9c3256
     201565.000 ns	     20155	80004358	29dc14d3	fmax.s	f9,f24,f29	 f24:0x7fc00000 f29:0x00000000  f9=0x00000000
     201935.000 ns	     20192	8000435c	033676b3	remu	x13,x12,x19	 x12:0xf75ca0e3 x19:0x00000001 x13=0x00000000
     201955.000 ns	     20194	80004360	4190db13	srai	x22,x1,0x19	  x1:0x00000000 x22=0x00000000
     201975.000 ns	     20196	80004364	02c81233	mulh	x4,x16,x12	 x16:0x00000001 x12:0xf75ca0e3  x4=0xffffffff
     201995.000 ns	     20198	80004368	4ca9b193	sltiu	x3,x19,1226	 x19:0x00000001  x3=0x00000001
     202015.000 ns	     20200	8000436c	e00e1853	fclass.s	x16,f28	 f28:0x00000000 x16=0x00000010
     202045.000 ns	     20203	80004370	21d82cd3	fsgnjx.s	f25,f16,f29	 f16:0x7fc00000 f29:0x00000000 f25=0x7fc00000
     202095.000 ns	     20208	80004374	08310dd3	fsub.s	f27,f2,f3	  f2:0xcd0a35e7  f3:0xcf049318 f27=0x4ef7df73
     202465.000 ns	     20245	80004378	024f5133	divu	x2,x30,x4	 x30:0x00000040  x4:0xffffffff  x2=0x00000000
     202495.000 ns	     20248	8000437c	a12eacd3	feq.s	x25,f29,f18	 f29:0x00000000 f18:0xae9c3256 x25=0x00000000
     202515.000 ns	     20250	80004380	00000013	addi	x0,x0,0	  x0:0x00000000
     202525.000 ns	     20251	80004384	a9a98913	addi	x18,x19,-1382	 x19:0x00000001 x18=0xfffffa9b
     202555.000 ns	     20254	80004388	107275d3	fmul.s	f11,f4,f7	  f4:0xcf8247de  f7:0x7fc00000 f11=0x7fc00000
     202585.000 ns	     20257	8000438c	28ce8b53	fmin.s	f22,f29,f12	 f29:0x00000000 f12:0xbe8bef20 f22=0xbe8bef20
     202615.000 ns	     20260	80004390	026c3e33	mulhu	x28,x24,x6	 x24:0x00000001  x6:0x00000000 x28=0x00000000
     202655.000 ns	     20264	80004394	199275d3	fdiv.s	f11,f4,f25	  f4:0xcf8247de f25:0x7fc00000 f11=0x7fc00000
     202685.000 ns	     20267	80004398	034e5733	divu	x14,x28,x20	 x28:0x00000000 x20:0x00000000 x14=0xffffffff
     202735.000 ns	     20272	8000439c	00653553	fadd.s	f10,f10,f6	 f10:0x7fc00000  f6:0x00000000 f10=0x7fc00000
     202755.000 ns	     20274	800043a0	88a80793	addi	x15,x16,-1910	 x16:0x00000010 x15=0xfffff89a
     202765.000 ns	     20275	800043a4	00081633	sll	x12,x16,x0	 x16:0x00000010  x0:0x00000000 x12=0x00000010
     202775.000 ns	     20276	800043a8	014c9793	slli	x15,x25,0x14	 x25:0x00000000 x15=0x00000000
     202785.000 ns	     20277	800043ac	01a8d3b3	srl	x7,x17,x26	 x17:0x0000057c x26:0x00000000  x7=0x0000057c
     202795.000 ns	     20278	800043b0	01d8b033	sltu	x0,x17,x29	 x17:0x0000057c x29:0xcf8247de
     202805.000 ns	     20279	800043b4	7560ce13	xori	x28,x1,1878	  x1:0x00000000 x28=0x00000756
     202825.000 ns	     20281	800043b8	299e9ad3	fmax.s	f21,f29,f25	 f29:0x00000000 f25:0x7fc00000 f21=0x00000000
     203195.000 ns	     20318	800043bc	03f178b3	remu	x17,x2,x31	  x2:0x00000000 x31:0xfbb6d000 x17=0x00000000
     203225.000 ns	     20321	800043c0	e0011753	fclass.s	x14,f2	  f2:0xcd0a35e7 x14=0x00000002
     203245.000 ns	     20323	800043c4	a6a0fc13	andi	x24,x1,-1430	  x1:0x00000000 x24=0x00000000
     203275.000 ns	     20326	800043c8	19ccae53	fdiv.s	f28,f25,f28	 f25:0x7fc00000 f28:0x00000000 f28=0x7fc00000
     203295.000 ns	     20328	800043cc	e5f67793	andi	x15,x12,-417	 x12:0x00000010 x15=0x00000010
     203305.000 ns	     20329	800043d0	011cb1b3	sltu	x3,x25,x17	 x25:0x00000000 x17:0x00000000  x3=0x00000000
     203325.000 ns	     20331	800043d4	0342ee33	rem	x28,x5,x20	  x5:0x80041024 x20:0x00000000 x28=0x80041024
     203345.000 ns	     20333	800043d8	41e97bb7	lui	x23,0x41e97	 x23=0x41e97000
     203365.000 ns	     20335	800043dc	20768b53	fsgnj.s	f22,f13,f7	 f13:0x7fc00000  f7:0x7fc00000 f22=0x7fc00000
     203395.000 ns	     20338	800043e0	219fadd3	fsgnjx.s	f27,f31,f25	 f31:0x4efff94a f25:0x7fc00000 f27=0x4efff94a
     203425.000 ns	     20341	800043e4	29f80a53	fmin.s	f20,f16,f31	 f16:0x7fc00000 f31:0x4efff94a f20=0x4efff94a
     203455.000 ns	     20344	800043e8	c0060b53	fcvt.w.s	x22,f12	 f12:0xbe8bef20 x22=0x00000000
     203475.000 ns	     20346	800043ec	00975733	srl	x14,x14,x9	 x14:0x00000002  x9:0x00000001 x14=0x00000001
     203835.000 ns	     20382	800043f0	0242cab3	div	x21,x5,x4	  x5:0x80041024  x4:0xffffffff x21=0x7ffbefdc
     203855.000 ns	     20384	800043f4	0114d5b3	srl	x11,x9,x17	  x9:0x00000001 x17:0x00000000 x11=0x00000001
     203875.000 ns	     20386	800043f8	c01e74d3	fcvt.wu.s	x9,f28	 f28:0x7fc00000  x9=0xffffffff
     203925.000 ns	     20391	800043fc	00f62753	fadd.s	f14,f12,f15	 f12:0xbe8bef20 f15:0x80040fe4 f14=0xbe8bef20
     203945.000 ns	     20393	80004400	0181fb33	and	x22,x3,x24	  x3:0x00000000 x24:0x00000000 x22=0x00000000
     203965.000 ns	     20395	80004404	03633233	mulhu	x4,x6,x22	  x6:0x00000000 x22:0x00000000  x4=0x00000000
     203985.000 ns	     20397	80004408	01aafe33	and	x28,x21,x26	 x21:0x7ffbefdc x26:0x00000000 x28=0x00000000
     203995.000 ns	     20398	8000440c	01ecc733	xor	x14,x25,x30	 x25:0x00000000 x30:0x00000040 x14=0x00000040
     204015.000 ns	     20400	80004410	0210a9b3	mulhsu	x19,x1,x1	  x1:0x00000000  x1:0x00000000 x19=0x00000000
     204035.000 ns	     20402	80004414	401356b3	sra	x13,x6,x1	  x6:0x00000000  x1:0x00000000 x13=0x00000000
     204055.000 ns	     20404	80004418	29e18c53	fmin.s	f24,f3,f30	  f3:0xcf049318 f30:0x2e9c3256 f24=0xcf049318
     204085.000 ns	     20407	8000441c	20358353	fsgnj.s	f6,f11,f3	 f11:0x7fc00000  f3:0xcf049318  f6=0xffc00000
     204115.000 ns	     20410	80004420	03ffabb3	mulhsu	x23,x31,x31	 x31:0xfbb6d000 x31:0xfbb6d000 x23=0xfbc92e6c
     204145.000 ns	     20413	80004424	0242f833	remu	x16,x5,x4	  x5:0x80041024  x4:0x00000000 x16=0x80041024
     204175.000 ns	     20416	80004428	032f1fb3	mulh	x31,x30,x18	 x30:0x00000040 x18:0xfffffa9b x31=0xffffffff
     204205.000 ns	     20419	8000442c	c00289d3	fcvt.w.s	x19,f5	  f5:0x7fc00000 x19=0x7fffffff
     204235.000 ns	     20422	80004430	036dd6b3	divu	x13,x27,x22	 x27:0x80040fe4 x22:0x00000000 x13=0xffffffff
     204265.000 ns	     20425	80004434	d0067c53	fcvt.s.w	f24,x12	 x12:0x00000010 f24=0x41800000
     204295.000 ns	     20428	80004438	03104333	div	x6,x0,x17	  x0:0x00000000 x17:0x00000000  x6=0xffffffff
     204315.000 ns	     20430	8000443c	0049e133	or	x2,x19,x4	 x19:0x7fffffff  x4:0x00000000  x2=0x7fffffff
     204335.000 ns	     20432	80004440	28c11ad3	fmax.s	f21,f2,f12	  f2:0xcd0a35e7 f12:0xbe8bef20 f21=0xbe8bef20
     204365.000 ns	     20435	80004444	c00a7e53	fcvt.w.s	x28,f20	 f20:0x4efff94a x28=0x7ffca500
     204395.000 ns	     20438	80004448	20dfa253	fsgnjx.s	f4,f31,f13	 f31:0x4efff94a f13:0x7fc00000  f4=0x4efff94a
     204445.000 ns	     20443	8000444c	015c8553	fadd.s	f10,f25,f21	 f25:0x7fc00000 f21:0xbe8bef20 f10=0x7fc00000
     204465.000 ns	     20445	80004450	d6693013	sltiu	x0,x18,-666	 x18:0xfffffa9b
     204475.000 ns	     20446	80004454	01ba9eb3	sll	x29,x21,x27	 x21:0x7ffbefdc x27:0x80040fe4 x29=0xffbefdc0
     204495.000 ns	     20448	80004458	2134afd3	fsgnjx.s	f31,f9,f19	  f9:0x00000000 f19:0xcf049318 f31=0x80000000
     204525.000 ns	     20451	8000445c	213ca3d3	fsgnjx.s	f7,f25,f19	 f25:0x7fc00000 f19:0xcf049318  f7=0xffc00000
     204565.000 ns	     20455	80004460	11c0c253	fmul.s	f4,f1,f28	  f1:0x7fc00000 f28:0x7fc00000  f4=0x7fc00000
     204595.000 ns	     20458	80004464	e0058d53	fmv.x.w	x26,f11	 f11:0x7fc00000 x26=0x7fc00000
     204965.000 ns	     20495	80004468	02c9f4b3	remu	x9,x19,x12	 x19:0x7fffffff x12:0x00000010  x9=0x0000000f
     204985.000 ns	     20497	8000446c	01eb5313	srli	x6,x22,0x1e	 x22:0x00000000  x6=0x00000000
     204995.000 ns	     20498	80004470	d719ec13	ori	x24,x19,-655	 x19:0x7fffffff x24=0xffffffff
     205005.000 ns	     20499	80004474	26dc3e93	sltiu	x29,x24,621	 x24:0x00000000 x29=0x00000000
     205045.000 ns	     20503	80004478	083ff2d3	fsub.s	f5,f31,f3	 f31:0x80000000  f3:0xcf049318  f5=0x4f049318
     205075.000 ns	     20506	8000447c	02122233	mulhsu	x4,x4,x1	  x4:0x00000000  x1:0x00000000  x4=0x00000000
     205105.000 ns	     20509	80004480	a0479a53	flt.s	x20,f15,f4	 f15:0x80040fe4  f4:0x7fc00000 x20=0x00000000
     205125.000 ns	     20511	80004484	000618b3	sll	x17,x12,x0	 x12:0x00000010  x0:0x00000000 x17=0x00000010
     205145.000 ns	     20513	80004488	e0088453	fmv.x.w	x8,f17	 f17:0x2e9c3256  x8=0x2e9c3256
     205175.000 ns	     20516	8000448c	e0060853	fmv.x.w	x16,f12	 f12:0xbe8bef20 x16=0xbe8bef20
     205205.000 ns	     20519	80004490	c00078d3	fcvt.w.s	x17,f0	  f0:0x7fc00000 x17=0x7fffffff
     205225.000 ns	     20521	80004494	01a88ab3	add	x21,x17,x26	 x17:0x00000010 x26:0x7fc00000 x21=0xffbfffff
     205245.000 ns	     20523	80004498	d0077ed3	fcvt.s.w	f29,x14	 x14:0x00000040 f29=0x42800000
     205275.000 ns	     20526	8000449c	208f9053	fsgnjn.s	f0,f31,f8	 f31:0x80000000  f8:0x7fc00000  f0=0x80000000
     205295.000 ns	     20528	800044a0	010a2833	slt	x16,x20,x16	 x20:0x00000000 x16:0xbe8bef20 x16=0x00000000
     205655.000 ns	     20564	800044a4	0354f6b3	remu	x13,x9,x21	  x9:0x0000000f x21:0xffbfffff x13=0x0000000f
     206025.000 ns	     20601	800044a8	03ba6bb3	rem	x23,x20,x27	 x20:0x00000000 x27:0x80040fe4 x23=0x00000000
     206395.000 ns	     20638	800044ac	0259e433	rem	x8,x19,x5	 x19:0x7fffffff  x5:0x80041024  x8=0x00041023
     206425.000 ns	     20641	800044b0	285d8b53	fmin.s	f22,f27,f5	 f27:0x4efff94a  f5:0x4f049318 f22=0x4efff94a
     206455.000 ns	     20644	800044b4	a0e128d3	feq.s	x17,f2,f14	  f2:0xcd0a35e7 f14:0xbe8bef20 x17=0x00000000
     206485.000 ns	     20647	800044b8	0240a3b3	mulhsu	x7,x1,x4	  x1:0x00000000  x4:0x00000000  x7=0x00000000
     206515.000 ns	     20650	800044bc	f00d07d3	fmv.w.x	f15,x26	 x26:0x7fc00000 f15=0x7fc00000
     206545.000 ns	     20653	800044c0	e00f99d3	fclass.s	x19,f31	 f31:0x80000000 x19=0x00000008
     206575.000 ns	     20656	800044c4	e0069fd3	fclass.s	x31,f13	 f13:0x7fc00000 x31=0x00000200
     206615.000 ns	     20660	800044c8	1927c853	fdiv.s	f16,f15,f18	 f15:0x7fc00000 f18:0xae9c3256 f16=0x7fc00000
     206635.000 ns	     20662	800044cc	c92fb193	sltiu	x3,x31,-878	 x31:0x00000200  x3=0x00000001
     206645.000 ns	     20663	800044d0	001ed233	srl	x4,x29,x1	 x29:0x00000000  x1:0x00000000  x4=0x00000000
     206655.000 ns	     20664	800044d4	dbd60713	addi	x14,x12,-579	 x12:0x00000010 x14=0xfffffdcd
     206675.000 ns	     20666	800044d8	28ab0c53	fmin.s	f24,f22,f10	 f22:0x4efff94a f10:0x7fc00000 f24=0x4efff94a
     206705.000 ns	     20669	800044dc	d014f453	fcvt.s.wu	f8,x9	  x9:0x0000000f  f8=0x41700000
     206735.000 ns	     20672	800044e0	03928433	mul	x8,x5,x25	  x5:0x80041024 x25:0x00000000  x8=0x00000000
     206765.000 ns	     20675	800044e4	e00c8853	fmv.x.w	x16,f25	 f25:0x7fc00000 x16=0x7fc00000
     206795.000 ns	     20678	800044e8	e00f0353	fmv.x.w	x6,f30	 f30:0x2e9c3256  x6=0x2e9c3256
     206815.000 ns	     20680	800044ec	018b6133	or	x2,x22,x24	 x22:0x00000000 x24:0xffffffff  x2=0xffffffff
     206825.000 ns	     20681	800044f0	416a5093	srai	x1,x20,0x16	 x20:0x00000000  x1=0x00000000
     206845.000 ns	     20683	800044f4	c017f3d3	fcvt.wu.s	x7,f15	 f15:0x7fc00000  x7=0xffffffff
     206875.000 ns	     20686	800044f8	a18f10d3	flt.s	x1,f30,f24	 f30:0x2e9c3256 f24:0x4efff94a  x1=0x00000001
     206905.000 ns	     20689	800044fc	28c00ad3	fmin.s	f21,f0,f12	  f0:0x80000000 f12:0xbe8bef20 f21=0xbe8bef20
     206955.000 ns	     20694	80004500	00b3a853	fadd.s	f16,f7,f11	  f7:0xffc00000 f11:0x7fc00000 f16=0x7fc00000
     206975.000 ns	     20696	80004504	51d546b7	lui	x13,0x51d54	 x13=0x51d54000
     206995.000 ns	     20698	80004508	208713d3	fsgnjn.s	f7,f14,f8	 f14:0xbe8bef20  f8:0x41700000  f7=0xbe8bef20
     207025.000 ns	     20701	8000450c	03738eb3	mul	x29,x7,x23	  x7:0xffffffff x23:0x00000000 x29=0x00000000
     207045.000 ns	     20703	80004510	25e6e493	ori	x9,x13,606	 x13:0x51d54000  x9=0x51d5425e
     207065.000 ns	     20705	80004514	03de2333	mulhsu	x6,x28,x29	 x28:0x7ffca500 x29:0x00000000  x6=0x00000000
     207085.000 ns	     20707	80004518	744de593	ori	x11,x27,1860	 x27:0x80040fe4 x11=0x80040fe4
     207115.000 ns	     20710	8000451c	10094c53	fmul.s	f24,f18,f0	 f18:0xae9c3256  f0:0x80000000 f24=0x00000000
     207135.000 ns	     20712	80004520	7625be93	sltiu	x29,x11,1890	 x11:0x00000001 x29=0x00000000
     207145.000 ns	     20713	80004524	0034b4b3	sltu	x9,x9,x3	  x9:0x51d5425e  x3:0x00000001  x9=0x00000000
     207155.000 ns	     20714	80004528	002f5d33	srl	x26,x30,x2	 x30:0x00000040  x2:0xffffffff x26=0x00000000
     207185.000 ns	     20717	8000452c	11423bd3	fmul.s	f23,f4,f20	  f4:0x7fc00000 f20:0x4efff94a f23=0x7fc00000
     207215.000 ns	     20720	80004530	e00d9353	fclass.s	x6,f27	 f27:0x4efff94a  x6=0x00000040
     207265.000 ns	     20725	80004534	08027153	fsub.s	f2,f4,f0	  f4:0x7fc00000  f0:0x80000000  f2=0x7fc00000
     207295.000 ns	     20728	80004538	20a32bd3	fsgnjx.s	f23,f6,f10	  f6:0xffc00000 f10:0x7fc00000 f23=0xffc00000
     207315.000 ns	     20730	8000453c	00251d33	sll	x26,x10,x2	 x10:0xf75ca184  x2:0xffffffff x26=0x00000000
     207335.000 ns	     20732	80004540	d01432d3	fcvt.s.wu	f5,x8	  x8:0x00000000  f5=0x00000000
     207355.000 ns	     20734	80004544	0a80e093	ori	x1,x1,168	  x1:0x00000001  x1=0x000000a9
     207365.000 ns	     20735	80004548	00000013	addi	x0,x0,0	  x0:0x00000000
     207375.000 ns	     20736	8000454c	0166a933	slt	x18,x13,x22	 x13:0x51d54000 x22:0x00000000 x18=0x00000000
     207385.000 ns	     20737	80004550	7363ef13	ori	x30,x7,1846	  x7:0xffffffff x30=0xffffffff
     207405.000 ns	     20739	80004554	e0060d53	fmv.x.w	x26,f12	 f12:0xbe8bef20 x26=0xbe8bef20
     207435.000 ns	     20742	80004558	e0058fd3	fmv.x.w	x31,f11	 f11:0x7fc00000 x31=0x7fc00000
     207455.000 ns	     20744	8000455c	40c70bb7	lui	x23,0x40c70	 x23=0x40c70000
     207475.000 ns	     20746	80004560	f0018853	fmv.w.x	f16,x3	  x3:0x00000001 f16=0x00000001
     207495.000 ns	     20748	80004564	00daf8b3	and	x17,x21,x13	 x21:0xffbfffff x13:0x51d54000 x17=0x51954000
     207515.000 ns	     20750	80004568	29c30053	fmin.s	f0,f6,f28	  f6:0xffc00000 f28:0x7fc00000  f0=0x7fc00000
     207545.000 ns	     20753	8000456c	d0047ad3	fcvt.s.w	f21,x8	  x8:0x00000000 f21=0x00000000
     207915.000 ns	     20790	80004570	0235cc33	div	x24,x11,x3	 x11:0x80040fe4  x3:0x00000001 x24=0x80040fe4
     207935.000 ns	     20792	80004574	38c04193	xori	x3,x0,908	  x0:0x00000000  x3=0x0000038c
     207965.000 ns	     20795	80004578	580e7fd3	fsqrt.s	f31,f28	 f28:0x7fc00000 f31=0x7fc00000
     207985.000 ns	     20797	8000457c	00000013	addi	x0,x0,0	  x0:0x00000000
     208005.000 ns	     20799	80004580	a03c1bd3	flt.s	x23,f24,f3	 f24:0x00000000  f3:0xcf049318 x23=0x00000000
     208035.000 ns	     20802	80004584	e00717d3	fclass.s	x15,f14	 f14:0xbe8bef20 x15=0x00000002
     208065.000 ns	     20805	80004588	a0e92ad3	feq.s	x21,f18,f14	 f18:0xae9c3256 f14:0xbe8bef20 x21=0x00000000
     208105.000 ns	     20809	8000458c	18e31bd3	fdiv.s	f23,f6,f14	  f6:0xffc00000 f14:0xbe8bef20 f23=0x7fc00000
     208135.000 ns	     20812	80004590	200c2653	fsgnjx.s	f12,f24,f0	 f24:0x00000000  f0:0x7fc00000 f12=0x00000000
     208155.000 ns	     20814	80004594	00dbdb13	srli	x22,x23,0xd	 x23:0x00000000 x22=0x00000000
     208175.000 ns	     20816	80004598	a0e2a5d3	feq.s	x11,f5,f14	  f5:0x00000000 f14:0xbe8bef20 x11=0x00000000
     208205.000 ns	     20819	8000459c	e00204d3	fmv.x.w	x9,f4	  f4:0x7fc00000  x9=0x7fc00000
     208225.000 ns	     20821	800045a0	2e6f7e13	andi	x28,x30,742	 x30:0xffffffff x28=0x000002e6
     208235.000 ns	     20822	800045a4	01cdfd33	and	x26,x27,x28	 x27:0x80040fe4 x28:0x7ffca500 x26=0x000002e4
     208595.000 ns	     20858	800045a8	03efe3b3	rem	x7,x31,x30	 x31:0x7fc00000 x30:0xffffffff  x7=0x00000000
     208625.000 ns	     20861	800045ac	e00d8053	fmv.x.w	x0,f27	 f27:0x4efff94a
     208655.000 ns	     20864	800045b0	0398a8b3	mulhsu	x17,x17,x25	 x17:0x51954000 x25:0x00000000 x17=0x00000000
     208685.000 ns	     20867	800045b4	025ba6b3	mulhsu	x13,x23,x5	 x23:0x00000000  x5:0x80041024 x13=0x00000000
     208705.000 ns	     20869	800045b8	0026c6b3	xor	x13,x13,x2	 x13:0x51d54000  x2:0xffffffff x13=0xffffffff
     208715.000 ns	     20870	800045bc	009aa833	slt	x16,x21,x9	 x21:0x00000000  x9:0x7fc00000 x16=0x00000001
     208725.000 ns	     20871	800045c0	01e4d6b3	srl	x13,x9,x30	  x9:0x7fc00000 x30:0xffffffff x13=0x00000000
     208735.000 ns	     20872	800045c4	01ed5e93	srli	x29,x26,0x1e	 x26:0x000002e4 x29=0x00000000
     208755.000 ns	     20874	800045c8	a0572c53	feq.s	x24,f14,f5	 f14:0xbe8bef20  f5:0x00000000 x24=0x00000000
     208775.000 ns	     20876	800045cc	915cc913	xori	x18,x25,-1771	 x25:0x00000000 x18=0xfffff915
     208795.000 ns	     20878	800045d0	a0d89d53	flt.s	x26,f17,f13	 f17:0x2e9c3256 f13:0x7fc00000 x26=0x00000000
     208825.000 ns	     20881	800045d4	20bb1653	fsgnjn.s	f12,f22,f11	 f22:0x4efff94a f11:0x7fc00000 f12=0xcefff94a
     208845.000 ns	     20883	800045d8	01800633	add	x12,x0,x24	  x0:0x00000000 x24:0x00000000 x12=0x00000000
     208865.000 ns	     20885	800045dc	02ab21b3	mulhsu	x3,x22,x10	 x22:0x00000000 x10:0xf75ca184  x3=0x00000000
     208895.000 ns	     20888	800045e0	025081b3	mul	x3,x1,x5	  x1:0x000000a9  x5:0x80041024  x3=0x82aea7c4
     208915.000 ns	     20890	800045e4	01733833	sltu	x16,x6,x23	  x6:0x00000040 x23:0x00000000 x16=0x00000000
     208925.000 ns	     20891	800045e8	002a0c33	add	x24,x20,x2	 x20:0x00000000  x2:0xffffffff x24=0xffffffff
     208965.000 ns	     20895	800045ec	086afbd3	fsub.s	f23,f21,f6	 f21:0x00000000  f6:0xffc00000 f23=0x7fc00000
     208995.000 ns	     20898	800045f0	29ee1453	fmax.s	f8,f28,f30	 f28:0x7fc00000 f30:0x2e9c3256  f8=0x2e9c3256
     209015.000 ns	     20900	800045f4	40acd013	srai	x0,x25,0xa	 x25:0x00000000
     209035.000 ns	     20902	800045f8	a1a98b53	fle.s	x22,f19,f26	 f19:0xcf049318 f26:0xffc00000 x22=0x00000000
     209055.000 ns	     20904	800045fc	01a09733	sll	x14,x1,x26	  x1:0x000000a9 x26:0x00000000 x14=0x000000a9
     209065.000 ns	     20905	80004600	f6912613	slti	x12,x2,-151	  x2:0xffffffff x12=0x00000000
     209395.000 ns	     20938	80004604	18cef5d3	fdiv.s	f11,f29,f12	 f29:0x42800000 f12:0xcefff94a f11=0xb3000000
     209415.000 ns	     20940	80004608	00dcfcb3	and	x25,x25,x13	 x25:0x00000000 x13:0x00000000 x25=0x00000000
     209435.000 ns	     20942	8000460c	02c9b233	mulhu	x4,x19,x12	 x19:0x00000008 x12:0x00000000  x4=0x00000000
     209465.000 ns	     20945	80004610	a1551d53	flt.s	x26,f10,f21	 f10:0x7fc00000 f21:0x00000000 x26=0x00000000
     209495.000 ns	     20948	80004614	02bd6f33	rem	x30,x26,x11	 x26:0x00000000 x11:0x00000000 x30=0x00000000
     209525.000 ns	     20951	80004618	21ed0b53	fsgnj.s	f22,f26,f30	 f26:0xffc00000 f30:0x2e9c3256 f22=0x7fc00000
     209555.000 ns	     20954	8000461c	03820733	mul	x14,x4,x24	  x4:0x00000000 x24:0xffffffff x14=0x00000000
     209585.000 ns	     20957	80004620	d0047a53	fcvt.s.w	f20,x8	  x8:0x00000000 f20=0x00000000
     209615.000 ns	     20960	80004624	f00b01d3	fmv.w.x	f3,x22	 x22:0x00000000  f3=0x00000000
     209635.000 ns	     20962	80004628	00000013	addi	x0,x0,0	  x0:0x00000000
     209655.000 ns	     20964	8000462c	03e2c8b3	div	x17,x5,x30	  x5:0x80041024 x30:0x00000000 x17=0xffffffff
     209675.000 ns	     20966	80004630	00000013	addi	x0,x0,0	  x0:0x00000000
     209695.000 ns	     20968	80004634	e00a1253	fclass.s	x4,f20	 f20:0x00000000  x4=0x00000010
     209725.000 ns	     20971	80004638	208d0753	fsgnj.s	f14,f26,f8	 f26:0xffc00000  f8:0x2e9c3256 f14=0x7fc00000
     209755.000 ns	     20974	8000463c	02e459b3	divu	x19,x8,x14	  x8:0x00000000 x14:0x00000000 x19=0xffffffff
     210125.000 ns	     21011	80004640	03115233	divu	x4,x2,x17	  x2:0xffffffff x17:0xffffffff  x4=0x00000001
     210145.000 ns	     21013	80004644	8eaf8c93	addi	x25,x31,-1814	 x31:0x7fc00000 x25=0x7fbff8ea
     210165.000 ns	     21015	80004648	f0050f53	fmv.w.x	f30,x10	 x10:0xf75ca184 f30=0xf75ca184
     210535.000 ns	     21052	8000464c	03bff233	remu	x4,x31,x27	 x31:0x7fc00000 x27:0x80040fe4  x4=0x7fc00000
     210905.000 ns	     21089	80004650	038c6633	rem	x12,x24,x24	 x24:0xffffffff x24:0xffffffff x12=0x00000000
     210935.000 ns	     21092	80004654	a1351e53	flt.s	x28,f10,f19	 f10:0x7fc00000 f19:0xcf049318 x28=0x00000000
     210955.000 ns	     21094	80004658	015ad813	srli	x16,x21,0x15	 x21:0x00000000 x16=0x00000000
     210975.000 ns	     21096	8000465c	204b8bd3	fsgnj.s	f23,f23,f4	 f23:0x7fc00000  f4:0x7fc00000 f23=0x7fc00000
     211005.000 ns	     21099	80004660	a1d197d3	flt.s	x15,f3,f29	  f3:0x00000000 f29:0x42800000 x15=0x00000001
     211025.000 ns	     21101	80004664	004bd6b3	srl	x13,x23,x4	 x23:0x00000000  x4:0x7fc00000 x13=0x00000000
     211035.000 ns	     21102	80004668	41ca8f33	sub	x30,x21,x28	 x21:0x00000000 x28:0x00000000 x30=0x00000000
     211055.000 ns	     21104	8000466c	a165a753	feq.s	x14,f11,f22	 f11:0xb3000000 f22:0x7fc00000 x14=0x00000000
     212235.000 ns	     21222	80004670	5808fd53	fsqrt.s	f26,f17	 f17:0x2e9c3256 f26=0x368d657e
     212275.000 ns	     21226	80004674	580e2453	fsqrt.s	f8,f28	 f28:0x7fc00000  f8=0x7fc00000
     212325.000 ns	     21231	80004678	0847f7d3	fsub.s	f15,f15,f4	 f15:0x7fc00000  f4:0x7fc00000 f15=0x7fc00000
     212355.000 ns	     21234	8000467c	a1b313d3	flt.s	x7,f6,f27	  f6:0xffc00000 f27:0x4efff94a  x7=0x00000000
     212375.000 ns	     21236	80004680	41b15433	sra	x8,x2,x27	  x2:0xffffffff x27:0x80040fe4  x8=0xffffffff
     212395.000 ns	     21238	80004684	285d8f53	fmin.s	f30,f27,f5	 f27:0x4efff94a  f5:0x00000000 f30=0x00000000
     212415.000 ns	     21240	80004688	c44cc1b7	lui	x3,0xc44cc	  x3=0xc44cc000
     212425.000 ns	     21241	8000468c	c6657393	andi	x7,x10,-922	 x10:0xf75ca184  x7=0xf75ca004
     212445.000 ns	     21243	80004690	205b95d3	fsgnjn.s	f11,f23,f5	 f23:0x7fc00000  f5:0x00000000 f11=0xffc00000
     212465.000 ns	     21245	80004694	00aa7b33	and	x22,x20,x10	 x20:0x00000000 x10:0xf75ca184 x22=0x00000000
     212485.000 ns	     21247	80004698	03c72733	mulhsu	x14,x14,x28	 x14:0x00000000 x28:0x00000000 x14=0x00000000
     212515.000 ns	     21250	8000469c	03df19b3	mulh	x19,x30,x29	 x30:0x00000000 x29:0x00000000 x19=0x00000000
     212885.000 ns	     21287	800046a0	0324fd33	remu	x26,x9,x18	  x9:0x7fc00000 x18:0xfffff915 x26=0x7fc00000
     212915.000 ns	     21290	800046a4	a00ca353	feq.s	x6,f25,f0	 f25:0x7fc00000  f0:0x7fc00000  x6=0x00000000
     212945.000 ns	     21293	800046a8	e0069c53	fclass.s	x24,f13	 f13:0x7fc00000 x24=0x00000200
     212965.000 ns	     21295	800046ac	005a23b3	slt	x7,x20,x5	 x20:0x00000000  x5:0x80041024  x7=0x00000000
     212985.000 ns	     21297	800046b0	03464333	div	x6,x12,x20	 x12:0x00000000 x20:0x00000000  x6=0xffffffff
     213015.000 ns	     21300	800046b4	d0030a53	fcvt.s.w	f20,x6	  x6:0x00000000 f20=0xbf800000
     213045.000 ns	     21303	800046b8	2040add3	fsgnjx.s	f27,f1,f4	  f1:0x7fc00000  f4:0x7fc00000 f27=0x7fc00000
     213415.000 ns	     21340	800046bc	02f74333	div	x6,x14,x15	 x14:0x00000000 x15:0x00000001  x6=0x00000000
     213785.000 ns	     21377	800046c0	03a7c733	div	x14,x15,x26	 x15:0x00000001 x26:0x7fc00000 x14=0x00000000
     213815.000 ns	     21380	800046c4	21380453	fsgnj.s	f8,f16,f19	 f16:0x00000001 f19:0xcf049318  f8=0x80000001
     213835.000 ns	     21382	800046c8	400dd7b3	sra	x15,x27,x0	 x27:0x80040fe4  x0:0x00000000 x15=0x80040fe4
     213845.000 ns	     21383	800046cc	00cd4933	xor	x18,x26,x12	 x26:0x7fc00000 x12:0x00000000 x18=0x7fc00000
     213855.000 ns	     21384	800046d0	11bc3013	sltiu	x0,x24,283	 x24:0x00000200
     213875.000 ns	     21386	800046d4	e00e18d3	fclass.s	x17,f28	 f28:0x7fc00000 x17=0x00000200
     213905.000 ns	     21389	800046d8	20d78253	fsgnj.s	f4,f15,f13	 f15:0x7fc00000 f13:0x7fc00000  f4=0x7fc00000
     213925.000 ns	     21391	800046dc	018190b3	sll	x1,x3,x24	  x3:0xc44cc000 x24:0x00000200  x1=0xc44cc000
     213945.000 ns	     21393	800046e0	02c70b33	mul	x22,x14,x12	 x14:0x00000000 x12:0x00000000 x22=0x00000000
     213965.000 ns	     21395	800046e4	41260ab3	sub	x21,x12,x18	 x12:0x00000000 x18:0x7fc00000 x21=0x80400000
     213985.000 ns	     21397	800046e8	02f0b033	mulhu	x0,x1,x15	  x1:0xc44cc000 x15:0x80040fe4
     214005.000 ns	     21399	800046ec	49b66793	ori	x15,x12,1179	 x12:0x00000000 x15=0x0000049b
     214025.000 ns	     21401	800046f0	e00701d3	fmv.x.w	x3,f14	 f14:0x7fc00000  x3=0x7fc00000
     214055.000 ns	     21404	800046f4	03ba8a33	mul	x20,x21,x27	 x21:0x80400000 x27:0x80040fe4 x20=0xf9000000
     214085.000 ns	     21407	800046f8	a0618ad3	fle.s	x21,f3,f6	  f3:0x00000000  f6:0xffc00000 x21=0x00000000
     214115.000 ns	     21410	800046fc	c0107d53	fcvt.wu.s	x26,f0	  f0:0x7fc00000 x26=0xffffffff
     214145.000 ns	     21413	80004700	d013abd3	fcvt.s.wu	f23,x7	  x7:0x00000000 f23=0x00000000
     214165.000 ns	     21415	80004704	14b32a93	slti	x21,x6,331	  x6:0x00000000 x21=0x00000001
     214185.000 ns	     21417	80004708	e00691d3	fclass.s	x3,f13	 f13:0x7fc00000  x3=0x00000200
     214215.000 ns	     21420	8000470c	e00c8fd3	fmv.x.w	x31,f25	 f25:0x7fc00000 x31=0x7fc00000
     214235.000 ns	     21422	80004710	966a3893	sltiu	x17,x20,-1690	 x20:0xf9000000 x17=0x00000001
     214245.000 ns	     21423	80004714	41d5d333	sra	x6,x11,x29	 x11:0x00000000 x29:0x00000000  x6=0x00000000
     214255.000 ns	     21424	80004718	00121113	slli	x2,x4,0x1	  x4:0x7fc00000  x2=0xff800000
     214265.000 ns	     21425	8000471c	3362aa13	slti	x20,x5,822	  x5:0x80041024 x20=0x00000001
     214275.000 ns	     21426	80004720	6d8d7bb7	lui	x23,0x6d8d7	 x23=0x6d8d7000
     214285.000 ns	     21427	80004724	011af6b3	and	x13,x21,x17	 x21:0x00000001 x17:0x00000001 x13=0x00000001
     214305.000 ns	     21429	80004728	f0088953	fmv.w.x	f18,x17	 x17:0x00000001 f18=0x00000001
     214675.000 ns	     21466	8000472c	0210da33	divu	x20,x1,x1	  x1:0xc44cc000  x1:0xc44cc000 x20=0x00000001
     214715.000 ns	     21470	80004730	18a4f853	fdiv.s	f16,f9,f10	  f9:0x00000000 f10:0x7fc00000 f16=0x7fc00000
     215085.000 ns	     21507	80004734	02a9c733	div	x14,x19,x10	 x19:0x00000000 x10:0xf75ca184 x14=0x00000000
     215105.000 ns	     21509	80004738	06e5a593	slti	x11,x11,110	 x11:0x00000000 x11=0x00000001
     215115.000 ns	     21510	8000473c	01b05913	srli	x18,x0,0x1b	  x0:0x00000000 x18=0x00000000
     215125.000 ns	     21511	80004740	41a1d493	srai	x9,x3,0x1a	  x3:0x00000200  x9=0x00000000
     215135.000 ns	     21512	80004744	01a43f33	sltu	x30,x8,x26	  x8:0xffffffff x26:0xffffffff x30=0x00000000
     215155.000 ns	     21514	80004748	f0018cd3	fmv.w.x	f25,x3	  x3:0x00000200 f25=0x00000200
     215175.000 ns	     21516	8000474c	019406b3	add	x13,x8,x25	  x8:0xffffffff x25:0x7fbff8ea x13=0x7fbff8e9
     215195.000 ns	     21518	80004750	21af1053	fsgnjn.s	f0,f30,f26	 f30:0x00000000 f26:0x368d657e  f0=0x80000000
     215215.000 ns	     21520	80004754	00d49e93	slli	x29,x9,0xd	  x9:0x00000000 x29=0x00000000
     215235.000 ns	     21522	80004758	023f88b3	mul	x17,x31,x3	 x31:0x7fc00000  x3:0x00000200 x17=0x80000000
     215255.000 ns	     21524	8000475c	c7e16497	auipc	x9,0xc7e16	  x9=0x47e1a75c
     215265.000 ns	     21525	80004760	006145b3	xor	x11,x2,x6	  x2:0xff800000  x6:0x00000000 x11=0xff800000
     215295.000 ns	     21528	80004764	192f9353	fdiv.s	f6,f31,f18	 f31:0x7fc00000 f18:0x00000001  f6=0x7fc00000
     215325.000 ns	     21531	80004768	20342d53	fsgnjx.s	f26,f8,f3	  f8:0x80000001  f3:0x00000000 f26=0x80000001
     215345.000 ns	     21533	8000476c	276f7193	andi	x3,x30,630	 x30:0x00000000  x3=0x00000000
     215355.000 ns	     21534	80004770	014c7a33	and	x20,x24,x20	 x24:0x00000200 x20:0x00000001 x20=0x00000000
     215685.000 ns	     21567	80004774	19267a53	fdiv.s	f20,f12,f18	 f12:0xcefff94a f18:0x00000001 f20=0xff800000
     215715.000 ns	     21570	80004778	29aa8cd3	fmin.s	f25,f21,f26	 f21:0x00000000 f26:0x80000001 f25=0x80000001
     215745.000 ns	     21573	8000477c	e00c1d53	fclass.s	x26,f24	 f24:0x00000000 x26=0x00000010
     215765.000 ns	     21575	80004780	002cbf33	sltu	x30,x25,x2	 x25:0x7fbff8ea  x2:0xff800000 x30=0x00000001
     215785.000 ns	     21577	80004784	29d68c53	fmin.s	f24,f13,f29	 f13:0x7fc00000 f29:0x42800000 f24=0x42800000
     215815.000 ns	     21580	80004788	21c00a53	fsgnj.s	f20,f0,f28	  f0:0x80000000 f28:0x7fc00000 f20=0x00000000
     215835.000 ns	     21582	8000478c	0038a433	slt	x8,x17,x3	 x17:0x80000000  x3:0x00000000  x8=0x00000001
     215855.000 ns	     21584	80004790	023578b3	remu	x17,x10,x3	 x10:0xf75ca184  x3:0x00000000 x17=0xf75ca184
     215875.000 ns	     21586	80004794	016521b3	slt	x3,x10,x22	 x10:0xf75ca184 x22:0x00000000  x3=0x00000001
     215885.000 ns	     21587	80004798	00679e93	slli	x29,x15,0x6	 x15:0x0000049b x29=0x000126c0
     215905.000 ns	     21589	8000479c	d01e8453	fcvt.s.wu	f8,x29	 x29:0x00000000  f8=0x47936000
     215935.000 ns	     21592	800047a0	d0179bd3	fcvt.s.wu	f23,x15	 x15:0x0000049b f23=0x44936000
     215955.000 ns	     21594	800047a4	180e5737	lui	x14,0x180e5	 x14=0x180e5000
     215975.000 ns	     21596	800047a8	03c32a33	mulhsu	x20,x6,x28	  x6:0x00000000 x28:0x00000000 x20=0x00000000
     216005.000 ns	     21599	800047ac	033c1c33	mulh	x24,x24,x19	 x24:0x00000200 x19:0x00000000 x24=0x00000000
     216025.000 ns	     21601	800047b0	01219a33	sll	x20,x3,x18	  x3:0x00000001 x18:0x00000000 x20=0x00000001
     216035.000 ns	     21602	800047b4	40100cb3	sub	x25,x0,x1	  x0:0x00000000  x1:0xc44cc000 x25=0x3bb34000
     216045.000 ns	     21603	800047b8	00aa1013	slli	x0,x20,0xa	 x20:0x00000000
     216055.000 ns	     21604	800047bc	00a71033	sll	x0,x14,x10	 x14:0x180e5000 x10:0xf75ca184
     216095.000 ns	     21608	800047c0	08a3b553	fsub.s	f10,f7,f10	  f7:0xbe8bef20 f10:0x7fc00000 f10=0x7fc00000
     216115.000 ns	     21610	800047c4	01bb0d33	add	x26,x22,x27	 x22:0x00000000 x27:0x80040fe4 x26=0x80040fe4
     216155.000 ns	     21614	800047c8	09992153	fsub.s	f2,f18,f25	 f18:0x00000001 f25:0x80000001  f2=0x00000002
     216195.000 ns	     21618	800047cc	18e19dd3	fdiv.s	f27,f3,f14	  f3:0x00000000 f14:0x7fc00000 f27=0x7fc00000
     216215.000 ns	     21620	800047d0	0182feb3	and	x29,x5,x24	  x5:0x80041024 x24:0x00000000 x29=0x00000000
     216225.000 ns	     21621	800047d4	014025b3	slt	x11,x0,x20	  x0:0x00000000 x20:0x00000001 x11=0x00000001
     216235.000 ns	     21622	800047d8	cd193393	sltiu	x7,x18,-815	 x18:0x00000000  x7=0x00000001
     216255.000 ns	     21624	800047dc	a0ec1bd3	flt.s	x23,f24,f14	 f24:0x42800000 f14:0x7fc00000 x23=0x00000000
     216275.000 ns	     21626	800047e0	00477633	and	x12,x14,x4	 x14:0x180e5000  x4:0x7fc00000 x12=0x18000000
     216285.000 ns	     21627	800047e4	00d2ee33	or	x28,x5,x13	  x5:0x80041024 x13:0x7fbff8e9 x28=0xffbff8ed
     216305.000 ns	     21629	800047e8	035721b3	mulhsu	x3,x14,x21	 x14:0x180e5000 x21:0x00000001  x3=0x00000000
     216325.000 ns	     21631	800047ec	01516f33	or	x30,x2,x21	  x2:0xff800000 x21:0x00000001 x30=0xff800001
     216355.000 ns	     21634	800047f0	19bb9f53	fdiv.s	f30,f23,f27	 f23:0x44936000 f27:0x7fc00000 f30=0x7fc00000
     216375.000 ns	     21636	800047f4	00efe833	or	x16,x31,x14	 x31:0x7fc00000 x14:0x180e5000 x16=0x7fce5000
     216385.000 ns	     21637	800047f8	5ec1b993	sltiu	x19,x3,1516	  x3:0x00000000 x19=0x00000001
     216405.000 ns	     21639	800047fc	a199a853	feq.s	x16,f19,f25	 f19:0xcf049318 f25:0x80000001 x16=0x00000000
     216435.000 ns	     21642	80004800	20991ed3	fsgnjn.s	f29,f18,f9	 f18:0x00000001  f9:0x00000000 f29=0x80000001
     216455.000 ns	     21644	80004804	00a4f4b3	and	x9,x9,x10	  x9:0x47e1a75c x10:0xf75ca184  x9=0x4740a104
     216475.000 ns	     21646	80004808	d01d7fd3	fcvt.s.wu	f31,x26	 x26:0x80040fe4 f31=0x4f00040f
     216495.000 ns	     21648	8000480c	b16e7b13	andi	x22,x28,-1258	 x28:0xffbff8ed x22=0xffbff804
     216515.000 ns	     21650	80004810	a048a5d3	feq.s	x11,f17,f4	 f17:0x2e9c3256  f4:0x7fc00000 x11=0x00000000
     216535.000 ns	     21652	80004814	43540a13	addi	x20,x8,1077	  x8:0x00000001 x20=0x00000436
     216545.000 ns	     21653	80004818	40580133	sub	x2,x16,x5	 x16:0x00000000  x5:0x80041024  x2=0x7ffbefdc
     216565.000 ns	     21655	8000481c	298589d3	fmin.s	f19,f11,f24	 f11:0xffc00000 f24:0x42800000 f19=0x42800000
     216595.000 ns	     21658	80004820	d012ba53	fcvt.s.wu	f20,x5	  x5:0x80041024 f20=0x4f000411
     216625.000 ns	     21661	80004824	291e0953	fmin.s	f18,f28,f17	 f28:0x7fc00000 f17:0x2e9c3256 f18=0x2e9c3256
     216645.000 ns	     21663	80004828	007fc1b3	xor	x3,x31,x7	 x31:0x7fc00000  x7:0x00000001  x3=0x7fc00001
     216655.000 ns	     21664	8000482c	40545393	srai	x7,x8,0x5	  x8:0x00000001  x7=0x00000000
     216665.000 ns	     21665	80004830	43f52113	slti	x2,x10,1087	 x10:0xf75ca184  x2=0x00000001
     216685.000 ns	     21667	80004834	a0678153	fle.s	x2,f15,f6	 f15:0x7fc00000  f6:0x7fc00000  x2=0x00000000
     216715.000 ns	     21670	80004838	21180853	fsgnj.s	f16,f16,f17	 f16:0x7fc00000 f17:0x2e9c3256 f16=0x7fc00000
     217085.000 ns	     21707	8000483c	03305f33	divu	x30,x0,x19	  x0:0x00000000 x19:0x00000001 x30=0x00000000
     217115.000 ns	     21710	80004840	e00b90d3	fclass.s	x1,f23	 f23:0x44936000  x1=0x00000040
     217145.000 ns	     21713	80004844	e0031b53	fclass.s	x22,f6	  f6:0x7fc00000 x22=0x00000200
     217185.000 ns	     21717	80004848	5802b553	fsqrt.s	f10,f5	  f5:0x00000000 f10=0x00000000
     217215.000 ns	     21720	8000484c	21300d53	fsgnj.s	f26,f0,f19	  f0:0x80000000 f19:0x42800000 f26=0x00000000
     217245.000 ns	     21723	80004850	e00a1ad3	fclass.s	x21,f20	 f20:0x4f000411 x21=0x00000040
     217275.000 ns	     21726	80004854	c00046d3	fcvt.w.s	x13,f0	  f0:0x80000000 x13=0x00000000
     217305.000 ns	     21729	80004858	203524d3	fsgnjx.s	f9,f10,f3	 f10:0x00000000  f3:0x00000000  f9=0x00000000
     217335.000 ns	     21732	8000485c	d003a753	fcvt.s.w	f14,x7	  x7:0x00000000 f14=0x00000000
     217355.000 ns	     21734	80004860	01e19393	slli	x7,x3,0x1e	  x3:0x7fc00001  x7=0x40000000
     217375.000 ns	     21736	80004864	d0089553	fcvt.s.w	f10,x17	 x17:0xf75ca184 f10=0xcd0a35e7
     217405.000 ns	     21739	80004868	c01cf0d3	fcvt.wu.s	x1,f25	 f25:0x80000001  x1=0x00000000
     217425.000 ns	     21741	8000486c	00689313	slli	x6,x17,0x6	 x17:0xf75ca184  x6=0xd7286100
     217785.000 ns	     21777	80004870	026bd3b3	divu	x7,x23,x6	 x23:0x00000000  x6:0x00000000  x7=0x00000000
     217805.000 ns	     21779	80004874	412e5f93	srai	x31,x28,0x12	 x28:0xffbff8ed x31=0xffffffef
     217825.000 ns	     21781	80004878	e0071ad3	fclass.s	x21,f14	 f14:0x00000000 x21=0x00000010
     217855.000 ns	     21784	8000487c	2086a2d3	fsgnjx.s	f5,f13,f8	 f13:0x7fc00000  f8:0x47936000  f5=0x7fc00000
     217895.000 ns	     21788	80004880	101a7fd3	fmul.s	f31,f20,f1	 f20:0x4f000411  f1:0x7fc00000 f31=0x7fc00000
     217935.000 ns	     21792	80004884	5805f253	fsqrt.s	f4,f11	 f11:0xffc00000  f4=0x7fc00000
     217955.000 ns	     21794	80004888	00187433	and	x8,x16,x1	 x16:0x00000000  x1:0x00000000  x8=0x00000000
     217975.000 ns	     21796	8000488c	f00e84d3	fmv.w.x	f9,x29	 x29:0x00000000  f9=0x00000000
     217995.000 ns	     21798	80004890	015f9bb3	sll	x23,x31,x21	 x31:0xffffffef x21:0x00000010 x23=0xffef0000
     218355.000 ns	     21834	80004894	025c5633	divu	x12,x24,x5	 x24:0x00000000  x5:0x80041024 x12=0x00000000
     218375.000 ns	     21836	80004898	009dbe33	sltu	x28,x27,x9	 x27:0x80040fe4  x9:0x4740a104 x28=0x00000000
     218395.000 ns	     21838	8000489c	d00f0d53	fcvt.s.w	f26,x30	 x30:0x00000000 f26=0x00000000
     218415.000 ns	     21840	800048a0	0159aeb3	slt	x29,x19,x21	 x19:0x00000001 x21:0x00000010 x29=0x00000001
     218425.000 ns	     21841	800048a4	00044133	xor	x2,x8,x0	  x8:0x00000000  x0:0x00000000  x2=0x00000000
     218435.000 ns	     21842	800048a8	01b55f33	srl	x30,x10,x27	 x10:0xf75ca184 x27:0x80040fe4 x30=0x0f75ca18
     218445.000 ns	     21843	800048ac	5e4c1ab7	lui	x21,0x5e4c1	 x21=0x5e4c1000
     218465.000 ns	     21845	800048b0	035fa233	mulhsu	x4,x31,x21	 x31:0xffffffef x21:0x00000010  x4=0xfffffff9
     218495.000 ns	     21848	800048b4	a01d9e53	flt.s	x28,f27,f1	 f27:0x7fc00000  f1:0x7fc00000 x28=0x00000000
     218515.000 ns	     21850	800048b8	0199bc33	sltu	x24,x19,x25	 x19:0x00000001 x25:0x3bb34000 x24=0x00000001
     218525.000 ns	     21851	800048bc	dc99b713	sltiu	x14,x19,-567	 x19:0x00000001 x14=0x00000001
     218545.000 ns	     21853	800048c0	d01f75d3	fcvt.s.wu	f11,x30	 x30:0x0f75ca18 f11=0x4d775ca1
     218565.000 ns	     21855	800048c4	908c0f93	addi	x31,x24,-1784	 x24:0x00000001 x31=0xfffff909
     218585.000 ns	     21857	800048c8	c01ef853	fcvt.wu.s	x16,f29	 f29:0x80000001 x16=0x00000000
     218955.000 ns	     21894	800048cc	02457b33	remu	x22,x10,x4	 x10:0xf75ca184  x4:0xfffffff9 x22=0xf75ca184
     218985.000 ns	     21897	800048d0	d00a4053	fcvt.s.w	f0,x20	 x20:0x00000436  f0=0x4486c000
     219015.000 ns	     21900	800048d4	a10d89d3	fle.s	x19,f27,f16	 f27:0x7fc00000 f16:0x7fc00000 x19=0x00000000
     219035.000 ns	     21902	800048d8	00000013	addi	x0,x0,0	  x0:0x00000000
     219045.000 ns	     21903	800048dc	7ad13d13	sltiu	x26,x2,1965	  x2:0x00000000 x26=0x00000001
     219055.000 ns	     21904	800048e0	40788233	sub	x4,x17,x7	 x17:0xf75ca184  x7:0x00000000  x4=0xf75ca184
     219065.000 ns	     21905	800048e4	00e65d13	srli	x26,x12,0xe	 x12:0x00000000 x26=0x00000000
     219075.000 ns	     21906	800048e8	11bcf613	andi	x12,x25,283	 x25:0x3bb34000 x12=0x00000000
     219095.000 ns	     21908	800048ec	a1912fd3	feq.s	x31,f2,f25	  f2:0x00000002 f25:0x80000001 x31=0x00000000
     219115.000 ns	     21910	800048f0	01e16433	or	x8,x2,x30	  x2:0x00000000 x30:0x0f75ca18  x8=0x0f75ca18
     219125.000 ns	     21911	800048f4	41e0d5b3	sra	x11,x1,x30	  x1:0x00000000 x30:0x0f75ca18 x11=0x00000000
     219135.000 ns	     21912	800048f8	40d9dd13	srai	x26,x19,0xd	 x19:0x00000000 x26=0x00000000
     219145.000 ns	     21913	800048fc	006b11b3	sll	x3,x22,x6	 x22:0xf75ca184  x6:0xd7286100  x3=0xf75ca184
     219155.000 ns	     21914	80004900	4167d893	srai	x17,x15,0x16	 x15:0x0000049b x17=0x00000000
     219175.000 ns	     21916	80004904	f00e8753	fmv.w.x	f14,x29	 x29:0x00000001 f14=0x00000001
     219195.000 ns	     21918	80004908	00bdbbb3	sltu	x23,x27,x11	 x27:0x80040fe4 x11:0x00000000 x23=0x00000000
     219205.000 ns	     21919	8000490c	01d6be33	sltu	x28,x13,x29	 x13:0x00000000 x29:0x00000001 x28=0x00000001
     219565.000 ns	     21955	80004910	03ec6933	rem	x18,x24,x30	 x24:0x00000001 x30:0x0f75ca18 x18=0x00000001
     219585.000 ns	     21957	80004914	4bb8c217	auipc	x4,0x4bb8c	  x4=0xcbb90914
     219595.000 ns	     21958	80004918	018e5793	srli	x15,x28,0x18	 x28:0x00000001 x15=0x00000000
     219615.000 ns	     21960	8000491c	288315d3	fmax.s	f11,f6,f8	  f6:0x7fc00000  f8:0x47936000 f11=0x47936000
     219645.000 ns	     21963	80004920	d00080d3	fcvt.s.w	f1,x1	  x1:0x00000000  f1=0x00000000
     219665.000 ns	     21965	80004924	01a59cb3	sll	x25,x11,x26	 x11:0x00000000 x26:0x00000000 x25=0x00000000
     219675.000 ns	     21966	80004928	41fc0f33	sub	x30,x24,x31	 x24:0x00000001 x31:0x00000000 x30=0x00000001
     219685.000 ns	     21967	8000492c	00000013	addi	x0,x0,0	  x0:0x00000000
     219705.000 ns	     21969	80004930	e00a8353	fmv.x.w	x6,f21	 f21:0x00000000  x6=0x00000000
     219725.000 ns	     21971	80004934	411280b3	sub	x1,x5,x17	  x5:0x80041024 x17:0x00000000  x1=0x80041024
     219735.000 ns	     21972	80004938	014daf33	slt	x30,x27,x20	 x27:0x80040fe4 x20:0x00000436 x30=0x00000001
     219745.000 ns	     21973	8000493c	6430fe93	andi	x29,x1,1603	  x1:0x00000000 x29=0x00000000
     219755.000 ns	     21974	80004940	3233c797	auipc	x15,0x3233c	 x15=0xb2340940
     219765.000 ns	     21975	80004944	008be933	or	x18,x23,x8	 x23:0x00000000  x8:0x0f75ca18 x18=0x0f75ca18
     219785.000 ns	     21977	80004948	026985b3	mul	x11,x19,x6	 x19:0x00000000  x6:0x00000000 x11=0x00000000
     219815.000 ns	     21980	8000494c	2052aa53	fsgnjx.s	f20,f5,f5	  f5:0x7fc00000  f5:0x7fc00000 f20=0x7fc00000
     219855.000 ns	     21984	80004950	580d7753	fsqrt.s	f14,f26	 f26:0x00000000 f14=0x00000000
     219875.000 ns	     21986	80004954	00ec4333	xor	x6,x24,x14	 x24:0x00000001 x14:0x00000001  x6=0x00000000
     219885.000 ns	     21987	80004958	41e65cb3	sra	x25,x12,x30	 x12:0x00000000 x30:0x00000001 x25=0x00000000
     219895.000 ns	     21988	8000495c	00924e33	xor	x28,x4,x9	  x4:0xcbb90914  x9:0x4740a104 x28=0x8cf9a810
     219915.000 ns	     21990	80004960	d007ffd3	fcvt.s.w	f31,x15	 x15:0xb2340940 f31=0xce9b97ed
     219945.000 ns	     21993	80004964	201eaed3	fsgnjx.s	f29,f29,f1	 f29:0x80000001  f1:0x00000000 f29=0x80000001
     219965.000 ns	     21995	80004968	41850333	sub	x6,x10,x24	 x10:0xf75ca184 x24:0x00000001  x6=0xf75ca183
     219975.000 ns	     21996	8000496c	00cf4cb3	xor	x25,x30,x12	 x30:0x00000001 x12:0x00000000 x25=0x00000001
     220335.000 ns	     22032	80004970	0363f1b3	remu	x3,x7,x22	  x7:0x00000000 x22:0xf75ca184  x3=0x00000000
     220355.000 ns	     22034	80004974	46cec713	xori	x14,x29,1132	 x29:0x00000000 x14=0x0000046c
     220365.000 ns	     22035	80004978	40ec5e93	srai	x29,x24,0xe	 x24:0x00000001 x29=0x00000000
     220395.000 ns	     22038	8000497c	58081a53	fsqrt.s	f20,f16	 f16:0x7fc00000 f20=0x7fc00000
     220425.000 ns	     22041	80004980	03b930b3	mulhu	x1,x18,x27	 x18:0x0f75ca18 x27:0x80040fe4  x1=0x07bb23d8
     220455.000 ns	     22044	80004984	c01340d3	fcvt.wu.s	x1,f6	  f6:0x7fc00000  x1=0xffffffff
     220485.000 ns	     22047	80004988	282b0bd3	fmin.s	f23,f22,f2	 f22:0x7fc00000  f2:0x00000002 f23=0x00000002
     220515.000 ns	     22050	8000498c	29500353	fmin.s	f6,f0,f21	  f0:0x4486c000 f21:0x00000000  f6=0x00000000
     220535.000 ns	     22052	80004990	01b1f5b3	and	x11,x3,x27	  x3:0x00000000 x27:0x80040fe4 x11=0x00000000
     220555.000 ns	     22054	80004994	0331e7b3	rem	x15,x3,x19	  x3:0x00000000 x19:0x00000000 x15=0x00000000
     220575.000 ns	     22056	80004998	0030d633	srl	x12,x1,x3	  x1:0xffffffff  x3:0x00000000 x12=0xffffffff
     220585.000 ns	     22057	8000499c	40ad04b3	sub	x9,x26,x10	 x26:0x00000000 x10:0xf75ca184  x9=0x08a35e7c
     220615.000 ns	     22060	800049a0	10b774d3	fmul.s	f9,f14,f11	 f14:0x00000000 f11:0x47936000  f9=0x00000000
     220645.000 ns	     22063	800049a4	e0069ad3	fclass.s	x21,f13	 f13:0x7fc00000 x21=0x00000200
     220665.000 ns	     22065	800049a8	0057c733	xor	x14,x15,x5	 x15:0x00000000  x5:0x80041024 x14=0x80041024
     220685.000 ns	     22067	800049ac	0236ae33	mulhsu	x28,x13,x3	 x13:0x00000000  x3:0x00000000 x28=0x00000000
     220715.000 ns	     22070	800049b0	03a60d33	mul	x26,x12,x26	 x12:0xffffffff x26:0x00000000 x26=0x00000000
     220745.000 ns	     22073	800049b4	d00bf553	fcvt.s.w	f10,x23	 x23:0x00000000 f10=0x00000000
     220775.000 ns	     22076	800049b8	a03c8053	fle.s	x0,f25,f3	 f25:0x80000001  f3:0x00000000
     220805.000 ns	     22079	800049bc	02ad9a33	mulh	x20,x27,x10	 x27:0x80040fe4 x10:0xf75ca184 x20=0x04518c27
     220825.000 ns	     22081	800049c0	e44d6193	ori	x3,x26,-444	 x26:0x00000000  x3=0xfffffe44
     220835.000 ns	     22082	800049c4	f9a37037	lui	x0,0xf9a37	
     220855.000 ns	     22084	800049c8	e00b1f53	fclass.s	x30,f22	 f22:0x7fc00000 x30=0x00000200
     220885.000 ns	     22087	800049cc	c0007d53	fcvt.w.s	x26,f0	  f0:0x4486c000 x26=0x00000436
     220905.000 ns	     22089	800049d0	00649bb3	sll	x23,x9,x6	  x9:0x08a35e7c  x6:0xf75ca183 x23=0x451af3e0
     220925.000 ns	     22091	800049d4	29918ad3	fmin.s	f21,f3,f25	  f3:0x00000000 f25:0x80000001 f21=0x80000001
     220955.000 ns	     22094	800049d8	020ba0b3	mulhsu	x1,x23,x0	 x23:0x00000000  x0:0x00000000  x1=0x00000000
     220985.000 ns	     22097	800049dc	a1e69753	flt.s	x14,f13,f30	 f13:0x7fc00000 f30:0x7fc00000 x14=0x00000000
     221035.000 ns	     22102	800049e0	0863f5d3	fsub.s	f11,f7,f6	  f7:0xbe8bef20  f6:0x00000000 f11=0xbe8bef20
     221065.000 ns	     22105	800049e4	020c2eb3	mulhsu	x29,x24,x0	 x24:0x00000001  x0:0x00000000 x29=0x00000000
     221085.000 ns	     22107	800049e8	4004d9b3	sra	x19,x9,x0	  x9:0x08a35e7c  x0:0x00000000 x19=0x08a35e7c
     221095.000 ns	     22108	800049ec	00197eb3	and	x29,x18,x1	 x18:0x0f75ca18  x1:0x00000000 x29=0x00000000
     221105.000 ns	     22109	800049f0	5500ec13	ori	x24,x1,1360	  x1:0x00000000 x24=0x00000550
     221125.000 ns	     22111	800049f4	a14a86d3	fle.s	x13,f21,f20	 f21:0x80000001 f20:0x7fc00000 x13=0x00000000
     221145.000 ns	     22113	800049f8	01f75d33	srl	x26,x14,x31	 x14:0x00000000 x31:0x00000000 x26=0x00000000
     221185.000 ns	     22117	800049fc	0092ff53	fadd.s	f30,f5,f9	  f5:0x7fc00000  f9:0x00000000 f30=0x7fc00000
     221205.000 ns	     22119	80004a00	016f3b33	sltu	x22,x30,x22	 x30:0x00000200 x22:0xf75ca184 x22=0x00000001
     221215.000 ns	     22120	80004a04	11766813	ori	x16,x12,279	 x12:0xffffffff x16=0xffffffff
     221225.000 ns	     22121	80004a08	e9866997	auipc	x19,0xe9866	 x19=0x6986aa08
     221585.000 ns	     22157	80004a0c	03295333	divu	x6,x18,x18	 x18:0x0f75ca18 x18:0x0f75ca18  x6=0x00000001
     221605.000 ns	     22159	80004a10	4131d0b3	sra	x1,x3,x19	  x3:0xfffffe44 x19:0x08a35e7c  x1=0xfffffffe
     221625.000 ns	     22161	80004a14	a1f983d3	fle.s	x7,f19,f31	 f19:0x42800000 f31:0xce9b97ed  x7=0x00000000
     221645.000 ns	     22163	80004a18	003688b3	add	x17,x13,x3	 x13:0x00000000  x3:0xfffffe44 x17=0xfffffe44
     221665.000 ns	     22165	80004a1c	d01a31d3	fcvt.s.wu	f3,x20	 x20:0x04518c27  f3=0x4c8a3185
     221695.000 ns	     22168	80004a20	d009aad3	fcvt.s.w	f21,x19	 x19:0x6986aa08 f21=0x4ed30d55
     221715.000 ns	     22170	80004a24	0147c0b3	xor	x1,x15,x20	 x15:0x00000000 x20:0x04518c27  x1=0x04518c27
     221725.000 ns	     22171	80004a28	4007de33	sra	x28,x15,x0	 x15:0x00000000  x0:0x00000000 x28=0x00000000
     221745.000 ns	     22173	80004a2c	d0068753	fcvt.s.w	f14,x13	 x13:0x00000000 f14=0x00000000
     221775.000 ns	     22176	80004a30	d0187453	fcvt.s.wu	f8,x16	 x16:0xffffffff  f8=0x4f7fffff
     221805.000 ns	     22179	80004a34	217d9e53	fsgnjn.s	f28,f27,f23	 f27:0x7fc00000 f23:0x00000002 f28=0xffc00000
     221825.000 ns	     22181	80004a38	000c31b3	sltu	x3,x24,x0	 x24:0x00000550  x0:0x00000000  x3=0x00000000
     221835.000 ns	     22182	80004a3c	406fb093	sltiu	x1,x31,1030	 x31:0x00000000  x1=0x00000001
     221855.000 ns	     22184	80004a40	c01e34d3	fcvt.wu.s	x9,f28	 f28:0xffc00000  x9=0xffffffff
     221885.000 ns	     22187	80004a44	c005b5d3	fcvt.w.s	x11,f11	 f11:0xbe8bef20 x11=0x00000000
     221905.000 ns	     22189	80004a48	72b06713	ori	x14,x0,1835	  x0:0x00000000 x14=0x0000072b
     221915.000 ns	     22190	80004a4c	87888593	addi	x11,x17,-1928	 x17:0xfffffe44 x11=0xfffff6bc
     221935.000 ns	     22192	80004a50	20c9a153	fsgnjx.s	f2,f19,f12	 f19:0x42800000 f12:0xcefff94a  f2=0xc2800000
     221955.000 ns	     22194	80004a54	49e98237	lui	x4,0x49e98	  x4=0x49e98000
     221965.000 ns	     22195	80004a58	00732ab3	slt	x21,x6,x7	  x6:0x00000001  x7:0x00000000 x21=0x00000000
     221985.000 ns	     22197	80004a5c	a0e51e53	flt.s	x28,f10,f14	 f10:0x00000000 f14:0x00000000 x28=0x00000000
     222015.000 ns	     22200	80004a60	21ae23d3	fsgnjx.s	f7,f28,f26	 f28:0xffc00000 f26:0x00000000  f7=0xffc00000
     222045.000 ns	     22203	80004a64	c00e2253	fcvt.w.s	x4,f28	 f28:0xffc00000  x4=0x7fffffff
     222075.000 ns	     22206	80004a68	e00a8d53	fmv.x.w	x26,f21	 f21:0x4ed30d55 x26=0x4ed30d55
     222095.000 ns	     22208	80004a6c	01eef133	and	x2,x29,x30	 x29:0x00000000 x30:0x00000200  x2=0x00000000
     222105.000 ns	     22209	80004a70	404f89b3	sub	x19,x31,x4	 x31:0x00000000  x4:0x7fffffff x19=0x80000001
     222125.000 ns	     22211	80004a74	02fee1b3	rem	x3,x29,x15	 x29:0x00000000 x15:0x00000000  x3=0x00000000
     222145.000 ns	     22213	80004a78	0472f113	andi	x2,x5,71	  x5:0x80041024  x2=0x00000004
     222505.000 ns	     22249	80004a7c	03686eb3	rem	x29,x16,x22	 x16:0xffffffff x22:0x00000001 x29=0x00000000
     222525.000 ns	     22251	80004a80	00478733	add	x14,x15,x4	 x15:0x00000000  x4:0x7fffffff x14=0x7fffffff
     222545.000 ns	     22253	80004a84	a1081bd3	flt.s	x23,f16,f16	 f16:0x7fc00000 f16:0x7fc00000 x23=0x00000000
     222585.000 ns	     22257	80004a88	10ef74d3	fmul.s	f9,f30,f14	 f30:0x7fc00000 f14:0x00000000  f9=0x7fc00000
     222615.000 ns	     22260	80004a8c	c01b2653	fcvt.wu.s	x12,f22	 f22:0x7fc00000 x12=0xffffffff
     222635.000 ns	     22262	80004a90	00a7dfb3	srl	x31,x15,x10	 x15:0x00000000 x10:0xf75ca184 x31=0x00000000
     222645.000 ns	     22263	80004a94	0080d3b3	srl	x7,x1,x8	  x1:0x00000001  x8:0x0f75ca18  x7=0x00000000
     222665.000 ns	     22265	80004a98	e00815d3	fclass.s	x11,f16	 f16:0x7fc00000 x11=0x00000200
     222685.000 ns	     22267	80004a9c	f04d0393	addi	x7,x26,-252	 x26:0x4ed30d55  x7=0x4ed30c59
     222705.000 ns	     22269	80004aa0	e00f08d3	fmv.x.w	x17,f30	 f30:0x7fc00000 x17=0x7fc00000
     222735.000 ns	     22272	80004aa4	03d3b4b3	mulhu	x9,x7,x29	  x7:0x00000000 x29:0x00000000  x9=0x00000000
     222755.000 ns	     22274	80004aa8	01931ab3	sll	x21,x6,x25	  x6:0x00000001 x25:0x00000001 x21=0x00000002
     222775.000 ns	     22276	80004aac	037b8433	mul	x8,x23,x23	 x23:0x00000000 x23:0x00000000  x8=0x00000000
     222795.000 ns	     22278	80004ab0	00716a33	or	x20,x2,x7	  x2:0x00000004  x7:0x4ed30c59 x20=0x4ed30c5d
     222805.000 ns	     22279	80004ab4	8a18ef13	ori	x30,x17,-1887	 x17:0x7fc00000 x30=0xfffff8a1
     222825.000 ns	     22281	80004ab8	a15f8153	fle.s	x2,f31,f21	 f31:0xce9b97ed f21:0x4ed30d55  x2=0x00000001
     222865.000 ns	     22285	80004abc	10baff53	fmul.s	f30,f21,f11	 f21:0x4ed30d55 f11:0xbe8bef20 f30=0xcde6bac2
     222885.000 ns	     22287	80004ac0	01647cb3	and	x25,x8,x22	  x8:0x00000000 x22:0x00000001 x25=0x00000000
     222895.000 ns	     22288	80004ac4	5f10a597	auipc	x11,0x5f10a	 x11=0xdf10eac4
     222905.000 ns	     22289	80004ac8	25896493	ori	x9,x18,600	 x18:0x0f75ca18  x9=0x0f75ca58
     222925.000 ns	     22291	80004acc	02528f33	mul	x30,x5,x5	  x5:0x80041024  x5:0x80041024 x30=0x82248510
     223295.000 ns	     22328	80004ad0	0255eeb3	rem	x29,x11,x5	 x11:0xdf10eac4  x5:0x80041024 x29=0xdf10eac4
     223325.000 ns	     22331	80004ad4	28591ed3	fmax.s	f29,f18,f5	 f18:0x2e9c3256  f5:0x7fc00000 f29=0x2e9c3256
     223355.000 ns	     22334	80004ad8	0385b833	mulhu	x16,x11,x24	 x11:0xdf10eac4 x24:0x00000550 x16=0x000004a1
     223375.000 ns	     22336	80004adc	c8b9b813	sltiu	x16,x19,-885	 x19:0x80000001 x16=0x00000001
     223395.000 ns	     22338	80004ae0	024727b3	mulhsu	x15,x14,x4	 x14:0x7fffffff  x4:0x7fffffff x15=0x3fffffff
     223425.000 ns	     22341	80004ae4	02f49cb3	mulh	x25,x9,x15	  x9:0x0f75ca58 x15:0x00000000 x25=0x03dd7295
     223445.000 ns	     22343	80004ae8	41e0d413	srai	x8,x1,0x1e	  x1:0x00000001  x8=0x00000000
     223805.000 ns	     22379	80004aec	03eb50b3	divu	x1,x22,x30	 x22:0x00000001 x30:0x82248510  x1=0x00000000
     223825.000 ns	     22381	80004af0	008170b3	and	x1,x2,x8	  x2:0x00000001  x8:0x00000000  x1=0x00000000
     223835.000 ns	     22382	80004af4	00e118b3	sll	x17,x2,x14	  x2:0x00000001 x14:0x7fffffff x17=0x80000000
     224195.000 ns	     22418	80004af8	03085b33	divu	x22,x16,x16	 x16:0x00000001 x16:0x00000001 x22=0x00000001
     224225.000 ns	     22421	80004afc	216792d3	fsgnjn.s	f5,f15,f22	 f15:0x7fc00000 f22:0x7fc00000  f5=0xffc00000
     224595.000 ns	     22458	80004b00	03086f33	rem	x30,x16,x16	 x16:0x00000001 x16:0x00000001 x30=0x00000000
     224625.000 ns	     22461	80004b04	200785d3	fsgnj.s	f11,f15,f0	 f15:0x7fc00000  f0:0x4486c000 f11=0x7fc00000
     224645.000 ns	     22463	80004b08	01c9a733	slt	x14,x19,x28	 x19:0x80000001 x28:0x00000000 x14=0x00000001
     224665.000 ns	     22465	80004b0c	d01b8553	fcvt.s.wu	f10,x23	 x23:0x00000000 f10=0x00000000
     224695.000 ns	     22468	80004b10	03c45033	divu	x0,x8,x28	  x8:0x00000000 x28:0x00000000
     225875.000 ns	     22586	80004b14	580c77d3	fsqrt.s	f15,f24	 f24:0x42800000 f15=0x40ffffae
     225905.000 ns	     22589	80004b18	21e629d3	fsgnjx.s	f19,f12,f30	 f12:0xcefff94a f30:0xcde6bac2 f19=0x4efff94a
     225925.000 ns	     22591	80004b1c	01bd85b3	add	x11,x27,x27	 x27:0x80040fe4 x27:0x80040fe4 x11=0x00081fc8
     225945.000 ns	     22593	80004b20	03a3ba33	mulhu	x20,x7,x26	  x7:0x4ed30c59 x26:0x4ed30d55 x20=0x184549d1
     225975.000 ns	     22596	80004b24	e00415d3	fclass.s	x11,f8	  f8:0x4f7fffff x11=0x00000040
     225995.000 ns	     22598	80004b28	00172233	slt	x4,x14,x1	 x14:0x00000001  x1:0x00000000  x4=0x00000000
     226005.000 ns	     22599	80004b2c	1a88e993	ori	x19,x17,424	 x17:0x80000000 x19=0x800001a8
     226025.000 ns	     22601	80004b30	a1bba6d3	feq.s	x13,f23,f27	 f23:0x00000002 f27:0x7fc00000 x13=0x00000000
     226045.000 ns	     22603	80004b34	00906333	or	x6,x0,x9	  x0:0x00000000  x9:0x0f75ca58  x6=0x0f75ca58
     226055.000 ns	     22604	80004b38	62316b13	ori	x22,x2,1571	  x2:0x00000001 x22=0x00000623
     226065.000 ns	     22605	80004b3c	006998b3	sll	x17,x19,x6	 x19:0x800001a8  x6:0x00000001 x17=0xa8000000
     226075.000 ns	     22606	80004b40	01455593	srli	x11,x10,0x14	 x10:0xf75ca184 x11=0x00000f75
     226085.000 ns	     22607	80004b44	00baa4b3	slt	x9,x21,x11	 x21:0x00000002 x11:0x00000040  x9=0x00000001
     226105.000 ns	     22609	80004b48	03e3f733	remu	x14,x7,x30	  x7:0x4ed30c59 x30:0x00000000 x14=0x4ed30c59
     226135.000 ns	     22612	80004b4c	020191b3	mulh	x3,x3,x0	  x3:0x00000000  x0:0x00000000  x3=0x00000000
     226155.000 ns	     22614	80004b50	c5fac193	xori	x3,x21,-929	 x21:0x00000002  x3=0xfffffc5d
     226165.000 ns	     22615	80004b54	1268c393	xori	x7,x17,294	 x17:0xa8000000  x7=0xa8000126
     226185.000 ns	     22617	80004b58	208d0cd3	fsgnj.s	f25,f26,f8	 f26:0x00000000  f8:0x4f7fffff f25=0x00000000
     226205.000 ns	     22619	80004b5c	f3cc4413	xori	x8,x24,-196	 x24:0x00000550  x8=0xfffffa6c
     226215.000 ns	     22620	80004b60	00051a93	slli	x21,x10,0x0	 x10:0xf75ca184 x21=0xf75ca184
     226235.000 ns	     22622	80004b64	024c78b3	remu	x17,x24,x4	 x24:0x00000550  x4:0x00000000 x17=0x00000550
     226275.000 ns	     22626	80004b68	18823253	fdiv.s	f4,f4,f8	  f4:0x7fc00000  f8:0x4f7fffff  f4=0x7fc00000
     226305.000 ns	     22629	80004b6c	20f3af53	fsgnjx.s	f30,f7,f15	  f7:0xffc00000 f15:0x40ffffae f30=0xffc00000
     226325.000 ns	     22631	80004b70	001340b3	xor	x1,x6,x1	  x6:0x0f75ca58  x1:0x00000000  x1=0x0f75ca58
     226345.000 ns	     22633	80004b74	d013f7d3	fcvt.s.wu	f15,x7	  x7:0xa8000126 f15=0x4f280001
     226365.000 ns	     22635	80004b78	0052c3b3	xor	x7,x5,x5	  x5:0x80041024  x5:0x80041024  x7=0x00000000
     226395.000 ns	     22638	80004b7c	196ecf53	fdiv.s	f30,f29,f22	 f29:0x2e9c3256 f22:0x7fc00000 f30=0x7fc00000
     226415.000 ns	     22640	80004b80	fec60497	auipc	x9,0xfec60	  x9=0x7ec64b80
     226425.000 ns	     22641	80004b84	407b83b3	sub	x7,x23,x7	 x23:0x00000000  x7:0x00000000  x7=0x00000000
     226435.000 ns	     22642	80004b88	07eb8e13	addi	x28,x23,126	 x23:0x00000000 x28=0x0000007e
     226445.000 ns	     22643	80004b8c	00fbd333	srl	x6,x23,x15	 x23:0x00000000 x15:0x3fffffff  x6=0x00000000
     226465.000 ns	     22645	80004b90	d00a7f53	fcvt.s.w	f30,x20	 x20:0x184549d1 f30=0x4dc22a4e
     226485.000 ns	     22647	80004b94	9bfa8a13	addi	x20,x21,-1601	 x21:0xf75ca184 x20=0xf75c9b43
     226505.000 ns	     22649	80004b98	02e1ad33	mulhsu	x26,x3,x14	  x3:0xfffffc5d x14:0x4ed30c59 x26=0xfffffee1
     226525.000 ns	     22651	80004b9c	d4ba7993	andi	x19,x20,-693	 x20:0x184549d1 x19=0xf75c9943
     226555.000 ns	     22654	80004ba0	100f4053	fmul.s	f0,f30,f0	 f30:0x4dc22a4e  f0:0x4486c000  f0=0x52cc678a
     226575.000 ns	     22656	80004ba4	0121c133	xor	x2,x3,x18	  x3:0xfffffc5d x18:0x0f75ca18  x2=0xf08a3645
     226595.000 ns	     22658	80004ba8	022f2833	mulhsu	x16,x30,x2	 x30:0x00000000  x2:0x00000001 x16=0x00000000
     226615.000 ns	     22660	80004bac	01dfe9b3	or	x19,x31,x29	 x31:0x00000000 x29:0xdf10eac4 x19=0xdf10eac4
     226625.000 ns	     22661	80004bb0	0021d893	srli	x17,x3,0x2	  x3:0xfffffc5d x17=0x3fffff17
     226645.000 ns	     22663	80004bb4	027060b3	rem	x1,x0,x7	  x0:0x00000000  x7:0x00000000  x1=0x00000000
     226675.000 ns	     22666	80004bb8	03032bb3	mulhsu	x23,x6,x16	  x6:0x00000000 x16:0x00000000 x23=0x00000000
     226715.000 ns	     22670	80004bbc	18e71853	fdiv.s	f16,f14,f14	 f14:0x00000000 f14:0x00000000 f16=0x7fc00000
     226745.000 ns	     22673	80004bc0	211310d3	fsgnjn.s	f1,f6,f17	  f6:0x00000000 f17:0x2e9c3256  f1=0x80000000
     226775.000 ns	     22676	80004bc4	f0058e53	fmv.w.x	f28,x11	 x11:0x00000f75 f28=0x00000f75
     226805.000 ns	     22679	80004bc8	a0cf87d3	fle.s	x15,f31,f12	 f31:0xce9b97ed f12:0xcefff94a x15=0x00000000
     226835.000 ns	     22682	80004bcc	200509d3	fsgnj.s	f19,f10,f0	 f10:0x00000000  f0:0x52cc678a f19=0x00000000
     226865.000 ns	     22685	80004bd0	2128a553	fsgnjx.s	f10,f17,f18	 f17:0x2e9c3256 f18:0x2e9c3256 f10=0x2e9c3256
     227235.000 ns	     22722	80004bd4	02cef6b3	remu	x13,x29,x12	 x29:0xdf10eac4 x12:0xffffffff x13=0xdf10eac4
     227265.000 ns	     22725	80004bd8	20820253	fsgnj.s	f4,f4,f8	  f4:0x7fc00000  f8:0x4f7fffff  f4=0x7fc00000
     227285.000 ns	     22727	80004bdc	410e81b3	sub	x3,x29,x16	 x29:0xdf10eac4 x16:0x00000000  x3=0xdf10eac4
     227305.000 ns	     22729	80004be0	a1890c53	fle.s	x24,f18,f24	 f18:0x2e9c3256 f24:0x42800000 x24=0x00000001
     227675.000 ns	     22766	80004be4	0339e033	rem	x0,x19,x19	 x19:0xdf10eac4 x19:0xdf10eac4
     227705.000 ns	     22769	80004be8	e00a10d3	fclass.s	x1,f20	 f20:0x7fc00000  x1=0x00000200
     227735.000 ns	     22772	80004bec	03b92eb3	mulhsu	x29,x18,x27	 x18:0x0f75ca18 x27:0x80040fe4 x29=0x07bb23d8
     227755.000 ns	     22774	80004bf0	d26f0c93	addi	x25,x30,-730	 x30:0x00000000 x25=0xfffffd26
     227765.000 ns	     22775	80004bf4	01a6d033	srl	x0,x13,x26	 x13:0xdf10eac4 x26:0xfffffee1
     227785.000 ns	     22777	80004bf8	217218d3	fsgnjn.s	f17,f4,f23	  f4:0x7fc00000 f23:0x00000002 f17=0xffc00000
     227815.000 ns	     22780	80004bfc	02b7a333	mulhsu	x6,x15,x11	 x15:0x00000000 x11:0x00000f75  x6=0x00000000
     227865.000 ns	     22785	80004c00	00568cd3	fadd.s	f25,f13,f5	 f13:0x7fc00000  f5:0xffc00000 f25=0x7fc00000
     227915.000 ns	     22790	80004c04	0954f553	fsub.s	f10,f9,f21	  f9:0x7fc00000 f21:0x4ed30d55 f10=0x7fc00000
     227935.000 ns	     22792	80004c08	412fdfb3	sra	x31,x31,x18	 x31:0x00000000 x18:0x0f75ca18 x31=0x00000000
     227945.000 ns	     22793	80004c0c	00a16033	or	x0,x2,x10	  x2:0xf08a3645 x10:0xf75ca184
     227955.000 ns	     22794	80004c10	010260b3	or	x1,x4,x16	  x4:0x00000000 x16:0x00000000  x1=0x00000000
     227965.000 ns	     22795	80004c14	6e0eb593	sltiu	x11,x29,1760	 x29:0x07bb23d8 x11=0x00000000
     227985.000 ns	     22797	80004c18	a08aa453	feq.s	x8,f21,f8	 f21:0x4ed30d55  f8:0x4f7fffff  x8=0x00000000
     228005.000 ns	     22799	80004c1c	01c3be33	sltu	x28,x7,x28	  x7:0x00000000 x28:0x0000007e x28=0x00000001
     228025.000 ns	     22801	80004c20	e00c07d3	fmv.x.w	x15,f24	 f24:0x42800000 x15=0x42800000
     228045.000 ns	     22803	80004c24	9453fd37	lui	x26,0x9453f	 x26=0x9453f000
     228055.000 ns	     22804	80004c28	6bd3c693	xori	x13,x7,1725	  x7:0x00000000 x13=0x000006bd
     228065.000 ns	     22805	80004c2c	fcdcca13	xori	x20,x25,-51	 x25:0xfffffd26 x20=0x000002eb
     229235.000 ns	     22922	80004c30	58047a53	fsqrt.s	f20,f8	  f8:0x4f7fffff f20=0x47350461
     229255.000 ns	     22924	80004c34	00000013	addi	x0,x0,0	  x0:0x00000000
     229265.000 ns	     22925	80004c38	6e293713	sltiu	x14,x18,1762	 x18:0x0f75ca18 x14=0x00000000
     229285.000 ns	     22927	80004c3c	20590ed3	fsgnj.s	f29,f18,f5	 f18:0x2e9c3256  f5:0xffc00000 f29=0xae9c3256
     229315.000 ns	     22930	80004c40	20711153	fsgnjn.s	f2,f2,f7	  f2:0xc2800000  f7:0xffc00000  f2=0x42800000
     229685.000 ns	     22967	80004c44	02cf5eb3	divu	x29,x30,x12	 x30:0x00000000 x12:0xffffffff x29=0x00000000
     229715.000 ns	     22970	80004c48	c00081d3	fcvt.w.s	x3,f1	  f1:0x80000000  x3=0x00000000
     229735.000 ns	     22972	80004c4c	9b0e5737	lui	x14,0x9b0e5	 x14=0x9b0e5000
     229745.000 ns	     22973	80004c50	49d73d17	auipc	x26,0x49d73	 x26=0xc9d77c50
     229755.000 ns	     22974	80004c54	0156eb33	or	x22,x13,x21	 x13:0x000006bd x21:0xf75ca184 x22=0xf75ca7bd
     230085.000 ns	     23007	80004c58	19df77d3	fdiv.s	f15,f30,f29	 f30:0x4dc22a4e f29:0xae9c3256 f15=0xde890ecf
     230115.000 ns	     23010	80004c5c	c0001e53	fcvt.w.s	x28,f0	  f0:0x52cc678a x28=0x7fffffff
     230145.000 ns	     23013	80004c60	02d506b3	mul	x13,x10,x13	 x10:0xf75ca184 x13:0x000006bd x13=0xcb2c5674
     230485.000 ns	     23047	80004c64	197c7ed3	fdiv.s	f29,f24,f23	 f24:0x42800000 f23:0x00000002 f29=0x7f800000
     230505.000 ns	     23049	80004c68	010a9e93	slli	x29,x21,0x10	 x21:0xf75ca184 x29=0xa1840000
     230515.000 ns	     23050	80004c6c	90695017	auipc	x0,0x90695	
     230535.000 ns	     23052	80004c70	e00b8e53	fmv.x.w	x28,f23	 f23:0x00000002 x28=0x00000002
     230555.000 ns	     23054	80004c74	0063fcb3	and	x25,x7,x6	  x7:0x00000000  x6:0x00000000 x25=0x00000000
     230565.000 ns	     23055	80004c78	403ade93	srai	x29,x21,0x3	 x21:0xf75ca184 x29=0xfeeb9430
     230575.000 ns	     23056	80004c7c	3393ba93	sltiu	x21,x7,825	  x7:0x00000000 x21=0x00000001
     230585.000 ns	     23057	80004c80	0011c133	xor	x2,x3,x1	  x3:0x00000000  x1:0x00000000  x2=0x00000000
     230605.000 ns	     23059	80004c84	c018f953	fcvt.wu.s	x18,f17	 f17:0xffc00000 x18=0xffffffff
     230625.000 ns	     23061	80004c88	012ad8b3	srl	x17,x21,x18	 x21:0x00000001 x18:0x0f75ca18 x17=0x00000000
     230635.000 ns	     23062	80004c8c	01645793	srli	x15,x8,0x16	  x8:0x00000000 x15=0x00000000
     230655.000 ns	     23064	80004c90	e0058053	fmv.x.w	x0,f11	 f11:0x7fc00000
     230675.000 ns	     23066	80004c94	7dab8213	addi	x4,x23,2010	 x23:0x00000000  x4=0x000007da
     230715.000 ns	     23070	80004c98	08347953	fsub.s	f18,f8,f3	  f8:0x4f7fffff  f3:0x4c8a3185 f18=0x4f7bae72
     230735.000 ns	     23072	80004c9c	007edf13	srli	x30,x29,0x7	 x29:0xfeeb9430 x30=0x01fdd728
     230765.000 ns	     23075	80004ca0	1856f353	fdiv.s	f6,f13,f5	 f13:0x7fc00000  f5:0xffc00000  f6=0x7fc00000
     231135.000 ns	     23112	80004ca4	02417ab3	remu	x21,x2,x4	  x2:0x00000000  x4:0x000007da x21=0x00000000
     231165.000 ns	     23115	80004ca8	f00d8153	fmv.w.x	f2,x27	 x27:0x80040fe4  f2=0x80040fe4
     231195.000 ns	     23118	80004cac	a1082ed3	feq.s	x29,f16,f16	 f16:0x7fc00000 f16:0x7fc00000 x29=0x00000000
     231225.000 ns	     23121	80004cb0	0207c633	div	x12,x15,x0	 x15:0x00000000  x0:0x00000000 x12=0xffffffff
     231255.000 ns	     23124	80004cb4	c010f4d3	fcvt.wu.s	x9,f1	  f1:0x80000000  x9=0x00000000
     231275.000 ns	     23126	80004cb8	1ae43113	sltiu	x2,x8,430	  x8:0x00000000  x2=0x00000001
     231285.000 ns	     23127	80004cbc	00509933	sll	x18,x1,x5	  x1:0x00000000  x5:0x80041024 x18=0x00000000
     231305.000 ns	     23129	80004cc0	03d7c633	div	x12,x15,x29	 x15:0x00000000 x29:0x00000000 x12=0xffffffff
     231325.000 ns	     23131	80004cc4	7ddab793	sltiu	x15,x21,2013	 x21:0x00000000 x15=0x00000001
     231345.000 ns	     23133	80004cc8	02b2f033	remu	x0,x5,x11	  x5:0x80041024 x11:0x00000000
     231365.000 ns	     23135	80004ccc	fd1a2c93	slti	x25,x20,-47	 x20:0x000002eb x25=0x00000000
     231375.000 ns	     23136	80004cd0	41f3d5b3	sra	x11,x7,x31	  x7:0x00000000 x31:0x00000000 x11=0x00000000
     231385.000 ns	     23137	80004cd4	018d1d33	sll	x26,x26,x24	 x26:0xc9d77c50 x24:0x00000001 x26=0x93aef8a0
     231745.000 ns	     23173	80004cd8	022c5133	divu	x2,x24,x2	 x24:0x00000001  x2:0x00000001  x2=0x00000001
     231765.000 ns	     23175	80004cdc	00c52133	slt	x2,x10,x12	 x10:0xf75ca184 x12:0xffffffff  x2=0x00000001
     231795.000 ns	     23178	80004ce0	58057cd3	fsqrt.s	f25,f10	 f10:0x7fc00000 f25=0x7fc00000
     231835.000 ns	     23182	80004ce4	58017753	fsqrt.s	f14,f2	  f2:0x80040fe4 f14=0x7fc00000
     231885.000 ns	     23187	80004ce8	08f88cd3	fsub.s	f25,f17,f15	 f17:0xffc00000 f15:0xde890ecf f25=0x7fc00000
     231905.000 ns	     23189	80004cec	a2e02193	slti	x3,x0,-1490	  x0:0x00000000  x3=0x00000000
     231925.000 ns	     23191	80004cf0	e00001d3	fmv.x.w	x3,f0	  f0:0x52cc678a  x3=0x52cc678a
     231945.000 ns	     23193	80004cf4	40f0d113	srai	x2,x1,0xf	  x1:0x00000000  x2=0x00000000
     232305.000 ns	     23229	80004cf8	02a65033	divu	x0,x12,x10	 x12:0xffffffff x10:0xf75ca184
     232335.000 ns	     23232	80004cfc	c0017753	fcvt.w.s	x14,f2	  f2:0x80040fe4 x14=0x00000000
     232365.000 ns	     23235	80004d00	f00285d3	fmv.w.x	f11,x5	  x5:0x80041024 f11=0x80041024
     232385.000 ns	     23237	80004d04	00b786b3	add	x13,x15,x11	 x15:0x00000001 x11:0x00000000 x13=0x00000001
     232395.000 ns	     23238	80004d08	01113bb3	sltu	x23,x2,x17	  x2:0x00000000 x17:0x00000000 x23=0x00000000
     232405.000 ns	     23239	80004d0c	9030ae13	slti	x28,x1,-1789	  x1:0x00000000 x28=0x00000000
     232425.000 ns	     23241	80004d10	a052ab53	feq.s	x22,f5,f5	  f5:0xffc00000  f5:0xffc00000 x22=0x00000000
     232475.000 ns	     23246	80004d14	01f1f953	fadd.s	f18,f3,f31	  f3:0x4c8a3185 f31:0xce9b97ed f18=0xce92f4d4
     232505.000 ns	     23249	80004d18	214593d3	fsgnjn.s	f7,f11,f20	 f11:0x80041024 f20:0x47350461  f7=0x80041024
     232525.000 ns	     23251	80004d1c	01bcefb3	or	x31,x25,x27	 x25:0x00000000 x27:0x80040fe4 x31=0x80040fe4
     232545.000 ns	     23253	80004d20	022cf0b3	remu	x1,x25,x2	 x25:0x00000000  x2:0x00000000  x1=0x00000000
     232565.000 ns	     23255	80004d24	0178b1b3	sltu	x3,x17,x23	 x17:0x00000000 x23:0x00000000  x3=0x00000000
     232585.000 ns	     23257	80004d28	e0018653	fmv.x.w	x12,f3	  f3:0x4c8a3185 x12=0x4c8a3185
     232605.000 ns	     23259	80004d2c	013397b3	sll	x15,x7,x19	  x7:0x00000000 x19:0xdf10eac4 x15=0x00000000
     232625.000 ns	     23261	80004d30	d012f9d3	fcvt.s.wu	f19,x5	  x5:0x80041024 f19=0x4f000410
     232655.000 ns	     23264	80004d34	f00c8753	fmv.w.x	f14,x25	 x25:0x00000000 f14=0x00000000
     232675.000 ns	     23266	80004d38	e345ec93	ori	x25,x11,-460	 x11:0x00000000 x25=0xfffffe34
     232685.000 ns	     23267	80004d3c	a1478993	addi	x19,x15,-1516	 x15:0x00000000 x19=0xfffffa14
     232695.000 ns	     23268	80004d40	00883333	sltu	x6,x16,x8	 x16:0x00000000  x8:0x00000000  x6=0x00000000
     233055.000 ns	     23304	80004d44	03abd4b3	divu	x9,x23,x26	 x23:0x00000000 x26:0x93aef8a0  x9=0x00000000
     233085.000 ns	     23307	80004d48	c00aa6d3	fcvt.w.s	x13,f21	 f21:0x4ed30d55 x13=0x6986aa80
     233115.000 ns	     23310	80004d4c	c00a2bd3	fcvt.w.s	x23,f20	 f20:0x47350461 x23=0x0000b504
     233145.000 ns	     23313	80004d50	c0127953	fcvt.wu.s	x18,f4	  f4:0x7fc00000 x18=0xffffffff
     233175.000 ns	     23316	80004d54	28aa00d3	fmin.s	f1,f20,f10	 f20:0x47350461 f10:0x7fc00000  f1=0x47350461
     233205.000 ns	     23319	80004d58	03499833	mulh	x16,x19,x20	 x19:0xfffffa14 x20:0x000002eb x16=0xffffffff
     233225.000 ns	     23321	80004d5c	2884f493	andi	x9,x9,648	  x9:0x00000000  x9=0x00000000
     233265.000 ns	     23325	80004d60	0934fc53	fsub.s	f24,f9,f19	  f9:0x7fc00000 f19:0x4f000410 f24=0x7fc00000
     233295.000 ns	     23328	80004d64	03f107b3	mul	x15,x2,x31	  x2:0x00000000 x31:0x80040fe4 x15=0x00000000
     233325.000 ns	     23331	80004d68	297e1f53	fmax.s	f30,f28,f23	 f28:0x00000f75 f23:0x00000002 f30=0x00000f75
     233355.000 ns	     23334	80004d6c	036bfe33	remu	x28,x23,x22	 x23:0x0000b504 x22:0x00000000 x28=0x0000b504
     233375.000 ns	     23336	80004d70	0c0d2413	slti	x8,x26,192	 x26:0x93aef8a0  x8=0x00000001
     233395.000 ns	     23338	80004d74	03050ab3	mul	x21,x10,x16	 x10:0xf75ca184 x16:0xffffffff x21=0x08a35e7c
     233425.000 ns	     23341	80004d78	d00c72d3	fcvt.s.w	f5,x24	 x24:0x00000001  f5=0x3f800000
     233445.000 ns	     23343	80004d7c	40575333	sra	x6,x14,x5	 x14:0x00000000  x5:0x80041024  x6=0x00000000
     233455.000 ns	     23344	80004d80	00000013	addi	x0,x0,0	  x0:0x00000000
     233475.000 ns	     23346	80004d84	d010a8d3	fcvt.s.wu	f17,x1	  x1:0x00000000 f17=0x00000000
     233515.000 ns	     23350	80004d88	5805fd53	fsqrt.s	f26,f11	 f11:0x80041024 f26=0x7fc00000
     233535.000 ns	     23352	80004d8c	656f47b7	lui	x15,0x656f4	 x15=0x656f4000
     233545.000 ns	     23353	80004d90	00761cb3	sll	x25,x12,x7	 x12:0x4c8a3185  x7:0x00000000 x25=0x4c8a3185
     233575.000 ns	     23356	80004d94	19843753	fdiv.s	f14,f8,f24	  f8:0x4f7fffff f24:0x7fc00000 f14=0x7fc00000
     233595.000 ns	     23358	80004d98	010f43b3	xor	x7,x30,x16	 x30:0x01fdd728 x16:0xffffffff  x7=0xfe0228d7
     233605.000 ns	     23359	80004d9c	400f5b33	sra	x22,x30,x0	 x30:0x01fdd728  x0:0x00000000 x22=0x01fdd728
     233965.000 ns	     23395	80004da0	03b0d233	divu	x4,x1,x27	  x1:0x00000000 x27:0x80040fe4  x4=0x00000000
     234305.000 ns	     23429	80004da4	185977d3	fdiv.s	f15,f18,f5	 f18:0xce92f4d4  f5:0x3f800000 f15=0xce92f461
     234335.000 ns	     23432	80004da8	e0041e53	fclass.s	x28,f8	  f8:0x4f7fffff x28=0x00000040
     234365.000 ns	     23435	80004dac	c019f3d3	fcvt.wu.s	x7,f19	 f19:0x4f000410  x7=0x80041000
     234385.000 ns	     23437	80004db0	40585933	sra	x18,x16,x5	 x16:0xffffffff  x5:0x80041024 x18=0xffffffff
     234405.000 ns	     23439	80004db4	027489b3	mul	x19,x9,x7	  x9:0x00000000  x7:0x80041000 x19=0x00000000
     234425.000 ns	     23441	80004db8	00f3db13	srli	x22,x7,0xf	  x7:0x80041000 x22=0x00010008
     234435.000 ns	     23442	80004dbc	0a6d7437	lui	x8,0xa6d7	  x8=0x0a6d7000
     234445.000 ns	     23443	80004dc0	411750b3	sra	x1,x14,x17	 x14:0x00000000 x17:0x00000000  x1=0x00000000
     234465.000 ns	     23445	80004dc4	d01443d3	fcvt.s.wu	f7,x8	  x8:0x00000001  f7=0x4d26d700
     234495.000 ns	     23448	80004dc8	20f60653	fsgnj.s	f12,f12,f15	 f12:0xcefff94a f15:0xce92f461 f12=0xcefff94a
     234515.000 ns	     23450	80004dcc	0169cab3	xor	x21,x19,x22	 x19:0x00000000 x22:0x00010008 x21=0x00010008
     234525.000 ns	     23451	80004dd0	006bb433	sltu	x8,x23,x6	 x23:0x0000b504  x6:0x00000000  x8=0x00000000
     234545.000 ns	     23453	80004dd4	296600d3	fmin.s	f1,f12,f22	 f12:0xcefff94a f22:0x7fc00000  f1=0xcefff94a
     234585.000 ns	     23457	80004dd8	19249453	fdiv.s	f8,f9,f18	  f9:0x7fc00000 f18:0xce92f4d4  f8=0x7fc00000
     234615.000 ns	     23460	80004ddc	a03b28d3	feq.s	x17,f22,f3	 f22:0x7fc00000  f3:0x4c8a3185 x17=0x00000000
     234635.000 ns	     23462	80004de0	01bedb93	srli	x23,x29,0x1b	 x29:0x00000000 x23=0x00000000
     234645.000 ns	     23463	80004de4	0fbe4b13	xori	x22,x28,251	 x28:0x00000040 x22=0x000000bb
     234655.000 ns	     23464	80004de8	00000013	addi	x0,x0,0	  x0:0x00000000
     234665.000 ns	     23465	80004dec	00ab5713	srli	x14,x22,0xa	 x22:0x00010008 x14=0x00000000
     234675.000 ns	     23466	80004df0	01f750b3	srl	x1,x14,x31	 x14:0x00000000 x31:0x80040fe4  x1=0x00000000
     234685.000 ns	     23467	80004df4	41ddd213	srai	x4,x27,0x1d	 x27:0x80040fe4  x4=0xfffffffc
     234695.000 ns	     23468	80004df8	b3068913	addi	x18,x13,-1232	 x13:0x6986aa80 x18=0x6986a5b0
     234705.000 ns	     23469	80004dfc	41f1dc93	srai	x25,x3,0x1f	  x3:0x00000000 x25=0x00000000
     234715.000 ns	     23470	80004e00	89670d13	addi	x26,x14,-1898	 x14:0x00000000 x26=0xfffff896
     234755.000 ns	     23474	80004e04	09064b53	fsub.s	f22,f12,f16	 f12:0xcefff94a f16:0x7fc00000 f22=0x7fc00000
     234805.000 ns	     23479	80004e08	09667bd3	fsub.s	f23,f12,f22	 f12:0xcefff94a f22:0x7fc00000 f23=0x7fc00000
     234835.000 ns	     23482	80004e0c	c0127753	fcvt.wu.s	x14,f4	  f4:0x7fc00000 x14=0xffffffff
     234865.000 ns	     23485	80004e10	03dd4d33	div	x26,x26,x29	 x26:0xfffff896 x29:0x00000000 x26=0xffffffff
     234885.000 ns	     23487	80004e14	00000013	addi	x0,x0,0	  x0:0x00000000
     234905.000 ns	     23489	80004e18	c00f27d3	fcvt.w.s	x15,f30	 f30:0x00000f75 x15=0x00000000
     234925.000 ns	     23491	80004e1c	156bbc13	sltiu	x24,x23,342	 x23:0x00000000 x24=0x00000001
     235285.000 ns	     23527	80004e20	03ece633	rem	x12,x25,x30	 x25:0x00000000 x30:0x01fdd728 x12=0x00000000
     235315.000 ns	     23530	80004e24	02957333	remu	x6,x10,x9	 x10:0xf75ca184  x9:0x00000000  x6=0xf75ca184
     235345.000 ns	     23533	80004e28	20d41b53	fsgnjn.s	f22,f8,f13	  f8:0x7fc00000 f13:0x7fc00000 f22=0xffc00000
     235375.000 ns	     23536	80004e2c	a0b2a3d3	feq.s	x7,f5,f11	  f5:0x3f800000 f11:0x80041024  x7=0x00000000
     235415.000 ns	     23540	80004e30	5806f853	fsqrt.s	f16,f13	 f13:0x7fc00000 f16=0x7fc00000
     235435.000 ns	     23542	80004e34	01fea1b3	slt	x3,x29,x31	 x29:0x00000000 x31:0x80040fe4  x3=0x00000000
     235795.000 ns	     23578	80004e38	032e76b3	remu	x13,x28,x18	 x28:0x00000040 x18:0x6986a5b0 x13=0x00000040
     235815.000 ns	     23580	80004e3c	0055a9b3	slt	x19,x11,x5	 x11:0x00000000  x5:0x80041024 x19=0x00000000
     235835.000 ns	     23582	80004e40	02d28433	mul	x8,x5,x13	  x5:0x80041024 x13:0x00000040  x8=0x01040900
     235865.000 ns	     23585	80004e44	e00a8e53	fmv.x.w	x28,f21	 f21:0x4ed30d55 x28=0x4ed30d55
     235915.000 ns	     23590	80004e48	08892553	fsub.s	f10,f18,f8	 f18:0xce92f4d4  f8:0x7fc00000 f10=0x7fc00000
     235945.000 ns	     23593	80004e4c	a0fd2ed3	feq.s	x29,f26,f15	 f26:0x7fc00000 f15:0xce92f461 x29=0x00000000
     235965.000 ns	     23595	80004e50	01d61c33	sll	x24,x12,x29	 x12:0x00000000 x29:0x00000000 x24=0x00000000
     235975.000 ns	     23596	80004e54	006a69b3	or	x19,x20,x6	 x20:0x000002eb  x6:0xf75ca184 x19=0xf75ca3ef
     235985.000 ns	     23597	80004e58	e8f9aa93	slti	x21,x19,-369	 x19:0x00000000 x21=0x00000001
     235995.000 ns	     23598	80004e5c	fd678c13	addi	x24,x15,-42	 x15:0x00000000 x24=0xffffffd6
     236005.000 ns	     23599	80004e60	fb9b6113	ori	x2,x22,-71	 x22:0x000000bb  x2=0xffffffbb
     236015.000 ns	     23600	80004e64	00000013	addi	x0,x0,0	  x0:0x00000000
     236055.000 ns	     23604	80004e68	01f088d3	fadd.s	f17,f1,f31	  f1:0xcefff94a f31:0xce9b97ed f17=0xcf4dc89b
     236085.000 ns	     23607	80004e6c	f00286d3	fmv.w.x	f13,x5	  x5:0x80041024 f13=0x80041024
     236115.000 ns	     23610	80004e70	02107a33	remu	x20,x0,x1	  x0:0x00000000  x1:0x00000000 x20=0x00000000
     236135.000 ns	     23612	80004e74	19ef4f13	xori	x30,x30,414	 x30:0x01fdd728 x30=0x01fdd6b6
     236155.000 ns	     23614	80004e78	a0df0a53	fle.s	x20,f30,f13	 f30:0x00000f75 f13:0x80041024 x20=0x00000000
     236185.000 ns	     23617	80004e7c	a08f0bd3	fle.s	x23,f30,f8	 f30:0x00000f75  f8:0x7fc00000 x23=0x00000000
     236215.000 ns	     23620	80004e80	214b1453	fsgnjn.s	f8,f22,f20	 f22:0xffc00000 f20:0x47350461  f8=0xffc00000
     236235.000 ns	     23622	80004e84	9d3a9a37	lui	x20,0x9d3a9	 x20=0x9d3a9000
     236255.000 ns	     23624	80004e88	a1770253	fle.s	x4,f14,f23	 f14:0x7fc00000 f23:0x7fc00000  x4=0x00000000
     236285.000 ns	     23627	80004e8c	d0160253	fcvt.s.wu	f4,x12	 x12:0x00000000  f4=0x00000000
     236315.000 ns	     23630	80004e90	0312f5b3	remu	x11,x5,x17	  x5:0x80041024 x17:0x00000000 x11=0x80041024
     236345.000 ns	     23633	80004e94	a1a388d3	fle.s	x17,f7,f26	  f7:0x4d26d700 f26:0x7fc00000 x17=0x00000000
     236375.000 ns	     23636	80004e98	211b9bd3	fsgnjn.s	f23,f23,f17	 f23:0x7fc00000 f17:0xcf4dc89b f23=0x7fc00000
     236395.000 ns	     23638	80004e9c	97a0a013	slti	x0,x1,-1670	  x1:0x00000000
     236415.000 ns	     23640	80004ea0	0253aab3	mulhsu	x21,x7,x5	  x7:0x00000000  x5:0x80041024 x21=0x00000000
     236435.000 ns	     23642	80004ea4	107da893	slti	x17,x27,263	 x27:0x80040fe4 x17=0x00000001
     236445.000 ns	     23643	80004ea8	00000013	addi	x0,x0,0	  x0:0x00000000
     236455.000 ns	     23644	80004eac	41a98933	sub	x18,x19,x26	 x19:0xf75ca3ef x26:0xffffffff x18=0xf75ca3f0
     236475.000 ns	     23646	80004eb0	c004afd3	fcvt.w.s	x31,f9	  f9:0x7fc00000 x31=0x7fffffff
     236525.000 ns	     23651	80004eb4	09244fd3	fsub.s	f31,f8,f18	  f8:0xffc00000 f18:0xce92f4d4 f31=0x7fc00000
     236545.000 ns	     23653	80004eb8	003d1b13	slli	x22,x26,0x3	 x26:0xffffffff x22=0xfffffff8
     236555.000 ns	     23654	80004ebc	41075f13	srai	x30,x14,0x10	 x14:0xffffffff x30=0xffffffff
     236565.000 ns	     23655	80004ec0	01a2a1b3	slt	x3,x5,x26	  x5:0x80041024 x26:0xffffffff  x3=0x00000001
     236575.000 ns	     23656	80004ec4	abe53313	sltiu	x6,x10,-1346	 x10:0xf75ca184  x6=0x00000001
     236595.000 ns	     23658	80004ec8	d011f053	fcvt.s.wu	f0,x3	  x3:0x00000000  f0=0x3f800000
     236625.000 ns	     23661	80004ecc	02581733	mulh	x14,x16,x5	 x16:0xffffffff  x5:0x80041024 x14=0x00000000
     236995.000 ns	     23698	80004ed0	02b0f433	remu	x8,x1,x11	  x1:0x00000000 x11:0x80041024  x8=0x00000000
     237015.000 ns	     23700	80004ed4	4177d813	srai	x16,x15,0x17	 x15:0x00000000 x16=0x00000000
     237025.000 ns	     23701	80004ed8	d7c77013	andi	x0,x14,-644	 x14:0x00000000
     237035.000 ns	     23702	80004edc	00b543b3	xor	x7,x10,x11	 x10:0xf75ca184 x11:0x80041024  x7=0x7758b1a0
     237055.000 ns	     23704	80004ee0	285f1c53	fmax.s	f24,f30,f5	 f30:0x00000f75  f5:0x3f800000 f24=0x3f800000
     237085.000 ns	     23707	80004ee4	285c98d3	fmax.s	f17,f25,f5	 f25:0x7fc00000  f5:0x3f800000 f17=0x3f800000
     237115.000 ns	     23710	80004ee8	a14ca1d3	feq.s	x3,f25,f20	 f25:0x7fc00000 f20:0x47350461  x3=0x00000000
     237135.000 ns	     23712	80004eec	5afd9bb7	lui	x23,0x5afd9	 x23=0x5afd9000
     237145.000 ns	     23713	80004ef0	e028b913	sltiu	x18,x17,-510	 x17:0x00000001 x18=0x00000001
     237155.000 ns	     23714	80004ef4	00a20a33	add	x20,x4,x10	  x4:0x00000000 x10:0xf75ca184 x20=0xf75ca184
     237165.000 ns	     23715	80004ef8	dafc2c97	auipc	x25,0xdafc2	 x25=0x5afc6ef8
     237185.000 ns	     23717	80004efc	e00c0353	fmv.x.w	x6,f24	 f24:0x3f800000  x6=0x3f800000
     237215.000 ns	     23720	80004f00	f0048fd3	fmv.w.x	f31,x9	  x9:0x00000000 f31=0x00000000
     237255.000 ns	     23724	80004f04	11dbfbd3	fmul.s	f23,f23,f29	 f23:0x7fc00000 f29:0x7f800000 f23=0x7fc00000
     237275.000 ns	     23726	80004f08	0077cab3	xor	x21,x15,x7	 x15:0x00000000  x7:0x7758b1a0 x21=0x7758b1a0
     237295.000 ns	     23728	80004f0c	d00686d3	fcvt.s.w	f13,x13	 x13:0x00000040 f13=0x42800000
     237325.000 ns	     23731	80004f10	e00c10d3	fclass.s	x1,f24	 f24:0x3f800000  x1=0x00000040
     237355.000 ns	     23734	80004f14	02660a33	mul	x20,x12,x6	 x12:0x00000000  x6:0x3f800000 x20=0x00000000
     237395.000 ns	     23738	80004f18	11081ad3	fmul.s	f21,f16,f16	 f16:0x7fc00000 f16:0x7fc00000 f21=0x7fc00000
     237765.000 ns	     23775	80004f1c	02157a33	remu	x20,x10,x1	 x10:0xf75ca184  x1:0x00000040 x20=0x00000004
     237785.000 ns	     23777	80004f20	73436e93	ori	x29,x6,1844	  x6:0x3f800000 x29=0x3f800734
     237795.000 ns	     23778	80004f24	019bdc33	srl	x24,x23,x25	 x23:0x5afd9000 x25:0x5afc6ef8 x24=0x0000005a
     237815.000 ns	     23780	80004f28	c000f7d3	fcvt.w.s	x15,f1	  f1:0xcefff94a x15=0x7ffca500
     237845.000 ns	     23783	80004f2c	02e71133	mulh	x2,x14,x14	 x14:0x00000000 x14:0x00000000  x2=0x00000000
     237875.000 ns	     23786	80004f30	a1f90f53	fle.s	x30,f18,f31	 f18:0xce92f4d4 f31:0x00000000 x30=0x00000001
     237905.000 ns	     23789	80004f34	02e93833	mulhu	x16,x18,x14	 x18:0x00000001 x14:0x00000000 x16=0x00000000
     237935.000 ns	     23792	80004f38	03b59933	mulh	x18,x11,x27	 x11:0x80041024 x27:0x80040fe4 x18=0x3ffbf00c
     237955.000 ns	     23794	80004f3c	41715ab3	sra	x21,x2,x23	  x2:0x00000000 x23:0x5afd9000 x21=0x00000000
     237965.000 ns	     23795	80004f40	01c1dc33	srl	x24,x3,x28	  x3:0x00000000 x28:0x4ed30d55 x24=0x00000000
     238325.000 ns	     23831	80004f44	02bd4b33	div	x22,x26,x11	 x26:0xffffffff x11:0x80041024 x22=0x00000000
     238355.000 ns	     23834	80004f48	03360933	mul	x18,x12,x19	 x12:0x00000000 x19:0xf75ca3ef x18=0x00000000
     238385.000 ns	     23837	80004f4c	e0019853	fclass.s	x16,f3	  f3:0x4c8a3185 x16=0x00000040
     238405.000 ns	     23839	80004f50	00cc9593	slli	x11,x25,0xc	 x25:0x5afc6ef8 x11=0xc6ef8000
     238415.000 ns	     23840	80004f54	7b97fd17	auipc	x26,0x7b97f	 x26=0xfb983f54
     238425.000 ns	     23841	80004f58	01d478b3	and	x17,x8,x29	  x8:0x00000000 x29:0x3f800734 x17=0x00000000
     238435.000 ns	     23842	80004f5c	28917093	andi	x1,x2,649	  x2:0x00000000  x1=0x00000000
     238455.000 ns	     23844	80004f60	03d6a433	mulhsu	x8,x13,x29	 x13:0x00000040 x29:0x3f800734  x8=0x0000000f
     238485.000 ns	     23847	80004f64	02cc19b3	mulh	x19,x24,x12	 x24:0x00000000 x12:0x00000000 x19=0x00000000
     238515.000 ns	     23850	80004f68	02c7cd33	div	x26,x15,x12	 x15:0x7ffca500 x12:0x00000000 x26=0xffffffff
     238535.000 ns	     23852	80004f6c	003b9633	sll	x12,x23,x3	 x23:0x5afd9000  x3:0x00000000 x12=0x5afd9000
     238555.000 ns	     23854	80004f70	036873b3	remu	x7,x16,x22	 x16:0x00000040 x22:0x00000000  x7=0x00000040
     238585.000 ns	     23857	80004f74	03ca19b3	mulh	x19,x20,x28	 x20:0x00000004 x28:0x4ed30d55 x19=0x00000001
     238625.000 ns	     23861	80004f78	5800ba53	fsqrt.s	f20,f1	  f1:0xcefff94a f20=0x7fc00000
     238645.000 ns	     23863	80004f7c	2a823693	sltiu	x13,x4,680	  x4:0x00000000 x13=0x00000001
     238655.000 ns	     23864	80004f80	00f9e333	or	x6,x19,x15	 x19:0x00000001 x15:0x7ffca500  x6=0x7ffca501
     238675.000 ns	     23866	80004f84	213421d3	fsgnjx.s	f3,f8,f19	  f8:0xffc00000 f19:0x4f000410  f3=0xffc00000
     238705.000 ns	     23869	80004f88	a1342ed3	feq.s	x29,f8,f19	  f8:0xffc00000 f19:0x4f000410 x29=0x00000000
     238725.000 ns	     23871	80004f8c	00210cb3	add	x25,x2,x2	  x2:0x00000000  x2:0x00000000 x25=0x00000000
     238735.000 ns	     23872	80004f90	0a623f13	sltiu	x30,x4,166	  x4:0x00000000 x30=0x00000001
     238755.000 ns	     23874	80004f94	283886d3	fmin.s	f13,f17,f3	 f17:0x3f800000  f3:0xffc00000 f13=0x3f800000
     238785.000 ns	     23877	80004f98	024b6fb3	rem	x31,x22,x4	 x22:0x00000000  x4:0x00000000 x31=0x00000000
     238805.000 ns	     23879	80004f9c	00200e33	add	x28,x0,x2	  x0:0x00000000  x2:0x00000000 x28=0x00000000
     238815.000 ns	     23880	80004fa0	95e4e797	auipc	x15,0x95e4e	 x15=0x15e52fa0
     238835.000 ns	     23882	80004fa4	035c64b3	rem	x9,x24,x21	 x24:0x00000000 x21:0x00000000  x9=0x00000000
     238885.000 ns	     23887	80004fa8	01e17753	fadd.s	f14,f2,f30	  f2:0x80040fe4 f30:0x00000f75 f14=0x8004006f
     238915.000 ns	     23890	80004fac	a1c291d3	flt.s	x3,f5,f28	  f5:0x3f800000 f28:0x00000f75  x3=0x00000000
     238945.000 ns	     23893	80004fb0	02be8eb3	mul	x29,x29,x11	 x29:0x00000000 x11:0xc6ef8000 x29=0x00000000
     238965.000 ns	     23895	80004fb4	01dc3333	sltu	x6,x24,x29	 x24:0x00000000 x29:0x00000000  x6=0x00000000
     238985.000 ns	     23897	80004fb8	d006f6d3	fcvt.s.w	f13,x13	 x13:0x00000001 f13=0x3f800000
     239015.000 ns	     23900	80004fbc	210f8cd3	fsgnj.s	f25,f31,f16	 f31:0x00000000 f16:0x7fc00000 f25=0x00000000
     239035.000 ns	     23902	80004fc0	415bdb33	sra	x22,x23,x21	 x23:0x5afd9000 x21:0x00000000 x22=0x5afd9000
     239075.000 ns	     23906	80004fc4	09f42ed3	fsub.s	f29,f8,f31	  f8:0xffc00000 f31:0x00000000 f29=0x7fc00000
     239105.000 ns	     23909	80004fc8	29568ed3	fmin.s	f29,f13,f21	 f13:0x3f800000 f21:0x7fc00000 f29=0x3f800000
     239155.000 ns	     23914	80004fcc	09641a53	fsub.s	f20,f8,f22	  f8:0xffc00000 f22:0xffc00000 f20=0x7fc00000
     239195.000 ns	     23918	80004fd0	18ba3fd3	fdiv.s	f31,f20,f11	 f20:0x7fc00000 f11:0x80041024 f31=0x7fc00000
     239225.000 ns	     23921	80004fd4	02e47b33	remu	x22,x8,x14	  x8:0x0000000f x14:0x00000000 x22=0x0000000f
     239245.000 ns	     23923	80004fd8	9bbd3f93	sltiu	x31,x26,-1605	 x26:0xffffffff x31=0x00000000
     239255.000 ns	     23924	80004fdc	00f355b3	srl	x11,x6,x15	  x6:0x00000000 x15:0x15e52fa0 x11=0x00000000
     239295.000 ns	     23928	80004fe0	097a7753	fsub.s	f14,f20,f23	 f20:0x7fc00000 f23:0x7fc00000 f14=0x7fc00000
     239315.000 ns	     23930	80004fe4	797bf113	andi	x2,x23,1943	 x23:0x5afd9000  x2=0x00000000
     239325.000 ns	     23931	80004fe8	982fc493	xori	x9,x31,-1662	 x31:0x00000000  x9=0xfffff982
     239365.000 ns	     23935	80004fec	01e776d3	fadd.s	f13,f14,f30	 f14:0x7fc00000 f30:0x00000f75 f13=0x7fc00000
     239395.000 ns	     23938	80004ff0	e00087d3	fmv.x.w	x15,f1	  f1:0xcefff94a x15=0xcefff94a
     239415.000 ns	     23940	80004ff4	e1766693	ori	x13,x12,-489	 x12:0x5afd9000 x13=0xfffffe17
     239425.000 ns	     23941	80004ff8	0d0a7093	andi	x1,x20,208	 x20:0x00000004  x1=0x00000000
     239435.000 ns	     23942	80004ffc	4ad7bf93	sltiu	x31,x15,1197	 x15:0xcefff94a x31=0x00000000
     239445.000 ns	     23943	80005000	013756b3	srl	x13,x14,x19	 x14:0x00000000 x19:0x00000001 x13=0x00000000
     239455.000 ns	     23944	80005004	006b2a33	slt	x20,x22,x6	 x22:0x0000000f  x6:0x00000000 x20=0x00000000
     239465.000 ns	     23945	80005008	417fd7b3	sra	x15,x31,x23	 x31:0x00000000 x23:0x5afd9000 x15=0x00000000
     239485.000 ns	     23947	8000500c	29cb8c53	fmin.s	f24,f23,f28	 f23:0x7fc00000 f28:0x00000f75 f24=0x00000f75
     239505.000 ns	     23949	80005010	01559c33	sll	x24,x11,x21	 x11:0x00000000 x21:0x00000000 x24=0x00000000
     239515.000 ns	     23950	80005014	406e8133	sub	x2,x29,x6	 x29:0x00000000  x6:0x00000000  x2=0x00000000
     239535.000 ns	     23952	80005018	a02f98d3	flt.s	x17,f31,f2	 f31:0x7fc00000  f2:0x80040fe4 x17=0x00000000
     239555.000 ns	     23954	8000501c	41855b93	srai	x23,x10,0x18	 x10:0xf75ca184 x23=0xfffffff7
     239565.000 ns	     23955	80005020	83993213	sltiu	x4,x18,-1991	 x18:0x00000000  x4=0x00000001
     239585.000 ns	     23957	80005024	021ac9b3	div	x19,x21,x1	 x21:0x00000000  x1:0x00000000 x19=0xffffffff
     239955.000 ns	     23994	80005028	02454133	div	x2,x10,x4	 x10:0xf75ca184  x4:0x00000000  x2=0xf75ca184
     239975.000 ns	     23996	8000502c	40535033	sra	x0,x6,x5	  x6:0x00000000  x5:0x80041024
     239995.000 ns	     23998	80005030	a04e2ad3	feq.s	x21,f28,f4	 f28:0x00000f75  f4:0x00000000 x21=0x00000000
     240025.000 ns	     24001	80005034	21020453	fsgnj.s	f8,f4,f16	  f4:0x00000000 f16:0x7fc00000  f8=0x00000000
     240055.000 ns	     24004	80005038	205512d3	fsgnjn.s	f5,f10,f5	 f10:0x7fc00000  f5:0x3f800000  f5=0xffc00000
     240075.000 ns	     24006	8000503c	40c6dd33	sra	x26,x13,x12	 x13:0x00000000 x12:0x5afd9000 x26=0x00000000
     240085.000 ns	     24007	80005040	01197133	and	x2,x18,x17	 x18:0x00000000 x17:0x00000000  x2=0x00000000
     240105.000 ns	     24009	80005044	20fc93d3	fsgnjn.s	f7,f25,f15	 f25:0x00000000 f15:0xce92f461  f7=0x00000000
     240135.000 ns	     24012	80005048	03321333	mulh	x6,x4,x19	  x4:0x00000001 x19:0xffffffff  x6=0xffffffff
     240165.000 ns	     24015	8000504c	e00f09d3	fmv.x.w	x19,f30	 f30:0x00000f75 x19=0x00000f75
     240215.000 ns	     24020	80005050	00b64253	fadd.s	f4,f12,f11	 f12:0xcefff94a f11:0x80041024  f4=0xcefff94a
     240245.000 ns	     24023	80005054	29c504d3	fmin.s	f9,f10,f28	 f10:0x7fc00000 f28:0x00000f75  f9=0x00000f75
     240265.000 ns	     24025	80005058	00000013	addi	x0,x0,0	  x0:0x00000000
     240305.000 ns	     24029	8000505c	0817ae53	fsub.s	f28,f15,f1	 f15:0xce92f461  f1:0xcefff94a f28=0x4e5a09d2
     240325.000 ns	     24031	80005060	0161b733	sltu	x14,x3,x22	  x3:0x00000000 x22:0x0000000f x14=0x00000001
     240345.000 ns	     24033	80005064	f00804d3	fmv.w.x	f9,x16	 x16:0x00000040  f9=0x00000040
     240375.000 ns	     24036	80005068	c0029e53	fcvt.w.s	x28,f5	  f5:0xffc00000 x28=0x7fffffff
     240405.000 ns	     24039	8000506c	f00384d3	fmv.w.x	f9,x7	  x7:0x00000040  f9=0x00000040
     240435.000 ns	     24042	80005070	e00187d3	fmv.x.w	x15,f3	  f3:0xffc00000 x15=0xffc00000
     240455.000 ns	     24044	80005074	4df5e613	ori	x12,x11,1247	 x11:0x00000000 x12=0x000004df
     240475.000 ns	     24046	80005078	a01a1c53	flt.s	x24,f20,f1	 f20:0x7fc00000  f1:0xcefff94a x24=0x00000000
     240505.000 ns	     24049	8000507c	a0dbaad3	feq.s	x21,f23,f13	 f23:0x7fc00000 f13:0x7fc00000 x21=0x00000000
     240525.000 ns	     24051	80005080	012f2bb3	slt	x23,x30,x18	 x30:0x00000001 x18:0x00000000 x23=0x00000000
     240545.000 ns	     24053	80005084	036db433	mulhu	x8,x27,x22	 x27:0x80040fe4 x22:0x0000000f  x8=0x00000007
     240575.000 ns	     24056	80005088	290e8953	fmin.s	f18,f29,f16	 f29:0x3f800000 f16:0x7fc00000 f18=0x3f800000
     240595.000 ns	     24058	8000508c	d454f013	andi	x0,x9,-699	  x9:0xfffff982
     240615.000 ns	     24060	80005090	f00f8dd3	fmv.w.x	f27,x31	 x31:0x00000000 f27=0x00000000
     240635.000 ns	     24062	80005094	00009813	slli	x16,x1,0x0	  x1:0x00000000 x16=0x00000000
     240655.000 ns	     24064	80005098	037687b3	mul	x15,x13,x23	 x13:0x00000000 x23:0x00000000 x15=0x00000000
     240675.000 ns	     24066	8000509c	008d5713	srli	x14,x26,0x8	 x26:0x00000000 x14=0x00000000
     240695.000 ns	     24068	800050a0	02431433	mulh	x8,x6,x4	  x6:0xffffffff  x4:0x00000001  x8=0xffffffff
     240725.000 ns	     24071	800050a4	c002f8d3	fcvt.w.s	x17,f5	  f5:0xffc00000 x17=0x7fffffff
     240745.000 ns	     24073	800050a8	7c723893	sltiu	x17,x4,1991	  x4:0x00000001 x17=0x00000001
     240755.000 ns	     24074	800050ac	002cde33	srl	x28,x25,x2	 x25:0x00000000  x2:0x00000000 x28=0x00000000
     240775.000 ns	     24076	800050b0	d00a14d3	fcvt.s.w	f9,x20	 x20:0x00000000  f9=0x00000000
     240805.000 ns	     24079	800050b4	f0050fd3	fmv.w.x	f31,x10	 x10:0xf75ca184 f31=0xf75ca184
     240835.000 ns	     24082	800050b8	f00803d3	fmv.w.x	f7,x16	 x16:0x00000000  f7=0x00000000
     240855.000 ns	     24084	800050bc	00437433	and	x8,x6,x4	  x6:0xffffffff  x4:0x00000001  x8=0x00000001
     240875.000 ns	     24086	800050c0	d019c2d3	fcvt.s.wu	f5,x19	 x19:0x00000f75  f5=0x45775000
     240905.000 ns	     24089	800050c4	03180833	mul	x16,x16,x17	 x16:0x00000000 x17:0x00000001 x16=0x00000000
     240935.000 ns	     24092	800050c8	035e9ab3	mulh	x21,x29,x21	 x29:0x00000000 x21:0x00000000 x21=0x00000000
     240955.000 ns	     24094	800050cc	df3c8213	addi	x4,x25,-525	 x25:0x00000000  x4=0xfffffdf3
     240975.000 ns	     24096	800050d0	03340ab3	mul	x21,x8,x19	  x8:0x00000001 x19:0x00000f75 x21=0x00000f75
     240995.000 ns	     24098	800050d4	00cd7633	and	x12,x26,x12	 x26:0x00000000 x12:0x000004df x12=0x00000000
     241015.000 ns	     24100	800050d8	e00f05d3	fmv.x.w	x11,f30	 f30:0x00000f75 x11=0x00000f75
     241035.000 ns	     24102	800050dc	b57ec493	xori	x9,x29,-1193	 x29:0x00000000  x9=0xfffffb57
     241055.000 ns	     24104	800050e0	03c2c8b3	div	x17,x5,x28	  x5:0x80041024 x28:0x00000000 x17=0xffffffff
     242235.000 ns	     24222	800050e4	5809f653	fsqrt.s	f12,f19	 f19:0x4f000410 f12=0x46b50a40
     242255.000 ns	     24224	800050e8	aeb94b97	auipc	x23,0xaeb94	 x23=0x2eb990e8
     242265.000 ns	     24225	800050ec	01666433	or	x8,x12,x22	 x12:0x00000000 x22:0x0000000f  x8=0x0000000f
     242285.000 ns	     24227	800050f0	e00e9ad3	fclass.s	x21,f29	 f29:0x3f800000 x21=0x00000040
     242315.000 ns	     24230	800050f4	a0bb8bd3	fle.s	x23,f23,f11	 f23:0x7fc00000 f11:0x80041024 x23=0x00000000
     242335.000 ns	     24232	800050f8	01739013	slli	x0,x7,0x17	  x7:0x00000040
     242355.000 ns	     24234	800050fc	032959b3	divu	x19,x18,x18	 x18:0x00000000 x18:0x00000000 x19=0xffffffff
     242375.000 ns	     24236	80005100	00580833	add	x16,x16,x5	 x16:0x00000000  x5:0x80041024 x16=0x80041024
     242415.000 ns	     24240	80005104	00bb7853	fadd.s	f16,f22,f11	 f22:0xffc00000 f11:0x80041024 f16=0x7fc00000
     242435.000 ns	     24242	80005108	01af59b3	srl	x19,x30,x26	 x30:0x00000001 x26:0x00000000 x19=0x00000001
     242445.000 ns	     24243	8000510c	0094bf33	sltu	x30,x9,x9	  x9:0xfffffb57  x9:0xfffffb57 x30=0x00000000
     243615.000 ns	     24360	80005110	580c4c53	fsqrt.s	f24,f24	 f24:0x00000f75 f24=0x1f351a60
     243645.000 ns	     24363	80005114	f00705d3	fmv.w.x	f11,x14	 x14:0x00000000 f11=0x00000000
     243665.000 ns	     24365	80005118	afc747b7	lui	x15,0xafc74	 x15=0xafc74000
     243675.000 ns	     24366	8000511c	2b50c813	xori	x16,x1,693	  x1:0x00000000 x16=0x000002b5
     243685.000 ns	     24367	80005120	00000013	addi	x0,x0,0	  x0:0x00000000
     243705.000 ns	     24369	80005124	a09290d3	flt.s	x1,f5,f9	  f5:0x45775000  f9:0x00000000  x1=0x00000000
     243735.000 ns	     24372	80005128	0217b933	mulhu	x18,x15,x1	 x15:0xafc74000  x1:0x00000000 x18=0x00000000
     244105.000 ns	     24409	8000512c	02afceb3	div	x29,x31,x10	 x31:0x00000000 x10:0xf75ca184 x29=0x00000000
     244125.000 ns	     24411	80005130	0136a733	slt	x14,x13,x19	 x13:0x00000000 x19:0x00000001 x14=0x00000001
     244135.000 ns	     24412	80005134	b0359097	auipc	x1,0xb0359	  x1=0x3035e134
     244145.000 ns	     24413	80005138	00000013	addi	x0,x0,0	  x0:0x00000000
     244165.000 ns	     24415	8000513c	21342e53	fsgnjx.s	f28,f8,f19	  f8:0x00000000 f19:0x4f000410 f28=0x00000000
     244195.000 ns	     24418	80005140	c009f7d3	fcvt.w.s	x15,f19	 f19:0x4f000410 x15=0x7fffffff
     244215.000 ns	     24420	80005144	ac1739b7	lui	x19,0xac173	 x19=0xac173000
     244235.000 ns	     24422	80005148	a1f0a3d3	feq.s	x7,f1,f31	  f1:0xcefff94a f31:0xf75ca184  x7=0x00000000
     244265.000 ns	     24425	8000514c	c01d7753	fcvt.wu.s	x14,f26	 f26:0x7fc00000 x14=0xffffffff
     244285.000 ns	     24427	80005150	0015d113	srli	x2,x11,0x1	 x11:0x00000f75  x2=0x000007ba
     244315.000 ns	     24430	80005154	1954f353	fdiv.s	f6,f9,f21	  f9:0x00000000 f21:0x7fc00000  f6=0x7fc00000
     244345.000 ns	     24433	80005158	e00c17d3	fclass.s	x15,f24	 f24:0x1f351a60 x15=0x00000040
     244375.000 ns	     24436	8000515c	e00704d3	fmv.x.w	x9,f14	 f14:0x7fc00000  x9=0x7fc00000
     244395.000 ns	     24438	80005160	1d84f713	andi	x14,x9,472	  x9:0xfffffb57 x14=0x00000000
     244405.000 ns	     24439	80005164	01045393	srli	x7,x8,0x10	  x8:0x0000000f  x7=0x00000000
     244415.000 ns	     24440	80005168	0182dcb3	srl	x25,x5,x24	  x5:0x80041024 x24:0x00000000 x25=0x80041024
     244435.000 ns	     24442	8000516c	21572dd3	fsgnjx.s	f27,f14,f21	 f14:0x7fc00000 f21:0x7fc00000 f27=0x7fc00000
     244465.000 ns	     24445	80005170	03e20733	mul	x14,x4,x30	  x4:0xfffffdf3 x30:0x00000000 x14=0x00000000
     244485.000 ns	     24447	80005174	01a1e233	or	x4,x3,x26	  x3:0x00000000 x26:0x00000000  x4=0x00000000
     244845.000 ns	     24483	80005178	0360eb33	rem	x22,x1,x22	  x1:0x3035e134 x22:0x0000000f x22=0x00000003
     244875.000 ns	     24486	8000517c	28a30653	fmin.s	f12,f6,f10	  f6:0x7fc00000 f10:0x7fc00000 f12=0x7fc00000
     244905.000 ns	     24489	80005180	20630953	fsgnj.s	f18,f6,f6	  f6:0x7fc00000  f6:0x7fc00000 f18=0x7fc00000
     244925.000 ns	     24491	80005184	9d044193	xori	x3,x8,-1584	  x8:0x0000000f  x3=0xfffff9df
     244945.000 ns	     24493	80005188	d015bc53	fcvt.s.wu	f24,x11	 x11:0x00000f75 f24=0x45775000
     244985.000 ns	     24497	8000518c	580a15d3	fsqrt.s	f11,f20	 f20:0x7fc00000 f11=0x7fc00000
     245015.000 ns	     24500	80005190	201493d3	fsgnjn.s	f7,f9,f1	  f9:0x00000000  f1:0xcefff94a  f7=0x00000000
     245045.000 ns	     24503	80005194	a19806d3	fle.s	x13,f16,f25	 f16:0x7fc00000 f25:0x00000000 x13=0x00000000
     245075.000 ns	     24506	80005198	02c89433	mulh	x8,x17,x12	 x17:0xffffffff x12:0x00000000  x8=0x00000000
     245105.000 ns	     24509	8000519c	c0021fd3	fcvt.w.s	x31,f4	  f4:0xcefff94a x31=0x80035b00
     245135.000 ns	     24512	800051a0	f0028153	fmv.w.x	f2,x5	  x5:0x80041024  f2=0x80041024
     245165.000 ns	     24515	800051a4	e0068ad3	fmv.x.w	x21,f13	 f13:0x7fc00000 x21=0x7fc00000
     245215.000 ns	     24520	800051a8	01dd7dd3	fadd.s	f27,f26,f29	 f26:0x7fc00000 f29:0x3f800000 f27=0x7fc00000
     245255.000 ns	     24524	800051ac	18aebb53	fdiv.s	f22,f29,f10	 f29:0x3f800000 f10:0x7fc00000 f22=0x7fc00000
     245285.000 ns	     24527	800051b0	f00782d3	fmv.w.x	f5,x15	 x15:0x00000040  f5=0x00000040
     245315.000 ns	     24530	800051b4	e0009653	fclass.s	x12,f1	  f1:0xcefff94a x12=0x00000002
     245345.000 ns	     24533	800051b8	e00597d3	fclass.s	x15,f11	 f11:0x7fc00000 x15=0x00000200
     245365.000 ns	     24535	800051bc	00000013	addi	x0,x0,0	  x0:0x00000000
     245725.000 ns	     24571	800051c0	03fb65b3	rem	x11,x22,x31	 x22:0x00000003 x31:0x80035b00 x11=0x00000003
     245745.000 ns	     24573	800051c4	4656a093	slti	x1,x13,1125	 x13:0x00000000  x1=0x00000001
     245765.000 ns	     24575	800051c8	d01ef853	fcvt.s.wu	f16,x29	 x29:0x00000000 f16=0x00000000
     245785.000 ns	     24577	800051cc	0082a033	slt	x0,x5,x8	  x5:0x80041024  x8:0x00000000
     245805.000 ns	     24579	800051d0	c007f7d3	fcvt.w.s	x15,f15	 f15:0xce92f461 x15=0x497a3080
     245835.000 ns	     24582	800051d4	f00f8fd3	fmv.w.x	f31,x31	 x31:0x80035b00 f31=0x80035b00
     246205.000 ns	     24619	800051d8	022a57b3	divu	x15,x20,x2	 x20:0x00000000  x2:0x000007ba x15=0x00000000
     246225.000 ns	     24621	800051dc	006d8033	add	x0,x27,x6	 x27:0x80040fe4  x6:0xffffffff
     246245.000 ns	     24623	800051e0	f00107d3	fmv.w.x	f15,x2	  x2:0x000007ba f15=0x000007ba
     246295.000 ns	     24628	800051e4	080fa1d3	fsub.s	f3,f31,f0	 f31:0x80035b00  f0:0x3f800000  f3=0xbf800000
     246325.000 ns	     24631	800051e8	a0e18c53	fle.s	x24,f3,f14	  f3:0xffc00000 f14:0x7fc00000 x24=0x00000000
     246355.000 ns	     24634	800051ec	201004d3	fsgnj.s	f9,f0,f1	  f0:0x3f800000  f1:0xcefff94a  f9=0xbf800000
     246375.000 ns	     24636	800051f0	f4103313	sltiu	x6,x0,-191	  x0:0x00000000  x6=0x00000001
     246405.000 ns	     24639	800051f4	58087353	fsqrt.s	f6,f16	 f16:0x00000000  f6=0x00000000
     246425.000 ns	     24641	800051f8	f928ef93	ori	x31,x17,-110	 x17:0xffffffff x31=0xffffffff
     246435.000 ns	     24642	800051fc	41a75bb3	sra	x23,x14,x26	 x14:0x00000000 x26:0x00000000 x23=0x00000000
     246445.000 ns	     24643	80005200	7297d017	auipc	x0,0x7297d	
     246465.000 ns	     24645	80005204	20ceaad3	fsgnjx.s	f21,f29,f12	 f29:0x3f800000 f12:0x7fc00000 f21=0x3f800000
     246485.000 ns	     24647	80005208	f0d89817	auipc	x16,0xf0d89	 x16=0x70d8e208
     246495.000 ns	     24648	8000520c	01965113	srli	x2,x12,0x19	 x12:0x00000002  x2=0x00000000
     246515.000 ns	     24650	80005210	0381a733	mulhsu	x14,x3,x24	  x3:0xfffff9df x24:0x00000000 x14=0x00000000
     246545.000 ns	     24653	80005214	030b35b3	mulhu	x11,x22,x16	 x22:0x00000003 x16:0x70d8e208 x11=0x00000001
     246575.000 ns	     24656	80005218	c0169953	fcvt.wu.s	x18,f13	 f13:0x7fc00000 x18=0xffffffff
     246595.000 ns	     24658	8000521c	015adf93	srli	x31,x21,0x15	 x21:0x7fc00000 x31=0x000003fe
     246955.000 ns	     24694	80005220	03bc4f33	div	x30,x24,x27	 x24:0x00000000 x27:0x80040fe4 x30=0x00000000
     247325.000 ns	     24731	80005224	03bef933	remu	x18,x29,x27	 x29:0x00000000 x27:0x80040fe4 x18=0x00000000
     247695.000 ns	     24768	80005228	025a5133	divu	x2,x20,x5	 x20:0x00000000  x5:0x80041024  x2=0x00000000
     247745.000 ns	     24773	8000522c	00187653	fadd.s	f12,f16,f1	 f16:0x00000000  f1:0xcefff94a f12=0xcefff94a
     247765.000 ns	     24775	80005230	c0cb4393	xori	x7,x22,-1012	 x22:0x00000003  x7=0xfffffc0f
     247775.000 ns	     24776	80005234	00933833	sltu	x16,x6,x9	  x6:0x00000001  x9:0x7fc00000 x16=0x00000001
     247785.000 ns	     24777	80005238	16f13493	sltiu	x9,x2,367	  x2:0x00000000  x9=0x00000001
     247805.000 ns	     24779	8000523c	02024eb3	div	x29,x4,x0	  x4:0x00000000  x0:0x00000000 x29=0xffffffff
     247845.000 ns	     24783	80005240	10f67b53	fmul.s	f22,f12,f15	 f12:0xcefff94a f15:0x000007ba f22=0x89f73985
     247865.000 ns	     24785	80005244	4164d933	sra	x18,x9,x22	  x9:0x00000001 x22:0x00000003 x18=0x00000000
     247885.000 ns	     24787	80005248	20b7a253	fsgnjx.s	f4,f15,f11	 f15:0x000007ba f11:0x7fc00000  f4=0x000007ba
     247905.000 ns	     24789	8000524c	01fd2833	slt	x16,x26,x31	 x26:0x00000000 x31:0x000003fe x16=0x00000001
     247925.000 ns	     24791	80005250	c01c79d3	fcvt.wu.s	x19,f24	 f24:0x45775000 x19=0x00000f75
     247955.000 ns	     24794	80005254	29c31653	fmax.s	f12,f6,f28	  f6:0x00000000 f28:0x00000000 f12=0x00000000
     247975.000 ns	     24796	80005258	01bcf933	and	x18,x25,x27	 x25:0x80041024 x27:0x80040fe4 x18=0x80040024
     247985.000 ns	     24797	8000525c	011b2e33	slt	x28,x22,x17	 x22:0x00000003 x17:0xffffffff x28=0x00000000
     247995.000 ns	     24798	80005260	5e5c7e13	andi	x28,x24,1509	 x24:0x00000000 x28=0x00000000
     248015.000 ns	     24800	80005264	e00c8753	fmv.x.w	x14,f25	 f25:0x00000000 x14=0x00000000
     248035.000 ns	     24802	80005268	7f9dc993	xori	x19,x27,2041	 x27:0x80040fe4 x19=0x8004081d
     248045.000 ns	     24803	8000526c	0166b133	sltu	x2,x13,x22	 x13:0x00000000 x22:0x00000003  x2=0x00000001
     248055.000 ns	     24804	80005270	0094db13	srli	x22,x9,0x9	  x9:0x00000001 x22=0x00000000
     248065.000 ns	     24805	80005274	01ee5eb3	srl	x29,x28,x30	 x28:0x00000000 x30:0x00000000 x29=0x00000000
     248085.000 ns	     24807	80005278	02540033	mul	x0,x8,x5	  x8:0x00000000  x5:0x80041024
     248115.000 ns	     24810	8000527c	f0018a53	fmv.w.x	f20,x3	  x3:0xfffff9df f20=0xfffff9df
     248145.000 ns	     24813	80005280	c005c5d3	fcvt.w.s	x11,f11	 f11:0x7fc00000 x11=0x7fffffff
     248165.000 ns	     24815	80005284	00841393	slli	x7,x8,0x8	  x8:0x00000000  x7=0x00000000
     248175.000 ns	     24816	80005288	5ed40597	auipc	x11,0x5ed40	 x11=0xded45288
     248195.000 ns	     24818	8000528c	294594d3	fmax.s	f9,f11,f20	 f11:0x7fc00000 f20:0xfffff9df  f9=0x7fc00000
     248215.000 ns	     24820	80005290	414387b3	sub	x15,x7,x20	  x7:0x00000000 x20:0x00000000 x15=0x00000000
     248255.000 ns	     24824	80005294	001e02d3	fadd.s	f5,f28,f1	 f28:0x00000000  f1:0xcefff94a  f5=0xcefff94a
     248275.000 ns	     24826	80005298	01ee65b3	or	x11,x28,x30	 x28:0x00000000 x30:0x00000000 x11=0x00000000
     248635.000 ns	     24862	8000529c	035858b3	divu	x17,x16,x21	 x16:0x00000001 x21:0x7fc00000 x17=0x00000000
     248655.000 ns	     24864	800052a0	00b7f933	and	x18,x15,x11	 x15:0x00000000 x11:0xded45288 x18=0x00000000
     248665.000 ns	     24865	800052a4	d7cc4013	xori	x0,x24,-644	 x24:0x00000000
     248675.000 ns	     24866	800052a8	416300b3	sub	x1,x6,x22	  x6:0x00000001 x22:0x00000000  x1=0x00000001
     248695.000 ns	     24868	800052ac	03e25133	divu	x2,x4,x30	  x4:0x00000000 x30:0x00000000  x2=0xffffffff
     248715.000 ns	     24870	800052b0	342a0013	addi	x0,x20,834	 x20:0x00000000
     248735.000 ns	     24872	800052b4	02c699b3	mulh	x19,x13,x12	 x13:0x00000000 x12:0x00000002 x19=0x00000000
     248785.000 ns	     24877	800052b8	09570253	fsub.s	f4,f14,f21	 f14:0x7fc00000 f21:0x3f800000  f4=0x7fc00000
     248815.000 ns	     24880	800052bc	206da5d3	fsgnjx.s	f11,f27,f6	 f27:0x7fc00000  f6:0x00000000 f11=0x7fc00000
     248845.000 ns	     24883	800052c0	d0027a53	fcvt.s.w	f20,x4	  x4:0x00000000 f20=0x00000000
     249215.000 ns	     24920	800052c4	03074a33	div	x20,x14,x16	 x14:0x00000000 x16:0x00000001 x20=0x00000000
     249245.000 ns	     24923	800052c8	d00271d3	fcvt.s.w	f3,x4	  x4:0x00000000  f3=0x00000000
     249275.000 ns	     24926	800052cc	02db1fb3	mulh	x31,x22,x13	 x22:0x00000000 x13:0x00000000 x31=0x00000000
     249295.000 ns	     24928	800052d0	015a6d33	or	x26,x20,x21	 x20:0x00000000 x21:0x7fc00000 x26=0x7fc00000
     249305.000 ns	     24929	800052d4	15223613	sltiu	x12,x4,338	  x4:0x00000000 x12=0x00000001
     249325.000 ns	     24931	800052d8	02360933	mul	x18,x12,x3	 x12:0x00000002  x3:0xfffff9df x18=0xfffff9df
     249345.000 ns	     24933	800052dc	00071eb3	sll	x29,x14,x0	 x14:0x00000000  x0:0x00000000 x29=0x00000000
     249365.000 ns	     24935	800052e0	a15c0f53	fle.s	x30,f24,f21	 f24:0x45775000 f21:0x3f800000 x30=0x00000000
     249395.000 ns	     24938	800052e4	031720b3	mulhsu	x1,x14,x17	 x14:0x00000000 x17:0x00000000  x1=0x00000000
     249415.000 ns	     24940	800052e8	017a6133	or	x2,x20,x23	 x20:0x00000000 x23:0x00000000  x2=0x00000000
     249445.000 ns	     24943	800052ec	11ba3d53	fmul.s	f26,f20,f27	 f20:0x00000000 f27:0x7fc00000 f26=0x7fc00000
     249465.000 ns	     24945	800052f0	40335b93	srai	x23,x6,0x3	  x6:0x00000001 x23=0x00000000
     249495.000 ns	     24948	800052f4	58030353	fsqrt.s	f6,f6	  f6:0x00000000  f6=0x00000000
     249515.000 ns	     24950	800052f8	df043437	lui	x8,0xdf043	  x8=0xdf043000
     249525.000 ns	     24951	800052fc	00df1eb3	sll	x29,x30,x13	 x30:0x00000000 x13:0x00000000 x29=0x00000000
     249545.000 ns	     24953	80005300	216e05d3	fsgnj.s	f11,f28,f22	 f28:0x00000000 f22:0x89f73985 f11=0x80000000
     249575.000 ns	     24956	80005304	0275e1b3	rem	x3,x11,x7	 x11:0x00000000  x7:0x00000000  x3=0x00000000
     249605.000 ns	     24959	80005308	a0470953	fle.s	x18,f14,f4	 f14:0x7fc00000  f4:0x7fc00000 x18=0x00000000
     249635.000 ns	     24962	8000530c	d011bfd3	fcvt.s.wu	f31,x3	  x3:0x00000000 f31=0x00000000
     249655.000 ns	     24964	80005310	9ddfd217	auipc	x4,0x9ddfd	  x4=0x1de02310
     249685.000 ns	     24967	80005314	117e7ad3	fmul.s	f21,f28,f23	 f28:0x00000000 f23:0x7fc00000 f21=0x7fc00000
     249715.000 ns	     24970	80005318	f0028d53	fmv.w.x	f26,x5	  x5:0x80041024 f26=0x80041024
     249745.000 ns	     24973	8000531c	f0080453	fmv.w.x	f8,x16	 x16:0x00000001  f8=0x00000001
     249765.000 ns	     24975	80005320	01984633	xor	x12,x16,x25	 x16:0x00000001 x25:0x80041024 x12=0x80041025
     249775.000 ns	     24976	80005324	01a5f9b3	and	x19,x11,x26	 x11:0x00000000 x26:0x7fc00000 x19=0x00000000
     249795.000 ns	     24978	80005328	f0040ed3	fmv.w.x	f29,x8	  x8:0xdf043000 f29=0xdf043000
     249815.000 ns	     24980	8000532c	acb30a93	addi	x21,x6,-1333	  x6:0x00000001 x21=0xfffffacc
     249835.000 ns	     24982	80005330	03a68433	mul	x8,x13,x26	 x13:0x00000000 x26:0x7fc00000  x8=0x00000000
     249855.000 ns	     24984	80005334	76a00e93	addi	x29,x0,1898	  x0:0x00000000 x29=0x0000076a
     249865.000 ns	     24985	80005338	d423c213	xori	x4,x7,-702	  x7:0x00000000  x4=0xfffffd42
     249875.000 ns	     24986	8000533c	6a607d13	andi	x26,x0,1702	  x0:0x00000000 x26=0x00000000
     249915.000 ns	     24990	80005340	0142a153	fadd.s	f2,f5,f20	  f5:0xcefff94a f20:0x00000000  f2=0xcefff94a
     249945.000 ns	     24993	80005344	e0078353	fmv.x.w	x6,f15	 f15:0x000007ba  x6=0x000007ba
     249975.000 ns	     24996	80005348	e0090a53	fmv.x.w	x20,f18	 f18:0x7fc00000 x20=0x7fc00000
     249995.000 ns	     24998	8000534c	f54aae37	lui	x28,0xf54aa	 x28=0xf54aa000
     250015.000 ns	     25000	80005350	a0108953	fle.s	x18,f1,f1	  f1:0xcefff94a  f1:0xcefff94a x18=0x00000001
     250035.000 ns	     25002	80005354	01335813	srli	x16,x6,0x13	  x6:0x000007ba x16=0x00000000
     250045.000 ns	     25003	80005358	01fb89b3	add	x19,x23,x31	 x23:0x00000000 x31:0x00000000 x19=0x00000000
     250065.000 ns	     25005	8000535c	c01a90d3	fcvt.wu.s	x1,f21	 f21:0x7fc00000  x1=0xffffffff
     250095.000 ns	     25008	80005360	20c50453	fsgnj.s	f8,f10,f12	 f10:0x7fc00000 f12:0x00000000  f8=0x7fc00000
     250125.000 ns	     25011	80005364	a1922b53	feq.s	x22,f4,f25	  f4:0x7fc00000 f25:0x00000000 x22=0x00000000
     250155.000 ns	     25014	80005368	0260bf33	mulhu	x30,x1,x6	  x1:0xffffffff  x6:0x000007ba x30=0x000007b9
     250175.000 ns	     25016	8000536c	000cc3b3	xor	x7,x25,x0	 x25:0x80041024  x0:0x00000000  x7=0x80041024
     250185.000 ns	     25017	80005370	39e98613	addi	x12,x19,926	 x19:0x00000000 x12=0x0000039e
     250205.000 ns	     25019	80005374	28209dd3	fmax.s	f27,f1,f2	  f1:0xcefff94a  f2:0xcefff94a f27=0xcefff94a
     250225.000 ns	     25021	80005378	01c026b3	slt	x13,x0,x28	  x0:0x00000000 x28:0xf54aa000 x13=0x00000000
     250235.000 ns	     25022	8000537c	00000013	addi	x0,x0,0	  x0:0x00000000
     250245.000 ns	     25023	80005380	55bbf113	andi	x2,x23,1371	 x23:0x00000000  x2=0x00000000
     250265.000 ns	     25025	80005384	a0b496d3	flt.s	x13,f9,f11	  f9:0x7fc00000 f11:0x80000000 x13=0x00000000
     250295.000 ns	     25028	80005388	c0047bd3	fcvt.w.s	x23,f8	  f8:0x7fc00000 x23=0x7fffffff
     250325.000 ns	     25031	8000538c	032017b3	mulh	x15,x0,x18	  x0:0x00000000 x18:0x00000001 x15=0x00000000
     250345.000 ns	     25033	80005390	00ea2e33	slt	x28,x20,x14	 x20:0x7fc00000 x14:0x00000000 x28=0x00000000
     250365.000 ns	     25035	80005394	0301bc33	mulhu	x24,x3,x16	  x3:0x00000000 x16:0x00000000 x24=0x00000000
     250735.000 ns	     25072	80005398	03bc6433	rem	x8,x24,x27	 x24:0x00000000 x27:0x80040fe4  x8=0x00000000
     250755.000 ns	     25074	8000539c	e8076013	ori	x0,x14,-384	 x14:0x00000000
     250765.000 ns	     25075	800053a0	bc3bb913	sltiu	x18,x23,-1085	 x23:0x7fffffff x18=0x00000001
     250805.000 ns	     25079	800053a4	00eefb53	fadd.s	f22,f29,f14	 f29:0xdf043000 f14:0x7fc00000 f22=0x7fc00000
     250835.000 ns	     25082	800053a8	d01239d3	fcvt.s.wu	f19,x4	  x4:0xfffffd42 f19=0x4f7ffffe
     250865.000 ns	     25085	800053ac	a0d20753	fle.s	x14,f4,f13	  f4:0x7fc00000 f13:0x7fc00000 x14=0x00000000
     250885.000 ns	     25087	800053b0	00000013	addi	x0,x0,0	  x0:0x00000000
     250905.000 ns	     25089	800053b4	c019fa53	fcvt.wu.s	x20,f19	 f19:0x4f7ffffe x20=0xfffffe00
     250925.000 ns	     25091	800053b8	41508033	sub	x0,x1,x21	  x1:0xffffffff x21:0xfffffacc
     250935.000 ns	     25092	800053bc	41b4de13	srai	x28,x9,0x1b	  x9:0x00000001 x28=0x00000000
     250955.000 ns	     25094	800053c0	213e9853	fsgnjn.s	f16,f29,f19	 f29:0xdf043000 f19:0x4f7ffffe f16=0xdf043000
     250985.000 ns	     25097	800053c4	29870353	fmin.s	f6,f14,f24	 f14:0x7fc00000 f24:0x45775000  f6=0x45775000
     251355.000 ns	     25134	800053c8	03b274b3	remu	x9,x4,x27	  x4:0xfffffd42 x27:0x80040fe4  x9=0x7ffbed5e
     251385.000 ns	     25137	800053cc	e0079ed3	fclass.s	x29,f15	 f15:0x000007ba x29=0x00000020
     251415.000 ns	     25140	800053d0	a1359ad3	flt.s	x21,f11,f19	 f11:0x80000000 f19:0x4f7ffffe x21=0x00000001
     251755.000 ns	     25174	800053d4	18578953	fdiv.s	f18,f15,f5	 f15:0x000007ba  f5:0xcefff94a f18=0x80000000
     251785.000 ns	     25177	800053d8	e0009e53	fclass.s	x28,f1	  f1:0xcefff94a x28=0x00000002
     251815.000 ns	     25180	800053dc	292507d3	fmin.s	f15,f10,f18	 f10:0x7fc00000 f18:0x80000000 f15=0x80000000
     251835.000 ns	     25182	800053e0	00d49c13	slli	x24,x9,0xd	  x9:0x7ffbed5e x24=0x7dabc000
     251855.000 ns	     25184	800053e4	a04a95d3	flt.s	x11,f21,f4	 f21:0x7fc00000  f4:0x7fc00000 x11=0x00000000
     251875.000 ns	     25186	800053e8	01b9dc13	srli	x24,x19,0x1b	 x19:0x00000000 x24=0x00000000
     251885.000 ns	     25187	800053ec	0095d133	srl	x2,x11,x9	 x11:0x00000000  x9:0x7ffbed5e  x2=0x00000000
     251905.000 ns	     25189	800053f0	0395bc33	mulhu	x24,x11,x25	 x11:0x00000000 x25:0x80041024 x24=0x00000000
     251925.000 ns	     25191	800053f4	003ceb33	or	x22,x25,x3	 x25:0x80041024  x3:0x00000000 x22=0x80041024
     251945.000 ns	     25193	800053f8	e0050053	fmv.x.w	x0,f10	 f10:0x7fc00000
     251975.000 ns	     25196	800053fc	a0f98f53	fle.s	x30,f19,f15	 f19:0x4f7ffffe f15:0x80000000 x30=0x00000000
     252005.000 ns	     25199	80005400	29679fd3	fmax.s	f31,f15,f22	 f15:0x80000000 f22:0x7fc00000 f31=0x80000000
     253185.000 ns	     25317	80005404	5808bbd3	fsqrt.s	f23,f17	 f17:0x3f800000 f23=0x3f7fffae
     253215.000 ns	     25320	80005408	a015a653	feq.s	x12,f11,f1	 f11:0x80000000  f1:0xcefff94a x12=0x00000000
     254395.000 ns	     25438	8000540c	58030dd3	fsqrt.s	f27,f6	  f6:0x45775000 f27=0x422ee02d
     254445.000 ns	     25443	80005410	096678d3	fsub.s	f17,f12,f22	 f12:0x00000000 f22:0x7fc00000 f17=0x7fc00000
     254465.000 ns	     25445	80005414	00da5e93	srli	x29,x20,0xd	 x20:0xfffffe00 x29=0x0007ffff
     254475.000 ns	     25446	80005418	016595b3	sll	x11,x11,x22	 x11:0x00000000 x22:0x80041024 x11=0x00000000
     254485.000 ns	     25447	8000541c	01684a33	xor	x20,x16,x22	 x16:0x00000000 x22:0x80041024 x20=0x80041024
     254525.000 ns	     25451	80005420	086dfc53	fsub.s	f24,f27,f6	 f27:0x422ee02d  f6:0x45775000 f24=0xc574947f
     254555.000 ns	     25454	80005424	03a76033	rem	x0,x14,x26	 x14:0x00000000 x26:0x00000000
     254575.000 ns	     25456	80005428	6dd40113	addi	x2,x8,1757	  x8:0x00000000  x2=0x000006dd
     254595.000 ns	     25458	8000542c	28880853	fmin.s	f16,f16,f8	 f16:0xdf043000  f8:0x7fc00000 f16=0xdf043000
     254645.000 ns	     25463	80005430	08f0c6d3	fsub.s	f13,f1,f15	  f1:0xcefff94a f15:0x80000000 f13=0xcefff94a
     254665.000 ns	     25465	80005434	e88a0d13	addi	x26,x20,-376	 x20:0x80041024 x26=0x80040eac
     254675.000 ns	     25466	80005438	00420c33	add	x24,x4,x4	  x4:0xfffffd42  x4:0xfffffd42 x24=0xfffffa84
     254685.000 ns	     25467	8000543c	40265393	srai	x7,x12,0x2	 x12:0x00000000  x7=0x00000000
     254705.000 ns	     25469	80005440	280295d3	fmax.s	f11,f5,f0	  f5:0xcefff94a  f0:0x3f800000 f11=0x3f800000
     254735.000 ns	     25472	80005444	0330b3b3	mulhu	x7,x1,x19	  x1:0xffffffff x19:0x00000000  x7=0x00000000
     254765.000 ns	     25475	80005448	037c3633	mulhu	x12,x24,x23	 x24:0xfffffa84 x23:0x7fffffff x12=0x7ffffd41
     254785.000 ns	     25477	8000544c	7fdaa713	slti	x14,x21,2045	 x21:0x00000001 x14=0x00000001
     254805.000 ns	     25479	80005450	020a0633	mul	x12,x20,x0	 x20:0x80041024  x0:0x00000000 x12=0x00000000
     254835.000 ns	     25482	80005454	c01893d3	fcvt.wu.s	x7,f17	 f17:0x7fc00000  x7=0xffffffff
     254855.000 ns	     25484	80005458	00837733	and	x14,x6,x8	  x6:0x000007ba  x8:0x00000000 x14=0x00000000
     254865.000 ns	     25485	8000545c	01592bb3	slt	x23,x18,x21	 x18:0x00000001 x21:0x00000001 x23=0x00000000
     254885.000 ns	     25487	80005460	a1a41853	flt.s	x16,f8,f26	  f8:0x7fc00000 f26:0x80041024 x16=0x00000000
     254915.000 ns	     25490	80005464	f00c0553	fmv.w.x	f10,x24	 x24:0xfffffa84 f10=0xfffffa84
     254935.000 ns	     25492	80005468	211f6793	ori	x15,x30,529	 x30:0x00000000 x15=0x00000211
     254955.000 ns	     25494	8000546c	03fc68b3	rem	x17,x24,x31	 x24:0xfffffa84 x31:0x00000000 x17=0xfffffa84
     254985.000 ns	     25497	80005470	d0063dd3	fcvt.s.w	f27,x12	 x12:0x00000000 f27=0x00000000
     255015.000 ns	     25500	80005474	288f8853	fmin.s	f16,f31,f8	 f31:0x80000000  f8:0x7fc00000 f16=0x80000000
     255045.000 ns	     25503	80005478	02cc0d33	mul	x26,x24,x12	 x24:0xfffffa84 x12:0x00000000 x26=0x00000000
     255085.000 ns	     25507	8000547c	11cb3953	fmul.s	f18,f22,f28	 f22:0x7fc00000 f28:0x00000000 f18=0x7fc00000
     255115.000 ns	     25510	80005480	20bda853	fsgnjx.s	f16,f27,f11	 f27:0x00000000 f11:0x3f800000 f16=0x00000000
     255145.000 ns	     25513	80005484	02b174b3	remu	x9,x2,x11	  x2:0x000006dd x11:0x00000000  x9=0x000006dd
     255195.000 ns	     25518	80005488	012738d3	fadd.s	f17,f14,f18	 f14:0x7fc00000 f18:0x7fc00000 f17=0x7fc00000
     255225.000 ns	     25521	8000548c	e00a17d3	fclass.s	x15,f20	 f20:0x00000000 x15=0x00000010
     255255.000 ns	     25524	80005490	a10e25d3	feq.s	x11,f28,f16	 f28:0x00000000 f16:0x00000000 x11=0x00000001
     255285.000 ns	     25527	80005494	c0122fd3	fcvt.wu.s	x31,f4	  f4:0x7fc00000 x31=0xffffffff
     255325.000 ns	     25531	80005498	11b479d3	fmul.s	f19,f8,f27	  f8:0x7fc00000 f27:0x00000000 f19=0x7fc00000
     255345.000 ns	     25533	8000549c	006d48b3	xor	x17,x26,x6	 x26:0x00000000  x6:0x000007ba x17=0x000007ba
     255355.000 ns	     25534	800054a0	2bb6a893	slti	x17,x13,699	 x13:0x00000000 x17=0x00000001
     255385.000 ns	     25537	800054a4	11abf353	fmul.s	f6,f23,f26	 f23:0x3f7fffae f26:0x80041024  f6=0x80041023
     255415.000 ns	     25540	800054a8	a1a410d3	flt.s	x1,f8,f26	  f8:0x7fc00000 f26:0x80041024  x1=0x00000000
     255445.000 ns	     25543	800054ac	0336c933	div	x18,x13,x19	 x13:0x00000000 x19:0x00000000 x18=0xffffffff
     255495.000 ns	     25548	800054b0	089c43d3	fsub.s	f7,f24,f9	 f24:0xc574947f  f9:0x7fc00000  f7=0x7fc00000
     255525.000 ns	     25551	800054b4	a18daf53	feq.s	x30,f27,f24	 f27:0x00000000 f24:0xc574947f x30=0x00000000
     255545.000 ns	     25553	800054b8	a0000e13	addi	x28,x0,-1536	  x0:0x00000000 x28=0xfffffa00
     255565.000 ns	     25555	800054bc	028d1433	mulh	x8,x26,x8	 x26:0x00000000  x8:0x00000000  x8=0x00000000
     255595.000 ns	     25558	800054c0	f0018553	fmv.w.x	f10,x3	  x3:0x00000000 f10=0x00000000
     255615.000 ns	     25560	800054c4	003d9633	sll	x12,x27,x3	 x27:0x80040fe4  x3:0x00000000 x12=0x80040fe4
     255625.000 ns	     25561	800054c8	40d880b3	sub	x1,x17,x13	 x17:0x00000001 x13:0x00000000  x1=0x00000001
     255645.000 ns	     25563	800054cc	037b6f33	rem	x30,x22,x23	 x22:0x80041024 x23:0x00000000 x30=0x80041024
     255665.000 ns	     25565	800054d0	18db51b7	lui	x3,0x18db5	  x3=0x18db5000
     255675.000 ns	     25566	800054d4	00835693	srli	x13,x6,0x8	  x6:0x000007ba x13=0x00000007
     255685.000 ns	     25567	800054d8	00b7c033	xor	x0,x15,x11	 x15:0x00000010 x11:0x00000001
     255705.000 ns	     25569	800054dc	a17e94d3	flt.s	x9,f29,f23	 f29:0xdf043000 f23:0x3f7fffae  x9=0x00000001
     255725.000 ns	     25571	800054e0	00a876b3	and	x13,x16,x10	 x16:0x00000000 x10:0xf75ca184 x13=0x00000000
     255735.000 ns	     25572	800054e4	01159d33	sll	x26,x11,x17	 x11:0x00000001 x17:0x00000001 x26=0x00000002
     256095.000 ns	     25608	800054e8	0229ec33	rem	x24,x19,x2	 x19:0x00000000  x2:0x000006dd x24=0x00000000
     256115.000 ns	     25610	800054ec	4180dd33	sra	x26,x1,x24	  x1:0x00000001 x24:0xfffffa84 x26=0x00000001
     256135.000 ns	     25612	800054f0	c00876d3	fcvt.w.s	x13,f16	 f16:0x00000000 x13=0x00000000
     256165.000 ns	     25615	800054f4	c00d0c53	fcvt.w.s	x24,f26	 f26:0x80041024 x24=0x00000000
     256185.000 ns	     25617	800054f8	01dbaa33	slt	x20,x23,x29	 x23:0x00000000 x29:0x0007ffff x20=0x00000001
     256195.000 ns	     25618	800054fc	347a7d13	andi	x26,x20,839	 x20:0x80041024 x26=0x00000001
     256205.000 ns	     25619	80005500	008bdc93	srli	x25,x23,0x8	 x23:0x00000000 x25=0x00000000
     256565.000 ns	     25655	80005504	02584633	div	x12,x16,x5	 x16:0x00000000  x5:0x80041024 x12=0x00000000
     256585.000 ns	     25657	80005508	dde44a93	xori	x21,x8,-546	  x8:0x00000000 x21=0xfffffdde
     256605.000 ns	     25659	8000550c	a1d59b53	flt.s	x22,f11,f29	 f11:0x3f800000 f29:0xdf043000 x22=0x00000000
     256625.000 ns	     25661	80005510	01a1dab3	srl	x21,x3,x26	  x3:0x18db5000 x26:0x00000001 x21=0x0c6da800
     256985.000 ns	     25697	80005514	034be4b3	rem	x9,x23,x20	 x23:0x00000000 x20:0x00000001  x9=0x00000000
     257015.000 ns	     25700	80005518	e00e9bd3	fclass.s	x23,f29	 f29:0xdf043000 x23=0x00000002
     257055.000 ns	     25704	8000551c	580f8553	fsqrt.s	f10,f31	 f31:0x80000000 f10=0x80000000
     257085.000 ns	     25707	80005520	c01bcc53	fcvt.wu.s	x24,f23	 f23:0x3f7fffae x24=0x00000001
     257105.000 ns	     25709	80005524	93dfec13	ori	x24,x31,-1731	 x31:0xffffffff x24=0xffffffff
     257465.000 ns	     25745	80005528	0261e333	rem	x6,x3,x6	  x3:0x18db5000  x6:0x000007ba  x6=0x00000160
     257485.000 ns	     25747	8000552c	01437733	and	x14,x6,x20	  x6:0x000007ba x20:0x00000001 x14=0x00000000
     257495.000 ns	     25748	80005530	64437a97	auipc	x21,0x64437	 x21=0xe443c530
     257515.000 ns	     25750	80005534	e0039353	fclass.s	x6,f7	  f7:0x7fc00000  x6=0x00000200
     257535.000 ns	     25752	80005538	00f371b3	and	x3,x6,x15	  x6:0x00000160 x15:0x00000010  x3=0x00000000
     257555.000 ns	     25754	8000553c	d00339d3	fcvt.s.w	f19,x6	  x6:0x00000200 f19=0x44000000
     257575.000 ns	     25756	80005540	0097c633	xor	x12,x15,x9	 x15:0x00000010  x9:0x00000000 x12=0x00000010
     257935.000 ns	     25792	80005544	03d245b3	div	x11,x4,x29	  x4:0xfffffd42 x29:0x0007ffff x11=0x00000000
     257975.000 ns	     25796	80005548	18297d53	fdiv.s	f26,f18,f2	 f18:0x7fc00000  f2:0xcefff94a f26=0x7fc00000
     257995.000 ns	     25798	8000554c	053faf13	slti	x30,x31,83	 x31:0xffffffff x30=0x00000001
     258015.000 ns	     25800	80005550	02571433	mulh	x8,x14,x5	 x14:0x00000000  x5:0x80041024  x8=0x00000000
     258045.000 ns	     25803	80005554	c009f3d3	fcvt.w.s	x7,f19	 f19:0x44000000  x7=0x00000200
     258075.000 ns	     25806	80005558	d0109853	fcvt.s.wu	f16,x1	  x1:0x00000001 f16=0x3f800000
     258095.000 ns	     25808	8000555c	0182f633	and	x12,x5,x24	  x5:0x80041024 x24:0xffffffff x12=0x80041024
     258105.000 ns	     25809	80005560	41ef5093	srai	x1,x30,0x1e	 x30:0x00000001  x1=0x00000000
     258115.000 ns	     25810	80005564	008d9913	slli	x18,x27,0x8	 x27:0x80040fe4 x18=0x040fe400
     258155.000 ns	     25814	80005568	018e71d3	fadd.s	f3,f28,f24	 f28:0x00000000 f24:0xc574947f  f3=0xc574947f
     258195.000 ns	     25818	8000556c	580a4553	fsqrt.s	f10,f20	 f20:0x00000000 f10=0x00000000
     258215.000 ns	     25820	80005570	01365093	srli	x1,x12,0x13	 x12:0x80041024  x1=0x00001000
     258235.000 ns	     25822	80005574	212984d3	fsgnj.s	f9,f19,f18	 f19:0x44000000 f18:0x7fc00000  f9=0x44000000
     258255.000 ns	     25824	80005578	010539b3	sltu	x19,x10,x16	 x10:0xf75ca184 x16:0x00000000 x19=0x00000000
     258265.000 ns	     25825	8000557c	e0843c93	sltiu	x25,x8,-504	  x8:0x00000000 x25=0x00000001
     258625.000 ns	     25861	80005580	03fb7bb3	remu	x23,x22,x31	 x22:0x00000000 x31:0xffffffff x23=0x00000000
     258645.000 ns	     25863	80005584	008fa4b3	slt	x9,x31,x8	 x31:0xffffffff  x8:0x00000000  x9=0x00000001
     258655.000 ns	     25864	80005588	01700833	add	x16,x0,x23	  x0:0x00000000 x23:0x00000000 x16=0x00000000
     258665.000 ns	     25865	8000558c	0022e233	or	x4,x5,x2	  x5:0x80041024  x2:0x000006dd  x4=0x800416fd
     259835.000 ns	     25982	80005590	580019d3	fsqrt.s	f19,f0	  f0:0x3f800000 f19=0x3f7fffae
     259855.000 ns	     25984	80005594	012ad013	srli	x0,x21,0x12	 x21:0xe443c530
     259875.000 ns	     25986	80005598	e00484d3	fmv.x.w	x9,f9	  f9:0x44000000  x9=0x44000000
     259895.000 ns	     25988	8000559c	005e7fb3	and	x31,x28,x5	 x28:0xfffffa00  x5:0x80041024 x31=0x80041000
     259915.000 ns	     25990	800055a0	02283ab3	mulhu	x21,x16,x2	 x16:0x00000000  x2:0x000006dd x21=0x00000000
     259945.000 ns	     25993	800055a4	21a485d3	fsgnj.s	f11,f9,f26	  f9:0x44000000 f26:0x7fc00000 f11=0x44000000
     259965.000 ns	     25995	800055a8	01df0333	add	x6,x30,x29	 x30:0x00000001 x29:0x0007ffff  x6=0x00080000
     260325.000 ns	     26031	800055ac	02aeefb3	rem	x31,x29,x10	 x29:0x0007ffff x10:0xf75ca184 x31=0x0007ffff
     260355.000 ns	     26034	800055b0	a0db05d3	fle.s	x11,f22,f13	 f22:0x7fc00000 f13:0xcefff94a x11=0x00000000
     260395.000 ns	     26038	800055b4	580eba53	fsqrt.s	f20,f29	 f29:0xdf043000 f20=0x7fc00000
     260425.000 ns	     26041	800055b8	e00f80d3	fmv.x.w	x1,f31	 f31:0x80000000  x1=0x80000000
     260455.000 ns	     26044	800055bc	0339d833	divu	x16,x19,x19	 x19:0x00000000 x19:0x00000000 x16=0xffffffff
     260485.000 ns	     26047	800055c0	20da8c53	fsgnj.s	f24,f21,f13	 f21:0x7fc00000 f13:0xcefff94a f24=0xffc00000
     260505.000 ns	     26049	800055c4	015921b3	slt	x3,x18,x21	 x18:0x040fe400 x21:0x00000000  x3=0x00000000
     260515.000 ns	     26050	800055c8	01b3a833	slt	x16,x7,x27	  x7:0x00000200 x27:0x80040fe4 x16=0x00000000
     260535.000 ns	     26052	800055cc	a1628c53	fle.s	x24,f5,f22	  f5:0xcefff94a f22:0x7fc00000 x24=0x00000000
     260565.000 ns	     26055	800055d0	a1e817d3	flt.s	x15,f16,f30	 f16:0x3f800000 f30:0x00000f75 x15=0x00000000
     260585.000 ns	     26057	800055d4	00c623b3	slt	x7,x12,x12	 x12:0x80041024 x12:0x80041024  x7=0x00000000
     260605.000 ns	     26059	800055d8	21972c53	fsgnjx.s	f24,f14,f25	 f14:0x7fc00000 f25:0x00000000 f24=0x7fc00000
     260625.000 ns	     26061	800055dc	01489013	slli	x0,x17,0x14	 x17:0x00000001
     260635.000 ns	     26062	800055e0	4114d9b3	sra	x19,x9,x17	  x9:0x44000000 x17:0x00000001 x19=0x22000000
     260675.000 ns	     26066	800055e4	00c4ce53	fadd.s	f28,f9,f12	  f9:0x44000000 f12:0x00000000 f28=0x44000000
     260705.000 ns	     26069	800055e8	021b85b3	mul	x11,x23,x1	 x23:0x00000000  x1:0x80000000 x11=0x00000000
     260735.000 ns	     26072	800055ec	0329acb3	mulhsu	x25,x19,x18	 x19:0x22000000 x18:0x040fe400 x25=0x008a1c48
     260765.000 ns	     26075	800055f0	29ad1dd3	fmax.s	f27,f26,f26	 f26:0x7fc00000 f26:0x7fc00000 f27=0x7fc00000
     261135.000 ns	     26112	800055f4	03f8c033	div	x0,x17,x31	 x17:0x00000001 x31:0x0007ffff
     261155.000 ns	     26114	800055f8	412b0a33	sub	x20,x22,x18	 x22:0x00000000 x18:0x040fe400 x20=0xfbf01c00
     261175.000 ns	     26116	800055fc	e00294d3	fclass.s	x9,f5	  f5:0xcefff94a  x9=0x00000002
     261205.000 ns	     26119	80005600	d00508d3	fcvt.s.w	f17,x10	 x10:0xf75ca184 f17=0xcd0a35e7
     261225.000 ns	     26121	80005604	015307b3	add	x15,x6,x21	  x6:0x00080000 x21:0x00000000 x15=0x00080000
     261235.000 ns	     26122	80005608	00a546b3	xor	x13,x10,x10	 x10:0xf75ca184 x10:0xf75ca184 x13=0x00000000
     261245.000 ns	     26123	8000560c	01e47033	and	x0,x8,x30	  x8:0x00000000 x30:0x00000001
     261255.000 ns	     26124	80005610	40db56b3	sra	x13,x22,x13	 x22:0x00000000 x13:0x00000000 x13=0x00000000
     261265.000 ns	     26125	80005614	00210633	add	x12,x2,x2	  x2:0x000006dd  x2:0x000006dd x12=0x00000dba
     261305.000 ns	     26129	80005618	004bf4d3	fadd.s	f9,f23,f4	 f23:0x3f7fffae  f4:0x7fc00000  f9=0x7fc00000
     261325.000 ns	     26131	8000561c	00de1693	slli	x13,x28,0xd	 x28:0xfffffa00 x13=0xff400000
     261335.000 ns	     26132	80005620	01be0eb3	add	x29,x28,x27	 x28:0xfffffa00 x27:0x80040fe4 x29=0x800409e4
     261345.000 ns	     26133	80005624	7eec8993	addi	x19,x25,2030	 x25:0x008a1c48 x19=0x008a2436
     261355.000 ns	     26134	80005628	a9c66a13	ori	x20,x12,-1380	 x12:0x00000dba x20=0xffffffbe
     261365.000 ns	     26135	8000562c	adfe3113	sltiu	x2,x28,-1313	 x28:0xfffffa00  x2=0x00000001
     261375.000 ns	     26136	80005630	b12a2213	slti	x4,x20,-1262	 x20:0xfbf01c00  x4=0x00000000
     261395.000 ns	     26138	80005634	29f89cd3	fmax.s	f25,f17,f31	 f17:0xcd0a35e7 f31:0x80000000 f25=0x80000000
     261415.000 ns	     26140	80005638	00ca1e13	slli	x28,x20,0xc	 x20:0xffffffbe x28=0xfffbe000
     261435.000 ns	     26142	8000563c	28ca18d3	fmax.s	f17,f20,f12	 f20:0x7fc00000 f12:0x00000000 f17=0x00000000
     261465.000 ns	     26145	80005640	e00496d3	fclass.s	x13,f9	  f9:0x7fc00000 x13=0x00000200
     261495.000 ns	     26148	80005644	e00e1b53	fclass.s	x22,f28	 f28:0x44000000 x22=0x00000040
     261515.000 ns	     26150	80005648	0168a333	slt	x6,x17,x22	 x17:0x00000001 x22:0x00000000  x6=0x00000001
     261535.000 ns	     26152	8000564c	e0021a53	fclass.s	x20,f4	  f4:0x7fc00000 x20=0x00000200
     261565.000 ns	     26155	80005650	a1458853	fle.s	x16,f11,f20	 f11:0x44000000 f20:0x7fc00000 x16=0x00000000
     261615.000 ns	     26160	80005654	0860f0d3	fsub.s	f1,f1,f6	  f1:0xcefff94a  f6:0x80041023  f1=0xcefff94a
     261645.000 ns	     26163	80005658	2152a3d3	fsgnjx.s	f7,f5,f21	  f5:0xcefff94a f21:0x7fc00000  f7=0xcefff94a
     261665.000 ns	     26165	8000565c	40f15a13	srai	x20,x2,0xf	  x2:0x00000001 x20=0x00000000
     261685.000 ns	     26167	80005660	a07ca153	feq.s	x2,f25,f7	 f25:0x80000000  f7:0xcefff94a  x2=0x00000000
     261705.000 ns	     26169	80005664	00dba8b3	slt	x17,x23,x13	 x23:0x00000000 x13:0x00000200 x17=0x00000001
     261745.000 ns	     26173	80005668	0936ccd3	fsub.s	f25,f13,f19	 f13:0xcefff94a f19:0x3f7fffae f25=0xcefff94a
     261765.000 ns	     26175	8000566c	00d90eb3	add	x29,x18,x13	 x18:0x040fe400 x13:0x00000200 x29=0x040fe600
     261785.000 ns	     26177	80005670	216c20d3	fsgnjx.s	f1,f24,f22	 f24:0x7fc00000 f22:0x7fc00000  f1=0x7fc00000
     261805.000 ns	     26179	80005674	008b6d33	or	x26,x22,x8	 x22:0x00000040  x8:0x00000000 x26=0x00000040
     261815.000 ns	     26180	80005678	00000013	addi	x0,x0,0	  x0:0x00000000
     262175.000 ns	     26216	8000567c	02f9cbb3	div	x23,x19,x15	 x19:0x008a2436 x15:0x00080000 x23=0x00000011
     262205.000 ns	     26219	80005680	c01bf953	fcvt.wu.s	x18,f23	 f23:0x3f7fffae x18=0x00000000
     262575.000 ns	     26256	80005684	026d70b3	remu	x1,x26,x6	 x26:0x00000040  x6:0x00000001  x1=0x00000000
     262605.000 ns	     26259	80005688	d00fa4d3	fcvt.s.w	f9,x31	 x31:0x0007ffff  f9=0x48ffffe0
     262635.000 ns	     26262	8000568c	c0037753	fcvt.w.s	x14,f6	  f6:0x80041023 x14=0x00000000
     262675.000 ns	     26266	80005690	1948bfd3	fdiv.s	f31,f17,f20	 f17:0x00000000 f20:0x7fc00000 f31=0x7fc00000
     262695.000 ns	     26268	80005694	00c6aa33	slt	x20,x13,x12	 x13:0x00000200 x12:0x00000dba x20=0x00000001
     262715.000 ns	     26270	80005698	c019f6d3	fcvt.wu.s	x13,f19	 f19:0x3f7fffae x13=0x00000000
     262745.000 ns	     26273	8000569c	03183d33	mulhu	x26,x16,x17	 x16:0x00000000 x17:0x00000001 x26=0x00000000
     263115.000 ns	     26310	800056a0	03b5ec33	rem	x24,x11,x27	 x11:0x00000000 x27:0x80040fe4 x24=0x00000000
     263135.000 ns	     26312	800056a4	400a5093	srai	x1,x20,0x0	 x20:0x00000001  x1=0x00000001
     263145.000 ns	     26313	800056a8	005bc433	xor	x8,x23,x5	 x23:0x00000011  x5:0x80041024  x8=0x80041035
     263155.000 ns	     26314	800056ac	018521b3	slt	x3,x10,x24	 x10:0xf75ca184 x24:0x00000000  x3=0x00000001
     263185.000 ns	     26317	800056b0	18f9f953	fdiv.s	f18,f19,f15	 f19:0x3f7fffae f15:0x80000000 f18=0xff800000
     263205.000 ns	     26319	800056b4	00f19013	slli	x0,x3,0xf	  x3:0x00000000
     263225.000 ns	     26321	800056b8	035b8f33	mul	x30,x23,x21	 x23:0x00000011 x21:0x00000000 x30=0x00000000
     263255.000 ns	     26324	800056bc	03c0af33	mulhsu	x30,x1,x28	  x1:0x00000001 x28:0xfffbe000 x30=0x00000000
     263275.000 ns	     26326	800056c0	00930b33	add	x22,x6,x9	  x6:0x00000001  x9:0x00000002 x22=0x00000003
     263285.000 ns	     26327	800056c4	006ad5b3	srl	x11,x21,x6	 x21:0x00000000  x6:0x00000001 x11=0x00000000
     263295.000 ns	     26328	800056c8	00316e33	or	x28,x2,x3	  x2:0x00000000  x3:0x00000001 x28=0x00000001
     263335.000 ns	     26332	800056cc	08173ad3	fsub.s	f21,f14,f1	 f14:0x7fc00000  f1:0x7fc00000 f21=0x7fc00000
     263355.000 ns	     26334	800056d0	61bd6d13	ori	x26,x26,1563	 x26:0x00000000 x26=0x0000061b
     263365.000 ns	     26335	800056d4	423ead13	slti	x26,x29,1059	 x29:0x040fe600 x26=0x00000000
     263385.000 ns	     26337	800056d8	02726433	rem	x8,x4,x7	  x4:0x00000000  x7:0x00000000  x8=0x00000000
     263415.000 ns	     26340	800056dc	03422133	mulhsu	x2,x4,x20	  x4:0x00000000 x20:0x00000001  x2=0x00000000
     263445.000 ns	     26343	800056e0	28571e53	fmax.s	f28,f14,f5	 f14:0x7fc00000  f5:0xcefff94a f28=0xcefff94a
     263475.000 ns	     26346	800056e4	02bceb33	rem	x22,x25,x11	 x25:0x008a1c48 x11:0x00000000 x22=0x008a1c48
     263505.000 ns	     26349	800056e8	d0001fd3	fcvt.s.w	f31,x0	  x0:0x00000000 f31=0x00000000
     263525.000 ns	     26351	800056ec	00e52fb3	slt	x31,x10,x14	 x10:0xf75ca184 x14:0x00000000 x31=0x00000001
     263535.000 ns	     26352	800056f0	24d45997	auipc	x19,0x24d45	 x19=0xa4d4a6f0
     263575.000 ns	     26356	800056f4	084c7bd3	fsub.s	f23,f24,f4	 f24:0x7fc00000  f4:0x7fc00000 f23=0x7fc00000
     263605.000 ns	     26359	800056f8	e0078a53	fmv.x.w	x20,f15	 f15:0x80000000 x20=0x80000000
     263635.000 ns	     26362	800056fc	a19fab53	feq.s	x22,f31,f25	 f31:0x00000000 f25:0xcefff94a x22=0x00000000
     263655.000 ns	     26364	80005700	00000013	addi	x0,x0,0	  x0:0x00000000
     263695.000 ns	     26368	80005704	00a43dd3	fadd.s	f27,f8,f10	  f8:0x7fc00000 f10:0x00000000 f27=0x7fc00000
     263715.000 ns	     26370	80005708	017a99b3	sll	x19,x21,x23	 x21:0x00000000 x23:0x00000011 x19=0x00000000
     263725.000 ns	     26371	8000570c	410706b3	sub	x13,x14,x16	 x14:0x00000000 x16:0x00000000 x13=0x00000000
     263745.000 ns	     26373	80005710	c01efad3	fcvt.wu.s	x21,f29	 f29:0xdf043000 x21=0x00000000
     263775.000 ns	     26376	80005714	d0118253	fcvt.s.wu	f4,x3	  x3:0x00000001  f4=0x3f800000
     263805.000 ns	     26379	80005718	02bfe733	rem	x14,x31,x11	 x31:0x00000001 x11:0x00000000 x14=0x00000001
     263825.000 ns	     26381	8000571c	017e1433	sll	x8,x28,x23	 x28:0x00000001 x23:0x00000011  x8=0x00020000
     263845.000 ns	     26383	80005720	28878453	fmin.s	f8,f15,f8	 f15:0x80000000  f8:0x7fc00000  f8=0x80000000
     263865.000 ns	     26385	80005724	0a7bcbb7	lui	x23,0xa7bc	 x23=0x0a7bc000
     263875.000 ns	     26386	80005728	01bff7b3	and	x15,x31,x27	 x31:0x00000001 x27:0x80040fe4 x15=0x00000000
     263895.000 ns	     26388	8000572c	d0128bd3	fcvt.s.wu	f23,x5	  x5:0x80041024 f23=0x4f000410
     263915.000 ns	     26390	80005730	40675e93	srai	x29,x14,0x6	 x14:0x00000001 x29=0x00000000
     263935.000 ns	     26392	80005734	281597d3	fmax.s	f15,f11,f1	 f11:0x44000000  f1:0x7fc00000 f15=0x44000000
     263955.000 ns	     26394	80005738	006b4333	xor	x6,x22,x6	 x22:0x00000000  x6:0x00000001  x6=0x00000001
     263975.000 ns	     26396	8000573c	a0001bd3	flt.s	x23,f0,f0	  f0:0x3f800000  f0:0x3f800000 x23=0x00000000
     264345.000 ns	     26433	80005740	028561b3	rem	x3,x10,x8	 x10:0xf75ca184  x8:0x00020000  x3=0xfffea184
     264365.000 ns	     26435	80005744	40a0dc93	srai	x25,x1,0xa	  x1:0x00000001 x25=0x00000000
     264725.000 ns	     26471	80005748	0341ea33	rem	x20,x3,x20	  x3:0xfffea184 x20:0x80000000 x20=0xfffea184
     264755.000 ns	     26474	8000574c	f0008dd3	fmv.w.x	f27,x1	  x1:0x00000001 f27=0x00000001
     264775.000 ns	     26476	80005750	24113197	auipc	x3,0x24113	  x3=0xa4118750
     264785.000 ns	     26477	80005754	008f8fb3	add	x31,x31,x8	 x31:0x00000001  x8:0x00020000 x31=0x00020001
     264795.000 ns	     26478	80005758	00a38333	add	x6,x7,x10	  x7:0x00000000 x10:0xf75ca184  x6=0xf75ca184
     264815.000 ns	     26480	8000575c	c00b1853	fcvt.w.s	x16,f22	 f22:0x7fc00000 x16=0x7fffffff
     265185.000 ns	     26517	80005760	02a0d6b3	divu	x13,x1,x10	  x1:0x00000001 x10:0xf75ca184 x13=0x00000000
     265235.000 ns	     26522	80005764	006f34d3	fadd.s	f9,f30,f6	 f30:0x00000f75  f6:0x80041023  f9=0x800400ae
     265265.000 ns	     26525	80005768	21f18353	fsgnj.s	f6,f3,f31	  f3:0xc574947f f31:0x00000000  f6=0x4574947f
     265285.000 ns	     26527	8000576c	00d238b3	sltu	x17,x4,x13	  x4:0x00000000 x13:0x00000000 x17=0x00000000
     265305.000 ns	     26529	80005770	03547c33	remu	x24,x8,x21	  x8:0x00020000 x21:0x00000000 x24=0x00020000
     265335.000 ns	     26532	80005774	c0162d53	fcvt.wu.s	x26,f12	 f12:0x00000000 x26=0x00000000
     265355.000 ns	     26534	80005778	00104cb3	xor	x25,x0,x1	  x0:0x00000000  x1:0x00000001 x25=0x00000001
     265375.000 ns	     26536	8000577c	e00b9053	fclass.s	x0,f23	 f23:0x4f000410
     265395.000 ns	     26538	80005780	004dbab3	sltu	x21,x27,x4	 x27:0x80040fe4  x4:0x00000000 x21=0x00000000
     265425.000 ns	     26541	80005784	18bc7c53	fdiv.s	f24,f24,f11	 f24:0x7fc00000 f11:0x44000000 f24=0x7fc00000
     265475.000 ns	     26546	80005788	0068f0d3	fadd.s	f1,f17,f6	 f17:0x00000000  f6:0x4574947f  f1=0x4574947f
     265495.000 ns	     26548	8000578c	40c9de93	srai	x29,x19,0xc	 x19:0x00000000 x29=0x00000000
     265505.000 ns	     26549	80005790	4157d4b3	sra	x9,x15,x21	 x15:0x00000000 x21:0x00000000  x9=0x00000000
     265525.000 ns	     26551	80005794	c012ff53	fcvt.wu.s	x30,f5	  f5:0xcefff94a x30=0x7ffca500
     265895.000 ns	     26588	80005798	030768b3	rem	x17,x14,x16	 x14:0x00000001 x16:0x7fffffff x17=0x00000001
     266265.000 ns	     26625	8000579c	0269cb33	div	x22,x19,x6	 x19:0x00000000  x6:0xf75ca184 x22=0x00000000
     266285.000 ns	     26627	800057a0	9c3c7f13	andi	x30,x24,-1597	 x24:0x00020000 x30=0x00020000
     266325.000 ns	     26631	800057a4	08aaf753	fsub.s	f14,f21,f10	 f21:0x7fc00000 f10:0x00000000 f14=0x7fc00000
     266345.000 ns	     26633	800057a8	00e39fb3	sll	x31,x7,x14	  x7:0x00000000 x14:0x00000001 x31=0x00000000
     266355.000 ns	     26634	800057ac	010306b3	add	x13,x6,x16	  x6:0xf75ca184 x16:0x7fffffff x13=0x775ca183
     266365.000 ns	     26635	800057b0	017a18b3	sll	x17,x20,x23	 x20:0xfffea184 x23:0x00000000 x17=0xfffea184
     266375.000 ns	     26636	800057b4	01718bb3	add	x23,x3,x23	  x3:0xa4118750 x23:0x00000000 x23=0xa4118750
     266395.000 ns	     26638	800057b8	021b23b3	mulhsu	x7,x22,x1	 x22:0x00000000  x1:0x00000001  x7=0x00000000
     266415.000 ns	     26640	800057bc	0104b9b3	sltu	x19,x9,x16	  x9:0x00000000 x16:0x7fffffff x19=0x00000001
     266435.000 ns	     26642	800057c0	21ea82d3	fsgnj.s	f5,f21,f30	 f21:0x7fc00000 f30:0x00000f75  f5=0x7fc00000
     266465.000 ns	     26645	800057c4	a03da7d3	feq.s	x15,f27,f3	 f27:0x00000001  f3:0xc574947f x15=0x00000000
     266515.000 ns	     26650	800057c8	01db3353	fadd.s	f6,f22,f29	 f22:0x7fc00000 f29:0xdf043000  f6=0x7fc00000
     266545.000 ns	     26653	800057cc	28e595d3	fmax.s	f11,f11,f14	 f11:0x44000000 f14:0x7fc00000 f11=0x44000000
     266575.000 ns	     26656	800057d0	0321a7b3	mulhsu	x15,x3,x18	  x3:0xa4118750 x18:0x00000000 x15=0x00000000
     266605.000 ns	     26659	800057d4	d019aa53	fcvt.s.wu	f20,x19	 x19:0x00000001 f20=0x3f800000
     266635.000 ns	     26662	800057d8	e00707d3	fmv.x.w	x15,f14	 f14:0x7fc00000 x15=0x7fc00000
     266675.000 ns	     26666	800057dc	11548ad3	fmul.s	f21,f9,f21	  f9:0x800400ae f21:0x7fc00000 f21=0x7fc00000
     266695.000 ns	     26668	800057e0	9afe8593	addi	x11,x29,-1617	 x29:0x00000000 x11=0xfffff9af
     266705.000 ns	     26669	800057e4	00b19393	slli	x7,x3,0xb	  x3:0xa4118750  x7=0x8c3a8000
     266725.000 ns	     26671	800057e8	e0029153	fclass.s	x2,f5	  f5:0x7fc00000  x2=0x00000200
     266745.000 ns	     26673	800057ec	41c6d113	srai	x2,x13,0x1c	 x13:0x775ca183  x2=0x00000007
     266755.000 ns	     26674	800057f0	4184d713	srai	x14,x9,0x18	  x9:0x00000000 x14=0x00000000
     266765.000 ns	     26675	800057f4	01f39d13	slli	x26,x7,0x1f	  x7:0x8c3a8000 x26=0x00000000
     266785.000 ns	     26677	800057f8	f00d8253	fmv.w.x	f4,x27	 x27:0x80040fe4  f4=0x80040fe4
     266805.000 ns	     26679	800057fc	365ca613	slti	x12,x25,869	 x25:0x00000001 x12=0x00000001
     266825.000 ns	     26681	80005800	c00e2d53	fcvt.w.s	x26,f28	 f28:0xcefff94a x26=0x80035b00
     266855.000 ns	     26684	80005804	c003f653	fcvt.w.s	x12,f7	  f7:0xcefff94a x12=0x7ffca500
     266875.000 ns	     26686	80005808	00d63133	sltu	x2,x12,x13	 x12:0x00000001 x13:0x775ca183  x2=0x00000000
     266895.000 ns	     26688	8000580c	d012fd53	fcvt.s.wu	f26,x5	  x5:0x80041024 f26=0x4f000410
     266925.000 ns	     26691	80005810	d00af153	fcvt.s.w	f2,x21	 x21:0x00000000  f2=0x00000000
     266955.000 ns	     26694	80005814	e00580d3	fmv.x.w	x1,f11	 f11:0x44000000  x1=0x44000000
     266975.000 ns	     26696	80005818	41895933	sra	x18,x18,x24	 x18:0x00000000 x24:0x00020000 x18=0x00000000
     266995.000 ns	     26698	8000581c	21f02ad3	fsgnjx.s	f21,f0,f31	  f0:0x3f800000 f31:0x00000000 f21=0x3f800000
     267015.000 ns	     26700	80005820	ad872893	slti	x17,x14,-1320	 x14:0x00000000 x17=0x00000000
     267035.000 ns	     26702	80005824	f00407d3	fmv.w.x	f15,x8	  x8:0x00020000 f15=0x00020000
     267065.000 ns	     26705	80005828	030f1e33	mulh	x28,x30,x16	 x30:0x00020000 x16:0x7fffffff x28=0x0000ffff
     267085.000 ns	     26707	8000582c	76454993	xori	x19,x10,1892	 x10:0xf75ca184 x19=0xf75ca6e0
     267095.000 ns	     26708	80005830	23ebf393	andi	x7,x23,574	 x23:0xa4118750  x7=0x00000210
     267115.000 ns	     26710	80005834	a0e4a953	feq.s	x18,f9,f14	  f9:0x800400ae f14:0x7fc00000 x18=0x00000000
     267145.000 ns	     26713	80005838	03471333	mulh	x6,x14,x20	 x14:0x00000000 x20:0xfffea184  x6=0x00000000
     267165.000 ns	     26715	8000583c	4020d833	sra	x16,x1,x2	  x1:0x44000000  x2:0x00000000 x16=0x44000000
     267185.000 ns	     26717	80005840	a1bc2c53	feq.s	x24,f24,f27	 f24:0x7fc00000 f27:0x00000001 x24=0x00000000
     267215.000 ns	     26720	80005844	a1f12353	feq.s	x6,f2,f31	  f2:0x00000000 f31:0x00000000  x6=0x00000001
     267265.000 ns	     26725	80005848	082e0ad3	fsub.s	f21,f28,f2	 f28:0xcefff94a  f2:0x00000000 f21=0xcefff94a
     267295.000 ns	     26728	8000584c	024e61b3	rem	x3,x28,x4	 x28:0x0000ffff  x4:0x00000000  x3=0x0000ffff
     267325.000 ns	     26731	80005850	c0017fd3	fcvt.w.s	x31,f2	  f2:0x00000000 x31=0x00000000
     267345.000 ns	     26733	80005854	a8a04f13	xori	x30,x0,-1398	  x0:0x00000000 x30=0xfffffa8a
     267355.000 ns	     26734	80005858	8eec8bb7	lui	x23,0x8eec8	 x23=0x8eec8000
     267395.000 ns	     26738	8000585c	082b7353	fsub.s	f6,f22,f2	 f22:0x7fc00000  f2:0x00000000  f6=0x7fc00000
     267415.000 ns	     26740	80005860	415f0c33	sub	x24,x30,x21	 x30:0xfffffa8a x21:0x00000000 x24=0xfffffa8a
     267425.000 ns	     26741	80005864	00861bb3	sll	x23,x12,x8	 x12:0x7ffca500  x8:0x00020000 x23=0x7ffca500
     267445.000 ns	     26743	80005868	02ac1d33	mulh	x26,x24,x10	 x24:0x00000000 x10:0xf75ca184 x26=0x0000002f
     267465.000 ns	     26745	8000586c	d84acf13	xori	x30,x21,-636	 x21:0x00000000 x30=0xfffffd84
     267485.000 ns	     26747	80005870	0313db33	divu	x22,x7,x17	  x7:0x00000210 x17:0x00000000 x22=0xffffffff
     267505.000 ns	     26749	80005874	26373013	sltiu	x0,x14,611	 x14:0x00000000
     267865.000 ns	     26785	80005878	0212f833	remu	x16,x5,x1	  x5:0x80041024  x1:0x44000000 x16=0x3c041024
     267895.000 ns	     26788	8000587c	c016f6d3	fcvt.wu.s	x13,f13	 f13:0xcefff94a x13=0x7ffca500
     267935.000 ns	     26792	80005880	18edf1d3	fdiv.s	f3,f27,f14	 f27:0x00000001 f14:0x7fc00000  f3=0x7fc00000
     267965.000 ns	     26795	80005884	219712d3	fsgnjn.s	f5,f14,f25	 f14:0x7fc00000 f25:0xcefff94a  f5=0x7fc00000
     267985.000 ns	     26797	80005888	001a47b3	xor	x15,x20,x1	 x20:0xfffea184  x1:0x44000000 x15=0xbbfea184
     268345.000 ns	     26833	8000588c	03c15cb3	divu	x25,x2,x28	  x2:0x00000000 x28:0x0000ffff x25=0x00000000
     268365.000 ns	     26835	80005890	00bd6b33	or	x22,x26,x11	 x26:0x0000002f x11:0xfffff9af x22=0xfffff9af
     268385.000 ns	     26837	80005894	a115aad3	feq.s	x21,f11,f17	 f11:0x44000000 f17:0x00000000 x21=0x00000000
     268435.000 ns	     26842	80005898	00f133d3	fadd.s	f7,f2,f15	  f2:0x00000000 f15:0x00020000  f7=0x00020000
     268475.000 ns	     26846	8000589c	1003f7d3	fmul.s	f15,f7,f0	  f7:0xcefff94a  f0:0x3f800000 f15=0x00020000
     268495.000 ns	     26848	800058a0	01ffafb3	slt	x31,x31,x31	 x31:0x00000000 x31:0x00000000 x31=0x00000000
     268515.000 ns	     26850	800058a4	215c1153	fsgnjn.s	f2,f24,f21	 f24:0x7fc00000 f21:0xcefff94a  f2=0x7fc00000
     268545.000 ns	     26853	800058a8	0394f333	remu	x6,x9,x25	  x9:0x00000000 x25:0x00000000  x6=0x00000000
     268565.000 ns	     26855	800058ac	0160aeb3	slt	x29,x1,x22	  x1:0x44000000 x22:0xfffff9af x29=0x00000000
     268575.000 ns	     26856	800058b0	01ed9c13	slli	x24,x27,0x1e	 x27:0x80040fe4 x24=0x00000000
     268935.000 ns	     26892	800058b4	03606e33	rem	x28,x0,x22	  x0:0x00000000 x22:0xfffff9af x28=0x00000000
     268965.000 ns	     26895	800058b8	03e890b3	mulh	x1,x17,x30	 x17:0x00000000 x30:0xfffffd84  x1=0x00000000
     268995.000 ns	     26898	800058bc	21391053	fsgnjn.s	f0,f18,f19	 f18:0xff800000 f19:0x3f7fffae  f0=0xff800000
     269015.000 ns	     26900	800058c0	00000013	addi	x0,x0,0	  x0:0x00000000
     269025.000 ns	     26901	800058c4	41615913	srai	x18,x2,0x16	  x2:0x00000000 x18=0x00000000
     269035.000 ns	     26902	800058c8	0077dc13	srli	x24,x15,0x7	 x15:0xbbfea184 x24=0x0177fd43
     269045.000 ns	     26903	800058cc	41985d13	srai	x26,x16,0x19	 x16:0x3c041024 x26=0x0000001e
     269055.000 ns	     26904	800058d0	c8704e97	auipc	x29,0xc8704	 x29=0x487098d0
     269065.000 ns	     26905	800058d4	01288333	add	x6,x17,x18	 x17:0x00000000 x18:0x00000000  x6=0x00000000
     269085.000 ns	     26907	800058d8	f00f81d3	fmv.w.x	f3,x31	 x31:0x00000000  f3=0x00000000
     269105.000 ns	     26909	800058dc	3fecb193	sltiu	x3,x25,1022	 x25:0x00000000  x3=0x00000001
     269115.000 ns	     26910	800058e0	00c3d5b3	srl	x11,x7,x12	  x7:0x00000210 x12:0x7ffca500 x11=0x00000210
     269125.000 ns	     26911	800058e4	a47cd097	auipc	x1,0xa47cd	  x1=0x247d28e4
     269135.000 ns	     26912	800058e8	42075c37	lui	x24,0x42075	 x24=0x42075000
     269145.000 ns	     26913	800058ec	01095833	srl	x16,x18,x16	 x18:0x00000000 x16:0x3c041024 x16=0x00000000
     269165.000 ns	     26915	800058f0	2000a653	fsgnjx.s	f12,f1,f0	  f1:0x4574947f  f0:0xff800000 f12=0xc574947f
     269205.000 ns	     26919	800058f4	18357653	fdiv.s	f12,f10,f3	 f10:0x00000000  f3:0x00000000 f12=0x7fc00000
     269225.000 ns	     26921	800058f8	013ebb33	sltu	x22,x29,x19	 x29:0x487098d0 x19:0xf75ca6e0 x22=0x00000001
     269235.000 ns	     26922	800058fc	00000013	addi	x0,x0,0	  x0:0x00000000
     269245.000 ns	     26923	80005900	00000013	addi	x0,x0,0	  x0:0x00000000
     269255.000 ns	     26924	80005904	016771b3	and	x3,x14,x22	 x14:0x00000000 x22:0x00000001  x3=0x00000000
     269265.000 ns	     26925	80005908	4dc6e793	ori	x15,x13,1244	 x13:0x7ffca500 x15=0x7ffca5dc
     269285.000 ns	     26927	8000590c	03603e33	mulhu	x28,x0,x22	  x0:0x00000000 x22:0x00000001 x28=0x00000000
     269315.000 ns	     26930	80005910	205384d3	fsgnj.s	f9,f7,f5	  f7:0x00020000  f5:0x7fc00000  f9=0x00020000
     269335.000 ns	     26932	80005914	0187d113	srli	x2,x15,0x18	 x15:0x7ffca5dc  x2=0x0000007f
     269345.000 ns	     26933	80005918	46412693	slti	x13,x2,1124	  x2:0x00000000 x13=0x00000001
     269365.000 ns	     26935	8000591c	a103acd3	feq.s	x25,f7,f16	  f7:0x00020000 f16:0x3f800000 x25=0x00000000
     269395.000 ns	     26938	80005920	e0011753	fclass.s	x14,f2	  f2:0x7fc00000 x14=0x00000200
     269425.000 ns	     26941	80005924	020aa3b3	mulhsu	x7,x21,x0	 x21:0x00000000  x0:0x00000000  x7=0x00000000
     269465.000 ns	     26945	80005928	5806f0d3	fsqrt.s	f1,f13	 f13:0xcefff94a  f1=0x7fc00000
     269485.000 ns	     26947	8000592c	9b87c193	xori	x3,x15,-1608	 x15:0x7ffca5dc  x3=0x80035c64
     269505.000 ns	     26949	80005930	d009fa53	fcvt.s.w	f20,x19	 x19:0xf75ca6e0 f20=0xcd0a3592
     269535.000 ns	     26952	80005934	201a17d3	fsgnjn.s	f15,f20,f1	 f20:0x3f800000  f1:0x7fc00000 f15=0xcd0a3592
     269565.000 ns	     26955	80005938	21269ed3	fsgnjn.s	f29,f13,f18	 f13:0xcefff94a f18:0xff800000 f29=0x4efff94a
     269585.000 ns	     26957	8000593c	01d78bb3	add	x23,x15,x29	 x15:0x7ffca5dc x29:0x487098d0 x23=0xc86d3eac
     269945.000 ns	     26993	80005940	03a46ab3	rem	x21,x8,x26	  x8:0x00020000 x26:0x0000001e x21=0x00000002
     269975.000 ns	     26996	80005944	02f21033	mulh	x0,x4,x15	  x4:0x00000000 x15:0x7ffca5dc
     269995.000 ns	     26998	80005948	01a5d5b3	srl	x11,x11,x26	 x11:0x00000210 x26:0x0000001e x11=0x00000000
     270005.000 ns	     26999	8000594c	00872cb3	slt	x25,x14,x8	 x14:0x00000200  x8:0x00020000 x25=0x00000001
     270025.000 ns	     27001	80005950	289d8ed3	fmin.s	f29,f27,f9	 f27:0x00000001  f9:0x00020000 f29=0x00000001
     270045.000 ns	     27003	80005954	00000013	addi	x0,x0,0	  x0:0x00000000
     270065.000 ns	     27005	80005958	203b98d3	fsgnjn.s	f17,f23,f3	 f23:0x4f000410  f3:0x00000000 f17=0xcf000410
     270095.000 ns	     27008	8000595c	c003fbd3	fcvt.w.s	x23,f7	  f7:0x00020000 x23=0x00000000
     270125.000 ns	     27011	80005960	d00f8dd3	fcvt.s.w	f27,x31	 x31:0x00000000 f27=0x00000000
     270145.000 ns	     27013	80005964	41420c33	sub	x24,x4,x20	  x4:0x00000000 x20:0xfffea184 x24=0x00015e7c
     270165.000 ns	     27015	80005968	020e6e33	rem	x28,x28,x0	 x28:0x00000000  x0:0x00000000 x28=0x00000000
     270185.000 ns	     27017	8000596c	4194df13	srai	x30,x9,0x19	  x9:0x00000000 x30=0x00000000
     270195.000 ns	     27018	80005970	84e2b913	sltiu	x18,x5,-1970	  x5:0x80041024 x18=0x00000001
     270205.000 ns	     27019	80005974	00379893	slli	x17,x15,0x3	 x15:0x7ffca5dc x17=0xffe52ee0
     270225.000 ns	     27021	80005978	037e1033	mulh	x0,x28,x23	 x28:0x00000000 x23:0x00000000
     270595.000 ns	     27058	8000597c	02e04f33	div	x30,x0,x14	  x0:0x00000000 x14:0x00000200 x30=0x00000000
     270625.000 ns	     27061	80005980	02618733	mul	x14,x3,x6	  x3:0x80035c64  x6:0x00000000 x14=0x00000000
     270645.000 ns	     27063	80005984	4051d3b3	sra	x7,x3,x5	  x3:0x80035c64  x5:0x80041024  x7=0xf80035c6
     271005.000 ns	     27099	80005988	0328ce33	div	x28,x17,x18	 x17:0xffe52ee0 x18:0x00000001 x28=0xffe52ee0
     271025.000 ns	     27101	8000598c	01dd4833	xor	x16,x26,x29	 x26:0x0000001e x29:0x487098d0 x16=0x487098ce
     271045.000 ns	     27103	80005990	288b9253	fmax.s	f4,f23,f8	 f23:0x4f000410  f8:0x80000000  f4=0x4f000410
     271075.000 ns	     27106	80005994	29cc1fd3	fmax.s	f31,f24,f28	 f24:0x7fc00000 f28:0xcefff94a f31=0xcefff94a
     271105.000 ns	     27109	80005998	20638253	fsgnj.s	f4,f7,f6	  f7:0x00020000  f6:0x7fc00000  f4=0x00020000
     271475.000 ns	     27146	8000599c	036970b3	remu	x1,x18,x22	 x18:0x00000001 x22:0x00000001  x1=0x00000000
     271495.000 ns	     27148	800059a0	01176933	or	x18,x14,x17	 x14:0x00000000 x17:0xffe52ee0 x18=0xffe52ee0
     271515.000 ns	     27150	800059a4	207b1bd3	fsgnjn.s	f23,f22,f7	 f22:0x7fc00000  f7:0x00020000 f23=0xffc00000
     271545.000 ns	     27153	800059a8	a1a7a6d3	feq.s	x13,f15,f26	 f15:0xcd0a3592 f26:0x4f000410 x13=0x00000000
     271575.000 ns	     27156	800059ac	a0069853	flt.s	x16,f13,f0	 f13:0xcefff94a  f0:0xff800000 x16=0x00000000
     271605.000 ns	     27159	800059b0	a1321b53	flt.s	x22,f4,f19	  f4:0x00020000 f19:0x3f7fffae x22=0x00000001
     271625.000 ns	     27161	800059b4	01465813	srli	x16,x12,0x14	 x12:0x7ffca500 x16=0x000007ff
     271635.000 ns	     27162	800059b8	005854b3	srl	x9,x16,x5	 x16:0x00000000  x5:0x80041024  x9=0x0000007f
     271655.000 ns	     27164	800059bc	d0147f53	fcvt.s.wu	f30,x8	  x8:0x00020000 f30=0x48000000
     271675.000 ns	     27166	800059c0	00b6b133	sltu	x2,x13,x11	 x13:0x00000000 x11:0x00000000  x2=0x00000000
     271715.000 ns	     27170	800059c4	09bc1d53	fsub.s	f26,f24,f27	 f24:0x7fc00000 f27:0x00000000 f26=0x7fc00000
     271745.000 ns	     27173	800059c8	e0031b53	fclass.s	x22,f6	  f6:0x7fc00000 x22=0x00000200
     271775.000 ns	     27176	800059cc	28d31053	fmax.s	f0,f6,f13	  f6:0x7fc00000 f13:0xcefff94a  f0=0xcefff94a
     271805.000 ns	     27179	800059d0	c006a0d3	fcvt.w.s	x1,f13	 f13:0xcefff94a  x1=0x80035b00
     271825.000 ns	     27181	800059d4	2474bf13	sltiu	x30,x9,583	  x9:0x0000007f x30=0x00000001
     272185.000 ns	     27217	800059d8	039ccf33	div	x30,x25,x25	 x25:0x00000001 x25:0x00000001 x30=0x00000001
     272205.000 ns	     27219	800059dc	01aec3b3	xor	x7,x29,x26	 x29:0x487098d0 x26:0x0000001e  x7=0x487098ce
     272215.000 ns	     27220	800059e0	004005b3	add	x11,x0,x4	  x0:0x00000000  x4:0x00000000 x11=0x00000000
     272225.000 ns	     27221	800059e4	0ae5c813	xori	x16,x11,174	 x11:0x00000000 x16=0x000000ae
     272235.000 ns	     27222	800059e8	006fb833	sltu	x16,x31,x6	 x31:0x00000000  x6:0x00000000 x16=0x00000000
     272255.000 ns	     27224	800059ec	020bd733	divu	x14,x23,x0	 x23:0x00000000  x0:0x00000000 x14=0xffffffff
     272285.000 ns	     27227	800059f0	28658153	fmin.s	f2,f11,f6	 f11:0x44000000  f6:0x7fc00000  f2=0x44000000
     272305.000 ns	     27229	800059f4	011e9593	slli	x11,x29,0x11	 x29:0x487098d0 x11=0x31a00000
     272315.000 ns	     27230	800059f8	0173aa33	slt	x20,x7,x23	  x7:0x487098ce x23:0x00000000 x20=0x00000000
     272335.000 ns	     27232	800059fc	21f18f53	fsgnj.s	f30,f3,f31	  f3:0x00000000 f31:0xcefff94a f30=0x80000000
     272355.000 ns	     27234	80005a00	00bc1f33	sll	x30,x24,x11	 x24:0x00015e7c x11:0x31a00000 x30=0x00015e7c
     272375.000 ns	     27236	80005a04	022144b3	div	x9,x2,x2	  x2:0x00000000  x2:0x00000000  x9=0xffffffff
     272395.000 ns	     27238	80005a08	017e1b13	slli	x22,x28,0x17	 x28:0xffe52ee0 x22=0x70000000
     272415.000 ns	     27240	80005a0c	e00906d3	fmv.x.w	x13,f18	 f18:0xff800000 x13=0xff800000
     272465.000 ns	     27245	80005a10	0918f1d3	fsub.s	f3,f17,f17	 f17:0xcf000410 f17:0xcf000410  f3=0x00000000
     272495.000 ns	     27248	80005a14	e0078bd3	fmv.x.w	x23,f15	 f15:0xcd0a3592 x23=0xcd0a3592
     272515.000 ns	     27250	80005a18	4160d093	srai	x1,x1,0x16	  x1:0x80035b00  x1=0xfffffe00
     272535.000 ns	     27252	80005a1c	a12c8653	fle.s	x12,f25,f18	 f25:0xcefff94a f18:0xff800000 x12=0x00000000
     272555.000 ns	     27254	80005a20	f3676113	ori	x2,x14,-202	 x14:0xffffffff  x2=0xffffffff
     272585.000 ns	     27257	80005a24	1811fa53	fdiv.s	f20,f3,f1	  f3:0x00000000  f1:0x7fc00000 f20=0x7fc00000
     272615.000 ns	     27260	80005a28	d010fa53	fcvt.s.wu	f20,x1	  x1:0xfffffe00 f20=0x4f7ffffe
     272635.000 ns	     27262	80005a2c	35c46993	ori	x19,x8,860	  x8:0x00020000 x19=0x0002035c
     272645.000 ns	     27263	80005a30	7d88c597	auipc	x11,0x7d88c	 x11=0xfd891a30
     273005.000 ns	     27299	80005a34	035fdd33	divu	x26,x31,x21	 x31:0x00000000 x21:0x00000002 x26=0x00000000
     273035.000 ns	     27302	80005a38	28f082d3	fmin.s	f5,f1,f15	  f1:0x7fc00000 f15:0xcd0a3592  f5=0xcd0a3592
     273055.000 ns	     27304	80005a3c	00592f33	slt	x30,x18,x5	 x18:0xffe52ee0  x5:0x80041024 x30=0x00000000
     273415.000 ns	     27340	80005a40	02f845b3	div	x11,x16,x15	 x16:0x00000000 x15:0x7ffca5dc x11=0x00000000
     273435.000 ns	     27342	80005a44	9b74ef13	ori	x30,x9,-1609	  x9:0xffffffff x30=0xffffffff
     273465.000 ns	     27345	80005a48	18ef7c53	fdiv.s	f24,f30,f14	 f30:0x80000000 f14:0x7fc00000 f24=0x7fc00000
     273485.000 ns	     27347	80005a4c	403b09b3	sub	x19,x22,x3	 x22:0x70000000  x3:0x80035c64 x19=0xeffca39c
     273495.000 ns	     27348	80005a50	01939b33	sll	x22,x7,x25	  x7:0x487098ce x25:0x00000001 x22=0x90e1319c
     273505.000 ns	     27349	80005a54	4118df93	srai	x31,x17,0x11	 x17:0xffe52ee0 x31=0xfffffff2
     273525.000 ns	     27351	80005a58	a0cf81d3	fle.s	x3,f31,f12	 f31:0xcefff94a f12:0x7fc00000  x3=0x00000000
     273545.000 ns	     27353	80005a5c	014f14b3	sll	x9,x30,x20	 x30:0xffffffff x20:0x00000000  x9=0xffffffff
     273565.000 ns	     27355	80005a60	02b46cb3	rem	x25,x8,x11	  x8:0x00020000 x11:0x00000000 x25=0x00020000
     273585.000 ns	     27357	80005a64	c41d4e13	xori	x28,x26,-959	 x26:0x00000000 x28=0xfffffc41
     273605.000 ns	     27359	80005a68	a1bc9d53	flt.s	x26,f25,f27	 f25:0xcefff94a f27:0x00000000 x26=0x00000001
     273645.000 ns	     27363	80005a6c	11e5f7d3	fmul.s	f15,f11,f30	 f11:0x44000000 f30:0x80000000 f15=0x80000000
     273685.000 ns	     27367	80005a70	1032fdd3	fmul.s	f27,f5,f3	  f5:0xcd0a3592  f3:0x00000000 f27=0x80000000
     273725.000 ns	     27371	80005a74	111af3d3	fmul.s	f7,f21,f17	 f21:0xcefff94a f17:0xcf000410  f7=0x5e8000b5
     273755.000 ns	     27374	80005a78	21bb86d3	fsgnj.s	f13,f23,f27	 f23:0xffc00000 f27:0x80000000 f13=0xffc00000
     273785.000 ns	     27377	80005a7c	a1ea89d3	fle.s	x19,f21,f30	 f21:0xcefff94a f30:0x80000000 x19=0x00000001
     273805.000 ns	     27379	80005a80	795bf913	andi	x18,x23,1941	 x23:0xcd0a3592 x18=0x00000590
     273815.000 ns	     27380	80005a84	3b5b9917	auipc	x18,0x3b5b9	 x18=0xbb5bea84
     273855.000 ns	     27384	80005a88	012f76d3	fadd.s	f13,f30,f18	 f30:0x80000000 f18:0xff800000 f13=0xff800000
     273875.000 ns	     27386	80005a8c	cd152593	slti	x11,x10,-815	 x10:0xf75ca184 x11=0x00000001
     273895.000 ns	     27388	80005a90	218602d3	fsgnj.s	f5,f12,f24	 f12:0x7fc00000 f24:0x7fc00000  f5=0x7fc00000
     273925.000 ns	     27391	80005a94	f00d8ed3	fmv.w.x	f29,x27	 x27:0x80040fe4 f29=0x80040fe4
     273945.000 ns	     27393	80005a98	01220d33	add	x26,x4,x18	  x4:0x00000000 x18:0xbb5bea84 x26=0xbb5bea84
     273965.000 ns	     27395	80005a9c	d01e24d3	fcvt.s.wu	f9,x28	 x28:0xfffffc41  f9=0x4f7ffffd
     273995.000 ns	     27398	80005aa0	02bc9fb3	mulh	x31,x25,x11	 x25:0x00020000 x11:0x00000001 x31=0x00000000
     274015.000 ns	     27400	80005aa4	9f301937	lui	x18,0x9f301	 x18=0x9f301000
     274035.000 ns	     27402	80005aa8	a1abad53	feq.s	x26,f23,f26	 f23:0xffc00000 f26:0x7fc00000 x26=0x00000000
     274065.000 ns	     27405	80005aac	03bf3033	mulhu	x0,x30,x27	 x30:0xffffffff x27:0x80040fe4
     274085.000 ns	     27407	80005ab0	00b64033	xor	x0,x12,x11	 x12:0x00000000 x11:0x00000001
     274105.000 ns	     27409	80005ab4	a16c8b53	fle.s	x22,f25,f22	 f25:0xcefff94a f22:0x7fc00000 x22=0x00000000
     274135.000 ns	     27412	80005ab8	026ddab3	divu	x21,x27,x6	 x27:0x80040fe4  x6:0x00000000 x21=0xffffffff
     274155.000 ns	     27414	80005abc	01ea2833	slt	x16,x20,x30	 x20:0x00000000 x30:0xffffffff x16=0x00000000
     274165.000 ns	     27415	80005ac0	01b85893	srli	x17,x16,0x1b	 x16:0x00000000 x17=0x00000000
     274185.000 ns	     27417	80005ac4	a1bb9e53	flt.s	x28,f23,f27	 f23:0xffc00000 f27:0x80000000 x28=0x00000000
     274215.000 ns	     27420	80005ac8	2062a2d3	fsgnjx.s	f5,f5,f6	  f5:0x7fc00000  f6:0x7fc00000  f5=0x7fc00000
     274235.000 ns	     27422	80005acc	ff6ab913	sltiu	x18,x21,-10	 x21:0xffffffff x18=0x00000000
     274245.000 ns	     27423	80005ad0	00689813	slli	x16,x17,0x6	 x17:0x00000000 x16=0x00000000
     274255.000 ns	     27424	80005ad4	00000013	addi	x0,x0,0	  x0:0x00000000
     274265.000 ns	     27425	80005ad8	3e288093	addi	x1,x17,994	 x17:0x00000000  x1=0x000003e2
     274275.000 ns	     27426	80005adc	00000013	addi	x0,x0,0	  x0:0x00000000
     274635.000 ns	     27462	80005ae0	03857133	remu	x2,x10,x24	 x10:0xf75ca184 x24:0x00015e7c  x2=0x000097b8
     274675.000 ns	     27466	80005ae4	19a744d3	fdiv.s	f9,f14,f26	 f14:0x7fc00000 f26:0x7fc00000  f9=0x7fc00000
     274695.000 ns	     27468	80005ae8	40290d33	sub	x26,x18,x2	 x18:0x00000000  x2:0x000097b8 x26=0xffff6848
     274715.000 ns	     27470	80005aec	204e2ad3	fsgnjx.s	f21,f28,f4	 f28:0xcefff94a  f4:0x00020000 f21=0xcefff94a
     274745.000 ns	     27473	80005af0	a0cd2853	feq.s	x16,f26,f12	 f26:0x7fc00000 f12:0x7fc00000 x16=0x00000000
     274775.000 ns	     27476	80005af4	28c88653	fmin.s	f12,f17,f12	 f17:0xcf000410 f12:0x7fc00000 f12=0xcf000410
     274805.000 ns	     27479	80005af8	023957b3	divu	x15,x18,x3	 x18:0x00000000  x3:0x00000000 x15=0xffffffff
     274825.000 ns	     27481	80005afc	8952ab17	auipc	x22,0x8952a	 x22=0x0952fafc
     274845.000 ns	     27483	80005b00	f0070853	fmv.w.x	f16,x14	 x14:0xffffffff f16=0xffffffff
     274865.000 ns	     27485	80005b04	011f2d33	slt	x26,x30,x17	 x30:0xffffffff x17:0x00000000 x26=0x00000001
     274885.000 ns	     27487	80005b08	e00b98d3	fclass.s	x17,f23	 f23:0xffc00000 x17=0x00000200
     274915.000 ns	     27490	80005b0c	d00f0853	fcvt.s.w	f16,x30	 x30:0xffffffff f16=0xbf800000
     274935.000 ns	     27492	80005b10	31edcb93	xori	x23,x27,798	 x27:0x80040fe4 x23=0x80040cfa
     274955.000 ns	     27494	80005b14	d0012ed3	fcvt.s.w	f29,x2	  x2:0x000097b8 f29=0x4717b800
     274985.000 ns	     27497	80005b18	a0cc2d53	feq.s	x26,f24,f12	 f24:0x7fc00000 f12:0xcf000410 x26=0x00000000
     275005.000 ns	     27499	80005b1c	00fc1d33	sll	x26,x24,x15	 x24:0x00015e7c x15:0xffffffff x26=0x00000000
     275015.000 ns	     27500	80005b20	41fa5233	sra	x4,x20,x31	 x20:0x00000000 x31:0x00000000  x4=0x00000000
     275025.000 ns	     27501	80005b24	001be733	or	x14,x23,x1	 x23:0x80040cfa  x1:0x000003e2 x14=0x80040ffa
     275045.000 ns	     27503	80005b28	21332553	fsgnjx.s	f10,f6,f19	  f6:0x7fc00000 f19:0x3f7fffae f10=0x7fc00000
     275065.000 ns	     27505	80005b2c	01881e93	slli	x29,x16,0x18	 x16:0x00000000 x29=0x00000000
     275075.000 ns	     27506	80005b30	837dc313	xori	x6,x27,-1993	 x27:0x80040fe4  x6=0x7ffbf7d3
     275085.000 ns	     27507	80005b34	fc938c93	addi	x25,x7,-55	  x7:0x487098ce x25=0x48709897
     275115.000 ns	     27510	80005b38	580841d3	fsqrt.s	f3,f16	 f16:0xbf800000  f3=0x7fc00000
     275145.000 ns	     27513	80005b3c	21049153	fsgnjn.s	f2,f9,f16	  f9:0x7fc00000 f16:0xbf800000  f2=0x7fc00000
     275165.000 ns	     27515	80005b40	004507b3	add	x15,x10,x4	 x10:0xf75ca184  x4:0x00000000 x15=0xf75ca184
     275185.000 ns	     27517	80005b44	f00685d3	fmv.w.x	f11,x13	 x13:0xff800000 f11=0xff800000
     275215.000 ns	     27520	80005b48	c01546d3	fcvt.wu.s	x13,f10	 f10:0x7fc00000 x13=0xffffffff
     275245.000 ns	     27523	80005b4c	203d82d3	fsgnj.s	f5,f27,f3	 f27:0x80000000  f3:0x7fc00000  f5=0x00000000
     275265.000 ns	     27525	80005b50	6abd2693	slti	x13,x26,1707	 x26:0x00000000 x13=0x00000001
     275275.000 ns	     27526	80005b54	00000013	addi	x0,x0,0	  x0:0x00000000
     275285.000 ns	     27527	80005b58	00fc47b3	xor	x15,x24,x15	 x24:0x00015e7c x15:0xf75ca184 x15=0xf75dfff8
     275295.000 ns	     27528	80005b5c	00000013	addi	x0,x0,0	  x0:0x00000000
     275315.000 ns	     27530	80005b60	c004ce53	fcvt.w.s	x28,f9	  f9:0x7fc00000 x28=0x7fffffff
     275685.000 ns	     27567	80005b64	0262f6b3	remu	x13,x5,x6	  x5:0x80041024  x6:0x7ffbf7d3 x13=0x00081851
     275705.000 ns	     27569	80005b68	012a78b3	and	x17,x20,x18	 x20:0x00000000 x18:0x00000000 x17=0x00000000
     275725.000 ns	     27571	80005b6c	f00788d3	fmv.w.x	f17,x15	 x15:0xf75dfff8 f17=0xf75dfff8
     275745.000 ns	     27573	80005b70	01d66ab3	or	x21,x12,x29	 x12:0x00000000 x29:0x00000000 x21=0x00000000
     275755.000 ns	     27574	80005b74	00000013	addi	x0,x0,0	  x0:0x00000000
     275785.000 ns	     27577	80005b78	5807bdd3	fsqrt.s	f27,f15	 f15:0x80000000 f27=0x80000000
     275825.000 ns	     27581	80005b7c	18b4f053	fdiv.s	f0,f9,f11	  f9:0x7fc00000 f11:0xff800000  f0=0x7fc00000
     275845.000 ns	     27583	80005b80	00d8ec33	or	x24,x17,x13	 x17:0x00000000 x13:0x00081851 x24=0x00081851
     275865.000 ns	     27585	80005b84	03443333	mulhu	x6,x8,x20	  x8:0x00020000 x20:0x00000000  x6=0x00000000
     275885.000 ns	     27587	80005b88	003ac993	xori	x19,x21,3	 x21:0x00000000 x19=0x00000003
     275895.000 ns	     27588	80005b8c	008e63b3	or	x7,x28,x8	 x28:0x7fffffff  x8:0x00020000  x7=0x7fffffff
     275915.000 ns	     27590	80005b90	e0060f53	fmv.x.w	x30,f12	 f12:0xcf000410 x30=0xcf000410
     275935.000 ns	     27592	80005b94	00000013	addi	x0,x0,0	  x0:0x00000000
     275955.000 ns	     27594	80005b98	f0028053	fmv.w.x	f0,x5	  x5:0x80041024  f0=0x80041024
     275985.000 ns	     27597	80005b9c	f0048253	fmv.w.x	f4,x9	  x9:0xffffffff  f4=0xffffffff
     276005.000 ns	     27599	80005ba0	00d38833	add	x16,x7,x13	  x7:0x7fffffff x13:0x00081851 x16=0x80081850
     276015.000 ns	     27600	80005ba4	00bd6333	or	x6,x26,x11	 x26:0x00000000 x11:0x00000001  x6=0x00000001
     276035.000 ns	     27602	80005ba8	219c2453	fsgnjx.s	f8,f24,f25	 f24:0x7fc00000 f25:0xcefff94a  f8=0xffc00000
     276065.000 ns	     27605	80005bac	f0028253	fmv.w.x	f4,x5	  x5:0x80041024  f4=0x80041024
     276085.000 ns	     27607	80005bb0	00929a13	slli	x20,x5,0x9	  x5:0x80041024 x20=0x08204800
     276095.000 ns	     27608	80005bb4	00d80013	addi	x0,x16,13	 x16:0x80081850
     276105.000 ns	     27609	80005bb8	40518a33	sub	x20,x3,x5	  x3:0x00000000  x5:0x80041024 x20=0x7ffbefdc
     276125.000 ns	     27611	80005bbc	a13f8253	fle.s	x4,f31,f19	 f31:0xcefff94a f19:0x3f7fffae  x4=0x00000001
     276145.000 ns	     27613	80005bc0	01f8ff33	and	x30,x17,x31	 x17:0x00000000 x31:0x00000000 x30=0x00000000
     276155.000 ns	     27614	80005bc4	01296733	or	x14,x18,x18	 x18:0x00000000 x18:0x00000000 x14=0x00000000
     276175.000 ns	     27616	80005bc8	21f92dd3	fsgnjx.s	f27,f18,f31	 f18:0xff800000 f31:0xcefff94a f27=0x7f800000
     276205.000 ns	     27619	80005bcc	a0759f53	flt.s	x30,f11,f7	 f11:0xff800000  f7:0x5e8000b5 x30=0x00000001
     276255.000 ns	     27624	80005bd0	00c43753	fadd.s	f14,f8,f12	  f8:0xffc00000 f12:0xcf000410 f14=0x7fc00000
     276295.000 ns	     27628	80005bd4	580cf2d3	fsqrt.s	f5,f25	 f25:0xcefff94a  f5=0x7fc00000
     276315.000 ns	     27630	80005bd8	011f0cb3	add	x25,x30,x17	 x30:0x00000001 x17:0x00000000 x25=0x00000001
     276335.000 ns	     27632	80005bdc	037a3ab3	mulhu	x21,x20,x23	 x20:0x7ffbefdc x23:0x80040cfa x21=0x3ffffe5a
     276355.000 ns	     27634	80005be0	34dc3193	sltiu	x3,x24,845	 x24:0x00081851  x3=0x00000000
     276365.000 ns	     27635	80005be4	40dad333	sra	x6,x21,x13	 x21:0x3ffffe5a x13:0x00081851  x6=0x00001fff
     276385.000 ns	     27637	80005be8	d0082753	fcvt.s.w	f14,x16	 x16:0x80081850 f14=0xceffefd0
     276405.000 ns	     27639	80005bec	0104b933	sltu	x18,x9,x16	  x9:0xffffffff x16:0x80081850 x18=0x00000000
     276415.000 ns	     27640	80005bf0	43d0ec93	ori	x25,x1,1085	  x1:0x000003e2 x25=0x000007ff
     276425.000 ns	     27641	80005bf4	000dafb3	slt	x31,x27,x0	 x27:0x80040fe4  x0:0x00000000 x31=0x00000001
     276435.000 ns	     27642	80005bf8	07404193	xori	x3,x0,116	  x0:0x00000000  x3=0x00000074
     276455.000 ns	     27644	80005bfc	280301d3	fmin.s	f3,f6,f0	  f6:0x7fc00000  f0:0x80041024  f3=0x80041024
     276495.000 ns	     27648	80005c00	58087653	fsqrt.s	f12,f16	 f16:0xbf800000 f12=0x7fc00000
     276515.000 ns	     27650	80005c04	4f3afc17	auipc	x24,0x4f3af	 x24=0xcf3b4c04
     276525.000 ns	     27651	80005c08	01f510b3	sll	x1,x10,x31	 x10:0xf75ca184 x31:0x00000001  x1=0xeeb94308
     276535.000 ns	     27652	80005c0c	01c69d13	slli	x26,x13,0x1c	 x13:0x00081851 x26=0x10000000
     276555.000 ns	     27654	80005c10	c003f953	fcvt.w.s	x18,f7	  f7:0x5e8000b5 x18=0x7fffffff
     276575.000 ns	     27656	80005c14	63d72f93	slti	x31,x14,1597	 x14:0x00000000 x31=0x00000001
     276595.000 ns	     27658	80005c18	217e9e53	fsgnjn.s	f28,f29,f23	 f29:0x4717b800 f23:0xffc00000 f28=0x4717b800
     276635.000 ns	     27662	80005c1c	580072d3	fsqrt.s	f5,f0	  f0:0x80041024  f5=0x7fc00000
     276665.000 ns	     27665	80005c20	c01ba0d3	fcvt.wu.s	x1,f23	 f23:0xffc00000  x1=0xffffffff
     276685.000 ns	     27667	80005c24	401d5833	sra	x16,x26,x1	 x26:0x10000000  x1:0xeeb94308 x16=0x00000000
     277045.000 ns	     27703	80005c28	034ef833	remu	x16,x29,x20	 x29:0x00000000 x20:0x7ffbefdc x16=0x00000000
     277065.000 ns	     27705	80005c2c	4113da33	sra	x20,x7,x17	  x7:0x7fffffff x17:0x00000000 x20=0x7fffffff
     277085.000 ns	     27707	80005c30	d01c7a53	fcvt.s.wu	f20,x24	 x24:0xcf3b4c04 f20=0x4f4f3b4c
     277105.000 ns	     27709	80005c34	01df2c33	slt	x24,x30,x29	 x30:0x00000001 x29:0x00000000 x24=0x00000000
     277125.000 ns	     27711	80005c38	295791d3	fmax.s	f3,f15,f21	 f15:0x80000000 f21:0xcefff94a  f3=0x80000000
     277155.000 ns	     27714	80005c3c	d00e7953	fcvt.s.w	f18,x28	 x28:0x7fffffff f18=0x4effffff
     277175.000 ns	     27716	80005c40	0164bfb3	sltu	x31,x9,x22	  x9:0xffffffff x22:0x0952fafc x31=0x00000000
     277185.000 ns	     27717	80005c44	01e9b033	sltu	x0,x19,x30	 x19:0x00000003 x30:0x00000001
     277195.000 ns	     27718	80005c48	e8a5f613	andi	x12,x11,-374	 x11:0x00000001 x12=0x00000000
     277215.000 ns	     27720	80005c4c	c00d76d3	fcvt.w.s	x13,f26	 f26:0x7fc00000 x13=0x7fffffff
     277245.000 ns	     27723	80005c50	a10d0853	fle.s	x16,f26,f16	 f26:0x7fc00000 f16:0xbf800000 x16=0x00000000
     277265.000 ns	     27725	80005c54	f7e07013	andi	x0,x0,-130	  x0:0x00000000
     277275.000 ns	     27726	80005c58	018c0033	add	x0,x24,x24	 x24:0x00000000 x24:0x00000000
     277295.000 ns	     27728	80005c5c	027603b3	mul	x7,x12,x7	 x12:0x00000000  x7:0x7fffffff  x7=0x00000000
     277315.000 ns	     27730	80005c60	01bf5013	srli	x0,x30,0x1b	 x30:0x00000001
     277335.000 ns	     27732	80005c64	03512133	mulhsu	x2,x2,x21	  x2:0x000097b8 x21:0x3ffffe5a  x2=0x000025ed
     277375.000 ns	     27736	80005c68	5805a653	fsqrt.s	f12,f11	 f11:0xff800000 f12=0x7fc00000
     277745.000 ns	     27773	80005c6c	02da7833	remu	x16,x20,x13	 x20:0x7fffffff x13:0x7fffffff x16=0x00000000
     277775.000 ns	     27776	80005c70	e0078853	fmv.x.w	x16,f15	 f15:0x80000000 x16=0x80000000
     277805.000 ns	     27779	80005c74	031f1b33	mulh	x22,x30,x17	 x30:0x00000001 x17:0x00000000 x22=0x00000000
     277835.000 ns	     27782	80005c78	a11da453	feq.s	x8,f27,f17	 f27:0x7f800000 f17:0xf75dfff8  x8=0x00000000
     277855.000 ns	     27784	80005c7c	41bd5a13	srai	x20,x26,0x1b	 x26:0x10000000 x20=0x00000002
     277865.000 ns	     27785	80005c80	4823fd13	andi	x26,x7,1154	  x7:0x00000000 x26=0x00000000
     277875.000 ns	     27786	80005c84	29263413	sltiu	x8,x12,658	 x12:0x00000000  x8=0x00000001
     277895.000 ns	     27788	80005c88	a1681753	flt.s	x14,f16,f22	 f16:0xbf800000 f22:0x7fc00000 x14=0x00000000
     277915.000 ns	     27790	80005c8c	004b9833	sll	x16,x23,x4	 x23:0x80040cfa  x4:0x00000001 x16=0x000819f4
     277935.000 ns	     27792	80005c90	f0088d53	fmv.w.x	f26,x17	 x17:0x00000000 f26=0x00000000
     277955.000 ns	     27794	80005c94	1a5c91b7	lui	x3,0x1a5c9	  x3=0x1a5c9000
     277965.000 ns	     27795	80005c98	55c1b193	sltiu	x3,x3,1372	  x3:0x00000074  x3=0x00000000
     277975.000 ns	     27796	80005c9c	f3ef3a13	sltiu	x20,x30,-194	 x30:0x00000001 x20=0x00000001
     277985.000 ns	     27797	80005ca0	00770633	add	x12,x14,x7	 x14:0x00000000  x7:0x00000000 x12=0x00000000
     277995.000 ns	     27798	80005ca4	01dbdfb3	srl	x31,x23,x29	 x23:0x80040cfa x29:0x00000000 x31=0x80040cfa
     278005.000 ns	     27799	80005ca8	1ab70613	addi	x12,x14,427	 x14:0x00000000 x12=0x000001ab
     278015.000 ns	     27800	80005cac	406b0f33	sub	x30,x22,x6	 x22:0x00000000  x6:0x00001fff x30=0xffffe001
     278045.000 ns	     27803	80005cb0	5801f553	fsqrt.s	f10,f3	  f3:0x80000000 f10=0x80000000
     278065.000 ns	     27805	80005cb4	410d8733	sub	x14,x27,x16	 x27:0x80040fe4 x16:0x000819f4 x14=0x7ffbf5f0
     278075.000 ns	     27806	80005cb8	0092c233	xor	x4,x5,x9	  x5:0x80041024  x9:0xffffffff  x4=0x7ffbefdb
     278095.000 ns	     27808	80005cbc	03a8ccb3	div	x25,x17,x26	 x17:0x00000000 x26:0x00000000 x25=0xffffffff
     278125.000 ns	     27811	80005cc0	e0099353	fclass.s	x6,f19	 f19:0x3f7fffae  x6=0x00000040
     278145.000 ns	     27813	80005cc4	008595b3	sll	x11,x11,x8	 x11:0x00000001  x8:0x00000001 x11=0x00000002
     278155.000 ns	     27814	80005cc8	8a794f97	auipc	x31,0x8a794	 x31=0x0a799cc8
     278165.000 ns	     27815	80005ccc	8c2b3693	sltiu	x13,x22,-1854	 x22:0x00000000 x13=0x00000001
     278185.000 ns	     27817	80005cd0	c0123fd3	fcvt.wu.s	x31,f4	  f4:0x80041024 x31=0x00000000
     278215.000 ns	     27820	80005cd4	e00100d3	fmv.x.w	x1,f2	  f2:0x7fc00000  x1=0x7fc00000
     278235.000 ns	     27822	80005cd8	cf6d3413	sltiu	x8,x26,-778	 x26:0x00000000  x8=0x00000001
     278255.000 ns	     27824	80005cdc	c0049bd3	fcvt.w.s	x23,f9	  f9:0x7fc00000 x23=0x7fffffff
     278285.000 ns	     27827	80005ce0	2022a2d3	fsgnjx.s	f5,f5,f2	  f5:0x7fc00000  f2:0x7fc00000  f5=0x7fc00000
     278305.000 ns	     27829	80005ce4	589d0393	addi	x7,x26,1417	 x26:0x00000000  x7=0x00000589
     278325.000 ns	     27831	80005ce8	216a91d3	fsgnjn.s	f3,f21,f22	 f21:0xcefff94a f22:0x7fc00000  f3=0xcefff94a
     278345.000 ns	     27833	80005cec	d3930593	addi	x11,x6,-711	  x6:0x00000040 x11=0xfffffd79
     278365.000 ns	     27835	80005cf0	d01f18d3	fcvt.s.wu	f17,x30	 x30:0xffffe001 f17=0x4f7fffe0
     278395.000 ns	     27838	80005cf4	033b9d33	mulh	x26,x23,x19	 x23:0x7fffffff x19:0x00000003 x26=0x00000001
     278415.000 ns	     27840	80005cf8	00f7df13	srli	x30,x15,0xf	 x15:0xf75dfff8 x30=0x0001eebb
     278425.000 ns	     27841	80005cfc	00154eb3	xor	x29,x10,x1	 x10:0xf75ca184  x1:0x7fc00000 x29=0x889ca184
     278445.000 ns	     27843	80005d00	d00871d3	fcvt.s.w	f3,x16	 x16:0x000819f4  f3=0x49019f40
     278465.000 ns	     27845	80005d04	b7377e93	andi	x29,x14,-1165	 x14:0x7ffbf5f0 x29=0x7ffbf170
     278475.000 ns	     27846	80005d08	013d6c33	or	x24,x26,x19	 x26:0x00000001 x19:0x00000003 x24=0x00000003
     278835.000 ns	     27882	80005d0c	03234633	div	x12,x6,x18	  x6:0x00000040 x18:0x7fffffff x12=0x00000000
     278855.000 ns	     27884	80005d10	407bd013	srai	x0,x23,0x7	 x23:0x7fffffff
     278875.000 ns	     27886	80005d14	e00e1653	fclass.s	x12,f28	 f28:0x4717b800 x12=0x00000040
     278915.000 ns	     27890	80005d18	580f3a53	fsqrt.s	f20,f30	 f30:0x80000000 f20=0x80000000
     278945.000 ns	     27893	80005d1c	0319ea33	rem	x20,x19,x17	 x19:0x00000003 x17:0x00000000 x20=0x00000003
     278985.000 ns	     27897	80005d20	580c4bd3	fsqrt.s	f23,f24	 f24:0x7fc00000 f23=0x7fc00000
     279015.000 ns	     27900	80005d24	f0098053	fmv.w.x	f0,x19	 x19:0x00000003  f0=0x00000003
     279045.000 ns	     27903	80005d28	28f097d3	fmax.s	f15,f1,f15	  f1:0x7fc00000 f15:0x80000000 f15=0x80000000
     279065.000 ns	     27905	80005d2c	c8d40e13	addi	x28,x8,-883	  x8:0x00000001 x28=0xfffffc8e
     279085.000 ns	     27907	80005d30	e00e0b53	fmv.x.w	x22,f28	 f28:0x4717b800 x22=0x4717b800
     279125.000 ns	     27911	80005d34	193dfdd3	fdiv.s	f27,f27,f19	 f27:0x7f800000 f19:0x3f7fffae f27=0x7f800000
     279145.000 ns	     27913	80005d38	7de96997	auipc	x19,0x7de96	 x19=0xfde9bd38
     279155.000 ns	     27914	80005d3c	0087e7b3	or	x15,x15,x8	 x15:0xf75dfff8  x8:0x00000001 x15=0xf75dfff9
     279175.000 ns	     27916	80005d40	d0149353	fcvt.s.wu	f6,x9	  x9:0xffffffff  f6=0x4f7fffff
     279195.000 ns	     27918	80005d44	90ff0093	addi	x1,x30,-1777	 x30:0x0001eebb  x1=0x0001e7ca
     279205.000 ns	     27919	80005d48	82e98e13	addi	x28,x19,-2002	 x19:0xfde9bd38 x28=0xfde9b566
     279215.000 ns	     27920	80005d4c	a16de113	ori	x2,x27,-1514	 x27:0x80040fe4  x2=0xfffffff6
     279235.000 ns	     27922	80005d50	20f90c53	fsgnj.s	f24,f18,f15	 f18:0x4effffff f15:0x80000000 f24=0xceffffff
     279265.000 ns	     27925	80005d54	022d1bb3	mulh	x23,x26,x2	 x26:0x00000001  x2:0x000025ed x23=0xffffffff
     279305.000 ns	     27929	80005d58	580a1ed3	fsqrt.s	f29,f20	 f20:0x80000000 f29=0x80000000
     279335.000 ns	     27932	80005d5c	03e29633	mulh	x12,x5,x30	  x5:0x80041024 x30:0x0001eebb x12=0xffff08aa
     279705.000 ns	     27969	80005d60	03e161b3	rem	x3,x2,x30	  x2:0xfffffff6 x30:0x0001eebb  x3=0xfffffff6
     279735.000 ns	     27972	80005d64	a17da3d3	feq.s	x7,f27,f23	 f27:0x7f800000 f23:0x7fc00000  x7=0x00000000
     279755.000 ns	     27974	80005d68	00389d13	slli	x26,x17,0x3	 x17:0x00000000 x26=0x00000000
     279775.000 ns	     27976	80005d6c	296a91d3	fmax.s	f3,f21,f22	 f21:0xcefff94a f22:0x7fc00000  f3=0xcefff94a
     279805.000 ns	     27979	80005d70	03ecabb3	mulhsu	x23,x25,x30	 x25:0xffffffff x30:0x0001eebb x23=0xffffffff
     279825.000 ns	     27981	80005d74	80afaa13	slti	x20,x31,-2038	 x31:0x00000000 x20=0x00000000
     279845.000 ns	     27983	80005d78	f00e0753	fmv.w.x	f14,x28	 x28:0xfde9b566 f14=0xfde9b566
     279875.000 ns	     27986	80005d7c	2021aad3	fsgnjx.s	f21,f3,f2	  f3:0xcefff94a  f2:0x7fc00000 f21=0xcefff94a
     280245.000 ns	     28023	80005d80	024de333	rem	x6,x27,x4	 x27:0x80040fe4  x4:0x7ffbefdb  x6=0xffffffbf
     280275.000 ns	     28026	80005d84	0236b3b3	mulhu	x7,x13,x3	 x13:0x00000001  x3:0xfffffff6  x7=0x00000000
     280305.000 ns	     28029	80005d88	296317d3	fmax.s	f15,f6,f22	  f6:0x4f7fffff f22:0x7fc00000 f15=0x4f7fffff
     280345.000 ns	     28033	80005d8c	113d7253	fmul.s	f4,f26,f19	 f26:0x00000000 f19:0x3f7fffae  f4=0x00000000
     280375.000 ns	     28036	80005d90	219226d3	fsgnjx.s	f13,f4,f25	  f4:0x80041024 f25:0xcefff94a f13=0x80000000
     280395.000 ns	     28038	80005d94	0163d393	srli	x7,x7,0x16	  x7:0x00000000  x7=0x00000000
     280415.000 ns	     28040	80005d98	e0028e53	fmv.x.w	x28,f5	  f5:0x7fc00000 x28=0x7fc00000
     280445.000 ns	     28043	80005d9c	a07987d3	fle.s	x15,f19,f7	 f19:0x3f7fffae  f7:0x5e8000b5 x15=0x00000001
     280815.000 ns	     28080	80005da0	03ca43b3	div	x7,x20,x28	 x20:0x00000000 x28:0x7fc00000  x7=0x00000000
     280845.000 ns	     28083	80005da4	a0f195d3	flt.s	x11,f3,f15	  f3:0xcefff94a f15:0x4f7fffff x11=0x00000001
     280875.000 ns	     28086	80005da8	28ad0bd3	fmin.s	f23,f26,f10	 f26:0x00000000 f10:0x80000000 f23=0x80000000
     280905.000 ns	     28089	80005dac	030795b3	mulh	x11,x15,x16	 x15:0x00000001 x16:0x000819f4 x11=0x00000000
     280945.000 ns	     28093	80005db0	1875a0d3	fdiv.s	f1,f11,f7	 f11:0xff800000  f7:0x5e8000b5  f1=0xff800000
     280975.000 ns	     28096	80005db4	c001a053	fcvt.w.s	x0,f3	  f3:0xcefff94a
     280995.000 ns	     28098	80005db8	4e988197	auipc	x3,0x4e988	  x3=0xce98ddb8
     281005.000 ns	     28099	80005dbc	41ccd133	sra	x2,x25,x28	 x25:0xffffffff x28:0x7fc00000  x2=0xffffffff
     281365.000 ns	     28135	80005dc0	02e5f633	remu	x12,x11,x14	 x11:0x00000000 x14:0x7ffbf5f0 x12=0x00000000
     281385.000 ns	     28137	80005dc4	1c47e697	auipc	x13,0x1c47e	 x13=0x9c483dc4
     281405.000 ns	     28139	80005dc8	031f5033	divu	x0,x30,x17	 x30:0x0001eebb x17:0x00000000
     281425.000 ns	     28141	80005dcc	019e1793	slli	x15,x28,0x19	 x28:0x7fc00000 x15=0x00000000
     281435.000 ns	     28142	80005dd0	004d2633	slt	x12,x26,x4	 x26:0x00000000  x4:0x7ffbefdb x12=0x00000001
     281445.000 ns	     28143	80005dd4	40528733	sub	x14,x5,x5	  x5:0x80041024  x5:0x80041024 x14=0x00000000
     281455.000 ns	     28144	80005dd8	00479493	slli	x9,x15,0x4	 x15:0x00000000  x9=0x00000000
     281465.000 ns	     28145	80005ddc	014210b3	sll	x1,x4,x20	  x4:0x7ffbefdb x20:0x00000000  x1=0x7ffbefdb
     281485.000 ns	     28147	80005de0	c01b7253	fcvt.wu.s	x4,f22	 f22:0x7fc00000  x4=0xffffffff
     281505.000 ns	     28149	80005de4	41fa5a93	srai	x21,x20,0x1f	 x20:0x00000000 x21=0x00000000
     281525.000 ns	     28151	80005de8	e0001ed3	fclass.s	x29,f0	  f0:0x00000003 x29=0x00000020
     281545.000 ns	     28153	80005dec	41565f93	srai	x31,x12,0x15	 x12:0x00000001 x31=0x00000000
     281565.000 ns	     28155	80005df0	02d9b233	mulhu	x4,x19,x13	 x19:0xfde9bd38 x13:0x9c483dc4  x4=0x9b02164e
     281615.000 ns	     28160	80005df4	01c07dd3	fadd.s	f27,f0,f28	  f0:0x00000003 f28:0x4717b800 f27=0x4717b800
     281645.000 ns	     28163	80005df8	033ab633	mulhu	x12,x21,x19	 x21:0x00000000 x19:0xfde9bd38 x12=0x00000000
     281675.000 ns	     28166	80005dfc	201ea9d3	fsgnjx.s	f19,f29,f1	 f29:0x80000000  f1:0xff800000 f19=0x00000000
     281695.000 ns	     28168	80005e00	0183d313	srli	x6,x7,0x18	  x7:0x00000000  x6=0x00000000
     281705.000 ns	     28169	80005e04	0133fe33	and	x28,x7,x19	  x7:0x00000000 x19:0xfde9bd38 x28=0x00000000
     281725.000 ns	     28171	80005e08	c00f71d3	fcvt.w.s	x3,f30	 f30:0x80000000  x3=0x00000000
     281755.000 ns	     28174	80005e0c	a1160e53	fle.s	x28,f12,f17	 f12:0x7fc00000 f17:0x4f7fffe0 x28=0x00000000
     281775.000 ns	     28176	80005e10	01b01813	slli	x16,x0,0x1b	  x0:0x00000000 x16=0x00000000
     281785.000 ns	     28177	80005e14	00d39993	slli	x19,x7,0xd	  x7:0x00000000 x19=0x00000000
     281805.000 ns	     28179	80005e18	d0052cd3	fcvt.s.w	f25,x10	 x10:0xf75ca184 f25=0xcd0a35e8
     281825.000 ns	     28181	80005e1c	419f5fb3	sra	x31,x30,x25	 x30:0x0001eebb x25:0xffffffff x31=0x00000000
     281835.000 ns	     28182	80005e20	fa047d13	andi	x26,x8,-96	  x8:0x00000001 x26=0x00000000
     281845.000 ns	     28183	80005e24	00000013	addi	x0,x0,0	  x0:0x00000000
     281865.000 ns	     28185	80005e28	026c09b3	mul	x19,x24,x6	 x24:0x00000003  x6:0x00000000 x19=0x00000000
     281895.000 ns	     28188	80005e2c	200722d3	fsgnjx.s	f5,f14,f0	 f14:0xfde9b566  f0:0x00000003  f5=0xfde9b566
     281925.000 ns	     28191	80005e30	02089133	mulh	x2,x17,x0	 x17:0x00000000  x0:0x00000000  x2=0x00000000
     281945.000 ns	     28193	80005e34	8bbc3a93	sltiu	x21,x24,-1861	 x24:0x00000003 x21=0x00000001
     281965.000 ns	     28195	80005e38	284c13d3	fmax.s	f7,f24,f4	 f24:0xceffffff  f4:0x00000000  f7=0x00000000
     281995.000 ns	     28198	80005e3c	03e63933	mulhu	x18,x12,x30	 x12:0x00000000 x30:0x0001eebb x18=0x00000000
     282015.000 ns	     28200	80005e40	01be4733	xor	x14,x28,x27	 x28:0x00000000 x27:0x80040fe4 x14=0x80040fe4
     282035.000 ns	     28202	80005e44	d00f7e53	fcvt.s.w	f28,x30	 x30:0x0001eebb f28=0x47f75d80
     282065.000 ns	     28205	80005e48	a067a6d3	feq.s	x13,f15,f6	 f15:0x4f7fffff  f6:0x4f7fffff x13=0x00000001
     282085.000 ns	     28207	80005e4c	004b1213	slli	x4,x22,0x4	 x22:0x4717b800  x4=0x717b8000
     282095.000 ns	     28208	80005e50	b9b2f613	andi	x12,x5,-1125	  x5:0x80041024 x12=0x80041000
     282115.000 ns	     28210	80005e54	03b99633	mulh	x12,x19,x27	 x19:0x00000000 x27:0x80040fe4 x12=0x00000000
     282135.000 ns	     28212	80005e58	00268ab3	add	x21,x13,x2	 x13:0x00000001  x2:0x00000000 x21=0x00000001
     282145.000 ns	     28213	80005e5c	01394cb3	xor	x25,x18,x19	 x18:0x00000000 x19:0x00000000 x25=0x00000000
     282165.000 ns	     28215	80005e60	f0070a53	fmv.w.x	f20,x14	 x14:0x80040fe4 f20=0x80040fe4
     282185.000 ns	     28217	80005e64	00397833	and	x16,x18,x3	 x18:0x00000000  x3:0x00000000 x16=0x00000000
     282205.000 ns	     28219	80005e68	d01cf7d3	fcvt.s.wu	f15,x25	 x25:0x00000000 f15=0x00000000
     282235.000 ns	     28222	80005e6c	20ac03d3	fsgnj.s	f7,f24,f10	 f24:0xceffffff f10:0x80000000  f7=0xceffffff
     282575.000 ns	     28256	80005e70	183a7553	fdiv.s	f10,f20,f3	 f20:0x80040fe4  f3:0xcefff94a f10=0x00000000
     282595.000 ns	     28258	80005e74	c669a313	slti	x6,x19,-922	 x19:0x00000000  x6=0x00000000
     282605.000 ns	     28259	80005e78	88b44217	auipc	x4,0x88b44	  x4=0x08b49e78
     282615.000 ns	     28260	80005e7c	f61aa793	slti	x15,x21,-159	 x21:0x00000001 x15=0x00000000
     282625.000 ns	     28261	80005e80	a665a093	slti	x1,x11,-1434	 x11:0x00000000  x1=0x00000000
     282655.000 ns	     28264	80005e84	580671d3	fsqrt.s	f3,f12	 f12:0x7fc00000  f3=0x7fc00000
     282675.000 ns	     28266	80005e88	0e1bc713	xori	x14,x23,225	 x23:0xffffffff x14=0xffffff1e
     282685.000 ns	     28267	80005e8c	00f39233	sll	x4,x7,x15	  x7:0x00000000 x15:0x00000000  x4=0x00000000
     282705.000 ns	     28269	80005e90	a05a01d3	fle.s	x3,f20,f5	 f20:0x80040fe4  f5:0xfde9b566  x3=0x00000000
     282725.000 ns	     28271	80005e94	16e4bf13	sltiu	x30,x9,366	  x9:0x00000000 x30=0x00000001
     283055.000 ns	     28304	80005e98	190e43d3	fdiv.s	f7,f28,f16	 f28:0x47f75d80 f16:0xbf800000  f7=0xc77fcfc2
     283085.000 ns	     28307	80005e9c	282e1153	fmax.s	f2,f28,f2	 f28:0x47f75d80  f2:0x7fc00000  f2=0x47f75d80
     283105.000 ns	     28309	80005ea0	0f812b13	slti	x22,x2,248	  x2:0x00000000 x22=0x00000001
     283125.000 ns	     28311	80005ea4	21ea8ed3	fsgnj.s	f29,f21,f30	 f21:0xcefff94a f30:0x80000000 f29=0xcefff94a
     283155.000 ns	     28314	80005ea8	e0031bd3	fclass.s	x23,f6	  f6:0x4f7fffff x23=0x00000040
     283175.000 ns	     28316	80005eac	00396f33	or	x30,x18,x3	 x18:0x00000000  x3:0x00000000 x30=0x00000000
     284345.000 ns	     28433	80005eb0	580949d3	fsqrt.s	f19,f18	 f18:0x4effffff f19=0x473504ab
     284685.000 ns	     28467	80005eb4	193ff153	fdiv.s	f2,f31,f19	 f31:0xcefff94a f19:0x00000000  f2=0xc70e0025
     284715.000 ns	     28470	80005eb8	21b42153	fsgnjx.s	f2,f8,f27	  f8:0xffc00000 f27:0x4717b800  f2=0xffc00000
     284745.000 ns	     28473	80005ebc	c006f953	fcvt.w.s	x18,f13	 f13:0x80000000 x18=0x00000000
     284775.000 ns	     28476	80005ec0	030aabb3	mulhsu	x23,x21,x16	 x21:0x00000001 x16:0x00000000 x23=0x00000000
     284805.000 ns	     28479	80005ec4	0249c833	div	x16,x19,x4	 x19:0x00000000  x4:0x00000000 x16=0xffffffff
     284825.000 ns	     28481	80005ec8	41185b13	srai	x22,x16,0x11	 x16:0x00000000 x22=0xffffffff
     284845.000 ns	     28483	80005ecc	c00af453	fcvt.w.s	x8,f21	 f21:0xcefff94a  x8=0x7ffca500
     284865.000 ns	     28485	80005ed0	000f4eb3	xor	x29,x30,x0	 x30:0x00000000  x0:0x00000000 x29=0x00000000
     285225.000 ns	     28521	80005ed4	036ef3b3	remu	x7,x29,x22	 x29:0x00000020 x22:0xffffffff  x7=0x00000000
     285255.000 ns	     28524	80005ed8	29128a53	fmin.s	f20,f5,f17	  f5:0xfde9b566 f17:0x4f7fffe0 f20=0xfde9b566
     285285.000 ns	     28527	80005edc	d0187fd3	fcvt.s.wu	f31,x16	 x16:0xffffffff f31=0x4f7fffff
     285305.000 ns	     28529	80005ee0	41020233	sub	x4,x4,x16	  x4:0x00000000 x16:0xffffffff  x4=0x00000001
     285315.000 ns	     28530	80005ee4	00102433	slt	x8,x0,x1	  x0:0x00000000  x1:0x00000000  x8=0x00000000
     285335.000 ns	     28532	80005ee8	a0ec2253	feq.s	x4,f24,f14	 f24:0xceffffff f14:0xfde9b566  x4=0x00000000
     285365.000 ns	     28535	80005eec	206aaed3	fsgnjx.s	f29,f21,f6	 f21:0xcefff94a  f6:0x4f7fffff f29=0xcefff94a
     285735.000 ns	     28572	80005ef0	03bf5cb3	divu	x25,x30,x27	 x30:0x00000000 x27:0x80040fe4 x25=0x00000000
     285765.000 ns	     28575	80005ef4	a0fcaa53	feq.s	x20,f25,f15	 f25:0xcd0a35e8 f15:0x00000000 x20=0x00000000
     285795.000 ns	     28578	80005ef8	02b78433	mul	x8,x15,x11	 x15:0x00000000 x11:0x00000000  x8=0x00000000
     285815.000 ns	     28580	80005efc	00000013	addi	x0,x0,0	  x0:0x00000000
     285835.000 ns	     28582	80005f00	033bcab3	div	x21,x23,x19	 x23:0x00000000 x19:0x00000000 x21=0xffffffff
     286205.000 ns	     28619	80005f04	03625bb3	divu	x23,x4,x22	  x4:0x00000000 x22:0xffffffff x23=0x00000000
     286245.000 ns	     28623	80005f08	18664d53	fdiv.s	f26,f12,f6	 f12:0x7fc00000  f6:0x4f7fffff f26=0x7fc00000
     286265.000 ns	     28625	80005f0c	01bd08b3	add	x17,x26,x27	 x26:0x00000000 x27:0x80040fe4 x17=0x80040fe4
     286285.000 ns	     28627	80005f10	c0047853	fcvt.w.s	x16,f8	  f8:0xffc00000 x16=0x7fffffff
     286305.000 ns	     28629	80005f14	0131ecb3	or	x25,x3,x19	  x3:0x00000000 x19:0x00000000 x25=0x00000000
     286325.000 ns	     28631	80005f18	a02191d3	flt.s	x3,f3,f2	  f3:0x7fc00000  f2:0xffc00000  x3=0x00000000
     286355.000 ns	     28634	80005f1c	219918d3	fsgnjn.s	f17,f18,f25	 f18:0x4effffff f25:0xcd0a35e8 f17=0x4effffff
     286375.000 ns	     28636	80005f20	beaa2b93	slti	x23,x20,-1046	 x20:0x00000000 x23=0x00000000
     286395.000 ns	     28638	80005f24	e00b91d3	fclass.s	x3,f23	 f23:0x80000000  x3=0x00000008
     286425.000 ns	     28641	80005f28	03541eb3	mulh	x29,x8,x21	  x8:0x00000000 x21:0xffffffff x29=0x00000000
     286765.000 ns	     28675	80005f2c	185291d3	fdiv.s	f3,f5,f5	  f5:0xfde9b566  f5:0xfde9b566  f3=0x3f69b566
     286785.000 ns	     28677	80005f30	0121db93	srli	x23,x3,0x12	  x3:0x00000008 x23=0x00000000
     286805.000 ns	     28679	80005f34	d019ffd3	fcvt.s.wu	f31,x19	 x19:0x00000000 f31=0x00000000
     286835.000 ns	     28682	80005f38	283797d3	fmax.s	f15,f15,f3	 f15:0x00000000  f3:0x3f69b566 f15=0x3f69b566
     286865.000 ns	     28685	80005f3c	29ea88d3	fmin.s	f17,f21,f30	 f21:0xcefff94a f30:0x80000000 f17=0xcefff94a
     286885.000 ns	     28687	80005f40	58d46413	ori	x8,x8,1421	  x8:0x00000000  x8=0x0000058d
     286905.000 ns	     28689	80005f44	034478b3	remu	x17,x8,x20	  x8:0x00000000 x20:0x00000000 x17=0x0000058d
     286925.000 ns	     28691	80005f48	00d48ab3	add	x21,x9,x13	  x9:0x00000000 x13:0x00000001 x21=0x00000001
     287285.000 ns	     28727	80005f4c	031b4433	div	x8,x22,x17	 x22:0xffffffff x17:0x0000058d  x8=0x00000000
     287655.000 ns	     28764	80005f50	0302ebb3	rem	x23,x5,x16	  x5:0x80041024 x16:0x7fffffff x23=0x80041024
     287695.000 ns	     28768	80005f54	19e54253	fdiv.s	f4,f10,f30	 f10:0x00000000 f30:0x80000000  f4=0x7fc00000
     287715.000 ns	     28770	80005f58	00031bb3	sll	x23,x6,x0	  x6:0x00000000  x0:0x00000000 x23=0x00000000
     287735.000 ns	     28772	80005f5c	a0128353	fle.s	x6,f5,f1	  f5:0xfde9b566  f1:0xff800000  x6=0x00000000
     287755.000 ns	     28774	80005f60	017c79b3	and	x19,x24,x23	 x24:0x00000003 x23:0x80041024 x19=0x00000000
     288115.000 ns	     28810	80005f64	02a7c8b3	div	x17,x15,x10	 x15:0x00000000 x10:0xf75ca184 x17=0x00000000
     288135.000 ns	     28812	80005f68	011934b3	sltu	x9,x18,x17	 x18:0x00000000 x17:0x0000058d  x9=0x00000000
     288155.000 ns	     28814	80005f6c	03d050b3	divu	x1,x0,x29	  x0:0x00000000 x29:0x00000000  x1=0xffffffff
     288185.000 ns	     28817	80005f70	20368453	fsgnj.s	f8,f13,f3	 f13:0x80000000  f3:0x3f69b566  f8=0x00000000
     288215.000 ns	     28820	80005f74	023e2c33	mulhsu	x24,x28,x3	 x28:0x00000000  x3:0x00000008 x24=0x00000000
     288235.000 ns	     28822	80005f78	40275e13	srai	x28,x14,0x2	 x14:0xffffff1e x28=0xffffffc7
     288245.000 ns	     28823	80005f7c	018845b3	xor	x11,x16,x24	 x16:0x7fffffff x24:0x00000000 x11=0x7fffffff
     288255.000 ns	     28824	80005f80	015f5893	srli	x17,x30,0x15	 x30:0x00000000 x17=0x00000000
     288275.000 ns	     28826	80005f84	a1b60153	fle.s	x2,f12,f27	 f12:0x7fc00000 f27:0x4717b800  x2=0x00000000
     288295.000 ns	     28828	80005f88	00ad5e13	srli	x28,x26,0xa	 x26:0x00000000 x28=0x00000000
     288315.000 ns	     28830	80005f8c	e0009c53	fclass.s	x24,f1	  f1:0xff800000 x24=0x00000001
     288345.000 ns	     28833	80005f90	02267633	remu	x12,x12,x2	 x12:0x00000000  x2:0x00000000 x12=0x00000000
     288375.000 ns	     28836	80005f94	f0050cd3	fmv.w.x	f25,x10	 x10:0xf75ca184 f25=0xf75ca184
     288395.000 ns	     28838	80005f98	a8c7f937	lui	x18,0xa8c7f	 x18=0xa8c7f000
     288405.000 ns	     28839	80005f9c	40e201b3	sub	x3,x4,x14	  x4:0x00000000 x14:0xffffff1e  x3=0x000000e2
     288415.000 ns	     28840	80005fa0	1e5943b7	lui	x7,0x1e594	  x7=0x1e594000
     288445.000 ns	     28843	80005fa4	11cb41d3	fmul.s	f3,f22,f28	 f22:0x7fc00000 f28:0x47f75d80  f3=0x7fc00000
     288465.000 ns	     28845	80005fa8	26e78313	addi	x6,x15,622	 x15:0x00000000  x6=0x0000026e
     288475.000 ns	     28846	80005fac	413958b3	sra	x17,x18,x19	 x18:0xa8c7f000 x19:0x00000000 x17=0xa8c7f000
     288495.000 ns	     28848	80005fb0	203883d3	fsgnj.s	f7,f17,f3	 f17:0xcefff94a  f3:0x7fc00000  f7=0x4efff94a
     288525.000 ns	     28851	80005fb4	a0661d53	flt.s	x26,f12,f6	 f12:0x7fc00000  f6:0x4f7fffff x26=0x00000000
     288545.000 ns	     28853	80005fb8	003773b3	and	x7,x14,x3	 x14:0xffffff1e  x3:0x000000e2  x7=0x00000002
     288555.000 ns	     28854	80005fbc	00000013	addi	x0,x0,0	  x0:0x00000000
     288575.000 ns	     28856	80005fc0	21b58253	fsgnj.s	f4,f11,f27	 f11:0xff800000 f27:0x4717b800  f4=0x7f800000
     288605.000 ns	     28859	80005fc4	f0018553	fmv.w.x	f10,x3	  x3:0x000000e2 f10=0x000000e2
     288635.000 ns	     28862	80005fc8	20fbad53	fsgnjx.s	f26,f23,f15	 f23:0x80000000 f15:0x3f69b566 f26=0x80000000
     288655.000 ns	     28864	80005fcc	68118237	lui	x4,0x68118	  x4=0x68118000
     288675.000 ns	     28866	80005fd0	02e6a8b3	mulhsu	x17,x13,x14	 x13:0x00000001 x14:0xffffff1e x17=0x00000000
     288695.000 ns	     28868	80005fd4	41dd8833	sub	x16,x27,x29	 x27:0x80040fe4 x29:0x00000000 x16=0x80040fe4
     288705.000 ns	     28869	80005fd8	41248233	sub	x4,x9,x18	  x9:0x00000000 x18:0xa8c7f000  x4=0x57381000
     288725.000 ns	     28871	80005fdc	a0f50b53	fle.s	x22,f10,f15	 f10:0x000000e2 f15:0x3f69b566 x22=0x00000001
     288745.000 ns	     28873	80005fe0	0023da93	srli	x21,x7,0x2	  x7:0x00000002 x21=0x00000000
     288765.000 ns	     28875	80005fe4	c0013653	fcvt.w.s	x12,f2	  f2:0xffc00000 x12=0x7fffffff
     288805.000 ns	     28879	80005fe8	11917fd3	fmul.s	f31,f2,f25	  f2:0xffc00000 f25:0xf75ca184 f31=0x7fc00000
     288825.000 ns	     28881	80005fec	01ec1e13	slli	x28,x24,0x1e	 x24:0x00000001 x28=0x40000000
     288835.000 ns	     28882	80005ff0	00100bb3	add	x23,x0,x1	  x0:0x00000000  x1:0xffffffff x23=0xffffffff
     288855.000 ns	     28884	80005ff4	03baa7b3	mulhsu	x15,x21,x27	 x21:0x00000000 x27:0x80040fe4 x15=0x00000000
     288875.000 ns	     28886	80005ff8	013f2133	slt	x2,x30,x19	 x30:0x00000000 x19:0x00000000  x2=0x00000000
     288885.000 ns	     28887	80005ffc	012c1c13	slli	x24,x24,0x12	 x24:0x00000001 x24=0x00040000
     288895.000 ns	     28888	80006000	01788b33	add	x22,x17,x23	 x17:0x00000000 x23:0xffffffff x22=0xffffffff
     288915.000 ns	     28890	80006004	0268b6b3	mulhu	x13,x17,x6	 x17:0x00000000  x6:0x0000026e x13=0x00000000
     288955.000 ns	     28894	80006008	101687d3	fmul.s	f15,f13,f1	 f13:0x80000000  f1:0xff800000 f15=0x7fc00000
     288985.000 ns	     28897	8000600c	a13418d3	flt.s	x17,f8,f19	  f8:0x00000000 f19:0x473504ab x17=0x00000001
     289005.000 ns	     28899	80006010	41845b93	srai	x23,x8,0x18	  x8:0x00000000 x23=0x00000000
     289025.000 ns	     28901	80006014	e00f84d3	fmv.x.w	x9,f31	 f31:0x7fc00000  x9=0x7fc00000
     289055.000 ns	     28904	80006018	201981d3	fsgnj.s	f3,f19,f1	 f19:0x473504ab  f1:0xff800000  f3=0xc73504ab
     289075.000 ns	     28906	8000601c	41a903b3	sub	x7,x18,x26	 x18:0xa8c7f000 x26:0x00000000  x7=0xa8c7f000
     289095.000 ns	     28908	80006020	03428833	mul	x16,x5,x20	  x5:0x80041024 x20:0x00000000 x16=0x00000000
     289465.000 ns	     28945	80006024	024f5a33	divu	x20,x30,x4	 x30:0x00000000  x4:0x57381000 x20=0x00000000
     289495.000 ns	     28948	80006028	02631333	mulh	x6,x6,x6	  x6:0x0000026e  x6:0x0000026e  x6=0x00000000
     289515.000 ns	     28950	8000602c	97336893	ori	x17,x6,-1677	  x6:0x0000026e x17=0xfffff973
     289525.000 ns	     28951	80006030	3e7ca897	auipc	x17,0x3e7ca	 x17=0xbe7d0030
     289545.000 ns	     28953	80006034	e0080153	fmv.x.w	x2,f16	 f16:0xbf800000  x2=0xbf800000
     289575.000 ns	     28956	80006038	21ec09d3	fsgnj.s	f19,f24,f30	 f24:0xceffffff f30:0x80000000 f19=0xceffffff
     289945.000 ns	     28993	8000603c	022ac133	div	x2,x21,x2	 x21:0x00000000  x2:0xbf800000  x2=0x00000000
     289975.000 ns	     28996	80006040	21780453	fsgnj.s	f8,f16,f23	 f16:0xbf800000 f23:0x80000000  f8=0xbf800000
     290005.000 ns	     28999	80006044	a0ccae53	feq.s	x28,f25,f12	 f25:0xf75ca184 f12:0x7fc00000 x28=0x00000000
     290025.000 ns	     29001	80006048	00f205b3	add	x11,x4,x15	  x4:0x57381000 x15:0x00000000 x11=0x57381000
     290055.000 ns	     29004	8000604c	101e3153	fmul.s	f2,f28,f1	 f28:0x47f75d80  f1:0xff800000  f2=0xff800000
     290085.000 ns	     29007	80006050	a1a12653	feq.s	x12,f2,f26	  f2:0xffc00000 f26:0x80000000 x12=0x00000000
     290105.000 ns	     29009	80006054	01864633	xor	x12,x12,x24	 x12:0x7fffffff x24:0x00040000 x12=0x00040000
     290125.000 ns	     29011	80006058	03fb5733	divu	x14,x22,x31	 x22:0xffffffff x31:0x00000000 x14=0xffffffff
     290155.000 ns	     29014	8000605c	e00601d3	fmv.x.w	x3,f12	 f12:0x7fc00000  x3=0x7fc00000
     290185.000 ns	     29017	80006060	c0187753	fcvt.wu.s	x14,f16	 f16:0xbf800000 x14=0x00000001
     290205.000 ns	     29019	80006064	00000013	addi	x0,x0,0	  x0:0x00000000
     290225.000 ns	     29021	80006068	295210d3	fmax.s	f1,f4,f21	  f4:0x7f800000 f21:0xcefff94a  f1=0x7f800000
     290245.000 ns	     29023	8000606c	018190b3	sll	x1,x3,x24	  x3:0x7fc00000 x24:0x00040000  x1=0x7fc00000
     290265.000 ns	     29025	80006070	03d69233	mulh	x4,x13,x29	 x13:0x00000000 x29:0x00000000  x4=0x00000000
     290295.000 ns	     29028	80006074	c01bfc53	fcvt.wu.s	x24,f23	 f23:0x80000000 x24=0x00000000
     290315.000 ns	     29030	80006078	e55aa593	slti	x11,x21,-427	 x21:0x00000000 x11=0x00000000
     290325.000 ns	     29031	8000607c	0128de13	srli	x28,x17,0x12	 x17:0xbe7d0030 x28=0x00002f9f
     290335.000 ns	     29032	80006080	00000013	addi	x0,x0,0	  x0:0x00000000
     290345.000 ns	     29033	80006084	418fdbb3	sra	x23,x31,x24	 x31:0x00000000 x24:0x00000000 x23=0x00000000
     290365.000 ns	     29035	80006088	02671a33	mulh	x20,x14,x6	 x14:0x00000001  x6:0x00000000 x20=0x00000000
     290395.000 ns	     29038	8000608c	213920d3	fsgnjx.s	f1,f18,f19	 f18:0x4effffff f19:0xceffffff  f1=0xceffffff
     290445.000 ns	     29043	80006090	0847fcd3	fsub.s	f25,f15,f4	 f15:0x7fc00000  f4:0x7f800000 f25=0x7fc00000
     290475.000 ns	     29046	80006094	0201c0b3	div	x1,x3,x0	  x3:0x7fc00000  x0:0x00000000  x1=0xffffffff
     290525.000 ns	     29051	80006098	00fbf753	fadd.s	f14,f23,f15	 f23:0x80000000 f15:0x7fc00000 f14=0x7fc00000
     290555.000 ns	     29054	8000609c	c017fc53	fcvt.wu.s	x24,f15	 f15:0x7fc00000 x24=0xffffffff
     290585.000 ns	     29057	800060a0	03585c33	divu	x24,x16,x21	 x16:0x00000000 x21:0x00000000 x24=0xffffffff
     290615.000 ns	     29060	800060a4	a0c49f53	flt.s	x30,f9,f12	  f9:0x7fc00000 f12:0x7fc00000 x30=0x00000000
     290635.000 ns	     29062	800060a8	00999313	slli	x6,x19,0x9	 x19:0x00000000  x6=0x00000000
     290645.000 ns	     29063	800060ac	00398cb3	add	x25,x19,x3	 x19:0x00000000  x3:0x7fc00000 x25=0x7fc00000
     290665.000 ns	     29065	800060b0	20ae04d3	fsgnj.s	f9,f28,f10	 f28:0x47f75d80 f10:0x000000e2  f9=0x47f75d80
     290695.000 ns	     29068	800060b4	a0d81b53	flt.s	x22,f16,f13	 f16:0xbf800000 f13:0x80000000 x22=0x00000001
     290715.000 ns	     29070	800060b8	01c811b3	sll	x3,x16,x28	 x16:0x00000000 x28:0x00002f9f  x3=0x00000000
     290735.000 ns	     29072	800060bc	03744033	div	x0,x8,x23	  x8:0x00000000 x23:0x00000000
     290755.000 ns	     29074	800060c0	40c7df33	sra	x30,x15,x12	 x15:0x00000000 x12:0x00040000 x30=0x00000000
     290775.000 ns	     29076	800060c4	025433b3	mulhu	x7,x8,x5	  x8:0x00000000  x5:0x80041024  x7=0x00000000
     290795.000 ns	     29078	800060c8	00423eb3	sltu	x29,x4,x4	  x4:0x00000000  x4:0x00000000 x29=0x00000000
     290805.000 ns	     29079	800060cc	006e2d33	slt	x26,x28,x6	 x28:0x00002f9f  x6:0x00000000 x26=0x00000000
     290815.000 ns	     29080	800060d0	5fb44437	lui	x8,0x5fb44	  x8=0x5fb44000
     290825.000 ns	     29081	800060d4	00a19b13	slli	x22,x3,0xa	  x3:0x00000000 x22=0x00000000
     290845.000 ns	     29083	800060d8	287106d3	fmin.s	f13,f2,f7	  f2:0xff800000  f7:0x4efff94a f13=0xff800000
     290865.000 ns	     29085	800060dc	00c76233	or	x4,x14,x12	 x14:0x00000001 x12:0x00040000  x4=0x00040001
     290875.000 ns	     29086	800060e0	00a383b3	add	x7,x7,x10	  x7:0x00000000 x10:0xf75ca184  x7=0xf75ca184
     290885.000 ns	     29087	800060e4	01985f13	srli	x30,x16,0x19	 x16:0x00000000 x30=0x00000000
     290915.000 ns	     29090	800060e8	11747dd3	fmul.s	f27,f8,f23	  f8:0xbf800000 f23:0x80000000 f27=0x00000000
     290945.000 ns	     29093	800060ec	d004bdd3	fcvt.s.w	f27,x9	  x9:0x7fc00000 f27=0x4eff8000
     290965.000 ns	     29095	800060f0	0150df33	srl	x30,x1,x21	  x1:0xffffffff x21:0x00000000 x30=0xffffffff
     290985.000 ns	     29097	800060f4	033ae833	rem	x16,x21,x19	 x21:0x00000000 x19:0x00000000 x16=0x00000000
     291015.000 ns	     29100	800060f8	03659fb3	mulh	x31,x11,x22	 x11:0x00000000 x22:0x00000000 x31=0x00000000
     291035.000 ns	     29102	800060fc	0150b433	sltu	x8,x1,x21	  x1:0xffffffff x21:0x00000000  x8=0x00000000
     291055.000 ns	     29104	80006100	d00ff153	fcvt.s.w	f2,x31	 x31:0x00000000  f2=0x00000000
     291075.000 ns	     29106	80006104	01f09333	sll	x6,x1,x31	  x1:0xffffffff x31:0x00000000  x6=0xffffffff
     291085.000 ns	     29107	80006108	663ca093	slti	x1,x25,1635	 x25:0x7fc00000  x1=0x00000000
     291095.000 ns	     29108	8000610c	01cad093	srli	x1,x21,0x1c	 x21:0x00000000  x1=0x00000000
     291105.000 ns	     29109	80006110	01a21493	slli	x9,x4,0x1a	  x4:0x00040001  x9=0x04000000
     291125.000 ns	     29111	80006114	02bba3b3	mulhsu	x7,x23,x11	 x23:0x00000000 x11:0x00000000  x7=0x00000000
     291145.000 ns	     29113	80006118	00000013	addi	x0,x0,0	  x0:0x00000000
     291165.000 ns	     29115	8000611c	20b818d3	fsgnjn.s	f17,f16,f11	 f16:0xbf800000 f11:0xff800000 f17=0x3f800000
     291185.000 ns	     29117	80006120	00000013	addi	x0,x0,0	  x0:0x00000000
     291215.000 ns	     29120	80006124	11b3f0d3	fmul.s	f1,f7,f27	  f7:0x4efff94a f27:0x4eff8000  f1=0x5e7f794d
     291235.000 ns	     29122	80006128	3cd2f493	andi	x9,x5,973	  x5:0x80041024  x9=0x00000004
     291245.000 ns	     29123	8000612c	66097f93	andi	x31,x18,1632	 x18:0xa8c7f000 x31=0x00000000
     291265.000 ns	     29125	80006130	d0029153	fcvt.s.w	f2,x5	  x5:0x80041024  f2=0xcefff7df
     291305.000 ns	     29129	80006134	5805be53	fsqrt.s	f28,f11	 f11:0xff800000 f28=0x7fc00000
     291335.000 ns	     29132	80006138	035d7c33	remu	x24,x26,x21	 x26:0x00000000 x21:0x00000000 x24=0x00000000
     291365.000 ns	     29135	8000613c	d0178bd3	fcvt.s.wu	f23,x15	 x15:0x00000000 f23=0x00000000
     291405.000 ns	     29139	80006140	58078b53	fsqrt.s	f22,f15	 f15:0x7fc00000 f22=0x7fc00000
     291425.000 ns	     29141	80006144	fae87213	andi	x4,x16,-82	 x16:0x00000000  x4=0x00000000
     291435.000 ns	     29142	80006148	0106e9b3	or	x19,x13,x16	 x13:0x00000000 x16:0x00000000 x19=0x00000000
     291455.000 ns	     29144	8000614c	c004fed3	fcvt.w.s	x29,f9	  f9:0x47f75d80 x29=0x0001eebb
     291485.000 ns	     29147	80006150	03acb833	mulhu	x16,x25,x26	 x25:0x7fc00000 x26:0x00000000 x16=0x00000000
     291505.000 ns	     29149	80006154	d5c34893	xori	x17,x6,-676	  x6:0xffffffff x17=0x000002a3
     291525.000 ns	     29151	80006158	c00a4f53	fcvt.w.s	x30,f20	 f20:0xfde9b566 x30=0x80000000
     291545.000 ns	     29153	8000615c	00ae04b3	add	x9,x28,x10	 x28:0x00002f9f x10:0xf75ca184  x9=0xf75cd123
     291565.000 ns	     29155	80006160	28248a53	fmin.s	f20,f9,f2	  f9:0x47f75d80  f2:0xcefff7df f20=0xcefff7df
     291615.000 ns	     29160	80006164	0072f653	fadd.s	f12,f5,f7	  f5:0xfde9b566  f7:0x4efff94a f12=0xfde9b566
     291635.000 ns	     29162	80006168	d67ec893	xori	x17,x29,-665	 x29:0x0001eebb x17=0xfffe13dc
     291655.000 ns	     29164	8000616c	a08907d3	fle.s	x15,f18,f8	 f18:0x4effffff  f8:0xbf800000 x15=0x00000000
     291675.000 ns	     29166	80006170	01564033	xor	x0,x12,x21	 x12:0x00040000 x21:0x00000000
     291695.000 ns	     29168	80006174	a1862ed3	feq.s	x29,f12,f24	 f12:0xfde9b566 f24:0xceffffff x29=0x00000000
     291735.000 ns	     29172	80006178	10ca71d3	fmul.s	f3,f20,f12	 f20:0xcefff7df f12:0xfde9b566  f3=0x7f800000
     291755.000 ns	     29174	8000617c	01cce833	or	x16,x25,x28	 x25:0x7fc00000 x28:0x00002f9f x16=0x7fc02f9f
     291775.000 ns	     29176	80006180	020d7eb3	remu	x29,x26,x0	 x26:0x00000000  x0:0x00000000 x29=0x00000000
     291805.000 ns	     29179	80006184	e00a05d3	fmv.x.w	x11,f20	 f20:0xcefff7df x11=0xcefff7df
     291825.000 ns	     29181	80006188	00979093	slli	x1,x15,0x9	 x15:0x00000000  x1=0x00000000
     291845.000 ns	     29183	8000618c	03a56433	rem	x8,x10,x26	 x10:0xf75ca184 x26:0x00000000  x8=0xf75ca184
     291865.000 ns	     29185	80006190	ffc7fc93	andi	x25,x15,-4	 x15:0x00000000 x25=0x00000000
     291885.000 ns	     29187	80006194	215d08d3	fsgnj.s	f17,f26,f21	 f26:0x80000000 f21:0xcefff94a f17=0x80000000
     291905.000 ns	     29189	80006198	010aa6b3	slt	x13,x21,x16	 x21:0x00000000 x16:0x7fc02f9f x13=0x00000001
     291925.000 ns	     29191	8000619c	03a28bb3	mul	x23,x5,x26	  x5:0x80041024 x26:0x00000000 x23=0x00000000
     291945.000 ns	     29193	800061a0	01152f33	slt	x30,x10,x17	 x10:0xf75ca184 x17:0xfffe13dc x30=0x00000001
     291955.000 ns	     29194	800061a4	01579933	sll	x18,x15,x21	 x15:0x00000000 x21:0x00000000 x18=0x00000000
     291975.000 ns	     29196	800061a8	e00a0753	fmv.x.w	x14,f20	 f20:0xcefff7df x14=0xcefff7df
     292345.000 ns	     29233	800061ac	03b5ea33	rem	x20,x11,x27	 x11:0xcefff7df x27:0x80040fe4 x20=0xcefff7df
     292365.000 ns	     29235	800061b0	40cc54b3	sra	x9,x24,x12	 x24:0x00000000 x12:0x00040000  x9=0x00000000
     292385.000 ns	     29237	800061b4	a0dd08d3	fle.s	x17,f26,f13	 f26:0x80000000 f13:0xff800000 x17=0x00000000
     292405.000 ns	     29239	800061b8	01155393	srli	x7,x10,0x11	 x10:0xf75ca184  x7=0x00007bae
     292415.000 ns	     29240	800061bc	000aa733	slt	x14,x21,x0	 x21:0x00000000  x0:0x00000000 x14=0x00000000
     292425.000 ns	     29241	800061c0	01e81b13	slli	x22,x16,0x1e	 x16:0x7fc02f9f x22=0xc0000000
     292435.000 ns	     29242	800061c4	460a7717	auipc	x14,0x460a7	 x14=0xc60ad1c4
     292475.000 ns	     29246	800061c8	098b73d3	fsub.s	f7,f22,f24	 f22:0x7fc00000 f24:0xceffffff  f7=0x7fc00000
     292495.000 ns	     29248	800061cc	00000013	addi	x0,x0,0	  x0:0x00000000
     292505.000 ns	     29249	800061d0	84df2613	slti	x12,x30,-1971	 x30:0x00000001 x12=0x00000000
     292515.000 ns	     29250	800061d4	01c21c33	sll	x24,x4,x28	  x4:0x00000000 x28:0x00002f9f x24=0x00000000
     292535.000 ns	     29252	800061d8	28f684d3	fmin.s	f9,f13,f15	 f13:0xff800000 f15:0x7fc00000  f9=0xff800000
     292555.000 ns	     29254	800061dc	000a1793	slli	x15,x20,0x0	 x20:0xcefff7df x15=0xcefff7df
     292565.000 ns	     29255	800061e0	00ca0133	add	x2,x20,x12	 x20:0xcefff7df x12:0x00000000  x2=0xcefff7df
     293735.000 ns	     29372	800061e4	580972d3	fsqrt.s	f5,f18	 f18:0x4effffff  f5=0x473504ab
     293765.000 ns	     29375	800061e8	03a114b3	mulh	x9,x2,x26	  x2:0x00000000 x26:0x00000000  x9=0x00000000
     293795.000 ns	     29378	800061ec	298a07d3	fmin.s	f15,f20,f24	 f20:0xcefff7df f24:0xceffffff f15=0xceffffff
     293815.000 ns	     29380	800061f0	00b09fb3	sll	x31,x1,x11	  x1:0x00000000 x11:0xcefff7df x31=0x00000000
     293825.000 ns	     29381	800061f4	4224b117	auipc	x2,0x4224b	  x2=0xc22511f4
     293845.000 ns	     29383	800061f8	d005f153	fcvt.s.w	f2,x11	 x11:0xcefff7df  f2=0xce440020
     293885.000 ns	     29387	800061fc	10abf753	fmul.s	f14,f23,f10	 f23:0x00000000 f10:0x000000e2 f14=0x00000000
     293905.000 ns	     29389	80006200	007a3133	sltu	x2,x20,x7	 x20:0xcefff7df  x7:0x00007bae  x2=0x00000000
     293925.000 ns	     29391	80006204	c00ea0d3	fcvt.w.s	x1,f29	 f29:0xcefff94a  x1=0x80035b00
     293945.000 ns	     29393	80006208	da6c1d17	auipc	x26,0xda6c1	 x26=0x5a6c7208
     293965.000 ns	     29395	8000620c	023bae33	mulhsu	x28,x23,x3	 x23:0x00000000  x3:0x00000000 x28=0x00000000
     293995.000 ns	     29398	80006210	03089133	mulh	x2,x17,x16	 x17:0x00000000 x16:0x7fc02f9f  x2=0x00000000
     294025.000 ns	     29401	80006214	d0027053	fcvt.s.w	f0,x4	  x4:0x00000000  f0=0x00000000
     294045.000 ns	     29403	80006218	ffdd7313	andi	x6,x26,-3	 x26:0x5a6c7208  x6=0x5a6c7208
     294065.000 ns	     29405	8000621c	029c6d33	rem	x26,x24,x9	 x24:0x00000000  x9:0x00000000 x26=0x00000000
     294095.000 ns	     29408	80006220	c007f8d3	fcvt.w.s	x17,f15	 f15:0xceffffff x17=0x7fffff80
     294115.000 ns	     29410	80006224	2ca2ce93	xori	x29,x5,714	  x5:0x80041024 x29=0x800412ee
     294145.000 ns	     29413	80006228	580d0753	fsqrt.s	f14,f26	 f26:0x80000000 f14=0x80000000
     294165.000 ns	     29415	8000622c	406fd713	srai	x14,x31,0x6	 x31:0x00000000 x14=0x00000000
     294175.000 ns	     29416	80006230	4042d333	sra	x6,x5,x4	  x5:0x80041024  x4:0x00000000  x6=0x80041024
     294195.000 ns	     29418	80006234	20690553	fsgnj.s	f10,f18,f6	 f18:0x4effffff  f6:0x4f7fffff f10=0x4effffff
     294225.000 ns	     29421	80006238	20ca2b53	fsgnjx.s	f22,f20,f12	 f20:0xcefff7df f12:0xfde9b566 f22=0x4efff7df
     294245.000 ns	     29423	8000623c	40508433	sub	x8,x1,x5	  x1:0x80035b00  x5:0x80041024  x8=0xffff4adc
     294255.000 ns	     29424	80006240	417a59b3	sra	x19,x20,x23	 x20:0xcefff7df x23:0x00000000 x19=0xcefff7df
     294295.000 ns	     29428	80006244	0813b4d3	fsub.s	f9,f7,f1	  f7:0x7fc00000  f1:0x5e7f794d  f9=0x7fc00000
     294335.000 ns	     29432	80006248	580a0fd3	fsqrt.s	f31,f20	 f20:0xcefff7df f31=0x7fc00000
     294365.000 ns	     29435	8000624c	026b20b3	mulhsu	x1,x22,x6	 x22:0xc0000000  x6:0x80041024  x1=0xdffefbf7
     294385.000 ns	     29437	80006250	000edc33	srl	x24,x29,x0	 x29:0x800412ee  x0:0x00000000 x24=0x800412ee
     294395.000 ns	     29438	80006254	01cdfb33	and	x22,x27,x28	 x27:0x80040fe4 x28:0x00000000 x22=0x00000000
     294415.000 ns	     29440	80006258	2185a253	fsgnjx.s	f4,f11,f24	 f11:0xff800000 f24:0xceffffff  f4=0x7f800000
     294435.000 ns	     29442	8000625c	e0930c13	addi	x24,x6,-503	  x6:0x80041024 x24=0x80040e2d
     294455.000 ns	     29444	80006260	a0011153	flt.s	x2,f2,f0	  f2:0xce440020  f0:0x00000000  x2=0x00000001
     294485.000 ns	     29447	80006264	03c4c7b3	div	x15,x9,x28	  x9:0x00000000 x28:0x00000000 x15=0xffffffff
     294505.000 ns	     29449	80006268	00fb97b3	sll	x15,x23,x15	 x23:0x00000000 x15:0xcefff7df x15=0x00000000
     294525.000 ns	     29451	8000626c	a0028d53	fle.s	x26,f5,f0	  f5:0x473504ab  f0:0x00000000 x26=0x00000000
     294555.000 ns	     29454	80006270	20dd9753	fsgnjn.s	f14,f27,f13	 f27:0x4eff8000 f13:0xff800000 f14=0x4eff8000
     294575.000 ns	     29456	80006274	01f7d333	srl	x6,x15,x31	 x15:0x00000000 x31:0x00000000  x6=0x00000000
     294595.000 ns	     29458	80006278	a0922a53	feq.s	x20,f4,f9	  f4:0x7f800000  f9:0x7fc00000 x20=0x00000000
     294625.000 ns	     29461	8000627c	a009a8d3	feq.s	x17,f19,f0	 f19:0xceffffff  f0:0x00000000 x17=0x00000000
     294655.000 ns	     29464	80006280	c01ebcd3	fcvt.wu.s	x25,f29	 f29:0xcefff94a x25=0x7ffca500
     294675.000 ns	     29466	80006284	0062fcb3	and	x25,x5,x6	  x5:0x80041024  x6:0x00000000 x25=0x00000000
     294695.000 ns	     29468	80006288	e0089053	fclass.s	x0,f17	 f17:0x80000000
     294725.000 ns	     29471	8000628c	d00bc4d3	fcvt.s.w	f9,x23	 x23:0x00000000  f9=0x00000000
     295095.000 ns	     29508	80006290	021d77b3	remu	x15,x26,x1	 x26:0x00000000  x1:0xdffefbf7 x15=0x00000000
     295115.000 ns	     29510	80006294	016e18b3	sll	x17,x28,x22	 x28:0x00000000 x22:0x00000000 x17=0x00000000
     295155.000 ns	     29514	80006298	082f70d3	fsub.s	f1,f30,f2	 f30:0x80000000  f2:0xce440020  f1=0x4e440020
     295175.000 ns	     29516	8000629c	3c7e0893	addi	x17,x28,967	 x28:0x00000000 x17=0x000003c7
     295195.000 ns	     29518	800062a0	a04f8f53	fle.s	x30,f31,f4	 f31:0x7fc00000  f4:0x7f800000 x30=0x00000000
     295225.000 ns	     29521	800062a4	c012f253	fcvt.wu.s	x4,f5	  f5:0x473504ab  x4=0x0000b504
     295245.000 ns	     29523	800062a8	5211b593	sltiu	x11,x3,1313	  x3:0x00000000 x11=0x00000001
     295255.000 ns	     29524	800062ac	00973bb3	sltu	x23,x14,x9	 x14:0x00000000  x9:0x00000000 x23=0x00000000
     295615.000 ns	     29560	800062b0	03b04eb3	div	x29,x0,x27	  x0:0x00000000 x27:0x80040fe4 x29=0x00000000
     295635.000 ns	     29562	800062b4	409a0d33	sub	x26,x20,x9	 x20:0x00000000  x9:0x00000000 x26=0x00000000
     295995.000 ns	     29598	800062b8	030e4b33	div	x22,x28,x16	 x28:0x00000000 x16:0x7fc02f9f x22=0x00000000
     296025.000 ns	     29601	800062bc	d003cb53	fcvt.s.w	f22,x7	  x7:0x00007bae f22=0x46f75c00
     296055.000 ns	     29604	800062c0	d0198e53	fcvt.s.wu	f28,x19	 x19:0xcefff7df f28=0x4f4efff8
     296075.000 ns	     29606	800062c4	00872eb3	slt	x29,x14,x8	 x14:0x00000000  x8:0xffff4adc x29=0x00000000
     296095.000 ns	     29608	800062c8	a1382653	feq.s	x12,f16,f19	 f16:0xbf800000 f19:0xceffffff x12=0x00000000
     296125.000 ns	     29611	800062cc	02c31733	mulh	x14,x6,x12	  x6:0x00000000 x12:0x00000000 x14=0x00000000
     296155.000 ns	     29614	800062d0	a0a21ad3	flt.s	x21,f4,f10	  f4:0x7f800000 f10:0x4effffff x21=0x00000000
     296185.000 ns	     29617	800062d4	03d971b3	remu	x3,x18,x29	 x18:0x00000000 x29:0x00000000  x3=0x00000000
     296205.000 ns	     29619	800062d8	00872d33	slt	x26,x14,x8	 x14:0x00000000  x8:0xffff4adc x26=0x00000000
     296215.000 ns	     29620	800062dc	017187b3	add	x15,x3,x23	  x3:0x00000000 x23:0x00000000 x15=0x00000000
     296225.000 ns	     29621	800062e0	4196d213	srai	x4,x13,0x19	 x13:0x00000001  x4=0x00000000
     296245.000 ns	     29623	800062e4	02ebbf33	mulhu	x30,x23,x14	 x23:0x00000000 x14:0x00000000 x30=0x00000000
     296265.000 ns	     29625	800062e8	01878133	add	x2,x15,x24	 x15:0x00000000 x24:0x80040e2d  x2=0x80040e2d
     296275.000 ns	     29626	800062ec	01b05a93	srli	x21,x0,0x1b	  x0:0x00000000 x21=0x00000000
     296285.000 ns	     29627	800062f0	00fd5ab3	srl	x21,x26,x15	 x26:0x00000000 x15:0x00000000 x21=0x00000000
     296305.000 ns	     29629	800062f4	28c90dd3	fmin.s	f27,f18,f12	 f18:0x4effffff f12:0xfde9b566 f27=0xfde9b566
     296335.000 ns	     29632	800062f8	286b0453	fmin.s	f8,f22,f6	 f22:0x46f75c00  f6:0x4f7fffff  f8=0x46f75c00
     296355.000 ns	     29634	800062fc	003a91b3	sll	x3,x21,x3	 x21:0x00000000  x3:0x00000000  x3=0x00000000
     296365.000 ns	     29635	80006300	00c6f233	and	x4,x13,x12	 x13:0x00000001 x12:0x00000000  x4=0x00000000
     296375.000 ns	     29636	80006304	416f0a33	sub	x20,x30,x22	 x30:0x00000000 x22:0x00000000 x20=0x00000000
     297545.000 ns	     29753	80006308	580b0ed3	fsqrt.s	f29,f22	 f22:0x46f75c00 f29=0x4331f018
     297575.000 ns	     29756	8000630c	a1002ed3	feq.s	x29,f0,f16	  f0:0x00000000 f16:0xbf800000 x29=0x00000000
     297595.000 ns	     29758	80006310	00000013	addi	x0,x0,0	  x0:0x00000000
     297605.000 ns	     29759	80006314	8c826397	auipc	x7,0x8c826	  x7=0x0c82c314
     297625.000 ns	     29761	80006318	a1e60453	fle.s	x8,f12,f30	 f12:0xfde9b566 f30:0x80000000  x8=0x00000001
     297645.000 ns	     29763	8000631c	004a5c13	srli	x24,x20,0x4	 x20:0x00000000 x24=0x00000000
     297655.000 ns	     29764	80006320	007714b3	sll	x9,x14,x7	 x14:0x00000000  x7:0x0c82c314  x9=0x00000000
     297675.000 ns	     29766	80006324	a0e82053	feq.s	x0,f16,f14	 f16:0xbf800000 f14:0x4eff8000
     297695.000 ns	     29768	80006328	00408a33	add	x20,x1,x4	  x1:0xdffefbf7  x4:0x00000000 x20=0xdffefbf7
     297705.000 ns	     29769	8000632c	00b500b3	add	x1,x10,x11	 x10:0xf75ca184 x11:0x00000001  x1=0xf75ca185
     297725.000 ns	     29771	80006330	03022933	mulhsu	x18,x4,x16	  x4:0x00000000 x16:0x7fc02f9f x18=0x00000000
     297755.000 ns	     29774	80006334	c0190cd3	fcvt.wu.s	x25,f18	 f18:0x4effffff x25=0x7fffff80
     297775.000 ns	     29776	80006338	00205a33	srl	x20,x0,x2	  x0:0x00000000  x2:0x80040e2d x20=0x00000000
     297795.000 ns	     29778	8000633c	d0131c53	fcvt.s.wu	f24,x6	  x6:0x00000000 f24=0x00000000
     297825.000 ns	     29781	80006340	d0132353	fcvt.s.wu	f6,x6	  x6:0x00000000  f6=0x00000000
     297845.000 ns	     29783	80006344	40d00933	sub	x18,x0,x13	  x0:0x00000000 x13:0x00000001 x18=0xffffffff
     297875.000 ns	     29786	80006348	580a2653	fsqrt.s	f12,f20	 f20:0xcefff7df f12=0x7fc00000
     297905.000 ns	     29789	8000634c	29028753	fmin.s	f14,f5,f16	  f5:0x473504ab f16:0xbf800000 f14=0xbf800000
     297935.000 ns	     29792	80006350	a0128f53	fle.s	x30,f5,f1	  f5:0x473504ab  f1:0x4e440020 x30=0x00000001
     297955.000 ns	     29794	80006354	248d0b93	addi	x23,x26,584	 x26:0x00000000 x23=0x00000248
     297975.000 ns	     29796	80006358	036573b3	remu	x7,x10,x22	 x10:0xf75ca184 x22:0x00000000  x7=0xf75ca184
     298015.000 ns	     29800	8000635c	18e3fcd3	fdiv.s	f25,f7,f14	  f7:0x7fc00000 f14:0xbf800000 f25=0x7fc00000
     298055.000 ns	     29804	80006360	10e8a553	fmul.s	f10,f17,f14	 f17:0x80000000 f14:0xbf800000 f10=0x00000000
     298075.000 ns	     29806	80006364	00184233	xor	x4,x16,x1	 x16:0x7fc02f9f  x1:0xf75ca185  x4=0x889c8e1a
     298115.000 ns	     29810	80006368	09f181d3	fsub.s	f3,f3,f31	  f3:0x7f800000 f31:0x7fc00000  f3=0x7fc00000
     298145.000 ns	     29813	8000636c	a0e823d3	feq.s	x7,f16,f14	 f16:0xbf800000 f14:0xbf800000  x7=0x00000001
     298175.000 ns	     29816	80006370	e0068f53	fmv.x.w	x30,f13	 f13:0xff800000 x30=0xff800000
     298205.000 ns	     29819	80006374	022ead33	mulhsu	x26,x29,x2	 x29:0x00000000  x2:0x80040e2d x26=0x00000000
     298225.000 ns	     29821	80006378	409c5413	srai	x8,x24,0x9	 x24:0x00000000  x8=0x00000000
     298235.000 ns	     29822	8000637c	c2cd2093	slti	x1,x26,-980	 x26:0x00000000  x1=0x00000000
     298265.000 ns	     29825	80006380	18cd0853	fdiv.s	f16,f26,f12	 f26:0x80000000 f12:0x7fc00000 f16=0x7fc00000
     298295.000 ns	     29828	80006384	21bfa9d3	fsgnjx.s	f19,f31,f27	 f31:0x7fc00000 f27:0xfde9b566 f19=0xffc00000
     298315.000 ns	     29830	80006388	01f61793	slli	x15,x12,0x1f	 x12:0x00000000 x15=0x00000000
     298325.000 ns	     29831	8000638c	46acae13	slti	x28,x25,1130	 x25:0x7fffff80 x28=0x00000000
     298335.000 ns	     29832	80006390	40850cb3	sub	x25,x10,x8	 x10:0xf75ca184  x8:0x00000000 x25=0xf75ca184
     298355.000 ns	     29834	80006394	c0081fd3	fcvt.w.s	x31,f16	 f16:0x7fc00000 x31=0x7fffffff
     298385.000 ns	     29837	80006398	a109a4d3	feq.s	x9,f19,f16	 f19:0xffc00000 f16:0x7fc00000  x9=0x00000000
     298415.000 ns	     29840	8000639c	d0179053	fcvt.s.wu	f0,x15	 x15:0x00000000  f0=0x00000000
     298435.000 ns	     29842	800063a0	98367017	auipc	x0,0x98367	
     298455.000 ns	     29844	800063a4	297f8ad3	fmin.s	f21,f31,f23	 f31:0x7fc00000 f23:0x00000000 f21=0x00000000
     298475.000 ns	     29846	800063a8	d211fb13	andi	x22,x3,-735	  x3:0x00000000 x22=0x00000000
     298485.000 ns	     29847	800063ac	00575933	srl	x18,x14,x5	 x14:0x00000000  x5:0x80041024 x18=0x00000000
     298495.000 ns	     29848	800063b0	40af8333	sub	x6,x31,x10	 x31:0x7fffffff x10:0xf75ca184  x6=0x88a35e7b
     298855.000 ns	     29884	800063b4	024c4333	div	x6,x24,x4	 x24:0x00000000  x4:0x889c8e1a  x6=0x00000000
     298885.000 ns	     29887	800063b8	21d9a953	fsgnjx.s	f18,f19,f29	 f19:0xffc00000 f29:0x4331f018 f18=0xffc00000
     298915.000 ns	     29890	800063bc	288a83d3	fmin.s	f7,f21,f8	 f21:0x00000000  f8:0x46f75c00  f7=0x00000000
     298935.000 ns	     29892	800063c0	00675313	srli	x6,x14,0x6	 x14:0x00000000  x6=0x00000000
     298945.000 ns	     29893	800063c4	ba8ff393	andi	x7,x31,-1112	 x31:0x7fffffff  x7=0x7ffffba8
     298965.000 ns	     29895	800063c8	0356ef33	rem	x30,x13,x21	 x13:0x00000001 x21:0x00000000 x30=0x00000001
     298995.000 ns	     29898	800063cc	c00173d3	fcvt.w.s	x7,f2	  f2:0xce440020  x7=0x31000800
     299015.000 ns	     29900	800063d0	01e0db13	srli	x22,x1,0x1e	  x1:0x00000000 x22=0x00000000
     299035.000 ns	     29902	800063d4	2097ac53	fsgnjx.s	f24,f15,f9	 f15:0xceffffff  f9:0x00000000 f24=0xceffffff
     300215.000 ns	     30020	800063d8	580477d3	fsqrt.s	f15,f8	  f8:0x46f75c00 f15=0x4331f018
     300245.000 ns	     30023	800063dc	c00e2453	fcvt.w.s	x8,f28	 f28:0x4f4efff8  x8=0x7fffffff
     300615.000 ns	     30060	800063e0	0398d5b3	divu	x11,x17,x25	 x17:0x000003c7 x25:0xf75ca184 x11=0x00000000
     300645.000 ns	     30063	800063e4	03475b33	divu	x22,x14,x20	 x14:0x00000000 x20:0x00000000 x22=0xffffffff
     300665.000 ns	     30065	800063e8	00c3bc33	sltu	x24,x7,x12	  x7:0x31000800 x12:0x00000000 x24=0x00000000
     300675.000 ns	     30066	800063ec	a7302a93	slti	x21,x0,-1421	  x0:0x00000000 x21=0x00000000
     300685.000 ns	     30067	800063f0	0fe97693	andi	x13,x18,254	 x18:0x00000000 x13=0x00000000
     300725.000 ns	     30071	800063f4	09909e53	fsub.s	f28,f1,f25	  f1:0x4e440020 f25:0x7fc00000 f28=0x7fc00000
     300755.000 ns	     30074	800063f8	02d429b3	mulhsu	x19,x8,x13	  x8:0x7fffffff x13:0x00000001 x19=0x00000000
     300775.000 ns	     30076	800063fc	00b22333	slt	x6,x4,x11	  x4:0x889c8e1a x11:0x00000000  x6=0x00000001
     300795.000 ns	     30078	80006400	28aa9253	fmax.s	f4,f21,f10	 f21:0x00000000 f10:0x00000000  f4=0x00000000
     300815.000 ns	     30080	80006404	5b38f113	andi	x2,x17,1459	 x17:0x000003c7  x2=0x00000183
     300825.000 ns	     30081	80006408	1edc6497	auipc	x9,0x1edc6	  x9=0x9edcc408
     300835.000 ns	     30082	8000640c	01d477b3	and	x15,x8,x29	  x8:0x7fffffff x29:0x00000000 x15=0x00000000
     300865.000 ns	     30085	80006410	5806c8d3	fsqrt.s	f17,f13	 f13:0xff800000 f17=0x7fc00000
     300895.000 ns	     30088	80006414	e0010f53	fmv.x.w	x30,f2	  f2:0xce440020 x30=0xce440020
     300915.000 ns	     30090	80006418	cda0a013	slti	x0,x1,-806	  x1:0x00000000
     300935.000 ns	     30092	8000641c	0277bbb3	mulhu	x23,x15,x7	 x15:0x00000000  x7:0x31000800 x23=0x00000000
     300955.000 ns	     30094	80006420	00000013	addi	x0,x0,0	  x0:0x00000000
     300985.000 ns	     30097	80006424	11ae7dd3	fmul.s	f27,f28,f26	 f28:0x7fc00000 f26:0x80000000 f27=0x7fc00000
     301025.000 ns	     30101	80006428	18cd4d53	fdiv.s	f26,f26,f12	 f26:0x80000000 f12:0x7fc00000 f26=0x7fc00000
     301065.000 ns	     30105	8000642c	100e4353	fmul.s	f6,f28,f0	 f28:0x7fc00000  f0:0x00000000  f6=0x7fc00000
     301095.000 ns	     30108	80006430	e0048353	fmv.x.w	x6,f9	  f9:0x00000000  x6=0x00000000
     301125.000 ns	     30111	80006434	c00174d3	fcvt.w.s	x9,f2	  f2:0xce440020  x9=0x31000800
     301145.000 ns	     30113	80006438	2f784e13	xori	x28,x16,759	 x16:0x7fc02f9f x28=0x7fc02d68
     301165.000 ns	     30115	8000643c	f0088653	fmv.w.x	f12,x17	 x17:0x000003c7 f12=0x000003c7
     301195.000 ns	     30118	80006440	287498d3	fmax.s	f17,f9,f7	  f9:0x00000000  f7:0x00000000 f17=0x00000000
     301225.000 ns	     30121	80006444	02d17f33	remu	x30,x2,x13	  x2:0x00000183 x13:0x00000000 x30=0x00000183
     301255.000 ns	     30124	80006448	a1969c53	flt.s	x24,f13,f25	 f13:0xff800000 f25:0x7fc00000 x24=0x00000000
     301285.000 ns	     30127	8000644c	d00cc6d3	fcvt.s.w	f13,x25	 x25:0xf75ca184 f13=0xcd0a35e8
     301315.000 ns	     30130	80006450	03e78733	mul	x14,x15,x30	 x15:0x00000000 x30:0x00000183 x14=0x00000000
     301335.000 ns	     30132	80006454	00d6c7b3	xor	x15,x13,x13	 x13:0x00000000 x13:0x00000000 x15=0x00000000
     301345.000 ns	     30133	80006458	00dbf8b3	and	x17,x23,x13	 x23:0x00000000 x13:0x00000000 x17=0x00000000
     301355.000 ns	     30134	8000645c	409403b3	sub	x7,x8,x9	  x8:0x7fffffff  x9:0x31000800  x7=0x4efff7ff
     301375.000 ns	     30136	80006460	217e2553	fsgnjx.s	f10,f28,f23	 f28:0x7fc00000 f23:0x00000000 f10=0x7fc00000
     301405.000 ns	     30139	80006464	207b8e53	fsgnj.s	f28,f23,f7	 f23:0x00000000  f7:0x00000000 f28=0x00000000
     301425.000 ns	     30141	80006468	c0b41b37	lui	x22,0xc0b41	 x22=0xc0b41000
     301445.000 ns	     30143	8000646c	f00b8253	fmv.w.x	f4,x23	 x23:0x00000000  f4=0x00000000
     301465.000 ns	     30145	80006470	01e89c93	slli	x25,x17,0x1e	 x17:0x00000000 x25=0x00000000
     301485.000 ns	     30147	80006474	a08d2853	feq.s	x16,f26,f8	 f26:0x7fc00000  f8:0x46f75c00 x16=0x00000000
     301505.000 ns	     30149	80006478	01197bb3	and	x23,x18,x17	 x18:0x00000000 x17:0x00000000 x23=0x00000000
     301525.000 ns	     30151	8000647c	e0099bd3	fclass.s	x23,f19	 f19:0xffc00000 x23=0x00000200
     301555.000 ns	     30154	80006480	e0041953	fclass.s	x18,f8	  f8:0x46f75c00 x18=0x00000040
     301595.000 ns	     30158	80006484	105ef7d3	fmul.s	f15,f29,f5	 f29:0x4331f018  f5:0x473504ab f15=0x4afba400
     301625.000 ns	     30161	80006488	20b21853	fsgnjn.s	f16,f4,f11	  f4:0x00000000 f11:0xff800000 f16=0x00000000
     301655.000 ns	     30164	8000648c	f00f04d3	fmv.w.x	f9,x30	 x30:0x00000183  f9=0x00000183
     301675.000 ns	     30166	80006490	41445eb3	sra	x29,x8,x20	  x8:0x7fffffff x20:0x00000000 x29=0x7fffffff
     301685.000 ns	     30167	80006494	00f788b3	add	x17,x15,x15	 x15:0x00000000 x15:0x00000000 x17=0x00000000
     301715.000 ns	     30170	80006498	58003fd3	fsqrt.s	f31,f0	  f0:0x00000000 f31=0x00000000
     301755.000 ns	     30174	8000649c	18e8bb53	fdiv.s	f22,f17,f14	 f17:0x00000000 f14:0xbf800000 f22=0x80000000
     301785.000 ns	     30177	800064a0	a15d1c53	flt.s	x24,f26,f21	 f26:0x7fc00000 f21:0x00000000 x24=0x00000000
     301805.000 ns	     30179	800064a4	0034a3b3	slt	x7,x9,x3	  x9:0x31000800  x3:0x00000000  x7=0x00000000
     302165.000 ns	     30215	800064a8	03dddc33	divu	x24,x27,x29	 x27:0x80040fe4 x29:0x7fffffff x24=0x00000001
     302195.000 ns	     30218	800064ac	030d0e33	mul	x28,x26,x16	 x26:0x00000000 x16:0x00000000 x28=0x00000000
     302225.000 ns	     30221	800064b0	f0038ed3	fmv.w.x	f29,x7	  x7:0x00000000 f29=0x00000000
     302255.000 ns	     30224	800064b4	a1d904d3	fle.s	x9,f18,f29	 f18:0xffc00000 f29:0x4331f018  x9=0x00000000
     302275.000 ns	     30226	800064b8	5a315f17	auipc	x30,0x5a315	 x30=0xda31b4b8
     302285.000 ns	     30227	800064bc	c66da393	slti	x7,x27,-922	 x27:0x80040fe4  x7=0x00000001
     302295.000 ns	     30228	800064c0	5f217b13	andi	x22,x2,1522	  x2:0x00000183 x22=0x00000182
     302325.000 ns	     30231	800064c4	10f5b653	fmul.s	f12,f11,f15	 f11:0xff800000 f15:0x4afba400 f12=0xff800000
     302345.000 ns	     30233	800064c8	012fd893	srli	x17,x31,0x12	 x31:0x7fffffff x17=0x00001fff
     302365.000 ns	     30235	800064cc	21639d53	fsgnjn.s	f26,f7,f22	  f7:0x00000000 f22:0x80000000 f26=0x00000000
     302385.000 ns	     30237	800064d0	00434f33	xor	x30,x6,x4	  x6:0x00000000  x4:0x889c8e1a x30=0x889c8e1a
     302425.000 ns	     30241	800064d4	01fc8bd3	fadd.s	f23,f25,f31	 f25:0x7fc00000 f31:0x00000000 f23=0x7fc00000
     302455.000 ns	     30244	800064d8	a00307d3	fle.s	x15,f6,f0	  f6:0x7fc00000  f0:0x00000000 x15=0x00000000
     302485.000 ns	     30247	800064dc	c01334d3	fcvt.wu.s	x9,f6	  f6:0x7fc00000  x9=0xffffffff
     302515.000 ns	     30250	800064e0	e0068853	fmv.x.w	x16,f13	 f13:0xcd0a35e8 x16=0xcd0a35e8
     302535.000 ns	     30252	800064e4	9bcc8093	addi	x1,x25,-1604	 x25:0x00000000  x1=0xfffff9bc
     302545.000 ns	     30253	800064e8	62979837	lui	x16,0x62979	 x16=0x62979000
     302555.000 ns	     30254	800064ec	003ee8b3	or	x17,x29,x3	 x29:0x7fffffff  x3:0x00000000 x17=0x7fffffff
     302565.000 ns	     30255	800064f0	1c90e993	ori	x19,x1,457	  x1:0xfffff9bc x19=0xfffff9fd
     302585.000 ns	     30257	800064f4	0396b9b3	mulhu	x19,x13,x25	 x13:0x00000000 x25:0x00000000 x19=0x00000000
     302625.000 ns	     30261	800064f8	10c97fd3	fmul.s	f31,f18,f12	 f18:0xffc00000 f12:0xff800000 f31=0x7fc00000
     302655.000 ns	     30264	800064fc	295281d3	fmin.s	f3,f5,f21	  f5:0x473504ab f21:0x00000000  f3=0x00000000
     302675.000 ns	     30266	80006500	004ba933	slt	x18,x23,x4	 x23:0x00000200  x4:0x889c8e1a x18=0x00000000
     302695.000 ns	     30268	80006504	a0bf9ed3	flt.s	x29,f31,f11	 f31:0x7fc00000 f11:0xff800000 x29=0x00000000
     302725.000 ns	     30271	80006508	0335fa33	remu	x20,x11,x19	 x11:0x00000000 x19:0x00000000 x20=0x00000000
     302745.000 ns	     30273	8000650c	504bc393	xori	x7,x23,1284	 x23:0x00000200  x7=0x00000704
     303105.000 ns	     30309	80006510	02144f33	div	x30,x8,x1	  x8:0x7fffffff  x1:0xfffff9bc x30=0xffeb9232
     303125.000 ns	     30311	80006514	401add33	sra	x26,x21,x1	 x21:0x00000000  x1:0xfffff9bc x26=0x00000000
     303145.000 ns	     30313	80006518	210bad53	fsgnjx.s	f26,f23,f16	 f23:0x7fc00000 f16:0x00000000 f26=0x7fc00000
     303175.000 ns	     30316	8000651c	d00d7953	fcvt.s.w	f18,x26	 x26:0x00000000 f18=0x00000000
     303205.000 ns	     30319	80006520	f0080ad3	fmv.w.x	f21,x16	 x16:0x62979000 f21=0x62979000
     303235.000 ns	     30322	80006524	03fb2ab3	mulhsu	x21,x22,x31	 x22:0x00000182 x31:0x7fffffff x21=0x000000c0
     303265.000 ns	     30325	80006528	21ee0e53	fsgnj.s	f28,f28,f30	 f28:0x00000000 f30:0x80000000 f28=0x80000000
     303285.000 ns	     30327	8000652c	00876433	or	x8,x14,x8	 x14:0x00000000  x8:0x7fffffff  x8=0x7fffffff
     303325.000 ns	     30331	80006530	0915ae53	fsub.s	f28,f11,f17	 f11:0xff800000 f17:0x00000000 f28=0xff800000
     303345.000 ns	     30333	80006534	4f224793	xori	x15,x4,1266	  x4:0x889c8e1a x15=0x889c8ae8
     303355.000 ns	     30334	80006538	0042d033	srl	x0,x5,x4	  x5:0x80041024  x4:0x889c8e1a
     303375.000 ns	     30336	8000653c	c00c83d3	fcvt.w.s	x7,f25	 f25:0x7fc00000  x7=0x7fffffff
     303405.000 ns	     30339	80006540	292d0ad3	fmin.s	f21,f26,f18	 f26:0x7fc00000 f18:0x00000000 f21=0x00000000
     303435.000 ns	     30342	80006544	d00df1d3	fcvt.s.w	f3,x27	 x27:0x80040fe4  f3=0xcefff7e0
     303465.000 ns	     30345	80006548	f0098e53	fmv.w.x	f28,x19	 x19:0x00000000 f28=0x00000000
     303485.000 ns	     30347	8000654c	005d5b93	srli	x23,x26,0x5	 x26:0x00000000 x23=0x00000000
     303525.000 ns	     30351	80006550	08e5fc53	fsub.s	f24,f11,f14	 f11:0xff800000 f14:0xbf800000 f24=0xff800000
     303555.000 ns	     30354	80006554	c00208d3	fcvt.w.s	x17,f4	  f4:0x00000000 x17=0x00000000
     303595.000 ns	     30358	80006558	11e24653	fmul.s	f12,f4,f30	  f4:0x00000000 f30:0x80000000 f12=0x80000000
     303615.000 ns	     30360	8000655c	001e35b3	sltu	x11,x28,x1	 x28:0x00000000  x1:0xfffff9bc x11=0x00000001
     303635.000 ns	     30362	80006560	20d928d3	fsgnjx.s	f17,f18,f13	 f18:0x00000000 f13:0xcd0a35e8 f17=0x80000000
     303655.000 ns	     30364	80006564	00901933	sll	x18,x0,x9	  x0:0x00000000  x9:0xffffffff x18=0x00000000
     303665.000 ns	     30365	80006568	01ad5cb3	srl	x25,x26,x26	 x26:0x00000000 x26:0x00000000 x25=0x00000000
     303685.000 ns	     30367	8000656c	c01375d3	fcvt.wu.s	x11,f6	  f6:0x7fc00000 x11=0xffffffff
     303715.000 ns	     30370	80006570	21959853	fsgnjn.s	f16,f11,f25	 f11:0xff800000 f25:0x7fc00000 f16=0xff800000
     303735.000 ns	     30372	80006574	004c5613	srli	x12,x24,0x4	 x24:0x00000001 x12=0x00000000
     303745.000 ns	     30373	80006578	01acdbb3	srl	x23,x25,x26	 x25:0x00000000 x26:0x00000000 x23=0x00000000
     303765.000 ns	     30375	8000657c	0399fbb3	remu	x23,x19,x25	 x19:0x00000000 x25:0x00000000 x23=0x00000000
     303785.000 ns	     30377	80006580	00000013	addi	x0,x0,0	  x0:0x00000000
     303805.000 ns	     30379	80006584	d0012953	fcvt.s.w	f18,x2	  x2:0x00000183 f18=0x43c18000
     303835.000 ns	     30382	80006588	21fb0cd3	fsgnj.s	f25,f22,f31	 f22:0x80000000 f31:0x7fc00000 f25=0x00000000
     303865.000 ns	     30385	8000658c	022a2833	mulhsu	x16,x20,x2	 x20:0x00000000  x2:0x00000183 x16=0x00000000
     303895.000 ns	     30388	80006590	c00c1b53	fcvt.w.s	x22,f24	 f24:0xff800000 x22=0x80000000
     303915.000 ns	     30390	80006594	e2867d13	andi	x26,x12,-472	 x12:0x00000000 x26=0x00000000
     303935.000 ns	     30392	80006598	03ae8233	mul	x4,x29,x26	 x29:0x00000000 x26:0x00000000  x4=0x00000000
     303955.000 ns	     30394	8000659c	00000013	addi	x0,x0,0	  x0:0x00000000
     303975.000 ns	     30396	800065a0	a1d08b53	fle.s	x22,f1,f29	  f1:0x4e440020 f29:0x00000000 x22=0x00000000
     303995.000 ns	     30398	800065a4	00799d13	slli	x26,x19,0x7	 x19:0x00000000 x26=0x00000000
     304005.000 ns	     30399	800065a8	012f9f93	slli	x31,x31,0x12	 x31:0x7fffffff x31=0xfffc0000
     304025.000 ns	     30401	800065ac	c006f9d3	fcvt.w.s	x19,f13	 f13:0xcd0a35e8 x19=0x08a35e80
     304055.000 ns	     30404	800065b0	c00c77d3	fcvt.w.s	x15,f24	 f24:0xff800000 x15=0x80000000
     304085.000 ns	     30407	800065b4	d0157ad3	fcvt.s.wu	f21,x10	 x10:0xf75ca184 f21=0x4f775ca1
     304135.000 ns	     30412	800065b8	008780d3	fadd.s	f1,f15,f8	 f15:0x4afba400  f8:0x46f75c00  f1=0x4afc9b5c
     304155.000 ns	     30414	800065bc	7963f193	andi	x3,x7,1942	  x7:0x7fffffff  x3=0x00000796
     304165.000 ns	     30415	800065c0	00f07033	and	x0,x0,x15	  x0:0x00000000 x15:0x80000000
     304195.000 ns	     30418	800065c4	199e34d3	fdiv.s	f9,f28,f25	 f28:0x00000000 f25:0x00000000  f9=0x7fc00000
     304235.000 ns	     30422	800065c8	19baf253	fdiv.s	f4,f21,f27	 f21:0x4f775ca1 f27:0x7fc00000  f4=0x7fc00000
     304605.000 ns	     30459	800065cc	0292d833	divu	x16,x5,x9	  x5:0x80041024  x9:0xffffffff x16=0x00000000
     304635.000 ns	     30462	800065d0	c004fc53	fcvt.w.s	x24,f9	  f9:0x7fc00000 x24=0x7fffffff
     304655.000 ns	     30464	800065d4	40498f33	sub	x30,x19,x4	 x19:0x08a35e80  x4:0x00000000 x30=0x08a35e80
     304675.000 ns	     30466	800065d8	a1910353	fle.s	x6,f2,f25	  f2:0xce440020 f25:0x00000000  x6=0x00000001
     304705.000 ns	     30469	800065dc	28170f53	fmin.s	f30,f14,f1	 f14:0xbf800000  f1:0x4afc9b5c f30=0xbf800000
     304725.000 ns	     30471	800065e0	0e37b713	sltiu	x14,x15,227	 x15:0x80000000 x14=0x00000000
     304745.000 ns	     30473	800065e4	f00b09d3	fmv.w.x	f19,x22	 x22:0x00000000 f19=0x00000000
     304765.000 ns	     30475	800065e8	00b11913	slli	x18,x2,0xb	  x2:0x00000183 x18=0x000c1800
     304805.000 ns	     30479	800065ec	09f7f853	fsub.s	f16,f15,f31	 f15:0x4afba400 f31:0x7fc00000 f16=0x7fc00000
     304825.000 ns	     30481	800065f0	41000bb3	sub	x23,x0,x16	  x0:0x00000000 x16:0x00000000 x23=0x00000000
     304835.000 ns	     30482	800065f4	b9babd13	sltiu	x26,x21,-1125	 x21:0x000000c0 x26=0x00000001
     304875.000 ns	     30486	800065f8	01f574d3	fadd.s	f9,f10,f31	 f10:0x7fc00000 f31:0x7fc00000  f9=0x7fc00000
     305245.000 ns	     30523	800065fc	03a8f5b3	remu	x11,x17,x26	 x17:0x00000000 x26:0x00000000 x11=0x00000000
     305615.000 ns	     30560	80006600	02fd5bb3	divu	x23,x26,x15	 x26:0x00000001 x15:0x80000000 x23=0x00000000
     305635.000 ns	     30562	80006604	00ab6e33	or	x28,x22,x10	 x22:0x00000000 x10:0xf75ca184 x28=0xf75ca184
     305675.000 ns	     30566	80006608	087ca4d3	fsub.s	f9,f25,f7	 f25:0x00000000  f7:0x00000000  f9=0x80000000
     305695.000 ns	     30568	8000660c	e0fc7093	andi	x1,x24,-497	 x24:0x7fffffff  x1=0x7ffffe0f
     305705.000 ns	     30569	80006610	00caf6b3	and	x13,x21,x12	 x21:0x000000c0 x12:0x00000000 x13=0x00000000
     305725.000 ns	     30571	80006614	02392033	mulhsu	x0,x18,x3	 x18:0x000c1800  x3:0x00000796
     305745.000 ns	     30573	80006618	1db33fb7	lui	x31,0x1db33	 x31=0x1db33000
     305765.000 ns	     30575	8000661c	020044b3	div	x9,x0,x0	  x0:0x00000000  x0:0x00000000  x9=0xffffffff
     305795.000 ns	     30578	80006620	a1f91c53	flt.s	x24,f18,f31	 f18:0x43c18000 f31:0x7fc00000 x24=0x00000000
     305815.000 ns	     30580	80006624	403f5113	srai	x2,x30,0x3	 x30:0x08a35e80  x2=0x01146bd0
     305825.000 ns	     30581	80006628	deec8193	addi	x3,x25,-530	 x25:0x00000000  x3=0xfffffdee
     305845.000 ns	     30583	8000662c	e0090753	fmv.x.w	x14,f18	 f18:0x43c18000 x14=0x43c18000
     305865.000 ns	     30585	80006630	af38bd17	auipc	x26,0xaf38b	 x26=0x2f391630
     305875.000 ns	     30586	80006634	00000013	addi	x0,x0,0	  x0:0x00000000
     305885.000 ns	     30587	80006638	00000013	addi	x0,x0,0	  x0:0x00000000
     305895.000 ns	     30588	8000663c	8e00af93	slti	x31,x1,-1824	  x1:0x7ffffe0f x31=0x00000000
     305905.000 ns	     30589	80006640	406cd013	srai	x0,x25,0x6	 x25:0x00000000
     305925.000 ns	     30591	80006644	29518353	fmin.s	f6,f3,f21	  f3:0xcefff7e0 f21:0x4f775ca1  f6=0xcefff7e0
     306295.000 ns	     30628	80006648	0214ec33	rem	x24,x9,x1	  x9:0xffffffff  x1:0x7ffffe0f x24=0xffffffff
     306315.000 ns	     30630	8000664c	00000013	addi	x0,x0,0	  x0:0x00000000
     306345.000 ns	     30633	80006650	188ef7d3	fdiv.s	f15,f29,f8	 f29:0x00000000  f8:0x46f75c00 f15=0x00000000
     306375.000 ns	     30636	80006654	03cb3c33	mulhu	x24,x22,x28	 x22:0x00000000 x28:0xf75ca184 x24=0x00000000
     306395.000 ns	     30638	80006658	18052213	slti	x4,x10,384	 x10:0xf75ca184  x4=0x00000001
     306415.000 ns	     30640	8000665c	c01c4d53	fcvt.wu.s	x26,f24	 f24:0xff800000 x26=0x00000000
     306445.000 ns	     30643	80006660	218628d3	fsgnjx.s	f17,f12,f24	 f12:0x80000000 f24:0xff800000 f17=0x00000000
     306475.000 ns	     30646	80006664	e0099ad3	fclass.s	x21,f19	 f19:0x00000000 x21=0x00000010
     306845.000 ns	     30683	80006668	02a4d633	divu	x12,x9,x10	  x9:0xffffffff x10:0xf75ca184 x12=0x00000001
     308025.000 ns	     30801	8000666c	58029653	fsqrt.s	f12,f5	  f5:0x473504ab f12=0x42ffff5c
     308045.000 ns	     30803	80006670	f5a43193	sltiu	x3,x8,-166	  x8:0x7fffffff  x3=0x00000001
     308065.000 ns	     30805	80006674	e00d0fd3	fmv.x.w	x31,f26	 f26:0x7fc00000 x31=0x7fc00000
     308085.000 ns	     30807	80006678	7f9b3493	sltiu	x9,x22,2041	 x22:0x00000000  x9=0x00000001
     308105.000 ns	     30809	8000667c	c01b3a53	fcvt.wu.s	x20,f22	 f22:0x80000000 x20=0x00000000
     308135.000 ns	     30812	80006680	a1942d53	feq.s	x26,f8,f25	  f8:0x46f75c00 f25:0x00000000 x26=0x00000000
     308165.000 ns	     30815	80006684	20c30b53	fsgnj.s	f22,f6,f12	  f6:0xcefff7e0 f12:0x42ffff5c f22=0x4efff7e0
     308185.000 ns	     30817	80006688	00000013	addi	x0,x0,0	  x0:0x00000000
     308195.000 ns	     30818	8000668c	00000013	addi	x0,x0,0	  x0:0x00000000
     308205.000 ns	     30819	80006690	0019c933	xor	x18,x19,x1	 x19:0x08a35e80  x1:0x7ffffe0f x18=0x775ca08f
     308215.000 ns	     30820	80006694	cae77013	andi	x0,x14,-850	 x14:0x43c18000
     308225.000 ns	     30821	80006698	da922b93	slti	x23,x4,-599	  x4:0x00000001 x23=0x00000000
     308235.000 ns	     30822	8000669c	009bd7b3	srl	x15,x23,x9	 x23:0x00000000  x9:0x00000001 x15=0x00000000
     308255.000 ns	     30824	800066a0	d0067a53	fcvt.s.w	f20,x12	 x12:0x00000001 f20=0x3f800000
     308275.000 ns	     30826	800066a4	405ad4b3	sra	x9,x21,x5	 x21:0x00000010  x5:0x80041024  x9=0x00000001
     308285.000 ns	     30827	800066a8	015cd433	srl	x8,x25,x21	 x25:0x00000000 x21:0x00000010  x8=0x00000000
     308295.000 ns	     30828	800066ac	418bd793	srai	x15,x23,0x18	 x23:0x00000000 x15=0x00000000
     308315.000 ns	     30830	800066b0	20472ad3	fsgnjx.s	f21,f14,f4	 f14:0xbf800000  f4:0x7fc00000 f21=0xbf800000
     308345.000 ns	     30833	800066b4	f0010f53	fmv.w.x	f30,x2	  x2:0x01146bd0 f30=0x01146bd0
     308375.000 ns	     30836	800066b8	a1f28853	fle.s	x16,f5,f31	  f5:0x473504ab f31:0x7fc00000 x16=0x00000000
     308405.000 ns	     30839	800066bc	28f083d3	fmin.s	f7,f1,f15	  f1:0x4afc9b5c f15:0x00000000  f7=0x00000000
     308435.000 ns	     30842	800066c0	a0281353	flt.s	x6,f16,f2	 f16:0x7fc00000  f2:0xce440020  x6=0x00000000
     308805.000 ns	     30879	800066c4	03e35933	divu	x18,x6,x30	  x6:0x00000001 x30:0x08a35e80 x18=0x00000000
     308825.000 ns	     30881	800066c8	36952593	slti	x11,x10,873	 x10:0xf75ca184 x11=0x00000001
     308845.000 ns	     30883	800066cc	d0009253	fcvt.s.w	f4,x1	  x1:0x7ffffe0f  f4=0x4efffffc
     308865.000 ns	     30885	800066d0	01851a33	sll	x20,x10,x24	 x10:0xf75ca184 x24:0x00000000 x20=0xf75ca184
     310035.000 ns	     31002	800066d4	580978d3	fsqrt.s	f17,f18	 f18:0x43c18000 f17=0x419d60e1
     310055.000 ns	     31004	800066d8	01f2a3b3	slt	x7,x5,x31	  x5:0x80041024 x31:0x7fc00000  x7=0x00000001
     310075.000 ns	     31006	800066dc	02da9233	mulh	x4,x21,x13	 x21:0x00000010 x13:0x00000000  x4=0x00000000
     310105.000 ns	     31009	800066e0	a1429253	flt.s	x4,f5,f20	  f5:0x473504ab f20:0x3f800000  x4=0x00000000
     310125.000 ns	     31011	800066e4	41445793	srai	x15,x8,0x14	  x8:0x00000000 x15=0x00000000
     310135.000 ns	     31012	800066e8	c631ef93	ori	x31,x3,-925	  x3:0x00000001 x31=0xfffffc63
     310145.000 ns	     31013	800066ec	01479013	slli	x0,x15,0x14	 x15:0x00000000
     310165.000 ns	     31015	800066f0	a11c8653	fle.s	x12,f25,f17	 f25:0x00000000 f17:0x419d60e1 x12=0x00000001
     310185.000 ns	     31017	800066f4	00d99e33	sll	x28,x19,x13	 x19:0x08a35e80 x13:0x00000000 x28=0x08a35e80
     310205.000 ns	     31019	800066f8	03ee0733	mul	x14,x28,x30	 x28:0xf75ca184 x30:0x08a35e80 x14=0x79e24000
     310235.000 ns	     31022	800066fc	21fe0353	fsgnj.s	f6,f28,f31	 f28:0x00000000 f31:0x7fc00000  f6=0x00000000
     310265.000 ns	     31025	80006700	286f0bd3	fmin.s	f23,f30,f6	 f30:0x01146bd0  f6:0xcefff7e0 f23=0x00000000
     310285.000 ns	     31027	80006704	003019b3	sll	x19,x0,x3	  x0:0x00000000  x3:0x00000001 x19=0x00000000
     310305.000 ns	     31029	80006708	205001d3	fsgnj.s	f3,f0,f5	  f0:0x00000000  f5:0x473504ab  f3=0x00000000
     310335.000 ns	     31032	8000670c	e00606d3	fmv.x.w	x13,f12	 f12:0x42ffff5c x13=0x42ffff5c
     310355.000 ns	     31034	80006710	00521213	slli	x4,x4,0x5	  x4:0x00000000  x4=0x00000000
     310365.000 ns	     31035	80006714	01bdc3b3	xor	x7,x27,x27	 x27:0x80040fe4 x27:0x80040fe4  x7=0x00000000
     310385.000 ns	     31037	80006718	03b318b3	mulh	x17,x6,x27	  x6:0x00000000 x27:0x80040fe4 x17=0x00000000
     310405.000 ns	     31039	8000671c	beefd017	auipc	x0,0xbeefd	
     310415.000 ns	     31040	80006720	00f8be13	sltiu	x28,x17,15	 x17:0x00000000 x28=0x00000001
     310425.000 ns	     31041	80006724	40800ab3	sub	x21,x0,x8	  x0:0x00000000  x8:0x00000000 x21=0x00000000
     310435.000 ns	     31042	80006728	00000013	addi	x0,x0,0	  x0:0x00000000
     310455.000 ns	     31044	8000672c	c00e7953	fcvt.w.s	x18,f28	 f28:0x00000000 x18=0x00000000
     310475.000 ns	     31046	80006730	9ea3a593	slti	x11,x7,-1558	  x7:0x00000000 x11=0x00000000
     310495.000 ns	     31048	80006734	03204b33	div	x22,x0,x18	  x0:0x00000000 x18:0x00000000 x22=0xffffffff
     310515.000 ns	     31050	80006738	00000013	addi	x0,x0,0	  x0:0x00000000
     310525.000 ns	     31051	8000673c	ca458897	auipc	x17,0xca458	 x17=0x4a45e73c
     310545.000 ns	     31053	80006740	c002fe53	fcvt.w.s	x28,f5	  f5:0x473504ab x28=0x0000b504
     310575.000 ns	     31056	80006744	29808ad3	fmin.s	f21,f1,f24	  f1:0x4afc9b5c f24:0xff800000 f21=0xff800000
     310605.000 ns	     31059	80006748	c01f75d3	fcvt.wu.s	x11,f30	 f30:0x01146bd0 x11=0x00000000
     310635.000 ns	     31062	8000674c	20db22d3	fsgnjx.s	f5,f22,f13	 f22:0x4efff7e0 f13:0xcd0a35e8  f5=0xcefff7e0
     310665.000 ns	     31065	80006750	29029853	fmax.s	f16,f5,f16	  f5:0x473504ab f16:0x7fc00000 f16=0xcefff7e0
     310685.000 ns	     31067	80006754	00dcbb33	sltu	x22,x25,x13	 x25:0x00000000 x13:0x42ffff5c x22=0x00000001
     311015.000 ns	     31100	80006758	194928d3	fdiv.s	f17,f18,f20	 f18:0x43c18000 f20:0x3f800000 f17=0x43c17f69
     311035.000 ns	     31102	8000675c	00861c33	sll	x24,x12,x8	 x12:0x00000001  x8:0x00000000 x24=0x00000001
     311045.000 ns	     31103	80006760	401683b3	sub	x7,x13,x1	 x13:0x42ffff5c  x1:0x7ffffe0f  x7=0xc300014d
     311085.000 ns	     31107	80006764	01b52fd3	fadd.s	f31,f10,f27	 f10:0x7fc00000 f27:0x7fc00000 f31=0x7fc00000
     311105.000 ns	     31109	80006768	0038f733	and	x14,x17,x3	 x17:0x4a45e73c  x3:0x00000001 x14=0x00000000
     311115.000 ns	     31110	8000676c	7224f193	andi	x3,x9,1826	  x9:0x00000001  x3=0x00000000
     311125.000 ns	     31111	80006770	000f1213	slli	x4,x30,0x0	 x30:0x08a35e80  x4=0x08a35e80
     311135.000 ns	     31112	80006774	01f85a13	srli	x20,x16,0x1f	 x16:0x00000000 x20=0x00000000
     311145.000 ns	     31113	80006778	e6537393	andi	x7,x6,-411	  x6:0x00000000  x7=0x00000000
     311165.000 ns	     31115	8000677c	c0107bd3	fcvt.wu.s	x23,f0	  f0:0x00000000 x23=0x00000000
     311195.000 ns	     31118	80006780	02a829b3	mulhsu	x19,x16,x10	 x16:0x00000000 x10:0xf75ca184 x19=0x00000000
     311215.000 ns	     31120	80006784	0af8f137	lui	x2,0xaf8f	  x2=0x0af8f000
     311225.000 ns	     31121	80006788	41c30033	sub	x0,x6,x28	  x6:0x00000000 x28:0x0000b504
     311235.000 ns	     31122	8000678c	01589113	slli	x2,x17,0x15	 x17:0x4a45e73c  x2=0xe7800000
     311255.000 ns	     31124	80006790	03353333	mulhu	x6,x10,x19	 x10:0xf75ca184 x19:0x00000000  x6=0x00000000
     311285.000 ns	     31127	80006794	f00b0153	fmv.w.x	f2,x22	 x22:0x00000001  f2=0x00000001
     311305.000 ns	     31129	80006798	4070d613	srai	x12,x1,0x7	  x1:0x7ffffe0f x12=0x00fffffc
     311325.000 ns	     31131	8000679c	c00cf353	fcvt.w.s	x6,f25	 f25:0x00000000  x6=0x00000000
     311355.000 ns	     31134	800067a0	029d9f33	mulh	x30,x27,x9	 x27:0x80040fe4  x9:0x00000001 x30=0xffffffff
     311385.000 ns	     31137	800067a4	a0a92f53	feq.s	x30,f18,f10	 f18:0x43c18000 f10:0x7fc00000 x30=0x00000000
     311405.000 ns	     31139	800067a8	00000013	addi	x0,x0,0	  x0:0x00000000
     311415.000 ns	     31140	800067ac	00000013	addi	x0,x0,0	  x0:0x00000000
     311435.000 ns	     31142	800067b0	d0019853	fcvt.s.w	f16,x3	  x3:0x00000000 f16=0x00000000
     311465.000 ns	     31145	800067b4	03735cb3	divu	x25,x6,x23	  x6:0x00000000 x23:0x00000000 x25=0xffffffff
     311495.000 ns	     31148	800067b8	a02d8ad3	fle.s	x21,f27,f2	 f27:0x7fc00000  f2:0x00000001 x21=0x00000000
     311515.000 ns	     31150	800067bc	01442cb3	slt	x25,x8,x20	  x8:0x00000000 x20:0x00000000 x25=0x00000000
     311535.000 ns	     31152	800067c0	d0150cd3	fcvt.s.wu	f25,x10	 x10:0xf75ca184 f25=0x4f775ca2
     311575.000 ns	     31156	800067c4	10de7dd3	fmul.s	f27,f28,f13	 f28:0x00000000 f13:0xcd0a35e8 f27=0x80000000
     311605.000 ns	     31159	800067c8	c0137153	fcvt.wu.s	x2,f6	  f6:0x00000000  x2=0x00000000
     311635.000 ns	     31162	800067cc	f0068253	fmv.w.x	f4,x13	 x13:0x42ffff5c  f4=0x42ffff5c
     311665.000 ns	     31165	800067d0	209ca1d3	fsgnjx.s	f3,f25,f9	 f25:0x4f775ca2  f9:0x80000000  f3=0xcf775ca2
     311695.000 ns	     31168	800067d4	0260ccb3	div	x25,x1,x6	  x1:0x7ffffe0f  x6:0x00000000 x25=0xffffffff
     311725.000 ns	     31171	800067d8	d00478d3	fcvt.s.w	f17,x8	  x8:0x00000000 f17=0x00000000
     311745.000 ns	     31173	800067dc	3be4aa13	slti	x20,x9,958	  x9:0x00000001 x20=0x00000001
     311765.000 ns	     31175	800067e0	a1339153	flt.s	x2,f7,f19	  f7:0x00000000 f19:0x00000000  x2=0x00000000
     311795.000 ns	     31178	800067e4	20839f53	fsgnjn.s	f30,f7,f8	  f7:0x00000000  f8:0x46f75c00 f30=0x80000000
     311815.000 ns	     31180	800067e8	01523ab7	lui	x21,0x1523	 x21=0x01523000
     311845.000 ns	     31183	800067ec	10cafad3	fmul.s	f21,f21,f12	 f21:0xff800000 f12:0x42ffff5c f21=0xff800000
     311865.000 ns	     31185	800067f0	00000013	addi	x0,x0,0	  x0:0x00000000
     311875.000 ns	     31186	800067f4	03521b37	lui	x22,0x3521	 x22=0x03521000
     311885.000 ns	     31187	800067f8	00635093	srli	x1,x6,0x6	  x6:0x00000000  x1=0x00000000
     311905.000 ns	     31189	800067fc	e00785d3	fmv.x.w	x11,f15	 f15:0x00000000 x11=0x00000000
     311925.000 ns	     31191	80006800	41c75413	srai	x8,x14,0x1c	 x14:0x00000000  x8=0x00000000
     311945.000 ns	     31193	80006804	023b3bb3	mulhu	x23,x22,x3	 x22:0x03521000  x3:0x00000000 x23=0x00000000
     311965.000 ns	     31195	80006808	015669b3	or	x19,x12,x21	 x12:0x00fffffc x21:0x01523000 x19=0x01fffffc
     312325.000 ns	     31231	8000680c	034359b3	divu	x19,x6,x20	  x6:0x00000000 x20:0x00000001 x19=0x00000000
     312355.000 ns	     31234	80006810	e00d03d3	fmv.x.w	x7,f26	 f26:0x7fc00000  x7=0x7fc00000
     312375.000 ns	     31236	80006814	49c8f637	lui	x12,0x49c8f	 x12=0x49c8f000
     312395.000 ns	     31238	80006818	03c404b3	mul	x9,x8,x28	  x8:0x00000000 x28:0x0000b504  x9=0x00000000
     312425.000 ns	     31241	8000681c	21fc1bd3	fsgnjn.s	f23,f24,f31	 f24:0xff800000 f31:0x7fc00000 f23=0xff800000
     312465.000 ns	     31245	80006820	11e1f453	fmul.s	f8,f3,f30	  f3:0xcf775ca2 f30:0x80000000  f8=0x00000000
     312485.000 ns	     31247	80006824	40245113	srai	x2,x8,0x2	  x8:0x00000000  x2=0x00000000
     312505.000 ns	     31249	80006828	20b78c53	fsgnj.s	f24,f15,f11	 f15:0x00000000 f11:0xff800000 f24=0x80000000
     312525.000 ns	     31251	8000682c	ae50b113	sltiu	x2,x1,-1307	  x1:0x00000000  x2=0x00000001
     312535.000 ns	     31252	80006830	d260b713	sltiu	x14,x1,-730	  x1:0x00000000 x14=0x00000001
     312545.000 ns	     31253	80006834	417bd013	srai	x0,x23,0x17	 x23:0x00000000
     312565.000 ns	     31255	80006838	02afb733	mulhu	x14,x31,x10	 x31:0xfffffc63 x10:0xf75ca184 x14=0xf75c9e06
     312585.000 ns	     31257	8000683c	5796ab93	slti	x23,x13,1401	 x13:0x42ffff5c x23=0x00000000
     312605.000 ns	     31259	80006840	039200b3	mul	x1,x4,x25	  x4:0x08a35e80 x25:0xffffffff  x1=0xf75ca180
     312655.000 ns	     31264	80006844	08923153	fsub.s	f2,f4,f9	  f4:0x42ffff5c  f9:0x80000000  f2=0x42ffff5c
     312705.000 ns	     31269	80006848	01e97e53	fadd.s	f28,f18,f30	 f18:0x43c18000 f30:0x80000000 f28=0x43c18000
     312725.000 ns	     31271	8000684c	4129d213	srai	x4,x19,0x12	 x19:0x00000000  x4=0x00000000
     312755.000 ns	     31274	80006850	191939d3	fdiv.s	f19,f18,f17	 f18:0x43c18000 f17:0x00000000 f19=0x7f800000
     312775.000 ns	     31276	80006854	40535493	srai	x9,x6,0x5	  x6:0x00000000  x9=0x00000000
     312785.000 ns	     31277	80006858	df4b0613	addi	x12,x22,-524	 x22:0x03521000 x12=0x03520df4
     312795.000 ns	     31278	8000685c	8aff6413	ori	x8,x30,-1873	 x30:0x00000000  x8=0xfffff8af
     312815.000 ns	     31280	80006860	d0117bd3	fcvt.s.wu	f23,x2	  x2:0x00000001 f23=0x3f800000
     312835.000 ns	     31282	80006864	db54af13	slti	x30,x9,-587	  x9:0x00000000 x30=0x00000000
     312855.000 ns	     31284	80006868	02fa7cb3	remu	x25,x20,x15	 x20:0x00000001 x15:0x00000000 x25=0x00000001
     312885.000 ns	     31287	8000686c	d0004fd3	fcvt.s.w	f31,x0	  x0:0x00000000 f31=0x00000000
     312915.000 ns	     31290	80006870	03612cb3	mulhsu	x25,x2,x22	  x2:0x00000001 x22:0x03521000 x25=0x00000000
     312935.000 ns	     31292	80006874	644a1037	lui	x0,0x644a1	
     312955.000 ns	     31294	80006878	032cc4b3	div	x9,x25,x18	 x25:0x00000000 x18:0x00000000  x9=0xffffffff
     312995.000 ns	     31298	8000687c	111275d3	fmul.s	f11,f4,f17	  f4:0x42ffff5c f17:0x00000000 f11=0x00000000
     313025.000 ns	     31301	80006880	a1221953	flt.s	x18,f4,f18	  f4:0x42ffff5c f18:0x43c18000 x18=0x00000001
     313045.000 ns	     31303	80006884	01831f93	slli	x31,x6,0x18	  x6:0x00000000 x31=0x00000000
     313055.000 ns	     31304	80006888	009a5eb3	srl	x29,x20,x9	 x20:0x00000001  x9:0xffffffff x29=0x00000000
     313085.000 ns	     31307	8000688c	580d7ad3	fsqrt.s	f21,f26	 f26:0x7fc00000 f21=0x7fc00000
     313105.000 ns	     31309	80006890	01c814b3	sll	x9,x16,x28	 x16:0x00000000 x28:0x0000b504  x9=0x00000000
     313115.000 ns	     31310	80006894	0167d213	srli	x4,x15,0x16	 x15:0x00000000  x4=0x00000000
     313135.000 ns	     31312	80006898	02c7a1b3	mulhsu	x3,x15,x12	 x15:0x00000000 x12:0x03520df4  x3=0x00000000
     313155.000 ns	     31314	8000689c	016316b3	sll	x13,x6,x22	  x6:0x00000000 x22:0x03521000 x13=0x00000000
     313165.000 ns	     31315	800068a0	00dff233	and	x4,x31,x13	 x31:0x00000000 x13:0x42ffff5c  x4=0x00000000
     313175.000 ns	     31316	800068a4	acf0b713	sltiu	x14,x1,-1329	  x1:0xf75ca180 x14=0x00000001
     313215.000 ns	     31320	800068a8	00d11653	fadd.s	f12,f2,f13	  f2:0x42ffff5c f13:0xcd0a35e8 f12=0xcd0a35e0
     313235.000 ns	     31322	800068ac	40dc55b3	sra	x11,x24,x13	 x24:0x00000001 x13:0x00000000 x11=0x00000001
     313275.000 ns	     31326	800068b0	092641d3	fsub.s	f3,f12,f18	 f12:0xcd0a35e0 f18:0x43c18000  f3=0xcd0a35f8
     313295.000 ns	     31328	800068b4	8f3caf13	slti	x30,x25,-1805	 x25:0x00000000 x30=0x00000000
     313315.000 ns	     31330	800068b8	03cfb9b3	mulhu	x19,x31,x28	 x31:0x00000000 x28:0x0000b504 x19=0x00000000
     313345.000 ns	     31333	800068bc	d00978d3	fcvt.s.w	f17,x18	 x18:0x00000001 f17=0x3f800000
     313365.000 ns	     31335	800068c0	00000013	addi	x0,x0,0	  x0:0x00000000
     313395.000 ns	     31338	800068c4	10effed3	fmul.s	f29,f31,f14	 f31:0x00000000 f14:0xbf800000 f29=0x80000000
     313425.000 ns	     31341	800068c8	20062dd3	fsgnjx.s	f27,f12,f0	 f12:0xcd0a35e0  f0:0x00000000 f27=0xcd0a35e0
     313445.000 ns	     31343	800068cc	013031b3	sltu	x3,x0,x19	  x0:0x00000000 x19:0x00000000  x3=0x00000000
     313475.000 ns	     31346	800068d0	1180f1d3	fmul.s	f3,f1,f24	  f1:0x4afc9b5c f24:0x80000000  f3=0x80000000
     313495.000 ns	     31348	800068d4	053dbd13	sltiu	x26,x27,83	 x27:0x80040fe4 x26=0x00000000
     313505.000 ns	     31349	800068d8	013a8ab3	add	x21,x21,x19	 x21:0x01523000 x19:0x00000000 x21=0x01523000
     313515.000 ns	     31350	800068dc	466d6e13	ori	x28,x26,1126	 x26:0x00000000 x28=0x00000466
     313535.000 ns	     31352	800068e0	021d2333	mulhsu	x6,x26,x1	 x26:0x00000000  x1:0xf75ca180  x6=0x00000000
     313565.000 ns	     31355	800068e4	c01e7a53	fcvt.wu.s	x20,f28	 f28:0x43c18000 x20=0x00000183
     313605.000 ns	     31359	800068e8	58074853	fsqrt.s	f16,f14	 f14:0xbf800000 f16=0x7fc00000
     313625.000 ns	     31361	800068ec	00000013	addi	x0,x0,0	  x0:0x00000000
     313645.000 ns	     31363	800068f0	29d388d3	fmin.s	f17,f7,f29	  f7:0x00000000 f29:0x80000000 f17=0x80000000
     313665.000 ns	     31365	800068f4	89403c13	sltiu	x24,x0,-1900	  x0:0x00000000 x24=0x00000001
     313995.000 ns	     31398	800068f8	18d973d3	fdiv.s	f7,f18,f13	 f18:0x43c18000 f13:0xcd0a35e8  f7=0xb5c18000
     314025.000 ns	     31401	800068fc	a1e01253	flt.s	x4,f0,f30	  f0:0x00000000 f30:0x80000000  x4=0x00000000
     314055.000 ns	     31404	80006900	219f2bd3	fsgnjx.s	f23,f30,f25	 f30:0x80000000 f25:0x4f775ca2 f23=0x80000000
     314075.000 ns	     31406	80006904	0024b133	sltu	x2,x9,x2	  x9:0x00000000  x2:0x00000001  x2=0x00000001
     314085.000 ns	     31407	80006908	015fde13	srli	x28,x31,0x15	 x31:0x00000000 x28=0x00000000
     314105.000 ns	     31409	8000690c	f00b8a53	fmv.w.x	f20,x23	 x23:0x00000000 f20=0x00000000
     314155.000 ns	     31414	80006910	08777dd3	fsub.s	f27,f14,f7	 f14:0xbf800000  f7:0xb5c18000 f27=0xbf7fffe6
     314175.000 ns	     31416	80006914	62f3e693	ori	x13,x7,1583	  x7:0x7fc00000 x13=0x7fc0062f
     314185.000 ns	     31417	80006918	01132933	slt	x18,x6,x17	  x6:0x00000000 x17:0x4a45e73c x18=0x00000001
     314205.000 ns	     31419	8000691c	20d32dd3	fsgnjx.s	f27,f6,f13	  f6:0x00000000 f13:0xcd0a35e8 f27=0x80000000
     314235.000 ns	     31422	80006920	030f0c33	mul	x24,x30,x16	 x30:0x00000000 x16:0x00000000 x24=0x00000000
     314255.000 ns	     31424	80006924	12c5e913	ori	x18,x11,300	 x11:0x00000001 x18=0x0000012d
     314265.000 ns	     31425	80006928	00dcf933	and	x18,x25,x13	 x25:0x00000000 x13:0x7fc0062f x18=0x00000000
     314275.000 ns	     31426	8000692c	1d1d2f93	slti	x31,x26,465	 x26:0x00000000 x31=0x00000001
     314285.000 ns	     31427	80006930	e450dc37	lui	x24,0xe450d	 x24=0xe450d000
     314295.000 ns	     31428	80006934	71753013	sltiu	x0,x10,1815	 x10:0xf75ca184
     314305.000 ns	     31429	80006938	da2e5b97	auipc	x23,0xda2e5	 x23=0x5a2eb938
     314315.000 ns	     31430	8000693c	005b2cb3	slt	x25,x22,x5	 x22:0x03521000  x5:0x80041024 x25=0x00000000
     314335.000 ns	     31432	80006940	20880fd3	fsgnj.s	f31,f16,f8	 f16:0x7fc00000  f8:0x00000000 f31=0x7fc00000
     314365.000 ns	     31435	80006944	0300e4b3	rem	x9,x1,x16	  x1:0xf75ca180 x16:0x00000000  x9=0xf75ca180
     314395.000 ns	     31438	80006948	03681433	mulh	x8,x16,x22	 x16:0x00000000 x22:0x03521000  x8=0x00000000
     314425.000 ns	     31441	8000694c	d00044d3	fcvt.s.w	f9,x0	  x0:0x00000000  f9=0x00000000
     314445.000 ns	     31443	80006950	0169b1b3	sltu	x3,x19,x22	 x19:0x00000000 x22:0x03521000  x3=0x00000001
     314455.000 ns	     31444	80006954	0011cd33	xor	x26,x3,x1	  x3:0x00000000  x1:0xf75ca180 x26=0xf75ca181
     314475.000 ns	     31446	80006958	2085afd3	fsgnjx.s	f31,f11,f8	 f11:0x00000000  f8:0x00000000 f31=0x00000000
     314505.000 ns	     31449	8000695c	20cc11d3	fsgnjn.s	f3,f24,f12	 f24:0x80000000 f12:0xcd0a35e0  f3=0x00000000
     314525.000 ns	     31451	80006960	e071a093	slti	x1,x3,-505	  x3:0x00000001  x1=0x00000000
     314535.000 ns	     31452	80006964	00f5a8b3	slt	x17,x11,x15	 x11:0x00000001 x15:0x00000000 x17=0x00000000
     314545.000 ns	     31453	80006968	01f573b3	and	x7,x10,x31	 x10:0xf75ca184 x31:0x00000001  x7=0x00000000
     314555.000 ns	     31454	8000696c	00dcdbb3	srl	x23,x25,x13	 x25:0x00000000 x13:0x7fc0062f x23=0x00000000
     314575.000 ns	     31456	80006970	a13f9653	flt.s	x12,f31,f19	 f31:0x00000000 f19:0x7f800000 x12=0x00000001
     314595.000 ns	     31458	80006974	41808e33	sub	x28,x1,x24	  x1:0x00000000 x24:0xe450d000 x28=0x1baf3000
     314605.000 ns	     31459	80006978	83109797	auipc	x15,0x83109	 x15=0x0310f978
     314615.000 ns	     31460	8000697c	016c0033	add	x0,x24,x22	 x24:0xe450d000 x22:0x03521000
     314645.000 ns	     31463	80006980	5802fd53	fsqrt.s	f26,f5	  f5:0xcefff7e0 f26=0x7fc00000
     314675.000 ns	     31466	80006984	e0008853	fmv.x.w	x16,f1	  f1:0x4afc9b5c x16=0x4afc9b5c
     314705.000 ns	     31469	80006988	20e711d3	fsgnjn.s	f3,f14,f14	 f14:0xbf800000 f14:0xbf800000  f3=0x3f800000
     314735.000 ns	     31472	8000698c	e00e1253	fclass.s	x4,f28	 f28:0x43c18000  x4=0x00000040
     314775.000 ns	     31476	80006990	1855f6d3	fdiv.s	f13,f11,f5	 f11:0x00000000  f5:0xcefff7e0 f13=0x80000000
     315145.000 ns	     31513	80006994	02e074b3	remu	x9,x0,x14	  x0:0x00000000 x14:0x00000001  x9=0x00000000
     315175.000 ns	     31516	80006998	f0040bd3	fmv.w.x	f23,x8	  x8:0x00000000 f23=0x00000000
     315205.000 ns	     31519	8000699c	285108d3	fmin.s	f17,f2,f5	  f2:0x42ffff5c  f5:0xcefff7e0 f17=0xcefff7e0
     315225.000 ns	     31521	800069a0	00cde733	or	x14,x27,x12	 x27:0x80040fe4 x12:0x00000001 x14=0x80040fe5
     315235.000 ns	     31522	800069a4	00b05d13	srli	x26,x0,0xb	  x0:0x00000000 x26=0x00000000
     315245.000 ns	     31523	800069a8	1ca7fa13	andi	x20,x15,458	 x15:0x0310f978 x20=0x00000148
     315255.000 ns	     31524	800069ac	d8d8f793	andi	x15,x17,-627	 x17:0x00000000 x15=0x00000000
     315295.000 ns	     31528	800069b0	01187253	fadd.s	f4,f16,f17	 f16:0x7fc00000 f17:0xcefff7e0  f4=0x7fc00000
     315665.000 ns	     31565	800069b4	02217fb3	remu	x31,x2,x2	  x2:0x00000001  x2:0x00000001 x31=0x00000000
     315685.000 ns	     31567	800069b8	00147cb3	and	x25,x8,x1	  x8:0x00000000  x1:0x00000000 x25=0x00000000
     315725.000 ns	     31571	800069bc	006c7ed3	fadd.s	f29,f24,f6	 f24:0x80000000  f6:0x00000000 f29=0x00000000
     315745.000 ns	     31573	800069c0	fc012a13	slti	x20,x2,-64	  x2:0x00000001 x20=0x00000000
     315775.000 ns	     31576	800069c4	197d4253	fdiv.s	f4,f26,f23	 f26:0x7fc00000 f23:0x00000000  f4=0x7fc00000
     316145.000 ns	     31613	800069c8	02316f33	rem	x30,x2,x3	  x2:0x00000001  x3:0x00000001 x30=0x00000000
     316175.000 ns	     31616	800069cc	a06b93d3	flt.s	x7,f23,f6	 f23:0x00000000  f6:0x00000000  x7=0x00000000
     316205.000 ns	     31619	800069d0	e00316d3	fclass.s	x13,f6	  f6:0x00000000 x13=0x00000010
     316235.000 ns	     31622	800069d4	c00e7653	fcvt.w.s	x12,f28	 f28:0x43c18000 x12=0x00000183
     316255.000 ns	     31624	800069d8	00b6b033	sltu	x0,x13,x11	 x13:0x00000010 x11:0x00000001
     316615.000 ns	     31660	800069dc	0238d9b3	divu	x19,x17,x3	 x17:0x00000000  x3:0x00000001 x19=0x00000000
     316635.000 ns	     31662	800069e0	00d13833	sltu	x16,x2,x13	  x2:0x00000001 x13:0x00000010 x16=0x00000001
     316655.000 ns	     31664	800069e4	a08b0453	fle.s	x8,f22,f8	 f22:0x4efff7e0  f8:0x00000000  x8=0x00000000
     316675.000 ns	     31666	800069e8	017a7833	and	x16,x20,x23	 x20:0x00000000 x23:0x00000000 x16=0x00000000
     316685.000 ns	     31667	800069ec	26306a93	ori	x21,x0,611	  x0:0x00000000 x21=0x00000263
     316695.000 ns	     31668	800069f0	fb0e3b13	sltiu	x22,x28,-80	 x28:0x1baf3000 x22=0x00000001
     316715.000 ns	     31670	800069f4	20030cd3	fsgnj.s	f25,f6,f0	  f6:0x00000000  f0:0x00000000 f25=0x00000000
     316735.000 ns	     31672	800069f8	402409b3	sub	x19,x8,x2	  x8:0x00000000  x2:0x00000001 x19=0xffffffff
     316745.000 ns	     31673	800069fc	01670cb3	add	x25,x14,x22	 x14:0x80040fe5 x22:0x00000001 x25=0x80040fe6
     316755.000 ns	     31674	80006a00	001e1713	slli	x14,x28,0x1	 x28:0x1baf3000 x14=0x375e6000
     316775.000 ns	     31676	80006a04	c003a0d3	fcvt.w.s	x1,f7	  f7:0xb5c18000  x1=0xffffffff
     316795.000 ns	     31678	80006a08	007be933	or	x18,x23,x7	 x23:0x00000000  x7:0x00000000 x18=0x00000000
     316835.000 ns	     31682	80006a0c	08218553	fsub.s	f10,f3,f2	  f3:0x3f800000  f2:0x42ffff5c f10=0xc2fdff5c
     316865.000 ns	     31685	80006a10	e00d9f53	fclass.s	x30,f27	 f27:0x80000000 x30=0x00000008
     316885.000 ns	     31687	80006a14	00bb0bb3	add	x23,x22,x11	 x22:0x00000001 x11:0x00000001 x23=0x00000002
     316895.000 ns	     31688	80006a18	01e11a33	sll	x20,x2,x30	  x2:0x00000001 x30:0x00000008 x20=0x00000100
     316905.000 ns	     31689	80006a1c	0137f9b3	and	x19,x15,x19	 x15:0x00000000 x19:0xffffffff x19=0x00000000
     316925.000 ns	     31691	80006a20	f00d8453	fmv.w.x	f8,x27	 x27:0x80040fe4  f8=0x80040fe4
     316945.000 ns	     31693	80006a24	a730f113	andi	x2,x1,-1421	  x1:0xffffffff  x2=0xfffffa73
     316965.000 ns	     31695	80006a28	e00207d3	fmv.x.w	x15,f4	  f4:0x7fc00000 x15=0x7fc00000
     316985.000 ns	     31697	80006a2c	01078033	add	x0,x15,x16	 x15:0x00000000 x16:0x00000000
     317345.000 ns	     31733	80006a30	02197133	remu	x2,x18,x1	 x18:0x00000000  x1:0xffffffff  x2=0x00000000
     317395.000 ns	     31738	80006a34	0889ffd3	fsub.s	f31,f19,f8	 f19:0x7f800000  f8:0x80040fe4 f31=0x7f800000
     317425.000 ns	     31741	80006a38	d00e25d3	fcvt.s.w	f11,x28	 x28:0x1baf3000 f11=0x4ddd7980
     317445.000 ns	     31743	80006a3c	015c9ab3	sll	x21,x25,x21	 x25:0x80040fe6 x21:0x00000263 x21=0x00207f30
     317465.000 ns	     31745	80006a40	e00f8953	fmv.x.w	x18,f31	 f31:0x7f800000 x18=0x7f800000
     317485.000 ns	     31747	80006a44	0994b813	sltiu	x16,x9,153	  x9:0x00000000 x16=0x00000001
     317505.000 ns	     31749	80006a48	f00e0e53	fmv.w.x	f28,x28	 x28:0x1baf3000 f28=0x1baf3000
     317525.000 ns	     31751	80006a4c	9ebccc13	xori	x24,x25,-1557	 x25:0x80040fe6 x24=0x7ffbf60d
     317545.000 ns	     31753	80006a50	e0009e53	fclass.s	x28,f1	  f1:0x4afc9b5c x28=0x00000040
     317575.000 ns	     31756	80006a54	21e493d3	fsgnjn.s	f7,f9,f30	  f9:0x00000000 f30:0x80000000  f7=0x00000000
     317605.000 ns	     31759	80006a58	f0090dd3	fmv.w.x	f27,x18	 x18:0x7f800000 f27=0x7f800000
     317625.000 ns	     31761	80006a5c	4106dd13	srai	x26,x13,0x10	 x13:0x00000010 x26=0x00000000
     317635.000 ns	     31762	80006a60	006c6a33	or	x20,x24,x6	 x24:0x7ffbf60d  x6:0x00000000 x20=0x7ffbf60d
     317665.000 ns	     31765	80006a64	1999b853	fdiv.s	f16,f19,f25	 f19:0x7f800000 f25:0x00000000 f16=0x7f800000
     317685.000 ns	     31767	80006a68	01f5c6b3	xor	x13,x11,x31	 x11:0x00000001 x31:0x00000000 x13=0x00000001
     317695.000 ns	     31768	80006a6c	00898d33	add	x26,x19,x8	 x19:0x00000000  x8:0x00000000 x26=0x00000000
     317715.000 ns	     31770	80006a70	02883933	mulhu	x18,x16,x8	 x16:0x00000001  x8:0x00000000 x18=0x00000000
     317745.000 ns	     31773	80006a74	02c934b3	mulhu	x9,x18,x12	 x18:0x7f800000 x12:0x00000183  x9=0x00000000
     317765.000 ns	     31775	80006a78	b057af93	slti	x31,x15,-1275	 x15:0x7fc00000 x31=0x00000000
     317775.000 ns	     31776	80006a7c	00be9313	slli	x6,x29,0xb	 x29:0x00000000  x6=0x00000000
     318135.000 ns	     31812	80006a80	039b4033	div	x0,x22,x25	 x22:0x00000001 x25:0x80040fe6
     318155.000 ns	     31814	80006a84	00491613	slli	x12,x18,0x4	 x18:0x00000000 x12=0x00000000
     318515.000 ns	     31850	80006a88	02ec40b3	div	x1,x24,x14	 x24:0x7ffbf60d x14:0x375e6000  x1=0x00000002
     318535.000 ns	     31852	80006a8c	41dad8b3	sra	x17,x21,x29	 x21:0x00207f30 x29:0x00000000 x17=0x00207f30
     318545.000 ns	     31853	80006a90	01f13933	sltu	x18,x2,x31	  x2:0x00000000 x31:0x00000000 x18=0x00000000
     318565.000 ns	     31855	80006a94	025ebc33	mulhu	x24,x29,x5	 x29:0x00000000  x5:0x80041024 x24=0x00000000
     318585.000 ns	     31857	80006a98	003cda93	srli	x21,x25,0x3	 x25:0x80040fe6 x21=0x100081fc
     318595.000 ns	     31858	80006a9c	f6a6a493	slti	x9,x13,-150	 x13:0x00000001  x9=0x00000000
     318615.000 ns	     31860	80006aa0	29e58453	fmin.s	f8,f11,f30	 f11:0x4ddd7980 f30:0x80000000  f8=0x80000000
     318635.000 ns	     31862	80006aa4	407801b3	sub	x3,x16,x7	 x16:0x00000001  x7:0x00000000  x3=0x00000001
     318645.000 ns	     31863	80006aa8	31413c13	sltiu	x24,x2,788	  x2:0x00000000 x24=0x00000001
     318655.000 ns	     31864	80006aac	8034f193	andi	x3,x9,-2045	  x9:0x00000000  x3=0x00000000
     318675.000 ns	     31866	80006ab0	a0edafd3	feq.s	x31,f27,f14	 f27:0x7f800000 f14:0xbf800000 x31=0x00000000
     319045.000 ns	     31903	80006ab4	021cf133	remu	x2,x25,x1	 x25:0x80040fe6  x1:0x00000002  x2=0x00000000
     319075.000 ns	     31906	80006ab8	e0058953	fmv.x.w	x18,f11	 f11:0x4ddd7980 x18=0x4ddd7980
     319105.000 ns	     31909	80006abc	e0008a53	fmv.x.w	x20,f1	  f1:0x4afc9b5c x20=0x4afc9b5c
     319125.000 ns	     31911	80006ac0	a8dc7013	andi	x0,x24,-1395	 x24:0x00000001
     319485.000 ns	     31947	80006ac4	02e5ebb3	rem	x23,x11,x14	 x11:0x00000001 x14:0x375e6000 x23=0x00000001
     319515.000 ns	     31950	80006ac8	a1719c53	flt.s	x24,f3,f23	  f3:0x3f800000 f23:0x00000000 x24=0x00000000
     319535.000 ns	     31952	80006acc	b2253193	sltiu	x3,x10,-1246	 x10:0xf75ca184  x3=0x00000001
     319555.000 ns	     31954	80006ad0	03af8333	mul	x6,x31,x26	 x31:0x00000000 x26:0x00000000  x6=0x00000000
     319925.000 ns	     31991	80006ad4	0319e4b3	rem	x9,x19,x17	 x19:0x00000000 x17:0x00207f30  x9=0x00000000
     320295.000 ns	     32028	80006ad8	0303fa33	remu	x20,x7,x16	  x7:0x00000000 x16:0x00000001 x20=0x00000000
     320315.000 ns	     32030	80006adc	704b2f93	slti	x31,x22,1796	 x22:0x00000001 x31=0x00000001
     320325.000 ns	     32031	80006ae0	40645eb3	sra	x29,x8,x6	  x8:0x00000000  x6:0x00000000 x29=0x00000000
     320685.000 ns	     32067	80006ae4	03e36833	rem	x16,x6,x30	  x6:0x00000000 x30:0x00000008 x16=0x00000000
     320715.000 ns	     32070	80006ae8	a1cd9d53	flt.s	x26,f27,f28	 f27:0x7f800000 f28:0x1baf3000 x26=0x00000000
     320735.000 ns	     32072	80006aec	40abd833	sra	x16,x23,x10	 x23:0x00000001 x10:0xf75ca184 x16=0x00000000
     320755.000 ns	     32074	80006af0	287d88d3	fmin.s	f17,f27,f7	 f27:0x7f800000  f7:0x00000000 f17=0x00000000
     320785.000 ns	     32077	80006af4	d00d7b53	fcvt.s.w	f22,x26	 x26:0x00000000 f22=0x00000000
     320835.000 ns	     32082	80006af8	002cfed3	fadd.s	f29,f25,f2	 f25:0x00000000  f2:0x42ffff5c f29=0x42ffff5c
     320875.000 ns	     32086	80006afc	1094fd53	fmul.s	f26,f9,f9	  f9:0x00000000  f9:0x00000000 f26=0x00000000
     320905.000 ns	     32089	80006b00	e0041153	fclass.s	x2,f8	  f8:0x80000000  x2=0x00000008
     320935.000 ns	     32092	80006b04	20150b53	fsgnj.s	f22,f10,f1	 f10:0xc2fdff5c  f1:0x4afc9b5c f22=0x42fdff5c
     320975.000 ns	     32096	80006b08	183c7a53	fdiv.s	f20,f24,f3	 f24:0x80000000  f3:0x3f800000 f20=0x80000000
     320995.000 ns	     32098	80006b0c	26effd13	andi	x26,x31,622	 x31:0x00000001 x26=0x00000000
     321005.000 ns	     32099	80006b10	e86f7713	andi	x14,x30,-378	 x30:0x00000008 x14=0x00000000
     321015.000 ns	     32100	80006b14	00aad893	srli	x17,x21,0xa	 x21:0x100081fc x17=0x00040020
     321035.000 ns	     32102	80006b18	a1900053	fle.s	x0,f0,f25	  f0:0x00000000 f25:0x00000000
     321065.000 ns	     32105	80006b1c	a0942fd3	feq.s	x31,f8,f9	  f8:0x80000000  f9:0x00000000 x31=0x00000001
     321085.000 ns	     32107	80006b20	93464413	xori	x8,x12,-1740	 x12:0x00000000  x8=0xfffff934
     321125.000 ns	     32111	80006b24	085f1153	fsub.s	f2,f30,f5	 f30:0x80000000  f5:0xcefff7e0  f2=0x4efff7e0
     321155.000 ns	     32114	80006b28	e0031cd3	fclass.s	x25,f6	  f6:0x00000000 x25=0x00000010
     321175.000 ns	     32116	80006b2c	00e679b3	and	x19,x12,x14	 x12:0x00000000 x14:0x00000000 x19=0x00000000
     321185.000 ns	     32117	80006b30	007793b3	sll	x7,x15,x7	 x15:0x7fc00000  x7:0x00000000  x7=0x7fc00000
     321195.000 ns	     32118	80006b34	01ae13b3	sll	x7,x28,x26	 x28:0x00000040 x26:0x00000000  x7=0x00000040
     321215.000 ns	     32120	80006b38	e00a89d3	fmv.x.w	x19,f21	 f21:0x7fc00000 x19=0x7fc00000
     321245.000 ns	     32123	80006b3c	20ee2053	fsgnjx.s	f0,f28,f14	 f28:0x1baf3000 f14:0xbf800000  f0=0x9baf3000
     321275.000 ns	     32126	80006b40	037328b3	mulhsu	x17,x6,x23	  x6:0x00000000 x23:0x00000001 x17=0x00000000
     321305.000 ns	     32129	80006b44	c00c0c53	fcvt.w.s	x24,f24	 f24:0x80000000 x24=0x00000000
     321325.000 ns	     32131	80006b48	009975b3	and	x11,x18,x9	 x18:0x4ddd7980  x9:0x00000000 x11=0x00000000
     321345.000 ns	     32133	80006b4c	d016fb53	fcvt.s.wu	f22,x13	 x13:0x00000001 f22=0x3f800000
     321375.000 ns	     32136	80006b50	e00016d3	fclass.s	x13,f0	  f0:0x9baf3000 x13=0x00000002
     321405.000 ns	     32139	80006b54	c006b0d3	fcvt.w.s	x1,f13	 f13:0x80000000  x1=0x00000000
     321435.000 ns	     32142	80006b58	0388acb3	mulhsu	x25,x17,x24	 x17:0x00000000 x24:0x00000000 x25=0x00000000
     321455.000 ns	     32144	80006b5c	304fa793	slti	x15,x31,772	 x31:0x00000001 x15=0x00000001
     321465.000 ns	     32145	80006b60	01a71e33	sll	x28,x14,x26	 x14:0x00000000 x26:0x00000000 x28=0x00000000
     321475.000 ns	     32146	80006b64	416d0133	sub	x2,x26,x22	 x26:0x00000000 x22:0x00000001  x2=0xffffffff
     321495.000 ns	     32148	80006b68	a1619653	flt.s	x12,f3,f22	  f3:0x3f800000 f22:0x3f800000 x12=0x00000000
     321515.000 ns	     32150	80006b6c	40ec0fb3	sub	x31,x24,x14	 x24:0x00000000 x14:0x00000000 x31=0x00000000
     321535.000 ns	     32152	80006b70	211e9ed3	fsgnjn.s	f29,f29,f17	 f29:0x42ffff5c f17:0x00000000 f29=0xc2ffff5c
     321555.000 ns	     32154	80006b74	01db3633	sltu	x12,x22,x29	 x22:0x00000001 x29:0x00000000 x12=0x00000000
     321575.000 ns	     32156	80006b78	200811d3	fsgnjn.s	f3,f16,f0	 f16:0x7f800000  f0:0x9baf3000  f3=0x7f800000
     321595.000 ns	     32158	80006b7c	00f76fb3	or	x31,x14,x15	 x14:0x00000000 x15:0x00000001 x31=0x00000001
     321605.000 ns	     32159	80006b80	40185733	sra	x14,x16,x1	 x16:0x00000000  x1:0x00000000 x14=0x00000000
     321615.000 ns	     32160	80006b84	00e4d313	srli	x6,x9,0xe	  x9:0x00000000  x6=0x00000000
     321625.000 ns	     32161	80006b88	01aa9d33	sll	x26,x21,x26	 x21:0x100081fc x26:0x00000000 x26=0x100081fc
     321645.000 ns	     32163	80006b8c	219c18d3	fsgnjn.s	f17,f24,f25	 f24:0x80000000 f25:0x00000000 f17=0x80000000
     321665.000 ns	     32165	80006b90	01981493	slli	x9,x16,0x19	 x16:0x00000000  x9=0x00000000
     321675.000 ns	     32166	80006b94	016a9713	slli	x14,x21,0x16	 x21:0x100081fc x14=0x7f000000
     321685.000 ns	     32167	80006b98	01311913	slli	x18,x2,0x13	  x2:0xffffffff x18=0xfff80000
     321695.000 ns	     32168	80006b9c	01c69e33	sll	x28,x13,x28	 x13:0x00000002 x28:0x00000000 x28=0x00000002
     321715.000 ns	     32170	80006ba0	c01ffcd3	fcvt.wu.s	x25,f31	 f31:0x7f800000 x25=0xffffffff
     321745.000 ns	     32173	80006ba4	03f38ab3	mul	x21,x7,x31	  x7:0x00000040 x31:0x00000001 x21=0x00000040
     321765.000 ns	     32175	80006ba8	01b7ce33	xor	x28,x15,x27	 x15:0x00000001 x27:0x80040fe4 x28=0x80040fe5
     321785.000 ns	     32177	80006bac	a143a853	feq.s	x16,f7,f20	  f7:0x00000000 f20:0x80000000 x16=0x00000001
     321815.000 ns	     32180	80006bb0	c01e4953	fcvt.wu.s	x18,f28	 f28:0x1baf3000 x18=0x00000000
     321845.000 ns	     32183	80006bb4	028a1ab3	mulh	x21,x20,x8	 x20:0x00000000  x8:0xfffff934 x21=0x00000000
     321875.000 ns	     32186	80006bb8	a08b2cd3	feq.s	x25,f22,f8	 f22:0x3f800000  f8:0x80000000 x25=0x00000000
     321905.000 ns	     32189	80006bbc	03523733	mulhu	x14,x4,x21	  x4:0x00000040 x21:0x00000000 x14=0x00000000
     321925.000 ns	     32191	80006bc0	01f519b3	sll	x19,x10,x31	 x10:0xf75ca184 x31:0x00000001 x19=0xeeb94308
     322255.000 ns	     32224	80006bc4	18c072d3	fdiv.s	f5,f0,f12	  f0:0x9baf3000 f12:0xcd0a35e0  f5=0x0daf3000
     322275.000 ns	     32226	80006bc8	8e502b13	slti	x22,x0,-1819	  x0:0x00000000 x22=0x00000000
     322295.000 ns	     32228	80006bcc	e0061f53	fclass.s	x30,f12	 f12:0xcd0a35e0 x30=0x00000002
     322325.000 ns	     32231	80006bd0	0395c633	div	x12,x11,x25	 x11:0x00000000 x25:0x00000000 x12=0xffffffff
     322355.000 ns	     32234	80006bd4	a07900d3	fle.s	x1,f18,f7	 f18:0x43c18000  f7:0x00000000  x1=0x00000000
     322375.000 ns	     32236	80006bd8	41295613	srai	x12,x18,0x12	 x18:0x00000000 x12=0x00000000
     322385.000 ns	     32237	80006bdc	5bfcff13	andi	x30,x25,1471	 x25:0x00000000 x30=0x00000000
     322395.000 ns	     32238	80006be0	32184e13	xori	x28,x16,801	 x16:0x00000001 x28=0x00000320
     322435.000 ns	     32242	80006be4	09ec1d53	fsub.s	f26,f24,f30	 f24:0x80000000 f30:0x80000000 f26=0x00000000
     322805.000 ns	     32279	80006be8	02374d33	div	x26,x14,x3	 x14:0x00000000  x3:0x00000001 x26=0x00000000
     322835.000 ns	     32282	80006bec	a08fa153	feq.s	x2,f31,f8	 f31:0x7f800000  f8:0x80000000  x2=0x00000000
     322865.000 ns	     32285	80006bf0	03b523b3	mulhsu	x7,x10,x27	 x10:0xf75ca184 x27:0x80040fe4  x7=0xfbae2dab
     322905.000 ns	     32289	80006bf4	1067f2d3	fmul.s	f5,f15,f6	 f15:0x00000000  f6:0x00000000  f5=0x00000000
     322925.000 ns	     32291	80006bf8	00000013	addi	x0,x0,0	  x0:0x00000000
     322935.000 ns	     32292	80006bfc	01f58cb3	add	x25,x11,x31	 x11:0x00000000 x31:0x00000001 x25=0x00000001
     322955.000 ns	     32294	80006c00	a00d8e53	fle.s	x28,f27,f0	 f27:0x7f800000  f0:0x9baf3000 x28=0x00000000
     322985.000 ns	     32297	80006c04	d01e0853	fcvt.s.wu	f16,x28	 x28:0x00000320 f16=0x00000000
     323355.000 ns	     32334	80006c08	024141b3	div	x3,x2,x4	  x2:0x00000000  x4:0x00000040  x3=0x00000000
     323385.000 ns	     32337	80006c0c	207d0dd3	fsgnj.s	f27,f26,f7	 f26:0x00000000  f7:0x00000000 f27=0x00000000
     323755.000 ns	     32374	80006c10	039cc233	div	x4,x25,x25	 x25:0x00000001 x25:0x00000001  x4=0x00000001
     323775.000 ns	     32376	80006c14	00785793	srli	x15,x16,0x7	 x16:0x00000001 x15=0x00000000
     323805.000 ns	     32379	80006c18	190803d3	fdiv.s	f7,f16,f16	 f16:0x00000000 f16:0x00000000  f7=0x7fc00000
     323825.000 ns	     32381	80006c1c	41f35693	srai	x13,x6,0x1f	  x6:0x00000000 x13=0x00000000
     323835.000 ns	     32382	80006c20	1db49497	auipc	x9,0x1db49	  x9=0x9db4fc20
     323855.000 ns	     32384	80006c24	a01c99d3	flt.s	x19,f25,f1	 f25:0x00000000  f1:0x4afc9b5c x19=0x00000001
     323885.000 ns	     32387	80006c28	217e9b53	fsgnjn.s	f22,f29,f23	 f29:0xc2ffff5c f23:0x00000000 f22=0xc2ffff5c
     323915.000 ns	     32390	80006c2c	e00f83d3	fmv.x.w	x7,f31	 f31:0x7f800000  x7=0x7f800000
     323935.000 ns	     32392	80006c30	01493fb3	sltu	x31,x18,x20	 x18:0x00000000 x20:0x00000000 x31=0x00000000
     323975.000 ns	     32396	80006c34	007705d3	fadd.s	f11,f14,f7	 f14:0xbf800000  f7:0x7fc00000 f11=0x7fc00000
     323995.000 ns	     32398	80006c38	00000013	addi	x0,x0,0	  x0:0x00000000
     324015.000 ns	     32400	80006c3c	299a1c53	fmax.s	f24,f20,f25	 f20:0x80000000 f25:0x00000000 f24=0x00000000
     324045.000 ns	     32403	80006c40	0383f033	remu	x0,x7,x24	  x7:0x7f800000 x24:0x00000000
     324065.000 ns	     32405	80006c44	40a75593	srai	x11,x14,0xa	 x14:0x00000000 x11=0x00000000
     324075.000 ns	     32406	80006c48	01dfc433	xor	x8,x31,x29	 x31:0x00000000 x29:0x00000000  x8=0x00000000
     324085.000 ns	     32407	80006c4c	0015d933	srl	x18,x11,x1	 x11:0x00000000  x1:0x00000000 x18=0x00000000
     324445.000 ns	     32443	80006c50	02a35eb3	divu	x29,x6,x10	  x6:0x00000000 x10:0xf75ca184 x29=0x00000000
     324475.000 ns	     32446	80006c54	c01b15d3	fcvt.wu.s	x11,f22	 f22:0xc2ffff5c x11=0x0000007f
     324515.000 ns	     32450	80006c58	580607d3	fsqrt.s	f15,f12	 f12:0xcd0a35e0 f15=0x7fc00000
     324535.000 ns	     32452	80006c5c	00af74b3	and	x9,x30,x10	 x30:0x00000000 x10:0xf75ca184  x9=0x00000000
     324565.000 ns	     32455	80006c60	18faaed3	fdiv.s	f29,f21,f15	 f21:0x7fc00000 f15:0x7fc00000 f29=0x7fc00000
     324605.000 ns	     32459	80006c64	10bd75d3	fmul.s	f11,f26,f11	 f26:0x00000000 f11:0x7fc00000 f11=0x7fc00000
     324635.000 ns	     32462	80006c68	c013fb53	fcvt.wu.s	x22,f7	  f7:0x7fc00000 x22=0xffffffff
     324655.000 ns	     32464	80006c6c	f62d1917	auipc	x18,0xf62d1	 x18=0x762d7c6c
     324675.000 ns	     32466	80006c70	c00df4d3	fcvt.w.s	x9,f27	 f27:0x00000000  x9=0x00000000
     324715.000 ns	     32470	80006c74	580b7d53	fsqrt.s	f26,f22	 f22:0xc2ffff5c f26=0x7fc00000
     324735.000 ns	     32472	80006c78	00000013	addi	x0,x0,0	  x0:0x00000000
     324745.000 ns	     32473	80006c7c	00f929b3	slt	x19,x18,x15	 x18:0x762d7c6c x15:0x00000000 x19=0x00000000
     324785.000 ns	     32477	80006c80	01e82153	fadd.s	f2,f16,f30	 f16:0x00000000 f30:0x80000000  f2=0x80000000
     324805.000 ns	     32479	80006c84	996e6317	auipc	x6,0x996e6	  x6=0x196ecc84
     324825.000 ns	     32481	80006c88	03a3c333	div	x6,x7,x26	  x7:0x7f800000 x26:0x00000000  x6=0xffffffff
     324845.000 ns	     32483	80006c8c	00e91fb3	sll	x31,x18,x14	 x18:0x762d7c6c x14:0x00000000 x31=0x762d7c6c
     324865.000 ns	     32485	80006c90	20d813d3	fsgnjn.s	f7,f16,f13	 f16:0x00000000 f13:0x80000000  f7=0x00000000
     324905.000 ns	     32489	80006c94	116c9cd3	fmul.s	f25,f25,f22	 f25:0x00000000 f22:0xc2ffff5c f25=0x80000000
     324935.000 ns	     32492	80006c98	d0058353	fcvt.s.w	f6,x11	 x11:0x0000007f  f6=0x42fe0000
     324955.000 ns	     32494	80006c9c	39314613	xori	x12,x2,915	  x2:0x00000000 x12=0x00000393
     324965.000 ns	     32495	80006ca0	000e6ab3	or	x21,x28,x0	 x28:0x00000000  x0:0x00000000 x21=0x00000000
     324975.000 ns	     32496	80006ca4	2dddaf93	slti	x31,x27,733	 x27:0x80040fe4 x31=0x00000001
     324985.000 ns	     32497	80006ca8	40fad5b3	sra	x11,x21,x15	 x21:0x00000000 x15:0x00000000 x11=0x00000000
     325005.000 ns	     32499	80006cac	03cd4a33	div	x20,x26,x28	 x26:0x00000000 x28:0x00000000 x20=0xffffffff
     325025.000 ns	     32501	80006cb0	22d42b13	slti	x22,x8,557	  x8:0x00000000 x22=0x00000001
     325045.000 ns	     32503	80006cb4	03280933	mul	x18,x16,x18	 x16:0x00000001 x18:0x762d7c6c x18=0x762d7c6c
     325085.000 ns	     32507	80006cb8	58047d53	fsqrt.s	f26,f8	  f8:0x80000000 f26=0x80000000
     325115.000 ns	     32510	80006cbc	038dd8b3	divu	x17,x27,x24	 x27:0x80040fe4 x24:0x00000000 x17=0xffffffff
     325145.000 ns	     32513	80006cc0	0226c333	div	x6,x13,x2	 x13:0x00000000  x2:0x00000000  x6=0xffffffff
     325165.000 ns	     32515	80006cc4	01db8eb3	add	x29,x23,x29	 x23:0x00000001 x29:0x00000000 x29=0x00000001
     325175.000 ns	     32516	80006cc8	50874f13	xori	x30,x14,1288	 x14:0x00000000 x30=0x00000508
     325195.000 ns	     32518	80006ccc	e0048bd3	fmv.x.w	x23,f9	  f9:0x00000000 x23=0x00000000
     325225.000 ns	     32521	80006cd0	f00c0953	fmv.w.x	f18,x24	 x24:0x00000000 f18=0x00000000
     325255.000 ns	     32524	80006cd4	d0190653	fcvt.s.wu	f12,x18	 x18:0x762d7c6c f12=0x4eec5af9
     325285.000 ns	     32527	80006cd8	c0014ad3	fcvt.w.s	x21,f2	  f2:0x80000000 x21=0x00000000
     325655.000 ns	     32564	80006cdc	03096833	rem	x16,x18,x16	 x18:0x762d7c6c x16:0x00000001 x16=0x00000000
     326025.000 ns	     32601	80006ce0	02cb67b3	rem	x15,x22,x12	 x22:0x00000001 x12:0x00000393 x15=0x00000001
     326045.000 ns	     32603	80006ce4	004cd233	srl	x4,x25,x4	 x25:0x00000001  x4:0x00000001  x4=0x00000000
     326075.000 ns	     32606	80006ce8	183bf953	fdiv.s	f18,f23,f3	 f23:0x00000000  f3:0x7f800000 f18=0x00000000
     326095.000 ns	     32608	80006cec	6e167913	andi	x18,x12,1761	 x12:0x00000393 x18=0x00000281
     326105.000 ns	     32609	80006cf0	ac58cf93	xori	x31,x17,-1339	 x17:0xffffffff x31=0x0000053a
     326115.000 ns	     32610	80006cf4	01d51d33	sll	x26,x10,x29	 x10:0xf75ca184 x29:0x00000001 x26=0xeeb94308
     326145.000 ns	     32613	80006cf8	18e4f1d3	fdiv.s	f3,f9,f14	  f9:0x00000000 f14:0xbf800000  f3=0x80000000
     326175.000 ns	     32616	80006cfc	e00b1953	fclass.s	x18,f22	 f22:0xc2ffff5c x18=0x00000002
     326205.000 ns	     32619	80006d00	f00706d3	fmv.w.x	f13,x14	 x14:0x00000000 f13=0x00000000
     326225.000 ns	     32621	80006d04	001998b3	sll	x17,x19,x1	 x19:0x00000000  x1:0x00000000 x17=0x00000000
     326235.000 ns	     32622	80006d08	d83ec993	xori	x19,x29,-637	 x29:0x00000001 x19=0xfffffd82
     326245.000 ns	     32623	80006d0c	90ae6b17	auipc	x22,0x90ae6	 x22=0x10aecd0c
     326255.000 ns	     32624	80006d10	90b1fb13	andi	x22,x3,-1781	  x3:0x00000000 x22=0x00000000
     326265.000 ns	     32625	80006d14	5a0bf613	andi	x12,x23,1440	 x23:0x00000000 x12=0x00000000
     326285.000 ns	     32627	80006d18	f0048a53	fmv.w.x	f20,x9	  x9:0x00000000 f20=0x00000000
     326315.000 ns	     32630	80006d1c	038459b3	divu	x19,x8,x24	  x8:0x00000000 x24:0x00000000 x19=0xffffffff
     326335.000 ns	     32632	80006d20	ec31b093	sltiu	x1,x3,-317	  x3:0x00000000  x1=0x00000001
     326355.000 ns	     32634	80006d24	02c50333	mul	x6,x10,x12	 x10:0xf75ca184 x12:0x00000000  x6=0x00000000
     326385.000 ns	     32637	80006d28	e00e05d3	fmv.x.w	x11,f28	 f28:0x1baf3000 x11=0x1baf3000
     326415.000 ns	     32640	80006d2c	c0107853	fcvt.wu.s	x16,f0	  f0:0x9baf3000 x16=0x00000000
     326435.000 ns	     32642	80006d30	33f92c93	slti	x25,x18,831	 x18:0x00000002 x25=0x00000001
     326455.000 ns	     32644	80006d34	219f2ed3	fsgnjx.s	f29,f30,f25	 f30:0x80000000 f25:0x80000000 f29=0x00000000
     326475.000 ns	     32646	80006d38	01899413	slli	x8,x19,0x18	 x19:0xffffffff  x8=0xff000000
     326495.000 ns	     32648	80006d3c	d0083a53	fcvt.s.w	f20,x16	 x16:0x00000000 f20=0x00000000
     326515.000 ns	     32650	80006d40	17624b93	xori	x23,x4,374	  x4:0x00000000 x23=0x00000176
     326525.000 ns	     32651	80006d44	a2d2c313	xori	x6,x5,-1491	  x5:0x80041024  x6=0x7ffbea09
     326885.000 ns	     32687	80006d48	02a67e33	remu	x28,x12,x10	 x12:0x00000000 x10:0xf75ca184 x28=0x00000000
     326905.000 ns	     32689	80006d4c	fa76c613	xori	x12,x13,-89	 x13:0x00000000 x12=0xffffffa7
     326915.000 ns	     32690	80006d50	25fefa13	andi	x20,x29,607	 x29:0x00000001 x20=0x00000001
     327275.000 ns	     32726	80006d54	03ecff33	remu	x30,x25,x30	 x25:0x00000001 x30:0x00000508 x30=0x00000001
     327295.000 ns	     32728	80006d58	1b74a713	slti	x14,x9,439	  x9:0x00000000 x14=0x00000001
     327315.000 ns	     32730	80006d5c	211f14d3	fsgnjn.s	f9,f30,f17	 f30:0x80000000 f17:0x80000000  f9=0x00000000
     327335.000 ns	     32732	80006d60	182e6f17	auipc	x30,0x182e6	 x30=0x982ecd60
     327345.000 ns	     32733	80006d64	00000013	addi	x0,x0,0	  x0:0x00000000
     327365.000 ns	     32735	80006d68	d01b7553	fcvt.s.wu	f10,x22	 x22:0x00000000 f10=0x00000000
     327385.000 ns	     32737	80006d6c	535dab13	slti	x22,x27,1333	 x27:0x80040fe4 x22=0x00000001
     327395.000 ns	     32738	80006d70	011460b3	or	x1,x8,x17	  x8:0xff000000 x17:0x00000000  x1=0xff000000
     327405.000 ns	     32739	80006d74	5d3c7093	andi	x1,x24,1491	 x24:0x00000000  x1=0x00000000
     327425.000 ns	     32741	80006d78	c01574d3	fcvt.wu.s	x9,f10	 f10:0x00000000  x9=0x00000000
     327465.000 ns	     32745	80006d7c	1928f9d3	fdiv.s	f19,f17,f18	 f17:0x80000000 f18:0x00000000 f19=0x7fc00000
     327835.000 ns	     32782	80006d80	032bd033	divu	x0,x23,x18	 x23:0x00000176 x18:0x00000002
     327875.000 ns	     32786	80006d84	109f9153	fmul.s	f2,f31,f9	 f31:0x7f800000  f9:0x00000000  f2=0x7fc00000
     327915.000 ns	     32790	80006d88	580a24d3	fsqrt.s	f9,f20	 f20:0x00000000  f9=0x00000000
     327945.000 ns	     32793	80006d8c	030d1d33	mulh	x26,x26,x16	 x26:0xeeb94308 x16:0x00000000 x26=0x00000000
     327995.000 ns	     32798	80006d90	00f58353	fadd.s	f6,f11,f15	 f11:0x7fc00000 f15:0x7fc00000  f6=0x7fc00000
     328015.000 ns	     32800	80006d94	00fcc733	xor	x14,x25,x15	 x25:0x00000001 x15:0x00000001 x14=0x00000000
     328045.000 ns	     32803	80006d98	5806c453	fsqrt.s	f8,f13	 f13:0x00000000  f8=0x00000000
     328065.000 ns	     32805	80006d9c	00c929b3	slt	x19,x18,x12	 x18:0x00000002 x12:0xffffffa7 x19=0x00000000
     328085.000 ns	     32807	80006da0	d0157ad3	fcvt.s.wu	f21,x10	 x10:0xf75ca184 f21=0x4f775ca1
     328115.000 ns	     32810	80006da4	c01d77d3	fcvt.wu.s	x15,f26	 f26:0x80000000 x15=0x00000000
     328135.000 ns	     32812	80006da8	014151b3	srl	x3,x2,x20	  x2:0x00000000 x20:0x00000001  x3=0x00000000
     328145.000 ns	     32813	80006dac	3d133613	sltiu	x12,x6,977	  x6:0x7ffbea09 x12=0x00000000
     328165.000 ns	     32815	80006db0	a15c8653	fle.s	x12,f25,f21	 f25:0x80000000 f21:0x4f775ca1 x12=0x00000001
     328185.000 ns	     32817	80006db4	00ff09b3	add	x19,x30,x15	 x30:0x982ecd60 x15:0x00000000 x19=0x982ecd60
     328205.000 ns	     32819	80006db8	02307f33	remu	x30,x0,x3	  x0:0x00000000  x3:0x00000000 x30=0x00000000
     328235.000 ns	     32822	80006dbc	c0067f53	fcvt.w.s	x30,f12	 f12:0x4eec5af9 x30=0x762d7c80
     328265.000 ns	     32825	80006dc0	0297d1b3	divu	x3,x15,x9	 x15:0x00000000  x9:0x00000000  x3=0xffffffff
     328285.000 ns	     32827	80006dc4	019455b3	srl	x11,x8,x25	  x8:0xff000000 x25:0x00000001 x11=0x7f800000
     328295.000 ns	     32828	80006dc8	98f17e93	andi	x29,x2,-1649	  x2:0x00000000 x29=0x00000000
     328305.000 ns	     32829	80006dcc	40b951b3	sra	x3,x18,x11	 x18:0x00000002 x11:0x1baf3000  x3=0x00000002
     328325.000 ns	     32831	80006dd0	d016f7d3	fcvt.s.wu	f15,x13	 x13:0x00000000 f15=0x00000000
     328345.000 ns	     32833	80006dd4	67146093	ori	x1,x8,1649	  x8:0xff000000  x1=0xff000671
     328365.000 ns	     32835	80006dd8	020d0733	mul	x14,x26,x0	 x26:0x00000000  x0:0x00000000 x14=0x00000000
     328735.000 ns	     32872	80006ddc	0378c6b3	div	x13,x17,x23	 x17:0x00000000 x23:0x00000176 x13=0x00000000
     328765.000 ns	     32875	80006de0	035c7033	remu	x0,x24,x21	 x24:0x00000000 x21:0x00000000
     328785.000 ns	     32877	80006de4	56462a13	slti	x20,x12,1380	 x12:0x00000001 x20=0x00000001
     328805.000 ns	     32879	80006de8	031ae1b3	rem	x3,x21,x17	 x21:0x00000000 x17:0x00000000  x3=0x00000000
     328825.000 ns	     32881	80006dec	402b5613	srai	x12,x22,0x2	 x22:0x00000001 x12=0x00000000
     328835.000 ns	     32882	80006df0	00a2a3b3	slt	x7,x5,x10	  x5:0x80041024 x10:0xf75ca184  x7=0x00000001
     328855.000 ns	     32884	80006df4	216225d3	fsgnjx.s	f11,f4,f22	  f4:0x7fc00000 f22:0xc2ffff5c f11=0xffc00000
     329225.000 ns	     32921	80006df8	03bf7cb3	remu	x25,x30,x27	 x30:0x762d7c80 x27:0x80040fe4 x25=0x762d7c80
     329255.000 ns	     32924	80006dfc	29e017d3	fmax.s	f15,f0,f30	  f0:0x9baf3000 f30:0x80000000 f15=0x80000000
     329275.000 ns	     32926	80006e00	4070dbb3	sra	x23,x1,x7	  x1:0xff000671  x7:0x00000001 x23=0xff800338
     329285.000 ns	     32927	80006e04	5f0cfb93	andi	x23,x25,1520	 x25:0x762d7c80 x23=0x00000480
     329305.000 ns	     32929	80006e08	a0ca9853	flt.s	x16,f21,f12	 f21:0x4f775ca1 f12:0x4eec5af9 x16=0x00000000
     329325.000 ns	     32931	80006e0c	48c4cc93	xori	x25,x9,1164	  x9:0x00000000 x25=0x0000048c
     329345.000 ns	     32933	80006e10	03a1b1b3	mulhu	x3,x3,x26	  x3:0x00000000 x26:0x00000000  x3=0x00000000
     329375.000 ns	     32936	80006e14	c001b253	fcvt.w.s	x4,f3	  f3:0x80000000  x4=0x00000000
     329405.000 ns	     32939	80006e18	f00380d3	fmv.w.x	f1,x7	  x7:0x00000001  f1=0x00000001
     329775.000 ns	     32976	80006e1c	0279f733	remu	x14,x19,x7	 x19:0x982ecd60  x7:0x00000001 x14=0x00000000
     330145.000 ns	     33013	80006e20	02a8e8b3	rem	x17,x17,x10	 x17:0x00000000 x10:0xf75ca184 x17=0x00000000
     330175.000 ns	     33016	80006e24	02e5e4b3	rem	x9,x11,x14	 x11:0x7f800000 x14:0x00000000  x9=0x7f800000
     330205.000 ns	     33019	80006e28	e0050653	fmv.x.w	x12,f10	 f10:0x00000000 x12=0x00000000
     330235.000 ns	     33022	80006e2c	02211033	mulh	x0,x2,x2	  x2:0x00000000  x2:0x00000000
     330265.000 ns	     33025	80006e30	c00df0d3	fcvt.w.s	x1,f27	 f27:0x00000000  x1=0x00000000
     330295.000 ns	     33028	80006e34	21bd9dd3	fsgnjn.s	f27,f27,f27	 f27:0x00000000 f27:0x00000000 f27=0x80000000
     330325.000 ns	     33031	80006e38	03ec37b3	mulhu	x15,x24,x30	 x24:0x00000000 x30:0x762d7c80 x15=0x00000000
     330355.000 ns	     33034	80006e3c	e00d1253	fclass.s	x4,f26	 f26:0x80000000  x4=0x00000008
     330375.000 ns	     33036	80006e40	d7a2ee13	ori	x28,x5,-646	  x5:0x80041024 x28=0xfffffd7e
     330385.000 ns	     33037	80006e44	0f95ef97	auipc	x31,0xf95e	 x31=0x8f964e44
     330415.000 ns	     33040	80006e48	5803f3d3	fsqrt.s	f7,f7	  f7:0x00000000  f7=0x00000000
     330445.000 ns	     33043	80006e4c	a0b699d3	flt.s	x19,f13,f11	 f13:0x00000000 f11:0xffc00000 x19=0x00000000
     330465.000 ns	     33045	80006e50	0dd4fe13	andi	x28,x9,221	  x9:0x7f800000 x28=0x00000000
     330475.000 ns	     33046	80006e54	01a5d393	srli	x7,x11,0x1a	 x11:0x7f800000  x7=0x0000001f
     330515.000 ns	     33050	80006e58	09487dd3	fsub.s	f27,f16,f20	 f16:0x00000000 f20:0x00000000 f27=0x80000000
     330545.000 ns	     33053	80006e5c	022e9f33	mulh	x30,x29,x2	 x29:0x00000000  x2:0x00000000 x30=0x00000000
     330565.000 ns	     33055	80006e60	0123b033	sltu	x0,x7,x18	  x7:0x0000001f x18:0x00000002
     330585.000 ns	     33057	80006e64	d0004cd3	fcvt.s.w	f25,x0	  x0:0x00000000 f25=0x00000000
     330605.000 ns	     33059	80006e68	00c81333	sll	x6,x16,x12	 x16:0x00000000 x12:0x00000000  x6=0x00000000
     330615.000 ns	     33060	80006e6c	fb52ad13	slti	x26,x5,-75	  x5:0x80041024 x26=0x00000001
     330625.000 ns	     33061	80006e70	41c805b3	sub	x11,x16,x28	 x16:0x00000000 x28:0x00000000 x11=0x00000000
     330635.000 ns	     33062	80006e74	27ca7a93	andi	x21,x20,636	 x20:0x00000001 x21=0x00000000
     330645.000 ns	     33063	80006e78	01be3eb3	sltu	x29,x28,x27	 x28:0x00000000 x27:0x80040fe4 x29=0x00000001
     330665.000 ns	     33065	80006e7c	21da2d53	fsgnjx.s	f26,f20,f29	 f20:0x00000000 f29:0x00000000 f26=0x00000000
     330695.000 ns	     33068	80006e80	e00d8053	fmv.x.w	x0,f27	 f27:0x80000000
     330725.000 ns	     33071	80006e84	28141053	fmax.s	f0,f8,f1	  f8:0x00000000  f1:0x00000001  f0=0x00000001
     330755.000 ns	     33074	80006e88	03826633	rem	x12,x4,x24	  x4:0x00000008 x24:0x00000000 x12=0x00000008
     330785.000 ns	     33077	80006e8c	c010f253	fcvt.wu.s	x4,f1	  f1:0x00000001  x4=0x00000000
     330805.000 ns	     33079	80006e90	ad9a2613	slti	x12,x20,-1319	 x20:0x00000001 x12=0x00000000
     330835.000 ns	     33082	80006e94	10f3b5d3	fmul.s	f11,f7,f15	  f7:0x00000000 f15:0x80000000 f11=0x80000000
     330865.000 ns	     33085	80006e98	c00afd53	fcvt.w.s	x26,f21	 f21:0x4f775ca1 x26=0x7fffffff
     330895.000 ns	     33088	80006e9c	296f0ed3	fmin.s	f29,f30,f22	 f30:0x80000000 f22:0xc2ffff5c f29=0xc2ffff5c
     330925.000 ns	     33091	80006ea0	021cd3b3	divu	x7,x25,x1	 x25:0x0000048c  x1:0x00000000  x7=0xffffffff
     330955.000 ns	     33094	80006ea4	02b9e233	rem	x4,x19,x11	 x19:0x00000000 x11:0x00000000  x4=0x00000000
     330985.000 ns	     33097	80006ea8	a13c0fd3	fle.s	x31,f24,f19	 f24:0x00000000 f19:0x7fc00000 x31=0x00000000
     331015.000 ns	     33100	80006eac	29b41cd3	fmax.s	f25,f8,f27	  f8:0x00000000 f27:0x80000000 f25=0x00000000
     331045.000 ns	     33103	80006eb0	2138add3	fsgnjx.s	f27,f17,f19	 f17:0x80000000 f19:0x7fc00000 f27=0x80000000
     331415.000 ns	     33140	80006eb4	0397e4b3	rem	x9,x15,x25	 x15:0x00000000 x25:0x0000048c  x9=0x00000000
     331435.000 ns	     33142	80006eb8	f4d98993	addi	x19,x19,-179	 x19:0x00000000 x19=0xffffff4d
     331455.000 ns	     33144	80006ebc	29791fd3	fmax.s	f31,f18,f23	 f18:0x00000000 f23:0x00000000 f31=0x00000000
     331495.000 ns	     33148	80006ec0	18797f53	fdiv.s	f30,f18,f7	 f18:0x00000000  f7:0x00000000 f30=0x7fc00000
     331515.000 ns	     33150	80006ec4	00ac39b3	sltu	x19,x24,x10	 x24:0x00000000 x10:0xf75ca184 x19=0x00000001
     331525.000 ns	     33151	80006ec8	00f42e33	slt	x28,x8,x15	  x8:0xff000000 x15:0x00000000 x28=0x00000001
     331545.000 ns	     33153	80006ecc	29179953	fmax.s	f18,f15,f17	 f15:0x80000000 f17:0x80000000 f18=0x80000000
     331575.000 ns	     33156	80006ed0	c01694d3	fcvt.wu.s	x9,f13	 f13:0x00000000  x9=0x00000000
     331605.000 ns	     33159	80006ed4	283980d3	fmin.s	f1,f19,f3	 f19:0x7fc00000  f3:0x80000000  f1=0x80000000
     331625.000 ns	     33161	80006ed8	00215013	srli	x0,x2,0x2	  x2:0x00000000
     331635.000 ns	     33162	80006edc	00c0ecb3	or	x25,x1,x12	  x1:0x00000000 x12:0x00000000 x25=0x00000000
     331645.000 ns	     33163	80006ee0	004ae4b3	or	x9,x21,x4	 x21:0x00000000  x4:0x00000000  x9=0x00000000
     331675.000 ns	     33166	80006ee4	19ba2753	fdiv.s	f14,f20,f27	 f20:0x00000000 f27:0x80000000 f14=0x7fc00000
     331705.000 ns	     33169	80006ee8	29ad14d3	fmax.s	f9,f26,f26	 f26:0x00000000 f26:0x00000000  f9=0x00000000
     331725.000 ns	     33171	80006eec	00000013	addi	x0,x0,0	  x0:0x00000000
     331735.000 ns	     33172	80006ef0	0075a233	slt	x4,x11,x7	 x11:0x00000000  x7:0xffffffff  x4=0x00000000
     331745.000 ns	     33173	80006ef4	00069813	slli	x16,x13,0x0	 x13:0x00000000 x16=0x00000000
     331765.000 ns	     33175	80006ef8	02d9f733	remu	x14,x19,x13	 x19:0x00000001 x13:0x00000000 x14=0x00000001
     331795.000 ns	     33178	80006efc	a0deac53	feq.s	x24,f29,f13	 f29:0xc2ffff5c f13:0x00000000 x24=0x00000000
     331815.000 ns	     33180	80006f00	15cdf913	andi	x18,x27,348	 x27:0x80040fe4 x18=0x00000144
     331825.000 ns	     33181	80006f04	009f5433	srl	x8,x30,x9	 x30:0x00000000  x9:0x00000000  x8=0x00000000
     331845.000 ns	     33183	80006f08	c01373d3	fcvt.wu.s	x7,f6	  f6:0x7fc00000  x7=0xffffffff
     331875.000 ns	     33186	80006f0c	28ab8a53	fmin.s	f20,f23,f10	 f23:0x00000000 f10:0x00000000 f20=0x00000000
     331905.000 ns	     33189	80006f10	20581253	fsgnjn.s	f4,f16,f5	 f16:0x00000000  f5:0x00000000  f4=0x80000000
     331925.000 ns	     33191	80006f14	00dd33b3	sltu	x7,x26,x13	 x26:0x7fffffff x13:0x00000000  x7=0x00000000
     331945.000 ns	     33193	80006f18	02692d33	mulhsu	x26,x18,x6	 x18:0x00000144  x6:0x00000000 x26=0x00000000
     331965.000 ns	     33195	80006f1c	015b79b3	and	x19,x22,x21	 x22:0x00000001 x21:0x00000000 x19=0x00000000
     331985.000 ns	     33197	80006f20	21e89ad3	fsgnjn.s	f21,f17,f30	 f17:0x80000000 f30:0x7fc00000 f21=0x80000000
     332015.000 ns	     33200	80006f24	a1df1ad3	flt.s	x21,f30,f29	 f30:0x7fc00000 f29:0xc2ffff5c x21=0x00000000
     332045.000 ns	     33203	80006f28	d0009ad3	fcvt.s.w	f21,x1	  x1:0x00000000 f21=0x00000000
     332085.000 ns	     33207	80006f2c	19187f53	fdiv.s	f30,f16,f17	 f16:0x00000000 f17:0x80000000 f30=0x7fc00000
     332105.000 ns	     33209	80006f30	00eb1c93	slli	x25,x22,0xe	 x22:0x00000001 x25=0x00004000
     332115.000 ns	     33210	80006f34	e1667713	andi	x14,x12,-490	 x12:0x00000000 x14=0x00000000
     332155.000 ns	     33214	80006f38	0086fad3	fadd.s	f21,f13,f8	 f13:0x00000000  f8:0x00000000 f21=0x00000000
     332175.000 ns	     33216	80006f3c	00aa8bb3	add	x23,x21,x10	 x21:0x00000000 x10:0xf75ca184 x23=0xf75ca184
     332185.000 ns	     33217	80006f40	b53a7613	andi	x12,x20,-1197	 x20:0x00000001 x12=0x00000001
     332195.000 ns	     33218	80006f44	bdb52413	slti	x8,x10,-1061	 x10:0xf75ca184  x8=0x00000001
     332205.000 ns	     33219	80006f48	00000013	addi	x0,x0,0	  x0:0x00000000
     332225.000 ns	     33221	80006f4c	03571633	mulh	x12,x14,x21	 x14:0x00000000 x21:0x00000000 x12=0x00000000
     332265.000 ns	     33225	80006f50	5800f953	fsqrt.s	f18,f1	  f1:0x80000000 f18=0x80000000
     332295.000 ns	     33228	80006f54	03a8c4b3	div	x9,x17,x26	 x17:0x00000000 x26:0x00000000  x9=0xffffffff
     332315.000 ns	     33230	80006f58	52df6e93	ori	x29,x30,1325	 x30:0x00000000 x29=0x0000052d
     332325.000 ns	     33231	80006f5c	76b5ce13	xori	x28,x11,1899	 x11:0x00000000 x28=0x0000076b
     332345.000 ns	     33233	80006f60	a09f80d3	fle.s	x1,f31,f9	 f31:0x00000000  f9:0x00000000  x1=0x00000001
     332365.000 ns	     33235	80006f64	01ca1f13	slli	x30,x20,0x1c	 x20:0x00000001 x30=0x10000000
     332385.000 ns	     33237	80006f68	d00dbfd3	fcvt.s.w	f31,x27	 x27:0x80040fe4 f31=0xcefff7e1
     332405.000 ns	     33239	80006f6c	001c3733	sltu	x14,x24,x1	 x24:0x00000000  x1:0x00000001 x14=0x00000001
     332425.000 ns	     33241	80006f70	03d89733	mulh	x14,x17,x29	 x17:0x00000000 x29:0x0000052d x14=0x00000000
     332445.000 ns	     33243	80006f74	00643bb3	sltu	x23,x8,x6	  x8:0x00000001  x6:0x00000000 x23=0x00000000
     332465.000 ns	     33245	80006f78	d00cb753	fcvt.s.w	f14,x25	 x25:0x00004000 f14=0x46800000
     332495.000 ns	     33248	80006f7c	d010fd53	fcvt.s.wu	f26,x1	  x1:0x00000001 f26=0x3f800000
     332515.000 ns	     33250	80006f80	01d0de93	srli	x29,x1,0x1d	  x1:0x00000001 x29=0x00000000
     332545.000 ns	     33253	80006f84	5802fdd3	fsqrt.s	f27,f5	  f5:0x00000000 f27=0x00000000
     332575.000 ns	     33256	80006f88	296911d3	fmax.s	f3,f18,f22	 f18:0x80000000 f22:0xc2ffff5c  f3=0x80000000
     332595.000 ns	     33258	80006f8c	65418c13	addi	x24,x3,1620	  x3:0x00000000 x24=0x00000654
     332615.000 ns	     33260	80006f90	c0097e53	fcvt.w.s	x28,f18	 f18:0x80000000 x28=0x00000000
     332635.000 ns	     33262	80006f94	d49ec613	xori	x12,x29,-695	 x29:0x00000000 x12=0xfffffd49
     332645.000 ns	     33263	80006f98	42688a93	addi	x21,x17,1062	 x17:0x00000000 x21=0x00000426
     332665.000 ns	     33265	80006f9c	e00d88d3	fmv.x.w	x17,f27	 f27:0x00000000 x17=0x00000000
     332695.000 ns	     33268	80006fa0	039db233	mulhu	x4,x27,x25	 x27:0x80040fe4 x25:0x00004000  x4=0x00002001
     332725.000 ns	     33271	80006fa4	d018f253	fcvt.s.wu	f4,x17	 x17:0x00000000  f4=0x00000000
     332755.000 ns	     33274	80006fa8	02ef07b3	mul	x15,x30,x14	 x30:0x10000000 x14:0x00000000 x15=0x00000000
     332785.000 ns	     33277	80006fac	02281233	mulh	x4,x16,x2	 x16:0x00000000  x2:0x00000000  x4=0x00000000
     332805.000 ns	     33279	80006fb0	29173d13	sltiu	x26,x14,657	 x14:0x00000000 x26=0x00000001
     332815.000 ns	     33280	80006fb4	69826593	ori	x11,x4,1688	  x4:0x00000000 x11=0x00000698
     332835.000 ns	     33282	80006fb8	c019f653	fcvt.wu.s	x12,f19	 f19:0x7fc00000 x12=0xffffffff
     332875.000 ns	     33286	80006fbc	580ebdd3	fsqrt.s	f27,f29	 f29:0xc2ffff5c f27=0x7fc00000
     332895.000 ns	     33288	80006fc0	2ed14893	xori	x17,x2,749	  x2:0x00000000 x17=0x000002ed
     332905.000 ns	     33289	80006fc4	017e5b93	srli	x23,x28,0x17	 x28:0x00000000 x23=0x00000000
     332915.000 ns	     33290	80006fc8	4b96a017	auipc	x0,0x4b96a	
     332935.000 ns	     33292	80006fcc	f00786d3	fmv.w.x	f13,x15	 x15:0x00000000 f13=0x00000000
     332965.000 ns	     33295	80006fd0	21a4a1d3	fsgnjx.s	f3,f9,f26	  f9:0x00000000 f26:0x3f800000  f3=0x00000000
     332995.000 ns	     33298	80006fd4	c015a753	fcvt.wu.s	x14,f11	 f11:0x80000000 x14=0x00000000
     333015.000 ns	     33300	80006fd8	11d6f713	andi	x14,x13,285	 x13:0x00000000 x14=0x00000000
     333025.000 ns	     33301	80006fdc	bb8dc493	xori	x9,x27,-1096	 x27:0x80040fe4  x9=0x7ffbf45c
     333045.000 ns	     33303	80006fe0	e0069753	fclass.s	x14,f13	 f13:0x00000000 x14=0x00000010
     333075.000 ns	     33306	80006fe4	022b2833	mulhsu	x16,x22,x2	 x22:0x00000001  x2:0x00000000 x16=0x00000000
     333095.000 ns	     33308	80006fe8	00ab3ab3	sltu	x21,x22,x10	 x22:0x00000001 x10:0xf75ca184 x21=0x00000001
     333115.000 ns	     33310	80006fec	d01e82d3	fcvt.s.wu	f5,x29	 x29:0x00000000  f5=0x00000000
     333145.000 ns	     33313	80006ff0	a1af97d3	flt.s	x15,f31,f26	 f31:0xcefff7e1 f26:0x3f800000 x15=0x00000001
     333175.000 ns	     33316	80006ff4	d011f3d3	fcvt.s.wu	f7,x3	  x3:0x00000000  f7=0x00000000
     333205.000 ns	     33319	80006ff8	02ca8ab3	mul	x21,x21,x12	 x21:0x00000001 x12:0xffffffff x21=0xffffffff
     333235.000 ns	     33322	80006ffc	03ae0633	mul	x12,x28,x26	 x28:0x00000000 x26:0x00000001 x12=0x00000000
     333255.000 ns	     33324	80007000	01f84eb3	xor	x29,x16,x31	 x16:0x00000000 x31:0x00000000 x29=0x00000000
     333265.000 ns	     33325	80007004	491aee93	ori	x29,x21,1169	 x21:0xffffffff x29=0xffffffff
     333285.000 ns	     33327	80007008	d001f9d3	fcvt.s.w	f19,x3	  x3:0x00000000 f19=0x00000000
     333335.000 ns	     33332	8000700c	094db8d3	fsub.s	f17,f27,f20	 f27:0x7fc00000 f20:0x00000000 f17=0x7fc00000
     333705.000 ns	     33369	80007010	0363e4b3	rem	x9,x7,x22	  x7:0x00000000 x22:0x00000001  x9=0x00000000
     334075.000 ns	     33406	80007014	034de8b3	rem	x17,x27,x20	 x27:0x80040fe4 x20:0x00000001 x17=0x00000000
     334105.000 ns	     33409	80007018	0316a6b3	mulhsu	x13,x13,x17	 x13:0x00000000 x17:0x000002ed x13=0x00000000
     334125.000 ns	     33411	8000701c	3444b713	sltiu	x14,x9,836	  x9:0x00000000 x14=0x00000001
     334135.000 ns	     33412	80007020	4029d913	srai	x18,x19,0x2	 x19:0x00000000 x18=0x00000000
     334155.000 ns	     33414	80007024	292499d3	fmax.s	f19,f9,f18	  f9:0x00000000 f18:0x80000000 f19=0x00000000
     334175.000 ns	     33416	80007028	002f9593	slli	x11,x31,0x2	 x31:0x00000000 x11=0x00000000
     334205.000 ns	     33419	8000702c	58047fd3	fsqrt.s	f31,f8	  f8:0x00000000 f31=0x00000000
     334225.000 ns	     33421	80007030	ce47f013	andi	x0,x15,-796	 x15:0x00000001
     334255.000 ns	     33424	80007034	118997d3	fmul.s	f15,f19,f24	 f19:0x00000000 f24:0x00000000 f15=0x00000000
     334285.000 ns	     33427	80007038	e0008a53	fmv.x.w	x20,f1	  f1:0x80000000 x20=0x80000000
     334305.000 ns	     33429	8000703c	41585ab3	sra	x21,x16,x21	 x16:0x00000000 x21:0xffffffff x21=0x00000000
     334335.000 ns	     33432	80007040	10a91553	fmul.s	f10,f18,f10	 f18:0x80000000 f10:0x00000000 f10=0x80000000
     334355.000 ns	     33434	80007044	00ebfb33	and	x22,x23,x14	 x23:0x00000000 x14:0x00000001 x22=0x00000000
     334375.000 ns	     33436	80007048	d0127f53	fcvt.s.wu	f30,x4	  x4:0x00000000 f30=0x00000000
     334395.000 ns	     33438	8000704c	009bab33	slt	x22,x23,x9	 x23:0x00000000  x9:0x00000000 x22=0x00000000
     334405.000 ns	     33439	80007050	00b5cbb3	xor	x23,x11,x11	 x11:0x00000000 x11:0x00000000 x23=0x00000000
     334425.000 ns	     33441	80007054	214b84d3	fsgnj.s	f9,f23,f20	 f23:0x00000000 f20:0x00000000  f9=0x00000000
     334455.000 ns	     33444	80007058	c01c8253	fcvt.wu.s	x4,f25	 f25:0x00000000  x4=0x00000000
     334505.000 ns	     33449	8000705c	096ebcd3	fsub.s	f25,f29,f22	 f29:0xc2ffff5c f22:0xc2ffff5c f25=0x00000000
     334535.000 ns	     33452	80007060	c0067cd3	fcvt.w.s	x25,f12	 f12:0x4eec5af9 x25=0x762d7c80
     334565.000 ns	     33455	80007064	e00a0f53	fmv.x.w	x30,f20	 f20:0x00000000 x30=0x00000000
     334585.000 ns	     33457	80007068	1e4da593	slti	x11,x27,484	 x27:0x80040fe4 x11=0x00000001
     334595.000 ns	     33458	8000706c	fc0a2d37	lui	x26,0xfc0a2	 x26=0xfc0a2000
     334615.000 ns	     33460	80007070	e0009f53	fclass.s	x30,f1	  f1:0x80000000 x30=0x00000008
     334635.000 ns	     33462	80007074	e5913e93	sltiu	x29,x2,-423	  x2:0x00000000 x29=0x00000001
     334645.000 ns	     33463	80007078	013a1a13	slli	x20,x20,0x13	 x20:0x80000000 x20=0x00000000
     334655.000 ns	     33464	8000707c	01efbe33	sltu	x28,x31,x30	 x31:0x00000000 x30:0x00000008 x28=0x00000001
     334665.000 ns	     33465	80007080	00b55233	srl	x4,x10,x11	 x10:0xf75ca184 x11:0x00000001  x4=0x7bae50c2
     334675.000 ns	     33466	80007084	de760213	addi	x4,x12,-537	 x12:0x00000000  x4=0xfffffde7
     334705.000 ns	     33469	80007088	10999c53	fmul.s	f24,f19,f9	 f19:0x00000000  f9:0x00000000 f24=0x00000000
     334735.000 ns	     33472	8000708c	02e52133	mulhsu	x2,x10,x14	 x10:0xf75ca184 x14:0x00000001  x2=0xffffffff
     334755.000 ns	     33474	80007090	411a5ab3	sra	x21,x20,x17	 x20:0x00000000 x17:0x00000000 x21=0x00000000
     334775.000 ns	     33476	80007094	c00cf853	fcvt.w.s	x16,f25	 f25:0x00000000 x16=0x00000000
     334805.000 ns	     33479	80007098	28f90453	fmin.s	f8,f18,f15	 f18:0x80000000 f15:0x00000000  f8=0x80000000
     334835.000 ns	     33482	8000709c	c00119d3	fcvt.w.s	x19,f2	  f2:0x7fc00000 x19=0x7fffffff
     334855.000 ns	     33484	800070a0	00f44fb3	xor	x31,x8,x15	  x8:0x00000001 x15:0x00000001 x31=0x00000000
     334865.000 ns	     33485	800070a4	669ba193	slti	x3,x23,1641	 x23:0x00000000  x3=0x00000001
     334885.000 ns	     33487	800070a8	02071233	mulh	x4,x14,x0	 x14:0x00000001  x0:0x00000000  x4=0x00000000
     334915.000 ns	     33490	800070ac	a1738ad3	fle.s	x21,f7,f23	  f7:0x00000000 f23:0x00000000 x21=0x00000001
     334935.000 ns	     33492	800070b0	2e61ab93	slti	x23,x3,742	  x3:0x00000001 x23=0x00000001
     334945.000 ns	     33493	800070b4	9fc7a213	slti	x4,x15,-1540	 x15:0x00000001  x4=0x00000000
     334965.000 ns	     33495	800070b8	a1571153	flt.s	x2,f14,f21	 f14:0x46800000 f21:0x00000000  x2=0x00000000
     334995.000 ns	     33498	800070bc	21e51fd3	fsgnjn.s	f31,f10,f30	 f10:0x80000000 f30:0x00000000 f31=0x80000000
     335015.000 ns	     33500	800070c0	2a9e3997	auipc	x19,0x2a9e3	 x19=0xaa9ea0c0
     335025.000 ns	     33501	800070c4	6dd2ce93	xori	x29,x5,1757	  x5:0x80041024 x29=0x800416f9
     335065.000 ns	     33505	800070c8	09fd1853	fsub.s	f16,f26,f31	 f26:0x3f800000 f31:0x80000000 f16=0x3f800000
     335085.000 ns	     33507	800070cc	7c43a593	slti	x11,x7,1988	  x7:0x00000000 x11=0x00000001
     335445.000 ns	     33543	800070d0	02aac933	div	x18,x21,x10	 x21:0x00000001 x10:0xf75ca184 x18=0x00000000
     335475.000 ns	     33546	800070d4	e00a1cd3	fclass.s	x25,f20	 f20:0x00000000 x25=0x00000010
     335495.000 ns	     33548	800070d8	2727a793	slti	x15,x15,626	 x15:0x00000001 x15=0x00000001
     335515.000 ns	     33550	800070dc	29870153	fmin.s	f2,f14,f24	 f14:0x46800000 f24:0x00000000  f2=0x00000000
     335535.000 ns	     33552	800070e0	01b34fb3	xor	x31,x6,x27	  x6:0x00000000 x27:0x80040fe4 x31=0x80040fe4
     335545.000 ns	     33553	800070e4	00f6e933	or	x18,x13,x15	 x13:0x00000000 x15:0x00000001 x18=0x00000001
     335575.000 ns	     33556	800070e8	10b1f4d3	fmul.s	f9,f3,f11	  f3:0x00000000 f11:0x80000000  f9=0x80000000
     335605.000 ns	     33559	800070ec	020b50b3	divu	x1,x22,x0	 x22:0x00000000  x0:0x00000000  x1=0xffffffff
     335635.000 ns	     33562	800070f0	c01c77d3	fcvt.wu.s	x15,f24	 f24:0x00000000 x15=0x00000000
     335655.000 ns	     33564	800070f4	6f010d37	lui	x26,0x6f010	 x26=0x6f010000
     335665.000 ns	     33565	800070f8	0067e733	or	x14,x15,x6	 x15:0x00000000  x6:0x00000000 x14=0x00000000
     335685.000 ns	     33567	800070fc	02c4cc33	div	x24,x9,x12	  x9:0x00000000 x12:0x00000000 x24=0xffffffff
     336055.000 ns	     33604	80007100	032b4c33	div	x24,x22,x18	 x22:0x00000000 x18:0x00000001 x24=0x00000000
     336075.000 ns	     33606	80007104	00000013	addi	x0,x0,0	  x0:0x00000000
     336095.000 ns	     33608	80007108	203e09d3	fsgnj.s	f19,f28,f3	 f28:0x1baf3000  f3:0x00000000 f19=0x1baf3000
     336115.000 ns	     33610	8000710c	41c47e13	andi	x28,x8,1052	  x8:0x00000001 x28=0x00000000
     336125.000 ns	     33611	80007110	41abd493	srai	x9,x23,0x1a	 x23:0x00000001  x9=0x00000000
     336135.000 ns	     33612	80007114	016a4e33	xor	x28,x20,x22	 x20:0x00000000 x22:0x00000000 x28=0x00000000
     336165.000 ns	     33615	80007118	1894f553	fdiv.s	f10,f9,f9	  f9:0x80000000  f9:0x80000000 f10=0x7fc00000
     336195.000 ns	     33618	8000711c	02fefab3	remu	x21,x29,x15	 x29:0x800416f9 x15:0x00000000 x21=0x800416f9
     336225.000 ns	     33621	80007120	d0087453	fcvt.s.w	f8,x16	 x16:0x00000000  f8=0x00000000
     336245.000 ns	     33623	80007124	011bf1b3	and	x3,x23,x17	 x23:0x00000001 x17:0x00000000  x3=0x00000000
     336265.000 ns	     33625	80007128	02fc1333	mulh	x6,x24,x15	 x24:0x00000000 x15:0x00000000  x6=0x00000000
     336285.000 ns	     33627	8000712c	8e0a2793	slti	x15,x20,-1824	 x20:0x00000000 x15=0x00000000
     336305.000 ns	     33629	80007130	02e72fb3	mulhsu	x31,x14,x14	 x14:0x00000000 x14:0x00000000 x31=0x00000000
     336335.000 ns	     33632	80007134	f00401d3	fmv.w.x	f3,x8	  x8:0x00000001  f3=0x00000001
     336355.000 ns	     33634	80007138	00eb5093	srli	x1,x22,0xe	 x22:0x00000000  x1=0x00000000
     336365.000 ns	     33635	8000713c	51c04793	xori	x15,x0,1308	  x0:0x00000000 x15=0x0000051c
     336385.000 ns	     33637	80007140	d00234d3	fcvt.s.w	f9,x4	  x4:0x00000000  f9=0x00000000
     336405.000 ns	     33639	80007144	01b3be33	sltu	x28,x7,x27	  x7:0x00000000 x27:0x80040fe4 x28=0x00000001
     336425.000 ns	     33641	80007148	02ec1bb3	mulh	x23,x24,x14	 x24:0x00000000 x14:0x00000000 x23=0x00000000
     336475.000 ns	     33646	8000714c	0163c653	fadd.s	f12,f7,f22	  f7:0x00000000 f22:0xc2ffff5c f12=0xc2ffff5c
     336495.000 ns	     33648	80007150	01a4b433	sltu	x8,x9,x26	  x9:0x00000000 x26:0x6f010000  x8=0x00000001
     336515.000 ns	     33650	80007154	e0049d53	fclass.s	x26,f9	  f9:0x00000000 x26=0x00000010
     336535.000 ns	     33652	80007158	414dd193	srai	x3,x27,0x14	 x27:0x80040fe4  x3=0xfffff800
     336545.000 ns	     33653	8000715c	012bda33	srl	x20,x23,x18	 x23:0x00000000 x18:0x00000001 x20=0x00000000
     336555.000 ns	     33654	80007160	011e6a33	or	x20,x28,x17	 x28:0x00000001 x17:0x00000000 x20=0x00000001
     336575.000 ns	     33656	80007164	d013bfd3	fcvt.s.wu	f31,x7	  x7:0x00000000 f31=0x00000000
     336595.000 ns	     33658	80007168	01cd0633	add	x12,x26,x28	 x26:0x00000010 x28:0x00000001 x12=0x00000011
     336615.000 ns	     33660	8000716c	e0021d53	fclass.s	x26,f4	  f4:0x00000000 x26=0x00000010
     336645.000 ns	     33663	80007170	d001c353	fcvt.s.w	f6,x3	  x3:0xfffff800  f6=0xc5000000
     336675.000 ns	     33666	80007174	03d13ab3	mulhu	x21,x2,x29	  x2:0x00000000 x29:0x800416f9 x21=0x00000000
     336695.000 ns	     33668	80007178	40195693	srai	x13,x18,0x1	 x18:0x00000001 x13=0x00000000
     336715.000 ns	     33670	8000717c	28879753	fmax.s	f14,f15,f8	 f15:0x00000000  f8:0x00000000 f14=0x00000000
     336735.000 ns	     33672	80007180	019f8cb3	add	x25,x31,x25	 x31:0x00000000 x25:0x00000010 x25=0x00000010
     336755.000 ns	     33674	80007184	c00495d3	fcvt.w.s	x11,f9	  f9:0x00000000 x11=0x00000000
     336795.000 ns	     33678	80007188	19bafcd3	fdiv.s	f25,f21,f27	 f21:0x00000000 f27:0x7fc00000 f25=0x7fc00000
     336825.000 ns	     33681	8000718c	a14aa1d3	feq.s	x3,f21,f20	 f21:0x00000000 f20:0x00000000  x3=0x00000001
     336875.000 ns	     33686	80007190	091675d3	fsub.s	f11,f12,f17	 f12:0xc2ffff5c f17:0x7fc00000 f11=0x7fc00000
     336895.000 ns	     33688	80007194	015f65b3	or	x11,x30,x21	 x30:0x00000008 x21:0x00000000 x11=0x00000008
     337255.000 ns	     33724	80007198	0259e133	rem	x2,x19,x5	 x19:0xaa9ea0c0  x5:0x80041024  x2=0xaa9ea0c0
     337275.000 ns	     33726	8000719c	00f91eb3	sll	x29,x18,x15	 x18:0x00000001 x15:0x0000051c x29=0x10000000
     337285.000 ns	     33727	800071a0	01411cb3	sll	x25,x2,x20	  x2:0xaa9ea0c0 x20:0x00000001 x25=0x553d4180
     337305.000 ns	     33729	800071a4	03772633	mulhsu	x12,x14,x23	 x14:0x00000000 x23:0x00000000 x12=0x00000000
     337325.000 ns	     33731	800071a8	00b175b3	and	x11,x2,x11	  x2:0xaa9ea0c0 x11:0x00000008 x11=0x00000000
     337345.000 ns	     33733	800071ac	c0064353	fcvt.w.s	x6,f12	 f12:0xc2ffff5c  x6=0xffffff80
     337385.000 ns	     33737	800071b0	195dcdd3	fdiv.s	f27,f27,f21	 f27:0x7fc00000 f21:0x00000000 f27=0x7fc00000
     337405.000 ns	     33739	800071b4	00000013	addi	x0,x0,0	  x0:0x00000000
     337435.000 ns	     33742	800071b8	10abf0d3	fmul.s	f1,f23,f10	 f23:0x00000000 f10:0x7fc00000  f1=0x7fc00000
     337455.000 ns	     33744	800071bc	018360b3	or	x1,x6,x24	  x6:0xffffff80 x24:0x00000000  x1=0xffffff80
     337475.000 ns	     33746	800071c0	f00503d3	fmv.w.x	f7,x10	 x10:0xf75ca184  f7=0xf75ca184
     337505.000 ns	     33749	800071c4	d00bc153	fcvt.s.w	f2,x23	 x23:0x00000000  f2=0x00000000
     337525.000 ns	     33751	800071c8	006c7ab3	and	x21,x24,x6	 x24:0x00000000  x6:0xffffff80 x21=0x00000000
     337535.000 ns	     33752	800071cc	00d4d133	srl	x2,x9,x13	  x9:0x00000000 x13:0x00000000  x2=0x00000000
     337555.000 ns	     33754	800071d0	f00f8a53	fmv.w.x	f20,x31	 x31:0x00000000 f20=0x00000000
     337585.000 ns	     33757	800071d4	0231a733	mulhsu	x14,x3,x3	  x3:0x00000001  x3:0x00000001 x14=0x00000000
     337605.000 ns	     33759	800071d8	00359493	slli	x9,x11,0x3	 x11:0x00000000  x9=0x00000000
     337625.000 ns	     33761	800071dc	038f2933	mulhsu	x18,x30,x24	 x30:0x00000008 x24:0x00000000 x18=0x00000000
     337655.000 ns	     33764	800071e0	c0068453	fcvt.w.s	x8,f13	 f13:0x00000000  x8=0x00000000
     337675.000 ns	     33766	800071e4	01e5d893	srli	x17,x11,0x1e	 x11:0x00000000 x17=0x00000000
     337695.000 ns	     33768	800071e8	d00c3ed3	fcvt.s.w	f29,x24	 x24:0x00000000 f29=0x00000000
     337715.000 ns	     33770	800071ec	ea8fea93	ori	x21,x31,-344	 x31:0x00000000 x21=0xfffffea8
     337735.000 ns	     33772	800071f0	218e8bd3	fsgnj.s	f23,f29,f24	 f29:0x00000000 f24:0x00000000 f23=0x00000000
     337755.000 ns	     33774	800071f4	b3adf5b7	lui	x11,0xb3adf	 x11=0xb3adf000
     337765.000 ns	     33775	800071f8	01915e13	srli	x28,x2,0x19	  x2:0x00000000 x28=0x00000000
     337785.000 ns	     33777	800071fc	219e18d3	fsgnjn.s	f17,f28,f25	 f28:0x1baf3000 f25:0x7fc00000 f17=0x9baf3000
     337805.000 ns	     33779	80007200	a7664f93	xori	x31,x12,-1418	 x12:0x00000000 x31=0xfffffa76
     337825.000 ns	     33781	80007204	0217b5b3	mulhu	x11,x15,x1	 x15:0x0000051c  x1:0xffffff80 x11=0x0000051b
     337855.000 ns	     33784	80007208	a1b71cd3	flt.s	x25,f14,f27	 f14:0x00000000 f27:0x7fc00000 x25=0x00000000
     337885.000 ns	     33787	8000720c	c0179053	fcvt.wu.s	x0,f15	 f15:0x00000000
     337905.000 ns	     33789	80007210	f2b39837	lui	x16,0xf2b39	 x16=0xf2b39000
     337925.000 ns	     33791	80007214	d01f4753	fcvt.s.wu	f14,x30	 x30:0x00000008 f14=0x41000000
     337945.000 ns	     33793	80007218	40b4dc93	srai	x25,x9,0xb	  x9:0x00000000 x25=0x00000000
     337975.000 ns	     33796	8000721c	10d63553	fmul.s	f10,f12,f13	 f12:0xc2ffff5c f13:0x00000000 f10=0x80000000
     338015.000 ns	     33800	80007220	189975d3	fdiv.s	f11,f18,f9	 f18:0x80000000  f9:0x00000000 f11=0x7fc00000
     338035.000 ns	     33802	80007224	01f39993	slli	x19,x7,0x1f	  x7:0x00000000 x19=0x00000000
     338055.000 ns	     33804	80007228	c0178153	fcvt.wu.s	x2,f15	 f15:0x00000000  x2=0x00000000
     338075.000 ns	     33806	8000722c	01a82c33	slt	x24,x16,x26	 x16:0xf2b39000 x26:0x00000010 x24=0x00000001
     338085.000 ns	     33807	80007230	e70df793	andi	x15,x27,-400	 x27:0x80040fe4 x15=0x80040e60
     338105.000 ns	     33809	80007234	02873bb3	mulhu	x23,x14,x8	 x14:0x00000000  x8:0x00000000 x23=0x00000000
     338125.000 ns	     33811	80007238	015b7cb3	and	x25,x22,x21	 x22:0x00000000 x21:0xfffffea8 x25=0x00000000
     338145.000 ns	     33813	8000723c	d016fe53	fcvt.s.wu	f28,x13	 x13:0x00000000 f28=0x00000000
     338165.000 ns	     33815	80007240	01f19bb3	sll	x23,x3,x31	  x3:0x00000001 x31:0xfffffa76 x23=0x00400000
     338185.000 ns	     33817	80007244	a1b51c53	flt.s	x24,f10,f27	 f10:0x80000000 f27:0x7fc00000 x24=0x00000000
     338225.000 ns	     33821	80007248	1093ccd3	fmul.s	f25,f7,f9	  f7:0xf75ca184  f9:0x00000000 f25=0x80000000
     338255.000 ns	     33824	8000724c	d006f4d3	fcvt.s.w	f9,x13	 x13:0x00000000  f9=0x00000000
     338285.000 ns	     33827	80007250	a19f2153	feq.s	x2,f30,f25	 f30:0x00000000 f25:0x80000000  x2=0x00000001
     338315.000 ns	     33830	80007254	a1759453	flt.s	x8,f11,f23	 f11:0x7fc00000 f23:0x00000000  x8=0x00000000
     338335.000 ns	     33832	80007258	4129d733	sra	x14,x19,x18	 x19:0x00000000 x18:0x00000000 x14=0x00000000
     338345.000 ns	     33833	8000725c	01a33033	sltu	x0,x6,x26	  x6:0xffffff80 x26:0x00000010
     338365.000 ns	     33835	80007260	28ea92d3	fmax.s	f5,f21,f14	 f21:0x00000000 f14:0x41000000  f5=0x41000000
     338385.000 ns	     33837	80007264	6cdb2337	lui	x6,0x6cdb2	  x6=0x6cdb2000
     338745.000 ns	     33873	80007268	03ebf1b3	remu	x3,x23,x30	 x23:0x00400000 x30:0x00000008  x3=0x00000000
     339115.000 ns	     33910	8000726c	03d45233	divu	x4,x8,x29	  x8:0x00000000 x29:0x10000000  x4=0x00000000
     339145.000 ns	     33913	80007270	02163033	mulhu	x0,x12,x1	 x12:0x00000000  x1:0xffffff80
     339165.000 ns	     33915	80007274	41108133	sub	x2,x1,x17	  x1:0xffffff80 x17:0x00000000  x2=0xffffff80
     339185.000 ns	     33917	80007278	02d403b3	mul	x7,x8,x13	  x8:0x00000000 x13:0x00000000  x7=0x00000000
     339225.000 ns	     33921	8000727c	11764bd3	fmul.s	f23,f12,f23	 f12:0xc2ffff5c f23:0x00000000 f23=0x80000000
     339255.000 ns	     33924	80007280	02ccf833	remu	x16,x25,x12	 x25:0x00000000 x12:0x00000000 x16=0x00000000
     339285.000 ns	     33927	80007284	a07f21d3	feq.s	x3,f30,f7	 f30:0x00000000  f7:0xf75ca184  x3=0x00000000
     339305.000 ns	     33929	80007288	01aa45b3	xor	x11,x20,x26	 x20:0x00000001 x26:0x00000010 x11=0x00000011
     339335.000 ns	     33932	8000728c	182f2e53	fdiv.s	f28,f30,f2	 f30:0x00000000  f2:0x00000000 f28=0x7fc00000
     339355.000 ns	     33934	80007290	41670e33	sub	x28,x14,x22	 x14:0x00000000 x22:0x00000000 x28=0x00000000
     340525.000 ns	     34051	80007294	580776d3	fsqrt.s	f13,f14	 f14:0x41000000 f13=0x3fb50482
     340555.000 ns	     34054	80007298	d00afe53	fcvt.s.w	f28,x21	 x21:0xfffffea8 f28=0xc3ac0000
     340585.000 ns	     34057	8000729c	c00ef7d3	fcvt.w.s	x15,f29	 f29:0x00000000 x15=0x00000000
     340625.000 ns	     34061	800072a0	1124f453	fmul.s	f8,f9,f18	  f9:0x00000000 f18:0x80000000  f8=0x80000000
     340675.000 ns	     34066	800072a4	08d5f353	fsub.s	f6,f11,f13	 f11:0x7fc00000 f13:0x3fb50482  f6=0x7fc00000
     340725.000 ns	     34071	800072a8	08ed71d3	fsub.s	f3,f26,f14	 f26:0x3f800000 f14:0x41000000  f3=0xc0e00000
     340745.000 ns	     34073	800072ac	31a3f913	andi	x18,x7,794	  x7:0x00000000 x18=0x00000000
     340755.000 ns	     34074	800072b0	018868b3	or	x17,x16,x24	 x16:0x00000000 x24:0x00000000 x17=0x00000000
     340775.000 ns	     34076	800072b4	023e4bb3	div	x23,x28,x3	 x28:0x00000000  x3:0x00000000 x23=0xffffffff
     340795.000 ns	     34078	800072b8	01caf733	and	x14,x21,x28	 x21:0xfffffea8 x28:0x00000000 x14=0x00000000
     340825.000 ns	     34081	800072bc	10440953	fmul.s	f18,f8,f4	  f8:0x80000000  f4:0x00000000 f18=0x80000000
     340855.000 ns	     34084	800072c0	2115ae53	fsgnjx.s	f28,f11,f17	 f11:0x7fc00000 f17:0x9baf3000 f28=0xffc00000
     340875.000 ns	     34086	800072c4	411a8233	sub	x4,x21,x17	 x21:0xfffffea8 x17:0x00000000  x4=0xfffffea8
     341235.000 ns	     34122	800072c8	02a57a33	remu	x20,x10,x10	 x10:0xf75ca184 x10:0xf75ca184 x20=0x00000000
     341265.000 ns	     34125	800072cc	a01587d3	fle.s	x15,f11,f1	 f11:0x7fc00000  f1:0x7fc00000 x15=0x00000000
     341295.000 ns	     34128	800072d0	f0060653	fmv.w.x	f12,x12	 x12:0x00000000 f12=0x00000000
     341315.000 ns	     34130	800072d4	001a9613	slli	x12,x21,0x1	 x21:0xfffffea8 x12=0xfffffd50
     341335.000 ns	     34132	800072d8	c00cb0d3	fcvt.w.s	x1,f25	 f25:0x80000000  x1=0x00000000
     341355.000 ns	     34134	800072dc	00e453b3	srl	x7,x8,x14	  x8:0x00000000 x14:0x00000000  x7=0x00000000
     341375.000 ns	     34136	800072e0	03c4c7b3	div	x15,x9,x28	  x9:0x00000000 x28:0x00000000 x15=0xffffffff
     341395.000 ns	     34138	800072e4	90d6b213	sltiu	x4,x13,-1779	 x13:0x00000000  x4=0x00000001
     341415.000 ns	     34140	800072e8	a02b1fd3	flt.s	x31,f22,f2	 f22:0xc2ffff5c  f2:0x00000000 x31=0x00000001
     341435.000 ns	     34142	800072ec	00390ab3	add	x21,x18,x3	 x18:0x00000000  x3:0x00000000 x21=0x00000000
     341455.000 ns	     34144	800072f0	031699b3	mulh	x19,x13,x17	 x13:0x00000000 x17:0x00000000 x19=0x00000000
     341485.000 ns	     34147	800072f4	025407b3	mul	x15,x8,x5	  x8:0x00000000  x5:0x80041024 x15=0x00000000
     341505.000 ns	     34149	800072f8	1cb7af13	slti	x30,x15,459	 x15:0xffffffff x30=0x00000001
     341515.000 ns	     34150	800072fc	4083d033	sra	x0,x7,x8	  x7:0x00000000  x8:0x00000000
     341535.000 ns	     34152	80007300	038b9fb3	mulh	x31,x23,x24	 x23:0xffffffff x24:0x00000000 x31=0x00000000
     341565.000 ns	     34155	80007304	027b38b3	mulhu	x17,x22,x7	 x22:0x00000000  x7:0x00000000 x17=0x00000000
     341595.000 ns	     34158	80007308	02bbb933	mulhu	x18,x23,x11	 x23:0xffffffff x11:0x00000011 x18=0x00000010
     341645.000 ns	     34163	8000730c	01c07653	fadd.s	f12,f0,f28	  f0:0x00000001 f28:0xffc00000 f12=0x7fc00000
     341665.000 ns	     34165	80007310	c3f00813	addi	x16,x0,-961	  x0:0x00000000 x16=0xfffffc3f
     341675.000 ns	     34166	80007314	01f5f1b3	and	x3,x11,x31	 x11:0x00000011 x31:0x00000000  x3=0x00000000
     341695.000 ns	     34168	80007318	035b3eb3	mulhu	x29,x22,x21	 x22:0x00000000 x21:0x00000000 x29=0x00000000
     341715.000 ns	     34170	8000731c	106f4097	auipc	x1,0x106f4	  x1=0x906fb31c
     341725.000 ns	     34171	80007320	0085cc33	xor	x24,x11,x8	 x11:0x00000011  x8:0x00000000 x24=0x00000011
     341745.000 ns	     34173	80007324	03069033	mulh	x0,x13,x16	 x13:0x00000000 x16:0xfffffc3f
     341765.000 ns	     34175	80007328	0111fc33	and	x24,x3,x17	  x3:0x00000000 x17:0x00000000 x24=0x00000000
     341775.000 ns	     34176	8000732c	0057db33	srl	x22,x15,x5	 x15:0x00000000  x5:0x80041024 x22=0x00000000
     341795.000 ns	     34178	80007330	21679053	fsgnjn.s	f0,f15,f22	 f15:0x00000000 f22:0xc2ffff5c  f0=0x00000000
     341815.000 ns	     34180	80007334	80d74937	lui	x18,0x80d74	 x18=0x80d74000
     341825.000 ns	     34181	80007338	c94fc497	auipc	x9,0xc94fc	  x9=0x49503338
     341845.000 ns	     34183	8000733c	c004f1d3	fcvt.w.s	x3,f9	  f9:0x00000000  x3=0x00000000
     341865.000 ns	     34185	80007340	9f5ac013	xori	x0,x21,-1547	 x21:0x00000000
     341875.000 ns	     34186	80007344	01b10eb3	add	x29,x2,x27	  x2:0xffffff80 x27:0x80040fe4 x29=0x80040f64
     341895.000 ns	     34188	80007348	039cbe33	mulhu	x28,x25,x25	 x25:0x00000000 x25:0x00000000 x28=0x00000000
     341915.000 ns	     34190	8000734c	1017a213	slti	x4,x15,257	 x15:0x00000000  x4=0x00000001
     341935.000 ns	     34192	80007350	03d0bfb3	mulhu	x31,x1,x29	  x1:0x906fb31c x29:0x80040f64 x31=0x483a23fb
     341965.000 ns	     34195	80007354	0348f133	remu	x2,x17,x20	 x17:0x00000000 x20:0x00000000  x2=0x00000000
     341985.000 ns	     34197	80007358	663afc93	andi	x25,x21,1635	 x21:0x00000000 x25=0x00000000
     342005.000 ns	     34199	8000735c	f00d08d3	fmv.w.x	f17,x26	 x26:0x00000010 f17=0x00000010
     342035.000 ns	     34202	80007360	039c5eb3	divu	x29,x24,x25	 x24:0x00000000 x25:0x00000000 x29=0xffffffff
     342055.000 ns	     34204	80007364	01941eb3	sll	x29,x8,x25	  x8:0x00000000 x25:0x00000000 x29=0x00000000
     342065.000 ns	     34205	80007368	40e5d3b3	sra	x7,x11,x14	 x11:0x00000011 x14:0x00000000  x7=0x00000011
     342075.000 ns	     34206	8000736c	017e9993	slli	x19,x29,0x17	 x29:0xffffffff x19=0x00000000
     342095.000 ns	     34208	80007370	a18dafd3	feq.s	x31,f27,f24	 f27:0x7fc00000 f24:0x00000000 x31=0x00000000
     342125.000 ns	     34211	80007374	e00105d3	fmv.x.w	x11,f2	  f2:0x00000000 x11=0x00000000
     342155.000 ns	     34214	80007378	20b909d3	fsgnj.s	f19,f18,f11	 f18:0x80000000 f11:0x7fc00000 f19=0x00000000
     342185.000 ns	     34217	8000737c	03a13933	mulhu	x18,x2,x26	  x2:0x00000000 x26:0x00000010 x18=0x00000000
     342215.000 ns	     34220	80007380	f0058253	fmv.w.x	f4,x11	 x11:0x00000000  f4=0x00000000
     342235.000 ns	     34222	80007384	57a53813	sltiu	x16,x10,1402	 x10:0xf75ca184 x16=0x00000000
     342245.000 ns	     34223	80007388	000667b3	or	x15,x12,x0	 x12:0xfffffd50  x0:0x00000000 x15=0xfffffd50
     342255.000 ns	     34224	8000738c	c99a17b7	lui	x15,0xc99a1	 x15=0xc99a1000
     342275.000 ns	     34226	80007390	a0ec1d53	flt.s	x26,f24,f14	 f24:0x00000000 f14:0x41000000 x26=0x00000001
     342305.000 ns	     34229	80007394	020226b3	mulhsu	x13,x4,x0	  x4:0x00000001  x0:0x00000000 x13=0x00000000
     342325.000 ns	     34231	80007398	0009d633	srl	x12,x19,x0	 x19:0x00000000  x0:0x00000000 x12=0x00000000
     342345.000 ns	     34233	8000739c	c000f753	fcvt.w.s	x14,f1	  f1:0x7fc00000 x14=0x7fffffff
     342365.000 ns	     34235	800073a0	cfad6a17	auipc	x20,0xcfad6	 x20=0x4fadd3a0
     342375.000 ns	     34236	800073a4	bc2a0693	addi	x13,x20,-1086	 x20:0x00000000 x13=0x4fadcf62
     342395.000 ns	     34238	800073a8	a071ae53	feq.s	x28,f3,f7	  f3:0xc0e00000  f7:0xf75ca184 x28=0x00000000
     342415.000 ns	     34240	800073ac	00619633	sll	x12,x3,x6	  x3:0x00000000  x6:0x6cdb2000 x12=0x00000000
     342425.000 ns	     34241	800073b0	fca94c17	auipc	x24,0xfca94	 x24=0x7ca9b3b0
     342435.000 ns	     34242	800073b4	2c5c60b7	lui	x1,0x2c5c6	  x1=0x2c5c6000
     342475.000 ns	     34246	800073b8	003bf9d3	fadd.s	f19,f23,f3	 f23:0x80000000  f3:0xc0e00000 f19=0xc0e00000
     342505.000 ns	     34249	800073bc	d004f153	fcvt.s.w	f2,x9	  x9:0x49503338  f2=0x4e92a066
     342535.000 ns	     34252	800073c0	a0698153	fle.s	x2,f19,f6	 f19:0xc0e00000  f6:0x7fc00000  x2=0x00000000
     342565.000 ns	     34255	800073c4	c00a9e53	fcvt.w.s	x28,f21	 f21:0x00000000 x28=0x00000000
     342585.000 ns	     34257	800073c8	82aceb97	auipc	x23,0x82ace	 x23=0x02ad53c8
     342595.000 ns	     34258	800073cc	46c6c013	xori	x0,x13,1132	 x13:0x4fadcf62
     342615.000 ns	     34260	800073d0	291c9f53	fmax.s	f30,f25,f17	 f25:0x80000000 f17:0x00000010 f30=0x00000010
     342665.000 ns	     34265	800073d4	01272ed3	fadd.s	f29,f14,f18	 f14:0x41000000 f18:0x80000000 f29=0x41000000
     342685.000 ns	     34267	800073d8	48de0393	addi	x7,x28,1165	 x28:0x00000000  x7=0x0000048d
     342695.000 ns	     34268	800073dc	41e606b3	sub	x13,x12,x30	 x12:0x00000000 x30:0x00000001 x13=0xffffffff
     342715.000 ns	     34270	800073e0	d010f953	fcvt.s.wu	f18,x1	  x1:0x2c5c6000 f18=0x4e317180
     342735.000 ns	     34272	800073e4	01909933	sll	x18,x1,x25	  x1:0x2c5c6000 x25:0x00000000 x18=0x2c5c6000
     342755.000 ns	     34274	800073e8	29f89253	fmax.s	f4,f17,f31	 f17:0x00000010 f31:0x00000000  f4=0x00000010
     342775.000 ns	     34276	800073ec	01ebc7b3	xor	x15,x23,x30	 x23:0x02ad53c8 x30:0x00000001 x15=0x02ad53c9
     342795.000 ns	     34278	800073f0	21090ed3	fsgnj.s	f29,f18,f16	 f18:0x4e317180 f16:0x3f800000 f29=0x4e317180
     342815.000 ns	     34280	800073f4	015cf6b3	and	x13,x25,x21	 x25:0x00000000 x21:0x00000000 x13=0x00000000
     342835.000 ns	     34282	800073f8	299911d3	fmax.s	f3,f18,f25	 f18:0x4e317180 f25:0x80000000  f3=0x4e317180
     343175.000 ns	     34316	800073fc	1901aed3	fdiv.s	f29,f3,f16	  f3:0xc0e00000 f16:0x3f800000 f29=0x4e3170f5
     343205.000 ns	     34319	80007400	02d20033	mul	x0,x4,x13	  x4:0x00000001 x13:0x00000000
     343575.000 ns	     34356	80007404	03a96eb3	rem	x29,x18,x26	 x18:0x2c5c6000 x26:0x00000001 x29=0x00000000
     343595.000 ns	     34358	80007408	412a0733	sub	x14,x20,x18	 x20:0x4fadd3a0 x18:0x2c5c6000 x14=0x235173a0
     343615.000 ns	     34360	8000740c	d01372d3	fcvt.s.wu	f5,x6	  x6:0x6cdb2000  f5=0x4ed9b640
     343635.000 ns	     34362	80007410	00000013	addi	x0,x0,0	  x0:0x00000000
     343655.000 ns	     34364	80007414	a12787d3	fle.s	x15,f15,f18	 f15:0x00000000 f18:0x4e317180 x15=0x00000001
     343695.000 ns	     34368	80007418	192a2453	fdiv.s	f8,f20,f18	 f20:0x00000000 f18:0x4e317180  f8=0x00000000
     343725.000 ns	     34371	8000741c	a1359353	flt.s	x6,f11,f19	 f11:0x7fc00000 f19:0xc0e00000  x6=0x00000000
     343755.000 ns	     34374	80007420	f00484d3	fmv.w.x	f9,x9	  x9:0x49503338  f9=0x49503338
     343785.000 ns	     34377	80007424	036e75b3	remu	x11,x28,x22	 x28:0x00000000 x22:0x00000000 x11=0x00000000
     343815.000 ns	     34380	80007428	d00208d3	fcvt.s.w	f17,x4	  x4:0x00000001 f17=0x3f800000
     343835.000 ns	     34382	8000742c	018729b3	slt	x19,x14,x24	 x14:0x235173a0 x24:0x7ca9b3b0 x19=0x00000001
     343855.000 ns	     34384	80007430	a0ea8a53	fle.s	x20,f21,f14	 f21:0x00000000 f14:0x41000000 x20=0x00000001
     343875.000 ns	     34386	80007434	010ad013	srli	x0,x21,0x10	 x21:0x00000000
     343895.000 ns	     34388	80007438	d00ef053	fcvt.s.w	f0,x29	 x29:0x00000000  f0=0x00000000
     343925.000 ns	     34391	8000743c	20aeabd3	fsgnjx.s	f23,f29,f10	 f29:0x4e3170f5 f10:0x80000000 f23=0xce3170f5
     343955.000 ns	     34394	80007440	20e21f53	fsgnjn.s	f30,f4,f14	  f4:0x00000010 f14:0x41000000 f30=0x80000010
     343985.000 ns	     34397	80007444	02245c33	divu	x24,x8,x2	  x8:0x00000000  x2:0x00000000 x24=0xffffffff
     344005.000 ns	     34399	80007448	016f1833	sll	x16,x30,x22	 x30:0x00000001 x22:0x00000000 x16=0x00000001
     344025.000 ns	     34401	8000744c	03292fb3	mulhsu	x31,x18,x18	 x18:0x2c5c6000 x18:0x2c5c6000 x31=0x07afe255
     344055.000 ns	     34404	80007450	d0197cd3	fcvt.s.wu	f25,x18	 x18:0x2c5c6000 f25=0x4e317180
     344085.000 ns	     34407	80007454	024599b3	mulh	x19,x11,x4	 x11:0x00000000  x4:0x00000001 x19=0x00000000
     344105.000 ns	     34409	80007458	56c87613	andi	x12,x16,1388	 x16:0x00000001 x12=0x00000000
     344115.000 ns	     34410	8000745c	01a709b3	add	x19,x14,x26	 x14:0x235173a0 x26:0x00000001 x19=0x235173a1
     344155.000 ns	     34414	80007460	018c9fd3	fadd.s	f31,f25,f24	 f25:0x4e317180 f24:0x00000000 f31=0x4e317180
     344185.000 ns	     34417	80007464	f00e07d3	fmv.w.x	f15,x28	 x28:0x00000000 f15=0x00000000
     344555.000 ns	     34454	80007468	03e76b33	rem	x22,x14,x30	 x14:0x235173a0 x30:0x00000001 x22=0x00000000
     344575.000 ns	     34456	8000746c	40005833	sra	x16,x0,x0	  x0:0x00000000  x0:0x00000000 x16=0x00000000
     344595.000 ns	     34458	80007470	20a516d3	fsgnjn.s	f13,f10,f10	 f10:0x80000000 f10:0x80000000 f13=0x00000000
     344615.000 ns	     34460	80007474	00f99a33	sll	x20,x19,x15	 x19:0x235173a1 x15:0x00000001 x20=0x46a2e742
     344625.000 ns	     34461	80007478	01b79d33	sll	x26,x15,x27	 x15:0x00000001 x27:0x80040fe4 x26=0x00000010
     344645.000 ns	     34463	8000747c	21990bd3	fsgnj.s	f23,f18,f25	 f18:0x4e317180 f25:0x4e317180 f23=0x4e317180
     344665.000 ns	     34465	80007480	015c8b33	add	x22,x25,x21	 x25:0x00000000 x21:0x00000000 x22=0x00000000
     344675.000 ns	     34466	80007484	00255593	srli	x11,x10,0x2	 x10:0xf75ca184 x11=0x3dd72861
     344705.000 ns	     34469	80007488	5803bcd3	fsqrt.s	f25,f7	  f7:0xf75ca184 f25=0x7fc00000
     344725.000 ns	     34471	8000748c	0096dab3	srl	x21,x13,x9	 x13:0x00000000  x9:0x49503338 x21=0x00000000
     345845.000 ns	     34583	80007490	580272d3	fsqrt.s	f5,f4	  f4:0x00000010  f5=0x1f35049a
     345875.000 ns	     34586	80007494	293115d3	fmax.s	f11,f2,f19	  f2:0x4e92a066 f19:0xc0e00000 f11=0x4e92a066
     345905.000 ns	     34589	80007498	020156b3	divu	x13,x2,x0	  x2:0x00000000  x0:0x00000000 x13=0xffffffff
     345935.000 ns	     34592	8000749c	e00a91d3	fclass.s	x3,f21	 f21:0x00000000  x3=0x00000010
     345955.000 ns	     34594	800074a0	01974ab3	xor	x21,x14,x25	 x14:0x235173a0 x25:0x00000000 x21=0x235173a0
     345965.000 ns	     34595	800074a4	010a5a13	srli	x20,x20,0x10	 x20:0x46a2e742 x20=0x000046a2
     345985.000 ns	     34597	800074a8	0296a8b3	mulhsu	x17,x13,x9	 x13:0xffffffff  x9:0x49503338 x17=0xffffffff
     346015.000 ns	     34600	800074ac	03f62c33	mulhsu	x24,x12,x31	 x12:0x00000000 x31:0x07afe255 x24=0x00000000
     346035.000 ns	     34602	800074b0	00d06f33	or	x30,x0,x13	  x0:0x00000000 x13:0xffffffff x30=0xffffffff
     346055.000 ns	     34604	800074b4	d00af553	fcvt.s.w	f10,x21	 x21:0x235173a0 f10=0x4e0d45ce
     346085.000 ns	     34607	800074b8	e0001fd3	fclass.s	x31,f0	  f0:0x00000000 x31=0x00000010
     346115.000 ns	     34610	800074bc	e00986d3	fmv.x.w	x13,f19	 f19:0xc0e00000 x13=0xc0e00000
     346135.000 ns	     34612	800074c0	0117dfb3	srl	x31,x15,x17	 x15:0x00000001 x17:0xffffffff x31=0x00000000
     346145.000 ns	     34613	800074c4	32c0f893	andi	x17,x1,812	  x1:0x2c5c6000 x17=0x00000000
     346165.000 ns	     34615	800074c8	d01cfad3	fcvt.s.wu	f21,x25	 x25:0x00000000 f21=0x00000000
     346195.000 ns	     34618	800074cc	d00e1dd3	fcvt.s.w	f27,x28	 x28:0x00000000 f27=0x00000000
     346215.000 ns	     34620	800074d0	4004d9b3	sra	x19,x9,x0	  x9:0x49503338  x0:0x00000000 x19=0x49503338
     346225.000 ns	     34621	800074d4	db196c13	ori	x24,x18,-591	 x18:0x2c5c6000 x24=0xfffffdb1
     346235.000 ns	     34622	800074d8	40f70d33	sub	x26,x14,x15	 x14:0x235173a0 x15:0x00000001 x26=0x2351739f
     346245.000 ns	     34623	800074dc	c302a813	slti	x16,x5,-976	  x5:0x80041024 x16=0x00000001
     346255.000 ns	     34624	800074e0	0c80bf93	sltiu	x31,x1,200	  x1:0x2c5c6000 x31=0x00000000
     346265.000 ns	     34625	800074e4	7dd52f93	slti	x31,x10,2013	 x10:0xf75ca184 x31=0x00000001
     346275.000 ns	     34626	800074e8	0054dfb3	srl	x31,x9,x5	  x9:0x49503338  x5:0x80041024 x31=0x04950333
     346295.000 ns	     34628	800074ec	29f68053	fmin.s	f0,f13,f31	 f13:0x00000000 f31:0x4e317180  f0=0x00000000
     346315.000 ns	     34630	800074f0	41fe8eb3	sub	x29,x29,x31	 x29:0x00000000 x31:0x00000001 x29=0xfb6afccd
     346335.000 ns	     34632	800074f4	03213bb3	mulhu	x23,x2,x18	  x2:0x00000000 x18:0x2c5c6000 x23=0x00000000
     346705.000 ns	     34669	800074f8	02af7633	remu	x12,x30,x10	 x30:0xffffffff x10:0xf75ca184 x12=0x08a35e7b
     346725.000 ns	     34671	800074fc	01529033	sll	x0,x5,x21	  x5:0x80041024 x21:0x235173a0
     346735.000 ns	     34672	80007500	00cd48b3	xor	x17,x26,x12	 x26:0x2351739f x12:0x08a35e7b x17=0x2bf22de4
     346755.000 ns	     34674	80007504	201d8bd3	fsgnj.s	f23,f27,f1	 f27:0x00000000  f1:0x7fc00000 f23=0x00000000
     346785.000 ns	     34677	80007508	02f3b033	mulhu	x0,x7,x15	  x7:0x0000048d x15:0x00000001
     346815.000 ns	     34680	8000750c	28b58753	fmin.s	f14,f11,f11	 f11:0x4e92a066 f11:0x4e92a066 f14=0x4e92a066
     346855.000 ns	     34684	80007510	580b11d3	fsqrt.s	f3,f22	 f22:0xc2ffff5c  f3=0x7fc00000
     346885.000 ns	     34687	80007514	205224d3	fsgnjx.s	f9,f4,f5	  f4:0x00000010  f5:0x1f35049a  f9=0x00000010
     346915.000 ns	     34690	80007518	03941bb3	mulh	x23,x8,x25	  x8:0x00000000 x25:0x00000000 x23=0x00000000
     346935.000 ns	     34692	8000751c	01ce4133	xor	x2,x28,x28	 x28:0x00000000 x28:0x00000000  x2=0x00000000
     346955.000 ns	     34694	80007520	a0410753	fle.s	x14,f2,f4	  f2:0x4e92a066  f4:0x00000010 x14=0x00000000
     347005.000 ns	     34699	80007524	0899cbd3	fsub.s	f23,f19,f9	 f19:0xc0e00000  f9:0x00000010 f23=0xc0e00000
     347045.000 ns	     34703	80007528	11de7f53	fmul.s	f30,f28,f29	 f28:0xffc00000 f29:0x4e3170f5 f30=0x7fc00000
     347075.000 ns	     34706	8000752c	03d410b3	mulh	x1,x8,x29	  x8:0x00000000 x29:0xfb6afccd  x1=0x00000000
     347095.000 ns	     34708	80007530	016f9593	slli	x11,x31,0x16	 x31:0x04950333 x11=0xccc00000
     347115.000 ns	     34710	80007534	038dae33	mulhsu	x28,x27,x24	 x27:0x80040fe4 x24:0xfffffdb1 x28=0x8004110b
     347145.000 ns	     34713	80007538	28b20953	fmin.s	f18,f4,f11	  f4:0x00000010 f11:0x4e92a066 f18=0x00000010
     347175.000 ns	     34716	8000753c	29009ed3	fmax.s	f29,f1,f16	  f1:0x7fc00000 f16:0x3f800000 f29=0x3f800000
     347225.000 ns	     34721	80007540	084db7d3	fsub.s	f15,f27,f4	 f27:0x00000000  f4:0x00000010 f15=0x80000010
     347255.000 ns	     34724	80007544	e00e08d3	fmv.x.w	x17,f28	 f28:0xffc00000 x17=0xffc00000
     347275.000 ns	     34726	80007548	01bcecb3	or	x25,x25,x27	 x25:0x00000000 x27:0x80040fe4 x25=0x80040fe4
     347295.000 ns	     34728	8000754c	204727d3	fsgnjx.s	f15,f14,f4	 f14:0x4e92a066  f4:0x00000010 f15=0x4e92a066
     347325.000 ns	     34731	80007550	d002a4d3	fcvt.s.w	f9,x5	  x5:0x80041024  f9=0xcefff7e0
     347375.000 ns	     34736	80007554	08f67c53	fsub.s	f24,f12,f15	 f12:0x7fc00000 f15:0x4e92a066 f24=0x7fc00000
     348555.000 ns	     34854	80007558	58097f53	fsqrt.s	f30,f18	 f18:0x00000010 f30=0x1f35049a
     348585.000 ns	     34857	8000755c	a0c01bd3	flt.s	x23,f0,f12	  f0:0x00000000 f12:0x7fc00000 x23=0x00000000
     348615.000 ns	     34860	80007560	d0137753	fcvt.s.wu	f14,x6	  x6:0x00000000 f14=0x00000000
     348645.000 ns	     34863	80007564	e0009453	fclass.s	x8,f1	  f1:0x7fc00000  x8=0x00000200
     348675.000 ns	     34866	80007568	e00f80d3	fmv.x.w	x1,f31	 f31:0x4e317180  x1=0x4e317180
     348695.000 ns	     34868	8000756c	41b086b3	sub	x13,x1,x27	  x1:0x00000000 x27:0x80040fe4 x13=0xce2d619c
     349055.000 ns	     34904	80007570	0236ce33	div	x28,x13,x3	 x13:0xc0e00000  x3:0x00000010 x28=0xfce2d61a
     349085.000 ns	     34907	80007574	03667833	remu	x16,x12,x22	 x12:0x08a35e7b x22:0x00000000 x16=0x08a35e7b
     349115.000 ns	     34910	80007578	a0e78a53	fle.s	x20,f15,f14	 f15:0x4e92a066 f14:0x00000000 x20=0x00000000
     349485.000 ns	     34947	8000757c	032a7e33	remu	x28,x20,x18	 x20:0x000046a2 x18:0x2c5c6000 x28=0x00000000
     349515.000 ns	     34950	80007580	e00f1fd3	fclass.s	x31,f30	 f30:0x1f35049a x31=0x00000040
     349535.000 ns	     34952	80007584	d2beab13	slti	x22,x29,-725	 x29:0xfb6afccd x22=0x00000001
     350705.000 ns	     35069	80007588	580ef4d3	fsqrt.s	f9,f29	 f29:0x3f800000  f9=0x3f7fffae
     351075.000 ns	     35106	8000758c	03217933	remu	x18,x2,x18	  x2:0x00000000 x18:0x2c5c6000 x18=0x00000000
     351095.000 ns	     35108	80007590	3bb4a813	slti	x16,x9,955	  x9:0x49503338 x16=0x00000000
     351105.000 ns	     35109	80007594	6dfe7593	andi	x11,x28,1759	 x28:0x00000000 x11=0x00000000
     351125.000 ns	     35111	80007598	02e5b933	mulhu	x18,x11,x14	 x11:0xccc00000 x14:0x00000000 x18=0x00000000
     351145.000 ns	     35113	8000759c	01925333	srl	x6,x4,x25	  x4:0x00000001 x25:0x80040fe4  x6=0x00000000
     351165.000 ns	     35115	800075a0	29670cd3	fmin.s	f25,f14,f22	 f14:0x00000000 f22:0xc2ffff5c f25=0xc2ffff5c
     351185.000 ns	     35117	800075a4	61dbfe13	andi	x28,x23,1565	 x23:0x00000000 x28=0x00000000
     351545.000 ns	     35153	800075a8	02fd40b3	div	x1,x26,x15	 x26:0x2351739f x15:0x00000001  x1=0x2351739f
     351565.000 ns	     35155	800075ac	40dfda93	srai	x21,x31,0xd	 x31:0x00000040 x21=0x00000000
     351575.000 ns	     35156	800075b0	00861033	sll	x0,x12,x8	 x12:0x08a35e7b  x8:0x00000200
     351595.000 ns	     35158	800075b4	c007fd53	fcvt.w.s	x26,f15	 f15:0x4e92a066 x26=0x49503300
     351625.000 ns	     35161	800075b8	d013f3d3	fcvt.s.wu	f7,x7	  x7:0x0000048d  f7=0x4491a000
     351655.000 ns	     35164	800075bc	29308353	fmin.s	f6,f1,f19	  f1:0x7fc00000 f19:0xc0e00000  f6=0xc0e00000
     351675.000 ns	     35166	800075c0	787bfb37	lui	x22,0x787bf	 x22=0x787bf000
     351685.000 ns	     35167	800075c4	0170e5b3	or	x11,x1,x23	  x1:0x2351739f x23:0x00000000 x11=0x2351739f
     351705.000 ns	     35169	800075c8	037bbab3	mulhu	x21,x23,x23	 x23:0x00000000 x23:0x00000000 x21=0x00000000
     352075.000 ns	     35206	800075cc	02fbca33	div	x20,x23,x15	 x23:0x00000000 x15:0x00000001 x20=0x00000000
     353255.000 ns	     35324	800075d0	580270d3	fsqrt.s	f1,f4	  f4:0x00000010  f1=0x1f35049a
     353295.000 ns	     35328	800075d4	11517ad3	fmul.s	f21,f2,f21	  f2:0x4e92a066 f21:0x00000000 f21=0x00000000
     353315.000 ns	     35330	800075d8	40bc51b3	sra	x3,x24,x11	 x24:0xfffffdb1 x11:0x2351739f  x3=0xffffffff
     353325.000 ns	     35331	800075dc	04236593	ori	x11,x6,66	  x6:0x00000000 x11=0x00000042
     353345.000 ns	     35333	800075e0	29b913d3	fmax.s	f7,f18,f27	 f18:0x00000010 f27:0x00000000  f7=0x00000010
     353365.000 ns	     35335	800075e4	3b362c93	slti	x25,x12,947	 x12:0x08a35e7b x25=0x00000000
     353375.000 ns	     35336	800075e8	8852a493	slti	x9,x5,-1915	  x5:0x80041024  x9=0x00000001
     353385.000 ns	     35337	800075ec	40935913	srai	x18,x6,0x9	  x6:0x00000000 x18=0x00000000
     353405.000 ns	     35339	800075f0	a16a9653	flt.s	x12,f21,f22	 f21:0x00000000 f22:0xc2ffff5c x12=0x00000000
     353425.000 ns	     35341	800075f4	00cb0eb3	add	x29,x22,x12	 x22:0x787bf000 x12:0x08a35e7b x29=0x787bf000
     353435.000 ns	     35342	800075f8	001cdab3	srl	x21,x25,x1	 x25:0x00000000  x1:0x2351739f x21=0x00000000
     353445.000 ns	     35343	800075fc	18283c13	sltiu	x24,x16,386	 x16:0x00000000 x24=0x00000001
     353455.000 ns	     35344	80007600	017ef433	and	x8,x29,x23	 x29:0x787bf000 x23:0x00000000  x8=0x00000000
     353465.000 ns	     35345	80007604	e15ec813	xori	x16,x29,-491	 x29:0x787bf000 x16=0x87840e15
     353485.000 ns	     35347	80007608	f00f09d3	fmv.w.x	f19,x30	 x30:0xffffffff f19=0xffffffff
     353535.000 ns	     35352	8000760c	00de91d3	fadd.s	f3,f29,f13	 f29:0x3f800000 f13:0x00000000  f3=0x3f800000
     353565.000 ns	     35355	80007610	037076b3	remu	x13,x0,x23	  x0:0x00000000 x23:0x00000000 x13=0x00000000
     353595.000 ns	     35358	80007614	022924b3	mulhsu	x9,x18,x2	 x18:0x00000000  x2:0x00000000  x9=0x00000000
     353625.000 ns	     35361	80007618	d006f953	fcvt.s.w	f18,x13	 x13:0x00000000 f18=0x00000000
     353655.000 ns	     35364	8000761c	03915233	divu	x4,x2,x25	  x2:0x00000000 x25:0x00000000  x4=0xffffffff
     353685.000 ns	     35367	80007620	c018ffd3	fcvt.wu.s	x31,f17	 f17:0x3f800000 x31=0x00000001
     353715.000 ns	     35370	80007624	f0070ed3	fmv.w.x	f29,x14	 x14:0x00000000 f29=0x00000000
     353745.000 ns	     35373	80007628	c01b9053	fcvt.wu.s	x0,f23	 f23:0xc0e00000
     353775.000 ns	     35376	8000762c	f0048853	fmv.w.x	f16,x9	  x9:0x00000000 f16=0x00000000
     353795.000 ns	     35378	80007630	fe876e97	auipc	x29,0xfe876	 x29=0x7e87d630
     354155.000 ns	     35414	80007634	03a36133	rem	x2,x6,x26	  x6:0x00000000 x26:0x49503300  x2=0x00000000
     354525.000 ns	     35451	80007638	030f6a33	rem	x20,x30,x16	 x30:0xffffffff x16:0x87840e15 x20=0xffffffff
     354555.000 ns	     35454	8000763c	02099d33	mulh	x26,x19,x0	 x19:0x49503338  x0:0x00000000 x26=0x00000000
     354585.000 ns	     35457	80007640	28031853	fmax.s	f16,f6,f0	  f6:0xc0e00000  f0:0x00000000 f16=0x00000000
     354955.000 ns	     35494	80007644	036dcb33	div	x22,x27,x22	 x27:0x80040fe4 x22:0x787bf000 x22=0xffffffff
     355325.000 ns	     35531	80007648	03174fb3	div	x31,x14,x17	 x14:0x00000000 x17:0xffc00000 x31=0x00000000
     355365.000 ns	     35535	8000764c	115bf953	fmul.s	f18,f23,f21	 f23:0xc0e00000 f21:0x00000000 f18=0x80000000
     355385.000 ns	     35537	80007650	b24bee93	ori	x29,x23,-1244	 x23:0x00000000 x29=0xfffffb24
     355395.000 ns	     35538	80007654	0014a733	slt	x14,x9,x1	  x9:0x00000000  x1:0x2351739f x14=0x00000001
     355405.000 ns	     35539	80007658	bfaab493	sltiu	x9,x21,-1030	 x21:0x00000000  x9=0x00000001
     355425.000 ns	     35541	8000765c	a0678b53	fle.s	x22,f15,f6	 f15:0x4e92a066  f6:0xc0e00000 x22=0x00000000
     355455.000 ns	     35544	80007660	a1428c53	fle.s	x24,f5,f20	  f5:0x1f35049a f20:0x00000000 x24=0x00000000
     355495.000 ns	     35548	80007664	11bf0253	fmul.s	f4,f30,f27	 f30:0x1f35049a f27:0x00000000  f4=0x00000000
     355515.000 ns	     35550	80007668	00dc1433	sll	x8,x24,x13	 x24:0x00000000 x13:0x00000000  x8=0x00000000
     355535.000 ns	     35552	8000766c	d0130dd3	fcvt.s.wu	f27,x6	  x6:0x00000000 f27=0x00000000
     355565.000 ns	     35555	80007670	a1479fd3	flt.s	x31,f15,f20	 f15:0x4e92a066 f20:0x00000000 x31=0x00000000
     355585.000 ns	     35557	80007674	00596733	or	x14,x18,x5	 x18:0x00000000  x5:0x80041024 x14=0x80041024
     355595.000 ns	     35558	80007678	01127133	and	x2,x4,x17	  x4:0xffffffff x17:0xffc00000  x2=0xffc00000
     355615.000 ns	     35560	8000767c	02a0a3b3	mulhsu	x7,x1,x10	  x1:0x2351739f x10:0xf75ca184  x7=0x22205e1c
     355645.000 ns	     35563	80007680	28d20253	fmin.s	f4,f4,f13	  f4:0x00000000 f13:0x00000000  f4=0x00000000
     355665.000 ns	     35565	80007684	63bb8017	auipc	x0,0x63bb8	
     355695.000 ns	     35568	80007688	58007ed3	fsqrt.s	f29,f0	  f0:0x00000000 f29=0x00000000
     355725.000 ns	     35571	8000768c	02070d33	mul	x26,x14,x0	 x14:0x80041024  x0:0x00000000 x26=0x00000000
     355745.000 ns	     35573	80007690	2e607b13	andi	x22,x0,742	  x0:0x00000000 x22=0x00000000
     356105.000 ns	     35609	80007694	02e9e4b3	rem	x9,x19,x14	 x19:0x49503338 x14:0x80041024  x9=0x49503338
     356135.000 ns	     35612	80007698	0340ae33	mulhsu	x28,x1,x20	  x1:0x2351739f x20:0xffffffff x28=0x2351739e
     356165.000 ns	     35615	8000769c	21ef83d3	fsgnj.s	f7,f31,f30	 f31:0x4e317180 f30:0x1f35049a  f7=0x4e317180
     356195.000 ns	     35618	800076a0	c000fbd3	fcvt.w.s	x23,f1	  f1:0x1f35049a x23=0x00000000
     356215.000 ns	     35620	800076a4	00ff1313	slli	x6,x30,0xf	 x30:0xffffffff  x6=0xffff8000
     356225.000 ns	     35621	800076a8	0050e3b3	or	x7,x1,x5	  x1:0x2351739f  x5:0x80041024  x7=0xa35573bf
     356235.000 ns	     35622	800076ac	03a2b593	sltiu	x11,x5,58	  x5:0x80041024 x11=0x00000000
     356245.000 ns	     35623	800076b0	0eff0093	addi	x1,x30,239	 x30:0xffffffff  x1=0x000000ee
     356255.000 ns	     35624	800076b4	0077bcb3	sltu	x25,x15,x7	 x15:0x00000001  x7:0xa35573bf x25=0x00000001
     356265.000 ns	     35625	800076b8	01a6dc33	srl	x24,x13,x26	 x13:0x00000000 x26:0x00000000 x24=0x00000000
     356625.000 ns	     35661	800076bc	02f94e33	div	x28,x18,x15	 x18:0x00000000 x15:0x00000001 x28=0x00000000
     356645.000 ns	     35663	800076c0	4128d0b3	sra	x1,x17,x18	 x17:0xffc00000 x18:0x00000000  x1=0xffc00000
     356655.000 ns	     35664	800076c4	01ed4f33	xor	x30,x26,x30	 x26:0x00000000 x30:0xffffffff x30=0xffffffff
     356675.000 ns	     35666	800076c8	c00597d3	fcvt.w.s	x15,f11	 f11:0x4e92a066 x15=0x49503300
     356695.000 ns	     35668	800076cc	afb9a193	slti	x3,x19,-1285	 x19:0x49503338  x3=0x00000000
     356715.000 ns	     35670	800076d0	038588b3	mul	x17,x11,x24	 x11:0x00000000 x24:0x00000000 x17=0x00000000
     356745.000 ns	     35673	800076d4	d015f453	fcvt.s.wu	f8,x11	 x11:0x00000000  f8=0x00000000
     356765.000 ns	     35675	800076d8	01f4a833	slt	x16,x9,x31	  x9:0x49503338 x31:0x00000000 x16=0x00000000
     356785.000 ns	     35677	800076dc	e00d8bd3	fmv.x.w	x23,f27	 f27:0x00000000 x23=0x00000000
     356805.000 ns	     35679	800076e0	414d5f33	sra	x30,x26,x20	 x26:0x00000000 x20:0xffffffff x30=0x00000000
     357135.000 ns	     35712	800076e4	197b9f53	fdiv.s	f30,f23,f23	 f23:0xc0e00000 f23:0xc0e00000 f30=0x3f9b7e7c
     357165.000 ns	     35715	800076e8	a1e1a7d3	feq.s	x15,f3,f30	  f3:0x3f800000 f30:0x1f35049a x15=0x00000000
     357195.000 ns	     35718	800076ec	f00405d3	fmv.w.x	f11,x8	  x8:0x00000000 f11=0x00000000
     357225.000 ns	     35721	800076f0	a0408d53	fle.s	x26,f1,f4	  f1:0x1f35049a  f4:0x00000000 x26=0x00000000
     357595.000 ns	     35758	800076f4	0212cbb3	div	x23,x5,x1	  x5:0x80041024  x1:0xffc00000 x23=0x000001ff
     357625.000 ns	     35761	800076f8	037823b3	mulhsu	x7,x16,x23	 x16:0x00000000 x23:0x00000000  x7=0x00000000
     357645.000 ns	     35763	800076fc	419651b3	sra	x3,x12,x25	 x12:0x00000000 x25:0x00000001  x3=0x00000000
     357655.000 ns	     35764	80007700	3528a0b7	lui	x1,0x3528a	  x1=0x3528a000
     357675.000 ns	     35766	80007704	02c3bf33	mulhu	x30,x7,x12	  x7:0x00000000 x12:0x00000000 x30=0x00000000
     357725.000 ns	     35771	80007708	08b24353	fsub.s	f6,f4,f11	  f4:0x00000000 f11:0x00000000  f6=0x80000000
     357755.000 ns	     35774	8000770c	e0021153	fclass.s	x2,f4	  f4:0x00000000  x2=0x00000010
     357785.000 ns	     35777	80007710	286d1dd3	fmax.s	f27,f26,f6	 f26:0x3f800000  f6:0x80000000 f27=0x3f800000
     357815.000 ns	     35780	80007714	a11891d3	flt.s	x3,f17,f17	 f17:0x3f800000 f17:0x3f800000  x3=0x00000000
     357845.000 ns	     35783	80007718	c0057c53	fcvt.w.s	x24,f10	 f10:0x4e0d45ce x24=0x23517380
     357875.000 ns	     35786	8000771c	023e75b3	remu	x11,x28,x3	 x28:0x00000000  x3:0x00000000 x11=0x00000000
     357895.000 ns	     35788	80007720	414ed813	srai	x16,x29,0x14	 x29:0xfffffb24 x16=0xffffffff
     357915.000 ns	     35790	80007724	02dab433	mulhu	x8,x21,x13	 x21:0x00000000 x13:0x00000000  x8=0x00000000
     357935.000 ns	     35792	80007728	9117a013	slti	x0,x15,-1775	 x15:0x00000000
     357945.000 ns	     35793	8000772c	c26d0237	lui	x4,0xc26d0	  x4=0xc26d0000
     357965.000 ns	     35795	80007730	e0051a53	fclass.s	x20,f10	 f10:0x4e0d45ce x20=0x00000040
     358005.000 ns	     35799	80007734	580cf653	fsqrt.s	f12,f25	 f25:0xc2ffff5c f12=0x7fc00000
     358025.000 ns	     35801	80007738	018a9e93	slli	x29,x21,0x18	 x21:0x00000000 x29=0x00000000
     358065.000 ns	     35805	8000773c	0072ffd3	fadd.s	f31,f5,f7	  f5:0x1f35049a  f7:0x4e317180 f31=0x4e317180
     358095.000 ns	     35808	80007740	d00b1253	fcvt.s.w	f4,x22	 x22:0x00000000  f4=0x00000000
     358125.000 ns	     35811	80007744	035b1eb3	mulh	x29,x22,x21	 x22:0x00000000 x21:0x00000000 x29=0x00000000
     358145.000 ns	     35813	80007748	d69dc213	xori	x4,x27,-663	 x27:0x80040fe4  x4=0x7ffbf28d
     358155.000 ns	     35814	8000774c	00000013	addi	x0,x0,0	  x0:0x00000000
     358175.000 ns	     35816	80007750	d0191153	fcvt.s.wu	f2,x18	 x18:0x00000000  f2=0x00000000
     358205.000 ns	     35819	80007754	c00f7953	fcvt.w.s	x18,f30	 f30:0x3f9b7e7c x18=0x00000001
     358235.000 ns	     35822	80007758	03ab2733	mulhsu	x14,x22,x26	 x22:0x00000000 x26:0x00000000 x14=0x00000000
     358255.000 ns	     35824	8000775c	32a0eeb7	lui	x29,0x32a0e	 x29=0x32a0e000
     358275.000 ns	     35826	80007760	02e476b3	remu	x13,x8,x14	  x8:0x00000000 x14:0x00000000 x13=0x00000000
     358295.000 ns	     35828	80007764	be137e93	andi	x29,x6,-1055	  x6:0xffff8000 x29=0xffff8000
     358315.000 ns	     35830	80007768	217aa253	fsgnjx.s	f4,f21,f23	 f21:0x00000000 f23:0xc0e00000  f4=0x80000000
     358365.000 ns	     35835	8000776c	090d9553	fsub.s	f10,f27,f16	 f27:0x3f800000 f16:0x00000000 f10=0x3f800000
     358395.000 ns	     35838	80007770	a1ec8e53	fle.s	x28,f25,f30	 f25:0xc2ffff5c f30:0x3f9b7e7c x28=0x00000001
     358425.000 ns	     35841	80007774	21e50ad3	fsgnj.s	f21,f10,f30	 f10:0x3f800000 f30:0x3f9b7e7c f21=0x3f800000
     358475.000 ns	     35846	80007778	08dc0c53	fsub.s	f24,f24,f13	 f24:0x7fc00000 f13:0x00000000 f24=0x7fc00000
     358495.000 ns	     35848	8000777c	310cf8b7	lui	x17,0x310cf	 x17=0x310cf000
     358525.000 ns	     35851	80007780	112baa53	fmul.s	f20,f23,f18	 f23:0xc0e00000 f18:0x80000000 f20=0x00000000
     358545.000 ns	     35853	80007784	008ab633	sltu	x12,x21,x8	 x21:0x00000000  x8:0x00000000 x12=0x00000000
     358565.000 ns	     35855	80007788	e0009653	fclass.s	x12,f1	  f1:0x1f35049a x12=0x00000040
     358595.000 ns	     35858	8000778c	d003f1d3	fcvt.s.w	f3,x7	  x7:0x00000000  f3=0x00000000
     358625.000 ns	     35861	80007790	a06b0753	fle.s	x14,f22,f6	 f22:0xc2ffff5c  f6:0x80000000 x14=0x00000001
     358665.000 ns	     35865	80007794	18bd71d3	fdiv.s	f3,f26,f11	 f26:0x3f800000 f11:0x00000000  f3=0x7f800000
     359035.000 ns	     35902	80007798	0329f9b3	remu	x19,x19,x18	 x19:0x49503338 x18:0x00000001 x19=0x00000000
     359055.000 ns	     35904	8000779c	01c960b3	or	x1,x18,x28	 x18:0x00000001 x28:0x00000001  x1=0x00000001
     359065.000 ns	     35905	800077a0	ed24b493	sltiu	x9,x9,-302	  x9:0x49503338  x9=0x00000001
     359085.000 ns	     35907	800077a4	a0500b53	fle.s	x22,f0,f5	  f0:0x00000000  f5:0x1f35049a x22=0x00000001
     359105.000 ns	     35909	800077a8	0105f0b3	and	x1,x11,x16	 x11:0x00000000 x16:0xffffffff  x1=0x00000000
     359115.000 ns	     35910	800077ac	b7ece913	ori	x18,x25,-1154	 x25:0x00000001 x18=0xfffffb7f
     359155.000 ns	     35914	800077b0	09bfca53	fsub.s	f20,f31,f27	 f31:0x4e317180 f27:0x3f800000 f20=0x4e317180
     359185.000 ns	     35917	800077b4	f00183d3	fmv.w.x	f7,x3	  x3:0x00000000  f7=0x00000000
     359225.000 ns	     35921	800077b8	18c595d3	fdiv.s	f11,f11,f12	 f11:0x00000000 f12:0x7fc00000 f11=0x7fc00000
     359245.000 ns	     35923	800077bc	002b35b3	sltu	x11,x22,x2	 x22:0x00000001  x2:0x00000010 x11=0x00000001
     359265.000 ns	     35925	800077c0	029c15b3	mulh	x11,x24,x9	 x24:0x23517380  x9:0x00000001 x11=0x00000000
     359295.000 ns	     35928	800077c4	02f2bcb3	mulhu	x25,x5,x15	  x5:0x80041024 x15:0x00000000 x25=0x00000000
     359325.000 ns	     35931	800077c8	037a84b3	mul	x9,x21,x23	 x21:0x00000000 x23:0x000001ff  x9=0x00000000
     359345.000 ns	     35933	800077cc	01ca4d33	xor	x26,x20,x28	 x20:0x00000040 x28:0x00000001 x26=0x00000041
     359375.000 ns	     35936	800077d0	19dbb1d3	fdiv.s	f3,f23,f29	 f23:0xc0e00000 f29:0x00000000  f3=0xff800000
     359395.000 ns	     35938	800077d4	00f0ae33	slt	x28,x1,x15	  x1:0x00000000 x15:0x00000000 x28=0x00000000
     360565.000 ns	     36055	800077d8	580f30d3	fsqrt.s	f1,f30	 f30:0x3f9b7e7c  f1=0x3f8d13fd
     360585.000 ns	     36057	800077dc	012488b3	add	x17,x9,x18	  x9:0x00000000 x18:0xfffffb7f x17=0xfffffb7f
     361755.000 ns	     36174	800077e0	580d7d53	fsqrt.s	f26,f26	 f26:0x3f800000 f26=0x3f7fffae
     361785.000 ns	     36177	800077e4	03eb64b3	rem	x9,x22,x30	 x22:0x00000001 x30:0x00000000  x9=0x00000001
     361835.000 ns	     36182	800077e8	0061cc53	fadd.s	f24,f3,f6	  f3:0xff800000  f6:0x80000000 f24=0xff800000
     361855.000 ns	     36184	800077ec	41c28f33	sub	x30,x5,x28	  x5:0x80041024 x28:0x00000000 x30=0x80041024
     361875.000 ns	     36186	800077f0	026ca133	mulhsu	x2,x25,x6	 x25:0x00000000  x6:0xffff8000  x2=0x00000000
     361905.000 ns	     36189	800077f4	e0000153	fmv.x.w	x2,f0	  f0:0x00000000  x2=0x00000000
     361925.000 ns	     36191	800077f8	921c7093	andi	x1,x24,-1759	 x24:0x23517380  x1=0x23517100
     361935.000 ns	     36192	800077fc	e733c717	auipc	x14,0xe733c	 x14=0x673437fc
     361955.000 ns	     36194	80007800	03b589b3	mul	x19,x11,x27	 x11:0x00000000 x27:0x80040fe4 x19=0x00000000
     361975.000 ns	     36196	80007804	c36a3893	sltiu	x17,x20,-970	 x20:0x00000040 x17=0x00000001
     362015.000 ns	     36200	80007808	00947fd3	fadd.s	f31,f8,f9	  f8:0x00000000  f9:0x3f7fffae f31=0x3f7fffae
     362065.000 ns	     36205	8000780c	09e335d3	fsub.s	f11,f6,f30	  f6:0x80000000 f30:0x3f9b7e7c f11=0xbf9b7e7c
     362085.000 ns	     36207	80007810	6097d897	auipc	x17,0x6097d	 x17=0xe0984810
     362105.000 ns	     36209	80007814	d015f653	fcvt.s.wu	f12,x11	 x11:0x00000000 f12=0x00000000
     362135.000 ns	     36212	80007818	a177a753	feq.s	x14,f15,f23	 f15:0x4e92a066 f23:0xc0e00000 x14=0x00000000
     362165.000 ns	     36215	8000781c	21e00d53	fsgnj.s	f26,f0,f30	  f0:0x00000000 f30:0x3f9b7e7c f26=0x00000000
     362185.000 ns	     36217	80007820	4041d7b3	sra	x15,x3,x4	  x3:0x00000000  x4:0x7ffbf28d x15=0x00000000
     362195.000 ns	     36218	80007824	21988f13	addi	x30,x17,537	 x17:0xe0984810 x30=0xe0984a29
     362215.000 ns	     36220	80007828	03988eb3	mul	x29,x17,x25	 x17:0xe0984810 x25:0x00000000 x29=0x00000000
     362265.000 ns	     36225	8000782c	0080f053	fadd.s	f0,f1,f8	  f1:0x3f8d13fd  f8:0x00000000  f0=0x3f8d13fd
     362295.000 ns	     36228	80007830	022f7bb3	remu	x23,x30,x2	 x30:0xe0984a29  x2:0x00000000 x23=0xe0984a29
     362315.000 ns	     36230	80007834	97bda593	slti	x11,x27,-1669	 x27:0x80040fe4 x11=0x00000001
     362335.000 ns	     36232	80007838	c010c953	fcvt.wu.s	x18,f1	  f1:0x3f8d13fd x18=0x00000001
     362355.000 ns	     36234	8000783c	41fcdf13	srai	x30,x25,0x1f	 x25:0x00000000 x30=0x00000000
     362715.000 ns	     36270	80007840	03bd79b3	remu	x19,x26,x27	 x26:0x00000041 x27:0x80040fe4 x19=0x00000041
     362765.000 ns	     36275	80007844	01a295d3	fadd.s	f11,f5,f26	  f5:0x1f35049a f26:0x00000000 f11=0x1f35049a
     362785.000 ns	     36277	80007848	01f2ab33	slt	x22,x5,x31	  x5:0x80041024 x31:0x00000000 x22=0x00000001
     362805.000 ns	     36279	8000784c	d01416d3	fcvt.s.wu	f13,x8	  x8:0x00000000 f13=0x00000000
     362845.000 ns	     36283	80007850	10627553	fmul.s	f10,f4,f6	  f4:0x80000000  f6:0x80000000 f10=0x00000000
     362865.000 ns	     36285	80007854	40248c33	sub	x24,x9,x2	  x9:0x00000001  x2:0x00000000 x24=0x00000001
     362875.000 ns	     36286	80007858	5ed66c13	ori	x24,x12,1517	 x12:0x00000040 x24=0x000005ed
     362895.000 ns	     36288	8000785c	d00a37d3	fcvt.s.w	f15,x20	 x20:0x00000040 f15=0x42800000
     363265.000 ns	     36325	80007860	02c35cb3	divu	x25,x6,x12	  x6:0xffff8000 x12:0x00000040 x25=0x03fffe00
     363285.000 ns	     36327	80007864	00000013	addi	x0,x0,0	  x0:0x00000000
     363305.000 ns	     36329	80007868	c01578d3	fcvt.wu.s	x17,f10	 f10:0x00000000 x17=0x00000000
     363325.000 ns	     36331	8000786c	011f65b3	or	x11,x30,x17	 x30:0x00000000 x17:0xe0984810 x11=0x00000000
     363335.000 ns	     36332	80007870	01769f13	slli	x30,x13,0x17	 x13:0x00000000 x30=0x00000000
     363355.000 ns	     36334	80007874	e00a9ad3	fclass.s	x21,f21	 f21:0x3f800000 x21=0x00000040
     363375.000 ns	     36336	80007878	40cdde93	srai	x29,x27,0xc	 x27:0x80040fe4 x29=0xfff80040
     363405.000 ns	     36339	8000787c	10a0a353	fmul.s	f6,f1,f10	  f1:0x3f8d13fd f10:0x00000000  f6=0x00000000
     363425.000 ns	     36341	80007880	001f6833	or	x16,x30,x1	 x30:0x00000000  x1:0x23517100 x16=0x23517100
     363445.000 ns	     36343	80007884	a1aa9a53	flt.s	x20,f21,f26	 f21:0x3f800000 f26:0x00000000 x20=0x00000000
     363465.000 ns	     36345	80007888	008ed093	srli	x1,x29,0x8	 x29:0xfff80040  x1=0x00fff800
     363825.000 ns	     36381	8000788c	036bd1b3	divu	x3,x23,x22	 x23:0xe0984a29 x22:0x00000001  x3=0xe0984a29
     363845.000 ns	     36383	80007890	40c25f33	sra	x30,x4,x12	  x4:0x7ffbf28d x12:0x00000040 x30=0x7ffbf28d
     365015.000 ns	     36500	80007894	580ffcd3	fsqrt.s	f25,f31	 f31:0x3f7fffae f25=0x3f35042a
     365045.000 ns	     36503	80007898	022404b3	mul	x9,x8,x2	  x8:0x00000000  x2:0x00000000  x9=0x00000000
     365085.000 ns	     36507	8000789c	5809f5d3	fsqrt.s	f11,f19	 f19:0xffffffff f11=0x7fc00000
     365105.000 ns	     36509	800078a0	697bf713	andi	x14,x23,1687	 x23:0xe0984a29 x14=0x00000201
     365115.000 ns	     36510	800078a4	c897c313	xori	x6,x15,-887	 x15:0x00000000  x6=0xfffffc89
     365135.000 ns	     36512	800078a8	21a3a053	fsgnjx.s	f0,f7,f26	  f7:0x00000000 f26:0x00000000  f0=0x00000000
     365155.000 ns	     36514	800078ac	00b16d33	or	x26,x2,x11	  x2:0x00000000 x11:0x00000000 x26=0x00000000
     365175.000 ns	     36516	800078b0	0338aa33	mulhsu	x20,x17,x19	 x17:0x00000000 x19:0x00000041 x20=0x00000000
     365195.000 ns	     36518	800078b4	41cb5133	sra	x2,x22,x28	 x22:0x00000001 x28:0x00000000  x2=0x00000001
     365215.000 ns	     36520	800078b8	03a41733	mulh	x14,x8,x26	  x8:0x00000000 x26:0x00000000 x14=0x00000000
     365245.000 ns	     36523	800078bc	216100d3	fsgnj.s	f1,f2,f22	  f2:0x00000000 f22:0xc2ffff5c  f1=0x80000000
     365265.000 ns	     36525	800078c0	01fd41b3	xor	x3,x26,x31	 x26:0x00000000 x31:0x00000000  x3=0x00000000
     365275.000 ns	     36526	800078c4	4100dbb3	sra	x23,x1,x16	  x1:0x00fff800 x16:0x23517100 x23=0x00fff800
     365285.000 ns	     36527	800078c8	ff6aec93	ori	x25,x21,-10	 x21:0x00000040 x25=0xfffffff6
     365305.000 ns	     36529	800078cc	03c659b3	divu	x19,x12,x28	 x12:0x00000040 x28:0x00000000 x19=0xffffffff
     365325.000 ns	     36531	800078d0	87d1a3b7	lui	x7,0x87d1a	  x7=0x87d1a000
     365365.000 ns	     36535	800078d4	09bbcb53	fsub.s	f22,f23,f27	 f23:0xc0e00000 f27:0x3f800000 f22=0xc1000000
     365385.000 ns	     36537	800078d8	d69cc413	xori	x8,x25,-663	 x25:0xfffffff6  x8=0x0000029f
     365405.000 ns	     36539	800078dc	d01bf553	fcvt.s.wu	f10,x23	 x23:0x00fff800 f10=0x4b7ff800
     365425.000 ns	     36541	800078e0	01c8a733	slt	x14,x17,x28	 x17:0x00000000 x28:0x00000000 x14=0x00000000
     365445.000 ns	     36543	800078e4	20628f53	fsgnj.s	f30,f5,f6	  f5:0x1f35049a  f6:0x00000000 f30=0x1f35049a
     365475.000 ns	     36546	800078e8	02f65433	divu	x8,x12,x15	 x12:0x00000040 x15:0x00000000  x8=0xffffffff
     365515.000 ns	     36550	800078ec	11effa53	fmul.s	f20,f31,f30	 f31:0x3f7fffae f30:0x1f35049a f20=0x1f350460
     365535.000 ns	     36552	800078f0	46de6eb7	lui	x29,0x46de6	 x29=0x46de6000
     365555.000 ns	     36554	800078f4	292887d3	fmin.s	f15,f17,f18	 f17:0x3f800000 f18:0x80000000 f15=0x80000000
     365595.000 ns	     36558	800078f8	58064553	fsqrt.s	f10,f12	 f12:0x00000000 f10=0x00000000
     365615.000 ns	     36560	800078fc	01ba6633	or	x12,x20,x27	 x20:0x00000000 x27:0x80040fe4 x12=0x80040fe4
     365625.000 ns	     36561	80007900	40badc33	sra	x24,x21,x11	 x21:0x00000040 x11:0x00000000 x24=0x00000040
     365635.000 ns	     36562	80007904	00b535b3	sltu	x11,x10,x11	 x10:0xf75ca184 x11:0x00000000 x11=0x00000000
     365665.000 ns	     36565	80007908	5806c5d3	fsqrt.s	f11,f13	 f13:0x00000000 f11=0x00000000
     365685.000 ns	     36567	8000790c	0078c1b3	xor	x3,x17,x7	 x17:0x00000000  x7:0x87d1a000  x3=0x87d1a000
     365695.000 ns	     36568	80007910	01adaeb3	slt	x29,x27,x26	 x27:0x80040fe4 x26:0x00000000 x29=0x00000001
     365715.000 ns	     36570	80007914	c00f79d3	fcvt.w.s	x19,f30	 f30:0x1f35049a x19=0x00000000
     365735.000 ns	     36572	80007918	01ca5b33	srl	x22,x20,x28	 x20:0x00000000 x28:0x00000000 x22=0x00000000
     365745.000 ns	     36573	8000791c	e2a3e497	auipc	x9,0xe2a3e	  x9=0x62a4591c
     365755.000 ns	     36574	80007920	6e34e637	lui	x12,0x6e34e	 x12=0x6e34e000
     365765.000 ns	     36575	80007924	a10ce793	ori	x15,x25,-1520	 x25:0xfffffff6 x15=0xfffffff6
     365785.000 ns	     36577	80007928	28670fd3	fmin.s	f31,f14,f6	 f14:0x00000000  f6:0x00000000 f31=0x00000000
     365825.000 ns	     36581	8000792c	10be3f53	fmul.s	f30,f28,f11	 f28:0xffc00000 f11:0x00000000 f30=0x7fc00000
     365855.000 ns	     36584	80007930	a0c49753	flt.s	x14,f9,f12	  f9:0x3f7fffae f12:0x00000000 x14=0x00000000
     365885.000 ns	     36587	80007934	29029c53	fmax.s	f24,f5,f16	  f5:0x1f35049a f16:0x00000000 f24=0x1f35049a
     365915.000 ns	     36590	80007938	c012b153	fcvt.wu.s	x2,f5	  f5:0x1f35049a  x2=0x00000000
     365945.000 ns	     36593	8000793c	d01b79d3	fcvt.s.wu	f19,x22	 x22:0x00000000 f19=0x00000000
     365975.000 ns	     36596	80007940	e00e1853	fclass.s	x16,f28	 f28:0xffc00000 x16=0x00000200
     365995.000 ns	     36598	80007944	b90a0b13	addi	x22,x20,-1136	 x20:0x00000000 x22=0xfffffb90
     366015.000 ns	     36600	80007948	03d53ab3	mulhu	x21,x10,x29	 x10:0xf75ca184 x29:0x00000001 x21=0x00000000
     366045.000 ns	     36603	8000794c	02b61733	mulh	x14,x12,x11	 x12:0x6e34e000 x11:0x00000000 x14=0x00000000
     366075.000 ns	     36606	80007950	f0070453	fmv.w.x	f8,x14	 x14:0x00000000  f8=0x00000000
     366105.000 ns	     36609	80007954	21cb9cd3	fsgnjn.s	f25,f23,f28	 f23:0xc0e00000 f28:0xffc00000 f25=0x40e00000
     366125.000 ns	     36611	80007958	014927b3	slt	x15,x18,x20	 x18:0x00000001 x20:0x00000000 x15=0x00000000
     366145.000 ns	     36613	8000795c	20e22f53	fsgnjx.s	f30,f4,f14	  f4:0x80000000 f14:0x00000000 f30=0x80000000
     366175.000 ns	     36616	80007960	a048a9d3	feq.s	x19,f17,f4	 f17:0x3f800000  f4:0x80000000 x19=0x00000000
     366195.000 ns	     36618	80007964	0c230237	lui	x4,0xc230	  x4=0x0c230000
     366205.000 ns	     36619	80007968	002efbb3	and	x23,x29,x2	 x29:0x00000001  x2:0x00000000 x23=0x00000000
     366215.000 ns	     36620	8000796c	00000013	addi	x0,x0,0	  x0:0x00000000
     366245.000 ns	     36623	80007970	11ab72d3	fmul.s	f5,f22,f26	 f22:0xc1000000 f26:0x00000000  f5=0x80000000
     366275.000 ns	     36626	80007974	28f49153	fmax.s	f2,f9,f15	  f9:0x3f7fffae f15:0x80000000  f2=0x3f7fffae
     366305.000 ns	     36629	80007978	e00791d3	fclass.s	x3,f15	 f15:0x80000000  x3=0x00000008
     366335.000 ns	     36632	8000797c	a1b11753	flt.s	x14,f2,f27	  f2:0x3f7fffae f27:0x3f800000 x14=0x00000001
     366365.000 ns	     36635	80007980	29c60ad3	fmin.s	f21,f12,f28	 f12:0x00000000 f28:0xffc00000 f21=0x00000000
     366735.000 ns	     36672	80007984	021d4fb3	div	x31,x26,x1	 x26:0x00000000  x1:0x00fff800 x31=0x00000000
     366765.000 ns	     36675	80007988	209b2a53	fsgnjx.s	f20,f22,f9	 f22:0xc1000000  f9:0x3f7fffae f20=0xc1000000
     367135.000 ns	     36712	8000798c	03b9efb3	rem	x31,x19,x27	 x19:0x00000000 x27:0x80040fe4 x31=0x00000000
     367155.000 ns	     36714	80007990	40f62f97	auipc	x31,0x40f62	 x31=0xc0f69990
     367165.000 ns	     36715	80007994	00194ab3	xor	x21,x18,x1	 x18:0x00000001  x1:0x00fff800 x21=0x00fff801
     367175.000 ns	     36716	80007998	00f678b3	and	x17,x12,x15	 x12:0x6e34e000 x15:0x00000000 x17=0x00000000
     367535.000 ns	     36752	8000799c	025dee33	rem	x28,x27,x5	 x27:0x80040fe4  x5:0x80041024 x28=0xffffffc0
     367565.000 ns	     36755	800079a0	03b6b8b3	mulhu	x17,x13,x27	 x13:0x00000000 x27:0x80040fe4 x17=0x00000000
     367595.000 ns	     36758	800079a4	e0011a53	fclass.s	x20,f2	  f2:0x3f7fffae x20=0x00000040
     367645.000 ns	     36763	800079a8	08ba47d3	fsub.s	f15,f20,f11	 f20:0xc1000000 f11:0x00000000 f15=0xc1000000
     367665.000 ns	     36765	800079ac	01818a33	add	x20,x3,x24	  x3:0x00000008 x24:0x00000040 x20=0x00000048
     367675.000 ns	     36766	800079b0	01599bb3	sll	x23,x19,x21	 x19:0x00000000 x21:0x00fff801 x23=0x00000000
     367685.000 ns	     36767	800079b4	409ed033	sra	x0,x29,x9	 x29:0x00000001  x9:0x62a4591c
     367695.000 ns	     36768	800079b8	d8dae993	ori	x19,x21,-627	 x21:0x00fff801 x19=0xfffffd8d
     367715.000 ns	     36770	800079bc	21bda453	fsgnjx.s	f8,f27,f27	 f27:0x3f800000 f27:0x3f800000  f8=0x3f800000
     367735.000 ns	     36772	800079c0	40ca5f33	sra	x30,x20,x12	 x20:0x00000048 x12:0x6e34e000 x30=0x00000048
     367755.000 ns	     36774	800079c4	21a42a53	fsgnjx.s	f20,f8,f26	  f8:0x3f800000 f26:0x00000000 f20=0x3f800000
     367775.000 ns	     36776	800079c8	0174c833	xor	x16,x9,x23	  x9:0x62a4591c x23:0x00000000 x16=0x62a4591c
     367785.000 ns	     36777	800079cc	f71eba93	sltiu	x21,x29,-143	 x29:0x00000001 x21=0x00000001
     367795.000 ns	     36778	800079d0	41a9d893	srai	x17,x19,0x1a	 x19:0xfffffd8d x17=0xffffffff
     367815.000 ns	     36780	800079d4	20c88f53	fsgnj.s	f30,f17,f12	 f17:0x3f800000 f12:0x00000000 f30=0x3f800000
     367845.000 ns	     36783	800079d8	211b2f53	fsgnjx.s	f30,f22,f17	 f22:0xc1000000 f17:0x3f800000 f30=0xc1000000
     367885.000 ns	     36787	800079dc	10b57ad3	fmul.s	f21,f10,f11	 f10:0x00000000 f11:0x00000000 f21=0x00000000
     367915.000 ns	     36790	800079e0	f00a8253	fmv.w.x	f4,x21	 x21:0x00000001  f4=0x00000001
     368285.000 ns	     36827	800079e4	03466b33	rem	x22,x12,x20	 x12:0x6e34e000 x20:0x00000048 x22=0x00000038
     368315.000 ns	     36830	800079e8	03a781b3	mul	x3,x15,x26	 x15:0x00000000 x26:0x00000000  x3=0x00000000
     368345.000 ns	     36833	800079ec	209b9853	fsgnjn.s	f16,f23,f9	 f23:0xc0e00000  f9:0x3f7fffae f16=0xc0e00000
     368375.000 ns	     36836	800079f0	20e8aed3	fsgnjx.s	f29,f17,f14	 f17:0x3f800000 f14:0x00000000 f29=0x3f800000
     368405.000 ns	     36839	800079f4	039d16b3	mulh	x13,x26,x25	 x26:0x00000000 x25:0xfffffff6 x13=0x00000000
     368435.000 ns	     36842	800079f8	2056ad53	fsgnjx.s	f26,f13,f5	 f13:0x00000000  f5:0x80000000 f26=0x80000000
     368465.000 ns	     36845	800079fc	032709b3	mul	x19,x14,x18	 x14:0x00000001 x18:0x00000001 x19=0x00000001
     368495.000 ns	     36848	80007a00	a0459ed3	flt.s	x29,f11,f4	 f11:0x00000000  f4:0x00000001 x29=0x00000001
     368525.000 ns	     36851	80007a04	29ad8ad3	fmin.s	f21,f27,f26	 f27:0x3f800000 f26:0x80000000 f21=0x80000000
     368555.000 ns	     36854	80007a08	299d86d3	fmin.s	f13,f27,f25	 f27:0x3f800000 f25:0x40e00000 f13=0x3f800000
     368575.000 ns	     36856	80007a0c	0032e3b3	or	x7,x5,x3	  x5:0x80041024  x3:0x00000000  x7=0x80041024
     368595.000 ns	     36858	80007a10	20a00ed3	fsgnj.s	f29,f0,f10	  f0:0x00000000 f10:0x00000000 f29=0x00000000
     368625.000 ns	     36861	80007a14	20b913d3	fsgnjn.s	f7,f18,f11	 f18:0x80000000 f11:0x00000000  f7=0x80000000
     368655.000 ns	     36864	80007a18	e00f17d3	fclass.s	x15,f30	 f30:0xc1000000 x15=0x00000002
     368675.000 ns	     36866	80007a1c	013867b3	or	x15,x16,x19	 x16:0x62a4591c x19:0x00000001 x15=0x62a4591d
     368685.000 ns	     36867	80007a20	ad5e8993	addi	x19,x29,-1323	 x29:0x00000001 x19=0xfffffad6
     368695.000 ns	     36868	80007a24	01bd4a33	xor	x20,x26,x27	 x26:0x00000000 x27:0x80040fe4 x20=0x80040fe4
     368715.000 ns	     36870	80007a28	285d0853	fmin.s	f16,f26,f5	 f26:0x80000000  f5:0x80000000 f16=0x80000000
     368735.000 ns	     36872	80007a2c	00000013	addi	x0,x0,0	  x0:0x00000000
     368745.000 ns	     36873	80007a30	943410b7	lui	x1,0x94341	  x1=0x94341000
     368755.000 ns	     36874	80007a34	0034d413	srli	x8,x9,0x3	  x9:0x62a4591c  x8=0x0c548b23
     368775.000 ns	     36876	80007a38	a07d98d3	flt.s	x17,f27,f7	 f27:0x3f800000  f7:0x80000000 x17=0x00000000
     368795.000 ns	     36878	80007a3c	12f8a013	slti	x0,x17,303	 x17:0xffffffff
     368835.000 ns	     36882	80007a40	09dcf253	fsub.s	f4,f25,f29	 f25:0x40e00000 f29:0x00000000  f4=0x40e00000
     368865.000 ns	     36885	80007a44	020a9233	mulh	x4,x21,x0	 x21:0x00000001  x0:0x00000000  x4=0x00000000
     368885.000 ns	     36887	80007a48	00000013	addi	x0,x0,0	  x0:0x00000000
     368905.000 ns	     36889	80007a4c	c004fed3	fcvt.w.s	x29,f9	  f9:0x3f7fffae x29=0x00000000
     369245.000 ns	     36923	80007a50	196274d3	fdiv.s	f9,f4,f22	  f4:0x40e00000 f22:0xc1000000  f9=0xbf33b218
     369275.000 ns	     36926	80007a54	21aa8b53	fsgnj.s	f22,f21,f26	 f21:0x80000000 f26:0x80000000 f22=0x80000000
     369295.000 ns	     36928	80007a58	40e3d093	srai	x1,x7,0xe	  x7:0x80041024  x1=0xfffe0010
     369305.000 ns	     36929	80007a5c	98ba0113	addi	x2,x20,-1653	 x20:0x80040fe4  x2=0x8004096f
     369315.000 ns	     36930	80007a60	faa0a913	slti	x18,x1,-86	  x1:0x94341000 x18=0x00000001
     369355.000 ns	     36934	80007a64	01f48b53	fadd.s	f22,f9,f31	  f9:0xbf33b218 f31:0x00000000 f22=0xbf33b218
     369375.000 ns	     36936	80007a68	00000013	addi	x0,x0,0	  x0:0x00000000
     369395.000 ns	     36938	80007a6c	d01494d3	fcvt.s.wu	f9,x9	  x9:0x62a4591c  f9=0x4ec548b2
     369425.000 ns	     36941	80007a70	03ec1233	mulh	x4,x24,x30	 x24:0x00000040 x30:0x00000048  x4=0x00000000
     369795.000 ns	     36978	80007a74	03b44cb3	div	x25,x8,x27	  x8:0x0c548b23 x27:0x80040fe4 x25=0x00000000
     369815.000 ns	     36980	80007a78	00e81f33	sll	x30,x16,x14	 x16:0x62a4591c x14:0x00000001 x30=0xc548b238
     369835.000 ns	     36982	80007a7c	02159bb3	mulh	x23,x11,x1	 x11:0x00000000  x1:0xfffe0010 x23=0x00000000
     369855.000 ns	     36984	80007a80	00e53733	sltu	x14,x10,x14	 x10:0xf75ca184 x14:0x00000001 x14=0x00000000
     369875.000 ns	     36986	80007a84	c00e8753	fcvt.w.s	x14,f29	 f29:0x00000000 x14=0x00000000
     369895.000 ns	     36988	80007a88	0104dc93	srli	x25,x9,0x10	  x9:0x62a4591c x25=0x000062a4
     369905.000 ns	     36989	80007a8c	00000013	addi	x0,x0,0	  x0:0x00000000
     369925.000 ns	     36991	80007a90	20721b53	fsgnjn.s	f22,f4,f7	  f4:0x40e00000  f7:0x80000000 f22=0x40e00000
     369945.000 ns	     36993	80007a94	0043f4b3	and	x9,x7,x4	  x7:0x80041024  x4:0x00000000  x9=0x00000000
     369985.000 ns	     36997	80007a98	09b17e53	fsub.s	f28,f2,f27	  f2:0x3f7fffae f27:0x3f800000 f28=0xb6a40000
     370355.000 ns	     37034	80007a9c	0306e7b3	rem	x15,x13,x16	 x13:0x00000000 x16:0x62a4591c x15=0x00000000
     370395.000 ns	     37038	80007aa0	184eb253	fdiv.s	f4,f29,f4	 f29:0x00000000  f4:0x40e00000  f4=0x00000000
     370415.000 ns	     37040	80007aa4	07fccab7	lui	x21,0x7fcc	 x21=0x07fcc000
     370445.000 ns	     37043	80007aa8	11b00253	fmul.s	f4,f0,f27	  f0:0x00000000 f27:0x3f800000  f4=0x00000000
     370465.000 ns	     37045	80007aac	42796393	ori	x7,x18,1063	 x18:0x00000001  x7=0x00000427
     370485.000 ns	     37047	80007ab0	03432eb3	mulhsu	x29,x6,x20	  x6:0xfffffc89 x20:0x80040fe4 x29=0xfffffe44
     370505.000 ns	     37049	80007ab4	34293617	auipc	x12,0x34293	 x12=0xb429aab4
     370865.000 ns	     37085	80007ab8	021de033	rem	x0,x27,x1	 x27:0x80040fe4  x1:0xfffe0010
     370885.000 ns	     37087	80007abc	16182093	slti	x1,x16,353	 x16:0x62a4591c  x1=0x00000000
     370895.000 ns	     37088	80007ac0	0080db33	srl	x22,x1,x8	  x1:0xfffe0010  x8:0x0c548b23 x22=0x00000000
     370925.000 ns	     37091	80007ac4	58037953	fsqrt.s	f18,f6	  f6:0x00000000 f18=0x00000000
     370975.000 ns	     37096	80007ac8	08873353	fsub.s	f6,f14,f8	 f14:0x00000000  f8:0x3f800000  f6=0xbf800000
     371005.000 ns	     37099	80007acc	02d2ff33	remu	x30,x5,x13	  x5:0x80041024 x13:0x00000000 x30=0x80041024
     371035.000 ns	     37102	80007ad0	026d0233	mul	x4,x26,x6	 x26:0x00000000  x6:0xfffffc89  x4=0x00000000
     371065.000 ns	     37105	80007ad4	028f00b3	mul	x1,x30,x8	 x30:0x80041024  x8:0x0c548b23  x1=0xb121c0ec
     371085.000 ns	     37107	80007ad8	84ebc393	xori	x7,x23,-1970	 x23:0x00000000  x7=0xfffff84e
     371095.000 ns	     37108	80007adc	e12d6193	ori	x3,x26,-494	 x26:0x00000000  x3=0xfffffe12
     371115.000 ns	     37110	80007ae0	21c60e53	fsgnj.s	f28,f12,f28	 f12:0x00000000 f28:0xb6a40000 f28=0x80000000
     371485.000 ns	     37147	80007ae4	03b7dab3	divu	x21,x15,x27	 x15:0x00000000 x27:0x80040fe4 x21=0x00000000
     371515.000 ns	     37150	80007ae8	217f96d3	fsgnjn.s	f13,f31,f23	 f31:0x00000000 f23:0xc0e00000 f13=0x00000000
     371535.000 ns	     37152	80007aec	10e9a937	lui	x18,0x10e9a	 x18=0x10e9a000
     371545.000 ns	     37153	80007af0	da467593	andi	x11,x12,-604	 x12:0xb429aab4 x11=0xb429a8a4
     371905.000 ns	     37189	80007af4	030c4433	div	x8,x24,x16	 x24:0x00000040 x16:0x62a4591c  x8=0x00000000
     371935.000 ns	     37192	80007af8	d0091fd3	fcvt.s.w	f31,x18	 x18:0x10e9a000 f31=0x4d874d00
     371975.000 ns	     37196	80007afc	19cd4253	fdiv.s	f4,f26,f28	 f26:0x80000000 f28:0x80000000  f4=0x7fc00000
     372345.000 ns	     37233	80007b00	0272e133	rem	x2,x5,x7	  x5:0x80041024  x7:0xfffff84e  x2=0xffffff90
     372385.000 ns	     37237	80007b04	19c98f53	fdiv.s	f30,f19,f28	 f19:0x00000000 f28:0x80000000 f30=0x7fc00000
     372405.000 ns	     37239	80007b08	40f909b3	sub	x19,x18,x15	 x18:0x10e9a000 x15:0x00000000 x19=0x10e9a000
     372435.000 ns	     37242	80007b0c	110dc2d3	fmul.s	f5,f27,f16	 f27:0x3f800000 f16:0x80000000  f5=0x80000000
     372455.000 ns	     37244	80007b10	00dea133	slt	x2,x29,x13	 x29:0xfffffe44 x13:0x00000000  x2=0x00000001
     372815.000 ns	     37280	80007b14	030f4a33	div	x20,x30,x16	 x30:0x80041024 x16:0x62a4591c x20=0xffffffff
     372845.000 ns	     37283	80007b18	2083add3	fsgnjx.s	f27,f7,f8	  f7:0x80000000  f8:0x3f800000 f27=0x80000000
     372875.000 ns	     37286	80007b1c	a0290bd3	fle.s	x23,f18,f2	 f18:0x00000000  f2:0x3f7fffae x23=0x00000001
     372895.000 ns	     37288	80007b20	00105213	srli	x4,x0,0x1	  x0:0x00000000  x4=0x00000000
     372905.000 ns	     37289	80007b24	4c732493	slti	x9,x6,1223	  x6:0xfffffc89  x9=0x00000001
     372945.000 ns	     37293	80007b28	018177d3	fadd.s	f15,f2,f24	  f2:0x3f7fffae f24:0x1f35049a f15=0x3f7fffae
     372965.000 ns	     37295	80007b2c	00000013	addi	x0,x0,0	  x0:0x00000000
     372985.000 ns	     37297	80007b30	038b1033	mulh	x0,x22,x24	 x22:0x00000000 x24:0x00000040
     373005.000 ns	     37299	80007b34	010f9093	slli	x1,x31,0x10	 x31:0xc0f69990  x1=0x99900000
     373015.000 ns	     37300	80007b38	41ff5b93	srai	x23,x30,0x1f	 x30:0x80041024 x23=0xffffffff
     373035.000 ns	     37302	80007b3c	28d61253	fmax.s	f4,f12,f13	 f12:0x00000000 f13:0x00000000  f4=0x00000000
     373085.000 ns	     37307	80007b40	00bb3753	fadd.s	f14,f22,f11	 f22:0x40e00000 f11:0x00000000 f14=0x40e00000
     373105.000 ns	     37309	80007b44	0193af33	slt	x30,x7,x25	  x7:0xfffff84e x25:0x000062a4 x30=0x00000001
     373115.000 ns	     37310	80007b48	18b66413	ori	x8,x12,395	 x12:0xb429aab4  x8=0xb429abbf
     373125.000 ns	     37311	80007b4c	408d0f33	sub	x30,x26,x8	 x26:0x00000000  x8:0x00000000 x30=0x4bd65441
     373485.000 ns	     37347	80007b50	02c44933	div	x18,x8,x12	  x8:0x00000000 x12:0xb429aab4 x18=0x00000000
     373515.000 ns	     37350	80007b54	20c82153	fsgnjx.s	f2,f16,f12	 f16:0x80000000 f12:0x00000000  f2=0x80000000
     373535.000 ns	     37352	80007b58	35456193	ori	x3,x10,852	 x10:0xf75ca184  x3=0xf75ca3d4
     373545.000 ns	     37353	80007b5c	a3b76b17	auipc	x22,0xa3b76	 x22=0x23b7db5c
     373565.000 ns	     37355	80007b60	21cba5d3	fsgnjx.s	f11,f23,f28	 f23:0xc0e00000 f28:0x80000000 f11=0x40e00000
     373595.000 ns	     37358	80007b64	20c40cd3	fsgnj.s	f25,f8,f12	  f8:0x3f800000 f12:0x00000000 f25=0x3f800000
     373625.000 ns	     37361	80007b68	e0031cd3	fclass.s	x25,f6	  f6:0xbf800000 x25=0x00000002
     373645.000 ns	     37363	80007b6c	009ca1b3	slt	x3,x25,x9	 x25:0x000062a4  x9:0x00000001  x3=0x00000000
     373655.000 ns	     37364	80007b70	004a0bb3	add	x23,x20,x4	 x20:0xffffffff  x4:0x00000000 x23=0xffffffff
     373665.000 ns	     37365	80007b74	410c5ab3	sra	x21,x24,x16	 x24:0x00000040 x16:0x62a4591c x21=0x00000000
     373675.000 ns	     37366	80007b78	01bcd1b3	srl	x3,x25,x27	 x25:0x00000002 x27:0x80040fe4  x3=0x00000000
     374035.000 ns	     37402	80007b7c	03096833	rem	x16,x18,x16	 x18:0x00000000 x16:0x62a4591c x16=0x00000000
     374065.000 ns	     37405	80007b80	e0088953	fmv.x.w	x18,f17	 f17:0x3f800000 x18=0x3f800000
     374085.000 ns	     37407	80007b84	dee73113	sltiu	x2,x14,-530	 x14:0x00000000  x2=0x00000001
     374105.000 ns	     37409	80007b88	02a913b3	mulh	x7,x18,x10	 x18:0x3f800000 x10:0xf75ca184  x7=0xfddb7a10
     374135.000 ns	     37412	80007b8c	a1a3a353	feq.s	x6,f7,f26	  f7:0x80000000 f26:0x80000000  x6=0x00000001
     374155.000 ns	     37414	80007b90	129e6213	ori	x4,x28,297	 x28:0xffffffc0  x4=0xffffffe9
     374185.000 ns	     37417	80007b94	18371053	fdiv.s	f0,f14,f3	 f14:0x40e00000  f3:0xff800000  f0=0x80000000
     374205.000 ns	     37419	80007b98	00980fb3	add	x31,x16,x9	 x16:0x00000000  x9:0x00000001 x31=0x00000001
     374225.000 ns	     37421	80007b9c	a0792153	feq.s	x2,f18,f7	 f18:0x00000000  f7:0x80000000  x2=0x00000001
     374245.000 ns	     37423	80007ba0	00bcb7b3	sltu	x15,x25,x11	 x25:0x00000002 x11:0xb429a8a4 x15=0x00000001
     374255.000 ns	     37424	80007ba4	009d1613	slli	x12,x26,0x9	 x26:0x00000000 x12=0x00000000
     374275.000 ns	     37426	80007ba8	026c2a33	mulhsu	x20,x24,x6	 x24:0x00000040  x6:0x00000001 x20=0x00000000
     374295.000 ns	     37428	80007bac	44c42a93	slti	x21,x8,1100	  x8:0xb429abbf x21=0x00000001
     374305.000 ns	     37429	80007bb0	aa41c093	xori	x1,x3,-1372	  x3:0x00000000  x1=0xfffffaa4
     374315.000 ns	     37430	80007bb4	4131dd13	srai	x26,x3,0x13	  x3:0x00000000 x26=0x00000000
     374325.000 ns	     37431	80007bb8	062fa313	slti	x6,x31,98	 x31:0x00000001  x6=0x00000001
     374345.000 ns	     37433	80007bbc	a1b409d3	fle.s	x19,f8,f27	  f8:0x3f800000 f27:0x80000000 x19=0x00000000
     374365.000 ns	     37435	80007bc0	2ccfa813	slti	x16,x31,716	 x31:0x00000001 x16=0x00000001
     374385.000 ns	     37437	80007bc4	02ccf333	remu	x6,x25,x12	 x25:0x00000002 x12:0x00000000  x6=0x00000002
     374405.000 ns	     37439	80007bc8	400bdfb3	sra	x31,x23,x0	 x23:0xffffffff  x0:0x00000000 x31=0xffffffff
     374415.000 ns	     37440	80007bcc	5c54a793	slti	x15,x9,1477	  x9:0x00000001 x15=0x00000001
     374425.000 ns	     37441	80007bd0	00299c93	slli	x25,x19,0x2	 x19:0x00000000 x25=0x00000000
     374445.000 ns	     37443	80007bd4	d00f7cd3	fcvt.s.w	f25,x30	 x30:0x4bd65441 f25=0x4e97aca8
     374475.000 ns	     37446	80007bd8	20ba0853	fsgnj.s	f16,f20,f11	 f20:0x3f800000 f11:0x40e00000 f16=0x3f800000
     374505.000 ns	     37449	80007bdc	a19415d3	flt.s	x11,f8,f25	  f8:0x3f800000 f25:0x4e97aca8 x11=0x00000001
     374525.000 ns	     37451	80007be0	0006e8b3	or	x17,x13,x0	 x13:0x00000000  x0:0x00000000 x17=0x00000000
     374545.000 ns	     37453	80007be4	031fe833	rem	x16,x31,x17	 x31:0xffffffff x17:0x00000000 x16=0xffffffff
     374565.000 ns	     37455	80007be8	00000013	addi	x0,x0,0	  x0:0x00000000
     374585.000 ns	     37457	80007bec	02848ab3	mul	x21,x9,x8	  x9:0x00000001  x8:0xb429abbf x21=0xb429abbf
     374605.000 ns	     37459	80007bf0	f7bdfc13	andi	x24,x27,-133	 x27:0x80040fe4 x24=0x80040f60
     374615.000 ns	     37460	80007bf4	7a2cea93	ori	x21,x25,1954	 x25:0x00000000 x21=0x000007a2
     374655.000 ns	     37464	80007bf8	00e00d53	fadd.s	f26,f0,f14	  f0:0x80000000 f14:0x40e00000 f26=0x40e00000
     374675.000 ns	     37466	80007bfc	41c0d1b3	sra	x3,x1,x28	  x1:0xfffffaa4 x28:0xffffffc0  x3=0xfffffaa4
     374695.000 ns	     37468	80007c00	212f0753	fsgnj.s	f14,f30,f18	 f30:0x7fc00000 f18:0x00000000 f14=0x7fc00000
     374715.000 ns	     37470	80007c04	00000013	addi	x0,x0,0	  x0:0x00000000
     374725.000 ns	     37471	80007c08	94178c13	addi	x24,x15,-1727	 x15:0x00000001 x24=0xfffff942
     374745.000 ns	     37473	80007c0c	020029b3	mulhsu	x19,x0,x0	  x0:0x00000000  x0:0x00000000 x19=0x00000000
     374765.000 ns	     37475	80007c10	00781013	slli	x0,x16,0x7	 x16:0xffffffff
     374775.000 ns	     37476	80007c14	402a8d33	sub	x26,x21,x2	 x21:0x000007a2  x2:0x00000001 x26=0x000007a1
     374795.000 ns	     37478	80007c18	0346e433	rem	x8,x13,x20	 x13:0x00000000 x20:0x00000000  x8=0x00000000
     374825.000 ns	     37481	80007c1c	03be2f33	mulhsu	x30,x28,x27	 x28:0xffffffc0 x27:0x80040fe4 x30=0xffffffdf
     374855.000 ns	     37484	80007c20	a1522753	feq.s	x14,f4,f21	  f4:0x00000000 f21:0x80000000 x14=0x00000001
     374885.000 ns	     37487	80007c24	c00c1253	fcvt.w.s	x4,f24	 f24:0x1f35049a  x4=0x00000000
     374935.000 ns	     37492	80007c28	097fc7d3	fsub.s	f15,f31,f23	 f31:0x4d874d00 f23:0xc0e00000 f15=0x4d874d00
     374955.000 ns	     37494	80007c2c	0107e633	or	x12,x15,x16	 x15:0x00000001 x16:0xffffffff x12=0xffffffff
     374965.000 ns	     37495	80007c30	00001ab3	sll	x21,x0,x0	  x0:0x00000000  x0:0x00000000 x21=0x00000000
     374985.000 ns	     37497	80007c34	030120b3	mulhsu	x1,x2,x16	  x2:0x00000001 x16:0xffffffff  x1=0x00000000
     375025.000 ns	     37501	80007c38	1134f153	fmul.s	f2,f9,f19	  f9:0x4ec548b2 f19:0x00000000  f2=0x00000000
     375075.000 ns	     37506	80007c3c	00480dd3	fadd.s	f27,f16,f4	 f16:0x3f800000  f4:0x00000000 f27=0x3f800000
     375105.000 ns	     37509	80007c40	03446d33	rem	x26,x8,x20	  x8:0x00000000 x20:0x00000000 x26=0x00000000
     375155.000 ns	     37514	80007c44	087d0b53	fsub.s	f22,f26,f7	 f26:0x40e00000  f7:0x80000000 f22=0x40e00000
     375175.000 ns	     37516	80007c48	01b3fab3	and	x21,x7,x27	  x7:0xfddb7a10 x27:0x80040fe4 x21=0x80000a00
     375185.000 ns	     37517	80007c4c	6511fc13	andi	x24,x3,1617	  x3:0xfffffaa4 x24=0x00000200
     375205.000 ns	     37519	80007c50	03a95833	divu	x16,x18,x26	 x18:0x3f800000 x26:0x00000000 x16=0xffffffff
     375225.000 ns	     37521	80007c54	0011acb3	slt	x25,x3,x1	  x3:0xfffffaa4  x1:0x00000000 x25=0x00000001
     375245.000 ns	     37523	80007c58	e0098bd3	fmv.x.w	x23,f19	 f19:0x00000000 x23=0x00000000
     375275.000 ns	     37526	80007c5c	f0048bd3	fmv.w.x	f23,x9	  x9:0x00000001 f23=0x00000001
     375305.000 ns	     37529	80007c60	a1c206d3	fle.s	x13,f4,f28	  f4:0x00000000 f28:0x80000000 x13=0x00000001
     375335.000 ns	     37532	80007c64	21f622d3	fsgnjx.s	f5,f12,f31	 f12:0x00000000 f31:0x4d874d00  f5=0x00000000
     375705.000 ns	     37569	80007c68	0309e433	rem	x8,x19,x16	 x19:0x00000000 x16:0xffffffff  x8=0x00000000
     375745.000 ns	     37573	80007c6c	18da2e53	fdiv.s	f28,f20,f13	 f20:0x3f800000 f13:0x00000000 f28=0x7f800000
     375775.000 ns	     37576	80007c70	d0077a53	fcvt.s.w	f20,x14	 x14:0x00000001 f20=0x3f800000
     375805.000 ns	     37579	80007c74	035084b3	mul	x9,x1,x21	  x1:0x00000000 x21:0x80000a00  x9=0x00000000
     375825.000 ns	     37581	80007c78	404e8d33	sub	x26,x29,x4	 x29:0xfffffe44  x4:0x00000000 x26=0xfffffe44
     375845.000 ns	     37583	80007c7c	e0061753	fclass.s	x14,f12	 f12:0x00000000 x14=0x00000010
     375865.000 ns	     37585	80007c80	406886b3	sub	x13,x17,x6	 x17:0x00000000  x6:0x00000002 x13=0xfffffffe
     375905.000 ns	     37589	80007c84	0046f8d3	fadd.s	f17,f13,f4	 f13:0x00000000  f4:0x00000000 f17=0x00000000
     375935.000 ns	     37592	80007c88	d01afc53	fcvt.s.wu	f24,x21	 x21:0x80000a00 f24=0x4f00000a
     375965.000 ns	     37595	80007c8c	203bacd3	fsgnjx.s	f25,f23,f3	 f23:0x00000001  f3:0xff800000 f25=0x80000001
     375995.000 ns	     37598	80007c90	a0c39f53	flt.s	x30,f7,f12	  f7:0x80000000 f12:0x00000000 x30=0x00000000
     376015.000 ns	     37600	80007c94	00c06f33	or	x30,x0,x12	  x0:0x00000000 x12:0xffffffff x30=0xffffffff
     376035.000 ns	     37602	80007c98	a18a0fd3	fle.s	x31,f20,f24	 f20:0x3f800000 f24:0x4f00000a x31=0x00000001
     376065.000 ns	     37605	80007c9c	f0078253	fmv.w.x	f4,x15	 x15:0x00000001  f4=0x00000001
     376095.000 ns	     37608	80007ca0	e00d07d3	fmv.x.w	x15,f26	 f26:0x40e00000 x15=0x40e00000
     376135.000 ns	     37612	80007ca4	19377953	fdiv.s	f18,f14,f19	 f14:0x7fc00000 f19:0x00000000 f18=0x7fc00000
     377315.000 ns	     37730	80007ca8	580d7cd3	fsqrt.s	f25,f26	 f26:0x40e00000 f25=0x402953fc
     377335.000 ns	     37732	80007cac	41d75933	sra	x18,x14,x29	 x14:0x00000010 x29:0xfffffe44 x18=0x00000001
     377355.000 ns	     37734	80007cb0	20081c53	fsgnjn.s	f24,f16,f0	 f16:0x3f800000  f0:0x80000000 f24=0x3f800000
     377385.000 ns	     37737	80007cb4	a0df0f53	fle.s	x30,f30,f13	 f30:0x7fc00000 f13:0x00000000 x30=0x00000000
     377405.000 ns	     37739	80007cb8	01bb6933	or	x18,x22,x27	 x22:0x23b7db5c x27:0x80040fe4 x18=0xa3b7dffc
     377415.000 ns	     37740	80007cbc	f0cf6c13	ori	x24,x30,-244	 x30:0x00000000 x24=0xffffff0c
     377455.000 ns	     37744	80007cc0	00437053	fadd.s	f0,f6,f4	  f6:0xbf800000  f4:0x00000001  f0=0xbf800000
     377825.000 ns	     37781	80007cc4	02b2f8b3	remu	x17,x5,x11	  x5:0x80041024 x11:0x00000001 x17=0x00000000
     377855.000 ns	     37784	80007cc8	c013f753	fcvt.wu.s	x14,f7	  f7:0x80000000 x14=0x00000000
     377875.000 ns	     37786	80007ccc	01653a33	sltu	x20,x10,x22	 x10:0xf75ca184 x22:0x23b7db5c x20=0x00000000
     377905.000 ns	     37789	80007cd0	10da7253	fmul.s	f4,f20,f13	 f20:0x3f800000 f13:0x00000000  f4=0x00000000
     377925.000 ns	     37791	80007cd4	41ca5e33	sra	x28,x20,x28	 x20:0x00000000 x28:0xffffffc0 x28=0x00000000
     377945.000 ns	     37793	80007cd8	02e77fb3	remu	x31,x14,x14	 x14:0x00000000 x14:0x00000000 x31=0x00000000
     377965.000 ns	     37795	80007cdc	0054ec33	or	x24,x9,x5	  x9:0x00000000  x5:0x80041024 x24=0x80041024
     377975.000 ns	     37796	80007ce0	415605b3	sub	x11,x12,x21	 x12:0xffffffff x21:0x80000a00 x11=0x7ffff5ff
     377995.000 ns	     37798	80007ce4	02dc9233	mulh	x4,x25,x13	 x25:0x00000001 x13:0xfffffffe  x4=0xffffffff
     378025.000 ns	     37801	80007ce8	29fc8453	fmin.s	f8,f25,f31	 f25:0x402953fc f31:0x4d874d00  f8=0x402953fc
     378045.000 ns	     37803	80007cec	419bd933	sra	x18,x23,x25	 x23:0x00000000 x25:0x00000001 x18=0x00000000
     378055.000 ns	     37804	80007cf0	b2684f93	xori	x31,x16,-1242	 x16:0xffffffff x31=0x000004d9
     378065.000 ns	     37805	80007cf4	39242013	slti	x0,x8,914	  x8:0x00000000
     378075.000 ns	     37806	80007cf8	e3be3713	sltiu	x14,x28,-453	 x28:0x00000000 x14=0x00000001
     378085.000 ns	     37807	80007cfc	01356633	or	x12,x10,x19	 x10:0xf75ca184 x19:0x00000000 x12=0xf75ca184
     378105.000 ns	     37809	80007d00	f00b0d53	fmv.w.x	f26,x22	 x22:0x23b7db5c f26=0x23b7db5c
     378125.000 ns	     37811	80007d04	01dc7233	and	x4,x24,x29	 x24:0x80041024 x29:0xfffffe44  x4=0x80041004
     378145.000 ns	     37813	80007d08	e00d0cd3	fmv.x.w	x25,f26	 f26:0x23b7db5c x25=0x23b7db5c
     378165.000 ns	     37815	80007d0c	00b3beb3	sltu	x29,x7,x11	  x7:0xfddb7a10 x11:0x7ffff5ff x29=0x00000000
     378175.000 ns	     37816	80007d10	91c54f13	xori	x30,x10,-1764	 x10:0xf75ca184 x30=0x08a35898
     378185.000 ns	     37817	80007d14	00cbdc13	srli	x24,x23,0xc	 x23:0x00000000 x24=0x00000000
     378205.000 ns	     37819	80007d18	2199a9d3	fsgnjx.s	f19,f19,f25	 f19:0x00000000 f25:0x402953fc f19=0x00000000
     378225.000 ns	     37821	80007d1c	41bd8733	sub	x14,x27,x27	 x27:0x80040fe4 x27:0x80040fe4 x14=0x00000000
     378235.000 ns	     37822	80007d20	f9623113	sltiu	x2,x4,-106	  x4:0x80041004  x2=0x00000001
     378245.000 ns	     37823	80007d24	01751913	slli	x18,x10,0x17	 x10:0xf75ca184 x18=0xc2000000
     378265.000 ns	     37825	80007d28	a12b00d3	fle.s	x1,f22,f18	 f22:0x40e00000 f18:0x7fc00000  x1=0x00000000
     378285.000 ns	     37827	80007d2c	0111deb3	srl	x29,x3,x17	  x3:0xfffffaa4 x17:0x00000000 x29=0xfffffaa4
     378295.000 ns	     37828	80007d30	00c21893	slli	x17,x4,0xc	  x4:0x80041004 x17=0x41004000
     378305.000 ns	     37829	80007d34	00000013	addi	x0,x0,0	  x0:0x00000000
     378665.000 ns	     37865	80007d38	023347b3	div	x15,x6,x3	  x6:0x00000002  x3:0xfffffaa4 x15=0x00000000
     378695.000 ns	     37868	80007d3c	29ff9053	fmax.s	f0,f31,f31	 f31:0x4d874d00 f31:0x4d874d00  f0=0x4d874d00
     378725.000 ns	     37871	80007d40	02c32c33	mulhsu	x24,x6,x12	  x6:0x00000002 x12:0xf75ca184 x24=0x00000001
     378755.000 ns	     37874	80007d44	d01ff2d3	fcvt.s.wu	f5,x31	 x31:0x000004d9  f5=0x449b2000
     378785.000 ns	     37877	80007d48	02ec0f33	mul	x30,x24,x14	 x24:0x00000001 x14:0x00000000 x30=0x00000000
     378815.000 ns	     37880	80007d4c	029c8133	mul	x2,x25,x9	 x25:0x23b7db5c  x9:0x00000000  x2=0x00000000
     378845.000 ns	     37883	80007d50	e0008953	fmv.x.w	x18,f1	  f1:0x80000000 x18=0x80000000
     378875.000 ns	     37886	80007d54	e0061f53	fclass.s	x30,f12	 f12:0x00000000 x30=0x00000010
     378905.000 ns	     37889	80007d58	28249ed3	fmax.s	f29,f9,f2	  f9:0x4ec548b2  f2:0x00000000 f29=0x4ec548b2
     378925.000 ns	     37891	80007d5c	01d059b3	srl	x19,x0,x29	  x0:0x00000000 x29:0xfffffaa4 x19=0x00000000
     378945.000 ns	     37893	80007d60	c0060953	fcvt.w.s	x18,f12	 f12:0x00000000 x18=0x00000000
     378965.000 ns	     37895	80007d64	dc4ccb37	lui	x22,0xdc4cc	 x22=0xdc4cc000
     378985.000 ns	     37897	80007d68	21520753	fsgnj.s	f14,f4,f21	  f4:0x00000000 f21:0x80000000 f14=0x80000000
     379025.000 ns	     37901	80007d6c	18f69853	fdiv.s	f16,f13,f15	 f13:0x00000000 f15:0x4d874d00 f16=0x00000000
     379055.000 ns	     37904	80007d70	a101a253	feq.s	x4,f3,f16	  f3:0xff800000 f16:0x3f800000  x4=0x00000000
     379085.000 ns	     37907	80007d74	f0000c53	fmv.w.x	f24,x0	  x0:0x00000000 f24=0x00000000
     379115.000 ns	     37910	80007d78	210912d3	fsgnjn.s	f5,f18,f16	 f18:0x7fc00000 f16:0x00000000  f5=0xffc00000
     379485.000 ns	     37947	80007d7c	02ae5e33	divu	x28,x28,x10	 x28:0x00000000 x10:0xf75ca184 x28=0x00000000
     379505.000 ns	     37949	80007d80	01e1d4b3	srl	x9,x3,x30	  x3:0xfffffaa4 x30:0x00000010  x9=0x0000ffff
     379515.000 ns	     37950	80007d84	41365733	sra	x14,x12,x19	 x12:0xf75ca184 x19:0x00000000 x14=0xf75ca184
     379535.000 ns	     37952	80007d88	a1d42353	feq.s	x6,f8,f29	  f8:0x402953fc f29:0x4ec548b2  x6=0x00000000
     379555.000 ns	     37954	80007d8c	41625d33	sra	x26,x4,x22	  x4:0x00000000 x22:0xdc4cc000 x26=0x00000000
     379575.000 ns	     37956	80007d90	21cd93d3	fsgnjn.s	f7,f27,f28	 f27:0x3f800000 f28:0x7f800000  f7=0xbf800000
     379945.000 ns	     37993	80007d94	0253c1b3	div	x3,x7,x5	  x7:0xfddb7a10  x5:0x80041024  x3=0x00000000
     379965.000 ns	     37995	80007d98	caca4193	xori	x3,x20,-852	 x20:0x00000000  x3=0xfffffcac
     379985.000 ns	     37997	80007d9c	a08717d3	flt.s	x15,f14,f8	 f14:0x80000000  f8:0x402953fc x15=0x00000001
     380015.000 ns	     38000	80007da0	20bc1ad3	fsgnjn.s	f21,f24,f11	 f24:0x00000000 f11:0x40e00000 f21=0x80000000
     380045.000 ns	     38003	80007da4	e00b81d3	fmv.x.w	x3,f23	 f23:0x00000001  x3=0x00000001
     380065.000 ns	     38005	80007da8	0169cf33	xor	x30,x19,x22	 x19:0x00000000 x22:0xdc4cc000 x30=0xdc4cc000
     380085.000 ns	     38007	80007dac	c0157053	fcvt.wu.s	x0,f10	 f10:0x00000000
     380105.000 ns	     38009	80007db0	009dc833	xor	x16,x27,x9	 x27:0x80040fe4  x9:0x0000ffff x16=0x8004f01b
     380135.000 ns	     38012	80007db4	5809ad53	fsqrt.s	f26,f19	 f19:0x00000000 f26=0x00000000
     380165.000 ns	     38015	80007db8	21d8a0d3	fsgnjx.s	f1,f17,f29	 f17:0x00000000 f29:0x4ec548b2  f1=0x00000000
     380195.000 ns	     38018	80007dbc	d0092553	fcvt.s.w	f10,x18	 x18:0x00000000 f10=0x00000000
     380215.000 ns	     38020	80007dc0	00000013	addi	x0,x0,0	  x0:0x00000000
     380245.000 ns	     38023	80007dc4	10d59253	fmul.s	f4,f11,f13	 f11:0x40e00000 f13:0x00000000  f4=0x00000000
     380275.000 ns	     38026	80007dc8	03d92e33	mulhsu	x28,x18,x29	 x18:0x00000000 x29:0xfffffaa4 x28=0x00000000
     380295.000 ns	     38028	80007dcc	01946cb3	or	x25,x8,x25	  x8:0x00000000 x25:0x23b7db5c x25=0x23b7db5c
     380315.000 ns	     38030	80007dd0	280508d3	fmin.s	f17,f10,f0	 f10:0x00000000  f0:0x4d874d00 f17=0x00000000
     380345.000 ns	     38033	80007dd4	03a0a5b3	mulhsu	x11,x1,x26	  x1:0x00000000 x26:0x00000000 x11=0x00000000
     380365.000 ns	     38035	80007dd8	00ff4d33	xor	x26,x30,x15	 x30:0xdc4cc000 x15:0x00000001 x26=0xdc4cc001
     380385.000 ns	     38037	80007ddc	02b81133	mulh	x2,x16,x11	 x16:0x8004f01b x11:0x00000000  x2=0x00000000
     380415.000 ns	     38040	80007de0	215f9b53	fsgnjn.s	f22,f31,f21	 f31:0x4d874d00 f21:0x80000000 f22=0x4d874d00
     380445.000 ns	     38043	80007de4	21ea0e53	fsgnj.s	f28,f20,f30	 f20:0x3f800000 f30:0x7fc00000 f28=0x3f800000
     380485.000 ns	     38047	80007de8	103f8bd3	fmul.s	f23,f31,f3	 f31:0x4d874d00  f3:0xff800000 f23=0xff800000
     380505.000 ns	     38049	80007dec	b8f40793	addi	x15,x8,-1137	  x8:0x00000000 x15=0xfffffb8f
     380525.000 ns	     38051	80007df0	e0059bd3	fclass.s	x23,f11	 f11:0x40e00000 x23=0x00000040
     380555.000 ns	     38054	80007df4	e0008853	fmv.x.w	x16,f1	  f1:0x00000000 x16=0x00000000
     380585.000 ns	     38057	80007df8	a18c8d53	fle.s	x26,f25,f24	 f25:0x402953fc f24:0x00000000 x26=0x00000000
     380615.000 ns	     38060	80007dfc	02d01633	mulh	x12,x0,x13	  x0:0x00000000 x13:0xfffffffe x12=0x00000000
     380645.000 ns	     38063	80007e00	201904d3	fsgnj.s	f9,f18,f1	 f18:0x7fc00000  f1:0x00000000  f9=0x7fc00000
     381015.000 ns	     38100	80007e04	0353ea33	rem	x20,x7,x21	  x7:0xfddb7a10 x21:0x80000a00 x20=0xfddb7a10
     381055.000 ns	     38104	80007e08	580779d3	fsqrt.s	f19,f14	 f14:0x80000000 f19=0x80000000
     381075.000 ns	     38106	80007e0c	00caf1b3	and	x3,x21,x12	 x21:0x80000a00 x12:0x00000000  x3=0x00000000
     381095.000 ns	     38108	80007e10	e00f8b53	fmv.x.w	x22,f31	 f31:0x4d874d00 x22=0x4d874d00
     381115.000 ns	     38110	80007e14	00fb1a33	sll	x20,x22,x15	 x22:0xdc4cc000 x15:0xfffffb8f x20=0xa6800000
     381135.000 ns	     38112	80007e18	03358fb3	mul	x31,x11,x19	 x11:0x00000000 x19:0x00000000 x31=0x00000000
     381155.000 ns	     38114	80007e1c	75fac313	xori	x6,x21,1887	 x21:0x80000a00  x6=0x80000d5f
     381165.000 ns	     38115	80007e20	e1f50c93	addi	x25,x10,-481	 x10:0xf75ca184 x25=0xf75c9fa3
     381185.000 ns	     38117	80007e24	d005f353	fcvt.s.w	f6,x11	 x11:0x00000000  f6=0x00000000
     381205.000 ns	     38119	80007e28	000c5f33	srl	x30,x24,x0	 x24:0x00000001  x0:0x00000000 x30=0x00000001
     381225.000 ns	     38121	80007e2c	e00985d3	fmv.x.w	x11,f19	 f19:0x80000000 x11=0x80000000
     381245.000 ns	     38123	80007e30	d16eb993	sltiu	x19,x29,-746	 x29:0xfffffaa4 x19=0x00000001
     381605.000 ns	     38159	80007e34	03795033	divu	x0,x18,x23	 x18:0x00000000 x23:0x00000040
     381645.000 ns	     38163	80007e38	193d9fd3	fdiv.s	f31,f27,f19	 f27:0x3f800000 f19:0x80000000 f31=0xff800000
     381675.000 ns	     38166	80007e3c	20679353	fsgnjn.s	f6,f15,f6	 f15:0x4d874d00  f6:0x00000000  f6=0xcd874d00
     382045.000 ns	     38203	80007e40	0265deb3	divu	x29,x11,x6	 x11:0x80000000  x6:0x80000d5f x29=0x00000000
     382075.000 ns	     38206	80007e44	a03516d3	flt.s	x13,f10,f3	 f10:0x00000000  f3:0xff800000 x13=0x00000000
     382105.000 ns	     38209	80007e48	29de09d3	fmin.s	f19,f28,f29	 f28:0x3f800000 f29:0x4ec548b2 f19=0x3f800000
     382475.000 ns	     38246	80007e4c	0277c1b3	div	x3,x15,x7	 x15:0xfffffb8f  x7:0xfddb7a10  x3=0x00000000
     382495.000 ns	     38248	80007e50	ae208e37	lui	x28,0xae208	 x28=0xae208000
     382515.000 ns	     38250	80007e54	03db14b3	mulh	x9,x22,x29	 x22:0x4d874d00 x29:0x00000000  x9=0x00000000
     382545.000 ns	     38253	80007e58	20059653	fsgnjn.s	f12,f11,f0	 f11:0x40e00000  f0:0x4d874d00 f12=0xc0e00000
     382575.000 ns	     38256	80007e5c	e0018cd3	fmv.x.w	x25,f3	  f3:0xff800000 x25=0xff800000
     382595.000 ns	     38258	80007e60	00a16633	or	x12,x2,x10	  x2:0x00000000 x10:0xf75ca184 x12=0xf75ca184
     382605.000 ns	     38259	80007e64	002f6eb3	or	x29,x30,x2	 x30:0x00000001  x2:0x00000000 x29=0x00000001
     382615.000 ns	     38260	80007e68	008d9e33	sll	x28,x27,x8	 x27:0x80040fe4  x8:0x00000000 x28=0x80040fe4
     382625.000 ns	     38261	80007e6c	011bcf33	xor	x30,x23,x17	 x23:0x00000040 x17:0x41004000 x30=0x41004040
     382635.000 ns	     38262	80007e70	001ade33	srl	x28,x21,x1	 x21:0x80000a00  x1:0x00000000 x28=0x80000a00
     382995.000 ns	     38298	80007e74	0340eb33	rem	x22,x1,x20	  x1:0x00000000 x20:0xa6800000 x22=0x00000000
     383015.000 ns	     38300	80007e78	bbc02b93	slti	x23,x0,-1092	  x0:0x00000000 x23=0x00000000
     383035.000 ns	     38302	80007e7c	28168ad3	fmin.s	f21,f13,f1	 f13:0x00000000  f1:0x00000000 f21=0x00000000
     383065.000 ns	     38305	80007e80	20d92053	fsgnjx.s	f0,f18,f13	 f18:0x7fc00000 f13:0x00000000  f0=0x7fc00000
     383085.000 ns	     38307	80007e84	126c7213	andi	x4,x24,294	 x24:0x00000001  x4=0x00000000
     383105.000 ns	     38309	80007e88	a0d109d3	fle.s	x19,f2,f13	  f2:0x00000000 f13:0x00000000 x19=0x00000001
     383135.000 ns	     38312	80007e8c	213381d3	fsgnj.s	f3,f7,f19	  f7:0xbf800000 f19:0x3f800000  f3=0x3f800000
     383165.000 ns	     38315	80007e90	a01f0453	fle.s	x8,f30,f1	 f30:0x7fc00000  f1:0x00000000  x8=0x00000000
     383185.000 ns	     38317	80007e94	41aa54b3	sra	x9,x20,x26	 x20:0xa6800000 x26:0x00000000  x9=0xa6800000
     383205.000 ns	     38319	80007e98	21e783d3	fsgnj.s	f7,f15,f30	 f15:0x4d874d00 f30:0x7fc00000  f7=0x4d874d00
     383235.000 ns	     38322	80007e9c	213d8dd3	fsgnj.s	f27,f27,f19	 f27:0x3f800000 f19:0x3f800000 f27=0x3f800000
     383255.000 ns	     38324	80007ea0	0db02713	slti	x14,x0,219	  x0:0x00000000 x14=0x00000001
     383275.000 ns	     38326	80007ea4	28d41153	fmax.s	f2,f8,f13	  f8:0x402953fc f13:0x00000000  f2=0x402953fc
     383295.000 ns	     38328	80007ea8	5aa4bd13	sltiu	x26,x9,1450	  x9:0xa6800000 x26=0x00000000
     383305.000 ns	     38329	80007eac	ac540113	addi	x2,x8,-1339	  x8:0x00000000  x2=0xfffffac5
     383315.000 ns	     38330	80007eb0	a9fd6813	ori	x16,x26,-1377	 x26:0x00000000 x16=0xfffffa9f
     383675.000 ns	     38366	80007eb4	0252e333	rem	x6,x5,x5	  x5:0x80041024  x5:0x80041024  x6=0x00000000
     383695.000 ns	     38368	80007eb8	009b5eb3	srl	x29,x22,x9	 x22:0x00000000  x9:0xa6800000 x29=0x00000000
     383705.000 ns	     38369	80007ebc	c7da0e13	addi	x28,x20,-899	 x20:0xa6800000 x28=0xa67ffc7d
     383735.000 ns	     38372	80007ec0	10fe38d3	fmul.s	f17,f28,f15	 f28:0x3f800000 f15:0x4d874d00 f17=0x4d874d00
     383755.000 ns	     38374	80007ec4	73ba0b13	addi	x22,x20,1851	 x20:0xa6800000 x22=0xa680073b
     383765.000 ns	     38375	80007ec8	40725213	srai	x4,x4,0x7	  x4:0x00000000  x4=0x00000000
     383775.000 ns	     38376	80007ecc	a35e2793	slti	x15,x28,-1483	 x28:0xa67ffc7d x15=0x00000001
     383785.000 ns	     38377	80007ed0	ff0aba93	sltiu	x21,x21,-16	 x21:0x80000a00 x21=0x00000001
     383795.000 ns	     38378	80007ed4	0106ebb3	or	x23,x13,x16	 x13:0x00000000 x16:0xfffffa9f x23=0xfffffa9f
     383805.000 ns	     38379	80007ed8	00377133	and	x2,x14,x3	 x14:0x00000001  x3:0x00000000  x2=0x00000000
     383815.000 ns	     38380	80007edc	019d0f33	add	x30,x26,x25	 x26:0x00000000 x25:0xff800000 x30=0xff800000
     383835.000 ns	     38382	80007ee0	a0c90ed3	fle.s	x29,f18,f12	 f18:0x7fc00000 f12:0xc0e00000 x29=0x00000000
     383855.000 ns	     38384	80007ee4	00000013	addi	x0,x0,0	  x0:0x00000000
     383865.000 ns	     38385	80007ee8	01755bb3	srl	x23,x10,x23	 x10:0xf75ca184 x23:0xfffffa9f x23=0x00000001
     383905.000 ns	     38389	80007eec	009d7853	fadd.s	f16,f26,f9	 f26:0x00000000  f9:0x7fc00000 f16=0x7fc00000
     383925.000 ns	     38391	80007ef0	019424b3	slt	x9,x8,x25	  x8:0x00000000 x25:0xff800000  x9=0x00000000
     383945.000 ns	     38393	80007ef4	02668ab3	mul	x21,x13,x6	 x13:0x00000000  x6:0x00000000 x21=0x00000000
     383965.000 ns	     38395	80007ef8	014e4c33	xor	x24,x28,x20	 x28:0xa67ffc7d x20:0xa6800000 x24=0x00fffc7d
     383985.000 ns	     38397	80007efc	28338953	fmin.s	f18,f7,f3	  f7:0x4d874d00  f3:0x3f800000 f18=0x3f800000
     384015.000 ns	     38400	80007f00	d01c9dd3	fcvt.s.wu	f27,x25	 x25:0xff800000 f27=0x4f7f8000
     384045.000 ns	     38403	80007f04	035607b3	mul	x15,x12,x21	 x12:0xf75ca184 x21:0x00000000 x15=0x00000000
     384075.000 ns	     38406	80007f08	a10c2fd3	feq.s	x31,f24,f16	 f24:0x00000000 f16:0x7fc00000 x31=0x00000000
     384105.000 ns	     38409	80007f0c	28398f53	fmin.s	f30,f19,f3	 f19:0x3f800000  f3:0x3f800000 f30=0x3f800000
     384135.000 ns	     38412	80007f10	c007b7d3	fcvt.w.s	x15,f15	 f15:0x4d874d00 x15=0x10e9a000
     384155.000 ns	     38414	80007f14	406a06b3	sub	x13,x20,x6	 x20:0xa6800000  x6:0x00000000 x13=0xa6800000
     384175.000 ns	     38416	80007f18	d00070d3	fcvt.s.w	f1,x0	  x0:0x00000000  f1=0x00000000
     384205.000 ns	     38419	80007f1c	029be233	rem	x4,x23,x9	 x23:0x00000001  x9:0x00000000  x4=0x00000001
     384235.000 ns	     38422	80007f20	280b9dd3	fmax.s	f27,f23,f0	 f23:0xff800000  f0:0x7fc00000 f27=0xff800000
     384255.000 ns	     38424	80007f24	b175fa13	andi	x20,x11,-1257	 x11:0x80000000 x20=0x80000000
     384265.000 ns	     38425	80007f28	04c92c93	slti	x25,x18,76	 x18:0x00000000 x25=0x00000001
     384295.000 ns	     38428	80007f2c	18e67bd3	fdiv.s	f23,f12,f14	 f12:0xc0e00000 f14:0x80000000 f23=0x7f800000
     384315.000 ns	     38430	80007f30	012b8eb3	add	x29,x23,x18	 x23:0x00000001 x18:0x00000000 x29=0x00000001
     384325.000 ns	     38431	80007f34	41b0d093	srai	x1,x1,0x1b	  x1:0x00000000  x1=0x00000000
     384345.000 ns	     38433	80007f38	21438253	fsgnj.s	f4,f7,f20	  f7:0x4d874d00 f20:0x3f800000  f4=0x4d874d00
     384365.000 ns	     38435	80007f3c	4128da93	srai	x21,x17,0x12	 x17:0x41004000 x21=0x00001040
     384375.000 ns	     38436	80007f40	41bf0933	sub	x18,x30,x27	 x30:0xff800000 x27:0x80040fe4 x18=0x7f7bf01c
     384395.000 ns	     38438	80007f44	28691553	fmax.s	f10,f18,f6	 f18:0x3f800000  f6:0xcd874d00 f10=0x3f800000
     384415.000 ns	     38440	80007f48	00d761b3	or	x3,x14,x13	 x14:0x00000001 x13:0xa6800000  x3=0xa6800001
     384455.000 ns	     38444	80007f4c	09e68ad3	fsub.s	f21,f13,f30	 f13:0x00000000 f30:0x3f800000 f21=0xbf800000
     384485.000 ns	     38447	80007f50	033a1eb3	mulh	x29,x20,x19	 x20:0x80000000 x19:0x00000001 x29=0xffffffff
     384535.000 ns	     38452	80007f54	09767053	fsub.s	f0,f12,f23	 f12:0xc0e00000 f23:0x7f800000  f0=0xff800000
     384555.000 ns	     38454	80007f58	9158be93	sltiu	x29,x17,-1771	 x17:0x41004000 x29=0x00000001
     384595.000 ns	     38458	80007f5c	0147bb53	fadd.s	f22,f15,f20	 f15:0x4d874d00 f20:0x3f800000 f22=0x4d874d01
     384625.000 ns	     38461	80007f60	c00ace53	fcvt.w.s	x28,f21	 f21:0xbf800000 x28=0xffffffff
     384645.000 ns	     38463	80007f64	40b95b13	srai	x22,x18,0xb	 x18:0x7f7bf01c x22=0x000fef7e
     384665.000 ns	     38465	80007f68	03029433	mulh	x8,x5,x16	  x5:0x80041024 x16:0xfffffa9f  x8=0x000002b0
     384685.000 ns	     38467	80007f6c	01439f13	slli	x30,x7,0x14	  x7:0xfddb7a10 x30=0xa1000000
     384695.000 ns	     38468	80007f70	004b4f33	xor	x30,x22,x4	 x22:0x000fef7e  x4:0x00000001 x30=0x000fef7f
     384705.000 ns	     38469	80007f74	01f7d0b3	srl	x1,x15,x31	 x15:0x10e9a000 x31:0x00000000  x1=0x10e9a000
     384725.000 ns	     38471	80007f78	03473133	mulhu	x2,x14,x20	 x14:0x00000001 x20:0x80000000  x2=0x00000000
     384755.000 ns	     38474	80007f7c	03f696b3	mulh	x13,x13,x31	 x13:0xa6800000 x31:0x00000000 x13=0x00000000
     384775.000 ns	     38476	80007f80	0091d6b3	srl	x13,x3,x9	  x3:0xa6800001  x9:0x00000000 x13=0xa6800001
     384815.000 ns	     38480	80007f84	08b6f9d3	fsub.s	f19,f13,f11	 f13:0x00000000 f11:0x40e00000 f19=0xc0e00000
     384835.000 ns	     38482	80007f88	5e662f93	slti	x31,x12,1510	 x12:0xf75ca184 x31=0x00000001
     384855.000 ns	     38484	80007f8c	c001b8d3	fcvt.w.s	x17,f3	  f3:0x3f800000 x17=0x00000001
     384875.000 ns	     38486	80007f90	013d66b3	or	x13,x26,x19	 x26:0x00000000 x19:0x00000001 x13=0x00000001
     384885.000 ns	     38487	80007f94	01d5a233	slt	x4,x11,x29	 x11:0x80000000 x29:0x00000001  x4=0x00000001
     384895.000 ns	     38488	80007f98	01a30eb3	add	x29,x6,x26	  x6:0x00000000 x26:0x00000000 x29=0x00000000
     384905.000 ns	     38489	80007f9c	0e146a17	auipc	x20,0xe146	 x20=0x8e14df9c
     384915.000 ns	     38490	80007fa0	aed96b97	auipc	x23,0xaed96	 x23=0x2ed9dfa0
     384925.000 ns	     38491	80007fa4	00342ab3	slt	x21,x8,x3	  x8:0x000002b0  x3:0xa6800001 x21=0x00000000
     384935.000 ns	     38492	80007fa8	01811c93	slli	x25,x2,0x18	  x2:0x00000000 x25=0x00000000
     384955.000 ns	     38494	80007fac	020068b3	rem	x17,x0,x0	  x0:0x00000000  x0:0x00000000 x17=0x00000000
     384975.000 ns	     38496	80007fb0	fc67d837	lui	x16,0xfc67d	 x16=0xfc67d000
     384985.000 ns	     38497	80007fb4	ce531497	auipc	x9,0xce531	  x9=0x4e538fb4
     385015.000 ns	     38500	80007fb8	18ed86d3	fdiv.s	f13,f27,f14	 f27:0xff800000 f14:0x80000000 f13=0x7f800000
     385045.000 ns	     38503	80007fbc	c01618d3	fcvt.wu.s	x17,f12	 f12:0xc0e00000 x17=0x00000007
     385065.000 ns	     38505	80007fc0	2189a793	slti	x15,x19,536	 x19:0x00000001 x15=0x00000001
     385085.000 ns	     38507	80007fc4	025813b3	mulh	x7,x16,x5	 x16:0xfc67d000  x5:0x80041024  x7=0x01cc0965
     385115.000 ns	     38510	80007fc8	02428833	mul	x16,x5,x4	  x5:0x80041024  x4:0x00000001 x16=0x80041024
     385145.000 ns	     38513	80007fcc	d00573d3	fcvt.s.w	f7,x10	 x10:0xf75ca184  f7=0xcd0a35e7
     385175.000 ns	     38516	80007fd0	286493d3	fmax.s	f7,f9,f6	  f9:0x7fc00000  f6:0xcd874d00  f7=0xcd874d00
     385545.000 ns	     38553	80007fd4	024a5ab3	divu	x21,x20,x4	 x20:0x8e14df9c  x4:0x00000001 x21=0x8e14df9c
     385575.000 ns	     38556	80007fd8	f00988d3	fmv.w.x	f17,x19	 x19:0x00000001 f17=0x00000001
     385605.000 ns	     38559	80007fdc	d004fd53	fcvt.s.w	f26,x9	  x9:0x4e538fb4 f26=0x4e9ca71f
     385625.000 ns	     38561	80007fe0	6ac8e713	ori	x14,x17,1708	 x17:0x00000007 x14=0x000006af
     385645.000 ns	     38563	80007fe4	028017b3	mulh	x15,x0,x8	  x0:0x00000000  x8:0x000002b0 x15=0x00000000
     385675.000 ns	     38566	80007fe8	a15808d3	fle.s	x17,f16,f21	 f16:0x7fc00000 f21:0xbf800000 x17=0x00000000
     385695.000 ns	     38568	80007fec	24e37917	auipc	x18,0x24e37	 x18=0xa4e3efec
     385705.000 ns	     38569	80007ff0	018cb433	sltu	x8,x25,x24	 x25:0x00000000 x24:0x00fffc7d  x8=0x00000001
     385735.000 ns	     38572	80007ff4	11137fd3	fmul.s	f31,f6,f17	  f6:0xcd874d00 f17:0x00000001 f31=0x83074d01
     385755.000 ns	     38574	80007ff8	00000013	addi	x0,x0,0	  x0:0x00000000
     385775.000 ns	     38576	80007ffc	f0090cd3	fmv.w.x	f25,x18	 x18:0xa4e3efec f25=0xa4e3efec
     385805.000 ns	     38579	80008000	f0018a53	fmv.w.x	f20,x3	  x3:0xa6800001 f20=0xa6800001
     385835.000 ns	     38582	80008004	a11a14d3	flt.s	x9,f20,f17	 f20:0x3f800000 f17:0x00000001  x9=0x00000001
     385885.000 ns	     38587	80008008	089079d3	fsub.s	f19,f0,f9	  f0:0xff800000  f9:0x7fc00000 f19=0x7fc00000
     385905.000 ns	     38589	8000800c	004c8e33	add	x28,x25,x4	 x25:0x00000000  x4:0x00000001 x28=0x00000001
     385915.000 ns	     38590	80008010	4006d333	sra	x6,x13,x0	 x13:0x00000001  x0:0x00000000  x6=0x00000001
     385935.000 ns	     38592	80008014	02dd96b3	mulh	x13,x27,x13	 x27:0x80040fe4 x13:0x00000001 x13=0xffffffff
     385975.000 ns	     38596	80008018	10dd8f53	fmul.s	f30,f27,f13	 f27:0xff800000 f13:0x7f800000 f30=0xff800000
     385995.000 ns	     38598	8000801c	b5803393	sltiu	x7,x0,-1192	  x0:0x00000000  x7=0x00000001
     386005.000 ns	     38599	80008020	4111d593	srai	x11,x3,0x11	  x3:0xa6800001 x11=0xffffd340
     386025.000 ns	     38601	80008024	28c78cd3	fmin.s	f25,f15,f12	 f15:0x4d874d00 f12:0xc0e00000 f25=0xc0e00000
     386045.000 ns	     38603	80008028	67be7613	andi	x12,x28,1659	 x28:0x00000001 x12=0x00000001
     386055.000 ns	     38604	8000802c	00000013	addi	x0,x0,0	  x0:0x00000000
     386065.000 ns	     38605	80008030	0099e1b3	or	x3,x19,x9	 x19:0x00000001  x9:0x00000001  x3=0x00000001
     386075.000 ns	     38606	80008034	8dc76413	ori	x8,x14,-1828	 x14:0x000006af  x8=0xfffffeff
     386095.000 ns	     38608	80008038	c01df253	fcvt.wu.s	x4,f27	 f27:0xff800000  x4=0x00000000
     386115.000 ns	     38610	8000803c	27628b93	addi	x23,x5,630	  x5:0x80041024 x23=0x8004129a
     386135.000 ns	     38612	80008040	c00e2ed3	fcvt.w.s	x29,f28	 f28:0x3f800000 x29=0x00000001
     386155.000 ns	     38614	80008044	00483333	sltu	x6,x16,x4	 x16:0x80041024  x4:0x00000000  x6=0x00000000
     386165.000 ns	     38615	80008048	0004ffb3	and	x31,x9,x0	  x9:0x00000001  x0:0x00000000 x31=0x00000000
     386185.000 ns	     38617	8000804c	d0024853	fcvt.s.w	f16,x4	  x4:0x00000000 f16=0x00000000
     386215.000 ns	     38620	80008050	206b2653	fsgnjx.s	f12,f22,f6	 f22:0x4d874d01  f6:0xcd874d00 f12=0xcd874d01
     386245.000 ns	     38623	80008054	28061c53	fmax.s	f24,f12,f0	 f12:0xc0e00000  f0:0xff800000 f24=0xcd874d01
     386265.000 ns	     38625	80008058	414759b3	sra	x19,x14,x20	 x14:0x000006af x20:0x8e14df9c x19=0x00000000
     386595.000 ns	     38658	8000805c	19f573d3	fdiv.s	f7,f10,f31	 f10:0x3f800000 f31:0x83074d01  f7=0xfbb4b4b6
     386615.000 ns	     38660	80008060	0124a333	slt	x6,x9,x18	  x9:0x00000001 x18:0xa4e3efec  x6=0x00000000
     386645.000 ns	     38663	80008064	10762dd3	fmul.s	f27,f12,f7	 f12:0xcd874d01  f7:0xfbb4b4b6 f27=0x7f800000
     386665.000 ns	     38665	80008068	00000013	addi	x0,x0,0	  x0:0x00000000
     387025.000 ns	     38701	8000806c	034ff833	remu	x16,x31,x20	 x31:0x00000000 x20:0x8e14df9c x16=0x00000000
     387045.000 ns	     38703	80008070	01a21233	sll	x4,x4,x26	  x4:0x00000000 x26:0x00000000  x4=0x00000000
     387055.000 ns	     38704	80008074	00ca9393	slli	x7,x21,0xc	 x21:0x8e14df9c  x7=0x4df9c000
     387075.000 ns	     38706	80008078	03a60733	mul	x14,x12,x26	 x12:0x00000001 x26:0x00000000 x14=0x00000000
     387105.000 ns	     38709	8000807c	f00d08d3	fmv.w.x	f17,x26	 x26:0x00000000 f17=0x00000000
     387125.000 ns	     38711	80008080	9fa74b93	xori	x23,x14,-1542	 x14:0x00000000 x23=0xfffff9fa
     387485.000 ns	     38747	80008084	02d34b33	div	x22,x6,x13	  x6:0x00000000 x13:0xffffffff x22=0x00000000
     387505.000 ns	     38749	80008088	00432833	slt	x16,x6,x4	  x6:0x00000000  x4:0x00000000 x16=0x00000000
     387515.000 ns	     38750	8000808c	400b5f33	sra	x30,x22,x0	 x22:0x00000000  x0:0x00000000 x30=0x00000000
     387525.000 ns	     38751	80008090	01da2a33	slt	x20,x20,x29	 x20:0x8e14df9c x29:0x00000001 x20=0x00000001
     387565.000 ns	     38755	80008094	08f2f0d3	fsub.s	f1,f5,f15	  f5:0xffc00000 f15:0x4d874d00  f1=0x7fc00000
     387585.000 ns	     38757	80008098	014faa33	slt	x20,x31,x20	 x31:0x00000000 x20:0x8e14df9c x20=0x00000001
     387605.000 ns	     38759	8000809c	023e1433	mulh	x8,x28,x3	 x28:0x00000001  x3:0x00000001  x8=0x00000000
     387625.000 ns	     38761	800080a0	0025ceb3	xor	x29,x11,x2	 x11:0xffffd340  x2:0x00000000 x29=0xffffd340
     387645.000 ns	     38763	800080a4	a063aad3	feq.s	x21,f7,f6	  f7:0xfbb4b4b6  f6:0xcd874d00 x21=0x00000000
     387685.000 ns	     38767	800080a8	11dd7653	fmul.s	f12,f26,f29	 f26:0x4e9ca71f f29:0x4ec548b2 f12=0x5df1722e
     387705.000 ns	     38769	800080ac	cb2cf393	andi	x7,x25,-846	 x25:0x00000000  x7=0x00000000
     387715.000 ns	     38770	800080b0	01092733	slt	x14,x18,x16	 x18:0xa4e3efec x16:0x00000000 x14=0x00000001
     387725.000 ns	     38771	800080b4	412e5f93	srai	x31,x28,0x12	 x28:0x00000001 x31=0x00000000
     387735.000 ns	     38772	800080b8	01218033	add	x0,x3,x18	  x3:0x00000001 x18:0xa4e3efec
     387745.000 ns	     38773	800080bc	2f23f613	andi	x12,x7,754	  x7:0x00000000 x12=0x00000000
     387775.000 ns	     38776	800080c0	19abfad3	fdiv.s	f21,f23,f26	 f23:0x7f800000 f26:0x4e9ca71f f21=0x7f800000
     387795.000 ns	     38778	800080c4	4003d633	sra	x12,x7,x0	  x7:0x00000000  x0:0x00000000 x12=0x00000000
     388155.000 ns	     38814	800080c8	0370ef33	rem	x30,x1,x23	  x1:0x10e9a000 x23:0xfffff9fa x30=0x0000053e
     388175.000 ns	     38816	800080cc	8a84c693	xori	x13,x9,-1880	  x9:0x00000001 x13=0xfffff8a9
     388185.000 ns	     38817	800080d0	00f89713	slli	x14,x17,0xf	 x17:0x00000000 x14=0x00000000
     388195.000 ns	     38818	800080d4	01d91893	slli	x17,x18,0x1d	 x18:0xa4e3efec x17=0x80000000
     388215.000 ns	     38820	800080d8	d0113fd3	fcvt.s.wu	f31,x2	  x2:0x00000000 f31=0x00000000
     388245.000 ns	     38823	800080dc	03ad59b3	divu	x19,x26,x26	 x26:0x00000000 x26:0x00000000 x19=0xffffffff
     388265.000 ns	     38825	800080e0	7e353013	sltiu	x0,x10,2019	 x10:0xf75ca184
     388275.000 ns	     38826	800080e4	a7c76313	ori	x6,x14,-1412	 x14:0x00000000  x6=0xfffffa7c
     388285.000 ns	     38827	800080e8	fb983b13	sltiu	x22,x16,-71	 x16:0x00000000 x22=0x00000001
     388305.000 ns	     38829	800080ec	e00e8bd3	fmv.x.w	x23,f29	 f29:0x4ec548b2 x23=0x4ec548b2
     388325.000 ns	     38831	800080f0	01f3eab3	or	x21,x7,x31	  x7:0x00000000 x31:0x00000000 x21=0x00000000
     388335.000 ns	     38832	800080f4	009a58b3	srl	x17,x20,x9	 x20:0x00000001  x9:0x00000001 x17=0x00000000
     388695.000 ns	     38868	800080f8	03d9e033	rem	x0,x19,x29	 x19:0xffffffff x29:0xffffd340
     388735.000 ns	     38872	800080fc	19ee9853	fdiv.s	f16,f29,f30	 f29:0x4ec548b2 f30:0xff800000 f16=0x80000000
     389105.000 ns	     38909	80008100	03e0e7b3	rem	x15,x1,x30	  x1:0x10e9a000 x30:0x0000053e x15=0x00000216
     389135.000 ns	     38912	80008104	29e190d3	fmax.s	f1,f3,f30	  f3:0x3f800000 f30:0xff800000  f1=0x3f800000
     389165.000 ns	     38915	80008108	c00f9053	fcvt.w.s	x0,f31	 f31:0x00000000
     389195.000 ns	     38918	8000810c	a0352f53	feq.s	x30,f10,f3	 f10:0x3f800000  f3:0x3f800000 x30=0x00000001
     389215.000 ns	     38920	80008110	012ab5b3	sltu	x11,x21,x18	 x21:0x00000000 x18:0xa4e3efec x11=0x00000001
     389235.000 ns	     38922	80008114	284c00d3	fmin.s	f1,f24,f4	 f24:0xcd874d01  f4:0x4d874d00  f1=0xcd874d01
     389265.000 ns	     38925	80008118	03a75d33	divu	x26,x14,x26	 x14:0x00000000 x26:0x00000000 x26=0xffffffff
     389295.000 ns	     38928	8000811c	c01a2953	fcvt.wu.s	x18,f20	 f20:0xa6800001 x18=0x00000000
     389315.000 ns	     38930	80008120	f7a68713	addi	x14,x13,-134	 x13:0xfffff8a9 x14=0xfffff823
     389355.000 ns	     38934	80008124	087914d3	fsub.s	f9,f18,f7	 f18:0x3f800000  f7:0xfbb4b4b6  f9=0x7bb4b4b6
     389385.000 ns	     38937	80008128	29fd1453	fmax.s	f8,f26,f31	 f26:0x4e9ca71f f31:0x00000000  f8=0x4e9ca71f
     390565.000 ns	     39055	8000812c	580522d3	fsqrt.s	f5,f10	 f10:0x3f800000  f5=0x3f7fffae
     390595.000 ns	     39058	80008130	032b4133	div	x2,x22,x18	 x22:0x00000001 x18:0x00000000  x2=0xffffffff
     390615.000 ns	     39060	80008134	41ca5793	srai	x15,x20,0x1c	 x20:0x00000001 x15=0x00000000
     390625.000 ns	     39061	80008138	597e2c13	slti	x24,x28,1431	 x28:0x00000001 x24=0x00000001
     390635.000 ns	     39062	8000813c	3e1a3713	sltiu	x14,x20,993	 x20:0x00000001 x14=0x00000001
     390675.000 ns	     39066	80008140	01ba94d3	fadd.s	f9,f21,f27	 f21:0x7f800000 f27:0x7f800000  f9=0x00000000
     390695.000 ns	     39068	80008144	24a5c993	xori	x19,x11,586	 x11:0x00000001 x19=0x0000024b
     390715.000 ns	     39070	80008148	d00af453	fcvt.s.w	f8,x21	 x21:0x00000000  f8=0x00000000
     390745.000 ns	     39073	8000814c	285202d3	fmin.s	f5,f4,f5	  f4:0x4d874d00  f5:0x3f7fffae  f5=0x3f7fffae
     390775.000 ns	     39076	80008150	e0071bd3	fclass.s	x23,f14	 f14:0x80000000 x23=0x00000008
     390795.000 ns	     39078	80008154	00c30d33	add	x26,x6,x12	  x6:0xfffffa7c x12:0x00000000 x26=0xfffffa7c
     390805.000 ns	     39079	80008158	00541c13	slli	x24,x8,0x5	  x8:0x00000000 x24=0x00000000
     390815.000 ns	     39080	8000815c	40ef5f93	srai	x31,x30,0xe	 x30:0x00000001 x31=0x00000000
     390825.000 ns	     39081	80008160	015d23b3	slt	x7,x26,x21	 x26:0xfffffa7c x21:0x00000000  x7=0x00000001
     390835.000 ns	     39082	80008164	001ecfb3	xor	x31,x29,x1	 x29:0xffffd340  x1:0x10e9a000 x31=0xef167340
     390845.000 ns	     39083	80008168	b2e8f113	andi	x2,x17,-1234	 x17:0x00000000  x2=0x00000000
     390885.000 ns	     39087	8000816c	09cff6d3	fsub.s	f13,f31,f28	 f31:0x00000000 f28:0x3f800000 f13=0xbf800000
     390915.000 ns	     39090	80008170	a13b1b53	flt.s	x22,f22,f19	 f22:0x4d874d01 f19:0x7fc00000 x22=0x00000000
     390965.000 ns	     39095	80008174	087afe53	fsub.s	f28,f21,f7	 f21:0x7f800000  f7:0xfbb4b4b6 f28=0x7f800000
     390995.000 ns	     39098	80008178	20a724d3	fsgnjx.s	f9,f14,f10	 f14:0x80000000 f10:0x3f800000  f9=0x80000000
     391015.000 ns	     39100	8000817c	009c67b3	or	x15,x24,x9	 x24:0x00000000  x9:0x00000001 x15=0x00000001
     391035.000 ns	     39102	80008180	a03d98d3	flt.s	x17,f27,f3	 f27:0x7f800000  f3:0x3f800000 x17=0x00000000
     391055.000 ns	     39104	80008184	00aabf33	sltu	x30,x21,x10	 x21:0x00000000 x10:0xf75ca184 x30=0x00000001
     391065.000 ns	     39105	80008188	006e03b3	add	x7,x28,x6	 x28:0x00000001  x6:0xfffffa7c  x7=0xfffffa7d
     391075.000 ns	     39106	8000818c	15ba3ab7	lui	x21,0x15ba3	 x21=0x15ba3000
     391085.000 ns	     39107	80008190	8dd56a13	ori	x20,x10,-1827	 x10:0xf75ca184 x20=0xfffff9dd
     391105.000 ns	     39109	80008194	02d180b3	mul	x1,x3,x13	  x3:0x00000001 x13:0xfffff8a9  x1=0xfffff8a9
     391135.000 ns	     39112	80008198	20579ed3	fsgnjn.s	f29,f15,f5	 f15:0x4d874d00  f5:0x3f7fffae f29=0xcd874d00
     391165.000 ns	     39115	8000819c	20db92d3	fsgnjn.s	f5,f23,f13	 f23:0x7f800000 f13:0xbf800000  f5=0x7f800000
     391195.000 ns	     39118	800081a0	d001f3d3	fcvt.s.w	f7,x3	  x3:0x00000001  f7=0x3f800000
     391225.000 ns	     39121	800081a4	28b00fd3	fmin.s	f31,f0,f11	  f0:0xff800000 f11:0x40e00000 f31=0xff800000
     391255.000 ns	     39124	800081a8	c0133853	fcvt.wu.s	x16,f6	  f6:0xcd874d00 x16=0x10e9a000
     391275.000 ns	     39126	800081ac	e9e0b3b7	lui	x7,0xe9e0b	  x7=0xe9e0b000
     391295.000 ns	     39128	800081b0	210200d3	fsgnj.s	f1,f4,f16	  f4:0x4d874d00 f16:0x80000000  f1=0xcd874d00
     391325.000 ns	     39131	800081b4	03450933	mul	x18,x10,x20	 x10:0xf75ca184 x20:0xfffff9dd x18=0x028cd2f4
     391355.000 ns	     39134	800081b8	a1f19bd3	flt.s	x23,f3,f31	  f3:0x3f800000 f31:0xff800000 x23=0x00000000
     391375.000 ns	     39136	800081bc	156c7e13	andi	x28,x24,342	 x24:0x00000000 x28=0x00000000
     391415.000 ns	     39140	800081c0	08490d53	fsub.s	f26,f18,f4	 f18:0x3f800000  f4:0x4d874d00 f26=0xcd874d00
     391435.000 ns	     39142	800081c4	e9447993	andi	x19,x8,-364	  x8:0x00000000 x19=0x00000000
     391455.000 ns	     39144	800081c8	e0089153	fclass.s	x2,f17	 f17:0x00000000  x2=0x00000010
     391485.000 ns	     39147	800081cc	03293233	mulhu	x4,x18,x18	 x18:0x028cd2f4 x18:0x028cd2f4  x4=0x000680c3
     391515.000 ns	     39150	800081d0	c01a7cd3	fcvt.wu.s	x25,f20	 f20:0xa6800001 x25=0x00000000
     391535.000 ns	     39152	800081d4	01441f13	slli	x30,x8,0x14	  x8:0x00000000 x30=0x00000000
     391555.000 ns	     39154	800081d8	037a0a33	mul	x20,x20,x23	 x20:0xfffff9dd x23:0x00000000 x20=0x00000000
     391575.000 ns	     39156	800081dc	19430693	addi	x13,x6,404	  x6:0xfffffa7c x13=0xfffffc10
     391585.000 ns	     39157	800081e0	7266d437	lui	x8,0x7266d	  x8=0x7266d000
     391595.000 ns	     39158	800081e4	cdc2e713	ori	x14,x5,-804	  x5:0x80041024 x14=0xfffffcfc
     391615.000 ns	     39160	800081e8	a07c0e53	fle.s	x28,f24,f7	 f24:0xcd874d01  f7:0x3f800000 x28=0x00000001
     391645.000 ns	     39163	800081ec	29d21dd3	fmax.s	f27,f4,f29	  f4:0x4d874d00 f29:0xcd874d00 f27=0x4d874d00
     391675.000 ns	     39166	800081f0	a0fe1ed3	flt.s	x29,f28,f15	 f28:0x7f800000 f15:0x4d874d00 x29=0x00000000
     391705.000 ns	     39169	800081f4	03ebe4b3	rem	x9,x23,x30	 x23:0x00000000 x30:0x00000000  x9=0x00000000
     391725.000 ns	     39171	800081f8	a59beb13	ori	x22,x23,-1447	 x23:0x00000000 x22=0xfffffa59
     391735.000 ns	     39172	800081fc	e529b593	sltiu	x11,x19,-430	 x19:0x00000000 x11=0x00000001
     391745.000 ns	     39173	80008200	e9248c13	addi	x24,x9,-366	  x9:0x00000000 x24=0xfffffe92
     391755.000 ns	     39174	80008204	14202993	slti	x19,x0,322	  x0:0x00000000 x19=0x00000001
     391765.000 ns	     39175	80008208	00db29b3	slt	x19,x22,x13	 x22:0xfffffa59 x13:0xfffffc10 x19=0x00000001
     391785.000 ns	     39177	8000820c	d014f753	fcvt.s.wu	f14,x9	  x9:0x00000000 f14=0x00000000
     391805.000 ns	     39179	80008210	0051c633	xor	x12,x3,x5	  x3:0x00000001  x5:0x80041024 x12=0x80041025
     391815.000 ns	     39180	80008214	010cd893	srli	x17,x25,0x10	 x25:0x00000000 x17=0x00000000
     391835.000 ns	     39182	80008218	c01e9653	fcvt.wu.s	x12,f29	 f29:0xcd874d00 x12=0x10e9a000
     391865.000 ns	     39185	8000821c	020bf433	remu	x8,x23,x0	 x23:0x00000000  x0:0x00000000  x8=0x00000000
     391885.000 ns	     39187	80008220	00e99113	slli	x2,x19,0xe	 x19:0x00000001  x2=0x00004000
     391895.000 ns	     39188	80008224	4c954037	lui	x0,0x4c954	
     391915.000 ns	     39190	80008228	289582d3	fmin.s	f5,f11,f9	 f11:0x40e00000  f9:0x80000000  f5=0x80000000
     391935.000 ns	     39192	8000822c	0149e833	or	x16,x19,x20	 x19:0x00000001 x20:0x00000000 x16=0x00000001
     391955.000 ns	     39194	80008230	294c1b53	fmax.s	f22,f24,f20	 f24:0xcd874d01 f20:0xa6800001 f22=0xa6800001
     391995.000 ns	     39198	80008234	580a2353	fsqrt.s	f6,f20	 f20:0xa6800001  f6=0x7fc00000
     392025.000 ns	     39201	80008238	a16a26d3	feq.s	x13,f20,f22	 f20:0xa6800001 f22:0xa6800001 x13=0x00000001
     392055.000 ns	     39204	8000823c	038d3cb3	mulhu	x25,x26,x24	 x26:0xfffffa7c x24:0xfffffe92 x25=0xfffff90e
     392075.000 ns	     39206	80008240	00000013	addi	x0,x0,0	  x0:0x00000000
     392095.000 ns	     39208	80008244	20420ed3	fsgnj.s	f29,f4,f4	  f4:0x4d874d00  f4:0x4d874d00 f29=0x4d874d00
     392125.000 ns	     39211	80008248	c01f7c53	fcvt.wu.s	x24,f30	 f30:0xff800000 x24=0x00000000
     392155.000 ns	     39214	8000824c	034521b3	mulhsu	x3,x10,x20	 x10:0xf75ca184 x20:0x00000000  x3=0x00000000
     392185.000 ns	     39217	80008250	028e3eb3	mulhu	x29,x28,x8	 x28:0x00000001  x8:0x00000000 x29=0x00000000
     392215.000 ns	     39220	80008254	e00699d3	fclass.s	x19,f13	 f13:0xbf800000 x19=0x00000002
     392235.000 ns	     39222	80008258	01e14e33	xor	x28,x2,x30	  x2:0x00004000 x30:0x00000000 x28=0x00004000
     392245.000 ns	     39223	8000825c	414059b3	sra	x19,x0,x20	  x0:0x00000000 x20:0x00000000 x19=0x00000000
     392255.000 ns	     39224	80008260	004bcab3	xor	x21,x23,x4	 x23:0x00000000  x4:0x000680c3 x21=0x000680c3
     392275.000 ns	     39226	80008264	21e4aad3	fsgnjx.s	f21,f9,f30	  f9:0x80000000 f30:0xff800000 f21=0x00000000
     392295.000 ns	     39228	80008268	7b284713	xori	x14,x16,1970	 x16:0x00000001 x14=0x000007b3
     392305.000 ns	     39229	8000826c	001f5f33	srl	x30,x30,x1	 x30:0x00000000  x1:0xfffff8a9 x30=0x00000000
     392315.000 ns	     39230	80008270	00000013	addi	x0,x0,0	  x0:0x00000000
     392335.000 ns	     39232	80008274	c01070d3	fcvt.wu.s	x1,f0	  f0:0xff800000  x1=0x00000000
     392375.000 ns	     39236	80008278	187aa5d3	fdiv.s	f11,f21,f7	 f21:0x00000000  f7:0x3f800000 f11=0x00000000
     392405.000 ns	     39239	8000827c	29801ed3	fmax.s	f29,f0,f24	  f0:0xff800000 f24:0xcd874d01 f29=0xcd874d01
     392435.000 ns	     39242	80008280	0295b033	mulhu	x0,x11,x9	 x11:0x00000001  x9:0x00000000
     392455.000 ns	     39244	80008284	405956b3	sra	x13,x18,x5	 x18:0x028cd2f4  x5:0x80041024 x13=0x0028cd2f
     392475.000 ns	     39246	80008288	03570033	mul	x0,x14,x21	 x14:0x000007b3 x21:0x000680c3
     392505.000 ns	     39249	8000828c	e0001bd3	fclass.s	x23,f0	  f0:0xff800000 x23=0x00000001
     392545.000 ns	     39253	80008290	58089bd3	fsqrt.s	f23,f17	 f17:0x00000000 f23=0x00000000
     392565.000 ns	     39255	80008294	01c49793	slli	x15,x9,0x1c	  x9:0x00000000 x15=0x00000000
     392585.000 ns	     39257	80008298	c01efb53	fcvt.wu.s	x22,f29	 f29:0xcd874d01 x22=0x10e9a020
     392615.000 ns	     39260	8000829c	028db633	mulhu	x12,x27,x8	 x27:0x80040fe4  x8:0x00000000 x12=0x00000000
     392645.000 ns	     39263	800082a0	d0187ed3	fcvt.s.wu	f29,x16	 x16:0x00000001 f29=0x3f800000
     392665.000 ns	     39265	800082a4	01147c97	auipc	x25,0x1147	 x25=0x8114f2a4
     392675.000 ns	     39266	800082a8	55f25eb7	lui	x29,0x55f25	 x29=0x55f25000
     392695.000 ns	     39268	800082ac	a1c48053	fle.s	x0,f9,f28	  f9:0x80000000 f28:0x7f800000
     392725.000 ns	     39271	800082b0	f00d8153	fmv.w.x	f2,x27	 x27:0x80040fe4  f2=0x80040fe4
     392745.000 ns	     39273	800082b4	eb5cb013	sltiu	x0,x25,-331	 x25:0x8114f2a4
     392765.000 ns	     39275	800082b8	f00e01d3	fmv.w.x	f3,x28	 x28:0x00004000  f3=0x00004000
     392785.000 ns	     39277	800082bc	00809393	slli	x7,x1,0x8	  x1:0x00000000  x7=0x00000000
     392795.000 ns	     39278	800082c0	006b5eb3	srl	x29,x22,x6	 x22:0x10e9a020  x6:0xfffffa7c x29=0x00000001
     392805.000 ns	     39279	800082c4	000dd233	srl	x4,x27,x0	 x27:0x80040fe4  x0:0x00000000  x4=0x80040fe4
     392825.000 ns	     39281	800082c8	f00387d3	fmv.w.x	f15,x7	  x7:0x00000000 f15=0x00000000
     392845.000 ns	     39283	800082cc	d6bf2e13	slti	x28,x30,-661	 x30:0x00000000 x28=0x00000000
     392855.000 ns	     39284	800082d0	006bf7b3	and	x15,x23,x6	 x23:0x00000001  x6:0xfffffa7c x15=0x00000000
     392875.000 ns	     39286	800082d4	02f235b3	mulhu	x11,x4,x15	  x4:0x80040fe4 x15:0x00000000 x11=0x00000000
     392905.000 ns	     39289	800082d8	a17000d3	fle.s	x1,f0,f23	  f0:0xff800000 f23:0x00000000  x1=0x00000001
     392945.000 ns	     39293	800082dc	182076d3	fdiv.s	f13,f0,f2	  f0:0xff800000  f2:0x80040fe4 f13=0x7f800000
     392965.000 ns	     39295	800082e0	415e04b3	sub	x9,x28,x21	 x28:0x00000000 x21:0x000680c3  x9=0xfff97f3d
     392975.000 ns	     39296	800082e4	000d7f33	and	x30,x26,x0	 x26:0xfffffa7c  x0:0x00000000 x30=0x00000000
     392995.000 ns	     39298	800082e8	a00299d3	flt.s	x19,f5,f0	  f5:0x80000000  f0:0xff800000 x19=0x00000000
     393025.000 ns	     39301	800082ec	03bdbe33	mulhu	x28,x27,x27	 x27:0x80040fe4 x27:0x80040fe4 x28=0x40040ff4
     393055.000 ns	     39304	800082f0	e00199d3	fclass.s	x19,f3	  f3:0x00004000 x19=0x00000020
     393075.000 ns	     39306	800082f4	4165dd13	srai	x26,x11,0x16	 x11:0x00000000 x26=0x00000000
     393105.000 ns	     39309	800082f8	1134fdd3	fmul.s	f27,f9,f19	  f9:0x80000000 f19:0x7fc00000 f27=0x7fc00000
     393145.000 ns	     39313	800082fc	108aaad3	fmul.s	f21,f21,f8	 f21:0x00000000  f8:0x00000000 f21=0x00000000
     393185.000 ns	     39317	80008300	118d9ad3	fmul.s	f21,f27,f24	 f27:0x7fc00000 f24:0xcd874d01 f21=0x7fc00000
     393215.000 ns	     39320	80008304	28bc8e53	fmin.s	f28,f25,f11	 f25:0xc0e00000 f11:0x00000000 f28=0xc0e00000
     393245.000 ns	     39323	80008308	a057a9d3	feq.s	x19,f15,f5	 f15:0x00000000  f5:0x80000000 x19=0x00000001
     393275.000 ns	     39326	8000830c	a1969953	flt.s	x18,f13,f25	 f13:0x7f800000 f25:0xc0e00000 x18=0x00000000
     393315.000 ns	     39330	80008310	195fff53	fdiv.s	f30,f31,f21	 f31:0xff800000 f21:0x7fc00000 f30=0x7fc00000
     393335.000 ns	     39332	80008314	01bf3b33	sltu	x22,x30,x27	 x30:0x00000000 x27:0x80040fe4 x22=0x00000001
     393355.000 ns	     39334	80008318	e0010353	fmv.x.w	x6,f2	  f2:0x80040fe4  x6=0x80040fe4
     393375.000 ns	     39336	8000831c	40e88a33	sub	x20,x17,x14	 x17:0x00000000 x14:0x000007b3 x20=0xfffff84d
     393395.000 ns	     39338	80008320	03443333	mulhu	x6,x8,x20	  x8:0x00000000 x20:0x00000000  x6=0x00000000
     393765.000 ns	     39375	80008324	0379db33	divu	x22,x19,x23	 x19:0x00000001 x23:0x00000001 x22=0x00000001
     393795.000 ns	     39378	80008328	028aa6b3	mulhsu	x13,x21,x8	 x21:0x000680c3  x8:0x00000000 x13=0x00000000
     393815.000 ns	     39380	8000832c	001e05b3	add	x11,x28,x1	 x28:0x40040ff4  x1:0x00000001 x11=0x40040ff5
     393825.000 ns	     39381	80008330	6074abb7	lui	x23,0x6074a	 x23=0x6074a000
     393835.000 ns	     39382	80008334	4caf2013	slti	x0,x30,1226	 x30:0x00000000
     393855.000 ns	     39384	80008338	02045433	divu	x8,x8,x0	  x8:0x00000000  x0:0x00000000  x8=0xffffffff
     393885.000 ns	     39387	8000833c	a13e9853	flt.s	x16,f29,f19	 f29:0x3f800000 f19:0x7fc00000 x16=0x00000000
     393905.000 ns	     39389	80008340	33fa6b13	ori	x22,x20,831	 x20:0xfffff84d x22=0xfffffb7f
     393915.000 ns	     39390	80008344	01b33333	sltu	x6,x6,x27	  x6:0x00000000 x27:0x80040fe4  x6=0x00000001
     393935.000 ns	     39392	80008348	285789d3	fmin.s	f19,f15,f5	 f15:0x00000000  f5:0x80000000 f19=0x80000000
     393965.000 ns	     39395	8000834c	d012a3d3	fcvt.s.wu	f7,x5	  x5:0x80041024  f7=0x4f000411
     393995.000 ns	     39398	80008350	c01e7153	fcvt.wu.s	x2,f28	 f28:0xc0e00000  x2=0x00000007
     394035.000 ns	     39402	80008354	5804f053	fsqrt.s	f0,f9	  f9:0x80000000  f0=0x80000000
     394065.000 ns	     39405	80008358	29320cd3	fmin.s	f25,f4,f19	  f4:0x4d874d00 f19:0x80000000 f25=0x80000000
     394085.000 ns	     39407	8000835c	01bc3e33	sltu	x28,x24,x27	 x24:0x00000000 x27:0x80040fe4 x28=0x00000001
     394105.000 ns	     39409	80008360	2060a3d3	fsgnjx.s	f7,f1,f6	  f1:0xcd874d00  f6:0x7fc00000  f7=0xcd874d00
     394155.000 ns	     39414	80008364	08307153	fsub.s	f2,f0,f3	  f0:0x80000000  f3:0x00004000  f2=0x80004000
     394185.000 ns	     39417	80008368	02822133	mulhsu	x2,x4,x8	  x4:0x80040fe4  x8:0xffffffff  x2=0x80040fe4
     394205.000 ns	     39419	8000836c	00000013	addi	x0,x0,0	  x0:0x00000000
     394235.000 ns	     39422	80008370	580d7753	fsqrt.s	f14,f26	 f26:0xcd874d00 f14=0x7fc00000
     394255.000 ns	     39424	80008374	01474cb3	xor	x25,x14,x20	 x14:0x000007b3 x20:0xfffff84d x25=0xfffffffe
     394265.000 ns	     39425	80008378	7eaa7997	auipc	x19,0x7eaa7	 x19=0xfeaaf378
     394275.000 ns	     39426	8000837c	e8bc0313	addi	x6,x24,-373	 x24:0x00000000  x6=0xfffffe8b
     394295.000 ns	     39428	80008380	03632733	mulhsu	x14,x6,x22	  x6:0x00000001 x22:0xfffffb7f x14=0xfffffe8b
     394315.000 ns	     39430	80008384	410e8933	sub	x18,x29,x16	 x29:0x00000001 x16:0x00000000 x18=0x00000001
     394335.000 ns	     39432	80008388	282d8253	fmin.s	f4,f27,f2	 f27:0x7fc00000  f2:0x80004000  f4=0x80004000
     394355.000 ns	     39434	8000838c	55a42d13	slti	x26,x8,1370	  x8:0xffffffff x26=0x00000001
     394365.000 ns	     39435	80008390	51bbd3b7	lui	x7,0x51bbd	  x7=0x51bbd000
     394385.000 ns	     39437	80008394	e0030353	fmv.x.w	x6,f6	  f6:0x7fc00000  x6=0x7fc00000
     394415.000 ns	     39440	80008398	02400d33	mul	x26,x0,x4	  x0:0x00000000  x4:0x80040fe4 x26=0x00000000
     394445.000 ns	     39443	8000839c	02c7d133	divu	x2,x15,x12	 x15:0x00000000 x12:0x00000000  x2=0xffffffff
     394465.000 ns	     39445	800083a0	f942cf13	xori	x30,x5,-108	  x5:0x80041024 x30=0x7ffbefb0
     394475.000 ns	     39446	800083a4	ca4da613	slti	x12,x27,-860	 x27:0x80040fe4 x12=0x00000001
     394505.000 ns	     39449	800083a8	101a7053	fmul.s	f0,f20,f1	 f20:0xa6800001  f1:0xcd874d00  f0=0x34874d02
     394525.000 ns	     39451	800083ac	40f55e33	sra	x28,x10,x15	 x10:0xf75ca184 x15:0x00000000 x28=0xf75ca184
     394545.000 ns	     39453	800083b0	0304ba33	mulhu	x20,x9,x16	  x9:0xfff97f3d x16:0x00000000 x20=0x00000000
     394575.000 ns	     39456	800083b4	c0173b53	fcvt.wu.s	x22,f14	 f14:0x7fc00000 x22=0xffffffff
     394625.000 ns	     39461	800083b8	00a83553	fadd.s	f10,f16,f10	 f16:0x80000000 f10:0x3f800000 f10=0x3f800000
     394645.000 ns	     39463	800083bc	68486097	auipc	x1,0x68486	  x1=0xe848e3bc
     394655.000 ns	     39464	800083c0	01b32e33	slt	x28,x6,x27	  x6:0x7fc00000 x27:0x80040fe4 x28=0x00000000
     394675.000 ns	     39466	800083c4	03e7bb33	mulhu	x22,x15,x30	 x15:0x00000000 x30:0x7ffbefb0 x22=0x00000000
     394705.000 ns	     39469	800083c8	02a00d33	mul	x26,x0,x10	  x0:0x00000000 x10:0xf75ca184 x26=0x00000000
     394745.000 ns	     39473	800083cc	58044f53	fsqrt.s	f30,f8	  f8:0x00000000 f30=0x00000000
     394765.000 ns	     39475	800083d0	01b605b3	add	x11,x12,x27	 x12:0x00000001 x27:0x80040fe4 x11=0x80040fe5
     394775.000 ns	     39476	800083d4	3f9caf93	slti	x31,x25,1017	 x25:0xfffffffe x31=0x00000001
     394785.000 ns	     39477	800083d8	00000013	addi	x0,x0,0	  x0:0x00000000
     394795.000 ns	     39478	800083dc	408d08b3	sub	x17,x26,x8	 x26:0x00000000  x8:0xffffffff x17=0x00000001
     394815.000 ns	     39480	800083e0	28248053	fmin.s	f0,f9,f2	  f9:0x80000000  f2:0x80004000  f0=0x80004000
     394835.000 ns	     39482	800083e4	008af333	and	x6,x21,x8	 x21:0x000680c3  x8:0xffffffff  x6=0x000680c3
     394845.000 ns	     39483	800083e8	403ad433	sra	x8,x21,x3	 x21:0x000680c3  x3:0x00000000  x8=0x000680c3
     394855.000 ns	     39484	800083ec	b6e4eb13	ori	x22,x9,-1170	  x9:0xfff97f3d x22=0xffffff7f
     394865.000 ns	     39485	800083f0	008c67b3	or	x15,x24,x8	 x24:0x00000000  x8:0xffffffff x15=0x000680c3
     394875.000 ns	     39486	800083f4	006cdd13	srli	x26,x25,0x6	 x25:0xfffffffe x26=0x03ffffff
     394885.000 ns	     39487	800083f8	00000013	addi	x0,x0,0	  x0:0x00000000
     394895.000 ns	     39488	800083fc	00000013	addi	x0,x0,0	  x0:0x00000000
     394905.000 ns	     39489	80008400	004fd6b3	srl	x13,x31,x4	 x31:0x00000001  x4:0x80040fe4 x13=0x00000000
     394925.000 ns	     39491	80008404	02178d33	mul	x26,x15,x1	 x15:0x000680c3  x1:0xe848e3bc x26=0xb7cb7834
     394955.000 ns	     39494	80008408	d006afd3	fcvt.s.w	f31,x13	 x13:0x00000000 f31=0x00000000
     394975.000 ns	     39496	8000840c	09a27013	andi	x0,x4,154	  x4:0x80040fe4
     394995.000 ns	     39498	80008410	d01f2753	fcvt.s.wu	f14,x30	 x30:0x7ffbefb0 f14=0x4efff7e0
     395015.000 ns	     39500	80008414	00291013	slli	x0,x18,0x2	 x18:0x00000001
     395035.000 ns	     39502	80008418	d005b6d3	fcvt.s.w	f13,x11	 x11:0x80040fe5 f13=0xcefff7e1
     395075.000 ns	     39506	8000841c	580afc53	fsqrt.s	f24,f21	 f21:0x7fc00000 f24=0x7fc00000
     395125.000 ns	     39511	80008420	00b5fc53	fadd.s	f24,f11,f11	 f11:0x00000000 f11:0x00000000 f24=0x00000000
     395175.000 ns	     39516	80008424	091e9e53	fsub.s	f28,f29,f17	 f29:0x3f800000 f17:0x00000000 f28=0x3f800000
     395195.000 ns	     39518	80008428	738c0893	addi	x17,x24,1848	 x24:0x00000000 x17=0x00000738
     395205.000 ns	     39519	8000842c	3b380c37	lui	x24,0x3b380	 x24=0x3b380000
     395225.000 ns	     39521	80008430	0250b5b3	mulhu	x11,x1,x5	  x1:0xe848e3bc  x5:0x80041024 x11=0x742821a6
     395255.000 ns	     39524	80008434	c0107b53	fcvt.wu.s	x22,f0	  f0:0x80004000 x22=0x00000000
     395285.000 ns	     39527	80008438	03f408b3	mul	x17,x8,x31	  x8:0x000680c3 x31:0x00000001 x17=0x000680c3
     395315.000 ns	     39530	8000843c	e0058e53	fmv.x.w	x28,f11	 f11:0x00000000 x28=0x00000000
     395345.000 ns	     39533	80008440	201417d3	fsgnjn.s	f15,f8,f1	  f8:0x00000000  f1:0xcd874d00 f15=0x00000000
     395375.000 ns	     39536	80008444	a1ee0853	fle.s	x16,f28,f30	 f28:0x3f800000 f30:0x00000000 x16=0x00000000
     395405.000 ns	     39539	80008448	21272ed3	fsgnjx.s	f29,f14,f18	 f14:0x4efff7e0 f18:0x3f800000 f29=0x4efff7e0
     395425.000 ns	     39541	8000844c	41718ab3	sub	x21,x3,x23	  x3:0x00000000 x23:0x6074a000 x21=0x9f8b6000
     395465.000 ns	     39545	80008450	01267cd3	fadd.s	f25,f12,f18	 f12:0x5df1722e f18:0x3f800000 f25=0x5df1722e
     395485.000 ns	     39547	80008454	a00a2697	auipc	x13,0xa00a2	 x13=0x200aa454
     395525.000 ns	     39551	80008458	09323fd3	fsub.s	f31,f4,f19	  f4:0x80004000 f19:0x80000000 f31=0x80004000
     395545.000 ns	     39553	8000845c	5decaf93	slti	x31,x25,1502	 x25:0xfffffffe x31=0x00000001
     395565.000 ns	     39555	80008460	c019bcd3	fcvt.wu.s	x25,f19	 f19:0x80000000 x25=0x00000000
     395615.000 ns	     39560	80008464	097211d3	fsub.s	f3,f4,f23	  f4:0x80004000 f23:0x00000000  f3=0x80004000
     395635.000 ns	     39562	80008468	41d78233	sub	x4,x15,x29	 x15:0x000680c3 x29:0x00000001  x4=0x000680c2
     395655.000 ns	     39564	8000846c	a0b888d3	fle.s	x17,f17,f11	 f17:0x00000000 f11:0x00000000 x17=0x00000001
     395695.000 ns	     39568	80008470	119df553	fmul.s	f10,f27,f25	 f27:0x7fc00000 f25:0x5df1722e f10=0x7fc00000
     395735.000 ns	     39572	80008474	580a9353	fsqrt.s	f6,f21	 f21:0x7fc00000  f6=0x7fc00000
     395765.000 ns	     39575	80008478	f00707d3	fmv.w.x	f15,x14	 x14:0xfffffe8b f15=0xfffffe8b
     395785.000 ns	     39577	8000847c	010b1c93	slli	x25,x22,0x10	 x22:0x00000000 x25=0x00000000
     395805.000 ns	     39579	80008480	a16a8d53	fle.s	x26,f21,f22	 f21:0x7fc00000 f22:0xa6800001 x26=0x00000000
     396175.000 ns	     39616	80008484	02f7f6b3	remu	x13,x15,x15	 x15:0x000680c3 x15:0x000680c3 x13=0x00000000
     396215.000 ns	     39620	80008488	10edb053	fmul.s	f0,f27,f14	 f27:0x7fc00000 f14:0x4efff7e0  f0=0x7fc00000
     396245.000 ns	     39623	8000848c	02af8a33	mul	x20,x31,x10	 x31:0x00000001 x10:0xf75ca184 x20=0xf75ca184
     396275.000 ns	     39626	80008490	d00d81d3	fcvt.s.w	f3,x27	 x27:0x80040fe4  f3=0xcefff7e0
     396305.000 ns	     39629	80008494	03f921b3	mulhsu	x3,x18,x31	 x18:0x00000001 x31:0x00000001  x3=0x00000000
     396325.000 ns	     39631	80008498	01bb3ab3	sltu	x21,x22,x27	 x22:0x00000000 x27:0x80040fe4 x21=0x00000001
     396345.000 ns	     39633	8000849c	20cf88d3	fsgnj.s	f17,f31,f12	 f31:0x80004000 f12:0x5df1722e f17=0x00004000
     396375.000 ns	     39636	800084a0	a1d9ae53	feq.s	x28,f19,f29	 f19:0x80000000 f29:0x4efff7e0 x28=0x00000000
     396415.000 ns	     39640	800084a4	10e1fd53	fmul.s	f26,f3,f14	  f3:0xcefff7e0 f14:0x4efff7e0 f26=0xde7fefc0
     396445.000 ns	     39643	800084a8	f00a08d3	fmv.w.x	f17,x20	 x20:0xf75ca184 f17=0xf75ca184
     396475.000 ns	     39646	800084ac	2013afd3	fsgnjx.s	f31,f7,f1	  f7:0xcd874d00  f1:0xcd874d00 f31=0x4d874d00
     396505.000 ns	     39649	800084b0	02ca99b3	mulh	x19,x21,x12	 x21:0x00000001 x12:0x00000001 x19=0x00000000
     396535.000 ns	     39652	800084b4	f0048cd3	fmv.w.x	f25,x9	  x9:0xfff97f3d f25=0xfff97f3d
     396555.000 ns	     39654	800084b8	00333fb3	sltu	x31,x6,x3	  x6:0x000680c3  x3:0x00000000 x31=0x00000000
     396585.000 ns	     39657	800084bc	18dc39d3	fdiv.s	f19,f24,f13	 f24:0x00000000 f13:0xcefff7e1 f19=0x80000000
     396615.000 ns	     39660	800084c0	e00c8b53	fmv.x.w	x22,f25	 f25:0xfff97f3d x22=0xfff97f3d
     396635.000 ns	     39662	800084c4	00000013	addi	x0,x0,0	  x0:0x00000000
     396655.000 ns	     39664	800084c8	a19a0253	fle.s	x4,f20,f25	 f20:0xa6800001 f25:0xfff97f3d  x4=0x00000000
     396685.000 ns	     39667	800084cc	d0138153	fcvt.s.wu	f2,x7	  x7:0x51bbd000  f2=0x4ea377a0
     396715.000 ns	     39670	800084d0	d01c84d3	fcvt.s.wu	f9,x25	 x25:0x00000000  f9=0x00000000
     397085.000 ns	     39707	800084d4	027df233	remu	x4,x27,x7	 x27:0x80040fe4  x7:0x51bbd000  x4=0x2e483fe4
     397125.000 ns	     39711	800084d8	181f2b53	fdiv.s	f22,f30,f1	 f30:0x00000000  f1:0xcd874d00 f22=0x80000000
     397145.000 ns	     39713	800084dc	010f3c33	sltu	x24,x30,x16	 x30:0x7ffbefb0 x16:0x00000000 x24=0x00000000
     397155.000 ns	     39714	800084e0	411e5113	srai	x2,x28,0x11	 x28:0x00000000  x2=0x00000000
     397175.000 ns	     39716	800084e4	a02c10d3	flt.s	x1,f24,f2	 f24:0x00000000  f2:0x4ea377a0  x1=0x00000001
     397195.000 ns	     39718	800084e8	3a024e13	xori	x28,x4,928	  x4:0x2e483fe4 x28=0x2e483c44
     397205.000 ns	     39719	800084ec	009033b3	sltu	x7,x0,x9	  x0:0x00000000  x9:0xfff97f3d  x7=0x00000001
     397215.000 ns	     39720	800084f0	004c23b3	slt	x7,x24,x4	 x24:0x00000000  x4:0x2e483fe4  x7=0x00000001
     397225.000 ns	     39721	800084f4	405f5bb3	sra	x23,x30,x5	 x30:0x7ffbefb0  x5:0x80041024 x23=0x07ffbefb
     397235.000 ns	     39722	800084f8	3df16237	lui	x4,0x3df16	  x4=0x3df16000
     397245.000 ns	     39723	800084fc	c202b113	sltiu	x2,x5,-992	  x5:0x80041024  x2=0x00000001
     397265.000 ns	     39725	80008500	215b13d3	fsgnjn.s	f7,f22,f21	 f22:0x80000000 f21:0x7fc00000  f7=0x80000000
     397285.000 ns	     39727	80008504	d926a493	slti	x9,x13,-622	 x13:0x00000000  x9=0x00000000
     397295.000 ns	     39728	80008508	001443b3	xor	x7,x8,x1	  x8:0x000680c3  x1:0x00000001  x7=0x000680c2
     397655.000 ns	     39764	8000850c	031f4bb3	div	x23,x30,x17	 x30:0x7ffbefb0 x17:0x00000001 x23=0x7ffbefb0
     397675.000 ns	     39766	80008510	9d596a13	ori	x20,x18,-1579	 x18:0x00000001 x20=0xfffff9d5
     397695.000 ns	     39768	80008514	0395a633	mulhsu	x12,x11,x25	 x11:0x742821a6 x25:0x00000000 x12=0x00000000
     397745.000 ns	     39773	80008518	00049c53	fadd.s	f24,f9,f0	  f9:0x00000000  f0:0x7fc00000 f24=0x7fc00000
     397785.000 ns	     39777	8000851c	116300d3	fmul.s	f1,f6,f22	  f6:0x7fc00000 f22:0x80000000  f1=0x7fc00000
     397815.000 ns	     39780	80008520	02c4d4b3	divu	x9,x9,x12	  x9:0x00000000 x12:0x00000000  x9=0xffffffff
     397845.000 ns	     39783	80008524	a1912953	feq.s	x18,f2,f25	  f2:0x4ea377a0 f25:0xfff97f3d x18=0x00000000
     397865.000 ns	     39785	80008528	40505cb3	sra	x25,x0,x5	  x0:0x00000000  x5:0x80041024 x25=0x00000000
     397875.000 ns	     39786	8000852c	41785a13	srai	x20,x16,0x17	 x16:0x00000000 x20=0x00000000
     397885.000 ns	     39787	80008530	7842a713	slti	x14,x5,1924	  x5:0x80041024 x14=0x00000001
     397895.000 ns	     39788	80008534	00a0e3b3	or	x7,x1,x10	  x1:0x00000001 x10:0xf75ca184  x7=0xf75ca185
     397915.000 ns	     39790	80008538	02528d33	mul	x26,x5,x5	  x5:0x80041024  x5:0x80041024 x26=0x82248510
     398285.000 ns	     39827	8000853c	03cf5833	divu	x16,x30,x28	 x30:0x7ffbefb0 x28:0x2e483c44 x16=0x00000002
     398305.000 ns	     39829	80008540	5569fa13	andi	x20,x19,1366	 x19:0x00000000 x20=0x00000000
     398315.000 ns	     39830	80008544	adcde693	ori	x13,x27,-1316	 x27:0x80040fe4 x13=0xfffffffc
     398325.000 ns	     39831	80008548	41cb5d33	sra	x26,x22,x28	 x22:0xfff97f3d x28:0x2e483c44 x26=0xffff97f3
     398335.000 ns	     39832	8000854c	2c0ee693	ori	x13,x29,704	 x29:0x00000001 x13=0x000002c1
     398345.000 ns	     39833	80008550	01877fb3	and	x31,x14,x24	 x14:0x00000001 x24:0x00000000 x31=0x00000000
     398375.000 ns	     39836	80008554	181e98d3	fdiv.s	f17,f29,f1	 f29:0x4efff7e0  f1:0x7fc00000 f17=0x7fc00000
     398395.000 ns	     39838	80008558	016776b3	and	x13,x14,x22	 x14:0x00000001 x22:0xfff97f3d x13=0x00000001
     398405.000 ns	     39839	8000855c	9d662193	slti	x3,x12,-1578	 x12:0x00000000  x3=0x00000000
     398425.000 ns	     39841	80008560	f00d8b53	fmv.w.x	f22,x27	 x27:0x80040fe4 f22=0x80040fe4
     398455.000 ns	     39844	80008564	032bc1b3	div	x3,x23,x18	 x23:0x7ffbefb0 x18:0x00000000  x3=0xffffffff
     398485.000 ns	     39847	80008568	211b8dd3	fsgnj.s	f27,f23,f17	 f23:0x00000000 f17:0x7fc00000 f27=0x00000000
     398505.000 ns	     39849	8000856c	f5fbeb93	ori	x23,x23,-161	 x23:0x7ffbefb0 x23=0xffffffff
     398515.000 ns	     39850	80008570	01e09813	slli	x16,x1,0x1e	  x1:0x00000001 x16=0x40000000
     398535.000 ns	     39852	80008574	28c615d3	fmax.s	f11,f12,f12	 f12:0x5df1722e f12:0x5df1722e f11=0x5df1722e
     398565.000 ns	     39855	80008578	e00f95d3	fclass.s	x11,f31	 f31:0x4d874d00 x11=0x00000040
     398585.000 ns	     39857	8000857c	0180cfb3	xor	x31,x1,x24	  x1:0x00000001 x24:0x00000000 x31=0x00000001
     398615.000 ns	     39860	80008580	11defa53	fmul.s	f20,f29,f29	 f29:0x4efff7e0 f29:0x4efff7e0 f20=0x5e7fefc0
     398635.000 ns	     39862	80008584	00000013	addi	x0,x0,0	  x0:0x00000000
     398665.000 ns	     39865	80008588	580b7353	fsqrt.s	f6,f22	 f22:0x80040fe4  f6=0x7fc00000
     398695.000 ns	     39868	8000858c	c0127353	fcvt.wu.s	x6,f4	  f4:0x80004000  x6=0x00000000
     398715.000 ns	     39870	80008590	01642b33	slt	x22,x8,x22	  x8:0x000680c3 x22:0xfff97f3d x22=0x00000000
     398725.000 ns	     39871	80008594	01592f33	slt	x30,x18,x21	 x18:0x00000000 x21:0x00000001 x30=0x00000001
     398745.000 ns	     39873	80008598	f0060bd3	fmv.w.x	f23,x12	 x12:0x00000000 f23=0x00000000
     398775.000 ns	     39876	8000859c	02759ab3	mulh	x21,x11,x7	 x11:0x00000040  x7:0xf75ca185 x21=0xfffffffd
     398795.000 ns	     39878	800085a0	41cbd8b3	sra	x17,x23,x28	 x23:0xffffffff x28:0x2e483c44 x17=0xffffffff
     398805.000 ns	     39879	800085a4	413e57b3	sra	x15,x28,x19	 x28:0x2e483c44 x19:0x00000000 x15=0x2e483c44
     398825.000 ns	     39881	800085a8	a07c0753	fle.s	x14,f24,f7	 f24:0x7fc00000  f7:0x80000000 x14=0x00000000
     398865.000 ns	     39885	800085ac	18577fd3	fdiv.s	f31,f14,f5	 f14:0x4efff7e0  f5:0x80000000 f31=0xff800000
     398885.000 ns	     39887	800085b0	01de2333	slt	x6,x28,x29	 x28:0x2e483c44 x29:0x00000001  x6=0x00000000
     398895.000 ns	     39888	800085b4	a12f4713	xori	x14,x30,-1518	 x30:0x00000001 x14=0xfffffa13
     398915.000 ns	     39890	800085b8	f0070bd3	fmv.w.x	f23,x14	 x14:0x00000000 f23=0xfffffa13
     398965.000 ns	     39895	800085bc	00152153	fadd.s	f2,f10,f1	 f10:0x7fc00000  f1:0x7fc00000  f2=0x7fc00000
     398985.000 ns	     39897	800085c0	41b75c13	srai	x24,x14,0x1b	 x14:0xfffffa13 x24=0xffffffff
     399005.000 ns	     39899	800085c4	28eb09d3	fmin.s	f19,f22,f14	 f22:0x80040fe4 f14:0x4efff7e0 f19=0x80040fe4
     399035.000 ns	     39902	800085c8	03ae89b3	mul	x19,x29,x26	 x29:0x00000001 x26:0xffff97f3 x19=0xffff97f3
     399065.000 ns	     39905	800085cc	024f0f33	mul	x30,x30,x4	 x30:0x00000001  x4:0x3df16000 x30=0x3df16000
     399095.000 ns	     39908	800085d0	284802d3	fmin.s	f5,f16,f4	 f16:0x80000000  f4:0x80004000  f5=0x80004000
     399125.000 ns	     39911	800085d4	030ca7b3	mulhsu	x15,x25,x16	 x25:0x00000000 x16:0x40000000 x15=0x00000000
     399145.000 ns	     39913	800085d8	19f61437	lui	x8,0x19f61	  x8=0x19f61000
     399165.000 ns	     39915	800085dc	02a29eb3	mulh	x29,x5,x10	  x5:0x80041024 x10:0xf75ca184 x29=0x04518c25
     399185.000 ns	     39917	800085e0	007fd913	srli	x18,x31,0x7	 x31:0x00000001 x18=0x00000000
     399205.000 ns	     39919	800085e4	e0009853	fclass.s	x16,f1	  f1:0x7fc00000 x16=0x00000200
     399235.000 ns	     39922	800085e8	c00a7f53	fcvt.w.s	x30,f20	 f20:0x5e7fefc0 x30=0x7fffffff
     399275.000 ns	     39926	800085ec	5809c253	fsqrt.s	f4,f19	 f19:0x80040fe4  f4=0x7fc00000
     399315.000 ns	     39930	800085f0	580f92d3	fsqrt.s	f5,f31	 f31:0xff800000  f5=0x7fc00000
     399335.000 ns	     39932	800085f4	10793e93	sltiu	x29,x18,263	 x18:0x00000000 x29=0x00000001
     399345.000 ns	     39933	800085f8	004f83b3	add	x7,x31,x4	 x31:0x00000001  x4:0x3df16000  x7=0x3df16001
     399355.000 ns	     39934	800085fc	4070d993	srai	x19,x1,0x7	  x1:0x00000001 x19=0x00000000
     399375.000 ns	     39936	80008600	c008a753	fcvt.w.s	x14,f17	 f17:0x7fc00000 x14=0x7fffffff
     399405.000 ns	     39939	80008604	e00014d3	fclass.s	x9,f0	  f0:0x7fc00000  x9=0x00000200
     399425.000 ns	     39941	80008608	0197f933	and	x18,x15,x25	 x15:0x00000000 x25:0x00000000 x18=0x00000000
     399465.000 ns	     39945	8000860c	008fc5d3	fadd.s	f11,f31,f8	 f31:0xff800000  f8:0x00000000 f11=0xff800000
     399485.000 ns	     39947	80008610	40af08b3	sub	x17,x30,x10	 x30:0x7fffffff x10:0xf75ca184 x17=0x88a35e7b
     399505.000 ns	     39949	80008614	02ce6c33	rem	x24,x28,x12	 x28:0x2e483c44 x12:0x00000000 x24=0x2e483c44
     400415.000 ns	     40040	80008618	58070a53	fsqrt.s	f20,f14	 f14:0x4efff7e0 f20=0x473501cc
     400435.000 ns	     40042	8000861c	db9d40b7	lui	x1,0xdb9d4	  x1=0xdb9d4000
     400445.000 ns	     40043	80008620	1ce46f13	ori	x30,x8,462	  x8:0x19f61000 x30=0x19f611ce
     400455.000 ns	     40044	80008624	00aac5b3	xor	x11,x21,x10	 x21:0xfffffffd x10:0xf75ca184 x11=0x08a35e79
     400465.000 ns	     40045	80008628	01b8dc13	srli	x24,x17,0x1b	 x17:0x88a35e7b x24=0x00000011
     400475.000 ns	     40046	8000862c	41805833	sra	x16,x0,x24	  x0:0x00000000 x24:0x2e483c44 x16=0x00000000
     400485.000 ns	     40047	80008630	4e0e8e93	addi	x29,x29,1248	 x29:0x00000001 x29=0x000004e1
     400495.000 ns	     40048	80008634	01406033	or	x0,x0,x20	  x0:0x00000000 x20:0x00000000
     400505.000 ns	     40049	80008638	7776af13	slti	x30,x13,1911	 x13:0x00000001 x30=0x00000001
     400525.000 ns	     40051	8000863c	e00b07d3	fmv.x.w	x15,f22	 f22:0x80040fe4 x15=0x80040fe4
     400545.000 ns	     40053	80008640	00000013	addi	x0,x0,0	  x0:0x00000000
     400555.000 ns	     40054	80008644	01a3bc33	sltu	x24,x7,x26	  x7:0x3df16001 x26:0xffff97f3 x24=0x00000001
     400565.000 ns	     40055	80008648	bb35e713	ori	x14,x11,-1101	 x11:0x08a35e79 x14=0xfffffffb
     400925.000 ns	     40091	8000864c	03d2f6b3	remu	x13,x5,x29	  x5:0x80041024 x29:0x000004e1 x13=0x000002ed
     400945.000 ns	     40093	80008650	5076b337	lui	x6,0x5076b	  x6=0x5076b000
     400965.000 ns	     40095	80008654	d004b8d3	fcvt.s.w	f17,x9	  x9:0x00000200 f17=0x44000000
     400985.000 ns	     40097	80008658	019f5133	srl	x2,x30,x25	 x30:0x00000001 x25:0x00000000  x2=0x00000001
     401005.000 ns	     40099	8000865c	036b9e33	mulh	x28,x23,x22	 x23:0xffffffff x22:0x00000000 x28=0x00000000
     401025.000 ns	     40101	80008660	01994733	xor	x14,x18,x25	 x18:0x00000000 x25:0x00000000 x14=0x00000000
     401035.000 ns	     40102	80008664	402e83b3	sub	x7,x29,x2	 x29:0x000004e1  x2:0x00000001  x7=0x000004e0
     401045.000 ns	     40103	80008668	5f3cf893	andi	x17,x25,1523	 x25:0x00000000 x17=0x00000000
     401055.000 ns	     40104	8000866c	017b37b3	sltu	x15,x22,x23	 x22:0x00000000 x23:0xffffffff x15=0x00000001
     401065.000 ns	     40105	80008670	40140733	sub	x14,x8,x1	  x8:0x19f61000  x1:0xdb9d4000 x14=0x3e58d000
     401085.000 ns	     40107	80008674	023c8a33	mul	x20,x25,x3	 x25:0x00000000  x3:0xffffffff x20=0x00000000
     401105.000 ns	     40109	80008678	c1af7a13	andi	x20,x30,-998	 x30:0x00000001 x20=0x00000000
     401125.000 ns	     40111	8000867c	033e8d33	mul	x26,x29,x19	 x29:0x000004e1 x19:0x00000000 x26=0x00000000
     401155.000 ns	     40114	80008680	03540eb3	mul	x29,x8,x21	  x8:0x19f61000 x21:0xfffffffd x29=0xb21dd000
     401175.000 ns	     40116	80008684	00aba0b3	slt	x1,x23,x10	 x23:0xffffffff x10:0xf75ca184  x1=0x00000000
     401185.000 ns	     40117	80008688	41925733	sra	x14,x4,x25	  x4:0x3df16000 x25:0x00000000 x14=0x3df16000
     401195.000 ns	     40118	8000868c	01175493	srli	x9,x14,0x11	 x14:0x3e58d000  x9=0x00001ef8
     401225.000 ns	     40121	80008690	1171f053	fmul.s	f0,f3,f23	  f3:0xcefff7e0 f23:0xfffffa13  f0=0x7fc00000
     401245.000 ns	     40123	80008694	4ee77b93	andi	x23,x14,1262	 x14:0x3df16000 x23=0x00000000
     401265.000 ns	     40125	80008698	a1040ed3	fle.s	x29,f8,f16	  f8:0x00000000 f16:0x80000000 x29=0x00000001
     401285.000 ns	     40127	8000869c	4092dc93	srai	x25,x5,0x9	  x5:0x80041024 x25=0xffc00208
     401295.000 ns	     40128	800086a0	00ee70b3	and	x1,x28,x14	 x28:0x00000000 x14:0x3df16000  x1=0x00000000
     401305.000 ns	     40129	800086a4	38487793	andi	x15,x16,900	 x16:0x00000000 x15=0x00000000
     401315.000 ns	     40130	800086a8	001f1e13	slli	x28,x30,0x1	 x30:0x00000001 x28=0x00000002
     401335.000 ns	     40132	800086ac	d00d20d3	fcvt.s.w	f1,x26	 x26:0x00000000  f1=0x00000000
     401365.000 ns	     40135	800086b0	c016f5d3	fcvt.wu.s	x11,f13	 f13:0xcefff7e1 x11=0x7ffbf080
     401405.000 ns	     40139	800086b4	189cfa53	fdiv.s	f20,f25,f9	 f25:0xfff97f3d  f9:0x00000000 f20=0x7fc00000
     401425.000 ns	     40141	800086b8	00816833	or	x16,x2,x8	  x2:0x00000001  x8:0x19f61000 x16=0x19f61001
     401445.000 ns	     40143	800086bc	21911f53	fsgnjn.s	f30,f2,f25	  f2:0x7fc00000 f25:0xfff97f3d f30=0x7fc00000
     401815.000 ns	     40180	800086c0	030fcf33	div	x30,x31,x16	 x31:0x00000001 x16:0x00000000 x30=0x00000000
     401845.000 ns	     40183	800086c4	a0362ed3	feq.s	x29,f12,f3	 f12:0x5df1722e  f3:0xcefff7e0 x29=0x00000000
     401865.000 ns	     40185	800086c8	febb3b13	sltiu	x22,x22,-21	 x22:0x00000000 x22=0x00000001
     401885.000 ns	     40187	800086cc	a0998753	fle.s	x14,f19,f9	 f19:0x80040fe4  f9:0x00000000 x14=0x00000001
     401905.000 ns	     40189	800086d0	15cdc193	xori	x3,x27,348	 x27:0x80040fe4  x3=0x80040eb8
     401925.000 ns	     40191	800086d4	a1381753	flt.s	x14,f16,f19	 f16:0x80000000 f19:0x80040fe4 x14=0x00000000
     401955.000 ns	     40194	800086d8	211a93d3	fsgnjn.s	f7,f21,f17	 f21:0x7fc00000 f17:0x44000000  f7=0xffc00000
     401975.000 ns	     40196	800086dc	a2536893	ori	x17,x6,-1499	  x6:0x5076b000 x17=0xfffffa25
     401985.000 ns	     40197	800086e0	00668fb3	add	x31,x13,x6	 x13:0x000002ed  x6:0x5076b000 x31=0x5076b2ed
     402005.000 ns	     40199	800086e4	20139653	fsgnjn.s	f12,f7,f1	  f7:0xffc00000  f1:0x00000000 f12=0xffc00000
     402375.000 ns	     40236	800086e8	03b277b3	remu	x15,x4,x27	  x4:0x3df16000 x27:0x80040fe4 x15=0x3df16000
     402395.000 ns	     40238	800086ec	d8a36b13	ori	x22,x6,-630	  x6:0x5076b000 x22=0xfffffd8a
     402405.000 ns	     40239	800086f0	78b26693	ori	x13,x4,1931	  x4:0x3df16000 x13=0x3df1678b
     402425.000 ns	     40241	800086f4	034eeeb3	rem	x29,x29,x20	 x29:0x00000000 x20:0x00000000 x29=0x00000000
     402795.000 ns	     40278	800086f8	036d7233	remu	x4,x26,x22	 x26:0x00000000 x22:0xfffffd8a  x4=0x00000000
     402815.000 ns	     40280	800086fc	00babd33	sltu	x26,x21,x11	 x21:0xfffffffd x11:0x7ffbf080 x26=0x00000000
     402835.000 ns	     40282	80008700	21af1dd3	fsgnjn.s	f27,f30,f26	 f30:0x7fc00000 f26:0xde7fefc0 f27=0x7fc00000
     402855.000 ns	     40284	80008704	0ae1a593	slti	x11,x3,174	  x3:0x80040eb8 x11=0x00000001
     402865.000 ns	     40285	80008708	0055d393	srli	x7,x11,0x5	 x11:0x7ffbf080  x7=0x00000000
     402885.000 ns	     40287	8000870c	03e114b3	mulh	x9,x2,x30	  x2:0x00000001 x30:0x00000000  x9=0x00000000
     402915.000 ns	     40290	80008710	02c8e733	rem	x14,x17,x12	 x17:0xfffffa25 x12:0x00000000 x14=0xfffffa25
     402945.000 ns	     40293	80008714	28b314d3	fmax.s	f9,f6,f11	  f6:0x7fc00000 f11:0xff800000  f9=0xff800000
     402975.000 ns	     40296	80008718	286f8553	fmin.s	f10,f31,f6	 f31:0xff800000  f6:0x7fc00000 f10=0xff800000
     403005.000 ns	     40299	8000871c	a1781e53	flt.s	x28,f16,f23	 f16:0x80000000 f23:0xfffffa13 x28=0x00000000
     403375.000 ns	     40336	80008720	03b4fbb3	remu	x23,x9,x27	  x9:0x00000000 x27:0x80040fe4 x23=0x00000000
     403405.000 ns	     40339	80008724	28d11253	fmax.s	f4,f2,f13	  f2:0x7fc00000 f13:0xcefff7e1  f4=0xcefff7e1
     403435.000 ns	     40342	80008728	a193a3d3	feq.s	x7,f7,f25	  f7:0xffc00000 f25:0xfff97f3d  x7=0x00000000
     403465.000 ns	     40345	8000872c	a0090f53	fle.s	x30,f18,f0	 f18:0x3f800000  f0:0x7fc00000 x30=0x00000000
     403485.000 ns	     40347	80008730	00e8f633	and	x12,x17,x14	 x17:0xfffffa25 x14:0xfffffa25 x12=0xfffffa25
     403495.000 ns	     40348	80008734	00170bb3	add	x23,x14,x1	 x14:0xfffffa25  x1:0x00000000 x23=0xfffffa25
     403515.000 ns	     40350	80008738	0346b933	mulhu	x18,x13,x20	 x13:0x3df1678b x20:0x00000000 x18=0x00000000
     403545.000 ns	     40353	8000873c	206890d3	fsgnjn.s	f1,f17,f6	 f17:0x44000000  f6:0x7fc00000  f1=0xc4000000
     403575.000 ns	     40356	80008740	e00e90d3	fclass.s	x1,f29	 f29:0x4efff7e0  x1=0x00000040
     403595.000 ns	     40358	80008744	d41e2193	slti	x3,x28,-703	 x28:0x00000000  x3=0x00000000
     403605.000 ns	     40359	80008748	4c426837	lui	x16,0x4c426	 x16=0x4c426000
     403615.000 ns	     40360	8000874c	db4d3213	sltiu	x4,x26,-588	 x26:0x00000000  x4=0x00000001
     403635.000 ns	     40362	80008750	03a99133	mulh	x2,x19,x26	 x19:0x00000000 x26:0x00000000  x2=0x00000000
     403685.000 ns	     40367	80008754	09c69353	fsub.s	f6,f13,f28	 f13:0xcefff7e1 f28:0x3f800000  f6=0xcefff7e1
     403705.000 ns	     40369	80008758	01a45e93	srli	x29,x8,0x1a	  x8:0x19f61000 x29=0x00000006
     403725.000 ns	     40371	8000875c	c007fbd3	fcvt.w.s	x23,f15	 f15:0xfffffe8b x23=0x7fffffff
     403745.000 ns	     40373	80008760	482fe593	ori	x11,x31,1154	 x31:0x5076b2ed x11=0x5076b6ef
     403785.000 ns	     40377	80008764	08368fd3	fsub.s	f31,f13,f3	 f13:0xcefff7e1  f3:0xcefff7e0 f31=0xc3000000
     403815.000 ns	     40380	80008768	a17e29d3	feq.s	x19,f28,f23	 f28:0x3f800000 f23:0xfffffa13 x19=0x00000000
     403855.000 ns	     40384	8000876c	11f27453	fmul.s	f8,f4,f31	  f4:0xcefff7e1 f31:0xc3000000  f8=0x527ff7e2
     403905.000 ns	     40389	80008770	089af0d3	fsub.s	f1,f21,f9	 f21:0x7fc00000  f9:0xff800000  f1=0x7fc00000
     403955.000 ns	     40394	80008774	087270d3	fsub.s	f1,f4,f7	  f4:0xcefff7e1  f7:0xffc00000  f1=0x7fc00000
     403985.000 ns	     40397	80008778	29828653	fmin.s	f12,f5,f24	  f5:0x7fc00000 f24:0x7fc00000 f12=0x7fc00000
     404005.000 ns	     40399	8000877c	c0d4e717	auipc	x14,0xc0d4e	 x14=0x40d5677c
     404015.000 ns	     40400	80008780	1efe7f13	andi	x30,x28,495	 x28:0x00000000 x30=0x00000000
     404035.000 ns	     40402	80008784	f0078553	fmv.w.x	f10,x15	 x15:0x3df16000 f10=0x3df16000
     404055.000 ns	     40404	80008788	15d7d937	lui	x18,0x15d7d	 x18=0x15d7d000
     404065.000 ns	     40405	8000878c	f97c2413	slti	x8,x24,-105	 x24:0x00000001  x8=0x00000000
     404075.000 ns	     40406	80008790	00d65f93	srli	x31,x12,0xd	 x12:0xfffffa25 x31=0x0007ffff
     404115.000 ns	     40410	80008794	09aa88d3	fsub.s	f17,f21,f26	 f21:0x7fc00000 f26:0xde7fefc0 f17=0x7fc00000
     404145.000 ns	     40413	80008798	03b809b3	mul	x19,x16,x27	 x16:0x4c426000 x27:0x80040fe4 x19=0x4ebd8000
     404175.000 ns	     40416	8000879c	203c9bd3	fsgnjn.s	f23,f25,f3	 f25:0xfff97f3d  f3:0xcefff7e0 f23=0x7ff97f3d
     404205.000 ns	     40419	800087a0	03abdab3	divu	x21,x23,x26	 x23:0x7fffffff x26:0x00000000 x21=0xffffffff
     404575.000 ns	     40456	800087a4	02c76b33	rem	x22,x14,x12	 x14:0x40d5677c x12:0xfffffa25 x22=0x0000026b
     404595.000 ns	     40458	800087a8	7f830fb7	lui	x31,0x7f830	 x31=0x7f830000
     404925.000 ns	     40491	800087ac	19274953	fdiv.s	f18,f14,f18	 f14:0x4efff7e0 f18:0x3f800000 f18=0x4efff718
     404955.000 ns	     40494	800087b0	20c10f53	fsgnj.s	f30,f2,f12	  f2:0x7fc00000 f12:0x7fc00000 f30=0x7fc00000
     404975.000 ns	     40496	800087b4	001dd5b3	srl	x11,x27,x1	 x27:0x80040fe4  x1:0x00000040 x11=0x80040fe4
     404995.000 ns	     40498	800087b8	f0030b53	fmv.w.x	f22,x6	  x6:0x5076b000 f22=0x5076b000
     405025.000 ns	     40501	800087bc	294489d3	fmin.s	f19,f9,f20	  f9:0xff800000 f20:0x7fc00000 f19=0xff800000
     405045.000 ns	     40503	800087c0	0144a233	slt	x4,x9,x20	  x9:0x00000000 x20:0x00000000  x4=0x00000000
     405055.000 ns	     40504	800087c4	3c722793	slti	x15,x4,967	  x4:0x00000001 x15=0x00000001
     405065.000 ns	     40505	800087c8	010d2eb3	slt	x29,x26,x16	 x26:0x00000000 x16:0x4c426000 x29=0x00000001
     405075.000 ns	     40506	800087cc	006d5593	srli	x11,x26,0x6	 x26:0x00000000 x11=0x00000000
     405115.000 ns	     40510	800087d0	096d77d3	fsub.s	f15,f26,f22	 f26:0xde7fefc0 f22:0x5076b000 f15=0xde7fefc0
     405145.000 ns	     40513	800087d4	a0d9a8d3	feq.s	x17,f19,f13	 f19:0xff800000 f13:0xcefff7e1 x17=0x00000000
     405165.000 ns	     40515	800087d8	01048433	add	x8,x9,x16	  x9:0x00000000 x16:0x4c426000  x8=0x4c426000
     405175.000 ns	     40516	800087dc	0051f133	and	x2,x3,x5	  x3:0x00000000  x5:0x80041024  x2=0x00000000
     405185.000 ns	     40517	800087e0	01e01593	slli	x11,x0,0x1e	  x0:0x00000000 x11=0x00000000
     405205.000 ns	     40519	800087e4	d01b76d3	fcvt.s.wu	f13,x22	 x22:0x0000026b f13=0x441ac000
     405235.000 ns	     40522	800087e8	f00c8353	fmv.w.x	f6,x25	 x25:0xffc00208  f6=0xffc00208
     405265.000 ns	     40525	800087ec	e0090d53	fmv.x.w	x26,f18	 f18:0x4efff718 x26=0x4efff718
     405295.000 ns	     40528	800087f0	214a2bd3	fsgnjx.s	f23,f20,f20	 f20:0x7fc00000 f20:0x7fc00000 f23=0x7fc00000
     405325.000 ns	     40531	800087f4	03440eb3	mul	x29,x8,x20	  x8:0x4c426000 x20:0x00000000 x29=0x00000000
     405375.000 ns	     40536	800087f8	00313e53	fadd.s	f28,f2,f3	  f2:0x7fc00000  f3:0xcefff7e0 f28=0x7fc00000
     405395.000 ns	     40538	800087fc	140c4837	lui	x16,0x140c4	 x16=0x140c4000
     405415.000 ns	     40540	80008800	c01f77d3	fcvt.wu.s	x15,f30	 f30:0x7fc00000 x15=0xffffffff
     405435.000 ns	     40542	80008804	419b8733	sub	x14,x23,x25	 x23:0x7fffffff x25:0xffc00208 x14=0x803ffdf7
     405455.000 ns	     40544	80008808	290d80d3	fmin.s	f1,f27,f16	 f27:0x7fc00000 f16:0x80000000  f1=0x80000000
     405485.000 ns	     40547	8000880c	f0060253	fmv.w.x	f4,x12	 x12:0xfffffa25  f4=0xfffffa25
     405515.000 ns	     40550	80008810	031ceb33	rem	x22,x25,x17	 x25:0xffc00208 x17:0x00000000 x22=0xffc00208
     405545.000 ns	     40553	80008814	a1bb9253	flt.s	x4,f23,f27	 f23:0x7fc00000 f27:0x7fc00000  x4=0x00000000
     405565.000 ns	     40555	80008818	40865133	sra	x2,x12,x8	 x12:0xfffffa25  x8:0x4c426000  x2=0xfffffa25
     405575.000 ns	     40556	8000881c	716ba793	slti	x15,x23,1814	 x23:0x7fffffff x15=0x00000000
     405585.000 ns	     40557	80008820	0027e833	or	x16,x15,x2	 x15:0xffffffff  x2:0x00000000 x16=0xfffffa25
     405595.000 ns	     40558	80008824	bbe8bd37	lui	x26,0xbbe8b	 x26=0xbbe8b000
     405955.000 ns	     40594	80008828	033ee5b3	rem	x11,x29,x19	 x29:0x00000000 x19:0x4ebd8000 x11=0x00000000
     405975.000 ns	     40596	8000882c	2620f613	andi	x12,x1,610	  x1:0x00000040 x12=0x00000040
     405995.000 ns	     40598	80008830	f00c08d3	fmv.w.x	f17,x24	 x24:0x00000001 f17=0x00000001
     406025.000 ns	     40601	80008834	284999d3	fmax.s	f19,f19,f4	 f19:0xff800000  f4:0xfffffa25 f19=0xff800000
     406045.000 ns	     40603	80008838	009cf633	and	x12,x25,x9	 x25:0xffc00208  x9:0x00000000 x12=0x00000000
     406055.000 ns	     40604	8000883c	000d27b3	slt	x15,x26,x0	 x26:0xbbe8b000  x0:0x00000000 x15=0x00000001
     406065.000 ns	     40605	80008840	4057d093	srai	x1,x15,0x5	 x15:0x00000000  x1=0x00000000
     406425.000 ns	     40641	80008844	0269eab3	rem	x21,x19,x6	 x19:0x4ebd8000  x6:0x5076b000 x21=0x4ebd8000
     406445.000 ns	     40643	80008848	f18f4313	xori	x6,x30,-232	 x30:0x00000000  x6=0xffffff18
     406455.000 ns	     40644	8000884c	bcf58793	addi	x15,x11,-1073	 x11:0x00000000 x15=0xfffffbcf
     406475.000 ns	     40646	80008850	034130b3	mulhu	x1,x2,x20	  x2:0xfffffa25 x20:0x00000000  x1=0x00000000
     406505.000 ns	     40649	80008854	29a785d3	fmin.s	f11,f15,f26	 f15:0xde7fefc0 f26:0xde7fefc0 f11=0xde7fefc0
     406535.000 ns	     40652	80008858	28319653	fmax.s	f12,f3,f3	  f3:0xcefff7e0  f3:0xcefff7e0 f12=0xcefff7e0
     406565.000 ns	     40655	8000885c	280e9dd3	fmax.s	f27,f29,f0	 f29:0x4efff7e0  f0:0x7fc00000 f27=0x4efff7e0
     406595.000 ns	     40658	80008860	023086b3	mul	x13,x1,x3	  x1:0x00000000  x3:0x00000000 x13=0x00000000
     406615.000 ns	     40660	80008864	019d73b3	and	x7,x26,x25	 x26:0xbbe8b000 x25:0xffc00208  x7=0xbbc00000
     406635.000 ns	     40662	80008868	02b027b3	mulhsu	x15,x0,x11	  x0:0x00000000 x11:0x00000000 x15=0x00000000
     406665.000 ns	     40665	8000886c	a0a226d3	feq.s	x13,f4,f10	  f4:0xfffffa25 f10:0x3df16000 x13=0x00000000
     406685.000 ns	     40667	80008870	1412ae93	slti	x29,x5,321	  x5:0x80041024 x29=0x00000001
     406705.000 ns	     40669	80008874	032685b3	mul	x11,x13,x18	 x13:0x00000000 x18:0x15d7d000 x11=0x00000000
     406755.000 ns	     40674	80008878	09687553	fsub.s	f10,f16,f22	 f16:0x80000000 f22:0x5076b000 f10=0xd076b000
     406785.000 ns	     40677	8000887c	a09e9cd3	flt.s	x25,f29,f9	 f29:0x4efff7e0  f9:0xff800000 x25=0x00000000
     406815.000 ns	     40680	80008880	d00548d3	fcvt.s.w	f17,x10	 x10:0xf75ca184 f17=0xcd0a35e8
     406845.000 ns	     40683	80008884	02102fb3	mulhsu	x31,x0,x1	  x0:0x00000000  x1:0x00000000 x31=0x00000000
     406865.000 ns	     40685	80008888	00e7c433	xor	x8,x15,x14	 x15:0x00000000 x14:0x803ffdf7  x8=0x803ffdf7
     407225.000 ns	     40721	8000888c	0268fb33	remu	x22,x17,x6	 x17:0x00000000  x6:0xffffff18 x22=0x00000000
     407245.000 ns	     40723	80008890	dc07c713	xori	x14,x15,-576	 x15:0x00000000 x14=0xfffffdc0
     407265.000 ns	     40725	80008894	d0171553	fcvt.s.wu	f10,x14	 x14:0x803ffdf7 f10=0x4f7ffffd
     407285.000 ns	     40727	80008898	00f309b3	add	x19,x6,x15	  x6:0xffffff18 x15:0x00000000 x19=0xffffff18
     407325.000 ns	     40731	8000889c	00a0f453	fadd.s	f8,f1,f10	  f1:0x80000000 f10:0x4f7ffffd  f8=0x4f7ffffd
     407355.000 ns	     40734	800088a0	a15d1f53	flt.s	x30,f26,f21	 f26:0xde7fefc0 f21:0x7fc00000 x30=0x00000000
     407385.000 ns	     40737	800088a4	21390bd3	fsgnj.s	f23,f18,f19	 f18:0x4efff718 f19:0xff800000 f23=0xcefff718
     407415.000 ns	     40740	800088a8	20ed9ed3	fsgnjn.s	f29,f27,f14	 f27:0x4efff7e0 f14:0x4efff7e0 f29=0xcefff7e0
     407435.000 ns	     40742	800088ac	a93ac693	xori	x13,x21,-1389	 x21:0x4ebd8000 x13=0xb1427a93
     407455.000 ns	     40744	800088b0	025eb1b3	mulhu	x3,x29,x5	 x29:0x00000001  x5:0x80041024  x3=0x00000000
     407485.000 ns	     40747	800088b4	29158dd3	fmin.s	f27,f11,f17	 f11:0xde7fefc0 f17:0xcd0a35e8 f27=0xde7fefc0
     407515.000 ns	     40750	800088b8	288e1f53	fmax.s	f30,f28,f8	 f28:0x7fc00000  f8:0x4f7ffffd f30=0x4f7ffffd
     407545.000 ns	     40753	800088bc	21ef2453	fsgnjx.s	f8,f30,f30	 f30:0x7fc00000 f30:0x7fc00000  f8=0x4f7ffffd
     407565.000 ns	     40755	800088c0	013b6033	or	x0,x22,x19	 x22:0x00000000 x19:0xffffff18
     407585.000 ns	     40757	800088c4	d00df053	fcvt.s.w	f0,x27	 x27:0x80040fe4  f0=0xcefff7e0
     407625.000 ns	     40761	800088c8	194ff3d3	fdiv.s	f7,f31,f20	 f31:0xc3000000 f20:0x7fc00000  f7=0x7fc00000
     407655.000 ns	     40764	800088cc	034088b3	mul	x17,x1,x20	  x1:0x00000000 x20:0x00000000 x17=0x00000000
     407685.000 ns	     40767	800088d0	a1801fd3	flt.s	x31,f0,f24	  f0:0xcefff7e0 f24:0x7fc00000 x31=0x00000000
     407715.000 ns	     40770	800088d4	02421b33	mulh	x22,x4,x4	  x4:0x00000000  x4:0x00000000 x22=0x00000000
     407735.000 ns	     40772	800088d8	41db04b3	sub	x9,x22,x29	 x22:0x00000000 x29:0x00000001  x9=0xffffffff
     407755.000 ns	     40774	800088dc	021426b3	mulhsu	x13,x8,x1	  x8:0x803ffdf7  x1:0x00000000 x13=0x00000000
     407785.000 ns	     40777	800088e0	215d0cd3	fsgnj.s	f25,f26,f21	 f26:0xde7fefc0 f21:0x7fc00000 f25=0x5e7fefc0
     407815.000 ns	     40780	800088e4	a0888053	fle.s	x0,f17,f8	 f17:0xcd0a35e8  f8:0x4f7ffffd
     407845.000 ns	     40783	800088e8	21d38fd3	fsgnj.s	f31,f7,f29	  f7:0x7fc00000 f29:0xcefff7e0 f31=0xffc00000
     407875.000 ns	     40786	800088ec	d01d70d3	fcvt.s.wu	f1,x26	 x26:0xbbe8b000  f1=0x4f3be8b0
     407895.000 ns	     40788	800088f0	6bbd6493	ori	x9,x26,1723	 x26:0xbbe8b000  x9=0xbbe8b6bb
     407905.000 ns	     40789	800088f4	019955b3	srl	x11,x18,x25	 x18:0x15d7d000 x25:0x00000000 x11=0x15d7d000
     407935.000 ns	     40792	800088f8	5803f253	fsqrt.s	f4,f7	  f7:0x7fc00000  f4=0x7fc00000
     407985.000 ns	     40797	800088fc	081cad53	fsub.s	f26,f25,f1	 f25:0x5e7fefc0  f1:0x4f3be8b0 f26=0x5e7fefbf
     408005.000 ns	     40799	80008900	00cf9833	sll	x16,x31,x12	 x31:0x00000000 x12:0x00000000 x16=0x00000000
     408045.000 ns	     40803	80008904	0118f753	fadd.s	f14,f17,f17	 f17:0xcd0a35e8 f17:0xcd0a35e8 f14=0xcd8a35e8
     408415.000 ns	     40840	80008908	0228eeb3	rem	x29,x17,x2	 x17:0x00000000  x2:0xfffffa25 x29=0x00000000
     408435.000 ns	     40842	8000890c	1edc8213	addi	x4,x25,493	 x25:0x00000000  x4=0x000001ed
     408455.000 ns	     40844	80008910	285095d3	fmax.s	f11,f1,f5	  f1:0x4f3be8b0  f5:0x7fc00000 f11=0x4f3be8b0
     408485.000 ns	     40847	80008914	20f80b53	fsgnj.s	f22,f16,f15	 f16:0x80000000 f15:0xde7fefc0 f22=0x80000000
     408515.000 ns	     40850	80008918	285f0753	fmin.s	f14,f30,f5	 f30:0x4f7ffffd  f5:0x7fc00000 f14=0x4f7ffffd
     408535.000 ns	     40852	8000891c	00205913	srli	x18,x0,0x2	  x0:0x00000000 x18=0x00000000
     408555.000 ns	     40854	80008920	02de6ab3	rem	x21,x28,x13	 x28:0x00000000 x13:0x00000000 x21=0x00000000
     408575.000 ns	     40856	80008924	48eb8893	addi	x17,x23,1166	 x23:0x7fffffff x17=0x8000048d
     408595.000 ns	     40858	80008928	2113af53	fsgnjx.s	f30,f7,f17	  f7:0x7fc00000 f17:0xcd0a35e8 f30=0xffc00000
     408615.000 ns	     40860	8000892c	8f3a7d13	andi	x26,x20,-1805	 x20:0x00000000 x26=0x00000000
     408625.000 ns	     40861	80008930	2f8e7997	auipc	x19,0x2f8e7	 x19=0xaf8ef930
     408645.000 ns	     40863	80008934	21c71fd3	fsgnjn.s	f31,f14,f28	 f14:0x4f7ffffd f28:0x7fc00000 f31=0xcf7ffffd
     408675.000 ns	     40866	80008938	e0081ad3	fclass.s	x21,f16	 f16:0x80000000 x21=0x00000008
     408705.000 ns	     40869	8000893c	f00c0353	fmv.w.x	f6,x24	 x24:0x00000001  f6=0x00000001
     408725.000 ns	     40871	80008940	92d77193	andi	x3,x14,-1747	 x14:0xfffffdc0  x3=0xfffff900
     408745.000 ns	     40873	80008944	025100b3	mul	x1,x2,x5	  x2:0xfffffa25  x5:0x80041024  x1=0x68357d34
     408775.000 ns	     40876	80008948	d0177bd3	fcvt.s.wu	f23,x14	 x14:0xfffffdc0 f23=0x4f7ffffd
     408805.000 ns	     40879	8000894c	a0d68853	fle.s	x16,f13,f13	 f13:0x441ac000 f13:0x441ac000 x16=0x00000001
     408835.000 ns	     40882	80008950	a1b89b53	flt.s	x22,f17,f27	 f17:0xcd0a35e8 f27:0xde7fefc0 x22=0x00000000
     408855.000 ns	     40884	80008954	008c14b3	sll	x9,x24,x8	 x24:0x00000001  x8:0x803ffdf7  x9=0x00800000
     408875.000 ns	     40886	80008958	28990d53	fmin.s	f26,f18,f9	 f18:0x4efff718  f9:0xff800000 f26=0xff800000
     408895.000 ns	     40888	8000895c	016141b3	xor	x3,x2,x22	  x2:0xfffffa25 x22:0x00000000  x3=0xfffffa25
     408915.000 ns	     40890	80008960	d01c17d3	fcvt.s.wu	f15,x24	 x24:0x00000001 f15=0x3f800000
     408945.000 ns	     40893	80008964	21c584d3	fsgnj.s	f9,f11,f28	 f11:0x4f3be8b0 f28:0x7fc00000  f9=0x4f3be8b0
     408975.000 ns	     40896	80008968	03c26e33	rem	x28,x4,x28	  x4:0x000001ed x28:0x00000000 x28=0x000001ed
     408995.000 ns	     40898	8000896c	01d0a333	slt	x6,x1,x29	  x1:0x68357d34 x29:0x00000000  x6=0x00000000
     409005.000 ns	     40899	80008970	51ba4413	xori	x8,x20,1307	 x20:0x00000000  x8=0x0000051b
     409015.000 ns	     40900	80008974	78aa0813	addi	x16,x20,1930	 x20:0x00000000 x16=0x0000078a
     409035.000 ns	     40902	80008978	031180b3	mul	x1,x3,x17	  x3:0xfffffa25 x17:0x8000048d  x1=0x7fe55a61
     409065.000 ns	     40905	8000897c	f00d0ad3	fmv.w.x	f21,x26	 x26:0x00000000 f21=0x00000000
     409095.000 ns	     40908	80008980	020e99b3	mulh	x19,x29,x0	 x29:0x00000000  x0:0x00000000 x19=0x00000000
     409125.000 ns	     40911	80008984	03bab6b3	mulhu	x13,x21,x27	 x21:0x00000008 x27:0x80040fe4 x13=0x00000004
     409165.000 ns	     40915	80008988	187971d3	fdiv.s	f3,f18,f7	 f18:0x4efff718  f7:0x7fc00000  f3=0x7fc00000
     409195.000 ns	     40918	8000898c	20481253	fsgnjn.s	f4,f16,f4	 f16:0x80000000  f4:0x7fc00000  f4=0x80000000
     409215.000 ns	     40920	80008990	011bc6b3	xor	x13,x23,x17	 x23:0x7fffffff x17:0x8000048d x13=0xfffffb72
     409235.000 ns	     40922	80008994	f0050553	fmv.w.x	f10,x10	 x10:0xf75ca184 f10=0xf75ca184
     409265.000 ns	     40925	80008998	02db3e33	mulhu	x28,x22,x13	 x22:0x00000000 x13:0x00000004 x28=0x00000000
     409285.000 ns	     40927	8000899c	006431b3	sltu	x3,x8,x6	  x8:0x0000051b  x6:0x00000000  x3=0x00000000
     409295.000 ns	     40928	800089a0	41a10733	sub	x14,x2,x26	  x2:0xfffffa25 x26:0x00000000 x14=0xfffffa25
     409305.000 ns	     40929	800089a4	0014b633	sltu	x12,x9,x1	  x9:0x00800000  x1:0x7fe55a61 x12=0x00000001
     409345.000 ns	     40933	800089a8	085038d3	fsub.s	f17,f0,f5	  f0:0xcefff7e0  f5:0x7fc00000 f17=0x7fc00000
     409375.000 ns	     40936	800089ac	c01806d3	fcvt.wu.s	x13,f16	 f16:0x80000000 x13=0x00000000
     409395.000 ns	     40938	800089b0	0052db33	srl	x22,x5,x5	  x5:0x80041024  x5:0x80041024 x22=0x08004102
     409415.000 ns	     40940	800089b4	210b8753	fsgnj.s	f14,f23,f16	 f23:0x4f7ffffd f16:0x80000000 f14=0xcf7ffffd
     409435.000 ns	     40942	800089b8	41b4d393	srai	x7,x9,0x1b	  x9:0x00800000  x7=0x00000000
     409445.000 ns	     40943	800089bc	00da40b3	xor	x1,x20,x13	 x20:0x00000000 x13:0x00000000  x1=0x00000000
     409475.000 ns	     40946	800089c0	580e3853	fsqrt.s	f16,f28	 f28:0x7fc00000 f16=0x7fc00000
     409505.000 ns	     40949	800089c4	d0048d53	fcvt.s.w	f26,x9	  x9:0x00800000 f26=0x4b000000
     409535.000 ns	     40952	800089c8	0209fcb3	remu	x25,x19,x0	 x19:0x00000000  x0:0x00000000 x25=0x00000000
     409565.000 ns	     40955	800089cc	021fe933	rem	x18,x31,x1	 x31:0x00000000  x1:0x00000000 x18=0x00000000
     409595.000 ns	     40958	800089d0	21e31753	fsgnjn.s	f14,f6,f30	  f6:0x00000001 f30:0xffc00000 f14=0x00000001
     409625.000 ns	     40961	800089d4	02751bb3	mulh	x23,x10,x7	 x10:0xf75ca184  x7:0x00000000 x23=0x00000000
     409645.000 ns	     40963	800089d8	00f5b7b3	sltu	x15,x11,x15	 x11:0x15d7d000 x15:0x00000000 x15=0x00000000
     409655.000 ns	     40964	800089dc	f6c88797	auipc	x15,0xf6c88	 x15=0x76c909dc
     409675.000 ns	     40966	800089e0	c0197753	fcvt.wu.s	x14,f18	 f18:0x4efff718 x14=0x7ffb8c00
     409705.000 ns	     40969	800089e4	a06b01d3	fle.s	x3,f22,f6	 f22:0x80000000  f6:0x00000001  x3=0x00000001
     409735.000 ns	     40972	800089e8	f0050553	fmv.w.x	f10,x10	 x10:0xf75ca184 f10=0xf75ca184
     409765.000 ns	     40975	800089ec	0324dfb3	divu	x31,x9,x18	  x9:0x00800000 x18:0x00000000 x31=0xffffffff
     409795.000 ns	     40978	800089f0	a1b80653	fle.s	x12,f16,f27	 f16:0x7fc00000 f27:0xde7fefc0 x12=0x00000000
     409825.000 ns	     40981	800089f4	295e99d3	fmax.s	f19,f29,f21	 f29:0xcefff7e0 f21:0x00000000 f19=0x00000000
     409845.000 ns	     40983	800089f8	411350b3	sra	x1,x6,x17	  x6:0x00000000 x17:0x8000048d  x1=0x00000000
     409865.000 ns	     40985	800089fc	f00404d3	fmv.w.x	f9,x8	  x8:0x0000051b  f9=0x0000051b
     409885.000 ns	     40987	80008a00	40a5dfb3	sra	x31,x11,x10	 x11:0x15d7d000 x10:0xf75ca184 x31=0x015d7d00
     409895.000 ns	     40988	80008a04	01e868b3	or	x17,x16,x30	 x16:0x0000078a x30:0x00000000 x17=0x0000078a
     409905.000 ns	     40989	80008a08	00000013	addi	x0,x0,0	  x0:0x00000000
     409915.000 ns	     40990	80008a0c	0617b893	sltiu	x17,x15,97	 x15:0x76c909dc x17=0x00000000
     409935.000 ns	     40992	80008a10	f00702d3	fmv.w.x	f5,x14	 x14:0x7ffb8c00  f5=0x7ffb8c00
     409965.000 ns	     40995	80008a14	d01823d3	fcvt.s.wu	f7,x16	 x16:0x0000078a  f7=0x44f14000
     410015.000 ns	     41000	80008a18	00de7c53	fadd.s	f24,f28,f13	 f28:0x7fc00000 f13:0x441ac000 f24=0x7fc00000
     410045.000 ns	     41003	80008a1c	c00aba53	fcvt.w.s	x20,f21	 f21:0x00000000 x20=0x00000000
     410075.000 ns	     41006	80008a20	d017f8d3	fcvt.s.wu	f17,x15	 x15:0x76c909dc f17=0x4eed9213
     410105.000 ns	     41009	80008a24	21cb97d3	fsgnjn.s	f15,f23,f28	 f23:0x4f7ffffd f28:0x7fc00000 f15=0xcf7ffffd
     410125.000 ns	     41011	80008a28	0083d4b3	srl	x9,x7,x8	  x7:0x00000000  x8:0x0000051b  x9=0x00000000
     410135.000 ns	     41012	80008a2c	ea9aa313	slti	x6,x21,-343	 x21:0x00000008  x6=0x00000000
     410155.000 ns	     41014	80008a30	026ee1b3	rem	x3,x29,x6	 x29:0x00000000  x6:0x00000000  x3=0x00000000
     411335.000 ns	     41132	80008a34	5804f553	fsqrt.s	f10,f9	  f9:0x0000051b f10=0x1f350bb8
     411355.000 ns	     41134	80008a38	013727b3	slt	x15,x14,x19	 x14:0x7ffb8c00 x19:0x00000000 x15=0x00000000
     411365.000 ns	     41135	80008a3c	f25b24b7	lui	x9,0xf25b2	  x9=0xf25b2000
     411725.000 ns	     41171	80008a40	035874b3	remu	x9,x16,x21	 x16:0x0000078a x21:0x00000008  x9=0x00000002
     411755.000 ns	     41174	80008a44	e00c01d3	fmv.x.w	x3,f24	 f24:0x7fc00000  x3=0x7fc00000
     411775.000 ns	     41176	80008a48	00d0d133	srl	x2,x1,x13	  x1:0x00000000 x13:0x00000000  x2=0x00000000
     411785.000 ns	     41177	80008a4c	496d2117	auipc	x2,0x496d2	  x2=0xc96daa4c
     411795.000 ns	     41178	80008a50	8bfb2013	slti	x0,x22,-1857	 x22:0x08004102
     412155.000 ns	     41214	80008a54	022e6ab3	rem	x21,x28,x2	 x28:0x00000000  x2:0x00000000 x21=0x00000000
     412185.000 ns	     41217	80008a58	a0229253	flt.s	x4,f5,f2	  f5:0x7ffb8c00  f2:0x7fc00000  x4=0x00000000
     412555.000 ns	     41254	80008a5c	0363d233	divu	x4,x7,x22	  x7:0x00000000 x22:0x08004102  x4=0x00000000
     412585.000 ns	     41257	80008a60	d01d7f53	fcvt.s.wu	f30,x26	 x26:0x00000000 f30=0x00000000
     412615.000 ns	     41260	80008a64	a0468fd3	fle.s	x31,f13,f4	 f13:0x441ac000  f4:0x80000000 x31=0x00000000
     412655.000 ns	     41264	80008a68	19047153	fdiv.s	f2,f8,f16	  f8:0x4f7ffffd f16:0x7fc00000  f2=0x7fc00000
     412685.000 ns	     41267	80008a6c	d01404d3	fcvt.s.wu	f9,x8	  x8:0x0000051b  f9=0x44a36000
     413055.000 ns	     41304	80008a70	029953b3	divu	x7,x18,x9	 x18:0x00000000  x9:0x00000002  x7=0x00000000
     413085.000 ns	     41307	80008a74	a19e8353	fle.s	x6,f29,f25	 f29:0xcefff7e0 f25:0x5e7fefc0  x6=0x00000001
     413115.000 ns	     41310	80008a78	f0058ad3	fmv.w.x	f21,x11	 x11:0x15d7d000 f21=0x15d7d000
     413135.000 ns	     41312	80008a7c	9dfee713	ori	x14,x29,-1569	 x29:0x00000000 x14=0xfffff9df
     413145.000 ns	     41313	80008a80	01cb4833	xor	x16,x22,x28	 x22:0x08004102 x28:0x00000000 x16=0x08004102
     413505.000 ns	     41349	80008a84	022aefb3	rem	x31,x21,x2	 x21:0x00000000  x2:0xc96daa4c x31=0x00000000
     413535.000 ns	     41352	80008a88	c0151653	fcvt.wu.s	x12,f10	 f10:0x1f350bb8 x12=0x00000000
     413555.000 ns	     41354	80008a8c	00a67fb3	and	x31,x12,x10	 x12:0x00000000 x10:0xf75ca184 x31=0x00000000
     413565.000 ns	     41355	80008a90	cc8bb593	sltiu	x11,x23,-824	 x23:0x00000000 x11=0x00000001
     413575.000 ns	     41356	80008a94	00000013	addi	x0,x0,0	  x0:0x00000000
     413585.000 ns	     41357	80008a98	0114a7b3	slt	x15,x9,x17	  x9:0x00000002 x17:0x00000000 x15=0x00000000
     413595.000 ns	     41358	80008a9c	c1873e17	auipc	x28,0xc1873	 x28=0x4187ba9c
     413955.000 ns	     41394	80008aa0	023147b3	div	x15,x2,x3	  x2:0xc96daa4c  x3:0x7fc00000 x15=0x00000000
     413985.000 ns	     41397	80008aa4	0278f9b3	remu	x19,x17,x7	 x17:0x00000000  x7:0x00000000 x19=0x00000000
     414355.000 ns	     41434	80008aa8	0385e1b3	rem	x3,x11,x24	 x11:0x00000001 x24:0x00000001  x3=0x00000000
     414375.000 ns	     41436	80008aac	00000013	addi	x0,x0,0	  x0:0x00000000
     414395.000 ns	     41438	80008ab0	28339d53	fmax.s	f26,f7,f3	  f7:0x44f14000  f3:0x7fc00000 f26=0x44f14000
     414445.000 ns	     41443	80008ab4	08af7ad3	fsub.s	f21,f30,f10	 f30:0x00000000 f10:0x1f350bb8 f21=0x9f350bb8
     414495.000 ns	     41448	80008ab8	01c7bad3	fadd.s	f21,f15,f28	 f15:0xcf7ffffd f28:0x7fc00000 f21=0x7fc00000
     414515.000 ns	     41450	80008abc	014d6333	or	x6,x26,x20	 x26:0x00000000 x20:0x00000000  x6=0x00000000
     414535.000 ns	     41452	80008ac0	a1be04d3	fle.s	x9,f28,f27	 f28:0x7fc00000 f27:0xde7fefc0  x9=0x00000000
     414565.000 ns	     41455	80008ac4	283d87d3	fmin.s	f15,f27,f3	 f27:0xde7fefc0  f3:0x7fc00000 f15=0xde7fefc0
     414595.000 ns	     41458	80008ac8	c00979d3	fcvt.w.s	x19,f18	 f18:0x4efff718 x19=0x7ffb8c00
     414625.000 ns	     41461	80008acc	28071dd3	fmax.s	f27,f14,f0	 f14:0x00000001  f0:0xcefff7e0 f27=0x00000001
     414665.000 ns	     41465	80008ad0	18527353	fdiv.s	f6,f4,f5	  f4:0x80000000  f5:0x7ffb8c00  f6=0x7fc00000
     414685.000 ns	     41467	80008ad4	5e9de893	ori	x17,x27,1513	 x27:0x80040fe4 x17=0x80040fed
     414705.000 ns	     41469	80008ad8	211387d3	fsgnj.s	f15,f7,f17	  f7:0x44f14000 f17:0x4eed9213 f15=0x44f14000
     414725.000 ns	     41471	80008adc	75cc0a17	auipc	x20,0x75cc0	 x20=0xf5cc8adc
     414735.000 ns	     41472	80008ae0	df9c9d37	lui	x26,0xdf9c9	 x26=0xdf9c9000
     414755.000 ns	     41474	80008ae4	e00d07d3	fmv.x.w	x15,f26	 f26:0x44f14000 x15=0x44f14000
     414775.000 ns	     41476	80008ae8	0113c7b3	xor	x15,x7,x17	  x7:0x00000000 x17:0x80040fed x15=0x80040fed
     414785.000 ns	     41477	80008aec	b4470813	addi	x16,x14,-1212	 x14:0xfffff9df x16=0xfffff523
     414805.000 ns	     41479	80008af0	2036a0d3	fsgnjx.s	f1,f13,f3	 f13:0x441ac000  f3:0x7fc00000  f1=0x441ac000
     414825.000 ns	     41481	80008af4	016535b3	sltu	x11,x10,x22	 x10:0xf75ca184 x22:0x08004102 x11=0x00000000
     414835.000 ns	     41482	80008af8	82d9ac13	slti	x24,x19,-2003	 x19:0x7ffb8c00 x24=0x00000000
     414845.000 ns	     41483	80008afc	01fa9e33	sll	x28,x21,x31	 x21:0x00000000 x31:0x00000000 x28=0x00000000
     414875.000 ns	     41486	80008b00	11b17ad3	fmul.s	f21,f2,f27	  f2:0x7fc00000 f27:0x00000001 f21=0x7fc00000
     414895.000 ns	     41488	80008b04	0197fbb3	and	x23,x15,x25	 x15:0x80040fed x25:0x00000000 x23=0x00000000
     414905.000 ns	     41489	80008b08	dbcc9817	auipc	x16,0xdbcc9	 x16=0x5bcd1b08
     414925.000 ns	     41491	80008b0c	d01bf853	fcvt.s.wu	f16,x23	 x23:0x00000000 f16=0x00000000
     414945.000 ns	     41493	80008b10	aebd4793	xori	x15,x26,-1301	 x26:0xdf9c9000 x15=0x20636aeb
     414955.000 ns	     41494	80008b14	4147d833	sra	x16,x15,x20	 x15:0x80040fed x20:0xf5cc8adc x16=0x00000002
     414965.000 ns	     41495	80008b18	c5090d17	auipc	x26,0xc5090	 x26=0x45098b18
     415005.000 ns	     41499	80008b1c	00faa453	fadd.s	f8,f21,f15	 f21:0x7fc00000 f15:0x44f14000  f8=0x7fc00000
     415035.000 ns	     41502	80008b20	28a681d3	fmin.s	f3,f13,f10	 f13:0x441ac000 f10:0x1f350bb8  f3=0x1f350bb8
     415065.000 ns	     41505	80008b24	f00f8f53	fmv.w.x	f30,x31	 x31:0x00000000 f30=0x00000000
     415085.000 ns	     41507	80008b28	00a25d13	srli	x26,x4,0xa	  x4:0x00000000 x26=0x00000000
     415105.000 ns	     41509	80008b2c	20400453	fsgnj.s	f8,f0,f4	  f0:0xcefff7e0  f4:0x80000000  f8=0xcefff7e0
     415125.000 ns	     41511	80008b30	013ab133	sltu	x2,x21,x19	 x21:0x00000000 x19:0x7ffb8c00  x2=0x00000001
     415145.000 ns	     41513	80008b34	d004fbd3	fcvt.s.w	f23,x9	  x9:0x00000000 f23=0x00000000
     415165.000 ns	     41515	80008b38	40365133	sra	x2,x12,x3	 x12:0x00000000  x3:0x00000000  x2=0x00000000
     415185.000 ns	     41517	80008b3c	e00001d3	fmv.x.w	x3,f0	  f0:0xcefff7e0  x3=0xcefff7e0
     415225.000 ns	     41521	80008b40	19ee75d3	fdiv.s	f11,f28,f30	 f28:0x7fc00000 f30:0x00000000 f11=0x7fc00000
     415255.000 ns	     41524	80008b44	21dd0b53	fsgnj.s	f22,f26,f29	 f26:0x44f14000 f29:0xcefff7e0 f22=0xc4f14000
     415625.000 ns	     41561	80008b48	02a1fb33	remu	x22,x3,x10	  x3:0xcefff7e0 x10:0xf75ca184 x22=0xcefff7e0
     415645.000 ns	     41563	80008b4c	0107d9b3	srl	x19,x15,x16	 x15:0x20636aeb x16:0x00000002 x19=0x0818daba
     415665.000 ns	     41565	80008b50	023511b3	mulh	x3,x10,x3	 x10:0xf75ca184  x3:0xcefff7e0  x3=0x01a7455b
     415695.000 ns	     41568	80008b54	c0077053	fcvt.w.s	x0,f14	 f14:0x00000001
     415735.000 ns	     41572	80008b58	18b4ffd3	fdiv.s	f31,f9,f11	  f9:0x44a36000 f11:0x7fc00000 f31=0x7fc00000
     415765.000 ns	     41575	80008b5c	a02a21d3	feq.s	x3,f20,f2	 f20:0x7fc00000  f2:0x7fc00000  x3=0x00000000
     415795.000 ns	     41578	80008b60	d016f5d3	fcvt.s.wu	f11,x13	 x13:0x00000000 f11=0x00000000
     415815.000 ns	     41580	80008b64	39e27913	andi	x18,x4,926	  x4:0x00000000 x18=0x00000000
     415835.000 ns	     41582	80008b68	e00d0453	fmv.x.w	x8,f26	 f26:0x44f14000  x8=0x44f14000
     415865.000 ns	     41585	80008b6c	a0d38ed3	fle.s	x29,f7,f13	  f7:0x44f14000 f13:0x441ac000 x29=0x00000000
     415895.000 ns	     41588	80008b70	a08524d3	feq.s	x9,f10,f8	 f10:0x1f350bb8  f8:0xcefff7e0  x9=0x00000000
     415935.000 ns	     41592	80008b74	580f7853	fsqrt.s	f16,f30	 f30:0x00000000 f16=0x00000000
     415955.000 ns	     41594	80008b78	dd3b6f93	ori	x31,x22,-557	 x22:0xcefff7e0 x31=0xfffffff3
     415975.000 ns	     41596	80008b7c	02065eb3	divu	x29,x12,x0	 x12:0x00000000  x0:0x00000000 x29=0xffffffff
     416005.000 ns	     41599	80008b80	e0049a53	fclass.s	x20,f9	  f9:0x44a36000 x20=0x00000040
     416035.000 ns	     41602	80008b84	a07707d3	fle.s	x15,f14,f7	 f14:0x00000001  f7:0x44f14000 x15=0x00000001
     416065.000 ns	     41605	80008b88	209f85d3	fsgnj.s	f11,f31,f9	 f31:0x7fc00000  f9:0x44a36000 f11=0x7fc00000
     416095.000 ns	     41608	80008b8c	0278c633	div	x12,x17,x7	 x17:0x80040fed  x7:0x00000000 x12=0xffffffff
     416125.000 ns	     41611	80008b90	03e40c33	mul	x24,x8,x30	  x8:0x44f14000 x30:0x00000000 x24=0x00000000
     416145.000 ns	     41613	80008b94	00568c33	add	x24,x13,x5	 x13:0x00000000  x5:0x80041024 x24=0x80041024
     416175.000 ns	     41616	80008b98	580371d3	fsqrt.s	f3,f6	  f6:0x7fc00000  f3=0x7fc00000
     416195.000 ns	     41618	80008b9c	01e93733	sltu	x14,x18,x30	 x18:0x00000000 x30:0x00000000 x14=0x00000000
     417075.000 ns	     41706	80008ba0	5806a853	fsqrt.s	f16,f13	 f13:0x441ac000 f16=0x415ad8e4
     417125.000 ns	     41711	80008ba4	08cbf7d3	fsub.s	f15,f23,f12	 f23:0x00000000 f12:0xcefff7e0 f15=0x4efff7e0
     417145.000 ns	     41713	80008ba8	0068d193	srli	x3,x17,0x6	 x17:0x80040fed  x3=0x0200103f
     417155.000 ns	     41714	80008bac	008f8bb3	add	x23,x31,x8	 x31:0xfffffff3  x8:0x44f14000 x23=0x44f13ff3
     417175.000 ns	     41716	80008bb0	035b05b3	mul	x11,x22,x21	 x22:0xcefff7e0 x21:0x00000000 x11=0x00000000
     417195.000 ns	     41718	80008bb4	00000013	addi	x0,x0,0	  x0:0x00000000
     417205.000 ns	     41719	80008bb8	0133f8b3	and	x17,x7,x19	  x7:0x00000000 x19:0x0818daba x17=0x00000000
     417215.000 ns	     41720	80008bbc	41188933	sub	x18,x17,x17	 x17:0x80040fed x17:0x80040fed x18=0x00000000
     417235.000 ns	     41722	80008bc0	f0038cd3	fmv.w.x	f25,x7	  x7:0x00000000 f25=0x00000000
     417255.000 ns	     41724	80008bc4	0198d213	srli	x4,x17,0x19	 x17:0x00000000  x4=0x00000000
     417275.000 ns	     41726	80008bc8	a16a8fd3	fle.s	x31,f21,f22	 f21:0x7fc00000 f22:0xc4f14000 x31=0x00000000
     417295.000 ns	     41728	80008bcc	00369833	sll	x16,x13,x3	 x13:0x00000000  x3:0x0200103f x16=0x00000000
     417625.000 ns	     41761	80008bd0	18c79853	fdiv.s	f16,f15,f12	 f15:0x4efff7e0 f12:0xcefff7e0 f16=0xbf7ff7e0
     417645.000 ns	     41763	80008bd4	218c8613	addi	x12,x25,536	 x25:0x00000000 x12=0x00000218
     417665.000 ns	     41765	80008bd8	c00bb6d3	fcvt.w.s	x13,f23	 f23:0x00000000 x13=0x00000000
     417685.000 ns	     41767	80008bdc	8d7a4b13	xori	x22,x20,-1833	 x20:0x00000040 x22=0xfffff897
     417705.000 ns	     41769	80008be0	036bbcb3	mulhu	x25,x23,x22	 x23:0x44f13ff3 x22:0xcefff7e0 x25=0x44f13df4
     417725.000 ns	     41771	80008be4	1f0e4313	xori	x6,x28,496	 x28:0x00000000  x6=0x000001f0
     417765.000 ns	     41775	80008be8	08e8ae53	fsub.s	f28,f17,f14	 f17:0x4eed9213 f14:0x00000001 f28=0x4eed9213
     417795.000 ns	     41778	80008bec	c0073bd3	fcvt.w.s	x23,f14	 f14:0x00000001 x23=0x00000000
     417815.000 ns	     41780	80008bf0	0055dfb3	srl	x31,x11,x5	 x11:0x00000000  x5:0x80041024 x31=0x00000000
     417825.000 ns	     41781	80008bf4	1495a917	auipc	x18,0x1495a	 x18=0x94962bf4
     417845.000 ns	     41783	80008bf8	e00691d3	fclass.s	x3,f13	 f13:0x441ac000  x3=0x00000040
     417865.000 ns	     41785	80008bfc	47dd8493	addi	x9,x27,1149	 x27:0x80040fe4  x9=0x80041461
     417885.000 ns	     41787	80008c00	03c73233	mulhu	x4,x14,x28	 x14:0x00000000 x28:0x00000000  x4=0x00000000
     417905.000 ns	     41789	80008c04	007c1493	slli	x9,x24,0x7	 x24:0x80041024  x9=0x02081200
     417935.000 ns	     41792	80008c08	1003c253	fmul.s	f4,f7,f0	  f7:0x44f14000  f0:0xcefff7e0  f4=0xd4713858
     417965.000 ns	     41795	80008c0c	20b72fd3	fsgnjx.s	f31,f14,f11	 f14:0x00000001 f11:0x7fc00000 f31=0x00000001
     417985.000 ns	     41797	80008c10	01f6d413	srli	x8,x13,0x1f	 x13:0x00000000  x8=0x00000000
     417995.000 ns	     41798	80008c14	00207cb3	and	x25,x0,x2	  x0:0x00000000  x2:0x00000000 x25=0x00000000
     418355.000 ns	     41834	80008c18	02537f33	remu	x30,x6,x5	  x6:0x000001f0  x5:0x80041024 x30=0x000001f0
     418385.000 ns	     41837	80008c1c	a1ba8653	fle.s	x12,f21,f27	 f21:0x7fc00000 f27:0x00000001 x12=0x00000000
     418415.000 ns	     41840	80008c20	e0018653	fmv.x.w	x12,f3	  f3:0x7fc00000 x12=0x7fc00000
     418445.000 ns	     41843	80008c24	213304d3	fsgnj.s	f9,f6,f19	  f6:0x7fc00000 f19:0x00000000  f9=0x7fc00000
     418475.000 ns	     41846	80008c28	20d928d3	fsgnjx.s	f17,f18,f13	 f18:0x4efff718 f13:0x441ac000 f17=0x4efff718
     418495.000 ns	     41848	80008c2c	01e0d5b3	srl	x11,x1,x30	  x1:0x00000000 x30:0x000001f0 x11=0x00000000
     418515.000 ns	     41850	80008c30	d01c38d3	fcvt.s.wu	f17,x24	 x24:0x80041024 f17=0x4f000411
     418535.000 ns	     41852	80008c34	007868b3	or	x17,x16,x7	 x16:0x00000000  x7:0x00000000 x17=0x00000000
     418545.000 ns	     41853	80008c38	bd444b93	xori	x23,x8,-1068	  x8:0x00000000 x23=0xfffffbd4
     418555.000 ns	     41854	80008c3c	be800393	addi	x7,x0,-1048	  x0:0x00000000  x7=0xfffffbe8
     418565.000 ns	     41855	80008c40	00d4d4b3	srl	x9,x9,x13	  x9:0x02081200 x13:0x00000000  x9=0x02081200
     418925.000 ns	     41891	80008c44	026d47b3	div	x15,x26,x6	 x26:0x00000000  x6:0x000001f0 x15=0x00000000
     418945.000 ns	     41893	80008c48	00000013	addi	x0,x0,0	  x0:0x00000000
     418965.000 ns	     41895	80008c4c	29ce1753	fmax.s	f14,f28,f28	 f28:0x4eed9213 f28:0x4eed9213 f14=0x4eed9213
     418995.000 ns	     41898	80008c50	207084d3	fsgnj.s	f9,f1,f7	  f1:0x441ac000  f7:0x44f14000  f9=0x441ac000
     419015.000 ns	     41900	80008c54	01c8db93	srli	x23,x17,0x1c	 x17:0x00000000 x23=0x00000000
     419025.000 ns	     41901	80008c58	000a5993	srli	x19,x20,0x0	 x20:0x00000040 x19=0x00000040
     419035.000 ns	     41902	80008c5c	00e9ff33	and	x30,x19,x14	 x19:0x0818daba x14:0x00000000 x30=0x00000000
     419055.000 ns	     41904	80008c60	024cf3b3	remu	x7,x25,x4	 x25:0x00000000  x4:0x00000000  x7=0x00000000
     419085.000 ns	     41907	80008c64	02672b33	mulhsu	x22,x14,x6	 x14:0x00000000  x6:0x000001f0 x22=0x00000000
     419115.000 ns	     41910	80008c68	023889b3	mul	x19,x17,x3	 x17:0x00000000  x3:0x00000040 x19=0x00000000
     419145.000 ns	     41913	80008c6c	03722f33	mulhsu	x30,x4,x23	  x4:0x00000000 x23:0x00000000 x30=0x00000000
     419165.000 ns	     41915	80008c70	00d3da13	srli	x20,x7,0xd	  x7:0x00000000 x20=0x00000000
     419175.000 ns	     41916	80008c74	38c93313	sltiu	x6,x18,908	 x18:0x94962bf4  x6=0x00000000
     419185.000 ns	     41917	80008c78	02c0ef93	ori	x31,x1,44	  x1:0x00000000 x31=0x0000002c
     419195.000 ns	     41918	80008c7c	07d9c593	xori	x11,x19,125	 x19:0x00000000 x11=0x0000007d
     419215.000 ns	     41920	80008c80	d002f453	fcvt.s.w	f8,x5	  x5:0x80041024  f8=0xcefff7df
     419235.000 ns	     41922	80008c84	d9028713	addi	x14,x5,-624	  x5:0x80041024 x14=0x80040db4
     419245.000 ns	     41923	80008c88	011be333	or	x6,x23,x17	 x23:0x00000000 x17:0x00000000  x6=0x00000000
     419265.000 ns	     41925	80008c8c	02ab1133	mulh	x2,x22,x10	 x22:0x00000000 x10:0xf75ca184  x2=0x00000000
     419295.000 ns	     41928	80008c90	d0170d53	fcvt.s.wu	f26,x14	 x14:0x80040db4 f26=0x4f00040e
     419325.000 ns	     41931	80008c94	0288e0b3	rem	x1,x17,x8	 x17:0x00000000  x8:0x00000000  x1=0x00000000
     419345.000 ns	     41933	80008c98	01100433	add	x8,x0,x17	  x0:0x00000000 x17:0x00000000  x8=0x00000000
     419355.000 ns	     41934	80008c9c	b83dcc13	xori	x24,x27,-1149	 x27:0x80040fe4 x24=0x7ffbf467
     419365.000 ns	     41935	80008ca0	00079eb3	sll	x29,x15,x0	 x15:0x00000000  x0:0x00000000 x29=0x00000000
     419375.000 ns	     41936	80008ca4	7144e713	ori	x14,x9,1812	  x9:0x02081200 x14=0x02081714
     419395.000 ns	     41938	80008ca8	c0110a53	fcvt.wu.s	x20,f2	  f2:0x7fc00000 x20=0xffffffff
     420575.000 ns	     42056	80008cac	58097ad3	fsqrt.s	f21,f18	 f18:0x4efff718 f21=0x4787c051
     420605.000 ns	     42059	80008cb0	290184d3	fmin.s	f9,f3,f16	  f3:0x7fc00000 f16:0xbf7ff7e0  f9=0xbf7ff7e0
     420635.000 ns	     42062	80008cb4	024a2ab3	mulhsu	x21,x20,x4	 x20:0xffffffff  x4:0x00000000 x21=0x00000000
     420665.000 ns	     42065	80008cb8	28e79dd3	fmax.s	f27,f15,f14	 f15:0x4efff7e0 f14:0x4eed9213 f27=0x4efff7e0
     420685.000 ns	     42067	80008cbc	89368193	addi	x3,x13,-1901	 x13:0x00000000  x3=0xfffff893
     420725.000 ns	     42071	80008cc0	09902d53	fsub.s	f26,f0,f25	  f0:0xcefff7e0 f25:0x00000000 f26=0xcefff7e0
     420745.000 ns	     42073	80008cc4	4e053393	sltiu	x7,x10,1248	 x10:0xf75ca184  x7=0x00000000
     420755.000 ns	     42074	80008cc8	00000013	addi	x0,x0,0	  x0:0x00000000
     420765.000 ns	     42075	80008ccc	01955013	srli	x0,x10,0x19	 x10:0xf75ca184
     420775.000 ns	     42076	80008cd0	013078b3	and	x17,x0,x19	  x0:0x00000000 x19:0x00000000 x17=0x00000000
     420785.000 ns	     42077	80008cd4	000e8fb3	add	x31,x29,x0	 x29:0x00000000  x0:0x00000000 x31=0x00000000
     420825.000 ns	     42081	80008cd8	002af8d3	fadd.s	f17,f21,f2	 f21:0x4787c051  f2:0x7fc00000 f17=0x7fc00000
     420855.000 ns	     42084	80008cdc	28ec00d3	fmin.s	f1,f24,f14	 f24:0x7fc00000 f14:0x4eed9213  f1=0x4eed9213
     420875.000 ns	     42086	80008ce0	0d567213	andi	x4,x12,213	 x12:0x7fc00000  x4=0x00000000
     420895.000 ns	     42088	80008ce4	20010753	fsgnj.s	f14,f2,f0	  f2:0x7fc00000  f0:0xcefff7e0 f14=0xffc00000
     420925.000 ns	     42091	80008ce8	a03b0153	fle.s	x2,f22,f3	 f22:0xc4f14000  f3:0x7fc00000  x2=0x00000000
     420945.000 ns	     42093	80008cec	00871113	slli	x2,x14,0x8	 x14:0x02081714  x2=0x08171400
     420955.000 ns	     42094	80008cf0	010f41b3	xor	x3,x30,x16	 x30:0x00000000 x16:0x00000000  x3=0x00000000
     420965.000 ns	     42095	80008cf4	00801bb3	sll	x23,x0,x8	  x0:0x00000000  x8:0x00000000 x23=0x00000000
     420975.000 ns	     42096	80008cf8	9016c817	auipc	x16,0x9016c	 x16=0x10174cf8
     421005.000 ns	     42099	80008cfc	580bf6d3	fsqrt.s	f13,f23	 f23:0x00000000 f13=0x00000000
     421035.000 ns	     42102	80008d00	a0502953	feq.s	x18,f0,f5	  f0:0xcefff7e0  f5:0x7ffb8c00 x18=0x00000000
     421055.000 ns	     42104	80008d04	dec9fbb7	lui	x23,0xdec9f	 x23=0xdec9f000
     421065.000 ns	     42105	80008d08	ebc24113	xori	x2,x4,-324	  x4:0x00000000  x2=0xfffffebc
     421085.000 ns	     42107	80008d0c	a1389fd3	flt.s	x31,f17,f19	 f17:0x7fc00000 f19:0x00000000 x31=0x00000000
     421105.000 ns	     42109	80008d10	1d8b8113	addi	x2,x23,472	 x23:0xdec9f000  x2=0xdec9f1d8
     421115.000 ns	     42110	80008d14	00546733	or	x14,x8,x5	  x8:0x00000000  x5:0x80041024 x14=0x80041024
     421475.000 ns	     42146	80008d18	02e750b3	divu	x1,x14,x14	 x14:0x02081714 x14:0x02081714  x1=0x00000001
     421505.000 ns	     42149	80008d1c	035deb33	rem	x22,x27,x21	 x27:0x80040fe4 x21:0x00000000 x22=0x80040fe4
     421875.000 ns	     42186	80008d20	02c0f433	remu	x8,x1,x12	  x1:0x00000001 x12:0x7fc00000  x8=0x00000001
     421895.000 ns	     42188	80008d24	01133bb3	sltu	x23,x6,x17	  x6:0x00000000 x17:0x00000000 x23=0x00000000
     421915.000 ns	     42190	80008d28	a1a30053	fle.s	x0,f6,f26	  f6:0x7fc00000 f26:0xcefff7e0
     421945.000 ns	     42193	80008d2c	03dbd133	divu	x2,x23,x29	 x23:0xdec9f000 x29:0x00000000  x2=0xffffffff
     421975.000 ns	     42196	80008d30	20bbacd3	fsgnjx.s	f25,f23,f11	 f23:0x00000000 f11:0x7fc00000 f25=0x00000000
     421995.000 ns	     42198	80008d34	006b9833	sll	x16,x23,x6	 x23:0x00000000  x6:0x00000000 x16=0x00000000
     422005.000 ns	     42199	80008d38	00471393	slli	x7,x14,0x4	 x14:0x80041024  x7=0x00410240
     422025.000 ns	     42201	80008d3c	e00b0cd3	fmv.x.w	x25,f22	 f22:0xc4f14000 x25=0xc4f14000
     422395.000 ns	     42238	80008d40	0390fe33	remu	x28,x1,x25	  x1:0x00000001 x25:0x00000000 x28=0x00000001
     422425.000 ns	     42241	80008d44	02e126b3	mulhsu	x13,x2,x14	  x2:0xffffffff x14:0x80041024 x13=0xffffffff
     422455.000 ns	     42244	80008d48	a15a86d3	fle.s	x13,f21,f21	 f21:0x4787c051 f21:0x4787c051 x13=0x00000001
     422795.000 ns	     42278	80008d4c	19a00cd3	fdiv.s	f25,f0,f26	  f0:0xcefff7e0 f26:0xcefff7e0 f25=0x3f7ff7e0
     422815.000 ns	     42280	80008d50	d0186793	ori	x15,x16,-767	 x16:0x00000000 x15=0xfffffd01
     422825.000 ns	     42281	80008d54	d0650e93	addi	x29,x10,-762	 x10:0xf75ca184 x29=0xf75c9e8a
     422855.000 ns	     42284	80008d58	10133653	fmul.s	f12,f6,f1	  f6:0x7fc00000  f1:0x4eed9213 f12=0x7fc00000
     422885.000 ns	     42287	80008d5c	c0149953	fcvt.wu.s	x18,f9	  f9:0xbf7ff7e0 x18=0x00000000
     422905.000 ns	     42289	80008d60	4104d7b3	sra	x15,x9,x16	  x9:0x02081200 x16:0x00000000 x15=0x02081200
     422915.000 ns	     42290	80008d64	00bea4b3	slt	x9,x29,x11	 x29:0xf75c9e8a x11:0x0000007d  x9=0x00000001
     422925.000 ns	     42291	80008d68	29d87b13	andi	x22,x16,669	 x16:0x00000000 x22=0x00000000
     422945.000 ns	     42293	80008d6c	a166a9d3	feq.s	x19,f13,f22	 f13:0x00000000 f22:0xc4f14000 x19=0x00000000
     422975.000 ns	     42296	80008d70	03968eb3	mul	x29,x13,x25	 x13:0x00000001 x25:0xc4f14000 x29=0xc4f14000
     423005.000 ns	     42299	80008d74	c00e2f53	fcvt.w.s	x30,f28	 f28:0x4eed9213 x30=0x76c90980
     423035.000 ns	     42302	80008d78	c019f0d3	fcvt.wu.s	x1,f19	 f19:0x00000000  x1=0x00000000
     423065.000 ns	     42305	80008d7c	e00a9b53	fclass.s	x22,f21	 f21:0x4787c051 x22=0x00000040
     423435.000 ns	     42342	80008d80	038bd233	divu	x4,x23,x24	 x23:0x00000000 x24:0x7ffbf467  x4=0x00000000
     423465.000 ns	     42345	80008d84	20a5add3	fsgnjx.s	f27,f11,f10	 f11:0x7fc00000 f10:0x1f350bb8 f27=0x7fc00000
     423495.000 ns	     42348	80008d88	212518d3	fsgnjn.s	f17,f10,f18	 f10:0x1f350bb8 f18:0x4efff718 f17=0x9f350bb8
     423525.000 ns	     42351	80008d8c	d00c7d53	fcvt.s.w	f26,x24	 x24:0x7ffbf467 f26=0x4efff7e8
     423555.000 ns	     42354	80008d90	d018bbd3	fcvt.s.wu	f23,x17	 x17:0x00000000 f23=0x00000000
     423585.000 ns	     42357	80008d94	2043aa53	fsgnjx.s	f20,f7,f4	  f7:0x44f14000  f4:0xd4713858 f20=0xc4f14000
     423605.000 ns	     42359	80008d98	40145833	sra	x16,x8,x1	  x8:0x00000001  x1:0x00000000 x16=0x00000001
     423625.000 ns	     42361	80008d9c	2041add3	fsgnjx.s	f27,f3,f4	  f3:0x7fc00000  f4:0xd4713858 f27=0xffc00000
     423655.000 ns	     42364	80008da0	21de9d53	fsgnjn.s	f26,f29,f29	 f29:0xcefff7e0 f29:0xcefff7e0 f26=0x4efff7e0
     423705.000 ns	     42369	80008da4	00287c53	fadd.s	f24,f16,f2	 f16:0xbf7ff7e0  f2:0x7fc00000 f24=0x7fc00000
     423725.000 ns	     42371	80008da8	e8482c97	auipc	x25,0xe8482	 x25=0x6848ada8
     423745.000 ns	     42373	80008dac	023eebb3	rem	x23,x29,x3	 x29:0xc4f14000  x3:0x00000000 x23=0xc4f14000
     423765.000 ns	     42375	80008db0	01481b33	sll	x22,x16,x20	 x16:0x00000001 x20:0xffffffff x22=0x80000000
     423785.000 ns	     42377	80008db4	20502553	fsgnjx.s	f10,f0,f5	  f0:0xcefff7e0  f5:0x7ffb8c00 f10=0xcefff7e0
     423815.000 ns	     42380	80008db8	217dacd3	fsgnjx.s	f25,f27,f23	 f27:0xffc00000 f23:0x00000000 f25=0xffc00000
     423835.000 ns	     42382	80008dbc	00000013	addi	x0,x0,0	  x0:0x00000000
     423855.000 ns	     42384	80008dc0	a1d5a4d3	feq.s	x9,f11,f29	 f11:0x7fc00000 f29:0xcefff7e0  x9=0x00000000
     423875.000 ns	     42386	80008dc4	10e58f13	addi	x30,x11,270	 x11:0x0000007d x30=0x0000018b
     423885.000 ns	     42387	80008dc8	d653aa93	slti	x21,x7,-667	  x7:0x00410240 x21=0x00000000
     423895.000 ns	     42388	80008dcc	01750933	add	x18,x10,x23	 x10:0xf75ca184 x23:0xc4f14000 x18=0xbc4de184
     423915.000 ns	     42390	80008dd0	e00a9cd3	fclass.s	x25,f21	 f21:0x4787c051 x25=0x00000040
     423945.000 ns	     42393	80008dd4	a14e03d3	fle.s	x7,f28,f20	 f28:0x4eed9213 f20:0xc4f14000  x7=0x00000000
     423985.000 ns	     42397	80008dd8	11c17253	fmul.s	f4,f2,f28	  f2:0x7fc00000 f28:0x4eed9213  f4=0x7fc00000
     424005.000 ns	     42399	80008ddc	00491c33	sll	x24,x18,x4	 x18:0xbc4de184  x4:0x00000000 x24=0xbc4de184
     424025.000 ns	     42401	80008de0	e0040c53	fmv.x.w	x24,f8	  f8:0xcefff7df x24=0xcefff7df
     424055.000 ns	     42404	80008de4	0219feb3	remu	x29,x19,x1	 x19:0x00000000  x1:0x00000000 x29=0x00000000
     424425.000 ns	     42441	80008de8	03985333	divu	x6,x16,x25	 x16:0x00000001 x25:0x00000040  x6=0x00000000
     424445.000 ns	     42443	80008dec	00000013	addi	x0,x0,0	  x0:0x00000000
     424455.000 ns	     42444	80008df0	00d0f0b3	and	x1,x1,x13	  x1:0x00000000 x13:0x00000001  x1=0x00000000
     424485.000 ns	     42447	80008df4	580679d3	fsqrt.s	f19,f12	 f12:0x7fc00000 f19=0x7fc00000
     424525.000 ns	     42451	80008df8	112af253	fmul.s	f4,f21,f18	 f21:0x4787c051 f18:0x4efff718  f4=0x5707bb98
     424545.000 ns	     42453	80008dfc	005dab33	slt	x22,x27,x5	 x27:0x80040fe4  x5:0x80041024 x22=0x00000001
     424555.000 ns	     42454	80008e00	016794b3	sll	x9,x15,x22	 x15:0x02081200 x22:0x80000000  x9=0x04102400
     424565.000 ns	     42455	80008e04	00602ab3	slt	x21,x0,x6	  x0:0x00000000  x6:0x00000000 x21=0x00000000
     424585.000 ns	     42457	80008e08	e00886d3	fmv.x.w	x13,f17	 f17:0x9f350bb8 x13=0x9f350bb8
     424605.000 ns	     42459	80008e0c	dc250193	addi	x3,x10,-574	 x10:0xf75ca184  x3=0xf75c9f46
     424645.000 ns	     42463	80008e10	083bb7d3	fsub.s	f15,f23,f3	 f23:0x00000000  f3:0x7fc00000 f15=0x7fc00000
     424675.000 ns	     42466	80008e14	28021053	fmax.s	f0,f4,f0	  f4:0x5707bb98  f0:0xcefff7e0  f0=0x5707bb98
     424695.000 ns	     42468	80008e18	21794593	xori	x11,x18,535	 x18:0xbc4de184 x11=0xbc4de393
     424715.000 ns	     42470	80008e1c	e0078453	fmv.x.w	x8,f15	 f15:0x7fc00000  x8=0x7fc00000
     424745.000 ns	     42473	80008e20	02199cb3	mulh	x25,x19,x1	 x19:0x00000000  x1:0x00000000 x25=0x00000000
     424775.000 ns	     42476	80008e24	d018fd53	fcvt.s.wu	f26,x17	 x17:0x00000000 f26=0x00000000
     424805.000 ns	     42479	80008e28	02f711b3	mulh	x3,x14,x15	 x14:0x80041024 x15:0x02081200  x3=0xfefbff41
     424835.000 ns	     42482	80008e2c	210f25d3	fsgnjx.s	f11,f30,f16	 f30:0x00000000 f16:0xbf7ff7e0 f11=0x80000000
     424865.000 ns	     42485	80008e30	020bab33	mulhsu	x22,x23,x0	 x23:0xc4f14000  x0:0x00000000 x22=0x00000000
     424905.000 ns	     42489	80008e34	107c1253	fmul.s	f4,f24,f7	 f24:0x7fc00000  f7:0x44f14000  f4=0x7fc00000
     424935.000 ns	     42492	80008e38	28de03d3	fmin.s	f7,f28,f13	 f28:0x4eed9213 f13:0x00000000  f7=0x00000000
     424955.000 ns	     42494	80008e3c	e0a32a13	slti	x20,x6,-502	  x6:0x00000000 x20=0x00000000
     424965.000 ns	     42495	80008e40	05906f13	ori	x30,x0,89	  x0:0x00000000 x30=0x00000059
     424975.000 ns	     42496	80008e44	019d5e33	srl	x28,x26,x25	 x26:0x00000000 x25:0x00000000 x28=0x00000000
     425335.000 ns	     42532	80008e48	037ae0b3	rem	x1,x21,x23	 x21:0x00000000 x23:0xc4f14000  x1=0x00000000
     425375.000 ns	     42536	80008e4c	184b77d3	fdiv.s	f15,f22,f4	 f22:0xc4f14000  f4:0x7fc00000 f15=0x7fc00000
     425395.000 ns	     42538	80008e50	40d65013	srai	x0,x12,0xd	 x12:0x7fc00000
     425415.000 ns	     42540	80008e54	d01aabd3	fcvt.s.wu	f23,x21	 x21:0x00000000 f23=0x00000000
     425435.000 ns	     42542	80008e58	a9a52197	auipc	x3,0xa9a52	  x3=0x29a5ae58
     425455.000 ns	     42544	80008e5c	d01f9dd3	fcvt.s.wu	f27,x31	 x31:0x00000000 f27=0x00000000
     425495.000 ns	     42548	80008e60	10a222d3	fmul.s	f5,f4,f10	  f4:0x7fc00000 f10:0xcefff7e0  f5=0x7fc00000
     425515.000 ns	     42550	80008e64	77cc8a13	addi	x20,x25,1916	 x25:0x00000000 x20=0x0000077c
     425525.000 ns	     42551	80008e68	003689b3	add	x19,x13,x3	 x13:0x9f350bb8  x3:0x29a5ae58 x19=0xc8daba10
     425555.000 ns	     42554	80008e6c	10b19653	fmul.s	f12,f3,f11	  f3:0x7fc00000 f11:0x80000000 f12=0x7fc00000
     425575.000 ns	     42556	80008e70	00000013	addi	x0,x0,0	  x0:0x00000000
     425585.000 ns	     42557	80008e74	017c9233	sll	x4,x25,x23	 x25:0x00000000 x23:0xc4f14000  x4=0x00000000
     425945.000 ns	     42593	80008e78	029a6833	rem	x16,x20,x9	 x20:0x0000077c  x9:0x04102400 x16=0x0000077c
     425965.000 ns	     42595	80008e7c	28394593	xori	x11,x18,643	 x18:0xbc4de184 x11=0xbc4de307
     425995.000 ns	     42598	80008e80	580f7ed3	fsqrt.s	f29,f30	 f30:0x00000000 f29=0x00000000
     426015.000 ns	     42600	80008e84	bd46f713	andi	x14,x13,-1068	 x13:0x9f350bb8 x14=0x9f350b90
     426025.000 ns	     42601	80008e88	419bdf33	sra	x30,x23,x25	 x23:0xc4f14000 x25:0x00000000 x30=0xc4f14000
     426045.000 ns	     42603	80008e8c	f00d0853	fmv.w.x	f16,x26	 x26:0x00000000 f16=0x00000000
     426075.000 ns	     42606	80008e90	a1de98d3	flt.s	x17,f29,f29	 f29:0x00000000 f29:0x00000000 x17=0x00000000
     426095.000 ns	     42608	80008e94	010e5933	srl	x18,x28,x16	 x28:0x00000000 x16:0x0000077c x18=0x00000000
     426115.000 ns	     42610	80008e98	0207feb3	remu	x29,x15,x0	 x15:0x02081200  x0:0x00000000 x29=0x02081200
     426145.000 ns	     42613	80008e9c	f0058e53	fmv.w.x	f28,x11	 x11:0xbc4de307 f28=0xbc4de307
     426165.000 ns	     42615	80008ea0	410253b3	sra	x7,x4,x16	  x4:0x00000000 x16:0x0000077c  x7=0x00000000
     426185.000 ns	     42617	80008ea4	211d23d3	fsgnjx.s	f7,f26,f17	 f26:0x00000000 f17:0x9f350bb8  f7=0x80000000
     426205.000 ns	     42619	80008ea8	5398bf93	sltiu	x31,x17,1337	 x17:0x00000000 x31=0x00000001
     426225.000 ns	     42621	80008eac	297f0553	fmin.s	f10,f30,f23	 f30:0x00000000 f23:0x00000000 f10=0x00000000
     426245.000 ns	     42623	80008eb0	012f21b3	slt	x3,x30,x18	 x30:0xc4f14000 x18:0x00000000  x3=0x00000001
     426255.000 ns	     42624	80008eb4	54a0c8b7	lui	x17,0x54a0c	 x17=0x54a0c000
     426275.000 ns	     42626	80008eb8	022a9833	mulh	x16,x21,x2	 x21:0x00000000  x2:0xffffffff x16=0x00000000
     426305.000 ns	     42629	80008ebc	021c16b3	mulh	x13,x24,x1	 x24:0xcefff7df  x1:0x00000000 x13=0x00000000
     426325.000 ns	     42631	80008ec0	01e01593	slli	x11,x0,0x1e	  x0:0x00000000 x11=0x00000000
     426335.000 ns	     42632	80008ec4	01b335b3	sltu	x11,x6,x27	  x6:0x00000000 x27:0x80040fe4 x11=0x00000001
     426345.000 ns	     42633	80008ec8	419955b3	sra	x11,x18,x25	 x18:0x00000000 x25:0x00000000 x11=0x00000000
     426355.000 ns	     42634	80008ecc	e0a2ff13	andi	x30,x5,-502	  x5:0x80041024 x30=0x80041000
     426375.000 ns	     42636	80008ed0	a0758253	fle.s	x4,f11,f7	 f11:0x80000000  f7:0x80000000  x4=0x00000001
     426395.000 ns	     42638	80008ed4	40c85b13	srai	x22,x16,0xc	 x16:0x00000000 x22=0x00000000
     426405.000 ns	     42639	80008ed8	0043d5b3	srl	x11,x7,x4	  x7:0x00000000  x4:0x00000001 x11=0x00000000
     426425.000 ns	     42641	80008edc	216a8553	fsgnj.s	f10,f21,f22	 f21:0x4787c051 f22:0xc4f14000 f10=0xc787c051
     426445.000 ns	     42643	80008ee0	00fd68b3	or	x17,x26,x15	 x26:0x00000000 x15:0x02081200 x17=0x02081200
     426465.000 ns	     42645	80008ee4	c01776d3	fcvt.wu.s	x13,f14	 f14:0xffc00000 x13=0xffffffff
     426495.000 ns	     42648	80008ee8	a1f40f53	fle.s	x30,f8,f31	  f8:0xcefff7df f31:0x00000001 x30=0x00000001
     426515.000 ns	     42650	80008eec	0015e833	or	x16,x11,x1	 x11:0x00000000  x1:0x00000000 x16=0x00000000
     426535.000 ns	     42652	80008ef0	02b02233	mulhsu	x4,x0,x11	  x0:0x00000000 x11:0x00000000  x4=0x00000000
     426555.000 ns	     42654	80008ef4	008866b3	or	x13,x16,x8	 x16:0x00000000  x8:0x7fc00000 x13=0x7fc00000
     426575.000 ns	     42656	80008ef8	a1c396d3	flt.s	x13,f7,f28	  f7:0x80000000 f28:0xbc4de307 x13=0x00000000
     426595.000 ns	     42658	80008efc	4183da33	sra	x20,x7,x24	  x7:0x00000000 x24:0xcefff7df x20=0x00000000
     426615.000 ns	     42660	80008f00	a18114d3	flt.s	x9,f2,f24	  f2:0x7fc00000 f24:0x7fc00000  x9=0x00000000
     426635.000 ns	     42662	80008f04	ac544a93	xori	x21,x8,-1339	  x8:0x7fc00000 x21=0x803ffac5
     426645.000 ns	     42663	80008f08	6c37ca13	xori	x20,x15,1731	 x15:0x02081200 x20=0x020814c3
     426655.000 ns	     42664	80008f0c	0021b7b3	sltu	x15,x3,x2	  x3:0x00000001  x2:0xffffffff x15=0x00000001
     426665.000 ns	     42665	80008f10	4032de33	sra	x28,x5,x3	  x5:0x80041024  x3:0x00000001 x28=0xc0020812
     426705.000 ns	     42669	80008f14	0124aad3	fadd.s	f21,f9,f18	  f9:0xbf7ff7e0 f18:0x4efff718 f21=0x4efff717
     426725.000 ns	     42671	80008f18	01731f33	sll	x30,x6,x23	  x6:0x00000000 x23:0xc4f14000 x30=0x00000000
     426735.000 ns	     42672	80008f1c	01b95833	srl	x16,x18,x27	 x18:0x00000000 x27:0x80040fe4 x16=0x00000000
     426755.000 ns	     42674	80008f20	d01ffdd3	fcvt.s.wu	f27,x31	 x31:0x00000001 f27=0x3f800000
     426775.000 ns	     42676	80008f24	8bdd0713	addi	x14,x26,-1859	 x26:0x00000000 x14=0xfffff8bd
     426795.000 ns	     42678	80008f28	f00302d3	fmv.w.x	f5,x6	  x6:0x00000000  f5=0x00000000
     426835.000 ns	     42682	80008f2c	187571d3	fdiv.s	f3,f10,f7	 f10:0xc787c051  f7:0x80000000  f3=0x7f800000
     426865.000 ns	     42685	80008f30	29f210d3	fmax.s	f1,f4,f31	  f4:0x7fc00000 f31:0x00000001  f1=0x00000001
     426885.000 ns	     42687	80008f34	00000013	addi	x0,x0,0	  x0:0x00000000
     426905.000 ns	     42689	80008f38	29ce1d53	fmax.s	f26,f28,f28	 f28:0xbc4de307 f28:0xbc4de307 f26=0xbc4de307
     426925.000 ns	     42691	80008f3c	01d720b3	slt	x1,x14,x29	 x14:0xfffff8bd x29:0x02081200  x1=0x00000001
     426945.000 ns	     42693	80008f40	03a4fa33	remu	x20,x9,x26	  x9:0x00000000 x26:0x00000000 x20=0x00000000
     426975.000 ns	     42696	80008f44	21190053	fsgnj.s	f0,f18,f17	 f18:0x4efff718 f17:0x9f350bb8  f0=0xcefff718
     426995.000 ns	     42698	80008f48	5b558f93	addi	x31,x11,1461	 x11:0x00000000 x31=0x000005b5
     427005.000 ns	     42699	80008f4c	53486697	auipc	x13,0x53486	 x13=0xd348ef4c
     427025.000 ns	     42701	80008f50	02c4bd33	mulhu	x26,x9,x12	  x9:0x00000000 x12:0x7fc00000 x26=0x00000000
     427055.000 ns	     42704	80008f54	e0040b53	fmv.x.w	x22,f8	  f8:0xcefff7df x22=0xcefff7df
     427075.000 ns	     42706	80008f58	00d70b33	add	x22,x14,x13	 x14:0xfffff8bd x13:0xd348ef4c x22=0xd348e809
     427095.000 ns	     42708	80008f5c	026418b3	mulh	x17,x8,x6	  x8:0x7fc00000  x6:0x00000000 x17=0x00000000
     427125.000 ns	     42711	80008f60	0362a733	mulhsu	x14,x5,x22	  x5:0x80041024 x22:0xcefff7df x14=0x965ee671
     427145.000 ns	     42713	80008f64	013718b3	sll	x17,x14,x19	 x14:0xfffff8bd x19:0xc8daba10 x17=0xe6710000
     427165.000 ns	     42715	80008f68	035b24b3	mulhsu	x9,x22,x21	 x22:0xd348e809 x21:0x803ffac5  x9=0xe9994728
     427185.000 ns	     42717	80008f6c	00000013	addi	x0,x0,0	  x0:0x00000000
     427195.000 ns	     42718	80008f70	000f5033	srl	x0,x30,x0	 x30:0x00000000  x0:0x00000000
     427215.000 ns	     42720	80008f74	0351aa33	mulhsu	x20,x3,x21	  x3:0x00000001 x21:0x803ffac5 x20=0x00000000
     427235.000 ns	     42722	80008f78	00cb0b33	add	x22,x22,x12	 x22:0xd348e809 x12:0x7fc00000 x22=0x5308e809
     427245.000 ns	     42723	80008f7c	4f3c0793	addi	x15,x24,1267	 x24:0xcefff7df x15=0xcefffcd2
     427255.000 ns	     42724	80008f80	f151eb13	ori	x22,x3,-235	  x3:0x00000001 x22=0xffffff15
     427265.000 ns	     42725	80008f84	63847593	andi	x11,x8,1592	  x8:0x7fc00000 x11=0x00000000
     427625.000 ns	     42761	80008f88	03bdfbb3	remu	x23,x27,x27	 x27:0x80040fe4 x27:0x80040fe4 x23=0x00000000
     427645.000 ns	     42763	80008f8c	01d8ea33	or	x20,x17,x29	 x17:0xe6710000 x29:0x02081200 x20=0xe6791200
     427665.000 ns	     42765	80008f90	f00500d3	fmv.w.x	f1,x10	 x10:0xf75ca184  f1=0xf75ca184
     427695.000 ns	     42768	80008f94	297f8fd3	fmin.s	f31,f31,f23	 f31:0x00000001 f23:0x00000000 f31=0x00000000
     427715.000 ns	     42770	80008f98	008e9c13	slli	x24,x29,0x8	 x29:0x02081200 x24=0x08120000
     427735.000 ns	     42772	80008f9c	0224b333	mulhu	x6,x9,x2	  x9:0xe9994728  x2:0xffffffff  x6=0xe9994727
     427755.000 ns	     42774	80008fa0	00cbf1b3	and	x3,x23,x12	 x23:0x00000000 x12:0x7fc00000  x3=0x00000000
     427775.000 ns	     42776	80008fa4	29f69753	fmax.s	f14,f13,f31	 f13:0x00000000 f31:0x00000000 f14=0x00000000
     427805.000 ns	     42779	80008fa8	d00976d3	fcvt.s.w	f13,x18	 x18:0x00000000 f13=0x00000000
     427835.000 ns	     42782	80008fac	e0000ed3	fmv.x.w	x29,f0	  f0:0xcefff718 x29=0xcefff718
     427865.000 ns	     42785	80008fb0	02bdbfb3	mulhu	x31,x27,x11	 x27:0x80040fe4 x11:0x00000000 x31=0x00000000
     427905.000 ns	     42789	80008fb4	580776d3	fsqrt.s	f13,f14	 f14:0x00000000 f13=0x00000000
     427935.000 ns	     42792	80008fb8	e0089753	fclass.s	x14,f17	 f17:0x9f350bb8 x14=0x00000002
     427965.000 ns	     42795	80008fbc	d01607d3	fcvt.s.wu	f15,x12	 x12:0x7fc00000 f15=0x4eff8000
     427985.000 ns	     42797	80008fc0	b3233693	sltiu	x13,x6,-1230	  x6:0xe9994727 x13=0x00000001
     427995.000 ns	     42798	80008fc4	007b85b3	add	x11,x23,x7	 x23:0x00000000  x7:0x00000000 x11=0x00000000
     428005.000 ns	     42799	80008fc8	ab8c0393	addi	x7,x24,-1352	 x24:0x08120000  x7=0x0811fab8
     428365.000 ns	     42835	80008fcc	028c60b3	rem	x1,x24,x8	 x24:0x08120000  x8:0x7fc00000  x1=0x08120000
     428385.000 ns	     42837	80008fd0	76c696b7	lui	x13,0x76c69	 x13=0x76c69000
     428395.000 ns	     42838	80008fd4	40a85bb3	sra	x23,x16,x10	 x16:0x00000000 x10:0xf75ca184 x23=0x00000000
     428415.000 ns	     42840	80008fd8	d0057253	fcvt.s.w	f4,x10	 x10:0xf75ca184  f4=0xcd0a35e7
     428785.000 ns	     42877	80008fdc	033de033	rem	x0,x27,x19	 x27:0x80040fe4 x19:0xc8daba10
     428815.000 ns	     42880	80008fe0	284401d3	fmin.s	f3,f8,f4	  f8:0xcefff7df  f4:0xcd0a35e7  f3=0xcefff7df
     428835.000 ns	     42882	80008fe4	01c0d733	srl	x14,x1,x28	  x1:0x08120000 x28:0xc0020812 x14=0x00000204
     428855.000 ns	     42884	80008fe8	20b70d53	fsgnj.s	f26,f14,f11	 f14:0x00000000 f11:0x80000000 f26=0x80000000
     428875.000 ns	     42886	80008fec	e1bcc893	xori	x17,x25,-485	 x25:0x00000000 x17=0xfffffe1b
     428885.000 ns	     42887	80008ff0	01351d33	sll	x26,x10,x19	 x10:0xf75ca184 x19:0xc8daba10 x26=0xa1840000
     428895.000 ns	     42888	80008ff4	010d8c33	add	x24,x27,x16	 x27:0x80040fe4 x16:0x00000000 x24=0x80040fe4
     428935.000 ns	     42892	80008ff8	015df4d3	fadd.s	f9,f27,f21	 f27:0x3f800000 f21:0x4efff717  f9=0x4efff717
     428965.000 ns	     42895	80008ffc	03d7af33	mulhsu	x30,x15,x29	 x15:0xcefffcd2 x29:0xcefff718 x30=0xd860ff22
     428995.000 ns	     42898	80009000	0358bc33	mulhu	x24,x17,x21	 x17:0xfffffe1b x21:0x803ffac5 x24=0x803ff9d2
     429015.000 ns	     42900	80009004	0033f133	and	x2,x7,x3	  x7:0x0811fab8  x3:0x00000000  x2=0x00000000
     429025.000 ns	     42901	80009008	0090beb3	sltu	x29,x1,x9	  x1:0x08120000  x9:0xe9994728 x29=0x00000001
     429035.000 ns	     42902	8000900c	a2b64f93	xori	x31,x12,-1493	 x12:0x7fc00000 x31=0x803ffa2b
     429055.000 ns	     42904	80009010	d00877d3	fcvt.s.w	f15,x16	 x16:0x00000000 f15=0x00000000
     429095.000 ns	     42908	80009014	197034d3	fdiv.s	f9,f0,f23	  f0:0xcefff718 f23:0x00000000  f9=0xff800000
     429115.000 ns	     42910	80009018	41918eb3	sub	x29,x3,x25	  x3:0x00000000 x25:0x00000000 x29=0x00000000
     429125.000 ns	     42911	8000901c	003fe1b3	or	x3,x31,x3	 x31:0x803ffa2b  x3:0x00000000  x3=0x803ffa2b
     429145.000 ns	     42913	80009020	20c88b53	fsgnj.s	f22,f17,f12	 f17:0x9f350bb8 f12:0x7fc00000 f22=0x1f350bb8
     429175.000 ns	     42916	80009024	c008f053	fcvt.w.s	x0,f17	 f17:0x9f350bb8
     429195.000 ns	     42918	80009028	fc2b4b13	xori	x22,x22,-62	 x22:0xffffff15 x22=0x000000d7
     429205.000 ns	     42919	8000902c	00baf1b3	and	x3,x21,x11	 x21:0x803ffac5 x11:0x00000000  x3=0x00000000
     429225.000 ns	     42921	80009030	a14f0e53	fle.s	x28,f30,f20	 f30:0x00000000 f20:0xc4f14000 x28=0x00000000
     429265.000 ns	     42925	80009034	18e8bed3	fdiv.s	f29,f17,f14	 f17:0x9f350bb8 f14:0x00000000 f29=0xff800000
     429285.000 ns	     42927	80009038	40a1d093	srai	x1,x3,0xa	  x3:0x00000000  x1=0x00000000
     429305.000 ns	     42929	8000903c	d01b7ed3	fcvt.s.wu	f29,x22	 x22:0x000000d7 f29=0x43570000
     429675.000 ns	     42966	80009040	034af933	remu	x18,x21,x20	 x21:0x803ffac5 x20:0xe6791200 x18=0x803ffac5
     429725.000 ns	     42971	80009044	08f4f3d3	fsub.s	f7,f9,f15	  f9:0xff800000 f15:0x00000000  f7=0xff800000
     429745.000 ns	     42973	80009048	01b51333	sll	x6,x10,x27	 x10:0xf75ca184 x27:0x80040fe4  x6=0x75ca1840
     429765.000 ns	     42975	8000904c	f00b81d3	fmv.w.x	f3,x23	 x23:0x00000000  f3=0x00000000
     429785.000 ns	     42977	80009050	00000013	addi	x0,x0,0	  x0:0x00000000
     429795.000 ns	     42978	80009054	0004de33	srl	x28,x9,x0	  x9:0xe9994728  x0:0x00000000 x28=0xe9994728
     429805.000 ns	     42979	80009058	535ba913	slti	x18,x23,1333	 x23:0x00000000 x18=0x00000001
     429825.000 ns	     42981	8000905c	02d290b3	mulh	x1,x5,x13	  x5:0x80041024 x13:0x76c69000  x1=0xc49e9a97
     430195.000 ns	     43018	80009060	02ad5833	divu	x16,x26,x10	 x26:0xa1840000 x10:0xf75ca184 x16=0x00000000
     430215.000 ns	     43020	80009064	73466113	ori	x2,x12,1844	 x12:0x7fc00000  x2=0x7fc00734
     430235.000 ns	     43022	80009068	c004cd53	fcvt.w.s	x26,f9	  f9:0xff800000 x26=0x80000000
     430255.000 ns	     43024	8000906c	00da0333	add	x6,x20,x13	 x20:0xe6791200 x13:0x76c69000  x6=0x5d3fa200
     430285.000 ns	     43027	80009070	11db7f53	fmul.s	f30,f22,f29	 f22:0x1f350bb8 f29:0x43570000 f30=0x23180cd8
     430335.000 ns	     43032	80009074	00459153	fadd.s	f2,f11,f4	 f11:0x80000000  f4:0xcd0a35e7  f2=0xcd0a35e7
     430365.000 ns	     43035	80009078	03ddb5b3	mulhu	x11,x27,x29	 x27:0x80040fe4 x29:0x00000000 x11=0x00000000
     430385.000 ns	     43037	8000907c	1feb3fb7	lui	x31,0x1feb3	 x31=0x1feb3000
     430395.000 ns	     43038	80009080	4000d193	srai	x3,x1,0x0	  x1:0xc49e9a97  x3=0xc49e9a97
     430755.000 ns	     43074	80009084	02caf333	remu	x6,x21,x12	 x21:0x803ffac5 x12:0x7fc00000  x6=0x007ffac5
     430775.000 ns	     43076	80009088	0119a133	slt	x2,x19,x17	 x19:0xc8daba10 x17:0xfffffe1b  x2=0x00000001
     430785.000 ns	     43077	8000908c	4171df93	srai	x31,x3,0x17	  x3:0xc49e9a97 x31=0xffffff89
     430795.000 ns	     43078	80009090	4181d893	srai	x17,x3,0x18	  x3:0xc49e9a97 x17=0xffffffc4
     430805.000 ns	     43079	80009094	00074133	xor	x2,x14,x0	 x14:0x00000204  x0:0x00000000  x2=0x00000204
     431165.000 ns	     43115	80009098	02c8c333	div	x6,x17,x12	 x17:0xfffffe1b x12:0x7fc00000  x6=0x00000000
     431195.000 ns	     43118	8000909c	02942cb3	mulhsu	x25,x8,x9	  x8:0x7fc00000  x9:0xe9994728 x25=0x74923d42
     431225.000 ns	     43121	800090a0	a1e100d3	fle.s	x1,f2,f30	  f2:0xcd0a35e7 f30:0x23180cd8  x1=0x00000001
     431255.000 ns	     43124	800090a4	024429b3	mulhsu	x19,x8,x4	  x8:0x7fc00000  x4:0x00000000 x19=0x00000000
     431595.000 ns	     43158	800090a8	194aa153	fdiv.s	f2,f21,f20	 f21:0x4efff717 f20:0xc4f14000  f2=0xc984fc76
     431615.000 ns	     43160	800090ac	008a1613	slli	x12,x20,0x8	 x20:0xe6791200 x12=0x79120000
     431625.000 ns	     43161	800090b0	8aa82c13	slti	x24,x16,-1878	 x16:0x00000000 x24=0x00000000
     431645.000 ns	     43163	800090b4	e0080c53	fmv.x.w	x24,f16	 f16:0x00000000 x24=0x00000000
     431685.000 ns	     43167	800090b8	11d58253	fmul.s	f4,f11,f29	 f11:0x80000000 f29:0x43570000  f4=0x80000000
     431715.000 ns	     43170	800090bc	026538b3	mulhu	x17,x10,x6	 x10:0xf75ca184  x6:0x00000000 x17=0x00000000
     431735.000 ns	     43172	800090c0	d3efc493	xori	x9,x31,-706	 x31:0xffffff89  x9=0x000002b7
     431745.000 ns	     43173	800090c4	413054b3	sra	x9,x0,x19	  x0:0x00000000 x19:0x00000000  x9=0x00000000
     431765.000 ns	     43175	800090c8	030938b3	mulhu	x17,x18,x16	 x18:0x00000001 x16:0x00000000 x17=0x00000000
     431795.000 ns	     43178	800090cc	d01472d3	fcvt.s.wu	f5,x8	  x8:0x7fc00000  f5=0x4eff8000
     431825.000 ns	     43181	800090d0	a06f8b53	fle.s	x22,f31,f6	 f31:0x00000000  f6:0x7fc00000 x22=0x00000000
     431855.000 ns	     43184	800090d4	0205bf33	mulhu	x30,x11,x0	 x11:0x00000000  x0:0x00000000 x30=0x00000000
     431905.000 ns	     43189	800090d8	00f88253	fadd.s	f4,f17,f15	 f17:0x9f350bb8 f15:0x00000000  f4=0x9f350bb8
     431925.000 ns	     43191	800090dc	b6a08993	addi	x19,x1,-1174	  x1:0x00000001 x19=0xfffffb6b
     431935.000 ns	     43192	800090e0	d2eec613	xori	x12,x29,-722	 x29:0x00000000 x12=0xfffffd2e
     431945.000 ns	     43193	800090e4	f9502213	slti	x4,x0,-107	  x0:0x00000000  x4=0x00000000
     431985.000 ns	     43197	800090e8	08f69253	fsub.s	f4,f13,f15	 f13:0x00000000 f15:0x00000000  f4=0x80000000
     432005.000 ns	     43199	800090ec	00d786b3	add	x13,x15,x13	 x15:0xcefffcd2 x13:0x76c69000 x13=0x45c68cd2
     432025.000 ns	     43201	800090f0	a143ac53	feq.s	x24,f7,f20	  f7:0xff800000 f20:0xc4f14000 x24=0x00000000
     432055.000 ns	     43204	800090f4	0265ab33	mulhsu	x22,x11,x6	 x11:0x00000000  x6:0x00000000 x22=0x00000000
     432085.000 ns	     43207	800090f8	a1f32d53	feq.s	x26,f6,f31	  f6:0x7fc00000 f31:0x00000000 x26=0x00000000
     432115.000 ns	     43210	800090fc	28979653	fmax.s	f12,f15,f9	 f15:0x00000000  f9:0xff800000 f12=0x00000000
     432135.000 ns	     43212	80009100	dfcfdb97	auipc	x23,0xdfcfd	 x23=0x5fd06100
     432145.000 ns	     43213	80009104	00c9e8b3	or	x17,x19,x12	 x19:0xfffffb6b x12:0xfffffd2e x17=0xffffff6f
     432155.000 ns	     43214	80009108	c2f44c13	xori	x24,x8,-977	  x8:0x7fc00000 x24=0x803ffc2f
     432165.000 ns	     43215	8000910c	01fefcb3	and	x25,x29,x31	 x29:0x00000000 x31:0xffffff89 x25=0x00000000
     432185.000 ns	     43217	80009110	a13b07d3	fle.s	x15,f22,f19	 f22:0x1f350bb8 f19:0x7fc00000 x15=0x00000000
     432205.000 ns	     43219	80009114	00781f13	slli	x30,x16,0x7	 x16:0x00000000 x30=0x00000000
     432565.000 ns	     43255	80009118	0214d033	divu	x0,x9,x1	  x9:0x00000000  x1:0x00000001
     432595.000 ns	     43258	8000911c	a0238e53	fle.s	x28,f7,f2	  f7:0xff800000  f2:0xc984fc76 x28=0x00000001
     432625.000 ns	     43261	80009120	2076abd3	fsgnjx.s	f23,f13,f7	 f13:0x00000000  f7:0xff800000 f23=0x80000000
     432645.000 ns	     43263	80009124	53952493	slti	x9,x10,1337	 x10:0xf75ca184  x9=0x00000001
     432665.000 ns	     43265	80009128	020feab3	rem	x21,x31,x0	 x31:0xffffff89  x0:0x00000000 x21=0xffffff89
     432685.000 ns	     43267	8000912c	01af5b93	srli	x23,x30,0x1a	 x30:0x00000000 x23=0x00000000
     432705.000 ns	     43269	80009130	c0013bd3	fcvt.w.s	x23,f2	  f2:0xc984fc76 x23=0xffef6072
     432735.000 ns	     43272	80009134	e00697d3	fclass.s	x15,f13	 f13:0x00000000 x15=0x00000010
     432755.000 ns	     43274	80009138	005241b3	xor	x3,x4,x5	  x4:0x00000000  x5:0x80041024  x3=0x80041024
     432785.000 ns	     43277	8000913c	1883fd53	fdiv.s	f26,f7,f8	  f7:0xff800000  f8:0xcefff7df f26=0x7f800000
     432815.000 ns	     43280	80009140	033d0033	mul	x0,x26,x19	 x26:0x00000000 x19:0xfffffb6b
     432845.000 ns	     43283	80009144	20189ed3	fsgnjn.s	f29,f17,f1	 f17:0x9f350bb8  f1:0xf75ca184 f29=0x1f350bb8
     432875.000 ns	     43286	80009148	024a5fb3	divu	x31,x20,x4	 x20:0xe6791200  x4:0x00000000 x31=0xffffffff
     432895.000 ns	     43288	8000914c	4184d633	sra	x12,x9,x24	  x9:0x00000001 x24:0x803ffc2f x12=0x00000000
     432915.000 ns	     43290	80009150	02faaf33	mulhsu	x30,x21,x15	 x21:0xffffff89 x15:0x00000010 x30=0xffffffff
     432945.000 ns	     43293	80009154	f00e81d3	fmv.w.x	f3,x29	 x29:0x00000000  f3=0x00000000
     432965.000 ns	     43295	80009158	40a1d113	srai	x2,x3,0xa	  x3:0x80041024  x2=0xffe00104
     432975.000 ns	     43296	8000915c	e8c0b713	sltiu	x14,x1,-372	  x1:0x00000001 x14=0x00000001
     432985.000 ns	     43297	80009160	cd006113	ori	x2,x0,-816	  x0:0x00000000  x2=0xfffffcd0
     433005.000 ns	     43299	80009164	f0000cd3	fmv.w.x	f25,x0	  x0:0x00000000 f25=0x00000000
     433025.000 ns	     43301	80009168	00cb9633	sll	x12,x23,x12	 x23:0xffef6072 x12:0x00000000 x12=0xffef6072
     433035.000 ns	     43302	8000916c	400fd793	srai	x15,x31,0x0	 x31:0xffffffff x15=0xffffffff
     433055.000 ns	     43304	80009170	21759fd3	fsgnjn.s	f31,f11,f23	 f11:0x80000000 f23:0x80000000 f31=0x00000000
     433085.000 ns	     43307	80009174	027cb833	mulhu	x16,x25,x7	 x25:0x00000000  x7:0x0811fab8 x16=0x00000000
     433135.000 ns	     43312	80009178	01e688d3	fadd.s	f17,f13,f30	 f13:0x00000000 f30:0x23180cd8 f17=0x23180cd8
     433155.000 ns	     43314	8000917c	3e812817	auipc	x16,0x3e812	 x16=0xbe81b17c
     433165.000 ns	     43315	80009180	00000013	addi	x0,x0,0	  x0:0x00000000
     433185.000 ns	     43317	80009184	d01194d3	fcvt.s.wu	f9,x3	  x3:0x80041024  f9=0x4f000410
     433205.000 ns	     43319	80009188	00bd0c33	add	x24,x26,x11	 x26:0x00000000 x11:0x00000000 x24=0x00000000
     433215.000 ns	     43320	8000918c	00a35333	srl	x6,x6,x10	  x6:0x00000000 x10:0xf75ca184  x6=0x00000000
     433235.000 ns	     43322	80009190	c01519d3	fcvt.wu.s	x19,f10	 f10:0xc787c051 x19=0x00010f80
     433265.000 ns	     43325	80009194	21900e53	fsgnj.s	f28,f0,f25	  f0:0xcefff718 f25:0x00000000 f28=0x4efff718
     433295.000 ns	     43328	80009198	023bba33	mulhu	x20,x23,x3	 x23:0xffef6072  x3:0x80041024 x20=0x7ffbc019
     433325.000 ns	     43331	8000919c	d001f6d3	fcvt.s.w	f13,x3	  x3:0x80041024 f13=0xcefff7df
     433365.000 ns	     43335	800091a0	18e27153	fdiv.s	f2,f4,f14	  f4:0x80000000 f14:0x00000000  f2=0x7fc00000
     433415.000 ns	     43340	800091a4	01027ed3	fadd.s	f29,f4,f16	  f4:0x80000000 f16:0x00000000 f29=0x00000000
     433435.000 ns	     43342	800091a8	232ff313	andi	x6,x31,562	 x31:0xffffffff  x6=0x00000232
     433455.000 ns	     43344	800091ac	c01cfc53	fcvt.wu.s	x24,f25	 f25:0x00000000 x24=0x00000000
     433485.000 ns	     43347	800091b0	e0058ad3	fmv.x.w	x21,f11	 f11:0x80000000 x21=0x80000000
     433515.000 ns	     43350	800091b4	20799453	fsgnjn.s	f8,f19,f7	 f19:0x7fc00000  f7:0xff800000  f8=0x7fc00000
     433545.000 ns	     43353	800091b8	f00e89d3	fmv.w.x	f19,x29	 x29:0x00000000 f19=0x00000000
     433575.000 ns	     43356	800091bc	e0091653	fclass.s	x12,f18	 f18:0x4efff718 x12=0x00000040
     433605.000 ns	     43359	800091c0	03882133	mulhsu	x2,x16,x24	 x16:0xbe81b17c x24:0x00000000  x2=0x00000000
     433635.000 ns	     43362	800091c4	e00f0953	fmv.x.w	x18,f30	 f30:0x23180cd8 x18=0x23180cd8
     433655.000 ns	     43364	800091c8	01890f33	add	x30,x18,x24	 x18:0x00000001 x24:0x00000000 x30=0x23180cd8
     433675.000 ns	     43366	800091cc	e00919d3	fclass.s	x19,f18	 f18:0x4efff718 x19=0x00000040
     433695.000 ns	     43368	800091d0	0155dc33	srl	x24,x11,x21	 x11:0x00000000 x21:0x80000000 x24=0x00000000
     433715.000 ns	     43370	800091d4	f00887d3	fmv.w.x	f15,x17	 x17:0xffffff6f f15=0xffffff6f
     433745.000 ns	     43373	800091d8	a0232353	feq.s	x6,f6,f2	  f6:0x7fc00000  f2:0x7fc00000  x6=0x00000000
     433775.000 ns	     43376	800091dc	e00b05d3	fmv.x.w	x11,f22	 f22:0x1f350bb8 x11=0x1f350bb8
     434145.000 ns	     43413	800091e0	02a959b3	divu	x19,x18,x10	 x18:0x23180cd8 x10:0xf75ca184 x19=0x00000000
     434165.000 ns	     43415	800091e4	01ba07b3	add	x15,x20,x27	 x20:0x7ffbc019 x27:0x80040fe4 x15=0xffffcffd
     434175.000 ns	     43416	800091e8	0192e333	or	x6,x5,x25	  x5:0x80041024 x25:0x00000000  x6=0x80041024
     434195.000 ns	     43418	800091ec	c013bd53	fcvt.wu.s	x26,f7	  f7:0xff800000 x26=0x00000000
     434565.000 ns	     43455	800091f0	03c66e33	rem	x28,x12,x28	 x12:0x00000040 x28:0x00000001 x28=0x00000000
     434595.000 ns	     43458	800091f4	299f9fd3	fmax.s	f31,f31,f25	 f31:0x00000000 f25:0x00000000 f31=0x00000000
     434615.000 ns	     43460	800091f8	b85a6f93	ori	x31,x20,-1147	 x20:0x7ffbc019 x31=0xfffffb9d
     434655.000 ns	     43464	800091fc	09b61553	fsub.s	f10,f12,f27	 f12:0x00000000 f27:0x3f800000 f10=0xbf800000
     434675.000 ns	     43466	80009200	00791793	slli	x15,x18,0x7	 x18:0x23180cd8 x15=0x8c066c00
     434695.000 ns	     43468	80009204	d00f7a53	fcvt.s.w	f20,x30	 x30:0x23180cd8 f20=0x4e0c6033
     434715.000 ns	     43470	80009208	bb388ab7	lui	x21,0xbb388	 x21=0xbb388000
     434735.000 ns	     43472	8000920c	a09f2ed3	feq.s	x29,f30,f9	 f30:0x23180cd8  f9:0x4f000410 x29=0x00000000
     434765.000 ns	     43475	80009210	a1aa80d3	fle.s	x1,f21,f26	 f21:0x4efff717 f26:0x7f800000  x1=0x00000001
     434815.000 ns	     43480	80009214	09457b53	fsub.s	f22,f10,f20	 f10:0xbf800000 f20:0x4e0c6033 f22=0xce0c6033
     434845.000 ns	     43483	80009218	f00e0a53	fmv.w.x	f20,x28	 x28:0x00000000 f20=0x00000000
     434865.000 ns	     43485	8000921c	00617bb3	and	x23,x2,x6	  x2:0x00000000  x6:0x80041024 x23=0x00000000
     434875.000 ns	     43486	80009220	417e5233	sra	x4,x28,x23	 x28:0x00000000 x23:0xffef6072  x4=0x00000000
     434895.000 ns	     43488	80009224	030f17b3	mulh	x15,x30,x16	 x30:0x23180cd8 x16:0xbe81b17c x15=0xf7059423
     434945.000 ns	     43493	80009228	08790ad3	fsub.s	f21,f18,f7	 f18:0x4efff718  f7:0xff800000 f21=0x7f800000
     434985.000 ns	     43497	8000922c	110b07d3	fmul.s	f15,f22,f16	 f22:0xce0c6033 f16:0x00000000 f15=0x80000000
     435355.000 ns	     43534	80009230	027a7eb3	remu	x29,x20,x7	 x20:0x7ffbc019  x7:0x0811fab8 x29=0x06ee0f51
     435385.000 ns	     43537	80009234	e0069a53	fclass.s	x20,f13	 f13:0xcefff7df x20=0x00000002
     435405.000 ns	     43539	80009238	00409313	slli	x6,x1,0x4	  x1:0x00000001  x6=0x00000010
     435425.000 ns	     43541	8000923c	a0349953	flt.s	x18,f9,f3	  f9:0x4f000410  f3:0x00000000 x18=0x00000000
     435455.000 ns	     43544	80009240	e00297d3	fclass.s	x15,f5	  f5:0x4eff8000 x15=0x00000040
     435475.000 ns	     43546	80009244	14a02a93	slti	x21,x0,330	  x0:0x00000000 x21=0x00000001
     435495.000 ns	     43548	80009248	a0d911d3	flt.s	x3,f18,f13	 f18:0x4efff718 f13:0xcefff7df  x3=0x00000000
     435515.000 ns	     43550	8000924c	00e62eb3	slt	x29,x12,x14	 x12:0x00000040 x14:0x00000001 x29=0x00000000
     435525.000 ns	     43551	80009250	900a1837	lui	x16,0x900a1	 x16=0x900a1000
     435545.000 ns	     43553	80009254	f00c8ad3	fmv.w.x	f21,x25	 x25:0x00000000 f21=0x00000000
     435915.000 ns	     43590	80009258	02a151b3	divu	x3,x2,x10	  x2:0x00000000 x10:0xf75ca184  x3=0x00000000
     435945.000 ns	     43593	8000925c	e0020c53	fmv.x.w	x24,f4	  f4:0x80000000 x24=0x80000000
     435965.000 ns	     43595	80009260	b5186937	lui	x18,0xb5186	 x18=0xb5186000
     435975.000 ns	     43596	80009264	418d5c33	sra	x24,x26,x24	 x26:0x00000000 x24:0x80000000 x24=0x00000000
     435985.000 ns	     43597	80009268	0183c5b3	xor	x11,x7,x24	  x7:0x0811fab8 x24:0x80000000 x11=0x0811fab8
     436345.000 ns	     43633	8000926c	029acf33	div	x30,x21,x9	 x21:0x00000001  x9:0x00000001 x30=0x00000001
     436715.000 ns	     43670	80009270	02dd6033	rem	x0,x26,x13	 x26:0x00000000 x13:0x45c68cd2
     436735.000 ns	     43672	80009274	27201737	lui	x14,0x27201	 x14=0x27201000
     436745.000 ns	     43673	80009278	05946e37	lui	x28,0x5946	 x28=0x05946000
     436765.000 ns	     43675	8000927c	a110a0d3	feq.s	x1,f1,f17	  f1:0xf75ca184 f17:0x23180cd8  x1=0x00000000
     436785.000 ns	     43677	80009280	01a05f33	srl	x30,x0,x26	  x0:0x00000000 x26:0x00000000 x30=0x00000000
     437145.000 ns	     43713	80009284	02fdd5b3	divu	x11,x27,x15	 x27:0x80040fe4 x15:0x00000040 x11=0x0200103f
     437185.000 ns	     43717	80009288	58007e53	fsqrt.s	f28,f0	  f0:0xcefff718 f28=0x7fc00000
     437205.000 ns	     43719	8000928c	01ef3733	sltu	x14,x30,x30	 x30:0x00000000 x30:0x00000000 x14=0x00000000
     437225.000 ns	     43721	80009290	206186d3	fsgnj.s	f13,f3,f6	  f3:0x00000000  f6:0x7fc00000 f13=0x00000000
     437255.000 ns	     43724	80009294	d0011dd3	fcvt.s.w	f27,x2	  x2:0x00000000 f27=0x00000000
     437275.000 ns	     43726	80009298	01f1b4b3	sltu	x9,x3,x31	  x3:0x00000000 x31:0xfffffb9d  x9=0x00000001
     437295.000 ns	     43728	8000929c	02efc7b3	div	x15,x31,x14	 x31:0xfffffb9d x14:0x00000000 x15=0xffffffff
     437315.000 ns	     43730	800092a0	0156d693	srli	x13,x13,0x15	 x13:0x45c68cd2 x13=0x0000022e
     437325.000 ns	     43731	800092a4	00b9e9b3	or	x19,x19,x11	 x19:0x00000000 x11:0x0200103f x19=0x0200103f
     437335.000 ns	     43732	800092a8	8a75e093	ori	x1,x11,-1881	 x11:0x0200103f  x1=0xfffff8bf
     437355.000 ns	     43734	800092ac	03fe3bb3	mulhu	x23,x28,x31	 x28:0x05946000 x31:0xfffffb9d x23=0x05945fe7
     437375.000 ns	     43736	800092b0	05932a37	lui	x20,0x5932	 x20=0x05932000
     437385.000 ns	     43737	800092b4	003820b3	slt	x1,x16,x3	 x16:0x900a1000  x3:0x00000000  x1=0x00000001
     437405.000 ns	     43739	800092b8	029c36b3	mulhu	x13,x24,x9	 x24:0x00000000  x9:0x00000001 x13=0x00000000
     437435.000 ns	     43742	800092bc	a08f0853	fle.s	x16,f30,f8	 f30:0x23180cd8  f8:0x7fc00000 x16=0x00000000
     437455.000 ns	     43744	800092c0	01061413	slli	x8,x12,0x10	 x12:0x00000040  x8=0x00400000
     437465.000 ns	     43745	800092c4	6c30ff93	andi	x31,x1,1731	  x1:0x00000001 x31=0x00000001
     437485.000 ns	     43747	800092c8	02234933	div	x18,x6,x2	  x6:0x00000010  x2:0x00000000 x18=0xffffffff
     437515.000 ns	     43750	800092cc	e0009453	fclass.s	x8,f1	  f1:0xf75ca184  x8=0x00000002
     437555.000 ns	     43754	800092d0	101bf753	fmul.s	f14,f23,f1	 f23:0x80000000  f1:0xf75ca184 f14=0x00000000
     437585.000 ns	     43757	800092d4	d009f3d3	fcvt.s.w	f7,x19	 x19:0x0200103f  f7=0x4c00040f
     437605.000 ns	     43759	800092d8	01e45a13	srli	x20,x8,0x1e	  x8:0x00000002 x20=0x00000000
     437615.000 ns	     43760	800092dc	002c5093	srli	x1,x24,0x2	 x24:0x00000000  x1=0x00000000
     438785.000 ns	     43877	800092e0	580385d3	fsqrt.s	f11,f7	  f7:0x4c00040f f11=0x45350a40
     438815.000 ns	     43880	800092e4	20c52053	fsgnjx.s	f0,f10,f12	 f10:0xbf800000 f12:0x00000000  f0=0xbf800000
     438845.000 ns	     43883	800092e8	d00bf9d3	fcvt.s.w	f19,x23	 x23:0x05945fe7 f19=0x4cb28bfc
     438865.000 ns	     43885	800092ec	00a45633	srl	x12,x8,x10	  x8:0x00000002 x10:0xf75ca184 x12=0x00000000
     438885.000 ns	     43887	800092f0	03eebe33	mulhu	x28,x29,x30	 x29:0x00000000 x30:0x00000000 x28=0x00000000
     438915.000 ns	     43890	800092f4	290c9153	fmax.s	f2,f25,f16	 f25:0x00000000 f16:0x00000000  f2=0x00000000
     438935.000 ns	     43892	800092f8	05a6ac13	slti	x24,x13,90	 x13:0x00000000 x24=0x00000001
     438955.000 ns	     43894	800092fc	03eddfb3	divu	x31,x27,x30	 x27:0x80040fe4 x30:0x00000000 x31=0xffffffff
     438975.000 ns	     43896	80009300	40f35bb3	sra	x23,x6,x15	  x6:0x00000010 x15:0xffffffff x23=0x00000000
     438995.000 ns	     43898	80009304	03a969b3	rem	x19,x18,x26	 x18:0xffffffff x26:0x00000000 x19=0xffffffff
     439025.000 ns	     43901	80009308	d0011ed3	fcvt.s.w	f29,x2	  x2:0x00000000 f29=0x00000000
     439045.000 ns	     43903	8000930c	01f094b3	sll	x9,x1,x31	  x1:0x00000000 x31:0xffffffff  x9=0x00000000
     439055.000 ns	     43904	80009310	d3182913	slti	x18,x16,-719	 x16:0x00000000 x18=0x00000000
     439075.000 ns	     43906	80009314	a0bf19d3	flt.s	x19,f30,f11	 f30:0x23180cd8 f11:0x45350a40 x19=0x00000001
     439095.000 ns	     43908	80009318	40835f13	srai	x30,x6,0x8	  x6:0x00000010 x30=0x00000000
     439115.000 ns	     43910	8000931c	03dabf33	mulhu	x30,x21,x29	 x21:0x00000001 x29:0x00000000 x30=0x00000000
     439485.000 ns	     43947	80009320	03807eb3	remu	x29,x0,x24	  x0:0x00000000 x24:0x00000001 x29=0x00000000
     439515.000 ns	     43950	80009324	21d896d3	fsgnjn.s	f13,f17,f29	 f17:0x23180cd8 f29:0x00000000 f13=0xa3180cd8
     439545.000 ns	     43953	80009328	03d7c4b3	div	x9,x15,x29	 x15:0xffffffff x29:0x00000000  x9=0xffffffff
     439575.000 ns	     43956	8000932c	c0114ad3	fcvt.wu.s	x21,f2	  f2:0x00000000 x21=0x00000000
     439595.000 ns	     43958	80009330	00000013	addi	x0,x0,0	  x0:0x00000000
     439615.000 ns	     43960	80009334	e0071253	fclass.s	x4,f14	 f14:0x00000000  x4=0x00000010
     439645.000 ns	     43963	80009338	03c86d33	rem	x26,x16,x28	 x16:0x00000000 x28:0x00000000 x26=0x00000000
     439665.000 ns	     43965	8000933c	01711313	slli	x6,x2,0x17	  x2:0x00000000  x6=0x00000000
     439685.000 ns	     43967	80009340	21a2a1d3	fsgnjx.s	f3,f5,f26	  f5:0x4eff8000 f26:0x7f800000  f3=0x4eff8000
     439725.000 ns	     43971	80009344	191a42d3	fdiv.s	f5,f20,f17	 f20:0x00000000 f17:0x23180cd8  f5=0x00000000
     439745.000 ns	     43973	80009348	014074b3	and	x9,x0,x20	  x0:0x00000000 x20:0x00000000  x9=0x00000000
     439765.000 ns	     43975	8000934c	a13e8d53	fle.s	x26,f29,f19	 f29:0x00000000 f19:0x4cb28bfc x26=0x00000001
     439795.000 ns	     43978	80009350	d00571d3	fcvt.s.w	f3,x10	 x10:0xf75ca184  f3=0xcd0a35e7
     439815.000 ns	     43980	80009354	4118dab3	sra	x21,x17,x17	 x17:0xffffff6f x17:0xffffff6f x21=0xffffffff
     439835.000 ns	     43982	80009358	218f1c53	fsgnjn.s	f24,f30,f24	 f30:0x23180cd8 f24:0x7fc00000 f24=0xa3180cd8
     439855.000 ns	     43984	8000935c	018e5333	srl	x6,x28,x24	 x28:0x00000000 x24:0x00000001  x6=0x00000000
     439875.000 ns	     43986	80009360	a0ffa6d3	feq.s	x13,f31,f15	 f31:0x00000000 f15:0x80000000 x13=0x00000001
     440245.000 ns	     44023	80009364	031f54b3	divu	x9,x30,x17	 x30:0x00000000 x17:0xffffff6f  x9=0x00000000
     440275.000 ns	     44026	80009368	e0031153	fclass.s	x2,f6	  f6:0x7fc00000  x2=0x00000200
     440305.000 ns	     44029	8000936c	03b5b3b3	mulhu	x7,x11,x27	 x11:0x0200103f x27:0x80040fe4  x7=0x0100103f
     440335.000 ns	     44032	80009370	21a92a53	fsgnjx.s	f20,f18,f26	 f18:0x4efff718 f26:0x7f800000 f20=0x4efff718
     440355.000 ns	     44034	80009374	f6300093	addi	x1,x0,-157	  x0:0x00000000  x1=0xffffff63
     440375.000 ns	     44036	80009378	d015f053	fcvt.s.wu	f0,x11	 x11:0x0200103f  f0=0x4c00040f
     440405.000 ns	     44039	8000937c	a1819353	flt.s	x6,f3,f24	  f3:0xcd0a35e7 f24:0xa3180cd8  x6=0x00000001
     440425.000 ns	     44041	80009380	000c6833	or	x16,x24,x0	 x24:0x00000001  x0:0x00000000 x16=0x00000001
     440445.000 ns	     44043	80009384	d003ffd3	fcvt.s.w	f31,x7	  x7:0x0100103f f31=0x4b80081f
     440465.000 ns	     44045	80009388	003ac333	xor	x6,x21,x3	 x21:0xffffffff  x3:0x00000000  x6=0xffffffff
     440475.000 ns	     44046	8000938c	00cf8e33	add	x28,x31,x12	 x31:0xffffffff x12:0x00000000 x28=0xffffffff
     440485.000 ns	     44047	80009390	01f09013	slli	x0,x1,0x1f	  x1:0xffffff63
     440505.000 ns	     44049	80009394	023576b3	remu	x13,x10,x3	 x10:0xf75ca184  x3:0x00000000 x13=0xf75ca184
     440535.000 ns	     44052	80009398	20e7af53	fsgnjx.s	f30,f15,f14	 f15:0x80000000 f14:0x00000000 f30=0x80000000
     440565.000 ns	     44055	8000939c	f00b8653	fmv.w.x	f12,x23	 x23:0x00000000 f12=0x00000000
     440935.000 ns	     44092	800093a0	0317dfb3	divu	x31,x15,x17	 x15:0xffffffff x17:0xffffff6f x31=0x00000001
     440965.000 ns	     44095	800093a4	f0010753	fmv.w.x	f14,x2	  x2:0x00000200 f14=0x00000200
     440985.000 ns	     44097	800093a8	a850a693	slti	x13,x1,-1403	  x1:0xffffff63 x13=0x00000000
     441005.000 ns	     44099	800093ac	0392dab3	divu	x21,x5,x25	  x5:0x80041024 x25:0x00000000 x21=0xffffffff
     441025.000 ns	     44101	800093b0	007fa833	slt	x16,x31,x7	 x31:0x00000001  x7:0x0100103f x16=0x00000001
     441045.000 ns	     44103	800093b4	a0e7a653	feq.s	x12,f15,f14	 f15:0x80000000 f14:0x00000200 x12=0x00000000
     441065.000 ns	     44105	800093b8	41975c93	srai	x25,x14,0x19	 x14:0x00000000 x25=0x00000000
     441085.000 ns	     44107	800093bc	d0142dd3	fcvt.s.wu	f27,x8	  x8:0x00000002 f27=0x40000000
     441105.000 ns	     44109	800093c0	002261b3	or	x3,x4,x2	  x4:0x00000010  x2:0x00000200  x3=0x00000210
     441125.000 ns	     44111	800093c4	209c19d3	fsgnjn.s	f19,f24,f9	 f24:0xa3180cd8  f9:0x4f000410 f19=0xa3180cd8
     441145.000 ns	     44113	800093c8	0ceb3813	sltiu	x16,x22,206	 x22:0x00000000 x16=0x00000001
     441165.000 ns	     44115	800093cc	d016c853	fcvt.s.wu	f16,x13	 x13:0x00000000 f16=0x00000000
     441185.000 ns	     44117	800093d0	01f5f3b3	and	x7,x11,x31	 x11:0x0200103f x31:0x00000001  x7=0x00000001
     441215.000 ns	     44120	800093d4	5809f0d3	fsqrt.s	f1,f19	 f19:0xa3180cd8  f1=0x7fc00000
     441245.000 ns	     44123	800093d8	e0049e53	fclass.s	x28,f9	  f9:0x4f000410 x28=0x00000040
     441265.000 ns	     44125	800093dc	016f4633	xor	x12,x30,x22	 x30:0x00000000 x22:0x00000000 x12=0x00000000
     441275.000 ns	     44126	800093e0	00a74b33	xor	x22,x14,x10	 x14:0x00000000 x10:0xf75ca184 x22=0xf75ca184
     441295.000 ns	     44128	800093e4	d019c853	fcvt.s.wu	f16,x19	 x19:0x00000001 f16=0x3f800000
     441325.000 ns	     44131	800093e8	c01b75d3	fcvt.wu.s	x11,f22	 f22:0xce0c6033 x11=0x23180cc0
     441375.000 ns	     44136	800093ec	087d7153	fsub.s	f2,f26,f7	 f26:0x7f800000  f7:0x4c00040f  f2=0x7f800000
     441395.000 ns	     44138	800093f0	bde9b897	auipc	x17,0xbde9b	 x17=0x3dea43f0
     441415.000 ns	     44140	800093f4	e0020353	fmv.x.w	x6,f4	  f4:0x80000000  x6=0x80000000
     441435.000 ns	     44142	800093f8	0044c133	xor	x2,x9,x4	  x9:0x00000000  x4:0x00000010  x2=0x00000010
     441455.000 ns	     44144	800093fc	284f06d3	fmin.s	f13,f30,f4	 f30:0x80000000  f4:0x80000000 f13=0x80000000
     441485.000 ns	     44147	80009400	a05f85d3	fle.s	x11,f31,f5	 f31:0x4b80081f  f5:0x00000000 x11=0x00000000
     441505.000 ns	     44149	80009404	017b9313	slli	x6,x23,0x17	 x23:0x00000000  x6=0x00000000
     441525.000 ns	     44151	80009408	a1a82d53	feq.s	x26,f16,f26	 f16:0x3f800000 f26:0x7f800000 x26=0x00000000
     441555.000 ns	     44154	8000940c	21740dd3	fsgnj.s	f27,f8,f23	  f8:0x7fc00000 f23:0x80000000 f27=0xffc00000
     441585.000 ns	     44157	80009410	205c1ad3	fsgnjn.s	f21,f24,f5	 f24:0xa3180cd8  f5:0x00000000 f21=0xa3180cd8
     441605.000 ns	     44159	80009414	00000013	addi	x0,x0,0	  x0:0x00000000
     441625.000 ns	     44161	80009418	f0070953	fmv.w.x	f18,x14	 x14:0x00000000 f18=0x00000000
     441645.000 ns	     44163	8000941c	3070e193	ori	x3,x1,775	  x1:0xffffff63  x3=0xffffff67
     441665.000 ns	     44165	80009420	02ceeab3	rem	x21,x29,x12	 x29:0x00000000 x12:0x00000000 x21=0x00000000
     441685.000 ns	     44167	80009424	00000013	addi	x0,x0,0	  x0:0x00000000
     441695.000 ns	     44168	80009428	00000013	addi	x0,x0,0	  x0:0x00000000
     441725.000 ns	     44171	8000942c	580e7e53	fsqrt.s	f28,f28	 f28:0x7fc00000 f28=0x7fc00000
     441755.000 ns	     44174	80009430	21a8a053	fsgnjx.s	f0,f17,f26	 f17:0x23180cd8 f26:0x7f800000  f0=0x23180cd8
     442125.000 ns	     44211	80009434	03c747b3	div	x15,x14,x28	 x14:0x00000000 x28:0x00000040 x15=0x00000000
     442155.000 ns	     44214	80009438	d0112b53	fcvt.s.wu	f22,x2	  x2:0x00000010 f22=0x41800000
     442185.000 ns	     44217	8000943c	a1e72853	feq.s	x16,f14,f30	 f14:0x00000200 f30:0x80000000 x16=0x00000000
     442215.000 ns	     44220	80009440	02ce9333	mulh	x6,x29,x12	 x29:0x00000000 x12:0x00000000  x6=0x00000000
     442235.000 ns	     44222	80009444	e374c313	xori	x6,x9,-457	  x9:0x00000000  x6=0xfffffe37
     442245.000 ns	     44223	80009448	18914613	xori	x12,x2,393	  x2:0x00000010 x12=0x00000199
     442265.000 ns	     44225	8000944c	d0111053	fcvt.s.wu	f0,x2	  x2:0x00000010  f0=0x41800000
     442285.000 ns	     44227	80009450	40c08733	sub	x14,x1,x12	  x1:0xffffff63 x12:0x00000000 x14=0xfffffdca
     442305.000 ns	     44229	80009454	c01dfad3	fcvt.wu.s	x21,f27	 f27:0xffc00000 x21=0xffffffff
     442325.000 ns	     44231	80009458	d8cd7013	andi	x0,x26,-628	 x26:0x00000000
     442335.000 ns	     44232	8000945c	a8622993	slti	x19,x4,-1402	  x4:0x00000010 x19=0x00000000
     442355.000 ns	     44234	80009460	e00297d3	fclass.s	x15,f5	  f5:0x00000000 x15=0x00000010
     442385.000 ns	     44237	80009464	a15390d3	flt.s	x1,f7,f21	  f7:0x4c00040f f21:0xa3180cd8  x1=0x00000000
     442405.000 ns	     44239	80009468	00e73fb3	sltu	x31,x14,x14	 x14:0xfffffdca x14:0xfffffdca x31=0x00000000
     442415.000 ns	     44240	8000946c	0182bfb3	sltu	x31,x5,x24	  x5:0x80041024 x24:0x00000001 x31=0x00000000
     442435.000 ns	     44242	80009470	c01a75d3	fcvt.wu.s	x11,f20	 f20:0x4efff718 x11=0x7ffb8c00
     442455.000 ns	     44244	80009474	9b578d17	auipc	x26,0x9b578	 x26=0x1b581474
     442465.000 ns	     44245	80009478	015788b3	add	x17,x15,x21	 x15:0x00000010 x21:0xffffffff x17=0x0000000f
     442485.000 ns	     44247	8000947c	28881e53	fmax.s	f28,f16,f8	 f16:0x3f800000  f8:0x7fc00000 f28=0x3f800000
     442515.000 ns	     44250	80009480	28a18c53	fmin.s	f24,f3,f10	  f3:0xcd0a35e7 f10:0xbf800000 f24=0xcd0a35e7
     442535.000 ns	     44252	80009484	00fc9d33	sll	x26,x25,x15	 x25:0x00000000 x15:0x00000010 x26=0x00000000
     442555.000 ns	     44254	80009488	a0cf0653	fle.s	x12,f30,f12	 f30:0x80000000 f12:0x00000000 x12=0x00000001
     442575.000 ns	     44256	8000948c	00f24113	xori	x2,x4,15	  x4:0x00000010  x2=0x0000001f
     442595.000 ns	     44258	80009490	d019b453	fcvt.s.wu	f8,x19	 x19:0x00000000  f8=0x00000000
     442625.000 ns	     44261	80009494	a1b7a0d3	feq.s	x1,f15,f27	 f15:0x80000000 f27:0xffc00000  x1=0x00000000
     442645.000 ns	     44263	80009498	402f0a33	sub	x20,x30,x2	 x30:0x00000000  x2:0x0000001f x20=0xffffffe1
     443005.000 ns	     44299	8000949c	03bef3b3	remu	x7,x29,x27	 x29:0x00000000 x27:0x80040fe4  x7=0x00000000
     443375.000 ns	     44336	800094a0	024de5b3	rem	x11,x27,x4	 x27:0x80040fe4  x4:0x00000010 x11=0xfffffff4
     443405.000 ns	     44339	800094a4	03771e33	mulh	x28,x14,x23	 x14:0xfffffdca x23:0x00000000 x28=0x00000000
     443435.000 ns	     44342	800094a8	e00b1f53	fclass.s	x30,f22	 f22:0x41800000 x30=0x00000040
     443805.000 ns	     44379	800094ac	0262f8b3	remu	x17,x5,x6	  x5:0x80041024  x6:0xfffffe37 x17=0x80041024
     443845.000 ns	     44383	800094b0	188cfad3	fdiv.s	f21,f25,f8	 f25:0x00000000  f8:0x00000000 f21=0x7fc00000
     443875.000 ns	     44386	800094b4	03e20133	mul	x2,x4,x30	  x4:0x00000010 x30:0x00000040  x2=0x00000400
     443895.000 ns	     44388	800094b8	00e9c1b3	xor	x3,x19,x14	 x19:0x00000000 x14:0xfffffdca  x3=0xfffffdca
     443915.000 ns	     44390	800094bc	28a88553	fmin.s	f10,f17,f10	 f17:0x23180cd8 f10:0xbf800000 f10=0xbf800000
     443945.000 ns	     44393	800094c0	e00507d3	fmv.x.w	x15,f10	 f10:0xbf800000 x15=0xbf800000
     443975.000 ns	     44396	800094c4	02659633	mulh	x12,x11,x6	 x11:0xfffffff4  x6:0xfffffe37 x12=0x00000000
     444005.000 ns	     44399	800094c8	02e687b3	mul	x15,x13,x14	 x13:0x00000000 x14:0xfffffdca x15=0x00000000
     444025.000 ns	     44401	800094cc	40415493	srai	x9,x2,0x4	  x2:0x00000400  x9=0x00000040
     444035.000 ns	     44402	800094d0	002b9b33	sll	x22,x23,x2	 x23:0x00000000  x2:0x00000400 x22=0x00000000
     444055.000 ns	     44404	800094d4	20bf8253	fsgnj.s	f4,f31,f11	 f31:0x4b80081f f11:0x45350a40  f4=0x4b80081f
     444095.000 ns	     44408	800094d8	199b7dd3	fdiv.s	f27,f22,f25	 f22:0x41800000 f25:0x00000000 f27=0x7f800000
     444125.000 ns	     44411	800094dc	c017f753	fcvt.wu.s	x14,f15	 f15:0x80000000 x14=0x00000000
     444155.000 ns	     44414	800094e0	e0080fd3	fmv.x.w	x31,f16	 f16:0x3f800000 x31=0x3f800000
     444185.000 ns	     44417	800094e4	a13f8253	fle.s	x4,f31,f19	 f31:0x4b80081f f19:0xa3180cd8  x4=0x00000000
     444215.000 ns	     44420	800094e8	c0017e53	fcvt.w.s	x28,f2	  f2:0x7f800000 x28=0x7fffffff
     444245.000 ns	     44423	800094ec	02c0a9b3	mulhsu	x19,x1,x12	  x1:0x00000000 x12:0x00000000 x19=0x00000000
     444275.000 ns	     44426	800094f0	029d2633	mulhsu	x12,x26,x9	 x26:0x00000000  x9:0x00000040 x12=0x00000000
     444295.000 ns	     44428	800094f4	00396933	or	x18,x18,x3	 x18:0x00000000  x3:0xfffffdca x18=0xfffffdca
     444315.000 ns	     44430	800094f8	a0910153	fle.s	x2,f2,f9	  f2:0x7f800000  f9:0x4f000410  x2=0x00000000
     444335.000 ns	     44432	800094fc	402f0c33	sub	x24,x30,x2	 x30:0x00000040  x2:0x00000400 x24=0x00000040
     444355.000 ns	     44434	80009500	02097fb3	remu	x31,x18,x0	 x18:0xfffffdca  x0:0x00000000 x31=0xfffffdca
     444375.000 ns	     44436	80009504	01e7ce33	xor	x28,x15,x30	 x15:0x00000000 x30:0x00000040 x28=0x00000040
     444385.000 ns	     44437	80009508	00000013	addi	x0,x0,0	  x0:0x00000000
     444405.000 ns	     44439	8000950c	21a9a753	fsgnjx.s	f14,f19,f26	 f19:0xa3180cd8 f26:0x7f800000 f14=0xa3180cd8
     444425.000 ns	     44441	80009510	4146d593	srai	x11,x13,0x14	 x13:0x00000000 x11=0x00000000
     444445.000 ns	     44443	80009514	e00d14d3	fclass.s	x9,f26	 f26:0x7f800000  x9=0x00000080
     444465.000 ns	     44445	80009518	f579b713	sltiu	x14,x19,-169	 x19:0x00000000 x14=0x00000001
     444485.000 ns	     44447	8000951c	c0117a53	fcvt.wu.s	x20,f2	  f2:0x7f800000 x20=0xffffffff
     444505.000 ns	     44449	80009520	f7014b93	xori	x23,x2,-144	  x2:0x00000000 x23=0xffffff70
     444515.000 ns	     44450	80009524	c77e3737	lui	x14,0xc77e3	 x14=0xc77e3000
     444535.000 ns	     44452	80009528	a0729bd3	flt.s	x23,f5,f7	  f5:0x00000000  f7:0x4c00040f x23=0x00000001
     444565.000 ns	     44455	8000952c	d001f3d3	fcvt.s.w	f7,x3	  x3:0xfffffdca  f7=0xc40d8000
     444595.000 ns	     44458	80009530	a14c03d3	fle.s	x7,f24,f20	 f24:0xcd0a35e7 f20:0x4efff718  x7=0x00000001
     444625.000 ns	     44461	80009534	a0c493d3	flt.s	x7,f9,f12	  f9:0x4f000410 f12:0x00000000  x7=0x00000000
     444645.000 ns	     44463	80009538	7021a117	auipc	x2,0x7021a	  x2=0xf0223538
     444685.000 ns	     44467	8000953c	00ce3c53	fadd.s	f24,f28,f12	 f28:0x3f800000 f12:0x00000000 f24=0x3f800000
     444715.000 ns	     44470	80009540	033afa33	remu	x20,x21,x19	 x21:0xffffffff x19:0x00000000 x20=0xffffffff
     444735.000 ns	     44472	80009544	00000013	addi	x0,x0,0	  x0:0x00000000
     445905.000 ns	     44589	80009548	58027a53	fsqrt.s	f20,f4	  f4:0x4b80081f f20=0x458003e8
     445925.000 ns	     44591	8000954c	00000013	addi	x0,x0,0	  x0:0x00000000
     445935.000 ns	     44592	80009550	00c8a633	slt	x12,x17,x12	 x17:0x80041024 x12:0x00000000 x12=0x00000001
     445945.000 ns	     44593	80009554	00000013	addi	x0,x0,0	  x0:0x00000000
     445985.000 ns	     44597	80009558	01ce0f53	fadd.s	f30,f28,f28	 f28:0x3f800000 f28:0x3f800000 f30=0x40000000
     446015.000 ns	     44600	8000955c	d0167253	fcvt.s.wu	f4,x12	 x12:0x00000001  f4=0x3f800000
     446035.000 ns	     44602	80009560	01115f93	srli	x31,x2,0x11	  x2:0xf0223538 x31=0x00007811
     446055.000 ns	     44604	80009564	294109d3	fmin.s	f19,f2,f20	  f2:0x7f800000 f20:0x458003e8 f19=0x458003e8
     446085.000 ns	     44607	80009568	030cbe33	mulhu	x28,x25,x16	 x25:0x00000000 x16:0x00000000 x28=0x00000000
     446105.000 ns	     44609	8000956c	01853933	sltu	x18,x10,x24	 x10:0xf75ca184 x24:0x00000040 x18=0x00000000
     446125.000 ns	     44611	80009570	f00f8653	fmv.w.x	f12,x31	 x31:0x00007811 f12=0x00007811
     446155.000 ns	     44614	80009574	21df9353	fsgnjn.s	f6,f31,f29	 f31:0x4b80081f f29:0x00000000  f6=0xcb80081f
     446175.000 ns	     44616	80009578	41025393	srai	x7,x4,0x10	  x4:0x00000000  x7=0x00000000
     446185.000 ns	     44617	8000957c	5f52fa93	andi	x21,x5,1525	  x5:0x80041024 x21=0x00000024
     446205.000 ns	     44619	80009580	c0087e53	fcvt.w.s	x28,f16	 f16:0x3f800000 x28=0x00000001
     446225.000 ns	     44621	80009584	0701b813	sltiu	x16,x3,112	  x3:0xfffffdca x16=0x00000000
     446235.000 ns	     44622	80009588	06e2c693	xori	x13,x5,110	  x5:0x80041024 x13=0x8004104a
     446255.000 ns	     44624	8000958c	c01b7fd3	fcvt.wu.s	x31,f22	 f22:0x41800000 x31=0x00000010
     446595.000 ns	     44658	80009590	190f0e53	fdiv.s	f28,f30,f16	 f30:0x40000000 f16:0x3f800000 f28=0x3fffff38
     446625.000 ns	     44661	80009594	28898b53	fmin.s	f22,f19,f8	 f19:0x458003e8  f8:0x00000000 f22=0x00000000
     446645.000 ns	     44663	80009598	01897d33	and	x26,x18,x24	 x18:0x00000000 x24:0x00000040 x26=0x00000000
     446655.000 ns	     44664	8000959c	00000013	addi	x0,x0,0	  x0:0x00000000
     446675.000 ns	     44666	800095a0	a02f8fd3	fle.s	x31,f31,f2	 f31:0x4b80081f  f2:0x7f800000 x31=0x00000001
     446695.000 ns	     44668	800095a4	40875933	sra	x18,x14,x8	 x14:0xc77e3000  x8:0x00000002 x18=0xf1df8c00
     446705.000 ns	     44669	800095a8	dea3ff37	lui	x30,0xdea3f	 x30=0xdea3f000
     446715.000 ns	     44670	800095ac	01b2b433	sltu	x8,x5,x27	  x5:0x80041024 x27:0x80040fe4  x8=0x00000000
     446735.000 ns	     44672	800095b0	0397b133	mulhu	x2,x15,x25	 x15:0x00000000 x25:0x00000000  x2=0x00000000
     446755.000 ns	     44674	800095b4	00cc9093	slli	x1,x25,0xc	 x25:0x00000000  x1=0x00000000
     446765.000 ns	     44675	800095b8	01c77ab3	and	x21,x14,x28	 x14:0xc77e3000 x28:0x00000001 x21=0x00000000
     447125.000 ns	     44711	800095bc	02c85733	divu	x14,x16,x12	 x16:0x00000000 x12:0x00000001 x14=0x00000000
     447145.000 ns	     44713	800095c0	d2d20993	addi	x19,x4,-723	  x4:0x00000000 x19=0xfffffd2d
     447165.000 ns	     44715	800095c4	039dbb33	mulhu	x22,x27,x25	 x27:0x80040fe4 x25:0x00000000 x22=0x00000000
     447215.000 ns	     44720	800095c8	002189d3	fadd.s	f19,f3,f2	  f3:0xcd0a35e7  f2:0x7f800000 f19=0x7f800000
     447235.000 ns	     44722	800095cc	00e1a3b3	slt	x7,x3,x14	  x3:0xfffffdca x14:0x00000000  x7=0x00000001
     447265.000 ns	     44725	800095d0	19d00253	fdiv.s	f4,f0,f29	  f0:0x41800000 f29:0x00000000  f4=0x7f800000
     447305.000 ns	     44729	800095d4	19eb7a53	fdiv.s	f20,f22,f30	 f22:0x00000000 f30:0x40000000 f20=0x00000000
     447325.000 ns	     44731	800095d8	c56e7b93	andi	x23,x28,-938	 x28:0x00000001 x23=0x00000000
     447355.000 ns	     44734	800095dc	5800f753	fsqrt.s	f14,f1	  f1:0x7fc00000 f14=0x7fc00000
     447385.000 ns	     44737	800095e0	f00f8bd3	fmv.w.x	f23,x31	 x31:0x00000001 f23=0x00000001
     447415.000 ns	     44740	800095e4	d006bad3	fcvt.s.w	f21,x13	 x13:0x8004104a f21=0xcefff7e0
     447435.000 ns	     44742	800095e8	01a6b7b3	sltu	x15,x13,x26	 x13:0x8004104a x26:0x00000000 x15=0x00000000
     447445.000 ns	     44743	800095ec	4100d4b3	sra	x9,x1,x16	  x1:0x00000000 x16:0x00000000  x9=0x00000000
     447465.000 ns	     44745	800095f0	02844fb3	div	x31,x8,x8	  x8:0x00000000  x8:0x00000000 x31=0xffffffff
     447485.000 ns	     44747	800095f4	00a10633	add	x12,x2,x10	  x2:0x00000000 x10:0xf75ca184 x12=0xf75ca184
     447505.000 ns	     44749	800095f8	a0ba8b53	fle.s	x22,f21,f11	 f21:0xcefff7e0 f11:0x45350a40 x22=0x00000001
     447535.000 ns	     44752	800095fc	20fbab53	fsgnjx.s	f22,f23,f15	 f23:0x00000001 f15:0x80000000 f22=0x80000001
     447565.000 ns	     44755	80009600	a101a3d3	feq.s	x7,f3,f16	  f3:0xcd0a35e7 f16:0x3f800000  x7=0x00000000
     447585.000 ns	     44757	80009604	eee33313	sltiu	x6,x6,-274	  x6:0xfffffe37  x6=0x00000001
     447595.000 ns	     44758	80009608	0e86c713	xori	x14,x13,232	 x13:0x8004104a x14=0x800410a2
     447605.000 ns	     44759	8000960c	00000013	addi	x0,x0,0	  x0:0x00000000
     447615.000 ns	     44760	80009610	00c6a4b3	slt	x9,x13,x12	 x13:0x8004104a x12:0xf75ca184  x9=0x00000001
     447635.000 ns	     44762	80009614	21c31953	fsgnjn.s	f18,f6,f28	  f6:0xcb80081f f28:0x3fffff38 f18=0xcb80081f
     447655.000 ns	     44764	80009618	01d6aeb3	slt	x29,x13,x29	 x13:0x8004104a x29:0x00000000 x29=0x00000001
     447675.000 ns	     44766	8000961c	a0018353	fle.s	x6,f3,f0	  f3:0xcd0a35e7  f0:0x41800000  x6=0x00000001
     447705.000 ns	     44769	80009620	21c09753	fsgnjn.s	f14,f1,f28	  f1:0x7fc00000 f28:0x3fffff38 f14=0xffc00000
     447735.000 ns	     44772	80009624	292116d3	fmax.s	f13,f2,f18	  f2:0x7f800000 f18:0xcb80081f f13=0x7f800000
     447755.000 ns	     44774	80009628	019f5433	srl	x8,x30,x25	 x30:0xdea3f000 x25:0x00000000  x8=0xdea3f000
     447775.000 ns	     44776	8000962c	e00d13d3	fclass.s	x7,f26	 f26:0x7f800000  x7=0x00000080
     447825.000 ns	     44781	80009630	09d474d3	fsub.s	f9,f8,f29	  f8:0x00000000 f29:0x00000000  f9=0x80000000
     447855.000 ns	     44784	80009634	c00e7153	fcvt.w.s	x2,f28	 f28:0x3fffff38  x2=0x00000001
     447885.000 ns	     44787	80009638	a0a18cd3	fle.s	x25,f3,f10	  f3:0xcd0a35e7 f10:0xbf800000 x25=0x00000001
     447925.000 ns	     44791	8000963c	5804ffd3	fsqrt.s	f31,f9	  f9:0x80000000 f31=0x80000000
     447945.000 ns	     44793	80009640	01c97633	and	x12,x18,x28	 x18:0xf1df8c00 x28:0x00000001 x12=0x00000000
     447955.000 ns	     44794	80009644	00904633	xor	x12,x0,x9	  x0:0x00000000  x9:0x00000001 x12=0x00000001
     447985.000 ns	     44797	80009648	101d3ad3	fmul.s	f21,f26,f1	 f26:0x7f800000  f1:0x7fc00000 f21=0x7fc00000
     448015.000 ns	     44800	8000964c	214aa853	fsgnjx.s	f16,f21,f20	 f21:0xcefff7e0 f20:0x00000000 f16=0x7fc00000
     448045.000 ns	     44803	80009650	030eea33	rem	x20,x29,x16	 x29:0x00000001 x16:0x00000000 x20=0x00000001
     448065.000 ns	     44805	80009654	f9884613	xori	x12,x16,-104	 x16:0x00000000 x12=0xffffff98
     448085.000 ns	     44807	80009658	03705a33	divu	x20,x0,x23	  x0:0x00000000 x23:0x00000000 x20=0xffffffff
     448455.000 ns	     44844	8000965c	0398cb33	div	x22,x17,x25	 x17:0x80041024 x25:0x00000001 x22=0x80041024
     448825.000 ns	     44881	80009660	02d0f733	remu	x14,x1,x13	  x1:0x00000000 x13:0x8004104a x14=0x00000000
     448855.000 ns	     44884	80009664	02ea95b3	mulh	x11,x21,x14	 x21:0x00000000 x14:0x800410a2 x11=0x00000000
     448875.000 ns	     44886	80009668	0157fe33	and	x28,x15,x21	 x15:0x00000000 x21:0x00000000 x28=0x00000000
     449235.000 ns	     44922	8000966c	02c96cb3	rem	x25,x18,x12	 x18:0xf1df8c00 x12:0xffffff98 x25=0xffffffa8
     449255.000 ns	     44924	80009670	5a81ee93	ori	x29,x3,1448	  x3:0xfffffdca x29=0xfffffdea
     449275.000 ns	     44926	80009674	03b8b1b3	mulhu	x3,x17,x27	 x17:0x80041024 x27:0x80040fe4  x3=0x40041014
     449295.000 ns	     44928	80009678	01311393	slli	x7,x2,0x13	  x2:0x00000001  x7=0x00080000
     449305.000 ns	     44929	8000967c	0145b333	sltu	x6,x11,x20	 x11:0x00000000 x20:0xffffffff  x6=0x00000001
     449315.000 ns	     44930	80009680	0137dcb3	srl	x25,x15,x19	 x15:0x00000000 x19:0xfffffd2d x25=0x00000000
     449355.000 ns	     44934	80009684	0961f8d3	fsub.s	f17,f3,f22	  f3:0xcd0a35e7 f22:0x80000001 f17=0xcd0a35e7
     449375.000 ns	     44936	80009688	9cc90013	addi	x0,x18,-1588	 x18:0xf1df8c00
     449385.000 ns	     44937	8000968c	01675c13	srli	x24,x14,0x16	 x14:0x00000000 x24=0x00000000
     449405.000 ns	     44939	80009690	298f8fd3	fmin.s	f31,f31,f24	 f31:0x80000000 f24:0x3f800000 f31=0x80000000
     449435.000 ns	     44942	80009694	035743b3	div	x7,x14,x21	 x14:0x00000000 x21:0x00000000  x7=0xffffffff
     449455.000 ns	     44944	80009698	01fe9113	slli	x2,x29,0x1f	 x29:0xfffffdea  x2=0x00000000
     449465.000 ns	     44945	8000969c	005c6033	or	x0,x24,x5	 x24:0x00000000  x5:0x80041024
     449475.000 ns	     44946	800096a0	019c5913	srli	x18,x24,0x19	 x24:0x00000000 x18=0x00000000
     449485.000 ns	     44947	800096a4	b4373e93	sltiu	x29,x14,-1213	 x14:0x00000000 x29=0x00000001
     449495.000 ns	     44948	800096a8	40dd81b3	sub	x3,x27,x13	 x27:0x80040fe4 x13:0x8004104a  x3=0xffffff9a
     449525.000 ns	     44951	800096ac	58029953	fsqrt.s	f18,f5	  f5:0x00000000 f18=0x00000000
     449545.000 ns	     44953	800096b0	01d75833	srl	x16,x14,x29	 x14:0x00000000 x29:0x00000001 x16=0x00000000
     449555.000 ns	     44954	800096b4	019f9a93	slli	x21,x31,0x19	 x31:0xffffffff x21=0xfe000000
     449565.000 ns	     44955	800096b8	8287a713	slti	x14,x15,-2008	 x15:0x00000000 x14=0x00000000
     449585.000 ns	     44957	800096bc	f00083d3	fmv.w.x	f7,x1	  x1:0x00000000  f7=0x00000000
     449955.000 ns	     44994	800096c0	02837a33	remu	x20,x6,x8	  x6:0x00000001  x8:0xdea3f000 x20=0x00000001
     449975.000 ns	     44996	800096c4	005d8bb3	add	x23,x27,x5	 x27:0x80040fe4  x5:0x80041024 x23=0x00082008
     449985.000 ns	     44997	800096c8	ef3e21b7	lui	x3,0xef3e2	  x3=0xef3e2000
     450005.000 ns	     44999	800096cc	28791053	fmax.s	f0,f18,f7	 f18:0x00000000  f7:0x00000000  f0=0x00000000
     450035.000 ns	     45002	800096d0	02c82133	mulhsu	x2,x16,x12	 x16:0x00000000 x12:0xffffff98  x2=0x00000000
     450065.000 ns	     45005	800096d4	20ef86d3	fsgnj.s	f13,f31,f14	 f31:0x80000000 f14:0xffc00000 f13=0x80000000
     450095.000 ns	     45008	800096d8	a00d27d3	feq.s	x15,f26,f0	 f26:0x7f800000  f0:0x00000000 x15=0x00000000
     450125.000 ns	     45011	800096dc	e00488d3	fmv.x.w	x17,f9	  f9:0x80000000 x17=0x80000000
     450145.000 ns	     45013	800096e0	01e9e833	or	x16,x19,x30	 x19:0xfffffd2d x30:0xdea3f000 x16=0xfffffd2d
     450165.000 ns	     45015	800096e4	29d90653	fmin.s	f12,f18,f29	 f18:0x00000000 f29:0x00000000 f12=0x00000000
     450205.000 ns	     45019	800096e8	58093ad3	fsqrt.s	f21,f18	 f18:0x00000000 f21=0x00000000
     450235.000 ns	     45022	800096ec	20d20c53	fsgnj.s	f24,f4,f13	  f4:0x7f800000 f13:0x80000000 f24=0xff800000
     450265.000 ns	     45025	800096f0	02037133	remu	x2,x6,x0	  x6:0x00000001  x0:0x00000000  x2=0x00000001
     450295.000 ns	     45028	800096f4	21eb9ad3	fsgnjn.s	f21,f23,f30	 f23:0x00000001 f30:0x40000000 f21=0x80000001
     450325.000 ns	     45031	800096f8	218414d3	fsgnjn.s	f9,f8,f24	  f8:0x00000000 f24:0xff800000  f9=0x00000000
     450355.000 ns	     45034	800096fc	03e016b3	mulh	x13,x0,x30	  x0:0x00000000 x30:0xdea3f000 x13=0x00000000
     450375.000 ns	     45036	80009700	4a1b7213	andi	x4,x22,1185	 x22:0x80041024  x4=0x00000020
     450385.000 ns	     45037	80009704	01847f33	and	x30,x8,x24	  x8:0xdea3f000 x24:0x00000000 x30=0x00000000
     450395.000 ns	     45038	80009708	00000013	addi	x0,x0,0	  x0:0x00000000
     450405.000 ns	     45039	8000970c	9683b493	sltiu	x9,x7,-1688	  x7:0xffffffff  x9=0x00000000
     450445.000 ns	     45043	80009710	08947bd3	fsub.s	f23,f8,f9	  f8:0x00000000  f9:0x00000000 f23=0x80000000
     450475.000 ns	     45046	80009714	d00ffb53	fcvt.s.w	f22,x31	 x31:0xffffffff f22=0xbf800000
     450505.000 ns	     45049	80009718	027ea333	mulhsu	x6,x29,x7	 x29:0x00000001  x7:0xffffffff  x6=0x00000000
     450525.000 ns	     45051	8000971c	8f1c3c97	auipc	x25,0x8f1c3	 x25=0x0f1cc71c
     450545.000 ns	     45053	80009720	d016c053	fcvt.s.wu	f0,x13	 x13:0x00000000  f0=0x00000000
     450565.000 ns	     45055	80009724	390c4797	auipc	x15,0x390c4	 x15=0xb90cd724
     450925.000 ns	     45091	80009728	0369d633	divu	x12,x19,x22	 x19:0xfffffd2d x22:0x80041024 x12=0x00000001
     450955.000 ns	     45094	8000972c	03e81733	mulh	x14,x16,x30	 x16:0xfffffd2d x30:0x00000000 x14=0x00000000
     450985.000 ns	     45097	80009730	e00299d3	fclass.s	x19,f5	  f5:0x00000000 x19=0x00000010
     451005.000 ns	     45099	80009734	01b09f33	sll	x30,x1,x27	  x1:0x00000000 x27:0x80040fe4 x30=0x00000000
     451015.000 ns	     45100	80009738	9c0c2793	slti	x15,x24,-1600	 x24:0x00000000 x15=0x00000000
     451035.000 ns	     45102	8000973c	020881b3	mul	x3,x17,x0	 x17:0x80000000  x0:0x00000000  x3=0x00000000
     451055.000 ns	     45104	80009740	bf1360b7	lui	x1,0xbf136	  x1=0xbf136000
     451065.000 ns	     45105	80009744	011405b3	add	x11,x8,x17	  x8:0xdea3f000 x17:0x80000000 x11=0x5ea3f000
     451075.000 ns	     45106	80009748	ce0ce893	ori	x17,x25,-800	 x25:0x0f1cc71c x17=0xfffffffc
     451095.000 ns	     45108	8000974c	02c104b3	mul	x9,x2,x12	  x2:0x00000001 x12:0x00000001  x9=0x00000001
     451115.000 ns	     45110	80009750	1d5d7a13	andi	x20,x26,469	 x26:0x00000000 x20=0x00000000
     451135.000 ns	     45112	80009754	d01f4453	fcvt.s.wu	f8,x30	 x30:0x00000000  f8=0x00000000
     451165.000 ns	     45115	80009758	031c2c33	mulhsu	x24,x24,x17	 x24:0x00000000 x17:0xfffffffc x24=0x00000000
     451195.000 ns	     45118	8000975c	a0de9b53	flt.s	x22,f29,f13	 f29:0x00000000 f13:0x80000000 x22=0x00000000
     451225.000 ns	     45121	80009760	215117d3	fsgnjn.s	f15,f2,f21	  f2:0x7f800000 f21:0x80000001 f15=0x7f800000
     451255.000 ns	     45124	80009764	03aec433	div	x8,x29,x26	 x29:0x00000001 x26:0x00000000  x8=0xffffffff
     451285.000 ns	     45127	80009768	298a9f53	fmax.s	f30,f21,f24	 f21:0x80000001 f24:0xff800000 f30=0x80000001
     451315.000 ns	     45130	8000976c	c00a1f53	fcvt.w.s	x30,f20	 f20:0x00000000 x30=0x00000000
     451335.000 ns	     45132	80009770	e1bdb113	sltiu	x2,x27,-485	 x27:0x80040fe4  x2=0x00000001
     451355.000 ns	     45134	80009774	e0099853	fclass.s	x16,f19	 f19:0x7f800000 x16=0x00000080
     451395.000 ns	     45138	80009778	19e49453	fdiv.s	f8,f9,f30	  f9:0x00000000 f30:0x80000001  f8=0x80000000
     451425.000 ns	     45141	8000977c	02cd1d33	mulh	x26,x26,x12	 x26:0x00000000 x12:0x00000001 x26=0x00000000
     451445.000 ns	     45143	80009780	1916cb93	xori	x23,x13,401	 x13:0x00000000 x23=0x00000191
     451475.000 ns	     45146	80009784	103c0353	fmul.s	f6,f24,f3	 f24:0xff800000  f3:0xcd0a35e7  f6=0x7f800000
     451495.000 ns	     45148	80009788	010f9e33	sll	x28,x31,x16	 x31:0xffffffff x16:0x00000080 x28=0xffffffff
     451855.000 ns	     45184	8000978c	03dccd33	div	x26,x25,x29	 x25:0x0f1cc71c x29:0x00000001 x26=0x0f1cc71c
     451875.000 ns	     45186	80009790	012ce233	or	x4,x25,x18	 x25:0x0f1cc71c x18:0x00000000  x4=0x0f1cc71c
     451905.000 ns	     45189	80009794	5800fa53	fsqrt.s	f20,f1	  f1:0x7fc00000 f20=0x7fc00000
     451935.000 ns	     45192	80009798	20070553	fsgnj.s	f10,f14,f0	 f14:0xffc00000  f0:0x00000000 f10=0x7fc00000
     451965.000 ns	     45195	8000979c	f0000bd3	fmv.w.x	f23,x0	  x0:0x00000000 f23=0x00000000
     451995.000 ns	     45198	800097a0	e0091ad3	fclass.s	x21,f18	 f18:0x00000000 x21=0x00000010
     452025.000 ns	     45201	800097a4	025d2233	mulhsu	x4,x26,x5	 x26:0x0f1cc71c  x5:0x80041024  x4=0x078ea0f5
     452055.000 ns	     45204	800097a8	0242ac33	mulhsu	x24,x5,x4	  x5:0x80041024  x4:0x0f1cc71c x24=0xfc38ce39
     452095.000 ns	     45208	800097ac	19347153	fdiv.s	f2,f8,f19	  f8:0x80000000 f19:0x7f800000  f2=0x80000000
     452125.000 ns	     45211	800097b0	a1b40bd3	fle.s	x23,f8,f27	  f8:0x80000000 f27:0x7f800000 x23=0x00000001
     452145.000 ns	     45213	800097b4	01346033	or	x0,x8,x19	  x8:0xffffffff x19:0x00000010
     452155.000 ns	     45214	800097b8	007828b3	slt	x17,x16,x7	 x16:0x00000080  x7:0xffffffff x17=0x00000000
     452175.000 ns	     45216	800097bc	a00c14d3	flt.s	x9,f24,f0	 f24:0xff800000  f0:0x00000000  x9=0x00000001
     452545.000 ns	     45253	800097c0	02944b33	div	x22,x8,x9	  x8:0xffffffff  x9:0x00000001 x22=0xffffffff
     452585.000 ns	     45257	800097c4	58073453	fsqrt.s	f8,f14	 f14:0xffc00000  f8=0x7fc00000
     452605.000 ns	     45259	800097c8	0175ac33	slt	x24,x11,x23	 x11:0x5ea3f000 x23:0x00000001 x24=0x00000000
     452625.000 ns	     45261	800097cc	f0020653	fmv.w.x	f12,x4	  x4:0x078ea0f5 f12=0x078ea0f5
     452665.000 ns	     45265	800097d0	11c77ed3	fmul.s	f29,f14,f28	 f14:0xffc00000 f28:0x3fffff38 f29=0x7fc00000
     452705.000 ns	     45269	800097d4	10e58dd3	fmul.s	f27,f11,f14	 f11:0x45350a40 f14:0xffc00000 f27=0x7fc00000
     452735.000 ns	     45272	800097d8	29190ed3	fmin.s	f29,f18,f17	 f18:0x00000000 f17:0xcd0a35e7 f29=0xcd0a35e7
     452765.000 ns	     45275	800097dc	e00186d3	fmv.x.w	x13,f3	  f3:0xcd0a35e7 x13=0xcd0a35e7
     453135.000 ns	     45312	800097e0	03a4e4b3	rem	x9,x9,x26	  x9:0x00000001 x26:0x0f1cc71c  x9=0x00000001
     453165.000 ns	     45315	800097e4	030fab33	mulhsu	x22,x31,x16	 x31:0xffffffff x16:0x00000080 x22=0xffffffff
     453185.000 ns	     45317	800097e8	01d61ab3	sll	x21,x12,x29	 x12:0x00000001 x29:0x00000001 x21=0x00000002
     453545.000 ns	     45353	800097ec	03646fb3	rem	x31,x8,x22	  x8:0xffffffff x22:0xffffffff x31=0x00000000
     453575.000 ns	     45356	800097f0	023c5c33	divu	x24,x24,x3	 x24:0x00000000  x3:0x00000000 x24=0xffffffff
     453605.000 ns	     45359	800097f4	a1d5a7d3	feq.s	x15,f11,f29	 f11:0x45350a40 f29:0xcd0a35e7 x15=0x00000000
     453625.000 ns	     45361	800097f8	007dea33	or	x20,x27,x7	 x27:0x80040fe4  x7:0xffffffff x20=0xffffffff
     453655.000 ns	     45364	800097fc	19c512d3	fdiv.s	f5,f10,f28	 f10:0x7fc00000 f28:0x3fffff38  f5=0x7fc00000
     453675.000 ns	     45366	80009800	015fde13	srli	x28,x31,0x15	 x31:0x00000000 x28=0x00000000
     453685.000 ns	     45367	80009804	00000013	addi	x0,x0,0	  x0:0x00000000
     453705.000 ns	     45369	80009808	c00c7ad3	fcvt.w.s	x21,f24	 f24:0xff800000 x21=0x80000000
     453735.000 ns	     45372	8000980c	28b21253	fmax.s	f4,f4,f11	  f4:0x7f800000 f11:0x45350a40  f4=0x7f800000
     453765.000 ns	     45375	80009810	d004b153	fcvt.s.w	f2,x9	  x9:0x00000001  f2=0x3f800000
     453805.000 ns	     45379	80009814	189cf753	fdiv.s	f14,f25,f9	 f25:0x00000000  f9:0x00000000 f14=0x7fc00000
     453835.000 ns	     45382	80009818	d0011053	fcvt.s.w	f0,x2	  x2:0x00000001  f0=0x3f800000
     453865.000 ns	     45385	8000981c	020f0633	mul	x12,x30,x0	 x30:0x00000000  x0:0x00000000 x12=0x00000000
     453885.000 ns	     45387	80009820	e706c337	lui	x6,0xe706c	  x6=0xe706c000
     453895.000 ns	     45388	80009824	60b40693	addi	x13,x8,1547	  x8:0xffffffff x13=0x0000060a
     453915.000 ns	     45390	80009828	022f94b3	mulh	x9,x31,x2	 x31:0x00000000  x2:0x00000001  x9=0x00000000
     453955.000 ns	     45394	8000982c	187e35d3	fdiv.s	f11,f28,f7	 f28:0x3fffff38  f7:0x00000000 f11=0x7f800000
     453975.000 ns	     45396	80009830	103ac8b7	lui	x17,0x103ac	 x17=0x103ac000
     453995.000 ns	     45398	80009834	d017f2d3	fcvt.s.wu	f5,x15	 x15:0x00000000  f5=0x00000000
     454025.000 ns	     45401	80009838	a0782853	feq.s	x16,f16,f7	 f16:0x7fc00000  f7:0x00000000 x16=0x00000000
     454045.000 ns	     45403	8000983c	be3e3013	sltiu	x0,x28,-1053	 x28:0x00000000
     454055.000 ns	     45404	80009840	569308b7	lui	x17,0x56930	 x17=0x56930000
     454075.000 ns	     45406	80009844	20060ad3	fsgnj.s	f21,f12,f0	 f12:0x078ea0f5  f0:0x3f800000 f21=0x078ea0f5
     454115.000 ns	     45410	80009848	58044753	fsqrt.s	f14,f8	  f8:0x7fc00000 f14=0x7fc00000
     454165.000 ns	     45415	8000984c	01557b53	fadd.s	f22,f10,f21	 f10:0x7fc00000 f21:0x078ea0f5 f22=0x7fc00000
     454185.000 ns	     45417	80009850	018e59b3	srl	x19,x28,x24	 x28:0x00000000 x24:0xffffffff x19=0x00000000
     454545.000 ns	     45453	80009854	03bcc333	div	x6,x25,x27	 x25:0x0f1cc71c x27:0x80040fe4  x6=0x00000000
     454565.000 ns	     45455	80009858	01b5d1b3	srl	x3,x11,x27	 x11:0x5ea3f000 x27:0x80040fe4  x3=0x05ea3f00
     454585.000 ns	     45457	8000985c	03c50a33	mul	x20,x10,x28	 x10:0xf75ca184 x28:0x00000000 x20=0x00000000
     454955.000 ns	     45494	80009860	0226e7b3	rem	x15,x13,x2	 x13:0x0000060a  x2:0x00000001 x15=0x00000000
     454985.000 ns	     45497	80009864	d00b7153	fcvt.s.w	f2,x22	 x22:0xffffffff  f2=0xbf800000
     455015.000 ns	     45500	80009868	d00e7dd3	fcvt.s.w	f27,x28	 x28:0x00000000 f27=0x00000000
     455035.000 ns	     45502	8000986c	1a128193	addi	x3,x5,417	  x5:0x80041024  x3=0x800411c5
     455055.000 ns	     45504	80009870	f00c0653	fmv.w.x	f12,x24	 x24:0xffffffff f12=0xffffffff
     455085.000 ns	     45507	80009874	a0942fd3	feq.s	x31,f8,f9	  f8:0x7fc00000  f9:0x00000000 x31=0x00000000
     455105.000 ns	     45509	80009878	01eb1993	slli	x19,x22,0x1e	 x22:0xffffffff x19=0xc0000000
     455465.000 ns	     45545	8000987c	03b9d5b3	divu	x11,x19,x27	 x19:0x00000000 x27:0x80040fe4 x11=0x00000001
     455515.000 ns	     45550	80009880	00624153	fadd.s	f2,f4,f6	  f4:0x7f800000  f6:0x7f800000  f2=0x00000000
     455535.000 ns	     45552	80009884	eaa04213	xori	x4,x0,-342	  x0:0x00000000  x4=0xfffffeaa
     455895.000 ns	     45588	80009888	031eceb3	div	x29,x29,x17	 x29:0x00000001 x17:0x56930000 x29=0x00000000
     455925.000 ns	     45591	8000988c	02988e33	mul	x28,x17,x9	 x17:0x56930000  x9:0x00000000 x28=0x00000000
     455955.000 ns	     45594	80009890	20e620d3	fsgnjx.s	f1,f12,f14	 f12:0xffffffff f14:0x7fc00000  f1=0xffffffff
     455975.000 ns	     45596	80009894	603d7b37	lui	x22,0x603d7	 x22=0x603d7000
     456015.000 ns	     45600	80009898	0073f653	fadd.s	f12,f7,f7	  f7:0x00000000  f7:0x00000000 f12=0x00000000
     456385.000 ns	     45637	8000989c	0229ebb3	rem	x23,x19,x2	 x19:0xc0000000  x2:0x00000001 x23=0x00000000
     456405.000 ns	     45639	800098a0	41b306b3	sub	x13,x6,x27	  x6:0x00000000 x27:0x80040fe4 x13=0x7ffbf01c
     456425.000 ns	     45641	800098a4	d00b8953	fcvt.s.w	f18,x23	 x23:0x00000000 f18=0x00000000
     456455.000 ns	     45644	800098a8	e00c9cd3	fclass.s	x25,f25	 f25:0x00000000 x25=0x00000010
     456475.000 ns	     45646	800098ac	779b8d13	addi	x26,x23,1913	 x23:0x00000000 x26=0x00000779
     456495.000 ns	     45648	800098b0	d0027fd3	fcvt.s.w	f31,x4	  x4:0xfffffeaa f31=0xc3ab0000
     456515.000 ns	     45650	800098b4	9c6d7b13	andi	x22,x26,-1594	 x26:0x0f1cc71c x22=0x00000140
     456525.000 ns	     45651	800098b8	01dcd113	srli	x2,x25,0x1d	 x25:0x00000010  x2=0x00000000
     456545.000 ns	     45653	800098bc	29dc9253	fmax.s	f4,f25,f29	 f25:0x00000000 f29:0xcd0a35e7  f4=0x00000000
     456575.000 ns	     45656	800098c0	028b96b3	mulh	x13,x23,x8	 x23:0x00000000  x8:0xffffffff x13=0x00000000
     456625.000 ns	     45661	800098c4	01241953	fadd.s	f18,f8,f18	  f8:0x7fc00000 f18:0x00000000 f18=0x7fc00000
     456655.000 ns	     45664	800098c8	28b88e53	fmin.s	f28,f17,f11	 f17:0xcd0a35e7 f11:0x7f800000 f28=0xcd0a35e7
     456675.000 ns	     45666	800098cc	013fc933	xor	x18,x31,x19	 x31:0x00000000 x19:0xc0000000 x18=0xc0000000
     456695.000 ns	     45668	800098d0	c01bf453	fcvt.wu.s	x8,f23	 f23:0x00000000  x8=0x00000000
     456715.000 ns	     45670	800098d4	ac2ff993	andi	x19,x31,-1342	 x31:0x00000000 x19=0x00000000
     456735.000 ns	     45672	800098d8	03502c33	mulhsu	x24,x0,x21	  x0:0x00000000 x21:0x80000000 x24=0x00000000
     456765.000 ns	     45675	800098dc	e0051fd3	fclass.s	x31,f10	 f10:0x7fc00000 x31=0x00000200
     456785.000 ns	     45677	800098e0	00000013	addi	x0,x0,0	  x0:0x00000000
     456825.000 ns	     45681	800098e4	09841f53	fsub.s	f30,f8,f24	  f8:0x7fc00000 f24:0xff800000 f30=0x7fc00000
     456845.000 ns	     45683	800098e8	01c99493	slli	x9,x19,0x1c	 x19:0x00000000  x9=0x00000000
     456855.000 ns	     45684	800098ec	04414f17	auipc	x30,0x4414	 x30=0x8441d8ec
     456885.000 ns	     45687	800098f0	58024753	fsqrt.s	f14,f4	  f4:0x00000000 f14=0x00000000
     456905.000 ns	     45689	800098f4	16028413	addi	x8,x5,352	  x5:0x80041024  x8=0x80041184
     456925.000 ns	     45691	800098f8	a01318d3	flt.s	x17,f6,f1	  f6:0x7f800000  f1:0xffffffff x17=0x00000000
     456945.000 ns	     45693	800098fc	0051a233	slt	x4,x3,x5	  x3:0x800411c5  x5:0x80041024  x4=0x00000000
     456965.000 ns	     45695	80009900	d01cf653	fcvt.s.wu	f12,x25	 x25:0x00000010 f12=0x41800000
     456985.000 ns	     45697	80009904	41debd13	sltiu	x26,x29,1053	 x29:0x00000000 x26=0x00000001
     457005.000 ns	     45699	80009908	20351ad3	fsgnjn.s	f21,f10,f3	 f10:0x7fc00000  f3:0xcd0a35e7 f21=0x7fc00000
     457035.000 ns	     45702	8000990c	038f8ab3	mul	x21,x31,x24	 x31:0x00000200 x24:0x00000000 x21=0x00000000
     457055.000 ns	     45704	80009910	40f4d6b3	sra	x13,x9,x15	  x9:0x00000000 x15:0x00000000 x13=0x00000000
     457075.000 ns	     45706	80009914	c001f753	fcvt.w.s	x14,f3	  f3:0xcd0a35e7 x14=0x08a35e70
     457095.000 ns	     45708	80009918	9b375937	lui	x18,0x9b375	 x18=0x9b375000
     457105.000 ns	     45709	8000991c	00863e33	sltu	x28,x12,x8	 x12:0x00000000  x8:0x80041184 x28=0x00000001
     457115.000 ns	     45710	80009920	415909b3	sub	x19,x18,x21	 x18:0xc0000000 x21:0x00000000 x19=0x9b375000
     457125.000 ns	     45711	80009924	00ba01b3	add	x3,x20,x11	 x20:0x00000000 x11:0x00000001  x3=0x00000001
     457145.000 ns	     45713	80009928	a0752ed3	feq.s	x29,f10,f7	 f10:0x7fc00000  f7:0x00000000 x29=0x00000000
     457165.000 ns	     45715	8000992c	40f5d133	sra	x2,x11,x15	 x11:0x00000001 x15:0x00000000  x2=0x00000001
     457175.000 ns	     45716	80009930	7b3c2693	slti	x13,x24,1971	 x24:0x00000000 x13=0x00000001
     457185.000 ns	     45717	80009934	412c4b37	lui	x22,0x412c4	 x22=0x412c4000
     457195.000 ns	     45718	80009938	01990fb3	add	x31,x18,x25	 x18:0x9b375000 x25:0x00000010 x31=0x9b375010
     457215.000 ns	     45720	8000993c	0371ecb3	rem	x25,x3,x23	  x3:0x00000001 x23:0x00000000 x25=0x00000001
     457245.000 ns	     45723	80009940	e0010253	fmv.x.w	x4,f2	  f2:0x00000000  x4=0x00000000
     457275.000 ns	     45726	80009944	e00909d3	fmv.x.w	x19,f18	 f18:0x7fc00000 x19=0x7fc00000
     457305.000 ns	     45729	80009948	f0028553	fmv.w.x	f10,x5	  x5:0x80041024 f10=0x80041024
     457335.000 ns	     45732	8000994c	a056ae53	feq.s	x28,f13,f5	 f13:0x80000000  f5:0x00000000 x28=0x00000001
     457355.000 ns	     45734	80009950	53bcf813	andi	x16,x25,1339	 x25:0x00000001 x16=0x00000001
     457365.000 ns	     45735	80009954	d9df3413	sltiu	x8,x30,-611	 x30:0x8441d8ec  x8=0x00000001
     457725.000 ns	     45771	80009958	03cdfa33	remu	x20,x27,x28	 x27:0x80040fe4 x28:0x00000001 x20=0x00000000
     458095.000 ns	     45808	8000995c	03c2feb3	remu	x29,x5,x28	  x5:0x80041024 x28:0x00000001 x29=0x00000000
     458125.000 ns	     45811	80009960	c00f9053	fcvt.w.s	x0,f31	 f31:0xc3ab0000
     458155.000 ns	     45814	80009964	a12c1f53	flt.s	x30,f24,f18	 f24:0xff800000 f18:0x7fc00000 x30=0x00000000
     458175.000 ns	     45816	80009968	8277e713	ori	x14,x15,-2009	 x15:0x00000000 x14=0xfffff827
     458205.000 ns	     45819	8000996c	19f874d3	fdiv.s	f9,f16,f31	 f16:0x7fc00000 f31:0xc3ab0000  f9=0x7fc00000
     458225.000 ns	     45821	80009970	61c06793	ori	x15,x0,1564	  x0:0x00000000 x15=0x0000061c
     458235.000 ns	     45822	80009974	127b0613	addi	x12,x22,295	 x22:0x412c4000 x12=0x412c4127
     458245.000 ns	     45823	80009978	00a89633	sll	x12,x17,x10	 x17:0x00000000 x10:0xf75ca184 x12=0x00000000
     458255.000 ns	     45824	8000997c	d78b8c13	addi	x24,x23,-648	 x23:0x00000000 x24=0xfffffd78
     458275.000 ns	     45826	80009980	c01a9053	fcvt.wu.s	x0,f21	 f21:0x7fc00000
     458295.000 ns	     45828	80009984	f495a713	slti	x14,x11,-183	 x11:0x00000001 x14=0x00000000
     458315.000 ns	     45830	80009988	201426d3	fsgnjx.s	f13,f8,f1	  f8:0x7fc00000  f1:0xffffffff f13=0xffc00000
     458335.000 ns	     45832	8000998c	001c4eb3	xor	x29,x24,x1	 x24:0xfffffd78  x1:0xbf136000 x29=0x40ec9d78
     458345.000 ns	     45833	80009990	c6670b13	addi	x22,x14,-922	 x14:0x00000000 x22=0xfffffc66
     458365.000 ns	     45835	80009994	e0048e53	fmv.x.w	x28,f9	  f9:0x7fc00000 x28=0x7fc00000
     458395.000 ns	     45838	80009998	a0442253	feq.s	x4,f8,f4	  f8:0x7fc00000  f4:0x00000000  x4=0x00000000
     458425.000 ns	     45841	8000999c	c0152953	fcvt.wu.s	x18,f10	 f10:0x80041024 x18=0x00000000
     458455.000 ns	     45844	800099a0	20bfa053	fsgnjx.s	f0,f31,f11	 f31:0xc3ab0000 f11:0x7f800000  f0=0xc3ab0000
     458475.000 ns	     45846	800099a4	40b6d893	srai	x17,x13,0xb	 x13:0x00000001 x17=0x00000000
     458495.000 ns	     45848	800099a8	216b9753	fsgnjn.s	f14,f23,f22	 f23:0x00000000 f22:0x7fc00000 f14=0x80000000
     458515.000 ns	     45850	800099ac	40fad893	srai	x17,x21,0xf	 x21:0x00000000 x17=0x00000000
     458525.000 ns	     45851	800099b0	a4ce3013	sltiu	x0,x28,-1460	 x28:0x7fc00000
     458535.000 ns	     45852	800099b4	0157cbb3	xor	x23,x15,x21	 x15:0x0000061c x21:0x00000000 x23=0x0000061c
     458555.000 ns	     45854	800099b8	205a21d3	fsgnjx.s	f3,f20,f5	 f20:0x7fc00000  f5:0x00000000  f3=0x7fc00000
     458575.000 ns	     45856	800099bc	00cb1c93	slli	x25,x22,0xc	 x22:0xfffffc66 x25=0xffc66000
     458935.000 ns	     45892	800099c0	02add933	divu	x18,x27,x10	 x27:0x80040fe4 x10:0xf75ca184 x18=0x00000000
     458965.000 ns	     45895	800099c4	036cacb3	mulhsu	x25,x25,x22	 x25:0x00000001 x22:0xfffffc66 x25=0xffc66000
     458995.000 ns	     45898	800099c8	031f75b3	remu	x11,x30,x17	 x30:0x00000000 x17:0x00000000 x11=0x00000000
     459025.000 ns	     45901	800099cc	292b16d3	fmax.s	f13,f22,f18	 f22:0x7fc00000 f18:0x7fc00000 f13=0x7fc00000
     459045.000 ns	     45903	800099d0	41d14713	xori	x14,x2,1053	  x2:0x00000001 x14=0x0000041c
     459055.000 ns	     45904	800099d4	40bed813	srai	x16,x29,0xb	 x29:0x40ec9d78 x16=0x00081d93
     459065.000 ns	     45905	800099d8	00085633	srl	x12,x16,x0	 x16:0x00000001  x0:0x00000000 x12=0x00081d93
     459075.000 ns	     45906	800099dc	014de6b3	or	x13,x27,x20	 x27:0x80040fe4 x20:0x00000000 x13=0x80040fe4
     459085.000 ns	     45907	800099e0	00735bb3	srl	x23,x6,x7	  x6:0x00000000  x7:0xffffffff x23=0x00000000
     459105.000 ns	     45909	800099e4	03399833	mulh	x16,x19,x19	 x19:0x7fc00000 x19:0x7fc00000 x16=0x3fc01000
     459135.000 ns	     45912	800099e8	028027b3	mulhsu	x15,x0,x8	  x0:0x00000000  x8:0x00000001 x15=0x00000000
     459155.000 ns	     45914	800099ec	40a7d793	srai	x15,x15,0xa	 x15:0x0000061c x15=0x00000000
     459165.000 ns	     45915	800099f0	4162dc33	sra	x24,x5,x22	  x5:0x80041024 x22:0xfffffc66 x24=0xfe001040
     459185.000 ns	     45917	800099f4	20609853	fsgnjn.s	f16,f1,f6	  f1:0xffffffff  f6:0x7f800000 f16=0xffffffff
     459215.000 ns	     45920	800099f8	20a5af53	fsgnjx.s	f30,f11,f10	 f11:0x7f800000 f10:0x80041024 f30=0xff800000
     459245.000 ns	     45923	800099fc	a0ed8c53	fle.s	x24,f27,f14	 f27:0x00000000 f14:0x80000000 x24=0x00000001
     459295.000 ns	     45928	80009a00	082e26d3	fsub.s	f13,f28,f2	 f28:0xcd0a35e7  f2:0x00000000 f13=0xcd0a35e7
     459315.000 ns	     45930	80009a04	01eef933	and	x18,x29,x30	 x29:0x40ec9d78 x30:0x00000000 x18=0x00000000
     459335.000 ns	     45932	80009a08	a0f61753	flt.s	x14,f12,f15	 f12:0x41800000 f15:0x7f800000 x14=0x00000001
     459355.000 ns	     45934	80009a0c	f1368613	addi	x12,x13,-237	 x13:0x80040fe4 x12=0x80040ef7
     459375.000 ns	     45936	80009a10	024ea333	mulhsu	x6,x29,x4	 x29:0x40ec9d78  x4:0x00000000  x6=0x00000000
     459395.000 ns	     45938	80009a14	20a44a13	xori	x20,x8,522	  x8:0x00000001 x20=0x0000020b
     459415.000 ns	     45940	80009a18	030e0333	mul	x6,x28,x16	 x28:0x7fc00000 x16:0x3fc01000  x6=0x00000000
     459445.000 ns	     45943	80009a1c	02212933	mulhsu	x18,x2,x2	  x2:0x00000001  x2:0x00000001 x18=0x00000000
     459475.000 ns	     45946	80009a20	29111bd3	fmax.s	f23,f2,f17	  f2:0x00000000 f17:0xcd0a35e7 f23=0x00000000
     459495.000 ns	     45948	80009a24	017d8133	add	x2,x27,x23	 x27:0x80040fe4 x23:0x00000000  x2=0x80040fe4
     459505.000 ns	     45949	80009a28	01ee2e33	slt	x28,x28,x30	 x28:0x7fc00000 x30:0x00000000 x28=0x00000000
     459525.000 ns	     45951	80009a2c	29281bd3	fmax.s	f23,f16,f18	 f16:0xffffffff f18:0x7fc00000 f23=0x7fc00000
     459555.000 ns	     45954	80009a30	d017f753	fcvt.s.wu	f14,x15	 x15:0x00000000 f14=0x00000000
     459575.000 ns	     45956	80009a34	00559c13	slli	x24,x11,0x5	 x11:0x00000000 x24=0x00000000
     459595.000 ns	     45958	80009a38	0248e3b3	rem	x7,x17,x4	 x17:0x00000000  x4:0x00000000  x7=0x00000000
     459965.000 ns	     45995	80009a3c	03af5433	divu	x8,x30,x26	 x30:0x00000000 x26:0x00000001  x8=0x00000000
     459995.000 ns	     45998	80009a40	02a72733	mulhsu	x14,x14,x10	 x14:0x00000001 x10:0xf75ca184 x14=0x00000000
     460025.000 ns	     46001	80009a44	d0111753	fcvt.s.wu	f14,x2	  x2:0x80040fe4 f14=0x4f00040f
     460045.000 ns	     46003	80009a48	a1c9ad37	lui	x26,0xa1c9a	 x26=0xa1c9a000
     460065.000 ns	     46005	80009a4c	c0039353	fcvt.w.s	x6,f7	  f7:0x00000000  x6=0x00000000
     460085.000 ns	     46007	80009a50	008b9e93	slli	x29,x23,0x8	 x23:0x00000000 x29=0x00000000
     460095.000 ns	     46008	80009a54	00b259b3	srl	x19,x4,x11	  x4:0x00000000 x11:0x00000000 x19=0x00000000
     460115.000 ns	     46010	80009a58	0325bc33	mulhu	x24,x11,x18	 x11:0x00000000 x18:0x00000000 x24=0x00000000
     460135.000 ns	     46012	80009a5c	01d4cc33	xor	x24,x9,x29	  x9:0x00000000 x29:0x00000000 x24=0x00000000
     460165.000 ns	     46015	80009a60	1043f353	fmul.s	f6,f7,f4	  f7:0x00000000  f4:0x00000000  f6=0x00000000
     460185.000 ns	     46017	80009a64	34df6f97	auipc	x31,0x34df6	 x31=0xb4dffa64
     460205.000 ns	     46019	80009a68	e00408d3	fmv.x.w	x17,f8	  f8:0x7fc00000 x17=0x7fc00000
     460235.000 ns	     46022	80009a6c	2074ab53	fsgnjx.s	f22,f9,f7	  f9:0x7fc00000  f7:0x00000000 f22=0x7fc00000
     460255.000 ns	     46024	80009a70	00000013	addi	x0,x0,0	  x0:0x00000000
     460615.000 ns	     46060	80009a74	03646eb3	rem	x29,x8,x22	  x8:0x00000000 x22:0xfffffc66 x29=0x00000000
     460635.000 ns	     46062	80009a78	d568c793	xori	x15,x17,-682	 x17:0x7fc00000 x15=0x803ffd56
     460645.000 ns	     46063	80009a7c	00d66cb3	or	x25,x12,x13	 x12:0x80040ef7 x13:0x80040fe4 x25=0x80040ff7
     460685.000 ns	     46067	80009a80	006af8d3	fadd.s	f17,f21,f6	 f21:0x7fc00000  f6:0x00000000 f17=0x7fc00000
     460705.000 ns	     46069	80009a84	458fca13	xori	x20,x31,1112	 x31:0xb4dffa64 x20=0xb4dffe3c
     460725.000 ns	     46071	80009a88	02aa9fb3	mulh	x31,x21,x10	 x21:0x00000000 x10:0xf75ca184 x31=0x00000000
     460755.000 ns	     46074	80009a8c	29ea9c53	fmax.s	f24,f21,f30	 f21:0x7fc00000 f30:0xff800000 f24=0xff800000
     460785.000 ns	     46077	80009a90	a0059453	flt.s	x8,f11,f0	 f11:0x7f800000  f0:0xc3ab0000  x8=0x00000000
     460805.000 ns	     46079	80009a94	00f86cb3	or	x25,x16,x15	 x16:0x3fc01000 x15:0x803ffd56 x25=0xbffffd56
     460815.000 ns	     46080	80009a98	00b16033	or	x0,x2,x11	  x2:0x80040fe4 x11:0x00000000
     460825.000 ns	     46081	80009a9c	414fd313	srai	x6,x31,0x14	 x31:0x00000000  x6=0x00000000
     460835.000 ns	     46082	80009aa0	406ddd33	sra	x26,x27,x6	 x27:0x80040fe4  x6:0x00000000 x26=0x80040fe4
     460845.000 ns	     46083	80009aa4	01c19993	slli	x19,x3,0x1c	  x3:0x00000001 x19=0x10000000
     460855.000 ns	     46084	80009aa8	dca34813	xori	x16,x6,-566	  x6:0x00000000 x16=0xfffffdca
     460865.000 ns	     46085	80009aac	001a1013	slli	x0,x20,0x1	 x20:0xb4dffe3c
     460875.000 ns	     46086	80009ab0	0024a9b3	slt	x19,x9,x2	  x9:0x00000000  x2:0x80040fe4 x19=0x00000000
     460885.000 ns	     46087	80009ab4	6407a413	slti	x8,x15,1600	 x15:0x803ffd56  x8=0x00000001
     460905.000 ns	     46089	80009ab8	d00aa9d3	fcvt.s.w	f19,x21	 x21:0x00000000 f19=0x00000000
     460935.000 ns	     46092	80009abc	d01d37d3	fcvt.s.wu	f15,x26	 x26:0x80040fe4 f15=0x4f000410
     460955.000 ns	     46094	80009ac0	001c8ab3	add	x21,x25,x1	 x25:0xbffffd56  x1:0xbf136000 x21=0x7f135d56
     460965.000 ns	     46095	80009ac4	01029713	slli	x14,x5,0x10	  x5:0x80041024 x14=0x10240000
     460995.000 ns	     46098	80009ac8	5808f4d3	fsqrt.s	f9,f17	 f17:0x7fc00000  f9=0x7fc00000
     461015.000 ns	     46100	80009acc	00000013	addi	x0,x0,0	  x0:0x00000000
     461375.000 ns	     46136	80009ad0	0313c8b3	div	x17,x7,x17	  x7:0x00000000 x17:0x7fc00000 x17=0x00000000
     461405.000 ns	     46139	80009ad4	a03f97d3	flt.s	x15,f31,f3	 f31:0xc3ab0000  f3:0x7fc00000 x15=0x00000000
     461435.000 ns	     46142	80009ad8	c0060653	fcvt.w.s	x12,f12	 f12:0x41800000 x12=0x00000010
     461465.000 ns	     46145	80009adc	21ca8c53	fsgnj.s	f24,f21,f28	 f21:0x7fc00000 f28:0xcd0a35e7 f24=0xffc00000
     461495.000 ns	     46148	80009ae0	214b9553	fsgnjn.s	f10,f23,f20	 f23:0x7fc00000 f20:0x7fc00000 f10=0xffc00000
     461525.000 ns	     46151	80009ae4	03f95a33	divu	x20,x18,x31	 x18:0x00000000 x31:0x00000000 x20=0xffffffff
     461575.000 ns	     46156	80009ae8	014776d3	fadd.s	f13,f14,f20	 f14:0x4f00040f f20:0x7fc00000 f13=0x7fc00000
     461595.000 ns	     46158	80009aec	0033f0b3	and	x1,x7,x3	  x7:0x00000000  x3:0x00000001  x1=0x00000000
     461605.000 ns	     46159	80009af0	01363fb3	sltu	x31,x12,x19	 x12:0x00000010 x19:0x00000000 x31=0x00000000
     461615.000 ns	     46160	80009af4	75060193	addi	x3,x12,1872	 x12:0x00000010  x3=0x00000760
     461625.000 ns	     46161	80009af8	40195a93	srai	x21,x18,0x1	 x18:0x00000000 x21=0x00000000
     461635.000 ns	     46162	80009afc	01451933	sll	x18,x10,x20	 x10:0xf75ca184 x20:0xffffffff x18=0x00000000
     461645.000 ns	     46163	80009b00	01414a33	xor	x20,x2,x20	  x2:0x80040fe4 x20:0xffffffff x20=0x7ffbf01b
     461655.000 ns	     46164	80009b04	8fcb6f37	lui	x30,0x8fcb6	 x30=0x8fcb6000
     462015.000 ns	     46200	80009b08	039d5833	divu	x16,x26,x25	 x26:0x80040fe4 x25:0xbffffd56 x16=0x00000000
     462035.000 ns	     46202	80009b0c	00764cb3	xor	x25,x12,x7	 x12:0x00000010  x7:0x00000000 x25=0x00000010
     462065.000 ns	     46205	80009b10	10b80ad3	fmul.s	f21,f16,f11	 f16:0xffffffff f11:0x7f800000 f21=0x7fc00000
     462095.000 ns	     46208	80009b14	21b915d3	fsgnjn.s	f11,f18,f27	 f18:0x7fc00000 f27:0x00000000 f11=0xffc00000
     462115.000 ns	     46210	80009b18	f6124817	auipc	x16,0xf6124	 x16=0x7612db18
     462135.000 ns	     46212	80009b1c	a1698ed3	fle.s	x29,f19,f22	 f19:0x00000000 f22:0x7fc00000 x29=0x00000000
     462165.000 ns	     46215	80009b20	0214fe33	remu	x28,x9,x1	  x9:0x00000000  x1:0x00000000 x28=0x00000000
     462195.000 ns	     46218	80009b24	205016d3	fsgnjn.s	f13,f0,f5	  f0:0xc3ab0000  f5:0x00000000 f13=0xc3ab0000
     462215.000 ns	     46220	80009b28	019713b3	sll	x7,x14,x25	 x14:0x10240000 x25:0x00000010  x7=0x00000000
     462575.000 ns	     46256	80009b2c	02295b33	divu	x22,x18,x2	 x18:0x00000000  x2:0x80040fe4 x22=0x00000000
     462605.000 ns	     46259	80009b30	024708b3	mul	x17,x14,x4	 x14:0x10240000  x4:0x00000000 x17=0x00000000
     462635.000 ns	     46262	80009b34	03961c33	mulh	x24,x12,x25	 x12:0x00000010 x25:0x00000010 x24=0x00000000
     462655.000 ns	     46264	80009b38	09114b93	xori	x23,x2,145	  x2:0x80040fe4 x23=0x80040f75
     462665.000 ns	     46265	80009b3c	015c51b3	srl	x3,x24,x21	 x24:0x00000000 x21:0x00000000  x3=0x00000000
     462675.000 ns	     46266	80009b40	00000013	addi	x0,x0,0	  x0:0x00000000
     462685.000 ns	     46267	80009b44	8e463113	sltiu	x2,x12,-1820	 x12:0x00000010  x2=0x00000001
     462705.000 ns	     46269	80009b48	d0090853	fcvt.s.w	f16,x18	 x18:0x00000000 f16=0x00000000
     462735.000 ns	     46272	80009b4c	29c88353	fmin.s	f6,f17,f28	 f17:0x7fc00000 f28:0xcd0a35e7  f6=0xcd0a35e7
     462785.000 ns	     46277	80009b50	009df053	fadd.s	f0,f27,f9	 f27:0x00000000  f9:0x7fc00000  f0=0x7fc00000
     462815.000 ns	     46280	80009b54	f00d8ed3	fmv.w.x	f29,x27	 x27:0x80040fe4 f29=0x80040fe4
     462845.000 ns	     46283	80009b58	20660553	fsgnj.s	f10,f12,f6	 f12:0x41800000  f6:0xcd0a35e7 f10=0xc1800000
     462875.000 ns	     46286	80009b5c	f00b8b53	fmv.w.x	f22,x23	 x23:0x80040f75 f22=0x80040f75
     462905.000 ns	     46289	80009b60	0203b633	mulhu	x12,x7,x0	  x7:0x00000000  x0:0x00000000 x12=0x00000000
     462925.000 ns	     46291	80009b64	0019ec33	or	x24,x19,x1	 x19:0x00000000  x1:0x00000000 x24=0x00000000
     462955.000 ns	     46294	80009b68	580c79d3	fsqrt.s	f19,f24	 f24:0xffc00000 f19=0x7fc00000
     462995.000 ns	     46298	80009b6c	11684853	fmul.s	f16,f16,f22	 f16:0x00000000 f22:0x80040f75 f16=0x80000000
     463025.000 ns	     46301	80009b70	e00f8ed3	fmv.x.w	x29,f31	 f31:0xc3ab0000 x29=0xc3ab0000
     463045.000 ns	     46303	80009b74	3a54c997	auipc	x19,0x3a54c	 x19=0xba555b74
     463055.000 ns	     46304	80009b78	05e2af93	slti	x31,x5,94	  x5:0x80041024 x31=0x00000001
     463065.000 ns	     46305	80009b7c	002155b3	srl	x11,x2,x2	  x2:0x00000001  x2:0x00000001 x11=0x00000000
     463105.000 ns	     46309	80009b80	00b27153	fadd.s	f2,f4,f11	  f4:0x00000000 f11:0xffc00000  f2=0x7fc00000
     463135.000 ns	     46312	80009b84	a12817d3	flt.s	x15,f16,f18	 f16:0x80000000 f18:0x7fc00000 x15=0x00000000
     463165.000 ns	     46315	80009b88	024ed133	divu	x2,x29,x4	 x29:0xc3ab0000  x4:0x00000000  x2=0xffffffff
     463185.000 ns	     46317	80009b8c	4137d9b3	sra	x19,x15,x19	 x15:0x00000000 x19:0xba555b74 x19=0x00000000
     463205.000 ns	     46319	80009b90	a1b09353	flt.s	x6,f1,f27	  f1:0xffffffff f27:0x00000000  x6=0x00000000
     463235.000 ns	     46322	80009b94	02a497b3	mulh	x15,x9,x10	  x9:0x00000000 x10:0xf75ca184 x15=0x00000000
     463265.000 ns	     46325	80009b98	203d00d3	fsgnj.s	f1,f26,f3	 f26:0x7f800000  f3:0x7fc00000  f1=0x7f800000
     463285.000 ns	     46327	80009b9c	2a1ec113	xori	x2,x29,673	 x29:0xc3ab0000  x2=0xc3ab02a1
     463305.000 ns	     46329	80009ba0	213c8f53	fsgnj.s	f30,f25,f19	 f25:0x00000000 f19:0x7fc00000 f30=0x00000000
     463325.000 ns	     46331	80009ba4	2e7eac93	slti	x25,x29,743	 x29:0xc3ab0000 x25=0x00000001
     463335.000 ns	     46332	80009ba8	408c5fb3	sra	x31,x24,x8	 x24:0x00000000  x8:0x00000001 x31=0x00000000
     463355.000 ns	     46334	80009bac	29d997d3	fmax.s	f15,f19,f29	 f19:0x7fc00000 f29:0x80040fe4 f15=0x80040fe4
     463375.000 ns	     46336	80009bb0	00a71793	slli	x15,x14,0xa	 x14:0x10240000 x15=0x90000000
     463385.000 ns	     46337	80009bb4	00203bb3	sltu	x23,x0,x2	  x0:0x00000000  x2:0xc3ab02a1 x23=0x00000001
     463405.000 ns	     46339	80009bb8	e0038753	fmv.x.w	x14,f7	  f7:0x00000000 x14=0x00000000
     463425.000 ns	     46341	80009bbc	9924ba13	sltiu	x20,x9,-1646	  x9:0x00000000 x20=0x00000001
     463435.000 ns	     46342	80009bc0	018e1193	slli	x3,x28,0x18	 x28:0x00000000  x3=0x00000000
     463445.000 ns	     46343	80009bc4	01571c13	slli	x24,x14,0x15	 x14:0x00000000 x24=0x00000000
     463475.000 ns	     46346	80009bc8	19b7f853	fdiv.s	f16,f15,f27	 f15:0x80040fe4 f27:0x00000000 f16=0xff800000
     463845.000 ns	     46383	80009bcc	034953b3	divu	x7,x18,x20	 x18:0x00000000 x20:0x00000001  x7=0x00000000
     463865.000 ns	     46385	80009bd0	ef9f7497	auipc	x9,0xef9f7	  x9=0x6fa00bd0
     463885.000 ns	     46387	80009bd4	200824d3	fsgnjx.s	f9,f16,f0	 f16:0xff800000  f0:0x7fc00000  f9=0xff800000
     463915.000 ns	     46390	80009bd8	0299a333	mulhsu	x6,x19,x9	 x19:0x00000000  x9:0x00000000  x6=0x00000000
     463955.000 ns	     46394	80009bdc	11b67653	fmul.s	f12,f12,f27	 f12:0x41800000 f27:0x00000000 f12=0x00000000
     463975.000 ns	     46396	80009be0	41e95d33	sra	x26,x18,x30	 x18:0x00000000 x30:0x8fcb6000 x26=0x00000000
     463995.000 ns	     46398	80009be4	0279b133	mulhu	x2,x19,x7	 x19:0x00000000  x7:0x00000000  x2=0x00000000
     464015.000 ns	     46400	80009be8	cbf63d37	lui	x26,0xcbf63	 x26=0xcbf63000
     464025.000 ns	     46401	80009bec	5369f013	andi	x0,x19,1334	 x19:0x00000000
     464045.000 ns	     46403	80009bf0	a139afd3	feq.s	x31,f19,f19	 f19:0x7fc00000 f19:0x7fc00000 x31=0x00000000
     464085.000 ns	     46407	80009bf4	10049953	fmul.s	f18,f9,f0	  f9:0xff800000  f0:0x7fc00000 f18=0x7fc00000
     464105.000 ns	     46409	80009bf8	00d48433	add	x8,x9,x13	  x9:0x6fa00bd0 x13:0x80040fe4  x8=0xefa41bb4
     464115.000 ns	     46410	80009bfc	41ef5713	srai	x14,x30,0x1e	 x30:0x8fcb6000 x14=0xfffffffe
     464135.000 ns	     46412	80009c00	c00af8d3	fcvt.w.s	x17,f21	 f21:0x7fc00000 x17=0x7fffffff
     464505.000 ns	     46449	80009c04	02a6efb3	rem	x31,x13,x10	 x13:0x80040fe4 x10:0xf75ca184 x31=0xf8f33aac
     464535.000 ns	     46452	80009c08	206b85d3	fsgnj.s	f11,f23,f6	 f23:0x7fc00000  f6:0xcd0a35e7 f11=0xffc00000
     464555.000 ns	     46454	80009c0c	ce4569b7	lui	x19,0xce456	 x19=0xce456000
     464565.000 ns	     46455	80009c10	017dd7b3	srl	x15,x27,x23	 x27:0x80040fe4 x23:0x00000001 x15=0x400207f2
     464575.000 ns	     46456	80009c14	1570ee13	ori	x28,x1,343	  x1:0x00000000 x28=0x00000157
     464585.000 ns	     46457	80009c18	99960693	addi	x13,x12,-1639	 x12:0x00000000 x13=0xfffff999
     464595.000 ns	     46458	80009c1c	01d8ff33	and	x30,x17,x29	 x17:0x7fffffff x29:0xc3ab0000 x30=0x43ab0000
     464615.000 ns	     46460	80009c20	2023abd3	fsgnjx.s	f23,f7,f2	  f7:0x00000000  f2:0x7fc00000 f23=0x00000000
     464635.000 ns	     46462	80009c24	402ed3b3	sra	x7,x29,x2	 x29:0xc3ab0000  x2:0x00000000  x7=0xc3ab0000
     464665.000 ns	     46465	80009c28	199bf853	fdiv.s	f16,f23,f25	 f23:0x00000000 f25:0x00000000 f16=0x7fc00000
     464695.000 ns	     46468	80009c2c	03ba0bb3	mul	x23,x20,x27	 x20:0x00000001 x27:0x80040fe4 x23=0x80040fe4
     464715.000 ns	     46470	80009c30	0116aa33	slt	x20,x13,x17	 x13:0xfffff999 x17:0x7fffffff x20=0x00000001
     464735.000 ns	     46472	80009c34	03d9b1b3	mulhu	x3,x19,x29	 x19:0xce456000 x29:0xc3ab0000  x3=0x9da8a077
     464755.000 ns	     46474	80009c38	0bdf8893	addi	x17,x31,189	 x31:0xf8f33aac x17=0xf8f33b69
     464775.000 ns	     46476	80009c3c	02062b33	mulhsu	x22,x12,x0	 x12:0x00000000  x0:0x00000000 x22=0x00000000
     464795.000 ns	     46478	80009c40	0182d493	srli	x9,x5,0x18	  x5:0x80041024  x9=0x00000080
     464815.000 ns	     46480	80009c44	f00600d3	fmv.w.x	f1,x12	 x12:0x00000000  f1=0x00000000
     464835.000 ns	     46482	80009c48	2ad1c793	xori	x15,x3,685	  x3:0x9da8a077 x15=0x9da8a2da
     464855.000 ns	     46484	80009c4c	d01c1cd3	fcvt.s.wu	f25,x24	 x24:0x00000000 f25=0x00000000
     464895.000 ns	     46488	80009c50	11b00c53	fmul.s	f24,f0,f27	  f0:0x7fc00000 f27:0x00000000 f24=0x7fc00000
     464915.000 ns	     46490	80009c54	0032e6b3	or	x13,x5,x3	  x5:0x80041024  x3:0x9da8a077 x13=0x9dacb077
     464935.000 ns	     46492	80009c58	290e9dd3	fmax.s	f27,f29,f16	 f29:0x80040fe4 f16:0x7fc00000 f27=0x80040fe4
     464955.000 ns	     46494	80009c5c	e29c0613	addi	x12,x24,-471	 x24:0x00000000 x12=0xfffffe29
     464965.000 ns	     46495	80009c60	00a418b3	sll	x17,x8,x10	  x8:0xefa41bb4 x10:0xf75ca184 x17=0xfa41bb40
     464975.000 ns	     46496	80009c64	010f71b3	and	x3,x30,x16	 x30:0x43ab0000 x16:0x7612db18  x3=0x42020000
     464985.000 ns	     46497	80009c68	01c10633	add	x12,x2,x28	  x2:0x00000000 x28:0x00000157 x12=0x00000157
     465005.000 ns	     46499	80009c6c	d01e79d3	fcvt.s.wu	f19,x28	 x28:0x00000157 f19=0x43ab8000
     465025.000 ns	     46501	80009c70	01f62cb3	slt	x25,x12,x31	 x12:0xfffffe29 x31:0xf8f33aac x25=0x00000000
     465045.000 ns	     46503	80009c74	03519eb3	mulh	x29,x3,x21	  x3:0x42020000 x21:0x00000000 x29=0x00000000
     465065.000 ns	     46505	80009c78	4014d733	sra	x14,x9,x1	  x9:0x00000080  x1:0x00000000 x14=0x00000080
     465075.000 ns	     46506	80009c7c	0045df13	srli	x30,x11,0x4	 x11:0x00000000 x30=0x00000000
     465085.000 ns	     46507	80009c80	015a90b3	sll	x1,x21,x21	 x21:0x00000000 x21:0x00000000  x1=0x00000000
     465105.000 ns	     46509	80009c84	03d39933	mulh	x18,x7,x29	  x7:0xc3ab0000 x29:0x00000000 x18=0x00000000
     465135.000 ns	     46512	80009c88	034cbc33	mulhu	x24,x25,x20	 x25:0x00000000 x20:0x00000001 x24=0x00000000
     465155.000 ns	     46514	80009c8c	01f94a33	xor	x20,x18,x31	 x18:0x00000000 x31:0xf8f33aac x20=0xf8f33aac
     465165.000 ns	     46515	80009c90	418fd933	sra	x18,x31,x24	 x31:0xf8f33aac x24:0x00000000 x18=0xf8f33aac
     465175.000 ns	     46516	80009c94	32807213	andi	x4,x0,808	  x0:0x00000000  x4=0x00000000
     465215.000 ns	     46520	80009c98	00b073d3	fadd.s	f7,f0,f11	  f0:0x7fc00000 f11:0xffc00000  f7=0x7fc00000
     465245.000 ns	     46523	80009c9c	29139c53	fmax.s	f24,f7,f17	  f7:0x00000000 f17:0x7fc00000 f24=0x7fc00000
     465265.000 ns	     46525	80009ca0	00e75fb3	srl	x31,x14,x14	 x14:0x00000080 x14:0x00000080 x31=0x00000080
     465285.000 ns	     46527	80009ca4	f00a8cd3	fmv.w.x	f25,x21	 x21:0x00000000 f25=0x00000000
     465315.000 ns	     46530	80009ca8	03e5f833	remu	x16,x11,x30	 x11:0x00000000 x30:0x00000000 x16=0x00000000
     465345.000 ns	     46533	80009cac	e0038953	fmv.x.w	x18,f7	  f7:0x7fc00000 x18=0x7fc00000
     465395.000 ns	     46538	80009cb0	083d7c53	fsub.s	f24,f26,f3	 f26:0x7f800000  f3:0x7fc00000 f24=0x7fc00000
     465425.000 ns	     46541	80009cb4	21a40bd3	fsgnj.s	f23,f8,f26	  f8:0x7fc00000 f26:0x7f800000 f23=0x7fc00000
     465455.000 ns	     46544	80009cb8	20fb0bd3	fsgnj.s	f23,f22,f15	 f22:0x80040f75 f15:0x80040fe4 f23=0x80040f75
     465475.000 ns	     46546	80009cbc	00ab23b3	slt	x7,x22,x10	 x22:0x00000000 x10:0xf75ca184  x7=0x00000000
     465495.000 ns	     46548	80009cc0	c00d7bd3	fcvt.w.s	x23,f26	 f26:0x7f800000 x23=0x7fffffff
     465525.000 ns	     46551	80009cc4	a0372f53	feq.s	x30,f14,f3	 f14:0x4f00040f  f3:0x7fc00000 x30=0x00000000
     465545.000 ns	     46553	80009cc8	41a65333	sra	x6,x12,x26	 x12:0x00000157 x26:0xcbf63000  x6=0x00000157
     465555.000 ns	     46554	80009ccc	00b51f13	slli	x30,x10,0xb	 x10:0xf75ca184 x30=0xe50c2000
     465565.000 ns	     46555	80009cd0	b7246837	lui	x16,0xb7246	 x16=0xb7246000
     465585.000 ns	     46557	80009cd4	207522d3	fsgnjx.s	f5,f10,f7	 f10:0xc1800000  f7:0x7fc00000  f5=0xc1800000
     465955.000 ns	     46594	80009cd8	03f95ab3	divu	x21,x18,x31	 x18:0x7fc00000 x31:0x00000080 x21=0x00ff8000
     465975.000 ns	     46596	80009cdc	46173713	sltiu	x14,x14,1121	 x14:0x00000080 x14=0x00000001
     466005.000 ns	     46599	80009ce0	181f80d3	fdiv.s	f1,f31,f1	 f31:0xc3ab0000  f1:0x00000000  f1=0xff800000
     466035.000 ns	     46602	80009ce4	21371d53	fsgnjn.s	f26,f14,f19	 f14:0x4f00040f f19:0x43ab8000 f26=0xcf00040f
     466075.000 ns	     46606	80009ce8	580dfbd3	fsqrt.s	f23,f27	 f27:0x80040fe4 f23=0x7fc00000
     466105.000 ns	     46609	80009cec	d0017253	fcvt.s.w	f4,x2	  x2:0x00000000  f4=0x00000000
     466125.000 ns	     46611	80009cf0	41535eb3	sra	x29,x6,x21	  x6:0x00000157 x21:0x00ff8000 x29=0x00000157
     466145.000 ns	     46613	80009cf4	d002fed3	fcvt.s.w	f29,x5	  x5:0x80041024 f29=0xcefff7df
     466175.000 ns	     46616	80009cf8	205712d3	fsgnjn.s	f5,f14,f5	 f14:0x4f00040f  f5:0xc1800000  f5=0x4f00040f
     466205.000 ns	     46619	80009cfc	020ad6b3	divu	x13,x21,x0	 x21:0x00ff8000  x0:0x00000000 x13=0xffffffff
     466225.000 ns	     46621	80009d00	01734b33	xor	x22,x6,x23	  x6:0x00000157 x23:0x7fffffff x22=0x7ffffea8
     466245.000 ns	     46623	80009d04	21550d53	fsgnj.s	f26,f10,f21	 f10:0xc1800000 f21:0x7fc00000 f26=0x41800000
     466275.000 ns	     46626	80009d08	217e0353	fsgnj.s	f6,f28,f23	 f28:0xcd0a35e7 f23:0x7fc00000  f6=0x4d0a35e7
     466645.000 ns	     46663	80009d0c	0287c9b3	div	x19,x15,x8	 x15:0x9da8a2da  x8:0xefa41bb4 x19=0x00000006
     466665.000 ns	     46665	80009d10	0148d993	srli	x19,x17,0x14	 x17:0xfa41bb40 x19=0x00000fa4
     466675.000 ns	     46666	80009d14	b4393893	sltiu	x17,x18,-1213	 x18:0x7fc00000 x17=0x00000001
     466685.000 ns	     46667	80009d18	4188d0b3	sra	x1,x17,x24	 x17:0xfa41bb40 x24:0x00000000  x1=0x00000001
     466695.000 ns	     46668	80009d1c	804b4c13	xori	x24,x22,-2044	 x22:0x7ffffea8 x24=0x800006ac
     466705.000 ns	     46669	80009d20	39e13c93	sltiu	x25,x2,926	  x2:0x00000000 x25=0x00000001
     467065.000 ns	     46705	80009d24	031ad7b3	divu	x15,x21,x17	 x21:0x00ff8000 x17:0x00000001 x15=0x00ff8000
     467105.000 ns	     46709	80009d28	11032c53	fmul.s	f24,f6,f16	  f6:0x4d0a35e7 f16:0x7fc00000 f24=0x7fc00000
     467125.000 ns	     46711	80009d2c	d5026997	auipc	x19,0xd5026	 x19=0x5502fd2c
     467155.000 ns	     46714	80009d30	19a0f3d3	fdiv.s	f7,f1,f26	  f1:0xff800000 f26:0x41800000  f7=0xff800000
     467185.000 ns	     46717	80009d34	02231333	mulh	x6,x6,x2	  x6:0x00000157  x2:0x00000000  x6=0x00000000
     467205.000 ns	     46719	80009d38	0014c9b3	xor	x19,x9,x1	  x9:0x00000080  x1:0x00000001 x19=0x00000081
     467215.000 ns	     46720	80009d3c	00000013	addi	x0,x0,0	  x0:0x00000000
     467575.000 ns	     46756	80009d40	029ed1b3	divu	x3,x29,x9	 x29:0x00000157  x9:0x00000080  x3=0x00000002
     467625.000 ns	     46761	80009d44	01ddfdd3	fadd.s	f27,f27,f29	 f27:0x80040fe4 f29:0xcefff7df f27=0xcefff7df
     467655.000 ns	     46764	80009d48	a1680153	fle.s	x2,f16,f22	 f16:0x7fc00000 f22:0x80040f75  x2=0x00000000
     467685.000 ns	     46767	80009d4c	28c71d53	fmax.s	f26,f14,f12	 f14:0x4f00040f f12:0x00000000 f26=0x4f00040f
     467705.000 ns	     46769	80009d50	01483f33	sltu	x30,x16,x20	 x16:0xb7246000 x20:0xf8f33aac x30=0x00000001
     467745.000 ns	     46773	80009d54	087298d3	fsub.s	f17,f5,f7	  f5:0x4f00040f  f7:0xff800000 f17=0x7f800000
     467775.000 ns	     46776	80009d58	e0080ad3	fmv.x.w	x21,f16	 f16:0x7fc00000 x21=0x7fc00000
     467825.000 ns	     46781	80009d5c	01e40253	fadd.s	f4,f8,f30	  f8:0x7fc00000 f30:0x00000000  f4=0x7fc00000
     467855.000 ns	     46784	80009d60	02f4a333	mulhsu	x6,x9,x15	  x9:0x00000080 x15:0x00ff8000  x6=0x00000000
     467875.000 ns	     46786	80009d64	40978233	sub	x4,x15,x9	 x15:0x00ff8000  x9:0x00000080  x4=0x00ff7f80
     468235.000 ns	     46822	80009d68	0307e933	rem	x18,x15,x16	 x15:0x00ff8000 x16:0xb7246000 x18=0x00ff8000
     468255.000 ns	     46824	80009d6c	406dd893	srai	x17,x27,0x6	 x27:0x80040fe4 x17=0xfe00103f
     468275.000 ns	     46826	80009d70	e00819d3	fclass.s	x19,f16	 f16:0x7fc00000 x19=0x00000200
     468295.000 ns	     46828	80009d74	01dd21b3	slt	x3,x26,x29	 x26:0xcbf63000 x29:0x00000157  x3=0x00000001
     468305.000 ns	     46829	80009d78	00a8cb33	xor	x22,x17,x10	 x17:0xfe00103f x10:0xf75ca184 x22=0x095cb1bb
     468315.000 ns	     46830	80009d7c	01214bb3	xor	x23,x2,x18	  x2:0x00000000 x18:0x00ff8000 x23=0x00ff8000
     468335.000 ns	     46832	80009d80	291f1853	fmax.s	f16,f30,f17	 f30:0x00000000 f17:0x7f800000 f16=0x7f800000
     468385.000 ns	     46837	80009d84	096e35d3	fsub.s	f11,f28,f22	 f28:0xcd0a35e7 f22:0x80040f75 f11=0xcd0a35e7
     468415.000 ns	     46840	80009d88	c01175d3	fcvt.wu.s	x11,f2	  f2:0x7fc00000 x11=0xffffffff
     468435.000 ns	     46842	80009d8c	86a8a793	slti	x15,x17,-1942	 x17:0xfe00103f x15=0x00000001
     468445.000 ns	     46843	80009d90	35feabb7	lui	x23,0x35fea	 x23=0x35fea000
     468455.000 ns	     46844	80009d94	41215c93	srai	x25,x2,0x12	  x2:0x00000000 x25=0x00000000
     468485.000 ns	     46847	80009d98	580c1ed3	fsqrt.s	f29,f24	 f24:0x7fc00000 f29=0x7fc00000
     468515.000 ns	     46850	80009d9c	29ad08d3	fmin.s	f17,f26,f26	 f26:0x4f00040f f26:0x4f00040f f17=0x4f00040f
     468535.000 ns	     46852	80009da0	3be9eab7	lui	x21,0x3be9e	 x21=0x3be9e000
     468545.000 ns	     46853	80009da4	5ae50e13	addi	x28,x10,1454	 x10:0xf75ca184 x28=0xf75ca732
     468565.000 ns	     46855	80009da8	a1952e53	feq.s	x28,f10,f25	 f10:0xc1800000 f25:0x00000000 x28=0x00000000
     468595.000 ns	     46858	80009dac	20ce0dd3	fsgnj.s	f27,f28,f12	 f28:0xcd0a35e7 f12:0x00000000 f27=0x4d0a35e7
     468965.000 ns	     46895	80009db0	0282feb3	remu	x29,x5,x8	  x5:0x80041024  x8:0xefa41bb4 x29=0x80041024
     468995.000 ns	     46898	80009db4	d00776d3	fcvt.s.w	f13,x14	 x14:0x00000001 f13=0x3f800000
     469035.000 ns	     46902	80009db8	58093653	fsqrt.s	f12,f18	 f18:0x7fc00000 f12=0x7fc00000
     469055.000 ns	     46904	80009dbc	4dfb4813	xori	x16,x22,1247	 x22:0x095cb1bb x16=0x095cb564
     469065.000 ns	     46905	80009dc0	00f08033	add	x0,x1,x15	  x1:0x00000001 x15:0x00000001
     469085.000 ns	     46907	80009dc4	a1c604d3	fle.s	x9,f12,f28	 f12:0x7fc00000 f28:0xcd0a35e7  x9=0x00000000
     469105.000 ns	     46909	80009dc8	01304eb3	xor	x29,x0,x19	  x0:0x00000000 x19:0x00000200 x29=0x00000200
     469125.000 ns	     46911	80009dcc	a18c1d53	flt.s	x26,f24,f24	 f24:0x7fc00000 f24:0x7fc00000 x26=0x00000000
     469145.000 ns	     46913	80009dd0	000f9b33	sll	x22,x31,x0	 x31:0x00000080  x0:0x00000000 x22=0x00000080
     469155.000 ns	     46914	80009dd4	00597a33	and	x20,x18,x5	 x18:0x00ff8000  x5:0x80041024 x20=0x00040000
     469165.000 ns	     46915	80009dd8	019d4fb3	xor	x31,x26,x25	 x26:0x00000000 x25:0x00000000 x31=0x00000000
     469175.000 ns	     46916	80009ddc	41d6d433	sra	x8,x13,x29	 x13:0xffffffff x29:0x00000200  x8=0xffffffff
     469535.000 ns	     46952	80009de0	03efc5b3	div	x11,x31,x30	 x31:0x00000080 x30:0x00000001 x11=0x00000000
     469565.000 ns	     46955	80009de4	29429853	fmax.s	f16,f5,f20	  f5:0x4f00040f f20:0x7fc00000 f16=0x4f00040f
     469585.000 ns	     46957	80009de8	00ad38b3	sltu	x17,x26,x10	 x26:0x00000000 x10:0xf75ca184 x17=0x00000001
     469605.000 ns	     46959	80009dec	039fb233	mulhu	x4,x31,x25	 x31:0x00000000 x25:0x00000000  x4=0x00000000
     469625.000 ns	     46961	80009df0	cf11ed13	ori	x26,x3,-783	  x3:0x00000001 x26=0xfffffcf1
     469645.000 ns	     46963	80009df4	a0c019d3	flt.s	x19,f0,f12	  f0:0x7fc00000 f12:0x7fc00000 x19=0x00000000
     469675.000 ns	     46966	80009df8	02784eb3	div	x29,x16,x7	 x16:0x095cb564  x7:0x00000000 x29=0xffffffff
     469695.000 ns	     46968	80009dfc	4cacf193	andi	x3,x25,1226	 x25:0x00000000  x3=0x00000000
     469735.000 ns	     46972	80009e00	0910afd3	fsub.s	f31,f1,f17	  f1:0xff800000 f17:0x4f00040f f31=0xff800000
     469755.000 ns	     46974	80009e04	4088df33	sra	x30,x17,x8	 x17:0x00000001  x8:0xffffffff x30=0x00000000
     469775.000 ns	     46976	80009e08	025f96b3	mulh	x13,x31,x5	 x31:0x00000000  x5:0x80041024 x13=0x00000000
     469805.000 ns	     46979	80009e0c	a1dd00d3	fle.s	x1,f26,f29	 f26:0x4f00040f f29:0x7fc00000  x1=0x00000000
     469825.000 ns	     46981	80009e10	40410eb3	sub	x29,x2,x4	  x2:0x00000000  x4:0x00000000 x29=0x00000000
     469845.000 ns	     46983	80009e14	a199ac53	feq.s	x24,f19,f25	 f19:0x43ab8000 f25:0x00000000 x24=0x00000000
     469865.000 ns	     46985	80009e18	01f55c93	srli	x25,x10,0x1f	 x10:0xf75ca184 x25=0x00000001
     469895.000 ns	     46988	80009e1c	10367053	fmul.s	f0,f12,f3	 f12:0x7fc00000  f3:0x7fc00000  f0=0x7fc00000
     469915.000 ns	     46990	80009e20	7e868d13	addi	x26,x13,2024	 x13:0x00000000 x26=0x000007e8
     469925.000 ns	     46991	80009e24	0dd4a213	slti	x4,x9,221	  x9:0x00000000  x4=0x00000001
     469945.000 ns	     46993	80009e28	e0088653	fmv.x.w	x12,f17	 f17:0x4f00040f x12=0x4f00040f
     469975.000 ns	     46996	80009e2c	a0e91b53	flt.s	x22,f18,f14	 f18:0x7fc00000 f14:0x4f00040f x22=0x00000000
     469995.000 ns	     46998	80009e30	0078f7b3	and	x15,x17,x7	 x17:0x00000001  x7:0x00000000 x15=0x00000000
     470005.000 ns	     46999	80009e34	a4896d13	ori	x26,x18,-1464	 x18:0x00ff8000 x26=0xfffffa48
     470015.000 ns	     47000	80009e38	419457b3	sra	x15,x8,x25	  x8:0xffffffff x25:0x00000001 x15=0xffffffff
     470035.000 ns	     47002	80009e3c	29449053	fmax.s	f0,f9,f20	  f9:0xff800000 f20:0x7fc00000  f0=0xff800000
     470065.000 ns	     47005	80009e40	03ed48b3	div	x17,x26,x30	 x26:0xfffffa48 x30:0x00000000 x17=0xffffffff
     470095.000 ns	     47008	80009e44	d0011553	fcvt.s.w	f10,x2	  x2:0x00000000 f10=0x00000000
     470125.000 ns	     47011	80009e48	d011bc53	fcvt.s.wu	f24,x3	  x3:0x00000000 f24=0x00000000
     470155.000 ns	     47014	80009e4c	02b7d3b3	divu	x7,x15,x11	 x15:0xffffffff x11:0x00000000  x7=0xffffffff
     470175.000 ns	     47016	80009e50	00000013	addi	x0,x0,0	  x0:0x00000000
     470195.000 ns	     47018	80009e54	217514d3	fsgnjn.s	f9,f10,f23	 f10:0x00000000 f23:0x7fc00000  f9=0x80000000
     470215.000 ns	     47020	80009e58	84142413	slti	x8,x8,-1983	  x8:0xffffffff  x8=0x00000000
     470225.000 ns	     47021	80009e5c	01db53b3	srl	x7,x22,x29	 x22:0x00000000 x29:0x00000000  x7=0x00000000
     470245.000 ns	     47023	80009e60	02b5f0b3	remu	x1,x11,x11	 x11:0x00000000 x11:0x00000000  x1=0x00000000
     470265.000 ns	     47025	80009e64	b2f4cb93	xori	x23,x9,-1233	  x9:0x00000000 x23=0xfffffb2f
     470285.000 ns	     47027	80009e68	e0020ad3	fmv.x.w	x21,f4	  f4:0x7fc00000 x21=0x7fc00000
     470335.000 ns	     47032	80009e6c	008afb53	fadd.s	f22,f21,f8	 f21:0x7fc00000  f8:0x7fc00000 f22=0x7fc00000
     470355.000 ns	     47034	80009e70	6e052f13	slti	x30,x10,1760	 x10:0xf75ca184 x30=0x00000001
     470365.000 ns	     47035	80009e74	1ad4ec13	ori	x24,x9,429	  x9:0x00000000 x24=0x000001ad
     470385.000 ns	     47037	80009e78	207093d3	fsgnjn.s	f7,f1,f7	  f1:0xff800000  f7:0xff800000  f7=0x7f800000
     470405.000 ns	     47039	80009e7c	00000013	addi	x0,x0,0	  x0:0x00000000
     470425.000 ns	     47041	80009e80	29d28053	fmin.s	f0,f5,f29	  f5:0x4f00040f f29:0x7fc00000  f0=0x4f00040f
     470445.000 ns	     47043	80009e84	a59ae4b7	lui	x9,0xa59ae	  x9=0xa59ae000
     470455.000 ns	     47044	80009e88	40e8d193	srai	x3,x17,0xe	 x17:0xffffffff  x3=0xffffffff
     470475.000 ns	     47046	80009e8c	a02b1f53	flt.s	x30,f22,f2	 f22:0x7fc00000  f2:0x7fc00000 x30=0x00000000
     470495.000 ns	     47048	80009e90	00f7b6b3	sltu	x13,x15,x15	 x15:0xffffffff x15:0xffffffff x13=0x00000000
     470505.000 ns	     47049	80009e94	01b61493	slli	x9,x12,0x1b	 x12:0x4f00040f  x9=0x78000000
     470525.000 ns	     47051	80009e98	026ce033	rem	x0,x25,x6	 x25:0x00000001  x6:0x00000000
     470545.000 ns	     47053	80009e9c	00e55fb3	srl	x31,x10,x14	 x10:0xf75ca184 x14:0x00000001 x31=0x7bae50c2
     470555.000 ns	     47054	80009ea0	00459113	slli	x2,x11,0x4	 x11:0x00000000  x2=0x00000000
     470575.000 ns	     47056	80009ea4	e0001253	fclass.s	x4,f0	  f0:0x4f00040f  x4=0x00000040
     470945.000 ns	     47093	80009ea8	034a47b3	div	x15,x20,x20	 x20:0x00040000 x20:0x00040000 x15=0x00000001
     471315.000 ns	     47130	80009eac	03055a33	divu	x20,x10,x16	 x10:0xf75ca184 x16:0x095cb564 x20=0x0000001a
     471335.000 ns	     47132	80009eb0	a0284093	xori	x1,x16,-1534	 x16:0x095cb564  x1=0xf6a34f66
     471355.000 ns	     47134	80009eb4	033661b3	rem	x3,x12,x19	 x12:0x4f00040f x19:0x00000000  x3=0x4f00040f
     471375.000 ns	     47136	80009eb8	00000517	auipc	x10,0x0	 x10=0x80009eb8
     471385.000 ns	     47137	80009ebc	00c50513	addi	x10,x10,12	 x10:0xf75ca184 x10=0x80009ec4
     471395.000 ns	     47138	80009ec0	00050067	jalr	x0,x10,0	 x10:0xf75ca184
     471445.000 ns	     47143	80009ec4	00100193	addi	x3,x0,1	  x0:0x00000000  x3=0x00000001
     471455.000 ns	     47144	80009ec8	00000073	ecall	
     471465.000 ns	     47145	80009ecc	00036f17	auipc	x30,0x36	 x30=0x8003fecc
     471475.000 ns	     47146	80009ed0	123f2a23	sw	x3,308(x30)	 x30:0x00000000  x3:0x00000001 PA:0xxxxxxxxx
     471495.000 ns	     47148	80009ed4	ff9ff06f	jal	x0,80009ed0	
     471545.000 ns	     47153	80009ecc	00036f17	auipc	x30,0x36	 x30=0x8003fecc
     471555.000 ns	     47154	80009ed0	123f2a23	sw	x3,308(x30)	 x30:0x8003fecc  x3:0x00000001 PA:0xxxxxxxxx
     471575.000 ns	     47156	80009ed4	ff9ff06f	jal	x0,80009ed0	
     471625.000 ns	     47161	80009ecc	00036f17	auipc	x30,0x36	 x30=0x8003fecc
     471635.000 ns	     47162	80009ed0	123f2a23	sw	x3,308(x30)	 x30:0x8003fecc  x3:0x00000001 PA:0xxxxxxxxx
     471655.000 ns	     47164	80009ed4	ff9ff06f	jal	x0,80009ed0	
     471705.000 ns	     47169	80009ecc	00036f17	auipc	x30,0x36	 x30=0x8003fecc
     471715.000 ns	     47170	80009ed0	123f2a23	sw	x3,308(x30)	 x30:0x8003fecc  x3:0x00000001 PA:0xxxxxxxxx
     471735.000 ns	     47172	80009ed4	ff9ff06f	jal	x0,80009ed0	
     471785.000 ns	     47177	80009ecc	00036f17	auipc	x30,0x36	 x30=0x8003fecc
     471795.000 ns	     47178	80009ed0	123f2a23	sw	x3,308(x30)	 x30:0x8003fecc  x3:0x00000001 PA:0xxxxxxxxx
     471815.000 ns	     47180	80009ed4	ff9ff06f	jal	x0,80009ed0	
     471865.000 ns	     47185	80009ecc	00036f17	auipc	x30,0x36	 x30=0x8003fecc
     471875.000 ns	     47186	80009ed0	123f2a23	sw	x3,308(x30)	 x30:0x8003fecc  x3:0x00000001 PA:0xxxxxxxxx
     471895.000 ns	     47188	80009ed4	ff9ff06f	jal	x0,80009ed0	
     471945.000 ns	     47193	80009ecc	00036f17	auipc	x30,0x36	 x30=0x8003fecc
     471955.000 ns	     47194	80009ed0	123f2a23	sw	x3,308(x30)	 x30:0x8003fecc  x3:0x00000001 PA:0xxxxxxxxx
     471975.000 ns	     47196	80009ed4	ff9ff06f	jal	x0,80009ed0	
     472025.000 ns	     47201	80009ecc	00036f17	auipc	x30,0x36	 x30=0x8003fecc
     472035.000 ns	     47202	80009ed0	123f2a23	sw	x3,308(x30)	 x30:0x8003fecc  x3:0x00000001 PA:0xxxxxxxxx
     472055.000 ns	     47204	80009ed4	ff9ff06f	jal	x0,80009ed0	
     472105.000 ns	     47209	80009ecc	00036f17	auipc	x30,0x36	 x30=0x8003fecc
     472115.000 ns	     47210	80009ed0	123f2a23	sw	x3,308(x30)	 x30:0x8003fecc  x3:0x00000001 PA:0xxxxxxxxx
     472135.000 ns	     47212	80009ed4	ff9ff06f	jal	x0,80009ed0	
     472185.000 ns	     47217	80009ecc	00036f17	auipc	x30,0x36	 x30=0x8003fecc
     472195.000 ns	     47218	80009ed0	123f2a23	sw	x3,308(x30)	 x30:0x8003fecc  x3:0x00000001 PA:0xxxxxxxxx
     472215.000 ns	     47220	80009ed4	ff9ff06f	jal	x0,80009ed0	
     472265.000 ns	     47225	80009ecc	00036f17	auipc	x30,0x36	 x30=0x8003fecc
     472275.000 ns	     47226	80009ed0	123f2a23	sw	x3,308(x30)	 x30:0x8003fecc  x3:0x00000001 PA:0xxxxxxxxx
     472295.000 ns	     47228	80009ed4	ff9ff06f	jal	x0,80009ed0	
     472345.000 ns	     47233	80009ecc	00036f17	auipc	x30,0x36	 x30=0x8003fecc
     472355.000 ns	     47234	80009ed0	123f2a23	sw	x3,308(x30)	 x30:0x8003fecc  x3:0x00000001 PA:0xxxxxxxxx
     472375.000 ns	     47236	80009ed4	ff9ff06f	jal	x0,80009ed0	
     472425.000 ns	     47241	80009ecc	00036f17	auipc	x30,0x36	 x30=0x8003fecc
     472435.000 ns	     47242	80009ed0	123f2a23	sw	x3,308(x30)	 x30:0x8003fecc  x3:0x00000001 PA:0xxxxxxxxx
     472455.000 ns	     47244	80009ed4	ff9ff06f	jal	x0,80009ed0	
     472505.000 ns	     47249	80009ecc	00036f17	auipc	x30,0x36	 x30=0x8003fecc
     472515.000 ns	     47250	80009ed0	123f2a23	sw	x3,308(x30)	 x30:0x8003fecc  x3:0x00000001 PA:0xxxxxxxxx
     472535.000 ns	     47252	80009ed4	ff9ff06f	jal	x0,80009ed0	
     472585.000 ns	     47257	80009ecc	00036f17	auipc	x30,0x36	 x30=0x8003fecc
     472595.000 ns	     47258	80009ed0	123f2a23	sw	x3,308(x30)	 x30:0x8003fecc  x3:0x00000001 PA:0xxxxxxxxx
     472615.000 ns	     47260	80009ed4	ff9ff06f	jal	x0,80009ed0	
     472665.000 ns	     47265	80009ecc	00036f17	auipc	x30,0x36	 x30=0x8003fecc
     472675.000 ns	     47266	80009ed0	123f2a23	sw	x3,308(x30)	 x30:0x8003fecc  x3:0x00000001 PA:0xxxxxxxxx
     472695.000 ns	     47268	80009ed4	ff9ff06f	jal	x0,80009ed0	
     472745.000 ns	     47273	80009ecc	00036f17	auipc	x30,0x36	 x30=0x8003fecc
     472755.000 ns	     47274	80009ed0	123f2a23	sw	x3,308(x30)	 x30:0x8003fecc  x3:0x00000001 PA:0xxxxxxxxx
     472775.000 ns	     47276	80009ed4	ff9ff06f	jal	x0,80009ed0	
     472825.000 ns	     47281	80009ecc	00036f17	auipc	x30,0x36	 x30=0x8003fecc
     472835.000 ns	     47282	80009ed0	123f2a23	sw	x3,308(x30)	 x30:0x8003fecc  x3:0x00000001 PA:0xxxxxxxxx
     472855.000 ns	     47284	80009ed4	ff9ff06f	jal	x0,80009ed0	
     472905.000 ns	     47289	80009ecc	00036f17	auipc	x30,0x36	 x30=0x8003fecc
     472915.000 ns	     47290	80009ed0	123f2a23	sw	x3,308(x30)	 x30:0x8003fecc  x3:0x00000001 PA:0xxxxxxxxx
     472935.000 ns	     47292	80009ed4	ff9ff06f	jal	x0,80009ed0	
     472985.000 ns	     47297	80009ecc	00036f17	auipc	x30,0x36	 x30=0x8003fecc
     472995.000 ns	     47298	80009ed0	123f2a23	sw	x3,308(x30)	 x30:0x8003fecc  x3:0x00000001 PA:0xxxxxxxxx
     473015.000 ns	     47300	80009ed4	ff9ff06f	jal	x0,80009ed0	
     473065.000 ns	     47305	80009ecc	00036f17	auipc	x30,0x36	 x30=0x8003fecc
     473075.000 ns	     47306	80009ed0	123f2a23	sw	x3,308(x30)	 x30:0x8003fecc  x3:0x00000001 PA:0xxxxxxxxx
     473095.000 ns	     47308	80009ed4	ff9ff06f	jal	x0,80009ed0	
     473145.000 ns	     47313	80009ecc	00036f17	auipc	x30,0x36	 x30=0x8003fecc
     473155.000 ns	     47314	80009ed0	123f2a23	sw	x3,308(x30)	 x30:0x8003fecc  x3:0x00000001 PA:0xxxxxxxxx
     473175.000 ns	     47316	80009ed4	ff9ff06f	jal	x0,80009ed0	
     473225.000 ns	     47321	80009ecc	00036f17	auipc	x30,0x36	 x30=0x8003fecc
     473235.000 ns	     47322	80009ed0	123f2a23	sw	x3,308(x30)	 x30:0x8003fecc  x3:0x00000001 PA:0xxxxxxxxx
     473255.000 ns	     47324	80009ed4	ff9ff06f	jal	x0,80009ed0	
     473305.000 ns	     47329	80009ecc	00036f17	auipc	x30,0x36	 x30=0x8003fecc
     473315.000 ns	     47330	80009ed0	123f2a23	sw	x3,308(x30)	 x30:0x8003fecc  x3:0x00000001 PA:0xxxxxxxxx
     473335.000 ns	     47332	80009ed4	ff9ff06f	jal	x0,80009ed0	
     473385.000 ns	     47337	80009ecc	00036f17	auipc	x30,0x36	 x30=0x8003fecc
     473395.000 ns	     47338	80009ed0	123f2a23	sw	x3,308(x30)	 x30:0x8003fecc  x3:0x00000001 PA:0xxxxxxxxx
     473415.000 ns	     47340	80009ed4	ff9ff06f	jal	x0,80009ed0	
     473465.000 ns	     47345	80009ecc	00036f17	auipc	x30,0x36	 x30=0x8003fecc
     473475.000 ns	     47346	80009ed0	123f2a23	sw	x3,308(x30)	 x30:0x8003fecc  x3:0x00000001 PA:0xxxxxxxxx
     473495.000 ns	     47348	80009ed4	ff9ff06f	jal	x0,80009ed0	
     473545.000 ns	     47353	80009ecc	00036f17	auipc	x30,0x36	 x30=0x8003fecc
     473555.000 ns	     47354	80009ed0	123f2a23	sw	x3,308(x30)	 x30:0x8003fecc  x3:0x00000001 PA:0xxxxxxxxx
     473575.000 ns	     47356	80009ed4	ff9ff06f	jal	x0,80009ed0	
     473625.000 ns	     47361	80009ecc	00036f17	auipc	x30,0x36	 x30=0x8003fecc
     473635.000 ns	     47362	80009ed0	123f2a23	sw	x3,308(x30)	 x30:0x8003fecc  x3:0x00000001 PA:0xxxxxxxxx
     473655.000 ns	     47364	80009ed4	ff9ff06f	jal	x0,80009ed0	
     473705.000 ns	     47369	80009ecc	00036f17	auipc	x30,0x36	 x30=0x8003fecc
     473715.000 ns	     47370	80009ed0	123f2a23	sw	x3,308(x30)	 x30:0x8003fecc  x3:0x00000001 PA:0xxxxxxxxx
     473735.000 ns	     47372	80009ed4	ff9ff06f	jal	x0,80009ed0	
     473785.000 ns	     47377	80009ecc	00036f17	auipc	x30,0x36	 x30=0x8003fecc
     473795.000 ns	     47378	80009ed0	123f2a23	sw	x3,308(x30)	 x30:0x8003fecc  x3:0x00000001 PA:0xxxxxxxxx
     473815.000 ns	     47380	80009ed4	ff9ff06f	jal	x0,80009ed0	
     473865.000 ns	     47385	80009ecc	00036f17	auipc	x30,0x36	 x30=0x8003fecc
     473875.000 ns	     47386	80009ed0	123f2a23	sw	x3,308(x30)	 x30:0x8003fecc  x3:0x00000001 PA:0xxxxxxxxx
     473895.000 ns	     47388	80009ed4	ff9ff06f	jal	x0,80009ed0	
     473945.000 ns	     47393	80009ecc	00036f17	auipc	x30,0x36	 x30=0x8003fecc
     473955.000 ns	     47394	80009ed0	123f2a23	sw	x3,308(x30)	 x30:0x8003fecc  x3:0x00000001 PA:0xxxxxxxxx
     473975.000 ns	     47396	80009ed4	ff9ff06f	jal	x0,80009ed0	
     474025.000 ns	     47401	80009ecc	00036f17	auipc	x30,0x36	 x30=0x8003fecc
     474035.000 ns	     47402	80009ed0	123f2a23	sw	x3,308(x30)	 x30:0x8003fecc  x3:0x00000001 PA:0xxxxxxxxx
     474055.000 ns	     47404	80009ed4	ff9ff06f	jal	x0,80009ed0	
     474105.000 ns	     47409	80009ecc	00036f17	auipc	x30,0x36	 x30=0x8003fecc
     474115.000 ns	     47410	80009ed0	123f2a23	sw	x3,308(x30)	 x30:0x8003fecc  x3:0x00000001 PA:0xxxxxxxxx
     474135.000 ns	     47412	80009ed4	ff9ff06f	jal	x0,80009ed0	
     474185.000 ns	     47417	80009ecc	00036f17	auipc	x30,0x36	 x30=0x8003fecc
     474195.000 ns	     47418	80009ed0	123f2a23	sw	x3,308(x30)	 x30:0x8003fecc  x3:0x00000001 PA:0xxxxxxxxx
     474215.000 ns	     47420	80009ed4	ff9ff06f	jal	x0,80009ed0	
     474265.000 ns	     47425	80009ecc	00036f17	auipc	x30,0x36	 x30=0x8003fecc
     474275.000 ns	     47426	80009ed0	123f2a23	sw	x3,308(x30)	 x30:0x8003fecc  x3:0x00000001 PA:0xxxxxxxxx
     474295.000 ns	     47428	80009ed4	ff9ff06f	jal	x0,80009ed0	
     474345.000 ns	     47433	80009ecc	00036f17	auipc	x30,0x36	 x30=0x8003fecc
     474355.000 ns	     47434	80009ed0	123f2a23	sw	x3,308(x30)	 x30:0x8003fecc  x3:0x00000001 PA:0xxxxxxxxx
     474375.000 ns	     47436	80009ed4	ff9ff06f	jal	x0,80009ed0	
     474425.000 ns	     47441	80009ecc	00036f17	auipc	x30,0x36	 x30=0x8003fecc
     474435.000 ns	     47442	80009ed0	123f2a23	sw	x3,308(x30)	 x30:0x8003fecc  x3:0x00000001 PA:0xxxxxxxxx
     474455.000 ns	     47444	80009ed4	ff9ff06f	jal	x0,80009ed0	
     474505.000 ns	     47449	80009ecc	00036f17	auipc	x30,0x36	 x30=0x8003fecc
     474515.000 ns	     47450	80009ed0	123f2a23	sw	x3,308(x30)	 x30:0x8003fecc  x3:0x00000001 PA:0xxxxxxxxx
     474535.000 ns	     47452	80009ed4	ff9ff06f	jal	x0,80009ed0	
     474585.000 ns	     47457	80009ecc	00036f17	auipc	x30,0x36	 x30=0x8003fecc
     474595.000 ns	     47458	80009ed0	123f2a23	sw	x3,308(x30)	 x30:0x8003fecc  x3:0x00000001 PA:0xxxxxxxxx
     474615.000 ns	     47460	80009ed4	ff9ff06f	jal	x0,80009ed0	
     474665.000 ns	     47465	80009ecc	00036f17	auipc	x30,0x36	 x30=0x8003fecc
     474675.000 ns	     47466	80009ed0	123f2a23	sw	x3,308(x30)	 x30:0x8003fecc  x3:0x00000001 PA:0xxxxxxxxx
     474695.000 ns	     47468	80009ed4	ff9ff06f	jal	x0,80009ed0	
     474745.000 ns	     47473	80009ecc	00036f17	auipc	x30,0x36	 x30=0x8003fecc
     474755.000 ns	     47474	80009ed0	123f2a23	sw	x3,308(x30)	 x30:0x8003fecc  x3:0x00000001 PA:0xxxxxxxxx
     474775.000 ns	     47476	80009ed4	ff9ff06f	jal	x0,80009ed0	
     474825.000 ns	     47481	80009ecc	00036f17	auipc	x30,0x36	 x30=0x8003fecc
     474835.000 ns	     47482	80009ed0	123f2a23	sw	x3,308(x30)	 x30:0x8003fecc  x3:0x00000001 PA:0xxxxxxxxx
     474855.000 ns	     47484	80009ed4	ff9ff06f	jal	x0,80009ed0	
     474905.000 ns	     47489	80009ecc	00036f17	auipc	x30,0x36	 x30=0x8003fecc
     474915.000 ns	     47490	80009ed0	123f2a23	sw	x3,308(x30)	 x30:0x8003fecc  x3:0x00000001 PA:0xxxxxxxxx
     474935.000 ns	     47492	80009ed4	ff9ff06f	jal	x0,80009ed0	
     474985.000 ns	     47497	80009ecc	00036f17	auipc	x30,0x36	 x30=0x8003fecc
     474995.000 ns	     47498	80009ed0	123f2a23	sw	x3,308(x30)	 x30:0x8003fecc  x3:0x00000001 PA:0xxxxxxxxx
     475015.000 ns	     47500	80009ed4	ff9ff06f	jal	x0,80009ed0	
     475065.000 ns	     47505	80009ecc	00036f17	auipc	x30,0x36	 x30=0x8003fecc
     475075.000 ns	     47506	80009ed0	123f2a23	sw	x3,308(x30)	 x30:0x8003fecc  x3:0x00000001 PA:0xxxxxxxxx
     475095.000 ns	     47508	80009ed4	ff9ff06f	jal	x0,80009ed0	
     475145.000 ns	     47513	80009ecc	00036f17	auipc	x30,0x36	 x30=0x8003fecc
     475155.000 ns	     47514	80009ed0	123f2a23	sw	x3,308(x30)	 x30:0x8003fecc  x3:0x00000001 PA:0xxxxxxxxx
     475175.000 ns	     47516	80009ed4	ff9ff06f	jal	x0,80009ed0	
     475225.000 ns	     47521	80009ecc	00036f17	auipc	x30,0x36	 x30=0x8003fecc
     475235.000 ns	     47522	80009ed0	123f2a23	sw	x3,308(x30)	 x30:0x8003fecc  x3:0x00000001 PA:0xxxxxxxxx
     475255.000 ns	     47524	80009ed4	ff9ff06f	jal	x0,80009ed0	
     475305.000 ns	     47529	80009ecc	00036f17	auipc	x30,0x36	 x30=0x8003fecc
     475315.000 ns	     47530	80009ed0	123f2a23	sw	x3,308(x30)	 x30:0x8003fecc  x3:0x00000001 PA:0xxxxxxxxx
     475335.000 ns	     47532	80009ed4	ff9ff06f	jal	x0,80009ed0	
     475385.000 ns	     47537	80009ecc	00036f17	auipc	x30,0x36	 x30=0x8003fecc
     475395.000 ns	     47538	80009ed0	123f2a23	sw	x3,308(x30)	 x30:0x8003fecc  x3:0x00000001 PA:0xxxxxxxxx
     475415.000 ns	     47540	80009ed4	ff9ff06f	jal	x0,80009ed0	
     475465.000 ns	     47545	80009ecc	00036f17	auipc	x30,0x36	 x30=0x8003fecc
     475475.000 ns	     47546	80009ed0	123f2a23	sw	x3,308(x30)	 x30:0x8003fecc  x3:0x00000001 PA:0xxxxxxxxx
     475495.000 ns	     47548	80009ed4	ff9ff06f	jal	x0,80009ed0	
     475545.000 ns	     47553	80009ecc	00036f17	auipc	x30,0x36	 x30=0x8003fecc
     475555.000 ns	     47554	80009ed0	123f2a23	sw	x3,308(x30)	 x30:0x8003fecc  x3:0x00000001 PA:0xxxxxxxxx
     475575.000 ns	     47556	80009ed4	ff9ff06f	jal	x0,80009ed0	
     475625.000 ns	     47561	80009ecc	00036f17	auipc	x30,0x36	 x30=0x8003fecc
     475635.000 ns	     47562	80009ed0	123f2a23	sw	x3,308(x30)	 x30:0x8003fecc  x3:0x00000001 PA:0xxxxxxxxx
     475655.000 ns	     47564	80009ed4	ff9ff06f	jal	x0,80009ed0	
     475705.000 ns	     47569	80009ecc	00036f17	auipc	x30,0x36	 x30=0x8003fecc
     475715.000 ns	     47570	80009ed0	123f2a23	sw	x3,308(x30)	 x30:0x8003fecc  x3:0x00000001 PA:0xxxxxxxxx
     475735.000 ns	     47572	80009ed4	ff9ff06f	jal	x0,80009ed0	
     475785.000 ns	     47577	80009ecc	00036f17	auipc	x30,0x36	 x30=0x8003fecc
     475795.000 ns	     47578	80009ed0	123f2a23	sw	x3,308(x30)	 x30:0x8003fecc  x3:0x00000001 PA:0xxxxxxxxx
     475815.000 ns	     47580	80009ed4	ff9ff06f	jal	x0,80009ed0	
     475865.000 ns	     47585	80009ecc	00036f17	auipc	x30,0x36	 x30=0x8003fecc
     475875.000 ns	     47586	80009ed0	123f2a23	sw	x3,308(x30)	 x30:0x8003fecc  x3:0x00000001 PA:0xxxxxxxxx
     475895.000 ns	     47588	80009ed4	ff9ff06f	jal	x0,80009ed0	
     475945.000 ns	     47593	80009ecc	00036f17	auipc	x30,0x36	 x30=0x8003fecc
     475955.000 ns	     47594	80009ed0	123f2a23	sw	x3,308(x30)	 x30:0x8003fecc  x3:0x00000001 PA:0xxxxxxxxx
     475975.000 ns	     47596	80009ed4	ff9ff06f	jal	x0,80009ed0	
     476025.000 ns	     47601	80009ecc	00036f17	auipc	x30,0x36	 x30=0x8003fecc
     476035.000 ns	     47602	80009ed0	123f2a23	sw	x3,308(x30)	 x30:0x8003fecc  x3:0x00000001 PA:0xxxxxxxxx
     476055.000 ns	     47604	80009ed4	ff9ff06f	jal	x0,80009ed0	
     476105.000 ns	     47609	80009ecc	00036f17	auipc	x30,0x36	 x30=0x8003fecc
     476115.000 ns	     47610	80009ed0	123f2a23	sw	x3,308(x30)	 x30:0x8003fecc  x3:0x00000001 PA:0xxxxxxxxx
     476135.000 ns	     47612	80009ed4	ff9ff06f	jal	x0,80009ed0	
     476185.000 ns	     47617	80009ecc	00036f17	auipc	x30,0x36	 x30=0x8003fecc
     476195.000 ns	     47618	80009ed0	123f2a23	sw	x3,308(x30)	 x30:0x8003fecc  x3:0x00000001 PA:0xxxxxxxxx
     476215.000 ns	     47620	80009ed4	ff9ff06f	jal	x0,80009ed0	
     476265.000 ns	     47625	80009ecc	00036f17	auipc	x30,0x36	 x30=0x8003fecc
     476275.000 ns	     47626	80009ed0	123f2a23	sw	x3,308(x30)	 x30:0x8003fecc  x3:0x00000001 PA:0xxxxxxxxx
     476295.000 ns	     47628	80009ed4	ff9ff06f	jal	x0,80009ed0	
     476345.000 ns	     47633	80009ecc	00036f17	auipc	x30,0x36	 x30=0x8003fecc
     476355.000 ns	     47634	80009ed0	123f2a23	sw	x3,308(x30)	 x30:0x8003fecc  x3:0x00000001 PA:0xxxxxxxxx
     476375.000 ns	     47636	80009ed4	ff9ff06f	jal	x0,80009ed0	
     476425.000 ns	     47641	80009ecc	00036f17	auipc	x30,0x36	 x30=0x8003fecc
     476435.000 ns	     47642	80009ed0	123f2a23	sw	x3,308(x30)	 x30:0x8003fecc  x3:0x00000001 PA:0xxxxxxxxx
     476455.000 ns	     47644	80009ed4	ff9ff06f	jal	x0,80009ed0	
     476505.000 ns	     47649	80009ecc	00036f17	auipc	x30,0x36	 x30=0x8003fecc
     476515.000 ns	     47650	80009ed0	123f2a23	sw	x3,308(x30)	 x30:0x8003fecc  x3:0x00000001 PA:0xxxxxxxxx
     476535.000 ns	     47652	80009ed4	ff9ff06f	jal	x0,80009ed0	
     476585.000 ns	     47657	80009ecc	00036f17	auipc	x30,0x36	 x30=0x8003fecc
     476595.000 ns	     47658	80009ed0	123f2a23	sw	x3,308(x30)	 x30:0x8003fecc  x3:0x00000001 PA:0xxxxxxxxx
     476615.000 ns	     47660	80009ed4	ff9ff06f	jal	x0,80009ed0	
     476665.000 ns	     47665	80009ecc	00036f17	auipc	x30,0x36	 x30=0x8003fecc
     476675.000 ns	     47666	80009ed0	123f2a23	sw	x3,308(x30)	 x30:0x8003fecc  x3:0x00000001 PA:0xxxxxxxxx
     476695.000 ns	     47668	80009ed4	ff9ff06f	jal	x0,80009ed0	
     476745.000 ns	     47673	80009ecc	00036f17	auipc	x30,0x36	 x30=0x8003fecc
     476755.000 ns	     47674	80009ed0	123f2a23	sw	x3,308(x30)	 x30:0x8003fecc  x3:0x00000001 PA:0xxxxxxxxx
     476775.000 ns	     47676	80009ed4	ff9ff06f	jal	x0,80009ed0	
     476825.000 ns	     47681	80009ecc	00036f17	auipc	x30,0x36	 x30=0x8003fecc
     476835.000 ns	     47682	80009ed0	123f2a23	sw	x3,308(x30)	 x30:0x8003fecc  x3:0x00000001 PA:0xxxxxxxxx
     476855.000 ns	     47684	80009ed4	ff9ff06f	jal	x0,80009ed0	
     476905.000 ns	     47689	80009ecc	00036f17	auipc	x30,0x36	 x30=0x8003fecc
     476915.000 ns	     47690	80009ed0	123f2a23	sw	x3,308(x30)	 x30:0x8003fecc  x3:0x00000001 PA:0xxxxxxxxx
     476935.000 ns	     47692	80009ed4	ff9ff06f	jal	x0,80009ed0	
     476985.000 ns	     47697	80009ecc	00036f17	auipc	x30,0x36	 x30=0x8003fecc
     476995.000 ns	     47698	80009ed0	123f2a23	sw	x3,308(x30)	 x30:0x8003fecc  x3:0x00000001 PA:0xxxxxxxxx
     477015.000 ns	     47700	80009ed4	ff9ff06f	jal	x0,80009ed0	
     477065.000 ns	     47705	80009ecc	00036f17	auipc	x30,0x36	 x30=0x8003fecc
     477075.000 ns	     47706	80009ed0	123f2a23	sw	x3,308(x30)	 x30:0x8003fecc  x3:0x00000001 PA:0xxxxxxxxx
     477095.000 ns	     47708	80009ed4	ff9ff06f	jal	x0,80009ed0	
     477145.000 ns	     47713	80009ecc	00036f17	auipc	x30,0x36	 x30=0x8003fecc
     477155.000 ns	     47714	80009ed0	123f2a23	sw	x3,308(x30)	 x30:0x8003fecc  x3:0x00000001 PA:0xxxxxxxxx
     477175.000 ns	     47716	80009ed4	ff9ff06f	jal	x0,80009ed0	
     477225.000 ns	     47721	80009ecc	00036f17	auipc	x30,0x36	 x30=0x8003fecc
     477235.000 ns	     47722	80009ed0	123f2a23	sw	x3,308(x30)	 x30:0x8003fecc  x3:0x00000001 PA:0xxxxxxxxx
     477255.000 ns	     47724	80009ed4	ff9ff06f	jal	x0,80009ed0	
     477305.000 ns	     47729	80009ecc	00036f17	auipc	x30,0x36	 x30=0x8003fecc
     477315.000 ns	     47730	80009ed0	123f2a23	sw	x3,308(x30)	 x30:0x8003fecc  x3:0x00000001 PA:0xxxxxxxxx
     477335.000 ns	     47732	80009ed4	ff9ff06f	jal	x0,80009ed0	
     477385.000 ns	     47737	80009ecc	00036f17	auipc	x30,0x36	 x30=0x8003fecc
     477395.000 ns	     47738	80009ed0	123f2a23	sw	x3,308(x30)	 x30:0x8003fecc  x3:0x00000001 PA:0xxxxxxxxx
     477415.000 ns	     47740	80009ed4	ff9ff06f	jal	x0,80009ed0	
     477465.000 ns	     47745	80009ecc	00036f17	auipc	x30,0x36	 x30=0x8003fecc
     477475.000 ns	     47746	80009ed0	123f2a23	sw	x3,308(x30)	 x30:0x8003fecc  x3:0x00000001 PA:0xxxxxxxxx
     477495.000 ns	     47748	80009ed4	ff9ff06f	jal	x0,80009ed0	
     477545.000 ns	     47753	80009ecc	00036f17	auipc	x30,0x36	 x30=0x8003fecc
     477555.000 ns	     47754	80009ed0	123f2a23	sw	x3,308(x30)	 x30:0x8003fecc  x3:0x00000001 PA:0xxxxxxxxx
     477575.000 ns	     47756	80009ed4	ff9ff06f	jal	x0,80009ed0	
     477625.000 ns	     47761	80009ecc	00036f17	auipc	x30,0x36	 x30=0x8003fecc
     477635.000 ns	     47762	80009ed0	123f2a23	sw	x3,308(x30)	 x30:0x8003fecc  x3:0x00000001 PA:0xxxxxxxxx
     477655.000 ns	     47764	80009ed4	ff9ff06f	jal	x0,80009ed0	
     477705.000 ns	     47769	80009ecc	00036f17	auipc	x30,0x36	 x30=0x8003fecc
     477715.000 ns	     47770	80009ed0	123f2a23	sw	x3,308(x30)	 x30:0x8003fecc  x3:0x00000001 PA:0xxxxxxxxx
     477735.000 ns	     47772	80009ed4	ff9ff06f	jal	x0,80009ed0	
     477785.000 ns	     47777	80009ecc	00036f17	auipc	x30,0x36	 x30=0x8003fecc
     477795.000 ns	     47778	80009ed0	123f2a23	sw	x3,308(x30)	 x30:0x8003fecc  x3:0x00000001 PA:0xxxxxxxxx
     477815.000 ns	     47780	80009ed4	ff9ff06f	jal	x0,80009ed0	
     477865.000 ns	     47785	80009ecc	00036f17	auipc	x30,0x36	 x30=0x8003fecc
     477875.000 ns	     47786	80009ed0	123f2a23	sw	x3,308(x30)	 x30:0x8003fecc  x3:0x00000001 PA:0xxxxxxxxx
     477895.000 ns	     47788	80009ed4	ff9ff06f	jal	x0,80009ed0	
     477945.000 ns	     47793	80009ecc	00036f17	auipc	x30,0x36	 x30=0x8003fecc
     477955.000 ns	     47794	80009ed0	123f2a23	sw	x3,308(x30)	 x30:0x8003fecc  x3:0x00000001 PA:0xxxxxxxxx
     477975.000 ns	     47796	80009ed4	ff9ff06f	jal	x0,80009ed0	
     478025.000 ns	     47801	80009ecc	00036f17	auipc	x30,0x36	 x30=0x8003fecc
     478035.000 ns	     47802	80009ed0	123f2a23	sw	x3,308(x30)	 x30:0x8003fecc  x3:0x00000001 PA:0xxxxxxxxx
     478055.000 ns	     47804	80009ed4	ff9ff06f	jal	x0,80009ed0	
     478105.000 ns	     47809	80009ecc	00036f17	auipc	x30,0x36	 x30=0x8003fecc
     478115.000 ns	     47810	80009ed0	123f2a23	sw	x3,308(x30)	 x30:0x8003fecc  x3:0x00000001 PA:0xxxxxxxxx
     478135.000 ns	     47812	80009ed4	ff9ff06f	jal	x0,80009ed0	
     478185.000 ns	     47817	80009ecc	00036f17	auipc	x30,0x36	 x30=0x8003fecc
     478195.000 ns	     47818	80009ed0	123f2a23	sw	x3,308(x30)	 x30:0x8003fecc  x3:0x00000001 PA:0xxxxxxxxx
     478215.000 ns	     47820	80009ed4	ff9ff06f	jal	x0,80009ed0	
     478265.000 ns	     47825	80009ecc	00036f17	auipc	x30,0x36	 x30=0x8003fecc
     478275.000 ns	     47826	80009ed0	123f2a23	sw	x3,308(x30)	 x30:0x8003fecc  x3:0x00000001 PA:0xxxxxxxxx
     478295.000 ns	     47828	80009ed4	ff9ff06f	jal	x0,80009ed0	
     478345.000 ns	     47833	80009ecc	00036f17	auipc	x30,0x36	 x30=0x8003fecc
     478355.000 ns	     47834	80009ed0	123f2a23	sw	x3,308(x30)	 x30:0x8003fecc  x3:0x00000001 PA:0xxxxxxxxx
     478375.000 ns	     47836	80009ed4	ff9ff06f	jal	x0,80009ed0	
     478425.000 ns	     47841	80009ecc	00036f17	auipc	x30,0x36	 x30=0x8003fecc
     478435.000 ns	     47842	80009ed0	123f2a23	sw	x3,308(x30)	 x30:0x8003fecc  x3:0x00000001 PA:0xxxxxxxxx
     478455.000 ns	     47844	80009ed4	ff9ff06f	jal	x0,80009ed0	
     478505.000 ns	     47849	80009ecc	00036f17	auipc	x30,0x36	 x30=0x8003fecc
     478515.000 ns	     47850	80009ed0	123f2a23	sw	x3,308(x30)	 x30:0x8003fecc  x3:0x00000001 PA:0xxxxxxxxx
     478535.000 ns	     47852	80009ed4	ff9ff06f	jal	x0,80009ed0	
     478585.000 ns	     47857	80009ecc	00036f17	auipc	x30,0x36	 x30=0x8003fecc
     478595.000 ns	     47858	80009ed0	123f2a23	sw	x3,308(x30)	 x30:0x8003fecc  x3:0x00000001 PA:0xxxxxxxxx
     478615.000 ns	     47860	80009ed4	ff9ff06f	jal	x0,80009ed0	
     478665.000 ns	     47865	80009ecc	00036f17	auipc	x30,0x36	 x30=0x8003fecc
     478675.000 ns	     47866	80009ed0	123f2a23	sw	x3,308(x30)	 x30:0x8003fecc  x3:0x00000001 PA:0xxxxxxxxx
     478695.000 ns	     47868	80009ed4	ff9ff06f	jal	x0,80009ed0	
     478745.000 ns	     47873	80009ecc	00036f17	auipc	x30,0x36	 x30=0x8003fecc
     478755.000 ns	     47874	80009ed0	123f2a23	sw	x3,308(x30)	 x30:0x8003fecc  x3:0x00000001 PA:0xxxxxxxxx
     478775.000 ns	     47876	80009ed4	ff9ff06f	jal	x0,80009ed0	
     478825.000 ns	     47881	80009ecc	00036f17	auipc	x30,0x36	 x30=0x8003fecc
     478835.000 ns	     47882	80009ed0	123f2a23	sw	x3,308(x30)	 x30:0x8003fecc  x3:0x00000001 PA:0xxxxxxxxx
     478855.000 ns	     47884	80009ed4	ff9ff06f	jal	x0,80009ed0	
     478905.000 ns	     47889	80009ecc	00036f17	auipc	x30,0x36	 x30=0x8003fecc
     478915.000 ns	     47890	80009ed0	123f2a23	sw	x3,308(x30)	 x30:0x8003fecc  x3:0x00000001 PA:0xxxxxxxxx
     478935.000 ns	     47892	80009ed4	ff9ff06f	jal	x0,80009ed0	
     478985.000 ns	     47897	80009ecc	00036f17	auipc	x30,0x36	 x30=0x8003fecc
     478995.000 ns	     47898	80009ed0	123f2a23	sw	x3,308(x30)	 x30:0x8003fecc  x3:0x00000001 PA:0xxxxxxxxx
     479015.000 ns	     47900	80009ed4	ff9ff06f	jal	x0,80009ed0	
     479065.000 ns	     47905	80009ecc	00036f17	auipc	x30,0x36	 x30=0x8003fecc
     479075.000 ns	     47906	80009ed0	123f2a23	sw	x3,308(x30)	 x30:0x8003fecc  x3:0x00000001 PA:0xxxxxxxxx
     479095.000 ns	     47908	80009ed4	ff9ff06f	jal	x0,80009ed0	
     479145.000 ns	     47913	80009ecc	00036f17	auipc	x30,0x36	 x30=0x8003fecc
     479155.000 ns	     47914	80009ed0	123f2a23	sw	x3,308(x30)	 x30:0x8003fecc  x3:0x00000001 PA:0xxxxxxxxx
     479175.000 ns	     47916	80009ed4	ff9ff06f	jal	x0,80009ed0	
     479225.000 ns	     47921	80009ecc	00036f17	auipc	x30,0x36	 x30=0x8003fecc
     479235.000 ns	     47922	80009ed0	123f2a23	sw	x3,308(x30)	 x30:0x8003fecc  x3:0x00000001 PA:0xxxxxxxxx
     479255.000 ns	     47924	80009ed4	ff9ff06f	jal	x0,80009ed0	
     479305.000 ns	     47929	80009ecc	00036f17	auipc	x30,0x36	 x30=0x8003fecc
     479315.000 ns	     47930	80009ed0	123f2a23	sw	x3,308(x30)	 x30:0x8003fecc  x3:0x00000001 PA:0xxxxxxxxx
     479335.000 ns	     47932	80009ed4	ff9ff06f	jal	x0,80009ed0	
     479385.000 ns	     47937	80009ecc	00036f17	auipc	x30,0x36	 x30=0x8003fecc
     479395.000 ns	     47938	80009ed0	123f2a23	sw	x3,308(x30)	 x30:0x8003fecc  x3:0x00000001 PA:0xxxxxxxxx
     479415.000 ns	     47940	80009ed4	ff9ff06f	jal	x0,80009ed0	
     479465.000 ns	     47945	80009ecc	00036f17	auipc	x30,0x36	 x30=0x8003fecc
     479475.000 ns	     47946	80009ed0	123f2a23	sw	x3,308(x30)	 x30:0x8003fecc  x3:0x00000001 PA:0xxxxxxxxx
     479495.000 ns	     47948	80009ed4	ff9ff06f	jal	x0,80009ed0	
     479545.000 ns	     47953	80009ecc	00036f17	auipc	x30,0x36	 x30=0x8003fecc
     479555.000 ns	     47954	80009ed0	123f2a23	sw	x3,308(x30)	 x30:0x8003fecc  x3:0x00000001 PA:0xxxxxxxxx
     479575.000 ns	     47956	80009ed4	ff9ff06f	jal	x0,80009ed0	
     479625.000 ns	     47961	80009ecc	00036f17	auipc	x30,0x36	 x30=0x8003fecc
     479635.000 ns	     47962	80009ed0	123f2a23	sw	x3,308(x30)	 x30:0x8003fecc  x3:0x00000001 PA:0xxxxxxxxx
     479655.000 ns	     47964	80009ed4	ff9ff06f	jal	x0,80009ed0	
     479705.000 ns	     47969	80009ecc	00036f17	auipc	x30,0x36	 x30=0x8003fecc
     479715.000 ns	     47970	80009ed0	123f2a23	sw	x3,308(x30)	 x30:0x8003fecc  x3:0x00000001 PA:0xxxxxxxxx
     479735.000 ns	     47972	80009ed4	ff9ff06f	jal	x0,80009ed0	
     479785.000 ns	     47977	80009ecc	00036f17	auipc	x30,0x36	 x30=0x8003fecc
     479795.000 ns	     47978	80009ed0	123f2a23	sw	x3,308(x30)	 x30:0x8003fecc  x3:0x00000001 PA:0xxxxxxxxx
     479815.000 ns	     47980	80009ed4	ff9ff06f	jal	x0,80009ed0	
     479865.000 ns	     47985	80009ecc	00036f17	auipc	x30,0x36	 x30=0x8003fecc
     479875.000 ns	     47986	80009ed0	123f2a23	sw	x3,308(x30)	 x30:0x8003fecc  x3:0x00000001 PA:0xxxxxxxxx
     479895.000 ns	     47988	80009ed4	ff9ff06f	jal	x0,80009ed0	
     479945.000 ns	     47993	80009ecc	00036f17	auipc	x30,0x36	 x30=0x8003fecc
     479955.000 ns	     47994	80009ed0	123f2a23	sw	x3,308(x30)	 x30:0x8003fecc  x3:0x00000001 PA:0xxxxxxxxx
     479975.000 ns	     47996	80009ed4	ff9ff06f	jal	x0,80009ed0	
     480025.000 ns	     48001	80009ecc	00036f17	auipc	x30,0x36	 x30=0x8003fecc
     480035.000 ns	     48002	80009ed0	123f2a23	sw	x3,308(x30)	 x30:0x8003fecc  x3:0x00000001 PA:0xxxxxxxxx
     480055.000 ns	     48004	80009ed4	ff9ff06f	jal	x0,80009ed0	
     480105.000 ns	     48009	80009ecc	00036f17	auipc	x30,0x36	 x30=0x8003fecc
     480115.000 ns	     48010	80009ed0	123f2a23	sw	x3,308(x30)	 x30:0x8003fecc  x3:0x00000001 PA:0xxxxxxxxx
     480135.000 ns	     48012	80009ed4	ff9ff06f	jal	x0,80009ed0	
     480185.000 ns	     48017	80009ecc	00036f17	auipc	x30,0x36	 x30=0x8003fecc
     480195.000 ns	     48018	80009ed0	123f2a23	sw	x3,308(x30)	 x30:0x8003fecc  x3:0x00000001 PA:0xxxxxxxxx
     480215.000 ns	     48020	80009ed4	ff9ff06f	jal	x0,80009ed0	
     480265.000 ns	     48025	80009ecc	00036f17	auipc	x30,0x36	 x30=0x8003fecc
     480275.000 ns	     48026	80009ed0	123f2a23	sw	x3,308(x30)	 x30:0x8003fecc  x3:0x00000001 PA:0xxxxxxxxx
     480295.000 ns	     48028	80009ed4	ff9ff06f	jal	x0,80009ed0	
     480345.000 ns	     48033	80009ecc	00036f17	auipc	x30,0x36	 x30=0x8003fecc
     480355.000 ns	     48034	80009ed0	123f2a23	sw	x3,308(x30)	 x30:0x8003fecc  x3:0x00000001 PA:0xxxxxxxxx
     480375.000 ns	     48036	80009ed4	ff9ff06f	jal	x0,80009ed0	
     480425.000 ns	     48041	80009ecc	00036f17	auipc	x30,0x36	 x30=0x8003fecc
     480435.000 ns	     48042	80009ed0	123f2a23	sw	x3,308(x30)	 x30:0x8003fecc  x3:0x00000001 PA:0xxxxxxxxx
     480455.000 ns	     48044	80009ed4	ff9ff06f	jal	x0,80009ed0	
     480505.000 ns	     48049	80009ecc	00036f17	auipc	x30,0x36	 x30=0x8003fecc
     480515.000 ns	     48050	80009ed0	123f2a23	sw	x3,308(x30)	 x30:0x8003fecc  x3:0x00000001 PA:0xxxxxxxxx
     480535.000 ns	     48052	80009ed4	ff9ff06f	jal	x0,80009ed0	
     480585.000 ns	     48057	80009ecc	00036f17	auipc	x30,0x36	 x30=0x8003fecc
     480595.000 ns	     48058	80009ed0	123f2a23	sw	x3,308(x30)	 x30:0x8003fecc  x3:0x00000001 PA:0xxxxxxxxx
     480615.000 ns	     48060	80009ed4	ff9ff06f	jal	x0,80009ed0	
     480665.000 ns	     48065	80009ecc	00036f17	auipc	x30,0x36	 x30=0x8003fecc
     480675.000 ns	     48066	80009ed0	123f2a23	sw	x3,308(x30)	 x30:0x8003fecc  x3:0x00000001 PA:0xxxxxxxxx
     480695.000 ns	     48068	80009ed4	ff9ff06f	jal	x0,80009ed0	
     480745.000 ns	     48073	80009ecc	00036f17	auipc	x30,0x36	 x30=0x8003fecc
     480755.000 ns	     48074	80009ed0	123f2a23	sw	x3,308(x30)	 x30:0x8003fecc  x3:0x00000001 PA:0xxxxxxxxx
     480775.000 ns	     48076	80009ed4	ff9ff06f	jal	x0,80009ed0	
     480825.000 ns	     48081	80009ecc	00036f17	auipc	x30,0x36	 x30=0x8003fecc
     480835.000 ns	     48082	80009ed0	123f2a23	sw	x3,308(x30)	 x30:0x8003fecc  x3:0x00000001 PA:0xxxxxxxxx
     480855.000 ns	     48084	80009ed4	ff9ff06f	jal	x0,80009ed0	
     480905.000 ns	     48089	80009ecc	00036f17	auipc	x30,0x36	 x30=0x8003fecc
     480915.000 ns	     48090	80009ed0	123f2a23	sw	x3,308(x30)	 x30:0x8003fecc  x3:0x00000001 PA:0xxxxxxxxx
     480935.000 ns	     48092	80009ed4	ff9ff06f	jal	x0,80009ed0	
     480985.000 ns	     48097	80009ecc	00036f17	auipc	x30,0x36	 x30=0x8003fecc
     480995.000 ns	     48098	80009ed0	123f2a23	sw	x3,308(x30)	 x30:0x8003fecc  x3:0x00000001 PA:0xxxxxxxxx
     481015.000 ns	     48100	80009ed4	ff9ff06f	jal	x0,80009ed0	
     481065.000 ns	     48105	80009ecc	00036f17	auipc	x30,0x36	 x30=0x8003fecc
     481075.000 ns	     48106	80009ed0	123f2a23	sw	x3,308(x30)	 x30:0x8003fecc  x3:0x00000001 PA:0xxxxxxxxx
     481095.000 ns	     48108	80009ed4	ff9ff06f	jal	x0,80009ed0	
     481145.000 ns	     48113	80009ecc	00036f17	auipc	x30,0x36	 x30=0x8003fecc
     481155.000 ns	     48114	80009ed0	123f2a23	sw	x3,308(x30)	 x30:0x8003fecc  x3:0x00000001 PA:0xxxxxxxxx
     481175.000 ns	     48116	80009ed4	ff9ff06f	jal	x0,80009ed0	
     481225.000 ns	     48121	80009ecc	00036f17	auipc	x30,0x36	 x30=0x8003fecc
     481235.000 ns	     48122	80009ed0	123f2a23	sw	x3,308(x30)	 x30:0x8003fecc  x3:0x00000001 PA:0xxxxxxxxx
     481255.000 ns	     48124	80009ed4	ff9ff06f	jal	x0,80009ed0	
     481305.000 ns	     48129	80009ecc	00036f17	auipc	x30,0x36	 x30=0x8003fecc
     481315.000 ns	     48130	80009ed0	123f2a23	sw	x3,308(x30)	 x30:0x8003fecc  x3:0x00000001 PA:0xxxxxxxxx
     481335.000 ns	     48132	80009ed4	ff9ff06f	jal	x0,80009ed0	
     481385.000 ns	     48137	80009ecc	00036f17	auipc	x30,0x36	 x30=0x8003fecc
     481395.000 ns	     48138	80009ed0	123f2a23	sw	x3,308(x30)	 x30:0x8003fecc  x3:0x00000001 PA:0xxxxxxxxx
     481415.000 ns	     48140	80009ed4	ff9ff06f	jal	x0,80009ed0	
     481465.000 ns	     48145	80009ecc	00036f17	auipc	x30,0x36	 x30=0x8003fecc
     481475.000 ns	     48146	80009ed0	123f2a23	sw	x3,308(x30)	 x30:0x8003fecc  x3:0x00000001 PA:0xxxxxxxxx
     481495.000 ns	     48148	80009ed4	ff9ff06f	jal	x0,80009ed0	
     481545.000 ns	     48153	80009ecc	00036f17	auipc	x30,0x36	 x30=0x8003fecc
     481555.000 ns	     48154	80009ed0	123f2a23	sw	x3,308(x30)	 x30:0x8003fecc  x3:0x00000001 PA:0xxxxxxxxx
     481575.000 ns	     48156	80009ed4	ff9ff06f	jal	x0,80009ed0	
     481625.000 ns	     48161	80009ecc	00036f17	auipc	x30,0x36	 x30=0x8003fecc
     481635.000 ns	     48162	80009ed0	123f2a23	sw	x3,308(x30)	 x30:0x8003fecc  x3:0x00000001 PA:0xxxxxxxxx
     481655.000 ns	     48164	80009ed4	ff9ff06f	jal	x0,80009ed0	
     481705.000 ns	     48169	80009ecc	00036f17	auipc	x30,0x36	 x30=0x8003fecc
     481715.000 ns	     48170	80009ed0	123f2a23	sw	x3,308(x30)	 x30:0x8003fecc  x3:0x00000001 PA:0xxxxxxxxx
     481735.000 ns	     48172	80009ed4	ff9ff06f	jal	x0,80009ed0	
     481785.000 ns	     48177	80009ecc	00036f17	auipc	x30,0x36	 x30=0x8003fecc
     481795.000 ns	     48178	80009ed0	123f2a23	sw	x3,308(x30)	 x30:0x8003fecc  x3:0x00000001 PA:0xxxxxxxxx
     481815.000 ns	     48180	80009ed4	ff9ff06f	jal	x0,80009ed0	
     481865.000 ns	     48185	80009ecc	00036f17	auipc	x30,0x36	 x30=0x8003fecc
     481875.000 ns	     48186	80009ed0	123f2a23	sw	x3,308(x30)	 x30:0x8003fecc  x3:0x00000001 PA:0xxxxxxxxx
     481895.000 ns	     48188	80009ed4	ff9ff06f	jal	x0,80009ed0	
     481945.000 ns	     48193	80009ecc	00036f17	auipc	x30,0x36	 x30=0x8003fecc
     481955.000 ns	     48194	80009ed0	123f2a23	sw	x3,308(x30)	 x30:0x8003fecc  x3:0x00000001 PA:0xxxxxxxxx
     481975.000 ns	     48196	80009ed4	ff9ff06f	jal	x0,80009ed0	
     482025.000 ns	     48201	80009ecc	00036f17	auipc	x30,0x36	 x30=0x8003fecc
     482035.000 ns	     48202	80009ed0	123f2a23	sw	x3,308(x30)	 x30:0x8003fecc  x3:0x00000001 PA:0xxxxxxxxx
     482055.000 ns	     48204	80009ed4	ff9ff06f	jal	x0,80009ed0	
     482105.000 ns	     48209	80009ecc	00036f17	auipc	x30,0x36	 x30=0x8003fecc
     482115.000 ns	     48210	80009ed0	123f2a23	sw	x3,308(x30)	 x30:0x8003fecc  x3:0x00000001 PA:0xxxxxxxxx
     482135.000 ns	     48212	80009ed4	ff9ff06f	jal	x0,80009ed0	
     482185.000 ns	     48217	80009ecc	00036f17	auipc	x30,0x36	 x30=0x8003fecc
     482195.000 ns	     48218	80009ed0	123f2a23	sw	x3,308(x30)	 x30:0x8003fecc  x3:0x00000001 PA:0xxxxxxxxx
     482215.000 ns	     48220	80009ed4	ff9ff06f	jal	x0,80009ed0	
     482265.000 ns	     48225	80009ecc	00036f17	auipc	x30,0x36	 x30=0x8003fecc
     482275.000 ns	     48226	80009ed0	123f2a23	sw	x3,308(x30)	 x30:0x8003fecc  x3:0x00000001 PA:0xxxxxxxxx
     482295.000 ns	     48228	80009ed4	ff9ff06f	jal	x0,80009ed0	
     482345.000 ns	     48233	80009ecc	00036f17	auipc	x30,0x36	 x30=0x8003fecc
     482355.000 ns	     48234	80009ed0	123f2a23	sw	x3,308(x30)	 x30:0x8003fecc  x3:0x00000001 PA:0xxxxxxxxx
     482375.000 ns	     48236	80009ed4	ff9ff06f	jal	x0,80009ed0	
     482425.000 ns	     48241	80009ecc	00036f17	auipc	x30,0x36	 x30=0x8003fecc
     482435.000 ns	     48242	80009ed0	123f2a23	sw	x3,308(x30)	 x30:0x8003fecc  x3:0x00000001 PA:0xxxxxxxxx
     482455.000 ns	     48244	80009ed4	ff9ff06f	jal	x0,80009ed0	
     482505.000 ns	     48249	80009ecc	00036f17	auipc	x30,0x36	 x30=0x8003fecc
     482515.000 ns	     48250	80009ed0	123f2a23	sw	x3,308(x30)	 x30:0x8003fecc  x3:0x00000001 PA:0xxxxxxxxx
     482535.000 ns	     48252	80009ed4	ff9ff06f	jal	x0,80009ed0	
     482585.000 ns	     48257	80009ecc	00036f17	auipc	x30,0x36	 x30=0x8003fecc
     482595.000 ns	     48258	80009ed0	123f2a23	sw	x3,308(x30)	 x30:0x8003fecc  x3:0x00000001 PA:0xxxxxxxxx
     482615.000 ns	     48260	80009ed4	ff9ff06f	jal	x0,80009ed0	
     482665.000 ns	     48265	80009ecc	00036f17	auipc	x30,0x36	 x30=0x8003fecc
     482675.000 ns	     48266	80009ed0	123f2a23	sw	x3,308(x30)	 x30:0x8003fecc  x3:0x00000001 PA:0xxxxxxxxx
     482695.000 ns	     48268	80009ed4	ff9ff06f	jal	x0,80009ed0	
     482745.000 ns	     48273	80009ecc	00036f17	auipc	x30,0x36	 x30=0x8003fecc
     482755.000 ns	     48274	80009ed0	123f2a23	sw	x3,308(x30)	 x30:0x8003fecc  x3:0x00000001 PA:0xxxxxxxxx
     482775.000 ns	     48276	80009ed4	ff9ff06f	jal	x0,80009ed0	
     482825.000 ns	     48281	80009ecc	00036f17	auipc	x30,0x36	 x30=0x8003fecc
     482835.000 ns	     48282	80009ed0	123f2a23	sw	x3,308(x30)	 x30:0x8003fecc  x3:0x00000001 PA:0xxxxxxxxx
     482855.000 ns	     48284	80009ed4	ff9ff06f	jal	x0,80009ed0	
     482905.000 ns	     48289	80009ecc	00036f17	auipc	x30,0x36	 x30=0x8003fecc
     482915.000 ns	     48290	80009ed0	123f2a23	sw	x3,308(x30)	 x30:0x8003fecc  x3:0x00000001 PA:0xxxxxxxxx
     482935.000 ns	     48292	80009ed4	ff9ff06f	jal	x0,80009ed0	
     482985.000 ns	     48297	80009ecc	00036f17	auipc	x30,0x36	 x30=0x8003fecc
     482995.000 ns	     48298	80009ed0	123f2a23	sw	x3,308(x30)	 x30:0x8003fecc  x3:0x00000001 PA:0xxxxxxxxx
     483015.000 ns	     48300	80009ed4	ff9ff06f	jal	x0,80009ed0	
     483065.000 ns	     48305	80009ecc	00036f17	auipc	x30,0x36	 x30=0x8003fecc
     483075.000 ns	     48306	80009ed0	123f2a23	sw	x3,308(x30)	 x30:0x8003fecc  x3:0x00000001 PA:0xxxxxxxxx
     483095.000 ns	     48308	80009ed4	ff9ff06f	jal	x0,80009ed0	
     483145.000 ns	     48313	80009ecc	00036f17	auipc	x30,0x36	 x30=0x8003fecc
     483155.000 ns	     48314	80009ed0	123f2a23	sw	x3,308(x30)	 x30:0x8003fecc  x3:0x00000001 PA:0xxxxxxxxx
     483175.000 ns	     48316	80009ed4	ff9ff06f	jal	x0,80009ed0	
     483225.000 ns	     48321	80009ecc	00036f17	auipc	x30,0x36	 x30=0x8003fecc
     483235.000 ns	     48322	80009ed0	123f2a23	sw	x3,308(x30)	 x30:0x8003fecc  x3:0x00000001 PA:0xxxxxxxxx
     483255.000 ns	     48324	80009ed4	ff9ff06f	jal	x0,80009ed0	
     483305.000 ns	     48329	80009ecc	00036f17	auipc	x30,0x36	 x30=0x8003fecc
     483315.000 ns	     48330	80009ed0	123f2a23	sw	x3,308(x30)	 x30:0x8003fecc  x3:0x00000001 PA:0xxxxxxxxx
     483335.000 ns	     48332	80009ed4	ff9ff06f	jal	x0,80009ed0	
     483385.000 ns	     48337	80009ecc	00036f17	auipc	x30,0x36	 x30=0x8003fecc
     483395.000 ns	     48338	80009ed0	123f2a23	sw	x3,308(x30)	 x30:0x8003fecc  x3:0x00000001 PA:0xxxxxxxxx
     483415.000 ns	     48340	80009ed4	ff9ff06f	jal	x0,80009ed0	
     483465.000 ns	     48345	80009ecc	00036f17	auipc	x30,0x36	 x30=0x8003fecc
     483475.000 ns	     48346	80009ed0	123f2a23	sw	x3,308(x30)	 x30:0x8003fecc  x3:0x00000001 PA:0xxxxxxxxx
     483495.000 ns	     48348	80009ed4	ff9ff06f	jal	x0,80009ed0	
     483545.000 ns	     48353	80009ecc	00036f17	auipc	x30,0x36	 x30=0x8003fecc
     483555.000 ns	     48354	80009ed0	123f2a23	sw	x3,308(x30)	 x30:0x8003fecc  x3:0x00000001 PA:0xxxxxxxxx
     483575.000 ns	     48356	80009ed4	ff9ff06f	jal	x0,80009ed0	
     483625.000 ns	     48361	80009ecc	00036f17	auipc	x30,0x36	 x30=0x8003fecc
     483635.000 ns	     48362	80009ed0	123f2a23	sw	x3,308(x30)	 x30:0x8003fecc  x3:0x00000001 PA:0xxxxxxxxx
     483655.000 ns	     48364	80009ed4	ff9ff06f	jal	x0,80009ed0	
     483705.000 ns	     48369	80009ecc	00036f17	auipc	x30,0x36	 x30=0x8003fecc
     483715.000 ns	     48370	80009ed0	123f2a23	sw	x3,308(x30)	 x30:0x8003fecc  x3:0x00000001 PA:0xxxxxxxxx
     483735.000 ns	     48372	80009ed4	ff9ff06f	jal	x0,80009ed0	
     483785.000 ns	     48377	80009ecc	00036f17	auipc	x30,0x36	 x30=0x8003fecc
     483795.000 ns	     48378	80009ed0	123f2a23	sw	x3,308(x30)	 x30:0x8003fecc  x3:0x00000001 PA:0xxxxxxxxx
     483815.000 ns	     48380	80009ed4	ff9ff06f	jal	x0,80009ed0	
     483865.000 ns	     48385	80009ecc	00036f17	auipc	x30,0x36	 x30=0x8003fecc
     483875.000 ns	     48386	80009ed0	123f2a23	sw	x3,308(x30)	 x30:0x8003fecc  x3:0x00000001 PA:0xxxxxxxxx
     483895.000 ns	     48388	80009ed4	ff9ff06f	jal	x0,80009ed0	
     483945.000 ns	     48393	80009ecc	00036f17	auipc	x30,0x36	 x30=0x8003fecc
     483955.000 ns	     48394	80009ed0	123f2a23	sw	x3,308(x30)	 x30:0x8003fecc  x3:0x00000001 PA:0xxxxxxxxx
     483975.000 ns	     48396	80009ed4	ff9ff06f	jal	x0,80009ed0	
     484025.000 ns	     48401	80009ecc	00036f17	auipc	x30,0x36	 x30=0x8003fecc
     484035.000 ns	     48402	80009ed0	123f2a23	sw	x3,308(x30)	 x30:0x8003fecc  x3:0x00000001 PA:0xxxxxxxxx
     484055.000 ns	     48404	80009ed4	ff9ff06f	jal	x0,80009ed0	
     484105.000 ns	     48409	80009ecc	00036f17	auipc	x30,0x36	 x30=0x8003fecc
     484115.000 ns	     48410	80009ed0	123f2a23	sw	x3,308(x30)	 x30:0x8003fecc  x3:0x00000001 PA:0xxxxxxxxx
     484135.000 ns	     48412	80009ed4	ff9ff06f	jal	x0,80009ed0	
     484185.000 ns	     48417	80009ecc	00036f17	auipc	x30,0x36	 x30=0x8003fecc
     484195.000 ns	     48418	80009ed0	123f2a23	sw	x3,308(x30)	 x30:0x8003fecc  x3:0x00000001 PA:0xxxxxxxxx
     484215.000 ns	     48420	80009ed4	ff9ff06f	jal	x0,80009ed0	
     484265.000 ns	     48425	80009ecc	00036f17	auipc	x30,0x36	 x30=0x8003fecc
     484275.000 ns	     48426	80009ed0	123f2a23	sw	x3,308(x30)	 x30:0x8003fecc  x3:0x00000001 PA:0xxxxxxxxx
     484295.000 ns	     48428	80009ed4	ff9ff06f	jal	x0,80009ed0	
     484345.000 ns	     48433	80009ecc	00036f17	auipc	x30,0x36	 x30=0x8003fecc
     484355.000 ns	     48434	80009ed0	123f2a23	sw	x3,308(x30)	 x30:0x8003fecc  x3:0x00000001 PA:0xxxxxxxxx
     484375.000 ns	     48436	80009ed4	ff9ff06f	jal	x0,80009ed0	
     484425.000 ns	     48441	80009ecc	00036f17	auipc	x30,0x36	 x30=0x8003fecc
     484435.000 ns	     48442	80009ed0	123f2a23	sw	x3,308(x30)	 x30:0x8003fecc  x3:0x00000001 PA:0xxxxxxxxx
     484455.000 ns	     48444	80009ed4	ff9ff06f	jal	x0,80009ed0	
     484505.000 ns	     48449	80009ecc	00036f17	auipc	x30,0x36	 x30=0x8003fecc
     484515.000 ns	     48450	80009ed0	123f2a23	sw	x3,308(x30)	 x30:0x8003fecc  x3:0x00000001 PA:0xxxxxxxxx
     484535.000 ns	     48452	80009ed4	ff9ff06f	jal	x0,80009ed0	
     484585.000 ns	     48457	80009ecc	00036f17	auipc	x30,0x36	 x30=0x8003fecc
     484595.000 ns	     48458	80009ed0	123f2a23	sw	x3,308(x30)	 x30:0x8003fecc  x3:0x00000001 PA:0xxxxxxxxx
     484615.000 ns	     48460	80009ed4	ff9ff06f	jal	x0,80009ed0	
     484665.000 ns	     48465	80009ecc	00036f17	auipc	x30,0x36	 x30=0x8003fecc
     484675.000 ns	     48466	80009ed0	123f2a23	sw	x3,308(x30)	 x30:0x8003fecc  x3:0x00000001 PA:0xxxxxxxxx
     484695.000 ns	     48468	80009ed4	ff9ff06f	jal	x0,80009ed0	
     484745.000 ns	     48473	80009ecc	00036f17	auipc	x30,0x36	 x30=0x8003fecc
     484755.000 ns	     48474	80009ed0	123f2a23	sw	x3,308(x30)	 x30:0x8003fecc  x3:0x00000001 PA:0xxxxxxxxx
     484775.000 ns	     48476	80009ed4	ff9ff06f	jal	x0,80009ed0	
     484825.000 ns	     48481	80009ecc	00036f17	auipc	x30,0x36	 x30=0x8003fecc
     484835.000 ns	     48482	80009ed0	123f2a23	sw	x3,308(x30)	 x30:0x8003fecc  x3:0x00000001 PA:0xxxxxxxxx
     484855.000 ns	     48484	80009ed4	ff9ff06f	jal	x0,80009ed0	
     484905.000 ns	     48489	80009ecc	00036f17	auipc	x30,0x36	 x30=0x8003fecc
     484915.000 ns	     48490	80009ed0	123f2a23	sw	x3,308(x30)	 x30:0x8003fecc  x3:0x00000001 PA:0xxxxxxxxx
     484935.000 ns	     48492	80009ed4	ff9ff06f	jal	x0,80009ed0	
     484985.000 ns	     48497	80009ecc	00036f17	auipc	x30,0x36	 x30=0x8003fecc
     484995.000 ns	     48498	80009ed0	123f2a23	sw	x3,308(x30)	 x30:0x8003fecc  x3:0x00000001 PA:0xxxxxxxxx
     485015.000 ns	     48500	80009ed4	ff9ff06f	jal	x0,80009ed0	
     485065.000 ns	     48505	80009ecc	00036f17	auipc	x30,0x36	 x30=0x8003fecc
     485075.000 ns	     48506	80009ed0	123f2a23	sw	x3,308(x30)	 x30:0x8003fecc  x3:0x00000001 PA:0xxxxxxxxx
     485095.000 ns	     48508	80009ed4	ff9ff06f	jal	x0,80009ed0	
     485145.000 ns	     48513	80009ecc	00036f17	auipc	x30,0x36	 x30=0x8003fecc
     485155.000 ns	     48514	80009ed0	123f2a23	sw	x3,308(x30)	 x30:0x8003fecc  x3:0x00000001 PA:0xxxxxxxxx
     485175.000 ns	     48516	80009ed4	ff9ff06f	jal	x0,80009ed0	
     485225.000 ns	     48521	80009ecc	00036f17	auipc	x30,0x36	 x30=0x8003fecc
     485235.000 ns	     48522	80009ed0	123f2a23	sw	x3,308(x30)	 x30:0x8003fecc  x3:0x00000001 PA:0xxxxxxxxx
     485255.000 ns	     48524	80009ed4	ff9ff06f	jal	x0,80009ed0	
     485305.000 ns	     48529	80009ecc	00036f17	auipc	x30,0x36	 x30=0x8003fecc
     485315.000 ns	     48530	80009ed0	123f2a23	sw	x3,308(x30)	 x30:0x8003fecc  x3:0x00000001 PA:0xxxxxxxxx
     485335.000 ns	     48532	80009ed4	ff9ff06f	jal	x0,80009ed0	
     485385.000 ns	     48537	80009ecc	00036f17	auipc	x30,0x36	 x30=0x8003fecc
     485395.000 ns	     48538	80009ed0	123f2a23	sw	x3,308(x30)	 x30:0x8003fecc  x3:0x00000001 PA:0xxxxxxxxx
     485415.000 ns	     48540	80009ed4	ff9ff06f	jal	x0,80009ed0	
     485465.000 ns	     48545	80009ecc	00036f17	auipc	x30,0x36	 x30=0x8003fecc
     485475.000 ns	     48546	80009ed0	123f2a23	sw	x3,308(x30)	 x30:0x8003fecc  x3:0x00000001 PA:0xxxxxxxxx
     485495.000 ns	     48548	80009ed4	ff9ff06f	jal	x0,80009ed0	
     485545.000 ns	     48553	80009ecc	00036f17	auipc	x30,0x36	 x30=0x8003fecc
     485555.000 ns	     48554	80009ed0	123f2a23	sw	x3,308(x30)	 x30:0x8003fecc  x3:0x00000001 PA:0xxxxxxxxx
     485575.000 ns	     48556	80009ed4	ff9ff06f	jal	x0,80009ed0	
     485625.000 ns	     48561	80009ecc	00036f17	auipc	x30,0x36	 x30=0x8003fecc
     485635.000 ns	     48562	80009ed0	123f2a23	sw	x3,308(x30)	 x30:0x8003fecc  x3:0x00000001 PA:0xxxxxxxxx
     485655.000 ns	     48564	80009ed4	ff9ff06f	jal	x0,80009ed0	
     485705.000 ns	     48569	80009ecc	00036f17	auipc	x30,0x36	 x30=0x8003fecc
     485715.000 ns	     48570	80009ed0	123f2a23	sw	x3,308(x30)	 x30:0x8003fecc  x3:0x00000001 PA:0xxxxxxxxx
     485735.000 ns	     48572	80009ed4	ff9ff06f	jal	x0,80009ed0	
     485785.000 ns	     48577	80009ecc	00036f17	auipc	x30,0x36	 x30=0x8003fecc
     485795.000 ns	     48578	80009ed0	123f2a23	sw	x3,308(x30)	 x30:0x8003fecc  x3:0x00000001 PA:0xxxxxxxxx
     485815.000 ns	     48580	80009ed4	ff9ff06f	jal	x0,80009ed0	
     485865.000 ns	     48585	80009ecc	00036f17	auipc	x30,0x36	 x30=0x8003fecc
     485875.000 ns	     48586	80009ed0	123f2a23	sw	x3,308(x30)	 x30:0x8003fecc  x3:0x00000001 PA:0xxxxxxxxx
     485895.000 ns	     48588	80009ed4	ff9ff06f	jal	x0,80009ed0	
     485945.000 ns	     48593	80009ecc	00036f17	auipc	x30,0x36	 x30=0x8003fecc
     485955.000 ns	     48594	80009ed0	123f2a23	sw	x3,308(x30)	 x30:0x8003fecc  x3:0x00000001 PA:0xxxxxxxxx
     485975.000 ns	     48596	80009ed4	ff9ff06f	jal	x0,80009ed0	
     486025.000 ns	     48601	80009ecc	00036f17	auipc	x30,0x36	 x30=0x8003fecc
     486035.000 ns	     48602	80009ed0	123f2a23	sw	x3,308(x30)	 x30:0x8003fecc  x3:0x00000001 PA:0xxxxxxxxx
     486055.000 ns	     48604	80009ed4	ff9ff06f	jal	x0,80009ed0	
     486105.000 ns	     48609	80009ecc	00036f17	auipc	x30,0x36	 x30=0x8003fecc
     486115.000 ns	     48610	80009ed0	123f2a23	sw	x3,308(x30)	 x30:0x8003fecc  x3:0x00000001 PA:0xxxxxxxxx
     486135.000 ns	     48612	80009ed4	ff9ff06f	jal	x0,80009ed0	
     486185.000 ns	     48617	80009ecc	00036f17	auipc	x30,0x36	 x30=0x8003fecc
     486195.000 ns	     48618	80009ed0	123f2a23	sw	x3,308(x30)	 x30:0x8003fecc  x3:0x00000001 PA:0xxxxxxxxx
     486215.000 ns	     48620	80009ed4	ff9ff06f	jal	x0,80009ed0	
     486265.000 ns	     48625	80009ecc	00036f17	auipc	x30,0x36	 x30=0x8003fecc
     486275.000 ns	     48626	80009ed0	123f2a23	sw	x3,308(x30)	 x30:0x8003fecc  x3:0x00000001 PA:0xxxxxxxxx
     486295.000 ns	     48628	80009ed4	ff9ff06f	jal	x0,80009ed0	
     486345.000 ns	     48633	80009ecc	00036f17	auipc	x30,0x36	 x30=0x8003fecc
     486355.000 ns	     48634	80009ed0	123f2a23	sw	x3,308(x30)	 x30:0x8003fecc  x3:0x00000001 PA:0xxxxxxxxx
     486375.000 ns	     48636	80009ed4	ff9ff06f	jal	x0,80009ed0	
     486425.000 ns	     48641	80009ecc	00036f17	auipc	x30,0x36	 x30=0x8003fecc
     486435.000 ns	     48642	80009ed0	123f2a23	sw	x3,308(x30)	 x30:0x8003fecc  x3:0x00000001 PA:0xxxxxxxxx
     486455.000 ns	     48644	80009ed4	ff9ff06f	jal	x0,80009ed0	
     486505.000 ns	     48649	80009ecc	00036f17	auipc	x30,0x36	 x30=0x8003fecc
     486515.000 ns	     48650	80009ed0	123f2a23	sw	x3,308(x30)	 x30:0x8003fecc  x3:0x00000001 PA:0xxxxxxxxx
     486535.000 ns	     48652	80009ed4	ff9ff06f	jal	x0,80009ed0	
     486585.000 ns	     48657	80009ecc	00036f17	auipc	x30,0x36	 x30=0x8003fecc
     486595.000 ns	     48658	80009ed0	123f2a23	sw	x3,308(x30)	 x30:0x8003fecc  x3:0x00000001 PA:0xxxxxxxxx
     486615.000 ns	     48660	80009ed4	ff9ff06f	jal	x0,80009ed0	
     486665.000 ns	     48665	80009ecc	00036f17	auipc	x30,0x36	 x30=0x8003fecc
     486675.000 ns	     48666	80009ed0	123f2a23	sw	x3,308(x30)	 x30:0x8003fecc  x3:0x00000001 PA:0xxxxxxxxx
     486695.000 ns	     48668	80009ed4	ff9ff06f	jal	x0,80009ed0	
     486745.000 ns	     48673	80009ecc	00036f17	auipc	x30,0x36	 x30=0x8003fecc
     486755.000 ns	     48674	80009ed0	123f2a23	sw	x3,308(x30)	 x30:0x8003fecc  x3:0x00000001 PA:0xxxxxxxxx
     486775.000 ns	     48676	80009ed4	ff9ff06f	jal	x0,80009ed0	
     486825.000 ns	     48681	80009ecc	00036f17	auipc	x30,0x36	 x30=0x8003fecc
     486835.000 ns	     48682	80009ed0	123f2a23	sw	x3,308(x30)	 x30:0x8003fecc  x3:0x00000001 PA:0xxxxxxxxx
     486855.000 ns	     48684	80009ed4	ff9ff06f	jal	x0,80009ed0	
     486905.000 ns	     48689	80009ecc	00036f17	auipc	x30,0x36	 x30=0x8003fecc
     486915.000 ns	     48690	80009ed0	123f2a23	sw	x3,308(x30)	 x30:0x8003fecc  x3:0x00000001 PA:0xxxxxxxxx
     486935.000 ns	     48692	80009ed4	ff9ff06f	jal	x0,80009ed0	
     486985.000 ns	     48697	80009ecc	00036f17	auipc	x30,0x36	 x30=0x8003fecc
     486995.000 ns	     48698	80009ed0	123f2a23	sw	x3,308(x30)	 x30:0x8003fecc  x3:0x00000001 PA:0xxxxxxxxx
     487015.000 ns	     48700	80009ed4	ff9ff06f	jal	x0,80009ed0	
     487065.000 ns	     48705	80009ecc	00036f17	auipc	x30,0x36	 x30=0x8003fecc
     487075.000 ns	     48706	80009ed0	123f2a23	sw	x3,308(x30)	 x30:0x8003fecc  x3:0x00000001 PA:0xxxxxxxxx
     487095.000 ns	     48708	80009ed4	ff9ff06f	jal	x0,80009ed0	
     487145.000 ns	     48713	80009ecc	00036f17	auipc	x30,0x36	 x30=0x8003fecc
     487155.000 ns	     48714	80009ed0	123f2a23	sw	x3,308(x30)	 x30:0x8003fecc  x3:0x00000001 PA:0xxxxxxxxx
     487175.000 ns	     48716	80009ed4	ff9ff06f	jal	x0,80009ed0	
     487225.000 ns	     48721	80009ecc	00036f17	auipc	x30,0x36	 x30=0x8003fecc
     487235.000 ns	     48722	80009ed0	123f2a23	sw	x3,308(x30)	 x30:0x8003fecc  x3:0x00000001 PA:0xxxxxxxxx
     487255.000 ns	     48724	80009ed4	ff9ff06f	jal	x0,80009ed0	
     487305.000 ns	     48729	80009ecc	00036f17	auipc	x30,0x36	 x30=0x8003fecc
     487315.000 ns	     48730	80009ed0	123f2a23	sw	x3,308(x30)	 x30:0x8003fecc  x3:0x00000001 PA:0xxxxxxxxx
     487335.000 ns	     48732	80009ed4	ff9ff06f	jal	x0,80009ed0	
     487385.000 ns	     48737	80009ecc	00036f17	auipc	x30,0x36	 x30=0x8003fecc
     487395.000 ns	     48738	80009ed0	123f2a23	sw	x3,308(x30)	 x30:0x8003fecc  x3:0x00000001 PA:0xxxxxxxxx
     487415.000 ns	     48740	80009ed4	ff9ff06f	jal	x0,80009ed0	
     487465.000 ns	     48745	80009ecc	00036f17	auipc	x30,0x36	 x30=0x8003fecc
     487475.000 ns	     48746	80009ed0	123f2a23	sw	x3,308(x30)	 x30:0x8003fecc  x3:0x00000001 PA:0xxxxxxxxx
     487495.000 ns	     48748	80009ed4	ff9ff06f	jal	x0,80009ed0	
     487545.000 ns	     48753	80009ecc	00036f17	auipc	x30,0x36	 x30=0x8003fecc
     487555.000 ns	     48754	80009ed0	123f2a23	sw	x3,308(x30)	 x30:0x8003fecc  x3:0x00000001 PA:0xxxxxxxxx
     487575.000 ns	     48756	80009ed4	ff9ff06f	jal	x0,80009ed0	
     487625.000 ns	     48761	80009ecc	00036f17	auipc	x30,0x36	 x30=0x8003fecc
     487635.000 ns	     48762	80009ed0	123f2a23	sw	x3,308(x30)	 x30:0x8003fecc  x3:0x00000001 PA:0xxxxxxxxx
     487655.000 ns	     48764	80009ed4	ff9ff06f	jal	x0,80009ed0	
     487705.000 ns	     48769	80009ecc	00036f17	auipc	x30,0x36	 x30=0x8003fecc
     487715.000 ns	     48770	80009ed0	123f2a23	sw	x3,308(x30)	 x30:0x8003fecc  x3:0x00000001 PA:0xxxxxxxxx
     487735.000 ns	     48772	80009ed4	ff9ff06f	jal	x0,80009ed0	
     487785.000 ns	     48777	80009ecc	00036f17	auipc	x30,0x36	 x30=0x8003fecc
     487795.000 ns	     48778	80009ed0	123f2a23	sw	x3,308(x30)	 x30:0x8003fecc  x3:0x00000001 PA:0xxxxxxxxx
     487815.000 ns	     48780	80009ed4	ff9ff06f	jal	x0,80009ed0	
     487865.000 ns	     48785	80009ecc	00036f17	auipc	x30,0x36	 x30=0x8003fecc
     487875.000 ns	     48786	80009ed0	123f2a23	sw	x3,308(x30)	 x30:0x8003fecc  x3:0x00000001 PA:0xxxxxxxxx
     487895.000 ns	     48788	80009ed4	ff9ff06f	jal	x0,80009ed0	
     487945.000 ns	     48793	80009ecc	00036f17	auipc	x30,0x36	 x30=0x8003fecc
     487955.000 ns	     48794	80009ed0	123f2a23	sw	x3,308(x30)	 x30:0x8003fecc  x3:0x00000001 PA:0xxxxxxxxx
     487975.000 ns	     48796	80009ed4	ff9ff06f	jal	x0,80009ed0	
     488025.000 ns	     48801	80009ecc	00036f17	auipc	x30,0x36	 x30=0x8003fecc
     488035.000 ns	     48802	80009ed0	123f2a23	sw	x3,308(x30)	 x30:0x8003fecc  x3:0x00000001 PA:0xxxxxxxxx
     488055.000 ns	     48804	80009ed4	ff9ff06f	jal	x0,80009ed0	
     488105.000 ns	     48809	80009ecc	00036f17	auipc	x30,0x36	 x30=0x8003fecc
     488115.000 ns	     48810	80009ed0	123f2a23	sw	x3,308(x30)	 x30:0x8003fecc  x3:0x00000001 PA:0xxxxxxxxx
     488135.000 ns	     48812	80009ed4	ff9ff06f	jal	x0,80009ed0	
     488185.000 ns	     48817	80009ecc	00036f17	auipc	x30,0x36	 x30=0x8003fecc
     488195.000 ns	     48818	80009ed0	123f2a23	sw	x3,308(x30)	 x30:0x8003fecc  x3:0x00000001 PA:0xxxxxxxxx
     488215.000 ns	     48820	80009ed4	ff9ff06f	jal	x0,80009ed0	
     488265.000 ns	     48825	80009ecc	00036f17	auipc	x30,0x36	 x30=0x8003fecc
     488275.000 ns	     48826	80009ed0	123f2a23	sw	x3,308(x30)	 x30:0x8003fecc  x3:0x00000001 PA:0xxxxxxxxx
     488295.000 ns	     48828	80009ed4	ff9ff06f	jal	x0,80009ed0	
     488345.000 ns	     48833	80009ecc	00036f17	auipc	x30,0x36	 x30=0x8003fecc
     488355.000 ns	     48834	80009ed0	123f2a23	sw	x3,308(x30)	 x30:0x8003fecc  x3:0x00000001 PA:0xxxxxxxxx
     488375.000 ns	     48836	80009ed4	ff9ff06f	jal	x0,80009ed0	
     488425.000 ns	     48841	80009ecc	00036f17	auipc	x30,0x36	 x30=0x8003fecc
     488435.000 ns	     48842	80009ed0	123f2a23	sw	x3,308(x30)	 x30:0x8003fecc  x3:0x00000001 PA:0xxxxxxxxx
     488455.000 ns	     48844	80009ed4	ff9ff06f	jal	x0,80009ed0	
     488505.000 ns	     48849	80009ecc	00036f17	auipc	x30,0x36	 x30=0x8003fecc
     488515.000 ns	     48850	80009ed0	123f2a23	sw	x3,308(x30)	 x30:0x8003fecc  x3:0x00000001 PA:0xxxxxxxxx
     488535.000 ns	     48852	80009ed4	ff9ff06f	jal	x0,80009ed0	
     488585.000 ns	     48857	80009ecc	00036f17	auipc	x30,0x36	 x30=0x8003fecc
     488595.000 ns	     48858	80009ed0	123f2a23	sw	x3,308(x30)	 x30:0x8003fecc  x3:0x00000001 PA:0xxxxxxxxx
     488615.000 ns	     48860	80009ed4	ff9ff06f	jal	x0,80009ed0	
     488665.000 ns	     48865	80009ecc	00036f17	auipc	x30,0x36	 x30=0x8003fecc
     488675.000 ns	     48866	80009ed0	123f2a23	sw	x3,308(x30)	 x30:0x8003fecc  x3:0x00000001 PA:0xxxxxxxxx
     488695.000 ns	     48868	80009ed4	ff9ff06f	jal	x0,80009ed0	
     488745.000 ns	     48873	80009ecc	00036f17	auipc	x30,0x36	 x30=0x8003fecc
     488755.000 ns	     48874	80009ed0	123f2a23	sw	x3,308(x30)	 x30:0x8003fecc  x3:0x00000001 PA:0xxxxxxxxx
     488775.000 ns	     48876	80009ed4	ff9ff06f	jal	x0,80009ed0	
     488825.000 ns	     48881	80009ecc	00036f17	auipc	x30,0x36	 x30=0x8003fecc
     488835.000 ns	     48882	80009ed0	123f2a23	sw	x3,308(x30)	 x30:0x8003fecc  x3:0x00000001 PA:0xxxxxxxxx
     488855.000 ns	     48884	80009ed4	ff9ff06f	jal	x0,80009ed0	
     488905.000 ns	     48889	80009ecc	00036f17	auipc	x30,0x36	 x30=0x8003fecc
     488915.000 ns	     48890	80009ed0	123f2a23	sw	x3,308(x30)	 x30:0x8003fecc  x3:0x00000001 PA:0xxxxxxxxx
     488935.000 ns	     48892	80009ed4	ff9ff06f	jal	x0,80009ed0	
     488985.000 ns	     48897	80009ecc	00036f17	auipc	x30,0x36	 x30=0x8003fecc
     488995.000 ns	     48898	80009ed0	123f2a23	sw	x3,308(x30)	 x30:0x8003fecc  x3:0x00000001 PA:0xxxxxxxxx
     489015.000 ns	     48900	80009ed4	ff9ff06f	jal	x0,80009ed0	
     489065.000 ns	     48905	80009ecc	00036f17	auipc	x30,0x36	 x30=0x8003fecc
     489075.000 ns	     48906	80009ed0	123f2a23	sw	x3,308(x30)	 x30:0x8003fecc  x3:0x00000001 PA:0xxxxxxxxx
     489095.000 ns	     48908	80009ed4	ff9ff06f	jal	x0,80009ed0	
     489145.000 ns	     48913	80009ecc	00036f17	auipc	x30,0x36	 x30=0x8003fecc
     489155.000 ns	     48914	80009ed0	123f2a23	sw	x3,308(x30)	 x30:0x8003fecc  x3:0x00000001 PA:0xxxxxxxxx
     489175.000 ns	     48916	80009ed4	ff9ff06f	jal	x0,80009ed0	
     489225.000 ns	     48921	80009ecc	00036f17	auipc	x30,0x36	 x30=0x8003fecc
     489235.000 ns	     48922	80009ed0	123f2a23	sw	x3,308(x30)	 x30:0x8003fecc  x3:0x00000001 PA:0xxxxxxxxx
     489255.000 ns	     48924	80009ed4	ff9ff06f	jal	x0,80009ed0	
     489305.000 ns	     48929	80009ecc	00036f17	auipc	x30,0x36	 x30=0x8003fecc
     489315.000 ns	     48930	80009ed0	123f2a23	sw	x3,308(x30)	 x30:0x8003fecc  x3:0x00000001 PA:0xxxxxxxxx
     489335.000 ns	     48932	80009ed4	ff9ff06f	jal	x0,80009ed0	
     489385.000 ns	     48937	80009ecc	00036f17	auipc	x30,0x36	 x30=0x8003fecc
     489395.000 ns	     48938	80009ed0	123f2a23	sw	x3,308(x30)	 x30:0x8003fecc  x3:0x00000001 PA:0xxxxxxxxx
     489415.000 ns	     48940	80009ed4	ff9ff06f	jal	x0,80009ed0	
     489465.000 ns	     48945	80009ecc	00036f17	auipc	x30,0x36	 x30=0x8003fecc
     489475.000 ns	     48946	80009ed0	123f2a23	sw	x3,308(x30)	 x30:0x8003fecc  x3:0x00000001 PA:0xxxxxxxxx
     489495.000 ns	     48948	80009ed4	ff9ff06f	jal	x0,80009ed0	
     489545.000 ns	     48953	80009ecc	00036f17	auipc	x30,0x36	 x30=0x8003fecc
     489555.000 ns	     48954	80009ed0	123f2a23	sw	x3,308(x30)	 x30:0x8003fecc  x3:0x00000001 PA:0xxxxxxxxx
     489575.000 ns	     48956	80009ed4	ff9ff06f	jal	x0,80009ed0	
     489625.000 ns	     48961	80009ecc	00036f17	auipc	x30,0x36	 x30=0x8003fecc
     489635.000 ns	     48962	80009ed0	123f2a23	sw	x3,308(x30)	 x30:0x8003fecc  x3:0x00000001 PA:0xxxxxxxxx
     489655.000 ns	     48964	80009ed4	ff9ff06f	jal	x0,80009ed0	
     489705.000 ns	     48969	80009ecc	00036f17	auipc	x30,0x36	 x30=0x8003fecc
     489715.000 ns	     48970	80009ed0	123f2a23	sw	x3,308(x30)	 x30:0x8003fecc  x3:0x00000001 PA:0xxxxxxxxx
     489735.000 ns	     48972	80009ed4	ff9ff06f	jal	x0,80009ed0	
     489785.000 ns	     48977	80009ecc	00036f17	auipc	x30,0x36	 x30=0x8003fecc
     489795.000 ns	     48978	80009ed0	123f2a23	sw	x3,308(x30)	 x30:0x8003fecc  x3:0x00000001 PA:0xxxxxxxxx
     489815.000 ns	     48980	80009ed4	ff9ff06f	jal	x0,80009ed0	
     489865.000 ns	     48985	80009ecc	00036f17	auipc	x30,0x36	 x30=0x8003fecc
     489875.000 ns	     48986	80009ed0	123f2a23	sw	x3,308(x30)	 x30:0x8003fecc  x3:0x00000001 PA:0xxxxxxxxx
     489895.000 ns	     48988	80009ed4	ff9ff06f	jal	x0,80009ed0	
     489945.000 ns	     48993	80009ecc	00036f17	auipc	x30,0x36	 x30=0x8003fecc
     489955.000 ns	     48994	80009ed0	123f2a23	sw	x3,308(x30)	 x30:0x8003fecc  x3:0x00000001 PA:0xxxxxxxxx
     489975.000 ns	     48996	80009ed4	ff9ff06f	jal	x0,80009ed0	
     490025.000 ns	     49001	80009ecc	00036f17	auipc	x30,0x36	 x30=0x8003fecc
     490035.000 ns	     49002	80009ed0	123f2a23	sw	x3,308(x30)	 x30:0x8003fecc  x3:0x00000001 PA:0xxxxxxxxx
     490055.000 ns	     49004	80009ed4	ff9ff06f	jal	x0,80009ed0	
     490105.000 ns	     49009	80009ecc	00036f17	auipc	x30,0x36	 x30=0x8003fecc
     490115.000 ns	     49010	80009ed0	123f2a23	sw	x3,308(x30)	 x30:0x8003fecc  x3:0x00000001 PA:0xxxxxxxxx
     490135.000 ns	     49012	80009ed4	ff9ff06f	jal	x0,80009ed0	
     490185.000 ns	     49017	80009ecc	00036f17	auipc	x30,0x36	 x30=0x8003fecc
     490195.000 ns	     49018	80009ed0	123f2a23	sw	x3,308(x30)	 x30:0x8003fecc  x3:0x00000001 PA:0xxxxxxxxx
     490215.000 ns	     49020	80009ed4	ff9ff06f	jal	x0,80009ed0	
     490265.000 ns	     49025	80009ecc	00036f17	auipc	x30,0x36	 x30=0x8003fecc
     490275.000 ns	     49026	80009ed0	123f2a23	sw	x3,308(x30)	 x30:0x8003fecc  x3:0x00000001 PA:0xxxxxxxxx
     490295.000 ns	     49028	80009ed4	ff9ff06f	jal	x0,80009ed0	
     490345.000 ns	     49033	80009ecc	00036f17	auipc	x30,0x36	 x30=0x8003fecc
     490355.000 ns	     49034	80009ed0	123f2a23	sw	x3,308(x30)	 x30:0x8003fecc  x3:0x00000001 PA:0xxxxxxxxx
     490375.000 ns	     49036	80009ed4	ff9ff06f	jal	x0,80009ed0	
     490425.000 ns	     49041	80009ecc	00036f17	auipc	x30,0x36	 x30=0x8003fecc
     490435.000 ns	     49042	80009ed0	123f2a23	sw	x3,308(x30)	 x30:0x8003fecc  x3:0x00000001 PA:0xxxxxxxxx
     490455.000 ns	     49044	80009ed4	ff9ff06f	jal	x0,80009ed0	
     490505.000 ns	     49049	80009ecc	00036f17	auipc	x30,0x36	 x30=0x8003fecc
     490515.000 ns	     49050	80009ed0	123f2a23	sw	x3,308(x30)	 x30:0x8003fecc  x3:0x00000001 PA:0xxxxxxxxx
     490535.000 ns	     49052	80009ed4	ff9ff06f	jal	x0,80009ed0	
     490585.000 ns	     49057	80009ecc	00036f17	auipc	x30,0x36	 x30=0x8003fecc
     490595.000 ns	     49058	80009ed0	123f2a23	sw	x3,308(x30)	 x30:0x8003fecc  x3:0x00000001 PA:0xxxxxxxxx
     490615.000 ns	     49060	80009ed4	ff9ff06f	jal	x0,80009ed0	
     490665.000 ns	     49065	80009ecc	00036f17	auipc	x30,0x36	 x30=0x8003fecc
     490675.000 ns	     49066	80009ed0	123f2a23	sw	x3,308(x30)	 x30:0x8003fecc  x3:0x00000001 PA:0xxxxxxxxx
     490695.000 ns	     49068	80009ed4	ff9ff06f	jal	x0,80009ed0	
     490745.000 ns	     49073	80009ecc	00036f17	auipc	x30,0x36	 x30=0x8003fecc
     490755.000 ns	     49074	80009ed0	123f2a23	sw	x3,308(x30)	 x30:0x8003fecc  x3:0x00000001 PA:0xxxxxxxxx
     490775.000 ns	     49076	80009ed4	ff9ff06f	jal	x0,80009ed0	
     490825.000 ns	     49081	80009ecc	00036f17	auipc	x30,0x36	 x30=0x8003fecc
     490835.000 ns	     49082	80009ed0	123f2a23	sw	x3,308(x30)	 x30:0x8003fecc  x3:0x00000001 PA:0xxxxxxxxx
     490855.000 ns	     49084	80009ed4	ff9ff06f	jal	x0,80009ed0	
     490905.000 ns	     49089	80009ecc	00036f17	auipc	x30,0x36	 x30=0x8003fecc
     490915.000 ns	     49090	80009ed0	123f2a23	sw	x3,308(x30)	 x30:0x8003fecc  x3:0x00000001 PA:0xxxxxxxxx
     490935.000 ns	     49092	80009ed4	ff9ff06f	jal	x0,80009ed0	
     490985.000 ns	     49097	80009ecc	00036f17	auipc	x30,0x36	 x30=0x8003fecc
     490995.000 ns	     49098	80009ed0	123f2a23	sw	x3,308(x30)	 x30:0x8003fecc  x3:0x00000001 PA:0xxxxxxxxx
     491015.000 ns	     49100	80009ed4	ff9ff06f	jal	x0,80009ed0	
     491065.000 ns	     49105	80009ecc	00036f17	auipc	x30,0x36	 x30=0x8003fecc
     491075.000 ns	     49106	80009ed0	123f2a23	sw	x3,308(x30)	 x30:0x8003fecc  x3:0x00000001 PA:0xxxxxxxxx
     491095.000 ns	     49108	80009ed4	ff9ff06f	jal	x0,80009ed0	
     491145.000 ns	     49113	80009ecc	00036f17	auipc	x30,0x36	 x30=0x8003fecc
     491155.000 ns	     49114	80009ed0	123f2a23	sw	x3,308(x30)	 x30:0x8003fecc  x3:0x00000001 PA:0xxxxxxxxx
     491175.000 ns	     49116	80009ed4	ff9ff06f	jal	x0,80009ed0	
     491225.000 ns	     49121	80009ecc	00036f17	auipc	x30,0x36	 x30=0x8003fecc
     491235.000 ns	     49122	80009ed0	123f2a23	sw	x3,308(x30)	 x30:0x8003fecc  x3:0x00000001 PA:0xxxxxxxxx
     491255.000 ns	     49124	80009ed4	ff9ff06f	jal	x0,80009ed0	
     491305.000 ns	     49129	80009ecc	00036f17	auipc	x30,0x36	 x30=0x8003fecc
     491315.000 ns	     49130	80009ed0	123f2a23	sw	x3,308(x30)	 x30:0x8003fecc  x3:0x00000001 PA:0xxxxxxxxx
     491335.000 ns	     49132	80009ed4	ff9ff06f	jal	x0,80009ed0	
     491385.000 ns	     49137	80009ecc	00036f17	auipc	x30,0x36	 x30=0x8003fecc
     491395.000 ns	     49138	80009ed0	123f2a23	sw	x3,308(x30)	 x30:0x8003fecc  x3:0x00000001 PA:0xxxxxxxxx
     491415.000 ns	     49140	80009ed4	ff9ff06f	jal	x0,80009ed0	
     491465.000 ns	     49145	80009ecc	00036f17	auipc	x30,0x36	 x30=0x8003fecc
     491475.000 ns	     49146	80009ed0	123f2a23	sw	x3,308(x30)	 x30:0x8003fecc  x3:0x00000001 PA:0xxxxxxxxx
     491495.000 ns	     49148	80009ed4	ff9ff06f	jal	x0,80009ed0	
     491545.000 ns	     49153	80009ecc	00036f17	auipc	x30,0x36	 x30=0x8003fecc
     491555.000 ns	     49154	80009ed0	123f2a23	sw	x3,308(x30)	 x30:0x8003fecc  x3:0x00000001 PA:0xxxxxxxxx
     491575.000 ns	     49156	80009ed4	ff9ff06f	jal	x0,80009ed0	
     491625.000 ns	     49161	80009ecc	00036f17	auipc	x30,0x36	 x30=0x8003fecc
     491635.000 ns	     49162	80009ed0	123f2a23	sw	x3,308(x30)	 x30:0x8003fecc  x3:0x00000001 PA:0xxxxxxxxx
     491655.000 ns	     49164	80009ed4	ff9ff06f	jal	x0,80009ed0	
     491705.000 ns	     49169	80009ecc	00036f17	auipc	x30,0x36	 x30=0x8003fecc
     491715.000 ns	     49170	80009ed0	123f2a23	sw	x3,308(x30)	 x30:0x8003fecc  x3:0x00000001 PA:0xxxxxxxxx
     491735.000 ns	     49172	80009ed4	ff9ff06f	jal	x0,80009ed0	
     491785.000 ns	     49177	80009ecc	00036f17	auipc	x30,0x36	 x30=0x8003fecc
     491795.000 ns	     49178	80009ed0	123f2a23	sw	x3,308(x30)	 x30:0x8003fecc  x3:0x00000001 PA:0xxxxxxxxx
     491815.000 ns	     49180	80009ed4	ff9ff06f	jal	x0,80009ed0	
     491865.000 ns	     49185	80009ecc	00036f17	auipc	x30,0x36	 x30=0x8003fecc
     491875.000 ns	     49186	80009ed0	123f2a23	sw	x3,308(x30)	 x30:0x8003fecc  x3:0x00000001 PA:0xxxxxxxxx
     491895.000 ns	     49188	80009ed4	ff9ff06f	jal	x0,80009ed0	
     491945.000 ns	     49193	80009ecc	00036f17	auipc	x30,0x36	 x30=0x8003fecc
     491955.000 ns	     49194	80009ed0	123f2a23	sw	x3,308(x30)	 x30:0x8003fecc  x3:0x00000001 PA:0xxxxxxxxx
     491975.000 ns	     49196	80009ed4	ff9ff06f	jal	x0,80009ed0	
     492025.000 ns	     49201	80009ecc	00036f17	auipc	x30,0x36	 x30=0x8003fecc
     492035.000 ns	     49202	80009ed0	123f2a23	sw	x3,308(x30)	 x30:0x8003fecc  x3:0x00000001 PA:0xxxxxxxxx
     492055.000 ns	     49204	80009ed4	ff9ff06f	jal	x0,80009ed0	
     492105.000 ns	     49209	80009ecc	00036f17	auipc	x30,0x36	 x30=0x8003fecc
     492115.000 ns	     49210	80009ed0	123f2a23	sw	x3,308(x30)	 x30:0x8003fecc  x3:0x00000001 PA:0xxxxxxxxx
     492135.000 ns	     49212	80009ed4	ff9ff06f	jal	x0,80009ed0	
     492185.000 ns	     49217	80009ecc	00036f17	auipc	x30,0x36	 x30=0x8003fecc
     492195.000 ns	     49218	80009ed0	123f2a23	sw	x3,308(x30)	 x30:0x8003fecc  x3:0x00000001 PA:0xxxxxxxxx
     492215.000 ns	     49220	80009ed4	ff9ff06f	jal	x0,80009ed0	
     492265.000 ns	     49225	80009ecc	00036f17	auipc	x30,0x36	 x30=0x8003fecc
     492275.000 ns	     49226	80009ed0	123f2a23	sw	x3,308(x30)	 x30:0x8003fecc  x3:0x00000001 PA:0xxxxxxxxx
     492295.000 ns	     49228	80009ed4	ff9ff06f	jal	x0,80009ed0	
     492345.000 ns	     49233	80009ecc	00036f17	auipc	x30,0x36	 x30=0x8003fecc
     492355.000 ns	     49234	80009ed0	123f2a23	sw	x3,308(x30)	 x30:0x8003fecc  x3:0x00000001 PA:0xxxxxxxxx
     492375.000 ns	     49236	80009ed4	ff9ff06f	jal	x0,80009ed0	
     492425.000 ns	     49241	80009ecc	00036f17	auipc	x30,0x36	 x30=0x8003fecc
     492435.000 ns	     49242	80009ed0	123f2a23	sw	x3,308(x30)	 x30:0x8003fecc  x3:0x00000001 PA:0xxxxxxxxx
     492455.000 ns	     49244	80009ed4	ff9ff06f	jal	x0,80009ed0	
     492505.000 ns	     49249	80009ecc	00036f17	auipc	x30,0x36	 x30=0x8003fecc
     492515.000 ns	     49250	80009ed0	123f2a23	sw	x3,308(x30)	 x30:0x8003fecc  x3:0x00000001 PA:0xxxxxxxxx
     492535.000 ns	     49252	80009ed4	ff9ff06f	jal	x0,80009ed0	
     492585.000 ns	     49257	80009ecc	00036f17	auipc	x30,0x36	 x30=0x8003fecc
     492595.000 ns	     49258	80009ed0	123f2a23	sw	x3,308(x30)	 x30:0x8003fecc  x3:0x00000001 PA:0xxxxxxxxx
     492615.000 ns	     49260	80009ed4	ff9ff06f	jal	x0,80009ed0	
     492665.000 ns	     49265	80009ecc	00036f17	auipc	x30,0x36	 x30=0x8003fecc
     492675.000 ns	     49266	80009ed0	123f2a23	sw	x3,308(x30)	 x30:0x8003fecc  x3:0x00000001 PA:0xxxxxxxxx
     492695.000 ns	     49268	80009ed4	ff9ff06f	jal	x0,80009ed0	
     492745.000 ns	     49273	80009ecc	00036f17	auipc	x30,0x36	 x30=0x8003fecc
     492755.000 ns	     49274	80009ed0	123f2a23	sw	x3,308(x30)	 x30:0x8003fecc  x3:0x00000001 PA:0xxxxxxxxx
     492775.000 ns	     49276	80009ed4	ff9ff06f	jal	x0,80009ed0	
     492825.000 ns	     49281	80009ecc	00036f17	auipc	x30,0x36	 x30=0x8003fecc
     492835.000 ns	     49282	80009ed0	123f2a23	sw	x3,308(x30)	 x30:0x8003fecc  x3:0x00000001 PA:0xxxxxxxxx
     492855.000 ns	     49284	80009ed4	ff9ff06f	jal	x0,80009ed0	
     492905.000 ns	     49289	80009ecc	00036f17	auipc	x30,0x36	 x30=0x8003fecc
     492915.000 ns	     49290	80009ed0	123f2a23	sw	x3,308(x30)	 x30:0x8003fecc  x3:0x00000001 PA:0xxxxxxxxx
     492935.000 ns	     49292	80009ed4	ff9ff06f	jal	x0,80009ed0	
     492985.000 ns	     49297	80009ecc	00036f17	auipc	x30,0x36	 x30=0x8003fecc
     492995.000 ns	     49298	80009ed0	123f2a23	sw	x3,308(x30)	 x30:0x8003fecc  x3:0x00000001 PA:0xxxxxxxxx
     493015.000 ns	     49300	80009ed4	ff9ff06f	jal	x0,80009ed0	
     493065.000 ns	     49305	80009ecc	00036f17	auipc	x30,0x36	 x30=0x8003fecc
     493075.000 ns	     49306	80009ed0	123f2a23	sw	x3,308(x30)	 x30:0x8003fecc  x3:0x00000001 PA:0xxxxxxxxx
     493095.000 ns	     49308	80009ed4	ff9ff06f	jal	x0,80009ed0	
     493145.000 ns	     49313	80009ecc	00036f17	auipc	x30,0x36	 x30=0x8003fecc
     493155.000 ns	     49314	80009ed0	123f2a23	sw	x3,308(x30)	 x30:0x8003fecc  x3:0x00000001 PA:0xxxxxxxxx
     493175.000 ns	     49316	80009ed4	ff9ff06f	jal	x0,80009ed0	
     493225.000 ns	     49321	80009ecc	00036f17	auipc	x30,0x36	 x30=0x8003fecc
     493235.000 ns	     49322	80009ed0	123f2a23	sw	x3,308(x30)	 x30:0x8003fecc  x3:0x00000001 PA:0xxxxxxxxx
     493255.000 ns	     49324	80009ed4	ff9ff06f	jal	x0,80009ed0	
     493305.000 ns	     49329	80009ecc	00036f17	auipc	x30,0x36	 x30=0x8003fecc
     493315.000 ns	     49330	80009ed0	123f2a23	sw	x3,308(x30)	 x30:0x8003fecc  x3:0x00000001 PA:0xxxxxxxxx
     493335.000 ns	     49332	80009ed4	ff9ff06f	jal	x0,80009ed0	
     493385.000 ns	     49337	80009ecc	00036f17	auipc	x30,0x36	 x30=0x8003fecc
     493395.000 ns	     49338	80009ed0	123f2a23	sw	x3,308(x30)	 x30:0x8003fecc  x3:0x00000001 PA:0xxxxxxxxx
     493415.000 ns	     49340	80009ed4	ff9ff06f	jal	x0,80009ed0	
     493465.000 ns	     49345	80009ecc	00036f17	auipc	x30,0x36	 x30=0x8003fecc
     493475.000 ns	     49346	80009ed0	123f2a23	sw	x3,308(x30)	 x30:0x8003fecc  x3:0x00000001 PA:0xxxxxxxxx
     493495.000 ns	     49348	80009ed4	ff9ff06f	jal	x0,80009ed0	
     493545.000 ns	     49353	80009ecc	00036f17	auipc	x30,0x36	 x30=0x8003fecc
     493555.000 ns	     49354	80009ed0	123f2a23	sw	x3,308(x30)	 x30:0x8003fecc  x3:0x00000001 PA:0xxxxxxxxx
     493575.000 ns	     49356	80009ed4	ff9ff06f	jal	x0,80009ed0	
     493625.000 ns	     49361	80009ecc	00036f17	auipc	x30,0x36	 x30=0x8003fecc
     493635.000 ns	     49362	80009ed0	123f2a23	sw	x3,308(x30)	 x30:0x8003fecc  x3:0x00000001 PA:0xxxxxxxxx
     493655.000 ns	     49364	80009ed4	ff9ff06f	jal	x0,80009ed0	
     493705.000 ns	     49369	80009ecc	00036f17	auipc	x30,0x36	 x30=0x8003fecc
     493715.000 ns	     49370	80009ed0	123f2a23	sw	x3,308(x30)	 x30:0x8003fecc  x3:0x00000001 PA:0xxxxxxxxx
     493735.000 ns	     49372	80009ed4	ff9ff06f	jal	x0,80009ed0	
     493785.000 ns	     49377	80009ecc	00036f17	auipc	x30,0x36	 x30=0x8003fecc
     493795.000 ns	     49378	80009ed0	123f2a23	sw	x3,308(x30)	 x30:0x8003fecc  x3:0x00000001 PA:0xxxxxxxxx
     493815.000 ns	     49380	80009ed4	ff9ff06f	jal	x0,80009ed0	
     493865.000 ns	     49385	80009ecc	00036f17	auipc	x30,0x36	 x30=0x8003fecc
     493875.000 ns	     49386	80009ed0	123f2a23	sw	x3,308(x30)	 x30:0x8003fecc  x3:0x00000001 PA:0xxxxxxxxx
     493895.000 ns	     49388	80009ed4	ff9ff06f	jal	x0,80009ed0	
     493945.000 ns	     49393	80009ecc	00036f17	auipc	x30,0x36	 x30=0x8003fecc
     493955.000 ns	     49394	80009ed0	123f2a23	sw	x3,308(x30)	 x30:0x8003fecc  x3:0x00000001 PA:0xxxxxxxxx
     493975.000 ns	     49396	80009ed4	ff9ff06f	jal	x0,80009ed0	
     494025.000 ns	     49401	80009ecc	00036f17	auipc	x30,0x36	 x30=0x8003fecc
     494035.000 ns	     49402	80009ed0	123f2a23	sw	x3,308(x30)	 x30:0x8003fecc  x3:0x00000001 PA:0xxxxxxxxx
     494055.000 ns	     49404	80009ed4	ff9ff06f	jal	x0,80009ed0	
     494105.000 ns	     49409	80009ecc	00036f17	auipc	x30,0x36	 x30=0x8003fecc
     494115.000 ns	     49410	80009ed0	123f2a23	sw	x3,308(x30)	 x30:0x8003fecc  x3:0x00000001 PA:0xxxxxxxxx
     494135.000 ns	     49412	80009ed4	ff9ff06f	jal	x0,80009ed0	
     494185.000 ns	     49417	80009ecc	00036f17	auipc	x30,0x36	 x30=0x8003fecc
     494195.000 ns	     49418	80009ed0	123f2a23	sw	x3,308(x30)	 x30:0x8003fecc  x3:0x00000001 PA:0xxxxxxxxx
     494215.000 ns	     49420	80009ed4	ff9ff06f	jal	x0,80009ed0	
     494265.000 ns	     49425	80009ecc	00036f17	auipc	x30,0x36	 x30=0x8003fecc
     494275.000 ns	     49426	80009ed0	123f2a23	sw	x3,308(x30)	 x30:0x8003fecc  x3:0x00000001 PA:0xxxxxxxxx
     494295.000 ns	     49428	80009ed4	ff9ff06f	jal	x0,80009ed0	
     494345.000 ns	     49433	80009ecc	00036f17	auipc	x30,0x36	 x30=0x8003fecc
     494355.000 ns	     49434	80009ed0	123f2a23	sw	x3,308(x30)	 x30:0x8003fecc  x3:0x00000001 PA:0xxxxxxxxx
     494375.000 ns	     49436	80009ed4	ff9ff06f	jal	x0,80009ed0	
     494425.000 ns	     49441	80009ecc	00036f17	auipc	x30,0x36	 x30=0x8003fecc
     494435.000 ns	     49442	80009ed0	123f2a23	sw	x3,308(x30)	 x30:0x8003fecc  x3:0x00000001 PA:0xxxxxxxxx
     494455.000 ns	     49444	80009ed4	ff9ff06f	jal	x0,80009ed0	
     494505.000 ns	     49449	80009ecc	00036f17	auipc	x30,0x36	 x30=0x8003fecc
     494515.000 ns	     49450	80009ed0	123f2a23	sw	x3,308(x30)	 x30:0x8003fecc  x3:0x00000001 PA:0xxxxxxxxx
     494535.000 ns	     49452	80009ed4	ff9ff06f	jal	x0,80009ed0	
     494585.000 ns	     49457	80009ecc	00036f17	auipc	x30,0x36	 x30=0x8003fecc
     494595.000 ns	     49458	80009ed0	123f2a23	sw	x3,308(x30)	 x30:0x8003fecc  x3:0x00000001 PA:0xxxxxxxxx
     494615.000 ns	     49460	80009ed4	ff9ff06f	jal	x0,80009ed0	
     494665.000 ns	     49465	80009ecc	00036f17	auipc	x30,0x36	 x30=0x8003fecc
     494675.000 ns	     49466	80009ed0	123f2a23	sw	x3,308(x30)	 x30:0x8003fecc  x3:0x00000001 PA:0xxxxxxxxx
     494695.000 ns	     49468	80009ed4	ff9ff06f	jal	x0,80009ed0	
     494745.000 ns	     49473	80009ecc	00036f17	auipc	x30,0x36	 x30=0x8003fecc
     494755.000 ns	     49474	80009ed0	123f2a23	sw	x3,308(x30)	 x30:0x8003fecc  x3:0x00000001 PA:0xxxxxxxxx
     494775.000 ns	     49476	80009ed4	ff9ff06f	jal	x0,80009ed0	
     494825.000 ns	     49481	80009ecc	00036f17	auipc	x30,0x36	 x30=0x8003fecc
     494835.000 ns	     49482	80009ed0	123f2a23	sw	x3,308(x30)	 x30:0x8003fecc  x3:0x00000001 PA:0xxxxxxxxx
     494855.000 ns	     49484	80009ed4	ff9ff06f	jal	x0,80009ed0	
     494905.000 ns	     49489	80009ecc	00036f17	auipc	x30,0x36	 x30=0x8003fecc
     494915.000 ns	     49490	80009ed0	123f2a23	sw	x3,308(x30)	 x30:0x8003fecc  x3:0x00000001 PA:0xxxxxxxxx
     494935.000 ns	     49492	80009ed4	ff9ff06f	jal	x0,80009ed0	
     494985.000 ns	     49497	80009ecc	00036f17	auipc	x30,0x36	 x30=0x8003fecc
     494995.000 ns	     49498	80009ed0	123f2a23	sw	x3,308(x30)	 x30:0x8003fecc  x3:0x00000001 PA:0xxxxxxxxx
     495015.000 ns	     49500	80009ed4	ff9ff06f	jal	x0,80009ed0	
     495065.000 ns	     49505	80009ecc	00036f17	auipc	x30,0x36	 x30=0x8003fecc
     495075.000 ns	     49506	80009ed0	123f2a23	sw	x3,308(x30)	 x30:0x8003fecc  x3:0x00000001 PA:0xxxxxxxxx
     495095.000 ns	     49508	80009ed4	ff9ff06f	jal	x0,80009ed0	
     495145.000 ns	     49513	80009ecc	00036f17	auipc	x30,0x36	 x30=0x8003fecc
     495155.000 ns	     49514	80009ed0	123f2a23	sw	x3,308(x30)	 x30:0x8003fecc  x3:0x00000001 PA:0xxxxxxxxx
     495175.000 ns	     49516	80009ed4	ff9ff06f	jal	x0,80009ed0	
     495225.000 ns	     49521	80009ecc	00036f17	auipc	x30,0x36	 x30=0x8003fecc
     495235.000 ns	     49522	80009ed0	123f2a23	sw	x3,308(x30)	 x30:0x8003fecc  x3:0x00000001 PA:0xxxxxxxxx
     495255.000 ns	     49524	80009ed4	ff9ff06f	jal	x0,80009ed0	
     495305.000 ns	     49529	80009ecc	00036f17	auipc	x30,0x36	 x30=0x8003fecc
     495315.000 ns	     49530	80009ed0	123f2a23	sw	x3,308(x30)	 x30:0x8003fecc  x3:0x00000001 PA:0xxxxxxxxx
     495335.000 ns	     49532	80009ed4	ff9ff06f	jal	x0,80009ed0	
     495385.000 ns	     49537	80009ecc	00036f17	auipc	x30,0x36	 x30=0x8003fecc
     495395.000 ns	     49538	80009ed0	123f2a23	sw	x3,308(x30)	 x30:0x8003fecc  x3:0x00000001 PA:0xxxxxxxxx
     495415.000 ns	     49540	80009ed4	ff9ff06f	jal	x0,80009ed0	
     495465.000 ns	     49545	80009ecc	00036f17	auipc	x30,0x36	 x30=0x8003fecc
     495475.000 ns	     49546	80009ed0	123f2a23	sw	x3,308(x30)	 x30:0x8003fecc  x3:0x00000001 PA:0xxxxxxxxx
     495495.000 ns	     49548	80009ed4	ff9ff06f	jal	x0,80009ed0	
     495545.000 ns	     49553	80009ecc	00036f17	auipc	x30,0x36	 x30=0x8003fecc
     495555.000 ns	     49554	80009ed0	123f2a23	sw	x3,308(x30)	 x30:0x8003fecc  x3:0x00000001 PA:0xxxxxxxxx
     495575.000 ns	     49556	80009ed4	ff9ff06f	jal	x0,80009ed0	
     495625.000 ns	     49561	80009ecc	00036f17	auipc	x30,0x36	 x30=0x8003fecc
     495635.000 ns	     49562	80009ed0	123f2a23	sw	x3,308(x30)	 x30:0x8003fecc  x3:0x00000001 PA:0xxxxxxxxx
     495655.000 ns	     49564	80009ed4	ff9ff06f	jal	x0,80009ed0	
     495705.000 ns	     49569	80009ecc	00036f17	auipc	x30,0x36	 x30=0x8003fecc
     495715.000 ns	     49570	80009ed0	123f2a23	sw	x3,308(x30)	 x30:0x8003fecc  x3:0x00000001 PA:0xxxxxxxxx
     495735.000 ns	     49572	80009ed4	ff9ff06f	jal	x0,80009ed0	
     495785.000 ns	     49577	80009ecc	00036f17	auipc	x30,0x36	 x30=0x8003fecc
     495795.000 ns	     49578	80009ed0	123f2a23	sw	x3,308(x30)	 x30:0x8003fecc  x3:0x00000001 PA:0xxxxxxxxx
     495815.000 ns	     49580	80009ed4	ff9ff06f	jal	x0,80009ed0	
     495865.000 ns	     49585	80009ecc	00036f17	auipc	x30,0x36	 x30=0x8003fecc
     495875.000 ns	     49586	80009ed0	123f2a23	sw	x3,308(x30)	 x30:0x8003fecc  x3:0x00000001 PA:0xxxxxxxxx
     495895.000 ns	     49588	80009ed4	ff9ff06f	jal	x0,80009ed0	
     495945.000 ns	     49593	80009ecc	00036f17	auipc	x30,0x36	 x30=0x8003fecc
     495955.000 ns	     49594	80009ed0	123f2a23	sw	x3,308(x30)	 x30:0x8003fecc  x3:0x00000001 PA:0xxxxxxxxx
     495975.000 ns	     49596	80009ed4	ff9ff06f	jal	x0,80009ed0	
     496025.000 ns	     49601	80009ecc	00036f17	auipc	x30,0x36	 x30=0x8003fecc
     496035.000 ns	     49602	80009ed0	123f2a23	sw	x3,308(x30)	 x30:0x8003fecc  x3:0x00000001 PA:0xxxxxxxxx
     496055.000 ns	     49604	80009ed4	ff9ff06f	jal	x0,80009ed0	
     496105.000 ns	     49609	80009ecc	00036f17	auipc	x30,0x36	 x30=0x8003fecc
     496115.000 ns	     49610	80009ed0	123f2a23	sw	x3,308(x30)	 x30:0x8003fecc  x3:0x00000001 PA:0xxxxxxxxx
     496135.000 ns	     49612	80009ed4	ff9ff06f	jal	x0,80009ed0	
     496185.000 ns	     49617	80009ecc	00036f17	auipc	x30,0x36	 x30=0x8003fecc
     496195.000 ns	     49618	80009ed0	123f2a23	sw	x3,308(x30)	 x30:0x8003fecc  x3:0x00000001 PA:0xxxxxxxxx
     496215.000 ns	     49620	80009ed4	ff9ff06f	jal	x0,80009ed0	
     496265.000 ns	     49625	80009ecc	00036f17	auipc	x30,0x36	 x30=0x8003fecc
     496275.000 ns	     49626	80009ed0	123f2a23	sw	x3,308(x30)	 x30:0x8003fecc  x3:0x00000001 PA:0xxxxxxxxx
     496295.000 ns	     49628	80009ed4	ff9ff06f	jal	x0,80009ed0	
     496345.000 ns	     49633	80009ecc	00036f17	auipc	x30,0x36	 x30=0x8003fecc
     496355.000 ns	     49634	80009ed0	123f2a23	sw	x3,308(x30)	 x30:0x8003fecc  x3:0x00000001 PA:0xxxxxxxxx
     496375.000 ns	     49636	80009ed4	ff9ff06f	jal	x0,80009ed0	
     496425.000 ns	     49641	80009ecc	00036f17	auipc	x30,0x36	 x30=0x8003fecc
     496435.000 ns	     49642	80009ed0	123f2a23	sw	x3,308(x30)	 x30:0x8003fecc  x3:0x00000001 PA:0xxxxxxxxx
     496455.000 ns	     49644	80009ed4	ff9ff06f	jal	x0,80009ed0	
     496505.000 ns	     49649	80009ecc	00036f17	auipc	x30,0x36	 x30=0x8003fecc
     496515.000 ns	     49650	80009ed0	123f2a23	sw	x3,308(x30)	 x30:0x8003fecc  x3:0x00000001 PA:0xxxxxxxxx
     496535.000 ns	     49652	80009ed4	ff9ff06f	jal	x0,80009ed0	
     496585.000 ns	     49657	80009ecc	00036f17	auipc	x30,0x36	 x30=0x8003fecc
     496595.000 ns	     49658	80009ed0	123f2a23	sw	x3,308(x30)	 x30:0x8003fecc  x3:0x00000001 PA:0xxxxxxxxx
     496615.000 ns	     49660	80009ed4	ff9ff06f	jal	x0,80009ed0	
     496665.000 ns	     49665	80009ecc	00036f17	auipc	x30,0x36	 x30=0x8003fecc
     496675.000 ns	     49666	80009ed0	123f2a23	sw	x3,308(x30)	 x30:0x8003fecc  x3:0x00000001 PA:0xxxxxxxxx
     496695.000 ns	     49668	80009ed4	ff9ff06f	jal	x0,80009ed0	
     496745.000 ns	     49673	80009ecc	00036f17	auipc	x30,0x36	 x30=0x8003fecc
     496755.000 ns	     49674	80009ed0	123f2a23	sw	x3,308(x30)	 x30:0x8003fecc  x3:0x00000001 PA:0xxxxxxxxx
     496775.000 ns	     49676	80009ed4	ff9ff06f	jal	x0,80009ed0	
     496825.000 ns	     49681	80009ecc	00036f17	auipc	x30,0x36	 x30=0x8003fecc
     496835.000 ns	     49682	80009ed0	123f2a23	sw	x3,308(x30)	 x30:0x8003fecc  x3:0x00000001 PA:0xxxxxxxxx
     496855.000 ns	     49684	80009ed4	ff9ff06f	jal	x0,80009ed0	
     496905.000 ns	     49689	80009ecc	00036f17	auipc	x30,0x36	 x30=0x8003fecc
     496915.000 ns	     49690	80009ed0	123f2a23	sw	x3,308(x30)	 x30:0x8003fecc  x3:0x00000001 PA:0xxxxxxxxx
     496935.000 ns	     49692	80009ed4	ff9ff06f	jal	x0,80009ed0	
     496985.000 ns	     49697	80009ecc	00036f17	auipc	x30,0x36	 x30=0x8003fecc
     496995.000 ns	     49698	80009ed0	123f2a23	sw	x3,308(x30)	 x30:0x8003fecc  x3:0x00000001 PA:0xxxxxxxxx
     497015.000 ns	     49700	80009ed4	ff9ff06f	jal	x0,80009ed0	
     497065.000 ns	     49705	80009ecc	00036f17	auipc	x30,0x36	 x30=0x8003fecc
     497075.000 ns	     49706	80009ed0	123f2a23	sw	x3,308(x30)	 x30:0x8003fecc  x3:0x00000001 PA:0xxxxxxxxx
     497095.000 ns	     49708	80009ed4	ff9ff06f	jal	x0,80009ed0	
     497145.000 ns	     49713	80009ecc	00036f17	auipc	x30,0x36	 x30=0x8003fecc
     497155.000 ns	     49714	80009ed0	123f2a23	sw	x3,308(x30)	 x30:0x8003fecc  x3:0x00000001 PA:0xxxxxxxxx
     497175.000 ns	     49716	80009ed4	ff9ff06f	jal	x0,80009ed0	
     497225.000 ns	     49721	80009ecc	00036f17	auipc	x30,0x36	 x30=0x8003fecc
     497235.000 ns	     49722	80009ed0	123f2a23	sw	x3,308(x30)	 x30:0x8003fecc  x3:0x00000001 PA:0xxxxxxxxx
     497255.000 ns	     49724	80009ed4	ff9ff06f	jal	x0,80009ed0	
     497305.000 ns	     49729	80009ecc	00036f17	auipc	x30,0x36	 x30=0x8003fecc
     497315.000 ns	     49730	80009ed0	123f2a23	sw	x3,308(x30)	 x30:0x8003fecc  x3:0x00000001 PA:0xxxxxxxxx
     497335.000 ns	     49732	80009ed4	ff9ff06f	jal	x0,80009ed0	
     497385.000 ns	     49737	80009ecc	00036f17	auipc	x30,0x36	 x30=0x8003fecc
     497395.000 ns	     49738	80009ed0	123f2a23	sw	x3,308(x30)	 x30:0x8003fecc  x3:0x00000001 PA:0xxxxxxxxx
     497415.000 ns	     49740	80009ed4	ff9ff06f	jal	x0,80009ed0	
     497465.000 ns	     49745	80009ecc	00036f17	auipc	x30,0x36	 x30=0x8003fecc
     497475.000 ns	     49746	80009ed0	123f2a23	sw	x3,308(x30)	 x30:0x8003fecc  x3:0x00000001 PA:0xxxxxxxxx
     497495.000 ns	     49748	80009ed4	ff9ff06f	jal	x0,80009ed0	
     497545.000 ns	     49753	80009ecc	00036f17	auipc	x30,0x36	 x30=0x8003fecc
     497555.000 ns	     49754	80009ed0	123f2a23	sw	x3,308(x30)	 x30:0x8003fecc  x3:0x00000001 PA:0xxxxxxxxx
     497575.000 ns	     49756	80009ed4	ff9ff06f	jal	x0,80009ed0	
     497625.000 ns	     49761	80009ecc	00036f17	auipc	x30,0x36	 x30=0x8003fecc
     497635.000 ns	     49762	80009ed0	123f2a23	sw	x3,308(x30)	 x30:0x8003fecc  x3:0x00000001 PA:0xxxxxxxxx
     497655.000 ns	     49764	80009ed4	ff9ff06f	jal	x0,80009ed0	
     497705.000 ns	     49769	80009ecc	00036f17	auipc	x30,0x36	 x30=0x8003fecc
     497715.000 ns	     49770	80009ed0	123f2a23	sw	x3,308(x30)	 x30:0x8003fecc  x3:0x00000001 PA:0xxxxxxxxx
     497735.000 ns	     49772	80009ed4	ff9ff06f	jal	x0,80009ed0	
     497785.000 ns	     49777	80009ecc	00036f17	auipc	x30,0x36	 x30=0x8003fecc
     497795.000 ns	     49778	80009ed0	123f2a23	sw	x3,308(x30)	 x30:0x8003fecc  x3:0x00000001 PA:0xxxxxxxxx
     497815.000 ns	     49780	80009ed4	ff9ff06f	jal	x0,80009ed0	
     497865.000 ns	     49785	80009ecc	00036f17	auipc	x30,0x36	 x30=0x8003fecc
     497875.000 ns	     49786	80009ed0	123f2a23	sw	x3,308(x30)	 x30:0x8003fecc  x3:0x00000001 PA:0xxxxxxxxx
     497895.000 ns	     49788	80009ed4	ff9ff06f	jal	x0,80009ed0	
     497945.000 ns	     49793	80009ecc	00036f17	auipc	x30,0x36	 x30=0x8003fecc
     497955.000 ns	     49794	80009ed0	123f2a23	sw	x3,308(x30)	 x30:0x8003fecc  x3:0x00000001 PA:0xxxxxxxxx
     497975.000 ns	     49796	80009ed4	ff9ff06f	jal	x0,80009ed0	
     498025.000 ns	     49801	80009ecc	00036f17	auipc	x30,0x36	 x30=0x8003fecc
     498035.000 ns	     49802	80009ed0	123f2a23	sw	x3,308(x30)	 x30:0x8003fecc  x3:0x00000001 PA:0xxxxxxxxx
     498055.000 ns	     49804	80009ed4	ff9ff06f	jal	x0,80009ed0	
     498105.000 ns	     49809	80009ecc	00036f17	auipc	x30,0x36	 x30=0x8003fecc
     498115.000 ns	     49810	80009ed0	123f2a23	sw	x3,308(x30)	 x30:0x8003fecc  x3:0x00000001 PA:0xxxxxxxxx
     498135.000 ns	     49812	80009ed4	ff9ff06f	jal	x0,80009ed0	
     498185.000 ns	     49817	80009ecc	00036f17	auipc	x30,0x36	 x30=0x8003fecc
     498195.000 ns	     49818	80009ed0	123f2a23	sw	x3,308(x30)	 x30:0x8003fecc  x3:0x00000001 PA:0xxxxxxxxx
     498215.000 ns	     49820	80009ed4	ff9ff06f	jal	x0,80009ed0	
     498265.000 ns	     49825	80009ecc	00036f17	auipc	x30,0x36	 x30=0x8003fecc
     498275.000 ns	     49826	80009ed0	123f2a23	sw	x3,308(x30)	 x30:0x8003fecc  x3:0x00000001 PA:0xxxxxxxxx
     498295.000 ns	     49828	80009ed4	ff9ff06f	jal	x0,80009ed0	
     498345.000 ns	     49833	80009ecc	00036f17	auipc	x30,0x36	 x30=0x8003fecc
     498355.000 ns	     49834	80009ed0	123f2a23	sw	x3,308(x30)	 x30:0x8003fecc  x3:0x00000001 PA:0xxxxxxxxx
     498375.000 ns	     49836	80009ed4	ff9ff06f	jal	x0,80009ed0	
     498425.000 ns	     49841	80009ecc	00036f17	auipc	x30,0x36	 x30=0x8003fecc
     498435.000 ns	     49842	80009ed0	123f2a23	sw	x3,308(x30)	 x30:0x8003fecc  x3:0x00000001 PA:0xxxxxxxxx
     498455.000 ns	     49844	80009ed4	ff9ff06f	jal	x0,80009ed0	
     498505.000 ns	     49849	80009ecc	00036f17	auipc	x30,0x36	 x30=0x8003fecc
     498515.000 ns	     49850	80009ed0	123f2a23	sw	x3,308(x30)	 x30:0x8003fecc  x3:0x00000001 PA:0xxxxxxxxx
     498535.000 ns	     49852	80009ed4	ff9ff06f	jal	x0,80009ed0	
     498585.000 ns	     49857	80009ecc	00036f17	auipc	x30,0x36	 x30=0x8003fecc
     498595.000 ns	     49858	80009ed0	123f2a23	sw	x3,308(x30)	 x30:0x8003fecc  x3:0x00000001 PA:0xxxxxxxxx
     498615.000 ns	     49860	80009ed4	ff9ff06f	jal	x0,80009ed0	
     498665.000 ns	     49865	80009ecc	00036f17	auipc	x30,0x36	 x30=0x8003fecc
     498675.000 ns	     49866	80009ed0	123f2a23	sw	x3,308(x30)	 x30:0x8003fecc  x3:0x00000001 PA:0xxxxxxxxx
     498695.000 ns	     49868	80009ed4	ff9ff06f	jal	x0,80009ed0	
     498745.000 ns	     49873	80009ecc	00036f17	auipc	x30,0x36	 x30=0x8003fecc
     498755.000 ns	     49874	80009ed0	123f2a23	sw	x3,308(x30)	 x30:0x8003fecc  x3:0x00000001 PA:0xxxxxxxxx
     498775.000 ns	     49876	80009ed4	ff9ff06f	jal	x0,80009ed0	
     498825.000 ns	     49881	80009ecc	00036f17	auipc	x30,0x36	 x30=0x8003fecc
     498835.000 ns	     49882	80009ed0	123f2a23	sw	x3,308(x30)	 x30:0x8003fecc  x3:0x00000001 PA:0xxxxxxxxx
     498855.000 ns	     49884	80009ed4	ff9ff06f	jal	x0,80009ed0	
     498905.000 ns	     49889	80009ecc	00036f17	auipc	x30,0x36	 x30=0x8003fecc
     498915.000 ns	     49890	80009ed0	123f2a23	sw	x3,308(x30)	 x30:0x8003fecc  x3:0x00000001 PA:0xxxxxxxxx
     498935.000 ns	     49892	80009ed4	ff9ff06f	jal	x0,80009ed0	
     498985.000 ns	     49897	80009ecc	00036f17	auipc	x30,0x36	 x30=0x8003fecc
     498995.000 ns	     49898	80009ed0	123f2a23	sw	x3,308(x30)	 x30:0x8003fecc  x3:0x00000001 PA:0xxxxxxxxx
     499015.000 ns	     49900	80009ed4	ff9ff06f	jal	x0,80009ed0	
     499065.000 ns	     49905	80009ecc	00036f17	auipc	x30,0x36	 x30=0x8003fecc
     499075.000 ns	     49906	80009ed0	123f2a23	sw	x3,308(x30)	 x30:0x8003fecc  x3:0x00000001 PA:0xxxxxxxxx
     499095.000 ns	     49908	80009ed4	ff9ff06f	jal	x0,80009ed0	
     499145.000 ns	     49913	80009ecc	00036f17	auipc	x30,0x36	 x30=0x8003fecc
     499155.000 ns	     49914	80009ed0	123f2a23	sw	x3,308(x30)	 x30:0x8003fecc  x3:0x00000001 PA:0xxxxxxxxx
     499175.000 ns	     49916	80009ed4	ff9ff06f	jal	x0,80009ed0	
     499225.000 ns	     49921	80009ecc	00036f17	auipc	x30,0x36	 x30=0x8003fecc
     499235.000 ns	     49922	80009ed0	123f2a23	sw	x3,308(x30)	 x30:0x8003fecc  x3:0x00000001 PA:0xxxxxxxxx
     499255.000 ns	     49924	80009ed4	ff9ff06f	jal	x0,80009ed0	
     499305.000 ns	     49929	80009ecc	00036f17	auipc	x30,0x36	 x30=0x8003fecc
     499315.000 ns	     49930	80009ed0	123f2a23	sw	x3,308(x30)	 x30:0x8003fecc  x3:0x00000001 PA:0xxxxxxxxx
     499335.000 ns	     49932	80009ed4	ff9ff06f	jal	x0,80009ed0	
     499385.000 ns	     49937	80009ecc	00036f17	auipc	x30,0x36	 x30=0x8003fecc
     499395.000 ns	     49938	80009ed0	123f2a23	sw	x3,308(x30)	 x30:0x8003fecc  x3:0x00000001 PA:0xxxxxxxxx
     499415.000 ns	     49940	80009ed4	ff9ff06f	jal	x0,80009ed0	
     499465.000 ns	     49945	80009ecc	00036f17	auipc	x30,0x36	 x30=0x8003fecc
     499475.000 ns	     49946	80009ed0	123f2a23	sw	x3,308(x30)	 x30:0x8003fecc  x3:0x00000001 PA:0xxxxxxxxx
     499495.000 ns	     49948	80009ed4	ff9ff06f	jal	x0,80009ed0	
     499545.000 ns	     49953	80009ecc	00036f17	auipc	x30,0x36	 x30=0x8003fecc
     499555.000 ns	     49954	80009ed0	123f2a23	sw	x3,308(x30)	 x30:0x8003fecc  x3:0x00000001 PA:0xxxxxxxxx
     499575.000 ns	     49956	80009ed4	ff9ff06f	jal	x0,80009ed0	
     499625.000 ns	     49961	80009ecc	00036f17	auipc	x30,0x36	 x30=0x8003fecc
     499635.000 ns	     49962	80009ed0	123f2a23	sw	x3,308(x30)	 x30:0x8003fecc  x3:0x00000001 PA:0xxxxxxxxx
     499655.000 ns	     49964	80009ed4	ff9ff06f	jal	x0,80009ed0	
     499705.000 ns	     49969	80009ecc	00036f17	auipc	x30,0x36	 x30=0x8003fecc
     499715.000 ns	     49970	80009ed0	123f2a23	sw	x3,308(x30)	 x30:0x8003fecc  x3:0x00000001 PA:0xxxxxxxxx
     499735.000 ns	     49972	80009ed4	ff9ff06f	jal	x0,80009ed0	
     499785.000 ns	     49977	80009ecc	00036f17	auipc	x30,0x36	 x30=0x8003fecc
     499795.000 ns	     49978	80009ed0	123f2a23	sw	x3,308(x30)	 x30:0x8003fecc  x3:0x00000001 PA:0xxxxxxxxx
     499815.000 ns	     49980	80009ed4	ff9ff06f	jal	x0,80009ed0	
     499865.000 ns	     49985	80009ecc	00036f17	auipc	x30,0x36	 x30=0x8003fecc
     499875.000 ns	     49986	80009ed0	123f2a23	sw	x3,308(x30)	 x30:0x8003fecc  x3:0x00000001 PA:0xxxxxxxxx
     499895.000 ns	     49988	80009ed4	ff9ff06f	jal	x0,80009ed0	
     499945.000 ns	     49993	80009ecc	00036f17	auipc	x30,0x36	 x30=0x8003fecc
     499955.000 ns	     49994	80009ed0	123f2a23	sw	x3,308(x30)	 x30:0x8003fecc  x3:0x00000001 PA:0xxxxxxxxx
     499975.000 ns	     49996	80009ed4	ff9ff06f	jal	x0,80009ed0	
