		Time			Cycle	PC		Insn	Decoded instruction	Register and memory contents
         65.000 ns	         5	80000000	f14022f3	csrrs	x5,mhartid,x0	  x0:0x00000000  x5=0xffffff14
         75.000 ns	         6	80000004	00000313	addi	x6,x0,0	  x0:0x00000000  x6=0x00000000
         85.000 ns	         7	80000008	00628263	beq	x5,x6,8000000c	  x5:0x00000000  x6:0x00000000
         95.000 ns	         8	8000000c	00000f97	auipc	x31,0x0	 x31=0x8000000c
        105.000 ns	         9	80000010	00cf8f93	addi	x31,x31,12	 x31:0x00000000 x31=0x80000018
        115.000 ns	        10	80000014	000f8067	jalr	x0,x31,0	 x31:0x00000000
        165.000 ns	        15	80000018	400015b7	lui	x11,0x40001	 x11=0x40001000
        175.000 ns	        16	8000001c	12058593	addi	x11,x11,288	 x11:0x00000000 x11=0x40001120
        185.000 ns	        17	80000020	30159073	csrrw	x0,misa,x11	 x11:0x00000000
        195.000 ns	        18	80000024	00041b97	auipc	x23,0x41	 x23=0x80041024
        205.000 ns	        19	80000028	000b8b93	addi	x23,x23,0	 x23:0x00000000 x23=0x80041024
        215.000 ns	        20	8000002c	0000b597	auipc	x11,0xb	 x11=0x8000b02c
        225.000 ns	        21	80000030	8d458593	addi	x11,x11,-1836	 x11:0x40001120 x11=0x8000a900
        235.000 ns	        22	80000034	0015e593	ori	x11,x11,1	 x11:0x40001120 x11=0x8000a901
        245.000 ns	        23	80000038	30559073	csrrw	x0,mtvec,x11	 x11:0x8000b02c
        255.000 ns	        24	8000003c	00000597	auipc	x11,0x0	 x11=0x8000003c
        265.000 ns	        25	80000040	02858593	addi	x11,x11,40	 x11:0x8000a901 x11=0x80000064
        275.000 ns	        26	80000044	34159073	csrrw	x0,mepc,x11	 x11:0x8000a901
        285.000 ns	        27	80000048	00000013	addi	x0,x0,0	  x0:0x00000000
        295.000 ns	        28	8000004c	000045b7	lui	x11,0x4	 x11=0x00004000
        305.000 ns	        29	80000050	80058593	addi	x11,x11,-2048	 x11:0x80000064 x11=0x00003800
        315.000 ns	        30	80000054	30059073	csrrw	x0,mstatus,x11	 x11:0x80000064
        325.000 ns	        31	80000058	00000593	addi	x11,x0,0	  x0:0x00000000 x11=0x00000000
        335.000 ns	        32	8000005c	30459073	csrrw	x0,mie,x11	 x11:0x00003800
        345.000 ns	        33	80000060	30200073	mret	
        355.000 ns	        34	80000064	7f8005b7	lui	x11,0x7f800	 x11=0x7f800000
        365.000 ns	        35	80000068	fff58593	addi	x11,x11,-1	 x11:0x00000000 x11=0x7f7fffff
        385.000 ns	        37	8000006c	f0058053	fmv.w.x	f0,x11	 x11:0x00000000  f0=0x7f7fffff
        405.000 ns	        39	80000070	7f8005b7	lui	x11,0x7f800	 x11=0x7f800000
        415.000 ns	        40	80000074	fff58593	addi	x11,x11,-1	 x11:0x7f7fffff x11=0x7f7fffff
        435.000 ns	        42	80000078	f00580d3	fmv.w.x	f1,x11	 x11:0x7f7fffff  f1=0x7f7fffff
        455.000 ns	        44	8000007c	f00185b7	lui	x11,0xf0018	 x11=0xf0018000
        465.000 ns	        45	80000080	cae58593	addi	x11,x11,-850	 x11:0x7f7fffff x11=0xf0017cae
        485.000 ns	        47	80000084	f0058153	fmv.w.x	f2,x11	 x11:0x7f7fffff  f2=0xf0017cae
        505.000 ns	        49	80000088	0011c5b7	lui	x11,0x11c	 x11=0x0011c000
        515.000 ns	        50	8000008c	ac658593	addi	x11,x11,-1338	 x11:0xf0017cae x11=0x0011bac6
        535.000 ns	        52	80000090	f00581d3	fmv.w.x	f3,x11	 x11:0xf0017cae  f3=0x0011bac6
        555.000 ns	        54	80000094	800005b7	lui	x11,0x80000	 x11=0x80000000
        575.000 ns	        56	80000098	f0058253	fmv.w.x	f4,x11	 x11:0x0011bac6  f4=0x80000000
        595.000 ns	        58	8000009c	800005b7	lui	x11,0x80000	 x11=0x80000000
        615.000 ns	        60	800000a0	f00582d3	fmv.w.x	f5,x11	 x11:0x80000000  f5=0x80000000
        635.000 ns	        62	800000a4	802445b7	lui	x11,0x80244	 x11=0x80244000
        645.000 ns	        63	800000a8	ffc58593	addi	x11,x11,-4	 x11:0x80000000 x11=0x80243ffc
        665.000 ns	        65	800000ac	f0058353	fmv.w.x	f6,x11	 x11:0x80000000  f6=0x80243ffc
        685.000 ns	        67	800000b0	0010f5b7	lui	x11,0x10f	 x11=0x0010f000
        695.000 ns	        68	800000b4	9f458593	addi	x11,x11,-1548	 x11:0x80243ffc x11=0x0010e9f4
        715.000 ns	        70	800000b8	f00583d3	fmv.w.x	f7,x11	 x11:0x80243ffc  f7=0x0010e9f4
        735.000 ns	        72	800000bc	97a8e5b7	lui	x11,0x97a8e	 x11=0x97a8e000
        745.000 ns	        73	800000c0	b1158593	addi	x11,x11,-1263	 x11:0x0010e9f4 x11=0x97a8db11
        765.000 ns	        75	800000c4	f0058453	fmv.w.x	f8,x11	 x11:0x0010e9f4  f8=0x97a8db11
        785.000 ns	        77	800000c8	7f8005b7	lui	x11,0x7f800	 x11=0x7f800000
        795.000 ns	        78	800000cc	fff58593	addi	x11,x11,-1	 x11:0x97a8db11 x11=0x7f7fffff
        815.000 ns	        80	800000d0	f00584d3	fmv.w.x	f9,x11	 x11:0x97a8db11  f9=0x7f7fffff
        835.000 ns	        82	800000d4	7f8005b7	lui	x11,0x7f800	 x11=0x7f800000
        845.000 ns	        83	800000d8	fff58593	addi	x11,x11,-1	 x11:0x7f7fffff x11=0x7f7fffff
        865.000 ns	        85	800000dc	f0058553	fmv.w.x	f10,x11	 x11:0x7f7fffff f10=0x7f7fffff
        885.000 ns	        87	800000e0	007145b7	lui	x11,0x714	 x11=0x00714000
        895.000 ns	        88	800000e4	69358593	addi	x11,x11,1683	 x11:0x7f7fffff x11=0x00714693
        915.000 ns	        90	800000e8	f00585d3	fmv.w.x	f11,x11	 x11:0x7f7fffff f11=0x00714693
        935.000 ns	        92	800000ec	7f8005b7	lui	x11,0x7f800	 x11=0x7f800000
        945.000 ns	        93	800000f0	fff58593	addi	x11,x11,-1	 x11:0x00714693 x11=0x7f7fffff
        965.000 ns	        95	800000f4	f0058653	fmv.w.x	f12,x11	 x11:0x00714693 f12=0x7f7fffff
        985.000 ns	        97	800000f8	805ec5b7	lui	x11,0x805ec	 x11=0x805ec000
        995.000 ns	        98	800000fc	de358593	addi	x11,x11,-541	 x11:0x7f7fffff x11=0x805ebde3
       1015.000 ns	       100	80000100	f00586d3	fmv.w.x	f13,x11	 x11:0x7f7fffff f13=0x805ebde3
       1035.000 ns	       102	80000104	7f8005b7	lui	x11,0x7f800	 x11=0x7f800000
       1055.000 ns	       104	80000108	f0058753	fmv.w.x	f14,x11	 x11:0x805ebde3 f14=0x7f800000
       1075.000 ns	       106	8000010c	8472e5b7	lui	x11,0x8472e	 x11=0x8472e000
       1085.000 ns	       107	80000110	e1a58593	addi	x11,x11,-486	 x11:0x7f800000 x11=0x8472de1a
       1105.000 ns	       109	80000114	f00587d3	fmv.w.x	f15,x11	 x11:0x7f800000 f15=0x8472de1a
       1125.000 ns	       111	80000118	ff8005b7	lui	x11,0xff800	 x11=0xff800000
       1135.000 ns	       112	8000011c	fff58593	addi	x11,x11,-1	 x11:0x8472de1a x11=0xff7fffff
       1155.000 ns	       114	80000120	f0058853	fmv.w.x	f16,x11	 x11:0x8472de1a f16=0xff7fffff
       1175.000 ns	       116	80000124	00000593	addi	x11,x0,0	  x0:0x00000000 x11=0x00000000
       1195.000 ns	       118	80000128	f00588d3	fmv.w.x	f17,x11	 x11:0xff7fffff f17=0x00000000
       1215.000 ns	       120	8000012c	7f8005b7	lui	x11,0x7f800	 x11=0x7f800000
       1235.000 ns	       122	80000130	f0058953	fmv.w.x	f18,x11	 x11:0x00000000 f18=0x7f800000
       1255.000 ns	       124	80000134	093575b7	lui	x11,0x9357	 x11=0x09357000
       1265.000 ns	       125	80000138	c9958593	addi	x11,x11,-871	 x11:0x7f800000 x11=0x09356c99
       1285.000 ns	       127	8000013c	f00589d3	fmv.w.x	f19,x11	 x11:0x7f800000 f19=0x09356c99
       1305.000 ns	       129	80000140	ea4c95b7	lui	x11,0xea4c9	 x11=0xea4c9000
       1315.000 ns	       130	80000144	1a758593	addi	x11,x11,423	 x11:0x09356c99 x11=0xea4c91a7
       1335.000 ns	       132	80000148	f0058a53	fmv.w.x	f20,x11	 x11:0x09356c99 f20=0xea4c91a7
       1355.000 ns	       134	8000014c	946965b7	lui	x11,0x94696	 x11=0x94696000
       1365.000 ns	       135	80000150	bb858593	addi	x11,x11,-1096	 x11:0xea4c91a7 x11=0x94695bb8
       1385.000 ns	       137	80000154	f0058ad3	fmv.w.x	f21,x11	 x11:0xea4c91a7 f21=0x94695bb8
       1405.000 ns	       139	80000158	00000593	addi	x11,x0,0	  x0:0x00000000 x11=0x00000000
       1425.000 ns	       141	8000015c	f0058b53	fmv.w.x	f22,x11	 x11:0x94695bb8 f22=0x00000000
       1445.000 ns	       143	80000160	7fc005b7	lui	x11,0x7fc00	 x11=0x7fc00000
       1465.000 ns	       145	80000164	f0058bd3	fmv.w.x	f23,x11	 x11:0x00000000 f23=0x7fc00000
       1485.000 ns	       147	80000168	7f8005b7	lui	x11,0x7f800	 x11=0x7f800000
       1505.000 ns	       149	8000016c	f0058c53	fmv.w.x	f24,x11	 x11:0x7fc00000 f24=0x7f800000
       1525.000 ns	       151	80000170	802fc5b7	lui	x11,0x802fc	 x11=0x802fc000
       1535.000 ns	       152	80000174	7b658593	addi	x11,x11,1974	 x11:0x7f800000 x11=0x802fc7b6
       1555.000 ns	       154	80000178	f0058cd3	fmv.w.x	f25,x11	 x11:0x7f800000 f25=0x802fc7b6
       1575.000 ns	       156	8000017c	1d6135b7	lui	x11,0x1d613	 x11=0x1d613000
       1585.000 ns	       157	80000180	d3058593	addi	x11,x11,-720	 x11:0x802fc7b6 x11=0x1d612d30
       1605.000 ns	       159	80000184	f0058d53	fmv.w.x	f26,x11	 x11:0x802fc7b6 f26=0x1d612d30
       1625.000 ns	       161	80000188	ff8005b7	lui	x11,0xff800	 x11=0xff800000
       1645.000 ns	       163	8000018c	f0058dd3	fmv.w.x	f27,x11	 x11:0x1d612d30 f27=0xff800000
       1665.000 ns	       165	80000190	7f8005b7	lui	x11,0x7f800	 x11=0x7f800000
       1685.000 ns	       167	80000194	f0058e53	fmv.w.x	f28,x11	 x11:0xff800000 f28=0x7f800000
       1705.000 ns	       169	80000198	7f8005b7	lui	x11,0x7f800	 x11=0x7f800000
       1715.000 ns	       170	8000019c	fff58593	addi	x11,x11,-1	 x11:0x7f800000 x11=0x7f7fffff
       1735.000 ns	       172	800001a0	f0058ed3	fmv.w.x	f29,x11	 x11:0x7f800000 f29=0x7f7fffff
       1755.000 ns	       174	800001a4	ff8005b7	lui	x11,0xff800	 x11=0xff800000
       1775.000 ns	       176	800001a8	f0058f53	fmv.w.x	f30,x11	 x11:0x7f7fffff f30=0xff800000
       1795.000 ns	       178	800001ac	0068e5b7	lui	x11,0x68e	 x11=0x0068e000
       1805.000 ns	       179	800001b0	36458593	addi	x11,x11,868	 x11:0xff800000 x11=0x0068e364
       1825.000 ns	       181	800001b4	f0058fd3	fmv.w.x	f31,x11	 x11:0xff800000 f31=0x0068e364
       1845.000 ns	       183	800001b8	0020d073	csrrwi	x0,frm,1	
       1855.000 ns	       184	800001bc	fe31f037	lui	x0,0xfe31f	
       1865.000 ns	       185	800001c0	bbc00013	addi	x0,x0,-1092	  x0:0x00000000
       1875.000 ns	       186	800001c4	800000b7	lui	x1,0x80000	  x1=0x80000000
       1885.000 ns	       187	800001c8	b3798137	lui	x2,0xb3798	  x2=0xb3798000
       1895.000 ns	       188	800001cc	7e510113	addi	x2,x2,2021	  x2:0x00000000  x2=0xb37987e5
       1905.000 ns	       189	800001d0	00000193	addi	x3,x0,0	  x0:0x00000000  x3=0x00000000
       1915.000 ns	       190	800001d4	00500213	addi	x4,x0,5	  x0:0x00000000  x4=0x00000005
       1925.000 ns	       191	800001d8	800002b7	lui	x5,0x80000	  x5=0x80000000
       1935.000 ns	       192	800001dc	2d61f337	lui	x6,0x2d61f	  x6=0x2d61f000
       1945.000 ns	       193	800001e0	cb630313	addi	x6,x6,-842	  x6:0x00000000  x6=0x2d61ecb6
       1955.000 ns	       194	800001e4	00600393	addi	x7,x0,6	  x0:0x00000000  x7=0x00000006
       1965.000 ns	       195	800001e8	b549b437	lui	x8,0xb549b	  x8=0xb549b000
       1975.000 ns	       196	800001ec	59940413	addi	x8,x8,1433	  x8:0x00000000  x8=0xb549b599
       1985.000 ns	       197	800001f0	f16b24b7	lui	x9,0xf16b2	  x9=0xf16b2000
       1995.000 ns	       198	800001f4	c2a48493	addi	x9,x9,-982	  x9:0x00000000  x9=0xf16b1c2a
       2005.000 ns	       199	800001f8	00000513	addi	x10,x0,0	  x0:0x00000000 x10=0x00000000
       2015.000 ns	       200	800001fc	2a0f05b7	lui	x11,0x2a0f0	 x11=0x2a0f0000
       2025.000 ns	       201	80000200	8c158593	addi	x11,x11,-1855	 x11:0x0068e364 x11=0x2a0ef8c1
       2035.000 ns	       202	80000204	f9efa637	lui	x12,0xf9efa	 x12=0xf9efa000
       2045.000 ns	       203	80000208	75560613	addi	x12,x12,1877	 x12:0x00000000 x12=0xf9efa755
       2055.000 ns	       204	8000020c	00000693	addi	x13,x0,0	  x0:0x00000000 x13=0x00000000
       2065.000 ns	       205	80000210	00000713	addi	x14,x0,0	  x0:0x00000000 x14=0x00000000
       2075.000 ns	       206	80000214	fd70a7b7	lui	x15,0xfd70a	 x15=0xfd70a000
       2085.000 ns	       207	80000218	4db78793	addi	x15,x15,1243	 x15:0x00000000 x15=0xfd70a4db
       2095.000 ns	       208	8000021c	fe07a837	lui	x16,0xfe07a	 x16=0xfe07a000
       2105.000 ns	       209	80000220	f5b80813	addi	x16,x16,-165	 x16:0x00000000 x16=0xfe079f5b
       2115.000 ns	       210	80000224	00000913	addi	x18,x0,0	  x0:0x00000000 x18=0x00000000
       2125.000 ns	       211	80000228	f8c2f9b7	lui	x19,0xf8c2f	 x19=0xf8c2f000
       2135.000 ns	       212	8000022c	8ad98993	addi	x19,x19,-1875	 x19:0x00000000 x19=0xf8c2e8ad
       2145.000 ns	       213	80000230	fa9b8a37	lui	x20,0xfa9b8	 x20=0xfa9b8000
       2155.000 ns	       214	80000234	2f8a0a13	addi	x20,x20,760	 x20:0x00000000 x20=0xfa9b82f8
       2165.000 ns	       215	80000238	86b15ab7	lui	x21,0x86b15	 x21=0x86b15000
       2175.000 ns	       216	8000023c	cd5a8a93	addi	x21,x21,-811	 x21:0x00000000 x21=0x86b14cd5
       2185.000 ns	       217	80000240	f3991b37	lui	x22,0xf3991	 x22=0xf3991000
       2195.000 ns	       218	80000244	b3cb0b13	addi	x22,x22,-1220	 x22:0x00000000 x22=0xf3990b3c
       2205.000 ns	       219	80000248	00000c13	addi	x24,x0,0	  x0:0x00000000 x24=0x00000000
       2215.000 ns	       220	8000024c	00d00c93	addi	x25,x0,13	  x0:0x00000000 x25=0x0000000d
       2225.000 ns	       221	80000250	32e03d37	lui	x26,0x32e03	 x26=0x32e03000
       2235.000 ns	       222	80000254	f41d0d13	addi	x26,x26,-191	 x26:0x00000000 x26=0x32e02f41
       2245.000 ns	       223	80000258	e1c29db7	lui	x27,0xe1c29	 x27=0xe1c29000
       2255.000 ns	       224	8000025c	947d8d93	addi	x27,x27,-1721	 x27:0x00000000 x27=0xe1c28947
       2265.000 ns	       225	80000260	00000e13	addi	x28,x0,0	  x0:0x00000000 x28=0x00000000
       2275.000 ns	       226	80000264	00a00e93	addi	x29,x0,10	  x0:0x00000000 x29=0x0000000a
       2285.000 ns	       227	80000268	f20a8f37	lui	x30,0xf20a8	 x30=0xf20a8000
       2295.000 ns	       228	8000026c	563f0f13	addi	x30,x30,1379	 x30:0x00000000 x30=0xf20a8563
       2305.000 ns	       229	80000270	00900f93	addi	x31,x0,9	  x0:0x00000000 x31=0x00000009
       2315.000 ns	       230	80000274	00041897	auipc	x17,0x41	 x17=0x80041274
       2325.000 ns	       231	80000278	d7088893	addi	x17,x17,-656	 x17:0x00000000 x17=0x80040fe4
       3495.000 ns	       348	8000027c	580d11d3	fsqrt.s	f3,f26	 f26:0x1d612d30  f3=0x2e1f394b
       3515.000 ns	       350	80000280	00000013	addi	x0,x0,0	  x0:0x00000000
       3525.000 ns	       351	80000284	00cb9e33	sll	x28,x23,x12	 x23:0x80041024 x12:0xf9efa755 x28=0x04800000
       3555.000 ns	       354	80000288	10124953	fmul.s	f18,f4,f1	  f4:0x80000000  f1:0x7f7fffff f18=0x80000000
       3575.000 ns	       356	8000028c	28bb3593	sltiu	x11,x22,651	 x22:0xf3990b3c x11=0x00000000
       3595.000 ns	       358	80000290	02e83db3	mulhu	x27,x16,x14	 x16:0xfe079f5b x14:0x00000000 x27=0x00000000
       3645.000 ns	       363	80000294	0113fb53	fadd.s	f22,f7,f17	  f7:0x0010e9f4 f17:0x00000000 f22=0x0010e9f4
       3665.000 ns	       365	80000298	512c0113	addi	x2,x24,1298	 x24:0x00000000  x2=0x00000512
       3685.000 ns	       367	8000029c	28b01653	fmax.s	f12,f0,f11	  f0:0x7f7fffff f11:0x00714693 f12=0x7f7fffff
       3705.000 ns	       369	800002a0	00af67b3	or	x15,x30,x10	 x30:0xf20a8563 x10:0x00000000 x15=0xf20a8563
       3715.000 ns	       370	800002a4	00113233	sltu	x4,x2,x1	  x2:0x00000512  x1:0x80000000  x4=0x00000001
       3735.000 ns	       372	800002a8	03bf61b3	rem	x3,x30,x27	 x30:0xf20a8563 x27:0x00000000  x3=0xf20a8563
       3765.000 ns	       375	800002ac	204616d3	fsgnjn.s	f13,f12,f4	 f12:0x7f7fffff  f4:0x80000000 f13=0x7f7fffff
       3795.000 ns	       378	800002b0	20b69f53	fsgnjn.s	f30,f13,f11	 f13:0x805ebde3 f11:0x00714693 f30=0xff7fffff
       3815.000 ns	       380	800002b4	741e0493	addi	x9,x28,1857	 x28:0x04800000  x9=0x04800741
       3835.000 ns	       382	800002b8	c0127553	fcvt.wu.s	x10,f4	  f4:0x80000000 x10=0x00000000
       3855.000 ns	       384	800002bc	006c1ab3	sll	x21,x24,x6	 x24:0x00000000  x6:0x2d61ecb6 x21=0x00000000
       3875.000 ns	       386	800002c0	e0011c53	fclass.s	x24,f2	  f2:0xf0017cae x24=0x00000002
       5055.000 ns	       504	800002c4	580ea053	fsqrt.s	f0,f29	 f29:0x7f7fffff  f0=0x5f350461
       5075.000 ns	       506	800002c8	00371113	slli	x2,x14,0x3	 x14:0x00000000  x2=0x00000000
       5085.000 ns	       507	800002cc	005ee333	or	x6,x29,x5	 x29:0x0000000a  x5:0x80000000  x6=0x8000000a
       5095.000 ns	       508	800002d0	0069eb33	or	x22,x19,x6	 x19:0xf8c2e8ad  x6:0x2d61ecb6 x22=0xf8c2e8af
       5115.000 ns	       510	800002d4	e00f8a53	fmv.x.w	x20,f31	 f31:0x0068e364 x20=0x0068e364
       5135.000 ns	       512	800002d8	a1912b13	slti	x22,x2,-1511	  x2:0x00000000 x22=0x00000000
       5155.000 ns	       514	800002dc	029d2633	mulhsu	x12,x26,x9	 x26:0x32e02f41  x9:0x04800741 x12=0x00e4f245
       5175.000 ns	       516	800002e0	01a797b3	sll	x15,x15,x26	 x15:0xf20a8563 x26:0x32e02f41 x15=0xe4150ac6
       5195.000 ns	       518	800002e4	d0057353	fcvt.s.w	f6,x10	 x10:0x00000000  f6=0x00000000
       5225.000 ns	       521	800002e8	a1818ed3	fle.s	x29,f3,f24	  f3:0x2e1f394b f24:0x7f800000 x29=0x00000001
       5245.000 ns	       523	800002ec	41df5a93	srai	x21,x30,0x1d	 x30:0xf20a8563 x21=0xffffffff
       5255.000 ns	       524	800002f0	00000013	addi	x0,x0,0	  x0:0x00000000
       5265.000 ns	       525	800002f4	7f030213	addi	x4,x6,2032	  x6:0x8000000a  x4=0x800007fa
       5285.000 ns	       527	800002f8	c00af4d3	fcvt.w.s	x9,f21	 f21:0x94695bb8  x9=0x00000000
       5315.000 ns	       530	800002fc	c00d0cd3	fcvt.w.s	x25,f26	 f26:0x1d612d30 x25=0x00000000
       5345.000 ns	       533	80000300	e00006d3	fmv.x.w	x13,f0	  f0:0x5f350461 x13=0x5f350461
       5375.000 ns	       536	80000304	c0112ad3	fcvt.wu.s	x21,f2	  f2:0xf0017cae x21=0x00000000
       5425.000 ns	       541	80000308	01333953	fadd.s	f18,f6,f19	  f6:0x00000000 f19:0x09356c99 f18=0x09356c99
       5455.000 ns	       544	8000030c	e00312d3	fclass.s	x5,f6	  f6:0x00000000  x5=0x00000010
       5505.000 ns	       549	80000310	00e0fed3	fadd.s	f29,f1,f14	  f1:0x7f7fffff f14:0x7f800000 f29=0x7f800000
       5525.000 ns	       551	80000314	3f75c1b7	lui	x3,0x3f75c	  x3=0x3f75c000
       5565.000 ns	       555	80000318	092e71d3	fsub.s	f3,f28,f18	 f28:0x7f800000 f18:0x09356c99  f3=0x7f800000
       5595.000 ns	       558	8000031c	c01e9653	fcvt.wu.s	x12,f29	 f29:0x7f800000 x12=0xffffffff
       5625.000 ns	       561	80000320	0393a733	mulhsu	x14,x7,x25	  x7:0x00000006 x25:0x00000000 x14=0x00000000
       5665.000 ns	       565	80000324	117af2d3	fmul.s	f5,f21,f23	 f21:0x94695bb8 f23:0x7fc00000  f5=0x7fc00000
       5695.000 ns	       568	80000328	a1cf9dd3	flt.s	x27,f31,f28	 f31:0x0068e364 f28:0x7f800000 x27=0x00000001
       5715.000 ns	       570	8000032c	00000013	addi	x0,x0,0	  x0:0x00000000
       5735.000 ns	       572	80000330	c013c953	fcvt.wu.s	x18,f7	  f7:0x0010e9f4 x18=0x00000000
       5755.000 ns	       574	80000334	a2d36793	ori	x15,x6,-1491	  x6:0x8000000a x15=0xfffffa2f
       5775.000 ns	       576	80000338	28798353	fmin.s	f6,f19,f7	 f19:0x09356c99  f7:0x0010e9f4  f6=0x0010e9f4
       5795.000 ns	       578	8000033c	002e36b3	sltu	x13,x28,x2	 x28:0x04800000  x2:0x00000000 x13=0x00000000
       5805.000 ns	       579	80000340	01f6b533	sltu	x10,x13,x31	 x13:0x5f350461 x31:0x00000009 x10=0x00000001
       5815.000 ns	       580	80000344	7d222c93	slti	x25,x4,2002	  x4:0x800007fa x25=0x00000001
       5845.000 ns	       583	80000348	18e3f4d3	fdiv.s	f9,f7,f14	  f7:0x0010e9f4 f14:0x7f800000  f9=0x00000000
       5875.000 ns	       586	8000034c	d001c5d3	fcvt.s.w	f11,x3	  x3:0x3f75c000 f11=0x4e7dd700
       6245.000 ns	       623	80000350	023e7433	remu	x8,x28,x3	 x28:0x04800000  x3:0x3f75c000  x8=0x04800000
       6265.000 ns	       625	80000354	0011c3b3	xor	x7,x3,x1	  x3:0x3f75c000  x1:0x80000000  x7=0xbf75c000
       6285.000 ns	       627	80000358	21368653	fsgnj.s	f12,f13,f19	 f13:0x7f7fffff f19:0x09356c99 f12=0x7f7fffff
       6655.000 ns	       664	8000035c	02f0f0b3	remu	x1,x1,x15	  x1:0x80000000 x15:0xfffffa2f  x1=0x80000000
       6675.000 ns	       666	80000360	01ca5c13	srli	x24,x20,0x1c	 x20:0x0068e364 x24=0x00000000
       6715.000 ns	       670	80000364	012d1553	fadd.s	f10,f26,f18	 f26:0x1d612d30 f18:0x09356c99 f10=0x1d612d30
       7085.000 ns	       707	80000368	02fcca33	div	x20,x25,x15	 x25:0x00000001 x15:0xfffffa2f x20=0x00000000
       7105.000 ns	       709	8000036c	d4c3b693	sltiu	x13,x7,-692	  x7:0xbf75c000 x13=0x00000001
       7125.000 ns	       711	80000370	d00e7753	fcvt.s.w	f14,x28	 x28:0x04800000 f14=0x4c900000
       7155.000 ns	       714	80000374	29848853	fmin.s	f16,f9,f24	  f9:0x00000000 f24:0x7f800000 f16=0x00000000
       7185.000 ns	       717	80000378	a1a1a453	feq.s	x8,f3,f26	  f3:0x7f800000 f26:0x1d612d30  x8=0x00000000
       7205.000 ns	       719	8000037c	62db3717	auipc	x14,0x62db3	 x14=0xe2db337c
       7225.000 ns	       721	80000380	211c0353	fsgnj.s	f6,f24,f17	 f24:0x7f800000 f17:0x00000000  f6=0x7f800000
       7595.000 ns	       758	80000384	03db79b3	remu	x19,x22,x29	 x22:0x00000000 x29:0x00000001 x19=0x00000000
       7625.000 ns	       761	80000388	29718c53	fmin.s	f24,f3,f23	  f3:0x7f800000 f23:0x7fc00000 f24=0x7f800000
       7645.000 ns	       763	8000038c	f8caf793	andi	x15,x21,-116	 x21:0x00000000 x15=0x00000000
       7675.000 ns	       766	80000390	1125fcd3	fmul.s	f25,f11,f18	 f11:0x4e7dd700 f18:0x09356c99 f25=0x1833e4b1
       7705.000 ns	       769	80000394	c00a0dd3	fcvt.w.s	x27,f20	 f20:0xea4c91a7 x27=0x80000000
       8075.000 ns	       806	80000398	0211e333	rem	x6,x3,x1	  x3:0x3f75c000  x1:0x80000000  x6=0x3f75c000
       8105.000 ns	       809	8000039c	215711d3	fsgnjn.s	f3,f14,f21	 f14:0x4c900000 f21:0x94695bb8  f3=0x4c900000
       8145.000 ns	       813	800003a0	11b21f53	fmul.s	f30,f4,f27	  f4:0x80000000 f27:0xff800000 f30=0x7fc00000
       8175.000 ns	       816	800003a4	29148853	fmin.s	f16,f9,f17	  f9:0x00000000 f17:0x00000000 f16=0x00000000
       8205.000 ns	       819	800003a8	e00199d3	fclass.s	x19,f3	  f3:0x4c900000 x19=0x00000040
       8575.000 ns	       856	800003ac	0243ee33	rem	x28,x7,x4	  x7:0xbf75c000  x4:0x800007fa x28=0xbf75c000
       8605.000 ns	       859	800003b0	20d511d3	fsgnjn.s	f3,f10,f13	 f10:0x1d612d30 f13:0x7f7fffff  f3=0x9d612d30
       8635.000 ns	       862	800003b4	28df02d3	fmin.s	f5,f30,f13	 f30:0x7fc00000 f13:0x7f7fffff  f5=0x7f7fffff
       8655.000 ns	       864	800003b8	9baa3713	sltiu	x14,x20,-1606	 x20:0x00000000 x14=0x00000001
       8675.000 ns	       866	800003bc	28cc9f53	fmax.s	f30,f25,f12	 f25:0x1833e4b1 f12:0x7f7fffff f30=0x7f7fffff
       8705.000 ns	       869	800003c0	291682d3	fmin.s	f5,f13,f17	 f13:0x7f7fffff f17:0x00000000  f5=0x00000000
       8745.000 ns	       873	800003c4	19ebf753	fdiv.s	f14,f23,f30	 f23:0x7fc00000 f30:0x7f7fffff f14=0x7fc00000
       8765.000 ns	       875	800003c8	00601813	slli	x16,x0,0x6	  x0:0x00000000 x16=0x00000000
       8785.000 ns	       877	800003cc	a0e6a4d3	feq.s	x9,f13,f14	 f13:0x7f7fffff f14:0x7fc00000  x9=0x00000000
       8805.000 ns	       879	800003d0	019e8733	add	x14,x29,x25	 x29:0x00000001 x25:0x00000001 x14=0x00000002
       8815.000 ns	       880	800003d4	019ddd93	srli	x27,x27,0x19	 x27:0x80000000 x27=0x00000040
       8825.000 ns	       881	800003d8	00efda33	srl	x20,x31,x14	 x31:0x00000009 x14:0x00000001 x20=0x00000002
       8845.000 ns	       883	800003dc	a0809cd3	flt.s	x25,f1,f8	  f1:0x7f7fffff  f8:0x97a8db11 x25=0x00000000
       8865.000 ns	       885	800003e0	dae7cb13	xori	x22,x15,-594	 x15:0x00000000 x22=0xfffffdae
       8885.000 ns	       887	800003e4	024fb833	mulhu	x16,x31,x4	 x31:0x00000009  x4:0x800007fa x16=0x00000004
       8905.000 ns	       889	800003e8	40b38833	sub	x16,x7,x11	  x7:0xbf75c000 x11:0x00000000 x16=0xbf75c000
       8925.000 ns	       891	800003ec	29100353	fmin.s	f6,f0,f17	  f0:0x5f350461 f17:0x00000000  f6=0x00000000
       8945.000 ns	       893	800003f0	0033f2b3	and	x5,x7,x3	  x7:0xbf75c000  x3:0x3f75c000  x5=0x3f75c000
       8965.000 ns	       895	800003f4	21cb9353	fsgnjn.s	f6,f23,f28	 f23:0x7fc00000 f28:0x7f800000  f6=0xffc00000
       9335.000 ns	       932	800003f8	037ec4b3	div	x9,x29,x23	 x29:0x00000001 x23:0x80041024  x9=0x00000000
       9365.000 ns	       935	800003fc	022261b3	rem	x3,x4,x2	  x4:0x800007fa  x2:0x00000000  x3=0x800007fa
       9735.000 ns	       972	80000400	037976b3	remu	x13,x18,x23	 x18:0x00000000 x23:0x80041024 x13=0x00000000
       9765.000 ns	       975	80000404	d01096d3	fcvt.s.wu	f13,x1	  x1:0x80000000 f13=0x4f000000
      10945.000 ns	      1093	80000408	580ffad3	fsqrt.s	f21,f31	 f31:0x0068e364 f21=0x1fa4ad46
      10965.000 ns	      1095	8000040c	00000013	addi	x0,x0,0	  x0:0x00000000
      10985.000 ns	      1097	80000410	28c889d3	fmin.s	f19,f17,f12	 f17:0x00000000 f12:0x7f7fffff f19=0x00000000
      11015.000 ns	      1100	80000414	c0167d53	fcvt.wu.s	x26,f12	 f12:0x7f7fffff x26=0xffffffff
      11045.000 ns	      1103	80000418	c0194e53	fcvt.wu.s	x28,f18	 f18:0x09356c99 x28=0x00000000
      11075.000 ns	      1106	8000041c	039bf3b3	remu	x7,x23,x25	 x23:0x80041024 x25:0x00000000  x7=0x80041024
      11095.000 ns	      1108	80000420	00db9d13	slli	x26,x23,0xd	 x23:0x80041024 x26=0x82048000
      11115.000 ns	      1110	80000424	e0030dd3	fmv.x.w	x27,f6	  f6:0xffc00000 x27=0xffc00000
      11135.000 ns	      1112	80000428	01eadb33	srl	x22,x21,x30	 x21:0x00000000 x30:0xf20a8563 x22=0x00000000
      11155.000 ns	      1114	8000042c	29a18153	fmin.s	f2,f3,f26	  f3:0x9d612d30 f26:0x1d612d30  f2=0x9d612d30
      11175.000 ns	      1116	80000430	01f310b3	sll	x1,x6,x31	  x6:0x3f75c000 x31:0x00000009  x1=0xeb800000
      11185.000 ns	      1117	80000434	016995b3	sll	x11,x19,x22	 x19:0x00000040 x22:0x00000000 x11=0x00000040
      11205.000 ns	      1119	80000438	20488853	fsgnj.s	f16,f17,f4	 f17:0x00000000  f4:0x80000000 f16=0x80000000
      11235.000 ns	      1122	8000043c	29030053	fmin.s	f0,f6,f16	  f6:0xffc00000 f16:0x00000000  f0=0x80000000
      11255.000 ns	      1124	80000440	00d86cb3	or	x25,x16,x13	 x16:0xbf75c000 x13:0x00000000 x25=0xbf75c000
      11265.000 ns	      1125	80000444	f875f793	andi	x15,x11,-121	 x11:0x00000040 x15=0x00000000
      11275.000 ns	      1126	80000448	014e0933	add	x18,x28,x20	 x28:0x00000000 x20:0x00000002 x18=0x00000002
      11605.000 ns	      1159	8000044c	192af3d3	fdiv.s	f7,f21,f18	 f21:0x1fa4ad46 f18:0x09356c99  f7=0x55e87c28
      11635.000 ns	      1162	80000450	02d11533	mulh	x10,x2,x13	  x2:0x00000000 x13:0x00000000 x10=0x00000000
      11665.000 ns	      1165	80000454	033b13b3	mulh	x7,x22,x19	 x22:0x00000000 x19:0x00000040  x7=0x00000000
      12005.000 ns	      1199	80000458	18d1ff53	fdiv.s	f30,f3,f13	  f3:0x9d612d30 f13:0x4f000000 f30=0x8d612d30
      12045.000 ns	      1203	8000045c	580c7ed3	fsqrt.s	f29,f24	 f24:0x7f800000 f29=0x7f800000
      12095.000 ns	      1208	80000460	08ad4ed3	fsub.s	f29,f26,f10	 f26:0x1d612d30 f10:0x1d612d30 f29=0x80000000
      12135.000 ns	      1212	80000464	11a3ae53	fmul.s	f28,f7,f26	  f7:0x55e87c28 f26:0x1d612d30 f28=0x33cc7e28
      12165.000 ns	      1215	80000468	a10e9e53	flt.s	x28,f29,f16	 f29:0x80000000 f16:0x80000000 x28=0x00000000
      12195.000 ns	      1218	8000046c	a13c9153	flt.s	x2,f25,f19	 f25:0x1833e4b1 f19:0x00000000  x2=0x00000000
      12565.000 ns	      1255	80000470	02b5f733	remu	x14,x11,x11	 x11:0x00000040 x11:0x00000040 x14=0x00000000
      12595.000 ns	      1258	80000474	0328a733	mulhsu	x14,x17,x18	 x17:0x80040fe4 x18:0x00000002 x14=0xffffffff
      12615.000 ns	      1260	80000478	006dfc33	and	x24,x27,x6	 x27:0xffc00000  x6:0x3f75c000 x24=0x3f400000
      12655.000 ns	      1264	8000047c	00e07f53	fadd.s	f30,f0,f14	  f0:0x80000000 f14:0x7fc00000 f30=0x7fc00000
      12675.000 ns	      1266	80000480	4046d613	srai	x12,x13,0x4	 x13:0x00000000 x12=0x00000000
      12685.000 ns	      1267	80000484	40550ab3	sub	x21,x10,x5	 x10:0x00000000  x5:0x3f75c000 x21=0xc08a4000
      12695.000 ns	      1268	80000488	40815ab3	sra	x21,x2,x8	  x2:0x00000000  x8:0x00000000 x21=0x00000000
      12715.000 ns	      1270	8000048c	214a0353	fsgnj.s	f6,f20,f20	 f20:0xea4c91a7 f20:0xea4c91a7  f6=0xea4c91a7
      13085.000 ns	      1307	80000490	034e4db3	div	x27,x28,x20	 x28:0x00000000 x20:0x00000002 x27=0x00000000
      13105.000 ns	      1309	80000494	0768a013	slti	x0,x17,118	 x17:0x80040fe4
      13125.000 ns	      1311	80000498	21f71ad3	fsgnjn.s	f21,f14,f31	 f14:0x7fc00000 f31:0x0068e364 f21=0xffc00000
      13155.000 ns	      1314	8000049c	c00c9a53	fcvt.w.s	x20,f25	 f25:0x1833e4b1 x20=0x00000000
      13175.000 ns	      1316	800004a0	e1156c13	ori	x24,x10,-495	 x10:0x00000000 x24=0xfffffe11
      13195.000 ns	      1318	800004a4	d013f5d3	fcvt.s.wu	f11,x7	  x7:0x00000000 f11=0x00000000
      13215.000 ns	      1320	800004a8	40538433	sub	x8,x7,x5	  x7:0x00000000  x5:0x3f75c000  x8=0xc08a4000
      13235.000 ns	      1322	800004ac	28100953	fmin.s	f18,f0,f1	  f0:0x80000000  f1:0x7f7fffff f18=0x80000000
      13265.000 ns	      1325	800004b0	a0401453	flt.s	x8,f0,f4	  f0:0x80000000  f4:0x80000000  x8=0x00000000
      13295.000 ns	      1328	800004b4	f0068753	fmv.w.x	f14,x13	 x13:0x00000000 f14=0x00000000
      13325.000 ns	      1331	800004b8	a15320d3	feq.s	x1,f6,f21	  f6:0xea4c91a7 f21:0xffc00000  x1=0x00000000
      13345.000 ns	      1333	800004bc	001389b3	add	x19,x7,x1	  x7:0x00000000  x1:0xeb800000 x19=0x00000000
      13365.000 ns	      1335	800004c0	e00d94d3	fclass.s	x9,f27	 f27:0xff800000  x9=0x00000001
      13395.000 ns	      1338	800004c4	281e83d3	fmin.s	f7,f29,f1	 f29:0x80000000  f1:0x7f7fffff  f7=0x80000000
      14575.000 ns	      1456	800004c8	580502d3	fsqrt.s	f5,f10	 f10:0x1d612d30  f5=0x2e1f394b
      14605.000 ns	      1459	800004cc	c0180cd3	fcvt.wu.s	x25,f16	 f16:0x80000000 x25=0x00000000
      14635.000 ns	      1462	800004d0	20009853	fsgnjn.s	f16,f1,f0	  f1:0x7f7fffff  f0:0x80000000 f16=0x7f7fffff
      14685.000 ns	      1467	800004d4	08ac2453	fsub.s	f8,f24,f10	 f24:0x7f800000 f10:0x1d612d30  f8=0x7f800000
      14715.000 ns	      1470	800004d8	03851db3	mulh	x27,x10,x24	 x10:0x00000000 x24:0xfffffe11 x27=0x00000000
      14745.000 ns	      1473	800004dc	c00c1e53	fcvt.w.s	x28,f24	 f24:0x7f800000 x28=0x7fffffff
      14775.000 ns	      1476	800004e0	20b7a853	fsgnjx.s	f16,f15,f11	 f15:0x8472de1a f11:0x00000000 f16=0x8472de1a
      14805.000 ns	      1479	800004e4	21b31c53	fsgnjn.s	f24,f6,f27	  f6:0xea4c91a7 f27:0xff800000 f24=0x6a4c91a7
      14835.000 ns	      1482	800004e8	294f9453	fmax.s	f8,f31,f20	 f31:0x0068e364 f20:0xea4c91a7  f8=0x0068e364
      14865.000 ns	      1485	800004ec	c0187e53	fcvt.wu.s	x28,f16	 f16:0x8472de1a x28=0x00000000
      14885.000 ns	      1487	800004f0	411bd4b3	sra	x9,x23,x17	 x23:0x80041024 x17:0x80040fe4  x9=0xf8004102
      14905.000 ns	      1489	800004f4	e00c96d3	fclass.s	x13,f25	 f25:0x1833e4b1 x13=0x00000040
      14945.000 ns	      1493	800004f8	180ffdd3	fdiv.s	f27,f31,f0	 f31:0x0068e364  f0:0x80000000 f27=0xff800000
      14965.000 ns	      1495	800004fc	1fdee393	ori	x7,x29,509	 x29:0x00000001  x7=0x000001fd
      14975.000 ns	      1496	80000500	0126ec33	or	x24,x13,x18	 x13:0x00000040 x18:0x00000002 x24=0x00000042
      14995.000 ns	      1498	80000504	02a5e333	rem	x6,x11,x10	 x11:0x00000040 x10:0x00000000  x6=0x00000040
      15025.000 ns	      1501	80000508	c0067953	fcvt.w.s	x18,f12	 f12:0x7f7fffff x18=0x7fffffff
      15055.000 ns	      1504	8000050c	029c9b33	mulh	x22,x25,x9	 x25:0x00000000  x9:0xf8004102 x22=0x00000000
      15085.000 ns	      1507	80000510	f0038fd3	fmv.w.x	f31,x7	  x7:0x000001fd f31=0x000001fd
      15125.000 ns	      1511	80000514	196a9ed3	fdiv.s	f29,f21,f22	 f21:0xffc00000 f22:0x0010e9f4 f29=0x7fc00000
      15145.000 ns	      1513	80000518	00521713	slli	x14,x4,0x5	  x4:0x800007fa x14=0x0000ff40
      15155.000 ns	      1514	8000051c	d08cfc93	andi	x25,x25,-760	 x25:0x00000000 x25=0x00000000
      15485.000 ns	      1547	80000520	18c281d3	fdiv.s	f3,f5,f12	  f5:0x2e1f394b f12:0x7f7fffff  f3=0x7f800000
      15505.000 ns	      1549	80000524	f50dae93	slti	x29,x27,-176	 x27:0x00000000 x29=0x00000000
      15525.000 ns	      1551	80000528	a13c1e53	flt.s	x28,f24,f19	 f24:0x6a4c91a7 f19:0x00000000 x28=0x00000000
      15555.000 ns	      1554	8000052c	29b092d3	fmax.s	f5,f1,f27	  f1:0x7f7fffff f27:0xff800000  f5=0x7f7fffff
      15575.000 ns	      1556	80000530	003f6133	or	x2,x30,x3	 x30:0xf20a8563  x3:0x800007fa  x2=0xf20a87fb
      15595.000 ns	      1558	80000534	20d3ab53	fsgnjx.s	f22,f7,f13	  f7:0x80000000 f13:0x4f000000 f22=0x80000000
      15625.000 ns	      1561	80000538	03b76e33	rem	x28,x14,x27	 x14:0x0000ff40 x27:0x00000000 x28=0x0000ff40
      15655.000 ns	      1564	8000053c	03619e33	mulh	x28,x3,x22	  x3:0x800007fa x22:0x00000000 x28=0x00000000
      15675.000 ns	      1566	80000540	00910f33	add	x30,x2,x9	  x2:0xf20a87fb  x9:0xf8004102 x30=0xea0ac8fd
      15695.000 ns	      1568	80000544	02b4a633	mulhsu	x12,x9,x11	  x9:0xf8004102 x11:0x00000040 x12=0xfffffffe
      15735.000 ns	      1572	80000548	1838c053	fdiv.s	f0,f17,f3	 f17:0x00000000  f3:0x7f800000  f0=0x00000000
      15765.000 ns	      1575	8000054c	20da0153	fsgnj.s	f2,f20,f13	 f20:0xea4c91a7 f13:0x4f000000  f2=0x6a4c91a7
      15795.000 ns	      1578	80000550	c01e0f53	fcvt.wu.s	x30,f28	 f28:0x33cc7e28 x30=0x00000000
      15825.000 ns	      1581	80000554	204e2e53	fsgnjx.s	f28,f28,f4	 f28:0x33cc7e28  f4:0x80000000 f28=0xb3cc7e28
      15855.000 ns	      1584	80000558	e00303d3	fmv.x.w	x7,f6	  f6:0xea4c91a7  x7=0xea4c91a7
      15885.000 ns	      1587	8000055c	e00c16d3	fclass.s	x13,f24	 f24:0x6a4c91a7 x13=0x00000040
      15905.000 ns	      1589	80000560	30febc93	sltiu	x25,x29,783	 x29:0x00000000 x25=0x00000001
      15915.000 ns	      1590	80000564	2b33ea93	ori	x21,x7,691	  x7:0xea4c91a7 x21=0xea4c93b7
      15935.000 ns	      1592	80000568	d014cdd3	fcvt.s.wu	f27,x9	  x9:0xf8004102 f27=0x4f780041
      15955.000 ns	      1594	8000056c	00eb1333	sll	x6,x22,x14	 x22:0x00000000 x14:0x0000ff40  x6=0x00000000
      15965.000 ns	      1595	80000570	01655e93	srli	x29,x10,0x16	 x10:0x00000000 x29=0x00000000
      15975.000 ns	      1596	80000574	41ed0433	sub	x8,x26,x30	 x26:0x82048000 x30:0x00000000  x8=0x82048000
      15995.000 ns	      1598	80000578	a07809d3	fle.s	x19,f16,f7	 f16:0x8472de1a  f7:0x80000000 x19=0x00000001
      16035.000 ns	      1602	8000057c	1985a253	fdiv.s	f4,f11,f24	 f11:0x00000000 f24:0x6a4c91a7  f4=0x00000000
      16055.000 ns	      1604	80000580	409f0433	sub	x8,x30,x9	 x30:0x00000000  x9:0xf8004102  x8=0x07ffbefe
      16065.000 ns	      1605	80000584	2444ae13	slti	x28,x9,580	  x9:0xf8004102 x28=0x00000001
      16085.000 ns	      1607	80000588	020269b3	rem	x19,x4,x0	  x4:0x800007fa  x0:0x00000000 x19=0x800007fa
      16115.000 ns	      1610	8000058c	e0079c53	fclass.s	x24,f15	 f15:0x8472de1a x24=0x00000002
      16145.000 ns	      1613	80000590	e0088b53	fmv.x.w	x22,f17	 f17:0x00000000 x22=0x00000000
      16165.000 ns	      1615	80000594	405d8c33	sub	x24,x27,x5	 x27:0x00000000  x5:0x3f75c000 x24=0xc08a4000
      16175.000 ns	      1616	80000598	b700a613	slti	x12,x1,-1168	  x1:0x00000000 x12=0x00000000
      16195.000 ns	      1618	8000059c	02518db3	mul	x27,x3,x5	  x3:0x800007fa  x5:0x3f75c000 x27=0x313d8000
      16215.000 ns	      1620	800005a0	554b3813	sltiu	x16,x22,1364	 x22:0x00000000 x16=0x00000001
      16225.000 ns	      1621	800005a4	e2712213	slti	x4,x2,-473	  x2:0xf20a87fb  x4=0x00000001
      16245.000 ns	      1623	800005a8	e0058ed3	fmv.x.w	x29,f11	 f11:0x00000000 x29=0x00000000
      16275.000 ns	      1626	800005ac	a0de9b53	flt.s	x22,f29,f13	 f29:0x7fc00000 f13:0x4f000000 x22=0x00000000
      16305.000 ns	      1629	800005b0	02d192b3	mulh	x5,x3,x13	  x3:0x800007fa x13:0x00000040  x5=0xffffffe0
      16335.000 ns	      1632	800005b4	a1d18d53	fle.s	x26,f3,f29	  f3:0x7f800000 f29:0x7fc00000 x26=0x00000000
      16365.000 ns	      1635	800005b8	a02e2e53	feq.s	x28,f28,f2	 f28:0xb3cc7e28  f2:0x6a4c91a7 x28=0x00000000
      16405.000 ns	      1639	800005bc	107c3353	fmul.s	f6,f24,f7	 f24:0x6a4c91a7  f7:0x80000000  f6=0x80000000
      16425.000 ns	      1641	800005c0	00000013	addi	x0,x0,0	  x0:0x00000000
      16435.000 ns	      1642	800005c4	00da4f33	xor	x30,x20,x13	 x20:0x00000000 x13:0x00000040 x30=0x00000040
      16455.000 ns	      1644	800005c8	20c71f53	fsgnjn.s	f30,f14,f12	 f14:0x00000000 f12:0x7f7fffff f30=0x80000000
      16485.000 ns	      1647	800005cc	28719253	fmax.s	f4,f3,f7	  f3:0x7f800000  f7:0x80000000  f4=0x7f800000
      16505.000 ns	      1649	800005d0	dce81b37	lui	x22,0xdce81	 x22=0xdce81000
      16515.000 ns	      1650	800005d4	40075793	srai	x15,x14,0x0	 x14:0x0000ff40 x15=0x0000ff40
      16535.000 ns	      1652	800005d8	d0100b53	fcvt.s.wu	f22,x0	  x0:0x00000000 f22=0x00000000
      16565.000 ns	      1655	800005dc	a00b84d3	fle.s	x9,f23,f0	 f23:0x7fc00000  f0:0x00000000  x9=0x00000000
      16595.000 ns	      1658	800005e0	a189aed3	feq.s	x29,f19,f24	 f19:0x00000000 f24:0x6a4c91a7 x29=0x00000000
      16615.000 ns	      1660	800005e4	a0356913	ori	x18,x10,-1533	 x10:0x00000000 x18=0xfffffa03
      16625.000 ns	      1661	800005e8	ff294a13	xori	x20,x18,-14	 x18:0x7fffffff x20=0x000005f1
      16635.000 ns	      1662	800005ec	410304b3	sub	x9,x6,x16	  x6:0x00000000 x16:0x00000001  x9=0xffffffff
      16665.000 ns	      1665	800005f0	19e21853	fdiv.s	f16,f4,f30	  f4:0x7f800000 f30:0x80000000 f16=0xff800000
      16695.000 ns	      1668	800005f4	c01e8e53	fcvt.wu.s	x28,f29	 f29:0x7fc00000 x28=0xffffffff
      16735.000 ns	      1672	800005f8	580825d3	fsqrt.s	f11,f16	 f16:0xff800000 f11=0x7fc00000
      17105.000 ns	      1709	800005fc	03025b33	divu	x22,x4,x16	  x4:0x00000001 x16:0x00000001 x22=0x00000001
      17135.000 ns	      1712	80000600	a1749f53	flt.s	x30,f9,f23	  f9:0x00000000 f23:0x7fc00000 x30=0x00000000
      17155.000 ns	      1714	80000604	4cce0413	addi	x8,x28,1228	 x28:0xffffffff  x8=0x000004cb
      17175.000 ns	      1716	80000608	d0087b53	fcvt.s.w	f22,x16	 x16:0x00000001 f22=0x3f800000
      17205.000 ns	      1719	8000060c	a1250953	fle.s	x18,f10,f18	 f10:0x1d612d30 f18:0x80000000 x18=0x00000000
      17255.000 ns	      1724	80000610	00f573d3	fadd.s	f7,f10,f15	 f10:0x1d612d30 f15:0x8472de1a  f7=0x1d612d30
      17285.000 ns	      1727	80000614	a1182e53	feq.s	x28,f16,f17	 f16:0xff800000 f17:0x00000000 x28=0x00000000
      17315.000 ns	      1730	80000618	29d896d3	fmax.s	f13,f17,f29	 f17:0x00000000 f29:0x7fc00000 f13=0x00000000
      17355.000 ns	      1734	8000061c	5807fa53	fsqrt.s	f20,f15	 f15:0x8472de1a f20=0x7fc00000
      17375.000 ns	      1736	80000620	27ad2e93	slti	x29,x26,634	 x26:0x00000000 x29=0x00000001
      17395.000 ns	      1738	80000624	026355b3	divu	x11,x6,x6	  x6:0x00000000  x6:0x00000000 x11=0xffffffff
      17425.000 ns	      1741	80000628	f00e8953	fmv.w.x	f18,x29	 x29:0x00000000 f18=0x00000001
      17475.000 ns	      1746	8000062c	08cdfdd3	fsub.s	f27,f27,f12	 f27:0x4f780041 f12:0x7f7fffff f27=0xff7fffff
      17495.000 ns	      1748	80000630	012bdf33	srl	x30,x23,x18	 x23:0x80041024 x18:0x00000000 x30=0x80041024
      17855.000 ns	      1784	80000634	031673b3	remu	x7,x12,x17	 x12:0x00000000 x17:0x80040fe4  x7=0x00000000
      17875.000 ns	      1786	80000638	62e4b093	sltiu	x1,x9,1582	  x9:0xffffffff  x1=0x00000000
      17895.000 ns	      1788	8000063c	a12f9c53	flt.s	x24,f31,f18	 f31:0x000001fd f18:0x00000001 x24=0x00000000
      17925.000 ns	      1791	80000640	a02a9e53	flt.s	x28,f21,f2	 f21:0xffc00000  f2:0x6a4c91a7 x28=0x00000000
      17955.000 ns	      1794	80000644	03c69633	mulh	x12,x13,x28	 x13:0x00000040 x28:0x00000000 x12=0x00000000
      17975.000 ns	      1796	80000648	4016d693	srai	x13,x13,0x1	 x13:0x00000040 x13=0x00000020
      17995.000 ns	      1798	8000064c	e0060753	fmv.x.w	x14,f12	 f12:0x7f7fffff x14=0x7f7fffff
      18365.000 ns	      1835	80000650	02d5c0b3	div	x1,x11,x13	 x11:0xffffffff x13:0x00000040  x1=0x00000000
      18395.000 ns	      1838	80000654	02c721b3	mulhsu	x3,x14,x12	 x14:0x7f7fffff x12:0x00000000  x3=0x00000000
      18425.000 ns	      1841	80000658	a11b0253	fle.s	x4,f22,f17	 f22:0x3f800000 f17:0x00000000  x4=0x00000000
      18455.000 ns	      1844	8000065c	03b80e33	mul	x28,x16,x27	 x16:0x00000001 x27:0x313d8000 x28=0x313d8000
      18485.000 ns	      1847	80000660	a02e07d3	fle.s	x15,f28,f2	 f28:0xb3cc7e28  f2:0x6a4c91a7 x15=0x00000001
      18505.000 ns	      1849	80000664	405ad1b3	sra	x3,x21,x5	 x21:0xea4c93b7  x5:0xffffffe0  x3=0xea4c93b7
      18865.000 ns	      1885	80000668	0350c033	div	x0,x1,x21	  x1:0x00000000 x21:0xea4c93b7
      18885.000 ns	      1887	8000066c	406fd113	srai	x2,x31,0x6	 x31:0x00000009  x2=0x00000000
      18915.000 ns	      1890	80000670	5801fe53	fsqrt.s	f28,f3	  f3:0x7f800000 f28=0x7f800000
      18965.000 ns	      1895	80000674	0000f2d3	fadd.s	f5,f1,f0	  f1:0x7f7fffff  f0:0x00000000  f5=0x7f7fffff
      18995.000 ns	      1898	80000678	a01487d3	fle.s	x15,f9,f1	  f9:0x00000000  f1:0x7f7fffff x15=0x00000001
      19015.000 ns	      1900	8000067c	e0346513	ori	x10,x8,-509	  x8:0x000004cb x10=0xfffffecb
      19025.000 ns	      1901	80000680	00a55413	srli	x8,x10,0xa	 x10:0x00000000  x8=0x003fffff
      19045.000 ns	      1903	80000684	c0189053	fcvt.wu.s	x0,f17	 f17:0x00000000
      19065.000 ns	      1905	80000688	dc064313	xori	x6,x12,-576	 x12:0x00000000  x6=0xfffffdc0
      19425.000 ns	      1941	8000068c	025a4b33	div	x22,x20,x5	 x20:0x000005f1  x5:0xffffffe0 x22=0xffffffd1
      19445.000 ns	      1943	80000690	2de3b013	sltiu	x0,x7,734	  x7:0x00000000
      19465.000 ns	      1945	80000694	037dac33	mulhsu	x24,x27,x23	 x27:0x313d8000 x23:0x80041024 x24=0x189f8810
      19485.000 ns	      1947	80000698	004d9593	slli	x11,x27,0x4	 x27:0x313d8000 x11=0x13d80000
      19515.000 ns	      1950	8000069c	11ec2253	fmul.s	f4,f24,f30	 f24:0x6a4c91a7 f30:0x80000000  f4=0x80000000
      19535.000 ns	      1952	800006a0	007d79b3	and	x19,x26,x7	 x26:0x00000000  x7:0x00000000 x19=0x00000000
      19545.000 ns	      1953	800006a4	41c85933	sra	x18,x16,x28	 x16:0x00000001 x28:0x313d8000 x18=0x00000001
      19555.000 ns	      1954	800006a8	e4b4ef13	ori	x30,x9,-437	  x9:0xffffffff x30=0xffffffff
      19565.000 ns	      1955	800006ac	0167aab3	slt	x21,x15,x22	 x15:0x00000001 x22:0xffffffd1 x21=0x00000000
      19595.000 ns	      1958	800006b0	580f7fd3	fsqrt.s	f31,f30	 f30:0x80000000 f31=0x80000000
      19645.000 ns	      1963	800006b4	016e7e53	fadd.s	f28,f28,f22	 f28:0x7f800000 f22:0x3f800000 f28=0x7f800000
      19665.000 ns	      1965	800006b8	17c82e13	slti	x28,x16,380	 x16:0x00000001 x28=0x00000001
      19685.000 ns	      1967	800006bc	039100b3	mul	x1,x2,x25	  x2:0x00000000 x25:0x00000001  x1=0x00000000
      19715.000 ns	      1970	800006c0	c01009d3	fcvt.wu.s	x19,f0	  f0:0x00000000 x19=0x00000000
      19765.000 ns	      1975	800006c4	0047f453	fadd.s	f8,f15,f4	 f15:0x8472de1a  f4:0x80000000  f8=0x8472de1a
      19795.000 ns	      1978	800006c8	02ac9633	mulh	x12,x25,x10	 x25:0x00000001 x10:0xfffffecb x12=0xffffffff
      19815.000 ns	      1980	800006cc	c33d4693	xori	x13,x26,-973	 x26:0x00000000 x13=0xfffffc33
      19825.000 ns	      1981	800006d0	963bec93	ori	x25,x23,-1693	 x23:0x80041024 x25=0xfffff967
      19845.000 ns	      1983	800006d4	a00e8cd3	fle.s	x25,f29,f0	 f29:0x7fc00000  f0:0x00000000 x25=0x00000000
      19865.000 ns	      1985	800006d8	414cd033	sra	x0,x25,x20	 x25:0x00000001 x20:0x000005f1
      19875.000 ns	      1986	800006dc	01370c33	add	x24,x14,x19	 x14:0x7f7fffff x19:0x00000000 x24=0x7f7fffff
      19885.000 ns	      1987	800006e0	01968733	add	x14,x13,x25	 x13:0xfffffc33 x25:0x00000000 x14=0xfffffc33
      19905.000 ns	      1989	800006e4	0248b133	mulhu	x2,x17,x4	 x17:0x80040fe4  x4:0x00000000  x2=0x00000000
      20275.000 ns	      2026	800006e8	02e94933	div	x18,x18,x14	 x18:0x00000001 x14:0x7f7fffff x18=0x00000000
      20305.000 ns	      2029	800006ec	c00f4453	fcvt.w.s	x8,f30	 f30:0x80000000  x8=0x00000000
      20335.000 ns	      2032	800006f0	032e32b3	mulhu	x5,x28,x18	 x28:0x00000001 x18:0x00000000  x5=0x00000000
      20365.000 ns	      2035	800006f4	c00cb553	fcvt.w.s	x10,f25	 f25:0x1833e4b1 x10=0x00000000
      20395.000 ns	      2038	800006f8	02470233	mul	x4,x14,x4	 x14:0xfffffc33  x4:0x00000000  x4=0x00000000
      20415.000 ns	      2040	800006fc	847a9737	lui	x14,0x847a9	 x14=0x847a9000
      20435.000 ns	      2042	80000700	28f51c53	fmax.s	f24,f10,f15	 f10:0x1d612d30 f15:0x8472de1a f24=0x1d612d30
      20465.000 ns	      2045	80000704	216ea3d3	fsgnjx.s	f7,f29,f22	 f29:0x7fc00000 f22:0x3f800000  f7=0x7fc00000
      20485.000 ns	      2047	80000708	4e514213	xori	x4,x2,1253	  x2:0x00000000  x4=0x000004e5
      20495.000 ns	      2048	8000070c	f55f15b7	lui	x11,0xf55f1	 x11=0xf55f1000
      20505.000 ns	      2049	80000710	d66f8c93	addi	x25,x31,-666	 x31:0x00000009 x25=0xfffffd6f
      20525.000 ns	      2051	80000714	20e114d3	fsgnjn.s	f9,f2,f14	  f2:0x6a4c91a7 f14:0x00000000  f9=0xea4c91a7
      20545.000 ns	      2053	80000718	0130beb3	sltu	x29,x1,x19	  x1:0x00000000 x19:0x00000000 x29=0x00000000
      20585.000 ns	      2057	8000071c	0029c653	fadd.s	f12,f19,f2	 f19:0x00000000  f2:0x6a4c91a7 f12=0x6a4c91a7
      20615.000 ns	      2060	80000720	a12397d3	flt.s	x15,f7,f18	  f7:0x7fc00000 f18:0x00000001 x15=0x00000000
      20635.000 ns	      2062	80000724	001c20b3	slt	x1,x24,x1	 x24:0x7f7fffff  x1:0x00000000  x1=0x00000000
      20655.000 ns	      2064	80000728	200bafd3	fsgnjx.s	f31,f23,f0	 f23:0x7fc00000  f0:0x00000000 f31=0x7fc00000
      20675.000 ns	      2066	8000072c	01cfceb3	xor	x29,x31,x28	 x31:0x00000009 x28:0x00000001 x29=0x00000008
      20685.000 ns	      2067	80000730	41fc07b3	sub	x15,x24,x31	 x24:0x7f7fffff x31:0x00000009 x15=0x7f7ffff6
      20695.000 ns	      2068	80000734	00000013	addi	x0,x0,0	  x0:0x00000000
      20725.000 ns	      2071	80000738	580eb7d3	fsqrt.s	f15,f29	 f29:0x7fc00000 f15=0x7fc00000
      20765.000 ns	      2075	8000073c	10377ad3	fmul.s	f21,f14,f3	 f14:0x00000000  f3:0x7f800000 f21=0x7fc00000
      20785.000 ns	      2077	80000740	012b6133	or	x2,x22,x18	 x22:0xffffffd1 x18:0x00000000  x2=0xffffffd1
      20805.000 ns	      2079	80000744	28dc1253	fmax.s	f4,f24,f13	 f24:0x1d612d30 f13:0x00000000  f4=0x1d612d30
      20835.000 ns	      2082	80000748	02566db3	rem	x27,x12,x5	 x12:0xffffffff  x5:0x00000000 x27=0xffffffff
      20875.000 ns	      2086	8000074c	1895fc53	fdiv.s	f24,f11,f9	 f11:0x7fc00000  f9:0xea4c91a7 f24=0x7fc00000
      20895.000 ns	      2088	80000750	03aeddb7	lui	x27,0x3aed	 x27=0x03aed000
      20915.000 ns	      2090	80000754	f00b0253	fmv.w.x	f4,x22	 x22:0xffffffd1  f4=0xffffffd1
      20945.000 ns	      2093	80000758	e00c01d3	fmv.x.w	x3,f24	 f24:0x7fc00000  x3=0x7fc00000
      20965.000 ns	      2095	8000075c	f5be7113	andi	x2,x28,-165	 x28:0x00000001  x2=0x00000001
      20985.000 ns	      2097	80000760	d0107cd3	fcvt.s.wu	f25,x0	  x0:0x00000000 f25=0x00000000
      21015.000 ns	      2100	80000764	d009bc53	fcvt.s.w	f24,x19	 x19:0x00000000 f24=0x00000000
      21035.000 ns	      2102	80000768	4115d9b3	sra	x19,x11,x17	 x11:0xf55f1000 x17:0x80040fe4 x19=0xff55f100
      21055.000 ns	      2104	8000076c	d01a7053	fcvt.s.wu	f0,x20	 x20:0x000005f1  f0=0x44be2000
      21085.000 ns	      2107	80000770	f0078553	fmv.w.x	f10,x15	 x15:0x7f7ffff6 f10=0x7f7ffff6
      21115.000 ns	      2110	80000774	03323833	mulhu	x16,x4,x19	  x4:0x000004e5 x19:0xff55f100 x16=0x000004e1
      21485.000 ns	      2147	80000778	03b96b33	rem	x22,x18,x27	 x18:0x00000000 x27:0x03aed000 x22=0x00000000
      21505.000 ns	      2149	8000077c	14d10313	addi	x6,x2,333	  x2:0x00000001  x6=0x0000014e
      21525.000 ns	      2151	80000780	a0d21cd3	flt.s	x25,f4,f13	  f4:0xffffffd1 f13:0x00000000 x25=0x00000000
      21555.000 ns	      2154	80000784	e0040b53	fmv.x.w	x22,f8	  f8:0x8472de1a x22=0x8472de1a
      21575.000 ns	      2156	80000788	7f44b213	sltiu	x4,x9,2036	  x9:0xffffffff  x4=0x00000000
      21585.000 ns	      2157	8000078c	22f04f13	xori	x30,x0,559	  x0:0x00000000 x30=0x0000022f
      21605.000 ns	      2159	80000790	d00d7b53	fcvt.s.w	f22,x26	 x26:0x00000000 f22=0x00000000
      21635.000 ns	      2162	80000794	a0132853	feq.s	x16,f6,f1	  f6:0x80000000  f1:0x7f7fffff x16=0x00000000
      21655.000 ns	      2164	80000798	00000013	addi	x0,x0,0	  x0:0x00000000
      21685.000 ns	      2167	8000079c	11431bd3	fmul.s	f23,f6,f20	  f6:0x80000000 f20:0x7fc00000 f23=0x7fc00000
      21715.000 ns	      2170	800007a0	20d428d3	fsgnjx.s	f17,f8,f13	  f8:0x8472de1a f13:0x00000000 f17=0x8472de1a
      21745.000 ns	      2173	800007a4	281b93d3	fmax.s	f7,f23,f1	 f23:0x7fc00000  f1:0x7f7fffff  f7=0x7f7fffff
      21765.000 ns	      2175	800007a8	7b44e813	ori	x16,x9,1972	  x9:0xffffffff x16=0xffffffff
      21785.000 ns	      2177	800007ac	a1e000d3	fle.s	x1,f0,f30	  f0:0x44be2000 f30:0x80000000  x1=0x00000000
      21815.000 ns	      2180	800007b0	d01cf253	fcvt.s.wu	f4,x25	 x25:0x00000000  f4=0x00000000
      21845.000 ns	      2183	800007b4	e00904d3	fmv.x.w	x9,f18	 f18:0x00000001  x9=0x00000001
      21875.000 ns	      2186	800007b8	29159553	fmax.s	f10,f11,f17	 f11:0x7fc00000 f17:0x8472de1a f10=0x8472de1a
      21905.000 ns	      2189	800007bc	21b281d3	fsgnj.s	f3,f5,f27	  f5:0x7f7fffff f27:0xff7fffff  f3=0xff7fffff
      21935.000 ns	      2192	800007c0	28cd0a53	fmin.s	f20,f26,f12	 f26:0x1d612d30 f12:0x6a4c91a7 f20=0x1d612d30
      21955.000 ns	      2194	800007c4	8ef8e237	lui	x4,0x8ef8e	  x4=0x8ef8e000
      21975.000 ns	      2196	800007c8	a1cb95d3	flt.s	x11,f23,f28	 f23:0x7fc00000 f28:0x7f800000 x11=0x00000000
      22005.000 ns	      2199	800007cc	f0038153	fmv.w.x	f2,x7	  x7:0x00000000  f2=0x00000000
      22025.000 ns	      2201	800007d0	4307db37	lui	x22,0x4307d	 x22=0x4307d000
      22045.000 ns	      2203	800007d4	20b20cd3	fsgnj.s	f25,f4,f11	  f4:0x00000000 f11:0x7fc00000 f25=0x00000000
      22415.000 ns	      2240	800007d8	023d4a33	div	x20,x26,x3	 x26:0x00000000  x3:0x7fc00000 x20=0x00000000
      22435.000 ns	      2242	800007dc	35c9e513	ori	x10,x19,860	 x19:0xff55f100 x10=0xff55f35c
      22455.000 ns	      2244	800007e0	a0a81a53	flt.s	x20,f16,f10	 f16:0xff800000 f10:0x8472de1a x20=0x00000001
      22475.000 ns	      2246	800007e4	01718833	add	x16,x3,x23	  x3:0x7fc00000 x23:0x80041024 x16=0xffc41024
      22485.000 ns	      2247	800007e8	fdd03993	sltiu	x19,x0,-35	  x0:0x00000000 x19=0x00000001
      22505.000 ns	      2249	800007ec	e0021a53	fclass.s	x20,f4	  f4:0x00000000 x20=0x00000010
      22535.000 ns	      2252	800007f0	02c836b3	mulhu	x13,x16,x12	 x16:0xffc41024 x12:0xffffffff x13=0xffc41023
      22565.000 ns	      2255	800007f4	a1c00053	fle.s	x0,f0,f28	  f0:0x44be2000 f28:0x7f800000
      22585.000 ns	      2257	800007f8	01d7a233	slt	x4,x15,x29	 x15:0x7f7ffff6 x29:0x00000008  x4=0x00000000
      22595.000 ns	      2258	800007fc	99f0e013	ori	x0,x1,-1633	  x1:0x00000000
      22625.000 ns	      2261	80000800	194ff053	fdiv.s	f0,f31,f20	 f31:0x7fc00000 f20:0x1d612d30  f0=0x7fc00000
      22655.000 ns	      2264	80000804	02114233	div	x4,x2,x1	  x2:0x00000001  x1:0x00000000  x4=0xffffffff
      22675.000 ns	      2266	80000808	a5d90993	addi	x19,x18,-1443	 x18:0x00000000 x19=0xfffffa5d
      23035.000 ns	      2302	8000080c	0344fd33	remu	x26,x9,x20	  x9:0x00000001 x20:0x00000010 x26=0x00000001
      23055.000 ns	      2304	80000810	d7ec2313	slti	x6,x24,-642	 x24:0x7f7fffff  x6=0x00000000
      23065.000 ns	      2305	80000814	63ab2493	slti	x9,x22,1594	 x22:0x4307d000  x9=0x00000000
      23075.000 ns	      2306	80000818	3927cf13	xori	x30,x15,914	 x15:0x7f7ffff6 x30=0x7f7ffc64
      23085.000 ns	      2307	8000081c	00227a33	and	x20,x4,x2	  x4:0xffffffff  x2:0x00000001 x20=0x00000001
      23115.000 ns	      2310	80000820	11ebfe53	fmul.s	f28,f23,f30	 f23:0x7fc00000 f30:0x80000000 f28=0x7fc00000
      23145.000 ns	      2313	80000824	0279c6b3	div	x13,x19,x7	 x19:0xfffffa5d  x7:0x00000000 x13=0xffffffff
      23175.000 ns	      2316	80000828	203f99d3	fsgnjn.s	f19,f31,f3	 f31:0x7fc00000  f3:0xff7fffff f19=0x7fc00000
      23205.000 ns	      2319	8000082c	a0bd8d53	fle.s	x26,f27,f11	 f27:0xff7fffff f11:0x7fc00000 x26=0x00000000
      23235.000 ns	      2322	80000830	0335a0b3	mulhsu	x1,x11,x19	 x11:0x00000000 x19:0xfffffa5d  x1=0x00000000
      23255.000 ns	      2324	80000834	006dfab3	and	x21,x27,x6	 x27:0x03aed000  x6:0x00000000 x21=0x00000000
      23275.000 ns	      2326	80000838	a07506d3	fle.s	x13,f10,f7	 f10:0x8472de1a  f7:0x7f7fffff x13=0x00000001
      23295.000 ns	      2328	8000083c	4158da93	srai	x21,x17,0x15	 x17:0x80040fe4 x21=0xfffffc00
      23655.000 ns	      2364	80000840	03d4cb33	div	x22,x9,x29	  x9:0x00000000 x29:0x00000008 x22=0x00000000
      23675.000 ns	      2366	80000844	cbcc7f17	auipc	x30,0xcbcc7	 x30=0x4bcc7844
      24035.000 ns	      2402	80000848	02aaff33	remu	x30,x21,x10	 x21:0xfffffc00 x10:0xff55f35c x30=0x00aa08a4
      24055.000 ns	      2404	8000084c	fd95f293	andi	x5,x11,-39	 x11:0x00000000  x5=0x00000000
      24065.000 ns	      2405	80000850	70efcc93	xori	x25,x31,1806	 x31:0x00000009 x25=0x00000707
      24075.000 ns	      2406	80000854	012badb3	slt	x27,x23,x18	 x23:0x80041024 x18:0x00000000 x27=0x00000001
      24095.000 ns	      2408	80000858	20801653	fsgnjn.s	f12,f0,f8	  f0:0x7fc00000  f8:0x8472de1a f12=0x7fc00000
      24115.000 ns	      2410	8000085c	00899f33	sll	x30,x19,x8	 x19:0xfffffa5d  x8:0x00000000 x30=0xfffffa5d
      24125.000 ns	      2411	80000860	004e6633	or	x12,x28,x4	 x28:0x00000001  x4:0xffffffff x12=0xffffffff
      24145.000 ns	      2413	80000864	298d9753	fmax.s	f14,f27,f24	 f27:0xff7fffff f24:0x00000000 f14=0x00000000
      24175.000 ns	      2416	80000868	a0038553	fle.s	x10,f7,f0	  f7:0x7f7fffff  f0:0x7fc00000 x10=0x00000000
      24205.000 ns	      2419	8000086c	a1d522d3	feq.s	x5,f10,f29	 f10:0x8472de1a f29:0x7fc00000  x5=0x00000000
      24225.000 ns	      2421	80000870	01566533	or	x10,x12,x21	 x12:0xffffffff x21:0xfffffc00 x10=0xffffffff
      24245.000 ns	      2423	80000874	02da06b3	mul	x13,x20,x13	 x20:0x00000001 x13:0x00000001 x13=0x00000001
      24265.000 ns	      2425	80000878	41c98c33	sub	x24,x19,x28	 x19:0xfffffa5d x28:0x00000001 x24=0xfffffa5c
      24275.000 ns	      2426	8000087c	5d2d3ab7	lui	x21,0x5d2d3	 x21=0x5d2d3000
      24285.000 ns	      2427	80000880	00dd5133	srl	x2,x26,x13	 x26:0x00000000 x13:0x00000001  x2=0x00000000
      24305.000 ns	      2429	80000884	c0194cd3	fcvt.wu.s	x25,f18	 f18:0x00000001 x25=0x00000000
      24325.000 ns	      2431	80000888	00000013	addi	x0,x0,0	  x0:0x00000000
      24335.000 ns	      2432	8000088c	01213233	sltu	x4,x2,x18	  x2:0x00000000 x18:0x00000000  x4=0x00000000
      24365.000 ns	      2435	80000890	580c72d3	fsqrt.s	f5,f24	 f24:0x00000000  f5=0x00000000
      24385.000 ns	      2437	80000894	0090c2b3	xor	x5,x1,x9	  x1:0x00000000  x9:0x00000000  x5=0x00000000
      24405.000 ns	      2439	80000898	d0157b53	fcvt.s.wu	f22,x10	 x10:0xffffffff f22=0x4f7fffff
      24425.000 ns	      2441	8000089c	01fb1db3	sll	x27,x22,x31	 x22:0x00000000 x31:0x00000009 x27=0x00000000
      24445.000 ns	      2443	800008a0	a1f407d3	fle.s	x15,f8,f31	  f8:0x8472de1a f31:0x7fc00000 x15=0x00000000
      24475.000 ns	      2446	800008a4	034415b3	mulh	x11,x8,x20	  x8:0x00000000 x20:0x00000001 x11=0x00000000
      24495.000 ns	      2448	800008a8	00d75293	srli	x5,x14,0xd	 x14:0x847a9000  x5=0x000423d4
      24505.000 ns	      2449	800008ac	41d58133	sub	x2,x11,x29	 x11:0x00000000 x29:0x00000008  x2=0xfffffff8
      24525.000 ns	      2451	800008b0	29070a53	fmin.s	f20,f14,f16	 f14:0x00000000 f16:0xff800000 f20=0xff800000
      24545.000 ns	      2453	800008b4	403edd13	srai	x26,x29,0x3	 x29:0x00000008 x26=0x00000001
      24555.000 ns	      2454	800008b8	01630ab3	add	x21,x6,x22	  x6:0x00000000 x22:0x00000000 x21=0x00000000
      24575.000 ns	      2456	800008bc	a0bca953	feq.s	x18,f25,f11	 f25:0x00000000 f11:0x7fc00000 x18=0x00000000
      24595.000 ns	      2458	800008c0	00a1a133	slt	x2,x3,x10	  x3:0x7fc00000 x10:0xffffffff  x2=0x00000000
      24615.000 ns	      2460	800008c4	f00c8153	fmv.w.x	f2,x25	 x25:0x00000000  f2=0x00000000
      24635.000 ns	      2462	800008c8	01b56333	or	x6,x10,x27	 x10:0xffffffff x27:0x00000000  x6=0xffffffff
      24655.000 ns	      2464	800008cc	212d82d3	fsgnj.s	f5,f27,f18	 f27:0xff7fffff f18:0x00000001  f5=0x7f7fffff
      24675.000 ns	      2466	800008d0	010277b3	and	x15,x4,x16	  x4:0x00000000 x16:0xffc41024 x15=0x00000000
      24685.000 ns	      2467	800008d4	00856033	or	x0,x10,x8	 x10:0xffffffff  x8:0x00000000
      24705.000 ns	      2469	800008d8	28b11153	fmax.s	f2,f2,f11	  f2:0x00000000 f11:0x7fc00000  f2=0x00000000
      24725.000 ns	      2471	800008dc	00000013	addi	x0,x0,0	  x0:0x00000000
      24745.000 ns	      2473	800008e0	a01694d3	flt.s	x9,f13,f1	 f13:0x00000000  f1:0x7f7fffff  x9=0x00000001
      24765.000 ns	      2475	800008e4	0012da33	srl	x20,x5,x1	  x5:0x000423d4  x1:0x00000000 x20=0x000423d4
      24775.000 ns	      2476	800008e8	4184e193	ori	x3,x9,1048	  x9:0x00000001  x3=0x00000419
      24785.000 ns	      2477	800008ec	4fa40d93	addi	x27,x8,1274	  x8:0x00000000 x27=0x000004fa
      24815.000 ns	      2480	800008f0	18a717d3	fdiv.s	f15,f14,f10	 f14:0x00000000 f10:0x8472de1a f15=0x80000000
      24845.000 ns	      2483	800008f4	033b0f33	mul	x30,x22,x19	 x22:0x00000000 x19:0xfffffa5d x30=0x00000000
      25215.000 ns	      2520	800008f8	031c70b3	remu	x1,x24,x17	 x24:0xfffffa5c x17:0x80040fe4  x1=0x7ffbea78
      25235.000 ns	      2522	800008fc	01396633	or	x12,x18,x19	 x18:0x00000000 x19:0xfffffa5d x12=0xfffffa5d
      25255.000 ns	      2524	80000900	c01709d3	fcvt.wu.s	x19,f14	 f14:0x00000000 x19=0x00000000
      25295.000 ns	      2528	80000904	580896d3	fsqrt.s	f13,f17	 f17:0x8472de1a f13=0x7fc00000
      25325.000 ns	      2531	80000908	026c26b3	mulhsu	x13,x24,x6	 x24:0xfffffa5c  x6:0xffffffff x13=0xfffffa5c
      25355.000 ns	      2534	8000090c	d01c7053	fcvt.s.wu	f0,x24	 x24:0xfffffa5c  f0=0x4f7ffffa
      25375.000 ns	      2536	80000910	d77cc113	xori	x2,x25,-649	 x25:0x00000000  x2=0xfffffd77
      25385.000 ns	      2537	80000914	6ee8be93	sltiu	x29,x17,1774	 x17:0x80040fe4 x29=0x00000000
      25405.000 ns	      2539	80000918	d013f7d3	fcvt.s.wu	f15,x7	  x7:0x00000000 f15=0x00000000
      25425.000 ns	      2541	8000091c	01bf54b3	srl	x9,x30,x27	 x30:0x00000000 x27:0x000004fa  x9=0x00000000
      25445.000 ns	      2543	80000920	29ee9cd3	fmax.s	f25,f29,f30	 f29:0x7fc00000 f30:0x80000000 f25=0x80000000
      25475.000 ns	      2546	80000924	03012b33	mulhsu	x22,x2,x16	  x2:0xfffffd77 x16:0xffc41024 x22=0xfffffd77
      25505.000 ns	      2549	80000928	039f5033	divu	x0,x30,x25	 x30:0x00000000 x25:0x00000000
      25525.000 ns	      2551	8000092c	2df0f613	andi	x12,x1,735	  x1:0x7ffbea78 x12=0x00000258
      25545.000 ns	      2553	80000930	a00b8cd3	fle.s	x25,f23,f0	 f23:0x7fc00000  f0:0x4f7ffffa x25=0x00000000
      25585.000 ns	      2557	80000934	11d1aa53	fmul.s	f20,f3,f29	  f3:0xff7fffff f29:0x7fc00000 f20=0x7fc00000
      25605.000 ns	      2559	80000938	00304833	xor	x16,x0,x3	  x0:0x00000000  x3:0x00000419 x16=0x00000419
      25625.000 ns	      2561	8000093c	a198a7d3	feq.s	x15,f17,f25	 f17:0x8472de1a f25:0x80000000 x15=0x00000000
      25645.000 ns	      2563	80000940	bce32417	auipc	x8,0xbce32	  x8=0x3ce32940
      25675.000 ns	      2566	80000944	19d08ed3	fdiv.s	f29,f1,f29	  f1:0x7f7fffff f29:0x7fc00000 f29=0x7fc00000
      25695.000 ns	      2568	80000948	ed004d93	xori	x27,x0,-304	  x0:0x00000000 x27=0xfffffed0
      25715.000 ns	      2570	8000094c	21d297d3	fsgnjn.s	f15,f5,f29	  f5:0x7f7fffff f29:0x7fc00000 f15=0xff7fffff
      26085.000 ns	      2607	80000950	0387f3b3	remu	x7,x15,x24	 x15:0x00000000 x24:0xfffffa5c  x7=0x00000000
      26115.000 ns	      2610	80000954	03ed3cb3	mulhu	x25,x26,x30	 x26:0x00000001 x30:0x00000000 x25=0x00000000
      26145.000 ns	      2613	80000958	03b61c33	mulh	x24,x12,x27	 x12:0x00000258 x27:0xfffffed0 x24=0xffffffff
      26195.000 ns	      2618	8000095c	01868153	fadd.s	f2,f13,f24	 f13:0x7fc00000 f24:0x00000000  f2=0x7fc00000
      26215.000 ns	      2620	80000960	01faf933	and	x18,x21,x31	 x21:0x00000000 x31:0x00000009 x18=0x00000000
      26225.000 ns	      2621	80000964	403d89b3	sub	x19,x27,x3	 x27:0xfffffed0  x3:0x00000419 x19=0xfffffab7
      26235.000 ns	      2622	80000968	412d8133	sub	x2,x27,x18	 x27:0xfffffed0 x18:0x00000000  x2=0xfffffed0
      26255.000 ns	      2624	8000096c	209e98d3	fsgnjn.s	f17,f29,f9	 f29:0x7fc00000  f9:0xea4c91a7 f17=0x7fc00000
      26275.000 ns	      2626	80000970	00b7d813	srli	x16,x15,0xb	 x15:0x00000000 x16=0x00000000
      26285.000 ns	      2627	80000974	40fc0c33	sub	x24,x24,x15	 x24:0xffffffff x15:0x00000000 x24=0xffffffff
      26295.000 ns	      2628	80000978	00639493	slli	x9,x7,0x6	  x7:0x00000000  x9=0x00000000
      26315.000 ns	      2630	8000097c	a15b9753	flt.s	x14,f23,f21	 f23:0x7fc00000 f21:0x7fc00000 x14=0x00000000
      26345.000 ns	      2633	80000980	d0130f53	fcvt.s.wu	f30,x6	  x6:0xffffffff f30=0x4f800000
      26365.000 ns	      2635	80000984	012ad2b3	srl	x5,x21,x18	 x21:0x00000000 x18:0x00000000  x5=0x00000000
      26375.000 ns	      2636	80000988	013fed33	or	x26,x31,x19	 x31:0x00000009 x19:0xfffffab7 x26=0xfffffabf
      26395.000 ns	      2638	8000098c	e00486d3	fmv.x.w	x13,f9	  f9:0xea4c91a7 x13=0xea4c91a7
      26425.000 ns	      2641	80000990	03caa3b3	mulhsu	x7,x21,x28	 x21:0x00000000 x28:0x00000001  x7=0x00000000
      26455.000 ns	      2644	80000994	21de8cd3	fsgnj.s	f25,f29,f29	 f29:0x7fc00000 f29:0x7fc00000 f25=0x7fc00000
      26485.000 ns	      2647	80000998	e00e9dd3	fclass.s	x27,f29	 f29:0x7fc00000 x27=0x00000200
      26505.000 ns	      2649	8000099c	00fdf7b3	and	x15,x27,x15	 x27:0xfffffed0 x15:0x00000000 x15=0x00000000
      26515.000 ns	      2650	800009a0	006eff33	and	x30,x29,x6	 x29:0x00000000  x6:0xffffffff x30=0x00000000
      26535.000 ns	      2652	800009a4	c01a7653	fcvt.wu.s	x12,f20	 f20:0x7fc00000 x12=0xffffffff
      26905.000 ns	      2689	800009a8	02a243b3	div	x7,x4,x10	  x4:0x00000000 x10:0xffffffff  x7=0x00000000
      26925.000 ns	      2691	800009ac	01531393	slli	x7,x6,0x15	  x6:0xffffffff  x7=0xffe00000
      26935.000 ns	      2692	800009b0	4883b593	sltiu	x11,x7,1160	  x7:0x00000000 x11=0x00000000
      26945.000 ns	      2693	800009b4	01c11693	slli	x13,x2,0x1c	  x2:0xfffffed0 x13=0x00000000
      26965.000 ns	      2695	800009b8	21779b53	fsgnjn.s	f22,f15,f23	 f15:0xff7fffff f23:0x7fc00000 f22=0xff7fffff
      26985.000 ns	      2697	800009bc	9e1fb313	sltiu	x6,x31,-1567	 x31:0x00000009  x6=0x00000001
      27005.000 ns	      2699	800009c0	28ee1153	fmax.s	f2,f28,f14	 f28:0x7fc00000 f14:0x00000000  f2=0x00000000
      27035.000 ns	      2702	800009c4	e00305d3	fmv.x.w	x11,f6	  f6:0x80000000 x11=0x80000000
      27065.000 ns	      2705	800009c8	c01472d3	fcvt.wu.s	x5,f8	  f8:0x8472de1a  x5=0x00000000
      27085.000 ns	      2707	800009cc	005aa2b3	slt	x5,x21,x5	 x21:0x00000000  x5:0x00000000  x5=0x00000000
      27095.000 ns	      2708	800009d0	00305a33	srl	x20,x0,x3	  x0:0x00000000  x3:0x00000419 x20=0x00000000
      27455.000 ns	      2744	800009d4	03b96433	rem	x8,x18,x27	 x18:0x00000000 x27:0x00000200  x8=0x00000000
      27475.000 ns	      2746	800009d8	005d7db3	and	x27,x26,x5	 x26:0xfffffabf  x5:0x00000000 x27=0x00000000
      27485.000 ns	      2747	800009dc	019edeb3	srl	x29,x29,x25	 x29:0x00000000 x25:0x00000000 x29=0x00000000
      27495.000 ns	      2748	800009e0	414184b3	sub	x9,x3,x20	  x3:0x00000419 x20:0x00000000  x9=0x00000419
      27515.000 ns	      2750	800009e4	c00e7c53	fcvt.w.s	x24,f28	 f28:0x7fc00000 x24=0x7fffffff
      27565.000 ns	      2755	800009e8	010178d3	fadd.s	f17,f2,f16	  f2:0x00000000 f16:0xff800000 f17=0xff800000
      27615.000 ns	      2760	800009ec	0982f0d3	fsub.s	f1,f5,f24	  f5:0x7f7fffff f24:0x00000000  f1=0x7f7fffff
      27635.000 ns	      2762	800009f0	400fdb33	sra	x22,x31,x0	 x31:0x00000009  x0:0x00000000 x22=0x00000009
      27655.000 ns	      2764	800009f4	024e4733	div	x14,x28,x4	 x28:0x00000001  x4:0x00000000 x14=0xffffffff
      27705.000 ns	      2769	800009f8	00c9f9d3	fadd.s	f19,f19,f12	 f19:0x7fc00000 f12:0x7fc00000 f19=0x7fc00000
      27725.000 ns	      2771	800009fc	00ea9d93	slli	x27,x21,0xe	 x21:0x00000000 x27=0x00000000
      27745.000 ns	      2773	80000a00	29540753	fmin.s	f14,f8,f21	  f8:0x8472de1a f21:0x7fc00000 f14=0x8472de1a
      27785.000 ns	      2777	80000a04	11387f53	fmul.s	f30,f16,f19	 f16:0xff800000 f19:0x7fc00000 f30=0x7fc00000
      27805.000 ns	      2779	80000a08	00a88733	add	x14,x17,x10	 x17:0x80040fe4 x10:0xffffffff x14=0x80040fe3
      27815.000 ns	      2780	80000a0c	002b47b3	xor	x15,x22,x2	 x22:0x00000009  x2:0xfffffed0 x15=0xfffffed9
      27825.000 ns	      2781	80000a10	00c2d313	srli	x6,x5,0xc	  x5:0x00000000  x6=0x00000000
      27835.000 ns	      2782	80000a14	e4429097	auipc	x1,0xe4429	  x1=0x64429a14
      27845.000 ns	      2783	80000a18	40b9d513	srai	x10,x19,0xb	 x19:0xfffffab7 x10=0xffffffff
      27855.000 ns	      2784	80000a1c	efc66d93	ori	x27,x12,-260	 x12:0xffffffff x27=0xffffffff
      27875.000 ns	      2786	80000a20	a13726d3	feq.s	x13,f14,f19	 f14:0x8472de1a f19:0x7fc00000 x13=0x00000000
      27895.000 ns	      2788	80000a24	01eb05b3	add	x11,x22,x30	 x22:0x00000009 x30:0x00000000 x11=0x00000009
      27915.000 ns	      2790	80000a28	28f391d3	fmax.s	f3,f7,f15	  f7:0x7f7fffff f15:0xff7fffff  f3=0x7f7fffff
      28285.000 ns	      2827	80000a2c	03fbe533	rem	x10,x23,x31	 x23:0x80041024 x31:0x00000009 x10=0x00000000
      28315.000 ns	      2830	80000a30	d018f453	fcvt.s.wu	f8,x17	 x17:0x80040fe4  f8=0x4f00040f
      28345.000 ns	      2833	80000a34	d01770d3	fcvt.s.wu	f1,x14	 x14:0x80040fe3  f1=0x4f00040f
      28365.000 ns	      2835	80000a38	00de0b33	add	x22,x28,x13	 x28:0x00000001 x13:0x00000000 x22=0x00000001
      28375.000 ns	      2836	80000a3c	01ec5e13	srli	x28,x24,0x1e	 x24:0x7fffffff x28=0x00000001
      28395.000 ns	      2838	80000a40	214ba153	fsgnjx.s	f2,f23,f20	 f23:0x7fc00000 f20:0x7fc00000  f2=0x7fc00000
      28415.000 ns	      2840	80000a44	0057feb3	and	x29,x15,x5	 x15:0xfffffed9  x5:0x00000000 x29=0x00000000
      28425.000 ns	      2841	80000a48	08817593	andi	x11,x2,136	  x2:0xfffffed0 x11=0x00000080
      28445.000 ns	      2843	80000a4c	290c0ad3	fmin.s	f21,f24,f16	 f24:0x00000000 f16:0xff800000 f21=0xff800000
      28465.000 ns	      2845	80000a50	00518333	add	x6,x3,x5	  x3:0x00000419  x5:0x00000000  x6=0x00000419
      28825.000 ns	      2881	80000a54	02cd4833	div	x16,x26,x12	 x26:0xfffffabf x12:0xffffffff x16=0x00000541
      28845.000 ns	      2883	80000a58	00089b33	sll	x22,x17,x0	 x17:0x80040fe4  x0:0x00000000 x22=0x80040fe4
      28855.000 ns	      2884	80000a5c	40d7d933	sra	x18,x15,x13	 x15:0xfffffed9 x13:0x00000000 x18=0xfffffed9
      28875.000 ns	      2886	80000a60	d01584d3	fcvt.s.wu	f9,x11	 x11:0x00000080  f9=0x43000000
      28905.000 ns	      2889	80000a64	c01fcb53	fcvt.wu.s	x22,f31	 f31:0x7fc00000 x22=0xffffffff
      28925.000 ns	      2891	80000a68	928c6293	ori	x5,x24,-1752	 x24:0x7fffffff  x5=0xffffffff
      28945.000 ns	      2893	80000a6c	02599233	mulh	x4,x19,x5	 x19:0xfffffab7  x5:0x00000000  x4=0x00000000
      28965.000 ns	      2895	80000a70	4086dab3	sra	x21,x13,x8	 x13:0x00000000  x8:0x00000000 x21=0x00000000
      28985.000 ns	      2897	80000a74	d00902d3	fcvt.s.w	f5,x18	 x18:0xfffffed9  f5=0xc3938000
      29025.000 ns	      2901	80000a78	104e80d3	fmul.s	f1,f29,f4	 f29:0x7fc00000  f4:0x00000000  f1=0x7fc00000
      29055.000 ns	      2904	80000a7c	d00d8453	fcvt.s.w	f8,x27	 x27:0xffffffff  f8=0xbf800000
      29075.000 ns	      2906	80000a80	011fd0b3	srl	x1,x31,x17	 x31:0x00000009 x17:0x80040fe4  x1=0x00000000
      29085.000 ns	      2907	80000a84	930c1417	auipc	x8,0x930c1	  x8=0x130c1a84
      29095.000 ns	      2908	80000a88	00214eb3	xor	x29,x2,x2	  x2:0xfffffed0  x2:0xfffffed0 x29=0x00000000
      29115.000 ns	      2910	80000a8c	035d2233	mulhsu	x4,x26,x21	 x26:0xfffffabf x21:0x00000000  x4=0x00000000
      29135.000 ns	      2912	80000a90	15cdfc13	andi	x24,x27,348	 x27:0xffffffff x24=0x0000015c
      29145.000 ns	      2913	80000a94	57556193	ori	x3,x10,1397	 x10:0x00000000  x3=0x00000575
      29165.000 ns	      2915	80000a98	283785d3	fmin.s	f11,f15,f3	 f15:0xff7fffff  f3:0x7f7fffff f11=0xff7fffff
      29195.000 ns	      2918	80000a9c	21512253	fsgnjx.s	f4,f2,f21	  f2:0x7fc00000 f21:0xff800000  f4=0xffc00000
      29225.000 ns	      2921	80000aa0	f00087d3	fmv.w.x	f15,x1	  x1:0x00000000 f15=0x00000000
      29245.000 ns	      2923	80000aa4	01e51433	sll	x8,x10,x30	 x10:0x00000000 x30:0x00000000  x8=0x00000000
      29265.000 ns	      2925	80000aa8	c000bad3	fcvt.w.s	x21,f1	  f1:0x7fc00000 x21=0x7fffffff
      29295.000 ns	      2928	80000aac	a0239a53	flt.s	x20,f7,f2	  f7:0x7f7fffff  f2:0x7fc00000 x20=0x00000000
      29325.000 ns	      2931	80000ab0	a1a29953	flt.s	x18,f5,f26	  f5:0xc3938000 f26:0x1d612d30 x18=0x00000001
      29345.000 ns	      2933	80000ab4	01a4cd33	xor	x26,x9,x26	  x9:0x00000419 x26:0xfffffabf x26=0xfffffea6
      29375.000 ns	      2936	80000ab8	18fb20d3	fdiv.s	f1,f22,f15	 f22:0xff7fffff f15:0x00000000  f1=0xff800000
      29405.000 ns	      2939	80000abc	211d9653	fsgnjn.s	f12,f27,f17	 f27:0xff7fffff f17:0xff800000 f12=0x7f7fffff
      29425.000 ns	      2941	80000ac0	01d10933	add	x18,x2,x29	  x2:0xfffffed0 x29:0x00000000 x18=0xfffffed0
      29445.000 ns	      2943	80000ac4	2065a253	fsgnjx.s	f4,f11,f6	 f11:0xff7fffff  f6:0x80000000  f4=0x7f7fffff
      29475.000 ns	      2946	80000ac8	d00ffb53	fcvt.s.w	f22,x31	 x31:0x00000009 f22=0x41100000
      29845.000 ns	      2983	80000acc	038bcf33	div	x30,x23,x24	 x23:0x80041024 x24:0x0000015c x30=0xffa1d9cc
      29875.000 ns	      2986	80000ad0	a0bd94d3	flt.s	x9,f27,f11	 f27:0xff7fffff f11:0xff7fffff  x9=0x00000000
      29905.000 ns	      2989	80000ad4	d00678d3	fcvt.s.w	f17,x12	 x12:0xffffffff f17=0xbf800000
      29935.000 ns	      2992	80000ad8	212c0153	fsgnj.s	f2,f24,f18	 f24:0x00000000 f18:0x00000001  f2=0x00000000
      29965.000 ns	      2995	80000adc	e00790d3	fclass.s	x1,f15	 f15:0x00000000  x1=0x00000010
      29985.000 ns	      2997	80000ae0	97812413	slti	x8,x2,-1672	  x2:0xfffffed0  x8=0x00000000
      30005.000 ns	      2999	80000ae4	a1b92153	feq.s	x2,f18,f27	 f18:0x00000001 f27:0xff7fffff  x2=0x00000000
      30035.000 ns	      3002	80000ae8	029a3033	mulhu	x0,x20,x9	 x20:0x00000000  x9:0x00000000
      30055.000 ns	      3004	80000aec	01362333	slt	x6,x12,x19	 x12:0xffffffff x19:0xfffffab7  x6=0x00000000
      30075.000 ns	      3006	80000af0	035eb333	mulhu	x6,x29,x21	 x29:0x00000000 x21:0x7fffffff  x6=0x00000000
      30095.000 ns	      3008	80000af4	40f303b3	sub	x7,x6,x15	  x6:0x00000419 x15:0xfffffed9  x7=0x00000127
      30115.000 ns	      3010	80000af8	21f71353	fsgnjn.s	f6,f14,f31	 f14:0x8472de1a f31:0x7fc00000  f6=0x8472de1a
      30135.000 ns	      3012	80000afc	c1c1a697	auipc	x13,0xc1c1a	 x13=0x41c1aafc
      30175.000 ns	      3016	80000b00	088f4a53	fsub.s	f20,f30,f8	 f30:0x7fc00000  f8:0xbf800000 f20=0x7fc00000
      30205.000 ns	      3019	80000b04	29890d53	fmin.s	f26,f18,f24	 f18:0x00000001 f24:0x00000000 f26=0x00000000
      30225.000 ns	      3021	80000b08	0078ad33	slt	x26,x17,x7	 x17:0x80040fe4  x7:0x00000127 x26=0x00000001
      30245.000 ns	      3023	80000b0c	029706b3	mul	x13,x14,x9	 x14:0x80040fe3  x9:0x00000000 x13=0x00000000
      30275.000 ns	      3026	80000b10	29900853	fmin.s	f16,f0,f25	  f0:0x4f7ffffa f25:0x7fc00000 f16=0x4f7ffffa
      30305.000 ns	      3029	80000b14	c0197ed3	fcvt.wu.s	x29,f18	 f18:0x00000001 x29=0x00000000
      30335.000 ns	      3032	80000b18	20f1ad53	fsgnjx.s	f26,f3,f15	  f3:0x7f7fffff f15:0x00000000 f26=0x7f7fffff
      30365.000 ns	      3035	80000b1c	a1e693d3	flt.s	x7,f13,f30	 f13:0x7fc00000 f30:0x7fc00000  x7=0x00000000
      30385.000 ns	      3037	80000b20	00a71e33	sll	x28,x14,x10	 x14:0x80040fe3 x10:0x00000000 x28=0x80040fe3
      30395.000 ns	      3038	80000b24	3f41ec97	auipc	x25,0x3f41e	 x25=0xbf41eb24
      30415.000 ns	      3040	80000b28	209a1753	fsgnjn.s	f14,f20,f9	 f20:0x7fc00000  f9:0x43000000 f14=0xffc00000
      30435.000 ns	      3042	80000b2c	40fd5c13	srai	x24,x26,0xf	 x26:0x00000001 x24=0x00000000
      30445.000 ns	      3043	80000b30	39b16493	ori	x9,x2,923	  x2:0x00000000  x9=0x0000039b
      30465.000 ns	      3045	80000b34	f0038753	fmv.w.x	f14,x7	  x7:0x00000000 f14=0x00000000
      30505.000 ns	      3049	80000b38	184a7ed3	fdiv.s	f29,f20,f4	 f20:0x7fc00000  f4:0x7f7fffff f29=0x7fc00000
      30555.000 ns	      3054	80000b3c	01f6bad3	fadd.s	f21,f13,f31	 f13:0x7fc00000 f31:0x7fc00000 f21=0x7fc00000
      30575.000 ns	      3056	80000b40	44df0b13	addi	x22,x30,1101	 x30:0xffa1d9cc x22=0xffa1de19
      30595.000 ns	      3058	80000b44	e0069353	fclass.s	x6,f13	 f13:0x7fc00000  x6=0x00000200
      30615.000 ns	      3060	80000b48	00ab10b3	sll	x1,x22,x10	 x22:0xffffffff x10:0x00000000  x1=0xffa1de19
      30635.000 ns	      3062	80000b4c	f0048853	fmv.w.x	f16,x9	  x9:0x0000039b f16=0x0000039b
      30655.000 ns	      3064	80000b50	002ee233	or	x4,x29,x2	 x29:0x00000000  x2:0x00000000  x4=0x00000000
      30675.000 ns	      3066	80000b54	0349ce33	div	x28,x19,x20	 x19:0xfffffab7 x20:0x00000000 x28=0xffffffff
      30705.000 ns	      3069	80000b58	216a22d3	fsgnjx.s	f5,f20,f22	 f20:0x7fc00000 f22:0x41100000  f5=0x7fc00000
      30725.000 ns	      3071	80000b5c	73346013	ori	x0,x8,1843	  x8:0x00000000
      30745.000 ns	      3073	80000b60	0222a633	mulhsu	x12,x5,x2	  x5:0xffffffff  x2:0x00000000 x12=0x00000000
      30775.000 ns	      3076	80000b64	d01b4353	fcvt.s.wu	f6,x22	 x22:0xffa1de19  f6=0x4f7fa1de
      30815.000 ns	      3080	80000b68	580ef7d3	fsqrt.s	f15,f29	 f29:0x7fc00000 f15=0x7fc00000
      30835.000 ns	      3082	80000b6c	b1c814b7	lui	x9,0xb1c81	  x9=0xb1c81000
      30855.000 ns	      3084	80000b70	d009fb53	fcvt.s.w	f22,x19	 x19:0xfffffab7 f22=0xc4a92000
      30885.000 ns	      3087	80000b74	c0164e53	fcvt.wu.s	x28,f12	 f12:0x7f7fffff x28=0xffffffff
      30935.000 ns	      3092	80000b78	005c72d3	fadd.s	f5,f24,f5	 f24:0x00000000  f5:0x7fc00000  f5=0x7fc00000
      30965.000 ns	      3095	80000b7c	e0071ed3	fclass.s	x29,f14	 f14:0x00000000 x29=0x00000010
      30985.000 ns	      3097	80000b80	7f292193	slti	x3,x18,2034	 x18:0xfffffed0  x3=0x00000001
      31025.000 ns	      3101	80000b84	00befcd3	fadd.s	f25,f29,f11	 f29:0x7fc00000 f11:0xff7fffff f25=0x7fc00000
      31045.000 ns	      3103	80000b88	01ccd5b3	srl	x11,x25,x28	 x25:0xbf41eb24 x28:0xffffffff x11=0x00000001
      31065.000 ns	      3105	80000b8c	28a992d3	fmax.s	f5,f19,f10	 f19:0x7fc00000 f10:0x8472de1a  f5=0x8472de1a
      31115.000 ns	      3110	80000b90	01064f53	fadd.s	f30,f12,f16	 f12:0x7f7fffff f16:0x0000039b f30=0x7f7fffff
      31145.000 ns	      3113	80000b94	0285deb3	divu	x29,x11,x8	 x11:0x00000001  x8:0x00000000 x29=0xffffffff
      31175.000 ns	      3116	80000b98	03ef15b3	mulh	x11,x30,x30	 x30:0xffa1d9cc x30:0xffa1d9cc x11=0x000022a0
      31205.000 ns	      3119	80000b9c	203821d3	fsgnjx.s	f3,f16,f3	 f16:0x0000039b  f3:0x7f7fffff  f3=0x0000039b
      31235.000 ns	      3122	80000ba0	03152533	mulhsu	x10,x10,x17	 x10:0x00000000 x17:0x80040fe4 x10=0x00000000
      31255.000 ns	      3124	80000ba4	01aec533	xor	x10,x29,x26	 x29:0xffffffff x26:0x00000001 x10=0xfffffffe
      31265.000 ns	      3125	80000ba8	b7058a13	addi	x20,x11,-1168	 x11:0x000022a0 x20=0x00001e10
      31285.000 ns	      3127	80000bac	a1e01ad3	flt.s	x21,f0,f30	  f0:0x4f7ffffa f30:0x7f7fffff x21=0x00000001
      31305.000 ns	      3129	80000bb0	012bb133	sltu	x2,x23,x18	 x23:0x80041024 x18:0xfffffed0  x2=0x00000001
      31325.000 ns	      3131	80000bb4	031aa0b3	mulhsu	x1,x21,x17	 x21:0x00000001 x17:0x80040fe4  x1=0x00000000
      31345.000 ns	      3133	80000bb8	6f8ea793	slti	x15,x29,1784	 x29:0xffffffff x15=0x00000001
      31375.000 ns	      3136	80000bbc	18e17253	fdiv.s	f4,f2,f14	  f2:0x00000000 f14:0x00000000  f4=0x7fc00000
      31395.000 ns	      3138	80000bc0	27990b13	addi	x22,x18,633	 x18:0xfffffed0 x22=0x00000149
      31415.000 ns	      3140	80000bc4	d00b7ad3	fcvt.s.w	f21,x22	 x22:0xffa1de19 f21=0x43a48000
      31445.000 ns	      3143	80000bc8	d0038653	fcvt.s.w	f12,x7	  x7:0x00000000 f12=0x00000000
      31465.000 ns	      3145	80000bcc	4014d1b3	sra	x3,x9,x1	  x9:0xb1c81000  x1:0x00000000  x3=0xb1c81000
      31825.000 ns	      3181	80000bd0	03cffcb3	remu	x25,x31,x28	 x31:0x00000009 x28:0xffffffff x25=0x00000009
      32195.000 ns	      3218	80000bd4	02baf3b3	remu	x7,x21,x11	 x21:0x00000001 x11:0x000022a0  x7=0x00000001
      32215.000 ns	      3220	80000bd8	b17e4f13	xori	x30,x28,-1257	 x28:0xffffffff x30=0x000004e8
      32235.000 ns	      3222	80000bdc	202e96d3	fsgnjn.s	f13,f29,f2	 f29:0x7fc00000  f2:0x00000000 f13=0xffc00000
      32265.000 ns	      3225	80000be0	03201533	mulh	x10,x0,x18	  x0:0x00000000 x18:0xfffffed0 x10=0x00000000
      32295.000 ns	      3228	80000be4	f0040b53	fmv.w.x	f22,x8	  x8:0x00000000 f22=0x00000000
      32665.000 ns	      3265	80000be8	03d47633	remu	x12,x8,x29	  x8:0x00000000 x29:0xffffffff x12=0x00000000
      32715.000 ns	      3270	80000bec	0806f453	fsub.s	f8,f13,f0	 f13:0xffc00000  f0:0x4f7ffffa  f8=0x7fc00000
      33085.000 ns	      3307	80000bf0	033453b3	divu	x7,x8,x19	  x8:0x00000000 x19:0xfffffab7  x7=0x00000000
      33115.000 ns	      3310	80000bf4	f0040053	fmv.w.x	f0,x8	  x8:0x00000000  f0=0x00000000
      33145.000 ns	      3313	80000bf8	c009f553	fcvt.w.s	x10,f19	 f19:0x7fc00000 x10=0x7fffffff
      33185.000 ns	      3317	80000bfc	1943a0d3	fdiv.s	f1,f7,f20	  f7:0x7f7fffff f20:0x7fc00000  f1=0x7fc00000
      33225.000 ns	      3321	80000c00	10c77fd3	fmul.s	f31,f14,f12	 f14:0x00000000 f12:0x00000000 f31=0x00000000
      33255.000 ns	      3324	80000c04	0282ca33	div	x20,x5,x8	  x5:0xffffffff  x8:0x00000000 x20=0xffffffff
      33305.000 ns	      3329	80000c08	09160153	fsub.s	f2,f12,f17	 f12:0x00000000 f17:0xbf800000  f2=0x3f800000
      33335.000 ns	      3332	80000c0c	02c0b9b3	mulhu	x19,x1,x12	  x1:0x00000000 x12:0x00000000 x19=0x00000000
      33385.000 ns	      3337	80000c10	09f69653	fsub.s	f12,f13,f31	 f13:0xffc00000 f31:0x00000000 f12=0x7fc00000
      33415.000 ns	      3340	80000c14	d01b26d3	fcvt.s.wu	f13,x22	 x22:0x00000149 f13=0x43a48000
      33445.000 ns	      3343	80000c18	289488d3	fmin.s	f17,f9,f9	  f9:0x43000000  f9:0x43000000 f17=0x43000000
      33465.000 ns	      3345	80000c1c	00320733	add	x14,x4,x3	  x4:0x00000000  x3:0xb1c81000 x14=0xb1c81000
      33485.000 ns	      3347	80000c20	02003233	mulhu	x4,x0,x0	  x0:0x00000000  x0:0x00000000  x4=0x00000000
      33855.000 ns	      3384	80000c24	02f7e7b3	rem	x15,x15,x15	 x15:0x00000001 x15:0x00000001 x15=0x00000000
      33885.000 ns	      3387	80000c28	02a93d33	mulhu	x26,x18,x10	 x18:0xfffffed0 x10:0x7fffffff x26=0x7fffff67
      33915.000 ns	      3390	80000c2c	211293d3	fsgnjn.s	f7,f5,f17	  f5:0x8472de1a f17:0x43000000  f7=0x8472de1a
      33945.000 ns	      3393	80000c30	285b0253	fmin.s	f4,f22,f5	 f22:0x00000000  f5:0x8472de1a  f4=0x8472de1a
      33975.000 ns	      3396	80000c34	020f7ab3	remu	x21,x30,x0	 x30:0x000004e8  x0:0x00000000 x21=0x000004e8
      34005.000 ns	      3399	80000c38	a1588053	fle.s	x0,f17,f21	 f17:0x43000000 f21:0x43a48000
      34035.000 ns	      3402	80000c3c	c012b353	fcvt.wu.s	x6,f5	  f5:0x8472de1a  x6=0x00000000
      34055.000 ns	      3404	80000c40	014343b3	xor	x7,x6,x20	  x6:0x00000200 x20:0xffffffff  x7=0xffffffff
      34075.000 ns	      3406	80000c44	a0e9a2d3	feq.s	x5,f19,f14	 f19:0x7fc00000 f14:0x00000000  x5=0x00000000
      34095.000 ns	      3408	80000c48	011bf093	andi	x1,x23,17	 x23:0x80041024  x1=0x00000000
      34115.000 ns	      3410	80000c4c	281e1353	fmax.s	f6,f28,f1	 f28:0x7fc00000  f1:0x7fc00000  f6=0x7fc00000
      34135.000 ns	      3412	80000c50	00000013	addi	x0,x0,0	  x0:0x00000000
      34155.000 ns	      3414	80000c54	c01731d3	fcvt.wu.s	x3,f14	 f14:0x00000000  x3=0x00000000
      34195.000 ns	      3418	80000c58	10e60553	fmul.s	f10,f12,f14	 f12:0x7fc00000 f14:0x00000000 f10=0x7fc00000
      34245.000 ns	      3423	80000c5c	09207ed3	fsub.s	f29,f0,f18	  f0:0x00000000 f18:0x00000001 f29=0x80000001
      34275.000 ns	      3426	80000c60	297d0153	fmin.s	f2,f26,f23	 f26:0x7f7fffff f23:0x7fc00000  f2=0x7f7fffff
      34295.000 ns	      3428	80000c64	00000013	addi	x0,x0,0	  x0:0x00000000
      34305.000 ns	      3429	80000c68	2068b613	sltiu	x12,x17,518	 x17:0x80040fe4 x12=0x00000000
      34325.000 ns	      3431	80000c6c	208e87d3	fsgnj.s	f15,f29,f8	 f29:0x80000001  f8:0x7fc00000 f15=0x00000001
      34345.000 ns	      3433	80000c70	014cd313	srli	x6,x25,0x14	 x25:0x00000009  x6=0x00000000
      34355.000 ns	      3434	80000c74	006de233	or	x4,x27,x6	 x27:0xffffffff  x6:0x00000000  x4=0xffffffff
      34365.000 ns	      3435	80000c78	00000013	addi	x0,x0,0	  x0:0x00000000
      34375.000 ns	      3436	80000c7c	008c0233	add	x4,x24,x8	 x24:0x00000000  x8:0x00000000  x4=0x00000000
      34395.000 ns	      3438	80000c80	e00c8453	fmv.x.w	x8,f25	 f25:0x7fc00000  x8=0x7fc00000
      34415.000 ns	      3440	80000c84	41e3d933	sra	x18,x7,x30	  x7:0xffffffff x30:0x000004e8 x18=0xffffffff
      34425.000 ns	      3441	80000c88	0106d3b3	srl	x7,x13,x16	 x13:0x00000000 x16:0x00000541  x7=0x00000000
      34445.000 ns	      3443	80000c8c	03b33db3	mulhu	x27,x6,x27	  x6:0x00000000 x27:0xffffffff x27=0x00000000
      34495.000 ns	      3448	80000c90	08ad75d3	fsub.s	f11,f26,f10	 f26:0x7f7fffff f10:0x7fc00000 f11=0x7fc00000
      34515.000 ns	      3450	80000c94	0042ba33	sltu	x20,x5,x4	  x5:0x00000000  x4:0x00000000 x20=0x00000000
      34535.000 ns	      3452	80000c98	218bad53	fsgnjx.s	f26,f23,f24	 f23:0x7fc00000 f24:0x00000000 f26=0x7fc00000
      34565.000 ns	      3455	80000c9c	f0098853	fmv.w.x	f16,x19	 x19:0x00000000 f16=0x00000000
      34585.000 ns	      3457	80000ca0	00000013	addi	x0,x0,0	  x0:0x00000000
      34595.000 ns	      3458	80000ca4	01ef1e13	slli	x28,x30,0x1e	 x30:0x000004e8 x28=0x00000000
      34955.000 ns	      3494	80000ca8	02b2c333	div	x6,x5,x11	  x5:0x00000000 x11:0x000022a0  x6=0x00000000
      34985.000 ns	      3497	80000cac	20992053	fsgnjx.s	f0,f18,f9	 f18:0x00000001  f9:0x43000000  f0=0x00000001
      35015.000 ns	      3500	80000cb0	a1b182d3	fle.s	x5,f3,f27	  f3:0x0000039b f27:0xff7fffff  x5=0x00000000
      35045.000 ns	      3503	80000cb4	29398dd3	fmin.s	f27,f19,f19	 f19:0x7fc00000 f19:0x7fc00000 f27=0x7fc00000
      35075.000 ns	      3506	80000cb8	c008a0d3	fcvt.w.s	x1,f17	 f17:0x43000000  x1=0x00000080
      35445.000 ns	      3543	80000cbc	0214fab3	remu	x21,x9,x1	  x9:0xb1c81000  x1:0x00000000 x21=0x00000000
      35465.000 ns	      3545	80000cc0	fe166313	ori	x6,x12,-31	 x12:0x00000000  x6=0xffffffe1
      35485.000 ns	      3547	80000cc4	295f0253	fmin.s	f4,f30,f21	 f30:0x7f7fffff f21:0x43a48000  f4=0x43a48000
      35515.000 ns	      3550	80000cc8	29f01a53	fmax.s	f20,f0,f31	  f0:0x00000001 f31:0x00000000 f20=0x00000001
      35535.000 ns	      3552	80000ccc	99102c13	slti	x24,x0,-1647	  x0:0x00000000 x24=0x00000000
      35545.000 ns	      3553	80000cd0	0a9a2913	slti	x18,x20,169	 x20:0x00000000 x18=0x00000001
      35565.000 ns	      3555	80000cd4	c0170a53	fcvt.wu.s	x20,f14	 f14:0x00000000 x20=0x00000000
      35615.000 ns	      3560	80000cd8	014e3dd3	fadd.s	f27,f28,f20	 f28:0x7fc00000 f20:0x00000001 f27=0x7fc00000
      35645.000 ns	      3563	80000cdc	035b8233	mul	x4,x23,x21	 x23:0x80041024 x21:0x00000000  x4=0x00000000
      36015.000 ns	      3600	80000ce0	039d75b3	remu	x11,x26,x25	 x26:0x7fffff67 x25:0x00000009 x11=0x00000002
      36045.000 ns	      3603	80000ce4	21fc0e53	fsgnj.s	f28,f24,f31	 f24:0x00000000 f31:0x00000000 f28=0x00000000
      36065.000 ns	      3605	80000ce8	01c44d33	xor	x26,x8,x28	  x8:0x7fc00000 x28:0x00000000 x26=0x7fc00000
      36075.000 ns	      3606	80000cec	41b30933	sub	x18,x6,x27	  x6:0xffffffe1 x27:0x00000000 x18=0xffffffe1
      36095.000 ns	      3608	80000cf0	28a88a53	fmin.s	f20,f17,f10	 f17:0x43000000 f10:0x7fc00000 f20=0x43000000
      36115.000 ns	      3610	80000cf4	82f73c93	sltiu	x25,x14,-2001	 x14:0xb1c81000 x25=0x00000001
      36125.000 ns	      3611	80000cf8	0011d213	srli	x4,x3,0x1	  x3:0x00000000  x4=0x00000000
      36145.000 ns	      3613	80000cfc	a1bd13d3	flt.s	x7,f26,f27	 f26:0x7fc00000 f27:0x7fc00000  x7=0x00000000
      36175.000 ns	      3616	80000d00	023ed9b3	divu	x19,x29,x3	 x29:0xffffffff  x3:0x00000000 x19=0xffffffff
      36225.000 ns	      3621	80000d04	008af553	fadd.s	f10,f21,f8	 f21:0x43a48000  f8:0x7fc00000 f10=0x7fc00000
      36255.000 ns	      3624	80000d08	21b30653	fsgnj.s	f12,f6,f27	  f6:0x7fc00000 f27:0x7fc00000 f12=0x7fc00000
      36275.000 ns	      3626	80000d0c	00547e33	and	x28,x8,x5	  x8:0x7fc00000  x5:0x00000000 x28=0x00000000
      36295.000 ns	      3628	80000d10	02575c33	divu	x24,x14,x5	 x14:0xb1c81000  x5:0x00000000 x24=0xffffffff
      36315.000 ns	      3630	80000d14	00000013	addi	x0,x0,0	  x0:0x00000000
      36675.000 ns	      3666	80000d18	0313c933	div	x18,x7,x17	  x7:0x00000000 x17:0x80040fe4 x18=0x00000000
      36695.000 ns	      3668	80000d1c	004184b3	add	x9,x3,x4	  x3:0x00000000  x4:0x00000000  x9=0x00000000
      36715.000 ns	      3670	80000d20	0255ed33	rem	x26,x11,x5	 x11:0x00000002  x5:0x00000000 x26=0x00000002
      36745.000 ns	      3673	80000d24	200e8e53	fsgnj.s	f28,f29,f0	 f29:0x80000001  f0:0x00000001 f28=0x00000001
      36765.000 ns	      3675	80000d28	647fca37	lui	x20,0x647fc	 x20=0x647fc000
      36775.000 ns	      3676	80000d2c	330b4193	xori	x3,x22,816	 x22:0x00000149  x3=0x00000279
      36795.000 ns	      3678	80000d30	29d98e53	fmin.s	f28,f19,f29	 f19:0x7fc00000 f29:0x80000001 f28=0x80000001
      36825.000 ns	      3681	80000d34	a01ea4d3	feq.s	x9,f29,f1	 f29:0x80000001  f1:0x7fc00000  x9=0x00000000
      36845.000 ns	      3683	80000d38	8b757493	andi	x9,x10,-1865	 x10:0x7fffffff  x9=0x7ffff8b7
      36855.000 ns	      3684	80000d3c	01cb43b3	xor	x7,x22,x28	 x22:0x00000149 x28:0x00000000  x7=0x00000149
      36865.000 ns	      3685	80000d40	00475493	srli	x9,x14,0x4	 x14:0xb1c81000  x9=0x0b1c8100
      36875.000 ns	      3686	80000d44	01222db3	slt	x27,x4,x18	  x4:0x00000000 x18:0x00000000 x27=0x00000000
      36895.000 ns	      3688	80000d48	20031ad3	fsgnjn.s	f21,f6,f0	  f6:0x7fc00000  f0:0x00000001 f21=0xffc00000
      37265.000 ns	      3725	80000d4c	03847a33	remu	x20,x8,x24	  x8:0x7fc00000 x24:0xffffffff x20=0x7fc00000
      37295.000 ns	      3728	80000d50	e00f1153	fclass.s	x2,f30	 f30:0x7f7fffff  x2=0x00000040
      37315.000 ns	      3730	80000d54	493dbd13	sltiu	x26,x27,1171	 x27:0x00000000 x26=0x00000001
      37325.000 ns	      3731	80000d58	00da5433	srl	x8,x20,x13	 x20:0x7fc00000 x13:0x00000000  x8=0x7fc00000
      37335.000 ns	      3732	80000d5c	cab0b993	sltiu	x19,x1,-853	  x1:0x00000080 x19=0x00000001
      37345.000 ns	      3733	80000d60	b144e193	ori	x3,x9,-1260	  x9:0x0b1c8100  x3=0xfffffb14
      37365.000 ns	      3735	80000d64	034e9233	mulh	x4,x29,x20	 x29:0xffffffff x20:0x7fc00000  x4=0xffffffff
      37735.000 ns	      3772	80000d68	03ec60b3	rem	x1,x24,x30	 x24:0xffffffff x30:0x000004e8  x1=0xffffffff
      37765.000 ns	      3775	80000d6c	29698353	fmin.s	f6,f19,f22	 f19:0x7fc00000 f22:0x00000000  f6=0x00000000
      37785.000 ns	      3777	80000d70	014c3833	sltu	x16,x24,x20	 x24:0xffffffff x20:0x7fc00000 x16=0x00000000
      37795.000 ns	      3778	80000d74	e1502393	slti	x7,x0,-491	  x0:0x00000000  x7=0x00000000
      37815.000 ns	      3780	80000d78	d01c7bd3	fcvt.s.wu	f23,x24	 x24:0xffffffff f23=0x4f7fffff
      37845.000 ns	      3783	80000d7c	21d68453	fsgnj.s	f8,f13,f29	 f13:0x43a48000 f29:0x80000001  f8=0xc3a48000
      37875.000 ns	      3786	80000d80	a10601d3	fle.s	x3,f12,f16	 f12:0x7fc00000 f16:0x00000000  x3=0x00000000
      37905.000 ns	      3789	80000d84	c002c4d3	fcvt.w.s	x9,f5	  f5:0x8472de1a  x9=0x00000000
      37935.000 ns	      3792	80000d88	03d8a1b3	mulhsu	x3,x17,x29	 x17:0x80040fe4 x29:0xffffffff  x3=0x80040fe4
      37955.000 ns	      3794	80000d8c	e71d0613	addi	x12,x26,-399	 x26:0x00000001 x12=0xfffffe72
      37975.000 ns	      3796	80000d90	d0162dd3	fcvt.s.wu	f27,x12	 x12:0x00000000 f27=0x4f7fffff
      37995.000 ns	      3798	80000d94	105dccb7	lui	x25,0x105dc	 x25=0x105dc000
      38005.000 ns	      3799	80000d98	96e90493	addi	x9,x18,-1682	 x18:0x00000000  x9=0xfffff96e
      38015.000 ns	      3800	80000d9c	71afbe93	sltiu	x29,x31,1818	 x31:0x00000009 x29=0x00000001
      38375.000 ns	      3836	80000da0	02bc7933	remu	x18,x24,x11	 x24:0xffffffff x11:0x00000002 x18=0x00000001
      38405.000 ns	      3839	80000da4	038c1d33	mulh	x26,x24,x24	 x24:0xffffffff x24:0xffffffff x26=0x00000000
      38455.000 ns	      3844	80000da8	099b78d3	fsub.s	f17,f22,f25	 f22:0x00000000 f25:0x7fc00000 f17=0x7fc00000
      38485.000 ns	      3847	80000dac	e0068653	fmv.x.w	x12,f13	 f13:0x43a48000 x12=0x43a48000
      38525.000 ns	      3851	80000db0	10c4a2d3	fmul.s	f5,f9,f12	  f9:0x43000000 f12:0x7fc00000  f5=0x7fc00000
      38555.000 ns	      3854	80000db4	a0cea653	feq.s	x12,f29,f12	 f29:0x80000001 f12:0x7fc00000 x12=0x00000000
      38585.000 ns	      3857	80000db8	e00b96d3	fclass.s	x13,f23	 f23:0x4f7fffff x13=0x00000040
      38605.000 ns	      3859	80000dbc	00877b33	and	x22,x14,x8	 x14:0xb1c81000  x8:0x7fc00000 x22=0x31c00000
      38615.000 ns	      3860	80000dc0	f5040613	addi	x12,x8,-176	  x8:0x7fc00000 x12=0x7fbfff50
      38635.000 ns	      3862	80000dc4	d012f453	fcvt.s.wu	f8,x5	  x5:0x00000000  f8=0x00000000
      38665.000 ns	      3865	80000dc8	031e25b3	mulhsu	x11,x28,x17	 x28:0x00000000 x17:0x80040fe4 x11=0x00000000
      38685.000 ns	      3867	80000dcc	404a8b33	sub	x22,x21,x4	 x21:0x00000000  x4:0xffffffff x22=0x00000001
      38695.000 ns	      3868	80000dd0	004e3f33	sltu	x30,x28,x4	 x28:0x00000000  x4:0xffffffff x30=0x00000001
      38715.000 ns	      3870	80000dd4	219fab53	fsgnjx.s	f22,f31,f25	 f31:0x00000000 f25:0x7fc00000 f22=0x00000000
      38735.000 ns	      3872	80000dd8	41e8d4b3	sra	x9,x17,x30	 x17:0x80040fe4 x30:0x000004e8  x9=0xc00207f2
      38745.000 ns	      3873	80000ddc	8cc3c813	xori	x16,x7,-1844	  x7:0x00000000 x16=0xfffff8cc
      38755.000 ns	      3874	80000de0	01271913	slli	x18,x14,0x12	 x14:0xb1c81000 x18=0x40000000
      38765.000 ns	      3875	80000de4	017f9393	slli	x7,x31,0x17	 x31:0x00000009  x7=0x04800000
      38785.000 ns	      3877	80000de8	0360b133	mulhu	x2,x1,x22	  x1:0xffffffff x22:0x00000001  x2=0x00000000
      38815.000 ns	      3880	80000dec	e00e01d3	fmv.x.w	x3,f28	 f28:0x80000001  x3=0x80000001
      38855.000 ns	      3884	80000df0	580879d3	fsqrt.s	f19,f16	 f16:0x00000000 f19=0x00000000
      38875.000 ns	      3886	80000df4	68940913	addi	x18,x8,1673	  x8:0x7fc00000 x18=0x7fc00689
      38895.000 ns	      3888	80000df8	2131a153	fsgnjx.s	f2,f3,f19	  f3:0x0000039b f19:0x00000000  f2=0x0000039b
      38915.000 ns	      3890	80000dfc	01729f13	slli	x30,x5,0x17	  x5:0x00000000 x30=0x00000000
      38925.000 ns	      3891	80000e00	402cd393	srai	x7,x25,0x2	 x25:0x105dc000  x7=0x04177000
      38935.000 ns	      3892	80000e04	93617193	andi	x3,x2,-1738	  x2:0x00000000  x3=0x00000000
      38945.000 ns	      3893	80000e08	2ac0a393	slti	x7,x1,684	  x1:0xffffffff  x7=0x00000001
      38975.000 ns	      3896	80000e0c	189b27d3	fdiv.s	f15,f22,f9	 f22:0x00000000  f9:0x43000000 f15=0x00000000
      39015.000 ns	      3900	80000e10	19a77dd3	fdiv.s	f27,f14,f26	 f14:0x00000000 f26:0x7fc00000 f27=0x7fc00000
      39035.000 ns	      3902	80000e14	4004dc93	srai	x25,x9,0x0	  x9:0xc00207f2 x25=0xc00207f2
      39045.000 ns	      3903	80000e18	00f11db3	sll	x27,x2,x15	  x2:0x00000000 x15:0x00000000 x27=0x00000000
      39055.000 ns	      3904	80000e1c	01e31593	slli	x11,x6,0x1e	  x6:0xffffffe1 x11=0x40000000
      39075.000 ns	      3906	80000e20	21a30253	fsgnj.s	f4,f6,f26	  f6:0x00000000 f26:0x7fc00000  f4=0x00000000
      39105.000 ns	      3909	80000e24	02803e33	mulhu	x28,x0,x8	  x0:0x00000000  x8:0x7fc00000 x28=0x00000000
      39135.000 ns	      3912	80000e28	a161aa53	feq.s	x20,f3,f22	  f3:0x0000039b f22:0x00000000 x20=0x00000000
      39155.000 ns	      3914	80000e2c	a04ac713	xori	x14,x21,-1532	 x21:0x00000000 x14=0xfffffa04
      39165.000 ns	      3915	80000e30	35cf3a93	sltiu	x21,x30,860	 x30:0x00000000 x21=0x00000001
      39175.000 ns	      3916	80000e34	8469c817	auipc	x16,0x8469c	 x16=0x0469ce34
      39535.000 ns	      3952	80000e38	03dbed33	rem	x26,x23,x29	 x23:0x80041024 x29:0x00000001 x26=0x00000000
      39565.000 ns	      3955	80000e3c	02f7d233	divu	x4,x15,x15	 x15:0x00000000 x15:0x00000000  x4=0xffffffff
      39585.000 ns	      3957	80000e40	40ccd7b3	sra	x15,x25,x12	 x25:0xc00207f2 x12:0x7fbfff50 x15=0xffffc002
      39605.000 ns	      3959	80000e44	a1db11d3	flt.s	x3,f22,f29	 f22:0x00000000 f29:0x80000001  x3=0x00000000
      39975.000 ns	      3996	80000e48	0295c4b3	div	x9,x11,x9	 x11:0x40000000  x9:0xc00207f2  x9=0xffffffff
      39995.000 ns	      3998	80000e4c	00696cb3	or	x25,x18,x6	 x18:0x7fc00689  x6:0xffffffe1 x25=0xffffffe9
      40015.000 ns	      4000	80000e50	030dba33	mulhu	x20,x27,x16	 x27:0x00000000 x16:0x0469ce34 x20=0x00000000
      40035.000 ns	      4002	80000e54	f235ac13	slti	x24,x11,-221	 x11:0x40000000 x24=0x00000000
      40055.000 ns	      4004	80000e58	297b1ed3	fmax.s	f29,f22,f23	 f22:0x00000000 f23:0x4f7fffff f29=0x4f7fffff
      40085.000 ns	      4007	80000e5c	e00f8153	fmv.x.w	x2,f31	 f31:0x00000000  x2=0x00000000
      40105.000 ns	      4009	80000e60	007c0f33	add	x30,x24,x7	 x24:0x00000000  x7:0x00000001 x30=0x00000001
      40125.000 ns	      4011	80000e64	29ee0ed3	fmin.s	f29,f28,f30	 f28:0x80000001 f30:0x7f7fffff f29=0x80000001
      40145.000 ns	      4013	80000e68	01c2ea33	or	x20,x5,x28	  x5:0x00000000 x28:0x00000000 x20=0x00000000
      40175.000 ns	      4016	80000e6c	10e170d3	fmul.s	f1,f2,f14	  f2:0x0000039b f14:0x00000000  f1=0x00000000
      40195.000 ns	      4018	80000e70	01275c13	srli	x24,x14,0x12	 x14:0xfffffa04 x24=0x00003fff
      40205.000 ns	      4019	80000e74	00c7b0b3	sltu	x1,x15,x12	 x15:0xffffc002 x12:0x7fbfff50  x1=0x00000000
      40215.000 ns	      4020	80000e78	c11faeb7	lui	x29,0xc11fa	 x29=0xc11fa000
      40235.000 ns	      4022	80000e7c	c0017053	fcvt.w.s	x0,f2	  f2:0x0000039b
      40255.000 ns	      4024	80000e80	00000013	addi	x0,x0,0	  x0:0x00000000
      40275.000 ns	      4026	80000e84	20051fd3	fsgnjn.s	f31,f10,f0	 f10:0x7fc00000  f0:0x00000001 f31=0xffc00000
      40295.000 ns	      4028	80000e88	40f15513	srai	x10,x2,0xf	  x2:0x00000000 x10=0x00000000
      40305.000 ns	      4029	80000e8c	004db233	sltu	x4,x27,x4	 x27:0x00000000  x4:0xffffffff  x4=0x00000001
      40315.000 ns	      4030	80000e90	635d0e13	addi	x28,x26,1589	 x26:0x00000000 x28=0x00000635
      40325.000 ns	      4031	80000e94	01c49233	sll	x4,x9,x28	  x9:0xffffffff x28:0x00000000  x4=0xffe00000
      40345.000 ns	      4033	80000e98	d0072153	fcvt.s.w	f2,x14	 x14:0xfffffa04  f2=0xc4bf8000
      40365.000 ns	      4035	80000e9c	01eb3cb3	sltu	x25,x22,x30	 x22:0x00000001 x30:0x00000001 x25=0x00000000
      40375.000 ns	      4036	80000ea0	9a808b13	addi	x22,x1,-1624	  x1:0x00000000 x22=0xfffff9a8
      40395.000 ns	      4038	80000ea4	f00c81d3	fmv.w.x	f3,x25	 x25:0xffffffe9  f3=0x00000000
      40415.000 ns	      4040	80000ea8	01e51793	slli	x15,x10,0x1e	 x10:0x00000000 x15=0x00000000
      40435.000 ns	      4042	80000eac	a0020853	fle.s	x16,f4,f0	  f4:0x00000000  f0:0x00000001 x16=0x00000001
      40465.000 ns	      4045	80000eb0	0235a3b3	mulhsu	x7,x11,x3	 x11:0x40000000  x3:0x00000000  x7=0x00000000
      40485.000 ns	      4047	80000eb4	011be733	or	x14,x23,x17	 x23:0x80041024 x17:0x80040fe4 x14=0x80041fe4
      40495.000 ns	      4048	80000eb8	00721413	slli	x8,x4,0x7	  x4:0xffe00000  x8=0xf0000000
      40515.000 ns	      4050	80000ebc	c01cccd3	fcvt.wu.s	x25,f25	 f25:0x7fc00000 x25=0xffffffff
      40545.000 ns	      4053	80000ec0	f00b8153	fmv.w.x	f2,x23	 x23:0x80041024  f2=0x80041024
      40565.000 ns	      4055	80000ec4	c7a5e313	ori	x6,x11,-902	 x11:0x40000000  x6=0xfffffc7a
      40575.000 ns	      4056	80000ec8	017c5c93	srli	x25,x24,0x17	 x24:0x00003fff x25=0x00000000
      40595.000 ns	      4058	80000ecc	f00d0753	fmv.w.x	f14,x26	 x26:0x00000000 f14=0x00000000
      40625.000 ns	      4061	80000ed0	c009fad3	fcvt.w.s	x21,f19	 f19:0x00000000 x21=0x00000000
      40645.000 ns	      4063	80000ed4	0104d793	srli	x15,x9,0x10	  x9:0xffffffff x15=0x0000ffff
      40685.000 ns	      4067	80000ed8	00107453	fadd.s	f8,f0,f1	  f0:0x00000001  f1:0x00000000  f8=0x00000001
      40715.000 ns	      4070	80000edc	e0040853	fmv.x.w	x16,f8	  f8:0x00000000 x16=0x00000001
      40745.000 ns	      4073	80000ee0	03c81eb3	mulh	x29,x16,x28	 x16:0x00000001 x28:0x00000635 x29=0x00000000
      40765.000 ns	      4075	80000ee4	003496b3	sll	x13,x9,x3	  x9:0xffffffff  x3:0x00000000 x13=0xffffffff
      40785.000 ns	      4077	80000ee8	c0057e53	fcvt.w.s	x28,f10	 f10:0x7fc00000 x28=0x7fffffff
      40815.000 ns	      4080	80000eec	a1f3a853	feq.s	x16,f7,f31	  f7:0x8472de1a f31:0xffc00000 x16=0x00000000
      40845.000 ns	      4083	80000ef0	020c02b3	mul	x5,x24,x0	 x24:0x00003fff  x0:0x00000000  x5=0x00000000
      40865.000 ns	      4085	80000ef4	66426a93	ori	x21,x4,1636	  x4:0xffe00000 x21=0xffe00664
      41225.000 ns	      4121	80000ef8	03cff4b3	remu	x9,x31,x28	 x31:0x00000009 x28:0x7fffffff  x9=0x00000009
      41245.000 ns	      4123	80000efc	774a0593	addi	x11,x20,1908	 x20:0x00000000 x11=0x00000774
      41255.000 ns	      4124	80000f00	20467a97	auipc	x21,0x20467	 x21=0xa0467f00
      41265.000 ns	      4125	80000f04	95d06093	ori	x1,x0,-1699	  x0:0x00000000  x1=0xfffff95d
      41285.000 ns	      4127	80000f08	296f9ad3	fmax.s	f21,f31,f22	 f31:0xffc00000 f22:0x00000000 f21=0x00000000
      41655.000 ns	      4164	80000f0c	03297333	remu	x6,x18,x18	 x18:0x7fc00689 x18:0x7fc00689  x6=0x00000000
      41685.000 ns	      4167	80000f10	20160fd3	fsgnj.s	f31,f12,f1	 f12:0x7fc00000  f1:0x00000000 f31=0x7fc00000
      41715.000 ns	      4170	80000f14	028cad33	mulhsu	x26,x25,x8	 x25:0x00000000  x8:0xf0000000 x26=0x00000000
      41745.000 ns	      4173	80000f18	292793d3	fmax.s	f7,f15,f18	 f15:0x00000000 f18:0x00000001  f7=0x00000001
      41785.000 ns	      4177	80000f1c	113ba5d3	fmul.s	f11,f23,f19	 f23:0x4f7fffff f19:0x00000000 f11=0x00000000
      41805.000 ns	      4179	80000f20	00381b33	sll	x22,x16,x3	 x16:0x00000000  x3:0x00000000 x22=0x00000000
      41815.000 ns	      4180	80000f24	4e0e0593	addi	x11,x28,1248	 x28:0x7fffffff x11=0x800004df
      41825.000 ns	      4181	80000f28	00835733	srl	x14,x6,x8	  x6:0x00000000  x8:0xf0000000 x14=0x00000000
      41845.000 ns	      4183	80000f2c	d00879d3	fcvt.s.w	f19,x16	 x16:0x00000000 f19=0x00000000
      42185.000 ns	      4217	80000f30	19ee8553	fdiv.s	f10,f29,f30	 f29:0x80000001 f30:0x7f7fffff f10=0x80000000
      42215.000 ns	      4220	80000f34	03af7233	remu	x4,x30,x26	 x30:0x00000001 x26:0x00000000  x4=0x00000001
      42245.000 ns	      4223	80000f38	d01cb5d3	fcvt.s.wu	f11,x25	 x25:0x00000000 f11=0x00000000
      42275.000 ns	      4226	80000f3c	02712a33	mulhsu	x20,x2,x7	  x2:0x00000000  x7:0x00000000 x20=0x00000000
      42305.000 ns	      4229	80000f40	02923733	mulhu	x14,x4,x9	  x4:0x00000001  x9:0x00000009 x14=0x00000000
      42335.000 ns	      4232	80000f44	f0050a53	fmv.w.x	f20,x10	 x10:0x00000000 f20=0x00000000
      42365.000 ns	      4235	80000f48	a1aba053	feq.s	x0,f23,f26	 f23:0x4f7fffff f26:0x7fc00000
      42385.000 ns	      4237	80000f4c	0008b2b3	sltu	x5,x17,x0	 x17:0x80040fe4  x0:0x00000000  x5=0x00000000
      42405.000 ns	      4239	80000f50	e00e1ed3	fclass.s	x29,f28	 f28:0x80000001 x29=0x00000004
      42425.000 ns	      4241	80000f54	0019b6b3	sltu	x13,x19,x1	 x19:0x00000001  x1:0xfffff95d x13=0x00000001
      42435.000 ns	      4242	80000f58	009d7ab3	and	x21,x26,x9	 x26:0x00000000  x9:0x00000009 x21=0x00000000
      42455.000 ns	      4244	80000f5c	0262a533	mulhsu	x10,x5,x6	  x5:0x00000000  x6:0x00000000 x10=0x00000000
      42485.000 ns	      4247	80000f60	022d9ab3	mulh	x21,x27,x2	 x27:0x00000000  x2:0x00000000 x21=0x00000000
      42505.000 ns	      4249	80000f64	001bc3b3	xor	x7,x23,x1	 x23:0x80041024  x1:0xfffff95d  x7=0x7ffbe979
      42515.000 ns	      4250	80000f68	0042df33	srl	x30,x5,x4	  x5:0x00000000  x4:0x00000001 x30=0x00000000
      42545.000 ns	      4253	80000f6c	1981fad3	fdiv.s	f21,f3,f24	  f3:0x00000000 f24:0x00000000 f21=0x7fc00000
      42565.000 ns	      4255	80000f70	1f1e9717	auipc	x14,0x1f1e9	 x14=0x9f1e9f70
      42585.000 ns	      4257	80000f74	025321b3	mulhsu	x3,x6,x5	  x6:0x00000000  x5:0x00000000  x3=0x00000000
      42605.000 ns	      4259	80000f78	40b88db3	sub	x27,x17,x11	 x17:0x80040fe4 x11:0x800004df x27=0x00040b05
      42615.000 ns	      4260	80000f7c	a60dc793	xori	x15,x27,-1440	 x27:0x00000000 x15=0xfffbf165
      42635.000 ns	      4262	80000f80	036a8133	mul	x2,x21,x22	 x21:0x00000000 x22:0x00000000  x2=0x00000000
      42655.000 ns	      4264	80000f84	f83bc493	xori	x9,x23,-125	 x23:0x80041024  x9=0x7ffbefa7
      42665.000 ns	      4265	80000f88	00495933	srl	x18,x18,x4	 x18:0x7fc00689  x4:0x00000001 x18=0x3fe00344
      42685.000 ns	      4267	80000f8c	a1ff8053	fle.s	x0,f31,f31	 f31:0x7fc00000 f31:0x7fc00000
      42705.000 ns	      4269	80000f90	01d15b33	srl	x22,x2,x29	  x2:0x00000000 x29:0x00000004 x22=0x00000000
      42715.000 ns	      4270	80000f94	19e0a597	auipc	x11,0x19e0a	 x11=0x99e0af94
      42725.000 ns	      4271	80000f98	419d8933	sub	x18,x27,x25	 x27:0x00040b05 x25:0x00000000 x18=0x00040b05
      42745.000 ns	      4273	80000f9c	0395d633	divu	x12,x11,x25	 x11:0x800004df x25:0x00000000 x12=0xffffffff
      42775.000 ns	      4276	80000fa0	a17b24d3	feq.s	x9,f22,f23	 f22:0x00000000 f23:0x4f7fffff  x9=0x00000000
      42805.000 ns	      4279	80000fa4	20271ed3	fsgnjn.s	f29,f14,f2	 f14:0x00000000  f2:0x80041024 f29=0x00000000
      42825.000 ns	      4281	80000fa8	009c1d33	sll	x26,x24,x9	 x24:0x00003fff  x9:0x00000000 x26=0x00003fff
      42845.000 ns	      4283	80000fac	207a84d3	fsgnj.s	f9,f21,f7	 f21:0x7fc00000  f7:0x00000001  f9=0x7fc00000
      42865.000 ns	      4285	80000fb0	01e0c533	xor	x10,x1,x30	  x1:0xfffff95d x30:0x00000000 x10=0xfffff95d
      42875.000 ns	      4286	80000fb4	00bc30b3	sltu	x1,x24,x11	 x24:0x00003fff x11:0x99e0af94  x1=0x00000001
      42885.000 ns	      4287	80000fb8	414e5ab3	sra	x21,x28,x20	 x28:0x7fffffff x20:0x00000000 x21=0x7fffffff
      42895.000 ns	      4288	80000fbc	0191e733	or	x14,x3,x25	  x3:0x00000000 x25:0x00000000 x14=0x00000000
      42905.000 ns	      4289	80000fc0	e4beb713	sltiu	x14,x29,-437	 x29:0x00000004 x14=0x00000001
      42925.000 ns	      4291	80000fc4	a0351d53	flt.s	x26,f10,f3	 f10:0x80000000  f3:0x00000000 x26=0x00000000
      42945.000 ns	      4293	80000fc8	012a6933	or	x18,x20,x18	 x20:0x00000000 x18:0x00040b05 x18=0x00040b05
      42965.000 ns	      4295	80000fcc	03ab9133	mulh	x2,x23,x26	 x23:0x80041024 x26:0x00000000  x2=0x00000000
      43335.000 ns	      4332	80000fd0	03824f33	div	x30,x4,x24	  x4:0x00000001 x24:0x00003fff x30=0x00000000
      43365.000 ns	      4335	80000fd4	21c212d3	fsgnjn.s	f5,f4,f28	  f4:0x00000000 f28:0x80000001  f5=0x00000000
      43395.000 ns	      4338	80000fd8	e00c81d3	fmv.x.w	x3,f25	 f25:0x7fc00000  x3=0x7fc00000
      43415.000 ns	      4340	80000fdc	8b110913	addi	x18,x2,-1871	  x2:0x00000000 x18=0xfffff8b1
      43435.000 ns	      4342	80000fe0	034aa833	mulhsu	x16,x21,x20	 x21:0x7fffffff x20:0x00000000 x16=0x00000000
      43455.000 ns	      4344	80000fe4	7c628493	addi	x9,x5,1990	  x5:0x00000000  x9=0x000007c6
      43465.000 ns	      4345	80000fe8	408f5d13	srai	x26,x30,0x8	 x30:0x00000000 x26=0x00000000
      43485.000 ns	      4347	80000fec	03abd3b3	divu	x7,x23,x26	 x23:0x80041024 x26:0x00000000  x7=0xffffffff
      43515.000 ns	      4350	80000ff0	c0167553	fcvt.wu.s	x10,f12	 f12:0x7fc00000 x10=0xffffffff
      43535.000 ns	      4352	80000ff4	a6342f37	lui	x30,0xa6342	 x30=0xa6342000
      43545.000 ns	      4353	80000ff8	409e5913	srai	x18,x28,0x9	 x28:0x7fffffff x18=0x003fffff
      43555.000 ns	      4354	80000ffc	01fb3433	sltu	x8,x22,x31	 x22:0x00000000 x31:0x00000009  x8=0x00000001
      43565.000 ns	      4355	80001000	1a6abb13	sltiu	x22,x21,422	 x21:0x7fffffff x22=0x00000000
      43595.000 ns	      4358	80001004	11e9f153	fmul.s	f2,f19,f30	 f19:0x00000000 f30:0x7f7fffff  f2=0x00000000
      43615.000 ns	      4360	80001008	00a3db13	srli	x22,x7,0xa	  x7:0xffffffff x22=0x003fffff
      43625.000 ns	      4361	8000100c	ac138513	addi	x10,x7,-1343	  x7:0xffffffff x10=0xfffffac0
      43665.000 ns	      4365	80001010	0029f353	fadd.s	f6,f19,f2	 f19:0x00000000  f2:0x00000000  f6=0x00000000
      43695.000 ns	      4368	80001014	0222bb33	mulhu	x22,x5,x2	  x5:0x00000000  x2:0x00000000 x22=0x00000000
      43715.000 ns	      4370	80001018	0068e0b3	or	x1,x17,x6	 x17:0x80040fe4  x6:0x00000000  x1=0x80040fe4
      43725.000 ns	      4371	8000101c	01f352b3	srl	x5,x6,x31	  x6:0x00000000 x31:0x00000009  x5=0x00000000
      43735.000 ns	      4372	80001020	6c3fea13	ori	x20,x31,1731	 x31:0x00000009 x20=0x000006cb
      43755.000 ns	      4374	80001024	0251db33	divu	x22,x3,x5	  x3:0x7fc00000  x5:0x00000000 x22=0xffffffff
      43775.000 ns	      4376	80001028	001919b3	sll	x19,x18,x1	 x18:0x003fffff  x1:0x80040fe4 x19=0x03fffff0
      43805.000 ns	      4379	8000102c	189d25d3	fdiv.s	f11,f26,f9	 f26:0x7fc00000  f9:0x7fc00000 f11=0x7fc00000
      43825.000 ns	      4381	80001030	01fd83b3	add	x7,x27,x31	 x27:0x00040b05 x31:0x00000009  x7=0x00040b0e
      43835.000 ns	      4382	80001034	00c19c33	sll	x24,x3,x12	  x3:0x7fc00000 x12:0xffffffff x24=0x00000000
      43855.000 ns	      4384	80001038	295c0a53	fmin.s	f20,f24,f21	 f24:0x00000000 f21:0x7fc00000 f20=0x00000000
      43905.000 ns	      4389	8000103c	0003f0d3	fadd.s	f1,f7,f0	  f7:0x00000001  f0:0x00000001  f1=0x00000002
      43925.000 ns	      4391	80001040	41ef52b3	sra	x5,x30,x30	 x30:0xa6342000 x30:0xa6342000  x5=0xa6342000
      43935.000 ns	      4392	80001044	0075d693	srli	x13,x11,0x7	 x11:0x99e0af94 x13=0x0133c15f
      43975.000 ns	      4396	80001048	09bcae53	fsub.s	f28,f25,f27	 f25:0x7fc00000 f27:0x7fc00000 f28=0x7fc00000
      43995.000 ns	      4398	8000104c	000aa0b3	slt	x1,x21,x0	 x21:0x7fffffff  x0:0x00000000  x1=0x00000000
      44005.000 ns	      4399	80001050	01a79f13	slli	x30,x15,0x1a	 x15:0xfffbf165 x30=0x94000000
      44035.000 ns	      4402	80001054	194c28d3	fdiv.s	f17,f24,f20	 f24:0x00000000 f20:0x00000000 f17=0x7fc00000
      44065.000 ns	      4405	80001058	a1ea8053	fle.s	x0,f21,f30	 f21:0x7fc00000 f30:0x7f7fffff
      44095.000 ns	      4408	8000105c	20e58f53	fsgnj.s	f30,f11,f14	 f11:0x7fc00000 f14:0x00000000 f30=0x7fc00000
      44115.000 ns	      4410	80001060	00b952b3	srl	x5,x18,x11	 x18:0x003fffff x11:0x99e0af94  x5=0x00000003
      44155.000 ns	      4414	80001064	09691553	fsub.s	f10,f18,f22	 f18:0x00000001 f22:0x00000000 f10=0x00000001
      44175.000 ns	      4416	80001068	fea02913	slti	x18,x0,-22	  x0:0x00000000 x18=0x00000000
      44215.000 ns	      4420	8000106c	01712f53	fadd.s	f30,f2,f23	  f2:0x00000000 f23:0x4f7fffff f30=0x4f7fffff
      44235.000 ns	      4422	80001070	00d1dc13	srli	x24,x3,0xd	  x3:0x7fc00000 x24=0x0003fe00
      44595.000 ns	      4458	80001074	038c73b3	remu	x7,x24,x24	 x24:0x00000000 x24:0x00000000  x7=0x00000000
      44615.000 ns	      4460	80001078	1299a317	auipc	x6,0x1299a	  x6=0x9299b078
      44625.000 ns	      4461	8000107c	6d1c3713	sltiu	x14,x24,1745	 x24:0x0003fe00 x14=0x00000000
      44635.000 ns	      4462	80001080	00bb9db3	sll	x27,x23,x11	 x23:0x80041024 x11:0x99e0af94 x27=0x02400000
      44645.000 ns	      4463	80001084	411d8f33	sub	x30,x27,x17	 x27:0x00040b05 x17:0x80040fe4 x30=0x823bf01c
      44665.000 ns	      4465	80001088	a1168e53	fle.s	x28,f13,f17	 f13:0x43a48000 f17:0x7fc00000 x28=0x00000000
      44695.000 ns	      4468	8000108c	a04f1953	flt.s	x18,f30,f4	 f30:0x4f7fffff  f4:0x00000000 x18=0x00000000
      45065.000 ns	      4505	80001090	02c0f5b3	remu	x11,x1,x12	  x1:0x00000000 x12:0xffffffff x11=0x00000000
      45105.000 ns	      4509	80001094	1107b5d3	fmul.s	f11,f15,f16	 f15:0x00000000 f16:0x00000000 f11=0x00000000
      45125.000 ns	      4511	80001098	43aaba93	sltiu	x21,x21,1082	 x21:0x7fffffff x21=0x00000000
      45135.000 ns	      4512	8000109c	4c59bc13	sltiu	x24,x19,1221	 x19:0x03fffff0 x24=0x00000000
      46305.000 ns	      4629	800010a0	5800f253	fsqrt.s	f4,f1	  f1:0x00000002  f4=0x1f350483
      46335.000 ns	      4632	800010a4	02c5a4b3	mulhsu	x9,x11,x12	 x11:0x00000000 x12:0xffffffff  x9=0x00000000
      46365.000 ns	      4635	800010a8	c019b853	fcvt.wu.s	x16,f19	 f19:0x00000000 x16=0x00000000
      46385.000 ns	      4637	800010ac	a915fe93	andi	x29,x11,-1391	 x11:0x00000000 x29=0x00000000
      46405.000 ns	      4639	800010b0	03814433	div	x8,x2,x24	  x2:0x00000000 x24:0x00000000  x8=0xffffffff
      46435.000 ns	      4642	800010b4	e0079453	fclass.s	x8,f15	 f15:0x00000000  x8=0x00000010
      46465.000 ns	      4645	800010b8	021731b3	mulhu	x3,x14,x1	 x14:0x00000000  x1:0x00000000  x3=0x00000000
      46485.000 ns	      4647	800010bc	00cc1a33	sll	x20,x24,x12	 x24:0x00000000 x12:0xffffffff x20=0x00000000
      46495.000 ns	      4648	800010c0	00a76033	or	x0,x14,x10	 x14:0x00000000 x10:0xfffffac0
      46515.000 ns	      4650	800010c4	e00789d3	fmv.x.w	x19,f15	 f15:0x00000000 x19=0x00000000
      46545.000 ns	      4653	800010c8	021537b3	mulhu	x15,x10,x1	 x10:0xfffffac0  x1:0x00000000 x15=0x00000000
      46575.000 ns	      4656	800010cc	a0d22953	feq.s	x18,f4,f13	  f4:0x1f350483 f13:0x43a48000 x18=0x00000000
      46605.000 ns	      4659	800010d0	281a00d3	fmin.s	f1,f20,f1	 f20:0x00000000  f1:0x00000002  f1=0x00000000
      46635.000 ns	      4662	800010d4	a12d9f53	flt.s	x30,f27,f18	 f27:0x7fc00000 f18:0x00000001 x30=0x00000000
      46655.000 ns	      4664	800010d8	0013e6b3	or	x13,x7,x1	  x7:0x00000000  x1:0x00000000 x13=0x00000000
      46685.000 ns	      4667	800010dc	11411a53	fmul.s	f20,f2,f20	  f2:0x00000000 f20:0x00000000 f20=0x00000000
      47055.000 ns	      4704	800010e0	02a9e733	rem	x14,x19,x10	 x19:0x00000000 x10:0xfffffac0 x14=0x00000000
      47085.000 ns	      4707	800010e4	035711b3	mulh	x3,x14,x21	 x14:0x00000000 x21:0x00000000  x3=0x00000000
      47125.000 ns	      4711	800010e8	189f1753	fdiv.s	f14,f30,f9	 f30:0x4f7fffff  f9:0x7fc00000 f14=0x7fc00000
      47155.000 ns	      4714	800010ec	e0071b53	fclass.s	x22,f14	 f14:0x00000000 x22=0x00000200
      47195.000 ns	      4718	800010f0	58049053	fsqrt.s	f0,f9	  f9:0x7fc00000  f0=0x7fc00000
      47225.000 ns	      4721	800010f4	e00e0e53	fmv.x.w	x28,f28	 f28:0x7fc00000 x28=0x7fc00000
      47255.000 ns	      4724	800010f8	02133033	mulhu	x0,x6,x1	  x6:0x9299b078  x1:0x00000000
      47285.000 ns	      4727	800010fc	021410b3	mulh	x1,x8,x1	  x8:0x00000010  x1:0x00000000  x1=0x00000000
      47305.000 ns	      4729	80001100	01edbeb3	sltu	x29,x27,x30	 x27:0x02400000 x30:0x00000000 x29=0x00000000
      47315.000 ns	      4730	80001104	d024e713	ori	x14,x9,-766	  x9:0x00000000 x14=0xfffffd02
      47325.000 ns	      4731	80001108	b32d8417	auipc	x8,0xb32d8	  x8=0x332d9108
      47365.000 ns	      4735	8000110c	01c87a53	fadd.s	f20,f16,f28	 f16:0x00000000 f28:0x7fc00000 f20=0x7fc00000
      47395.000 ns	      4738	80001110	03aab6b3	mulhu	x13,x21,x26	 x21:0x00000000 x26:0x00000000 x13=0x00000000
      47425.000 ns	      4741	80001114	f00e8653	fmv.w.x	f12,x29	 x29:0x00000000 f12=0x00000000
      47455.000 ns	      4744	80001118	02540933	mul	x18,x8,x5	  x8:0x332d9108  x5:0x00000003 x18=0x9988b318
      47475.000 ns	      4746	8000111c	415cd813	srai	x16,x25,0x15	 x25:0x00000000 x16=0x00000000
      47485.000 ns	      4747	80001120	01225db3	srl	x27,x4,x18	  x4:0x00000001 x18:0x9988b318 x27=0x00000000
      47495.000 ns	      4748	80001124	01971d13	slli	x26,x14,0x19	 x14:0xfffffd02 x26=0x04000000
      47505.000 ns	      4749	80001128	01741293	slli	x5,x8,0x17	  x8:0x332d9108  x5=0x84000000
      47525.000 ns	      4751	8000112c	e0081753	fclass.s	x14,f16	 f16:0x00000000 x14=0x00000010
      47545.000 ns	      4753	80001130	6f36b437	lui	x8,0x6f36b	  x8=0x6f36b000
      47565.000 ns	      4755	80001134	e00416d3	fclass.s	x13,f8	  f8:0x00000001 x13=0x00000020
      47585.000 ns	      4757	80001138	26624413	xori	x8,x4,614	  x4:0x00000001  x8=0x00000267
      47595.000 ns	      4758	8000113c	01566633	or	x12,x12,x21	 x12:0xffffffff x21:0x00000000 x12=0xffffffff
      47605.000 ns	      4759	80001140	5b90e093	ori	x1,x1,1465	  x1:0x00000000  x1=0x000005b9
      47625.000 ns	      4761	80001144	e00a9ed3	fclass.s	x29,f21	 f21:0x7fc00000 x29=0x00000200
      47665.000 ns	      4765	80001148	116846d3	fmul.s	f13,f16,f22	 f16:0x00000000 f22:0x00000000 f13=0x00000000
      47685.000 ns	      4767	8000114c	9d259937	lui	x18,0x9d259	 x18=0x9d259000
      47705.000 ns	      4769	80001150	a07b2b53	feq.s	x22,f22,f7	 f22:0x00000000  f7:0x00000001 x22=0x00000000
      47735.000 ns	      4772	80001154	a1f311d3	flt.s	x3,f6,f31	  f6:0x00000000 f31:0x7fc00000  x3=0x00000000
      47755.000 ns	      4774	80001158	41e90b33	sub	x22,x18,x30	 x18:0x9d259000 x30:0x00000000 x22=0x9d259000
      47765.000 ns	      4775	8000115c	00245cb3	srl	x25,x8,x2	  x8:0x00000267  x2:0x00000000 x25=0x00000267
      47785.000 ns	      4777	80001160	e00b9053	fclass.s	x0,f23	 f23:0x4f7fffff
      47815.000 ns	      4780	80001164	0201e733	rem	x14,x3,x0	  x3:0x00000000  x0:0x00000000 x14=0x00000000
      47835.000 ns	      4782	80001168	40a28cb3	sub	x25,x5,x10	  x5:0x84000000 x10:0xfffffac0 x25=0x84000540
      48195.000 ns	      4818	8000116c	032655b3	divu	x11,x12,x18	 x12:0xffffffff x18:0x9d259000 x11=0x00000001
      48215.000 ns	      4820	80001170	01323db3	sltu	x27,x4,x19	  x4:0x00000001 x19:0x00000000 x27=0x00000000
      48225.000 ns	      4821	80001174	c6fa3ab7	lui	x21,0xc6fa3	 x21=0xc6fa3000
      48235.000 ns	      4822	80001178	d33d6437	lui	x8,0xd33d6	  x8=0xd33d6000
      48265.000 ns	      4825	8000117c	11b38953	fmul.s	f18,f7,f27	  f7:0x00000001 f27:0x7fc00000 f18=0x7fc00000
      48295.000 ns	      4828	80001180	f0030353	fmv.w.x	f6,x6	  x6:0x9299b078  f6=0x9299b078
      48325.000 ns	      4831	80001184	d00878d3	fcvt.s.w	f17,x16	 x16:0x00000000 f17=0x00000000
      48355.000 ns	      4834	80001188	a13027d3	feq.s	x15,f0,f19	  f0:0x7fc00000 f19:0x00000000 x15=0x00000000
      48375.000 ns	      4836	8000118c	5e684e13	xori	x28,x16,1510	 x16:0x00000000 x28=0x000005e6
      48385.000 ns	      4837	80001190	2b653c93	sltiu	x25,x10,694	 x10:0xfffffac0 x25=0x00000000
      48395.000 ns	      4838	80001194	00e99233	sll	x4,x19,x14	 x19:0x00000000 x14:0x00000000  x4=0x00000000
      48405.000 ns	      4839	80001198	40f7d593	srai	x11,x15,0xf	 x15:0x00000000 x11=0x00000000
      48425.000 ns	      4841	8000119c	02183a33	mulhu	x20,x16,x1	 x16:0x00000000  x1:0x000005b9 x20=0x00000000
      48455.000 ns	      4844	800011a0	033226b3	mulhsu	x13,x4,x19	  x4:0x00000000 x19:0x00000000 x13=0x00000000
      48475.000 ns	      4846	800011a4	81e32313	slti	x6,x6,-2018	  x6:0x9299b078  x6=0x00000001
      48485.000 ns	      4847	800011a8	0042dd93	srli	x27,x5,0x4	  x5:0x84000000 x27=0x08400000
      48515.000 ns	      4850	800011ac	19101ed3	fdiv.s	f29,f0,f17	  f0:0x7fc00000 f17:0x00000000 f29=0x7fc00000
      48545.000 ns	      4853	800011b0	c01a7a53	fcvt.wu.s	x20,f20	 f20:0x7fc00000 x20=0xffffffff
      48575.000 ns	      4856	800011b4	c0039a53	fcvt.w.s	x20,f7	  f7:0x00000001 x20=0x00000000
      48595.000 ns	      4858	800011b8	221cf793	andi	x15,x25,545	 x25:0x00000000 x15=0x00000000
      48605.000 ns	      4859	800011bc	01dfd313	srli	x6,x31,0x1d	 x31:0x00000009  x6=0x00000000
      48625.000 ns	      4861	800011c0	205b17d3	fsgnjn.s	f15,f22,f5	 f22:0x00000000  f5:0x00000000 f15=0x80000000
      48645.000 ns	      4863	800011c4	2c1dab13	slti	x22,x27,705	 x27:0x08400000 x22=0x00000000
      48655.000 ns	      4864	800011c8	01e5c433	xor	x8,x11,x30	 x11:0x00000000 x30:0x00000000  x8=0x00000000
      48675.000 ns	      4866	800011cc	e0060153	fmv.x.w	x2,f12	 f12:0x00000000  x2=0x00000000
      48705.000 ns	      4869	800011d0	a1ebab53	feq.s	x22,f23,f30	 f23:0x4f7fffff f30:0x4f7fffff x22=0x00000001
      48735.000 ns	      4872	800011d4	c00b1dd3	fcvt.w.s	x27,f22	 f22:0x00000000 x27=0x00000000
      48765.000 ns	      4875	800011d8	e0070dd3	fmv.x.w	x27,f14	 f14:0x7fc00000 x27=0x7fc00000
      48785.000 ns	      4877	800011dc	0093c533	xor	x10,x7,x9	  x7:0x00000000  x9:0x00000000 x10=0x00000000
      48795.000 ns	      4878	800011e0	0041ef33	or	x30,x3,x4	  x3:0x00000000  x4:0x00000000 x30=0x00000000
      49155.000 ns	      4914	800011e4	031ccb33	div	x22,x25,x17	 x25:0x00000000 x17:0x80040fe4 x22=0x00000000
      49175.000 ns	      4916	800011e8	414b81b3	sub	x3,x23,x20	 x23:0x80041024 x20:0x00000000  x3=0x80041024
      49185.000 ns	      4917	800011ec	415e8233	sub	x4,x29,x21	 x29:0x00000200 x21:0xc6fa3000  x4=0x3905d200
      49195.000 ns	      4918	800011f0	00a476b3	and	x13,x8,x10	  x8:0x00000000 x10:0x00000000 x13=0x00000000
      49215.000 ns	      4920	800011f4	e00c0dd3	fmv.x.w	x27,f24	 f24:0x00000000 x27=0x00000000
      49245.000 ns	      4923	800011f8	03771f33	mulh	x30,x14,x23	 x14:0x00000000 x23:0x80041024 x30=0x00000000
      49275.000 ns	      4926	800011fc	21baabd3	fsgnjx.s	f23,f21,f27	 f21:0x7fc00000 f27:0x7fc00000 f23=0x7fc00000
      49295.000 ns	      4928	80001200	922dfe93	andi	x29,x27,-1758	 x27:0x00000000 x29=0x00000000
      49305.000 ns	      4929	80001204	d9d6f613	andi	x12,x13,-611	 x13:0x00000000 x12=0x00000000
      49345.000 ns	      4933	80001208	017079d3	fadd.s	f19,f0,f23	  f0:0x7fc00000 f23:0x7fc00000 f19=0x7fc00000
      49365.000 ns	      4935	8000120c	01f7eeb3	or	x29,x15,x31	 x15:0x00000000 x31:0x00000009 x29=0x00000009
      49375.000 ns	      4936	80001210	95436493	ori	x9,x6,-1708	  x6:0x00000000  x9=0xfffff954
      49385.000 ns	      4937	80001214	003b3db3	sltu	x27,x22,x3	 x22:0x00000000  x3:0x80041024 x27=0x00000001
      49425.000 ns	      4941	80001218	09d3b053	fsub.s	f0,f7,f29	  f7:0x00000001 f29:0x7fc00000  f0=0x7fc00000
      49795.000 ns	      4978	8000121c	037c7533	remu	x10,x24,x23	 x24:0x00000000 x23:0x80041024 x10=0x00000000
      49825.000 ns	      4981	80001220	21642ed3	fsgnjx.s	f29,f8,f22	  f8:0x00000001 f22:0x00000000 f29=0x00000001
      49845.000 ns	      4983	80001224	0470ec93	ori	x25,x1,71	  x1:0x000005b9 x25=0x000005ff
      49855.000 ns	      4984	80001228	00d653b3	srl	x7,x12,x13	 x12:0x00000000 x13:0x00000000  x7=0x00000000
      49865.000 ns	      4985	8000122c	00000013	addi	x0,x0,0	  x0:0x00000000
      49875.000 ns	      4986	80001230	00d18033	add	x0,x3,x13	  x3:0x80041024 x13:0x00000000
      49905.000 ns	      4989	80001234	5807a053	fsqrt.s	f0,f15	 f15:0x80000000  f0=0x80000000
      50245.000 ns	      5023	80001238	19ef73d3	fdiv.s	f7,f30,f30	 f30:0x4f7fffff f30:0x4f7fffff  f7=0x3f800000
      50265.000 ns	      5025	8000123c	41a95993	srai	x19,x18,0x1a	 x18:0x9d259000 x19=0xffffffe7
      50285.000 ns	      5027	80001240	0313a833	mulhsu	x16,x7,x17	  x7:0x00000000 x17:0x80040fe4 x16=0x00000000
      50305.000 ns	      5029	80001244	055aaf13	slti	x30,x21,85	 x21:0xc6fa3000 x30=0x00000001
      50325.000 ns	      5031	80001248	21291fd3	fsgnjn.s	f31,f18,f18	 f18:0x7fc00000 f18:0x7fc00000 f31=0xffc00000
      50375.000 ns	      5036	8000124c	084c9453	fsub.s	f8,f25,f4	 f25:0x7fc00000  f4:0x1f350483  f8=0x7fc00000
      50395.000 ns	      5038	80001250	01074333	xor	x6,x14,x16	 x14:0x00000000 x16:0x00000000  x6=0x00000000
      50415.000 ns	      5040	80001254	21dd97d3	fsgnjn.s	f15,f27,f29	 f27:0x7fc00000 f29:0x00000001 f15=0xffc00000
      50445.000 ns	      5043	80001258	e00712d3	fclass.s	x5,f14	 f14:0x7fc00000  x5=0x00000200
      50475.000 ns	      5046	8000125c	03201133	mulh	x2,x0,x18	  x0:0x00000000 x18:0x9d259000  x2=0x00000000
      50495.000 ns	      5048	80001260	ff72c6b7	lui	x13,0xff72c	 x13=0xff72c000
      50505.000 ns	      5049	80001264	a56c8e93	addi	x29,x25,-1450	 x25:0x000005ff x29=0x00000055
      50525.000 ns	      5051	80001268	e00d8c53	fmv.x.w	x24,f27	 f27:0x7fc00000 x24=0x7fc00000
      50545.000 ns	      5053	8000126c	59997593	andi	x11,x18,1433	 x18:0x9d259000 x11=0x00000000
      50555.000 ns	      5054	80001270	009ef233	and	x4,x29,x9	 x29:0x00000055  x9:0xfffff954  x4=0x00000054
      50575.000 ns	      5056	80001274	d01b1153	fcvt.s.wu	f2,x22	 x22:0x00000000  f2=0x00000000
      50605.000 ns	      5059	80001278	2085a8d3	fsgnjx.s	f17,f11,f8	 f11:0x00000000  f8:0x7fc00000 f17=0x00000000
      50625.000 ns	      5061	8000127c	016e5993	srli	x19,x28,0x16	 x28:0x000005e6 x19=0x00000000
      50985.000 ns	      5097	80001280	03f35f33	divu	x30,x6,x31	  x6:0x00000000 x31:0x00000009 x30=0x00000000
      51015.000 ns	      5100	80001284	20392f53	fsgnjx.s	f30,f18,f3	 f18:0x7fc00000  f3:0x00000000 f30=0x7fc00000
      51045.000 ns	      5103	80001288	a1c203d3	fle.s	x7,f4,f28	  f4:0x1f350483 f28:0x7fc00000  x7=0x00000000
      51065.000 ns	      5105	8000128c	fdab6813	ori	x16,x22,-38	 x22:0x00000000 x16=0xffffffda
      51085.000 ns	      5107	80001290	02dc8733	mul	x14,x25,x13	 x25:0x000005ff x13:0xff72c000 x14=0xb10d4000
      51105.000 ns	      5109	80001294	01c29413	slli	x8,x5,0x1c	  x5:0x00000200  x8=0x00000000
      51125.000 ns	      5111	80001298	a1e3a3d3	feq.s	x7,f7,f30	  f7:0x3f800000 f30:0x7fc00000  x7=0x00000000
      51155.000 ns	      5114	8000129c	c00bfed3	fcvt.w.s	x29,f23	 f23:0x7fc00000 x29=0x7fffffff
      51185.000 ns	      5117	800012a0	d0172253	fcvt.s.wu	f4,x14	 x14:0xb10d4000  f4=0x4f310d40
      51205.000 ns	      5119	800012a4	1ba902b7	lui	x5,0x1ba90	  x5=0x1ba90000
      51215.000 ns	      5120	800012a8	019145b3	xor	x11,x2,x25	  x2:0x00000000 x25:0x000005ff x11=0x000005ff
      51225.000 ns	      5121	800012ac	40e55cb3	sra	x25,x10,x14	 x10:0x00000000 x14:0xb10d4000 x25=0x00000000
      51245.000 ns	      5123	800012b0	293f0053	fmin.s	f0,f30,f19	 f30:0x7fc00000 f19:0x7fc00000  f0=0x7fc00000
      51295.000 ns	      5128	800012b4	097ff553	fsub.s	f10,f31,f23	 f31:0xffc00000 f23:0x7fc00000 f10=0x7fc00000
      51325.000 ns	      5131	800012b8	c0137253	fcvt.wu.s	x4,f6	  f6:0x9299b078  x4=0x00000000
      51355.000 ns	      5134	800012bc	02fe37b3	mulhu	x15,x28,x15	 x28:0x000005e6 x15:0x00000000 x15=0x00000000
      51375.000 ns	      5136	800012c0	3d362613	slti	x12,x12,979	 x12:0x00000000 x12=0x00000001
      51385.000 ns	      5137	800012c4	00cc6033	or	x0,x24,x12	 x24:0x7fc00000 x12:0x00000000
      51395.000 ns	      5138	800012c8	43ca0213	addi	x4,x20,1084	 x20:0x00000000  x4=0x0000043c
      51405.000 ns	      5139	800012cc	01508e33	add	x28,x1,x21	  x1:0x000005b9 x21:0xc6fa3000 x28=0xc6fa35b9
      51425.000 ns	      5141	800012d0	d0097553	fcvt.s.w	f10,x18	 x18:0x9d259000 f10=0xcec5b4e0
      51445.000 ns	      5143	800012d4	002964b3	or	x9,x18,x2	 x18:0x9d259000  x2:0x00000000  x9=0x9d259000
      51455.000 ns	      5144	800012d8	01789e93	slli	x29,x17,0x17	 x17:0x80040fe4 x29=0xf2000000
      51815.000 ns	      5180	800012dc	03726b33	rem	x22,x4,x23	  x4:0x0000043c x23:0x80041024 x22=0x0000043c
      51845.000 ns	      5183	800012e0	28c11c53	fmax.s	f24,f2,f12	  f2:0x00000000 f12:0x00000000 f24=0x00000000
      51875.000 ns	      5186	800012e4	02162033	mulhsu	x0,x12,x1	 x12:0x00000001  x1:0x000005b9
      51895.000 ns	      5188	800012e8	e71d3013	sltiu	x0,x26,-399	 x26:0x04000000
      51905.000 ns	      5189	800012ec	f8ebe193	ori	x3,x23,-114	 x23:0x80041024  x3=0xffffffae
      51915.000 ns	      5190	800012f0	01e760b3	or	x1,x14,x30	 x14:0xb10d4000 x30:0x00000000  x1=0xb10d4000
      51925.000 ns	      5191	800012f4	4480bf13	sltiu	x30,x1,1096	  x1:0x000005b9 x30=0x00000000
      51945.000 ns	      5193	800012f8	0265c7b3	div	x15,x11,x6	 x11:0x000005ff  x6:0x00000000 x15=0xffffffff
      51965.000 ns	      5195	800012fc	54161d97	auipc	x27,0x54161	 x27=0xd41622fc
      51985.000 ns	      5197	80001300	a03310d3	flt.s	x1,f6,f3	  f6:0x9299b078  f3:0x00000000  x1=0x00000001
      52355.000 ns	      5234	80001304	031ecf33	div	x30,x29,x17	 x29:0xf2000000 x17:0x80040fe4 x30=0x00000000
      52385.000 ns	      5237	80001308	c0171ed3	fcvt.wu.s	x29,f14	 f14:0x7fc00000 x29=0xffffffff
      52405.000 ns	      5239	8000130c	71db7493	andi	x9,x22,1821	 x22:0x0000043c  x9=0x0000041c
      52415.000 ns	      5240	80001310	00c23db3	sltu	x27,x4,x12	  x4:0x0000043c x12:0x00000001 x27=0x00000000
      52425.000 ns	      5241	80001314	00e1c7b3	xor	x15,x3,x14	  x3:0xffffffae x14:0xb10d4000 x15=0x4ef2bfae
      52445.000 ns	      5243	80001318	d00dfc53	fcvt.s.w	f24,x27	 x27:0xd41622fc f24=0x00000000
      52475.000 ns	      5246	8000131c	c0028753	fcvt.w.s	x14,f5	  f5:0x00000000 x14=0x00000000
      52505.000 ns	      5249	80001320	c0027a53	fcvt.w.s	x20,f4	  f4:0x4f310d40 x20=0x7fffffff
      52535.000 ns	      5252	80001324	281c0c53	fmin.s	f24,f24,f1	 f24:0x00000000  f1:0x00000000 f24=0x00000000
      52555.000 ns	      5254	80001328	01528533	add	x10,x5,x21	  x5:0x1ba90000 x21:0xc6fa3000 x10=0xe2a33000
      52575.000 ns	      5256	8000132c	29d29753	fmax.s	f14,f5,f29	  f5:0x00000000 f29:0x00000001 f14=0x00000001
      52605.000 ns	      5259	80001330	21efacd3	fsgnjx.s	f25,f31,f30	 f31:0xffc00000 f30:0x7fc00000 f25=0xffc00000
      52625.000 ns	      5261	80001334	ec96a037	lui	x0,0xec96a	
      52645.000 ns	      5263	80001338	03340b33	mul	x22,x8,x19	  x8:0x00000000 x19:0x00000000 x22=0x00000000
      52665.000 ns	      5265	8000133c	01bbe6b3	or	x13,x23,x27	 x23:0x80041024 x27:0x00000000 x13=0x80041024
      52685.000 ns	      5267	80001340	a0900153	fle.s	x2,f0,f9	  f0:0x7fc00000  f9:0x7fc00000  x2=0x00000000
      52705.000 ns	      5269	80001344	7329c413	xori	x8,x19,1842	 x19:0x00000000  x8=0x00000732
      52725.000 ns	      5271	80001348	d00f7853	fcvt.s.w	f16,x30	 x30:0x00000000 f16=0x00000000
      52745.000 ns	      5273	8000134c	00ab5993	srli	x19,x22,0xa	 x22:0x00000000 x19=0x00000000
      52765.000 ns	      5275	80001350	0220f1b3	remu	x3,x1,x2	  x1:0x00000001  x2:0x00000000  x3=0x00000001
      52795.000 ns	      5278	80001354	20b79353	fsgnjn.s	f6,f15,f11	 f15:0xffc00000 f11:0x00000000  f6=0xffc00000
      53165.000 ns	      5315	80001358	03d8d833	divu	x16,x17,x29	 x17:0x80040fe4 x29:0xffffffff x16=0x00000000
      53205.000 ns	      5319	8000135c	193e78d3	fdiv.s	f17,f28,f19	 f28:0x7fc00000 f19:0x7fc00000 f17=0x7fc00000
      53225.000 ns	      5321	80001360	4025d733	sra	x14,x11,x2	 x11:0x000005ff  x2:0x00000000 x14=0x000005ff
      53245.000 ns	      5323	80001364	f00a05d3	fmv.w.x	f11,x20	 x20:0x7fffffff f11=0x7fffffff
      53275.000 ns	      5326	80001368	c01d39d3	fcvt.wu.s	x19,f26	 f26:0x7fc00000 x19=0xffffffff
      53295.000 ns	      5328	8000136c	e955a093	slti	x1,x11,-363	 x11:0x000005ff  x1=0x00000000
      53315.000 ns	      5330	80001370	02ce1a33	mulh	x20,x28,x12	 x28:0xc6fa35b9 x12:0x00000001 x20=0xffffffff
      53335.000 ns	      5332	80001374	017770b3	and	x1,x14,x23	 x14:0x000005ff x23:0x80041024  x1=0x00000024
      53695.000 ns	      5368	80001378	035df9b3	remu	x19,x27,x21	 x27:0x00000000 x21:0xc6fa3000 x19=0x00000000
      54065.000 ns	      5405	8000137c	0318c033	div	x0,x17,x17	 x17:0x80040fe4 x17:0x80040fe4
      54085.000 ns	      5407	80001380	01601d13	slli	x26,x0,0x16	  x0:0x00000000 x26=0x00000000
      54095.000 ns	      5408	80001384	00000013	addi	x0,x0,0	  x0:0x00000000
      54135.000 ns	      5412	80001388	01862dd3	fadd.s	f27,f12,f24	 f12:0x00000000 f24:0x00000000 f27=0x00000000
      54165.000 ns	      5415	8000138c	02705c33	divu	x24,x0,x7	  x0:0x00000000  x7:0x00000000 x24=0xffffffff
      54185.000 ns	      5417	80001390	0050fc33	and	x24,x1,x5	  x1:0x00000024  x5:0x1ba90000 x24=0x00000000
      54205.000 ns	      5419	80001394	027ec433	div	x8,x29,x7	 x29:0xffffffff  x7:0x00000000  x8=0xffffffff
      54225.000 ns	      5421	80001398	00cc5813	srli	x16,x24,0xc	 x24:0xffffffff x16=0x00000000
      54235.000 ns	      5422	8000139c	41a0deb3	sra	x29,x1,x26	  x1:0x00000024 x26:0x00000000 x29=0x00000024
      54245.000 ns	      5423	800013a0	41ba8f33	sub	x30,x21,x27	 x21:0xc6fa3000 x27:0x00000000 x30=0xc6fa3000
      54265.000 ns	      5425	800013a4	a19e8c53	fle.s	x24,f29,f25	 f29:0x00000001 f25:0xffc00000 x24=0x00000000
      54295.000 ns	      5428	800013a8	20ed0053	fsgnj.s	f0,f26,f14	 f26:0x7fc00000 f14:0x00000001  f0=0x7fc00000
      54665.000 ns	      5465	800013ac	032afd33	remu	x26,x21,x18	 x21:0xc6fa3000 x18:0x9d259000 x26=0x29d4a000
      54695.000 ns	      5468	800013b0	03f48633	mul	x12,x9,x31	  x9:0x0000041c x31:0x00000009 x12=0x000024fc
      54725.000 ns	      5471	800013b4	e00e09d3	fmv.x.w	x19,f28	 f28:0x7fc00000 x19=0x7fc00000
      54755.000 ns	      5474	800013b8	033819b3	mulh	x19,x16,x19	 x16:0x00000000 x19:0x00000000 x19=0x00000000
      54785.000 ns	      5477	800013bc	210baa53	fsgnjx.s	f20,f23,f16	 f23:0x7fc00000 f16:0x00000000 f20=0x7fc00000
      54815.000 ns	      5480	800013c0	a0530cd3	fle.s	x25,f6,f5	  f6:0xffc00000  f5:0x00000000 x25=0x00000000
      54845.000 ns	      5483	800013c4	283895d3	fmax.s	f11,f17,f3	 f17:0x7fc00000  f3:0x00000000 f11=0x00000000
      54865.000 ns	      5485	800013c8	0172e233	or	x4,x5,x23	  x5:0x1ba90000 x23:0x80041024  x4=0x9bad1024
      54875.000 ns	      5486	800013cc	00c3ecb3	or	x25,x7,x12	  x7:0x00000000 x12:0x000024fc x25=0x000024fc
      54885.000 ns	      5487	800013d0	b06c8713	addi	x14,x25,-1274	 x25:0x00000000 x14=0x00002002
      54905.000 ns	      5489	800013d4	213503d3	fsgnj.s	f7,f10,f19	 f10:0xcec5b4e0 f19:0x7fc00000  f7=0x4ec5b4e0
      54935.000 ns	      5492	800013d8	02250433	mul	x8,x10,x2	 x10:0xe2a33000  x2:0x00000000  x8=0x00000000
      54955.000 ns	      5494	800013dc	004f22b3	slt	x5,x30,x4	 x30:0xc6fa3000  x4:0x9bad1024  x5=0x00000000
      54965.000 ns	      5495	800013e0	0136aeb3	slt	x29,x13,x19	 x13:0x80041024 x19:0x00000000 x29=0x00000001
      54985.000 ns	      5497	800013e4	c005fdd3	fcvt.w.s	x27,f11	 f11:0x00000000 x27=0x00000000
      55005.000 ns	      5499	800013e8	01630137	lui	x2,0x1630	  x2=0x01630000
      55025.000 ns	      5501	800013ec	c01ea453	fcvt.wu.s	x8,f29	 f29:0x00000001  x8=0x00000000
      55075.000 ns	      5506	800013f0	01c0b4d3	fadd.s	f9,f1,f28	  f1:0x00000000 f28:0x7fc00000  f9=0x7fc00000
      55095.000 ns	      5508	800013f4	00f7e933	or	x18,x15,x15	 x15:0x4ef2bfae x15:0x4ef2bfae x18=0x4ef2bfae
      55125.000 ns	      5511	800013f8	1120c2d3	fmul.s	f5,f1,f18	  f1:0x00000000 f18:0x7fc00000  f5=0x7fc00000
      55155.000 ns	      5514	800013fc	2171a8d3	fsgnjx.s	f17,f3,f23	  f3:0x00000000 f23:0x7fc00000 f17=0x00000000
      55175.000 ns	      5516	80001400	5fd70f13	addi	x30,x14,1533	 x14:0x00002002 x30=0x000025ff
      55185.000 ns	      5517	80001404	9a660137	lui	x2,0x9a660	  x2=0x9a660000
      55195.000 ns	      5518	80001408	01d52e33	slt	x28,x10,x29	 x10:0xe2a33000 x29:0x00000001 x28=0x00000001
      55205.000 ns	      5519	8000140c	01522ab3	slt	x21,x4,x21	  x4:0x9bad1024 x21:0xc6fa3000 x21=0x00000001
      55225.000 ns	      5521	80001410	28e388d3	fmin.s	f17,f7,f14	  f7:0x4ec5b4e0 f14:0x00000001 f17=0x00000001
      55245.000 ns	      5523	80001414	00ef3e33	sltu	x28,x30,x14	 x30:0x000025ff x14:0x00002002 x28=0x00000000
      55255.000 ns	      5524	80001418	40a357b3	sra	x15,x6,x10	  x6:0x00000000 x10:0xe2a33000 x15=0x00000000
      55275.000 ns	      5526	8000141c	20369f53	fsgnjn.s	f30,f13,f3	 f13:0x00000000  f3:0x00000000 f30=0x80000000
      55305.000 ns	      5529	80001420	020679b3	remu	x19,x12,x0	 x12:0x000024fc  x0:0x00000000 x19=0x000024fc
      55335.000 ns	      5532	80001424	033e06b3	mul	x13,x28,x19	 x28:0x00000000 x19:0x00000000 x13=0x00000000
      55365.000 ns	      5535	80001428	28209153	fmax.s	f2,f1,f2	  f1:0x00000000  f2:0x00000000  f2=0x00000000
      55385.000 ns	      5537	8000142c	40865613	srai	x12,x12,0x8	 x12:0x000024fc x12=0x00000024
      55395.000 ns	      5538	80001430	41598eb3	sub	x29,x19,x21	 x19:0x000024fc x21:0x00000001 x29=0x000024fb
      55415.000 ns	      5540	80001434	d01c1253	fcvt.s.wu	f4,x24	 x24:0x00000000  f4=0x00000000
      55445.000 ns	      5543	80001438	03875833	divu	x16,x14,x24	 x14:0x00002002 x24:0x00000000 x16=0xffffffff
      55475.000 ns	      5546	8000143c	29760553	fmin.s	f10,f12,f23	 f12:0x00000000 f23:0x7fc00000 f10=0x00000000
      55845.000 ns	      5583	80001440	03e7fe33	remu	x28,x15,x30	 x15:0x00000000 x30:0x000025ff x28=0x00000000
      55865.000 ns	      5585	80001444	003d3833	sltu	x16,x26,x3	 x26:0x29d4a000  x3:0x00000001 x16=0x00000000
      55875.000 ns	      5586	80001448	0aef7e13	andi	x28,x30,174	 x30:0x000025ff x28=0x000000ae
      55895.000 ns	      5588	8000144c	02525f33	divu	x30,x4,x5	  x4:0x9bad1024  x5:0x00000000 x30=0xffffffff
      55925.000 ns	      5591	80001450	e00c02d3	fmv.x.w	x5,f24	 f24:0x00000000  x5=0x00000000
      55945.000 ns	      5593	80001454	f1857113	andi	x2,x10,-232	 x10:0xe2a33000  x2=0xe2a33000
      55955.000 ns	      5594	80001458	016d19b3	sll	x19,x26,x22	 x26:0x29d4a000 x22:0x00000000 x19=0x29d4a000
      55965.000 ns	      5595	8000145c	00f5b733	sltu	x14,x11,x15	 x11:0x000005ff x15:0x00000000 x14=0x00000000
      55975.000 ns	      5596	80001460	e9f76a13	ori	x20,x14,-353	 x14:0x00002002 x20=0xfffffe9f
      55995.000 ns	      5598	80001464	c01cf1d3	fcvt.wu.s	x3,f25	 f25:0xffc00000  x3=0xffffffff
      56015.000 ns	      5600	80001468	411b5f33	sra	x30,x22,x17	 x22:0x00000000 x17:0x80040fe4 x30=0x00000000
      56035.000 ns	      5602	8000146c	027a4cb3	div	x25,x20,x7	 x20:0xfffffe9f  x7:0x00000000 x25=0xffffffff
      56065.000 ns	      5605	80001470	c0041f53	fcvt.w.s	x30,f8	  f8:0x7fc00000 x30=0x7fffffff
      56095.000 ns	      5608	80001474	a1d193d3	flt.s	x7,f3,f29	  f3:0x00000000 f29:0x00000001  x7=0x00000001
      56135.000 ns	      5612	80001478	1081f253	fmul.s	f4,f3,f8	  f3:0x00000000  f8:0x7fc00000  f4=0x7fc00000
      56165.000 ns	      5615	8000147c	28d90053	fmin.s	f0,f18,f13	 f18:0x7fc00000 f13:0x00000000  f0=0x00000000
      56185.000 ns	      5617	80001480	49610493	addi	x9,x2,1174	  x2:0xe2a33000  x9=0xe2a33496
      56205.000 ns	      5619	80001484	c01134d3	fcvt.wu.s	x9,f2	  f2:0x00000000  x9=0x00000000
      56225.000 ns	      5621	80001488	013cdf13	srli	x30,x25,0x13	 x25:0xffffffff x30=0x00001fff
      56245.000 ns	      5623	8000148c	218504d3	fsgnj.s	f9,f10,f24	 f10:0x00000000 f24:0x00000000  f9=0x00000000
      56275.000 ns	      5626	80001490	20b91b53	fsgnjn.s	f22,f18,f11	 f18:0x7fc00000 f11:0x00000000 f22=0xffc00000
      56295.000 ns	      5628	80001494	012252b3	srl	x5,x4,x18	  x4:0x9bad1024 x18:0x4ef2bfae  x5=0x00026eb4
      56305.000 ns	      5629	80001498	67cb0917	auipc	x18,0x67cb0	 x18=0xe7cb1498
      56315.000 ns	      5630	8000149c	1f19f813	andi	x16,x19,497	 x19:0x29d4a000 x16=0x00000000
      56325.000 ns	      5631	800014a0	00ae5833	srl	x16,x28,x10	 x28:0x000000ae x10:0xe2a33000 x16=0x000000ae
      56345.000 ns	      5633	800014a4	21f19653	fsgnjn.s	f12,f3,f31	  f3:0x00000000 f31:0xffc00000 f12=0x00000000
      56375.000 ns	      5636	800014a8	c01473d3	fcvt.wu.s	x7,f8	  f8:0x7fc00000  x7=0xffffffff
      56395.000 ns	      5638	800014ac	d321e093	ori	x1,x3,-718	  x3:0xffffffff  x1=0xffffffff
      56405.000 ns	      5639	800014b0	00f7d433	srl	x8,x15,x15	 x15:0x00000000 x15:0x00000000  x8=0x00000000
      56415.000 ns	      5640	800014b4	004d6033	or	x0,x26,x4	 x26:0x29d4a000  x4:0x9bad1024
      56435.000 ns	      5642	800014b8	20099f53	fsgnjn.s	f30,f19,f0	 f19:0x7fc00000  f0:0x00000000 f30=0xffc00000
      56455.000 ns	      5644	800014bc	012cd413	srli	x8,x25,0x12	 x25:0xffffffff  x8=0x00003fff
      56475.000 ns	      5646	800014c0	03298ab3	mul	x21,x19,x18	 x19:0x29d4a000 x18:0xe7cb1498 x21=0x52bf0000
      56495.000 ns	      5648	800014c4	81189937	lui	x18,0x81189	 x18=0x81189000
      56505.000 ns	      5649	800014c8	729de993	ori	x19,x27,1833	 x27:0x00000000 x19=0x00000729
      56525.000 ns	      5651	800014cc	205794d3	fsgnjn.s	f9,f15,f5	 f15:0xffc00000  f5:0x7fc00000  f9=0xffc00000
      56575.000 ns	      5656	800014d0	082bf453	fsub.s	f8,f23,f2	 f23:0x7fc00000  f2:0x00000000  f8=0x7fc00000
      56605.000 ns	      5659	800014d4	e0011e53	fclass.s	x28,f2	  f2:0x00000000 x28=0x00000010
      56635.000 ns	      5662	800014d8	c0181f53	fcvt.wu.s	x30,f16	 f16:0x00000000 x30=0x00000000
      56665.000 ns	      5665	800014dc	02e93d33	mulhu	x26,x18,x14	 x18:0x81189000 x14:0x00000000 x26=0x00000000
      56695.000 ns	      5668	800014e0	0388f6b3	remu	x13,x17,x24	 x17:0x80040fe4 x24:0x00000000 x13=0x80040fe4
      56725.000 ns	      5671	800014e4	28639553	fmax.s	f10,f7,f6	  f7:0x4ec5b4e0  f6:0xffc00000 f10=0x4ec5b4e0
      56745.000 ns	      5673	800014e8	41bbdd33	sra	x26,x23,x27	 x23:0x80041024 x27:0x00000000 x26=0x80041024
      56755.000 ns	      5674	800014ec	018f5593	srli	x11,x30,0x18	 x30:0x00000000 x11=0x00000000
      56765.000 ns	      5675	800014f0	a6fd6b37	lui	x22,0xa6fd6	 x22=0xa6fd6000
      56775.000 ns	      5676	800014f4	41e25f13	srai	x30,x4,0x1e	  x4:0x9bad1024 x30=0xfffffffe
      56785.000 ns	      5677	800014f8	01f0d3b3	srl	x7,x1,x31	  x1:0xffffffff x31:0x00000009  x7=0x007fffff
      56805.000 ns	      5679	800014fc	289385d3	fmin.s	f11,f7,f9	  f7:0x4ec5b4e0  f9:0xffc00000 f11=0x4ec5b4e0
      56835.000 ns	      5682	80001500	28f316d3	fmax.s	f13,f6,f15	  f6:0xffc00000 f15:0xffc00000 f13=0x7fc00000
      56865.000 ns	      5685	80001504	21a5a8d3	fsgnjx.s	f17,f11,f26	 f11:0x4ec5b4e0 f26:0x7fc00000 f17=0x4ec5b4e0
      56885.000 ns	      5687	80001508	5b1f4693	xori	x13,x30,1457	 x30:0xfffffffe x13=0xfffffa4f
      56895.000 ns	      5688	8000150c	419dd3b3	sra	x7,x27,x25	 x27:0x00000000 x25:0xffffffff  x7=0x00000000
      56905.000 ns	      5689	80001510	00fcfdb3	and	x27,x25,x15	 x25:0xffffffff x15:0x00000000 x27=0x00000000
      56925.000 ns	      5691	80001514	208597d3	fsgnjn.s	f15,f11,f8	 f11:0x4ec5b4e0  f8:0x7fc00000 f15=0xcec5b4e0
      56945.000 ns	      5693	80001518	c692b313	sltiu	x6,x5,-919	  x5:0x00026eb4  x6=0x00000001
      56965.000 ns	      5695	8000151c	e0009853	fclass.s	x16,f1	  f1:0x00000000 x16=0x00000010
      56985.000 ns	      5697	80001520	41945d13	srai	x26,x8,0x19	  x8:0x00003fff x26=0x00000000
      56995.000 ns	      5698	80001524	01c31a33	sll	x20,x6,x28	  x6:0x00000001 x28:0x00000010 x20=0x00010000
      57015.000 ns	      5700	80001528	a0c29653	flt.s	x12,f5,f12	  f5:0x7fc00000 f12:0x00000000 x12=0x00000000
      57385.000 ns	      5737	8000152c	03524b33	div	x22,x4,x21	  x4:0x9bad1024 x21:0x52bf0000 x22=0xffffffff
      57415.000 ns	      5740	80001530	20bd19d3	fsgnjn.s	f19,f26,f11	 f26:0x7fc00000 f11:0x4ec5b4e0 f19=0xffc00000
      57785.000 ns	      5777	80001534	035dedb3	rem	x27,x27,x21	 x27:0x00000000 x21:0x52bf0000 x27=0x00000000
      57815.000 ns	      5780	80001538	a0dea4d3	feq.s	x9,f29,f13	 f29:0x00000001 f13:0x7fc00000  x9=0x00000000
      57835.000 ns	      5782	8000153c	00000013	addi	x0,x0,0	  x0:0x00000000
      57845.000 ns	      5783	80001540	003c5533	srl	x10,x24,x3	 x24:0x00000000  x3:0xffffffff x10=0x00000000
      57865.000 ns	      5785	80001544	02141933	mulh	x18,x8,x1	  x8:0x00003fff  x1:0xffffffff x18=0xffffffff
      57895.000 ns	      5788	80001548	a1aa83d3	fle.s	x7,f21,f26	 f21:0x7fc00000 f26:0x7fc00000  x7=0x00000000
      57925.000 ns	      5791	8000154c	21300cd3	fsgnj.s	f25,f0,f19	  f0:0x00000000 f19:0xffc00000 f25=0x80000000
      57945.000 ns	      5793	80001550	01ec3eb3	sltu	x29,x24,x30	 x24:0x00000000 x30:0xfffffffe x29=0x00000001
      57965.000 ns	      5795	80001554	a1c0a5d3	feq.s	x11,f1,f28	  f1:0x00000000 f28:0x7fc00000 x11=0x00000000
      57985.000 ns	      5797	80001558	008cdeb3	srl	x29,x25,x8	 x25:0xffffffff  x8:0x00003fff x29=0x00000001
      57995.000 ns	      5798	8000155c	01a4dab3	srl	x21,x9,x26	  x9:0x00000000 x26:0x00000000 x21=0x00000000
      58005.000 ns	      5799	80001560	009d7233	and	x4,x26,x9	 x26:0x00000000  x9:0x00000000  x4=0x00000000
      58025.000 ns	      5801	80001564	e00016d3	fclass.s	x13,f0	  f0:0x00000000 x13=0x00000010
      58075.000 ns	      5806	80001568	01811153	fadd.s	f2,f2,f24	  f2:0x00000000 f24:0x00000000  f2=0x00000000
      58095.000 ns	      5808	8000156c	6968d817	auipc	x16,0x6968d	 x16=0xe968e56c
      58125.000 ns	      5811	80001570	18134d53	fdiv.s	f26,f6,f1	  f6:0xffc00000  f1:0x00000000 f26=0x7fc00000
      58495.000 ns	      5848	80001574	0333e3b3	rem	x7,x7,x19	  x7:0x00000000 x19:0x00000729  x7=0x00000000
      58865.000 ns	      5885	80001578	037559b3	divu	x19,x10,x23	 x10:0x00000000 x23:0x80041024 x19=0x00000000
      58885.000 ns	      5887	8000157c	04f5ea93	ori	x21,x11,79	 x11:0x00000000 x21=0x0000004f
      59245.000 ns	      5923	80001580	025864b3	rem	x9,x16,x5	 x16:0xe968e56c  x5:0x00026eb4  x9=0xfffecac0
      59265.000 ns	      5925	80001584	41028733	sub	x14,x5,x16	  x5:0x00026eb4 x16:0xe968e56c x14=0x16998948
      59305.000 ns	      5929	80001588	085bf6d3	fsub.s	f13,f23,f5	 f23:0x7fc00000  f5:0x7fc00000 f13=0x7fc00000
      59335.000 ns	      5932	8000158c	a0e29b53	flt.s	x22,f5,f14	  f5:0x7fc00000 f14:0x00000001 x22=0x00000000
      59365.000 ns	      5935	80001590	28e20ad3	fmin.s	f21,f4,f14	  f4:0x7fc00000 f14:0x00000001 f21=0x00000001
      59395.000 ns	      5938	80001594	21a226d3	fsgnjx.s	f13,f4,f26	  f4:0x7fc00000 f26:0x7fc00000 f13=0x7fc00000
      59765.000 ns	      5975	80001598	02e1e233	rem	x4,x3,x14	  x3:0xffffffff x14:0x16998948  x4=0xffffffff
      59795.000 ns	      5978	8000159c	c0001a53	fcvt.w.s	x20,f0	  f0:0x00000000 x20=0x00000000
      59825.000 ns	      5981	800015a0	0362a333	mulhsu	x6,x5,x22	  x5:0x00026eb4 x22:0x00000000  x6=0x00000000
      60195.000 ns	      6018	800015a4	039d5233	divu	x4,x26,x25	 x26:0x00000000 x25:0xffffffff  x4=0x00000000
      60215.000 ns	      6020	800015a8	40c6dab3	sra	x21,x13,x12	 x13:0x00000010 x12:0x00000000 x21=0x00000010
      60225.000 ns	      6021	800015ac	a8ffa497	auipc	x9,0xa8ffa	  x9=0x28ffb5ac
      60235.000 ns	      6022	800015b0	00b55413	srli	x8,x10,0xb	 x10:0x00000000  x8=0x00000000
      60255.000 ns	      6024	800015b4	a13f0ed3	fle.s	x29,f30,f19	 f30:0xffc00000 f19:0xffc00000 x29=0x00000000
      60275.000 ns	      6026	800015b8	00f9d013	srli	x0,x19,0xf	 x19:0x00000000
      60285.000 ns	      6027	800015bc	003163b3	or	x7,x2,x3	  x2:0xe2a33000  x3:0xffffffff  x7=0xffffffff
      60305.000 ns	      6029	800015c0	02701433	mulh	x8,x0,x7	  x0:0x00000000  x7:0x00000000  x8=0x00000000
      60335.000 ns	      6032	800015c4	f0088cd3	fmv.w.x	f25,x17	 x17:0x80040fe4 f25=0x80040fe4
      60355.000 ns	      6034	800015c8	6599c297	auipc	x5,0x6599c	  x5=0xe599d5c8
      60375.000 ns	      6036	800015cc	a1f517d3	flt.s	x15,f10,f31	 f10:0x4ec5b4e0 f31:0xffc00000 x15=0x00000000
      60395.000 ns	      6038	800015d0	40b45113	srai	x2,x8,0xb	  x8:0x00000000  x2=0x00000000
      60415.000 ns	      6040	800015d4	024680b3	mul	x1,x13,x4	 x13:0x00000010  x4:0x00000000  x1=0x00000000
      60435.000 ns	      6042	800015d8	01b21633	sll	x12,x4,x27	  x4:0x00000000 x27:0x00000000 x12=0x00000000
      60445.000 ns	      6043	800015dc	c1af8d37	lui	x26,0xc1af8	 x26=0xc1af8000
      60465.000 ns	      6045	800015e0	28199d53	fmax.s	f26,f19,f1	 f19:0xffc00000  f1:0x00000000 f26=0x00000000
      60495.000 ns	      6048	800015e4	03d71ab3	mulh	x21,x14,x29	 x14:0x16998948 x29:0x00000000 x21=0x00000000
      60525.000 ns	      6051	800015e8	a0ea1953	flt.s	x18,f20,f14	 f20:0x7fc00000 f14:0x00000001 x18=0x00000000
      60545.000 ns	      6053	800015ec	00000013	addi	x0,x0,0	  x0:0x00000000
      60905.000 ns	      6089	800015f0	027367b3	rem	x15,x6,x7	  x6:0x00000000  x7:0xffffffff x15=0x00000000
      60935.000 ns	      6092	800015f4	02663633	mulhu	x12,x12,x6	 x12:0x00000000  x6:0x00000000 x12=0x00000000
      60955.000 ns	      6094	800015f8	64e86793	ori	x15,x16,1614	 x16:0xe968e56c x15=0xe968e76e
      60965.000 ns	      6095	800015fc	4089d593	srai	x11,x19,0x8	 x19:0x00000000 x11=0x00000000
      60985.000 ns	      6097	80001600	c0157353	fcvt.wu.s	x6,f10	 f10:0x4ec5b4e0  x6=0x62da7000
      61005.000 ns	      6099	80001604	36b4f393	andi	x7,x9,875	  x9:0x28ffb5ac  x7=0x00000128
      61025.000 ns	      6101	80001608	035dd5b3	divu	x11,x27,x21	 x27:0x00000000 x21:0x00000000 x11=0xffffffff
      61045.000 ns	      6103	8000160c	fcfb0c13	addi	x24,x22,-49	 x22:0x00000000 x24=0xffffffcf
      61405.000 ns	      6139	80001610	038646b3	div	x13,x12,x24	 x12:0x00000000 x24:0x00000000 x13=0x00000000
      61435.000 ns	      6142	80001614	035f4633	div	x12,x30,x21	 x30:0xfffffffe x21:0x00000000 x12=0xffffffff
      61805.000 ns	      6179	80001618	03cec6b3	div	x13,x29,x28	 x29:0x00000000 x28:0x00000010 x13=0x00000000
      61835.000 ns	      6182	8000161c	d0070bd3	fcvt.s.w	f23,x14	 x14:0x16998948 f23=0x4db4cc4a
      61855.000 ns	      6184	80001620	0063c2b3	xor	x5,x7,x6	  x7:0x00000128  x6:0x62da7000  x5=0x62da7128
      61875.000 ns	      6186	80001624	20b724d3	fsgnjx.s	f9,f14,f11	 f14:0x00000001 f11:0x4ec5b4e0  f9=0x00000001
      61905.000 ns	      6189	80001628	28f90f53	fmin.s	f30,f18,f15	 f18:0x7fc00000 f15:0xcec5b4e0 f30=0xcec5b4e0
      61935.000 ns	      6192	8000162c	e00914d3	fclass.s	x9,f18	 f18:0x7fc00000  x9=0x00000200
      61965.000 ns	      6195	80001630	03628133	mul	x2,x5,x22	  x5:0x62da7128 x22:0x00000000  x2=0x00000000
      61995.000 ns	      6198	80001634	a1cc8d53	fle.s	x26,f25,f28	 f25:0x80040fe4 f28:0x7fc00000 x26=0x00000000
      62025.000 ns	      6201	80001638	03442c33	mulhsu	x24,x8,x20	  x8:0x00000000 x20:0x00000000 x24=0x00000000
      62045.000 ns	      6203	8000163c	6442bf13	sltiu	x30,x5,1604	  x5:0x62da7128 x30=0x00000000
      62065.000 ns	      6205	80001640	e0070ad3	fmv.x.w	x21,f14	 f14:0x00000001 x21=0x00000001
      62095.000 ns	      6208	80001644	206809d3	fsgnj.s	f19,f16,f6	 f16:0x00000000  f6:0xffc00000 f19=0x80000000
      62125.000 ns	      6211	80001648	039f3933	mulhu	x18,x30,x25	 x30:0x00000000 x25:0xffffffff x18=0x00000000
      62145.000 ns	      6213	8000164c	012294b3	sll	x9,x5,x18	  x5:0x62da7128 x18:0x00000000  x9=0x62da7128
      62165.000 ns	      6215	80001650	d000f7d3	fcvt.s.w	f15,x1	  x1:0x00000000 f15=0x00000000
      62185.000 ns	      6217	80001654	40ead713	srai	x14,x21,0xe	 x21:0x00000001 x14=0x00000000
      62195.000 ns	      6218	80001658	41390cb3	sub	x25,x18,x19	 x18:0x00000000 x19:0x00000000 x25=0x00000000
      62225.000 ns	      6221	8000165c	18d6b2d3	fdiv.s	f5,f13,f13	 f13:0x7fc00000 f13:0x7fc00000  f5=0x7fc00000
      62245.000 ns	      6223	80001660	416305b3	sub	x11,x6,x22	  x6:0x62da7000 x22:0x00000000 x11=0x62da7000
      62265.000 ns	      6225	80001664	02761c33	mulh	x24,x12,x7	 x12:0xffffffff  x7:0x00000128 x24=0xffffffff
      62295.000 ns	      6228	80001668	02cdbe33	mulhu	x28,x27,x12	 x27:0x00000000 x12:0xffffffff x28=0x00000000
      62315.000 ns	      6230	8000166c	40d65033	sra	x0,x12,x13	 x12:0xffffffff x13:0x00000000
      62335.000 ns	      6232	80001670	02808233	mul	x4,x1,x8	  x1:0x00000000  x8:0x00000000  x4=0x00000000
      62365.000 ns	      6235	80001674	d00227d3	fcvt.s.w	f15,x4	  x4:0x00000000 f15=0x00000000
      62395.000 ns	      6238	80001678	d013f8d3	fcvt.s.wu	f17,x7	  x7:0x00000128 f17=0x43940000
      62425.000 ns	      6241	8000167c	c00f7ed3	fcvt.w.s	x29,f30	 f30:0xcec5b4e0 x29=0x62da7000
      62445.000 ns	      6243	80001680	0098c6b3	xor	x13,x17,x9	 x17:0x80040fe4  x9:0x62da7128 x13=0xe2de7ecc
      62465.000 ns	      6245	80001684	e00c8ed3	fmv.x.w	x29,f25	 f25:0x80040fe4 x29=0x80040fe4
      62485.000 ns	      6247	80001688	01128733	add	x14,x5,x17	  x5:0x62da7128 x17:0x80040fe4 x14=0xe2de810c
      62505.000 ns	      6249	8000168c	29ca0653	fmin.s	f12,f20,f28	 f20:0x7fc00000 f28:0x7fc00000 f12=0x7fc00000
      62525.000 ns	      6251	80001690	01a98ab3	add	x21,x19,x26	 x19:0x00000000 x26:0x00000000 x21=0x00000000
      62545.000 ns	      6253	80001694	029abd33	mulhu	x26,x21,x9	 x21:0x00000001  x9:0x62da7128 x26=0x00000000
      62575.000 ns	      6256	80001698	a17c1ad3	flt.s	x21,f24,f23	 f24:0x00000000 f23:0x4db4cc4a x21=0x00000001
      62625.000 ns	      6261	8000169c	08f2c453	fsub.s	f8,f5,f15	  f5:0x7fc00000 f15:0x00000000  f8=0x7fc00000
      62645.000 ns	      6263	800016a0	41758033	sub	x0,x11,x23	 x11:0x62da7000 x23:0x80041024
      62685.000 ns	      6267	800016a4	09da8bd3	fsub.s	f23,f21,f29	 f21:0x00000001 f29:0x00000001 f23=0x80000000
      62705.000 ns	      6269	800016a8	01767033	and	x0,x12,x23	 x12:0xffffffff x23:0x80041024
      62735.000 ns	      6272	800016ac	10307b53	fmul.s	f22,f0,f3	  f0:0x00000000  f3:0x00000000 f22=0x00000000
      62755.000 ns	      6274	800016b0	dbc90993	addi	x19,x18,-580	 x18:0x00000000 x19=0xfffffdbc
      62775.000 ns	      6276	800016b4	a0329953	flt.s	x18,f5,f3	  f5:0x7fc00000  f3:0x00000000 x18=0x00000000
      62805.000 ns	      6279	800016b8	c00dc6d3	fcvt.w.s	x13,f27	 f27:0x00000000 x13=0x00000000
      62855.000 ns	      6284	800016bc	0088b353	fadd.s	f6,f17,f8	 f17:0x43940000  f8:0x7fc00000  f6=0x7fc00000
      62905.000 ns	      6289	800016c0	015af5d3	fadd.s	f11,f21,f21	 f21:0x00000001 f21:0x00000001 f11=0x00000002
      62925.000 ns	      6291	800016c4	01a854b3	srl	x9,x16,x26	 x16:0xe968e56c x26:0x00000000  x9=0xe968e56c
      62955.000 ns	      6294	800016c8	107597d3	fmul.s	f15,f11,f7	 f11:0x00000002  f7:0x4ec5b4e0 f15=0x04c5b4e0
      62985.000 ns	      6297	800016cc	288504d3	fmin.s	f9,f10,f8	 f10:0x4ec5b4e0  f8:0x7fc00000  f9=0x4ec5b4e0
      63015.000 ns	      6300	800016d0	20aa9bd3	fsgnjn.s	f23,f21,f10	 f21:0x00000001 f10:0x4ec5b4e0 f23=0x80000001
      63035.000 ns	      6302	800016d4	004b6033	or	x0,x22,x4	 x22:0x00000000  x4:0x00000000
      63045.000 ns	      6303	800016d8	6e487393	andi	x7,x16,1764	 x16:0xe968e56c  x7=0x00000464
      63065.000 ns	      6305	800016dc	a19e2053	feq.s	x0,f28,f25	 f28:0x7fc00000 f25:0x80040fe4
      63435.000 ns	      6342	800016e0	030f73b3	remu	x7,x30,x16	 x30:0x00000000 x16:0xe968e56c  x7=0x00000000
      63455.000 ns	      6344	800016e4	68106d93	ori	x27,x0,1665	  x0:0x00000000 x27=0x00000681
      63465.000 ns	      6345	800016e8	b02fc113	xori	x2,x31,-1278	 x31:0x00000009  x2=0xfffffb0b
      64635.000 ns	      6462	800016ec	580574d3	fsqrt.s	f9,f10	 f10:0x4ec5b4e0  f9=0x471f1475
      64665.000 ns	      6465	800016f0	02398133	mul	x2,x19,x3	 x19:0xfffffdbc  x3:0xffffffff  x2=0x00000244
      64695.000 ns	      6468	800016f4	f0078ed3	fmv.w.x	f29,x15	 x15:0xe968e76e f29=0xe968e76e
      64715.000 ns	      6470	800016f8	00ed33b3	sltu	x7,x26,x14	 x26:0x00000000 x14:0xe2de810c  x7=0x00000001
      64735.000 ns	      6472	800016fc	21d39853	fsgnjn.s	f16,f7,f29	  f7:0x4ec5b4e0 f29:0xe968e76e f16=0x4ec5b4e0
      64755.000 ns	      6474	80001700	dee78493	addi	x9,x15,-530	 x15:0xe968e76e  x9=0xe968e55c
      64775.000 ns	      6476	80001704	f00187d3	fmv.w.x	f15,x3	  x3:0xffffffff f15=0xffffffff
      64805.000 ns	      6479	80001708	02a94933	div	x18,x18,x10	 x18:0x00000000 x10:0x00000000 x18=0xffffffff
      65175.000 ns	      6516	8000170c	032761b3	rem	x3,x14,x18	 x14:0xe2de810c x18:0x00000000  x3=0x00000000
      65205.000 ns	      6519	80001710	02a13133	mulhu	x2,x2,x10	  x2:0x00000244 x10:0x00000000  x2=0x00000000
      65235.000 ns	      6522	80001714	e0091453	fclass.s	x8,f18	 f18:0x7fc00000  x8=0x00000200
      65275.000 ns	      6526	80001718	58017cd3	fsqrt.s	f25,f2	  f2:0x00000000 f25=0x00000000
      65305.000 ns	      6529	8000171c	d017a053	fcvt.s.wu	f0,x15	 x15:0xe968e76e  f0=0x4f6968e8
      65335.000 ns	      6532	80001720	2017aa53	fsgnjx.s	f20,f15,f1	 f15:0xffffffff  f1:0x00000000 f20=0xffffffff
      65355.000 ns	      6534	80001724	956e27b7	lui	x15,0x956e2	 x15=0x956e2000
      65365.000 ns	      6535	80001728	d4f04713	xori	x14,x0,-689	  x0:0x00000000 x14=0xfffffd4f
      65385.000 ns	      6537	8000172c	e00214d3	fclass.s	x9,f4	  f4:0x7fc00000  x9=0x00000200
      65405.000 ns	      6539	80001730	01447a33	and	x20,x8,x20	  x8:0x00000200 x20:0x00000000 x20=0x00000000
      65425.000 ns	      6541	80001734	0200d633	divu	x12,x1,x0	  x1:0x00000000  x0:0x00000000 x12=0xffffffff
      65445.000 ns	      6543	80001738	41a65693	srai	x13,x12,0x1a	 x12:0xffffffff x13=0xffffffff
      65805.000 ns	      6579	8000173c	035cc5b3	div	x11,x25,x21	 x25:0x00000000 x21:0x00000001 x11=0x00000000
      65845.000 ns	      6583	80001740	117e03d3	fmul.s	f7,f28,f23	 f28:0x7fc00000 f23:0x80000001  f7=0x7fc00000
      65875.000 ns	      6586	80001744	f0018a53	fmv.w.x	f20,x3	  x3:0x00000000 f20=0x00000000
      65925.000 ns	      6591	80001748	018b0353	fadd.s	f6,f22,f24	 f22:0x00000000 f24:0x00000000  f6=0x00000000
      65955.000 ns	      6594	8000174c	28d58ed3	fmin.s	f29,f11,f13	 f11:0x00000002 f13:0x7fc00000 f29=0x00000002
      65975.000 ns	      6596	80001750	01e2c2b3	xor	x5,x5,x30	  x5:0x62da7128 x30:0x00000000  x5=0x62da7128
      65985.000 ns	      6597	80001754	00541433	sll	x8,x8,x5	  x8:0x00000200  x5:0x62da7128  x8=0x00020000
      66345.000 ns	      6633	80001758	02985d33	divu	x26,x16,x9	 x16:0xe968e56c  x9:0x00000200 x26=0x0074b472
      66365.000 ns	      6635	8000175c	019675b3	and	x11,x12,x25	 x12:0xffffffff x25:0x00000000 x11=0x00000000
      67535.000 ns	      6752	80001760	58087c53	fsqrt.s	f24,f16	 f16:0x4ec5b4e0 f24=0x471f1475
      67555.000 ns	      6754	80001764	0f22c917	auipc	x18,0xf22c	 x18=0x8f22d764
      67575.000 ns	      6756	80001768	29ce8753	fmin.s	f14,f29,f28	 f29:0x00000002 f28:0x7fc00000 f14=0x00000002
      67595.000 ns	      6758	8000176c	00ff55b3	srl	x11,x30,x15	 x30:0x00000000 x15:0x956e2000 x11=0x00000000
      67615.000 ns	      6760	80001770	031f26b3	mulhsu	x13,x30,x17	 x30:0x00000000 x17:0x80040fe4 x13=0x00000000
      67645.000 ns	      6763	80001774	d017fed3	fcvt.s.wu	f29,x15	 x15:0x956e2000 f29=0x4f156e20
      68015.000 ns	      6800	80001778	0370fe33	remu	x28,x1,x23	  x1:0x00000000 x23:0x80041024 x28=0x00000000
      68035.000 ns	      6802	8000177c	00d700b3	add	x1,x14,x13	 x14:0xfffffd4f x13:0x00000000  x1=0xfffffd4f
      68045.000 ns	      6803	80001780	009c1713	slli	x14,x24,0x9	 x24:0xffffffff x14=0xfffffe00
      68055.000 ns	      6804	80001784	01fe71b3	and	x3,x28,x31	 x28:0x00000000 x31:0x00000009  x3=0x00000000
      68075.000 ns	      6806	80001788	f00981d3	fmv.w.x	f3,x19	 x19:0xfffffdbc  f3=0xfffffdbc
      68445.000 ns	      6843	8000178c	03f2f433	remu	x8,x5,x31	  x5:0x62da7128 x31:0x00000009  x8=0x00000001
      68475.000 ns	      6846	80001790	c01d7853	fcvt.wu.s	x16,f26	 f26:0x00000000 x16=0x00000000
      68495.000 ns	      6848	80001794	00175033	srl	x0,x14,x1	 x14:0xfffffe00  x1:0xfffffd4f
      68505.000 ns	      6849	80001798	0fd48393	addi	x7,x9,253	  x9:0x00000200  x7=0x000002fd
      68535.000 ns	      6852	8000179c	10ceffd3	fmul.s	f31,f29,f12	 f29:0x4f156e20 f12:0x7fc00000 f31=0x7fc00000
      68565.000 ns	      6855	800017a0	a1a38353	fle.s	x6,f7,f26	  f7:0x7fc00000 f26:0x00000000  x6=0x00000000
      68595.000 ns	      6858	800017a4	022272b3	remu	x5,x4,x2	  x4:0x00000000  x2:0x00000000  x5=0x00000000
      68615.000 ns	      6860	800017a8	52baca97	auipc	x21,0x52bac	 x21=0xd2bad7a8
      68635.000 ns	      6862	800017ac	e00c99d3	fclass.s	x19,f25	 f25:0x00000000 x19=0x00000010
      68665.000 ns	      6865	800017b0	a0c100d3	fle.s	x1,f2,f12	  f2:0x00000000 f12:0x7fc00000  x1=0x00000000
      68695.000 ns	      6868	800017b4	28c31b53	fmax.s	f22,f6,f12	  f6:0x00000000 f12:0x7fc00000 f22=0x00000000
      68715.000 ns	      6870	800017b8	b6d5f393	andi	x7,x11,-1171	 x11:0x00000000  x7=0x00000000
      68735.000 ns	      6872	800017bc	036a2b33	mulhsu	x22,x20,x22	 x20:0x00000000 x22:0x00000000 x22=0x00000000
      68765.000 ns	      6875	800017c0	d01bfc53	fcvt.s.wu	f24,x23	 x23:0x80041024 f24=0x4f000410
      68785.000 ns	      6877	800017c4	b2301d37	lui	x26,0xb2301	 x26=0xb2301000
      68795.000 ns	      6878	800017c8	00000013	addi	x0,x0,0	  x0:0x00000000
      68815.000 ns	      6880	800017cc	c00975d3	fcvt.w.s	x11,f18	 f18:0x7fc00000 x11=0x7fffffff
      68845.000 ns	      6883	800017d0	a0838c53	fle.s	x24,f7,f8	  f7:0x7fc00000  f8:0x7fc00000 x24=0x00000000
      68885.000 ns	      6887	800017d4	580bf7d3	fsqrt.s	f15,f23	 f23:0x80000001 f15=0x7fc00000
      68915.000 ns	      6890	800017d8	02313c33	mulhu	x24,x2,x3	  x2:0x00000000  x3:0x00000000 x24=0x00000000
      68935.000 ns	      6892	800017dc	f856b793	sltiu	x15,x13,-123	 x13:0x00000000 x15=0x00000001
      68955.000 ns	      6894	800017e0	29000c53	fmin.s	f24,f0,f16	  f0:0x4f6968e8 f16:0x4ec5b4e0 f24=0x4ec5b4e0
      68995.000 ns	      6898	800017e4	580c8c53	fsqrt.s	f24,f25	 f25:0x00000000 f24=0x00000000
      69015.000 ns	      6900	800017e8	15d1ee13	ori	x28,x3,349	  x3:0x00000000 x28=0x0000015d
      69035.000 ns	      6902	800017ec	a1af1d53	flt.s	x26,f30,f26	 f30:0xcec5b4e0 f26:0x00000000 x26=0x00000001
      69065.000 ns	      6905	800017f0	02327db3	remu	x27,x4,x3	  x4:0x00000000  x3:0x00000000 x27=0x00000000
      69095.000 ns	      6908	800017f4	02c49433	mulh	x8,x9,x12	  x9:0x00000200 x12:0xffffffff  x8=0xffffffff
      69115.000 ns	      6910	800017f8	41badc93	srai	x25,x21,0x1b	 x21:0xd2bad7a8 x25=0xfffffffa
      69135.000 ns	      6912	800017fc	c0174b53	fcvt.wu.s	x22,f14	 f14:0x00000002 x22=0x00000000
      69155.000 ns	      6914	80001800	7a20e213	ori	x4,x1,1954	  x1:0x00000000  x4=0x000007a2
      69175.000 ns	      6916	80001804	c01770d3	fcvt.wu.s	x1,f14	 f14:0x00000002  x1=0x00000000
      69195.000 ns	      6918	80001808	2734ff37	lui	x30,0x2734f	 x30=0x2734f000
      69215.000 ns	      6920	8000180c	a04504d3	fle.s	x9,f10,f4	 f10:0x4ec5b4e0  f4:0x7fc00000  x9=0x00000000
      69245.000 ns	      6923	80001810	c00a7353	fcvt.w.s	x6,f20	 f20:0x00000000  x6=0x00000000
      69265.000 ns	      6925	80001814	00b47d33	and	x26,x8,x11	  x8:0xffffffff x11:0x7fffffff x26=0x7fffffff
      69285.000 ns	      6927	80001818	02028433	mul	x8,x5,x0	  x5:0x00000000  x0:0x00000000  x8=0x00000000
      69305.000 ns	      6929	8000181c	bdc6c813	xori	x16,x13,-1060	 x13:0x00000000 x16=0xfffffbdc
      69315.000 ns	      6930	80001820	00f5beb3	sltu	x29,x11,x15	 x11:0x7fffffff x15:0x00000001 x29=0x00000000
      69335.000 ns	      6932	80001824	02b3b3b3	mulhu	x7,x7,x11	  x7:0x00000000 x11:0x7fffffff  x7=0x00000000
      69355.000 ns	      6934	80001828	d09bf393	andi	x7,x23,-759	 x23:0x80041024  x7=0x80041000
      69375.000 ns	      6936	8000182c	20221753	fsgnjn.s	f14,f4,f2	  f4:0x7fc00000  f2:0x00000000 f14=0xffc00000
      69395.000 ns	      6938	80001830	00a136b3	sltu	x13,x2,x10	  x2:0x00000000 x10:0x00000000 x13=0x00000000
      69415.000 ns	      6940	80001834	202c2453	fsgnjx.s	f8,f24,f2	 f24:0x00000000  f2:0x00000000  f8=0x00000000
      69455.000 ns	      6944	80001838	193c7fd3	fdiv.s	f31,f24,f19	 f24:0x00000000 f19:0x80000000 f31=0x7fc00000
      69485.000 ns	      6947	8000183c	d01a1453	fcvt.s.wu	f8,x20	 x20:0x00000000  f8=0x00000000
      69505.000 ns	      6949	80001840	005277b3	and	x15,x4,x5	  x4:0x000007a2  x5:0x00000000 x15=0x00000000
      69515.000 ns	      6950	80001844	41130133	sub	x2,x6,x17	  x6:0x00000000 x17:0x80040fe4  x2=0x7ffbf01c
      69535.000 ns	      6952	80001848	a0f82c53	feq.s	x24,f16,f15	 f16:0x4ec5b4e0 f15:0x7fc00000 x24=0x00000000
      69555.000 ns	      6954	8000184c	8863fa17	auipc	x20,0x8863f	 x20=0x0864084c
      69915.000 ns	      6990	80001850	0328f0b3	remu	x1,x17,x18	 x17:0x80040fe4 x18:0x8f22d764  x1=0x80040fe4
      69935.000 ns	      6992	80001854	2f910d13	addi	x26,x2,761	  x2:0x7ffbf01c x26=0x7ffbf315
      69945.000 ns	      6993	80001858	4194d713	srai	x14,x9,0x19	  x9:0x00000000 x14=0x00000000
      69965.000 ns	      6995	8000185c	03644f33	div	x30,x8,x22	  x8:0x00000000 x22:0x00000000 x30=0xffffffff
      69985.000 ns	      6997	80001860	006f7833	and	x16,x30,x6	 x30:0x2734f000  x6:0x00000000 x16=0x00000000
      70015.000 ns	      7000	80001864	18ed2fd3	fdiv.s	f31,f26,f14	 f26:0x00000000 f14:0xffc00000 f31=0x7fc00000
      70045.000 ns	      7003	80001868	a0b78053	fle.s	x0,f15,f11	 f15:0x7fc00000 f11:0x00000002
      70065.000 ns	      7005	8000186c	002411b3	sll	x3,x8,x2	  x8:0x00000000  x2:0x7ffbf01c  x3=0x00000000
      70085.000 ns	      7007	80001870	d010afd3	fcvt.s.wu	f31,x1	  x1:0x80040fe4 f31=0x4f000410
      70115.000 ns	      7010	80001874	c0127a53	fcvt.wu.s	x20,f4	  f4:0x7fc00000 x20=0xffffffff
      70485.000 ns	      7047	80001878	034553b3	divu	x7,x10,x20	 x10:0x00000000 x20:0x0864084c  x7=0x00000000
      70515.000 ns	      7050	8000187c	a0b1a9d3	feq.s	x19,f3,f11	  f3:0xfffffdbc f11:0x00000002 x19=0x00000000
      70535.000 ns	      7052	80001880	69edf197	auipc	x3,0x69edf	  x3=0xe9ee0880
      70555.000 ns	      7054	80001884	027e2633	mulhsu	x12,x28,x7	 x28:0x0000015d  x7:0x00000000 x12=0x00000000
      70605.000 ns	      7059	80001888	0176fed3	fadd.s	f29,f13,f23	 f13:0x7fc00000 f23:0x80000001 f29=0x7fc00000
      70645.000 ns	      7063	8000188c	58030dd3	fsqrt.s	f27,f6	  f6:0x00000000 f27=0x00000000
      70675.000 ns	      7066	80001890	286092d3	fmax.s	f5,f1,f6	  f1:0x00000000  f6:0x00000000  f5=0x00000000
      70705.000 ns	      7069	80001894	02fbc833	div	x16,x23,x15	 x23:0x80041024 x15:0x00000000 x16=0xffffffff
      70735.000 ns	      7072	80001898	a126af53	feq.s	x30,f13,f18	 f13:0x7fc00000 f18:0x7fc00000 x30=0x00000000
      70765.000 ns	      7075	8000189c	02ebe033	rem	x0,x23,x14	 x23:0x80041024 x14:0x00000000
      70795.000 ns	      7078	800018a0	289c9553	fmax.s	f10,f25,f9	 f25:0x00000000  f9:0x471f1475 f10=0x471f1475
      70815.000 ns	      7080	800018a4	001d00b3	add	x1,x26,x1	 x26:0x7ffbf315  x1:0x80040fe4  x1=0x000002f9
      70835.000 ns	      7082	800018a8	28168353	fmin.s	f6,f13,f1	 f13:0x7fc00000  f1:0x00000000  f6=0x00000000
      70865.000 ns	      7085	800018ac	d01bfe53	fcvt.s.wu	f28,x23	 x23:0x80041024 f28=0x4f000410
      70885.000 ns	      7087	800018b0	44dee093	ori	x1,x29,1101	 x29:0x00000000  x1=0x0000044d
      70905.000 ns	      7089	800018b4	0386c533	div	x10,x13,x24	 x13:0x00000000 x24:0x00000000 x10=0xffffffff
      70925.000 ns	      7091	800018b8	4138d533	sra	x10,x17,x19	 x17:0x80040fe4 x19:0x00000000 x10=0x80040fe4
      70935.000 ns	      7092	800018bc	0131b133	sltu	x2,x3,x19	  x3:0xe9ee0880 x19:0x00000000  x2=0x00000000
      70945.000 ns	      7093	800018c0	018bc5b3	xor	x11,x23,x24	 x23:0x80041024 x24:0x00000000 x11=0x80041024
      71305.000 ns	      7129	800018c4	02bb5733	divu	x14,x22,x11	 x22:0x00000000 x11:0x7fffffff x14=0x00000000
      71325.000 ns	      7131	800018c8	40ad8233	sub	x4,x27,x10	 x27:0x00000000 x10:0x80040fe4  x4=0x7ffbf01c
      71335.000 ns	      7132	800018cc	01af20b3	slt	x1,x30,x26	 x30:0x00000000 x26:0x7ffbf315  x1=0x00000001
      71355.000 ns	      7134	800018d0	e00919d3	fclass.s	x19,f18	 f18:0x7fc00000 x19=0x00000200
      71375.000 ns	      7136	800018d4	006eef33	or	x30,x29,x6	 x29:0x00000000  x6:0x00000000 x30=0x00000000
      71415.000 ns	      7140	800018d8	09ebf053	fsub.s	f0,f23,f30	 f23:0x80000001 f30:0xcec5b4e0  f0=0x4ec5b4e0
      71785.000 ns	      7177	800018dc	03a14933	div	x18,x2,x26	  x2:0x00000000 x26:0x7ffbf315 x18=0x00000000
      71805.000 ns	      7179	800018e0	f94ac513	xori	x10,x21,-108	 x21:0xd2bad7a8 x10=0x2d45283c
      71845.000 ns	      7183	800018e4	09747453	fsub.s	f8,f8,f23	  f8:0x00000000 f23:0x80000001  f8=0x00000001
      71865.000 ns	      7185	800018e8	01861613	slli	x12,x12,0x18	 x12:0x00000000 x12=0x00000000
      71885.000 ns	      7187	800018ec	a0f10ad3	fle.s	x21,f2,f15	  f2:0x00000000 f15:0x7fc00000 x21=0x00000000
      71935.000 ns	      7192	800018f0	01037753	fadd.s	f14,f6,f16	  f6:0x00000000 f16:0x4ec5b4e0 f14=0x4ec5b4e0
      73115.000 ns	      7310	800018f4	58000353	fsqrt.s	f6,f0	  f0:0x4ec5b4e0  f6=0x471f1475
      73485.000 ns	      7347	800018f8	03934533	div	x10,x6,x25	  x6:0x00000000 x25:0xfffffffa x10=0x00000000
      73515.000 ns	      7350	800018fc	d00c1d53	fcvt.s.w	f26,x24	 x24:0x00000000 f26=0x00000000
      73545.000 ns	      7353	80001900	e0059253	fclass.s	x4,f11	 f11:0x00000002  x4=0x00000020
      73575.000 ns	      7356	80001904	207204d3	fsgnj.s	f9,f4,f7	  f4:0x7fc00000  f7:0x7fc00000  f9=0x7fc00000
      73605.000 ns	      7359	80001908	03b8a833	mulhsu	x16,x17,x27	 x17:0x80040fe4 x27:0x00000000 x16=0x00000000
      73635.000 ns	      7362	8000190c	20582ad3	fsgnjx.s	f21,f16,f5	 f16:0x4ec5b4e0  f5:0x00000000 f21=0x4ec5b4e0
      73665.000 ns	      7365	80001910	03646db3	rem	x27,x8,x22	  x8:0x00000000 x22:0x00000000 x27=0x00000000
      73685.000 ns	      7367	80001914	0141eb33	or	x22,x3,x20	  x3:0xe9ee0880 x20:0xffffffff x22=0xffffffff
      73705.000 ns	      7369	80001918	e0049ed3	fclass.s	x29,f9	  f9:0x7fc00000 x29=0x00000200
      73725.000 ns	      7371	8000191c	01343b33	sltu	x22,x8,x19	  x8:0x00000000 x19:0x00000200 x22=0x00000001
      73735.000 ns	      7372	80001920	40f15633	sra	x12,x2,x15	  x2:0x00000000 x15:0x00000000 x12=0x00000000
      73755.000 ns	      7374	80001924	20418953	fsgnj.s	f18,f3,f4	  f3:0xfffffdbc  f4:0x7fc00000 f18=0x7ffffdbc
      73785.000 ns	      7377	80001928	03b33cb3	mulhu	x25,x6,x27	  x6:0x00000000 x27:0x00000000 x25=0x00000000
      73805.000 ns	      7379	8000192c	ec8f4d93	xori	x27,x30,-312	 x30:0x00000000 x27=0xfffffec8
      73825.000 ns	      7381	80001930	e00c1b53	fclass.s	x22,f24	 f24:0x00000000 x22=0x00000010
      73845.000 ns	      7383	80001934	5ad7f613	andi	x12,x15,1453	 x15:0x00000000 x12=0x00000000
      73865.000 ns	      7385	80001938	e00d02d3	fmv.x.w	x5,f26	 f26:0x00000000  x5=0x00000000
      73895.000 ns	      7388	8000193c	d0052a53	fcvt.s.w	f20,x10	 x10:0x00000000 f20=0x00000000
      73925.000 ns	      7391	80001940	02f3da33	divu	x20,x7,x15	  x7:0x00000000 x15:0x00000000 x20=0xffffffff
      73955.000 ns	      7394	80001944	d017b753	fcvt.s.wu	f14,x15	 x15:0x00000000 f14=0x00000000
      73975.000 ns	      7396	80001948	419b55b3	sra	x11,x22,x25	 x22:0x00000010 x25:0x00000000 x11=0x00000010
      74015.000 ns	      7400	8000194c	08a8fed3	fsub.s	f29,f17,f10	 f17:0x43940000 f10:0x471f1475 f29=0xc71dec75
      74045.000 ns	      7403	80001950	21a58ed3	fsgnj.s	f29,f11,f26	 f11:0x00000002 f26:0x00000000 f29=0x00000002
      74075.000 ns	      7406	80001954	03ac8ab3	mul	x21,x25,x26	 x25:0x00000000 x26:0x7ffbf315 x21=0x00000000
      74105.000 ns	      7409	80001958	d009a2d3	fcvt.s.w	f5,x19	 x19:0x00000200  f5=0x44000000
      74125.000 ns	      7411	8000195c	e982c5b7	lui	x11,0xe982c	 x11=0xe982c000
      74135.000 ns	      7412	80001960	40715113	srai	x2,x2,0x7	  x2:0x00000000  x2=0x00000000
      74145.000 ns	      7413	80001964	4162ce93	xori	x29,x5,1046	  x5:0x00000000 x29=0x00000416
      74165.000 ns	      7415	80001968	f0010ed3	fmv.w.x	f29,x2	  x2:0x00000000 f29=0x00000000
      74195.000 ns	      7418	8000196c	28cb0953	fmin.s	f18,f22,f12	 f22:0x00000000 f12:0x7fc00000 f18=0x00000000
      74225.000 ns	      7421	80001970	29490fd3	fmin.s	f31,f18,f20	 f18:0x7ffffdbc f20:0x00000000 f31=0x00000000
      74255.000 ns	      7424	80001974	e0008c53	fmv.x.w	x24,f1	  f1:0x00000000 x24=0x00000000
      74285.000 ns	      7427	80001978	a084a553	feq.s	x10,f9,f8	  f9:0x7fc00000  f8:0x00000001 x10=0x00000000
      74315.000 ns	      7430	8000197c	e00f81d3	fmv.x.w	x3,f31	 f31:0x00000000  x3=0x00000000
      74335.000 ns	      7432	80001980	626a3a13	sltiu	x20,x20,1574	 x20:0xffffffff x20=0x00000000
      74345.000 ns	      7433	80001984	41070233	sub	x4,x14,x16	 x14:0x00000000 x16:0x00000000  x4=0x00000000
      74375.000 ns	      7436	80001988	10fe4853	fmul.s	f16,f28,f15	 f28:0x4f000410 f15:0x7fc00000 f16=0x7fc00000
      74395.000 ns	      7438	8000198c	29276413	ori	x8,x14,658	 x14:0x00000000  x8=0x00000292
      74415.000 ns	      7440	80001990	d00d7753	fcvt.s.w	f14,x26	 x26:0x7ffbf315 f14=0x4efff7e6
      74435.000 ns	      7442	80001994	0174beb3	sltu	x29,x9,x23	  x9:0x00000000 x23:0x80041024 x29=0x00000001
      74445.000 ns	      7443	80001998	da734a13	xori	x20,x6,-601	  x6:0x00000000 x20=0xfffffda7
      74465.000 ns	      7445	8000199c	f00a80d3	fmv.w.x	f1,x21	 x21:0x00000000  f1=0x00000000
      74485.000 ns	      7447	800019a0	75b4ba93	sltiu	x21,x9,1883	  x9:0x00000000 x21=0x00000001
      74505.000 ns	      7449	800019a4	02cfc0b3	div	x1,x31,x12	 x31:0x00000009 x12:0x00000000  x1=0xffffffff
      74525.000 ns	      7451	800019a8	f40af293	andi	x5,x21,-192	 x21:0x00000000  x5=0x00000000
      74535.000 ns	      7452	800019ac	416385b3	sub	x11,x7,x22	  x7:0x00000000 x22:0x00000010 x11=0xfffffff0
      74545.000 ns	      7453	800019b0	cb65a193	slti	x3,x11,-842	 x11:0xe982c000  x3=0x00000000
      74555.000 ns	      7454	800019b4	01be1d33	sll	x26,x28,x27	 x28:0x0000015d x27:0xfffffec8 x26=0x00015d00
      74565.000 ns	      7455	800019b8	000ce9b3	or	x19,x25,x0	 x25:0x00000000  x0:0x00000000 x19=0x00000000
      74575.000 ns	      7456	800019bc	93886213	ori	x4,x16,-1736	 x16:0x00000000  x4=0xfffff938
      74585.000 ns	      7457	800019c0	0075b633	sltu	x12,x11,x7	 x11:0xfffffff0  x7:0x00000000 x12=0x00000000
      74625.000 ns	      7461	800019c4	09b27653	fsub.s	f12,f4,f27	  f4:0x7fc00000 f27:0x00000000 f12=0x7fc00000
      74655.000 ns	      7464	800019c8	21efa653	fsgnjx.s	f12,f31,f30	 f31:0x00000000 f30:0xcec5b4e0 f12=0x80000000
      75835.000 ns	      7582	800019cc	580e7c53	fsqrt.s	f24,f28	 f28:0x4f000410 f24=0x46b50a40
      75855.000 ns	      7584	800019d0	1f762213	slti	x4,x12,503	 x12:0x00000000  x4=0x00000001
      77025.000 ns	      7701	800019d4	580746d3	fsqrt.s	f13,f14	 f14:0x4efff7e6 f13=0x473501ce
      77055.000 ns	      7704	800019d8	d0062353	fcvt.s.w	f6,x12	 x12:0x00000000  f6=0x00000000
      77085.000 ns	      7707	800019dc	c015c0d3	fcvt.wu.s	x1,f11	 f11:0x00000002  x1=0x00000000
      77115.000 ns	      7710	800019e0	d01143d3	fcvt.s.wu	f7,x2	  x2:0x00000000  f7=0x00000000
      77145.000 ns	      7713	800019e4	a158a753	feq.s	x14,f17,f21	 f17:0x43940000 f21:0x4ec5b4e0 x14=0x00000000
      77165.000 ns	      7715	800019e8	1eb71db7	lui	x27,0x1eb71	 x27=0x1eb71000
      77185.000 ns	      7717	800019ec	a0b11753	flt.s	x14,f2,f11	  f2:0x00000000 f11:0x00000002 x14=0x00000001
      77205.000 ns	      7719	800019f0	78ea4113	xori	x2,x20,1934	 x20:0xfffffda7  x2=0xfffffa29
      77565.000 ns	      7755	800019f4	03d64c33	div	x24,x12,x29	 x12:0x00000000 x29:0x00000001 x24=0x00000000
      77935.000 ns	      7792	800019f8	02ebc833	div	x16,x23,x14	 x23:0x80041024 x14:0x00000001 x16=0x80041024
      77955.000 ns	      7794	800019fc	8f2a2c17	auipc	x24,0x8f2a2	 x24=0x0f2a39fc
      77965.000 ns	      7795	80001a00	5d6359b7	lui	x19,0x5d635	 x19=0x5d635000
      77985.000 ns	      7797	80001a04	02a90cb3	mul	x25,x18,x10	 x18:0x00000000 x10:0x00000000 x25=0x00000000
      78005.000 ns	      7799	80001a08	71b13093	sltiu	x1,x2,1819	  x2:0xfffffa29  x1=0x00000000
      78025.000 ns	      7801	80001a0c	29101c53	fmax.s	f24,f0,f17	  f0:0x4ec5b4e0 f17:0x43940000 f24=0x4ec5b4e0
      78045.000 ns	      7803	80001a10	014bd013	srli	x0,x23,0x14	 x23:0x80041024
      78065.000 ns	      7805	80001a14	034014b3	mulh	x9,x0,x20	  x0:0x00000000 x20:0xfffffda7  x9=0x00000000
      78085.000 ns	      7807	80001a18	40f706b3	sub	x13,x14,x15	 x14:0x00000001 x15:0x00000000 x13=0x00000001
      78415.000 ns	      7840	80001a1c	18af7253	fdiv.s	f4,f30,f10	 f30:0xcec5b4e0 f10:0x471f1475  f4=0xc7319716
      78435.000 ns	      7842	80001a20	01b9db13	srli	x22,x19,0x1b	 x19:0x5d635000 x22=0x0000000b
      78445.000 ns	      7843	80001a24	41f08cb3	sub	x25,x1,x31	  x1:0x00000000 x31:0x00000009 x25=0xfffffff7
      78455.000 ns	      7844	80001a28	7fd10f37	lui	x30,0x7fd10	 x30=0x7fd10000
      78465.000 ns	      7845	80001a2c	013c1493	slli	x9,x24,0x13	 x24:0x0f2a39fc  x9=0xcfe00000
      78475.000 ns	      7846	80001a30	00598ab3	add	x21,x19,x5	 x19:0x5d635000  x5:0x00000000 x21=0x5d635000
      78495.000 ns	      7848	80001a34	d01bbd53	fcvt.s.wu	f26,x23	 x23:0x80041024 f26=0x4f000411
      78515.000 ns	      7850	80001a38	0163f9b3	and	x19,x7,x22	  x7:0x00000000 x22:0x0000000b x19=0x00000000
      78535.000 ns	      7852	80001a3c	e0059653	fclass.s	x12,f11	 f11:0x00000002 x12=0x00000020
      78555.000 ns	      7854	80001a40	0066f333	and	x6,x13,x6	 x13:0x00000001  x6:0x00000000  x6=0x00000000
      78575.000 ns	      7856	80001a44	a0e32ed3	feq.s	x29,f6,f14	  f6:0x00000000 f14:0x4efff7e6 x29=0x00000000
      78595.000 ns	      7858	80001a48	00000013	addi	x0,x0,0	  x0:0x00000000
      78615.000 ns	      7860	80001a4c	280485d3	fmin.s	f11,f9,f0	  f9:0x7fc00000  f0:0x4ec5b4e0 f11=0x4ec5b4e0
      78645.000 ns	      7863	80001a50	02a73e33	mulhu	x28,x14,x10	 x14:0x00000001 x10:0x00000000 x28=0x00000000
      78665.000 ns	      7865	80001a54	00b62833	slt	x16,x12,x11	 x12:0x00000020 x11:0xfffffff0 x16=0x00000000
      78675.000 ns	      7866	80001a58	db51f413	andi	x8,x3,-587	  x3:0x00000000  x8=0x00000000
      78695.000 ns	      7868	80001a5c	a1d4aa53	feq.s	x20,f9,f29	  f9:0x7fc00000 f29:0x00000000 x20=0x00000000
      78725.000 ns	      7871	80001a60	02e634b3	mulhu	x9,x12,x14	 x12:0x00000020 x14:0x00000001  x9=0x00000000
      78755.000 ns	      7874	80001a64	a0439053	flt.s	x0,f7,f4	  f7:0x00000000  f4:0xc7319716
      78785.000 ns	      7877	80001a68	a0179453	flt.s	x8,f15,f1	 f15:0x7fc00000  f1:0x00000000  x8=0x00000000
      78815.000 ns	      7880	80001a6c	29cc9053	fmax.s	f0,f25,f28	 f25:0x00000000 f28:0x4f000410  f0=0x4f000410
      78865.000 ns	      7885	80001a70	097c7d53	fsub.s	f26,f24,f23	 f24:0x4ec5b4e0 f23:0x80000001 f26=0x4ec5b4e0
      79235.000 ns	      7922	80001a74	0241c6b3	div	x13,x3,x4	  x3:0x00000000  x4:0x00000001 x13=0x00000000
      79265.000 ns	      7925	80001a78	e00696d3	fclass.s	x13,f13	 f13:0x473501ce x13=0x00000040
      79285.000 ns	      7927	80001a7c	950d1317	auipc	x6,0x950d1	  x6=0x150d2a7c
      79305.000 ns	      7929	80001a80	e0021d53	fclass.s	x26,f4	  f4:0xc7319716 x26=0x00000002
      79675.000 ns	      7966	80001a84	038c5833	divu	x16,x24,x24	 x24:0x0f2a39fc x24:0x0f2a39fc x16=0x00000001
      79695.000 ns	      7968	80001a88	a03e8a93	addi	x21,x29,-1533	 x29:0x00000000 x21=0xfffffa03
      79715.000 ns	      7970	80001a8c	28e89653	fmax.s	f12,f17,f14	 f17:0x43940000 f14:0x4efff7e6 f12=0x4efff7e6
      79735.000 ns	      7972	80001a90	00016db3	or	x27,x2,x0	  x2:0xfffffa29  x0:0x00000000 x27=0xfffffa29
      79745.000 ns	      7973	80001a94	543e6593	ori	x11,x28,1347	 x28:0x00000000 x11=0x00000543
      79775.000 ns	      7976	80001a98	580bfe53	fsqrt.s	f28,f23	 f23:0x80000001 f28=0x7fc00000
      79805.000 ns	      7979	80001a9c	20bb9d53	fsgnjn.s	f26,f23,f11	 f23:0x80000001 f11:0x4ec5b4e0 f26=0x80000001
      79825.000 ns	      7981	80001aa0	3f55f613	andi	x12,x11,1013	 x11:0x00000543 x12=0x00000141
      79845.000 ns	      7983	80001aa4	03c41db3	mulh	x27,x8,x28	  x8:0x00000000 x28:0x00000000 x27=0x00000000
      80215.000 ns	      8020	80001aa8	031a56b3	divu	x13,x20,x17	 x20:0x00000000 x17:0x80040fe4 x13=0x00000000
      80245.000 ns	      8023	80001aac	21d8afd3	fsgnjx.s	f31,f17,f29	 f17:0x43940000 f29:0x00000000 f31=0x43940000
      80275.000 ns	      8026	80001ab0	02d5f433	remu	x8,x11,x13	 x11:0x00000543 x13:0x00000000  x8=0x00000543
      80295.000 ns	      8028	80001ab4	010a66b3	or	x13,x20,x16	 x20:0x00000000 x16:0x00000001 x13=0x00000001
      80305.000 ns	      8029	80001ab8	00031113	slli	x2,x6,0x0	  x6:0x150d2a7c  x2=0x150d2a7c
      80325.000 ns	      8031	80001abc	29001bd3	fmax.s	f23,f0,f16	  f0:0x4f000410 f16:0x7fc00000 f23=0x4f000410
      80355.000 ns	      8034	80001ac0	29141a53	fmax.s	f20,f8,f17	  f8:0x00000001 f17:0x43940000 f20=0x43940000
      80405.000 ns	      8039	80001ac4	09477753	fsub.s	f14,f14,f20	 f14:0x4efff7e6 f20:0x00000000 f14=0x4efff7e3
      80425.000 ns	      8041	80001ac8	00bec033	xor	x0,x29,x11	 x29:0x00000000 x11:0x00000543
      80435.000 ns	      8042	80001acc	407cd033	sra	x0,x25,x7	 x25:0xfffffff7  x7:0x00000000
      80455.000 ns	      8044	80001ad0	c0057e53	fcvt.w.s	x28,f10	 f10:0x471f1475 x28=0x00009f14
      80485.000 ns	      8047	80001ad4	02de26b3	mulhsu	x13,x28,x13	 x28:0x00000000 x13:0x00000001 x13=0x00000000
      80505.000 ns	      8049	80001ad8	010f0933	add	x18,x30,x16	 x30:0x7fd10000 x16:0x00000001 x18=0x7fd10001
      80525.000 ns	      8051	80001adc	21551b53	fsgnjn.s	f22,f10,f21	 f10:0x471f1475 f21:0x4ec5b4e0 f22=0xc71f1475
      80555.000 ns	      8054	80001ae0	a0920853	fle.s	x16,f4,f9	  f4:0xc7319716  f9:0x7fc00000 x16=0x00000000
      80575.000 ns	      8056	80001ae4	77a88c93	addi	x25,x17,1914	 x17:0x80040fe4 x25=0x8004175e
      80595.000 ns	      8058	80001ae8	0279bcb3	mulhu	x25,x19,x7	 x19:0x00000000  x7:0x00000000 x25=0x00000000
      80625.000 ns	      8061	80001aec	f00e8a53	fmv.w.x	f20,x29	 x29:0x00000000 f20=0x00000000
      80645.000 ns	      8063	80001af0	cb5e7693	andi	x13,x28,-843	 x28:0x00009f14 x13=0x00009c14
      80665.000 ns	      8065	80001af4	02723033	mulhu	x0,x4,x7	  x4:0x00000001  x7:0x00000000
      80715.000 ns	      8070	80001af8	001cc8d3	fadd.s	f17,f25,f1	 f25:0x00000000  f1:0x00000000 f17=0x00000000
      80735.000 ns	      8072	80001afc	00000013	addi	x0,x0,0	  x0:0x00000000
      80755.000 ns	      8074	80001b00	208829d3	fsgnjx.s	f19,f16,f8	 f16:0x7fc00000  f8:0x00000001 f19=0x7fc00000
      80775.000 ns	      8076	80001b04	00c9da93	srli	x21,x19,0xc	 x19:0x00000000 x21=0x00000000
      80795.000 ns	      8078	80001b08	024aa733	mulhsu	x14,x21,x4	 x21:0xfffffa03  x4:0x00000001 x14=0x00000000
      80815.000 ns	      8080	80001b0c	00676933	or	x18,x14,x6	 x14:0x00000001  x6:0x150d2a7c x18=0x150d2a7c
      80825.000 ns	      8081	80001b10	c707a393	slti	x7,x15,-912	 x15:0x00000000  x7=0x00000000
      80845.000 ns	      8083	80001b14	03d17b33	remu	x22,x2,x29	  x2:0x150d2a7c x29:0x00000000 x22=0x150d2a7c
      80885.000 ns	      8087	80001b18	580ef753	fsqrt.s	f14,f29	 f29:0x00000000 f14=0x00000000
      80905.000 ns	      8089	80001b1c	01f554b3	srl	x9,x10,x31	 x10:0x00000000 x31:0x00000009  x9=0x00000000
      80925.000 ns	      8091	80001b20	d007f353	fcvt.s.w	f6,x15	 x15:0x00000000  f6=0x00000000
      80955.000 ns	      8094	80001b24	e0031553	fclass.s	x10,f6	  f6:0x00000000 x10=0x00000010
      80975.000 ns	      8096	80001b28	bf220113	addi	x2,x4,-1038	  x4:0x00000001  x2=0xfffffbf3
      80985.000 ns	      8097	80001b2c	00e56d33	or	x26,x10,x14	 x10:0x00000010 x14:0x00000000 x26=0x00000010
      80995.000 ns	      8098	80001b30	00000013	addi	x0,x0,0	  x0:0x00000000
      81015.000 ns	      8100	80001b34	c01779d3	fcvt.wu.s	x19,f14	 f14:0x00000000 x19=0x00000000
      81065.000 ns	      8105	80001b38	09ca72d3	fsub.s	f5,f20,f28	 f20:0x00000000 f28:0x7fc00000  f5=0x7fc00000
      81115.000 ns	      8110	80001b3c	010e96d3	fadd.s	f13,f29,f16	 f29:0x00000000 f16:0x7fc00000 f13=0x7fc00000
      81135.000 ns	      8112	80001b40	ecc2a693	slti	x13,x5,-308	  x5:0x00000000 x13=0x00000000
      81145.000 ns	      8113	80001b44	018797b3	sll	x15,x15,x24	 x15:0x00000000 x24:0x0f2a39fc x15=0x00000000
      81155.000 ns	      8114	80001b48	01e29733	sll	x14,x5,x30	  x5:0x00000000 x30:0x7fd10000 x14=0x00000000
      81165.000 ns	      8115	80001b4c	3bb6a693	slti	x13,x13,955	 x13:0x00000000 x13=0x00000001
      81185.000 ns	      8117	80001b50	28d08253	fmin.s	f4,f1,f13	  f1:0x00000000 f13:0x7fc00000  f4=0x00000000
      81215.000 ns	      8120	80001b54	a07f9153	flt.s	x2,f31,f7	 f31:0x43940000  f7:0x00000000  x2=0x00000000
      81235.000 ns	      8122	80001b58	01549e33	sll	x28,x9,x21	  x9:0x00000000 x21:0x00000000 x28=0x00000000
      81255.000 ns	      8124	80001b5c	e00084d3	fmv.x.w	x9,f1	  f1:0x00000000  x9=0x00000000
      81285.000 ns	      8127	80001b60	a1631153	flt.s	x2,f6,f22	  f6:0x00000000 f22:0xc71f1475  x2=0x00000000
      81315.000 ns	      8130	80001b64	a05304d3	fle.s	x9,f6,f5	  f6:0x00000000  f5:0x7fc00000  x9=0x00000000
      81335.000 ns	      8132	80001b68	01f23ab3	sltu	x21,x4,x31	  x4:0x00000001 x31:0x00000009 x21=0x00000001
      81375.000 ns	      8136	80001b6c	012dfed3	fadd.s	f29,f27,f18	 f27:0x00000000 f18:0x00000000 f29=0x00000000
      81395.000 ns	      8138	80001b70	f9760313	addi	x6,x12,-105	 x12:0x00000141  x6=0x000000d8
      81415.000 ns	      8140	80001b74	c0123c53	fcvt.wu.s	x24,f4	  f4:0x00000000 x24=0x00000000
      81445.000 ns	      8143	80001b78	028b82b3	mul	x5,x23,x8	 x23:0x80041024  x8:0x00000543  x5=0x9560ed6c
      81475.000 ns	      8146	80001b7c	205398d3	fsgnjn.s	f17,f7,f5	  f7:0x00000000  f5:0x7fc00000 f17=0x80000000
      81515.000 ns	      8150	80001b80	1106acd3	fmul.s	f25,f13,f16	 f13:0x7fc00000 f16:0x7fc00000 f25=0x7fc00000
      81535.000 ns	      8152	80001b84	b048f213	andi	x4,x17,-1276	 x17:0x80040fe4  x4=0x80040b04
      81575.000 ns	      8156	80001b88	090efe53	fsub.s	f28,f29,f16	 f29:0x00000000 f16:0x7fc00000 f28=0x7fc00000
      81595.000 ns	      8158	80001b8c	41138533	sub	x10,x7,x17	  x7:0x00000000 x17:0x80040fe4 x10=0x7ffbf01c
      81955.000 ns	      8194	80001b90	02d2cab3	div	x21,x5,x13	  x5:0x9560ed6c x13:0x00000001 x21=0x9560ed6c
      81995.000 ns	      8198	80001b94	11a27dd3	fmul.s	f27,f4,f26	  f4:0x00000000 f26:0x80000001 f27=0x80000000
      82015.000 ns	      8200	80001b98	0164aab3	slt	x21,x9,x22	  x9:0x00000000 x22:0x150d2a7c x21=0x00000001
      82035.000 ns	      8202	80001b9c	d0053fd3	fcvt.s.w	f31,x10	 x10:0x7ffbf01c f31=0x4efff7e1
      82055.000 ns	      8204	80001ba0	51450213	addi	x4,x10,1300	 x10:0x7ffbf01c  x4=0x7ffbf530
      82075.000 ns	      8206	80001ba4	e00404d3	fmv.x.w	x9,f8	  f8:0x00000001  x9=0x00000001
      82105.000 ns	      8209	80001ba8	03eb8733	mul	x14,x23,x30	 x23:0x80041024 x30:0x7fd10000 x14=0x09640000
      82125.000 ns	      8211	80001bac	1a7f0a13	addi	x20,x30,423	 x30:0x7fd10000 x20=0x7fd101a7
      82135.000 ns	      8212	80001bb0	012449b3	xor	x19,x8,x18	  x8:0x00000543 x18:0x150d2a7c x19=0x150d2f3f
      82145.000 ns	      8213	80001bb4	bcc1a593	slti	x11,x3,-1076	  x3:0x00000000 x11=0x00000000
      82165.000 ns	      8215	80001bb8	03360ab3	mul	x21,x12,x19	 x12:0x00000141 x19:0x00000000 x21=0x65883dff
      82195.000 ns	      8218	80001bbc	20e610d3	fsgnjn.s	f1,f12,f14	 f12:0x4efff7e6 f14:0x00000000  f1=0xcefff7e6
      82215.000 ns	      8220	80001bc0	00c1b733	sltu	x14,x3,x12	  x3:0x00000000 x12:0x00000141 x14=0x00000001
      82225.000 ns	      8221	80001bc4	00000013	addi	x0,x0,0	  x0:0x00000000
      82245.000 ns	      8223	80001bc8	28291dd3	fmax.s	f27,f18,f2	 f18:0x00000000  f2:0x00000000 f27=0x00000000
      82275.000 ns	      8226	80001bcc	03c28db3	mul	x27,x5,x28	  x5:0x9560ed6c x28:0x00000000 x27=0x00000000
      82295.000 ns	      8228	80001bd0	00a10033	add	x0,x2,x10	  x2:0x00000000 x10:0x7ffbf01c
      82315.000 ns	      8230	80001bd4	02188e33	mul	x28,x17,x1	 x17:0x80040fe4  x1:0x00000000 x28=0x00000000
      82345.000 ns	      8233	80001bd8	c01c7753	fcvt.wu.s	x14,f24	 f24:0x4ec5b4e0 x14=0x62da7000
      82365.000 ns	      8235	80001bdc	01843433	sltu	x8,x8,x24	  x8:0x00000543 x24:0x00000000  x8=0x00000000
      82385.000 ns	      8237	80001be0	02da3eb3	mulhu	x29,x20,x13	 x20:0x7fd101a7 x13:0x00000001 x29=0x00000000
      82405.000 ns	      8239	80001be4	00f75e93	srli	x29,x14,0xf	 x14:0x62da7000 x29=0x0000c5b4
      82415.000 ns	      8240	80001be8	0963ce13	xori	x28,x7,150	  x7:0x00000000 x28=0x00000096
      82425.000 ns	      8241	80001bec	a2db6e93	ori	x29,x22,-1491	 x22:0x150d2a7c x29=0xfffffa7d
      82435.000 ns	      8242	80001bf0	0ba0fa13	andi	x20,x1,186	  x1:0x00000000 x20=0x00000000
      82445.000 ns	      8243	80001bf4	e3282913	slti	x18,x16,-462	 x16:0x00000000 x18=0x00000000
      82775.000 ns	      8276	80001bf8	195f7653	fdiv.s	f12,f30,f21	 f30:0xcec5b4e0 f21:0x4ec5b4e0 f12=0xbf45b4e0
      82795.000 ns	      8278	80001bfc	94278e13	addi	x28,x15,-1726	 x15:0x00000000 x28=0xfffff942
      82815.000 ns	      8280	80001c00	02734433	div	x8,x6,x7	  x6:0x000000d8  x7:0x00000000  x8=0xffffffff
      82845.000 ns	      8283	80001c04	e0048253	fmv.x.w	x4,f9	  f9:0x7fc00000  x4=0x7fc00000
      82865.000 ns	      8285	80001c08	d7a89697	auipc	x13,0xd7a89	 x13=0x57a8ac08
      82875.000 ns	      8286	80001c0c	75936293	ori	x5,x6,1881	  x6:0x000000d8  x5=0x000007d9
      82885.000 ns	      8287	80001c10	0166e133	or	x2,x13,x22	 x13:0x00000001 x22:0x150d2a7c  x2=0x57adae7c
      82915.000 ns	      8290	80001c14	11a178d3	fmul.s	f17,f2,f26	  f2:0x00000000 f26:0x80000001 f17=0x80000000
      82945.000 ns	      8293	80001c18	027c0533	mul	x10,x24,x7	 x24:0x00000000  x7:0x00000000 x10=0x00000000
      82965.000 ns	      8295	80001c1c	00fce733	or	x14,x25,x15	 x25:0x00000000 x15:0x00000000 x14=0x00000000
      82985.000 ns	      8297	80001c20	28dd1d53	fmax.s	f26,f26,f13	 f26:0x80000001 f13:0x7fc00000 f26=0x80000001
      83015.000 ns	      8300	80001c24	28c015d3	fmax.s	f11,f0,f12	  f0:0x4f000410 f12:0xbf45b4e0 f11=0x4f000410
      83045.000 ns	      8303	80001c28	d00aff53	fcvt.s.w	f30,x21	 x21:0x65883dff f30=0x4ecb107b
      83095.000 ns	      8308	80001c2c	08600cd3	fsub.s	f25,f0,f6	  f0:0x4f000410  f6:0x00000000 f25=0x4f000410
      83115.000 ns	      8310	80001c30	01d97033	and	x0,x18,x29	 x18:0x00000000 x29:0xfffffa7d
      83125.000 ns	      8311	80001c34	f0b7d537	lui	x10,0xf0b7d	 x10=0xf0b7d000
      83145.000 ns	      8313	80001c38	d001a753	fcvt.s.w	f14,x3	  x3:0x00000000 f14=0x00000000
      83165.000 ns	      8315	80001c3c	00c6b033	sltu	x0,x13,x12	 x13:0x57a8ac08 x12:0x00000141
      83175.000 ns	      8316	80001c40	ba486613	ori	x12,x16,-1116	 x16:0x00000000 x12=0xfffffba4
      83535.000 ns	      8352	80001c44	0265ea33	rem	x20,x11,x6	 x11:0x00000000  x6:0x000000d8 x20=0x00000000
      83565.000 ns	      8355	80001c48	29dd1853	fmax.s	f16,f26,f29	 f26:0x80000001 f29:0x00000000 f16=0x00000000
      83595.000 ns	      8358	80001c4c	a1970753	fle.s	x14,f14,f25	 f14:0x00000000 f25:0x4f000410 x14=0x00000001
      83615.000 ns	      8360	80001c50	b3a6e193	ori	x3,x13,-1222	 x13:0x57a8ac08  x3=0xffffff3a
      83975.000 ns	      8396	80001c54	02d9c633	div	x12,x19,x13	 x19:0x150d2f3f x13:0x57a8ac08 x12=0x00000000
      84005.000 ns	      8399	80001c58	20431ad3	fsgnjn.s	f21,f6,f4	  f6:0x00000000  f4:0x00000000 f21=0x80000000
      84035.000 ns	      8402	80001c5c	211e92d3	fsgnjn.s	f5,f29,f17	 f29:0x00000000 f17:0x80000000  f5=0x00000000
      84065.000 ns	      8405	80001c60	e00e0253	fmv.x.w	x4,f28	 f28:0x7fc00000  x4=0x7fc00000
      84115.000 ns	      8410	80001c64	009a3fd3	fadd.s	f31,f20,f9	 f20:0x00000000  f9:0x7fc00000 f31=0x7fc00000
      84145.000 ns	      8413	80001c68	c00da3d3	fcvt.w.s	x7,f27	 f27:0x00000000  x7=0x00000000
      84515.000 ns	      8450	80001c6c	02807b33	remu	x22,x0,x8	  x0:0x00000000  x8:0xffffffff x22=0x00000000
      84545.000 ns	      8453	80001c70	20140ed3	fsgnj.s	f29,f8,f1	  f8:0x00000001  f1:0xcefff7e6 f29=0x80000001
      84595.000 ns	      8458	80001c74	009ef9d3	fadd.s	f19,f29,f9	 f29:0x00000000  f9:0x7fc00000 f19=0x7fc00000
      84615.000 ns	      8460	80001c78	40ea8a33	sub	x20,x21,x14	 x21:0x65883dff x14:0x00000001 x20=0x65883dfe
      84635.000 ns	      8462	80001c7c	21461653	fsgnjn.s	f12,f12,f20	 f12:0xbf45b4e0 f20:0x00000000 f12=0xbf45b4e0
      84665.000 ns	      8465	80001c80	a0140a53	fle.s	x20,f8,f1	  f8:0x00000001  f1:0xcefff7e6 x20=0x00000000
      84685.000 ns	      8467	80001c84	019946b3	xor	x13,x18,x25	 x18:0x00000000 x25:0x00000000 x13=0x00000000
      84695.000 ns	      8468	80001c88	003d85b3	add	x11,x27,x3	 x27:0x00000000  x3:0xffffff3a x11=0xffffff3a
      84715.000 ns	      8470	80001c8c	e00f8a53	fmv.x.w	x20,f31	 f31:0x7fc00000 x20=0x7fc00000
      84745.000 ns	      8473	80001c90	c00fa7d3	fcvt.w.s	x15,f31	 f31:0x7fc00000 x15=0x7fffffff
      85115.000 ns	      8510	80001c94	03aeeab3	rem	x21,x29,x26	 x29:0xfffffa7d x26:0x00000010 x21=0xfffffffd
      85145.000 ns	      8513	80001c98	e00386d3	fmv.x.w	x13,f7	  f7:0x00000000 x13=0x00000000
      85165.000 ns	      8515	80001c9c	01924033	xor	x0,x4,x25	  x4:0x7fc00000 x25:0x00000000
      85185.000 ns	      8517	80001ca0	03a59eb3	mulh	x29,x11,x26	 x11:0xffffff3a x26:0x00000010 x29=0xffffffff
      85205.000 ns	      8519	80001ca4	419a87b3	sub	x15,x21,x25	 x21:0xfffffffd x25:0x00000000 x15=0xfffffffd
      85215.000 ns	      8520	80001ca8	00e72633	slt	x12,x14,x14	 x14:0x00000001 x14:0x00000001 x12=0x00000000
      85225.000 ns	      8521	80001cac	8dd43c93	sltiu	x25,x8,-1827	  x8:0xffffffff x25=0x00000000
      85255.000 ns	      8524	80001cb0	19672753	fdiv.s	f14,f14,f22	 f14:0x00000000 f22:0xc71f1475 f14=0x80000000
      85275.000 ns	      8526	80001cb4	01d21f33	sll	x30,x4,x29	  x4:0x7fc00000 x29:0xffffffff x30=0x00000000
      85295.000 ns	      8528	80001cb8	e0040f53	fmv.x.w	x30,f8	  f8:0x00000001 x30=0x00000001
      85315.000 ns	      8530	80001cbc	0171c333	xor	x6,x3,x23	  x3:0xffffff3a x23:0x80041024  x6=0x7ffbef1e
      85335.000 ns	      8532	80001cc0	29ad0c53	fmin.s	f24,f26,f26	 f26:0x80000001 f26:0x80000001 f24=0x80000001
      85365.000 ns	      8535	80001cc4	d013f153	fcvt.s.wu	f2,x7	  x7:0x00000000  f2=0x00000000
      85395.000 ns	      8538	80001cc8	28d71ed3	fmax.s	f29,f14,f13	 f14:0x80000000 f13:0x7fc00000 f29=0x80000000
      85425.000 ns	      8541	80001ccc	d01f8753	fcvt.s.wu	f14,x31	 x31:0x00000009 f14=0x41100000
      85455.000 ns	      8544	80001cd0	02bb09b3	mul	x19,x22,x11	 x22:0x00000000 x11:0xffffff3a x19=0x00000000
      85475.000 ns	      8546	80001cd4	0055acb3	slt	x25,x11,x5	 x11:0xffffff3a  x5:0x000007d9 x25=0x00000001
      85485.000 ns	      8547	80001cd8	00c41233	sll	x4,x8,x12	  x8:0xffffffff x12:0x00000000  x4=0xffffffff
      85495.000 ns	      8548	80001cdc	014ed1b3	srl	x3,x29,x20	 x29:0xffffffff x20:0x7fc00000  x3=0xffffffff
      85505.000 ns	      8549	80001ce0	405f8ab3	sub	x21,x31,x5	 x31:0x00000009  x5:0x000007d9 x21=0xfffff830
      85545.000 ns	      8553	80001ce4	017182d3	fadd.s	f5,f3,f23	  f3:0xfffffdbc f23:0x4f000410  f5=0x7fc00000
      85565.000 ns	      8555	80001ce8	001d0333	add	x6,x26,x1	 x26:0x00000010  x1:0x00000000  x6=0x00000010
      85575.000 ns	      8556	80001cec	01123733	sltu	x14,x4,x17	  x4:0xffffffff x17:0x80040fe4 x14=0x00000000
      85585.000 ns	      8557	80001cf0	00823b33	sltu	x22,x4,x8	  x4:0xffffffff  x8:0xffffffff x22=0x00000000
      85595.000 ns	      8558	80001cf4	72f20017	auipc	x0,0x72f20	
      85615.000 ns	      8560	80001cf8	d01f2553	fcvt.s.wu	f10,x30	 x30:0x00000001 f10=0x3f800000
      85635.000 ns	      8562	80001cfc	00032e13	slti	x28,x6,0	  x6:0x00000010 x28=0x00000000
      85665.000 ns	      8565	80001d00	10fdf253	fmul.s	f4,f27,f15	 f27:0x00000000 f15:0x7fc00000  f4=0x7fc00000
      85705.000 ns	      8569	80001d04	58064353	fsqrt.s	f6,f12	 f12:0xbf45b4e0  f6=0x7fc00000
      85735.000 ns	      8572	80001d08	d0140cd3	fcvt.s.wu	f25,x8	  x8:0xffffffff f25=0x4f800000
      85765.000 ns	      8575	80001d0c	d011bf53	fcvt.s.wu	f30,x3	  x3:0xffffffff f30=0x4f800000
      85795.000 ns	      8578	80001d10	20e3ae53	fsgnjx.s	f28,f7,f14	  f7:0x00000000 f14:0x41100000 f28=0x00000000
      85825.000 ns	      8581	80001d14	209f8a53	fsgnj.s	f20,f31,f9	 f31:0x7fc00000  f9:0x7fc00000 f20=0x7fc00000
      85845.000 ns	      8583	80001d18	00a961b3	or	x3,x18,x10	 x18:0x00000000 x10:0xf0b7d000  x3=0xf0b7d000
      85855.000 ns	      8584	80001d1c	01fdb433	sltu	x8,x27,x31	 x27:0x00000000 x31:0x00000009  x8=0x00000001
      85865.000 ns	      8585	80001d20	01f01833	sll	x16,x0,x31	  x0:0x00000000 x31:0x00000009 x16=0x00000000
      85875.000 ns	      8586	80001d24	015b5433	srl	x8,x22,x21	 x22:0x00000000 x21:0xfffff830  x8=0x00000000
      85895.000 ns	      8588	80001d28	c00afa53	fcvt.w.s	x20,f21	 f21:0x80000000 x20=0x00000000
      85925.000 ns	      8591	80001d2c	28aa83d3	fmin.s	f7,f21,f10	 f21:0x80000000 f10:0x3f800000  f7=0x80000000
      85945.000 ns	      8593	80001d30	005562b3	or	x5,x10,x5	 x10:0xf0b7d000  x5:0x000007d9  x5=0xf0b7d7d9
      85965.000 ns	      8595	80001d34	29989fd3	fmax.s	f31,f17,f25	 f17:0x80000000 f25:0x4f800000 f31=0x4f800000
      85995.000 ns	      8598	80001d38	0221aa33	mulhsu	x20,x3,x2	  x3:0xf0b7d000  x2:0x57adae7c x20=0xfac4197d
      86025.000 ns	      8601	80001d3c	e00a16d3	fclass.s	x13,f20	 f20:0x7fc00000 x13=0x00000200
      86045.000 ns	      8603	80001d40	00000013	addi	x0,x0,0	  x0:0x00000000
      86065.000 ns	      8605	80001d44	e0011453	fclass.s	x8,f2	  f2:0x00000000  x8=0x00000010
      86085.000 ns	      8607	80001d48	4007d593	srai	x11,x15,0x0	 x15:0xfffffffd x11=0xfffffffd
      86125.000 ns	      8611	80001d4c	08affdd3	fsub.s	f27,f31,f10	 f31:0x4f800000 f10:0x3f800000 f27=0x4f7ffffe
      86155.000 ns	      8614	80001d50	20dfab53	fsgnjx.s	f22,f31,f13	 f31:0x4f800000 f13:0x7fc00000 f22=0x4f800000
      86205.000 ns	      8619	80001d54	081471d3	fsub.s	f3,f8,f1	  f8:0x00000001  f1:0xcefff7e6  f3=0x4efff7e6
      86225.000 ns	      8621	80001d58	00ad2eb3	slt	x29,x26,x10	 x26:0x00000010 x10:0xf0b7d000 x29=0x00000000
      86235.000 ns	      8622	80001d5c	0086f933	and	x18,x13,x8	 x13:0x00000200  x8:0x00000010 x18=0x00000000
      86245.000 ns	      8623	80001d60	00000013	addi	x0,x0,0	  x0:0x00000000
      86255.000 ns	      8624	80001d64	759b2b13	slti	x22,x22,1881	 x22:0x00000000 x22=0x00000001
      86265.000 ns	      8625	80001d68	fe24c697	auipc	x13,0xfe24c	 x13=0x7e24dd68
      86295.000 ns	      8628	80001d6c	11ab73d3	fmul.s	f7,f22,f26	 f22:0x4f800000 f26:0x80000001  f7=0x85000000
      86315.000 ns	      8630	80001d70	00331033	sll	x0,x6,x3	  x6:0x00000010  x3:0xf0b7d000
      86325.000 ns	      8631	80001d74	e2cab337	lui	x6,0xe2cab	  x6=0xe2cab000
      86335.000 ns	      8632	80001d78	00c71833	sll	x16,x14,x12	 x14:0x00000000 x12:0x00000000 x16=0x00000000
      86355.000 ns	      8634	80001d7c	a1ef8cd3	fle.s	x25,f31,f30	 f31:0x4f800000 f30:0x4f800000 x25=0x00000001
      86375.000 ns	      8636	80001d80	01736f33	or	x30,x6,x23	  x6:0xe2cab000 x23:0x80041024 x30=0xe2ceb024
      86385.000 ns	      8637	80001d84	0034ed33	or	x26,x9,x3	  x9:0x00000001  x3:0xf0b7d000 x26=0xf0b7d001
      86405.000 ns	      8639	80001d88	217d9153	fsgnjn.s	f2,f27,f23	 f27:0x4f7ffffe f23:0x4f000410  f2=0xcf7ffffe
      86435.000 ns	      8642	80001d8c	20191cd3	fsgnjn.s	f25,f18,f1	 f18:0x00000000  f1:0xcefff7e6 f25=0x00000000
      86455.000 ns	      8644	80001d90	00379f33	sll	x30,x15,x3	 x15:0xfffffffd  x3:0xf0b7d000 x30=0xfffffffd
      86475.000 ns	      8646	80001d94	20a50cd3	fsgnj.s	f25,f10,f10	 f10:0x3f800000 f10:0x3f800000 f25=0x3f800000
      86495.000 ns	      8648	80001d98	002161b3	or	x3,x2,x2	  x2:0x57adae7c  x2:0x57adae7c  x3=0x57adae7c
      86515.000 ns	      8650	80001d9c	a0ad0dd3	fle.s	x27,f26,f10	 f26:0x80000001 f10:0x3f800000 x27=0x00000001
      86545.000 ns	      8653	80001da0	02189d33	mulh	x26,x17,x1	 x17:0x80040fe4  x1:0x00000000 x26=0x00000000
      86565.000 ns	      8655	80001da4	00000013	addi	x0,x0,0	  x0:0x00000000
      86575.000 ns	      8656	80001da8	001f0833	add	x16,x30,x1	 x30:0xfffffffd  x1:0x00000000 x16=0xfffffffd
      86905.000 ns	      8689	80001dac	18342b53	fdiv.s	f22,f8,f3	  f8:0x00000001  f3:0x4efff7e6 f22=0x00000000
      86925.000 ns	      8691	80001db0	01de7633	and	x12,x28,x29	 x28:0x00000000 x29:0x00000000 x12=0x00000000
      86945.000 ns	      8693	80001db4	c00b7653	fcvt.w.s	x12,f22	 f22:0x00000000 x12=0x00000000
      86965.000 ns	      8695	80001db8	40f759b3	sra	x19,x14,x15	 x14:0x00000000 x15:0xfffffffd x19=0x00000000
      86985.000 ns	      8697	80001dbc	0301b9b3	mulhu	x19,x3,x16	  x3:0x57adae7c x16:0xfffffffd x19=0x57adae7a
      87355.000 ns	      8734	80001dc0	02a0c7b3	div	x15,x1,x10	  x1:0x00000000 x10:0xf0b7d000 x15=0x00000000
      87385.000 ns	      8737	80001dc4	a1111d53	flt.s	x26,f2,f17	  f2:0xcf7ffffe f17:0x80000000 x26=0x00000001
      87405.000 ns	      8739	80001dc8	00a6d5b3	srl	x11,x13,x10	 x13:0x7e24dd68 x10:0xf0b7d000 x11=0x7e24dd68
      87425.000 ns	      8741	80001dcc	215d0053	fsgnj.s	f0,f26,f21	 f26:0x80000001 f21:0x80000000  f0=0x80000001
      87455.000 ns	      8744	80001dd0	215b0853	fsgnj.s	f16,f22,f21	 f22:0x00000000 f21:0x80000000 f16=0x80000000
      87485.000 ns	      8747	80001dd4	f0030c53	fmv.w.x	f24,x6	  x6:0xe2cab000 f24=0xe2cab000
      87515.000 ns	      8750	80001dd8	d01e78d3	fcvt.s.wu	f17,x28	 x28:0x00000000 f17=0x00000000
      87535.000 ns	      8752	80001ddc	01635db3	srl	x27,x6,x22	  x6:0xe2cab000 x22:0x00000001 x27=0x71655800
      87545.000 ns	      8753	80001de0	65777193	andi	x3,x14,1623	 x14:0x00000000  x3=0x00000000
      87565.000 ns	      8755	80001de4	02a92533	mulhsu	x10,x18,x10	 x18:0x00000000 x10:0xf0b7d000 x10=0x00000000
      87935.000 ns	      8792	80001de8	0244d9b3	divu	x19,x9,x4	  x9:0x00000001  x4:0xffffffff x19=0x00000000
      87955.000 ns	      8794	80001dec	0101e533	or	x10,x3,x16	  x3:0x00000000 x16:0xfffffffd x10=0xfffffffd
      87965.000 ns	      8795	80001df0	ffdd2a13	slti	x20,x26,-3	 x26:0x00000001 x20=0x00000000
      87985.000 ns	      8797	80001df4	e00f8053	fmv.x.w	x0,f31	 f31:0x4f800000
      88005.000 ns	      8799	80001df8	a97c0997	auipc	x19,0xa97c0	 x19=0x297c1df8
      88025.000 ns	      8801	80001dfc	d017acd3	fcvt.s.wu	f25,x15	 x15:0x00000000 f25=0x00000000
      88055.000 ns	      8804	80001e00	e00614d3	fclass.s	x9,f12	 f12:0xbf45b4e0  x9=0x00000002
      88105.000 ns	      8809	80001e04	004e9ed3	fadd.s	f29,f29,f4	 f29:0x80000000  f4:0x7fc00000 f29=0x7fc00000
      88125.000 ns	      8811	80001e08	7365a437	lui	x8,0x7365a	  x8=0x7365a000
      88145.000 ns	      8813	80001e0c	d00e9553	fcvt.s.w	f10,x29	 x29:0x00000000 f10=0x00000000
      88175.000 ns	      8816	80001e10	e0001e53	fclass.s	x28,f0	  f0:0x80000001 x28=0x00000004
      88205.000 ns	      8819	80001e14	210482d3	fsgnj.s	f5,f9,f16	  f9:0x7fc00000 f16:0x80000000  f5=0xffc00000
      88225.000 ns	      8821	80001e18	84111717	auipc	x14,0x84111	 x14=0x04112e18
      88235.000 ns	      8822	80001e1c	4064ce93	xori	x29,x9,1030	  x9:0x00000002 x29=0x00000404
      88245.000 ns	      8823	80001e20	28cf8013	addi	x0,x31,652	 x31:0x00000009
      88255.000 ns	      8824	80001e24	d3c38937	lui	x18,0xd3c38	 x18=0xd3c38000
      88265.000 ns	      8825	80001e28	0067d7b3	srl	x15,x15,x6	 x15:0x00000000  x6:0xe2cab000 x15=0x00000000
      88305.000 ns	      8829	80001e2c	09991153	fsub.s	f2,f18,f25	 f18:0x00000000 f25:0x00000000  f2=0x80000000
      88335.000 ns	      8832	80001e30	f00d8d53	fmv.w.x	f26,x27	 x27:0x71655800 f26=0x71655800
      88365.000 ns	      8835	80001e34	2101af53	fsgnjx.s	f30,f3,f16	  f3:0x4efff7e6 f16:0x80000000 f30=0xcefff7e6
      88395.000 ns	      8838	80001e38	c00e0e53	fcvt.w.s	x28,f28	 f28:0x00000000 x28=0x00000000
      88425.000 ns	      8841	80001e3c	023da9b3	mulhsu	x19,x27,x3	 x27:0x71655800  x3:0x00000000 x19=0x00000000
      88445.000 ns	      8843	80001e40	28b42013	slti	x0,x8,651	  x8:0x7365a000
      88465.000 ns	      8845	80001e44	e0080ad3	fmv.x.w	x21,f16	 f16:0x80000000 x21=0x80000000
      88515.000 ns	      8850	80001e48	01403953	fadd.s	f18,f0,f20	  f0:0x80000001 f20:0x7fc00000 f18=0x7fc00000
      88535.000 ns	      8852	80001e4c	a4e4ac93	slti	x25,x9,-1458	  x9:0x00000002 x25=0x00000000
      88545.000 ns	      8853	80001e50	6ccda513	slti	x10,x27,1740	 x27:0x71655800 x10=0x00000000
      88565.000 ns	      8855	80001e54	21ab1f53	fsgnjn.s	f30,f22,f26	 f22:0x00000000 f26:0x71655800 f30=0x80000000
      88595.000 ns	      8858	80001e58	d0197553	fcvt.s.wu	f10,x18	 x18:0xd3c38000 f10=0x4f53c380
      88615.000 ns	      8860	80001e5c	01cd62b3	or	x5,x26,x28	 x26:0x00000001 x28:0x00000000  x5=0x00000001
      88625.000 ns	      8861	80001e60	016929b3	slt	x19,x18,x22	 x18:0xd3c38000 x22:0x00000001 x19=0x00000001
      88645.000 ns	      8863	80001e64	a1daab53	feq.s	x22,f21,f29	 f21:0x80000000 f29:0x7fc00000 x22=0x00000000
      89015.000 ns	      8900	80001e68	0335f733	remu	x14,x11,x19	 x11:0x7e24dd68 x19:0x00000000 x14=0x00000000
      89045.000 ns	      8903	80001e6c	c01e7dd3	fcvt.wu.s	x27,f28	 f28:0x00000000 x27=0x00000000
      89065.000 ns	      8905	80001e70	01be8233	add	x4,x29,x27	 x29:0x00000404 x27:0x71655800  x4=0x00000404
      89075.000 ns	      8906	80001e74	59451697	auipc	x13,0x59451	 x13=0xd9452e74
      89095.000 ns	      8908	80001e78	a0f58d53	fle.s	x26,f11,f15	 f11:0x4f000410 f15:0x7fc00000 x26=0x00000000
      89115.000 ns	      8910	80001e7c	e7e76693	ori	x13,x14,-386	 x14:0x00000000 x13=0xfffffe7e
      89135.000 ns	      8912	80001e80	03833733	mulhu	x14,x6,x24	  x6:0xe2cab000 x24:0x00000000 x14=0x00000000
      89185.000 ns	      8917	80001e84	08cbf6d3	fsub.s	f13,f23,f12	 f23:0x4f000410 f12:0xbf45b4e0 f13=0x4f000410
      89205.000 ns	      8919	80001e88	002e5c93	srli	x25,x28,0x2	 x28:0x00000000 x25=0x00000000
      89215.000 ns	      8920	80001e8c	01676833	or	x16,x14,x22	 x14:0x00000000 x22:0x00000000 x16=0x00000000
      89235.000 ns	      8922	80001e90	283b1fd3	fmax.s	f31,f22,f3	 f22:0x00000000  f3:0x4efff7e6 f31=0x4efff7e6
      89275.000 ns	      8926	80001e94	1042f5d3	fmul.s	f11,f5,f4	  f5:0xffc00000  f4:0x7fc00000 f11=0x7fc00000
      89295.000 ns	      8928	80001e98	017753b3	srl	x7,x14,x23	 x14:0x00000000 x23:0x80041024  x7=0x00000000
      89305.000 ns	      8929	80001e9c	2111b513	sltiu	x10,x3,529	  x3:0x00000000 x10=0x00000001
      89325.000 ns	      8931	80001ea0	e00a99d3	fclass.s	x19,f21	 f21:0x80000000 x19=0x00000008
      89355.000 ns	      8934	80001ea4	0390b533	mulhu	x10,x1,x25	  x1:0x00000000 x25:0x00000000 x10=0x00000000
      89725.000 ns	      8971	80001ea8	024acf33	div	x30,x21,x4	 x21:0x80000000  x4:0x00000404 x30=0xffe01fe1
      89745.000 ns	      8973	80001eac	e36e8093	addi	x1,x29,-458	 x29:0x00000404  x1=0x0000023a
      89755.000 ns	      8974	80001eb0	6c7fe413	ori	x8,x31,1735	 x31:0x00000009  x8=0x000006cf
      89765.000 ns	      8975	80001eb4	89bd7597	auipc	x11,0x89bd7	 x11=0x09bd8eb4
      89785.000 ns	      8977	80001eb8	02913f33	mulhu	x30,x2,x9	  x2:0x57adae7c  x9:0x00000002 x30=0x00000000
      89805.000 ns	      8979	80001ebc	010e1cb3	sll	x25,x28,x16	 x28:0x00000000 x16:0x00000000 x25=0x00000000
      89825.000 ns	      8981	80001ec0	f0000f53	fmv.w.x	f30,x0	  x0:0x00000000 f30=0x00000000
      89845.000 ns	      8983	80001ec4	41e6d793	srai	x15,x13,0x1e	 x13:0xfffffe7e x15=0xffffffff
      89855.000 ns	      8984	80001ec8	01745133	srl	x2,x8,x23	  x8:0x000006cf x23:0x80041024  x2=0x0000006c
      89875.000 ns	      8986	80001ecc	205583d3	fsgnj.s	f7,f11,f5	 f11:0x7fc00000  f5:0xffc00000  f7=0xffc00000
      89895.000 ns	      8988	80001ed0	000ee2b3	or	x5,x29,x0	 x29:0x00000404  x0:0x00000000  x5=0x00000404
      89905.000 ns	      8989	80001ed4	419959b3	sra	x19,x18,x25	 x18:0xd3c38000 x25:0x00000000 x19=0xd3c38000
      89915.000 ns	      8990	80001ed8	00dabd13	sltiu	x26,x21,13	 x21:0x80000000 x26=0x00000000
      89925.000 ns	      8991	80001edc	66658837	lui	x16,0x66658	 x16=0x66658000
      89965.000 ns	      8995	80001ee0	01b1fed3	fadd.s	f29,f3,f27	  f3:0x4efff7e6 f27:0x4f7ffffe f29=0x4fbffdf8
      89985.000 ns	      8997	80001ee4	01ad2333	slt	x6,x26,x26	 x26:0x00000000 x26:0x00000000  x6=0x00000000
      89995.000 ns	      8998	80001ee8	01e37833	and	x16,x6,x30	  x6:0xe2cab000 x30:0x00000000 x16=0x00000000
      90005.000 ns	      8999	80001eec	8c60e493	ori	x9,x1,-1850	  x1:0x0000023a  x9=0xfffffafe
      90025.000 ns	      9001	80001ef0	207719d3	fsgnjn.s	f19,f14,f7	 f14:0x41100000  f7:0xffc00000 f19=0x41100000
      90045.000 ns	      9003	80001ef4	01b202b3	add	x5,x4,x27	  x4:0x00000404 x27:0x00000000  x5=0x00000404
      90065.000 ns	      9005	80001ef8	03321c33	mulh	x24,x4,x19	  x4:0x00000404 x19:0xd3c38000 x24=0xffffff4e
      90095.000 ns	      9008	80001efc	03efd233	divu	x4,x31,x30	 x31:0x00000009 x30:0x00000000  x4=0xffffffff
      90115.000 ns	      9010	80001f00	bd37e513	ori	x10,x15,-1069	 x15:0xffffffff x10=0xffffffff
      90445.000 ns	      9043	80001f04	197ef4d3	fdiv.s	f9,f29,f23	 f29:0x4fbffdf8 f23:0x4f000410  f9=0x3fbffdf8
      90465.000 ns	      9045	80001f08	04c73593	sltiu	x11,x14,76	 x14:0x00000000 x11=0x00000001
      90485.000 ns	      9047	80001f0c	c010f853	fcvt.wu.s	x16,f1	  f1:0xcefff7e6 x16=0x7ffbf300
      90505.000 ns	      9049	80001f10	b864a713	slti	x14,x9,-1146	  x9:0xfffffafe x14=0x00000001
      90525.000 ns	      9051	80001f14	029f22b3	mulhsu	x5,x30,x9	 x30:0x00000000  x9:0xfffffafe  x5=0x00000000
      90545.000 ns	      9053	80001f18	00c9ca33	xor	x20,x19,x12	 x19:0xd3c38000 x12:0x00000000 x20=0xd3c38000
      90555.000 ns	      9054	80001f1c	406cd813	srai	x16,x25,0x6	 x25:0x00000000 x16=0x00000000
      90575.000 ns	      9056	80001f20	20c008d3	fsgnj.s	f17,f0,f12	  f0:0x80000001 f12:0xbf45b4e0 f17=0x80000001
      90595.000 ns	      9058	80001f24	406bd013	srai	x0,x23,0x6	 x23:0x80041024
      90605.000 ns	      9059	80001f28	40465c93	srai	x25,x12,0x4	 x12:0x00000000 x25=0x00000000
      90625.000 ns	      9061	80001f2c	c0184853	fcvt.wu.s	x16,f16	 f16:0x80000000 x16=0x00000000
      90655.000 ns	      9064	80001f30	02b603b3	mul	x7,x12,x11	 x12:0x00000000 x11:0x00000001  x7=0x00000000
      90685.000 ns	      9067	80001f34	29a094d3	fmax.s	f9,f1,f26	  f1:0xcefff7e6 f26:0x71655800  f9=0x71655800
      90705.000 ns	      9069	80001f38	4ac4ec93	ori	x25,x9,1196	  x9:0xfffffafe x25=0xfffffefe
      90715.000 ns	      9070	80001f3c	01d61cb3	sll	x25,x12,x29	 x12:0x00000000 x29:0x00000404 x25=0x00000000
      90735.000 ns	      9072	80001f40	035b3f33	mulhu	x30,x22,x21	 x22:0x00000000 x21:0x80000000 x30=0x00000000
      90765.000 ns	      9075	80001f44	03453c33	mulhu	x24,x10,x20	 x10:0xffffffff x20:0xd3c38000 x24=0xd3c37fff
      90785.000 ns	      9077	80001f48	5fb3bb13	sltiu	x22,x7,1531	  x7:0x00000000 x22=0x00000001
      90795.000 ns	      9078	80001f4c	1c906613	ori	x12,x0,457	  x0:0x00000000 x12=0x000001c9
      90815.000 ns	      9080	80001f50	0341b733	mulhu	x14,x3,x20	  x3:0x00000000 x20:0xd3c38000 x14=0x00000000
      90845.000 ns	      9083	80001f54	035f0933	mul	x18,x30,x21	 x30:0x00000000 x21:0x80000000 x18=0x00000000
      90875.000 ns	      9086	80001f58	c01aa853	fcvt.wu.s	x16,f21	 f21:0x80000000 x16=0x00000000
      90915.000 ns	      9090	80001f5c	102f45d3	fmul.s	f11,f30,f2	 f30:0x00000000  f2:0x80000000 f11=0x80000000
      90945.000 ns	      9093	80001f60	0291bcb3	mulhu	x25,x3,x9	  x3:0x00000000  x9:0xfffffafe x25=0x00000000
      90985.000 ns	      9097	80001f64	11613753	fmul.s	f14,f2,f22	  f2:0x80000000 f22:0x00000000 f14=0x80000000
      91015.000 ns	      9100	80001f68	023d1033	mulh	x0,x26,x3	 x26:0x00000000  x3:0x00000000
      91045.000 ns	      9103	80001f6c	027fd133	divu	x2,x31,x7	 x31:0x00000009  x7:0x00000000  x2=0xffffffff
      91065.000 ns	      9105	80001f70	01529833	sll	x16,x5,x21	  x5:0x00000000 x21:0x80000000 x16=0x00000000
      91085.000 ns	      9107	80001f74	f0088853	fmv.w.x	f16,x17	 x17:0x80040fe4 f16=0x80040fe4
      91115.000 ns	      9110	80001f78	03a427b3	mulhsu	x15,x8,x26	  x8:0x000006cf x26:0x00000000 x15=0x00000000
      91145.000 ns	      9113	80001f7c	f00b0253	fmv.w.x	f4,x22	 x22:0x00000001  f4=0x00000001
      91165.000 ns	      9115	80001f80	41c657b3	sra	x15,x12,x28	 x12:0x000001c9 x28:0x00000000 x15=0x000001c9
      91175.000 ns	      9116	80001f84	c8630517	auipc	x10,0xc8630	 x10=0x48631f84
      91195.000 ns	      9118	80001f88	e0060453	fmv.x.w	x8,f12	 f12:0xbf45b4e0  x8=0xbf45b4e0
      91215.000 ns	      9120	80001f8c	01dd9233	sll	x4,x27,x29	 x27:0x00000000 x29:0x00000404  x4=0x00000000
      91225.000 ns	      9121	80001f90	7998b193	sltiu	x3,x17,1945	 x17:0x80040fe4  x3=0x00000000
      91235.000 ns	      9122	80001f94	0099f0b3	and	x1,x19,x9	 x19:0xd3c38000  x9:0xfffffafe  x1=0xd3c38000
      91595.000 ns	      9158	80001f98	0384f233	remu	x4,x9,x24	  x9:0xfffffafe x24:0xd3c37fff  x4=0x2c3c7aff
      91615.000 ns	      9160	80001f9c	724d0713	addi	x14,x26,1828	 x26:0x00000000 x14=0x00000724
      91625.000 ns	      9161	80001fa0	bc598913	addi	x18,x19,-1083	 x19:0xd3c38000 x18=0xd3c37bc5
      91645.000 ns	      9163	80001fa4	e00b9953	fclass.s	x18,f23	 f23:0x4f000410 x18=0x00000040
      91675.000 ns	      9166	80001fa8	28df84d3	fmin.s	f9,f31,f13	 f31:0x4efff7e6 f13:0x4f000410  f9=0x4efff7e6
      91725.000 ns	      9171	80001fac	094bb853	fsub.s	f16,f23,f20	 f23:0x4f000410 f20:0x7fc00000 f16=0x7fc00000
      91755.000 ns	      9174	80001fb0	022884b3	mul	x9,x17,x2	 x17:0x80040fe4  x2:0xffffffff  x9=0x7ffbf01c
      91785.000 ns	      9177	80001fb4	03ecc033	div	x0,x25,x30	 x25:0x00000000 x30:0x00000000
      91805.000 ns	      9179	80001fb8	01a91f33	sll	x30,x18,x26	 x18:0x00000040 x26:0x00000000 x30=0x00000040
      91825.000 ns	      9181	80001fbc	d00937d3	fcvt.s.w	f15,x18	 x18:0x00000040 f15=0x42800000
      91845.000 ns	      9183	80001fc0	3213ce13	xori	x28,x7,801	  x7:0x00000000 x28=0x00000321
      91865.000 ns	      9185	80001fc4	038481b3	mul	x3,x9,x24	  x9:0x7ffbf01c x24:0xd3c37fff  x3=0x71660fe4
      91895.000 ns	      9188	80001fc8	02fb81b3	mul	x3,x23,x15	 x23:0x80041024 x15:0x000001c9  x3=0x8740d044
      91925.000 ns	      9191	80001fcc	d018f0d3	fcvt.s.wu	f1,x17	 x17:0x80040fe4  f1=0x4f00040f
      92295.000 ns	      9228	80001fd0	033ec433	div	x8,x29,x19	 x29:0x00000404 x19:0xd3c38000  x8=0x00000000
      92325.000 ns	      9231	80001fd4	f0010753	fmv.w.x	f14,x2	  x2:0xffffffff f14=0xffffffff
      92345.000 ns	      9233	80001fd8	01ef11b3	sll	x3,x30,x30	 x30:0x00000040 x30:0x00000040  x3=0x00000040
      92355.000 ns	      9234	80001fdc	002ef333	and	x6,x29,x2	 x29:0x00000404  x2:0xffffffff  x6=0x00000404
      92715.000 ns	      9270	80001fe0	03d145b3	div	x11,x2,x29	  x2:0xffffffff x29:0x00000404 x11=0x00000000
      92735.000 ns	      9272	80001fe4	40775633	sra	x12,x14,x7	 x14:0x00000724  x7:0x00000000 x12=0x00000724
      92745.000 ns	      9273	80001fe8	f9c9ac13	slti	x24,x19,-100	 x19:0xd3c38000 x24=0x00000001
      92765.000 ns	      9275	80001fec	2005a5d3	fsgnjx.s	f11,f11,f0	 f11:0x80000000  f0:0x80000001 f11=0x00000000
      92795.000 ns	      9278	80001ff0	e0089cd3	fclass.s	x25,f17	 f17:0x80000001 x25=0x00000004
      92815.000 ns	      9280	80001ff4	76d03213	sltiu	x4,x0,1901	  x0:0x00000000  x4=0x00000001
      93175.000 ns	      9316	80001ff8	035a5b33	divu	x22,x20,x21	 x20:0xd3c38000 x21:0x80000000 x22=0x00000001
      93195.000 ns	      9318	80001ffc	01376eb3	or	x29,x14,x19	 x14:0x00000724 x19:0xd3c38000 x29=0xd3c38724
      93215.000 ns	      9320	80002000	0225b133	mulhu	x2,x11,x2	 x11:0x00000000  x2:0xffffffff  x2=0x00000000
      93235.000 ns	      9322	80002004	40680e33	sub	x28,x16,x6	 x16:0x00000000  x6:0x00000404 x28=0xfffffbfc
      93595.000 ns	      9358	80002008	0319e2b3	rem	x5,x19,x17	 x19:0xd3c38000 x17:0x80040fe4  x5=0xd3c38000
      93625.000 ns	      9361	8000200c	f0028a53	fmv.w.x	f20,x5	  x5:0x00000000 f20=0xd3c38000
      93645.000 ns	      9363	80002010	e75bd137	lui	x2,0xe75bd	  x2=0xe75bd000
      93675.000 ns	      9366	80002014	5805a153	fsqrt.s	f2,f11	 f11:0x00000000  f2=0x00000000
      93705.000 ns	      9369	80002018	285d9353	fmax.s	f6,f27,f5	 f27:0x4f7ffffe  f5:0xffc00000  f6=0x4f7ffffe
      93725.000 ns	      9371	8000201c	01ffd633	srl	x12,x31,x31	 x31:0x00000009 x31:0x00000009 x12=0x00000000
      93735.000 ns	      9372	80002020	5a943293	sltiu	x5,x8,1449	  x8:0x00000000  x5=0x00000001
      93755.000 ns	      9374	80002024	032192b3	mulh	x5,x3,x18	  x3:0x00000040 x18:0x00000040  x5=0x00000000
      93775.000 ns	      9376	80002028	5768b637	lui	x12,0x5768b	 x12=0x5768b000
      93795.000 ns	      9378	8000202c	a1d62153	feq.s	x2,f12,f29	 f12:0xbf45b4e0 f29:0x4fbffdf8  x2=0x00000000
      93815.000 ns	      9380	80002030	5e5a3a97	auipc	x21,0x5e5a3	 x21=0xde5a5030
      93825.000 ns	      9381	80002034	00c7a4b3	slt	x9,x15,x12	 x15:0x000001c9 x12:0x5768b000  x9=0x00000001
      93865.000 ns	      9385	80002038	01d97ad3	fadd.s	f21,f18,f29	 f18:0x7fc00000 f29:0x4fbffdf8 f21=0x7fc00000
      93895.000 ns	      9388	8000203c	029d1633	mulh	x12,x26,x9	 x26:0x00000000  x9:0x7ffbf01c x12=0x00000000
      93915.000 ns	      9390	80002040	09d5ce37	lui	x28,0x9d5c	 x28=0x09d5c000
      93925.000 ns	      9391	80002044	01139713	slli	x14,x7,0x11	  x7:0x00000000 x14=0x00000000
      93935.000 ns	      9392	80002048	58293793	sltiu	x15,x18,1410	 x18:0x00000040 x15=0x00000001
      93955.000 ns	      9394	8000204c	c01b7853	fcvt.wu.s	x16,f22	 f22:0x00000000 x16=0x00000000
      93975.000 ns	      9396	80002050	40f20db3	sub	x27,x4,x15	  x4:0x00000001 x15:0x000001c9 x27=0x00000000
      93985.000 ns	      9397	80002054	02c8b093	sltiu	x1,x17,44	 x17:0x80040fe4  x1=0x00000000
      93995.000 ns	      9398	80002058	50ed2793	slti	x15,x26,1294	 x26:0x00000000 x15=0x00000001
      94015.000 ns	      9400	8000205c	213f16d3	fsgnjn.s	f13,f30,f19	 f30:0x00000000 f19:0x41100000 f13=0x80000000
      94035.000 ns	      9402	80002060	46a83613	sltiu	x12,x16,1130	 x16:0x00000000 x12=0x00000001
      94045.000 ns	      9403	80002064	87656b17	auipc	x22,0x87656	 x22=0x07658064
      94405.000 ns	      9439	80002068	035b4833	div	x16,x22,x21	 x22:0x00000001 x21:0xde5a5030 x16=0x00000000
      94435.000 ns	      9442	8000206c	28c31353	fmax.s	f6,f6,f12	  f6:0x4f7ffffe f12:0xbf45b4e0  f6=0x4f7ffffe
      94455.000 ns	      9444	80002070	408adab3	sra	x21,x21,x8	 x21:0xde5a5030  x8:0x00000000 x21=0xde5a5030
      94485.000 ns	      9447	80002074	106595d3	fmul.s	f11,f11,f6	 f11:0x00000000  f6:0x4f7ffffe f11=0x00000000
      94505.000 ns	      9449	80002078	40dbd4b3	sra	x9,x23,x13	 x23:0x80041024 x13:0xfffffe7e  x9=0xfffffffe
      94515.000 ns	      9450	8000207c	00119ab3	sll	x21,x3,x1	  x3:0x00000040  x1:0x00000000 x21=0x00000040
      94525.000 ns	      9451	80002080	01fe72b3	and	x5,x28,x31	 x28:0x09d5c000 x31:0x00000009  x5=0x00000000
      94535.000 ns	      9452	80002084	003975b3	and	x11,x18,x3	 x18:0x00000040  x3:0x00000040 x11=0x00000040
      94565.000 ns	      9455	80002088	116c10d3	fmul.s	f1,f24,f22	 f24:0xe2cab000 f22:0x00000000  f1=0x80000000
      94585.000 ns	      9457	8000208c	c94ee693	ori	x13,x29,-876	 x29:0xd3c38724 x13=0xffffffb4
      94605.000 ns	      9459	80002090	c0037253	fcvt.w.s	x4,f6	  f6:0x4f7ffffe  x4=0x7fffffff
      94635.000 ns	      9462	80002094	e00b0453	fmv.x.w	x8,f22	 f22:0x00000000  x8=0x00000000
      94655.000 ns	      9464	80002098	161cc493	xori	x9,x25,353	 x25:0x00000004  x9=0x00000165
      94675.000 ns	      9466	8000209c	218e1d53	fsgnjn.s	f26,f28,f24	 f28:0x00000000 f24:0xe2cab000 f26=0x00000000
      94705.000 ns	      9469	800020a0	031c9533	mulh	x10,x25,x17	 x25:0x00000004 x17:0x80040fe4 x10=0xfffffffe
      95075.000 ns	      9506	800020a4	0386c4b3	div	x9,x13,x24	 x13:0xffffffb4 x24:0x00000001  x9=0xffffffb4
      95105.000 ns	      9509	800020a8	a09a89d3	fle.s	x19,f21,f9	 f21:0x7fc00000  f9:0x4efff7e6 x19=0x00000000
      95135.000 ns	      9512	800020ac	027c7533	remu	x10,x24,x7	 x24:0x00000001  x7:0x00000000 x10=0x00000001
      95165.000 ns	      9515	800020b0	e00a90d3	fclass.s	x1,f21	 f21:0x7fc00000  x1=0x00000200
      95195.000 ns	      9518	800020b4	a0af2153	feq.s	x2,f30,f10	 f30:0x00000000 f10:0x4f53c380  x2=0x00000000
      95245.000 ns	      9523	800020b8	0838f8d3	fsub.s	f17,f17,f3	 f17:0x80000001  f3:0x4efff7e6 f17=0xcefff7e6
      95275.000 ns	      9526	800020bc	02fe0533	mul	x10,x28,x15	 x28:0x09d5c000 x15:0x00000001 x10=0x09d5c000
      95295.000 ns	      9528	800020c0	6773b513	sltiu	x10,x7,1655	  x7:0x00000000 x10=0x00000001
      95315.000 ns	      9530	800020c4	03ad5eb3	divu	x29,x26,x26	 x26:0x00000000 x26:0x00000000 x29=0xffffffff
      95345.000 ns	      9533	800020c8	e0009f53	fclass.s	x30,f1	  f1:0x80000000 x30=0x00000008
      95375.000 ns	      9536	800020cc	29fc82d3	fmin.s	f5,f25,f31	 f25:0x00000000 f31:0x4efff7e6  f5=0x00000000
      95405.000 ns	      9539	800020d0	f0068953	fmv.w.x	f18,x13	 x13:0xffffffb4 f18=0xffffffb4
      95455.000 ns	      9544	800020d4	00f5fbd3	fadd.s	f23,f11,f15	 f11:0x00000000 f15:0x42800000 f23=0x42800000
      95485.000 ns	      9547	800020d8	d0189c53	fcvt.s.wu	f24,x17	 x17:0x80040fe4 f24=0x4f00040f
      95515.000 ns	      9550	800020dc	28eb0153	fmin.s	f2,f22,f14	 f22:0x00000000 f14:0xffffffff  f2=0x00000000
      95545.000 ns	      9553	800020e0	e0068ad3	fmv.x.w	x21,f13	 f13:0x80000000 x21=0x80000000
      95585.000 ns	      9557	800020e4	10a5ffd3	fmul.s	f31,f11,f10	 f11:0x00000000 f10:0x4f53c380 f31=0x00000000
      95605.000 ns	      9559	800020e8	406bd213	srai	x4,x23,0x6	 x23:0x80041024  x4=0xfe001040
      95625.000 ns	      9561	800020ec	a18c92d3	flt.s	x5,f25,f24	 f25:0x00000000 f24:0x4f00040f  x5=0x00000001
      95645.000 ns	      9563	800020f0	00c95593	srli	x11,x18,0xc	 x18:0x00000040 x11=0x00000000
      95975.000 ns	      9596	800020f4	18cd84d3	fdiv.s	f9,f27,f12	 f27:0x4f7ffffe f12:0xbf45b4e0  f9=0xcfdd5f0a
      96345.000 ns	      9633	800020f8	0314c5b3	div	x11,x9,x17	  x9:0xffffffb4 x17:0x80040fe4 x11=0x00000000
      96375.000 ns	      9636	800020fc	025793b3	mulh	x7,x15,x5	 x15:0x00000001  x5:0x00000001  x7=0x00000000
      96415.000 ns	      9640	80002100	5806f453	fsqrt.s	f8,f13	 f13:0x80000000  f8=0x80000000
      96435.000 ns	      9642	80002104	01cf5693	srli	x13,x30,0x1c	 x30:0x00000008 x13=0x00000000
      96455.000 ns	      9644	80002108	d00b78d3	fcvt.s.w	f17,x22	 x22:0x07658064 f17=0x4cecb00c
      96505.000 ns	      9649	8000210c	09e799d3	fsub.s	f19,f15,f30	 f15:0x42800000 f30:0x00000000 f19=0x42800000
      96525.000 ns	      9651	80002110	c6568593	addi	x11,x13,-923	 x13:0x00000000 x11=0xfffffc65
      96535.000 ns	      9652	80002114	d0557d93	andi	x27,x10,-763	 x10:0x00000001 x27=0x00000001
      96555.000 ns	      9654	80002118	c00697d3	fcvt.w.s	x15,f13	 f13:0x80000000 x15=0x00000000
      96585.000 ns	      9657	8000211c	28e21353	fmax.s	f6,f4,f14	  f4:0x00000001 f14:0xffffffff  f6=0x00000001
      96615.000 ns	      9660	80002120	288594d3	fmax.s	f9,f11,f8	 f11:0x00000000  f8:0x80000000  f9=0x00000000
      96985.000 ns	      9697	80002124	029d4d33	div	x26,x26,x9	 x26:0x00000000  x9:0xffffffb4 x26=0x00000000
      97015.000 ns	      9700	80002128	02eb1333	mulh	x6,x22,x14	 x22:0x07658064 x14:0x00000000  x6=0x00000000
      97035.000 ns	      9702	8000212c	00eda333	slt	x6,x27,x14	 x27:0x00000001 x14:0x00000000  x6=0x00000000
      97045.000 ns	      9703	80002130	410e0033	sub	x0,x28,x16	 x28:0x09d5c000 x16:0x00000000
      97055.000 ns	      9704	80002134	28027737	lui	x14,0x28027	 x14=0x28027000
      97075.000 ns	      9706	80002138	02287233	remu	x4,x16,x2	 x16:0x00000000  x2:0x00000000  x4=0x00000000
      97095.000 ns	      9708	8000213c	00000013	addi	x0,x0,0	  x0:0x00000000
      97115.000 ns	      9710	80002140	28498a53	fmin.s	f20,f19,f4	 f19:0x42800000  f4:0x00000001 f20=0x00000001
      97135.000 ns	      9712	80002144	01beceb3	xor	x29,x29,x27	 x29:0xffffffff x27:0x00000001 x29=0xfffffffe
      97145.000 ns	      9713	80002148	00988ab3	add	x21,x17,x9	 x17:0x80040fe4  x9:0xffffffb4 x21=0x80040f98
      97165.000 ns	      9715	8000214c	a0cb2553	feq.s	x10,f22,f12	 f22:0x00000000 f12:0xbf45b4e0 x10=0x00000000
      97185.000 ns	      9717	80002150	00fffd33	and	x26,x31,x15	 x31:0x00000009 x15:0x00000000 x26=0x00000000
      97225.000 ns	      9721	80002154	016c4a53	fadd.s	f20,f24,f22	 f24:0x4f00040f f22:0x00000000 f20=0x4f00040f
      97245.000 ns	      9723	80002158	6e4bcb13	xori	x22,x23,1764	 x23:0x80041024 x22=0x800416c0
      97605.000 ns	      9759	8000215c	037bfcb3	remu	x25,x23,x23	 x23:0x80041024 x23:0x80041024 x25=0x00000000
      97635.000 ns	      9762	80002160	0301f333	remu	x6,x3,x16	  x3:0x00000040 x16:0x00000000  x6=0x00000040
      97655.000 ns	      9764	80002164	017cfd33	and	x26,x25,x23	 x25:0x00000000 x23:0x80041024 x26=0x00000000
      97665.000 ns	      9765	80002168	018049b3	xor	x19,x0,x24	  x0:0x00000000 x24:0x00000001 x19=0x00000001
      97685.000 ns	      9767	8000216c	030b81b3	mul	x3,x23,x16	 x23:0x80041024 x16:0x00000000  x3=0x00000000
      97705.000 ns	      9769	80002170	00e71013	slli	x0,x14,0xe	 x14:0x28027000
      97715.000 ns	      9770	80002174	948049b7	lui	x19,0x94804	 x19=0x94804000
      97725.000 ns	      9771	80002178	00c8fcb3	and	x25,x17,x12	 x17:0x80040fe4 x12:0x00000001 x25=0x00000000
      97735.000 ns	      9772	8000217c	019cc133	xor	x2,x25,x25	 x25:0x00000000 x25:0x00000000  x2=0x00000000
      97745.000 ns	      9773	80002180	b06bb693	sltiu	x13,x23,-1274	 x23:0x80041024 x13=0x00000001
      98075.000 ns	      9806	80002184	183df053	fdiv.s	f0,f27,f3	 f27:0x4f7ffffe  f3:0x4efff7e6  f0=0x3ffffffe
      98105.000 ns	      9809	80002188	c00d7453	fcvt.w.s	x8,f26	 f26:0x00000000  x8=0x00000000
      98135.000 ns	      9812	8000218c	290b17d3	fmax.s	f15,f22,f16	 f22:0x00000000 f16:0x7fc00000 f15=0x00000000
      98165.000 ns	      9815	80002190	036d8db3	mul	x27,x27,x22	 x27:0x00000001 x22:0x800416c0 x27=0x800416c0
      98185.000 ns	      9817	80002194	0130d293	srli	x5,x1,0x13	  x1:0x00000200  x5=0x00000000
      98205.000 ns	      9819	80002198	286010d3	fmax.s	f1,f0,f6	  f0:0x3ffffffe  f6:0x00000001  f1=0x3ffffffe
      98225.000 ns	      9821	8000219c	bdfc6813	ori	x16,x24,-1057	 x24:0x00000001 x16=0xfffffbdf
      98245.000 ns	      9823	800021a0	e00b9e53	fclass.s	x28,f23	 f23:0x42800000 x28=0x00000040
      98615.000 ns	      9860	800021a4	0267c9b3	div	x19,x15,x6	 x15:0x00000000  x6:0x00000040 x19=0x00000000
      98635.000 ns	      9862	800021a8	00ec2033	slt	x0,x24,x14	 x24:0x00000001 x14:0x28027000
      99805.000 ns	      9979	800021ac	58007353	fsqrt.s	f6,f0	  f0:0x3ffffffe  f6=0x3fb504aa
      99825.000 ns	      9981	800021b0	1e9ba793	slti	x15,x23,489	 x23:0x80041024 x15=0x00000001
      99835.000 ns	      9982	800021b4	01275a93	srli	x21,x14,0x12	 x14:0x28027000 x21=0x00000a00
      99865.000 ns	      9985	800021b8	10df3ad3	fmul.s	f21,f30,f13	 f30:0x00000000 f13:0x80000000 f21=0x80000000
      99895.000 ns	      9988	800021bc	a1c911d3	flt.s	x3,f18,f28	 f18:0xffffffb4 f28:0x00000000  x3=0x00000000
      99925.000 ns	      9991	800021c0	28d310d3	fmax.s	f1,f6,f13	  f6:0x3fb504aa f13:0x80000000  f1=0x3fb504aa
      99945.000 ns	      9993	800021c4	0064ae33	slt	x28,x9,x6	  x9:0xffffffb4  x6:0x00000040 x28=0x00000001
      99965.000 ns	      9995	800021c8	02c5b533	mulhu	x10,x11,x12	 x11:0xfffffc65 x12:0x00000001 x10=0x00000000
     100015.000 ns	     10000	800021cc	008df4d3	fadd.s	f9,f27,f8	 f27:0x4f7ffffe  f8:0x80000000  f9=0x4f7ffffe
     100055.000 ns	     10004	800021d0	107d4753	fmul.s	f14,f26,f7	 f26:0x00000000  f7:0xffc00000 f14=0x7fc00000
     100085.000 ns	     10007	800021d4	d00c7353	fcvt.s.w	f6,x24	 x24:0x00000001  f6=0x3f800000
     100125.000 ns	     10011	800021d8	5802f2d3	fsqrt.s	f5,f5	  f5:0x00000000  f5=0x00000000
     100155.000 ns	     10014	800021dc	28e59b53	fmax.s	f22,f11,f14	 f11:0x00000000 f14:0x7fc00000 f22=0x00000000
     100175.000 ns	     10016	800021e0	013a13b3	sll	x7,x20,x19	 x20:0xd3c38000 x19:0x00000000  x7=0xd3c38000
     100185.000 ns	     10017	800021e4	a7e8b813	sltiu	x16,x17,-1410	 x17:0x80040fe4 x16=0x00000001
     100205.000 ns	     10019	800021e8	024059b3	divu	x19,x0,x4	  x0:0x00000000  x4:0x00000000 x19=0xffffffff
     100225.000 ns	     10021	800021ec	01a2d413	srli	x8,x5,0x1a	  x5:0x00000000  x8=0x00000000
     100235.000 ns	     10022	800021f0	00000013	addi	x0,x0,0	  x0:0x00000000
     100245.000 ns	     10023	800021f4	41090ab3	sub	x21,x18,x16	 x18:0x00000040 x16:0x00000001 x21=0x0000003f
     100255.000 ns	     10024	800021f8	41a98eb3	sub	x29,x19,x26	 x19:0xffffffff x26:0x00000000 x29=0xffffffff
     100275.000 ns	     10026	800021fc	21e620d3	fsgnjx.s	f1,f12,f30	 f12:0xbf45b4e0 f30:0x00000000  f1=0xbf45b4e0
     100295.000 ns	     10028	80002200	ed056593	ori	x11,x10,-304	 x10:0x00000000 x11=0xfffffed0
     100315.000 ns	     10030	80002204	e0020353	fmv.x.w	x6,f4	  f4:0x00000001  x6=0x00000001
     100345.000 ns	     10033	80002208	a1fc87d3	fle.s	x15,f25,f31	 f25:0x00000000 f31:0x00000000 x15=0x00000001
     100365.000 ns	     10035	8000220c	009c7db3	and	x27,x24,x9	 x24:0x00000001  x9:0xffffffb4 x27=0x00000000
     100395.000 ns	     10038	80002210	191fcb53	fdiv.s	f22,f31,f17	 f31:0x00000000 f17:0x4cecb00c f22=0x00000000
     100425.000 ns	     10041	80002214	c00b3553	fcvt.w.s	x10,f22	 f22:0x00000000 x10=0x00000000
     100465.000 ns	     10045	80002218	109b79d3	fmul.s	f19,f22,f9	 f22:0x00000000  f9:0x4f7ffffe f19=0x00000000
     100495.000 ns	     10048	8000221c	0392d233	divu	x4,x5,x25	  x5:0x00000000 x25:0x00000000  x4=0xffffffff
     100515.000 ns	     10050	80002220	0119b0b3	sltu	x1,x19,x17	 x19:0xffffffff x17:0x80040fe4  x1=0x00000000
     100525.000 ns	     10051	80002224	7ede0413	addi	x8,x28,2029	 x28:0x00000001  x8=0x000007ee
     100545.000 ns	     10053	80002228	a0190ad3	fle.s	x21,f18,f1	 f18:0xffffffb4  f1:0xbf45b4e0 x21=0x00000000
     100575.000 ns	     10056	8000222c	29d215d3	fmax.s	f11,f4,f29	  f4:0x00000001 f29:0x4fbffdf8 f11=0x4fbffdf8
     100595.000 ns	     10058	80002230	003d02b3	add	x5,x26,x3	 x26:0x00000000  x3:0x00000000  x5=0x00000000
     100615.000 ns	     10060	80002234	c0132353	fcvt.wu.s	x6,f6	  f6:0x3f800000  x6=0x00000001
     100645.000 ns	     10063	80002238	21241853	fsgnjn.s	f16,f8,f18	  f8:0x80000000 f18:0xffffffb4 f16=0x00000000
     100675.000 ns	     10066	8000223c	e00a0753	fmv.x.w	x14,f20	 f20:0x4f00040f x14=0x4f00040f
     100695.000 ns	     10068	80002240	6e0c6813	ori	x16,x24,1760	 x24:0x00000001 x16=0x000006e1
     100715.000 ns	     10070	80002244	e0039553	fclass.s	x10,f7	  f7:0xffc00000 x10=0x00000200
     100745.000 ns	     10073	80002248	28390cd3	fmin.s	f25,f18,f3	 f18:0xffffffb4  f3:0x4efff7e6 f25=0x4efff7e6
     100765.000 ns	     10075	8000224c	419fdc93	srai	x25,x31,0x19	 x31:0x00000009 x25=0x00000000
     100785.000 ns	     10077	80002250	a0a9a4d3	feq.s	x9,f19,f10	 f19:0x00000000 f10:0x4f53c380  x9=0x00000000
     101155.000 ns	     10114	80002254	03e2c2b3	div	x5,x5,x30	  x5:0x00000000 x30:0x00000008  x5=0x00000000
     101185.000 ns	     10117	80002258	a15ea1d3	feq.s	x3,f29,f21	 f29:0x4fbffdf8 f21:0x80000000  x3=0x00000000
     101205.000 ns	     10119	8000225c	01fe5213	srli	x4,x28,0x1f	 x28:0x00000001  x4=0x00000000
     101225.000 ns	     10121	80002260	28c991d3	fmax.s	f3,f19,f12	 f19:0x00000000 f12:0xbf45b4e0  f3=0x00000000
     101245.000 ns	     10123	80002264	01a81b33	sll	x22,x16,x26	 x16:0x000006e1 x26:0x00000000 x22=0x000006e1
     101255.000 ns	     10124	80002268	01d0ac33	slt	x24,x1,x29	  x1:0x00000000 x29:0xffffffff x24=0x00000000
     101275.000 ns	     10126	8000226c	024f71b3	remu	x3,x30,x4	 x30:0x00000008  x4:0x00000000  x3=0x00000008
     101305.000 ns	     10129	80002270	a0e11b53	flt.s	x22,f2,f14	  f2:0x00000000 f14:0x7fc00000 x22=0x00000000
     101335.000 ns	     10132	80002274	214c9653	fsgnjn.s	f12,f25,f20	 f25:0x4efff7e6 f20:0x4f00040f f12=0xcefff7e6
     101365.000 ns	     10135	80002278	03232233	mulhsu	x4,x6,x18	  x6:0x00000001 x18:0x00000040  x4=0x00000000
     101385.000 ns	     10137	8000227c	a46d4c13	xori	x24,x26,-1466	 x26:0x00000000 x24=0xfffffa46
     101395.000 ns	     10138	80002280	40b40233	sub	x4,x8,x11	  x8:0x000007ee x11:0xfffffed0  x4=0x0000091e
     101415.000 ns	     10140	80002284	a0dfa553	feq.s	x10,f31,f13	 f31:0x00000000 f13:0x80000000 x10=0x00000001
     101435.000 ns	     10142	80002288	680a3493	sltiu	x9,x20,1664	 x20:0xd3c38000  x9=0x00000000
     101465.000 ns	     10145	8000228c	116d4353	fmul.s	f6,f26,f22	 f26:0x00000000 f22:0x00000000  f6=0x00000000
     101495.000 ns	     10148	80002290	e00e0653	fmv.x.w	x12,f28	 f28:0x00000000 x12=0x00000000
     101515.000 ns	     10150	80002294	41eedcb3	sra	x25,x29,x30	 x29:0xffffffff x30:0x00000008 x25=0xffffffff
     101535.000 ns	     10152	80002298	211ca453	fsgnjx.s	f8,f25,f17	 f25:0x4efff7e6 f17:0x4cecb00c  f8=0x4efff7e6
     101555.000 ns	     10154	8000229c	00f35593	srli	x11,x6,0xf	  x6:0x00000001 x11=0x00000000
     101565.000 ns	     10155	800022a0	a69e6117	auipc	x2,0xa69e6	  x2=0x269e82a0
     101585.000 ns	     10157	800022a4	d007b253	fcvt.s.w	f4,x15	 x15:0x00000001  f4=0x3f800000
     101605.000 ns	     10159	800022a8	84eb6913	ori	x18,x22,-1970	 x22:0x00000000 x18=0xfffff84e
     101625.000 ns	     10161	800022ac	025c6ab3	rem	x21,x24,x5	 x24:0xfffffa46  x5:0x00000000 x21=0xfffffa46
     101645.000 ns	     10163	800022b0	25d74693	xori	x13,x14,605	 x14:0x4f00040f x13=0x4f000652
     101665.000 ns	     10165	800022b4	d01b8b53	fcvt.s.wu	f22,x23	 x23:0x80041024 f22=0x4f000410
     101685.000 ns	     10167	800022b8	df694b13	xori	x22,x18,-522	 x18:0xfffff84e x22=0x000005b8
     101695.000 ns	     10168	800022bc	a5e68a13	addi	x20,x13,-1442	 x13:0x4f000652 x20=0x4f0000b0
     102055.000 ns	     10204	800022c0	02f251b3	divu	x3,x4,x15	  x4:0x0000091e x15:0x00000001  x3=0x0000091e
     102085.000 ns	     10207	800022c4	a060a153	feq.s	x2,f1,f6	  f1:0xbf45b4e0  f6:0x00000000  x2=0x00000000
     102105.000 ns	     10209	800022c8	cd0e0993	addi	x19,x28,-816	 x28:0x00000001 x19=0xfffffcd1
     102115.000 ns	     10210	800022cc	004f5233	srl	x4,x30,x4	 x30:0x00000008  x4:0x0000091e  x4=0x00000000
     102125.000 ns	     10211	800022d0	01a7ddb3	srl	x27,x15,x26	 x15:0x00000001 x26:0x00000000 x27=0x00000001
     102145.000 ns	     10213	800022d4	d001fdd3	fcvt.s.w	f27,x3	  x3:0x0000091e f27=0x4511e000
     102165.000 ns	     10215	800022d8	01b2adb3	slt	x27,x5,x27	  x5:0x00000000 x27:0x00000000 x27=0x00000001
     102175.000 ns	     10216	800022dc	39aa2c93	slti	x25,x20,922	 x20:0x4f0000b0 x25=0x00000000
     102185.000 ns	     10217	800022e0	4a90a513	slti	x10,x1,1193	  x1:0x00000000 x10=0x00000001
     102195.000 ns	     10218	800022e4	449ab613	sltiu	x12,x21,1097	 x21:0xfffffa46 x12=0x00000000
     102215.000 ns	     10220	800022e8	a090a4d3	feq.s	x9,f1,f9	  f1:0xbf45b4e0  f9:0x4f7ffffe  x9=0x00000000
     102235.000 ns	     10222	800022ec	406e56b3	sra	x13,x28,x6	 x28:0x00000001  x6:0x00000001 x13=0x00000000
     102245.000 ns	     10223	800022f0	c2db2517	auipc	x10,0xc2db2	 x10=0x42db42f0
     102255.000 ns	     10224	800022f4	003b1133	sll	x2,x22,x3	 x22:0x000005b8  x3:0x0000091e  x2=0x00000000
     102265.000 ns	     10225	800022f8	01b607b3	add	x15,x12,x27	 x12:0x00000000 x27:0x00000001 x15=0x00000001
     102275.000 ns	     10226	800022fc	407e5d93	srai	x27,x28,0x7	 x28:0x00000001 x27=0x00000000
     102635.000 ns	     10262	80002300	03cf4933	div	x18,x30,x28	 x30:0x00000008 x28:0x00000001 x18=0x00000008
     102665.000 ns	     10265	80002304	a0aea7d3	feq.s	x15,f29,f10	 f29:0x4fbffdf8 f10:0x4f53c380 x15=0x00000000
     102685.000 ns	     10267	80002308	c6c82413	slti	x8,x16,-916	 x16:0x000006e1  x8=0x00000000
     102715.000 ns	     10270	8000230c	109521d3	fmul.s	f3,f10,f9	 f10:0x4f53c380  f9:0x4f7ffffe  f3=0x5f53c37e
     102745.000 ns	     10273	80002310	292b8553	fmin.s	f10,f23,f18	 f23:0x42800000 f18:0xffffffb4 f10=0x42800000
     102775.000 ns	     10276	80002314	d01740d3	fcvt.s.wu	f1,x14	 x14:0x4f00040f  f1=0x4e9e0008
     102795.000 ns	     10278	80002318	00630eb3	add	x29,x6,x6	  x6:0x00000001  x6:0x00000001 x29=0x00000002
     103155.000 ns	     10314	8000231c	0339e9b3	rem	x19,x19,x19	 x19:0xfffffcd1 x19:0xfffffcd1 x19=0x00000000
     103185.000 ns	     10317	80002320	a068add3	feq.s	x27,f17,f6	 f17:0x4cecb00c  f6:0x00000000 x27=0x00000000
     103205.000 ns	     10319	80002324	00fe77b3	and	x15,x28,x15	 x28:0x00000001 x15:0x00000000 x15=0x00000000
     103215.000 ns	     10320	80002328	016cb133	sltu	x2,x25,x22	 x25:0x00000000 x22:0x000005b8  x2=0x00000001
     103235.000 ns	     10322	8000232c	02259a33	mulh	x20,x11,x2	 x11:0x00000000  x2:0x00000000 x20=0x00000000
     103265.000 ns	     10325	80002330	c00a1dd3	fcvt.w.s	x27,f20	 f20:0x4f00040f x27=0x7fffffff
     103315.000 ns	     10330	80002334	00c22653	fadd.s	f12,f4,f12	  f4:0x3f800000 f12:0xcefff7e6 f12=0xcefff7e6
     103345.000 ns	     10333	80002338	025e40b3	div	x1,x28,x5	 x28:0x00000001  x5:0x00000000  x1=0xffffffff
     103375.000 ns	     10336	8000233c	e0020a53	fmv.x.w	x20,f4	  f4:0x3f800000 x20=0x3f800000
     103395.000 ns	     10338	80002340	50cf9417	auipc	x8,0x50cf9	  x8=0xd0cfb340
     103405.000 ns	     10339	80002344	70134e93	xori	x29,x6,1793	  x6:0x00000001 x29=0x00000700
     103425.000 ns	     10341	80002348	031d9433	mulh	x8,x27,x17	 x27:0x7fffffff x17:0x80040fe4  x8=0xc00207f2
     103455.000 ns	     10344	8000234c	e0031353	fclass.s	x6,f6	  f6:0x00000000  x6=0x00000010
     103475.000 ns	     10346	80002350	37243413	sltiu	x8,x8,882	  x8:0xc00207f2  x8=0x00000000
     103495.000 ns	     10348	80002354	02f18733	mul	x14,x3,x15	  x3:0x0000091e x15:0x00000000 x14=0x00000000
     103525.000 ns	     10351	80002358	f00607d3	fmv.w.x	f15,x12	 x12:0x00000000 f15=0x00000000
     103545.000 ns	     10353	8000235c	e8fb8793	addi	x15,x23,-369	 x23:0x80041024 x15=0x80040eb3
     103555.000 ns	     10354	80002360	2fa14e17	auipc	x28,0x2fa14	 x28=0xafa16360
     103565.000 ns	     10355	80002364	411bd933	sra	x18,x23,x17	 x23:0x80041024 x17:0x80040fe4 x18=0xf8004102
     103585.000 ns	     10357	80002368	29a21a53	fmax.s	f20,f4,f26	  f4:0x3f800000 f26:0x00000000 f20=0x3f800000
     103615.000 ns	     10360	8000236c	e00116d3	fclass.s	x13,f2	  f2:0x00000000 x13=0x00000010
     103645.000 ns	     10363	80002370	c0111f53	fcvt.wu.s	x30,f2	  f2:0x00000000 x30=0x00000000
     103675.000 ns	     10366	80002374	e0008ed3	fmv.x.w	x29,f1	  f1:0x4e9e0008 x29=0x4e9e0008
     103705.000 ns	     10369	80002378	e00d1153	fclass.s	x2,f26	 f26:0x00000000  x2=0x00000010
     103725.000 ns	     10371	8000237c	41f95913	srai	x18,x18,0x1f	 x18:0xf8004102 x18=0xffffffff
     103745.000 ns	     10373	80002380	a1291353	flt.s	x6,f18,f18	 f18:0xffffffb4 f18:0xffffffb4  x6=0x00000000
     103765.000 ns	     10375	80002384	8a720013	addi	x0,x4,-1881	  x4:0x00000000
     103785.000 ns	     10377	80002388	a05317d3	flt.s	x15,f6,f5	  f6:0x00000000  f5:0x00000000 x15=0x00000000
     103805.000 ns	     10379	8000238c	25106693	ori	x13,x0,593	  x0:0x00000000 x13=0x00000251
     103825.000 ns	     10381	80002390	a0a00953	fle.s	x18,f0,f10	  f0:0x3ffffffe f10:0x42800000 x18=0x00000001
     103855.000 ns	     10384	80002394	d010bdd3	fcvt.s.wu	f27,x1	  x1:0xffffffff f27=0x4f800000
     103885.000 ns	     10387	80002398	28931353	fmax.s	f6,f6,f9	  f6:0x00000000  f9:0x4f7ffffe  f6=0x4f7ffffe
     103915.000 ns	     10390	8000239c	e0041353	fclass.s	x6,f8	  f8:0x4efff7e6  x6=0x00000040
     103945.000 ns	     10393	800023a0	d0047cd3	fcvt.s.w	f25,x8	  x8:0x00000000 f25=0x00000000
     103975.000 ns	     10396	800023a4	02edc033	div	x0,x27,x14	 x27:0x7fffffff x14:0x00000000
     103995.000 ns	     10398	800023a8	014e1713	slli	x14,x28,0x14	 x28:0xafa16360 x14=0x36000000
     104005.000 ns	     10399	800023ac	00b9f2b3	and	x5,x19,x11	 x19:0x00000000 x11:0x00000000  x5=0x00000000
     104365.000 ns	     10435	800023b0	036f7533	remu	x10,x30,x22	 x30:0x00000000 x22:0x000005b8 x10=0x00000000
     104395.000 ns	     10438	800023b4	c0197f53	fcvt.wu.s	x30,f18	 f18:0xffffffb4 x30=0xffffffff
     104415.000 ns	     10440	800023b8	008d31b3	sltu	x3,x26,x8	 x26:0x00000000  x8:0x00000000  x3=0x00000000
     104425.000 ns	     10441	800023bc	00215013	srli	x0,x2,0x2	  x2:0x00000010
     104435.000 ns	     10442	800023c0	08a6ce13	xori	x28,x13,138	 x13:0x00000251 x28=0x000002db
     104445.000 ns	     10443	800023c4	2688ca13	xori	x20,x17,616	 x17:0x80040fe4 x20=0x80040d8c
     104465.000 ns	     10445	800023c8	02e983b3	mul	x7,x19,x14	 x19:0x00000000 x14:0x36000000  x7=0x00000000
     104485.000 ns	     10447	800023cc	017cd0b3	srl	x1,x25,x23	 x25:0x00000000 x23:0x80041024  x1=0x00000000
     104495.000 ns	     10448	800023d0	00b360b3	or	x1,x6,x11	  x6:0x00000040 x11:0x00000000  x1=0x00000040
     104505.000 ns	     10449	800023d4	00000013	addi	x0,x0,0	  x0:0x00000000
     104525.000 ns	     10451	800023d8	02b939b3	mulhu	x19,x18,x11	 x18:0x00000001 x11:0x00000000 x19=0x00000000
     104545.000 ns	     10453	800023dc	cdf9c913	xori	x18,x19,-801	 x19:0x00000000 x18=0xfffffcdf
     104555.000 ns	     10454	800023e0	5cbb4e93	xori	x29,x22,1483	 x22:0x000005b8 x29=0x00000073
     104575.000 ns	     10456	800023e4	20bf1653	fsgnjn.s	f12,f30,f11	 f30:0x00000000 f11:0x4fbffdf8 f12=0x80000000
     104595.000 ns	     10458	800023e8	4077d913	srai	x18,x15,0x7	 x15:0x00000000 x18=0x00000000
     104615.000 ns	     10460	800023ec	c01d3653	fcvt.wu.s	x12,f26	 f26:0x00000000 x12=0x00000000
     104645.000 ns	     10463	800023f0	a07e1753	flt.s	x14,f28,f7	 f28:0x00000000  f7:0xffc00000 x14=0x00000000
     104665.000 ns	     10465	800023f4	e2340813	addi	x16,x8,-477	  x8:0x00000000 x16=0xfffffe23
     104675.000 ns	     10466	800023f8	00482733	slt	x14,x16,x4	 x16:0x000006e1  x4:0x00000000 x14=0x00000001
     104685.000 ns	     10467	800023fc	7b6e7093	andi	x1,x28,1974	 x28:0x000002db  x1=0x00000292
     104705.000 ns	     10469	80002400	024a3cb3	mulhu	x25,x20,x4	 x20:0x80040d8c  x4:0x00000000 x25=0x00000000
     104725.000 ns	     10471	80002404	41820233	sub	x4,x4,x24	  x4:0x00000000 x24:0xfffffa46  x4=0x000005ba
     104735.000 ns	     10472	80002408	48392693	slti	x13,x18,1155	 x18:0x00000000 x13=0x00000001
     104755.000 ns	     10474	8000240c	29f88dd3	fmin.s	f27,f17,f31	 f17:0x4cecb00c f31:0x00000000 f27=0x00000000
     104775.000 ns	     10476	80002410	01613db3	sltu	x27,x2,x22	  x2:0x00000010 x22:0x000005b8 x27=0x00000001
     104795.000 ns	     10478	80002414	033bef33	rem	x30,x23,x19	 x23:0x80041024 x19:0x00000000 x30=0x80041024
     104815.000 ns	     10480	80002418	01405db3	srl	x27,x0,x20	  x0:0x00000000 x20:0x80040d8c x27=0x00000000
     104825.000 ns	     10481	8000241c	ce98f613	andi	x12,x17,-791	 x17:0x80040fe4 x12=0x80040ce0
     105185.000 ns	     10517	80002420	031ccb33	div	x22,x25,x17	 x25:0x00000000 x17:0x80040fe4 x22=0x00000000
     105555.000 ns	     10554	80002424	030fc433	div	x8,x31,x16	 x31:0x00000009 x16:0xfffffe23  x8=0x00000000
     105575.000 ns	     10556	80002428	401c5313	srai	x6,x24,0x1	 x24:0xfffffa46  x6=0xfffffd23
     105585.000 ns	     10557	8000242c	412604b3	sub	x9,x12,x18	 x12:0x80040ce0 x18:0x00000000  x9=0x80040ce0
     105605.000 ns	     10559	80002430	a02fac53	feq.s	x24,f31,f2	 f31:0x00000000  f2:0x00000000 x24=0x00000001
     105625.000 ns	     10561	80002434	03a78397	auipc	x7,0x3a78	  x7=0x83a7a434
     105635.000 ns	     10562	80002438	c75da217	auipc	x4,0xc75da	  x4=0x475dc438
     105655.000 ns	     10564	8000243c	d0100d53	fcvt.s.wu	f26,x0	  x0:0x00000000 f26=0x00000000
     105675.000 ns	     10566	80002440	01c31113	slli	x2,x6,0x1c	  x6:0xfffffd23  x2=0x30000000
     105695.000 ns	     10568	80002444	f00b87d3	fmv.w.x	f15,x23	 x23:0x80041024 f15=0x80041024
     105715.000 ns	     10570	80002448	7bf67993	andi	x19,x12,1983	 x12:0x80040ce0 x19=0x000004a0
     105725.000 ns	     10571	8000244c	416d0033	sub	x0,x26,x22	 x26:0x00000000 x22:0x00000000
     105735.000 ns	     10572	80002450	01d6adb3	slt	x27,x13,x29	 x13:0x00000001 x29:0x00000073 x27=0x00000001
     105745.000 ns	     10573	80002454	68afa613	slti	x12,x31,1674	 x31:0x00000009 x12=0x00000001
     105755.000 ns	     10574	80002458	0092a933	slt	x18,x5,x9	  x5:0x00000000  x9:0x80040ce0 x18=0x00000000
     105775.000 ns	     10576	8000245c	a0400a53	fle.s	x20,f0,f4	  f0:0x3ffffffe  f4:0x3f800000 x20=0x00000000
     105805.000 ns	     10579	80002460	02eda2b3	mulhsu	x5,x27,x14	 x27:0x00000001 x14:0x00000001  x5=0x00000000
     105825.000 ns	     10581	80002464	40520b33	sub	x22,x4,x5	  x4:0x475dc438  x5:0x00000000 x22=0x475dc438
     105835.000 ns	     10582	80002468	00532c33	slt	x24,x6,x5	  x6:0xfffffd23  x5:0x00000000 x24=0x00000001
     105845.000 ns	     10583	8000246c	a94e0197	auipc	x3,0xa94e0	  x3=0x294e246c
     105865.000 ns	     10585	80002470	299c8953	fmin.s	f18,f25,f25	 f25:0x00000000 f25:0x00000000 f18=0x00000000
     105895.000 ns	     10588	80002474	03012133	mulhsu	x2,x2,x16	  x2:0x30000000 x16:0xfffffe23  x2=0x2fffffa6
     105915.000 ns	     10590	80002478	014b06b3	add	x13,x22,x20	 x22:0x475dc438 x20:0x00000000 x13=0x475dc438
     105935.000 ns	     10592	8000247c	a0699dd3	flt.s	x27,f19,f6	 f19:0x00000000  f6:0x4f7ffffe x27=0x00000001
     105965.000 ns	     10595	80002480	03b63733	mulhu	x14,x12,x27	 x12:0x00000001 x27:0x00000001 x14=0x00000000
     105985.000 ns	     10597	80002484	40895993	srai	x19,x18,0x8	 x18:0x00000000 x19=0x00000000
     106005.000 ns	     10599	80002488	0391d133	divu	x2,x3,x25	  x3:0x294e246c x25:0x00000000  x2=0xffffffff
     106035.000 ns	     10602	8000248c	a1649e53	flt.s	x28,f9,f22	  f9:0x4f7ffffe f22:0x4f000410 x28=0x00000000
     106065.000 ns	     10605	80002490	211e0dd3	fsgnj.s	f27,f28,f17	 f28:0x00000000 f17:0x4cecb00c f27=0x00000000
     106085.000 ns	     10607	80002494	019f3f33	sltu	x30,x30,x25	 x30:0x80041024 x25:0x00000000 x30=0x00000000
     106125.000 ns	     10611	80002498	08357253	fsub.s	f4,f10,f3	 f10:0x42800000  f3:0x5f53c37e  f4=0xdf53c37e
     106155.000 ns	     10614	8000249c	a0042853	feq.s	x16,f8,f0	  f8:0x4efff7e6  f0:0x3ffffffe x16=0x00000000
     106195.000 ns	     10618	800024a0	10f827d3	fmul.s	f15,f16,f15	 f16:0x00000000 f15:0x80041024 f15=0x80000000
     106215.000 ns	     10620	800024a4	40785593	srai	x11,x16,0x7	 x16:0x00000000 x11=0x00000000
     106225.000 ns	     10621	800024a8	69794417	auipc	x8,0x69794	  x8=0xe97964a8
     106245.000 ns	     10623	800024ac	21fb17d3	fsgnjn.s	f15,f22,f31	 f22:0x4f000410 f31:0x00000000 f15=0xcf000410
     106265.000 ns	     10625	800024b0	0144bf33	sltu	x30,x9,x20	  x9:0x80040ce0 x20:0x00000000 x30=0x00000000
     106285.000 ns	     10627	800024b4	a106acd3	feq.s	x25,f13,f16	 f13:0x80000000 f16:0x00000000 x25=0x00000001
     106305.000 ns	     10629	800024b8	754ab113	sltiu	x2,x21,1876	 x21:0xfffffa46  x2=0x00000000
     106315.000 ns	     10630	800024bc	01ab5513	srli	x10,x22,0x1a	 x22:0x475dc438 x10=0x00000011
     106355.000 ns	     10634	800024c0	0087fad3	fadd.s	f21,f15,f8	 f15:0xcf000410  f8:0x4efff7e6 f21=0xc901d000
     106385.000 ns	     10637	800024c4	a1062f53	feq.s	x30,f12,f16	 f12:0x80000000 f16:0x00000000 x30=0x00000001
     106415.000 ns	     10640	800024c8	d000fdd3	fcvt.s.w	f27,x1	  x1:0x00000292 f27=0x44248000
     106435.000 ns	     10642	800024cc	01570c33	add	x24,x14,x21	 x14:0x00000000 x21:0xfffffa46 x24=0xfffffa46
     106455.000 ns	     10644	800024d0	03e480b3	mul	x1,x9,x30	  x9:0x80040ce0 x30:0x00000001  x1=0x80040ce0
     106475.000 ns	     10646	800024d4	415f50b3	sra	x1,x30,x21	 x30:0x00000001 x21:0xfffffa46  x1=0x00000000
     106485.000 ns	     10647	800024d8	008dd2b3	srl	x5,x27,x8	 x27:0x00000001  x8:0xe97964a8  x5=0x00000000
     106495.000 ns	     10648	800024dc	d3fc8513	addi	x10,x25,-705	 x25:0x00000001 x10=0xfffffd40
     106505.000 ns	     10649	800024e0	01aecd33	xor	x26,x29,x26	 x29:0x00000073 x26:0x00000000 x26=0x00000073
     106525.000 ns	     10651	800024e4	c018f253	fcvt.wu.s	x4,f17	 f17:0x4cecb00c  x4=0x07658060
     106555.000 ns	     10654	800024e8	c01a7dd3	fcvt.wu.s	x27,f20	 f20:0x3f800000 x27=0x00000001
     106575.000 ns	     10656	800024ec	41b88cb3	sub	x25,x17,x27	 x17:0x80040fe4 x27:0x00000001 x25=0x80040fe3
     106595.000 ns	     10658	800024f0	202a25d3	fsgnjx.s	f11,f20,f2	 f20:0x3f800000  f2:0x00000000 f11=0x3f800000
     106615.000 ns	     10660	800024f4	01195f13	srli	x30,x18,0x11	 x18:0x00000000 x30=0x00000000
     106625.000 ns	     10661	800024f8	41a68133	sub	x2,x13,x26	 x13:0x475dc438 x26:0x00000073  x2=0x475dc3c5
     106645.000 ns	     10663	800024fc	c009f1d3	fcvt.w.s	x3,f19	 f19:0x00000000  x3=0x00000000
     106665.000 ns	     10665	80002500	00677233	and	x4,x14,x6	 x14:0x00000000  x6:0xfffffd23  x4=0x00000000
     107025.000 ns	     10701	80002504	028fe533	rem	x10,x31,x8	 x31:0x00000009  x8:0xe97964a8 x10=0x00000009
     107045.000 ns	     10703	80002508	e2854113	xori	x2,x10,-472	 x10:0xfffffd40  x2=0xfffffe21
     107065.000 ns	     10705	8000250c	a1ae12d3	flt.s	x5,f28,f26	 f28:0x00000000 f26:0x00000000  x5=0x00000000
     107085.000 ns	     10707	80002510	004ab033	sltu	x0,x21,x4	 x21:0xfffffa46  x4:0x00000000
     107095.000 ns	     10708	80002514	00cf9c93	slli	x25,x31,0xc	 x31:0x00000009 x25=0x00009000
     107105.000 ns	     10709	80002518	408b0033	sub	x0,x22,x8	 x22:0x475dc438  x8:0xe97964a8
     107125.000 ns	     10711	8000251c	d010ca53	fcvt.s.wu	f20,x1	  x1:0x00000000 f20=0x00000000
     107155.000 ns	     10714	80002520	d016fcd3	fcvt.s.wu	f25,x13	 x13:0x475dc438 f25=0x4e8ebb88
     107185.000 ns	     10717	80002524	033137b3	mulhu	x15,x2,x19	  x2:0xfffffe21 x19:0x00000000 x15=0x00000000
     107235.000 ns	     10722	80002528	0826f2d3	fsub.s	f5,f13,f2	 f13:0x80000000  f2:0x00000000  f5=0x80000000
     107255.000 ns	     10724	8000252c	01177d33	and	x26,x14,x17	 x14:0x00000000 x17:0x80040fe4 x26=0x00000000
     107275.000 ns	     10726	80002530	e00b9253	fclass.s	x4,f23	 f23:0x42800000  x4=0x00000040
     107645.000 ns	     10763	80002534	0354f933	remu	x18,x9,x21	  x9:0x80040ce0 x21:0xfffffa46 x18=0x80040ce0
     107665.000 ns	     10765	80002538	01628eb3	add	x29,x5,x22	  x5:0x00000000 x22:0x475dc438 x29=0x475dc438
     107685.000 ns	     10767	8000253c	03337c33	remu	x24,x6,x19	  x6:0xfffffd23 x19:0x00000000 x24=0xfffffd23
     107715.000 ns	     10770	80002540	a01225d3	feq.s	x11,f4,f1	  f4:0xdf53c37e  f1:0x4e9e0008 x11=0x00000000
     107745.000 ns	     10773	80002544	d0124a53	fcvt.s.wu	f20,x4	  x4:0x00000040 f20=0x42800000
     107765.000 ns	     10775	80002548	010c1913	slli	x18,x24,0x10	 x24:0xfffffd23 x18=0xfd230000
     107785.000 ns	     10777	8000254c	02590eb3	mul	x29,x18,x5	 x18:0x80040ce0  x5:0x00000000 x29=0x00000000
     107805.000 ns	     10779	80002550	75788993	addi	x19,x17,1879	 x17:0x80040fe4 x19=0x8004173b
     108165.000 ns	     10815	80002554	033165b3	rem	x11,x2,x19	  x2:0xfffffe21 x19:0x00000000 x11=0xfffffe21
     108215.000 ns	     10820	80002558	00d6c1d3	fadd.s	f3,f13,f13	 f13:0x80000000 f13:0x80000000  f3=0x80000000
     108585.000 ns	     10857	8000255c	03b3f933	remu	x18,x7,x27	  x7:0x83a7a434 x27:0x00000001 x18=0x00000000
     108615.000 ns	     10860	80002560	294d8c53	fmin.s	f24,f27,f20	 f27:0x44248000 f20:0x42800000 f24=0x42800000
     108635.000 ns	     10862	80002564	0036e6b3	or	x13,x13,x3	 x13:0x475dc438  x3:0x00000000 x13=0x475dc438
     108645.000 ns	     10863	80002568	e9c97693	andi	x13,x18,-356	 x18:0x00000000 x13=0x00000000
     109005.000 ns	     10899	8000256c	02af5f33	divu	x30,x30,x10	 x30:0x00000000 x10:0x00000009 x30=0x00000000
     109025.000 ns	     10901	80002570	8b7ce193	ori	x3,x25,-1865	 x25:0x00009000  x3=0xfffff8b7
     109385.000 ns	     10937	80002574	02acfdb3	remu	x27,x25,x10	 x25:0x00009000 x10:0x00000009 x27=0x00000000
     109435.000 ns	     10942	80002578	081076d3	fsub.s	f13,f0,f1	  f0:0x3ffffffe  f1:0x4e9e0008 f13=0xce9e0007
     109455.000 ns	     10944	8000257c	eeed4493	xori	x9,x26,-274	 x26:0x00000000  x9=0xfffffeee
     109465.000 ns	     10945	80002580	00000013	addi	x0,x0,0	  x0:0x00000000
     109505.000 ns	     10949	80002584	09e8f2d3	fsub.s	f5,f17,f30	 f17:0x4cecb00c f30:0x00000000  f5=0x4cecb00c
     109525.000 ns	     10951	80002588	40eb5a13	srai	x20,x22,0xe	 x22:0x475dc438 x20=0x00011d77
     109545.000 ns	     10953	8000258c	e0031353	fclass.s	x6,f6	  f6:0x4f7ffffe  x6=0x00000040
     109575.000 ns	     10956	80002590	03fc0b33	mul	x22,x24,x31	 x24:0xfffffd23 x31:0x00000009 x22=0xffffe63b
     109605.000 ns	     10959	80002594	c0150153	fcvt.wu.s	x2,f10	 f10:0x42800000  x2=0x00000040
     109625.000 ns	     10961	80002598	00dc8533	add	x10,x25,x13	 x25:0x00009000 x13:0x00000000 x10=0x00009000
     109635.000 ns	     10962	8000259c	9e69be93	sltiu	x29,x19,-1562	 x19:0x8004173b x29=0x00000001
     109995.000 ns	     10998	800025a0	03537333	remu	x6,x6,x21	  x6:0x00000040 x21:0xfffffa46  x6=0x00000040
     110015.000 ns	     11000	800025a4	a1c67f13	andi	x30,x12,-1508	 x12:0x00000001 x30=0x00000000
     110035.000 ns	     11002	800025a8	d0100d53	fcvt.s.wu	f26,x0	  x0:0x00000000 f26=0x00000000
     110055.000 ns	     11004	800025ac	53fa4e93	xori	x29,x20,1343	 x20:0x00011d77 x29=0x00011848
     110085.000 ns	     11007	800025b0	191d1a53	fdiv.s	f20,f26,f17	 f26:0x00000000 f17:0x4cecb00c f20=0x00000000
     110105.000 ns	     11009	800025b4	000fc733	xor	x14,x31,x0	 x31:0x00000009  x0:0x00000000 x14=0x00000009
     110125.000 ns	     11011	800025b8	a1862d53	feq.s	x26,f12,f24	 f12:0x80000000 f24:0x42800000 x26=0x00000000
     110165.000 ns	     11015	800025bc	11bd7753	fmul.s	f14,f26,f27	 f26:0x00000000 f27:0x44248000 f14=0x00000000
     110195.000 ns	     11018	800025c0	03d83cb3	mulhu	x25,x16,x29	 x16:0x00000000 x29:0x00011848 x25=0x00000000
     110215.000 ns	     11020	800025c4	69b60f37	lui	x30,0x69b60	 x30=0x69b60000
     110235.000 ns	     11022	800025c8	c01bfad3	fcvt.wu.s	x21,f23	 f23:0x42800000 x21=0x00000040
     110255.000 ns	     11024	800025cc	017a9c33	sll	x24,x21,x23	 x21:0xfffffa46 x23:0x80041024 x24=0x00000400
     110265.000 ns	     11025	800025d0	0192a1b3	slt	x3,x5,x25	  x5:0x00000000 x25:0x00000000  x3=0x00000000
     110285.000 ns	     11027	800025d4	c0183ad3	fcvt.wu.s	x21,f16	 f16:0x00000000 x21=0x00000000
     110305.000 ns	     11029	800025d8	92a66d13	ori	x26,x12,-1750	 x12:0x00000001 x26=0xfffff92b
     110325.000 ns	     11031	800025dc	f00e82d3	fmv.w.x	f5,x29	 x29:0x00011848  f5=0x00011848
     110345.000 ns	     11033	800025e0	13a24d93	xori	x27,x4,314	  x4:0x00000040 x27=0x0000017a
     110365.000 ns	     11035	800025e4	025009b3	mul	x19,x0,x5	  x0:0x00000000  x5:0x00000000 x19=0x00000000
     110395.000 ns	     11038	800025e8	28a61a53	fmax.s	f20,f12,f10	 f12:0x80000000 f10:0x42800000 f20=0x42800000
     110415.000 ns	     11040	800025ec	01de9093	slli	x1,x29,0x1d	 x29:0x00011848  x1=0x00000000
     110435.000 ns	     11042	800025f0	f0020853	fmv.w.x	f16,x4	  x4:0x00000040 f16=0x00000040
     110465.000 ns	     11045	800025f4	a0bf9cd3	flt.s	x25,f31,f11	 f31:0x00000000 f11:0x3f800000 x25=0x00000001
     110495.000 ns	     11048	800025f8	c006f1d3	fcvt.w.s	x3,f13	 f13:0xce9e0007  x3=0x4f000380
     110515.000 ns	     11050	800025fc	357c5217	auipc	x4,0x357c5	  x4=0xb57c75fc
     110535.000 ns	     11052	80002600	e0099853	fclass.s	x16,f19	 f19:0x00000000 x16=0x00000010
     110555.000 ns	     11054	80002604	41b45493	srai	x9,x8,0x1b	  x8:0xe97964a8  x9=0xfffffffd
     110575.000 ns	     11056	80002608	217d9753	fsgnjn.s	f14,f27,f23	 f27:0x44248000 f23:0x42800000 f14=0xc4248000
     110605.000 ns	     11059	8000260c	03808db3	mul	x27,x1,x24	  x1:0x00000000 x24:0x00000400 x27=0x00000000
     110655.000 ns	     11064	80002610	00cbb453	fadd.s	f8,f23,f12	 f23:0x42800000 f12:0x80000000  f8=0x42800000
     110685.000 ns	     11067	80002614	28cd96d3	fmax.s	f13,f27,f12	 f27:0x44248000 f12:0x80000000 f13=0x44248000
     110715.000 ns	     11070	80002618	024e2eb3	mulhsu	x29,x28,x4	 x28:0x00000000  x4:0xb57c75fc x29=0x00000000
     110735.000 ns	     11072	8000261c	00387a33	and	x20,x16,x3	 x16:0x00000010  x3:0x4f000380 x20=0x00000000
     110745.000 ns	     11073	80002620	31406797	auipc	x15,0x31406	 x15=0xb1408620
     110785.000 ns	     11077	80002624	08ae8753	fsub.s	f14,f29,f10	 f29:0x4fbffdf8 f10:0x42800000 f14=0x4fbffdf8
     110805.000 ns	     11079	80002628	00d035b3	sltu	x11,x0,x13	  x0:0x00000000 x13:0x00000000 x11=0x00000000
     110835.000 ns	     11082	8000262c	104c8ed3	fmul.s	f29,f25,f4	 f25:0x4e8ebb88  f4:0xdf53c37e f29=0xee6c2320
     110855.000 ns	     11084	80002630	00157333	and	x6,x10,x1	 x10:0x00009000  x1:0x00000000  x6=0x00000000
     110885.000 ns	     11087	80002634	180e2c53	fdiv.s	f24,f28,f0	 f28:0x00000000  f0:0x3ffffffe f24=0x00000000
     110915.000 ns	     11090	80002638	21bba253	fsgnjx.s	f4,f23,f27	 f23:0x42800000 f27:0x44248000  f4=0x42800000
     110945.000 ns	     11093	8000263c	d01ebcd3	fcvt.s.wu	f25,x29	 x29:0x00000000 f25=0x00000000
     110965.000 ns	     11095	80002640	146ef813	andi	x16,x29,326	 x29:0x00000000 x16=0x00000000
     110975.000 ns	     11096	80002644	98e47213	andi	x4,x8,-1650	  x8:0xe97964a8  x4=0xe9796088
     110995.000 ns	     11098	80002648	f00c05d3	fmv.w.x	f11,x24	 x24:0x00000400 f11=0x00000400
     111025.000 ns	     11101	8000264c	a14817d3	flt.s	x15,f16,f20	 f16:0x00000040 f20:0x42800000 x15=0x00000001
     111055.000 ns	     11104	80002650	03140233	mul	x4,x8,x17	  x8:0xe97964a8 x17:0x80040fe4  x4=0x9fa37da0
     111085.000 ns	     11107	80002654	a1bf0b53	fle.s	x22,f30,f27	 f30:0x00000000 f27:0x44248000 x22=0x00000001
     111115.000 ns	     11110	80002658	03b37533	remu	x10,x6,x27	  x6:0x00000000 x27:0x00000000 x10=0x00000000
     111145.000 ns	     11113	8000265c	a0888b53	fle.s	x22,f17,f8	 f17:0x4cecb00c  f8:0x42800000 x22=0x00000000
     111175.000 ns	     11116	80002660	03c50f33	mul	x30,x10,x28	 x10:0x00000000 x28:0x00000000 x30=0x00000000
     111205.000 ns	     11119	80002664	21270e53	fsgnj.s	f28,f14,f18	 f14:0x4fbffdf8 f18:0x00000000 f28=0x4fbffdf8
     111245.000 ns	     11123	80002668	118e8953	fmul.s	f18,f29,f24	 f29:0xee6c2320 f24:0x00000000 f18=0x80000000
     111275.000 ns	     11126	8000266c	e00c1553	fclass.s	x10,f24	 f24:0x00000000 x10=0x00000010
     111305.000 ns	     11129	80002670	03c66333	rem	x6,x12,x28	 x12:0x00000001 x28:0x00000000  x6=0x00000001
     111335.000 ns	     11132	80002674	a0742f53	feq.s	x30,f8,f7	  f8:0x42800000  f7:0xffc00000 x30=0x00000000
     111365.000 ns	     11135	80002678	d01e0453	fcvt.s.wu	f8,x28	 x28:0x00000000  f8=0x00000000
     111395.000 ns	     11138	8000267c	0204b3b3	mulhu	x7,x9,x0	  x9:0xfffffffd  x0:0x00000000  x7=0x00000000
     111425.000 ns	     11141	80002680	d013f2d3	fcvt.s.wu	f5,x7	  x7:0x83a7a434  f5=0x00000000
     111455.000 ns	     11144	80002684	c01cfb53	fcvt.wu.s	x22,f25	 f25:0x00000000 x22=0x00000000
     111825.000 ns	     11181	80002688	03aaf0b3	remu	x1,x21,x26	 x21:0x00000000 x26:0xfffff92b  x1=0x00000000
     111845.000 ns	     11183	8000268c	0077e2b3	or	x5,x15,x7	 x15:0x00000001  x7:0x00000000  x5=0x00000001
     111855.000 ns	     11184	80002690	2831b093	sltiu	x1,x3,643	  x3:0x4f000380  x1=0x00000000
     111875.000 ns	     11186	80002694	c0007c53	fcvt.w.s	x24,f0	  f0:0x3ffffffe x24=0x00000001
     111895.000 ns	     11188	80002698	d12c6793	ori	x15,x24,-750	 x24:0x00000400 x15=0xfffffd13
     111905.000 ns	     11189	8000269c	d448fdb7	lui	x27,0xd448f	 x27=0xd448f000
     111925.000 ns	     11191	800026a0	e0059c53	fclass.s	x24,f11	 f11:0x00000400 x24=0x00000020
     111945.000 ns	     11193	800026a4	008734b3	sltu	x9,x14,x8	 x14:0x00000009  x8:0xe97964a8  x9=0x00000001
     111965.000 ns	     11195	800026a8	219c8353	fsgnj.s	f6,f25,f25	 f25:0x00000000 f25:0x00000000  f6=0x00000000
     112015.000 ns	     11200	800026ac	09a372d3	fsub.s	f5,f6,f26	  f6:0x4f7ffffe f26:0x00000000  f5=0x80000000
     112035.000 ns	     11202	800026b0	bb5ea093	slti	x1,x29,-1099	 x29:0x00000000  x1=0x00000000
     112045.000 ns	     11203	800026b4	4084d733	sra	x14,x9,x8	  x9:0x00000001  x8:0xe97964a8 x14=0x00000000
     112065.000 ns	     11205	800026b8	e00819d3	fclass.s	x19,f16	 f16:0x00000040 x19=0x00000020
     112095.000 ns	     11208	800026bc	d00a26d3	fcvt.s.w	f13,x20	 x20:0x00000000 f13=0x00000000
     112115.000 ns	     11210	800026c0	6c373e93	sltiu	x29,x14,1731	 x14:0x00000000 x29=0x00000001
     112125.000 ns	     11211	800026c4	01e30233	add	x4,x6,x30	  x6:0x00000001 x30:0x00000000  x4=0x00000001
     112485.000 ns	     11247	800026c8	02ca4c33	div	x24,x20,x12	 x20:0x00000000 x12:0x00000001 x24=0x00000000
     112515.000 ns	     11250	800026cc	20f0afd3	fsgnjx.s	f31,f1,f15	  f1:0x4e9e0008 f15:0xcf000410 f31=0xce9e0008
     112535.000 ns	     11252	800026d0	00ee1f13	slli	x30,x28,0xe	 x28:0x00000000 x30=0x00000000
     112895.000 ns	     11288	800026d4	03ffd033	divu	x0,x31,x31	 x31:0x00000009 x31:0x00000009
     112915.000 ns	     11290	800026d8	0010ddb3	srl	x27,x1,x1	  x1:0x00000000  x1:0x00000000 x27=0x00000000
     112925.000 ns	     11291	800026dc	10a1a093	slti	x1,x3,266	  x3:0x4f000380  x1=0x00000000
     112935.000 ns	     11292	800026e0	77d79817	auipc	x16,0x77d79	 x16=0xf7d7b6e0
     112945.000 ns	     11293	800026e4	12bc8193	addi	x3,x25,299	 x25:0x00000001  x3=0x0000012c
     112955.000 ns	     11294	800026e8	6c97ae93	slti	x29,x15,1737	 x15:0xfffffd13 x29=0x00000001
     112965.000 ns	     11295	800026ec	00f50833	add	x16,x10,x15	 x10:0x00000010 x15:0xfffffd13 x16=0xfffffd23
     112975.000 ns	     11296	800026f0	893b6e93	ori	x29,x22,-1901	 x22:0x00000000 x29=0xfffff893
     112995.000 ns	     11298	800026f4	e00789d3	fmv.x.w	x19,f15	 f15:0xcf000410 x19=0xcf000410
     113025.000 ns	     11301	800026f8	a03987d3	fle.s	x15,f19,f3	 f19:0x00000000  f3:0x80000000 x15=0x00000001
     113055.000 ns	     11304	800026fc	e0098753	fmv.x.w	x14,f19	 f19:0x00000000 x14=0x00000000
     113075.000 ns	     11306	80002700	a06e2e17	auipc	x28,0xa06e2	 x28=0x206e4700
     113085.000 ns	     11307	80002704	00271a33	sll	x20,x14,x2	 x14:0x00000000  x2:0x00000040 x20=0x00000000
     113105.000 ns	     11309	80002708	027d9d33	mulh	x26,x27,x7	 x27:0x00000000  x7:0x00000000 x26=0x00000000
     113125.000 ns	     11311	8000270c	004a77b3	and	x15,x20,x4	 x20:0x00000000  x4:0x00000001 x15=0x00000000
     113145.000 ns	     11313	80002710	a17da1d3	feq.s	x3,f27,f23	 f27:0x44248000 f23:0x42800000  x3=0x00000000
     113175.000 ns	     11316	80002714	d00174d3	fcvt.s.w	f9,x2	  x2:0x00000040  f9=0x42800000
     113195.000 ns	     11318	80002718	00854733	xor	x14,x10,x8	 x10:0x00000010  x8:0xe97964a8 x14=0xe97964b8
     113215.000 ns	     11320	8000271c	e0010d53	fmv.x.w	x26,f2	  f2:0x00000000 x26=0x00000000
     113235.000 ns	     11322	80002720	00000013	addi	x0,x0,0	  x0:0x00000000
     113255.000 ns	     11324	80002724	296b0a53	fmin.s	f20,f22,f22	 f22:0x4f000410 f22:0x4f000410 f20=0x4f000410
     113275.000 ns	     11326	80002728	005249b3	xor	x19,x4,x5	  x4:0x00000001  x5:0x00000001 x19=0x00000000
     113285.000 ns	     11327	8000272c	80c357b7	lui	x15,0x80c35	 x15=0x80c35000
     113305.000 ns	     11329	80002730	a15ba753	feq.s	x14,f23,f21	 f23:0x42800000 f21:0xc901d000 x14=0x00000000
     113325.000 ns	     11331	80002734	4867c813	xori	x16,x15,1158	 x15:0x00000000 x16=0x80c35486
     113345.000 ns	     11333	80002738	c0099ad3	fcvt.w.s	x21,f19	 f19:0x00000000 x21=0x00000000
     113365.000 ns	     11335	8000273c	00034eb3	xor	x29,x6,x0	  x6:0x00000001  x0:0x00000000 x29=0x00000001
     113375.000 ns	     11336	80002740	000af3b3	and	x7,x21,x0	 x21:0x00000000  x0:0x00000000  x7=0x00000000
     113385.000 ns	     11337	80002744	bd02ae13	slti	x28,x5,-1072	  x5:0x00000001 x28=0x00000000
     113745.000 ns	     11373	80002748	03907f33	remu	x30,x0,x25	  x0:0x00000000 x25:0x00000001 x30=0x00000000
     113765.000 ns	     11375	8000274c	00000013	addi	x0,x0,0	  x0:0x00000000
     113805.000 ns	     11379	80002750	0803f953	fsub.s	f18,f7,f0	  f7:0xffc00000  f0:0x3ffffffe f18=0x7fc00000
     113845.000 ns	     11383	80002754	580c72d3	fsqrt.s	f5,f24	 f24:0x00000000  f5=0x00000000
     113865.000 ns	     11385	80002758	00e0ca33	xor	x20,x1,x14	  x1:0x00000000 x14:0x00000000 x20=0x00000000
     113885.000 ns	     11387	8000275c	d0037153	fcvt.s.w	f2,x6	  x6:0x00000001  f2=0x3f800000
     113905.000 ns	     11389	80002760	00b866b3	or	x13,x16,x11	 x16:0x80c35486 x11:0x00000000 x13=0x80c35486
     113915.000 ns	     11390	80002764	00000013	addi	x0,x0,0	  x0:0x00000000
     113925.000 ns	     11391	80002768	ee096813	ori	x16,x18,-288	 x18:0x00000000 x16=0xfffffee0
     113945.000 ns	     11393	8000276c	21b11353	fsgnjn.s	f6,f2,f27	  f2:0x3f800000 f27:0x44248000  f6=0xbf800000
     113965.000 ns	     11395	80002770	41010c33	sub	x24,x2,x16	  x2:0x00000040 x16:0x80c35486 x24=0x00000160
     114005.000 ns	     11399	80002774	081bf1d3	fsub.s	f3,f23,f1	 f23:0x42800000  f1:0x4e9e0008  f3=0xce9e0007
     114035.000 ns	     11402	80002778	a036a3d3	feq.s	x7,f13,f3	 f13:0x00000000  f3:0x80000000  x7=0x00000000
     114055.000 ns	     11404	8000277c	018d34b3	sltu	x9,x26,x24	 x26:0x00000000 x24:0x00000160  x9=0x00000001
     114415.000 ns	     11440	80002780	02ca67b3	rem	x15,x20,x12	 x20:0x00000000 x12:0x00000001 x15=0x00000000
     114455.000 ns	     11444	80002784	181673d3	fdiv.s	f7,f12,f1	 f12:0x80000000  f1:0x4e9e0008  f7=0x80000000
     114475.000 ns	     11446	80002788	00000013	addi	x0,x0,0	  x0:0x00000000
     114485.000 ns	     11447	8000278c	c3ae4813	xori	x16,x28,-966	 x28:0x00000000 x16=0xfffffc3a
     114505.000 ns	     11449	80002790	a1a781d3	fle.s	x3,f15,f26	 f15:0xcf000410 f26:0x00000000  x3=0x00000001
     114525.000 ns	     11451	80002794	824ea297	auipc	x5,0x824ea	  x5=0x024ec794
     114565.000 ns	     11455	80002798	09a3a3d3	fsub.s	f7,f7,f26	  f7:0x80000000 f26:0x00000000  f7=0x80000000
     114595.000 ns	     11458	8000279c	020201b3	mul	x3,x4,x0	  x4:0x00000001  x0:0x00000000  x3=0x00000000
     114625.000 ns	     11461	800027a0	03ad2cb3	mulhsu	x25,x26,x26	 x26:0x00000000 x26:0x00000000 x25=0x00000000
     114655.000 ns	     11464	800027a4	03b5a3b3	mulhsu	x7,x11,x27	 x11:0x00000000 x27:0x00000000  x7=0x00000000
     114705.000 ns	     11469	800027a8	009116d3	fadd.s	f13,f2,f9	  f2:0x3f800000  f9:0x42800000 f13=0x42820000
     114745.000 ns	     11473	800027ac	191673d3	fdiv.s	f7,f12,f17	 f12:0x80000000 f17:0x4cecb00c  f7=0x80000000
     114765.000 ns	     11475	800027b0	016bb0b3	sltu	x1,x23,x22	 x23:0x80041024 x22:0x00000000  x1=0x00000000
     114775.000 ns	     11476	800027b4	018be133	or	x2,x23,x24	 x23:0x80041024 x24:0x00000160  x2=0x80041164
     114785.000 ns	     11477	800027b8	41175033	sra	x0,x14,x17	 x14:0x00000000 x17:0x80040fe4
     114805.000 ns	     11479	800027bc	03bff3b3	remu	x7,x31,x27	 x31:0x00000009 x27:0x00000000  x7=0x00000009
     115175.000 ns	     11516	800027c0	024c4333	div	x6,x24,x4	 x24:0x00000160  x4:0x00000001  x6=0x00000160
     115195.000 ns	     11518	800027c4	013e27b3	slt	x15,x28,x19	 x28:0x00000000 x19:0x00000000 x15=0x00000000
     115205.000 ns	     11519	800027c8	010cb533	sltu	x10,x25,x16	 x25:0x00000000 x16:0xfffffc3a x10=0x00000001
     115225.000 ns	     11521	800027cc	f00f04d3	fmv.w.x	f9,x30	 x30:0x00000000  f9=0x00000000
     115275.000 ns	     11526	800027d0	00f773d3	fadd.s	f7,f14,f15	 f14:0x4fbffdf8 f15:0xcf000410  f7=0x4f7ff7e0
     115305.000 ns	     11529	800027d4	c009f453	fcvt.w.s	x8,f19	 f19:0x00000000  x8=0x00000000
     115335.000 ns	     11532	800027d8	e0050953	fmv.x.w	x18,f10	 f10:0x42800000 x18=0x42800000
     115355.000 ns	     11534	800027dc	40a95b13	srai	x22,x18,0xa	 x18:0x00000000 x22=0x0010a000
     115365.000 ns	     11535	800027e0	008792b3	sll	x5,x15,x8	 x15:0x00000000  x8:0x00000000  x5=0x00000000
     115385.000 ns	     11537	800027e4	d0137fd3	fcvt.s.wu	f31,x6	  x6:0x00000160 f31=0x43b00000
     115405.000 ns	     11539	800027e8	414783b3	sub	x7,x15,x20	 x15:0x00000000 x20:0x00000000  x7=0x00000000
     115435.000 ns	     11542	800027ec	11fbc353	fmul.s	f6,f23,f31	 f23:0x42800000 f31:0x43b00000  f6=0x46b00000
     115455.000 ns	     11544	800027f0	404b7e93	andi	x29,x22,1028	 x22:0x0010a000 x29=0x00000000
     115465.000 ns	     11545	800027f4	003e9913	slli	x18,x29,0x3	 x29:0x00000001 x18=0x00000000
     115475.000 ns	     11546	800027f8	68235617	auipc	x12,0x68235	 x12=0xe82377f8
     115495.000 ns	     11548	800027fc	205122d3	fsgnjx.s	f5,f2,f5	  f2:0x3f800000  f5:0x00000000  f5=0x3f800000
     115515.000 ns	     11550	80002800	413fd613	srai	x12,x31,0x13	 x31:0x00000009 x12=0x00000000
     115875.000 ns	     11586	80002804	03884733	div	x14,x16,x24	 x16:0xfffffc3a x24:0x00000160 x14=0xfffffffe
     115895.000 ns	     11588	80002808	419a8633	sub	x12,x21,x25	 x21:0x00000000 x25:0x00000000 x12=0x00000000
     115915.000 ns	     11590	8000280c	d003f853	fcvt.s.w	f16,x7	  x7:0x00000000 f16=0x00000000
     115945.000 ns	     11593	80002810	e00790d3	fclass.s	x1,f15	 f15:0xcf000410  x1=0x00000002
     115965.000 ns	     11595	80002814	b1466413	ori	x8,x12,-1260	 x12:0x00000000  x8=0xfffffb14
     115985.000 ns	     11597	80002818	c00ef4d3	fcvt.w.s	x9,f29	 f29:0xee6c2320  x9=0x80000000
     116005.000 ns	     11599	8000281c	002a6cb3	or	x25,x20,x2	 x20:0x00000000  x2:0x80041164 x25=0x80041164
     116015.000 ns	     11600	80002820	52a0f317	auipc	x6,0x52a0f	  x6=0xd2a11820
     116035.000 ns	     11602	80002824	f0088853	fmv.w.x	f16,x17	 x17:0x80040fe4 f16=0x80040fe4
     116065.000 ns	     11605	80002828	a0b3a753	feq.s	x14,f7,f11	  f7:0x4f7ff7e0 f11:0x00000400 x14=0x00000000
     116085.000 ns	     11607	8000282c	401a89b3	sub	x19,x21,x1	 x21:0x00000000  x1:0x00000002 x19=0xfffffffe
     116095.000 ns	     11608	80002830	01923333	sltu	x6,x4,x25	  x4:0x00000001 x25:0x80041164  x6=0x00000001
     116105.000 ns	     11609	80002834	01e29233	sll	x4,x5,x30	  x5:0x00000000 x30:0x00000000  x4=0x00000000
     116115.000 ns	     11610	80002838	41ae0833	sub	x16,x28,x26	 x28:0x00000000 x26:0x00000000 x16=0x00000000
     116135.000 ns	     11612	8000283c	a0d017d3	flt.s	x15,f0,f13	  f0:0x3ffffffe f13:0x42820000 x15=0x00000001
     116165.000 ns	     11615	80002840	29f892d3	fmax.s	f5,f17,f31	 f17:0x4cecb00c f31:0x43b00000  f5=0x4cecb00c
     116195.000 ns	     11618	80002844	d001f853	fcvt.s.w	f16,x3	  x3:0x00000000 f16=0x00000000
     116215.000 ns	     11620	80002848	016edd13	srli	x26,x29,0x16	 x29:0x00000000 x26=0x00000000
     116235.000 ns	     11622	8000284c	202020d3	fsgnjx.s	f1,f0,f2	  f0:0x3ffffffe  f2:0x3f800000  f1=0x3ffffffe
     116265.000 ns	     11625	80002850	f00385d3	fmv.w.x	f11,x7	  x7:0x00000000 f11=0x00000000
     116285.000 ns	     11627	80002854	4169dd93	srai	x27,x19,0x16	 x19:0xfffffffe x27=0xffffffff
     116305.000 ns	     11629	80002858	038a85b3	mul	x11,x21,x24	 x21:0x00000000 x24:0x00000160 x11=0x00000000
     116325.000 ns	     11631	8000285c	48db3113	sltiu	x2,x22,1165	 x22:0x0010a000  x2=0x00000000
     116335.000 ns	     11632	80002860	0076d533	srl	x10,x13,x7	 x13:0x80c35486  x7:0x00000000 x10=0x80c35486
     116365.000 ns	     11635	80002864	1875f853	fdiv.s	f16,f11,f7	 f11:0x00000000  f7:0x4f7ff7e0 f16=0x00000000
     116385.000 ns	     11637	80002868	01271093	slli	x1,x14,0x12	 x14:0x00000000  x1=0x00000000
     116395.000 ns	     11638	8000286c	f7658b13	addi	x22,x11,-138	 x11:0x00000000 x22=0xffffff76
     116405.000 ns	     11639	80002870	f4bb1097	auipc	x1,0xf4bb1	  x1=0x74bb3870
     116425.000 ns	     11641	80002874	031a9b33	mulh	x22,x21,x17	 x21:0x00000000 x17:0x80040fe4 x22=0x00000000
     116445.000 ns	     11643	80002878	41e8dd33	sra	x26,x17,x30	 x17:0x80040fe4 x30:0x00000000 x26=0x80040fe4
     116455.000 ns	     11644	8000287c	40c752b3	sra	x5,x14,x12	 x14:0x00000000 x12:0x00000000  x5=0x00000000
     116475.000 ns	     11646	80002880	021aa1b3	mulhsu	x3,x21,x1	 x21:0x00000000  x1:0x74bb3870  x3=0x00000000
     116495.000 ns	     11648	80002884	b3395017	auipc	x0,0xb3395	
     117665.000 ns	     11765	80002888	580bf8d3	fsqrt.s	f17,f23	 f23:0x42800000 f17=0x40ffffae
     117695.000 ns	     11768	8000288c	a1812953	feq.s	x18,f2,f24	  f2:0x3f800000 f24:0x00000000 x18=0x00000000
     117725.000 ns	     11771	80002890	a11c12d3	flt.s	x5,f24,f17	 f24:0x00000000 f17:0x40ffffae  x5=0x00000001
     117755.000 ns	     11774	80002894	030f10b3	mulh	x1,x30,x16	 x30:0x00000000 x16:0x00000000  x1=0x00000000
     117785.000 ns	     11777	80002898	a0118b53	fle.s	x22,f3,f1	  f3:0xce9e0007  f1:0x3ffffffe x22=0x00000001
     118155.000 ns	     11814	8000289c	03f1f033	remu	x0,x3,x31	  x3:0x00000000 x31:0x00000009
     118185.000 ns	     11817	800028a0	a0a11c53	flt.s	x24,f2,f10	  f2:0x3f800000 f10:0x42800000 x24=0x00000001
     118215.000 ns	     11820	800028a4	020d4f33	div	x30,x26,x0	 x26:0x80040fe4  x0:0x00000000 x30=0xffffffff
     118245.000 ns	     11823	800028a8	02902cb3	mulhsu	x25,x0,x9	  x0:0x00000000  x9:0x80000000 x25=0x00000000
     118275.000 ns	     11826	800028ac	02bbeeb3	rem	x29,x23,x11	 x23:0x80041024 x11:0x00000000 x29=0x80041024
     118305.000 ns	     11829	800028b0	a1f61ad3	flt.s	x21,f12,f31	 f12:0x80000000 f31:0x43b00000 x21=0x00000001
     118325.000 ns	     11831	800028b4	3fd5f913	andi	x18,x11,1021	 x11:0x00000000 x18=0x00000000
     118345.000 ns	     11833	800028b8	f0040853	fmv.w.x	f16,x8	  x8:0xfffffb14 f16=0xfffffb14
     118365.000 ns	     11835	800028bc	73f1f213	andi	x4,x3,1855	  x3:0x00000000  x4=0x00000000
     118725.000 ns	     11871	800028c0	0354e0b3	rem	x1,x9,x21	  x9:0x80000000 x21:0x00000001  x1=0x00000000
     118745.000 ns	     11873	800028c4	416cdeb3	sra	x29,x25,x22	 x25:0x00000000 x22:0x00000001 x29=0x00000000
     118765.000 ns	     11875	800028c8	03941733	mulh	x14,x8,x25	  x8:0xfffffb14 x25:0x00000000 x14=0x00000000
     118805.000 ns	     11879	800028cc	100f7953	fmul.s	f18,f30,f0	 f30:0x00000000  f0:0x3ffffffe f18=0x00000000
     119175.000 ns	     11916	800028d0	028b7333	remu	x6,x22,x8	 x22:0x00000001  x8:0xfffffb14  x6=0x00000001
     119195.000 ns	     11918	800028d4	008e5333	srl	x6,x28,x8	 x28:0x00000000  x8:0xfffffb14  x6=0x00000000
     119205.000 ns	     11919	800028d8	28dbc993	xori	x19,x23,653	 x23:0x80041024 x19=0x800412a9
     119225.000 ns	     11921	800028dc	28ba8553	fmin.s	f10,f21,f11	 f21:0xc901d000 f11:0x00000000 f10=0xc901d000
     119255.000 ns	     11924	800028e0	023fd333	divu	x6,x31,x3	 x31:0x00000009  x3:0x00000000  x6=0xffffffff
     119285.000 ns	     11927	800028e4	d0139853	fcvt.s.wu	f16,x7	  x7:0x00000000 f16=0x00000000
     119305.000 ns	     11929	800028e8	01f83ab3	sltu	x21,x16,x31	 x16:0x00000000 x31:0x00000009 x21=0x00000001
     119325.000 ns	     11931	800028ec	a03caad3	feq.s	x21,f25,f3	 f25:0x00000000  f3:0xce9e0007 x21=0x00000000
     119355.000 ns	     11934	800028f0	212106d3	fsgnj.s	f13,f2,f18	  f2:0x3f800000 f18:0x00000000 f13=0x3f800000
     119375.000 ns	     11936	800028f4	2888ee17	auipc	x28,0x2888e	 x28=0xa88908f4
     119735.000 ns	     11972	800028f8	025a5cb3	divu	x25,x20,x5	 x20:0x00000000  x5:0x00000001 x25=0x00000000
     119755.000 ns	     11974	800028fc	364f8193	addi	x3,x31,868	 x31:0x00000009  x3=0x0000036d
     119775.000 ns	     11976	80002900	a0efaad3	feq.s	x21,f31,f14	 f31:0x43b00000 f14:0x4fbffdf8 x21=0x00000000
     119795.000 ns	     11978	80002904	b83d6d93	ori	x27,x26,-1149	 x26:0x80040fe4 x27=0xffffffe7
     119805.000 ns	     11979	80002908	0138d233	srl	x4,x17,x19	 x17:0x80040fe4 x19:0x800412a9  x4=0x00400207
     119825.000 ns	     11981	8000290c	21a698d3	fsgnjn.s	f17,f13,f26	 f13:0x3f800000 f26:0x00000000 f17=0xbf800000
     119855.000 ns	     11984	80002910	c01d8153	fcvt.wu.s	x2,f27	 f27:0x44248000  x2=0x00000292
     119885.000 ns	     11987	80002914	d01f7353	fcvt.s.wu	f6,x30	 x30:0xffffffff  f6=0x4f7fffff
     119905.000 ns	     11989	80002918	414352b3	sra	x5,x6,x20	  x6:0xffffffff x20:0x00000000  x5=0xffffffff
     119925.000 ns	     11991	8000291c	a0df84d3	fle.s	x9,f31,f13	 f31:0x43b00000 f13:0x3f800000  x9=0x00000000
     119945.000 ns	     11993	80002920	01355793	srli	x15,x10,0x13	 x10:0x80c35486 x15=0x00001018
     119965.000 ns	     11995	80002924	a0568b53	fle.s	x22,f13,f5	 f13:0x3f800000  f5:0x4cecb00c x22=0x00000001
     120015.000 ns	     12000	80002928	09057c53	fsub.s	f24,f10,f16	 f10:0xc901d000 f16:0x00000000 f24=0xc901d000
     120035.000 ns	     12002	8000292c	32a6ae37	lui	x28,0x32a6a	 x28=0x32a6a000
     120055.000 ns	     12004	80002930	21f80b53	fsgnj.s	f22,f16,f31	 f16:0x00000000 f31:0x43b00000 f22=0x00000000
     120425.000 ns	     12041	80002934	03647ab3	remu	x21,x8,x22	  x8:0xfffffb14 x22:0x00000001 x21=0x00000000
     120455.000 ns	     12044	80002938	f00c85d3	fmv.w.x	f11,x25	 x25:0x00000000 f11=0x00000000
     120485.000 ns	     12047	8000293c	e00b0b53	fmv.x.w	x22,f22	 f22:0x00000000 x22=0x00000000
     120825.000 ns	     12081	80002940	19d73c53	fdiv.s	f24,f14,f29	 f14:0x4fbffdf8 f29:0xee6c2320 f24=0xa0bffdf8
     120855.000 ns	     12084	80002944	f00781d3	fmv.w.x	f3,x15	 x15:0x00001018  f3=0x00001018
     121225.000 ns	     12121	80002948	025bc9b3	div	x19,x23,x5	 x23:0x80041024  x5:0xffffffff x19=0x7ffbefdc
     121275.000 ns	     12126	8000294c	083203d3	fsub.s	f7,f4,f3	  f4:0x42800000  f3:0x00001018  f7=0x42800000
     121325.000 ns	     12131	80002950	0058fb53	fadd.s	f22,f17,f5	 f17:0xbf800000  f5:0x4cecb00c f22=0x4cecb00b
     121355.000 ns	     12134	80002954	e00696d3	fclass.s	x13,f13	 f13:0x3f800000 x13=0x00000040
     121385.000 ns	     12137	80002958	02b50c33	mul	x24,x10,x11	 x10:0x80c35486 x11:0x00000000 x24=0x00000000
     121405.000 ns	     12139	8000295c	006b5213	srli	x4,x22,0x6	 x22:0x00000000  x4=0x00000000
     121415.000 ns	     12140	80002960	aa27b413	sltiu	x8,x15,-1374	 x15:0x00001018  x8=0x00000001
     121425.000 ns	     12141	80002964	00000013	addi	x0,x0,0	  x0:0x00000000
     121455.000 ns	     12144	80002968	10dc7653	fmul.s	f12,f24,f13	 f24:0xa0bffdf8 f13:0x3f800000 f12=0xa0bffdf8
     121485.000 ns	     12147	8000296c	28ca91d3	fmax.s	f3,f21,f12	 f21:0xc901d000 f12:0x80000000  f3=0xa0bffdf8
     121535.000 ns	     12152	80002970	00cdf753	fadd.s	f14,f27,f12	 f27:0x44248000 f12:0xa0bffdf8 f14=0x44248000
     121555.000 ns	     12154	80002974	415c8333	sub	x6,x25,x21	 x25:0x00000000 x21:0x00000000  x6=0x00000000
     121565.000 ns	     12155	80002978	01d00533	add	x10,x0,x29	  x0:0x00000000 x29:0x00000000 x10=0x00000000
     121585.000 ns	     12157	8000297c	03392633	mulhsu	x12,x18,x19	 x18:0x00000000 x19:0x7ffbefdc x12=0x00000000
     121605.000 ns	     12159	80002980	729f5c37	lui	x24,0x729f5	 x24=0x729f5000
     121615.000 ns	     12160	80002984	c3290093	addi	x1,x18,-974	 x18:0x00000000  x1=0xfffffc32
     121625.000 ns	     12161	80002988	7ab70413	addi	x8,x14,1963	 x14:0x00000000  x8=0x000007ab
     121635.000 ns	     12162	8000298c	0133f433	and	x8,x7,x19	  x7:0x00000000 x19:0x7ffbefdc  x8=0x00000000
     121665.000 ns	     12165	80002990	580c17d3	fsqrt.s	f15,f24	 f24:0xa0bffdf8 f15=0x7fc00000
     122035.000 ns	     12202	80002994	02215633	divu	x12,x2,x2	  x2:0x00000292  x2:0x00000292 x12=0x00000001
     122065.000 ns	     12205	80002998	02773e33	mulhu	x28,x14,x7	 x14:0x00000000  x7:0x00000000 x28=0x00000000
     122085.000 ns	     12207	8000299c	007d1413	slli	x8,x26,0x7	 x26:0x80040fe4  x8=0x0207f200
     122105.000 ns	     12209	800029a0	c015cad3	fcvt.wu.s	x21,f11	 f11:0x00000000 x21=0x00000000
     122135.000 ns	     12212	800029a4	03fea933	mulhsu	x18,x29,x31	 x29:0x00000000 x31:0x00000009 x18=0x00000000
     122165.000 ns	     12215	800029a8	29878bd3	fmin.s	f23,f15,f24	 f15:0x7fc00000 f24:0xa0bffdf8 f23=0xa0bffdf8
     122185.000 ns	     12217	800029ac	01d4d2b3	srl	x5,x9,x29	  x9:0x00000000 x29:0x00000000  x5=0x00000000
     122195.000 ns	     12218	800029b0	78103313	sltiu	x6,x0,1921	  x0:0x00000000  x6=0x00000001
     122205.000 ns	     12219	800029b4	403f5733	sra	x14,x30,x3	 x30:0xffffffff  x3:0x0000036d x14=0xffffffff
     122215.000 ns	     12220	800029b8	c03af313	andi	x6,x21,-1021	 x21:0x00000000  x6=0x00000000
     123385.000 ns	     12337	800029bc	58027fd3	fsqrt.s	f31,f4	  f4:0x42800000 f31=0x40ffffae
     123435.000 ns	     12342	800029c0	01deac53	fadd.s	f24,f29,f29	 f29:0xee6c2320 f29:0xee6c2320 f24=0xeeec2320
     123455.000 ns	     12344	800029c4	607d7213	andi	x4,x26,1543	 x26:0x80040fe4  x4=0x00000604
     123495.000 ns	     12348	800029c8	006fff53	fadd.s	f30,f31,f6	 f31:0x40ffffae  f6:0x4f7fffff f30=0x4f7fffff
     123525.000 ns	     12351	800029cc	f00a8253	fmv.w.x	f4,x21	 x21:0x00000000  f4=0x00000000
     123575.000 ns	     12356	800029d0	01d88253	fadd.s	f4,f17,f29	 f17:0xbf800000 f29:0xee6c2320  f4=0xee6c2320
     123595.000 ns	     12358	800029d4	01d91493	slli	x9,x18,0x1d	 x18:0x00000000  x9=0x00000000
     123615.000 ns	     12360	800029d8	033ca333	mulhsu	x6,x25,x19	 x25:0x00000000 x19:0x7ffbefdc  x6=0x00000000
     123645.000 ns	     12363	800029dc	03f90ab3	mul	x21,x18,x31	 x18:0x00000000 x31:0x00000009 x21=0x00000000
     123675.000 ns	     12366	800029e0	299e9253	fmax.s	f4,f29,f25	 f29:0xee6c2320 f25:0x00000000  f4=0x00000000
     123695.000 ns	     12368	800029e4	00889a33	sll	x20,x17,x8	 x17:0x80040fe4  x8:0x0207f200 x20=0x80040fe4
     123715.000 ns	     12370	800029e8	e0021153	fclass.s	x2,f4	  f4:0x00000000  x2=0x00000010
     123745.000 ns	     12373	800029ec	20cc0853	fsgnj.s	f16,f24,f12	 f24:0xeeec2320 f12:0xa0bffdf8 f16=0xeeec2320
     123765.000 ns	     12375	800029f0	4fc78693	addi	x13,x15,1276	 x15:0x00001018 x13=0x00001514
     123775.000 ns	     12376	800029f4	00000013	addi	x0,x0,0	  x0:0x00000000
     123795.000 ns	     12378	800029f8	03603633	mulhu	x12,x0,x22	  x0:0x00000000 x22:0x00000000 x12=0x00000000
     123825.000 ns	     12381	800029fc	21550fd3	fsgnj.s	f31,f10,f21	 f10:0xc901d000 f21:0xc901d000 f31=0xc901d000
     123875.000 ns	     12386	80002a00	01df0853	fadd.s	f16,f30,f29	 f30:0x4f7fffff f29:0xee6c2320 f16=0xee6c2320
     123895.000 ns	     12388	80002a04	01259713	slli	x14,x11,0x12	 x11:0x00000000 x14=0x00000000
     123915.000 ns	     12390	80002a08	290200d3	fmin.s	f1,f4,f16	  f4:0x00000000 f16:0xee6c2320  f1=0xee6c2320
     123945.000 ns	     12393	80002a0c	21e517d3	fsgnjn.s	f15,f10,f30	 f10:0xc901d000 f30:0x4f7fffff f15=0xc901d000
     123975.000 ns	     12396	80002a10	02671833	mulh	x16,x14,x6	 x14:0x00000000  x6:0x00000000 x16=0x00000000
     123995.000 ns	     12398	80002a14	002e87b3	add	x15,x29,x2	 x29:0x00000000  x2:0x00000010 x15=0x00000010
     124015.000 ns	     12400	80002a18	216e1e53	fsgnjn.s	f28,f28,f22	 f28:0x4fbffdf8 f22:0x4cecb00b f28=0xcfbffdf8
     124035.000 ns	     12402	80002a1c	f64eab17	auipc	x22,0xf64ea	 x22=0x764eca1c
     124045.000 ns	     12403	80002a20	40220e33	sub	x28,x4,x2	  x4:0x00000604  x2:0x00000010 x28=0x000005f4
     124405.000 ns	     12439	80002a24	0330e6b3	rem	x13,x1,x19	  x1:0xfffffc32 x19:0x7ffbefdc x13=0xfffffc32
     124425.000 ns	     12441	80002a28	0ed98293	addi	x5,x19,237	 x19:0x7ffbefdc  x5=0x7ffbf0c9
     124435.000 ns	     12442	80002a2c	01b97b33	and	x22,x18,x27	 x18:0x00000000 x27:0xffffffe7 x22=0x00000000
     124465.000 ns	     12445	80002a30	5807f453	fsqrt.s	f8,f15	 f15:0xc901d000  f8=0x7fc00000
     124485.000 ns	     12447	80002a34	df905c17	auipc	x24,0xdf905	 x24=0x5f907a34
     124495.000 ns	     12448	80002a38	7e0ccd93	xori	x27,x25,2016	 x25:0x00000000 x27=0x000007e0
     124515.000 ns	     12450	80002a3c	02edee33	rem	x28,x27,x14	 x27:0xffffffe7 x14:0x00000000 x28=0x000007e0
     124545.000 ns	     12453	80002a40	02a81433	mulh	x8,x16,x10	 x16:0x00000000 x10:0x00000000  x8=0x00000000
     124565.000 ns	     12455	80002a44	2f467937	lui	x18,0x2f467	 x18=0x2f467000
     124585.000 ns	     12457	80002a48	2048afd3	fsgnjx.s	f31,f17,f4	 f17:0xbf800000  f4:0x00000000 f31=0xbf800000
     124615.000 ns	     12460	80002a4c	f00c8253	fmv.w.x	f4,x25	 x25:0x00000000  f4=0x00000000
     124645.000 ns	     12463	80002a50	c0131c53	fcvt.wu.s	x24,f6	  f6:0x4f7fffff x24=0xffffff00
     124675.000 ns	     12466	80002a54	02b519b3	mulh	x19,x10,x11	 x10:0x00000000 x11:0x00000000 x19=0x00000000
     124725.000 ns	     12471	80002a58	00597053	fadd.s	f0,f18,f5	 f18:0x00000000  f5:0x4cecb00c  f0=0x4cecb00c
     125095.000 ns	     12508	80002a5c	0349ccb3	div	x25,x19,x20	 x19:0x00000000 x20:0x80040fe4 x25=0x00000000
     125115.000 ns	     12510	80002a60	014b3b33	sltu	x22,x22,x20	 x22:0x00000000 x20:0x80040fe4 x22=0x00000001
     125125.000 ns	     12511	80002a64	01c49433	sll	x8,x9,x28	  x9:0x00000000 x28:0x000007e0  x8=0x00000000
     125135.000 ns	     12512	80002a68	7f785197	auipc	x3,0x7f785	  x3=0xff787a68
     125495.000 ns	     12548	80002a6c	0329fe33	remu	x28,x19,x18	 x19:0x00000000 x18:0x2f467000 x28=0x00000000
     125545.000 ns	     12553	80002a70	0926f253	fsub.s	f4,f13,f18	 f13:0x3f800000 f18:0x00000000  f4=0x3f800000
     125915.000 ns	     12590	80002a74	038cf333	remu	x6,x25,x24	 x25:0x00000000 x24:0xffffff00  x6=0x00000000
     125945.000 ns	     12593	80002a78	a1c517d3	flt.s	x15,f10,f28	 f10:0xc901d000 f28:0xcfbffdf8 x15=0x00000000
     125975.000 ns	     12596	80002a7c	a10504d3	fle.s	x9,f10,f16	 f10:0xc901d000 f16:0xee6c2320  x9=0x00000000
     126005.000 ns	     12599	80002a80	02808333	mul	x6,x1,x8	  x1:0xfffffc32  x8:0x00000000  x6=0x00000000
     126035.000 ns	     12602	80002a84	02658f33	mul	x30,x11,x6	 x11:0x00000000  x6:0x00000000 x30=0x00000000
     126405.000 ns	     12639	80002a88	02d4d033	divu	x0,x9,x13	  x9:0x00000000 x13:0xfffffc32
     126425.000 ns	     12641	80002a8c	014d75b3	and	x11,x26,x20	 x26:0x80040fe4 x20:0x80040fe4 x11=0x80040fe4
     126445.000 ns	     12643	80002a90	212d16d3	fsgnjn.s	f13,f26,f18	 f26:0x00000000 f18:0x00000000 f13=0x80000000
     126465.000 ns	     12645	80002a94	01dab233	sltu	x4,x21,x29	 x21:0x00000000 x29:0x00000000  x4=0x00000000
     126485.000 ns	     12647	80002a98	024c8ab3	mul	x21,x25,x4	 x25:0x00000000  x4:0x00000604 x21=0x00000000
     126515.000 ns	     12650	80002a9c	02528733	mul	x14,x5,x5	  x5:0x7ffbf0c9  x5:0x7ffbf0c9 x14=0x7a9f7dd1
     126545.000 ns	     12653	80002aa0	d0134ed3	fcvt.s.wu	f29,x6	  x6:0x00000000 f29=0x00000000
     126565.000 ns	     12655	80002aa4	009a0db3	add	x27,x20,x9	 x20:0x80040fe4  x9:0x00000000 x27=0x80040fe4
     126585.000 ns	     12657	80002aa8	03ccc833	div	x16,x25,x28	 x25:0x00000000 x28:0x00000000 x16=0xffffffff
     126605.000 ns	     12659	80002aac	01178193	addi	x3,x15,17	 x15:0x00000000  x3=0x00000011
     126615.000 ns	     12660	80002ab0	8be42713	slti	x14,x8,-1858	  x8:0x00000000 x14=0x00000000
     126655.000 ns	     12664	80002ab4	0161f953	fadd.s	f18,f3,f22	  f3:0xa0bffdf8 f22:0x4cecb00b f18=0x4cecb00b
     126675.000 ns	     12666	80002ab8	01e99913	slli	x18,x19,0x1e	 x19:0x00000000 x18=0x00000000
     126695.000 ns	     12668	80002abc	c00445d3	fcvt.w.s	x11,f8	  f8:0x7fc00000 x11=0x7fffffff
     126725.000 ns	     12671	80002ac0	21951c53	fsgnjn.s	f24,f10,f25	 f10:0xc901d000 f25:0x00000000 f24=0xc901d000
     126755.000 ns	     12674	80002ac4	d00074d3	fcvt.s.w	f9,x0	  x0:0x00000000  f9=0x00000000
     126785.000 ns	     12677	80002ac8	03334e33	div	x28,x6,x19	  x6:0x00000000 x19:0x00000000 x28=0xffffffff
     126815.000 ns	     12680	80002acc	0391c933	div	x18,x3,x25	  x3:0x00000011 x25:0x00000000 x18=0xffffffff
     126845.000 ns	     12683	80002ad0	a1990753	fle.s	x14,f18,f25	 f18:0x4cecb00b f25:0x00000000 x14=0x00000000
     126865.000 ns	     12685	80002ad4	00e79233	sll	x4,x15,x14	 x15:0x00000000 x14:0x00000000  x4=0x00000000
     126875.000 ns	     12686	80002ad8	00898233	add	x4,x19,x8	 x19:0x00000000  x8:0x00000000  x4=0x00000000
     126885.000 ns	     12687	80002adc	01d6b233	sltu	x4,x13,x29	 x13:0xfffffc32 x29:0x00000000  x4=0x00000000
     126905.000 ns	     12689	80002ae0	f0050ad3	fmv.w.x	f21,x10	 x10:0x00000000 f21=0x00000000
     126935.000 ns	     12692	80002ae4	02eba9b3	mulhsu	x19,x23,x14	 x23:0x80041024 x14:0x00000000 x19=0x00000000
     126955.000 ns	     12694	80002ae8	01a79013	slli	x0,x15,0x1a	 x15:0x00000000
     126965.000 ns	     12695	80002aec	787a0f13	addi	x30,x20,1927	 x20:0x80040fe4 x30=0x8004176b
     126975.000 ns	     12696	80002af0	a0ae6513	ori	x10,x28,-1526	 x28:0xffffffff x10=0xffffffff
     126985.000 ns	     12697	80002af4	01505693	srli	x13,x0,0x15	  x0:0x00000000 x13=0x00000000
     126995.000 ns	     12698	80002af8	016af2b3	and	x5,x21,x22	 x21:0x00000000 x22:0x00000001  x5=0x00000000
     127015.000 ns	     12700	80002afc	e0081353	fclass.s	x6,f16	 f16:0xee6c2320  x6=0x00000002
     127045.000 ns	     12703	80002b00	029df0b3	remu	x1,x27,x9	 x27:0x80040fe4  x9:0x00000000  x1=0x80040fe4
     127415.000 ns	     12740	80002b04	02295c33	divu	x24,x18,x2	 x18:0xffffffff  x2:0x00000010 x24=0x0fffffff
     127445.000 ns	     12743	80002b08	21b7ab53	fsgnjx.s	f22,f15,f27	 f15:0xc901d000 f27:0x44248000 f22=0xc901d000
     127475.000 ns	     12746	80002b0c	f00603d3	fmv.w.x	f7,x12	 x12:0x00000000  f7=0x00000000
     127845.000 ns	     12783	80002b10	0316cdb3	div	x27,x13,x17	 x13:0x00000000 x17:0x80040fe4 x27=0x00000000
     127875.000 ns	     12786	80002b14	d00a7853	fcvt.s.w	f16,x20	 x20:0x80040fe4 f16=0xcefff7e0
     127895.000 ns	     12788	80002b18	01a751b3	srl	x3,x14,x26	 x14:0x00000000 x26:0x80040fe4  x3=0x00000000
     127915.000 ns	     12790	80002b1c	0331e133	rem	x2,x3,x19	  x3:0x00000011 x19:0x00000000  x2=0x00000000
     127935.000 ns	     12792	80002b20	01769793	slli	x15,x13,0x17	 x13:0x00000000 x15=0x00000000
     127945.000 ns	     12793	80002b24	0196d3b3	srl	x7,x13,x25	 x13:0x00000000 x25:0x00000000  x7=0x00000000
     127955.000 ns	     12794	80002b28	41c80633	sub	x12,x16,x28	 x16:0xffffffff x28:0xffffffff x12=0x00000000
     127975.000 ns	     12796	80002b2c	21f920d3	fsgnjx.s	f1,f18,f31	 f18:0x4cecb00b f31:0xbf800000  f1=0xccecb00b
     128005.000 ns	     12799	80002b30	20a31dd3	fsgnjn.s	f27,f6,f10	  f6:0x4f7fffff f10:0xc901d000 f27=0x4f7fffff
     128025.000 ns	     12801	80002b34	9585cd37	lui	x26,0x9585c	 x26=0x9585c000
     128035.000 ns	     12802	80002b38	00bcc4b3	xor	x9,x25,x11	 x25:0x00000000 x11:0x7fffffff  x9=0x7fffffff
     128055.000 ns	     12804	80002b3c	025b1f33	mulh	x30,x22,x5	 x22:0x00000001  x5:0x00000000 x30=0x00000000
     128085.000 ns	     12807	80002b40	a1a21453	flt.s	x8,f4,f26	  f4:0x3f800000 f26:0x00000000  x8=0x00000000
     128105.000 ns	     12809	80002b44	b59ef793	andi	x15,x29,-1191	 x29:0x00000000 x15=0x00000000
     128125.000 ns	     12811	80002b48	28d807d3	fmin.s	f15,f16,f13	 f16:0xcefff7e0 f13:0x80000000 f15=0xcefff7e0
     128155.000 ns	     12814	80002b4c	0270dc33	divu	x24,x1,x7	  x1:0x80040fe4  x7:0x00000000 x24=0xffffffff
     128175.000 ns	     12816	80002b50	b1cf8c93	addi	x25,x31,-1252	 x31:0x00000009 x25=0xfffffb25
     128195.000 ns	     12818	80002b54	a166a4d3	feq.s	x9,f13,f22	 f13:0x80000000 f22:0xc901d000  x9=0x00000000
     128225.000 ns	     12821	80002b58	a1f98653	fle.s	x12,f19,f31	 f19:0x00000000 f31:0xbf800000 x12=0x00000000
     128245.000 ns	     12823	80002b5c	b1617d13	andi	x26,x2,-1258	  x2:0x00000000 x26=0x00000000
     128265.000 ns	     12825	80002b60	029a62b3	rem	x5,x20,x9	 x20:0x80040fe4  x9:0x00000000  x5=0x80040fe4
     128285.000 ns	     12827	80002b64	542aba13	sltiu	x20,x21,1346	 x21:0x00000000 x20=0x00000001
     128295.000 ns	     12828	80002b68	00b8d433	srl	x8,x17,x11	 x17:0x80040fe4 x11:0x7fffffff  x8=0x00000001
     128315.000 ns	     12830	80002b6c	020e5733	divu	x14,x28,x0	 x28:0xffffffff  x0:0x00000000 x14=0xffffffff
     128345.000 ns	     12833	80002b70	29f311d3	fmax.s	f3,f6,f31	  f6:0x4f7fffff f31:0xbf800000  f3=0x4f7fffff
     128395.000 ns	     12838	80002b74	086a07d3	fsub.s	f15,f20,f6	 f20:0x4f000410  f6:0x4f7fffff f15=0xcefff7de
     128425.000 ns	     12841	80002b78	d0077753	fcvt.s.w	f14,x14	 x14:0xffffffff f14=0xbf800000
     128445.000 ns	     12843	80002b7c	019a8833	add	x16,x21,x25	 x21:0x00000000 x25:0xfffffb25 x16=0xfffffb25
     128455.000 ns	     12844	80002b80	01bb1a93	slli	x21,x22,0x1b	 x22:0x00000001 x21=0x08000000
     128475.000 ns	     12846	80002b84	a03a9a53	flt.s	x20,f21,f3	 f21:0x00000000  f3:0x4f7fffff x20=0x00000001
     128495.000 ns	     12848	80002b88	387fe513	ori	x10,x31,903	 x31:0x00000009 x10=0x0000038f
     128515.000 ns	     12850	80002b8c	a0d50cd3	fle.s	x25,f10,f13	 f10:0xc901d000 f13:0x80000000 x25=0x00000001
     128535.000 ns	     12852	80002b90	2e42ce13	xori	x28,x5,740	  x5:0x80040fe4 x28=0x80040d00
     128555.000 ns	     12854	80002b94	a0041dd3	flt.s	x27,f8,f0	  f8:0x7fc00000  f0:0x4cecb00c x27=0x00000000
     128585.000 ns	     12857	80002b98	d0179653	fcvt.s.wu	f12,x15	 x15:0x00000000 f12=0x00000000
     128615.000 ns	     12860	80002b9c	02d5df33	divu	x30,x11,x13	 x11:0x7fffffff x13:0x00000000 x30=0xffffffff
     128635.000 ns	     12862	80002ba0	00000013	addi	x0,x0,0	  x0:0x00000000
     128655.000 ns	     12864	80002ba4	027a69b3	rem	x19,x20,x7	 x20:0x00000001  x7:0x00000000 x19=0x00000001
     128675.000 ns	     12866	80002ba8	016c4833	xor	x16,x24,x22	 x24:0xffffffff x22:0x00000001 x16=0xfffffffe
     128695.000 ns	     12868	80002bac	a11a2553	feq.s	x10,f20,f17	 f20:0x4f000410 f17:0xbf800000 x10=0x00000000
     128725.000 ns	     12871	80002bb0	2029abd3	fsgnjx.s	f23,f19,f2	 f19:0x00000000  f2:0x3f800000 f23=0x00000000
     128745.000 ns	     12873	80002bb4	00652b33	slt	x22,x10,x6	 x10:0x00000000  x6:0x00000002 x22=0x00000001
     128755.000 ns	     12874	80002bb8	01373533	sltu	x10,x14,x19	 x14:0xffffffff x19:0x00000001 x10=0x00000000
     128775.000 ns	     12876	80002bbc	a0eb04d3	fle.s	x9,f22,f14	 f22:0xc901d000 f14:0xbf800000  x9=0x00000001
     129115.000 ns	     12910	80002bc0	18687b53	fdiv.s	f22,f16,f6	 f16:0xcefff7e0  f6:0x4f7fffff f22=0xbefff7e0
     129145.000 ns	     12913	80002bc4	29e38653	fmin.s	f12,f7,f30	  f7:0x00000000 f30:0x4f7fffff f12=0x00000000
     129165.000 ns	     12915	80002bc8	c35a2013	slti	x0,x20,-971	 x20:0x00000001
     129185.000 ns	     12917	80002bcc	02be9eb3	mulh	x29,x29,x11	 x29:0x00000000 x11:0x7fffffff x29=0x00000000
     129215.000 ns	     12920	80002bd0	d00d3853	fcvt.s.w	f16,x26	 x26:0x00000000 f16=0x00000000
     129235.000 ns	     12922	80002bd4	c41df397	auipc	x7,0xc41df	  x7=0x441e1bd4
     129255.000 ns	     12924	80002bd8	03d46933	rem	x18,x8,x29	  x8:0x00000001 x29:0x00000000 x18=0x00000001
     129285.000 ns	     12927	80002bdc	f00a07d3	fmv.w.x	f15,x20	 x20:0x00000001 f15=0x00000001
     129305.000 ns	     12929	80002be0	1ee84193	xori	x3,x16,494	 x16:0xfffffffe  x3=0xfffffe10
     129325.000 ns	     12931	80002be4	a1fe8f53	fle.s	x30,f29,f31	 f29:0x00000000 f31:0xbf800000 x30=0x00000000
     129695.000 ns	     12968	80002be8	028ecf33	div	x30,x29,x8	 x29:0x00000000  x8:0x00000001 x30=0x00000000
     129715.000 ns	     12970	80002bec	00919813	slli	x16,x3,0x9	  x3:0xfffffe10 x16=0xfffc2000
     130075.000 ns	     13006	80002bf0	027960b3	rem	x1,x18,x7	 x18:0x00000001  x7:0x441e1bd4  x1=0x00000001
     130095.000 ns	     13008	80002bf4	6cc20e93	addi	x29,x4,1740	  x4:0x00000000 x29=0x000006cc
     130135.000 ns	     13012	80002bf8	086a8353	fsub.s	f6,f21,f6	 f21:0x00000000  f6:0x4f7fffff  f6=0xcf7fffff
     130155.000 ns	     13014	80002bfc	00000013	addi	x0,x0,0	  x0:0x00000000
     130175.000 ns	     13016	80002c00	280b0bd3	fmin.s	f23,f22,f0	 f22:0xbefff7e0  f0:0x4cecb00c f23=0xbefff7e0
     130225.000 ns	     13021	80002c04	09fb9dd3	fsub.s	f27,f23,f31	 f23:0x00000000 f31:0xbf800000 f27=0x3f000410
     130245.000 ns	     13023	80002c08	7ee48d93	addi	x27,x9,2030	  x9:0x00000001 x27=0x000007ef
     130265.000 ns	     13025	80002c0c	02cbfdb3	remu	x27,x23,x12	 x23:0x80041024 x12:0x00000000 x27=0x80041024
     130305.000 ns	     13029	80002c10	58087653	fsqrt.s	f12,f16	 f16:0x00000000 f12=0x00000000
     130335.000 ns	     13032	80002c14	0256b933	mulhu	x18,x13,x5	 x13:0x00000000  x5:0x80040fe4 x18=0x00000000
     130355.000 ns	     13034	80002c18	40fa5d13	srai	x26,x20,0xf	 x20:0x00000001 x26=0x00000000
     130365.000 ns	     13035	80002c1c	00a263b3	or	x7,x4,x10	  x4:0x00000000 x10:0x00000000  x7=0x00000000
     130385.000 ns	     13037	80002c20	c00c75d3	fcvt.w.s	x11,f24	 f24:0xc901d000 x11=0x00081d00
     130405.000 ns	     13039	80002c24	a495f193	andi	x3,x11,-1463	 x11:0x7fffffff  x3=0x00081800
     130425.000 ns	     13041	80002c28	c01cfcd3	fcvt.wu.s	x25,f25	 f25:0x00000000 x25=0x00000000
     130795.000 ns	     13078	80002c2c	033efab3	remu	x21,x29,x19	 x29:0x000006cc x19:0x00000001 x21=0x00000000
     130845.000 ns	     13083	80002c30	0939fed3	fsub.s	f29,f19,f19	 f19:0x00000000 f19:0x00000000 f29=0x80000000
     130875.000 ns	     13086	80002c34	d0197953	fcvt.s.wu	f18,x18	 x18:0x00000000 f18=0x00000000
     130895.000 ns	     13088	80002c38	00000013	addi	x0,x0,0	  x0:0x00000000
     130905.000 ns	     13089	80002c3c	911f3a93	sltiu	x21,x30,-1775	 x30:0x00000000 x21=0x00000001
     130925.000 ns	     13091	80002c40	03e8cb33	div	x22,x17,x30	 x17:0x80040fe4 x30:0x00000000 x22=0xffffffff
     130945.000 ns	     13093	80002c44	d8722cb7	lui	x25,0xd8722	 x25=0xd8722000
     130965.000 ns	     13095	80002c48	282d9a53	fmax.s	f20,f27,f2	 f27:0x3f000410  f2:0x3f800000 f20=0x3f800000
     130985.000 ns	     13097	80002c4c	00000013	addi	x0,x0,0	  x0:0x00000000
     130995.000 ns	     13098	80002c50	c1346093	ori	x1,x8,-1005	  x8:0x00000001  x1=0xfffffc13
     131015.000 ns	     13100	80002c54	a15daa53	feq.s	x20,f27,f21	 f27:0x3f000410 f21:0x00000000 x20=0x00000000
     131035.000 ns	     13102	80002c58	0007e1b3	or	x3,x15,x0	 x15:0x00000000  x0:0x00000000  x3=0x00000000
     131045.000 ns	     13103	80002c5c	80d20393	addi	x7,x4,-2035	  x4:0x00000000  x7=0xfffff80d
     131055.000 ns	     13104	80002c60	55b44b13	xori	x22,x8,1371	  x8:0x00000001 x22=0x0000055a
     131065.000 ns	     13105	80002c64	00863533	sltu	x10,x12,x8	 x12:0x00000000  x8:0x00000001 x10=0x00000001
     131075.000 ns	     13106	80002c68	416401b3	sub	x3,x8,x22	  x8:0x00000001 x22:0xffffffff  x3=0xfffffaa7
     131095.000 ns	     13108	80002c6c	c019ff53	fcvt.wu.s	x30,f19	 f19:0x00000000 x30=0x00000000
     131115.000 ns	     13110	80002c70	31b3c793	xori	x15,x7,795	  x7:0xfffff80d x15=0xfffffb16
     131125.000 ns	     13111	80002c74	40aed3b3	sra	x7,x29,x10	 x29:0x000006cc x10:0x00000001  x7=0x00000366
     131135.000 ns	     13112	80002c78	402b0133	sub	x2,x22,x2	 x22:0x0000055a  x2:0x00000000  x2=0x0000055a
     131145.000 ns	     13113	80002c7c	0081d833	srl	x16,x3,x8	  x3:0xfffffaa7  x8:0x00000001 x16=0x7ffffd53
     131165.000 ns	     13115	80002c80	c004bc53	fcvt.w.s	x24,f9	  f9:0x00000000 x24=0x00000000
     131185.000 ns	     13117	80002c84	0156d613	srli	x12,x13,0x15	 x13:0x00000000 x12=0x00000000
     131545.000 ns	     13153	80002c88	036346b3	div	x13,x6,x22	  x6:0x00000002 x22:0x0000055a x13=0x00000000
     131585.000 ns	     13157	80002c8c	187273d3	fdiv.s	f7,f4,f7	  f4:0x3f800000  f7:0x00000000  f7=0x7f800000
     131615.000 ns	     13160	80002c90	21a10953	fsgnj.s	f18,f2,f26	  f2:0x3f800000 f26:0x00000000 f18=0x3f800000
     131645.000 ns	     13163	80002c94	e00b87d3	fmv.x.w	x15,f23	 f23:0xbefff7e0 x15=0xbefff7e0
     131665.000 ns	     13165	80002c98	e40ee613	ori	x12,x29,-448	 x29:0x000006cc x12=0xfffffecc
     131675.000 ns	     13166	80002c9c	010cc133	xor	x2,x25,x16	 x25:0xd8722000 x16:0x7ffffd53  x2=0xa78ddd53
     131685.000 ns	     13167	80002ca0	c6f8c513	xori	x10,x17,-913	 x17:0x80040fe4 x10=0x7ffbf38b
     132045.000 ns	     13203	80002ca4	0274fab3	remu	x21,x9,x7	  x9:0x00000001  x7:0x00000366 x21=0x00000001
     132075.000 ns	     13206	80002ca8	d0001453	fcvt.s.w	f8,x0	  x0:0x00000000  f8=0x00000000
     132105.000 ns	     13209	80002cac	28aa8e53	fmin.s	f28,f21,f10	 f21:0x00000000 f10:0xc901d000 f28=0xc901d000
     132135.000 ns	     13212	80002cb0	f00e8fd3	fmv.w.x	f31,x29	 x29:0x000006cc f31=0x000006cc
     132165.000 ns	     13215	80002cb4	03373eb3	mulhu	x29,x14,x19	 x14:0xffffffff x19:0x00000001 x29=0x00000000
     132195.000 ns	     13218	80002cb8	291a9453	fmax.s	f8,f21,f17	 f21:0x00000000 f17:0xbf800000  f8=0x00000000
     132245.000 ns	     13223	80002cbc	01433dd3	fadd.s	f27,f6,f20	  f6:0xcf7fffff f20:0x3f800000 f27=0xcf7ffffe
     132275.000 ns	     13226	80002cc0	21fe0d53	fsgnj.s	f26,f28,f31	 f28:0xc901d000 f31:0x000006cc f26=0x4901d000
     132315.000 ns	     13230	80002cc4	5804fd53	fsqrt.s	f26,f9	  f9:0x00000000 f26=0x00000000
     132335.000 ns	     13232	80002cc8	01a2d413	srli	x8,x5,0x1a	  x5:0x80040fe4  x8=0x00000020
     132345.000 ns	     13233	80002ccc	00ced533	srl	x10,x29,x12	 x29:0x00000000 x12:0xfffffecc x10=0x00000000
     132365.000 ns	     13235	80002cd0	f00709d3	fmv.w.x	f19,x14	 x14:0xffffffff f19=0xffffffff
     132395.000 ns	     13238	80002cd4	e00d1cd3	fclass.s	x25,f26	 f26:0x00000000 x25=0x00000010
     132425.000 ns	     13241	80002cd8	027f0933	mul	x18,x30,x7	 x30:0x00000000  x7:0x00000366 x18=0x00000000
     132445.000 ns	     13243	80002cdc	019322b3	slt	x5,x6,x25	  x6:0x00000002 x25:0x00000010  x5=0x00000001
     132475.000 ns	     13246	80002ce0	181c81d3	fdiv.s	f3,f25,f1	 f25:0x00000000  f1:0xccecb00b  f3=0x80000000
     132505.000 ns	     13249	80002ce4	c017b3d3	fcvt.wu.s	x7,f15	 f15:0x00000001  x7=0x00000000
     132525.000 ns	     13251	80002ce8	0193e333	or	x6,x7,x25	  x7:0x00000366 x25:0x00000010  x6=0x00000010
     132885.000 ns	     13287	80002cec	0219e7b3	rem	x15,x19,x1	 x19:0x00000001  x1:0xfffffc13 x15=0x00000001
     132905.000 ns	     13289	80002cf0	00000013	addi	x0,x0,0	  x0:0x00000000
     132935.000 ns	     13292	80002cf4	1149f3d3	fmul.s	f7,f19,f20	 f19:0xffffffff f20:0x3f800000  f7=0x7fc00000
     132955.000 ns	     13294	80002cf8	01ebf833	and	x16,x23,x30	 x23:0x80041024 x30:0x00000000 x16=0x00000000
     132975.000 ns	     13296	80002cfc	217f2cd3	fsgnjx.s	f25,f30,f23	 f30:0x4f7fffff f23:0xbefff7e0 f25=0xcf7fffff
     132995.000 ns	     13298	80002d00	410804b3	sub	x9,x16,x16	 x16:0x7ffffd53 x16:0x7ffffd53  x9=0x00000000
     133005.000 ns	     13299	80002d04	281ab037	lui	x0,0x281ab	
     133015.000 ns	     13300	80002d08	00a0b333	sltu	x6,x1,x10	  x1:0xfffffc13 x10:0x00000000  x6=0x00000000
     133045.000 ns	     13303	80002d0c	58067853	fsqrt.s	f16,f12	 f12:0x00000000 f16=0x00000000
     133075.000 ns	     13306	80002d10	02afc3b3	div	x7,x31,x10	 x31:0x00000009 x10:0x00000000  x7=0xffffffff
     133095.000 ns	     13308	80002d14	0051d293	srli	x5,x3,0x5	  x3:0xfffffaa7  x5=0x07ffffd5
     133115.000 ns	     13310	80002d18	294b0bd3	fmin.s	f23,f22,f20	 f22:0xbefff7e0 f20:0x3f800000 f23=0xbefff7e0
     133145.000 ns	     13313	80002d1c	a1d20953	fle.s	x18,f4,f29	  f4:0x3f800000 f29:0x80000000 x18=0x00000000
     133165.000 ns	     13315	80002d20	01901433	sll	x8,x0,x25	  x0:0x00000000 x25:0x00000010  x8=0x00000000
     133175.000 ns	     13316	80002d24	00f29c93	slli	x25,x5,0xf	  x5:0x07ffffd5 x25=0xffea8000
     133185.000 ns	     13317	80002d28	01981593	slli	x11,x16,0x19	 x16:0x00000000 x11=0x00000000
     133195.000 ns	     13318	80002d2c	01f05593	srli	x11,x0,0x1f	  x0:0x00000000 x11=0x00000000
     133205.000 ns	     13319	80002d30	91367293	andi	x5,x12,-1773	 x12:0xfffffecc  x5=0xfffff800
     133215.000 ns	     13320	80002d34	004f8133	add	x2,x31,x4	 x31:0x00000009  x4:0x00000000  x2=0x00000009
     133245.000 ns	     13323	80002d38	1005bed3	fmul.s	f29,f11,f0	 f11:0x00000000  f0:0x4cecb00c f29=0x00000000
     133265.000 ns	     13325	80002d3c	00475533	srl	x10,x14,x4	 x14:0xffffffff  x4:0x00000000 x10=0xffffffff
     133305.000 ns	     13329	80002d40	0979fe53	fsub.s	f28,f19,f23	 f19:0xffffffff f23:0xbefff7e0 f28=0x7fc00000
     133335.000 ns	     13332	80002d44	219691d3	fsgnjn.s	f3,f13,f25	 f13:0x80000000 f25:0xcf7fffff  f3=0x00000000
     133365.000 ns	     13335	80002d48	e0048f53	fmv.x.w	x30,f9	  f9:0x00000000 x30=0x00000000
     133385.000 ns	     13337	80002d4c	264a5b37	lui	x22,0x264a5	 x22=0x264a5000
     133405.000 ns	     13339	80002d50	a0158753	fle.s	x14,f11,f1	 f11:0x00000000  f1:0xccecb00b x14=0x00000000
     133455.000 ns	     13344	80002d54	018d7fd3	fadd.s	f31,f26,f24	 f26:0x00000000 f24:0xc901d000 f31=0xc901d000
     133485.000 ns	     13347	80002d58	20989653	fsgnjn.s	f12,f17,f9	 f17:0xbf800000  f9:0x00000000 f12=0xbf800000
     133505.000 ns	     13349	80002d5c	004ecdb3	xor	x27,x29,x4	 x29:0x00000000  x4:0x00000000 x27=0x00000000
     133535.000 ns	     13352	80002d60	10603153	fmul.s	f2,f0,f6	  f0:0x4cecb00c  f6:0xcf7fffff  f2=0xdcecb00b
     133555.000 ns	     13354	80002d64	000b0b33	add	x22,x22,x0	 x22:0x264a5000  x0:0x00000000 x22=0x264a5000
     133565.000 ns	     13355	80002d68	75a60a13	addi	x20,x12,1882	 x12:0xfffffecc x20=0x00000626
     133585.000 ns	     13357	80002d6c	a1b48053	fle.s	x0,f9,f27	  f9:0x00000000 f27:0xcf7ffffe
     133635.000 ns	     13362	80002d70	004583d3	fadd.s	f7,f11,f4	 f11:0x00000000  f4:0x3f800000  f7=0x3f800000
     133665.000 ns	     13365	80002d74	e0058d53	fmv.x.w	x26,f11	 f11:0x00000000 x26=0x00000000
     133695.000 ns	     13368	80002d78	200e2b53	fsgnjx.s	f22,f28,f0	 f28:0x7fc00000  f0:0x4cecb00c f22=0x7fc00000
     133725.000 ns	     13371	80002d7c	e00a1d53	fclass.s	x26,f20	 f20:0x3f800000 x26=0x00000040
     133755.000 ns	     13374	80002d80	02b6b533	mulhu	x10,x13,x11	 x13:0x00000000 x11:0x00000000 x10=0x00000000
     133775.000 ns	     13376	80002d84	85248293	addi	x5,x9,-1966	  x9:0x00000000  x5=0xfffff852
     134105.000 ns	     13409	80002d88	186dffd3	fdiv.s	f31,f27,f6	 f27:0xcf7ffffe  f6:0xcf7fffff f31=0x3f7ffffe
     134155.000 ns	     13414	80002d8c	09033cd3	fsub.s	f25,f6,f16	  f6:0xcf7fffff f16:0x00000000 f25=0xcf7fffff
     134175.000 ns	     13416	80002d90	01386433	or	x8,x16,x19	 x16:0x00000000 x19:0x00000001  x8=0x00000001
     134185.000 ns	     13417	80002d94	125a3113	sltiu	x2,x20,293	 x20:0x00000626  x2=0x00000000
     134215.000 ns	     13420	80002d98	19acf153	fdiv.s	f2,f25,f26	 f25:0xcf7fffff f26:0x00000000  f2=0xff800000
     134235.000 ns	     13422	80002d9c	00000013	addi	x0,x0,0	  x0:0x00000000
     134245.000 ns	     13423	80002da0	011fbb33	sltu	x22,x31,x17	 x31:0x00000009 x17:0x80040fe4 x22=0x00000001
     134255.000 ns	     13424	80002da4	408d0033	sub	x0,x26,x8	 x26:0x00000040  x8:0x00000001
     134265.000 ns	     13425	80002da8	41d78d33	sub	x26,x15,x29	 x15:0x00000001 x29:0x00000000 x26=0x00000001
     134285.000 ns	     13427	80002dac	28878ad3	fmin.s	f21,f15,f8	 f15:0x00000001  f8:0x00000000 f21=0x00000000
     134325.000 ns	     13431	80002db0	1139b253	fmul.s	f4,f19,f19	 f19:0xffffffff f19:0xffffffff  f4=0x7fc00000
     134345.000 ns	     13433	80002db4	d8efcd93	xori	x27,x31,-626	 x31:0x00000009 x27=0xfffffd87
     134355.000 ns	     13434	80002db8	003a5d93	srli	x27,x20,0x3	 x20:0x00000626 x27=0x000000c4
     134375.000 ns	     13436	80002dbc	a19481d3	fle.s	x3,f9,f25	  f9:0x00000000 f25:0xcf7fffff  x3=0x00000000
     134405.000 ns	     13439	80002dc0	20ad9053	fsgnjn.s	f0,f27,f10	 f27:0xcf7ffffe f10:0xc901d000  f0=0x4f7ffffe
     134425.000 ns	     13441	80002dc4	408f5933	sra	x18,x30,x8	 x30:0x00000000  x8:0x00000001 x18=0x00000000
     134435.000 ns	     13442	80002dc8	41775693	srai	x13,x14,0x17	 x14:0x00000000 x13=0x00000000
     134445.000 ns	     13443	80002dcc	00660db3	add	x27,x12,x6	 x12:0xfffffecc  x6:0x00000000 x27=0xfffffecc
     134455.000 ns	     13444	80002dd0	5eb8ed17	auipc	x26,0x5eb8e	 x26=0xdeb90dd0
     134475.000 ns	     13446	80002dd4	21198a53	fsgnj.s	f20,f19,f17	 f19:0xffffffff f17:0xbf800000 f20=0xffffffff
     134505.000 ns	     13449	80002dd8	28a20b53	fmin.s	f22,f4,f10	  f4:0x7fc00000 f10:0xc901d000 f22=0xc901d000
     134535.000 ns	     13452	80002ddc	035434b3	mulhu	x9,x8,x21	  x8:0x00000001 x21:0x00000001  x9=0x00000000
     134555.000 ns	     13454	80002de0	00000013	addi	x0,x0,0	  x0:0x00000000
     134915.000 ns	     13490	80002de4	034055b3	divu	x11,x0,x20	  x0:0x00000000 x20:0x00000626 x11=0x00000000
     134935.000 ns	     13492	80002de8	000a1513	slli	x10,x20,0x0	 x20:0x00000626 x10=0x00000626
     134945.000 ns	     13493	80002dec	404b0533	sub	x10,x22,x4	 x22:0x00000001  x4:0x00000000 x10=0x00000001
     134975.000 ns	     13496	80002df0	1068f5d3	fmul.s	f11,f17,f6	 f17:0xbf800000  f6:0xcf7fffff f11=0x4f800000
     135005.000 ns	     13499	80002df4	e00d17d3	fclass.s	x15,f26	 f26:0x00000000 x15=0x00000010
     135035.000 ns	     13502	80002df8	03d393b3	mulh	x7,x7,x29	  x7:0xffffffff x29:0x00000000  x7=0x00000000
     135055.000 ns	     13504	80002dfc	01fd9a93	slli	x21,x27,0x1f	 x27:0xfffffecc x21=0x00000000
     135075.000 ns	     13506	80002e00	c011f0d3	fcvt.wu.s	x1,f3	  f3:0x00000000  x1=0x00000000
     135095.000 ns	     13508	80002e04	008c2033	slt	x0,x24,x8	 x24:0x00000000  x8:0x00000001
     135115.000 ns	     13510	80002e08	20b5a2d3	fsgnjx.s	f5,f11,f11	 f11:0x4f800000 f11:0x4f800000  f5=0x4f800000
     135145.000 ns	     13513	80002e0c	20910853	fsgnj.s	f16,f2,f9	  f2:0xff800000  f9:0x00000000 f16=0x7f800000
     135175.000 ns	     13516	80002e10	a0c81353	flt.s	x6,f16,f12	 f16:0x00000000 f12:0xbf800000  x6=0x00000000
     135205.000 ns	     13519	80002e14	e0071653	fclass.s	x12,f14	 f14:0xbf800000 x12=0x00000002
     135235.000 ns	     13522	80002e18	d0024153	fcvt.s.w	f2,x4	  x4:0x00000000  f2=0x00000000
     135285.000 ns	     13527	80002e1c	08f27953	fsub.s	f18,f4,f15	  f4:0x7fc00000 f15:0x00000001 f18=0x7fc00000
     135315.000 ns	     13530	80002e20	d0030e53	fcvt.s.w	f28,x6	  x6:0x00000000 f28=0x00000000
     135335.000 ns	     13532	80002e24	411fdd13	srai	x26,x31,0x11	 x31:0x00000009 x26=0x00000000
     135355.000 ns	     13534	80002e28	e0021353	fclass.s	x6,f4	  f4:0x7fc00000  x6=0x00000200
     135375.000 ns	     13536	80002e2c	0162b233	sltu	x4,x5,x22	  x5:0xfffff852 x22:0x00000001  x4=0x00000000
     135395.000 ns	     13538	80002e30	29c18e53	fmin.s	f28,f3,f28	  f3:0x00000000 f28:0x00000000 f28=0x00000000
     135435.000 ns	     13542	80002e34	190474d3	fdiv.s	f9,f8,f16	  f8:0x00000000 f16:0x7f800000  f9=0x00000000
     135455.000 ns	     13544	80002e38	55d80f17	auipc	x30,0x55d80	 x30=0xd5d82e38
     135465.000 ns	     13545	80002e3c	003b9f33	sll	x30,x23,x3	 x23:0x80041024  x3:0x00000000 x30=0x80041024
     135485.000 ns	     13547	80002e40	036511b3	mulh	x3,x10,x22	 x10:0x00000001 x22:0x00000001  x3=0x00000000
     135515.000 ns	     13550	80002e44	0232f2b3	remu	x5,x5,x3	  x5:0xfffff852  x3:0x00000000  x5=0xfffff852
     135545.000 ns	     13553	80002e48	d01f2dd3	fcvt.s.wu	f27,x30	 x30:0x80041024 f27=0x4f000411
     135575.000 ns	     13556	80002e4c	c00b34d3	fcvt.w.s	x9,f22	 f22:0xc901d000  x9=0xfff7e300
     135595.000 ns	     13558	80002e50	55560013	addi	x0,x12,1365	 x12:0x00000002
     135625.000 ns	     13561	80002e54	19c4c4d3	fdiv.s	f9,f9,f28	  f9:0x00000000 f28:0x00000000  f9=0x7fc00000
     135655.000 ns	     13564	80002e58	a1159f53	flt.s	x30,f11,f17	 f11:0x4f800000 f17:0xbf800000 x30=0x00000000
     135695.000 ns	     13568	80002e5c	10b170d3	fmul.s	f1,f2,f11	  f2:0x00000000 f11:0x4f800000  f1=0x00000000
     136065.000 ns	     13605	80002e60	0335e1b3	rem	x3,x11,x19	 x11:0x00000000 x19:0x00000001  x3=0x00000000
     136095.000 ns	     13608	80002e64	c00c7a53	fcvt.w.s	x20,f24	 f24:0xc901d000 x20=0x00081d00
     136125.000 ns	     13611	80002e68	296d8cd3	fmin.s	f25,f27,f22	 f27:0x4f000411 f22:0xc901d000 f25=0xc901d000
     136155.000 ns	     13614	80002e6c	02367133	remu	x2,x12,x3	 x12:0x00000002  x3:0x00000000  x2=0x00000002
     136175.000 ns	     13616	80002e70	001cca33	xor	x20,x25,x1	 x25:0xffea8000  x1:0x00000000 x20=0xffea8000
     136195.000 ns	     13618	80002e74	20bd00d3	fsgnj.s	f1,f26,f11	 f26:0x00000000 f11:0x4f800000  f1=0x00000000
     136225.000 ns	     13621	80002e78	29410e53	fmin.s	f28,f2,f20	  f2:0x00000000 f20:0xffffffff f28=0x00000000
     136255.000 ns	     13624	80002e7c	e0061c53	fclass.s	x24,f12	 f12:0xbf800000 x24=0x00000002
     136285.000 ns	     13627	80002e80	03df4c33	div	x24,x30,x29	 x30:0x00000000 x29:0x00000000 x24=0xffffffff
     136315.000 ns	     13630	80002e84	03c7bf33	mulhu	x30,x15,x28	 x15:0x00000010 x28:0x80040d00 x30=0x00000008
     136655.000 ns	     13664	80002e88	180c03d3	fdiv.s	f7,f24,f0	 f24:0xc901d000  f0:0x4f7ffffe  f7=0xb901d000
     136675.000 ns	     13666	80002e8c	40235693	srai	x13,x6,0x2	  x6:0x00000200 x13=0x00000080
     136695.000 ns	     13668	80002e90	a13306d3	fle.s	x13,f6,f19	  f6:0xcf7fffff f19:0xffffffff x13=0x00000000
     136725.000 ns	     13671	80002e94	027705b3	mul	x11,x14,x7	 x14:0x00000000  x7:0x00000000 x11=0x00000000
     136745.000 ns	     13673	80002e98	7e974f37	lui	x30,0x7e974	 x30=0x7e974000
     137105.000 ns	     13709	80002e9c	0332ec33	rem	x24,x5,x19	  x5:0xfffff852 x19:0x00000001 x24=0x00000000
     137145.000 ns	     13713	80002ea0	58072753	fsqrt.s	f14,f14	 f14:0xbf800000 f14=0x7fc00000
     137175.000 ns	     13716	80002ea4	c005b3d3	fcvt.w.s	x7,f11	 f11:0x4f800000  x7=0x7fffffff
     137205.000 ns	     13719	80002ea8	f0070dd3	fmv.w.x	f27,x14	 x14:0x00000000 f27=0x00000000
     137225.000 ns	     13721	80002eac	45312513	slti	x10,x2,1107	  x2:0x00000002 x10=0x00000001
     137265.000 ns	     13725	80002eb0	019ef6d3	fadd.s	f13,f29,f25	 f29:0x00000000 f25:0xc901d000 f13=0xc901d000
     137315.000 ns	     13730	80002eb4	015648d3	fadd.s	f17,f12,f21	 f12:0xbf800000 f21:0x00000000 f17=0xbf800000
     137345.000 ns	     13733	80002eb8	a0221453	flt.s	x8,f4,f2	  f4:0x7fc00000  f2:0x00000000  x8=0x00000000
     137375.000 ns	     13736	80002ebc	d002a3d3	fcvt.s.w	f7,x5	  x5:0xfffff852  f7=0xc4f5c000
     137405.000 ns	     13739	80002ec0	022f1033	mulh	x0,x30,x2	 x30:0x7e974000  x2:0x00000002
     137445.000 ns	     13743	80002ec4	5809f5d3	fsqrt.s	f11,f19	 f19:0xffffffff f11=0x7fc00000
     137475.000 ns	     13746	80002ec8	02d7e133	rem	x2,x15,x13	 x15:0x00000010 x13:0x00000000  x2=0x00000010
     137495.000 ns	     13748	80002ecc	01015d93	srli	x27,x2,0x10	  x2:0x00000002 x27=0x00000000
     137505.000 ns	     13749	80002ed0	01fade93	srli	x29,x21,0x1f	 x21:0x00000000 x29=0x00000000
     137535.000 ns	     13752	80002ed4	10ea44d3	fmul.s	f9,f20,f14	 f20:0xffffffff f14:0x7fc00000  f9=0x7fc00000
     137565.000 ns	     13755	80002ed8	2044a653	fsgnjx.s	f12,f9,f4	  f9:0x7fc00000  f4:0x7fc00000 f12=0x7fc00000
     137595.000 ns	     13758	80002edc	a13986d3	fle.s	x13,f19,f19	 f19:0xffffffff f19:0xffffffff x13=0x00000000
     137615.000 ns	     13760	80002ee0	00000013	addi	x0,x0,0	  x0:0x00000000
     137635.000 ns	     13762	80002ee4	02d9f7b3	remu	x15,x19,x13	 x19:0x00000001 x13:0x00000000 x15=0x00000001
     137655.000 ns	     13764	80002ee8	01db4733	xor	x14,x22,x29	 x22:0x00000001 x29:0x00000000 x14=0x00000001
     137665.000 ns	     13765	80002eec	a8a90213	addi	x4,x18,-1398	 x18:0x00000000  x4=0xfffffa8a
     137675.000 ns	     13766	80002ef0	0071b433	sltu	x8,x3,x7	  x3:0x00000000  x7:0x7fffffff  x8=0x00000001
     137685.000 ns	     13767	80002ef4	00ca61b3	or	x3,x20,x12	 x20:0xffea8000 x12:0x00000002  x3=0xffea8002
     137705.000 ns	     13769	80002ef8	21e0a053	fsgnjx.s	f0,f1,f30	  f1:0x00000000 f30:0x4f7fffff  f0=0x00000000
     137725.000 ns	     13771	80002efc	005777b3	and	x15,x14,x5	 x14:0x00000001  x5:0xfffff852 x15=0x00000000
     137755.000 ns	     13774	80002f00	58097ed3	fsqrt.s	f29,f18	 f18:0x7fc00000 f29=0x7fc00000
     137785.000 ns	     13777	80002f04	d0107353	fcvt.s.wu	f6,x0	  x0:0x00000000  f6=0x00000000
     137805.000 ns	     13779	80002f08	78cb2593	slti	x11,x22,1932	 x22:0x00000001 x11=0x00000001
     137815.000 ns	     13780	80002f0c	01adc333	xor	x6,x27,x26	 x27:0x00000000 x26:0x00000000  x6=0x00000000
     137835.000 ns	     13782	80002f10	f00c8353	fmv.w.x	f6,x25	 x25:0xffea8000  f6=0xffea8000
     137855.000 ns	     13784	80002f14	007d6ab3	or	x21,x26,x7	 x26:0x00000000  x7:0x7fffffff x21=0x7fffffff
     137875.000 ns	     13786	80002f18	d00429d3	fcvt.s.w	f19,x8	  x8:0x00000001 f19=0x3f800000
     137905.000 ns	     13789	80002f1c	e0061953	fclass.s	x18,f12	 f12:0x7fc00000 x18=0x00000200
     137925.000 ns	     13791	80002f20	003342b3	xor	x5,x6,x3	  x6:0x00000000  x3:0xffea8002  x5=0xffea8002
     137945.000 ns	     13793	80002f24	02eca533	mulhsu	x10,x25,x14	 x25:0xffea8000 x14:0x00000001 x10=0xffffffff
     137985.000 ns	     13797	80002f28	58048853	fsqrt.s	f16,f9	  f9:0x7fc00000 f16=0x7fc00000
     138005.000 ns	     13799	80002f2c	01dca1b3	slt	x3,x25,x29	 x25:0xffea8000 x29:0x00000000  x3=0x00000001
     138025.000 ns	     13801	80002f30	e0041153	fclass.s	x2,f8	  f8:0x00000000  x2=0x00000010
     138045.000 ns	     13803	80002f34	018e8633	add	x12,x29,x24	 x29:0x00000000 x24:0x00000000 x12=0x00000000
     138065.000 ns	     13805	80002f38	03dc9db3	mulh	x27,x25,x29	 x25:0xffea8000 x29:0x00000000 x27=0x00000000
     138085.000 ns	     13807	80002f3c	7ce026b7	lui	x13,0x7ce02	 x13=0x7ce02000
     138125.000 ns	     13811	80002f40	097c70d3	fsub.s	f1,f24,f23	 f24:0xc901d000 f23:0xbefff7e0  f1=0xc901cff8
     138155.000 ns	     13814	80002f44	03dcadb3	mulhsu	x27,x25,x29	 x25:0xffea8000 x29:0x00000000 x27=0x00000000
     138195.000 ns	     13818	80002f48	18870953	fdiv.s	f18,f14,f8	 f14:0x7fc00000  f8:0x00000000 f18=0x7fc00000
     138565.000 ns	     13855	80002f4c	02964133	div	x2,x12,x9	 x12:0x00000000  x9:0xfff7e300  x2=0x00000000
     138585.000 ns	     13857	80002f50	e3cd3d13	sltiu	x26,x26,-452	 x26:0x00000000 x26=0x00000001
     138605.000 ns	     13859	80002f54	d00d79d3	fcvt.s.w	f19,x26	 x26:0x00000000 f19=0x3f800000
     138635.000 ns	     13862	80002f58	f00804d3	fmv.w.x	f9,x16	 x16:0x00000000  f9=0x00000000
     138665.000 ns	     13865	80002f5c	c01ac353	fcvt.wu.s	x6,f21	 f21:0x00000000  x6=0x00000000
     138695.000 ns	     13868	80002f60	02fccb33	div	x22,x25,x15	 x25:0xffea8000 x15:0x00000000 x22=0xffffffff
     139065.000 ns	     13905	80002f64	039ff833	remu	x16,x31,x25	 x31:0x00000009 x25:0xffea8000 x16=0x00000009
     139085.000 ns	     13907	80002f68	a62a8cb7	lui	x25,0xa62a8	 x25=0xa62a8000
     139105.000 ns	     13909	80002f6c	a0f91cd3	flt.s	x25,f18,f15	 f18:0x7fc00000 f15:0x00000001 x25=0x00000000
     139125.000 ns	     13911	80002f70	00000013	addi	x0,x0,0	  x0:0x00000000
     139145.000 ns	     13913	80002f74	e00d1253	fclass.s	x4,f26	 f26:0x00000000  x4=0x00000010
     139165.000 ns	     13915	80002f78	01e7d493	srli	x9,x15,0x1e	 x15:0x00000000  x9=0x00000000
     139175.000 ns	     13916	80002f7c	40ea01b3	sub	x3,x20,x14	 x20:0xffea8000 x14:0x00000001  x3=0xffea7fff
     139195.000 ns	     13918	80002f80	e0090cd3	fmv.x.w	x25,f18	 f18:0x7fc00000 x25=0x7fc00000
     139225.000 ns	     13921	80002f84	d01aa8d3	fcvt.s.wu	f17,x21	 x21:0x7fffffff f17=0x4f000000
     139245.000 ns	     13923	80002f88	006fc233	xor	x4,x31,x6	 x31:0x00000009  x6:0x00000000  x4=0x00000009
     139265.000 ns	     13925	80002f8c	f0048fd3	fmv.w.x	f31,x9	  x9:0x00000000 f31=0x00000000
     139295.000 ns	     13928	80002f90	a0c1a9d3	feq.s	x19,f3,f12	  f3:0x00000000 f12:0x7fc00000 x19=0x00000000
     139345.000 ns	     13933	80002f94	08567253	fsub.s	f4,f12,f5	 f12:0x7fc00000  f5:0x4f800000  f4=0x7fc00000
     139715.000 ns	     13970	80002f98	0234ddb3	divu	x27,x9,x3	  x9:0x00000000  x3:0xffea7fff x27=0x00000000
     139745.000 ns	     13973	80002f9c	026593b3	mulh	x7,x11,x6	 x11:0x00000001  x6:0x00000000  x7=0x00000000
     139775.000 ns	     13976	80002fa0	02f1d0b3	divu	x1,x3,x15	  x3:0xffea7fff x15:0x00000000  x1=0xffffffff
     139795.000 ns	     13978	80002fa4	3fe53713	sltiu	x14,x10,1022	 x10:0xffffffff x14=0x00000000
     139815.000 ns	     13980	80002fa8	287686d3	fmin.s	f13,f13,f7	 f13:0xc901d000  f7:0xc4f5c000 f13=0xc901d000
     139845.000 ns	     13983	80002fac	d018f2d3	fcvt.s.wu	f5,x17	 x17:0x80040fe4  f5=0x4f00040f
     139865.000 ns	     13985	80002fb0	01925933	srl	x18,x4,x25	  x4:0x00000009 x25:0x7fc00000 x18=0x00000009
     139885.000 ns	     13987	80002fb4	21642f53	fsgnjx.s	f30,f8,f22	  f8:0x00000000 f22:0xc901d000 f30=0x80000000
     139915.000 ns	     13990	80002fb8	03771e33	mulh	x28,x14,x23	 x14:0x00000000 x23:0x80041024 x28=0x00000000
     139935.000 ns	     13992	80002fbc	015d9f33	sll	x30,x27,x21	 x27:0x00000000 x21:0x7fffffff x30=0x00000000
     139955.000 ns	     13994	80002fc0	020b8eb3	mul	x29,x23,x0	 x23:0x80041024  x0:0x00000000 x29=0x00000000
     139975.000 ns	     13996	80002fc4	14a2a913	slti	x18,x5,330	  x5:0xffea8002 x18=0x00000001
     139995.000 ns	     13998	80002fc8	f0028c53	fmv.w.x	f24,x5	  x5:0xffea8002 f24=0xffea8002
     140015.000 ns	     14000	80002fcc	4d342a93	slti	x21,x8,1235	  x8:0x00000001 x21=0x00000001
     140035.000 ns	     14002	80002fd0	03d90933	mul	x18,x18,x29	 x18:0x00000001 x29:0x00000000 x18=0x00000000
     140055.000 ns	     14004	80002fd4	0140c3b3	xor	x7,x1,x20	  x1:0xffffffff x20:0xffea8000  x7=0x00157fff
     140075.000 ns	     14006	80002fd8	c0100a53	fcvt.wu.s	x20,f0	  f0:0x00000000 x20=0x00000000
     140105.000 ns	     14009	80002fdc	035badb3	mulhsu	x27,x23,x21	 x23:0x80041024 x21:0x00000001 x27=0xffffffff
     140135.000 ns	     14012	80002fe0	a0460dd3	fle.s	x27,f12,f4	 f12:0x7fc00000  f4:0x7fc00000 x27=0x00000000
     140155.000 ns	     14014	80002fe4	175f8113	addi	x2,x31,373	 x31:0x00000009  x2=0x0000017e
     140175.000 ns	     14016	80002fe8	28a20ed3	fmin.s	f29,f4,f10	  f4:0x7fc00000 f10:0xc901d000 f29=0xc901d000
     140195.000 ns	     14018	80002fec	008d5733	srl	x14,x26,x8	 x26:0x00000001  x8:0x00000001 x14=0x00000000
     140205.000 ns	     14019	80002ff0	00a77033	and	x0,x14,x10	 x14:0x00000000 x10:0xffffffff
     140215.000 ns	     14020	80002ff4	89a3a813	slti	x16,x7,-1894	  x7:0x00157fff x16=0x00000000
     140235.000 ns	     14022	80002ff8	20712253	fsgnjx.s	f4,f2,f7	  f2:0x00000000  f7:0xc4f5c000  f4=0x80000000
     140265.000 ns	     14025	80002ffc	a1bc1ad3	flt.s	x21,f24,f27	 f24:0xffea8002 f27:0x00000000 x21=0x00000000
     140635.000 ns	     14062	80003000	0394d233	divu	x4,x9,x25	  x9:0x00000000 x25:0x7fc00000  x4=0x00000000
     140655.000 ns	     14064	80003004	01625433	srl	x8,x4,x22	  x4:0x00000009 x22:0xffffffff  x8=0x00000000
     140665.000 ns	     14065	80003008	00000013	addi	x0,x0,0	  x0:0x00000000
     140695.000 ns	     14068	8000300c	580ef553	fsqrt.s	f10,f29	 f29:0xc901d000 f10=0x7fc00000
     140715.000 ns	     14070	80003010	26a2f513	andi	x10,x5,618	  x5:0xffea8002 x10=0x00000002
     140725.000 ns	     14071	80003014	01821a93	slli	x21,x4,0x18	  x4:0x00000000 x21=0x00000000
     140735.000 ns	     14072	80003018	007e64b3	or	x9,x28,x7	 x28:0x00000000  x7:0x00157fff  x9=0x00157fff
     140745.000 ns	     14073	8000301c	002a93b3	sll	x7,x21,x2	 x21:0x00000000  x2:0x0000017e  x7=0x00000000
     140765.000 ns	     14075	80003020	288d8ed3	fmin.s	f29,f27,f8	 f27:0x00000000  f8:0x00000000 f29=0x00000000
     140815.000 ns	     14080	80003024	098f71d3	fsub.s	f3,f30,f24	 f30:0x80000000 f24:0xffea8002  f3=0x7fc00000
     140865.000 ns	     14085	80003028	019cf7d3	fadd.s	f15,f25,f25	 f25:0xc901d000 f25:0xc901d000 f15=0xc981d000
     140885.000 ns	     14087	8000302c	00d7b033	sltu	x0,x15,x13	 x15:0x00000000 x13:0x7ce02000
     140925.000 ns	     14091	80003030	01c17453	fadd.s	f8,f2,f28	  f2:0x00000000 f28:0x00000000  f8=0x00000000
     140955.000 ns	     14094	80003034	d008fbd3	fcvt.s.w	f23,x17	 x17:0x80040fe4 f23=0xcefff7e0
     140985.000 ns	     14097	80003038	f0088553	fmv.w.x	f10,x17	 x17:0x80040fe4 f10=0x80040fe4
     141015.000 ns	     14100	8000303c	03e439b3	mulhu	x19,x8,x30	  x8:0x00000000 x30:0x00000000 x19=0x00000000
     141035.000 ns	     14102	80003040	0dc3f613	andi	x12,x7,220	  x7:0x00000000 x12=0x00000000
     141045.000 ns	     14103	80003044	0038b433	sltu	x8,x17,x3	 x17:0x80040fe4  x3:0xffea7fff  x8=0x00000001
     141065.000 ns	     14105	80003048	0288b233	mulhu	x4,x17,x8	 x17:0x80040fe4  x8:0x00000000  x4=0x00000000
     141095.000 ns	     14108	8000304c	20b594d3	fsgnjn.s	f9,f11,f11	 f11:0x7fc00000 f11:0x7fc00000  f9=0xffc00000
     141465.000 ns	     14145	80003050	02906833	rem	x16,x0,x9	  x0:0x00000000  x9:0x00157fff x16=0x00000000
     141495.000 ns	     14148	80003054	e0010dd3	fmv.x.w	x27,f2	  f2:0x00000000 x27=0x00000000
     141525.000 ns	     14151	80003058	034cde33	divu	x28,x25,x20	 x25:0x7fc00000 x20:0x00000000 x28=0xffffffff
     141545.000 ns	     14153	8000305c	000f5393	srli	x7,x30,0x0	 x30:0x00000000  x7=0x00000000
     141555.000 ns	     14154	80003060	007095b3	sll	x11,x1,x7	  x1:0xffffffff  x7:0x00000000 x11=0xffffffff
     141575.000 ns	     14156	80003064	d01147d3	fcvt.s.wu	f15,x2	  x2:0x0000017e f15=0x43bf0000
     141605.000 ns	     14159	80003068	c002c753	fcvt.w.s	x14,f5	  f5:0x4f00040f x14=0x7fffffff
     141635.000 ns	     14162	8000306c	02bdbcb3	mulhu	x25,x27,x11	 x27:0x00000000 x11:0xffffffff x25=0x00000000
     141665.000 ns	     14165	80003070	022c21b3	mulhsu	x3,x24,x2	 x24:0x00000000  x2:0x0000017e  x3=0x00000000
     141685.000 ns	     14167	80003074	4052d633	sra	x12,x5,x5	  x5:0xffea8002  x5:0xffea8002 x12=0xfffaa000
     141705.000 ns	     14169	80003078	29631953	fmax.s	f18,f6,f22	  f6:0xffea8000 f22:0xc901d000 f18=0xc901d000
     141735.000 ns	     14172	8000307c	e00f0c53	fmv.x.w	x24,f30	 f30:0x80000000 x24=0x80000000
     141765.000 ns	     14175	80003080	e00d16d3	fclass.s	x13,f26	 f26:0x00000000 x13=0x00000010
     141795.000 ns	     14178	80003084	03d9b9b3	mulhu	x19,x19,x29	 x19:0x00000000 x29:0x00000000 x19=0x00000000
     141815.000 ns	     14180	80003088	00000013	addi	x0,x0,0	  x0:0x00000000
     141825.000 ns	     14181	8000308c	f3c9c337	lui	x6,0xf3c9c	  x6=0xf3c9c000
     141835.000 ns	     14182	80003090	00000013	addi	x0,x0,0	  x0:0x00000000
     141855.000 ns	     14184	80003094	f00887d3	fmv.w.x	f15,x17	 x17:0x80040fe4 f15=0x80040fe4
     141875.000 ns	     14186	80003098	01041993	slli	x19,x8,0x10	  x8:0x00000001 x19=0x00010000
     141905.000 ns	     14189	8000309c	19f3f8d3	fdiv.s	f17,f7,f31	  f7:0xc4f5c000 f31:0x00000000 f17=0xff800000
     141935.000 ns	     14192	800030a0	2179a9d3	fsgnjx.s	f19,f19,f23	 f19:0x3f800000 f23:0xcefff7e0 f19=0xbf800000
     141965.000 ns	     14195	800030a4	c01a7d53	fcvt.wu.s	x26,f20	 f20:0xffffffff x26=0xffffffff
     141985.000 ns	     14197	800030a8	010300b3	add	x1,x6,x16	  x6:0xf3c9c000 x16:0x00000000  x1=0xf3c9c000
     141995.000 ns	     14198	800030ac	637a4937	lui	x18,0x637a4	 x18=0x637a4000
     142005.000 ns	     14199	800030b0	002ddb13	srli	x22,x27,0x2	 x27:0x00000000 x22=0x00000000
     142015.000 ns	     14200	800030b4	00000013	addi	x0,x0,0	  x0:0x00000000
     142035.000 ns	     14202	800030b8	219c2e53	fsgnjx.s	f28,f24,f25	 f24:0xffea8002 f25:0xc901d000 f28=0x7fea8002
     142065.000 ns	     14205	800030bc	039c09b3	mul	x19,x24,x25	 x24:0x80000000 x25:0x00000000 x19=0x00000000
     142435.000 ns	     14242	800030c0	02585eb3	divu	x29,x16,x5	 x16:0x00000000  x5:0xffea8002 x29=0x00000000
     142465.000 ns	     14245	800030c4	f00e0ed3	fmv.w.x	f29,x28	 x28:0xffffffff f29=0xffffffff
     142515.000 ns	     14250	800030c8	00fda9d3	fadd.s	f19,f27,f15	 f27:0x00000000 f15:0x80040fe4 f19=0x80040fe4
     142545.000 ns	     14253	800030cc	d01e9453	fcvt.s.wu	f8,x29	 x29:0x00000000  f8=0x00000000
     142575.000 ns	     14256	800030d0	20aa21d3	fsgnjx.s	f3,f20,f10	 f20:0xffffffff f10:0x80040fe4  f3=0x7fffffff
     142595.000 ns	     14258	800030d4	77b44913	xori	x18,x8,1915	  x8:0x00000001 x18=0x0000077a
     142615.000 ns	     14260	800030d8	02ac0333	mul	x6,x24,x10	 x24:0x80000000 x10:0x00000002  x6=0x00000000
     142635.000 ns	     14262	800030dc	415352b3	sra	x5,x6,x21	  x6:0xf3c9c000 x21:0x00000000  x5=0x00000000
     142665.000 ns	     14265	800030e0	18857e53	fdiv.s	f28,f10,f8	 f10:0x80040fe4  f8:0x00000000 f28=0xff800000
     142685.000 ns	     14267	800030e4	eb4f4093	xori	x1,x30,-332	 x30:0x00000000  x1=0xfffffeb4
     142695.000 ns	     14268	800030e8	00083433	sltu	x8,x16,x0	 x16:0x00000000  x0:0x00000000  x8=0x00000000
     142715.000 ns	     14270	800030ec	f0000d53	fmv.w.x	f26,x0	  x0:0x00000000 f26=0x00000000
     142735.000 ns	     14272	800030f0	e31d1837	lui	x16,0xe31d1	 x16=0xe31d1000
     142745.000 ns	     14273	800030f4	00000013	addi	x0,x0,0	  x0:0x00000000
     142785.000 ns	     14277	800030f8	000bf653	fadd.s	f12,f23,f0	 f23:0xcefff7e0  f0:0x00000000 f12=0xcefff7e0
     142815.000 ns	     14280	800030fc	28471753	fmax.s	f14,f14,f4	 f14:0x7fc00000  f4:0x80000000 f14=0x80000000
     142835.000 ns	     14282	80003100	416a5f33	sra	x30,x20,x22	 x20:0x00000000 x22:0x00000000 x30=0x00000000
     142845.000 ns	     14283	80003104	18579197	auipc	x3,0x18579	  x3=0x9857c104
     142855.000 ns	     14284	80003108	01f554b3	srl	x9,x10,x31	 x10:0x00000002 x31:0x00000009  x9=0x00000000
     142875.000 ns	     14286	8000310c	e0090f53	fmv.x.w	x30,f18	 f18:0xc901d000 x30=0xc901d000
     142895.000 ns	     14288	80003110	f085b593	sltiu	x11,x11,-248	 x11:0xffffffff x11=0x00000000
     142935.000 ns	     14292	80003114	01157d53	fadd.s	f26,f10,f17	 f10:0x80040fe4 f17:0xff800000 f26=0xff800000
     142955.000 ns	     14294	80003118	01ecbab3	sltu	x21,x25,x30	 x25:0x00000000 x30:0xc901d000 x21=0x00000001
     142965.000 ns	     14295	8000311c	bca1ad13	slti	x26,x3,-1078	  x3:0x9857c104 x26=0x00000001
     142975.000 ns	     14296	80003120	002a91b3	sll	x3,x21,x2	 x21:0x00000000  x2:0x0000017e  x3=0x40000000
     142985.000 ns	     14297	80003124	01625593	srli	x11,x4,0x16	  x4:0x00000000 x11=0x00000000
     143005.000 ns	     14299	80003128	299793d3	fmax.s	f7,f15,f25	 f15:0x80040fe4 f25:0xc901d000  f7=0x80040fe4
     143035.000 ns	     14302	8000312c	21d28453	fsgnj.s	f8,f5,f29	  f5:0x4f00040f f29:0xffffffff  f8=0xcf00040f
     143065.000 ns	     14305	80003130	020994b3	mulh	x9,x19,x0	 x19:0x00000000  x0:0x00000000  x9=0x00000000
     143085.000 ns	     14307	80003134	005d1533	sll	x10,x26,x5	 x26:0x00000001  x5:0x00000000 x10=0x00000001
     143105.000 ns	     14309	80003138	c00bf6d3	fcvt.w.s	x13,f23	 f23:0xcefff7e0 x13=0x7ffbf000
     143135.000 ns	     14312	8000313c	027fdd33	divu	x26,x31,x7	 x31:0x00000009  x7:0x00000000 x26=0xffffffff
     143155.000 ns	     14314	80003140	dd50e693	ori	x13,x1,-555	  x1:0xfffffeb4 x13=0xfffffff5
     143165.000 ns	     14315	80003144	4b8ef013	andi	x0,x29,1208	 x29:0x00000000
     143175.000 ns	     14316	80003148	00125813	srli	x16,x4,0x1	  x4:0x00000000 x16=0x00000000
     143195.000 ns	     14318	8000314c	03548c33	mul	x24,x9,x21	  x9:0x00000000 x21:0x00000001 x24=0x00000000
     143215.000 ns	     14320	80003150	0150e033	or	x0,x1,x21	  x1:0xfffffeb4 x21:0x00000001
     143245.000 ns	     14323	80003154	5800f4d3	fsqrt.s	f9,f1	  f1:0xc901cff8  f9=0x7fc00000
     143275.000 ns	     14326	80003158	204707d3	fsgnj.s	f15,f14,f4	 f14:0x80000000  f4:0x80000000 f15=0x80000000
     143295.000 ns	     14328	8000315c	83b70713	addi	x14,x14,-1989	 x14:0x7fffffff x14=0x7ffff83a
     143325.000 ns	     14331	80003160	18ec19d3	fdiv.s	f19,f24,f14	 f24:0xffea8002 f14:0x80000000 f19=0x7fc00000
     143345.000 ns	     14333	80003164	008819b3	sll	x19,x16,x8	 x16:0x00000000  x8:0x00000000 x19=0x00000000
     143355.000 ns	     14334	80003168	016a73b3	and	x7,x20,x22	 x20:0x00000000 x22:0x00000000  x7=0x00000000
     143375.000 ns	     14336	8000316c	02393433	mulhu	x8,x18,x3	 x18:0x0000077a  x3:0x40000000  x8=0x000001de
     143405.000 ns	     14339	80003170	296311d3	fmax.s	f3,f6,f22	  f6:0xffea8000 f22:0xc901d000  f3=0xc901d000
     143435.000 ns	     14342	80003174	03760f33	mul	x30,x12,x23	 x12:0xfffaa000 x23:0x80041024 x30=0x293e8000
     143455.000 ns	     14344	80003178	67b7f993	andi	x19,x15,1659	 x15:0x00000000 x19=0x00000000
     143475.000 ns	     14346	8000317c	d01c79d3	fcvt.s.wu	f19,x24	 x24:0x00000000 f19=0x00000000
     143495.000 ns	     14348	80003180	71ae7293	andi	x5,x28,1818	 x28:0xffffffff  x5=0x0000071a
     143505.000 ns	     14349	80003184	012394b3	sll	x9,x7,x18	  x7:0x00000000 x18:0x0000077a  x9=0x00000000
     143515.000 ns	     14350	80003188	01fc8233	add	x4,x25,x31	 x25:0x00000000 x31:0x00000009  x4=0x00000009
     143525.000 ns	     14351	8000318c	01c9fd33	and	x26,x19,x28	 x19:0x00000000 x28:0xffffffff x26=0x00000000
     143535.000 ns	     14352	80003190	41e65a33	sra	x20,x12,x30	 x12:0xfffaa000 x30:0x293e8000 x20=0xfffaa000
     143545.000 ns	     14353	80003194	0165a1b3	slt	x3,x11,x22	 x11:0x00000000 x22:0x00000000  x3=0x00000000
     143585.000 ns	     14357	80003198	000777d3	fadd.s	f15,f14,f0	 f14:0x80000000  f0:0x00000000 f15=0x00000000
     143605.000 ns	     14359	8000319c	00088233	add	x4,x17,x0	 x17:0x80040fe4  x0:0x00000000  x4=0x80040fe4
     143625.000 ns	     14361	800031a0	03ca97b3	mulh	x15,x21,x28	 x21:0x00000001 x28:0xffffffff x15=0xffffffff
     143655.000 ns	     14364	800031a4	02608f33	mul	x30,x1,x6	  x1:0xfffffeb4  x6:0x00000000 x30=0x00000000
     143675.000 ns	     14366	800031a8	006d8c33	add	x24,x27,x6	 x27:0x00000000  x6:0x00000000 x24=0x00000000
     143695.000 ns	     14368	800031ac	217300d3	fsgnj.s	f1,f6,f23	  f6:0xffea8000 f23:0xcefff7e0  f1=0xffea8000
     143725.000 ns	     14371	800031b0	0346b233	mulhu	x4,x13,x20	 x13:0xfffffff5 x20:0xfffaa000  x4=0xfffa9ff5
     143745.000 ns	     14373	800031b4	018e93b3	sll	x7,x29,x24	 x29:0x00000000 x24:0x00000000  x7=0x00000000
     143765.000 ns	     14375	800031b8	0303b2b3	mulhu	x5,x7,x16	  x7:0x00000000 x16:0x00000000  x5=0x00000000
     143815.000 ns	     14380	800031bc	008dff53	fadd.s	f30,f27,f8	 f27:0x00000000  f8:0xcf00040f f30=0xcf00040f
     143835.000 ns	     14382	800031c0	418b5eb3	sra	x29,x22,x24	 x22:0x00000000 x24:0x00000000 x29=0x00000000
     143845.000 ns	     14383	800031c4	00c067b3	or	x15,x0,x12	  x0:0x00000000 x12:0xfffaa000 x15=0xfffaa000
     143865.000 ns	     14385	800031c8	289396d3	fmax.s	f13,f7,f9	  f7:0x80040fe4  f9:0x7fc00000 f13=0x80040fe4
     143915.000 ns	     14390	800031cc	01fbf753	fadd.s	f14,f23,f31	 f23:0xcefff7e0 f31:0x00000000 f14=0xcefff7e0
     143935.000 ns	     14392	800031d0	dc1c4193	xori	x3,x24,-575	 x24:0x00000000  x3=0xfffffdc1
     143955.000 ns	     14394	800031d4	20b814d3	fsgnjn.s	f9,f16,f11	 f16:0x7fc00000 f11:0x7fc00000  f9=0xffc00000
     144005.000 ns	     14399	800031d8	0117a8d3	fadd.s	f17,f15,f17	 f15:0x00000000 f17:0xff800000 f17=0xff800000
     144025.000 ns	     14401	800031dc	00819013	slli	x0,x3,0x8	  x3:0xfffffdc1
     144045.000 ns	     14403	800031e0	c0197f53	fcvt.wu.s	x30,f18	 f18:0xc901d000 x30=0x00081d00
     144065.000 ns	     14405	800031e4	0026e2b3	or	x5,x13,x2	 x13:0xfffffff5  x2:0x0000017e  x5=0xffffffff
     144075.000 ns	     14406	800031e8	88cd4293	xori	x5,x26,-1908	 x26:0x00000000  x5=0xfffff88c
     144085.000 ns	     14407	800031ec	8d16a093	slti	x1,x13,-1839	 x13:0xfffffff5  x1=0x00000000
     144445.000 ns	     14443	800031f0	0226f433	remu	x8,x13,x2	 x13:0xfffffff5  x2:0x0000017e  x8=0x00000147
     144465.000 ns	     14445	800031f4	018c6833	or	x16,x24,x24	 x24:0x00000000 x24:0x00000000 x16=0x00000000
     144485.000 ns	     14447	800031f8	02b67e33	remu	x28,x12,x11	 x12:0xfffaa000 x11:0x00000000 x28=0xfffaa000
     144505.000 ns	     14449	800031fc	6ad9cc93	xori	x25,x19,1709	 x19:0x00000000 x25=0x000006ad
     144515.000 ns	     14450	80003200	008f5393	srli	x7,x30,0x8	 x30:0x00081d00  x7=0x0000081d
     144535.000 ns	     14452	80003204	d001bc53	fcvt.s.w	f24,x3	  x3:0xfffffdc1 f24=0xc40fc000
     144555.000 ns	     14454	80003208	0056b533	sltu	x10,x13,x5	 x13:0xfffffff5  x5:0xfffff88c x10=0x00000000
     144565.000 ns	     14455	8000320c	ef32c213	xori	x4,x5,-269	  x5:0xfffff88c  x4=0x0000067f
     144575.000 ns	     14456	80003210	40ea0733	sub	x14,x20,x14	 x20:0xfffaa000 x14:0x7ffff83a x14=0x7ffaa7c6
     144595.000 ns	     14458	80003214	02c72033	mulhsu	x0,x14,x12	 x14:0x7ffff83a x12:0xfffaa000
     144615.000 ns	     14460	80003218	02c57293	andi	x5,x10,44	 x10:0x00000000  x5=0x00000000
     144645.000 ns	     14463	8000321c	5806ff53	fsqrt.s	f30,f13	 f13:0x80040fe4 f30=0x7fc00000
     144665.000 ns	     14465	80003220	926ac213	xori	x4,x21,-1754	 x21:0x00000001  x4=0xfffff927
     144675.000 ns	     14466	80003224	5280fc13	andi	x24,x1,1320	  x1:0x00000000 x24=0x00000000
     144685.000 ns	     14467	80003228	4c6eb213	sltiu	x4,x29,1222	 x29:0x00000000  x4=0x00000001
     144695.000 ns	     14468	8000322c	9e4dc013	xori	x0,x27,-1564	 x27:0x00000000
     144715.000 ns	     14470	80003230	c0150353	fcvt.wu.s	x6,f10	 f10:0x80040fe4  x6=0x00000000
     144735.000 ns	     14472	80003234	3bfe7417	auipc	x8,0x3bfe7	  x8=0xbbfea234
     144745.000 ns	     14473	80003238	2f39b693	sltiu	x13,x19,755	 x19:0x00000000 x13=0x00000001
     144755.000 ns	     14474	8000323c	e34da593	slti	x11,x27,-460	 x27:0x00000000 x11=0x00000000
     144795.000 ns	     14478	80003240	019c2c53	fadd.s	f24,f24,f25	 f24:0xc40fc000 f25:0xc901d000 f24=0xc901f3f0
     144815.000 ns	     14480	80003244	90070593	addi	x11,x14,-1792	 x14:0x7ffaa7c6 x11=0x7ffaa0c6
     144825.000 ns	     14481	80003248	00a1e033	or	x0,x3,x10	  x3:0xfffffdc1 x10:0x00000000
     144845.000 ns	     14483	8000324c	038b4833	div	x16,x22,x24	 x22:0x00000000 x24:0x00000000 x16=0xffffffff
     144875.000 ns	     14486	80003250	d009ab53	fcvt.s.w	f22,x19	 x19:0x00000000 f22=0x00000000
     144895.000 ns	     14488	80003254	41585433	sra	x8,x16,x21	 x16:0xffffffff x21:0x00000001  x8=0xffffffff
     144915.000 ns	     14490	80003258	a1bd0b53	fle.s	x22,f26,f27	 f26:0xff800000 f27:0x00000000 x22=0x00000001
     144955.000 ns	     14494	8000325c	580bf653	fsqrt.s	f12,f23	 f23:0xcefff7e0 f12=0x7fc00000
     144985.000 ns	     14497	80003260	03271d33	mulh	x26,x14,x18	 x14:0x7ffaa7c6 x18:0x0000077a x26=0x000003bc
     145005.000 ns	     14499	80003264	82748413	addi	x8,x9,-2009	  x9:0x00000000  x8=0xfffff827
     145025.000 ns	     14501	80003268	e0058c53	fmv.x.w	x24,f11	 f11:0x7fc00000 x24=0x7fc00000
     145055.000 ns	     14504	8000326c	f0080e53	fmv.w.x	f28,x16	 x16:0xffffffff f28=0xffffffff
     145075.000 ns	     14506	80003270	0cf12993	slti	x19,x2,207	  x2:0x0000017e x19=0x00000000
     145435.000 ns	     14542	80003274	03a95f33	divu	x30,x18,x26	 x18:0x0000077a x26:0x000003bc x30=0x00000002
     145465.000 ns	     14545	80003278	a1c901d3	fle.s	x3,f18,f28	 f18:0xc901d000 f28:0xffffffff  x3=0x00000000
     145495.000 ns	     14548	8000327c	20db2dd3	fsgnjx.s	f27,f22,f13	 f22:0x00000000 f13:0x80040fe4 f27=0x80000000
     145865.000 ns	     14585	80003280	03596633	rem	x12,x18,x21	 x18:0x0000077a x21:0x00000001 x12=0x00000000
     145885.000 ns	     14587	80003284	3669f993	andi	x19,x19,870	 x19:0x00000000 x19=0x00000000
     145895.000 ns	     14588	80003288	417eddb3	sra	x27,x29,x23	 x29:0x00000000 x23:0x80041024 x27=0x00000000
     145915.000 ns	     14590	8000328c	a1b502d3	fle.s	x5,f10,f27	 f10:0x80040fe4 f27:0x80000000  x5=0x00000001
     145935.000 ns	     14592	80003290	00fa1433	sll	x8,x20,x15	 x20:0xfffaa000 x15:0xfffaa000  x8=0xfffaa000
     145955.000 ns	     14594	80003294	a1279e53	flt.s	x28,f15,f18	 f15:0x00000000 f18:0xc901d000 x28=0x00000000
     145985.000 ns	     14597	80003298	a1a72e53	feq.s	x28,f14,f26	 f14:0xcefff7e0 f26:0xff800000 x28=0x00000000
     146015.000 ns	     14600	8000329c	c00cf5d3	fcvt.w.s	x11,f25	 f25:0xc901d000 x11=0x00081d00
     146035.000 ns	     14602	800032a0	01335133	srl	x2,x6,x19	  x6:0x00000000 x19:0x00000000  x2=0x00000000
     146075.000 ns	     14606	800032a4	01cb20d3	fadd.s	f1,f22,f28	 f22:0x00000000 f28:0xffffffff  f1=0x7fc00000
     146105.000 ns	     14609	800032a8	023229b3	mulhsu	x19,x4,x3	  x4:0x00000001  x3:0x00000000 x19=0x00000000
     146475.000 ns	     14646	800032ac	0363f233	remu	x4,x7,x22	  x7:0x0000081d x22:0x00000001  x4=0x00000000
     146495.000 ns	     14648	800032b0	416bd5b3	sra	x11,x23,x22	 x23:0x80041024 x22:0x00000001 x11=0xc0020812
     146515.000 ns	     14650	800032b4	03eeacb3	mulhsu	x25,x29,x30	 x29:0x00000000 x30:0x00000002 x25=0x00000000
     146535.000 ns	     14652	800032b8	75d5bb13	sltiu	x22,x11,1885	 x11:0x00081d00 x22=0x00000000
     146545.000 ns	     14653	800032bc	00139713	slli	x14,x7,0x1	  x7:0x0000081d x14=0x0000103a
     146905.000 ns	     14689	800032c0	0348e1b3	rem	x3,x17,x20	 x17:0x80040fe4 x20:0xfffaa000  x3=0xfffcafe4
     146955.000 ns	     14694	800032c4	01d5ca53	fadd.s	f20,f11,f29	 f11:0x7fc00000 f29:0xffffffff f20=0x7fc00000
     146975.000 ns	     14696	800032c8	44f52513	slti	x10,x10,1103	 x10:0x00000000 x10=0x00000001
     146985.000 ns	     14697	800032cc	43b7f213	andi	x4,x15,1083	 x15:0xfffaa000  x4=0x00000000
     146995.000 ns	     14698	800032d0	419e5f33	sra	x30,x28,x25	 x28:0x00000000 x25:0x00000000 x30=0x00000000
     147005.000 ns	     14699	800032d4	014df733	and	x14,x27,x20	 x27:0x00000000 x20:0xfffaa000 x14=0x00000000
     147035.000 ns	     14702	800032d8	196b36d3	fdiv.s	f13,f22,f22	 f22:0x00000000 f22:0x00000000 f13=0x7fc00000
     147065.000 ns	     14705	800032dc	29fb0c53	fmin.s	f24,f22,f31	 f22:0x00000000 f31:0x00000000 f24=0x00000000
     147085.000 ns	     14707	800032e0	75eacd93	xori	x27,x21,1886	 x21:0x00000001 x27=0x0000075f
     147105.000 ns	     14709	800032e4	29021ad3	fmax.s	f21,f4,f16	  f4:0x80000000 f16:0x7fc00000 f21=0x80000000
     147155.000 ns	     14714	800032e8	01c4f453	fadd.s	f8,f9,f28	  f9:0xffc00000 f28:0xffffffff  f8=0x7fc00000
     147185.000 ns	     14717	800032ec	03c5a6b3	mulhsu	x13,x11,x28	 x11:0xc0020812 x28:0x00000000 x13=0x00000000
     147215.000 ns	     14720	800032f0	c00e8ad3	fcvt.w.s	x21,f29	 f29:0xffffffff x21=0x7fffffff
     147235.000 ns	     14722	800032f4	41c257b3	sra	x15,x4,x28	  x4:0x00000000 x28:0x00000000 x15=0x00000000
     147245.000 ns	     14723	800032f8	39f59237	lui	x4,0x39f59	  x4=0x39f59000
     147265.000 ns	     14725	800032fc	d01effd3	fcvt.s.wu	f31,x29	 x29:0x00000000 f31=0x00000000
     147315.000 ns	     14730	80003300	013ff9d3	fadd.s	f19,f31,f19	 f31:0x00000000 f19:0x00000000 f19=0x00000000
     147345.000 ns	     14733	80003304	c01dfad3	fcvt.wu.s	x21,f27	 f27:0x80000000 x21=0x00000000
     147375.000 ns	     14736	80003308	2063a453	fsgnjx.s	f8,f7,f6	  f7:0x80040fe4  f6:0xffea8000  f8=0x00040fe4
     147405.000 ns	     14739	8000330c	21b880d3	fsgnj.s	f1,f17,f27	 f17:0xff800000 f27:0x80000000  f1=0xff800000
     147425.000 ns	     14741	80003310	01dfec33	or	x24,x31,x29	 x31:0x00000009 x29:0x00000000 x24=0x00000009
     147435.000 ns	     14742	80003314	01c1f633	and	x12,x3,x28	  x3:0xfffcafe4 x28:0x00000000 x12=0x00000000
     147455.000 ns	     14744	80003318	029900b3	mul	x1,x18,x9	 x18:0x0000077a  x9:0x00000000  x1=0x00000000
     147485.000 ns	     14747	8000331c	c0021153	fcvt.w.s	x2,f4	  f4:0x80000000  x2=0x00000000
     147505.000 ns	     14749	80003320	9d6bb297	auipc	x5,0x9d6bb	  x5=0x1d6be320
     147515.000 ns	     14750	80003324	00e7b333	sltu	x6,x15,x14	 x15:0x00000000 x14:0x00000000  x6=0x00000000
     147525.000 ns	     14751	80003328	01a84933	xor	x18,x16,x26	 x16:0xffffffff x26:0x000003bc x18=0xfffffc43
     147565.000 ns	     14755	8000332c	093f2bd3	fsub.s	f23,f30,f19	 f30:0x7fc00000 f19:0x00000000 f23=0x7fc00000
     147595.000 ns	     14758	80003330	c0132653	fcvt.wu.s	x12,f6	  f6:0xffea8000 x12=0xffffffff
     147635.000 ns	     14762	80003334	18407f53	fdiv.s	f30,f0,f4	  f0:0x00000000  f4:0x80000000 f30=0x7fc00000
     147655.000 ns	     14764	80003338	da6a8a93	addi	x21,x21,-602	 x21:0x00000000 x21=0xfffffda6
     147675.000 ns	     14766	8000333c	e0018d53	fmv.x.w	x26,f3	  f3:0xc901d000 x26=0xc901d000
     147695.000 ns	     14768	80003340	01d7e233	or	x4,x15,x29	 x15:0x00000000 x29:0x00000000  x4=0x00000000
     147715.000 ns	     14770	80003344	034f3033	mulhu	x0,x30,x20	 x30:0x00000000 x20:0xfffaa000
     148085.000 ns	     14807	80003348	0347f9b3	remu	x19,x15,x20	 x15:0x00000000 x20:0xfffaa000 x19=0x00000000
     148115.000 ns	     14810	8000334c	c00b7ed3	fcvt.w.s	x29,f22	 f22:0x00000000 x29=0x00000000
     148135.000 ns	     14812	80003350	410f0733	sub	x14,x30,x16	 x30:0x00000000 x16:0xffffffff x14=0x00000001
     148145.000 ns	     14813	80003354	000da533	slt	x10,x27,x0	 x27:0x0000075f  x0:0x00000000 x10=0x00000000
     148165.000 ns	     14815	80003358	29d315d3	fmax.s	f11,f6,f29	  f6:0xffea8000 f29:0xffffffff f11=0x7fc00000
     148185.000 ns	     14817	8000335c	0139f333	and	x6,x19,x19	 x19:0x00000000 x19:0x00000000  x6=0x00000000
     148205.000 ns	     14819	80003360	20ed02d3	fsgnj.s	f5,f26,f14	 f26:0xff800000 f14:0xcefff7e0  f5=0xff800000
     148575.000 ns	     14856	80003364	035c47b3	div	x15,x24,x21	 x24:0x00000009 x21:0xfffffda6 x15=0x00000000
     148615.000 ns	     14860	80003368	5807cc53	fsqrt.s	f24,f15	 f15:0x00000000 f24=0x00000000
     148645.000 ns	     14863	8000336c	03a51d33	mulh	x26,x10,x26	 x10:0x00000000 x26:0xc901d000 x26=0x00000000
     148665.000 ns	     14865	80003370	015e4733	xor	x14,x28,x21	 x28:0x00000000 x21:0xfffffda6 x14=0xfffffda6
     148695.000 ns	     14868	80003374	1156f7d3	fmul.s	f15,f13,f21	 f13:0x7fc00000 f21:0x80000000 f15=0x7fc00000
     148715.000 ns	     14870	80003378	f48bb013	sltiu	x0,x23,-184	 x23:0x80041024
     148735.000 ns	     14872	8000337c	d018a653	fcvt.s.wu	f12,x17	 x17:0x80040fe4 f12=0x4f000410
     148775.000 ns	     14876	80003380	5802fdd3	fsqrt.s	f27,f5	  f5:0xff800000 f27=0x7fc00000
     148805.000 ns	     14879	80003384	28a39453	fmax.s	f8,f7,f10	  f7:0x80040fe4 f10:0x80040fe4  f8=0x80040fe4
     148825.000 ns	     14881	80003388	017e4f33	xor	x30,x28,x23	 x28:0x00000000 x23:0x80041024 x30=0x80041024
     148835.000 ns	     14882	8000338c	0040a593	slti	x11,x1,4	  x1:0x00000000 x11=0x00000001
     148855.000 ns	     14884	80003390	d00bb653	fcvt.s.w	f12,x23	 x23:0x80041024 f12=0xcefff7e0
     148875.000 ns	     14886	80003394	01075cb3	srl	x25,x14,x16	 x14:0xfffffda6 x16:0xffffffff x25=0x00000001
     148895.000 ns	     14888	80003398	297497d3	fmax.s	f15,f9,f23	  f9:0xffc00000 f23:0x7fc00000 f15=0x7fc00000
     148915.000 ns	     14890	8000339c	681d2037	lui	x0,0x681d2	
     148925.000 ns	     14891	800033a0	e1f14e37	lui	x28,0xe1f14	 x28=0xe1f14000
     148935.000 ns	     14892	800033a4	411ad9b3	sra	x19,x21,x17	 x21:0xfffffda6 x17:0x80040fe4 x19=0xffffffda
     148955.000 ns	     14894	800033a8	e00c9ad3	fclass.s	x21,f25	 f25:0xc901d000 x21=0x00000002
     148975.000 ns	     14896	800033ac	014f4db3	xor	x27,x30,x20	 x30:0x80041024 x20:0xfffaa000 x27=0x7ffeb024
     148985.000 ns	     14897	800033b0	e1d88913	addi	x18,x17,-483	 x17:0x80040fe4 x18=0x80040e01
     149005.000 ns	     14899	800033b4	f00a8bd3	fmv.w.x	f23,x21	 x21:0x00000002 f23=0x00000002
     149025.000 ns	     14901	800033b8	796a0837	lui	x16,0x796a0	 x16=0x796a0000
     149035.000 ns	     14902	800033bc	b7997d93	andi	x27,x18,-1159	 x18:0x80040e01 x27=0x80040a01
     149045.000 ns	     14903	800033c0	40705113	srai	x2,x0,0x7	  x0:0x00000000  x2=0x00000000
     149075.000 ns	     14906	800033c4	104c11d3	fmul.s	f3,f24,f4	 f24:0x00000000  f4:0x80000000  f3=0x80000000
     149095.000 ns	     14908	800033c8	e2203713	sltiu	x14,x0,-478	  x0:0x00000000 x14=0x00000001
     149125.000 ns	     14911	800033cc	106c7053	fmul.s	f0,f24,f6	 f24:0x00000000  f6:0xffea8000  f0=0x7fc00000
     149145.000 ns	     14913	800033d0	9dbb8a93	addi	x21,x23,-1573	 x23:0x80041024 x21=0x800409ff
     149155.000 ns	     14914	800033d4	90ebc213	xori	x4,x23,-1778	 x23:0x80041024  x4=0x7ffbe92a
     149165.000 ns	     14915	800033d8	00000013	addi	x0,x0,0	  x0:0x00000000
     149175.000 ns	     14916	800033dc	a21a3c13	sltiu	x24,x20,-1503	 x20:0xfffaa000 x24=0x00000001
     149195.000 ns	     14918	800033e0	d018fe53	fcvt.s.wu	f28,x17	 x17:0x80040fe4 f28=0x4f00040f
     149225.000 ns	     14921	800033e4	a17a97d3	flt.s	x15,f21,f23	 f21:0x80000000 f23:0x00000002 x15=0x00000001
     149245.000 ns	     14923	800033e8	000a0a33	add	x20,x20,x0	 x20:0xfffaa000  x0:0x00000000 x20=0xfffaa000
     149265.000 ns	     14925	800033ec	20989d53	fsgnjn.s	f26,f17,f9	 f17:0xff800000  f9:0xffc00000 f26=0x7f800000
     149295.000 ns	     14928	800033f0	c01f8553	fcvt.wu.s	x10,f31	 f31:0x00000000 x10=0x00000000
     149325.000 ns	     14931	800033f4	a0f71153	flt.s	x2,f14,f15	 f14:0xcefff7e0 f15:0x7fc00000  x2=0x00000000
     149355.000 ns	     14934	800033f8	c019b453	fcvt.wu.s	x8,f19	 f19:0x00000000  x8=0x00000000
     149375.000 ns	     14936	800033fc	00b41b33	sll	x22,x8,x11	  x8:0xfffaa000 x11:0x00000001 x22=0x00000000
     149385.000 ns	     14937	80003400	00000013	addi	x0,x0,0	  x0:0x00000000
     149415.000 ns	     14940	80003404	10fb0f53	fmul.s	f30,f22,f15	 f22:0x00000000 f15:0x7fc00000 f30=0x7fc00000
     149785.000 ns	     14977	80003408	0259fa33	remu	x20,x19,x5	 x19:0xffffffda  x5:0x1d6be320 x20=0x14a0e6da
     149815.000 ns	     14980	8000340c	03081133	mulh	x2,x16,x16	 x16:0x796a0000 x16:0x796a0000  x2=0x39955fe4
     149835.000 ns	     14982	80003410	704d8793	addi	x15,x27,1796	 x27:0x80040a01 x15=0x80041105
     149845.000 ns	     14983	80003414	40705a33	sra	x20,x0,x7	  x0:0x00000000  x7:0x0000081d x20=0x00000000
     149865.000 ns	     14985	80003418	d00c72d3	fcvt.s.w	f5,x24	 x24:0x00000001  f5=0x3f800000
     149885.000 ns	     14987	8000341c	a5c3e113	ori	x2,x7,-1444	  x7:0x0000081d  x2=0xfffffa5d
     149895.000 ns	     14988	80003420	017fd0b3	srl	x1,x31,x23	 x31:0x00000009 x23:0x80041024  x1=0x00000000
     149935.000 ns	     14992	80003424	09fc8d53	fsub.s	f26,f25,f31	 f25:0xc901d000 f31:0x00000000 f26=0xc901d000
     149965.000 ns	     14995	80003428	28ce85d3	fmin.s	f11,f29,f12	 f29:0xffffffff f12:0xcefff7e0 f11=0xcefff7e0
     149995.000 ns	     14998	8000342c	038f8a33	mul	x20,x31,x24	 x31:0x00000009 x24:0x00000001 x20=0x00000009
     150015.000 ns	     15000	80003430	870b6c93	ori	x25,x22,-1936	 x22:0x00000000 x25=0xfffff870
     150035.000 ns	     15002	80003434	03d98f33	mul	x30,x19,x29	 x19:0xffffffda x29:0x00000000 x30=0x00000000
     150055.000 ns	     15004	80003438	01255233	srl	x4,x10,x18	 x10:0x00000000 x18:0x80040e01  x4=0x00000000
     150065.000 ns	     15005	8000343c	72f6c313	xori	x6,x13,1839	 x13:0x00000000  x6=0x0000072f
     150075.000 ns	     15006	80003440	00c14ab3	xor	x21,x2,x12	  x2:0xfffffa5d x12:0xffffffff x21=0x000005a2
     150095.000 ns	     15008	80003444	28218fd3	fmin.s	f31,f3,f2	  f3:0x80000000  f2:0x00000000 f31=0x80000000
     150465.000 ns	     15045	80003448	0254ddb3	divu	x27,x9,x5	  x9:0x00000000  x5:0x1d6be320 x27=0x00000000
     150495.000 ns	     15048	8000344c	0297fa33	remu	x20,x15,x9	 x15:0x80041105  x9:0x00000000 x20=0x80041105
     150515.000 ns	     15050	80003450	0054e633	or	x12,x9,x5	  x9:0x00000000  x5:0x1d6be320 x12=0x1d6be320
     150535.000 ns	     15052	80003454	29e517d3	fmax.s	f15,f10,f30	 f10:0x80040fe4 f30:0x7fc00000 f15=0x80040fe4
     150555.000 ns	     15054	80003458	59244813	xori	x16,x8,1426	  x8:0x00000000 x16=0x00000592
     150575.000 ns	     15056	8000345c	a11ca9d3	feq.s	x19,f25,f17	 f25:0xc901d000 f17:0xff800000 x19=0x00000000
     150605.000 ns	     15059	80003460	d001af53	fcvt.s.w	f30,x3	  x3:0xfffcafe4 f30=0xc8540700
     150625.000 ns	     15061	80003464	00a40b33	add	x22,x8,x10	  x8:0x00000000 x10:0x00000000 x22=0x00000000
     150635.000 ns	     15062	80003468	00478333	add	x6,x15,x4	 x15:0x80041105  x4:0x00000000  x6=0x80041105
     150665.000 ns	     15065	8000346c	194990d3	fdiv.s	f1,f19,f20	 f19:0x00000000 f20:0x7fc00000  f1=0x7fc00000
     150695.000 ns	     15068	80003470	e00e0353	fmv.x.w	x6,f28	 f28:0x4f00040f  x6=0x4f00040f
     150725.000 ns	     15071	80003474	030f05b3	mul	x11,x30,x16	 x30:0x00000000 x16:0x00000592 x11=0x00000000
     150745.000 ns	     15073	80003478	a2848d13	addi	x26,x9,-1496	  x9:0x00000000 x26=0xfffffa28
     150765.000 ns	     15075	8000347c	d0101c53	fcvt.s.wu	f24,x0	  x0:0x00000000 f24=0x00000000
     150795.000 ns	     15078	80003480	d0067953	fcvt.s.w	f18,x12	 x12:0x1d6be320 f18=0x4deb5f19
     150825.000 ns	     15081	80003484	03970133	mul	x2,x14,x25	 x14:0x00000001 x25:0xfffff870  x2=0xfffff870
     150845.000 ns	     15083	80003488	019d9113	slli	x2,x27,0x19	 x27:0x00000000  x2=0x00000000
     150855.000 ns	     15084	8000348c	01cb23b3	slt	x7,x22,x28	 x22:0x00000000 x28:0xe1f14000  x7=0x00000000
     150865.000 ns	     15085	80003490	d0cb8793	addi	x15,x23,-756	 x23:0x80041024 x15=0x80040d30
     150885.000 ns	     15087	80003494	c01d1e53	fcvt.wu.s	x28,f26	 f26:0xc901d000 x28=0x00081d00
     150915.000 ns	     15090	80003498	c0079b53	fcvt.w.s	x22,f15	 f15:0x80040fe4 x22=0x00000000
     150935.000 ns	     15092	8000349c	41d059b3	sra	x19,x0,x29	  x0:0x00000000 x29:0x00000000 x19=0x00000000
     150945.000 ns	     15093	800034a0	01acef33	or	x30,x25,x26	 x25:0xfffff870 x26:0xfffffa28 x30=0xfffffa78
     150965.000 ns	     15095	800034a4	21e29e53	fsgnjn.s	f28,f5,f30	  f5:0x3f800000 f30:0xc8540700 f28=0x3f800000
     151335.000 ns	     15132	800034a8	03ab67b3	rem	x15,x22,x26	 x22:0x00000000 x26:0xfffffa28 x15=0x00000000
     151385.000 ns	     15137	800034ac	01ef79d3	fadd.s	f19,f30,f30	 f30:0xc8540700 f30:0xc8540700 f19=0xc8d40700
     151415.000 ns	     15140	800034b0	a02627d3	feq.s	x15,f12,f2	 f12:0xcefff7e0  f2:0x00000000 x15=0x00000000
     151435.000 ns	     15142	800034b4	4290b513	sltiu	x10,x1,1065	  x1:0x00000000 x10=0x00000001
     151445.000 ns	     15143	800034b8	012c79b3	and	x19,x24,x18	 x24:0x00000001 x18:0x80040e01 x19=0x00000001
     151465.000 ns	     15145	800034bc	a0250253	fle.s	x4,f10,f2	 f10:0x80040fe4  f2:0x00000000  x4=0x00000001
     151495.000 ns	     15148	800034c0	02a13033	mulhu	x0,x2,x10	  x2:0x00000000 x10:0x00000001
     151515.000 ns	     15150	800034c4	1a33aa93	slti	x21,x7,419	  x7:0x00000000 x21=0x00000001
     151535.000 ns	     15152	800034c8	0205d0b3	divu	x1,x11,x0	 x11:0x00000000  x0:0x00000000  x1=0xffffffff
     151555.000 ns	     15154	800034cc	01b176b3	and	x13,x2,x27	  x2:0x00000000 x27:0x00000000 x13=0x00000000
     151565.000 ns	     15155	800034d0	00efddb3	srl	x27,x31,x14	 x31:0x00000009 x14:0x00000001 x27=0x00000004
     151575.000 ns	     15156	800034d4	26b29417	auipc	x8,0x26b29	  x8=0xa6b2c4d4
     151935.000 ns	     15192	800034d8	028dd7b3	divu	x15,x27,x8	 x27:0x00000000  x8:0x00000000 x15=0x00000000
     151955.000 ns	     15194	800034dc	0129d113	srli	x2,x19,0x12	 x19:0x00000001  x2=0x00000000
     151975.000 ns	     15196	800034e0	28aa1bd3	fmax.s	f23,f20,f10	 f20:0x7fc00000 f10:0x80040fe4 f23=0x80040fe4
     152005.000 ns	     15199	800034e4	28648cd3	fmin.s	f25,f9,f6	  f9:0xffc00000  f6:0xffea8000 f25=0x7fc00000
     152025.000 ns	     15201	800034e8	40735693	srai	x13,x6,0x7	  x6:0x4f00040f x13=0x009e0008
     152035.000 ns	     15202	800034ec	0086c833	xor	x16,x13,x8	 x13:0x00000000  x8:0xa6b2c4d4 x16=0xa62cc4dc
     152055.000 ns	     15204	800034f0	21138953	fsgnj.s	f18,f7,f17	  f7:0x80040fe4 f17:0xff800000 f18=0x80040fe4
     152095.000 ns	     15208	800034f4	58017853	fsqrt.s	f16,f2	  f2:0x00000000 f16=0x00000000
     152125.000 ns	     15211	800034f8	02703633	mulhu	x12,x0,x7	  x0:0x00000000  x7:0x00000000 x12=0x00000000
     152145.000 ns	     15213	800034fc	014590b3	sll	x1,x11,x20	 x11:0x00000000 x20:0x80041105  x1=0x00000000
     152155.000 ns	     15214	80003500	015da3b3	slt	x7,x27,x21	 x27:0x00000004 x21:0x00000001  x7=0x00000000
     152165.000 ns	     15215	80003504	0071b133	sltu	x2,x3,x7	  x3:0xfffcafe4  x7:0x00000000  x2=0x00000000
     152175.000 ns	     15216	80003508	5a255f37	lui	x30,0x5a255	 x30=0x5a255000
     152205.000 ns	     15219	8000350c	18d19353	fdiv.s	f6,f3,f13	  f3:0x80000000 f13:0x7fc00000  f6=0x7fc00000
     152225.000 ns	     15221	80003510	94d62397	auipc	x7,0x94d62	  x7=0x14d65510
     152235.000 ns	     15222	80003514	0059d0b3	srl	x1,x19,x5	 x19:0x00000001  x5:0x1d6be320  x1=0x00000001
     152245.000 ns	     15223	80003518	011571b3	and	x3,x10,x17	 x10:0x00000001 x17:0x80040fe4  x3=0x00000000
     152255.000 ns	     15224	8000351c	edfd0013	addi	x0,x26,-289	 x26:0xfffffa28
     152275.000 ns	     15226	80003520	285f92d3	fmax.s	f5,f31,f5	 f31:0x80000000  f5:0x3f800000  f5=0x3f800000
     152325.000 ns	     15231	80003524	00f37353	fadd.s	f6,f6,f15	  f6:0x7fc00000 f15:0x80040fe4  f6=0x7fc00000
     152345.000 ns	     15233	80003528	00ba92b3	sll	x5,x21,x11	 x21:0x00000001 x11:0x00000000  x5=0x00000001
     152365.000 ns	     15235	8000352c	f00987d3	fmv.w.x	f15,x19	 x19:0x00000001 f15=0x00000001
     152395.000 ns	     15238	80003530	20f720d3	fsgnjx.s	f1,f14,f15	 f14:0xcefff7e0 f15:0x80040fe4  f1=0xcefff7e0
     152415.000 ns	     15240	80003534	72e7c937	lui	x18,0x72e7c	 x18=0x72e7c000
     152435.000 ns	     15242	80003538	d019f8d3	fcvt.s.wu	f17,x19	 x19:0x00000001 f17=0x3f800000
     152475.000 ns	     15246	8000353c	11bfb0d3	fmul.s	f1,f31,f27	 f31:0x80000000 f27:0x7fc00000  f1=0x7fc00000
     152495.000 ns	     15248	80003540	006ff533	and	x10,x31,x6	 x31:0x00000009  x6:0x4f00040f x10=0x00000009
     152515.000 ns	     15250	80003544	d0150dd3	fcvt.s.wu	f27,x10	 x10:0x00000001 f27=0x41100000
     152885.000 ns	     15287	80003548	02e9e033	rem	x0,x19,x14	 x19:0x00000001 x14:0x00000001
     152905.000 ns	     15289	8000354c	95ec2613	slti	x12,x24,-1698	 x24:0x00000001 x12=0x00000000
     152915.000 ns	     15290	80003550	eaefcc37	lui	x24,0xeaefc	 x24=0xeaefc000
     152925.000 ns	     15291	80003554	00982cb3	slt	x25,x16,x9	 x16:0xa62cc4dc  x9:0x00000000 x25=0x00000001
     152935.000 ns	     15292	80003558	0178b7b3	sltu	x15,x17,x23	 x17:0x80040fe4 x23:0x80041024 x15=0x00000001
     152945.000 ns	     15293	8000355c	01ef3933	sltu	x18,x30,x30	 x30:0x5a255000 x30:0x5a255000 x18=0x00000000
     152955.000 ns	     15294	80003560	d20fbb13	sltiu	x22,x31,-736	 x31:0x00000009 x22=0x00000001
     152975.000 ns	     15296	80003564	2035a9d3	fsgnjx.s	f19,f11,f3	 f11:0xcefff7e0  f3:0x80000000 f19=0x4efff7e0
     152995.000 ns	     15298	80003568	e31eb013	sltiu	x0,x29,-463	 x29:0x00000000
     153015.000 ns	     15300	8000356c	2063a4d3	fsgnjx.s	f9,f7,f6	  f7:0x80040fe4  f6:0x7fc00000  f9=0x80040fe4
     153045.000 ns	     15303	80003570	e0028553	fmv.x.w	x10,f5	  f5:0x3f800000 x10=0x3f800000
     153065.000 ns	     15305	80003574	007a6b33	or	x22,x20,x7	 x20:0x80041105  x7:0x14d65510 x22=0x94d65515
     153075.000 ns	     15306	80003578	01ef82b3	add	x5,x31,x30	 x31:0x00000009 x30:0x5a255000  x5=0x5a255009
     153085.000 ns	     15307	8000357c	0133e733	or	x14,x7,x19	  x7:0x14d65510 x19:0x00000001 x14=0x14d65511
     153095.000 ns	     15308	80003580	00233eb3	sltu	x29,x6,x2	  x6:0x4f00040f  x2:0x00000000 x29=0x00000000
     153115.000 ns	     15310	80003584	02ce97b3	mulh	x15,x29,x12	 x29:0x00000000 x12:0x00000000 x15=0x00000000
     153145.000 ns	     15313	80003588	02e21db3	mulh	x27,x4,x14	  x4:0x00000001 x14:0x14d65511 x27=0x00000000
     153175.000 ns	     15316	8000358c	a131a0d3	feq.s	x1,f3,f19	  f3:0x80000000 f19:0x4efff7e0  x1=0x00000000
     153205.000 ns	     15319	80003590	214f0bd3	fsgnj.s	f23,f30,f20	 f30:0xc8540700 f20:0x7fc00000 f23=0x48540700
     153225.000 ns	     15321	80003594	01a74e33	xor	x28,x14,x26	 x14:0x14d65511 x26:0xfffffa28 x28=0xeb29af39
     153255.000 ns	     15324	80003598	180f74d3	fdiv.s	f9,f30,f0	 f30:0xc8540700  f0:0x7fc00000  f9=0x7fc00000
     153275.000 ns	     15326	8000359c	de4fa713	slti	x14,x31,-540	 x31:0x00000009 x14=0x00000000
     153635.000 ns	     15362	800035a0	025f4eb3	div	x29,x30,x5	 x30:0x5a255000  x5:0x5a255009 x29=0x00000000
     153655.000 ns	     15364	800035a4	00b11b13	slli	x22,x2,0xb	  x2:0x00000000 x22=0x00000000
     153675.000 ns	     15366	800035a8	c0007253	fcvt.w.s	x4,f0	  f0:0x7fc00000  x4=0x7fffffff
     153695.000 ns	     15368	800035ac	01e1ddb3	srl	x27,x3,x30	  x3:0x00000000 x30:0x5a255000 x27=0x00000000
     153705.000 ns	     15369	800035b0	00f56b33	or	x22,x10,x15	 x10:0x3f800000 x15:0x00000000 x22=0x3f800000
     153735.000 ns	     15372	800035b4	580c3353	fsqrt.s	f6,f24	 f24:0x00000000  f6=0x00000000
     153755.000 ns	     15374	800035b8	416fd133	sra	x2,x31,x22	 x31:0x00000009 x22:0x00000000  x2=0x00000009
     153765.000 ns	     15375	800035bc	008b6033	or	x0,x22,x8	 x22:0x3f800000  x8:0xa6b2c4d4
     154875.000 ns	     15486	800035c0	58098453	fsqrt.s	f8,f19	 f19:0x4efff7e0  f8=0x473501cc
     154895.000 ns	     15488	800035c4	f9570293	addi	x5,x14,-107	 x14:0x00000000  x5=0xffffff95
     154905.000 ns	     15489	800035c8	0186a133	slt	x2,x13,x24	 x13:0x009e0008 x24:0xeaefc000  x2=0x00000000
     154925.000 ns	     15491	800035cc	c00870d3	fcvt.w.s	x1,f16	 f16:0x00000000  x1=0x00000000
     154955.000 ns	     15494	800035d0	02fe82b3	mul	x5,x29,x15	 x29:0x00000000 x15:0x00000000  x5=0x00000000
     155005.000 ns	     15499	800035d4	00064e53	fadd.s	f28,f12,f0	 f12:0xcefff7e0  f0:0x7fc00000 f28=0x7fc00000
     155035.000 ns	     15502	800035d8	02510533	mul	x10,x2,x5	  x2:0x00000000  x5:0x00000000 x10=0x00000000
     155065.000 ns	     15505	800035dc	2046afd3	fsgnjx.s	f31,f13,f4	 f13:0x7fc00000  f4:0x80000000 f31=0xffc00000
     155095.000 ns	     15508	800035e0	02c36ab3	rem	x21,x6,x12	  x6:0x4f00040f x12:0x00000000 x21=0x4f00040f
     155125.000 ns	     15511	800035e4	02e592b3	mulh	x5,x11,x14	 x11:0x00000000 x14:0x00000000  x5=0x00000000
     155155.000 ns	     15514	800035e8	c00d7c53	fcvt.w.s	x24,f26	 f26:0xc901d000 x24=0x00081d00
     155175.000 ns	     15516	800035ec	41b180b3	sub	x1,x3,x27	  x3:0x00000000 x27:0x00000000  x1=0x00000000
     155185.000 ns	     15517	800035f0	0015ee33	or	x28,x11,x1	 x11:0x00000000  x1:0x00000000 x28=0x00000000
     155545.000 ns	     15553	800035f4	0307f4b3	remu	x9,x15,x16	 x15:0x00000000 x16:0xa62cc4dc  x9=0x00000000
     155915.000 ns	     15590	800035f8	0306f933	remu	x18,x13,x16	 x13:0x009e0008 x16:0xa62cc4dc x18=0x009e0008
     155935.000 ns	     15592	800035fc	41bc84b3	sub	x9,x25,x27	 x25:0x00000001 x27:0x00000000  x9=0x00000001
     155975.000 ns	     15596	80003600	012c2953	fadd.s	f18,f24,f18	 f24:0x00000000 f18:0x80040fe4 f18=0x80040fe4
     155995.000 ns	     15598	80003604	01ad8733	add	x14,x27,x26	 x27:0x00000000 x26:0xfffffa28 x14=0xfffffa28
     156005.000 ns	     15599	80003608	784252b7	lui	x5,0x78425	  x5=0x78425000
     156015.000 ns	     15600	8000360c	00972333	slt	x6,x14,x9	 x14:0x00000000  x9:0x00000001  x6=0x00000001
     156035.000 ns	     15602	80003610	28410dd3	fmin.s	f27,f2,f4	  f2:0x00000000  f4:0x80000000 f27=0x80000000
     156085.000 ns	     15607	80003614	00fcc1d3	fadd.s	f3,f25,f15	 f25:0x7fc00000 f15:0x00000001  f3=0x7fc00000
     156115.000 ns	     15610	80003618	024fb933	mulhu	x18,x31,x4	 x31:0x00000009  x4:0x7fffffff x18=0x00000004
     156135.000 ns	     15612	8000361c	01d012b3	sll	x5,x0,x29	  x0:0x00000000 x29:0x00000000  x5=0x00000000
     156155.000 ns	     15614	80003620	02e503b3	mul	x7,x10,x14	 x10:0x00000000 x14:0xfffffa28  x7=0x00000000
     156185.000 ns	     15617	80003624	21ecacd3	fsgnjx.s	f25,f25,f30	 f25:0x7fc00000 f30:0xc8540700 f25=0xffc00000
     156215.000 ns	     15620	80003628	03ee0233	mul	x4,x28,x30	 x28:0x00000000 x30:0x5a255000  x4=0x00000000
     156235.000 ns	     15622	8000362c	04e18793	addi	x15,x3,78	  x3:0x00000000 x15=0x0000004e
     156245.000 ns	     15623	80003630	00b3a4b3	slt	x9,x7,x11	  x7:0x00000000 x11:0x00000000  x9=0x00000000
     156255.000 ns	     15624	80003634	01dc4e33	xor	x28,x24,x29	 x24:0x00081d00 x29:0x00000000 x28=0x00081d00
     156265.000 ns	     15625	80003638	0188f133	and	x2,x17,x24	 x17:0x80040fe4 x24:0x00081d00  x2=0x00000d00
     156625.000 ns	     15661	8000363c	022ef3b3	remu	x7,x29,x2	 x29:0x00000000  x2:0x00000000  x7=0x00000000
     156655.000 ns	     15664	80003640	0234d633	divu	x12,x9,x3	  x9:0x00000000  x3:0x00000000 x12=0xffffffff
     156685.000 ns	     15667	80003644	f00a01d3	fmv.w.x	f3,x20	 x20:0x80041105  f3=0x80041105
     156715.000 ns	     15670	80003648	d00681d3	fcvt.s.w	f3,x13	 x13:0x009e0008  f3=0x4b1e0008
     156735.000 ns	     15672	8000364c	78656493	ori	x9,x10,1926	 x10:0x00000000  x9=0x00000786
     156755.000 ns	     15674	80003650	214e83d3	fsgnj.s	f7,f29,f20	 f29:0xffffffff f20:0x7fc00000  f7=0x7fffffff
     156775.000 ns	     15676	80003654	80736d93	ori	x27,x6,-2041	  x6:0x00000001 x27=0xfffff807
     156785.000 ns	     15677	80003658	78127813	andi	x16,x4,1921	  x4:0x00000000 x16=0x00000000
     156805.000 ns	     15679	8000365c	e00c0753	fmv.x.w	x14,f24	 f24:0x00000000 x14=0x00000000
     156835.000 ns	     15682	80003660	c006bc53	fcvt.w.s	x24,f13	 f13:0x7fc00000 x24=0x7fffffff
     156855.000 ns	     15684	80003664	00da42b3	xor	x5,x20,x13	 x20:0x80041105 x13:0x009e0008  x5=0x809a110d
     156865.000 ns	     15685	80003668	019c1333	sll	x6,x24,x25	 x24:0x7fffffff x25:0x00000001  x6=0xfffffffe
     156875.000 ns	     15686	8000366c	416fd6b3	sra	x13,x31,x22	 x31:0x00000009 x22:0x3f800000 x13=0x00000009
     156895.000 ns	     15688	80003670	a1d002d3	fle.s	x5,f0,f29	  f0:0x7fc00000 f29:0xffffffff  x5=0x00000000
     156915.000 ns	     15690	80003674	012ad413	srli	x8,x21,0x12	 x21:0x4f00040f  x8=0x000013c0
     156935.000 ns	     15692	80003678	02454433	div	x8,x10,x4	 x10:0x00000000  x4:0x00000000  x8=0xffffffff
     156955.000 ns	     15694	8000367c	012c9d13	slli	x26,x25,0x12	 x25:0x00000001 x26=0x00040000
     156965.000 ns	     15695	80003680	94393213	sltiu	x4,x18,-1725	 x18:0x00000004  x4=0x00000001
     156975.000 ns	     15696	80003684	41dd5913	srai	x18,x26,0x1d	 x26:0xfffffa28 x18=0x00000000
     156985.000 ns	     15697	80003688	ba953537	lui	x10,0xba953	 x10=0xba953000
     156995.000 ns	     15698	8000368c	0c803c93	sltiu	x25,x0,200	  x0:0x00000000 x25=0x00000001
     157015.000 ns	     15700	80003690	f0030d53	fmv.w.x	f26,x6	  x6:0xfffffffe f26=0xfffffffe
     157045.000 ns	     15703	80003694	0210ba33	mulhu	x20,x1,x1	  x1:0x00000000  x1:0x00000000 x20=0x00000000
     157065.000 ns	     15705	80003698	95aa6a93	ori	x21,x20,-1702	 x20:0x80041105 x21=0xfffff95a
     157105.000 ns	     15709	8000369c	004371d3	fadd.s	f3,f6,f4	  f6:0x00000000  f4:0x80000000  f3=0x80000000
     157125.000 ns	     15711	800036a0	0068e233	or	x4,x17,x6	 x17:0x80040fe4  x6:0xfffffffe  x4=0xfffffffe
     157165.000 ns	     15715	800036a4	0006f9d3	fadd.s	f19,f13,f0	 f13:0x7fc00000  f0:0x7fc00000 f19=0x7fc00000
     157185.000 ns	     15717	800036a8	008ff7b3	and	x15,x31,x8	 x31:0x00000009  x8:0xffffffff x15=0x00000009
     157215.000 ns	     15720	800036ac	580ef253	fsqrt.s	f4,f29	 f29:0xffffffff  f4=0x7fc00000
     157255.000 ns	     15724	800036b0	11ed72d3	fmul.s	f5,f26,f30	 f26:0xfffffffe f30:0xc8540700  f5=0x7fc00000
     157275.000 ns	     15726	800036b4	84691137	lui	x2,0x84691	  x2=0x84691000
     157285.000 ns	     15727	800036b8	41fe5d33	sra	x26,x28,x31	 x28:0x00081d00 x31:0x00000009 x26=0x0000040e
     157305.000 ns	     15729	800036bc	21ffad53	fsgnjx.s	f26,f31,f31	 f31:0xffc00000 f31:0xffc00000 f26=0x7fc00000
     157325.000 ns	     15731	800036c0	412bdd33	sra	x26,x23,x18	 x23:0x80041024 x18:0x00000000 x26=0x80041024
     157345.000 ns	     15733	800036c4	03295a33	divu	x20,x18,x18	 x18:0x00000000 x18:0x00000000 x20=0xffffffff
     157375.000 ns	     15736	800036c8	e0019953	fclass.s	x18,f3	  f3:0x80000000 x18=0x00000008
     157405.000 ns	     15739	800036cc	20d62f53	fsgnjx.s	f30,f12,f13	 f12:0xcefff7e0 f13:0x7fc00000 f30=0xcefff7e0
     157425.000 ns	     15741	800036d0	018c5993	srli	x19,x24,0x18	 x24:0x7fffffff x19=0x0000007f
     157435.000 ns	     15742	800036d4	91a31d37	lui	x26,0x91a31	 x26=0x91a31000
     157455.000 ns	     15744	800036d8	d01473d3	fcvt.s.wu	f7,x8	  x8:0xffffffff  f7=0x4f7fffff
     157475.000 ns	     15746	800036dc	871cd1b7	lui	x3,0x871cd	  x3=0x871cd000
     157495.000 ns	     15748	800036e0	206986d3	fsgnj.s	f13,f19,f6	 f19:0x7fc00000  f6:0x00000000 f13=0x7fc00000
     157865.000 ns	     15785	800036e4	028dd7b3	divu	x15,x27,x8	 x27:0xfffff807  x8:0xffffffff x15=0x00000000
     157885.000 ns	     15787	800036e8	0014d513	srli	x10,x9,0x1	  x9:0x00000786 x10=0x000003c3
     157905.000 ns	     15789	800036ec	214219d3	fsgnjn.s	f19,f4,f20	  f4:0x7fc00000 f20:0x7fc00000 f19=0xffc00000
     157925.000 ns	     15791	800036f0	d8972137	lui	x2,0xd8972	  x2=0xd8972000
     157935.000 ns	     15792	800036f4	c7b8f437	lui	x8,0xc7b8f	  x8=0xc7b8f000
     157955.000 ns	     15794	800036f8	a19a0053	fle.s	x0,f20,f25	 f20:0x7fc00000 f25:0xffc00000
     157985.000 ns	     15797	800036fc	0282a1b3	mulhsu	x3,x5,x8	  x5:0x00000000  x8:0xffffffff  x3=0x00000000
     158015.000 ns	     15800	80003700	c0007b53	fcvt.w.s	x22,f0	  f0:0x7fc00000 x22=0x7fffffff
     158035.000 ns	     15802	80003704	0f630f37	lui	x30,0xf630	 x30=0x0f630000
     158045.000 ns	     15803	80003708	015e2d33	slt	x26,x28,x21	 x28:0x00081d00 x21:0xfffff95a x26=0x00000000
     158065.000 ns	     15805	8000370c	20b582d3	fsgnj.s	f5,f11,f11	 f11:0xcefff7e0 f11:0xcefff7e0  f5=0xcefff7e0
     158115.000 ns	     15810	80003710	09cea4d3	fsub.s	f9,f29,f28	 f29:0xffffffff f28:0x7fc00000  f9=0x7fc00000
     158135.000 ns	     15812	80003714	dc653717	auipc	x14,0xdc653	 x14=0x5c656714
     158145.000 ns	     15813	80003718	008eae33	slt	x28,x29,x8	 x29:0x00000000  x8:0xc7b8f000 x28=0x00000000
     158155.000 ns	     15814	8000371c	40e65933	sra	x18,x12,x14	 x12:0xffffffff x14:0x00000000 x18=0xffffffff
     158175.000 ns	     15816	80003720	e00617d3	fclass.s	x15,f12	 f12:0xcefff7e0 x15=0x00000002
     158195.000 ns	     15818	80003724	005eb2b3	sltu	x5,x29,x5	 x29:0x00000000  x5:0x00000000  x5=0x00000000
     158215.000 ns	     15820	80003728	20759653	fsgnjn.s	f12,f11,f7	 f11:0xcefff7e0  f7:0x4f7fffff f12=0xcefff7e0
     158235.000 ns	     15822	8000372c	0059b4b3	sltu	x9,x19,x5	 x19:0x0000007f  x5:0x00000000  x9=0x00000000
     158245.000 ns	     15823	80003730	416981b3	sub	x3,x19,x22	 x19:0x0000007f x22:0x7fffffff  x3=0x80000080
     158255.000 ns	     15824	80003734	00000013	addi	x0,x0,0	  x0:0x00000000
     158275.000 ns	     15826	80003738	02281b33	mulh	x22,x16,x2	 x16:0x00000000  x2:0xd8972000 x22=0x00000000
     158295.000 ns	     15828	8000373c	4060d5b3	sra	x11,x1,x6	  x1:0x00000000  x6:0xfffffffe x11=0x00000000
     158315.000 ns	     15830	80003740	f00900d3	fmv.w.x	f1,x18	 x18:0xffffffff  f1=0xffffffff
     158345.000 ns	     15833	80003744	29141953	fmax.s	f18,f8,f17	  f8:0x473501cc f17:0x3f800000 f18=0x473501cc
     158365.000 ns	     15835	80003748	af7a30b7	lui	x1,0xaf7a3	  x1=0xaf7a3000
     158725.000 ns	     15871	8000374c	03275e33	divu	x28,x14,x18	 x14:0x5c656714 x18:0xffffffff x28=0x00000000
     158745.000 ns	     15873	80003750	3c55cf13	xori	x30,x11,965	 x11:0x00000000 x30=0x000003c5
     158755.000 ns	     15874	80003754	012b9c93	slli	x25,x23,0x12	 x23:0x80041024 x25=0x40900000
     159115.000 ns	     15910	80003758	02dcde33	divu	x28,x25,x13	 x25:0x00000001 x13:0x00000009 x28=0x072c71c7
     159135.000 ns	     15912	8000375c	016e1813	slli	x16,x28,0x16	 x28:0x00000000 x16=0x71c00000
     159145.000 ns	     15913	80003760	19bf4413	xori	x8,x30,411	 x30:0x000003c5  x8=0x0000025e
     159165.000 ns	     15915	80003764	c0059653	fcvt.w.s	x12,f11	 f11:0xcefff7e0 x12=0x80041000
     159215.000 ns	     15920	80003768	08080bd3	fsub.s	f23,f16,f0	 f16:0x00000000  f0:0x7fc00000 f23=0x7fc00000
     159245.000 ns	     15923	8000376c	d016ac53	fcvt.s.wu	f24,x13	 x13:0x00000009 f24=0x41100000
     159265.000 ns	     15925	80003770	00000013	addi	x0,x0,0	  x0:0x00000000
     159275.000 ns	     15926	80003774	00b55d33	srl	x26,x10,x11	 x10:0x000003c3 x11:0x00000000 x26=0x000003c3
     159285.000 ns	     15927	80003778	55fbfc13	andi	x24,x23,1375	 x23:0x80041024 x24=0x00000004
     159645.000 ns	     15963	8000377c	0248f4b3	remu	x9,x17,x4	 x17:0x80040fe4  x4:0xfffffffe  x9=0x80040fe4
     159675.000 ns	     15966	80003780	e0008cd3	fmv.x.w	x25,f1	  f1:0xffffffff x25=0xffffffff
     159695.000 ns	     15968	80003784	00000013	addi	x0,x0,0	  x0:0x00000000
     159705.000 ns	     15969	80003788	00ce0a33	add	x20,x28,x12	 x28:0x072c71c7 x12:0x80041000 x20=0x873081c7
     159725.000 ns	     15971	8000378c	03679db3	mulh	x27,x15,x22	 x15:0x00000002 x22:0x00000000 x27=0x00000000
     159745.000 ns	     15973	80003790	c5082613	slti	x12,x16,-944	 x16:0x71c00000 x12=0x00000000
     159755.000 ns	     15974	80003794	01d79393	slli	x7,x15,0x1d	 x15:0x00000002  x7=0x40000000
     159765.000 ns	     15975	80003798	0090ab33	slt	x22,x1,x9	  x1:0xaf7a3000  x9:0x80040fe4 x22=0x00000000
     159785.000 ns	     15977	8000379c	03fa3533	mulhu	x10,x20,x31	 x20:0x873081c7 x31:0x00000009 x10=0x00000004
     159815.000 ns	     15980	800037a0	d00c7653	fcvt.s.w	f12,x24	 x24:0x00000004 f12=0x40800000
     159865.000 ns	     15985	800037a4	08e915d3	fsub.s	f11,f18,f14	 f18:0x473501cc f14:0xcefff7e0 f11=0x4efff94a
     159885.000 ns	     15987	800037a8	0075cdb3	xor	x27,x11,x7	 x11:0x00000000  x7:0x40000000 x27=0x40000000
     159905.000 ns	     15989	800037ac	e0071a53	fclass.s	x20,f14	 f14:0xcefff7e0 x20=0x00000002
     159935.000 ns	     15992	800037b0	e0060e53	fmv.x.w	x28,f12	 f12:0x40800000 x28=0x40800000
     159965.000 ns	     15995	800037b4	a1c9a253	feq.s	x4,f19,f28	 f19:0xffc00000 f28:0x7fc00000  x4=0x00000000
     159985.000 ns	     15997	800037b8	40975013	srai	x0,x14,0x9	 x14:0x5c656714
     160345.000 ns	     16033	800037bc	0315c433	div	x8,x11,x17	 x11:0x00000000 x17:0x80040fe4  x8=0x00000000
     160365.000 ns	     16035	800037c0	77b62a37	lui	x20,0x77b62	 x20=0x77b62000
     160375.000 ns	     16036	800037c4	004bbdb3	sltu	x27,x23,x4	 x23:0x80041024  x4:0x00000000 x27=0x00000000
     160395.000 ns	     16038	800037c8	d00770d3	fcvt.s.w	f1,x14	 x14:0x5c656714  f1=0x4eb8cace
     160415.000 ns	     16040	800037cc	00f806b3	add	x13,x16,x15	 x16:0x71c00000 x15:0x00000002 x13=0x71c00002
     160425.000 ns	     16041	800037d0	00000013	addi	x0,x0,0	  x0:0x00000000
     160435.000 ns	     16042	800037d4	00000013	addi	x0,x0,0	  x0:0x00000000
     160445.000 ns	     16043	800037d8	41f65633	sra	x12,x12,x31	 x12:0x00000000 x31:0x00000009 x12=0x00000000
     160485.000 ns	     16047	800037dc	00d17853	fadd.s	f16,f2,f13	  f2:0x00000000 f13:0x7fc00000 f16=0x7fc00000
     160505.000 ns	     16049	800037e0	64b5fd93	andi	x27,x11,1611	 x11:0x00000000 x27=0x00000000
     160525.000 ns	     16051	800037e4	e0058953	fmv.x.w	x18,f11	 f11:0x4efff94a x18=0x4efff94a
     160555.000 ns	     16054	800037e8	d019f953	fcvt.s.wu	f18,x19	 x19:0x0000007f f18=0x42fe0000
     160575.000 ns	     16056	800037ec	00000013	addi	x0,x0,0	  x0:0x00000000
     160595.000 ns	     16058	800037f0	e0020a53	fmv.x.w	x20,f4	  f4:0x7fc00000 x20=0x7fc00000
     160615.000 ns	     16060	800037f4	0157d133	srl	x2,x15,x21	 x15:0x00000002 x21:0xfffff95a  x2=0x00000000
     160625.000 ns	     16061	800037f8	000eba33	sltu	x20,x29,x0	 x29:0x00000000  x0:0x00000000 x20=0x00000000
     160655.000 ns	     16064	800037fc	5809a9d3	fsqrt.s	f19,f19	 f19:0xffc00000 f19=0x7fc00000
     160685.000 ns	     16067	80003800	29b282d3	fmin.s	f5,f5,f27	  f5:0xcefff7e0 f27:0x80000000  f5=0xcefff7e0
     160715.000 ns	     16070	80003804	c013ff53	fcvt.wu.s	x30,f7	  f7:0x4f7fffff x30=0xffffff00
     160735.000 ns	     16072	80003808	393b3c93	sltiu	x25,x22,915	 x22:0x00000000 x25=0x00000001
     160745.000 ns	     16073	8000380c	0041f5b3	and	x11,x3,x4	  x3:0x80000080  x4:0x00000000 x11=0x00000000
     161105.000 ns	     16109	80003810	02124333	div	x6,x4,x1	  x4:0x00000000  x1:0xaf7a3000  x6=0x00000000
     161135.000 ns	     16112	80003814	026fc133	div	x2,x31,x6	 x31:0x00000009  x6:0xfffffffe  x2=0xffffffff
     161155.000 ns	     16114	80003818	000746b3	xor	x13,x14,x0	 x14:0x5c656714  x0:0x00000000 x13=0x5c656714
     161175.000 ns	     16116	8000381c	c00571d3	fcvt.w.s	x3,f10	 f10:0x80040fe4  x3=0x00000000
     161205.000 ns	     16119	80003820	20641553	fsgnjn.s	f10,f8,f6	  f8:0x473501cc  f6:0x00000000 f10=0xc73501cc
     161225.000 ns	     16121	80003824	41195213	srai	x4,x18,0x11	 x18:0x4efff94a  x4=0x0000277f
     161245.000 ns	     16123	80003828	28951d53	fmax.s	f26,f10,f9	 f10:0xc73501cc  f9:0x7fc00000 f26=0xc73501cc
     161265.000 ns	     16125	8000382c	b830e213	ori	x4,x1,-1149	  x1:0xaf7a3000  x4=0xfffffb83
     161295.000 ns	     16128	80003830	11d482d3	fmul.s	f5,f9,f29	  f9:0x7fc00000 f29:0xffffffff  f5=0x7fc00000
     161315.000 ns	     16130	80003834	007ff333	and	x6,x31,x7	 x31:0x00000009  x7:0x40000000  x6=0x00000000
     161335.000 ns	     16132	80003838	c01cfcd3	fcvt.wu.s	x25,f25	 f25:0xffc00000 x25=0xffffffff
     161355.000 ns	     16134	8000383c	c4d7a393	slti	x7,x15,-947	 x15:0x00000002  x7=0x00000000
     161395.000 ns	     16138	80003840	08474dd3	fsub.s	f27,f14,f4	 f14:0xcefff7e0  f4:0x7fc00000 f27=0x7fc00000
     161415.000 ns	     16140	80003844	7419c393	xori	x7,x19,1857	 x19:0x0000007f  x7=0x0000073e
     161435.000 ns	     16142	80003848	289315d3	fmax.s	f11,f6,f9	  f6:0x00000000  f9:0x7fc00000 f11=0x00000000
     161455.000 ns	     16144	8000384c	01bd6633	or	x12,x26,x27	 x26:0x000003c3 x27:0x00000000 x12=0x000003c3
     161475.000 ns	     16146	80003850	c0077353	fcvt.w.s	x6,f14	 f14:0xcefff7e0  x6=0x7ffbf000
     161495.000 ns	     16148	80003854	002c5413	srli	x8,x24,0x2	 x24:0x00000004  x8=0x00000001
     161505.000 ns	     16149	80003858	415103b3	sub	x7,x2,x21	  x2:0xffffffff x21:0xfffff95a  x7=0x000006a5
     161515.000 ns	     16150	8000385c	41c7d933	sra	x18,x15,x28	 x15:0x00000002 x28:0x40800000 x18=0x00000002
     161525.000 ns	     16151	80003860	a6a5ecb7	lui	x25,0xa6a5e	 x25=0xa6a5e000
     161545.000 ns	     16153	80003864	2143add3	fsgnjx.s	f27,f7,f20	  f7:0x4f7fffff f20:0x7fc00000 f27=0x4f7fffff
     161585.000 ns	     16157	80003868	187e9253	fdiv.s	f4,f29,f7	 f29:0xffffffff  f7:0x4f7fffff  f4=0x7fc00000
     161605.000 ns	     16159	8000386c	008680b3	add	x1,x13,x8	 x13:0x5c656714  x8:0x00000001  x1=0x5c656715
     161625.000 ns	     16161	80003870	c00113d3	fcvt.w.s	x7,f2	  f2:0x00000000  x7=0x00000000
     161645.000 ns	     16163	80003874	5b3e3c93	sltiu	x25,x28,1459	 x28:0x40800000 x25=0x00000000
     161655.000 ns	     16164	80003878	00882633	slt	x12,x16,x8	 x16:0x71c00000  x8:0x00000001 x12=0x00000000
     161675.000 ns	     16166	8000387c	02e83033	mulhu	x0,x16,x14	 x16:0x71c00000 x14:0x5c656714
     161725.000 ns	     16171	80003880	099f0d53	fsub.s	f26,f30,f25	 f30:0xcefff7e0 f25:0xffc00000 f26=0x7fc00000
     161755.000 ns	     16174	80003884	a1ed82d3	fle.s	x5,f27,f30	 f27:0x4f7fffff f30:0xcefff7e0  x5=0x00000000
     161775.000 ns	     16176	80003888	405b5793	srai	x15,x22,0x5	 x22:0x00000000 x15=0x00000000
     161785.000 ns	     16177	8000388c	9e51bb13	sltiu	x22,x3,-1563	  x3:0x00000000 x22=0x00000001
     161795.000 ns	     16178	80003890	00d56eb3	or	x29,x10,x13	 x10:0x00000004 x13:0x5c656714 x29=0x5c656714
     162155.000 ns	     16214	80003894	03ec4933	div	x18,x24,x30	 x24:0x00000004 x30:0xffffff00 x18=0x00000000
     162185.000 ns	     16217	80003898	299c1753	fmax.s	f14,f24,f25	 f24:0x41100000 f25:0xffc00000 f14=0x41100000
     162215.000 ns	     16220	8000389c	03118f33	mul	x30,x3,x17	  x3:0x00000000 x17:0x80040fe4 x30=0x00000000
     162245.000 ns	     16223	800038a0	023a6733	rem	x14,x20,x3	 x20:0x00000000  x3:0x00000000 x14=0x00000000
     162275.000 ns	     16226	800038a4	a0849b53	flt.s	x22,f9,f8	  f9:0x7fc00000  f8:0x473501cc x22=0x00000000
     162305.000 ns	     16229	800038a8	a0268153	fle.s	x2,f13,f2	 f13:0x7fc00000  f2:0x00000000  x2=0x00000000
     162325.000 ns	     16231	800038ac	0104a7b3	slt	x15,x9,x16	  x9:0x80040fe4 x16:0x71c00000 x15=0x00000001
     162365.000 ns	     16235	800038b0	09747ad3	fsub.s	f21,f8,f23	  f8:0x473501cc f23:0x7fc00000 f21=0x7fc00000
     162385.000 ns	     16237	800038b4	01909733	sll	x14,x1,x25	  x1:0x5c656715 x25:0x00000000 x14=0x5c656715
     162395.000 ns	     16238	800038b8	ffed4393	xori	x7,x26,-2	 x26:0x000003c3  x7=0xfffffc3d
     162415.000 ns	     16240	800038bc	c0057d53	fcvt.w.s	x26,f10	 f10:0xc73501cc x26=0x0000b501
     162445.000 ns	     16243	800038c0	c00ef053	fcvt.w.s	x0,f29	 f29:0xffffffff
     162495.000 ns	     16248	800038c4	0162f553	fadd.s	f10,f5,f22	  f5:0x7fc00000 f22:0x00000000 f10=0x7fc00000
     162525.000 ns	     16251	800038c8	a0e3a753	feq.s	x14,f7,f14	  f7:0x4f7fffff f14:0x41100000 x14=0x00000000
     162545.000 ns	     16253	800038cc	0108af33	slt	x30,x17,x16	 x17:0x80040fe4 x16:0x71c00000 x30=0x00000001
     162565.000 ns	     16255	800038d0	021482b3	mul	x5,x9,x1	  x9:0x80040fe4  x1:0x5c656715  x5=0x57ae09b4
     162935.000 ns	     16292	800038d4	0266f633	remu	x12,x13,x6	 x13:0x5c656714  x6:0x7ffbf000 x12=0x5c656714
     162965.000 ns	     16295	800038d8	21a38353	fsgnj.s	f6,f7,f26	  f7:0x4f7fffff f26:0x7fc00000  f6=0x4f7fffff
     162985.000 ns	     16297	800038dc	01d2b0b3	sltu	x1,x5,x29	  x5:0x57ae09b4 x29:0x5c656714  x1=0x00000001
     163005.000 ns	     16299	800038e0	215a9b53	fsgnjn.s	f22,f21,f21	 f21:0x7fc00000 f21:0x7fc00000 f22=0xffc00000
     163025.000 ns	     16301	800038e4	d90c3393	sltiu	x7,x24,-624	 x24:0x00000004  x7=0x00000001
     163045.000 ns	     16303	800038e8	a1bdab53	feq.s	x22,f27,f27	 f27:0x4f7fffff f27:0x4f7fffff x22=0x00000001
     163075.000 ns	     16306	800038ec	03339033	mulh	x0,x7,x19	  x7:0xfffffc3d x19:0x0000007f
     163095.000 ns	     16308	800038f0	003bc3b3	xor	x7,x23,x3	 x23:0x80041024  x3:0x00000000  x7=0x80041024
     163115.000 ns	     16310	800038f4	209e0fd3	fsgnj.s	f31,f28,f9	 f28:0x7fc00000  f9:0x7fc00000 f31=0x7fc00000
     163135.000 ns	     16312	800038f8	4095d933	sra	x18,x11,x9	 x11:0x00000000  x9:0x80040fe4 x18=0x00000000
     163145.000 ns	     16313	800038fc	5d96f197	auipc	x3,0x5d96f	  x3=0xdd9728fc
     163155.000 ns	     16314	80003900	01b67533	and	x10,x12,x27	 x12:0x5c656714 x27:0x00000000 x10=0x00000000
     163175.000 ns	     16316	80003904	f0010653	fmv.w.x	f12,x2	  x2:0x00000000 f12=0x00000000
     163205.000 ns	     16319	80003908	022993b3	mulh	x7,x19,x2	 x19:0x0000007f  x2:0x00000000  x7=0x00000000
     163225.000 ns	     16321	8000390c	ef8a8293	addi	x5,x21,-264	 x21:0xfffff95a  x5=0xfffff852
     163245.000 ns	     16323	80003910	a10e05d3	fle.s	x11,f28,f16	 f28:0x7fc00000 f16:0x7fc00000 x11=0x00000000
     163275.000 ns	     16326	80003914	f0020bd3	fmv.w.x	f23,x4	  x4:0xfffffb83 f23=0xfffffb83
     163305.000 ns	     16329	80003918	c01ef0d3	fcvt.wu.s	x1,f29	 f29:0xffffffff  x1=0xffffffff
     163335.000 ns	     16332	8000391c	a0da9653	flt.s	x12,f21,f13	 f21:0x7fc00000 f13:0x7fc00000 x12=0x00000000
     163365.000 ns	     16335	80003920	a06a04d3	fle.s	x9,f20,f6	 f20:0x7fc00000  f6:0x4f7fffff  x9=0x00000000
     163405.000 ns	     16339	80003924	106fc5d3	fmul.s	f11,f31,f6	 f31:0x7fc00000  f6:0x4f7fffff f11=0x7fc00000
     163435.000 ns	     16342	80003928	020fc933	div	x18,x31,x0	 x31:0x00000009  x0:0x00000000 x18=0xffffffff
     163805.000 ns	     16379	8000392c	031a7333	remu	x6,x20,x17	 x20:0x00000000 x17:0x80040fe4  x6=0x00000000
     163835.000 ns	     16382	80003930	031836b3	mulhu	x13,x16,x17	 x16:0x71c00000 x17:0x80040fe4 x13=0x38e1ce0f
     163855.000 ns	     16384	80003934	410285b3	sub	x11,x5,x16	  x5:0xfffff852 x16:0x71c00000 x11=0x8e3ff852
     163875.000 ns	     16386	80003938	a0332e53	feq.s	x28,f6,f3	  f6:0x4f7fffff  f3:0x80000000 x28=0x00000000
     163905.000 ns	     16389	8000393c	2087a653	fsgnjx.s	f12,f15,f8	 f15:0x00000001  f8:0x473501cc f12=0x00000001
     163935.000 ns	     16392	80003940	21dc1753	fsgnjn.s	f14,f24,f29	 f24:0x41100000 f29:0xffffffff f14=0x41100000
     163955.000 ns	     16394	80003944	96658113	addi	x2,x11,-1690	 x11:0x8e3ff852  x2=0x8e3ff1b8
     163975.000 ns	     16396	80003948	e0049dd3	fclass.s	x27,f9	  f9:0x7fc00000 x27=0x00000200
     163995.000 ns	     16398	8000394c	4ba85937	lui	x18,0x4ba85	 x18=0x4ba85000
     164015.000 ns	     16400	80003950	0225b0b3	mulhu	x1,x11,x2	 x11:0x8e3ff852  x2:0x8e3ff1b8  x1=0x4f0b03cc
     164045.000 ns	     16403	80003954	293707d3	fmin.s	f15,f14,f19	 f14:0x41100000 f19:0x7fc00000 f15=0x41100000
     164075.000 ns	     16406	80003958	e00d9453	fclass.s	x8,f27	 f27:0x4f7fffff  x8=0x00000040
     164105.000 ns	     16409	8000395c	e00b9f53	fclass.s	x30,f23	 f23:0xfffffb83 x30=0x00000200
     164125.000 ns	     16411	80003960	00000013	addi	x0,x0,0	  x0:0x00000000
     164145.000 ns	     16413	80003964	0301a133	mulhsu	x2,x3,x16	  x3:0xdd9728fc x16:0x71c00000  x2=0xf0b5ea75
     164195.000 ns	     16418	80003968	00ee2353	fadd.s	f6,f28,f14	 f28:0x7fc00000 f14:0x41100000  f6=0x7fc00000
     164215.000 ns	     16420	8000396c	00be8133	add	x2,x29,x11	 x29:0x5c656714 x11:0x8e3ff852  x2=0xeaa55f66
     164255.000 ns	     16424	80003970	0151f453	fadd.s	f8,f3,f21	  f3:0x80000000 f21:0x7fc00000  f8=0x7fc00000
     164285.000 ns	     16427	80003974	e00e01d3	fmv.x.w	x3,f28	 f28:0x7fc00000  x3=0x7fc00000
     164305.000 ns	     16429	80003978	013f4db3	xor	x27,x30,x19	 x30:0x00000200 x19:0x0000007f x27=0x0000027f
     164325.000 ns	     16431	8000397c	02f023b3	mulhsu	x7,x0,x15	  x0:0x00000000 x15:0x00000001  x7=0x00000000
     164345.000 ns	     16433	80003980	003b44b3	xor	x9,x22,x3	 x22:0x00000001  x3:0x7fc00000  x9=0x7fc00001
     164355.000 ns	     16434	80003984	010fd1b3	srl	x3,x31,x16	 x31:0x00000009 x16:0x71c00000  x3=0x00000009
     164715.000 ns	     16470	80003988	031ece33	div	x28,x29,x17	 x29:0x5c656714 x17:0x80040fe4 x28=0x00000000
     164735.000 ns	     16472	8000398c	00000013	addi	x0,x0,0	  x0:0x00000000
     165095.000 ns	     16508	80003990	03eaf2b3	remu	x5,x21,x30	 x21:0xfffff95a x30:0x00000200  x5=0x0000015a
     165115.000 ns	     16510	80003994	4186d533	sra	x10,x13,x24	 x13:0x38e1ce0f x24:0x00000004 x10=0x038e1ce0
     165135.000 ns	     16512	80003998	c004c3d3	fcvt.w.s	x7,f9	  f9:0x7fc00000  x7=0x7fffffff
     165155.000 ns	     16514	8000399c	d8155397	auipc	x7,0xd8155	  x7=0x5815899c
     165195.000 ns	     16518	800039a0	0896fc53	fsub.s	f24,f13,f9	 f13:0x7fc00000  f9:0x7fc00000 f24=0x7fc00000
     165245.000 ns	     16523	800039a4	08421653	fsub.s	f12,f4,f4	  f4:0x7fc00000  f4:0x7fc00000 f12=0x7fc00000
     165265.000 ns	     16525	800039a8	64cbb993	sltiu	x19,x23,1612	 x23:0x80041024 x19=0x00000000
     165275.000 ns	     16526	800039ac	418103b3	sub	x7,x2,x24	  x2:0xeaa55f66 x24:0x00000004  x7=0xeaa55f62
     165285.000 ns	     16527	800039b0	0002f933	and	x18,x5,x0	  x5:0x0000015a  x0:0x00000000 x18=0x00000000
     165305.000 ns	     16529	800039b4	e00011d3	fclass.s	x3,f0	  f0:0x7fc00000  x3=0x00000200
     165335.000 ns	     16532	800039b8	026667b3	rem	x15,x12,x6	 x12:0x00000000  x6:0x00000000 x15=0x00000000
     165365.000 ns	     16535	800039bc	a02a8853	fle.s	x16,f21,f2	 f21:0x7fc00000  f2:0x00000000 x16=0x00000000
     165395.000 ns	     16538	800039c0	c01df6d3	fcvt.wu.s	x13,f27	 f27:0x4f7fffff x13=0xffffff00
     165425.000 ns	     16541	800039c4	03430eb3	mul	x29,x6,x20	  x6:0x00000000 x20:0x00000000 x29=0x00000000
     165455.000 ns	     16544	800039c8	03db04b3	mul	x9,x22,x29	 x22:0x00000001 x29:0x5c656714  x9=0x00000000
     165475.000 ns	     16546	800039cc	01b43b33	sltu	x22,x8,x27	  x8:0x00000040 x27:0x0000027f x22=0x00000001
     165485.000 ns	     16547	800039d0	0d596613	ori	x12,x18,213	 x18:0x00000000 x12=0x000000d5
     165495.000 ns	     16548	800039d4	0b4d3213	sltiu	x4,x26,180	 x26:0x0000b501  x4=0x00000000
     165505.000 ns	     16549	800039d8	01105b33	srl	x22,x0,x17	  x0:0x00000000 x17:0x80040fe4 x22=0x00000000
     165535.000 ns	     16552	800039dc	580e0053	fsqrt.s	f0,f28	 f28:0x7fc00000  f0=0x7fc00000
     165555.000 ns	     16554	800039e0	51977393	andi	x7,x14,1305	 x14:0x00000000  x7=0x00000000
     165575.000 ns	     16556	800039e4	f0070bd3	fmv.w.x	f23,x14	 x14:0x00000000 f23=0x00000000
     165595.000 ns	     16558	800039e8	00045193	srli	x3,x8,0x0	  x8:0x00000040  x3=0x00000040
     165625.000 ns	     16561	800039ec	580806d3	fsqrt.s	f13,f16	 f16:0x7fc00000 f13=0x7fc00000
     165645.000 ns	     16563	800039f0	0080c3b3	xor	x7,x1,x8	  x1:0x4f0b03cc  x8:0x00000040  x7=0x4f0b038c
     165655.000 ns	     16564	800039f4	88399f17	auipc	x30,0x88399	 x30=0x0839c9f4
     165675.000 ns	     16566	800039f8	f00707d3	fmv.w.x	f15,x14	 x14:0x00000000 f15=0x00000000
     165715.000 ns	     16570	800039fc	19d30b53	fdiv.s	f22,f6,f29	  f6:0x7fc00000 f29:0xffffffff f22=0x7fc00000
     165735.000 ns	     16572	80003a00	3e1111b7	lui	x3,0x3e111	  x3=0x3e111000
     165745.000 ns	     16573	80003a04	01250a33	add	x20,x10,x18	 x10:0x038e1ce0 x18:0x00000000 x20=0x038e1ce0
     165765.000 ns	     16575	80003a08	d01e08d3	fcvt.s.wu	f17,x28	 x28:0x00000000 f17=0x00000000
     165795.000 ns	     16578	80003a0c	e00912d3	fclass.s	x5,f18	 f18:0x42fe0000  x5=0x00000040
     165815.000 ns	     16580	80003a10	4650ec93	ori	x25,x1,1125	  x1:0x4f0b03cc x25=0x4f0b07ed
     165825.000 ns	     16581	80003a14	00991633	sll	x12,x18,x9	 x18:0x00000000  x9:0x00000000 x12=0x00000000
     165835.000 ns	     16582	80003a18	96754d13	xori	x26,x10,-1689	 x10:0x038e1ce0 x26=0xfc71e587
     165845.000 ns	     16583	80003a1c	0f627613	andi	x12,x4,246	  x4:0x00000000 x12=0x00000000
     165855.000 ns	     16584	80003a20	80473093	sltiu	x1,x14,-2044	 x14:0x00000000  x1=0x00000001
     165865.000 ns	     16585	80003a24	018f3033	sltu	x0,x30,x24	 x30:0x0839c9f4 x24:0x00000004
     165895.000 ns	     16588	80003a28	1188f253	fmul.s	f4,f17,f24	 f17:0x00000000 f24:0x7fc00000  f4=0x7fc00000
     166265.000 ns	     16625	80003a2c	02d6cf33	div	x30,x13,x13	 x13:0xffffff00 x13:0xffffff00 x30=0x00000001
     166285.000 ns	     16627	80003a30	01776db3	or	x27,x14,x23	 x14:0x00000000 x23:0x80041024 x27=0x80041024
     166305.000 ns	     16629	80003a34	03988e33	mul	x28,x17,x25	 x17:0x80040fe4 x25:0x4f0b07ed x28=0xaafdf214
     166675.000 ns	     16666	80003a38	03444ab3	div	x21,x8,x20	  x8:0x00000040 x20:0x038e1ce0 x21=0x00000000
     166725.000 ns	     16671	80003a3c	090a3853	fsub.s	f16,f20,f16	 f20:0x7fc00000 f16:0x7fc00000 f16=0x7fc00000
     166745.000 ns	     16673	80003a40	63194593	xori	x11,x18,1585	 x18:0x00000000 x11=0x00000631
     166755.000 ns	     16674	80003a44	00dbb233	sltu	x4,x23,x13	 x23:0x80041024 x13:0xffffff00  x4=0x00000001
     166765.000 ns	     16675	80003a48	0059aa33	slt	x20,x19,x5	 x19:0x00000000  x5:0x00000040 x20=0x00000001
     166785.000 ns	     16677	80003a4c	a1991353	flt.s	x6,f18,f25	 f18:0x42fe0000 f25:0xffc00000  x6=0x00000000
     166805.000 ns	     16679	80003a50	48506a93	ori	x21,x0,1157	  x0:0x00000000 x21=0x00000485
     167165.000 ns	     16715	80003a54	035ed133	divu	x2,x29,x21	 x29:0x00000000 x21:0x00000000  x2=0x00000000
     167215.000 ns	     16720	80003a58	08ba2d53	fsub.s	f26,f20,f11	 f20:0x7fc00000 f11:0x7fc00000 f26=0x7fc00000
     167235.000 ns	     16722	80003a5c	00dcf4b3	and	x9,x25,x13	 x25:0x4f0b07ed x13:0xffffff00  x9=0x4f0b0700
     167255.000 ns	     16724	80003a60	032f4d33	div	x26,x30,x18	 x30:0x00000001 x18:0x00000000 x26=0xffffffff
     167275.000 ns	     16726	80003a64	01833933	sltu	x18,x6,x24	  x6:0x00000000 x24:0x00000004 x18=0x00000001
     167285.000 ns	     16727	80003a68	b6e2f593	andi	x11,x5,-1170	  x5:0x00000040 x11=0x00000040
     167325.000 ns	     16731	80003a6c	0832f253	fsub.s	f4,f5,f3	  f5:0x7fc00000  f3:0x80000000  f4=0x7fc00000
     167345.000 ns	     16733	80003a70	8b6499b7	lui	x19,0x8b649	 x19=0x8b649000
     167365.000 ns	     16735	80003a74	a09111d3	flt.s	x3,f2,f9	  f2:0x00000000  f9:0x7fc00000  x3=0x00000000
     167395.000 ns	     16738	80003a78	29b593d3	fmax.s	f7,f11,f27	 f11:0x7fc00000 f27:0x4f7fffff  f7=0x4f7fffff
     167425.000 ns	     16741	80003a7c	02410333	mul	x6,x2,x4	  x2:0x00000000  x4:0x00000001  x6=0x00000000
     167455.000 ns	     16744	80003a80	a19629d3	feq.s	x19,f12,f25	 f12:0x7fc00000 f25:0xffc00000 x19=0x00000000
     167485.000 ns	     16747	80003a84	e00c8553	fmv.x.w	x10,f25	 f25:0xffc00000 x10=0xffc00000
     167505.000 ns	     16749	80003a88	017b4f33	xor	x30,x22,x23	 x22:0x00000000 x23:0x80041024 x30=0x80041024
     167515.000 ns	     16750	80003a8c	0699cc13	xori	x24,x19,105	 x19:0x00000000 x24=0x00000069
     167535.000 ns	     16752	80003a90	d01a9ed3	fcvt.s.wu	f29,x21	 x21:0x00000485 f29=0x4490a000
     167555.000 ns	     16754	80003a94	005a0833	add	x16,x20,x5	 x20:0x00000001  x5:0x00000040 x16=0x00000041
     167565.000 ns	     16755	80003a98	1fb4b413	sltiu	x8,x9,507	  x9:0x4f0b0700  x8=0x00000000
     167925.000 ns	     16791	80003a9c	02d9dd33	divu	x26,x19,x13	 x19:0x00000000 x13:0xffffff00 x26=0x00000000
     167945.000 ns	     16793	80003aa0	012a2533	slt	x10,x20,x18	 x20:0x00000001 x18:0x00000001 x10=0x00000000
     167955.000 ns	     16794	80003aa4	2be8b213	sltiu	x4,x17,702	 x17:0x80040fe4  x4=0x00000000
     167975.000 ns	     16796	80003aa8	a12d9753	flt.s	x14,f27,f18	 f27:0x4f7fffff f18:0x42fe0000 x14=0x00000000
     167995.000 ns	     16798	80003aac	f6d22693	slti	x13,x4,-147	  x4:0x00000001 x13=0x00000000
     168015.000 ns	     16800	80003ab0	a1e927d3	feq.s	x15,f18,f30	 f18:0x42fe0000 f30:0xcefff7e0 x15=0x00000000
     168045.000 ns	     16803	80003ab4	030c95b3	mulh	x11,x25,x16	 x25:0x4f0b07ed x16:0x00000041 x11=0x00000014
     168075.000 ns	     16806	80003ab8	0232c2b3	div	x5,x5,x3	  x5:0x00000040  x3:0x00000000  x5=0xffffffff
     168095.000 ns	     16808	80003abc	ec76a993	slti	x19,x13,-313	 x13:0x00000000 x19=0x00000000
     168135.000 ns	     16812	80003ac0	00427553	fadd.s	f10,f4,f4	  f4:0x7fc00000  f4:0x7fc00000 f10=0x7fc00000
     168155.000 ns	     16814	80003ac4	014a1933	sll	x18,x20,x20	 x20:0x00000001 x20:0x00000001 x18=0x00000002
     168175.000 ns	     16816	80003ac8	a1299653	flt.s	x12,f19,f18	 f19:0x7fc00000 f18:0x42fe0000 x12=0x00000000
     168205.000 ns	     16819	80003acc	02f07533	remu	x10,x0,x15	  x0:0x00000000 x15:0x00000000 x10=0x00000000
     168235.000 ns	     16822	80003ad0	e00296d3	fclass.s	x13,f5	  f5:0x7fc00000 x13=0x00000200
     168255.000 ns	     16824	80003ad4	33367093	andi	x1,x12,819	 x12:0x00000000  x1=0x00000000
     168265.000 ns	     16825	80003ad8	01171d93	slli	x27,x14,0x11	 x14:0x00000000 x27=0x00000000
     168275.000 ns	     16826	80003adc	018b7cb3	and	x25,x22,x24	 x22:0x00000000 x24:0x00000069 x25=0x00000000
     168295.000 ns	     16828	80003ae0	21c19053	fsgnjn.s	f0,f3,f28	  f3:0x80000000 f28:0x7fc00000  f0=0x80000000
     168315.000 ns	     16830	80003ae4	009435b3	sltu	x11,x8,x9	  x8:0x00000000  x9:0x4f0b0700 x11=0x00000001
     168325.000 ns	     16831	80003ae8	cdf72713	slti	x14,x14,-801	 x14:0x00000000 x14=0x00000000
     168335.000 ns	     16832	80003aec	41ed5033	sra	x0,x26,x30	 x26:0x00000000 x30:0x80041024
     168345.000 ns	     16833	80003af0	0016de93	srli	x29,x13,0x1	 x13:0x00000200 x29=0x00000100
     168365.000 ns	     16835	80003af4	d00df9d3	fcvt.s.w	f19,x27	 x27:0x00000000 f19=0x00000000
     168415.000 ns	     16840	80003af8	01acfa53	fadd.s	f20,f25,f26	 f25:0xffc00000 f26:0x7fc00000 f20=0x7fc00000
     168445.000 ns	     16843	80003afc	038f0933	mul	x18,x30,x24	 x30:0x80041024 x24:0x00000069 x18=0x81aa9ec4
     168465.000 ns	     16845	80003b00	aea2e513	ori	x10,x5,-1302	  x5:0xffffffff x10=0xffffffff
     168475.000 ns	     16846	80003b04	19f27d93	andi	x27,x4,415	  x4:0x00000000 x27=0x00000000
     168515.000 ns	     16850	80003b08	09a217d3	fsub.s	f15,f4,f26	  f4:0x7fc00000 f26:0x7fc00000 f15=0x7fc00000
     168555.000 ns	     16854	80003b0c	58058953	fsqrt.s	f18,f11	 f11:0x7fc00000 f18=0x7fc00000
     168575.000 ns	     16856	80003b10	00c85733	srl	x14,x16,x12	 x16:0x00000041 x12:0x00000000 x14=0x00000041
     168595.000 ns	     16858	80003b14	c015c353	fcvt.wu.s	x6,f11	 f11:0x7fc00000  x6=0xffffffff
     168625.000 ns	     16861	80003b18	a0892853	feq.s	x16,f18,f8	 f18:0x7fc00000  f8:0x7fc00000 x16=0x00000000
     168655.000 ns	     16864	80003b1c	d00cc953	fcvt.s.w	f18,x25	 x25:0x00000000 f18=0x00000000
     168675.000 ns	     16866	80003b20	00567e33	and	x28,x12,x5	 x12:0x00000000  x5:0xffffffff x28=0x00000000
     168695.000 ns	     16868	80003b24	a00106d3	fle.s	x13,f2,f0	  f2:0x00000000  f0:0x80000000 x13=0x00000001
     169065.000 ns	     16905	80003b28	02b7c433	div	x8,x15,x11	 x15:0x00000000 x11:0x00000001  x8=0x00000000
     169435.000 ns	     16942	80003b2c	0311f533	remu	x10,x3,x17	  x3:0x00000000 x17:0x80040fe4 x10=0x00000000
     169455.000 ns	     16944	80003b30	401f87b3	sub	x15,x31,x1	 x31:0x00000009  x1:0x00000000 x15=0x00000009
     169465.000 ns	     16945	80003b34	014b6cb3	or	x25,x22,x20	 x22:0x00000000 x20:0x00000001 x25=0x00000001
     169485.000 ns	     16947	80003b38	02773cb3	mulhu	x25,x14,x7	 x14:0x00000041  x7:0x4f0b038c x25=0x00000014
     169855.000 ns	     16984	80003b3c	0342f9b3	remu	x19,x5,x20	  x5:0xffffffff x20:0x00000001 x19=0x00000000
     169905.000 ns	     16989	80003b40	00cf8f53	fadd.s	f30,f31,f12	 f31:0x7fc00000 f12:0x7fc00000 f30=0x7fc00000
     169925.000 ns	     16991	80003b44	a38584b7	lui	x9,0xa3858	  x9=0xa3858000
     169935.000 ns	     16992	80003b48	01426f33	or	x30,x4,x20	  x4:0x00000000 x20:0x00000001 x30=0x00000001
     169945.000 ns	     16993	80003b4c	417f00b3	sub	x1,x30,x23	 x30:0x80041024 x23:0x80041024  x1=0x7ffbefdd
     169955.000 ns	     16994	80003b50	0192f133	and	x2,x5,x25	  x5:0xffffffff x25:0x00000014  x2=0x00000014
     169965.000 ns	     16995	80003b54	007697b3	sll	x15,x13,x7	 x13:0x00000001  x7:0x4f0b038c x15=0x00001000
     169995.000 ns	     16998	80003b58	187f1053	fdiv.s	f0,f30,f7	 f30:0x7fc00000  f7:0x4f7fffff  f0=0x7fc00000
     170015.000 ns	     17000	80003b5c	00000013	addi	x0,x0,0	  x0:0x00000000
     170025.000 ns	     17001	80003b60	82396393	ori	x7,x18,-2013	 x18:0x81aa9ec4  x7=0xfffffee7
     170035.000 ns	     17002	80003b64	00a12633	slt	x12,x2,x10	  x2:0x00000014 x10:0x00000000 x12=0x00000000
     170055.000 ns	     17004	80003b68	211020d3	fsgnjx.s	f1,f0,f17	  f0:0x7fc00000 f17:0x00000000  f1=0x7fc00000
     170075.000 ns	     17006	80003b6c	019c16b3	sll	x13,x24,x25	 x24:0x00000069 x25:0x00000014 x13=0x06900000
     170095.000 ns	     17008	80003b70	a0660ed3	fle.s	x29,f12,f6	 f12:0x7fc00000  f6:0x7fc00000 x29=0x00000000
     170125.000 ns	     17011	80003b74	e00003d3	fmv.x.w	x7,f0	  f0:0x7fc00000  x7=0x7fc00000
     170145.000 ns	     17013	80003b78	006de9b3	or	x19,x27,x6	 x27:0x00000000  x6:0xffffffff x19=0xffffffff
     170155.000 ns	     17014	80003b7c	6ec6e113	ori	x2,x13,1772	 x13:0x06900000  x2=0x069006ec
     170175.000 ns	     17016	80003b80	024faeb3	mulhsu	x29,x31,x4	 x31:0x00000009  x4:0x00000000 x29=0x00000000
     170195.000 ns	     17018	80003b84	41a78933	sub	x18,x15,x26	 x15:0x00001000 x26:0x00000000 x18=0x00001000
     170205.000 ns	     17019	80003b88	e59b3517	auipc	x10,0xe59b3	 x10=0x659b6b88
     170225.000 ns	     17021	80003b8c	a13ba7d3	feq.s	x15,f23,f19	 f23:0x00000000 f19:0x00000000 x15=0x00000001
     170255.000 ns	     17024	80003b90	03ca6ab3	rem	x21,x20,x28	 x20:0x00000001 x28:0x00000000 x21=0x00000001
     170275.000 ns	     17026	80003b94	012dceb3	xor	x29,x27,x18	 x27:0x00000000 x18:0x00001000 x29=0x00001000
     170295.000 ns	     17028	80003b98	d010fa53	fcvt.s.wu	f20,x1	  x1:0x7ffbefdd f20=0x4efff7df
     170325.000 ns	     17031	80003b9c	29b59dd3	fmax.s	f27,f11,f27	 f11:0x7fc00000 f27:0x4f7fffff f27=0x4f7fffff
     170375.000 ns	     17036	80003ba0	0845fad3	fsub.s	f21,f11,f4	 f11:0x7fc00000  f4:0x7fc00000 f21=0x7fc00000
     170405.000 ns	     17039	80003ba4	03890b33	mul	x22,x18,x24	 x18:0x00001000 x24:0x00000069 x22=0x00069000
     170425.000 ns	     17041	80003ba8	0086b733	sltu	x14,x13,x8	 x13:0x06900000  x8:0x00000000 x14=0x00000000
     170445.000 ns	     17043	80003bac	a08d1753	flt.s	x14,f26,f8	 f26:0x7fc00000  f8:0x7fc00000 x14=0x00000000
     170475.000 ns	     17046	80003bb0	d00bb453	fcvt.s.w	f8,x23	 x23:0x80041024  f8=0xcefff7e0
     170845.000 ns	     17083	80003bb4	0347e9b3	rem	x19,x15,x20	 x15:0x00000001 x20:0x00000001 x19=0x00000000
     170875.000 ns	     17086	80003bb8	f0058253	fmv.w.x	f4,x11	 x11:0x00000001  f4=0x00000001
     170895.000 ns	     17088	80003bbc	1b3f4793	xori	x15,x30,435	 x30:0x00000001 x15=0x000001b2
     170905.000 ns	     17089	80003bc0	a061b437	lui	x8,0xa061b	  x8=0xa061b000
     170915.000 ns	     17090	80003bc4	00229d13	slli	x26,x5,0x2	  x5:0xffffffff x26=0xfffffffc
     170935.000 ns	     17092	80003bc8	a197ae53	feq.s	x28,f15,f25	 f15:0x7fc00000 f25:0xffc00000 x28=0x00000000
     170965.000 ns	     17095	80003bcc	d00ac5d3	fcvt.s.w	f11,x21	 x21:0x00000001 f11=0x3f800000
     170985.000 ns	     17097	80003bd0	017d6833	or	x16,x26,x23	 x26:0xfffffffc x23:0x80041024 x16=0xfffffffc
     170995.000 ns	     17098	80003bd4	01e8a6b3	slt	x13,x17,x30	 x17:0x80040fe4 x30:0x00000001 x13=0x00000001
     171015.000 ns	     17100	80003bd8	c010c753	fcvt.wu.s	x14,f1	  f1:0x7fc00000 x14=0xffffffff
     171045.000 ns	     17103	80003bdc	a0110dd3	fle.s	x27,f2,f1	  f2:0x00000000  f1:0x7fc00000 x27=0x00000000
     171075.000 ns	     17106	80003be0	21f50153	fsgnj.s	f2,f10,f31	 f10:0x7fc00000 f31:0x7fc00000  f2=0x7fc00000
     171105.000 ns	     17109	80003be4	023da633	mulhsu	x12,x27,x3	 x27:0x00000000  x3:0x00000000 x12=0x00000000
     171125.000 ns	     17111	80003be8	66c93213	sltiu	x4,x18,1644	 x18:0x00001000  x4=0x00000000
     171155.000 ns	     17114	80003bec	10647ad3	fmul.s	f21,f8,f6	  f8:0xcefff7e0  f6:0x7fc00000 f21=0x7fc00000
     171175.000 ns	     17116	80003bf0	9b6c9797	auipc	x15,0x9b6c9	 x15=0x1b6ccbf0
     171195.000 ns	     17118	80003bf4	c014f1d3	fcvt.wu.s	x3,f9	  f9:0x7fc00000  x3=0xffffffff
     171225.000 ns	     17121	80003bf8	f0078053	fmv.w.x	f0,x15	 x15:0x000001b2  f0=0x1b6ccbf0
     171245.000 ns	     17123	80003bfc	4e8c5797	auipc	x15,0x4e8c5	 x15=0xce8c8bfc
     171265.000 ns	     17125	80003c00	d01f7953	fcvt.s.wu	f18,x30	 x30:0x00000001 f18=0x3f800000
     171295.000 ns	     17128	80003c04	f0038ad3	fmv.w.x	f21,x7	  x7:0x7fc00000 f21=0x7fc00000
     171665.000 ns	     17165	80003c08	023ed933	divu	x18,x29,x3	 x29:0x00001000  x3:0xffffffff x18=0x00000000
     171685.000 ns	     17167	80003c0c	40fed613	srai	x12,x29,0xf	 x29:0x00001000 x12=0x00000000
     172045.000 ns	     17203	80003c10	023dc4b3	div	x9,x27,x3	 x27:0x00000000  x3:0xffffffff  x9=0x00000000
     172065.000 ns	     17205	80003c14	004b83b3	add	x7,x23,x4	 x23:0x80041024  x4:0x00000000  x7=0x80041024
     172075.000 ns	     17206	80003c18	00000013	addi	x0,x0,0	  x0:0x00000000
     172095.000 ns	     17208	80003c1c	0340a533	mulhsu	x10,x1,x20	  x1:0x7ffbefdd x20:0x00000001 x10=0x00000000
     172125.000 ns	     17211	80003c20	a0bd8153	fle.s	x2,f27,f11	 f27:0x4f7fffff f11:0x3f800000  x2=0x00000000
     172175.000 ns	     17216	80003c24	080d3ad3	fsub.s	f21,f26,f0	 f26:0x7fc00000  f0:0x1b6ccbf0 f21=0x7fc00000
     172215.000 ns	     17220	80003c28	10d17bd3	fmul.s	f23,f2,f13	  f2:0x7fc00000 f13:0x7fc00000 f23=0x7fc00000
     172235.000 ns	     17222	80003c2c	01f01413	slli	x8,x0,0x1f	  x0:0x00000000  x8=0x00000000
     172245.000 ns	     17223	80003c30	cb601d97	auipc	x27,0xcb601	 x27=0x4b604c30
     172255.000 ns	     17224	80003c34	b60321b7	lui	x3,0xb6032	  x3=0xb6032000
     172275.000 ns	     17226	80003c38	a14580d3	fle.s	x1,f11,f20	 f11:0x3f800000 f20:0x4efff7df  x1=0x00000001
     172305.000 ns	     17229	80003c3c	29919053	fmax.s	f0,f3,f25	  f3:0x80000000 f25:0xffc00000  f0=0x80000000
     172335.000 ns	     17232	80003c40	f00e07d3	fmv.w.x	f15,x28	 x28:0x00000000 f15=0x00000000
     172705.000 ns	     17269	80003c44	0219e0b3	rem	x1,x19,x1	 x19:0x00000000  x1:0x00000001  x1=0x00000000
     172725.000 ns	     17271	80003c48	418a05b3	sub	x11,x20,x24	 x20:0x00000001 x24:0x00000069 x11=0xffffff98
     172735.000 ns	     17272	80003c4c	0075c533	xor	x10,x11,x7	 x11:0x00000001  x7:0x80041024 x10=0x7ffbefbc
     172745.000 ns	     17273	80003c50	00e73333	sltu	x6,x14,x14	 x14:0xffffffff x14:0xffffffff  x6=0x00000000
     172765.000 ns	     17275	80003c54	d00749d3	fcvt.s.w	f19,x14	 x14:0xffffffff f19=0xbf800000
     172785.000 ns	     17277	80003c58	0181d213	srli	x4,x3,0x18	  x3:0xb6032000  x4=0x000000b6
     172805.000 ns	     17279	80003c5c	287811d3	fmax.s	f3,f16,f7	 f16:0x7fc00000  f7:0x4f7fffff  f3=0x4f7fffff
     172835.000 ns	     17282	80003c60	29270f53	fmin.s	f30,f14,f18	 f14:0x41100000 f18:0x3f800000 f30=0x3f800000
     172865.000 ns	     17285	80003c64	299f83d3	fmin.s	f7,f31,f25	 f31:0x7fc00000 f25:0xffc00000  f7=0x7fc00000
     172895.000 ns	     17288	80003c68	283506d3	fmin.s	f13,f10,f3	 f10:0x7fc00000  f3:0x4f7fffff f13=0x4f7fffff
     172915.000 ns	     17290	80003c6c	50312593	slti	x11,x2,1283	  x2:0x00000000 x11=0x00000001
     172925.000 ns	     17291	80003c70	011749b3	xor	x19,x14,x17	 x14:0xffffffff x17:0x80040fe4 x19=0x7ffbf01b
     172935.000 ns	     17292	80003c74	01066c33	or	x24,x12,x16	 x12:0x00000000 x16:0xfffffffc x24=0xfffffffc
     172955.000 ns	     17294	80003c78	2111a9d3	fsgnjx.s	f19,f3,f17	  f3:0x4f7fffff f17:0x00000000 f19=0x4f7fffff
     172985.000 ns	     17297	80003c7c	02deaab3	mulhsu	x21,x29,x13	 x29:0x00001000 x13:0x00000001 x21=0x00000000
     173015.000 ns	     17300	80003c80	219e8053	fsgnj.s	f0,f29,f25	 f29:0x4490a000 f25:0xffc00000  f0=0xc490a000
     174195.000 ns	     17418	80003c84	58068cd3	fsqrt.s	f25,f13	 f13:0x4f7fffff f25=0x47350461
     174235.000 ns	     17422	80003c88	10bf73d3	fmul.s	f7,f30,f11	 f30:0x3f800000 f11:0x3f800000  f7=0x3f800000
     174255.000 ns	     17424	80003c8c	0038f2b3	and	x5,x17,x3	 x17:0x80040fe4  x3:0xb6032000  x5=0x80000000
     174275.000 ns	     17426	80003c90	291d9dd3	fmax.s	f27,f27,f17	 f27:0x4f7fffff f17:0x00000000 f27=0x4f7fffff
     174295.000 ns	     17428	80003c94	01602f33	slt	x30,x0,x22	  x0:0x00000000 x22:0x00069000 x30=0x00000001
     174305.000 ns	     17429	80003c98	4074dcb3	sra	x25,x9,x7	  x9:0x00000000  x7:0x80041024 x25=0x00000000
     174315.000 ns	     17430	80003c9c	0126f5b3	and	x11,x13,x18	 x13:0x00000001 x18:0x00000000 x11=0x00000000
     174325.000 ns	     17431	80003ca0	8105ee93	ori	x29,x11,-2032	 x11:0x00000001 x29=0xfffff810
     174345.000 ns	     17433	80003ca4	e00b94d3	fclass.s	x9,f23	 f23:0x7fc00000  x9=0x00000200
     174365.000 ns	     17435	80003ca8	7a0e2713	slti	x14,x28,1952	 x28:0x00000000 x14=0x00000001
     174375.000 ns	     17436	80003cac	09566d13	ori	x26,x12,149	 x12:0x00000000 x26=0x00000095
     174395.000 ns	     17438	80003cb0	28ac98d3	fmax.s	f17,f25,f10	 f25:0x47350461 f10:0x7fc00000 f17=0x47350461
     174415.000 ns	     17440	80003cb4	cf584313	xori	x6,x16,-779	 x16:0xfffffffc  x6=0x00000309
     174435.000 ns	     17442	80003cb8	d0051253	fcvt.s.w	f4,x10	 x10:0x7ffbefbc  f4=0x4efff7df
     174465.000 ns	     17445	80003cbc	d00a8753	fcvt.s.w	f14,x21	 x21:0x00000000 f14=0x00000000
     174495.000 ns	     17448	80003cc0	c00076d3	fcvt.w.s	x13,f0	  f0:0xc490a000 x13=0x00000485
     174525.000 ns	     17451	80003cc4	039cdb33	divu	x22,x25,x25	 x25:0x00000000 x25:0x00000000 x22=0xffffffff
     174545.000 ns	     17453	80003cc8	017614b3	sll	x9,x12,x23	 x12:0x00000000 x23:0x80041024  x9=0x00000000
     174565.000 ns	     17455	80003ccc	a08f02d3	fle.s	x5,f30,f8	 f30:0x3f800000  f8:0xcefff7e0  x5=0x00000000
     174595.000 ns	     17458	80003cd0	a1778153	fle.s	x2,f15,f23	 f15:0x00000000 f23:0x7fc00000  x2=0x00000000
     174615.000 ns	     17460	80003cd4	49a20437	lui	x8,0x49a20	  x8=0x49a20000
     174635.000 ns	     17462	80003cd8	d00745d3	fcvt.s.w	f11,x14	 x14:0x00000001 f11=0x3f800000
     174655.000 ns	     17464	80003cdc	2d65bf13	sltiu	x30,x11,726	 x11:0x00000000 x30=0x00000001
     174695.000 ns	     17468	80003ce0	080a72d3	fsub.s	f5,f20,f0	 f20:0x4efff7df  f0:0xc490a000  f5=0x4efff7e8
     174725.000 ns	     17471	80003ce4	21019753	fsgnjn.s	f14,f3,f16	  f3:0x4f7fffff f16:0x7fc00000 f14=0xcf7fffff
     174745.000 ns	     17473	80003ce8	413704b3	sub	x9,x14,x19	 x14:0x00000001 x19:0x7ffbf01b  x9=0x80040fe6
     174755.000 ns	     17474	80003cec	7d550c13	addi	x24,x10,2005	 x10:0x7ffbefbc x24=0x7ffbf791
     174765.000 ns	     17475	80003cf0	00000013	addi	x0,x0,0	  x0:0x00000000
     174775.000 ns	     17476	80003cf4	935554b7	lui	x9,0x93555	  x9=0x93555000
     174785.000 ns	     17477	80003cf8	2d688e93	addi	x29,x17,726	 x17:0x80040fe4 x29=0x800412ba
     174805.000 ns	     17479	80003cfc	217f8a53	fsgnj.s	f20,f31,f23	 f31:0x7fc00000 f23:0x7fc00000 f20=0x7fc00000
     174825.000 ns	     17481	80003d00	87844c13	xori	x24,x8,-1928	  x8:0x49a20000 x24=0xb65df878
     174835.000 ns	     17482	80003d04	00b3e7b3	or	x15,x7,x11	  x7:0x80041024 x11:0x00000000 x15=0x80041024
     174845.000 ns	     17483	80003d08	01a53f33	sltu	x30,x10,x26	 x10:0x7ffbefbc x26:0x00000095 x30=0x00000000
     174855.000 ns	     17484	80003d0c	4014df33	sra	x30,x9,x1	  x9:0x93555000  x1:0x00000000 x30=0x93555000
     174895.000 ns	     17488	80003d10	08bb4fd3	fsub.s	f31,f22,f11	 f22:0x7fc00000 f11:0x3f800000 f31=0x7fc00000
     174915.000 ns	     17490	80003d14	00604ab3	xor	x21,x0,x6	  x0:0x00000000  x6:0x00000309 x21=0x00000309
     174925.000 ns	     17491	80003d18	de272493	slti	x9,x14,-542	 x14:0x00000001  x9=0x00000000
     174955.000 ns	     17494	80003d1c	1907fad3	fdiv.s	f21,f15,f16	 f15:0x00000000 f16:0x7fc00000 f21=0x7fc00000
     174975.000 ns	     17496	80003d20	aaf1ea93	ori	x21,x3,-1361	  x3:0xb6032000 x21=0xfffffaaf
     174985.000 ns	     17497	80003d24	00488f33	add	x30,x17,x4	 x17:0x80040fe4  x4:0x000000b6 x30=0x8004109a
     174995.000 ns	     17498	80003d28	cf77c637	lui	x12,0xcf77c	 x12=0xcf77c000
     175015.000 ns	     17500	80003d2c	d01ff0d3	fcvt.s.wu	f1,x31	 x31:0x00000009  f1=0x41100000
     175035.000 ns	     17502	80003d30	0052dd93	srli	x27,x5,0x5	  x5:0x00000000 x27=0x00000000
     175055.000 ns	     17504	80003d34	02673a33	mulhu	x20,x14,x6	 x14:0x00000001  x6:0x00000309 x20=0x00000000
     175075.000 ns	     17506	80003d38	00f5aeb3	slt	x29,x11,x15	 x11:0x00000000 x15:0x80041024 x29=0x00000000
     175115.000 ns	     17510	80003d3c	014f1bd3	fadd.s	f23,f30,f20	 f30:0x3f800000 f20:0x7fc00000 f23=0x7fc00000
     175135.000 ns	     17512	80003d40	0080d193	srli	x3,x1,0x8	  x1:0x00000000  x3=0x00000000
     175155.000 ns	     17514	80003d44	02f09533	mulh	x10,x1,x15	  x1:0x00000000 x15:0x80041024 x10=0x00000000
     175175.000 ns	     17516	80003d48	d60a3c37	lui	x24,0xd60a3	 x24=0xd60a3000
     175215.000 ns	     17520	80003d4c	0185ccd3	fadd.s	f25,f11,f24	 f11:0x3f800000 f24:0x7fc00000 f25=0x7fc00000
     175245.000 ns	     17523	80003d50	022ef933	remu	x18,x29,x2	 x29:0x00000000  x2:0x00000000 x18=0x00000000
     175275.000 ns	     17526	80003d54	c01887d3	fcvt.wu.s	x15,f17	 f17:0x47350461 x15=0x0000b504
     175305.000 ns	     17529	80003d58	216508d3	fsgnj.s	f17,f10,f22	 f10:0x7fc00000 f22:0x7fc00000 f17=0x7fc00000
     175675.000 ns	     17566	80003d5c	02dfc333	div	x6,x31,x13	 x31:0x00000009 x13:0x00000485  x6=0x00000000
     175705.000 ns	     17569	80003d60	02089f33	mulh	x30,x17,x0	 x17:0x80040fe4  x0:0x00000000 x30=0x00000000
     175735.000 ns	     17572	80003d64	e00b9753	fclass.s	x14,f23	 f23:0x7fc00000 x14=0x00000200
     175755.000 ns	     17574	80003d68	8170aa97	auipc	x21,0x8170a	 x21=0x0170dd68
     175775.000 ns	     17576	80003d6c	a0540853	fle.s	x16,f8,f5	  f8:0xcefff7e0  f5:0x4efff7e8 x16=0x00000001
     175795.000 ns	     17578	80003d70	1d9abe13	sltiu	x28,x21,473	 x21:0xfffffaaf x28=0x00000000
     175805.000 ns	     17579	80003d74	00d45e93	srli	x29,x8,0xd	  x8:0x49a20000 x29=0x00024d10
     175815.000 ns	     17580	80003d78	016c9093	slli	x1,x25,0x16	 x25:0x00000000  x1=0x00000000
     175825.000 ns	     17581	80003d7c	51908e93	addi	x29,x1,1305	  x1:0x00000000 x29=0x00000519
     175845.000 ns	     17583	80003d80	c00c1353	fcvt.w.s	x6,f24	 f24:0x7fc00000  x6=0x7fffffff
     175865.000 ns	     17585	80003d84	334b0a13	addi	x20,x22,820	 x22:0xffffffff x20=0x00000333
     175875.000 ns	     17586	80003d88	ed487313	andi	x6,x16,-300	 x16:0x00000001  x6=0x00000000
     175885.000 ns	     17587	80003d8c	8786c813	xori	x16,x13,-1928	 x13:0x00000485 x16=0xfffffcfd
     175905.000 ns	     17589	80003d90	a1ab2f53	feq.s	x30,f22,f26	 f22:0x7fc00000 f26:0x7fc00000 x30=0x00000000
     175935.000 ns	     17592	80003d94	a1929c53	flt.s	x24,f5,f25	  f5:0x4efff7e8 f25:0x7fc00000 x24=0x00000000
     175965.000 ns	     17595	80003d98	e00d97d3	fclass.s	x15,f27	 f27:0x4f7fffff x15=0x00000040
     175985.000 ns	     17597	80003d9c	00ee29b3	slt	x19,x28,x14	 x28:0x00000000 x14:0x00000200 x19=0x00000001
     176005.000 ns	     17599	80003da0	d01a3b53	fcvt.s.wu	f22,x20	 x20:0x00000333 f22=0x444cc000
     176025.000 ns	     17601	80003da4	4055d5b3	sra	x11,x11,x5	 x11:0x00000000  x5:0x00000000 x11=0x00000000
     176035.000 ns	     17602	80003da8	4df40d93	addi	x27,x8,1247	  x8:0x49a20000 x27=0x49a204df
     176045.000 ns	     17603	80003dac	018e4a33	xor	x20,x28,x24	 x28:0x00000000 x24:0x00000000 x20=0x00000000
     176055.000 ns	     17604	80003db0	015436b3	sltu	x13,x8,x21	  x8:0x49a20000 x21:0x0170dd68 x13=0x00000000
     176415.000 ns	     17640	80003db4	02494833	div	x16,x18,x4	 x18:0x00000000  x4:0x000000b6 x16=0x00000000
     176445.000 ns	     17643	80003db8	298c88d3	fmin.s	f17,f25,f24	 f25:0x7fc00000 f24:0x7fc00000 f17=0x7fc00000
     176475.000 ns	     17646	80003dbc	027a36b3	mulhu	x13,x20,x7	 x20:0x00000000  x7:0x80041024 x13=0x00000000
     176505.000 ns	     17649	80003dc0	a1558f53	fle.s	x30,f11,f21	 f11:0x3f800000 f21:0x7fc00000 x30=0x00000000
     176525.000 ns	     17651	80003dc4	404b0c33	sub	x24,x22,x4	 x22:0xffffffff  x4:0x000000b6 x24=0xffffff49
     176565.000 ns	     17655	80003dc8	08c52d53	fsub.s	f26,f10,f12	 f10:0x7fc00000 f12:0x7fc00000 f26=0x7fc00000
     176595.000 ns	     17658	80003dcc	02693633	mulhu	x12,x18,x6	 x18:0x00000000  x6:0x00000000 x12=0x00000000
     176965.000 ns	     17695	80003dd0	027ce333	rem	x6,x25,x7	 x25:0x00000000  x7:0x80041024  x6=0x00000000
     177005.000 ns	     17699	80003dd4	185e3353	fdiv.s	f6,f28,f5	 f28:0x7fc00000  f5:0x4efff7e8  f6=0x7fc00000
     177035.000 ns	     17702	80003dd8	02174133	div	x2,x14,x1	 x14:0x00000200  x1:0x00000000  x2=0xffffffff
     177055.000 ns	     17704	80003ddc	01c7c633	xor	x12,x15,x28	 x15:0x00000040 x28:0x00000000 x12=0x00000040
     177075.000 ns	     17706	80003de0	d01b79d3	fcvt.s.wu	f19,x22	 x22:0xffffffff f19=0x4f7fffff
     177115.000 ns	     17710	80003de4	195df9d3	fdiv.s	f19,f27,f21	 f27:0x4f7fffff f21:0x7fc00000 f19=0x7fc00000
     177145.000 ns	     17713	80003de8	21852cd3	fsgnjx.s	f25,f10,f24	 f10:0x7fc00000 f24:0x7fc00000 f25=0x7fc00000
     177175.000 ns	     17716	80003dec	21802dd3	fsgnjx.s	f27,f0,f24	  f0:0xc490a000 f24:0x7fc00000 f27=0xc490a000
     177205.000 ns	     17719	80003df0	a1611c53	flt.s	x24,f2,f22	  f2:0x7fc00000 f22:0x444cc000 x24=0x00000000
     177235.000 ns	     17722	80003df4	c001fc53	fcvt.w.s	x24,f3	  f3:0x4f7fffff x24=0x7fffffff
     177255.000 ns	     17724	80003df8	5ca68993	addi	x19,x13,1482	 x13:0x00000000 x19=0x000005ca
     177275.000 ns	     17726	80003dfc	d00b7a53	fcvt.s.w	f20,x22	 x22:0xffffffff f20=0xbf800000
     177305.000 ns	     17729	80003e00	c010f4d3	fcvt.wu.s	x9,f1	  f1:0x41100000  x9=0x00000009
     177335.000 ns	     17732	80003e04	03b12533	mulhsu	x10,x2,x27	  x2:0xffffffff x27:0x49a204df x10=0xffffffff
     177365.000 ns	     17735	80003e08	210383d3	fsgnj.s	f7,f7,f16	  f7:0x3f800000 f16:0x7fc00000  f7=0x3f800000
     177385.000 ns	     17737	80003e0c	86e02b13	slti	x22,x0,-1938	  x0:0x00000000 x22=0x00000000
     177425.000 ns	     17741	80003e10	087c12d3	fsub.s	f5,f24,f7	 f24:0x7fc00000  f7:0x3f800000  f5=0x7fc00000
     177455.000 ns	     17744	80003e14	21039e53	fsgnjn.s	f28,f7,f16	  f7:0x3f800000 f16:0x7fc00000 f28=0xbf800000
     177485.000 ns	     17747	80003e18	f00f89d3	fmv.w.x	f19,x31	 x31:0x00000009 f19=0x00000009
     177515.000 ns	     17750	80003e1c	02158733	mul	x14,x11,x1	 x11:0x00000000  x1:0x00000000 x14=0x00000000
     177535.000 ns	     17752	80003e20	98cb7917	auipc	x18,0x98cb7	 x18=0x18cbae20
     177555.000 ns	     17754	80003e24	02e65133	divu	x2,x12,x14	 x12:0x00000040 x14:0x00000000  x2=0xffffffff
     177595.000 ns	     17758	80003e28	19eafbd3	fdiv.s	f23,f21,f30	 f21:0x7fc00000 f30:0x3f800000 f23=0x7fc00000
     177615.000 ns	     17760	80003e2c	863c8d37	lui	x26,0x863c8	 x26=0x863c8000
     177625.000 ns	     17761	80003e30	003fdd33	srl	x26,x31,x3	 x31:0x00000009  x3:0x00000000 x26=0x00000009
     177635.000 ns	     17762	80003e34	a5917a93	andi	x21,x2,-1447	  x2:0xffffffff x21=0xfffffa59
     177645.000 ns	     17763	80003e38	8ac2c7b7	lui	x15,0x8ac2c	 x15=0x8ac2c000
     177665.000 ns	     17765	80003e3c	2164a1d3	fsgnjx.s	f3,f9,f22	  f9:0x7fc00000 f22:0x444cc000  f3=0x7fc00000
     177685.000 ns	     17767	80003e40	004fb6b3	sltu	x13,x31,x4	 x31:0x00000009  x4:0x000000b6 x13=0x00000001
     177695.000 ns	     17768	80003e44	017bbab3	sltu	x21,x23,x23	 x23:0x80041024 x23:0x80041024 x21=0x00000000
     177705.000 ns	     17769	80003e48	b0f03513	sltiu	x10,x0,-1265	  x0:0x00000000 x10=0x00000001
     177745.000 ns	     17773	80003e4c	00e2b9d3	fadd.s	f19,f5,f14	  f5:0x7fc00000 f14:0xcf7fffff f19=0x7fc00000
     177765.000 ns	     17775	80003e50	015284b3	add	x9,x5,x21	  x5:0x00000000 x21:0x00000000  x9=0x00000000
     177795.000 ns	     17778	80003e54	19ebf053	fdiv.s	f0,f23,f30	 f23:0x7fc00000 f30:0x3f800000  f0=0x7fc00000
     177845.000 ns	     17783	80003e58	08e90253	fsub.s	f4,f18,f14	 f18:0x3f800000 f14:0xcf7fffff  f4=0x4f7fffff
     177875.000 ns	     17786	80003e5c	c019a4d3	fcvt.wu.s	x9,f19	 f19:0x7fc00000  x9=0xffffffff
     177895.000 ns	     17788	80003e60	41265e93	srai	x29,x12,0x12	 x12:0x00000040 x29=0x00000000
     177915.000 ns	     17790	80003e64	29c08d53	fmin.s	f26,f1,f28	  f1:0x41100000 f28:0xbf800000 f26=0xbf800000
     178285.000 ns	     17827	80003e68	02ffcb33	div	x22,x31,x15	 x31:0x00000009 x15:0x8ac2c000 x22=0x00000000
     178315.000 ns	     17830	80003e6c	d006bfd3	fcvt.s.w	f31,x13	 x13:0x00000001 f31=0x3f800000
     178335.000 ns	     17832	80003e70	014e8833	add	x16,x29,x20	 x29:0x00000000 x20:0x00000000 x16=0x00000000
     178345.000 ns	     17833	80003e74	9369ec97	auipc	x25,0x9369e	 x25=0x136a1e74
     178365.000 ns	     17835	80003e78	02268933	mul	x18,x13,x2	 x13:0x00000001  x2:0xffffffff x18=0xffffffff
     178735.000 ns	     17872	80003e7c	022c4b33	div	x22,x24,x2	 x24:0x7fffffff  x2:0xffffffff x22=0x80000001
     178755.000 ns	     17874	80003e80	9da88693	addi	x13,x17,-1574	 x17:0x80040fe4 x13=0x800409be
     178775.000 ns	     17876	80003e84	a04f9cd3	flt.s	x25,f31,f4	 f31:0x3f800000  f4:0x4f7fffff x25=0x00000001
     178795.000 ns	     17878	80003e88	754a7313	andi	x6,x20,1876	 x20:0x00000000  x6=0x00000000
     178815.000 ns	     17880	80003e8c	213f16d3	fsgnjn.s	f13,f30,f19	 f30:0x3f800000 f19:0x7fc00000 f13=0xbf800000
     178845.000 ns	     17883	80003e90	e00c8a53	fmv.x.w	x20,f25	 f25:0x7fc00000 x20=0x7fc00000
     178875.000 ns	     17886	80003e94	2126acd3	fsgnjx.s	f25,f13,f18	 f13:0xbf800000 f18:0x3f800000 f25=0xbf800000
     178895.000 ns	     17888	80003e98	f3b6ee37	lui	x28,0xf3b6e	 x28=0xf3b6e000
     178905.000 ns	     17889	80003e9c	9102a913	slti	x18,x5,-1776	  x5:0x00000000 x18=0x00000000
     178915.000 ns	     17890	80003ea0	609a0213	addi	x4,x20,1545	 x20:0x7fc00000  x4=0x7fc00609
     178935.000 ns	     17892	80003ea4	e0081553	fclass.s	x10,f16	 f16:0x7fc00000 x10=0x00000200
     178955.000 ns	     17894	80003ea8	004c9913	slli	x18,x25,0x4	 x25:0x00000001 x18=0x00000010
     178985.000 ns	     17897	80003eac	105f7553	fmul.s	f10,f30,f5	 f30:0x3f800000  f5:0x7fc00000 f10=0x7fc00000
     179015.000 ns	     17900	80003eb0	d01d7cd3	fcvt.s.wu	f25,x26	 x26:0x00000009 f25=0x41100000
     179045.000 ns	     17903	80003eb4	d00074d3	fcvt.s.w	f9,x0	  x0:0x00000000  f9=0x00000000
     179065.000 ns	     17905	80003eb8	290d3c13	sltiu	x24,x26,656	 x26:0x00000009 x24=0x00000001
     179085.000 ns	     17907	80003ebc	207522d3	fsgnjx.s	f5,f10,f7	 f10:0x7fc00000  f7:0x3f800000  f5=0x7fc00000
     179105.000 ns	     17909	80003ec0	a6104397	auipc	x7,0xa6104	  x7=0x26107ec0
     179115.000 ns	     17910	80003ec4	417c5913	srai	x18,x24,0x17	 x24:0x00000001 x18=0x00000000
     179145.000 ns	     17913	80003ec8	11e38a53	fmul.s	f20,f7,f30	  f7:0x3f800000 f30:0x3f800000 f20=0x3f800000
     179515.000 ns	     17950	80003ecc	038ad633	divu	x12,x21,x24	 x21:0x00000000 x24:0x00000001 x12=0x00000000
     179545.000 ns	     17953	80003ed0	033a0c33	mul	x24,x20,x19	 x20:0x7fc00000 x19:0x000005ca x24=0x8d800000
     179575.000 ns	     17956	80003ed4	c0097453	fcvt.w.s	x8,f18	 f18:0x3f800000  x8=0x00000001
     179595.000 ns	     17958	80003ed8	55bc0017	auipc	x0,0x55bc0	
     179615.000 ns	     17960	80003edc	a0770253	fle.s	x4,f14,f7	 f14:0xcf7fffff  f7:0x3f800000  x4=0x00000001
     179645.000 ns	     17963	80003ee0	a13180d3	fle.s	x1,f3,f19	  f3:0x7fc00000 f19:0x7fc00000  x1=0x00000000
     179675.000 ns	     17966	80003ee4	a0400253	fle.s	x4,f0,f4	  f0:0x7fc00000  f4:0x4f7fffff  x4=0x00000000
     179695.000 ns	     17968	80003ee8	049bf213	andi	x4,x23,73	 x23:0x80041024  x4=0x00000000
     179715.000 ns	     17970	80003eec	283692d3	fmax.s	f5,f13,f3	 f13:0xbf800000  f3:0x7fc00000  f5=0xbf800000
     179745.000 ns	     17973	80003ef0	a10b02d3	fle.s	x5,f22,f16	 f22:0x444cc000 f16:0x7fc00000  x5=0x00000000
     179765.000 ns	     17975	80003ef4	01ff72b3	and	x5,x30,x31	 x30:0x00000000 x31:0x00000009  x5=0x00000000
     179785.000 ns	     17977	80003ef8	02bbc633	div	x12,x23,x11	 x23:0x80041024 x11:0x00000000 x12=0xffffffff
     179815.000 ns	     17980	80003efc	02439e33	mulh	x28,x7,x4	  x7:0x26107ec0  x4:0x00000000 x28=0x00000000
     179845.000 ns	     17983	80003f00	e00b1cd3	fclass.s	x25,f22	 f22:0x444cc000 x25=0x00000040
     179875.000 ns	     17986	80003f04	0234e633	rem	x12,x9,x3	  x9:0xffffffff  x3:0x00000000 x12=0xffffffff
     179905.000 ns	     17989	80003f08	e00a9f53	fclass.s	x30,f21	 f21:0x7fc00000 x30=0x00000200
     179945.000 ns	     17993	80003f0c	580d76d3	fsqrt.s	f13,f26	 f26:0xbf800000 f13=0x7fc00000
     179965.000 ns	     17995	80003f10	01b605b3	add	x11,x12,x27	 x12:0xffffffff x27:0x49a204df x11=0x49a204de
     179985.000 ns	     17997	80003f14	a04f95d3	flt.s	x11,f31,f4	 f31:0x3f800000  f4:0x4f7fffff x11=0x00000001
     180025.000 ns	     18001	80003f18	19284ad3	fdiv.s	f21,f16,f18	 f16:0x7fc00000 f18:0x3f800000 f21=0x7fc00000
     180055.000 ns	     18004	80003f1c	280283d3	fmin.s	f7,f5,f0	  f5:0xbf800000  f0:0x7fc00000  f7=0xbf800000
     180085.000 ns	     18007	80003f20	0209c6b3	div	x13,x19,x0	 x19:0x000005ca  x0:0x00000000 x13=0xffffffff
     180105.000 ns	     18009	80003f24	bab68013	addi	x0,x13,-1109	 x13:0x800409be
     180115.000 ns	     18010	80003f28	01f696b3	sll	x13,x13,x31	 x13:0xffffffff x31:0x00000009 x13=0xfffffe00
     180145.000 ns	     18013	80003f2c	100131d3	fmul.s	f3,f2,f0	  f2:0x7fc00000  f0:0x7fc00000  f3=0x7fc00000
     180175.000 ns	     18016	80003f30	28979c53	fmax.s	f24,f15,f9	 f15:0x00000000  f9:0x00000000 f24=0x00000000
     180205.000 ns	     18019	80003f34	e00d1553	fclass.s	x10,f26	 f26:0xbf800000 x10=0x00000002
     180235.000 ns	     18022	80003f38	02418933	mul	x18,x3,x4	  x3:0x00000000  x4:0x00000000 x18=0x00000000
     180265.000 ns	     18025	80003f3c	d0129a53	fcvt.s.wu	f20,x5	  x5:0x00000000 f20=0x00000000
     180295.000 ns	     18028	80003f40	a1738ed3	fle.s	x29,f7,f23	  f7:0xbf800000 f23:0x7fc00000 x29=0x00000000
     180325.000 ns	     18031	80003f44	2042ac53	fsgnjx.s	f24,f5,f4	  f5:0xbf800000  f4:0x4f7fffff f24=0xbf800000
     180345.000 ns	     18033	80003f48	844dc813	xori	x16,x27,-1980	 x27:0x49a204df x16=0xb65dfc9b
     180365.000 ns	     18035	80003f4c	2027a8d3	fsgnjx.s	f17,f15,f2	 f15:0x00000000  f2:0x7fc00000 f17=0x00000000
     180395.000 ns	     18038	80003f50	03121f33	mulh	x30,x4,x17	  x4:0x00000000 x17:0x80040fe4 x30=0x00000000
     180765.000 ns	     18075	80003f54	034e75b3	remu	x11,x28,x20	 x28:0x00000000 x20:0x7fc00000 x11=0x00000000
     180795.000 ns	     18078	80003f58	f0038e53	fmv.w.x	f28,x7	  x7:0x26107ec0 f28=0x26107ec0
     180825.000 ns	     18081	80003f5c	e00d9d53	fclass.s	x26,f27	 f27:0xc490a000 x26=0x00000002
     180845.000 ns	     18083	80003f60	017f3133	sltu	x2,x30,x23	 x30:0x00000000 x23:0x80041024  x2=0x00000001
     180855.000 ns	     18084	80003f64	010fa3b3	slt	x7,x31,x16	 x31:0x00000009 x16:0xb65dfc9b  x7=0x00000000
     180865.000 ns	     18085	80003f68	b7960993	addi	x19,x12,-1159	 x12:0xffffffff x19=0xfffffb78
     180885.000 ns	     18087	80003f6c	030890b3	mulh	x1,x17,x16	 x17:0x80040fe4 x16:0xb65dfc9b  x1=0x24cfd698
     181255.000 ns	     18124	80003f70	033f59b3	divu	x19,x30,x19	 x30:0x00000000 x19:0x000005ca x19=0x00000000
     181275.000 ns	     18126	80003f74	40508633	sub	x12,x1,x5	  x1:0x24cfd698  x5:0x00000000 x12=0x24cfd698
     181295.000 ns	     18128	80003f78	03c46b33	rem	x22,x8,x28	  x8:0x00000001 x28:0x00000000 x22=0x00000001
     181335.000 ns	     18132	80003f7c	18a92a53	fdiv.s	f20,f18,f10	 f18:0x3f800000 f10:0x7fc00000 f20=0x7fc00000
     181365.000 ns	     18135	80003f80	28880b53	fmin.s	f22,f16,f8	 f16:0x7fc00000  f8:0xcefff7e0 f22=0xcefff7e0
     181385.000 ns	     18137	80003f84	efa98813	addi	x16,x19,-262	 x19:0x00000000 x16=0xfffffefa
     181745.000 ns	     18173	80003f88	03b94d33	div	x26,x18,x27	 x18:0x00000000 x27:0x49a204df x26=0x00000000
     181765.000 ns	     18175	80003f8c	416cd193	srai	x3,x25,0x16	 x25:0x00000040  x3=0x00000000
     181775.000 ns	     18176	80003f90	0105f033	and	x0,x11,x16	 x11:0x00000000 x16:0xfffffefa
     181785.000 ns	     18177	80003f94	70118d13	addi	x26,x3,1793	  x3:0x00000000 x26=0x00000701
     181795.000 ns	     18178	80003f98	d70e6713	ori	x14,x28,-656	 x28:0x00000000 x14=0xfffffd70
     181815.000 ns	     18180	80003f9c	03540433	mul	x8,x8,x21	  x8:0x00000001 x21:0x00000000  x8=0x00000000
     181865.000 ns	     18185	80003fa0	09068853	fsub.s	f16,f13,f16	 f13:0x7fc00000 f16:0x7fc00000 f16=0x7fc00000
     181895.000 ns	     18188	80003fa4	03079cb3	mulh	x25,x15,x16	 x15:0x8ac2c000 x16:0xfffffefa x25=0x00000077
     181945.000 ns	     18193	80003fa8	015a7ed3	fadd.s	f29,f20,f21	 f20:0x7fc00000 f21:0x7fc00000 f29=0x7fc00000
     181965.000 ns	     18195	80003fac	003d05b3	add	x11,x26,x3	 x26:0x00000701  x3:0x00000000 x11=0x00000701
     183135.000 ns	     18312	80003fb0	580c8453	fsqrt.s	f8,f25	 f25:0x41100000  f8=0x3fcba4f0
     183155.000 ns	     18314	80003fb4	006242b3	xor	x5,x4,x6	  x4:0x00000000  x6:0x00000000  x5=0x00000000
     183175.000 ns	     18316	80003fb8	d013c353	fcvt.s.wu	f6,x7	  x7:0x00000000  f6=0x00000000
     183215.000 ns	     18320	80003fbc	19f34f53	fdiv.s	f30,f6,f31	  f6:0x7fc00000 f31:0x3f800000 f30=0x00000000
     183245.000 ns	     18323	80003fc0	03ab02b3	mul	x5,x22,x26	 x22:0x00000001 x26:0x00000701  x5=0x00000701
     183615.000 ns	     18360	80003fc4	02e5feb3	remu	x29,x11,x14	 x11:0x00000701 x14:0xfffffd70 x29=0x00000701
     183645.000 ns	     18363	80003fc8	a19f07d3	fle.s	x15,f30,f25	 f30:0x00000000 f25:0x41100000 x15=0x00000001
     183665.000 ns	     18365	80003fcc	e82b6593	ori	x11,x22,-382	 x22:0x00000001 x11=0xfffffe83
     183675.000 ns	     18366	80003fd0	00000013	addi	x0,x0,0	  x0:0x00000000
     183685.000 ns	     18367	80003fd4	01c53db3	sltu	x27,x10,x28	 x10:0x00000002 x28:0x00000000 x27=0x00000000
     183695.000 ns	     18368	80003fd8	3acc7913	andi	x18,x24,940	 x24:0x8d800000 x18=0x00000000
     183725.000 ns	     18371	80003fdc	19022353	fdiv.s	f6,f4,f16	  f4:0x4f7fffff f16:0x7fc00000  f6=0x7fc00000
     183745.000 ns	     18373	80003fe0	40915413	srai	x8,x2,0x9	  x2:0x00000001  x8=0x00000000
     183775.000 ns	     18376	80003fe4	5806add3	fsqrt.s	f27,f13	 f13:0x7fc00000 f27=0x7fc00000
     183805.000 ns	     18379	80003fe8	029d1db3	mulh	x27,x26,x9	 x26:0x00000701  x9:0xffffffff x27=0xffffffff
     183825.000 ns	     18381	80003fec	01d6d713	srli	x14,x13,0x1d	 x13:0xfffffe00 x14=0x00000007
     183855.000 ns	     18384	80003ff0	1169cbd3	fmul.s	f23,f19,f22	 f19:0x7fc00000 f22:0xcefff7e0 f23=0x7fc00000
     184225.000 ns	     18421	80003ff4	02bc7533	remu	x10,x24,x11	 x24:0x8d800000 x11:0xfffffe83 x10=0x8d800000
     184255.000 ns	     18424	80003ff8	03480333	mul	x6,x16,x20	 x16:0xfffffefa x20:0x7fc00000  x6=0x41800000
     184275.000 ns	     18426	80003ffc	01ff1193	slli	x3,x30,0x1f	 x30:0x00000000  x3=0x00000000
     184315.000 ns	     18430	80004000	01b67453	fadd.s	f8,f12,f27	 f12:0x7fc00000 f27:0x7fc00000  f8=0x7fc00000
     184345.000 ns	     18433	80004004	284003d3	fmin.s	f7,f0,f4	  f0:0x7fc00000  f4:0x4f7fffff  f7=0x4f7fffff
     184365.000 ns	     18435	80004008	41120d33	sub	x26,x4,x17	  x4:0x00000000 x17:0x80040fe4 x26=0x7ffbf01c
     184385.000 ns	     18437	8000400c	027c8b33	mul	x22,x25,x7	 x25:0x00000077  x7:0x00000000 x22=0x00000000
     184435.000 ns	     18442	80004010	088cb853	fsub.s	f16,f25,f8	 f25:0x41100000  f8:0x7fc00000 f16=0x7fc00000
     184455.000 ns	     18444	80004014	8e3b0613	addi	x12,x22,-1821	 x22:0x00000000 x12=0xfffff8e3
     184475.000 ns	     18446	80004018	2095abd3	fsgnjx.s	f23,f11,f9	 f11:0x3f800000  f9:0x00000000 f23=0x3f800000
     184505.000 ns	     18449	8000401c	02307233	remu	x4,x0,x3	  x0:0x00000000  x3:0x00000000  x4=0x00000000
     184535.000 ns	     18452	80004020	f00e0fd3	fmv.w.x	f31,x28	 x28:0x00000000 f31=0x00000000
     184565.000 ns	     18455	80004024	a14795d3	flt.s	x11,f15,f20	 f15:0x00000000 f20:0x7fc00000 x11=0x00000000
     184585.000 ns	     18457	80004028	bec57c93	andi	x25,x10,-1044	 x10:0x8d800000 x25=0x8d800000
     184595.000 ns	     18458	8000402c	011b23b3	slt	x7,x22,x17	 x22:0x00000000 x17:0x80040fe4  x7=0x00000000
     184615.000 ns	     18460	80004030	d0123a53	fcvt.s.wu	f20,x4	  x4:0x00000000 f20=0x00000000
     184635.000 ns	     18462	80004034	01dc5c33	srl	x24,x24,x29	 x24:0x8d800000 x29:0x00000701 x24=0x46c00000
     184645.000 ns	     18463	80004038	8be09617	auipc	x12,0x8be09	 x12=0x0be0d038
     184655.000 ns	     18464	8000403c	00000013	addi	x0,x0,0	  x0:0x00000000
     185015.000 ns	     18500	80004040	022ce9b3	rem	x19,x25,x2	 x25:0x8d800000  x2:0x00000001 x19=0x00000000
     185035.000 ns	     18502	80004044	349dc613	xori	x12,x27,841	 x27:0xffffffff x12=0xfffffcb6
     185055.000 ns	     18504	80004048	c00523d3	fcvt.w.s	x7,f10	 f10:0x7fc00000  x7=0x7fffffff
     185085.000 ns	     18507	8000404c	e0099dd3	fclass.s	x27,f19	 f19:0x7fc00000 x27=0x00000200
     185115.000 ns	     18510	80004050	21afab53	fsgnjx.s	f22,f31,f26	 f31:0x00000000 f26:0xbf800000 f22=0x80000000
     185135.000 ns	     18512	80004054	51a5b0b7	lui	x1,0x51a5b	  x1=0x51a5b000
     185145.000 ns	     18513	80004058	33558493	addi	x9,x11,821	 x11:0x00000000  x9=0x00000335
     185155.000 ns	     18514	8000405c	c90e80b7	lui	x1,0xc90e8	  x1=0xc90e8000
     185175.000 ns	     18516	80004060	20870dd3	fsgnj.s	f27,f14,f8	 f14:0xcf7fffff  f8:0x7fc00000 f27=0x4f7fffff
     185195.000 ns	     18518	80004064	408851b3	sra	x3,x16,x8	 x16:0xfffffefa  x8:0x00000000  x3=0xfffffefa
     185215.000 ns	     18520	80004068	d0157653	fcvt.s.wu	f12,x10	 x10:0x8d800000 f12=0x4f0d8000
     185585.000 ns	     18557	8000406c	02737333	remu	x6,x6,x7	  x6:0x41800000  x7:0x7fffffff  x6=0x41800000
     185615.000 ns	     18560	80004070	d00b0453	fcvt.s.w	f8,x22	 x22:0x00000000  f8=0x00000000
     185985.000 ns	     18597	80004074	03d75eb3	divu	x29,x14,x29	 x14:0x00000007 x29:0x00000701 x29=0x00000000
     186005.000 ns	     18599	80004078	0180ea33	or	x20,x1,x24	  x1:0xc90e8000 x24:0x46c00000 x20=0xcfce8000
     186025.000 ns	     18601	8000407c	292f1953	fmax.s	f18,f30,f18	 f30:0x00000000 f18:0x3f800000 f18=0x3f800000
     186055.000 ns	     18604	80004080	29b59753	fmax.s	f14,f11,f27	 f11:0x3f800000 f27:0x4f7fffff f14=0x4f7fffff
     186085.000 ns	     18607	80004084	203ea2d3	fsgnjx.s	f5,f29,f3	 f29:0x7fc00000  f3:0x7fc00000  f5=0x7fc00000
     186135.000 ns	     18612	80004088	083bf9d3	fsub.s	f19,f23,f3	 f23:0x3f800000  f3:0x7fc00000 f19=0x7fc00000
     186165.000 ns	     18615	8000408c	28601453	fmax.s	f8,f0,f6	  f0:0x7fc00000  f6:0x7fc00000  f8=0x7fc00000
     186185.000 ns	     18617	80004090	0548f593	andi	x11,x17,84	 x17:0x80040fe4 x11=0x00000044
     186195.000 ns	     18618	80004094	00e4b733	sltu	x14,x9,x14	  x9:0x00000335 x14:0x00000007 x14=0x00000000
     186205.000 ns	     18619	80004098	9b98e593	ori	x11,x17,-1607	 x17:0x80040fe4 x11=0xfffffffd
     186225.000 ns	     18621	8000409c	20620ad3	fsgnj.s	f21,f4,f6	  f4:0x4f7fffff  f6:0x7fc00000 f21=0x4f7fffff
     186255.000 ns	     18624	800040a0	f00f8a53	fmv.w.x	f20,x31	 x31:0x00000009 f20=0x00000009
     186295.000 ns	     18628	800040a4	11ee4b53	fmul.s	f22,f28,f30	 f28:0x26107ec0 f30:0x00000000 f22=0x00000000
     186325.000 ns	     18631	800040a8	a0cf1cd3	flt.s	x25,f30,f12	 f30:0x00000000 f12:0x4f0d8000 x25=0x00000001
     186345.000 ns	     18633	800040ac	00000013	addi	x0,x0,0	  x0:0x00000000
     186705.000 ns	     18669	800040b0	03bd75b3	remu	x11,x26,x27	 x26:0x7ffbf01c x27:0x00000200 x11=0x0000001c
     186755.000 ns	     18674	800040b4	000c90d3	fadd.s	f1,f25,f0	 f25:0x41100000  f0:0x7fc00000  f1=0x7fc00000
     186775.000 ns	     18676	800040b8	e74ee713	ori	x14,x29,-396	 x29:0x00000000 x14=0xfffffe74
     186785.000 ns	     18677	800040bc	a4040593	addi	x11,x8,-1472	  x8:0x00000000 x11=0xfffffa40
     186795.000 ns	     18678	800040c0	193cc413	xori	x8,x25,403	 x25:0x00000001  x8=0x00000192
     186815.000 ns	     18680	800040c4	03302733	mulhsu	x14,x0,x19	  x0:0x00000000 x19:0x00000000 x14=0x00000000
     186835.000 ns	     18682	800040c8	00ef6b33	or	x22,x30,x14	 x30:0x00000000 x14:0xfffffe74 x22=0x00000000
     186845.000 ns	     18683	800040cc	008bba33	sltu	x20,x23,x8	 x23:0x80041024  x8:0x00000192 x20=0x00000000
     186855.000 ns	     18684	800040d0	005e62b3	or	x5,x28,x5	 x28:0x00000000  x5:0x00000701  x5=0x00000701
     186875.000 ns	     18686	800040d4	d0103353	fcvt.s.wu	f6,x0	  x0:0x00000000  f6=0x00000000
     186895.000 ns	     18688	800040d8	01f5f433	and	x8,x11,x31	 x11:0xfffffa40 x31:0x00000009  x8=0x00000000
     186905.000 ns	     18689	800040dc	01e71693	slli	x13,x14,0x1e	 x14:0x00000000 x13=0x00000000
     187235.000 ns	     18722	800040e0	18ba7153	fdiv.s	f2,f20,f11	 f20:0x00000009 f11:0x3f800000  f2=0x00000000
     187255.000 ns	     18724	800040e4	016ab033	sltu	x0,x21,x22	 x21:0x00000000 x22:0x00000000
     187265.000 ns	     18725	800040e8	017573b3	and	x7,x10,x23	 x10:0x8d800000 x23:0x80041024  x7=0x80000000
     187275.000 ns	     18726	800040ec	003bc6b3	xor	x13,x23,x3	 x23:0x80041024  x3:0xfffffefa x13=0x7ffbeede
     187285.000 ns	     18727	800040f0	018ff0b3	and	x1,x31,x24	 x31:0x00000009 x24:0x46c00000  x1=0x00000000
     187305.000 ns	     18729	800040f4	02187833	remu	x16,x16,x1	 x16:0xfffffefa  x1:0xc90e8000 x16=0xfffffefa
     187325.000 ns	     18731	800040f8	41700a33	sub	x20,x0,x23	  x0:0x00000000 x23:0x80041024 x20=0x7ffbefdc
     187345.000 ns	     18733	800040fc	29d190d3	fmax.s	f1,f3,f29	  f3:0x7fc00000 f29:0x7fc00000  f1=0x7fc00000
     187365.000 ns	     18735	80004100	408a5c33	sra	x24,x20,x8	 x20:0x00000000  x8:0x00000000 x24=0x7ffbefdc
     187385.000 ns	     18737	80004104	20eb93d3	fsgnjn.s	f7,f23,f14	 f23:0x3f800000 f14:0x4f7fffff  f7=0xbf800000
     187405.000 ns	     18739	80004108	00e47ab3	and	x21,x8,x14	  x8:0x00000000 x14:0x00000000 x21=0x00000000
     187415.000 ns	     18740	8000410c	00360a93	addi	x21,x12,3	 x12:0xfffffcb6 x21=0xfffffcb9
     187425.000 ns	     18741	80004110	00f59393	slli	x7,x11,0xf	 x11:0xfffffa40  x7=0xfd200000
     187465.000 ns	     18745	80004114	084f48d3	fsub.s	f17,f30,f4	 f30:0x00000000  f4:0x4f7fffff f17=0xcf7fffff
     187505.000 ns	     18749	80004118	1005fed3	fmul.s	f29,f11,f0	 f11:0x3f800000  f0:0x7fc00000 f29=0x7fc00000
     187545.000 ns	     18753	8000411c	18361d53	fdiv.s	f26,f12,f3	 f12:0x4f0d8000  f3:0x7fc00000 f26=0x7fc00000
     187565.000 ns	     18755	80004120	ade390b7	lui	x1,0xade39	  x1=0xade39000
     187585.000 ns	     18757	80004124	21e50653	fsgnj.s	f12,f10,f30	 f10:0x7fc00000 f30:0x00000000 f12=0x7fc00000
     187615.000 ns	     18760	80004128	d00cfc53	fcvt.s.w	f24,x25	 x25:0x00000001 f24=0x3f800000
     187645.000 ns	     18763	8000412c	281e9ed3	fmax.s	f29,f29,f1	 f29:0x7fc00000  f1:0x7fc00000 f29=0x7fc00000
     187675.000 ns	     18766	80004130	d01e3cd3	fcvt.s.wu	f25,x28	 x28:0x00000000 f25=0x00000000
     187695.000 ns	     18768	80004134	00a987b3	add	x15,x19,x10	 x19:0x00000000 x10:0x8d800000 x15=0x8d800000
     187705.000 ns	     18769	80004138	2be63d13	sltiu	x26,x12,702	 x12:0xfffffcb6 x26=0x00000000
     187725.000 ns	     18771	8000413c	020192b3	mulh	x5,x3,x0	  x3:0xfffffefa  x0:0x00000000  x5=0x00000000
     187765.000 ns	     18775	80004140	1841ff53	fdiv.s	f30,f3,f4	  f3:0x7fc00000  f4:0x4f7fffff f30=0x7fc00000
     187795.000 ns	     18778	80004144	f00780d3	fmv.w.x	f1,x15	 x15:0x8d800000  f1=0x8d800000
     187815.000 ns	     18780	80004148	64a4ed93	ori	x27,x9,1610	  x9:0x00000335 x27=0x0000077f
     187825.000 ns	     18781	8000414c	c85ca297	auipc	x5,0xc85ca	  x5=0x485ce14c
     187835.000 ns	     18782	80004150	1a4d0b13	addi	x22,x26,420	 x26:0x00000000 x22=0x000001a4
     188195.000 ns	     18818	80004154	03fe49b3	div	x19,x28,x31	 x28:0x00000000 x31:0x00000009 x19=0x00000000
     188225.000 ns	     18821	80004158	e0010453	fmv.x.w	x8,f2	  f2:0x00000000  x8=0x00000000
     188245.000 ns	     18823	8000415c	aa7ffe93	andi	x29,x31,-1369	 x31:0x00000009 x29=0x00000001
     188265.000 ns	     18825	80004160	e00590d3	fclass.s	x1,f11	 f11:0x3f800000  x1=0x00000040
     188285.000 ns	     18827	80004164	016720b3	slt	x1,x14,x22	 x14:0x00000000 x22:0x000001a4  x1=0x00000001
     188305.000 ns	     18829	80004168	d00e7453	fcvt.s.w	f8,x28	 x28:0x00000000  f8=0x00000000
     188335.000 ns	     18832	8000416c	28290c53	fmin.s	f24,f18,f2	 f18:0x3f800000  f2:0x00000000 f24=0x00000000
     188355.000 ns	     18834	80004170	2e9a5717	auipc	x14,0x2e9a5	 x14=0xae9a9170
     188375.000 ns	     18836	80004174	02079533	mulh	x10,x15,x0	 x15:0x8d800000  x0:0x00000000 x10=0x00000000
     188395.000 ns	     18838	80004178	001bae33	slt	x28,x23,x1	 x23:0x80041024  x1:0x00000001 x28=0x00000001
     188405.000 ns	     18839	8000417c	4193d813	srai	x16,x7,0x19	  x7:0xfd200000 x16=0xfffffffe
     188415.000 ns	     18840	80004180	40e289b3	sub	x19,x5,x14	  x5:0x485ce14c x14:0xae9a9170 x19=0x99c24fdc
     188425.000 ns	     18841	80004184	c573c413	xori	x8,x7,-937	  x7:0xfd200000  x8=0x02dffc57
     188445.000 ns	     18843	80004188	0249d533	divu	x10,x19,x4	 x19:0x00000000  x4:0x00000000 x10=0xffffffff
     188485.000 ns	     18847	8000418c	112f7553	fmul.s	f10,f30,f18	 f30:0x7fc00000 f18:0x3f800000 f10=0x7fc00000
     188515.000 ns	     18850	80004190	029abeb3	mulhu	x29,x21,x9	 x21:0xfffffcb9  x9:0x00000335 x29=0x00000334
     188885.000 ns	     18887	80004194	025ff033	remu	x0,x31,x5	 x31:0x00000009  x5:0x485ce14c
     188905.000 ns	     18889	80004198	08e0c313	xori	x6,x1,142	  x1:0x00000001  x6=0x0000008f
     188945.000 ns	     18893	8000419c	01d08bd3	fadd.s	f23,f1,f29	  f1:0x8d800000 f29:0x7fc00000 f23=0x7fc00000
     188965.000 ns	     18895	800041a0	9196ca13	xori	x20,x13,-1767	 x13:0x7ffbeede x20=0x800417c7
     188985.000 ns	     18897	800041a4	a0872053	feq.s	x0,f14,f8	 f14:0x4f7fffff  f8:0x00000000
     189005.000 ns	     18899	800041a8	410adeb3	sra	x29,x21,x16	 x21:0xfffffcb9 x16:0xfffffffe x29=0xffffffff
     189025.000 ns	     18901	800041ac	a14b2e53	feq.s	x28,f22,f20	 f22:0x00000000 f20:0x00000009 x28=0x00000000
     189055.000 ns	     18904	800041b0	e00f9453	fclass.s	x8,f31	 f31:0x00000000  x8=0x00000010
     189085.000 ns	     18907	800041b4	21290253	fsgnj.s	f4,f18,f18	 f18:0x3f800000 f18:0x3f800000  f4=0x3f800000
     189115.000 ns	     18910	800041b8	21d8a453	fsgnjx.s	f8,f17,f29	 f17:0xcf7fffff f29:0x7fc00000  f8=0xcf7fffff
     189165.000 ns	     18915	800041bc	08041d53	fsub.s	f26,f8,f0	  f8:0x00000000  f0:0x7fc00000 f26=0x7fc00000
     189185.000 ns	     18917	800041c0	0140cf33	xor	x30,x1,x20	  x1:0x00000001 x20:0x800417c7 x30=0x800417c6
     189545.000 ns	     18953	800041c4	0287fc33	remu	x24,x15,x8	 x15:0x8d800000  x8:0x00000010 x24=0x00000000
     189595.000 ns	     18958	800041c8	08757fd3	fsub.s	f31,f10,f7	 f10:0x7fc00000  f7:0xbf800000 f31=0x7fc00000
     189615.000 ns	     18960	800041cc	54f23093	sltiu	x1,x4,1359	  x4:0x00000000  x1=0x00000001
     189625.000 ns	     18961	800041d0	00fa6533	or	x10,x20,x15	 x20:0x800417c7 x15:0x8d800000 x10=0x8d8417c7
     189645.000 ns	     18963	800041d4	213e2653	fsgnjx.s	f12,f28,f19	 f28:0x26107ec0 f19:0x7fc00000 f12=0x26107ec0
     189665.000 ns	     18965	800041d8	01ac5833	srl	x16,x24,x26	 x24:0x00000000 x26:0x00000000 x16=0x00000000
     189685.000 ns	     18967	800041dc	a1668ad3	fle.s	x21,f13,f22	 f13:0x7fc00000 f22:0x00000000 x21=0x00000000
     189705.000 ns	     18969	800041e0	00b1f5b3	and	x11,x3,x11	  x3:0xfffffefa x11:0xfffffa40 x11=0xfffffa40
     189725.000 ns	     18971	800041e4	03e635b3	mulhu	x11,x12,x30	 x12:0xfffffcb6 x30:0x800417c6 x11=0x80041620
     189745.000 ns	     18973	800041e8	00171d13	slli	x26,x14,0x1	 x14:0xae9a9170 x26=0x5d3522e0
     189755.000 ns	     18974	800041ec	0121f933	and	x18,x3,x18	  x3:0xfffffefa x18:0x00000000 x18=0x00000000
     189775.000 ns	     18976	800041f0	f00f8fd3	fmv.w.x	f31,x31	 x31:0x00000009 f31=0x00000009
     189795.000 ns	     18978	800041f4	443ee013	ori	x0,x29,1091	 x29:0xffffffff
     189815.000 ns	     18980	800041f8	28480453	fmin.s	f8,f16,f4	 f16:0x7fc00000  f4:0x3f800000  f8=0x3f800000
     189835.000 ns	     18982	800041fc	b7f73393	sltiu	x7,x14,-1153	 x14:0xae9a9170  x7=0x00000001
     190195.000 ns	     19018	80004200	025ad433	divu	x8,x21,x5	 x21:0x00000000  x5:0x485ce14c  x8=0x00000000
     190225.000 ns	     19021	80004204	a1272253	feq.s	x4,f14,f18	 f14:0x4f7fffff f18:0x3f800000  x4=0x00000000
     190255.000 ns	     19024	80004208	0322f7b3	remu	x15,x5,x18	  x5:0x485ce14c x18:0x00000000 x15=0x485ce14c
     190275.000 ns	     19026	8000420c	407c5493	srai	x9,x24,0x7	 x24:0x00000000  x9=0x00000000
     190285.000 ns	     19027	80004210	d2923437	lui	x8,0xd2923	  x8=0xd2923000
     190305.000 ns	     19029	80004214	03ee1f33	mulh	x30,x28,x30	 x28:0x00000000 x30:0x800417c6 x30=0x00000000
     190325.000 ns	     19031	80004218	8fcec913	xori	x18,x29,-1796	 x29:0xffffffff x18=0x00000703
     190335.000 ns	     19032	8000421c	d9b86413	ori	x8,x16,-613	 x16:0x00000000  x8=0xfffffd9b
     190345.000 ns	     19033	80004220	7e6294b7	lui	x9,0x7e629	  x9=0x7e629000
     190365.000 ns	     19035	80004224	21c78253	fsgnj.s	f4,f15,f28	 f15:0x00000000 f28:0x26107ec0  f4=0x00000000
     190385.000 ns	     19037	80004228	00000013	addi	x0,x0,0	  x0:0x00000000
     190745.000 ns	     19073	8000422c	02e6f833	remu	x16,x13,x14	 x13:0x7ffbeede x14:0xae9a9170 x16=0x7ffbeede
     190775.000 ns	     19076	80004230	02057d33	remu	x26,x10,x0	 x10:0x8d8417c7  x0:0x00000000 x26=0x8d8417c7
     190795.000 ns	     19078	80004234	01141cb3	sll	x25,x8,x17	  x8:0xfffffd9b x17:0x80040fe4 x25=0xffffd9b0
     190835.000 ns	     19082	80004238	003b29d3	fadd.s	f19,f22,f3	 f22:0x00000000  f3:0x7fc00000 f19=0x7fc00000
     190855.000 ns	     19084	8000423c	09f3fc13	andi	x24,x7,159	  x7:0x00000001 x24=0x00000001
     190895.000 ns	     19088	80004240	0036f253	fadd.s	f4,f13,f3	 f13:0x7fc00000  f3:0x7fc00000  f4=0x7fc00000
     190925.000 ns	     19091	80004244	a1838553	fle.s	x10,f7,f24	  f7:0xbf800000 f24:0x00000000 x10=0x00000001
     190945.000 ns	     19093	80004248	d739ba97	auipc	x21,0xd739b	 x21=0x5739f248
     190965.000 ns	     19095	8000424c	d00e76d3	fcvt.s.w	f13,x28	 x28:0x00000000 f13=0x00000000
     190995.000 ns	     19098	80004250	026b9733	mulh	x14,x23,x6	 x23:0x80041024  x6:0x0000008f x14=0xffffffb8
     191015.000 ns	     19100	80004254	01fd1e33	sll	x28,x26,x31	 x26:0x8d8417c7 x31:0x00000009 x28=0x082f8e00
     191035.000 ns	     19102	80004258	d0110ed3	fcvt.s.wu	f29,x2	  x2:0x00000001 f29=0x3f800000
     191075.000 ns	     19106	8000425c	193ef1d3	fdiv.s	f3,f29,f19	 f29:0x7fc00000 f19:0x7fc00000  f3=0x7fc00000
     191105.000 ns	     19109	80004260	e0030dd3	fmv.x.w	x27,f6	  f6:0x00000000 x27=0x00000000
     191125.000 ns	     19111	80004264	00cc8033	add	x0,x25,x12	 x25:0xffffd9b0 x12:0xfffffcb6
     191145.000 ns	     19113	80004268	a16603d3	fle.s	x7,f12,f22	 f12:0x26107ec0 f22:0x00000000  x7=0x00000000
     191175.000 ns	     19116	8000426c	210d17d3	fsgnjn.s	f15,f26,f16	 f26:0x7fc00000 f16:0x7fc00000 f15=0xffc00000
     191195.000 ns	     19118	80004270	408e5393	srai	x7,x28,0x8	 x28:0x082f8e00  x7=0x00082f8e
     191555.000 ns	     19154	80004274	03f0f3b3	remu	x7,x1,x31	  x1:0x00000001 x31:0x00000009  x7=0x00000001
     191585.000 ns	     19157	80004278	f0000653	fmv.w.x	f12,x0	  x0:0x00000000 f12=0x00000000
     191615.000 ns	     19160	8000427c	e00996d3	fclass.s	x13,f19	 f19:0x7fc00000 x13=0x00000200
     191635.000 ns	     19162	80004280	40ed0a33	sub	x20,x26,x14	 x26:0x8d8417c7 x14:0xffffffb8 x20=0x8d84180f
     191655.000 ns	     19164	80004284	d00d3753	fcvt.s.w	f14,x26	 x26:0x8d8417c7 f14=0xcee4f7d1
     191685.000 ns	     19167	80004288	e0011553	fclass.s	x10,f2	  f2:0x00000000 x10=0x00000010
     191705.000 ns	     19169	8000428c	41338933	sub	x18,x7,x19	  x7:0x00000001 x19:0x99c24fdc x18=0x663db025
     191725.000 ns	     19171	80004290	2175a5d3	fsgnjx.s	f11,f11,f23	 f11:0x3f800000 f23:0x7fc00000 f11=0x3f800000
     191755.000 ns	     19174	80004294	023c9db3	mulh	x27,x25,x3	 x25:0xffffd9b0  x3:0xfffffefa x27=0x00000000
     191785.000 ns	     19177	80004298	03289b33	mulh	x22,x17,x18	 x17:0x80040fe4 x18:0x663db025 x22=0xcce2c73c
     191815.000 ns	     19180	8000429c	f00e8153	fmv.w.x	f2,x29	 x29:0xffffffff  f2=0xffffffff
     191845.000 ns	     19183	800042a0	d00d7f53	fcvt.s.w	f30,x26	 x26:0x8d8417c7 f30=0xcee4f7d0
     191875.000 ns	     19186	800042a4	a0a42ad3	feq.s	x21,f8,f10	  f8:0x3f800000 f10:0x7fc00000 x21=0x00000000
     191895.000 ns	     19188	800042a8	4f158093	addi	x1,x11,1265	 x11:0x80041620  x1=0x80041b11
     191905.000 ns	     19189	800042ac	009e63b3	or	x7,x28,x9	 x28:0x082f8e00  x9:0x7e629000  x7=0x7e6f9e00
     191915.000 ns	     19190	800042b0	000c4033	xor	x0,x24,x0	 x24:0x00000001  x0:0x00000000
     191935.000 ns	     19192	800042b4	e0099b53	fclass.s	x22,f19	 f19:0x7fc00000 x22=0x00000200
     191965.000 ns	     19195	800042b8	28d99e53	fmax.s	f28,f19,f13	 f19:0x7fc00000 f13:0x00000000 f28=0x00000000
     191985.000 ns	     19197	800042bc	01ff1093	slli	x1,x30,0x1f	 x30:0x00000000  x1=0x00000000
     191995.000 ns	     19198	800042c0	008e3f33	sltu	x30,x28,x8	 x28:0x082f8e00  x8:0xfffffd9b x30=0x00000001
     192355.000 ns	     19234	800042c4	022be3b3	rem	x7,x23,x2	 x23:0x80041024  x2:0x00000001  x7=0x00000000
     192385.000 ns	     19237	800042c8	d0177953	fcvt.s.wu	f18,x14	 x14:0xffffffb8 f18=0x4f7fffff
     192415.000 ns	     19240	800042cc	21179653	fsgnjn.s	f12,f15,f17	 f15:0xffc00000 f17:0xcf7fffff f12=0x7fc00000
     192435.000 ns	     19242	800042d0	00f32a33	slt	x20,x6,x15	  x6:0x0000008f x15:0x485ce14c x20=0x00000001
     192455.000 ns	     19244	800042d4	0314aab3	mulhsu	x21,x9,x17	  x9:0x7e629000 x17:0x80040fe4 x21=0x3f334962
     192825.000 ns	     19281	800042d8	02ffef33	rem	x30,x31,x15	 x31:0x00000009 x15:0x485ce14c x30=0x00000009
     192845.000 ns	     19283	800042dc	092f2d93	slti	x27,x30,146	 x30:0x00000001 x27=0x00000001
     192855.000 ns	     19284	800042e0	01b21033	sll	x0,x4,x27	  x4:0x00000000 x27:0x00000000
     192875.000 ns	     19286	800042e4	03c8bf33	mulhu	x30,x17,x28	 x17:0x80040fe4 x28:0x082f8e00 x30=0x0417e840
     193245.000 ns	     19323	800042e8	02977933	remu	x18,x14,x9	 x14:0xffffffb8  x9:0x7e629000 x18=0x033adfb8
     193265.000 ns	     19325	800042ec	40e88633	sub	x12,x17,x14	 x17:0x80040fe4 x14:0xffffffb8 x12=0x8004102c
     193275.000 ns	     19326	800042f0	0013b833	sltu	x16,x7,x1	  x7:0x00000000  x1:0x00000000 x16=0x00000000
     193295.000 ns	     19328	800042f4	21860253	fsgnj.s	f4,f12,f24	 f12:0x7fc00000 f24:0x00000000  f4=0x7fc00000
     193325.000 ns	     19331	800042f8	a15e9653	flt.s	x12,f29,f21	 f29:0x3f800000 f21:0x4f7fffff x12=0x00000001
     193345.000 ns	     19333	800042fc	00014d33	xor	x26,x2,x0	  x2:0x00000001  x0:0x00000000 x26=0x00000001
     193355.000 ns	     19334	80004300	f4e2ee17	auipc	x28,0xf4e2e	 x28=0x74e32300
     193375.000 ns	     19336	80004304	0340a6b3	mulhsu	x13,x1,x20	  x1:0x00000000 x20:0x00000001 x13=0x00000000
     193395.000 ns	     19338	80004308	d1e26493	ori	x9,x4,-738	  x4:0x00000000  x9=0xfffffd1e
     193415.000 ns	     19340	8000430c	28219bd3	fmax.s	f23,f3,f2	  f3:0x7fc00000  f2:0xffffffff f23=0x7fc00000
     193445.000 ns	     19343	80004310	208e0953	fsgnj.s	f18,f28,f8	 f28:0x00000000  f8:0x3f800000 f18=0x00000000
     193465.000 ns	     19345	80004314	0156a233	slt	x4,x13,x21	 x13:0x00000000 x21:0x3f334962  x4=0x00000001
     193485.000 ns	     19347	80004318	29ee04d3	fmin.s	f9,f28,f30	 f28:0x00000000 f30:0xcee4f7d0  f9=0xcee4f7d0
     193505.000 ns	     19349	8000431c	12127913	andi	x18,x4,289	  x4:0x00000000 x18=0x00000001
     193515.000 ns	     19350	80004320	f25d0613	addi	x12,x26,-219	 x26:0x00000001 x12=0xffffff26
     193525.000 ns	     19351	80004324	42218097	auipc	x1,0x42218	  x1=0xc221c324
     193545.000 ns	     19353	80004328	a0cea153	feq.s	x2,f29,f12	 f29:0x3f800000 f12:0x7fc00000  x2=0x00000000
     193575.000 ns	     19356	8000432c	a18a0153	fle.s	x2,f20,f24	 f20:0x00000009 f24:0x00000000  x2=0x00000000
     193605.000 ns	     19359	80004330	026a9933	mulh	x18,x21,x6	 x21:0x3f334962  x6:0x0000008f x18=0x00000023
     193635.000 ns	     19362	80004334	201b05d3	fsgnj.s	f11,f22,f1	 f22:0x00000000  f1:0x8d800000 f11=0x80000000
     193665.000 ns	     19365	80004338	29811ed3	fmax.s	f29,f2,f24	  f2:0xffffffff f24:0x00000000 f29=0x00000000
     193685.000 ns	     19367	8000433c	003ed833	srl	x16,x29,x3	 x29:0xffffffff  x3:0xfffffefa x16=0x0000003f
     193695.000 ns	     19368	80004340	40170a33	sub	x20,x14,x1	 x14:0xffffffb8  x1:0xc221c324 x20=0x3dde3c94
     193715.000 ns	     19370	80004344	0219aab3	mulhsu	x21,x19,x1	 x19:0x99c24fdc  x1:0xc221c324 x21=0xb277c4a1
     193745.000 ns	     19373	80004348	28509f53	fmax.s	f30,f1,f5	  f1:0x8d800000  f5:0x7fc00000 f30=0x8d800000
     193765.000 ns	     19375	8000434c	984ef093	andi	x1,x29,-1660	 x29:0xffffffff  x1=0xfffff984
     193785.000 ns	     19377	80004350	02e89233	mulh	x4,x17,x14	 x17:0x80040fe4 x14:0xffffffb8  x4=0x00000023
     193815.000 ns	     19380	80004354	a19a2753	feq.s	x14,f20,f25	 f20:0x00000009 f25:0x00000000 x14=0x00000000
     193835.000 ns	     19382	80004358	00de1333	sll	x6,x28,x13	 x28:0x74e32300 x13:0x00000000  x6=0x74e32300
     193845.000 ns	     19383	8000435c	00000013	addi	x0,x0,0	  x0:0x00000000
     193865.000 ns	     19385	80004360	0380a033	mulhsu	x0,x1,x24	  x1:0xfffff984 x24:0x00000001
     193895.000 ns	     19388	80004364	020495b3	mulh	x11,x9,x0	  x9:0xfffffd1e  x0:0x00000000 x11=0x00000000
     193915.000 ns	     19390	80004368	411e59b3	sra	x19,x28,x17	 x28:0x74e32300 x17:0x80040fe4 x19=0x074e3230
     193945.000 ns	     19393	8000436c	19bc8fd3	fdiv.s	f31,f25,f27	 f25:0x00000000 f27:0x4f7fffff f31=0x00000000
     193975.000 ns	     19396	80004370	c0193b53	fcvt.wu.s	x22,f18	 f18:0x00000000 x22=0x00000000
     193995.000 ns	     19398	80004374	003cf633	and	x12,x25,x3	 x25:0xffffd9b0  x3:0xfffffefa x12=0xffffd8b0
     194005.000 ns	     19399	80004378	7c2eac13	slti	x24,x29,1986	 x29:0xffffffff x24=0x00000001
     194365.000 ns	     19435	8000437c	03155e33	divu	x28,x10,x17	 x10:0x00000010 x17:0x80040fe4 x28=0x00000000
     194415.000 ns	     19440	80004380	09fd76d3	fsub.s	f13,f26,f31	 f26:0x7fc00000 f31:0x00000000 f13=0x7fc00000
     194445.000 ns	     19443	80004384	a0e09ad3	flt.s	x21,f1,f14	  f1:0x8d800000 f14:0xcee4f7d1 x21=0x00000000
     194475.000 ns	     19446	80004388	c013f1d3	fcvt.wu.s	x3,f7	  f7:0xbf800000  x3=0x00000001
     194505.000 ns	     19449	8000438c	28b00f53	fmin.s	f30,f0,f11	  f0:0x7fc00000 f11:0x80000000 f30=0x80000000
     194535.000 ns	     19452	80004390	f00186d3	fmv.w.x	f13,x3	  x3:0x00000001 f13=0x00000001
     194555.000 ns	     19454	80004394	40d1dd33	sra	x26,x3,x13	  x3:0x00000001 x13:0x00000000 x26=0x00000001
     194565.000 ns	     19455	80004398	004fc9b3	xor	x19,x31,x4	 x31:0x00000009  x4:0x00000023 x19=0x0000002a
     194575.000 ns	     19456	8000439c	9865e993	ori	x19,x11,-1658	 x11:0x00000000 x19=0xfffff986
     194595.000 ns	     19458	800043a0	21c7add3	fsgnjx.s	f27,f15,f28	 f15:0xffc00000 f28:0x00000000 f27=0xffc00000
     194615.000 ns	     19460	800043a4	fb037f13	andi	x30,x6,-80	  x6:0x74e32300 x30=0x74e32300
     194625.000 ns	     19461	800043a8	c3c12293	slti	x5,x2,-964	  x2:0x00000000  x5=0x00000000
     194645.000 ns	     19463	800043ac	a0388e53	fle.s	x28,f17,f3	 f17:0xcf7fffff  f3:0x7fc00000 x28=0x00000000
     194665.000 ns	     19465	800043b0	00000013	addi	x0,x0,0	  x0:0x00000000
     194675.000 ns	     19466	800043b4	011c9f33	sll	x30,x25,x17	 x25:0xffffd9b0 x17:0x80040fe4 x30=0xfffd9b00
     194685.000 ns	     19467	800043b8	01f633b3	sltu	x7,x12,x31	 x12:0xffffd8b0 x31:0x00000009  x7=0x00000000
     194705.000 ns	     19469	800043bc	d00cf153	fcvt.s.w	f2,x25	 x25:0xffffd9b0  f2=0xc6194000
     194735.000 ns	     19472	800043c0	021e2c33	mulhsu	x24,x28,x1	 x28:0x00000000  x1:0xfffff984 x24=0x00000000
     194755.000 ns	     19474	800043c4	002c9093	slli	x1,x25,0x2	 x25:0xffffd9b0  x1=0xffff66c0
     194765.000 ns	     19475	800043c8	428d2c93	slti	x25,x26,1064	 x26:0x00000001 x25=0x00000001
     194775.000 ns	     19476	800043cc	0185f0b3	and	x1,x11,x24	 x11:0x00000000 x24:0x00000000  x1=0x00000000
     195135.000 ns	     19512	800043d0	0246d2b3	divu	x5,x13,x4	 x13:0x00000000  x4:0x00000023  x5=0x00000000
     195185.000 ns	     19517	800043d4	08d5cb53	fsub.s	f22,f11,f13	 f11:0x80000000 f13:0x00000001 f22=0x80000001
     195215.000 ns	     19520	800043d8	a12a1cd3	flt.s	x25,f20,f18	 f20:0x00000009 f18:0x00000000 x25=0x00000000
     195245.000 ns	     19523	800043dc	28ed0bd3	fmin.s	f23,f26,f14	 f26:0x7fc00000 f14:0xcee4f7d1 f23=0xcee4f7d1
     195275.000 ns	     19526	800043e0	e0059ad3	fclass.s	x21,f11	 f11:0x80000000 x21=0x00000008
     195295.000 ns	     19528	800043e4	001d3833	sltu	x16,x26,x1	 x26:0x00000001  x1:0x00000000 x16=0x00000000
     195315.000 ns	     19530	800043e8	e00a9c53	fclass.s	x24,f21	 f21:0x4f7fffff x24=0x00000040
     195345.000 ns	     19533	800043ec	c0117b53	fcvt.wu.s	x22,f2	  f2:0xc6194000 x22=0x00002650
     195375.000 ns	     19536	800043f0	032084b3	mul	x9,x1,x18	  x1:0x00000000 x18:0x00000023  x9=0x00000000
     195405.000 ns	     19539	800043f4	02594933	div	x18,x18,x5	 x18:0x00000023  x5:0x00000000 x18=0xffffffff
     195425.000 ns	     19541	800043f8	01b61413	slli	x8,x12,0x1b	 x12:0xffffd8b0  x8=0x80000000
     195445.000 ns	     19543	800043fc	0367bc33	mulhu	x24,x15,x22	 x15:0x485ce14c x22:0x00002650 x24=0x00000ad4
     195475.000 ns	     19546	80004400	d0104ed3	fcvt.s.wu	f29,x0	  x0:0x00000000 f29=0x00000000
     195495.000 ns	     19548	80004404	01949393	slli	x7,x9,0x19	  x9:0x00000000  x7=0x00000000
     195515.000 ns	     19550	80004408	03944ab3	div	x21,x8,x25	  x8:0x80000000 x25:0x00000000 x21=0xffffffff
     195545.000 ns	     19553	8000440c	03f384b3	mul	x9,x7,x31	  x7:0x00000000 x31:0x00000009  x9=0x00000000
     195575.000 ns	     19556	80004410	0397e633	rem	x12,x15,x25	 x15:0x485ce14c x25:0x00000000 x12=0x485ce14c
     195605.000 ns	     19559	80004414	038325b3	mulhsu	x11,x6,x24	  x6:0x74e32300 x24:0x00000ad4 x11=0x000004f1
     195975.000 ns	     19596	80004418	032f49b3	div	x19,x30,x18	 x30:0xfffd9b00 x18:0xffffffff x19=0x00026500
     196345.000 ns	     19633	8000441c	037f4133	div	x2,x30,x23	 x30:0xfffd9b00 x23:0x80041024  x2=0x00000000
     196685.000 ns	     19667	80004420	19173053	fdiv.s	f0,f14,f17	 f14:0xcee4f7d1 f17:0xcf7fffff  f0=0x3ee4f7d2
     196715.000 ns	     19670	80004424	c00b0053	fcvt.w.s	x0,f22	 f22:0x80000001
     196755.000 ns	     19674	80004428	18b444d3	fdiv.s	f9,f8,f11	  f8:0x3f800000 f11:0x80000000  f9=0xff800000
     196785.000 ns	     19677	8000442c	2116a0d3	fsgnjx.s	f1,f13,f17	 f13:0x00000001 f17:0xcf7fffff  f1=0x80000001
     196815.000 ns	     19680	80004430	a08a80d3	fle.s	x1,f21,f8	 f21:0x4f7fffff  f8:0x3f800000  x1=0x00000000
     197185.000 ns	     19717	80004434	03ae65b3	rem	x11,x28,x26	 x28:0x00000000 x26:0x00000001 x11=0x00000000
     197205.000 ns	     19719	80004438	000f2db3	slt	x27,x30,x0	 x30:0xfffd9b00  x0:0x00000000 x27=0x00000001
     197225.000 ns	     19721	8000443c	298b8053	fmin.s	f0,f23,f24	 f23:0xcee4f7d1 f24:0x00000000  f0=0xcee4f7d1
     197255.000 ns	     19724	80004440	037296b3	mulh	x13,x5,x23	  x5:0x00000000 x23:0x80041024 x13=0x00000000
     197275.000 ns	     19726	80004444	7e020113	addi	x2,x4,2016	  x4:0x00000023  x2=0x00000803
     197305.000 ns	     19729	80004448	193e32d3	fdiv.s	f5,f28,f19	 f28:0x00000000 f19:0x7fc00000  f5=0x7fc00000
     197325.000 ns	     19731	8000444c	0059ba33	sltu	x20,x19,x5	 x19:0x00026500  x5:0x00000000 x20=0x00000000
     197345.000 ns	     19733	80004450	03152ab3	mulhsu	x21,x10,x17	 x10:0x00000010 x17:0x80040fe4 x21=0x00000008
     197375.000 ns	     19736	80004454	020110b3	mulh	x1,x2,x0	  x2:0x00000803  x0:0x00000000  x1=0x00000000
     197405.000 ns	     19739	80004458	039a5233	divu	x4,x20,x25	 x20:0x00000000 x25:0x00000000  x4=0xffffffff
     197435.000 ns	     19742	8000445c	d01cfdd3	fcvt.s.wu	f27,x25	 x25:0x00000000 f27=0x00000000
     197475.000 ns	     19746	80004460	11ae7bd3	fmul.s	f23,f28,f26	 f28:0x00000000 f26:0x7fc00000 f23=0x7fc00000
     197495.000 ns	     19748	80004464	fd853137	lui	x2,0xfd853	  x2=0xfd853000
     197855.000 ns	     19784	80004468	0287fe33	remu	x28,x15,x8	 x15:0x485ce14c  x8:0x80000000 x28=0x485ce14c
     197905.000 ns	     19789	8000446c	01c874d3	fadd.s	f9,f16,f28	 f16:0x7fc00000 f28:0x00000000  f9=0x7fc00000
     197925.000 ns	     19791	80004470	007dde93	srli	x29,x27,0x7	 x27:0x00000001 x29=0x00000000
     197945.000 ns	     19793	80004474	a0819e53	flt.s	x28,f3,f8	  f3:0x7fc00000  f8:0x3f800000 x28=0x00000000
     197975.000 ns	     19796	80004478	a08404d3	fle.s	x9,f8,f8	  f8:0x3f800000  f8:0x3f800000  x9=0x00000001
     198005.000 ns	     19799	8000447c	02d06933	rem	x18,x0,x13	  x0:0x00000000 x13:0x00000000 x18=0x00000000
     198035.000 ns	     19802	80004480	e0011a53	fclass.s	x20,f2	  f2:0xc6194000 x20=0x00000002
     198055.000 ns	     19804	80004484	009dc9b3	xor	x19,x27,x9	 x27:0x00000001  x9:0x00000001 x19=0x00000000
     198075.000 ns	     19806	80004488	0253b733	mulhu	x14,x7,x5	  x7:0x00000000  x5:0x00000000 x14=0x00000000
     198105.000 ns	     19809	8000448c	024a9db3	mulh	x27,x21,x4	 x21:0x00000008  x4:0xffffffff x27=0xffffffff
     198125.000 ns	     19811	80004490	015da0b3	slt	x1,x27,x21	 x27:0x00000001 x21:0x00000008  x1=0x00000001
     198145.000 ns	     19813	80004494	d00e0053	fcvt.s.w	f0,x28	 x28:0x00000000  f0=0x00000000
     198185.000 ns	     19817	80004498	10117dd3	fmul.s	f27,f2,f1	  f2:0xc6194000  f1:0x80000001 f27=0x00002651
     198215.000 ns	     19820	8000449c	030ecd33	div	x26,x29,x16	 x29:0x00000000 x16:0x00000000 x26=0xffffffff
     198245.000 ns	     19823	800044a0	0212a933	mulhsu	x18,x5,x1	  x5:0x00000000  x1:0x00000001 x18=0x00000000
     198275.000 ns	     19826	800044a4	a06907d3	fle.s	x15,f18,f6	 f18:0x00000000  f6:0x00000000 x15=0x00000001
     198305.000 ns	     19829	800044a8	2174ab53	fsgnjx.s	f22,f9,f23	  f9:0x7fc00000 f23:0x7fc00000 f22=0x7fc00000
     198355.000 ns	     19834	800044ac	00047453	fadd.s	f8,f8,f0	  f8:0x3f800000  f0:0x00000000  f8=0x3f800000
     198375.000 ns	     19836	800044b0	fb6ef413	andi	x8,x29,-74	 x29:0x00000000  x8=0x00000000
     198385.000 ns	     19837	800044b4	40cd0833	sub	x16,x26,x12	 x26:0xffffffff x12:0x485ce14c x16=0xb7a31eb3
     198405.000 ns	     19839	800044b8	02b2dc33	divu	x24,x5,x11	  x5:0x00000000 x11:0x00000000 x24=0xffffffff
     198425.000 ns	     19841	800044bc	96088013	addi	x0,x17,-1696	 x17:0x80040fe4
     198445.000 ns	     19843	800044c0	e0068553	fmv.x.w	x10,f13	 f13:0x00000001 x10=0x00000001
     198465.000 ns	     19845	800044c4	41ad5a93	srai	x21,x26,0x1a	 x26:0xffffffff x21=0xffffffff
     198485.000 ns	     19847	800044c8	035f33b3	mulhu	x7,x30,x21	 x30:0xfffd9b00 x21:0x00000008  x7=0xfffd9aff
     198525.000 ns	     19851	800044cc	580f9853	fsqrt.s	f16,f31	 f31:0x00000000 f16=0x00000000
     198555.000 ns	     19854	800044d0	21100553	fsgnj.s	f10,f0,f17	  f0:0x00000000 f17:0xcf7fffff f10=0x80000000
     198585.000 ns	     19857	800044d4	02ff0e33	mul	x28,x30,x15	 x30:0xfffd9b00 x15:0x00000001 x28=0xfffd9b00
     198605.000 ns	     19859	800044d8	0139ecb3	or	x25,x19,x19	 x19:0x00000000 x19:0x00000000 x25=0x00000000
     198615.000 ns	     19860	800044dc	0186bcb3	sltu	x25,x13,x24	 x13:0x00000000 x24:0xffffffff x25=0x00000001
     198625.000 ns	     19861	800044e0	01f77db3	and	x27,x14,x31	 x14:0x00000000 x31:0x00000009 x27=0x00000000
     198635.000 ns	     19862	800044e4	01faff33	and	x30,x21,x31	 x21:0xffffffff x31:0x00000009 x30=0x00000009
     198655.000 ns	     19864	800044e8	a1f22a53	feq.s	x20,f4,f31	  f4:0x7fc00000 f31:0x00000000 x20=0x00000000
     198675.000 ns	     19866	800044ec	0179ccb3	xor	x25,x19,x23	 x19:0x00000000 x23:0x80041024 x25=0x80041024
     198685.000 ns	     19867	800044f0	00000013	addi	x0,x0,0	  x0:0x00000000
     198695.000 ns	     19868	800044f4	af9f7513	andi	x10,x30,-1287	 x30:0x00000009 x10=0x00000009
     198715.000 ns	     19870	800044f8	a0f621d3	feq.s	x3,f12,f15	 f12:0x7fc00000 f15:0xffc00000  x3=0x00000000
     198745.000 ns	     19873	800044fc	e0081853	fclass.s	x16,f16	 f16:0x00000000 x16=0x00000010
     198775.000 ns	     19876	80004500	029b9cb3	mulh	x25,x23,x9	 x23:0x80041024  x9:0x00000001 x25=0xffffffff
     198795.000 ns	     19878	80004504	d35dec13	ori	x24,x27,-715	 x27:0x00000000 x24=0xfffffd35
     198805.000 ns	     19879	80004508	00000013	addi	x0,x0,0	  x0:0x00000000
     198815.000 ns	     19880	8000450c	3f502e93	slti	x29,x0,1013	  x0:0x00000000 x29=0x00000001
     198825.000 ns	     19881	80004510	35fea593	slti	x11,x29,863	 x29:0x00000000 x11=0x00000001
     198835.000 ns	     19882	80004514	01d15093	srli	x1,x2,0x1d	  x2:0xfd853000  x1=0x00000007
     198855.000 ns	     19884	80004518	d01801d3	fcvt.s.wu	f3,x16	 x16:0x00000010  f3=0x41800000
     198885.000 ns	     19887	8000451c	e0090b53	fmv.x.w	x22,f18	 f18:0x00000000 x22=0x00000000
     198905.000 ns	     19889	80004520	a644a437	lui	x8,0xa644a	  x8=0xa644a000
     198945.000 ns	     19893	80004524	08173c53	fsub.s	f24,f14,f1	 f14:0xcee4f7d1  f1:0x80000001 f24=0xcee4f7d1
     198965.000 ns	     19895	80004528	0132bdb3	sltu	x27,x5,x19	  x5:0x00000000 x19:0x00000000 x27=0x00000000
     198985.000 ns	     19897	8000452c	03d70e33	mul	x28,x14,x29	 x14:0x00000000 x29:0x00000001 x28=0x00000000
     199355.000 ns	     19934	80004530	02697d33	remu	x26,x18,x6	 x18:0x00000000  x6:0x74e32300 x26=0x00000000
     199385.000 ns	     19937	80004534	02e0dcb3	divu	x25,x1,x14	  x1:0x00000007 x14:0x00000000 x25=0xffffffff
     199425.000 ns	     19941	80004538	5807f2d3	fsqrt.s	f5,f15	 f15:0xffc00000  f5=0x7fc00000
     199445.000 ns	     19943	8000453c	00f74c33	xor	x24,x14,x15	 x14:0x00000000 x15:0x00000001 x24=0x00000001
     199465.000 ns	     19945	80004540	a16f03d3	fle.s	x7,f30,f22	 f30:0x80000000 f22:0x7fc00000  x7=0x00000000
     199505.000 ns	     19949	80004544	18fdf753	fdiv.s	f14,f27,f15	 f27:0x00002651 f15:0xffc00000 f14=0x7fc00000
     199545.000 ns	     19953	80004548	196b70d3	fdiv.s	f1,f22,f22	 f22:0x7fc00000 f22:0x7fc00000  f1=0x7fc00000
     199575.000 ns	     19956	8000454c	c014a653	fcvt.wu.s	x12,f9	  f9:0x7fc00000 x12=0xffffffff
     199595.000 ns	     19958	80004550	00c37b33	and	x22,x6,x12	  x6:0x74e32300 x12:0x485ce14c x22=0x74e32300
     199605.000 ns	     19959	80004554	a2730013	addi	x0,x6,-1497	  x6:0x74e32300
     199625.000 ns	     19961	80004558	030f9b33	mulh	x22,x31,x16	 x31:0x00000009 x16:0x00000010 x22=0x00000000
     199645.000 ns	     19963	8000455c	7ea21037	lui	x0,0x7ea21	
     199655.000 ns	     19964	80004560	01ead293	srli	x5,x21,0x1e	 x21:0xffffffff  x5=0x00000003
     199695.000 ns	     19968	80004564	08ee7f53	fsub.s	f30,f28,f14	 f28:0x00000000 f14:0x7fc00000 f30=0x7fc00000
     199725.000 ns	     19971	80004568	219fac53	fsgnjx.s	f24,f31,f25	 f31:0x00000000 f25:0x00000000 f24=0x00000000
     199745.000 ns	     19973	8000456c	008b13b3	sll	x7,x22,x8	 x22:0x00000000  x8:0xa644a000  x7=0x00000000
     199765.000 ns	     19975	80004570	29688753	fmin.s	f14,f17,f22	 f17:0xcf7fffff f22:0x7fc00000 f14=0xcf7fffff
     199785.000 ns	     19977	80004574	40e38633	sub	x12,x7,x14	  x7:0x00000000 x14:0x00000000 x12=0x00000000
     199805.000 ns	     19979	80004578	c01572d3	fcvt.wu.s	x5,f10	 f10:0x80000000  x5=0x00000000
     199855.000 ns	     19984	8000457c	0123fdd3	fadd.s	f27,f7,f18	  f7:0xbf800000 f18:0x00000000 f27=0xbf800000
     200225.000 ns	     20021	80004580	021ddab3	divu	x21,x27,x1	 x27:0x00000000  x1:0x00000007 x21=0x00000000
     200245.000 ns	     20023	80004584	01dbd2b3	srl	x5,x23,x29	 x23:0x80041024 x29:0x00000001  x5=0x40020812
     200255.000 ns	     20024	80004588	014635b3	sltu	x11,x12,x20	 x12:0x00000000 x20:0x00000000 x11=0x00000000
     201425.000 ns	     20141	8000458c	5806f6d3	fsqrt.s	f13,f13	 f13:0x00000001 f13=0x1f350483
     201445.000 ns	     20143	80004590	00000013	addi	x0,x0,0	  x0:0x00000000
     201455.000 ns	     20144	80004594	41e9dc13	srai	x24,x19,0x1e	 x19:0x00000000 x24=0x00000000
     201465.000 ns	     20145	80004598	e16b4813	xori	x16,x22,-490	 x22:0x00000000 x16=0xfffffe16
     201485.000 ns	     20147	8000459c	d01230d3	fcvt.s.wu	f1,x4	  x4:0xffffffff  f1=0x4f800000
     201515.000 ns	     20150	800045a0	d00ebe53	fcvt.s.w	f28,x29	 x29:0x00000001 f28=0x3f800000
     201885.000 ns	     20187	800045a4	0292f1b3	remu	x3,x5,x9	  x5:0x40020812  x9:0x00000001  x3=0x00000000
     201915.000 ns	     20190	800045a8	d0127b53	fcvt.s.wu	f22,x4	  x4:0xffffffff f22=0x4f7fffff
     201935.000 ns	     20192	800045ac	00000013	addi	x0,x0,0	  x0:0x00000000
     201955.000 ns	     20194	800045b0	a0959ad3	flt.s	x21,f11,f9	 f11:0x80000000  f9:0x7fc00000 x21=0x00000000
     201995.000 ns	     20198	800045b4	197cc753	fdiv.s	f14,f25,f23	 f25:0x00000000 f23:0x7fc00000 f14=0x7fc00000
     203175.000 ns	     20316	800045b8	580a1c53	fsqrt.s	f24,f20	 f20:0x00000009 f24=0x1f35048f
     203195.000 ns	     20318	800045bc	01c9c7b3	xor	x15,x19,x28	 x19:0x00000000 x28:0x00000000 x15=0x00000000
     203205.000 ns	     20319	800045c0	018e23b3	slt	x7,x28,x24	 x28:0x00000000 x24:0x00000000  x7=0x00000000
     203215.000 ns	     20320	800045c4	005ba9b3	slt	x19,x23,x5	 x23:0x80041024  x5:0x40020812 x19=0x00000001
     203245.000 ns	     20323	800045c8	18041653	fdiv.s	f12,f8,f0	  f8:0x3f800000  f0:0x00000000 f12=0x7f800000
     203275.000 ns	     20326	800045cc	03b4d3b3	divu	x7,x9,x27	  x9:0x00000001 x27:0x00000000  x7=0xffffffff
     203295.000 ns	     20328	800045d0	41add393	srai	x7,x27,0x1a	 x27:0x00000000  x7=0x00000000
     203305.000 ns	     20329	800045d4	00f02eb3	slt	x29,x0,x15	  x0:0x00000000 x15:0x00000000 x29=0x00000000
     203315.000 ns	     20330	800045d8	01cdc933	xor	x18,x27,x28	 x27:0x00000000 x28:0x00000000 x18=0x00000000
     203325.000 ns	     20331	800045dc	00d793b3	sll	x7,x15,x13	 x15:0x00000000 x13:0x00000000  x7=0x00000000
     203345.000 ns	     20333	800045e0	a0669cd3	flt.s	x25,f13,f6	 f13:0x1f350483  f6:0x00000000 x25=0x00000000
     203375.000 ns	     20336	800045e4	027e7e33	remu	x28,x28,x7	 x28:0x00000000  x7:0x00000000 x28=0x00000000
     203405.000 ns	     20339	800045e8	e00081d3	fmv.x.w	x3,f1	  f1:0x4f800000  x3=0x4f800000
     203425.000 ns	     20341	800045ec	566ea593	slti	x11,x29,1382	 x29:0x00000000 x11=0x00000001
     203435.000 ns	     20342	800045f0	00439eb3	sll	x29,x7,x4	  x7:0x00000000  x4:0xffffffff x29=0x00000000
     203445.000 ns	     20343	800045f4	def82313	slti	x6,x16,-529	 x16:0xfffffe16  x6=0x00000000
     203465.000 ns	     20345	800045f8	03adfa33	remu	x20,x27,x26	 x27:0x00000000 x26:0x00000000 x20=0x00000000
     203495.000 ns	     20348	800045fc	d015a753	fcvt.s.wu	f14,x11	 x11:0x00000001 f14=0x3f800000
     203515.000 ns	     20350	80004600	eae2e693	ori	x13,x5,-338	  x5:0x40020812 x13=0xfffffebe
     203535.000 ns	     20352	80004604	e0089b53	fclass.s	x22,f17	 f17:0xcf7fffff x22=0x00000002
     203565.000 ns	     20355	80004608	026686b3	mul	x13,x13,x6	 x13:0x00000000  x6:0x00000000 x13=0x00000000
     203595.000 ns	     20358	8000460c	e0039ed3	fclass.s	x29,f7	  f7:0xbf800000 x29=0x00000002
     203625.000 ns	     20361	80004610	c0038853	fcvt.w.s	x16,f7	  f7:0xbf800000 x16=0xffffffff
     203645.000 ns	     20363	80004614	00000013	addi	x0,x0,0	  x0:0x00000000
     203655.000 ns	     20364	80004618	00711d33	sll	x26,x2,x7	  x2:0xfd853000  x7:0x00000000 x26=0xfd853000
     203665.000 ns	     20365	8000461c	01e88433	add	x8,x17,x30	 x17:0x80040fe4 x30:0x00000009  x8=0x80040fed
     203685.000 ns	     20367	80004620	a0cd26d3	feq.s	x13,f26,f12	 f26:0x7fc00000 f12:0x7f800000 x13=0x00000000
     203705.000 ns	     20369	80004624	41c1de13	srai	x28,x3,0x1c	  x3:0x4f800000 x28=0x00000004
     203725.000 ns	     20371	80004628	c00f7dd3	fcvt.w.s	x27,f30	 f30:0x7fc00000 x27=0x7fffffff
     203745.000 ns	     20373	8000462c	41efdc93	srai	x25,x31,0x1e	 x31:0x00000009 x25=0x00000000
     204105.000 ns	     20409	80004630	030fc833	div	x16,x31,x16	 x31:0x00000009 x16:0xffffffff x16=0xfffffff7
     204135.000 ns	     20412	80004634	21d696d3	fsgnjn.s	f13,f13,f29	 f13:0x1f350483 f29:0x00000000 f13=0x9f350483
     204155.000 ns	     20414	80004638	6c14b293	sltiu	x5,x9,1729	  x9:0x00000001  x5=0x00000001
     204185.000 ns	     20417	8000463c	10f27ad3	fmul.s	f21,f4,f15	  f4:0x7fc00000 f15:0xffc00000 f21=0x7fc00000
     204205.000 ns	     20419	80004640	d1b9f937	lui	x18,0xd1b9f	 x18=0xd1b9f000
     204565.000 ns	     20455	80004644	03077033	remu	x0,x14,x16	 x14:0x00000000 x16:0xfffffff7
     204585.000 ns	     20457	80004648	00d087b3	add	x15,x1,x13	  x1:0x00000007 x13:0x00000000 x15=0x00000007
     204605.000 ns	     20459	8000464c	21d783d3	fsgnj.s	f7,f15,f29	 f15:0xffc00000 f29:0x00000000  f7=0x7fc00000
     204635.000 ns	     20462	80004650	d015f7d3	fcvt.s.wu	f15,x11	 x11:0x00000001 f15=0x3f800000
     204655.000 ns	     20464	80004654	31c02613	slti	x12,x0,796	  x0:0x00000000 x12=0x00000001
     204675.000 ns	     20466	80004658	d01f77d3	fcvt.s.wu	f15,x30	 x30:0x00000009 f15=0x41100000
     204705.000 ns	     20469	8000465c	e00503d3	fmv.x.w	x7,f10	 f10:0x80000000  x7=0x80000000
     205075.000 ns	     20506	80004660	03677733	remu	x14,x14,x22	 x14:0x00000000 x22:0x00000002 x14=0x00000000
     205115.000 ns	     20510	80004664	580a9f53	fsqrt.s	f30,f21	 f21:0x7fc00000 f30=0x7fc00000
     205145.000 ns	     20513	80004668	d011fe53	fcvt.s.wu	f28,x3	  x3:0x4f800000 f28=0x4e9f0000
     205175.000 ns	     20516	8000466c	f0028d53	fmv.w.x	f26,x5	  x5:0x00000001 f26=0x00000001
     205195.000 ns	     20518	80004670	00951193	slli	x3,x10,0x9	 x10:0x00000009  x3=0x00001200
     205205.000 ns	     20519	80004674	57998193	addi	x3,x19,1401	 x19:0x00000001  x3=0x0000057a
     205215.000 ns	     20520	80004678	01ae7eb3	and	x29,x28,x26	 x28:0x00000004 x26:0xfd853000 x29=0x00000000
     205235.000 ns	     20522	8000467c	20d51553	fsgnjn.s	f10,f10,f13	 f10:0x80000000 f13:0x9f350483 f10=0x00000000
     205255.000 ns	     20524	80004680	40985e13	srai	x28,x16,0x9	 x16:0xfffffff7 x28=0xffffffff
     205295.000 ns	     20528	80004684	00409353	fadd.s	f6,f1,f4	  f1:0x4f800000  f4:0x7fc00000  f6=0x7fc00000
     205325.000 ns	     20531	80004688	a13a13d3	flt.s	x7,f20,f19	 f20:0x00000009 f19:0x7fc00000  x7=0x00000000
     205345.000 ns	     20533	8000468c	f09f8913	addi	x18,x31,-247	 x31:0x00000009 x18=0xffffff12
     205375.000 ns	     20536	80004690	10ae1353	fmul.s	f6,f28,f10	 f28:0x4e9f0000 f10:0x00000000  f6=0x00000000
     205415.000 ns	     20540	80004694	11817dd3	fmul.s	f27,f2,f24	  f2:0xc6194000 f24:0x1f35048f f27=0xa5d8b9f6
     205435.000 ns	     20542	80004698	c6777a93	andi	x21,x14,-921	 x14:0x00000000 x21=0x00000000
     205455.000 ns	     20544	8000469c	c00573d3	fcvt.w.s	x7,f10	 f10:0x00000000  x7=0x00000000
     205485.000 ns	     20547	800046a0	0274e633	rem	x12,x9,x7	  x9:0x00000001  x7:0x00000000 x12=0x00000001
     205505.000 ns	     20549	800046a4	01125933	srl	x18,x4,x17	  x4:0xffffffff x17:0x80040fe4 x18=0x0fffffff
     205515.000 ns	     20550	800046a8	40ae0933	sub	x18,x28,x10	 x28:0xffffffff x10:0x00000009 x18=0xfffffff6
     205525.000 ns	     20551	800046ac	000d1913	slli	x18,x26,0x0	 x26:0xfd853000 x18=0xfd853000
     205885.000 ns	     20587	800046b0	03bce3b3	rem	x7,x25,x27	 x25:0x00000000 x27:0x7fffffff  x7=0x00000000
     205915.000 ns	     20590	800046b4	c001ff53	fcvt.w.s	x30,f3	  f3:0x41800000 x30=0x00000010
     205935.000 ns	     20592	800046b8	4119d633	sra	x12,x19,x17	 x19:0x00000001 x17:0x80040fe4 x12=0x00000000
     205945.000 ns	     20593	800046bc	009ded33	or	x26,x27,x9	 x27:0x7fffffff  x9:0x00000001 x26=0x7fffffff
     205955.000 ns	     20594	800046c0	5bc7b593	sltiu	x11,x15,1468	 x15:0x00000007 x11=0x00000001
     205975.000 ns	     20596	800046c4	e0050253	fmv.x.w	x4,f10	 f10:0x00000000  x4=0x00000000
     206025.000 ns	     20601	800046c8	098d0753	fsub.s	f14,f26,f24	 f26:0x00000001 f24:0x1f35048f f14=0x9f35048f
     206065.000 ns	     20605	800046cc	5809f7d3	fsqrt.s	f15,f19	 f19:0x7fc00000 f15=0x7fc00000
     206095.000 ns	     20608	800046d0	21709353	fsgnjn.s	f6,f1,f23	  f1:0x4f800000 f23:0x7fc00000  f6=0xcf800000
     206115.000 ns	     20610	800046d4	000212b3	sll	x5,x4,x0	  x4:0x00000000  x0:0x00000000  x5=0x00000000
     206125.000 ns	     20611	800046d8	004403b3	add	x7,x8,x4	  x8:0x80040fed  x4:0x00000000  x7=0x80040fed
     206135.000 ns	     20612	800046dc	0038b633	sltu	x12,x17,x3	 x17:0x80040fe4  x3:0x0000057a x12=0x00000000
     206145.000 ns	     20613	800046e0	003475b3	and	x11,x8,x3	  x8:0x80040fed  x3:0x0000057a x11=0x00000568
     206155.000 ns	     20614	800046e4	00b08633	add	x12,x1,x11	  x1:0x00000007 x11:0x00000001 x12=0x0000056f
     206185.000 ns	     20617	800046e8	1996f853	fdiv.s	f16,f13,f25	 f13:0x9f350483 f25:0x00000000 f16=0xff800000
     206215.000 ns	     20620	800046ec	20e380d3	fsgnj.s	f1,f7,f14	  f7:0x7fc00000 f14:0x9f35048f  f1=0xffc00000
     206235.000 ns	     20622	800046f0	01b080b3	add	x1,x1,x27	  x1:0x00000007 x27:0x7fffffff  x1=0x80000006
     206255.000 ns	     20624	800046f4	f0060553	fmv.w.x	f10,x12	 x12:0x0000056f f10=0x0000056f
     206275.000 ns	     20626	800046f8	00a7bf33	sltu	x30,x15,x10	 x15:0x00000007 x10:0x00000009 x30=0x00000001
     206295.000 ns	     20628	800046fc	21d82953	fsgnjx.s	f18,f16,f29	 f16:0xff800000 f29:0x00000000 f18=0xff800000
     206315.000 ns	     20630	80004700	d21e9517	auipc	x10,0xd21e9	 x10=0x521ed700
     206325.000 ns	     20631	80004704	00529793	slli	x15,x5,0x5	  x5:0x00000000 x15=0x00000000
     206685.000 ns	     20667	80004708	0292cf33	div	x30,x5,x9	  x5:0x00000000  x9:0x00000001 x30=0x00000000
     206715.000 ns	     20670	8000470c	c01dfb53	fcvt.wu.s	x22,f27	 f27:0xa5d8b9f6 x22=0x00000000
     206735.000 ns	     20672	80004710	00648eb3	add	x29,x9,x6	  x9:0x00000001  x6:0x00000000 x29=0x00000001
     206745.000 ns	     20673	80004714	00370933	add	x18,x14,x3	 x14:0x00000000  x3:0x0000057a x18=0x0000057a
     206775.000 ns	     20676	80004718	580bf153	fsqrt.s	f2,f23	 f23:0x7fc00000  f2=0x7fc00000
     206795.000 ns	     20678	8000471c	01392633	slt	x12,x18,x19	 x18:0xfd853000 x19:0x00000001 x12=0x00000000
     206815.000 ns	     20680	80004720	03eb3a33	mulhu	x20,x22,x30	 x22:0x00000000 x30:0x00000000 x20=0x00000000
     206845.000 ns	     20683	80004724	20db2e53	fsgnjx.s	f28,f22,f13	 f22:0x4f7fffff f13:0x9f350483 f28=0xcf7fffff
     206865.000 ns	     20685	80004728	6dbcba93	sltiu	x21,x25,1755	 x25:0x00000000 x21=0x00000001
     206885.000 ns	     20687	8000472c	020f8cb3	mul	x25,x31,x0	 x31:0x00000009  x0:0x00000000 x25=0x00000000
     206905.000 ns	     20689	80004730	00000013	addi	x0,x0,0	  x0:0x00000000
     206935.000 ns	     20692	80004734	10faafd3	fmul.s	f31,f21,f15	 f21:0x7fc00000 f15:0x7fc00000 f31=0x7fc00000
     206985.000 ns	     20697	80004738	096a11d3	fsub.s	f3,f20,f22	 f20:0x00000009 f22:0x4f7fffff  f3=0xcf7fffff
     207015.000 ns	     20700	8000473c	f0088ed3	fmv.w.x	f29,x17	 x17:0x80040fe4 f29=0x80040fe4
     207035.000 ns	     20702	80004740	da28ce17	auipc	x28,0xda28c	 x28=0x5a290740
     207055.000 ns	     20704	80004744	e00395d3	fclass.s	x11,f7	  f7:0x7fc00000 x11=0x00000200
     207075.000 ns	     20706	80004748	414b5933	sra	x18,x22,x20	 x22:0x00000000 x20:0x00000000 x18=0x00000000
     207085.000 ns	     20707	8000474c	00000013	addi	x0,x0,0	  x0:0x00000000
     207105.000 ns	     20709	80004750	218f8853	fsgnj.s	f16,f31,f24	 f31:0x7fc00000 f24:0x1f35048f f16=0x7fc00000
     207125.000 ns	     20711	80004754	01b8de33	srl	x28,x17,x27	 x17:0x80040fe4 x27:0x7fffffff x28=0x00000001
     207135.000 ns	     20712	80004758	401986b3	sub	x13,x19,x1	 x19:0x00000001  x1:0x80000006 x13=0x7ffffffb
     207155.000 ns	     20714	8000475c	c0027c53	fcvt.w.s	x24,f4	  f4:0x7fc00000 x24=0x7fffffff
     207175.000 ns	     20716	80004760	08855c97	auipc	x25,0x8855	 x25=0x88859760
     207185.000 ns	     20717	80004764	01d81433	sll	x8,x16,x29	 x16:0xfffffff7 x29:0x00000001  x8=0xffffffee
     207205.000 ns	     20719	80004768	a05c2553	feq.s	x10,f24,f5	 f24:0x1f35048f  f5:0x7fc00000 x10=0x00000000
     207225.000 ns	     20721	8000476c	01ccdd93	srli	x27,x25,0x1c	 x25:0x88859760 x27=0x00000008
     207245.000 ns	     20723	80004770	02539f33	mulh	x30,x7,x5	  x7:0x80040fed  x5:0x00000000 x30=0x00000000
     207265.000 ns	     20725	80004774	00000013	addi	x0,x0,0	  x0:0x00000000
     207285.000 ns	     20727	80004778	d01081d3	fcvt.s.wu	f3,x1	  x1:0x80000006  f3=0x4f000000
     207315.000 ns	     20730	8000477c	020d44b3	div	x9,x26,x0	 x26:0x7fffffff  x0:0x00000000  x9=0xffffffff
     207335.000 ns	     20732	80004780	01021493	slli	x9,x4,0x10	  x4:0x00000000  x9=0x00000000
     207365.000 ns	     20735	80004784	1904f053	fdiv.s	f0,f9,f16	  f9:0x7fc00000 f16:0x7fc00000  f0=0x7fc00000
     207385.000 ns	     20737	80004788	405dd0b3	sra	x1,x27,x5	 x27:0x00000008  x5:0x00000000  x1=0x00000008
     207405.000 ns	     20739	8000478c	28308053	fmin.s	f0,f1,f3	  f1:0xffc00000  f3:0x4f000000  f0=0x4f000000
     207425.000 ns	     20741	80004790	0192b933	sltu	x18,x5,x25	  x5:0x00000000 x25:0x88859760 x18=0x00000001
     207445.000 ns	     20743	80004794	e00a84d3	fmv.x.w	x9,f21	 f21:0x7fc00000  x9=0x7fc00000
     207465.000 ns	     20745	80004798	00e45833	srl	x16,x8,x14	  x8:0xffffffee x14:0x00000000 x16=0xffffffee
     207485.000 ns	     20747	8000479c	03672333	mulhsu	x6,x14,x22	 x14:0x00000000 x22:0x00000000  x6=0x00000000
     207505.000 ns	     20749	800047a0	ffca6d13	ori	x26,x20,-4	 x20:0x00000000 x26=0xfffffffc
     207525.000 ns	     20751	800047a4	03639db3	mulh	x27,x7,x22	  x7:0x80040fed x22:0x00000000 x27=0x00000000
     207545.000 ns	     20753	800047a8	0061bdb3	sltu	x27,x3,x6	  x3:0x0000057a  x6:0x00000000 x27=0x00000000
     207555.000 ns	     20754	800047ac	fafa4a93	xori	x21,x20,-81	 x20:0x00000000 x21=0xffffffaf
     207575.000 ns	     20756	800047b0	e00280d3	fmv.x.w	x1,f5	  f5:0x7fc00000  x1=0x7fc00000
     207605.000 ns	     20759	800047b4	29ef8dd3	fmin.s	f27,f31,f30	 f31:0x7fc00000 f30:0x7fc00000 f27=0x7fc00000
     207635.000 ns	     20762	800047b8	e0031653	fclass.s	x12,f6	  f6:0xcf800000 x12=0x00000002
     207665.000 ns	     20765	800047bc	d018fe53	fcvt.s.wu	f28,x17	 x17:0x80040fe4 f28=0x4f00040f
     207695.000 ns	     20768	800047c0	a0a29753	flt.s	x14,f5,f10	  f5:0x7fc00000 f10:0x0000056f x14=0x00000000
     207725.000 ns	     20771	800047c4	c0023b53	fcvt.w.s	x22,f4	  f4:0x7fc00000 x22=0x7fffffff
     207755.000 ns	     20774	800047c8	285282d3	fmin.s	f5,f5,f5	  f5:0x7fc00000  f5:0x7fc00000  f5=0x7fc00000
     207775.000 ns	     20776	800047cc	00000013	addi	x0,x0,0	  x0:0x00000000
     207785.000 ns	     20777	800047d0	0005ff33	and	x30,x11,x0	 x11:0x00000200  x0:0x00000000 x30=0x00000000
     207795.000 ns	     20778	800047d4	00f61913	slli	x18,x12,0xf	 x12:0x00000002 x18=0x00010000
     207815.000 ns	     20780	800047d8	c0147353	fcvt.wu.s	x6,f8	  f8:0x3f800000  x6=0x00000001
     207845.000 ns	     20783	800047dc	20a20cd3	fsgnj.s	f25,f4,f10	  f4:0x7fc00000 f10:0x0000056f f25=0x7fc00000
     207895.000 ns	     20788	800047e0	00ddf5d3	fadd.s	f11,f27,f13	 f27:0x7fc00000 f13:0x9f350483 f11=0x7fc00000
     207915.000 ns	     20790	800047e4	e5e3ce13	xori	x28,x7,-418	  x7:0x80040fed x28=0x7ffbf1b3
     207935.000 ns	     20792	800047e8	a1f08d53	fle.s	x26,f1,f31	  f1:0xffc00000 f31:0x7fc00000 x26=0x00000000
     207955.000 ns	     20794	800047ec	01f335b3	sltu	x11,x6,x31	  x6:0x00000001 x31:0x00000009 x11=0x00000001
     207965.000 ns	     20795	800047f0	fd357093	andi	x1,x10,-45	 x10:0x00000000  x1=0x00000000
     207975.000 ns	     20796	800047f4	00009513	slli	x10,x1,0x0	  x1:0x7fc00000 x10=0x00000000
     207995.000 ns	     20798	800047f8	e00d1653	fclass.s	x12,f26	 f26:0x00000001 x12=0x00000020
     208015.000 ns	     20800	800047fc	65613217	auipc	x4,0x65613	  x4=0xe56177fc
     208035.000 ns	     20802	80004800	d00478d3	fcvt.s.w	f17,x8	  x8:0xffffffee f17=0xc1900000
     208055.000 ns	     20804	80004804	3f8d2413	slti	x8,x26,1016	 x26:0x00000000  x8=0x00000001
     208065.000 ns	     20805	80004808	01aa3933	sltu	x18,x20,x26	 x20:0x00000000 x26:0x00000000 x18=0x00000000
     208075.000 ns	     20806	8000480c	406a5b13	srai	x22,x20,0x6	 x20:0x00000000 x22=0x00000000
     208095.000 ns	     20808	80004810	d01125d3	fcvt.s.wu	f11,x2	  x2:0xfd853000 f11=0x4f7d8530
     208115.000 ns	     20810	80004814	01368cb3	add	x25,x13,x19	 x13:0x7ffffffb x19:0x00000001 x25=0x7ffffffc
     208135.000 ns	     20812	80004818	c004b0d3	fcvt.w.s	x1,f9	  f9:0x7fc00000  x1=0x7fffffff
     208475.000 ns	     20846	8000481c	18a044d3	fdiv.s	f9,f0,f10	  f0:0x4f000000 f10:0x0000056f  f9=0x7f800000
     208505.000 ns	     20849	80004820	c00d7853	fcvt.w.s	x16,f26	 f26:0x00000001 x16=0x00000000
     208555.000 ns	     20854	80004824	01089253	fadd.s	f4,f17,f16	 f17:0xc1900000 f16:0x7fc00000  f4=0x7fc00000
     208605.000 ns	     20859	80004828	092df353	fsub.s	f6,f27,f18	 f27:0x7fc00000 f18:0xff800000  f6=0x7fc00000
     208625.000 ns	     20861	8000482c	c5ec4313	xori	x6,x24,-930	 x24:0x7fffffff  x6=0x800003a1
     208645.000 ns	     20863	80004830	a0f22153	feq.s	x2,f4,f15	  f4:0x7fc00000 f15:0x7fc00000  x2=0x00000000
     208665.000 ns	     20865	80004834	00e842b3	xor	x5,x16,x14	 x16:0x00000000 x14:0x00000000  x5=0x00000000
     208685.000 ns	     20867	80004838	022d8ab3	mul	x21,x27,x2	 x27:0x00000000  x2:0x00000000 x21=0x00000000
     208715.000 ns	     20870	8000483c	c01696d3	fcvt.wu.s	x13,f13	 f13:0x9f350483 x13=0x00000000
     208735.000 ns	     20872	80004840	00000013	addi	x0,x0,0	  x0:0x00000000
     209095.000 ns	     20908	80004844	0373d133	divu	x2,x7,x23	  x7:0x80040fed x23:0x80041024  x2=0x00000000
     209115.000 ns	     20910	80004848	3e460313	addi	x6,x12,996	 x12:0x00000020  x6=0x00000404
     209475.000 ns	     20946	8000484c	033c4c33	div	x24,x24,x19	 x24:0x7fffffff x19:0x00000001 x24=0x7fffffff
     209495.000 ns	     20948	80004850	40695933	sra	x18,x18,x6	 x18:0x00000000  x6:0x800003a1 x18=0x00000000
     209505.000 ns	     20949	80004854	00ba69b3	or	x19,x20,x11	 x20:0x00000000 x11:0x00000001 x19=0x00000001
     209515.000 ns	     20950	80004858	00000013	addi	x0,x0,0	  x0:0x00000000
     209535.000 ns	     20952	8000485c	a03f2ad3	feq.s	x21,f30,f3	 f30:0x7fc00000  f3:0x4f000000 x21=0x00000000
     209565.000 ns	     20955	80004860	d01ab0d3	fcvt.s.wu	f1,x21	 x21:0x00000000  f1=0x00000000
     209585.000 ns	     20957	80004864	01fc0cb3	add	x25,x24,x31	 x24:0x7fffffff x31:0x00000009 x25=0x80000008
     209605.000 ns	     20959	80004868	29bc02d3	fmin.s	f5,f24,f27	 f24:0x1f35048f f27:0x7fc00000  f5=0x1f35048f
     209975.000 ns	     20996	8000486c	02766eb3	rem	x29,x12,x7	 x12:0x00000020  x7:0x80040fed x29=0x00000020
     210005.000 ns	     20999	80004870	d01af153	fcvt.s.wu	f2,x21	 x21:0x00000000  f2=0x00000000
     210025.000 ns	     21001	80004874	00659613	slli	x12,x11,0x6	 x11:0x00000001 x12=0x00000040
     210045.000 ns	     21003	80004878	21308453	fsgnj.s	f8,f1,f19	  f1:0x00000000 f19:0x7fc00000  f8=0x00000000
     210065.000 ns	     21005	8000487c	dfe8be17	auipc	x28,0xdfe8b	 x28=0x5fe8f87c
     210085.000 ns	     21007	80004880	20631d53	fsgnjn.s	f26,f6,f6	  f6:0x7fc00000  f6:0x7fc00000 f26=0xffc00000
     210105.000 ns	     21009	80004884	00bc4133	xor	x2,x24,x11	 x24:0x7fffffff x11:0x00000001  x2=0x7ffffffe
     210125.000 ns	     21011	80004888	a10594d3	flt.s	x9,f11,f16	 f11:0x4f7d8530 f16:0x7fc00000  x9=0x00000000
     210145.000 ns	     21013	8000488c	a8676b37	lui	x22,0xa8676	 x22=0xa8676000
     210165.000 ns	     21015	80004890	a0722653	feq.s	x12,f4,f7	  f4:0x7fc00000  f7:0x7fc00000 x12=0x00000000
     210185.000 ns	     21017	80004894	01a694b3	sll	x9,x13,x26	 x13:0x00000000 x26:0x00000000  x9=0x00000000
     210195.000 ns	     21018	80004898	00efe6b3	or	x13,x31,x14	 x31:0x00000009 x14:0x00000000 x13=0x00000009
     210205.000 ns	     21019	8000489c	a93af3b7	lui	x7,0xa93af	  x7=0xa93af000
     210225.000 ns	     21021	800048a0	292781d3	fmin.s	f3,f15,f18	 f15:0x7fc00000 f18:0xff800000  f3=0xff800000
     210245.000 ns	     21023	800048a4	e2f06293	ori	x5,x0,-465	  x0:0x00000000  x5=0xfffffe2f
     210255.000 ns	     21024	800048a8	011f6db3	or	x27,x30,x17	 x30:0x00000000 x17:0x80040fe4 x27=0x80040fe4
     210295.000 ns	     21028	800048ac	0019f7d3	fadd.s	f15,f19,f1	 f19:0x7fc00000  f1:0x00000000 f15=0x7fc00000
     210325.000 ns	     21031	800048b0	02302f33	mulhsu	x30,x0,x3	  x0:0x00000000  x3:0x0000057a x30=0x00000000
     210355.000 ns	     21034	800048b4	c006f853	fcvt.w.s	x16,f13	 f13:0x9f350483 x16=0x00000000
     210375.000 ns	     21036	800048b8	3e290493	addi	x9,x18,994	 x18:0x00000000  x9=0x000003e2
     210405.000 ns	     21039	800048bc	11e671d3	fmul.s	f3,f12,f30	 f12:0x7f800000 f30:0x7fc00000  f3=0x7fc00000
     210445.000 ns	     21043	800048c0	580372d3	fsqrt.s	f5,f6	  f6:0x7fc00000  f5=0x7fc00000
     210475.000 ns	     21046	800048c4	d0109fd3	fcvt.s.wu	f31,x1	  x1:0x7fffffff f31=0x4effffff
     210495.000 ns	     21048	800048c8	00000013	addi	x0,x0,0	  x0:0x00000000
     210505.000 ns	     21049	800048cc	019d5293	srli	x5,x26,0x19	 x26:0x00000000  x5=0x00000000
     210515.000 ns	     21050	800048d0	415cd733	sra	x14,x25,x21	 x25:0x80000008 x21:0x00000000 x14=0x80000008
     210875.000 ns	     21086	800048d4	0225eeb3	rem	x29,x11,x2	 x11:0x00000001  x2:0x7ffffffe x29=0x00000001
     210895.000 ns	     21088	800048d8	d09b7313	andi	x6,x22,-759	 x22:0xa8676000  x6=0xa8676000
     210905.000 ns	     21089	800048dc	560a6d37	lui	x26,0x560a6	 x26=0x560a6000
     210925.000 ns	     21091	800048e0	02d0b933	mulhu	x18,x1,x13	  x1:0x7fffffff x13:0x00000009 x18=0x00000004
     210965.000 ns	     21095	800048e4	10fef953	fmul.s	f18,f29,f15	 f29:0x80040fe4 f15:0x7fc00000 f18=0x7fc00000
     210985.000 ns	     21097	800048e8	00c2c4b3	xor	x9,x5,x12	  x5:0x00000000 x12:0x00000000  x9=0x00000000
     211005.000 ns	     21099	800048ec	020a7233	remu	x4,x20,x0	 x20:0x00000000  x0:0x00000000  x4=0x00000000
     211025.000 ns	     21101	800048f0	98a67293	andi	x5,x12,-1654	 x12:0x00000000  x5=0x00000000
     211035.000 ns	     21102	800048f4	41458233	sub	x4,x11,x20	 x11:0x00000001 x20:0x00000000  x4=0x00000001
     211055.000 ns	     21104	800048f8	20b92053	fsgnjx.s	f0,f18,f11	 f18:0x7fc00000 f11:0x4f7d8530  f0=0x7fc00000
     211075.000 ns	     21106	800048fc	41ee5833	sra	x16,x28,x30	 x28:0x5fe8f87c x30:0x00000000 x16=0x5fe8f87c
     211085.000 ns	     21107	80004900	0987a293	slti	x5,x15,152	 x15:0x00000000  x5=0x00000001
     211095.000 ns	     21108	80004904	f4283413	sltiu	x8,x16,-190	 x16:0x00000000  x8=0x00000001
     211105.000 ns	     21109	80004908	405b8f33	sub	x30,x23,x5	 x23:0x80041024  x5:0x00000000 x30=0x80041023
     211125.000 ns	     21111	8000490c	f00503d3	fmv.w.x	f7,x10	 x10:0x00000000  f7=0x00000000
     211145.000 ns	     21113	80004910	000e4a97	auipc	x21,0xe4	 x21=0x800e8910
     211165.000 ns	     21115	80004914	d0173a53	fcvt.s.wu	f20,x14	 x14:0x80000008 f20=0x4f000001
     211195.000 ns	     21118	80004918	a0232dd3	feq.s	x27,f6,f2	  f6:0x7fc00000  f2:0x00000000 x27=0x00000000
     211225.000 ns	     21121	8000491c	02df2ab3	mulhsu	x21,x30,x13	 x30:0x80041023 x13:0x00000009 x21=0xfffffffb
     211245.000 ns	     21123	80004920	7e7fca93	xori	x21,x31,2023	 x31:0x00000009 x21=0x000007ee
     211265.000 ns	     21125	80004924	281a9ad3	fmax.s	f21,f21,f1	 f21:0x7fc00000  f1:0x00000000 f21=0x00000000
     211295.000 ns	     21128	80004928	025d8b33	mul	x22,x27,x5	 x27:0x00000000  x5:0x00000001 x22=0x00000000
     211325.000 ns	     21131	8000492c	e0069b53	fclass.s	x22,f13	 f13:0x9f350483 x22=0x00000002
     211345.000 ns	     21133	80004930	00eca1b3	slt	x3,x25,x14	 x25:0x80000008 x14:0x80000008  x3=0x00000000
     211355.000 ns	     21134	80004934	41e15db3	sra	x27,x2,x30	  x2:0x7ffffffe x30:0x80041023 x27=0x0fffffff
     211375.000 ns	     21136	80004938	03e9a4b3	mulhsu	x9,x19,x30	 x19:0x00000001 x30:0x80041023  x9=0x00000000
     211405.000 ns	     21139	8000493c	03d919b3	mulh	x19,x18,x29	 x18:0x00000004 x29:0x00000001 x19=0x00000000
     211455.000 ns	     21144	80004940	00b90f53	fadd.s	f30,f18,f11	 f18:0x7fc00000 f11:0x4f7d8530 f30=0x7fc00000
     211475.000 ns	     21146	80004944	412cd5b3	sra	x11,x25,x18	 x25:0x80000008 x18:0x00000004 x11=0xf8000000
     211505.000 ns	     21149	80004948	102a4d53	fmul.s	f26,f20,f2	 f20:0x4f000001  f2:0x00000000 f26=0x00000000
     211525.000 ns	     21151	8000494c	01b00733	add	x14,x0,x27	  x0:0x00000000 x27:0x0fffffff x14=0x0fffffff
     211545.000 ns	     21153	80004950	c01291d3	fcvt.wu.s	x3,f5	  f5:0x7fc00000  x3=0xffffffff
     211565.000 ns	     21155	80004954	f62ad4b7	lui	x9,0xf62ad	  x9=0xf62ad000
     211585.000 ns	     21157	80004958	0326bcb3	mulhu	x25,x13,x18	 x13:0x00000009 x18:0x00000004 x25=0x00000000
     211615.000 ns	     21160	8000495c	e00a9353	fclass.s	x6,f21	 f21:0x00000000  x6=0x00000010
     211635.000 ns	     21162	80004960	017427b3	slt	x15,x8,x23	  x8:0x00000001 x23:0x80041024 x15=0x00000000
     211655.000 ns	     21164	80004964	c01d70d3	fcvt.wu.s	x1,f26	 f26:0x00000000  x1=0x00000000
     211685.000 ns	     21167	80004968	e00e0653	fmv.x.w	x12,f28	 f28:0x4f00040f x12=0x4f00040f
     211705.000 ns	     21169	8000496c	003b67b3	or	x15,x22,x3	 x22:0x00000002  x3:0xffffffff x15=0xffffffff
     211725.000 ns	     21171	80004970	e0088253	fmv.x.w	x4,f17	 f17:0xc1900000  x4=0xc1900000
     211745.000 ns	     21173	80004974	00b9dd93	srli	x27,x19,0xb	 x19:0x00000000 x27=0x00000000
     211765.000 ns	     21175	80004978	21b122d3	fsgnjx.s	f5,f2,f27	  f2:0x00000000 f27:0x7fc00000  f5=0x00000000
     211785.000 ns	     21177	8000497c	015f1513	slli	x10,x30,0x15	 x30:0x80041023 x10=0x04600000
     211795.000 ns	     21178	80004980	017634b3	sltu	x9,x12,x23	 x12:0x4f00040f x23:0x80041024  x9=0x00000001
     211815.000 ns	     21180	80004984	21299653	fsgnjn.s	f12,f19,f18	 f19:0x7fc00000 f18:0x7fc00000 f12=0xffc00000
     212185.000 ns	     21217	80004988	02d7d833	divu	x16,x15,x13	 x15:0xffffffff x13:0x00000009 x16=0x1c71c71c
     212215.000 ns	     21220	8000498c	e00584d3	fmv.x.w	x9,f11	 f11:0x4f7d8530  x9=0x4f7d8530
     212255.000 ns	     21224	80004990	580d35d3	fsqrt.s	f11,f26	 f26:0x00000000 f11=0x00000000
     212275.000 ns	     21226	80004994	14577f13	andi	x30,x14,325	 x14:0x0fffffff x30=0x00000145
     212295.000 ns	     21228	80004998	026f0c33	mul	x24,x30,x6	 x30:0x80041023  x6:0x00000010 x24=0x00001450
     212315.000 ns	     21230	8000499c	00dd0533	add	x10,x26,x13	 x26:0x560a6000 x13:0x00000009 x10=0x560a6009
     212325.000 ns	     21231	800049a0	01ac5693	srli	x13,x24,0x1a	 x24:0x00001450 x13=0x00000000
     212345.000 ns	     21233	800049a4	d011f1d3	fcvt.s.wu	f3,x3	  x3:0xffffffff  f3=0x4f7fffff
     212375.000 ns	     21236	800049a8	205290d3	fsgnjn.s	f1,f5,f5	  f5:0x00000000  f5:0x00000000  f1=0x80000000
     212395.000 ns	     21238	800049ac	0a208d93	addi	x27,x1,162	  x1:0x00000000 x27=0x000000a2
     212415.000 ns	     21240	800049b0	a1f11c53	flt.s	x24,f2,f31	  f2:0x00000000 f31:0x4effffff x24=0x00000001
     212445.000 ns	     21243	800049b4	20d11b53	fsgnjn.s	f22,f2,f13	  f2:0x00000000 f13:0x9f350483 f22=0x00000000
     212475.000 ns	     21246	800049b8	e00a02d3	fmv.x.w	x5,f20	 f20:0x4f000001  x5=0x4f000001
     212505.000 ns	     21249	800049bc	290b8dd3	fmin.s	f27,f23,f16	 f23:0x7fc00000 f16:0x7fc00000 f27=0x7fc00000
     212535.000 ns	     21252	800049c0	d01a84d3	fcvt.s.wu	f9,x21	 x21:0x000007ee  f9=0x44fdc000
     212555.000 ns	     21254	800049c4	b6206817	auipc	x16,0xb6206	 x16=0x3620a9c4
     212565.000 ns	     21255	800049c8	403a50b3	sra	x1,x20,x3	 x20:0x00000000  x3:0xffffffff  x1=0x00000000
     212585.000 ns	     21257	800049cc	035a8233	mul	x4,x21,x21	 x21:0x000007ee x21:0x000007ee  x4=0x003ee144
     212615.000 ns	     21260	800049d0	a05aa653	feq.s	x12,f21,f5	 f21:0x00000000  f5:0x00000000 x12=0x00000001
     212645.000 ns	     21263	800049d4	28431bd3	fmax.s	f23,f6,f4	  f6:0x7fc00000  f4:0x7fc00000 f23=0x7fc00000
     212685.000 ns	     21267	800049d8	1864a1d3	fdiv.s	f3,f9,f6	  f9:0x44fdc000  f6:0x7fc00000  f3=0x7fc00000
     212715.000 ns	     21270	800049dc	a0520c53	fle.s	x24,f4,f5	  f4:0x7fc00000  f5:0x00000000 x24=0x00000000
     212735.000 ns	     21272	800049e0	d1912913	slti	x18,x2,-743	  x2:0x7ffffffe x18=0x00000000
     212755.000 ns	     21274	800049e4	290a85d3	fmin.s	f11,f21,f16	 f21:0x00000000 f16:0x7fc00000 f11=0x00000000
     212775.000 ns	     21276	800049e8	e7266113	ori	x2,x12,-398	 x12:0x00000001  x2=0xfffffe73
     212785.000 ns	     21277	800049ec	0bb6f793	andi	x15,x13,187	 x13:0x00000000 x15=0x00000000
     212795.000 ns	     21278	800049f0	00ab62b3	or	x5,x22,x10	 x22:0x00000002 x10:0x560a6009  x5=0x560a600b
     212805.000 ns	     21279	800049f4	c0e46417	auipc	x8,0xc0e46	  x8=0x40e4a9f4
     212815.000 ns	     21280	800049f8	00229f13	slli	x30,x5,0x2	  x5:0x4f000001 x30=0x5829802c
     212845.000 ns	     21283	800049fc	1869f2d3	fdiv.s	f5,f19,f6	 f19:0x7fc00000  f6:0x7fc00000  f5=0x7fc00000
     212865.000 ns	     21285	80004a00	01c79293	slli	x5,x15,0x1c	 x15:0x00000000  x5=0x00000000
     212875.000 ns	     21286	80004a04	3cc16313	ori	x6,x2,972	  x2:0xfffffe73  x6=0xffffffff
     212885.000 ns	     21287	80004a08	01409f33	sll	x30,x1,x20	  x1:0x00000000 x20:0x00000000 x30=0x00000000
     212895.000 ns	     21288	80004a0c	51dfa593	slti	x11,x31,1309	 x31:0x00000009 x11=0x00000001
     212905.000 ns	     21289	80004a10	001a4c33	xor	x24,x20,x1	 x20:0x00000000  x1:0x00000000 x24=0x00000000
     212925.000 ns	     21291	80004a14	d019f253	fcvt.s.wu	f4,x19	 x19:0x00000000  f4=0x00000000
     212955.000 ns	     21294	80004a18	289d1253	fmax.s	f4,f26,f9	 f26:0x00000000  f9:0x44fdc000  f4=0x44fdc000
     213325.000 ns	     21331	80004a1c	03b4c5b3	div	x11,x9,x27	  x9:0x4f7d8530 x27:0x000000a2 x11=0x007d9d44
     213345.000 ns	     21333	80004a20	5775fa93	andi	x21,x11,1399	 x11:0x00000001 x21=0x00000544
     213365.000 ns	     21335	80004a24	e00f1c53	fclass.s	x24,f30	 f30:0x7fc00000 x24=0x00000200
     213385.000 ns	     21337	80004a28	0177d7b3	srl	x15,x15,x23	 x15:0x00000000 x23:0x80041024 x15=0x00000000
     213405.000 ns	     21339	80004a2c	c01c1753	fcvt.wu.s	x14,f24	 f24:0x1f35048f x14=0x00000000
     213435.000 ns	     21342	80004a30	02713533	mulhu	x10,x2,x7	  x2:0xfffffe73  x7:0xa93af000 x10=0xa93aeef9
     213465.000 ns	     21345	80004a34	e00b9f53	fclass.s	x30,f23	 f23:0x7fc00000 x30=0x00000200
     213485.000 ns	     21347	80004a38	01b7c6b3	xor	x13,x15,x27	 x15:0x00000000 x27:0x000000a2 x13=0x000000a2
     213495.000 ns	     21348	80004a3c	4114d4b3	sra	x9,x9,x17	  x9:0x4f7d8530 x17:0x80040fe4  x9=0x04f7d853
     213515.000 ns	     21350	80004a40	02b68db3	mul	x27,x13,x11	 x13:0x00000000 x11:0x007d9d44 x27=0x4f7d8508
     213545.000 ns	     21353	80004a44	c013fc53	fcvt.wu.s	x24,f7	  f7:0x00000000 x24=0x00000000
     213575.000 ns	     21356	80004a48	03740db3	mul	x27,x8,x23	  x8:0x40e4a9f4 x23:0x80041024 x27=0x12972650
     213605.000 ns	     21359	80004a4c	032dc6b3	div	x13,x27,x18	 x27:0x4f7d8508 x18:0x00000000 x13=0xffffffff
     213635.000 ns	     21362	80004a50	03201033	mulh	x0,x0,x18	  x0:0x00000000 x18:0x00000000
     213655.000 ns	     21364	80004a54	01c9b433	sltu	x8,x19,x28	 x19:0x00000000 x28:0x5fe8f87c  x8=0x00000001
     213675.000 ns	     21366	80004a58	02e7ef33	rem	x30,x15,x14	 x15:0x00000000 x14:0x00000000 x30=0x00000000
     213695.000 ns	     21368	80004a5c	01b1d9b3	srl	x19,x3,x27	  x3:0xffffffff x27:0x12972650 x19=0x0000ffff
     213715.000 ns	     21370	80004a60	e00515d3	fclass.s	x11,f10	 f10:0x0000056f x11=0x00000020
     213735.000 ns	     21372	80004a64	554d09b7	lui	x19,0x554d0	 x19=0x554d0000
     213755.000 ns	     21374	80004a68	a0450753	fle.s	x14,f10,f4	 f10:0x0000056f  f4:0x44fdc000 x14=0x00000001
     213785.000 ns	     21377	80004a6c	d0117453	fcvt.s.wu	f8,x2	  x2:0xfffffe73  f8=0x4f7ffffe
     213815.000 ns	     21380	80004a70	21e02153	fsgnjx.s	f2,f0,f30	  f0:0x7fc00000 f30:0x7fc00000  f2=0x7fc00000
     213865.000 ns	     21385	80004a74	01db41d3	fadd.s	f3,f22,f29	 f22:0x00000000 f29:0x80040fe4  f3=0x80040fe4
     213885.000 ns	     21387	80004a78	21fb6413	ori	x8,x22,543	 x22:0x00000002  x8=0x0000021f
     213905.000 ns	     21389	80004a7c	c0177453	fcvt.wu.s	x8,f14	 f14:0x9f35048f  x8=0x00000000
     213925.000 ns	     21391	80004a80	7bcabe93	sltiu	x29,x21,1980	 x21:0x00000544 x29=0x00000001
     213945.000 ns	     21393	80004a84	02f74c33	div	x24,x14,x15	 x14:0x00000001 x15:0x00000000 x24=0xffffffff
     213965.000 ns	     21395	80004a88	41b38ab3	sub	x21,x7,x27	  x7:0xa93af000 x27:0x12972650 x21=0x96a3c9b0
     213985.000 ns	     21397	80004a8c	c0137753	fcvt.wu.s	x14,f6	  f6:0x7fc00000 x14=0xffffffff
     214005.000 ns	     21399	80004a90	00de1e93	slli	x29,x28,0xd	 x28:0x5fe8f87c x29=0x1f0f8000
     214045.000 ns	     21403	80004a94	01147053	fadd.s	f0,f8,f17	  f8:0x4f7ffffe f17:0xc1900000  f0=0x4f7ffffd
     214065.000 ns	     21405	80004a98	6ca02e93	slti	x29,x0,1738	  x0:0x00000000 x29=0x00000001
     214085.000 ns	     21407	80004a9c	215a95d3	fsgnjn.s	f11,f21,f21	 f21:0x00000000 f21:0x00000000 f11=0x80000000
     214105.000 ns	     21409	80004aa0	f3a69197	auipc	x3,0xf3a69	  x3=0x73a6daa0
     214125.000 ns	     21411	80004aa4	c00d3f53	fcvt.w.s	x30,f26	 f26:0x00000000 x30=0x00000000
     214145.000 ns	     21413	80004aa8	017e87b3	add	x15,x29,x23	 x29:0x00000001 x23:0x80041024 x15=0x80041025
     214165.000 ns	     21415	80004aac	030a0033	mul	x0,x20,x16	 x20:0x00000000 x16:0x3620a9c4
     214195.000 ns	     21418	80004ab0	e0098853	fmv.x.w	x16,f19	 f19:0x7fc00000 x16=0x7fc00000
     214215.000 ns	     21420	80004ab4	d9ee0713	addi	x14,x28,-610	 x28:0x5fe8f87c x14=0x5fe8f61a
     214235.000 ns	     21422	80004ab8	0396f5b3	remu	x11,x13,x25	 x13:0xffffffff x25:0x00000000 x11=0xffffffff
     214255.000 ns	     21424	80004abc	ccc60993	addi	x19,x12,-820	 x12:0x00000001 x19=0xfffffccd
     214275.000 ns	     21426	80004ac0	021f7eb3	remu	x29,x30,x1	 x30:0x00000000  x1:0x00000000 x29=0x00000000
     214305.000 ns	     21429	80004ac4	c0057dd3	fcvt.w.s	x27,f10	 f10:0x0000056f x27=0x00000000
     214345.000 ns	     21433	80004ac8	11757253	fmul.s	f4,f10,f23	 f10:0x0000056f f23:0x7fc00000  f4=0x7fc00000
     214365.000 ns	     21435	80004acc	005dda33	srl	x20,x27,x5	 x27:0x00000000  x5:0x00000000 x20=0x00000000
     214405.000 ns	     21439	80004ad0	081c4ed3	fsub.s	f29,f24,f1	 f24:0x1f35048f  f1:0x80000000 f29=0x1f35048f
     214445.000 ns	     21443	80004ad4	10e0f753	fmul.s	f14,f1,f14	  f1:0x80000000 f14:0x9f35048f f14=0x00000000
     214485.000 ns	     21447	80004ad8	58037353	fsqrt.s	f6,f6	  f6:0x7fc00000  f6=0x7fc00000
     214515.000 ns	     21450	80004adc	e00f00d3	fmv.x.w	x1,f30	 f30:0x7fc00000  x1=0x7fc00000
     214545.000 ns	     21453	80004ae0	0375aeb3	mulhsu	x29,x11,x23	 x11:0xffffffff x23:0x80041024 x29=0xffffffff
     214575.000 ns	     21456	80004ae4	039e4db3	div	x27,x28,x25	 x28:0x5fe8f87c x25:0x00000000 x27=0xffffffff
     214595.000 ns	     21458	80004ae8	008b11b3	sll	x3,x22,x8	 x22:0x00000002  x8:0x00000000  x3=0x00000002
     214605.000 ns	     21459	80004aec	0146ceb3	xor	x29,x13,x20	 x13:0xffffffff x20:0x00000000 x29=0xffffffff
     214615.000 ns	     21460	80004af0	4110d313	srai	x6,x1,0x11	  x1:0x7fc00000  x6=0x00003fe0
     214625.000 ns	     21461	80004af4	fd832c13	slti	x24,x6,-40	  x6:0xffffffff x24=0x00000000
     214635.000 ns	     21462	80004af8	01a8bd33	sltu	x26,x17,x26	 x17:0x80040fe4 x26:0x560a6000 x26=0x00000000
     214995.000 ns	     21498	80004afc	02a4c233	div	x4,x9,x10	  x9:0x04f7d853 x10:0xa93aeef9  x4=0x00000000
     215025.000 ns	     21501	80004b00	036d0cb3	mul	x25,x26,x22	 x26:0x560a6000 x22:0x00000002 x25=0x00000000
     215055.000 ns	     21504	80004b04	c0132b53	fcvt.wu.s	x22,f6	  f6:0x7fc00000 x22=0xffffffff
     215075.000 ns	     21506	80004b08	4acda293	slti	x5,x27,1196	 x27:0xffffffff  x5=0x00000001
     215085.000 ns	     21507	80004b0c	0138a3b3	slt	x7,x17,x19	 x17:0x80040fe4 x19:0xfffffccd  x7=0x00000001
     215095.000 ns	     21508	80004b10	00254633	xor	x12,x10,x2	 x10:0xa93aeef9  x2:0xfffffe73 x12=0x56c5108a
     215115.000 ns	     21510	80004b14	c017f2d3	fcvt.wu.s	x5,f15	 f15:0x7fc00000  x5=0xffffffff
     215145.000 ns	     21513	80004b18	c008f853	fcvt.w.s	x16,f17	 f17:0xc1900000 x16=0x00000012
     215175.000 ns	     21516	80004b1c	297b15d3	fmax.s	f11,f22,f23	 f22:0x00000000 f23:0x7fc00000 f11=0x00000000
     215195.000 ns	     21518	80004b20	83a5e393	ori	x7,x11,-1990	 x11:0xffffffff  x7=0xffffffff
     215225.000 ns	     21521	80004b24	11daf8d3	fmul.s	f17,f21,f29	 f21:0x00000000 f29:0x1f35048f f17=0x00000000
     215255.000 ns	     21524	80004b28	d00dfad3	fcvt.s.w	f21,x27	 x27:0xffffffff f21=0xbf800000
     215285.000 ns	     21527	80004b2c	f0000fd3	fmv.w.x	f31,x0	  x0:0x00000000 f31=0x00000000
     215315.000 ns	     21530	80004b30	f0088d53	fmv.w.x	f26,x17	 x17:0x80040fe4 f26=0x80040fe4
     215335.000 ns	     21532	80004b34	01f0da33	srl	x20,x1,x31	  x1:0x7fc00000 x31:0x00000009 x20=0x003fe000
     215345.000 ns	     21533	80004b38	411b5313	srai	x6,x22,0x11	 x22:0xffffffff  x6=0xffffffff
     215365.000 ns	     21535	80004b3c	a04a82d3	fle.s	x5,f21,f4	 f21:0xbf800000  f4:0x7fc00000  x5=0x00000000
     215395.000 ns	     21538	80004b40	f0040bd3	fmv.w.x	f23,x8	  x8:0x00000000 f23=0x00000000
     215425.000 ns	     21541	80004b44	03cb0d33	mul	x26,x22,x28	 x22:0xffffffff x28:0x5fe8f87c x26=0xa0170784
     215455.000 ns	     21544	80004b48	035d1833	mulh	x16,x26,x21	 x26:0x00000000 x21:0x96a3c9b0 x16=0x277919fd
     216635.000 ns	     21662	80004b4c	580e88d3	fsqrt.s	f17,f29	 f29:0x1f35048f f17=0x2effff36
     216655.000 ns	     21664	80004b50	008292b3	sll	x5,x5,x8	  x5:0x00000000  x8:0x00000000  x5=0x00000000
     216665.000 ns	     21665	80004b54	00fefe33	and	x28,x29,x15	 x29:0xffffffff x15:0x80041025 x28=0x80041025
     216675.000 ns	     21666	80004b58	00b24833	xor	x16,x4,x11	  x4:0x00000000 x11:0xffffffff x16=0xffffffff
     216685.000 ns	     21667	80004b5c	010120b3	slt	x1,x2,x16	  x2:0xfffffe73 x16:0x277919fd  x1=0x00000001
     216705.000 ns	     21669	80004b60	020bd933	divu	x18,x23,x0	 x23:0x80041024  x0:0x00000000 x18=0xffffffff
     216735.000 ns	     21672	80004b64	029b2d33	mulhsu	x26,x22,x9	 x22:0xffffffff  x9:0x04f7d853 x26=0xffffffff
     216765.000 ns	     21675	80004b68	d01df953	fcvt.s.wu	f18,x27	 x27:0xffffffff f18=0x4f7fffff
     216795.000 ns	     21678	80004b6c	e0080a53	fmv.x.w	x20,f16	 f16:0x7fc00000 x20=0x7fc00000
     216815.000 ns	     21680	80004b70	00dd1633	sll	x12,x26,x13	 x26:0xffffffff x13:0xffffffff x12=0x80000000
     216825.000 ns	     21681	80004b74	41b482b3	sub	x5,x9,x27	  x9:0x04f7d853 x27:0xffffffff  x5=0x04f7d854
     216845.000 ns	     21683	80004b78	281c8dd3	fmin.s	f27,f25,f1	 f25:0x7fc00000  f1:0x80000000 f27=0x80000000
     216865.000 ns	     21685	80004b7c	ea44e313	ori	x6,x9,-348	  x9:0x04f7d853  x6=0xfffffef7
     216885.000 ns	     21687	80004b80	f00e8e53	fmv.w.x	f28,x29	 x29:0xffffffff f28=0xffffffff
     216905.000 ns	     21689	80004b84	01788133	add	x2,x17,x23	 x17:0x80040fe4 x23:0x80041024  x2=0x00082008
     216915.000 ns	     21690	80004b88	007f8433	add	x8,x31,x7	 x31:0x00000009  x7:0xffffffff  x8=0x00000008
     216945.000 ns	     21693	80004b8c	19c4ff53	fdiv.s	f30,f9,f28	  f9:0x44fdc000 f28:0xffffffff f30=0x7fc00000
     216985.000 ns	     21697	80004b90	580f35d3	fsqrt.s	f11,f30	 f30:0x7fc00000 f11=0x7fc00000
     217005.000 ns	     21699	80004b94	40605793	srai	x15,x0,0x6	  x0:0x00000000 x15=0x00000000
     217025.000 ns	     21701	80004b98	f00d0cd3	fmv.w.x	f25,x26	 x26:0xffffffff f25=0xffffffff
     217055.000 ns	     21704	80004b9c	a04f0853	fle.s	x16,f30,f4	 f30:0x7fc00000  f4:0x7fc00000 x16=0x00000000
     217075.000 ns	     21706	80004ba0	6ec7ef13	ori	x30,x15,1772	 x15:0x00000000 x30=0x000006ec
     217095.000 ns	     21708	80004ba4	21320553	fsgnj.s	f10,f4,f19	  f4:0x7fc00000 f19:0x7fc00000 f10=0x7fc00000
     217125.000 ns	     21711	80004ba8	c004f0d3	fcvt.w.s	x1,f9	  f9:0x44fdc000  x1=0x000007ee
     217155.000 ns	     21714	80004bac	e00590d3	fclass.s	x1,f11	 f11:0x7fc00000  x1=0x00000200
     217175.000 ns	     21716	80004bb0	01c1af33	slt	x30,x3,x28	  x3:0x00000002 x28:0x80041025 x30=0x00000000
     217185.000 ns	     21717	80004bb4	9e14c993	xori	x19,x9,-1567	  x9:0x04f7d853 x19=0xfb0821b2
     217545.000 ns	     21753	80004bb8	02cb6433	rem	x8,x22,x12	 x22:0xffffffff x12:0x80000000  x8=0xffffffff
     217575.000 ns	     21756	80004bbc	c01a32d3	fcvt.wu.s	x5,f20	 f20:0x4f000001  x5=0x80000100
     217605.000 ns	     21759	80004bc0	e00c95d3	fclass.s	x11,f25	 f25:0xffffffff x11=0x00000200
     217625.000 ns	     21761	80004bc4	fbf8f493	andi	x9,x17,-65	 x17:0x80040fe4  x9=0x80040fa4
     217645.000 ns	     21763	80004bc8	291796d3	fmax.s	f13,f15,f17	 f15:0x7fc00000 f17:0x2effff36 f13=0x2effff36
     217675.000 ns	     21766	80004bcc	295c8853	fmin.s	f16,f25,f21	 f25:0xffffffff f21:0xbf800000 f16=0xbf800000
     217695.000 ns	     21768	80004bd0	40d80c33	sub	x24,x16,x13	 x16:0x00000000 x13:0xffffffff x24=0x00000001
     217705.000 ns	     21769	80004bd4	c2b3ce13	xori	x28,x7,-981	  x7:0xffffffff x28=0x000003d4
     217715.000 ns	     21770	80004bd8	016f0433	add	x8,x30,x22	 x30:0x00000000 x22:0xffffffff  x8=0xffffffff
     217735.000 ns	     21772	80004bdc	d00f7053	fcvt.s.w	f0,x30	 x30:0x00000000  f0=0x00000000
     217765.000 ns	     21775	80004be0	02ff87b3	mul	x15,x31,x15	 x31:0x00000009 x15:0x00000000 x15=0x00000000
     217785.000 ns	     21777	80004be4	252b3d93	sltiu	x27,x22,594	 x22:0xffffffff x27=0x00000000
     217795.000 ns	     21778	80004be8	010f4db3	xor	x27,x30,x16	 x30:0x00000000 x16:0x00000000 x27=0x00000000
     217815.000 ns	     21780	80004bec	03b4c933	div	x18,x9,x27	  x9:0x80040fa4 x27:0xffffffff x18=0xffffffff
     217835.000 ns	     21782	80004bf0	01ae61b3	or	x3,x28,x26	 x28:0x000003d4 x26:0xffffffff  x3=0xffffffff
     217845.000 ns	     21783	80004bf4	4680a593	slti	x11,x1,1128	  x1:0x00000200 x11=0x00000001
     217865.000 ns	     21785	80004bf8	026eb4b3	mulhu	x9,x29,x6	 x29:0xffffffff  x6:0xfffffef7  x9=0xfffffef6
     217885.000 ns	     21787	80004bfc	acd23c13	sltiu	x24,x4,-1331	  x4:0x00000000 x24=0x00000001
     217905.000 ns	     21789	80004c00	03fdaeb3	mulhsu	x29,x27,x31	 x27:0x00000000 x31:0x00000009 x29=0x00000000
     217925.000 ns	     21791	80004c04	018c3733	sltu	x14,x24,x24	 x24:0x00000001 x24:0x00000001 x14=0x00000000
     217935.000 ns	     21792	80004c08	012c65b3	or	x11,x24,x18	 x24:0x00000001 x18:0xffffffff x11=0xffffffff
     217945.000 ns	     21793	80004c0c	009123b3	slt	x7,x2,x9	  x2:0x00082008  x9:0xfffffef6  x7=0x00000000
     217965.000 ns	     21795	80004c10	a04502d3	fle.s	x5,f10,f4	 f10:0x7fc00000  f4:0x7fc00000  x5=0x00000000
     217995.000 ns	     21798	80004c14	a1749ad3	flt.s	x21,f9,f23	  f9:0x44fdc000 f23:0x00000000 x21=0x00000000
     219175.000 ns	     21916	80004c18	5808b9d3	fsqrt.s	f19,f17	 f17:0x2effff36 f19=0x36b50463
     219195.000 ns	     21918	80004c1c	7702f017	auipc	x0,0x7702f	
     219205.000 ns	     21919	80004c20	01950633	add	x12,x10,x25	 x10:0xa93aeef9 x25:0x00000000 x12=0xa93aeef9
     219215.000 ns	     21920	80004c24	41b855b3	sra	x11,x16,x27	 x16:0x00000000 x27:0x00000000 x11=0x00000000
     219225.000 ns	     21921	80004c28	0ef56497	auipc	x9,0xef56	  x9=0x8ef5ac28
     219585.000 ns	     21957	80004c2c	026fdab3	divu	x21,x31,x6	 x31:0x00000009  x6:0xfffffef7 x21=0x00000000
     219615.000 ns	     21960	80004c30	02f5aeb3	mulhsu	x29,x11,x15	 x11:0x00000000 x15:0x00000000 x29=0x00000000
     219645.000 ns	     21963	80004c34	03ef2e33	mulhsu	x28,x30,x30	 x30:0x00000000 x30:0x00000000 x28=0x00000000
     219665.000 ns	     21965	80004c38	0189d1b3	srl	x3,x19,x24	 x19:0xfb0821b2 x24:0x00000001  x3=0x7d8410d9
     219675.000 ns	     21966	80004c3c	002069b3	or	x19,x0,x2	  x0:0x00000000  x2:0x00082008 x19=0x00082008
     219685.000 ns	     21967	80004c40	00c6a233	slt	x4,x13,x12	 x13:0xffffffff x12:0xa93aeef9  x4=0x00000000
     219695.000 ns	     21968	80004c44	0046ef33	or	x30,x13,x4	 x13:0xffffffff  x4:0x00000000 x30=0xffffffff
     219705.000 ns	     21969	80004c48	00779db3	sll	x27,x15,x7	 x15:0x00000000  x7:0x00000000 x27=0x00000000
     219725.000 ns	     21971	80004c4c	0374b733	mulhu	x14,x9,x23	  x9:0x8ef5ac28 x23:0x80041024 x14=0x477d1aee
     219745.000 ns	     21973	80004c50	a3de2793	slti	x15,x28,-1475	 x28:0x00000000 x15=0x00000000
     219765.000 ns	     21975	80004c54	a07007d3	fle.s	x15,f0,f7	  f0:0x00000000  f7:0x00000000 x15=0x00000001
     219795.000 ns	     21978	80004c58	c0124953	fcvt.wu.s	x18,f4	  f4:0x7fc00000 x18=0xffffffff
     219825.000 ns	     21981	80004c5c	d01e28d3	fcvt.s.wu	f17,x28	 x28:0x00000000 f17=0x00000000
     219855.000 ns	     21984	80004c60	0394f5b3	remu	x11,x9,x25	  x9:0x8ef5ac28 x25:0x00000000 x11=0x8ef5ac28
     219875.000 ns	     21986	80004c64	01429f33	sll	x30,x5,x20	  x5:0x00000000 x20:0x7fc00000 x30=0x00000000
     219895.000 ns	     21988	80004c68	02dda5b3	mulhsu	x11,x27,x13	 x27:0x00000000 x13:0xffffffff x11=0x00000000
     219925.000 ns	     21991	80004c6c	280185d3	fmin.s	f11,f3,f0	  f3:0x80040fe4  f0:0x00000000 f11=0x80040fe4
     219965.000 ns	     21995	80004c70	197a7153	fdiv.s	f2,f20,f23	 f20:0x4f000001 f23:0x00000000  f2=0x7f800000
     219995.000 ns	     21998	80004c74	e00796d3	fclass.s	x13,f15	 f15:0x7fc00000 x13=0x00000200
     220035.000 ns	     22002	80004c78	19b48bd3	fdiv.s	f23,f9,f27	  f9:0x44fdc000 f27:0x80000000 f23=0xff800000
     220065.000 ns	     22005	80004c7c	03a51eb3	mulh	x29,x10,x26	 x10:0xa93aeef9 x26:0xffffffff x29=0x00000000
     220085.000 ns	     22007	80004c80	400fd933	sra	x18,x31,x0	 x31:0x00000009  x0:0x00000000 x18=0x00000009
     220105.000 ns	     22009	80004c84	02510333	mul	x6,x2,x5	  x2:0x00082008  x5:0x00000000  x6=0x00000000
     221285.000 ns	     22127	80004c88	580ef1d3	fsqrt.s	f3,f29	 f29:0x1f35048f  f3=0x2effff36
     221315.000 ns	     22130	80004c8c	200714d3	fsgnjn.s	f9,f14,f0	 f14:0x00000000  f0:0x00000000  f9=0x80000000
     221335.000 ns	     22132	80004c90	00000013	addi	x0,x0,0	  x0:0x00000000
     221345.000 ns	     22133	80004c94	00f15433	srl	x8,x2,x15	  x2:0x00082008 x15:0x00000001  x8=0x00041004
     221385.000 ns	     22137	80004c98	0128fad3	fadd.s	f21,f17,f18	 f17:0x00000000 f18:0x4f7fffff f21=0x4f7fffff
     221415.000 ns	     22140	80004c9c	03924ab3	div	x21,x4,x25	  x4:0x00000000 x25:0x00000000 x21=0xffffffff
     221445.000 ns	     22143	80004ca0	21d22f53	fsgnjx.s	f30,f4,f29	  f4:0x7fc00000 f29:0x1f35048f f30=0x7fc00000
     221475.000 ns	     22146	80004ca4	211e2dd3	fsgnjx.s	f27,f28,f17	 f28:0xffffffff f17:0x00000000 f27=0xffffffff
     221505.000 ns	     22149	80004ca8	28b61f53	fmax.s	f30,f12,f11	 f12:0xffc00000 f11:0x80040fe4 f30=0x80040fe4
     221535.000 ns	     22152	80004cac	d00c0653	fcvt.s.w	f12,x24	 x24:0x00000001 f12=0x3f800000
     221555.000 ns	     22154	80004cb0	01387333	and	x6,x16,x19	 x16:0x00000000 x19:0x00082008  x6=0x00000000
     221595.000 ns	     22158	80004cb4	00e496d3	fadd.s	f13,f9,f14	  f9:0x80000000 f14:0x00000000 f13=0x00000000
     221615.000 ns	     22160	80004cb8	0199c933	xor	x18,x19,x25	 x19:0x00082008 x25:0x00000000 x18=0x00082008
     221635.000 ns	     22162	80004cbc	a02f9253	flt.s	x4,f31,f2	 f31:0x00000000  f2:0x7f800000  x4=0x00000001
     221665.000 ns	     22165	80004cc0	d00ef5d3	fcvt.s.w	f11,x29	 x29:0x00000000 f11=0x00000000
     221695.000 ns	     22168	80004cc4	d01128d3	fcvt.s.wu	f17,x2	  x2:0x00082008 f17=0x49020080
     221725.000 ns	     22171	80004cc8	20e0a253	fsgnjx.s	f4,f1,f14	  f1:0x80000000 f14:0x00000000  f4=0x80000000
     221775.000 ns	     22176	80004ccc	0133f0d3	fadd.s	f1,f7,f19	  f7:0x00000000 f19:0x36b50463  f1=0x36b50463
     221805.000 ns	     22179	80004cd0	d0182953	fcvt.s.wu	f18,x16	 x16:0x00000000 f18=0x00000000
     221825.000 ns	     22181	80004cd4	f8af8613	addi	x12,x31,-118	 x31:0x00000009 x12=0xffffff93
     221835.000 ns	     22182	80004cd8	004cf533	and	x10,x25,x4	 x25:0x00000000  x4:0x00000001 x10=0x00000000
     221855.000 ns	     22184	80004cdc	c006f253	fcvt.w.s	x4,f13	 f13:0x00000000  x4=0x00000000
     221875.000 ns	     22186	80004ce0	4090d3b3	sra	x7,x1,x9	  x1:0x00000200  x9:0x8ef5ac28  x7=0x00000002
     221895.000 ns	     22188	80004ce4	218c1753	fsgnjn.s	f14,f24,f24	 f24:0x1f35048f f24:0x1f35048f f14=0x9f35048f
     221925.000 ns	     22191	80004ce8	29a00cd3	fmin.s	f25,f0,f26	  f0:0x00000000 f26:0x80040fe4 f25=0x80040fe4
     221955.000 ns	     22194	80004cec	e00d07d3	fmv.x.w	x15,f26	 f26:0x80040fe4 x15=0x80040fe4
     221985.000 ns	     22197	80004cf0	d00cfad3	fcvt.s.w	f21,x25	 x25:0x00000000 f21=0x00000000
     222015.000 ns	     22200	80004cf4	d017bf53	fcvt.s.wu	f30,x15	 x15:0x80040fe4 f30=0x4f000410
     222045.000 ns	     22203	80004cf8	214084d3	fsgnj.s	f9,f1,f20	  f1:0x36b50463 f20:0x4f000001  f9=0x36b50463
     222075.000 ns	     22206	80004cfc	a0421cd3	flt.s	x25,f4,f4	  f4:0x80000000  f4:0x80000000 x25=0x00000000
     222095.000 ns	     22208	80004d00	f6ef3097	auipc	x1,0xf6ef3	  x1=0x76ef7d00
     222115.000 ns	     22210	80004d04	a01b2dd3	feq.s	x27,f22,f1	 f22:0x00000000  f1:0x36b50463 x27=0x00000000
     222135.000 ns	     22212	80004d08	dbb93313	sltiu	x6,x18,-581	 x18:0x00082008  x6=0x00000001
     222495.000 ns	     22248	80004d0c	021dcab3	div	x21,x27,x1	 x27:0x00000000  x1:0x76ef7d00 x21=0x00000000
     222525.000 ns	     22251	80004d10	03537733	remu	x14,x6,x21	  x6:0x00000000 x21:0xffffffff x14=0x00000001
     222545.000 ns	     22253	80004d14	0017d813	srli	x16,x15,0x1	 x15:0x80040fe4 x16=0x400207f2
     222555.000 ns	     22254	80004d18	01241a93	slli	x21,x8,0x12	  x8:0x00041004 x21=0x40100000
     222575.000 ns	     22256	80004d1c	024891b3	mulh	x3,x17,x4	 x17:0x80040fe4  x4:0x00000000  x3=0x00000000
     222605.000 ns	     22259	80004d20	03b72cb3	mulhsu	x25,x14,x27	 x14:0x00000001 x27:0x00000000 x25=0x00000000
     222645.000 ns	     22263	80004d24	19e7a353	fdiv.s	f6,f15,f30	 f15:0x7fc00000 f30:0x4f000410  f6=0x7fc00000
     222675.000 ns	     22266	80004d28	0250ba33	mulhu	x20,x1,x5	  x1:0x76ef7d00  x5:0x00000000 x20=0x00000000
     222695.000 ns	     22268	80004d2c	b682fc13	andi	x24,x5,-1176	  x5:0x00000000 x24=0x00000000
     222705.000 ns	     22269	80004d30	00c79533	sll	x10,x15,x12	 x15:0x80040fe4 x12:0xffffff93 x10=0x7f200000
     222715.000 ns	     22270	80004d34	0038b633	sltu	x12,x17,x3	 x17:0x80040fe4  x3:0x00000000 x12=0x00000000
     222735.000 ns	     22272	80004d38	20871053	fsgnjn.s	f0,f14,f8	 f14:0x9f35048f  f8:0x4f7ffffe  f0=0x9f35048f
     222765.000 ns	     22275	80004d3c	d01f79d3	fcvt.s.wu	f19,x30	 x30:0x00000000 f19=0x00000000
     223135.000 ns	     22312	80004d40	02aed3b3	divu	x7,x29,x10	 x29:0x00000000 x10:0x7f200000  x7=0x00000000
     223165.000 ns	     22315	80004d44	215e8353	fsgnj.s	f6,f29,f21	 f29:0x1f35048f f21:0x00000000  f6=0x1f35048f
     223195.000 ns	     22318	80004d48	28df19d3	fmax.s	f19,f30,f13	 f30:0x4f000410 f13:0x00000000 f19=0x4f000410
     223215.000 ns	     22320	80004d4c	65d6c693	xori	x13,x13,1629	 x13:0x00000200 x13=0x0000045d
     223235.000 ns	     22322	80004d50	28f58653	fmin.s	f12,f11,f15	 f11:0x00000000 f15:0x7fc00000 f12=0x00000000
     223285.000 ns	     22327	80004d54	09127b53	fsub.s	f22,f4,f17	  f4:0x80000000 f17:0x49020080 f22=0xc9020080
     223315.000 ns	     22330	80004d58	f00b0ad3	fmv.w.x	f21,x22	 x22:0xffffffff f21=0xffffffff
     223335.000 ns	     22332	80004d5c	01f6cb33	xor	x22,x13,x31	 x13:0x0000045d x31:0x00000009 x22=0x00000454
     223695.000 ns	     22368	80004d60	03aaf033	remu	x0,x21,x26	 x21:0x40100000 x26:0xffffffff
     224875.000 ns	     22486	80004d64	580883d3	fsqrt.s	f7,f17	 f17:0x49020080  f7=0x43b7d942
     224905.000 ns	     22489	80004d68	0250bab3	mulhu	x21,x1,x5	  x1:0x76ef7d00  x5:0x00000000 x21=0x00000000
     224935.000 ns	     22492	80004d6c	e0059d53	fclass.s	x26,f11	 f11:0x00000000 x26=0x00000010
     224985.000 ns	     22497	80004d70	090938d3	fsub.s	f17,f18,f16	 f18:0x00000000 f16:0xbf800000 f17=0x3f800000
     225015.000 ns	     22500	80004d74	29140753	fmin.s	f14,f8,f17	  f8:0x4f7ffffe f17:0x49020080 f14=0x3f800000
     225045.000 ns	     22503	80004d78	02b53233	mulhu	x4,x10,x11	 x10:0x7f200000 x11:0x00000000  x4=0x00000000
     225075.000 ns	     22506	80004d7c	e00b8153	fmv.x.w	x2,f23	 f23:0xff800000  x2=0xff800000
     225115.000 ns	     22510	80004d80	58057653	fsqrt.s	f12,f10	 f10:0x7fc00000 f12=0x7fc00000
     225145.000 ns	     22513	80004d84	c0042a53	fcvt.w.s	x20,f8	  f8:0x4f7ffffe x20=0x7fffffff
     225165.000 ns	     22515	80004d88	e3d26813	ori	x16,x4,-451	  x4:0x00000000 x16=0xfffffe3d
     225525.000 ns	     22551	80004d8c	026752b3	divu	x5,x14,x6	 x14:0x00000001  x6:0x00000001  x5=0x00000001
     225545.000 ns	     22553	80004d90	017b70b3	and	x1,x22,x23	 x22:0x00000454 x23:0x80041024  x1=0x00000004
     225555.000 ns	     22554	80004d94	402bd213	srai	x4,x23,0x2	 x23:0x80041024  x4=0xe0010409
     225565.000 ns	     22555	80004d98	01a339b3	sltu	x19,x6,x26	  x6:0x00000001 x26:0x00000010 x19=0x00000001
     225585.000 ns	     22557	80004d9c	d012a153	fcvt.s.wu	f2,x5	  x5:0x00000001  f2=0x3f800000
     225605.000 ns	     22559	80004da0	8ca1e413	ori	x8,x3,-1846	  x3:0x00000000  x8=0xfffff8ca
     225615.000 ns	     22560	80004da4	419505b3	sub	x11,x10,x25	 x10:0x7f200000 x25:0x00000000 x11=0x7f200000
     225625.000 ns	     22561	80004da8	005cd033	srl	x0,x25,x5	 x25:0x00000000  x5:0x00000001
     225635.000 ns	     22562	80004dac	401a8933	sub	x18,x21,x1	 x21:0x00000000  x1:0x00000004 x18=0xfffffffc
     225645.000 ns	     22563	80004db0	852a0013	addi	x0,x20,-1966	 x20:0x7fffffff
     225655.000 ns	     22564	80004db4	8b608613	addi	x12,x1,-1866	  x1:0x00000004 x12=0xfffff8ba
     225665.000 ns	     22565	80004db8	884de993	ori	x19,x27,-1916	 x27:0x00000000 x19=0xfffff884
     225685.000 ns	     22567	80004dbc	f0020453	fmv.w.x	f8,x4	  x4:0xe0010409  f8=0xe0010409
     225705.000 ns	     22569	80004dc0	01851193	slli	x3,x10,0x18	 x10:0x7f200000  x3=0x00000000
     225715.000 ns	     22570	80004dc4	01a806b3	add	x13,x16,x26	 x16:0xfffffe3d x26:0x00000010 x13=0xfffffe4d
     225735.000 ns	     22572	80004dc8	29af0d53	fmin.s	f26,f30,f26	 f30:0x4f000410 f26:0x80040fe4 f26=0x80040fe4
     225765.000 ns	     22575	80004dcc	d0157fd3	fcvt.s.wu	f31,x10	 x10:0x7f200000 f31=0x4efe4000
     225795.000 ns	     22578	80004dd0	02b1b733	mulhu	x14,x3,x11	  x3:0x00000000 x11:0x7f200000 x14=0x00000000
     225815.000 ns	     22580	80004dd4	0007d593	srli	x11,x15,0x0	 x15:0x80040fe4 x11=0x80040fe4
     225825.000 ns	     22581	80004dd8	403a5493	srai	x9,x20,0x3	 x20:0x7fffffff  x9=0x0fffffff
     225835.000 ns	     22582	80004ddc	007fde93	srli	x29,x31,0x7	 x31:0x00000009 x29=0x00000000
     225855.000 ns	     22584	80004de0	21e009d3	fsgnj.s	f19,f0,f30	  f0:0x9f35048f f30:0x4f000410 f19=0x1f35048f
     225885.000 ns	     22587	80004de4	032eaa33	mulhsu	x20,x29,x18	 x29:0x00000000 x18:0xfffffffc x20=0x00000000
     225915.000 ns	     22590	80004de8	c00ec553	fcvt.w.s	x10,f29	 f29:0x1f35048f x10=0x00000000
     225945.000 ns	     22593	80004dec	211b91d3	fsgnjn.s	f3,f23,f17	 f23:0xff800000 f17:0x3f800000  f3=0xff800000
     225985.000 ns	     22597	80004df0	5807b2d3	fsqrt.s	f5,f15	 f15:0x7fc00000  f5=0x7fc00000
     226005.000 ns	     22599	80004df4	00b6fab3	and	x21,x13,x11	 x13:0xfffffe4d x11:0x80040fe4 x21=0x80040e44
     226015.000 ns	     22600	80004df8	01f79493	slli	x9,x15,0x1f	 x15:0x80040fe4  x9=0x00000000
     226035.000 ns	     22602	80004dfc	a0a490d3	flt.s	x1,f9,f10	  f9:0x36b50463 f10:0x7fc00000  x1=0x00000000
     226065.000 ns	     22605	80004e00	d018c253	fcvt.s.wu	f4,x17	 x17:0x80040fe4  f4=0x4f000410
     226085.000 ns	     22607	80004e04	9c514993	xori	x19,x2,-1595	  x2:0xff800000 x19=0x007ff9c5
     226105.000 ns	     22609	80004e08	c00bfdd3	fcvt.w.s	x27,f23	 f23:0xff800000 x27=0x80000000
     226135.000 ns	     22612	80004e0c	a1ce8853	fle.s	x16,f29,f28	 f29:0x1f35048f f28:0xffffffff x16=0x00000000
     226165.000 ns	     22615	80004e10	28a99e53	fmax.s	f28,f19,f10	 f19:0x1f35048f f10:0x7fc00000 f28=0x1f35048f
     226185.000 ns	     22617	80004e14	010d8c33	add	x24,x27,x16	 x27:0x80000000 x16:0x00000000 x24=0x80000000
     226195.000 ns	     22618	80004e18	afeac013	xori	x0,x21,-1282	 x21:0x80040e44
     226215.000 ns	     22620	80004e1c	e00282d3	fmv.x.w	x5,f5	  f5:0x7fc00000  x5=0x7fc00000
     226235.000 ns	     22622	80004e20	01d1f933	and	x18,x3,x29	  x3:0x00000000 x29:0x00000000 x18=0x00000000
     226255.000 ns	     22624	80004e24	a0a1a953	feq.s	x18,f3,f10	  f3:0xff800000 f10:0x7fc00000 x18=0x00000000
     226285.000 ns	     22627	80004e28	02380ab3	mul	x21,x16,x3	 x16:0x00000000  x3:0x00000000 x21=0x00000000
     226305.000 ns	     22629	80004e2c	40498633	sub	x12,x19,x4	 x19:0x007ff9c5  x4:0xe0010409 x12=0x207ef5bc
     226665.000 ns	     22665	80004e30	03a7c433	div	x8,x15,x26	 x15:0x80040fe4 x26:0x00000010  x8=0xf80040ff
     226685.000 ns	     22667	80004e34	41785033	sra	x0,x16,x23	 x16:0x00000000 x23:0x80041024
     226705.000 ns	     22669	80004e38	28ec1153	fmax.s	f2,f24,f14	 f24:0x1f35048f f14:0x3f800000  f2=0x3f800000
     226725.000 ns	     22671	80004e3c	00c11213	slli	x4,x2,0xc	  x2:0xff800000  x4=0x00000000
     226745.000 ns	     22673	80004e40	e00e0ed3	fmv.x.w	x29,f28	 f28:0x1f35048f x29=0x1f35048f
     226785.000 ns	     22677	80004e44	1956c153	fdiv.s	f2,f13,f21	 f13:0x00000000 f21:0xffffffff  f2=0x7fc00000
     226805.000 ns	     22679	80004e48	003f9533	sll	x10,x31,x3	 x31:0x00000009  x3:0x00000000 x10=0x00000009
     226815.000 ns	     22680	80004e4c	00000013	addi	x0,x0,0	  x0:0x00000000
     226825.000 ns	     22681	80004e50	01df7f33	and	x30,x30,x29	 x30:0x00000000 x29:0x1f35048f x30=0x00000000
     226835.000 ns	     22682	80004e54	01599c93	slli	x25,x19,0x15	 x19:0x007ff9c5 x25=0x38a00000
     226855.000 ns	     22684	80004e58	219c2253	fsgnjx.s	f4,f24,f25	 f24:0x1f35048f f25:0x80040fe4  f4=0x9f35048f
     226875.000 ns	     22686	80004e5c	4fa1fa13	andi	x20,x3,1274	  x3:0x00000000 x20=0x00000000
     226885.000 ns	     22687	80004e60	8b337513	andi	x10,x6,-1869	  x6:0x00000001 x10=0x00000001
     226895.000 ns	     22688	80004e64	41965a33	sra	x20,x12,x25	 x12:0x207ef5bc x25:0x38a00000 x20=0x207ef5bc
     227255.000 ns	     22724	80004e68	0349eb33	rem	x22,x19,x20	 x19:0x007ff9c5 x20:0x00000000 x22=0x007ff9c5
     227275.000 ns	     22726	80004e6c	004d9133	sll	x2,x27,x4	 x27:0x80000000  x4:0x00000000  x2=0x80000000
     227285.000 ns	     22727	80004e70	e6d72c13	slti	x24,x14,-403	 x14:0x00000000 x24=0x00000000
     227295.000 ns	     22728	80004e74	bf734f13	xori	x30,x6,-1033	  x6:0x00000001 x30=0xfffffbf6
     227305.000 ns	     22729	80004e78	1257d797	auipc	x15,0x1257d	 x15=0x92581e78
     227315.000 ns	     22730	80004e7c	5e30bc13	sltiu	x24,x1,1507	  x1:0x00000000 x24=0x00000001
     227335.000 ns	     22732	80004e80	f00a0b53	fmv.w.x	f22,x20	 x20:0x207ef5bc f22=0x207ef5bc
     227385.000 ns	     22737	80004e84	09561853	fsub.s	f16,f12,f21	 f12:0x7fc00000 f21:0xffffffff f16=0x7fc00000
     227415.000 ns	     22740	80004e88	a00b9ad3	flt.s	x21,f23,f0	 f23:0xff800000  f0:0x9f35048f x21=0x00000001
     227435.000 ns	     22742	80004e8c	40af5513	srai	x10,x30,0xa	 x30:0xfffffbf6 x10=0xfffffffe
     227455.000 ns	     22744	80004e90	c00ef2d3	fcvt.w.s	x5,f29	 f29:0x1f35048f  x5=0x00000000
     227475.000 ns	     22746	80004e94	01677e33	and	x28,x14,x22	 x14:0x00000000 x22:0x007ff9c5 x28=0x00000000
     228645.000 ns	     22863	80004e98	58071f53	fsqrt.s	f30,f14	 f14:0x3f800000 f30=0x3f7fffae
     228675.000 ns	     22866	80004e9c	d00ac253	fcvt.s.w	f4,x21	 x21:0x00000001  f4=0x3f800000
     228695.000 ns	     22868	80004ea0	a7c0a397	auipc	x7,0xa7c0a	  x7=0x27c0eea0
     228705.000 ns	     22869	80004ea4	416c8233	sub	x4,x25,x22	 x25:0x38a00000 x22:0x007ff9c5  x4=0x3820063b
     228735.000 ns	     22872	80004ea8	117d7ed3	fmul.s	f29,f26,f23	 f26:0x80040fe4 f23:0xff800000 f29=0x7f800000
     228765.000 ns	     22875	80004eac	038d16b3	mulh	x13,x26,x24	 x26:0x00000010 x24:0x00000001 x13=0x00000000
     228785.000 ns	     22877	80004eb0	012f1c33	sll	x24,x30,x18	 x30:0xfffffbf6 x18:0x00000000 x24=0xfffffbf6
     228795.000 ns	     22878	80004eb4	75a6a737	lui	x14,0x75a6a	 x14=0x75a6a000
     228825.000 ns	     22881	80004eb8	11d742d3	fmul.s	f5,f14,f29	 f14:0x3f800000 f29:0x7f800000  f5=0x7f800000
     228845.000 ns	     22883	80004ebc	14a72a13	slti	x20,x14,330	 x14:0x00000000 x20=0x00000000
     228855.000 ns	     22884	80004ec0	00965b33	srl	x22,x12,x9	 x12:0x207ef5bc  x9:0x00000000 x22=0x207ef5bc
     228865.000 ns	     22885	80004ec4	40b8dc93	srai	x25,x17,0xb	 x17:0x80040fe4 x25=0xfff00081
     228875.000 ns	     22886	80004ec8	01df3933	sltu	x18,x30,x29	 x30:0xfffffbf6 x29:0x1f35048f x18=0x00000000
     228895.000 ns	     22888	80004ecc	20ae2fd3	fsgnjx.s	f31,f28,f10	 f28:0x1f35048f f10:0x7fc00000 f31=0x1f35048f
     228915.000 ns	     22890	80004ed0	00000013	addi	x0,x0,0	  x0:0x00000000
     228925.000 ns	     22891	80004ed4	0077d0b3	srl	x1,x15,x7	 x15:0x92581e78  x7:0x27c0eea0  x1=0x92581e78
     228945.000 ns	     22893	80004ed8	c0138ad3	fcvt.wu.s	x21,f7	  f7:0x43b7d942 x21=0x00000170
     228995.000 ns	     22898	80004edc	0903fbd3	fsub.s	f23,f7,f16	  f7:0x43b7d942 f16:0x7fc00000 f23=0x7fc00000
     229015.000 ns	     22900	80004ee0	00521d93	slli	x27,x4,0x5	  x4:0x3820063b x27=0x0400c760
     229035.000 ns	     22902	80004ee4	02142833	mulhsu	x16,x8,x1	  x8:0xf80040ff  x1:0x92581e78 x16=0xfb6d6434
     229055.000 ns	     22904	80004ee8	2e232393	slti	x7,x6,738	  x6:0x00000001  x7=0x00000001
     229065.000 ns	     22905	80004eec	40f0d133	sra	x2,x1,x15	  x1:0x92581e78 x15:0x92581e78  x2=0xffffff92
     229085.000 ns	     22907	80004ef0	213422d3	fsgnjx.s	f5,f8,f19	  f8:0xe0010409 f19:0x1f35048f  f5=0xe0010409
     229455.000 ns	     22944	80004ef4	03aedcb3	divu	x25,x29,x26	 x29:0x1f35048f x26:0x00000010 x25=0x01f35048
     229475.000 ns	     22946	80004ef8	d840ba13	sltiu	x20,x1,-636	  x1:0x92581e78 x20=0x00000001
     229495.000 ns	     22948	80004efc	c01740d3	fcvt.wu.s	x1,f14	 f14:0x3f800000  x1=0x00000001
     229865.000 ns	     22985	80004f00	036c7eb3	remu	x29,x24,x22	 x24:0xfffffbf6 x22:0x207ef5bc x29=0x1c8743d2
     229895.000 ns	     22988	80004f04	0352aa33	mulhsu	x20,x5,x21	  x5:0x00000000 x21:0x00000170 x20=0x00000000
     229925.000 ns	     22991	80004f08	03ca37b3	mulhu	x15,x20,x28	 x20:0x00000001 x28:0x00000000 x15=0x00000000
     229955.000 ns	     22994	80004f0c	21621753	fsgnjn.s	f14,f4,f22	  f4:0x3f800000 f22:0x207ef5bc f14=0xbf800000
     229975.000 ns	     22996	80004f10	0079b933	sltu	x18,x19,x7	 x19:0x007ff9c5  x7:0x00000001 x18=0x00000000
     230015.000 ns	     23000	80004f14	08b1ad53	fsub.s	f26,f3,f11	  f3:0xff800000 f11:0x00000000 f26=0xff800000
     230045.000 ns	     23003	80004f18	e0098353	fmv.x.w	x6,f19	 f19:0x1f35048f  x6=0x1f35048f
     230065.000 ns	     23005	80004f1c	41f25993	srai	x19,x4,0x1f	  x4:0x3820063b x19=0x00000000
     230085.000 ns	     23007	80004f20	205a81d3	fsgnj.s	f3,f21,f5	 f21:0xffffffff  f5:0xe0010409  f3=0xffffffff
     230125.000 ns	     23011	80004f24	11fc7bd3	fmul.s	f23,f24,f31	 f24:0x1f35048f f31:0x1f35048f f23=0x7efffee4
     230145.000 ns	     23013	80004f28	952b2693	slti	x13,x22,-1710	 x22:0x207ef5bc x13=0x00000000
     231315.000 ns	     23130	80004f2c	580e7ad3	fsqrt.s	f21,f28	 f28:0x1f35048f f21=0x2effff36
     231345.000 ns	     23133	80004f30	d0187053	fcvt.s.wu	f0,x16	 x16:0xfb6d6434  f0=0x4f7b6d64
     231375.000 ns	     23136	80004f34	023967b3	rem	x15,x18,x3	 x18:0x00000000  x3:0x00000000 x15=0x00000000
     231395.000 ns	     23138	80004f38	00b04933	xor	x18,x0,x11	  x0:0x00000000 x11:0x80040fe4 x18=0x80040fe4
     231405.000 ns	     23139	80004f3c	1caaad37	lui	x26,0x1caaa	 x26=0x1caaa000
     231425.000 ns	     23141	80004f40	28f382d3	fmin.s	f5,f7,f15	  f7:0x43b7d942 f15:0x7fc00000  f5=0x43b7d942
     231445.000 ns	     23143	80004f44	01f2ba33	sltu	x20,x5,x31	  x5:0x00000000 x31:0x00000009 x20=0x00000001
     231465.000 ns	     23145	80004f48	212e8cd3	fsgnj.s	f25,f29,f18	 f29:0x7f800000 f18:0x00000000 f25=0x7f800000
     231835.000 ns	     23182	80004f4c	0318c033	div	x0,x17,x17	 x17:0x80040fe4 x17:0x80040fe4
     231855.000 ns	     23184	80004f50	bd002ab7	lui	x21,0xbd002	 x21=0xbd002000
     231875.000 ns	     23186	80004f54	c003f553	fcvt.w.s	x10,f7	  f7:0x43b7d942 x10=0x0000016f
     231895.000 ns	     23188	80004f58	d7562137	lui	x2,0xd7562	  x2=0xd7562000
     231915.000 ns	     23190	80004f5c	a08dad53	feq.s	x26,f27,f8	 f27:0xffffffff  f8:0xe0010409 x26=0x00000000
     231965.000 ns	     23195	80004f60	018b07d3	fadd.s	f15,f22,f24	 f22:0x207ef5bc f24:0x1f35048f f15=0x20961b70
     231995.000 ns	     23198	80004f64	f00803d3	fmv.w.x	f7,x16	 x16:0xfb6d6434  f7=0xfb6d6434
     232015.000 ns	     23200	80004f68	b92e4913	xori	x18,x28,-1134	 x28:0x00000000 x18=0xfffffb92
     232055.000 ns	     23204	80004f6c	0158bbd3	fadd.s	f23,f17,f21	 f17:0x3f800000 f21:0x2effff36 f23=0x3f800001
     232095.000 ns	     23208	80004f70	187cfc53	fdiv.s	f24,f25,f7	 f25:0x7f800000  f7:0xfb6d6434 f24=0xff800000
     232125.000 ns	     23211	80004f74	208908d3	fsgnj.s	f17,f18,f8	 f18:0x00000000  f8:0xe0010409 f17=0x80000000
     232155.000 ns	     23214	80004f78	d00727d3	fcvt.s.w	f15,x14	 x14:0x75a6a000 f15=0x4eeb4d40
     232195.000 ns	     23218	80004f7c	10ec7cd3	fmul.s	f25,f24,f14	 f24:0xff800000 f14:0xbf800000 f25=0x7f800000
     232225.000 ns	     23221	80004f80	a0098553	fle.s	x10,f19,f0	 f19:0x1f35048f  f0:0x4f7b6d64 x10=0x00000001
     232245.000 ns	     23223	80004f84	41c6d4b3	sra	x9,x13,x28	 x13:0x00000000 x28:0x00000000  x9=0x00000000
     232265.000 ns	     23225	80004f88	299010d3	fmax.s	f1,f0,f25	  f0:0x4f7b6d64 f25:0x7f800000  f1=0x7f800000
     232295.000 ns	     23228	80004f8c	e00e92d3	fclass.s	x5,f29	 f29:0x7f800000  x5=0x00000080
     232325.000 ns	     23231	80004f90	e00f0dd3	fmv.x.w	x27,f30	 f30:0x3f7fffae x27=0x3f7fffae
     232355.000 ns	     23234	80004f94	e00b14d3	fclass.s	x9,f22	 f22:0x207ef5bc  x9=0x00000040
     232385.000 ns	     23237	80004f98	207d01d3	fsgnj.s	f3,f26,f7	 f26:0xff800000  f7:0xfb6d6434  f3=0xff800000
     232405.000 ns	     23239	80004f9c	005b1f33	sll	x30,x22,x5	 x22:0x207ef5bc  x5:0x00000080 x30=0x207ef5bc
     232435.000 ns	     23242	80004fa0	5801fad3	fsqrt.s	f21,f3	  f3:0xff800000 f21=0x7fc00000
     232465.000 ns	     23245	80004fa4	210da953	fsgnjx.s	f18,f27,f16	 f27:0xffffffff f16:0x7fc00000 f18=0xffffffff
     232485.000 ns	     23247	80004fa8	01b2d1b3	srl	x3,x5,x27	  x5:0x00000080 x27:0x3f7fffae  x3=0x00000000
     232505.000 ns	     23249	80004fac	e0050653	fmv.x.w	x12,f10	 f10:0x7fc00000 x12=0x7fc00000
     232525.000 ns	     23251	80004fb0	004ced33	or	x26,x25,x4	 x25:0x01f35048  x4:0x3820063b x26=0x39f3567b
     232545.000 ns	     23253	80004fb4	02553a33	mulhu	x20,x10,x5	 x10:0x00000001  x5:0x00000080 x20=0x00000000
     232565.000 ns	     23255	80004fb8	009b6c33	or	x24,x22,x9	 x22:0x207ef5bc  x9:0x00000040 x24=0x207ef5fc
     233575.000 ns	     23356	80004fbc	580e1dd3	fsqrt.s	f27,f28	 f28:0x1f35048f f27=0x2effff36
     233945.000 ns	     23393	80004fc0	02c9c533	div	x10,x19,x12	 x19:0x00000000 x12:0x7fc00000 x10=0x00000000
     233975.000 ns	     23396	80004fc4	02df7ab3	remu	x21,x30,x13	 x30:0x207ef5bc x13:0x00000000 x21=0x207ef5bc
     234005.000 ns	     23399	80004fc8	a1ad0e53	fle.s	x28,f26,f26	 f26:0xff800000 f26:0xff800000 x28=0x00000001
     234035.000 ns	     23402	80004fcc	d00ac4d3	fcvt.s.w	f9,x21	 x21:0x207ef5bc  f9=0x4e01fbd7
     234055.000 ns	     23404	80004fd0	417bd093	srai	x1,x23,0x17	 x23:0x80041024  x1=0xffffff00
     234065.000 ns	     23405	80004fd4	000b1213	slli	x4,x22,0x0	 x22:0x207ef5bc  x4=0x207ef5bc
     234085.000 ns	     23407	80004fd8	f00f8553	fmv.w.x	f10,x31	 x31:0x00000009 f10=0x00000009
     234135.000 ns	     23412	80004fdc	094325d3	fsub.s	f11,f6,f20	  f6:0x1f35048f f20:0x4f000001 f11=0xcf000001
     234155.000 ns	     23414	80004fe0	01421233	sll	x4,x4,x20	  x4:0x207ef5bc x20:0x00000000  x4=0x207ef5bc
     235325.000 ns	     23531	80004fe4	5809fed3	fsqrt.s	f29,f19	 f19:0x1f35048f f29=0x2effff36
     235345.000 ns	     23533	80004fe8	ac57fc13	andi	x24,x15,-1339	 x15:0x00000000 x24=0x00000000
     235365.000 ns	     23535	80004fec	02871ab3	mulh	x21,x14,x8	 x14:0x75a6a000  x8:0xf80040ff x21=0xfc52e8de
     235395.000 ns	     23538	80004ff0	21f12053	fsgnjx.s	f0,f2,f31	  f2:0x7fc00000 f31:0x1f35048f  f0=0x7fc00000
     235415.000 ns	     23540	80004ff4	41db5e13	srai	x28,x22,0x1d	 x22:0x207ef5bc x28=0x00000001
     235425.000 ns	     23541	80004ff8	f5dae493	ori	x9,x21,-163	 x21:0xfc52e8de  x9=0xffffffdf
     235445.000 ns	     23543	80004ffc	a1ed11d3	flt.s	x3,f26,f30	 f26:0xff800000 f30:0x3f7fffae  x3=0x00000001
     235475.000 ns	     23546	80005000	28058bd3	fmin.s	f23,f11,f0	 f11:0xcf000001  f0:0x7fc00000 f23=0xcf000001
     235505.000 ns	     23549	80005004	d01a7653	fcvt.s.wu	f12,x20	 x20:0x00000000 f12=0x00000000
     235525.000 ns	     23551	80005008	41398933	sub	x18,x19,x19	 x19:0x00000000 x19:0x00000000 x18=0x00000000
     235545.000 ns	     23553	8000500c	297d1a53	fmax.s	f20,f26,f23	 f26:0xff800000 f23:0xcf000001 f20=0xcf000001
     235575.000 ns	     23556	80005010	0203feb3	remu	x29,x7,x0	  x7:0x00000001  x0:0x00000000 x29=0x00000001
     235625.000 ns	     23561	80005014	0077b053	fadd.s	f0,f15,f7	 f15:0x4eeb4d40  f7:0xfb6d6434  f0=0xfb6d6434
     235645.000 ns	     23563	80005018	da700f13	addi	x30,x0,-601	  x0:0x00000000 x30=0xfffffda7
     235655.000 ns	     23564	8000501c	a1197d13	andi	x26,x18,-1519	 x18:0x00000000 x26=0x00000000
     235675.000 ns	     23566	80005020	29361a53	fmax.s	f20,f12,f19	 f12:0x00000000 f19:0x1f35048f f20=0x1f35048f
     235695.000 ns	     23568	80005024	40668833	sub	x16,x13,x6	 x13:0x00000000  x6:0x1f35048f x16=0xe0cafb71
     235715.000 ns	     23570	80005028	29629253	fmax.s	f4,f5,f22	  f5:0x43b7d942 f22:0x207ef5bc  f4=0x43b7d942
     235745.000 ns	     23573	8000502c	f00c8053	fmv.w.x	f0,x25	 x25:0x01f35048  f0=0x01f35048
     235775.000 ns	     23576	80005030	c009fd53	fcvt.w.s	x26,f19	 f19:0x1f35048f x26=0x00000000
     235815.000 ns	     23580	80005034	18ce3c53	fdiv.s	f24,f28,f12	 f28:0x1f35048f f12:0x00000000 f24=0x7f800000
     235865.000 ns	     23585	80005038	0109f453	fadd.s	f8,f19,f16	 f19:0x1f35048f f16:0x7fc00000  f8=0x7fc00000
     237045.000 ns	     23703	8000503c	580faf53	fsqrt.s	f30,f31	 f31:0x1f35048f f30=0x2effff36
     237075.000 ns	     23706	80005040	c00df5d3	fcvt.w.s	x11,f27	 f27:0x2effff36 x11=0x00000000
     237125.000 ns	     23711	80005044	0082f5d3	fadd.s	f11,f5,f8	  f5:0x43b7d942  f8:0x7fc00000 f11=0x7fc00000
     237155.000 ns	     23714	80005048	c01f74d3	fcvt.wu.s	x9,f30	 f30:0x2effff36  x9=0x00000000
     237185.000 ns	     23717	8000504c	21f60b53	fsgnj.s	f22,f12,f31	 f12:0x00000000 f31:0x1f35048f f22=0x00000000
     237205.000 ns	     23719	80005050	01fb8a33	add	x20,x23,x31	 x23:0x80041024 x31:0x00000009 x20=0x8004102d
     237215.000 ns	     23720	80005054	9b1ae613	ori	x12,x21,-1615	 x21:0xfc52e8de x12=0xfffff9ff
     237235.000 ns	     23722	80005058	297f8c53	fmin.s	f24,f31,f23	 f31:0x1f35048f f23:0xcf000001 f24=0xcf000001
     237265.000 ns	     23725	8000505c	023ab733	mulhu	x14,x21,x3	 x21:0xfc52e8de  x3:0x00000001 x14=0x00000000
     237635.000 ns	     23762	80005060	0247e4b3	rem	x9,x15,x4	 x15:0x00000000  x4:0x207ef5bc  x9=0x00000000
     237655.000 ns	     23764	80005064	0040edb3	or	x27,x1,x4	  x1:0xffffff00  x4:0x207ef5bc x27=0xffffffbc
     237665.000 ns	     23765	80005068	018abcb3	sltu	x25,x21,x24	 x21:0xfc52e8de x24:0x00000000 x25=0x00000000
     237675.000 ns	     23766	8000506c	00000013	addi	x0,x0,0	  x0:0x00000000
     237685.000 ns	     23767	80005070	003205b3	add	x11,x4,x3	  x4:0x207ef5bc  x3:0x00000001 x11=0x207ef5bd
     237725.000 ns	     23771	80005074	080b15d3	fsub.s	f11,f22,f0	 f22:0x00000000  f0:0x01f35048 f11=0x81f35048
     237745.000 ns	     23773	80005078	26556c93	ori	x25,x10,613	 x10:0x00000000 x25=0x00000265
     237755.000 ns	     23774	8000507c	41dc5113	srai	x2,x24,0x1d	 x24:0x00000000  x2=0x00000000
     237765.000 ns	     23775	80005080	00000013	addi	x0,x0,0	  x0:0x00000000
     237775.000 ns	     23776	80005084	617aa313	slti	x6,x21,1559	 x21:0xfc52e8de  x6=0x00000001
     237785.000 ns	     23777	80005088	f0b52e13	slti	x28,x10,-245	 x10:0x00000000 x28=0x00000000
     237795.000 ns	     23778	8000508c	0130be33	sltu	x28,x1,x19	  x1:0xffffff00 x19:0x00000000 x28=0x00000000
     237805.000 ns	     23779	80005090	b1ecc393	xori	x7,x25,-1250	 x25:0x00000265  x7=0xfffff97b
     237815.000 ns	     23780	80005094	01d66e33	or	x28,x12,x29	 x12:0xfffff9ff x29:0x00000001 x28=0xfffff9ff
     237825.000 ns	     23781	80005098	01e19633	sll	x12,x3,x30	  x3:0x00000001 x30:0xfffffda7 x12=0x00000080
     237835.000 ns	     23782	8000509c	3a65c293	xori	x5,x11,934	 x11:0x207ef5bd  x5=0x207ef61b
     237855.000 ns	     23784	800050a0	28ce8553	fmin.s	f10,f29,f12	 f29:0x2effff36 f12:0x00000000 f10=0x00000000
     237875.000 ns	     23786	800050a4	40a7d7b3	sra	x15,x15,x10	 x15:0x00000000 x10:0x00000000 x15=0x00000000
     237895.000 ns	     23788	800050a8	c0167b53	fcvt.wu.s	x22,f12	 f12:0x00000000 x22=0x00000000
     237915.000 ns	     23790	800050ac	018975b3	and	x11,x18,x24	 x18:0x00000000 x24:0x00000000 x11=0x00000000
     237925.000 ns	     23791	800050b0	41e6d3b3	sra	x7,x13,x30	 x13:0x00000000 x30:0xfffffda7  x7=0x00000000
     237935.000 ns	     23792	800050b4	00ae0633	add	x12,x28,x10	 x28:0xfffff9ff x10:0x00000000 x12=0xfffff9ff
     237945.000 ns	     23793	800050b8	412a5e93	srai	x29,x20,0x12	 x20:0x8004102d x29=0xffffe001
     237955.000 ns	     23794	800050bc	4e626c93	ori	x25,x4,1254	  x4:0x207ef5bc x25=0x207ef5fe
     237965.000 ns	     23795	800050c0	00195c33	srl	x24,x18,x1	 x18:0x00000000  x1:0xffffff00 x24=0x00000000
     237985.000 ns	     23797	800050c4	d0127d53	fcvt.s.wu	f26,x4	  x4:0x207ef5bc f26=0x4e01fbd6
     238015.000 ns	     23800	800050c8	296a8453	fmin.s	f8,f21,f22	 f21:0x7fc00000 f22:0x00000000  f8=0x00000000
     238045.000 ns	     23803	800050cc	e00d93d3	fclass.s	x7,f27	 f27:0x2effff36  x7=0x00000040
     238075.000 ns	     23806	800050d0	c0194e53	fcvt.wu.s	x28,f18	 f18:0xffffffff x28=0xffffffff
     238105.000 ns	     23809	800050d4	e00694d3	fclass.s	x9,f13	 f13:0x00000000  x9=0x00000010
     238135.000 ns	     23812	800050d8	d006f7d3	fcvt.s.w	f15,x13	 x13:0x00000000 f15=0x00000000
     238165.000 ns	     23815	800050dc	20818553	fsgnj.s	f10,f3,f8	  f3:0xff800000  f8:0x00000000 f10=0x7f800000
     238215.000 ns	     23820	800050e0	0047be53	fadd.s	f28,f15,f4	 f15:0x00000000  f4:0x43b7d942 f28=0x43b7d942
     238245.000 ns	     23823	800050e4	a0749453	flt.s	x8,f9,f7	  f9:0x4e01fbd7  f7:0xfb6d6434  x8=0x00000000
     238265.000 ns	     23825	800050e8	a7f27c13	andi	x24,x4,-1409	  x4:0x207ef5bc x24=0x207ef03c
     238285.000 ns	     23827	800050ec	211427d3	fsgnjx.s	f15,f8,f17	  f8:0x00000000 f17:0x80000000 f15=0x80000000
     238655.000 ns	     23864	800050f0	03446a33	rem	x20,x8,x20	  x8:0x00000000 x20:0x8004102d x20=0x00000000
     238675.000 ns	     23866	800050f4	012a4cb3	xor	x25,x20,x18	 x20:0x8004102d x18:0x00000000 x25=0x00000000
     238705.000 ns	     23869	800050f8	10d7b253	fmul.s	f4,f15,f13	 f15:0x80000000 f13:0x00000000  f4=0x80000000
     238735.000 ns	     23872	800050fc	021e8733	mul	x14,x29,x1	 x29:0xffffe001  x1:0xffffff00 x14=0x001fff00
     238765.000 ns	     23875	80005100	a1631853	flt.s	x16,f6,f22	  f6:0x1f35048f f22:0x00000000 x16=0x00000000
     238795.000 ns	     23878	80005104	e0089ed3	fclass.s	x29,f17	 f17:0x80000000 x29=0x00000008
     238815.000 ns	     23880	80005108	00cf01b3	add	x3,x30,x12	 x30:0xfffffda7 x12:0xfffff9ff  x3=0xfffff7a6
     238835.000 ns	     23882	8000510c	a0c02ed3	feq.s	x29,f0,f12	  f0:0x01f35048 f12:0x00000000 x29=0x00000000
     238855.000 ns	     23884	80005110	014a7533	and	x10,x20,x20	 x20:0x00000000 x20:0x00000000 x10=0x00000000
     238875.000 ns	     23886	80005114	02a93ab3	mulhu	x21,x18,x10	 x18:0x00000000 x10:0x00000000 x21=0x00000000
     238895.000 ns	     23888	80005118	017bef33	or	x30,x23,x23	 x23:0x80041024 x23:0x80041024 x30=0x80041024
     238915.000 ns	     23890	8000511c	02a12433	mulhsu	x8,x2,x10	  x2:0x00000000 x10:0x00000000  x8=0x00000000
     238945.000 ns	     23893	80005120	034f92b3	mulh	x5,x31,x20	 x31:0x00000009 x20:0x00000000  x5=0x00000000
     238975.000 ns	     23896	80005124	c0097dd3	fcvt.w.s	x27,f18	 f18:0xffffffff x27=0x7fffffff
     238995.000 ns	     23898	80005128	01ef1a13	slli	x20,x30,0x1e	 x30:0x80041024 x20=0x00000000
     239025.000 ns	     23901	8000512c	19f0ba53	fdiv.s	f20,f1,f31	  f1:0x7f800000 f31:0x1f35048f f20=0x7f800000
     239045.000 ns	     23903	80005130	3ec58c97	auipc	x25,0x3ec58	 x25=0xbec5d130
     239055.000 ns	     23904	80005134	41d105b3	sub	x11,x2,x29	  x2:0x00000000 x29:0x00000000 x11=0x00000000
     239065.000 ns	     23905	80005138	014f9db3	sll	x27,x31,x20	 x31:0x00000009 x20:0x00000000 x27=0x00000009
     239085.000 ns	     23907	8000513c	026d3233	mulhu	x4,x26,x6	 x26:0x00000000  x6:0x00000001  x4=0x00000000
     239115.000 ns	     23910	80005140	283193d3	fmax.s	f7,f3,f3	  f3:0xff800000  f3:0xff800000  f7=0xff800000
     239145.000 ns	     23913	80005144	036287b3	mul	x15,x5,x22	  x5:0x00000000 x22:0x00000000 x15=0x00000000
     239175.000 ns	     23916	80005148	030c8933	mul	x18,x25,x16	 x25:0xbec5d130 x16:0x00000000 x18=0x00000000
     239195.000 ns	     23918	8000514c	01162533	slt	x10,x12,x17	 x12:0xfffff9ff x17:0x80040fe4 x10=0x00000000
     239205.000 ns	     23919	80005150	00477933	and	x18,x14,x4	 x14:0x001fff00  x4:0x00000000 x18=0x00000000
     239215.000 ns	     23920	80005154	40c3d633	sra	x12,x7,x12	  x7:0x00000040 x12:0xfffff9ff x12=0x00000000
     239225.000 ns	     23921	80005158	01923c33	sltu	x24,x4,x25	  x4:0x00000000 x25:0xbec5d130 x24=0x00000001
     239235.000 ns	     23922	8000515c	0100b033	sltu	x0,x1,x16	  x1:0xffffff00 x16:0x00000000
     239595.000 ns	     23958	80005160	0373e7b3	rem	x15,x7,x23	  x7:0x00000040 x23:0x80041024 x15=0x00000040
     239625.000 ns	     23961	80005164	c0070553	fcvt.w.s	x10,f14	 f14:0xbf800000 x10=0xffffffff
     239645.000 ns	     23963	80005168	40ee04b3	sub	x9,x28,x14	 x28:0xffffffff x14:0x001fff00  x9=0xffe000ff
     239665.000 ns	     23965	8000516c	a00b1c53	flt.s	x24,f22,f0	 f22:0x00000000  f0:0x01f35048 x24=0x00000001
     239695.000 ns	     23968	80005170	d0138a53	fcvt.s.wu	f20,x7	  x7:0x00000040 f20=0x42800000
     239725.000 ns	     23971	80005174	032c1733	mulh	x14,x24,x18	 x24:0x00000001 x18:0x00000000 x14=0x00000000
     239755.000 ns	     23974	80005178	d0040f53	fcvt.s.w	f30,x8	  x8:0x00000000 f30=0x00000000
     239785.000 ns	     23977	8000517c	f0090853	fmv.w.x	f16,x18	 x18:0x00000000 f16=0x00000000
     239815.000 ns	     23980	80005180	212ba953	fsgnjx.s	f18,f23,f18	 f23:0xcf000001 f18:0xffffffff f18=0x4f000001
     240185.000 ns	     24017	80005184	026efdb3	remu	x27,x29,x6	 x29:0x00000000  x6:0x00000001 x27=0x00000000
     240205.000 ns	     24019	80005188	b7e46613	ori	x12,x8,-1154	  x8:0x00000000 x12=0xfffffb7e
     240235.000 ns	     24022	8000518c	106ff753	fmul.s	f14,f31,f6	 f31:0x1f35048f  f6:0x1f35048f f14=0x7efffee4
     240265.000 ns	     24025	80005190	032c2133	mulhsu	x2,x24,x18	 x24:0x00000001 x18:0x00000000  x2=0x00000000
     240285.000 ns	     24027	80005194	f5449db7	lui	x27,0xf5449	 x27=0xf5449000
     240305.000 ns	     24029	80005198	d000cbd3	fcvt.s.w	f23,x1	  x1:0xffffff00 f23=0xc3800000
     240325.000 ns	     24031	8000519c	013d06b3	add	x13,x26,x19	 x26:0x00000000 x19:0x00000000 x13=0x00000000
     240345.000 ns	     24033	800051a0	02fca4b3	mulhsu	x9,x25,x15	 x25:0xbec5d130 x15:0x00000040  x9=0xffffffef
     240365.000 ns	     24035	800051a4	00a0edb3	or	x27,x1,x10	  x1:0xffffff00 x10:0xffffffff x27=0xffffffff
     240385.000 ns	     24037	800051a8	20bf9a53	fsgnjn.s	f20,f31,f11	 f31:0x1f35048f f11:0x81f35048 f20=0x1f35048f
     240415.000 ns	     24040	800051ac	29121853	fmax.s	f16,f4,f17	  f4:0x80000000 f17:0x80000000 f16=0x80000000
     240435.000 ns	     24042	800051b0	003addb3	srl	x27,x21,x3	 x21:0x00000000  x3:0xfffff7a6 x27=0x00000000
     240445.000 ns	     24043	800051b4	018a1133	sll	x2,x20,x24	 x20:0x00000000 x24:0x00000001  x2=0x00000000
     240455.000 ns	     24044	800051b8	00a5a6b3	slt	x13,x11,x10	 x11:0x00000000 x10:0xffffffff x13=0x00000000
     240465.000 ns	     24045	800051bc	010a0933	add	x18,x20,x16	 x20:0x00000000 x16:0x00000000 x18=0x00000000
     240485.000 ns	     24047	800051c0	c0069553	fcvt.w.s	x10,f13	 f13:0x00000000 x10=0x00000000
     240505.000 ns	     24049	800051c4	14597f37	lui	x30,0x14597	 x30=0x14597000
     240525.000 ns	     24051	800051c8	a0f71c53	flt.s	x24,f14,f15	 f14:0x7efffee4 f15:0x80000000 x24=0x00000000
     240555.000 ns	     24054	800051cc	d00945d3	fcvt.s.w	f11,x18	 x18:0x00000000 f11=0x00000000
     240585.000 ns	     24057	800051d0	02fe04b3	mul	x9,x28,x15	 x28:0xffffffff x15:0x00000040  x9=0xffffffc0
     240615.000 ns	     24060	800051d4	e00a80d3	fmv.x.w	x1,f21	 f21:0x7fc00000  x1=0x7fc00000
     240635.000 ns	     24062	800051d8	01b15f13	srli	x30,x2,0x1b	  x2:0x00000000 x30=0x00000000
     240655.000 ns	     24064	800051dc	a1ac0753	fle.s	x14,f24,f26	 f24:0xcf000001 f26:0x4e01fbd6 x14=0x00000001
     240675.000 ns	     24066	800051e0	0065ca33	xor	x20,x11,x6	 x11:0x00000000  x6:0x00000001 x20=0x00000001
     240685.000 ns	     24067	800051e4	00d91ab3	sll	x21,x18,x13	 x18:0x00000000 x13:0x00000000 x21=0x00000000
     240695.000 ns	     24068	800051e8	011d9a93	slli	x21,x27,0x11	 x27:0x00000000 x21=0x00000000
     240705.000 ns	     24069	800051ec	00e214b3	sll	x9,x4,x14	  x4:0x00000000 x14:0x00000001  x9=0x00000000
     240725.000 ns	     24071	800051f0	02edbc33	mulhu	x24,x27,x14	 x27:0x00000000 x14:0x00000001 x24=0x00000000
     240745.000 ns	     24073	800051f4	01a471b3	and	x3,x8,x26	  x8:0x00000000 x26:0x00000000  x3=0x00000000
     240755.000 ns	     24074	800051f8	8991a0b7	lui	x1,0x8991a	  x1=0x8991a000
     240775.000 ns	     24076	800051fc	215609d3	fsgnj.s	f19,f12,f21	 f12:0x00000000 f21:0x7fc00000 f19=0x00000000
     240795.000 ns	     24078	80005200	4f22e297	auipc	x5,0x4f22e	  x5=0xcf233200
     240805.000 ns	     24079	80005204	9226e593	ori	x11,x13,-1758	 x13:0x00000000 x11=0xfffff922
     240825.000 ns	     24081	80005208	a01d0d53	fle.s	x26,f26,f1	 f26:0x4e01fbd6  f1:0x7f800000 x26=0x00000001
     240845.000 ns	     24083	8000520c	40be5b13	srai	x22,x28,0xb	 x28:0xffffffff x22=0xffffffff
     240855.000 ns	     24084	80005210	40878933	sub	x18,x15,x8	 x15:0x00000040  x8:0x00000000 x18=0x00000040
     240865.000 ns	     24085	80005214	00728933	add	x18,x5,x7	  x5:0xcf233200  x7:0x00000040 x18=0xcf233240
     240875.000 ns	     24086	80005218	00000013	addi	x0,x0,0	  x0:0x00000000
     240885.000 ns	     24087	8000521c	0052bdb3	sltu	x27,x5,x5	  x5:0xcf233200  x5:0xcf233200 x27=0x00000000
     240895.000 ns	     24088	80005220	014337b3	sltu	x15,x6,x20	  x6:0x00000001 x20:0x00000001 x15=0x00000000
     240905.000 ns	     24089	80005224	00f5c433	xor	x8,x11,x15	 x11:0xfffff922 x15:0x00000040  x8=0xfffff922
     240925.000 ns	     24091	80005228	20839653	fsgnjn.s	f12,f7,f8	  f7:0xff800000  f8:0x00000000 f12=0xff800000
     240975.000 ns	     24096	8000522c	01dfc2d3	fadd.s	f5,f31,f29	 f31:0x1f35048f f29:0x2effff36  f5=0x2effff36
     240995.000 ns	     24098	80005230	86115037	lui	x0,0x86115	
     241005.000 ns	     24099	80005234	41b589b3	sub	x19,x11,x27	 x11:0xfffff922 x27:0x00000000 x19=0xfffff922
     241025.000 ns	     24101	80005238	a1988d53	fle.s	x26,f17,f25	 f17:0x80000000 f25:0x7f800000 x26=0x00000001
     241055.000 ns	     24104	8000523c	02addb33	divu	x22,x27,x10	 x27:0x00000000 x10:0x00000000 x22=0xffffffff
     241075.000 ns	     24106	80005240	01162a33	slt	x20,x12,x17	 x12:0xfffffb7e x17:0x80040fe4 x20=0x00000000
     241095.000 ns	     24108	80005244	e00a85d3	fmv.x.w	x11,f21	 f21:0x7fc00000 x11=0x7fc00000
     241115.000 ns	     24110	80005248	26493a93	sltiu	x21,x18,612	 x18:0xcf233240 x21=0x00000000
     241145.000 ns	     24113	8000524c	5800f5d3	fsqrt.s	f11,f1	  f1:0x7f800000 f11=0x7f800000
     241165.000 ns	     24115	80005250	416bd5b3	sra	x11,x23,x22	 x23:0x80041024 x22:0xffffffff x11=0xffffffff
     241185.000 ns	     24117	80005254	027094b3	mulh	x9,x1,x7	  x1:0x8991a000  x7:0x00000040  x9=0xffffffe2
     241205.000 ns	     24119	80005258	41d704b3	sub	x9,x14,x29	 x14:0x00000001 x29:0x00000000  x9=0x00000001
     241215.000 ns	     24120	8000525c	f43b3413	sltiu	x8,x22,-189	 x22:0xffffffff  x8=0x00000000
     241575.000 ns	     24156	80005260	02b44cb3	div	x25,x8,x11	  x8:0xfffff922 x11:0xffffffff x25=0x00000000
     241595.000 ns	     24158	80005264	01d4aeb3	slt	x29,x9,x29	  x9:0x00000001 x29:0x00000000 x29=0x00000000
     241615.000 ns	     24160	80005268	c003acd3	fcvt.w.s	x25,f7	  f7:0xff800000 x25=0x80000000
     241645.000 ns	     24163	8000526c	a1bc0553	fle.s	x10,f24,f27	 f24:0xcf000001 f27:0x2effff36 x10=0x00000001
     241665.000 ns	     24165	80005270	00259f13	slli	x30,x11,0x2	 x11:0xffffffff x30=0xfffffffc
     241675.000 ns	     24166	80005274	32763f13	sltiu	x30,x12,807	 x12:0xfffffb7e x30=0x00000000
     242035.000 ns	     24202	80005278	0212ceb3	div	x29,x5,x1	  x5:0xcf233200  x1:0x8991a000 x29=0x00000000
     242055.000 ns	     24204	8000527c	d80a0193	addi	x3,x20,-640	 x20:0x00000000  x3=0xfffffd80
     242075.000 ns	     24206	80005280	02e712b3	mulh	x5,x14,x14	 x14:0x00000001 x14:0x00000001  x5=0x00000000
     242445.000 ns	     24243	80005284	036453b3	divu	x7,x8,x22	  x8:0x00000000 x22:0xffffffff  x7=0x00000000
     242465.000 ns	     24245	80005288	31326913	ori	x18,x4,787	  x4:0x00000000 x18=0x00000313
     242475.000 ns	     24246	8000528c	05a6cc93	xori	x25,x13,90	 x13:0x00000000 x25=0x0000005a
     242495.000 ns	     24248	80005290	02c98833	mul	x16,x19,x12	 x19:0xfffff922 x12:0xfffffb7e x16=0x001ef4bc
     242515.000 ns	     24250	80005294	40f50eb3	sub	x29,x10,x15	 x10:0x00000001 x15:0x00000000 x29=0x00000001
     242535.000 ns	     24252	80005298	0210acb3	mulhsu	x25,x1,x1	  x1:0x8991a000  x1:0x8991a000 x25=0xc05b9016
     242555.000 ns	     24254	8000529c	01add033	srl	x0,x27,x26	 x27:0x00000000 x26:0x00000001
     242575.000 ns	     24256	800052a0	d01373d3	fcvt.s.wu	f7,x6	  x6:0x00000001  f7=0x3f800000
     242605.000 ns	     24259	800052a4	c013f5d3	fcvt.wu.s	x11,f7	  f7:0xff800000 x11=0x00000001
     242635.000 ns	     24262	800052a8	21f7a653	fsgnjx.s	f12,f15,f31	 f15:0x80000000 f31:0x1f35048f f12=0x80000000
     242655.000 ns	     24264	800052ac	41e48733	sub	x14,x9,x30	  x9:0x00000001 x30:0x00000000 x14=0x00000001
     242675.000 ns	     24266	800052b0	037d2833	mulhsu	x16,x26,x23	 x26:0x00000001 x23:0x80041024 x16=0x00000000
     242695.000 ns	     24268	800052b4	002aa833	slt	x16,x21,x2	 x21:0x00000000  x2:0x00000000 x16=0x00000000
     242715.000 ns	     24270	800052b8	d0082a53	fcvt.s.w	f20,x16	 x16:0x00000000 f20=0x00000000
     242735.000 ns	     24272	800052bc	015f9813	slli	x16,x31,0x15	 x31:0x00000009 x16=0x01200000
     242755.000 ns	     24274	800052c0	d01f7f53	fcvt.s.wu	f30,x30	 x30:0x00000000 f30=0x00000000
     242785.000 ns	     24277	800052c4	e00a1253	fclass.s	x4,f20	 f20:0x00000000  x4=0x00000010
     242815.000 ns	     24280	800052c8	20df06d3	fsgnj.s	f13,f30,f13	 f30:0x00000000 f13:0x00000000 f13=0x00000000
     242845.000 ns	     24283	800052cc	02e09433	mulh	x8,x1,x14	  x1:0x8991a000 x14:0x00000001  x8=0xffffffff
     242875.000 ns	     24286	800052d0	e00d9153	fclass.s	x2,f27	 f27:0x2effff36  x2=0x00000040
     242895.000 ns	     24288	800052d4	78fd72b7	lui	x5,0x78fd7	  x5=0x78fd7000
     242905.000 ns	     24289	800052d8	00000013	addi	x0,x0,0	  x0:0x00000000
     242925.000 ns	     24291	800052dc	28499553	fmax.s	f10,f19,f4	 f19:0x00000000  f4:0x80000000 f10=0x00000000
     242945.000 ns	     24293	800052e0	a5f03093	sltiu	x1,x0,-1441	  x0:0x00000000  x1=0x00000001
     242965.000 ns	     24295	800052e4	a1839c53	flt.s	x24,f7,f24	  f7:0x3f800000 f24:0xcf000001 x24=0x00000000
     242985.000 ns	     24297	800052e8	41c5d113	srai	x2,x11,0x1c	 x11:0x00000001  x2=0x00000000
     243005.000 ns	     24299	800052ec	21f81b53	fsgnjn.s	f22,f16,f31	 f16:0x80000000 f31:0x1f35048f f22=0x80000000
     243035.000 ns	     24302	800052f0	e00503d3	fmv.x.w	x7,f10	 f10:0x00000000  x7=0x00000000
     243065.000 ns	     24305	800052f4	d0060653	fcvt.s.w	f12,x12	 x12:0xfffffb7e f12=0xc4904000
     243085.000 ns	     24307	800052f8	00050b33	add	x22,x10,x0	 x10:0x00000001  x0:0x00000000 x22=0x00000001
     243105.000 ns	     24309	800052fc	e00793d3	fclass.s	x7,f15	 f15:0x80000000  x7=0x00000008
     243125.000 ns	     24311	80005300	933a0c13	addi	x24,x20,-1741	 x20:0x00000000 x24=0xfffff933
     243135.000 ns	     24312	80005304	0027c533	xor	x10,x15,x2	 x15:0x00000000  x2:0x00000000 x10=0x00000000
     243155.000 ns	     24314	80005308	289e19d3	fmax.s	f19,f28,f9	 f28:0x43b7d942  f9:0x4e01fbd7 f19=0x4e01fbd7
     243185.000 ns	     24317	8000530c	21900b53	fsgnj.s	f22,f0,f25	  f0:0x01f35048 f25:0x7f800000 f22=0x01f35048
     243205.000 ns	     24319	80005310	000276b3	and	x13,x4,x0	  x4:0x00000010  x0:0x00000000 x13=0x00000000
     243215.000 ns	     24320	80005314	01175a33	srl	x20,x14,x17	 x14:0x00000001 x17:0x80040fe4 x20=0x00000000
     243225.000 ns	     24321	80005318	410b0133	sub	x2,x22,x16	 x22:0x00000001 x16:0x01200000  x2=0xfee00001
     243245.000 ns	     24323	8000531c	a0381753	flt.s	x14,f16,f3	 f16:0x80000000  f3:0xff800000 x14=0x00000000
     243275.000 ns	     24326	80005320	206083d3	fsgnj.s	f7,f1,f6	  f1:0x7f800000  f6:0x1f35048f  f7=0x7f800000
     243295.000 ns	     24328	80005324	e5062d17	auipc	x26,0xe5062	 x26=0x65067324
     243305.000 ns	     24329	80005328	01328433	add	x8,x5,x19	  x5:0x78fd7000 x19:0xfffff922  x8=0x78fd6922
     243315.000 ns	     24330	8000532c	40bb8c33	sub	x24,x23,x11	 x23:0x80041024 x11:0x00000001 x24=0x80041023
     243325.000 ns	     24331	80005330	21b9ee13	ori	x28,x19,539	 x19:0xfffff922 x28=0xfffffb3b
     243345.000 ns	     24333	80005334	c01d7ad3	fcvt.wu.s	x21,f26	 f26:0x4e01fbd6 x21=0x207ef580
     243365.000 ns	     24335	80005338	00691593	slli	x11,x18,0x6	 x18:0x00000313 x11=0x0000c4c0
     243385.000 ns	     24337	8000533c	c01142d3	fcvt.wu.s	x5,f2	  f2:0x7fc00000  x5=0xffffffff
     243405.000 ns	     24339	80005340	40f6d093	srai	x1,x13,0xf	 x13:0x00000000  x1=0x00000000
     243425.000 ns	     24341	80005344	f0080153	fmv.w.x	f2,x16	 x16:0x01200000  f2=0x01200000
     243455.000 ns	     24344	80005348	21d815d3	fsgnjn.s	f11,f16,f29	 f16:0x80000000 f29:0x2effff36 f11=0x80000000
     243505.000 ns	     24349	8000534c	08be7753	fsub.s	f14,f28,f11	 f28:0x43b7d942 f11:0x7f800000 f14=0x43b7d942
     243535.000 ns	     24352	80005350	c0057653	fcvt.w.s	x12,f10	 f10:0x00000000 x12=0x00000000
     243565.000 ns	     24355	80005354	d014c953	fcvt.s.wu	f18,x9	  x9:0x00000001 f18=0x3f800000
     243585.000 ns	     24357	80005358	ea465297	auipc	x5,0xea465	  x5=0x6a46a358
     243615.000 ns	     24360	8000535c	18287cd3	fdiv.s	f25,f16,f2	 f16:0x80000000  f2:0x01200000 f25=0x80000000
     243645.000 ns	     24363	80005360	208a0ed3	fsgnj.s	f29,f20,f8	 f20:0x00000000  f8:0x00000000 f29=0x00000000
     244015.000 ns	     24400	80005364	036a6c33	rem	x24,x20,x22	 x20:0x00000000 x22:0x00000001 x24=0x00000000
     244035.000 ns	     24402	80005368	016d8c33	add	x24,x27,x22	 x27:0x00000000 x22:0x00000001 x24=0x00000001
     244055.000 ns	     24404	8000536c	28311153	fmax.s	f2,f2,f3	  f2:0x01200000  f3:0xff800000  f2=0x01200000
     244085.000 ns	     24407	80005370	28248453	fmin.s	f8,f9,f2	  f9:0x4e01fbd7  f2:0x01200000  f8=0x01200000
     244105.000 ns	     24409	80005374	40255d13	srai	x26,x10,0x2	 x10:0x00000000 x26=0x00000000
     244115.000 ns	     24410	80005378	64622e93	slti	x29,x4,1606	  x4:0x00000010 x29=0x00000001
     244135.000 ns	     24412	8000537c	284693d3	fmax.s	f7,f13,f4	 f13:0x00000000  f4:0x80000000  f7=0x00000000
     244165.000 ns	     24415	80005380	a11e0153	fle.s	x2,f28,f17	 f28:0x43b7d942 f17:0x80000000  x2=0x00000000
     244195.000 ns	     24418	80005384	207d8e53	fsgnj.s	f28,f27,f7	 f27:0x2effff36  f7:0x00000000 f28=0x2effff36
     244245.000 ns	     24423	80005388	09970c53	fsub.s	f24,f14,f25	 f14:0x43b7d942 f25:0x80000000 f24=0x43b7d942
     244265.000 ns	     24425	8000538c	0032dc33	srl	x24,x5,x3	  x5:0x6a46a358  x3:0xfffffd80 x24=0x6a46a358
     244305.000 ns	     24429	80005390	00f48f53	fadd.s	f30,f9,f15	  f9:0x4e01fbd7 f15:0x80000000 f30=0x4e01fbd7
     244335.000 ns	     24432	80005394	a01c10d3	flt.s	x1,f24,f1	 f24:0x43b7d942  f1:0x7f800000  x1=0x00000001
     244355.000 ns	     24434	80005398	018b1793	slli	x15,x22,0x18	 x22:0x00000001 x15=0x01000000
     244395.000 ns	     24438	8000539c	0057f253	fadd.s	f4,f15,f5	 f15:0x80000000  f5:0x2effff36  f4=0x2effff36
     244415.000 ns	     24440	800053a0	40d104b3	sub	x9,x2,x13	  x2:0x00000000 x13:0x00000000  x9=0x00000000
     244425.000 ns	     24441	800053a4	40090d33	sub	x26,x18,x0	 x18:0x00000313  x0:0x00000000 x26=0x00000313
     244785.000 ns	     24477	800053a8	0399c733	div	x14,x19,x25	 x19:0xfffff922 x25:0xc05b9016 x14=0x00000000
     244815.000 ns	     24480	800053ac	03710cb3	mul	x25,x2,x23	  x2:0x00000000 x23:0x80041024 x25=0x00000000
     244845.000 ns	     24483	800053b0	f0098053	fmv.w.x	f0,x19	 x19:0xfffff922  f0=0xfffff922
     244865.000 ns	     24485	800053b4	3896a013	slti	x0,x13,905	 x13:0x00000000
     244895.000 ns	     24488	800053b8	118b0153	fmul.s	f2,f22,f24	 f22:0x01f35048 f24:0x43b7d942  f2=0x062ebce1
     246075.000 ns	     24606	800053bc	5809fb53	fsqrt.s	f22,f19	 f19:0x4e01fbd7 f22=0x4637d2ac
     246125.000 ns	     24611	800053c0	0842f953	fsub.s	f18,f5,f4	  f5:0x2effff36  f4:0x2effff36 f18=0x80000000
     246145.000 ns	     24613	800053c4	00000013	addi	x0,x0,0	  x0:0x00000000
     246165.000 ns	     24615	800053c8	a1789f53	flt.s	x30,f17,f23	 f17:0x80000000 f23:0xc3800000 x30=0x00000000
     246195.000 ns	     24618	800053cc	a0aaa753	feq.s	x14,f21,f10	 f21:0x7fc00000 f10:0x00000000 x14=0x00000000
     246215.000 ns	     24620	800053d0	008b6233	or	x4,x22,x8	 x22:0x00000001  x8:0x78fd6922  x4=0x78fd6923
     246255.000 ns	     24624	800053d4	081ef153	fsub.s	f2,f29,f1	 f29:0x00000000  f1:0x7f800000  f2=0xff800000
     247435.000 ns	     24742	800053d8	580e79d3	fsqrt.s	f19,f28	 f28:0x2effff36 f19=0x36b50463
     247455.000 ns	     24744	800053dc	00f52b33	slt	x22,x10,x15	 x10:0x00000000 x15:0x01000000 x22=0x00000001
     247475.000 ns	     24746	800053e0	293c0d53	fmin.s	f26,f24,f19	 f24:0x43b7d942 f19:0x36b50463 f26=0x36b50463
     247495.000 ns	     24748	800053e4	00ae5593	srli	x11,x28,0xa	 x28:0xfffffb3b x11=0x003ffffe
     247505.000 ns	     24749	800053e8	00000013	addi	x0,x0,0	  x0:0x00000000
     247865.000 ns	     24785	800053ec	0379f9b3	remu	x19,x19,x23	 x19:0xfffff922 x23:0x80041024 x19=0x7ffbe8fe
     247895.000 ns	     24788	800053f0	20cc2e53	fsgnjx.s	f28,f24,f12	 f24:0x43b7d942 f12:0xc4904000 f28=0xc3b7d942
     247915.000 ns	     24790	800053f4	008e1e93	slli	x29,x28,0x8	 x28:0xfffffb3b x29=0xfffb3b00
     247925.000 ns	     24791	800053f8	eacd1917	auipc	x18,0xeacd1	 x18=0x6acd63f8
     247945.000 ns	     24793	800053fc	f0050cd3	fmv.w.x	f25,x10	 x10:0x00000000 f25=0x00000000
     247995.000 ns	     24798	80005400	0123f6d3	fadd.s	f13,f7,f18	  f7:0x00000000 f18:0x80000000 f13=0x80000000
     248365.000 ns	     24835	80005404	028f6733	rem	x14,x30,x8	 x30:0x00000000  x8:0x78fd6922 x14=0x00000000
     248395.000 ns	     24838	80005408	2067ad53	fsgnjx.s	f26,f15,f6	 f15:0x80000000  f6:0x1f35048f f26=0x80000000
     248765.000 ns	     24875	8000540c	02b9c3b3	div	x7,x19,x11	 x19:0x7ffbe8fe x11:0x003ffffe  x7=0x000001ff
     248795.000 ns	     24878	80005410	21f508d3	fsgnj.s	f17,f10,f31	 f10:0x00000000 f31:0x1f35048f f17=0x00000000
     248815.000 ns	     24880	80005414	00000013	addi	x0,x0,0	  x0:0x00000000
     248825.000 ns	     24881	80005418	41380b33	sub	x22,x16,x19	 x16:0x01200000 x19:0x7ffbe8fe x22=0x81241702
     248845.000 ns	     24883	8000541c	02263eb3	mulhu	x29,x12,x2	 x12:0x00000000  x2:0x00000000 x29=0x00000000
     248865.000 ns	     24885	80005420	9996cc93	xori	x25,x13,-1639	 x13:0x00000000 x25=0xfffff999
     250035.000 ns	     25002	80005424	58043d53	fsqrt.s	f26,f8	  f8:0x01200000 f26=0x1fe245a0
     250405.000 ns	     25039	80005428	02627133	remu	x2,x4,x6	  x4:0x78fd6923  x6:0x00000001  x2=0x00000000
     250425.000 ns	     25041	8000542c	01151833	sll	x16,x10,x17	 x10:0x00000000 x17:0x80040fe4 x16=0x00000000
     250785.000 ns	     25077	80005430	03c1edb3	rem	x27,x3,x28	  x3:0xfffffd80 x28:0xfffffb3b x27=0xfffffd80
     250835.000 ns	     25082	80005434	095afbd3	fsub.s	f23,f21,f21	 f21:0x7fc00000 f21:0x7fc00000 f23=0x7fc00000
     250855.000 ns	     25084	80005438	e2a2ce93	xori	x29,x5,-470	  x5:0x6a46a358 x29=0x95b95d72
     251215.000 ns	     25120	8000543c	0367f733	remu	x14,x15,x22	 x15:0x01000000 x22:0x81241702 x14=0x01000000
     251235.000 ns	     25122	80005440	00582333	slt	x6,x16,x5	 x16:0x00000000  x5:0x6a46a358  x6=0x00000001
     251245.000 ns	     25123	80005444	ec7ca093	slti	x1,x25,-313	 x25:0xfffff999  x1=0x00000001
     251265.000 ns	     25125	80005448	28729853	fmax.s	f16,f5,f7	  f5:0x2effff36  f7:0x00000000 f16=0x2effff36
     251285.000 ns	     25127	8000544c	bd5a6c13	ori	x24,x20,-1067	 x20:0x00000000 x24=0xfffffbd5
     251295.000 ns	     25128	80005450	59670493	addi	x9,x14,1430	 x14:0x01000000  x9=0x01000596
     251305.000 ns	     25129	80005454	71fec013	xori	x0,x29,1823	 x29:0x95b95d72
     251315.000 ns	     25130	80005458	0088c633	xor	x12,x17,x8	 x17:0x80040fe4  x8:0x78fd6922 x12=0xf8f966c6
     251335.000 ns	     25132	8000545c	034314b3	mulh	x9,x6,x20	  x6:0x00000001 x20:0x00000000  x9=0x00000000
     251355.000 ns	     25134	80005460	01a5e133	or	x2,x11,x26	 x11:0x003ffffe x26:0x00000313  x2=0x003fffff
     251375.000 ns	     25136	80005464	e0000b53	fmv.x.w	x22,f0	  f0:0xfffff922 x22=0xfffff922
     251395.000 ns	     25138	80005468	010ff733	and	x14,x31,x16	 x31:0x00000009 x16:0x00000000 x14=0x00000000
     251415.000 ns	     25140	8000546c	030d91b3	mulh	x3,x27,x16	 x27:0xfffffd80 x16:0x00000000  x3=0x00000000
     251435.000 ns	     25142	80005470	000cc6b3	xor	x13,x25,x0	 x25:0xfffff999  x0:0x00000000 x13=0xfffff999
     251455.000 ns	     25144	80005474	a06b2a53	feq.s	x20,f22,f6	 f22:0x4637d2ac  f6:0x1f35048f x20=0x00000000
     251485.000 ns	     25147	80005478	a1178dd3	fle.s	x27,f15,f17	 f15:0x80000000 f17:0x00000000 x27=0x00000001
     251505.000 ns	     25149	8000547c	44b74793	xori	x15,x14,1099	 x14:0x00000000 x15=0x0000044b
     251515.000 ns	     25150	80005480	00cb9333	sll	x6,x23,x12	 x23:0x80041024 x12:0xf8f966c6  x6=0x01040900
     251535.000 ns	     25152	80005484	d00f9d53	fcvt.s.w	f26,x31	 x31:0x00000009 f26=0x41100000
     251565.000 ns	     25155	80005488	c00694d3	fcvt.w.s	x9,f13	 f13:0x80000000  x9=0x00000000
     251605.000 ns	     25159	8000548c	1188f253	fmul.s	f4,f17,f24	 f17:0x00000000 f24:0x43b7d942  f4=0x00000000
     251625.000 ns	     25161	80005490	2aeac817	auipc	x16,0x2aeac	 x16=0xaaeb1490
     251635.000 ns	     25162	80005494	d1c97513	andi	x10,x18,-740	 x18:0x6acd63f8 x10=0x6acd6118
     251645.000 ns	     25163	80005498	00941233	sll	x4,x8,x9	  x8:0x78fd6922  x9:0x00000000  x4=0x78fd6922
     251665.000 ns	     25165	8000549c	211f8253	fsgnj.s	f4,f31,f17	 f31:0x1f35048f f17:0x00000000  f4=0x1f35048f
     251695.000 ns	     25168	800054a0	211d9fd3	fsgnjn.s	f31,f27,f17	 f27:0x2effff36 f17:0x00000000 f31=0xaeffff36
     251745.000 ns	     25173	800054a4	08272ad3	fsub.s	f21,f14,f2	 f14:0x43b7d942  f2:0xff800000 f21=0x7f800000
     251775.000 ns	     25176	800054a8	02571a33	mulh	x20,x14,x5	 x14:0x00000000  x5:0x6a46a358 x20=0x00000000
     251805.000 ns	     25179	800054ac	e00e97d3	fclass.s	x15,f29	 f29:0x00000000 x15=0x00000010
     252175.000 ns	     25216	800054b0	022ce533	rem	x10,x25,x2	 x25:0xfffff999  x2:0x003fffff x10=0xfffff999
     252195.000 ns	     25218	800054b4	01f19833	sll	x16,x3,x31	  x3:0x00000000 x31:0x00000009 x16=0x00000000
     252215.000 ns	     25220	800054b8	c00d2453	fcvt.w.s	x8,f26	 f26:0x41100000  x8=0x00000009
     252235.000 ns	     25222	800054bc	b753b593	sltiu	x11,x7,-1163	  x7:0x000001ff x11=0x00000001
     252255.000 ns	     25224	800054c0	d016fb53	fcvt.s.wu	f22,x13	 x13:0xfffff999 f22=0x4f7ffff9
     252275.000 ns	     25226	800054c4	f4998937	lui	x18,0xf4998	 x18=0xf4998000
     252285.000 ns	     25227	800054c8	01e4c433	xor	x8,x9,x30	  x9:0x00000000 x30:0x00000000  x8=0x00000000
     252295.000 ns	     25228	800054cc	5a437e13	andi	x28,x6,1444	  x6:0x01040900 x28=0x00000100
     252315.000 ns	     25230	800054d0	e0091ad3	fclass.s	x21,f18	 f18:0x80000000 x21=0x00000008
     252335.000 ns	     25232	800054d4	40168cb3	sub	x25,x13,x1	 x13:0xfffff999  x1:0x00000001 x25=0xfffff998
     252345.000 ns	     25233	800054d8	407c5213	srai	x4,x24,0x7	 x24:0xfffffbd5  x4=0xfffffff7
     252355.000 ns	     25234	800054dc	3669b117	auipc	x2,0x3669b	  x2=0xb66a04dc
     252385.000 ns	     25237	800054e0	1137f553	fmul.s	f10,f15,f19	 f15:0x80000000 f19:0x36b50463 f10=0x80000000
     252435.000 ns	     25242	800054e4	00ff22d3	fadd.s	f5,f30,f15	 f30:0x4e01fbd7 f15:0x80000000  f5=0x4e01fbd7
     252465.000 ns	     25245	800054e8	d010fad3	fcvt.s.wu	f21,x1	  x1:0x00000001 f21=0x3f800000
     252495.000 ns	     25248	800054ec	022cb3b3	mulhu	x7,x25,x2	 x25:0xfffff998  x2:0xb66a04dc  x7=0xb66a004b
     252865.000 ns	     25285	800054f0	02a665b3	rem	x11,x12,x10	 x12:0xf8f966c6 x10:0xfffff999 x11=0xfffffc21
     252885.000 ns	     25287	800054f4	5f910993	addi	x19,x2,1529	  x2:0xb66a04dc x19=0xb66a0ad5
     252915.000 ns	     25290	800054f8	58057353	fsqrt.s	f6,f10	 f10:0x80000000  f6=0x80000000
     252935.000 ns	     25292	800054fc	00edc7b3	xor	x15,x27,x14	 x27:0x00000001 x14:0x00000000 x15=0x00000001
     252955.000 ns	     25294	80005500	c00e2053	fcvt.w.s	x0,f28	 f28:0xc3b7d942
     252985.000 ns	     25297	80005504	29e49853	fmax.s	f16,f9,f30	  f9:0x4e01fbd7 f30:0x4e01fbd7 f16=0x4e01fbd7
     253025.000 ns	     25301	80005508	580e7cd3	fsqrt.s	f25,f28	 f28:0xc3b7d942 f25=0x7fc00000
     253055.000 ns	     25304	8000550c	f00a0ed3	fmv.w.x	f29,x20	 x20:0x00000000 f29=0x00000000
     253075.000 ns	     25306	80005510	405206b3	sub	x13,x4,x5	  x4:0xfffffff7  x5:0x6a46a358 x13=0x95b95c9f
     253085.000 ns	     25307	80005514	00000013	addi	x0,x0,0	  x0:0x00000000
     253105.000 ns	     25309	80005518	c01485d3	fcvt.wu.s	x11,f9	  f9:0x4e01fbd7 x11=0x207ef5c0
     253145.000 ns	     25313	8000551c	19800453	fdiv.s	f8,f0,f24	  f0:0xfffff922 f24:0x43b7d942  f8=0x7fc00000
     253195.000 ns	     25318	80005520	08547153	fsub.s	f2,f8,f5	  f8:0x01200000  f5:0x4e01fbd7  f2=0x7fc00000
     253245.000 ns	     25323	80005524	08acc153	fsub.s	f2,f25,f10	 f25:0x7fc00000 f10:0x80000000  f2=0x7fc00000
     253265.000 ns	     25325	80005528	880fe517	auipc	x10,0x880fe	 x10=0x08103528
     253275.000 ns	     25326	8000552c	87fd4713	xori	x14,x26,-1921	 x26:0x00000313 x14=0xfffffb6c
     253285.000 ns	     25327	80005530	0171adb3	slt	x27,x3,x23	  x3:0x00000000 x23:0x80041024 x27=0x00000000
     253305.000 ns	     25329	80005534	294a97d3	fmax.s	f15,f21,f20	 f21:0x3f800000 f20:0x00000000 f15=0x3f800000
     253335.000 ns	     25332	80005538	21e093d3	fsgnjn.s	f7,f1,f30	  f1:0x7f800000 f30:0x4e01fbd7  f7=0xff800000
     253365.000 ns	     25335	8000553c	29ca14d3	fmax.s	f9,f20,f28	 f20:0x00000000 f28:0xc3b7d942  f9=0x00000000
     253385.000 ns	     25337	80005540	003e2533	slt	x10,x28,x3	 x28:0x00000100  x3:0x00000000 x10=0x00000000
     253395.000 ns	     25338	80005544	c1ea2093	slti	x1,x20,-994	 x20:0x00000000  x1=0x00000000
     253405.000 ns	     25339	80005548	01b9c1b3	xor	x3,x19,x27	 x19:0xb66a0ad5 x27:0x00000000  x3=0xb66a0ad5
     253445.000 ns	     25343	8000554c	097cf4d3	fsub.s	f9,f25,f23	 f25:0x7fc00000 f23:0x7fc00000  f9=0x7fc00000
     253465.000 ns	     25345	80005550	6589f113	andi	x2,x19,1624	 x19:0xb66a0ad5  x2=0x00000250
     253475.000 ns	     25346	80005554	e5f4c093	xori	x1,x9,-417	  x9:0x00000000  x1=0xfffffe5f
     253495.000 ns	     25348	80005558	034ae933	rem	x18,x21,x20	 x21:0x00000008 x20:0x00000000 x18=0x00000008
     253525.000 ns	     25351	8000555c	c018f3d3	fcvt.wu.s	x7,f17	 f17:0x00000000  x7=0x00000000
     253545.000 ns	     25353	80005560	01a97533	and	x10,x18,x26	 x18:0x00000008 x26:0x00000313 x10=0x00000000
     253555.000 ns	     25354	80005564	0178ccb3	xor	x25,x17,x23	 x17:0x80040fe4 x23:0x80041024 x25=0x00001fc0
     253585.000 ns	     25357	80005568	18e1b453	fdiv.s	f8,f3,f14	  f3:0xff800000 f14:0x43b7d942  f8=0xff800000
     253605.000 ns	     25359	8000556c	40265433	sra	x8,x12,x2	 x12:0xf8f966c6  x2:0x00000250  x8=0xfffff8f9
     253625.000 ns	     25361	80005570	02451d33	mulh	x26,x10,x4	 x10:0x00000000  x4:0xfffffff7 x26=0x00000000
     253655.000 ns	     25364	80005574	e0058953	fmv.x.w	x18,f11	 f11:0x80000000 x18=0x80000000
     253675.000 ns	     25366	80005578	00b9d593	srli	x11,x19,0xb	 x19:0xb66a0ad5 x11=0x0016cd41
     253695.000 ns	     25368	8000557c	206c2453	fsgnjx.s	f8,f24,f6	 f24:0x43b7d942  f6:0x80000000  f8=0xc3b7d942
     253745.000 ns	     25373	80005580	08920653	fsub.s	f12,f4,f9	  f4:0x1f35048f  f9:0x7fc00000 f12=0x7fc00000
     253765.000 ns	     25375	80005584	78f12913	slti	x18,x2,1935	  x2:0x00000250 x18=0x00000001
     253775.000 ns	     25376	80005588	35386d17	auipc	x26,0x35386	 x26=0xb538b588
     253785.000 ns	     25377	8000558c	c3e78513	addi	x10,x15,-962	 x15:0x00000001 x10=0xfffffc3f
     253805.000 ns	     25379	80005590	28cc9053	fmax.s	f0,f25,f12	 f25:0x7fc00000 f12:0x7fc00000  f0=0x7fc00000
     253825.000 ns	     25381	80005594	00000013	addi	x0,x0,0	  x0:0x00000000
     253845.000 ns	     25383	80005598	03b00cb3	mul	x25,x0,x27	  x0:0x00000000 x27:0x00000000 x25=0x00000000
     253865.000 ns	     25385	8000559c	00000013	addi	x0,x0,0	  x0:0x00000000
     253875.000 ns	     25386	800055a0	bfad4c93	xori	x25,x26,-1030	 x26:0xb538b588 x25=0x4ac74e72
     253895.000 ns	     25388	800055a4	03892233	mulhsu	x4,x18,x24	 x18:0x00000001 x24:0xfffffbd5  x4=0x00000000
     253925.000 ns	     25391	800055a8	20220ed3	fsgnj.s	f29,f4,f2	  f4:0x1f35048f  f2:0x7fc00000 f29=0x1f35048f
     253945.000 ns	     25393	800055ac	01d52b33	slt	x22,x10,x29	 x10:0xfffffc3f x29:0x95b95d72 x22=0x00000000
     253965.000 ns	     25395	800055b0	e0059053	fclass.s	x0,f11	 f11:0x80000000
     253985.000 ns	     25397	800055b4	01e1b533	sltu	x10,x3,x30	  x3:0xb66a0ad5 x30:0x00000000 x10=0x00000000
     253995.000 ns	     25398	800055b8	de3f6f13	ori	x30,x30,-541	 x30:0x00000000 x30=0xfffffde3
     254015.000 ns	     25400	800055bc	03628833	mul	x16,x5,x22	  x5:0x6a46a358 x22:0x00000000 x16=0x00000000
     254035.000 ns	     25402	800055c0	411502b3	sub	x5,x10,x17	 x10:0x00000000 x17:0x80040fe4  x5=0x7ffbf01c
     254045.000 ns	     25403	800055c4	01b3d033	srl	x0,x7,x27	  x7:0x00000000 x27:0x00000000
     254055.000 ns	     25404	800055c8	41e8dd13	srai	x26,x17,0x1e	 x17:0x80040fe4 x26=0xfffffffe
     254415.000 ns	     25440	800055cc	0223f433	remu	x8,x7,x2	  x7:0x00000000  x2:0x00000250  x8=0x00000000
     254785.000 ns	     25477	800055d0	02baf5b3	remu	x11,x21,x11	 x21:0x00000008 x11:0x0016cd41 x11=0x00000008
     254835.000 ns	     25482	800055d4	089dfc53	fsub.s	f24,f27,f9	 f27:0x2effff36  f9:0x7fc00000 f24=0x7fc00000
     255205.000 ns	     25519	800055d8	039079b3	remu	x19,x0,x25	  x0:0x00000000 x25:0x4ac74e72 x19=0x00000000
     255225.000 ns	     25521	800055dc	9d9f8593	addi	x11,x31,-1575	 x31:0x00000009 x11=0xfffff9e2
     255235.000 ns	     25522	800055e0	00bd9e13	slli	x28,x27,0xb	 x27:0x00000000 x28=0x00000000
     255245.000 ns	     25523	800055e4	000a8933	add	x18,x21,x0	 x21:0x00000008  x0:0x00000000 x18=0x00000008
     255265.000 ns	     25525	800055e8	20509053	fsgnjn.s	f0,f1,f5	  f1:0x7f800000  f5:0x4e01fbd7  f0=0xff800000
     255285.000 ns	     25527	800055ec	00eb9c13	slli	x24,x23,0xe	 x23:0x80041024 x24=0x04090000
     255315.000 ns	     25530	800055f0	580482d3	fsqrt.s	f5,f9	  f9:0x7fc00000  f5=0x7fc00000
     255345.000 ns	     25533	800055f4	a1a48953	fle.s	x18,f9,f26	  f9:0x7fc00000 f26:0x41100000 x18=0x00000000
     255365.000 ns	     25535	800055f8	00a73cb3	sltu	x25,x14,x10	 x14:0xfffffb6c x10:0x00000000 x25=0x00000000
     255385.000 ns	     25537	800055fc	03ccf333	remu	x6,x25,x28	 x25:0x4ac74e72 x28:0x00000000  x6=0x00000000
     255405.000 ns	     25539	80005600	00fc2933	slt	x18,x24,x15	 x24:0x04090000 x15:0x00000001 x18=0x00000000
     255415.000 ns	     25540	80005604	153caa13	slti	x20,x25,339	 x25:0x00000000 x20=0x00000001
     255435.000 ns	     25542	80005608	214ba1d3	fsgnjx.s	f3,f23,f20	 f23:0x7fc00000 f20:0x00000000  f3=0x7fc00000
     255475.000 ns	     25546	8000560c	117b75d3	fmul.s	f11,f22,f23	 f22:0x4f7ffff9 f23:0x7fc00000 f11=0x7fc00000
     255505.000 ns	     25549	80005610	c004bb53	fcvt.w.s	x22,f9	  f9:0x7fc00000 x22=0x7fffffff
     255535.000 ns	     25552	80005614	a0fd10d3	flt.s	x1,f26,f15	 f26:0x41100000 f15:0x3f800000  x1=0x00000000
     255565.000 ns	     25555	80005618	216ca4d3	fsgnjx.s	f9,f25,f22	 f25:0x7fc00000 f22:0x4f7ffff9  f9=0x7fc00000
     255585.000 ns	     25557	8000561c	eec6cc93	xori	x25,x13,-276	 x13:0x95b95c9f x25=0x6a46a273
     255605.000 ns	     25559	80005620	a17407d3	fle.s	x15,f8,f23	  f8:0xc3b7d942 f23:0x7fc00000 x15=0x00000000
     255625.000 ns	     25561	80005624	018d4db3	xor	x27,x26,x24	 x26:0xfffffffe x24:0x04090000 x27=0xfbf6fffe
     255645.000 ns	     25563	80005628	29c09cd3	fmax.s	f25,f1,f28	  f1:0x7f800000 f28:0xc3b7d942 f25=0x7f800000
     255675.000 ns	     25566	8000562c	e00f1e53	fclass.s	x28,f30	 f30:0x4e01fbd7 x28=0x00000040
     255695.000 ns	     25568	80005630	01b634b3	sltu	x9,x12,x27	 x12:0xf8f966c6 x27:0xfbf6fffe  x9=0x00000001
     255705.000 ns	     25569	80005634	65677d17	auipc	x26,0x65677	 x26=0xe567c634
     255725.000 ns	     25571	80005638	205b92d3	fsgnjn.s	f5,f23,f5	 f23:0x7fc00000  f5:0x7fc00000  f5=0xffc00000
     255745.000 ns	     25573	8000563c	41d7df13	srai	x30,x15,0x1d	 x15:0x00000000 x30=0x00000000
     255755.000 ns	     25574	80005640	7d92b097	auipc	x1,0x7d92b	  x1=0xfd930640
     255765.000 ns	     25575	80005644	8dc78613	addi	x12,x15,-1828	 x15:0x00000000 x12=0xfffff8dc
     256125.000 ns	     25611	80005648	023a4b33	div	x22,x20,x3	 x20:0x00000001  x3:0xb66a0ad5 x22=0x00000000
     256495.000 ns	     25648	8000564c	03da4db3	div	x27,x20,x29	 x20:0x00000001 x29:0x95b95d72 x27=0x00000000
     256545.000 ns	     25653	80005650	08cf2bd3	fsub.s	f23,f30,f12	 f30:0x4e01fbd7 f12:0x7fc00000 f23=0x7fc00000
     256575.000 ns	     25656	80005654	02fa76b3	remu	x13,x20,x15	 x20:0x00000001 x15:0x00000000 x13=0x00000001
     256595.000 ns	     25658	80005658	01deecb3	or	x25,x29,x29	 x29:0x95b95d72 x29:0x95b95d72 x25=0x95b95d72
     256605.000 ns	     25659	8000565c	f64ded93	ori	x27,x27,-156	 x27:0x00000000 x27=0xffffff64
     256625.000 ns	     25661	80005660	211e89d3	fsgnj.s	f19,f29,f17	 f29:0x1f35048f f17:0x00000000 f19=0x1f35048f
     256655.000 ns	     25664	80005664	a0a8a353	feq.s	x6,f17,f10	 f17:0x00000000 f10:0x80000000  x6=0x00000001
     256685.000 ns	     25667	80005668	02408033	mul	x0,x1,x4	  x1:0xfd930640  x4:0x00000000
     256715.000 ns	     25670	8000566c	280f8bd3	fmin.s	f23,f31,f0	 f31:0xaeffff36  f0:0xff800000 f23=0xff800000
     256735.000 ns	     25672	80005670	41758333	sub	x6,x11,x23	 x11:0xfffff9e2 x23:0x80041024  x6=0x7ffbe9be
     256745.000 ns	     25673	80005674	0044a433	slt	x8,x9,x4	  x9:0x00000001  x4:0x00000000  x8=0x00000000
     256765.000 ns	     25675	80005678	038609b3	mul	x19,x12,x24	 x12:0xfffff8dc x24:0x04090000 x19=0x2fbc0000
     256795.000 ns	     25678	8000567c	e00d0453	fmv.x.w	x8,f26	 f26:0x41100000  x8=0x41100000
     256825.000 ns	     25681	80005680	e0001f53	fclass.s	x30,f0	  f0:0xff800000 x30=0x00000001
     257195.000 ns	     25718	80005684	02ead233	divu	x4,x21,x14	 x21:0x00000008 x14:0xfffffb6c  x4=0x00000000
     257245.000 ns	     25723	80005688	099b7ed3	fsub.s	f29,f22,f25	 f22:0x4f7ffff9 f25:0x7f800000 f29=0xff800000
     257275.000 ns	     25726	8000568c	c0069153	fcvt.w.s	x2,f13	 f13:0x80000000  x2=0x00000000
     257645.000 ns	     25763	80005690	02ead4b3	divu	x9,x21,x14	 x21:0x00000008 x14:0xfffffb6c  x9=0x00000000
     257665.000 ns	     25765	80005694	014a42b3	xor	x5,x20,x20	 x20:0x00000001 x20:0x00000001  x5=0x00000000
     257685.000 ns	     25767	80005698	29808f53	fmin.s	f30,f1,f24	  f1:0x7f800000 f24:0x7fc00000 f30=0x7f800000
     257715.000 ns	     25770	8000569c	02df3733	mulhu	x14,x30,x13	 x30:0x00000001 x13:0x00000001 x14=0x00000000
     257735.000 ns	     25772	800056a0	4c3d21b7	lui	x3,0x4c3d2	  x3=0x4c3d2000
     258095.000 ns	     25808	800056a4	02c9c7b3	div	x15,x19,x12	 x19:0x2fbc0000 x12:0xfffff8dc x15=0xfff950ab
     258115.000 ns	     25810	800056a8	01bbbab3	sltu	x21,x23,x27	 x23:0x80041024 x27:0xffffff64 x21=0x00000001
     258475.000 ns	     25846	800056ac	0265dcb3	divu	x25,x11,x6	 x11:0xfffff9e2  x6:0x7ffbe9be x25=0x00000002
     258505.000 ns	     25849	800056b0	c013ff53	fcvt.wu.s	x30,f7	  f7:0xff800000 x30=0x00000000
     258525.000 ns	     25851	800056b4	4f8a8093	addi	x1,x21,1272	 x21:0x00000001  x1=0x000004f9
     258545.000 ns	     25853	800056b8	e00092d3	fclass.s	x5,f1	  f1:0x7f800000  x5=0x00000080
     258915.000 ns	     25890	800056bc	0338e433	rem	x8,x17,x19	 x17:0x80040fe4 x19:0x2fbc0000  x8=0xdf7c0fe4
     258945.000 ns	     25893	800056c0	d013ab53	fcvt.s.wu	f22,x7	  x7:0x00000000 f22=0x00000000
     260125.000 ns	     26011	800056c4	58082753	fsqrt.s	f14,f16	 f16:0x4e01fbd7 f14=0x4637d2ac
     260155.000 ns	     26014	800056c8	0209ba33	mulhu	x20,x19,x0	 x19:0x2fbc0000  x0:0x00000000 x20=0x00000000
     260175.000 ns	     26016	800056cc	ff06a213	slti	x4,x13,-16	 x13:0x00000001  x4=0x00000000
     260185.000 ns	     26017	800056d0	01a393b3	sll	x7,x7,x26	  x7:0x00000000 x26:0xe567c634  x7=0x00000000
     260205.000 ns	     26019	800056d4	d0082753	fcvt.s.w	f14,x16	 x16:0x00000000 f14=0x00000000
     260255.000 ns	     26024	800056d8	007bb4d3	fadd.s	f9,f23,f7	 f23:0xff800000  f7:0xff800000  f9=0x80000000
     260275.000 ns	     26026	800056dc	00b49993	slli	x19,x9,0xb	  x9:0x00000000 x19=0x00000000
     260295.000 ns	     26028	800056e0	20ed2fd3	fsgnjx.s	f31,f26,f14	 f26:0x41100000 f14:0x00000000 f31=0x41100000
     260335.000 ns	     26032	800056e4	18dd7553	fdiv.s	f10,f26,f13	 f26:0x41100000 f13:0x80000000 f10=0xff800000
     260365.000 ns	     26035	800056e8	a01a0753	fle.s	x14,f20,f1	 f20:0x00000000  f1:0x7f800000 x14=0x00000001
     260385.000 ns	     26037	800056ec	01274ab3	xor	x21,x14,x18	 x14:0x00000000 x18:0x00000000 x21=0x00000001
     260745.000 ns	     26073	800056f0	035ff033	remu	x0,x31,x21	 x31:0x00000009 x21:0x00000001
     261115.000 ns	     26110	800056f4	02e15f33	divu	x30,x2,x14	  x2:0x00000000 x14:0x00000001 x30=0x00000000
     261135.000 ns	     26112	800056f8	0079d593	srli	x11,x19,0x7	 x19:0x00000000 x11=0x00000000
     261175.000 ns	     26116	800056fc	0950f053	fsub.s	f0,f1,f21	  f1:0x7f800000 f21:0x3f800000  f0=0x7f800000
     261545.000 ns	     26153	80005700	03cdf5b3	remu	x11,x27,x28	 x27:0xffffff64 x28:0x00000040 x11=0x00000024
     261565.000 ns	     26155	80005704	01dd5db3	srl	x27,x26,x29	 x26:0xe567c634 x29:0x95b95d72 x27=0x00003959
     261575.000 ns	     26156	80005708	00d45793	srli	x15,x8,0xd	  x8:0xdf7c0fe4 x15=0x0006fbe0
     261585.000 ns	     26157	8000570c	7acc79b7	lui	x19,0x7acc7	 x19=0x7acc7000
     261595.000 ns	     26158	80005710	01862ab3	slt	x21,x12,x24	 x12:0xfffff8dc x24:0x04090000 x21=0x00000001
     261605.000 ns	     26159	80005714	40d852b3	sra	x5,x16,x13	 x16:0x00000000 x13:0x00000001  x5=0x00000000
     261625.000 ns	     26161	80005718	e0038e53	fmv.x.w	x28,f7	  f7:0xff800000 x28=0xff800000
     261645.000 ns	     26163	8000571c	414ddd13	srai	x26,x27,0x14	 x27:0x00003959 x26=0x00000000
     261665.000 ns	     26165	80005720	c01d7753	fcvt.wu.s	x14,f26	 f26:0x41100000 x14=0x00000009
     261685.000 ns	     26167	80005724	33520e97	auipc	x29,0x33520	 x29=0xb3525724
     261705.000 ns	     26169	80005728	020fa833	mulhsu	x16,x31,x0	 x31:0x00000009  x0:0x00000000 x16=0x00000000
     261735.000 ns	     26172	8000572c	02033933	mulhu	x18,x6,x0	  x6:0x7ffbe9be  x0:0x00000000 x18=0x00000000
     261765.000 ns	     26175	80005730	030a1533	mulh	x10,x20,x16	 x20:0x00000000 x16:0x00000000 x10=0x00000000
     261815.000 ns	     26180	80005734	003c7353	fadd.s	f6,f24,f3	 f24:0x7fc00000  f3:0x7fc00000  f6=0x7fc00000
     261855.000 ns	     26184	80005738	5808f153	fsqrt.s	f2,f17	 f17:0x00000000  f2=0x00000000
     261885.000 ns	     26187	8000573c	d009fb53	fcvt.s.w	f22,x19	 x19:0x7acc7000 f22=0x4ef598e0
     261915.000 ns	     26190	80005740	29959653	fmax.s	f12,f11,f25	 f11:0x7fc00000 f25:0x7f800000 f12=0x7f800000
     261935.000 ns	     26192	80005744	01c4dab3	srl	x21,x9,x28	  x9:0x00000000 x28:0xff800000 x21=0x00000000
     261945.000 ns	     26193	80005748	5db77d13	andi	x26,x14,1499	 x14:0x00000009 x26=0x00000009
     261965.000 ns	     26195	8000574c	c0191dd3	fcvt.wu.s	x27,f18	 f18:0x80000000 x27=0x00000000
     261995.000 ns	     26198	80005750	a1b21653	flt.s	x12,f4,f27	  f4:0x1f35048f f27:0x2effff36 x12=0x00000001
     262365.000 ns	     26235	80005754	038dc0b3	div	x1,x27,x24	 x27:0x00000000 x24:0x04090000  x1=0x00000000
     262385.000 ns	     26237	80005758	42a7b613	sltiu	x12,x15,1066	 x15:0x0006fbe0 x12=0x00000000
     262425.000 ns	     26241	8000575c	08eb7cd3	fsub.s	f25,f22,f14	 f22:0x4ef598e0 f14:0x00000000 f25=0x4ef598e0
     262445.000 ns	     26243	80005760	0051a5b3	slt	x11,x3,x5	  x3:0x4c3d2000  x5:0x00000000 x11=0x00000000
     262465.000 ns	     26245	80005764	d01835d3	fcvt.s.wu	f11,x16	 x16:0x00000000 f11=0x00000000
     262495.000 ns	     26248	80005768	02c10e33	mul	x28,x2,x12	  x2:0x00000000 x12:0x00000000 x28=0x00000000
     262515.000 ns	     26250	8000576c	013c9513	slli	x10,x25,0x13	 x25:0x00000002 x10=0x00100000
     262525.000 ns	     26251	80005770	858dca93	xori	x21,x27,-1960	 x27:0x00000000 x21=0xfffff858
     262535.000 ns	     26252	80005774	41505433	sra	x8,x0,x21	  x0:0x00000000 x21:0x00000000  x8=0x00000000
     262545.000 ns	     26253	80005778	00855b33	srl	x22,x10,x8	 x10:0x00100000  x8:0xdf7c0fe4 x22=0x00100000
     262565.000 ns	     26255	8000577c	0214aa33	mulhsu	x20,x9,x1	  x9:0x00000000  x1:0x00000000 x20=0x00000000
     262585.000 ns	     26257	80005780	00cd5e33	srl	x28,x26,x12	 x26:0x00000009 x12:0x00000000 x28=0x00000009
     262595.000 ns	     26258	80005784	5990dd37	lui	x26,0x5990d	 x26=0x5990d000
     262605.000 ns	     26259	80005788	72668593	addi	x11,x13,1830	 x13:0x00000001 x11=0x00000727
     262625.000 ns	     26261	8000578c	c0143ad3	fcvt.wu.s	x21,f8	  f8:0xc3b7d942 x21=0x00000170
     262655.000 ns	     26264	80005790	02855833	divu	x16,x10,x8	 x10:0x00100000  x8:0x00000000 x16=0xffffffff
     262685.000 ns	     26267	80005794	20289b53	fsgnjn.s	f22,f17,f2	 f17:0x00000000  f2:0x00000000 f22=0x80000000
     262715.000 ns	     26270	80005798	20b70bd3	fsgnj.s	f23,f14,f11	 f14:0x00000000 f11:0x00000000 f23=0x00000000
     262745.000 ns	     26273	8000579c	204daad3	fsgnjx.s	f21,f27,f4	 f27:0x2effff36  f4:0x1f35048f f21=0x2effff36
     262775.000 ns	     26276	800057a0	21862853	fsgnjx.s	f16,f12,f24	 f12:0x7f800000 f24:0x7fc00000 f16=0x7f800000
     262815.000 ns	     26280	800057a4	1185fd53	fmul.s	f26,f11,f24	 f11:0x00000000 f24:0x7fc00000 f26=0x7fc00000
     263185.000 ns	     26317	800057a8	03c37b33	remu	x22,x6,x28	  x6:0x7ffbe9be x28:0x00000009 x22=0x00000000
     263215.000 ns	     26320	800057ac	f00e8453	fmv.w.x	f8,x29	 x29:0xb3525724  f8=0xb3525724
     263235.000 ns	     26322	800057b0	005604b3	add	x9,x12,x5	 x12:0x00000000  x5:0x00000000  x9=0x00000000
     263245.000 ns	     26323	800057b4	96a2ba93	sltiu	x21,x5,-1686	  x5:0x00000000 x21=0x00000001
     263255.000 ns	     26324	800057b8	5b297013	andi	x0,x18,1458	 x18:0x00000000
     263265.000 ns	     26325	800057bc	0112b833	sltu	x16,x5,x17	  x5:0x00000000 x17:0x80040fe4 x16=0x00000001
     263625.000 ns	     26361	800057c0	02d4cdb3	div	x27,x9,x13	  x9:0x00000000 x13:0x00000001 x27=0x00000000
     263655.000 ns	     26364	800057c4	a071ac53	feq.s	x24,f3,f7	  f3:0x7fc00000  f7:0xff800000 x24=0x00000000
     263685.000 ns	     26367	800057c8	c00ff053	fcvt.w.s	x0,f31	 f31:0x41100000
     263705.000 ns	     26369	800057cc	ced8e093	ori	x1,x17,-787	 x17:0x80040fe4  x1=0xffffffed
     263715.000 ns	     26370	800057d0	40045d13	srai	x26,x8,0x0	  x8:0x00000000 x26=0x00000000
     263725.000 ns	     26371	800057d4	d409e493	ori	x9,x19,-704	 x19:0x7acc7000  x9=0xfffffd40
     263735.000 ns	     26372	800057d8	40c00733	sub	x14,x0,x12	  x0:0x00000000 x12:0x00000000 x14=0x00000000
     263745.000 ns	     26373	800057dc	ba2d7737	lui	x14,0xba2d7	 x14=0xba2d7000
     263765.000 ns	     26375	800057e0	20040253	fsgnj.s	f4,f8,f0	  f8:0xb3525724  f0:0x7f800000  f4=0x33525724
     263795.000 ns	     26378	800057e4	c01cf6d3	fcvt.wu.s	x13,f25	 f25:0x4ef598e0 x13=0x7acc7000
     263815.000 ns	     26380	800057e8	413c5eb3	sra	x29,x24,x19	 x24:0x00000000 x19:0x7acc7000 x29=0x00000000
     263835.000 ns	     26382	800057ec	d00b8f53	fcvt.s.w	f30,x23	 x23:0x80041024 f30=0xcefff7df
     263865.000 ns	     26385	800057f0	c0137cd3	fcvt.wu.s	x25,f6	  f6:0x7fc00000 x25=0xffffffff
     263905.000 ns	     26389	800057f4	580976d3	fsqrt.s	f13,f18	 f18:0x80000000 f13=0x80000000
     263935.000 ns	     26392	800057f8	034a7133	remu	x2,x20,x20	 x20:0x00000000 x20:0x00000000  x2=0x00000000
     263965.000 ns	     26395	800057fc	c018f9d3	fcvt.wu.s	x19,f17	 f17:0x00000000 x19=0x00000000
     263985.000 ns	     26397	80005800	01ea0a33	add	x20,x20,x30	 x20:0x00000000 x30:0x00000000 x20=0x00000000
     264005.000 ns	     26399	80005804	d0089bd3	fcvt.s.w	f23,x17	 x17:0x80040fe4 f23=0xcefff7e0
     264035.000 ns	     26402	80005808	d0147fd3	fcvt.s.wu	f31,x8	  x8:0x00000000 f31=0x00000000
     264055.000 ns	     26404	8000580c	fb93cf37	lui	x30,0xfb93c	 x30=0xfb93c000
     264075.000 ns	     26406	80005810	2054a553	fsgnjx.s	f10,f9,f5	  f9:0x80000000  f5:0xffc00000 f10=0x00000000
     264105.000 ns	     26409	80005814	213e0c53	fsgnj.s	f24,f28,f19	 f28:0xc3b7d942 f19:0x1f35048f f24=0x43b7d942
     264125.000 ns	     26411	80005818	647feb13	ori	x22,x31,1607	 x31:0x00000009 x22=0x0000064f
     264135.000 ns	     26412	8000581c	000687b3	add	x15,x13,x0	 x13:0x7acc7000  x0:0x00000000 x15=0x7acc7000
     264155.000 ns	     26414	80005820	03abea33	rem	x20,x23,x26	 x23:0x80041024 x26:0x00000000 x20=0x80041024
     264185.000 ns	     26417	80005824	c0163353	fcvt.wu.s	x6,f12	 f12:0x7f800000  x6=0xffffffff
     264205.000 ns	     26419	80005828	41775c13	srai	x24,x14,0x17	 x14:0xba2d7000 x24=0xffffff74
     264235.000 ns	     26422	8000582c	18bdfe53	fdiv.s	f28,f27,f11	 f27:0x2effff36 f11:0x00000000 f28=0x7f800000
     264255.000 ns	     26424	80005830	408e5813	srai	x16,x28,0x8	 x28:0x00000009 x16=0x00000000
     264275.000 ns	     26426	80005834	e0080153	fmv.x.w	x2,f16	 f16:0x7f800000  x2=0x7f800000
     264305.000 ns	     26429	80005838	0354be33	mulhu	x28,x9,x21	  x9:0xfffffd40 x21:0x00000001 x28=0x00000000
     264325.000 ns	     26431	8000583c	0a3c8593	addi	x11,x25,163	 x25:0xffffffff x11=0x000000a2
     264335.000 ns	     26432	80005840	88bba213	slti	x4,x23,-1909	 x23:0x80041024  x4=0x00000001
     264365.000 ns	     26435	80005844	106817d3	fmul.s	f15,f16,f6	 f16:0x7f800000  f6:0x7fc00000 f15=0x7fc00000
     264385.000 ns	     26437	80005848	4006d533	sra	x10,x13,x0	 x13:0x7acc7000  x0:0x00000000 x10=0x7acc7000
     264405.000 ns	     26439	8000584c	e00d1653	fclass.s	x12,f26	 f26:0x7fc00000 x12=0x00000200
     264425.000 ns	     26441	80005850	00000013	addi	x0,x0,0	  x0:0x00000000
     264435.000 ns	     26442	80005854	01139413	slli	x8,x7,0x11	  x7:0x00000000  x8=0x00000000
     264455.000 ns	     26444	80005858	f00d08d3	fmv.w.x	f17,x26	 x26:0x00000000 f17=0x00000000
     264475.000 ns	     26446	8000585c	fdcacf13	xori	x30,x21,-36	 x21:0x00000001 x30=0xffffffdd
     264495.000 ns	     26448	80005860	02c334b3	mulhu	x9,x6,x12	  x6:0xffffffff x12:0x00000200  x9=0x000001ff
     264515.000 ns	     26450	80005864	01ba3eb3	sltu	x29,x20,x27	 x20:0x80041024 x27:0x00000000 x29=0x00000000
     264535.000 ns	     26452	80005868	c01f3353	fcvt.wu.s	x6,f30	 f30:0xcefff7df  x6=0x7ffbef80
     264565.000 ns	     26455	8000586c	a0f5af53	feq.s	x30,f11,f15	 f11:0x00000000 f15:0x7fc00000 x30=0x00000000
     264615.000 ns	     26460	80005870	08661053	fsub.s	f0,f12,f6	 f12:0x7f800000  f6:0x7fc00000  f0=0x7fc00000
     264635.000 ns	     26462	80005874	3cbf3793	sltiu	x15,x30,971	 x30:0x00000000 x15=0x00000001
     264645.000 ns	     26463	80005878	77b86c13	ori	x24,x16,1915	 x16:0x00000000 x24=0x0000077b
     264665.000 ns	     26465	8000587c	d00cf753	fcvt.s.w	f14,x25	 x25:0xffffffff f14=0xbf800000
     264685.000 ns	     26467	80005880	000c0133	add	x2,x24,x0	 x24:0xffffff74  x0:0x00000000  x2=0x0000077b
     264705.000 ns	     26469	80005884	0336f033	remu	x0,x13,x19	 x13:0x7acc7000 x19:0x00000000
     264725.000 ns	     26471	80005888	004f9793	slli	x15,x31,0x4	 x31:0x00000009 x15=0x00000090
     264755.000 ns	     26474	8000588c	5808c453	fsqrt.s	f8,f17	 f17:0x00000000  f8=0x00000000
     264795.000 ns	     26478	80005890	104b92d3	fmul.s	f5,f23,f4	 f23:0xcefff7e0  f4:0x33525724  f5=0xc2d25076
     264835.000 ns	     26482	80005894	117f43d3	fmul.s	f7,f30,f23	 f30:0xcefff7df f23:0xcefff7e0  f7=0x5e7fefbf
     264855.000 ns	     26484	80005898	40040433	sub	x8,x8,x0	  x8:0x00000000  x0:0x00000000  x8=0x00000000
     264885.000 ns	     26487	8000589c	1958aed3	fdiv.s	f29,f17,f21	 f17:0x00000000 f21:0x2effff36 f29=0x00000000
     264935.000 ns	     26492	800058a0	01e18553	fadd.s	f10,f3,f30	  f3:0x7fc00000 f30:0xcefff7df f10=0x7fc00000
     264955.000 ns	     26494	800058a4	00000013	addi	x0,x0,0	  x0:0x00000000
     264975.000 ns	     26496	800058a8	02cd35b3	mulhu	x11,x26,x12	 x26:0x00000000 x12:0x00000200 x11=0x00000000
     264995.000 ns	     26498	800058ac	00064333	xor	x6,x12,x0	 x12:0x00000200  x0:0x00000000  x6=0x00000200
     265015.000 ns	     26500	800058b0	a08ea0d3	feq.s	x1,f29,f8	 f29:0x00000000  f8:0x00000000  x1=0x00000001
     265045.000 ns	     26503	800058b4	a0121653	flt.s	x12,f4,f1	  f4:0x33525724  f1:0x7f800000 x12=0x00000001
     265075.000 ns	     26506	800058b8	03f03333	mulhu	x6,x0,x31	  x0:0x00000000 x31:0x00000009  x6=0x00000000
     265445.000 ns	     26543	800058bc	02ec7633	remu	x12,x24,x14	 x24:0x0000077b x14:0xba2d7000 x12=0x0000077b
     265465.000 ns	     26545	800058c0	51f08793	addi	x15,x1,1311	  x1:0x00000001 x15=0x00000520
     265495.000 ns	     26548	800058c4	18dc9e53	fdiv.s	f28,f25,f13	 f25:0x4ef598e0 f13:0x80000000 f28=0xff800000
     265535.000 ns	     26552	800058c8	10e48153	fmul.s	f2,f9,f14	  f9:0x80000000 f14:0xbf800000  f2=0x00000000
     265555.000 ns	     26554	800058cc	01c82333	slt	x6,x16,x28	 x16:0x00000000 x28:0x00000000  x6=0x00000000
     265575.000 ns	     26556	800058d0	d01f0b53	fcvt.s.wu	f22,x30	 x30:0x00000000 f22=0x00000000
     265605.000 ns	     26559	800058d4	d0137353	fcvt.s.wu	f6,x6	  x6:0x00000000  f6=0x00000000
     265655.000 ns	     26564	800058d8	013ef153	fadd.s	f2,f29,f19	 f29:0x00000000 f19:0x1f35048f  f2=0x1f35048f
     265705.000 ns	     26569	800058dc	097cb353	fsub.s	f6,f25,f23	 f25:0x4ef598e0 f23:0xcefff7e0  f6=0x4f7ac860
     265735.000 ns	     26572	800058e0	210a93d3	fsgnjn.s	f7,f21,f16	 f21:0x2effff36 f16:0x7f800000  f7=0xaeffff36
     265755.000 ns	     26574	800058e4	99930213	addi	x4,x6,-1639	  x6:0x00000000  x4=0xfffff999
     265775.000 ns	     26576	800058e8	a14aa7d3	feq.s	x15,f21,f20	 f21:0x2effff36 f20:0x00000000 x15=0x00000000
     265805.000 ns	     26579	800058ec	0381a733	mulhsu	x14,x3,x24	  x3:0x4c3d2000 x24:0x0000077b x14=0x0000023a
     266985.000 ns	     26697	800058f0	580dc853	fsqrt.s	f16,f27	 f27:0x2effff36 f16=0x36b50463
     267015.000 ns	     26700	800058f4	025c1f33	mulh	x30,x24,x5	 x24:0x0000077b  x5:0x00000000 x30=0x00000000
     267045.000 ns	     26703	800058f8	f0030753	fmv.w.x	f14,x6	  x6:0x00000000 f14=0x00000000
     267075.000 ns	     26706	800058fc	03939cb3	mulh	x25,x7,x25	  x7:0x00000000 x25:0xffffffff x25=0x00000000
     267105.000 ns	     26709	80005900	29ac8a53	fmin.s	f20,f25,f26	 f25:0x4ef598e0 f26:0x7fc00000 f20=0x4ef598e0
     267135.000 ns	     26712	80005904	d01f7753	fcvt.s.wu	f14,x30	 x30:0x00000000 f14=0x00000000
     267155.000 ns	     26714	80005908	01de1733	sll	x14,x28,x29	 x28:0x00000000 x29:0x00000000 x14=0x00000000
     267165.000 ns	     26715	8000590c	012f6db3	or	x27,x30,x18	 x30:0x00000000 x18:0x00000000 x27=0x00000000
     267185.000 ns	     26717	80005910	e00d17d3	fclass.s	x15,f26	 f26:0x7fc00000 x15=0x00000200
     267215.000 ns	     26720	80005914	0209f5b3	remu	x11,x19,x0	 x19:0x00000000  x0:0x00000000 x11=0x00000000
     267245.000 ns	     26723	80005918	a1468653	fle.s	x12,f13,f20	 f13:0x80000000 f20:0x4ef598e0 x12=0x00000001
     267275.000 ns	     26726	8000591c	a0498a53	fle.s	x20,f19,f4	 f19:0x1f35048f  f4:0x33525724 x20=0x00000001
     267295.000 ns	     26728	80005920	01f75ab3	srl	x21,x14,x31	 x14:0x00000000 x31:0x00000009 x21=0x00000000
     267305.000 ns	     26729	80005924	01200db3	add	x27,x0,x18	  x0:0x00000000 x18:0x00000000 x27=0x00000000
     267315.000 ns	     26730	80005928	007311b3	sll	x3,x6,x7	  x6:0x00000000  x7:0x00000000  x3=0x00000000
     267325.000 ns	     26731	8000592c	e98a3393	sltiu	x7,x20,-360	 x20:0x00000001  x7=0x00000001
     267345.000 ns	     26733	80005930	025c1733	mulh	x14,x24,x5	 x24:0x0000077b  x5:0x00000000 x14=0x00000000
     267375.000 ns	     26736	80005934	e00e1853	fclass.s	x16,f28	 f28:0xff800000 x16=0x00000001
     267405.000 ns	     26739	80005938	28139d53	fmax.s	f26,f7,f1	  f7:0xaeffff36  f1:0x7f800000 f26=0x7f800000
     267435.000 ns	     26742	8000593c	284e0453	fmin.s	f8,f28,f4	 f28:0xff800000  f4:0x33525724  f8=0xff800000
     267465.000 ns	     26745	80005940	028a9833	mulh	x16,x21,x8	 x21:0x00000000  x8:0x00000000 x16=0x00000000
     267485.000 ns	     26747	80005944	41665133	sra	x2,x12,x22	 x12:0x00000001 x22:0x0000064f  x2=0x00000000
     267495.000 ns	     26748	80005948	0098fcb3	and	x25,x17,x9	 x17:0x80040fe4  x9:0x000001ff x25=0x000001e4
     267505.000 ns	     26749	8000594c	0085c9b3	xor	x19,x11,x8	 x11:0x00000000  x8:0x00000000 x19=0x00000000
     267515.000 ns	     26750	80005950	01c11093	slli	x1,x2,0x1c	  x2:0x00000000  x1=0x00000000
     267535.000 ns	     26752	80005954	29a69f53	fmax.s	f30,f13,f26	 f13:0x80000000 f26:0x7f800000 f30=0x7f800000
     267555.000 ns	     26754	80005958	406887b3	sub	x15,x17,x6	 x17:0x80040fe4  x6:0x00000000 x15=0x80040fe4
     267575.000 ns	     26756	8000595c	a0eba853	feq.s	x16,f23,f14	 f23:0xcefff7e0 f14:0x00000000 x16=0x00000000
     267595.000 ns	     26758	80005960	41ad8db3	sub	x27,x27,x26	 x27:0x00000000 x26:0x00000000 x27=0x00000000
     267605.000 ns	     26759	80005964	004cb4b3	sltu	x9,x25,x4	 x25:0x000001e4  x4:0xfffff999  x9=0x00000001
     267615.000 ns	     26760	80005968	89f0a113	slti	x2,x1,-1889	  x1:0x00000000  x2=0x00000000
     267625.000 ns	     26761	8000596c	012b5e93	srli	x29,x22,0x12	 x22:0x0000064f x29=0x00000000
     267655.000 ns	     26764	80005970	11c310d3	fmul.s	f1,f6,f28	  f6:0x4f7ac860 f28:0xff800000  f1=0xff800000
     267675.000 ns	     26766	80005974	409bd0b3	sra	x1,x23,x9	 x23:0x80041024  x9:0x00000001  x1=0xc0020812
     267685.000 ns	     26767	80005978	019bdb33	srl	x22,x23,x25	 x23:0x80041024 x25:0x000001e4 x22=0x08004102
     267725.000 ns	     26771	8000597c	01bd0ad3	fadd.s	f21,f26,f27	 f26:0x7f800000 f27:0x2effff36 f21=0x7f800000
     267745.000 ns	     26773	80005980	de70be93	sltiu	x29,x1,-537	  x1:0xc0020812 x29=0x00000001
     267755.000 ns	     26774	80005984	c163e713	ori	x14,x7,-1002	  x7:0x00000001 x14=0xfffffc17
     267765.000 ns	     26775	80005988	eec23d13	sltiu	x26,x4,-276	  x4:0xfffff999 x26=0x00000001
     267775.000 ns	     26776	8000598c	01479db3	sll	x27,x15,x20	 x15:0x80040fe4 x20:0x00000001 x27=0x00081fc8
     268135.000 ns	     26812	80005990	02e879b3	remu	x19,x16,x14	 x16:0x00000000 x14:0xfffffc17 x19=0x00000000
     268155.000 ns	     26814	80005994	016b45b3	xor	x11,x22,x22	 x22:0x08004102 x22:0x08004102 x11=0x00000000
     268165.000 ns	     26815	80005998	912b0093	addi	x1,x22,-1774	 x22:0x08004102  x1=0x08003a14
     268175.000 ns	     26816	8000599c	6fb87d93	andi	x27,x16,1787	 x16:0x00000000 x27=0x00000000
     268185.000 ns	     26817	800059a0	00b04933	xor	x18,x0,x11	  x0:0x00000000 x11:0x00000000 x18=0x00000000
     268205.000 ns	     26819	800059a4	03630db3	mul	x27,x6,x22	  x6:0x00000000 x22:0x08004102 x27=0x00000000
     268235.000 ns	     26822	800059a8	c00b9ed3	fcvt.w.s	x29,f23	 f23:0xcefff7e0 x29=0x80041000
     268255.000 ns	     26824	800059ac	4041d113	srai	x2,x3,0x4	  x3:0x00000000  x2=0x00000000
     268275.000 ns	     26826	800059b0	20cf9ed3	fsgnjn.s	f29,f31,f12	 f31:0x00000000 f12:0x7f800000 f29=0x80000000
     268295.000 ns	     26828	800059b4	01a80a33	add	x20,x16,x26	 x16:0x00000000 x26:0x00000001 x20=0x00000001
     268305.000 ns	     26829	800059b8	d01da913	slti	x18,x27,-767	 x27:0x00000000 x18=0x00000000
     268315.000 ns	     26830	800059bc	01ffd5b3	srl	x11,x31,x31	 x31:0x00000009 x31:0x00000009 x11=0x00000000
     268335.000 ns	     26832	800059c0	02198533	mul	x10,x19,x1	 x19:0x00000000  x1:0x08003a14 x10=0x00000000
     268355.000 ns	     26834	800059c4	016fa2b3	slt	x5,x31,x22	 x31:0x00000009 x22:0x08004102  x5=0x00000001
     268375.000 ns	     26836	800059c8	d0158d53	fcvt.s.wu	f26,x11	 x11:0x00000000 f26=0x00000000
     268745.000 ns	     26873	800059cc	0257d333	divu	x6,x15,x5	 x15:0x80040fe4  x5:0x00000000  x6=0x80040fe4
     268775.000 ns	     26876	800059d0	0399a5b3	mulhsu	x11,x19,x25	 x19:0x00000000 x25:0x000001e4 x11=0x00000000
     268805.000 ns	     26879	800059d4	282a98d3	fmax.s	f17,f21,f2	 f21:0x7f800000  f2:0x1f35048f f17=0x7f800000
     268835.000 ns	     26882	800059d8	03e847b3	div	x15,x16,x30	 x16:0x00000000 x30:0x00000000 x15=0xffffffff
     268875.000 ns	     26886	800059dc	11417653	fmul.s	f12,f2,f20	  f2:0x1f35048f f20:0x4ef598e0 f12=0x2eada976
     268905.000 ns	     26889	800059e0	29758153	fmin.s	f2,f11,f23	 f11:0x00000000 f23:0xcefff7e0  f2=0xcefff7e0
     268935.000 ns	     26892	800059e4	f00986d3	fmv.w.x	f13,x19	 x19:0x00000000 f13=0x00000000
     268965.000 ns	     26895	800059e8	c0151f53	fcvt.wu.s	x30,f10	 f10:0x7fc00000 x30=0xffffffff
     269335.000 ns	     26932	800059ec	02c6e6b3	rem	x13,x13,x12	 x13:0x7acc7000 x12:0x00000001 x13=0x00000000
     269355.000 ns	     26934	800059f0	014249b3	xor	x19,x4,x20	  x4:0xfffff999 x20:0x00000001 x19=0xfffff998
     269365.000 ns	     26935	800059f4	00db1133	sll	x2,x22,x13	 x22:0x08004102 x13:0x00000000  x2=0x08004102
     269385.000 ns	     26937	800059f8	a0058253	fle.s	x4,f11,f0	 f11:0x00000000  f0:0x7fc00000  x4=0x00000000
     269405.000 ns	     26939	800059fc	008ddab3	srl	x21,x27,x8	 x27:0x00000000  x8:0x00000000 x21=0x00000000
     269415.000 ns	     26940	80005a00	00000013	addi	x0,x0,0	  x0:0x00000000
     269435.000 ns	     26942	80005a04	c00d7953	fcvt.w.s	x18,f26	 f26:0x00000000 x18=0x00000000
     269465.000 ns	     26945	80005a08	02cb3533	mulhu	x10,x22,x12	 x22:0x08004102 x12:0x00000001 x10=0x00000000
     269485.000 ns	     26947	80005a0c	40925cb3	sra	x25,x4,x9	  x4:0x00000000  x9:0x00000001 x25=0x00000000
     269505.000 ns	     26949	80005a10	c01f4453	fcvt.wu.s	x8,f30	 f30:0x7f800000  x8=0xffffffff
     269525.000 ns	     26951	80005a14	74367ab7	lui	x21,0x74367	 x21=0x74367000
     269545.000 ns	     26953	80005a18	03b8c633	div	x12,x17,x27	 x17:0x80040fe4 x27:0x00000000 x12=0xffffffff
     269565.000 ns	     26955	80005a1c	01465713	srli	x14,x12,0x14	 x12:0x00000001 x14=0x00000fff
     269575.000 ns	     26956	80005a20	40fbd3b3	sra	x7,x23,x15	 x23:0x80041024 x15:0xffffffff  x7=0xffffffff
     269595.000 ns	     26958	80005a24	03c5f633	remu	x12,x11,x28	 x11:0x00000000 x28:0x00000000 x12=0x00000000
     269635.000 ns	     26962	80005a28	191895d3	fdiv.s	f11,f17,f17	 f17:0x7f800000 f17:0x7f800000 f11=0x7fc00000
     269655.000 ns	     26964	80005a2c	2f5b4413	xori	x8,x22,757	 x22:0x08004102  x8=0x080043f7
     270015.000 ns	     27000	80005a30	0298d3b3	divu	x7,x17,x9	 x17:0x80040fe4  x9:0x00000001  x7=0x80040fe4
     270045.000 ns	     27003	80005a34	035335b3	mulhu	x11,x6,x21	  x6:0x80040fe4 x21:0x74367000 x11=0x3a1d1010
     270065.000 ns	     27005	80005a38	016a7133	and	x2,x20,x22	 x20:0x00000001 x22:0x08004102  x2=0x00000000
     270075.000 ns	     27006	80005a3c	01db2433	slt	x8,x22,x29	 x22:0x08004102 x29:0x80041000  x8=0x00000000
     270095.000 ns	     27008	80005a40	03a73933	mulhu	x18,x14,x26	 x14:0x00000fff x26:0x00000001 x18=0x00000000
     270115.000 ns	     27010	80005a44	4aa33613	sltiu	x12,x6,1194	  x6:0x80040fe4 x12=0x00000000
     270155.000 ns	     27014	80005a48	0075f753	fadd.s	f14,f11,f7	 f11:0x7fc00000  f7:0xaeffff36 f14=0x7fc00000
     270175.000 ns	     27016	80005a4c	b813ee13	ori	x28,x7,-1151	  x7:0x80040fe4 x28=0xffffffe5
     270185.000 ns	     27017	80005a50	00042c33	slt	x24,x8,x0	  x8:0x00000000  x0:0x00000000 x24=0x00000000
     270205.000 ns	     27019	80005a54	d0137753	fcvt.s.wu	f14,x6	  x6:0x80040fe4 f14=0x4f00040f
     270235.000 ns	     27022	80005a58	03ab29b3	mulhsu	x19,x22,x26	 x22:0x08004102 x26:0x00000001 x19=0x00000000
     270255.000 ns	     27024	80005a5c	f8e69537	lui	x10,0xf8e69	 x10=0xf8e69000
     270275.000 ns	     27026	80005a60	f00083d3	fmv.w.x	f7,x1	  x1:0x08003a14  f7=0x08003a14
     270295.000 ns	     27028	80005a64	00e8fc33	and	x24,x17,x14	 x17:0x80040fe4 x14:0x00000fff x24=0x00000fe4
     270305.000 ns	     27029	80005a68	7e7e0113	addi	x2,x28,2023	 x28:0xffffffe5  x2=0x000007cc
     270315.000 ns	     27030	80005a6c	401d5d13	srai	x26,x26,0x1	 x26:0x00000001 x26=0x00000000
     270335.000 ns	     27032	80005a70	c00e1853	fcvt.w.s	x16,f28	 f28:0xff800000 x16=0x80000000
     270355.000 ns	     27034	80005a74	c8544993	xori	x19,x8,-891	  x8:0x00000000 x19=0xfffffc85
     270365.000 ns	     27035	80005a78	59f9c913	xori	x18,x19,1439	 x19:0x00000000 x18=0xfffff91a
     270375.000 ns	     27036	80005a7c	00a9c933	xor	x18,x19,x10	 x19:0x00000000 x10:0xf8e69000 x18=0x07196c85
     270385.000 ns	     27037	80005a80	c6f72e13	slti	x28,x14,-913	 x14:0x00000fff x28=0x00000000
     270405.000 ns	     27039	80005a84	c0097b53	fcvt.w.s	x22,f18	 f18:0x80000000 x22=0x00000000
     270435.000 ns	     27042	80005a88	21020053	fsgnj.s	f0,f4,f16	  f4:0x33525724 f16:0x36b50463  f0=0x33525724
     270485.000 ns	     27047	80005a8c	01bef653	fadd.s	f12,f29,f27	 f29:0x80000000 f27:0x2effff36 f12=0x2effff36
     270515.000 ns	     27050	80005a90	a08897d3	flt.s	x15,f17,f8	 f17:0x7f800000  f8:0xff800000 x15=0x00000000
     270545.000 ns	     27053	80005a94	039b3333	mulhu	x6,x22,x25	 x22:0x00000000 x25:0x00000000  x6=0x00000000
     270575.000 ns	     27056	80005a98	d0064a53	fcvt.s.w	f20,x12	 x12:0x00000000 f20=0x00000000
     270595.000 ns	     27058	80005a9c	f61e8337	lui	x6,0xf61e8	  x6=0xf61e8000
     270615.000 ns	     27060	80005aa0	03ed0c33	mul	x24,x26,x30	 x26:0x00000000 x30:0xffffffff x24=0x00000000
     270635.000 ns	     27062	80005aa4	0e4f4113	xori	x2,x30,228	 x30:0xffffffff  x2=0xffffff1b
     270645.000 ns	     27063	80005aa8	00cc1a13	slli	x20,x24,0xc	 x24:0x00000000 x20=0x00000000
     271005.000 ns	     27099	80005aac	0220ce33	div	x28,x1,x2	  x1:0x08003a14  x2:0x000007cc x28=0xfff70e48
     271035.000 ns	     27102	80005ab0	a1a711d3	flt.s	x3,f14,f26	 f14:0x4f00040f f26:0x00000000  x3=0x00000000
     271075.000 ns	     27106	80005ab4	5802fb53	fsqrt.s	f22,f5	  f5:0xc2d25076 f22=0x7fc00000
     271105.000 ns	     27109	80005ab8	02e3beb3	mulhu	x29,x7,x14	  x7:0x80040fe4 x14:0x00000fff x29=0x000007ff
     272215.000 ns	     27220	80005abc	58037dd3	fsqrt.s	f27,f6	  f6:0x4f7ac860 f27=0x4731543f
     272255.000 ns	     27224	80005ac0	5801f5d3	fsqrt.s	f11,f3	  f3:0x7fc00000 f11=0x7fc00000
     272285.000 ns	     27227	80005ac4	e00691d3	fclass.s	x3,f13	 f13:0x00000000  x3=0x00000010
     272315.000 ns	     27230	80005ac8	c01d79d3	fcvt.wu.s	x19,f26	 f26:0x00000000 x19=0x00000000
     272345.000 ns	     27233	80005acc	d0197653	fcvt.s.wu	f12,x18	 x18:0x07196c85 f12=0x4ce32d90
     272365.000 ns	     27235	80005ad0	010e1533	sll	x10,x28,x16	 x28:0xfff70e48 x16:0x80000000 x10=0xfff70e48
     272375.000 ns	     27236	80005ad4	eb464213	xori	x4,x12,-332	 x12:0x00000000  x4=0xfffffeb4
     272395.000 ns	     27238	80005ad8	02d770b3	remu	x1,x14,x13	 x14:0x00000fff x13:0x00000000  x1=0x00000fff
     272415.000 ns	     27240	80005adc	00000013	addi	x0,x0,0	  x0:0x00000000
     272425.000 ns	     27241	80005ae0	00000013	addi	x0,x0,0	  x0:0x00000000
     272435.000 ns	     27242	80005ae4	00d94eb3	xor	x29,x18,x13	 x18:0x07196c85 x13:0x00000000 x29=0x07196c85
     272445.000 ns	     27243	80005ae8	00000013	addi	x0,x0,0	  x0:0x00000000
     272455.000 ns	     27244	80005aec	01a1cc33	xor	x24,x3,x26	  x3:0x00000010 x26:0x00000000 x24=0x00000010
     272485.000 ns	     27247	80005af0	580e0c53	fsqrt.s	f24,f28	 f28:0xff800000 f24=0x7fc00000
     272855.000 ns	     27284	80005af4	02286c33	rem	x24,x16,x2	 x16:0x80000000  x2:0xffffff1b x24=0xffffff3d
     272885.000 ns	     27287	80005af8	d0117e53	fcvt.s.wu	f28,x2	  x2:0xffffff1b f28=0x4f7fffff
     272905.000 ns	     27289	80005afc	013e9333	sll	x6,x29,x19	 x29:0x07196c85 x19:0x00000000  x6=0x07196c85
     272925.000 ns	     27291	80005b00	a0aaacd3	feq.s	x25,f21,f10	 f21:0x7f800000 f10:0x7fc00000 x25=0x00000000
     272955.000 ns	     27294	80005b04	e00f1ed3	fclass.s	x29,f30	 f30:0x7f800000 x29=0x00000080
     274135.000 ns	     27412	80005b08	580e16d3	fsqrt.s	f13,f28	 f28:0x4f7fffff f13=0x47350461
     274165.000 ns	     27415	80005b0c	c00c1953	fcvt.w.s	x18,f24	 f24:0x7fc00000 x18=0x7fffffff
     274215.000 ns	     27420	80005b10	0853c053	fsub.s	f0,f7,f5	  f7:0x08003a14  f5:0xc2d25076  f0=0x42d25076
     274585.000 ns	     27457	80005b14	03c6ff33	remu	x30,x13,x28	 x13:0x00000000 x28:0xfff70e48 x30=0x00000000
     274615.000 ns	     27460	80005b18	029685b3	mul	x11,x13,x9	 x13:0x00000000  x9:0x00000001 x11=0x00000000
     274985.000 ns	     27497	80005b1c	027d5933	divu	x18,x26,x7	 x26:0x00000000  x7:0x80040fe4 x18=0x00000000
     275025.000 ns	     27501	80005b20	11d57553	fmul.s	f10,f10,f29	 f10:0x7fc00000 f29:0x80000000 f10=0x7fc00000
     275055.000 ns	     27504	80005b24	d01a7cd3	fcvt.s.wu	f25,x20	 x20:0x00000000 f25=0x00000000
     275085.000 ns	     27507	80005b28	e00695d3	fclass.s	x11,f13	 f13:0x47350461 x11=0x00000040
     275115.000 ns	     27510	80005b2c	0332e0b3	rem	x1,x5,x19	  x5:0x00000001 x19:0x00000000  x1=0x00000001
     275145.000 ns	     27513	80005b30	d0167bd3	fcvt.s.wu	f23,x12	 x12:0x00000000 f23=0x00000000
     275175.000 ns	     27516	80005b34	c00bfa53	fcvt.w.s	x20,f23	 f23:0xcefff7e0 x20=0x00000000
     275195.000 ns	     27518	80005b38	017f1293	slli	x5,x30,0x17	 x30:0x00000000  x5=0x00000000
     275205.000 ns	     27519	80005b3c	011dee33	or	x28,x27,x17	 x27:0x00000000 x17:0x80040fe4 x28=0x80040fe4
     275215.000 ns	     27520	80005b40	c7be0293	addi	x5,x28,-901	 x28:0xfff70e48  x5=0x80040c5f
     275225.000 ns	     27521	80005b44	14dfb993	sltiu	x19,x31,333	 x31:0x00000009 x19=0x00000001
     275235.000 ns	     27522	80005b48	00ab51b3	srl	x3,x22,x10	 x22:0x00000000 x10:0xfff70e48  x3=0x00000000
     275595.000 ns	     27558	80005b4c	0384edb3	rem	x27,x9,x24	  x9:0x00000001 x24:0xffffff3d x27=0x00000001
     275615.000 ns	     27560	80005b50	b0d8c617	auipc	x12,0xb0d8c	 x12=0x30d91b50
     275635.000 ns	     27562	80005b54	a1bb9ed3	flt.s	x29,f23,f27	 f23:0x00000000 f27:0x4731543f x29=0x00000001
     275655.000 ns	     27564	80005b58	00055393	srli	x7,x10,0x0	 x10:0xfff70e48  x7=0xfff70e48
     275675.000 ns	     27566	80005b5c	f0000853	fmv.w.x	f16,x0	  x0:0x00000000 f16=0x00000000
     275705.000 ns	     27569	80005b60	e00207d3	fmv.x.w	x15,f4	  f4:0x33525724 x15=0x33525724
     275745.000 ns	     27573	80005b64	19c8a053	fdiv.s	f0,f17,f28	 f17:0x7f800000 f28:0x4f7fffff  f0=0x7f800000
     275765.000 ns	     27575	80005b68	01ae0e33	add	x28,x28,x26	 x28:0x80040fe4 x26:0x00000000 x28=0x80040fe4
     275775.000 ns	     27576	80005b6c	96aff593	andi	x11,x31,-1686	 x31:0x00000009 x11=0x00000008
     275795.000 ns	     27578	80005b70	21408153	fsgnj.s	f2,f1,f20	  f1:0xff800000 f20:0x00000000  f2=0x7f800000
     275815.000 ns	     27580	80005b74	00000013	addi	x0,x0,0	  x0:0x00000000
     276175.000 ns	     27616	80005b78	02224eb3	div	x29,x4,x2	  x4:0xfffffeb4  x2:0xffffff1b x29=0x00000001
     276205.000 ns	     27619	80005b7c	c009f153	fcvt.w.s	x2,f19	 f19:0x1f35048f  x2=0x00000000
     276235.000 ns	     27622	80005b80	027f3433	mulhu	x8,x30,x7	 x30:0x00000000  x7:0xfff70e48  x8=0x00000000
     276265.000 ns	     27625	80005b84	292790d3	fmax.s	f1,f15,f18	 f15:0x7fc00000 f18:0x80000000  f1=0x80000000
     276635.000 ns	     27662	80005b88	0302ec33	rem	x24,x5,x16	  x5:0x80040c5f x16:0x80000000 x24=0x80040c5f
     276665.000 ns	     27665	80005b8c	c0194ad3	fcvt.wu.s	x21,f18	 f18:0x80000000 x21=0x00000000
     276695.000 ns	     27668	80005b90	c00dab53	fcvt.w.s	x22,f27	 f27:0x4731543f x22=0x0000b154
     276725.000 ns	     27671	80005b94	029c93b3	mulh	x7,x25,x9	 x25:0x00000000  x9:0x00000001  x7=0x00000000
     276765.000 ns	     27675	80005b98	1012fcd3	fmul.s	f25,f5,f1	  f5:0xc2d25076  f1:0x80000000 f25=0x00000000
     276795.000 ns	     27678	80005b9c	28731cd3	fmax.s	f25,f6,f7	  f6:0x4f7ac860  f7:0x08003a14 f25=0x4f7ac860
     276835.000 ns	     27682	80005ba0	580a21d3	fsqrt.s	f3,f20	 f20:0x00000000  f3=0x00000000
     276855.000 ns	     27684	80005ba4	00e74233	xor	x4,x14,x14	 x14:0x00000fff x14:0x00000fff  x4=0x00000000
     276875.000 ns	     27686	80005ba8	a12d2ed3	feq.s	x29,f26,f18	 f26:0x00000000 f18:0x80000000 x29=0x00000001
     276895.000 ns	     27688	80005bac	00cd1e33	sll	x28,x26,x12	 x26:0x00000000 x12:0x30d91b50 x28=0x00000000
     276905.000 ns	     27689	80005bb0	419454b3	sra	x9,x8,x25	  x8:0x00000000 x25:0x00000000  x9=0x00000000
     277265.000 ns	     27725	80005bb4	02e1c433	div	x8,x3,x14	  x3:0x00000000 x14:0x00000fff  x8=0x00000000
     277285.000 ns	     27727	80005bb8	1cdaacb7	lui	x25,0x1cdaa	 x25=0x1cdaa000
     277295.000 ns	     27728	80005bbc	01ae8733	add	x14,x29,x26	 x29:0x00000001 x26:0x00000000 x14=0x00000001
     277315.000 ns	     27730	80005bc0	21c896d3	fsgnjn.s	f13,f17,f28	 f17:0x7f800000 f28:0x4f7fffff f13=0xff800000
     277335.000 ns	     27732	80005bc4	01fb5393	srli	x7,x22,0x1f	 x22:0x0000b154  x7=0x00000000
     277345.000 ns	     27733	80005bc8	4038d993	srai	x19,x17,0x3	 x17:0x80040fe4 x19=0xf00081fc
     277355.000 ns	     27734	80005bcc	00909ab3	sll	x21,x1,x9	  x1:0x00000001  x9:0x00000000 x21=0x00000001
     277365.000 ns	     27735	80005bd0	417f0433	sub	x8,x30,x23	 x30:0x00000000 x23:0x80041024  x8=0x7ffbefdc
     277385.000 ns	     27737	80005bd4	29d69353	fmax.s	f6,f13,f29	 f13:0xff800000 f29:0x80000000  f6=0x80000000
     277405.000 ns	     27739	80005bd8	01321213	slli	x4,x4,0x13	  x4:0x00000000  x4=0x00000000
     277425.000 ns	     27741	80005bdc	c01d1253	fcvt.wu.s	x4,f26	 f26:0x00000000  x4=0x00000000
     277455.000 ns	     27744	80005be0	03db13b3	mulh	x7,x22,x29	 x22:0x0000b154 x29:0x00000001  x7=0x00000000
     277485.000 ns	     27747	80005be4	2037ad53	fsgnjx.s	f26,f15,f3	 f15:0x7fc00000  f3:0x00000000 f26=0x7fc00000
     277515.000 ns	     27750	80005be8	e00d9ed3	fclass.s	x29,f27	 f27:0x4731543f x29=0x00000040
     277545.000 ns	     27753	80005bec	293a84d3	fmin.s	f9,f21,f19	 f21:0x7f800000 f19:0x1f35048f  f9=0x1f35048f
     277575.000 ns	     27756	80005bf0	0324ac33	mulhsu	x24,x9,x18	  x9:0x00000000 x18:0x00000000 x24=0x00000000
     277605.000 ns	     27759	80005bf4	e00d1cd3	fclass.s	x25,f26	 f26:0x7fc00000 x25=0x00000200
     277635.000 ns	     27762	80005bf8	203eaa53	fsgnjx.s	f20,f29,f3	 f29:0x80000000  f3:0x00000000 f20=0x80000000
     278005.000 ns	     27799	80005bfc	03785433	divu	x8,x16,x23	 x16:0x80000000 x23:0x80041024  x8=0x00000000
     278035.000 ns	     27802	80005c00	03e0a1b3	mulhsu	x3,x1,x30	  x1:0x00000001 x30:0x00000000  x3=0x00000000
     278065.000 ns	     27805	80005c04	d01b1453	fcvt.s.wu	f8,x22	 x22:0x0000b154  f8=0x47315400
     278435.000 ns	     27842	80005c08	0350ea33	rem	x20,x1,x21	  x1:0x00000001 x21:0x00000001 x20=0x00000000
     278455.000 ns	     27844	80005c0c	c0796413	ori	x8,x18,-1017	 x18:0x00000000  x8=0xfffffc07
     278465.000 ns	     27845	80005c10	314f7713	andi	x14,x30,788	 x30:0x00000000 x14=0x00000000
     278485.000 ns	     27847	80005c14	03f596b3	mulh	x13,x11,x31	 x11:0x00000008 x31:0x00000009 x13=0x00000000
     278515.000 ns	     27850	80005c18	21ff0953	fsgnj.s	f18,f30,f31	 f30:0x7f800000 f31:0x00000000 f18=0x7f800000
     278545.000 ns	     27853	80005c1c	a0e69153	flt.s	x2,f13,f14	 f13:0xff800000 f14:0x4f00040f  x2=0x00000001
     278565.000 ns	     27855	80005c20	40875033	sra	x0,x14,x8	 x14:0x00000000  x8:0xfffffc07
     278575.000 ns	     27856	80005c24	01fbd5b3	srl	x11,x23,x31	 x23:0x80041024 x31:0x00000009 x11=0x00400208
     278585.000 ns	     27857	80005c28	b7a08d13	addi	x26,x1,-1158	  x1:0x00000001 x26=0xfffffb7b
     278595.000 ns	     27858	80005c2c	01966eb3	or	x29,x12,x25	 x12:0x30d91b50 x25:0x00000200 x29=0x30d91b50
     278615.000 ns	     27860	80005c30	20d124d3	fsgnjx.s	f9,f2,f13	  f2:0x7f800000 f13:0xff800000  f9=0xff800000
     278635.000 ns	     27862	80005c34	ac756613	ori	x12,x10,-1337	 x10:0xfff70e48 x12=0xfffffecf
     278645.000 ns	     27863	80005c38	f80f2313	slti	x6,x30,-128	 x30:0x00000000  x6=0x00000000
     278665.000 ns	     27865	80005c3c	a14180d3	fle.s	x1,f3,f20	  f3:0x00000000 f20:0x80000000  x1=0x00000001
     278685.000 ns	     27867	80005c40	019dab33	slt	x22,x27,x25	 x27:0x00000001 x25:0x00000200 x22=0x00000001
     278705.000 ns	     27869	80005c44	f00d8ed3	fmv.w.x	f29,x27	 x27:0x00000001 f29=0x00000001
     278735.000 ns	     27872	80005c48	02bf1633	mulh	x12,x30,x11	 x30:0x00000000 x11:0x00400208 x12=0x00000000
     278755.000 ns	     27874	80005c4c	40b054b3	sra	x9,x0,x11	  x0:0x00000000 x11:0x00400208  x9=0x00000000
     278775.000 ns	     27876	80005c50	c014c353	fcvt.wu.s	x6,f9	  f9:0xff800000  x6=0x00000000
     278795.000 ns	     27878	80005c54	0117a733	slt	x14,x15,x17	 x15:0x33525724 x17:0x80040fe4 x14=0x00000000
     278815.000 ns	     27880	80005c58	208199d3	fsgnjn.s	f19,f3,f8	  f3:0x00000000  f8:0x47315400 f19=0x80000000
     278835.000 ns	     27882	80005c5c	0068deb3	srl	x29,x17,x6	 x17:0x80040fe4  x6:0x00000000 x29=0x80040fe4
     278875.000 ns	     27886	80005c60	008afe53	fadd.s	f28,f21,f8	 f21:0x7f800000  f8:0x47315400 f28=0x7f800000
     278905.000 ns	     27889	80005c64	f00885d3	fmv.w.x	f11,x17	 x17:0x80040fe4 f11=0x80040fe4
     278925.000 ns	     27891	80005c68	019d6133	or	x2,x26,x25	 x26:0xfffffb7b x25:0x00000200  x2=0xfffffb7b
     278945.000 ns	     27893	80005c6c	03e243b3	div	x7,x4,x30	  x4:0x00000000 x30:0x00000000  x7=0xffffffff
     278975.000 ns	     27896	80005c70	21ec9853	fsgnjn.s	f16,f25,f30	 f25:0x4f7ac860 f30:0x7f800000 f16=0xcf7ac860
     279005.000 ns	     27899	80005c74	a127a7d3	feq.s	x15,f15,f18	 f15:0x7fc00000 f18:0x7f800000 x15=0x00000000
     279025.000 ns	     27901	80005c78	002805b3	add	x11,x16,x2	 x16:0x80000000  x2:0xfffffb7b x11=0x7ffffb7b
     279035.000 ns	     27902	80005c7c	ff548193	addi	x3,x9,-11	  x9:0x00000000  x3=0xfffffff5
     279055.000 ns	     27904	80005c80	2039a1d3	fsgnjx.s	f3,f19,f3	 f19:0x80000000  f3:0x00000000  f3=0x80000000
     279085.000 ns	     27907	80005c84	d00c98d3	fcvt.s.w	f17,x25	 x25:0x00000200 f17=0x44000000
     279105.000 ns	     27909	80005c88	0015ab33	slt	x22,x11,x1	 x11:0x7ffffb7b  x1:0x00000001 x22=0x00000000
     279465.000 ns	     27945	80005c8c	031756b3	divu	x13,x14,x17	 x14:0x00000000 x17:0x80040fe4 x13=0x00000000
     279485.000 ns	     27947	80005c90	2f74a113	slti	x2,x9,759	  x9:0x00000000  x2=0x00000001
     279515.000 ns	     27950	80005c94	580316d3	fsqrt.s	f13,f6	  f6:0x80000000 f13=0x80000000
     279545.000 ns	     27953	80005c98	024301b3	mul	x3,x6,x4	  x6:0x00000000  x4:0x00000000  x3=0x00000000
     279595.000 ns	     27958	80005c9c	0859f453	fsub.s	f8,f19,f5	 f19:0x80000000  f5:0xc2d25076  f8=0x42d25076
     279615.000 ns	     27960	80005ca0	014f0db3	add	x27,x30,x20	 x30:0x00000000 x20:0x00000000 x27=0x00000000
     279635.000 ns	     27962	80005ca4	294a0ed3	fmin.s	f29,f20,f20	 f20:0x80000000 f20:0x80000000 f29=0x80000000
     279665.000 ns	     27965	80005ca8	e0078b53	fmv.x.w	x22,f15	 f15:0x7fc00000 x22=0x7fc00000
     279685.000 ns	     27967	80005cac	005b1a93	slli	x21,x22,0x5	 x22:0x00000000 x21=0xf8000000
     279695.000 ns	     27968	80005cb0	00fbec33	or	x24,x23,x15	 x23:0x80041024 x15:0x00000000 x24=0x80041024
     279715.000 ns	     27970	80005cb4	d019f4d3	fcvt.s.wu	f9,x19	 x19:0xf00081fc  f9=0x4f700081
     279765.000 ns	     27975	80005cb8	00e174d3	fadd.s	f9,f2,f14	  f2:0x7f800000 f14:0x4f00040f  f9=0x7f800000
     279795.000 ns	     27978	80005cbc	2070af53	fsgnjx.s	f30,f1,f7	  f1:0x80000000  f7:0x08003a14 f30=0x80000000
     279815.000 ns	     27980	80005cc0	01bd04b3	add	x9,x26,x27	 x26:0xfffffb7b x27:0x00000000  x9=0xfffffb7b
     279835.000 ns	     27982	80005cc4	02ab8633	mul	x12,x23,x10	 x23:0x80041024 x10:0xfff70e48 x12=0xa8c28220
     279865.000 ns	     27985	80005cc8	03bd42b3	div	x5,x26,x27	 x26:0xfffffb7b x27:0x00000000  x5=0xffffffff
     279885.000 ns	     27987	80005ccc	f1cd10b7	lui	x1,0xf1cd1	  x1=0xf1cd1000
     279895.000 ns	     27988	80005cd0	00a4c6b3	xor	x13,x9,x10	  x9:0xfffffb7b x10:0xfff70e48 x13=0x0008f533
     279915.000 ns	     27990	80005cd4	d00a9a53	fcvt.s.w	f20,x21	 x21:0xf8000000 f20=0xcd000000
     279935.000 ns	     27992	80005cd8	01dc86b3	add	x13,x25,x29	 x25:0x00000200 x29:0x80040fe4 x13=0x800411e4
     279945.000 ns	     27993	80005cdc	27a27993	andi	x19,x4,634	  x4:0x00000000 x19=0x00000000
     279955.000 ns	     27994	80005ce0	e6803e17	auipc	x28,0xe6803	 x28=0x66808ce0
     279975.000 ns	     27996	80005ce4	03b2ba33	mulhu	x20,x5,x27	  x5:0xffffffff x27:0x00000000 x20=0x00000000
     280015.000 ns	     28000	80005ce8	580fa5d3	fsqrt.s	f11,f31	 f31:0x00000000 f11=0x00000000
     280045.000 ns	     28003	80005cec	21138cd3	fsgnj.s	f25,f7,f17	  f7:0x08003a14 f17:0x44000000 f25=0x08003a14
     280075.000 ns	     28006	80005cf0	030b2933	mulhsu	x18,x22,x16	 x22:0x7fc00000 x16:0x80000000 x18=0x3fe00000
     280095.000 ns	     28008	80005cf4	4106d833	sra	x16,x13,x16	 x13:0x800411e4 x16:0x80000000 x16=0x800411e4
     280115.000 ns	     28010	80005cf8	e0031353	fclass.s	x6,f6	  f6:0x80000000  x6=0x00000008
     280135.000 ns	     28012	80005cfc	010f1993	slli	x19,x30,0x10	 x30:0x00000000 x19=0x00000000
     280145.000 ns	     28013	80005d00	009741b3	xor	x3,x14,x9	 x14:0x00000000  x9:0xfffffb7b  x3=0xfffffb7b
     280165.000 ns	     28015	80005d04	28839553	fmax.s	f10,f7,f8	  f7:0x08003a14  f8:0x42d25076 f10=0x42d25076
     280195.000 ns	     28018	80005d08	025c3ab3	mulhu	x21,x24,x5	 x24:0x80041024  x5:0xffffffff x21=0x80041023
     280245.000 ns	     28023	80005d0c	01e1f4d3	fadd.s	f9,f3,f30	  f3:0x80000000 f30:0x80000000  f9=0x80000000
     280275.000 ns	     28026	80005d10	210e25d3	fsgnjx.s	f11,f28,f16	 f28:0x7f800000 f16:0xcf7ac860 f11=0xff800000
     280325.000 ns	     28031	80005d14	016e7053	fadd.s	f0,f28,f22	 f28:0x7f800000 f22:0x7fc00000  f0=0x7fc00000
     280355.000 ns	     28034	80005d18	21ab23d3	fsgnjx.s	f7,f22,f26	 f22:0x7fc00000 f26:0x7fc00000  f7=0x7fc00000
     280385.000 ns	     28037	80005d1c	033f34b3	mulhu	x9,x30,x19	 x30:0x00000000 x19:0x00000000  x9=0x00000000
     280405.000 ns	     28039	80005d20	ee1ece93	xori	x29,x29,-287	 x29:0x80040fe4 x29=0x7ffbf105
     280415.000 ns	     28040	80005d24	010bfd33	and	x26,x23,x16	 x23:0x80041024 x16:0x800411e4 x26=0x80041024
     280435.000 ns	     28042	80005d28	020622b3	mulhsu	x5,x12,x0	 x12:0xa8c28220  x0:0x00000000  x5=0x00000000
     280465.000 ns	     28045	80005d2c	02ce2cb3	mulhsu	x25,x28,x12	 x28:0x66808ce0 x12:0xa8c28220 x25=0x43923df7
     280485.000 ns	     28047	80005d30	00e1cd33	xor	x26,x3,x14	  x3:0xfffffb7b x14:0x00000000 x26=0xfffffb7b
     280495.000 ns	     28048	80005d34	5f942e93	slti	x29,x8,1529	  x8:0xfffffc07 x29=0x00000001
     280515.000 ns	     28050	80005d38	29e69253	fmax.s	f4,f13,f30	 f13:0x80000000 f30:0x80000000  f4=0x80000000
     280535.000 ns	     28052	80005d3c	c644c113	xori	x2,x9,-924	  x9:0x00000000  x2=0xfffffc64
     280555.000 ns	     28054	80005d40	a0309053	flt.s	x0,f1,f3	  f1:0x80000000  f3:0x80000000
     280585.000 ns	     28057	80005d44	02742233	mulhsu	x4,x8,x7	  x8:0xfffffc07  x7:0xffffffff  x4=0xfffffc07
     280615.000 ns	     28060	80005d48	a0270553	fle.s	x10,f14,f2	 f14:0x4f00040f  f2:0x7f800000 x10=0x00000001
     280645.000 ns	     28063	80005d4c	a1bca0d3	feq.s	x1,f25,f27	 f25:0x08003a14 f27:0x4731543f  x1=0x00000000
     280685.000 ns	     28067	80005d50	100d37d3	fmul.s	f15,f26,f0	 f26:0x7fc00000  f0:0x7fc00000 f15=0x7fc00000
     280715.000 ns	     28070	80005d54	c0160553	fcvt.wu.s	x10,f12	 f12:0x4ce32d90 x10=0x07196c80
     280735.000 ns	     28072	80005d58	010fe413	ori	x8,x31,16	 x31:0x00000009  x8=0x00000019
     280755.000 ns	     28074	80005d5c	038aa233	mulhsu	x4,x21,x24	 x21:0x80041023 x24:0x80041024  x4=0xc0000010
     280775.000 ns	     28076	80005d60	fec33913	sltiu	x18,x6,-20	  x6:0x00000008 x18=0x00000001
     280785.000 ns	     28077	80005d64	01700a33	add	x20,x0,x23	  x0:0x00000000 x23:0x80041024 x20=0x80041024
     280805.000 ns	     28079	80005d68	d01dabd3	fcvt.s.wu	f23,x27	 x27:0x00000000 f23=0x00000000
     280835.000 ns	     28082	80005d6c	e00609d3	fmv.x.w	x19,f12	 f12:0x4ce32d90 x19=0x4ce32d90
     281205.000 ns	     28119	80005d70	0399da33	divu	x20,x19,x25	 x19:0x00000000 x25:0x43923df7 x20=0x00000001
     281245.000 ns	     28123	80005d74	58087953	fsqrt.s	f18,f16	 f16:0xcf7ac860 f18=0x7fc00000
     281275.000 ns	     28126	80005d78	e0020a53	fmv.x.w	x20,f4	  f4:0x80000000 x20=0x80000000
     281315.000 ns	     28130	80005d7c	5802f5d3	fsqrt.s	f11,f5	  f5:0xc2d25076 f11=0x7fc00000
     281335.000 ns	     28132	80005d80	533e20b7	lui	x1,0x533e2	  x1=0x533e2000
     281365.000 ns	     28135	80005d84	11107bd3	fmul.s	f23,f0,f17	  f0:0x7fc00000 f17:0x44000000 f23=0x7fc00000
     281735.000 ns	     28172	80005d88	03a2d9b3	divu	x19,x5,x26	  x5:0x00000000 x26:0xfffffb7b x19=0x00000000
     281765.000 ns	     28175	80005d8c	f0028353	fmv.w.x	f6,x5	  x5:0x00000000  f6=0x00000000
     281795.000 ns	     28178	80005d90	c01e43d3	fcvt.wu.s	x7,f28	 f28:0x7f800000  x7=0xffffffff
     281825.000 ns	     28181	80005d94	029bdeb3	divu	x29,x23,x9	 x23:0x80041024  x9:0x00000000 x29=0xffffffff
     281855.000 ns	     28184	80005d98	a0c81653	flt.s	x12,f16,f12	 f16:0xcf7ac860 f12:0x4ce32d90 x12=0x00000001
     281885.000 ns	     28187	80005d9c	297209d3	fmin.s	f19,f4,f23	  f4:0x80000000 f23:0x7fc00000 f19=0x80000000
     281905.000 ns	     28189	80005da0	00fada13	srli	x20,x21,0xf	 x21:0x80041023 x20=0x00010008
     281915.000 ns	     28190	80005da4	2da9f3b7	lui	x7,0x2da9f	  x7=0x2da9f000
     281945.000 ns	     28193	80005da8	11abf353	fmul.s	f6,f23,f26	 f23:0x7fc00000 f26:0x7fc00000  f6=0x7fc00000
     281965.000 ns	     28195	80005dac	0023d0b3	srl	x1,x7,x2	  x7:0xffffffff  x2:0xfffffc64  x1=0x02da9f00
     281985.000 ns	     28197	80005db0	024dadb3	mulhsu	x27,x27,x4	 x27:0x00000000  x4:0xc0000010 x27=0x00000000
     282005.000 ns	     28199	80005db4	00bc4833	xor	x16,x24,x11	 x24:0x80041024 x11:0x7ffffb7b x16=0xfffbeb5f
     282025.000 ns	     28201	80005db8	f0068753	fmv.w.x	f14,x13	 x13:0x800411e4 f14=0x800411e4
     282065.000 ns	     28205	80005dbc	58037153	fsqrt.s	f2,f6	  f6:0x7fc00000  f2=0x7fc00000
     282095.000 ns	     28208	80005dc0	f00d02d3	fmv.w.x	f5,x26	 x26:0xfffffb7b  f5=0xfffffb7b
     282125.000 ns	     28211	80005dc4	29e98853	fmin.s	f16,f19,f30	 f19:0x80000000 f30:0x80000000 f16=0x80000000
     282495.000 ns	     28248	80005dc8	028d6eb3	rem	x29,x26,x8	 x26:0xfffffb7b  x8:0x00000019 x29=0xfffffff9
     282525.000 ns	     28251	80005dcc	f00f02d3	fmv.w.x	f5,x30	 x30:0x00000000  f5=0x00000000
     282555.000 ns	     28254	80005dd0	022b1933	mulh	x18,x22,x2	 x22:0x7fc00000  x2:0xfffffc64 x18=0xfffffe32
     282585.000 ns	     28257	80005dd4	034f9db3	mulh	x27,x31,x20	 x31:0x00000009 x20:0x00010008 x27=0x00000000
     282615.000 ns	     28260	80005dd8	d017fdd3	fcvt.s.wu	f27,x15	 x15:0x00000000 f27=0x00000000
     282645.000 ns	     28263	80005ddc	028207b3	mul	x15,x4,x8	  x4:0xc0000010  x8:0x00000019 x15=0xc0000190
     282665.000 ns	     28265	80005de0	40f20a33	sub	x20,x4,x15	  x4:0xc0000010 x15:0x00000000 x20=0xfffffe80
     282685.000 ns	     28267	80005de4	a18c9c53	flt.s	x24,f25,f24	 f25:0x08003a14 f24:0x7fc00000 x24=0x00000000
     282705.000 ns	     28269	80005de8	00000013	addi	x0,x0,0	  x0:0x00000000
     282735.000 ns	     28272	80005dec	580e40d3	fsqrt.s	f1,f28	 f28:0x7f800000  f1=0x7f800000
     282755.000 ns	     28274	80005df0	0032ceb3	xor	x29,x5,x3	  x5:0x00000000  x3:0xfffffb7b x29=0xfffffb7b
     282795.000 ns	     28278	80005df4	00c78753	fadd.s	f14,f15,f12	 f15:0x7fc00000 f12:0x4ce32d90 f14=0x7fc00000
     282825.000 ns	     28281	80005df8	d01b79d3	fcvt.s.wu	f19,x22	 x22:0x7fc00000 f19=0x4eff8000
     282875.000 ns	     28286	80005dfc	0849f5d3	fsub.s	f11,f19,f4	 f19:0x80000000  f4:0x80000000 f11=0x4eff8000
     282905.000 ns	     28289	80005e00	21491753	fsgnjn.s	f14,f18,f20	 f18:0x7fc00000 f20:0xcd000000 f14=0x7fc00000
     282925.000 ns	     28291	80005e04	41a60033	sub	x0,x12,x26	 x12:0x00000001 x26:0xfffffb7b
     282945.000 ns	     28293	80005e08	e0088453	fmv.x.w	x8,f17	 f17:0x44000000  x8=0x44000000
     282965.000 ns	     28295	80005e0c	01b71593	slli	x11,x14,0x1b	 x14:0x00000000 x11=0x00000000
     283325.000 ns	     28331	80005e10	03235433	divu	x8,x6,x18	  x6:0x00000008 x18:0xfffffe32  x8=0x00000000
     283355.000 ns	     28334	80005e14	f00c0e53	fmv.w.x	f28,x24	 x24:0x00000000 f28=0x00000000
     283725.000 ns	     28371	80005e18	03f14833	div	x16,x2,x31	  x2:0xfffffc64 x31:0x00000009 x16=0xffffff9a
     283755.000 ns	     28374	80005e1c	02db84b3	mul	x9,x23,x13	 x23:0x80041024 x13:0x800411e4  x9=0x8940c410
     283785.000 ns	     28377	80005e20	29929853	fmax.s	f16,f5,f25	  f5:0x00000000 f25:0x08003a14 f16=0x08003a14
     283805.000 ns	     28379	80005e24	015c5413	srli	x8,x24,0x15	 x24:0x00000000  x8=0x00000000
     283825.000 ns	     28381	80005e28	280e14d3	fmax.s	f9,f28,f0	 f28:0x00000000  f0:0x7fc00000  f9=0x00000000
     283855.000 ns	     28384	80005e2c	c0078653	fcvt.w.s	x12,f15	 f15:0x7fc00000 x12=0x7fffffff
     283895.000 ns	     28388	80005e30	192da053	fdiv.s	f0,f27,f18	 f27:0x00000000 f18:0x7fc00000  f0=0x7fc00000
     284265.000 ns	     28425	80005e34	029d5f33	divu	x30,x26,x9	 x26:0xfffffb7b  x9:0x8940c410 x30=0x00000001
     284295.000 ns	     28428	80005e38	a12020d3	feq.s	x1,f0,f18	  f0:0x7fc00000 f18:0x7fc00000  x1=0x00000000
     284325.000 ns	     28431	80005e3c	03ebac33	mulhsu	x24,x23,x30	 x23:0x80041024 x30:0x00000001 x24=0xffffffff
     284375.000 ns	     28436	80005e40	0186f453	fadd.s	f8,f13,f24	 f13:0x80000000 f24:0x7fc00000  f8=0x7fc00000
     284405.000 ns	     28439	80005e44	20ee2053	fsgnjx.s	f0,f28,f14	 f28:0x00000000 f14:0x7fc00000  f0=0x00000000
     284435.000 ns	     28442	80005e48	d00310d3	fcvt.s.w	f1,x6	  x6:0x00000008  f1=0x41000000
     284455.000 ns	     28444	80005e4c	010f8a33	add	x20,x31,x16	 x31:0x00000009 x16:0xffffff9a x20=0xffffffa3
     284465.000 ns	     28445	80005e50	c00c66b7	lui	x13,0xc00c6	 x13=0xc00c6000
     284485.000 ns	     28447	80005e54	c0161953	fcvt.wu.s	x18,f12	 f12:0x4ce32d90 x18=0x07196c80
     284505.000 ns	     28449	80005e58	bb6b9237	lui	x4,0xbb6b9	  x4=0xbb6b9000
     284515.000 ns	     28450	80005e5c	012ed233	srl	x4,x29,x18	 x29:0xfffffb7b x18:0x07196c80  x4=0xfffffb7b
     284545.000 ns	     28453	80005e60	10ca4553	fmul.s	f10,f20,f12	 f20:0xcd000000 f12:0x4ce32d90 f10=0xda632d90
     284575.000 ns	     28456	80005e64	0344b633	mulhu	x12,x9,x20	  x9:0x8940c410 x20:0xffffffa3 x12=0x8940c3de
     284595.000 ns	     28458	80005e68	001753b3	srl	x7,x14,x1	 x14:0x00000000  x1:0x00000000  x7=0x00000000
     284605.000 ns	     28459	80005e6c	01c2c133	xor	x2,x5,x28	  x5:0x00000000 x28:0x66808ce0  x2=0x66808ce0
     284615.000 ns	     28460	80005e70	4469bb13	sltiu	x22,x19,1094	 x19:0x00000000 x22=0x00000001
     284645.000 ns	     28463	80005e74	19e2a553	fdiv.s	f10,f5,f30	  f5:0x00000000 f30:0x80000000 f10=0x7fc00000
     284675.000 ns	     28466	80005e78	f00f8c53	fmv.w.x	f24,x31	 x31:0x00000009 f24=0x00000009
     284705.000 ns	     28469	80005e7c	032d10b3	mulh	x1,x26,x18	 x26:0xfffffb7b x18:0x07196c80  x1=0xffffffdf
     285075.000 ns	     28506	80005e80	03df59b3	divu	x19,x30,x29	 x30:0x00000001 x29:0xfffffb7b x19=0x00000000
     285095.000 ns	     28508	80005e84	cda869b7	lui	x19,0xcda86	 x19=0xcda86000
     285105.000 ns	     28509	80005e88	00a524b3	slt	x9,x10,x10	 x10:0x07196c80 x10:0x07196c80  x9=0x00000000
     285125.000 ns	     28511	80005e8c	21152c53	fsgnjx.s	f24,f10,f17	 f10:0x7fc00000 f17:0x44000000 f24=0x7fc00000
     285145.000 ns	     28513	80005e90	00000013	addi	x0,x0,0	  x0:0x00000000
     285155.000 ns	     28514	80005e94	00a6a333	slt	x6,x13,x10	 x13:0xc00c6000 x10:0x07196c80  x6=0x00000001
     285165.000 ns	     28515	80005e98	0145d5b3	srl	x11,x11,x20	 x11:0x00000000 x20:0xffffffa3 x11=0x00000000
     285175.000 ns	     28516	80005e9c	414c5eb3	sra	x29,x24,x20	 x24:0xffffffff x20:0xffffffa3 x29=0xffffffff
     285205.000 ns	     28519	80005ea0	18b135d3	fdiv.s	f11,f2,f11	  f2:0x7fc00000 f11:0x4eff8000 f11=0x7fc00000
     285225.000 ns	     28521	80005ea4	69e18113	addi	x2,x3,1694	  x3:0xfffffb7b  x2=0x00000219
     285235.000 ns	     28522	80005ea8	001ba133	slt	x2,x23,x1	 x23:0x80041024  x1:0xffffffdf  x2=0x00000001
     285245.000 ns	     28523	80005eac	007ff333	and	x6,x31,x7	 x31:0x00000009  x7:0x00000000  x6=0x00000000
     285265.000 ns	     28525	80005eb0	03c98533	mul	x10,x19,x28	 x19:0xcda86000 x28:0x66808ce0 x10=0x07d40000
     285635.000 ns	     28562	80005eb4	02d25633	divu	x12,x4,x13	  x4:0xfffffb7b x13:0xc00c6000 x12=0x00000001
     285665.000 ns	     28565	80005eb8	03120733	mul	x14,x4,x17	  x4:0xfffffb7b x17:0x80040fe4 x14=0x6da42e8c
     285695.000 ns	     28568	80005ebc	200483d3	fsgnj.s	f7,f9,f0	  f9:0x00000000  f0:0x00000000  f7=0x00000000
     285725.000 ns	     28571	80005ec0	d0142553	fcvt.s.wu	f10,x8	  x8:0x00000000 f10=0x00000000
     285755.000 ns	     28574	80005ec4	21498dd3	fsgnj.s	f27,f19,f20	 f19:0x4eff8000 f20:0xcd000000 f27=0xceff8000
     285775.000 ns	     28576	80005ec8	62ab6513	ori	x10,x22,1578	 x22:0x00000001 x10=0x0000062b
     285795.000 ns	     28578	80005ecc	e00611d3	fclass.s	x3,f12	 f12:0x4ce32d90  x3=0x00000040
     285815.000 ns	     28580	80005ed0	019c7d33	and	x26,x24,x25	 x24:0xffffffff x25:0x43923df7 x26=0x43923df7
     285825.000 ns	     28581	80005ed4	410c5193	srai	x3,x24,0x10	 x24:0xffffffff  x3=0xffffffff
     285835.000 ns	     28582	80005ed8	211c6297	auipc	x5,0x211c6	  x5=0xa11cbed8
     285845.000 ns	     28583	80005edc	01d11c13	slli	x24,x2,0x1d	  x2:0x00000001 x24=0x20000000
     285865.000 ns	     28585	80005ee0	0360b533	mulhu	x10,x1,x22	  x1:0xffffffdf x22:0x00000001 x10=0x00000000
     285895.000 ns	     28588	80005ee4	03cda733	mulhsu	x14,x27,x28	 x27:0x00000000 x28:0x66808ce0 x14=0x00000000
     286265.000 ns	     28625	80005ee8	02f5ccb3	div	x25,x11,x15	 x11:0x00000000 x15:0xc0000190 x25=0x00000000
     286285.000 ns	     28627	80005eec	005759b3	srl	x19,x14,x5	 x14:0x00000000  x5:0xa11cbed8 x19=0x00000000
     286645.000 ns	     28663	80005ef0	037cf333	remu	x6,x25,x23	 x25:0x00000000 x23:0x80041024  x6=0x00000000
     286675.000 ns	     28666	80005ef4	02a33eb3	mulhu	x29,x6,x10	  x6:0x00000000 x10:0x00000000 x29=0x00000000
     286705.000 ns	     28669	80005ef8	e0009853	fclass.s	x16,f1	  f1:0x41000000 x16=0x00000040
     286725.000 ns	     28671	80005efc	88107793	andi	x15,x0,-1919	  x0:0x00000000 x15=0x00000000
     286765.000 ns	     28675	80005f00	01f978d3	fadd.s	f17,f18,f31	 f18:0x7fc00000 f31:0x00000000 f17=0x7fc00000
     286795.000 ns	     28678	80005f04	20e823d3	fsgnjx.s	f7,f16,f14	 f16:0x08003a14 f14:0x7fc00000  f7=0x08003a14
     286815.000 ns	     28680	80005f08	416552b3	sra	x5,x10,x22	 x10:0x00000000 x22:0x00000001  x5=0x00000000
     286835.000 ns	     28682	80005f0c	02ba69b3	rem	x19,x20,x11	 x20:0xffffffa3 x11:0x00000000 x19=0xffffffa3
     286855.000 ns	     28684	80005f10	e1ea6493	ori	x9,x20,-482	 x20:0xffffffa3  x9=0xffffffbf
     286875.000 ns	     28686	80005f14	023a0d33	mul	x26,x20,x3	 x20:0xffffffa3  x3:0xffffffff x26=0x0000005d
     286895.000 ns	     28688	80005f18	1cc629b7	lui	x19,0x1cc62	 x19=0x1cc62000
     286915.000 ns	     28690	80005f1c	21271bd3	fsgnjn.s	f23,f14,f18	 f14:0x7fc00000 f18:0x7fc00000 f23=0xffc00000
     286945.000 ns	     28693	80005f20	29c816d3	fmax.s	f13,f16,f28	 f16:0x08003a14 f28:0x00000000 f13=0x08003a14
     286975.000 ns	     28696	80005f24	d01c7ad3	fcvt.s.wu	f21,x24	 x24:0x20000000 f21=0x4e000000
     286995.000 ns	     28698	80005f28	012c3c33	sltu	x24,x24,x18	 x24:0x20000000 x18:0x07196c80 x24=0x00000000
     287015.000 ns	     28700	80005f2c	c01635d3	fcvt.wu.s	x11,f12	 f12:0x4ce32d90 x11=0x07196c80
     287045.000 ns	     28703	80005f30	a1990353	fle.s	x6,f18,f25	 f18:0x7fc00000 f25:0x08003a14  x6=0x00000000
     287075.000 ns	     28706	80005f34	e00f8953	fmv.x.w	x18,f31	 f31:0x00000000 x18=0x00000000
     287095.000 ns	     28708	80005f38	44204c93	xori	x25,x0,1090	  x0:0x00000000 x25=0x00000442
     287115.000 ns	     28710	80005f3c	a1f08b53	fle.s	x22,f1,f31	  f1:0x41000000 f31:0x00000000 x22=0x00000000
     287165.000 ns	     28715	80005f40	01757a53	fadd.s	f20,f10,f23	 f10:0x00000000 f23:0xffc00000 f20=0x7fc00000
     287195.000 ns	     28718	80005f44	03b13e33	mulhu	x28,x2,x27	  x2:0x00000001 x27:0x00000000 x28=0x00000000
     287215.000 ns	     28720	80005f48	fd737a13	andi	x20,x6,-41	  x6:0x00000000 x20=0x00000000
     287235.000 ns	     28722	80005f4c	a128ae53	feq.s	x28,f17,f18	 f17:0x7fc00000 f18:0x7fc00000 x28=0x00000000
     287265.000 ns	     28725	80005f50	200129d3	fsgnjx.s	f19,f2,f0	  f2:0x7fc00000  f0:0x00000000 f19=0x7fc00000
     287305.000 ns	     28729	80005f54	196174d3	fdiv.s	f9,f2,f22	  f2:0x7fc00000 f22:0x7fc00000  f9=0x7fc00000
     287325.000 ns	     28731	80005f58	00801293	slli	x5,x0,0x8	  x0:0x00000000  x5=0x00000000
     287335.000 ns	     28732	80005f5c	00f9ddb3	srl	x27,x19,x15	 x19:0x1cc62000 x15:0x00000000 x27=0x1cc62000
     287345.000 ns	     28733	80005f60	00000013	addi	x0,x0,0	  x0:0x00000000
     287355.000 ns	     28734	80005f64	002d84b3	add	x9,x27,x2	 x27:0x00000000  x2:0x00000001  x9=0x1cc62001
     287385.000 ns	     28737	80005f68	58057853	fsqrt.s	f16,f10	 f10:0x00000000 f16=0x00000000
     287405.000 ns	     28739	80005f6c	010ca7b3	slt	x15,x25,x16	 x25:0x00000442 x16:0x00000040 x15=0x00000000
     287415.000 ns	     28740	80005f70	87d00713	addi	x14,x0,-1923	  x0:0x00000000 x14=0xfffff87d
     287435.000 ns	     28742	80005f74	c0054ad3	fcvt.w.s	x21,f10	 f10:0x00000000 x21=0x00000000
     287465.000 ns	     28745	80005f78	c00d7b53	fcvt.w.s	x22,f26	 f26:0x7fc00000 x22=0x7fffffff
     287505.000 ns	     28749	80005f7c	10b91ad3	fmul.s	f21,f18,f11	 f18:0x7fc00000 f11:0x7fc00000 f21=0x7fc00000
     287535.000 ns	     28752	80005f80	28408853	fmin.s	f16,f1,f4	  f1:0x41000000  f4:0x80000000 f16=0x80000000
     287555.000 ns	     28754	80005f84	01df1293	slli	x5,x30,0x1d	 x30:0x00000001  x5=0x20000000
     287575.000 ns	     28756	80005f88	03807533	remu	x10,x0,x24	  x0:0x00000000 x24:0x00000000 x10=0x00000000
     287595.000 ns	     28758	80005f8c	8b254413	xori	x8,x10,-1870	 x10:0x00000000  x8=0xfffff8b2
     287615.000 ns	     28760	80005f90	d01ab3d3	fcvt.s.wu	f7,x21	 x21:0x00000000  f7=0x00000000
     287635.000 ns	     28762	80005f94	00e5aa33	slt	x20,x11,x14	 x11:0x07196c80 x14:0xfffff87d x20=0x00000000
     287655.000 ns	     28764	80005f98	21e32cd3	fsgnjx.s	f25,f6,f30	  f6:0x7fc00000 f30:0x80000000 f25=0xffc00000
     287705.000 ns	     28769	80005f9c	08e070d3	fsub.s	f1,f0,f14	  f0:0x00000000 f14:0x7fc00000  f1=0x7fc00000
     288075.000 ns	     28806	80005fa0	03b3e033	rem	x0,x7,x27	  x7:0x00000000 x27:0x1cc62000
     288095.000 ns	     28808	80005fa4	016052b3	srl	x5,x0,x22	  x0:0x00000000 x22:0x7fffffff  x5=0x00000000
     288105.000 ns	     28809	80005fa8	87475397	auipc	x7,0x87475	  x7=0x0747afa8
     288115.000 ns	     28810	80005fac	01c7d833	srl	x16,x15,x28	 x15:0x00000000 x28:0x00000000 x16=0x00000000
     288145.000 ns	     28813	80005fb0	58087c53	fsqrt.s	f24,f16	 f16:0x80000000 f24=0x80000000
     288175.000 ns	     28816	80005fb4	c01cf5d3	fcvt.wu.s	x11,f25	 f25:0xffc00000 x11=0xffffffff
     288205.000 ns	     28819	80005fb8	208a1453	fsgnjn.s	f8,f20,f8	 f20:0x7fc00000  f8:0x7fc00000  f8=0xffc00000
     288225.000 ns	     28821	80005fbc	aff64093	xori	x1,x12,-1281	 x12:0x00000001  x1=0xfffffafe
     288245.000 ns	     28823	80005fc0	d00088d3	fcvt.s.w	f17,x1	  x1:0xffffffdf f17=0xc4a04000
     288265.000 ns	     28825	80005fc4	01041913	slli	x18,x8,0x10	  x8:0xfffff8b2 x18=0xf8b20000
     288625.000 ns	     28861	80005fc8	03a2ed33	rem	x26,x5,x26	  x5:0x00000000 x26:0x0000005d x26=0x00000000
     288645.000 ns	     28863	80005fcc	0184de93	srli	x29,x9,0x18	  x9:0x1cc62001 x29=0x0000001c
     288665.000 ns	     28865	80005fd0	21cc8753	fsgnj.s	f14,f25,f28	 f25:0xffc00000 f28:0x00000000 f14=0x7fc00000
     288685.000 ns	     28867	80005fd4	009d1533	sll	x10,x26,x9	 x26:0x00000000  x9:0x1cc62001 x10=0x00000000
     288715.000 ns	     28870	80005fd8	18d494d3	fdiv.s	f9,f9,f13	  f9:0x7fc00000 f13:0x08003a14  f9=0x7fc00000
     288745.000 ns	     28873	80005fdc	a0d88353	fle.s	x6,f17,f13	 f17:0xc4a04000 f13:0x08003a14  x6=0x00000001
     288775.000 ns	     28876	80005fe0	289c05d3	fmin.s	f11,f24,f9	 f24:0x80000000  f9:0x7fc00000 f11=0x80000000
     289145.000 ns	     28913	80005fe4	03ead9b3	divu	x19,x21,x30	 x21:0x00000000 x30:0x00000001 x19=0x00000000
     289165.000 ns	     28915	80005fe8	0071cf33	xor	x30,x3,x7	  x3:0xffffffff  x7:0x0747afa8 x30=0xf8b85057
     289175.000 ns	     28916	80005fec	0007c1b3	xor	x3,x15,x0	 x15:0x00000000  x0:0x00000000  x3=0x00000000
     289535.000 ns	     28952	80005ff0	021fe3b3	rem	x7,x31,x1	 x31:0x00000009  x1:0xfffffafe  x7=0x00000009
     289565.000 ns	     28955	80005ff4	a0ef1853	flt.s	x16,f30,f14	 f30:0x80000000 f14:0x7fc00000 x16=0x00000000
     289585.000 ns	     28957	80005ff8	016161b3	or	x3,x2,x22	  x2:0x00000001 x22:0x7fffffff  x3=0x7fffffff
     289615.000 ns	     28960	80005ffc	10e1f253	fmul.s	f4,f3,f14	  f3:0x80000000 f14:0x7fc00000  f4=0x7fc00000
     289635.000 ns	     28962	80006000	00d45d33	srl	x26,x8,x13	  x8:0xfffff8b2 x13:0xc00c6000 x26=0xfffff8b2
     289645.000 ns	     28963	80006004	007794b3	sll	x9,x15,x7	 x15:0x00000000  x7:0x00000009  x9=0x00000000
     289675.000 ns	     28966	80006008	193387d3	fdiv.s	f15,f7,f19	  f7:0x00000000 f19:0x7fc00000 f15=0x7fc00000
     289705.000 ns	     28969	8000600c	a1188553	fle.s	x10,f17,f17	 f17:0xc4a04000 f17:0xc4a04000 x10=0x00000001
     289755.000 ns	     28974	80006010	016675d3	fadd.s	f11,f12,f22	 f12:0x4ce32d90 f22:0x7fc00000 f11=0x7fc00000
     289785.000 ns	     28977	80006014	02594e33	div	x28,x18,x5	 x18:0xf8b20000  x5:0x00000000 x28=0xffffffff
     289805.000 ns	     28979	80006018	00d43933	sltu	x18,x8,x13	  x8:0xfffff8b2 x13:0xc00c6000 x18=0x00000000
     289825.000 ns	     28981	8000601c	20af1253	fsgnjn.s	f4,f30,f10	 f30:0x80000000 f10:0x00000000  f4=0x80000000
     289865.000 ns	     28985	80006020	192b7953	fdiv.s	f18,f22,f18	 f22:0x7fc00000 f18:0x7fc00000 f18=0x7fc00000
     289895.000 ns	     28988	80006024	d00f7453	fcvt.s.w	f8,x30	 x30:0xf8b85057  f8=0xcce8f5f5
     289935.000 ns	     28992	80006028	11082253	fmul.s	f4,f16,f16	 f16:0x80000000 f16:0x80000000  f4=0x00000000
     289965.000 ns	     28995	8000602c	a002aad3	feq.s	x21,f5,f0	  f5:0x00000000  f0:0x00000000 x21=0x00000001
     290005.000 ns	     28999	80006030	106876d3	fmul.s	f13,f16,f6	 f16:0x80000000  f6:0x7fc00000 f13=0x7fc00000
     290025.000 ns	     29001	80006034	01084eb3	xor	x29,x16,x16	 x16:0x00000000 x16:0x00000000 x29=0x00000000
     290035.000 ns	     29002	80006038	01754f33	xor	x30,x10,x23	 x10:0x00000001 x23:0x80041024 x30=0x80041025
     290055.000 ns	     29004	8000603c	a1868353	fle.s	x6,f13,f24	 f13:0x7fc00000 f24:0x80000000  x6=0x00000000
     290095.000 ns	     29008	80006040	5804a053	fsqrt.s	f0,f9	  f9:0x7fc00000  f0=0x7fc00000
     290145.000 ns	     29013	80006044	01d51c53	fadd.s	f24,f10,f29	 f10:0x00000000 f29:0x80000000 f24=0x80000000
     290195.000 ns	     29018	80006048	018ca453	fadd.s	f8,f25,f24	 f25:0xffc00000 f24:0x80000000  f8=0x7fc00000
     290215.000 ns	     29020	8000604c	018482b3	add	x5,x9,x24	  x9:0x00000000 x24:0x00000000  x5=0x00000000
     290225.000 ns	     29021	80006050	d160a513	slti	x10,x1,-746	  x1:0xfffffafe x10=0x00000001
     290245.000 ns	     29023	80006054	c01bf353	fcvt.wu.s	x6,f23	 f23:0xffc00000  x6=0xffffffff
     290275.000 ns	     29026	80006058	29dd1553	fmax.s	f10,f26,f29	 f26:0x7fc00000 f29:0x80000000 f10=0x80000000
     290295.000 ns	     29028	8000605c	007395b3	sll	x11,x7,x7	  x7:0x00000009  x7:0x00000009 x11=0x00001200
     290305.000 ns	     29029	80006060	005cb9b3	sltu	x19,x25,x5	 x25:0x00000442  x5:0x00000000 x19=0x00000000
     290665.000 ns	     29065	80006064	02c46db3	rem	x27,x8,x12	  x8:0xfffff8b2 x12:0x00000001 x27=0x00000000
     290695.000 ns	     29068	80006068	21a38553	fsgnj.s	f10,f7,f26	  f7:0x00000000 f26:0x7fc00000 f10=0x00000000
     290715.000 ns	     29070	8000606c	00c71233	sll	x4,x14,x12	 x14:0xfffff87d x12:0x00000001  x4=0xfffff0fa
     290735.000 ns	     29072	80006070	e00a0553	fmv.x.w	x10,f20	 f20:0x7fc00000 x10=0x7fc00000
     291105.000 ns	     29109	80006074	026decb3	rem	x25,x27,x6	 x27:0x00000000  x6:0xffffffff x25=0x00000000
     291145.000 ns	     29113	80006078	199185d3	fdiv.s	f11,f3,f25	  f3:0x80000000 f25:0xffc00000 f11=0x7fc00000
     291165.000 ns	     29115	8000607c	40528c33	sub	x24,x5,x5	  x5:0x00000000  x5:0x00000000 x24=0x00000000
     291185.000 ns	     29117	80006080	034f3ab3	mulhu	x21,x30,x20	 x30:0x80041025 x20:0x00000000 x21=0x00000000
     291555.000 ns	     29154	80006084	02d5f033	remu	x0,x11,x13	 x11:0x00001200 x13:0xc00c6000
     291585.000 ns	     29157	80006088	c00ea753	fcvt.w.s	x14,f29	 f29:0x80000000 x14=0x00000000
     291605.000 ns	     29159	8000608c	004a5e33	srl	x28,x20,x4	 x20:0x00000000  x4:0xfffff0fa x28=0x00000000
     291625.000 ns	     29161	80006090	291a9ed3	fmax.s	f29,f21,f17	 f21:0x7fc00000 f17:0xc4a04000 f29=0xc4a04000
     291645.000 ns	     29163	80006094	01f499b3	sll	x19,x9,x31	  x9:0x00000000 x31:0x00000009 x19=0x00000000
     291665.000 ns	     29165	80006098	29cb10d3	fmax.s	f1,f22,f28	 f22:0x7fc00000 f28:0x00000000  f1=0x00000000
     291695.000 ns	     29168	8000609c	d00f75d3	fcvt.s.w	f11,x30	 x30:0x80041025 f11=0xcefff7df
     291745.000 ns	     29173	800060a0	000bc753	fadd.s	f14,f23,f0	 f23:0xffc00000  f0:0x7fc00000 f14=0x7fc00000
     291765.000 ns	     29175	800060a4	50713313	sltiu	x6,x2,1287	  x2:0x00000001  x6=0x00000001
     291785.000 ns	     29177	800060a8	d018fd53	fcvt.s.wu	f26,x17	 x17:0x80040fe4 f26=0x4f00040f
     291805.000 ns	     29179	800060ac	007fe3b3	or	x7,x31,x7	 x31:0x00000009  x7:0x00000009  x7=0x00000009
     291825.000 ns	     29181	800060b0	0297bdb3	mulhu	x27,x15,x9	 x15:0x00000000  x9:0x00000000 x27=0x00000000
     291855.000 ns	     29184	800060b4	d01aa7d3	fcvt.s.wu	f15,x21	 x21:0x00000000 f15=0x00000000
     291875.000 ns	     29186	800060b8	0115f133	and	x2,x11,x17	 x11:0x00001200 x17:0x80040fe4  x2=0x00000200
     291885.000 ns	     29187	800060bc	00b18d33	add	x26,x3,x11	  x3:0x7fffffff x11:0x00001200 x26=0x800011ff
     291925.000 ns	     29191	800060c0	01e60ed3	fadd.s	f29,f12,f30	 f12:0x4ce32d90 f30:0x80000000 f29=0x4ce32d90
     291955.000 ns	     29194	800060c4	2116a453	fsgnjx.s	f8,f13,f17	 f13:0x7fc00000 f17:0xc4a04000  f8=0xffc00000
     291975.000 ns	     29196	800060c8	32a4c513	xori	x10,x9,810	  x9:0x00000000 x10=0x0000032a
     291995.000 ns	     29198	800060cc	030c1db3	mulh	x27,x24,x16	 x24:0x00000000 x16:0x00000000 x27=0x00000000
     292015.000 ns	     29200	800060d0	1894ea93	ori	x21,x9,393	  x9:0x00000000 x21=0x00000189
     292025.000 ns	     29201	800060d4	00000013	addi	x0,x0,0	  x0:0x00000000
     292035.000 ns	     29202	800060d8	ecfcbc93	sltiu	x25,x25,-305	 x25:0x00000000 x25=0x00000001
     292045.000 ns	     29203	800060dc	008d04b3	add	x9,x26,x8	 x26:0x800011ff  x8:0xfffff8b2  x9=0x80000ab1
     292055.000 ns	     29204	800060e0	c5638713	addi	x14,x7,-938	  x7:0x00000009 x14=0xfffffc5f
     292065.000 ns	     29205	800060e4	30dde193	ori	x3,x27,781	 x27:0x00000000  x3=0x0000030d
     292085.000 ns	     29207	800060e8	c013c2d3	fcvt.wu.s	x5,f7	  f7:0x00000000  x5=0x00000000
     292105.000 ns	     29209	800060ec	0044ba33	sltu	x20,x9,x4	  x9:0x80000ab1  x4:0xfffff0fa x20=0x00000001
     292115.000 ns	     29210	800060f0	17978913	addi	x18,x15,377	 x15:0x00000000 x18=0x00000179
     292135.000 ns	     29212	800060f4	d01cfe53	fcvt.s.wu	f28,x25	 x25:0x00000001 f28=0x3f800000
     292155.000 ns	     29214	800060f8	00e83b33	sltu	x22,x16,x14	 x16:0x00000000 x14:0xfffffc5f x22=0x00000001
     292165.000 ns	     29215	800060fc	8bafa7b7	lui	x15,0x8bafa	 x15=0x8bafa000
     292205.000 ns	     29219	80006100	096a7dd3	fsub.s	f27,f20,f22	 f20:0x7fc00000 f22:0x7fc00000 f27=0x7fc00000
     293385.000 ns	     29337	80006104	580d2e53	fsqrt.s	f28,f26	 f26:0x4f00040f f28=0x46b50a40
     293755.000 ns	     29374	80006108	02e273b3	remu	x7,x4,x14	  x4:0xfffff0fa x14:0xfffffc5f  x7=0xfffff0fa
     293775.000 ns	     29376	8000610c	b85ea317	auipc	x6,0xb85ea	  x6=0x385f010c
     293785.000 ns	     29377	80006110	6569cf37	lui	x30,0x6569c	 x30=0x6569c000
     293795.000 ns	     29378	80006114	0154b133	sltu	x2,x9,x21	  x9:0x80000ab1 x21:0x00000189  x2=0x00000000
     293825.000 ns	     29381	80006118	181fa6d3	fdiv.s	f13,f31,f1	 f31:0x00000000  f1:0x00000000 f13=0x7fc00000
     293845.000 ns	     29383	8000611c	01ab5f33	srl	x30,x22,x26	 x22:0x00000001 x26:0x800011ff x30=0x00000000
     293865.000 ns	     29385	80006120	02f89ab3	mulh	x21,x17,x15	 x17:0x80040fe4 x15:0x8bafa000 x21=0x3a265786
     293895.000 ns	     29388	80006124	03958e33	mul	x28,x11,x25	 x11:0x00001200 x25:0x00000001 x28=0x00001200
     293915.000 ns	     29390	80006128	7b9272b7	lui	x5,0x7b927	  x5=0x7b927000
     293935.000 ns	     29392	8000612c	d00a2753	fcvt.s.w	f14,x20	 x20:0x00000001 f14=0x3f800000
     293955.000 ns	     29394	80006130	4aa73eb7	lui	x29,0x4aa73	 x29=0x4aa73000
     293975.000 ns	     29396	80006134	a19724d3	feq.s	x9,f14,f25	 f14:0x3f800000 f25:0xffc00000  x9=0x00000000
     294005.000 ns	     29399	80006138	a0182053	feq.s	x0,f16,f1	 f16:0x80000000  f1:0x00000000
     294035.000 ns	     29402	8000613c	d010c353	fcvt.s.wu	f6,x1	  x1:0xfffffafe  f6=0x4f7ffffb
     294055.000 ns	     29404	80006140	2f0f1697	auipc	x13,0x2f0f1	 x13=0xaf0f7140
     294075.000 ns	     29406	80006144	216b2353	fsgnjx.s	f6,f22,f22	 f22:0x7fc00000 f22:0x7fc00000  f6=0x7fc00000
     294105.000 ns	     29409	80006148	29cb9153	fmax.s	f2,f23,f28	 f23:0xffc00000 f28:0x46b50a40  f2=0x46b50a40
     294125.000 ns	     29411	8000614c	0079edb3	or	x27,x19,x7	 x19:0x00000000  x7:0xfffff0fa x27=0xfffff0fa
     294135.000 ns	     29412	80006150	00f262b3	or	x5,x4,x15	  x4:0xfffff0fa x15:0x8bafa000  x5=0xfffff0fa
     294175.000 ns	     29416	80006154	09c2ad53	fsub.s	f26,f5,f28	  f5:0x00000000 f28:0x46b50a40 f26=0xc6b50a40
     294205.000 ns	     29419	80006158	d01ff353	fcvt.s.wu	f6,x31	 x31:0x00000009  f6=0x41100000
     294225.000 ns	     29421	8000615c	00000013	addi	x0,x0,0	  x0:0x00000000
     294235.000 ns	     29422	80006160	006a2233	slt	x4,x20,x6	 x20:0x00000001  x6:0x385f010c  x4=0x00000001
     294255.000 ns	     29424	80006164	a01a0e53	fle.s	x28,f20,f1	 f20:0x7fc00000  f1:0x00000000 x28=0x00000000
     294275.000 ns	     29426	80006168	0150ec33	or	x24,x1,x21	  x1:0xfffffafe x21:0x3a265786 x24=0xfffffffe
     294285.000 ns	     29427	8000616c	0050d833	srl	x16,x1,x5	  x1:0xfffffafe  x5:0xfffff0fa x16=0x0000003f
     294645.000 ns	     29463	80006170	03b6d733	divu	x14,x13,x27	 x13:0xaf0f7140 x27:0xfffff0fa x14=0x00000000
     294665.000 ns	     29465	80006174	01f00b33	add	x22,x0,x31	  x0:0x00000000 x31:0x00000009 x22=0x00000009
     294685.000 ns	     29467	80006178	034ab833	mulhu	x16,x21,x20	 x21:0x3a265786 x20:0x00000001 x16=0x00000000
     294705.000 ns	     29469	8000617c	412f55b3	sra	x11,x30,x18	 x30:0x00000000 x18:0x00000179 x11=0x00000000
     294725.000 ns	     29471	80006180	e0001453	fclass.s	x8,f0	  f0:0x7fc00000  x8=0x00000200
     294755.000 ns	     29474	80006184	29069653	fmax.s	f12,f13,f16	 f13:0x7fc00000 f16:0x80000000 f12=0x80000000
     294785.000 ns	     29477	80006188	02c70733	mul	x14,x14,x12	 x14:0x00000000 x12:0x00000001 x14=0x00000000
     294815.000 ns	     29480	8000618c	e00a8553	fmv.x.w	x10,f21	 f21:0x7fc00000 x10=0x7fc00000
     294845.000 ns	     29483	80006190	02632d33	mulhsu	x26,x6,x6	  x6:0x385f010c  x6:0x385f010c x26=0x0c69b3b7
     294865.000 ns	     29485	80006194	f060a493	slti	x9,x1,-250	  x1:0xfffffafe  x9=0x00000001
     294895.000 ns	     29488	80006198	580a7353	fsqrt.s	f6,f20	 f20:0x7fc00000  f6=0x7fc00000
     294925.000 ns	     29491	8000619c	21851a53	fsgnjn.s	f20,f10,f24	 f10:0x00000000 f24:0x80000000 f20=0x00000000
     294955.000 ns	     29494	800061a0	20a62053	fsgnjx.s	f0,f12,f10	 f12:0x80000000 f10:0x00000000  f0=0x80000000
     296035.000 ns	     29602	800061a4	580e78d3	fsqrt.s	f17,f28	 f28:0x46b50a40 f17=0x43183a19
     296055.000 ns	     29604	800061a8	011a1993	slli	x19,x20,0x11	 x20:0x00000001 x19=0x00020000
     296065.000 ns	     29605	800061ac	b675b493	sltiu	x9,x11,-1177	 x11:0x00000000  x9=0x00000001
     296085.000 ns	     29607	800061b0	e0051dd3	fclass.s	x27,f10	 f10:0x00000000 x27=0x00000010
     296105.000 ns	     29609	800061b4	c4c53e13	sltiu	x28,x10,-948	 x10:0x7fc00000 x28=0x00000001
     296465.000 ns	     29645	800061b8	03a5e633	rem	x12,x11,x26	 x11:0x00000000 x26:0x0c69b3b7 x12=0x00000000
     296485.000 ns	     29647	800061bc	419cd513	srai	x10,x25,0x19	 x25:0x00000001 x10=0x00000000
     296495.000 ns	     29648	800061c0	003f1993	slli	x19,x30,0x3	 x30:0x00000000 x19=0x00000000
     296505.000 ns	     29649	800061c4	4119d313	srai	x6,x19,0x11	 x19:0x00020000  x6=0x00000000
     296865.000 ns	     29685	800061c8	02315833	divu	x16,x2,x3	  x2:0x00000000  x3:0x0000030d x16=0x00000000
     296895.000 ns	     29688	800061cc	28fd9653	fmax.s	f12,f27,f15	 f27:0x7fc00000 f15:0x00000000 f12=0x00000000
     296915.000 ns	     29690	800061d0	005d1ab3	sll	x21,x26,x5	 x26:0x0c69b3b7  x5:0xfffff0fa x21=0xdc000000
     296935.000 ns	     29692	800061d4	e00710d3	fclass.s	x1,f14	 f14:0x3f800000  x1=0x00000040
     296965.000 ns	     29695	800061d8	03559833	mulh	x16,x11,x21	 x11:0x00000000 x21:0x3a265786 x16=0x00000000
     296985.000 ns	     29697	800061dc	f620f613	andi	x12,x1,-158	  x1:0x00000040 x12=0x00000040
     296995.000 ns	     29698	800061e0	413f02b3	sub	x5,x30,x19	 x30:0x00000000 x19:0x00000000  x5=0x00000000
     297005.000 ns	     29699	800061e4	0104b733	sltu	x14,x9,x16	  x9:0x00000001 x16:0x00000000 x14=0x00000000
     297025.000 ns	     29701	800061e8	20592753	fsgnjx.s	f14,f18,f5	 f18:0x7fc00000  f5:0x00000000 f14=0x7fc00000
     297045.000 ns	     29703	800061ec	01039613	slli	x12,x7,0x10	  x7:0xfffff0fa x12=0xf0fa0000
     297065.000 ns	     29705	800061f0	d00bb3d3	fcvt.s.w	f7,x23	 x23:0x80041024  f7=0xcefff7e0
     297095.000 ns	     29708	800061f4	29c29f53	fmax.s	f30,f5,f28	  f5:0x00000000 f28:0x46b50a40 f30=0x46b50a40
     297115.000 ns	     29710	800061f8	e909fd37	lui	x26,0xe909f	 x26=0xe909f000
     297125.000 ns	     29711	800061fc	6841ab13	slti	x22,x3,1668	  x3:0x0000030d x22=0x00000001
     297135.000 ns	     29712	80006200	0092a733	slt	x14,x5,x9	  x5:0x00000000  x9:0x00000001 x14=0x00000001
     297145.000 ns	     29713	80006204	de417613	andi	x12,x2,-540	  x2:0x00000000 x12=0x00000000
     297155.000 ns	     29714	80006208	40ecdab3	sra	x21,x25,x14	 x25:0x00000001 x14:0x00000000 x21=0x00000000
     297175.000 ns	     29716	8000620c	c0057653	fcvt.w.s	x12,f10	 f10:0x00000000 x12=0x00000000
     297195.000 ns	     29718	80006210	53498013	addi	x0,x19,1332	 x19:0x00000000
     297215.000 ns	     29720	80006214	a1ec8453	fle.s	x8,f25,f30	 f25:0xffc00000 f30:0x46b50a40  x8=0x00000000
     297245.000 ns	     29723	80006218	f00d0253	fmv.w.x	f4,x26	 x26:0xe909f000  f4=0xe909f000
     297275.000 ns	     29726	8000621c	21402953	fsgnjx.s	f18,f0,f20	  f0:0x80000000 f20:0x00000000 f18=0x80000000
     297305.000 ns	     29729	80006220	d0177dd3	fcvt.s.wu	f27,x14	 x14:0x00000001 f27=0x3f800000
     297335.000 ns	     29732	80006224	02bec7b3	div	x15,x29,x11	 x29:0x4aa73000 x11:0x00000000 x15=0xffffffff
     297355.000 ns	     29734	80006228	72c1a913	slti	x18,x3,1836	  x3:0x0000030d x18=0x00000001
     297375.000 ns	     29736	8000622c	d01879d3	fcvt.s.wu	f19,x16	 x16:0x00000000 f19=0x00000000
     297405.000 ns	     29739	80006230	025892b3	mulh	x5,x17,x5	 x17:0x80040fe4  x5:0x00000000  x5=0x00000000
     297435.000 ns	     29742	80006234	28e20c53	fmin.s	f24,f4,f14	  f4:0xe909f000 f14:0x7fc00000 f24=0xe909f000
     297465.000 ns	     29745	80006238	02bce133	rem	x2,x25,x11	 x25:0x00000001 x11:0x00000000  x2=0x00000001
     297485.000 ns	     29747	8000623c	01b38cb3	add	x25,x7,x27	  x7:0xfffff0fa x27:0x00000010 x25=0xfffff10a
     297525.000 ns	     29751	80006240	08e50ad3	fsub.s	f21,f10,f14	 f10:0x00000000 f14:0x7fc00000 f21=0x7fc00000
     297555.000 ns	     29754	80006244	29b61ed3	fmax.s	f29,f12,f27	 f12:0x00000000 f27:0x3f800000 f29=0x3f800000
     297575.000 ns	     29756	80006248	41b0da33	sra	x20,x1,x27	  x1:0x00000040 x27:0x00000010 x20=0x00000000
     297595.000 ns	     29758	8000624c	a0d32ed3	feq.s	x29,f6,f13	  f6:0x7fc00000 f13:0x7fc00000 x29=0x00000000
     297645.000 ns	     29763	80006250	00fcfe53	fadd.s	f28,f25,f15	 f25:0xffc00000 f15:0x00000000 f28=0x7fc00000
     297665.000 ns	     29765	80006254	2918b713	sltiu	x14,x17,657	 x17:0x80040fe4 x14=0x00000000
     297685.000 ns	     29767	80006258	2181a553	fsgnjx.s	f10,f3,f24	  f3:0x80000000 f24:0xe909f000 f10=0x00000000
     297715.000 ns	     29770	8000625c	03613e33	mulhu	x28,x2,x22	  x2:0x00000001 x22:0x00000001 x28=0x00000000
     297735.000 ns	     29772	80006260	00c0ba33	sltu	x20,x1,x12	  x1:0x00000040 x12:0x00000000 x20=0x00000000
     297745.000 ns	     29773	80006264	3a7fc937	lui	x18,0x3a7fc	 x18=0x3a7fc000
     297765.000 ns	     29775	80006268	20d80453	fsgnj.s	f8,f16,f13	 f16:0x80000000 f13:0x7fc00000  f8=0x00000000
     297795.000 ns	     29778	8000626c	20e78d53	fsgnj.s	f26,f15,f14	 f15:0x00000000 f14:0x7fc00000 f26=0x00000000
     297825.000 ns	     29781	80006270	03aead33	mulhsu	x26,x29,x26	 x29:0x00000000 x26:0xe909f000 x26=0x00000000
     297845.000 ns	     29783	80006274	00735493	srli	x9,x6,0x7	  x6:0x00000000  x9=0x00000000
     297855.000 ns	     29784	80006278	00000013	addi	x0,x0,0	  x0:0x00000000
     297885.000 ns	     29787	8000627c	10830253	fmul.s	f4,f6,f8	  f6:0x7fc00000  f8:0x00000000  f4=0x7fc00000
     297905.000 ns	     29789	80006280	006b8cb3	add	x25,x23,x6	 x23:0x80041024  x6:0x00000000 x25=0x80041024
     297925.000 ns	     29791	80006284	d0104953	fcvt.s.wu	f18,x0	  x0:0x00000000 f18=0x00000000
     297965.000 ns	     29795	80006288	114a9cd3	fmul.s	f25,f21,f20	 f21:0x7fc00000 f20:0x00000000 f25=0x7fc00000
     297995.000 ns	     29798	8000628c	e00704d3	fmv.x.w	x9,f14	 f14:0x7fc00000  x9=0x7fc00000
     298015.000 ns	     29800	80006290	40d589b3	sub	x19,x11,x13	 x11:0x00000000 x13:0xaf0f7140 x19=0x50f08ec0
     298035.000 ns	     29802	80006294	20c30dd3	fsgnj.s	f27,f6,f12	  f6:0x7fc00000 f12:0x00000000 f27=0x7fc00000
     298075.000 ns	     29806	80006298	1154ca53	fmul.s	f20,f9,f21	  f9:0x7fc00000 f21:0x7fc00000 f20=0x7fc00000
     298095.000 ns	     29808	8000629c	01bfd493	srli	x9,x31,0x1b	 x31:0x00000009  x9=0x00000000
     298105.000 ns	     29809	800062a0	8c4e3d13	sltiu	x26,x28,-1852	 x28:0x00000000 x26=0x00000001
     298115.000 ns	     29810	800062a4	bf1baa93	slti	x21,x23,-1039	 x23:0x80041024 x21=0x00000001
     298135.000 ns	     29812	800062a8	28511053	fmax.s	f0,f2,f5	  f2:0x46b50a40  f5:0x00000000  f0=0x46b50a40
     298155.000 ns	     29814	800062ac	01786f33	or	x30,x16,x23	 x16:0x00000000 x23:0x80041024 x30=0x80041024
     298195.000 ns	     29818	800062b0	015bf053	fadd.s	f0,f23,f21	 f23:0xffc00000 f21:0x7fc00000  f0=0x7fc00000
     298225.000 ns	     29821	800062b4	02e88d33	mul	x26,x17,x14	 x17:0x80040fe4 x14:0x00000000 x26=0x00000000
     298245.000 ns	     29823	800062b8	35427413	andi	x8,x4,852	  x4:0x00000001  x8=0x00000000
     298285.000 ns	     29827	800062bc	01767353	fadd.s	f6,f12,f23	 f12:0x00000000 f23:0xffc00000  f6=0x7fc00000
     298305.000 ns	     29829	800062c0	01380f33	add	x30,x16,x19	 x16:0x00000000 x19:0x50f08ec0 x30=0x50f08ec0
     298325.000 ns	     29831	800062c4	f00d0553	fmv.w.x	f10,x26	 x26:0x00000000 f10=0x00000000
     298355.000 ns	     29834	800062c8	a16b05d3	fle.s	x11,f22,f22	 f22:0x7fc00000 f22:0x7fc00000 x11=0x00000000
     298385.000 ns	     29837	800062cc	21768f53	fsgnj.s	f30,f13,f23	 f13:0x7fc00000 f23:0xffc00000 f30=0xffc00000
     298415.000 ns	     29840	800062d0	03a090b3	mulh	x1,x1,x26	  x1:0x00000040 x26:0x00000000  x1=0x00000000
     298435.000 ns	     29842	800062d4	7eae6d13	ori	x26,x28,2026	 x28:0x00000000 x26=0x000007ea
     298445.000 ns	     29843	800062d8	00000013	addi	x0,x0,0	  x0:0x00000000
     298465.000 ns	     29845	800062dc	a02081d3	fle.s	x3,f1,f2	  f1:0x00000000  f2:0x46b50a40  x3=0x00000001
     298485.000 ns	     29847	800062e0	b2c324b7	lui	x9,0xb2c32	  x9=0xb2c32000
     298515.000 ns	     29850	800062e4	10cb1b53	fmul.s	f22,f22,f12	 f22:0x7fc00000 f12:0x00000000 f22=0x7fc00000
     298545.000 ns	     29853	800062e8	29d89d53	fmax.s	f26,f17,f29	 f17:0x43183a19 f29:0x3f800000 f26=0x43183a19
     298565.000 ns	     29855	800062ec	4174d6b3	sra	x13,x9,x23	  x9:0xb2c32000 x23:0x80041024 x13=0xfb2c3200
     298575.000 ns	     29856	800062f0	4123de33	sra	x28,x7,x18	  x7:0xfffff0fa x18:0x3a7fc000 x28=0xfffff0fa
     298595.000 ns	     29858	800062f4	29270453	fmin.s	f8,f14,f18	 f14:0x7fc00000 f18:0x00000000  f8=0x00000000
     298635.000 ns	     29862	800062f8	19aff2d3	fdiv.s	f5,f31,f26	 f31:0x00000000 f26:0x43183a19  f5=0x00000000
     298665.000 ns	     29865	800062fc	03444db3	div	x27,x8,x20	  x8:0x00000000 x20:0x00000000 x27=0xffffffff
     298685.000 ns	     29867	80006300	d14b2293	slti	x5,x22,-748	 x22:0x00000001  x5=0x00000000
     298725.000 ns	     29871	80006304	00e943d3	fadd.s	f7,f18,f14	 f18:0x00000000 f14:0x7fc00000  f7=0x7fc00000
     298755.000 ns	     29874	80006308	29da1453	fmax.s	f8,f20,f29	 f20:0x7fc00000 f29:0x3f800000  f8=0x3f800000
     298785.000 ns	     29877	8000630c	03538db3	mul	x27,x7,x21	  x7:0xfffff0fa x21:0x00000001 x27=0xfffff0fa
     298815.000 ns	     29880	80006310	29919853	fmax.s	f16,f3,f25	  f3:0x80000000 f25:0x7fc00000 f16=0x80000000
     298845.000 ns	     29883	80006314	d0174b53	fcvt.s.wu	f22,x14	 x14:0x00000000 f22=0x00000000
     298865.000 ns	     29885	80006318	01c8ec33	or	x24,x17,x28	 x17:0x80040fe4 x28:0xfffff0fa x24=0xfffffffe
     298885.000 ns	     29887	8000631c	03045133	divu	x2,x8,x16	  x8:0x00000000 x16:0x00000000  x2=0xffffffff
     298915.000 ns	     29890	80006320	c00176d3	fcvt.w.s	x13,f2	  f2:0x46b50a40 x13=0x00005a85
     298935.000 ns	     29892	80006324	01ede233	or	x4,x27,x30	 x27:0xfffff0fa x30:0x50f08ec0  x4=0xfffffefa
     298955.000 ns	     29894	80006328	c009f453	fcvt.w.s	x8,f19	 f19:0x00000000  x8=0x00000000
     299005.000 ns	     29899	8000632c	008a7d53	fadd.s	f26,f20,f8	 f20:0x7fc00000  f8:0x3f800000 f26=0x7fc00000
     299025.000 ns	     29901	80006330	00b4e9b3	or	x19,x9,x11	  x9:0xb2c32000 x11:0x00000000 x19=0xb2c32000
     299035.000 ns	     29902	80006334	4001d193	srai	x3,x3,0x0	  x3:0x00000001  x3=0x00000001
     299055.000 ns	     29904	80006338	a0c51053	flt.s	x0,f10,f12	 f10:0x00000000 f12:0x00000000
     299085.000 ns	     29907	8000633c	f0078153	fmv.w.x	f2,x15	 x15:0xffffffff  f2=0xffffffff
     299105.000 ns	     29909	80006340	236f2093	slti	x1,x30,566	 x30:0x50f08ec0  x1=0x00000000
     299115.000 ns	     29910	80006344	05476993	ori	x19,x14,84	 x14:0x00000000 x19=0x00000054
     299135.000 ns	     29912	80006348	0393bf33	mulhu	x30,x7,x25	  x7:0xfffff0fa x25:0x80041024 x30=0x800408a0
     299165.000 ns	     29915	8000634c	c0107853	fcvt.wu.s	x16,f0	  f0:0x7fc00000 x16=0xffffffff
     299185.000 ns	     29917	80006350	d15cf713	andi	x14,x25,-747	 x25:0x80041024 x14=0x80041004
     299205.000 ns	     29919	80006354	03ca9b33	mulh	x22,x21,x28	 x21:0x00000001 x28:0xfffff0fa x22=0xffffffff
     299235.000 ns	     29922	80006358	e00e17d3	fclass.s	x15,f28	 f28:0x7fc00000 x15=0x00000200
     299265.000 ns	     29925	8000635c	287289d3	fmin.s	f19,f5,f7	  f5:0x00000000  f7:0x7fc00000 f19=0x00000000
     299285.000 ns	     29927	80006360	2a192a93	slti	x21,x18,673	 x18:0x3a7fc000 x21=0x00000000
     299295.000 ns	     29928	80006364	00000013	addi	x0,x0,0	  x0:0x00000000
     299305.000 ns	     29929	80006368	fe240413	addi	x8,x8,-30	  x8:0x00000000  x8=0xffffffe2
     299325.000 ns	     29931	8000636c	21a5a653	fsgnjx.s	f12,f11,f26	 f11:0xcefff7df f26:0x7fc00000 f12=0xcefff7df
     299355.000 ns	     29934	80006370	c00bfc53	fcvt.w.s	x24,f23	 f23:0xffc00000 x24=0x7fffffff
     299375.000 ns	     29936	80006374	57cf8813	addi	x16,x31,1404	 x31:0x00000009 x16=0x00000585
     299395.000 ns	     29938	80006378	20358dd3	fsgnj.s	f27,f11,f3	 f11:0xcefff7df  f3:0x80000000 f27=0xcefff7df
     299425.000 ns	     29941	8000637c	a0849353	flt.s	x6,f9,f8	  f9:0x7fc00000  f8:0x3f800000  x6=0x00000000
     299455.000 ns	     29944	80006380	28bf0dd3	fmin.s	f27,f30,f11	 f30:0xffc00000 f11:0xcefff7df f27=0xcefff7df
     299475.000 ns	     29946	80006384	40fb52b3	sra	x5,x22,x15	 x22:0xffffffff x15:0x00000200  x5=0xffffffff
     299505.000 ns	     29949	80006388	105697d3	fmul.s	f15,f13,f5	 f13:0x7fc00000  f5:0x00000000 f15=0x7fc00000
     299555.000 ns	     29954	8000638c	010b3453	fadd.s	f8,f22,f16	 f22:0x00000000 f16:0x80000000  f8=0x80000000
     299575.000 ns	     29956	80006390	012c6ab3	or	x21,x24,x18	 x24:0x7fffffff x18:0x3a7fc000 x21=0x7fffffff
     299585.000 ns	     29957	80006394	01ddf933	and	x18,x27,x29	 x27:0xfffff0fa x29:0x00000000 x18=0x00000000
     299605.000 ns	     29959	80006398	e0061753	fclass.s	x14,f12	 f12:0xcefff7df x14=0x00000002
     299625.000 ns	     29961	8000639c	12c52d13	slti	x26,x10,300	 x10:0x00000000 x26=0x00000001
     299635.000 ns	     29962	800063a0	41ba5393	srai	x7,x20,0x1b	 x20:0x00000000  x7=0x00000000
     299645.000 ns	     29963	800063a4	013450b3	srl	x1,x8,x19	  x8:0xffffffe2 x19:0x00000054  x1=0x00000fff
     299665.000 ns	     29965	800063a8	d01f1253	fcvt.s.wu	f4,x30	 x30:0x800408a0  f4=0x4f000408
     299695.000 ns	     29968	800063ac	a1870753	fle.s	x14,f14,f24	 f14:0x7fc00000 f24:0xe909f000 x14=0x00000000
     299715.000 ns	     29970	800063b0	01c8d193	srli	x3,x17,0x1c	 x17:0x80040fe4  x3=0x00000008
     299735.000 ns	     29972	800063b4	d008c6d3	fcvt.s.w	f13,x17	 x17:0x80040fe4 f13=0xcefff7e0
     299755.000 ns	     29974	800063b8	44c5e193	ori	x3,x11,1100	 x11:0x00000000  x3=0x0000044c
     299765.000 ns	     29975	800063bc	010b20b3	slt	x1,x22,x16	 x22:0xffffffff x16:0x00000585  x1=0x00000001
     299775.000 ns	     29976	800063c0	004e5233	srl	x4,x28,x4	 x28:0xfffff0fa  x4:0xfffffefa  x4=0x0000003f
     299795.000 ns	     29978	800063c4	020004b3	mul	x9,x0,x0	  x0:0x00000000  x0:0x00000000  x9=0x00000000
     299825.000 ns	     29981	800063c8	02960b33	mul	x22,x12,x9	 x12:0x00000000  x9:0xb2c32000 x22=0x00000000
     299845.000 ns	     29983	800063cc	01ea7633	and	x12,x20,x30	 x20:0x00000000 x30:0x800408a0 x12=0x00000000
     299855.000 ns	     29984	800063d0	39546313	ori	x6,x8,917	  x8:0xffffffe2  x6=0xfffffff7
     299865.000 ns	     29985	800063d4	00000013	addi	x0,x0,0	  x0:0x00000000
     299875.000 ns	     29986	800063d8	56294d93	xori	x27,x18,1378	 x18:0x00000000 x27=0x00000562
     299885.000 ns	     29987	800063dc	00e51a93	slli	x21,x10,0xe	 x10:0x00000000 x21=0x00000000
     299905.000 ns	     29989	800063e0	c0120ed3	fcvt.wu.s	x29,f4	  f4:0x4f000408 x29=0x80040800
     299935.000 ns	     29992	800063e4	02ef5933	divu	x18,x30,x14	 x30:0x800408a0 x14:0x00000000 x18=0xffffffff
     299965.000 ns	     29995	800063e8	02418db3	mul	x27,x3,x4	  x3:0x0000044c  x4:0x0000003f x27=0x00010eb4
     299985.000 ns	     29997	800063ec	013a4c33	xor	x24,x20,x19	 x20:0x00000000 x19:0x00000054 x24=0x00000054
     299995.000 ns	     29998	800063f0	01c597b3	sll	x15,x11,x28	 x11:0x00000000 x28:0xfffff0fa x15=0x00000000
     300005.000 ns	     29999	800063f4	e9b0ff13	andi	x30,x1,-357	  x1:0x00000001 x30=0x00000001
     300025.000 ns	     30001	800063f8	203e81d3	fsgnj.s	f3,f29,f3	 f29:0x3f800000  f3:0x80000000  f3=0xbf800000
     300045.000 ns	     30003	800063fc	01979313	slli	x6,x15,0x19	 x15:0x00000000  x6=0x00000000
     300075.000 ns	     30006	80006400	1840f7d3	fdiv.s	f15,f1,f4	  f1:0x00000000  f4:0x4f000408 f15=0x00000000
     300125.000 ns	     30011	80006404	01fd0ed3	fadd.s	f29,f26,f31	 f26:0x7fc00000 f31:0x00000000 f29=0x7fc00000
     300145.000 ns	     30013	80006408	96a1c6b7	lui	x13,0x96a1c	 x13=0x96a1c000
     300165.000 ns	     30015	8000640c	29311053	fmax.s	f0,f2,f19	  f2:0xffffffff f19:0x00000000  f0=0x00000000
     300185.000 ns	     30017	80006410	016755b3	srl	x11,x14,x22	 x14:0x00000000 x22:0x00000000 x11=0x00000000
     300215.000 ns	     30020	80006414	11044253	fmul.s	f4,f8,f16	  f8:0x80000000 f16:0x80000000  f4=0x00000000
     300245.000 ns	     30023	80006418	20adae53	fsgnjx.s	f28,f27,f10	 f27:0xcefff7df f10:0x00000000 f28=0xcefff7df
     300275.000 ns	     30026	8000641c	0247bab3	mulhu	x21,x15,x4	 x15:0x00000000  x4:0x0000003f x21=0x00000000
     300305.000 ns	     30029	80006420	c01ff553	fcvt.wu.s	x10,f31	 f31:0x00000000 x10=0x00000000
     300335.000 ns	     30032	80006424	d0177bd3	fcvt.s.wu	f23,x14	 x14:0x00000000 f23=0x00000000
     300355.000 ns	     30034	80006428	00940a33	add	x20,x8,x9	  x8:0xffffffe2  x9:0x00000000 x20=0xffffffe2
     300375.000 ns	     30036	8000642c	038c16b3	mulh	x13,x24,x24	 x24:0x00000054 x24:0x00000054 x13=0x00000000
     300405.000 ns	     30039	80006430	02e7d833	divu	x16,x15,x14	 x15:0x00000000 x14:0x00000000 x16=0xffffffff
     300445.000 ns	     30043	80006434	580d7a53	fsqrt.s	f20,f26	 f26:0x7fc00000 f20=0x7fc00000
     300465.000 ns	     30045	80006438	2e36f593	andi	x11,x13,739	 x13:0x00000000 x11=0x00000000
     300485.000 ns	     30047	8000643c	291e1053	fmax.s	f0,f28,f17	 f28:0xcefff7df f17:0x43183a19  f0=0x43183a19
     300525.000 ns	     30051	80006440	111c0d53	fmul.s	f26,f24,f17	 f24:0xe909f000 f17:0x43183a19 f26=0xeca40b9c
     300555.000 ns	     30054	80006444	02409233	mulh	x4,x1,x4	  x1:0x00000001  x4:0x0000003f  x4=0x00000000
     300585.000 ns	     30057	80006448	29758bd3	fmin.s	f23,f11,f23	 f11:0xcefff7df f23:0x00000000 f23=0xcefff7df
     300615.000 ns	     30060	8000644c	21460a53	fsgnj.s	f20,f12,f20	 f12:0xcefff7df f20:0x7fc00000 f20=0x4efff7df
     300635.000 ns	     30062	80006450	012b96b3	sll	x13,x23,x18	 x23:0x80041024 x18:0xffffffff x13=0x00000000
     300645.000 ns	     30063	80006454	d5fbc293	xori	x5,x23,-673	 x23:0x80041024  x5=0x7ffbed7b
     300685.000 ns	     30067	80006458	09607b53	fsub.s	f22,f0,f22	  f0:0x43183a19 f22:0x00000000 f22=0x43183a19
     300705.000 ns	     30069	8000645c	0114d293	srli	x5,x9,0x11	  x9:0x00000000  x5=0x00000000
     300725.000 ns	     30071	80006460	c0049553	fcvt.w.s	x10,f9	  f9:0x7fc00000 x10=0x7fffffff
     300765.000 ns	     30075	80006464	11c77853	fmul.s	f16,f14,f28	 f14:0x7fc00000 f28:0xcefff7df f16=0x7fc00000
     300815.000 ns	     30080	80006468	084f7453	fsub.s	f8,f30,f4	 f30:0xffc00000  f4:0x00000000  f8=0x7fc00000
     300845.000 ns	     30083	8000646c	02d7bb33	mulhu	x22,x15,x13	 x15:0x00000000 x13:0x00000000 x22=0x00000000
     300865.000 ns	     30085	80006470	0f89f213	andi	x4,x19,248	 x19:0x00000054  x4=0x00000050
     301225.000 ns	     30121	80006474	028c6733	rem	x14,x24,x8	 x24:0x00000054  x8:0xffffffe2 x14=0x00000018
     301255.000 ns	     30124	80006478	28c10ed3	fmin.s	f29,f2,f12	  f2:0xffffffff f12:0xcefff7df f29=0xcefff7df
     301275.000 ns	     30126	8000647c	01272533	slt	x10,x14,x18	 x14:0x00000018 x18:0xffffffff x10=0x00000000
     301295.000 ns	     30128	80006480	03585033	divu	x0,x16,x21	 x16:0xffffffff x21:0x00000000
     301315.000 ns	     30130	80006484	007dd693	srli	x13,x27,0x7	 x27:0x00010eb4 x13=0x0000021d
     301325.000 ns	     30131	80006488	019594b3	sll	x9,x11,x25	 x11:0x00000000 x25:0x80041024  x9=0x00000000
     301335.000 ns	     30132	8000648c	e8e9e713	ori	x14,x19,-370	 x19:0x00000054 x14=0xfffffede
     301355.000 ns	     30134	80006490	e00f9753	fclass.s	x14,f31	 f31:0x00000000 x14=0x00000010
     301375.000 ns	     30136	80006494	005a91b3	sll	x3,x21,x5	 x21:0x00000000  x5:0x00000000  x3=0x00000000
     301395.000 ns	     30138	80006498	f0050553	fmv.w.x	f10,x10	 x10:0x00000000 f10=0x00000000
     301415.000 ns	     30140	8000649c	01f0f833	and	x16,x1,x31	  x1:0x00000001 x31:0x00000009 x16=0x00000001
     301435.000 ns	     30142	800064a0	2089ac53	fsgnjx.s	f24,f19,f8	 f19:0x00000000  f8:0x7fc00000 f24=0x00000000
     301485.000 ns	     30147	800064a4	08e6a353	fsub.s	f6,f13,f14	 f13:0xcefff7e0 f14:0x7fc00000  f6=0x7fc00000
     301505.000 ns	     30149	800064a8	40d0d113	srai	x2,x1,0xd	  x1:0x00000001  x2=0x00000000
     301515.000 ns	     30150	800064ac	41b58f33	sub	x30,x11,x27	 x11:0x00000000 x27:0x00010eb4 x30=0xfffef14c
     301525.000 ns	     30151	800064b0	b2de7a93	andi	x21,x28,-1235	 x28:0xfffff0fa x21=0xfffff028
     301535.000 ns	     30152	800064b4	0051e7b3	or	x15,x3,x5	  x3:0x00000000  x5:0x00000000 x15=0x00000000
     301895.000 ns	     30188	800064b8	03825f33	divu	x30,x4,x24	  x4:0x00000050 x24:0x00000054 x30=0x00000000
     301915.000 ns	     30190	800064bc	01acda13	srli	x20,x25,0x1a	 x25:0x80041024 x20=0x00000020
     301935.000 ns	     30192	800064c0	2177af53	fsgnjx.s	f30,f15,f23	 f15:0x00000000 f23:0xcefff7df f30=0x80000000
     301965.000 ns	     30195	800064c4	028e0b33	mul	x22,x28,x8	 x28:0xfffff0fa  x8:0xffffffe2 x22=0x0001c2b4
     302335.000 ns	     30232	800064c8	03c3c4b3	div	x9,x7,x28	  x7:0x00000000 x28:0xfffff0fa  x9=0x00000000
     302355.000 ns	     30234	800064cc	02a68a37	lui	x20,0x2a68	 x20=0x02a68000
     302365.000 ns	     30235	800064d0	bd7db1b7	lui	x3,0xbd7db	  x3=0xbd7db000
     302375.000 ns	     30236	800064d4	010ddf13	srli	x30,x27,0x10	 x27:0x00010eb4 x30=0x00000001
     302395.000 ns	     30238	800064d8	210d08d3	fsgnj.s	f17,f26,f16	 f26:0xeca40b9c f16:0x7fc00000 f17=0x6ca40b9c
     302415.000 ns	     30240	800064dc	40d685b3	sub	x11,x13,x13	 x13:0x0000021d x13:0x0000021d x11=0x00000000
     302425.000 ns	     30241	800064e0	01a01f13	slli	x30,x0,0x1a	  x0:0x00000000 x30=0x00000000
     302445.000 ns	     30243	800064e4	e00d04d3	fmv.x.w	x9,f26	 f26:0xeca40b9c  x9=0xeca40b9c
     302475.000 ns	     30246	800064e8	f00e8d53	fmv.w.x	f26,x29	 x29:0x80040800 f26=0x80040800
     302845.000 ns	     30283	800064ec	03835533	divu	x10,x6,x24	  x6:0x00000000 x24:0x00000054 x10=0x00000000
     302875.000 ns	     30286	800064f0	a187a9d3	feq.s	x19,f15,f24	 f15:0x00000000 f24:0x00000000 x19=0x00000001
     302905.000 ns	     30289	800064f4	21a39653	fsgnjn.s	f12,f7,f26	  f7:0x7fc00000 f26:0x80040800 f12=0x7fc00000
     302935.000 ns	     30292	800064f8	02c43e33	mulhu	x28,x8,x12	  x8:0xffffffe2 x12:0x00000000 x28=0x00000000
     303305.000 ns	     30329	800064fc	038fd833	divu	x16,x31,x24	 x31:0x00000009 x24:0x00000054 x16=0x00000000
     303335.000 ns	     30332	80006500	028f30b3	mulhu	x1,x30,x8	 x30:0x00000000  x8:0xffffffe2  x1=0x00000000
     303355.000 ns	     30334	80006504	00000013	addi	x0,x0,0	  x0:0x00000000
     303375.000 ns	     30336	80006508	034232b3	mulhu	x5,x4,x20	  x4:0x00000050 x20:0x02a68000  x5=0x00000000
     303405.000 ns	     30339	8000650c	f0020953	fmv.w.x	f18,x4	  x4:0x00000050 f18=0x00000050
     303435.000 ns	     30342	80006510	a1938353	fle.s	x6,f7,f25	  f7:0x7fc00000 f25:0x7fc00000  x6=0x00000000
     303455.000 ns	     30344	80006514	0144d393	srli	x7,x9,0x14	  x9:0xeca40b9c  x7=0x00000eca
     303475.000 ns	     30346	80006518	e00e9653	fclass.s	x12,f29	 f29:0xcefff7df x12=0x00000002
     303495.000 ns	     30348	8000651c	95880b37	lui	x22,0x95880	 x22=0x95880000
     303515.000 ns	     30350	80006520	a0d0ae53	feq.s	x28,f1,f13	  f1:0x00000000 f13:0xcefff7e0 x28=0x00000000
     303545.000 ns	     30353	80006524	e0039cd3	fclass.s	x25,f7	  f7:0x7fc00000 x25=0x00000200
     303565.000 ns	     30355	80006528	00000013	addi	x0,x0,0	  x0:0x00000000
     303925.000 ns	     30391	8000652c	03284c33	div	x24,x16,x18	 x16:0x00000000 x18:0xffffffff x24=0x00000000
     303945.000 ns	     30393	80006530	00be7eb3	and	x29,x28,x11	 x28:0x00000000 x11:0x00000000 x29=0x00000000
     304305.000 ns	     30429	80006534	02c6d4b3	divu	x9,x13,x12	 x13:0x0000021d x12:0x00000002  x9=0x0000010e
     304335.000 ns	     30432	80006538	a0318a53	fle.s	x20,f3,f3	  f3:0xbf800000  f3:0xbf800000 x20=0x00000001
     304365.000 ns	     30435	8000653c	d0010a53	fcvt.s.w	f20,x2	  x2:0x00000000 f20=0x00000000
     304395.000 ns	     30438	80006540	21ee24d3	fsgnjx.s	f9,f28,f30	 f28:0xcefff7df f30:0x80000000  f9=0x4efff7df
     304425.000 ns	     30441	80006544	e00c01d3	fmv.x.w	x3,f24	 f24:0x00000000  x3=0x00000000
     304455.000 ns	     30444	80006548	e00192d3	fclass.s	x5,f3	  f3:0xbf800000  x5=0x00000002
     304475.000 ns	     30446	8000654c	40940c33	sub	x24,x8,x9	  x8:0xffffffe2  x9:0x0000010e x24=0xfffffed4
     304495.000 ns	     30448	80006550	c01d72d3	fcvt.wu.s	x5,f26	 f26:0x80040800  x5=0x00000000
     304525.000 ns	     30451	80006554	02c81eb3	mulh	x29,x16,x12	 x16:0x00000000 x12:0x00000002 x29=0x00000000
     304545.000 ns	     30453	80006558	00000013	addi	x0,x0,0	  x0:0x00000000
     304555.000 ns	     30454	8000655c	01ffd213	srli	x4,x31,0x1f	 x31:0x00000009  x4=0x00000000
     304565.000 ns	     30455	80006560	d8698b13	addi	x22,x19,-634	 x19:0x00000001 x22=0xfffffd87
     304575.000 ns	     30456	80006564	00000013	addi	x0,x0,0	  x0:0x00000000
     304595.000 ns	     30458	80006568	03168633	mul	x12,x13,x17	 x13:0x0000021d x17:0x80040fe4 x12=0x889594d4
     304625.000 ns	     30461	8000656c	d008a653	fcvt.s.w	f12,x17	 x17:0x80040fe4 f12=0xcefff7e1
     304655.000 ns	     30464	80006570	21a58fd3	fsgnj.s	f31,f11,f26	 f11:0xcefff7df f26:0x80040800 f31=0xcefff7df
     304675.000 ns	     30466	80006574	084d5137	lui	x2,0x84d5	  x2=0x084d5000
     304685.000 ns	     30467	80006578	c0734d37	lui	x26,0xc0734	 x26=0xc0734000
     304705.000 ns	     30469	8000657c	025b91b3	mulh	x3,x23,x5	 x23:0x80041024  x5:0x00000000  x3=0x00000000
     305075.000 ns	     30506	80006580	02da6b33	rem	x22,x20,x13	 x20:0x00000001 x13:0x0000021d x22=0x00000001
     305445.000 ns	     30543	80006584	0274fd33	remu	x26,x9,x7	  x9:0x0000010e  x7:0x00000eca x26=0x0000010e
     305495.000 ns	     30548	80006588	08144353	fsub.s	f6,f8,f1	  f8:0x7fc00000  f1:0x00000000  f6=0x7fc00000
     305515.000 ns	     30550	8000658c	01566b33	or	x22,x12,x21	 x12:0x889594d4 x21:0xfffff028 x22=0xfffff4fc
     305535.000 ns	     30552	80006590	023d86b3	mul	x13,x27,x3	 x27:0x00010eb4  x3:0x00000000 x13=0x00000000
     305565.000 ns	     30555	80006594	03d48a33	mul	x20,x9,x29	  x9:0x0000010e x29:0x00000000 x20=0x00000000
     305585.000 ns	     30557	80006598	991c8493	addi	x9,x25,-1647	 x25:0x00000200  x9=0xfffffb91
     305595.000 ns	     30558	8000659c	00af1913	slli	x18,x30,0xa	 x30:0x00000000 x18=0x00000000
     305605.000 ns	     30559	800065a0	001de833	or	x16,x27,x1	 x27:0x00010eb4  x1:0x00000000 x16=0x00010eb4
     305635.000 ns	     30562	800065a4	580afd53	fsqrt.s	f26,f21	 f21:0x7fc00000 f26=0x7fc00000
     305655.000 ns	     30564	800065a8	40ae5d93	srai	x27,x28,0xa	 x28:0x00000000 x27=0x00000000
     305675.000 ns	     30566	800065ac	03d71eb3	mulh	x29,x14,x29	 x14:0x00000010 x29:0x00000000 x29=0x00000000
     305695.000 ns	     30568	800065b0	00609493	slli	x9,x1,0x6	  x1:0x00000000  x9=0x00000000
     305715.000 ns	     30570	800065b4	c00e00d3	fcvt.w.s	x1,f28	 f28:0xcefff7df  x1=0x80041080
     305745.000 ns	     30573	800065b8	e00e8c53	fmv.x.w	x24,f29	 f29:0xcefff7df x24=0xcefff7df
     305775.000 ns	     30576	800065bc	d00cfdd3	fcvt.s.w	f27,x25	 x25:0x00000200 f27=0x44000000
     305795.000 ns	     30578	800065c0	3d854a93	xori	x21,x10,984	 x10:0x00000000 x21=0x000003d8
     305825.000 ns	     30581	800065c4	10e633d3	fmul.s	f7,f12,f14	 f12:0xcefff7e1 f14:0x7fc00000  f7=0x7fc00000
     305875.000 ns	     30586	800065c8	00b67e53	fadd.s	f28,f12,f11	 f12:0xcefff7e1 f11:0xcefff7df f28=0xcf7ff7e0
     305925.000 ns	     30591	800065cc	094b7453	fsub.s	f8,f22,f20	 f22:0x43183a19 f20:0x00000000  f8=0x43183a19
     305965.000 ns	     30595	800065d0	58010853	fsqrt.s	f16,f2	  f2:0xffffffff f16=0x7fc00000
     305985.000 ns	     30597	800065d4	73e2a713	slti	x14,x5,1854	  x5:0x00000000 x14=0x00000001
     305995.000 ns	     30598	800065d8	2eb80f13	addi	x30,x16,747	 x16:0x00010eb4 x30=0x0001119f
     306005.000 ns	     30599	800065dc	0102b233	sltu	x4,x5,x16	  x5:0x00000000 x16:0x00010eb4  x4=0x00000001
     306025.000 ns	     30601	800065e0	e00c1653	fclass.s	x12,f24	 f24:0x00000000 x12=0x00000010
     306045.000 ns	     30603	800065e4	f152e693	ori	x13,x5,-235	  x5:0x00000000 x13=0xffffff15
     306055.000 ns	     30604	800065e8	01ba5f13	srli	x30,x20,0x1b	 x20:0x00000000 x30=0x00000000
     306075.000 ns	     30606	800065ec	287286d3	fmin.s	f13,f5,f7	  f5:0x00000000  f7:0x7fc00000 f13=0x00000000
     306105.000 ns	     30609	800065f0	a0a19153	flt.s	x2,f3,f10	  f3:0xbf800000 f10:0x00000000  x2=0x00000001
     306475.000 ns	     30646	800065f4	039cef33	rem	x30,x25,x25	 x25:0x00000200 x25:0x00000200 x30=0x00000000
     306495.000 ns	     30648	800065f8	409fdab3	sra	x21,x31,x9	 x31:0x00000009  x9:0x00000000 x21=0x00000009
     306855.000 ns	     30684	800065fc	0240eab3	rem	x21,x1,x4	  x1:0x80041080  x4:0x00000001 x21=0x00000000
     306875.000 ns	     30686	80006600	002dd013	srli	x0,x27,0x2	 x27:0x00000000
     306885.000 ns	     30687	80006604	41d45413	srai	x8,x8,0x1d	  x8:0xffffffe2  x8=0xffffffff
     306905.000 ns	     30689	80006608	d00777d3	fcvt.s.w	f15,x14	 x14:0x00000001 f15=0x3f800000
     306935.000 ns	     30692	8000660c	a01c0553	fle.s	x10,f24,f1	 f24:0x00000000  f1:0x00000000 x10=0x00000001
     306955.000 ns	     30694	80006610	00000013	addi	x0,x0,0	  x0:0x00000000
     306965.000 ns	     30695	80006614	008a4f33	xor	x30,x20,x8	 x20:0x00000000  x8:0xffffffff x30=0xffffffff
     306985.000 ns	     30697	80006618	204984d3	fsgnj.s	f9,f19,f4	 f19:0x00000000  f4:0x00000000  f9=0x00000000
     307005.000 ns	     30699	8000661c	d700c713	xori	x14,x1,-656	  x1:0x80041080 x14=0x7ffbedf0
     307015.000 ns	     30700	80006620	000b05b3	add	x11,x22,x0	 x22:0xfffff4fc  x0:0x00000000 x11=0xfffff4fc
     307035.000 ns	     30702	80006624	025165b3	rem	x11,x2,x5	  x2:0x00000001  x5:0x00000000 x11=0x00000001
     307065.000 ns	     30705	80006628	03c3dc33	divu	x24,x7,x28	  x7:0x00000eca x28:0x00000000 x24=0xffffffff
     307085.000 ns	     30707	8000662c	bc8cfa93	andi	x21,x25,-1080	 x25:0x00000200 x21=0x00000200
     307105.000 ns	     30709	80006630	e00602d3	fmv.x.w	x5,f12	 f12:0xcefff7e1  x5=0xcefff7e1
     307135.000 ns	     30712	80006634	d000a2d3	fcvt.s.w	f5,x1	  x1:0x80041080  f5=0xcefff7df
     307155.000 ns	     30714	80006638	00000013	addi	x0,x0,0	  x0:0x00000000
     307175.000 ns	     30716	8000663c	02ea3633	mulhu	x12,x20,x14	 x20:0x00000000 x14:0x7ffbedf0 x12=0x00000000
     307205.000 ns	     30719	80006640	02248b33	mul	x22,x9,x2	  x9:0x00000000  x2:0x00000001 x22=0x00000000
     307235.000 ns	     30722	80006644	02621033	mulh	x0,x4,x6	  x4:0x00000001  x6:0x00000000
     307255.000 ns	     30724	80006648	003b4f33	xor	x30,x22,x3	 x22:0x00000000  x3:0x00000000 x30=0x00000000
     307265.000 ns	     30725	8000664c	e4b22237	lui	x4,0xe4b22	  x4=0xe4b22000
     307285.000 ns	     30727	80006650	024c2233	mulhsu	x4,x24,x4	 x24:0xffffffff  x4:0x00000001  x4=0xffffffff
     307305.000 ns	     30729	80006654	86fa7193	andi	x3,x20,-1937	 x20:0x00000000  x3=0x00000000
     307315.000 ns	     30730	80006658	01f50b33	add	x22,x10,x31	 x10:0x00000001 x31:0x00000009 x22=0x0000000a
     307325.000 ns	     30731	8000665c	03973837	lui	x16,0x3973	 x16=0x03973000
     307345.000 ns	     30733	80006660	29190053	fmin.s	f0,f18,f17	 f18:0x00000050 f17:0x6ca40b9c  f0=0x00000050
     307365.000 ns	     30735	80006664	72270213	addi	x4,x14,1826	 x14:0x7ffbedf0  x4=0x7ffbf512
     307385.000 ns	     30737	80006668	20ba8dd3	fsgnj.s	f27,f21,f11	 f21:0x7fc00000 f11:0xcefff7df f27=0xffc00000
     307405.000 ns	     30739	8000666c	0123ac33	slt	x24,x7,x18	  x7:0x00000eca x18:0x00000000 x24=0x00000000
     307435.000 ns	     30742	80006670	198ba8d3	fdiv.s	f17,f23,f24	 f23:0xcefff7df f24:0x00000000 f17=0xff800000
     307455.000 ns	     30744	80006674	763e7813	andi	x16,x28,1891	 x28:0x00000000 x16=0x00000000
     307475.000 ns	     30746	80006678	e0049b53	fclass.s	x22,f9	  f9:0x00000000 x22=0x00000010
     307495.000 ns	     30748	8000667c	3322ad13	slti	x26,x5,818	  x5:0xcefff7e1 x26=0x00000001
     307505.000 ns	     30749	80006680	01ec6eb3	or	x29,x24,x30	 x24:0x00000000 x30:0x00000000 x29=0x00000000
     307515.000 ns	     30750	80006684	014923b3	slt	x7,x18,x20	 x18:0x00000000 x20:0x00000000  x7=0x00000000
     307525.000 ns	     30751	80006688	ea0a7793	andi	x15,x20,-352	 x20:0x00000000 x15=0x00000000
     307545.000 ns	     30753	8000668c	02cd5833	divu	x16,x26,x12	 x26:0x00000001 x12:0x00000000 x16=0xffffffff
     307565.000 ns	     30755	80006690	be6dac97	auipc	x25,0xbe6da	 x25=0x3e6e0690
     307575.000 ns	     30756	80006694	015cc6b3	xor	x13,x25,x21	 x25:0x00000200 x21:0x00000200 x13=0x3e6e0490
     307595.000 ns	     30758	80006698	c00ec653	fcvt.w.s	x12,f29	 f29:0xcefff7df x12=0x80041080
     307625.000 ns	     30761	8000669c	20a014d3	fsgnjn.s	f9,f0,f10	  f0:0x00000050 f10:0x00000000  f9=0x80000050
     307645.000 ns	     30763	800066a0	3107ac13	slti	x24,x15,784	 x15:0x00000000 x24=0x00000001
     307655.000 ns	     30764	800066a4	413d5e33	sra	x28,x26,x19	 x26:0x00000001 x19:0x00000001 x28=0x00000000
     307695.000 ns	     30768	800066a8	0074f8d3	fadd.s	f17,f9,f7	  f9:0x80000050  f7:0x7fc00000 f17=0x7fc00000
     307725.000 ns	     30771	800066ac	20521f53	fsgnjn.s	f30,f4,f5	  f4:0x00000000  f5:0xcefff7df f30=0x00000000
     307745.000 ns	     30773	800066b0	2c450293	addi	x5,x10,708	 x10:0x00000001  x5=0x000002c5
     307755.000 ns	     30774	800066b4	ed043413	sltiu	x8,x8,-304	  x8:0xffffffff  x8=0x00000000
     307775.000 ns	     30776	800066b8	29660753	fmin.s	f14,f12,f22	 f12:0xcefff7e1 f22:0x43183a19 f14=0xcefff7e1
     307795.000 ns	     30778	800066bc	0029d393	srli	x7,x19,0x2	 x19:0x00000001  x7=0x00000000
     307815.000 ns	     30780	800066c0	e0021453	fclass.s	x8,f4	  f4:0x00000000  x8=0x00000010
     307835.000 ns	     30782	800066c4	376fda17	auipc	x20,0x376fd	 x20=0xb77036c4
     307865.000 ns	     30785	800066c8	19041f53	fdiv.s	f30,f8,f16	  f8:0x43183a19 f16:0x7fc00000 f30=0x7fc00000
     307895.000 ns	     30788	800066cc	28591fd3	fmax.s	f31,f18,f5	 f18:0x00000050  f5:0xcefff7df f31=0x00000050
     307915.000 ns	     30790	800066d0	007cd513	srli	x10,x25,0x7	 x25:0x3e6e0690 x10=0x007cdc0d
     307935.000 ns	     30792	800066d4	03c90733	mul	x14,x18,x28	 x18:0x00000000 x28:0x00000000 x14=0x00000000
     307955.000 ns	     30794	800066d8	b58ce813	ori	x16,x25,-1192	 x25:0x3e6e0690 x16=0xffffffd8
     307965.000 ns	     30795	800066dc	4fda8ab7	lui	x21,0x4fda8	 x21=0x4fda8000
     307975.000 ns	     30796	800066e0	786b8a97	auipc	x21,0x786b8	 x21=0xf86be6e0
     308335.000 ns	     30832	800066e4	025cf733	remu	x14,x25,x5	 x25:0x3e6e0690  x5:0x000002c5 x14=0x00000083
     308355.000 ns	     30834	800066e8	01121633	sll	x12,x4,x17	  x4:0x7ffbf512 x17:0x80040fe4 x12=0xffbf5120
     308375.000 ns	     30836	800066ec	21cd1b53	fsgnjn.s	f22,f26,f28	 f26:0x7fc00000 f28:0xcf7ff7e0 f22=0x7fc00000
     308405.000 ns	     30839	800066f0	a1a7a353	feq.s	x6,f15,f26	 f15:0x3f800000 f26:0x7fc00000  x6=0x00000000
     308435.000 ns	     30842	800066f4	e0098153	fmv.x.w	x2,f19	 f19:0x00000000  x2=0x00000000
     308475.000 ns	     30846	800066f8	580a4dd3	fsqrt.s	f27,f20	 f20:0x00000000 f27=0x00000000
     308515.000 ns	     30850	800066fc	580a15d3	fsqrt.s	f11,f20	 f20:0x00000000 f11=0x00000000
     308535.000 ns	     30852	80006700	007710b3	sll	x1,x14,x7	 x14:0x00000083  x7:0x00000000  x1=0x00000083
     308545.000 ns	     30853	80006704	01f21213	slli	x4,x4,0x1f	  x4:0x7ffbf512  x4=0x00000000
     308575.000 ns	     30856	80006708	100713d3	fmul.s	f7,f14,f0	 f14:0xcefff7e1  f0:0x00000050  f7=0x879ffaec
     308945.000 ns	     30893	8000670c	02c769b3	rem	x19,x14,x12	 x14:0x00000083 x12:0xffbf5120 x19=0x00000083
     308975.000 ns	     30896	80006710	21d78053	fsgnj.s	f0,f15,f29	 f15:0x3f800000 f29:0xcefff7df  f0=0xbf800000
     309005.000 ns	     30899	80006714	e0071353	fclass.s	x6,f14	 f14:0xcefff7e1  x6=0x00000002
     309025.000 ns	     30901	80006718	00e21233	sll	x4,x4,x14	  x4:0x00000000 x14:0x00000083  x4=0x00000000
     309035.000 ns	     30902	8000671c	40f501b3	sub	x3,x10,x15	 x10:0x007cdc0d x15:0x00000000  x3=0x007cdc0d
     309045.000 ns	     30903	80006720	01141193	slli	x3,x8,0x11	  x8:0x00000010  x3=0x00200000
     309065.000 ns	     30905	80006724	e0060ad3	fmv.x.w	x21,f12	 f12:0xcefff7e1 x21=0xcefff7e1
     309095.000 ns	     30908	80006728	d01b3c53	fcvt.s.wu	f24,x22	 x22:0x00000010 f24=0x41800000
     309145.000 ns	     30913	8000672c	0837c3d3	fsub.s	f7,f15,f3	 f15:0x3f800000  f3:0xbf800000  f7=0x40000000
     309165.000 ns	     30915	80006730	009f0d33	add	x26,x30,x9	 x30:0x00000000  x9:0x00000000 x26=0x00000000
     309185.000 ns	     30917	80006734	d01efe53	fcvt.s.wu	f28,x29	 x29:0x00000000 f28=0x00000000
     309205.000 ns	     30919	80006738	b170fe93	andi	x29,x1,-1257	  x1:0x00000083 x29=0x00000003
     309215.000 ns	     30920	8000673c	3226c313	xori	x6,x13,802	 x13:0x3e6e0490  x6=0x3e6e07b2
     309235.000 ns	     30922	80006740	d00375d3	fcvt.s.w	f11,x6	  x6:0x00000002 f11=0x4e79b81e
     309605.000 ns	     30959	80006744	02bb5a33	divu	x20,x22,x11	 x22:0x00000010 x11:0x00000001 x20=0x00000010
     309975.000 ns	     30996	80006748	02637b33	remu	x22,x6,x6	  x6:0x3e6e07b2  x6:0x3e6e07b2 x22=0x00000000
     309995.000 ns	     30998	8000674c	01c3d393	srli	x7,x7,0x1c	  x7:0x00000000  x7=0x00000000
     310355.000 ns	     31034	80006750	02c1c433	div	x8,x3,x12	  x3:0x00200000 x12:0xffbf5120  x8=0x00000000
     310375.000 ns	     31036	80006754	92e03137	lui	x2,0x92e03	  x2=0x92e03000
     310385.000 ns	     31037	80006758	01510d33	add	x26,x2,x21	  x2:0x00000000 x21:0xcefff7e1 x26=0x61e027e1
     310405.000 ns	     31039	8000675c	29ec05d3	fmin.s	f11,f24,f30	 f24:0x41800000 f30:0x7fc00000 f11=0x41800000
     310445.000 ns	     31043	80006760	580b2853	fsqrt.s	f16,f22	 f22:0x7fc00000 f16=0x7fc00000
     310465.000 ns	     31045	80006764	404b8f33	sub	x30,x23,x4	 x23:0x80041024  x4:0x00000000 x30=0x80041024
     310475.000 ns	     31046	80006768	00027a33	and	x20,x4,x0	  x4:0x00000000  x0:0x00000000 x20=0x00000000
     310495.000 ns	     31048	8000676c	f00f0253	fmv.w.x	f4,x30	 x30:0x00000000  f4=0x80041024
     310525.000 ns	     31051	80006770	20e00853	fsgnj.s	f16,f0,f14	  f0:0xbf800000 f14:0xcefff7e1 f16=0xbf800000
     310545.000 ns	     31053	80006774	d0a34313	xori	x6,x6,-758	  x6:0x3e6e07b2  x6=0xc191fab8
     310555.000 ns	     31054	80006778	01cb4a33	xor	x20,x22,x28	 x22:0x00000000 x28:0x00000000 x20=0x00000000
     310565.000 ns	     31055	8000677c	0070f9b3	and	x19,x1,x7	  x1:0x00000083  x7:0x00000000 x19=0x00000000
     310575.000 ns	     31056	80006780	856b8193	addi	x3,x23,-1962	 x23:0x80041024  x3=0x8004087a
     310615.000 ns	     31060	80006784	01869153	fadd.s	f2,f13,f24	 f13:0x00000000 f24:0x41800000  f2=0x41800000
     310645.000 ns	     31063	80006788	e00319d3	fclass.s	x19,f6	  f6:0x7fc00000 x19=0x00000200
     310675.000 ns	     31066	8000678c	c00682d3	fcvt.w.s	x5,f13	 f13:0x00000000  x5=0x00000000
     310705.000 ns	     31069	80006790	d0098953	fcvt.s.w	f18,x19	 x19:0x00000200 f18=0x44000000
     310735.000 ns	     31072	80006794	020bae33	mulhsu	x28,x23,x0	 x23:0x80041024  x0:0x00000000 x28=0x00000000
     310755.000 ns	     31074	80006798	009f9d13	slli	x26,x31,0x9	 x31:0x00000009 x26=0x00001200
     310775.000 ns	     31076	8000679c	02f47c33	remu	x24,x8,x15	  x8:0x00000000 x15:0x00000000 x24=0x00000000
     310805.000 ns	     31079	800067a0	20290ed3	fsgnj.s	f29,f18,f2	 f18:0x44000000  f2:0x41800000 f29=0x44000000
     310825.000 ns	     31081	800067a4	00000013	addi	x0,x0,0	  x0:0x00000000
     310845.000 ns	     31083	800067a8	033eb0b3	mulhu	x1,x29,x19	 x29:0x00000003 x19:0x00000200  x1=0x00000000
     310875.000 ns	     31086	800067ac	d00d4253	fcvt.s.w	f4,x26	 x26:0x00001200  f4=0x45900000
     310895.000 ns	     31088	800067b0	009d9e93	slli	x29,x27,0x9	 x27:0x00000000 x29=0x00000000
     310915.000 ns	     31090	800067b4	e00587d3	fmv.x.w	x15,f11	 f11:0x41800000 x15=0x41800000
     310935.000 ns	     31092	800067b8	60fa3e37	lui	x28,0x60fa3	 x28=0x60fa3000
     310955.000 ns	     31094	800067bc	02369f33	mulh	x30,x13,x3	 x13:0x3e6e0490  x3:0x8004087a x30=0xe0c9f981
     310985.000 ns	     31097	800067c0	a0452e53	feq.s	x28,f10,f4	 f10:0x00000000  f4:0x45900000 x28=0x00000000
     311005.000 ns	     31099	800067c4	405804b3	sub	x9,x16,x5	 x16:0xffffffd8  x5:0x00000000  x9=0xffffffd8
     311025.000 ns	     31101	800067c8	d00632d3	fcvt.s.w	f5,x12	 x12:0xffbf5120  f5=0xca815dc0
     311045.000 ns	     31103	800067cc	005adcb3	srl	x25,x21,x5	 x21:0xcefff7e1  x5:0x00000000 x25=0xcefff7e1
     311065.000 ns	     31105	800067d0	207ea153	fsgnjx.s	f2,f29,f7	 f29:0x44000000  f7:0x40000000  f2=0x44000000
     311095.000 ns	     31108	800067d4	c0063ed3	fcvt.w.s	x29,f12	 f12:0xcefff7e1 x29=0x80040f80
     311145.000 ns	     31113	800067d8	08500c53	fsub.s	f24,f0,f5	  f0:0xbf800000  f5:0xca815dc0 f24=0x4a815dbe
     311175.000 ns	     31116	800067dc	c0117c53	fcvt.wu.s	x24,f2	  f2:0x44000000 x24=0x00000200
     311205.000 ns	     31119	800067e0	038d8533	mul	x10,x27,x24	 x27:0x00000000 x24:0x00000000 x10=0x00000000
     311235.000 ns	     31122	800067e4	d012fad3	fcvt.s.wu	f21,x5	  x5:0x00000000 f21=0x00000000
     311255.000 ns	     31124	800067e8	590a4013	xori	x0,x20,1424	 x20:0x00000000
     311265.000 ns	     31125	800067ec	00ef6833	or	x16,x30,x14	 x30:0xe0c9f981 x14:0x00000083 x16=0xe0c9f983
     311275.000 ns	     31126	800067f0	22046b13	ori	x22,x8,544	  x8:0x00000000 x22=0x00000220
     311285.000 ns	     31127	800067f4	414cd5b3	sra	x11,x25,x20	 x25:0xcefff7e1 x20:0x00000000 x11=0xcefff7e1
     311295.000 ns	     31128	800067f8	f36d4c13	xori	x24,x26,-202	 x26:0x00001200 x24=0xffffed36
     311315.000 ns	     31130	800067fc	a0278553	fle.s	x10,f15,f2	 f15:0x3f800000  f2:0x44000000 x10=0x00000001
     311345.000 ns	     31133	80006800	e0020b53	fmv.x.w	x22,f4	  f4:0x45900000 x22=0x45900000
     311385.000 ns	     31137	80006804	19eb8e53	fdiv.s	f28,f23,f30	 f23:0xcefff7df f30:0x7fc00000 f28=0x7fc00000
     311415.000 ns	     31140	80006808	f0060fd3	fmv.w.x	f31,x12	 x12:0xffbf5120 f31=0xffbf5120
     311435.000 ns	     31142	8000680c	10068393	addi	x7,x13,256	 x13:0x3e6e0490  x7=0x3e6e0590
     311445.000 ns	     31143	80006810	40e4df33	sra	x30,x9,x14	  x9:0xffffffd8 x14:0x00000083 x30=0xfffffffb
     311455.000 ns	     31144	80006814	3d582f13	slti	x30,x16,981	 x16:0xe0c9f983 x30=0x00000001
     311465.000 ns	     31145	80006818	419002b3	sub	x5,x0,x25	  x0:0x00000000 x25:0xcefff7e1  x5=0x3100081f
     311485.000 ns	     31147	8000681c	a18fa4d3	feq.s	x9,f31,f24	 f31:0xffbf5120 f24:0x4a815dbe  x9=0x00000000
     311505.000 ns	     31149	80006820	704c8813	addi	x16,x25,1796	 x25:0xcefff7e1 x16=0xcefffee5
     311515.000 ns	     31150	80006824	1d2c7f13	andi	x30,x24,466	 x24:0xffffed36 x30=0x00000112
     311535.000 ns	     31152	80006828	29eb0ad3	fmin.s	f21,f22,f30	 f22:0x7fc00000 f30:0x7fc00000 f21=0x7fc00000
     311905.000 ns	     31189	8000682c	02d24cb3	div	x25,x4,x13	  x4:0x00000000 x13:0x3e6e0490 x25=0x00000000
     311935.000 ns	     31192	80006830	a0251e53	flt.s	x28,f10,f2	 f10:0x00000000  f2:0x44000000 x28=0x00000001
     311965.000 ns	     31195	80006834	21ae99d3	fsgnjn.s	f19,f29,f26	 f29:0x44000000 f26:0x7fc00000 f19=0xc4000000
     311985.000 ns	     31197	80006838	00000013	addi	x0,x0,0	  x0:0x00000000
     312005.000 ns	     31199	8000683c	20499153	fsgnjn.s	f2,f19,f4	 f19:0xc4000000  f4:0x45900000  f2=0xc4000000
     312035.000 ns	     31202	80006840	e0089a53	fclass.s	x20,f17	 f17:0x7fc00000 x20=0x00000200
     313215.000 ns	     31320	80006844	580ec2d3	fsqrt.s	f5,f29	 f29:0x44000000  f5=0x41350482
     313245.000 ns	     31323	80006848	a03f1e53	flt.s	x28,f30,f3	 f30:0x7fc00000  f3:0xbf800000 x28=0x00000000
     313295.000 ns	     31328	8000684c	01ae0dd3	fadd.s	f27,f28,f26	 f28:0x7fc00000 f26:0x7fc00000 f27=0x7fc00000
     313315.000 ns	     31330	80006850	01809233	sll	x4,x1,x24	  x1:0x00000000 x24:0xffffed36  x4=0x00000000
     313325.000 ns	     31331	80006854	00865f13	srli	x30,x12,0x8	 x12:0xffbf5120 x30=0x00ffbf51
     313345.000 ns	     31333	80006858	a1d3a253	feq.s	x4,f7,f29	  f7:0x40000000 f29:0x44000000  x4=0x00000000
     313365.000 ns	     31335	8000685c	01d2e5b3	or	x11,x5,x29	  x5:0x3100081f x29:0x80040f80 x11=0xb1040f9f
     313375.000 ns	     31336	80006860	409bd833	sra	x16,x23,x9	 x23:0x80041024  x9:0x00000000 x16=0x80041024
     313385.000 ns	     31337	80006864	01c1b533	sltu	x10,x3,x28	  x3:0x8004087a x28:0x00000000 x10=0x00000000
     313415.000 ns	     31340	80006868	10427353	fmul.s	f6,f4,f4	  f4:0x45900000  f4:0x45900000  f6=0x4ba20000
     313785.000 ns	     31377	8000686c	02d4c9b3	div	x19,x9,x13	  x9:0x00000000 x13:0x3e6e0490 x19=0x00000000
     313815.000 ns	     31380	80006870	f0090cd3	fmv.w.x	f25,x18	 x18:0x00000000 f25=0x00000000
     313835.000 ns	     31382	80006874	00b3dc13	srli	x24,x7,0xb	  x7:0x3e6e0590 x24=0x0007cdc0
     313855.000 ns	     31384	80006878	0323e0b3	rem	x1,x7,x18	  x7:0x3e6e0590 x18:0x00000000  x1=0x3e6e0590
     313875.000 ns	     31386	8000687c	00000013	addi	x0,x0,0	  x0:0x00000000
     313915.000 ns	     31390	80006880	003b7dd3	fadd.s	f27,f22,f3	 f22:0x7fc00000  f3:0xbf800000 f27=0x7fc00000
     313945.000 ns	     31393	80006884	28d61ed3	fmax.s	f29,f12,f13	 f12:0xcefff7e1 f13:0x00000000 f29=0x00000000
     313995.000 ns	     31398	80006888	00ff8c53	fadd.s	f24,f31,f15	 f31:0xffbf5120 f15:0x3f800000 f24=0x7fc00000
     314365.000 ns	     31435	8000688c	03467cb3	remu	x25,x12,x20	 x12:0xffbf5120 x20:0x00000200 x25=0x00000120
     314395.000 ns	     31438	80006890	c0181553	fcvt.wu.s	x10,f16	 f16:0xbf800000 x10=0x00000001
     314425.000 ns	     31441	80006894	a0b19cd3	flt.s	x25,f3,f11	  f3:0xbf800000 f11:0x41800000 x25=0x00000001
     314455.000 ns	     31444	80006898	0394bdb3	mulhu	x27,x9,x25	  x9:0x00000000 x25:0x00000120 x27=0x00000000
     314485.000 ns	     31447	8000689c	a1839c53	flt.s	x24,f7,f24	  f7:0x40000000 f24:0x7fc00000 x24=0x00000000
     314515.000 ns	     31450	800068a0	21a22053	fsgnjx.s	f0,f4,f26	  f4:0x45900000 f26:0x7fc00000  f0=0x45900000
     314545.000 ns	     31453	800068a4	28da1fd3	fmax.s	f31,f20,f13	 f20:0x00000000 f13:0x00000000 f31=0x00000000
     314575.000 ns	     31456	800068a8	d0157453	fcvt.s.wu	f8,x10	 x10:0x00000001  f8=0x3f800000
     314605.000 ns	     31459	800068ac	a0620a53	fle.s	x20,f4,f6	  f4:0x45900000  f6:0x4ba20000 x20=0x00000001
     314625.000 ns	     31461	800068b0	33af5797	auipc	x15,0x33af5	 x15=0xb3afb8b0
     314635.000 ns	     31462	800068b4	128e8d93	addi	x27,x29,296	 x29:0x80040f80 x27=0x800410a8
     314655.000 ns	     31464	800068b8	03911d33	mulh	x26,x2,x25	  x2:0x92e03000 x25:0x00000001 x26=0xffffffff
     314675.000 ns	     31466	800068bc	ef6a3393	sltiu	x7,x20,-266	 x20:0x00000001  x7=0x00000001
     314695.000 ns	     31468	800068c0	f00580d3	fmv.w.x	f1,x11	 x11:0xb1040f9f  f1=0xb1040f9f
     314715.000 ns	     31470	800068c4	01750cb3	add	x25,x10,x23	 x10:0x00000001 x23:0x80041024 x25=0x80041025
     314725.000 ns	     31471	800068c8	beeee413	ori	x8,x29,-1042	 x29:0x80040f80  x8=0xffffffee
     315085.000 ns	     31507	800068cc	02655833	divu	x16,x10,x6	 x10:0x00000001  x6:0xc191fab8 x16=0x00000000
     315115.000 ns	     31510	800068d0	c01bfc53	fcvt.wu.s	x24,f23	 f23:0xcefff7df x24=0x7ffbef80
     315145.000 ns	     31513	800068d4	f00409d3	fmv.w.x	f19,x8	  x8:0xffffffee f19=0xffffffee
     315175.000 ns	     31516	800068d8	c005f353	fcvt.w.s	x6,f11	 f11:0x41800000  x6=0x00000010
     315195.000 ns	     31518	800068dc	01f170b3	and	x1,x2,x31	  x2:0x92e03000 x31:0x00000009  x1=0x00000000
     315205.000 ns	     31519	800068e0	00f43f33	sltu	x30,x8,x15	  x8:0xffffffee x15:0xb3afb8b0 x30=0x00000000
     315225.000 ns	     31521	800068e4	e00b0053	fmv.x.w	x0,f22	 f22:0x7fc00000
     315255.000 ns	     31524	800068e8	c004f453	fcvt.w.s	x8,f9	  f9:0x80000050  x8=0x00000000
     315275.000 ns	     31526	800068ec	a1903c17	auipc	x24,0xa1903	 x24=0x219098ec
     315295.000 ns	     31528	800068f0	03522db3	mulhsu	x27,x4,x21	  x4:0x00000000 x21:0xcefff7e1 x27=0x00000000
     315315.000 ns	     31530	800068f4	016106b3	add	x13,x2,x22	  x2:0x92e03000 x22:0x45900000 x13=0xd8703000
     315335.000 ns	     31532	800068f8	a1920e53	fle.s	x28,f4,f25	  f4:0x45900000 f25:0x00000000 x28=0x00000000
     315365.000 ns	     31535	800068fc	02e7ab33	mulhsu	x22,x15,x14	 x15:0xb3afb8b0 x14:0x00000083 x22=0xffffffd8
     315385.000 ns	     31537	80006900	0168f733	and	x14,x17,x22	 x17:0x80040fe4 x22:0x45900000 x14=0x80040fc0
     315395.000 ns	     31538	80006904	003d10b3	sll	x1,x26,x3	 x26:0xffffffff  x3:0x8004087a  x1=0xfc000000
     315405.000 ns	     31539	80006908	0077c633	xor	x12,x15,x7	 x15:0xb3afb8b0  x7:0x00000001 x12=0xb3afb8b1
     315445.000 ns	     31543	8000690c	09e8f5d3	fsub.s	f11,f17,f30	 f17:0x7fc00000 f30:0x7fc00000 f11=0x7fc00000
     315465.000 ns	     31545	80006910	6f8eba93	sltiu	x21,x29,1784	 x29:0x80040f80 x21=0x00000000
     315475.000 ns	     31546	80006914	fcb61b17	auipc	x22,0xfcb61	 x22=0x7cb67914
     315495.000 ns	     31548	80006918	02ef3133	mulhu	x2,x30,x14	 x30:0x00000000 x14:0x80040fc0  x2=0x00000000
     315545.000 ns	     31553	8000691c	098bc6d3	fsub.s	f13,f23,f24	 f23:0xcefff7df f24:0x7fc00000 f13=0x7fc00000
     315575.000 ns	     31556	80006920	d00317d3	fcvt.s.w	f15,x6	  x6:0x00000010 f15=0x41800000
     315595.000 ns	     31558	80006924	9a1820b7	lui	x1,0x9a182	  x1=0x9a182000
     315955.000 ns	     31594	80006928	0397d033	divu	x0,x15,x25	 x15:0xb3afb8b0 x25:0x80041025
     315985.000 ns	     31597	8000692c	023d9f33	mulh	x30,x27,x3	 x27:0x00000000  x3:0x8004087a x30=0x00000000
     316005.000 ns	     31599	80006930	01c23ab3	sltu	x21,x4,x28	  x4:0x00000000 x28:0x00000000 x21=0x00000000
     316015.000 ns	     31600	80006934	00000013	addi	x0,x0,0	  x0:0x00000000
     316025.000 ns	     31601	80006938	01d8f833	and	x16,x17,x29	 x17:0x80040fe4 x29:0x80040f80 x16=0x80040f80
     316045.000 ns	     31603	8000693c	d01ef153	fcvt.s.wu	f2,x29	 x29:0x80040f80  f2=0x4f00040f
     316075.000 ns	     31606	80006940	e0071053	fclass.s	x0,f14	 f14:0xcefff7e1
     316095.000 ns	     31608	80006944	d00b0a93	addi	x21,x22,-768	 x22:0x7cb67914 x21=0x7cb67614
     316115.000 ns	     31610	80006948	a0109f53	flt.s	x30,f1,f1	  f1:0xb1040f9f  f1:0xb1040f9f x30=0x00000000
     316135.000 ns	     31612	8000694c	0158adb3	slt	x27,x17,x21	 x17:0x80040fe4 x21:0x00000000 x27=0x00000001
     316155.000 ns	     31614	80006950	c019f4d3	fcvt.wu.s	x9,f19	 f19:0xffffffee  x9=0xffffffff
     316525.000 ns	     31651	80006954	03dff733	remu	x14,x31,x29	 x31:0x00000009 x29:0x80040f80 x14=0x00000009
     316555.000 ns	     31654	80006958	c016b3d3	fcvt.wu.s	x7,f13	 f13:0x7fc00000  x7=0xffffffff
     316575.000 ns	     31656	8000695c	ebbdf913	andi	x18,x27,-325	 x27:0x00000001 x18=0x00000001
     316585.000 ns	     31657	80006960	0181ad33	slt	x26,x3,x24	  x3:0x8004087a x24:0x219098ec x26=0x00000001
     316605.000 ns	     31659	80006964	c011fd53	fcvt.wu.s	x26,f3	  f3:0xbf800000 x26=0x00000001
     316625.000 ns	     31661	80006968	002adcb3	srl	x25,x21,x2	 x21:0x7cb67614  x2:0x00000000 x25=0x7cb67614
     316645.000 ns	     31663	8000696c	214792d3	fsgnjn.s	f5,f15,f20	 f15:0x41800000 f20:0x00000000  f5=0xc1800000
     316665.000 ns	     31665	80006970	0036c2b3	xor	x5,x13,x3	 x13:0xd8703000  x3:0x8004087a  x5=0x5874387a
     316685.000 ns	     31667	80006974	02519033	mulh	x0,x3,x5	  x3:0x8004087a  x5:0x3100081f
     316705.000 ns	     31669	80006978	00711633	sll	x12,x2,x7	  x2:0x00000000  x7:0xffffffff x12=0x00000000
     316725.000 ns	     31671	8000697c	29ed15d3	fmax.s	f11,f26,f30	 f26:0x7fc00000 f30:0x7fc00000 f11=0x7fc00000
     316745.000 ns	     31673	80006980	00a89813	slli	x16,x17,0xa	 x17:0x80040fe4 x16=0x103f9000
     316755.000 ns	     31674	80006984	c542b5b7	lui	x11,0xc542b	 x11=0xc542b000
     316765.000 ns	     31675	80006988	019389b3	add	x19,x7,x25	  x7:0xffffffff x25:0x7cb67614 x19=0x7cb67613
     316785.000 ns	     31677	8000698c	020e31b3	mulhu	x3,x28,x0	 x28:0x00000000  x0:0x00000000  x3=0x00000000
     316805.000 ns	     31679	80006990	012f74b3	and	x9,x30,x18	 x30:0x00000000 x18:0x00000001  x9=0x00000000
     316815.000 ns	     31680	80006994	01fd2e33	slt	x28,x26,x31	 x26:0x00000001 x31:0x00000009 x28=0x00000001
     316835.000 ns	     31682	80006998	f0098dd3	fmv.w.x	f27,x19	 x19:0x7cb67613 f27=0x7cb67613
     316865.000 ns	     31685	8000699c	21900ed3	fsgnj.s	f29,f0,f25	  f0:0x45900000 f25:0x00000000 f29=0x45900000
     316895.000 ns	     31688	800069a0	290e1bd3	fmax.s	f23,f28,f16	 f28:0x7fc00000 f16:0xbf800000 f23=0xbf800000
     316925.000 ns	     31691	800069a4	02247833	remu	x16,x8,x2	  x8:0x00000000  x2:0x00000000 x16=0x00000000
     316945.000 ns	     31693	800069a8	6242f693	andi	x13,x5,1572	  x5:0x5874387a x13=0x00000020
     316955.000 ns	     31694	800069ac	00a3c433	xor	x8,x7,x10	  x7:0xffffffff x10:0x00000001  x8=0xfffffffe
     316975.000 ns	     31696	800069b0	a161a1d3	feq.s	x3,f3,f22	  f3:0xbf800000 f22:0x7fc00000  x3=0x00000000
     317015.000 ns	     31700	800069b4	185c4f53	fdiv.s	f30,f24,f5	 f24:0x7fc00000  f5:0xc1800000 f30=0x7fc00000
     317035.000 ns	     31702	800069b8	0172d113	srli	x2,x5,0x17	  x5:0x5874387a  x2=0x000000b0
     317045.000 ns	     31703	800069bc	d55b7197	auipc	x3,0xd55b7	  x3=0x555bd9bc
     317055.000 ns	     31704	800069c0	1e708437	lui	x8,0x1e708	  x8=0x1e708000
     317065.000 ns	     31705	800069c4	b363e913	ori	x18,x7,-1226	  x7:0xffffffff x18=0xffffffff
     317075.000 ns	     31706	800069c8	d6d6f213	andi	x4,x13,-659	 x13:0x00000020  x4=0x00000020
     317105.000 ns	     31709	800069cc	191d74d3	fdiv.s	f9,f26,f17	 f26:0x7fc00000 f17:0x7fc00000  f9=0x7fc00000
     317135.000 ns	     31712	800069d0	0279a2b3	mulhsu	x5,x19,x7	 x19:0x7cb67613  x7:0xffffffff  x5=0x7cb67612
     317165.000 ns	     31715	800069d4	e0018ed3	fmv.x.w	x29,f3	  f3:0xbf800000 x29=0xbf800000
     317195.000 ns	     31718	800069d8	d0157e53	fcvt.s.wu	f28,x10	 x10:0x00000001 f28=0x3f800000
     317565.000 ns	     31755	800069dc	03c4cc33	div	x24,x9,x28	  x9:0x00000000 x28:0x00000001 x24=0x00000000
     317585.000 ns	     31757	800069e0	00f74a33	xor	x20,x14,x15	 x14:0x00000009 x15:0xb3afb8b0 x20=0xb3afb8b9
     317595.000 ns	     31758	800069e4	010c5e33	srl	x28,x24,x16	 x24:0x00000000 x16:0x00000000 x28=0x00000000
     317615.000 ns	     31760	800069e8	c01641d3	fcvt.wu.s	x3,f12	 f12:0xcefff7e1  x3=0x7ffbf080
     317645.000 ns	     31763	800069ec	e00c13d3	fclass.s	x7,f24	 f24:0x7fc00000  x7=0x00000200
     317675.000 ns	     31766	800069f0	d0027353	fcvt.s.w	f6,x4	  x4:0x00000020  f6=0x42000000
     317705.000 ns	     31769	800069f4	02fc9533	mulh	x10,x25,x15	 x25:0x7cb67614 x15:0xb3afb8b0 x10=0xdad2b92f
     318075.000 ns	     31806	800069f8	027474b3	remu	x9,x8,x7	  x8:0x1e708000  x7:0x00000200  x9=0x00000000
     318105.000 ns	     31809	800069fc	028932b3	mulhu	x5,x18,x8	 x18:0xffffffff  x8:0x1e708000  x5=0x1e707fff
     318135.000 ns	     31812	80006a00	c000f853	fcvt.w.s	x16,f1	  f1:0xb1040f9f x16=0x00000000
     318165.000 ns	     31815	80006a04	28f18353	fmin.s	f6,f3,f15	  f3:0xbf800000 f15:0x41800000  f6=0xbf800000
     318535.000 ns	     31852	80006a08	0365e4b3	rem	x9,x11,x22	 x11:0xc542b000 x22:0x7cb67914  x9=0xc542b000
     318875.000 ns	     31886	80006a0c	19c675d3	fdiv.s	f11,f12,f28	 f12:0xcefff7e1 f28:0x3f800000 f11=0xcefff719
     318895.000 ns	     31888	80006a10	2a16a037	lui	x0,0x2a16a	
     318915.000 ns	     31890	80006a14	29579253	fmax.s	f4,f15,f21	 f15:0x41800000 f21:0x7fc00000  f4=0x41800000
     318945.000 ns	     31893	80006a18	a12612d3	flt.s	x5,f12,f18	 f12:0xcefff7e1 f18:0x44000000  x5=0x00000001
     318965.000 ns	     31895	80006a1c	00d1a633	slt	x12,x3,x13	  x3:0x7ffbf080 x13:0x00000020 x12=0x00000000
     319325.000 ns	     31931	80006a20	021d4c33	div	x24,x26,x1	 x26:0x00000001  x1:0x9a182000 x24=0x00000000
     319345.000 ns	     31933	80006a24	8d0cba13	sltiu	x20,x25,-1840	 x25:0x7cb67614 x20=0x00000001
     319355.000 ns	     31934	80006a28	01bfd513	srli	x10,x31,0x1b	 x31:0x00000009 x10=0x00000000
     319395.000 ns	     31938	80006a2c	08350553	fsub.s	f10,f10,f3	 f10:0x00000000  f3:0xbf800000 f10=0x3f800000
     319445.000 ns	     31943	80006a30	019a1c53	fadd.s	f24,f20,f25	 f20:0x00000000 f25:0x00000000 f24=0x00000000
     319475.000 ns	     31946	80006a34	03318033	mul	x0,x3,x19	  x3:0x7ffbf080 x19:0x7cb67613
     319505.000 ns	     31949	80006a38	d00991d3	fcvt.s.w	f3,x19	 x19:0x7cb67613  f3=0x4ef96cec
     319525.000 ns	     31951	80006a3c	01e00733	add	x14,x0,x30	  x0:0x00000000 x30:0x00000000 x14=0x00000000
     319545.000 ns	     31953	80006a40	f00c0d53	fmv.w.x	f26,x24	 x24:0x00000000 f26=0x00000000
     319565.000 ns	     31955	80006a44	40168033	sub	x0,x13,x1	 x13:0x00000020  x1:0x9a182000
     319575.000 ns	     31956	80006a48	01eb6333	or	x6,x22,x30	 x22:0x7cb67914 x30:0x00000000  x6=0x7cb67914
     319595.000 ns	     31958	80006a4c	e0059153	fclass.s	x2,f11	 f11:0xcefff719  x2=0x00000002
     319645.000 ns	     31963	80006a50	01fea453	fadd.s	f8,f29,f31	 f29:0x45900000 f31:0x00000000  f8=0x45900000
     319665.000 ns	     31965	80006a54	d722e993	ori	x19,x5,-654	  x5:0x00000001 x19=0xfffffd73
     319685.000 ns	     31967	80006a58	03e3ce33	div	x28,x7,x30	  x7:0x00000200 x30:0x00000000 x28=0xffffffff
     319715.000 ns	     31970	80006a5c	c013fcd3	fcvt.wu.s	x25,f7	  f7:0x40000000 x25=0x00000002
     319735.000 ns	     31972	80006a60	51348217	auipc	x4,0x51348	  x4=0xd134ea60
     319745.000 ns	     31973	80006a64	13fb3693	sltiu	x13,x22,319	 x22:0x7cb67914 x13=0x00000000
     319765.000 ns	     31975	80006a68	020a9833	mulh	x16,x21,x0	 x21:0x7cb67614  x0:0x00000000 x16=0x00000000
     319785.000 ns	     31977	80006a6c	000e3133	sltu	x2,x28,x0	 x28:0xffffffff  x0:0x00000000  x2=0x00000000
     320145.000 ns	     32013	80006a70	03cfe3b3	rem	x7,x31,x28	 x31:0x00000009 x28:0xffffffff  x7=0x00000000
     320185.000 ns	     32017	80006a74	10befdd3	fmul.s	f27,f29,f11	 f29:0x45900000 f11:0xcefff719 f27=0xd50ffafe
     320205.000 ns	     32019	80006a78	019d9533	sll	x10,x27,x25	 x27:0x00000001 x25:0x00000002 x10=0x00000004
     320225.000 ns	     32021	80006a7c	a1919f53	flt.s	x30,f3,f25	  f3:0x4ef96cec f25:0x00000000 x30=0x00000000
     320595.000 ns	     32058	80006a80	03bd5533	divu	x10,x26,x27	 x26:0x00000001 x27:0x00000001 x10=0x00000001
     320615.000 ns	     32060	80006a84	01932c33	slt	x24,x6,x25	  x6:0x7cb67914 x25:0x00000002 x24=0x00000000
     320635.000 ns	     32062	80006a88	03888a33	mul	x20,x17,x24	 x17:0x80040fe4 x24:0x00000000 x20=0x00000000
     320665.000 ns	     32065	80006a8c	c00876d3	fcvt.w.s	x13,f16	 f16:0xbf800000 x13=0x00000001
     320715.000 ns	     32070	80006a90	089ff553	fsub.s	f10,f31,f9	 f31:0x00000000  f9:0x7fc00000 f10=0x7fc00000
     320745.000 ns	     32073	80006a94	03e4bcb3	mulhu	x25,x9,x30	  x9:0xc542b000 x30:0x00000000 x25=0x00000000
     320775.000 ns	     32076	80006a98	a00d0ed3	fle.s	x29,f26,f0	 f26:0x00000000  f0:0x45900000 x29=0x00000001
     320805.000 ns	     32079	80006a9c	283081d3	fmin.s	f3,f1,f3	  f1:0xb1040f9f  f3:0x4ef96cec  f3=0xb1040f9f
     320835.000 ns	     32082	80006aa0	28960253	fmin.s	f4,f12,f9	 f12:0xcefff7e1  f9:0x7fc00000  f4=0xcefff7e1
     320885.000 ns	     32087	80006aa4	00a81153	fadd.s	f2,f16,f10	 f16:0xbf800000 f10:0x7fc00000  f2=0x7fc00000
     320925.000 ns	     32091	80006aa8	11734c53	fmul.s	f24,f6,f23	  f6:0xbf800000 f23:0xbf800000 f24=0x3f800000
     320945.000 ns	     32093	80006aac	4101d1b3	sra	x3,x3,x16	  x3:0x7ffbf080 x16:0x00000000  x3=0x7ffbf080
     320975.000 ns	     32096	80006ab0	11bcf5d3	fmul.s	f11,f25,f27	 f25:0x00000000 f27:0xd50ffafe f11=0x80000000
     320995.000 ns	     32098	80006ab4	cd24f3b7	lui	x7,0xcd24f	  x7=0xcd24f000
     321015.000 ns	     32100	80006ab8	c00cf053	fcvt.w.s	x0,f25	 f25:0x00000000
     321045.000 ns	     32103	80006abc	208597d3	fsgnjn.s	f15,f11,f8	 f11:0x80000000  f8:0x45900000 f15=0x80000000
     321065.000 ns	     32105	80006ac0	416f07b3	sub	x15,x30,x22	 x30:0x00000000 x22:0x7cb67914 x15=0x834986ec
     321075.000 ns	     32106	80006ac4	41c457b3	sra	x15,x8,x28	  x8:0x1e708000 x28:0xffffffff x15=0x00000000
     321085.000 ns	     32107	80006ac8	4e33dd37	lui	x26,0x4e33d	 x26=0x4e33d000
     321105.000 ns	     32109	80006acc	d0010b53	fcvt.s.w	f22,x2	  x2:0x00000000 f22=0x00000000
     321145.000 ns	     32113	80006ad0	10fd7f53	fmul.s	f30,f26,f15	 f26:0x00000000 f15:0x80000000 f30=0x80000000
     321515.000 ns	     32150	80006ad4	03c959b3	divu	x19,x18,x28	 x18:0xffffffff x28:0xffffffff x19=0x00000001
     321545.000 ns	     32153	80006ad8	d01bf953	fcvt.s.wu	f18,x23	 x23:0x80041024 f18=0x4f000410
     321565.000 ns	     32155	80006adc	4236c513	xori	x10,x13,1059	 x13:0x00000001 x10=0x00000422
     321585.000 ns	     32157	80006ae0	024826b3	mulhsu	x13,x16,x4	 x16:0x00000000  x4:0xd134ea60 x13=0x00000000
     321605.000 ns	     32159	80006ae4	00ea64b3	or	x9,x20,x14	 x20:0x00000000 x14:0x00000000  x9=0x00000000
     321625.000 ns	     32161	80006ae8	03f639b3	mulhu	x19,x12,x31	 x12:0x00000000 x31:0x00000009 x19=0x00000000
     321655.000 ns	     32164	80006aec	29b89b53	fmax.s	f22,f17,f27	 f17:0x7fc00000 f27:0xd50ffafe f22=0xd50ffafe
     321675.000 ns	     32166	80006af0	00edaf33	slt	x30,x27,x14	 x27:0x00000001 x14:0x00000000 x30=0x00000000
     321685.000 ns	     32167	80006af4	016c5c33	srl	x24,x24,x22	 x24:0x00000000 x22:0x7cb67914 x24=0x00000000
     321695.000 ns	     32168	80006af8	01095033	srl	x0,x18,x16	 x18:0xffffffff x16:0x00000000
     321715.000 ns	     32170	80006afc	f00c05d3	fmv.w.x	f11,x24	 x24:0x00000000 f11=0x00000000
     321735.000 ns	     32172	80006b00	00dd6733	or	x14,x26,x13	 x26:0x4e33d000 x13:0x00000000 x14=0x4e33d000
     321755.000 ns	     32174	80006b04	20e39e53	fsgnjn.s	f28,f7,f14	  f7:0x40000000 f14:0xcefff7e1 f28=0x40000000
     321785.000 ns	     32177	80006b08	d01d7ad3	fcvt.s.wu	f21,x26	 x26:0x4e33d000 f21=0x4e9c67a0
     321825.000 ns	     32181	80006b0c	58071853	fsqrt.s	f16,f14	 f14:0xcefff7e1 f16=0x7fc00000
     321845.000 ns	     32183	80006b10	df28fe13	andi	x28,x17,-526	 x17:0x80040fe4 x28=0x80040de0
     321865.000 ns	     32185	80006b14	e00b1ad3	fclass.s	x21,f22	 f22:0xd50ffafe x21=0x00000002
     321895.000 ns	     32188	80006b18	02399f33	mulh	x30,x19,x3	 x19:0x00000000  x3:0x7ffbf080 x30=0x00000000
     321915.000 ns	     32190	80006b1c	7a67cb13	xori	x22,x15,1958	 x15:0x00000000 x22=0x000007a6
     321925.000 ns	     32191	80006b20	987be813	ori	x16,x23,-1657	 x23:0x80041024 x16=0xfffff9a7
     321935.000 ns	     32192	80006b24	01a87c33	and	x24,x16,x26	 x16:0x00000000 x26:0x4e33d000 x24=0x4e33d000
     321945.000 ns	     32193	80006b28	12537a93	andi	x21,x6,293	  x6:0x7cb67914 x21=0x00000104
     321955.000 ns	     32194	80006b2c	075b1c17	auipc	x24,0x75b1	 x24=0x875b7b2c
     321965.000 ns	     32195	80006b30	0087d393	srli	x7,x15,0x8	 x15:0x00000000  x7=0x00000000
     321975.000 ns	     32196	80006b34	01095533	srl	x10,x18,x16	 x18:0xffffffff x16:0xfffff9a7 x10=0x01ffffff
     321985.000 ns	     32197	80006b38	65d17837	lui	x16,0x65d17	 x16=0x65d17000
     322005.000 ns	     32199	80006b3c	21d896d3	fsgnjn.s	f13,f17,f29	 f17:0x7fc00000 f29:0x45900000 f13=0xffc00000
     322025.000 ns	     32201	80006b40	004edb13	srli	x22,x29,0x4	 x29:0x00000001 x22=0x00000000
     322385.000 ns	     32237	80006b44	037362b3	rem	x5,x6,x23	  x6:0x7cb67914 x23:0x80041024  x5=0x7cb67914
     322405.000 ns	     32239	80006b48	28a20a13	addi	x20,x4,650	  x4:0xd134ea60 x20=0xd134ecea
     322435.000 ns	     32242	80006b4c	580a2053	fsqrt.s	f0,f20	 f20:0x00000000  f0=0x00000000
     322455.000 ns	     32244	80006b50	4108deb3	sra	x29,x17,x16	 x17:0x80040fe4 x16:0x65d17000 x29=0x80040fe4
     322465.000 ns	     32245	80006b54	01542b33	slt	x22,x8,x21	  x8:0x1e708000 x21:0x00000104 x22=0x00000000
     322485.000 ns	     32247	80006b58	c00876d3	fcvt.w.s	x13,f16	 f16:0x7fc00000 x13=0x7fffffff
     322505.000 ns	     32249	80006b5c	4055de13	srai	x28,x11,0x5	 x11:0xc542b000 x28=0xfe2a1580
     322515.000 ns	     32250	80006b60	007bc933	xor	x18,x23,x7	 x23:0x80041024  x7:0x00000000 x18=0x80041024
     322525.000 ns	     32251	80006b64	4d537917	auipc	x18,0x4d537	 x18=0xcd53db64
     322535.000 ns	     32252	80006b68	99fd3793	sltiu	x15,x26,-1633	 x26:0x4e33d000 x15=0x00000001
     322545.000 ns	     32253	80006b6c	fb546093	ori	x1,x8,-75	  x8:0x1e708000  x1=0xffffffb5
     322575.000 ns	     32256	80006b70	19fe0d53	fdiv.s	f26,f28,f31	 f28:0x40000000 f31:0x00000000 f26=0x7f800000
     322605.000 ns	     32259	80006b74	036e36b3	mulhu	x13,x28,x22	 x28:0xfe2a1580 x22:0x00000000 x13=0x00000000
     322635.000 ns	     32262	80006b78	e00703d3	fmv.x.w	x7,f14	 f14:0xcefff7e1  x7=0xcefff7e1
     322975.000 ns	     32296	80006b7c	183efa53	fdiv.s	f20,f29,f3	 f29:0x45900000  f3:0xb1040f9f f20=0xd3cb4b4c
     323005.000 ns	     32299	80006b80	e0098953	fmv.x.w	x18,f19	 f19:0xffffffee x18=0xffffffee
     323375.000 ns	     32336	80006b84	03fa4b33	div	x22,x20,x31	 x20:0xd134ecea x31:0x00000009 x22=0xfaccfde2
     323405.000 ns	     32339	80006b88	28458bd3	fmin.s	f23,f11,f4	 f11:0x00000000  f4:0xcefff7e1 f23=0xcefff7e1
     323775.000 ns	     32376	80006b8c	03f5c6b3	div	x13,x11,x31	 x11:0xc542b000 x31:0x00000009 x13=0xf9793000
     323795.000 ns	     32378	80006b90	01b5da33	srl	x20,x11,x27	 x11:0xc542b000 x27:0x00000001 x20=0x62a15800
     323805.000 ns	     32379	80006b94	997fbe93	sltiu	x29,x31,-1641	 x31:0x00000009 x29=0x00000001
     323815.000 ns	     32380	80006b98	00000013	addi	x0,x0,0	  x0:0x00000000
     323845.000 ns	     32383	80006b9c	11847bd3	fmul.s	f23,f8,f24	  f8:0x45900000 f24:0x3f800000 f23=0x45900000
     323875.000 ns	     32386	80006ba0	03498433	mul	x8,x19,x20	 x19:0x00000000 x20:0x62a15800  x8=0x00000000
     323905.000 ns	     32389	80006ba4	28c70253	fmin.s	f4,f14,f12	 f14:0xcefff7e1 f12:0xcefff7e1  f4=0xcefff7e1
     323935.000 ns	     32392	80006ba8	286c9253	fmax.s	f4,f25,f6	 f25:0x00000000  f6:0xbf800000  f4=0x00000000
     323965.000 ns	     32395	80006bac	a1b89953	flt.s	x18,f17,f27	 f17:0x7fc00000 f27:0xd50ffafe x18=0x00000000
     323995.000 ns	     32398	80006bb0	a0b114d3	flt.s	x9,f2,f11	  f2:0x7fc00000 f11:0x00000000  x9=0x00000000
     324025.000 ns	     32401	80006bb4	02879833	mulh	x16,x15,x8	 x15:0x00000001  x8:0x00000000 x16=0x00000000
     324045.000 ns	     32403	80006bb8	0174dd93	srli	x27,x9,0x17	  x9:0x00000000 x27=0x00000000
     324055.000 ns	     32404	80006bbc	40ff5793	srai	x15,x30,0xf	 x30:0x00000000 x15=0x00000000
     324065.000 ns	     32405	80006bc0	41a70233	sub	x4,x14,x26	 x14:0x4e33d000 x26:0x4e33d000  x4=0x00000000
     324075.000 ns	     32406	80006bc4	01ac5d93	srli	x27,x24,0x1a	 x24:0x875b7b2c x27=0x00000021
     324105.000 ns	     32409	80006bc8	11184553	fmul.s	f10,f16,f17	 f16:0x7fc00000 f17:0x7fc00000 f10=0x7fc00000
     324135.000 ns	     32412	80006bcc	d01513d3	fcvt.s.wu	f7,x10	 x10:0x01ffffff  f7=0x4bffffff
     324155.000 ns	     32414	80006bd0	01b53c33	sltu	x24,x10,x27	 x10:0x01ffffff x27:0x00000021 x24=0x00000000
     324165.000 ns	     32415	80006bd4	00000013	addi	x0,x0,0	  x0:0x00000000
     324185.000 ns	     32417	80006bd8	02da2f33	mulhsu	x30,x20,x13	 x20:0x62a15800 x13:0xf9793000 x30=0x601d9f58
     324205.000 ns	     32419	80006bdc	00000013	addi	x0,x0,0	  x0:0x00000000
     324215.000 ns	     32420	80006be0	00205693	srli	x13,x0,0x2	  x0:0x00000000 x13=0x00000000
     324575.000 ns	     32456	80006be4	03f25533	divu	x10,x4,x31	  x4:0x00000000 x31:0x00000009 x10=0x00000000
     324615.000 ns	     32460	80006be8	1091b053	fmul.s	f0,f3,f9	  f3:0xb1040f9f  f9:0x7fc00000  f0=0x7fc00000
     324645.000 ns	     32463	80006bec	c00b92d3	fcvt.w.s	x5,f23	 f23:0x45900000  x5=0x00001200
     324675.000 ns	     32466	80006bf0	02c64233	div	x4,x12,x12	 x12:0x00000000 x12:0x00000000  x4=0xffffffff
     324695.000 ns	     32468	80006bf4	48108513	addi	x10,x1,1153	  x1:0xffffffb5 x10=0x00000436
     324705.000 ns	     32469	80006bf8	18feb213	sltiu	x4,x29,399	 x29:0x00000001  x4=0x00000001
     324725.000 ns	     32471	80006bfc	f00d03d3	fmv.w.x	f7,x26	 x26:0x4e33d000  f7=0x4e33d000
     324755.000 ns	     32474	80006c00	a02d1053	flt.s	x0,f26,f2	 f26:0x7f800000  f2:0x7fc00000
     324785.000 ns	     32477	80006c04	d01672d3	fcvt.s.wu	f5,x12	 x12:0x00000000  f5=0x00000000
     324835.000 ns	     32482	80006c08	00be7453	fadd.s	f8,f28,f11	 f28:0x40000000 f11:0x00000000  f8=0x40000000
     324855.000 ns	     32484	80006c0c	01c31093	slli	x1,x6,0x1c	  x6:0x7cb67914  x1=0x40000000
     324865.000 ns	     32485	80006c10	0093e6b3	or	x13,x7,x9	  x7:0xcefff7e1  x9:0x00000000 x13=0xcefff7e1
     324875.000 ns	     32486	80006c14	019a5333	srl	x6,x20,x25	 x20:0x62a15800 x25:0x00000000  x6=0x62a15800
     324885.000 ns	     32487	80006c18	00000013	addi	x0,x0,0	  x0:0x00000000
     324895.000 ns	     32488	80006c1c	00000013	addi	x0,x0,0	  x0:0x00000000
     324905.000 ns	     32489	80006c20	bff03a93	sltiu	x21,x0,-1025	  x0:0x00000000 x21=0x00000001
     324915.000 ns	     32490	80006c24	01aa0233	add	x4,x20,x26	 x20:0x62a15800 x26:0x4e33d000  x4=0xb0d52800
     324935.000 ns	     32492	80006c28	032d4e33	div	x28,x26,x18	 x26:0x4e33d000 x18:0x00000000 x28=0xffffffff
     324955.000 ns	     32494	80006c2c	00d00e33	add	x28,x0,x13	  x0:0x00000000 x13:0xcefff7e1 x28=0xcefff7e1
     324965.000 ns	     32495	80006c30	4aaaf393	andi	x7,x21,1194	 x21:0x00000001  x7=0x00000000
     324975.000 ns	     32496	80006c34	00ab90b3	sll	x1,x23,x10	 x23:0x80041024 x10:0x00000436  x1=0x09000000
     324985.000 ns	     32497	80006c38	00000013	addi	x0,x0,0	  x0:0x00000000
     325005.000 ns	     32499	80006c3c	02f234b3	mulhu	x9,x4,x15	  x4:0xb0d52800 x15:0x00000000  x9=0x00000000
     325035.000 ns	     32502	80006c40	d00efe53	fcvt.s.w	f28,x29	 x29:0x00000001 f28=0x3f800000
     325085.000 ns	     32507	80006c44	096eb953	fsub.s	f18,f29,f22	 f29:0x45900000 f22:0xd50ffafe f18=0x550ffaff
     325115.000 ns	     32510	80006c48	d0137ad3	fcvt.s.wu	f21,x6	  x6:0x62a15800 f21=0x4ec542b0
     325135.000 ns	     32512	80006c4c	414edc33	sra	x24,x29,x20	 x29:0x00000001 x20:0x62a15800 x24=0x00000001
     325155.000 ns	     32514	80006c50	28601c53	fmax.s	f24,f0,f6	  f0:0x7fc00000  f6:0xbf800000 f24=0xbf800000
     325175.000 ns	     32516	80006c54	d0ea8b13	addi	x22,x21,-754	 x21:0x00000001 x22=0xfffffd0f
     325195.000 ns	     32518	80006c58	e00312d3	fclass.s	x5,f6	  f6:0xbf800000  x5=0x00000002
     325215.000 ns	     32520	80006c5c	403bdc33	sra	x24,x23,x3	 x23:0x80041024  x3:0x7ffbf080 x24=0x80041024
     325235.000 ns	     32522	80006c60	a1192753	feq.s	x14,f18,f17	 f18:0x550ffaff f17:0x7fc00000 x14=0x00000000
     325265.000 ns	     32525	80006c64	a041a953	feq.s	x18,f3,f4	  f3:0xb1040f9f  f4:0x00000000 x18=0x00000000
     325285.000 ns	     32527	80006c68	00b074b3	and	x9,x0,x11	  x0:0x00000000 x11:0xc542b000  x9=0x00000000
     325305.000 ns	     32529	80006c6c	02ff8c33	mul	x24,x31,x15	 x31:0x00000009 x15:0x00000000 x24=0x00000000
     325325.000 ns	     32531	80006c70	152b7613	andi	x12,x22,338	 x22:0xfffffd0f x12=0x00000102
     325345.000 ns	     32533	80006c74	21b70353	fsgnj.s	f6,f14,f27	 f14:0xcefff7e1 f27:0xd50ffafe  f6=0xcefff7e1
     325715.000 ns	     32570	80006c78	037669b3	rem	x19,x12,x23	 x12:0x00000000 x23:0x80041024 x19=0x00000102
     325735.000 ns	     32572	80006c7c	0059feb3	and	x29,x19,x5	 x19:0x00000000  x5:0x00000002 x29=0x00000002
     325755.000 ns	     32574	80006c80	a16b2953	feq.s	x18,f22,f22	 f22:0xd50ffafe f22:0xd50ffafe x18=0x00000001
     325785.000 ns	     32577	80006c84	02d1bdb3	mulhu	x27,x3,x13	  x3:0x7ffbf080 x13:0xcefff7e1 x27=0x677cb368
     325825.000 ns	     32581	80006c88	11883ed3	fmul.s	f29,f16,f24	 f16:0x7fc00000 f24:0xbf800000 f29=0x7fc00000
     325855.000 ns	     32584	80006c8c	c01f8453	fcvt.wu.s	x8,f31	 f31:0x00000000  x8=0x00000000
     325875.000 ns	     32586	80006c90	00f68f33	add	x30,x13,x15	 x13:0xcefff7e1 x15:0x00000000 x30=0xcefff7e1
     325895.000 ns	     32588	80006c94	e0031e53	fclass.s	x28,f6	  f6:0xcefff7e1 x28=0x00000002
     325935.000 ns	     32592	80006c98	101d7a53	fmul.s	f20,f26,f1	 f26:0x7f800000  f1:0xb1040f9f f20=0xff800000
     325965.000 ns	     32595	80006c9c	029f5733	divu	x14,x30,x9	 x30:0xcefff7e1  x9:0x00000000 x14=0xffffffff
     325995.000 ns	     32598	80006ca0	2143add3	fsgnjx.s	f27,f7,f20	  f7:0x4e33d000 f20:0xff800000 f27=0xce33d000
     326025.000 ns	     32601	80006ca4	e0068053	fmv.x.w	x0,f13	 f13:0xffc00000
     326055.000 ns	     32604	80006ca8	a1751653	flt.s	x12,f10,f23	 f10:0x7fc00000 f23:0x45900000 x12=0x00000000
     326085.000 ns	     32607	80006cac	a0080c53	fle.s	x24,f16,f0	 f16:0x7fc00000  f0:0x7fc00000 x24=0x00000000
     326105.000 ns	     32609	80006cb0	410c0933	sub	x18,x24,x16	 x24:0x00000000 x16:0x00000000 x18=0x00000000
     326115.000 ns	     32610	80006cb4	00acc0b3	xor	x1,x25,x10	 x25:0x00000000 x10:0x00000436  x1=0x00000436
     326125.000 ns	     32611	80006cb8	01781633	sll	x12,x16,x23	 x16:0x00000000 x23:0x80041024 x12=0x00000000
     326135.000 ns	     32612	80006cbc	010823b3	slt	x7,x16,x16	 x16:0x00000000 x16:0x00000000  x7=0x00000000
     326155.000 ns	     32614	80006cc0	e0070953	fmv.x.w	x18,f14	 f14:0xcefff7e1 x18=0xcefff7e1
     326185.000 ns	     32617	80006cc4	c0089ed3	fcvt.w.s	x29,f17	 f17:0x7fc00000 x29=0x7fffffff
     326205.000 ns	     32619	80006cc8	00000013	addi	x0,x0,0	  x0:0x00000000
     326235.000 ns	     32622	80006ccc	5804fbd3	fsqrt.s	f23,f9	  f9:0x7fc00000 f23=0x7fc00000
     326255.000 ns	     32624	80006cd0	40e250b3	sra	x1,x4,x14	  x4:0xb0d52800 x14:0xffffffff  x1=0xffffffff
     326265.000 ns	     32625	80006cd4	05540e37	lui	x28,0x5540	 x28=0x05540000
     326275.000 ns	     32626	80006cd8	543f6e93	ori	x29,x30,1347	 x30:0xcefff7e1 x29=0xcefff7e3
     326635.000 ns	     32662	80006cdc	02b46a33	rem	x20,x8,x11	  x8:0x00000000 x11:0xc542b000 x20=0x00000000
     326665.000 ns	     32665	80006ce0	c0142cd3	fcvt.wu.s	x25,f8	  f8:0x40000000 x25=0x00000002
     326695.000 ns	     32668	80006ce4	d0077953	fcvt.s.w	f18,x14	 x14:0xffffffff f18=0xbf800000
     326735.000 ns	     32672	80006ce8	5808f053	fsqrt.s	f0,f17	 f17:0x7fc00000  f0=0x7fc00000
     326765.000 ns	     32675	80006cec	03061f33	mulh	x30,x12,x16	 x12:0x00000000 x16:0x00000000 x30=0x00000000
     326785.000 ns	     32677	80006cf0	d32f82b7	lui	x5,0xd32f8	  x5=0xd32f8000
     326825.000 ns	     32681	80006cf4	08c271d3	fsub.s	f3,f4,f12	  f4:0x00000000 f12:0xcefff7e1  f3=0x4efff7e1
     326845.000 ns	     32683	80006cf8	2ca23993	sltiu	x19,x4,714	  x4:0xb0d52800 x19=0x00000000
     326865.000 ns	     32685	80006cfc	20b59853	fsgnjn.s	f16,f11,f11	 f11:0x00000000 f11:0x00000000 f16=0x80000000
     326885.000 ns	     32687	80006d00	00000013	addi	x0,x0,0	  x0:0x00000000
     326895.000 ns	     32688	80006d04	00eeb833	sltu	x16,x29,x14	 x29:0xcefff7e3 x14:0xffffffff x16=0x00000001
     326905.000 ns	     32689	80006d08	41df5eb3	sra	x29,x30,x29	 x30:0x00000000 x29:0xcefff7e3 x29=0x00000000
     326925.000 ns	     32691	80006d0c	a08b0f53	fle.s	x30,f22,f8	 f22:0xd50ffafe  f8:0x40000000 x30=0x00000001
     326945.000 ns	     32693	80006d10	bc3e0193	addi	x3,x28,-1085	 x28:0x05540000  x3=0x0553fbc3
     326985.000 ns	     32697	80006d14	0845b5d3	fsub.s	f11,f11,f4	 f11:0x00000000  f4:0x00000000 f11=0x80000000
     327025.000 ns	     32701	80006d18	184c19d3	fdiv.s	f19,f24,f4	 f24:0xbf800000  f4:0x00000000 f19=0xff800000
     327055.000 ns	     32704	80006d1c	a007ac53	feq.s	x24,f15,f0	 f15:0x80000000  f0:0x7fc00000 x24=0x00000000
     327075.000 ns	     32706	80006d20	005c5693	srli	x13,x24,0x5	 x24:0x00000000 x13=0x00000000
     327085.000 ns	     32707	80006d24	00a6d993	srli	x19,x13,0xa	 x13:0xcefff7e1 x19=0x00000000
     327105.000 ns	     32709	80006d28	a1d40ad3	fle.s	x21,f8,f29	  f8:0x40000000 f29:0x7fc00000 x21=0x00000000
     327125.000 ns	     32711	80006d2c	1d6bfa97	auipc	x21,0x1d6bf	 x21=0x9d6c5d2c
     327145.000 ns	     32713	80006d30	e00402d3	fmv.x.w	x5,f8	  f8:0x40000000  x5=0x40000000
     327165.000 ns	     32715	80006d34	51aefa13	andi	x20,x29,1306	 x29:0x00000000 x20=0x00000000
     327185.000 ns	     32717	80006d38	28a78953	fmin.s	f18,f15,f10	 f15:0x80000000 f10:0x7fc00000 f18=0x80000000
     327215.000 ns	     32720	80006d3c	03349eb3	mulh	x29,x9,x19	  x9:0x00000000 x19:0x00000000 x29=0x00000000
     327245.000 ns	     32723	80006d40	e0058553	fmv.x.w	x10,f11	 f11:0x80000000 x10=0x80000000
     327295.000 ns	     32728	80006d44	0043c5d3	fadd.s	f11,f7,f4	  f7:0x4e33d000  f4:0x00000000 f11=0x4e33d000
     327315.000 ns	     32730	80006d48	b6564693	xori	x13,x12,-1179	 x12:0x00000000 x13=0xfffffb65
     327345.000 ns	     32733	80006d4c	580b79d3	fsqrt.s	f19,f22	 f22:0xd50ffafe f19=0x7fc00000
     327375.000 ns	     32736	80006d50	c0131953	fcvt.wu.s	x18,f6	  f6:0xcefff7e1 x18=0x7ffbf080
     327405.000 ns	     32739	80006d54	03181633	mulh	x12,x16,x17	 x16:0x00000001 x17:0x80040fe4 x12=0xffffffff
     327435.000 ns	     32742	80006d58	28fb8b53	fmin.s	f22,f23,f15	 f23:0x7fc00000 f15:0x80000000 f22=0x80000000
     327805.000 ns	     32779	80006d5c	024769b3	rem	x19,x14,x4	 x14:0xffffffff  x4:0xb0d52800 x19=0xffffffff
     327855.000 ns	     32784	80006d60	006cf553	fadd.s	f10,f25,f6	 f25:0x00000000  f6:0xcefff7e1 f10=0xcefff7e1
     327875.000 ns	     32786	80006d64	77880937	lui	x18,0x77880	 x18=0x77880000
     327885.000 ns	     32787	80006d68	143e5037	lui	x0,0x143e5	
     327905.000 ns	     32789	80006d6c	28391653	fmax.s	f12,f18,f3	 f18:0x80000000  f3:0x4efff7e1 f12=0x4efff7e1
     327935.000 ns	     32792	80006d70	03868b33	mul	x22,x13,x24	 x13:0xfffffb65 x24:0x00000000 x22=0x00000000
     327965.000 ns	     32795	80006d74	033c00b3	mul	x1,x24,x19	 x24:0x00000000 x19:0xffffffff  x1=0x00000000
     327995.000 ns	     32798	80006d78	021cfe33	remu	x28,x25,x1	 x25:0x00000002  x1:0xffffffff x28=0x00000002
     328025.000 ns	     32801	80006d7c	c0163e53	fcvt.wu.s	x28,f12	 f12:0x4efff7e1 x28=0x7ffbf080
     328075.000 ns	     32806	80006d80	0888f3d3	fsub.s	f7,f17,f8	 f17:0x7fc00000  f8:0x40000000  f7=0x7fc00000
     328095.000 ns	     32808	80006d84	2b3aa313	slti	x6,x21,691	 x21:0x9d6c5d2c  x6=0x00000001
     328115.000 ns	     32810	80006d88	0334ba33	mulhu	x20,x9,x19	  x9:0x00000000 x19:0xffffffff x20=0x00000000
     328135.000 ns	     32812	80006d8c	007fa633	slt	x12,x31,x7	 x31:0x00000009  x7:0x00000000 x12=0x00000000
     328155.000 ns	     32814	80006d90	0277d233	divu	x4,x15,x7	 x15:0x00000000  x7:0x00000000  x4=0xffffffff
     328175.000 ns	     32816	80006d94	01623c33	sltu	x24,x4,x22	  x4:0xb0d52800 x22:0x00000000 x24=0x00000000
     328195.000 ns	     32818	80006d98	e0078153	fmv.x.w	x2,f15	 f15:0x80000000  x2=0x80000000
     328225.000 ns	     32821	80006d9c	20c92fd3	fsgnjx.s	f31,f18,f12	 f18:0x80000000 f12:0x4efff7e1 f31=0x80000000
     328255.000 ns	     32824	80006da0	02d0a633	mulhsu	x12,x1,x13	  x1:0x00000000 x13:0xfffffb65 x12=0x00000000
     328285.000 ns	     32827	80006da4	d001b653	fcvt.s.w	f12,x3	  x3:0x0553fbc3 f12=0x4caa7f79
     328305.000 ns	     32829	80006da8	a3178513	addi	x10,x15,-1487	 x15:0x00000000 x10=0xfffffa31
     328315.000 ns	     32830	80006dac	006d51b3	srl	x3,x26,x6	 x26:0x4e33d000  x6:0x00000001  x3=0x2719e800
     328335.000 ns	     32832	80006db0	21350753	fsgnj.s	f14,f10,f19	 f10:0xcefff7e1 f19:0x7fc00000 f14=0x4efff7e1
     328365.000 ns	     32835	80006db4	02e33f33	mulhu	x30,x6,x14	  x6:0x00000001 x14:0xffffffff x30=0x00000000
     328395.000 ns	     32838	80006db8	217696d3	fsgnjn.s	f13,f13,f23	 f13:0xffc00000 f23:0x7fc00000 f13=0xffc00000
     329575.000 ns	     32956	80006dbc	58047cd3	fsqrt.s	f25,f8	  f8:0x40000000 f25=0x3f350482
     329605.000 ns	     32959	80006dc0	c01930d3	fcvt.wu.s	x1,f18	 f18:0x80000000  x1=0x00000000
     329625.000 ns	     32961	80006dc4	ccf68513	addi	x10,x13,-817	 x13:0xfffffb65 x10=0xfffff834
     329645.000 ns	     32963	80006dc8	03751e33	mulh	x28,x10,x23	 x10:0xfffffa31 x23:0x80041024 x28=0x000003e5
     329695.000 ns	     32968	80006dcc	099f70d3	fsub.s	f1,f30,f25	 f30:0x80000000 f25:0x3f350482  f1=0xbf350482
     330065.000 ns	     33005	80006dd0	03a771b3	remu	x3,x14,x26	 x14:0xffffffff x26:0x4e33d000  x3=0x15648fff
     330085.000 ns	     33007	80006dd4	e9000937	lui	x18,0xe9000	 x18=0xe9000000
     330125.000 ns	     33011	80006dd8	01d12cd3	fadd.s	f25,f2,f29	  f2:0x7fc00000 f29:0x7fc00000 f25=0x7fc00000
     330145.000 ns	     33013	80006ddc	00000013	addi	x0,x0,0	  x0:0x00000000
     330165.000 ns	     33015	80006de0	d0167dd3	fcvt.s.wu	f27,x12	 x12:0x00000000 f27=0x00000000
     330185.000 ns	     33017	80006de4	01f2a0b3	slt	x1,x5,x31	  x5:0x40000000 x31:0x00000009  x1=0x00000000
     330205.000 ns	     33019	80006de8	f00e0d53	fmv.w.x	f26,x28	 x28:0x000003e5 f26=0x000003e5
     330235.000 ns	     33022	80006dec	f0008ad3	fmv.w.x	f21,x1	  x1:0x00000000 f21=0x00000000
     330255.000 ns	     33024	80006df0	98bfba93	sltiu	x21,x31,-1653	 x31:0x00000009 x21=0x00000001
     330265.000 ns	     33025	80006df4	406c0ab3	sub	x21,x24,x6	 x24:0x00000000  x6:0x00000001 x21=0xffffffff
     330285.000 ns	     33027	80006df8	28ab1dd3	fmax.s	f27,f22,f10	 f22:0x80000000 f10:0xcefff7e1 f27=0x80000000
     330325.000 ns	     33031	80006dfc	195effd3	fdiv.s	f31,f29,f21	 f29:0x7fc00000 f21:0x00000000 f31=0x7fc00000
     330345.000 ns	     33033	80006e00	40675013	srai	x0,x14,0x6	 x14:0xffffffff
     330365.000 ns	     33035	80006e04	a03482d3	fle.s	x5,f9,f3	  f9:0x7fc00000  f3:0x4efff7e1  x5=0x00000000
     330385.000 ns	     33037	80006e08	002f1693	slli	x13,x30,0x2	 x30:0x00000000 x13=0x00000000
     330415.000 ns	     33040	80006e0c	193d7653	fdiv.s	f12,f26,f19	 f26:0x000003e5 f19:0x7fc00000 f12=0x7fc00000
     330445.000 ns	     33043	80006e10	f00989d3	fmv.w.x	f19,x19	 x19:0xffffffff f19=0xffffffff
     330465.000 ns	     33045	80006e14	00c87533	and	x10,x16,x12	 x16:0x00000001 x12:0x00000000 x10=0x00000000
     330505.000 ns	     33049	80006e18	01c0f753	fadd.s	f14,f1,f28	  f1:0xbf350482 f28:0x3f800000 f14=0x3e95f6fc
     330525.000 ns	     33051	80006e1c	009a7433	and	x8,x20,x9	 x20:0x00000000  x9:0x00000000  x8=0x00000000
     330535.000 ns	     33052	80006e20	006807b3	add	x15,x16,x6	 x16:0x00000001  x6:0x00000001 x15=0x00000002
     330555.000 ns	     33054	80006e24	02a8b6b3	mulhu	x13,x17,x10	 x17:0x80040fe4 x10:0x00000000 x13=0x00000000
     330575.000 ns	     33056	80006e28	40a65533	sra	x10,x12,x10	 x12:0x00000000 x10:0x00000000 x10=0x00000000
     330585.000 ns	     33057	80006e2c	6aeebc93	sltiu	x25,x29,1710	 x29:0x00000000 x25=0x00000001
     330595.000 ns	     33058	80006e30	007175b3	and	x11,x2,x7	  x2:0x80000000  x7:0x00000000 x11=0x00000000
     330615.000 ns	     33060	80006e34	21bf0753	fsgnj.s	f14,f30,f27	 f30:0x80000000 f27:0x80000000 f14=0x80000000
     330635.000 ns	     33062	80006e38	00cbb1b3	sltu	x3,x23,x12	 x23:0x80041024 x12:0x00000000  x3=0x00000000
     330655.000 ns	     33064	80006e3c	a02405d3	fle.s	x11,f8,f2	  f8:0x40000000  f2:0x7fc00000 x11=0x00000000
     330705.000 ns	     33069	80006e40	013bf2d3	fadd.s	f5,f23,f19	 f23:0x7fc00000 f19:0xffffffff  f5=0x7fc00000
     330735.000 ns	     33072	80006e44	a1a0add3	feq.s	x27,f1,f26	  f1:0xbf350482 f26:0x000003e5 x27=0x00000000
     330775.000 ns	     33076	80006e48	580aa3d3	fsqrt.s	f7,f21	 f21:0x00000000  f7=0x00000000
     330805.000 ns	     33079	80006e4c	20211fd3	fsgnjn.s	f31,f2,f2	  f2:0x7fc00000  f2:0x7fc00000 f31=0xffc00000
     330835.000 ns	     33082	80006e50	e0089453	fclass.s	x8,f17	 f17:0x7fc00000  x8=0x00000200
     330865.000 ns	     33085	80006e54	03b04db3	div	x27,x0,x27	  x0:0x00000000 x27:0x00000000 x27=0xffffffff
     330905.000 ns	     33089	80006e58	580ffbd3	fsqrt.s	f23,f31	 f31:0xffc00000 f23=0x7fc00000
     330925.000 ns	     33091	80006e5c	01f58cb3	add	x25,x11,x31	 x11:0x00000000 x31:0x00000009 x25=0x00000009
     330935.000 ns	     33092	80006e60	0021d433	srl	x8,x3,x2	  x3:0x00000000  x2:0x80000000  x8=0x00000000
     330945.000 ns	     33093	80006e64	41530033	sub	x0,x6,x21	  x6:0x00000001 x21:0xffffffff
     330975.000 ns	     33096	80006e68	1013f553	fmul.s	f10,f7,f1	  f7:0x00000000  f1:0xbf350482 f10=0x80000000
     330995.000 ns	     33098	80006e6c	b5baa793	slti	x15,x21,-1189	 x21:0xffffffff x15=0x00000000
     331005.000 ns	     33099	80006e70	7ab24e13	xori	x28,x4,1963	  x4:0xffffffff x28=0xfffff854
     331025.000 ns	     33101	80006e74	d01a77d3	fcvt.s.wu	f15,x20	 x20:0x00000000 f15=0x00000000
     331045.000 ns	     33103	80006e78	411bfd93	andi	x27,x23,1041	 x23:0x80041024 x27=0x00000000
     331055.000 ns	     33104	80006e7c	2b55cc13	xori	x24,x11,693	 x11:0x00000000 x24=0x000002b5
     331065.000 ns	     33105	80006e80	401dd313	srai	x6,x27,0x1	 x27:0xffffffff  x6=0x00000000
     331085.000 ns	     33107	80006e84	c00294d3	fcvt.w.s	x9,f5	  f5:0x7fc00000  x9=0x7fffffff
     331115.000 ns	     33110	80006e88	d000ffd3	fcvt.s.w	f31,x1	  x1:0x00000000 f31=0x00000000
     331145.000 ns	     33113	80006e8c	21658753	fsgnj.s	f14,f11,f22	 f11:0x4e33d000 f22:0x80000000 f14=0xce33d000
     331175.000 ns	     33116	80006e90	21940b53	fsgnj.s	f22,f8,f25	  f8:0x40000000 f25:0x7fc00000 f22=0x40000000
     331545.000 ns	     33153	80006e94	033e4733	div	x14,x28,x19	 x28:0xfffff854 x19:0xffffffff x14=0x000007ac
     331595.000 ns	     33158	80006e98	08daf6d3	fsub.s	f13,f21,f13	 f21:0x00000000 f13:0xffc00000 f13=0x7fc00000
     331625.000 ns	     33161	80006e9c	03259a33	mulh	x20,x11,x18	 x11:0x00000000 x18:0xe9000000 x20=0x00000000
     331645.000 ns	     33163	80006ea0	41bbd6b3	sra	x13,x23,x27	 x23:0x80041024 x27:0x00000000 x13=0x80041024
     331665.000 ns	     33165	80006ea4	02ab4cb3	div	x25,x22,x10	 x22:0x00000000 x10:0x00000000 x25=0xffffffff
     331695.000 ns	     33168	80006ea8	02c0ed33	rem	x26,x1,x12	  x1:0x00000000 x12:0x00000000 x26=0x00000000
     331715.000 ns	     33170	80006eac	f2b4ac13	slti	x24,x9,-213	  x9:0x7fffffff x24=0x00000000
     331735.000 ns	     33172	80006eb0	e0090053	fmv.x.w	x0,f18	 f18:0x80000000
     331785.000 ns	     33177	80006eb4	019df253	fadd.s	f4,f27,f25	 f27:0x80000000 f25:0x7fc00000  f4=0x7fc00000
     332155.000 ns	     33214	80006eb8	02e1c633	div	x12,x3,x14	  x3:0x00000000 x14:0x000007ac x12=0x00000000
     332175.000 ns	     33216	80006ebc	007b7233	and	x4,x22,x7	 x22:0x00000000  x7:0x00000000  x4=0x00000000
     332195.000 ns	     33218	80006ec0	a06d25d3	feq.s	x11,f26,f6	 f26:0x000003e5  f6:0xcefff7e1 x11=0x00000000
     332215.000 ns	     33220	80006ec4	41d15493	srai	x9,x2,0x1d	  x2:0x80000000  x9=0xfffffffc
     332225.000 ns	     33221	80006ec8	15108c13	addi	x24,x1,337	  x1:0x00000000 x24=0x00000151
     332235.000 ns	     33222	80006ecc	416a80b3	sub	x1,x21,x22	 x21:0xffffffff x22:0x00000000  x1=0xffffffff
     332595.000 ns	     33258	80006ed0	022d6ab3	rem	x21,x26,x2	 x26:0x00000000  x2:0x80000000 x21=0x00000000
     332625.000 ns	     33261	80006ed4	c01d7153	fcvt.wu.s	x2,f26	 f26:0x000003e5  x2=0x00000000
     332655.000 ns	     33264	80006ed8	c0163853	fcvt.wu.s	x16,f12	 f12:0x7fc00000 x16=0xffffffff
     332675.000 ns	     33266	80006edc	a6203513	sltiu	x10,x0,-1438	  x0:0x00000000 x10=0x00000001
     332695.000 ns	     33268	80006ee0	f0008dd3	fmv.w.x	f27,x1	  x1:0xffffffff f27=0xffffffff
     332715.000 ns	     33270	80006ee4	4264e393	ori	x7,x9,1062	  x9:0xfffffffc  x7=0xfffffffe
     332735.000 ns	     33272	80006ee8	d006bbd3	fcvt.s.w	f23,x13	 x13:0x80041024 f23=0xcefff7e0
     332765.000 ns	     33275	80006eec	20092153	fsgnjx.s	f2,f18,f0	 f18:0x80000000  f0:0x7fc00000  f2=0x80000000
     332785.000 ns	     33277	80006ef0	41b95193	srai	x3,x18,0x1b	 x18:0xe9000000  x3=0xfffffffd
     332815.000 ns	     33280	80006ef4	5800f853	fsqrt.s	f16,f1	  f1:0xbf350482 f16=0x7fc00000
     332835.000 ns	     33282	80006ef8	8576cc13	xori	x24,x13,-1961	 x13:0x80041024 x24=0x7ffbe873
     332845.000 ns	     33283	80006efc	00bc6533	or	x10,x24,x11	 x24:0x00000151 x11:0x00000000 x10=0x7ffbe873
     332855.000 ns	     33284	80006f00	9995d6b7	lui	x13,0x9995d	 x13=0x9995d000
     332875.000 ns	     33286	80006f04	d018c9d3	fcvt.s.wu	f19,x17	 x17:0x80040fe4 f19=0x4f000410
     332895.000 ns	     33288	80006f08	012c99b3	sll	x19,x25,x18	 x25:0xffffffff x18:0xe9000000 x19=0xffffffff
     332915.000 ns	     33290	80006f0c	291707d3	fmin.s	f15,f14,f17	 f14:0xce33d000 f17:0x7fc00000 f15=0xce33d000
     332935.000 ns	     33292	80006f10	00f34c33	xor	x24,x6,x15	  x6:0x00000000 x15:0x00000000 x24=0x00000000
     332955.000 ns	     33294	80006f14	e00e0953	fmv.x.w	x18,f28	 f28:0x3f800000 x18=0x3f800000
     332985.000 ns	     33297	80006f18	033e2a33	mulhsu	x20,x28,x19	 x28:0xfffff854 x19:0xffffffff x20=0xfffff854
     333005.000 ns	     33299	80006f1c	018d9433	sll	x8,x27,x24	 x27:0x00000000 x24:0x00000000  x8=0x00000000
     333025.000 ns	     33301	80006f20	20289d53	fsgnjn.s	f26,f17,f2	 f17:0x7fc00000  f2:0x80000000 f26=0x7fc00000
     333055.000 ns	     33304	80006f24	03a89533	mulh	x10,x17,x26	 x17:0x80040fe4 x26:0x00000000 x10=0x00000000
     333095.000 ns	     33308	80006f28	5807fdd3	fsqrt.s	f27,f15	 f15:0xce33d000 f27=0x7fc00000
     333115.000 ns	     33310	80006f2c	010b84b3	add	x9,x23,x16	 x23:0x80041024 x16:0xffffffff  x9=0x80041023
     333125.000 ns	     33311	80006f30	01287eb3	and	x29,x16,x18	 x16:0xffffffff x18:0x3f800000 x29=0x3f800000
     333135.000 ns	     33312	80006f34	005f9db3	sll	x27,x31,x5	 x31:0x00000009  x5:0x00000000 x27=0x00000009
     333155.000 ns	     33314	80006f38	21a624d3	fsgnjx.s	f9,f12,f26	 f12:0x7fc00000 f26:0x7fc00000  f9=0x7fc00000
     333185.000 ns	     33317	80006f3c	03c284b3	mul	x9,x5,x28	  x5:0x00000000 x28:0xfffff854  x9=0x00000000
     333215.000 ns	     33320	80006f40	c01a2453	fcvt.wu.s	x8,f20	 f20:0xff800000  x8=0x00000000
     333235.000 ns	     33322	80006f44	00f8f7b3	and	x15,x17,x15	 x17:0x80040fe4 x15:0x00000000 x15=0x00000000
     333245.000 ns	     33323	80006f48	00859693	slli	x13,x11,0x8	 x11:0x00000000 x13=0x00000000
     333265.000 ns	     33325	80006f4c	03a6e0b3	rem	x1,x13,x26	 x13:0x9995d000 x26:0x00000000  x1=0x00000000
     333285.000 ns	     33327	80006f50	01dcf3b3	and	x7,x25,x29	 x25:0xffffffff x29:0x3f800000  x7=0x3f800000
     333645.000 ns	     33363	80006f54	0270f733	remu	x14,x1,x7	  x1:0x00000000  x7:0xfffffffe x14=0x00000000
     333675.000 ns	     33366	80006f58	a117add3	feq.s	x27,f15,f17	 f15:0xce33d000 f17:0x7fc00000 x27=0x00000000
     333715.000 ns	     33370	80006f5c	19104653	fdiv.s	f12,f0,f17	  f0:0x7fc00000 f17:0x7fc00000 f12=0x7fc00000
     333735.000 ns	     33372	80006f60	413ad593	srai	x11,x21,0x13	 x21:0x00000000 x11=0x00000000
     333755.000 ns	     33374	80006f64	02e9c5b3	div	x11,x19,x14	 x19:0xffffffff x14:0x00000000 x11=0xffffffff
     333775.000 ns	     33376	80006f68	00000013	addi	x0,x0,0	  x0:0x00000000
     333795.000 ns	     33378	80006f6c	02d021b3	mulhsu	x3,x0,x13	  x0:0x00000000 x13:0x00000000  x3=0x00000000
     333815.000 ns	     33380	80006f70	6610bb17	auipc	x22,0x6610b	 x22=0xe6111f70
     333835.000 ns	     33382	80006f74	e0058c53	fmv.x.w	x24,f11	 f11:0x4e33d000 x24=0x4e33d000
     333865.000 ns	     33385	80006f78	0294bab3	mulhu	x21,x9,x9	  x9:0x00000000  x9:0x00000000 x21=0x00000000
     333895.000 ns	     33388	80006f7c	c01275d3	fcvt.wu.s	x11,f4	  f4:0x7fc00000 x11=0xffffffff
     334265.000 ns	     33425	80006f80	0383de33	divu	x28,x7,x24	  x7:0x3f800000 x24:0x4e33d000 x28=0x00000000
     334285.000 ns	     33427	80006f84	cd8a7493	andi	x9,x20,-808	 x20:0xfffff854  x9=0xfffff850
     334295.000 ns	     33428	80006f88	014e2033	slt	x0,x28,x20	 x28:0x00000000 x20:0xfffff854
     334315.000 ns	     33430	80006f8c	c0012053	fcvt.w.s	x0,f2	  f2:0x80000000
     334335.000 ns	     33432	80006f90	01b59233	sll	x4,x11,x27	 x11:0xffffffff x27:0x00000000  x4=0xffffffff
     334375.000 ns	     33436	80006f94	009f3c53	fadd.s	f24,f30,f9	 f30:0x80000000  f9:0x7fc00000 f24=0x7fc00000
     334395.000 ns	     33438	80006f98	01c84f33	xor	x30,x16,x28	 x16:0xffffffff x28:0x00000000 x30=0xffffffff
     334415.000 ns	     33440	80006f9c	034001b3	mul	x3,x0,x20	  x0:0x00000000 x20:0xfffff854  x3=0x00000000
     334445.000 ns	     33443	80006fa0	a0d280d3	fle.s	x1,f5,f13	  f5:0x7fc00000 f13:0x7fc00000  x1=0x00000000
     334475.000 ns	     33446	80006fa4	a1f682d3	fle.s	x5,f13,f31	 f13:0x7fc00000 f31:0x00000000  x5=0x00000000
     334505.000 ns	     33449	80006fa8	c01c1b53	fcvt.wu.s	x22,f24	 f24:0x7fc00000 x22=0xffffffff
     334535.000 ns	     33452	80006fac	f00c83d3	fmv.w.x	f7,x25	 x25:0xffffffff  f7=0xffffffff
     334555.000 ns	     33454	80006fb0	f1a106b7	lui	x13,0xf1a10	 x13=0xf1a10000
     334565.000 ns	     33455	80006fb4	01ea10b3	sll	x1,x20,x30	 x20:0xfffff854 x30:0xffffffff  x1=0x00000000
     334585.000 ns	     33457	80006fb8	d00331d3	fcvt.s.w	f3,x6	  x6:0x00000000  f3=0x00000000
     334605.000 ns	     33459	80006fbc	4032dc93	srai	x25,x5,0x3	  x5:0x00000000 x25=0x00000000
     334615.000 ns	     33460	80006fc0	01b1d7b3	srl	x15,x3,x27	  x3:0x00000000 x27:0x00000000 x15=0x00000000
     334625.000 ns	     33461	80006fc4	b4b93593	sltiu	x11,x18,-1205	 x18:0x3f800000 x11=0x00000001
     334645.000 ns	     33463	80006fc8	e00a1953	fclass.s	x18,f20	 f20:0xff800000 x18=0x00000001
     334665.000 ns	     33465	80006fcc	0187d793	srli	x15,x15,0x18	 x15:0x00000000 x15=0x00000000
     334685.000 ns	     33467	80006fd0	f00105d3	fmv.w.x	f11,x2	  x2:0x00000000 f11=0x00000000
     334715.000 ns	     33470	80006fd4	0399a533	mulhsu	x10,x19,x25	 x19:0xffffffff x25:0x00000000 x10=0x00000000
     334735.000 ns	     33472	80006fd8	41b9dc93	srai	x25,x19,0x1b	 x19:0xffffffff x25=0xffffffff
     334745.000 ns	     33473	80006fdc	41d4df13	srai	x30,x9,0x1d	  x9:0xfffff850 x30=0xffffffff
     334785.000 ns	     33477	80006fe0	011072d3	fadd.s	f5,f0,f17	  f0:0x7fc00000 f17:0x7fc00000  f5=0x7fc00000
     334815.000 ns	     33480	80006fe4	28fe13d3	fmax.s	f7,f28,f15	 f28:0x3f800000 f15:0xce33d000  f7=0x3f800000
     334845.000 ns	     33483	80006fe8	c0147ed3	fcvt.wu.s	x29,f8	  f8:0x40000000 x29=0x00000002
     334875.000 ns	     33486	80006fec	d0094ed3	fcvt.s.w	f29,x18	 x18:0x00000001 f29=0x3f800000
     334905.000 ns	     33489	80006ff0	e00e8e53	fmv.x.w	x28,f29	 f29:0x7fc00000 x28=0x3f800000
     334935.000 ns	     33492	80006ff4	02344233	div	x4,x8,x3	  x8:0x00000000  x3:0x00000000  x4=0xffffffff
     334955.000 ns	     33494	80006ff8	d33b5537	lui	x10,0xd33b5	 x10=0xd33b5000
     334965.000 ns	     33495	80006ffc	006d8eb3	add	x29,x27,x6	 x27:0x00000000  x6:0x00000000 x29=0x00000000
     334975.000 ns	     33496	80007000	0088f633	and	x12,x17,x8	 x17:0x80040fe4  x8:0x00000000 x12=0x00000000
     334985.000 ns	     33497	80007004	00b35e33	srl	x28,x6,x11	  x6:0x00000000 x11:0x00000001 x28=0x00000000
     335005.000 ns	     33499	80007008	e0078653	fmv.x.w	x12,f15	 f15:0xce33d000 x12=0xce33d000
     335025.000 ns	     33501	8000700c	406d5293	srai	x5,x26,0x6	 x26:0x00000000  x5=0x00000000
     335045.000 ns	     33503	80007010	028cd933	divu	x18,x25,x8	 x25:0xffffffff  x8:0x00000000 x18=0xffffffff
     335095.000 ns	     33508	80007014	09ae7e53	fsub.s	f28,f28,f26	 f28:0x3f800000 f26:0x7fc00000 f28=0x7fc00000
     335125.000 ns	     33511	80007018	e00f0153	fmv.x.w	x2,f30	 f30:0x80000000  x2=0x80000000
     335155.000 ns	     33514	8000701c	28420153	fmin.s	f2,f4,f4	  f4:0x7fc00000  f4:0x7fc00000  f2=0x7fc00000
     335185.000 ns	     33517	80007020	03769233	mulh	x4,x13,x23	 x13:0xf1a10000 x23:0x80041024  x4=0x072f459c
     335215.000 ns	     33520	80007024	29b415d3	fmax.s	f11,f8,f27	  f8:0x40000000 f27:0x7fc00000 f11=0x40000000
     335245.000 ns	     33523	80007028	e0090cd3	fmv.x.w	x25,f18	 f18:0x80000000 x25=0x80000000
     335615.000 ns	     33560	8000702c	031563b3	rem	x7,x10,x17	 x10:0xd33b5000 x17:0x80040fe4  x7=0xd33b5000
     335635.000 ns	     33562	80007030	403e5493	srai	x9,x28,0x3	 x28:0x00000000  x9=0x00000000
     335995.000 ns	     33598	80007034	02c7e5b3	rem	x11,x15,x12	 x15:0x00000000 x12:0xce33d000 x11=0x00000000
     336025.000 ns	     33601	80007038	d00cb653	fcvt.s.w	f12,x25	 x25:0x80000000 f12=0xcf000000
     336065.000 ns	     33605	8000703c	1098f253	fmul.s	f4,f17,f9	 f17:0x7fc00000  f9:0x7fc00000  f4=0x7fc00000
     336095.000 ns	     33608	80007040	a1a8ae53	feq.s	x28,f17,f26	 f17:0x7fc00000 f26:0x7fc00000 x28=0x00000000
     336115.000 ns	     33610	80007044	556ea413	slti	x8,x29,1366	 x29:0x00000000  x8=0x00000001
     336135.000 ns	     33612	80007048	03b2a733	mulhsu	x14,x5,x27	  x5:0x00000000 x27:0x00000000 x14=0x00000000
     336155.000 ns	     33614	8000704c	01756ab3	or	x21,x10,x23	 x10:0xd33b5000 x23:0x80041024 x21=0xd33f5024
     336175.000 ns	     33616	80007050	c0043d53	fcvt.w.s	x26,f8	  f8:0x40000000 x26=0x00000002
     336215.000 ns	     33620	80007054	11883753	fmul.s	f14,f16,f24	 f16:0x7fc00000 f24:0x7fc00000 f14=0x7fc00000
     336235.000 ns	     33622	80007058	07d32937	lui	x18,0x7d32	 x18=0x07d32000
     336245.000 ns	     33623	8000705c	66334593	xori	x11,x6,1635	  x6:0x00000000 x11=0x00000663
     336255.000 ns	     33624	80007060	018136b3	sltu	x13,x2,x24	  x2:0x80000000 x24:0x4e33d000 x13=0x00000000
     336275.000 ns	     33626	80007064	a0c60ed3	fle.s	x29,f12,f12	 f12:0xcf000000 f12:0xcf000000 x29=0x00000001
     336645.000 ns	     33663	80007068	03a142b3	div	x5,x2,x26	  x2:0x80000000 x26:0x00000002  x5=0xc0000000
     336675.000 ns	     33666	8000706c	03c19eb3	mulh	x29,x3,x28	  x3:0x00000000 x28:0x00000000 x29=0x00000000
     336695.000 ns	     33668	80007070	00df9113	slli	x2,x31,0xd	 x31:0x00000009  x2=0x00012000
     336715.000 ns	     33670	80007074	a1d38653	fle.s	x12,f7,f29	  f7:0x3f800000 f29:0x3f800000 x12=0x00000001
     336745.000 ns	     33673	80007078	023c1533	mulh	x10,x24,x3	 x24:0x4e33d000  x3:0x00000000 x10=0x00000000
     336775.000 ns	     33676	8000707c	02947533	remu	x10,x8,x9	  x8:0x00000001  x9:0x00000000 x10=0x00000001
     336805.000 ns	     33679	80007080	e0081153	fclass.s	x2,f16	 f16:0x7fc00000  x2=0x00000200
     336835.000 ns	     33682	80007084	d01879d3	fcvt.s.wu	f19,x16	 x16:0xffffffff f19=0x4f7fffff
     336865.000 ns	     33685	80007088	03b10f33	mul	x30,x2,x27	  x2:0x00000200 x27:0x00000000 x30=0x00000000
     336895.000 ns	     33688	8000708c	c01f7cd3	fcvt.wu.s	x25,f30	 f30:0x80000000 x25=0x00000000
     336935.000 ns	     33692	80007090	107070d3	fmul.s	f1,f0,f7	  f0:0x7fc00000  f7:0x3f800000  f1=0x7fc00000
     336955.000 ns	     33694	80007094	00b4a433	slt	x8,x9,x11	  x9:0x00000000 x11:0x00000663  x8=0x00000001
     336965.000 ns	     33695	80007098	00ef2033	slt	x0,x30,x14	 x30:0x00000000 x14:0x00000000
     336985.000 ns	     33697	8000709c	201c8bd3	fsgnj.s	f23,f25,f1	 f25:0x7fc00000  f1:0x7fc00000 f23=0x7fc00000
     337005.000 ns	     33699	800070a0	00e2d393	srli	x7,x5,0xe	  x5:0xc0000000  x7=0x00030000
     337025.000 ns	     33701	800070a4	a0731353	flt.s	x6,f6,f7	  f6:0xcefff7e1  f7:0x3f800000  x6=0x00000001
     337045.000 ns	     33703	800070a8	40c8d693	srai	x13,x17,0xc	 x17:0x80040fe4 x13=0xfff80040
     337065.000 ns	     33705	800070ac	a0b58e53	fle.s	x28,f11,f11	 f11:0x40000000 f11:0x40000000 x28=0x00000001
     337085.000 ns	     33707	800070b0	006b5293	srli	x5,x22,0x6	 x22:0xffffffff  x5=0x03ffffff
     337095.000 ns	     33708	800070b4	00016333	or	x6,x2,x0	  x2:0x00000200  x0:0x00000000  x6=0x00000200
     337105.000 ns	     33709	800070b8	400a5633	sra	x12,x20,x0	 x20:0xfffff854  x0:0x00000000 x12=0xfffff854
     337125.000 ns	     33711	800070bc	21462353	fsgnjx.s	f6,f12,f20	 f12:0xcf000000 f20:0xff800000  f6=0x4f000000
     337155.000 ns	     33714	800070c0	c00bf7d3	fcvt.w.s	x15,f23	 f23:0x7fc00000 x15=0x7fffffff
     337185.000 ns	     33717	800070c4	28b088d3	fmin.s	f17,f1,f11	  f1:0x7fc00000 f11:0x40000000 f17=0x40000000
     337205.000 ns	     33719	800070c8	01b121b3	slt	x3,x2,x27	  x2:0x00000200 x27:0x00000000  x3=0x00000000
     337225.000 ns	     33721	800070cc	a084a353	feq.s	x6,f9,f8	  f9:0x7fc00000  f8:0x40000000  x6=0x00000000
     337245.000 ns	     33723	800070d0	00000013	addi	x0,x0,0	  x0:0x00000000
     337255.000 ns	     33724	800070d4	00000013	addi	x0,x0,0	  x0:0x00000000
     337265.000 ns	     33725	800070d8	01135d33	srl	x26,x6,x17	  x6:0x00000000 x17:0x80040fe4 x26=0x00000000
     337285.000 ns	     33727	800070dc	28978cd3	fmin.s	f25,f15,f9	 f15:0xce33d000  f9:0x7fc00000 f25=0xce33d000
     337315.000 ns	     33730	800070e0	033f22b3	mulhsu	x5,x30,x19	 x30:0x00000000 x19:0xffffffff  x5=0x00000000
     337335.000 ns	     33732	800070e4	ff5a29b7	lui	x19,0xff5a2	 x19=0xff5a2000
     337345.000 ns	     33733	800070e8	013e1093	slli	x1,x28,0x13	 x28:0x00000001  x1=0x00080000
     337355.000 ns	     33734	800070ec	00ebb5b3	sltu	x11,x23,x14	 x23:0x80041024 x14:0x00000000 x11=0x00000000
     337365.000 ns	     33735	800070f0	01b4c7b3	xor	x15,x9,x27	  x9:0x00000000 x27:0x00000000 x15=0x00000000
     337405.000 ns	     33739	800070f4	008df0d3	fadd.s	f1,f27,f8	 f27:0x7fc00000  f8:0x40000000  f1=0x7fc00000
     337425.000 ns	     33741	800070f8	003287b3	add	x15,x5,x3	  x5:0x00000000  x3:0x00000000 x15=0x00000000
     337435.000 ns	     33742	800070fc	01ad6433	or	x8,x26,x26	 x26:0x00000000 x26:0x00000000  x8=0x00000000
     337455.000 ns	     33744	80007100	f00d88d3	fmv.w.x	f17,x27	 x27:0x00000000 f17=0x00000000
     337485.000 ns	     33747	80007104	a0c11353	flt.s	x6,f2,f12	  f2:0x7fc00000 f12:0xcf000000  x6=0x00000000
     337505.000 ns	     33749	80007108	001b3433	sltu	x8,x22,x1	 x22:0xffffffff  x1:0x00080000  x8=0x00000000
     337525.000 ns	     33751	8000710c	02843333	mulhu	x6,x8,x8	  x8:0x00000000  x8:0x00000000  x6=0x00000000
     337545.000 ns	     33753	80007110	84fdb997	auipc	x19,0x84fdb	 x19=0x04fe2110
     337565.000 ns	     33755	80007114	285618d3	fmax.s	f17,f12,f5	 f12:0xcf000000  f5:0x7fc00000 f17=0xcf000000
     337585.000 ns	     33757	80007118	01a44133	xor	x2,x8,x26	  x8:0x00000000 x26:0x00000000  x2=0x00000000
     337605.000 ns	     33759	8000711c	a000af53	feq.s	x30,f1,f0	  f1:0x7fc00000  f0:0x7fc00000 x30=0x00000000
     337625.000 ns	     33761	80007120	41025793	srai	x15,x4,0x10	  x4:0x072f459c x15=0x0000072f
     337645.000 ns	     33763	80007124	28c21253	fmax.s	f4,f4,f12	  f4:0x7fc00000 f12:0xcf000000  f4=0xcf000000
     337685.000 ns	     33767	80007128	182ef653	fdiv.s	f12,f29,f2	 f29:0x3f800000  f2:0x7fc00000 f12=0x7fc00000
     337725.000 ns	     33771	8000712c	19aa3ad3	fdiv.s	f21,f20,f26	 f20:0xff800000 f26:0x7fc00000 f21=0x7fc00000
     337765.000 ns	     33775	80007130	11b34353	fmul.s	f6,f6,f27	  f6:0x4f000000 f27:0x7fc00000  f6=0x7fc00000
     337785.000 ns	     33777	80007134	012346b3	xor	x13,x6,x18	  x6:0x00000000 x18:0x07d32000 x13=0x07d32000
     337815.000 ns	     33780	80007138	580a79d3	fsqrt.s	f19,f20	 f20:0xff800000 f19=0x7fc00000
     337845.000 ns	     33783	8000713c	032fba33	mulhu	x20,x31,x18	 x31:0x00000009 x18:0x07d32000 x20=0x00000000
     337865.000 ns	     33785	80007140	41c15a33	sra	x20,x2,x28	  x2:0x00000000 x28:0x00000001 x20=0x00000000
     337895.000 ns	     33788	80007144	106c3cd3	fmul.s	f25,f24,f6	 f24:0x7fc00000  f6:0x7fc00000 f25=0x7fc00000
     337915.000 ns	     33790	80007148	01c89693	slli	x13,x17,0x1c	 x17:0x80040fe4 x13=0x40000000
     337935.000 ns	     33792	8000714c	03070633	mul	x12,x14,x16	 x14:0x00000000 x16:0xffffffff x12=0x00000000
     337965.000 ns	     33795	80007150	02886db3	rem	x27,x16,x8	 x16:0xffffffff  x8:0x00000000 x27=0xffffffff
     337985.000 ns	     33797	80007154	0173b733	sltu	x14,x7,x23	  x7:0x00030000 x23:0x80041024 x14=0x00000001
     337995.000 ns	     33798	80007158	a6324313	xori	x6,x4,-1437	  x4:0x072f459c  x6=0xf8d0bfff
     338015.000 ns	     33800	8000715c	02846333	rem	x6,x8,x8	  x8:0x00000000  x8:0x00000000  x6=0x00000000
     338385.000 ns	     33837	80007160	03326533	rem	x10,x4,x19	  x4:0x072f459c x19:0x04fe2110 x10=0x0231248c
     338415.000 ns	     33840	80007164	283a85d3	fmin.s	f11,f21,f3	 f21:0x7fc00000  f3:0x00000000 f11=0x00000000
     338435.000 ns	     33842	80007168	01ccf4b3	and	x9,x25,x28	 x25:0x00000000 x28:0x00000001  x9=0x00000000
     338445.000 ns	     33843	8000716c	12196d93	ori	x27,x18,289	 x18:0x07d32000 x27=0x07d32121
     338455.000 ns	     33844	80007170	00d65e33	srl	x28,x12,x13	 x12:0x00000000 x13:0x40000000 x28=0x00000000
     338475.000 ns	     33846	80007174	f00c8c53	fmv.w.x	f24,x25	 x25:0x00000000 f24=0x00000000
     338505.000 ns	     33849	80007178	28a41e53	fmax.s	f28,f8,f10	  f8:0x40000000 f10:0x80000000 f28=0x40000000
     338535.000 ns	     33852	8000717c	c01b2cd3	fcvt.wu.s	x25,f22	 f22:0x40000000 x25=0x00000002
     338585.000 ns	     33857	80007180	0835f853	fsub.s	f16,f11,f3	 f11:0x00000000  f3:0x00000000 f16=0x80000000
     338955.000 ns	     33894	80007184	02eafab3	remu	x21,x21,x14	 x21:0xd33f5024 x14:0x00000001 x21=0x00000000
     338975.000 ns	     33896	80007188	8cd1c913	xori	x18,x3,-1843	  x3:0x00000000 x18=0xfffff8cd
     339015.000 ns	     33900	8000718c	09a276d3	fsub.s	f13,f4,f26	  f4:0xcf000000 f26:0x7fc00000 f13=0x7fc00000
     339035.000 ns	     33902	80007190	01675e13	srli	x28,x14,0x16	 x14:0x00000001 x28=0x00000000
     339055.000 ns	     33904	80007194	03731d33	mulh	x26,x6,x23	  x6:0x00000000 x23:0x80041024 x26=0x00000000
     339075.000 ns	     33906	80007198	0186eb33	or	x22,x13,x24	 x13:0x40000000 x24:0x4e33d000 x22=0x4e33d000
     339085.000 ns	     33907	8000719c	011f72b3	and	x5,x30,x17	 x30:0x00000000 x17:0x80040fe4  x5=0x00000000
     339105.000 ns	     33909	800071a0	d00045d3	fcvt.s.w	f11,x0	  x0:0x00000000 f11=0x00000000
     339125.000 ns	     33911	800071a4	014e00b3	add	x1,x28,x20	 x28:0x00000000 x20:0x00000000  x1=0x00000000
     339145.000 ns	     33913	800071a8	a0138b53	fle.s	x22,f7,f1	  f7:0x3f800000  f1:0x7fc00000 x22=0x00000000
     339175.000 ns	     33916	800071ac	20490c53	fsgnj.s	f24,f18,f4	 f18:0x80000000  f4:0xcf000000 f24=0x80000000
     339205.000 ns	     33919	800071b0	a1139153	flt.s	x2,f7,f17	  f7:0x3f800000 f17:0xcf000000  x2=0x00000000
     339235.000 ns	     33922	800071b4	d002f553	fcvt.s.w	f10,x5	  x5:0x00000000 f10=0x00000000
     339255.000 ns	     33924	800071b8	0116f9b3	and	x19,x13,x17	 x13:0x40000000 x17:0x80040fe4 x19=0x00000000
     339275.000 ns	     33926	800071bc	c00ef4d3	fcvt.w.s	x9,f29	 f29:0x3f800000  x9=0x00000001
     339315.000 ns	     33930	800071c0	18ed4d53	fdiv.s	f26,f26,f14	 f26:0x7fc00000 f14:0x7fc00000 f26=0x7fc00000
     339335.000 ns	     33932	800071c4	32e78997	auipc	x19,0x32e78	 x19=0xb2e7f1c4
     339345.000 ns	     33933	800071c8	009c40b3	xor	x1,x24,x9	 x24:0x4e33d000  x9:0x00000001  x1=0x4e33d001
     339355.000 ns	     33934	800071cc	010a11b3	sll	x3,x20,x16	 x20:0x00000000 x16:0xffffffff  x3=0x00000000
     339375.000 ns	     33936	800071d0	f0018b53	fmv.w.x	f22,x3	  x3:0x00000000 f22=0x00000000
     339395.000 ns	     33938	800071d4	c5b06113	ori	x2,x0,-933	  x0:0x00000000  x2=0xfffffc5b
     339415.000 ns	     33940	800071d8	d00afbd3	fcvt.s.w	f23,x21	 x21:0x00000000 f23=0x00000000
     339445.000 ns	     33943	800071dc	036c2633	mulhsu	x12,x24,x22	 x24:0x4e33d000 x22:0x00000000 x12=0x00000000
     339465.000 ns	     33945	800071e0	ff8fba93	sltiu	x21,x31,-8	 x31:0x00000009 x21=0x00000001
     339475.000 ns	     33946	800071e4	00374933	xor	x18,x14,x3	 x14:0x00000001  x3:0x00000000 x18=0x00000001
     339495.000 ns	     33948	800071e8	a1b18dd3	fle.s	x27,f3,f27	  f3:0x00000000 f27:0x7fc00000 x27=0x00000000
     339865.000 ns	     33985	800071ec	02296eb3	rem	x29,x18,x2	 x18:0xfffff8cd  x2:0xfffffc5b x29=0x00000001
     339895.000 ns	     33988	800071f0	20e79453	fsgnjn.s	f8,f15,f14	 f15:0xce33d000 f14:0x7fc00000  f8=0xce33d000
     339925.000 ns	     33991	800071f4	0285eeb3	rem	x29,x11,x8	 x11:0x00000000  x8:0x00000000 x29=0x00000000
     339955.000 ns	     33994	800071f8	c00377d3	fcvt.w.s	x15,f6	  f6:0x7fc00000 x15=0x7fffffff
     339985.000 ns	     33997	800071fc	03782b33	mulhsu	x22,x16,x23	 x16:0xffffffff x23:0x80041024 x22=0xffffffff
     340005.000 ns	     33999	80007200	a3fa2a93	slti	x21,x20,-1473	 x20:0x00000000 x21=0x00000000
     340025.000 ns	     34001	80007204	d0037753	fcvt.s.w	f14,x6	  x6:0x00000000 f14=0x00000000
     340045.000 ns	     34003	80007208	003be4b3	or	x9,x23,x3	 x23:0x80041024  x3:0x00000000  x9=0x80041024
     340065.000 ns	     34005	8000720c	0231adb3	mulhsu	x27,x3,x3	  x3:0x00000000  x3:0x00000000 x27=0x00000000
     340095.000 ns	     34008	80007210	d0053853	fcvt.s.w	f16,x10	 x10:0x0231248c f16=0x4c0c4923
     340115.000 ns	     34010	80007214	37343093	sltiu	x1,x8,883	  x8:0x00000000  x1=0x00000001
     340125.000 ns	     34011	80007218	00f71833	sll	x16,x14,x15	 x14:0x00000001 x15:0x7fffffff x16=0x80000000
     340145.000 ns	     34013	8000721c	e0070b53	fmv.x.w	x22,f14	 f14:0x00000000 x22=0x00000000
     340175.000 ns	     34016	80007220	e0048353	fmv.x.w	x6,f9	  f9:0x7fc00000  x6=0x7fc00000
     340205.000 ns	     34019	80007224	026e8133	mul	x2,x29,x6	 x29:0x00000000  x6:0x00000000  x2=0x00000000
     340225.000 ns	     34021	80007228	5ad6be93	sltiu	x29,x13,1453	 x13:0x40000000 x29=0x00000000
     340585.000 ns	     34057	8000722c	0309e6b3	rem	x13,x19,x16	 x19:0xb2e7f1c4 x16:0x80000000 x13=0xb2e7f1c4
     340615.000 ns	     34060	80007230	02bf0133	mul	x2,x30,x11	 x30:0x00000000 x11:0x00000000  x2=0x00000000
     340635.000 ns	     34062	80007234	019c2cb3	slt	x25,x24,x25	 x24:0x4e33d000 x25:0x00000002 x25=0x00000000
     340645.000 ns	     34063	80007238	00312b33	slt	x22,x2,x3	  x2:0x00000000  x3:0x00000000 x22=0x00000000
     340665.000 ns	     34065	8000723c	02999933	mulh	x18,x19,x9	 x19:0xb2e7f1c4  x9:0x80041024 x18=0x268acde1
     340685.000 ns	     34067	80007240	fdc60c37	lui	x24,0xfdc60	 x24=0xfdc60000
     340705.000 ns	     34069	80007244	e00a10d3	fclass.s	x1,f20	 f20:0xff800000  x1=0x00000001
     340725.000 ns	     34071	80007248	7d64a0b7	lui	x1,0x7d64a	  x1=0x7d64a000
     340745.000 ns	     34073	8000724c	f00503d3	fmv.w.x	f7,x10	 x10:0x0231248c  f7=0x0231248c
     340765.000 ns	     34075	80007250	00b311b3	sll	x3,x6,x11	  x6:0x7fc00000 x11:0x00000000  x3=0x7fc00000
     340775.000 ns	     34076	80007254	01ceb5b3	sltu	x11,x29,x28	 x29:0x00000000 x28:0x00000000 x11=0x00000000
     340785.000 ns	     34077	80007258	01699133	sll	x2,x19,x22	 x19:0xb2e7f1c4 x22:0x00000000  x2=0xb2e7f1c4
     340795.000 ns	     34078	8000725c	3fe50393	addi	x7,x10,1022	 x10:0x0231248c  x7=0x0231288a
     340815.000 ns	     34080	80007260	a04ca9d3	feq.s	x19,f25,f4	 f25:0x7fc00000  f4:0xcf000000 x19=0x00000000
     340835.000 ns	     34082	80007264	00000013	addi	x0,x0,0	  x0:0x00000000
     340855.000 ns	     34084	80007268	0373a1b3	mulhsu	x3,x7,x23	  x7:0x0231288a x23:0x80041024  x3=0x01189d2d
     340875.000 ns	     34086	8000726c	01c8be33	sltu	x28,x17,x28	 x17:0x80040fe4 x28:0x00000000 x28=0x00000000
     340895.000 ns	     34088	80007270	d00e7b53	fcvt.s.w	f22,x28	 x28:0x00000000 f22=0x00000000
     340915.000 ns	     34090	80007274	012a5813	srli	x16,x20,0x12	 x20:0x00000000 x16=0x00000000
     340925.000 ns	     34091	80007278	41745833	sra	x16,x8,x23	  x8:0x00000000 x23:0x80041024 x16=0x00000000
     340955.000 ns	     34094	8000727c	580d7c53	fsqrt.s	f24,f26	 f26:0x7fc00000 f24=0x7fc00000
     340975.000 ns	     34096	80007280	01db6833	or	x16,x22,x29	 x22:0x00000000 x29:0x00000000 x16=0x00000000
     341005.000 ns	     34099	80007284	11087353	fmul.s	f6,f16,f16	 f16:0x4c0c4923 f16:0x4c0c4923  f6=0x5899c026
     341035.000 ns	     34102	80007288	e00d8c53	fmv.x.w	x24,f27	 f27:0x7fc00000 x24=0x7fc00000
     341055.000 ns	     34104	8000728c	00cdd313	srli	x6,x27,0xc	 x27:0x00000000  x6=0x00000000
     341065.000 ns	     34105	80007290	007adeb3	srl	x29,x21,x7	 x21:0x00000000  x7:0x0231288a x29=0x00000000
     341085.000 ns	     34107	80007294	292113d3	fmax.s	f7,f2,f18	  f2:0x7fc00000 f18:0x80000000  f7=0x80000000
     341115.000 ns	     34110	80007298	283f15d3	fmax.s	f11,f30,f3	 f30:0x80000000  f3:0x00000000 f11=0x00000000
     341135.000 ns	     34112	8000729c	00b22a33	slt	x20,x4,x11	  x4:0x072f459c x11:0x00000000 x20=0x00000000
     341155.000 ns	     34114	800072a0	c0121753	fcvt.wu.s	x14,f4	  f4:0xcf000000 x14=0x80000000
     341195.000 ns	     34118	800072a4	11ba7753	fmul.s	f14,f20,f27	 f20:0xff800000 f27:0x7fc00000 f14=0x7fc00000
     341215.000 ns	     34120	800072a8	0009b4b3	sltu	x9,x19,x0	 x19:0x00000000  x0:0x00000000  x9=0x00000000
     341245.000 ns	     34123	800072ac	58092553	fsqrt.s	f10,f18	 f18:0x80000000 f10=0x80000000
     341275.000 ns	     34126	800072b0	0251f9b3	remu	x19,x3,x5	  x3:0x01189d2d  x5:0x00000000 x19=0x01189d2d
     341305.000 ns	     34129	800072b4	c01c74d3	fcvt.wu.s	x9,f24	 f24:0x7fc00000  x9=0xffffffff
     341325.000 ns	     34131	800072b8	001e2293	slti	x5,x28,1	 x28:0x00000000  x5=0x00000001
     341355.000 ns	     34134	800072bc	18a019d3	fdiv.s	f19,f0,f10	  f0:0x7fc00000 f10:0x80000000 f19=0x7fc00000
     341385.000 ns	     34137	800072c0	03161c33	mulh	x24,x12,x17	 x12:0x00000000 x17:0x80040fe4 x24=0x00000000
     341755.000 ns	     34174	800072c4	032547b3	div	x15,x10,x18	 x10:0x0231248c x18:0x268acde1 x15=0x00000000
     341795.000 ns	     34178	800072c8	198980d3	fdiv.s	f1,f19,f24	 f19:0x7fc00000 f24:0x7fc00000  f1=0x7fc00000
     341815.000 ns	     34180	800072cc	55184497	auipc	x9,0x55184	  x9=0xd518b2cc
     341835.000 ns	     34182	800072d0	c01cf6d3	fcvt.wu.s	x13,f25	 f25:0x7fc00000 x13=0xffffffff
     341855.000 ns	     34184	800072d4	f03eeb13	ori	x22,x29,-253	 x29:0x00000000 x22=0xffffff03
     341875.000 ns	     34186	800072d8	299e92d3	fmax.s	f5,f29,f25	 f29:0x3f800000 f25:0x7fc00000  f5=0x3f800000
     341905.000 ns	     34189	800072dc	a02c1b53	flt.s	x22,f24,f2	 f24:0x7fc00000  f2:0x7fc00000 x22=0x00000000
     341925.000 ns	     34191	800072e0	40f1d1b3	sra	x3,x3,x15	  x3:0x01189d2d x15:0x00000000  x3=0x01189d2d
     341965.000 ns	     34195	800072e4	00740953	fadd.s	f18,f8,f7	  f8:0xce33d000  f7:0x80000000 f18=0xce33d000
     341995.000 ns	     34198	800072e8	28f015d3	fmax.s	f11,f0,f15	  f0:0x7fc00000 f15:0xce33d000 f11=0xce33d000
     342015.000 ns	     34200	800072ec	01db60b3	or	x1,x22,x29	 x22:0x00000000 x29:0x00000000  x1=0x00000000
     342035.000 ns	     34202	800072f0	c001a7d3	fcvt.w.s	x15,f3	  f3:0x00000000 x15=0x00000000
     342055.000 ns	     34204	800072f4	40fe8e33	sub	x28,x29,x15	 x29:0x00000000 x15:0x00000000 x28=0x00000000
     342065.000 ns	     34205	800072f8	00d48833	add	x16,x9,x13	  x9:0xd518b2cc x13:0xffffffff x16=0xd518b2cb
     342085.000 ns	     34207	800072fc	a0548853	fle.s	x16,f9,f5	  f9:0x7fc00000  f5:0x3f800000 x16=0x00000000
     342115.000 ns	     34210	80007300	a0d91dd3	flt.s	x27,f18,f13	 f18:0xce33d000 f13:0x7fc00000 x27=0x00000000
     342135.000 ns	     34212	80007304	7aa3ed93	ori	x27,x7,1962	  x7:0x0231288a x27=0x02312faa
     342155.000 ns	     34214	80007308	d01cc5d3	fcvt.s.wu	f11,x25	 x25:0x00000000 f11=0x00000000
     342185.000 ns	     34217	8000730c	284e1dd3	fmax.s	f27,f28,f4	 f28:0x40000000  f4:0xcf000000 f27=0x40000000
     342215.000 ns	     34220	80007310	a089a153	feq.s	x2,f19,f8	 f19:0x7fc00000  f8:0xce33d000  x2=0x00000000
     342245.000 ns	     34223	80007314	a1aaa053	feq.s	x0,f21,f26	 f21:0x7fc00000 f26:0x7fc00000
     342265.000 ns	     34225	80007318	40df0d33	sub	x26,x30,x13	 x30:0x00000000 x13:0xffffffff x26=0x00000001
     342625.000 ns	     34261	8000731c	02e07b33	remu	x22,x0,x14	  x0:0x00000000 x14:0x80000000 x22=0x00000000
     342645.000 ns	     34263	80007320	40825733	sra	x14,x4,x8	  x4:0x072f459c  x8:0x00000000 x14=0x072f459c
     342665.000 ns	     34265	80007324	207da9d3	fsgnjx.s	f19,f27,f7	 f27:0x40000000  f7:0x80000000 f19=0xc0000000
     342695.000 ns	     34268	80007328	c007f5d3	fcvt.w.s	x11,f15	 f15:0xce33d000 x11=0x2cf40000
     342715.000 ns	     34270	8000732c	01adf533	and	x10,x27,x26	 x27:0x02312faa x26:0x00000001 x10=0x00000000
     342735.000 ns	     34272	80007330	0388d333	divu	x6,x17,x24	 x17:0x80040fe4 x24:0x00000000  x6=0xffffffff
     342765.000 ns	     34275	80007334	d001c1d3	fcvt.s.w	f3,x3	  x3:0x01189d2d  f3=0x4b8c4e97
     342795.000 ns	     34278	80007338	d01e28d3	fcvt.s.wu	f17,x28	 x28:0x00000000 f17=0x00000000
     342815.000 ns	     34280	8000733c	410bd693	srai	x13,x23,0x10	 x23:0x80041024 x13=0xffff8004
     343175.000 ns	     34316	80007340	02dae933	rem	x18,x21,x13	 x21:0x00000000 x13:0xffffffff x18=0x00000000
     343195.000 ns	     34318	80007344	a75e2013	slti	x0,x28,-1419	 x28:0x00000000
     343205.000 ns	     34319	80007348	007f30b3	sltu	x1,x30,x7	 x30:0x00000000  x7:0x0231288a  x1=0x00000001
     343215.000 ns	     34320	8000734c	013063b3	or	x7,x0,x19	  x0:0x00000000 x19:0x01189d2d  x7=0x01189d2d
     343225.000 ns	     34321	80007350	dbfedcb7	lui	x25,0xdbfed	 x25=0xdbfed000
     343245.000 ns	     34323	80007354	203315d3	fsgnjn.s	f11,f6,f3	  f6:0x5899c026  f3:0x4b8c4e97 f11=0xd899c026
     343275.000 ns	     34326	80007358	281598d3	fmax.s	f17,f11,f1	 f11:0x00000000  f1:0x7fc00000 f17=0xd899c026
     343305.000 ns	     34329	8000735c	030a3533	mulhu	x10,x20,x16	 x20:0x00000000 x16:0x00000000 x10=0x00000000
     343335.000 ns	     34332	80007360	e00b0e53	fmv.x.w	x28,f22	 f22:0x00000000 x28=0x00000000
     343365.000 ns	     34335	80007364	a0c18053	fle.s	x0,f3,f12	  f3:0x4b8c4e97 f12:0x7fc00000
     343415.000 ns	     34340	80007368	00b61b53	fadd.s	f22,f12,f11	 f12:0x7fc00000 f11:0xd899c026 f22=0x7fc00000
     343445.000 ns	     34343	8000736c	e00c8e53	fmv.x.w	x28,f25	 f25:0x7fc00000 x28=0x7fc00000
     343475.000 ns	     34346	80007370	c017fed3	fcvt.wu.s	x29,f15	 f15:0xce33d000 x29=0x2cf40000
     343495.000 ns	     34348	80007374	41fc52b3	sra	x5,x24,x31	 x24:0x00000000 x31:0x00000009  x5=0x00000000
     343515.000 ns	     34350	80007378	c01935d3	fcvt.wu.s	x11,f18	 f18:0xce33d000 x11=0x2cf40000
     343535.000 ns	     34352	8000737c	cc5be297	auipc	x5,0xcc5be	  x5=0x4c5c537c
     343895.000 ns	     34388	80007380	0318d333	divu	x6,x17,x17	 x17:0x80040fe4 x17:0x80040fe4  x6=0x00000001
     343915.000 ns	     34390	80007384	411d00b3	sub	x1,x26,x17	 x26:0x00000001 x17:0x80040fe4  x1=0x7ffbf01d
     343925.000 ns	     34391	80007388	0042b833	sltu	x16,x5,x4	  x5:0x4c5c537c  x4:0x072f459c x16=0x00000000
     343955.000 ns	     34394	8000738c	1978f153	fdiv.s	f2,f17,f23	 f17:0xd899c026 f23:0x00000000  f2=0xff800000
     343985.000 ns	     34397	80007390	d0161253	fcvt.s.wu	f4,x12	 x12:0x00000000  f4=0x00000000
     344015.000 ns	     34400	80007394	03750733	mul	x14,x10,x23	 x10:0x00000000 x23:0x80041024 x14=0x00000000
     344035.000 ns	     34402	80007398	010ec533	xor	x10,x29,x16	 x29:0x2cf40000 x16:0x00000000 x10=0x2cf40000
     344055.000 ns	     34404	8000739c	c001f353	fcvt.w.s	x6,f3	  f3:0x4b8c4e97  x6=0x01189d2e
     344075.000 ns	     34406	800073a0	41a05c13	srai	x24,x0,0x1a	  x0:0x00000000 x24=0x00000000
     344085.000 ns	     34407	800073a4	792f7713	andi	x14,x30,1938	 x30:0x00000000 x14=0x00000000
     344095.000 ns	     34408	800073a8	2e482213	slti	x4,x16,740	 x16:0x00000000  x4=0x00000001
     344425.000 ns	     34441	800073ac	1918f7d3	fdiv.s	f15,f17,f17	 f17:0xd899c026 f17:0xd899c026 f15=0x3f19c026
     344795.000 ns	     34478	800073b0	02d7ff33	remu	x30,x15,x13	 x15:0x00000000 x13:0xffff8004 x30=0x00000000
     344815.000 ns	     34480	800073b4	1abbbc13	sltiu	x24,x23,427	 x23:0x80041024 x24=0x00000000
     344825.000 ns	     34481	800073b8	761bb113	sltiu	x2,x23,1889	 x23:0x80041024  x2=0x00000000
     344845.000 ns	     34483	800073bc	c00595d3	fcvt.w.s	x11,f11	 f11:0xd899c026 x11=0x80000000
     344875.000 ns	     34486	800073c0	e0001dd3	fclass.s	x27,f0	  f0:0x7fc00000 x27=0x00000200
     345245.000 ns	     34523	800073c4	0216e3b3	rem	x7,x13,x1	 x13:0xffff8004  x1:0x7ffbf01d  x7=0xffff8004
     345265.000 ns	     34525	800073c8	408fd293	srai	x5,x31,0x8	 x31:0x00000009  x5=0x00000000
     345275.000 ns	     34526	800073cc	7e590813	addi	x16,x18,2021	 x18:0x00000000 x16=0x000007e5
     345295.000 ns	     34528	800073d0	a0ca9753	flt.s	x14,f21,f12	 f21:0x7fc00000 f12:0x7fc00000 x14=0x00000000
     345315.000 ns	     34530	800073d4	00facb33	xor	x22,x21,x15	 x21:0x00000000 x15:0x00000000 x22=0x00000000
     345325.000 ns	     34531	800073d8	ef0d4093	xori	x1,x26,-272	 x26:0x00000001  x1=0xfffffef1
     345345.000 ns	     34533	800073dc	d01bf8d3	fcvt.s.wu	f17,x23	 x23:0x80041024 f17=0x4f000410
     345365.000 ns	     34535	800073e0	d096f797	auipc	x15,0xd096f	 x15=0x509763e0
     345725.000 ns	     34571	800073e4	02685db3	divu	x27,x16,x6	 x16:0x000007e5  x6:0x01189d2e x27=0x00000000
     345745.000 ns	     34573	800073e8	6b656637	lui	x12,0x6b656	 x12=0x6b656000
     345755.000 ns	     34574	800073ec	01b760b3	or	x1,x14,x27	 x14:0x00000000 x27:0x00000000  x1=0x00000000
     345765.000 ns	     34575	800073f0	41cb5713	srai	x14,x22,0x1c	 x22:0x00000000 x14=0x00000000
     345775.000 ns	     34576	800073f4	00879c13	slli	x24,x15,0x8	 x15:0x509763e0 x24=0x9763e000
     345795.000 ns	     34578	800073f8	a1b606d3	fle.s	x13,f12,f27	 f12:0x7fc00000 f27:0x40000000 x13=0x00000000
     345825.000 ns	     34581	800073fc	20bea9d3	fsgnjx.s	f19,f29,f11	 f29:0x3f800000 f11:0xd899c026 f19=0xbf800000
     347005.000 ns	     34699	80007400	5808f0d3	fsqrt.s	f1,f17	 f17:0x4f000410  f1=0x46b50a40
     347055.000 ns	     34704	80007404	09f87fd3	fsub.s	f31,f16,f31	 f16:0x4c0c4923 f31:0x00000000 f31=0x4c0c4923
     347085.000 ns	     34707	80007408	036d8933	mul	x18,x27,x22	 x27:0x00000000 x22:0x00000000 x18=0x00000000
     347115.000 ns	     34710	8000740c	02349433	mulh	x8,x9,x3	  x9:0xd518b2cc  x3:0x01189d2d  x8=0xffd0f8ac
     347135.000 ns	     34712	80007410	41ed8db3	sub	x27,x27,x30	 x27:0x00000000 x30:0x00000000 x27=0x00000000
     347165.000 ns	     34715	80007414	580cc2d3	fsqrt.s	f5,f25	 f25:0x7fc00000  f5=0x7fc00000
     347185.000 ns	     34717	80007418	045b8113	addi	x2,x23,69	 x23:0x80041024  x2=0x80041069
     347195.000 ns	     34718	8000741c	00000013	addi	x0,x0,0	  x0:0x00000000
     347205.000 ns	     34719	80007420	a510c617	auipc	x12,0xa510c	 x12=0x25113420
     347215.000 ns	     34720	80007424	0081cb33	xor	x22,x3,x8	  x3:0x01189d2d  x8:0xffd0f8ac x22=0xfec86581
     347235.000 ns	     34722	80007428	e0019853	fclass.s	x16,f3	  f3:0x4b8c4e97 x16=0x00000040
     347255.000 ns	     34724	8000742c	00ca3933	sltu	x18,x20,x12	 x20:0x00000000 x12:0x25113420 x18=0x00000001
     347265.000 ns	     34725	80007430	aeeaa6b7	lui	x13,0xaeeaa	 x13=0xaeeaa000
     347275.000 ns	     34726	80007434	16410593	addi	x11,x2,356	  x2:0x80041069 x11=0x800411cd
     347295.000 ns	     34728	80007438	a056a853	feq.s	x16,f13,f5	 f13:0x7fc00000  f5:0x7fc00000 x16=0x00000000
     347315.000 ns	     34730	8000743c	84344c93	xori	x25,x8,-1981	  x8:0xffd0f8ac x25=0x002f00ef
     347325.000 ns	     34731	80007440	40bed633	sra	x12,x29,x11	 x29:0x2cf40000 x11:0x800411cd x12=0x000167a0
     347335.000 ns	     34732	80007444	40f18633	sub	x12,x3,x15	  x3:0x01189d2d x15:0x509763e0 x12=0xb081394d
     347345.000 ns	     34733	80007448	c044c713	xori	x14,x9,-1020	  x9:0xd518b2cc x14=0x2ae74ec8
     347355.000 ns	     34734	8000744c	73136797	auipc	x15,0x73136	 x15=0xf313d44c
     347375.000 ns	     34736	80007450	e00f0553	fmv.x.w	x10,f30	 f30:0x80000000 x10=0x80000000
     347415.000 ns	     34740	80007454	10d323d3	fmul.s	f7,f6,f13	  f6:0x5899c026 f13:0x7fc00000  f7=0x7fc00000
     347445.000 ns	     34743	80007458	038bbcb3	mulhu	x25,x23,x24	 x23:0x80041024 x24:0x9763e000 x25=0x4bb4571b
     347465.000 ns	     34745	8000745c	312d8e97	auipc	x29,0x312d8	 x29=0xb12df45c
     347485.000 ns	     34747	80007460	29a78353	fmin.s	f6,f15,f26	 f15:0x3f19c026 f26:0x7fc00000  f6=0x3f19c026
     347515.000 ns	     34750	80007464	c00b2453	fcvt.w.s	x8,f22	 f22:0x7fc00000  x8=0x7fffffff
     347555.000 ns	     34754	80007468	580a3d53	fsqrt.s	f26,f20	 f20:0xff800000 f26=0x7fc00000
     347585.000 ns	     34757	8000746c	f00906d3	fmv.w.x	f13,x18	 x18:0x00000001 f13=0x00000001
     347615.000 ns	     34760	80007470	297b81d3	fmin.s	f3,f23,f23	 f23:0x00000000 f23:0x00000000  f3=0x00000000
     347645.000 ns	     34763	80007474	a022a553	feq.s	x10,f5,f2	  f5:0x7fc00000  f2:0xff800000 x10=0x00000000
     347665.000 ns	     34765	80007478	5e2bf093	andi	x1,x23,1506	 x23:0x80041024  x1=0x00000020
     347695.000 ns	     34768	8000747c	58003153	fsqrt.s	f2,f0	  f0:0x7fc00000  f2=0x7fc00000
     347725.000 ns	     34771	80007480	21682053	fsgnjx.s	f0,f16,f22	 f16:0x4c0c4923 f22:0x7fc00000  f0=0x4c0c4923
     347755.000 ns	     34774	80007484	03521333	mulh	x6,x4,x21	  x4:0x00000001 x21:0x00000000  x6=0x00000000
     347785.000 ns	     34777	80007488	03c6b3b3	mulhu	x7,x13,x28	 x13:0xaeeaa000 x28:0x7fc00000  x7=0x57499558
     347805.000 ns	     34779	8000748c	a16f7493	andi	x9,x30,-1514	 x30:0x00000000  x9=0x00000000
     347825.000 ns	     34781	80007490	f00d0b53	fmv.w.x	f22,x26	 x26:0x00000001 f22=0x00000001
     347855.000 ns	     34784	80007494	a1351d53	flt.s	x26,f10,f19	 f10:0x80000000 f19:0xbf800000 x26=0x00000000
     347875.000 ns	     34786	80007498	01641693	slli	x13,x8,0x16	  x8:0x7fffffff x13=0xffc00000
     347885.000 ns	     34787	8000749c	7928f097	auipc	x1,0x7928f	  x1=0xf929649c
     347905.000 ns	     34789	800074a0	20041e53	fsgnjn.s	f28,f8,f0	  f8:0xce33d000  f0:0x4c0c4923 f28=0xce33d000
     347935.000 ns	     34792	800074a4	211797d3	fsgnjn.s	f15,f15,f17	 f15:0x3f19c026 f17:0x4f000410 f15=0xbf19c026
     347955.000 ns	     34794	800074a8	3d758693	addi	x13,x11,983	 x11:0x800411cd x13=0x800415a4
     347965.000 ns	     34795	800074ac	01921713	slli	x14,x4,0x19	  x4:0x00000001 x14=0x02000000
     347985.000 ns	     34797	800074b0	022a99b3	mulh	x19,x21,x2	 x21:0x00000000  x2:0x80041069 x19=0x00000000
     348015.000 ns	     34800	800074b4	e0061dd3	fclass.s	x27,f12	 f12:0x7fc00000 x27=0x00000200
     348045.000 ns	     34803	800074b8	a1fb87d3	fle.s	x15,f23,f31	 f23:0x00000000 f31:0x4c0c4923 x15=0x00000001
     348075.000 ns	     34806	800074bc	e0038653	fmv.x.w	x12,f7	  f7:0x7fc00000 x12=0x7fc00000
     348445.000 ns	     34843	800074c0	0368e7b3	rem	x15,x17,x22	 x17:0x80040fe4 x22:0xfec86581 x15=0xffd26dfb
     348465.000 ns	     34845	800074c4	01dfd633	srl	x12,x31,x29	 x31:0x00000009 x29:0xb12df45c x12=0x00000000
     348495.000 ns	     34848	800074c8	18e9a253	fdiv.s	f4,f19,f14	 f19:0xbf800000 f14:0x7fc00000  f4=0x7fc00000
     348525.000 ns	     34851	800074cc	a0f30a53	fle.s	x20,f6,f15	  f6:0x3f19c026 f15:0xbf19c026 x20=0x00000000
     348545.000 ns	     34853	800074d0	012a0133	add	x2,x20,x18	 x20:0x00000000 x18:0x00000001  x2=0x00000001
     348585.000 ns	     34857	800074d4	097171d3	fsub.s	f3,f2,f23	  f2:0x7fc00000 f23:0x00000000  f3=0x7fc00000
     348615.000 ns	     34860	800074d8	29170ad3	fmin.s	f21,f14,f17	 f14:0x7fc00000 f17:0x4f000410 f21=0x4f000410
     348635.000 ns	     34862	800074dc	40015eb3	sra	x29,x2,x0	  x2:0x00000001  x0:0x00000000 x29=0x00000001
     348645.000 ns	     34863	800074e0	00e05b33	srl	x22,x0,x14	  x0:0x00000000 x14:0x02000000 x22=0x00000000
     348655.000 ns	     34864	800074e4	007743b3	xor	x7,x14,x7	 x14:0x02000000  x7:0x57499558  x7=0x55499558
     348665.000 ns	     34865	800074e8	cfcaa213	slti	x4,x21,-772	 x21:0x00000000  x4=0x00000000
     349025.000 ns	     34901	800074ec	022a53b3	divu	x7,x20,x2	 x20:0x00000000  x2:0x00000001  x7=0x00000000
     349055.000 ns	     34904	800074f0	e0099553	fclass.s	x10,f19	 f19:0xbf800000 x10=0x00000002
     349085.000 ns	     34907	800074f4	02190b33	mul	x22,x18,x1	 x18:0x00000001  x1:0xf929649c x22=0xf929649c
     349115.000 ns	     34910	800074f8	c0104653	fcvt.wu.s	x12,f0	  f0:0x4c0c4923 x12=0x0231248c
     349135.000 ns	     34912	800074fc	0185a6b3	slt	x13,x11,x24	 x11:0x800411cd x24:0x9763e000 x13=0x00000001
     349155.000 ns	     34914	80007500	c006f453	fcvt.w.s	x8,f13	 f13:0x00000001  x8=0x00000000
     349185.000 ns	     34917	80007504	e00f8753	fmv.x.w	x14,f31	 f31:0x4c0c4923 x14=0x4c0c4923
     349215.000 ns	     34920	80007508	d01d4e53	fcvt.s.wu	f28,x26	 x26:0x00000000 f28=0x00000000
     349235.000 ns	     34922	8000750c	00b4d793	srli	x15,x9,0xb	  x9:0x00000000 x15=0x00000000
     349275.000 ns	     34926	80007510	08567ad3	fsub.s	f21,f12,f5	 f12:0x7fc00000  f5:0x7fc00000 f21=0x7fc00000
     349305.000 ns	     34929	80007514	02484f33	div	x30,x16,x4	 x16:0x00000000  x4:0x00000000 x30=0xffffffff
     349335.000 ns	     34932	80007518	d0000953	fcvt.s.w	f18,x0	  x0:0x00000000 f18=0x00000000
     349355.000 ns	     34934	8000751c	73c48b13	addi	x22,x9,1852	  x9:0x00000000 x22=0x0000073c
     349375.000 ns	     34936	80007520	20c223d3	fsgnjx.s	f7,f4,f12	  f4:0x7fc00000 f12:0x7fc00000  f7=0x7fc00000
     349405.000 ns	     34939	80007524	034446b3	div	x13,x8,x20	  x8:0x00000000 x20:0x00000000 x13=0xffffffff
     349425.000 ns	     34941	80007528	7ab3fd13	andi	x26,x7,1963	  x7:0x00000000 x26=0x00000000
     349435.000 ns	     34942	8000752c	00124733	xor	x14,x4,x1	  x4:0x00000000  x1:0xf929649c x14=0xf929649c
     349455.000 ns	     34944	80007530	a1b995d3	flt.s	x11,f19,f27	 f19:0xbf800000 f27:0x40000000 x11=0x00000001
     349475.000 ns	     34946	80007534	8f362293	slti	x5,x12,-1805	 x12:0x0231248c  x5=0x00000000
     349485.000 ns	     34947	80007538	00000013	addi	x0,x0,0	  x0:0x00000000
     349495.000 ns	     34948	8000753c	4048dd13	srai	x26,x17,0x4	 x17:0x80040fe4 x26=0xf80040fe
     349505.000 ns	     34949	80007540	bfc2a513	slti	x10,x5,-1028	  x5:0x00000000 x10=0x00000000
     349525.000 ns	     34951	80007544	e00010d3	fclass.s	x1,f0	  f0:0x4c0c4923  x1=0x00000040
     349555.000 ns	     34954	80007548	a1d61dd3	flt.s	x27,f12,f29	 f12:0x7fc00000 f29:0x3f800000 x27=0x00000000
     349605.000 ns	     34959	8000754c	014aff53	fadd.s	f30,f21,f20	 f21:0x7fc00000 f20:0xff800000 f30=0x7fc00000
     349625.000 ns	     34961	80007550	00aab833	sltu	x16,x21,x10	 x21:0x00000000 x10:0x00000000 x16=0x00000000
     349645.000 ns	     34963	80007554	28cd17d3	fmax.s	f15,f26,f12	 f26:0x7fc00000 f12:0x7fc00000 f15=0x7fc00000
     349675.000 ns	     34966	80007558	a1060453	fle.s	x8,f12,f16	 f12:0x7fc00000 f16:0x4c0c4923  x8=0x00000000
     349725.000 ns	     34971	8000755c	00a676d3	fadd.s	f13,f12,f10	 f12:0x7fc00000 f10:0x80000000 f13=0x7fc00000
     349745.000 ns	     34973	80007560	01cade93	srli	x29,x21,0x1c	 x21:0x00000000 x29=0x00000000
     349755.000 ns	     34974	80007564	0035eeb3	or	x29,x11,x3	 x11:0x00000001  x3:0x01189d2d x29=0x01189d2d
     349765.000 ns	     34975	80007568	5e636493	ori	x9,x6,1510	  x6:0x00000000  x9=0x000005e6
     349775.000 ns	     34976	8000756c	41725813	srai	x16,x4,0x17	  x4:0x00000000 x16=0x00000000
     349795.000 ns	     34978	80007570	a02e9053	flt.s	x0,f29,f2	 f29:0x3f800000  f2:0x7fc00000
     349815.000 ns	     34980	80007574	0b27a317	auipc	x6,0xb27a	  x6=0x8b281574
     349825.000 ns	     34981	80007578	4dd77793	andi	x15,x14,1245	 x14:0xf929649c x15=0x0000049c
     349835.000 ns	     34982	8000757c	f7c9b493	sltiu	x9,x19,-132	 x19:0x00000000  x9=0x00000001
     349845.000 ns	     34983	80007580	00d99c93	slli	x25,x19,0xd	 x19:0x00000000 x25=0x00000000
     349865.000 ns	     34985	80007584	02ce82b3	mul	x5,x29,x12	 x29:0x01189d2d x12:0x0231248c  x5=0x7f2d489c
     349895.000 ns	     34988	80007588	0349e033	rem	x0,x19,x20	 x19:0x00000000 x20:0x00000000
     349925.000 ns	     34991	8000758c	03880eb3	mul	x29,x16,x24	 x16:0x00000000 x24:0x9763e000 x29=0x00000000
     349945.000 ns	     34993	80007590	0042ba33	sltu	x20,x5,x4	  x5:0x7f2d489c  x4:0x00000000 x20=0x00000000
     349955.000 ns	     34994	80007594	8781ad97	auipc	x27,0x8781a	 x27=0x07821594
     349965.000 ns	     34995	80007598	72d371b7	lui	x3,0x72d37	  x3=0x72d37000
     349985.000 ns	     34997	8000759c	0274f6b3	remu	x13,x9,x7	  x9:0x00000001  x7:0x00000000 x13=0x00000001
     350005.000 ns	     34999	800075a0	761b2913	slti	x18,x22,1889	 x22:0x0000073c x18=0x00000001
     350025.000 ns	     35001	800075a4	e00f1ad3	fclass.s	x21,f30	 f30:0x7fc00000 x21=0x00000200
     350055.000 ns	     35004	800075a8	a1091f53	flt.s	x30,f18,f16	 f18:0x00000000 f16:0x4c0c4923 x30=0x00000001
     350085.000 ns	     35007	800075ac	a17aadd3	feq.s	x27,f21,f23	 f21:0x7fc00000 f23:0x00000000 x27=0x00000000
     350115.000 ns	     35010	800075b0	c00ef653	fcvt.w.s	x12,f29	 f29:0x3f800000 x12=0x00000001
     350135.000 ns	     35012	800075b4	01139213	slli	x4,x7,0x11	  x7:0x00000000  x4=0x00000000
     350165.000 ns	     35015	800075b8	107af153	fmul.s	f2,f21,f7	 f21:0x7fc00000  f7:0x7fc00000  f2=0x7fc00000
     350195.000 ns	     35018	800075bc	e0041053	fclass.s	x0,f8	  f8:0xce33d000
     350225.000 ns	     35021	800075c0	a0e61f53	flt.s	x30,f12,f14	 f12:0x7fc00000 f14:0x7fc00000 x30=0x00000000
     350265.000 ns	     35025	800075c4	18a77053	fdiv.s	f0,f14,f10	 f14:0x7fc00000 f10:0x80000000  f0=0x7fc00000
     350295.000 ns	     35028	800075c8	0343ec33	rem	x24,x7,x20	  x7:0x00000000 x20:0x00000000 x24=0x00000000
     350315.000 ns	     35030	800075cc	40b2d9b3	sra	x19,x5,x11	  x5:0x7f2d489c x11:0x00000001 x19=0x3f96a44e
     350325.000 ns	     35031	800075d0	003b46b3	xor	x13,x22,x3	 x22:0x0000073c  x3:0x72d37000 x13=0x72d3773c
     350345.000 ns	     35033	800075d4	030f36b3	mulhu	x13,x30,x16	 x30:0x00000000 x16:0x00000000 x13=0x00000000
     350375.000 ns	     35036	800075d8	02e22db3	mulhsu	x27,x4,x14	  x4:0x00000000 x14:0xf929649c x27=0x00000000
     350405.000 ns	     35039	800075dc	02872a33	mulhsu	x20,x14,x8	 x14:0xf929649c  x8:0x00000000 x20=0x00000000
     350435.000 ns	     35042	800075e0	03612233	mulhsu	x4,x2,x22	  x2:0x00000001 x22:0x0000073c  x4=0x00000000
     350465.000 ns	     35045	800075e4	a173a053	feq.s	x0,f7,f23	  f7:0x7fc00000 f23:0x00000000
     350485.000 ns	     35047	800075e8	0028bcb3	sltu	x25,x17,x2	 x17:0x80040fe4  x2:0x00000001 x25=0x00000000
     350845.000 ns	     35083	800075ec	03226933	rem	x18,x4,x18	  x4:0x00000000 x18:0x00000001 x18=0x00000000
     350875.000 ns	     35086	800075f0	e00f1253	fclass.s	x4,f30	 f30:0x7fc00000  x4=0x00000200
     350905.000 ns	     35089	800075f4	a0851ad3	flt.s	x21,f10,f8	 f10:0x80000000  f8:0xce33d000 x21=0x00000000
     350935.000 ns	     35092	800075f8	03322533	mulhsu	x10,x4,x19	  x4:0x00000200 x19:0x3f96a44e x10=0x0000007f
     350965.000 ns	     35095	800075fc	28d10453	fmin.s	f8,f2,f13	  f2:0x7fc00000 f13:0x7fc00000  f8=0x7fc00000
     350985.000 ns	     35097	80007600	01da05b3	add	x11,x20,x29	 x20:0x00000000 x29:0x00000000 x11=0x00000000
     350995.000 ns	     35098	80007604	0134b833	sltu	x16,x9,x19	  x9:0x00000001 x19:0x3f96a44e x16=0x00000001
     351015.000 ns	     35100	80007608	034ecb33	div	x22,x29,x20	 x29:0x00000000 x20:0x00000000 x22=0xffffffff
     351035.000 ns	     35102	8000760c	003a3533	sltu	x10,x20,x3	 x20:0x00000000  x3:0x72d37000 x10=0x00000001
     351045.000 ns	     35103	80007610	40aa89b3	sub	x19,x21,x10	 x21:0x00000000 x10:0x0000007f x19=0xffffffff
     351065.000 ns	     35105	80007614	283a0cd3	fmin.s	f25,f20,f3	 f20:0xff800000  f3:0x7fc00000 f25=0xff800000
     351095.000 ns	     35108	80007618	20808fd3	fsgnj.s	f31,f1,f8	  f1:0x46b50a40  f8:0x7fc00000 f31=0x46b50a40
     351115.000 ns	     35110	8000761c	39ee4eb7	lui	x29,0x39ee4	 x29=0x39ee4000
     351125.000 ns	     35111	80007620	419185b3	sub	x11,x3,x25	  x3:0x72d37000 x25:0x00000000 x11=0x72d37000
     351145.000 ns	     35113	80007624	d01b7ad3	fcvt.s.wu	f21,x22	 x22:0xffffffff f21=0x4f7fffff
     351195.000 ns	     35118	80007628	09764953	fsub.s	f18,f12,f23	 f12:0x7fc00000 f23:0x00000000 f18=0x7fc00000
     351215.000 ns	     35120	8000762c	0027b733	sltu	x14,x15,x2	 x15:0x0000049c  x2:0x00000001 x14=0x00000000
     351235.000 ns	     35122	80007630	c016fcd3	fcvt.wu.s	x25,f13	 f13:0x7fc00000 x25=0xffffffff
     351275.000 ns	     35126	80007634	580f31d3	fsqrt.s	f3,f30	 f30:0x7fc00000  f3=0x7fc00000
     351295.000 ns	     35128	80007638	00855f13	srli	x30,x10,0x8	 x10:0x00000001 x30=0x00000000
     351315.000 ns	     35130	8000763c	f00907d3	fmv.w.x	f15,x18	 x18:0x00000000 f15=0x00000000
     351345.000 ns	     35133	80007640	a0399d53	flt.s	x26,f19,f3	 f19:0xbf800000  f3:0x7fc00000 x26=0x00000000
     351715.000 ns	     35170	80007644	039ef7b3	remu	x15,x29,x25	 x29:0x39ee4000 x25:0xffffffff x15=0x39ee4000
     351735.000 ns	     35172	80007648	007959b3	srl	x19,x18,x7	 x18:0x00000000  x7:0x00000000 x19=0x00000000
     351755.000 ns	     35174	8000764c	d01b3d53	fcvt.s.wu	f26,x22	 x22:0xffffffff f26=0x4f800000
     351775.000 ns	     35176	80007650	00ef90b3	sll	x1,x31,x14	 x31:0x00000009 x14:0x00000000  x1=0x00000009
     351795.000 ns	     35178	80007654	f0060f53	fmv.w.x	f30,x12	 x12:0x00000001 f30=0x00000001
     351815.000 ns	     35180	80007658	01519c13	slli	x24,x3,0x15	  x3:0x72d37000 x24=0x00000000
     351825.000 ns	     35181	8000765c	00000013	addi	x0,x0,0	  x0:0x00000000
     351865.000 ns	     35185	80007660	08c0c753	fsub.s	f14,f1,f12	  f1:0x46b50a40 f12:0x7fc00000 f14=0x7fc00000
     351885.000 ns	     35187	80007664	00a29733	sll	x14,x5,x10	  x5:0x7f2d489c x10:0x00000001 x14=0xfe5a9138
     351895.000 ns	     35188	80007668	01ebd433	srl	x8,x23,x30	 x23:0x80041024 x30:0x00000000  x8=0x80041024
     351915.000 ns	     35190	8000766c	e0021e53	fclass.s	x28,f4	  f4:0x7fc00000 x28=0x00000200
     351935.000 ns	     35192	80007670	01775e93	srli	x29,x14,0x17	 x14:0xfe5a9138 x29=0x000001fc
     351945.000 ns	     35193	80007674	40905a33	sra	x20,x0,x9	  x0:0x00000000  x9:0x00000001 x20=0x00000000
     351955.000 ns	     35194	80007678	00c92333	slt	x6,x18,x12	 x18:0x00000000 x12:0x00000001  x6=0x00000001
     351975.000 ns	     35196	8000767c	a04386d3	fle.s	x13,f7,f4	  f7:0x7fc00000  f4:0x7fc00000 x13=0x00000000
     352005.000 ns	     35199	80007680	f00f0353	fmv.w.x	f6,x30	 x30:0x00000000  f6=0x00000000
     352025.000 ns	     35201	80007684	4101d6b3	sra	x13,x3,x16	  x3:0x72d37000 x16:0x00000001 x13=0x3969b800
     352035.000 ns	     35202	80007688	77ae84b7	lui	x9,0x77ae8	  x9=0x77ae8000
     352395.000 ns	     35238	8000768c	03c0f9b3	remu	x19,x1,x28	  x1:0x00000009 x28:0x00000200 x19=0x00000009
     352415.000 ns	     35240	80007690	28f7ac13	slti	x24,x15,655	 x15:0x39ee4000 x24=0x00000000
     352435.000 ns	     35242	80007694	d0197053	fcvt.s.wu	f0,x18	 x18:0x00000000  f0=0x00000000
     352455.000 ns	     35244	80007698	018d75b3	and	x11,x26,x24	 x26:0x00000000 x24:0x00000000 x11=0x00000000
     352485.000 ns	     35247	8000769c	104cce53	fmul.s	f28,f25,f4	 f25:0xff800000  f4:0x7fc00000 f28=0x7fc00000
     352515.000 ns	     35250	800076a0	28fe0353	fmin.s	f6,f28,f15	 f28:0x00000000 f15:0x00000000  f6=0x00000000
     352545.000 ns	     35253	800076a4	d01972d3	fcvt.s.wu	f5,x18	 x18:0x00000000  f5=0x00000000
     352565.000 ns	     35255	800076a8	018f3b33	sltu	x22,x30,x24	 x30:0x00000000 x24:0x00000000 x22=0x00000000
     352575.000 ns	     35256	800076ac	39ea3d13	sltiu	x26,x20,926	 x20:0x00000000 x26=0x00000001
     352595.000 ns	     35258	800076b0	d01b40d3	fcvt.s.wu	f1,x22	 x22:0xffffffff  f1=0x00000000
     352635.000 ns	     35262	800076b4	19b941d3	fdiv.s	f3,f18,f27	 f18:0x7fc00000 f27:0x40000000  f3=0x7fc00000
     352655.000 ns	     35264	800076b8	9ce6bb13	sltiu	x22,x13,-1586	 x13:0x3969b800 x22=0x00000001
     352675.000 ns	     35266	800076bc	c01af3d3	fcvt.wu.s	x7,f21	 f21:0x4f7fffff  x7=0xffffff00
     352705.000 ns	     35269	800076c0	c01bc6d3	fcvt.wu.s	x13,f23	 f23:0x00000000 x13=0x00000000
     352745.000 ns	     35273	800076c4	58098153	fsqrt.s	f2,f19	 f19:0xbf800000  f2=0x7fc00000
     352775.000 ns	     35276	800076c8	f0098f53	fmv.w.x	f30,x19	 x19:0x00000009 f30=0x00000009
     352805.000 ns	     35279	800076cc	02bdbdb3	mulhu	x27,x27,x11	 x27:0x00000000 x11:0x00000000 x27=0x00000000
     352835.000 ns	     35282	800076d0	d019fa53	fcvt.s.wu	f20,x19	 x19:0x00000009 f20=0x41100000
     352865.000 ns	     35285	800076d4	021807b3	mul	x15,x16,x1	 x16:0x00000001  x1:0x00000009 x15=0x00000009
     352885.000 ns	     35287	800076d8	00000013	addi	x0,x0,0	  x0:0x00000000
     352925.000 ns	     35291	800076dc	005cf853	fadd.s	f16,f25,f5	 f25:0xff800000  f5:0x00000000 f16=0xff800000
     352955.000 ns	     35294	800076e0	e00e8853	fmv.x.w	x16,f29	 f29:0x3f800000 x16=0x3f800000
     353005.000 ns	     35299	800076e4	096df453	fsub.s	f8,f27,f22	 f27:0x40000000 f22:0x00000001  f8=0x40000000
     353025.000 ns	     35301	800076e8	0053b5b3	sltu	x11,x7,x5	  x7:0xffffff00  x5:0x7f2d489c x11=0x00000000
     353045.000 ns	     35303	800076ec	03aa97b3	mulh	x15,x21,x26	 x21:0x00000000 x26:0x00000001 x15=0x00000000
     353065.000 ns	     35305	800076f0	419953b3	sra	x7,x18,x25	 x18:0x00000000 x25:0xffffffff  x7=0x00000000
     353085.000 ns	     35307	800076f4	d01fc053	fcvt.s.wu	f0,x31	 x31:0x00000009  f0=0x41100000
     353115.000 ns	     35310	800076f8	205f1453	fsgnjn.s	f8,f30,f5	 f30:0x00000009  f5:0x00000000  f8=0x80000009
     353145.000 ns	     35313	800076fc	28f68053	fmin.s	f0,f13,f15	 f13:0x7fc00000 f15:0x00000000  f0=0x00000000
     353175.000 ns	     35316	80007700	29c50353	fmin.s	f6,f10,f28	 f10:0x80000000 f28:0x7fc00000  f6=0x80000000
     353195.000 ns	     35318	80007704	c98f6e97	auipc	x29,0xc98f6	 x29=0x498fd704
     353215.000 ns	     35320	80007708	a0d59453	flt.s	x8,f11,f13	 f11:0xd899c026 f13:0x7fc00000  x8=0x00000000
     353235.000 ns	     35322	8000770c	1af3cb13	xori	x22,x7,431	  x7:0x00000000 x22=0x000001af
     353245.000 ns	     35323	80007710	f21c2513	slti	x10,x24,-223	 x24:0x00000000 x10=0x00000000
     353255.000 ns	     35324	80007714	012e2a33	slt	x20,x28,x18	 x28:0x00000200 x18:0x00000000 x20=0x00000000
     353265.000 ns	     35325	80007718	5da73793	sltiu	x15,x14,1498	 x14:0xfe5a9138 x15=0x00000000
     353285.000 ns	     35327	8000771c	039e0a33	mul	x20,x28,x25	 x28:0x00000200 x25:0xffffffff x20=0xfffffe00
     353305.000 ns	     35329	80007720	00000013	addi	x0,x0,0	  x0:0x00000000
     353325.000 ns	     35331	80007724	03c09833	mulh	x16,x1,x28	  x1:0x00000009 x28:0x00000200 x16=0x00000000
     353355.000 ns	     35334	80007728	28d98753	fmin.s	f14,f19,f13	 f19:0xbf800000 f13:0x7fc00000 f14=0xbf800000
     353385.000 ns	     35337	8000772c	200b0053	fsgnj.s	f0,f22,f0	 f22:0x00000001  f0:0x00000000  f0=0x00000001
     353415.000 ns	     35340	80007730	207d8a53	fsgnj.s	f20,f27,f7	 f27:0x40000000  f7:0x7fc00000 f20=0x40000000
     353445.000 ns	     35343	80007734	026a01b3	mul	x3,x20,x6	 x20:0xfffffe00  x6:0x00000001  x3=0xfffffe00
     353495.000 ns	     35348	80007738	09f83853	fsub.s	f16,f16,f31	 f16:0xff800000 f31:0x46b50a40 f16=0xff800000
     353545.000 ns	     35353	8000773c	09d3f7d3	fsub.s	f15,f7,f29	  f7:0x7fc00000 f29:0x3f800000 f15=0x7fc00000
     353575.000 ns	     35356	80007740	d012f653	fcvt.s.wu	f12,x5	  x5:0x7f2d489c f12=0x4efe5a91
     353595.000 ns	     35358	80007744	012b5a13	srli	x20,x22,0x12	 x22:0x000001af x20=0x00000000
     353635.000 ns	     35362	80007748	003faad3	fadd.s	f21,f31,f3	 f31:0x46b50a40  f3:0x7fc00000 f21=0x7fc00000
     353665.000 ns	     35365	8000774c	0297a9b3	mulhsu	x19,x15,x9	 x15:0x00000000  x9:0x77ae8000 x19=0x00000000
     353685.000 ns	     35367	80007750	e85e0a13	addi	x20,x28,-379	 x28:0x00000200 x20=0x00000085
     353695.000 ns	     35368	80007754	92e64d13	xori	x26,x12,-1746	 x12:0x00000001 x26=0xfffff92f
     353715.000 ns	     35370	80007758	206ea3d3	fsgnjx.s	f7,f29,f6	 f29:0x3f800000  f6:0x80000000  f7=0xbf800000
     353735.000 ns	     35372	8000775c	4cfacd13	xori	x26,x21,1231	 x21:0x00000000 x26=0x000004cf
     353745.000 ns	     35373	80007760	0105d113	srli	x2,x11,0x10	 x11:0x00000000  x2=0x00000000
     353775.000 ns	     35376	80007764	10911053	fmul.s	f0,f2,f9	  f2:0x7fc00000  f9:0x7fc00000  f0=0x7fc00000
     353795.000 ns	     35378	80007768	072dfa13	andi	x20,x27,114	 x27:0x00000000 x20=0x00000000
     353805.000 ns	     35379	8000776c	d825f537	lui	x10,0xd825f	 x10=0xd825f000
     353825.000 ns	     35381	80007770	a0899453	flt.s	x8,f19,f8	 f19:0xbf800000  f8:0x80000009  x8=0x00000001
     353845.000 ns	     35383	80007774	41e9de33	sra	x28,x19,x30	 x19:0x00000000 x30:0x00000000 x28=0x00000000
     353865.000 ns	     35385	80007778	21c00253	fsgnj.s	f4,f0,f28	  f0:0x7fc00000 f28:0x7fc00000  f4=0x7fc00000
     353895.000 ns	     35388	8000777c	d012b7d3	fcvt.s.wu	f15,x5	  x5:0x7f2d489c f15=0x4efe5a92
     353915.000 ns	     35390	80007780	00585333	srl	x6,x16,x5	 x16:0x00000000  x5:0x7f2d489c  x6=0x00000000
     353925.000 ns	     35391	80007784	d0f7b513	sltiu	x10,x15,-753	 x15:0x00000000 x10=0x00000001
     353945.000 ns	     35393	80007788	a1662a53	feq.s	x20,f12,f22	 f12:0x4efe5a91 f22:0x00000001 x20=0x00000000
     353975.000 ns	     35396	8000778c	200126d3	fsgnjx.s	f13,f2,f0	  f2:0x7fc00000  f0:0x7fc00000 f13=0x7fc00000
     353995.000 ns	     35398	80007790	b9138e17	auipc	x28,0xb9138	 x28=0x3913f790
     354005.000 ns	     35399	80007794	98582613	slti	x12,x16,-1659	 x16:0x00000000 x12=0x00000000
     354015.000 ns	     35400	80007798	ad2fa913	slti	x18,x31,-1326	 x31:0x00000009 x18=0x00000000
     354035.000 ns	     35402	8000779c	a0131053	flt.s	x0,f6,f1	  f6:0x80000000  f1:0x00000000
     354055.000 ns	     35404	800077a0	001e6333	or	x6,x28,x1	 x28:0x3913f790  x1:0x00000009  x6=0x3913f799
     354065.000 ns	     35405	800077a4	04b2a693	slti	x13,x5,75	  x5:0x7f2d489c x13=0x00000000
     354075.000 ns	     35406	800077a8	a6127d37	lui	x26,0xa6127	 x26=0xa6127000
     354105.000 ns	     35409	800077ac	580bf7d3	fsqrt.s	f15,f23	 f23:0x00000000 f15=0x00000000
     354125.000 ns	     35411	800077b0	786af993	andi	x19,x21,1926	 x21:0x00000000 x19=0x00000000
     354135.000 ns	     35412	800077b4	db5cf413	andi	x8,x25,-587	 x25:0xffffffff  x8=0xfffffdb5
     354155.000 ns	     35414	800077b8	217322d3	fsgnjx.s	f5,f6,f23	  f6:0x80000000 f23:0x00000000  f5=0x80000000
     354185.000 ns	     35417	800077bc	209595d3	fsgnjn.s	f11,f11,f9	 f11:0xd899c026  f9:0x7fc00000 f11=0xd899c026
     354555.000 ns	     35454	800077c0	02a6fc33	remu	x24,x13,x10	 x13:0x00000000 x10:0x00000001 x24=0x00000000
     354575.000 ns	     35456	800077c4	fb683913	sltiu	x18,x16,-74	 x16:0x00000000 x18=0x00000001
     354595.000 ns	     35458	800077c8	e00c0253	fmv.x.w	x4,f24	 f24:0x7fc00000  x4=0x7fc00000
     354615.000 ns	     35460	800077cc	416654b3	sra	x9,x12,x22	 x12:0x00000000 x22:0x000001af  x9=0x00000000
     354625.000 ns	     35461	800077d0	bbadb593	sltiu	x11,x27,-1094	 x27:0x00000000 x11=0x00000001
     354635.000 ns	     35462	800077d4	050edcb7	lui	x25,0x50ed	 x25=0x050ed000
     354655.000 ns	     35464	800077d8	287f07d3	fmin.s	f15,f30,f7	 f30:0x00000009  f7:0xbf800000 f15=0xbf800000
     354685.000 ns	     35467	800077dc	02f5b3b3	mulhu	x7,x11,x15	 x11:0x00000001 x15:0x00000000  x7=0x00000000
     354705.000 ns	     35469	800077e0	007c5cb3	srl	x25,x24,x7	 x24:0x00000000  x7:0x00000000 x25=0x00000000
     354715.000 ns	     35470	800077e4	01bbac33	slt	x24,x23,x27	 x23:0x80041024 x27:0x00000000 x24=0x00000001
     354735.000 ns	     35472	800077e8	d00b7c53	fcvt.s.w	f24,x22	 x22:0x000001af f24=0x43d78000
     354765.000 ns	     35475	800077ec	02d56c33	rem	x24,x10,x13	 x10:0x00000001 x13:0x00000000 x24=0x00000001
     354785.000 ns	     35477	800077f0	08ade093	ori	x1,x27,138	 x27:0x00000000  x1=0x0000008a
     354795.000 ns	     35478	800077f4	00f26833	or	x16,x4,x15	  x4:0x7fc00000 x15:0x00000000 x16=0x7fc00000
     354805.000 ns	     35479	800077f8	0072c733	xor	x14,x5,x7	  x5:0x7f2d489c  x7:0x00000000 x14=0x7f2d489c
     354815.000 ns	     35480	800077fc	0199e833	or	x16,x19,x25	 x19:0x00000000 x25:0x00000000 x16=0x00000000
     354835.000 ns	     35482	80007800	e00b9853	fclass.s	x16,f23	 f23:0x00000000 x16=0x00000010
     354855.000 ns	     35484	80007804	6aadf213	andi	x4,x27,1706	 x27:0x00000000  x4=0x00000000
     354885.000 ns	     35487	80007808	1940f053	fdiv.s	f0,f1,f20	  f1:0x00000000 f20:0x40000000  f0=0x00000000
     354935.000 ns	     35492	8000780c	0076b6d3	fadd.s	f13,f13,f7	 f13:0x7fc00000  f7:0xbf800000 f13=0x7fc00000
     354965.000 ns	     35495	80007810	c00782d3	fcvt.w.s	x5,f15	 f15:0xbf800000  x5=0xffffffff
     354995.000 ns	     35498	80007814	d0038753	fcvt.s.w	f14,x7	  x7:0x00000000 f14=0x00000000
     355035.000 ns	     35502	80007818	580970d3	fsqrt.s	f1,f18	 f18:0x7fc00000  f1=0x7fc00000
     355055.000 ns	     35504	8000781c	002c5d93	srli	x27,x24,0x2	 x24:0x00000001 x27=0x00000000
     355065.000 ns	     35505	80007820	403ad293	srai	x5,x21,0x3	 x21:0x00000000  x5=0x00000000
     355085.000 ns	     35507	80007824	025ed933	divu	x18,x29,x5	 x29:0x498fd704  x5:0xffffffff x18=0xffffffff
     355115.000 ns	     35510	80007828	203489d3	fsgnj.s	f19,f9,f3	  f9:0x7fc00000  f3:0x7fc00000 f19=0x7fc00000
     355145.000 ns	     35513	8000782c	21571353	fsgnjn.s	f6,f14,f21	 f14:0x00000000 f21:0x7fc00000  f6=0x80000000
     355165.000 ns	     35515	80007830	7d7a6417	auipc	x8,0x7d7a6	  x8=0xfd7ad830
     355185.000 ns	     35517	80007834	d00cbfd3	fcvt.s.w	f31,x25	 x25:0x00000000 f31=0x00000000
     355205.000 ns	     35519	80007838	e75e62b7	lui	x5,0xe75e6	  x5=0xe75e6000
     355225.000 ns	     35521	8000783c	a1029d53	flt.s	x26,f5,f16	  f5:0x80000000 f16:0xff800000 x26=0x00000000
     356175.000 ns	     35616	80007840	580ecdd3	fsqrt.s	f27,f29	 f29:0x3f800000 f27=0x3f7fffae
     356195.000 ns	     35618	80007844	0095aa33	slt	x20,x11,x9	 x11:0x00000001  x9:0x00000000 x20=0x00000000
     356205.000 ns	     35619	80007848	30783513	sltiu	x10,x16,775	 x16:0x00000010 x10=0x00000001
     356225.000 ns	     35621	8000784c	f00a8553	fmv.w.x	f10,x21	 x21:0x00000000 f10=0x00000000
     356245.000 ns	     35623	80007850	0131d713	srli	x14,x3,0x13	  x3:0xfffffe00 x14=0x00001fff
     356255.000 ns	     35624	80007854	00000013	addi	x0,x0,0	  x0:0x00000000
     356275.000 ns	     35626	80007858	a1248c53	fle.s	x24,f9,f18	  f9:0x7fc00000 f18:0x7fc00000 x24=0x00000000
     356305.000 ns	     35629	8000785c	d00bf953	fcvt.s.w	f18,x23	 x23:0x80041024 f18=0xcefff7df
     356325.000 ns	     35631	80007860	01229913	slli	x18,x5,0x12	  x5:0xe75e6000 x18=0x80000000
     356355.000 ns	     35634	80007864	187bf753	fdiv.s	f14,f23,f7	 f23:0x00000000  f7:0xbf800000 f14=0x80000000
     356375.000 ns	     35636	80007868	01d7e6b3	or	x13,x15,x29	 x15:0x00000000 x29:0x498fd704 x13=0x498fd704
     356385.000 ns	     35637	8000786c	a3bb1917	auipc	x18,0xa3bb1	 x18=0x23bb886c
     356395.000 ns	     35638	80007870	4b5ce713	ori	x14,x25,1205	 x25:0x00000000 x14=0x000004b5
     356415.000 ns	     35640	80007874	02733933	mulhu	x18,x6,x7	  x6:0x3913f799  x7:0x00000000 x18=0x00000000
     356435.000 ns	     35642	80007878	41f3deb3	sra	x29,x7,x31	  x7:0x00000000 x31:0x00000009 x29=0x00000000
     356455.000 ns	     35644	8000787c	03ad4033	div	x0,x26,x26	 x26:0x00000000 x26:0x00000000
     356825.000 ns	     35681	80007880	0215d633	divu	x12,x11,x1	 x11:0x00000001  x1:0x0000008a x12=0x00000000
     356845.000 ns	     35683	80007884	00d80633	add	x12,x16,x13	 x16:0x00000010 x13:0x498fd704 x12=0x498fd714
     356865.000 ns	     35685	80007888	20ce0053	fsgnj.s	f0,f28,f12	 f28:0x7fc00000 f12:0x4efe5a91  f0=0x7fc00000
     356895.000 ns	     35688	8000788c	02bb12b3	mulh	x5,x22,x11	 x22:0x000001af x11:0x00000001  x5=0x00000000
     356925.000 ns	     35691	80007890	f00907d3	fmv.w.x	f15,x18	 x18:0x00000000 f15=0x00000000
     356965.000 ns	     35695	80007894	5800bc53	fsqrt.s	f24,f1	  f1:0x7fc00000 f24=0x7fc00000
     356995.000 ns	     35698	80007898	20e111d3	fsgnjn.s	f3,f2,f14	  f2:0x7fc00000 f14:0x80000000  f3=0x7fc00000
     357025.000 ns	     35701	8000789c	02c2b6b3	mulhu	x13,x5,x12	  x5:0x00000000 x12:0x498fd714 x13=0x00000000
     357055.000 ns	     35704	800078a0	d01470d3	fcvt.s.wu	f1,x8	  x8:0xfd7ad830  f1=0x4f7d7ad8
     357085.000 ns	     35707	800078a4	21998453	fsgnj.s	f8,f19,f25	 f19:0x7fc00000 f25:0xff800000  f8=0xffc00000
     357115.000 ns	     35710	800078a8	c0111ad3	fcvt.wu.s	x21,f2	  f2:0x7fc00000 x21=0xffffffff
     357485.000 ns	     35747	800078ac	03107cb3	remu	x25,x0,x17	  x0:0x00000000 x17:0x80040fe4 x25=0x00000000
     357505.000 ns	     35749	800078b0	e06c9a37	lui	x20,0xe06c9	 x20=0xe06c9000
     357525.000 ns	     35751	800078b4	c0177053	fcvt.wu.s	x0,f14	 f14:0x80000000
     357555.000 ns	     35754	800078b8	a0aa8953	fle.s	x18,f21,f10	 f21:0x7fc00000 f10:0x00000000 x18=0x00000000
     357585.000 ns	     35757	800078bc	21aa10d3	fsgnjn.s	f1,f20,f26	 f20:0x40000000 f26:0x4f800000  f1=0xc0000000
     357605.000 ns	     35759	800078c0	efecb7b7	lui	x15,0xefecb	 x15=0xefecb000
     357625.000 ns	     35761	800078c4	c0124353	fcvt.wu.s	x6,f4	  f4:0x7fc00000  x6=0xffffffff
     357655.000 ns	     35764	800078c8	e0010e53	fmv.x.w	x28,f2	  f2:0x7fc00000 x28=0x7fc00000
     357685.000 ns	     35767	800078cc	291282d3	fmin.s	f5,f5,f17	  f5:0x80000000 f17:0x4f000410  f5=0x80000000
     357715.000 ns	     35770	800078d0	03ce1033	mulh	x0,x28,x28	 x28:0x7fc00000 x28:0x7fc00000
     357755.000 ns	     35774	800078d4	5800c153	fsqrt.s	f2,f1	  f1:0xc0000000  f2=0x7fc00000
     357805.000 ns	     35779	800078d8	003e7f53	fadd.s	f30,f28,f3	 f28:0x7fc00000  f3:0x7fc00000 f30=0x7fc00000
     357825.000 ns	     35781	800078dc	00d41733	sll	x14,x8,x13	  x8:0xfd7ad830 x13:0x00000000 x14=0xfd7ad830
     357835.000 ns	     35782	800078e0	0064aa33	slt	x20,x9,x6	  x9:0x00000000  x6:0xffffffff x20=0x00000000
     357855.000 ns	     35784	800078e4	f00987d3	fmv.w.x	f15,x19	 x19:0x00000000 f15=0x00000000
     357885.000 ns	     35787	800078e8	d01d44d3	fcvt.s.wu	f9,x26	 x26:0x00000000  f9=0x00000000
     357915.000 ns	     35790	800078ec	e0009253	fclass.s	x4,f1	  f1:0xc0000000  x4=0x00000002
     357935.000 ns	     35792	800078f0	9e86e537	lui	x10,0x9e86e	 x10=0x9e86e000
     357945.000 ns	     35793	800078f4	0132d293	srli	x5,x5,0x13	  x5:0x00000000  x5=0x00000000
     357955.000 ns	     35794	800078f8	927a0693	addi	x13,x20,-1753	 x20:0x00000000 x13=0xfffff927
     357975.000 ns	     35796	800078fc	c0108a53	fcvt.wu.s	x20,f1	  f1:0xc0000000 x20=0x00000002
     358005.000 ns	     35799	80007900	e0028553	fmv.x.w	x10,f5	  f5:0x80000000 x10=0x80000000
     358035.000 ns	     35802	80007904	299d1e53	fmax.s	f28,f26,f25	 f26:0x4f800000 f25:0xff800000 f28=0x4f800000
     358405.000 ns	     35839	80007908	0340e433	rem	x8,x1,x20	  x1:0x0000008a x20:0x00000002  x8=0x00000000
     358425.000 ns	     35841	8000790c	01b741b3	xor	x3,x14,x27	 x14:0xfd7ad830 x27:0x00000000  x3=0xfd7ad830
     358435.000 ns	     35842	80007910	1da7a213	slti	x4,x15,474	 x15:0xefecb000  x4=0x00000001
     358445.000 ns	     35843	80007914	00e7ba33	sltu	x20,x15,x14	 x15:0xefecb000 x14:0xfd7ad830 x20=0x00000001
     358465.000 ns	     35845	80007918	205088d3	fsgnj.s	f17,f1,f5	  f1:0xc0000000  f5:0x80000000 f17=0xc0000000
     358485.000 ns	     35847	8000791c	004532b3	sltu	x5,x10,x4	 x10:0x80000000  x4:0x00000001  x5=0x00000000
     358495.000 ns	     35848	80007920	00834333	xor	x6,x6,x8	  x6:0xffffffff  x8:0x00000000  x6=0xffffffff
     358515.000 ns	     35850	80007924	029023b3	mulhsu	x7,x0,x9	  x0:0x00000000  x9:0x00000000  x7=0x00000000
     358545.000 ns	     35853	80007928	e00c9a53	fclass.s	x20,f25	 f25:0xff800000 x20=0x00000001
     358575.000 ns	     35856	8000792c	f00d01d3	fmv.w.x	f3,x26	 x26:0x00000000  f3=0x00000000
     358605.000 ns	     35859	80007930	02a2a3b3	mulhsu	x7,x5,x10	  x5:0x00000000 x10:0x80000000  x7=0x00000000
     358625.000 ns	     35861	80007934	00bfbcb3	sltu	x25,x31,x11	 x31:0x00000009 x11:0x00000001 x25=0x00000000
     358635.000 ns	     35862	80007938	00c832b3	sltu	x5,x16,x12	 x16:0x00000010 x12:0x498fd714  x5=0x00000001
     358995.000 ns	     35898	8000793c	023b4f33	div	x30,x22,x3	 x22:0x000001af  x3:0xfd7ad830 x30=0x00000000
     359015.000 ns	     35900	80007940	00e5be33	sltu	x28,x11,x14	 x11:0x00000001 x14:0xfd7ad830 x28=0x00000001
     359035.000 ns	     35902	80007944	201385d3	fsgnj.s	f11,f7,f1	  f7:0xbf800000  f1:0xc0000000 f11=0xbf800000
     359055.000 ns	     35904	80007948	007c2433	slt	x8,x24,x7	 x24:0x00000000  x7:0x00000000  x8=0x00000000
     359415.000 ns	     35940	8000794c	0358ea33	rem	x20,x17,x21	 x17:0x80040fe4 x21:0xffffffff x20=0x00000000
     359445.000 ns	     35943	80007950	a19b8253	fle.s	x4,f23,f25	 f23:0x00000000 f25:0xff800000  x4=0x00000000
     359495.000 ns	     35948	80007954	0818f4d3	fsub.s	f9,f17,f1	 f17:0xc0000000  f1:0xc0000000  f9=0x00000000
     359515.000 ns	     35950	80007958	01e0fe33	and	x28,x1,x30	  x1:0x0000008a x30:0x00000000 x28=0x00000000
     359525.000 ns	     35951	8000795c	7d67c413	xori	x8,x15,2006	 x15:0xefecb000  x8=0xefecb7d6
     359535.000 ns	     35952	80007960	001c6733	or	x14,x24,x1	 x24:0x00000000  x1:0x0000008a x14=0x0000008a
     359555.000 ns	     35954	80007964	a17da953	feq.s	x18,f27,f23	 f27:0x3f7fffae f23:0x00000000 x18=0x00000000
     359585.000 ns	     35957	80007968	211895d3	fsgnjn.s	f11,f17,f17	 f17:0xc0000000 f17:0xc0000000 f11=0x40000000
     359605.000 ns	     35959	8000796c	00cd6633	or	x12,x26,x12	 x26:0x00000000 x12:0x498fd714 x12=0x498fd714
     359625.000 ns	     35961	80007970	a19fad53	feq.s	x26,f31,f25	 f31:0x00000000 f25:0xff800000 x26=0x00000000
     359965.000 ns	     35995	80007974	18767a53	fdiv.s	f20,f12,f7	 f12:0x4efe5a91  f7:0xbf800000 f20=0xce8384f5
     360005.000 ns	     35999	80007978	18aef953	fdiv.s	f18,f29,f10	 f29:0x3f800000 f10:0x00000000 f18=0x7f800000
     360025.000 ns	     36001	8000797c	0c86cc13	xori	x24,x13,200	 x13:0xfffff927 x24=0xfffff9ef
     360045.000 ns	     36003	80007980	03f126b3	mulhsu	x13,x2,x31	  x2:0x00000000 x31:0x00000009 x13=0x00000000
     360075.000 ns	     36006	80007984	03b5d4b3	divu	x9,x11,x27	 x11:0x00000001 x27:0x00000000  x9=0xffffffff
     360095.000 ns	     36008	80007988	98e73617	auipc	x12,0x98e73	 x12=0x18e7a988
     360115.000 ns	     36010	8000798c	0236a6b3	mulhsu	x13,x13,x3	 x13:0x00000000  x3:0xfd7ad830 x13=0x00000000
     360145.000 ns	     36013	80007990	03bb1233	mulh	x4,x22,x27	 x22:0x000001af x27:0x00000000  x4=0x00000000
     360175.000 ns	     36016	80007994	c00825d3	fcvt.w.s	x11,f16	 f16:0xff800000 x11=0x80000000
     360195.000 ns	     36018	80007998	401c0c33	sub	x24,x24,x1	 x24:0xfffff9ef  x1:0x0000008a x24=0xfffff965
     360215.000 ns	     36020	8000799c	039632b3	mulhu	x5,x12,x25	 x12:0x18e7a988 x25:0x00000000  x5=0x00000000
     360245.000 ns	     36023	800079a0	a0bd2953	feq.s	x18,f26,f11	 f26:0x4f800000 f11:0x40000000 x18=0x00000000
     360275.000 ns	     36026	800079a4	a15c9ed3	flt.s	x29,f25,f21	 f25:0xff800000 f21:0x7fc00000 x29=0x00000000
     360305.000 ns	     36029	800079a8	a1999553	flt.s	x10,f19,f25	 f19:0x7fc00000 f25:0xff800000 x10=0x00000000
     360675.000 ns	     36066	800079ac	026ad533	divu	x10,x21,x6	 x21:0xffffffff  x6:0xffffffff x10=0x00000001
     360705.000 ns	     36069	800079b0	217aa7d3	fsgnjx.s	f15,f21,f23	 f21:0x7fc00000 f23:0x00000000 f15=0x7fc00000
     360725.000 ns	     36071	800079b4	9c7fc313	xori	x6,x31,-1593	 x31:0x00000009  x6=0xfffff9ce
     361085.000 ns	     36107	800079b8	02ee71b3	remu	x3,x28,x14	 x28:0x00000000 x14:0x0000008a  x3=0x00000000
     361105.000 ns	     36109	800079bc	4150dd33	sra	x26,x1,x21	  x1:0x0000008a x21:0xffffffff x26=0x00000000
     361115.000 ns	     36110	800079c0	e57eca97	auipc	x21,0xe57ec	 x21=0x657f39c0
     361125.000 ns	     36111	800079c4	b4eba493	slti	x9,x23,-1202	 x23:0x80041024  x9=0x00000001
     361145.000 ns	     36113	800079c8	03c80a33	mul	x20,x16,x28	 x16:0x00000010 x28:0x00000000 x20=0x00000000
     361165.000 ns	     36115	800079cc	00000013	addi	x0,x0,0	  x0:0x00000000
     361185.000 ns	     36117	800079d0	c0120a53	fcvt.wu.s	x20,f4	  f4:0x7fc00000 x20=0xffffffff
     361205.000 ns	     36119	800079d4	00582eb3	slt	x29,x16,x5	 x16:0x00000010  x5:0x00000000 x29=0x00000000
     361225.000 ns	     36121	800079d8	e00497d3	fclass.s	x15,f9	  f9:0x00000000 x15=0x00000010
     361595.000 ns	     36158	800079dc	0316d533	divu	x10,x13,x17	 x13:0x00000000 x17:0x80040fe4 x10=0x00000000
     361635.000 ns	     36162	800079e0	5806f6d3	fsqrt.s	f13,f13	 f13:0x7fc00000 f13=0x7fc00000
     361655.000 ns	     36164	800079e4	40565813	srai	x16,x12,0x5	 x12:0x18e7a988 x16=0x00c73d4c
     361665.000 ns	     36165	800079e8	7404e217	auipc	x4,0x7404e	  x4=0xf40559e8
     361685.000 ns	     36167	800079ec	a0ab8dd3	fle.s	x27,f23,f10	 f23:0x00000000 f10:0x00000000 x27=0x00000001
     361715.000 ns	     36170	800079f0	c0157653	fcvt.wu.s	x12,f10	 f10:0x00000000 x12=0x00000000
     362055.000 ns	     36204	800079f4	19a3f253	fdiv.s	f4,f7,f26	  f7:0xbf800000 f26:0x4f800000  f4=0xaf000000
     362105.000 ns	     36209	800079f8	00911a53	fadd.s	f20,f2,f9	  f2:0x7fc00000  f9:0x00000000 f20=0x7fc00000
     362125.000 ns	     36211	800079fc	009b1713	slli	x14,x22,0x9	 x22:0x000001af x14=0x00035e00
     362145.000 ns	     36213	80007a00	20f5ae53	fsgnjx.s	f28,f11,f15	 f11:0x40000000 f15:0x7fc00000 f28=0x40000000
     362165.000 ns	     36215	80007a04	b70f7b13	andi	x22,x30,-1168	 x30:0x00000000 x22=0x00000000
     362175.000 ns	     36216	80007a08	97353d17	auipc	x26,0x97353	 x26=0x1735aa08
     362185.000 ns	     36217	80007a0c	00cf4733	xor	x14,x30,x12	 x30:0x00000000 x12:0x00000000 x14=0x00000000
     362205.000 ns	     36219	80007a10	205f2553	fsgnjx.s	f10,f30,f5	 f30:0x7fc00000  f5:0x80000000 f10=0xffc00000
     362225.000 ns	     36221	80007a14	708d7493	andi	x9,x26,1800	 x26:0x1735aa08  x9=0x00000208
     362235.000 ns	     36222	80007a18	01cc33b3	sltu	x7,x24,x28	 x24:0xfffff965 x28:0x00000000  x7=0x00000000
     362245.000 ns	     36223	80007a1c	401484b3	sub	x9,x9,x1	  x9:0x00000001  x1:0x0000008a  x9=0x0000017e
     362255.000 ns	     36224	80007a20	003fd213	srli	x4,x31,0x3	 x31:0x00000009  x4=0x00000001
     362265.000 ns	     36225	80007a24	e1108637	lui	x12,0xe1108	 x12=0xe1108000
     362275.000 ns	     36226	80007a28	57094093	xori	x1,x18,1392	 x18:0x00000000  x1=0x00000570
     362285.000 ns	     36227	80007a2c	00276db3	or	x27,x14,x2	 x14:0x00000000  x2:0x00000000 x27=0x00000000
     362305.000 ns	     36229	80007a30	d00c73d3	fcvt.s.w	f7,x24	 x24:0xfffff965  f7=0xc4d36000
     362335.000 ns	     36232	80007a34	e00a14d3	fclass.s	x9,f20	 f20:0x7fc00000  x9=0x00000200
     362365.000 ns	     36235	80007a38	02e61db3	mulh	x27,x12,x14	 x12:0xe1108000 x14:0x00000000 x27=0x00000000
     362395.000 ns	     36238	80007a3c	21479c53	fsgnjn.s	f24,f15,f20	 f15:0x7fc00000 f20:0x7fc00000 f24=0xffc00000
     362435.000 ns	     36242	80007a40	102cf953	fmul.s	f18,f25,f2	 f25:0xff800000  f2:0x7fc00000 f18=0x7fc00000
     362465.000 ns	     36245	80007a44	021e16b3	mulh	x13,x28,x1	 x28:0x00000000  x1:0x00000570 x13=0x00000000
     362485.000 ns	     36247	80007a48	2be82d13	slti	x26,x16,702	 x16:0x00c73d4c x26=0x00000000
     362515.000 ns	     36250	80007a4c	190ca853	fdiv.s	f16,f25,f16	 f25:0xff800000 f16:0xff800000 f16=0x7fc00000
     362535.000 ns	     36252	80007a50	00b6bc33	sltu	x24,x13,x11	 x13:0x00000000 x11:0x80000000 x24=0x00000001
     362545.000 ns	     36253	80007a54	526aec93	ori	x25,x21,1318	 x21:0x657f39c0 x25=0x657f3de6
     362565.000 ns	     36255	80007a58	a108a2d3	feq.s	x5,f17,f16	 f17:0xc0000000 f16:0x7fc00000  x5=0x00000000
     362595.000 ns	     36258	80007a5c	022ba9b3	mulhsu	x19,x23,x2	 x23:0x80041024  x2:0x00000000 x19=0x00000000
     362625.000 ns	     36261	80007a60	021e1933	mulh	x18,x28,x1	 x28:0x00000000  x1:0x00000570 x18=0x00000000
     362645.000 ns	     36263	80007a64	0074e533	or	x10,x9,x7	  x9:0x00000200  x7:0x00000000 x10=0x00000200
     362665.000 ns	     36265	80007a68	a0682ed3	feq.s	x29,f16,f6	 f16:0x7fc00000  f6:0x80000000 x29=0x00000000
     362685.000 ns	     36267	80007a6c	b317f793	andi	x15,x15,-1231	 x15:0x00000010 x15=0x00000010
     362705.000 ns	     36269	80007a70	f00101d3	fmv.w.x	f3,x2	  x2:0x00000000  f3=0x00000000
     362725.000 ns	     36271	80007a74	4b260413	addi	x8,x12,1202	 x12:0xe1108000  x8=0xe11084b2
     362735.000 ns	     36272	80007a78	40008033	sub	x0,x1,x0	  x1:0x00000570  x0:0x00000000
     362755.000 ns	     36274	80007a7c	029702b3	mul	x5,x14,x9	 x14:0x00000000  x9:0x00000200  x5=0x00000000
     362785.000 ns	     36277	80007a80	03068933	mul	x18,x13,x16	 x13:0x00000000 x16:0x00c73d4c x18=0x00000000
     362805.000 ns	     36279	80007a84	00db7db3	and	x27,x22,x13	 x22:0x00000000 x13:0x00000000 x27=0x00000000
     362815.000 ns	     36280	80007a88	017dc4b3	xor	x9,x27,x23	 x27:0x00000000 x23:0x80041024  x9=0x80041024
     362825.000 ns	     36281	80007a8c	41e35793	srai	x15,x6,0x1e	  x6:0xfffff9ce x15=0xffffffff
     362845.000 ns	     36283	80007a90	f00a0dd3	fmv.w.x	f27,x20	 x20:0xffffffff f27=0xffffffff
     362865.000 ns	     36285	80007a94	39d43693	sltiu	x13,x8,925	  x8:0xe11084b2 x13=0x00000000
     362875.000 ns	     36286	80007a98	0141b633	sltu	x12,x3,x20	  x3:0x00000000 x20:0xffffffff x12=0x00000001
     362895.000 ns	     36288	80007a9c	a11f12d3	flt.s	x5,f30,f17	 f30:0x7fc00000 f17:0xc0000000  x5=0x00000000
     362925.000 ns	     36291	80007aa0	29468a53	fmin.s	f20,f13,f20	 f13:0x7fc00000 f20:0x7fc00000 f20=0x7fc00000
     362955.000 ns	     36294	80007aa4	f00b8dd3	fmv.w.x	f27,x23	 x23:0x80041024 f27=0x80041024
     362975.000 ns	     36296	80007aa8	0115e0b3	or	x1,x11,x17	 x11:0x80000000 x17:0x80040fe4  x1=0x80040fe4
     362985.000 ns	     36297	80007aac	017cda93	srli	x21,x25,0x17	 x25:0x657f3de6 x21=0x000000ca
     362995.000 ns	     36298	80007ab0	ea494eb7	lui	x29,0xea494	 x29=0xea494000
     363015.000 ns	     36300	80007ab4	a1018ed3	fle.s	x29,f3,f16	  f3:0x00000000 f16:0x7fc00000 x29=0x00000000
     363045.000 ns	     36303	80007ab8	216c13d3	fsgnjn.s	f7,f24,f22	 f24:0xffc00000 f22:0x00000001  f7=0xffc00000
     363065.000 ns	     36305	80007abc	3911fc93	andi	x25,x3,913	  x3:0x00000000 x25=0x00000000
     363085.000 ns	     36307	80007ac0	02208cb3	mul	x25,x1,x2	  x1:0x80040fe4  x2:0x00000000 x25=0x00000000
     363115.000 ns	     36310	80007ac4	28910f53	fmin.s	f30,f2,f9	  f2:0x7fc00000  f9:0x00000000 f30=0x00000000
     363165.000 ns	     36315	80007ac8	0081ff53	fadd.s	f30,f3,f8	  f3:0x00000000  f8:0xffc00000 f30=0x7fc00000
     363195.000 ns	     36318	80007acc	027e7533	remu	x10,x28,x7	 x28:0x00000000  x7:0x00000000 x10=0x00000000
     363215.000 ns	     36320	80007ad0	357f7913	andi	x18,x30,855	 x30:0x00000000 x18=0x00000000
     363245.000 ns	     36323	80007ad4	5808f6d3	fsqrt.s	f13,f17	 f17:0xc0000000 f13=0x7fc00000
     363265.000 ns	     36325	80007ad8	4ef02993	slti	x19,x0,1263	  x0:0x00000000 x19=0x00000001
     363625.000 ns	     36361	80007adc	03f05933	divu	x18,x0,x31	  x0:0x00000000 x31:0x00000009 x18=0x00000000
     363655.000 ns	     36364	80007ae0	a11b26d3	feq.s	x13,f22,f17	 f22:0x00000001 f17:0xc0000000 x13=0x00000000
     363675.000 ns	     36366	80007ae4	0161b7b3	sltu	x15,x3,x22	  x3:0x00000000 x22:0x00000000 x15=0x00000000
     363715.000 ns	     36370	80007ae8	09e2f653	fsub.s	f12,f5,f30	  f5:0x80000000 f30:0x7fc00000 f12=0x7fc00000
     364085.000 ns	     36407	80007aec	02b4e5b3	rem	x11,x9,x11	  x9:0x80041024 x11:0x80000000 x11=0x80041024
     364115.000 ns	     36410	80007af0	036d33b3	mulhu	x7,x26,x22	 x26:0x00000000 x22:0x00000000  x7=0x00000000
     364165.000 ns	     36415	80007af4	00793653	fadd.s	f12,f18,f7	 f18:0x7fc00000  f7:0xffc00000 f12=0x7fc00000
     364195.000 ns	     36418	80007af8	a0cc8653	fle.s	x12,f25,f12	 f25:0xff800000 f12:0x7fc00000 x12=0x00000000
     364215.000 ns	     36420	80007afc	d20d8513	addi	x10,x27,-736	 x27:0x00000000 x10=0xfffffd20
     364225.000 ns	     36421	80007b00	01835793	srli	x15,x6,0x18	  x6:0xfffff9ce x15=0x000000ff
     364265.000 ns	     36425	80007b04	0121f953	fadd.s	f18,f3,f18	  f3:0x00000000 f18:0x7fc00000 f18=0x7fc00000
     364305.000 ns	     36429	80007b08	19673f53	fdiv.s	f30,f14,f22	 f14:0x80000000 f22:0x00000001 f30=0x80000000
     364335.000 ns	     36432	80007b0c	02611233	mulh	x4,x2,x6	  x2:0x00000000  x6:0xfffff9ce  x4=0x00000000
     364385.000 ns	     36437	80007b10	00073153	fadd.s	f2,f14,f0	 f14:0x80000000  f0:0x7fc00000  f2=0x7fc00000
     364405.000 ns	     36439	80007b14	89b72b13	slti	x22,x14,-1893	 x14:0x00000000 x22=0x00000000
     364425.000 ns	     36441	80007b18	29fc0053	fmin.s	f0,f24,f31	 f24:0xffc00000 f31:0x00000000  f0=0x00000000
     364445.000 ns	     36443	80007b1c	f23cfa13	andi	x20,x25,-221	 x25:0x00000000 x20=0x00000000
     364455.000 ns	     36444	80007b20	f7f8ca13	xori	x20,x17,-129	 x17:0x80040fe4 x20=0x7ffbf09b
     364475.000 ns	     36446	80007b24	c01ffed3	fcvt.wu.s	x29,f31	 f31:0x00000000 x29=0x00000000
     364505.000 ns	     36449	80007b28	a1d795d3	flt.s	x11,f15,f29	 f15:0x7fc00000 f29:0x3f800000 x11=0x00000000
     364555.000 ns	     36454	80007b2c	012f8d53	fadd.s	f26,f31,f18	 f31:0x00000000 f18:0x7fc00000 f26=0x7fc00000
     364575.000 ns	     36456	80007b30	003e9513	slli	x10,x29,0x3	 x29:0x00000000 x10=0x00000000
     364595.000 ns	     36458	80007b34	20faa3d3	fsgnjx.s	f7,f21,f15	 f21:0x7fc00000 f15:0x7fc00000  f7=0x7fc00000
     364625.000 ns	     36461	80007b38	215320d3	fsgnjx.s	f1,f6,f21	  f6:0x80000000 f21:0x7fc00000  f1=0x80000000
     364655.000 ns	     36464	80007b3c	29680a53	fmin.s	f20,f16,f22	 f16:0x7fc00000 f22:0x00000001 f20=0x00000001
     364695.000 ns	     36468	80007b40	115645d3	fmul.s	f11,f12,f21	 f12:0x7fc00000 f21:0x7fc00000 f11=0x7fc00000
     364725.000 ns	     36471	80007b44	d0097753	fcvt.s.w	f14,x18	 x18:0x00000000 f14=0x00000000
     365095.000 ns	     36508	80007b48	03377e33	remu	x28,x14,x19	 x14:0x00000000 x19:0x00000001 x28=0x00000000
     365115.000 ns	     36510	80007b4c	3ad4a113	slti	x2,x9,941	  x9:0x80041024  x2=0x00000001
     365135.000 ns	     36512	80007b50	03e8e0b3	rem	x1,x17,x30	 x17:0x80040fe4 x30:0x00000000  x1=0x80040fe4
     365165.000 ns	     36515	80007b54	a0f900d3	fle.s	x1,f18,f15	 f18:0x7fc00000 f15:0x7fc00000  x1=0x00000000
     365185.000 ns	     36517	80007b58	c52e2013	slti	x0,x28,-942	 x28:0x00000000
     365195.000 ns	     36518	80007b5c	4054d733	sra	x14,x9,x5	  x9:0x80041024  x5:0x00000000 x14=0x80041024
     366365.000 ns	     36635	80007b60	580a2953	fsqrt.s	f18,f20	 f20:0x00000001 f18=0x1f350483
     366385.000 ns	     36637	80007b64	01317db3	and	x27,x2,x19	  x2:0x00000001 x19:0x00000001 x27=0x00000001
     366405.000 ns	     36639	80007b68	a04e2b53	feq.s	x22,f28,f4	 f28:0x40000000  f4:0xaf000000 x22=0x00000000
     366425.000 ns	     36641	80007b6c	0032f933	and	x18,x5,x3	  x5:0x00000000  x3:0x00000000 x18=0x00000000
     366445.000 ns	     36643	80007b70	21f20e53	fsgnj.s	f28,f4,f31	  f4:0xaf000000 f31:0x00000000 f28=0x2f000000
     366475.000 ns	     36646	80007b74	a1d40853	fle.s	x16,f8,f29	  f8:0xffc00000 f29:0x3f800000 x16=0x00000000
     366495.000 ns	     36648	80007b78	a227b713	sltiu	x14,x15,-1502	 x15:0x000000ff x14=0x00000001
     366515.000 ns	     36650	80007b7c	a09991d3	flt.s	x3,f19,f9	 f19:0x7fc00000  f9:0x00000000  x3=0x00000000
     366535.000 ns	     36652	80007b80	0175a6b3	slt	x13,x11,x23	 x11:0x00000000 x23:0x80041024 x13=0x00000000
     366545.000 ns	     36653	80007b84	005a5db3	srl	x27,x20,x5	 x20:0x7ffbf09b  x5:0x00000000 x27=0x7ffbf09b
     366555.000 ns	     36654	80007b88	000b1a33	sll	x20,x22,x0	 x22:0x00000000  x0:0x00000000 x20=0x00000000
     366575.000 ns	     36656	80007b8c	29d906d3	fmin.s	f13,f18,f29	 f18:0x1f350483 f29:0x3f800000 f13=0x1f350483
     366605.000 ns	     36659	80007b90	02c07333	remu	x6,x0,x12	  x0:0x00000000 x12:0x00000000  x6=0x00000000
     366635.000 ns	     36662	80007b94	c01c41d3	fcvt.wu.s	x3,f24	 f24:0xffc00000  x3=0xffffffff
     366665.000 ns	     36665	80007b98	f0038dd3	fmv.w.x	f27,x7	  x7:0x00000000 f27=0x00000000
     366695.000 ns	     36668	80007b9c	c00b73d3	fcvt.w.s	x7,f22	 f22:0x00000001  x7=0x00000000
     366725.000 ns	     36671	80007ba0	28fe1c53	fmax.s	f24,f28,f15	 f28:0x2f000000 f15:0x7fc00000 f24=0x2f000000
     366745.000 ns	     36673	80007ba4	015e69b3	or	x19,x28,x21	 x28:0x00000000 x21:0x000000ca x19=0x000000ca
     366755.000 ns	     36674	80007ba8	05a93013	sltiu	x0,x18,90	 x18:0x00000000
     366775.000 ns	     36676	80007bac	29379dd3	fmax.s	f27,f15,f19	 f15:0x7fc00000 f19:0x7fc00000 f27=0x7fc00000
     366815.000 ns	     36680	80007bb0	11187153	fmul.s	f2,f16,f17	 f16:0x7fc00000 f17:0xc0000000  f2=0x7fc00000
     366845.000 ns	     36683	80007bb4	21a1ae53	fsgnjx.s	f28,f3,f26	  f3:0x00000000 f26:0x7fc00000 f28=0x00000000
     366875.000 ns	     36686	80007bb8	c0022b53	fcvt.w.s	x22,f4	  f4:0xaf000000 x22=0x00000000
     366905.000 ns	     36689	80007bbc	02d6c1b3	div	x3,x13,x13	 x13:0x00000000 x13:0x00000000  x3=0xffffffff
     366935.000 ns	     36692	80007bc0	03180933	mul	x18,x16,x17	 x16:0x00000000 x17:0x80040fe4 x18=0x00000000
     366955.000 ns	     36694	80007bc4	40bfd913	srai	x18,x31,0xb	 x31:0x00000009 x18=0x00000000
     366975.000 ns	     36696	80007bc8	a01294d3	flt.s	x9,f5,f1	  f5:0x80000000  f1:0x80000000  x9=0x00000000
     367005.000 ns	     36699	80007bcc	0392ac33	mulhsu	x24,x5,x25	  x5:0x00000000 x25:0x00000000 x24=0x00000000
     367035.000 ns	     36702	80007bd0	a0e00f53	fle.s	x30,f0,f14	  f0:0x00000000 f14:0x00000000 x30=0x00000001
     367065.000 ns	     36705	80007bd4	c009c0d3	fcvt.w.s	x1,f19	 f19:0x7fc00000  x1=0x7fffffff
     367085.000 ns	     36707	80007bd8	54517237	lui	x4,0x54517	  x4=0x54517000
     367105.000 ns	     36709	80007bdc	e00a1ad3	fclass.s	x21,f20	 f20:0x00000001 x21=0x00000020
     367135.000 ns	     36712	80007be0	c009f253	fcvt.w.s	x4,f19	 f19:0x7fc00000  x4=0x7fffffff
     367155.000 ns	     36714	80007be4	8a7bc793	xori	x15,x23,-1881	 x23:0x80041024 x15=0x7ffbe883
     367165.000 ns	     36715	80007be8	017abc33	sltu	x24,x21,x23	 x21:0x00000020 x23:0x80041024 x24=0x00000001
     367195.000 ns	     36718	80007bec	580f0053	fsqrt.s	f0,f30	 f30:0x80000000  f0=0x80000000
     367225.000 ns	     36721	80007bf0	d00ea853	fcvt.s.w	f16,x29	 x29:0x00000000 f16=0x00000000
     367255.000 ns	     36724	80007bf4	28d384d3	fmin.s	f9,f7,f13	  f7:0x7fc00000 f13:0x1f350483  f9=0x1f350483
     367295.000 ns	     36728	80007bf8	58014fd3	fsqrt.s	f31,f2	  f2:0x7fc00000 f31=0x7fc00000
     367325.000 ns	     36731	80007bfc	e0040d53	fmv.x.w	x26,f8	  f8:0xffc00000 x26=0xffc00000
     367345.000 ns	     36733	80007c00	41bc5d93	srai	x27,x24,0x1b	 x24:0x00000001 x27=0x00000000
     367355.000 ns	     36734	80007c04	0186fe33	and	x28,x13,x24	 x13:0x00000000 x24:0x00000001 x28=0x00000000
     367365.000 ns	     36735	80007c08	1df8ef37	lui	x30,0x1df8e	 x30=0x1df8e000
     367375.000 ns	     36736	80007c0c	01d05913	srli	x18,x0,0x1d	  x0:0x00000000 x18=0x00000000
     367385.000 ns	     36737	80007c10	01fc4633	xor	x12,x24,x31	 x24:0x00000001 x31:0x00000009 x12=0x00000008
     367395.000 ns	     36738	80007c14	6c10e293	ori	x5,x1,1729	  x1:0x7fffffff  x5=0x7fffffff
     367755.000 ns	     36774	80007c18	0357c433	div	x8,x15,x21	 x15:0x7ffbe883 x21:0x00000020  x8=0x03ffdf44
     367785.000 ns	     36777	80007c1c	217a8353	fsgnj.s	f6,f21,f23	 f21:0x7fc00000 f23:0x00000000  f6=0x7fc00000
     367825.000 ns	     36781	80007c20	580348d3	fsqrt.s	f17,f6	  f6:0x80000000 f17=0x7fc00000
     367855.000 ns	     36784	80007c24	28ca0453	fmin.s	f8,f20,f12	 f20:0x00000001 f12:0x7fc00000  f8=0x00000001
     367885.000 ns	     36787	80007c28	027757b3	divu	x15,x14,x7	 x14:0x00000001  x7:0x00000000 x15=0xffffffff
     367905.000 ns	     36789	80007c2c	40e5d7b3	sra	x15,x11,x14	 x11:0x00000000 x14:0x00000001 x15=0x00000000
     367925.000 ns	     36791	80007c30	02a251b3	divu	x3,x4,x10	  x4:0x7fffffff x10:0x00000000  x3=0xffffffff
     367945.000 ns	     36793	80007c34	403c8c33	sub	x24,x25,x3	 x25:0x00000000  x3:0xffffffff x24=0x00000001
     367965.000 ns	     36795	80007c38	03651db3	mulh	x27,x10,x22	 x10:0x00000000 x22:0x00000000 x27=0x00000000
     367985.000 ns	     36797	80007c3c	9ef6a293	slti	x5,x13,-1553	 x13:0x00000000  x5=0x00000000
     367995.000 ns	     36798	80007c40	41a55613	srai	x12,x10,0x1a	 x10:0x00000000 x12=0x00000000
     368025.000 ns	     36801	80007c44	58037553	fsqrt.s	f10,f6	  f6:0x7fc00000 f10=0x7fc00000
     368045.000 ns	     36803	80007c48	00f5ed33	or	x26,x11,x15	 x11:0x00000000 x15:0x00000000 x26=0x00000000
     368065.000 ns	     36805	80007c4c	e00f10d3	fclass.s	x1,f30	 f30:0x80000000  x1=0x00000008
     368095.000 ns	     36808	80007c50	e00c91d3	fclass.s	x3,f25	 f25:0xff800000  x3=0x00000001
     368115.000 ns	     36810	80007c54	017e2eb3	slt	x29,x28,x23	 x28:0x00000000 x23:0x80041024 x29=0x00000000
     368125.000 ns	     36811	80007c58	8bbc2b13	slti	x22,x24,-1861	 x24:0x00000001 x22=0x00000000
     368165.000 ns	     36815	80007c5c	0897b5d3	fsub.s	f11,f15,f9	 f15:0x7fc00000  f9:0x1f350483 f11=0x7fc00000
     368185.000 ns	     36817	80007c60	002d87b3	add	x15,x27,x2	 x27:0x00000000  x2:0x00000001 x15=0x00000001
     368205.000 ns	     36819	80007c64	f0020ad3	fmv.w.x	f21,x4	  x4:0x7fffffff f21=0x7fffffff
     368225.000 ns	     36821	80007c68	2f67c593	xori	x11,x15,758	 x15:0x00000000 x11=0x000002f7
     368235.000 ns	     36822	80007c6c	00000013	addi	x0,x0,0	  x0:0x00000000
     368265.000 ns	     36825	80007c70	11afa353	fmul.s	f6,f31,f26	 f31:0x7fc00000 f26:0x7fc00000  f6=0x7fc00000
     368285.000 ns	     36827	80007c74	011d9e93	slli	x29,x27,0x11	 x27:0x00000000 x29=0x00000000
     368295.000 ns	     36828	80007c78	95ad4f13	xori	x30,x26,-1702	 x26:0x00000000 x30=0xfffff95a
     368305.000 ns	     36829	80007c7c	00000013	addi	x0,x0,0	  x0:0x00000000
     368325.000 ns	     36831	80007c80	21cb8653	fsgnj.s	f12,f23,f28	 f23:0x00000000 f28:0x00000000 f12=0x00000000
     368355.000 ns	     36834	80007c84	20330ed3	fsgnj.s	f29,f6,f3	  f6:0x7fc00000  f3:0x00000000 f29=0x7fc00000
     368385.000 ns	     36837	80007c88	21c19453	fsgnjn.s	f8,f3,f28	  f3:0x00000000 f28:0x00000000  f8=0x80000000
     368755.000 ns	     36874	80007c8c	0239e533	rem	x10,x19,x3	 x19:0x000000ca  x3:0x00000001 x10=0x00000000
     368785.000 ns	     36877	80007c90	0393a3b3	mulhsu	x7,x7,x25	  x7:0x00000000 x25:0x00000000  x7=0x00000000
     368815.000 ns	     36880	80007c94	020f1c33	mulh	x24,x30,x0	 x30:0xfffff95a  x0:0x00000000 x24=0x00000000
     368835.000 ns	     36882	80007c98	01436cb3	or	x25,x6,x20	  x6:0x00000000 x20:0x00000000 x25=0x00000000
     368845.000 ns	     36883	80007c9c	c000b813	sltiu	x16,x1,-1024	  x1:0x00000008 x16=0x00000001
     368865.000 ns	     36885	80007ca0	210286d3	fsgnj.s	f13,f5,f16	  f5:0x80000000 f16:0x00000000 f13=0x00000000
     368885.000 ns	     36887	80007ca4	9e944693	xori	x13,x8,-1559	  x8:0x03ffdf44 x13=0xfc0026ad
     368895.000 ns	     36888	80007ca8	cb648293	addi	x5,x9,-842	  x9:0x00000000  x5=0xfffffcb6
     368905.000 ns	     36889	80007cac	41d28b33	sub	x22,x5,x29	  x5:0x00000000 x29:0x00000000 x22=0xfffffcb6
     368925.000 ns	     36891	80007cb0	e00907d3	fmv.x.w	x15,f18	 f18:0x1f350483 x15=0x1f350483
     368955.000 ns	     36894	80007cb4	a08025d3	feq.s	x11,f0,f8	  f0:0x80000000  f8:0x80000000 x11=0x00000001
     368985.000 ns	     36897	80007cb8	d01b31d3	fcvt.s.wu	f3,x22	 x22:0xfffffcb6  f3=0x4f7ffffd
     369355.000 ns	     36934	80007cbc	02fbc933	div	x18,x23,x15	 x23:0x80041024 x15:0x1f350483 x18=0xfffffffc
     369375.000 ns	     36936	80007cc0	00fad0b3	srl	x1,x21,x15	 x21:0x00000020 x15:0x1f350483  x1=0x00000004
     369385.000 ns	     36937	80007cc4	01c97db3	and	x27,x18,x28	 x18:0xfffffffc x28:0x00000000 x27=0x00000000
     369415.000 ns	     36940	80007cc8	58068753	fsqrt.s	f14,f13	 f13:0x00000000 f14=0x00000000
     369445.000 ns	     36943	80007ccc	29da9253	fmax.s	f4,f21,f29	 f21:0x7fffffff f29:0x7fc00000  f4=0x7fc00000
     369465.000 ns	     36945	80007cd0	e7618c93	addi	x25,x3,-394	  x3:0x00000001 x25=0xfffffe77
     369485.000 ns	     36947	80007cd4	e00894d3	fclass.s	x9,f17	 f17:0x7fc00000  x9=0x00000200
     369515.000 ns	     36950	80007cd8	e0000753	fmv.x.w	x14,f0	  f0:0x80000000 x14=0x80000000
     369535.000 ns	     36952	80007cdc	013424b3	slt	x9,x8,x19	  x8:0x03ffdf44 x19:0x000000ca  x9=0x00000000
     369555.000 ns	     36954	80007ce0	03310a33	mul	x20,x2,x19	  x2:0x00000001 x19:0x000000ca x20=0x000000ca
     369575.000 ns	     36956	80007ce4	01d42eb3	slt	x29,x8,x29	  x8:0x03ffdf44 x29:0x00000000 x29=0x00000000
     369585.000 ns	     36957	80007ce8	83672813	slti	x16,x14,-1994	 x14:0x80000000 x16=0x00000001
     369605.000 ns	     36959	80007cec	c004ff53	fcvt.w.s	x30,f9	  f9:0x1f350483 x30=0x00000000
     369625.000 ns	     36961	80007cf0	00c09533	sll	x10,x1,x12	  x1:0x00000004 x12:0x00000000 x10=0x00000004
     369645.000 ns	     36963	80007cf4	e0080f53	fmv.x.w	x30,f16	 f16:0x00000000 x30=0x00000000
     369675.000 ns	     36966	80007cf8	035e2b33	mulhsu	x22,x28,x21	 x28:0x00000000 x21:0x00000020 x22=0x00000000
     369695.000 ns	     36968	80007cfc	001b60b3	or	x1,x22,x1	 x22:0xfffffcb6  x1:0x00000004  x1=0x00000004
     369705.000 ns	     36969	80007d00	41e08f33	sub	x30,x1,x30	  x1:0x00000004 x30:0x00000000 x30=0x00000004
     369715.000 ns	     36970	80007d04	1cb96813	ori	x16,x18,459	 x18:0xfffffffc x16=0xffffffff
     369725.000 ns	     36971	80007d08	00b95b33	srl	x22,x18,x11	 x18:0xfffffffc x11:0x00000001 x22=0x7ffffffe
     369755.000 ns	     36974	80007d0c	107e7b53	fmul.s	f22,f28,f7	 f28:0x00000000  f7:0x7fc00000 f22=0x7fc00000
     369785.000 ns	     36977	80007d10	29ff8dd3	fmin.s	f27,f31,f31	 f31:0x7fc00000 f31:0x7fc00000 f27=0x7fc00000
     369815.000 ns	     36980	80007d14	03dbb0b3	mulhu	x1,x23,x29	 x23:0x80041024 x29:0x00000000  x1=0x00000000
     369835.000 ns	     36982	80007d18	408cda13	srai	x20,x25,0x8	 x25:0xfffffe77 x20=0xfffffffe
     369865.000 ns	     36985	80007d1c	10c07b53	fmul.s	f22,f0,f12	  f0:0x80000000 f12:0x00000000 f22=0x80000000
     369885.000 ns	     36987	80007d20	00686333	or	x6,x16,x6	 x16:0xffffffff  x6:0x00000000  x6=0xffffffff
     369905.000 ns	     36989	80007d24	21008c53	fsgnj.s	f24,f1,f16	  f1:0x80000000 f16:0x00000000 f24=0x00000000
     369925.000 ns	     36991	80007d28	00000013	addi	x0,x0,0	  x0:0x00000000
     369945.000 ns	     36993	80007d2c	a16313d3	flt.s	x7,f6,f22	  f6:0x7fc00000 f22:0x80000000  x7=0x00000000
     369975.000 ns	     36996	80007d30	c0161a53	fcvt.wu.s	x20,f12	 f12:0x00000000 x20=0x00000000
     370005.000 ns	     36999	80007d34	28f803d3	fmin.s	f7,f16,f15	 f16:0x00000000 f15:0x7fc00000  f7=0x00000000
     370035.000 ns	     37002	80007d38	0346ea33	rem	x20,x13,x20	 x13:0xfc0026ad x20:0x00000000 x20=0xfc0026ad
     370055.000 ns	     37004	80007d3c	01b80133	add	x2,x16,x27	 x16:0xffffffff x27:0x00000000  x2=0xffffffff
     370065.000 ns	     37005	80007d40	401552b3	sra	x5,x10,x1	 x10:0x00000004  x1:0x00000000  x5=0x00000004
     370075.000 ns	     37006	80007d44	40515613	srai	x12,x2,0x5	  x2:0x00000001 x12=0xffffffff
     370085.000 ns	     37007	80007d48	04010993	addi	x19,x2,64	  x2:0xffffffff x19=0x0000003f
     370105.000 ns	     37009	80007d4c	030fa3b3	mulhsu	x7,x31,x16	 x31:0x00000009 x16:0xffffffff  x7=0x00000008
     370135.000 ns	     37012	80007d50	02231f33	mulh	x30,x6,x2	  x6:0xffffffff  x2:0xffffffff x30=0x00000000
     370155.000 ns	     37014	80007d54	00bc05b3	add	x11,x24,x11	 x24:0x00000000 x11:0x00000001 x11=0x00000001
     370175.000 ns	     37016	80007d58	03e1c2b3	div	x5,x3,x30	  x3:0x00000001 x30:0x00000000  x5=0xffffffff
     370195.000 ns	     37018	80007d5c	41b5d433	sra	x8,x11,x27	 x11:0x00000001 x27:0x00000000  x8=0x00000001
     370215.000 ns	     37020	80007d60	e0059cd3	fclass.s	x25,f11	 f11:0x7fc00000 x25=0x00000200
     370245.000 ns	     37023	80007d64	e00791d3	fclass.s	x3,f15	 f15:0x7fc00000  x3=0x00000200
     370265.000 ns	     37025	80007d68	05f5c013	xori	x0,x11,95	 x11:0x00000001
     370275.000 ns	     37026	80007d6c	41a25293	srai	x5,x4,0x1a	  x4:0x7fffffff  x5=0x0000001f
     370285.000 ns	     37027	80007d70	00f5a0b3	slt	x1,x11,x15	 x11:0x00000001 x15:0x1f350483  x1=0x00000001
     370295.000 ns	     37028	80007d74	00bad513	srli	x10,x21,0xb	 x21:0x00000020 x10=0x00000000
     370315.000 ns	     37030	80007d78	02180133	mul	x2,x16,x1	 x16:0xffffffff  x1:0x00000000  x2=0xffffffff
     370335.000 ns	     37032	80007d7c	41825c93	srai	x25,x4,0x18	  x4:0x7fffffff x25=0x0000007f
     370695.000 ns	     37068	80007d80	024540b3	div	x1,x10,x4	 x10:0x00000000  x4:0x7fffffff  x1=0x00000000
     370715.000 ns	     37070	80007d84	00492433	slt	x8,x18,x4	 x18:0xfffffffc  x4:0x7fffffff  x8=0x00000001
     370735.000 ns	     37072	80007d88	02a434b3	mulhu	x9,x8,x10	  x8:0x00000001 x10:0x00000000  x9=0x00000000
     370755.000 ns	     37074	80007d8c	00000013	addi	x0,x0,0	  x0:0x00000000
     370775.000 ns	     37076	80007d90	a0218cd3	fle.s	x25,f3,f2	  f3:0x4f7ffffd  f2:0x7fc00000 x25=0x00000000
     370805.000 ns	     37079	80007d94	021ad633	divu	x12,x21,x1	 x21:0x00000020  x1:0x00000000 x12=0xffffffff
     370825.000 ns	     37081	80007d98	012fd2b3	srl	x5,x31,x18	 x31:0x00000009 x18:0xfffffffc  x5=0x00000000
     370835.000 ns	     37082	80007d9c	00e53a33	sltu	x20,x10,x14	 x10:0x00000000 x14:0x80000000 x20=0x00000001
     370845.000 ns	     37083	80007da0	00c65793	srli	x15,x12,0xc	 x12:0xffffffff x15=0x000fffff
     370855.000 ns	     37084	80007da4	d3318413	addi	x8,x3,-717	  x3:0x00000200  x8=0xffffff33
     370865.000 ns	     37085	80007da8	0032dd33	srl	x26,x5,x3	  x5:0x00000000  x3:0x00000200 x26=0x00000000
     370875.000 ns	     37086	80007dac	01731393	slli	x7,x6,0x17	  x6:0xffffffff  x7=0xff800000
     370885.000 ns	     37087	80007db0	6eb53413	sltiu	x8,x10,1771	 x10:0x00000000  x8=0x00000001
     370895.000 ns	     37088	80007db4	009f04b3	add	x9,x30,x9	 x30:0x00000000  x9:0x00000000  x9=0x00000000
     371255.000 ns	     37124	80007db8	02e84d33	div	x26,x16,x14	 x16:0xffffffff x14:0x80000000 x26=0x00000000
     371275.000 ns	     37126	80007dbc	9e964993	xori	x19,x12,-1559	 x12:0xffffffff x19=0x00000616
     371295.000 ns	     37128	80007dc0	c0172f53	fcvt.wu.s	x30,f14	 f14:0x00000000 x30=0x00000000
     371325.000 ns	     37131	80007dc4	a1561553	flt.s	x10,f12,f21	 f12:0x00000000 f21:0x7fffffff x10=0x00000000
     371345.000 ns	     37133	80007dc8	5e99b213	sltiu	x4,x19,1513	 x19:0x00000616  x4=0x00000000
     371365.000 ns	     37135	80007dcc	a06201d3	fle.s	x3,f4,f6	  f4:0x7fc00000  f6:0x7fc00000  x3=0x00000000
     371735.000 ns	     37172	80007dd0	0365cdb3	div	x27,x11,x22	 x11:0x00000001 x22:0x7ffffffe x27=0x00000000
     371765.000 ns	     37175	80007dd4	03c9d2b3	divu	x5,x19,x28	 x19:0x00000616 x28:0x00000000  x5=0xffffffff
     371785.000 ns	     37177	80007dd8	0073e833	or	x16,x7,x7	  x7:0xff800000  x7:0xff800000 x16=0xff800000
     371795.000 ns	     37178	80007ddc	3bc83613	sltiu	x12,x16,956	 x16:0xffffffff x12=0x00000000
     371825.000 ns	     37181	80007de0	18667153	fdiv.s	f2,f12,f6	 f12:0x00000000  f6:0x7fc00000  f2=0x7fc00000
     371855.000 ns	     37184	80007de4	a11e9b53	flt.s	x22,f29,f17	 f29:0x7fc00000 f17:0x7fc00000 x22=0x00000000
     371875.000 ns	     37186	80007de8	00ba9433	sll	x8,x21,x11	 x21:0x00000020 x11:0x00000001  x8=0x00000040
     371895.000 ns	     37188	80007dec	20e4a3d3	fsgnjx.s	f7,f9,f14	  f9:0x1f350483 f14:0x00000000  f7=0x1f350483
     371945.000 ns	     37193	80007df0	003c7553	fadd.s	f10,f24,f3	 f24:0x00000000  f3:0x4f7ffffd f10=0x4f7ffffd
     371975.000 ns	     37196	80007df4	a028a0d3	feq.s	x1,f17,f2	 f17:0x7fc00000  f2:0x7fc00000  x1=0x00000000
     371995.000 ns	     37198	80007df8	41f0d7b3	sra	x15,x1,x31	  x1:0x00000000 x31:0x00000009 x15=0x00000000
     372005.000 ns	     37199	80007dfc	00d26433	or	x8,x4,x13	  x4:0x00000000 x13:0xfc0026ad  x8=0xfc0026ad
     372025.000 ns	     37201	80007e00	d00a0253	fcvt.s.w	f4,x20	 x20:0x00000001  f4=0x3f800000
     372045.000 ns	     37203	80007e04	019dedb3	or	x27,x27,x25	 x27:0x00000000 x25:0x00000000 x27=0x00000000
     372065.000 ns	     37205	80007e08	e0000253	fmv.x.w	x4,f0	  f0:0x80000000  x4=0x80000000
     372115.000 ns	     37210	80007e0c	083114d3	fsub.s	f9,f2,f3	  f2:0x7fc00000  f3:0x4f7ffffd  f9=0x7fc00000
     372145.000 ns	     37213	80007e10	0396f9b3	remu	x19,x13,x25	 x13:0xfc0026ad x25:0x00000000 x19=0xfc0026ad
     372165.000 ns	     37215	80007e14	d332e337	lui	x6,0xd332e	  x6=0xd332e000
     372185.000 ns	     37217	80007e18	d009fb53	fcvt.s.w	f22,x19	 x19:0xfc0026ad f22=0xcc7ff654
     372205.000 ns	     37219	80007e1c	01811593	slli	x11,x2,0x18	  x2:0xffffffff x11=0xff000000
     372225.000 ns	     37221	80007e20	20a08e53	fsgnj.s	f28,f1,f10	  f1:0x80000000 f10:0x4f7ffffd f28=0x00000000
     372255.000 ns	     37224	80007e24	a0df21d3	feq.s	x3,f30,f13	 f30:0x80000000 f13:0x00000000  x3=0x00000001
     372625.000 ns	     37261	80007e28	02bfd4b3	divu	x9,x31,x11	 x31:0x00000009 x11:0xff000000  x9=0x00000000
     372655.000 ns	     37264	80007e2c	20712853	fsgnjx.s	f16,f2,f7	  f2:0x7fc00000  f7:0x1f350483 f16=0x7fc00000
     372685.000 ns	     37267	80007e30	038c6133	rem	x2,x24,x24	 x24:0x00000000 x24:0x00000000  x2=0x00000000
     372705.000 ns	     37269	80007e34	c8904293	xori	x5,x0,-887	  x0:0x00000000  x5=0xfffffc89
     372715.000 ns	     37270	80007e38	c3963113	sltiu	x2,x12,-967	 x12:0x00000000  x2=0x00000001
     372735.000 ns	     37272	80007e3c	f00d8ed3	fmv.w.x	f29,x27	 x27:0x00000000 f29=0x00000000
     372755.000 ns	     37274	80007e40	0076ceb3	xor	x29,x13,x7	 x13:0xfc0026ad  x7:0xff800000 x29=0x038026ad
     372765.000 ns	     37275	80007e44	3e558213	addi	x4,x11,997	 x11:0xff000000  x4=0xff0003e5
     372775.000 ns	     37276	80007e48	0135fb33	and	x22,x11,x19	 x11:0xff000000 x19:0xfc0026ad x22=0xfc000000
     372785.000 ns	     37277	80007e4c	0058a9b3	slt	x19,x17,x5	 x17:0x80040fe4  x5:0xfffffc89 x19=0x00000001
     372795.000 ns	     37278	80007e50	00e94c33	xor	x24,x18,x14	 x18:0xfffffffc x14:0x80000000 x24=0x7ffffffc
     372805.000 ns	     37279	80007e54	00c33f33	sltu	x30,x6,x12	  x6:0xd332e000 x12:0x00000000 x30=0x00000000
     372815.000 ns	     37280	80007e58	0171d3b3	srl	x7,x3,x23	  x3:0x00000001 x23:0x80041024  x7=0x00000000
     372845.000 ns	     37283	80007e5c	10db0053	fmul.s	f0,f22,f13	 f22:0xcc7ff654 f13:0x00000000  f0=0x80000000
     372865.000 ns	     37285	80007e60	00e6e1b3	or	x3,x13,x14	 x13:0xfc0026ad x14:0x80000000  x3=0xfc0026ad
     374035.000 ns	     37402	80007e64	58094c53	fsqrt.s	f24,f18	 f18:0x1f350483 f24=0x2effff26
     374055.000 ns	     37404	80007e68	0074c733	xor	x14,x9,x7	  x9:0x00000000  x7:0x00000000 x14=0x00000000
     374415.000 ns	     37440	80007e6c	0234f5b3	remu	x11,x9,x3	  x9:0x00000000  x3:0xfc0026ad x11=0x00000000
     374445.000 ns	     37443	80007e70	02ab7733	remu	x14,x22,x10	 x22:0xfc000000 x10:0x00000000 x14=0xfc000000
     374465.000 ns	     37445	80007e74	01f56a33	or	x20,x10,x31	 x10:0x00000000 x31:0x00000009 x20=0x00000009
     374825.000 ns	     37481	80007e78	02404133	div	x2,x0,x4	  x0:0x00000000  x4:0xff0003e5  x2=0x00000000
     374855.000 ns	     37484	80007e7c	e0039d53	fclass.s	x26,f7	  f7:0x1f350483 x26=0x00000040
     374885.000 ns	     37487	80007e80	02e18f33	mul	x30,x3,x14	  x3:0xfc0026ad x14:0xfc000000 x30=0x4c000000
     374915.000 ns	     37490	80007e84	20f60ed3	fsgnj.s	f29,f12,f15	 f12:0x00000000 f15:0x7fc00000 f29=0x00000000
     374935.000 ns	     37492	80007e88	01e54b33	xor	x22,x10,x30	 x10:0x00000000 x30:0x4c000000 x22=0x4c000000
     374955.000 ns	     37494	80007e8c	202aa653	fsgnjx.s	f12,f21,f2	 f21:0x7fffffff  f2:0x7fc00000 f12=0x7fffffff
     374985.000 ns	     37497	80007e90	208e2653	fsgnjx.s	f12,f28,f8	 f28:0x00000000  f8:0x80000000 f12=0x80000000
     375015.000 ns	     37500	80007e94	0212eb33	rem	x22,x5,x1	  x5:0xfffffc89  x1:0x00000000 x22=0xfffffc89
     375045.000 ns	     37503	80007e98	02adae33	mulhsu	x28,x27,x10	 x27:0x00000000 x10:0x00000000 x28=0x00000000
     375075.000 ns	     37506	80007e9c	02d90533	mul	x10,x18,x13	 x18:0xfffffffc x13:0xfc0026ad x10=0x0fff654c
     375105.000 ns	     37509	80007ea0	d01b7353	fcvt.s.wu	f6,x22	 x22:0xfffffc89  f6=0x4f7ffffc
     375125.000 ns	     37511	80007ea4	e206e413	ori	x8,x13,-480	 x13:0xfc0026ad  x8=0xfffffead
     375145.000 ns	     37513	80007ea8	c001fa53	fcvt.w.s	x20,f3	  f3:0x4f7ffffd x20=0x7fffffff
     375185.000 ns	     37517	80007eac	19a8aad3	fdiv.s	f21,f17,f26	 f17:0x7fc00000 f26:0x7fc00000 f21=0x7fc00000
     375205.000 ns	     37519	80007eb0	01044d33	xor	x26,x8,x16	  x8:0xfffffead x16:0xff800000 x26=0x007ffead
     375225.000 ns	     37521	80007eb4	c01985d3	fcvt.wu.s	x11,f19	 f19:0x7fc00000 x11=0xffffffff
     375245.000 ns	     37523	80007eb8	22514913	xori	x18,x2,549	  x2:0x00000000 x18=0x00000225
     375275.000 ns	     37526	80007ebc	580f0d53	fsqrt.s	f26,f30	 f30:0x80000000 f26=0x80000000
     375615.000 ns	     37560	80007ec0	187a7ed3	fdiv.s	f29,f20,f7	 f20:0x00000001  f7:0x1f350483 f29=0x1534b4b7
     375645.000 ns	     37563	80007ec4	285d8f53	fmin.s	f30,f27,f5	 f27:0x7fc00000  f5:0x80000000 f30=0x80000000
     375675.000 ns	     37566	80007ec8	d009f253	fcvt.s.w	f4,x19	 x19:0x00000001  f4=0x3f800000
     375695.000 ns	     37568	80007ecc	013afcb3	and	x25,x21,x19	 x21:0x00000020 x19:0x00000001 x25=0x00000000
     375715.000 ns	     37570	80007ed0	03f7aab3	mulhsu	x21,x15,x31	 x15:0x00000000 x31:0x00000009 x21=0x00000000
     375735.000 ns	     37572	80007ed4	0010b6b3	sltu	x13,x1,x1	  x1:0x00000000  x1:0x00000000 x13=0x00000000
     375755.000 ns	     37574	80007ed8	e0030753	fmv.x.w	x14,f6	  f6:0x4f7ffffc x14=0x4f7ffffc
     375785.000 ns	     37577	80007edc	d0182bd3	fcvt.s.wu	f23,x16	 x16:0xff800000 f23=0x4f7f8000
     375825.000 ns	     37581	80007ee0	116374d3	fmul.s	f9,f6,f22	  f6:0x4f7ffffc f22:0xcc7ff654  f9=0xdc7ff650
     375845.000 ns	     37583	80007ee4	016f7a33	and	x20,x30,x22	 x30:0x4c000000 x22:0xfffffc89 x20=0x4c000000
     375865.000 ns	     37585	80007ee8	20630153	fsgnj.s	f2,f6,f6	  f6:0x4f7ffffc  f6:0x4f7ffffc  f2=0x4f7ffffc
     375895.000 ns	     37588	80007eec	c0040353	fcvt.w.s	x6,f8	  f8:0x80000000  x6=0x00000000
     375915.000 ns	     37590	80007ef0	005ece33	xor	x28,x29,x5	 x29:0x038026ad  x5:0xfffffc89 x28=0xfc7fda24
     375925.000 ns	     37591	80007ef4	0174d5b3	srl	x11,x9,x23	  x9:0x00000000 x23:0x80041024 x11=0x00000000
     375945.000 ns	     37593	80007ef8	280a1453	fmax.s	f8,f20,f0	 f20:0x00000001  f0:0x80000000  f8=0x00000001
     375965.000 ns	     37595	80007efc	50fa0a93	addi	x21,x20,1295	 x20:0x4c000000 x21=0x4c00050f
     375995.000 ns	     37598	80007f00	10022753	fmul.s	f14,f4,f0	  f4:0x3f800000  f0:0x80000000 f14=0x80000000
     376015.000 ns	     37600	80007f04	000dd533	srl	x10,x27,x0	 x27:0x00000000  x0:0x00000000 x10=0x00000000
     376025.000 ns	     37601	80007f08	a20d0413	addi	x8,x26,-1504	 x26:0x007ffead  x8=0x007ff8cd
     376045.000 ns	     37603	80007f0c	c00bf9d3	fcvt.w.s	x19,f23	 f23:0x4f7f8000 x19=0x7fffffff
     376065.000 ns	     37605	80007f10	d131c537	lui	x10,0xd131c	 x10=0xd131c000
     376085.000 ns	     37607	80007f14	c019fed3	fcvt.wu.s	x29,f19	 f19:0x7fc00000 x29=0xffffffff
     376105.000 ns	     37609	80007f18	07bebe13	sltiu	x28,x29,123	 x29:0x038026ad x28=0x00000000
     376125.000 ns	     37611	80007f1c	03069cb3	mulh	x25,x13,x16	 x13:0x00000000 x16:0xff800000 x25=0x00000000
     376155.000 ns	     37614	80007f20	d00d7653	fcvt.s.w	f12,x26	 x26:0x007ffead f12=0x4afffd5a
     376175.000 ns	     37616	80007f24	41eed793	srai	x15,x29,0x1e	 x29:0xffffffff x15=0xffffffff
     376195.000 ns	     37618	80007f28	21f22153	fsgnjx.s	f2,f4,f31	  f4:0x3f800000 f31:0x7fc00000  f2=0x3f800000
     376215.000 ns	     37620	80007f2c	00000013	addi	x0,x0,0	  x0:0x00000000
     376225.000 ns	     37621	80007f30	40e45a93	srai	x21,x8,0xe	  x8:0x007ff8cd x21=0x000001ff
     376245.000 ns	     37623	80007f34	21bd0b53	fsgnj.s	f22,f26,f27	 f26:0x80000000 f27:0x7fc00000 f22=0x00000000
     376275.000 ns	     37626	80007f38	03951433	mulh	x8,x10,x25	 x10:0xd131c000 x25:0x00000000  x8=0x00000000
     376305.000 ns	     37629	80007f3c	a1240a53	fle.s	x20,f8,f18	  f8:0x00000001 f18:0x1f350483 x20=0x00000001
     376325.000 ns	     37631	80007f40	70bb7837	lui	x16,0x70bb7	 x16=0x70bb7000
     376335.000 ns	     37632	80007f44	4154da13	srai	x20,x9,0x15	  x9:0x00000000 x20=0x00000000
     376345.000 ns	     37633	80007f48	ab49fa93	andi	x21,x19,-1356	 x19:0x7fffffff x21=0x7ffffab4
     376365.000 ns	     37635	80007f4c	02cde5b3	rem	x11,x27,x12	 x27:0x00000000 x12:0x00000000 x11=0x00000000
     376385.000 ns	     37637	80007f50	19be6b13	ori	x22,x28,411	 x28:0x00000000 x22=0x0000019b
     376405.000 ns	     37639	80007f54	d0127c53	fcvt.s.wu	f24,x4	  x4:0xff0003e5 f24=0x4f7f0003
     376435.000 ns	     37642	80007f58	a00fa5d3	feq.s	x11,f31,f0	 f31:0x7fc00000  f0:0x80000000 x11=0x00000000
     376485.000 ns	     37647	80007f5c	01764e53	fadd.s	f28,f12,f23	 f12:0x4afffd5a f23:0x4f7f8000 f28=0x4f7fffff
     376505.000 ns	     37649	80007f60	40705313	srai	x6,x0,0x7	  x0:0x00000000  x6=0x00000000
     376515.000 ns	     37650	80007f64	00419513	slli	x10,x3,0x4	  x3:0xfc0026ad x10=0xc0026ad0
     376535.000 ns	     37652	80007f68	f00387d3	fmv.w.x	f15,x7	  x7:0x00000000 f15=0x00000000
     376565.000 ns	     37655	80007f6c	a1e591d3	flt.s	x3,f11,f30	 f11:0x7fc00000 f30:0x80000000  x3=0x00000000
     376595.000 ns	     37658	80007f70	e0060dd3	fmv.x.w	x27,f12	 f12:0x4afffd5a x27=0x4afffd5a
     376625.000 ns	     37661	80007f74	a0598a53	fle.s	x20,f19,f5	 f19:0x7fc00000  f5:0x80000000 x20=0x00000000
     376645.000 ns	     37663	80007f78	002111b3	sll	x3,x2,x2	  x2:0x00000000  x2:0x00000000  x3=0x00000000
     376675.000 ns	     37666	80007f7c	10d5f0d3	fmul.s	f1,f11,f13	 f11:0x7fc00000 f13:0x00000000  f1=0x7fc00000
     376705.000 ns	     37669	80007f80	28960ed3	fmin.s	f29,f12,f9	 f12:0x4afffd5a  f9:0xdc7ff650 f29=0xdc7ff650
     376735.000 ns	     37672	80007f84	d00f3453	fcvt.s.w	f8,x30	 x30:0x4c000000  f8=0x4e980000
     376755.000 ns	     37674	80007f88	017a1413	slli	x8,x20,0x17	 x20:0x00000000  x8=0x00000000
     376765.000 ns	     37675	80007f8c	01dfce33	xor	x28,x31,x29	 x31:0x00000009 x29:0xffffffff x28=0xfffffff6
     376795.000 ns	     37678	80007f90	116b7d53	fmul.s	f26,f22,f22	 f22:0x00000000 f22:0x00000000 f26=0x00000000
     376825.000 ns	     37681	80007f94	20488a53	fsgnj.s	f20,f17,f4	 f17:0x7fc00000  f4:0x3f800000 f20=0x7fc00000
     376855.000 ns	     37684	80007f98	f0028e53	fmv.w.x	f28,x5	  x5:0xfffffc89 f28=0xfffffc89
     376885.000 ns	     37687	80007f9c	d0147fd3	fcvt.s.wu	f31,x8	  x8:0x00000000 f31=0x00000000
     376915.000 ns	     37690	80007fa0	21172253	fsgnjx.s	f4,f14,f17	 f14:0x80000000 f17:0x7fc00000  f4=0x80000000
     376945.000 ns	     37693	80007fa4	027221b3	mulhsu	x3,x4,x7	  x4:0xff0003e5  x7:0x00000000  x3=0x00000000
     376975.000 ns	     37696	80007fa8	a02b1453	flt.s	x8,f22,f2	 f22:0x00000000  f2:0x3f800000  x8=0x00000001
     377005.000 ns	     37699	80007fac	28fd9c53	fmax.s	f24,f27,f15	 f27:0x7fc00000 f15:0x00000000 f24=0x00000000
     377045.000 ns	     37703	80007fb0	580872d3	fsqrt.s	f5,f16	 f16:0x7fc00000  f5=0x7fc00000
     377065.000 ns	     37705	80007fb4	002c9233	sll	x4,x25,x2	 x25:0x00000000  x2:0x00000000  x4=0x00000000
     377425.000 ns	     37741	80007fb8	02e95d33	divu	x26,x18,x14	 x18:0x00000225 x14:0x4f7ffffc x26=0x00000000
     377455.000 ns	     37744	80007fbc	0347b333	mulhu	x6,x15,x20	 x15:0xffffffff x20:0x00000000  x6=0x00000000
     377485.000 ns	     37747	80007fc0	f0038553	fmv.w.x	f10,x7	  x7:0x00000000 f10=0x00000000
     377505.000 ns	     37749	80007fc4	018b9633	sll	x12,x23,x24	 x23:0x80041024 x24:0x7ffffffc x12=0x40000000
     377525.000 ns	     37751	80007fc8	a0a78753	fle.s	x14,f15,f10	 f15:0x00000000 f10:0x00000000 x14=0x00000001
     377555.000 ns	     37754	80007fcc	c012cb53	fcvt.wu.s	x22,f5	  f5:0x7fc00000 x22=0xffffffff
     377575.000 ns	     37756	80007fd0	01c11113	slli	x2,x2,0x1c	  x2:0x00000000  x2=0x00000000
     377585.000 ns	     37757	80007fd4	a1cb8db7	lui	x27,0xa1cb8	 x27=0xa1cb8000
     377945.000 ns	     37793	80007fd8	0286e0b3	rem	x1,x13,x8	 x13:0x00000000  x8:0x00000001  x1=0x00000000
     377965.000 ns	     37795	80007fdc	e977b793	sltiu	x15,x15,-361	 x15:0xffffffff x15=0x00000000
     377975.000 ns	     37796	80007fe0	00f29393	slli	x7,x5,0xf	  x5:0xfffffc89  x7=0xfe448000
     377985.000 ns	     37797	80007fe4	00000013	addi	x0,x0,0	  x0:0x00000000
     377995.000 ns	     37798	80007fe8	1426d117	auipc	x2,0x1426d	  x2=0x94274fe8
     378015.000 ns	     37800	80007fec	c0033153	fcvt.w.s	x2,f6	  f6:0x4f7ffffc  x2=0x7fffffff
     378035.000 ns	     37802	80007ff0	d3408393	addi	x7,x1,-716	  x1:0x00000000  x7=0xfffffd34
     378055.000 ns	     37804	80007ff4	a1b20ad3	fle.s	x21,f4,f27	  f4:0x80000000 f27:0x7fc00000 x21=0x00000000
     378075.000 ns	     37806	80007ff8	01bb8033	add	x0,x23,x27	 x23:0x80041024 x27:0xa1cb8000
     378085.000 ns	     37807	80007ffc	05086d13	ori	x26,x16,80	 x16:0x70bb7000 x26=0x70bb7050
     378095.000 ns	     37808	80008000	ed558493	addi	x9,x11,-299	 x11:0x00000000  x9=0xfffffed5
     378115.000 ns	     37810	80008004	217301d3	fsgnj.s	f3,f6,f23	  f6:0x4f7ffffc f23:0x4f7f8000  f3=0x4f7ffffc
     378135.000 ns	     37812	80008008	d286a693	slti	x13,x13,-728	 x13:0x00000000 x13=0x00000000
     378495.000 ns	     37848	8000800c	029a4d33	div	x26,x20,x9	 x20:0x00000000  x9:0xfffffed5 x26=0x00000000
     378515.000 ns	     37850	80008010	0006bab3	sltu	x21,x13,x0	 x13:0x00000000  x0:0x00000000 x21=0x00000000
     378525.000 ns	     37851	80008014	d6fec797	auipc	x15,0xd6fec	 x15=0x56ff4014
     378535.000 ns	     37852	80008018	00c315b3	sll	x11,x6,x12	  x6:0x00000000 x12:0x40000000 x11=0x00000000
     378545.000 ns	     37853	8000801c	40f7dcb3	sra	x25,x15,x15	 x15:0x00000000 x15:0x00000000 x25=0x0000056f
     378565.000 ns	     37855	80008020	03aa1933	mulh	x18,x20,x26	 x20:0x00000000 x26:0x00000000 x18=0x00000000
     378585.000 ns	     37857	80008024	27de0413	addi	x8,x28,637	 x28:0xfffffff6  x8=0x00000273
     378595.000 ns	     37858	80008028	00a94c33	xor	x24,x18,x10	 x18:0x00000000 x10:0xc0026ad0 x24=0xc0026ad0
     378615.000 ns	     37860	8000802c	023c25b3	mulhsu	x11,x24,x3	 x24:0x7ffffffc  x3:0x00000000 x11=0x00000000
     378645.000 ns	     37863	80008030	02dee9b3	rem	x19,x29,x13	 x29:0xffffffff x13:0x00000000 x19=0xffffffff
     378665.000 ns	     37865	80008034	e818aa93	slti	x21,x17,-383	 x17:0x80040fe4 x21=0x00000001
     378675.000 ns	     37866	80008038	41355d33	sra	x26,x10,x19	 x10:0xc0026ad0 x19:0xffffffff x26=0xffffffff
     379005.000 ns	     37899	8000803c	19d3f453	fdiv.s	f8,f7,f29	  f7:0x1f350483 f29:0xdc7ff650  f8=0x82350484
     379055.000 ns	     37904	80008040	011f8b53	fadd.s	f22,f31,f17	 f31:0x00000000 f17:0x7fc00000 f22=0x7fc00000
     379075.000 ns	     37906	80008044	016b6833	or	x16,x22,x22	 x22:0xffffffff x22:0xffffffff x16=0xffffffff
     379085.000 ns	     37907	80008048	0040b533	sltu	x10,x1,x4	  x1:0x00000000  x4:0x00000000 x10=0x00000000
     379105.000 ns	     37909	8000804c	034c4a33	div	x20,x24,x20	 x24:0xc0026ad0 x20:0x00000000 x20=0xffffffff
     379135.000 ns	     37912	80008050	025a3eb3	mulhu	x29,x20,x5	 x20:0x00000000  x5:0xfffffc89 x29=0xfffffc88
     379155.000 ns	     37914	80008054	018b4733	xor	x14,x22,x24	 x22:0xffffffff x24:0xc0026ad0 x14=0x3ffd952f
     379165.000 ns	     37915	80008058	0019b4b3	sltu	x9,x19,x1	 x19:0xffffffff  x1:0x00000000  x9=0x00000000
     379185.000 ns	     37917	8000805c	d0133ad3	fcvt.s.wu	f21,x6	  x6:0x00000000 f21=0x00000000
     379205.000 ns	     37919	80008060	002370b3	and	x1,x6,x2	  x6:0x00000000  x2:0x7fffffff  x1=0x00000000
     379215.000 ns	     37920	80008064	0fc8cc93	xori	x25,x17,252	 x17:0x80040fe4 x25=0x80040f18
     379545.000 ns	     37953	80008068	19740ad3	fdiv.s	f21,f8,f23	  f8:0x82350484 f23:0x4f7f8000 f21=0xf2350484
     379565.000 ns	     37955	8000806c	01c78d33	add	x26,x15,x28	 x15:0x56ff4014 x28:0xfffffff6 x26=0x56ff400a
     379575.000 ns	     37956	80008070	00b18633	add	x12,x3,x11	  x3:0x00000000 x11:0x00000000 x12=0x00000000
     379585.000 ns	     37957	80008074	01ee8833	add	x16,x29,x30	 x29:0xfffffc88 x30:0x4c000000 x16=0x4bfffc88
     379595.000 ns	     37958	80008078	00a6dc13	srli	x24,x13,0xa	 x13:0x00000000 x24=0x00000000
     379635.000 ns	     37962	8000807c	08e495d3	fsub.s	f11,f9,f14	  f9:0xdc7ff650 f14:0x80000000 f11=0xdc7ff650
     379665.000 ns	     37965	80008080	e0041853	fclass.s	x16,f8	  f8:0x82350484 x16=0x00000002
     380035.000 ns	     38002	80008084	03624d33	div	x26,x4,x22	  x4:0x00000000 x22:0xffffffff x26=0x00000000
     380055.000 ns	     38004	80008088	015369b3	or	x19,x6,x21	  x6:0x00000000 x21:0x00000001 x19=0x00000001
     380065.000 ns	     38005	8000808c	0117edb3	or	x27,x15,x17	 x15:0x56ff4014 x17:0x80040fe4 x27=0xd6ff4ff4
     380075.000 ns	     38006	80008090	111ab913	sltiu	x18,x21,273	 x21:0x00000001 x18=0x00000001
     380095.000 ns	     38008	80008094	c00abf53	fcvt.w.s	x30,f21	 f21:0xf2350484 x30=0x80000000
     380115.000 ns	     38010	80008098	01e32033	slt	x0,x6,x30	  x6:0x00000000 x30:0x4c000000
     380125.000 ns	     38011	8000809c	4053df13	srai	x30,x7,0x5	  x7:0xfffffd34 x30=0xffffffe9
     380135.000 ns	     38012	800080a0	00f5deb3	srl	x29,x11,x15	 x11:0x00000000 x15:0x56ff4014 x29=0x00000000
     380145.000 ns	     38013	800080a4	014173b3	and	x7,x2,x20	  x2:0x7fffffff x20:0xffffffff  x7=0x7fffffff
     380155.000 ns	     38014	800080a8	829eb513	sltiu	x10,x29,-2007	 x29:0xfffffc88 x10=0x00000001
     380165.000 ns	     38015	800080ac	641b1cb7	lui	x25,0x641b1	 x25=0x641b1000
     380175.000 ns	     38016	800080b0	408d0533	sub	x10,x26,x8	 x26:0x00000000  x8:0x00000273 x10=0xfffffd8d
     380195.000 ns	     38018	800080b4	a17e1f53	flt.s	x30,f28,f23	 f28:0xfffffc89 f23:0x4f7f8000 x30=0x00000000
     380225.000 ns	     38021	800080b8	0377b533	mulhu	x10,x15,x23	 x15:0x56ff4014 x23:0x80041024 x10=0x2b810183
     380255.000 ns	     38024	800080bc	c0089253	fcvt.w.s	x4,f17	 f17:0x7fc00000  x4=0x7fffffff
     380275.000 ns	     38026	800080c0	dad2b293	sltiu	x5,x5,-595	  x5:0xfffffc89  x5=0x00000001
     380295.000 ns	     38028	800080c4	a0d40853	fle.s	x16,f8,f13	  f8:0x82350484 f13:0x00000000 x16=0x00000001
     380335.000 ns	     38032	800080c8	11192453	fmul.s	f8,f18,f17	 f18:0x1f350483 f17:0x7fc00000  f8=0x7fc00000
     380355.000 ns	     38034	800080cc	00e7d713	srli	x14,x15,0xe	 x15:0x56ff4014 x14=0x00015bfd
     380365.000 ns	     38035	800080d0	001001b3	add	x3,x0,x1	  x0:0x00000000  x1:0x00000000  x3=0x00000000
     380385.000 ns	     38037	800080d4	a1da23d3	feq.s	x7,f20,f29	 f20:0x7fc00000 f29:0xdc7ff650  x7=0x00000000
     380415.000 ns	     38040	800080d8	d009f2d3	fcvt.s.w	f5,x19	 x19:0x00000001  f5=0x3f800000
     380445.000 ns	     38043	800080dc	02e2b6b3	mulhu	x13,x5,x14	  x5:0x00000001 x14:0x00015bfd x13=0x00000000
     380465.000 ns	     38045	800080e0	41295ab3	sra	x21,x18,x18	 x18:0x00000001 x18:0x00000001 x21=0x00000000
     380825.000 ns	     38081	800080e4	0241c4b3	div	x9,x3,x4	  x3:0x00000000  x4:0x7fffffff  x9=0x00000000
     380855.000 ns	     38084	800080e8	d0087cd3	fcvt.s.w	f25,x16	 x16:0x00000001 f25=0x3f800000
     381225.000 ns	     38121	800080ec	02ec72b3	remu	x5,x24,x14	 x24:0x00000000 x14:0x00015bfd  x5=0x00000000
     381245.000 ns	     38123	800080f0	01281833	sll	x16,x16,x18	 x16:0x00000001 x18:0x00000001 x16=0x00000002
     381255.000 ns	     38124	800080f4	20282693	slti	x13,x16,514	 x16:0x00000001 x13=0x00000001
     381265.000 ns	     38125	800080f8	5714af13	slti	x30,x9,1393	  x9:0x00000000 x30=0x00000001
     381285.000 ns	     38127	800080fc	c0189f53	fcvt.wu.s	x30,f17	 f17:0x7fc00000 x30=0xffffffff
     381315.000 ns	     38130	80008100	c019ac53	fcvt.wu.s	x24,f19	 f19:0x7fc00000 x24=0xffffffff
     381335.000 ns	     38132	80008104	010c5433	srl	x8,x24,x16	 x24:0x00000000 x16:0x00000002  x8=0x3fffffff
     381345.000 ns	     38133	80008108	0082a033	slt	x0,x5,x8	  x5:0x00000000  x8:0x00000273
     381355.000 ns	     38134	8000810c	5166e093	ori	x1,x13,1302	 x13:0x00000001  x1=0x00000517
     381395.000 ns	     38138	80008110	01868c53	fadd.s	f24,f13,f24	 f13:0x00000000 f24:0x00000000 f24=0x00000000
     381765.000 ns	     38175	80008114	0384eeb3	rem	x29,x9,x24	  x9:0x00000000 x24:0xffffffff x29=0x00000000
     381785.000 ns	     38177	80008118	4141d113	srai	x2,x3,0x14	  x3:0x00000000  x2=0x00000000
     381825.000 ns	     38181	8000811c	0897b453	fsub.s	f8,f15,f9	 f15:0x00000000  f9:0xdc7ff650  f8=0x5c7ff650
     381855.000 ns	     38184	80008120	2175a853	fsgnjx.s	f16,f11,f23	 f11:0xdc7ff650 f23:0x4f7f8000 f16=0xdc7ff650
     381875.000 ns	     38186	80008124	9fd064b7	lui	x9,0x9fd06	  x9=0x9fd06000
     382235.000 ns	     38222	80008128	039a5b33	divu	x22,x20,x25	 x20:0xffffffff x25:0x641b1000 x22=0x00000002
     382285.000 ns	     38227	8000812c	0119f053	fadd.s	f0,f19,f17	 f19:0x7fc00000 f17:0x7fc00000  f0=0x7fc00000
     382305.000 ns	     38229	80008130	9e4cc413	xori	x8,x25,-1564	 x25:0x641b1000  x8=0x9be4e9e4
     382315.000 ns	     38230	80008134	013820b3	slt	x1,x16,x19	 x16:0x00000002 x19:0x00000001  x1=0x00000000
     382325.000 ns	     38231	80008138	4252b713	sltiu	x14,x5,1061	  x5:0x00000000 x14=0x00000001
     382345.000 ns	     38233	8000813c	a1ca02d3	fle.s	x5,f20,f28	 f20:0x7fc00000 f28:0xfffffc89  x5=0x00000000
     382365.000 ns	     38235	80008140	fcd165b7	lui	x11,0xfcd16	 x11=0xfcd16000
     382375.000 ns	     38236	80008144	00b6d093	srli	x1,x13,0xb	 x13:0x00000001  x1=0x00000000
     382385.000 ns	     38237	80008148	013e9a93	slli	x21,x29,0x13	 x29:0x00000000 x21=0x00000000
     382395.000 ns	     38238	8000814c	00ecb4b3	sltu	x9,x25,x14	 x25:0x641b1000 x14:0x00000001  x9=0x00000000
     382405.000 ns	     38239	80008150	40d25793	srai	x15,x4,0xd	  x4:0x7fffffff x15=0x0003ffff
     383575.000 ns	     38356	80008154	5802f753	fsqrt.s	f14,f5	  f5:0x3f800000 f14=0x3f7fffae
     383605.000 ns	     38359	80008158	288f80d3	fmin.s	f1,f31,f8	 f31:0x00000000  f8:0x5c7ff650  f1=0x00000000
     383655.000 ns	     38364	8000815c	09302ad3	fsub.s	f21,f0,f19	  f0:0x7fc00000 f19:0x7fc00000 f21=0x7fc00000
     383685.000 ns	     38367	80008160	e00485d3	fmv.x.w	x11,f9	  f9:0xdc7ff650 x11=0xdc7ff650
     383735.000 ns	     38372	80008164	0972f553	fsub.s	f10,f5,f23	  f5:0x3f800000 f23:0x4f7f8000 f10=0xcf7f7fff
     383755.000 ns	     38374	80008168	40cad213	srai	x4,x21,0xc	 x21:0x00000000  x4=0x00000000
     383765.000 ns	     38375	8000816c	007f76b3	and	x13,x30,x7	 x30:0xffffffff  x7:0x00000000 x13=0x00000000
     383785.000 ns	     38377	80008170	d00577d3	fcvt.s.w	f15,x10	 x10:0x2b810183 f15=0x4e2e0406
     383805.000 ns	     38379	80008174	008b1b13	slli	x22,x22,0x8	 x22:0x00000002 x22=0x00000200
     383825.000 ns	     38381	80008178	a1da9b53	flt.s	x22,f21,f29	 f21:0x7fc00000 f29:0xdc7ff650 x22=0x00000000
     383855.000 ns	     38384	8000817c	208b9ad3	fsgnjn.s	f21,f23,f8	 f23:0x4f7f8000  f8:0x5c7ff650 f21=0xcf7f8000
     383905.000 ns	     38389	80008180	01947153	fadd.s	f2,f8,f25	  f8:0x5c7ff650 f25:0x3f800000  f2=0x5c7ff650
     383935.000 ns	     38392	80008184	20d72553	fsgnjx.s	f10,f14,f13	 f14:0x3f7fffae f13:0x00000000 f10=0x3f7fffae
     384305.000 ns	     38429	80008188	03264e33	div	x28,x12,x18	 x12:0x00000000 x18:0x00000001 x28=0x00000000
     384325.000 ns	     38431	8000818c	1a9b84b7	lui	x9,0x1a9b8	  x9=0x1a9b8000
     384345.000 ns	     38433	80008190	026fea33	rem	x20,x31,x6	 x31:0x00000009  x6:0x00000000 x20=0x00000009
     384375.000 ns	     38436	80008194	a1c025d3	feq.s	x11,f0,f28	  f0:0x7fc00000 f28:0xfffffc89 x11=0x00000000
     384745.000 ns	     38473	80008198	03874f33	div	x30,x14,x24	 x14:0x00000001 x24:0xffffffff x30=0xffffffff
     384765.000 ns	     38475	8000819c	00c71933	sll	x18,x14,x12	 x14:0x00000001 x12:0x00000000 x18=0x00000001
     384785.000 ns	     38477	800081a0	a10f9cd3	flt.s	x25,f31,f16	 f31:0x00000000 f16:0xdc7ff650 x25=0x00000000
     384805.000 ns	     38479	800081a4	ba653913	sltiu	x18,x10,-1114	 x10:0x2b810183 x18=0x00000001
     384815.000 ns	     38480	800081a8	0006e2b3	or	x5,x13,x0	 x13:0x00000000  x0:0x00000000  x5=0x00000000
     384835.000 ns	     38482	800081ac	03cdedb3	rem	x27,x27,x28	 x27:0xd6ff4ff4 x28:0x00000000 x27=0xd6ff4ff4
     384855.000 ns	     38484	800081b0	40705293	srai	x5,x0,0x7	  x0:0x00000000  x5=0x00000000
     384875.000 ns	     38486	800081b4	2081aa53	fsgnjx.s	f20,f3,f8	  f3:0x4f7ffffc  f8:0x5c7ff650 f20=0x4f7ffffc
     384905.000 ns	     38489	800081b8	a0360753	fle.s	x14,f12,f3	 f12:0x4afffd5a  f3:0x4f7ffffc x14=0x00000001
     384935.000 ns	     38492	800081bc	201981d3	fsgnj.s	f3,f19,f1	 f19:0x7fc00000  f1:0x00000000  f3=0x7fc00000
     384955.000 ns	     38494	800081c0	012133b3	sltu	x7,x2,x18	  x2:0x00000000 x18:0x00000001  x7=0x00000001
     385315.000 ns	     38530	800081c4	033ad0b3	divu	x1,x21,x19	 x21:0x00000000 x19:0x00000001  x1=0x00000000
     385355.000 ns	     38534	800081c8	580c1553	fsqrt.s	f10,f24	 f24:0x00000000 f10=0x00000000
     385375.000 ns	     38536	800081cc	f7acc693	xori	x13,x25,-134	 x25:0x00000000 x13=0xffffff7a
     385385.000 ns	     38537	800081d0	00161193	slli	x3,x12,0x1	 x12:0x00000000  x3=0x00000000
     385415.000 ns	     38540	800081d4	58082a53	fsqrt.s	f20,f16	 f16:0xdc7ff650 f20=0x7fc00000
     385445.000 ns	     38543	800081d8	20b98d53	fsgnj.s	f26,f19,f11	 f19:0x7fc00000 f11:0xdc7ff650 f26=0xffc00000
     385465.000 ns	     38545	800081dc	8fdd2d97	auipc	x27,0x8fdd2	 x27=0x0fdda1dc
     385475.000 ns	     38546	800081e0	ad571117	auipc	x2,0xad571	  x2=0x2d5791e0
     385485.000 ns	     38547	800081e4	00a92e33	slt	x28,x18,x10	 x18:0x00000001 x10:0x2b810183 x28=0x00000001
     385505.000 ns	     38549	800081e8	20be27d3	fsgnjx.s	f15,f28,f11	 f28:0xfffffc89 f11:0xdc7ff650 f15=0x7ffffc89
     385525.000 ns	     38551	800081ec	01bef233	and	x4,x29,x27	 x29:0x00000000 x27:0x0fdda1dc  x4=0x00000000
     385535.000 ns	     38552	800081f0	9ebaae13	slti	x28,x21,-1557	 x21:0x00000000 x28=0x00000000
     385555.000 ns	     38554	800081f4	038f91b3	mulh	x3,x31,x24	 x31:0x00000009 x24:0xffffffff  x3=0xffffffff
     385575.000 ns	     38556	800081f8	00000013	addi	x0,x0,0	  x0:0x00000000
     385585.000 ns	     38557	800081fc	d5a29397	auipc	x7,0xd5a29	  x7=0x55a311fc
     385595.000 ns	     38558	80008200	0132b833	sltu	x16,x5,x19	  x5:0x00000000 x19:0x00000001 x16=0x00000001
     385605.000 ns	     38559	80008204	9d633997	auipc	x19,0x9d633	 x19=0x1d63b204
     385615.000 ns	     38560	80008208	00830233	add	x4,x6,x8	  x6:0x00000000  x8:0x9be4e9e4  x4=0x9be4e9e4
     385635.000 ns	     38562	8000820c	e0071c53	fclass.s	x24,f14	 f14:0x3f7fffae x24=0x00000040
     385655.000 ns	     38564	80008210	01dd9493	slli	x9,x27,0x1d	 x27:0x0fdda1dc  x9=0x80000000
     385675.000 ns	     38566	80008214	03515833	divu	x16,x2,x21	  x2:0x2d5791e0 x21:0x00000000 x16=0xffffffff
     385705.000 ns	     38569	80008218	d018c2d3	fcvt.s.wu	f5,x17	 x17:0x80040fe4  f5=0x4f000410
     385735.000 ns	     38572	8000821c	03e3b3b3	mulhu	x7,x7,x30	  x7:0x55a311fc x30:0xffffffff  x7=0x55a311fb
     386105.000 ns	     38609	80008220	0389e5b3	rem	x11,x19,x24	 x19:0x1d63b204 x24:0x00000040 x11=0x00000004
     386125.000 ns	     38611	80008224	04fc3093	sltiu	x1,x24,79	 x24:0x00000040  x1=0x00000001
     386135.000 ns	     38612	80008228	014559b3	srl	x19,x10,x20	 x10:0x2b810183 x20:0x00000009 x19=0x0015c080
     386145.000 ns	     38613	8000822c	403255b3	sra	x11,x4,x3	  x4:0x9be4e9e4  x3:0xffffffff x11=0xffffffff
     386155.000 ns	     38614	80008230	c0659497	auipc	x9,0xc0659	  x9=0x40661230
     386195.000 ns	     38618	80008234	098b0b53	fsub.s	f22,f22,f24	 f22:0x7fc00000 f24:0x00000000 f22=0x7fc00000
     386225.000 ns	     38621	80008238	e00f1553	fclass.s	x10,f30	 f30:0x80000000 x10=0x00000008
     386255.000 ns	     38624	8000823c	e00410d3	fclass.s	x1,f8	  f8:0x5c7ff650  x1=0x00000040
     386285.000 ns	     38627	80008240	28fc04d3	fmin.s	f9,f24,f15	 f24:0x00000000 f15:0x7ffffc89  f9=0x00000000
     386305.000 ns	     38629	80008244	ad40a813	slti	x16,x1,-1324	  x1:0x00000040 x16=0x00000000
     386315.000 ns	     38630	80008248	010f42b3	xor	x5,x30,x16	 x30:0xffffffff x16:0xffffffff  x5=0xffffffff
     386335.000 ns	     38632	8000824c	0300ccb3	div	x25,x1,x16	  x1:0x00000040 x16:0xffffffff x25=0xffffffff
     386365.000 ns	     38635	80008250	c0157ed3	fcvt.wu.s	x29,f10	 f10:0x00000000 x29=0x00000000
     386385.000 ns	     38637	80008254	60026d13	ori	x26,x4,1536	  x4:0x9be4e9e4 x26=0x9be4efe4
     386745.000 ns	     38673	80008258	0216ccb3	div	x25,x13,x1	 x13:0xffffff7a  x1:0x00000040 x25=0xfffffffe
     386765.000 ns	     38675	8000825c	4156dd33	sra	x26,x13,x21	 x13:0xffffff7a x21:0x00000000 x26=0xffffff7a
     386785.000 ns	     38677	80008260	213daa53	fsgnjx.s	f20,f27,f19	 f27:0x7fc00000 f19:0x7fc00000 f20=0x7fc00000
     386825.000 ns	     38681	80008264	191b32d3	fdiv.s	f5,f22,f17	 f22:0x7fc00000 f17:0x7fc00000  f5=0x7fc00000
     386855.000 ns	     38684	80008268	a17606d3	fle.s	x13,f12,f23	 f12:0x4afffd5a f23:0x4f7f8000 x13=0x00000001
     386875.000 ns	     38686	8000826c	00627033	and	x0,x4,x6	  x4:0x9be4e9e4  x6:0x00000000
     386895.000 ns	     38688	80008270	28b01153	fmax.s	f2,f0,f11	  f0:0x7fc00000 f11:0xdc7ff650  f2=0xdc7ff650
     386925.000 ns	     38691	80008274	f0088353	fmv.w.x	f6,x17	 x17:0x80040fe4  f6=0x80040fe4
     386945.000 ns	     38693	80008278	ab4eb697	auipc	x13,0xab4eb	 x13=0x2b4f3278
     386965.000 ns	     38695	8000827c	02e38033	mul	x0,x7,x14	  x7:0x55a311fb x14:0x00000001
     387015.000 ns	     38700	80008280	08853c53	fsub.s	f24,f10,f8	 f10:0x00000000  f8:0x5c7ff650 f24=0xdc7ff650
     387045.000 ns	     38703	80008284	a07d96d3	flt.s	x13,f27,f7	 f27:0x7fc00000  f7:0x1f350483 x13=0x00000000
     387085.000 ns	     38707	80008288	10593c53	fmul.s	f24,f18,f5	 f18:0x1f350483  f5:0x7fc00000 f24=0x7fc00000
     387115.000 ns	     38710	8000828c	202228d3	fsgnjx.s	f17,f4,f2	  f4:0x80000000  f2:0xdc7ff650 f17=0x00000000
     387165.000 ns	     38715	80008290	095ebf53	fsub.s	f30,f29,f21	 f29:0xdc7ff650 f21:0xcf7f8000 f30=0xdc7ff64f
     387505.000 ns	     38749	80008294	18be9bd3	fdiv.s	f23,f29,f11	 f29:0xdc7ff650 f11:0xdc7ff650 f23=0x3f7ff650
     387535.000 ns	     38752	80008298	c00c7ed3	fcvt.w.s	x29,f24	 f24:0x7fc00000 x29=0x7fffffff
     387555.000 ns	     38754	8000829c	01531533	sll	x10,x6,x21	  x6:0x00000000 x21:0x00000000 x10=0x00000000
     387565.000 ns	     38755	800082a0	4fd7b693	sltiu	x13,x15,1277	 x15:0x0003ffff x13=0x00000000
     387575.000 ns	     38756	800082a4	05733713	sltiu	x14,x6,87	  x6:0x00000000 x14=0x00000001
     387595.000 ns	     38758	800082a8	a17e96d3	flt.s	x13,f29,f23	 f29:0xdc7ff650 f23:0x3f7ff650 x13=0x00000001
     387635.000 ns	     38762	800082ac	18197ad3	fdiv.s	f21,f18,f1	 f18:0x1f350483  f1:0x00000000 f21=0x7f800000
     387655.000 ns	     38764	800082b0	01542333	slt	x6,x8,x21	  x8:0x9be4e9e4 x21:0x00000000  x6=0x00000001
     387675.000 ns	     38766	800082b4	e00817d3	fclass.s	x15,f16	 f16:0xdc7ff650 x15=0x00000002
     387705.000 ns	     38769	800082b8	c0072d53	fcvt.w.s	x26,f14	 f14:0x3f7fffae x26=0x00000000
     387725.000 ns	     38771	800082bc	5bd92e13	slti	x28,x18,1469	 x18:0x00000001 x28=0x00000001
     387745.000 ns	     38773	800082c0	21e22853	fsgnjx.s	f16,f4,f30	  f4:0x80000000 f30:0xdc7ff64f f16=0x00000000
     387765.000 ns	     38775	800082c4	01410733	add	x14,x2,x20	  x2:0x2d5791e0 x20:0x00000009 x14=0x2d5791e9
     387785.000 ns	     38777	800082c8	29a593d3	fmax.s	f7,f11,f26	 f11:0xdc7ff650 f26:0xffc00000  f7=0xdc7ff650
     387815.000 ns	     38780	800082cc	c01e2053	fcvt.wu.s	x0,f28	 f28:0xfffffc89
     387845.000 ns	     38783	800082d0	03783db3	mulhu	x27,x16,x23	 x16:0x00000000 x23:0x80041024 x27=0x00000000
     387865.000 ns	     38785	800082d4	00000013	addi	x0,x0,0	  x0:0x00000000
     387875.000 ns	     38786	800082d8	0131b6b3	sltu	x13,x3,x19	  x3:0xffffffff x19:0x0015c080 x13=0x00000000
     387885.000 ns	     38787	800082dc	af982097	auipc	x1,0xaf982	  x1=0x2f98a2dc
     388245.000 ns	     38823	800082e0	03e17733	remu	x14,x2,x30	  x2:0x2d5791e0 x30:0xffffffff x14=0x2d5791e0
     388265.000 ns	     38825	800082e4	41025833	sra	x16,x4,x16	  x4:0x9be4e9e4 x16:0x00000000 x16=0x9be4e9e4
     388275.000 ns	     38826	800082e8	58bf8413	addi	x8,x31,1419	 x31:0x00000009  x8=0x00000594
     388295.000 ns	     38828	800082ec	a0089c53	flt.s	x24,f17,f0	 f17:0x00000000  f0:0x7fc00000 x24=0x00000000
     388345.000 ns	     38833	800082f0	001ac353	fadd.s	f6,f21,f1	 f21:0x7f800000  f1:0x00000000  f6=0x7f800000
     388375.000 ns	     38836	800082f4	e00880d3	fmv.x.w	x1,f17	 f17:0x00000000  x1=0x00000000
     388745.000 ns	     38873	800082f8	039a6cb3	rem	x25,x20,x25	 x20:0x00000009 x25:0xfffffffe x25=0x00000001
     388765.000 ns	     38875	800082fc	009891b3	sll	x3,x17,x9	 x17:0x80040fe4  x9:0x40661230  x3=0x0fe40000
     388795.000 ns	     38878	80008300	18ca8cd3	fdiv.s	f25,f21,f12	 f21:0x7f800000 f12:0x4afffd5a f25=0x7f800000
     388815.000 ns	     38880	80008304	008fa4b3	slt	x9,x31,x8	 x31:0x00000009  x8:0x00000594  x9=0x00000001
     388825.000 ns	     38881	80008308	00000013	addi	x0,x0,0	  x0:0x00000000
     388845.000 ns	     38883	8000830c	28cd1853	fmax.s	f16,f26,f12	 f26:0xffc00000 f12:0x4afffd5a f16=0x4afffd5a
     388885.000 ns	     38887	80008310	18d373d3	fdiv.s	f7,f6,f13	  f6:0x7f800000 f13:0x00000000  f7=0x7f800000
     388915.000 ns	     38890	80008314	02a42033	mulhsu	x0,x8,x10	  x8:0x00000594 x10:0x00000000
     388945.000 ns	     38893	80008318	02e11433	mulh	x8,x2,x14	  x2:0x2d5791e0 x14:0x2d5791e0  x8=0x0807e73d
     388965.000 ns	     38895	8000831c	b7425ab7	lui	x21,0xb7425	 x21=0xb7425000
     388975.000 ns	     38896	80008320	199b3713	sltiu	x14,x22,409	 x22:0x00000000 x14=0x00000001
     388995.000 ns	     38898	80008324	02f68133	mul	x2,x13,x15	 x13:0x00000000 x15:0x00000002  x2=0x00000000
     389025.000 ns	     38901	80008328	292c9fd3	fmax.s	f31,f25,f18	 f25:0x7f800000 f18:0x1f350483 f31=0x7f800000
     389075.000 ns	     38906	8000832c	089c15d3	fsub.s	f11,f24,f9	 f24:0x7fc00000  f9:0x00000000 f11=0x7fc00000
     389095.000 ns	     38908	80008330	1eaa4693	xori	x13,x20,490	 x20:0x00000009 x13=0x000001e3
     389105.000 ns	     38909	80008334	419b5193	srai	x3,x22,0x19	 x22:0x00000000  x3=0x00000000
     389125.000 ns	     38911	80008338	a0f324d3	feq.s	x9,f6,f15	  f6:0x7f800000 f15:0x7ffffc89  x9=0x00000000
     389155.000 ns	     38914	8000833c	21779b53	fsgnjn.s	f22,f15,f23	 f15:0x7ffffc89 f23:0x3f7ff650 f22=0xfffffc89
     389185.000 ns	     38917	80008340	d019f2d3	fcvt.s.wu	f5,x19	 x19:0x0015c080  f5=0x49ae0400
     389215.000 ns	     38920	80008344	03619833	mulh	x16,x3,x22	  x3:0x00000000 x22:0x00000000 x16=0x00000000
     389585.000 ns	     38957	80008348	02e57f33	remu	x30,x10,x14	 x10:0x00000000 x14:0x00000001 x30=0x00000000
     389605.000 ns	     38959	8000834c	40aa8833	sub	x16,x21,x10	 x21:0xb7425000 x10:0x00000000 x16=0xb7425000
     389625.000 ns	     38961	80008350	214d0ed3	fsgnj.s	f29,f26,f20	 f26:0xffc00000 f20:0x7fc00000 f29=0x7fc00000
     389645.000 ns	     38963	80008354	01fcd433	srl	x8,x25,x31	 x25:0x00000001 x31:0x00000009  x8=0x00000000
     389685.000 ns	     38967	80008358	002199d3	fadd.s	f19,f3,f2	  f3:0x7fc00000  f2:0xdc7ff650 f19=0x7fc00000
     389715.000 ns	     38970	8000835c	21698cd3	fsgnj.s	f25,f19,f22	 f19:0x7fc00000 f22:0xfffffc89 f25=0xffc00000
     389755.000 ns	     38974	80008360	580079d3	fsqrt.s	f19,f0	  f0:0x7fc00000 f19=0x7fc00000
     389785.000 ns	     38977	80008364	a055a153	feq.s	x2,f11,f5	 f11:0x7fc00000  f5:0x49ae0400  x2=0x00000000
     389815.000 ns	     38980	80008368	e00312d3	fclass.s	x5,f6	  f6:0x7f800000  x5=0x00000080
     389835.000 ns	     38982	8000836c	00097333	and	x6,x18,x0	 x18:0x00000001  x0:0x00000000  x6=0x00000000
     389845.000 ns	     38983	80008370	018ab2b3	sltu	x5,x21,x24	 x21:0xb7425000 x24:0x00000000  x5=0x00000000
     389865.000 ns	     38985	80008374	209c2bd3	fsgnjx.s	f23,f24,f9	 f24:0x7fc00000  f9:0x00000000 f23=0x7fc00000
     389885.000 ns	     38987	80008378	e71a8d13	addi	x26,x21,-399	 x21:0xb7425000 x26=0xb7424e71
     389895.000 ns	     38988	8000837c	012cacb3	slt	x25,x25,x18	 x25:0x00000001 x18:0x00000001 x25=0x00000000
     389915.000 ns	     38990	80008380	033280b3	mul	x1,x5,x19	  x5:0x00000000 x19:0x0015c080  x1=0x00000000
     389945.000 ns	     38993	80008384	f00e8cd3	fmv.w.x	f25,x29	 x29:0x7fffffff f25=0x7fffffff
     390315.000 ns	     39030	80008388	0356c333	div	x6,x13,x21	 x13:0x000001e3 x21:0xb7425000  x6=0x00000000
     390685.000 ns	     39067	8000838c	03f77833	remu	x16,x14,x31	 x14:0x00000001 x31:0x00000009 x16=0x00000001
     390705.000 ns	     39069	80008390	4167d333	sra	x6,x15,x22	 x15:0x00000002 x22:0x00000000  x6=0x00000002
     390725.000 ns	     39071	80008394	a0028c53	fle.s	x24,f5,f0	  f5:0x49ae0400  f0:0x7fc00000 x24=0x00000000
     390745.000 ns	     39073	80008398	0085f433	and	x8,x11,x8	 x11:0xffffffff  x8:0x00000000  x8=0x00000000
     390765.000 ns	     39075	8000839c	d00bc653	fcvt.s.w	f12,x23	 x23:0x80041024 f12=0xcefff7e0
     390815.000 ns	     39080	800083a0	09b1fcd3	fsub.s	f25,f3,f27	  f3:0x7fc00000 f27:0x7fc00000 f25=0x7fc00000
     390845.000 ns	     39083	800083a4	213416d3	fsgnjn.s	f13,f8,f19	  f8:0x5c7ff650 f19:0x7fc00000 f13=0xdc7ff650
     390875.000 ns	     39086	800083a8	a1758153	fle.s	x2,f11,f23	 f11:0x7fc00000 f23:0x7fc00000  x2=0x00000000
     390895.000 ns	     39088	800083ac	93eca413	slti	x8,x25,-1730	 x25:0x00000000  x8=0x00000000
     390905.000 ns	     39089	800083b0	a5f0f413	andi	x8,x1,-1441	  x1:0x00000000  x8=0x00000000
     392075.000 ns	     39206	800083b4	58043153	fsqrt.s	f2,f8	  f8:0x5c7ff650  f2=0x4e34fd8b
     392095.000 ns	     39208	800083b8	40bf55b3	sra	x11,x30,x11	 x30:0x00000000 x11:0xffffffff x11=0x00000000
     392105.000 ns	     39209	800083bc	15d00813	addi	x16,x0,349	  x0:0x00000000 x16=0x0000015d
     392115.000 ns	     39210	800083c0	00000013	addi	x0,x0,0	  x0:0x00000000
     392125.000 ns	     39211	800083c4	41880633	sub	x12,x16,x24	 x16:0x00000001 x24:0x00000000 x12=0x0000015d
     392165.000 ns	     39215	800083c8	090f3ad3	fsub.s	f21,f30,f16	 f30:0xdc7ff64f f16:0x4afffd5a f21=0xdc7ff64f
     392195.000 ns	     39218	800083cc	21959bd3	fsgnjn.s	f23,f11,f25	 f11:0x7fc00000 f25:0x7fc00000 f23=0xffc00000
     392215.000 ns	     39220	800083d0	01a56233	or	x4,x10,x26	 x10:0x00000000 x26:0xb7424e71  x4=0xb7424e71
     392235.000 ns	     39222	800083d4	a1959953	flt.s	x18,f11,f25	 f11:0x7fc00000 f25:0x7fc00000 x18=0x00000000
     392255.000 ns	     39224	800083d8	00c73933	sltu	x18,x14,x12	 x14:0x00000001 x12:0x0000015d x18=0x00000001
     392265.000 ns	     39225	800083dc	01ff6933	or	x18,x30,x31	 x30:0x00000000 x31:0x00000009 x18=0x00000009
     392285.000 ns	     39227	800083e0	02eeaa33	mulhsu	x20,x29,x14	 x29:0x7fffffff x14:0x00000001 x20=0x00000000
     392315.000 ns	     39230	800083e4	03c43333	mulhu	x6,x8,x28	  x8:0x00000000 x28:0x00000001  x6=0x00000000
     392335.000 ns	     39232	800083e8	011d7733	and	x14,x26,x17	 x26:0xb7424e71 x17:0x80040fe4 x14=0x80000e60
     392355.000 ns	     39234	800083ec	d01d7b53	fcvt.s.wu	f22,x26	 x26:0xb7424e71 f22=0x4f37424e
     392375.000 ns	     39236	800083f0	01b7d133	srl	x2,x15,x27	 x15:0x00000002 x27:0x00000000  x2=0x00000002
     392395.000 ns	     39238	800083f4	03441e33	mulh	x28,x8,x20	  x8:0x00000000 x20:0x00000000 x28=0x00000000
     392415.000 ns	     39240	800083f8	9a986813	ori	x16,x16,-1623	 x16:0x0000015d x16=0xfffff9fd
     392425.000 ns	     39241	800083fc	41a35cb3	sra	x25,x6,x26	  x6:0x00000000 x26:0xb7424e71 x25=0x00000000
     392445.000 ns	     39243	80008400	03100633	mul	x12,x0,x17	  x0:0x00000000 x17:0x80040fe4 x12=0x00000000
     392465.000 ns	     39245	80008404	00205633	srl	x12,x0,x2	  x0:0x00000000  x2:0x00000002 x12=0x00000000
     392505.000 ns	     39249	80008408	099a0753	fsub.s	f14,f20,f25	 f20:0x7fc00000 f25:0x7fc00000 f14=0x7fc00000
     392525.000 ns	     39251	8000840c	01e1d913	srli	x18,x3,0x1e	  x3:0x00000000 x18=0x00000000
     392545.000 ns	     39253	80008410	02a48b33	mul	x22,x9,x10	  x9:0x00000000 x10:0x00000000 x22=0x00000000
     392565.000 ns	     39255	80008414	167bb013	sltiu	x0,x23,359	 x23:0x80041024
     392575.000 ns	     39256	80008418	01426333	or	x6,x4,x20	  x4:0xb7424e71 x20:0x00000000  x6=0xb7424e71
     392595.000 ns	     39258	8000841c	20638cd3	fsgnj.s	f25,f7,f6	  f7:0x7f800000  f6:0x7f800000 f25=0x7f800000
     392625.000 ns	     39261	80008420	03f20933	mul	x18,x4,x31	  x4:0xb7424e71 x31:0x00000009 x18=0x7154c1f9
     392655.000 ns	     39264	80008424	d01d79d3	fcvt.s.wu	f19,x26	 x26:0xb7424e71 f19=0x4f37424e
     392675.000 ns	     39266	80008428	c8db7193	andi	x3,x22,-883	 x22:0x00000000  x3=0x00000000
     392685.000 ns	     39267	8000842c	2f0a7437	lui	x8,0x2f0a7	  x8=0x2f0a7000
     392695.000 ns	     39268	80008430	67172637	lui	x12,0x67172	 x12=0x67172000
     392705.000 ns	     39269	80008434	3406b313	sltiu	x6,x13,832	 x13:0x000001e3  x6=0x00000001
     392715.000 ns	     39270	80008438	01ef5d93	srli	x27,x30,0x1e	 x30:0x00000000 x27=0x00000000
     392725.000 ns	     39271	8000843c	00a0acb3	slt	x25,x1,x10	  x1:0x00000000 x10:0x00000000 x25=0x00000000
     392735.000 ns	     39272	80008440	001f1313	slli	x6,x30,0x1	 x30:0x00000000  x6=0x00000000
     392755.000 ns	     39274	80008444	29e287d3	fmin.s	f15,f5,f30	  f5:0x49ae0400 f30:0xdc7ff64f f15=0xdc7ff64f
     392785.000 ns	     39277	80008448	e00011d3	fclass.s	x3,f0	  f0:0x7fc00000  x3=0x00000200
     392815.000 ns	     39280	8000844c	e00f86d3	fmv.x.w	x13,f31	 f31:0x7f800000 x13=0x7f800000
     392845.000 ns	     39283	80008450	02f40933	mul	x18,x8,x15	  x8:0x2f0a7000 x15:0x00000002 x18=0x5e14e000
     392875.000 ns	     39286	80008454	29169253	fmax.s	f4,f13,f17	 f13:0xdc7ff650 f17:0x00000000  f4=0x00000000
     392905.000 ns	     39289	80008458	a0dea453	feq.s	x8,f29,f13	 f29:0x7fc00000 f13:0xdc7ff650  x8=0x00000000
     392935.000 ns	     39292	8000845c	d003f5d3	fcvt.s.w	f11,x7	  x7:0x55a311fb f11=0x4eab4623
     392965.000 ns	     39295	80008460	d01e7553	fcvt.s.wu	f10,x28	 x28:0x00000000 f10=0x00000000
     392985.000 ns	     39297	80008464	00d479b3	and	x19,x8,x13	  x8:0x00000000 x13:0x7f800000 x19=0x00000000
     393015.000 ns	     39300	80008468	195cfa53	fdiv.s	f20,f25,f21	 f25:0x7f800000 f21:0xdc7ff64f f20=0xff800000
     393045.000 ns	     39303	8000846c	a0d08a53	fle.s	x20,f1,f13	  f1:0x00000000 f13:0xdc7ff650 x20=0x00000000
     393065.000 ns	     39305	80008470	004ff933	and	x18,x31,x4	 x31:0x00000009  x4:0xb7424e71 x18=0x00000001
     393085.000 ns	     39307	80008474	e00605d3	fmv.x.w	x11,f12	 f12:0xcefff7e0 x11=0xcefff7e0
     393115.000 ns	     39310	80008478	d00a1d53	fcvt.s.w	f26,x20	 x20:0x00000000 f26=0x00000000
     393135.000 ns	     39312	8000847c	41ce5b13	srai	x22,x28,0x1c	 x28:0x00000000 x22=0x00000000
     393495.000 ns	     39348	80008480	02bd7133	remu	x2,x26,x11	 x26:0xb7424e71 x11:0xcefff7e0  x2=0xb7424e71
     393525.000 ns	     39351	80008484	021bf6b3	remu	x13,x23,x1	 x23:0x80041024  x1:0x00000000 x13=0x80041024
     393555.000 ns	     39354	80008488	03052233	mulhsu	x4,x10,x16	 x10:0x00000000 x16:0xfffff9fd  x4=0x00000000
     393925.000 ns	     39391	8000848c	02f2cb33	div	x22,x5,x15	  x5:0x00000000 x15:0x00000002 x22=0x00000000
     393975.000 ns	     39396	80008490	0983fed3	fsub.s	f29,f7,f24	  f7:0x7f800000 f24:0x7fc00000 f29=0x7fc00000
     393995.000 ns	     39398	80008494	00000013	addi	x0,x0,0	  x0:0x00000000
     394015.000 ns	     39400	80008498	03171633	mulh	x12,x14,x17	 x14:0x80000e60 x17:0x80040fe4 x12=0x3ffdf0de
     394035.000 ns	     39402	8000849c	0193c333	xor	x6,x7,x25	  x7:0x55a311fb x25:0x00000000  x6=0x55a311fb
     394065.000 ns	     39405	800084a0	580bf7d3	fsqrt.s	f15,f23	 f23:0xffc00000 f15=0x7fc00000
     394085.000 ns	     39407	800084a4	246f8213	addi	x4,x31,582	 x31:0x00000009  x4=0x0000024f
     394105.000 ns	     39409	800084a8	021255b3	divu	x11,x4,x1	  x4:0x00000000  x1:0x00000000 x11=0xffffffff
     394135.000 ns	     39412	800084ac	c0072053	fcvt.w.s	x0,f14	 f14:0x7fc00000
     394165.000 ns	     39415	800084b0	e00595d3	fclass.s	x11,f11	 f11:0x4eab4623 x11=0x00000040
     394185.000 ns	     39417	800084b4	40e6d5b3	sra	x11,x13,x14	 x13:0x80041024 x14:0x80000e60 x11=0x80041024
     394205.000 ns	     39419	800084b8	d01bf453	fcvt.s.wu	f8,x23	 x23:0x80041024  f8=0x4f000410
     394225.000 ns	     39421	800084bc	554adc97	auipc	x25,0x554ad	 x25=0xd54b54bc
     394585.000 ns	     39457	800084c0	03d17c33	remu	x24,x2,x29	  x2:0xb7424e71 x29:0x7fffffff x24=0x37424e72
     394605.000 ns	     39459	800084c4	acff8e93	addi	x29,x31,-1329	 x31:0x00000009 x29=0xfffffad8
     394645.000 ns	     39463	800084c8	014cf3d3	fadd.s	f7,f25,f20	 f25:0x7f800000 f20:0xff800000  f7=0x80000000
     394665.000 ns	     39465	800084cc	01c1d713	srli	x14,x3,0x1c	  x3:0x00000200 x14=0x00000000
     394685.000 ns	     39467	800084d0	c0130cd3	fcvt.wu.s	x25,f6	  f6:0x7f800000 x25=0xffffffff
     394705.000 ns	     39469	800084d4	52c08717	auipc	x14,0x52c08	 x14=0xd2c104d4
     394725.000 ns	     39471	800084d8	e00a8653	fmv.x.w	x12,f21	 f21:0xdc7ff64f x12=0xdc7ff64f
     394755.000 ns	     39474	800084dc	03220ab3	mul	x21,x4,x18	  x4:0x0000024f x18:0x00000001 x21=0x0000024f
     394775.000 ns	     39476	800084e0	011d56b3	srl	x13,x26,x17	 x26:0xb7424e71 x17:0x80040fe4 x13=0x0b7424e7
     395135.000 ns	     39512	800084e4	02255eb3	divu	x29,x10,x2	 x10:0x00000000  x2:0xb7424e71 x29=0x00000000
     395155.000 ns	     39514	800084e8	72662413	slti	x8,x12,1830	 x12:0xdc7ff64f  x8=0x00000001
     395165.000 ns	     39515	800084ec	01241493	slli	x9,x8,0x12	  x8:0x00000000  x9=0x00040000
     395185.000 ns	     39517	800084f0	d0117053	fcvt.s.wu	f0,x2	  x2:0xb7424e71  f0=0x4f37424e
     395215.000 ns	     39520	800084f4	a09a1ed3	flt.s	x29,f20,f9	 f20:0xff800000  f9:0x00000000 x29=0x00000001
     395245.000 ns	     39523	800084f8	a0b902d3	fle.s	x5,f18,f11	 f18:0x1f350483 f11:0x4eab4623  x5=0x00000001
     395265.000 ns	     39525	800084fc	002a64b3	or	x9,x20,x2	 x20:0x00000000  x2:0xb7424e71  x9=0xb7424e71
     395275.000 ns	     39526	80008500	491cb713	sltiu	x14,x25,1169	 x25:0xffffffff x14=0x00000000
     395295.000 ns	     39528	80008504	20210753	fsgnj.s	f14,f2,f2	  f2:0x4e34fd8b  f2:0x4e34fd8b f14=0x4e34fd8b
     395325.000 ns	     39531	80008508	2170a6d3	fsgnjx.s	f13,f1,f23	  f1:0x00000000 f23:0xffc00000 f13=0x80000000
     395345.000 ns	     39533	8000850c	04536513	ori	x10,x6,69	  x6:0x55a311fb x10=0x55a311ff
     395385.000 ns	     39537	80008510	01e20753	fadd.s	f14,f4,f30	  f4:0x00000000 f30:0xdc7ff64f f14=0xdc7ff64f
     395405.000 ns	     39539	80008514	e4106d17	auipc	x26,0xe4106	 x26=0x6410e514
     395445.000 ns	     39543	80008518	09e327d3	fsub.s	f15,f6,f30	  f6:0x7f800000 f30:0xdc7ff64f f15=0x7f800000
     395815.000 ns	     39580	8000851c	03976db3	rem	x27,x14,x25	 x14:0x00000000 x25:0xffffffff x27=0x00000000
     395855.000 ns	     39584	80008520	18ea7f53	fdiv.s	f30,f20,f14	 f20:0xff800000 f14:0xdc7ff64f f30=0x7f800000
     396225.000 ns	     39621	80008524	03df5833	divu	x16,x30,x29	 x30:0x00000000 x29:0x00000001 x16=0x00000000
     396255.000 ns	     39624	80008528	28bb9553	fmax.s	f10,f23,f11	 f23:0xffc00000 f11:0x4eab4623 f10=0x4eab4623
     396275.000 ns	     39626	8000852c	01e891b3	sll	x3,x17,x30	 x17:0x80040fe4 x30:0x00000000  x3=0x80040fe4
     396285.000 ns	     39627	80008530	00888cb3	add	x25,x17,x8	 x17:0x80040fe4  x8:0x00000001 x25=0x80040fe5
     396615.000 ns	     39660	80008534	185021d3	fdiv.s	f3,f0,f5	  f0:0x4f37424e  f5:0x49ae0400  f3=0x44b7424e
     396645.000 ns	     39663	80008538	03ac3eb3	mulhu	x29,x24,x26	 x24:0x37424e72 x26:0x6410e514 x29=0x15998c3c
     396675.000 ns	     39666	8000853c	d00a7ed3	fcvt.s.w	f29,x20	 x20:0x00000000 f29=0x00000000
     396695.000 ns	     39668	80008540	00000013	addi	x0,x0,0	  x0:0x00000000
     396725.000 ns	     39671	80008544	11be7353	fmul.s	f6,f28,f27	 f28:0xfffffc89 f27:0x7fc00000  f6=0x7fc00000
     397095.000 ns	     39708	80008548	03d3d2b3	divu	x5,x7,x29	  x7:0x55a311fb x29:0x15998c3c  x5=0x00000003
     397125.000 ns	     39711	8000854c	02681a33	mulh	x20,x16,x6	 x16:0x00000000  x6:0x55a311fb x20=0x00000000
     397145.000 ns	     39713	80008550	37188d13	addi	x26,x17,881	 x17:0x80040fe4 x26=0x80041355
     397155.000 ns	     39714	80008554	003b9e13	slli	x28,x23,0x3	 x23:0x80041024 x28=0x00208120
     397175.000 ns	     39716	80008558	03d285b3	mul	x11,x5,x29	  x5:0x00000003 x29:0x15998c3c x11=0x40cca4b4
     397195.000 ns	     39718	8000855c	d5809917	auipc	x18,0xd5809	 x18=0x5581155c
     397215.000 ns	     39720	80008560	a0ab0c53	fle.s	x24,f22,f10	 f22:0x4f37424e f10:0x4eab4623 x24=0x00000000
     397245.000 ns	     39723	80008564	21338553	fsgnj.s	f10,f7,f19	  f7:0x80000000 f19:0x4f37424e f10=0x00000000
     397265.000 ns	     39725	80008568	01d01493	slli	x9,x0,0x1d	  x0:0x00000000  x9=0x00000000
     397275.000 ns	     39726	8000856c	11330113	addi	x2,x6,275	  x6:0x55a311fb  x2=0x55a3130e
     397295.000 ns	     39728	80008570	02e7d6b3	divu	x13,x15,x14	 x15:0x00000002 x14:0x00000000 x13=0xffffffff
     397315.000 ns	     39730	80008574	00f29813	slli	x16,x5,0xf	  x5:0x00000003 x16=0x00018000
     397325.000 ns	     39731	80008578	6883e513	ori	x10,x7,1672	  x7:0x55a311fb x10=0x55a317fb
     397345.000 ns	     39733	8000857c	c0038153	fcvt.w.s	x2,f7	  f7:0x80000000  x2=0x00000000
     397375.000 ns	     39736	80008580	e0039e53	fclass.s	x28,f7	  f7:0x80000000 x28=0x00000008
     397405.000 ns	     39739	80008584	02ab03b3	mul	x7,x22,x10	 x22:0x00000000 x10:0x55a317fb  x7=0x00000000
     397435.000 ns	     39742	80008588	215695d3	fsgnjn.s	f11,f13,f21	 f13:0x80000000 f21:0xdc7ff64f f11=0x00000000
     397455.000 ns	     39744	8000858c	f39fd317	auipc	x6,0xf39fd	  x6=0x73a0558c
     397485.000 ns	     39747	80008590	58079a53	fsqrt.s	f20,f15	 f15:0x7f800000 f20=0x7f800000
     397855.000 ns	     39784	80008594	037f5d33	divu	x26,x30,x23	 x30:0x00000000 x23:0x80041024 x26=0x00000000
     397885.000 ns	     39787	80008598	a09622d3	feq.s	x5,f12,f9	 f12:0xcefff7e0  f9:0x00000000  x5=0x00000000
     397905.000 ns	     39789	8000859c	00a2c133	xor	x2,x5,x10	  x5:0x00000003 x10:0x55a317fb  x2=0x55a317fb
     397925.000 ns	     39791	800085a0	29b88153	fmin.s	f2,f17,f27	 f17:0x00000000 f27:0x7fc00000  f2=0x00000000
     397945.000 ns	     39793	800085a4	0013e7b3	or	x15,x7,x1	  x7:0x00000000  x1:0x00000000 x15=0x00000000
     397955.000 ns	     39794	800085a8	00ca49b3	xor	x19,x20,x12	 x20:0x00000000 x12:0xdc7ff64f x19=0xdc7ff64f
     397995.000 ns	     39798	800085ac	0873c4d3	fsub.s	f9,f7,f7	  f7:0x80000000  f7:0x80000000  f9=0x00000000
     398025.000 ns	     39801	800085b0	28dd8d53	fmin.s	f26,f27,f13	 f27:0x7fc00000 f13:0x80000000 f26=0x80000000
     398045.000 ns	     39803	800085b4	deddf613	andi	x12,x27,-531	 x27:0x00000000 x12=0x00000000
     398065.000 ns	     39805	800085b8	02c5b433	mulhu	x8,x11,x12	 x11:0x40cca4b4 x12:0xdc7ff64f  x8=0x00000000
     398085.000 ns	     39807	800085bc	9f65fd13	andi	x26,x11,-1546	 x11:0x40cca4b4 x26=0x40cca0b4
     398105.000 ns	     39809	800085c0	c00e8653	fcvt.w.s	x12,f29	 f29:0x00000000 x12=0x00000000
     398125.000 ns	     39811	800085c4	00630533	add	x10,x6,x6	  x6:0x73a0558c  x6:0x73a0558c x10=0xe740ab18
     398145.000 ns	     39813	800085c8	20799d53	fsgnjn.s	f26,f19,f7	 f19:0x4f37424e  f7:0x80000000 f26=0x4f37424e
     398175.000 ns	     39816	800085cc	02cee033	rem	x0,x29,x12	 x29:0x15998c3c x12:0x00000000
     398205.000 ns	     39819	800085d0	a15f0c53	fle.s	x24,f30,f21	 f30:0x7f800000 f21:0xdc7ff64f x24=0x00000000
     398255.000 ns	     39824	800085d4	094f7453	fsub.s	f8,f30,f20	 f30:0x7f800000 f20:0x7f800000  f8=0x80000000
     398285.000 ns	     39827	800085d8	a16d8ed3	fle.s	x29,f27,f22	 f27:0x7fc00000 f22:0x4f37424e x29=0x00000000
     398305.000 ns	     39829	800085dc	4e693d93	sltiu	x27,x18,1254	 x18:0x5581155c x27=0x00000000
     398325.000 ns	     39831	800085e0	d01f1153	fcvt.s.wu	f2,x30	 x30:0x00000000  f2=0x00000000
     398355.000 ns	     39834	800085e4	c0037ed3	fcvt.w.s	x29,f6	  f6:0x7fc00000 x29=0x7fffffff
     398385.000 ns	     39837	800085e8	0347bcb3	mulhu	x25,x15,x20	 x15:0x00000000 x20:0x00000000 x25=0x00000000
     398415.000 ns	     39840	800085ec	a0180d53	fle.s	x26,f16,f1	 f16:0x4afffd5a  f1:0x00000000 x26=0x00000000
     398435.000 ns	     39842	800085f0	40e8de33	sra	x28,x17,x14	 x17:0x80040fe4 x14:0x00000000 x28=0x80040fe4
     398455.000 ns	     39844	800085f4	21001dd3	fsgnjn.s	f27,f0,f16	  f0:0x4f37424e f16:0x4afffd5a f27=0xcf37424e
     398475.000 ns	     39846	800085f8	b9b93f13	sltiu	x30,x18,-1125	 x18:0x5581155c x30=0x00000001
     398485.000 ns	     39847	800085fc	dc067313	andi	x6,x12,-576	 x12:0x00000000  x6=0x00000000
     398495.000 ns	     39848	80008600	008f46b3	xor	x13,x30,x8	 x30:0x00000000  x8:0x00000000 x13=0x00000001
     398515.000 ns	     39850	80008604	034672b3	remu	x5,x12,x20	 x12:0x00000000 x20:0x00000000  x5=0x00000000
     398545.000 ns	     39853	80008608	208f04d3	fsgnj.s	f9,f30,f8	 f30:0x7f800000  f8:0x80000000  f9=0xff800000
     398915.000 ns	     39890	8000860c	03ce65b3	rem	x11,x28,x28	 x28:0x80040fe4 x28:0x80040fe4 x11=0x00000000
     398945.000 ns	     39893	80008610	0289db33	divu	x22,x19,x8	 x19:0xdc7ff64f  x8:0x00000000 x22=0xffffffff
     398975.000 ns	     39896	80008614	02930a33	mul	x20,x6,x9	  x6:0x00000000  x9:0x00000000 x20=0x00000000
     398995.000 ns	     39898	80008618	017e2c33	slt	x24,x28,x23	 x28:0x80040fe4 x23:0x80041024 x24=0x00000001
     399025.000 ns	     39901	8000861c	58067353	fsqrt.s	f6,f12	 f12:0xcefff7e0  f6=0x7fc00000
     399055.000 ns	     39904	80008620	28281dd3	fmax.s	f27,f16,f2	 f16:0x4afffd5a  f2:0x00000000 f27=0x4afffd5a
     399075.000 ns	     39906	80008624	5de0aa93	slti	x21,x1,1502	  x1:0x00000000 x21=0x00000001
     399085.000 ns	     39907	80008628	40ef5713	srai	x14,x30,0xe	 x30:0x00000001 x14=0x00000000
     399105.000 ns	     39909	8000862c	02a730b3	mulhu	x1,x14,x10	 x14:0x00000000 x10:0xe740ab18  x1=0x00000000
     399125.000 ns	     39911	80008630	007640b3	xor	x1,x12,x7	 x12:0x00000000  x7:0x00000000  x1=0x00000000
     399145.000 ns	     39913	80008634	e00d0ed3	fmv.x.w	x29,f26	 f26:0x4f37424e x29=0x4f37424e
     399165.000 ns	     39915	80008638	01021913	slli	x18,x4,0x10	  x4:0x0000024f x18=0x024f0000
     399195.000 ns	     39918	8000863c	58057f53	fsqrt.s	f30,f10	 f10:0x00000000 f30=0x00000000
     399225.000 ns	     39921	80008640	02b0d633	divu	x12,x1,x11	  x1:0x00000000 x11:0x00000000 x12=0xffffffff
     399595.000 ns	     39958	80008644	02a8e0b3	rem	x1,x17,x10	 x17:0x80040fe4 x10:0xe740ab18  x1=0xfbc0b86c
     399625.000 ns	     39961	80008648	d00bfed3	fcvt.s.w	f29,x23	 x23:0x80041024 f29=0xcefff7df
     399655.000 ns	     39964	8000864c	0300a433	mulhsu	x8,x1,x16	  x1:0xfbc0b86c x16:0x00018000  x8=0xfffff9a1
     399695.000 ns	     39968	80008650	10dc3ed3	fmul.s	f29,f24,f13	 f24:0x7fc00000 f13:0x80000000 f29=0x7fc00000
     400065.000 ns	     40005	80008654	02afccb3	div	x25,x31,x10	 x31:0x00000009 x10:0xe740ab18 x25=0x00000000
     400085.000 ns	     40007	80008658	00ec1333	sll	x6,x24,x14	 x24:0x00000001 x14:0x00000000  x6=0x00000001
     400095.000 ns	     40008	8000865c	01a89513	slli	x10,x17,0x1a	 x17:0x80040fe4 x10=0x90000000
     400115.000 ns	     40010	80008660	d00cf453	fcvt.s.w	f8,x25	 x25:0x00000000  f8=0x00000000
     400135.000 ns	     40012	80008664	00000013	addi	x0,x0,0	  x0:0x00000000
     400145.000 ns	     40013	80008668	4129d593	srai	x11,x19,0x12	 x19:0xdc7ff64f x11=0xfffff71f
     400155.000 ns	     40014	8000866c	00d0c6b3	xor	x13,x1,x13	  x1:0xfbc0b86c x13:0x00000001 x13=0xfbc0b86d
     400165.000 ns	     40015	80008670	b4e4a593	slti	x11,x9,-1202	  x9:0x00000000 x11=0x00000000
     400205.000 ns	     40019	80008674	088d2bd3	fsub.s	f23,f26,f8	 f26:0x4f37424e  f8:0x00000000 f23=0x4f37424e
     400245.000 ns	     40023	80008678	580ff653	fsqrt.s	f12,f31	 f31:0x7f800000 f12=0x7f800000
     400275.000 ns	     40026	8000867c	03d401b3	mul	x3,x8,x29	  x8:0xfffff9a1 x29:0x4f37424e  x3=0x4ef0910e
     400295.000 ns	     40028	80008680	00919233	sll	x4,x3,x9	  x3:0x80040fe4  x9:0x00000000  x4=0x4ef0910e
     400305.000 ns	     40029	80008684	00530533	add	x10,x6,x5	  x6:0x00000001  x5:0x00000000 x10=0x00000001
     400665.000 ns	     40065	80008688	032d7a33	remu	x20,x26,x18	 x26:0x00000000 x18:0x024f0000 x20=0x00000000
     400685.000 ns	     40067	8000868c	01dbe5b3	or	x11,x23,x29	 x23:0x80041024 x29:0x4f37424e x11=0xcf37526e
     400715.000 ns	     40070	80008690	108370d3	fmul.s	f1,f6,f8	  f6:0x7fc00000  f8:0x00000000  f1=0x7fc00000
     400765.000 ns	     40075	80008694	08ec7053	fsub.s	f0,f24,f14	 f24:0x7fc00000 f14:0xdc7ff64f  f0=0x7fc00000
     400785.000 ns	     40077	80008698	7654b193	sltiu	x3,x9,1893	  x9:0x00000000  x3=0x00000001
     401955.000 ns	     40194	8000869c	5809c9d3	fsqrt.s	f19,f19	 f19:0x4f37424e f19=0x47019553
     401985.000 ns	     40197	800086a0	e0070cd3	fmv.x.w	x25,f14	 f14:0xdc7ff64f x25=0xdc7ff64f
     402005.000 ns	     40199	800086a4	41ef09b3	sub	x19,x30,x30	 x30:0x00000001 x30:0x00000001 x19=0x00000000
     402025.000 ns	     40201	800086a8	d01ccad3	fcvt.s.wu	f21,x25	 x25:0xdc7ff64f f21=0x4f5c7ff6
     402065.000 ns	     40205	800086ac	18467fd3	fdiv.s	f31,f12,f4	 f12:0x7f800000  f4:0x00000000 f31=0x7f800000
     402115.000 ns	     40210	800086b0	08cb0053	fsub.s	f0,f22,f12	 f22:0x4f37424e f12:0x7f800000  f0=0xff800000
     402145.000 ns	     40213	800086b4	e00b9553	fclass.s	x10,f23	 f23:0x4f37424e x10=0x00000040
     402165.000 ns	     40215	800086b8	417b5733	sra	x14,x22,x23	 x22:0xffffffff x23:0x80041024 x14=0xffffffff
     402175.000 ns	     40216	800086bc	41030f33	sub	x30,x6,x16	  x6:0x00000001 x16:0x00018000 x30=0xfffe8001
     402195.000 ns	     40218	800086c0	207797d3	fsgnjn.s	f15,f15,f7	 f15:0x7f800000  f7:0x80000000 f15=0x7f800000
     402245.000 ns	     40223	800086c4	00c43b53	fadd.s	f22,f8,f12	  f8:0x00000000 f12:0x7f800000 f22=0x7f800000
     402275.000 ns	     40226	800086c8	a11a87d3	fle.s	x15,f21,f17	 f21:0x4f5c7ff6 f17:0x00000000 x15=0x00000000
     402295.000 ns	     40228	800086cc	0000adb3	slt	x27,x1,x0	  x1:0xfbc0b86c  x0:0x00000000 x27=0x00000001
     402305.000 ns	     40229	800086d0	009d0db3	add	x27,x26,x9	 x26:0x00000000  x9:0x00000000 x27=0x00000000
     402325.000 ns	     40231	800086d4	204584d3	fsgnj.s	f9,f11,f4	 f11:0x00000000  f4:0x00000000  f9=0x00000000
     402345.000 ns	     40233	800086d8	00bf9833	sll	x16,x31,x11	 x31:0x00000009 x11:0xcf37526e x16=0x00024000
     402355.000 ns	     40234	800086dc	00ca8633	add	x12,x21,x12	 x21:0x00000001 x12:0xffffffff x12=0x00000000
     402365.000 ns	     40235	800086e0	00a8d793	srli	x15,x17,0xa	 x17:0x80040fe4 x15=0x00200103
     402375.000 ns	     40236	800086e4	01439e93	slli	x29,x7,0x14	  x7:0x00000000 x29=0x00000000
     402405.000 ns	     40239	800086e8	1111fe53	fmul.s	f28,f3,f17	  f3:0x44b7424e f17:0x00000000 f28=0x00000000
     402425.000 ns	     40241	800086ec	00000013	addi	x0,x0,0	  x0:0x00000000
     402445.000 ns	     40243	800086f0	03f93b33	mulhu	x22,x18,x31	 x18:0x024f0000 x31:0x00000009 x22=0x00000000
     402475.000 ns	     40246	800086f4	c003aad3	fcvt.w.s	x21,f7	  f7:0x80000000 x21=0x00000000
     402495.000 ns	     40248	800086f8	00000013	addi	x0,x0,0	  x0:0x00000000
     402505.000 ns	     40249	800086fc	01895733	srl	x14,x18,x24	 x18:0x024f0000 x24:0x00000001 x14=0x01278000
     402525.000 ns	     40251	80008700	218a29d3	fsgnjx.s	f19,f20,f24	 f20:0x7f800000 f24:0x7fc00000 f19=0x7f800000
     402555.000 ns	     40254	80008704	d00fc753	fcvt.s.w	f14,x31	 x31:0x00000009 f14=0x41100000
     402575.000 ns	     40256	80008708	007654b3	srl	x9,x12,x7	 x12:0x00000000  x7:0x00000000  x9=0x00000000
     402585.000 ns	     40257	8000870c	622cb093	sltiu	x1,x25,1570	 x25:0xdc7ff64f  x1=0x00000000
     402595.000 ns	     40258	80008710	e2777813	andi	x16,x14,-473	 x14:0x01278000 x16=0x01278000
     402955.000 ns	     40294	80008714	0282d433	divu	x8,x5,x8	  x5:0x00000000  x8:0xfffff9a1  x8=0x00000000
     402975.000 ns	     40296	80008718	01849313	slli	x6,x9,0x18	  x9:0x00000000  x6=0x00000000
     402985.000 ns	     40297	8000871c	00f29093	slli	x1,x5,0xf	  x5:0x00000000  x1=0x00000000
     402995.000 ns	     40298	80008720	00789c13	slli	x24,x17,0x7	 x17:0x80040fe4 x24=0x0207f200
     403025.000 ns	     40301	80008724	58007d53	fsqrt.s	f26,f0	  f0:0xff800000 f26=0x7fc00000
     403055.000 ns	     40304	80008728	03aef833	remu	x16,x29,x26	 x29:0x00000000 x26:0x00000000 x16=0x00000000
     403085.000 ns	     40307	8000872c	c01d7953	fcvt.wu.s	x18,f26	 f26:0x7fc00000 x18=0xffffffff
     403105.000 ns	     40309	80008730	01a24f33	xor	x30,x4,x26	  x4:0x4ef0910e x26:0x00000000 x30=0x4ef0910e
     403465.000 ns	     40345	80008734	022ed1b3	divu	x3,x29,x2	 x29:0x00000000  x2:0x55a317fb  x3=0x00000000
     403485.000 ns	     40347	80008738	1a69c713	xori	x14,x19,422	 x19:0x00000000 x14=0x000001a6
     403495.000 ns	     40348	8000873c	00e42cb3	slt	x25,x8,x14	  x8:0x00000000 x14:0x01278000 x25=0x00000001
     403525.000 ns	     40351	80008740	580e7853	fsqrt.s	f16,f28	 f28:0x00000000 f16=0x00000000
     403545.000 ns	     40353	80008744	ae2847b7	lui	x15,0xae284	 x15=0xae284000
     403555.000 ns	     40354	80008748	013cfe33	and	x28,x25,x19	 x25:0x00000001 x19:0x00000000 x28=0x00000000
     403585.000 ns	     40357	8000874c	19bb75d3	fdiv.s	f11,f22,f27	 f22:0x7f800000 f27:0x4afffd5a f11=0x7f800000
     403615.000 ns	     40360	80008750	21568ad3	fsgnj.s	f21,f13,f21	 f13:0x80000000 f21:0x4f5c7ff6 f21=0x00000000
     403635.000 ns	     40362	80008754	01631813	slli	x16,x6,0x16	  x6:0x00000000 x16=0x00000000
     403665.000 ns	     40365	80008758	580677d3	fsqrt.s	f15,f12	 f12:0x7f800000 f15=0x7f800000
     403695.000 ns	     40368	8000875c	0203c433	div	x8,x7,x0	  x7:0x00000000  x0:0x00000000  x8=0xffffffff
     403715.000 ns	     40370	80008760	01c0b933	sltu	x18,x1,x28	  x1:0x00000000 x28:0x00000000 x18=0x00000000
     403725.000 ns	     40371	80008764	41e4d213	srai	x4,x9,0x1e	  x9:0x00000000  x4=0x00000000
     403745.000 ns	     40373	80008768	c0187653	fcvt.wu.s	x12,f16	 f16:0x00000000 x12=0x00000000
     403775.000 ns	     40376	8000876c	f00106d3	fmv.w.x	f13,x2	  x2:0x55a317fb f13=0x55a317fb
     403795.000 ns	     40378	80008770	00314733	xor	x14,x2,x3	  x2:0x55a317fb  x3:0x00000000 x14=0x55a317fb
     403815.000 ns	     40380	80008774	29948a53	fmin.s	f20,f9,f25	  f9:0x00000000 f25:0x7f800000 f20=0x00000000
     403835.000 ns	     40382	80008778	005e73b3	and	x7,x28,x5	 x28:0x00000000  x5:0x00000000  x7=0x00000000
     403845.000 ns	     40383	8000877c	01e9fcb3	and	x25,x19,x30	 x19:0x00000000 x30:0x4ef0910e x25=0x00000000
     403855.000 ns	     40384	80008780	00d32f33	slt	x30,x6,x13	  x6:0x00000000 x13:0xfbc0b86d x30=0x00000000
     403865.000 ns	     40385	80008784	c046e393	ori	x7,x13,-1020	 x13:0xfbc0b86d  x7=0xfffffc6d
     403885.000 ns	     40387	80008788	299908d3	fmin.s	f17,f18,f25	 f18:0x1f350483 f25:0x7f800000 f17=0x1f350483
     403905.000 ns	     40389	8000878c	017584b3	add	x9,x11,x23	 x11:0xcf37526e x23:0x80041024  x9=0x4f3b6292
     403915.000 ns	     40390	80008790	004e8733	add	x14,x29,x4	 x29:0x00000000  x4:0x00000000 x14=0x00000000
     403935.000 ns	     40392	80008794	0394c9b3	div	x19,x9,x25	  x9:0x00000000 x25:0x00000000 x19=0xffffffff
     403955.000 ns	     40394	80008798	00994eb3	xor	x29,x18,x9	 x18:0x00000000  x9:0x4f3b6292 x29=0x4f3b6292
     403965.000 ns	     40395	8000879c	4195de13	srai	x28,x11,0x19	 x11:0xcf37526e x28=0xffffffe7
     403975.000 ns	     40396	800087a0	e6847013	andi	x0,x8,-408	  x8:0xffffffff
     403995.000 ns	     40398	800087a4	2020af53	fsgnjx.s	f30,f1,f2	  f1:0x7fc00000  f2:0x00000000 f30=0x7fc00000
     404015.000 ns	     40400	800087a8	baa24617	auipc	x12,0xbaa24	 x12=0x3aa2c7a8
     404055.000 ns	     40404	800087ac	08e371d3	fsub.s	f3,f6,f14	  f6:0x7fc00000 f14:0x41100000  f3=0x7fc00000
     404425.000 ns	     40441	800087b0	03d276b3	remu	x13,x4,x29	  x4:0x00000000 x29:0x4f3b6292 x13=0x00000000
     404445.000 ns	     40443	800087b4	34b97913	andi	x18,x18,843	 x18:0x00000000 x18=0x00000000
     404455.000 ns	     40444	800087b8	c308b913	sltiu	x18,x17,-976	 x17:0x80040fe4 x18=0x00000001
     404465.000 ns	     40445	800087bc	dacec297	auipc	x5,0xdacec	  x5=0x5acf47bc
     404825.000 ns	     40481	800087c0	02ace133	rem	x2,x25,x10	 x25:0x00000000 x10:0x00000040  x2=0x00000000
     404845.000 ns	     40483	800087c4	1ac57513	andi	x10,x10,428	 x10:0x00000040 x10=0x00000000
     404855.000 ns	     40484	800087c8	01c11633	sll	x12,x2,x28	  x2:0x00000000 x28:0xffffffe7 x12=0x00000000
     404875.000 ns	     40486	800087cc	02cb8333	mul	x6,x23,x12	 x23:0x80041024 x12:0x3aa2c7a8  x6=0x00000000
     404915.000 ns	     40490	800087d0	58020553	fsqrt.s	f10,f4	  f4:0x00000000 f10=0x00000000
     405285.000 ns	     40527	800087d4	038a5633	divu	x12,x20,x24	 x20:0x00000000 x24:0x0207f200 x12=0x00000000
     405305.000 ns	     40529	800087d8	00ce3933	sltu	x18,x28,x12	 x28:0xffffffe7 x12:0x00000000 x18=0x00000000
     405325.000 ns	     40531	800087dc	03329a33	mulh	x20,x5,x19	  x5:0x5acf47bc x19:0xffffffff x20=0xffffffff
     405365.000 ns	     40535	800087e0	19ed7753	fdiv.s	f14,f26,f30	 f26:0x7fc00000 f30:0x7fc00000 f14=0x7fc00000
     405395.000 ns	     40538	800087e4	e0010ad3	fmv.x.w	x21,f2	  f2:0x00000000 x21=0x00000000
     405415.000 ns	     40540	800087e8	01ded113	srli	x2,x29,0x1d	 x29:0x4f3b6292  x2=0x00000002
     405425.000 ns	     40541	800087ec	2436ad17	auipc	x26,0x2436a	 x26=0xa43727ec
     406595.000 ns	     40658	800087f0	5808f6d3	fsqrt.s	f13,f17	 f17:0x1f350483 f13=0x2effff26
     406615.000 ns	     40660	800087f4	0800b813	sltiu	x16,x1,128	  x1:0x00000000 x16=0x00000001
     406635.000 ns	     40662	800087f8	285f8953	fmin.s	f18,f31,f5	 f31:0x7f800000  f5:0x49ae0400 f18=0x49ae0400
     406655.000 ns	     40664	800087fc	0a68f713	andi	x14,x17,166	 x17:0x80040fe4 x14=0x000000a4
     406675.000 ns	     40666	80008800	035bf6b3	remu	x13,x23,x21	 x23:0x80041024 x21:0x00000000 x13=0x80041024
     406695.000 ns	     40668	80008804	018b0cb3	add	x25,x22,x24	 x22:0x00000000 x24:0x0207f200 x25=0x0207f200
     406705.000 ns	     40669	80008808	0057c133	xor	x2,x15,x5	 x15:0xae284000  x5:0x5acf47bc  x2=0xf4e707bc
     406715.000 ns	     40670	8000880c	3a392c93	slti	x25,x18,931	 x18:0x00000000 x25=0x00000001
     406725.000 ns	     40671	80008810	c88faf13	slti	x30,x31,-888	 x31:0x00000009 x30=0x00000000
     406745.000 ns	     40673	80008814	02048333	mul	x6,x9,x0	  x9:0x4f3b6292  x0:0x00000000  x6=0x00000000
     406775.000 ns	     40676	80008818	c01bfdd3	fcvt.wu.s	x27,f23	 f23:0x4f37424e x27=0xb7424e00
     406805.000 ns	     40679	8000881c	d00fbcd3	fcvt.s.w	f25,x31	 x31:0x00000009 f25=0x41100000
     406855.000 ns	     40684	80008820	0973a153	fsub.s	f2,f7,f23	  f7:0x80000000 f23:0x4f37424e  f2=0xcf37424e
     406885.000 ns	     40687	80008824	21e898d3	fsgnjn.s	f17,f17,f30	 f17:0x1f350483 f30:0x7fc00000 f17=0x9f350483
     406915.000 ns	     40690	80008828	d01cf6d3	fcvt.s.wu	f13,x25	 x25:0x00000001 f13=0x3f800000
     406935.000 ns	     40692	8000882c	01a92333	slt	x6,x18,x26	 x18:0x00000000 x26:0xa43727ec  x6=0x00000000
     406955.000 ns	     40694	80008830	035eb833	mulhu	x16,x29,x21	 x29:0x4f3b6292 x21:0x00000000 x16=0x00000000
     406975.000 ns	     40696	80008834	40280d33	sub	x26,x16,x2	 x16:0x00000001  x2:0xf4e707bc x26=0x0b18f844
     406985.000 ns	     40697	80008838	2f784013	xori	x0,x16,759	 x16:0x00000000
     406995.000 ns	     40698	8000883c	fa410493	addi	x9,x2,-92	  x2:0xf4e707bc  x9=0xf4e70760
     407005.000 ns	     40699	80008840	97770b37	lui	x22,0x97770	 x22=0x97770000
     407015.000 ns	     40700	80008844	01c743b3	xor	x7,x14,x28	 x14:0x000000a4 x28:0xffffffe7  x7=0xffffff43
     407025.000 ns	     40701	80008848	00a75193	srli	x3,x14,0xa	 x14:0x000000a4  x3=0x00000000
     407065.000 ns	     40705	8000884c	0851fa53	fsub.s	f20,f3,f5	  f3:0x7fc00000  f5:0x49ae0400 f20=0x7fc00000
     407095.000 ns	     40708	80008850	202423d3	fsgnjx.s	f7,f8,f2	  f8:0x00000000  f2:0xcf37424e  f7=0x80000000
     407465.000 ns	     40745	80008854	0391d333	divu	x6,x3,x25	  x3:0x00000000 x25:0x00000001  x6=0x00000000
     407495.000 ns	     40748	80008858	03cdb433	mulhu	x8,x27,x28	 x27:0xb7424e00 x28:0xffffffe7  x8=0xb7424dee
     407525.000 ns	     40751	8000885c	028320b3	mulhsu	x1,x6,x8	  x6:0x00000000  x8:0xffffffff  x1=0x00000000
     407555.000 ns	     40754	80008860	03bb86b3	mul	x13,x23,x27	 x23:0x80041024 x27:0xb7424e00 x13=0x2232f800
     407925.000 ns	     40791	80008864	02b1cdb3	div	x27,x3,x11	  x3:0x00000000 x11:0xcf37526e x27=0x00000000
     407945.000 ns	     40793	80008868	4df32213	slti	x4,x6,1247	  x6:0x00000000  x4=0x00000001
     407965.000 ns	     40795	8000886c	20360553	fsgnj.s	f10,f12,f3	 f12:0x7f800000  f3:0x7fc00000 f10=0x7f800000
     407985.000 ns	     40797	80008870	17adc013	xori	x0,x27,378	 x27:0x00000000
     408345.000 ns	     40833	80008874	037d69b3	rem	x19,x26,x23	 x26:0x0b18f844 x23:0x80041024 x19=0x0b18f844
     408375.000 ns	     40836	80008878	a1e20f53	fle.s	x30,f4,f30	  f4:0x00000000 f30:0x7fc00000 x30=0x00000000
     408415.000 ns	     40840	8000887c	1808f653	fdiv.s	f12,f17,f0	 f17:0x9f350483  f0:0xff800000 f12=0x00000000
     408445.000 ns	     40843	80008880	28cb0b53	fmin.s	f22,f22,f12	 f22:0x7f800000 f12:0x7f800000 f22=0x00000000
     408475.000 ns	     40846	80008884	203e2dd3	fsgnjx.s	f27,f28,f3	 f28:0x00000000  f3:0x7fc00000 f27=0x00000000
     408495.000 ns	     40848	80008888	5ba20a93	addi	x21,x4,1466	  x4:0x00000001 x21=0x000005bb
     408505.000 ns	     40849	8000888c	00337e33	and	x28,x6,x3	  x6:0x00000000  x3:0x00000000 x28=0x00000000
     408865.000 ns	     40885	80008890	02824db3	div	x27,x4,x8	  x4:0x00000001  x8:0xb7424dee x27=0x00000000
     408885.000 ns	     40887	80008894	01618d33	add	x26,x3,x22	  x3:0x00000000 x22:0x97770000 x26=0x97770000
     408905.000 ns	     40889	80008898	02c74b33	div	x22,x14,x12	 x14:0x000000a4 x12:0x00000000 x22=0xffffffff
     408925.000 ns	     40891	8000889c	00ce9533	sll	x10,x29,x12	 x29:0x4f3b6292 x12:0x00000000 x10=0x4f3b6292
     408935.000 ns	     40892	800088a0	00000013	addi	x0,x0,0	  x0:0x00000000
     408945.000 ns	     40893	800088a4	01ed04b3	add	x9,x26,x30	 x26:0x97770000 x30:0x00000000  x9=0x97770000
     408965.000 ns	     40895	800088a8	d0027653	fcvt.s.w	f12,x4	  x4:0x00000001 f12=0x3f800000
     408985.000 ns	     40897	800088ac	60573b13	sltiu	x22,x14,1541	 x14:0x000000a4 x22=0x00000001
     408995.000 ns	     40898	800088b0	00f68f33	add	x30,x13,x15	 x13:0x2232f800 x15:0xae284000 x30=0xd05b3800
     409005.000 ns	     40899	800088b4	a2cfa113	slti	x2,x31,-1492	 x31:0x00000009  x2=0x00000000
     409025.000 ns	     40901	800088b8	e00e1a53	fclass.s	x20,f28	 f28:0x00000000 x20=0x00000010
     409055.000 ns	     40904	800088bc	20d495d3	fsgnjn.s	f11,f9,f13	  f9:0x00000000 f13:0x3f800000 f11=0x80000000
     409425.000 ns	     40941	800088c0	02a86733	rem	x14,x16,x10	 x16:0x00000000 x10:0x4f3b6292 x14=0x00000000
     409455.000 ns	     40944	800088c4	21f41253	fsgnjn.s	f4,f8,f31	  f8:0x00000000 f31:0x7f800000  f4=0x80000000
     409485.000 ns	     40947	800088c8	206e06d3	fsgnj.s	f13,f28,f6	 f28:0x00000000  f6:0x7fc00000 f13=0x00000000
     409505.000 ns	     40949	800088cc	8d34f313	andi	x6,x9,-1837	  x9:0x97770000  x6=0x97770000
     409525.000 ns	     40951	800088d0	29728b53	fmin.s	f22,f5,f23	  f5:0x49ae0400 f23:0x4f37424e f22=0x49ae0400
     409555.000 ns	     40954	800088d4	03fd9433	mulh	x8,x27,x31	 x27:0x00000000 x31:0x00000009  x8=0x00000000
     409585.000 ns	     40957	800088d8	f00708d3	fmv.w.x	f17,x14	 x14:0x00000000 f17=0x00000000
     409955.000 ns	     40994	800088dc	03604233	div	x4,x0,x22	  x0:0x00000000 x22:0x00000001  x4=0x00000000
     409985.000 ns	     40997	800088e0	c00cf653	fcvt.w.s	x12,f25	 f25:0x41100000 x12=0x00000009
     410005.000 ns	     40999	800088e4	3c7d6413	ori	x8,x26,967	 x26:0x97770000  x8=0x977703c7
     410045.000 ns	     41003	800088e8	01297753	fadd.s	f14,f18,f18	 f18:0x49ae0400 f18:0x49ae0400 f14=0x4a2e0400
     410075.000 ns	     41006	800088ec	a12aa5d3	feq.s	x11,f21,f18	 f21:0x00000000 f18:0x49ae0400 x11=0x00000000
     410105.000 ns	     41009	800088f0	a17114d3	flt.s	x9,f2,f23	  f2:0xcf37424e f23:0x4f37424e  x9=0x00000001
     410125.000 ns	     41011	800088f4	005a54b3	srl	x9,x20,x5	 x20:0x00000010  x5:0x5acf47bc  x9=0x00000000
     410135.000 ns	     41012	800088f8	0045f6b3	and	x13,x11,x4	 x11:0x00000000  x4:0x00000000 x13=0x00000000
     410145.000 ns	     41013	800088fc	00000013	addi	x0,x0,0	  x0:0x00000000
     410155.000 ns	     41014	80008900	f3984313	xori	x6,x16,-199	 x16:0x00000000  x6=0xffffff39
     410175.000 ns	     41016	80008904	03838d33	mul	x26,x7,x24	  x7:0xffffff43 x24:0x0207f200 x26=0x80225600
     410195.000 ns	     41018	80008908	00000013	addi	x0,x0,0	  x0:0x00000000
     410555.000 ns	     41054	8000890c	0340f133	remu	x2,x1,x20	  x1:0x00000000 x20:0x00000010  x2=0x00000000
     410575.000 ns	     41056	80008910	1b3e72b7	lui	x5,0x1b3e7	  x5=0x1b3e7000
     410585.000 ns	     41057	80008914	01931733	sll	x14,x6,x25	  x6:0xffffff39 x25:0x00000001 x14=0xfffffe72
     410605.000 ns	     41059	80008918	2044a1d3	fsgnjx.s	f3,f9,f4	  f9:0x00000000  f4:0x80000000  f3=0x80000000
     410635.000 ns	     41062	8000891c	f0040dd3	fmv.w.x	f27,x8	  x8:0x977703c7 f27=0x977703c7
     410665.000 ns	     41065	80008920	29dd8c53	fmin.s	f24,f27,f29	 f27:0x00000000 f29:0x7fc00000 f24=0x977703c7
     410695.000 ns	     41068	80008924	d005aa53	fcvt.s.w	f20,x11	 x11:0x00000000 f20=0x00000000
     410725.000 ns	     41071	80008928	c0022953	fcvt.w.s	x18,f4	  f4:0x80000000 x18=0x00000000
     410755.000 ns	     41074	8000892c	a16422d3	feq.s	x5,f8,f22	  f8:0x00000000 f22:0x49ae0400  x5=0x00000000
     410775.000 ns	     41076	80008930	01c03533	sltu	x10,x0,x28	  x0:0x00000000 x28:0x00000000 x10=0x00000000
     410785.000 ns	     41077	80008934	00a31013	slli	x0,x6,0xa	  x6:0xffffff39
     410795.000 ns	     41078	80008938	06c4fd93	andi	x27,x9,108	  x9:0x00000000 x27=0x00000000
     410805.000 ns	     41079	8000893c	41bed013	srai	x0,x29,0x1b	 x29:0x4f3b6292
     410825.000 ns	     41081	80008940	03f33db3	mulhu	x27,x6,x31	  x6:0xffffff39 x31:0x00000009 x27=0x00000008
     410855.000 ns	     41084	80008944	c01277d3	fcvt.wu.s	x15,f4	  f4:0x80000000 x15=0x00000000
     410875.000 ns	     41086	80008948	400c89b3	sub	x19,x25,x0	 x25:0x00000001  x0:0x00000000 x19=0x00000001
     410885.000 ns	     41087	8000894c	412f5033	sra	x0,x30,x18	 x30:0xd05b3800 x18:0x00000000
     410905.000 ns	     41089	80008950	c0017ed3	fcvt.w.s	x29,f2	  f2:0xcf37424e x29=0x80000000
     410935.000 ns	     41092	80008954	c004a6d3	fcvt.w.s	x13,f9	  f9:0x00000000 x13=0x00000000
     410955.000 ns	     41094	80008958	408dde33	sra	x28,x27,x8	 x27:0x00000008  x8:0x977703c7 x28=0x00000000
     410975.000 ns	     41096	8000895c	d00a06d3	fcvt.s.w	f13,x20	 x20:0x00000010 f13=0x41800000
     410995.000 ns	     41098	80008960	782a6e13	ori	x28,x20,1922	 x20:0x00000010 x28=0x00000792
     411015.000 ns	     41100	80008964	d01ec353	fcvt.s.wu	f6,x29	 x29:0x80000000  f6=0x4f000000
     411045.000 ns	     41103	80008968	a12baf53	feq.s	x30,f23,f18	 f23:0x4f37424e f18:0x49ae0400 x30=0x00000000
     411065.000 ns	     41105	8000896c	01e81a13	slli	x20,x16,0x1e	 x16:0x00000000 x20=0x00000000
     411085.000 ns	     41107	80008970	e00312d3	fclass.s	x5,f6	  f6:0x4f000000  x5=0x00000040
     411125.000 ns	     41111	80008974	10a97dd3	fmul.s	f27,f18,f10	 f18:0x49ae0400 f10:0x7f800000 f27=0x7f800000
     411145.000 ns	     41113	80008978	41935b33	sra	x22,x6,x25	  x6:0xffffff39 x25:0x00000001 x22=0xffffff9c
     411165.000 ns	     41115	8000897c	a1612c53	feq.s	x24,f2,f22	  f2:0xcf37424e f22:0x49ae0400 x24=0x00000000
     411195.000 ns	     41118	80008980	c015c753	fcvt.wu.s	x14,f11	 f11:0x80000000 x14=0x00000000
     411225.000 ns	     41121	80008984	f0000c53	fmv.w.x	f24,x0	  x0:0x00000000 f24=0x00000000
     411595.000 ns	     41158	80008988	0252ff33	remu	x30,x5,x5	  x5:0x00000040  x5:0x00000040 x30=0x00000000
     411625.000 ns	     41161	8000898c	20621a53	fsgnjn.s	f20,f4,f6	  f4:0x80000000  f6:0x4f000000 f20=0x80000000
     411645.000 ns	     41163	80008990	dae33e93	sltiu	x29,x6,-594	  x6:0xffffff39 x29=0x00000000
     411675.000 ns	     41166	80008994	113efa53	fmul.s	f20,f29,f19	 f29:0x7fc00000 f19:0x7f800000 f20=0x7fc00000
     411695.000 ns	     41168	80008998	00ee52b3	srl	x5,x28,x14	 x28:0x00000792 x14:0x00000000  x5=0x00000792
     411715.000 ns	     41170	8000899c	0374bc33	mulhu	x24,x9,x23	  x9:0x00000000 x23:0x80041024 x24=0x00000000
     411735.000 ns	     41172	800089a0	00375293	srli	x5,x14,0x3	 x14:0x00000000  x5=0x00000000
     411755.000 ns	     41174	800089a4	a00913d3	flt.s	x7,f18,f0	 f18:0x49ae0400  f0:0xff800000  x7=0x00000000
     411775.000 ns	     41176	800089a8	012fe533	or	x10,x31,x18	 x31:0x00000009 x18:0x00000000 x10=0x00000009
     411795.000 ns	     41178	800089ac	02e6dd33	divu	x26,x13,x14	 x13:0x00000000 x14:0x00000000 x26=0xffffffff
     411815.000 ns	     41180	800089b0	d29b4393	xori	x7,x22,-727	 x22:0xffffff9c  x7=0x000002b5
     411835.000 ns	     41182	800089b4	28109d53	fmax.s	f26,f1,f1	  f1:0x7fc00000  f1:0x7fc00000 f26=0x7fc00000
     411855.000 ns	     41184	800089b8	41915993	srai	x19,x2,0x19	  x2:0x00000000 x19=0x00000000
     411865.000 ns	     41185	800089bc	b0e14d93	xori	x27,x2,-1266	  x2:0x00000000 x27=0xfffffb0e
     411885.000 ns	     41187	800089c0	d015ca53	fcvt.s.wu	f20,x11	 x11:0x00000000 f20=0x00000000
     411905.000 ns	     41189	800089c4	00000013	addi	x0,x0,0	  x0:0x00000000
     411915.000 ns	     41190	800089c8	41230f33	sub	x30,x6,x18	  x6:0xffffff39 x18:0x00000000 x30=0xffffff39
     411925.000 ns	     41191	800089cc	53346013	ori	x0,x8,1331	  x8:0x977703c7
     411945.000 ns	     41193	800089d0	d01e8953	fcvt.s.wu	f18,x29	 x29:0x00000000 f18=0x00000000
     411965.000 ns	     41195	800089d4	3adaf193	andi	x3,x21,941	 x21:0x000005bb  x3=0x000001a9
     411975.000 ns	     41196	800089d8	f1b86913	ori	x18,x16,-229	 x16:0x00000000 x18=0xffffff1b
     411995.000 ns	     41198	800089dc	0214b433	mulhu	x8,x9,x1	  x9:0x00000000  x1:0x00000000  x8=0x00000000
     412015.000 ns	     41200	800089e0	744e3097	auipc	x1,0x744e3	  x1=0xf44eb9e0
     412035.000 ns	     41202	800089e4	02ca2c33	mulhsu	x24,x20,x12	 x20:0x00000000 x12:0x00000009 x24=0x00000000
     412075.000 ns	     41206	800089e8	18432b53	fdiv.s	f22,f6,f4	  f6:0x4f000000  f4:0x80000000 f22=0xff800000
     412095.000 ns	     41208	800089ec	00000013	addi	x0,x0,0	  x0:0x00000000
     412135.000 ns	     41212	800089f0	08f88dd3	fsub.s	f27,f17,f15	 f17:0x00000000 f15:0x7f800000 f27=0xff800000
     412155.000 ns	     41214	800089f4	9ba44813	xori	x16,x8,-1606	  x8:0x00000000 x16=0xfffff9ba
     412165.000 ns	     41215	800089f8	625e2393	slti	x7,x28,1573	 x28:0x00000792  x7=0x00000000
     412175.000 ns	     41216	800089fc	a614cd93	xori	x27,x9,-1439	  x9:0x00000000 x27=0xfffffa61
     412195.000 ns	     41218	80008a00	d002a153	fcvt.s.w	f2,x5	  x5:0x00000000  f2=0x00000000
     412225.000 ns	     41221	80008a04	d016b8d3	fcvt.s.wu	f17,x13	 x13:0x00000000 f17=0x00000000
     412245.000 ns	     41223	80008a08	01ce5e33	srl	x28,x28,x28	 x28:0x00000792 x28:0x00000792 x28=0x00000000
     412605.000 ns	     41259	80008a0c	03907233	remu	x4,x0,x25	  x0:0x00000000 x25:0x00000001  x4=0x00000000
     412625.000 ns	     41261	80008a10	004b0833	add	x16,x22,x4	 x22:0xffffff9c  x4:0x00000000 x16=0xffffff9c
     412635.000 ns	     41262	80008a14	41395833	sra	x16,x18,x19	 x18:0xffffff1b x19:0x00000000 x16=0xffffff1b
     412995.000 ns	     41298	80008a18	03a347b3	div	x15,x6,x26	  x6:0xffffff39 x26:0xffffffff x15=0x000000c7
     413015.000 ns	     41300	80008a1c	005ed633	srl	x12,x29,x5	 x29:0x00000000  x5:0x00000000 x12=0x00000000
     413045.000 ns	     41303	80008a20	580ffc53	fsqrt.s	f24,f31	 f31:0x7f800000 f24=0x7f800000
     413065.000 ns	     41305	80008a24	00b4c6b3	xor	x13,x9,x11	  x9:0x00000000 x11:0x00000000 x13=0x00000000
     413075.000 ns	     41306	80008a28	4151d0b3	sra	x1,x3,x21	  x3:0x000001a9 x21:0x000005bb  x1=0x00000000
     413085.000 ns	     41307	80008a2c	e2098313	addi	x6,x19,-480	 x19:0x00000000  x6=0xfffffe20
     413095.000 ns	     41308	80008a30	bca74313	xori	x6,x14,-1078	 x14:0x00000000  x6=0xfffffbca
     413115.000 ns	     41310	80008a34	03a10833	mul	x16,x2,x26	  x2:0x00000000 x26:0xffffffff x16=0x00000000
     413145.000 ns	     41313	80008a38	e00389d3	fmv.x.w	x19,f7	  f7:0x80000000 x19=0x80000000
     413165.000 ns	     41315	80008a3c	00000013	addi	x0,x0,0	  x0:0x00000000
     413175.000 ns	     41316	80008a40	01444d33	xor	x26,x8,x20	  x8:0x00000000 x20:0x00000000 x26=0x00000000
     413195.000 ns	     41318	80008a44	29658d53	fmin.s	f26,f11,f22	 f11:0x80000000 f22:0xff800000 f26=0xff800000
     413215.000 ns	     41320	80008a48	6f6cb193	sltiu	x3,x25,1782	 x25:0x00000001  x3=0x00000001
     413235.000 ns	     41322	80008a4c	21f915d3	fsgnjn.s	f11,f18,f31	 f18:0x00000000 f31:0x7f800000 f11=0x80000000
     413265.000 ns	     41325	80008a50	a0580753	fle.s	x14,f16,f5	 f16:0x00000000  f5:0x49ae0400 x14=0x00000001
     413295.000 ns	     41328	80008a54	f0018853	fmv.w.x	f16,x3	  x3:0x00000001 f16=0x00000001
     413325.000 ns	     41331	80008a58	f00181d3	fmv.w.x	f3,x3	  x3:0x00000001  f3=0x00000001
     413345.000 ns	     41333	80008a5c	009d2733	slt	x14,x26,x9	 x26:0x00000000  x9:0x00000000 x14=0x00000000
     413705.000 ns	     41369	80008a60	02f041b3	div	x3,x0,x15	  x0:0x00000000 x15:0x000000c7  x3=0x00000000
     413725.000 ns	     41371	80008a64	a17dcdb7	lui	x27,0xa17dc	 x27=0xa17dc000
     413735.000 ns	     41372	80008a68	00052eb3	slt	x29,x10,x0	 x10:0x00000009  x0:0x00000000 x29=0x00000000
     413755.000 ns	     41374	80008a6c	c00e9dd3	fcvt.w.s	x27,f29	 f29:0x7fc00000 x27=0x7fffffff
     413775.000 ns	     41376	80008a70	7b798337	lui	x6,0x7b798	  x6=0x7b798000
     413795.000 ns	     41378	80008a74	a1bb8ad3	fle.s	x21,f23,f27	 f23:0x4f37424e f27:0xff800000 x21=0x00000000
     413845.000 ns	     41383	80008a78	001a40d3	fadd.s	f1,f20,f1	 f20:0x00000000  f1:0x7fc00000  f1=0x7fc00000
     413875.000 ns	     41386	80008a7c	29d80d53	fmin.s	f26,f16,f29	 f16:0x00000001 f29:0x7fc00000 f26=0x00000001
     413895.000 ns	     41388	80008a80	bc858a93	addi	x21,x11,-1080	 x11:0x00000000 x21=0xfffffbc8
     413915.000 ns	     41390	80008a84	d01ebdd3	fcvt.s.wu	f27,x29	 x29:0x00000000 f27=0x00000000
     413965.000 ns	     41395	80008a88	011c7f53	fadd.s	f30,f24,f17	 f24:0x7f800000 f17:0x00000000 f30=0x7f800000
     413985.000 ns	     41397	80008a8c	84b98913	addi	x18,x19,-1973	 x19:0x80000000 x18=0x7ffff84b
     413995.000 ns	     41398	80008a90	00000013	addi	x0,x0,0	  x0:0x00000000
     414015.000 ns	     41400	80008a94	d0081e53	fcvt.s.w	f28,x16	 x16:0x00000000 f28=0x00000000
     414045.000 ns	     41403	80008a98	287703d3	fmin.s	f7,f14,f7	 f14:0x4a2e0400  f7:0x80000000  f7=0x80000000
     414065.000 ns	     41405	80008a9c	006d32b3	sltu	x5,x26,x6	 x26:0x00000000  x6:0x7b798000  x5=0x00000001
     414085.000 ns	     41407	80008aa0	021890b3	mulh	x1,x17,x1	 x17:0x80040fe4  x1:0x00000000  x1=0x00000000
     414115.000 ns	     41410	80008aa4	f0070e53	fmv.w.x	f28,x14	 x14:0x00000000 f28=0x00000000
     414145.000 ns	     41413	80008aa8	28878bd3	fmin.s	f23,f15,f8	 f15:0x7f800000  f8:0x00000000 f23=0x00000000
     414165.000 ns	     41415	80008aac	01697d33	and	x26,x18,x22	 x18:0x7ffff84b x22:0xffffff9c x26=0x7ffff808
     414175.000 ns	     41416	80008ab0	419650b3	sra	x1,x12,x25	 x12:0x00000000 x25:0x00000001  x1=0x00000000
     414185.000 ns	     41417	80008ab4	6170cf13	xori	x30,x1,1559	  x1:0x00000000 x30=0x00000617
     414195.000 ns	     41418	80008ab8	40590e33	sub	x28,x18,x5	 x18:0x7ffff84b  x5:0x00000001 x28=0x7ffff84a
     414215.000 ns	     41420	80008abc	f0050c53	fmv.w.x	f24,x10	 x10:0x00000009 f24=0x00000009
     414235.000 ns	     41422	80008ac0	402389b3	sub	x19,x7,x2	  x7:0x00000000  x2:0x00000000 x19=0x00000000
     414255.000 ns	     41424	80008ac4	f0068cd3	fmv.w.x	f25,x13	 x13:0x00000000 f25=0x00000000
     414625.000 ns	     41461	80008ac8	03ceee33	rem	x28,x29,x28	 x29:0x00000000 x28:0x7ffff84a x28=0x00000000
     414655.000 ns	     41464	80008acc	d001f153	fcvt.s.w	f2,x3	  x3:0x00000000  f2=0x00000000
     415025.000 ns	     41501	80008ad0	03bf66b3	rem	x13,x30,x27	 x30:0x00000617 x27:0x7fffffff x13=0x00000617
     415045.000 ns	     41503	80008ad4	0149d793	srli	x15,x19,0x14	 x19:0x00000000 x15=0x00000000
     415075.000 ns	     41506	80008ad8	580448d3	fsqrt.s	f17,f8	  f8:0x00000000 f17=0x00000000
     415105.000 ns	     41509	80008adc	02b74733	div	x14,x14,x11	 x14:0x00000000 x11:0x00000000 x14=0xffffffff
     415135.000 ns	     41512	80008ae0	d001acd3	fcvt.s.w	f25,x3	  x3:0x00000000 f25=0x00000000
     415155.000 ns	     41514	80008ae4	40b6df13	srai	x30,x13,0xb	 x13:0x00000617 x30=0x00000000
     415185.000 ns	     41517	80008ae8	110c7c53	fmul.s	f24,f24,f16	 f24:0x00000009 f16:0x00000001 f24=0x00000000
     415205.000 ns	     41519	80008aec	00fe1233	sll	x4,x28,x15	 x28:0x00000000 x15:0x00000000  x4=0x00000000
     415225.000 ns	     41521	80008af0	e00e00d3	fmv.x.w	x1,f28	 f28:0x00000000  x1=0x00000000
     415245.000 ns	     41523	80008af4	014595b3	sll	x11,x11,x20	 x11:0x00000000 x20:0x00000000 x11=0x00000000
     415265.000 ns	     41525	80008af8	03dfae33	mulhsu	x28,x31,x29	 x31:0x00000009 x29:0x00000000 x28=0x00000000
     415285.000 ns	     41527	80008afc	01c982b3	add	x5,x19,x28	 x19:0x00000000 x28:0x00000000  x5=0x00000000
     415305.000 ns	     41529	80008b00	21849353	fsgnjn.s	f6,f9,f24	  f9:0x00000000 f24:0x00000000  f6=0x80000000
     415325.000 ns	     41531	80008b04	b8b7b593	sltiu	x11,x15,-1141	 x15:0x00000000 x11=0x00000001
     415335.000 ns	     41532	80008b08	00926cb3	or	x25,x4,x9	  x4:0x00000000  x9:0x00000000 x25=0x00000000
     415345.000 ns	     41533	80008b0c	92486113	ori	x2,x16,-1756	 x16:0x00000000  x2=0xfffff924
     415355.000 ns	     41534	80008b10	0040f4b3	and	x9,x1,x4	  x1:0x00000000  x4:0x00000000  x9=0x00000000
     415375.000 ns	     41536	80008b14	02c10e33	mul	x28,x2,x12	  x2:0x00000000 x12:0x00000000 x28=0x00000000
     416555.000 ns	     41654	80008b18	5806fa53	fsqrt.s	f20,f13	 f13:0x41800000 f20=0x407fffae
     416575.000 ns	     41656	80008b1c	aa5c2497	auipc	x9,0xaa5c2	  x9=0x2a5cab1c
     416585.000 ns	     41657	80008b20	0160d3b3	srl	x7,x1,x22	  x1:0x00000000 x22:0xffffff9c  x7=0x00000000
     416605.000 ns	     41659	80008b24	03882c33	mulhsu	x24,x16,x24	 x16:0x00000000 x24:0x00000000 x24=0x00000000
     416625.000 ns	     41661	80008b28	0010d1b3	srl	x3,x1,x1	  x1:0x00000000  x1:0x00000000  x3=0x00000000
     416645.000 ns	     41663	80008b2c	c0167953	fcvt.wu.s	x18,f12	 f12:0x3f800000 x18=0x00000001
     416665.000 ns	     41665	80008b30	1d1d8217	auipc	x4,0x1d1d8	  x4=0x9d1e0b30
     416685.000 ns	     41667	80008b34	c010ba53	fcvt.wu.s	x20,f1	  f1:0x7fc00000 x20=0xffffffff
     416705.000 ns	     41669	80008b38	01066ab3	or	x21,x12,x16	 x12:0x00000000 x16:0x00000000 x21=0x00000000
     416715.000 ns	     41670	80008b3c	8acf2a97	auipc	x21,0x8acf2	 x21=0x0acfab3c
     416755.000 ns	     41674	80008b40	018ffb53	fadd.s	f22,f31,f24	 f31:0x7f800000 f24:0x00000000 f22=0x7f800000
     416785.000 ns	     41677	80008b44	20622153	fsgnjx.s	f2,f4,f6	  f4:0x80000000  f6:0x80000000  f2=0x00000000
     416805.000 ns	     41679	80008b48	0117de93	srli	x29,x15,0x11	 x15:0x00000000 x29=0x00000000
     416815.000 ns	     41680	80008b4c	41cb00b3	sub	x1,x22,x28	 x22:0xffffff9c x28:0x00000000  x1=0xffffff9c
     416835.000 ns	     41682	80008b50	c00a32d3	fcvt.w.s	x5,f20	 f20:0x407fffae  x5=0x00000004
     416855.000 ns	     41684	80008b54	00f8a733	slt	x14,x17,x15	 x17:0x80040fe4 x15:0x00000000 x14=0x00000001
     416875.000 ns	     41686	80008b58	f0030953	fmv.w.x	f18,x6	  x6:0x7b798000 f18=0x7b798000
     416895.000 ns	     41688	80008b5c	40fe0cb3	sub	x25,x28,x15	 x28:0x00000000 x15:0x00000000 x25=0x00000000
     416905.000 ns	     41689	80008b60	5dbab213	sltiu	x4,x21,1499	 x21:0x0acfab3c  x4=0x00000000
     417265.000 ns	     41725	80008b64	02ae6833	rem	x16,x28,x10	 x28:0x00000000 x10:0x00000009 x16=0x00000000
     417285.000 ns	     41727	80008b68	40905a13	srai	x20,x0,0x9	  x0:0x00000000 x20=0x00000000
     417305.000 ns	     41729	80008b6c	03ec9db3	mulh	x27,x25,x30	 x25:0x00000000 x30:0x00000000 x27=0x00000000
     417325.000 ns	     41731	80008b70	421bb4b7	lui	x9,0x421bb	  x9=0x421bb000
     417335.000 ns	     41732	80008b74	405c8b33	sub	x22,x25,x5	 x25:0x00000000  x5:0x00000004 x22=0xfffffffc
     417355.000 ns	     41734	80008b78	f00584d3	fmv.w.x	f9,x11	 x11:0x00000001  f9=0x00000001
     417405.000 ns	     41739	80008b7c	00c98353	fadd.s	f6,f19,f12	 f19:0x7f800000 f12:0x3f800000  f6=0x7f800000
     417435.000 ns	     41742	80008b80	e0010c53	fmv.x.w	x24,f2	  f2:0x00000000 x24=0x00000000
     417455.000 ns	     41744	80008b84	0fc6e213	ori	x4,x13,252	 x13:0x00000617  x4=0x000006ff
     417465.000 ns	     41745	80008b88	5560bc97	auipc	x25,0x5560b	 x25=0xd5613b88
     417485.000 ns	     41747	80008b8c	d009cbd3	fcvt.s.w	f23,x19	 x19:0x00000000 f23=0x00000000
     417505.000 ns	     41749	80008b90	00abf933	and	x18,x23,x10	 x23:0x80041024 x10:0x00000009 x18=0x00000000
     417515.000 ns	     41750	80008b94	00000013	addi	x0,x0,0	  x0:0x00000000
     417525.000 ns	     41751	80008b98	8546e237	lui	x4,0x8546e	  x4=0x8546e000
     417545.000 ns	     41753	80008b9c	c01034d3	fcvt.wu.s	x9,f0	  f0:0xff800000  x9=0x00000000
     417565.000 ns	     41755	80008ba0	00fa60b3	or	x1,x20,x15	 x20:0x00000000 x15:0x00000000  x1=0x00000000
     417585.000 ns	     41757	80008ba4	297e00d3	fmin.s	f1,f28,f23	 f28:0x00000000 f23:0x00000000  f1=0x00000000
     417615.000 ns	     41760	80008ba8	219aaad3	fsgnjx.s	f21,f21,f25	 f21:0x00000000 f25:0x00000000 f21=0x00000000
     417655.000 ns	     41764	80008bac	5809b953	fsqrt.s	f18,f19	 f19:0x7f800000 f18=0x7f800000
     417675.000 ns	     41766	80008bb0	00f32733	slt	x14,x6,x15	  x6:0x7b798000 x15:0x00000000 x14=0x00000000
     417695.000 ns	     41768	80008bb4	280d0ad3	fmin.s	f21,f26,f0	 f26:0x00000001  f0:0xff800000 f21=0xff800000
     417715.000 ns	     41770	80008bb8	01f04a33	xor	x20,x0,x31	  x0:0x00000000 x31:0x00000009 x20=0x00000009
     417735.000 ns	     41772	80008bbc	a1d02e53	feq.s	x28,f0,f29	  f0:0xff800000 f29:0x7fc00000 x28=0x00000000
     417765.000 ns	     41775	80008bc0	a1e391d3	flt.s	x3,f7,f30	  f7:0x80000000 f30:0x7f800000  x3=0x00000001
     417785.000 ns	     41777	80008bc4	3330b293	sltiu	x5,x1,819	  x1:0x00000000  x5=0x00000001
     417795.000 ns	     41778	80008bc8	01efc033	xor	x0,x31,x30	 x31:0x00000009 x30:0x00000000
     417805.000 ns	     41779	80008bcc	40df0c33	sub	x24,x30,x13	 x30:0x00000000 x13:0x00000617 x24=0xfffff9e9
     417825.000 ns	     41781	80008bd0	e0028253	fmv.x.w	x4,f5	  f5:0x49ae0400  x4=0x49ae0400
     417845.000 ns	     41783	80008bd4	0180eeb3	or	x29,x1,x24	  x1:0x00000000 x24:0x00000000 x29=0xfffff9e9
     417855.000 ns	     41784	80008bd8	ce68aa13	slti	x20,x17,-794	 x17:0x80040fe4 x20=0x00000001
     417865.000 ns	     41785	80008bdc	00181b13	slli	x22,x16,0x1	 x16:0x00000000 x22=0x00000000
     417875.000 ns	     41786	80008be0	0029bab3	sltu	x21,x19,x2	 x19:0x00000000  x2:0xfffff924 x21=0x00000001
     417895.000 ns	     41788	80008be4	20d287d3	fsgnj.s	f15,f5,f13	  f5:0x49ae0400 f13:0x41800000 f15=0x49ae0400
     417915.000 ns	     41790	80008be8	e8a93b13	sltiu	x22,x18,-374	 x18:0x00000000 x22=0x00000001
     417935.000 ns	     41792	80008bec	20878fd3	fsgnj.s	f31,f15,f8	 f15:0x49ae0400  f8:0x00000000 f31=0x49ae0400
     417965.000 ns	     41795	80008bf0	02ee1133	mulh	x2,x28,x14	 x28:0x00000000 x14:0x00000000  x2=0x00000000
     417985.000 ns	     41797	80008bf4	01af9733	sll	x14,x31,x26	 x31:0x00000009 x26:0x7ffff808 x14=0x00000900
     418005.000 ns	     41799	80008bf8	02b992b3	mulh	x5,x19,x11	 x19:0x00000000 x11:0x00000001  x5=0x00000000
     418035.000 ns	     41802	80008bfc	f0038a53	fmv.w.x	f20,x7	  x7:0x00000000 f20=0x00000000
     418055.000 ns	     41804	80008c00	00914ab3	xor	x21,x2,x9	  x2:0x00000000  x9:0x00000000 x21=0x00000000
     418075.000 ns	     41806	80008c04	d0191053	fcvt.s.wu	f0,x18	 x18:0x00000000  f0=0x00000000
     418105.000 ns	     41809	80008c08	29ba8453	fmin.s	f8,f21,f27	 f21:0xff800000 f27:0x00000000  f8=0xff800000
     418125.000 ns	     41811	80008c0c	012c39b3	sltu	x19,x24,x18	 x24:0xfffff9e9 x18:0x00000000 x19=0x00000000
     418135.000 ns	     41812	80008c10	40f10733	sub	x14,x2,x15	  x2:0x00000000 x15:0x00000000 x14=0x00000000
     418145.000 ns	     41813	80008c14	01471e13	slli	x28,x14,0x14	 x14:0x00000900 x28=0x00000000
     418165.000 ns	     41815	80008c18	e0039853	fclass.s	x16,f7	  f7:0x80000000 x16=0x00000008
     418215.000 ns	     41820	80008c1c	011f1fd3	fadd.s	f31,f30,f17	 f30:0x7f800000 f17:0x00000000 f31=0x7f800000
     418245.000 ns	     41823	80008c20	a18883d3	fle.s	x7,f17,f24	 f17:0x00000000 f24:0x00000000  x7=0x00000001
     418265.000 ns	     41825	80008c24	40f18e13	addi	x28,x3,1039	  x3:0x00000001 x28=0x00000410
     418275.000 ns	     41826	80008c28	e01e7637	lui	x12,0xe01e7	 x12=0xe01e7000
     418285.000 ns	     41827	80008c2c	01b64db3	xor	x27,x12,x27	 x12:0x00000000 x27:0x00000000 x27=0xe01e7000
     418295.000 ns	     41828	80008c30	01404633	xor	x12,x0,x20	  x0:0x00000000 x20:0x00000001 x12=0x00000001
     418305.000 ns	     41829	80008c34	fb9dba13	sltiu	x20,x27,-71	 x27:0x00000000 x20=0x00000001
     418315.000 ns	     41830	80008c38	2c2af2b7	lui	x5,0x2c2af	  x5=0x2c2af000
     418335.000 ns	     41832	80008c3c	a0c9add3	feq.s	x27,f19,f12	 f19:0x7f800000 f12:0x3f800000 x27=0x00000000
     418365.000 ns	     41835	80008c40	e00a10d3	fclass.s	x1,f20	 f20:0x00000000  x1=0x00000010
     418735.000 ns	     41872	80008c44	03c8e1b3	rem	x3,x17,x28	 x17:0x80040fe4 x28:0x00000410  x3=0xffffff64
     419105.000 ns	     41909	80008c48	023951b3	divu	x3,x18,x3	 x18:0x00000000  x3:0x00000001  x3=0x00000000
     419125.000 ns	     41911	80008c4c	01539593	slli	x11,x7,0x15	  x7:0x00000001 x11=0x00200000
     419135.000 ns	     41912	80008c50	41a10933	sub	x18,x2,x26	  x2:0x00000000 x26:0x7ffff808 x18=0x800007f8
     419155.000 ns	     41914	80008c54	035823b3	mulhsu	x7,x16,x21	 x16:0x00000008 x21:0x00000000  x7=0x00000000
     419185.000 ns	     41917	80008c58	c002b453	fcvt.w.s	x8,f5	  f5:0x49ae0400  x8=0x0015c080
     419215.000 ns	     41920	80008c5c	21df2ed3	fsgnjx.s	f29,f30,f29	 f30:0x7f800000 f29:0x7fc00000 f29=0x7f800000
     419235.000 ns	     41922	80008c60	0157d513	srli	x10,x15,0x15	 x15:0x00000000 x10=0x00000000
     419245.000 ns	     41923	80008c64	00d24433	xor	x8,x4,x13	  x4:0x49ae0400 x13:0x00000617  x8=0x49ae0217
     419255.000 ns	     41924	80008c68	0ed13417	auipc	x8,0xed13	  x8=0x8ed1bc68
     419275.000 ns	     41926	80008c6c	f0020253	fmv.w.x	f4,x4	  x4:0x49ae0400  f4=0x49ae0400
     419295.000 ns	     41928	80008c70	9ce5bdb7	lui	x27,0x9ce5b	 x27=0x9ce5b000
     419305.000 ns	     41929	80008c74	40345a13	srai	x20,x8,0x3	  x8:0x8ed1bc68 x20=0xf1da378d
     419325.000 ns	     41931	80008c78	e00e0dd3	fmv.x.w	x27,f28	 f28:0x00000000 x27=0x00000000
     419355.000 ns	     41934	80008c7c	28ef18d3	fmax.s	f17,f30,f14	 f30:0x7f800000 f14:0x4a2e0400 f17=0x7f800000
     419385.000 ns	     41937	80008c80	212e0cd3	fsgnj.s	f25,f28,f18	 f28:0x00000000 f18:0x7f800000 f25=0x00000000
     419425.000 ns	     41941	80008c84	580a73d3	fsqrt.s	f7,f20	 f20:0x00000000  f7=0x00000000
     419445.000 ns	     41943	80008c88	29f00213	addi	x4,x0,671	  x0:0x00000000  x4=0x0000029f
     419455.000 ns	     41944	80008c8c	40a0d4b3	sra	x9,x1,x10	  x1:0x00000010 x10:0x00000000  x9=0x00000010
     419465.000 ns	     41945	80008c90	010cfa33	and	x20,x25,x16	 x25:0xd5613b88 x16:0x00000008 x20=0x00000008
     419485.000 ns	     41947	80008c94	02bd9933	mulh	x18,x27,x11	 x27:0x00000000 x11:0x00200000 x18=0x00000000
     419515.000 ns	     41950	80008c98	0392bab3	mulhu	x21,x5,x25	  x5:0x2c2af000 x25:0xd5613b88 x21=0x24d0803a
     419535.000 ns	     41952	80008c9c	01259713	slli	x14,x11,0x12	 x11:0x00200000 x14=0x00000000
     419545.000 ns	     41953	80008ca0	12fce213	ori	x4,x25,303	 x25:0xd5613b88  x4=0xd5613baf
     419555.000 ns	     41954	80008ca4	01fce2b3	or	x5,x25,x31	 x25:0xd5613b88 x31:0x00000009  x5=0xd5613b89
     419565.000 ns	     41955	80008ca8	4159df13	srai	x30,x19,0x15	 x19:0x00000000 x30=0x00000000
     419925.000 ns	     41991	80008cac	0213e833	rem	x16,x7,x1	  x7:0x00000000  x1:0x00000010 x16=0x00000000
     419955.000 ns	     41994	80008cb0	023c3933	mulhu	x18,x24,x3	 x24:0xfffff9e9  x3:0x00000000 x18=0x00000000
     419975.000 ns	     41996	80008cb4	7ea4e297	auipc	x5,0x7ea4e	  x5=0xfea56cb4
     420015.000 ns	     42000	80008cb8	01731b53	fadd.s	f22,f6,f23	  f6:0x7f800000 f23:0x00000000 f22=0x7f800000
     420045.000 ns	     42003	80008cbc	03058b33	mul	x22,x11,x16	 x11:0x00200000 x16:0x00000000 x22=0x00000000
     420065.000 ns	     42005	80008cc0	009e1913	slli	x18,x28,0x9	 x28:0x00000410 x18=0x00082000
     420105.000 ns	     42009	80008cc4	08548453	fsub.s	f8,f9,f5	  f9:0x00000001  f5:0x49ae0400  f8=0xc9ae0400
     420125.000 ns	     42011	80008cc8	41d2d533	sra	x10,x5,x29	  x5:0xfea56cb4 x29:0xfffff9e9 x10=0xffff52b6
     420145.000 ns	     42013	80008ccc	02a899b3	mulh	x19,x17,x10	 x17:0x80040fe4 x10:0x00000000 x19=0x000056a2
     420175.000 ns	     42016	80008cd0	d0157ad3	fcvt.s.wu	f21,x10	 x10:0x00000000 f21=0x4f7fff52
     420205.000 ns	     42019	80008cd4	d01bf9d3	fcvt.s.wu	f19,x23	 x23:0x80041024 f19=0x4f000410
     420225.000 ns	     42021	80008cd8	441cba13	sltiu	x20,x25,1089	 x25:0xd5613b88 x20=0x00000000
     420235.000 ns	     42022	80008cdc	01d8ad33	slt	x26,x17,x29	 x17:0x80040fe4 x29:0xfffff9e9 x26=0x00000001
     420255.000 ns	     42024	80008ce0	e0098b53	fmv.x.w	x22,f19	 f19:0x4f000410 x22=0x4f000410
     420275.000 ns	     42026	80008ce4	0105fe33	and	x28,x11,x16	 x11:0x00200000 x16:0x00000000 x28=0x00000000
     420295.000 ns	     42028	80008ce8	a02e8053	fle.s	x0,f29,f2	 f29:0x7f800000  f2:0x00000000
     420315.000 ns	     42030	80008cec	01b8a9b3	slt	x19,x17,x27	 x17:0x80040fe4 x27:0x00000000 x19=0x00000001
     420335.000 ns	     42032	80008cf0	c016fd53	fcvt.wu.s	x26,f13	 f13:0x41800000 x26=0x00000010
     420365.000 ns	     42035	80008cf4	214c1d53	fsgnjn.s	f26,f24,f20	 f24:0x00000000 f20:0x00000000 f26=0x80000000
     420385.000 ns	     42037	80008cf8	a3ed2d13	slti	x26,x26,-1474	 x26:0x00000010 x26=0x00000000
     420395.000 ns	     42038	80008cfc	016de933	or	x18,x27,x22	 x27:0x00000000 x22:0x4f000410 x18=0x4f000410
     420405.000 ns	     42039	80008d00	01ef3cb3	sltu	x25,x30,x30	 x30:0x00000000 x30:0x00000000 x25=0x00000000
     420415.000 ns	     42040	80008d04	00029933	sll	x18,x5,x0	  x5:0xfea56cb4  x0:0x00000000 x18=0xfea56cb4
     420425.000 ns	     42041	80008d08	00000013	addi	x0,x0,0	  x0:0x00000000
     420435.000 ns	     42042	80008d0c	8ab7fc13	andi	x24,x15,-1877	 x15:0x00000000 x24=0x00000000
     420455.000 ns	     42044	80008d10	d001f6d3	fcvt.s.w	f13,x3	  x3:0x00000000 f13=0x00000000
     420475.000 ns	     42046	80008d14	9c3cad13	slti	x26,x25,-1597	 x25:0x00000000 x26=0x00000000
     420485.000 ns	     42047	80008d18	90e72793	slti	x15,x14,-1778	 x14:0x00000000 x15=0x00000000
     420495.000 ns	     42048	80008d1c	01027733	and	x14,x4,x16	  x4:0xd5613baf x16:0x00000000 x14=0x00000000
     420855.000 ns	     42084	80008d20	03364033	div	x0,x12,x19	 x12:0x00000001 x19:0x00000001
     420885.000 ns	     42087	80008d24	d015ffd3	fcvt.s.wu	f31,x11	 x11:0x00200000 f31=0x4a000000
     420905.000 ns	     42089	80008d28	01cd1233	sll	x4,x26,x28	 x26:0x00000000 x28:0x00000000  x4=0x00000000
     420925.000 ns	     42091	80008d2c	03a4f633	remu	x12,x9,x26	  x9:0x00000010 x26:0x00000000 x12=0x00000010
     421295.000 ns	     42128	80008d30	0322c933	div	x18,x5,x18	  x5:0xfea56cb4 x18:0xfea56cb4 x18=0x00000001
     421665.000 ns	     42165	80008d34	03234933	div	x18,x6,x18	  x6:0x7b798000 x18:0xfea56cb4 x18=0x7b798000
     421695.000 ns	     42168	80008d38	20759a53	fsgnjn.s	f20,f11,f7	 f11:0x80000000  f7:0x00000000 f20=0x80000000
     421715.000 ns	     42170	80008d3c	00bcc833	xor	x16,x25,x11	 x25:0x00000000 x11:0x00200000 x16=0x00200000
     421725.000 ns	     42171	80008d40	4123d933	sra	x18,x7,x18	  x7:0x00000000 x18:0x7b798000 x18=0x00000000
     421755.000 ns	     42174	80008d44	114730d3	fmul.s	f1,f14,f20	 f14:0x4a2e0400 f20:0x80000000  f1=0x80000000
     421785.000 ns	     42177	80008d48	03aff433	remu	x8,x31,x26	 x31:0x00000009 x26:0x00000000  x8=0x00000009
     421815.000 ns	     42180	80008d4c	c01bf053	fcvt.wu.s	x0,f23	 f23:0x00000000
     421845.000 ns	     42183	80008d50	d0017bd3	fcvt.s.w	f23,x2	  x2:0x00000000 f23=0x00000000
     421865.000 ns	     42185	80008d54	00a9c7b3	xor	x15,x19,x10	 x19:0x00000001 x10:0xffff52b6 x15=0xffff52b7
     421895.000 ns	     42188	80008d58	11a1c4d3	fmul.s	f9,f3,f26	  f3:0x00000001 f26:0x80000000  f9=0x80000000
     421915.000 ns	     42190	80008d5c	412c5eb3	sra	x29,x24,x18	 x24:0x00000000 x18:0x00000000 x29=0x00000000
     422275.000 ns	     42226	80008d60	037ede33	divu	x28,x29,x23	 x29:0xfffff9e9 x23:0x80041024 x28=0x00000000
     422305.000 ns	     42229	80008d64	d006ce53	fcvt.s.w	f28,x13	 x13:0x00000617 f28=0x44c2e000
     422335.000 ns	     42232	80008d68	d01d04d3	fcvt.s.wu	f9,x26	 x26:0x00000000  f9=0x00000000
     423515.000 ns	     42350	80008d6c	58027153	fsqrt.s	f2,f4	  f4:0x49ae0400  f2=0x44953e8e
     423535.000 ns	     42352	80008d70	01835293	srli	x5,x6,0x18	  x6:0x7b798000  x5=0x0000007b
     423545.000 ns	     42353	80008d74	405803b3	sub	x7,x16,x5	 x16:0x00200000  x5:0xfea56cb4  x7=0x001fff85
     423555.000 ns	     42354	80008d78	0012d3b3	srl	x7,x5,x1	  x5:0xfea56cb4  x1:0x00000010  x7=0x00000000
     423575.000 ns	     42356	80008d7c	027fa533	mulhsu	x10,x31,x7	 x31:0x00000009  x7:0x00000000 x10=0x00000000
     423595.000 ns	     42358	80008d80	42c8b193	sltiu	x3,x17,1068	 x17:0x80040fe4  x3=0x00000000
     423615.000 ns	     42360	80008d84	c0043153	fcvt.w.s	x2,f8	  f8:0xc9ae0400  x2=0xffea3f80
     423645.000 ns	     42363	80008d88	03069033	mulh	x0,x13,x16	 x13:0x00000617 x16:0x00200000
     423665.000 ns	     42365	80008d8c	00079493	slli	x9,x15,0x0	 x15:0xffff52b7  x9=0xffff52b7
     423685.000 ns	     42367	80008d90	e0019e53	fclass.s	x28,f3	  f3:0x00000001 x28=0x00000020
     423715.000 ns	     42370	80008d94	f0018e53	fmv.w.x	f28,x3	  x3:0x00000000 f28=0x00000000
     423735.000 ns	     42372	80008d98	001dda13	srli	x20,x27,0x1	 x27:0x00000000 x20=0x00000000
     423745.000 ns	     42373	80008d9c	805a8213	addi	x4,x21,-2043	 x21:0x24d0803a  x4=0x24d0783f
     423755.000 ns	     42374	80008da0	00bdf433	and	x8,x27,x11	 x27:0x00000000 x11:0x00200000  x8=0x00000000
     423775.000 ns	     42376	80008da4	c0003053	fcvt.w.s	x0,f0	  f0:0x00000000
     423795.000 ns	     42378	80008da8	00220733	add	x14,x4,x2	  x4:0x24d0783f  x2:0xffea3f80 x14=0x24bab7bf
     423815.000 ns	     42380	80008dac	28af08d3	fmin.s	f17,f30,f10	 f30:0x7f800000 f10:0x7f800000 f17=0x7f800000
     423835.000 ns	     42382	80008db0	00027933	and	x18,x4,x0	  x4:0x24d0783f  x0:0x00000000 x18=0x00000000
     423855.000 ns	     42384	80008db4	03a6fc33	remu	x24,x13,x26	 x13:0x00000617 x26:0x00000000 x24=0x00000617
     423875.000 ns	     42386	80008db8	003a79b3	and	x19,x20,x3	 x20:0x00000000  x3:0x00000000 x19=0x00000000
     424235.000 ns	     42422	80008dbc	02f766b3	rem	x13,x14,x15	 x14:0x24bab7bf x15:0xffff52b7 x13=0x0000a4ed
     424265.000 ns	     42425	80008dc0	21f48dd3	fsgnj.s	f27,f9,f31	  f9:0x00000000 f31:0x4a000000 f27=0x00000000
     425445.000 ns	     42543	80008dc4	580af153	fsqrt.s	f2,f21	 f21:0x4f7fff52  f2=0x473503e8
     425495.000 ns	     42548	80008dc8	08e37c53	fsub.s	f24,f6,f14	  f6:0x7f800000 f14:0x4a2e0400 f24=0x7f800000
     425515.000 ns	     42550	80008dcc	00000013	addi	x0,x0,0	  x0:0x00000000
     425535.000 ns	     42552	80008dd0	291c8453	fmin.s	f8,f25,f17	 f25:0x00000000 f17:0x7f800000  f8=0x00000000
     425565.000 ns	     42555	80008dd4	297c96d3	fmax.s	f13,f25,f23	 f25:0x00000000 f23:0x00000000 f13=0x00000000
     425585.000 ns	     42557	80008dd8	018dcb33	xor	x22,x27,x24	 x27:0x00000000 x24:0x00000617 x22=0x00000617
     425595.000 ns	     42558	80008ddc	dc988593	addi	x11,x17,-567	 x17:0x80040fe4 x11=0x80040dad
     425605.000 ns	     42559	80008de0	11454493	xori	x9,x10,276	 x10:0x00000000  x9=0x00000114
     425625.000 ns	     42561	80008de4	298a8b53	fmin.s	f22,f21,f24	 f21:0x4f7fff52 f24:0x7f800000 f22=0x4f7fff52
     425645.000 ns	     42563	80008de8	93148593	addi	x11,x9,-1743	  x9:0xffff52b7 x11=0xfffffa45
     425655.000 ns	     42564	80008dec	6f847693	andi	x13,x8,1784	  x8:0x00000000 x13=0x00000000
     425665.000 ns	     42565	80008df0	000e46b3	xor	x13,x28,x0	 x28:0x00000020  x0:0x00000000 x13=0x00000020
     425675.000 ns	     42566	80008df4	cf4ef613	andi	x12,x29,-780	 x29:0x00000000 x12=0x00000000
     426035.000 ns	     42602	80008df8	02d97eb3	remu	x29,x18,x13	 x18:0x00000000 x13:0x00000000 x29=0x00000000
     426065.000 ns	     42605	80008dfc	02670e33	mul	x28,x14,x6	 x14:0x24bab7bf  x6:0x7b798000 x28=0xfa268000
     426085.000 ns	     42607	80008e00	40215b13	srai	x22,x2,0x2	  x2:0xffea3f80 x22=0xfffa8fe0
     426095.000 ns	     42608	80008e04	01199793	slli	x15,x19,0x11	 x19:0x00000000 x15=0x00000000
     426135.000 ns	     42612	80008e08	08bd98d3	fsub.s	f17,f27,f11	 f27:0x00000000 f11:0x80000000 f17=0x00000000
     426155.000 ns	     42614	80008e0c	4186d033	sra	x0,x13,x24	 x13:0x00000020 x24:0x00000617
     426175.000 ns	     42616	80008e10	21521ad3	fsgnjn.s	f21,f4,f21	  f4:0x49ae0400 f21:0x4f7fff52 f21=0xc9ae0400
     426225.000 ns	     42621	80008e14	0126f653	fadd.s	f12,f13,f18	 f13:0x00000000 f18:0x7f800000 f12=0x7f800000
     426245.000 ns	     42623	80008e18	0c2cce37	lui	x28,0xc2cc	 x28=0x0c2cc000
     426255.000 ns	     42624	80008e1c	689b8c93	addi	x25,x23,1673	 x23:0x80041024 x25=0x800416ad
     426265.000 ns	     42625	80008e20	009e7db3	and	x27,x28,x9	 x28:0xfa268000  x9:0x00000114 x27=0x00000000
     426285.000 ns	     42627	80008e24	e00f1f53	fclass.s	x30,f30	 f30:0x7f800000 x30=0x00000080
     426305.000 ns	     42629	80008e28	00ed9933	sll	x18,x27,x14	 x27:0x00000000 x14:0x24bab7bf x18=0x00000000
     426325.000 ns	     42631	80008e2c	02b22a33	mulhsu	x20,x4,x11	  x4:0x24d0783f x11:0xfffffa45 x20=0x24d0776c
     426355.000 ns	     42634	80008e30	e00283d3	fmv.x.w	x7,f5	  f5:0x49ae0400  x7=0x49ae0400
     426375.000 ns	     42636	80008e34	00a69733	sll	x14,x13,x10	 x13:0x00000020 x10:0x00000000 x14=0x00000020
     426395.000 ns	     42638	80008e38	02fb4533	div	x10,x22,x15	 x22:0xfffa8fe0 x15:0x00000000 x10=0xffffffff
     426415.000 ns	     42640	80008e3c	00ea1933	sll	x18,x20,x14	 x20:0x24d0776c x14:0x24bab7bf x18=0x24d0776c
     426425.000 ns	     42641	80008e40	41f8d333	sra	x6,x17,x31	 x17:0x80040fe4 x31:0x00000009  x6=0xffc00207
     426445.000 ns	     42643	80008e44	28e290d3	fmax.s	f1,f5,f14	  f5:0x49ae0400 f14:0x4a2e0400  f1=0x4a2e0400
     426465.000 ns	     42645	80008e48	015ec733	xor	x14,x29,x21	 x29:0x00000000 x21:0x24d0803a x14=0x24d0803a
     426475.000 ns	     42646	80008e4c	fa88ef13	ori	x30,x17,-88	 x17:0x80040fe4 x30=0xffffffec
     426495.000 ns	     42648	80008e50	29870053	fmin.s	f0,f14,f24	 f14:0x4a2e0400 f24:0x7f800000  f0=0x4a2e0400
     426525.000 ns	     42651	80008e54	d011f053	fcvt.s.wu	f0,x3	  x3:0x00000000  f0=0x00000000
     426545.000 ns	     42653	80008e58	002a5c33	srl	x24,x20,x2	 x20:0x24d0776c  x2:0xffea3f80 x24=0x24d0776c
     427715.000 ns	     42770	80008e5c	580278d3	fsqrt.s	f17,f4	  f4:0x49ae0400 f17=0x44953e8e
     427735.000 ns	     42772	80008e60	00da13b3	sll	x7,x20,x13	 x20:0x24d0776c x13:0x00000020  x7=0x24d0776c
     427745.000 ns	     42773	80008e64	d8d22713	slti	x14,x4,-627	  x4:0x24d0783f x14=0x00000000
     428105.000 ns	     42809	80008e68	03cd49b3	div	x19,x26,x28	 x26:0x00000000 x28:0x0c2cc000 x19=0x00000000
     428125.000 ns	     42811	80008e6c	00ac5593	srli	x11,x24,0xa	 x24:0x24d0776c x11=0x0009341d
     428135.000 ns	     42812	80008e70	15000213	addi	x4,x0,336	  x0:0x00000000  x4=0x00000150
     428155.000 ns	     42814	80008e74	c00ff453	fcvt.w.s	x8,f31	 f31:0x4a000000  x8=0x00200000
     428175.000 ns	     42816	80008e78	d571be13	sltiu	x28,x3,-681	  x3:0x00000000 x28=0x00000001
     428185.000 ns	     42817	80008e7c	41205333	sra	x6,x0,x18	  x0:0x00000000 x18:0x24d0776c  x6=0x00000000
     428545.000 ns	     42853	80008e80	02866e33	rem	x28,x12,x8	 x12:0x00000000  x8:0x00200000 x28=0x00000000
     428565.000 ns	     42855	80008e84	00cced33	or	x26,x25,x12	 x25:0x800416ad x12:0x00000000 x26=0x800416ad
     428585.000 ns	     42857	80008e88	028812b3	mulh	x5,x16,x8	 x16:0x00200000  x8:0x00200000  x5=0x00000400
     428615.000 ns	     42860	80008e8c	20bf80d3	fsgnj.s	f1,f31,f11	 f31:0x4a000000 f11:0x80000000  f1=0xca000000
     428985.000 ns	     42897	80008e90	024c6cb3	rem	x25,x24,x4	 x24:0x24d0776c  x4:0x00000150 x25=0x000000fc
     429005.000 ns	     42899	80008e94	2a9f3193	sltiu	x3,x30,681	 x30:0xffffffec  x3=0x00000000
     429015.000 ns	     42900	80008e98	a443b513	sltiu	x10,x7,-1468	  x7:0x24d0776c x10=0x00000001
     429035.000 ns	     42902	80008e9c	a0048653	fle.s	x12,f9,f0	  f9:0x00000000  f0:0x00000000 x12=0x00000001
     429065.000 ns	     42905	80008ea0	f0050b53	fmv.w.x	f22,x10	 x10:0xffffffff f22=0x00000001
     429085.000 ns	     42907	80008ea4	412754b3	sra	x9,x14,x18	 x14:0x00000000 x18:0x24d0776c  x9=0x00000000
     430255.000 ns	     43024	80008ea8	5801f1d3	fsqrt.s	f3,f3	  f3:0x00000001  f3=0x1f350483
     430285.000 ns	     43027	80008eac	20b79053	fsgnjn.s	f0,f15,f11	 f15:0x49ae0400 f11:0x80000000  f0=0x49ae0400
     430305.000 ns	     43029	80008eb0	40a1de13	srai	x28,x3,0xa	  x3:0x00000000 x28=0x00000000
     431475.000 ns	     43146	80008eb4	5809fa53	fsqrt.s	f20,f19	 f19:0x4f000410 f20=0x46b50a40
     431505.000 ns	     43149	80008eb8	28d49453	fmax.s	f8,f9,f13	  f9:0x00000000 f13:0x00000000  f8=0x00000000
     431525.000 ns	     43151	80008ebc	5ae68713	addi	x14,x13,1454	 x13:0x00000020 x14=0x000005ce
     431535.000 ns	     43152	80008ec0	01bd5033	srl	x0,x26,x27	 x26:0x800416ad x27:0x00000000
     431545.000 ns	     43153	80008ec4	00559cb3	sll	x25,x11,x5	 x11:0x0009341d  x5:0x00000400 x25=0x0009341d
     431555.000 ns	     43154	80008ec8	00381693	slli	x13,x16,0x3	 x16:0x00200000 x13=0x01000000
     431595.000 ns	     43158	80008ecc	0103f0d3	fadd.s	f1,f7,f16	  f7:0x00000000 f16:0x00000001  f1=0x00000001
     431615.000 ns	     43160	80008ed0	009f3c33	sltu	x24,x30,x9	 x30:0xffffffec  x9:0x00000000 x24=0x00000000
     431635.000 ns	     43162	80008ed4	03099c33	mulh	x24,x19,x16	 x19:0x00000000 x16:0x00200000 x24=0x00000000
     431655.000 ns	     43164	80008ed8	69bfb493	sltiu	x9,x31,1691	 x31:0x00000009  x9=0x00000001
     431675.000 ns	     43166	80008edc	e00d8e53	fmv.x.w	x28,f27	 f27:0x00000000 x28=0x00000000
     431695.000 ns	     43168	80008ee0	48130f13	addi	x30,x6,1153	  x6:0x00000000 x30=0x00000481
     431715.000 ns	     43170	80008ee4	e0029053	fclass.s	x0,f5	  f5:0x49ae0400
     431745.000 ns	     43173	80008ee8	29ea16d3	fmax.s	f13,f20,f30	 f20:0x46b50a40 f30:0x7f800000 f13=0x7f800000
     431765.000 ns	     43175	80008eec	00000013	addi	x0,x0,0	  x0:0x00000000
     431785.000 ns	     43177	80008ef0	c00ff053	fcvt.w.s	x0,f31	 f31:0x4a000000
     431815.000 ns	     43180	80008ef4	20d52253	fsgnjx.s	f4,f10,f13	 f10:0x7f800000 f13:0x7f800000  f4=0x7f800000
     431845.000 ns	     43183	80008ef8	d004f853	fcvt.s.w	f16,x9	  x9:0x00000001 f16=0x3f800000
     431875.000 ns	     43186	80008efc	c01ac853	fcvt.wu.s	x16,f21	 f21:0xc9ae0400 x16=0x0015c080
     431905.000 ns	     43189	80008f00	e00a8653	fmv.x.w	x12,f21	 f21:0xc9ae0400 x12=0xc9ae0400
     432275.000 ns	     43226	80008f04	0256c7b3	div	x15,x13,x5	 x13:0x01000000  x5:0x00000400 x15=0x00004000
     432305.000 ns	     43229	80008f08	28c99f53	fmax.s	f30,f19,f12	 f19:0x4f000410 f12:0x7f800000 f30=0x7f800000
     432335.000 ns	     43232	80008f0c	a189a9d3	feq.s	x19,f19,f24	 f19:0x4f000410 f24:0x7f800000 x19=0x00000000
     432365.000 ns	     43235	80008f10	21482453	fsgnjx.s	f8,f16,f20	 f16:0x3f800000 f20:0x46b50a40  f8=0x3f800000
     432395.000 ns	     43238	80008f14	e0048ad3	fmv.x.w	x21,f9	  f9:0x00000000 x21=0x00000000
     432415.000 ns	     43240	80008f18	4112db13	srai	x22,x5,0x11	  x5:0x00000400 x22=0x00000000
     432445.000 ns	     43243	80008f1c	10a0f153	fmul.s	f2,f1,f10	  f1:0x00000001 f10:0x7f800000  f2=0x7f800000
     432465.000 ns	     43245	80008f20	0096d533	srl	x10,x13,x9	 x13:0x01000000  x9:0x00000001 x10=0x00800000
     432475.000 ns	     43246	80008f24	00f58cb3	add	x25,x11,x15	 x11:0x0009341d x15:0x00004000 x25=0x0009741d
     432495.000 ns	     43248	80008f28	c001a9d3	fcvt.w.s	x19,f3	  f3:0x1f350483 x19=0x00000000
     432525.000 ns	     43251	80008f2c	29bb8dd3	fmin.s	f27,f23,f27	 f23:0x00000000 f27:0x00000000 f27=0x00000000
     432555.000 ns	     43254	80008f30	d000c8d3	fcvt.s.w	f17,x1	  x1:0x00000010 f17=0x41800000
     432575.000 ns	     43256	80008f34	01a1d9b3	srl	x19,x3,x26	  x3:0x00000000 x26:0x800416ad x19=0x00000000
     432595.000 ns	     43258	80008f38	d0052553	fcvt.s.w	f10,x10	 x10:0x00800000 f10=0x4b000000
     432625.000 ns	     43261	80008f3c	03de6533	rem	x10,x28,x29	 x28:0x00000000 x29:0x00000000 x10=0x00000000
     432645.000 ns	     43263	80008f40	00939593	slli	x11,x7,0x9	  x7:0x24d0776c x11=0xa0eed800
     432655.000 ns	     43264	80008f44	405bdd13	srai	x26,x23,0x5	 x23:0x80041024 x26=0xfc002081
     432665.000 ns	     43265	80008f48	003764b3	or	x9,x14,x3	 x14:0x000005ce  x3:0x00000000  x9=0x000005ce
     432675.000 ns	     43266	80008f4c	00ace033	or	x0,x25,x10	 x25:0x0009741d x10:0x00000000
     433035.000 ns	     43302	80008f50	025e4f33	div	x30,x28,x5	 x28:0x00000000  x5:0x00000400 x30=0x00000000
     433085.000 ns	     43307	80008f54	0961f853	fsub.s	f16,f3,f22	  f3:0x1f350483 f22:0x00000001 f16=0x1f350483
     433455.000 ns	     43344	80008f58	02fdc6b3	div	x13,x27,x15	 x27:0x00000000 x15:0x00004000 x13=0x00000000
     433485.000 ns	     43347	80008f5c	e0091cd3	fclass.s	x25,f18	 f18:0x7f800000 x25=0x00000080
     433515.000 ns	     43350	80008f60	2016ad53	fsgnjx.s	f26,f13,f1	 f13:0x7f800000  f1:0x00000001 f26=0x7f800000
     433555.000 ns	     43354	80008f64	1130fa53	fmul.s	f20,f1,f19	  f1:0x00000001 f19:0x4f000410 f20=0x04800411
     433575.000 ns	     43356	80008f68	0b1b0693	addi	x13,x22,177	 x22:0x00000000 x13=0x000000b1
     433595.000 ns	     43358	80008f6c	e0008753	fmv.x.w	x14,f1	  f1:0x00000001 x14=0x00000001
     433625.000 ns	     43361	80008f70	28c70353	fmin.s	f6,f14,f12	 f14:0x4a2e0400 f12:0x7f800000  f6=0x4a2e0400
     433995.000 ns	     43398	80008f74	0324ea33	rem	x20,x9,x18	  x9:0x000005ce x18:0x24d0776c x20=0x000005ce
     434035.000 ns	     43402	80008f78	580c42d3	fsqrt.s	f5,f24	 f24:0x7f800000  f5=0x7f800000
     434055.000 ns	     43404	80008f7c	9e4fae93	slti	x29,x31,-1564	 x31:0x00000009 x29=0x00000000
     434075.000 ns	     43406	80008f80	20840e53	fsgnj.s	f28,f8,f8	  f8:0x3f800000  f8:0x3f800000 f28=0x3f800000
     434095.000 ns	     43408	80008f84	1a91f313	andi	x6,x3,425	  x3:0x00000000  x6=0x00000000
     434105.000 ns	     43409	80008f88	00000013	addi	x0,x0,0	  x0:0x00000000
     434135.000 ns	     43412	80008f8c	10777953	fmul.s	f18,f14,f7	 f14:0x4a2e0400  f7:0x00000000 f18=0x00000000
     434505.000 ns	     43449	80008f90	02f552b3	divu	x5,x10,x15	 x10:0x00000000 x15:0x00004000  x5=0x00000000
     434525.000 ns	     43451	80008f94	41df5333	sra	x6,x30,x29	 x30:0x00000000 x29:0x00000000  x6=0x00000000
     434535.000 ns	     43452	80008f98	0108b6b3	sltu	x13,x17,x16	 x17:0x80040fe4 x16:0x0015c080 x13=0x00000000
     434575.000 ns	     43456	80008f9c	09801253	fsub.s	f4,f0,f24	  f0:0x49ae0400 f24:0x7f800000  f4=0xff800000
     434595.000 ns	     43458	80008fa0	00f4f233	and	x4,x9,x15	  x9:0x000005ce x15:0x00004000  x4=0x00000000
     434615.000 ns	     43460	80008fa4	a1351353	flt.s	x6,f10,f19	 f10:0x4b000000 f19:0x4f000410  x6=0x00000001
     434645.000 ns	     43463	80008fa8	02e80eb3	mul	x29,x16,x14	 x16:0x0015c080 x14:0x00000001 x29=0x0015c080
     434675.000 ns	     43466	80008fac	c005c953	fcvt.w.s	x18,f11	 f11:0x80000000 x18=0x00000000
     434695.000 ns	     43468	80008fb0	bbfbed13	ori	x26,x23,-1089	 x23:0x80041024 x26=0xfffffbbf
     434705.000 ns	     43469	80008fb4	407dd133	sra	x2,x27,x7	 x27:0x00000000  x7:0x24d0776c  x2=0x00000000
     434725.000 ns	     43471	80008fb8	025d8833	mul	x16,x27,x5	 x27:0x00000000  x5:0x00000000 x16=0x00000000
     434745.000 ns	     43473	80008fbc	00000013	addi	x0,x0,0	  x0:0x00000000
     434765.000 ns	     43475	80008fc0	027983b3	mul	x7,x19,x7	 x19:0x00000000  x7:0x24d0776c  x7=0x00000000
     434785.000 ns	     43477	80008fc4	a22d0593	addi	x11,x26,-1502	 x26:0xfffffbbf x11=0xfffff5e1
     434795.000 ns	     43478	80008fc8	017e5813	srli	x16,x28,0x17	 x28:0x00000000 x16=0x00000000
     434815.000 ns	     43480	80008fcc	f00d8dd3	fmv.w.x	f27,x27	 x27:0x00000000 f27=0x00000000
     434835.000 ns	     43482	80008fd0	01e9f033	and	x0,x19,x30	 x19:0x00000000 x30:0x00000000
     434845.000 ns	     43483	80008fd4	00ce85b3	add	x11,x29,x12	 x29:0x0015c080 x12:0xc9ae0400 x11=0xc9c3c480
     434865.000 ns	     43485	80008fd8	022a5933	divu	x18,x20,x2	 x20:0x000005ce  x2:0x00000000 x18=0xffffffff
     434895.000 ns	     43488	80008fdc	c003ba53	fcvt.w.s	x20,f7	  f7:0x00000000 x20=0x00000000
     434925.000 ns	     43491	80008fe0	c01d12d3	fcvt.wu.s	x5,f26	 f26:0x7f800000  x5=0xffffffff
     434955.000 ns	     43494	80008fe4	207722d3	fsgnjx.s	f5,f14,f7	 f14:0x4a2e0400  f7:0x00000000  f5=0x4a2e0400
     434975.000 ns	     43496	80008fe8	769fea13	ori	x20,x31,1897	 x31:0x00000009 x20=0x00000769
     434995.000 ns	     43498	80008fec	287491d3	fmax.s	f3,f9,f7	  f9:0x00000000  f7:0x00000000  f3=0x00000000
     435015.000 ns	     43500	80008ff0	000ef633	and	x12,x29,x0	 x29:0x0015c080  x0:0x00000000 x12=0x00000000
     435025.000 ns	     43501	80008ff4	e4fc0193	addi	x3,x24,-433	 x24:0x00000000  x3=0xfffffe4f
     435035.000 ns	     43502	80008ff8	d6f6dab7	lui	x21,0xd6f6d	 x21=0xd6f6d000
     435045.000 ns	     43503	80008ffc	417b5a13	srai	x20,x22,0x17	 x22:0x00000000 x20=0x00000000
     435065.000 ns	     43505	80009000	d00bfdd3	fcvt.s.w	f27,x23	 x23:0x80041024 f27=0xcefff7df
     435095.000 ns	     43508	80009004	0338f233	remu	x4,x17,x19	 x17:0x80040fe4 x19:0x00000000  x4=0x80040fe4
     435125.000 ns	     43511	80009008	d01ab4d3	fcvt.s.wu	f9,x21	 x21:0xd6f6d000  f9=0x4f56f6d0
     435155.000 ns	     43514	8000900c	e0098053	fmv.x.w	x0,f19	 f19:0x4f000410
     435175.000 ns	     43516	80009010	019884b3	add	x9,x17,x25	 x17:0x80040fe4 x25:0x00000080  x9=0x80041064
     435505.000 ns	     43549	80009014	195307d3	fdiv.s	f15,f6,f21	  f6:0x4a2e0400 f21:0xc9ae0400 f15=0xbfae0400
     435535.000 ns	     43552	80009018	20432b53	fsgnjx.s	f22,f6,f4	  f6:0x4a2e0400  f4:0xff800000 f22=0xca2e0400
     435555.000 ns	     43554	8000901c	0045a0b3	slt	x1,x11,x4	 x11:0xc9c3c480  x4:0x80040fe4  x1=0x00000000
     435565.000 ns	     43555	80009020	00782133	slt	x2,x16,x7	 x16:0x00000000  x7:0x00000000  x2=0x00000000
     435575.000 ns	     43556	80009024	00a97a33	and	x20,x18,x10	 x18:0xffffffff x10:0x00000000 x20=0x00000000
     435595.000 ns	     43558	80009028	f00c86d3	fmv.w.x	f13,x25	 x25:0x00000080 f13=0x00000080
     435645.000 ns	     43563	8000902c	00c7f1d3	fadd.s	f3,f15,f12	 f15:0xbfae0400 f12:0x7f800000  f3=0x7f800000
     435665.000 ns	     43565	80009030	01369c13	slli	x24,x13,0x13	 x13:0x00000000 x24=0x00000000
     435675.000 ns	     43566	80009034	6d7a7537	lui	x10,0x6d7a7	 x10=0x6d7a7000
     435685.000 ns	     43567	80009038	cff9c813	xori	x16,x19,-769	 x19:0x00000000 x16=0xfffffcff
     435705.000 ns	     43569	8000903c	03ba2a33	mulhsu	x20,x20,x27	 x20:0x00000000 x27:0x00000000 x20=0x00000000
     435735.000 ns	     43572	80009040	d0077cd3	fcvt.s.w	f25,x14	 x14:0x00000001 f25=0x3f800000
     435765.000 ns	     43575	80009044	d002f053	fcvt.s.w	f0,x5	  x5:0xffffffff  f0=0xbf800000
     435795.000 ns	     43578	80009048	a1fc2053	feq.s	x0,f24,f31	 f24:0x7f800000 f31:0x4a000000
     435825.000 ns	     43581	8000904c	025e01b3	mul	x3,x28,x5	 x28:0x00000000  x5:0xffffffff  x3=0x00000000
     435855.000 ns	     43584	80009050	29329853	fmax.s	f16,f5,f19	  f5:0x4a2e0400 f19:0x4f000410 f16=0x4f000410
     435875.000 ns	     43586	80009054	00000013	addi	x0,x0,0	  x0:0x00000000
     435895.000 ns	     43588	80009058	e00602d3	fmv.x.w	x5,f12	 f12:0x7f800000  x5=0x7f800000
     436265.000 ns	     43625	8000905c	0288c3b3	div	x7,x17,x8	 x17:0x80040fe4  x8:0x00200000  x7=0xfffffc01
     436295.000 ns	     43628	80009060	02d7bc33	mulhu	x24,x15,x13	 x15:0x00004000 x13:0x00000000 x24=0x00000000
     436315.000 ns	     43630	80009064	79d27413	andi	x8,x4,1949	  x4:0x80040fe4  x8=0x00000784
     436325.000 ns	     43631	80009068	00f6aab3	slt	x21,x13,x15	 x13:0x00000000 x15:0x00004000 x21=0x00000001
     436335.000 ns	     43632	8000906c	01f97d33	and	x26,x18,x31	 x18:0xffffffff x31:0x00000009 x26=0x00000009
     436355.000 ns	     43634	80009070	d00d90d3	fcvt.s.w	f1,x27	 x27:0x00000000  f1=0x00000000
     436385.000 ns	     43637	80009074	d014b653	fcvt.s.wu	f12,x9	  x9:0x80041064 f12=0x4f000411
     436405.000 ns	     43639	80009078	d4cb8b13	addi	x22,x23,-692	 x23:0x80041024 x22=0x80040d70
     436415.000 ns	     43640	8000907c	00514cb3	xor	x25,x2,x5	  x2:0x00000000  x5:0x7f800000 x25=0x7f800000
     436435.000 ns	     43642	80009080	02c1ba33	mulhu	x20,x3,x12	  x3:0x00000000 x12:0x00000000 x20=0x00000000
     436455.000 ns	     43644	80009084	0f5ee113	ori	x2,x29,245	 x29:0x0015c080  x2=0x0015c0f5
     436815.000 ns	     43680	80009088	037a43b3	div	x7,x20,x23	 x20:0x00000000 x23:0x80041024  x7=0x00000000
     436845.000 ns	     43683	8000908c	28140553	fmin.s	f10,f8,f1	  f8:0x3f800000  f1:0x00000000 f10=0x00000000
     436875.000 ns	     43686	80009090	20db2153	fsgnjx.s	f2,f22,f13	 f22:0xca2e0400 f13:0x00000080  f2=0xca2e0400
     436895.000 ns	     43688	80009094	8be0e993	ori	x19,x1,-1858	  x1:0x00000000 x19=0xfffff8be
     436905.000 ns	     43689	80009098	f1cc0093	addi	x1,x24,-228	 x24:0x00000000  x1=0xffffff1c
     436925.000 ns	     43691	8000909c	c0083d53	fcvt.w.s	x26,f16	 f16:0x4f000410 x26=0x7fffffff
     436955.000 ns	     43694	800090a0	d01234d3	fcvt.s.wu	f9,x4	  x4:0x80040fe4  f9=0x4f000410
     436975.000 ns	     43696	800090a4	1c2aa093	slti	x1,x21,450	 x21:0x00000001  x1=0x00000001
     436985.000 ns	     43697	800090a8	0103b6b3	sltu	x13,x7,x16	  x7:0x00000000 x16:0xfffffcff x13=0x00000001
     436995.000 ns	     43698	800090ac	00ab4c33	xor	x24,x22,x10	 x22:0x80040d70 x10:0x6d7a7000 x24=0xed7e7d70
     437025.000 ns	     43701	800090b0	580277d3	fsqrt.s	f15,f4	  f4:0xff800000 f15=0x7fc00000
     437055.000 ns	     43704	800090b4	207a1dd3	fsgnjn.s	f27,f20,f7	 f20:0x04800411  f7:0x00000000 f27=0x84800411
     437075.000 ns	     43706	800090b8	efd5e0b7	lui	x1,0xefd5e	  x1=0xefd5e000
     437085.000 ns	     43707	800090bc	01ac0033	add	x0,x24,x26	 x24:0xed7e7d70 x26:0x7fffffff
     437095.000 ns	     43708	800090c0	b1beae93	slti	x29,x29,-1253	 x29:0x0015c080 x29=0x00000000
     437105.000 ns	     43709	800090c4	b0b59797	auipc	x15,0xb0b59	 x15=0x30b620c4
     437115.000 ns	     43710	800090c8	c19d0d13	addi	x26,x26,-999	 x26:0x7fffffff x26=0x7ffffc18
     437125.000 ns	     43711	800090cc	01f8bf33	sltu	x30,x17,x31	 x17:0x80040fe4 x31:0x00000009 x30=0x00000000
     437145.000 ns	     43713	800090d0	298900d3	fmin.s	f1,f18,f24	 f18:0x00000000 f24:0x7f800000  f1=0x00000000
     437165.000 ns	     43715	800090d4	00e75313	srli	x6,x14,0xe	 x14:0x00000001  x6=0x00000000
     437175.000 ns	     43716	800090d8	0103df13	srli	x30,x7,0x10	  x7:0x00000000 x30=0x00000000
     437185.000 ns	     43717	800090dc	00000013	addi	x0,x0,0	  x0:0x00000000
     437205.000 ns	     43719	800090e0	02c00b33	mul	x22,x0,x12	  x0:0x00000000 x12:0x00000000 x22=0x00000000
     437235.000 ns	     43722	800090e4	f0058a53	fmv.w.x	f20,x11	 x11:0xc9c3c480 f20=0xc9c3c480
     437255.000 ns	     43724	800090e8	40e75e33	sra	x28,x14,x14	 x14:0x00000001 x14:0x00000001 x28=0x00000000
     437265.000 ns	     43725	800090ec	6fa20613	addi	x12,x4,1786	  x4:0x80040fe4 x12=0x800416de
     437275.000 ns	     43726	800090f0	00a4b7b3	sltu	x15,x9,x10	  x9:0x80041064 x10:0x6d7a7000 x15=0x00000000
     437295.000 ns	     43728	800090f4	a1a60e53	fle.s	x28,f12,f26	 f12:0x4f000411 f26:0x7f800000 x28=0x00000001
     437315.000 ns	     43730	800090f8	be1aca93	xori	x21,x21,-1055	 x21:0x00000001 x21=0xfffffbe0
     437335.000 ns	     43732	800090fc	f0080f53	fmv.w.x	f30,x16	 x16:0xfffffcff f30=0xfffffcff
     437355.000 ns	     43734	80009100	2ea7f013	andi	x0,x15,746	 x15:0x00000000
     437375.000 ns	     43736	80009104	280e8dd3	fmin.s	f27,f29,f0	 f29:0x7f800000  f0:0xbf800000 f27=0xbf800000
     437745.000 ns	     43773	80009108	02a55333	divu	x6,x10,x10	 x10:0x6d7a7000 x10:0x6d7a7000  x6=0x00000001
     437795.000 ns	     43778	8000910c	09b5fbd3	fsub.s	f23,f11,f27	 f11:0x80000000 f27:0xbf800000 f23=0x3f800000
     437815.000 ns	     43780	80009110	7c73ab13	slti	x22,x7,1991	  x7:0x00000000 x22=0x00000001
     437845.000 ns	     43783	80009114	5805bfd3	fsqrt.s	f31,f11	 f11:0x80000000 f31=0x80000000
     437875.000 ns	     43786	80009118	a0df8453	fle.s	x8,f31,f13	 f31:0x4a000000 f13:0x00000080  x8=0x00000001
     437895.000 ns	     43788	8000911c	40118033	sub	x0,x3,x1	  x3:0x00000000  x1:0xefd5e000
     437915.000 ns	     43790	80009120	02066a33	rem	x20,x12,x0	 x12:0x800416de  x0:0x00000000 x20=0x800416de
     437945.000 ns	     43793	80009124	e00c97d3	fclass.s	x15,f25	 f25:0x3f800000 x15=0x00000040
     437975.000 ns	     43796	80009128	a01cab53	feq.s	x22,f25,f1	 f25:0x3f800000  f1:0x00000000 x22=0x00000000
     438005.000 ns	     43799	8000912c	20690053	fsgnj.s	f0,f18,f6	 f18:0x00000000  f6:0x4a2e0400  f0=0x00000000
     438035.000 ns	     43802	80009130	d003f8d3	fcvt.s.w	f17,x7	  x7:0x00000000 f17=0x00000000
     438055.000 ns	     43804	80009134	41da8133	sub	x2,x21,x29	 x21:0xfffffbe0 x29:0x00000000  x2=0xfffffbe0
     438065.000 ns	     43805	80009138	57cc6e13	ori	x28,x24,1404	 x24:0xed7e7d70 x28=0xed7e7d7c
     438075.000 ns	     43806	8000913c	3d57ca93	xori	x21,x15,981	 x15:0x00000040 x21=0x00000395
     438085.000 ns	     43807	80009140	00ce7233	and	x4,x28,x12	 x28:0x00000001 x12:0x800416de  x4=0x8004145c
     438095.000 ns	     43808	80009144	e4216697	auipc	x13,0xe4216	 x13=0x6421f144
     438105.000 ns	     43809	80009148	fed30993	addi	x19,x6,-19	  x6:0x00000001 x19=0xffffffee
     438115.000 ns	     43810	8000914c	00b9a633	slt	x12,x19,x11	 x19:0xfffff8be x11:0xc9c3c480 x12=0x00000000
     438125.000 ns	     43811	80009150	0198f7b3	and	x15,x17,x25	 x17:0x80040fe4 x25:0x7f800000 x15=0x00000000
     438485.000 ns	     43847	80009154	03ca50b3	divu	x1,x20,x28	 x20:0x800416de x28:0xed7e7d7c  x1=0x00000000
     438525.000 ns	     43851	80009158	1816fd53	fdiv.s	f26,f13,f1	 f13:0x00000080  f1:0x00000000 f26=0x7f800000
     438555.000 ns	     43854	8000915c	02f5b333	mulhu	x6,x11,x15	 x11:0xc9c3c480 x15:0x00000000  x6=0x00000000
     438895.000 ns	     43888	80009160	186df7d3	fdiv.s	f15,f27,f6	 f27:0xbf800000  f6:0x4a2e0400 f15=0xb4800000
     438915.000 ns	     43890	80009164	3f01b413	sltiu	x8,x3,1008	  x3:0x00000000  x8=0x00000001
     438935.000 ns	     43892	80009168	20e31fd3	fsgnjn.s	f31,f6,f14	  f6:0x4a2e0400 f14:0x4a2e0400 f31=0xca2e0400
     438955.000 ns	     43894	8000916c	009961b3	or	x3,x18,x9	 x18:0xffffffff  x9:0x80041064  x3=0xffffffff
     438975.000 ns	     43896	80009170	21f195d3	fsgnjn.s	f11,f3,f31	  f3:0x7f800000 f31:0xca2e0400 f11=0x7f800000
     438995.000 ns	     43898	80009174	dc427e93	andi	x29,x4,-572	  x4:0x8004145c x29=0x80041444
     439015.000 ns	     43900	80009178	0317be33	mulhu	x28,x15,x17	 x15:0x00000000 x17:0x80040fe4 x28=0x00000000
     439035.000 ns	     43902	8000917c	408781b3	sub	x3,x15,x8	 x15:0x00000000  x8:0x00000001  x3=0xffffffff
     439395.000 ns	     43938	80009180	02bb4233	div	x4,x22,x11	 x22:0x00000000 x11:0xc9c3c480  x4=0x00000000
     439415.000 ns	     43940	80009184	01bbacb3	slt	x25,x23,x27	 x23:0x80041024 x27:0x00000000 x25=0x00000001
     439435.000 ns	     43942	80009188	02a883b3	mul	x7,x17,x10	 x17:0x80040fe4 x10:0x6d7a7000  x7=0x6d9bc000
     439475.000 ns	     43946	8000918c	11d6f4d3	fmul.s	f9,f13,f29	 f13:0x00000080 f29:0x7f800000  f9=0x7f800000
     439505.000 ns	     43949	80009190	a1f29ed3	flt.s	x29,f5,f31	  f5:0x4a2e0400 f31:0xca2e0400 x29=0x00000000
     439525.000 ns	     43951	80009194	001d33b3	sltu	x7,x26,x1	 x26:0x7ffffc18  x1:0x00000000  x7=0x00000000
     439545.000 ns	     43953	80009198	20e01cd3	fsgnjn.s	f25,f0,f14	  f0:0x00000000 f14:0x4a2e0400 f25=0x80000000
     439575.000 ns	     43956	8000919c	209489d3	fsgnj.s	f19,f9,f9	  f9:0x7f800000  f9:0x7f800000 f19=0x7f800000
     439595.000 ns	     43958	800091a0	405ed393	srai	x7,x29,0x5	 x29:0x00000000  x7=0x00000000
     439615.000 ns	     43960	800091a4	e00103d3	fmv.x.w	x7,f2	  f2:0xca2e0400  x7=0xca2e0400
     439985.000 ns	     43997	800091a8	0315fcb3	remu	x25,x11,x17	 x11:0xc9c3c480 x17:0x80040fe4 x25=0x49bfb49c
     440005.000 ns	     43999	800091ac	01a11e33	sll	x28,x2,x26	  x2:0xfffffbe0 x26:0x7ffffc18 x28=0xe0000000
     440015.000 ns	     44000	800091b0	00000013	addi	x0,x0,0	  x0:0x00000000
     440025.000 ns	     44001	800091b4	00000013	addi	x0,x0,0	  x0:0x00000000
     440035.000 ns	     44002	800091b8	0143dc33	srl	x24,x7,x20	  x7:0xca2e0400 x20:0x800416de x24=0x00000003
     440045.000 ns	     44003	800091bc	00000013	addi	x0,x0,0	  x0:0x00000000
     440405.000 ns	     44039	800091c0	02344c33	div	x24,x8,x3	  x8:0x00000001  x3:0xffffffff x24=0xffffffff
     440435.000 ns	     44042	800091c4	29fb1953	fmax.s	f18,f22,f31	 f22:0xca2e0400 f31:0xca2e0400 f18=0xca2e0400
     440465.000 ns	     44045	800091c8	03ce16b3	mulh	x13,x28,x28	 x28:0xe0000000 x28:0xe0000000 x13=0x04000000
     440485.000 ns	     44047	800091cc	407e0cb3	sub	x25,x28,x7	 x28:0xe0000000  x7:0xca2e0400 x25=0x15d1fc00
     440505.000 ns	     44049	800091d0	21752ed3	fsgnjx.s	f29,f10,f23	 f10:0x00000000 f23:0x3f800000 f29=0x00000000
     440525.000 ns	     44051	800091d4	78216d13	ori	x26,x2,1922	  x2:0xfffffbe0 x26=0xffffffe2
     440535.000 ns	     44052	800091d8	409b0c33	sub	x24,x22,x9	 x22:0x00000000  x9:0x80041064 x24=0x7ffbef9c
     440555.000 ns	     44054	800091dc	c0177853	fcvt.wu.s	x16,f14	 f14:0x4a2e0400 x16=0x002b8100
     440575.000 ns	     44056	800091e0	7f874213	xori	x4,x14,2040	 x14:0x00000001  x4=0x000007f9
     440595.000 ns	     44058	800091e4	294b0b53	fmin.s	f22,f22,f20	 f22:0xca2e0400 f20:0xc9c3c480 f22=0xca2e0400
     440615.000 ns	     44060	800091e8	01d6d1b3	srl	x3,x13,x29	 x13:0x04000000 x29:0x00000000  x3=0x04000000
     440625.000 ns	     44061	800091ec	01dbb533	sltu	x10,x23,x29	 x23:0x80041024 x29:0x00000000 x10=0x00000000
     440645.000 ns	     44063	800091f0	038cbb33	mulhu	x22,x25,x24	 x25:0x15d1fc00 x24:0x7ffbef9c x22=0x0ae8a552
     440675.000 ns	     44066	800091f4	28180ad3	fmin.s	f21,f16,f1	 f16:0x4f000410  f1:0x00000000 f21=0x00000000
     441045.000 ns	     44103	800091f8	0359ca33	div	x20,x19,x21	 x19:0xffffffee x21:0x00000395 x20=0x00000000
     441075.000 ns	     44106	800091fc	d00d4853	fcvt.s.w	f16,x26	 x26:0xffffffe2 f16=0xc1f00000
     441095.000 ns	     44108	80009200	0153d5b3	srl	x11,x7,x21	  x7:0xca2e0400 x21:0x00000395 x11=0x00000651
     441115.000 ns	     44110	80009204	03088233	mul	x4,x17,x16	 x17:0x80040fe4 x16:0x002b8100  x4=0xb74de400
     441145.000 ns	     44113	80009208	21059953	fsgnjn.s	f18,f11,f16	 f11:0x7f800000 f16:0xc1f00000 f18=0x7f800000
     441165.000 ns	     44115	8000920c	c5aeb193	sltiu	x3,x29,-934	 x29:0x00000000  x3=0x00000001
     441185.000 ns	     44117	80009210	213792d3	fsgnjn.s	f5,f15,f19	 f15:0xb4800000 f19:0x7f800000  f5=0xb4800000
     441215.000 ns	     44120	80009214	286b1253	fmax.s	f4,f22,f6	 f22:0xca2e0400  f6:0x4a2e0400  f4=0x4a2e0400
     441235.000 ns	     44122	80009218	01360533	add	x10,x12,x19	 x12:0x00000000 x19:0xffffffee x10=0xffffffee
     441245.000 ns	     44123	8000921c	00f99eb3	sll	x29,x19,x15	 x19:0xffffffee x15:0x00000000 x29=0xffffffee
     441265.000 ns	     44125	80009220	c01a1853	fcvt.wu.s	x16,f20	 f20:0xc9c3c480 x16=0x00187890
     441295.000 ns	     44128	80009224	02dd3f33	mulhu	x30,x26,x13	 x26:0xffffffe2 x13:0x04000000 x30=0x03ffffff
     441315.000 ns	     44130	80009228	017fd7b3	srl	x15,x31,x23	 x31:0x00000009 x23:0x80041024 x15=0x00000000
     441325.000 ns	     44131	8000922c	525f2413	slti	x8,x30,1317	 x30:0x03ffffff  x8=0x00000000
     441355.000 ns	     44134	80009230	11f1f553	fmul.s	f10,f3,f31	  f3:0x7f800000 f31:0xca2e0400 f10=0xff800000
     441385.000 ns	     44137	80009234	29699d53	fmax.s	f26,f19,f22	 f19:0x7f800000 f22:0xca2e0400 f26=0x7f800000
     441415.000 ns	     44140	80009238	e0068253	fmv.x.w	x4,f13	 f13:0x00000080  x4=0x00000080
     441445.000 ns	     44143	8000923c	28b79b53	fmax.s	f22,f15,f11	 f15:0xb4800000 f11:0x7f800000 f22=0x7f800000
     441475.000 ns	     44146	80009240	0336a1b3	mulhsu	x3,x13,x19	 x13:0x04000000 x19:0xffffffee  x3=0x03ffffff
     441505.000 ns	     44149	80009244	2137a853	fsgnjx.s	f16,f15,f19	 f15:0xb4800000 f19:0x7f800000 f16=0xb4800000
     441535.000 ns	     44152	80009248	c00e0d53	fcvt.w.s	x26,f28	 f28:0x3f800000 x26=0x00000001
     441565.000 ns	     44155	8000924c	030a03b3	mul	x7,x20,x16	 x20:0x00000000 x16:0x00187890  x7=0x00000000
     441595.000 ns	     44158	80009250	a0f016d3	flt.s	x13,f0,f15	  f0:0x00000000 f15:0xb4800000 x13=0x00000000
     441625.000 ns	     44161	80009254	a040a853	feq.s	x16,f1,f4	  f1:0x00000000  f4:0x4a2e0400 x16=0x00000000
     441665.000 ns	     44165	80009258	580df353	fsqrt.s	f6,f27	 f27:0xbf800000  f6=0x7fc00000
     441685.000 ns	     44167	8000925c	4123d313	srai	x6,x7,0x12	  x7:0x00000000  x6=0x00000000
     442045.000 ns	     44203	80009260	0367dcb3	divu	x25,x15,x22	 x15:0x00000000 x22:0x0ae8a552 x25=0x00000000
     442065.000 ns	     44205	80009264	1ab84313	xori	x6,x16,427	 x16:0x00000000  x6=0x000001ab
     442085.000 ns	     44207	80009268	21429053	fsgnjn.s	f0,f5,f20	  f5:0xb4800000 f20:0xc9c3c480  f0=0x34800000
     442115.000 ns	     44210	8000926c	21ed04d3	fsgnj.s	f9,f26,f30	 f26:0x7f800000 f30:0xfffffcff  f9=0xff800000
     442135.000 ns	     44212	80009270	403d5233	sra	x4,x26,x3	 x26:0x00000001  x3:0x03ffffff  x4=0x00000000
     442155.000 ns	     44214	80009274	20e91a53	fsgnjn.s	f20,f18,f14	 f18:0x7f800000 f14:0x4a2e0400 f20=0xff800000
     442185.000 ns	     44217	80009278	28088153	fmin.s	f2,f17,f0	 f17:0x00000000  f0:0x34800000  f2=0x00000000
     442215.000 ns	     44220	8000927c	031589b3	mul	x19,x11,x17	 x11:0x00000651 x17:0x80040fe4 x19=0x99a85f24
     442235.000 ns	     44222	80009280	640fec37	lui	x24,0x640fe	 x24=0x640fe000
     442255.000 ns	     44224	80009284	f00a0bd3	fmv.w.x	f23,x20	 x20:0x00000000 f23=0x00000000
     442285.000 ns	     44227	80009288	03050033	mul	x0,x10,x16	 x10:0xffffffee x16:0x00000000
     442305.000 ns	     44229	8000928c	d4f0b393	sltiu	x7,x1,-689	  x1:0x00000000  x7=0x00000001
     442325.000 ns	     44231	80009290	20798b53	fsgnj.s	f22,f19,f7	 f19:0x7f800000  f7:0x00000000 f22=0x7f800000
     442345.000 ns	     44233	80009294	014b13b3	sll	x7,x22,x20	 x22:0x0ae8a552 x20:0x00000000  x7=0x0ae8a552
     442365.000 ns	     44235	80009298	d0017ed3	fcvt.s.w	f29,x2	  x2:0xfffffbe0 f29=0xc4840000
     442385.000 ns	     44237	8000929c	cdba7813	andi	x16,x20,-805	 x20:0x00000000 x16=0x00000000
     442395.000 ns	     44238	800092a0	00ff26b3	slt	x13,x30,x15	 x30:0x03ffffff x15:0x00000000 x13=0x00000000
     442405.000 ns	     44239	800092a4	00000013	addi	x0,x0,0	  x0:0x00000000
     442765.000 ns	     44275	800092a8	0269df33	divu	x30,x19,x6	 x19:0x99a85f24  x6:0x000001ab x30=0x005c1f66
     442785.000 ns	     44277	800092ac	52d87397	auipc	x7,0x52d87	  x7=0xd2d902ac
     442805.000 ns	     44279	800092b0	207203d3	fsgnj.s	f7,f4,f7	  f4:0x4a2e0400  f7:0x00000000  f7=0x4a2e0400
     442835.000 ns	     44282	800092b4	a03901d3	fle.s	x3,f18,f3	 f18:0x7f800000  f3:0x7f800000  x3=0x00000001
     442885.000 ns	     44287	800092b8	081f08d3	fsub.s	f17,f30,f1	 f30:0xfffffcff  f1:0x00000000 f17=0x7fc00000
     443255.000 ns	     44324	800092bc	02bb6c33	rem	x24,x22,x11	 x22:0x0ae8a552 x11:0x00000651 x24=0x00000132
     443275.000 ns	     44326	800092c0	01797e33	and	x28,x18,x23	 x18:0xffffffff x23:0x80041024 x28=0x80041024
     443285.000 ns	     44327	800092c4	015ba633	slt	x12,x23,x21	 x23:0x80041024 x21:0x00000395 x12=0x00000001
     443645.000 ns	     44363	800092c8	0254d933	divu	x18,x9,x5	  x9:0x80041064  x5:0x7f800000 x18=0x00000001
     443665.000 ns	     44365	800092cc	01105393	srli	x7,x0,0x11	  x0:0x00000000  x7=0x00000000
     443995.000 ns	     44398	800092d0	18027153	fdiv.s	f2,f4,f0	  f4:0x4a2e0400  f0:0x34800000  f2=0x54f5ab38
     444015.000 ns	     44400	800092d4	003a5c13	srli	x24,x20,0x3	 x20:0x00000000 x24=0x00000000
     444035.000 ns	     44402	800092d8	02778cb3	mul	x25,x15,x7	 x15:0x00000000  x7:0x00000000 x25=0x00000000
     444055.000 ns	     44404	800092dc	b3dbc093	xori	x1,x23,-1219	 x23:0x80041024  x1=0x7ffbeb19
     444065.000 ns	     44405	800092e0	00715013	srli	x0,x2,0x7	  x2:0xfffffbe0
     444075.000 ns	     44406	800092e4	009df7b3	and	x15,x27,x9	 x27:0x00000000  x9:0x80041064 x15=0x00000000
     444085.000 ns	     44407	800092e8	426ef393	andi	x7,x29,1062	 x29:0xffffffee  x7=0x00000426
     444125.000 ns	     44411	800092ec	005278d3	fadd.s	f17,f4,f5	  f4:0x4a2e0400  f5:0xb4800000 f17=0x4a2e03ff
     444145.000 ns	     44413	800092f0	518df317	auipc	x6,0x518df	  x6=0xd18e82f0
     444155.000 ns	     44414	800092f4	9f2d4393	xori	x7,x26,-1550	 x26:0x00000001  x7=0xfffff9f3
     444175.000 ns	     44416	800092f8	c00fcdd3	fcvt.w.s	x27,f31	 f31:0xca2e0400 x27=0xffd47f00
     444205.000 ns	     44419	800092fc	e00d9d53	fclass.s	x26,f27	 f27:0xbf800000 x26=0x00000002
     444245.000 ns	     44423	80009300	111b78d3	fmul.s	f17,f22,f17	 f22:0x7f800000 f17:0x4a2e03ff f17=0x7f800000
     444265.000 ns	     44425	80009304	cff1ed13	ori	x26,x3,-769	  x3:0x00000001 x26=0xfffffcff
     444285.000 ns	     44427	80009308	c019f853	fcvt.wu.s	x16,f19	 f19:0x7f800000 x16=0xffffffff
     444305.000 ns	     44429	8000930c	0005d133	srl	x2,x11,x0	 x11:0x00000651  x0:0x00000000  x2=0x00000651
     444325.000 ns	     44431	80009310	c012f2d3	fcvt.wu.s	x5,f5	  f5:0xb4800000  x5=0x00000000
     444345.000 ns	     44433	80009314	41bdd313	srai	x6,x27,0x1b	 x27:0xffd47f00  x6=0xffffffff
     444705.000 ns	     44469	80009318	02ac6ab3	rem	x21,x24,x10	 x24:0x00000000 x10:0xffffffee x21=0x00000000
     444735.000 ns	     44472	8000931c	d00437d3	fcvt.s.w	f15,x8	  x8:0x00000000 f15=0x00000000
     444755.000 ns	     44474	80009320	001e70b3	and	x1,x28,x1	 x28:0x80041024  x1:0x7ffbeb19  x1=0x00000000
     444765.000 ns	     44475	80009324	0171b933	sltu	x18,x3,x23	  x3:0x00000001 x23:0x80041024 x18=0x00000001
     444775.000 ns	     44476	80009328	00000013	addi	x0,x0,0	  x0:0x00000000
     444785.000 ns	     44477	8000932c	a3202c13	slti	x24,x0,-1486	  x0:0x00000000 x24=0x00000000
     444795.000 ns	     44478	80009330	994c7313	andi	x6,x24,-1644	 x24:0x00000000  x6=0x00000000
     444815.000 ns	     44480	80009334	039160b3	rem	x1,x2,x25	  x2:0x00000651 x25:0x00000000  x1=0x00000651
     444865.000 ns	     44485	80009338	0814f153	fsub.s	f2,f9,f1	  f9:0xff800000  f1:0x00000000  f2=0xff800000
     444885.000 ns	     44487	8000933c	003800b3	add	x1,x16,x3	 x16:0xffffffff  x3:0x00000001  x1=0x00000000
     444905.000 ns	     44489	80009340	20158353	fsgnj.s	f6,f11,f1	 f11:0x7f800000  f1:0x00000000  f6=0x7f800000
     444935.000 ns	     44492	80009344	a1741ed3	flt.s	x29,f8,f23	  f8:0x3f800000 f23:0x00000000 x29=0x00000000
     444965.000 ns	     44495	80009348	201902d3	fsgnj.s	f5,f18,f1	 f18:0x7f800000  f1:0x00000000  f5=0x7f800000
     444995.000 ns	     44498	8000934c	023385b3	mul	x11,x7,x3	  x7:0xfffff9f3  x3:0x00000001 x11=0xfffff9f3
     445025.000 ns	     44501	80009350	0395c033	div	x0,x11,x25	 x11:0x00000651 x25:0x00000000
     445045.000 ns	     44503	80009354	b33cc093	xori	x1,x25,-1229	 x25:0x00000000  x1=0xfffffb33
     445065.000 ns	     44505	80009358	034e21b3	mulhsu	x3,x28,x20	 x28:0x80041024 x20:0x00000000  x3=0x00000000
     445095.000 ns	     44508	8000935c	e00c93d3	fclass.s	x7,f25	 f25:0x80000000  x7=0x00000008
     445115.000 ns	     44510	80009360	4140d413	srai	x8,x1,0x14	  x1:0xfffffb33  x8=0xffffffff
     445145.000 ns	     44513	80009364	58037b53	fsqrt.s	f22,f6	  f6:0x7f800000 f22=0x7f800000
     445165.000 ns	     44515	80009368	41b85413	srai	x8,x16,0x1b	 x16:0xffffffff  x8=0xffffffff
     445185.000 ns	     44517	8000936c	0347e9b3	rem	x19,x15,x20	 x15:0x00000000 x20:0x00000000 x19=0x00000000
     445215.000 ns	     44520	80009370	d00187d3	fcvt.s.w	f15,x3	  x3:0x00000000 f15=0x00000000
     445245.000 ns	     44523	80009374	d017fad3	fcvt.s.wu	f21,x15	 x15:0x00000000 f21=0x00000000
     445275.000 ns	     44526	80009378	03e10733	mul	x14,x2,x30	  x2:0x00000651 x30:0x005c1f66 x14=0x45e25346
     445295.000 ns	     44528	8000937c	9ece8593	addi	x11,x29,-1556	 x29:0x00000000 x11=0xfffff9ec
     445315.000 ns	     44530	80009380	03584f33	div	x30,x16,x21	 x16:0xffffffff x21:0x00000000 x30=0xffffffff
     445335.000 ns	     44532	80009384	017a9693	slli	x13,x21,0x17	 x21:0x00000000 x13=0x00000000
     445695.000 ns	     44568	80009388	03b0dd33	divu	x26,x1,x27	  x1:0xfffffb33 x27:0xffd47f00 x26=0x00000001
     445725.000 ns	     44571	8000938c	f00489d3	fmv.w.x	f19,x9	  x9:0x80041064 f19=0x80041064
     445745.000 ns	     44573	80009390	00a99d33	sll	x26,x19,x10	 x19:0x00000000 x10:0xffffffee x26=0x00000000
     445765.000 ns	     44575	80009394	f00c8353	fmv.w.x	f6,x25	 x25:0x00000000  f6=0x00000000
     445795.000 ns	     44578	80009398	e0008ad3	fmv.x.w	x21,f1	  f1:0x00000000 x21=0x00000000
     445815.000 ns	     44580	8000939c	ad6f3213	sltiu	x4,x30,-1322	 x30:0xffffffff  x4=0x00000000
     445825.000 ns	     44581	800093a0	01a3d4b3	srl	x9,x7,x26	  x7:0x00000008 x26:0x00000000  x9=0x00000008
     445835.000 ns	     44582	800093a4	2f194e93	xori	x29,x18,753	 x18:0x00000001 x29=0x000002f0
     445855.000 ns	     44584	800093a8	287f03d3	fmin.s	f7,f30,f7	 f30:0xfffffcff  f7:0x4a2e0400  f7=0x4a2e0400
     445885.000 ns	     44587	800093ac	2150aad3	fsgnjx.s	f21,f1,f21	  f1:0x00000000 f21:0x00000000 f21=0x00000000
     445905.000 ns	     44589	800093b0	01a5ceb3	xor	x29,x11,x26	 x11:0xfffff9ec x26:0x00000000 x29=0xfffff9ec
     445925.000 ns	     44591	800093b4	d00a7fd3	fcvt.s.w	f31,x20	 x20:0x00000000 f31=0x00000000
     445945.000 ns	     44593	800093b8	94e30d13	addi	x26,x6,-1714	  x6:0x00000000 x26=0xfffff94e
     445955.000 ns	     44594	800093bc	017fda33	srl	x20,x31,x23	 x31:0x00000009 x23:0x80041024 x20=0x00000000
     445975.000 ns	     44596	800093c0	29ef97d3	fmax.s	f15,f31,f30	 f31:0x00000000 f30:0xfffffcff f15=0x00000000
     445995.000 ns	     44598	800093c4	00411e93	slli	x29,x2,0x4	  x2:0x00000651 x29=0x00006510
     446015.000 ns	     44600	800093c8	d01cf7d3	fcvt.s.wu	f15,x25	 x25:0x00000000 f15=0x00000000
     446045.000 ns	     44603	800093cc	21301ad3	fsgnjn.s	f21,f0,f19	  f0:0x34800000 f19:0x80041064 f21=0x34800000
     446065.000 ns	     44605	800093d0	013ea9b3	slt	x19,x29,x19	 x29:0x00006510 x19:0x00000000 x19=0x00000000
     446075.000 ns	     44606	800093d4	41935093	srai	x1,x6,0x19	  x6:0x00000000  x1=0x00000000
     446085.000 ns	     44607	800093d8	01dae033	or	x0,x21,x29	 x21:0x00000000 x29:0x00006510
     446095.000 ns	     44608	800093dc	404adab3	sra	x21,x21,x4	 x21:0x00000000  x4:0x00000000 x21=0x00000000
     446105.000 ns	     44609	800093e0	d7bf7437	lui	x8,0xd7bf7	  x8=0xd7bf7000
     446125.000 ns	     44611	800093e4	03b80a33	mul	x20,x16,x27	 x16:0xffffffff x27:0xffd47f00 x20=0x002b8100
     446155.000 ns	     44614	800093e8	d013c553	fcvt.s.wu	f10,x7	  x7:0x00000008 f10=0x41000000
     446205.000 ns	     44619	800093ec	0849c153	fsub.s	f2,f19,f4	 f19:0x80041064  f4:0x4a2e0400  f2=0xca2e0400
     446255.000 ns	     44624	800093f0	087c75d3	fsub.s	f11,f24,f7	 f24:0x7f800000  f7:0x4a2e0400 f11=0x7f800000
     446275.000 ns	     44626	800093f4	00a9cab3	xor	x21,x19,x10	 x19:0x00000000 x10:0xffffffee x21=0xffffffee
     446285.000 ns	     44627	800093f8	41030f33	sub	x30,x6,x16	  x6:0x00000000 x16:0xffffffff x30=0x00000001
     446295.000 ns	     44628	800093fc	00745913	srli	x18,x8,0x7	  x8:0xd7bf7000 x18=0x01af7ee0
     446655.000 ns	     44664	80009400	02efdcb3	divu	x25,x31,x14	 x31:0x00000009 x14:0x45e25346 x25=0x00000000
     446685.000 ns	     44667	80009404	f00e0ed3	fmv.w.x	f29,x28	 x28:0x80041024 f29=0x80041024
     446715.000 ns	     44670	80009408	a188a4d3	feq.s	x9,f17,f24	 f17:0x7f800000 f24:0x7f800000  x9=0x00000001
     446745.000 ns	     44673	8000940c	28e59e53	fmax.s	f28,f11,f14	 f11:0x7f800000 f14:0x4a2e0400 f28=0x7f800000
     446765.000 ns	     44675	80009410	7751fd93	andi	x27,x3,1909	  x3:0x00000000 x27=0x00000000
     447125.000 ns	     44711	80009414	0285e933	rem	x18,x11,x8	 x11:0xfffff9ec  x8:0xd7bf7000 x18=0xfffff9ec
     447145.000 ns	     44713	80009418	855810b7	lui	x1,0x85581	  x1=0x85581000
     447165.000 ns	     44715	8000941c	0378a0b3	mulhsu	x1,x17,x23	 x17:0x80040fe4 x23:0x80041024  x1=0xbffffff0
     447195.000 ns	     44718	80009420	c01e2753	fcvt.wu.s	x14,f28	 f28:0x7f800000 x14=0xffffffff
     447225.000 ns	     44721	80009424	e0080f53	fmv.x.w	x30,f16	 f16:0xb4800000 x30=0xb4800000
     447245.000 ns	     44723	80009428	01704333	xor	x6,x0,x23	  x0:0x00000000 x23:0x80041024  x6=0x80041024
     447265.000 ns	     44725	8000942c	a04ca0d3	feq.s	x1,f25,f4	 f25:0x80000000  f4:0x4a2e0400  x1=0x00000000
     447295.000 ns	     44728	80009430	033a6033	rem	x0,x20,x19	 x20:0x002b8100 x19:0x00000000
     447325.000 ns	     44731	80009434	297a8c53	fmin.s	f24,f21,f23	 f21:0x34800000 f23:0x00000000 f24=0x00000000
     447355.000 ns	     44734	80009438	e00f8853	fmv.x.w	x16,f31	 f31:0x00000000 x16=0x00000000
     447375.000 ns	     44736	8000943c	001145b3	xor	x11,x2,x1	  x2:0x00000651  x1:0x00000000 x11=0x00000651
     447385.000 ns	     44737	80009440	91a53913	sltiu	x18,x10,-1766	 x10:0xffffffee x18=0x00000000
     447395.000 ns	     44738	80009444	0168d7b3	srl	x15,x17,x22	 x17:0x80040fe4 x22:0x0ae8a552 x15=0x00002001
     447435.000 ns	     44742	80009448	09f60d53	fsub.s	f26,f12,f31	 f12:0x4f000411 f31:0x00000000 f26=0x4f000411
     447455.000 ns	     44744	8000944c	e102a693	slti	x13,x5,-496	  x5:0x00000000 x13=0x00000000
     447475.000 ns	     44746	80009450	c0107cd3	fcvt.wu.s	x25,f0	  f0:0x34800000 x25=0x00000000
     447505.000 ns	     44749	80009454	030e8633	mul	x12,x29,x16	 x29:0x00006510 x16:0x00000000 x12=0x00000000
     447525.000 ns	     44751	80009458	40425513	srai	x10,x4,0x4	  x4:0x00000000 x10=0x00000000
     447535.000 ns	     44752	8000945c	00e6e533	or	x10,x13,x14	 x13:0x00000000 x14:0xffffffff x10=0xffffffff
     447555.000 ns	     44754	80009460	e00b07d3	fmv.x.w	x15,f22	 f22:0x7f800000 x15=0x7f800000
     447585.000 ns	     44757	80009464	03b54c33	div	x24,x10,x27	 x10:0x00000000 x27:0x00000000 x24=0xffffffff
     447605.000 ns	     44759	80009468	40ad5093	srai	x1,x26,0xa	 x26:0xfffff94e  x1=0xfffffffe
     447615.000 ns	     44760	8000946c	e59bee17	auipc	x28,0xe59be	 x28=0x659c746c
     447635.000 ns	     44762	80009470	d006f7d3	fcvt.s.w	f15,x13	 x13:0x00000000 f15=0x00000000
     447665.000 ns	     44765	80009474	e0041853	fclass.s	x16,f8	  f8:0x3f800000 x16=0x00000040
     447695.000 ns	     44768	80009478	e00f0853	fmv.x.w	x16,f30	 f30:0xfffffcff x16=0xfffffcff
     447715.000 ns	     44770	8000947c	dc374993	xori	x19,x14,-573	 x14:0xffffffff x19=0x0000023c
     447725.000 ns	     44771	80009480	391e2193	slti	x3,x28,913	 x28:0x659c746c  x3=0x00000000
     447745.000 ns	     44773	80009484	d001bbd3	fcvt.s.w	f23,x3	  x3:0x00000000 f23=0x00000000
     447775.000 ns	     44776	80009488	e0059953	fclass.s	x18,f11	 f11:0x7f800000 x18=0x00000080
     447795.000 ns	     44778	8000948c	6ed7a713	slti	x14,x15,1773	 x15:0x7f800000 x14=0x00000000
     447815.000 ns	     44780	80009490	e0041453	fclass.s	x8,f8	  f8:0x3f800000  x8=0x00000040
     447835.000 ns	     44782	80009494	e871c017	auipc	x0,0xe871c	
     447845.000 ns	     44783	80009498	0190e6b3	or	x13,x1,x25	  x1:0xfffffffe x25:0x00000000 x13=0xfffffffe
     447855.000 ns	     44784	8000949c	011f5133	srl	x2,x30,x17	 x30:0xb4800000 x17:0x80040fe4  x2=0x0b480000
     447865.000 ns	     44785	800094a0	41ebd593	srai	x11,x23,0x1e	 x23:0x80041024 x11=0xfffffffe
     447885.000 ns	     44787	800094a4	031d1233	mulh	x4,x26,x17	 x26:0xfffff94e x17:0x80040fe4  x4=0x00000358
     447915.000 ns	     44790	800094a8	d00eba53	fcvt.s.w	f20,x29	 x29:0x00006510 f20=0x46ca2000
     447965.000 ns	     44795	800094ac	016ff853	fadd.s	f16,f31,f22	 f31:0x00000000 f22:0x7f800000 f16=0x7f800000
     448015.000 ns	     44800	800094b0	08517b53	fsub.s	f22,f2,f5	  f2:0xca2e0400  f5:0x7f800000 f22=0xff800000
     448385.000 ns	     44837	800094b4	028dd2b3	divu	x5,x27,x8	 x27:0x00000000  x8:0x00000040  x5=0x00000000
     448755.000 ns	     44874	800094b8	03fbea33	rem	x20,x23,x31	 x23:0x80041024 x31:0x00000009 x20=0x00000000
     448785.000 ns	     44877	800094bc	21230ad3	fsgnj.s	f21,f6,f18	  f6:0x00000000 f18:0x7f800000 f21=0x00000000
     448815.000 ns	     44880	800094c0	2174aad3	fsgnjx.s	f21,f9,f23	  f9:0xff800000 f23:0x00000000 f21=0xff800000
     448835.000 ns	     44882	800094c4	00000013	addi	x0,x0,0	  x0:0x00000000
     448845.000 ns	     44883	800094c8	676d6313	ori	x6,x26,1654	 x26:0xfffff94e  x6=0xffffff7e
     448855.000 ns	     44884	800094cc	001f04b3	add	x9,x30,x1	 x30:0xb4800000  x1:0xfffffffe  x9=0xb47ffffe
     448875.000 ns	     44886	800094d0	f00b89d3	fmv.w.x	f19,x23	 x23:0x80041024 f19=0x80041024
     448895.000 ns	     44888	800094d4	00082e33	slt	x28,x16,x0	 x16:0xfffffcff  x0:0x00000000 x28=0x00000001
     448905.000 ns	     44889	800094d8	aff9f593	andi	x11,x19,-1281	 x19:0x0000023c x11=0x0000023c
     448925.000 ns	     44891	800094dc	a1679d53	flt.s	x26,f15,f22	 f15:0x00000000 f22:0xff800000 x26=0x00000000
     448965.000 ns	     44895	800094e0	1838fa53	fdiv.s	f20,f17,f3	 f17:0x7f800000  f3:0x7f800000 f20=0x7fc00000
     448985.000 ns	     44897	800094e4	2bf02813	slti	x16,x0,703	  x0:0x00000000 x16=0x00000001
     449005.000 ns	     44899	800094e8	287f9a53	fmax.s	f20,f31,f7	 f31:0x00000000  f7:0x4a2e0400 f20=0x4a2e0400
     449025.000 ns	     44901	800094ec	4a378a93	addi	x21,x15,1187	 x15:0x7f800000 x21=0x7f8004a3
     449385.000 ns	     44937	800094f0	036e64b3	rem	x9,x28,x22	 x28:0x00000001 x22:0x0ae8a552  x9=0x00000001
     449405.000 ns	     44939	800094f4	0049c033	xor	x0,x19,x4	 x19:0x0000023c  x4:0x00000358
     449415.000 ns	     44940	800094f8	00e490b3	sll	x1,x9,x14	  x9:0x00000001 x14:0x00000000  x1=0x00000001
     449425.000 ns	     44941	800094fc	01d2f4b3	and	x9,x5,x29	  x5:0x00000000 x29:0x00006510  x9=0x00000000
     449435.000 ns	     44942	80009500	d0f38013	addi	x0,x7,-753	  x7:0x00000008
     449455.000 ns	     44944	80009504	283c00d3	fmin.s	f1,f24,f3	 f24:0x00000000  f3:0x7f800000  f1=0x00000000
     449485.000 ns	     44947	80009508	a11e91d3	flt.s	x3,f29,f17	 f29:0x80041024 f17:0x7f800000  x3=0x00000001
     449535.000 ns	     44952	8000950c	01b8f2d3	fadd.s	f5,f17,f27	 f17:0x7f800000 f27:0xbf800000  f5=0x7f800000
     449565.000 ns	     44955	80009510	03761b33	mulh	x22,x12,x23	 x12:0x00000000 x23:0x80041024 x22=0x00000000
     449585.000 ns	     44957	80009514	270d0493	addi	x9,x26,624	 x26:0x00000000  x9=0x00000270
     449605.000 ns	     44959	80009518	02611cb3	mulh	x25,x2,x6	  x2:0x0b480000  x6:0xffffff7e x25=0xfffffffa
     449625.000 ns	     44961	8000951c	41575413	srai	x8,x14,0x15	 x14:0x00000000  x8=0x00000000
     449985.000 ns	     44997	80009520	021576b3	remu	x13,x10,x1	 x10:0xffffffff  x1:0x00000001 x13=0x00000000
     450005.000 ns	     44999	80009524	006787b3	add	x15,x15,x6	 x15:0x7f800000  x6:0xffffff7e x15=0x7f7fff7e
     450025.000 ns	     45001	80009528	20e49153	fsgnjn.s	f2,f9,f14	  f9:0xff800000 f14:0x4a2e0400  f2=0xff800000
     450045.000 ns	     45003	8000952c	2afbb613	sltiu	x12,x23,687	 x23:0x80041024 x12=0x00000000
     450065.000 ns	     45005	80009530	21e9af53	fsgnjx.s	f30,f19,f30	 f19:0x80041024 f30:0xfffffcff f30=0x00041024
     450435.000 ns	     45042	80009534	0276eeb3	rem	x29,x13,x7	 x13:0x00000000  x7:0x00000008 x29=0x00000000
     450455.000 ns	     45044	80009538	0176c2b3	xor	x5,x13,x23	 x13:0x00000000 x23:0x80041024  x5=0x80041024
     450475.000 ns	     45046	8000953c	29b092d3	fmax.s	f5,f1,f27	  f1:0x00000000 f27:0xbf800000  f5=0x00000000
     450845.000 ns	     45083	80009540	0229cdb3	div	x27,x19,x2	 x19:0x0000023c  x2:0x0b480000 x27=0x00000000
     450875.000 ns	     45086	80009544	c00cbe53	fcvt.w.s	x28,f25	 f25:0x80000000 x28=0x00000000
     450895.000 ns	     45088	80009548	2da42e93	slti	x29,x8,730	  x8:0x00000000 x29=0x00000001
     450915.000 ns	     45090	8000954c	29688c53	fmin.s	f24,f17,f22	 f17:0x7f800000 f22:0xff800000 f24=0xff800000
     450945.000 ns	     45093	80009550	a0e994d3	flt.s	x9,f19,f14	 f19:0x80041024 f14:0x4a2e0400  x9=0x00000001
     450965.000 ns	     45095	80009554	00a55a33	srl	x20,x10,x10	 x10:0xffffffff x10:0xffffffff x20=0x00000001
     450975.000 ns	     45096	80009558	40fc5813	srai	x16,x24,0xf	 x24:0xffffffff x16=0xffffffff
     451005.000 ns	     45099	8000955c	104e7cd3	fmul.s	f25,f28,f4	 f28:0x7f800000  f4:0x4a2e0400 f25=0x7f800000
     451035.000 ns	     45102	80009560	0240bf33	mulhu	x30,x1,x4	  x1:0x00000001  x4:0x00000358 x30=0x00000000
     451055.000 ns	     45104	80009564	41700433	sub	x8,x0,x23	  x0:0x00000000 x23:0x80041024  x8=0x7ffbefdc
     451065.000 ns	     45105	80009568	3157e1b7	lui	x3,0x3157e	  x3=0x3157e000
     451095.000 ns	     45108	8000956c	199185d3	fdiv.s	f11,f3,f25	  f3:0x7f800000 f25:0x7f800000 f11=0x7fc00000
     451145.000 ns	     45113	80009570	015585d3	fadd.s	f11,f11,f21	 f11:0x7f800000 f21:0xff800000 f11=0x7fc00000
     451175.000 ns	     45116	80009574	28af9553	fmax.s	f10,f31,f10	 f31:0x00000000 f10:0x41000000 f10=0x41000000
     451205.000 ns	     45119	80009578	e0099553	fclass.s	x10,f19	 f19:0x80041024 x10=0x00000004
     451225.000 ns	     45121	8000957c	1b3f8513	addi	x10,x31,435	 x31:0x00000009 x10=0x000001bc
     451255.000 ns	     45124	80009580	11af1bd3	fmul.s	f23,f30,f26	 f30:0x00041024 f26:0x4f000411 f23=0x0d8208a1
     451285.000 ns	     45127	80009584	20b32953	fsgnjx.s	f18,f6,f11	  f6:0x00000000 f11:0x7fc00000 f18=0x00000000
     451315.000 ns	     45130	80009588	28440153	fmin.s	f2,f8,f4	  f8:0x3f800000  f4:0x4a2e0400  f2=0x3f800000
     451685.000 ns	     45167	8000958c	034d69b3	rem	x19,x26,x20	 x26:0x00000000 x20:0x00000001 x19=0x00000000
     451715.000 ns	     45170	80009590	03aa5533	divu	x10,x20,x26	 x20:0x00000001 x26:0x00000000 x10=0xffffffff
     451735.000 ns	     45172	80009594	b7176e13	ori	x28,x14,-1167	 x14:0x00000000 x28=0xfffffb71
     451745.000 ns	     45173	80009598	0084de13	srli	x28,x9,0x8	  x9:0x00000001 x28=0x00000000
     451765.000 ns	     45175	8000959c	c0157853	fcvt.wu.s	x16,f10	 f10:0x41000000 x16=0x00000008
     451785.000 ns	     45177	800095a0	01cbd2b3	srl	x5,x23,x28	 x23:0x80041024 x28:0xfffffb71  x5=0x80041024
     451795.000 ns	     45178	800095a4	002e27b3	slt	x15,x28,x2	 x28:0x00000000  x2:0x0b480000 x15=0x00000001
     451815.000 ns	     45180	800095a8	02ba02b3	mul	x5,x20,x11	 x20:0x00000001 x11:0x0000023c  x5=0x0000023c
     451845.000 ns	     45183	800095ac	e00f9653	fclass.s	x12,f31	 f31:0x00000000 x12=0x00000010
     451875.000 ns	     45186	800095b0	a0ddac53	feq.s	x24,f27,f13	 f27:0xbf800000 f13:0x00000080 x24=0x00000000
     451895.000 ns	     45188	800095b4	41468e33	sub	x28,x13,x20	 x13:0x00000000 x20:0x00000001 x28=0xffffffff
     451905.000 ns	     45189	800095b8	011b5613	srli	x12,x22,0x11	 x22:0x00000000 x12=0x00000000
     451935.000 ns	     45192	800095bc	10127053	fmul.s	f0,f4,f1	  f4:0x4a2e0400  f1:0x00000000  f0=0x00000000
     451965.000 ns	     45195	800095c0	a18b0b53	fle.s	x22,f22,f24	 f22:0xff800000 f24:0xff800000 x22=0x00000001
     451985.000 ns	     45197	800095c4	000a9e13	slli	x28,x21,0x0	 x21:0x7f8004a3 x28=0x7f8004a3
     452005.000 ns	     45199	800095c8	a0571ad3	flt.s	x21,f14,f5	 f14:0x4a2e0400  f5:0x00000000 x21=0x00000000
     452035.000 ns	     45202	800095cc	027a2433	mulhsu	x8,x20,x7	 x20:0x00000001  x7:0x00000008  x8=0x00000000
     452085.000 ns	     45207	800095d0	0862c553	fsub.s	f10,f5,f6	  f5:0x00000000  f6:0x00000000 f10=0x80000000
     452105.000 ns	     45209	800095d4	413c85b3	sub	x11,x25,x19	 x25:0xfffffffa x19:0x00000000 x11=0xfffffffa
     452125.000 ns	     45211	800095d8	02471533	mulh	x10,x14,x4	 x14:0x00000000  x4:0x00000358 x10=0x00000000
     452175.000 ns	     45216	800095dc	09731853	fsub.s	f16,f6,f23	  f6:0x00000000 f23:0x0d8208a1 f16=0x8d8208a1
     452205.000 ns	     45219	800095e0	02e3f633	remu	x12,x7,x14	  x7:0x00000008 x14:0x00000000 x12=0x00000008
     452235.000 ns	     45222	800095e4	024a2f33	mulhsu	x30,x20,x4	 x20:0x00000001  x4:0x00000358 x30=0x00000000
     452275.000 ns	     45226	800095e8	106eb7d3	fmul.s	f15,f29,f6	 f29:0x80041024  f6:0x00000000 f15=0x80000000
     452305.000 ns	     45229	800095ec	e00803d3	fmv.x.w	x7,f16	 f16:0x8d8208a1  x7=0x8d8208a1
     452325.000 ns	     45231	800095f0	000ca6b3	slt	x13,x25,x0	 x25:0xfffffffa  x0:0x00000000 x13=0x00000001
     452685.000 ns	     45267	800095f4	031bde33	divu	x28,x23,x17	 x23:0x80041024 x17:0x80040fe4 x28=0x00000001
     452715.000 ns	     45270	800095f8	e00b04d3	fmv.x.w	x9,f22	 f22:0xff800000  x9=0xff800000
     452745.000 ns	     45273	800095fc	03aeb1b3	mulhu	x3,x29,x26	 x29:0x00000001 x26:0x00000000  x3=0x00000000
     452765.000 ns	     45275	80009600	00eb9e13	slli	x28,x23,0xe	 x23:0x80041024 x28=0x04090000
     452785.000 ns	     45277	80009604	f0058a53	fmv.w.x	f20,x11	 x11:0xfffffffa f20=0xfffffffa
     452815.000 ns	     45280	80009608	c008fcd3	fcvt.w.s	x25,f17	 f17:0x7f800000 x25=0x7fffffff
     452835.000 ns	     45282	8000960c	01969233	sll	x4,x13,x25	 x13:0x00000001 x25:0xfffffffa  x4=0x80000000
     452855.000 ns	     45284	80009610	d0112c53	fcvt.s.wu	f24,x2	  x2:0x0b480000 f24=0x4d348000
     452885.000 ns	     45287	80009614	28678253	fmin.s	f4,f15,f6	 f15:0x80000000  f6:0x00000000  f4=0x80000000
     452915.000 ns	     45290	80009618	a1510953	fle.s	x18,f2,f21	  f2:0x3f800000 f21:0xff800000 x18=0x00000000
     452935.000 ns	     45292	8000961c	949fa113	slti	x2,x31,-1719	 x31:0x00000009  x2=0x00000000
     452955.000 ns	     45294	80009620	f00c0ed3	fmv.w.x	f29,x24	 x24:0x00000000 f29=0x00000000
     452975.000 ns	     45296	80009624	b1932293	slti	x5,x6,-1255	  x6:0xffffff7e  x5=0x00000000
     452995.000 ns	     45298	80009628	02a93a33	mulhu	x20,x18,x10	 x18:0x00000000 x10:0x00000000 x20=0x00000000
     453025.000 ns	     45301	8000962c	03369ab3	mulh	x21,x13,x19	 x13:0x00000001 x19:0x00000000 x21=0x00000000
     453045.000 ns	     45303	80009630	a5700717	auipc	x14,0xa5700	 x14=0x25709630
     453055.000 ns	     45304	80009634	f3c53297	auipc	x5,0xf3c53	  x5=0x73c5c634
     453075.000 ns	     45306	80009638	a08f93d3	flt.s	x7,f31,f8	 f31:0x00000000  f8:0x3f800000  x7=0x00000001
     453105.000 ns	     45309	8000963c	20599753	fsgnjn.s	f14,f19,f5	 f19:0x80041024  f5:0x00000000 f14=0x80041024
     453135.000 ns	     45312	80009640	a0ba93d3	flt.s	x7,f21,f11	 f21:0xff800000 f11:0x7fc00000  x7=0x00000000
     453155.000 ns	     45314	80009644	d4754c13	xori	x24,x10,-697	 x10:0x00000000 x24=0xfffffd47
     453175.000 ns	     45316	80009648	209106d3	fsgnj.s	f13,f2,f9	  f2:0x3f800000  f9:0xff800000 f13=0xbf800000
     453195.000 ns	     45318	8000964c	01669313	slli	x6,x13,0x16	 x13:0x00000001  x6=0x00400000
     453555.000 ns	     45354	80009650	02b8fcb3	remu	x25,x17,x11	 x17:0x80040fe4 x11:0xfffffffa x25=0x80040fe4
     453575.000 ns	     45356	80009654	00d8d7b3	srl	x15,x17,x13	 x17:0x80040fe4 x13:0x00000001 x15=0x400207f2
     453595.000 ns	     45358	80009658	298f16d3	fmax.s	f13,f30,f24	 f30:0x00041024 f24:0x4d348000 f13=0x4d348000
     453615.000 ns	     45360	8000965c	00bdd513	srli	x10,x27,0xb	 x27:0x00000000 x10=0x00000000
     453635.000 ns	     45362	80009660	03972033	mulhsu	x0,x14,x25	 x14:0x25709630 x25:0x80040fe4
     453655.000 ns	     45364	80009664	01729c33	sll	x24,x5,x23	  x5:0x73c5c634 x23:0x80041024 x24=0x3c5c6340
     454825.000 ns	     45481	80009668	5803f053	fsqrt.s	f0,f7	  f7:0x4a2e0400  f0=0x4476180c
     454845.000 ns	     45483	8000966c	0031d933	srl	x18,x3,x3	  x3:0x00000000  x3:0x00000000 x18=0x00000000
     454855.000 ns	     45484	80009670	40e4de33	sra	x28,x9,x14	  x9:0xff800000 x14:0x25709630 x28=0xffffff80
     454875.000 ns	     45486	80009674	29ac19d3	fmax.s	f19,f24,f26	 f24:0x4d348000 f26:0x4f000411 f19=0x4f000411
     454895.000 ns	     45488	80009678	469d4213	xori	x4,x26,1129	 x26:0x00000000  x4=0x00000469
     454915.000 ns	     45490	8000967c	a1301353	flt.s	x6,f0,f19	  f0:0x4476180c f19:0x4f000411  x6=0x00000001
     454935.000 ns	     45492	80009680	009a5493	srli	x9,x20,0x9	 x20:0x00000000  x9=0x00000000
     454955.000 ns	     45494	80009684	e0058553	fmv.x.w	x10,f11	 f11:0x7fc00000 x10=0x7fc00000
     454985.000 ns	     45497	80009688	025d1e33	mulh	x28,x26,x5	 x26:0x00000000  x5:0x73c5c634 x28=0x00000000
     455005.000 ns	     45499	8000968c	0167ec33	or	x24,x15,x22	 x15:0x400207f2 x22:0x00000001 x24=0x400207f3
     455025.000 ns	     45501	80009690	29661e53	fmax.s	f28,f12,f22	 f12:0x4f000411 f22:0xff800000 f28=0x4f000411
     455045.000 ns	     45503	80009694	00000013	addi	x0,x0,0	  x0:0x00000000
     455055.000 ns	     45504	80009698	400cd6b3	sra	x13,x25,x0	 x25:0x80040fe4  x0:0x00000000 x13=0x80040fe4
     455075.000 ns	     45506	8000969c	02327eb3	remu	x29,x4,x3	  x4:0x00000469  x3:0x00000000 x29=0x00000469
     455105.000 ns	     45509	800096a0	284287d3	fmin.s	f15,f5,f4	  f5:0x00000000  f4:0x80000000 f15=0x80000000
     455125.000 ns	     45511	800096a4	00752233	slt	x4,x10,x7	 x10:0x7fc00000  x7:0x00000000  x4=0x00000000
     455145.000 ns	     45513	800096a8	a052a153	feq.s	x2,f5,f5	  f5:0x00000000  f5:0x00000000  x2=0x00000001
     455165.000 ns	     45515	800096ac	013bc1b3	xor	x3,x23,x19	 x23:0x80041024 x19:0x00000000  x3=0x80041024
     455175.000 ns	     45516	800096b0	00065333	srl	x6,x12,x0	 x12:0x00000008  x0:0x00000000  x6=0x00000008
     455185.000 ns	     45517	800096b4	00000013	addi	x0,x0,0	  x0:0x00000000
     455225.000 ns	     45521	800096b8	011c74d3	fadd.s	f9,f24,f17	 f24:0x4d348000 f17:0x7f800000  f9=0x7f800000
     455255.000 ns	     45524	800096bc	03790f33	mul	x30,x18,x23	 x18:0x00000000 x23:0x80041024 x30=0x00000000
     455275.000 ns	     45526	800096c0	c9d13c13	sltiu	x24,x2,-867	  x2:0x00000001 x24=0x00000001
     455285.000 ns	     45527	800096c4	00121a13	slli	x20,x4,0x1	  x4:0x00000000 x20=0x00000000
     455295.000 ns	     45528	800096c8	41930233	sub	x4,x6,x25	  x6:0x00000008 x25:0x80040fe4  x4=0x7ffbf024
     455325.000 ns	     45531	800096cc	19809153	fdiv.s	f2,f1,f24	  f1:0x00000000 f24:0x4d348000  f2=0x00000000
     455345.000 ns	     45533	800096d0	905d1617	auipc	x12,0x905d1	 x12=0x105da6d0
     455355.000 ns	     45534	800096d4	dfb6f013	andi	x0,x13,-517	 x13:0x80040fe4
     455365.000 ns	     45535	800096d8	30363293	sltiu	x5,x12,771	 x12:0x00000008  x5=0x00000000
     455385.000 ns	     45537	800096dc	02e635b3	mulhu	x11,x12,x14	 x12:0x105da6d0 x14:0x25709630 x11=0x0264bbae
     455405.000 ns	     45539	800096e0	01835c33	srl	x24,x6,x24	  x6:0x00000008 x24:0x00000001 x24=0x00000004
     455415.000 ns	     45540	800096e4	01b8fd33	and	x26,x17,x27	 x17:0x80040fe4 x27:0x00000000 x26=0x00000000
     455435.000 ns	     45542	800096e8	d012f653	fcvt.s.wu	f12,x5	  x5:0x00000000 f12=0x00000000
     455455.000 ns	     45544	800096ec	002d0a33	add	x20,x26,x2	 x26:0x00000000  x2:0x00000001 x20=0x00000001
     455495.000 ns	     45548	800096f0	0823f653	fsub.s	f12,f7,f2	  f7:0x4a2e0400  f2:0x00000000 f12=0x4a2e0400
     455525.000 ns	     45551	800096f4	a091a2d3	feq.s	x5,f3,f9	  f3:0x7f800000  f9:0x7f800000  x5=0x00000001
     455555.000 ns	     45554	800096f8	f0088653	fmv.w.x	f12,x17	 x17:0x80040fe4 f12=0x80040fe4
     455605.000 ns	     45559	800096fc	09f14ed3	fsub.s	f29,f2,f31	  f2:0x00000000 f31:0x00000000 f29=0x80000000
     455975.000 ns	     45596	80009700	02f35133	divu	x2,x6,x15	  x6:0x00000008 x15:0x400207f2  x2=0x00000000
     456005.000 ns	     45599	80009704	03c4d833	divu	x16,x9,x28	  x9:0x00000000 x28:0x00000000 x16=0xffffffff
     456025.000 ns	     45601	80009708	6ced1917	auipc	x18,0x6ced1	 x18=0xeceda708
     456045.000 ns	     45603	8000970c	a1b323d3	feq.s	x7,f6,f27	  f6:0x00000000 f27:0xbf800000  x7=0x00000000
     456065.000 ns	     45605	80009710	418457b3	sra	x15,x8,x24	  x8:0x00000000 x24:0x00000004 x15=0x00000000
     456085.000 ns	     45607	80009714	28bf09d3	fmin.s	f19,f30,f11	 f30:0x00041024 f11:0x7fc00000 f19=0x00041024
     456105.000 ns	     45609	80009718	002215b3	sll	x11,x4,x2	  x4:0x7ffbf024  x2:0x00000000 x11=0x7ffbf024
     456145.000 ns	     45613	8000971c	01f97cd3	fadd.s	f25,f18,f31	 f18:0x00000000 f31:0x00000000 f25=0x00000000
     456175.000 ns	     45616	80009720	d0027bd3	fcvt.s.w	f23,x4	  x4:0x7ffbf024 f23=0x4efff7e0
     456195.000 ns	     45618	80009724	40ded693	srai	x13,x29,0xd	 x29:0x00000469 x13=0x00000000
     456215.000 ns	     45620	80009728	28721753	fmax.s	f14,f4,f7	  f4:0x80000000  f7:0x4a2e0400 f14=0x4a2e0400
     456265.000 ns	     45625	8000972c	0039f853	fadd.s	f16,f19,f3	 f19:0x00041024  f3:0x7f800000 f16=0x7f800000
     456295.000 ns	     45628	80009730	216e0bd3	fsgnj.s	f23,f28,f22	 f28:0x4f000411 f22:0xff800000 f23=0xcf000411
     456325.000 ns	     45631	80009734	02678133	mul	x2,x15,x6	 x15:0x00000000  x6:0x00000008  x2=0x00000000
     456355.000 ns	     45634	80009738	c01d7653	fcvt.wu.s	x12,f26	 f26:0x4f000411 x12=0x80041100
     456385.000 ns	     45637	8000973c	284890d3	fmax.s	f1,f17,f4	 f17:0x7f800000  f4:0x80000000  f1=0x7f800000
     456405.000 ns	     45639	80009740	41a73493	sltiu	x9,x14,1050	 x14:0x25709630  x9=0x00000000
     456425.000 ns	     45641	80009744	a09e84d3	fle.s	x9,f29,f9	 f29:0x80000000  f9:0x7f800000  x9=0x00000001
     456445.000 ns	     45643	80009748	40bdd7b3	sra	x15,x27,x11	 x27:0x00000000 x11:0x7ffbf024 x15=0x00000000
     456455.000 ns	     45644	8000974c	95a35717	auipc	x14,0x95a35	 x14=0x15a3e74c
     456475.000 ns	     45646	80009750	c00c7153	fcvt.w.s	x2,f24	 f24:0x4d348000  x2=0x0b480000
     456505.000 ns	     45649	80009754	e00c0553	fmv.x.w	x10,f24	 f24:0x4d348000 x10=0x4d348000
     456525.000 ns	     45651	80009758	01886733	or	x14,x16,x24	 x16:0xffffffff x24:0x00000004 x14=0xffffffff
     456555.000 ns	     45654	8000975c	11382c53	fmul.s	f24,f16,f19	 f16:0x7f800000 f19:0x00041024 f24=0x7f800000
     456575.000 ns	     45656	80009760	0123cb17	auipc	x22,0x123c	 x22=0x81245760
     456595.000 ns	     45658	80009764	29b31453	fmax.s	f8,f6,f27	  f6:0x00000000 f27:0xbf800000  f8=0x00000000
     456625.000 ns	     45661	80009768	03ffaab3	mulhsu	x21,x31,x31	 x31:0x00000009 x31:0x00000009 x21=0x00000000
     456645.000 ns	     45663	8000976c	0062dd33	srl	x26,x5,x6	  x5:0x00000001  x6:0x00000008 x26=0x00000000
     456665.000 ns	     45665	80009770	02519a33	mulh	x20,x3,x5	  x3:0x80041024  x5:0x00000001 x20=0xffffffff
     456685.000 ns	     45667	80009774	05c88d93	addi	x27,x17,92	 x17:0x80040fe4 x27=0x80041040
     456695.000 ns	     45668	80009778	01a36cb3	or	x25,x6,x26	  x6:0x00000008 x26:0x00000000 x25=0x00000008
     456705.000 ns	     45669	8000977c	0177d113	srli	x2,x15,0x17	 x15:0x00000000  x2=0x00000000
     456725.000 ns	     45671	80009780	f00b8053	fmv.w.x	f0,x23	 x23:0x80041024  f0=0x80041024
     456745.000 ns	     45673	80009784	018e9093	slli	x1,x29,0x18	 x29:0x00000469  x1=0x69000000
     456755.000 ns	     45674	80009788	00b00c33	add	x24,x0,x11	  x0:0x00000000 x11:0x7ffbf024 x24=0x7ffbf024
     456765.000 ns	     45675	8000978c	01db7933	and	x18,x22,x29	 x22:0x81245760 x29:0x00000469 x18=0x00000460
     456775.000 ns	     45676	80009790	0092e3b3	or	x7,x5,x9	  x5:0x00000001  x9:0x00000001  x7=0x00000001
     456795.000 ns	     45678	80009794	d0087cd3	fcvt.s.w	f25,x16	 x16:0xffffffff f25=0xbf800000
     456815.000 ns	     45680	80009798	006444b3	xor	x9,x8,x6	  x8:0x00000000  x6:0x00000008  x9=0x00000008
     456825.000 ns	     45681	8000979c	0176c533	xor	x10,x13,x23	 x13:0x00000000 x23:0x80041024 x10=0x80041024
     456835.000 ns	     45682	800097a0	25494e93	xori	x29,x18,596	 x18:0x00000460 x29=0x00000634
     456855.000 ns	     45684	800097a4	f00f86d3	fmv.w.x	f13,x31	 x31:0x00000009 f13=0x00000009
     456885.000 ns	     45687	800097a8	e0020253	fmv.x.w	x4,f4	  f4:0x80000000  x4=0x80000000
     456915.000 ns	     45690	800097ac	0306beb3	mulhu	x29,x13,x16	 x13:0x00000000 x16:0xffffffff x29=0x00000000
     456945.000 ns	     45693	800097b0	0287ed33	rem	x26,x15,x8	 x15:0x00000000  x8:0x00000000 x26=0x00000000
     457315.000 ns	     45730	800097b4	02bbedb3	rem	x27,x23,x11	 x23:0x80041024 x11:0x7ffbf024 x27=0x80041024
     457345.000 ns	     45733	800097b8	021a1133	mulh	x2,x20,x1	 x20:0xffffffff  x1:0x69000000  x2=0xffffffff
     457375.000 ns	     45736	800097bc	d00072d3	fcvt.s.w	f5,x0	  x0:0x00000000  f5=0x00000000
     457395.000 ns	     45738	800097c0	704e4213	xori	x4,x28,1796	 x28:0x00000000  x4=0x00000704
     457415.000 ns	     45740	800097c4	a1009753	flt.s	x14,f1,f16	  f1:0x7f800000 f16:0x7f800000 x14=0x00000000
     457445.000 ns	     45743	800097c8	03f30733	mul	x14,x6,x31	  x6:0x00000008 x31:0x00000009 x14=0x00000048
     457475.000 ns	     45746	800097cc	d01f7bd3	fcvt.s.wu	f23,x30	 x30:0x00000000 f23=0x00000000
     457505.000 ns	     45749	800097d0	a19a1253	flt.s	x4,f20,f25	 f20:0xfffffffa f25:0xbf800000  x4=0x00000000
     457525.000 ns	     45751	800097d4	0037d013	srli	x0,x15,0x3	 x15:0x00000000
     457545.000 ns	     45753	800097d8	20cf0fd3	fsgnj.s	f31,f30,f12	 f30:0x00041024 f12:0x80040fe4 f31=0x80041024
     457575.000 ns	     45756	800097dc	202d9ed3	fsgnjn.s	f29,f27,f2	 f27:0xbf800000  f2:0x00000000 f29=0xbf800000
     457595.000 ns	     45758	800097e0	4157dd93	srai	x27,x15,0x15	 x15:0x00000000 x27=0x00000000
     457625.000 ns	     45761	800097e4	117b79d3	fmul.s	f19,f22,f23	 f22:0xff800000 f23:0x00000000 f19=0x7fc00000
     457655.000 ns	     45764	800097e8	03d12d33	mulhsu	x26,x2,x29	  x2:0xffffffff x29:0x00000000 x26=0x00000000
     457695.000 ns	     45768	800097ec	109cf4d3	fmul.s	f9,f25,f9	 f25:0xbf800000  f9:0x7f800000  f9=0xff800000
     457725.000 ns	     45771	800097f0	e00191d3	fclass.s	x3,f3	  f3:0x7f800000  x3=0x00000080
     457765.000 ns	     45775	800097f4	116678d3	fmul.s	f17,f12,f22	 f12:0x80040fe4 f22:0xff800000 f17=0x7f800000
     457785.000 ns	     45777	800097f8	01f549b3	xor	x19,x10,x31	 x10:0x80041024 x31:0x00000009 x19=0x8004102d
     457805.000 ns	     45779	800097fc	207ca1d3	fsgnjx.s	f3,f25,f7	 f25:0xbf800000  f7:0x4a2e0400  f3=0xbf800000
     457835.000 ns	     45782	80009800	a10c8d53	fle.s	x26,f25,f16	 f25:0xbf800000 f16:0x7f800000 x26=0x00000001
     457865.000 ns	     45785	80009804	212d0b53	fsgnj.s	f22,f26,f18	 f26:0x4f000411 f18:0x00000000 f22=0x4f000411
     457885.000 ns	     45787	80009808	0107cdb3	xor	x27,x15,x16	 x15:0x00000000 x16:0xffffffff x27=0xffffffff
     457895.000 ns	     45788	8000980c	40875993	srai	x19,x14,0x8	 x14:0x00000048 x19=0x00000000
     457915.000 ns	     45790	80009810	f00189d3	fmv.w.x	f19,x3	  x3:0x00000080 f19=0x00000080
     457965.000 ns	     45795	80009814	086df553	fsub.s	f10,f27,f6	 f27:0xbf800000  f6:0x00000000 f10=0xbf800000
     457995.000 ns	     45798	80009818	0331adb3	mulhsu	x27,x3,x19	  x3:0x00000080 x19:0x00000000 x27=0x00000000
     459175.000 ns	     45916	8000981c	580b7153	fsqrt.s	f2,f22	 f22:0x4f000411  f2=0x46b50a42
     459195.000 ns	     45918	80009820	003c93b3	sll	x7,x25,x3	 x25:0x00000008  x3:0x00000080  x7=0x00000008
     459205.000 ns	     45919	80009824	61428697	auipc	x13,0x61428	 x13=0xe1431824
     459215.000 ns	     45920	80009828	dd904a13	xori	x20,x0,-551	  x0:0x00000000 x20=0xfffffdd9
     459575.000 ns	     45956	8000982c	03995e33	divu	x28,x18,x25	 x18:0x00000460 x25:0x00000008 x28=0x0000008c
     459605.000 ns	     45959	80009830	a03d07d3	fle.s	x15,f26,f3	 f26:0x4f000411  f3:0xbf800000 x15=0x00000000
     459625.000 ns	     45961	80009834	41dd5d13	srai	x26,x26,0x1d	 x26:0x00000001 x26=0x00000000
     459665.000 ns	     45965	80009838	01e5f353	fadd.s	f6,f11,f30	 f11:0x7fc00000 f30:0x00041024  f6=0x7fc00000
     459715.000 ns	     45970	8000983c	08c32f53	fsub.s	f30,f6,f12	  f6:0x00000000 f12:0x80040fe4 f30=0x7fc00000
     459745.000 ns	     45973	80009840	028b0a33	mul	x20,x22,x8	 x22:0x81245760  x8:0x00000000 x20=0x00000000
     459775.000 ns	     45976	80009844	28221853	fmax.s	f16,f4,f2	  f4:0x80000000  f2:0x46b50a42 f16=0x46b50a42
     459815.000 ns	     45980	80009848	113ff8d3	fmul.s	f17,f31,f19	 f31:0x80041024 f19:0x00000080 f17=0x80000000
     459835.000 ns	     45982	8000984c	00d7f0b3	and	x1,x15,x13	 x15:0x00000000 x13:0xe1431824  x1=0x00000000
     459845.000 ns	     45983	80009850	0018e533	or	x10,x17,x1	 x17:0x80040fe4  x1:0x69000000 x10=0x80040fe4
     459865.000 ns	     45985	80009854	2029ad53	fsgnjx.s	f26,f19,f2	 f19:0x00000080  f2:0x46b50a42 f26=0x00000080
     459885.000 ns	     45987	80009858	004c57b3	srl	x15,x24,x4	 x24:0x7ffbf024  x4:0x00000000 x15=0x7ffbf024
     459905.000 ns	     45989	8000985c	28f714d3	fmax.s	f9,f14,f15	 f14:0x4a2e0400 f15:0x80000000  f9=0x4a2e0400
     459935.000 ns	     45992	80009860	d0072dd3	fcvt.s.w	f27,x14	 x14:0x00000048 f27=0x42900000
     459955.000 ns	     45994	80009864	00a4c033	xor	x0,x9,x10	  x9:0x00000008 x10:0x80040fe4
     459995.000 ns	     45998	80009868	098d7a53	fsub.s	f20,f26,f24	 f26:0x00000080 f24:0x7f800000 f20=0xff800000
     460015.000 ns	     46000	8000986c	00dbd433	srl	x8,x23,x13	 x23:0x80041024 x13:0xe1431824  x8=0x08004102
     460035.000 ns	     46002	80009870	0397b1b3	mulhu	x3,x15,x25	 x15:0x7ffbf024 x25:0x00000008  x3=0x00000003
     460055.000 ns	     46004	80009874	fcc470b7	lui	x1,0xfcc47	  x1=0xfcc47000
     460065.000 ns	     46005	80009878	00de1833	sll	x16,x28,x13	 x28:0x0000008c x13:0xe1431824 x16=0x000008c0
     460105.000 ns	     46009	8000987c	091efed3	fsub.s	f29,f29,f17	 f29:0xbf800000 f17:0x80000000 f29=0xbf800000
     460135.000 ns	     46012	80009880	20b29053	fsgnjn.s	f0,f5,f11	  f5:0x00000000 f11:0x7fc00000  f0=0x80000000
     460155.000 ns	     46014	80009884	01ead113	srli	x2,x21,0x1e	 x21:0x00000000  x2=0x00000000
     460175.000 ns	     46016	80009888	21e392d3	fsgnjn.s	f5,f7,f30	  f7:0x4a2e0400 f30:0x7fc00000  f5=0xca2e0400
     460195.000 ns	     46018	8000988c	014c5c33	srl	x24,x24,x20	 x24:0x7ffbf024 x20:0x00000000 x24=0x7ffbf024
     460215.000 ns	     46020	80009890	29610053	fmin.s	f0,f2,f22	  f2:0x46b50a42 f22:0x4f000411  f0=0x46b50a42
     460245.000 ns	     46023	80009894	d00173d3	fcvt.s.w	f7,x2	  x2:0x00000000  f7=0x00000000
     460265.000 ns	     46025	80009898	73c73513	sltiu	x10,x14,1852	 x14:0x00000048 x10=0x00000001
     460285.000 ns	     46027	8000989c	29650253	fmin.s	f4,f10,f22	 f10:0xbf800000 f22:0x4f000411  f4=0xbf800000
     460315.000 ns	     46030	800098a0	e00e0053	fmv.x.w	x0,f28	 f28:0x4f000411
     460345.000 ns	     46033	800098a4	28241bd3	fmax.s	f23,f8,f2	  f8:0x00000000  f2:0x46b50a42 f23=0x46b50a42
     460375.000 ns	     46036	800098a8	20922dd3	fsgnjx.s	f27,f4,f9	  f4:0xbf800000  f9:0x4a2e0400 f27=0xbf800000
     460395.000 ns	     46038	800098ac	4b839c17	auipc	x24,0x4b839	 x24=0xcb8428ac
     460435.000 ns	     46042	800098b0	0135ffd3	fadd.s	f31,f11,f19	 f11:0x7fc00000 f19:0x00000080 f31=0x7fc00000
     460475.000 ns	     46046	800098b4	10727653	fmul.s	f12,f4,f7	  f4:0xbf800000  f7:0x00000000 f12=0x80000000
     460505.000 ns	     46049	800098b8	c01f2653	fcvt.wu.s	x12,f30	 f30:0x7fc00000 x12=0xffffffff
     460525.000 ns	     46051	800098bc	01147b33	and	x22,x8,x17	  x8:0x08004102 x17:0x80040fe4 x22=0x00000100
     460535.000 ns	     46052	800098c0	01d3b0b3	sltu	x1,x7,x29	  x7:0x00000008 x29:0x00000000  x1=0x00000000
     460555.000 ns	     46054	800098c4	e00785d3	fmv.x.w	x11,f15	 f15:0x80000000 x11=0x80000000
     460925.000 ns	     46091	800098c8	02f3deb3	divu	x29,x7,x15	  x7:0x00000008 x15:0x7ffbf024 x29=0x00000000
     461295.000 ns	     46128	800098cc	02aa5833	divu	x16,x20,x10	 x20:0x00000000 x10:0x00000001 x16=0x00000000
     461315.000 ns	     46130	800098d0	00dd8db3	add	x27,x27,x13	 x27:0x00000000 x13:0xe1431824 x27=0xe1431824
     461335.000 ns	     46132	800098d4	e0081553	fclass.s	x10,f16	 f16:0x46b50a42 x10=0x00000040
     461365.000 ns	     46135	800098d8	20452c53	fsgnjx.s	f24,f10,f4	 f10:0xbf800000  f4:0xbf800000 f24=0x3f800000
     461395.000 ns	     46138	800098dc	03d60333	mul	x6,x12,x29	 x12:0xffffffff x29:0x00000000  x6=0x00000000
     461415.000 ns	     46140	800098e0	410f8db3	sub	x27,x31,x16	 x31:0x00000009 x16:0x00000000 x27=0x00000009
     461435.000 ns	     46142	800098e4	d00aa6d3	fcvt.s.w	f13,x21	 x21:0x00000000 f13=0x00000000
     461455.000 ns	     46144	800098e8	53aa9ab7	lui	x21,0x53aa9	 x21=0x53aa9000
     461475.000 ns	     46146	800098ec	211186d3	fsgnj.s	f13,f3,f17	  f3:0xbf800000 f17:0x80000000 f13=0xbf800000
     461845.000 ns	     46183	800098f0	03f25033	divu	x0,x4,x31	  x4:0x00000000 x31:0x00000009
     461875.000 ns	     46186	800098f4	20802cd3	fsgnjx.s	f25,f0,f8	  f0:0x46b50a42  f8:0x00000000 f25=0x46b50a42
     461895.000 ns	     46188	800098f8	00ab1d93	slli	x27,x22,0xa	 x22:0x00000100 x27=0x00040000
     461905.000 ns	     46189	800098fc	00d4d513	srli	x10,x9,0xd	  x9:0x00000008 x10=0x00000000
     461925.000 ns	     46191	80009900	a0519253	flt.s	x4,f3,f5	  f3:0xbf800000  f5:0xca2e0400  x4=0x00000000
     461955.000 ns	     46194	80009904	c017c6d3	fcvt.wu.s	x13,f15	 f15:0x80000000 x13=0x00000000
     461975.000 ns	     46196	80009908	014463b3	or	x7,x8,x20	  x8:0x08004102 x20:0x00000000  x7=0x08004102
     461995.000 ns	     46198	8000990c	02ae27b3	mulhsu	x15,x28,x10	 x28:0x0000008c x10:0x00000000 x15=0x00000000
     462035.000 ns	     46202	80009910	1173f5d3	fmul.s	f11,f7,f23	  f7:0x00000000 f23:0x46b50a42 f11=0x00000000
     462065.000 ns	     46205	80009914	28ac1853	fmax.s	f16,f24,f10	 f24:0x3f800000 f10:0xbf800000 f16=0x3f800000
     462085.000 ns	     46207	80009918	c051c513	xori	x10,x3,-1019	  x3:0x00000003 x10=0xfffffc06
     462445.000 ns	     46243	8000991c	03fe4233	div	x4,x28,x31	 x28:0x0000008c x31:0x00000009  x4=0x0000000f
     462475.000 ns	     46246	80009920	a13426d3	feq.s	x13,f8,f19	  f8:0x00000000 f19:0x00000080 x13=0x00000000
     462515.000 ns	     46250	80009924	58030d53	fsqrt.s	f26,f6	  f6:0x7fc00000 f26=0x7fc00000
     462535.000 ns	     46252	80009928	dad52a93	slti	x21,x10,-595	 x10:0xfffffc06 x21=0x00000001
     462555.000 ns	     46254	8000992c	280e9453	fmax.s	f8,f29,f0	 f29:0xbf800000  f0:0x46b50a42  f8=0x46b50a42
     462925.000 ns	     46291	80009930	02e456b3	divu	x13,x8,x14	  x8:0x08004102 x14:0x00000048 x13=0x001c72ae
     462955.000 ns	     46294	80009934	034579b3	remu	x19,x10,x20	 x10:0xfffffc06 x20:0x00000000 x19=0xfffffc06
     462975.000 ns	     46296	80009938	40980133	sub	x2,x16,x9	 x16:0x00000000  x9:0x00000008  x2=0xfffffff8
     462995.000 ns	     46298	8000993c	219626d3	fsgnjx.s	f13,f12,f25	 f12:0x80000000 f25:0x46b50a42 f13=0x80000000
     463015.000 ns	     46300	80009940	402cdf13	srai	x30,x25,0x2	 x25:0x00000008 x30=0x00000002
     463025.000 ns	     46301	80009944	01091d33	sll	x26,x18,x16	 x18:0x00000460 x16:0x00000000 x26=0x00000460
     463355.000 ns	     46334	80009948	190877d3	fdiv.s	f15,f16,f16	 f16:0x3f800000 f16:0x3f800000 f15=0x3f7fff38
     463375.000 ns	     46336	8000994c	7774e813	ori	x16,x9,1911	  x9:0x00000008 x16=0x0000077f
     463385.000 ns	     46337	80009950	ce873117	auipc	x2,0xce873	  x2=0x4e87c950
     463395.000 ns	     46338	80009954	00e81093	slli	x1,x16,0xe	 x16:0x00000000  x1=0x01dfc000
     463405.000 ns	     46339	80009958	313c2693	slti	x13,x24,787	 x24:0xcb8428ac x13=0x00000001
     463425.000 ns	     46341	8000995c	d00efa53	fcvt.s.w	f20,x29	 x29:0x00000000 f20=0x00000000
     463455.000 ns	     46344	80009960	21a798d3	fsgnjn.s	f17,f15,f26	 f15:0x3f7fff38 f26:0x7fc00000 f17=0xbf7fff38
     463505.000 ns	     46349	80009964	081dc053	fsub.s	f0,f27,f1	 f27:0xbf800000  f1:0x7f800000  f0=0xff800000
     463535.000 ns	     46352	80009968	e0001a53	fclass.s	x20,f0	  f0:0x46b50a42 x20=0x00000001
     463555.000 ns	     46354	8000996c	f6b72613	slti	x12,x14,-149	 x14:0x00000048 x12=0x00000000
     463565.000 ns	     46355	80009970	ff170593	addi	x11,x14,-15	 x14:0x00000048 x11=0x00000039
     463585.000 ns	     46357	80009974	a074ac53	feq.s	x24,f9,f7	  f9:0x4a2e0400  f7:0x00000000 x24=0x00000000
     463605.000 ns	     46359	80009978	0053b733	sltu	x14,x7,x5	  x7:0x08004102  x5:0x00000001 x14=0x00000000
     463625.000 ns	     46361	8000997c	d01e70d3	fcvt.s.wu	f1,x28	 x28:0x0000008c  f1=0x430c0000
     463655.000 ns	     46364	80009980	a11c0653	fle.s	x12,f24,f17	 f24:0x3f800000 f17:0xbf7fff38 x12=0x00000000
     464025.000 ns	     46401	80009984	028846b3	div	x13,x16,x8	 x16:0x0000077f  x8:0x08004102 x13=0x00000000
     464045.000 ns	     46403	80009988	401b5eb3	sra	x29,x22,x1	 x22:0x00000100  x1:0x01dfc000 x29=0x00000100
     464065.000 ns	     46405	8000998c	20489453	fsgnjn.s	f8,f17,f4	 f17:0xbf7fff38  f4:0xbf800000  f8=0x3f7fff38
     464095.000 ns	     46408	80009990	2061a953	fsgnjx.s	f18,f3,f6	  f3:0xbf800000  f6:0x7fc00000 f18=0xbf800000
     464135.000 ns	     46412	80009994	5805fb53	fsqrt.s	f22,f11	 f11:0x00000000 f22=0x00000000
     464165.000 ns	     46415	80009998	d000fc53	fcvt.s.w	f24,x1	  x1:0x01dfc000 f24=0x4befe000
     464185.000 ns	     46417	8000999c	42c4f813	andi	x16,x9,1068	  x9:0x00000008 x16=0x00000008
     464195.000 ns	     46418	800099a0	f49b3397	auipc	x7,0xf49b3	  x7=0x749bc9a0
     464205.000 ns	     46419	800099a4	00899533	sll	x10,x19,x8	 x19:0xfffffc06  x8:0x08004102 x10=0xfffff018
     464215.000 ns	     46420	800099a8	00a6d733	srl	x14,x13,x10	 x13:0x00000000 x10:0xfffffc06 x14=0x00000000
     464225.000 ns	     46421	800099ac	01a7eeb7	lui	x29,0x1a7e	 x29=0x01a7e000
     464235.000 ns	     46422	800099b0	01a41333	sll	x6,x8,x26	  x8:0x08004102 x26:0x00000460  x6=0x08004102
     464255.000 ns	     46424	800099b4	02e826b3	mulhsu	x13,x16,x14	 x16:0x00000008 x14:0x00000000 x13=0x00000000
     464285.000 ns	     46427	800099b8	20752dd3	fsgnjx.s	f27,f10,f7	 f10:0xbf800000  f7:0x00000000 f27=0xbf800000
     464305.000 ns	     46429	800099bc	01497ab3	and	x21,x18,x20	 x18:0x00000460 x20:0x00000001 x21=0x00000000
     464315.000 ns	     46430	800099c0	40cf5f13	srai	x30,x30,0xc	 x30:0x00000002 x30=0x00000000
     464345.000 ns	     46433	800099c4	580d95d3	fsqrt.s	f11,f27	 f27:0xbf800000 f11=0x7fc00000
     464395.000 ns	     46438	800099c8	08f39ed3	fsub.s	f29,f7,f15	  f7:0x00000000 f15:0x3f7fff38 f29=0xbf7fff38
     465275.000 ns	     46526	800099cc	5807f5d3	fsqrt.s	f11,f15	 f15:0x3f7fff38 f11=0x3f34fc10
     465305.000 ns	     46529	800099d0	281b0bd3	fmin.s	f23,f22,f1	 f22:0x00000000  f1:0x430c0000 f23=0x00000000
     465325.000 ns	     46531	800099d4	00000013	addi	x0,x0,0	  x0:0x00000000
     465335.000 ns	     46532	800099d8	00ea7233	and	x4,x20,x14	 x20:0x00000001 x14:0x00000000  x4=0x00000000
     465345.000 ns	     46533	800099dc	018842b3	xor	x5,x16,x24	 x16:0x00000008 x24:0x00000000  x5=0x00000008
     465365.000 ns	     46535	800099e0	284711d3	fmax.s	f3,f14,f4	 f14:0x4a2e0400  f4:0xbf800000  f3=0x4a2e0400
     465735.000 ns	     46572	800099e4	021ce3b3	rem	x7,x25,x1	 x25:0x00000008  x1:0x01dfc000  x7=0x00000008
     465755.000 ns	     46574	800099e8	012ced33	or	x26,x25,x18	 x25:0x00000008 x18:0x00000460 x26=0x00000468
     466115.000 ns	     46610	800099ec	029057b3	divu	x15,x0,x9	  x0:0x00000000  x9:0x00000008 x15=0x00000000
     466145.000 ns	     46613	800099f0	28fe1453	fmax.s	f8,f28,f15	 f28:0x4f000411 f15:0x3f7fff38  f8=0x4f000411
     466175.000 ns	     46616	800099f4	213c19d3	fsgnjn.s	f19,f24,f19	 f24:0x4befe000 f19:0x00000080 f19=0xcbefe000
     466205.000 ns	     46619	800099f8	28999453	fmax.s	f8,f19,f9	 f19:0x00000080  f9:0x4a2e0400  f8=0x4a2e0400
     466225.000 ns	     46621	800099fc	c9f6e613	ori	x12,x13,-865	 x13:0x00000000 x12=0xfffffc9f
     466265.000 ns	     46625	80009a00	01f3a653	fadd.s	f12,f7,f31	  f7:0x00000000 f31:0x7fc00000 f12=0x7fc00000
     466315.000 ns	     46630	80009a04	080e1553	fsub.s	f10,f28,f0	 f28:0x4f000411  f0:0xff800000 f10=0x7f800000
     466335.000 ns	     46632	80009a08	0bfd3993	sltiu	x19,x26,191	 x26:0x00000468 x19=0x00000000
     466355.000 ns	     46634	80009a0c	208701d3	fsgnj.s	f3,f14,f8	 f14:0x4a2e0400  f8:0x4a2e0400  f3=0x4a2e0400
     466405.000 ns	     46639	80009a10	081f71d3	fsub.s	f3,f30,f1	 f30:0x7fc00000  f1:0x430c0000  f3=0x7fc00000
     466425.000 ns	     46641	80009a14	014354b3	srl	x9,x6,x20	  x6:0x08004102 x20:0x00000001  x9=0x04002081
     466445.000 ns	     46643	80009a18	a032a7d3	feq.s	x15,f5,f3	  f5:0xca2e0400  f3:0x7fc00000 x15=0x00000000
     466475.000 ns	     46646	80009a1c	e0038153	fmv.x.w	x2,f7	  f7:0x00000000  x2=0x00000000
     466495.000 ns	     46648	80009a20	6a36b513	sltiu	x10,x13,1699	 x13:0x00000000 x10=0x00000001
     466515.000 ns	     46650	80009a24	e00a8353	fmv.x.w	x6,f21	 f21:0xff800000  x6=0xff800000
     466535.000 ns	     46652	80009a28	05456d93	ori	x27,x10,84	 x10:0xfffff018 x27=0x00000055
     466555.000 ns	     46654	80009a2c	a1a62153	feq.s	x2,f12,f26	 f12:0x7fc00000 f26:0x7fc00000  x2=0x00000000
     466575.000 ns	     46656	80009a30	01b94ab3	xor	x21,x18,x27	 x18:0x00000460 x27:0x00040000 x21=0x00000435
     466595.000 ns	     46658	80009a34	299b0653	fmin.s	f12,f22,f25	 f22:0x00000000 f25:0x46b50a42 f12=0x00000000
     466615.000 ns	     46660	80009a38	00f5f533	and	x10,x11,x15	 x11:0x00000039 x15:0x00000000 x10=0x00000000
     466625.000 ns	     46661	80009a3c	4d77bb13	sltiu	x22,x15,1239	 x15:0x00000000 x22=0x00000001
     466645.000 ns	     46663	80009a40	297b9ad3	fmax.s	f21,f23,f23	 f23:0x00000000 f23:0x00000000 f21=0x00000000
     466665.000 ns	     46665	80009a44	01caa2b3	slt	x5,x21,x28	 x21:0x00000435 x28:0x0000008c  x5=0x00000000
     466675.000 ns	     46666	80009a48	8bf87313	andi	x6,x16,-1857	 x16:0x00000008  x6=0x00000008
     466695.000 ns	     46668	80009a4c	d0061a53	fcvt.s.w	f20,x12	 x12:0xfffffc9f f20=0xc4584000
     466715.000 ns	     46670	80009a50	5d87f013	andi	x0,x15,1496	 x15:0x00000000
     466725.000 ns	     46671	80009a54	554af193	andi	x3,x21,1364	 x21:0x00000435  x3=0x00000414
     466735.000 ns	     46672	80009a58	006d5c13	srli	x24,x26,0x6	 x26:0x00000468 x24=0x00000011
     466745.000 ns	     46673	80009a5c	0021ccb3	xor	x25,x3,x2	  x3:0x00000003  x2:0x00000000 x25=0x00000414
     466755.000 ns	     46674	80009a60	000146b3	xor	x13,x2,x0	  x2:0x00000000  x0:0x00000000 x13=0x00000000
     466765.000 ns	     46675	80009a64	af1e6113	ori	x2,x28,-1295	 x28:0x0000008c  x2=0xfffffafd
     466775.000 ns	     46676	80009a68	00000013	addi	x0,x0,0	  x0:0x00000000
     466795.000 ns	     46678	80009a6c	03ffac33	mulhsu	x24,x31,x31	 x31:0x00000009 x31:0x00000009 x24=0x00000000
     466815.000 ns	     46680	80009a70	0aab4e93	xori	x29,x22,170	 x22:0x00000001 x29=0x000000ab
     466835.000 ns	     46682	80009a74	c0167dd3	fcvt.wu.s	x27,f12	 f12:0x00000000 x27=0x00000000
     466865.000 ns	     46685	80009a78	c01b7353	fcvt.wu.s	x6,f22	 f22:0x00000000  x6=0x00000000
     466895.000 ns	     46688	80009a7c	03803233	mulhu	x4,x0,x24	  x0:0x00000000 x24:0x00000000  x4=0x00000000
     466915.000 ns	     46690	80009a80	0099a6b3	slt	x13,x19,x9	 x19:0x00000000  x9:0x04002081 x13=0x00000001
     466935.000 ns	     46692	80009a84	203e1353	fsgnjn.s	f6,f28,f3	 f28:0x4f000411  f3:0x7fc00000  f6=0xcf000411
     466965.000 ns	     46695	80009a88	f0090bd3	fmv.w.x	f23,x18	 x18:0x00000460 f23=0x00000460
     466985.000 ns	     46697	80009a8c	01d3d6b3	srl	x13,x7,x29	  x7:0x00000008 x29:0x000000ab x13=0x00000000
     466995.000 ns	     46698	80009a90	01c123b3	slt	x7,x2,x28	  x2:0xfffffafd x28:0x0000008c  x7=0x00000001
     467355.000 ns	     46734	80009a94	03f5c633	div	x12,x11,x31	 x11:0x00000039 x31:0x00000009 x12=0x00000006
     467385.000 ns	     46737	80009a98	28641853	fmax.s	f16,f8,f6	  f8:0x4a2e0400  f6:0xcf000411 f16=0x4a2e0400
     467405.000 ns	     46739	80009a9c	013fd5b3	srl	x11,x31,x19	 x31:0x00000009 x19:0x00000000 x11=0x00000009
     467415.000 ns	     46740	80009aa0	0157c9b3	xor	x19,x15,x21	 x15:0x00000000 x21:0x00000435 x19=0x00000435
     467435.000 ns	     46742	80009aa4	c0073d53	fcvt.w.s	x26,f14	 f14:0x4a2e0400 x26=0x002b8100
     467455.000 ns	     46744	80009aa8	0001d613	srli	x12,x3,0x0	  x3:0x00000414 x12=0x00000414
     467465.000 ns	     46745	80009aac	00b0deb3	srl	x29,x1,x11	  x1:0x01dfc000 x11:0x00000009 x29=0x0000efe0
     467505.000 ns	     46749	80009ab0	01e23ed3	fadd.s	f29,f4,f30	  f4:0xbf800000 f30:0x7fc00000 f29=0x7fc00000
     467545.000 ns	     46753	80009ab4	5808add3	fsqrt.s	f27,f17	 f17:0xbf7fff38 f27=0x7fc00000
     467565.000 ns	     46755	80009ab8	d1f26093	ori	x1,x4,-737	  x4:0x00000000  x1=0xfffffd1f
     467585.000 ns	     46757	80009abc	a0449cd3	flt.s	x25,f9,f4	  f9:0x4a2e0400  f4:0xbf800000 x25=0x00000000
     467625.000 ns	     46761	80009ac0	186df9d3	fdiv.s	f19,f27,f6	 f27:0x7fc00000  f6:0xcf000411 f19=0x7fc00000
     467645.000 ns	     46763	80009ac4	94d0c637	lui	x12,0x94d0c	 x12=0x94d0c000
     467655.000 ns	     46764	80009ac8	01e9ef33	or	x30,x19,x30	 x19:0x00000435 x30:0x00000000 x30=0x00000435
     467665.000 ns	     46765	80009acc	2bcec837	lui	x16,0x2bcec	 x16=0x2bcec000
     467675.000 ns	     46766	80009ad0	00dcdeb3	srl	x29,x25,x13	 x25:0x00000000 x13:0x00000000 x29=0x00000000
     467685.000 ns	     46767	80009ad4	00faaa33	slt	x20,x21,x15	 x21:0x00000435 x15:0x00000000 x20=0x00000000
     467705.000 ns	     46769	80009ad8	206a0553	fsgnj.s	f10,f20,f6	 f20:0xc4584000  f6:0xcf000411 f10=0xc4584000
     467725.000 ns	     46771	80009adc	003a87b3	add	x15,x21,x3	 x21:0x00000435  x3:0x00000414 x15=0x00000849
     467745.000 ns	     46773	80009ae0	e00c1053	fclass.s	x0,f24	 f24:0x4befe000
     467775.000 ns	     46776	80009ae4	a154a953	feq.s	x18,f9,f21	  f9:0x4a2e0400 f21:0x00000000 x18=0x00000000
     468145.000 ns	     46813	80009ae8	02924633	div	x12,x4,x9	  x4:0x00000000  x9:0x04002081 x12=0x00000000
     468165.000 ns	     46815	80009aec	4192d413	srai	x8,x5,0x19	  x5:0x00000000  x8=0x00000000
     468185.000 ns	     46817	80009af0	d007fb53	fcvt.s.w	f22,x15	 x15:0x00000849 f22=0x45049000
     468215.000 ns	     46820	80009af4	c00b7853	fcvt.w.s	x16,f22	 f22:0x00000000 x16=0x00000849
     468245.000 ns	     46823	80009af8	d00dcb53	fcvt.s.w	f22,x27	 x27:0x00000000 f22=0x00000000
     468265.000 ns	     46825	80009afc	41865713	srai	x14,x12,0x18	 x12:0x00000000 x14=0x00000000
     468275.000 ns	     46826	80009b00	c925b597	auipc	x11,0xc925b	 x11=0x49264b00
     468295.000 ns	     46828	80009b04	03602b33	mulhsu	x22,x0,x22	  x0:0x00000000 x22:0x00000001 x22=0x00000000
     468315.000 ns	     46830	80009b08	014c9833	sll	x16,x25,x20	 x25:0x00000000 x20:0x00000000 x16=0x00000000
     468325.000 ns	     46831	80009b0c	01b98533	add	x10,x19,x27	 x19:0x00000435 x27:0x00000000 x10=0x00000435
     468345.000 ns	     46833	80009b10	03d47ab3	remu	x21,x8,x29	  x8:0x00000000 x29:0x00000000 x21=0x00000000
     468375.000 ns	     46836	80009b14	29a58a53	fmin.s	f20,f11,f26	 f11:0x3f34fc10 f26:0x7fc00000 f20=0x3f34fc10
     468405.000 ns	     46839	80009b18	21750d53	fsgnj.s	f26,f10,f23	 f10:0xc4584000 f23:0x00000460 f26=0x44584000
     468425.000 ns	     46841	80009b1c	00bb9c33	sll	x24,x23,x11	 x23:0x80041024 x11:0x49264b00 x24=0x80041024
     468445.000 ns	     46843	80009b20	036bde33	divu	x28,x23,x22	 x23:0x80041024 x22:0x00000000 x28=0xffffffff
     468465.000 ns	     46845	80009b24	86560593	addi	x11,x12,-1947	 x12:0x00000000 x11=0xfffff865
     468825.000 ns	     46881	80009b28	03fdd7b3	divu	x15,x27,x31	 x27:0x00000000 x31:0x00000009 x15=0x00000000
     468855.000 ns	     46884	80009b2c	d016f053	fcvt.s.wu	f0,x13	 x13:0x00000000  f0=0x00000000
     469225.000 ns	     46921	80009b30	02b2c2b3	div	x5,x5,x11	  x5:0x00000000 x11:0xfffff865  x5=0x00000000
     469245.000 ns	     46923	80009b34	00a56db3	or	x27,x10,x10	 x10:0x00000435 x10:0x00000435 x27=0x00000435
     469255.000 ns	     46924	80009b38	0c6b8397	auipc	x7,0xc6b8	  x7=0x8c6c1b38
     469265.000 ns	     46925	80009b3c	41ea5093	srai	x1,x20,0x1e	 x20:0x00000000  x1=0x00000000
     469295.000 ns	     46928	80009b40	10997353	fmul.s	f6,f18,f9	 f18:0xbf800000  f9:0x4a2e0400  f6=0xca2e0400
     469315.000 ns	     46930	80009b44	012874b3	and	x9,x16,x18	 x16:0x00000000 x18:0x00000000  x9=0x00000000
     469335.000 ns	     46932	80009b48	c0078353	fcvt.w.s	x6,f15	 f15:0x3f7fff38  x6=0x00000001
     469385.000 ns	     46937	80009b4c	08941b53	fsub.s	f22,f8,f9	  f8:0x4a2e0400  f9:0x4a2e0400 f22=0x80000000
     469415.000 ns	     46940	80009b50	282f0d53	fmin.s	f26,f30,f2	 f30:0x7fc00000  f2:0x46b50a42 f26=0x46b50a42
     469435.000 ns	     46942	80009b54	013e8f33	add	x30,x29,x19	 x29:0x00000000 x19:0x00000435 x30=0x00000435
     469445.000 ns	     46943	80009b58	82bb0913	addi	x18,x22,-2005	 x22:0x00000000 x18=0xfffff82b
     469475.000 ns	     46946	80009b5c	5802ff53	fsqrt.s	f30,f5	  f5:0xca2e0400 f30=0x7fc00000
     469505.000 ns	     46949	80009b60	29750bd3	fmin.s	f23,f10,f23	 f10:0xc4584000 f23:0x00000460 f23=0xc4584000
     469555.000 ns	     46954	80009b64	00bffdd3	fadd.s	f27,f31,f11	 f31:0x7fc00000 f11:0x3f34fc10 f27=0x7fc00000
     469585.000 ns	     46957	80009b68	d0151ed3	fcvt.s.wu	f29,x10	 x10:0x00000435 f29=0x4486a000
     469615.000 ns	     46960	80009b6c	21ebaed3	fsgnjx.s	f29,f23,f30	 f23:0xc4584000 f30:0x7fc00000 f29=0xc4584000
     469645.000 ns	     46963	80009b70	e00896d3	fclass.s	x13,f17	 f17:0xbf7fff38 x13=0x00000002
     469675.000 ns	     46966	80009b74	a18d0753	fle.s	x14,f26,f24	 f26:0x46b50a42 f24:0x4befe000 x14=0x00000001
     469725.000 ns	     46971	80009b78	002dcad3	fadd.s	f21,f27,f2	 f27:0x7fc00000  f2:0x46b50a42 f21=0x7fc00000
     469745.000 ns	     46973	80009b7c	01ad46b3	xor	x13,x26,x26	 x26:0x002b8100 x26:0x002b8100 x13=0x00000000
     469785.000 ns	     46977	80009b80	009c07d3	fadd.s	f15,f24,f9	 f24:0x4befe000  f9:0x4a2e0400 f15=0x4c02d040
     469805.000 ns	     46979	80009b84	006dd413	srli	x8,x27,0x6	 x27:0x00000435  x8=0x00000010
     469825.000 ns	     46981	80009b88	02d72433	mulhsu	x8,x14,x13	 x14:0x00000001 x13:0x00000000  x8=0x00000000
     469855.000 ns	     46984	80009b8c	c0140c53	fcvt.wu.s	x24,f8	  f8:0x4a2e0400 x24=0x002b8100
     469885.000 ns	     46987	80009b90	03451333	mulh	x6,x10,x20	 x10:0x00000435 x20:0x00000000  x6=0x00000000
     469905.000 ns	     46989	80009b94	094ba313	slti	x6,x23,148	 x23:0x80041024  x6=0x00000001
     469925.000 ns	     46991	80009b98	02f52ab3	mulhsu	x21,x10,x15	 x10:0x00000435 x15:0x00000000 x21=0x00000000
     469945.000 ns	     46993	80009b9c	00d55533	srl	x10,x10,x13	 x10:0x00000435 x13:0x00000000 x10=0x00000435
     469965.000 ns	     46995	80009ba0	f0018053	fmv.w.x	f0,x3	  x3:0x00000414  f0=0x00000414
     469985.000 ns	     46997	80009ba4	011e61b3	or	x3,x28,x17	 x28:0xffffffff x17:0x80040fe4  x3=0xffffffff
     470005.000 ns	     46999	80009ba8	a1a324d3	feq.s	x9,f6,f26	  f6:0xca2e0400 f26:0x46b50a42  x9=0x00000000
     470035.000 ns	     47002	80009bac	a1af8ed3	fle.s	x29,f31,f26	 f31:0x7fc00000 f26:0x46b50a42 x29=0x00000000
     470055.000 ns	     47004	80009bb0	0df86c13	ori	x24,x16,223	 x16:0x00000000 x24=0x000000df
     470065.000 ns	     47005	80009bb4	3c406f13	ori	x30,x0,964	  x0:0x00000000 x30=0x000003c4
     470395.000 ns	     47038	80009bb8	19977b53	fdiv.s	f22,f14,f25	 f14:0x4a2e0400 f25:0x46b50a42 f22=0x42c1350a
     470415.000 ns	     47040	80009bbc	7985fe93	andi	x29,x11,1944	 x11:0xfffff865 x29=0x00000000
     470425.000 ns	     47041	80009bc0	03387493	andi	x9,x16,51	 x16:0x00000000  x9=0x00000000
     470445.000 ns	     47043	80009bc4	21b09ed3	fsgnjn.s	f29,f1,f27	  f1:0x430c0000 f27:0x7fc00000 f29=0xc30c0000
     470815.000 ns	     47080	80009bc8	02efe233	rem	x4,x31,x14	 x31:0x00000009 x14:0x00000001  x4=0x00000000
     470855.000 ns	     47084	80009bcc	19df7253	fdiv.s	f4,f30,f29	 f30:0x7fc00000 f29:0xc30c0000  f4=0x7fc00000
     470885.000 ns	     47087	80009bd0	d01b7ad3	fcvt.s.wu	f21,x22	 x22:0x00000000 f21=0x00000000
     470905.000 ns	     47089	80009bd4	4cb6bd13	sltiu	x26,x13,1227	 x13:0x00000000 x26=0x00000001
     470915.000 ns	     47090	80009bd8	22490913	addi	x18,x18,548	 x18:0xfffff82b x18=0xfffffa4f
     470935.000 ns	     47092	80009bdc	e0029653	fclass.s	x12,f5	  f5:0xca2e0400 x12=0x00000002
     470955.000 ns	     47094	80009be0	00199cb3	sll	x25,x19,x1	 x19:0x00000435  x1:0x00000000 x25=0x00000435
     471285.000 ns	     47127	80009be4	18817e53	fdiv.s	f28,f2,f8	  f2:0x46b50a42  f8:0x4a2e0400 f28=0x3bb50a42
     471305.000 ns	     47129	80009be8	38c5f493	andi	x9,x11,908	 x11:0xfffff865  x9=0x00000004
     471315.000 ns	     47130	80009bec	01bf9533	sll	x10,x31,x27	 x31:0x00000009 x27:0x00000435 x10=0x01200000
     471325.000 ns	     47131	80009bf0	4076d033	sra	x0,x13,x7	 x13:0x00000000  x7:0x8c6c1b38
     471335.000 ns	     47132	80009bf4	0171fcb3	and	x25,x3,x23	  x3:0xffffffff x23:0x80041024 x25=0x80041024
     471355.000 ns	     47134	80009bf8	20959ad3	fsgnjn.s	f21,f11,f9	 f11:0x3f34fc10  f9:0x4a2e0400 f21=0xbf34fc10
     471375.000 ns	     47136	80009bfc	00000013	addi	x0,x0,0	  x0:0x00000000
     471395.000 ns	     47138	80009c00	28e39c53	fmax.s	f24,f7,f14	  f7:0x00000000 f14:0x4a2e0400 f24=0x4a2e0400
     471425.000 ns	     47141	80009c04	03c629b3	mulhsu	x19,x12,x28	 x12:0x00000002 x28:0xffffffff x19=0x00000001
     471445.000 ns	     47143	80009c08	3d462c13	slti	x24,x12,980	 x12:0x00000002 x24=0x00000001
     471455.000 ns	     47144	80009c0c	13ba8e13	addi	x28,x21,315	 x21:0x00000000 x28=0x0000013b
     471465.000 ns	     47145	80009c10	01a08a33	add	x20,x1,x26	  x1:0x00000000 x26:0x00000001 x20=0x00000001
     471825.000 ns	     47181	80009c14	031bf3b3	remu	x7,x23,x17	 x23:0x80041024 x17:0x80040fe4  x7=0x00000040
     471855.000 ns	     47184	80009c18	286b1053	fmax.s	f0,f22,f6	 f22:0x42c1350a  f6:0xca2e0400  f0=0x42c1350a
     472225.000 ns	     47221	80009c1c	0343c133	div	x2,x7,x20	  x7:0x00000040 x20:0x00000001  x2=0x00000040
     472595.000 ns	     47258	80009c20	03775cb3	divu	x25,x14,x23	 x14:0x00000001 x23:0x80041024 x25=0x00000000
     472625.000 ns	     47261	80009c24	a13eacd3	feq.s	x25,f29,f19	 f29:0xc30c0000 f19:0x7fc00000 x25=0x00000000
     472645.000 ns	     47263	80009c28	40015c33	sra	x24,x2,x0	  x2:0x00000040  x0:0x00000000 x24=0x00000040
     472665.000 ns	     47265	80009c2c	02456333	rem	x6,x10,x4	 x10:0x01200000  x4:0x00000000  x6=0x01200000
     472695.000 ns	     47268	80009c30	e00d0853	fmv.x.w	x16,f26	 f26:0x46b50a42 x16=0x46b50a42
     472735.000 ns	     47272	80009c34	183879d3	fdiv.s	f19,f16,f3	 f16:0x4a2e0400  f3:0x7fc00000 f19=0x7fc00000
     472765.000 ns	     47275	80009c38	21609a53	fsgnjn.s	f20,f1,f22	  f1:0x430c0000 f22:0x42c1350a f20=0xc30c0000
     472795.000 ns	     47278	80009c3c	210e1853	fsgnjn.s	f16,f28,f16	 f28:0x3bb50a42 f16:0x4a2e0400 f16=0xbbb50a42
     472825.000 ns	     47281	80009c40	c018f1d3	fcvt.wu.s	x3,f17	 f17:0xbf7fff38  x3=0x00000000
     472845.000 ns	     47283	80009c44	00000013	addi	x0,x0,0	  x0:0x00000000
     472855.000 ns	     47284	80009c48	11f08493	addi	x9,x1,287	  x1:0x00000000  x9=0x0000011f
     472865.000 ns	     47285	80009c4c	44962413	slti	x8,x12,1097	 x12:0x00000002  x8=0x00000001
     472875.000 ns	     47286	80009c50	8fdab593	sltiu	x11,x21,-1795	 x21:0x00000000 x11=0x00000001
     472895.000 ns	     47288	80009c54	a1cc94d3	flt.s	x9,f25,f28	 f25:0x46b50a42 f28:0x3bb50a42  x9=0x00000000
     472915.000 ns	     47290	80009c58	278ef213	andi	x4,x29,632	 x29:0x00000000  x4=0x00000000
     472935.000 ns	     47292	80009c5c	02fac1b3	div	x3,x21,x15	 x21:0x00000000 x15:0x00000000  x3=0xffffffff
     472955.000 ns	     47294	80009c60	00275b13	srli	x22,x14,0x2	 x14:0x00000001 x22=0x00000000
     472965.000 ns	     47295	80009c64	f6f07493	andi	x9,x0,-145	  x0:0x00000000  x9=0x00000000
     472985.000 ns	     47297	80009c68	209ca453	fsgnjx.s	f8,f25,f9	 f25:0x46b50a42  f9:0x4a2e0400  f8=0x46b50a42
     473005.000 ns	     47299	80009c6c	0093b833	sltu	x16,x7,x9	  x7:0x00000040  x9:0x00000000 x16=0x00000000
     473025.000 ns	     47301	80009c70	20419c53	fsgnjn.s	f24,f3,f4	  f3:0x7fc00000  f4:0x7fc00000 f24=0xffc00000
     473055.000 ns	     47304	80009c74	212b19d3	fsgnjn.s	f19,f22,f18	 f22:0x42c1350a f18:0xbf800000 f19=0x42c1350a
     473075.000 ns	     47306	80009c78	01737eb3	and	x29,x6,x23	  x6:0x01200000 x23:0x80041024 x29=0x00000000
     473095.000 ns	     47308	80009c7c	03a9bb33	mulhu	x22,x19,x26	 x19:0x00000001 x26:0x00000001 x22=0x00000000
     473125.000 ns	     47311	80009c80	02923133	mulhu	x2,x4,x9	  x4:0x00000000  x9:0x00000000  x2=0x00000000
     473145.000 ns	     47313	80009c84	064f0713	addi	x14,x30,100	 x30:0x000003c4 x14=0x00000428
     473165.000 ns	     47315	80009c88	02a68b33	mul	x22,x13,x10	 x13:0x00000000 x10:0x01200000 x22=0x00000000
     473195.000 ns	     47318	80009c8c	a10782d3	fle.s	x5,f15,f16	 f15:0x4c02d040 f16:0xbbb50a42  x5=0x00000000
     473215.000 ns	     47320	80009c90	a247f493	andi	x9,x15,-1500	 x15:0x00000000  x9=0x00000000
     473225.000 ns	     47321	80009c94	00359613	slli	x12,x11,0x3	 x11:0x00000001 x12=0x00000008
     474395.000 ns	     47438	80009c98	580b1c53	fsqrt.s	f24,f22	 f22:0x42c1350a f24=0x411d4262
     475575.000 ns	     47556	80009c9c	580c35d3	fsqrt.s	f11,f24	 f24:0xffc00000 f11=0x3fde655a
     475605.000 ns	     47559	80009ca0	a0f199d3	flt.s	x19,f3,f15	  f3:0x7fc00000 f15:0x4c02d040 x19=0x00000000
     475635.000 ns	     47562	80009ca4	a13110d3	flt.s	x1,f2,f19	  f2:0x46b50a42 f19:0x42c1350a  x1=0x00000000
     476005.000 ns	     47599	80009ca8	03a1d7b3	divu	x15,x3,x26	  x3:0xffffffff x26:0x00000001 x15=0xffffffff
     476345.000 ns	     47633	80009cac	1978f053	fdiv.s	f0,f17,f23	 f17:0xbf7fff38 f23:0xc4584000  f0=0x3af850ac
     476365.000 ns	     47635	80009cb0	0158ed33	or	x26,x17,x21	 x17:0x80040fe4 x21:0x00000000 x26=0x80040fe4
     476385.000 ns	     47637	80009cb4	03053db3	mulhu	x27,x10,x16	 x10:0x01200000 x16:0x00000000 x27=0x00000000
     476755.000 ns	     47674	80009cb8	03eafdb3	remu	x27,x21,x30	 x21:0x00000000 x30:0x000003c4 x27=0x00000000
     477125.000 ns	     47711	80009cbc	02a97eb3	remu	x29,x18,x10	 x18:0xfffffa4f x10:0x01200000 x29=0x009ffa4f
     477145.000 ns	     47713	80009cc0	006bd593	srli	x11,x23,0x6	 x23:0x80041024 x11=0x02001040
     477155.000 ns	     47714	80009cc4	00539913	slli	x18,x7,0x5	  x7:0x00000040 x18=0x00000800
     477165.000 ns	     47715	80009cc8	00fc9413	slli	x8,x25,0xf	 x25:0x00000000  x8=0x00000000
     477175.000 ns	     47716	80009ccc	0096a733	slt	x14,x13,x9	 x13:0x00000000  x9:0x00000000 x14=0x00000000
     477185.000 ns	     47717	80009cd0	011f64b3	or	x9,x30,x17	 x30:0x000003c4 x17:0x80040fe4  x9=0x80040fe4
     477195.000 ns	     47718	80009cd4	00dd3533	sltu	x10,x26,x13	 x26:0x80040fe4 x13:0x00000000 x10=0x00000000
     477215.000 ns	     47720	80009cd8	f0070053	fmv.w.x	f0,x14	 x14:0x00000000  f0=0x00000000
     477245.000 ns	     47723	80009cdc	29e08753	fmin.s	f14,f1,f30	  f1:0x430c0000 f30:0x7fc00000 f14=0x430c0000
     477615.000 ns	     47760	80009ce0	038f5133	divu	x2,x30,x24	 x30:0x000003c4 x24:0x00000040  x2=0x0000000f
     477635.000 ns	     47762	80009ce4	00000013	addi	x0,x0,0	  x0:0x00000000
     477655.000 ns	     47764	80009ce8	a0ae2953	feq.s	x18,f28,f10	 f28:0x3bb50a42 f10:0xc4584000 x18=0x00000000
     477675.000 ns	     47766	80009cec	40f3d6b3	sra	x13,x7,x15	  x7:0x00000040 x15:0xffffffff x13=0x00000000
     477685.000 ns	     47767	80009cf0	417ad1b3	sra	x3,x21,x23	 x21:0x00000000 x23:0x80041024  x3=0x00000000
     477725.000 ns	     47771	80009cf4	0919fcd3	fsub.s	f25,f19,f17	 f19:0x42c1350a f17:0xbf7fff38 f25=0x42c33508
     477745.000 ns	     47773	80009cf8	00c99b13	slli	x22,x19,0xc	 x19:0x00000000 x22=0x00000000
     477765.000 ns	     47775	80009cfc	028a3033	mulhu	x0,x20,x8	 x20:0x00000001  x8:0x00000000
     477795.000 ns	     47778	80009d00	d016f453	fcvt.s.wu	f8,x13	 x13:0x00000000  f8=0x00000000
     477825.000 ns	     47781	80009d04	2128add3	fsgnjx.s	f27,f17,f18	 f17:0xbf7fff38 f18:0xbf800000 f27=0x3f7fff38
     477855.000 ns	     47784	80009d08	284c8ed3	fmin.s	f29,f25,f4	 f25:0x42c33508  f4:0x7fc00000 f29=0x42c33508
     478225.000 ns	     47821	80009d0c	02b75eb3	divu	x29,x14,x11	 x14:0x00000000 x11:0x02001040 x29=0x00000000
     478245.000 ns	     47823	80009d10	01eb9a33	sll	x20,x23,x30	 x23:0x80041024 x30:0x000003c4 x20=0x00410240
     478255.000 ns	     47824	80009d14	41220a33	sub	x20,x4,x18	  x4:0x00000000 x18:0x00000000 x20=0x00000000
     478615.000 ns	     47860	80009d18	02fe4eb3	div	x29,x28,x15	 x28:0x0000013b x15:0xffffffff x29=0xfffffec5
     479795.000 ns	     47978	80009d1c	5809f2d3	fsqrt.s	f5,f19	 f19:0x42c1350a  f5=0x411d4262
     479815.000 ns	     47980	80009d20	01a961b3	or	x3,x18,x26	 x18:0x00000000 x26:0x80040fe4  x3=0x80040fe4
     479855.000 ns	     47984	80009d24	00097cd3	fadd.s	f25,f18,f0	 f18:0xbf800000  f0:0x00000000 f25=0xbf800000
     479875.000 ns	     47986	80009d28	bab10d13	addi	x26,x2,-1109	  x2:0x0000000f x26=0xfffffbba
     479885.000 ns	     47987	80009d2c	32e43513	sltiu	x10,x8,814	  x8:0x00000000 x10=0x00000001
     479905.000 ns	     47989	80009d30	21f69fd3	fsgnjn.s	f31,f13,f31	 f13:0x80000000 f31:0x7fc00000 f31=0x80000000
     479945.000 ns	     47993	80009d34	109a02d3	fmul.s	f5,f20,f9	 f20:0xc30c0000  f9:0x4a2e0400  f5=0xcdbe5460
     479965.000 ns	     47995	80009d38	06b4e813	ori	x16,x9,107	  x9:0x80040fe4 x16=0x80040fef
     479985.000 ns	     47997	80009d3c	213c9353	fsgnjn.s	f6,f25,f19	 f25:0xbf800000 f19:0x42c1350a  f6=0xbf800000
     480005.000 ns	     47999	80009d40	01475733	srl	x14,x14,x20	 x14:0x00000000 x20:0x00000000 x14=0x00000000
     481175.000 ns	     48116	80009d44	580b73d3	fsqrt.s	f7,f22	 f22:0x42c1350a  f7=0x411d4262
     481205.000 ns	     48119	80009d48	02d7e5b3	rem	x11,x15,x13	 x15:0xffffffff x13:0x00000000 x11=0xffffffff
     481235.000 ns	     48122	80009d4c	03fd3933	mulhu	x18,x26,x31	 x26:0xfffffbba x31:0x00000009 x18=0x00000008
     481255.000 ns	     48124	80009d50	42bfb093	sltiu	x1,x31,1067	 x31:0x00000009  x1=0x00000001
     481265.000 ns	     48125	80009d54	20613c97	auipc	x25,0x20613	 x25=0xa061cd54
     481275.000 ns	     48126	80009d58	01951a33	sll	x20,x10,x25	 x10:0x00000001 x25:0x00000000 x20=0x00100000
     481315.000 ns	     48130	80009d5c	00628653	fadd.s	f12,f5,f6	  f5:0xcdbe5460  f6:0xbf800000 f12=0xcdbe5460
     481345.000 ns	     48133	80009d60	02663633	mulhu	x12,x12,x6	 x12:0x00000008  x6:0x01200000 x12=0x00000000
     481395.000 ns	     48138	80009d64	01963853	fadd.s	f16,f12,f25	 f12:0xcdbe5460 f25:0xbf800000 f16=0xcdbe5460
     481425.000 ns	     48141	80009d68	d00470d3	fcvt.s.w	f1,x8	  x8:0x00000000  f1=0x00000000
     481445.000 ns	     48143	80009d6c	01a22433	slt	x8,x4,x26	  x4:0x00000000 x26:0xfffffbba  x8=0x00000000
     481455.000 ns	     48144	80009d70	00229b13	slli	x22,x5,0x2	  x5:0x00000000 x22=0x00000000
     481465.000 ns	     48145	80009d74	01993db3	sltu	x27,x18,x25	 x18:0x00000008 x25:0xa061cd54 x27=0x00000001
     481485.000 ns	     48147	80009d78	201e92d3	fsgnjn.s	f5,f29,f1	 f29:0x42c33508  f1:0x00000000  f5=0xc2c33508
     481505.000 ns	     48149	80009d7c	3be28a37	lui	x20,0x3be28	 x20=0x3be28000
     481515.000 ns	     48150	80009d80	409559b3	sra	x19,x10,x9	 x10:0x00000001  x9:0x80040fe4 x19=0x00000000
     481535.000 ns	     48152	80009d84	d0167dd3	fcvt.s.wu	f27,x12	 x12:0x00000000 f27=0x00000000
     481555.000 ns	     48154	80009d88	926b0993	addi	x19,x22,-1754	 x22:0x00000000 x19=0xfffff926
     481575.000 ns	     48156	80009d8c	027a31b3	mulhu	x3,x20,x7	 x20:0x3be28000  x7:0x00000040  x3=0x0000000e
     481595.000 ns	     48158	80009d90	01be9513	slli	x10,x29,0x1b	 x29:0xfffffec5 x10=0x28000000
     481955.000 ns	     48194	80009d94	02114e33	div	x28,x2,x1	  x2:0x0000000f  x1:0x00000001 x28=0x0000000f
     481975.000 ns	     48196	80009d98	81d17137	lui	x2,0x81d17	  x2=0x81d17000
     481985.000 ns	     48197	80009d9c	c2a33793	sltiu	x15,x6,-982	  x6:0x01200000 x15=0x00000001
     482005.000 ns	     48199	80009da0	a0adacd3	feq.s	x25,f27,f10	 f27:0x00000000 f10:0xc4584000 x25=0x00000000
     482025.000 ns	     48201	80009da4	b5c2c493	xori	x9,x5,-1188	  x5:0x00000000  x9=0xfffffb5c
     482035.000 ns	     48202	80009da8	5a342a93	slti	x21,x8,1443	  x8:0x00000000 x21=0x00000001
     482055.000 ns	     48204	80009dac	03ba8b33	mul	x22,x21,x27	 x21:0x00000000 x27:0x00000001 x22=0x00000001
     482075.000 ns	     48206	80009db0	678b3513	sltiu	x10,x22,1656	 x22:0x00000000 x10=0x00000001
     482095.000 ns	     48208	80009db4	a1b609d3	fle.s	x19,f12,f27	 f12:0xcdbe5460 f27:0x00000000 x19=0x00000001
     482125.000 ns	     48211	80009db8	023d0eb3	mul	x29,x26,x3	 x26:0xfffffbba  x3:0x0000000e x29=0xffffc42c
     482145.000 ns	     48213	80009dbc	a3c04a93	xori	x21,x0,-1476	  x0:0x00000000 x21=0xfffffa3c
     483315.000 ns	     48330	80009dc0	5807f7d3	fsqrt.s	f15,f15	 f15:0x4c02d040 f15=0x4538ff0c
     483335.000 ns	     48332	80009dc4	f0100313	addi	x6,x0,-255	  x0:0x00000000  x6=0xffffff01
     483355.000 ns	     48334	80009dc8	a1498053	fle.s	x0,f19,f20	 f19:0x42c1350a f20:0xc30c0000
     483385.000 ns	     48337	80009dcc	e00a8253	fmv.x.w	x4,f21	 f21:0xbf34fc10  x4=0xbf34fc10
     483755.000 ns	     48374	80009dd0	033dd5b3	divu	x11,x27,x19	 x27:0x00000001 x19:0x00000001 x11=0x00000001
     483785.000 ns	     48377	80009dd4	e0039f53	fclass.s	x30,f7	  f7:0x411d4262 x30=0x00000040
     483805.000 ns	     48379	80009dd8	00fbb833	sltu	x16,x23,x15	 x23:0x80041024 x15:0x00000001 x16=0x00000000
     483815.000 ns	     48380	80009ddc	00a41c93	slli	x25,x8,0xa	  x8:0x00000000 x25=0x00000000
     483835.000 ns	     48382	80009de0	209ba253	fsgnjx.s	f4,f23,f9	 f23:0xc4584000  f9:0x4a2e0400  f4=0xc4584000
     483855.000 ns	     48384	80009de4	acb3ef13	ori	x30,x7,-1333	  x7:0x00000040 x30=0xfffffacb
     483865.000 ns	     48385	80009de8	40bf5c93	srai	x25,x30,0xb	 x30:0x00000040 x25=0xffffffff
     483885.000 ns	     48387	80009dec	024e07b3	mul	x15,x28,x4	 x28:0x0000000f  x4:0xbf34fc10 x15=0x341ac4f0
     483915.000 ns	     48390	80009df0	c00d77d3	fcvt.w.s	x15,f26	 f26:0x46b50a42 x15=0x00005a85
     483945.000 ns	     48393	80009df4	e0049153	fclass.s	x2,f9	  f9:0x4a2e0400  x2=0x00000040
     483995.000 ns	     48398	80009df8	08e07053	fsub.s	f0,f0,f14	  f0:0x00000000 f14:0x430c0000  f0=0xc30c0000
     484015.000 ns	     48400	80009dfc	b7847a13	andi	x20,x8,-1160	  x8:0x00000000 x20=0x00000000
     484035.000 ns	     48402	80009e00	a1c625d3	feq.s	x11,f12,f28	 f12:0xcdbe5460 f28:0x3bb50a42 x11=0x00000000
     484065.000 ns	     48405	80009e04	c01db7d3	fcvt.wu.s	x15,f27	 f27:0x00000000 x15=0x00000000
     484085.000 ns	     48407	80009e08	fb067193	andi	x3,x12,-80	 x12:0x00000000  x3=0x00000000
     484095.000 ns	     48408	80009e0c	01b987b3	add	x15,x19,x27	 x19:0x00000001 x27:0x00000001 x15=0x00000002
     484425.000 ns	     48441	80009e10	18417253	fdiv.s	f4,f2,f4	  f2:0x46b50a42  f4:0xc4584000  f4=0xc22f9b86
     484475.000 ns	     48446	80009e14	01fc7dd3	fadd.s	f27,f24,f31	 f24:0x411d4262 f31:0x80000000 f27=0x411d4262
     484845.000 ns	     48483	80009e18	02fe65b3	rem	x11,x28,x15	 x28:0x0000000f x15:0x00000002 x11=0x00000001
     484875.000 ns	     48486	80009e1c	02c96033	rem	x0,x18,x12	 x18:0x00000008 x12:0x00000000
     484905.000 ns	     48489	80009e20	20da0653	fsgnj.s	f12,f20,f13	 f20:0xc30c0000 f13:0x80000000 f12=0xc30c0000
     486085.000 ns	     48607	80009e24	580e7dd3	fsqrt.s	f27,f28	 f28:0x3bb50a42 f27=0x3d183a1a
     486115.000 ns	     48610	80009e28	c00d7153	fcvt.w.s	x2,f26	 f26:0x46b50a42  x2=0x00005a85
     486485.000 ns	     48647	80009e2c	0387f7b3	remu	x15,x15,x24	 x15:0x00000002 x24:0x00000040 x15=0x00000002
     486535.000 ns	     48652	80009e30	0121fb53	fadd.s	f22,f3,f18	  f3:0x7fc00000 f18:0xbf800000 f22=0x7fc00000
     486565.000 ns	     48655	80009e34	c0169ad3	fcvt.wu.s	x21,f13	 f13:0x80000000 x21=0x00000000
     486605.000 ns	     48659	80009e38	58007b53	fsqrt.s	f22,f0	  f0:0xc30c0000 f22=0x7fc00000
     486635.000 ns	     48662	80009e3c	c0039a53	fcvt.w.s	x20,f7	  f7:0x411d4262 x20=0x00000009
     486655.000 ns	     48664	80009e40	014e2733	slt	x14,x28,x20	 x28:0x0000000f x20:0x00000000 x14=0x00000000
     486675.000 ns	     48666	80009e44	28e814d3	fmax.s	f9,f16,f14	 f16:0xcdbe5460 f14:0x430c0000  f9=0x430c0000
     486705.000 ns	     48669	80009e48	2029acd3	fsgnjx.s	f25,f19,f2	 f19:0x42c1350a  f2:0x46b50a42 f25=0x42c1350a
     486725.000 ns	     48671	80009e4c	00415833	srl	x16,x2,x4	  x2:0x00005a85  x4:0xbf34fc10 x16=0x00000000
     486735.000 ns	     48672	80009e50	007dfc33	and	x24,x27,x7	 x27:0x00000001  x7:0x00000040 x24=0x00000000
     486745.000 ns	     48673	80009e54	00a92cb3	slt	x25,x18,x10	 x18:0x00000008 x10:0x00000001 x25=0x00000000
     486755.000 ns	     48674	80009e58	012a1b33	sll	x22,x20,x18	 x20:0x00000009 x18:0x00000008 x22=0x00000900
     486765.000 ns	     48675	80009e5c	00fc1713	slli	x14,x24,0xf	 x24:0x00000000 x14=0x00000000
     486775.000 ns	     48676	80009e60	011fb4b3	sltu	x9,x31,x17	 x31:0x00000009 x17:0x80040fe4  x9=0x00000001
     486795.000 ns	     48678	80009e64	03e5bcb3	mulhu	x25,x11,x30	 x11:0x00000001 x30:0xfffffacb x25=0x00000000
     486825.000 ns	     48681	80009e68	206b1e53	fsgnjn.s	f28,f22,f6	 f22:0x7fc00000  f6:0xbf800000 f28=0x7fc00000
     486845.000 ns	     48683	80009e6c	22be3993	sltiu	x19,x28,555	 x28:0x0000000f x19=0x00000001
     486855.000 ns	     48684	80009e70	406dd293	srai	x5,x27,0x6	 x27:0x00000001  x5=0x00000000
     486865.000 ns	     48685	80009e74	40ded5b3	sra	x11,x29,x13	 x29:0xffffc42c x13:0x00000000 x11=0xffffc42c
     486875.000 ns	     48686	80009e78	00000013	addi	x0,x0,0	  x0:0x00000000
     486895.000 ns	     48688	80009e7c	e0038dd3	fmv.x.w	x27,f7	  f7:0x411d4262 x27=0x411d4262
     486935.000 ns	     48692	80009e80	10bc7ad3	fmul.s	f21,f24,f11	 f24:0x411d4262 f11:0x3fde655a f21=0x41889dd3
     486955.000 ns	     48694	80009e84	016a1013	slli	x0,x20,0x16	 x20:0x00000009
     486965.000 ns	     48695	80009e88	00000013	addi	x0,x0,0	  x0:0x00000000
     486985.000 ns	     48697	80009e8c	d01a7653	fcvt.s.wu	f12,x20	 x20:0x00000009 f12=0x41100000
     487005.000 ns	     48699	80009e90	00afbab3	sltu	x21,x31,x10	 x31:0x00000009 x10:0x00000001 x21=0x00000000
     487025.000 ns	     48701	80009e94	03e927b3	mulhsu	x15,x18,x30	 x18:0x00000008 x30:0xfffffacb x15=0x00000007
     487045.000 ns	     48703	80009e98	fd3edab7	lui	x21,0xfd3ed	 x21=0xfd3ed000
     487055.000 ns	     48704	80009e9c	9192cd13	xori	x26,x5,-1767	  x5:0x00000000 x26=0xfffff919
     487075.000 ns	     48706	80009ea0	283e8453	fmin.s	f8,f29,f3	 f29:0x42c33508  f3:0x7fc00000  f8=0x42c33508
     487095.000 ns	     48708	80009ea4	00a85693	srli	x13,x16,0xa	 x16:0x00000000 x13=0x00000000
     487115.000 ns	     48710	80009ea8	030fd333	divu	x6,x31,x16	 x31:0x00000009 x16:0x00000000  x6=0xffffffff
     487145.000 ns	     48713	80009eac	e0018553	fmv.x.w	x10,f3	  f3:0x7fc00000 x10=0x7fc00000
     487515.000 ns	     48750	80009eb0	03d07733	remu	x14,x0,x29	  x0:0x00000000 x29:0xffffc42c x14=0x00000000
     487535.000 ns	     48752	80009eb4	00d70833	add	x16,x14,x13	 x14:0x00000000 x13:0x00000000 x16=0x00000000
     487545.000 ns	     48753	80009eb8	993dca37	lui	x20,0x993dc	 x20=0x993dc000
     487555.000 ns	     48754	80009ebc	00000f97	auipc	x31,0x0	 x31=0x80009ebc
     487565.000 ns	     48755	80009ec0	00cf8f93	addi	x31,x31,12	 x31:0x00000009 x31=0x80009ec8
     487575.000 ns	     48756	80009ec4	000f8067	jalr	x0,x31,0	 x31:0x00000009
     487625.000 ns	     48761	80009ec8	00100193	addi	x3,x0,1	  x0:0x00000000  x3=0x00000001
     487635.000 ns	     48762	80009ecc	00000073	ecall	
     487645.000 ns	     48763	80009ed0	00036f17	auipc	x30,0x36	 x30=0x8003fed0
     487655.000 ns	     48764	80009ed4	123f2823	sw	x3,304(x30)	 x30:0xfffffacb  x3:0x00000001 PA:0xxxxxxxxx
     487675.000 ns	     48766	80009ed8	ff9ff06f	jal	x0,80009ed4	
     487725.000 ns	     48771	80009ed0	00036f17	auipc	x30,0x36	 x30=0x8003fed0
     487735.000 ns	     48772	80009ed4	123f2823	sw	x3,304(x30)	 x30:0x8003fed0  x3:0x00000001 PA:0xxxxxxxxx
     487755.000 ns	     48774	80009ed8	ff9ff06f	jal	x0,80009ed4	
     487805.000 ns	     48779	80009ed0	00036f17	auipc	x30,0x36	 x30=0x8003fed0
     487815.000 ns	     48780	80009ed4	123f2823	sw	x3,304(x30)	 x30:0x8003fed0  x3:0x00000001 PA:0xxxxxxxxx
     487835.000 ns	     48782	80009ed8	ff9ff06f	jal	x0,80009ed4	
     487885.000 ns	     48787	80009ed0	00036f17	auipc	x30,0x36	 x30=0x8003fed0
     487895.000 ns	     48788	80009ed4	123f2823	sw	x3,304(x30)	 x30:0x8003fed0  x3:0x00000001 PA:0xxxxxxxxx
     487915.000 ns	     48790	80009ed8	ff9ff06f	jal	x0,80009ed4	
     487965.000 ns	     48795	80009ed0	00036f17	auipc	x30,0x36	 x30=0x8003fed0
     487975.000 ns	     48796	80009ed4	123f2823	sw	x3,304(x30)	 x30:0x8003fed0  x3:0x00000001 PA:0xxxxxxxxx
     487995.000 ns	     48798	80009ed8	ff9ff06f	jal	x0,80009ed4	
     488045.000 ns	     48803	80009ed0	00036f17	auipc	x30,0x36	 x30=0x8003fed0
     488055.000 ns	     48804	80009ed4	123f2823	sw	x3,304(x30)	 x30:0x8003fed0  x3:0x00000001 PA:0xxxxxxxxx
     488075.000 ns	     48806	80009ed8	ff9ff06f	jal	x0,80009ed4	
     488125.000 ns	     48811	80009ed0	00036f17	auipc	x30,0x36	 x30=0x8003fed0
     488135.000 ns	     48812	80009ed4	123f2823	sw	x3,304(x30)	 x30:0x8003fed0  x3:0x00000001 PA:0xxxxxxxxx
     488155.000 ns	     48814	80009ed8	ff9ff06f	jal	x0,80009ed4	
     488205.000 ns	     48819	80009ed0	00036f17	auipc	x30,0x36	 x30=0x8003fed0
     488215.000 ns	     48820	80009ed4	123f2823	sw	x3,304(x30)	 x30:0x8003fed0  x3:0x00000001 PA:0xxxxxxxxx
     488235.000 ns	     48822	80009ed8	ff9ff06f	jal	x0,80009ed4	
     488285.000 ns	     48827	80009ed0	00036f17	auipc	x30,0x36	 x30=0x8003fed0
     488295.000 ns	     48828	80009ed4	123f2823	sw	x3,304(x30)	 x30:0x8003fed0  x3:0x00000001 PA:0xxxxxxxxx
     488315.000 ns	     48830	80009ed8	ff9ff06f	jal	x0,80009ed4	
     488365.000 ns	     48835	80009ed0	00036f17	auipc	x30,0x36	 x30=0x8003fed0
     488375.000 ns	     48836	80009ed4	123f2823	sw	x3,304(x30)	 x30:0x8003fed0  x3:0x00000001 PA:0xxxxxxxxx
     488395.000 ns	     48838	80009ed8	ff9ff06f	jal	x0,80009ed4	
     488445.000 ns	     48843	80009ed0	00036f17	auipc	x30,0x36	 x30=0x8003fed0
     488455.000 ns	     48844	80009ed4	123f2823	sw	x3,304(x30)	 x30:0x8003fed0  x3:0x00000001 PA:0xxxxxxxxx
     488475.000 ns	     48846	80009ed8	ff9ff06f	jal	x0,80009ed4	
     488525.000 ns	     48851	80009ed0	00036f17	auipc	x30,0x36	 x30=0x8003fed0
     488535.000 ns	     48852	80009ed4	123f2823	sw	x3,304(x30)	 x30:0x8003fed0  x3:0x00000001 PA:0xxxxxxxxx
     488555.000 ns	     48854	80009ed8	ff9ff06f	jal	x0,80009ed4	
     488605.000 ns	     48859	80009ed0	00036f17	auipc	x30,0x36	 x30=0x8003fed0
     488615.000 ns	     48860	80009ed4	123f2823	sw	x3,304(x30)	 x30:0x8003fed0  x3:0x00000001 PA:0xxxxxxxxx
     488635.000 ns	     48862	80009ed8	ff9ff06f	jal	x0,80009ed4	
     488685.000 ns	     48867	80009ed0	00036f17	auipc	x30,0x36	 x30=0x8003fed0
     488695.000 ns	     48868	80009ed4	123f2823	sw	x3,304(x30)	 x30:0x8003fed0  x3:0x00000001 PA:0xxxxxxxxx
     488715.000 ns	     48870	80009ed8	ff9ff06f	jal	x0,80009ed4	
     488765.000 ns	     48875	80009ed0	00036f17	auipc	x30,0x36	 x30=0x8003fed0
     488775.000 ns	     48876	80009ed4	123f2823	sw	x3,304(x30)	 x30:0x8003fed0  x3:0x00000001 PA:0xxxxxxxxx
     488795.000 ns	     48878	80009ed8	ff9ff06f	jal	x0,80009ed4	
     488845.000 ns	     48883	80009ed0	00036f17	auipc	x30,0x36	 x30=0x8003fed0
     488855.000 ns	     48884	80009ed4	123f2823	sw	x3,304(x30)	 x30:0x8003fed0  x3:0x00000001 PA:0xxxxxxxxx
     488875.000 ns	     48886	80009ed8	ff9ff06f	jal	x0,80009ed4	
     488925.000 ns	     48891	80009ed0	00036f17	auipc	x30,0x36	 x30=0x8003fed0
     488935.000 ns	     48892	80009ed4	123f2823	sw	x3,304(x30)	 x30:0x8003fed0  x3:0x00000001 PA:0xxxxxxxxx
     488955.000 ns	     48894	80009ed8	ff9ff06f	jal	x0,80009ed4	
     489005.000 ns	     48899	80009ed0	00036f17	auipc	x30,0x36	 x30=0x8003fed0
     489015.000 ns	     48900	80009ed4	123f2823	sw	x3,304(x30)	 x30:0x8003fed0  x3:0x00000001 PA:0xxxxxxxxx
     489035.000 ns	     48902	80009ed8	ff9ff06f	jal	x0,80009ed4	
     489085.000 ns	     48907	80009ed0	00036f17	auipc	x30,0x36	 x30=0x8003fed0
     489095.000 ns	     48908	80009ed4	123f2823	sw	x3,304(x30)	 x30:0x8003fed0  x3:0x00000001 PA:0xxxxxxxxx
     489115.000 ns	     48910	80009ed8	ff9ff06f	jal	x0,80009ed4	
     489165.000 ns	     48915	80009ed0	00036f17	auipc	x30,0x36	 x30=0x8003fed0
     489175.000 ns	     48916	80009ed4	123f2823	sw	x3,304(x30)	 x30:0x8003fed0  x3:0x00000001 PA:0xxxxxxxxx
     489195.000 ns	     48918	80009ed8	ff9ff06f	jal	x0,80009ed4	
     489245.000 ns	     48923	80009ed0	00036f17	auipc	x30,0x36	 x30=0x8003fed0
     489255.000 ns	     48924	80009ed4	123f2823	sw	x3,304(x30)	 x30:0x8003fed0  x3:0x00000001 PA:0xxxxxxxxx
     489275.000 ns	     48926	80009ed8	ff9ff06f	jal	x0,80009ed4	
     489325.000 ns	     48931	80009ed0	00036f17	auipc	x30,0x36	 x30=0x8003fed0
     489335.000 ns	     48932	80009ed4	123f2823	sw	x3,304(x30)	 x30:0x8003fed0  x3:0x00000001 PA:0xxxxxxxxx
     489355.000 ns	     48934	80009ed8	ff9ff06f	jal	x0,80009ed4	
     489405.000 ns	     48939	80009ed0	00036f17	auipc	x30,0x36	 x30=0x8003fed0
     489415.000 ns	     48940	80009ed4	123f2823	sw	x3,304(x30)	 x30:0x8003fed0  x3:0x00000001 PA:0xxxxxxxxx
     489435.000 ns	     48942	80009ed8	ff9ff06f	jal	x0,80009ed4	
     489485.000 ns	     48947	80009ed0	00036f17	auipc	x30,0x36	 x30=0x8003fed0
     489495.000 ns	     48948	80009ed4	123f2823	sw	x3,304(x30)	 x30:0x8003fed0  x3:0x00000001 PA:0xxxxxxxxx
     489515.000 ns	     48950	80009ed8	ff9ff06f	jal	x0,80009ed4	
     489565.000 ns	     48955	80009ed0	00036f17	auipc	x30,0x36	 x30=0x8003fed0
     489575.000 ns	     48956	80009ed4	123f2823	sw	x3,304(x30)	 x30:0x8003fed0  x3:0x00000001 PA:0xxxxxxxxx
     489595.000 ns	     48958	80009ed8	ff9ff06f	jal	x0,80009ed4	
     489645.000 ns	     48963	80009ed0	00036f17	auipc	x30,0x36	 x30=0x8003fed0
     489655.000 ns	     48964	80009ed4	123f2823	sw	x3,304(x30)	 x30:0x8003fed0  x3:0x00000001 PA:0xxxxxxxxx
     489675.000 ns	     48966	80009ed8	ff9ff06f	jal	x0,80009ed4	
     489725.000 ns	     48971	80009ed0	00036f17	auipc	x30,0x36	 x30=0x8003fed0
     489735.000 ns	     48972	80009ed4	123f2823	sw	x3,304(x30)	 x30:0x8003fed0  x3:0x00000001 PA:0xxxxxxxxx
     489755.000 ns	     48974	80009ed8	ff9ff06f	jal	x0,80009ed4	
     489805.000 ns	     48979	80009ed0	00036f17	auipc	x30,0x36	 x30=0x8003fed0
     489815.000 ns	     48980	80009ed4	123f2823	sw	x3,304(x30)	 x30:0x8003fed0  x3:0x00000001 PA:0xxxxxxxxx
     489835.000 ns	     48982	80009ed8	ff9ff06f	jal	x0,80009ed4	
     489885.000 ns	     48987	80009ed0	00036f17	auipc	x30,0x36	 x30=0x8003fed0
     489895.000 ns	     48988	80009ed4	123f2823	sw	x3,304(x30)	 x30:0x8003fed0  x3:0x00000001 PA:0xxxxxxxxx
     489915.000 ns	     48990	80009ed8	ff9ff06f	jal	x0,80009ed4	
     489965.000 ns	     48995	80009ed0	00036f17	auipc	x30,0x36	 x30=0x8003fed0
     489975.000 ns	     48996	80009ed4	123f2823	sw	x3,304(x30)	 x30:0x8003fed0  x3:0x00000001 PA:0xxxxxxxxx
     489995.000 ns	     48998	80009ed8	ff9ff06f	jal	x0,80009ed4	
     490045.000 ns	     49003	80009ed0	00036f17	auipc	x30,0x36	 x30=0x8003fed0
     490055.000 ns	     49004	80009ed4	123f2823	sw	x3,304(x30)	 x30:0x8003fed0  x3:0x00000001 PA:0xxxxxxxxx
     490075.000 ns	     49006	80009ed8	ff9ff06f	jal	x0,80009ed4	
     490125.000 ns	     49011	80009ed0	00036f17	auipc	x30,0x36	 x30=0x8003fed0
     490135.000 ns	     49012	80009ed4	123f2823	sw	x3,304(x30)	 x30:0x8003fed0  x3:0x00000001 PA:0xxxxxxxxx
     490155.000 ns	     49014	80009ed8	ff9ff06f	jal	x0,80009ed4	
     490205.000 ns	     49019	80009ed0	00036f17	auipc	x30,0x36	 x30=0x8003fed0
     490215.000 ns	     49020	80009ed4	123f2823	sw	x3,304(x30)	 x30:0x8003fed0  x3:0x00000001 PA:0xxxxxxxxx
     490235.000 ns	     49022	80009ed8	ff9ff06f	jal	x0,80009ed4	
     490285.000 ns	     49027	80009ed0	00036f17	auipc	x30,0x36	 x30=0x8003fed0
     490295.000 ns	     49028	80009ed4	123f2823	sw	x3,304(x30)	 x30:0x8003fed0  x3:0x00000001 PA:0xxxxxxxxx
     490315.000 ns	     49030	80009ed8	ff9ff06f	jal	x0,80009ed4	
     490365.000 ns	     49035	80009ed0	00036f17	auipc	x30,0x36	 x30=0x8003fed0
     490375.000 ns	     49036	80009ed4	123f2823	sw	x3,304(x30)	 x30:0x8003fed0  x3:0x00000001 PA:0xxxxxxxxx
     490395.000 ns	     49038	80009ed8	ff9ff06f	jal	x0,80009ed4	
     490445.000 ns	     49043	80009ed0	00036f17	auipc	x30,0x36	 x30=0x8003fed0
     490455.000 ns	     49044	80009ed4	123f2823	sw	x3,304(x30)	 x30:0x8003fed0  x3:0x00000001 PA:0xxxxxxxxx
     490475.000 ns	     49046	80009ed8	ff9ff06f	jal	x0,80009ed4	
     490525.000 ns	     49051	80009ed0	00036f17	auipc	x30,0x36	 x30=0x8003fed0
     490535.000 ns	     49052	80009ed4	123f2823	sw	x3,304(x30)	 x30:0x8003fed0  x3:0x00000001 PA:0xxxxxxxxx
     490555.000 ns	     49054	80009ed8	ff9ff06f	jal	x0,80009ed4	
     490605.000 ns	     49059	80009ed0	00036f17	auipc	x30,0x36	 x30=0x8003fed0
     490615.000 ns	     49060	80009ed4	123f2823	sw	x3,304(x30)	 x30:0x8003fed0  x3:0x00000001 PA:0xxxxxxxxx
     490635.000 ns	     49062	80009ed8	ff9ff06f	jal	x0,80009ed4	
     490685.000 ns	     49067	80009ed0	00036f17	auipc	x30,0x36	 x30=0x8003fed0
     490695.000 ns	     49068	80009ed4	123f2823	sw	x3,304(x30)	 x30:0x8003fed0  x3:0x00000001 PA:0xxxxxxxxx
     490715.000 ns	     49070	80009ed8	ff9ff06f	jal	x0,80009ed4	
     490765.000 ns	     49075	80009ed0	00036f17	auipc	x30,0x36	 x30=0x8003fed0
     490775.000 ns	     49076	80009ed4	123f2823	sw	x3,304(x30)	 x30:0x8003fed0  x3:0x00000001 PA:0xxxxxxxxx
     490795.000 ns	     49078	80009ed8	ff9ff06f	jal	x0,80009ed4	
     490845.000 ns	     49083	80009ed0	00036f17	auipc	x30,0x36	 x30=0x8003fed0
     490855.000 ns	     49084	80009ed4	123f2823	sw	x3,304(x30)	 x30:0x8003fed0  x3:0x00000001 PA:0xxxxxxxxx
     490875.000 ns	     49086	80009ed8	ff9ff06f	jal	x0,80009ed4	
     490925.000 ns	     49091	80009ed0	00036f17	auipc	x30,0x36	 x30=0x8003fed0
     490935.000 ns	     49092	80009ed4	123f2823	sw	x3,304(x30)	 x30:0x8003fed0  x3:0x00000001 PA:0xxxxxxxxx
     490955.000 ns	     49094	80009ed8	ff9ff06f	jal	x0,80009ed4	
     491005.000 ns	     49099	80009ed0	00036f17	auipc	x30,0x36	 x30=0x8003fed0
     491015.000 ns	     49100	80009ed4	123f2823	sw	x3,304(x30)	 x30:0x8003fed0  x3:0x00000001 PA:0xxxxxxxxx
     491035.000 ns	     49102	80009ed8	ff9ff06f	jal	x0,80009ed4	
     491085.000 ns	     49107	80009ed0	00036f17	auipc	x30,0x36	 x30=0x8003fed0
     491095.000 ns	     49108	80009ed4	123f2823	sw	x3,304(x30)	 x30:0x8003fed0  x3:0x00000001 PA:0xxxxxxxxx
     491115.000 ns	     49110	80009ed8	ff9ff06f	jal	x0,80009ed4	
     491165.000 ns	     49115	80009ed0	00036f17	auipc	x30,0x36	 x30=0x8003fed0
     491175.000 ns	     49116	80009ed4	123f2823	sw	x3,304(x30)	 x30:0x8003fed0  x3:0x00000001 PA:0xxxxxxxxx
     491195.000 ns	     49118	80009ed8	ff9ff06f	jal	x0,80009ed4	
     491245.000 ns	     49123	80009ed0	00036f17	auipc	x30,0x36	 x30=0x8003fed0
     491255.000 ns	     49124	80009ed4	123f2823	sw	x3,304(x30)	 x30:0x8003fed0  x3:0x00000001 PA:0xxxxxxxxx
     491275.000 ns	     49126	80009ed8	ff9ff06f	jal	x0,80009ed4	
     491325.000 ns	     49131	80009ed0	00036f17	auipc	x30,0x36	 x30=0x8003fed0
     491335.000 ns	     49132	80009ed4	123f2823	sw	x3,304(x30)	 x30:0x8003fed0  x3:0x00000001 PA:0xxxxxxxxx
     491355.000 ns	     49134	80009ed8	ff9ff06f	jal	x0,80009ed4	
     491405.000 ns	     49139	80009ed0	00036f17	auipc	x30,0x36	 x30=0x8003fed0
     491415.000 ns	     49140	80009ed4	123f2823	sw	x3,304(x30)	 x30:0x8003fed0  x3:0x00000001 PA:0xxxxxxxxx
     491435.000 ns	     49142	80009ed8	ff9ff06f	jal	x0,80009ed4	
     491485.000 ns	     49147	80009ed0	00036f17	auipc	x30,0x36	 x30=0x8003fed0
     491495.000 ns	     49148	80009ed4	123f2823	sw	x3,304(x30)	 x30:0x8003fed0  x3:0x00000001 PA:0xxxxxxxxx
     491515.000 ns	     49150	80009ed8	ff9ff06f	jal	x0,80009ed4	
     491565.000 ns	     49155	80009ed0	00036f17	auipc	x30,0x36	 x30=0x8003fed0
     491575.000 ns	     49156	80009ed4	123f2823	sw	x3,304(x30)	 x30:0x8003fed0  x3:0x00000001 PA:0xxxxxxxxx
     491595.000 ns	     49158	80009ed8	ff9ff06f	jal	x0,80009ed4	
     491645.000 ns	     49163	80009ed0	00036f17	auipc	x30,0x36	 x30=0x8003fed0
     491655.000 ns	     49164	80009ed4	123f2823	sw	x3,304(x30)	 x30:0x8003fed0  x3:0x00000001 PA:0xxxxxxxxx
     491675.000 ns	     49166	80009ed8	ff9ff06f	jal	x0,80009ed4	
     491725.000 ns	     49171	80009ed0	00036f17	auipc	x30,0x36	 x30=0x8003fed0
     491735.000 ns	     49172	80009ed4	123f2823	sw	x3,304(x30)	 x30:0x8003fed0  x3:0x00000001 PA:0xxxxxxxxx
     491755.000 ns	     49174	80009ed8	ff9ff06f	jal	x0,80009ed4	
     491805.000 ns	     49179	80009ed0	00036f17	auipc	x30,0x36	 x30=0x8003fed0
     491815.000 ns	     49180	80009ed4	123f2823	sw	x3,304(x30)	 x30:0x8003fed0  x3:0x00000001 PA:0xxxxxxxxx
     491835.000 ns	     49182	80009ed8	ff9ff06f	jal	x0,80009ed4	
     491885.000 ns	     49187	80009ed0	00036f17	auipc	x30,0x36	 x30=0x8003fed0
     491895.000 ns	     49188	80009ed4	123f2823	sw	x3,304(x30)	 x30:0x8003fed0  x3:0x00000001 PA:0xxxxxxxxx
     491915.000 ns	     49190	80009ed8	ff9ff06f	jal	x0,80009ed4	
     491965.000 ns	     49195	80009ed0	00036f17	auipc	x30,0x36	 x30=0x8003fed0
     491975.000 ns	     49196	80009ed4	123f2823	sw	x3,304(x30)	 x30:0x8003fed0  x3:0x00000001 PA:0xxxxxxxxx
     491995.000 ns	     49198	80009ed8	ff9ff06f	jal	x0,80009ed4	
     492045.000 ns	     49203	80009ed0	00036f17	auipc	x30,0x36	 x30=0x8003fed0
     492055.000 ns	     49204	80009ed4	123f2823	sw	x3,304(x30)	 x30:0x8003fed0  x3:0x00000001 PA:0xxxxxxxxx
     492075.000 ns	     49206	80009ed8	ff9ff06f	jal	x0,80009ed4	
     492125.000 ns	     49211	80009ed0	00036f17	auipc	x30,0x36	 x30=0x8003fed0
     492135.000 ns	     49212	80009ed4	123f2823	sw	x3,304(x30)	 x30:0x8003fed0  x3:0x00000001 PA:0xxxxxxxxx
     492155.000 ns	     49214	80009ed8	ff9ff06f	jal	x0,80009ed4	
     492205.000 ns	     49219	80009ed0	00036f17	auipc	x30,0x36	 x30=0x8003fed0
     492215.000 ns	     49220	80009ed4	123f2823	sw	x3,304(x30)	 x30:0x8003fed0  x3:0x00000001 PA:0xxxxxxxxx
     492235.000 ns	     49222	80009ed8	ff9ff06f	jal	x0,80009ed4	
     492285.000 ns	     49227	80009ed0	00036f17	auipc	x30,0x36	 x30=0x8003fed0
     492295.000 ns	     49228	80009ed4	123f2823	sw	x3,304(x30)	 x30:0x8003fed0  x3:0x00000001 PA:0xxxxxxxxx
     492315.000 ns	     49230	80009ed8	ff9ff06f	jal	x0,80009ed4	
     492365.000 ns	     49235	80009ed0	00036f17	auipc	x30,0x36	 x30=0x8003fed0
     492375.000 ns	     49236	80009ed4	123f2823	sw	x3,304(x30)	 x30:0x8003fed0  x3:0x00000001 PA:0xxxxxxxxx
     492395.000 ns	     49238	80009ed8	ff9ff06f	jal	x0,80009ed4	
     492445.000 ns	     49243	80009ed0	00036f17	auipc	x30,0x36	 x30=0x8003fed0
     492455.000 ns	     49244	80009ed4	123f2823	sw	x3,304(x30)	 x30:0x8003fed0  x3:0x00000001 PA:0xxxxxxxxx
     492475.000 ns	     49246	80009ed8	ff9ff06f	jal	x0,80009ed4	
     492525.000 ns	     49251	80009ed0	00036f17	auipc	x30,0x36	 x30=0x8003fed0
     492535.000 ns	     49252	80009ed4	123f2823	sw	x3,304(x30)	 x30:0x8003fed0  x3:0x00000001 PA:0xxxxxxxxx
     492555.000 ns	     49254	80009ed8	ff9ff06f	jal	x0,80009ed4	
     492605.000 ns	     49259	80009ed0	00036f17	auipc	x30,0x36	 x30=0x8003fed0
     492615.000 ns	     49260	80009ed4	123f2823	sw	x3,304(x30)	 x30:0x8003fed0  x3:0x00000001 PA:0xxxxxxxxx
     492635.000 ns	     49262	80009ed8	ff9ff06f	jal	x0,80009ed4	
     492685.000 ns	     49267	80009ed0	00036f17	auipc	x30,0x36	 x30=0x8003fed0
     492695.000 ns	     49268	80009ed4	123f2823	sw	x3,304(x30)	 x30:0x8003fed0  x3:0x00000001 PA:0xxxxxxxxx
     492715.000 ns	     49270	80009ed8	ff9ff06f	jal	x0,80009ed4	
     492765.000 ns	     49275	80009ed0	00036f17	auipc	x30,0x36	 x30=0x8003fed0
     492775.000 ns	     49276	80009ed4	123f2823	sw	x3,304(x30)	 x30:0x8003fed0  x3:0x00000001 PA:0xxxxxxxxx
     492795.000 ns	     49278	80009ed8	ff9ff06f	jal	x0,80009ed4	
     492845.000 ns	     49283	80009ed0	00036f17	auipc	x30,0x36	 x30=0x8003fed0
     492855.000 ns	     49284	80009ed4	123f2823	sw	x3,304(x30)	 x30:0x8003fed0  x3:0x00000001 PA:0xxxxxxxxx
     492875.000 ns	     49286	80009ed8	ff9ff06f	jal	x0,80009ed4	
     492925.000 ns	     49291	80009ed0	00036f17	auipc	x30,0x36	 x30=0x8003fed0
     492935.000 ns	     49292	80009ed4	123f2823	sw	x3,304(x30)	 x30:0x8003fed0  x3:0x00000001 PA:0xxxxxxxxx
     492955.000 ns	     49294	80009ed8	ff9ff06f	jal	x0,80009ed4	
     493005.000 ns	     49299	80009ed0	00036f17	auipc	x30,0x36	 x30=0x8003fed0
     493015.000 ns	     49300	80009ed4	123f2823	sw	x3,304(x30)	 x30:0x8003fed0  x3:0x00000001 PA:0xxxxxxxxx
     493035.000 ns	     49302	80009ed8	ff9ff06f	jal	x0,80009ed4	
     493085.000 ns	     49307	80009ed0	00036f17	auipc	x30,0x36	 x30=0x8003fed0
     493095.000 ns	     49308	80009ed4	123f2823	sw	x3,304(x30)	 x30:0x8003fed0  x3:0x00000001 PA:0xxxxxxxxx
     493115.000 ns	     49310	80009ed8	ff9ff06f	jal	x0,80009ed4	
     493165.000 ns	     49315	80009ed0	00036f17	auipc	x30,0x36	 x30=0x8003fed0
     493175.000 ns	     49316	80009ed4	123f2823	sw	x3,304(x30)	 x30:0x8003fed0  x3:0x00000001 PA:0xxxxxxxxx
     493195.000 ns	     49318	80009ed8	ff9ff06f	jal	x0,80009ed4	
     493245.000 ns	     49323	80009ed0	00036f17	auipc	x30,0x36	 x30=0x8003fed0
     493255.000 ns	     49324	80009ed4	123f2823	sw	x3,304(x30)	 x30:0x8003fed0  x3:0x00000001 PA:0xxxxxxxxx
     493275.000 ns	     49326	80009ed8	ff9ff06f	jal	x0,80009ed4	
     493325.000 ns	     49331	80009ed0	00036f17	auipc	x30,0x36	 x30=0x8003fed0
     493335.000 ns	     49332	80009ed4	123f2823	sw	x3,304(x30)	 x30:0x8003fed0  x3:0x00000001 PA:0xxxxxxxxx
     493355.000 ns	     49334	80009ed8	ff9ff06f	jal	x0,80009ed4	
     493405.000 ns	     49339	80009ed0	00036f17	auipc	x30,0x36	 x30=0x8003fed0
     493415.000 ns	     49340	80009ed4	123f2823	sw	x3,304(x30)	 x30:0x8003fed0  x3:0x00000001 PA:0xxxxxxxxx
     493435.000 ns	     49342	80009ed8	ff9ff06f	jal	x0,80009ed4	
     493485.000 ns	     49347	80009ed0	00036f17	auipc	x30,0x36	 x30=0x8003fed0
     493495.000 ns	     49348	80009ed4	123f2823	sw	x3,304(x30)	 x30:0x8003fed0  x3:0x00000001 PA:0xxxxxxxxx
     493515.000 ns	     49350	80009ed8	ff9ff06f	jal	x0,80009ed4	
     493565.000 ns	     49355	80009ed0	00036f17	auipc	x30,0x36	 x30=0x8003fed0
     493575.000 ns	     49356	80009ed4	123f2823	sw	x3,304(x30)	 x30:0x8003fed0  x3:0x00000001 PA:0xxxxxxxxx
     493595.000 ns	     49358	80009ed8	ff9ff06f	jal	x0,80009ed4	
     493645.000 ns	     49363	80009ed0	00036f17	auipc	x30,0x36	 x30=0x8003fed0
     493655.000 ns	     49364	80009ed4	123f2823	sw	x3,304(x30)	 x30:0x8003fed0  x3:0x00000001 PA:0xxxxxxxxx
     493675.000 ns	     49366	80009ed8	ff9ff06f	jal	x0,80009ed4	
     493725.000 ns	     49371	80009ed0	00036f17	auipc	x30,0x36	 x30=0x8003fed0
     493735.000 ns	     49372	80009ed4	123f2823	sw	x3,304(x30)	 x30:0x8003fed0  x3:0x00000001 PA:0xxxxxxxxx
     493755.000 ns	     49374	80009ed8	ff9ff06f	jal	x0,80009ed4	
     493805.000 ns	     49379	80009ed0	00036f17	auipc	x30,0x36	 x30=0x8003fed0
     493815.000 ns	     49380	80009ed4	123f2823	sw	x3,304(x30)	 x30:0x8003fed0  x3:0x00000001 PA:0xxxxxxxxx
     493835.000 ns	     49382	80009ed8	ff9ff06f	jal	x0,80009ed4	
     493885.000 ns	     49387	80009ed0	00036f17	auipc	x30,0x36	 x30=0x8003fed0
     493895.000 ns	     49388	80009ed4	123f2823	sw	x3,304(x30)	 x30:0x8003fed0  x3:0x00000001 PA:0xxxxxxxxx
     493915.000 ns	     49390	80009ed8	ff9ff06f	jal	x0,80009ed4	
     493965.000 ns	     49395	80009ed0	00036f17	auipc	x30,0x36	 x30=0x8003fed0
     493975.000 ns	     49396	80009ed4	123f2823	sw	x3,304(x30)	 x30:0x8003fed0  x3:0x00000001 PA:0xxxxxxxxx
     493995.000 ns	     49398	80009ed8	ff9ff06f	jal	x0,80009ed4	
     494045.000 ns	     49403	80009ed0	00036f17	auipc	x30,0x36	 x30=0x8003fed0
     494055.000 ns	     49404	80009ed4	123f2823	sw	x3,304(x30)	 x30:0x8003fed0  x3:0x00000001 PA:0xxxxxxxxx
     494075.000 ns	     49406	80009ed8	ff9ff06f	jal	x0,80009ed4	
     494125.000 ns	     49411	80009ed0	00036f17	auipc	x30,0x36	 x30=0x8003fed0
     494135.000 ns	     49412	80009ed4	123f2823	sw	x3,304(x30)	 x30:0x8003fed0  x3:0x00000001 PA:0xxxxxxxxx
     494155.000 ns	     49414	80009ed8	ff9ff06f	jal	x0,80009ed4	
     494205.000 ns	     49419	80009ed0	00036f17	auipc	x30,0x36	 x30=0x8003fed0
     494215.000 ns	     49420	80009ed4	123f2823	sw	x3,304(x30)	 x30:0x8003fed0  x3:0x00000001 PA:0xxxxxxxxx
     494235.000 ns	     49422	80009ed8	ff9ff06f	jal	x0,80009ed4	
     494285.000 ns	     49427	80009ed0	00036f17	auipc	x30,0x36	 x30=0x8003fed0
     494295.000 ns	     49428	80009ed4	123f2823	sw	x3,304(x30)	 x30:0x8003fed0  x3:0x00000001 PA:0xxxxxxxxx
     494315.000 ns	     49430	80009ed8	ff9ff06f	jal	x0,80009ed4	
     494365.000 ns	     49435	80009ed0	00036f17	auipc	x30,0x36	 x30=0x8003fed0
     494375.000 ns	     49436	80009ed4	123f2823	sw	x3,304(x30)	 x30:0x8003fed0  x3:0x00000001 PA:0xxxxxxxxx
     494395.000 ns	     49438	80009ed8	ff9ff06f	jal	x0,80009ed4	
     494445.000 ns	     49443	80009ed0	00036f17	auipc	x30,0x36	 x30=0x8003fed0
     494455.000 ns	     49444	80009ed4	123f2823	sw	x3,304(x30)	 x30:0x8003fed0  x3:0x00000001 PA:0xxxxxxxxx
     494475.000 ns	     49446	80009ed8	ff9ff06f	jal	x0,80009ed4	
     494525.000 ns	     49451	80009ed0	00036f17	auipc	x30,0x36	 x30=0x8003fed0
     494535.000 ns	     49452	80009ed4	123f2823	sw	x3,304(x30)	 x30:0x8003fed0  x3:0x00000001 PA:0xxxxxxxxx
     494555.000 ns	     49454	80009ed8	ff9ff06f	jal	x0,80009ed4	
     494605.000 ns	     49459	80009ed0	00036f17	auipc	x30,0x36	 x30=0x8003fed0
     494615.000 ns	     49460	80009ed4	123f2823	sw	x3,304(x30)	 x30:0x8003fed0  x3:0x00000001 PA:0xxxxxxxxx
     494635.000 ns	     49462	80009ed8	ff9ff06f	jal	x0,80009ed4	
     494685.000 ns	     49467	80009ed0	00036f17	auipc	x30,0x36	 x30=0x8003fed0
     494695.000 ns	     49468	80009ed4	123f2823	sw	x3,304(x30)	 x30:0x8003fed0  x3:0x00000001 PA:0xxxxxxxxx
     494715.000 ns	     49470	80009ed8	ff9ff06f	jal	x0,80009ed4	
     494765.000 ns	     49475	80009ed0	00036f17	auipc	x30,0x36	 x30=0x8003fed0
     494775.000 ns	     49476	80009ed4	123f2823	sw	x3,304(x30)	 x30:0x8003fed0  x3:0x00000001 PA:0xxxxxxxxx
     494795.000 ns	     49478	80009ed8	ff9ff06f	jal	x0,80009ed4	
     494845.000 ns	     49483	80009ed0	00036f17	auipc	x30,0x36	 x30=0x8003fed0
     494855.000 ns	     49484	80009ed4	123f2823	sw	x3,304(x30)	 x30:0x8003fed0  x3:0x00000001 PA:0xxxxxxxxx
     494875.000 ns	     49486	80009ed8	ff9ff06f	jal	x0,80009ed4	
     494925.000 ns	     49491	80009ed0	00036f17	auipc	x30,0x36	 x30=0x8003fed0
     494935.000 ns	     49492	80009ed4	123f2823	sw	x3,304(x30)	 x30:0x8003fed0  x3:0x00000001 PA:0xxxxxxxxx
     494955.000 ns	     49494	80009ed8	ff9ff06f	jal	x0,80009ed4	
     495005.000 ns	     49499	80009ed0	00036f17	auipc	x30,0x36	 x30=0x8003fed0
     495015.000 ns	     49500	80009ed4	123f2823	sw	x3,304(x30)	 x30:0x8003fed0  x3:0x00000001 PA:0xxxxxxxxx
     495035.000 ns	     49502	80009ed8	ff9ff06f	jal	x0,80009ed4	
     495085.000 ns	     49507	80009ed0	00036f17	auipc	x30,0x36	 x30=0x8003fed0
     495095.000 ns	     49508	80009ed4	123f2823	sw	x3,304(x30)	 x30:0x8003fed0  x3:0x00000001 PA:0xxxxxxxxx
     495115.000 ns	     49510	80009ed8	ff9ff06f	jal	x0,80009ed4	
     495165.000 ns	     49515	80009ed0	00036f17	auipc	x30,0x36	 x30=0x8003fed0
     495175.000 ns	     49516	80009ed4	123f2823	sw	x3,304(x30)	 x30:0x8003fed0  x3:0x00000001 PA:0xxxxxxxxx
     495195.000 ns	     49518	80009ed8	ff9ff06f	jal	x0,80009ed4	
     495245.000 ns	     49523	80009ed0	00036f17	auipc	x30,0x36	 x30=0x8003fed0
     495255.000 ns	     49524	80009ed4	123f2823	sw	x3,304(x30)	 x30:0x8003fed0  x3:0x00000001 PA:0xxxxxxxxx
     495275.000 ns	     49526	80009ed8	ff9ff06f	jal	x0,80009ed4	
     495325.000 ns	     49531	80009ed0	00036f17	auipc	x30,0x36	 x30=0x8003fed0
     495335.000 ns	     49532	80009ed4	123f2823	sw	x3,304(x30)	 x30:0x8003fed0  x3:0x00000001 PA:0xxxxxxxxx
     495355.000 ns	     49534	80009ed8	ff9ff06f	jal	x0,80009ed4	
     495405.000 ns	     49539	80009ed0	00036f17	auipc	x30,0x36	 x30=0x8003fed0
     495415.000 ns	     49540	80009ed4	123f2823	sw	x3,304(x30)	 x30:0x8003fed0  x3:0x00000001 PA:0xxxxxxxxx
     495435.000 ns	     49542	80009ed8	ff9ff06f	jal	x0,80009ed4	
     495485.000 ns	     49547	80009ed0	00036f17	auipc	x30,0x36	 x30=0x8003fed0
     495495.000 ns	     49548	80009ed4	123f2823	sw	x3,304(x30)	 x30:0x8003fed0  x3:0x00000001 PA:0xxxxxxxxx
     495515.000 ns	     49550	80009ed8	ff9ff06f	jal	x0,80009ed4	
     495565.000 ns	     49555	80009ed0	00036f17	auipc	x30,0x36	 x30=0x8003fed0
     495575.000 ns	     49556	80009ed4	123f2823	sw	x3,304(x30)	 x30:0x8003fed0  x3:0x00000001 PA:0xxxxxxxxx
     495595.000 ns	     49558	80009ed8	ff9ff06f	jal	x0,80009ed4	
     495645.000 ns	     49563	80009ed0	00036f17	auipc	x30,0x36	 x30=0x8003fed0
     495655.000 ns	     49564	80009ed4	123f2823	sw	x3,304(x30)	 x30:0x8003fed0  x3:0x00000001 PA:0xxxxxxxxx
     495675.000 ns	     49566	80009ed8	ff9ff06f	jal	x0,80009ed4	
     495725.000 ns	     49571	80009ed0	00036f17	auipc	x30,0x36	 x30=0x8003fed0
     495735.000 ns	     49572	80009ed4	123f2823	sw	x3,304(x30)	 x30:0x8003fed0  x3:0x00000001 PA:0xxxxxxxxx
     495755.000 ns	     49574	80009ed8	ff9ff06f	jal	x0,80009ed4	
     495805.000 ns	     49579	80009ed0	00036f17	auipc	x30,0x36	 x30=0x8003fed0
     495815.000 ns	     49580	80009ed4	123f2823	sw	x3,304(x30)	 x30:0x8003fed0  x3:0x00000001 PA:0xxxxxxxxx
     495835.000 ns	     49582	80009ed8	ff9ff06f	jal	x0,80009ed4	
     495885.000 ns	     49587	80009ed0	00036f17	auipc	x30,0x36	 x30=0x8003fed0
     495895.000 ns	     49588	80009ed4	123f2823	sw	x3,304(x30)	 x30:0x8003fed0  x3:0x00000001 PA:0xxxxxxxxx
     495915.000 ns	     49590	80009ed8	ff9ff06f	jal	x0,80009ed4	
     495965.000 ns	     49595	80009ed0	00036f17	auipc	x30,0x36	 x30=0x8003fed0
     495975.000 ns	     49596	80009ed4	123f2823	sw	x3,304(x30)	 x30:0x8003fed0  x3:0x00000001 PA:0xxxxxxxxx
     495995.000 ns	     49598	80009ed8	ff9ff06f	jal	x0,80009ed4	
     496045.000 ns	     49603	80009ed0	00036f17	auipc	x30,0x36	 x30=0x8003fed0
     496055.000 ns	     49604	80009ed4	123f2823	sw	x3,304(x30)	 x30:0x8003fed0  x3:0x00000001 PA:0xxxxxxxxx
     496075.000 ns	     49606	80009ed8	ff9ff06f	jal	x0,80009ed4	
     496125.000 ns	     49611	80009ed0	00036f17	auipc	x30,0x36	 x30=0x8003fed0
     496135.000 ns	     49612	80009ed4	123f2823	sw	x3,304(x30)	 x30:0x8003fed0  x3:0x00000001 PA:0xxxxxxxxx
     496155.000 ns	     49614	80009ed8	ff9ff06f	jal	x0,80009ed4	
     496205.000 ns	     49619	80009ed0	00036f17	auipc	x30,0x36	 x30=0x8003fed0
     496215.000 ns	     49620	80009ed4	123f2823	sw	x3,304(x30)	 x30:0x8003fed0  x3:0x00000001 PA:0xxxxxxxxx
     496235.000 ns	     49622	80009ed8	ff9ff06f	jal	x0,80009ed4	
     496285.000 ns	     49627	80009ed0	00036f17	auipc	x30,0x36	 x30=0x8003fed0
     496295.000 ns	     49628	80009ed4	123f2823	sw	x3,304(x30)	 x30:0x8003fed0  x3:0x00000001 PA:0xxxxxxxxx
     496315.000 ns	     49630	80009ed8	ff9ff06f	jal	x0,80009ed4	
     496365.000 ns	     49635	80009ed0	00036f17	auipc	x30,0x36	 x30=0x8003fed0
     496375.000 ns	     49636	80009ed4	123f2823	sw	x3,304(x30)	 x30:0x8003fed0  x3:0x00000001 PA:0xxxxxxxxx
     496395.000 ns	     49638	80009ed8	ff9ff06f	jal	x0,80009ed4	
     496445.000 ns	     49643	80009ed0	00036f17	auipc	x30,0x36	 x30=0x8003fed0
     496455.000 ns	     49644	80009ed4	123f2823	sw	x3,304(x30)	 x30:0x8003fed0  x3:0x00000001 PA:0xxxxxxxxx
     496475.000 ns	     49646	80009ed8	ff9ff06f	jal	x0,80009ed4	
     496525.000 ns	     49651	80009ed0	00036f17	auipc	x30,0x36	 x30=0x8003fed0
     496535.000 ns	     49652	80009ed4	123f2823	sw	x3,304(x30)	 x30:0x8003fed0  x3:0x00000001 PA:0xxxxxxxxx
     496555.000 ns	     49654	80009ed8	ff9ff06f	jal	x0,80009ed4	
     496605.000 ns	     49659	80009ed0	00036f17	auipc	x30,0x36	 x30=0x8003fed0
     496615.000 ns	     49660	80009ed4	123f2823	sw	x3,304(x30)	 x30:0x8003fed0  x3:0x00000001 PA:0xxxxxxxxx
     496635.000 ns	     49662	80009ed8	ff9ff06f	jal	x0,80009ed4	
     496685.000 ns	     49667	80009ed0	00036f17	auipc	x30,0x36	 x30=0x8003fed0
     496695.000 ns	     49668	80009ed4	123f2823	sw	x3,304(x30)	 x30:0x8003fed0  x3:0x00000001 PA:0xxxxxxxxx
     496715.000 ns	     49670	80009ed8	ff9ff06f	jal	x0,80009ed4	
     496765.000 ns	     49675	80009ed0	00036f17	auipc	x30,0x36	 x30=0x8003fed0
     496775.000 ns	     49676	80009ed4	123f2823	sw	x3,304(x30)	 x30:0x8003fed0  x3:0x00000001 PA:0xxxxxxxxx
     496795.000 ns	     49678	80009ed8	ff9ff06f	jal	x0,80009ed4	
     496845.000 ns	     49683	80009ed0	00036f17	auipc	x30,0x36	 x30=0x8003fed0
     496855.000 ns	     49684	80009ed4	123f2823	sw	x3,304(x30)	 x30:0x8003fed0  x3:0x00000001 PA:0xxxxxxxxx
     496875.000 ns	     49686	80009ed8	ff9ff06f	jal	x0,80009ed4	
     496925.000 ns	     49691	80009ed0	00036f17	auipc	x30,0x36	 x30=0x8003fed0
     496935.000 ns	     49692	80009ed4	123f2823	sw	x3,304(x30)	 x30:0x8003fed0  x3:0x00000001 PA:0xxxxxxxxx
     496955.000 ns	     49694	80009ed8	ff9ff06f	jal	x0,80009ed4	
     497005.000 ns	     49699	80009ed0	00036f17	auipc	x30,0x36	 x30=0x8003fed0
     497015.000 ns	     49700	80009ed4	123f2823	sw	x3,304(x30)	 x30:0x8003fed0  x3:0x00000001 PA:0xxxxxxxxx
     497035.000 ns	     49702	80009ed8	ff9ff06f	jal	x0,80009ed4	
     497085.000 ns	     49707	80009ed0	00036f17	auipc	x30,0x36	 x30=0x8003fed0
     497095.000 ns	     49708	80009ed4	123f2823	sw	x3,304(x30)	 x30:0x8003fed0  x3:0x00000001 PA:0xxxxxxxxx
     497115.000 ns	     49710	80009ed8	ff9ff06f	jal	x0,80009ed4	
     497165.000 ns	     49715	80009ed0	00036f17	auipc	x30,0x36	 x30=0x8003fed0
     497175.000 ns	     49716	80009ed4	123f2823	sw	x3,304(x30)	 x30:0x8003fed0  x3:0x00000001 PA:0xxxxxxxxx
     497195.000 ns	     49718	80009ed8	ff9ff06f	jal	x0,80009ed4	
     497245.000 ns	     49723	80009ed0	00036f17	auipc	x30,0x36	 x30=0x8003fed0
     497255.000 ns	     49724	80009ed4	123f2823	sw	x3,304(x30)	 x30:0x8003fed0  x3:0x00000001 PA:0xxxxxxxxx
     497275.000 ns	     49726	80009ed8	ff9ff06f	jal	x0,80009ed4	
     497325.000 ns	     49731	80009ed0	00036f17	auipc	x30,0x36	 x30=0x8003fed0
     497335.000 ns	     49732	80009ed4	123f2823	sw	x3,304(x30)	 x30:0x8003fed0  x3:0x00000001 PA:0xxxxxxxxx
     497355.000 ns	     49734	80009ed8	ff9ff06f	jal	x0,80009ed4	
     497405.000 ns	     49739	80009ed0	00036f17	auipc	x30,0x36	 x30=0x8003fed0
     497415.000 ns	     49740	80009ed4	123f2823	sw	x3,304(x30)	 x30:0x8003fed0  x3:0x00000001 PA:0xxxxxxxxx
     497435.000 ns	     49742	80009ed8	ff9ff06f	jal	x0,80009ed4	
     497485.000 ns	     49747	80009ed0	00036f17	auipc	x30,0x36	 x30=0x8003fed0
     497495.000 ns	     49748	80009ed4	123f2823	sw	x3,304(x30)	 x30:0x8003fed0  x3:0x00000001 PA:0xxxxxxxxx
     497515.000 ns	     49750	80009ed8	ff9ff06f	jal	x0,80009ed4	
     497565.000 ns	     49755	80009ed0	00036f17	auipc	x30,0x36	 x30=0x8003fed0
     497575.000 ns	     49756	80009ed4	123f2823	sw	x3,304(x30)	 x30:0x8003fed0  x3:0x00000001 PA:0xxxxxxxxx
     497595.000 ns	     49758	80009ed8	ff9ff06f	jal	x0,80009ed4	
     497645.000 ns	     49763	80009ed0	00036f17	auipc	x30,0x36	 x30=0x8003fed0
     497655.000 ns	     49764	80009ed4	123f2823	sw	x3,304(x30)	 x30:0x8003fed0  x3:0x00000001 PA:0xxxxxxxxx
     497675.000 ns	     49766	80009ed8	ff9ff06f	jal	x0,80009ed4	
     497725.000 ns	     49771	80009ed0	00036f17	auipc	x30,0x36	 x30=0x8003fed0
     497735.000 ns	     49772	80009ed4	123f2823	sw	x3,304(x30)	 x30:0x8003fed0  x3:0x00000001 PA:0xxxxxxxxx
     497755.000 ns	     49774	80009ed8	ff9ff06f	jal	x0,80009ed4	
     497805.000 ns	     49779	80009ed0	00036f17	auipc	x30,0x36	 x30=0x8003fed0
     497815.000 ns	     49780	80009ed4	123f2823	sw	x3,304(x30)	 x30:0x8003fed0  x3:0x00000001 PA:0xxxxxxxxx
     497835.000 ns	     49782	80009ed8	ff9ff06f	jal	x0,80009ed4	
     497885.000 ns	     49787	80009ed0	00036f17	auipc	x30,0x36	 x30=0x8003fed0
     497895.000 ns	     49788	80009ed4	123f2823	sw	x3,304(x30)	 x30:0x8003fed0  x3:0x00000001 PA:0xxxxxxxxx
     497915.000 ns	     49790	80009ed8	ff9ff06f	jal	x0,80009ed4	
     497965.000 ns	     49795	80009ed0	00036f17	auipc	x30,0x36	 x30=0x8003fed0
     497975.000 ns	     49796	80009ed4	123f2823	sw	x3,304(x30)	 x30:0x8003fed0  x3:0x00000001 PA:0xxxxxxxxx
     497995.000 ns	     49798	80009ed8	ff9ff06f	jal	x0,80009ed4	
     498045.000 ns	     49803	80009ed0	00036f17	auipc	x30,0x36	 x30=0x8003fed0
     498055.000 ns	     49804	80009ed4	123f2823	sw	x3,304(x30)	 x30:0x8003fed0  x3:0x00000001 PA:0xxxxxxxxx
     498075.000 ns	     49806	80009ed8	ff9ff06f	jal	x0,80009ed4	
     498125.000 ns	     49811	80009ed0	00036f17	auipc	x30,0x36	 x30=0x8003fed0
     498135.000 ns	     49812	80009ed4	123f2823	sw	x3,304(x30)	 x30:0x8003fed0  x3:0x00000001 PA:0xxxxxxxxx
     498155.000 ns	     49814	80009ed8	ff9ff06f	jal	x0,80009ed4	
     498205.000 ns	     49819	80009ed0	00036f17	auipc	x30,0x36	 x30=0x8003fed0
     498215.000 ns	     49820	80009ed4	123f2823	sw	x3,304(x30)	 x30:0x8003fed0  x3:0x00000001 PA:0xxxxxxxxx
     498235.000 ns	     49822	80009ed8	ff9ff06f	jal	x0,80009ed4	
     498285.000 ns	     49827	80009ed0	00036f17	auipc	x30,0x36	 x30=0x8003fed0
     498295.000 ns	     49828	80009ed4	123f2823	sw	x3,304(x30)	 x30:0x8003fed0  x3:0x00000001 PA:0xxxxxxxxx
     498315.000 ns	     49830	80009ed8	ff9ff06f	jal	x0,80009ed4	
     498365.000 ns	     49835	80009ed0	00036f17	auipc	x30,0x36	 x30=0x8003fed0
     498375.000 ns	     49836	80009ed4	123f2823	sw	x3,304(x30)	 x30:0x8003fed0  x3:0x00000001 PA:0xxxxxxxxx
     498395.000 ns	     49838	80009ed8	ff9ff06f	jal	x0,80009ed4	
     498445.000 ns	     49843	80009ed0	00036f17	auipc	x30,0x36	 x30=0x8003fed0
     498455.000 ns	     49844	80009ed4	123f2823	sw	x3,304(x30)	 x30:0x8003fed0  x3:0x00000001 PA:0xxxxxxxxx
     498475.000 ns	     49846	80009ed8	ff9ff06f	jal	x0,80009ed4	
     498525.000 ns	     49851	80009ed0	00036f17	auipc	x30,0x36	 x30=0x8003fed0
     498535.000 ns	     49852	80009ed4	123f2823	sw	x3,304(x30)	 x30:0x8003fed0  x3:0x00000001 PA:0xxxxxxxxx
     498555.000 ns	     49854	80009ed8	ff9ff06f	jal	x0,80009ed4	
     498605.000 ns	     49859	80009ed0	00036f17	auipc	x30,0x36	 x30=0x8003fed0
     498615.000 ns	     49860	80009ed4	123f2823	sw	x3,304(x30)	 x30:0x8003fed0  x3:0x00000001 PA:0xxxxxxxxx
     498635.000 ns	     49862	80009ed8	ff9ff06f	jal	x0,80009ed4	
     498685.000 ns	     49867	80009ed0	00036f17	auipc	x30,0x36	 x30=0x8003fed0
     498695.000 ns	     49868	80009ed4	123f2823	sw	x3,304(x30)	 x30:0x8003fed0  x3:0x00000001 PA:0xxxxxxxxx
     498715.000 ns	     49870	80009ed8	ff9ff06f	jal	x0,80009ed4	
     498765.000 ns	     49875	80009ed0	00036f17	auipc	x30,0x36	 x30=0x8003fed0
     498775.000 ns	     49876	80009ed4	123f2823	sw	x3,304(x30)	 x30:0x8003fed0  x3:0x00000001 PA:0xxxxxxxxx
     498795.000 ns	     49878	80009ed8	ff9ff06f	jal	x0,80009ed4	
     498845.000 ns	     49883	80009ed0	00036f17	auipc	x30,0x36	 x30=0x8003fed0
     498855.000 ns	     49884	80009ed4	123f2823	sw	x3,304(x30)	 x30:0x8003fed0  x3:0x00000001 PA:0xxxxxxxxx
     498875.000 ns	     49886	80009ed8	ff9ff06f	jal	x0,80009ed4	
     498925.000 ns	     49891	80009ed0	00036f17	auipc	x30,0x36	 x30=0x8003fed0
     498935.000 ns	     49892	80009ed4	123f2823	sw	x3,304(x30)	 x30:0x8003fed0  x3:0x00000001 PA:0xxxxxxxxx
     498955.000 ns	     49894	80009ed8	ff9ff06f	jal	x0,80009ed4	
     499005.000 ns	     49899	80009ed0	00036f17	auipc	x30,0x36	 x30=0x8003fed0
     499015.000 ns	     49900	80009ed4	123f2823	sw	x3,304(x30)	 x30:0x8003fed0  x3:0x00000001 PA:0xxxxxxxxx
     499035.000 ns	     49902	80009ed8	ff9ff06f	jal	x0,80009ed4	
     499085.000 ns	     49907	80009ed0	00036f17	auipc	x30,0x36	 x30=0x8003fed0
     499095.000 ns	     49908	80009ed4	123f2823	sw	x3,304(x30)	 x30:0x8003fed0  x3:0x00000001 PA:0xxxxxxxxx
     499115.000 ns	     49910	80009ed8	ff9ff06f	jal	x0,80009ed4	
     499165.000 ns	     49915	80009ed0	00036f17	auipc	x30,0x36	 x30=0x8003fed0
     499175.000 ns	     49916	80009ed4	123f2823	sw	x3,304(x30)	 x30:0x8003fed0  x3:0x00000001 PA:0xxxxxxxxx
     499195.000 ns	     49918	80009ed8	ff9ff06f	jal	x0,80009ed4	
     499245.000 ns	     49923	80009ed0	00036f17	auipc	x30,0x36	 x30=0x8003fed0
     499255.000 ns	     49924	80009ed4	123f2823	sw	x3,304(x30)	 x30:0x8003fed0  x3:0x00000001 PA:0xxxxxxxxx
     499275.000 ns	     49926	80009ed8	ff9ff06f	jal	x0,80009ed4	
     499325.000 ns	     49931	80009ed0	00036f17	auipc	x30,0x36	 x30=0x8003fed0
     499335.000 ns	     49932	80009ed4	123f2823	sw	x3,304(x30)	 x30:0x8003fed0  x3:0x00000001 PA:0xxxxxxxxx
     499355.000 ns	     49934	80009ed8	ff9ff06f	jal	x0,80009ed4	
     499405.000 ns	     49939	80009ed0	00036f17	auipc	x30,0x36	 x30=0x8003fed0
     499415.000 ns	     49940	80009ed4	123f2823	sw	x3,304(x30)	 x30:0x8003fed0  x3:0x00000001 PA:0xxxxxxxxx
     499435.000 ns	     49942	80009ed8	ff9ff06f	jal	x0,80009ed4	
     499485.000 ns	     49947	80009ed0	00036f17	auipc	x30,0x36	 x30=0x8003fed0
     499495.000 ns	     49948	80009ed4	123f2823	sw	x3,304(x30)	 x30:0x8003fed0  x3:0x00000001 PA:0xxxxxxxxx
     499515.000 ns	     49950	80009ed8	ff9ff06f	jal	x0,80009ed4	
     499565.000 ns	     49955	80009ed0	00036f17	auipc	x30,0x36	 x30=0x8003fed0
     499575.000 ns	     49956	80009ed4	123f2823	sw	x3,304(x30)	 x30:0x8003fed0  x3:0x00000001 PA:0xxxxxxxxx
     499595.000 ns	     49958	80009ed8	ff9ff06f	jal	x0,80009ed4	
     499645.000 ns	     49963	80009ed0	00036f17	auipc	x30,0x36	 x30=0x8003fed0
     499655.000 ns	     49964	80009ed4	123f2823	sw	x3,304(x30)	 x30:0x8003fed0  x3:0x00000001 PA:0xxxxxxxxx
     499675.000 ns	     49966	80009ed8	ff9ff06f	jal	x0,80009ed4	
     499725.000 ns	     49971	80009ed0	00036f17	auipc	x30,0x36	 x30=0x8003fed0
     499735.000 ns	     49972	80009ed4	123f2823	sw	x3,304(x30)	 x30:0x8003fed0  x3:0x00000001 PA:0xxxxxxxxx
     499755.000 ns	     49974	80009ed8	ff9ff06f	jal	x0,80009ed4	
     499805.000 ns	     49979	80009ed0	00036f17	auipc	x30,0x36	 x30=0x8003fed0
     499815.000 ns	     49980	80009ed4	123f2823	sw	x3,304(x30)	 x30:0x8003fed0  x3:0x00000001 PA:0xxxxxxxxx
     499835.000 ns	     49982	80009ed8	ff9ff06f	jal	x0,80009ed4	
     499885.000 ns	     49987	80009ed0	00036f17	auipc	x30,0x36	 x30=0x8003fed0
     499895.000 ns	     49988	80009ed4	123f2823	sw	x3,304(x30)	 x30:0x8003fed0  x3:0x00000001 PA:0xxxxxxxxx
     499915.000 ns	     49990	80009ed8	ff9ff06f	jal	x0,80009ed4	
     499965.000 ns	     49995	80009ed0	00036f17	auipc	x30,0x36	 x30=0x8003fed0
     499975.000 ns	     49996	80009ed4	123f2823	sw	x3,304(x30)	 x30:0x8003fed0  x3:0x00000001 PA:0xxxxxxxxx
